core   0: 0x00001000 (0x00000297) auipc   t0, 0x0
core   0: 3 0x00001000 (0x00000297) x 5 0x00001000
core   0: 0x00001004 (0x02028593) addi    a1, t0, 32
core   0: 3 0x00001004 (0x02028593) x11 0x00001020
core   0: 0x00001008 (0xf1402573) csrr    a0, mhartid
core   0: 3 0x00001008 (0xf1402573) x10 0x00000000
core   0: 0x0000100c (0x0182a283) lw      t0, 24(t0)
core   0: 3 0x0000100c (0x0182a283) x 5 0x80000000 mem 0x00001018
core   0: 0x00001010 (0x00028067) jr      t0
core   0: 3 0x00001010 (0x00028067)
core   0: 0x80000000 (0xf14022f3) csrr    t0, mhartid
core   0: 3 0x80000000 (0xf14022f3) x 5 0x00000000
core   0: 0x80000004 (0x00004301) c.li    t1, 0
core   0: 3 0x80000004 (0x4301) x 6 0x00000000
core   0: 0x80000006 (0x00628263) beq     t0, t1, pc + 4
core   0: 3 0x80000006 (0x00628263)
core   0: 0x8000000a (0x00000c97) auipc   s9, 0x0
core   0: 3 0x8000000a (0x00000c97) x25 0x8000000a
core   0: 0x8000000e (0x00cc8c93) addi    s9, s9, 12
core   0: 3 0x8000000e (0x00cc8c93) x25 0x80000016
core   0: 0x80000012 (0x000c8067) jr      s9
core   0: 3 0x80000012 (0x000c8067)
core   0: 0x80000016 (0x40001137) lui     sp, 0x40001
core   0: 3 0x80000016 (0x40001137) x 2 0x40001000
core   0: 0x8000001a (0x10410113) addi    sp, sp, 260
core   0: 3 0x8000001a (0x10410113) x 2 0x40001104
core   0: 0x8000001e (0x30111073) csrw    misa, sp
core   0: 3 0x8000001e (0x30111073) c769_misa 0x40141104
core   0: 0x80000022 (0x00014817) auipc   a6, 0x14
core   0: 3 0x80000022 (0x00014817) x16 0x80014022
core   0: 0x80000026 (0xcc280813) addi    a6, a6, -830
core   0: 3 0x80000026 (0xcc280813) x16 0x80013ce4
core   0: 0x8000002a (0x0000a117) auipc   sp, 0xa
core   0: 3 0x8000002a (0x0000a117) x 2 0x8000a02a
core   0: 0x8000002e (0xe8610113) addi    sp, sp, -378
core   0: 3 0x8000002e (0xe8610113) x 2 0x80009eb0
core   0: 0x80000032 (0x00116113) ori     sp, sp, 1
core   0: 3 0x80000032 (0x00116113) x 2 0x80009eb1
core   0: 0x80000036 (0x30511073) csrw    mtvec, sp
core   0: 3 0x80000036 (0x30511073) c773_mtvec 0x80009eb1
core   0: 0x8000003a (0x00000117) auipc   sp, 0x0
core   0: 3 0x8000003a (0x00000117) x 2 0x8000003a
core   0: 0x8000003e (0x02410113) addi    sp, sp, 36
core   0: 3 0x8000003e (0x02410113) x 2 0x8000005e
core   0: 0x80000042 (0x34111073) csrw    mepc, sp
core   0: 3 0x80000042 (0x34111073) c833_mepc 0x8000005e
core   0: 0x80000046 (0x00000001) c.nop
core   0: 3 0x80000046 (0x0001)
core   0: 0x80000048 (0x00002137) lui     sp, 0x2
core   0: 3 0x80000048 (0x00002137) x 2 0x00002000
core   0: 0x8000004c (0x80010113) addi    sp, sp, -2048
core   0: 3 0x8000004c (0x80010113) x 2 0x00001800
core   0: 0x80000050 (0x30011073) csrw    mstatus, sp
core   0: 3 0x80000050 (0x30011073) c768_mstatus 0x00001800
core   0: 0x80000054 (0x00004101) c.li    sp, 0
core   0: 3 0x80000054 (0x4101) x 2 0x00000000
core   0: 0x80000056 (0x30411073) csrw    mie, sp
core   0: 3 0x80000056 (0x30411073) c772_mie 0x00000000
core   0: 0x8000005a (0x30200073) mret
core   0: 3 0x8000005a (0x30200073) c768_mstatus 0x00000080
core   0: >>>>  init
core   0: 0x8000005e (0x38727037) lui     zero, 0x38727
core   0: 3 0x8000005e (0x38727037)
core   0: 0x80000062 (0x38000013) li      zero, 896
core   0: 3 0x80000062 (0x38000013)
core   0: 0x80000066 (0xfff530b7) lui     ra, 0xfff53
core   0: 3 0x80000066 (0xfff530b7) x 1 0xfff53000
core   0: 0x8000006a (0x9df08093) addi    ra, ra, -1569
core   0: 3 0x8000006a (0x9df08093) x 1 0xfff529df
core   0: 0x8000006e (0x00004101) c.li    sp, 0
core   0: 3 0x8000006e (0x4101) x 2 0x00000000
core   0: 0x80000070 (0x000041b5) c.li    gp, 13
core   0: 3 0x80000070 (0x41b5) x 3 0x0000000d
core   0: 0x80000072 (0x00004201) c.li    tp, 0
core   0: 3 0x80000072 (0x4201) x 4 0x00000000
core   0: 0x80000074 (0x000042ad) c.li    t0, 11
core   0: 3 0x80000074 (0x42ad) x 5 0x0000000b
core   0: 0x80000076 (0x00004339) c.li    t1, 14
core   0: 3 0x80000076 (0x4339) x 6 0x0000000e
core   0: 0x80000078 (0x800003b7) lui     t2, 0x80000
core   0: 3 0x80000078 (0x800003b7) x 7 0x80000000
core   0: 0x8000007c (0x80000437) lui     s0, 0x80000
core   0: 3 0x8000007c (0x80000437) x 8 0x80000000
core   0: 0x80000080 (0x00004501) c.li    a0, 0
core   0: 3 0x80000080 (0x4501) x10 0x00000000
core   0: 0x80000082 (0x800005b7) lui     a1, 0x80000
core   0: 3 0x80000082 (0x800005b7) x11 0x80000000
core   0: 0x80000086 (0x80000637) lui     a2, 0x80000
core   0: 3 0x80000086 (0x80000637) x12 0x80000000
core   0: 0x8000008a (0x000046a1) c.li    a3, 8
core   0: 3 0x8000008a (0x46a1) x13 0x00000008
core   0: 0x8000008c (0x80000737) lui     a4, 0x80000
core   0: 3 0x8000008c (0x80000737) x14 0x80000000
core   0: 0x80000090 (0xfd37c7b7) lui     a5, 0xfd37c
core   0: 3 0x80000090 (0xfd37c7b7) x15 0xfd37c000
core   0: 0x80000094 (0x31a78793) addi    a5, a5, 794
core   0: 3 0x80000094 (0x31a78793) x15 0xfd37c31a
core   0: 0x80000098 (0x00004881) c.li    a7, 0
core   0: 3 0x80000098 (0x4881) x17 0x00000000
core   0: 0x8000009a (0x00004901) c.li    s2, 0
core   0: 3 0x8000009a (0x4901) x18 0x00000000
core   0: 0x8000009c (0x000049b5) c.li    s3, 13
core   0: 3 0x8000009c (0x49b5) x19 0x0000000d
core   0: 0x8000009e (0x00004a39) c.li    s4, 14
core   0: 3 0x8000009e (0x4a39) x20 0x0000000e
core   0: 0x800000a0 (0x00004a81) c.li    s5, 0
core   0: 3 0x800000a0 (0x4a81) x21 0x00000000
core   0: 0x800000a2 (0xa9566b37) lui     s6, 0xa9566
core   0: 3 0x800000a2 (0xa9566b37) x22 0xa9566000
core   0: 0x800000a6 (0x662b0b13) addi    s6, s6, 1634
core   0: 3 0x800000a6 (0x662b0b13) x22 0xa9566662
core   0: 0x800000aa (0x8c28fbb7) lui     s7, 0x8c28f
core   0: 3 0x800000aa (0x8c28fbb7) x23 0x8c28f000
core   0: 0x800000ae (0xe28b8b93) addi    s7, s7, -472
core   0: 3 0x800000ae (0xe28b8b93) x23 0x8c28ee28
core   0: 0x800000b2 (0x00004c29) c.li    s8, 10
core   0: 3 0x800000b2 (0x4c29) x24 0x0000000a
core   0: 0x800000b4 (0x00004c81) c.li    s9, 0
core   0: 3 0x800000b4 (0x4c81) x25 0x00000000
core   0: 0x800000b6 (0xe9796d37) lui     s10, 0xe9796
core   0: 3 0x800000b6 (0xe9796d37) x26 0xe9796000
core   0: 0x800000ba (0xce2d0d13) addi    s10, s10, -798
core   0: 3 0x800000ba (0xce2d0d13) x26 0xe9795ce2
core   0: 0x800000be (0xf3999db7) lui     s11, 0xf3999
core   0: 3 0x800000be (0xf3999db7) x27 0xf3999000
core   0: 0x800000c2 (0xe07d8d93) addi    s11, s11, -505
core   0: 3 0x800000c2 (0xe07d8d93) x27 0xf3998e07
core   0: 0x800000c6 (0xf3e05e37) lui     t3, 0xf3e05
core   0: 3 0x800000c6 (0xf3e05e37) x28 0xf3e05000
core   0: 0x800000ca (0x4c7e0e13) addi    t3, t3, 1223
core   0: 3 0x800000ca (0x4c7e0e13) x28 0xf3e054c7
core   0: 0x800000ce (0x80000eb7) lui     t4, 0x80000
core   0: 3 0x800000ce (0x80000eb7) x29 0x80000000
core   0: 0x800000d2 (0x80000f37) lui     t5, 0x80000
core   0: 3 0x800000d2 (0x80000f37) x30 0x80000000
core   0: 0x800000d6 (0x00004fa5) c.li    t6, 9
core   0: 3 0x800000d6 (0x4fa5) x31 0x00000009
core   0: 0x800000d8 (0x00010497) auipc   s1, 0x10
core   0: 3 0x800000d8 (0x00010497) x 9 0x800100d8
core   0: 0x800000dc (0xd8c48493) addi    s1, s1, -628
core   0: 3 0x800000dc (0xd8c48493) x 9 0x8000fe64
core   0: 0x800000e0 (0x00004901) c.li    s2, 0
core   0: 3 0x800000e0 (0x4901) x18 0x00000000
core   0: 0x800000e2 (0xfff00693) li      a3, -1
core   0: 3 0x800000e2 (0xfff00693) x13 0xffffffff
core   0: 0x800000e6 (0x800009b7) lui     s3, 0x80000
core   0: 3 0x800000e6 (0x800009b7) x19 0x80000000
core   0: 0x800000ea (0x80000fb7) lui     t6, 0x80000
core   0: 3 0x800000ea (0x80000fb7) x31 0x80000000
core   0: 0x800000ee (0xfff00713) li      a4, -1
core   0: 3 0x800000ee (0xfff00713) x14 0xffffffff
core   0: 0x800000f2 (0xfff00a13) li      s4, -1
core   0: 3 0x800000f2 (0xfff00a13) x20 0xffffffff
core   0: 0x800000f6 (0x8f55deb7) lui     t4, 0x8f55d
core   0: 3 0x800000f6 (0x8f55deb7) x29 0x8f55d000
core   0: 0x800000fa (0x94ae8e93) addi    t4, t4, -1718
core   0: 3 0x800000fa (0x94ae8e93) x29 0x8f55c94a
core   0: 0x800000fe (0x04198f37) lui     t5, 0x4198
core   0: 3 0x800000fe (0x04198f37) x30 0x04198000
core   0: 0x80000102 (0x2dcf0f13) addi    t5, t5, 732
core   0: 3 0x80000102 (0x2dcf0f13) x30 0x041982dc
core   0: 0x80000106 (0x80000537) lui     a0, 0x80000
core   0: 3 0x80000106 (0x80000537) x10 0x80000000
core   0: 0x8000010a (0x80000c37) lui     s8, 0x80000
core   0: 3 0x8000010a (0x80000c37) x24 0x80000000
core   0: 0x8000010e (0x02da1533) mulh    a0, s4, a3
core   0: 3 0x8000010e (0x02da1533) x10 0x00000000
core   0: 0x80000112 (0x02e50533) mul     a0, a0, a4
core   0: 3 0x80000112 (0x02e50533) x10 0x00000000
core   0: 0x80000116 (0xf7f6f6b7) lui     a3, 0xf7f6f
core   0: 3 0x80000116 (0xf7f6f6b7) x13 0xf7f6f000
core   0: 0x8000011a (0x02ea5a33) divu    s4, s4, a4
core   0: 3 0x8000011a (0x02ea5a33) x20 0x00000001
core   0: 0x8000011e (0x033a2fb3) mulhsu  t6, s4, s3
core   0: 3 0x8000011e (0x033a2fb3) x31 0x00000000
core   0: 0x80000122 (0x0346ff33) remu    t5, a3, s4
core   0: 3 0x80000122 (0x0346ff33) x30 0x00000000
core   0: 0x80000126 (0x414689b3) sub     s3, a3, s4
core   0: 3 0x80000126 (0x414689b3) x19 0xf7f6efff
core   0: 0x8000012a (0x033fda33) divu    s4, t6, s3
core   0: 3 0x8000012a (0x033fda33) x20 0x00000000
core   0: 0x8000012e (0x77da0713) addi    a4, s4, 1917
core   0: 3 0x8000012e (0x77da0713) x14 0x0000077d
core   0: 0x80000132 (0x99c60a37) lui     s4, 0x99c60
core   0: 3 0x80000132 (0x99c60a37) x20 0x99c60000
core   0: 0x80000136 (0x4ba50913) addi    s2, a0, 1210
core   0: 3 0x80000136 (0x4ba50913) x18 0x000004ba
core   0: 0x8000013a (0x02a6fc33) remu    s8, a3, a0
core   0: 3 0x8000013a (0x02a6fc33) x24 0xf7f6f000
core   0: 0x8000013e (0x0c523f17) auipc   t5, 0xc523
core   0: 3 0x8000013e (0x0c523f17) x30 0x8c52313e
core   0: 0x80000142 (0x02a6eeb3) rem     t4, a3, a0
core   0: 3 0x80000142 (0x02a6eeb3) x29 0xf7f6f000
core   0: 0x80000146 (0x00000001) c.nop
core   0: 3 0x80000146 (0x0001)
core   0: 0x80000148 (0x03494733) div     a4, s2, s4
core   0: 3 0x80000148 (0x03494733) x14 0x00000000
core   0: 0x8000014c (0x03e71733) mulh    a4, a4, t5
core   0: 3 0x8000014c (0x03e71733) x14 0x00000000
core   0: 0x80000150 (0x034c6533) rem     a0, s8, s4
core   0: 3 0x80000150 (0x034c6533) x10 0xf7f6f000
core   0: 0x80000154 (0x00d90733) add     a4, s2, a3
core   0: 3 0x80000154 (0x00d90733) x14 0xf7f6f4ba
core   0: 0x80000158 (0x00000001) c.nop
core   0: 3 0x80000158 (0x0001)
core   0: 0x8000015a (0x523fc6b7) lui     a3, 0x523fc
core   0: 3 0x8000015a (0x523fc6b7) x13 0x523fc000
core   0: 0x8000015e (0x0ea98f93) addi    t6, s3, 234
core   0: 3 0x8000015e (0x0ea98f93) x31 0xf7f6f0e9
core   0: 0x80000162 (0x02e56c33) rem     s8, a0, a4
core   0: 3 0x80000162 (0x02e56c33) x24 0xfffffb46
core   0: 0x80000166 (0x97690513) addi    a0, s2, -1674
core   0: 3 0x80000166 (0x97690513) x10 0xfffffe30
core   0: 0x8000016a (0x00a50c33) add     s8, a0, a0
core   0: 3 0x8000016a (0x00a50c33) x24 0xfffffc60
core   0: 0x8000016e (0x00000001) c.nop
core   0: 3 0x8000016e (0x0001)
core   0: 0x80000170 (0x038ebc33) mulhu   s8, t4, s8
core   0: 3 0x80000170 (0x038ebc33) x24 0xf7f6ec7d
core   0: 0x80000174 (0xfff00413) li      s0, -1
core   0: 3 0x80000174 (0xfff00413) x 8 0xffffffff
core   0: 0x80000178 (0x80000db7) lui     s11, 0x80000
core   0: 3 0x80000178 (0x80000db7) x27 0x80000000
core   0: 0x8000017c (0xfff00113) li      sp, -1
core   0: 3 0x8000017c (0xfff00113) x 2 0xffffffff
core   0: 0x80000180 (0x3b7cc6b7) lui     a3, 0x3b7cc
core   0: 3 0x80000180 (0x3b7cc6b7) x13 0x3b7cc000
core   0: 0x80000184 (0x8eb68693) addi    a3, a3, -1813
core   0: 3 0x80000184 (0x8eb68693) x13 0x3b7cb8eb
core   0: 0x80000188 (0xfff00213) li      tp, -1
core   0: 3 0x80000188 (0xfff00213) x 4 0xffffffff
core   0: 0x8000018c (0xfff00313) li      t1, -1
core   0: 3 0x8000018c (0xfff00313) x 6 0xffffffff
core   0: 0x80000190 (0x00004901) c.li    s2, 0
core   0: 3 0x80000190 (0x4901) x18 0x00000000
core   0: 0x80000192 (0x12cdd0b7) lui     ra, 0x12cdd
core   0: 3 0x80000192 (0x12cdd0b7) x 1 0x12cdd000
core   0: 0x80000196 (0xc5c08093) addi    ra, ra, -932
core   0: 3 0x80000196 (0xc5c08093) x 1 0x12cdcc5c
core   0: 0x8000019a (0xfff00c13) li      s8, -1
core   0: 3 0x8000019a (0xfff00c13) x24 0xffffffff
core   0: 0x8000019e (0x00004d01) c.li    s10, 0
core   0: 3 0x8000019e (0x4d01) x26 0x00000000
core   0: 0x800001a0 (0x0246adb3) mulhsu  s11, a3, tp
core   0: 3 0x800001a0 (0x0246adb3) x27 0x3b7cb8ea
core   0: 0x800001a4 (0x03a0ad33) mulhsu  s10, ra, s10
core   0: 3 0x800001a4 (0x03a0ad33) x26 0x00000000
core   0: 0x800001a8 (0x4b888337) lui     t1, 0x4b888
core   0: 3 0x800001a8 (0x4b888337) x 6 0x4b888000
core   0: 0x800001ac (0x022d06b3) mul     a3, s10, sp
core   0: 3 0x800001ac (0x022d06b3) x13 0x00000000
core   0: 0x800001b0 (0x8f620d93) addi    s11, tp, -1802
core   0: 3 0x800001b0 (0x8f620d93) x27 0xfffff8f5
core   0: 0x800001b4 (0x02196db3) rem     s11, s2, ra
core   0: 3 0x800001b4 (0x02196db3) x27 0x00000000
core   0: 0x800001b8 (0xf9708693) addi    a3, ra, -105
core   0: 3 0x800001b8 (0xf9708693) x13 0x12cdcbf3
core   0: 0x800001bc (0x02234233) div     tp, t1, sp
core   0: 3 0x800001bc (0x02234233) x 4 0xb4778000
core   0: 0x800001c0 (0x41890333) sub     t1, s2, s8
core   0: 3 0x800001c0 (0x41890333) x 6 0x00000001
core   0: 0x800001c4 (0x02431433) mulh    s0, t1, tp
core   0: 3 0x800001c4 (0x02431433) x 8 0xffffffff
core   0: 0x800001c8 (0x0000926a) c.add   tp, s10
core   0: 3 0x800001c8 (0x926a) x 4 0xb4778000
core   0: 0x800001ca (0xcfcd8913) addi    s2, s11, -772
core   0: 3 0x800001ca (0xcfcd8913) x18 0xfffffcfc
core   0: 0x800001ce (0x021d4933) div     s2, s10, ra
core   0: 3 0x800001ce (0x021d4933) x18 0x00000000
core   0: 0x800001d2 (0xb3933097) auipc   ra, 0xb3933
core   0: 3 0x800001d2 (0xb3933097) x 1 0x339331d2
core   0: 0x800001d6 (0x00000001) c.nop
core   0: 3 0x800001d6 (0x0001)
core   0: 0x800001d8 (0xfff00f93) li      t6, -1
core   0: 3 0x800001d8 (0xfff00f93) x31 0xffffffff
core   0: 0x800001dc (0x800002b7) lui     t0, 0x80000
core   0: 3 0x800001dc (0x800002b7) x 5 0x80000000
core   0: 0x800001e0 (0xfff00513) li      a0, -1
core   0: 3 0x800001e0 (0xfff00513) x10 0xffffffff
core   0: 0x800001e4 (0xfff00b93) li      s7, -1
core   0: 3 0x800001e4 (0xfff00b93) x23 0xffffffff
core   0: 0x800001e8 (0xfcb859b7) lui     s3, 0xfcb85
core   0: 3 0x800001e8 (0xfcb859b7) x19 0xfcb85000
core   0: 0x800001ec (0x35c98993) addi    s3, s3, 860
core   0: 3 0x800001ec (0x35c98993) x19 0xfcb8535c
core   0: 0x800001f0 (0x00004581) c.li    a1, 0
core   0: 3 0x800001f0 (0x4581) x11 0x00000000
core   0: 0x800001f2 (0x00004d81) c.li    s11, 0
core   0: 3 0x800001f2 (0x4d81) x27 0x00000000
core   0: 0x800001f4 (0x6d7e27b7) lui     a5, 0x6d7e2
core   0: 3 0x800001f4 (0x6d7e27b7) x15 0x6d7e2000
core   0: 0x800001f8 (0x4b578793) addi    a5, a5, 1205
core   0: 3 0x800001f8 (0x4b578793) x15 0x6d7e24b5
core   0: 0x800001fc (0xb9675c37) lui     s8, 0xb9675
core   0: 3 0x800001fc (0xb9675c37) x24 0xb9675000
core   0: 0x80000200 (0xe38c0c13) addi    s8, s8, -456
core   0: 3 0x80000200 (0xe38c0c13) x24 0xb9674e38
core   0: 0x80000204 (0x800000b7) lui     ra, 0x80000
core   0: 3 0x80000204 (0x800000b7) x 1 0x80000000
core   0: 0x80000208 (0x03b98bb3) mul     s7, s3, s11
core   0: 3 0x80000208 (0x03b98bb3) x23 0x00000000
core   0: 0x8000020c (0x0210d7b3) divu    a5, ra, ra
core   0: 3 0x8000020c (0x0210d7b3) x15 0x00000001
core   0: 0x80000210 (0x93078093) addi    ra, a5, -1744
core   0: 3 0x80000210 (0x93078093) x 1 0xfffff931
core   0: 0x80000214 (0x02bbe0b3) rem     ra, s7, a1
core   0: 3 0x80000214 (0x02bbe0b3) x 1 0x00000000
core   0: 0x80000218 (0x038fac33) mulhsu  s8, t6, s8
core   0: 3 0x80000218 (0x038fac33) x24 0xffffffff
core   0: 0x8000021c (0x03f562b3) rem     t0, a0, t6
core   0: 3 0x8000021c (0x03f562b3) x 5 0x00000000
core   0: 0x80000220 (0xb26ca5b7) lui     a1, 0xb26ca
core   0: 3 0x80000220 (0xb26ca5b7) x11 0xb26ca000
core   0: 0x80000224 (0x021c6c33) rem     s8, s8, ra
core   0: 3 0x80000224 (0x021c6c33) x24 0xffffffff
core   0: 0x80000228 (0x03b7ac33) mulhsu  s8, a5, s11
core   0: 3 0x80000228 (0x03b7ac33) x24 0x00000000
core   0: 0x8000022c (0x13f72097) auipc   ra, 0x13f72
core   0: 3 0x8000022c (0x13f72097) x 1 0x93f7222c
core   0: 0x80000230 (0x02bc1db3) mulh    s11, s8, a1
core   0: 3 0x80000230 (0x02bc1db3) x27 0x00000000
core   0: 0x80000234 (0x02a52c33) mulhsu  s8, a0, a0
core   0: 3 0x80000234 (0x02a52c33) x24 0xffffffff
core   0: 0x80000238 (0x02598533) mul     a0, s3, t0
core   0: 3 0x80000238 (0x02598533) x10 0x00000000
core   0: 0x8000023c (0x037c5533) divu    a0, s8, s7
core   0: 3 0x8000023c (0x037c5533) x10 0xffffffff
core   0: 0x80000240 (0x0217d7b3) divu    a5, a5, ra
core   0: 3 0x80000240 (0x0217d7b3) x15 0x00000000
core   0: 0x80000244 (0x03fb99b3) mulh    s3, s7, t6
core   0: 3 0x80000244 (0x03fb99b3) x19 0x00000000
core   0: 0x80000248 (0x00008d1d) c.sub   a0, a5
core   0: 3 0x80000248 (0x8d1d) x10 0xffffffff
core   0: 0x8000024a (0xfff00d13) li      s10, -1
core   0: 3 0x8000024a (0xfff00d13) x26 0xffffffff
core   0: 0x8000024e (0x9a593337) lui     t1, 0x9a593
core   0: 3 0x8000024e (0x9a593337) x 6 0x9a593000
core   0: 0x80000252 (0x70d30313) addi    t1, t1, 1805
core   0: 3 0x80000252 (0x70d30313) x 6 0x9a59370d
core   0: 0x80000256 (0x00004e81) c.li    t4, 0
core   0: 3 0x80000256 (0x4e81) x29 0x00000000
core   0: 0x80000258 (0x72aa98b7) lui     a7, 0x72aa9
core   0: 3 0x80000258 (0x72aa98b7) x17 0x72aa9000
core   0: 0x8000025c (0x9ea88893) addi    a7, a7, -1558
core   0: 3 0x8000025c (0x9ea88893) x17 0x72aa89ea
core   0: 0x80000260 (0x5b59adb7) lui     s11, 0x5b59a
core   0: 3 0x80000260 (0x5b59adb7) x27 0x5b59a000
core   0: 0x80000264 (0xf0cd8d93) addi    s11, s11, -244
core   0: 3 0x80000264 (0xf0cd8d93) x27 0x5b599f0c
core   0: 0x80000268 (0x00004381) c.li    t2, 0
core   0: 3 0x80000268 (0x4381) x 7 0x00000000
core   0: 0x8000026a (0x80000637) lui     a2, 0x80000
core   0: 3 0x8000026a (0x80000637) x12 0x80000000
core   0: 0x8000026e (0x800001b7) lui     gp, 0x80000
core   0: 3 0x8000026e (0x800001b7) x 3 0x80000000
core   0: 0x80000272 (0x00004b01) c.li    s6, 0
core   0: 3 0x80000272 (0x4b01) x22 0x00000000
core   0: 0x80000274 (0x80000ab7) lui     s5, 0x80000
core   0: 3 0x80000274 (0x80000ab7) x21 0x80000000
core   0: 0x80000278 (0x00000001) c.nop
core   0: 3 0x80000278 (0x0001)
core   0: 0x8000027a (0x023d9db3) mulh    s11, s11, gp
core   0: 3 0x8000027a (0x023d9db3) x27 0xd253307a
core   0: 0x8000027e (0x023b08b3) mul     a7, s6, gp
core   0: 3 0x8000027e (0x023b08b3) x17 0x00000000
core   0: 0x80000282 (0x00000001) c.nop
core   0: 3 0x80000282 (0x0001)
core   0: 0x80000284 (0x0238a3b3) mulhsu  t2, a7, gp
core   0: 3 0x80000284 (0x0238a3b3) x 7 0x00000000
core   0: 0x80000288 (0xf84b0a93) addi    s5, s6, -124
core   0: 3 0x80000288 (0xf84b0a93) x21 0xffffff84
core   0: 0x8000028c (0x02c31333) mulh    t1, t1, a2
core   0: 3 0x8000028c (0x02c31333) x 6 0x32d36479
core   0: 0x80000290 (0x023db633) mulhu   a2, s11, gp
core   0: 3 0x80000290 (0x023db633) x12 0x6929983d
core   0: 0x80000294 (0x031641b3) div     gp, a2, a7
core   0: 3 0x80000294 (0x031641b3) x 3 0xffffffff
core   0: 0x80000298 (0x866a8e93) addi    t4, s5, -1946
core   0: 3 0x80000298 (0x866a8e93) x29 0xfffff7ea
core   0: 0x8000029c (0x00000001) c.nop
core   0: 3 0x8000029c (0x0001)
core   0: 0x8000029e (0x00000001) c.nop
core   0: 3 0x8000029e (0x0001)
core   0: 0x800002a0 (0x031d4eb3) div     t4, s10, a7
core   0: 3 0x800002a0 (0x031d4eb3) x29 0xffffffff
core   0: 0x800002a4 (0x026d0633) mul     a2, s10, t1
core   0: 3 0x800002a4 (0x026d0633) x12 0xcd2c9b87
core   0: 0x800002a8 (0x02336db3) rem     s11, t1, gp
core   0: 3 0x800002a8 (0x02336db3) x27 0x00000000
core   0: 0x800002ac (0x03b60b33) mul     s6, a2, s11
core   0: 3 0x800002ac (0x03b60b33) x22 0x00000000
core   0: 0x800002b0 (0x02cea633) mulhsu  a2, t4, a2
core   0: 3 0x800002b0 (0x02cea633) x12 0xffffffff
core   0: 0x800002b4 (0x023b7633) remu    a2, s6, gp
core   0: 3 0x800002b4 (0x023b7633) x12 0x00000000
core   0: 0x800002b8 (0x035d1333) mulh    t1, s10, s5
core   0: 3 0x800002b8 (0x035d1333) x 6 0x00000000
core   0: 0x800002bc (0x011d8b33) add     s6, s11, a7
core   0: 3 0x800002bc (0x011d8b33) x22 0x00000000
core   0: 0x800002c0 (0x027888b3) mul     a7, a7, t2
core   0: 3 0x800002c0 (0x027888b3) x17 0x00000000
core   0: 0x800002c4 (0x03d1bdb3) mulhu   s11, gp, t4
core   0: 3 0x800002c4 (0x03d1bdb3) x27 0xfffffffe
core   0: 0x800002c8 (0x00000001) c.nop
core   0: 3 0x800002c8 (0x0001)
core   0: 0x800002ca (0x0a638893) addi    a7, t2, 166
core   0: 3 0x800002ca (0x0a638893) x17 0x000000a6
core   0: 0x800002ce (0x03db0ab3) mul     s5, s6, t4
core   0: 3 0x800002ce (0x03db0ab3) x21 0x00000000
core   0: 0x800002d2 (0x036b7db3) remu    s11, s6, s6
core   0: 3 0x800002d2 (0x036b7db3) x27 0x00000000
core   0: 0x800002d6 (0x03d881b3) mul     gp, a7, t4
core   0: 3 0x800002d6 (0x03d881b3) x 3 0xffffff5a
core   0: 0x800002da (0x02c8c3b3) div     t2, a7, a2
core   0: 3 0x800002da (0x02c8c3b3) x 7 0xffffffff
core   0: 0x800002de (0x40360d33) sub     s10, a2, gp
core   0: 3 0x800002de (0x40360d33) x26 0x000000a6
core   0: 0x800002e2 (0x000091f6) c.add   gp, t4
core   0: 3 0x800002e2 (0x91f6) x 3 0xffffff59
core   0: 0x800002e4 (0xfff00093) li      ra, -1
core   0: 3 0x800002e4 (0xfff00093) x 1 0xffffffff
core   0: 0x800002e8 (0x800009b7) lui     s3, 0x80000
core   0: 3 0x800002e8 (0x800009b7) x19 0x80000000
core   0: 0x800002ec (0xfff00593) li      a1, -1
core   0: 3 0x800002ec (0xfff00593) x11 0xffffffff
core   0: 0x800002f0 (0xfff00b13) li      s6, -1
core   0: 3 0x800002f0 (0xfff00b13) x22 0xffffffff
core   0: 0x800002f4 (0x259f9f37) lui     t5, 0x259f9
core   0: 3 0x800002f4 (0x259f9f37) x30 0x259f9000
core   0: 0x800002f8 (0x5caf0f13) addi    t5, t5, 1482
core   0: 3 0x800002f8 (0x5caf0f13) x30 0x259f95ca
core   0: 0x800002fc (0xfff00713) li      a4, -1
core   0: 3 0x800002fc (0xfff00713) x14 0xffffffff
core   0: 0x80000300 (0xfff00393) li      t2, -1
core   0: 3 0x80000300 (0xfff00393) x 7 0xffffffff
core   0: 0x80000304 (0x00004a81) c.li    s5, 0
core   0: 3 0x80000304 (0x4a81) x21 0x00000000
core   0: 0x80000306 (0xfff00893) li      a7, -1
core   0: 3 0x80000306 (0xfff00893) x17 0xffffffff
core   0: 0x8000030a (0x00004501) c.li    a0, 0
core   0: 3 0x8000030a (0x4501) x10 0x00000000
core   0: 0x8000030c (0x02af6ab3) rem     s5, t5, a0
core   0: 3 0x8000030c (0x02af6ab3) x21 0x259f95ca
core   0: 0x80000310 (0x035b6f33) rem     t5, s6, s5
core   0: 3 0x80000310 (0x035b6f33) x30 0xffffffff
core   0: 0x80000314 (0x0279d3b3) divu    t2, s3, t2
core   0: 3 0x80000314 (0x0279d3b3) x 7 0x00000000
core   0: 0x80000318 (0x02bb3733) mulhu   a4, s6, a1
core   0: 3 0x80000318 (0x02bb3733) x14 0xfffffffe
core   0: 0x8000031c (0x62ef88b7) lui     a7, 0x62ef8
core   0: 3 0x8000031c (0x62ef88b7) x17 0x62ef8000
core   0: 0x80000320 (0x40770533) sub     a0, a4, t2
core   0: 3 0x80000320 (0x40770533) x10 0xfffffffe
core   0: 0x80000324 (0x0358eab3) rem     s5, a7, s5
core   0: 3 0x80000324 (0x0358eab3) x21 0x17b0546c
core   0: 0x80000328 (0x016508b3) add     a7, a0, s6
core   0: 3 0x80000328 (0x016508b3) x17 0xfffffffd
core   0: 0x8000032c (0xadb98a93) addi    s5, s3, -1317
core   0: 3 0x8000032c (0xadb98a93) x21 0x7ffffadb
core   0: 0x80000330 (0x00000001) c.nop
core   0: 3 0x80000330 (0x0001)
core   0: 0x80000332 (0x201b28b7) lui     a7, 0x201b2
core   0: 3 0x80000332 (0x201b28b7) x17 0x201b2000
core   0: 0x80000336 (0x0359b8b3) mulhu   a7, s3, s5
core   0: 3 0x80000336 (0x0359b8b3) x17 0x3ffffd6d
core   0: 0x8000033a (0x10b07897) auipc   a7, 0x10b07
core   0: 3 0x8000033a (0x10b07897) x17 0x90b0733a
core   0: 0x8000033e (0x02e5c3b3) div     t2, a1, a4
core   0: 3 0x8000033e (0x02e5c3b3) x 7 0x00000000
core   0: 0x80000342 (0x02b8e533) rem     a0, a7, a1
core   0: 3 0x80000342 (0x02b8e533) x10 0x00000000
core   0: 0x80000346 (0x031f3b33) mulhu   s6, t5, a7
core   0: 3 0x80000346 (0x031f3b33) x22 0x90b07339
core   0: 0x8000034a (0x40ba8b33) sub     s6, s5, a1
core   0: 3 0x8000034a (0x40ba8b33) x22 0x7ffffadc
core   0: 0x8000034e (0x033779b3) remu    s3, a4, s3
core   0: 3 0x8000034e (0x033779b3) x19 0x7ffffffe
core   0: 0x80000352 (0x00004581) c.li    a1, 0
core   0: 3 0x80000352 (0x4581) x11 0x00000000
core   0: 0x80000354 (0x80000637) lui     a2, 0x80000
core   0: 3 0x80000354 (0x80000637) x12 0x80000000
core   0: 0x80000358 (0x1dcecbb7) lui     s7, 0x1dcec
core   0: 3 0x80000358 (0x1dcecbb7) x23 0x1dcec000
core   0: 0x8000035c (0x529b8b93) addi    s7, s7, 1321
core   0: 3 0x8000035c (0x529b8b93) x23 0x1dcec529
core   0: 0x80000360 (0x00004901) c.li    s2, 0
core   0: 3 0x80000360 (0x4901) x18 0x00000000
core   0: 0x80000362 (0x80000537) lui     a0, 0x80000
core   0: 3 0x80000362 (0x80000537) x10 0x80000000
core   0: 0x80000366 (0x80000337) lui     t1, 0x80000
core   0: 3 0x80000366 (0x80000337) x 6 0x80000000
core   0: 0x8000036a (0xfff00e13) li      t3, -1
core   0: 3 0x8000036a (0xfff00e13) x28 0xffffffff
core   0: 0x8000036e (0xfff00a13) li      s4, -1
core   0: 3 0x8000036e (0xfff00a13) x20 0xffffffff
core   0: 0x80000372 (0x55eed3b7) lui     t2, 0x55eed
core   0: 3 0x80000372 (0x55eed3b7) x 7 0x55eed000
core   0: 0x80000376 (0xbee38393) addi    t2, t2, -1042
core   0: 3 0x80000376 (0xbee38393) x 7 0x55eecbee
core   0: 0x8000037a (0x80000d37) lui     s10, 0x80000
core   0: 3 0x8000037a (0x80000d37) x26 0x80000000
core   0: 0x8000037e (0x03c5e533) rem     a0, a1, t3
core   0: 3 0x8000037e (0x03c5e533) x10 0x00000000
core   0: 0x80000382 (0x02b33a33) mulhu   s4, t1, a1
core   0: 3 0x80000382 (0x02b33a33) x20 0x00000000
core   0: 0x80000386 (0x00000001) c.nop
core   0: 3 0x80000386 (0x0001)
core   0: 0x80000388 (0x02ba6a33) rem     s4, s4, a1
core   0: 3 0x80000388 (0x02ba6a33) x20 0x00000000
core   0: 0x8000038c (0x03267bb3) remu    s7, a2, s2
core   0: 3 0x8000038c (0x03267bb3) x23 0x80000000
core   0: 0x80000390 (0x03cba633) mulhsu  a2, s7, t3
core   0: 3 0x80000390 (0x03cba633) x12 0x80000000
core   0: 0x80000394 (0xdbc60613) addi    a2, a2, -580
core   0: 3 0x80000394 (0xdbc60613) x12 0x7ffffdbc
core   0: 0x80000398 (0x02b595b3) mulh    a1, a1, a1
core   0: 3 0x80000398 (0x02b595b3) x11 0x00000000
core   0: 0x8000039c (0x032e7333) remu    t1, t3, s2
core   0: 3 0x8000039c (0x032e7333) x 6 0xffffffff
core   0: 0x800003a0 (0xc7480637) lui     a2, 0xc7480
core   0: 3 0x800003a0 (0xc7480637) x12 0xc7480000
core   0: 0x800003a4 (0x40790d33) sub     s10, s2, t2
core   0: 3 0x800003a4 (0x40790d33) x26 0xaa113412
core   0: 0x800003a8 (0x00000001) c.nop
core   0: 3 0x800003a8 (0x0001)
core   0: 0x800003aa (0x02aa1633) mulh    a2, s4, a0
core   0: 3 0x800003aa (0x02aa1633) x12 0x00000000
core   0: 0x800003ae (0x1d763617) auipc   a2, 0x1d763
core   0: 3 0x800003ae (0x1d763617) x12 0x9d7633ae
core   0: 0x800003b2 (0x00cd05b3) add     a1, s10, a2
core   0: 3 0x800003b2 (0x00cd05b3) x11 0x478767c0
core   0: 0x800003b6 (0x02ad1a33) mulh    s4, s10, a0
core   0: 3 0x800003b6 (0x02ad1a33) x20 0x00000000
core   0: 0x800003ba (0xf6770617) auipc   a2, 0xf6770
core   0: 3 0x800003ba (0xf6770617) x12 0x767703ba
core   0: 0x800003be (0x02cba633) mulhsu  a2, s7, a2
core   0: 3 0x800003be (0x02cba633) x12 0xc4c47e23
core   0: 0x800003c2 (0x02752bb3) mulhsu  s7, a0, t2
core   0: 3 0x800003c2 (0x02752bb3) x23 0x00000000
core   0: 0x800003c6 (0xcfdc2d17) auipc   s10, 0xcfdc2
core   0: 3 0x800003c6 (0xcfdc2d17) x26 0x4fdc23c6
core   0: 0x800003ca (0x800007b7) lui     a5, 0x80000
core   0: 3 0x800003ca (0x800007b7) x15 0x80000000
core   0: 0x800003ce (0x00004081) c.li    ra, 0
core   0: 3 0x800003ce (0x4081) x 1 0x00000000
core   0: 0x800003d0 (0xfff00e13) li      t3, -1
core   0: 3 0x800003d0 (0xfff00e13) x28 0xffffffff
core   0: 0x800003d4 (0x80000337) lui     t1, 0x80000
core   0: 3 0x800003d4 (0x80000337) x 6 0x80000000
core   0: 0x800003d8 (0xfff00413) li      s0, -1
core   0: 3 0x800003d8 (0xfff00413) x 8 0xffffffff
core   0: 0x800003dc (0x80000237) lui     tp, 0x80000
core   0: 3 0x800003dc (0x80000237) x 4 0x80000000
core   0: 0x800003e0 (0x00004281) c.li    t0, 0
core   0: 3 0x800003e0 (0x4281) x 5 0x00000000
core   0: 0x800003e2 (0x00004d01) c.li    s10, 0
core   0: 3 0x800003e2 (0x4d01) x26 0x00000000
core   0: 0x800003e4 (0x0b54bc37) lui     s8, 0xb54b
core   0: 3 0x800003e4 (0x0b54bc37) x24 0x0b54b000
core   0: 0x800003e8 (0x59ac0c13) addi    s8, s8, 1434
core   0: 3 0x800003e8 (0x59ac0c13) x24 0x0b54b59a
core   0: 0x800003ec (0xfff00a13) li      s4, -1
core   0: 3 0x800003ec (0xfff00a13) x20 0xffffffff
core   0: 0x800003f0 (0x41ac0433) sub     s0, s8, s10
core   0: 3 0x800003f0 (0x41ac0433) x 8 0x0b54b59a
core   0: 0x800003f4 (0x00000001) c.nop
core   0: 3 0x800003f4 (0x0001)
core   0: 0x800003f6 (0x024402b3) mul     t0, s0, tp
core   0: 3 0x800003f6 (0x024402b3) x 5 0x00000000
core   0: 0x800003fa (0x408a02b3) sub     t0, s4, s0
core   0: 3 0x800003fa (0x408a02b3) x 5 0xf4ab4a65
core   0: 0x800003fe (0x026e2233) mulhsu  tp, t3, t1
core   0: 3 0x800003fe (0x026e2233) x 4 0xffffffff
core   0: 0x80000402 (0x0217fd33) remu    s10, a5, ra
core   0: 3 0x80000402 (0x0217fd33) x26 0x80000000
core   0: 0x80000406 (0x0280b0b3) mulhu   ra, ra, s0
core   0: 3 0x80000406 (0x0280b0b3) x 1 0x00000000
core   0: 0x8000040a (0x03c2cd33) div     s10, t0, t3
core   0: 3 0x8000040a (0x03c2cd33) x26 0x0b54b59b
core   0: 0x8000040e (0x021442b3) div     t0, s0, ra
core   0: 3 0x8000040e (0x021442b3) x 5 0xffffffff
core   0: 0x80000412 (0x00009d06) c.add   s10, ra
core   0: 3 0x80000412 (0x9d06) x26 0x0b54b59b
core   0: 0x80000414 (0x038467b3) rem     a5, s0, s8
core   0: 3 0x80000414 (0x038467b3) x15 0x00000000
core   0: 0x80000418 (0x005d07b3) add     a5, s10, t0
core   0: 3 0x80000418 (0x005d07b3) x15 0x0b54b59a
core   0: 0x8000041c (0x00f78a33) add     s4, a5, a5
core   0: 3 0x8000041c (0x00f78a33) x20 0x16a96b34
core   0: 0x80000420 (0x40fd0e33) sub     t3, s10, a5
core   0: 3 0x80000420 (0x40fd0e33) x28 0x00000001
core   0: 0x80000424 (0x03ce1333) mulh    t1, t3, t3
core   0: 3 0x80000424 (0x03ce1333) x 6 0x00000000
core   0: 0x80000428 (0x03ca00b3) mul     ra, s4, t3
core   0: 3 0x80000428 (0x03ca00b3) x 1 0x16a96b34
core   0: 0x8000042c (0x025c2d33) mulhsu  s10, s8, t0
core   0: 3 0x8000042c (0x025c2d33) x26 0x0b54b599
core   0: 0x80000430 (0x03423333) mulhu   t1, tp, s4
core   0: 3 0x80000430 (0x03423333) x 6 0x16a96b33
core   0: 0x80000434 (0xc8ed55b7) lui     a1, 0xc8ed5
core   0: 3 0x80000434 (0xc8ed55b7) x11 0xc8ed5000
core   0: 0x80000438 (0xe9458593) addi    a1, a1, -364
core   0: 3 0x80000438 (0xe9458593) x11 0xc8ed4e94
core   0: 0x8000043c (0x80000437) lui     s0, 0x80000
core   0: 3 0x8000043c (0x80000437) x 8 0x80000000
core   0: 0x80000440 (0xfff00f93) li      t6, -1
core   0: 3 0x80000440 (0xfff00f93) x31 0xffffffff
core   0: 0x80000444 (0x2650f0b7) lui     ra, 0x2650f
core   0: 3 0x80000444 (0x2650f0b7) x 1 0x2650f000
core   0: 0x80000448 (0x0d608093) addi    ra, ra, 214
core   0: 3 0x80000448 (0x0d608093) x 1 0x2650f0d6
core   0: 0x8000044c (0xfff00513) li      a0, -1
core   0: 3 0x8000044c (0xfff00513) x10 0xffffffff
core   0: 0x80000450 (0x800002b7) lui     t0, 0x80000
core   0: 3 0x80000450 (0x800002b7) x 5 0x80000000
core   0: 0x80000454 (0xfff00393) li      t2, -1
core   0: 3 0x80000454 (0xfff00393) x 7 0xffffffff
core   0: 0x80000458 (0x80000937) lui     s2, 0x80000
core   0: 3 0x80000458 (0x80000937) x18 0x80000000
core   0: 0x8000045c (0x800001b7) lui     gp, 0x80000
core   0: 3 0x8000045c (0x800001b7) x 3 0x80000000
core   0: 0x80000460 (0x00004301) c.li    t1, 0
core   0: 3 0x80000460 (0x4301) x 6 0x00000000
core   0: 0x80000462 (0x032321b3) mulhsu  gp, t1, s2
core   0: 3 0x80000462 (0x032321b3) x 3 0x00000000
core   0: 0x80000466 (0x33e85337) lui     t1, 0x33e85
core   0: 3 0x80000466 (0x33e85337) x 6 0x33e85000
core   0: 0x8000046a (0x1b707937) lui     s2, 0x1b707
core   0: 3 0x8000046a (0x1b707937) x18 0x1b707000
core   0: 0x8000046e (0x00590fb3) add     t6, s2, t0
core   0: 3 0x8000046e (0x00590fb3) x31 0x9b707000
core   0: 0x80000472 (0x028542b3) div     t0, a0, s0
core   0: 3 0x80000472 (0x028542b3) x 5 0x00000000
core   0: 0x80000476 (0x72f0d417) auipc   s0, 0x72f0d
core   0: 3 0x80000476 (0x72f0d417) x 8 0xf2f0d476
core   0: 0x8000047a (0x028183b3) mul     t2, gp, s0
core   0: 3 0x8000047a (0x028183b3) x 7 0x00000000
core   0: 0x8000047e (0x03229333) mulh    t1, t0, s2
core   0: 3 0x8000047e (0x03229333) x 6 0x00000000
core   0: 0x80000482 (0x8c108593) addi    a1, ra, -1855
core   0: 3 0x80000482 (0x8c108593) x11 0x2650e997
core   0: 0x80000486 (0x00790333) add     t1, s2, t2
core   0: 3 0x80000486 (0x00790333) x 6 0x1b707000
core   0: 0x8000048a (0x0323c433) div     s0, t2, s2
core   0: 3 0x8000048a (0x0323c433) x 8 0x00000000
core   0: 0x8000048e (0x95390293) addi    t0, s2, -1709
core   0: 3 0x8000048e (0x95390293) x 5 0x1b706953
core   0: 0x80000492 (0x00000001) c.nop
core   0: 3 0x80000492 (0x0001)
core   0: 0x80000494 (0x0281f1b3) remu    gp, gp, s0
core   0: 3 0x80000494 (0x0281f1b3) x 3 0x00000000
core   0: 0x80000498 (0x16f853b7) lui     t2, 0x16f85
core   0: 3 0x80000498 (0x16f853b7) x 7 0x16f85000
core   0: 0x8000049c (0x027ff333) remu    t1, t6, t2
core   0: 3 0x8000049c (0x027ff333) x 6 0x119e9000
core   0: 0x800004a0 (0x0215bfb3) mulhu   t6, a1, ra
core   0: 3 0x800004a0 (0x0215bfb3) x31 0x05bc2001
core   0: 0x800004a4 (0x0231e0b3) rem     ra, gp, gp
core   0: 3 0x800004a4 (0x0231e0b3) x 1 0x00000000
core   0: 0x800004a8 (0x03f34433) div     s0, t1, t6
core   0: 3 0x800004a8 (0x03f34433) x 8 0x00000003
core   0: 0x800004ac (0xdf108913) addi    s2, ra, -527
core   0: 3 0x800004ac (0xdf108913) x18 0xfffffdf1
core   0: 0x800004b0 (0x0255d933) divu    s2, a1, t0
core   0: 3 0x800004b0 (0x0255d933) x18 0x00000001
core   0: 0x800004b4 (0x768c8417) auipc   s0, 0x768c8
core   0: 3 0x800004b4 (0x768c8417) x 8 0xf68c84b4
core   0: 0x800004b8 (0x02b443b3) div     t2, s0, a1
core   0: 3 0x800004b8 (0x02b443b3) x 7 0x00000000
core   0: 0x800004bc (0x00004581) c.li    a1, 0
core   0: 3 0x800004bc (0x4581) x11 0x00000000
core   0: 0x800004be (0xfff00413) li      s0, -1
core   0: 3 0x800004be (0xfff00413) x 8 0xffffffff
core   0: 0x800004c2 (0x00004881) c.li    a7, 0
core   0: 3 0x800004c2 (0x4881) x17 0x00000000
core   0: 0x800004c4 (0xfff00d93) li      s11, -1
core   0: 3 0x800004c4 (0xfff00d93) x27 0xffffffff
core   0: 0x800004c8 (0xfff00513) li      a0, -1
core   0: 3 0x800004c8 (0xfff00513) x10 0xffffffff
core   0: 0x800004cc (0x00004b01) c.li    s6, 0
core   0: 3 0x800004cc (0x4b01) x22 0x00000000
core   0: 0x800004ce (0x7331f7b7) lui     a5, 0x7331f
core   0: 3 0x800004ce (0x7331f7b7) x15 0x7331f000
core   0: 0x800004d2 (0x5bc78793) addi    a5, a5, 1468
core   0: 3 0x800004d2 (0x5bc78793) x15 0x7331f5bc
core   0: 0x800004d6 (0xfff00313) li      t1, -1
core   0: 3 0x800004d6 (0xfff00313) x 6 0xffffffff
core   0: 0x800004da (0x00004d01) c.li    s10, 0
core   0: 3 0x800004da (0x4d01) x26 0x00000000
core   0: 0x800004dc (0x00004181) c.li    gp, 0
core   0: 3 0x800004dc (0x4181) x 3 0x00000000
core   0: 0x800004de (0x02354b33) div     s6, a0, gp
core   0: 3 0x800004de (0x02354b33) x22 0xffffffff
core   0: 0x800004e2 (0x02855d33) divu    s10, a0, s0
core   0: 3 0x800004e2 (0x02855d33) x26 0x00000001
core   0: 0x800004e6 (0x03b1b333) mulhu   t1, gp, s11
core   0: 3 0x800004e6 (0x03b1b333) x 6 0x00000000
core   0: 0x800004ea (0x028df8b3) remu    a7, s11, s0
core   0: 3 0x800004ea (0x028df8b3) x17 0x00000000
core   0: 0x800004ee (0x03bde1b3) rem     gp, s11, s11
core   0: 3 0x800004ee (0x03bde1b3) x 3 0x00000000
core   0: 0x800004f2 (0x02644b33) div     s6, s0, t1
core   0: 3 0x800004f2 (0x02644b33) x22 0xffffffff
core   0: 0x800004f6 (0x02b535b3) mulhu   a1, a0, a1
core   0: 3 0x800004f6 (0x02b535b3) x11 0x00000000
core   0: 0x800004fa (0x40bb07b3) sub     a5, s6, a1
core   0: 3 0x800004fa (0x40bb07b3) x15 0xffffffff
core   0: 0x800004fe (0x40a188b3) sub     a7, gp, a0
core   0: 3 0x800004fe (0x40a188b3) x17 0x00000001
core   0: 0x80000502 (0x02b42db3) mulhsu  s11, s0, a1
core   0: 3 0x80000502 (0x02b42db3) x27 0x00000000
core   0: 0x80000506 (0x00000001) c.nop
core   0: 3 0x80000506 (0x0001)
core   0: 0x80000508 (0xc0a0e1b7) lui     gp, 0xc0a0e
core   0: 3 0x80000508 (0xc0a0e1b7) x 3 0xc0a0e000
core   0: 0x8000050c (0x028d27b3) mulhsu  a5, s10, s0
core   0: 3 0x8000050c (0x028d27b3) x15 0x00000000
core   0: 0x80000510 (0x0267f7b3) remu    a5, a5, t1
core   0: 3 0x80000510 (0x0267f7b3) x15 0x00000000
core   0: 0x80000514 (0xb1638537) lui     a0, 0xb1638
core   0: 3 0x80000514 (0xb1638537) x10 0xb1638000
core   0: 0x80000518 (0x028dbdb3) mulhu   s11, s11, s0
core   0: 3 0x80000518 (0x028dbdb3) x27 0x00000000
core   0: 0x8000051c (0x40b188b3) sub     a7, gp, a1
core   0: 3 0x8000051c (0x40b188b3) x17 0xc0a0e000
core   0: 0x80000520 (0x8134f337) lui     t1, 0x8134f
core   0: 3 0x80000520 (0x8134f337) x 6 0x8134f000
core   0: 0x80000524 (0x03143433) mulhu   s0, s0, a7
core   0: 3 0x80000524 (0x03143433) x 8 0xc0a0dfff
core   0: 0x80000528 (0x49975b37) lui     s6, 0x49975
core   0: 3 0x80000528 (0x49975b37) x22 0x49975000
core   0: 0x8000052c (0x02a885b3) mul     a1, a7, a0
core   0: 3 0x8000052c (0x02a885b3) x11 0x10000000
core   0: 0x80000530 (0x02fb25b3) mulhsu  a1, s6, a5
core   0: 3 0x80000530 (0x02fb25b3) x11 0x00000000
core   0: 0x80000534 (0x0000946a) c.add   s0, s10
core   0: 3 0x80000534 (0x946a) x 8 0xc0a0e000
core   0: 0x80000536 (0x80000d37) lui     s10, 0x80000
core   0: 3 0x80000536 (0x80000d37) x26 0x80000000
core   0: 0x8000053a (0xbb9fa637) lui     a2, 0xbb9fa
core   0: 3 0x8000053a (0xbb9fa637) x12 0xbb9fa000
core   0: 0x8000053e (0x4f060613) addi    a2, a2, 1264
core   0: 3 0x8000053e (0x4f060613) x12 0xbb9fa4f0
core   0: 0x80000542 (0x30195b37) lui     s6, 0x30195
core   0: 3 0x80000542 (0x30195b37) x22 0x30195000
core   0: 0x80000546 (0x979b0b13) addi    s6, s6, -1671
core   0: 3 0x80000546 (0x979b0b13) x22 0x30194979
core   0: 0x8000054a (0xfff00993) li      s3, -1
core   0: 3 0x8000054a (0xfff00993) x19 0xffffffff
core   0: 0x8000054e (0xcb0c9737) lui     a4, 0xcb0c9
core   0: 3 0x8000054e (0xcb0c9737) x14 0xcb0c9000
core   0: 0x80000552 (0x36b70713) addi    a4, a4, 875
core   0: 3 0x80000552 (0x36b70713) x14 0xcb0c936b
core   0: 0x80000556 (0x80000a37) lui     s4, 0x80000
core   0: 3 0x80000556 (0x80000a37) x20 0x80000000
core   0: 0x8000055a (0xfff00513) li      a0, -1
core   0: 3 0x8000055a (0xfff00513) x10 0xffffffff
core   0: 0x8000055e (0x0741f437) lui     s0, 0x741f
core   0: 3 0x8000055e (0x0741f437) x 8 0x0741f000
core   0: 0x80000562 (0xf7840413) addi    s0, s0, -136
core   0: 3 0x80000562 (0xf7840413) x 8 0x0741ef78
core   0: 0x80000566 (0xfff00593) li      a1, -1
core   0: 3 0x80000566 (0xfff00593) x11 0xffffffff
core   0: 0x8000056a (0xc093eab7) lui     s5, 0xc093e
core   0: 3 0x8000056a (0xc093eab7) x21 0xc093e000
core   0: 0x8000056e (0x727a8a93) addi    s5, s5, 1831
core   0: 3 0x8000056e (0x727a8a93) x21 0xc093e727
core   0: 0x80000572 (0x02858a33) mul     s4, a1, s0
core   0: 3 0x80000572 (0x02858a33) x20 0xf8be1088
core   0: 0x80000576 (0x42c9f9b7) lui     s3, 0x42c9f
core   0: 3 0x80000576 (0x42c9f9b7) x19 0x42c9f000
core   0: 0x8000057a (0x02a679b3) remu    s3, a2, a0
core   0: 3 0x8000057a (0x02a679b3) x19 0xbb9fa4f0
core   0: 0x8000057e (0x03ad3733) mulhu   a4, s10, s10
core   0: 3 0x8000057e (0x03ad3733) x14 0x40000000
core   0: 0x80000582 (0x033a5a33) divu    s4, s4, s3
core   0: 3 0x80000582 (0x033a5a33) x20 0x00000001
core   0: 0x80000586 (0x03aa6b33) rem     s6, s4, s10
core   0: 3 0x80000586 (0x03aa6b33) x22 0x00000001
core   0: 0x8000058a (0x02cb1d33) mulh    s10, s6, a2
core   0: 3 0x8000058a (0x02cb1d33) x26 0xffffffff
core   0: 0x8000058e (0x1be4c737) lui     a4, 0x1be4c
core   0: 3 0x8000058e (0x1be4c737) x14 0x1be4c000
core   0: 0x80000592 (0x408b0d33) sub     s10, s6, s0
core   0: 3 0x80000592 (0x408b0d33) x26 0xf8be1089
core   0: 0x80000596 (0x40c58a33) sub     s4, a1, a2
core   0: 3 0x80000596 (0x40c58a33) x20 0x44605b0f
core   0: 0x8000059a (0x014b09b3) add     s3, s6, s4
core   0: 3 0x8000059a (0x014b09b3) x19 0x44605b10
core   0: 0x8000059e (0x36e14d37) lui     s10, 0x36e14
core   0: 3 0x8000059e (0x36e14d37) x26 0x36e14000
core   0: 0x800005a2 (0xdc49a997) auipc   s3, 0xdc49a
core   0: 3 0x800005a2 (0xdc49a997) x19 0x5c49a5a2
core   0: 0x800005a6 (0x7b6d9d17) auipc   s10, 0x7b6d9
core   0: 3 0x800005a6 (0x7b6d9d17) x26 0xfb6d95a6
core   0: 0x800005aa (0x02c57533) remu    a0, a0, a2
core   0: 3 0x800005aa (0x02c57533) x10 0x44605b0f
core   0: 0x800005ae (0x01658633) add     a2, a1, s6
core   0: 3 0x800005ae (0x01658633) x12 0x00000000
core   0: 0x800005b2 (0x02ca9ab3) mulh    s5, s5, a2
core   0: 3 0x800005b2 (0x02ca9ab3) x21 0x00000000
core   0: 0x800005b6 (0x4de639b7) lui     s3, 0x4de63
core   0: 3 0x800005b6 (0x4de639b7) x19 0x4de63000
core   0: 0x800005ba (0x01398733) add     a4, s3, s3
core   0: 3 0x800005ba (0x01398733) x14 0x9bcc6000
core   0: 0x800005be (0x03565ab3) divu    s5, a2, s5
core   0: 3 0x800005be (0x03565ab3) x21 0xffffffff
core   0: 0x800005c2 (0x035a89b3) mul     s3, s5, s5
core   0: 3 0x800005c2 (0x035a89b3) x19 0x00000001
core   0: 0x800005c6 (0xefbedd17) auipc   s10, 0xefbed
core   0: 3 0x800005c6 (0xefbedd17) x26 0x6fbed5c6
core   0: 0x800005ca (0x80000237) lui     tp, 0x80000
core   0: 3 0x800005ca (0x80000237) x 4 0x80000000
core   0: 0x800005ce (0x00004901) c.li    s2, 0
core   0: 3 0x800005ce (0x4901) x18 0x00000000
core   0: 0x800005d0 (0x22be50b7) lui     ra, 0x22be5
core   0: 3 0x800005d0 (0x22be50b7) x 1 0x22be5000
core   0: 0x800005d4 (0xcb308093) addi    ra, ra, -845
core   0: 3 0x800005d4 (0xcb308093) x 1 0x22be4cb3
core   0: 0x800005d8 (0x20018137) lui     sp, 0x20018
core   0: 3 0x800005d8 (0x20018137) x 2 0x20018000
core   0: 0x800005dc (0x5fe10113) addi    sp, sp, 1534
core   0: 3 0x800005dc (0x5fe10113) x 2 0x200185fe
core   0: 0x800005e0 (0xfff00593) li      a1, -1
core   0: 3 0x800005e0 (0xfff00593) x11 0xffffffff
core   0: 0x800005e4 (0xfff00713) li      a4, -1
core   0: 3 0x800005e4 (0xfff00713) x14 0xffffffff
core   0: 0x800005e8 (0x80000eb7) lui     t4, 0x80000
core   0: 3 0x800005e8 (0x80000eb7) x29 0x80000000
core   0: 0x800005ec (0x06635437) lui     s0, 0x6635
core   0: 3 0x800005ec (0x06635437) x 8 0x06635000
core   0: 0x800005f0 (0x14340413) addi    s0, s0, 323
core   0: 3 0x800005f0 (0x14340413) x 8 0x06635143
core   0: 0x800005f4 (0x80000d37) lui     s10, 0x80000
core   0: 3 0x800005f4 (0x80000d37) x26 0x80000000
core   0: 0x800005f8 (0x00004f01) c.li    t5, 0
core   0: 3 0x800005f8 (0x4f01) x30 0x00000000
core   0: 0x800005fa (0x023c8437) lui     s0, 0x23c8
core   0: 3 0x800005fa (0x023c8437) x 8 0x023c8000
core   0: 0x800005fe (0x028ebd33) mulhu   s10, t4, s0
core   0: 3 0x800005fe (0x028ebd33) x26 0x011e4000
core   0: 0x80000602 (0x91da4e97) auipc   t4, 0x91da4
core   0: 3 0x80000602 (0x91da4e97) x29 0x11da4602
core   0: 0x80000606 (0xd52db937) lui     s2, 0xd52db
core   0: 3 0x80000606 (0xd52db937) x18 0xd52db000
core   0: 0x8000060a (0x032400b3) mul     ra, s0, s2
core   0: 3 0x8000060a (0x032400b3) x 1 0x18000000
core   0: 0x8000060e (0x48731237) lui     tp, 0x48731
core   0: 3 0x8000060e (0x48731237) x 4 0x48731000
core   0: 0x80000612 (0x00e200b3) add     ra, tp, a4
core   0: 3 0x80000612 (0x00e200b3) x 1 0x48730fff
core   0: 0x80000616 (0x03a5f5b3) remu    a1, a1, s10
core   0: 3 0x80000616 (0x03a5f5b3) x11 0x010effff
core   0: 0x8000061a (0x028435b3) mulhu   a1, s0, s0
core   0: 3 0x8000061a (0x028435b3) x11 0x0005004c
core   0: 0x8000061e (0x022085b3) mul     a1, ra, sp
core   0: 3 0x8000061e (0x022085b3) x11 0x99785a02
core   0: 0x80000622 (0x01d20433) add     s0, tp, t4
core   0: 3 0x80000622 (0x01d20433) x 8 0x5a4d5602
core   0: 0x80000626 (0x03e90eb3) mul     t4, s2, t5
core   0: 3 0x80000626 (0x03e90eb3) x29 0x00000000
core   0: 0x8000062a (0x81990413) addi    s0, s2, -2023
core   0: 3 0x8000062a (0x81990413) x 8 0xd52da819
core   0: 0x8000062e (0x032580b3) mul     ra, a1, s2
core   0: 3 0x8000062e (0x032580b3) x 1 0x3a3b6000
core   0: 0x80000632 (0x021ecf33) div     t5, t4, ra
core   0: 3 0x80000632 (0x021ecf33) x30 0x00000000
core   0: 0x80000636 (0x000e6f17) auipc   t5, 0xe6
core   0: 3 0x80000636 (0x000e6f17) x30 0x800e6636
core   0: 0x8000063a (0x028d60b3) rem     ra, s10, s0
core   0: 3 0x8000063a (0x028d60b3) x 1 0x011e4000
core   0: 0x8000063e (0x02895733) divu    a4, s2, s0
core   0: 3 0x8000063e (0x02895733) x14 0x00000001
core   0: 0x80000642 (0x0225b733) mulhu   a4, a1, sp
core   0: 3 0x80000642 (0x0225b733) x14 0x132ff50c
core   0: 0x80000646 (0x00000001) c.nop
core   0: 3 0x80000646 (0x0001)
core   0: 0x80000648 (0xfe5d0913) addi    s2, s10, -27
core   0: 3 0x80000648 (0xfe5d0913) x18 0x011e3fe5
core   0: 0x8000064c (0x028f45b3) div     a1, t5, s0
core   0: 3 0x8000064c (0x028f45b3) x11 0x00000002
core   0: 0x80000650 (0x022d2eb3) mulhsu  t4, s10, sp
core   0: 3 0x80000650 (0x022d2eb3) x29 0x0023c9b4
core   0: 0x80000654 (0x03dd2433) mulhsu  s0, s10, t4
core   0: 3 0x80000654 (0x03dd2433) x 8 0x00002804
core   0: 0x80000658 (0x5c399937) lui     s2, 0x5c399
core   0: 3 0x80000658 (0x5c399937) x18 0x5c399000
core   0: 0x8000065c (0x772775b7) lui     a1, 0x77277
core   0: 3 0x8000065c (0x772775b7) x11 0x77277000
core   0: 0x80000660 (0x356a6f17) auipc   t5, 0x356a6
core   0: 3 0x80000660 (0x356a6f17) x30 0xb56a6660
core   0: 0x80000664 (0x00004781) c.li    a5, 0
core   0: 3 0x80000664 (0x4781) x15 0x00000000
core   0: 0x80000666 (0xfff00193) li      gp, -1
core   0: 3 0x80000666 (0xfff00193) x 3 0xffffffff
core   0: 0x8000066a (0xcbf7f8b7) lui     a7, 0xcbf7f
core   0: 3 0x8000066a (0xcbf7f8b7) x17 0xcbf7f000
core   0: 0x8000066e (0xf4788893) addi    a7, a7, -185
core   0: 3 0x8000066e (0xf4788893) x17 0xcbf7ef47
core   0: 0x80000672 (0x76fbb137) lui     sp, 0x76fbb
core   0: 3 0x80000672 (0x76fbb137) x 2 0x76fbb000
core   0: 0x80000676 (0x58a10113) addi    sp, sp, 1418
core   0: 3 0x80000676 (0x58a10113) x 2 0x76fbb58a
core   0: 0x8000067a (0x800006b7) lui     a3, 0x80000
core   0: 3 0x8000067a (0x800006b7) x13 0x80000000
core   0: 0x8000067e (0x80000637) lui     a2, 0x80000
core   0: 3 0x8000067e (0x80000637) x12 0x80000000
core   0: 0x80000682 (0xb5ba2337) lui     t1, 0xb5ba2
core   0: 3 0x80000682 (0xb5ba2337) x 6 0xb5ba2000
core   0: 0x80000686 (0xecd30313) addi    t1, t1, -307
core   0: 3 0x80000686 (0xecd30313) x 6 0xb5ba1ecd
core   0: 0x8000068a (0xfff00e13) li      t3, -1
core   0: 3 0x8000068a (0xfff00e13) x28 0xffffffff
core   0: 0x8000068e (0x1b8823b7) lui     t2, 0x1b882
core   0: 3 0x8000068e (0x1b8823b7) x 7 0x1b882000
core   0: 0x80000692 (0x53d38393) addi    t2, t2, 1341
core   0: 3 0x80000692 (0x53d38393) x 7 0x1b88253d
core   0: 0x80000696 (0x00004201) c.li    tp, 0
core   0: 3 0x80000696 (0x4201) x 4 0x00000000
core   0: 0x80000698 (0x00000001) c.nop
core   0: 3 0x80000698 (0x0001)
core   0: 0x8000069a (0x74e83137) lui     sp, 0x74e83
core   0: 3 0x8000069a (0x74e83137) x 2 0x74e83000
core   0: 0x8000069e (0x00000001) c.nop
core   0: 3 0x8000069e (0x0001)
core   0: 0x800006a0 (0x02731e33) mulh    t3, t1, t2
core   0: 3 0x800006a0 (0x02731e33) x28 0xf8032152
core   0: 0x800006a4 (0x03c67333) remu    t1, a2, t3
core   0: 3 0x800006a4 (0x03c67333) x 6 0x80000000
core   0: 0x800006a8 (0x41ce01b3) sub     gp, t3, t3
core   0: 3 0x800006a8 (0x41ce01b3) x 3 0x00000000
core   0: 0x800006ac (0x00000001) c.nop
core   0: 3 0x800006ac (0x0001)
core   0: 0x800006ae (0x0000989e) c.add   a7, t2
core   0: 3 0x800006ae (0x989e) x17 0xe7801484
core   0: 0x800006b0 (0x02f351b3) divu    gp, t1, a5
core   0: 3 0x800006b0 (0x02f351b3) x 3 0xffffffff
core   0: 0x800006b4 (0xebb18313) addi    t1, gp, -325
core   0: 3 0x800006b4 (0xebb18313) x 6 0xfffffeba
core   0: 0x800006b8 (0x0000930e) c.add   t1, gp
core   0: 3 0x800006b8 (0x930e) x 6 0xfffffeb9
core   0: 0x800006ba (0x01ce06b3) add     a3, t3, t3
core   0: 3 0x800006ba (0x01ce06b3) x13 0xf00642a4
core   0: 0x800006be (0x02468233) mul     tp, a3, tp
core   0: 3 0x800006be (0x02468233) x 4 0x00000000
core   0: 0x800006c2 (0x02c7a6b3) mulhsu  a3, a5, a2
core   0: 3 0x800006c2 (0x02c7a6b3) x13 0x00000000
core   0: 0x800006c6 (0xb989e6b7) lui     a3, 0xb989e
core   0: 3 0x800006c6 (0xb989e6b7) x13 0xb989e000
core   0: 0x800006ca (0x50bd21b7) lui     gp, 0x50bd2
core   0: 3 0x800006ca (0x50bd21b7) x 3 0x50bd2000
core   0: 0x800006ce (0x403181b3) sub     gp, gp, gp
core   0: 3 0x800006ce (0x403181b3) x 3 0x00000000
core   0: 0x800006d2 (0x02d19e33) mulh    t3, gp, a3
core   0: 3 0x800006d2 (0x02d19e33) x28 0x00000000
core   0: 0x800006d6 (0x022381b3) mul     gp, t2, sp
core   0: 3 0x800006d6 (0x022381b3) x 3 0xea437000
core   0: 0x800006da (0x02317333) remu    t1, sp, gp
core   0: 3 0x800006da (0x02317333) x 6 0x74e83000
core   0: 0x800006de (0x024186b3) mul     a3, gp, tp
core   0: 3 0x800006de (0x024186b3) x13 0x00000000
core   0: 0x800006e2 (0x0268c1b3) div     gp, a7, t1
core   0: 3 0x800006e2 (0x0268c1b3) x 3 0x00000000
core   0: 0x800006e6 (0x02d213b3) mulh    t2, tp, a3
core   0: 3 0x800006e6 (0x02d213b3) x 7 0x00000000
core   0: 0x800006ea (0x02c3f8b3) remu    a7, t2, a2
core   0: 3 0x800006ea (0x02c3f8b3) x17 0x00000000
core   0: 0x800006ee (0x02f6d6b3) divu    a3, a3, a5
core   0: 3 0x800006ee (0x02f6d6b3) x13 0xffffffff
core   0: 0x800006f2 (0x80000637) lui     a2, 0x80000
core   0: 3 0x800006f2 (0x80000637) x12 0x80000000
core   0: 0x800006f6 (0x00004e81) c.li    t4, 0
core   0: 3 0x800006f6 (0x4e81) x29 0x00000000
core   0: 0x800006f8 (0xfff00b93) li      s7, -1
core   0: 3 0x800006f8 (0xfff00b93) x23 0xffffffff
core   0: 0x800006fc (0xfff00193) li      gp, -1
core   0: 3 0x800006fc (0xfff00193) x 3 0xffffffff
core   0: 0x80000700 (0x00004101) c.li    sp, 0
core   0: 3 0x80000700 (0x4101) x 2 0x00000000
core   0: 0x80000702 (0xfff00f93) li      t6, -1
core   0: 3 0x80000702 (0xfff00f93) x31 0xffffffff
core   0: 0x80000706 (0x00004d01) c.li    s10, 0
core   0: 3 0x80000706 (0x4d01) x26 0x00000000
core   0: 0x80000708 (0x62445a37) lui     s4, 0x62445
core   0: 3 0x80000708 (0x62445a37) x20 0x62445000
core   0: 0x8000070c (0x303a0a13) addi    s4, s4, 771
core   0: 3 0x8000070c (0x303a0a13) x20 0x62445303
core   0: 0x80000710 (0x800008b7) lui     a7, 0x80000
core   0: 3 0x80000710 (0x800008b7) x17 0x80000000
core   0: 0x80000714 (0xfff00213) li      tp, -1
core   0: 3 0x80000714 (0xfff00213) x 4 0xffffffff
core   0: 0x80000718 (0x034bd1b3) divu    gp, s7, s4
core   0: 3 0x80000718 (0x034bd1b3) x 3 0x00000002
core   0: 0x8000071c (0x022888b3) mul     a7, a7, sp
core   0: 3 0x8000071c (0x022888b3) x17 0x00000000
core   0: 0x80000720 (0x03114a33) div     s4, sp, a7
core   0: 3 0x80000720 (0x03114a33) x20 0xffffffff
core   0: 0x80000724 (0x023651b3) divu    gp, a2, gp
core   0: 3 0x80000724 (0x023651b3) x 3 0x40000000
core   0: 0x80000728 (0x034e91b3) mulh    gp, t4, s4
core   0: 3 0x80000728 (0x034e91b3) x 3 0x00000000
core   0: 0x8000072c (0x0348cd33) div     s10, a7, s4
core   0: 3 0x8000072c (0x0348cd33) x26 0x00000000
core   0: 0x80000730 (0x034ecd33) div     s10, t4, s4
core   0: 3 0x80000730 (0x034ecd33) x26 0x00000000
core   0: 0x80000734 (0x22fa0613) addi    a2, s4, 559
core   0: 3 0x80000734 (0x22fa0613) x12 0x0000022e
core   0: 0x80000738 (0x03a8bd33) mulhu   s10, a7, s10
core   0: 3 0x80000738 (0x03a8bd33) x26 0x00000000
core   0: 0x8000073c (0x01f10233) add     tp, sp, t6
core   0: 3 0x8000073c (0x01f10233) x 4 0xffffffff
core   0: 0x80000740 (0x034e88b3) mul     a7, t4, s4
core   0: 3 0x80000740 (0x034e88b3) x17 0x00000000
core   0: 0x80000744 (0x02c1e1b3) rem     gp, gp, a2
core   0: 3 0x80000744 (0x02c1e1b3) x 3 0x00000000
core   0: 0x80000748 (0x403101b3) sub     gp, sp, gp
core   0: 3 0x80000748 (0x403101b3) x 3 0x00000000
core   0: 0x8000074c (0x41710a33) sub     s4, sp, s7
core   0: 3 0x8000074c (0x41710a33) x20 0x00000001
core   0: 0x80000750 (0x00cb8233) add     tp, s7, a2
core   0: 3 0x80000750 (0x00cb8233) x 4 0x0000022d
core   0: 0x80000754 (0x034ead33) mulhsu  s10, t4, s4
core   0: 3 0x80000754 (0x034ead33) x26 0x00000000
core   0: 0x80000758 (0x00000001) c.nop
core   0: 3 0x80000758 (0x0001)
core   0: 0x8000075a (0xfff00193) li      gp, -1
core   0: 3 0x8000075a (0xfff00193) x 3 0xffffffff
core   0: 0x8000075e (0x4a215637) lui     a2, 0x4a215
core   0: 3 0x8000075e (0x4a215637) x12 0x4a215000
core   0: 0x80000762 (0x4f360613) addi    a2, a2, 1267
core   0: 3 0x80000762 (0x4f360613) x12 0x4a2154f3
core   0: 0x80000766 (0x3e5eeab7) lui     s5, 0x3e5ee
core   0: 3 0x80000766 (0x3e5eeab7) x21 0x3e5ee000
core   0: 0x8000076a (0x830a8a93) addi    s5, s5, -2000
core   0: 3 0x8000076a (0x830a8a93) x21 0x3e5ed830
core   0: 0x8000076e (0x45356237) lui     tp, 0x45356
core   0: 3 0x8000076e (0x45356237) x 4 0x45356000
core   0: 0x80000772 (0x3d620213) addi    tp, tp, 982
core   0: 3 0x80000772 (0x3d620213) x 4 0x453563d6
core   0: 0x80000776 (0x80000737) lui     a4, 0x80000
core   0: 3 0x80000776 (0x80000737) x14 0x80000000
core   0: 0x8000077a (0xfff00793) li      a5, -1
core   0: 3 0x8000077a (0xfff00793) x15 0xffffffff
core   0: 0x8000077e (0x00004e01) c.li    t3, 0
core   0: 3 0x8000077e (0x4e01) x28 0x00000000
core   0: 0x80000780 (0xc1cbcdb7) lui     s11, 0xc1cbc
core   0: 3 0x80000780 (0xc1cbcdb7) x27 0xc1cbc000
core   0: 0x80000784 (0xdf4d8d93) addi    s11, s11, -524
core   0: 3 0x80000784 (0xdf4d8d93) x27 0xc1cbbdf4
core   0: 0x80000788 (0x2075efb7) lui     t6, 0x2075e
core   0: 3 0x80000788 (0x2075efb7) x31 0x2075e000
core   0: 0x8000078c (0x204f8f93) addi    t6, t6, 516
core   0: 3 0x8000078c (0x204f8f93) x31 0x2075e204
core   0: 0x80000790 (0x00004f01) c.li    t5, 0
core   0: 3 0x80000790 (0x4f01) x30 0x00000000
core   0: 0x80000792 (0x023e4ab3) div     s5, t3, gp
core   0: 3 0x80000792 (0x023e4ab3) x21 0x00000000
core   0: 0x80000796 (0x01bd8233) add     tp, s11, s11
core   0: 3 0x80000796 (0x01bd8233) x 4 0x83977be8
core   0: 0x8000079a (0x66a6f237) lui     tp, 0x66a6f
core   0: 3 0x8000079a (0x66a6f237) x 4 0x66a6f000
core   0: 0x8000079e (0x02eae1b3) rem     gp, s5, a4
core   0: 3 0x8000079e (0x02eae1b3) x 3 0x00000000
core   0: 0x800007a2 (0x01b78ab3) add     s5, a5, s11
core   0: 3 0x800007a2 (0x01b78ab3) x21 0xc1cbbdf3
core   0: 0x800007a6 (0x0b3f0793) addi    a5, t5, 179
core   0: 3 0x800007a6 (0x0b3f0793) x15 0x000000b3
core   0: 0x800007aa (0x03e74633) div     a2, a4, t5
core   0: 3 0x800007aa (0x03e74633) x12 0xffffffff
core   0: 0x800007ae (0x02f7fdb3) remu    s11, a5, a5
core   0: 3 0x800007ae (0x02f7fdb3) x27 0x00000000
core   0: 0x800007b2 (0xdf9ba737) lui     a4, 0xdf9ba
core   0: 3 0x800007b2 (0xdf9ba737) x14 0xdf9ba000
core   0: 0x800007b6 (0xeb660793) addi    a5, a2, -330
core   0: 3 0x800007b6 (0xeb660793) x15 0xfffffeb5
core   0: 0x800007ba (0x46fd0197) auipc   gp, 0x46fd0
core   0: 3 0x800007ba (0x46fd0197) x 3 0xc6fd07ba
core   0: 0x800007be (0x5c4a8613) addi    a2, s5, 1476
core   0: 3 0x800007be (0x5c4a8613) x12 0xc1cbc3b7
core   0: 0x800007c2 (0x02f1e7b3) rem     a5, gp, a5
core   0: 3 0x800007c2 (0x02f1e7b3) x15 0xfffffeeb
core   0: 0x800007c6 (0x003e07b3) add     a5, t3, gp
core   0: 3 0x800007c6 (0x003e07b3) x15 0xc6fd07ba
core   0: 0x800007ca (0x02f26233) rem     tp, tp, a5
core   0: 3 0x800007ca (0x02f26233) x 4 0x2da3f7ba
core   0: 0x800007ce (0x00c18733) add     a4, gp, a2
core   0: 3 0x800007ce (0x00c18733) x14 0x88c8cb71
core   0: 0x800007d2 (0xb4718793) addi    a5, gp, -1209
core   0: 3 0x800007d2 (0xb4718793) x15 0xc6fd0301
core   0: 0x800007d6 (0x035dd633) divu    a2, s11, s5
core   0: 3 0x800007d6 (0x035dd633) x12 0x00000000
core   0: 0x800007da (0xdc4f0217) auipc   tp, 0xdc4f0
core   0: 3 0x800007da (0xdc4f0217) x 4 0x5c4f07da
core   0: 0x800007de (0x00000001) c.nop
core   0: 3 0x800007de (0x0001)
core   0: 0x800007e0 (0x03c73fb3) mulhu   t6, a4, t3
core   0: 3 0x800007e0 (0x03c73fb3) x31 0x00000000
core   0: 0x800007e4 (0x41e60f33) sub     t5, a2, t5
core   0: 3 0x800007e4 (0x41e60f33) x30 0x00000000
core   0: 0x800007e8 (0x035251b3) divu    gp, tp, s5
core   0: 3 0x800007e8 (0x035251b3) x 3 0x00000000
core   0: 0x800007ec (0x02471633) mulh    a2, a4, tp
core   0: 3 0x800007ec (0x02471633) x12 0xd5035b6b
core   0: 0x800007f0 (0x02eda733) mulhsu  a4, s11, a4
core   0: 3 0x800007f0 (0x02eda733) x14 0x00000000
core   0: 0x800007f4 (0x02facf33) div     t5, s5, a5
core   0: 3 0x800007f4 (0x02facf33) x30 0x00000001
core   0: 0x800007f8 (0x035ae233) rem     tp, s5, s5
core   0: 3 0x800007f8 (0x035ae233) x 4 0x00000000
core   0: 0x800007fc (0x02325733) divu    a4, tp, gp
core   0: 3 0x800007fc (0x02325733) x14 0xffffffff
core   0: 0x80000800 (0x01e20ab3) add     s5, tp, t5
core   0: 3 0x80000800 (0x01e20ab3) x21 0x00000001
core   0: 0x80000804 (0x024e31b3) mulhu   gp, t3, tp
core   0: 3 0x80000804 (0x024e31b3) x 3 0x00000000
core   0: 0x80000808 (0xfff00193) li      gp, -1
core   0: 3 0x80000808 (0xfff00193) x 3 0xffffffff
core   0: 0x8000080c (0xfff00713) li      a4, -1
core   0: 3 0x8000080c (0xfff00713) x14 0xffffffff
core   0: 0x80000810 (0xfff00613) li      a2, -1
core   0: 3 0x80000810 (0xfff00613) x12 0xffffffff
core   0: 0x80000814 (0x00004081) c.li    ra, 0
core   0: 3 0x80000814 (0x4081) x 1 0x00000000
core   0: 0x80000816 (0x34887e37) lui     t3, 0x34887
core   0: 3 0x80000816 (0x34887e37) x28 0x34887000
core   0: 0x8000081a (0x96ae0e13) addi    t3, t3, -1686
core   0: 3 0x8000081a (0x96ae0e13) x28 0x3488696a
core   0: 0x8000081e (0xfff00793) li      a5, -1
core   0: 3 0x8000081e (0xfff00793) x15 0xffffffff
core   0: 0x80000822 (0xfff00413) li      s0, -1
core   0: 3 0x80000822 (0xfff00413) x 8 0xffffffff
core   0: 0x80000826 (0xa45afbb7) lui     s7, 0xa45af
core   0: 3 0x80000826 (0xa45afbb7) x23 0xa45af000
core   0: 0x8000082a (0x7deb8b93) addi    s7, s7, 2014
core   0: 3 0x8000082a (0x7deb8b93) x23 0xa45af7de
core   0: 0x8000082e (0x80000537) lui     a0, 0x80000
core   0: 3 0x8000082e (0x80000537) x10 0x80000000
core   0: 0x80000832 (0x80000a37) lui     s4, 0x80000
core   0: 3 0x80000832 (0x80000a37) x20 0x80000000
core   0: 0x80000836 (0x00000001) c.nop
core   0: 3 0x80000836 (0x0001)
core   0: 0x80000838 (0x037e0433) mul     s0, t3, s7
core   0: 3 0x80000838 (0x037e0433) x 8 0x2344afec
core   0: 0x8000083c (0x16d610b7) lui     ra, 0x16d61
core   0: 3 0x8000083c (0x16d610b7) x 1 0x16d61000
core   0: 0x80000840 (0x02c0ebb3) rem     s7, ra, a2
core   0: 3 0x80000840 (0x02c0ebb3) x23 0x00000000
core   0: 0x80000844 (0x40eb8a33) sub     s4, s7, a4
core   0: 3 0x80000844 (0x40eb8a33) x20 0x00000001
core   0: 0x80000848 (0x02e09bb3) mulh    s7, ra, a4
core   0: 3 0x80000848 (0x02e09bb3) x23 0xffffffff
core   0: 0x8000084c (0xc2dcf737) lui     a4, 0xc2dcf
core   0: 3 0x8000084c (0xc2dcf737) x14 0xc2dcf000
core   0: 0x80000850 (0x0347b533) mulhu   a0, a5, s4
core   0: 3 0x80000850 (0x0347b533) x10 0x00000000
core   0: 0x80000854 (0x034babb3) mulhsu  s7, s7, s4
core   0: 3 0x80000854 (0x034babb3) x23 0xffffffff
core   0: 0x80000858 (0x00000001) c.nop
core   0: 3 0x80000858 (0x0001)
core   0: 0x8000085a (0x08dc2637) lui     a2, 0x8dc2
core   0: 3 0x8000085a (0x08dc2637) x12 0x08dc2000
core   0: 0x8000085e (0x034541b3) div     gp, a0, s4
core   0: 3 0x8000085e (0x034541b3) x 3 0x00000000
core   0: 0x80000862 (0x02344533) div     a0, s0, gp
core   0: 3 0x80000862 (0x02344533) x10 0xffffffff
core   0: 0x80000866 (0x02e0ebb3) rem     s7, ra, a4
core   0: 3 0x80000866 (0x02e0ebb3) x23 0x16d61000
core   0: 0x8000086a (0x41708a33) sub     s4, ra, s7
core   0: 3 0x8000086a (0x41708a33) x20 0x00000000
core   0: 0x8000086e (0x02150bb3) mul     s7, a0, ra
core   0: 3 0x8000086e (0x02150bb3) x23 0xe929f000
core   0: 0x80000872 (0x021be0b3) rem     ra, s7, ra
core   0: 3 0x80000872 (0x021be0b3) x 1 0x00000000
core   0: 0x80000876 (0x00000001) c.nop
core   0: 3 0x80000876 (0x0001)
core   0: 0x80000878 (0x60567937) lui     s2, 0x60567
core   0: 3 0x80000878 (0x60567937) x18 0x60567000
core   0: 0x8000087c (0x65b90913) addi    s2, s2, 1627
core   0: 3 0x8000087c (0x65b90913) x18 0x6056765b
core   0: 0x80000880 (0xfff00593) li      a1, -1
core   0: 3 0x80000880 (0xfff00593) x11 0xffffffff
core   0: 0x80000884 (0x7d763737) lui     a4, 0x7d763
core   0: 3 0x80000884 (0x7d763737) x14 0x7d763000
core   0: 0x80000888 (0x09870713) addi    a4, a4, 152
core   0: 3 0x80000888 (0x09870713) x14 0x7d763098
core   0: 0x8000088c (0xa73c1437) lui     s0, 0xa73c1
core   0: 3 0x8000088c (0xa73c1437) x 8 0xa73c1000
core   0: 0x80000890 (0x1f240413) addi    s0, s0, 498
core   0: 3 0x80000890 (0x1f240413) x 8 0xa73c11f2
core   0: 0x80000894 (0x00004b81) c.li    s7, 0
core   0: 3 0x80000894 (0x4b81) x23 0x00000000
core   0: 0x80000896 (0x00004881) c.li    a7, 0
core   0: 3 0x80000896 (0x4881) x17 0x00000000
core   0: 0x80000898 (0x80000db7) lui     s11, 0x80000
core   0: 3 0x80000898 (0x80000db7) x27 0x80000000
core   0: 0x8000089c (0x310bcc37) lui     s8, 0x310bc
core   0: 3 0x8000089c (0x310bcc37) x24 0x310bc000
core   0: 0x800008a0 (0x2c8c0c13) addi    s8, s8, 712
core   0: 3 0x800008a0 (0x2c8c0c13) x24 0x310bc2c8
core   0: 0x800008a4 (0x80000d37) lui     s10, 0x80000
core   0: 3 0x800008a4 (0x80000d37) x26 0x80000000
core   0: 0x800008a8 (0x80000537) lui     a0, 0x80000
core   0: 3 0x800008a8 (0x80000537) x10 0x80000000
core   0: 0x800008ac (0x03bd2433) mulhsu  s0, s10, s11
core   0: 3 0x800008ac (0x03bd2433) x 8 0xc0000000
core   0: 0x800008b0 (0x41188433) sub     s0, a7, a7
core   0: 3 0x800008b0 (0x41188433) x 8 0x00000000
core   0: 0x800008b4 (0x032d8bb3) mul     s7, s11, s2
core   0: 3 0x800008b4 (0x032d8bb3) x23 0x80000000
core   0: 0x800008b8 (0x03bbcbb3) div     s7, s7, s11
core   0: 3 0x800008b8 (0x03bbcbb3) x23 0x00000001
core   0: 0x800008bc (0x03a73d33) mulhu   s10, a4, s10
core   0: 3 0x800008bc (0x03a73d33) x26 0x3ebb184c
core   0: 0x800008c0 (0x03b5d433) divu    s0, a1, s11
core   0: 3 0x800008c0 (0x03b5d433) x 8 0x00000001
core   0: 0x800008c4 (0x03176933) rem     s2, a4, a7
core   0: 3 0x800008c4 (0x03176933) x18 0x7d763098
core   0: 0x800008c8 (0x032718b3) mulh    a7, a4, s2
core   0: 3 0x800008c8 (0x032718b3) x17 0x3d7ca205
core   0: 0x800008cc (0xe00b7937) lui     s2, 0xe00b7
core   0: 3 0x800008cc (0xe00b7937) x18 0xe00b7000
core   0: 0x800008d0 (0x031568b3) rem     a7, a0, a7
core   0: 3 0x800008d0 (0x031568b3) x17 0xfaf9440a
core   0: 0x800008d4 (0x03747bb3) remu    s7, s0, s7
core   0: 3 0x800008d4 (0x03747bb3) x23 0x00000000
core   0: 0x800008d8 (0x03b75733) divu    a4, a4, s11
core   0: 3 0x800008d8 (0x03b75733) x14 0x00000000
core   0: 0x800008dc (0x418705b3) sub     a1, a4, s8
core   0: 3 0x800008dc (0x418705b3) x11 0xcef43d38
core   0: 0x800008e0 (0x00000001) c.nop
core   0: 3 0x800008e0 (0x0001)
core   0: 0x800008e2 (0x02ab95b3) mulh    a1, s7, a0
core   0: 3 0x800008e2 (0x02ab95b3) x11 0x00000000
core   0: 0x800008e6 (0x01258533) add     a0, a1, s2
core   0: 3 0x800008e6 (0x01258533) x10 0xe00b7000
core   0: 0x800008ea (0x00000001) c.nop
core   0: 3 0x800008ea (0x0001)
core   0: 0x800008ec (0x80000db7) lui     s11, 0x80000
core   0: 3 0x800008ec (0x80000db7) x27 0x80000000
core   0: 0x800008f0 (0x80000637) lui     a2, 0x80000
core   0: 3 0x800008f0 (0x80000637) x12 0x80000000
core   0: 0x800008f4 (0x00004881) c.li    a7, 0
core   0: 3 0x800008f4 (0x4881) x17 0x00000000
core   0: 0x800008f6 (0x34f2eb37) lui     s6, 0x34f2e
core   0: 3 0x800008f6 (0x34f2eb37) x22 0x34f2e000
core   0: 0x800008fa (0xe7bb0b13) addi    s6, s6, -389
core   0: 3 0x800008fa (0xe7bb0b13) x22 0x34f2de7b
core   0: 0x800008fe (0x800000b7) lui     ra, 0x80000
core   0: 3 0x800008fe (0x800000b7) x 1 0x80000000
core   0: 0x80000902 (0x938a56b7) lui     a3, 0x938a5
core   0: 3 0x80000902 (0x938a56b7) x13 0x938a5000
core   0: 0x80000906 (0x1f868693) addi    a3, a3, 504
core   0: 3 0x80000906 (0x1f868693) x13 0x938a51f8
core   0: 0x8000090a (0xfff00993) li      s3, -1
core   0: 3 0x8000090a (0xfff00993) x19 0xffffffff
core   0: 0x8000090e (0x00004381) c.li    t2, 0
core   0: 3 0x8000090e (0x4381) x 7 0x00000000
core   0: 0x80000910 (0x80000737) lui     a4, 0x80000
core   0: 3 0x80000910 (0x80000737) x14 0x80000000
core   0: 0x80000914 (0x00004a81) c.li    s5, 0
core   0: 3 0x80000914 (0x4a81) x21 0x00000000
core   0: 0x80000916 (0x2aea93b7) lui     t2, 0x2aea9
core   0: 3 0x80000916 (0x2aea93b7) x 7 0x2aea9000
core   0: 0x8000091a (0x0cc70713) addi    a4, a4, 204
core   0: 3 0x8000091a (0x0cc70713) x14 0x800000cc
core   0: 0x8000091e (0x63d270b7) lui     ra, 0x63d27
core   0: 3 0x8000091e (0x63d270b7) x 1 0x63d27000
core   0: 0x80000922 (0x0350d8b3) divu    a7, ra, s5
core   0: 3 0x80000922 (0x0350d8b3) x17 0xffffffff
core   0: 0x80000926 (0x036de0b3) rem     ra, s11, s6
core   0: 3 0x80000926 (0x036de0b3) x 1 0xe9e5bcf6
core   0: 0x8000092a (0x316a8d93) addi    s11, s5, 790
core   0: 3 0x8000092a (0x316a8d93) x27 0x00000316
core   0: 0x8000092e (0x027afb33) remu    s6, s5, t2
core   0: 3 0x8000092e (0x027afb33) x22 0x00000000
core   0: 0x80000932 (0x02eab733) mulhu   a4, s5, a4
core   0: 3 0x80000932 (0x02eab733) x14 0x00000000
core   0: 0x80000936 (0xc8d6ed97) auipc   s11, 0xc8d6e
core   0: 3 0x80000936 (0xc8d6ed97) x27 0x48d6e936
core   0: 0x8000093a (0x035380b3) mul     ra, t2, s5
core   0: 3 0x8000093a (0x035380b3) x 1 0x00000000
core   0: 0x8000093e (0x02772733) mulhsu  a4, a4, t2
core   0: 3 0x8000093e (0x02772733) x14 0x00000000
core   0: 0x80000942 (0xb01c6697) auipc   a3, 0xb01c6
core   0: 3 0x80000942 (0xb01c6697) x13 0x301c6942
core   0: 0x80000946 (0x036df3b3) remu    t2, s11, s6
core   0: 3 0x80000946 (0x036df3b3) x 7 0x48d6e936
core   0: 0x8000094a (0x40d380b3) sub     ra, t2, a3
core   0: 3 0x8000094a (0x40d380b3) x 1 0x18ba7ff4
core   0: 0x8000094e (0x02d669b3) rem     s3, a2, a3
core   0: 3 0x8000094e (0x02d669b3) x19 0xe038d284
core   0: 0x80000952 (0x04388613) addi    a2, a7, 67
core   0: 3 0x80000952 (0x04388613) x12 0x00000042
core   0: 0x80000956 (0x69414d37) lui     s10, 0x69414
core   0: 3 0x80000956 (0x69414d37) x26 0x69414000
core   0: 0x8000095a (0xb6cd0d13) addi    s10, s10, -1172
core   0: 3 0x8000095a (0xb6cd0d13) x26 0x69413b6c
core   0: 0x8000095e (0x800007b7) lui     a5, 0x80000
core   0: 3 0x8000095e (0x800007b7) x15 0x80000000
core   0: 0x80000962 (0x80000f37) lui     t5, 0x80000
core   0: 3 0x80000962 (0x80000f37) x30 0x80000000
core   0: 0x80000966 (0x00004201) c.li    tp, 0
core   0: 3 0x80000966 (0x4201) x 4 0x00000000
core   0: 0x80000968 (0xfff00913) li      s2, -1
core   0: 3 0x80000968 (0xfff00913) x18 0xffffffff
core   0: 0x8000096c (0xa4db1137) lui     sp, 0xa4db1
core   0: 3 0x8000096c (0xa4db1137) x 2 0xa4db1000
core   0: 0x80000970 (0x07810113) addi    sp, sp, 120
core   0: 3 0x80000970 (0x07810113) x 2 0xa4db1078
core   0: 0x80000974 (0xfff00413) li      s0, -1
core   0: 3 0x80000974 (0xfff00413) x 8 0xffffffff
core   0: 0x80000978 (0xfff00c13) li      s8, -1
core   0: 3 0x80000978 (0xfff00c13) x24 0xffffffff
core   0: 0x8000097c (0xfff00e93) li      t4, -1
core   0: 3 0x8000097c (0xfff00e93) x29 0xffffffff
core   0: 0x80000980 (0x80000337) lui     t1, 0x80000
core   0: 3 0x80000980 (0x80000337) x 6 0x80000000
core   0: 0x80000984 (0x028ef433) remu    s0, t4, s0
core   0: 3 0x80000984 (0x028ef433) x 8 0x00000000
core   0: 0x80000988 (0x02821f33) mulh    t5, tp, s0
core   0: 3 0x80000988 (0x02821f33) x30 0x00000000
core   0: 0x8000098c (0x03879c33) mulh    s8, a5, s8
core   0: 3 0x8000098c (0x03879c33) x24 0x00000000
core   0: 0x80000990 (0x90cf0e93) addi    t4, t5, -1780
core   0: 3 0x80000990 (0x90cf0e93) x29 0xfffff90c
core   0: 0x80000994 (0x56e95217) auipc   tp, 0x56e95
core   0: 3 0x80000994 (0x56e95217) x 4 0xd6e95994
core   0: 0x80000998 (0x024937b3) mulhu   a5, s2, tp
core   0: 3 0x80000998 (0x024937b3) x15 0xd6e95993
core   0: 0x8000099c (0x02f45233) divu    tp, s0, a5
core   0: 3 0x8000099c (0x02f45233) x 4 0x00000000
core   0: 0x800009a0 (0x03a94d33) div     s10, s2, s10
core   0: 3 0x800009a0 (0x03a94d33) x26 0x00000000
core   0: 0x800009a4 (0x02621eb3) mulh    t4, tp, t1
core   0: 3 0x800009a4 (0x02621eb3) x29 0x00000000
core   0: 0x800009a8 (0x408d0eb3) sub     t4, s10, s0
core   0: 3 0x800009a8 (0x408d0eb3) x29 0x00000000
core   0: 0x800009ac (0x0b35ff37) lui     t5, 0xb35f
core   0: 3 0x800009ac (0x0b35ff37) x30 0x0b35f000
core   0: 0x800009b0 (0x0247b7b3) mulhu   a5, a5, tp
core   0: 3 0x800009b0 (0x0247b7b3) x15 0x00000000
core   0: 0x800009b4 (0x028ecd33) div     s10, t4, s0
core   0: 3 0x800009b4 (0x028ecd33) x26 0xffffffff
core   0: 0x800009b8 (0x00000001) c.nop
core   0: 3 0x800009b8 (0x0001)
core   0: 0x800009ba (0xcd440313) addi    t1, s0, -812
core   0: 3 0x800009ba (0xcd440313) x 6 0xfffffcd4
core   0: 0x800009be (0x03d43333) mulhu   t1, s0, t4
core   0: 3 0x800009be (0x03d43333) x 6 0x00000000
core   0: 0x800009c2 (0x03dd67b3) rem     a5, s10, t4
core   0: 3 0x800009c2 (0x03dd67b3) x15 0xffffffff
core   0: 0x800009c6 (0x024f3133) mulhu   sp, t5, tp
core   0: 3 0x800009c6 (0x024f3133) x 2 0x00000000
core   0: 0x800009ca (0x032157b3) divu    a5, sp, s2
core   0: 3 0x800009ca (0x032157b3) x15 0x00000000
core   0: 0x800009ce (0x03a14c33) div     s8, sp, s10
core   0: 3 0x800009ce (0x03a14c33) x24 0x00000000
core   0: 0x800009d2 (0x00000001) c.nop
core   0: 3 0x800009d2 (0x0001)
core   0: 0x800009d4 (0x01240f33) add     t5, s0, s2
core   0: 3 0x800009d4 (0x01240f33) x30 0xffffffff
core   0: 0x800009d8 (0x02214f33) div     t5, sp, sp
core   0: 3 0x800009d8 (0x02214f33) x30 0xffffffff
core   0: 0x800009dc (0x038ea333) mulhsu  t1, t4, s8
core   0: 3 0x800009dc (0x038ea333) x 6 0x00000000
core   0: 0x800009e0 (0x022ec133) div     sp, t4, sp
core   0: 3 0x800009e0 (0x022ec133) x 2 0xffffffff
core   0: 0x800009e4 (0xa7178913) addi    s2, a5, -1423
core   0: 3 0x800009e4 (0xa7178913) x18 0xfffffa71
core   0: 0x800009e8 (0x00004081) c.li    ra, 0
core   0: 3 0x800009e8 (0x4081) x 1 0x00000000
core   0: 0x800009ea (0x80000f37) lui     t5, 0x80000
core   0: 3 0x800009ea (0x80000f37) x30 0x80000000
core   0: 0x800009ee (0x00004381) c.li    t2, 0
core   0: 3 0x800009ee (0x4381) x 7 0x00000000
core   0: 0x800009f0 (0xcb266bb7) lui     s7, 0xcb266
core   0: 3 0x800009f0 (0xcb266bb7) x23 0xcb266000
core   0: 0x800009f4 (0x18ab8b93) addi    s7, s7, 394
core   0: 3 0x800009f4 (0x18ab8b93) x23 0xcb26618a
core   0: 0x800009f8 (0x00004881) c.li    a7, 0
core   0: 3 0x800009f8 (0x4881) x17 0x00000000
core   0: 0x800009fa (0x8cdb1137) lui     sp, 0x8cdb1
core   0: 3 0x800009fa (0x8cdb1137) x 2 0x8cdb1000
core   0: 0x800009fe (0x98210113) addi    sp, sp, -1662
core   0: 3 0x800009fe (0x98210113) x 2 0x8cdb0982
core   0: 0x80000a02 (0x00004201) c.li    tp, 0
core   0: 3 0x80000a02 (0x4201) x 4 0x00000000
core   0: 0x80000a04 (0xc11b51b7) lui     gp, 0xc11b5
core   0: 3 0x80000a04 (0xc11b51b7) x 3 0xc11b5000
core   0: 0x80000a08 (0xb2f18193) addi    gp, gp, -1233
core   0: 3 0x80000a08 (0xb2f18193) x 3 0xc11b4b2f
core   0: 0x80000a0c (0x80000b37) lui     s6, 0x80000
core   0: 3 0x80000a0c (0x80000b37) x22 0x80000000
core   0: 0x80000a10 (0x80000437) lui     s0, 0x80000
core   0: 3 0x80000a10 (0x80000437) x 8 0x80000000
core   0: 0x80000a14 (0xc8f5f437) lui     s0, 0xc8f5f
core   0: 3 0x80000a14 (0xc8f5f437) x 8 0xc8f5f000
core   0: 0x80000a18 (0x037400b3) mul     ra, s0, s7
core   0: 3 0x80000a18 (0x037400b3) x 1 0x24836000
core   0: 0x80000a1c (0x0313ab33) mulhsu  s6, t2, a7
core   0: 3 0x80000a1c (0x0313ab33) x22 0x00000000
core   0: 0x80000a20 (0x03e1b8b3) mulhu   a7, gp, t5
core   0: 3 0x80000a20 (0x03e1b8b3) x17 0x608da597
core   0: 0x80000a24 (0x03689f33) mulh    t5, a7, s6
core   0: 3 0x80000a24 (0x03689f33) x30 0x00000000
core   0: 0x80000a28 (0x0313cf33) div     t5, t2, a7
core   0: 3 0x80000a28 (0x0313cf33) x30 0x00000000
core   0: 0x80000a2c (0x1ca630b7) lui     ra, 0x1ca63
core   0: 3 0x80000a2c (0x1ca630b7) x 1 0x1ca63000
core   0: 0x80000a30 (0x03e14233) div     tp, sp, t5
core   0: 3 0x80000a30 (0x03e14233) x 4 0xffffffff
core   0: 0x80000a34 (0x0378e433) rem     s0, a7, s7
core   0: 3 0x80000a34 (0x0378e433) x 8 0x2bb40721
core   0: 0x80000a38 (0x0233b133) mulhu   sp, t2, gp
core   0: 3 0x80000a38 (0x0233b133) x 2 0x00000000
core   0: 0x80000a3c (0x03e8a233) mulhsu  tp, a7, t5
core   0: 3 0x80000a3c (0x03e8a233) x 4 0x00000000
core   0: 0x80000a40 (0x02842133) mulhsu  sp, s0, s0
core   0: 3 0x80000a40 (0x02842133) x 2 0x0775f8ff
core   0: 0x80000a44 (0x0ef40213) addi    tp, s0, 239
core   0: 3 0x80000a44 (0x0ef40213) x 4 0x2bb40810
core   0: 0x80000a48 (0x02245b33) divu    s6, s0, sp
core   0: 3 0x80000a48 (0x02245b33) x22 0x00000005
core   0: 0x80000a4c (0x03116133) rem     sp, sp, a7
core   0: 3 0x80000a4c (0x03116133) x 2 0x0775f8ff
core   0: 0x80000a50 (0x95845137) lui     sp, 0x95845
core   0: 3 0x80000a50 (0x95845137) x 2 0x95845000
core   0: 0x80000a54 (0x0f521f17) auipc   t5, 0xf521
core   0: 3 0x80000a54 (0x0f521f17) x30 0x8f521a54
core   0: 0x80000a58 (0x028258b3) divu    a7, tp, s0
core   0: 3 0x80000a58 (0x028258b3) x17 0x00000001
core   0: 0x80000a5c (0x03e1f133) remu    sp, gp, t5
core   0: 3 0x80000a5c (0x03e1f133) x 2 0x31c930db
core   0: 0x80000a60 (0x027f7bb3) remu    s7, t5, t2
core   0: 3 0x80000a60 (0x027f7bb3) x23 0x8f521a54
core   0: 0x80000a64 (0x03e210b3) mulh    ra, tp, t5
core   0: 3 0x80000a64 (0x03e210b3) x 1 0xecc38c9a
core   0: 0x80000a68 (0x036f78b3) remu    a7, t5, s6
core   0: 3 0x80000a68 (0x036f78b3) x17 0x00000000
core   0: 0x80000a6c (0x9329e237) lui     tp, 0x9329e
core   0: 3 0x80000a6c (0x9329e237) x 4 0x9329e000
core   0: 0x80000a70 (0x03626433) rem     s0, tp, s6
core   0: 3 0x80000a70 (0x03626433) x 8 0xfffffffc
core   0: 0x80000a74 (0x01d669b3) or      s3, a2, t4
core   0: 3 0x80000a74 (0x01d669b3) x19 0x00000042
core   0: 0x80000a78 (0x41cf5f33) sra     t5, t5, t3
core   0: 3 0x80000a78 (0x41cf5f33) x30 0xffe3d486
core   0: 0x80000a7c (0x01cf62b3) or      t0, t5, t3
core   0: 3 0x80000a7c (0x01cf62b3) x 5 0xffebfdee
core   0: 0x80000a80 (0x00b207b3) add     a5, tp, a1
core   0: 3 0x80000a80 (0x00b207b3) x15 0x9329e000
core   0: 0x80000a84 (0x00008ee5) c.and   a3, s1
core   0: 3 0x80000a84 (0x8ee5) x13 0x00006840
core   0: 0x80000a86 (0x03bb55b3) divu    a1, s6, s11
core   0: 3 0x80000a86 (0x03bb55b3) x11 0x00000000
core   0: 0x80000a8a (0x7e76c193) xori    gp, a3, 2023
core   0: 3 0x80000a8a (0x7e76c193) x 3 0x00006fa7
core   0: 0x80000a8e (0x0343da33) divu    s4, t2, s4
core   0: 3 0x80000a8e (0x0343da33) x20 0xffffffff
core   0: 0x80000a92 (0x0000597d) c.li    s2, -1
core   0: 3 0x80000a92 (0x597d) x18 0xffffffff
core   0: 0x80000a94 (0x016ad3b3) srl     t2, s5, s6
core   0: 3 0x80000a94 (0x016ad3b3) x 7 0x00000000
core   0: 0x80000a98 (0x00008799) c.srai  a5, 6
core   0: 3 0x80000a98 (0x8799) x15 0xfe4ca780
core   0: 0x80000a9a (0x00004799) c.li    a5, 6
core   0: 3 0x80000a9a (0x4799) x15 0x00000006
core   0: 0x80000a9c (0x00000df6) c.slli  s11, 29
core   0: 3 0x80000a9c (0x0df6) x27 0xc0000000
core   0: 0x80000a9e (0x00008dd9) c.or    a1, a4
core   0: 3 0x80000a9e (0x8dd9) x11 0x00000000
core   0: 0x80000aa0 (0xa29ab113) sltiu   sp, s5, -1495
core   0: 3 0x80000aa0 (0xa29ab113) x 2 0x00000001
core   0: 0x80000aa4 (0x03037e33) remu    t3, t1, a6
core   0: 3 0x80000aa4 (0x03037e33) x28 0x00000000
core   0: 0x80000aa8 (0x03b7a433) mulhsu  s0, a5, s11
core   0: 3 0x80000aa8 (0x03b7a433) x 8 0x00000004
core   0: 0x80000aac (0x00006b51) c.lui   s6, 0x14
core   0: 3 0x80000aac (0x6b51) x22 0x00014000
core   0: 0x80000aae (0x022bf533) remu    a0, s7, sp
core   0: 3 0x80000aae (0x022bf533) x10 0x00000000
core   0: 0x80000ab2 (0x00008611) c.srai  a2, 4
core   0: 3 0x80000ab2 (0x8611) x12 0x00000004
core   0: 0x80000ab4 (0x000005b9) c.addi  a1, 14
core   0: 3 0x80000ab4 (0x05b9) x11 0x0000000e
core   0: 0x80000ab6 (0x039e4733) div     a4, t3, s9
core   0: 3 0x80000ab6 (0x039e4733) x14 0xffffffff
core   0: 0x80000aba (0x00008e99) c.sub   a3, a4
core   0: 3 0x80000aba (0x8e99) x13 0x00006841
core   0: 0x80000abc (0x01341bb3) sll     s7, s0, s3
core   0: 3 0x80000abc (0x01341bb3) x23 0x00000010
core   0: 0x80000ac0 (0x027380b3) mul     ra, t2, t2
core   0: 3 0x80000ac0 (0x027380b3) x 1 0x00000000
core   0: 0x80000ac4 (0x00008dbd) c.xor   a1, a5
core   0: 3 0x80000ac4 (0x8dbd) x11 0x00000008
core   0: 0x80000ac6 (0x00008c7a) c.mv    s8, t5
core   0: 3 0x80000ac6 (0x8c7a) x24 0xffe3d486
core   0: 0x80000ac8 (0x00008c71) c.and   s0, a2
core   0: 3 0x80000ac8 (0x8c71) x 8 0x00000004
core   0: 0x80000aca (0x0098d113) srli    sp, a7, 9
core   0: 3 0x80000aca (0x0098d113) x 2 0x00000000
core   0: 0x80000ace (0x02844fb3) div     t6, s0, s0
core   0: 3 0x80000ace (0x02844fb3) x31 0x00000001
core   0: 0x80000ad2 (0x4099d113) srai    sp, s3, 9
core   0: 3 0x80000ad2 (0x4099d113) x 2 0x00000000
core   0: 0x80000ad6 (0x00008615) c.srai  a2, 5
core   0: 3 0x80000ad6 (0x8615) x12 0x00000000
core   0: 0x80000ad8 (0xc3284513) xori    a0, a6, -974
core   0: 3 0x80000ad8 (0xc3284513) x10 0x7ffec0d6
core   0: 0x80000adc (0x028599b3) mulh    s3, a1, s0
core   0: 3 0x80000adc (0x028599b3) x19 0x00000000
core   0: 0x80000ae0 (0x00006459) c.lui   s0, 0x16
core   0: 3 0x80000ae0 (0x6459) x 8 0x00016000
core   0: 0x80000ae2 (0x00490433) add     s0, s2, tp
core   0: 3 0x80000ae2 (0x00490433) x 8 0x9329dfff
core   0: 0x80000ae6 (0x016a76b3) and     a3, s4, s6
core   0: 3 0x80000ae6 (0x016a76b3) x13 0x00014000
core   0: 0x80000aea (0x404003b3) sub     t2, zero, tp
core   0: 3 0x80000aea (0x404003b3) x 7 0x6cd62000
core   0: 0x80000aee (0x97a03093) sltiu   ra, zero, -1670
core   0: 3 0x80000aee (0x97a03093) x 1 0x00000001
core   0: 0x80000af2 (0x00008f9d) c.sub   a5, a5
core   0: 3 0x80000af2 (0x8f9d) x15 0x00000000
core   0: 0x80000af4 (0x00008c05) c.sub   s0, s1
core   0: 3 0x80000af4 (0x8c05) x 8 0x1328e19b
core   0: 0x80000af6 (0x00009092) c.add   ra, tp
core   0: 3 0x80000af6 (0x9092) x 1 0x9329e001
core   0: 0x80000af8 (0x000063b1) c.lui   t2, 0xc
core   0: 3 0x80000af8 (0x63b1) x 7 0x0000c000
core   0: 0x80000afa (0x02fdb533) mulhu   a0, s11, a5
core   0: 3 0x80000afa (0x02fdb533) x10 0x00000000
core   0: 0x80000afe (0x00000001) c.nop
core   0: 3 0x80000afe (0x0001)
core   0: 0x80000b00 (0x000081b9) c.srli  a1, 14
core   0: 3 0x80000b00 (0x81b9) x11 0x00000000
core   0: 0x80000b02 (0x0077edb3) or      s11, a5, t2
core   0: 3 0x80000b02 (0x0077edb3) x27 0x0000c000
core   0: 0x80000b06 (0x02b9a8b3) mulhsu  a7, s3, a1
core   0: 3 0x80000b06 (0x02b9a8b3) x17 0x00000000
core   0: 0x80000b0a (0x00e6d633) srl     a2, a3, a4
core   0: 3 0x80000b0a (0x00e6d633) x12 0x00000000
core   0: 0x80000b0e (0x00005b7d) c.li    s6, -1
core   0: 3 0x80000b0e (0x5b7d) x22 0xffffffff
core   0: 0x80000b10 (0x41cf83b3) sub     t2, t6, t3
core   0: 3 0x80000b10 (0x41cf83b3) x 7 0x00000001
core   0: 0x80000b14 (0x00008c61) c.and   s0, s0
core   0: 3 0x80000b14 (0x8c61) x 8 0x1328e19b
core   0: 0x80000b16 (0x025436b3) mulhu   a3, s0, t0
core   0: 3 0x80000b16 (0x025436b3) x13 0x13276241
core   0: 0x80000b1a (0x1599a093) slti    ra, s3, 345
core   0: 3 0x80000b1a (0x1599a093) x 1 0x00000001
core   0: 0x80000b1e (0x02b25b33) divu    s6, tp, a1
core   0: 3 0x80000b1e (0x02b25b33) x22 0xffffffff
core   0: 0x80000b22 (0x0000597d) c.li    s2, -1
core   0: 3 0x80000b22 (0x597d) x18 0xffffffff
core   0: 0x80000b24 (0x419ed433) sra     s0, t4, s9
core   0: 3 0x80000b24 (0x419ed433) x 8 0x00000000
core   0: 0x80000b28 (0x00000001) c.nop
core   0: 3 0x80000b28 (0x0001)
core   0: 0x80000b2a (0x012955b3) srl     a1, s2, s2
core   0: 3 0x80000b2a (0x012955b3) x11 0x00000001
core   0: 0x80000b2e (0x00009b56) c.add   s6, s5
core   0: 3 0x80000b2e (0x9b56) x22 0xffffffff
core   0: 0x80000b30 (0x4e0fcd13) xori    s10, t6, 1248
core   0: 3 0x80000b30 (0x4e0fcd13) x26 0x000004e1
core   0: 0x80000b34 (0x003b13b3) sll     t2, s6, gp
core   0: 3 0x80000b34 (0x003b13b3) x 7 0xffffff80
core   0: 0x80000b38 (0x0067e733) or      a4, a5, t1
core   0: 3 0x80000b38 (0x0067e733) x14 0x00000000
core   0: 0x80000b3c (0x035d0bb3) mul     s7, s10, s5
core   0: 3 0x80000b3c (0x035d0bb3) x23 0x00000000
core   0: 0x80000b40 (0x00b692b3) sll     t0, a3, a1
core   0: 3 0x80000b40 (0x00b692b3) x 5 0x264ec482
core   0: 0x80000b44 (0x00005bfd) c.li    s7, -1
core   0: 3 0x80000b44 (0x5bfd) x23 0xffffffff
core   0: 0x80000b46 (0x0079c933) xor     s2, s3, t2
core   0: 3 0x80000b46 (0x0079c933) x18 0xffffff80
core   0: 0x80000b4a (0x00006dd1) c.lui   s11, 0x14
core   0: 3 0x80000b4a (0x6dd1) x27 0x00014000
core   0: 0x80000b4c (0x71313e93) sltiu   t4, sp, 1811
core   0: 3 0x80000b4c (0x71313e93) x29 0x00000001
core   0: 0x80000b50 (0x027dc033) div     zero, s11, t2
core   0: 3 0x80000b50 (0x027dc033)
core   0: 0x80000b54 (0x00008c0d) c.sub   s0, a1
core   0: 3 0x80000b54 (0x8c0d) x 8 0xffffffff
core   0: 0x80000b56 (0x40b5dc13) srai    s8, a1, 11
core   0: 3 0x80000b56 (0x40b5dc13) x24 0x00000000
core   0: 0x80000b5a (0x019e1233) sll     tp, t3, s9
core   0: 3 0x80000b5a (0x019e1233) x 4 0x00000000
core   0: 0x80000b5e (0x0138dc33) srl     s8, a7, s3
core   0: 3 0x80000b5e (0x0138dc33) x24 0x00000000
core   0: 0x80000b62 (0x4ca08eb7) lui     t4, 0x4ca08
core   0: 3 0x80000b62 (0x4ca08eb7) x29 0x4ca08000
core   0: 0x80000b66 (0x978bec17) auipc   s8, 0x978be
core   0: 3 0x80000b66 (0x978bec17) x24 0x178beb66
core   0: 0x80000b6a (0x026075b3) remu    a1, zero, t1
core   0: 3 0x80000b6a (0x026075b3) x11 0x00000000
core   0: 0x80000b6e (0x01827d33) and     s10, tp, s8
core   0: 3 0x80000b6e (0x01827d33) x26 0x00000000
core   0: 0x80000b72 (0x00008bfd) c.andi  a5, 31
core   0: 3 0x80000b72 (0x8bfd) x15 0x00000000
core   0: 0x80000b74 (0x00933633) sltu    a2, t1, s1
core   0: 3 0x80000b74 (0x00933633) x12 0x00000001
core   0: 0x80000b78 (0x00008c7d) c.and   s0, a5
core   0: 3 0x80000b78 (0x8c7d) x 8 0x00000000
core   0: 0x80000b7a (0x00008d0d) c.sub   a0, a1
core   0: 3 0x80000b7a (0x8d0d) x10 0x00000000
core   0: 0x80000b7c (0x00000001) c.nop
core   0: 3 0x80000b7c (0x0001)
core   0: 0x80000b7e (0x03a62733) mulhsu  a4, a2, s10
core   0: 3 0x80000b7e (0x03a62733) x14 0x00000000
core   0: 0x80000b82 (0x00009332) c.add   t1, a2
core   0: 3 0x80000b82 (0x9332) x 6 0x00000001
core   0: 0x80000b84 (0x00008ded) c.and   a1, a1
core   0: 3 0x80000b84 (0x8ded) x11 0x00000000
core   0: 0x80000b86 (0x00006521) c.lui   a0, 0x8
core   0: 3 0x80000b86 (0x6521) x10 0x00008000
core   0: 0x80000b88 (0xeeb70b93) addi    s7, a4, -277
core   0: 3 0x80000b88 (0xeeb70b93) x23 0xfffffeeb
core   0: 0x80000b8c (0x00000001) c.nop
core   0: 3 0x80000b8c (0x0001)
core   0: 0x80000b8e (0x00c19593) slli    a1, gp, 12
core   0: 3 0x80000b8e (0x00c19593) x11 0x06fa7000
core   0: 0x80000b92 (0x0000800d) c.srli  s0, 3
core   0: 3 0x80000b92 (0x800d) x 8 0x00000000
core   0: 0x80000b94 (0x84fce793) ori     a5, s9, -1969
core   0: 3 0x80000b94 (0x84fce793) x15 0xfffff84f
core   0: 0x80000b98 (0x0000911a) c.add   sp, t1
core   0: 3 0x80000b98 (0x911a) x 2 0x00000001
core   0: 0x80000b9a (0x03a7eab3) rem     s5, a5, s10
core   0: 3 0x80000b9a (0x03a7eab3) x21 0xfffff84f
core   0: 0x80000b9e (0x54ab2213) slti    tp, s6, 1354
core   0: 3 0x80000b9e (0x54ab2213) x 4 0x00000001
core   0: 0x80000ba2 (0x03e0ffb3) remu    t6, ra, t5
core   0: 3 0x80000ba2 (0x03e0ffb3) x31 0x00000001
core   0: 0x80000ba6 (0xa73d4fb7) lui     t6, 0xa73d4
core   0: 3 0x80000ba6 (0xa73d4fb7) x31 0xa73d4000
core   0: 0x80000baa (0x002fee33) or      t3, t6, sp
core   0: 3 0x80000baa (0x002fee33) x28 0xa73d4001
core   0: 0x80000bae (0x91cd0d13) addi    s10, s10, -1764
core   0: 3 0x80000bae (0x91cd0d13) x26 0xfffff91c
core   0: 0x80000bb2 (0x00008651) c.srai  a2, 20
core   0: 3 0x80000bb2 (0x8651) x12 0x00000000
core   0: 0x80000bb4 (0x00797433) and     s0, s2, t2
core   0: 3 0x80000bb4 (0x00797433) x 8 0xffffff80
core   0: 0x80000bb8 (0x00000001) c.nop
core   0: 3 0x80000bb8 (0x0001)
core   0: 0x80000bba (0x003d8d33) add     s10, s11, gp
core   0: 3 0x80000bba (0x003d8d33) x26 0x0001afa7
core   0: 0x80000bbe (0x00006175) c.addi16sp sp, 368
core   0: 3 0x80000bbe (0x6175) x 2 0x00000171
core   0: 0x80000bc0 (0x00008f35) c.xor   a4, a3
core   0: 3 0x80000bc0 (0x8f35) x14 0x13276241
core   0: 0x80000bc2 (0x00008071) c.srli  s0, 28
core   0: 3 0x80000bc2 (0x8071) x 8 0x0000000f
core   0: 0x80000bc4 (0x0000053e) c.slli  a0, 15
core   0: 3 0x80000bc4 (0x053e) x10 0x40000000
core   0: 0x80000bc6 (0x03009eb3) mulh    t4, ra, a6
core   0: 3 0x80000bc6 (0x03009eb3) x29 0xffffffff
core   0: 0x80000bca (0x01ba6db3) or      s11, s4, s11
core   0: 3 0x80000bca (0x01ba6db3) x27 0xffffffff
core   0: 0x80000bce (0x03958233) mul     tp, a1, s9
core   0: 3 0x80000bce (0x03958233) x 4 0x00000000
core   0: 0x80000bd2 (0x023cb433) mulhu   s0, s9, gp
core   0: 3 0x80000bd2 (0x023cb433) x 8 0x00000000
core   0: 0x80000bd6 (0x025710b3) mulh    ra, a4, t0
core   0: 3 0x80000bd6 (0x025710b3) x 1 0x02ddbd49
core   0: 0x80000bda (0x021973b3) remu    t2, s2, ra
core   0: 3 0x80000bda (0x021973b3) x 7 0x00e9311f
core   0: 0x80000bde (0x49a16013) ori     zero, sp, 1178
core   0: 3 0x80000bde (0x49a16013)
core   0: 0x80000be2 (0x00008655) c.srai  a2, 21
core   0: 3 0x80000be2 (0x8655) x12 0x00000000
core   0: 0x80000be4 (0x016b2133) slt     sp, s6, s6
core   0: 3 0x80000be4 (0x016b2133) x 2 0x00000000
core   0: 0x80000be8 (0x024396b3) mulh    a3, t2, tp
core   0: 3 0x80000be8 (0x024396b3) x13 0x00000000
core   0: 0x80000bec (0x00828fb3) add     t6, t0, s0
core   0: 3 0x80000bec (0x00828fb3) x31 0x264ec482
core   0: 0x80000bf0 (0x03cbc733) div     a4, s7, t3
core   0: 3 0x80000bf0 (0x03cbc733) x14 0x00000000
core   0: 0x80000bf4 (0x40885913) srai    s2, a6, 8
core   0: 3 0x80000bf4 (0x40885913) x18 0xff80013c
core   0: 0x80000bf8 (0x00008f99) c.sub   a5, a4
core   0: 3 0x80000bf8 (0x8f99) x15 0xfffff84f
core   0: 0x80000bfa (0x21224713) xori    a4, tp, 530
core   0: 3 0x80000bfa (0x21224713) x14 0x00000212
core   0: 0x80000bfe (0xaffb2913) slti    s2, s6, -1281
core   0: 3 0x80000bfe (0xaffb2913) x18 0x00000000
core   0: 0x80000c02 (0x01ae92b3) sll     t0, t4, s10
core   0: 3 0x80000c02 (0x01ae92b3) x 5 0xffffff80
core   0: 0x80000c06 (0x00008e3d) c.xor   a2, a5
core   0: 3 0x80000c06 (0x8e3d) x12 0xfffff84f
core   0: 0x80000c08 (0x0064cf33) xor     t5, s1, t1
core   0: 3 0x80000c08 (0x0064cf33) x30 0x8000fe65
core   0: 0x80000c0c (0x482f3c13) sltiu   s8, t5, 1154
core   0: 3 0x80000c0c (0x482f3c13) x24 0x00000000
core   0: 0x80000c10 (0xf987af13) slti    t5, a5, -104
core   0: 3 0x80000c10 (0xf987af13) x30 0x00000001
core   0: 0x80000c14 (0xd1a04313) xori    t1, zero, -742
core   0: 3 0x80000c14 (0xd1a04313) x 6 0xfffffd1a
core   0: 0x80000c18 (0x02eb4933) div     s2, s6, a4
core   0: 3 0x80000c18 (0x02eb4933) x18 0x00000000
core   0: 0x80000c1c (0x000099fd) c.andi  a1, -1
core   0: 3 0x80000c1c (0x99fd) x11 0x06fa7000
core   0: 0x80000c1e (0x41a40a33) sub     s4, s0, s10
core   0: 3 0x80000c1e (0x41a40a33) x20 0xfffe5059
core   0: 0x80000c22 (0x035b43b3) div     t2, s6, s5
core   0: 3 0x80000c22 (0x035b43b3) x 7 0x00000000
core   0: 0x80000c26 (0x00008dd1) c.or    a1, a2
core   0: 3 0x80000c26 (0x8dd1) x11 0xfffff84f
core   0: 0x80000c28 (0x00008e89) c.sub   a3, a0
core   0: 3 0x80000c28 (0x8e89) x13 0xc0000000
core   0: 0x80000c2a (0x00008d09) c.sub   a0, a0
core   0: 3 0x80000c2a (0x8d09) x10 0x00000000
core   0: 0x80000c2c (0xe8b4f913) andi    s2, s1, -373
core   0: 3 0x80000c2c (0xe8b4f913) x18 0x8000fe00
core   0: 0x80000c30 (0x56a6cb17) auipc   s6, 0x56a6c
core   0: 3 0x80000c30 (0x56a6cb17) x22 0xd6a6cc30
core   0: 0x80000c34 (0x000082cd) c.srli  a3, 19
core   0: 3 0x80000c34 (0x82cd) x13 0x00001800
core   0: 0x80000c36 (0x01fb9d13) slli    s10, s7, 31
core   0: 3 0x80000c36 (0x01fb9d13) x26 0x80000000
core   0: 0x80000c3a (0x00008b3d) c.andi  a4, 15
core   0: 3 0x80000c3a (0x8b3d) x14 0x00000002
core   0: 0x80000c3c (0x0055da93) srli    s5, a1, 5
core   0: 3 0x80000c3c (0x0055da93) x21 0x07ffffc2
core   0: 0x80000c40 (0x000061a1) c.lui   gp, 0x8
core   0: 3 0x80000c40 (0x61a1) x 3 0x00008000
core   0: 0x80000c42 (0x00006c1d) c.lui   s8, 0x7
core   0: 3 0x80000c42 (0x6c1d) x24 0x00007000
core   0: 0x80000c44 (0x00009a7d) c.andi  a2, -1
core   0: 3 0x80000c44 (0x9a7d) x12 0xfffff84f
core   0: 0x80000c46 (0x010f5633) srl     a2, t5, a6
core   0: 3 0x80000c46 (0x010f5633) x12 0x00000000
core   0: 0x80000c4a (0x02f72933) mulhsu  s2, a4, a5
core   0: 3 0x80000c4a (0x02f72933) x18 0x00000001
core   0: 0x80000c4e (0x023c3233) mulhu   tp, s8, gp
core   0: 3 0x80000c4e (0x023c3233) x 4 0x00000000
core   0: 0x80000c52 (0x00999413) slli    s0, s3, 9
core   0: 3 0x80000c52 (0x00999413) x 8 0x00000000
core   0: 0x80000c56 (0x03a3e133) rem     sp, t2, s10
core   0: 3 0x80000c56 (0x03a3e133) x 2 0x00000000
core   0: 0x80000c5a (0x033f5533) divu    a0, t5, s3
core   0: 3 0x80000c5a (0x033f5533) x10 0xffffffff
core   0: 0x80000c5e (0x03eedeb3) divu    t4, t4, t5
core   0: 3 0x80000c5e (0x03eedeb3) x29 0xffffffff
core   0: 0x80000c62 (0x00000001) c.nop
core   0: 3 0x80000c62 (0x0001)
core   0: 0x80000c64 (0x03910e33) mul     t3, sp, s9
core   0: 3 0x80000c64 (0x03910e33) x28 0x00000000
core   0: 0x80000c68 (0x01a51213) slli    tp, a0, 26
core   0: 3 0x80000c68 (0x01a51213) x 4 0xfc000000
core   0: 0x80000c6c (0x0000815e) c.mv    sp, s7
core   0: 3 0x80000c6c (0x815e) x 2 0xfffffeeb
core   0: 0x80000c6e (0x00000001) c.nop
core   0: 3 0x80000c6e (0x0001)
core   0: 0x80000c70 (0x41b35013) srai    zero, t1, 27
core   0: 3 0x80000c70 (0x41b35013)
core   0: 0x80000c74 (0x0147a433) slt     s0, a5, s4
core   0: 3 0x80000c74 (0x0147a433) x 8 0x00000000
core   0: 0x80000c78 (0x400d5eb3) sra     t4, s10, zero
core   0: 3 0x80000c78 (0x400d5eb3) x29 0x80000000
core   0: 0x80000c7c (0x02ade933) rem     s2, s11, a0
core   0: 3 0x80000c7c (0x02ade933) x18 0x00000000
core   0: 0x80000c80 (0x0174b033) sltu    zero, s1, s7
core   0: 3 0x80000c80 (0x0174b033)
core   0: 0x80000c84 (0x00a486b3) add     a3, s1, a0
core   0: 3 0x80000c84 (0x00a486b3) x13 0x8000fe63
core   0: 0x80000c88 (0x0000918e) c.add   gp, gp
core   0: 3 0x80000c88 (0x918e) x 3 0x00010000
core   0: 0x80000c8a (0x03a7bfb3) mulhu   t6, a5, s10
core   0: 3 0x80000c8a (0x03a7bfb3) x31 0x7ffffc27
core   0: 0x80000c8e (0x00000445) c.addi  s0, 17
core   0: 3 0x80000c8e (0x0445) x 8 0x00000011
core   0: 0x80000c90 (0x039f7f33) remu    t5, t5, s9
core   0: 3 0x80000c90 (0x039f7f33) x30 0x00000001
core   0: 0x80000c94 (0x5be44d37) lui     s10, 0x5be44
core   0: 3 0x80000c94 (0x5be44d37) x26 0x5be44000
core   0: 0x80000c98 (0x4bc48c13) addi    s8, s1, 1212
core   0: 3 0x80000c98 (0x4bc48c13) x24 0x80010320
core   0: 0x80000c9c (0x000055fd) c.li    a1, -1
core   0: 3 0x80000c9c (0x55fd) x11 0xffffffff
core   0: 0x80000c9e (0x01895433) srl     s0, s2, s8
core   0: 3 0x80000c9e (0x01895433) x 8 0x00000000
core   0: 0x80000ca2 (0x79228913) addi    s2, t0, 1938
core   0: 3 0x80000ca2 (0x79228913) x18 0x00000712
core   0: 0x80000ca6 (0xd7f6a993) slti    s3, a3, -641
core   0: 3 0x80000ca6 (0xd7f6a993) x19 0x00000001
core   0: 0x80000caa (0x01f18533) add     a0, gp, t6
core   0: 3 0x80000caa (0x01f18533) x10 0x8000fc27
core   0: 0x80000cae (0x000082ad) c.srli  a3, 11
core   0: 3 0x80000cae (0x82ad) x13 0x0010001f
core   0: 0x80000cb0 (0x0086a5b3) slt     a1, a3, s0
core   0: 3 0x80000cb0 (0x0086a5b3) x11 0x00000000
core   0: 0x80000cb4 (0x00000001) c.nop
core   0: 3 0x80000cb4 (0x0001)
core   0: 0x80000cb6 (0x0000878d) c.srai  a5, 3
core   0: 3 0x80000cb6 (0x878d) x15 0xffffff09
core   0: 0x80000cb8 (0x02cc4c33) div     s8, s8, a2
core   0: 3 0x80000cb8 (0x02cc4c33) x24 0xffffffff
core   0: 0x80000cbc (0x01306633) or      a2, zero, s3
core   0: 3 0x80000cbc (0x01306633) x12 0x00000001
core   0: 0x80000cc0 (0x006540b3) xor     ra, a0, t1
core   0: 3 0x80000cc0 (0x006540b3) x 1 0x7fff013d
core   0: 0x80000cc4 (0x02dccf33) div     t5, s9, a3
core   0: 3 0x80000cc4 (0x02dccf33) x30 0x00000000
core   0: 0x80000cc8 (0x022c3c33) mulhu   s8, s8, sp
core   0: 3 0x80000cc8 (0x022c3c33) x24 0xfffffeea
core   0: 0x80000ccc (0x03637ab3) remu    s5, t1, s6
core   0: 3 0x80000ccc (0x03637ab3) x21 0x295930ea
core   0: 0x80000cd0 (0x12fcb913) sltiu   s2, s9, 303
core   0: 3 0x80000cd0 (0x12fcb913) x18 0x00000001
core   0: 0x80000cd4 (0x000001e2) c.slli  gp, 24
core   0: 3 0x80000cd4 (0x01e2) x 3 0x00000000
core   0: 0x80000cd6 (0x03b2c933) div     s2, t0, s11
core   0: 3 0x80000cd6 (0x03b2c933) x18 0x00000080
core   0: 0x80000cda (0x000081d5) c.srli  a1, 21
core   0: 3 0x80000cda (0x81d5) x11 0x00000000
core   0: 0x80000cdc (0x00f41c33) sll     s8, s0, a5
core   0: 3 0x80000cdc (0x00f41c33) x24 0x00000000
core   0: 0x80000ce0 (0x035dd8b3) divu    a7, s11, s5
core   0: 3 0x80000ce0 (0x035dd8b3) x17 0x00000006
core   0: 0x80000ce4 (0x0000987d) c.andi  s0, -1
core   0: 3 0x80000ce4 (0x987d) x 8 0x00000000
core   0: 0x80000ce6 (0x00008d0d) c.sub   a0, a1
core   0: 3 0x80000ce6 (0x8d0d) x10 0x8000fc27
core   0: 0x80000ce8 (0xc7067893) andi    a7, a2, -912
core   0: 3 0x80000ce8 (0xc7067893) x17 0x00000000
core   0: 0x80000cec (0x00000001) c.nop
core   0: 3 0x80000cec (0x0001)
core   0: 0x80000cee (0xf0dcd797) auipc   a5, 0xf0dcd
core   0: 3 0x80000cee (0xf0dcd797) x15 0x70dcdcee
core   0: 0x80000cf2 (0x01b501b3) add     gp, a0, s11
core   0: 3 0x80000cf2 (0x01b501b3) x 3 0x8000fc26
core   0: 0x80000cf6 (0x0000987d) c.andi  s0, -1
core   0: 3 0x80000cf6 (0x987d) x 8 0x00000000
core   0: 0x80000cf8 (0xc0cb20b7) lui     ra, 0xc0cb2
core   0: 3 0x80000cf8 (0xc0cb20b7) x 1 0xc0cb2000
core   0: 0x80000cfc (0x01922bb3) slt     s7, tp, s9
core   0: 3 0x80000cfc (0x01922bb3) x23 0x00000001
core   0: 0x80000d00 (0x00be3c33) sltu    s8, t3, a1
core   0: 3 0x80000d00 (0x00be3c33) x24 0x00000000
core   0: 0x80000d04 (0x5d00f013) andi    zero, ra, 1488
core   0: 3 0x80000d04 (0x5d00f013)
core   0: 0x80000d08 (0x403d5613) srai    a2, s10, 3
core   0: 3 0x80000d08 (0x403d5613) x12 0x0b7c8800
core   0: 0x80000d0c (0x000018fd) c.addi  a7, -1
core   0: 3 0x80000d0c (0x18fd) x17 0xffffffff
core   0: 0x80000d0e (0x00ff38b3) sltu    a7, t5, a5
core   0: 3 0x80000d0e (0x00ff38b3) x17 0x00000001
core   0: 0x80000d12 (0x02e69ab3) mulh    s5, a3, a4
core   0: 3 0x80000d12 (0x02e69ab3) x21 0x00000000
core   0: 0x80000d16 (0x038845b3) div     a1, a6, s8
core   0: 3 0x80000d16 (0x038845b3) x11 0xffffffff
core   0: 0x80000d1a (0x03324233) div     tp, tp, s3
core   0: 3 0x80000d1a (0x03324233) x 4 0xfc000000
core   0: 0x80000d1e (0x00008da5) c.xor   a1, s1
core   0: 3 0x80000d1e (0x8da5) x11 0x7fff019b
core   0: 0x80000d20 (0x0225e3b3) rem     t2, a1, sp
core   0: 3 0x80000d20 (0x0225e3b3) x 7 0x0000007a
core   0: 0x80000d24 (0x00006205) c.lui   tp, 0x1
core   0: 3 0x80000d24 (0x6205) x 4 0x00001000
core   0: 0x80000d26 (0x00009bfe) c.add   s7, t6
core   0: 3 0x80000d26 (0x9bfe) x23 0x7ffffc28
core   0: 0x80000d28 (0x0000616d) c.addi16sp sp, 240
core   0: 3 0x80000d28 (0x616d) x 2 0xffffffdb
core   0: 0x80000d2a (0x012609b3) add     s3, a2, s2
core   0: 3 0x80000d2a (0x012609b3) x19 0x0b7c8880
core   0: 0x80000d2e (0x00000735) c.addi  a4, 13
core   0: 3 0x80000d2e (0x0735) x14 0x0000000f
core   0: 0x80000d30 (0x00000c0a) c.slli  s8, 2
core   0: 3 0x80000d30 (0x0c0a) x24 0x00000000
core   0: 0x80000d32 (0x127c2c13) slti    s8, s8, 295
core   0: 3 0x80000d32 (0x127c2c13) x24 0x00000001
core   0: 0x80000d36 (0x00000e49) c.addi  t3, 18
core   0: 3 0x80000d36 (0x0e49) x28 0x00000012
core   0: 0x80000d38 (0x00000001) c.nop
core   0: 3 0x80000d38 (0x0001)
core   0: 0x80000d3a (0x0000617d) c.addi16sp sp, 496
core   0: 3 0x80000d3a (0x617d) x 2 0x000001cb
core   0: 0x80000d3c (0x00000972) c.slli  s2, 28
core   0: 3 0x80000d3c (0x0972) x18 0x00000000
core   0: 0x80000d3e (0x10178313) addi    t1, a5, 257
core   0: 3 0x80000d3e (0x10178313) x 6 0x70dcddef
core   0: 0x80000d42 (0x01efd013) srli    zero, t6, 30
core   0: 3 0x80000d42 (0x01efd013)
core   0: 0x80000d46 (0x00695e93) srli    t4, s2, 6
core   0: 3 0x80000d46 (0x00695e93) x29 0x00000000
core   0: 0x80000d4a (0x002b5d33) srl     s10, s6, sp
core   0: 3 0x80000d4a (0x002b5d33) x26 0x001ad4d9
core   0: 0x80000d4e (0x004bb633) sltu    a2, s7, tp
core   0: 3 0x80000d4e (0x004bb633) x12 0x00000000
core   0: 0x80000d52 (0x0257c2b3) div     t0, a5, t0
core   0: 3 0x80000d52 (0x0257c2b3) x 5 0xff1e4647
core   0: 0x80000d56 (0x40d58633) sub     a2, a1, a3
core   0: 3 0x80000d56 (0x40d58633) x12 0x7fef017c
core   0: 0x80000d5a (0x00000c00) c.addi4spn s0, sp, 528
core   0: 3 0x80000d5a (0x0c00) x 8 0x000003db
core   0: 0x80000d5c (0x033348b3) div     a7, t1, s3
core   0: 3 0x80000d5c (0x033348b3) x17 0x00000009
core   0: 0x80000d60 (0x00000001) c.nop
core   0: 3 0x80000d60 (0x0001)
core   0: 0x80000d62 (0x00960733) add     a4, a2, s1
core   0: 3 0x80000d62 (0x00960733) x14 0xffefffe0
core   0: 0x80000d66 (0x85168513) addi    a0, a3, -1967
core   0: 3 0x80000d66 (0x85168513) x10 0x000ff870
core   0: 0x80000d6a (0x03f80c33) mul     s8, a6, t6
core   0: 3 0x80000d6a (0x03f80c33) x24 0x7b3cb6bc
core   0: 0x80000d6e (0x02eb12b3) mulh    t0, s6, a4
core   0: 3 0x80000d6e (0x02eb12b3) x 5 0x00029598
core   0: 0x80000d72 (0x00000001) c.nop
core   0: 3 0x80000d72 (0x0001)
core   0: 0x80000d74 (0x41805893) srai    a7, zero, 24
core   0: 3 0x80000d74 (0x41805893) x17 0x00000000
core   0: 0x80000d78 (0x00000615) c.addi  a2, 5
core   0: 3 0x80000d78 (0x0615) x12 0x7fef0181
core   0: 0x80000d7a (0x00cd6733) or      a4, s10, a2
core   0: 3 0x80000d7a (0x00cd6733) x14 0x7fffd5d9
core   0: 0x80000d7e (0x000010fd) c.addi  ra, -1
core   0: 3 0x80000d7e (0x10fd) x 1 0xc0cb1fff
core   0: 0x80000d80 (0x60b6e013) ori     zero, a3, 1547
core   0: 3 0x80000d80 (0x60b6e013)
core   0: 0x80000d84 (0x5ca2fd17) auipc   s10, 0x5ca2f
core   0: 3 0x80000d84 (0x5ca2fd17) x26 0xdca2fd84
core   0: 0x80000d88 (0x00000001) c.nop
core   0: 3 0x80000d88 (0x0001)
core   0: 0x80000d8a (0x03892d33) mulhsu  s10, s2, s8
core   0: 3 0x80000d8a (0x03892d33) x26 0x00000000
core   0: 0x80000d8e (0x0000537d) c.li    t1, -1
core   0: 3 0x80000d8e (0x537d) x 6 0xffffffff
core   0: 0x80000d90 (0x2585ef93) ori     t6, a1, 600
core   0: 3 0x80000d90 (0x2585ef93) x31 0x7fff03db
core   0: 0x80000d94 (0x00009eb2) c.add   t4, a2
core   0: 3 0x80000d94 (0x9eb2) x29 0x7fef0181
core   0: 0x80000d96 (0x00e9e533) or      a0, s3, a4
core   0: 3 0x80000d96 (0x00e9e533) x10 0x7fffddd9
core   0: 0x80000d9a (0x011bdf13) srli    t5, s7, 17
core   0: 3 0x80000d9a (0x011bdf13) x30 0x00003fff
core   0: 0x80000d9e (0x00008c31) c.xor   s0, a2
core   0: 3 0x80000d9e (0x8c31) x 8 0x7fef025a
core   0: 0x80000da0 (0x03b07eb3) remu    t4, zero, s11
core   0: 3 0x80000da0 (0x03b07eb3) x29 0x00000000
core   0: 0x80000da4 (0x41b10b33) sub     s6, sp, s11
core   0: 3 0x80000da4 (0x41b10b33) x22 0x000001cc
core   0: 0x80000da8 (0x12978193) addi    gp, a5, 297
core   0: 3 0x80000da8 (0x12978193) x 3 0x70dcde17
core   0: 0x80000dac (0x00df1513) slli    a0, t5, 13
core   0: 3 0x80000dac (0x00df1513) x10 0x07ffe000
core   0: 0x80000db0 (0x00008fbd) c.xor   a5, a5
core   0: 3 0x80000db0 (0x8fbd) x15 0x00000000
core   0: 0x80000db2 (0x00000001) c.nop
core   0: 3 0x80000db2 (0x0001)
core   0: 0x80000db4 (0x030d0f33) mul     t5, s10, a6
core   0: 3 0x80000db4 (0x030d0f33) x30 0x00000000
core   0: 0x80000db8 (0x01fc5f13) srli    t5, s8, 31
core   0: 3 0x80000db8 (0x01fc5f13) x30 0x00000000
core   0: 0x80000dbc (0x00006bad) c.lui   s7, 0xb
core   0: 3 0x80000dbc (0x6bad) x23 0x0000b000
core   0: 0x80000dbe (0x00baafb3) slt     t6, s5, a1
core   0: 3 0x80000dbe (0x00baafb3) x31 0x00000001
core   0: 0x80000dc2 (0x41e8d6b3) sra     a3, a7, t5
core   0: 3 0x80000dc2 (0x41e8d6b3) x13 0x00000000
core   0: 0x80000dc6 (0x03cc35b3) mulhu   a1, s8, t3
core   0: 3 0x80000dc6 (0x03cc35b3) x11 0x00000008
core   0: 0x80000dca (0x00000001) c.nop
core   0: 3 0x80000dca (0x0001)
core   0: 0x80000dcc (0x092d7913) andi    s2, s10, 146
core   0: 3 0x80000dcc (0x092d7913) x18 0x00000000
core   0: 0x80000dd0 (0x0093e933) or      s2, t2, s1
core   0: 3 0x80000dd0 (0x0093e933) x18 0x8000fe7e
core   0: 0x80000dd4 (0x00313233) sltu    tp, sp, gp
core   0: 3 0x80000dd4 (0x00313233) x 4 0x00000001
core   0: 0x80000dd8 (0x00008e29) c.xor   a2, a0
core   0: 3 0x80000dd8 (0x8e29) x12 0x7810e181
core   0: 0x80000dda (0x3306f593) andi    a1, a3, 816
core   0: 3 0x80000dda (0x3306f593) x11 0x00000000
core   0: 0x80000dde (0x41795613) srai    a2, s2, 23
core   0: 3 0x80000dde (0x41795613) x12 0xffffff00
core   0: 0x80000de2 (0x00008ec1) c.or    a3, s0
core   0: 3 0x80000de2 (0x8ec1) x13 0x7fef025a
core   0: 0x80000de4 (0x4071cd93) xori    s11, gp, 1031
core   0: 3 0x80000de4 (0x4071cd93) x27 0x70dcda10
core   0: 0x80000de8 (0x000008e2) c.slli  a7, 24
core   0: 3 0x80000de8 (0x08e2) x17 0x00000000
core   0: 0x80000dea (0x41345c33) sra     s8, s0, s3
core   0: 3 0x80000dea (0x41345c33) x24 0x7fef025a
core   0: 0x80000dee (0x0060e033) or      zero, ra, t1
core   0: 3 0x80000dee (0x0060e033)
core   0: 0x80000df2 (0x02b8c333) div     t1, a7, a1
core   0: 3 0x80000df2 (0x02b8c333) x 6 0xffffffff
core   0: 0x80000df6 (0x000099fd) c.andi  a1, -1
core   0: 3 0x80000df6 (0x99fd) x11 0x00000000
core   0: 0x80000df8 (0x00008de1) c.and   a1, s0
core   0: 3 0x80000df8 (0x8de1) x11 0x00000000
core   0: 0x80000dfa (0x00008de9) c.and   a1, a0
core   0: 3 0x80000dfa (0x8de9) x11 0x00000000
core   0: 0x80000dfc (0xa924f2b7) lui     t0, 0xa924f
core   0: 3 0x80000dfc (0xa924f2b7) x 5 0xa924f000
core   0: 0x80000e00 (0x00000810) c.addi4spn a2, sp, 16
core   0: 3 0x80000e00 (0x0810) x12 0x000001db
core   0: 0x80000e02 (0x0a787a13) andi    s4, a6, 167
core   0: 3 0x80000e02 (0x0a787a13) x20 0x000000a4
core   0: 0x80000e06 (0x0303ffb3) remu    t6, t2, a6
core   0: 3 0x80000e06 (0x0303ffb3) x31 0x0000007a
core   0: 0x80000e0a (0x9e944237) lui     tp, 0x9e944
core   0: 3 0x80000e0a (0x9e944237) x 4 0x9e944000
core   0: 0x80000e0e (0x00008e29) c.xor   a2, a0
core   0: 3 0x80000e0e (0x8e29) x12 0x07ffe1db
core   0: 0x80000e10 (0x000088f6) c.mv    a7, t4
core   0: 3 0x80000e10 (0x88f6) x17 0x00000000
core   0: 0x80000e12 (0x0000157d) c.addi  a0, -1
core   0: 3 0x80000e12 (0x157d) x10 0x07ffdfff
core   0: 0x80000e14 (0x001d1293) slli    t0, s10, 1
core   0: 3 0x80000e14 (0x001d1293) x 5 0x00000000
core   0: 0x80000e18 (0x000098ae) c.add   a7, a1
core   0: 3 0x80000e18 (0x98ae) x17 0x00000000
core   0: 0x80000e1a (0x000001ea) c.slli  gp, 26
core   0: 3 0x80000e1a (0x01ea) x 3 0x5c000000
core   0: 0x80000e1c (0x004920b3) slt     ra, s2, tp
core   0: 3 0x80000e1c (0x004920b3) x 1 0x00000001
core   0: 0x80000e20 (0x02ab0bb3) mul     s7, s6, a0
core   0: 3 0x80000e20 (0x02ab0bb3) x23 0x5fc67e34
core   0: 0x80000e24 (0x00000001) c.nop
core   0: 3 0x80000e24 (0x0001)
core   0: 0x80000e26 (0x6eccf737) lui     a4, 0x6eccf
core   0: 3 0x80000e26 (0x6eccf737) x14 0x6eccf000
core   0: 0x80000e2a (0x00000135) c.addi  sp, 13
core   0: 3 0x80000e2a (0x0135) x 2 0x000001d8
core   0: 0x80000e2c (0xaaaa4993) xori    s3, s4, -1366
core   0: 3 0x80000e2c (0xaaaa4993) x19 0xfffffa0e
core   0: 0x80000e30 (0x004f1e93) slli    t4, t5, 4
core   0: 3 0x80000e30 (0x004f1e93) x29 0x00000000
core   0: 0x80000e34 (0x000083d1) c.srli  a5, 20
core   0: 3 0x80000e34 (0x83d1) x15 0x00000000
core   0: 0x80000e36 (0x0330c533) div     a0, ra, s3
core   0: 3 0x80000e36 (0x0330c533) x10 0x00000000
core   0: 0x80000e3a (0xd8b34893) xori    a7, t1, -629
core   0: 3 0x80000e3a (0xd8b34893) x17 0x00000274
core   0: 0x80000e3e (0x0000615d) c.addi16sp sp, 432
core   0: 3 0x80000e3e (0x615d) x 2 0x00000388
core   0: 0x80000e40 (0x02a175b3) remu    a1, sp, a0
core   0: 3 0x80000e40 (0x02a175b3) x11 0x00000388
core   0: 0x80000e44 (0x00008e5d) c.or    a2, a5
core   0: 3 0x80000e44 (0x8e5d) x12 0x07ffe1db
core   0: 0x80000e46 (0x03474db3) div     s11, a4, s4
core   0: 3 0x80000e46 (0x03474db3) x27 0x00acf4f9
core   0: 0x80000e4a (0x01437fb3) and     t6, t1, s4
core   0: 3 0x80000e4a (0x01437fb3) x31 0x000000a4
core   0: 0x80000e4e (0x01054fb3) xor     t6, a0, a6
core   0: 3 0x80000e4e (0x01054fb3) x31 0x80013ce4
core   0: 0x80000e52 (0x00008596) c.mv    a1, t0
core   0: 3 0x80000e52 (0x8596) x11 0x00000000
core   0: 0x80000e54 (0x40ee8fb3) sub     t6, t4, a4
core   0: 3 0x80000e54 (0x40ee8fb3) x31 0x91331000
core   0: 0x80000e58 (0x00008315) c.srli  a4, 5
core   0: 3 0x80000e58 (0x8315) x14 0x03766780
core   0: 0x80000e5a (0x00000e7a) c.slli  t3, 30
core   0: 3 0x80000e5a (0x0e7a) x28 0x80000000
core   0: 0x80000e5c (0x41bc5c13) srai    s8, s8, 27
core   0: 3 0x80000e5c (0x41bc5c13) x24 0x0000000f
core   0: 0x80000e60 (0x00869513) slli    a0, a3, 8
core   0: 3 0x80000e60 (0x00869513) x10 0xef025a00
core   0: 0x80000e64 (0xbd62e713) ori     a4, t0, -1066
core   0: 3 0x80000e64 (0xbd62e713) x14 0xfffffbd6
core   0: 0x80000e68 (0x00006a31) c.lui   s4, 0xc
core   0: 3 0x80000e68 (0x6a31) x20 0x0000c000
core   0: 0x80000e6a (0x01c07533) and     a0, zero, t3
core   0: 3 0x80000e6a (0x01c07533) x10 0x00000000
core   0: 0x80000e6e (0x96ea6413) ori     s0, s4, -1682
core   0: 3 0x80000e6e (0x96ea6413) x 8 0xfffff96e
core   0: 0x80000e72 (0xae762613) slti    a2, a2, -1305
core   0: 3 0x80000e72 (0xae762613) x12 0x00000000
core   0: 0x80000e76 (0x0000717d) c.addi16sp sp, -16
core   0: 3 0x80000e76 (0x717d) x 2 0x00000378
core   0: 0x80000e78 (0x00ce9b33) sll     s6, t4, a2
core   0: 3 0x80000e78 (0x00ce9b33) x22 0x00000000
core   0: 0x80000e7c (0x032dfa33) remu    s4, s11, s2
core   0: 3 0x80000e7c (0x032dfa33) x20 0x00acf4f9
core   0: 0x80000e80 (0x0317db33) divu    s6, a5, a7
core   0: 3 0x80000e80 (0x0317db33) x22 0x00000000
core   0: 0x80000e84 (0x0000995e) c.add   s2, s7
core   0: 3 0x80000e84 (0x995e) x18 0xdfc77cb2
core   0: 0x80000e86 (0x00008661) c.srai  a2, 24
core   0: 3 0x80000e86 (0x8661) x12 0x00000000
core   0: 0x80000e88 (0x03051733) mulh    a4, a0, a6
core   0: 3 0x80000e88 (0x03051733) x14 0x00000000
core   0: 0x80000e8c (0x013e7233) and     tp, t3, s3
core   0: 3 0x80000e8c (0x013e7233) x 4 0x80000000
core   0: 0x80000e90 (0x2bded017) auipc   zero, 0x2bded
core   0: 3 0x80000e90 (0x2bded017)
core   0: 0x80000e94 (0x000083d1) c.srli  a5, 20
core   0: 3 0x80000e94 (0x83d1) x15 0x00000000
core   0: 0x80000e96 (0x010750b7) lui     ra, 0x1075
core   0: 3 0x80000e96 (0x010750b7) x 1 0x01075000
core   0: 0x80000e9a (0x0058c033) xor     zero, a7, t0
core   0: 3 0x80000e9a (0x0058c033)
core   0: 0x80000e9e (0x03aca933) mulhsu  s2, s9, s10
core   0: 3 0x80000e9e (0x03aca933) x18 0x00000000
core   0: 0x80000ea2 (0x000087f5) c.srai  a5, 29
core   0: 3 0x80000ea2 (0x87f5) x15 0x00000000
core   0: 0x80000ea4 (0x5b9df613) andi    a2, s11, 1465
core   0: 3 0x80000ea4 (0x5b9df613) x12 0x000004b9
core   0: 0x80000ea8 (0x00008c79) c.and   s0, a4
core   0: 3 0x80000ea8 (0x8c79) x 8 0x00000000
core   0: 0x80000eaa (0xc0d3f893) andi    a7, t2, -1011
core   0: 3 0x80000eaa (0xc0d3f893) x17 0x00000008
core   0: 0x80000eae (0x01181f13) slli    t5, a6, 17
core   0: 3 0x80000eae (0x01181f13) x30 0x79c80000
core   0: 0x80000eb2 (0x01268eb3) add     t4, a3, s2
core   0: 3 0x80000eb2 (0x01268eb3) x29 0x7fef025a
core   0: 0x80000eb6 (0x000018fd) c.addi  a7, -1
core   0: 3 0x80000eb6 (0x18fd) x17 0x00000007
core   0: 0x80000eb8 (0x0293dbb3) divu    s7, t2, s1
core   0: 3 0x80000eb8 (0x0293dbb3) x23 0x00000000
core   0: 0x80000ebc (0x0000717d) c.addi16sp sp, -16
core   0: 3 0x80000ebc (0x717d) x 2 0x00000368
core   0: 0x80000ebe (0x00006145) c.addi16sp sp, 48
core   0: 3 0x80000ebe (0x6145) x 2 0x00000398
core   0: 0x80000ec0 (0x03d7ad33) mulhsu  s10, a5, t4
core   0: 3 0x80000ec0 (0x03d7ad33) x26 0x00000000
core   0: 0x80000ec4 (0x652a0b93) addi    s7, s4, 1618
core   0: 3 0x80000ec4 (0x652a0b93) x23 0x00acfb4b
core   0: 0x80000ec8 (0x00115793) srli    a5, sp, 1
core   0: 3 0x80000ec8 (0x00115793) x15 0x000001cc
core   0: 0x80000ecc (0x0281bdb3) mulhu   s11, gp, s0
core   0: 3 0x80000ecc (0x0281bdb3) x27 0x00000000
core   0: 0x80000ed0 (0x0035b933) sltu    s2, a1, gp
core   0: 3 0x80000ed0 (0x0035b933) x18 0x00000001
core   0: 0x80000ed4 (0x2c0be793) ori     a5, s7, 704
core   0: 3 0x80000ed4 (0x2c0be793) x15 0x00acfbcb
core   0: 0x80000ed8 (0x01df1d93) slli    s11, t5, 29
core   0: 3 0x80000ed8 (0x01df1d93) x27 0x00000000
core   0: 0x80000edc (0x00fcd913) srli    s2, s9, 15
core   0: 3 0x80000edc (0x00fcd913) x18 0x00000000
core   0: 0x80000ee0 (0x000081f6) c.mv    gp, t4
core   0: 3 0x80000ee0 (0x81f6) x 3 0x7fef025a
core   0: 0x80000ee2 (0x41d05693) srai    a3, zero, 29
core   0: 3 0x80000ee2 (0x41d05693) x13 0x00000000
core   0: 0x80000ee6 (0x0a262f93) slti    t6, a2, 162
core   0: 3 0x80000ee6 (0x0a262f93) x31 0x00000000
core   0: 0x80000eea (0x027a0c33) mul     s8, s4, t2
core   0: 3 0x80000eea (0x027a0c33) x24 0x526cbeaa
core   0: 0x80000eee (0xdeae1f97) auipc   t6, 0xdeae1
core   0: 3 0x80000eee (0xdeae1f97) x31 0x5eae1eee
core   0: 0x80000ef2 (0x00008c3d) c.xor   s0, a5
core   0: 3 0x80000ef2 (0x8c3d) x 8 0x00acfbcb
core   0: 0x80000ef4 (0x00000001) c.nop
core   0: 3 0x80000ef4 (0x0001)
core   0: 0x80000ef6 (0x00000001) c.nop
core   0: 3 0x80000ef6 (0x0001)
core   0: 0x80000ef8 (0x00008d95) c.sub   a1, a3
core   0: 3 0x80000ef8 (0x8d95) x11 0x00000000
core   0: 0x80000efa (0x00bc1713) slli    a4, s8, 11
core   0: 3 0x80000efa (0x00bc1713) x14 0x65f55000
core   0: 0x80000efe (0x0017dc33) srl     s8, a5, ra
core   0: 3 0x80000efe (0x0017dc33) x24 0x00acfbcb
core   0: 0x80000f02 (0x00005d7d) c.li    s10, -1
core   0: 3 0x80000f02 (0x5d7d) x26 0xffffffff
core   0: 0x80000f04 (0x30a32e93) slti    t4, t1, 778
core   0: 3 0x80000f04 (0x30a32e93) x29 0x00000001
core   0: 0x80000f08 (0x00008409) c.srai  s0, 2
core   0: 3 0x80000f08 (0x8409) x 8 0x002b3ef2
core   0: 0x80000f0a (0x000049fd) c.li    s3, 31
core   0: 3 0x80000f0a (0x49fd) x19 0x0000001f
core   0: 0x80000f0c (0x0000717d) c.addi16sp sp, -16
core   0: 3 0x80000f0c (0x717d) x 2 0x00000388
core   0: 0x80000f0e (0x02958c33) mul     s8, a1, s1
core   0: 3 0x80000f0e (0x02958c33) x24 0x00000000
core   0: 0x80000f12 (0x0022d713) srli    a4, t0, 2
core   0: 3 0x80000f12 (0x0022d713) x14 0x00000000
core   0: 0x80000f16 (0x00008dc9) c.or    a1, a0
core   0: 3 0x80000f16 (0x8dc9) x11 0x00000000
core   0: 0x80000f18 (0x037378b3) remu    a7, t1, s7
core   0: 3 0x80000f18 (0x037378b3) x17 0x0094f341
core   0: 0x80000f1c (0x41f5d913) srai    s2, a1, 31
core   0: 3 0x80000f1c (0x41f5d913) x18 0x00000000
core   0: 0x80000f20 (0x00449433) sll     s0, s1, tp
core   0: 3 0x80000f20 (0x00449433) x 8 0x8000fe64
core   0: 0x80000f24 (0x00000001) c.nop
core   0: 3 0x80000f24 (0x0001)
core   0: 0x80000f26 (0x4097df93) srai    t6, a5, 9
core   0: 3 0x80000f26 (0x4097df93) x31 0x0000567d
core   0: 0x80000f2a (0x00001894) c.addi4spn a3, sp, 112
core   0: 3 0x80000f2a (0x1894) x13 0x000003f8
core   0: 0x80000f2c (0x0348a0b3) mulhsu  ra, a7, s4
core   0: 3 0x80000f2c (0x0348a0b3) x 1 0x000064a1
core   0: 0x80000f30 (0x008c8ab3) add     s5, s9, s0
core   0: 3 0x80000f30 (0x008c8ab3) x21 0x8000fe64
core   0: 0x80000f34 (0x96ad0197) auipc   gp, 0x96ad0
core   0: 3 0x80000f34 (0x96ad0197) x 3 0x16ad0f34
core   0: 0x80000f38 (0x013a5b93) srli    s7, s4, 19
core   0: 3 0x80000f38 (0x013a5b93) x23 0x00000015
core   0: 0x80000f3c (0x00008e3d) c.xor   a2, a5
core   0: 3 0x80000f3c (0x8e3d) x12 0x00acff72
core   0: 0x80000f3e (0x018c16b3) sll     a3, s8, s8
core   0: 3 0x80000f3e (0x018c16b3) x13 0x00000000
core   0: 0x80000f42 (0x00f77c33) and     s8, a4, a5
core   0: 3 0x80000f42 (0x00f77c33) x24 0x00000000
core   0: 0x80000f46 (0x02b8f6b3) remu    a3, a7, a1
core   0: 3 0x80000f46 (0x02b8f6b3) x13 0x0094f341
core   0: 0x80000f4a (0x0121b3b3) sltu    t2, gp, s2
core   0: 3 0x80000f4a (0x0121b3b3) x 7 0x00000000
core   0: 0x80000f4e (0x03e54233) div     tp, a0, t5
core   0: 3 0x80000f4e (0x03e54233) x 4 0x00000000
core   0: 0x80000f52 (0x00006131) c.addi16sp sp, 320
core   0: 3 0x80000f52 (0x6131) x 2 0x000004c8
core   0: 0x80000f54 (0x00008c2d) c.xor   s0, a1
core   0: 3 0x80000f54 (0x8c2d) x 8 0x8000fe64
core   0: 0x80000f56 (0x008c9693) slli    a3, s9, 8
core   0: 3 0x80000f56 (0x008c9693) x13 0x00000000
core   0: 0x80000f5a (0x030ad333) divu    t1, s5, a6
core   0: 3 0x80000f5a (0x030ad333) x 6 0x00000000
core   0: 0x80000f5e (0x030863b3) rem     t2, a6, a6
core   0: 3 0x80000f5e (0x030863b3) x 7 0x00000000
core   0: 0x80000f62 (0x41df06b3) sub     a3, t5, t4
core   0: 3 0x80000f62 (0x41df06b3) x13 0x79c7ffff
core   0: 0x80000f66 (0x07fdc313) xori    t1, s11, 127
core   0: 3 0x80000f66 (0x07fdc313) x 6 0x0000007f
core   0: 0x80000f6a (0x00a86eb3) or      t4, a6, a0
core   0: 3 0x80000f6a (0x00a86eb3) x29 0x80013ce4
core   0: 0x80000f6e (0x00001c7d) c.addi  s8, -1
core   0: 3 0x80000f6e (0x1c7d) x24 0xffffffff
core   0: 0x80000f70 (0x0000717d) c.addi16sp sp, -16
core   0: 3 0x80000f70 (0x717d) x 2 0x000004b8
core   0: 0x80000f72 (0x000099fd) c.andi  a1, -1
core   0: 3 0x80000f72 (0x99fd) x11 0x00000000
core   0: 0x80000f74 (0x00000001) c.nop
core   0: 3 0x80000f74 (0x0001)
core   0: 0x80000f76 (0x00001b9c) c.addi4spn a5, sp, 496
core   0: 3 0x80000f76 (0x1b9c) x15 0x000006a8
core   0: 0x80000f78 (0x0000997d) c.andi  a0, -1
core   0: 3 0x80000f78 (0x997d) x10 0x00000000
core   0: 0x80000f7a (0x03f1cb33) div     s6, gp, t6
core   0: 3 0x80000f7a (0x03f1cb33) x22 0x0000431e
core   0: 0x80000f7e (0x01541533) sll     a0, s0, s5
core   0: 3 0x80000f7e (0x01541533) x10 0x000fe640
core   0: 0x80000f82 (0x00000001) c.nop
core   0: 3 0x80000f82 (0x0001)
core   0: 0x80000f84 (0x00008c39) c.xor   s0, a4
core   0: 3 0x80000f84 (0x8c39) x 8 0x8000fe64
core   0: 0x80000f86 (0x000098ee) c.add   a7, s11
core   0: 3 0x80000f86 (0x98ee) x17 0x0094f341
core   0: 0x80000f88 (0x02b89fb3) mulh    t6, a7, a1
core   0: 3 0x80000f88 (0x02b89fb3) x31 0x00000000
core   0: 0x80000f8c (0x00008871) c.andi  s0, 28
core   0: 3 0x80000f8c (0x8871) x 8 0x00000004
core   0: 0x80000f8e (0x0297e733) rem     a4, a5, s1
core   0: 3 0x80000f8e (0x0297e733) x14 0x000006a8
core   0: 0x80000f92 (0x00008441) c.srai  s0, 16
core   0: 3 0x80000f92 (0x8441) x 8 0x00000000
core   0: 0x80000f94 (0x00009dfa) c.add   s11, t5
core   0: 3 0x80000f94 (0x9dfa) x27 0x79c80000
core   0: 0x80000f96 (0x0154e433) or      s0, s1, s5
core   0: 3 0x80000f96 (0x0154e433) x 8 0x8000fe64
core   0: 0x80000f9a (0x01406e33) or      t3, zero, s4
core   0: 3 0x80000f9a (0x01406e33) x28 0x00acf4f9
core   0: 0x80000f9e (0x03711033) mulh    zero, sp, s7
core   0: 3 0x80000f9e (0x03711033)
core   0: 0x80000fa2 (0x4108fd13) andi    s10, a7, 1040
core   0: 3 0x80000fa2 (0x4108fd13) x26 0x00000000
core   0: 0x80000fa6 (0x00001f7d) c.addi  t5, -1
core   0: 3 0x80000fa6 (0x1f7d) x30 0x79c7ffff
core   0: 0x80000fa8 (0x03c66ab3) rem     s5, a2, t3
core   0: 3 0x80000fa8 (0x03c66ab3) x21 0x00000a79
core   0: 0x80000fac (0x0000873d) c.srai  a4, 15
core   0: 3 0x80000fac (0x873d) x14 0x00000000
core   0: 0x80000fae (0x0028a9b3) slt     s3, a7, sp
core   0: 3 0x80000fae (0x0028a9b3) x19 0x00000000
core   0: 0x80000fb2 (0x000086ed) c.srai  a3, 27
core   0: 3 0x80000fb2 (0x86ed) x13 0x0000000f
core   0: 0x80000fb4 (0x008af333) and     t1, s5, s0
core   0: 3 0x80000fb4 (0x008af333) x 6 0x00000a60
core   0: 0x80000fb8 (0x024cc033) div     zero, s9, tp
core   0: 3 0x80000fb8 (0x024cc033)
core   0: 0x80000fbc (0x01316bb3) or      s7, sp, s3
core   0: 3 0x80000fbc (0x01316bb3) x23 0x000004b8
core   0: 0x80000fc0 (0x00000536) c.slli  a0, 13
core   0: 3 0x80000fc0 (0x0536) x10 0xfcc80000
core   0: 0x80000fc2 (0x43ac3993) sltiu   s3, s8, 1082
core   0: 3 0x80000fc2 (0x43ac3993) x19 0x00000000
core   0: 0x80000fc6 (0x00008e7d) c.and   a2, a5
core   0: 3 0x80000fc6 (0x8e7d) x12 0x00000620
core   0: 0x80000fc8 (0xec78bb17) auipc   s6, 0xec78b
core   0: 3 0x80000fc8 (0xec78bb17) x22 0x6c78bfc8
core   0: 0x80000fcc (0x02acd433) divu    s0, s9, a0
core   0: 3 0x80000fcc (0x02acd433) x 8 0x00000000
core   0: 0x80000fd0 (0xa59cbe13) sltiu   t3, s9, -1447
core   0: 3 0x80000fd0 (0xa59cbe13) x28 0x00000001
core   0: 0x80000fd4 (0x00528933) add     s2, t0, t0
core   0: 3 0x80000fd4 (0x00528933) x18 0x00000000
core   0: 0x80000fd8 (0x00001700) c.addi4spn s0, sp, 928
core   0: 3 0x80000fd8 (0x1700) x 8 0x00000858
core   0: 0x80000fda (0x000087e2) c.mv    a5, s8
core   0: 3 0x80000fda (0x87e2) x15 0xffffffff
core   0: 0x80000fdc (0x00009a7d) c.andi  a2, -1
core   0: 3 0x80000fdc (0x9a7d) x12 0x00000620
core   0: 0x80000fde (0x00008ed1) c.or    a3, a2
core   0: 3 0x80000fde (0x8ed1) x13 0x0000062f
core   0: 0x80000fe0 (0x01150eb3) add     t4, a0, a7
core   0: 3 0x80000fe0 (0x01150eb3) x29 0xfd5cf341
core   0: 0x80000fe4 (0x00549293) slli    t0, s1, 5
core   0: 3 0x80000fe4 (0x00549293) x 5 0x001fcc80
core   0: 0x80000fe8 (0x00d6d393) srli    t2, a3, 13
core   0: 3 0x80000fe8 (0x00d6d393) x 7 0x00000000
core   0: 0x80000fec (0x02511233) mulh    tp, sp, t0
core   0: 3 0x80000fec (0x02511233) x 4 0x00000000
core   0: 0x80000ff0 (0x2fdf8413) addi    s0, t6, 765
core   0: 3 0x80000ff0 (0x2fdf8413) x 8 0x000002fd
core   0: 0x80000ff4 (0xb0940093) addi    ra, s0, -1271
core   0: 3 0x80000ff4 (0xb0940093) x 1 0xfffffe06
core   0: 0x80000ff8 (0x405fd013) srai    zero, t6, 5
core   0: 3 0x80000ff8 (0x405fd013)
core   0: 0x80000ffc (0x000056fd) c.li    a3, -1
core   0: 3 0x80000ffc (0x56fd) x13 0xffffffff
core   0: 0x80000ffe (0x2202e113) ori     sp, t0, 544
core   0: 3 0x80000ffe (0x2202e113) x 2 0x001fcea0
core   0: 0x80001002 (0x00008e25) c.xor   a2, s1
core   0: 3 0x80001002 (0x8e25) x12 0x8000f844
core   0: 0x80001004 (0x03669033) mulh    zero, a3, s6
core   0: 3 0x80001004 (0x03669033)
core   0: 0x80001008 (0xda838317) auipc   t1, 0xda838
core   0: 3 0x80001008 (0xda838317) x 6 0x5a839008
core   0: 0x8000100c (0x00008e19) c.sub   a2, a4
core   0: 3 0x8000100c (0x8e19) x12 0x8000f844
core   0: 0x8000100e (0x020416b3) mulh    a3, s0, zero
core   0: 3 0x8000100e (0x020416b3) x13 0x00000000
core   0: 0x80001012 (0x00008de5) c.and   a1, s1
core   0: 3 0x80001012 (0x8de5) x11 0x00000000
core   0: 0x80001014 (0x000002ce) c.slli  t0, 19
core   0: 3 0x80001014 (0x02ce) x 5 0x64000000
core   0: 0x80001016 (0x0173a9b3) slt     s3, t2, s7
core   0: 3 0x80001016 (0x0173a9b3) x19 0x00000001
core   0: 0x8000101a (0x0176d433) srl     s0, a3, s7
core   0: 3 0x8000101a (0x0176d433) x 8 0x00000000
core   0: 0x8000101e (0x03768d33) mul     s10, a3, s7
core   0: 3 0x8000101e (0x03768d33) x26 0x00000000
core   0: 0x80001022 (0x00000c49) c.addi  s8, 18
core   0: 3 0x80001022 (0x0c49) x24 0x00000011
core   0: 0x80001024 (0x63fe3e93) sltiu   t4, t3, 1599
core   0: 3 0x80001024 (0x63fe3e93) x29 0x00000001
core   0: 0x80001028 (0x0225feb3) remu    t4, a1, sp
core   0: 3 0x80001028 (0x0225feb3) x29 0x00000000
core   0: 0x8000102c (0x00008faa) c.mv    t6, a0
core   0: 3 0x8000102c (0x8faa) x31 0xfcc80000
core   0: 0x8000102e (0x03eb50b3) divu    ra, s6, t5
core   0: 3 0x8000102e (0x03eb50b3) x 1 0x00000000
core   0: 0x80001032 (0x00008f55) c.or    a4, a3
core   0: 3 0x80001032 (0x8f55) x14 0x00000000
core   0: 0x80001034 (0x001c17b3) sll     a5, s8, ra
core   0: 3 0x80001034 (0x001c17b3) x15 0x00000011
core   0: 0x80001038 (0x02a0e433) rem     s0, ra, a0
core   0: 3 0x80001038 (0x02a0e433) x 8 0x00000000
core   0: 0x8000103c (0x01e7d613) srli    a2, a5, 30
core   0: 3 0x8000103c (0x01e7d613) x12 0x00000000
core   0: 0x80001040 (0xcee86b93) ori     s7, a6, -786
core   0: 3 0x80001040 (0xcee86b93) x23 0xfffffcee
core   0: 0x80001044 (0xbb277413) andi    s0, a4, -1102
core   0: 3 0x80001044 (0xbb277413) x 8 0x00000000
core   0: 0x80001048 (0x000087c9) c.srai  a5, 18
core   0: 3 0x80001048 (0x87c9) x15 0x00000000
core   0: 0x8000104a (0x00000ad2) c.slli  s5, 20
core   0: 3 0x8000104a (0x0ad2) x21 0xa7900000
core   0: 0x8000104c (0x00000192) c.slli  gp, 4
core   0: 3 0x8000104c (0x0192) x 3 0x6ad0f340
core   0: 0x8000104e (0x00ceca33) xor     s4, t4, a2
core   0: 3 0x8000104e (0x00ceca33) x20 0x00000000
core   0: 0x80001052 (0x02d08b33) mul     s6, ra, a3
core   0: 3 0x80001052 (0x02d08b33) x22 0x00000000
core   0: 0x80001056 (0x02cc1933) mulh    s2, s8, a2
core   0: 3 0x80001056 (0x02cc1933) x18 0x00000000
core   0: 0x8000105a (0x038926b3) mulhsu  a3, s2, s8
core   0: 3 0x8000105a (0x038926b3) x13 0x00000000
core   0: 0x8000105e (0x018c6eb3) or      t4, s8, s8
core   0: 3 0x8000105e (0x018c6eb3) x29 0x00000011
core   0: 0x80001062 (0x40fad013) srai    zero, s5, 15
core   0: 3 0x80001062 (0x40fad013)
core   0: 0x80001066 (0x97472293) slti    t0, a4, -1676
core   0: 3 0x80001066 (0x97472293) x 5 0x00000000
core   0: 0x8000106a (0x026b6933) rem     s2, s6, t1
core   0: 3 0x8000106a (0x026b6933) x18 0x00000000
core   0: 0x8000106e (0xba40e693) ori     a3, ra, -1116
core   0: 3 0x8000106e (0xba40e693) x13 0xfffffba4
core   0: 0x80001072 (0xbde7b793) sltiu   a5, a5, -1058
core   0: 3 0x80001072 (0xbde7b793) x15 0x00000001
core   0: 0x80001076 (0x0002bc33) sltu    s8, t0, zero
core   0: 3 0x80001076 (0x0002bc33) x24 0x00000000
core   0: 0x8000107a (0x013fde93) srli    t4, t6, 19
core   0: 3 0x8000107a (0x013fde93) x29 0x00001f99
core   0: 0x8000107e (0x9f54e6b7) lui     a3, 0x9f54e
core   0: 3 0x8000107e (0x9f54e6b7) x13 0x9f54e000
core   0: 0x80001082 (0x00008b7e) c.mv    s6, t6
core   0: 3 0x80001082 (0x8b7e) x22 0xfcc80000
core   0: 0x80001084 (0x0000073d) c.addi  a4, 15
core   0: 3 0x80001084 (0x073d) x14 0x0000000f
core   0: 0x80001086 (0xc296a113) slti    sp, a3, -983
core   0: 3 0x80001086 (0xc296a113) x 2 0x00000001
core   0: 0x8000108a (0x02b48c33) mul     s8, s1, a1
core   0: 3 0x8000108a (0x02b48c33) x24 0x00000000
core   0: 0x8000108e (0x014e87b3) add     a5, t4, s4
core   0: 3 0x8000108e (0x014e87b3) x15 0x00001f99
core   0: 0x80001092 (0x00008fc9) c.or    a5, a0
core   0: 3 0x80001092 (0x8fc9) x15 0xfcc81f99
core   0: 0x80001094 (0x00bdf333) and     t1, s11, a1
core   0: 3 0x80001094 (0x00bdf333) x 6 0x00000000
core   0: 0x80001098 (0x00000001) c.nop
core   0: 3 0x80001098 (0x0001)
core   0: 0x8000109a (0x00000001) c.nop
core   0: 3 0x8000109a (0x0001)
core   0: 0x8000109c (0x000088ca) c.mv    a7, s2
core   0: 3 0x8000109c (0x88ca) x17 0x00000000
core   0: 0x8000109e (0x01bdf7b3) and     a5, s11, s11
core   0: 3 0x8000109e (0x01bdf7b3) x15 0x79c80000
core   0: 0x800010a2 (0xb44e4313) xori    t1, t3, -1212
core   0: 3 0x800010a2 (0xb44e4313) x 6 0xfffffb45
core   0: 0x800010a6 (0xd1dfe693) ori     a3, t6, -739
core   0: 3 0x800010a6 (0xd1dfe693) x13 0xfffffd1d
core   0: 0x800010aa (0x0c1b0337) lui     t1, 0xc1b0
core   0: 3 0x800010aa (0x0c1b0337) x 6 0x0c1b0000
core   0: 0x800010ae (0x00008c39) c.xor   s0, a4
core   0: 3 0x800010ae (0x8c39) x 8 0x0000000f
core   0: 0x800010b0 (0x030217b3) mulh    a5, tp, a6
core   0: 3 0x800010b0 (0x030217b3) x15 0x00000000
core   0: 0x800010b4 (0x41c1d113) srai    sp, gp, 28
core   0: 3 0x800010b4 (0x41c1d113) x 2 0x00000006
core   0: 0x800010b8 (0x0046b5b3) sltu    a1, a3, tp
core   0: 3 0x800010b8 (0x0046b5b3) x11 0x00000000
core   0: 0x800010bc (0x00004bb5) c.li    s7, 13
core   0: 3 0x800010bc (0x4bb5) x23 0x0000000d
core   0: 0x800010be (0x00af7333) and     t1, t5, a0
core   0: 3 0x800010be (0x00af7333) x 6 0x78c00000
core   0: 0x800010c2 (0x700c5f17) auipc   t5, 0x700c5
core   0: 3 0x800010c2 (0x700c5f17) x30 0xf00c60c2
core   0: 0x800010c6 (0x01afd013) srli    zero, t6, 26
core   0: 3 0x800010c6 (0x01afd013)
core   0: 0x800010ca (0x0084b733) sltu    a4, s1, s0
core   0: 3 0x800010ca (0x0084b733) x14 0x00000000
core   0: 0x800010ce (0x01a58bb3) add     s7, a1, s10
core   0: 3 0x800010ce (0x01a58bb3) x23 0x00000000
core   0: 0x800010d2 (0x010dd433) srl     s0, s11, a6
core   0: 3 0x800010d2 (0x010dd433) x 8 0x079c8000
core   0: 0x800010d6 (0xb510a893) slti    a7, ra, -1199
core   0: 3 0x800010d6 (0xb510a893) x17 0x00000000
core   0: 0x800010da (0x0364e633) rem     a2, s1, s6
core   0: 3 0x800010da (0x0364e633) x12 0xfd88fe64
core   0: 0x800010de (0x000081fd) c.srli  a1, 31
core   0: 3 0x800010de (0x81fd) x11 0x00000000
core   0: 0x800010e0 (0x00e15993) srli    s3, sp, 14
core   0: 3 0x800010e0 (0x00e15993) x19 0x00000000
core   0: 0x800010e4 (0x00008eb1) c.xor   a3, a2
core   0: 3 0x800010e4 (0x8eb1) x13 0x02770379
core   0: 0x800010e6 (0x00008511) c.srai  a0, 4
core   0: 3 0x800010e6 (0x8511) x10 0xffcc8000
core   0: 0x800010e8 (0xa125f393) andi    t2, a1, -1518
core   0: 3 0x800010e8 (0xa125f393) x 7 0x00000000
core   0: 0x800010ec (0x000099fd) c.andi  a1, -1
core   0: 3 0x800010ec (0x99fd) x11 0x00000000
core   0: 0x800010ee (0x0000417d) c.li    sp, 31
core   0: 3 0x800010ee (0x417d) x 2 0x0000001f
core   0: 0x800010f0 (0x02991bb3) mulh    s7, s2, s1
core   0: 3 0x800010f0 (0x02991bb3) x23 0x00000000
core   0: 0x800010f4 (0x005e70b3) and     ra, t3, t0
core   0: 3 0x800010f4 (0x005e70b3) x 1 0x00000000
core   0: 0x800010f8 (0x00008045) c.srli  s0, 17
core   0: 3 0x800010f8 (0x8045) x 8 0x000003ce
core   0: 0x800010fa (0x01b9d5b3) srl     a1, s3, s11
core   0: 3 0x800010fa (0x01b9d5b3) x11 0x00000000
core   0: 0x800010fe (0x000015fd) c.addi  a1, -1
core   0: 3 0x800010fe (0x15fd) x11 0xffffffff
core   0: 0x80001100 (0x001cea33) or      s4, s9, ra
core   0: 3 0x80001100 (0x001cea33) x20 0x00000000
core   0: 0x80001104 (0x00008db1) c.xor   a1, a2
core   0: 3 0x80001104 (0x8db1) x11 0x0277019b
core   0: 0x80001106 (0x01f21233) sll     tp, tp, t6
core   0: 3 0x80001106 (0x01f21233) x 4 0x00000000
core   0: 0x8000110a (0x0000871a) c.mv    a4, t1
core   0: 3 0x8000110a (0x871a) x14 0x78c00000
core   0: 0x8000110c (0x01ec9233) sll     tp, s9, t5
core   0: 3 0x8000110c (0x01ec9233) x 4 0x00000000
core   0: 0x80001110 (0x00000794) c.addi4spn a3, sp, 960
core   0: 3 0x80001110 (0x0794) x13 0x000003df
core   0: 0x80001112 (0x00004e9d) c.li    t4, 7
core   0: 3 0x80001112 (0x4e9d) x29 0x00000007
core   0: 0x80001114 (0x7fdce037) lui     zero, 0x7fdce
core   0: 3 0x80001114 (0x7fdce037)
core   0: 0x80001118 (0xf03a7c13) andi    s8, s4, -253
core   0: 3 0x80001118 (0xf03a7c13) x24 0x00000000
core   0: 0x8000111c (0x7c547b37) lui     s6, 0x7c547
core   0: 3 0x8000111c (0x7c547b37) x22 0x7c547000
core   0: 0x80001120 (0x00008d31) c.xor   a0, a2
core   0: 3 0x80001120 (0x8d31) x10 0x02447e64
core   0: 0x80001122 (0x00000726) c.slli  a4, 9
core   0: 3 0x80001122 (0x0726) x14 0x80000000
core   0: 0x80001124 (0x00000001) c.nop
core   0: 3 0x80001124 (0x0001)
core   0: 0x80001126 (0x000099fd) c.andi  a1, -1
core   0: 3 0x80001126 (0x99fd) x11 0x0277019b
core   0: 0x80001128 (0x00009bfd) c.andi  a5, -1
core   0: 3 0x80001128 (0x9bfd) x15 0x00000000
core   0: 0x8000112a (0x0000921a) c.add   tp, t1
core   0: 3 0x8000112a (0x921a) x 4 0x78c00000
core   0: 0x8000112c (0x00000001) c.nop
core   0: 3 0x8000112c (0x0001)
core   0: 0x8000112e (0x019d75b3) and     a1, s10, s9
core   0: 3 0x8000112e (0x019d75b3) x11 0x00000000
core   0: 0x80001132 (0x00008e11) c.sub   a2, a2
core   0: 3 0x80001132 (0x8e11) x12 0x00000000
core   0: 0x80001134 (0x00008e31) c.xor   a2, a2
core   0: 3 0x80001134 (0x8e31) x12 0x00000000
core   0: 0x80001136 (0x02bb18b3) mulh    a7, s6, a1
core   0: 3 0x80001136 (0x02bb18b3) x17 0x00000000
core   0: 0x8000113a (0x7dd01237) lui     tp, 0x7dd01
core   0: 3 0x8000113a (0x7dd01237) x 4 0x7dd01000
core   0: 0x8000113e (0x000087d6) c.mv    a5, s5
core   0: 3 0x8000113e (0x87d6) x15 0xa7900000
core   0: 0x80001140 (0x0001a1b3) slt     gp, gp, zero
core   0: 3 0x80001140 (0x0001a1b3) x 3 0x00000000
core   0: 0x80001144 (0x02c505b3) mul     a1, a0, a2
core   0: 3 0x80001144 (0x02c505b3) x11 0x00000000
core   0: 0x80001148 (0x000009c6) c.slli  s3, 17
core   0: 3 0x80001148 (0x09c6) x19 0x00000000
core   0: 0x8000114a (0x02ddd8b3) divu    a7, s11, a3
core   0: 3 0x8000114a (0x02ddd8b3) x17 0x001f7589
core   0: 0x8000114e (0x00008c31) c.xor   s0, a2
core   0: 3 0x8000114e (0x8c31) x 8 0x000003ce
core   0: 0x80001150 (0x03e9e433) rem     s0, s3, t5
core   0: 3 0x80001150 (0x03e9e433) x 8 0x00000000
core   0: 0x80001154 (0x00008391) c.srli  a5, 4
core   0: 3 0x80001154 (0x8391) x15 0x0a790000
core   0: 0x80001156 (0x0073a433) slt     s0, t2, t2
core   0: 3 0x80001156 (0x0073a433) x 8 0x00000000
core   0: 0x8000115a (0x0000651d) c.lui   a0, 0x7
core   0: 3 0x8000115a (0x651d) x10 0x00007000
core   0: 0x8000115c (0x41378db3) sub     s11, a5, s3
core   0: 3 0x8000115c (0x41378db3) x27 0x0a790000
core   0: 0x80001160 (0x01285133) srl     sp, a6, s2
core   0: 3 0x80001160 (0x01285133) x 2 0x80013ce4
core   0: 0x80001164 (0x9adfc913) xori    s2, t6, -1619
core   0: 3 0x80001164 (0x9adfc913) x18 0x0337f9ad
core   0: 0x80001168 (0x02a97133) remu    sp, s2, a0
core   0: 3 0x80001168 (0x02a97133) x 2 0x000029ad
core   0: 0x8000116c (0x038b41b3) div     gp, s6, s8
core   0: 3 0x8000116c (0x038b41b3) x 3 0xffffffff
core   0: 0x80001170 (0x3650ef13) ori     t5, ra, 869
core   0: 3 0x80001170 (0x3650ef13) x30 0x00000365
core   0: 0x80001174 (0x03c55333) divu    t1, a0, t3
core   0: 3 0x80001174 (0x03c55333) x 6 0x00007000
core   0: 0x80001178 (0x00008e59) c.or    a2, a4
core   0: 3 0x80001178 (0x8e59) x12 0x80000000
core   0: 0x8000117a (0x00008ee1) c.and   a3, s0
core   0: 3 0x8000117a (0x8ee1) x13 0x00000000
core   0: 0x8000117c (0xd42f4193) xori    gp, t5, -702
core   0: 3 0x8000117c (0xd42f4193) x 3 0xfffffe27
core   0: 0x80001180 (0x414c5633) sra     a2, s8, s4
core   0: 3 0x80001180 (0x414c5633) x12 0x00000000
core   0: 0x80001184 (0x00008fe9) c.and   a5, a0
core   0: 3 0x80001184 (0x8fe9) x15 0x00000000
core   0: 0x80001186 (0x02235233) divu    tp, t1, sp
core   0: 3 0x80001186 (0x02235233) x 4 0x00000002
core   0: 0x8000118a (0xf288b413) sltiu   s0, a7, -216
core   0: 3 0x8000118a (0xf288b413) x 8 0x00000001
core   0: 0x8000118e (0x027789b3) mul     s3, a5, t2
core   0: 3 0x8000118e (0x027789b3) x19 0x00000000
core   0: 0x80001192 (0x013a80b3) add     ra, s5, s3
core   0: 3 0x80001192 (0x013a80b3) x 1 0xa7900000
core   0: 0x80001196 (0x418a0db3) sub     s11, s4, s8
core   0: 3 0x80001196 (0x418a0db3) x27 0x00000000
core   0: 0x8000119a (0xb21fee93) ori     t4, t6, -1247
core   0: 3 0x8000119a (0xb21fee93) x29 0xfffffb21
core   0: 0x8000119e (0x03a23eb3) mulhu   t4, tp, s10
core   0: 3 0x8000119e (0x03a23eb3) x29 0x00000000
core   0: 0x800011a2 (0x00000001) c.nop
core   0: 3 0x800011a2 (0x0001)
core   0: 0x800011a4 (0x40775a33) sra     s4, a4, t2
core   0: 3 0x800011a4 (0x40775a33) x20 0x80000000
core   0: 0x800011a8 (0x0aa6dd17) auipc   s10, 0xaa6d
core   0: 3 0x800011a8 (0x0aa6dd17) x26 0x8aa6e1a8
core   0: 0x800011ac (0x9c1ac713) xori    a4, s5, -1599
core   0: 3 0x800011ac (0x9c1ac713) x14 0x586ff9c1
core   0: 0x800011b0 (0xe4f21937) lui     s2, 0xe4f21
core   0: 3 0x800011b0 (0xe4f21937) x18 0xe4f21000
core   0: 0x800011b4 (0x013c55b3) srl     a1, s8, s3
core   0: 3 0x800011b4 (0x013c55b3) x11 0x00000000
core   0: 0x800011b8 (0xdc7f4a13) xori    s4, t5, -569
core   0: 3 0x800011b8 (0xdc7f4a13) x20 0xfffffea2
core   0: 0x800011bc (0x21b60393) addi    t2, a2, 539
core   0: 3 0x800011bc (0x21b60393) x 7 0x0000021b
core   0: 0x800011c0 (0x012a5193) srli    gp, s4, 18
core   0: 3 0x800011c0 (0x012a5193) x 3 0x00003fff
core   0: 0x800011c4 (0x8d4675b7) lui     a1, 0x8d467
core   0: 3 0x800011c4 (0x8d4675b7) x11 0x8d467000
core   0: 0x800011c8 (0x0000020a) c.slli  tp, 2
core   0: 3 0x800011c8 (0x020a) x 4 0x00000008
core   0: 0x800011ca (0x020f12b3) mulh    t0, t5, zero
core   0: 3 0x800011ca (0x020f12b3) x 5 0x00000000
core   0: 0x800011ce (0x005b4fb3) xor     t6, s6, t0
core   0: 3 0x800011ce (0x005b4fb3) x31 0x7c547000
core   0: 0x800011d2 (0x0332e933) rem     s2, t0, s3
core   0: 3 0x800011d2 (0x0332e933) x18 0x00000000
core   0: 0x800011d6 (0xd5486093) ori     ra, a6, -684
core   0: 3 0x800011d6 (0xd5486093) x 1 0xfffffdf4
core   0: 0x800011da (0x627a2293) slti    t0, s4, 1575
core   0: 3 0x800011da (0x627a2293) x 5 0x00000001
core   0: 0x800011de (0x00b692b3) sll     t0, a3, a1
core   0: 3 0x800011de (0x00b692b3) x 5 0x00000000
core   0: 0x800011e2 (0x0395feb3) remu    t4, a1, s9
core   0: 3 0x800011e2 (0x0395feb3) x29 0x8d467000
core   0: 0x800011e6 (0x00000910) c.addi4spn a2, sp, 144
core   0: 3 0x800011e6 (0x0910) x12 0x00002a3d
core   0: 0x800011e8 (0x01caf033) and     zero, s5, t3
core   0: 3 0x800011e8 (0x01caf033)
core   0: 0x800011ec (0x0058eb33) or      s6, a7, t0
core   0: 3 0x800011ec (0x0058eb33) x22 0x001f7589
core   0: 0x800011f0 (0x0000611d) c.addi16sp sp, 416
core   0: 3 0x800011f0 (0x611d) x 2 0x00002b4d
core   0: 0x800011f2 (0x01ed58b3) srl     a7, s10, t5
core   0: 3 0x800011f2 (0x01ed58b3) x17 0x0455370d
core   0: 0x800011f6 (0x00cc5593) srli    a1, s8, 12
core   0: 3 0x800011f6 (0x00cc5593) x11 0x00000000
core   0: 0x800011fa (0x00008d72) c.mv    s10, t3
core   0: 3 0x800011fa (0x8d72) x26 0x00000001
core   0: 0x800011fc (0x02f09333) mulh    t1, ra, a5
core   0: 3 0x800011fc (0x02f09333) x 6 0x00000000
core   0: 0x80001200 (0x01e55093) srli    ra, a0, 30
core   0: 3 0x80001200 (0x01e55093) x 1 0x00000000
core   0: 0x80001204 (0xfa82c3b7) lui     t2, 0xfa82c
core   0: 3 0x80001204 (0xfa82c3b7) x 7 0xfa82c000
core   0: 0x80001208 (0x0024ab33) slt     s6, s1, sp
core   0: 3 0x80001208 (0x0024ab33) x22 0x00000001
core   0: 0x8000120c (0x00006169) c.addi16sp sp, 208
core   0: 3 0x8000120c (0x6169) x 2 0x00002c1d
core   0: 0x8000120e (0xa5a83097) auipc   ra, 0xa5a83
core   0: 3 0x8000120e (0xa5a83097) x 1 0x25a8420e
core   0: 0x80001212 (0x41265013) srai    zero, a2, 18
core   0: 3 0x80001212 (0x41265013)
core   0: 0x80001216 (0x40325193) srai    gp, tp, 3
core   0: 3 0x80001216 (0x40325193) x 3 0x00000001
core   0: 0x8000121a (0x00008d91) c.sub   a1, a2
core   0: 3 0x8000121a (0x8d91) x11 0xffffd5c3
core   0: 0x8000121c (0x4116d313) srai    t1, a3, 17
core   0: 3 0x8000121c (0x4116d313) x 6 0x00000000
core   0: 0x80001220 (0x0025d8b3) srl     a7, a1, sp
core   0: 3 0x80001220 (0x0025d8b3) x17 0x00000007
core   0: 0x80001224 (0x03c45eb3) divu    t4, s0, t3
core   0: 3 0x80001224 (0x03c45eb3) x29 0x00000001
core   0: 0x80001228 (0x00008c5d) c.or    s0, a5
core   0: 3 0x80001228 (0x8c5d) x 8 0x00000001
core   0: 0x8000122a (0x00008c7d) c.and   s0, a5
core   0: 3 0x8000122a (0x8c7d) x 8 0x00000000
core   0: 0x8000122c (0x00008c4d) c.or    s0, a1
core   0: 3 0x8000122c (0x8c4d) x 8 0xffffd5c3
core   0: 0x8000122e (0x00001bfd) c.addi  s7, -1
core   0: 3 0x8000122e (0x1bfd) x23 0xffffffff
core   0: 0x80001230 (0x0b72a093) slti    ra, t0, 183
core   0: 3 0x80001230 (0x0b72a093) x 1 0x00000001
core   0: 0x80001234 (0x00d87733) and     a4, a6, a3
core   0: 3 0x80001234 (0x00d87733) x14 0x00000000
core   0: 0x80001238 (0x77d9c717) auipc   a4, 0x77d9c
core   0: 3 0x80001238 (0x77d9c717) x14 0xf7d9d238
core   0: 0x8000123c (0x0196d8b3) srl     a7, a3, s9
core   0: 3 0x8000123c (0x0196d8b3) x17 0x00000000
core   0: 0x80001240 (0x41b05e33) sra     t3, zero, s11
core   0: 3 0x80001240 (0x41b05e33) x28 0x00000000
core   0: 0x80001244 (0x037a4533) div     a0, s4, s7
core   0: 3 0x80001244 (0x037a4533) x10 0x0000015e
core   0: 0x80001248 (0x036c2db3) mulhsu  s11, s8, s6
core   0: 3 0x80001248 (0x036c2db3) x27 0x00000000
core   0: 0x8000124c (0x00008f9d) c.sub   a5, a5
core   0: 3 0x8000124c (0x8f9d) x15 0x00000000
core   0: 0x8000124e (0x03bf5633) divu    a2, t5, s11
core   0: 3 0x8000124e (0x03bf5633) x12 0xffffffff
core   0: 0x80001252 (0x4029de33) sra     t3, s3, sp
core   0: 3 0x80001252 (0x4029de33) x28 0x00000000
core   0: 0x80001256 (0x9efd1db7) lui     s11, 0x9efd1
core   0: 3 0x80001256 (0x9efd1db7) x27 0x9efd1000
core   0: 0x8000125a (0x00008f26) c.mv    t5, s1
core   0: 3 0x8000125a (0x8f26) x30 0x8000fe64
core   0: 0x8000125c (0x847dc617) auipc   a2, 0x847dc
core   0: 3 0x8000125c (0x847dc617) x12 0x047dd25c
core   0: 0x80001260 (0x40ef0a33) sub     s4, t5, a4
core   0: 3 0x80001260 (0x40ef0a33) x20 0x88272c2c
core   0: 0x80001264 (0x00000001) c.nop
core   0: 3 0x80001264 (0x0001)
core   0: 0x80001266 (0x00000001) c.nop
core   0: 3 0x80001266 (0x0001)
core   0: 0x80001268 (0x00000ae6) c.slli  s5, 25
core   0: 3 0x80001268 (0x0ae6) x21 0x00000000
core   0: 0x8000126a (0x100988b7) lui     a7, 0x10098
core   0: 3 0x8000126a (0x100988b7) x17 0x10098000
core   0: 0x8000126e (0xa94f5f37) lui     t5, 0xa94f5
core   0: 3 0x8000126e (0xa94f5f37) x30 0xa94f5000
core   0: 0x80001272 (0x18450e13) addi    t3, a0, 388
core   0: 3 0x80001272 (0x18450e13) x28 0x000002e2
core   0: 0x80001276 (0x868d6c17) auipc   s8, 0x868d6
core   0: 3 0x80001276 (0x868d6c17) x24 0x068d7276
core   0: 0x8000127a (0x891ae393) ori     t2, s5, -1903
core   0: 3 0x8000127a (0x891ae393) x 7 0xfffff891
core   0: 0x8000127e (0x00000001) c.nop
core   0: 3 0x8000127e (0x0001)
core   0: 0x80001280 (0x000099fd) c.andi  a1, -1
core   0: 3 0x80001280 (0x99fd) x11 0xffffd5c3
core   0: 0x80001282 (0x00004455) c.li    s0, 21
core   0: 3 0x80001282 (0x4455) x 8 0x00000015
core   0: 0x80001284 (0x00b5cfb3) xor     t6, a1, a1
core   0: 3 0x80001284 (0x00b5cfb3) x31 0x00000000
core   0: 0x80001288 (0x0224c133) div     sp, s1, sp
core   0: 3 0x80001288 (0x0224c133) x 2 0xfffd1936
core   0: 0x8000128c (0x00db9013) slli    zero, s7, 13
core   0: 3 0x8000128c (0x00db9013)
core   0: 0x80001290 (0x40fd8db3) sub     s11, s11, a5
core   0: 3 0x80001290 (0x40fd8db3) x27 0x9efd1000
core   0: 0x80001294 (0x000091ea) c.add   gp, s10
core   0: 3 0x80001294 (0x91ea) x 3 0x00000002
core   0: 0x80001296 (0x000082a9) c.srli  a3, 10
core   0: 3 0x80001296 (0x82a9) x13 0x00000000
core   0: 0x80001298 (0x01fe59b3) srl     s3, t3, t6
core   0: 3 0x80001298 (0x01fe59b3) x19 0x000002e2
core   0: 0x8000129c (0x00000c94) c.addi4spn a3, sp, 592
core   0: 3 0x8000129c (0x0c94) x13 0xfffd1b86
core   0: 0x8000129e (0xbb19ce97) auipc   t4, 0xbb19c
core   0: 3 0x8000129e (0xbb19ce97) x29 0x3b19d29e
core   0: 0x800012a2 (0x00000001) c.nop
core   0: 3 0x800012a2 (0x0001)
core   0: 0x800012a4 (0x01a1ae33) slt     t3, gp, s10
core   0: 3 0x800012a4 (0x01a1ae33) x28 0x00000000
core   0: 0x800012a8 (0x020f10b3) mulh    ra, t5, zero
core   0: 3 0x800012a8 (0x020f10b3) x 1 0x00000000
core   0: 0x800012ac (0x85a0f193) andi    gp, ra, -1958
core   0: 3 0x800012ac (0x85a0f193) x 3 0x00000000
core   0: 0x800012b0 (0x0000830d) c.srli  a4, 3
core   0: 3 0x800012b0 (0x830d) x14 0x1efb3a47
core   0: 0x800012b2 (0xc993b913) sltiu   s2, t2, -871
core   0: 3 0x800012b2 (0xc993b913) x18 0x00000001
core   0: 0x800012b6 (0x00cc9513) slli    a0, s9, 12
core   0: 3 0x800012b6 (0x00cc9513) x10 0x00000000
core   0: 0x800012ba (0x00ed1293) slli    t0, s10, 14
core   0: 3 0x800012ba (0x00ed1293) x 5 0x00004000
core   0: 0x800012be (0x00008fb5) c.xor   a5, a3
core   0: 3 0x800012be (0x8fb5) x15 0xfffd1b86
core   0: 0x800012c0 (0x3033a413) slti    s0, t2, 771
core   0: 3 0x800012c0 (0x3033a413) x 8 0x00000001
core   0: 0x800012c4 (0x01719a33) sll     s4, gp, s7
core   0: 3 0x800012c4 (0x01719a33) x20 0x00000000
core   0: 0x800012c8 (0x00009d26) c.add   s10, s1
core   0: 3 0x800012c8 (0x9d26) x26 0x8000fe65
core   0: 0x800012ca (0x410dd393) srai    t2, s11, 16
core   0: 3 0x800012ca (0x410dd393) x 7 0xffff9efd
core   0: 0x800012ce (0x72c12f93) slti    t6, sp, 1836
core   0: 3 0x800012ce (0x72c12f93) x31 0x00000001
core   0: 0x800012d2 (0x005593b3) sll     t2, a1, t0
core   0: 3 0x800012d2 (0x005593b3) x 7 0xffffd5c3
core   0: 0x800012d6 (0x416a0933) sub     s2, s4, s6
core   0: 3 0x800012d6 (0x416a0933) x18 0xffffffff
core   0: 0x800012da (0xc3260313) addi    t1, a2, -974
core   0: 3 0x800012da (0xc3260313) x 6 0x047dce8e
core   0: 0x800012de (0x00009b7d) c.andi  a4, -1
core   0: 3 0x800012de (0x9b7d) x14 0x1efb3a47
core   0: 0x800012e0 (0x2a827517) auipc   a0, 0x2a827
core   0: 3 0x800012e0 (0x2a827517) x10 0xaa8282e0
core   0: 0x800012e4 (0x02357c33) remu    s8, a0, gp
core   0: 3 0x800012e4 (0x02357c33) x24 0xaa8282e0
core   0: 0x800012e8 (0x0028c233) xor     tp, a7, sp
core   0: 3 0x800012e8 (0x0028c233) x 4 0xeff49936
core   0: 0x800012ec (0x00a028b3) slt     a7, zero, a0
core   0: 3 0x800012ec (0x00a028b3) x17 0x00000000
core   0: 0x800012f0 (0x40dcd933) sra     s2, s9, a3
core   0: 3 0x800012f0 (0x40dcd933) x18 0x00000000
core   0: 0x800012f4 (0xe42ccb93) xori    s7, s9, -446
core   0: 3 0x800012f4 (0xe42ccb93) x23 0xfffffe42
core   0: 0x800012f8 (0x00008f79) c.and   a4, a4
core   0: 3 0x800012f8 (0x8f79) x14 0x1efb3a47
core   0: 0x800012fa (0x4171d293) srai    t0, gp, 23
core   0: 3 0x800012fa (0x4171d293) x 5 0x00000000
core   0: 0x800012fe (0x00008aaa) c.mv    s5, a0
core   0: 3 0x800012fe (0x8aaa) x21 0xaa8282e0
core   0: 0x80001300 (0x00000001) c.nop
core   0: 3 0x80001300 (0x0001)
core   0: 0x80001302 (0x00009946) c.add   s2, a7
core   0: 3 0x80001302 (0x9946) x18 0x00000000
core   0: 0x80001304 (0x0235f033) remu    zero, a1, gp
core   0: 3 0x80001304 (0x0235f033)
core   0: 0x80001308 (0x00ab7733) and     a4, s6, a0
core   0: 3 0x80001308 (0x00ab7733) x14 0x00000000
core   0: 0x8000130c (0x020b87b3) mul     a5, s7, zero
core   0: 3 0x8000130c (0x020b87b3) x15 0x00000000
core   0: 0x80001310 (0x00008f71) c.and   a4, a2
core   0: 3 0x80001310 (0x8f71) x14 0x00000000
core   0: 0x80001312 (0x0174d393) srli    t2, s1, 23
core   0: 3 0x80001312 (0x0174d393) x 7 0x00000100
core   0: 0x80001316 (0x0283f9b3) remu    s3, t2, s0
core   0: 3 0x80001316 (0x0283f9b3) x19 0x00000000
core   0: 0x8000131a (0x2b07c337) lui     t1, 0x2b07c
core   0: 3 0x8000131a (0x2b07c337) x 6 0x2b07c000
core   0: 0x8000131e (0x00008e09) c.sub   a2, a0
core   0: 3 0x8000131e (0x8e09) x12 0x59fb4f7c
core   0: 0x80001320 (0x03d20933) mul     s2, tp, t4
core   0: 3 0x80001320 (0x03d20933) x18 0x26eadb54
core   0: 0x80001324 (0x03838ab3) mul     s5, t2, s8
core   0: 3 0x80001324 (0x03838ab3) x21 0x8282e000
core   0: 0x80001328 (0x019278b3) and     a7, tp, s9
core   0: 3 0x80001328 (0x019278b3) x17 0x00000000
core   0: 0x8000132c (0x00000d08) c.addi4spn a0, sp, 656
core   0: 3 0x8000132c (0x0d08) x10 0xfffd1bc6
core   0: 0x8000132e (0xb5ff2e13) slti    t3, t5, -1185
core   0: 3 0x8000132e (0xb5ff2e13) x28 0x00000001
core   0: 0x80001332 (0x010fd893) srli    a7, t6, 16
core   0: 3 0x80001332 (0x010fd893) x17 0x00000000
core   0: 0x80001336 (0x01029713) slli    a4, t0, 16
core   0: 3 0x80001336 (0x01029713) x14 0x00000000
core   0: 0x8000133a (0xb47e3d13) sltiu   s10, t3, -1209
core   0: 3 0x8000133a (0xb47e3d13) x26 0x00000001
core   0: 0x8000133e (0x00001d08) c.addi4spn a0, sp, 688
core   0: 3 0x8000133e (0x1d08) x10 0xfffd1be6
core   0: 0x80001340 (0x408a5db3) sra     s11, s4, s0
core   0: 3 0x80001340 (0x408a5db3) x27 0x00000000
core   0: 0x80001344 (0x00c24333) xor     t1, tp, a2
core   0: 3 0x80001344 (0x00c24333) x 6 0xb60fd64a
core   0: 0x80001348 (0x03528533) mul     a0, t0, s5
core   0: 3 0x80001348 (0x03528533) x10 0x00000000
core   0: 0x8000134c (0x00337bb3) and     s7, t1, gp
core   0: 3 0x8000134c (0x00337bb3) x23 0x00000000
core   0: 0x80001350 (0xcb176413) ori     s0, a4, -847
core   0: 3 0x80001350 (0xcb176413) x 8 0xfffffcb1
core   0: 0x80001354 (0xfe1b4893) xori    a7, s6, -31
core   0: 3 0x80001354 (0xfe1b4893) x17 0xffffffe0
core   0: 0x80001358 (0x00000dfe) c.slli  s11, 31
core   0: 3 0x80001358 (0x0dfe) x27 0x00000000
core   0: 0x8000135a (0x038f8f33) mul     t5, t6, s8
core   0: 3 0x8000135a (0x038f8f33) x30 0xaa8282e0
core   0: 0x8000135e (0x019329b3) slt     s3, t1, s9
core   0: 3 0x8000135e (0x019329b3) x19 0x00000001
core   0: 0x80001362 (0x00000001) c.nop
core   0: 3 0x80001362 (0x0001)
core   0: 0x80001364 (0x028230b3) mulhu   ra, tp, s0
core   0: 3 0x80001364 (0x028230b3) x 1 0xeff4961c
core   0: 0x80001368 (0x00000500) c.addi4spn s0, sp, 640
core   0: 3 0x80001368 (0x0500) x 8 0xfffd1bb6
core   0: 0x8000136a (0x009f3733) sltu    a4, t5, s1
core   0: 3 0x8000136a (0x009f3733) x14 0x00000000
core   0: 0x8000136e (0x00008e85) c.sub   a3, s1
core   0: 3 0x8000136e (0x8e85) x13 0x7ffc1d22
core   0: 0x80001370 (0x14fa3293) sltiu   t0, s4, 335
core   0: 3 0x80001370 (0x14fa3293) x 5 0x00000001
core   0: 0x80001374 (0x030bf5b3) remu    a1, s7, a6
core   0: 3 0x80001374 (0x030bf5b3) x11 0x00000000
core   0: 0x80001378 (0x8f15ca13) xori    s4, a1, -1807
core   0: 3 0x80001378 (0x8f15ca13) x20 0xfffff8f1
core   0: 0x8000137c (0xe201ca13) xori    s4, gp, -480
core   0: 3 0x8000137c (0xe201ca13) x20 0xfffffe20
core   0: 0x80001380 (0xec4d6b37) lui     s6, 0xec4d6
core   0: 3 0x80001380 (0xec4d6b37) x22 0xec4d6000
core   0: 0x80001384 (0x4541d417) auipc   s0, 0x4541d
core   0: 3 0x80001384 (0x4541d417) x 8 0xc541e384
core   0: 0x80001388 (0x017817b3) sll     a5, a6, s7
core   0: 3 0x80001388 (0x017817b3) x15 0x80013ce4
core   0: 0x8000138c (0x0000091e) c.slli  s2, 7
core   0: 3 0x8000138c (0x091e) x18 0x756daa00
core   0: 0x8000138e (0x00006719) c.lui   a4, 0x6
core   0: 3 0x8000138e (0x6719) x14 0x00006000
core   0: 0x80001390 (0x204fe693) ori     a3, t6, 516
core   0: 3 0x80001390 (0x204fe693) x13 0x00000205
core   0: 0x80001394 (0x018dd0b3) srl     ra, s11, s8
core   0: 3 0x80001394 (0x018dd0b3) x 1 0x00000000
core   0: 0x80001398 (0x03560bb3) mul     s7, a2, s5
core   0: 3 0x80001398 (0x03560bb3) x23 0x3a848000
core   0: 0x8000139c (0x0000597d) c.li    s2, -1
core   0: 3 0x8000139c (0x597d) x18 0xffffffff
core   0: 0x8000139e (0x32a67993) andi    s3, a2, 810
core   0: 3 0x8000139e (0x32a67993) x19 0x00000328
core   0: 0x800013a2 (0x01676933) or      s2, a4, s6
core   0: 3 0x800013a2 (0x01676933) x18 0xec4d6000
core   0: 0x800013a6 (0x00000ea5) c.addi  t4, 9
core   0: 3 0x800013a6 (0x0ea5) x29 0x3b19d2a7
core   0: 0x800013a8 (0x01e45e93) srli    t4, s0, 30
core   0: 3 0x800013a8 (0x01e45e93) x29 0x00000003
core   0: 0x800013ac (0x000081ad) c.srli  a1, 11
core   0: 3 0x800013ac (0x81ad) x11 0x00000000
core   0: 0x800013ae (0x03de30b3) mulhu   ra, t3, t4
core   0: 3 0x800013ae (0x03de30b3) x 1 0x00000000
core   0: 0x800013b2 (0x01cd73b3) and     t2, s10, t3
core   0: 3 0x800013b2 (0x01cd73b3) x 7 0x00000001
core   0: 0x800013b6 (0x00004359) c.li    t1, 22
core   0: 3 0x800013b6 (0x4359) x 6 0x00000016
core   0: 0x800013b8 (0x00001c7d) c.addi  s8, -1
core   0: 3 0x800013b8 (0x1c7d) x24 0xaa8282df
core   0: 0x800013ba (0x00000086) c.slli  ra, 1
core   0: 3 0x800013ba (0x0086) x 1 0x00000000
core   0: 0x800013bc (0x00000b08) c.addi4spn a0, sp, 400
core   0: 3 0x800013bc (0x0b08) x10 0xfffd1ac6
core   0: 0x800013be (0x01c3d533) srl     a0, t2, t3
core   0: 3 0x800013be (0x01c3d533) x10 0x00000000
core   0: 0x800013c2 (0x00000001) c.nop
core   0: 3 0x800013c2 (0x0001)
core   0: 0x800013c4 (0x01640c33) add     s8, s0, s6
core   0: 3 0x800013c4 (0x01640c33) x24 0xb18f4384
core   0: 0x800013c8 (0x95177337) lui     t1, 0x95177
core   0: 3 0x800013c8 (0x95177337) x 6 0x95177000
core   0: 0x800013cc (0x02072d33) mulhsu  s10, a4, zero
core   0: 3 0x800013cc (0x02072d33) x26 0x00000000
core   0: 0x800013d0 (0x000081bd) c.srli  a1, 15
core   0: 3 0x800013d0 (0x81bd) x11 0x00000000
core   0: 0x800013d2 (0x010dd7b3) srl     a5, s11, a6
core   0: 3 0x800013d2 (0x010dd7b3) x15 0x00000000
core   0: 0x800013d6 (0xacd6f393) andi    t2, a3, -1331
core   0: 3 0x800013d6 (0xacd6f393) x 7 0x00000205
core   0: 0x800013da (0x00000001) c.nop
core   0: 3 0x800013da (0x0001)
core   0: 0x800013dc (0x019cbfb3) sltu    t6, s9, s9
core   0: 3 0x800013dc (0x019cbfb3) x31 0x00000000
core   0: 0x800013e0 (0x00369413) slli    s0, a3, 3
core   0: 3 0x800013e0 (0x00369413) x 8 0x00001028
core   0: 0x800013e4 (0x000059fd) c.li    s3, -1
core   0: 3 0x800013e4 (0x59fd) x19 0xffffffff
core   0: 0x800013e6 (0x00359d93) slli    s11, a1, 3
core   0: 3 0x800013e6 (0x00359d93) x27 0x00000000
core   0: 0x800013ea (0x01d171b3) and     gp, sp, t4
core   0: 3 0x800013ea (0x01d171b3) x 3 0x00000002
core   0: 0x800013ee (0x00008d75) c.and   a0, a3
core   0: 3 0x800013ee (0x8d75) x10 0x00000000
core   0: 0x800013f0 (0x40535d13) srai    s10, t1, 5
core   0: 3 0x800013f0 (0x40535d13) x26 0xfca8bb80
core   0: 0x800013f4 (0xa3ce9e37) lui     t3, 0xa3ce9
core   0: 3 0x800013f4 (0xa3ce9e37) x28 0xa3ce9000
core   0: 0x800013f8 (0x00001388) c.addi4spn a0, sp, 480
core   0: 3 0x800013f8 (0x1388) x10 0xfffd1b16
core   0: 0x800013fa (0x020ecdb3) div     s11, t4, zero
core   0: 3 0x800013fa (0x020ecdb3) x27 0xffffffff
core   0: 0x800013fe (0x00001e00) c.addi4spn s0, sp, 816
core   0: 3 0x800013fe (0x1e00) x 8 0xfffd1c66
core   0: 0x80001400 (0x01be5c13) srli    s8, t3, 27
core   0: 3 0x80001400 (0x01be5c13) x24 0x00000014
core   0: 0x80001404 (0x40c182b3) sub     t0, gp, a2
core   0: 3 0x80001404 (0x40c182b3) x 5 0xa604b086
core   0: 0x80001408 (0x7f37f093) andi    ra, a5, 2035
core   0: 3 0x80001408 (0x7f37f093) x 1 0x00000000
core   0: 0x8000140c (0x00008d55) c.or    a0, a3
core   0: 3 0x8000140c (0x8d55) x10 0xfffd1b17
core   0: 0x8000140e (0x00008b4d) c.andi  a4, 19
core   0: 3 0x8000140e (0x8b4d) x14 0x00000000
core   0: 0x80001410 (0x2fca3613) sltiu   a2, s4, 764
core   0: 3 0x80001410 (0x2fca3613) x12 0x00000000
core   0: 0x80001414 (0x004ed693) srli    a3, t4, 4
core   0: 3 0x80001414 (0x004ed693) x13 0x00000000
core   0: 0x80001418 (0xc5dd5a37) lui     s4, 0xc5dd5
core   0: 3 0x80001418 (0xc5dd5a37) x20 0xc5dd5000
core   0: 0x8000141c (0x000085fd) c.srai  a1, 31
core   0: 3 0x8000141c (0x85fd) x11 0x00000000
core   0: 0x8000141e (0x00008f8d) c.sub   a5, a1
core   0: 3 0x8000141e (0x8f8d) x15 0x00000000
core   0: 0x80001420 (0xf2044097) auipc   ra, 0xf2044
core   0: 3 0x80001420 (0xf2044097) x 1 0x72045420
core   0: 0x80001424 (0xcd28bf93) sltiu   t6, a7, -814
core   0: 3 0x80001424 (0xcd28bf93) x31 0x00000000
core   0: 0x80001428 (0x01c3d8b3) srl     a7, t2, t3
core   0: 3 0x80001428 (0x01c3d8b3) x17 0x00000205
core   0: 0x8000142c (0x00008fd1) c.or    a5, a2
core   0: 3 0x8000142c (0x8fd1) x15 0x00000000
core   0: 0x8000142e (0x00008a5e) c.mv    s4, s7
core   0: 3 0x8000142e (0x8a5e) x20 0x3a848000
core   0: 0x80001430 (0x00000c6a) c.slli  s8, 26
core   0: 3 0x80001430 (0x0c6a) x24 0x50000000
core   0: 0x80001432 (0x00008f3d) c.xor   a4, a5
core   0: 3 0x80001432 (0x8f3d) x14 0x00000000
core   0: 0x80001434 (0x024a7b33) remu    s6, s4, tp
core   0: 3 0x80001434 (0x024a7b33) x22 0x3a848000
core   0: 0x80001438 (0x000013fd) c.addi  t2, -1
core   0: 3 0x80001438 (0x13fd) x 7 0x00000204
core   0: 0x8000143a (0x00e30133) add     sp, t1, a4
core   0: 3 0x8000143a (0x00e30133) x 2 0x95177000
core   0: 0x8000143e (0x003c1d93) slli    s11, s8, 3
core   0: 3 0x8000143e (0x003c1d93) x27 0x80000000
core   0: 0x80001442 (0x00008dd9) c.or    a1, a4
core   0: 3 0x80001442 (0x8dd9) x11 0x00000000
core   0: 0x80001444 (0x000058fd) c.li    a7, -1
core   0: 3 0x80001444 (0x58fd) x17 0xffffffff
core   0: 0x80001446 (0x016875b3) and     a1, a6, s6
core   0: 3 0x80001446 (0x016875b3) x11 0x00000000
core   0: 0x8000144a (0x00009afd) c.andi  a3, -1
core   0: 3 0x8000144a (0x9afd) x13 0x00000000
core   0: 0x8000144c (0x02bd99b3) mulh    s3, s11, a1
core   0: 3 0x8000144c (0x02bd99b3) x19 0x00000000
core   0: 0x80001450 (0x010d3c33) sltu    s8, s10, a6
core   0: 3 0x80001450 (0x010d3c33) x24 0x00000000
core   0: 0x80001454 (0x412a5f93) srai    t6, s4, 18
core   0: 3 0x80001454 (0x412a5f93) x31 0x00000ea1
core   0: 0x80001458 (0xdcda2d13) slti    s10, s4, -563
core   0: 3 0x80001458 (0xdcda2d13) x26 0x00000000
core   0: 0x8000145c (0x00000001) c.nop
core   0: 3 0x8000145c (0x0001)
core   0: 0x8000145e (0x019e2a33) slt     s4, t3, s9
core   0: 3 0x8000145e (0x019e2a33) x20 0x00000001
core   0: 0x80001462 (0x00001a7d) c.addi  s4, -1
core   0: 3 0x80001462 (0x1a7d) x20 0x00000000
core   0: 0x80001464 (0x000057fd) c.li    a5, -1
core   0: 3 0x80001464 (0x57fd) x15 0xffffffff
core   0: 0x80001466 (0xdb03c397) auipc   t2, 0xdb03c
core   0: 3 0x80001466 (0xdb03c397) x 7 0x5b03d466
core   0: 0x8000146a (0x401bd893) srai    a7, s7, 1
core   0: 3 0x8000146a (0x401bd893) x17 0x1d424000
core   0: 0x8000146e (0x41a5dd13) srai    s10, a1, 26
core   0: 3 0x8000146e (0x41a5dd13) x26 0x00000000
core   0: 0x80001472 (0x01e3e333) or      t1, t2, t5
core   0: 3 0x80001472 (0x01e3e333) x 6 0xfb83d6e6
core   0: 0x80001476 (0x41a3d0b3) sra     ra, t2, s10
core   0: 3 0x80001476 (0x41a3d0b3) x 1 0x5b03d466
core   0: 0x8000147a (0x0191dc13) srli    s8, gp, 25
core   0: 3 0x8000147a (0x0191dc13) x24 0x00000000
core   0: 0x8000147e (0x03125c33) divu    s8, tp, a7
core   0: 3 0x8000147e (0x03125c33) x24 0x00000008
core   0: 0x80001482 (0x034ce9b3) rem     s3, s9, s4
core   0: 3 0x80001482 (0x034ce9b3) x19 0x00000000
core   0: 0x80001486 (0x00725e93) srli    t4, tp, 7
core   0: 3 0x80001486 (0x00725e93) x29 0x01dfe932
core   0: 0x8000148a (0xfc8ce093) ori     ra, s9, -56
core   0: 3 0x8000148a (0xfc8ce093) x 1 0xffffffc8
core   0: 0x8000148e (0x005d9c13) slli    s8, s11, 5
core   0: 3 0x8000148e (0x005d9c13) x24 0x00000000
core   0: 0x80001492 (0x010b5533) srl     a0, s6, a6
core   0: 3 0x80001492 (0x010b5533) x10 0x03a84800
core   0: 0x80001496 (0x0000110c) c.addi4spn a1, sp, 160
core   0: 3 0x80001496 (0x110c) x11 0x951770a0
core   0: 0x80001498 (0x7e823bb7) lui     s7, 0x7e823
core   0: 3 0x80001498 (0x7e823bb7) x23 0x7e823000
core   0: 0x8000149c (0x805d8a93) addi    s5, s11, -2043
core   0: 3 0x8000149c (0x805d8a93) x21 0x7ffff805
core   0: 0x800014a0 (0x0000072d) c.addi  a4, 11
core   0: 3 0x800014a0 (0x072d) x14 0x0000000b
core   0: 0x800014a2 (0x00008ebd) c.xor   a3, a5
core   0: 3 0x800014a2 (0x8ebd) x13 0xffffffff
core   0: 0x800014a4 (0x00000f10) c.addi4spn a2, sp, 912
core   0: 3 0x800014a4 (0x0f10) x12 0x95177390
core   0: 0x800014a6 (0x2e8a4137) lui     sp, 0x2e8a4
core   0: 3 0x800014a6 (0x2e8a4137) x 2 0x2e8a4000
core   0: 0x800014aa (0x006f58b3) srl     a7, t5, t1
core   0: 3 0x800014aa (0x006f58b3) x17 0x02aa0a0b
core   0: 0x800014ae (0x010ad033) srl     zero, s5, a6
core   0: 3 0x800014ae (0x010ad033)
core   0: 0x800014b2 (0x40645d33) sra     s10, s0, t1
core   0: 3 0x800014b2 (0x40645d33) x26 0xfffff471
core   0: 0x800014b6 (0x00b697b3) sll     a5, a3, a1
core   0: 3 0x800014b6 (0x00b697b3) x15 0xffffffff
core   0: 0x800014ba (0x03f90db3) mul     s11, s2, t6
core   0: 3 0x800014ba (0x03f90db3) x27 0xd7e96000
core   0: 0x800014be (0x00000001) c.nop
core   0: 3 0x800014be (0x0001)
core   0: 0x800014c0 (0x0000577d) c.li    a4, -1
core   0: 3 0x800014c0 (0x577d) x14 0xffffffff
core   0: 0x800014c2 (0x02401633) mulh    a2, zero, tp
core   0: 3 0x800014c2 (0x02401633) x12 0x00000000
core   0: 0x800014c6 (0x00008e19) c.sub   a2, a4
core   0: 3 0x800014c6 (0x8e19) x12 0x00000001
core   0: 0x800014c8 (0x0170cab3) xor     s5, ra, s7
core   0: 3 0x800014c8 (0x0170cab3) x21 0x817dcfc8
core   0: 0x800014cc (0x01927433) and     s0, tp, s9
core   0: 3 0x800014cc (0x01927433) x 8 0x00000000
core   0: 0x800014d0 (0x00009e92) c.add   t4, tp
core   0: 3 0x800014d0 (0x9e92) x29 0xf1d48268
core   0: 0x800014d2 (0x00000001) c.nop
core   0: 3 0x800014d2 (0x0001)
core   0: 0x800014d4 (0x0153dd93) srli    s11, t2, 21
core   0: 3 0x800014d4 (0x0153dd93) x27 0x000002d8
core   0: 0x800014d8 (0x0000467d) c.li    a2, 31
core   0: 3 0x800014d8 (0x467d) x12 0x0000001f
core   0: 0x800014da (0x0000717d) c.addi16sp sp, -16
core   0: 3 0x800014da (0x717d) x 2 0x2e8a3ff0
core   0: 0x800014dc (0x01e9d5b3) srl     a1, s3, t5
core   0: 3 0x800014dc (0x01e9d5b3) x11 0x00000000
core   0: 0x800014e0 (0x00008ead) c.xor   a3, a1
core   0: 3 0x800014e0 (0x8ead) x13 0xffffffff
core   0: 0x800014e2 (0x0346edb3) rem     s11, a3, s4
core   0: 3 0x800014e2 (0x0346edb3) x27 0xffffffff
core   0: 0x800014e6 (0xcb306793) ori     a5, zero, -845
core   0: 3 0x800014e6 (0xcb306793) x15 0xfffffcb3
core   0: 0x800014ea (0xf802a693) slti    a3, t0, -128
core   0: 3 0x800014ea (0xf802a693) x13 0x00000001
core   0: 0x800014ee (0x01ee5513) srli    a0, t3, 30
core   0: 3 0x800014ee (0x01ee5513) x10 0x00000002
core   0: 0x800014f2 (0x00008ea5) c.xor   a3, s1
core   0: 3 0x800014f2 (0x8ea5) x13 0x8000fe65
core   0: 0x800014f4 (0x00004501) c.li    a0, 0
core   0: 3 0x800014f4 (0x4501) x10 0x00000000
core   0: 0x800014f6 (0x033729b3) mulhsu  s3, a4, s3
core   0: 3 0x800014f6 (0x033729b3) x19 0x00000000
core   0: 0x800014fa (0x0000993a) c.add   s2, a4
core   0: 3 0x800014fa (0x993a) x18 0xec4d5fff
core   0: 0x800014fc (0x0000717d) c.addi16sp sp, -16
core   0: 3 0x800014fc (0x717d) x 2 0x2e8a3fe0
core   0: 0x800014fe (0x0000197d) c.addi  s2, -1
core   0: 3 0x800014fe (0x197d) x18 0xec4d5ffe
core   0: 0x80001500 (0x00000001) c.nop
core   0: 3 0x80001500 (0x0001)
core   0: 0x80001502 (0x03133db3) mulhu   s11, t1, a7
core   0: 3 0x80001502 (0x03133db3) x27 0x029e1718
core   0: 0x80001506 (0x40b75313) srai    t1, a4, 11
core   0: 3 0x80001506 (0x40b75313) x 6 0xffffffff
core   0: 0x8000150a (0x010bb733) sltu    a4, s7, a6
core   0: 3 0x8000150a (0x010bb733) x14 0x00000001
core   0: 0x8000150e (0x00000f14) c.addi4spn a3, sp, 912
core   0: 3 0x8000150e (0x0f14) x13 0x2e8a4370
core   0: 0x80001510 (0x00008a5e) c.mv    s4, s7
core   0: 3 0x80001510 (0x8a5e) x20 0x7e823000
core   0: 0x80001512 (0x00001310) c.addi4spn a2, sp, 416
core   0: 3 0x80001512 (0x1310) x12 0x2e8a4180
core   0: 0x80001514 (0x000050fd) c.li    ra, -1
core   0: 3 0x80001514 (0x50fd) x 1 0xffffffff
core   0: 0x80001516 (0x53799d97) auipc   s11, 0x53799
core   0: 3 0x80001516 (0x53799d97) x27 0xd379a516
core   0: 0x8000151a (0x01ff2eb3) slt     t4, t5, t6
core   0: 3 0x8000151a (0x01ff2eb3) x29 0x00000001
core   0: 0x8000151e (0x00008325) c.srli  a4, 9
core   0: 3 0x8000151e (0x8325) x14 0x00000000
core   0: 0x80001520 (0x018d9f33) sll     t5, s11, s8
core   0: 3 0x80001520 (0x018d9f33) x30 0xd379a516
core   0: 0x80001524 (0x021bf9b3) remu    s3, s7, ra
core   0: 3 0x80001524 (0x021bf9b3) x19 0x7e823000
core   0: 0x80001528 (0x00009bfd) c.andi  a5, -1
core   0: 3 0x80001528 (0x9bfd) x15 0xfffffcb3
core   0: 0x8000152a (0x00004ddd) c.li    s11, 23
core   0: 3 0x8000152a (0x4ddd) x27 0x00000017
core   0: 0x8000152c (0x026430b3) mulhu   ra, s0, t1
core   0: 3 0x8000152c (0x026430b3) x 1 0x00000000
core   0: 0x80001530 (0x000086bd) c.srai  a3, 15
core   0: 3 0x80001530 (0x86bd) x13 0x00005d14
core   0: 0x80001532 (0x00941e93) slli    t4, s0, 9
core   0: 3 0x80001532 (0x00941e93) x29 0x00000000
core   0: 0x80001536 (0x00008d79) c.and   a0, a4
core   0: 3 0x80001536 (0x8d79) x10 0x00000000
core   0: 0x80001538 (0x00000001) c.nop
core   0: 3 0x80001538 (0x0001)
core   0: 0x8000153a (0x00008c65) c.and   s0, s1
core   0: 3 0x8000153a (0x8c65) x 8 0x00000000
core   0: 0x8000153c (0x024bd5b3) divu    a1, s7, tp
core   0: 3 0x8000153c (0x024bd5b3) x11 0x00000000
core   0: 0x80001540 (0x03a59133) mulh    sp, a1, s10
core   0: 3 0x80001540 (0x03a59133) x 2 0x00000000
core   0: 0x80001544 (0x00008edd) c.or    a3, a5
core   0: 3 0x80001544 (0x8edd) x13 0xfffffdb7
core   0: 0x80001546 (0x4039de93) srai    t4, s3, 3
core   0: 3 0x80001546 (0x4039de93) x29 0x0fd04600
core   0: 0x8000154a (0x00008071) c.srli  s0, 28
core   0: 3 0x8000154a (0x8071) x 8 0x00000000
core   0: 0x8000154c (0xa1512513) slti    a0, sp, -1515
core   0: 3 0x8000154c (0xa1512513) x10 0x00000000
core   0: 0x80001550 (0x037ac733) div     a4, s5, s7
core   0: 3 0x80001550 (0x037ac733) x14 0xffffffff
core   0: 0x80001554 (0x0000614d) c.addi16sp sp, 176
core   0: 3 0x80001554 (0x614d) x 2 0x000000b0
core   0: 0x80001556 (0xff057993) andi    s3, a0, -16
core   0: 3 0x80001556 (0xff057993) x19 0x00000000
core   0: 0x8000155a (0x00008acd) c.andi  a3, 19
core   0: 3 0x8000155a (0x8acd) x13 0x00000013
core   0: 0x8000155c (0x02f819b3) mulh    s3, a6, a5
core   0: 3 0x8000155c (0x02f819b3) x19 0x000001a6
core   0: 0x80001560 (0x0000038e) c.slli  t2, 3
core   0: 3 0x80001560 (0x038e) x 7 0xd81ea330
core   0: 0x80001562 (0x01c3d013) srli    zero, t2, 28
core   0: 3 0x80001562 (0x01c3d013)
core   0: 0x80001566 (0x00008e51) c.or    a2, a2
core   0: 3 0x80001566 (0x8e51) x12 0x2e8a4180
core   0: 0x80001568 (0x03cf7fb3) remu    t6, t5, t3
core   0: 3 0x80001568 (0x03cf7fb3) x31 0x2fab1516
core   0: 0x8000156c (0x401d5513) srai    a0, s10, 1
core   0: 3 0x8000156c (0x401d5513) x10 0xfffffa38
core   0: 0x80001570 (0x00004471) c.li    s0, 28
core   0: 3 0x80001570 (0x4471) x 8 0x0000001c
core   0: 0x80001572 (0x00000e98) c.addi4spn a4, sp, 848
core   0: 3 0x80001572 (0x0e98) x14 0x00000400
core   0: 0x80001574 (0xee4a05b7) lui     a1, 0xee4a0
core   0: 3 0x80001574 (0xee4a05b7) x11 0xee4a0000
core   0: 0x80001578 (0x033f1733) mulh    a4, t5, s3
core   0: 3 0x80001578 (0x033f1733) x14 0xffffffb6
core   0: 0x8000157c (0x00006399) c.lui   t2, 0x6
core   0: 3 0x8000157c (0x6399) x 7 0x00006000
core   0: 0x8000157e (0x020d5ab3) divu    s5, s10, zero
core   0: 3 0x8000157e (0x020d5ab3) x21 0xffffffff
core   0: 0x80001582 (0x2b0c0e93) addi    t4, s8, 688
core   0: 3 0x80001582 (0x2b0c0e93) x29 0x000002b0
core   0: 0x80001586 (0x0195d3b3) srl     t2, a1, s9
core   0: 3 0x80001586 (0x0195d3b3) x 7 0xee4a0000
core   0: 0x8000158a (0x032b7633) remu    a2, s6, s2
core   0: 3 0x8000158a (0x032b7633) x12 0x3a848000
core   0: 0x8000158e (0x00000001) c.nop
core   0: 3 0x8000158e (0x0001)
core   0: 0x80001590 (0x025abab3) mulhu   s5, s5, t0
core   0: 3 0x80001590 (0x025abab3) x21 0xa604b085
core   0: 0x80001594 (0x00000ea5) c.addi  t4, 9
core   0: 3 0x80001594 (0x0ea5) x29 0x000002b9
core   0: 0x80001596 (0x01273437) lui     s0, 0x1273
core   0: 3 0x80001596 (0x01273437) x 8 0x01273000
core   0: 0x8000159a (0x02e1c933) div     s2, gp, a4
core   0: 3 0x8000159a (0x02e1c933) x18 0x00000000
core   0: 0x8000159e (0x00008f05) c.sub   a4, s1
core   0: 3 0x8000159e (0x8f05) x14 0x7fff0152
core   0: 0x800015a0 (0x00000a96) c.slli  s5, 5
core   0: 3 0x800015a0 (0x0a96) x21 0xc09610a0
core   0: 0x800015a2 (0x000007d2) c.slli  a5, 20
core   0: 3 0x800015a2 (0x07d2) x15 0xcb300000
core   0: 0x800015a4 (0x15dc6a93) ori     s5, s8, 349
core   0: 3 0x800015a4 (0x15dc6a93) x21 0x0000015d
core   0: 0x800015a8 (0x025bb8b3) mulhu   a7, s7, t0
core   0: 3 0x800015a8 (0x025bb8b3) x17 0x520abc64
core   0: 0x800015ac (0x00001c7d) c.addi  s8, -1
core   0: 3 0x800015ac (0x1c7d) x24 0xffffffff
core   0: 0x800015ae (0x951b6c17) auipc   s8, 0x951b6
core   0: 3 0x800015ae (0x951b6c17) x24 0x151b75ae
core   0: 0x800015b2 (0x00000d71) c.addi  s10, 28
core   0: 3 0x800015b2 (0x0d71) x26 0xfffff48d
core   0: 0x800015b4 (0x028a16b3) mulh    a3, s4, s0
core   0: 3 0x800015b4 (0x028a16b3) x13 0x0091dfbd
core   0: 0x800015b8 (0x00000001) c.nop
core   0: 3 0x800015b8 (0x0001)
core   0: 0x800015ba (0x010252b3) srl     t0, tp, a6
core   0: 3 0x800015ba (0x010252b3) x 5 0x0eff4993
core   0: 0x800015be (0x0000537d) c.li    t1, -1
core   0: 3 0x800015be (0x537d) x 6 0xffffffff
core   0: 0x800015c0 (0x61208797) auipc   a5, 0x61208
core   0: 3 0x800015c0 (0x61208797) x15 0xe12095c0
core   0: 0x800015c4 (0x00005f7d) c.li    t5, -1
core   0: 3 0x800015c4 (0x5f7d) x30 0xffffffff
core   0: 0x800015c6 (0x03f468b3) rem     a7, s0, t6
core   0: 3 0x800015c6 (0x03f468b3) x17 0x01273000
core   0: 0x800015ca (0x027fe933) rem     s2, t6, t2
core   0: 3 0x800015ca (0x027fe933) x18 0x0c3f1516
core   0: 0x800015ce (0x0122a6b3) slt     a3, t0, s2
core   0: 3 0x800015ce (0x0122a6b3) x13 0x00000000
core   0: 0x800015d2 (0x03ae9db3) mulh    s11, t4, s10
core   0: 3 0x800015d2 (0x03ae9db3) x27 0xffffffff
core   0: 0x800015d6 (0xd880b193) sltiu   gp, ra, -632
core   0: 3 0x800015d6 (0xd880b193) x 3 0x00000001
core   0: 0x800015da (0x00008eb5) c.xor   a3, a3
core   0: 3 0x800015da (0x8eb5) x13 0x00000000
core   0: 0x800015dc (0x00008d8d) c.sub   a1, a1
core   0: 3 0x800015dc (0x8d8d) x11 0x00000000
core   0: 0x800015de (0xaf534293) xori    t0, t1, -1291
core   0: 3 0x800015de (0xaf534293) x 5 0x0000050a
core   0: 0x800015e2 (0x02e21133) mulh    sp, tp, a4
core   0: 3 0x800015e2 (0x02e21133) x 2 0xf7fa5c91
core   0: 0x800015e6 (0x03814633) div     a2, sp, s8
core   0: 3 0x800015e6 (0x03814633) x12 0x00000000
core   0: 0x800015ea (0x013e63b3) or      t2, t3, s3
core   0: 3 0x800015ea (0x013e63b3) x 7 0xa3ce91a6
core   0: 0x800015ee (0x03b53133) mulhu   sp, a0, s11
core   0: 3 0x800015ee (0x03b53133) x 2 0xfffffa37
core   0: 0x800015f2 (0x00008d79) c.and   a0, a4
core   0: 3 0x800015f2 (0x8d79) x10 0x7fff0010
core   0: 0x800015f4 (0x00008f95) c.sub   a5, a3
core   0: 3 0x800015f4 (0x8f95) x15 0xe12095c0
core   0: 0x800015f6 (0x03c4ff33) remu    t5, s1, t3
core   0: 3 0x800015f6 (0x03c4ff33) x30 0x8000fe64
core   0: 0x800015fa (0x03edf9b3) remu    s3, s11, t5
core   0: 3 0x800015fa (0x03edf9b3) x19 0x7fff019b
core   0: 0x800015fe (0x0000128c) c.addi4spn a1, sp, 352
core   0: 3 0x800015fe (0x128c) x11 0xfffffb97
core   0: 0x80001600 (0x387b4537) lui     a0, 0x387b4
core   0: 3 0x80001600 (0x387b4537) x10 0x387b4000
core   0: 0x80001604 (0x000006a2) c.slli  a3, 8
core   0: 3 0x80001604 (0x06a2) x13 0x00000000
core   0: 0x80001606 (0x993b7a93) andi    s5, s6, -1645
core   0: 3 0x80001606 (0x993b7a93) x21 0x3a848000
core   0: 0x8000160a (0x035bed33) rem     s10, s7, s5
core   0: 3 0x8000160a (0x035bed33) x26 0x09793000
core   0: 0x8000160e (0x000065fd) c.lui   a1, 0x1f
core   0: 3 0x8000160e (0x65fd) x11 0x0001f000
core   0: 0x80001610 (0x02307fb3) remu    t6, zero, gp
core   0: 3 0x80001610 (0x02307fb3) x31 0x00000000
core   0: 0x80001614 (0x40aa5e33) sra     t3, s4, a0
core   0: 3 0x80001614 (0x40aa5e33) x28 0x7e823000
core   0: 0x80001618 (0x0246ae33) mulhsu  t3, a3, tp
core   0: 3 0x80001618 (0x0246ae33) x28 0x00000000
core   0: 0x8000161c (0x00001dfd) c.addi  s11, -1
core   0: 3 0x8000161c (0x1dfd) x27 0xfffffffe
core   0: 0x8000161e (0x00292333) slt     t1, s2, sp
core   0: 3 0x8000161e (0x00292333) x 6 0x00000000
core   0: 0x80001622 (0x01c790b3) sll     ra, a5, t3
core   0: 3 0x80001622 (0x01c790b3) x 1 0xe12095c0
core   0: 0x80001626 (0x01d036b3) snez    a3, t4
core   0: 3 0x80001626 (0x01d036b3) x13 0x00000001
core   0: 0x8000162a (0x01546933) or      s2, s0, s5
core   0: 3 0x8000162a (0x01546933) x18 0x3ba7b000
core   0: 0x8000162e (0x00c54b33) xor     s6, a0, a2
core   0: 3 0x8000162e (0x00c54b33) x22 0x387b4000
core   0: 0x80001632 (0x00008d45) c.or    a0, s1
core   0: 3 0x80001632 (0x8d45) x10 0xb87bfe64
core   0: 0x80001634 (0x00cf0a33) add     s4, t5, a2
core   0: 3 0x80001634 (0x00cf0a33) x20 0x8000fe64
core   0: 0x80001638 (0x010a3bb3) sltu    s7, s4, a6
core   0: 3 0x80001638 (0x010a3bb3) x23 0x00000001
core   0: 0x8000163c (0x00008259) c.srli  a2, 22
core   0: 3 0x8000163c (0x8259) x12 0x00000000
core   0: 0x8000163e (0x624cbe13) sltiu   t3, s9, 1572
core   0: 3 0x8000163e (0x624cbe13) x28 0x00000001
core   0: 0x80001642 (0xb7b6bb13) sltiu   s6, a3, -1157
core   0: 3 0x80001642 (0xb7b6bb13) x22 0x00000001
core   0: 0x80001646 (0x00000001) c.nop
core   0: 3 0x80001646 (0x0001)
core   0: 0x80001648 (0x41dbdd13) srai    s10, s7, 29
core   0: 3 0x80001648 (0x41dbdd13) x26 0x00000000
core   0: 0x8000164c (0x02ec1633) mulh    a2, s8, a4
core   0: 3 0x8000164c (0x02ec1633) x12 0x0a8da5d7
core   0: 0x80001650 (0x7d6b0993) addi    s3, s6, 2006
core   0: 3 0x80001650 (0x7d6b0993) x19 0x000007d7
core   0: 0x80001654 (0x011f01b3) add     gp, t5, a7
core   0: 3 0x80001654 (0x011f01b3) x 3 0x81282e64
core   0: 0x80001658 (0x00008d99) c.sub   a1, a4
core   0: 3 0x80001658 (0x8d99) x11 0x8002eeae
core   0: 0x8000165a (0x0000995a) c.add   s2, s6
core   0: 3 0x8000165a (0x995a) x18 0x3ba7b001
core   0: 0x8000165c (0x0029e0b3) or      ra, s3, sp
core   0: 3 0x8000165c (0x0029e0b3) x 1 0xfffffff7
core   0: 0x80001660 (0x00000390) c.addi4spn a2, sp, 448
core   0: 3 0x80001660 (0x0390) x12 0xfffffbf7
core   0: 0x80001662 (0x00000001) c.nop
core   0: 3 0x80001662 (0x0001)
core   0: 0x80001664 (0x943f4513) xori    a0, t5, -1725
core   0: 3 0x80001664 (0x943f4513) x10 0x7fff0727
core   0: 0x80001668 (0x00006e05) c.lui   t3, 0x1
core   0: 3 0x80001668 (0x6e05) x28 0x00001000
core   0: 0x8000166a (0x01ac5593) srli    a1, s8, 26
core   0: 3 0x8000166a (0x01ac5593) x11 0x00000005
core   0: 0x8000166e (0x01aa68b7) lui     a7, 0x1aa6
core   0: 3 0x8000166e (0x01aa68b7) x17 0x01aa6000
core   0: 0x80001672 (0x419c0a33) sub     s4, s8, s9
core   0: 3 0x80001672 (0x419c0a33) x20 0x151b75ae
core   0: 0x80001676 (0x00000001) c.nop
core   0: 3 0x80001676 (0x0001)
core   0: 0x80001678 (0x00008f6d) c.and   a4, a1
core   0: 3 0x80001678 (0x8f6d) x14 0x00000000
core   0: 0x8000167a (0x01703633) snez    a2, s7
core   0: 3 0x8000167a (0x01703633) x12 0x00000001
core   0: 0x8000167e (0x9c35cd13) xori    s10, a1, -1597
core   0: 3 0x8000167e (0x9c35cd13) x26 0xfffff9c6
core   0: 0x80001682 (0x418fdc13) srai    s8, t6, 24
core   0: 3 0x80001682 (0x418fdc13) x24 0x00000000
core   0: 0x80001686 (0x00313113) sltiu   sp, sp, 3
core   0: 3 0x80001686 (0x00313113) x 2 0x00000000
core   0: 0x8000168a (0x00008dc5) c.or    a1, s1
core   0: 3 0x8000168a (0x8dc5) x11 0x8000fe65
core   0: 0x8000168c (0x02cb6db3) rem     s11, s6, a2
core   0: 3 0x8000168c (0x02cb6db3) x27 0x00000000
core   0: 0x80001690 (0x00009b86) c.add   s7, ra
core   0: 3 0x80001690 (0x9b86) x23 0xfffffff8
core   0: 0x80001692 (0x00d45433) srl     s0, s0, a3
core   0: 3 0x80001692 (0x00d45433) x 8 0x00939800
core   0: 0x80001696 (0x00008f3d) c.xor   a4, a5
core   0: 3 0x80001696 (0x8f3d) x14 0xe12095c0
core   0: 0x80001698 (0x00008d59) c.or    a0, a4
core   0: 3 0x80001698 (0x8d59) x10 0xffff97e7
core   0: 0x8000169a (0x8a886113) ori     sp, a6, -1880
core   0: 3 0x8000169a (0x8a886113) x 2 0xfffffcec
core   0: 0x8000169e (0x02f795b3) mulh    a1, a5, a5
core   0: 3 0x8000169e (0x02f795b3) x11 0x03b91fe1
core   0: 0x800016a2 (0x401cd1b3) sra     gp, s9, ra
core   0: 3 0x800016a2 (0x401cd1b3) x 3 0x00000000
core   0: 0x800016a6 (0x00000ec2) c.slli  t4, 16
core   0: 3 0x800016a6 (0x0ec2) x29 0x02b90000
core   0: 0x800016a8 (0x3ef44313) xori    t1, s0, 1007
core   0: 3 0x800016a8 (0x3ef44313) x 6 0x00939bef
core   0: 0x800016ac (0x00006155) c.addi16sp sp, 304
core   0: 3 0x800016ac (0x6155) x 2 0xfffffe1c
core   0: 0x800016ae (0x02cf60b3) rem     ra, t5, a2
core   0: 3 0x800016ae (0x02cf60b3) x 1 0x00000000
core   0: 0x800016b2 (0x0364e5b3) rem     a1, s1, s6
core   0: 3 0x800016b2 (0x0364e5b3) x11 0x00000000
core   0: 0x800016b6 (0x00008e85) c.sub   a3, s1
core   0: 3 0x800016b6 (0x8e85) x13 0x7fff019d
core   0: 0x800016b8 (0x02424d33) div     s10, tp, tp
core   0: 3 0x800016b8 (0x02424d33) x26 0x00000001
core   0: 0x800016bc (0x02dce2b3) rem     t0, s9, a3
core   0: 3 0x800016bc (0x02dce2b3) x 5 0x00000000
core   0: 0x800016c0 (0x00000241) c.addi  tp, 16
core   0: 3 0x800016c0 (0x0241) x 4 0xeff49946
core   0: 0x800016c2 (0x03de3f33) mulhu   t5, t3, t4
core   0: 3 0x800016c2 (0x03de3f33) x30 0x0000002b
core   0: 0x800016c6 (0x00004331) c.li    t1, 12
core   0: 3 0x800016c6 (0x4331) x 6 0x0000000c
core   0: 0x800016c8 (0x00008029) c.srli  s0, 10
core   0: 3 0x800016c8 (0x8029) x 8 0x000024e6
core   0: 0x800016ca (0x021f4433) div     s0, t5, ra
core   0: 3 0x800016ca (0x021f4433) x 8 0xffffffff
core   0: 0x800016ce (0x00ff2f13) slti    t5, t5, 15
core   0: 3 0x800016ce (0x00ff2f13) x30 0x00000000
core   0: 0x800016d2 (0x03147db3) remu    s11, s0, a7
core   0: 3 0x800016d2 (0x03147db3) x27 0x012c9fff
core   0: 0x800016d6 (0xa1428693) addi    a3, t0, -1516
core   0: 3 0x800016d6 (0xa1428693) x13 0xfffffa14
core   0: 0x800016da (0x03772d33) mulhsu  s10, a4, s7
core   0: 3 0x800016da (0x03772d33) x26 0xe12095c0
core   0: 0x800016de (0x40bc0f33) sub     t5, s8, a1
core   0: 3 0x800016de (0x40bc0f33) x30 0x00000000
core   0: 0x800016e2 (0x000081de) c.mv    gp, s7
core   0: 3 0x800016e2 (0x81de) x 3 0xfffffff8
core   0: 0x800016e4 (0x0279c033) div     zero, s3, t2
core   0: 3 0x800016e4 (0x0279c033)
core   0: 0x800016e8 (0x00009706) c.add   a4, ra
core   0: 3 0x800016e8 (0x9706) x14 0xe12095c0
core   0: 0x800016ea (0x016ab233) sltu    tp, s5, s6
core   0: 3 0x800016ea (0x016ab233) x 4 0x00000000
core   0: 0x800016ee (0x016a98b3) sll     a7, s5, s6
core   0: 3 0x800016ee (0x016a98b3) x17 0x75090000
core   0: 0x800016f2 (0x0000717d) c.addi16sp sp, -16
core   0: 3 0x800016f2 (0x717d) x 2 0xfffffe0c
core   0: 0x800016f4 (0x195ea293) slti    t0, t4, 405
core   0: 3 0x800016f4 (0x195ea293) x 5 0x00000000
core   0: 0x800016f8 (0x00008c6d) c.and   s0, a1
core   0: 3 0x800016f8 (0x8c6d) x 8 0x00000000
core   0: 0x800016fa (0x0284f1b3) remu    gp, s1, s0
core   0: 3 0x800016fa (0x0284f1b3) x 3 0x8000fe64
core   0: 0x800016fe (0x02e3f7b3) remu    a5, t2, a4
core   0: 3 0x800016fe (0x02e3f7b3) x15 0xa3ce91a6
core   0: 0x80001702 (0x00008e59) c.or    a2, a4
core   0: 3 0x80001702 (0x8e59) x12 0xe12095c1
core   0: 0x80001704 (0x00a7a9b3) slt     s3, a5, a0
core   0: 3 0x80001704 (0x00a7a9b3) x19 0x00000001
core   0: 0x80001708 (0x407688b3) sub     a7, a3, t2
core   0: 3 0x80001708 (0x407688b3) x17 0x5c31686e
core   0: 0x8000170c (0x027eebb3) rem     s7, t4, t2
core   0: 3 0x8000170c (0x027eebb3) x23 0x02b90000
core   0: 0x80001710 (0x00000001) c.nop
core   0: 3 0x80001710 (0x0001)
core   0: 0x80001712 (0x0256fc33) remu    s8, a3, t0
core   0: 3 0x80001712 (0x0256fc33) x24 0xfffffa14
core   0: 0x80001716 (0x02141bb3) mulh    s7, s0, ra
core   0: 3 0x80001716 (0x02141bb3) x23 0x00000000
core   0: 0x8000171a (0x03a9e033) rem     zero, s3, s10
core   0: 3 0x8000171a (0x03a9e033)
core   0: 0x8000171e (0x03ab8133) mul     sp, s7, s10
core   0: 3 0x8000171e (0x03ab8133) x 2 0x00000000
core   0: 0x80001722 (0x00141633) sll     a2, s0, ra
core   0: 3 0x80001722 (0x00141633) x12 0x00000000
core   0: 0x80001726 (0x00001c7d) c.addi  s8, -1
core   0: 3 0x80001726 (0x1c7d) x24 0xfffffa13
core   0: 0x80001728 (0x016818b3) sll     a7, a6, s6
core   0: 3 0x80001728 (0x016818b3) x17 0x000279c8
core   0: 0x8000172c (0x0042df13) srli    t5, t0, 4
core   0: 3 0x8000172c (0x0042df13) x30 0x00000000
core   0: 0x80001730 (0x00004eb9) c.li    t4, 14
core   0: 3 0x80001730 (0x4eb9) x29 0x0000000e
core   0: 0x80001732 (0x009346b3) xor     a3, t1, s1
core   0: 3 0x80001732 (0x009346b3) x13 0x8000fe68
core   0: 0x80001736 (0x00000426) c.slli  s0, 9
core   0: 3 0x80001736 (0x0426) x 8 0x00000000
core   0: 0x80001738 (0x00005ffd) c.li    t6, -1
core   0: 3 0x80001738 (0x5ffd) x31 0xffffffff
core   0: 0x8000173a (0x7fcbf613) andi    a2, s7, 2044
core   0: 3 0x8000173a (0x7fcbf613) x12 0x00000000
core   0: 0x8000173e (0x00009a7d) c.andi  a2, -1
core   0: 3 0x8000173e (0x9a7d) x12 0x00000000
core   0: 0x80001740 (0x039c08b3) mul     a7, s8, s9
core   0: 3 0x80001740 (0x039c08b3) x17 0x00000000
core   0: 0x80001744 (0x0321b9b3) mulhu   s3, gp, s2
core   0: 3 0x80001744 (0x0321b9b3) x19 0x1dd41348
core   0: 0x80001748 (0x0153e6b3) or      a3, t2, s5
core   0: 3 0x80001748 (0x0153e6b3) x13 0xbbce91a6
core   0: 0x8000174c (0x6d20f113) andi    sp, ra, 1746
core   0: 3 0x8000174c (0x6d20f113) x 2 0x00000000
core   0: 0x80001750 (0x01af9193) slli    gp, t6, 26
core   0: 3 0x80001750 (0x01af9193) x 3 0xfc000000
core   0: 0x80001754 (0x00008df1) c.and   a1, a2
core   0: 3 0x80001754 (0x8df1) x11 0x00000000
core   0: 0x80001756 (0x00000a96) c.slli  s5, 5
core   0: 3 0x80001756 (0x0a96) x21 0x50900000
core   0: 0x80001758 (0x02ee6033) rem     zero, t3, a4
core   0: 3 0x80001758 (0x02ee6033)
core   0: 0x8000175c (0x03d47b33) remu    s6, s0, t4
core   0: 3 0x8000175c (0x03d47b33) x22 0x00000000
core   0: 0x80001760 (0x00008ffd) c.and   a5, a5
core   0: 3 0x80001760 (0x8ffd) x15 0xa3ce91a6
core   0: 0x80001762 (0x00261413) slli    s0, a2, 2
core   0: 3 0x80001762 (0x00261413) x 8 0x00000000
core   0: 0x80001766 (0x022e66b3) rem     a3, t3, sp
core   0: 3 0x80001766 (0x022e66b3) x13 0x00001000
core   0: 0x8000176a (0x000b7a33) and     s4, s6, zero
core   0: 3 0x8000176a (0x000b7a33) x20 0x00000000
core   0: 0x8000176e (0x00008a81) c.andi  a3, 0
core   0: 3 0x8000176e (0x8a81) x13 0x00000000
core   0: 0x80001770 (0x00008dcd) c.or    a1, a1
core   0: 3 0x80001770 (0x8dcd) x11 0x00000000
core   0: 0x80001772 (0x00008371) c.srli  a4, 28
core   0: 3 0x80001772 (0x8371) x14 0x0000000e
core   0: 0x80001774 (0x40755fb3) sra     t6, a0, t2
core   0: 3 0x80001774 (0x40755fb3) x31 0xfffffe5f
core   0: 0x80001778 (0x039f32b3) mulhu   t0, t5, s9
core   0: 3 0x80001778 (0x039f32b3) x 5 0x00000000
core   0: 0x8000177c (0x00006119) c.addi16sp sp, 384
core   0: 3 0x8000177c (0x6119) x 2 0x00000180
core   0: 0x8000177e (0x02db18b3) mulh    a7, s6, a3
core   0: 3 0x8000177e (0x02db18b3) x17 0x00000000
core   0: 0x80001782 (0x00000001) c.nop
core   0: 3 0x80001782 (0x0001)
core   0: 0x80001784 (0x030223b3) mulhsu  t2, tp, a6
core   0: 3 0x80001784 (0x030223b3) x 7 0x00000000
core   0: 0x80001788 (0x0000717d) c.addi16sp sp, -16
core   0: 3 0x80001788 (0x717d) x 2 0x00000170
core   0: 0x8000178a (0x025cfdb3) remu    s11, s9, t0
core   0: 3 0x8000178a (0x025cfdb3) x27 0x00000000
core   0: 0x8000178e (0x001ed8b3) srl     a7, t4, ra
core   0: 3 0x8000178e (0x001ed8b3) x17 0x0000000e
core   0: 0x80001792 (0x00000691) c.addi  a3, 4
core   0: 3 0x80001792 (0x0691) x13 0x00000004
core   0: 0x80001794 (0x00006c49) c.lui   s8, 0x12
core   0: 3 0x80001794 (0x6c49) x24 0x00012000
core   0: 0x80001796 (0x00004681) c.li    a3, 0
core   0: 3 0x80001796 (0x4681) x13 0x00000000
core   0: 0x80001798 (0xe5c02fb7) lui     t6, 0xe5c02
core   0: 3 0x80001798 (0xe5c02fb7) x31 0xe5c02000
core   0: 0x8000179c (0xe56f8f93) addi    t6, t6, -426
core   0: 3 0x8000179c (0xe56f8f93) x31 0xe5c01e56
core   0: 0x800017a0 (0x800001b7) lui     gp, 0x80000
core   0: 3 0x800017a0 (0x800001b7) x 3 0x80000000
core   0: 0x800017a4 (0xfff00113) li      sp, -1
core   0: 3 0x800017a4 (0xfff00113) x 2 0xffffffff
core   0: 0x800017a8 (0x80000237) lui     tp, 0x80000
core   0: 3 0x800017a8 (0x80000237) x 4 0x80000000
core   0: 0x800017ac (0x34245537) lui     a0, 0x34245
core   0: 3 0x800017ac (0x34245537) x10 0x34245000
core   0: 0x800017b0 (0xa3150513) addi    a0, a0, -1487
core   0: 3 0x800017b0 (0xa3150513) x10 0x34244a31
core   0: 0x800017b4 (0xfff00e93) li      t4, -1
core   0: 3 0x800017b4 (0xfff00e93) x29 0xffffffff
core   0: 0x800017b8 (0x262642b7) lui     t0, 0x26264
core   0: 3 0x800017b8 (0x262642b7) x 5 0x26264000
core   0: 0x800017bc (0x5a628293) addi    t0, t0, 1446
core   0: 3 0x800017bc (0x5a628293) x 5 0x262645a6
core   0: 0x800017c0 (0x81f13a37) lui     s4, 0x81f13
core   0: 3 0x800017c0 (0x81f13a37) x20 0x81f13000
core   0: 0x800017c4 (0xf46a0a13) addi    s4, s4, -186
core   0: 3 0x800017c4 (0xf46a0a13) x20 0x81f12f46
core   0: 0x800017c8 (0xfff00793) li      a5, -1
core   0: 3 0x800017c8 (0xfff00793) x15 0xffffffff
core   0: 0x800017cc (0x40a201b3) sub     gp, tp, a0
core   0: 3 0x800017cc (0x40a201b3) x 3 0x4bdbb5cf
core   0: 0x800017d0 (0x03d1f133) remu    sp, gp, t4
core   0: 3 0x800017d0 (0x03d1f133) x 2 0x4bdbb5cf
core   0: 0x800017d4 (0xb7278a13) addi    s4, a5, -1166
core   0: 3 0x800017d4 (0xb7278a13) x20 0xfffffb71
core   0: 0x800017d8 (0x00000001) c.nop
core   0: 3 0x800017d8 (0x0001)
core   0: 0x800017da (0x02a252b3) divu    t0, tp, a0
core   0: 3 0x800017da (0x02a252b3) x 5 0x00000002
core   0: 0x800017de (0x034566b3) rem     a3, a0, s4
core   0: 3 0x800017de (0x034566b3) x13 0x000003d9
core   0: 0x800017e2 (0x02250a33) mul     s4, a0, sp
core   0: 3 0x800017e2 (0x02250a33) x20 0xa4b7a29f
core   0: 0x800017e6 (0x02d2d133) divu    sp, t0, a3
core   0: 3 0x800017e6 (0x02d2d133) x 2 0x00000000
core   0: 0x800017ea (0x02f20eb3) mul     t4, tp, a5
core   0: 3 0x800017ea (0x02f20eb3) x29 0x80000000
core   0: 0x800017ee (0x034287b3) mul     a5, t0, s4
core   0: 3 0x800017ee (0x034287b3) x15 0x496f453e
core   0: 0x800017f2 (0xe2f9d137) lui     sp, 0xe2f9d
core   0: 3 0x800017f2 (0xe2f9d137) x 2 0xe2f9d000
core   0: 0x800017f6 (0x03feb2b3) mulhu   t0, t4, t6
core   0: 3 0x800017f6 (0x03feb2b3) x 5 0x72e00f2b
core   0: 0x800017fa (0x9c550213) addi    tp, a0, -1595
core   0: 3 0x800017fa (0x9c550213) x 4 0x342443f6
core   0: 0x800017fe (0x0242ba33) mulhu   s4, t0, tp
core   0: 3 0x800017fe (0x0242ba33) x20 0x1765c915
core   0: 0x80001802 (0x7d550213) addi    tp, a0, 2005
core   0: 3 0x80001802 (0x7d550213) x 4 0x34245206
core   0: 0x80001806 (0x02fa61b3) rem     gp, s4, a5
core   0: 3 0x80001806 (0x02fa61b3) x 3 0x1765c915
core   0: 0x8000180a (0x404e8233) sub     tp, t4, tp
core   0: 3 0x8000180a (0x404e8233) x 4 0x4bdbadfa
core   0: 0x8000180e (0x11246fb7) lui     t6, 0x11246
core   0: 3 0x8000180e (0x11246fb7) x31 0x11246000
core   0: 0x80001812 (0x002186b3) add     a3, gp, sp
core   0: 3 0x80001812 (0x002186b3) x13 0xfa5f9915
core   0: 0x80001816 (0x00008f85) c.sub   a5, s1
core   0: 3 0x80001816 (0x8f85) x15 0xc96e46da
core   0: 0x80001818 (0x025f90b3) mulh    ra, t6, t0
core   0: 3 0x80001818 (0x025f90b3) x 1 0x07b13398
core   0: 0x8000181c (0x00004319) c.li    t1, 6
core   0: 3 0x8000181c (0x4319) x 6 0x00000006
core   0: 0x8000181e (0x000082f1) c.srli  a3, 28
core   0: 3 0x8000181e (0x82f1) x13 0x0000000f
core   0: 0x80001820 (0x00b99eb3) sll     t4, s3, a1
core   0: 3 0x80001820 (0x00b99eb3) x29 0x1dd41348
core   0: 0x80001824 (0x00008dc1) c.or    a1, s0
core   0: 3 0x80001824 (0x8dc1) x11 0x00000000
core   0: 0x80001826 (0x000095b6) c.add   a1, a3
core   0: 3 0x80001826 (0x95b6) x11 0x0000000f
core   0: 0x80001828 (0xaa0d7413) andi    s0, s10, -1376
core   0: 3 0x80001828 (0xaa0d7413) x 8 0xe1209080
core   0: 0x8000182c (0x0000853d) c.srai  a0, 15
core   0: 3 0x8000182c (0x853d) x10 0x00006848
core   0: 0x8000182e (0x0000621d) c.lui   tp, 0x7
core   0: 3 0x8000182e (0x621d) x 4 0x00007000
core   0: 0x80001830 (0x01577f33) and     t5, a4, s5
core   0: 3 0x80001830 (0x01577f33) x30 0x00000000
core   0: 0x80001834 (0x0068ba33) sltu    s4, a7, t1
core   0: 3 0x80001834 (0x0068ba33) x20 0x00000000
core   0: 0x80001838 (0x00008fc1) c.or    a5, s0
core   0: 3 0x80001838 (0x8fc1) x15 0xe96ed6da
core   0: 0x8000183a (0xfab83593) sltiu   a1, a6, -85
core   0: 3 0x8000183a (0xfab83593) x11 0x00000001
core   0: 0x8000183e (0x000009be) c.slli  s3, 15
core   0: 3 0x8000183e (0x09be) x19 0x09a40000
core   0: 0x80001840 (0x00008df9) c.and   a1, a4
core   0: 3 0x80001840 (0x8df9) x11 0x00000000
core   0: 0x80001842 (0x40ea5113) srai    sp, s4, 14
core   0: 3 0x80001842 (0x40ea5113) x 2 0x00000000
core   0: 0x80001846 (0xa52ae117) auipc   sp, 0xa52ae
core   0: 3 0x80001846 (0xa52ae117) x 2 0x252af846
core   0: 0x8000184a (0x01f68eb3) add     t4, a3, t6
core   0: 3 0x8000184a (0x01f68eb3) x29 0x1124600f
core   0: 0x8000184e (0x0000052e) c.slli  a0, 11
core   0: 3 0x8000184e (0x052e) x10 0x03424000
core   0: 0x80001850 (0x002591b3) sll     gp, a1, sp
core   0: 3 0x80001850 (0x002591b3) x 3 0x00000000
core   0: 0x80001854 (0x034cec33) rem     s8, s9, s4
core   0: 3 0x80001854 (0x034cec33) x24 0x00000000
core   0: 0x80001858 (0x03bb4f33) div     t5, s6, s11
core   0: 3 0x80001858 (0x03bb4f33) x30 0xffffffff
core   0: 0x8000185c (0x41a18db3) sub     s11, gp, s10
core   0: 3 0x8000185c (0x41a18db3) x27 0x1edf6a40
core   0: 0x80001860 (0x01b40133) add     sp, s0, s11
core   0: 3 0x80001860 (0x01b40133) x 2 0xfffffac0
core   0: 0x80001864 (0x00b833b3) sltu    t2, a6, a1
core   0: 3 0x80001864 (0x00b833b3) x 7 0x00000000
core   0: 0x80001868 (0x009f91b3) sll     gp, t6, s1
core   0: 3 0x80001868 (0x009f91b3) x 3 0x12460000
core   0: 0x8000186c (0x00000001) c.nop
core   0: 3 0x8000186c (0x0001)
core   0: 0x8000186e (0x03d4d733) divu    a4, s1, t4
core   0: 3 0x8000186e (0x03d4d733) x14 0x00000007
core   0: 0x80001872 (0x01a05393) srli    t2, zero, 26
core   0: 3 0x80001872 (0x01a05393) x 7 0x00000000
core   0: 0x80001876 (0x08be6b93) ori     s7, t3, 139
core   0: 3 0x80001876 (0x08be6b93) x23 0x0000108b
core   0: 0x8000187a (0x02abc533) div     a0, s7, a0
core   0: 3 0x8000187a (0x02abc533) x10 0x00000000
core   0: 0x8000187e (0x000083dd) c.srli  a5, 23
core   0: 3 0x8000187e (0x83dd) x15 0x000001d2
core   0: 0x80001880 (0x037b8c33) mul     s8, s7, s7
core   0: 3 0x80001880 (0x037b8c33) x24 0x0111ab79
core   0: 0x80001884 (0x0000452d) c.li    a0, 11
core   0: 3 0x80001884 (0x452d) x10 0x0000000b
core   0: 0x80001886 (0x00652d33) slt     s10, a0, t1
core   0: 3 0x80001886 (0x00652d33) x26 0x00000000
core   0: 0x8000188a (0x01da3933) sltu    s2, s4, t4
core   0: 3 0x8000188a (0x01da3933) x18 0x00000001
core   0: 0x8000188e (0x635a6093) ori     ra, s4, 1589
core   0: 3 0x8000188e (0x635a6093) x 1 0x00000635
core   0: 0x80001892 (0x5be28a13) addi    s4, t0, 1470
core   0: 3 0x80001892 (0x5be28a13) x20 0x72e014e9
core   0: 0x80001896 (0x9217fe93) andi    t4, a5, -1759
core   0: 3 0x80001896 (0x9217fe93) x29 0x00000100
core   0: 0x8000189a (0x0000987d) c.andi  s0, -1
core   0: 3 0x8000189a (0x987d) x 8 0xe1209080
core   0: 0x8000189c (0xb528ed13) ori     s10, a7, -1198
core   0: 3 0x8000189c (0xb528ed13) x26 0xfffffb5e
core   0: 0x800018a0 (0x40d705b3) sub     a1, a4, a3
core   0: 3 0x800018a0 (0x40d705b3) x11 0xfffffff8
core   0: 0x800018a4 (0x006f9093) slli    ra, t6, 6
core   0: 3 0x800018a4 (0x006f9093) x 1 0x49180000
core   0: 0x800018a8 (0x410c87b3) sub     a5, s9, a6
core   0: 3 0x800018a8 (0x410c87b3) x15 0x7ffec31c
core   0: 0x800018ac (0x91e29617) auipc   a2, 0x91e29
core   0: 3 0x800018ac (0x91e29617) x12 0x11e2a8ac
core   0: 0x800018b0 (0x3483ac13) slti    s8, t2, 840
core   0: 3 0x800018b0 (0x3483ac13) x24 0x00000001
core   0: 0x800018b4 (0x01283fb3) sltu    t6, a6, s2
core   0: 3 0x800018b4 (0x01283fb3) x31 0x00000000
core   0: 0x800018b8 (0x00000001) c.nop
core   0: 3 0x800018b8 (0x0001)
core   0: 0x800018ba (0x67b36d17) auipc   s10, 0x67b36
core   0: 3 0x800018ba (0x67b36d17) x26 0xe7b378ba
core   0: 0x800018be (0x02fa09b3) mul     s3, s4, a5
core   0: 3 0x800018be (0x02fa09b3) x19 0x969dc47c
core   0: 0x800018c2 (0x02383fb3) mulhu   t6, a6, gp
core   0: 3 0x800018c2 (0x02383fb3) x31 0x0923169e
core   0: 0x800018c6 (0x63c93c13) sltiu   s8, s2, 1596
core   0: 3 0x800018c6 (0x63c93c13) x24 0x00000001
core   0: 0x800018ca (0x02ec1a33) mulh    s4, s8, a4
core   0: 3 0x800018ca (0x02ec1a33) x20 0x00000000
core   0: 0x800018ce (0x00000422) c.slli  s0, 8
core   0: 3 0x800018ce (0x0422) x 8 0x20908000
core   0: 0x800018d0 (0x00e42f33) slt     t5, s0, a4
core   0: 3 0x800018d0 (0x00e42f33) x30 0x00000000
core   0: 0x800018d4 (0x8756f893) andi    a7, a3, -1931
core   0: 3 0x800018d4 (0x8756f893) x17 0x00000005
core   0: 0x800018d8 (0x40db5d33) sra     s10, s6, a3
core   0: 3 0x800018d8 (0x40db5d33) x26 0x00000000
core   0: 0x800018dc (0x00861b33) sll     s6, a2, s0
core   0: 3 0x800018dc (0x00861b33) x22 0x11e2a8ac
core   0: 0x800018e0 (0x0053fe33) and     t3, t2, t0
core   0: 3 0x800018e0 (0x0053fe33) x28 0x00000000
core   0: 0x800018e4 (0x8b58e313) ori     t1, a7, -1867
core   0: 3 0x800018e4 (0x8b58e313) x 6 0xfffff8b5
core   0: 0x800018e8 (0x038fcbb3) div     s7, t6, s8
core   0: 3 0x800018e8 (0x038fcbb3) x23 0x0923169e
core   0: 0x800018ec (0xf55ee413) ori     s0, t4, -171
core   0: 3 0x800018ec (0xf55ee413) x 8 0xffffff55
core   0: 0x800018f0 (0x03ede8b3) rem     a7, s11, t5
core   0: 3 0x800018f0 (0x03ede8b3) x17 0x1edf6a40
core   0: 0x800018f4 (0x91c67d93) andi    s11, a2, -1764
core   0: 3 0x800018f4 (0x91c67d93) x27 0x11e2a80c
core   0: 0x800018f8 (0x001fbd33) sltu    s10, t6, ra
core   0: 3 0x800018f8 (0x001fbd33) x26 0x00000001
core   0: 0x800018fc (0xca598413) addi    s0, s3, -859
core   0: 3 0x800018fc (0xca598413) x 8 0x969dc121
core   0: 0x80001900 (0x00008fdd) c.or    a5, a5
core   0: 3 0x80001900 (0x8fdd) x15 0x7ffec31c
core   0: 0x80001902 (0x404b5593) srai    a1, s6, 4
core   0: 3 0x80001902 (0x404b5593) x11 0x011e2a8a
core   0: 0x80001906 (0x000081bd) c.srli  a1, 15
core   0: 3 0x80001906 (0x81bd) x11 0x0000023c
core   0: 0x80001908 (0x00008479) c.srai  s0, 30
core   0: 3 0x80001908 (0x8479) x 8 0xfffffffe
core   0: 0x8000190a (0x02356f33) rem     t5, a0, gp
core   0: 3 0x8000190a (0x02356f33) x30 0x0000000b
core   0: 0x8000190e (0x00008e91) c.sub   a3, a2
core   0: 3 0x8000190e (0x8e91) x13 0xee1d5763
core   0: 0x80001910 (0x0000876a) c.mv    a4, s10
core   0: 3 0x80001910 (0x876a) x14 0x00000001
core   0: 0x80001912 (0x00c5f0b3) and     ra, a1, a2
core   0: 3 0x80001912 (0x00c5f0b3) x 1 0x0000002c
core   0: 0x80001916 (0x00008441) c.srai  s0, 16
core   0: 3 0x80001916 (0x8441) x 8 0xffffffff
core   0: 0x80001918 (0xee653f93) sltiu   t6, a0, -282
core   0: 3 0x80001918 (0xee653f93) x31 0x00000001
core   0: 0x8000191c (0x0000090d) c.addi  s2, 3
core   0: 3 0x8000191c (0x090d) x18 0x00000004
core   0: 0x8000191e (0x00008346) c.mv    t1, a7
core   0: 3 0x8000191e (0x8346) x 6 0x1edf6a40
core   0: 0x80001920 (0x21fe1197) auipc   gp, 0x21fe1
core   0: 3 0x80001920 (0x21fe1197) x 3 0xa1fe2920
core   0: 0x80001924 (0x02c320b3) mulhsu  ra, t1, a2
core   0: 3 0x80001924 (0x02c320b3) x 1 0x02282ba1
core   0: 0x80001928 (0x0281f933) remu    s2, gp, s0
core   0: 3 0x80001928 (0x0281f933) x18 0xa1fe2920
core   0: 0x8000192c (0x009271b3) and     gp, tp, s1
core   0: 3 0x8000192c (0x009271b3) x 3 0x00007000
core   0: 0x80001930 (0x00008bfd) c.andi  a5, 31
core   0: 3 0x80001930 (0x8bfd) x15 0x0000001c
core   0: 0x80001932 (0x035099b3) mulh    s3, ra, s5
core   0: 3 0x80001932 (0x035099b3) x19 0x00adc43a
core   0: 0x80001936 (0x0015a933) slt     s2, a1, ra
core   0: 3 0x80001936 (0x0015a933) x18 0x00000001
core   0: 0x8000193a (0x033c0a33) mul     s4, s8, s3
core   0: 3 0x8000193a (0x033c0a33) x20 0x00adc43a
core   0: 0x8000193e (0x00511633) sll     a2, sp, t0
core   0: 3 0x8000193e (0x00511633) x12 0xffd60000
core   0: 0x80001942 (0x025fd233) divu    tp, t6, t0
core   0: 3 0x80001942 (0x025fd233) x 4 0x00000000
core   0: 0x80001946 (0x00cb9e93) slli    t4, s7, 12
core   0: 3 0x80001946 (0x00cb9e93) x29 0x3169e000
core   0: 0x8000194a (0x00f796b3) sll     a3, a5, a5
core   0: 3 0x8000194a (0x00f796b3) x13 0xc0000000
core   0: 0x8000194e (0x00008e4d) c.or    a2, a1
core   0: 3 0x8000194e (0x8e4d) x12 0xffd6023c
core   0: 0x80001950 (0x015fa133) slt     sp, t6, s5
core   0: 3 0x80001950 (0x015fa133) x 2 0x00000001
core   0: 0x80001954 (0x00008d99) c.sub   a1, a4
core   0: 3 0x80001954 (0x8d99) x11 0x0000023b
core   0: 0x80001956 (0x01463333) sltu    t1, a2, s4
core   0: 3 0x80001956 (0x01463333) x 6 0x00000000
core   0: 0x8000195a (0x38526693) ori     a3, tp, 901
core   0: 3 0x8000195a (0x38526693) x13 0x00000385
core   0: 0x8000195e (0x020353b3) divu    t2, t1, zero
core   0: 3 0x8000195e (0x020353b3) x 7 0xffffffff
core   0: 0x80001962 (0x02b40ab3) mul     s5, s0, a1
core   0: 3 0x80001962 (0x02b40ab3) x21 0xfffffdc5
core   0: 0x80001966 (0xf184bd13) sltiu   s10, s1, -232
core   0: 3 0x80001966 (0xf184bd13) x26 0x00000001
core   0: 0x8000196a (0x00000001) c.nop
core   0: 3 0x8000196a (0x0001)
core   0: 0x8000196c (0x02b375b3) remu    a1, t1, a1
core   0: 3 0x8000196c (0x02b375b3) x11 0x00000000
core   0: 0x80001970 (0x00008db9) c.xor   a1, a4
core   0: 3 0x80001970 (0x8db9) x11 0x00000001
core   0: 0x80001972 (0x01bd0a33) add     s4, s10, s11
core   0: 3 0x80001972 (0x01bd0a33) x20 0x11e2a80d
core   0: 0x80001976 (0x0000197d) c.addi  s2, -1
core   0: 3 0x80001976 (0x197d) x18 0x00000000
core   0: 0x80001978 (0x033e5033) divu    zero, t3, s3
core   0: 3 0x80001978 (0x033e5033)
core   0: 0x8000197c (0x51359ab7) lui     s5, 0x51359
core   0: 3 0x8000197c (0x51359ab7) x21 0x51359000
core   0: 0x80001980 (0x00008ec9) c.or    a3, a0
core   0: 3 0x80001980 (0x8ec9) x13 0x0000038f
core   0: 0x80001982 (0x00009456) c.add   s0, s5
core   0: 3 0x80001982 (0x9456) x 8 0x51358fff
core   0: 0x80001984 (0x00000001) c.nop
core   0: 3 0x80001984 (0x0001)
core   0: 0x80001986 (0x634d3113) sltiu   sp, s10, 1588
core   0: 3 0x80001986 (0x634d3113) x 2 0x00000001
core   0: 0x8000198a (0x3e41a997) auipc   s3, 0x3e41a
core   0: 3 0x8000198a (0x3e41a997) x19 0xbe41b98a
core   0: 0x8000198e (0x00008215) c.srli  a2, 5
core   0: 3 0x8000198e (0x8215) x12 0x07feb011
core   0: 0x80001990 (0x00000d4d) c.addi  s10, 19
core   0: 3 0x80001990 (0x0d4d) x26 0x00000014
core   0: 0x80001992 (0x25b02e93) slti    t4, zero, 603
core   0: 3 0x80001992 (0x25b02e93) x29 0x00000001
core   0: 0x80001996 (0x00ee10b3) sll     ra, t3, a4
core   0: 3 0x80001996 (0x00ee10b3) x 1 0x00000000
core   0: 0x8000199a (0x000045e9) c.li    a1, 26
core   0: 3 0x8000199a (0x45e9) x11 0x0000001a
core   0: 0x8000199c (0x00008d95) c.sub   a1, a3
core   0: 3 0x8000199c (0x8d95) x11 0xfffffc8b
core   0: 0x8000199e (0x01449893) slli    a7, s1, 20
core   0: 3 0x8000199e (0x01449893) x17 0xe6400000
core   0: 0x800019a2 (0x02f030b3) mulhu   ra, zero, a5
core   0: 3 0x800019a2 (0x02f030b3) x 1 0x00000000
core   0: 0x800019a6 (0x01ad5513) srli    a0, s10, 26
core   0: 3 0x800019a6 (0x01ad5513) x10 0x00000000
core   0: 0x800019aa (0x001f2133) slt     sp, t5, ra
core   0: 3 0x800019aa (0x001f2133) x 2 0x00000000
core   0: 0x800019ae (0x000069a1) c.lui   s3, 0x8
core   0: 3 0x800019ae (0x69a1) x19 0x00008000
core   0: 0x800019b0 (0xdf24b193) sltiu   gp, s1, -526
core   0: 3 0x800019b0 (0xdf24b193) x 3 0x00000001
core   0: 0x800019b4 (0x00009c32) c.add   s8, a2
core   0: 3 0x800019b4 (0x9c32) x24 0x07feb012
core   0: 0x800019b6 (0x013aaab3) slt     s5, s5, s3
core   0: 3 0x800019b6 (0x013aaab3) x21 0x00000000
core   0: 0x800019ba (0x00463733) sltu    a4, a2, tp
core   0: 3 0x800019ba (0x00463733) x14 0x00000000
core   0: 0x800019be (0x010e0db3) add     s11, t3, a6
core   0: 3 0x800019be (0x010e0db3) x27 0x80013ce4
core   0: 0x800019c2 (0x01414db3) xor     s11, sp, s4
core   0: 3 0x800019c2 (0x01414db3) x27 0x11e2a80d
core   0: 0x800019c6 (0x0000992e) c.add   s2, a1
core   0: 3 0x800019c6 (0x992e) x18 0xfffffc8b
core   0: 0x800019c8 (0x0000610d) c.addi16sp sp, 160
core   0: 3 0x800019c8 (0x610d) x 2 0x000000a0
core   0: 0x800019ca (0x00006141) c.addi16sp sp, 16
core   0: 3 0x800019ca (0x6141) x 2 0x000000b0
core   0: 0x800019cc (0x00001efd) c.addi  t4, -1
core   0: 3 0x800019cc (0x1efd) x29 0x00000000
core   0: 0x800019ce (0xfad5c917) auipc   s2, 0xfad5c
core   0: 3 0x800019ce (0xfad5c917) x18 0x7ad5d9ce
core   0: 0x800019d2 (0x55923893) sltiu   a7, tp, 1369
core   0: 3 0x800019d2 (0x55923893) x17 0x00000001
core   0: 0x800019d6 (0x00230a33) add     s4, t1, sp
core   0: 3 0x800019d6 (0x00230a33) x20 0x000000b0
core   0: 0x800019da (0xb295e093) ori     ra, a1, -1239
core   0: 3 0x800019da (0xb295e093) x 1 0xffffffab
core   0: 0x800019de (0x0000020e) c.slli  tp, 3
core   0: 3 0x800019de (0x020e) x 4 0x00000000
core   0: 0x800019e0 (0x0167b533) sltu    a0, a5, s6
core   0: 3 0x800019e0 (0x0167b533) x10 0x00000001
core   0: 0x800019e4 (0x40eedeb3) sra     t4, t4, a4
core   0: 3 0x800019e4 (0x40eedeb3) x29 0x00000000
core   0: 0x800019e8 (0x00225213) srli    tp, tp, 2
core   0: 3 0x800019e8 (0x00225213) x 4 0x00000000
core   0: 0x800019ec (0x002c95b3) sll     a1, s9, sp
core   0: 3 0x800019ec (0x002c95b3) x11 0x00000000
core   0: 0x800019f0 (0x0000168c) c.addi4spn a1, sp, 864
core   0: 3 0x800019f0 (0x168c) x11 0x00000410
core   0: 0x800019f2 (0x00008fcd) c.or    a5, a1
core   0: 3 0x800019f2 (0x8fcd) x15 0x0000041c
core   0: 0x800019f4 (0x00bac433) xor     s0, s5, a1
core   0: 3 0x800019f4 (0x00bac433) x 8 0x00000410
core   0: 0x800019f8 (0x41c65ab3) sra     s5, a2, t3
core   0: 3 0x800019f8 (0x41c65ab3) x21 0x07feb011
core   0: 0x800019fc (0x0000527d) c.li    tp, -1
core   0: 3 0x800019fc (0x527d) x 4 0xffffffff
core   0: 0x800019fe (0x00229bb3) sll     s7, t0, sp
core   0: 3 0x800019fe (0x00229bb3) x23 0x0f2b0000
core   0: 0x80001a02 (0x02427433) remu    s0, tp, tp
core   0: 3 0x80001a02 (0x02427433) x 8 0x00000000
core   0: 0x80001a06 (0x00008da9) c.xor   a1, a0
core   0: 3 0x80001a06 (0x8da9) x11 0x00000411
core   0: 0x80001a08 (0x00000a8c) c.addi4spn a1, sp, 336
core   0: 3 0x80001a08 (0x0a8c) x11 0x00000200
core   0: 0x80001a0a (0x007f6133) or      sp, t5, t2
core   0: 3 0x80001a0a (0x007f6133) x 2 0xffffffff
core   0: 0x80001a0e (0x0215ab33) mulhsu  s6, a1, ra
core   0: 3 0x80001a0e (0x0215ab33) x22 0x000001ff
core   0: 0x80001a12 (0x01582633) slt     a2, a6, s5
core   0: 3 0x80001a12 (0x01582633) x12 0x00000001
core   0: 0x80001a16 (0x0000717d) c.addi16sp sp, -16
core   0: 3 0x80001a16 (0x717d) x 2 0xffffffef
core   0: 0x80001a18 (0x0000659d) c.lui   a1, 0x7
core   0: 3 0x80001a18 (0x659d) x11 0x00007000
core   0: 0x80001a1a (0x00000810) c.addi4spn a2, sp, 16
core   0: 3 0x80001a1a (0x0810) x12 0xffffffff
core   0: 0x80001a1c (0x01b17eb3) and     t4, sp, s11
core   0: 3 0x80001a1c (0x01b17eb3) x29 0x11e2a80d
core   0: 0x80001a20 (0xd91b6013) ori     zero, s6, -623
core   0: 3 0x80001a20 (0xd91b6013)
core   0: 0x80001a24 (0x00796933) or      s2, s2, t2
core   0: 3 0x80001a24 (0x00796933) x18 0xffffffff
core   0: 0x80001a28 (0x00008aa6) c.mv    s5, s1
core   0: 3 0x80001a28 (0x8aa6) x21 0x8000fe64
core   0: 0x80001a2a (0x00000001) c.nop
core   0: 3 0x80001a2a (0x0001)
core   0: 0x80001a2c (0x002cd133) srl     sp, s9, sp
core   0: 3 0x80001a2c (0x002cd133) x 2 0x00000000
core   0: 0x80001a30 (0xe417c693) xori    a3, a5, -447
core   0: 3 0x80001a30 (0xe417c693) x13 0xfffffa5d
core   0: 0x80001a34 (0x000055fd) c.li    a1, -1
core   0: 3 0x80001a34 (0x55fd) x11 0xffffffff
core   0: 0x80001a36 (0x01203933) snez    s2, s2
core   0: 3 0x80001a36 (0x01203933) x18 0x00000001
core   0: 0x80001a3a (0x8c203393) sltiu   t2, zero, -1854
core   0: 3 0x80001a3a (0x8c203393) x 7 0x00000001
core   0: 0x80001a3e (0x5b3d4593) xori    a1, s10, 1459
core   0: 3 0x80001a3e (0x5b3d4593) x11 0x000005a7
core   0: 0x80001a42 (0x00008a21) c.andi  a2, 8
core   0: 3 0x80001a42 (0x8a21) x12 0x00000008
core   0: 0x80001a44 (0x00009226) c.add   tp, s1
core   0: 3 0x80001a44 (0x9226) x 4 0x8000fe63
core   0: 0x80001a46 (0x0000058e) c.slli  a1, 3
core   0: 3 0x80001a46 (0x058e) x11 0x00002d38
core   0: 0x80001a48 (0x00000001) c.nop
core   0: 3 0x80001a48 (0x0001)
core   0: 0x80001a4a (0x01af5693) srli    a3, t5, 26
core   0: 3 0x80001a4a (0x01af5693) x13 0x00000000
core   0: 0x80001a4e (0x00000656) c.slli  a2, 21
core   0: 3 0x80001a4e (0x0656) x12 0x01000000
core   0: 0x80001a50 (0x000008c2) c.slli  a7, 16
core   0: 3 0x80001a50 (0x08c2) x17 0x00010000
core   0: 0x80001a52 (0x5d7a4897) auipc   a7, 0x5d7a4
core   0: 3 0x80001a52 (0x5d7a4897) x17 0xdd7a5a52
core   0: 0x80001a56 (0x0108c933) xor     s2, a7, a6
core   0: 3 0x80001a56 (0x0108c933) x18 0x5d7b66b6
core   0: 0x80001a5a (0x0000137d) c.addi  t1, -1
core   0: 3 0x80001a5a (0x137d) x 6 0xffffffff
core   0: 0x80001a5c (0x00005a7d) c.li    s4, -1
core   0: 3 0x80001a5c (0x5a7d) x20 0xffffffff
core   0: 0x80001a5e (0x036c4bb3) div     s7, s8, s6
core   0: 3 0x80001a5e (0x036c4bb3) x23 0x00040158
core   0: 0x80001a62 (0x00000001) c.nop
core   0: 3 0x80001a62 (0x0001)
core   0: 0x80001a64 (0x00008aa1) c.andi  a3, 8
core   0: 3 0x80001a64 (0x8aa1) x13 0x00000000
core   0: 0x80001a66 (0x015b30b3) sltu    ra, s6, s5
core   0: 3 0x80001a66 (0x015b30b3) x 1 0x00000001
core   0: 0x80001a6a (0xae5df093) andi    ra, s11, -1307
core   0: 3 0x80001a6a (0xae5df093) x 1 0x11e2a805
core   0: 0x80001a6e (0x00000001) c.nop
core   0: 3 0x80001a6e (0x0001)
core   0: 0x80001a70 (0x00989e13) slli    t3, a7, 9
core   0: 3 0x80001a70 (0x00989e13) x28 0xf4b4a400
core   0: 0x80001a74 (0xfc9bf617) auipc   a2, 0xfc9bf
core   0: 3 0x80001a74 (0xfc9bf617) x12 0x7c9c0a74
core   0: 0x80001a78 (0x40e1dc33) sra     s8, gp, a4
core   0: 3 0x80001a78 (0x40e1dc33) x24 0x00000001
core   0: 0x80001a7c (0x00000f96) c.slli  t6, 5
core   0: 3 0x80001a7c (0x0f96) x31 0x00000020
core   0: 0x80001a7e (0x000ef9b3) and     s3, t4, zero
core   0: 3 0x80001a7e (0x000ef9b3) x19 0x00000000
core   0: 0x80001a82 (0x01911c13) slli    s8, sp, 25
core   0: 3 0x80001a82 (0x01911c13) x24 0x00000000
core   0: 0x80001a86 (0x41e0d593) srai    a1, ra, 30
core   0: 3 0x80001a86 (0x41e0d593) x11 0x00000000
core   0: 0x80001a8a (0x007e9f13) slli    t5, t4, 7
core   0: 3 0x80001a8a (0x007e9f13) x30 0xf1540680
core   0: 0x80001a8e (0x0039fab3) and     s5, s3, gp
core   0: 3 0x80001a8e (0x0039fab3) x21 0x00000000
core   0: 0x80001a92 (0x0242c9b3) div     s3, t0, tp
core   0: 3 0x80001a92 (0x0242c9b3) x19 0x00000000
core   0: 0x80001a96 (0x0309d733) divu    a4, s3, a6
core   0: 3 0x80001a96 (0x0309d733) x14 0x00000000
core   0: 0x80001a9a (0x011f0ab3) add     s5, t5, a7
core   0: 3 0x80001a9a (0x011f0ab3) x21 0xcece60d2
core   0: 0x80001a9e (0x0000855d) c.srai  a0, 23
core   0: 3 0x80001a9e (0x855d) x10 0x00000000
core   0: 0x80001aa0 (0x00009bfd) c.andi  a5, -1
core   0: 3 0x80001aa0 (0x9bfd) x15 0x0000041c
core   0: 0x80001aa2 (0x00969413) slli    s0, a3, 9
core   0: 3 0x80001aa2 (0x00969413) x 8 0x00000000
core   0: 0x80001aa6 (0x00000001) c.nop
core   0: 3 0x80001aa6 (0x0001)
core   0: 0x80001aa8 (0x00b24d33) xor     s10, tp, a1
core   0: 3 0x80001aa8 (0x00b24d33) x26 0x8000fe63
core   0: 0x80001aac (0xd8dcf393) andi    t2, s9, -627
core   0: 3 0x80001aac (0xd8dcf393) x 7 0x00000000
core   0: 0x80001ab0 (0x40848033) sub     zero, s1, s0
core   0: 3 0x80001ab0 (0x40848033)
core   0: 0x80001ab4 (0x0155fa33) and     s4, a1, s5
core   0: 3 0x80001ab4 (0x0155fa33) x20 0x00000000
core   0: 0x80001ab8 (0x01c075b3) and     a1, zero, t3
core   0: 3 0x80001ab8 (0x01c075b3) x11 0x00000000
core   0: 0x80001abc (0x00009bfd) c.andi  a5, -1
core   0: 3 0x80001abc (0x9bfd) x15 0x0000041c
core   0: 0x80001abe (0x37645437) lui     s0, 0x37645
core   0: 3 0x80001abe (0x37645437) x 8 0x37645000
core   0: 0x80001ac2 (0x7bd20093) addi    ra, tp, 1981
core   0: 3 0x80001ac2 (0x7bd20093) x 1 0x80010620
core   0: 0x80001ac6 (0x00000001) c.nop
core   0: 3 0x80001ac6 (0x0001)
core   0: 0x80001ac8 (0x025712b3) mulh    t0, a4, t0
core   0: 3 0x80001ac8 (0x025712b3) x 5 0x00000000
core   0: 0x80001acc (0x032502b3) mul     t0, a0, s2
core   0: 3 0x80001acc (0x032502b3) x 5 0x00000000
core   0: 0x80001ad0 (0x00001d94) c.addi4spn a3, sp, 752
core   0: 3 0x80001ad0 (0x1d94) x13 0x000002f0
core   0: 0x80001ad2 (0x0160dfb3) srl     t6, ra, s6
core   0: 3 0x80001ad2 (0x0160dfb3) x31 0x00000001
core   0: 0x80001ad6 (0x02c893b3) mulh    t2, a7, a2
core   0: 3 0x80001ad6 (0x02c893b3) x 7 0xef3238e5
core   0: 0x80001ada (0x03eb0633) mul     a2, s6, t5
core   0: 3 0x80001ada (0x03eb0633) x12 0xb6b8f980
core   0: 0x80001ade (0x00000714) c.addi4spn a3, sp, 896
core   0: 3 0x80001ade (0x0714) x13 0x00000380
core   0: 0x80001ae0 (0x00000001) c.nop
core   0: 3 0x80001ae0 (0x0001)
core   0: 0x80001ae2 (0x00000e45) c.addi  t3, 17
core   0: 3 0x80001ae2 (0x0e45) x28 0xf4b4a411
core   0: 0x80001ae4 (0x0000927a) c.add   tp, t5
core   0: 3 0x80001ae4 (0x927a) x 4 0x715504e3
core   0: 0x80001ae6 (0x000096ee) c.add   a3, s11
core   0: 3 0x80001ae6 (0x96ee) x13 0x11e2ab8d
core   0: 0x80001ae8 (0x0000108c) c.addi4spn a1, sp, 96
core   0: 3 0x80001ae8 (0x108c) x11 0x00000060
core   0: 0x80001aea (0xf2943693) sltiu   a3, s0, -215
core   0: 3 0x80001aea (0xf2943693) x13 0x00000001
core   0: 0x80001aee (0xe8ea2293) slti    t0, s4, -370
core   0: 3 0x80001aee (0xe8ea2293) x 5 0x00000000
core   0: 0x80001af2 (0x011cdc13) srli    s8, s9, 17
core   0: 3 0x80001af2 (0x011cdc13) x24 0x00000000
core   0: 0x80001af6 (0x0150df93) srli    t6, ra, 21
core   0: 3 0x80001af6 (0x0150df93) x31 0x00000400
core   0: 0x80001afa (0x41390a33) sub     s4, s2, s3
core   0: 3 0x80001afa (0x41390a33) x20 0x5d7b66b6
core   0: 0x80001afe (0x00004245) c.li    tp, 17
core   0: 3 0x80001afe (0x4245) x 4 0x00000011
core   0: 0x80001b00 (0x01108eb3) add     t4, ra, a7
core   0: 3 0x80001b00 (0x01108eb3) x29 0x5d7b6072
core   0: 0x80001b04 (0xe8222093) slti    ra, tp, -382
core   0: 3 0x80001b04 (0xe8222093) x 1 0x00000000
core   0: 0x80001b08 (0x01793433) sltu    s0, s2, s7
core   0: 3 0x80001b08 (0x01793433) x 8 0x00000000
core   0: 0x80001b0c (0x00000f0c) c.addi4spn a1, sp, 912
core   0: 3 0x80001b0c (0x0f0c) x11 0x00000390
core   0: 0x80001b0e (0x0000843d) c.srai  s0, 15
core   0: 3 0x80001b0e (0x843d) x 8 0x00000000
core   0: 0x80001b10 (0x414e8a33) sub     s4, t4, s4
core   0: 3 0x80001b10 (0x414e8a33) x20 0xfffff9bc
core   0: 0x80001b14 (0x1116ad37) lui     s10, 0x1116a
core   0: 3 0x80001b14 (0x1116ad37) x26 0x1116a000
core   0: 0x80001b18 (0x417b5e13) srai    t3, s6, 23
core   0: 3 0x80001b18 (0x417b5e13) x28 0x00000000
core   0: 0x80001b1c (0x00dcc633) xor     a2, s9, a3
core   0: 3 0x80001b1c (0x00dcc633) x12 0x00000001
core   0: 0x80001b20 (0x027d8633) mul     a2, s11, t2
core   0: 3 0x80001b20 (0x027d8633) x12 0x8a0d2ba1
core   0: 0x80001b24 (0x415d0db3) sub     s11, s10, s5
core   0: 3 0x80001b24 (0x415d0db3) x27 0x42483f2e
core   0: 0x80001b28 (0x40c45eb3) sra     t4, s0, a2
core   0: 3 0x80001b28 (0x40c45eb3) x29 0x00000000
core   0: 0x80001b2c (0x00702a33) slt     s4, zero, t2
core   0: 3 0x80001b2c (0x00702a33) x20 0x00000000
core   0: 0x80001b30 (0x8b48b693) sltiu   a3, a7, -1868
core   0: 3 0x80001b30 (0x8b48b693) x13 0x00000001
core   0: 0x80001b34 (0x02c078b3) remu    a7, zero, a2
core   0: 3 0x80001b34 (0x02c078b3) x17 0x00000000
core   0: 0x80001b38 (0x00006e9d) c.lui   t4, 0x7
core   0: 3 0x80001b38 (0x6e9d) x29 0x00007000
core   0: 0x80001b3a (0x025bb533) mulhu   a0, s7, t0
core   0: 3 0x80001b3a (0x025bb533) x10 0x00000000
core   0: 0x80001b3e (0x5fe82b13) slti    s6, a6, 1534
core   0: 3 0x80001b3e (0x5fe82b13) x22 0x00000001
core   0: 0x80001b42 (0x006d2633) slt     a2, s10, t1
core   0: 3 0x80001b42 (0x006d2633) x12 0x00000000
core   0: 0x80001b46 (0x0000717d) c.addi16sp sp, -16
core   0: 3 0x80001b46 (0x717d) x 2 0xfffffff0
core   0: 0x80001b48 (0x00004785) c.li    a5, 1
core   0: 3 0x80001b48 (0x4785) x15 0x00000001
core   0: 0x80001b4a (0x00006729) c.lui   a4, 0xa
core   0: 3 0x80001b4a (0x6729) x14 0x0000a000
core   0: 0x80001b4c (0x000000ce) c.slli  ra, 19
core   0: 3 0x80001b4c (0x00ce) x 1 0x00000000
core   0: 0x80001b4e (0x0000158c) c.addi4spn a1, sp, 736
core   0: 3 0x80001b4e (0x158c) x11 0x000002d0
core   0: 0x80001b50 (0xdfd4ae17) auipc   t3, 0xdfd4a
core   0: 3 0x80001b50 (0xdfd4ae17) x28 0x5fd4bb50
core   0: 0x80001b54 (0x0000814e) c.mv    sp, s3
core   0: 3 0x80001b54 (0x814e) x 2 0x00000000
core   0: 0x80001b56 (0x0000137d) c.addi  t1, -1
core   0: 3 0x80001b56 (0x137d) x 6 0xfffffffe
core   0: 0x80001b58 (0x0000925a) c.add   tp, s6
core   0: 3 0x80001b58 (0x925a) x 4 0x00000012
core   0: 0x80001b5a (0x0307c733) div     a4, a5, a6
core   0: 3 0x80001b5a (0x0307c733) x14 0x00000000
core   0: 0x80001b5e (0x022cb233) mulhu   tp, s9, sp
core   0: 3 0x80001b5e (0x022cb233) x 4 0x00000000
core   0: 0x80001b62 (0x0000717d) c.addi16sp sp, -16
core   0: 3 0x80001b62 (0x717d) x 2 0xfffffff0
core   0: 0x80001b64 (0x03334eb3) div     t4, t1, s3
core   0: 3 0x80001b64 (0x03334eb3) x29 0xffffffff
core   0: 0x80001b68 (0x008e9193) slli    gp, t4, 8
core   0: 3 0x80001b68 (0x008e9193) x 3 0xffffff00
core   0: 0x80001b6c (0x00000e9e) c.slli  t4, 7
core   0: 3 0x80001b6c (0x0e9e) x29 0xffffff80
core   0: 0x80001b6e (0x4cb396b7) lui     a3, 0x4cb39
core   0: 3 0x80001b6e (0x4cb396b7) x13 0x4cb39000
core   0: 0x80001b72 (0x41860333) sub     t1, a2, s8
core   0: 3 0x80001b72 (0x41860333) x 6 0x00000000
core   0: 0x80001b76 (0x00008425) c.srai  s0, 9
core   0: 3 0x80001b76 (0x8425) x 8 0x00000000
core   0: 0x80001b78 (0x408c5193) srai    gp, s8, 8
core   0: 3 0x80001b78 (0x408c5193) x 3 0x00000000
core   0: 0x80001b7c (0x000089f1) c.andi  a1, 28
core   0: 3 0x80001b7c (0x89f1) x11 0x00000010
core   0: 0x80001b7e (0x00009bde) c.add   s7, s7
core   0: 3 0x80001b7e (0x9bde) x23 0x000802b0
core   0: 0x80001b80 (0x00006a41) c.lui   s4, 0x10
core   0: 3 0x80001b80 (0x6a41) x20 0x00010000
core   0: 0x80001b82 (0x034741b3) div     gp, a4, s4
core   0: 3 0x80001b82 (0x034741b3) x 3 0x00000000
core   0: 0x80001b86 (0x3aedbe17) auipc   t3, 0x3aedb
core   0: 3 0x80001b86 (0x3aedbe17) x28 0xbaedcb86
core   0: 0x80001b8a (0x000095a2) c.add   a1, s0
core   0: 3 0x80001b8a (0x95a2) x11 0x00000010
core   0: 0x80001b8c (0x0084d733) srl     a4, s1, s0
core   0: 3 0x80001b8c (0x0084d733) x14 0x8000fe64
core   0: 0x80001b90 (0x00000252) c.slli  tp, 20
core   0: 3 0x80001b90 (0x0252) x 4 0x00000000
core   0: 0x80001b92 (0x00000001) c.nop
core   0: 3 0x80001b92 (0x0001)
core   0: 0x80001b94 (0x000081e6) c.mv    gp, s9
core   0: 3 0x80001b94 (0x81e6) x 3 0x00000000
core   0: 0x80001b96 (0x00e9da13) srli    s4, s3, 14
core   0: 3 0x80001b96 (0x00e9da13) x20 0x00000000
core   0: 0x80001b9a (0x02298fb3) mul     t6, s3, sp
core   0: 3 0x80001b9a (0x02298fb3) x31 0x00000000
core   0: 0x80001b9e (0x00005c7d) c.li    s8, -1
core   0: 3 0x80001b9e (0x5c7d) x24 0xffffffff
core   0: 0x80001ba0 (0x186f0213) addi    tp, t5, 390
core   0: 3 0x80001ba0 (0x186f0213) x 4 0xf1540806
core   0: 0x80001ba4 (0x00000794) c.addi4spn a3, sp, 960
core   0: 3 0x80001ba4 (0x0794) x13 0x000003b0
core   0: 0x80001ba6 (0x19b38893) addi    a7, t2, 411
core   0: 3 0x80001ba6 (0x19b38893) x17 0xef323a80
core   0: 0x80001baa (0x0312ff33) remu    t5, t0, a7
core   0: 3 0x80001baa (0x0312ff33) x30 0x00000000
core   0: 0x80001bae (0x00e95c13) srli    s8, s2, 14
core   0: 3 0x80001bae (0x00e95c13) x24 0x000175ed
core   0: 0x80001bb2 (0x00000294) c.addi4spn a3, sp, 320
core   0: 3 0x80001bb2 (0x0294) x13 0x00000130
core   0: 0x80001bb4 (0x1b9dd417) auipc   s0, 0x1b9dd
core   0: 3 0x80001bb4 (0x1b9dd417) x 8 0x9b9debb4
core   0: 0x80001bb8 (0x45ce4113) xori    sp, t3, 1116
core   0: 3 0x80001bb8 (0x45ce4113) x 2 0xbaedcfda
core   0: 0x80001bbc (0x00008ea1) c.xor   a3, s0
core   0: 3 0x80001bbc (0x8ea1) x13 0x9b9dea84
core   0: 0x80001bbe (0x02f4fbb3) remu    s7, s1, a5
core   0: 3 0x80001bbe (0x02f4fbb3) x23 0x00000000
core   0: 0x80001bc2 (0x612aee93) ori     t4, s5, 1554
core   0: 3 0x80001bc2 (0x612aee93) x29 0xcece66d2
core   0: 0x80001bc6 (0x032416b3) mulh    a3, s0, s2
core   0: 3 0x80001bc6 (0x032416b3) x13 0xdb57fb3a
core   0: 0x80001bca (0x00cb3eb3) sltu    t4, s6, a2
core   0: 3 0x80001bca (0x00cb3eb3) x29 0x00000000
core   0: 0x80001bce (0x0168ef93) ori     t6, a7, 22
core   0: 3 0x80001bce (0x0168ef93) x31 0xef323a96
core   0: 0x80001bd2 (0x000005d1) c.addi  a1, 20
core   0: 3 0x80001bd2 (0x05d1) x11 0x00000024
core   0: 0x80001bd4 (0xd79dc613) xori    a2, s11, -647
core   0: 3 0x80001bd4 (0xd79dc613) x12 0xbdb7c257
core   0: 0x80001bd8 (0x02b32db3) mulhsu  s11, t1, a1
core   0: 3 0x80001bd8 (0x02b32db3) x27 0x00000000
core   0: 0x80001bdc (0x0af6c913) xori    s2, a3, 175
core   0: 3 0x80001bdc (0x0af6c913) x18 0xdb57fb95
core   0: 0x80001be0 (0x0000997d) c.andi  a0, -1
core   0: 3 0x80001be0 (0x997d) x10 0x00000000
core   0: 0x80001be2 (0x000011fd) c.addi  gp, -1
core   0: 3 0x80001be2 (0x11fd) x 3 0xffffffff
core   0: 0x80001be4 (0x00000001) c.nop
core   0: 3 0x80001be4 (0x0001)
core   0: 0x80001be6 (0x00b40eb3) add     t4, s0, a1
core   0: 3 0x80001be6 (0x00b40eb3) x29 0x9b9debd8
core   0: 0x80001bea (0xfeb8ad93) slti    s11, a7, -21
core   0: 3 0x80001bea (0xfeb8ad93) x27 0x00000001
core   0: 0x80001bee (0x00000001) c.nop
core   0: 3 0x80001bee (0x0001)
core   0: 0x80001bf0 (0x00009afd) c.andi  a3, -1
core   0: 3 0x80001bf0 (0x9afd) x13 0xdb57fb3a
core   0: 0x80001bf2 (0x00001110) c.addi4spn a2, sp, 160
core   0: 3 0x80001bf2 (0x1110) x12 0xbaedd07a
core   0: 0x80001bf4 (0x004fc333) xor     t1, t6, tp
core   0: 3 0x80001bf4 (0x004fc333) x 6 0x1e663290
core   0: 0x80001bf8 (0x000089e1) c.andi  a1, 24
core   0: 3 0x80001bf8 (0x89e1) x11 0x00000000
core   0: 0x80001bfa (0x032ff6b3) remu    a3, t6, s2
core   0: 3 0x80001bfa (0x032ff6b3) x13 0x13da3f01
core   0: 0x80001bfe (0x00000001) c.nop
core   0: 3 0x80001bfe (0x0001)
core   0: 0x80001c00 (0x4113d693) srai    a3, t2, 17
core   0: 3 0x80001c00 (0x4113d693) x13 0xfffff799
core   0: 0x80001c04 (0x021801b3) mul     gp, a6, ra
core   0: 3 0x80001c04 (0x021801b3) x 3 0x00000000
core   0: 0x80001c08 (0x019515b3) sll     a1, a0, s9
core   0: 3 0x80001c08 (0x019515b3) x11 0x00000000
core   0: 0x80001c0c (0x00b2d533) srl     a0, t0, a1
core   0: 3 0x80001c0c (0x00b2d533) x10 0x00000000
core   0: 0x80001c10 (0xa4ea9b97) auipc   s7, 0xa4ea9
core   0: 3 0x80001c10 (0xa4ea9b97) x23 0x24eaac10
core   0: 0x80001c14 (0x0312df33) divu    t5, t0, a7
core   0: 3 0x80001c14 (0x0312df33) x30 0x00000000
core   0: 0x80001c18 (0x34886313) ori     t1, a6, 840
core   0: 3 0x80001c18 (0x34886313) x 6 0x80013fec
core   0: 0x80001c1c (0x03c7a8b3) mulhsu  a7, a5, t3
core   0: 3 0x80001c1c (0x03c7a8b3) x17 0x00000000
core   0: 0x80001c20 (0x00001b98) c.addi4spn a4, sp, 496
core   0: 3 0x80001c20 (0x1b98) x14 0xbaedd1ca
core   0: 0x80001c22 (0x00000001) c.nop
core   0: 3 0x80001c22 (0x0001)
core   0: 0x80001c24 (0x037bef33) rem     t5, s7, s7
core   0: 3 0x80001c24 (0x037bef33) x30 0x00000000
core   0: 0x80001c28 (0x00ce5b93) srli    s7, t3, 12
core   0: 3 0x80001c28 (0x00ce5b93) x23 0x000baedc
core   0: 0x80001c2c (0x0281a633) mulhsu  a2, gp, s0
core   0: 3 0x80001c2c (0x0281a633) x12 0x00000000
core   0: 0x80001c30 (0x00008c51) c.or    s0, a2
core   0: 3 0x80001c30 (0x8c51) x 8 0x9b9debb4
core   0: 0x80001c32 (0x00008ddd) c.or    a1, a5
core   0: 3 0x80001c32 (0x8ddd) x11 0x00000001
core   0: 0x80001c34 (0x036feab3) rem     s5, t6, s6
core   0: 3 0x80001c34 (0x036feab3) x21 0x00000000
core   0: 0x80001c38 (0x02cb83b3) mul     t2, s7, a2
core   0: 3 0x80001c38 (0x02cb83b3) x 7 0x00000000
core   0: 0x80001c3c (0x000082f1) c.srli  a3, 28
core   0: 3 0x80001c3c (0x82f1) x13 0x0000000f
core   0: 0x80001c3e (0x00008df6) c.mv    s11, t4
core   0: 3 0x80001c3e (0x8df6) x27 0x9b9debd8
core   0: 0x80001c40 (0x0181cc33) xor     s8, gp, s8
core   0: 3 0x80001c40 (0x0181cc33) x24 0x000175ed
core   0: 0x80001c44 (0x030cde33) divu    t3, s9, a6
core   0: 3 0x80001c44 (0x030cde33) x28 0x00000000
core   0: 0x80001c48 (0x00008ff9) c.and   a5, a4
core   0: 3 0x80001c48 (0x8ff9) x15 0x00000000
core   0: 0x80001c4a (0x00000001) c.nop
core   0: 3 0x80001c4a (0x0001)
core   0: 0x80001c4c (0x01005d33) srl     s10, zero, a6
core   0: 3 0x80001c4c (0x01005d33) x26 0x00000000
core   0: 0x80001c50 (0x009ea033) slt     zero, t4, s1
core   0: 3 0x80001c50 (0x009ea033)
core   0: 0x80001c54 (0x004cd333) srl     t1, s9, tp
core   0: 3 0x80001c54 (0x004cd333) x 6 0x00000000
core   0: 0x80001c58 (0x01291133) sll     sp, s2, s2
core   0: 3 0x80001c58 (0x01291133) x 2 0x72a00000
core   0: 0x80001c5c (0x00001898) c.addi4spn a4, sp, 112
core   0: 3 0x80001c5c (0x1898) x14 0x72a00070
core   0: 0x80001c5e (0x0000597d) c.li    s2, -1
core   0: 3 0x80001c5e (0x597d) x18 0xffffffff
core   0: 0x80001c60 (0x000009aa) c.slli  s3, 10
core   0: 3 0x80001c60 (0x09aa) x19 0x00000000
core   0: 0x80001c62 (0x01196133) or      sp, s2, a7
core   0: 3 0x80001c62 (0x01196133) x 2 0xffffffff
core   0: 0x80001c66 (0x00008d6d) c.and   a0, a1
core   0: 3 0x80001c66 (0x8d6d) x10 0x00000000
core   0: 0x80001c68 (0x0000612d) c.addi16sp sp, 224
core   0: 3 0x80001c68 (0x612d) x 2 0x000000df
core   0: 0x80001c6a (0xb4eaa413) slti    s0, s5, -1202
core   0: 3 0x80001c6a (0xb4eaa413) x 8 0x00000000
core   0: 0x80001c6e (0x0000717d) c.addi16sp sp, -16
core   0: 3 0x80001c6e (0x717d) x 2 0x000000cf
core   0: 0x80001c70 (0x401752b3) sra     t0, a4, ra
core   0: 3 0x80001c70 (0x401752b3) x 5 0x72a00070
core   0: 0x80001c74 (0x000a9093) slli    ra, s5, 0
core   0: 3 0x80001c74 (0x000a9093) x 1 0x00000000
core   0: 0x80001c78 (0xaad77993) andi    s3, a4, -1363
core   0: 3 0x80001c78 (0xaad77993) x19 0x72a00020
core   0: 0x80001c7c (0xf571b5b7) lui     a1, 0xf571b
core   0: 3 0x80001c7c (0xf571b5b7) x11 0xf571b000
core   0: 0x80001c80 (0x01785893) srli    a7, a6, 23
core   0: 3 0x80001c80 (0x01785893) x17 0x00000100
core   0: 0x80001c84 (0x01db2633) slt     a2, s6, t4
core   0: 3 0x80001c84 (0x01db2633) x12 0x00000000
core   0: 0x80001c88 (0x00008111) c.srli  a0, 4
core   0: 3 0x80001c88 (0x8111) x10 0x00000000
core   0: 0x80001c8a (0x000099fd) c.andi  a1, -1
core   0: 3 0x80001c8a (0x99fd) x11 0xf571b000
core   0: 0x80001c8c (0x02c1dd33) divu    s10, gp, a2
core   0: 3 0x80001c8c (0x02c1dd33) x26 0xffffffff
core   0: 0x80001c90 (0x000005d6) c.slli  a1, 21
core   0: 3 0x80001c90 (0x05d6) x11 0x00000000
core   0: 0x80001c92 (0x03947333) remu    t1, s0, s9
core   0: 3 0x80001c92 (0x03947333) x 6 0x00000000
core   0: 0x80001c96 (0x13c18013) addi    zero, gp, 316
core   0: 3 0x80001c96 (0x13c18013)
core   0: 0x80001c9a (0x00401613) slli    a2, zero, 4
core   0: 3 0x80001c9a (0x00401613) x12 0x00000000
core   0: 0x80001c9e (0x6c20cd93) xori    s11, ra, 1730
core   0: 3 0x80001c9e (0x6c20cd93) x27 0x000006c2
core   0: 0x80001ca2 (0x0000717d) c.addi16sp sp, -16
core   0: 3 0x80001ca2 (0x717d) x 2 0x000000bf
core   0: 0x80001ca4 (0x015ff1b3) and     gp, t6, s5
core   0: 3 0x80001ca4 (0x015ff1b3) x 3 0x00000000
core   0: 0x80001ca8 (0x0351c533) div     a0, gp, s5
core   0: 3 0x80001ca8 (0x0351c533) x10 0xffffffff
core   0: 0x80001cac (0x0000875e) c.mv    a4, s7
core   0: 3 0x80001cac (0x875e) x14 0x000baedc
core   0: 0x80001cae (0x00000166) c.slli  sp, 25
core   0: 3 0x80001cae (0x0166) x 2 0x7e000000
core   0: 0x80001cb0 (0x4070d093) srai    ra, ra, 7
core   0: 3 0x80001cb0 (0x4070d093) x 1 0x00000000
core   0: 0x80001cb4 (0x00009156) c.add   sp, s5
core   0: 3 0x80001cb4 (0x9156) x 2 0x7e000000
core   0: 0x80001cb6 (0x00008fa9) c.xor   a5, a0
core   0: 3 0x80001cb6 (0x8fa9) x15 0xffffffff
core   0: 0x80001cb8 (0x002d1033) sll     zero, s10, sp
core   0: 3 0x80001cb8 (0x002d1033)
core   0: 0x80001cbc (0x017d1933) sll     s2, s10, s7
core   0: 3 0x80001cbc (0x017d1933) x18 0xf0000000
core   0: 0x80001cc0 (0x00ec30b3) sltu    ra, s8, a4
core   0: 3 0x80001cc0 (0x00ec30b3) x 1 0x00000001
core   0: 0x80001cc4 (0x00009bfd) c.andi  a5, -1
core   0: 3 0x80001cc4 (0x9bfd) x15 0xffffffff
core   0: 0x80001cc6 (0x0216dbb3) divu    s7, a3, ra
core   0: 3 0x80001cc6 (0x0216dbb3) x23 0x0000000f
core   0: 0x80001cca (0x00bce0b3) or      ra, s9, a1
core   0: 3 0x80001cca (0x00bce0b3) x 1 0x00000000
core   0: 0x80001cce (0x41f70f33) sub     t5, a4, t6
core   0: 3 0x80001cce (0x41f70f33) x30 0x10d97446
core   0: 0x80001cd2 (0x01b75c33) srl     s8, a4, s11
core   0: 3 0x80001cd2 (0x01b75c33) x24 0x0002ebb7
core   0: 0x80001cd6 (0x00000001) c.nop
core   0: 3 0x80001cd6 (0x0001)
core   0: 0x80001cd8 (0x000082bd) c.srli  a3, 15
core   0: 3 0x80001cd8 (0x82bd) x13 0x00000000
core   0: 0x80001cda (0x033b49b3) div     s3, s6, s3
core   0: 3 0x80001cda (0x033b49b3) x19 0x00000000
core   0: 0x80001cde (0x000083a5) c.srli  a5, 9
core   0: 3 0x80001cde (0x83a5) x15 0x007fffff
core   0: 0x80001ce0 (0x1a9af893) andi    a7, s5, 425
core   0: 3 0x80001ce0 (0x1a9af893) x17 0x00000000
core   0: 0x80001ce4 (0x00000ae2) c.slli  s5, 24
core   0: 3 0x80001ce4 (0x0ae2) x21 0x00000000
core   0: 0x80001ce6 (0x0939b213) sltiu   tp, s3, 147
core   0: 3 0x80001ce6 (0x0939b213) x 4 0x00000001
core   0: 0x80001cea (0x41c702b3) sub     t0, a4, t3
core   0: 3 0x80001cea (0x41c702b3) x 5 0x000baedc
core   0: 0x80001cee (0x00008da5) c.xor   a1, s1
core   0: 3 0x80001cee (0x8da5) x11 0x8000fe64
core   0: 0x80001cf0 (0x00008f01) c.sub   a4, s0
core   0: 3 0x80001cf0 (0x8f01) x14 0x000baedc
core   0: 0x80001cf2 (0x0000667d) c.lui   a2, 0x1f
core   0: 3 0x80001cf2 (0x667d) x12 0x0001f000
core   0: 0x80001cf4 (0x03fd6c33) rem     s8, s10, t6
core   0: 3 0x80001cf4 (0x03fd6c33) x24 0xffffffff
core   0: 0x80001cf8 (0x00008be5) c.andi  a5, 25
core   0: 3 0x80001cf8 (0x8be5) x15 0x00000019
core   0: 0x80001cfa (0x00008f6d) c.and   a4, a1
core   0: 3 0x80001cfa (0x8f6d) x14 0x0000ae44
core   0: 0x80001cfc (0x007d1513) slli    a0, s10, 7
core   0: 3 0x80001cfc (0x007d1513) x10 0xffffff80
core   0: 0x80001d00 (0x0275e233) rem     tp, a1, t2
core   0: 3 0x80001d00 (0x0275e233) x 4 0x8000fe64
core   0: 0x80001d04 (0x00001e90) c.addi4spn a2, sp, 880
core   0: 3 0x80001d04 (0x1e90) x12 0x7e000370
core   0: 0x80001d06 (0x0319ddb3) divu    s11, s3, a7
core   0: 3 0x80001d06 (0x0319ddb3) x27 0xffffffff
core   0: 0x80001d0a (0x017e7ab3) and     s5, t3, s7
core   0: 3 0x80001d0a (0x017e7ab3) x21 0x00000000
core   0: 0x80001d0e (0x000087b1) c.srai  a5, 12
core   0: 3 0x80001d0e (0x87b1) x15 0x00000000
core   0: 0x80001d10 (0x021b8eb3) mul     t4, s7, ra
core   0: 3 0x80001d10 (0x021b8eb3) x29 0x00000000
core   0: 0x80001d14 (0x41755593) srai    a1, a0, 23
core   0: 3 0x80001d14 (0x41755593) x11 0xffffffff
core   0: 0x80001d18 (0x00009afd) c.andi  a3, -1
core   0: 3 0x80001d18 (0x9afd) x13 0x00000000
core   0: 0x80001d1a (0x4f2b30b7) lui     ra, 0x4f2b3
core   0: 3 0x80001d1a (0x4f2b30b7) x 1 0x4f2b3000
core   0: 0x80001d1e (0x00009686) c.add   a3, ra
core   0: 3 0x80001d1e (0x9686) x13 0x4f2b3000
core   0: 0x80001d20 (0x012fb5b3) sltu    a1, t6, s2
core   0: 3 0x80001d20 (0x012fb5b3) x11 0x00000001
core   0: 0x80001d24 (0x032eb2b3) mulhu   t0, t4, s2
core   0: 3 0x80001d24 (0x032eb2b3) x 5 0x00000000
core   0: 0x80001d28 (0x0234b7b3) mulhu   a5, s1, gp
core   0: 3 0x80001d28 (0x0234b7b3) x15 0x00000000
core   0: 0x80001d2c (0x00006159) c.addi16sp sp, 400
core   0: 3 0x80001d2c (0x6159) x 2 0x7e000190
core   0: 0x80001d2e (0x02db01b3) mul     gp, s6, a3
core   0: 3 0x80001d2e (0x02db01b3) x 3 0x4f2b3000
core   0: 0x80001d32 (0xe5cdf193) andi    gp, s11, -420
core   0: 3 0x80001d32 (0xe5cdf193) x 3 0xfffffe5c
core   0: 0x80001d36 (0x0000717d) c.addi16sp sp, -16
core   0: 3 0x80001d36 (0x717d) x 2 0x7e000180
core   0: 0x80001d38 (0x0101a5b3) slt     a1, gp, a6
core   0: 3 0x80001d38 (0x0101a5b3) x11 0x00000000
core   0: 0x80001d3c (0x41f05593) srai    a1, zero, 31
core   0: 3 0x80001d3c (0x41f05593) x11 0x00000000
core   0: 0x80001d40 (0x00008ff5) c.and   a5, a3
core   0: 3 0x80001d40 (0x8ff5) x15 0x00000000
core   0: 0x80001d42 (0x01ac18b3) sll     a7, s8, s10
core   0: 3 0x80001d42 (0x01ac18b3) x17 0x80000000
core   0: 0x80001d46 (0x0343c9b3) div     s3, t2, s4
core   0: 3 0x80001d46 (0x0343c9b3) x19 0xffffffff
core   0: 0x80001d4a (0x02006633) rem     a2, zero, zero
core   0: 3 0x80001d4a (0x02006633) x12 0x00000000
core   0: 0x80001d4e (0x00008e6d) c.and   a2, a1
core   0: 3 0x80001d4e (0x8e6d) x12 0x00000000
core   0: 0x80001d50 (0x02c7db33) divu    s6, a5, a2
core   0: 3 0x80001d50 (0x02c7db33) x22 0xffffffff
core   0: 0x80001d54 (0x01d75333) srl     t1, a4, t4
core   0: 3 0x80001d54 (0x01d75333) x 6 0x0000ae44
core   0: 0x80001d58 (0x00008eb1) c.xor   a3, a2
core   0: 3 0x80001d58 (0x8eb1) x13 0x4f2b3000
core   0: 0x80001d5a (0x013a2133) slt     sp, s4, s3
core   0: 3 0x80001d5a (0x013a2133) x 2 0x00000000
core   0: 0x80001d5e (0x000f5113) srli    sp, t5, 0
core   0: 3 0x80001d5e (0x000f5113) x 2 0x10d97446
core   0: 0x80001d62 (0x00008f89) c.sub   a5, a0
core   0: 3 0x80001d62 (0x8f89) x15 0x00000080
core   0: 0x80001d64 (0x40a286b3) sub     a3, t0, a0
core   0: 3 0x80001d64 (0x40a286b3) x13 0x00000080
core   0: 0x80001d68 (0x00008de1) c.and   a1, s0
core   0: 3 0x80001d68 (0x8de1) x11 0x00000000
core   0: 0x80001d6a (0x0000862d) c.srai  a2, 11
core   0: 3 0x80001d6a (0x862d) x12 0x00000000
core   0: 0x80001d6c (0x0000881d) c.andi  s0, 7
core   0: 3 0x80001d6c (0x881d) x 8 0x00000000
core   0: 0x80001d6e (0x00671b13) slli    s6, a4, 6
core   0: 3 0x80001d6e (0x00671b13) x22 0x002b9100
core   0: 0x80001d72 (0x00329b33) sll     s6, t0, gp
core   0: 3 0x80001d72 (0x00329b33) x22 0x00000000
core   0: 0x80001d76 (0x5128fa93) andi    s5, a7, 1298
core   0: 3 0x80001d76 (0x5128fa93) x21 0x00000000
core   0: 0x80001d7a (0x0038a333) slt     t1, a7, gp
core   0: 3 0x80001d7a (0x0038a333) x 6 0x00000001
core   0: 0x80001d7e (0x1235bc13) sltiu   s8, a1, 291
core   0: 3 0x80001d7e (0x1235bc13) x24 0x00000001
core   0: 0x80001d82 (0x00008ab5) c.andi  a3, 13
core   0: 3 0x80001d82 (0x8ab5) x13 0x00000000
core   0: 0x80001d84 (0x006eec33) or      s8, t4, t1
core   0: 3 0x80001d84 (0x006eec33) x24 0x00000001
core   0: 0x80001d88 (0x00008549) c.srai  a0, 18
core   0: 3 0x80001d88 (0x8549) x10 0xffffffff
core   0: 0x80001d8a (0x010185b3) add     a1, gp, a6
core   0: 3 0x80001d8a (0x010185b3) x11 0x80013b40
core   0: 0x80001d8e (0xb554ea13) ori     s4, s1, -1195
core   0: 3 0x80001d8e (0xb554ea13) x20 0xffffff75
core   0: 0x80001d92 (0x000061b9) c.lui   gp, 0xe
core   0: 3 0x80001d92 (0x61b9) x 3 0x0000e000
core   0: 0x80001d94 (0x01012a33) slt     s4, sp, a6
core   0: 3 0x80001d94 (0x01012a33) x20 0x00000000
core   0: 0x80001d98 (0x00008ddd) c.or    a1, a5
core   0: 3 0x80001d98 (0x8ddd) x11 0x80013bc0
core   0: 0x80001d9a (0x00000001) c.nop
core   0: 3 0x80001d9a (0x0001)
core   0: 0x80001d9c (0x00000001) c.nop
core   0: 3 0x80001d9c (0x0001)
core   0: 0x80001d9e (0xfd187393) andi    t2, a6, -47
core   0: 3 0x80001d9e (0xfd187393) x 7 0x80013cc0
core   0: 0x80001da2 (0x0278c333) div     t1, a7, t2
core   0: 3 0x80001da2 (0x0278c333) x 6 0x00000001
core   0: 0x80001da6 (0x03f46033) rem     zero, s0, t6
core   0: 3 0x80001da6 (0x03f46033)
core   0: 0x80001daa (0x02b70fb3) mul     t6, a4, a1
core   0: 3 0x80001daa (0x02b70fb3) x31 0xd6f05f00
core   0: 0x80001dae (0x00001808) c.addi4spn a0, sp, 48
core   0: 3 0x80001dae (0x1808) x10 0x10d97476
core   0: 0x80001db0 (0x0076bbb3) sltu    s7, a3, t2
core   0: 3 0x80001db0 (0x0076bbb3) x23 0x00000001
core   0: 0x80001db4 (0x01791693) slli    a3, s2, 23
core   0: 3 0x80001db4 (0x01791693) x13 0x00000000
core   0: 0x80001db8 (0x0000656d) c.lui   a0, 0x1b
core   0: 3 0x80001db8 (0x656d) x10 0x0001b000
core   0: 0x80001dba (0x027931b3) mulhu   gp, s2, t2
core   0: 3 0x80001dba (0x027931b3) x 3 0x780128f4
core   0: 0x80001dbe (0x0034a9b3) slt     s3, s1, gp
core   0: 3 0x80001dbe (0x0034a9b3) x19 0x00000001
core   0: 0x80001dc2 (0x0000717d) c.addi16sp sp, -16
core   0: 3 0x80001dc2 (0x717d) x 2 0x10d97436
core   0: 0x80001dc4 (0x00008309) c.srli  a4, 2
core   0: 3 0x80001dc4 (0x8309) x14 0x00002b91
core   0: 0x80001dc6 (0x0130c933) xor     s2, ra, s3
core   0: 3 0x80001dc6 (0x0130c933) x18 0x4f2b3001
core   0: 0x80001dca (0x03713233) mulhu   tp, sp, s7
core   0: 3 0x80001dca (0x03713233) x 4 0x00000000
core   0: 0x80001dce (0x00008fa1) c.xor   a5, s0
core   0: 3 0x80001dce (0x8fa1) x15 0x00000080
core   0: 0x80001dd0 (0x41685533) sra     a0, a6, s6
core   0: 3 0x80001dd0 (0x41685533) x10 0x80013ce4
core   0: 0x80001dd4 (0x00008edd) c.or    a3, a5
core   0: 3 0x80001dd4 (0x8edd) x13 0x00000080
core   0: 0x80001dd6 (0x01e34233) xor     tp, t1, t5
core   0: 3 0x80001dd6 (0x01e34233) x 4 0x10d97447
core   0: 0x80001dda (0x0372cdb3) div     s11, t0, s7
core   0: 3 0x80001dda (0x0372cdb3) x27 0x00000000
core   0: 0x80001dde (0x41a4d133) sra     sp, s1, s10
core   0: 3 0x80001dde (0x41a4d133) x 2 0xffffffff
core   0: 0x80001de2 (0x00000001) c.nop
core   0: 3 0x80001de2 (0x0001)
core   0: 0x80001de4 (0x021a58b3) divu    a7, s4, ra
core   0: 3 0x80001de4 (0x021a58b3) x17 0x00000000
core   0: 0x80001de8 (0x00005933) srl     s2, zero, zero
core   0: 3 0x80001de8 (0x00005933) x18 0x00000000
core   0: 0x80001dec (0x00000001) c.nop
core   0: 3 0x80001dec (0x0001)
core   0: 0x80001dee (0x00008dad) c.xor   a1, a1
core   0: 3 0x80001dee (0x8dad) x11 0x00000000
core   0: 0x80001df0 (0x83cce513) ori     a0, s9, -1988
core   0: 3 0x80001df0 (0x83cce513) x10 0xfffff83c
core   0: 0x80001df4 (0x039a7e33) remu    t3, s4, s9
core   0: 3 0x80001df4 (0x039a7e33) x28 0x00000000
core   0: 0x80001df8 (0x00008605) c.srai  a2, 1
core   0: 3 0x80001df8 (0x8605) x12 0x00000000
core   0: 0x80001dfa (0x03702633) mulhsu  a2, zero, s7
core   0: 3 0x80001dfa (0x03702633) x12 0x00000000
core   0: 0x80001dfe (0x000040a9) c.li    ra, 10
core   0: 3 0x80001dfe (0x40a9) x 1 0x0000000a
core   0: 0x80001e00 (0x00008d59) c.or    a0, a4
core   0: 3 0x80001e00 (0x8d59) x10 0xfffffbbd
core   0: 0x80001e02 (0x00008b59) c.andi  a4, 22
core   0: 3 0x80001e02 (0x8b59) x14 0x00000010
core   0: 0x80001e04 (0x00dc3d33) sltu    s10, s8, a3
core   0: 3 0x80001e04 (0x00dc3d33) x26 0x00000001
core   0: 0x80001e08 (0x3b3c9d17) auipc   s10, 0x3b3c9
core   0: 3 0x80001e08 (0x3b3c9d17) x26 0xbb3cae08
core   0: 0x80001e0c (0x40ae5933) sra     s2, t3, a0
core   0: 3 0x80001e0c (0x40ae5933) x18 0x00000000
core   0: 0x80001e10 (0x026a0233) mul     tp, s4, t1
core   0: 3 0x80001e10 (0x026a0233) x 4 0x00000000
core   0: 0x80001e14 (0x03f01c33) mulh    s8, zero, t6
core   0: 3 0x80001e14 (0x03f01c33) x24 0x00000000
core   0: 0x80001e18 (0x00836133) or      sp, t1, s0
core   0: 3 0x80001e18 (0x00836133) x 2 0x00000001
core   0: 0x80001e1c (0x00008e9d) c.sub   a3, a5
core   0: 3 0x80001e1c (0x8e9d) x13 0x00000000
core   0: 0x80001e1e (0x00008055) c.srli  s0, 21
core   0: 3 0x80001e1e (0x8055) x 8 0x00000000
core   0: 0x80001e20 (0x199c3017) auipc   zero, 0x199c3
core   0: 3 0x80001e20 (0x199c3017)
core   0: 0x80001e24 (0x00000001) c.nop
core   0: 3 0x80001e24 (0x0001)
core   0: 0x80001e26 (0x0038abb3) slt     s7, a7, gp
core   0: 3 0x80001e26 (0x0038abb3) x23 0x00000001
core   0: 0x80001e2a (0x000058fd) c.li    a7, -1
core   0: 3 0x80001e2a (0x58fd) x17 0xffffffff
core   0: 0x80001e2c (0x03ebb733) mulhu   a4, s7, t5
core   0: 3 0x80001e2c (0x03ebb733) x14 0x00000000
core   0: 0x80001e30 (0x00008fb9) c.xor   a5, a4
core   0: 3 0x80001e30 (0x8fb9) x15 0x00000080
core   0: 0x80001e32 (0x22572513) slti    a0, a4, 549
core   0: 3 0x80001e32 (0x22572513) x10 0x00000001
core   0: 0x80001e36 (0x033311b3) mulh    gp, t1, s3
core   0: 3 0x80001e36 (0x033311b3) x 3 0x00000000
core   0: 0x80001e3a (0x0313cfb3) div     t6, t2, a7
core   0: 3 0x80001e3a (0x0313cfb3) x31 0x7ffec340
core   0: 0x80001e3e (0x55a32f93) slti    t6, t1, 1370
core   0: 3 0x80001e3e (0x55a32f93) x31 0x00000001
core   0: 0x80001e42 (0x015752b3) srl     t0, a4, s5
core   0: 3 0x80001e42 (0x015752b3) x 5 0x00000000
core   0: 0x80001e46 (0x67823313) sltiu   t1, tp, 1656
core   0: 3 0x80001e46 (0x67823313) x 6 0x00000001
core   0: 0x80001e4a (0x03011c33) mulh    s8, sp, a6
core   0: 3 0x80001e4a (0x03011c33) x24 0xffffffff
core   0: 0x80001e4e (0x0360d5b3) divu    a1, ra, s6
core   0: 3 0x80001e4e (0x0360d5b3) x11 0xffffffff
core   0: 0x80001e52 (0x0279c7b3) div     a5, s3, t2
core   0: 3 0x80001e52 (0x0279c7b3) x15 0x00000000
core   0: 0x80001e56 (0x00008375) c.srli  a4, 29
core   0: 3 0x80001e56 (0x8375) x14 0x00000000
core   0: 0x80001e58 (0x00008eed) c.and   a3, a1
core   0: 3 0x80001e58 (0x8eed) x13 0x00000000
core   0: 0x80001e5a (0x0000717d) c.addi16sp sp, -16
core   0: 3 0x80001e5a (0x717d) x 2 0xfffffff1
core   0: 0x80001e5c (0x83ebf693) andi    a3, s7, -1986
core   0: 3 0x80001e5c (0x83ebf693) x13 0x00000000
core   0: 0x80001e60 (0x033f1bb3) mulh    s7, t5, s3
core   0: 3 0x80001e60 (0x033f1bb3) x23 0x00000000
core   0: 0x80001e64 (0x44c6fa13) andi    s4, a3, 1100
core   0: 3 0x80001e64 (0x44c6fa13) x20 0x00000000
core   0: 0x80001e68 (0x01f12c33) slt     s8, sp, t6
core   0: 3 0x80001e68 (0x01f12c33) x24 0x00000001
core   0: 0x80001e6c (0x40f35233) sra     tp, t1, a5
core   0: 3 0x80001e6c (0x40f35233) x 4 0x00000001
core   0: 0x80001e70 (0x00000bb2) c.slli  s7, 12
core   0: 3 0x80001e70 (0x0bb2) x23 0x00000000
core   0: 0x80001e72 (0x03999eb3) mulh    t4, s3, s9
core   0: 3 0x80001e72 (0x03999eb3) x29 0x00000000
core   0: 0x80001e76 (0x00000001) c.nop
core   0: 3 0x80001e76 (0x0001)
core   0: 0x80001e78 (0x00008e45) c.or    a2, s1
core   0: 3 0x80001e78 (0x8e45) x12 0x8000fe64
core   0: 0x80001e7a (0x0000074d) c.addi  a4, 19
core   0: 3 0x80001e7a (0x074d) x14 0x00000013
core   0: 0x80001e7c (0x00192b33) slt     s6, s2, ra
core   0: 3 0x80001e7c (0x00192b33) x22 0x00000001
core   0: 0x80001e80 (0x41ded993) srai    s3, t4, 29
core   0: 3 0x80001e80 (0x41ded993) x19 0x00000000
core   0: 0x80001e84 (0x039e3c33) mulhu   s8, t3, s9
core   0: 3 0x80001e84 (0x039e3c33) x24 0x00000000
core   0: 0x80001e88 (0x7678e413) ori     s0, a7, 1895
core   0: 3 0x80001e88 (0x7678e413) x 8 0xffffffff
core   0: 0x80001e8c (0x0104aeb3) slt     t4, s1, a6
core   0: 3 0x80001e8c (0x0104aeb3) x29 0x00000001
core   0: 0x80001e90 (0x00008315) c.srli  a4, 5
core   0: 3 0x80001e90 (0x8315) x14 0x00000000
core   0: 0x80001e92 (0x1a268293) addi    t0, a3, 418
core   0: 3 0x80001e92 (0x1a268293) x 5 0x000001a2
core   0: 0x80001e96 (0x0000717d) c.addi16sp sp, -16
core   0: 3 0x80001e96 (0x717d) x 2 0xffffffe1
core   0: 0x80001e98 (0x91a67e93) andi    t4, a2, -1766
core   0: 3 0x80001e98 (0x91a67e93) x29 0x8000f800
core   0: 0x80001e9c (0x7ecda293) slti    t0, s11, 2028
core   0: 3 0x80001e9c (0x7ecda293) x 5 0x00000001
core   0: 0x80001ea0 (0x00008c71) c.and   s0, a2
core   0: 3 0x80001ea0 (0x8c71) x 8 0x8000fe64
core   0: 0x80001ea2 (0x00008e91) c.sub   a3, a2
core   0: 3 0x80001ea2 (0x8e91) x13 0x7fff019c
core   0: 0x80001ea4 (0x0000864a) c.mv    a2, s2
core   0: 3 0x80001ea4 (0x864a) x12 0x00000000
core   0: 0x80001ea6 (0x025bffb3) remu    t6, s7, t0
core   0: 3 0x80001ea6 (0x025bffb3) x31 0x00000000
core   0: 0x80001eaa (0x03afc433) div     s0, t6, s10
core   0: 3 0x80001eaa (0x03afc433) x 8 0x00000000
core   0: 0x80001eae (0x00252ab3) slt     s5, a0, sp
core   0: 3 0x80001eae (0x00252ab3) x21 0x00000000
core   0: 0x80001eb2 (0xd42eef93) ori     t6, t4, -702
core   0: 3 0x80001eb2 (0xd42eef93) x31 0xfffffd42
core   0: 0x80001eb6 (0x00008e39) c.xor   a2, a4
core   0: 3 0x80001eb6 (0x8e39) x12 0x00000000
core   0: 0x80001eb8 (0x00008ee1) c.and   a3, s0
core   0: 3 0x80001eb8 (0x8ee1) x13 0x00000000
core   0: 0x80001eba (0x00000001) c.nop
core   0: 3 0x80001eba (0x0001)
core   0: 0x80001ebc (0x03742033) mulhsu  zero, s0, s7
core   0: 3 0x80001ebc (0x03742033)
core   0: 0x80001ec0 (0x02991133) mulh    sp, s2, s1
core   0: 3 0x80001ec0 (0x02991133) x 2 0x00000000
core   0: 0x80001ec4 (0x00000e9a) c.slli  t4, 6
core   0: 3 0x80001ec4 (0x0e9a) x29 0x003e0000
core   0: 0x80001ec6 (0xb3b63893) sltiu   a7, a2, -1221
core   0: 3 0x80001ec6 (0xb3b63893) x17 0x00000001
core   0: 0x80001eca (0x00000626) c.slli  a2, 9
core   0: 3 0x80001eca (0x0626) x12 0x00000000
core   0: 0x80001ecc (0x028b7bb3) remu    s7, s6, s0
core   0: 3 0x80001ecc (0x028b7bb3) x23 0x00000001
core   0: 0x80001ed0 (0x0361e6b3) rem     a3, gp, s6
core   0: 3 0x80001ed0 (0x0361e6b3) x13 0x00000000
core   0: 0x80001ed4 (0x000060ad) c.lui   ra, 0xb
core   0: 3 0x80001ed4 (0x60ad) x 1 0x0000b000
core   0: 0x80001ed6 (0x00989613) slli    a2, a7, 9
core   0: 3 0x80001ed6 (0x00989613) x12 0x00000200
core   0: 0x80001eda (0x036cbeb3) mulhu   t4, s9, s6
core   0: 3 0x80001eda (0x036cbeb3) x29 0x00000000
core   0: 0x80001ede (0x005a7c33) and     s8, s4, t0
core   0: 3 0x80001ede (0x005a7c33) x24 0x00000000
core   0: 0x80001ee2 (0x032e1133) mulh    sp, t3, s2
core   0: 3 0x80001ee2 (0x032e1133) x 2 0x00000000
core   0: 0x80001ee6 (0x004c58b3) srl     a7, s8, tp
core   0: 3 0x80001ee6 (0x004c58b3) x17 0x00000000
core   0: 0x80001eea (0x01f93333) sltu    t1, s2, t6
core   0: 3 0x80001eea (0x01f93333) x 6 0x00000001
core   0: 0x80001eee (0x03ab17b3) mulh    a5, s6, s10
core   0: 3 0x80001eee (0x03ab17b3) x15 0xffffffff
core   0: 0x80001ef2 (0x01230433) add     s0, t1, s2
core   0: 3 0x80001ef2 (0x01230433) x 8 0x00000001
core   0: 0x80001ef6 (0x14123593) sltiu   a1, tp, 321
core   0: 3 0x80001ef6 (0x14123593) x11 0x00000001
core   0: 0x80001efa (0x000577b3) and     a5, a0, zero
core   0: 3 0x80001efa (0x000577b3) x15 0x00000000
core   0: 0x80001efe (0x004719b3) sll     s3, a4, tp
core   0: 3 0x80001efe (0x004719b3) x19 0x00000000
core   0: 0x80001f02 (0x00008dcd) c.or    a1, a1
core   0: 3 0x80001f02 (0x8dcd) x11 0x00000001
core   0: 0x80001f04 (0x41d80e33) sub     t3, a6, t4
core   0: 3 0x80001f04 (0x41d80e33) x28 0x80013ce4
core   0: 0x80001f08 (0x02e1d5b3) divu    a1, gp, a4
core   0: 3 0x80001f08 (0x02e1d5b3) x11 0xffffffff
core   0: 0x80001f0c (0x026f3db3) mulhu   s11, t5, t1
core   0: 3 0x80001f0c (0x026f3db3) x27 0x00000000
core   0: 0x80001f10 (0x03a855b3) divu    a1, a6, s10
core   0: 3 0x80001f10 (0x03a855b3) x11 0x00000000
core   0: 0x80001f14 (0x4198dbb3) sra     s7, a7, s9
core   0: 3 0x80001f14 (0x4198dbb3) x23 0x00000000
core   0: 0x80001f18 (0x41e88633) sub     a2, a7, t5
core   0: 3 0x80001f18 (0x41e88633) x12 0xef268bba
core   0: 0x80001f1c (0x1c71e113) ori     sp, gp, 455
core   0: 3 0x80001f1c (0x1c71e113) x 2 0x000001c7
core   0: 0x80001f20 (0x00a9fdb3) and     s11, s3, a0
core   0: 3 0x80001f20 (0x00a9fdb3) x27 0x00000000
core   0: 0x80001f24 (0x00000001) c.nop
core   0: 3 0x80001f24 (0x0001)
core   0: 0x80001f26 (0x01184433) xor     s0, a6, a7
core   0: 3 0x80001f26 (0x01184433) x 8 0x80013ce4
core   0: 0x80001f2a (0x00008e35) c.xor   a2, a3
core   0: 3 0x80001f2a (0x8e35) x12 0xef268bba
core   0: 0x80001f2c (0x01461133) sll     sp, a2, s4
core   0: 3 0x80001f2c (0x01461133) x 2 0xef268bba
core   0: 0x80001f30 (0x03e68eb3) mul     t4, a3, t5
core   0: 3 0x80001f30 (0x03e68eb3) x29 0x00000000
core   0: 0x80001f34 (0x008da633) slt     a2, s11, s0
core   0: 3 0x80001f34 (0x008da633) x12 0x00000000
core   0: 0x80001f38 (0x00008e61) c.and   a2, s0
core   0: 3 0x80001f38 (0x8e61) x12 0x00000000
core   0: 0x80001f3a (0x000087e1) c.srai  a5, 24
core   0: 3 0x80001f3a (0x87e1) x15 0x00000000
core   0: 0x80001f3c (0x094b2113) slti    sp, s6, 148
core   0: 3 0x80001f3c (0x094b2113) x 2 0x00000001
core   0: 0x80001f40 (0x008525b3) slt     a1, a0, s0
core   0: 3 0x80001f40 (0x008525b3) x11 0x00000000
core   0: 0x80001f44 (0x00000fc2) c.slli  t6, 16
core   0: 3 0x80001f44 (0x0fc2) x31 0xfd420000
core   0: 0x80001f46 (0x3f956093) ori     ra, a0, 1017
core   0: 3 0x80001f46 (0x3f956093) x 1 0x000003f9
core   0: 0x80001f4a (0x00000465) c.addi  s0, 25
core   0: 3 0x80001f4a (0x0465) x 8 0x80013cfd
core   0: 0x80001f4c (0x00fc1613) slli    a2, s8, 15
core   0: 3 0x80001f4c (0x00fc1613) x12 0x00000000
core   0: 0x80001f50 (0x41cd5f13) srai    t5, s10, 28
core   0: 3 0x80001f50 (0x41cd5f13) x30 0xfffffffb
core   0: 0x80001f54 (0x1a7edb97) auipc   s7, 0x1a7ed
core   0: 3 0x80001f54 (0x1a7edb97) x23 0x9a7eef54
core   0: 0x80001f58 (0x00a15b33) srl     s6, sp, a0
core   0: 3 0x80001f58 (0x00a15b33) x22 0x00000000
core   0: 0x80001f5c (0x004f9593) slli    a1, t6, 4
core   0: 3 0x80001f5c (0x004f9593) x11 0xd4200000
core   0: 0x80001f60 (0xead74e93) xori    t4, a4, -339
core   0: 3 0x80001f60 (0xead74e93) x29 0xfffffead
core   0: 0x80001f64 (0x00008975) c.andi  a0, 29
core   0: 3 0x80001f64 (0x8975) x10 0x00000001
core   0: 0x80001f66 (0x028e8db3) mul     s11, t4, s0
core   0: 3 0x80001f66 (0x028e8db3) x27 0x7e5c3cf9
core   0: 0x80001f6a (0x00001088) c.addi4spn a0, sp, 96
core   0: 3 0x80001f6a (0x1088) x10 0x00000061
core   0: 0x80001f6c (0x00008e11) c.sub   a2, a2
core   0: 3 0x80001f6c (0x8e11) x12 0x00000000
core   0: 0x80001f6e (0x24947193) andi    gp, s0, 585
core   0: 3 0x80001f6e (0x24947193) x 3 0x00000049
core   0: 0x80001f72 (0x00006141) c.addi16sp sp, 16
core   0: 3 0x80001f72 (0x6141) x 2 0x00000011
core   0: 0x80001f74 (0x00008e29) c.xor   a2, a0
core   0: 3 0x80001f74 (0x8e29) x12 0x00000061
core   0: 0x80001f76 (0x0000987d) c.andi  s0, -1
core   0: 3 0x80001f76 (0x987d) x 8 0x80013cfd
core   0: 0x80001f78 (0x40285913) srai    s2, a6, 2
core   0: 3 0x80001f78 (0x40285913) x18 0xe0004f39
core   0: 0x80001f7c (0x00008fc1) c.or    a5, s0
core   0: 3 0x80001f7c (0x8fc1) x15 0x80013cfd
core   0: 0x80001f7e (0x00008029) c.srli  s0, 10
core   0: 3 0x80001f7e (0x8029) x 8 0x0020004f
core   0: 0x80001f80 (0x03da4e33) div     t3, s4, t4
core   0: 3 0x80001f80 (0x03da4e33) x28 0x00000000
core   0: 0x80001f84 (0x00008525) c.srai  a0, 9
core   0: 3 0x80001f84 (0x8525) x10 0x00000000
core   0: 0x80001f86 (0x9fac1b37) lui     s6, 0x9fac1
core   0: 3 0x80001f86 (0x9fac1b37) x22 0x9fac1000
core   0: 0x80001f8a (0x024a8e33) mul     t3, s5, tp
core   0: 3 0x80001f8a (0x024a8e33) x28 0x00000000
core   0: 0x80001f8e (0x00b9b333) sltu    t1, s3, a1
core   0: 3 0x80001f8e (0x00b9b333) x 6 0x00000001
core   0: 0x80001f92 (0xde2e8d93) addi    s11, t4, -542
core   0: 3 0x80001f92 (0xde2e8d93) x27 0xfffffc8f
core   0: 0x80001f96 (0x45684713) xori    a4, a6, 1110
core   0: 3 0x80001f96 (0x45684713) x14 0x800138b2
core   0: 0x80001f9a (0x000096da) c.add   a3, s6
core   0: 3 0x80001f9a (0x96da) x13 0x9fac1000
core   0: 0x80001f9c (0x00000001) c.nop
core   0: 3 0x80001f9c (0x0001)
core   0: 0x80001f9e (0x00000001) c.nop
core   0: 3 0x80001f9e (0x0001)
core   0: 0x80001fa0 (0x02cc5733) divu    a4, s8, a2
core   0: 3 0x80001fa0 (0x02cc5733) x14 0x00000000
core   0: 0x80001fa4 (0xd1a62513) slti    a0, a2, -742
core   0: 3 0x80001fa4 (0xd1a62513) x10 0x00000000
core   0: 0x80001fa8 (0x02108a33) mul     s4, ra, ra
core   0: 3 0x80001fa8 (0x02108a33) x20 0x000fc831
core   0: 0x80001fac (0x00008f75) c.and   a4, a3
core   0: 3 0x80001fac (0x8f75) x14 0x00000000
core   0: 0x80001fae (0x00008ed1) c.or    a3, a2
core   0: 3 0x80001fae (0x8ed1) x13 0x9fac1061
core   0: 0x80001fb0 (0x000056fd) c.li    a3, -1
core   0: 3 0x80001fb0 (0x56fd) x13 0xffffffff
core   0: 0x80001fb2 (0x0016c0b3) xor     ra, a3, ra
core   0: 3 0x80001fb2 (0x0016c0b3) x 1 0xfffffc06
core   0: 0x80001fb6 (0x0000557d) c.li    a0, -1
core   0: 3 0x80001fb6 (0x557d) x10 0xffffffff
core   0: 0x80001fb8 (0x01919113) slli    sp, gp, 25
core   0: 3 0x80001fb8 (0x01919113) x 2 0x92000000
core   0: 0x80001fbc (0x00004c7d) c.li    s8, 31
core   0: 3 0x80001fbc (0x4c7d) x24 0x0000001f
core   0: 0x80001fbe (0x019592b3) sll     t0, a1, s9
core   0: 3 0x80001fbe (0x019592b3) x 5 0xd4200000
core   0: 0x80001fc2 (0x0004eeb3) or      t4, s1, zero
core   0: 3 0x80001fc2 (0x0004eeb3) x29 0x8000fe64
core   0: 0x80001fc6 (0x035c0fb3) mul     t6, s8, s5
core   0: 3 0x80001fc6 (0x035c0fb3) x31 0x00000000
core   0: 0x80001fca (0x03acebb3) rem     s7, s9, s10
core   0: 3 0x80001fca (0x03acebb3) x23 0x00000000
core   0: 0x80001fce (0x00008266) c.mv    tp, s9
core   0: 3 0x80001fce (0x8266) x 4 0x00000000
core   0: 0x80001fd0 (0x00009a7d) c.andi  a2, -1
core   0: 3 0x80001fd0 (0x9a7d) x12 0x00000061
core   0: 0x80001fd2 (0x03485db3) divu    s11, a6, s4
core   0: 3 0x80001fd2 (0x03485db3) x27 0x0000081c
core   0: 0x80001fd6 (0xf57c8413) addi    s0, s9, -169
core   0: 3 0x80001fd6 (0xf57c8413) x 8 0xffffff57
core   0: 0x80001fda (0x025aaab3) mulhsu  s5, s5, t0
core   0: 3 0x80001fda (0x025aaab3) x21 0x00000000
core   0: 0x80001fde (0x027d3db3) mulhu   s11, s10, t2
core   0: 3 0x80001fde (0x027d3db3) x27 0x5d9f3eaf
core   0: 0x80001fe2 (0x02301233) mulh    tp, zero, gp
core   0: 3 0x80001fe2 (0x02301233) x 4 0x00000000
core   0: 0x80001fe6 (0x00006e15) c.lui   t3, 0x5
core   0: 3 0x80001fe6 (0x6e15) x28 0x00005000
core   0: 0x80001fe8 (0x3e042793) slti    a5, s0, 992
core   0: 3 0x80001fe8 (0x3e042793) x15 0x00000001
core   0: 0x80001fec (0x00008e95) c.sub   a3, a3
core   0: 3 0x80001fec (0x8e95) x13 0x00000000
core   0: 0x80001fee (0xf07f2d13) slti    s10, t5, -249
core   0: 3 0x80001fee (0xf07f2d13) x26 0x00000000
core   0: 0x80001ff2 (0x00008fbd) c.xor   a5, a5
core   0: 3 0x80001ff2 (0x8fbd) x15 0x00000000
core   0: 0x80001ff4 (0x73a28693) addi    a3, t0, 1850
core   0: 3 0x80001ff4 (0x73a28693) x13 0xd420073a
core   0: 0x80001ff8 (0x02e3fb33) remu    s6, t2, a4
core   0: 3 0x80001ff8 (0x02e3fb33) x22 0x80013cc0
core   0: 0x80001ffc (0x00000001) c.nop
core   0: 3 0x80001ffc (0x0001)
core   0: 0x80001ffe (0x012552b3) srl     t0, a0, s2
core   0: 3 0x80001ffe (0x012552b3) x 5 0x0000007f
core   0: 0x80002002 (0x4f577693) andi    a3, a4, 1269
core   0: 3 0x80002002 (0x4f577693) x13 0x00000000
core   0: 0x80002006 (0x2d556313) ori     t1, a0, 725
core   0: 3 0x80002006 (0x2d556313) x 6 0xffffffff
core   0: 0x8000200a (0x03c01e33) mulh    t3, zero, t3
core   0: 3 0x8000200a (0x03c01e33) x28 0x00000000
core   0: 0x8000200e (0x00000388) c.addi4spn a0, sp, 448
core   0: 3 0x8000200e (0x0388) x10 0x920001c0
core   0: 0x80002010 (0x01aec233) xor     tp, t4, s10
core   0: 3 0x80002010 (0x01aec233) x 4 0x8000fe64
core   0: 0x80002014 (0x1800f637) lui     a2, 0x1800f
core   0: 3 0x80002014 (0x1800f637) x12 0x1800f000
core   0: 0x80002018 (0x025ad2b3) divu    t0, s5, t0
core   0: 3 0x80002018 (0x025ad2b3) x 5 0x00000000
core   0: 0x8000201c (0x025292b3) mulh    t0, t0, t0
core   0: 3 0x8000201c (0x025292b3) x 5 0x00000000
core   0: 0x80002020 (0x000085ad) c.srai  a1, 11
core   0: 3 0x80002020 (0x85ad) x11 0xfffa8400
core   0: 0x80002022 (0x00000001) c.nop
core   0: 3 0x80002022 (0x0001)
core   0: 0x80002024 (0x000060b1) c.lui   ra, 0xc
core   0: 3 0x80002024 (0x60b1) x 1 0x0000c000
core   0: 0x80002026 (0x495b7417) auipc   s0, 0x495b7
core   0: 3 0x80002026 (0x495b7417) x 8 0xc95b9026
core   0: 0x8000202a (0x011889b3) add     s3, a7, a7
core   0: 3 0x8000202a (0x011889b3) x19 0x00000000
core   0: 0x8000202e (0x5c8e6693) ori     a3, t3, 1480
core   0: 3 0x8000202e (0x5c8e6693) x13 0x000005c8
core   0: 0x80002032 (0x01f833b3) sltu    t2, a6, t6
core   0: 3 0x80002032 (0x01f833b3) x 7 0x00000000
core   0: 0x80002036 (0x694653b7) lui     t2, 0x69465
core   0: 3 0x80002036 (0x694653b7) x 7 0x69465000
core   0: 0x8000203a (0x03c246b3) div     a3, tp, t3
core   0: 3 0x8000203a (0x03c246b3) x13 0xffffffff
core   0: 0x8000203e (0x030a1133) mulh    sp, s4, a6
core   0: 3 0x8000203e (0x030a1133) x 2 0xfff81bfb
core   0: 0x80002042 (0x0154f933) and     s2, s1, s5
core   0: 3 0x80002042 (0x0154f933) x18 0x00000000
core   0: 0x80002046 (0x00000001) c.nop
core   0: 3 0x80002046 (0x0001)
core   0: 0x80002048 (0x41e2d013) srai    zero, t0, 30
core   0: 3 0x80002048 (0x41e2d013)
core   0: 0x8000204c (0x1b95aeb7) lui     t4, 0x1b95a
core   0: 3 0x8000204c (0x1b95aeb7) x29 0x1b95a000
core   0: 0x80002050 (0x03b6de33) divu    t3, a3, s11
core   0: 3 0x80002050 (0x03b6de33) x28 0x00000002
core   0: 0x80002054 (0x00a2dab3) srl     s5, t0, a0
core   0: 3 0x80002054 (0x00a2dab3) x21 0x00000000
core   0: 0x80002058 (0xe2447393) andi    t2, s0, -476
core   0: 3 0x80002058 (0xe2447393) x 7 0xc95b9024
core   0: 0x8000205c (0x00008da9) c.xor   a1, a0
core   0: 3 0x8000205c (0x8da9) x11 0x6dfa85c0
core   0: 0x8000205e (0x0000820d) c.srli  a2, 3
core   0: 3 0x8000205e (0x820d) x12 0x03001e00
core   0: 0x80002060 (0x618fcd93) xori    s11, t6, 1560
core   0: 3 0x80002060 (0x618fcd93) x27 0x00000618
core   0: 0x80002064 (0x00008ef9) c.and   a3, a4
core   0: 3 0x80002064 (0x8ef9) x13 0x00000000
core   0: 0x80002066 (0x000001ce) c.slli  gp, 19
core   0: 3 0x80002066 (0x01ce) x 3 0x02480000
core   0: 0x80002068 (0x0024b9b3) sltu    s3, s1, sp
core   0: 3 0x80002068 (0x0024b9b3) x19 0x00000001
core   0: 0x8000206c (0x25af6d97) auipc   s11, 0x25af6
core   0: 3 0x8000206c (0x25af6d97) x27 0xa5af806c
core   0: 0x80002070 (0xfe05a893) slti    a7, a1, -32
core   0: 3 0x80002070 (0xfe05a893) x17 0x00000000
core   0: 0x80002074 (0x018aaeb3) slt     t4, s5, s8
core   0: 3 0x80002074 (0x018aaeb3) x29 0x00000001
core   0: 0x80002078 (0x03f74d33) div     s10, a4, t6
core   0: 3 0x80002078 (0x03f74d33) x26 0xffffffff
core   0: 0x8000207c (0x03b75eb3) divu    t4, a4, s11
core   0: 3 0x8000207c (0x03b75eb3) x29 0x00000000
core   0: 0x80002080 (0x4015ddb3) sra     s11, a1, ra
core   0: 3 0x80002080 (0x4015ddb3) x27 0x6dfa85c0
core   0: 0x80002084 (0x030ae6b3) rem     a3, s5, a6
core   0: 3 0x80002084 (0x030ae6b3) x13 0x00000000
core   0: 0x80002088 (0x016e11b3) sll     gp, t3, s6
core   0: 3 0x80002088 (0x016e11b3) x 3 0x00000002
core   0: 0x8000208c (0x00001214) c.addi4spn a3, sp, 288
core   0: 3 0x8000208c (0x1214) x13 0xfff81d1b
core   0: 0x8000208e (0x00001614) c.addi4spn a3, sp, 800
core   0: 3 0x8000208e (0x1614) x13 0xfff81f1b
core   0: 0x80002090 (0x005db3b3) sltu    t2, s11, t0
core   0: 3 0x80002090 (0x005db3b3) x 7 0x00000000
core   0: 0x80002094 (0x000006e6) c.slli  a3, 25
core   0: 3 0x80002094 (0x06e6) x13 0x36000000
core   0: 0x80002096 (0xa1446613) ori     a2, s0, -1516
core   0: 3 0x80002096 (0xa1446613) x12 0xfffffa36
core   0: 0x8000209a (0x03db6733) rem     a4, s6, t4
core   0: 3 0x8000209a (0x03db6733) x14 0x80013cc0
core   0: 0x8000209e (0x029ce433) rem     s0, s9, s1
core   0: 3 0x8000209e (0x029ce433) x 8 0x00000000
core   0: 0x800020a2 (0x409e81b3) sub     gp, t4, s1
core   0: 3 0x800020a2 (0x409e81b3) x 3 0x7fff019c
core   0: 0x800020a6 (0x00009bbe) c.add   s7, a5
core   0: 3 0x800020a6 (0x9bbe) x23 0x00000000
core   0: 0x800020a8 (0x002a76b3) and     a3, s4, sp
core   0: 3 0x800020a8 (0x002a76b3) x13 0x00080831
core   0: 0x800020ac (0x005ea633) slt     a2, t4, t0
core   0: 3 0x800020ac (0x005ea633) x12 0x00000000
core   0: 0x800020b0 (0x009575b3) and     a1, a0, s1
core   0: 3 0x800020b0 (0x009575b3) x11 0x80000040
core   0: 0x800020b4 (0x41098eb3) sub     t4, s3, a6
core   0: 3 0x800020b4 (0x41098eb3) x29 0x7ffec31d
core   0: 0x800020b8 (0x00008416) c.mv    s0, t0
core   0: 3 0x800020b8 (0x8416) x 8 0x00000000
core   0: 0x800020ba (0xf1962b13) slti    s6, a2, -231
core   0: 3 0x800020ba (0xf1962b13) x22 0x00000000
core   0: 0x800020be (0x037fb633) mulhu   a2, t6, s7
core   0: 3 0x800020be (0x037fb633) x12 0x00000000
core   0: 0x800020c2 (0x00119793) slli    a5, gp, 1
core   0: 3 0x800020c2 (0x00119793) x15 0xfffe0338
core   0: 0x800020c6 (0x02eac8b3) div     a7, s5, a4
core   0: 3 0x800020c6 (0x02eac8b3) x17 0x00000000
core   0: 0x800020ca (0x03845db3) divu    s11, s0, s8
core   0: 3 0x800020ca (0x03845db3) x27 0x00000000
core   0: 0x800020ce (0x00008db1) c.xor   a1, a2
core   0: 3 0x800020ce (0x8db1) x11 0x80000040
core   0: 0x800020d0 (0x02d34b33) div     s6, t1, a3
core   0: 3 0x800020d0 (0x02d34b33) x22 0x00000000
core   0: 0x800020d4 (0x02befe33) remu    t3, t4, a1
core   0: 3 0x800020d4 (0x02befe33) x28 0x7ffec31d
core   0: 0x800020d8 (0x41b6d913) srai    s2, a3, 27
core   0: 3 0x800020d8 (0x41b6d913) x18 0x00000000
core   0: 0x800020dc (0x029b3eb3) mulhu   t4, s6, s1
core   0: 3 0x800020dc (0x029b3eb3) x29 0x00000000
core   0: 0x800020e0 (0x02eabd33) mulhu   s10, s5, a4
core   0: 3 0x800020e0 (0x02eabd33) x26 0x00000000
core   0: 0x800020e4 (0x00006109) c.addi16sp sp, 128
core   0: 3 0x800020e4 (0x6109) x 2 0xfff81c7b
core   0: 0x800020e6 (0x00006e4d) c.lui   t3, 0x13
core   0: 3 0x800020e6 (0x6e4d) x28 0x00013000
core   0: 0x800020e8 (0x00008e86) c.mv    t4, ra
core   0: 3 0x800020e8 (0x8e86) x29 0x0000c000
core   0: 0x800020ea (0x40025a13) srai    s4, tp, 0
core   0: 3 0x800020ea (0x40025a13) x20 0x8000fe64
core   0: 0x800020ee (0x01787ab3) and     s5, a6, s7
core   0: 3 0x800020ee (0x01787ab3) x21 0x00000000
core   0: 0x800020f2 (0xbff90e13) addi    t3, s2, -1025
core   0: 3 0x800020f2 (0xbff90e13) x28 0xfffffbff
core   0: 0x800020f6 (0x00d13133) sltu    sp, sp, a3
core   0: 3 0x800020f6 (0x00d13133) x 2 0x00000000
core   0: 0x800020fa (0x01c35b93) srli    s7, t1, 28
core   0: 3 0x800020fa (0x01c35b93) x23 0x0000000f
core   0: 0x800020fe (0x410bd7b3) sra     a5, s7, a6
core   0: 3 0x800020fe (0x410bd7b3) x15 0x00000000
core   0: 0x80002102 (0x00008c31) c.xor   s0, a2
core   0: 3 0x80002102 (0x8c31) x 8 0x00000000
core   0: 0x80002104 (0x00008c61) c.and   s0, s0
core   0: 3 0x80002104 (0x8c61) x 8 0x00000000
core   0: 0x80002106 (0x00008fd9) c.or    a5, a4
core   0: 3 0x80002106 (0x8fd9) x15 0x80013cc0
core   0: 0x80002108 (0x000082b1) c.srli  a3, 12
core   0: 3 0x80002108 (0x82b1) x13 0x00000080
core   0: 0x8000210a (0x00935c13) srli    s8, t1, 9
core   0: 3 0x8000210a (0x00935c13) x24 0x007fffff
core   0: 0x8000210e (0x00000962) c.slli  s2, 24
core   0: 3 0x8000210e (0x0962) x18 0x00000000
core   0: 0x80002110 (0x00d2d1b3) srl     gp, t0, a3
core   0: 3 0x80002110 (0x00d2d1b3) x 3 0x00000000
core   0: 0x80002114 (0x00000d1a) c.slli  s10, 6
core   0: 3 0x80002114 (0x0d1a) x26 0x00000000
core   0: 0x80002116 (0x00008c31) c.xor   s0, a2
core   0: 3 0x80002116 (0x8c31) x 8 0x00000000
core   0: 0x80002118 (0x1917f193) andi    gp, a5, 401
core   0: 3 0x80002118 (0x1917f193) x 3 0x00000080
core   0: 0x8000211c (0x403bdeb3) sra     t4, s7, gp
core   0: 3 0x8000211c (0x403bdeb3) x29 0x0000000f
core   0: 0x80002120 (0xe6ce7993) andi    s3, t3, -404
core   0: 3 0x80002120 (0xe6ce7993) x19 0xfffffa6c
core   0: 0x80002124 (0x00000001) c.nop
core   0: 3 0x80002124 (0x0001)
core   0: 0x80002126 (0x8370b993) sltiu   s3, ra, -1993
core   0: 3 0x80002126 (0x8370b993) x19 0x00000001
core   0: 0x8000212a (0x02fc6fb3) rem     t6, s8, a5
core   0: 3 0x8000212a (0x02fc6fb3) x31 0x007fffff
core   0: 0x8000212e (0x0000147d) c.addi  s0, -1
core   0: 3 0x8000212e (0x147d) x 8 0xffffffff
core   0: 0x80002130 (0x00bbb0b3) sltu    ra, s7, a1
core   0: 3 0x80002130 (0x00bbb0b3) x 1 0x00000001
core   0: 0x80002134 (0x41556e13) ori     t3, a0, 1045
core   0: 3 0x80002134 (0x41556e13) x28 0x920005d5
core   0: 0x80002138 (0x000048ed) c.li    a7, 27
core   0: 3 0x80002138 (0x48ed) x17 0x0000001b
core   0: 0x8000213a (0x00008f49) c.or    a4, a0
core   0: 3 0x8000213a (0x8f49) x14 0x92013dc0
core   0: 0x8000213c (0x00bf3033) sltu    zero, t5, a1
core   0: 3 0x8000213c (0x00bf3033)
core   0: 0x80002140 (0x000003e6) c.slli  t2, 25
core   0: 3 0x80002140 (0x03e6) x 7 0x00000000
core   0: 0x80002142 (0x03870f33) mul     t5, a4, s8
core   0: 3 0x80002142 (0x03870f33) x30 0x4dfec240
core   0: 0x80002146 (0x00008c01) c.sub   s0, s0
core   0: 3 0x80002146 (0x8c01) x 8 0x00000000
core   0: 0x80002148 (0xb99c0413) addi    s0, s8, -1127
core   0: 3 0x80002148 (0xb99c0413) x 8 0x007ffb98
core   0: 0x8000214c (0x405b5933) sra     s2, s6, t0
core   0: 3 0x8000214c (0x405b5933) x18 0x00000000
core   0: 0x80002150 (0x00000001) c.nop
core   0: 3 0x80002150 (0x0001)
core   0: 0x80002152 (0x0000821d) c.srli  a2, 7
core   0: 3 0x80002152 (0x821d) x12 0x00000000
core   0: 0x80002154 (0x0132fc33) and     s8, t0, s3
core   0: 3 0x80002154 (0x0132fc33) x24 0x00000000
core   0: 0x80002158 (0x00008f65) c.and   a4, s1
core   0: 3 0x80002158 (0x8f65) x14 0x80003c40
core   0: 0x8000215a (0x0192e0b3) or      ra, t0, s9
core   0: 3 0x8000215a (0x0192e0b3) x 1 0x00000000
core   0: 0x8000215e (0x037a8eb3) mul     t4, s5, s7
core   0: 3 0x8000215e (0x037a8eb3) x29 0x00000000
core   0: 0x80002162 (0x00006129) c.addi16sp sp, 192
core   0: 3 0x80002162 (0x6129) x 2 0x000000c0
core   0: 0x80002164 (0x0338e233) rem     tp, a7, s3
core   0: 3 0x80002164 (0x0338e233) x 4 0x00000000
core   0: 0x80002168 (0x000057fd) c.li    a5, -1
core   0: 3 0x80002168 (0x57fd) x15 0xffffffff
core   0: 0x8000216a (0x00199f13) slli    t5, s3, 1
core   0: 3 0x8000216a (0x00199f13) x30 0x00000002
core   0: 0x8000216e (0xbd127913) andi    s2, tp, -1071
core   0: 3 0x8000216e (0xbd127913) x18 0x00000000
core   0: 0x80002172 (0x0295fa33) remu    s4, a1, s1
core   0: 3 0x80002172 (0x0295fa33) x20 0x80000040
core   0: 0x80002176 (0x000081d9) c.srli  a1, 22
core   0: 3 0x80002176 (0x81d9) x11 0x00000200
core   0: 0x80002178 (0x03fd66b3) rem     a3, s10, t6
core   0: 3 0x80002178 (0x03fd66b3) x13 0x00000000
core   0: 0x8000217c (0x00008d66) c.mv    s10, s9
core   0: 3 0x8000217c (0x8d66) x26 0x00000000
core   0: 0x8000217e (0x018d1f33) sll     t5, s10, s8
core   0: 3 0x8000217e (0x018d1f33) x30 0x00000000
core   0: 0x80002182 (0x40b08d33) sub     s10, ra, a1
core   0: 3 0x80002182 (0x40b08d33) x26 0xfffffe00
core   0: 0x80002186 (0x0176cf33) xor     t5, a3, s7
core   0: 3 0x80002186 (0x0176cf33) x30 0x0000000f
core   0: 0x8000218a (0x026f3033) mulhu   zero, t5, t1
core   0: 3 0x8000218a (0x026f3033)
core   0: 0x8000218e (0xf5cb7237) lui     tp, 0xf5cb7
core   0: 3 0x8000218e (0xf5cb7237) x 4 0xf5cb7000
core   0: 0x80002192 (0x00001a00) c.addi4spn s0, sp, 304
core   0: 3 0x80002192 (0x1a00) x 8 0x000001f0
core   0: 0x80002194 (0x00000001) c.nop
core   0: 3 0x80002194 (0x0001)
core   0: 0x80002196 (0x01009933) sll     s2, ra, a6
core   0: 3 0x80002196 (0x01009933) x18 0x00000000
core   0: 0x8000219a (0x40dfd413) srai    s0, t6, 13
core   0: 3 0x8000219a (0x40dfd413) x 8 0x000003ff
core   0: 0x8000219e (0x00008e59) c.or    a2, a4
core   0: 3 0x8000219e (0x8e59) x12 0x80003c40
core   0: 0x800021a0 (0x0f7d8717) auipc   a4, 0xf7d8
core   0: 3 0x800021a0 (0x0f7d8717) x14 0x8f7da1a0
core   0: 0x800021a4 (0x00000aea) c.slli  s5, 26
core   0: 3 0x800021a4 (0x0aea) x21 0x00000000
core   0: 0x800021a6 (0x00008d61) c.and   a0, s0
core   0: 3 0x800021a6 (0x8d61) x10 0x000001c0
core   0: 0x800021a8 (0x00fbdeb3) srl     t4, s7, a5
core   0: 3 0x800021a8 (0x00fbdeb3) x29 0x00000000
core   0: 0x800021ac (0x03576333) rem     t1, a4, s5
core   0: 3 0x800021ac (0x03576333) x 6 0x8f7da1a0
core   0: 0x800021b0 (0x40565413) srai    s0, a2, 5
core   0: 3 0x800021b0 (0x40565413) x 8 0xfc0001e2
core   0: 0x800021b4 (0x00000e56) c.slli  t3, 21
core   0: 3 0x800021b4 (0x0e56) x28 0xbaa00000
core   0: 0x800021b6 (0x01d7c6b3) xor     a3, a5, t4
core   0: 3 0x800021b6 (0x01d7c6b3) x13 0xffffffff
core   0: 0x800021ba (0x010cd6b3) srl     a3, s9, a6
core   0: 3 0x800021ba (0x010cd6b3) x13 0x00000000
core   0: 0x800021be (0x839819b7) lui     s3, 0x83981
core   0: 3 0x800021be (0x839819b7) x19 0x83981000
core   0: 0x800021c2 (0x00008dc1) c.or    a1, s0
core   0: 3 0x800021c2 (0x8dc1) x11 0xfc0003e2
core   0: 0x800021c4 (0x0252ef33) rem     t5, t0, t0
core   0: 3 0x800021c4 (0x0252ef33) x30 0x00000000
core   0: 0x800021c8 (0x00006155) c.addi16sp sp, 304
core   0: 3 0x800021c8 (0x6155) x 2 0x000001f0
core   0: 0x800021ca (0x02b5f7b3) remu    a5, a1, a1
core   0: 3 0x800021ca (0x02b5f7b3) x15 0x00000000
core   0: 0x800021ce (0x01e88633) add     a2, a7, t5
core   0: 3 0x800021ce (0x01e88633) x12 0x0000001b
core   0: 0x800021d2 (0x0112fa33) and     s4, t0, a7
core   0: 3 0x800021d2 (0x0112fa33) x20 0x00000000
core   0: 0x800021d6 (0x0000832d) c.srli  a4, 11
core   0: 3 0x800021d6 (0x832d) x14 0x0011efb4
core   0: 0x800021d8 (0x007056b3) srl     a3, zero, t2
core   0: 3 0x800021d8 (0x007056b3) x13 0x00000000
core   0: 0x800021dc (0xde36b113) sltiu   sp, a3, -541
core   0: 3 0x800021dc (0xde36b113) x 2 0x00000001
core   0: 0x800021e0 (0x018161b3) or      gp, sp, s8
core   0: 3 0x800021e0 (0x018161b3) x 3 0x00000001
core   0: 0x800021e4 (0x41ad53b3) sra     t2, s10, s10
core   0: 3 0x800021e4 (0x41ad53b3) x 7 0xfffffe00
core   0: 0x800021e8 (0x037ee733) rem     a4, t4, s7
core   0: 3 0x800021e8 (0x037ee733) x14 0x00000000
core   0: 0x800021ec (0x0238db33) divu    s6, a7, gp
core   0: 3 0x800021ec (0x0238db33) x22 0x0000001b
core   0: 0x800021f0 (0x00008de5) c.and   a1, s1
core   0: 3 0x800021f0 (0x8de5) x11 0x80000260
core   0: 0x800021f2 (0x00008db1) c.xor   a1, a2
core   0: 3 0x800021f2 (0x8db1) x11 0x8000027b
core   0: 0x800021f4 (0x39087513) andi    a0, a6, 912
core   0: 3 0x800021f4 (0x39087513) x10 0x00000080
core   0: 0x800021f8 (0x2cbc6b93) ori     s7, s8, 715
core   0: 3 0x800021f8 (0x2cbc6b93) x23 0x000002cb
core   0: 0x800021fc (0x40d1d213) srai    tp, gp, 13
core   0: 3 0x800021fc (0x40d1d213) x 4 0x00000000
core   0: 0x80002200 (0x00006165) c.addi16sp sp, 112
core   0: 3 0x80002200 (0x6165) x 2 0x00000071
core   0: 0x80002202 (0x531a0a93) addi    s5, s4, 1329
core   0: 3 0x80002202 (0x531a0a93) x21 0x00000531
core   0: 0x80002206 (0x015873b3) and     t2, a6, s5
core   0: 3 0x80002206 (0x015873b3) x 7 0x00000420
core   0: 0x8000220a (0xc263f737) lui     a4, 0xc263f
core   0: 3 0x8000220a (0xc263f737) x14 0xc263f000
core   0: 0x8000220e (0x01aca0b3) slt     ra, s9, s10
core   0: 3 0x8000220e (0x01aca0b3) x 1 0x00000000
core   0: 0x80002212 (0x004329b3) slt     s3, t1, tp
core   0: 3 0x80002212 (0x004329b3) x19 0x00000001
core   0: 0x80002216 (0x01489293) slli    t0, a7, 20
core   0: 3 0x80002216 (0x01489293) x 5 0x01b00000
core   0: 0x8000221a (0x016e9fb3) sll     t6, t4, s6
core   0: 3 0x8000221a (0x016e9fb3) x31 0x00000000
core   0: 0x8000221e (0x00008579) c.srai  a0, 30
core   0: 3 0x8000221e (0x8579) x10 0x00000000
core   0: 0x80002220 (0x000087e2) c.mv    a5, s8
core   0: 3 0x80002220 (0x87e2) x15 0x00000000
core   0: 0x80002222 (0x40108eb3) sub     t4, ra, ra
core   0: 3 0x80002222 (0x40108eb3) x29 0x00000000
core   0: 0x80002226 (0x00006119) c.addi16sp sp, 384
core   0: 3 0x80002226 (0x6119) x 2 0x000001f1
core   0: 0x80002228 (0x00004a0d) c.li    s4, 3
core   0: 3 0x80002228 (0x4a0d) x20 0x00000003
core   0: 0x8000222a (0x00000456) c.slli  s0, 21
core   0: 3 0x8000222a (0x0456) x 8 0x3c400000
core   0: 0x8000222c (0x02f04d33) div     s10, zero, a5
core   0: 3 0x8000222c (0x02f04d33) x26 0xffffffff
core   0: 0x80002230 (0x0000832e) c.mv    t1, a1
core   0: 3 0x80002230 (0x832e) x 6 0x8000027b
core   0: 0x80002232 (0x017987b3) add     a5, s3, s7
core   0: 3 0x80002232 (0x017987b3) x15 0x000002cc
core   0: 0x80002236 (0x00008df1) c.and   a1, a2
core   0: 3 0x80002236 (0x8df1) x11 0x0000001b
core   0: 0x80002238 (0x028933b3) mulhu   t2, s2, s0
core   0: 3 0x80002238 (0x028933b3) x 7 0x00000000
core   0: 0x8000223c (0x01b968b3) or      a7, s2, s11
core   0: 3 0x8000223c (0x01b968b3) x17 0x00000000
core   0: 0x80002240 (0x00008c61) c.and   s0, s0
core   0: 3 0x80002240 (0x8c61) x 8 0x3c400000
core   0: 0x80002242 (0x000099fd) c.andi  a1, -1
core   0: 3 0x80002242 (0x99fd) x11 0x0000001b
core   0: 0x80002244 (0x01060b33) add     s6, a2, a6
core   0: 3 0x80002244 (0x01060b33) x22 0x80013cff
core   0: 0x80002248 (0x03a732b3) mulhu   t0, a4, s10
core   0: 3 0x80002248 (0x03a732b3) x 5 0xc263efff
core   0: 0x8000224c (0x02938937) lui     s2, 0x2938
core   0: 3 0x8000224c (0x02938937) x18 0x02938000
core   0: 0x80002250 (0x3892b913) sltiu   s2, t0, 905
core   0: 3 0x80002250 (0x3892b913) x18 0x00000000
core   0: 0x80002254 (0x0000992a) c.add   s2, a0
core   0: 3 0x80002254 (0x992a) x18 0x00000000
core   0: 0x80002256 (0x1f5d4c13) xori    s8, s10, 501
core   0: 3 0x80002256 (0x1f5d4c13) x24 0xfffffe0a
core   0: 0x8000225a (0x010e5113) srli    sp, t3, 16
core   0: 3 0x8000225a (0x010e5113) x 2 0x0000baa0
core   0: 0x8000225e (0x00135033) srl     zero, t1, ra
core   0: 3 0x8000225e (0x00135033)
core   0: 0x80002262 (0x03ad7033) remu    zero, s10, s10
core   0: 3 0x80002262 (0x03ad7033)
core   0: 0x80002266 (0x0000987d) c.andi  s0, -1
core   0: 3 0x80002266 (0x987d) x 8 0x3c400000
core   0: 0x80002268 (0xeb0da693) slti    a3, s11, -336
core   0: 3 0x80002268 (0xeb0da693) x13 0x00000000
core   0: 0x8000226c (0x41eed413) srai    s0, t4, 30
core   0: 3 0x8000226c (0x41eed413) x 8 0x00000000
core   0: 0x80002270 (0xd769e313) ori     t1, s3, -650
core   0: 3 0x80002270 (0xd769e313) x 6 0xfffffd77
core   0: 0x80002274 (0x024be0b3) rem     ra, s7, tp
core   0: 3 0x80002274 (0x024be0b3) x 1 0x000002cb
core   0: 0x80002278 (0x00009afd) c.andi  a3, -1
core   0: 3 0x80002278 (0x9afd) x13 0x00000000
core   0: 0x8000227a (0x01a5dc13) srli    s8, a1, 26
core   0: 3 0x8000227a (0x01a5dc13) x24 0x00000000
core   0: 0x8000227e (0x00008e75) c.and   a2, a3
core   0: 3 0x8000227e (0x8e75) x12 0x00000000
core   0: 0x80002280 (0x00401433) sll     s0, zero, tp
core   0: 3 0x80002280 (0x00401433) x 8 0x00000000
core   0: 0x80002284 (0xd71a8f93) addi    t6, s5, -655
core   0: 3 0x80002284 (0xd71a8f93) x31 0x000002a2
core   0: 0x80002288 (0x403b5733) sra     a4, s6, gp
core   0: 3 0x80002288 (0x403b5733) x14 0xc0009e7f
core   0: 0x8000228c (0x01121633) sll     a2, tp, a7
core   0: 3 0x8000228c (0x01121633) x12 0x00000000
core   0: 0x80002290 (0x0000046d) c.addi  s0, 27
core   0: 3 0x80002290 (0x046d) x 8 0x0000001b
core   0: 0x80002292 (0x01325fb3) srl     t6, tp, s3
core   0: 3 0x80002292 (0x01325fb3) x31 0x00000000
core   0: 0x80002296 (0x0d8a8293) addi    t0, s5, 216
core   0: 3 0x80002296 (0x0d8a8293) x 5 0x00000609
core   0: 0x8000229a (0x03c769b3) rem     s3, a4, t3
core   0: 3 0x8000229a (0x03c769b3) x19 0xc0009e7f
core   0: 0x8000229e (0x0133c333) xor     t1, t2, s3
core   0: 3 0x8000229e (0x0133c333) x 6 0xc0009e7f
core   0: 0x800022a2 (0x65eba113) slti    sp, s7, 1630
core   0: 3 0x800022a2 (0x65eba113) x 2 0x00000001
core   0: 0x800022a6 (0x00e5d933) srl     s2, a1, a4
core   0: 3 0x800022a6 (0x00e5d933) x18 0x00000000
core   0: 0x800022aa (0x00008f81) c.sub   a5, s0
core   0: 3 0x800022aa (0x8f81) x15 0x000002b1
core   0: 0x800022ac (0x71694513) xori    a0, s2, 1814
core   0: 3 0x800022ac (0x71694513) x10 0x00000716
core   0: 0x800022b0 (0x00008df9) c.and   a1, a4
core   0: 3 0x800022b0 (0x8df9) x11 0x0000001b
core   0: 0x800022b2 (0x01953433) sltu    s0, a0, s9
core   0: 3 0x800022b2 (0x01953433) x 8 0x00000000
core   0: 0x800022b6 (0x019fd413) srli    s0, t6, 25
core   0: 3 0x800022b6 (0x019fd413) x 8 0x00000000
core   0: 0x800022ba (0x00000001) c.nop
core   0: 3 0x800022ba (0x0001)
core   0: 0x800022bc (0x00d18533) add     a0, gp, a3
core   0: 3 0x800022bc (0x00d18533) x10 0x00000001
core   0: 0x800022c0 (0x000085b9) c.srai  a1, 14
core   0: 3 0x800022c0 (0x85b9) x11 0x00000000
core   0: 0x800022c2 (0xe49bc013) xori    zero, s7, -439
core   0: 3 0x800022c2 (0xe49bc013)
core   0: 0x800022c6 (0x00659b13) slli    s6, a1, 6
core   0: 3 0x800022c6 (0x00659b13) x22 0x00000000
core   0: 0x800022ca (0x002d5e93) srli    t4, s10, 2
core   0: 3 0x800022ca (0x002d5e93) x29 0x3fffffff
core   0: 0x800022ce (0x00000161) c.addi  sp, 24
core   0: 3 0x800022ce (0x0161) x 2 0x00000019
core   0: 0x800022d0 (0x00008f79) c.and   a4, a4
core   0: 3 0x800022d0 (0x8f79) x14 0xc0009e7f
core   0: 0x800022d2 (0x038fefb3) rem     t6, t6, s8
core   0: 3 0x800022d2 (0x038fefb3) x31 0x00000000
core   0: 0x800022d6 (0x034df7b3) remu    a5, s11, s4
core   0: 3 0x800022d6 (0x034df7b3) x15 0x00000000
core   0: 0x800022da (0x40455013) srai    zero, a0, 4
core   0: 3 0x800022da (0x40455013)
core   0: 0x800022de (0x0085d5b3) srl     a1, a1, s0
core   0: 3 0x800022de (0x0085d5b3) x11 0x00000000
core   0: 0x800022e2 (0x25e06b13) ori     s6, zero, 606
core   0: 3 0x800022e2 (0x25e06b13) x22 0x0000025e
core   0: 0x800022e6 (0x00008e65) c.and   a2, s1
core   0: 3 0x800022e6 (0x8e65) x12 0x00000000
core   0: 0x800022e8 (0x00008595) c.srai  a1, 5
core   0: 3 0x800022e8 (0x8595) x11 0x00000000
core   0: 0x800022ea (0x00008e49) c.or    a2, a0
core   0: 3 0x800022ea (0x8e49) x12 0x00000001
core   0: 0x800022ec (0x21248693) addi    a3, s1, 530
core   0: 3 0x800022ec (0x21248693) x13 0x80010076
core   0: 0x800022f0 (0x01a4e5b3) or      a1, s1, s10
core   0: 3 0x800022f0 (0x01a4e5b3) x11 0xffffffff
core   0: 0x800022f4 (0x41e25593) srai    a1, tp, 30
core   0: 3 0x800022f4 (0x41e25593) x11 0x00000000
core   0: 0x800022f8 (0x031aa533) mulhsu  a0, s5, a7
core   0: 3 0x800022f8 (0x031aa533) x10 0x00000000
core   0: 0x800022fc (0x004e5b13) srli    s6, t3, 4
core   0: 3 0x800022fc (0x004e5b13) x22 0x0baa0000
core   0: 0x80002300 (0x00000c4a) c.slli  s8, 18
core   0: 3 0x80002300 (0x0c4a) x24 0x00000000
core   0: 0x80002302 (0x00008c1d) c.sub   s0, a5
core   0: 3 0x80002302 (0x8c1d) x 8 0x00000000
core   0: 0x80002304 (0x03e13c33) mulhu   s8, sp, t5
core   0: 3 0x80002304 (0x03e13c33) x24 0x00000000
core   0: 0x80002308 (0x40e3d433) sra     s0, t2, a4
core   0: 3 0x80002308 (0x40e3d433) x 8 0x00000000
core   0: 0x8000230c (0x005fd8b3) srl     a7, t6, t0
core   0: 3 0x8000230c (0x005fd8b3) x17 0x00000000
core   0: 0x80002310 (0x02168bb3) mul     s7, a3, ra
core   0: 3 0x80002310 (0x02168bb3) x23 0x82cc4992
core   0: 0x80002314 (0x036610b3) mulh    ra, a2, s6
core   0: 3 0x80002314 (0x036610b3) x 1 0x00000000
core   0: 0x80002318 (0x031f2d13) slti    s10, t5, 49
core   0: 3 0x80002318 (0x031f2d13) x26 0x00000001
core   0: 0x8000231c (0x008595b3) sll     a1, a1, s0
core   0: 3 0x8000231c (0x008595b3) x11 0x00000000
core   0: 0x80002320 (0x3d6df913) andi    s2, s11, 982
core   0: 3 0x80002320 (0x3d6df913) x18 0x00000000
core   0: 0x80002324 (0x00b6c7b3) xor     a5, a3, a1
core   0: 3 0x80002324 (0x00b6c7b3) x15 0x80010076
core   0: 0x80002328 (0x00000001) c.nop
core   0: 3 0x80002328 (0x0001)
core   0: 0x8000232a (0x0275cf33) div     t5, a1, t2
core   0: 3 0x8000232a (0x0275cf33) x30 0xffffffff
core   0: 0x8000232e (0x00000001) c.nop
core   0: 3 0x8000232e (0x0001)
core   0: 0x80002330 (0x41c7e113) ori     sp, a5, 1052
core   0: 3 0x80002330 (0x41c7e113) x 2 0x8001047e
core   0: 0x80002334 (0x0122ea33) or      s4, t0, s2
core   0: 3 0x80002334 (0x0122ea33) x20 0x00000609
core   0: 0x80002338 (0x027468b3) rem     a7, s0, t2
core   0: 3 0x80002338 (0x027468b3) x17 0x00000000
core   0: 0x8000233c (0x00008d6d) c.and   a0, a1
core   0: 3 0x8000233c (0x8d6d) x10 0x00000000
core   0: 0x8000233e (0x00d2cc33) xor     s8, t0, a3
core   0: 3 0x8000233e (0x00d2cc33) x24 0x8001067f
core   0: 0x80002342 (0x024348b3) div     a7, t1, tp
core   0: 3 0x80002342 (0x024348b3) x17 0xffffffff
core   0: 0x80002346 (0x0164d333) srl     t1, s1, s6
core   0: 3 0x80002346 (0x0164d333) x 6 0x8000fe64
core   0: 0x8000234a (0x31704293) xori    t0, zero, 791
core   0: 3 0x8000234a (0x31704293) x 5 0x00000317
core   0: 0x8000234e (0x3bb0b793) sltiu   a5, ra, 955
core   0: 3 0x8000234e (0x3bb0b793) x15 0x00000001
core   0: 0x80002352 (0x408a57b3) sra     a5, s4, s0
core   0: 3 0x80002352 (0x408a57b3) x15 0x00000609
core   0: 0x80002356 (0x02cbff33) remu    t5, s7, a2
core   0: 3 0x80002356 (0x02cbff33) x30 0x00000000
core   0: 0x8000235a (0x00000894) c.addi4spn a3, sp, 80
core   0: 3 0x8000235a (0x0894) x13 0x800104ce
core   0: 0x8000235c (0x9934b9b7) lui     s3, 0x9934b
core   0: 3 0x8000235c (0x9934b9b7) x19 0x9934b000
core   0: 0x80002360 (0x414bd893) srai    a7, s7, 20
core   0: 3 0x80002360 (0x414bd893) x17 0xfffff82c
core   0: 0x80002364 (0x02f15db3) divu    s11, sp, a5
core   0: 3 0x80002364 (0x02f15db3) x27 0x001535b0
core   0: 0x80002368 (0x0000479d) c.li    a5, 7
core   0: 3 0x80002368 (0x479d) x15 0x00000007
core   0: 0x8000236a (0x68329db7) lui     s11, 0x68329
core   0: 3 0x8000236a (0x68329db7) x27 0x68329000
core   0: 0x8000236e (0x01781eb3) sll     t4, a6, s7
core   0: 3 0x8000236e (0x01781eb3) x29 0xf3900000
core   0: 0x80002372 (0x01ca5693) srli    a3, s4, 28
core   0: 3 0x80002372 (0x01ca5693) x13 0x00000000
core   0: 0x80002376 (0x86148e13) addi    t3, s1, -1951
core   0: 3 0x80002376 (0x86148e13) x28 0x8000f6c5
core   0: 0x8000237a (0x01762db3) slt     s11, a2, s7
core   0: 3 0x8000237a (0x01762db3) x27 0x00000000
core   0: 0x8000237e (0x00008dad) c.xor   a1, a1
core   0: 3 0x8000237e (0x8dad) x11 0x00000000
core   0: 0x80002380 (0x031387b3) mul     a5, t2, a7
core   0: 3 0x80002380 (0x031387b3) x15 0x00000000
core   0: 0x80002384 (0x00008fe1) c.and   a5, s0
core   0: 3 0x80002384 (0x8fe1) x15 0x00000000
core   0: 0x80002386 (0x916cc913) xori    s2, s9, -1770
core   0: 3 0x80002386 (0x916cc913) x18 0xfffff916
core   0: 0x8000238a (0xaed72793) slti    a5, a4, -1299
core   0: 3 0x8000238a (0xaed72793) x15 0x00000001
core   0: 0x8000238e (0x91cf4d93) xori    s11, t5, -1764
core   0: 3 0x8000238e (0x91cf4d93) x27 0xfffff91c
core   0: 0x80002392 (0x0000622d) c.lui   tp, 0xb
core   0: 3 0x80002392 (0x622d) x 4 0x0000b000
core   0: 0x80002394 (0xd782bb93) sltiu   s7, t0, -648
core   0: 3 0x80002394 (0xd782bb93) x23 0x00000001
core   0: 0x80002398 (0x00008c4d) c.or    s0, a1
core   0: 3 0x80002398 (0x8c4d) x 8 0x00000000
core   0: 0x8000239a (0x034c12b3) mulh    t0, s8, s4
core   0: 3 0x8000239a (0x034c12b3) x 5 0xfffffcfb
core   0: 0x8000239e (0x000068b9) c.lui   a7, 0xe
core   0: 3 0x8000239e (0x68b9) x17 0x0000e000
core   0: 0x800023a0 (0x005f5f33) srl     t5, t5, t0
core   0: 3 0x800023a0 (0x005f5f33) x30 0x00000000
core   0: 0x800023a4 (0x0000717d) c.addi16sp sp, -16
core   0: 3 0x800023a4 (0x717d) x 2 0x8001046e
core   0: 0x800023a6 (0xd98b4893) xori    a7, s6, -616
core   0: 3 0x800023a6 (0xd98b4893) x17 0xf455fd98
core   0: 0x800023aa (0x01a969b3) or      s3, s2, s10
core   0: 3 0x800023aa (0x01a969b3) x19 0xfffff917
core   0: 0x800023ae (0x00000001) c.nop
core   0: 3 0x800023ae (0x0001)
core   0: 0x800023b0 (0x4148d413) srai    s0, a7, 20
core   0: 3 0x800023b0 (0x4148d413) x 8 0xffffff45
core   0: 0x800023b4 (0x00008c1d) c.sub   s0, a5
core   0: 3 0x800023b4 (0x8c1d) x 8 0xffffff44
core   0: 0x800023b6 (0x000058fd) c.li    a7, -1
core   0: 3 0x800023b6 (0x58fd) x17 0xffffffff
core   0: 0x800023b8 (0xfcbe3293) sltiu   t0, t3, -53
core   0: 3 0x800023b8 (0xfcbe3293) x 5 0x00000001
core   0: 0x800023bc (0xc54bb893) sltiu   a7, s7, -940
core   0: 3 0x800023bc (0xc54bb893) x17 0x00000001
core   0: 0x800023c0 (0xc55d8013) addi    zero, s11, -939
core   0: 3 0x800023c0 (0xc55d8013)
core   0: 0x800023c4 (0x03f59db3) mulh    s11, a1, t6
core   0: 3 0x800023c4 (0x03f59db3) x27 0x00000000
core   0: 0x800023c8 (0x0125de93) srli    t4, a1, 18
core   0: 3 0x800023c8 (0x0125de93) x29 0x00000000
core   0: 0x800023cc (0x02b9bf33) mulhu   t5, s3, a1
core   0: 3 0x800023cc (0x02b9bf33) x30 0x00000000
core   0: 0x800023d0 (0x03214eb3) div     t4, sp, s2
core   0: 3 0x800023d0 (0x03214eb3) x29 0x0012832d
core   0: 0x800023d4 (0x000081d5) c.srli  a1, 21
core   0: 3 0x800023d4 (0x81d5) x11 0x00000000
core   0: 0x800023d6 (0x00000001) c.nop
core   0: 3 0x800023d6 (0x0001)
core   0: 0x800023d8 (0xd8fbde97) auipc   t4, 0xd8fbd
core   0: 3 0x800023d8 (0xd8fbde97) x29 0x58fbf3d8
core   0: 0x800023dc (0x0000921a) c.add   tp, t1
core   0: 3 0x800023dc (0x921a) x 4 0x8001ae64
core   0: 0x800023de (0x00008b31) c.andi  a4, 12
core   0: 3 0x800023de (0x8b31) x14 0x0000000c
core   0: 0x800023e0 (0x039cbf33) mulhu   t5, s9, s9
core   0: 3 0x800023e0 (0x039cbf33) x30 0x00000000
core   0: 0x800023e4 (0x01ca9393) slli    t2, s5, 28
core   0: 3 0x800023e4 (0x01ca9393) x 7 0x10000000
core   0: 0x800023e8 (0x02518333) mul     t1, gp, t0
core   0: 3 0x800023e8 (0x02518333) x 6 0x00000001
core   0: 0x800023ec (0x01a69193) slli    gp, a3, 26
core   0: 3 0x800023ec (0x01a69193) x 3 0x00000000
core   0: 0x800023f0 (0x0217cc33) div     s8, a5, ra
core   0: 3 0x800023f0 (0x0217cc33) x24 0xffffffff
core   0: 0x800023f4 (0x532f0913) addi    s2, t5, 1330
core   0: 3 0x800023f4 (0x532f0913) x18 0x00000532
core   0: 0x800023f8 (0x006f8233) add     tp, t6, t1
core   0: 3 0x800023f8 (0x006f8233) x 4 0x00000001
core   0: 0x800023fc (0x0000040a) c.slli  s0, 2
core   0: 3 0x800023fc (0x040a) x 8 0xfffffd10
core   0: 0x800023fe (0x00008ded) c.and   a1, a1
core   0: 3 0x800023fe (0x8ded) x11 0x00000000
core   0: 0x80002400 (0x00681513) slli    a0, a6, 6
core   0: 3 0x80002400 (0x00681513) x10 0x004f3900
core   0: 0x80002404 (0xafbf8293) addi    t0, t6, -1285
core   0: 3 0x80002404 (0xafbf8293) x 5 0xfffffafb
core   0: 0x80002408 (0x03766733) rem     a4, a2, s7
core   0: 3 0x80002408 (0x03766733) x14 0x00000000
core   0: 0x8000240c (0x994c0693) addi    a3, s8, -1644
core   0: 3 0x8000240c (0x994c0693) x13 0xfffff993
core   0: 0x80002410 (0x000008e5) c.addi  a7, 25
core   0: 3 0x80002410 (0x08e5) x17 0x0000001a
core   0: 0x80002412 (0x00008f69) c.and   a4, a0
core   0: 3 0x80002412 (0x8f69) x14 0x00000000
core   0: 0x80002414 (0x0000167d) c.addi  a2, -1
core   0: 3 0x80002414 (0x167d) x12 0x00000000
core   0: 0x80002416 (0xd7511117) auipc   sp, 0xd7511
core   0: 3 0x80002416 (0xd7511117) x 2 0x57513416
core   0: 0x8000241a (0x00000098) c.addi4spn a4, sp, 64
core   0: 3 0x8000241a (0x0098) x14 0x57513456
core   0: 0x8000241c (0x0191af33) slt     t5, gp, s9
core   0: 3 0x8000241c (0x0191af33) x30 0x00000000
core   0: 0x80002420 (0x00d71933) sll     s2, a4, a3
core   0: 3 0x80002420 (0x00d71933) x18 0xa2b00000
core   0: 0x80002424 (0x036d60b3) rem     ra, s10, s6
core   0: 3 0x80002424 (0x036d60b3) x 1 0x00000001
core   0: 0x80002428 (0x00004979) c.li    s2, 30
core   0: 3 0x80002428 (0x4979) x18 0x0000001e
core   0: 0x8000242a (0x01af1533) sll     a0, t5, s10
core   0: 3 0x8000242a (0x01af1533) x10 0x00000000
core   0: 0x8000242e (0x018188b3) add     a7, gp, s8
core   0: 3 0x8000242e (0x018188b3) x17 0xffffffff
core   0: 0x80002432 (0x02b94eb3) div     t4, s2, a1
core   0: 3 0x80002432 (0x02b94eb3) x29 0xffffffff
core   0: 0x80002436 (0x02c6e133) rem     sp, a3, a2
core   0: 3 0x80002436 (0x02c6e133) x 2 0xfffff993
core   0: 0x8000243a (0x034b3f33) mulhu   t5, s6, s4
core   0: 3 0x8000243a (0x034b3f33) x30 0x00000046
core   0: 0x8000243e (0x00008d21) c.xor   a0, s0
core   0: 3 0x8000243e (0x8d21) x10 0xfffffd10
core   0: 0x80002440 (0x00008749) c.srai  a4, 18
core   0: 3 0x80002440 (0x8749) x14 0x000015d4
core   0: 0x80002442 (0x8b767a93) andi    s5, a2, -1865
core   0: 3 0x80002442 (0x8b767a93) x21 0x00000000
core   0: 0x80002446 (0x00008fc1) c.or    a5, s0
core   0: 3 0x80002446 (0x8fc1) x15 0xfffffd11
core   0: 0x80002448 (0x00a7ff33) and     t5, a5, a0
core   0: 3 0x80002448 (0x00a7ff33) x30 0xfffffd10
core   0: 0x8000244c (0x40ca87b3) sub     a5, s5, a2
core   0: 3 0x8000244c (0x40ca87b3) x15 0x00000000
core   0: 0x80002450 (0x036730b3) mulhu   ra, a4, s6
core   0: 3 0x80002450 (0x036730b3) x 1 0x000000fe
core   0: 0x80002454 (0xbd7de793) ori     a5, s11, -1065
core   0: 3 0x80002454 (0xbd7de793) x15 0xfffffbd7
core   0: 0x80002458 (0x00008ecd) c.or    a3, a1
core   0: 3 0x80002458 (0x8ecd) x13 0xfffff993
core   0: 0x8000245a (0x01902f33) slt     t5, zero, s9
core   0: 3 0x8000245a (0x01902f33) x30 0x00000000
core   0: 0x8000245e (0x000066a9) c.lui   a3, 0xa
core   0: 3 0x8000245e (0x66a9) x13 0x0000a000
core   0: 0x80002460 (0x00008e0e) c.mv    t3, gp
core   0: 3 0x80002460 (0x8e0e) x28 0x00000000
core   0: 0x80002462 (0x02f2f2b3) remu    t0, t0, a5
core   0: 3 0x80002462 (0x02f2f2b3) x 5 0xfffffafb
core   0: 0x80002466 (0x44863a93) sltiu   s5, a2, 1096
core   0: 3 0x80002466 (0x44863a93) x21 0x00000001
core   0: 0x8000246a (0x23af8893) addi    a7, t6, 570
core   0: 3 0x8000246a (0x23af8893) x17 0x0000023a
core   0: 0x8000246e (0x00008f5d) c.or    a4, a5
core   0: 3 0x8000246e (0x8f5d) x14 0xffffffd7
core   0: 0x80002470 (0x40c108b3) sub     a7, sp, a2
core   0: 3 0x80002470 (0x40c108b3) x17 0xfffff993
core   0: 0x80002474 (0x00008fe9) c.and   a5, a0
core   0: 3 0x80002474 (0x8fe9) x15 0xfffff910
core   0: 0x80002476 (0x02dcc8b3) div     a7, s9, a3
core   0: 3 0x80002476 (0x02dcc8b3) x17 0x00000000
core   0: 0x8000247a (0x0178d413) srli    s0, a7, 23
core   0: 3 0x8000247a (0x0178d413) x 8 0x00000000
core   0: 0x8000247e (0x000081f1) c.srli  a1, 28
core   0: 3 0x8000247e (0x81f1) x11 0x00000000
core   0: 0x80002480 (0x00006105) c.addi16sp sp, 32
core   0: 3 0x80002480 (0x6105) x 2 0xfffff9b3
core   0: 0x80002482 (0x00008ed1) c.or    a3, a2
core   0: 3 0x80002482 (0x8ed1) x13 0x0000a000
core   0: 0x80002484 (0x00929533) sll     a0, t0, s1
core   0: 3 0x80002484 (0x00929533) x10 0xffffafb0
core   0: 0x80002488 (0xe61be193) ori     gp, s7, -415
core   0: 3 0x80002488 (0xe61be193) x 3 0xfffffe61
core   0: 0x8000248c (0x00001490) c.addi4spn a2, sp, 608
core   0: 3 0x8000248c (0x1490) x12 0xfffffc13
core   0: 0x8000248e (0x036ec7b3) div     a5, t4, s6
core   0: 3 0x8000248e (0x036ec7b3) x15 0x00000000
core   0: 0x80002492 (0x8242c337) lui     t1, 0x8242c
core   0: 3 0x80002492 (0x8242c337) x 6 0x8242c000
core   0: 0x80002496 (0x00121fb3) sll     t6, tp, ra
core   0: 3 0x80002496 (0x00121fb3) x31 0x40000000
core   0: 0x8000249a (0x0302a1b3) mulhsu  gp, t0, a6
core   0: 3 0x8000249a (0x0302a1b3) x 3 0xfffffd7d
core   0: 0x8000249e (0x00009a7d) c.andi  a2, -1
core   0: 3 0x8000249e (0x9a7d) x12 0xfffffc13
core   0: 0x800024a0 (0x8fd6ee93) ori     t4, a3, -1795
core   0: 3 0x800024a0 (0x8fd6ee93) x29 0xfffff8fd
core   0: 0x800024a4 (0x09ae0c13) addi    s8, t3, 154
core   0: 3 0x800024a4 (0x09ae0c13) x24 0x0000009a
core   0: 0x800024a8 (0x000085d1) c.srai  a1, 20
core   0: 3 0x800024a8 (0x85d1) x11 0x00000000
core   0: 0x800024aa (0x02ff6633) rem     a2, t5, a5
core   0: 3 0x800024aa (0x02ff6633) x12 0x00000000
core   0: 0x800024ae (0x03810633) mul     a2, sp, s8
core   0: 3 0x800024ae (0x03810633) x12 0xfffc35ae
core   0: 0x800024b2 (0x02a20233) mul     tp, tp, a0
core   0: 3 0x800024b2 (0x02a20233) x 4 0xffffafb0
core   0: 0x800024b6 (0x00000001) c.nop
core   0: 3 0x800024b6 (0x0001)
core   0: 0x800024b8 (0x016472b3) and     t0, s0, s6
core   0: 3 0x800024b8 (0x016472b3) x 5 0x00000000
core   0: 0x800024bc (0x01ae0db3) add     s11, t3, s10
core   0: 3 0x800024bc (0x01ae0db3) x27 0x00000001
core   0: 0x800024c0 (0x146af213) andi    tp, s5, 326
core   0: 3 0x800024c0 (0x146af213) x 4 0x00000000
core   0: 0x800024c4 (0x0273c733) div     a4, t2, t2
core   0: 3 0x800024c4 (0x0273c733) x14 0x00000001
core   0: 0x800024c8 (0x9ee47213) andi    tp, s0, -1554
core   0: 3 0x800024c8 (0x9ee47213) x 4 0x00000000
core   0: 0x800024cc (0x00008c71) c.and   s0, a2
core   0: 3 0x800024cc (0x8c71) x 8 0x00000000
core   0: 0x800024ce (0x00008e09) c.sub   a2, a0
core   0: 3 0x800024ce (0x8e09) x12 0xfffc85fe
core   0: 0x800024d0 (0x01d986b3) add     a3, s3, t4
core   0: 3 0x800024d0 (0x01d986b3) x13 0xfffff214
core   0: 0x800024d4 (0x01d158b3) srl     a7, sp, t4
core   0: 3 0x800024d4 (0x01d158b3) x17 0x00000007
core   0: 0x800024d8 (0x0000411d) c.li    sp, 7
core   0: 3 0x800024d8 (0x411d) x 2 0x00000007
core   0: 0x800024da (0x00006909) c.lui   s2, 0x2
core   0: 3 0x800024da (0x6909) x18 0x00002000
core   0: 0x800024dc (0x00008f49) c.or    a4, a0
core   0: 3 0x800024dc (0x8f49) x14 0xffffafb1
core   0: 0x800024de (0x00008412) c.mv    s0, tp
core   0: 3 0x800024de (0x8412) x 8 0x00000000
core   0: 0x800024e0 (0x00008e29) c.xor   a2, a0
core   0: 3 0x800024e0 (0x8e29) x12 0x00032a4e
core   0: 0x800024e2 (0x02654633) div     a2, a0, t1
core   0: 3 0x800024e2 (0x02654633) x12 0x00000000
core   0: 0x800024e6 (0x00008db5) c.xor   a1, a3
core   0: 3 0x800024e6 (0x8db5) x11 0xfffff214
core   0: 0x800024e8 (0x40e2db13) srai    s6, t0, 14
core   0: 3 0x800024e8 (0x40e2db13) x22 0x00000000
core   0: 0x800024ec (0x006d2733) slt     a4, s10, t1
core   0: 3 0x800024ec (0x006d2733) x14 0x00000000
core   0: 0x800024f0 (0xa3833193) sltiu   gp, t1, -1480
core   0: 3 0x800024f0 (0xa3833193) x 3 0x00000001
core   0: 0x800024f4 (0x00cf7d33) and     s10, t5, a2
core   0: 3 0x800024f4 (0x00cf7d33) x26 0x00000000
core   0: 0x800024f8 (0x00000596) c.slli  a1, 5
core   0: 3 0x800024f8 (0x0596) x11 0xfffe4280
core   0: 0x800024fa (0x8509a337) lui     t1, 0x8509a
core   0: 3 0x800024fa (0x8509a337) x 6 0x8509a000
core   0: 0x800024fe (0x0108ce33) xor     t3, a7, a6
core   0: 3 0x800024fe (0x0108ce33) x28 0x80013ce3
core   0: 0x80002502 (0x00009b7d) c.andi  a4, -1
core   0: 3 0x80002502 (0x9b7d) x14 0x00000000
core   0: 0x80002504 (0x03886fb3) rem     t6, a6, s8
core   0: 3 0x80002504 (0x03886fb3) x31 0xffffffdc
core   0: 0x80002508 (0x00000a06) c.slli  s4, 1
core   0: 3 0x80002508 (0x0a06) x20 0x00000c12
core   0: 0x8000250a (0x025587b3) mul     a5, a1, t0
core   0: 3 0x8000250a (0x025587b3) x15 0x00000000
core   0: 0x8000250e (0x02d28f33) mul     t5, t0, a3
core   0: 3 0x8000250e (0x02d28f33) x30 0x00000000
core   0: 0x80002512 (0x00c4cfb3) xor     t6, s1, a2
core   0: 3 0x80002512 (0x00c4cfb3) x31 0x8000fe64
core   0: 0x80002516 (0x028c3c33) mulhu   s8, s8, s0
core   0: 3 0x80002516 (0x028c3c33) x24 0x00000000
core   0: 0x8000251a (0x029b05b3) mul     a1, s6, s1
core   0: 3 0x8000251a (0x029b05b3) x11 0x00000000
core   0: 0x8000251e (0x01d098b3) sll     a7, ra, t4
core   0: 3 0x8000251e (0x01d098b3) x17 0xc0000000
core   0: 0x80002522 (0x014beb33) or      s6, s7, s4
core   0: 3 0x80002522 (0x014beb33) x22 0x00000c13
core   0: 0x80002526 (0xe86e6e93) ori     t4, t3, -378
core   0: 3 0x80002526 (0xe86e6e93) x29 0xfffffee7
core   0: 0x8000252a (0x015b73b3) and     t2, s6, s5
core   0: 3 0x8000252a (0x015b73b3) x 7 0x00000001
core   0: 0x8000252e (0x00008d15) c.sub   a0, a3
core   0: 3 0x8000252e (0x8d15) x10 0xffffbd9c
core   0: 0x80002530 (0x00008f89) c.sub   a5, a0
core   0: 3 0x80002530 (0x8f89) x15 0x00004264
core   0: 0x80002532 (0x0000009d) c.addi  ra, 7
core   0: 3 0x80002532 (0x009d) x 1 0x00000105
core   0: 0x80002534 (0x00e11f13) slli    t5, sp, 14
core   0: 3 0x80002534 (0x00e11f13) x30 0x0001c000
core   0: 0x80002538 (0x00afd713) srli    a4, t6, 10
core   0: 3 0x80002538 (0x00afd713) x14 0x0020003f
core   0: 0x8000253c (0x025f41b3) div     gp, t5, t0
core   0: 3 0x8000253c (0x025f41b3) x 3 0xffffffff
core   0: 0x80002540 (0x4142d533) sra     a0, t0, s4
core   0: 3 0x80002540 (0x4142d533) x10 0x00000000
core   0: 0x80002544 (0x03e14733) div     a4, sp, t5
core   0: 3 0x80002544 (0x03e14733) x14 0x00000000
core   0: 0x80002548 (0x60f72537) lui     a0, 0x60f72
core   0: 3 0x80002548 (0x60f72537) x10 0x60f72000
core   0: 0x8000254c (0x0000875d) c.srai  a4, 23
core   0: 3 0x8000254c (0x875d) x14 0x00000000
core   0: 0x8000254e (0x01672933) slt     s2, a4, s6
core   0: 3 0x8000254e (0x01672933) x18 0x00000001
core   0: 0x80002552 (0x00008d49) c.or    a0, a0
core   0: 3 0x80002552 (0x8d49) x10 0x60f72000
core   0: 0x80002554 (0x00155013) srli    zero, a0, 1
core   0: 3 0x80002554 (0x00155013)
core   0: 0x80002558 (0x0140f9b3) and     s3, ra, s4
core   0: 3 0x80002558 (0x0140f9b3) x19 0x00000000
core   0: 0x8000255c (0x00000001) c.nop
core   0: 3 0x8000255c (0x0001)
core   0: 0x8000255e (0xe8b8a0b7) lui     ra, 0xe8b8a
core   0: 3 0x8000255e (0xe8b8a0b7) x 1 0xe8b8a000
core   0: 0x80002562 (0x8611c513) xori    a0, gp, -1951
core   0: 3 0x80002562 (0x8611c513) x10 0x0000079e
core   0: 0x80002566 (0x00000898) c.addi4spn a4, sp, 80
core   0: 3 0x80002566 (0x0898) x14 0x00000057
core   0: 0x80002568 (0x00008dad) c.xor   a1, a1
core   0: 3 0x80002568 (0x8dad) x11 0x00000000
core   0: 0x8000256a (0x00008f85) c.sub   a5, s1
core   0: 3 0x8000256a (0x8f85) x15 0x7fff4400
core   0: 0x8000256c (0x00008de6) c.mv    s11, s9
core   0: 3 0x8000256c (0x8de6) x27 0x00000000
core   0: 0x8000256e (0x00008a46) c.mv    s4, a7
core   0: 3 0x8000256e (0x8a46) x20 0xc0000000
core   0: 0x80002570 (0x00008695) c.srai  a3, 5
core   0: 3 0x80002570 (0x8695) x13 0xffffff90
core   0: 0x80002572 (0x00006bdd) c.lui   s7, 0x17
core   0: 3 0x80002572 (0x6bdd) x23 0x00017000
core   0: 0x80002574 (0x000043c1) c.li    t2, 16
core   0: 3 0x80002574 (0x43c1) x 7 0x00000010
core   0: 0x80002576 (0x00f54a33) xor     s4, a0, a5
core   0: 3 0x80002576 (0x00f54a33) x20 0x7fff439e
core   0: 0x8000257a (0x00000001) c.nop
core   0: 3 0x8000257a (0x0001)
core   0: 0x8000257c (0x0315c7b3) div     a5, a1, a7
core   0: 3 0x8000257c (0x0315c7b3) x15 0x00000000
core   0: 0x80002580 (0x00000001) c.nop
core   0: 3 0x80002580 (0x0001)
core   0: 0x80002582 (0x0116f433) and     s0, a3, a7
core   0: 3 0x80002582 (0x0116f433) x 8 0xc0000000
core   0: 0x80002586 (0x39e0ba13) sltiu   s4, ra, 926
core   0: 3 0x80002586 (0x39e0ba13) x20 0x00000000
core   0: 0x8000258a (0x10cc0d37) lui     s10, 0x10cc0
core   0: 3 0x8000258a (0x10cc0d37) x26 0x10cc0000
core   0: 0x8000258e (0x01e6a9b3) slt     s3, a3, t5
core   0: 3 0x8000258e (0x01e6a9b3) x19 0x00000001
core   0: 0x80002592 (0x789c13b7) lui     t2, 0x789c1
core   0: 3 0x80002592 (0x789c13b7) x 7 0x789c1000
core   0: 0x80002596 (0xad42f3b7) lui     t2, 0xad42f
core   0: 3 0x80002596 (0xad42f3b7) x 7 0xad42f000
core   0: 0x8000259a (0x41c803b3) sub     t2, a6, t3
core   0: 3 0x8000259a (0x41c803b3) x 7 0x00000001
core   0: 0x8000259e (0x01108b33) add     s6, ra, a7
core   0: 3 0x8000259e (0x01108b33) x22 0xa8b8a000
core   0: 0x800025a2 (0x02605633) divu    a2, zero, t1
core   0: 3 0x800025a2 (0x02605633) x12 0x00000000
core   0: 0x800025a6 (0x01bd21b3) slt     gp, s10, s11
core   0: 3 0x800025a6 (0x01bd21b3) x 3 0x00000000
core   0: 0x800025aa (0xa15795b7) lui     a1, 0xa1579
core   0: 3 0x800025aa (0xa15795b7) x11 0xa1579000
core   0: 0x800025ae (0x40b8de13) srai    t3, a7, 11
core   0: 3 0x800025ae (0x40b8de13) x28 0xfff80000
core   0: 0x800025b2 (0x00006899) c.lui   a7, 0x6
core   0: 3 0x800025b2 (0x6899) x17 0x00006000
core   0: 0x800025b4 (0x000092ca) c.add   t0, s2
core   0: 3 0x800025b4 (0x92ca) x 5 0x00000001
core   0: 0x800025b6 (0x003ecdb3) xor     s11, t4, gp
core   0: 3 0x800025b6 (0x003ecdb3) x27 0xfffffee7
core   0: 0x800025ba (0x029a3fb3) mulhu   t6, s4, s1
core   0: 3 0x800025ba (0x029a3fb3) x31 0x00000000
core   0: 0x800025be (0x01c6cf33) xor     t5, a3, t3
core   0: 3 0x800025be (0x01c6cf33) x30 0x0007ff90
core   0: 0x800025c2 (0x00000001) c.nop
core   0: 3 0x800025c2 (0x0001)
core   0: 0x800025c4 (0x00008c71) c.and   s0, a2
core   0: 3 0x800025c4 (0x8c71) x 8 0x00000000
core   0: 0x800025c6 (0xa2978613) addi    a2, a5, -1495
core   0: 3 0x800025c6 (0xa2978613) x12 0xfffffa29
core   0: 0x800025ca (0xcdd58293) addi    t0, a1, -803
core   0: 3 0x800025ca (0xcdd58293) x 5 0xa1578cdd
core   0: 0x800025ce (0x405a0db3) sub     s11, s4, t0
core   0: 3 0x800025ce (0x405a0db3) x27 0x5ea87323
core   0: 0x800025d2 (0x412c59b3) sra     s3, s8, s2
core   0: 3 0x800025d2 (0x412c59b3) x19 0x00000000
core   0: 0x800025d6 (0x00000779) c.addi  a4, 30
core   0: 3 0x800025d6 (0x0779) x14 0x00000075
core   0: 0x800025d8 (0x002eda13) srli    s4, t4, 2
core   0: 3 0x800025d8 (0x002eda13) x20 0x3fffffb9
core   0: 0x800025dc (0x0000717d) c.addi16sp sp, -16
core   0: 3 0x800025dc (0x717d) x 2 0xfffffff7
core   0: 0x800025de (0x002ab333) sltu    t1, s5, sp
core   0: 3 0x800025de (0x002ab333) x 6 0x00000001
core   0: 0x800025e2 (0x00008af5) c.andi  a3, 29
core   0: 3 0x800025e2 (0x8af5) x13 0x00000010
core   0: 0x800025e4 (0x400bd013) srai    zero, s7, 0
core   0: 3 0x800025e4 (0x400bd013)
core   0: 0x800025e8 (0x000b1333) sll     t1, s6, zero
core   0: 3 0x800025e8 (0x000b1333) x 6 0xa8b8a000
core   0: 0x800025ec (0x5b10b793) sltiu   a5, ra, 1457
core   0: 3 0x800025ec (0x5b10b793) x15 0x00000000
core   0: 0x800025f0 (0x892ef213) andi    tp, t4, -1902
core   0: 3 0x800025f0 (0x892ef213) x 4 0xfffff882
core   0: 0x800025f4 (0x00000656) c.slli  a2, 21
core   0: 3 0x800025f4 (0x0656) x12 0x45200000
core   0: 0x800025f6 (0x00c4c6b3) xor     a3, s1, a2
core   0: 3 0x800025f6 (0x00c4c6b3) x13 0xc520fe64
core   0: 0x800025fa (0x00008119) c.srli  a0, 6
core   0: 3 0x800025fa (0x8119) x10 0x0000001e
core   0: 0x800025fc (0x00006211) c.lui   tp, 0x4
core   0: 3 0x800025fc (0x6211) x 4 0x00004000
core   0: 0x800025fe (0x0000854a) c.mv    a0, s2
core   0: 3 0x800025fe (0x854a) x10 0x00000001
core   0: 0x80002600 (0x01352533) slt     a0, a0, s3
core   0: 3 0x80002600 (0x01352533) x10 0x00000000
core   0: 0x80002604 (0x41978db3) sub     s11, a5, s9
core   0: 3 0x80002604 (0x41978db3) x27 0x00000000
core   0: 0x80002608 (0x015caab3) slt     s5, s9, s5
core   0: 3 0x80002608 (0x015caab3) x21 0x00000001
core   0: 0x8000260c (0x01a34a33) xor     s4, t1, s10
core   0: 3 0x8000260c (0x01a34a33) x20 0xb874a000
core   0: 0x80002610 (0x4138dc13) srai    s8, a7, 19
core   0: 3 0x80002610 (0x4138dc13) x24 0x00000000
core   0: 0x80002614 (0x1318bd13) sltiu   s10, a7, 305
core   0: 3 0x80002614 (0x1318bd13) x26 0x00000000
core   0: 0x80002618 (0x01f168b3) or      a7, sp, t6
core   0: 3 0x80002618 (0x01f168b3) x17 0xfffffff7
core   0: 0x8000261c (0x00008629) c.srai  a2, 10
core   0: 3 0x8000261c (0x8629) x12 0x00114800
core   0: 0x8000261e (0x0000820d) c.srli  a2, 3
core   0: 3 0x8000261e (0x820d) x12 0x00022900
core   0: 0x80002620 (0x402c5093) srai    ra, s8, 2
core   0: 3 0x80002620 (0x402c5093) x 1 0x00000000
core   0: 0x80002624 (0x0040c933) xor     s2, ra, tp
core   0: 3 0x80002624 (0x0040c933) x18 0x00004000
core   0: 0x80002628 (0x03ced8b3) divu    a7, t4, t3
core   0: 3 0x80002628 (0x03ced8b3) x17 0x00000001
core   0: 0x8000262c (0x0142d013) srli    zero, t0, 20
core   0: 3 0x8000262c (0x0142d013)
core   0: 0x80002630 (0x02b2df33) divu    t5, t0, a1
core   0: 3 0x80002630 (0x02b2df33) x30 0x00000000
core   0: 0x80002634 (0x000086a1) c.srai  a3, 8
core   0: 3 0x80002634 (0x86a1) x13 0xffc520fe
core   0: 0x80002636 (0x01be88b3) add     a7, t4, s11
core   0: 3 0x80002636 (0x01be88b3) x17 0xfffffee7
core   0: 0x8000263a (0x3e1b2a93) slti    s5, s6, 993
core   0: 3 0x8000263a (0x3e1b2a93) x21 0x00000001
core   0: 0x8000263e (0x010d3a33) sltu    s4, s10, a6
core   0: 3 0x8000263e (0x010d3a33) x20 0x00000001
core   0: 0x80002642 (0x4759b097) auipc   ra, 0x4759b
core   0: 3 0x80002642 (0x4759b097) x 1 0xc759d642
core   0: 0x80002646 (0x00008e0d) c.sub   a2, a1
core   0: 3 0x80002646 (0x8e0d) x12 0x5eaa9900
core   0: 0x80002648 (0xc30ca093) slti    ra, s9, -976
core   0: 3 0x80002648 (0xc30ca093) x 1 0x00000000
core   0: 0x8000264c (0x00739893) slli    a7, t2, 7
core   0: 3 0x8000264c (0x00739893) x17 0x00000080
core   0: 0x80002650 (0x03aa2d33) mulhsu  s10, s4, s10
core   0: 3 0x80002650 (0x03aa2d33) x26 0x00000000
core   0: 0x80002654 (0xc40caa13) slti    s4, s9, -960
core   0: 3 0x80002654 (0xc40caa13) x20 0x00000000
core   0: 0x80002658 (0x021f7533) remu    a0, t5, ra
core   0: 3 0x80002658 (0x021f7533) x10 0x00000000
core   0: 0x8000265c (0x00245713) srli    a4, s0, 2
core   0: 3 0x8000265c (0x00245713) x14 0x00000000
core   0: 0x80002660 (0x011c1db3) sll     s11, s8, a7
core   0: 3 0x80002660 (0x011c1db3) x27 0x00000000
core   0: 0x80002664 (0x01551233) sll     tp, a0, s5
core   0: 3 0x80002664 (0x01551233) x 4 0x00000000
core   0: 0x80002668 (0x00008015) c.srli  s0, 5
core   0: 3 0x80002668 (0x8015) x 8 0x00000000
core   0: 0x8000266a (0xf5286b13) ori     s6, a6, -174
core   0: 3 0x8000266a (0xf5286b13) x22 0xfffffff6
core   0: 0x8000266e (0x03a39eb3) mulh    t4, t2, s10
core   0: 3 0x8000266e (0x03a39eb3) x29 0x00000000
core   0: 0x80002672 (0x00008011) c.srli  s0, 4
core   0: 3 0x80002672 (0x8011) x 8 0x00000000
core   0: 0x80002674 (0x00008151) c.srli  a0, 20
core   0: 3 0x80002674 (0x8151) x10 0x00000000
core   0: 0x80002676 (0x000081d1) c.srli  a1, 20
core   0: 3 0x80002676 (0x81d1) x11 0x00000a15
core   0: 0x80002678 (0x0037d113) srli    sp, a5, 3
core   0: 3 0x80002678 (0x0037d113) x 2 0x00000000
core   0: 0x8000267c (0x026f00b3) mul     ra, t5, t1
core   0: 3 0x8000267c (0x026f00b3) x 1 0x00000000
core   0: 0x80002680 (0x00008e35) c.xor   a2, a3
core   0: 3 0x80002680 (0x8e35) x12 0xa16fb9fe
core   0: 0x80002682 (0x00e51333) sll     t1, a0, a4
core   0: 3 0x80002682 (0x00e51333) x 6 0x00000000
core   0: 0x80002686 (0x96203d13) sltiu   s10, zero, -1694
core   0: 3 0x80002686 (0x96203d13) x26 0x00000001
core   0: 0x8000268a (0x00009622) c.add   a2, s0
core   0: 3 0x8000268a (0x9622) x12 0xa16fb9fe
core   0: 0x8000268c (0x02bb0eb3) mul     t4, s6, a1
core   0: 3 0x8000268c (0x02bb0eb3) x29 0xffff9b2e
core   0: 0x80002690 (0x00001290) c.addi4spn a2, sp, 352
core   0: 3 0x80002690 (0x1290) x12 0x00000160
core   0: 0x80002692 (0x03d88233) mul     tp, a7, t4
core   0: 3 0x80002692 (0x03d88233) x 4 0xffcd9700
core   0: 0x80002696 (0x00008389) c.srli  a5, 2
core   0: 3 0x80002696 (0x8389) x15 0x00000000
core   0: 0x80002698 (0x001a1413) slli    s0, s4, 1
core   0: 3 0x80002698 (0x001a1413) x 8 0x00000000
core   0: 0x8000269c (0xd4dfbdb7) lui     s11, 0xd4dfb
core   0: 3 0x8000269c (0xd4dfbdb7) x27 0xd4dfb000
core   0: 0x800026a0 (0x0000997d) c.andi  a0, -1
core   0: 3 0x800026a0 (0x997d) x10 0x00000000
core   0: 0x800026a2 (0x0000990a) c.add   s2, sp
core   0: 3 0x800026a2 (0x990a) x18 0x00004000
core   0: 0x800026a4 (0x038f66b3) rem     a3, t5, s8
core   0: 3 0x800026a4 (0x038f66b3) x13 0x00000000
core   0: 0x800026a8 (0xd2069617) auipc   a2, 0xd2069
core   0: 3 0x800026a8 (0xd2069617) x12 0x5206b6a8
core   0: 0x800026ac (0x03ac0333) mul     t1, s8, s10
core   0: 3 0x800026ac (0x03ac0333) x 6 0x00000000
core   0: 0x800026b0 (0x01cdf133) and     sp, s11, t3
core   0: 3 0x800026b0 (0x01cdf133) x 2 0xd4d80000
core   0: 0x800026b4 (0x0000047a) c.slli  s0, 30
core   0: 3 0x800026b4 (0x047a) x 8 0x00000000
core   0: 0x800026b6 (0x0000660d) c.lui   a2, 0x3
core   0: 3 0x800026b6 (0x660d) x12 0x00003000
core   0: 0x800026b8 (0x00005c7d) c.li    s8, -1
core   0: 3 0x800026b8 (0x5c7d) x24 0xffffffff
core   0: 0x800026ba (0xa87e0213) addi    tp, t3, -1401
core   0: 3 0x800026ba (0xa87e0213) x 4 0xfff7fa87
core   0: 0x800026be (0x00008069) c.srli  s0, 26
core   0: 3 0x800026be (0x8069) x 8 0x00000000
core   0: 0x800026c0 (0x00000df1) c.addi  s11, 28
core   0: 3 0x800026c0 (0x0df1) x27 0xd4dfb01c
core   0: 0x800026c2 (0x02d3e933) rem     s2, t2, a3
core   0: 3 0x800026c2 (0x02d3e933) x18 0x00000001
core   0: 0x800026c6 (0x03a376b3) remu    a3, t1, s10
core   0: 3 0x800026c6 (0x03a376b3) x13 0x00000000
core   0: 0x800026ca (0x00f19e13) slli    t3, gp, 15
core   0: 3 0x800026ca (0x00f19e13) x28 0x00000000
core   0: 0x800026ce (0x416cdb33) sra     s6, s9, s6
core   0: 3 0x800026ce (0x416cdb33) x22 0x00000000
core   0: 0x800026d2 (0x00009c6e) c.add   s8, s11
core   0: 3 0x800026d2 (0x9c6e) x24 0xd4dfb01b
core   0: 0x800026d4 (0x00d35113) srli    sp, t1, 13
core   0: 3 0x800026d4 (0x00d35113) x 2 0x00000000
core   0: 0x800026d8 (0x41bd0c33) sub     s8, s10, s11
core   0: 3 0x800026d8 (0x41bd0c33) x24 0x2b204fe5
core   0: 0x800026dc (0x00008419) c.srai  s0, 6
core   0: 3 0x800026dc (0x8419) x 8 0x00000000
core   0: 0x800026de (0x41a30db3) sub     s11, t1, s10
core   0: 3 0x800026de (0x41a30db3) x27 0xffffffff
core   0: 0x800026e2 (0x037b4933) div     s2, s6, s7
core   0: 3 0x800026e2 (0x037b4933) x18 0x00000000
core   0: 0x800026e6 (0x03eacfb3) div     t6, s5, t5
core   0: 3 0x800026e6 (0x03eacfb3) x31 0xffffffff
core   0: 0x800026ea (0x000056fd) c.li    a3, -1
core   0: 3 0x800026ea (0x56fd) x13 0xffffffff
core   0: 0x800026ec (0xf0229397) auipc   t2, 0xf0229
core   0: 3 0x800026ec (0xf0229397) x 7 0x7022b6ec
core   0: 0x800026f0 (0x000006b5) c.addi  a3, 13
core   0: 3 0x800026f0 (0x06b5) x13 0x0000000c
core   0: 0x800026f2 (0x01129393) slli    t2, t0, 17
core   0: 3 0x800026f2 (0x01129393) x 7 0x19ba0000
core   0: 0x800026f6 (0x00001efd) c.addi  t4, -1
core   0: 3 0x800026f6 (0x1efd) x29 0xffff9b2d
core   0: 0x800026f8 (0x00000001) c.nop
core   0: 3 0x800026f8 (0x0001)
core   0: 0x800026fa (0x00f0deb3) srl     t4, ra, a5
core   0: 3 0x800026fa (0x00f0deb3) x29 0x00000000
core   0: 0x800026fe (0x03a0f733) remu    a4, ra, s10
core   0: 3 0x800026fe (0x03a0f733) x14 0x00000000
core   0: 0x80002702 (0x000062ed) c.lui   t0, 0x1b
core   0: 3 0x80002702 (0x62ed) x 5 0x0001b000
core   0: 0x80002704 (0x00000001) c.nop
core   0: 3 0x80002704 (0x0001)
core   0: 0x80002706 (0x00000ad5) c.addi  s5, 21
core   0: 3 0x80002706 (0x0ad5) x21 0x00000016
core   0: 0x80002708 (0xe02cb713) sltiu   a4, s9, -510
core   0: 3 0x80002708 (0xe02cb713) x14 0x00000001
core   0: 0x8000270c (0x01dcd793) srli    a5, s9, 29
core   0: 3 0x8000270c (0x01dcd793) x15 0x00000000
core   0: 0x80002710 (0x033a2033) mulhsu  zero, s4, s3
core   0: 3 0x80002710 (0x033a2033)
core   0: 0x80002714 (0x00000001) c.nop
core   0: 3 0x80002714 (0x0001)
core   0: 0x80002716 (0xf7c1ae93) slti    t4, gp, -132
core   0: 3 0x80002716 (0xf7c1ae93) x29 0x00000000
core   0: 0x8000271a (0x000000fe) c.slli  ra, 31
core   0: 3 0x8000271a (0x00fe) x 1 0x00000000
core   0: 0x8000271c (0x00008fc9) c.or    a5, a0
core   0: 3 0x8000271c (0x8fc9) x15 0x00000000
core   0: 0x8000271e (0x0000078c) c.addi4spn a1, sp, 960
core   0: 3 0x8000271e (0x078c) x11 0x000003c0
core   0: 0x80002720 (0x03c4c0b3) div     ra, s1, t3
core   0: 3 0x80002720 (0x03c4c0b3) x 1 0xffffffff
core   0: 0x80002724 (0x0091beb3) sltu    t4, gp, s1
core   0: 3 0x80002724 (0x0091beb3) x29 0x00000001
core   0: 0x80002728 (0x00000994) c.addi4spn a3, sp, 208
core   0: 3 0x80002728 (0x0994) x13 0x000000d0
core   0: 0x8000272a (0x027e89b3) mul     s3, t4, t2
core   0: 3 0x8000272a (0x027e89b3) x19 0x19ba0000
core   0: 0x8000272e (0x02542c33) mulhsu  s8, s0, t0
core   0: 3 0x8000272e (0x02542c33) x24 0x00000000
core   0: 0x80002732 (0x03484c33) div     s8, a6, s4
core   0: 3 0x80002732 (0x03484c33) x24 0xffffffff
core   0: 0x80002736 (0x00000001) c.nop
core   0: 3 0x80002736 (0x0001)
core   0: 0x80002738 (0x0058ee33) or      t3, a7, t0
core   0: 3 0x80002738 (0x0058ee33) x28 0x0001b080
core   0: 0x8000273c (0x02f09ab3) mulh    s5, ra, a5
core   0: 3 0x8000273c (0x02f09ab3) x21 0x00000000
core   0: 0x80002740 (0x6fe1ab13) slti    s6, gp, 1790
core   0: 3 0x80002740 (0x6fe1ab13) x22 0x00000001
core   0: 0x80002744 (0x039a6433) rem     s0, s4, s9
core   0: 3 0x80002744 (0x039a6433) x 8 0x00000000
core   0: 0x80002748 (0x944a4513) xori    a0, s4, -1724
core   0: 3 0x80002748 (0x944a4513) x10 0xfffff944
core   0: 0x8000274c (0x02139eb3) mulh    t4, t2, ra
core   0: 3 0x8000274c (0x02139eb3) x29 0xffffffff
core   0: 0x80002750 (0x01437db3) and     s11, t1, s4
core   0: 3 0x80002750 (0x01437db3) x27 0x00000000
core   0: 0x80002754 (0x02597c33) remu    s8, s2, t0
core   0: 3 0x80002754 (0x02597c33) x24 0x00000000
core   0: 0x80002758 (0x009feb33) or      s6, t6, s1
core   0: 3 0x80002758 (0x009feb33) x22 0xffffffff
core   0: 0x8000275c (0x345c4993) xori    s3, s8, 837
core   0: 3 0x8000275c (0x345c4993) x19 0x00000345
core   0: 0x80002760 (0x033408b3) mul     a7, s0, s3
core   0: 3 0x80002760 (0x033408b3) x17 0x00000000
core   0: 0x80002764 (0x00008d3d) c.xor   a0, a5
core   0: 3 0x80002764 (0x8d3d) x10 0xfffff944
core   0: 0x80002766 (0x020710b3) mulh    ra, a4, zero
core   0: 3 0x80002766 (0x020710b3) x 1 0x00000000
core   0: 0x8000276a (0x426e7693) andi    a3, t3, 1062
core   0: 3 0x8000276a (0x426e7693) x13 0x00000000
core   0: 0x8000276e (0x6685b593) sltiu   a1, a1, 1640
core   0: 3 0x8000276e (0x6685b593) x11 0x00000001
core   0: 0x80002772 (0x00000001) c.nop
core   0: 3 0x80002772 (0x0001)
core   0: 0x80002774 (0x00008129) c.srli  a0, 10
core   0: 3 0x80002774 (0x8129) x10 0x003ffffe
core   0: 0x80002776 (0x0000892e) c.mv    s2, a1
core   0: 3 0x80002776 (0x892e) x18 0x00000001
core   0: 0x80002778 (0x017de433) or      s0, s11, s7
core   0: 3 0x80002778 (0x017de433) x 8 0x00017000
core   0: 0x8000277c (0x004efc33) and     s8, t4, tp
core   0: 3 0x8000277c (0x004efc33) x24 0xfff7fa87
core   0: 0x80002780 (0x800a0613) addi    a2, s4, -2048
core   0: 3 0x80002780 (0x800a0613) x12 0xfffff800
core   0: 0x80002784 (0x017607b3) add     a5, a2, s7
core   0: 3 0x80002784 (0x017607b3) x15 0x00016800
core   0: 0x80002788 (0x00000001) c.nop
core   0: 3 0x80002788 (0x0001)
core   0: 0x8000278a (0x011991b3) sll     gp, s3, a7
core   0: 3 0x8000278a (0x011991b3) x 3 0x00000345
core   0: 0x8000278e (0x00eaec33) or      s8, s5, a4
core   0: 3 0x8000278e (0x00eaec33) x24 0x00000001
core   0: 0x80002792 (0x00004c29) c.li    s8, 10
core   0: 3 0x80002792 (0x4c29) x24 0x0000000a
core   0: 0x80002794 (0xbf134113) xori    sp, t1, -1039
core   0: 3 0x80002794 (0xbf134113) x 2 0xfffffbf1
core   0: 0x80002798 (0x000086c9) c.srai  a3, 18
core   0: 3 0x80002798 (0x86c9) x13 0x00000000
core   0: 0x8000279a (0x02d600b3) mul     ra, a2, a3
core   0: 3 0x8000279a (0x02d600b3) x 1 0x00000000
core   0: 0x8000279e (0x030f0bb3) mul     s7, t5, a6
core   0: 3 0x8000279e (0x030f0bb3) x23 0x00000000
core   0: 0x800027a2 (0x054ff993) andi    s3, t6, 84
core   0: 3 0x800027a2 (0x054ff993) x19 0x00000054
core   0: 0x800027a6 (0xa24b8b13) addi    s6, s7, -1500
core   0: 3 0x800027a6 (0xa24b8b13) x22 0xfffffa24
core   0: 0x800027aa (0xaf803a93) sltiu   s5, zero, -1288
core   0: 3 0x800027aa (0xaf803a93) x21 0x00000001
core   0: 0x800027ae (0x00004ef1) c.li    t4, 28
core   0: 3 0x800027ae (0x4ef1) x29 0x0000001c
core   0: 0x800027b0 (0x276c1397) auipc   t2, 0x276c1
core   0: 3 0x800027b0 (0x276c1397) x 7 0xa76c37b0
core   0: 0x800027b4 (0x4d632337) lui     t1, 0x4d632
core   0: 3 0x800027b4 (0x4d632337) x 6 0x4d632000
core   0: 0x800027b8 (0x0ab62f17) auipc   t5, 0xab62
core   0: 3 0x800027b8 (0x0ab62f17) x30 0x8ab647b8
core   0: 0x800027bc (0xc2b27093) andi    ra, tp, -981
core   0: 3 0x800027bc (0xc2b27093) x 1 0xfff7f803
core   0: 0x800027c0 (0x9bcb7e93) andi    t4, s6, -1604
core   0: 3 0x800027c0 (0x9bcb7e93) x29 0xfffff824
core   0: 0x800027c4 (0x01c16eb3) or      t4, sp, t3
core   0: 3 0x800027c4 (0x01c16eb3) x29 0xfffffbf1
core   0: 0x800027c8 (0x01415fb3) srl     t6, sp, s4
core   0: 3 0x800027c8 (0x01415fb3) x31 0xfffffbf1
core   0: 0x800027cc (0xa98cf893) andi    a7, s9, -1384
core   0: 3 0x800027cc (0xa98cf893) x17 0x00000000
core   0: 0x800027d0 (0x00009bfd) c.andi  a5, -1
core   0: 3 0x800027d0 (0x9bfd) x15 0x00016800
core   0: 0x800027d2 (0x03248ab3) mul     s5, s1, s2
core   0: 3 0x800027d2 (0x03248ab3) x21 0x8000fe64
core   0: 0x800027d6 (0x00008f21) c.xor   a4, s0
core   0: 3 0x800027d6 (0x8f21) x14 0x00017001
core   0: 0x800027d8 (0x000082e5) c.srli  a3, 25
core   0: 3 0x800027d8 (0x82e5) x13 0x00000000
core   0: 0x800027da (0x00006b95) c.lui   s7, 0x5
core   0: 3 0x800027da (0x6b95) x23 0x00005000
core   0: 0x800027dc (0x5d128993) addi    s3, t0, 1489
core   0: 3 0x800027dc (0x5d128993) x19 0x0001b5d1
core   0: 0x800027e0 (0x00008c25) c.xor   s0, s1
core   0: 3 0x800027e0 (0x8c25) x 8 0x80018e64
core   0: 0x800027e2 (0x000006a6) c.slli  a3, 9
core   0: 3 0x800027e2 (0x06a6) x13 0x00000000
core   0: 0x800027e4 (0x2c4d7897) auipc   a7, 0x2c4d7
core   0: 3 0x800027e4 (0x2c4d7897) x17 0xac4d97e4
core   0: 0x800027e8 (0x01229313) slli    t1, t0, 18
core   0: 3 0x800027e8 (0x01229313) x 6 0xc0000000
core   0: 0x800027ec (0x4132d613) srai    a2, t0, 19
core   0: 3 0x800027ec (0x4132d613) x12 0x00000000
core   0: 0x800027f0 (0x00008dc5) c.or    a1, s1
core   0: 3 0x800027f0 (0x8dc5) x11 0x8000fe65
core   0: 0x800027f2 (0x02257e33) remu    t3, a0, sp
core   0: 3 0x800027f2 (0x02257e33) x28 0x003ffffe
core   0: 0x800027f6 (0x01c6da13) srli    s4, a3, 28
core   0: 3 0x800027f6 (0x01c6da13) x20 0x00000000
core   0: 0x800027fa (0x002d6233) or      tp, s10, sp
core   0: 3 0x800027fa (0x002d6233) x 4 0xfffffbf1
core   0: 0x800027fe (0x000012fd) c.addi  t0, -1
core   0: 3 0x800027fe (0x12fd) x 5 0x0001afff
core   0: 0x80002800 (0xb86e7793) andi    a5, t3, -1146
core   0: 3 0x80002800 (0xb86e7793) x15 0x003ffb86
core   0: 0x80002804 (0x00008de5) c.and   a1, s1
core   0: 3 0x80002804 (0x8de5) x11 0x8000fe64
core   0: 0x80002806 (0x40fa5633) sra     a2, s4, a5
core   0: 3 0x80002806 (0x40fa5633) x12 0x00000000
core   0: 0x8000280a (0x01d3abb3) slt     s7, t2, t4
core   0: 3 0x8000280a (0x01d3abb3) x23 0x00000001
core   0: 0x8000280e (0x0000014e) c.slli  sp, 19
core   0: 3 0x8000280e (0x014e) x 2 0xdf880000
core   0: 0x80002810 (0x008ef133) and     sp, t4, s0
core   0: 3 0x80002810 (0x008ef133) x 2 0x80018a60
core   0: 0x80002814 (0x00000a86) c.slli  s5, 1
core   0: 3 0x80002814 (0x0a86) x21 0x0001fcc8
core   0: 0x80002816 (0x03fd22b3) mulhsu  t0, s10, t6
core   0: 3 0x80002816 (0x03fd22b3) x 5 0x00000000
core   0: 0x8000281a (0x00695eb3) srl     t4, s2, t1
core   0: 3 0x8000281a (0x00695eb3) x29 0x00000001
core   0: 0x8000281e (0x0000857d) c.srai  a0, 31
core   0: 3 0x8000281e (0x857d) x10 0x00000000
core   0: 0x80002820 (0x02089033) mulh    zero, a7, zero
core   0: 3 0x80002820 (0x02089033)
core   0: 0x80002824 (0x00000001) c.nop
core   0: 3 0x80002824 (0x0001)
core   0: 0x80002826 (0x21157393) andi    t2, a0, 529
core   0: 3 0x80002826 (0x21157393) x 7 0x00000000
core   0: 0x8000282a (0x0271a8b3) mulhsu  a7, gp, t2
core   0: 3 0x8000282a (0x0271a8b3) x17 0x00000000
core   0: 0x8000282e (0x3c276393) ori     t2, a4, 962
core   0: 3 0x8000282e (0x3c276393) x 7 0x000173c3
core   0: 0x80002832 (0x40fe85b3) sub     a1, t4, a5
core   0: 3 0x80002832 (0x40fe85b3) x11 0xffc0047b
core   0: 0x80002836 (0x00000001) c.nop
core   0: 3 0x80002836 (0x0001)
core   0: 0x80002838 (0x009537b3) sltu    a5, a0, s1
core   0: 3 0x80002838 (0x009537b3) x15 0x00000001
core   0: 0x8000283c (0x0291ac33) mulhsu  s8, gp, s1
core   0: 3 0x8000283c (0x0291ac33) x24 0x000001a2
core   0: 0x80002840 (0x003c1013) slli    zero, s8, 3
core   0: 3 0x80002840 (0x003c1013)
core   0: 0x80002844 (0x00008df5) c.and   a1, a3
core   0: 3 0x80002844 (0x8df5) x11 0x00000000
core   0: 0x80002846 (0xbc1c9917) auipc   s2, 0xbc1c9
core   0: 3 0x80002846 (0xbc1c9917) x18 0x3c1cb846
core   0: 0x8000284a (0x00008789) c.srai  a5, 2
core   0: 3 0x8000284a (0x8789) x15 0x00000000
core   0: 0x8000284c (0x02b65233) divu    tp, a2, a1
core   0: 3 0x8000284c (0x02b65233) x 4 0xffffffff
core   0: 0x80002850 (0xf1410bb7) lui     s7, 0xf1410
core   0: 3 0x80002850 (0xf1410bb7) x23 0xf1410000
core   0: 0x80002854 (0x00fd8233) add     tp, s11, a5
core   0: 3 0x80002854 (0x00fd8233) x 4 0x00000000
core   0: 0x80002858 (0x000015fd) c.addi  a1, -1
core   0: 3 0x80002858 (0x15fd) x11 0xffffffff
core   0: 0x8000285a (0x1b20b893) sltiu   a7, ra, 434
core   0: 3 0x8000285a (0x1b20b893) x17 0x00000000
core   0: 0x8000285e (0x00000294) c.addi4spn a3, sp, 320
core   0: 3 0x8000285e (0x0294) x13 0x80018ba0
core   0: 0x80002860 (0x014563b3) or      t2, a0, s4
core   0: 3 0x80002860 (0x014563b3) x 7 0x00000000
core   0: 0x80002864 (0x00008a85) c.andi  a3, 1
core   0: 3 0x80002864 (0x8a85) x13 0x00000000
core   0: 0x80002866 (0x01c65933) srl     s2, a2, t3
core   0: 3 0x80002866 (0x01c65933) x18 0x00000000
core   0: 0x8000286a (0x00008f2d) c.xor   a4, a1
core   0: 3 0x8000286a (0x8f2d) x14 0xfffe8ffe
core   0: 0x8000286c (0x00001c00) c.addi4spn s0, sp, 560
core   0: 3 0x8000286c (0x1c00) x 8 0x80018c90
core   0: 0x8000286e (0x0000870d) c.srai  a4, 3
core   0: 3 0x8000286e (0x870d) x14 0xffffd1ff
core   0: 0x80002870 (0x023743b3) div     t2, a4, gp
core   0: 3 0x80002870 (0x023743b3) x 7 0xfffffff2
core   0: 0x80002874 (0x00e3cf33) xor     t5, t2, a4
core   0: 3 0x80002874 (0x00e3cf33) x30 0x00002e0d
core   0: 0x80002878 (0x0000717d) c.addi16sp sp, -16
core   0: 3 0x80002878 (0x717d) x 2 0x80018a50
core   0: 0x8000287a (0x01a88e33) add     t3, a7, s10
core   0: 3 0x8000287a (0x01a88e33) x28 0x00000001
core   0: 0x8000287e (0x00008d15) c.sub   a0, a3
core   0: 3 0x8000287e (0x8d15) x10 0x00000000
core   0: 0x80002880 (0x00008a21) c.andi  a2, 8
core   0: 3 0x80002880 (0x8a21) x12 0x00000000
core   0: 0x80002882 (0x006bc933) xor     s2, s7, t1
core   0: 3 0x80002882 (0x006bc933) x18 0x31410000
core   0: 0x80002886 (0x00009a7d) c.andi  a2, -1
core   0: 3 0x80002886 (0x9a7d) x12 0x00000000
core   0: 0x80002888 (0x40310ab3) sub     s5, sp, gp
core   0: 3 0x80002888 (0x40310ab3) x21 0x8001870b
core   0: 0x8000288c (0x6372c993) xori    s3, t0, 1591
core   0: 3 0x8000288c (0x6372c993) x19 0x00000637
core   0: 0x80002890 (0x00006519) c.lui   a0, 0x6
core   0: 3 0x80002890 (0x6519) x10 0x00006000
core   0: 0x80002892 (0x00001b8c) c.addi4spn a1, sp, 496
core   0: 3 0x80002892 (0x1b8c) x11 0x80018c40
core   0: 0x80002894 (0xb7aa8893) addi    a7, s5, -1158
core   0: 3 0x80002894 (0xb7aa8893) x17 0x80018285
core   0: 0x80002898 (0x405503b3) sub     t2, a0, t0
core   0: 3 0x80002898 (0x405503b3) x 7 0x00006000
core   0: 0x8000289c (0x0004d9b3) srl     s3, s1, zero
core   0: 3 0x8000289c (0x0004d9b3) x19 0x8000fe64
core   0: 0x800028a0 (0x0000717d) c.addi16sp sp, -16
core   0: 3 0x800028a0 (0x717d) x 2 0x80018a40
core   0: 0x800028a2 (0x004b72b3) and     t0, s6, tp
core   0: 3 0x800028a2 (0x004b72b3) x 5 0x00000000
core   0: 0x800028a6 (0x000082e5) c.srli  a3, 25
core   0: 3 0x800028a6 (0x82e5) x13 0x00000000
core   0: 0x800028a8 (0x8d89ab93) slti    s7, s3, -1832
core   0: 3 0x800028a8 (0x8d89ab93) x23 0x00000001
core   0: 0x800028ac (0x000066b5) c.lui   a3, 0xd
core   0: 3 0x800028ac (0x66b5) x13 0x0000d000
core   0: 0x800028ae (0x00008d3a) c.mv    s10, a4
core   0: 3 0x800028ae (0x8d3a) x26 0xffffd1ff
core   0: 0x800028b0 (0x00008ffd) c.and   a5, a5
core   0: 3 0x800028b0 (0x8ffd) x15 0x00000000
core   0: 0x800028b2 (0x00009a7d) c.andi  a2, -1
core   0: 3 0x800028b2 (0x9a7d) x12 0x00000000
core   0: 0x800028b4 (0x00008d49) c.or    a0, a0
core   0: 3 0x800028b4 (0x8d49) x10 0x00006000
core   0: 0x800028b6 (0x415edfb7) lui     t6, 0x415ed
core   0: 3 0x800028b6 (0x415edfb7) x31 0x415ed000
core   0: 0x800028ba (0x01401eb3) sll     t4, zero, s4
core   0: 3 0x800028ba (0x01401eb3) x29 0x00000000
core   0: 0x800028be (0x0000717d) c.addi16sp sp, -16
core   0: 3 0x800028be (0x717d) x 2 0x80018a30
core   0: 0x800028c0 (0x000099fd) c.andi  a1, -1
core   0: 3 0x800028c0 (0x99fd) x11 0x80018c40
core   0: 0x800028c2 (0x00008d39) c.xor   a0, a4
core   0: 3 0x800028c2 (0x8d39) x10 0xffffb1ff
core   0: 0x800028c4 (0x00006175) c.addi16sp sp, 368
core   0: 3 0x800028c4 (0x6175) x 2 0x80018ba0
core   0: 0x800028c6 (0x000090d2) c.add   ra, s4
core   0: 3 0x800028c6 (0x90d2) x 1 0xfff7f803
core   0: 0x800028c8 (0x9d22f013) andi    zero, t0, -1582
core   0: 3 0x800028c8 (0x9d22f013)
core   0: 0x800028cc (0x00008de5) c.and   a1, s1
core   0: 3 0x800028cc (0x8de5) x11 0x80008c40
core   0: 0x800028ce (0x0000717d) c.addi16sp sp, -16
core   0: 3 0x800028ce (0x717d) x 2 0x80018b90
core   0: 0x800028d0 (0x03ba8b33) mul     s6, s5, s11
core   0: 3 0x800028d0 (0x03ba8b33) x22 0x00000000
core   0: 0x800028d4 (0x00d95433) srl     s0, s2, a3
core   0: 3 0x800028d4 (0x00d95433) x 8 0x31410000
core   0: 0x800028d8 (0x02d71c33) mulh    s8, a4, a3
core   0: 3 0x800028d8 (0x02d71c33) x24 0xffffffff
core   0: 0x800028dc (0x00008f7d) c.and   a4, a5
core   0: 3 0x800028dc (0x8f7d) x14 0x00000000
core   0: 0x800028de (0x00001398) c.addi4spn a4, sp, 480
core   0: 3 0x800028de (0x1398) x14 0x80018d70
core   0: 0x800028e0 (0x01afcd33) xor     s10, t6, s10
core   0: 3 0x800028e0 (0x01afcd33) x26 0xbea101ff
core   0: 0x800028e4 (0x02183333) mulhu   t1, a6, ra
core   0: 3 0x800028e4 (0x02183333) x 6 0x7ffd38db
core   0: 0x800028e8 (0x011eabb3) slt     s7, t4, a7
core   0: 3 0x800028e8 (0x011eabb3) x23 0x00000000
core   0: 0x800028ec (0x011b9893) slli    a7, s7, 17
core   0: 3 0x800028ec (0x011b9893) x17 0x00000000
core   0: 0x800028f0 (0xdfbbb193) sltiu   gp, s7, -517
core   0: 3 0x800028f0 (0xdfbbb193) x 3 0x00000001
core   0: 0x800028f4 (0x0356b0b3) mulhu   ra, a3, s5
core   0: 3 0x800028f4 (0x0356b0b3) x 1 0x00006801
core   0: 0x800028f8 (0x00dacd33) xor     s10, s5, a3
core   0: 3 0x800028f8 (0x00dacd33) x26 0x8001570b
core   0: 0x800028fc (0x02c042b3) div     t0, zero, a2
core   0: 3 0x800028fc (0x02c042b3) x 5 0xffffffff
core   0: 0x80002900 (0x0197a433) slt     s0, a5, s9
core   0: 3 0x80002900 (0x0197a433) x 8 0x00000000
core   0: 0x80002904 (0x01119293) slli    t0, gp, 17
core   0: 3 0x80002904 (0x01119293) x 5 0x00020000
core   0: 0x80002908 (0x00008c0d) c.sub   s0, a1
core   0: 3 0x80002908 (0x8c0d) x 8 0x7fff73c0
core   0: 0x8000290a (0x00ff7a33) and     s4, t5, a5
core   0: 3 0x8000290a (0x00ff7a33) x20 0x00000000
core   0: 0x8000290e (0x00008e4d) c.or    a2, a1
core   0: 3 0x8000290e (0x8e4d) x12 0x80008c40
core   0: 0x80002910 (0x01708eb3) add     t4, ra, s7
core   0: 3 0x80002910 (0x01708eb3) x29 0x00006801
core   0: 0x80002914 (0x00008772) c.mv    a4, t3
core   0: 3 0x80002914 (0x8772) x14 0x00000001
core   0: 0x80002916 (0x01fb75b3) and     a1, s6, t6
core   0: 3 0x80002916 (0x01fb75b3) x11 0x00000000
core   0: 0x8000291a (0x00006431) c.lui   s0, 0xc
core   0: 3 0x8000291a (0x6431) x 8 0x0000c000
core   0: 0x8000291c (0x013f3bb3) sltu    s7, t5, s3
core   0: 3 0x8000291c (0x013f3bb3) x23 0x00000001
core   0: 0x80002920 (0x00ee5333) srl     t1, t3, a4
core   0: 3 0x80002920 (0x00ee5333) x 6 0x00000000
core   0: 0x80002924 (0x01ade633) or      a2, s11, s10
core   0: 3 0x80002924 (0x01ade633) x12 0x8001570b
core   0: 0x80002928 (0x00000001) c.nop
core   0: 3 0x80002928 (0x0001)
core   0: 0x8000292a (0x8dfac017) auipc   zero, 0x8dfac
core   0: 3 0x8000292a (0x8dfac017)
core   0: 0x8000292e (0x41e1de33) sra     t3, gp, t5
core   0: 3 0x8000292e (0x41e1de33) x28 0x00000000
core   0: 0x80002932 (0x00008c61) c.and   s0, s0
core   0: 3 0x80002932 (0x8c61) x 8 0x0000c000
core   0: 0x80002934 (0x017b1eb3) sll     t4, s6, s7
core   0: 3 0x80002934 (0x017b1eb3) x29 0x00000000
core   0: 0x80002938 (0x00009c36) c.add   s8, a3
core   0: 3 0x80002938 (0x9c36) x24 0x0000cfff
core   0: 0x8000293a (0x000098a2) c.add   a7, s0
core   0: 3 0x8000293a (0x98a2) x17 0x0000c000
core   0: 0x8000293c (0x00006d99) c.lui   s11, 0x6
core   0: 3 0x8000293c (0x6d99) x27 0x00006000
core   0: 0x8000293e (0x00008f1a) c.mv    t5, t1
core   0: 3 0x8000293e (0x8f1a) x30 0x00000000
core   0: 0x80002940 (0x014cdd93) srli    s11, s9, 20
core   0: 3 0x80002940 (0x014cdd93) x27 0x00000000
core   0: 0x80002944 (0x4105df13) srai    t5, a1, 16
core   0: 3 0x80002944 (0x4105df13) x30 0x00000000
core   0: 0x80002948 (0xbba7e013) ori     zero, a5, -1094
core   0: 3 0x80002948 (0xbba7e013)
core   0: 0x8000294c (0x00008e01) c.sub   a2, s0
core   0: 3 0x8000294c (0x8e01) x12 0x8000970b
core   0: 0x8000294e (0x00000e56) c.slli  t3, 21
core   0: 3 0x8000294e (0x0e56) x28 0x00000000
core   0: 0x80002950 (0x02f63c33) mulhu   s8, a2, a5
core   0: 3 0x80002950 (0x02f63c33) x24 0x00000000
core   0: 0x80002954 (0x03583b33) mulhu   s6, a6, s5
core   0: 3 0x80002954 (0x03583b33) x22 0x400161f9
core   0: 0x80002958 (0x00475933) srl     s2, a4, tp
core   0: 3 0x80002958 (0x00475933) x18 0x00000001
core   0: 0x8000295c (0xfd221b17) auipc   s6, 0xfd221
core   0: 3 0x8000295c (0xfd221b17) x22 0x7d22395c
core   0: 0x80002960 (0x01beb933) sltu    s2, t4, s11
core   0: 3 0x80002960 (0x01beb933) x18 0x00000000
core   0: 0x80002964 (0x00c396b3) sll     a3, t2, a2
core   0: 3 0x80002964 (0x00c396b3) x13 0x03000000
core   0: 0x80002968 (0x00008fb5) c.xor   a5, a3
core   0: 3 0x80002968 (0x8fb5) x15 0x03000000
core   0: 0x8000296a (0x41b2dc33) sra     s8, t0, s11
core   0: 3 0x8000296a (0x41b2dc33) x24 0x00020000
core   0: 0x8000296e (0x0000841a) c.mv    s0, t1
core   0: 3 0x8000296e (0x841a) x 8 0x00000000
core   0: 0x80002970 (0x0018a733) slt     a4, a7, ra
core   0: 3 0x80002970 (0x0018a733) x14 0x00000000
core   0: 0x80002974 (0x00deff33) and     t5, t4, a3
core   0: 3 0x80002974 (0x00deff33) x30 0x00000000
core   0: 0x80002978 (0x008f5633) srl     a2, t5, s0
core   0: 3 0x80002978 (0x008f5633) x12 0x00000000
core   0: 0x8000297c (0x41a5d693) srai    a3, a1, 26
core   0: 3 0x8000297c (0x41a5d693) x13 0x00000000
core   0: 0x80002980 (0x41b601b3) sub     gp, a2, s11
core   0: 3 0x80002980 (0x41b601b3) x 3 0x00000000
core   0: 0x80002984 (0x00006919) c.lui   s2, 0x6
core   0: 3 0x80002984 (0x6919) x18 0x00006000
core   0: 0x80002986 (0x4138ddb3) sra     s11, a7, s3
core   0: 3 0x80002986 (0x4138ddb3) x27 0x00000c00
core   0: 0x8000298a (0x00008d35) c.xor   a0, a3
core   0: 3 0x8000298a (0x8d35) x10 0xffffb1ff
core   0: 0x8000298c (0x00591a13) slli    s4, s2, 5
core   0: 3 0x8000298c (0x00591a13) x20 0x000c0000
core   0: 0x80002990 (0x03844233) div     tp, s0, s8
core   0: 3 0x80002990 (0x03844233) x 4 0x00000000
core   0: 0x80002994 (0x03b58ab3) mul     s5, a1, s11
core   0: 3 0x80002994 (0x03b58ab3) x21 0x00000000
core   0: 0x80002998 (0x03df71b3) remu    gp, t5, t4
core   0: 3 0x80002998 (0x03df71b3) x 3 0x00000000
core   0: 0x8000299c (0x039bd0b3) divu    ra, s7, s9
core   0: 3 0x8000299c (0x039bd0b3) x 1 0xffffffff
core   0: 0x800029a0 (0x87e9c337) lui     t1, 0x87e9c
core   0: 3 0x800029a0 (0x87e9c337) x 6 0x87e9c000
core   0: 0x800029a4 (0x019c3bb3) sltu    s7, s8, s9
core   0: 3 0x800029a4 (0x019c3bb3) x23 0x00000000
core   0: 0x800029a8 (0x00669e13) slli    t3, a3, 6
core   0: 3 0x800029a8 (0x00669e13) x28 0x00000000
core   0: 0x800029ac (0x00000a29) c.addi  s4, 10
core   0: 3 0x800029ac (0x0a29) x20 0x000c000a
core   0: 0x800029ae (0x00031d13) slli    s10, t1, 0
core   0: 3 0x800029ae (0x00031d13) x26 0x87e9c000
core   0: 0x800029b2 (0x010d02b3) add     t0, s10, a6
core   0: 3 0x800029b2 (0x010d02b3) x 5 0x07eafce4
core   0: 0x800029b6 (0x41a708b3) sub     a7, a4, s10
core   0: 3 0x800029b6 (0x41a708b3) x17 0x78164000
core   0: 0x800029ba (0x00000001) c.nop
core   0: 3 0x800029ba (0x0001)
core   0: 0x800029bc (0x00000a5a) c.slli  s4, 22
core   0: 3 0x800029bc (0x0a5a) x20 0x02800000
core   0: 0x800029be (0x008d2eb3) slt     t4, s10, s0
core   0: 3 0x800029be (0x008d2eb3) x29 0x00000001
core   0: 0x800029c2 (0x00000001) c.nop
core   0: 3 0x800029c2 (0x0001)
core   0: 0x800029c4 (0x00008c01) c.sub   s0, s0
core   0: 3 0x800029c4 (0x8c01) x 8 0x00000000
core   0: 0x800029c6 (0x00000001) c.nop
core   0: 3 0x800029c6 (0x0001)
core   0: 0x800029c8 (0x011616b3) sll     a3, a2, a7
core   0: 3 0x800029c8 (0x011616b3) x13 0x00000000
core   0: 0x800029cc (0x0000108c) c.addi4spn a1, sp, 96
core   0: 3 0x800029cc (0x108c) x11 0x80018bf0
core   0: 0x800029ce (0x00008eee) c.mv    t4, s11
core   0: 3 0x800029ce (0x8eee) x29 0x00000c00
core   0: 0x800029d0 (0x000007c1) c.addi  a5, 16
core   0: 3 0x800029d0 (0x07c1) x15 0x03000010
core   0: 0x800029d2 (0xa2bccd13) xori    s10, s9, -1493
core   0: 3 0x800029d2 (0xa2bccd13) x26 0xfffffa2b
core   0: 0x800029d6 (0x03a4c9b3) div     s3, s1, s10
core   0: 3 0x800029d6 (0x03a4c9b3) x19 0x0015f274
core   0: 0x800029da (0x000087e9) c.srai  a5, 26
core   0: 3 0x800029da (0x87e9) x15 0x00000000
core   0: 0x800029dc (0x016f0733) add     a4, t5, s6
core   0: 3 0x800029dc (0x016f0733) x14 0x7d22395c
core   0: 0x800029e0 (0xe92f8313) addi    t1, t6, -366
core   0: 3 0x800029e0 (0xe92f8313) x 6 0x415ece92
core   0: 0x800029e4 (0x006ab7b3) sltu    a5, s5, t1
core   0: 3 0x800029e4 (0x006ab7b3) x15 0x00000001
core   0: 0x800029e8 (0x5fe50e13) addi    t3, a0, 1534
core   0: 3 0x800029e8 (0x5fe50e13) x28 0xffffb7fd
core   0: 0x800029ec (0x00008379) c.srli  a4, 30
core   0: 3 0x800029ec (0x8379) x14 0x00000001
core   0: 0x800029ee (0x01b5b1b3) sltu    gp, a1, s11
core   0: 3 0x800029ee (0x01b5b1b3) x 3 0x00000000
core   0: 0x800029f2 (0x974d9337) lui     t1, 0x974d9
core   0: 3 0x800029f2 (0x974d9337) x 6 0x974d9000
core   0: 0x800029f6 (0xfff00093) li      ra, -1
core   0: 3 0x800029f6 (0xfff00093) x 1 0xffffffff
core   0: 0x800029fa (0x80000337) lui     t1, 0x80000
core   0: 3 0x800029fa (0x80000337) x 6 0x80000000
core   0: 0x800029fe (0x18e2d9b7) lui     s3, 0x18e2d
core   0: 3 0x800029fe (0x18e2d9b7) x19 0x18e2d000
core   0: 0x80002a02 (0x46598993) addi    s3, s3, 1125
core   0: 3 0x80002a02 (0x46598993) x19 0x18e2d465
core   0: 0x80002a06 (0xfff00613) li      a2, -1
core   0: 3 0x80002a06 (0xfff00613) x12 0xffffffff
core   0: 0x80002a0a (0x32d333b7) lui     t2, 0x32d33
core   0: 3 0x80002a0a (0x32d333b7) x 7 0x32d33000
core   0: 0x80002a0e (0xdf238393) addi    t2, t2, -526
core   0: 3 0x80002a0e (0xdf238393) x 7 0x32d32df2
core   0: 0x80002a12 (0x36acc5b7) lui     a1, 0x36acc
core   0: 3 0x80002a12 (0x36acc5b7) x11 0x36acc000
core   0: 0x80002a16 (0x60058593) addi    a1, a1, 1536
core   0: 3 0x80002a16 (0x60058593) x11 0x36acc600
core   0: 0x80002a1a (0xef015437) lui     s0, 0xef015
core   0: 3 0x80002a1a (0xef015437) x 8 0xef015000
core   0: 0x80002a1e (0x18340413) addi    s0, s0, 387
core   0: 3 0x80002a1e (0x18340413) x 8 0xef015183
core   0: 0x80002a22 (0xa389ad37) lui     s10, 0xa389a
core   0: 3 0x80002a22 (0xa389ad37) x26 0xa389a000
core   0: 0x80002a26 (0x51bd0d13) addi    s10, s10, 1307
core   0: 3 0x80002a26 (0x51bd0d13) x26 0xa389a51b
core   0: 0x80002a2a (0x00004d81) c.li    s11, 0
core   0: 3 0x80002a2a (0x4d81) x27 0x00000000
core   0: 0x80002a2c (0xfff00913) li      s2, -1
core   0: 3 0x80002a2c (0xfff00913) x18 0xffffffff
core   0: 0x80002a30 (0x02cd50b3) divu    ra, s10, a2
core   0: 3 0x80002a30 (0x02cd50b3) x 1 0x00000000
core   0: 0x80002a34 (0x78181317) auipc   t1, 0x78181
core   0: 3 0x80002a34 (0x78181317) x 6 0xf8183a34
core   0: 0x80002a38 (0x02b42333) mulhsu  t1, s0, a1
core   0: 3 0x80002a38 (0x02b42333) x 6 0xfc5eceef
core   0: 0x80002a3c (0x026de433) rem     s0, s11, t1
core   0: 3 0x80002a3c (0x026de433) x 8 0x00000000
core   0: 0x80002a40 (0x02c450b3) divu    ra, s0, a2
core   0: 3 0x80002a40 (0x02c450b3) x 1 0x00000000
core   0: 0x80002a44 (0x0265cd33) div     s10, a1, t1
core   0: 3 0x80002a44 (0x0265cd33) x26 0xfffffff1
core   0: 0x80002a48 (0x00000001) c.nop
core   0: 3 0x80002a48 (0x0001)
core   0: 0x80002a4a (0x032605b3) mul     a1, a2, s2
core   0: 3 0x80002a4a (0x032605b3) x11 0x00000001
core   0: 0x80002a4e (0x03b990b3) mulh    ra, s3, s11
core   0: 3 0x80002a4e (0x03b990b3) x 1 0x00000000
core   0: 0x80002a52 (0x79667d17) auipc   s10, 0x79667
core   0: 3 0x80002a52 (0x79667d17) x26 0xf9669a52
core   0: 0x80002a56 (0x026355b3) divu    a1, t1, t1
core   0: 3 0x80002a56 (0x026355b3) x11 0x00000001
core   0: 0x80002a5a (0xdf1af0b7) lui     ra, 0xdf1af
core   0: 3 0x80002a5a (0xdf1af0b7) x 1 0xdf1af000
core   0: 0x80002a5e (0x0213b433) mulhu   s0, t2, ra
core   0: 3 0x80002a5e (0x0213b433) x 8 0x2c4b4e1e
core   0: 0x80002a62 (0x02c620b3) mulhsu  ra, a2, a2
core   0: 3 0x80002a62 (0x02c620b3) x 1 0xffffffff
core   0: 0x80002a66 (0x02131933) mulh    s2, t1, ra
core   0: 3 0x80002a66 (0x02131933) x18 0x00000000
core   0: 0x80002a6a (0x9578a097) auipc   ra, 0x9578a
core   0: 3 0x80002a6a (0x9578a097) x 1 0x1578ca6a
core   0: 0x80002a6e (0xf6964d17) auipc   s10, 0xf6964
core   0: 3 0x80002a6e (0xf6964d17) x26 0x76966a6e
core   0: 0x80002a72 (0x02c0e3b3) rem     t2, ra, a2
core   0: 3 0x80002a72 (0x02c0e3b3) x 7 0x00000000
core   0: 0x80002a76 (0x02667333) remu    t1, a2, t1
core   0: 3 0x80002a76 (0x02667333) x 6 0x03a13110
core   0: 0x80002a7a (0x401080b3) sub     ra, ra, ra
core   0: 3 0x80002a7a (0x401080b3) x 1 0x00000000
core   0: 0x80002a7e (0x02165db3) divu    s11, a2, ra
core   0: 3 0x80002a7e (0x02165db3) x27 0xffffffff
core   0: 0x80002a82 (0x33158393) addi    t2, a1, 817
core   0: 3 0x80002a82 (0x33158393) x 7 0x00000332
core   0: 0x80002a86 (0x02831633) mulh    a2, t1, s0
core   0: 3 0x80002a86 (0x02831633) x12 0x00a0c5c3
core   0: 0x80002a8a (0x02160633) mul     a2, a2, ra
core   0: 3 0x80002a8a (0x02160633) x12 0x00000000
core   0: 0x80002a8e (0x01f3a033) slt     zero, t2, t6
core   0: 3 0x80002a8e (0x01f3a033)
core   0: 0x80002a92 (0x00008eed) c.and   a3, a1
core   0: 3 0x80002a92 (0x8eed) x13 0x00000000
core   0: 0x80002a94 (0x00008441) c.srai  s0, 16
core   0: 3 0x80002a94 (0x8441) x 8 0x00002c4b
core   0: 0x80002a96 (0x029aa9b3) mulhsu  s3, s5, s1
core   0: 3 0x80002a96 (0x029aa9b3) x19 0x00000000
core   0: 0x80002a9a (0x02cc7933) remu    s2, s8, a2
core   0: 3 0x80002a9a (0x02cc7933) x18 0x00020000
core   0: 0x80002a9e (0x01fe5f93) srli    t6, t3, 31
core   0: 3 0x80002a9e (0x01fe5f93) x31 0x00000001
core   0: 0x80002aa2 (0xc252bb17) auipc   s6, 0xc252b
core   0: 3 0x80002aa2 (0xc252bb17) x22 0x4252daa2
core   0: 0x80002aa6 (0x00008e12) c.mv    t3, tp
core   0: 3 0x80002aa6 (0x8e12) x28 0x00000000
core   0: 0x80002aa8 (0x010f5f13) srli    t5, t5, 16
core   0: 3 0x80002aa8 (0x010f5f13) x30 0x00000000
core   0: 0x80002aac (0x0390c733) div     a4, ra, s9
core   0: 3 0x80002aac (0x0390c733) x14 0xffffffff
core   0: 0x80002ab0 (0x40aedeb3) sra     t4, t4, a0
core   0: 3 0x80002ab0 (0x40aedeb3) x29 0x00000000
core   0: 0x80002ab4 (0x0147ef33) or      t5, a5, s4
core   0: 3 0x80002ab4 (0x0147ef33) x30 0x02800001
core   0: 0x80002ab8 (0x0000613d) c.addi16sp sp, 480
core   0: 3 0x80002ab8 (0x613d) x 2 0x80018d70
core   0: 0x80002aba (0x00009aea) c.add   s5, s10
core   0: 3 0x80002aba (0x9aea) x21 0x76966a6e
core   0: 0x80002abc (0xb521ce13) xori    t3, gp, -1198
core   0: 3 0x80002abc (0xb521ce13) x28 0xfffffb52
core   0: 0x80002ac0 (0x00000114) c.addi4spn a3, sp, 128
core   0: 3 0x80002ac0 (0x0114) x13 0x80018df0
core   0: 0x80002ac2 (0x011c4eb3) xor     t4, s8, a7
core   0: 3 0x80002ac2 (0x011c4eb3) x29 0x78144000
core   0: 0x80002ac6 (0x01193c33) sltu    s8, s2, a7
core   0: 3 0x80002ac6 (0x01193c33) x24 0x00000001
core   0: 0x80002aca (0x40fad913) srai    s2, s5, 15
core   0: 3 0x80002aca (0x40fad913) x18 0x0000ed2c
core   0: 0x80002ace (0x192d4e93) xori    t4, s10, 402
core   0: 3 0x80002ace (0x192d4e93) x29 0x76966bfc
core   0: 0x80002ad2 (0x41825ab3) sra     s5, tp, s8
core   0: 3 0x80002ad2 (0x41825ab3) x21 0x00000000
core   0: 0x80002ad6 (0x004ad113) srli    sp, s5, 4
core   0: 3 0x80002ad6 (0x004ad113) x 2 0x00000000
core   0: 0x80002ada (0x03c037b3) mulhu   a5, zero, t3
core   0: 3 0x80002ada (0x03c037b3) x15 0x00000000
core   0: 0x80002ade (0x01628e33) add     t3, t0, s6
core   0: 3 0x80002ade (0x01628e33) x28 0x4a3dd786
core   0: 0x80002ae2 (0x00cc6a33) or      s4, s8, a2
core   0: 3 0x80002ae2 (0x00cc6a33) x20 0x00000001
core   0: 0x80002ae6 (0x00000001) c.nop
core   0: 3 0x80002ae6 (0x0001)
core   0: 0x80002ae8 (0x01271233) sll     tp, a4, s2
core   0: 3 0x80002ae8 (0x01271233) x 4 0xfffff000
core   0: 0x80002aec (0x0000149c) c.addi4spn a5, sp, 608
core   0: 3 0x80002aec (0x149c) x15 0x00000260
core   0: 0x80002aee (0x0000717d) c.addi16sp sp, -16
core   0: 3 0x80002aee (0x717d) x 2 0xfffffff0
core   0: 0x80002af0 (0x008a6ab3) or      s5, s4, s0
core   0: 3 0x80002af0 (0x008a6ab3) x21 0x00002c4b
core   0: 0x80002af4 (0x00000d9d) c.addi  s11, 7
core   0: 3 0x80002af4 (0x0d9d) x27 0x00000006
core   0: 0x80002af6 (0x031455b3) divu    a1, s0, a7
core   0: 3 0x80002af6 (0x031455b3) x11 0x00000000
core   0: 0x80002afa (0x00006af1) c.lui   s5, 0x1c
core   0: 3 0x80002afa (0x6af1) x21 0x0001c000
core   0: 0x80002afc (0x01685d33) srl     s10, a6, s6
core   0: 3 0x80002afc (0x01685d33) x26 0x20004f39
core   0: 0x80002b00 (0x00000d98) c.addi4spn a4, sp, 720
core   0: 3 0x80002b00 (0x0d98) x14 0x000002c0
core   0: 0x80002b02 (0x38558d93) addi    s11, a1, 901
core   0: 3 0x80002b02 (0x38558d93) x27 0x00000385
core   0: 0x80002b06 (0x01b82333) slt     t1, a6, s11
core   0: 3 0x80002b06 (0x01b82333) x 6 0x00000001
core   0: 0x80002b0a (0x40e38733) sub     a4, t2, a4
core   0: 3 0x80002b0a (0x40e38733) x14 0x00000072
core   0: 0x80002b0e (0x7edafe93) andi    t4, s5, 2029
core   0: 3 0x80002b0e (0x7edafe93) x29 0x00000000
core   0: 0x80002b12 (0x00006165) c.addi16sp sp, 112
core   0: 3 0x80002b12 (0x6165) x 2 0x00000060
core   0: 0x80002b14 (0x00004369) c.li    t1, 26
core   0: 3 0x80002b14 (0x4369) x 6 0x0000001a
core   0: 0x80002b16 (0x04c732b7) lui     t0, 0x4c73
core   0: 3 0x80002b16 (0x04c732b7) x 5 0x04c73000
core   0: 0x80002b1a (0x00008b71) c.andi  a4, 28
core   0: 3 0x80002b1a (0x8b71) x14 0x00000010
core   0: 0x80002b1c (0x01debe33) sltu    t3, t4, t4
core   0: 3 0x80002b1c (0x01debe33) x28 0x00000000
core   0: 0x80002b20 (0x00000aed) c.addi  s5, 27
core   0: 3 0x80002b20 (0x0aed) x21 0x0001c01b
core   0: 0x80002b22 (0x00006c05) c.lui   s8, 0x1
core   0: 3 0x80002b22 (0x6c05) x24 0x00001000
core   0: 0x80002b24 (0x00008779) c.srai  a4, 30
core   0: 3 0x80002b24 (0x8779) x14 0x00000000
core   0: 0x80002b26 (0x03c90933) mul     s2, s2, t3
core   0: 3 0x80002b26 (0x03c90933) x18 0x00000000
core   0: 0x80002b2a (0x01c45533) srl     a0, s0, t3
core   0: 3 0x80002b2a (0x01c45533) x10 0x00002c4b
core   0: 0x80002b2e (0x00008f6d) c.and   a4, a1
core   0: 3 0x80002b2e (0x8f6d) x14 0x00000000
core   0: 0x80002b30 (0x4183d433) sra     s0, t2, s8
core   0: 3 0x80002b30 (0x4183d433) x 8 0x00000332
core   0: 0x80002b34 (0x00008e8d) c.sub   a3, a1
core   0: 3 0x80002b34 (0x8e8d) x13 0x80018df0
core   0: 0x80002b36 (0x00008fcd) c.or    a5, a1
core   0: 3 0x80002b36 (0x8fcd) x15 0x00000260
core   0: 0x80002b38 (0x00000001) c.nop
core   0: 3 0x80002b38 (0x0001)
core   0: 0x80002b3a (0x00008d2d) c.xor   a0, a1
core   0: 3 0x80002b3a (0x8d2d) x10 0x00002c4b
core   0: 0x80002b3c (0x02581933) mulh    s2, a6, t0
core   0: 3 0x80002b3c (0x02581933) x18 0xfd9c6dea
core   0: 0x80002b40 (0x01a53d33) sltu    s10, a0, s10
core   0: 3 0x80002b40 (0x01a53d33) x26 0x00000001
core   0: 0x80002b44 (0x018a5613) srli    a2, s4, 24
core   0: 3 0x80002b44 (0x018a5613) x12 0x00000000
core   0: 0x80002b48 (0x01b10633) add     a2, sp, s11
core   0: 3 0x80002b48 (0x01b10633) x12 0x000003e5
core   0: 0x80002b4c (0x7cd52213) slti    tp, a0, 1997
core   0: 3 0x80002b4c (0x7cd52213) x 4 0x00000000
core   0: 0x80002b50 (0x40f9d133) sra     sp, s3, a5
core   0: 3 0x80002b50 (0x40f9d133) x 2 0x00000000
core   0: 0x80002b54 (0x000048f1) c.li    a7, 28
core   0: 3 0x80002b54 (0x48f1) x17 0x0000001c
core   0: 0x80002b56 (0x1455ff97) auipc   t6, 0x1455f
core   0: 3 0x80002b56 (0x1455ff97) x31 0x94561b56
core   0: 0x80002b5a (0x03d023b3) mulhsu  t2, zero, t4
core   0: 3 0x80002b5a (0x03d023b3) x 7 0x00000000
core   0: 0x80002b5e (0xa6eb3013) sltiu   zero, s6, -1426
core   0: 3 0x80002b5e (0xa6eb3013)
core   0: 0x80002b62 (0x00e5be33) sltu    t3, a1, a4
core   0: 3 0x80002b62 (0x00e5be33) x28 0x00000000
core   0: 0x80002b66 (0xf1f0a893) slti    a7, ra, -225
core   0: 3 0x80002b66 (0xf1f0a893) x17 0x00000000
core   0: 0x80002b6a (0x20f60093) addi    ra, a2, 527
core   0: 3 0x80002b6a (0x20f60093) x 1 0x000005f4
core   0: 0x80002b6e (0x66306417) auipc   s0, 0x66306
core   0: 3 0x80002b6e (0x66306417) x 8 0xe6308b6e
core   0: 0x80002b72 (0x0000879e) c.mv    a5, t2
core   0: 3 0x80002b72 (0x879e) x15 0x00000000
core   0: 0x80002b74 (0x00c21293) slli    t0, tp, 12
core   0: 3 0x80002b74 (0x00c21293) x 5 0x00000000
core   0: 0x80002b78 (0x6f90f593) andi    a1, ra, 1785
core   0: 3 0x80002b78 (0x6f90f593) x11 0x000004f0
core   0: 0x80002b7c (0x02840fb3) mul     t6, s0, s0
core   0: 3 0x80002b7c (0x02840fb3) x31 0x3d30a344
core   0: 0x80002b80 (0x010a4ab3) xor     s5, s4, a6
core   0: 3 0x80002b80 (0x010a4ab3) x21 0x80013ce5
core   0: 0x80002b84 (0x00eab8b3) sltu    a7, s5, a4
core   0: 3 0x80002b84 (0x00eab8b3) x17 0x00000000
core   0: 0x80002b88 (0x00006e9d) c.lui   t4, 0x7
core   0: 3 0x80002b88 (0x6e9d) x29 0x00007000
core   0: 0x80002b8a (0x0000717d) c.addi16sp sp, -16
core   0: 3 0x80002b8a (0x717d) x 2 0xfffffff0
core   0: 0x80002b8c (0x00008fd1) c.or    a5, a2
core   0: 3 0x80002b8c (0x8fd1) x15 0x000003e5
core   0: 0x80002b8e (0x00009b7d) c.andi  a4, -1
core   0: 3 0x80002b8e (0x9b7d) x14 0x00000000
core   0: 0x80002b90 (0x00000741) c.addi  a4, 16
core   0: 3 0x80002b90 (0x0741) x14 0x00000010
core   0: 0x80002b92 (0x01141593) slli    a1, s0, 17
core   0: 3 0x80002b92 (0x01141593) x11 0x16dc0000
core   0: 0x80002b96 (0x01b0b133) sltu    sp, ra, s11
core   0: 3 0x80002b96 (0x01b0b133) x 2 0x00000000
core   0: 0x80002b9a (0xeacf3b13) sltiu   s6, t5, -340
core   0: 3 0x80002b9a (0xeacf3b13) x22 0x00000001
core   0: 0x80002b9e (0x40ddd993) srai    s3, s11, 13
core   0: 3 0x80002b9e (0x40ddd993) x19 0x00000000
core   0: 0x80002ba2 (0x0031ffb3) and     t6, gp, gp
core   0: 3 0x80002ba2 (0x0031ffb3) x31 0x00000000
core   0: 0x80002ba6 (0x000000de) c.slli  ra, 23
core   0: 3 0x80002ba6 (0x00de) x 1 0xfa000000
core   0: 0x80002ba8 (0x0700f193) andi    gp, ra, 112
core   0: 3 0x80002ba8 (0x0700f193) x 3 0x00000000
core   0: 0x80002bac (0x4b233f93) sltiu   t6, t1, 1202
core   0: 3 0x80002bac (0x4b233f93) x31 0x00000001
core   0: 0x80002bb0 (0x00000b98) c.addi4spn a4, sp, 464
core   0: 3 0x80002bb0 (0x0b98) x14 0x000001d0
core   0: 0x80002bb2 (0x00000001) c.nop
core   0: 3 0x80002bb2 (0x0001)
core   0: 0x80002bb4 (0x00008a35) c.andi  a2, 13
core   0: 3 0x80002bb4 (0x8a35) x12 0x00000005
core   0: 0x80002bb6 (0x00fb45b3) xor     a1, s6, a5
core   0: 3 0x80002bb6 (0x00fb45b3) x11 0x000003e4
core   0: 0x80002bba (0x0000817e) c.mv    sp, t6
core   0: 3 0x80002bba (0x817e) x 2 0x00000001
core   0: 0x80002bbc (0x01a34533) xor     a0, t1, s10
core   0: 3 0x80002bbc (0x01a34533) x10 0x0000001b
core   0: 0x80002bc0 (0x000081e5) c.srli  a1, 25
core   0: 3 0x80002bc0 (0x81e5) x11 0x00000000
core   0: 0x80002bc2 (0x00fc0033) add     zero, s8, a5
core   0: 3 0x80002bc2 (0x00fc0033)
core   0: 0x80002bc6 (0x404c8d33) sub     s10, s9, tp
core   0: 3 0x80002bc6 (0x404c8d33) x26 0x00000000
core   0: 0x80002bca (0x00008161) c.srli  a0, 24
core   0: 3 0x80002bca (0x8161) x10 0x00000000
core   0: 0x80002bcc (0x0164c3b3) xor     t2, s1, s6
core   0: 3 0x80002bcc (0x0164c3b3) x 7 0x8000fe65
core   0: 0x80002bd0 (0x00000001) c.nop
core   0: 3 0x80002bd0 (0x0001)
core   0: 0x80002bd2 (0x00b99433) sll     s0, s3, a1
core   0: 3 0x80002bd2 (0x00b99433) x 8 0x00000000
core   0: 0x80002bd6 (0x0000597d) c.li    s2, -1
core   0: 3 0x80002bd6 (0x597d) x18 0xffffffff
core   0: 0x80002bd8 (0x0353e533) rem     a0, t2, s5
core   0: 3 0x80002bd8 (0x0353e533) x10 0xffffc180
core   0: 0x80002bdc (0x000082f9) c.srli  a3, 30
core   0: 3 0x80002bdc (0x82f9) x13 0x00000002
core   0: 0x80002bde (0x58a7c537) lui     a0, 0x58a7c
core   0: 3 0x80002bde (0x58a7c537) x10 0x58a7c000
core   0: 0x80002be2 (0x00000001) c.nop
core   0: 3 0x80002be2 (0x0001)
core   0: 0x80002be4 (0x027a6ab3) rem     s5, s4, t2
core   0: 3 0x80002be4 (0x027a6ab3) x21 0x00000001
core   0: 0x80002be8 (0x0323f3b3) remu    t2, t2, s2
core   0: 3 0x80002be8 (0x0323f3b3) x 7 0x8000fe65
core   0: 0x80002bec (0x00000001) c.nop
core   0: 3 0x80002bec (0x0001)
core   0: 0x80002bee (0x0190ceb3) xor     t4, ra, s9
core   0: 3 0x80002bee (0x0190ceb3) x29 0xfa000000
core   0: 0x80002bf2 (0x004af1b3) and     gp, s5, tp
core   0: 3 0x80002bf2 (0x004af1b3) x 3 0x00000000
core   0: 0x80002bf6 (0x021b3133) mulhu   sp, s6, ra
core   0: 3 0x80002bf6 (0x021b3133) x 2 0x00000000
core   0: 0x80002bfa (0x4162dbb3) sra     s7, t0, s6
core   0: 3 0x80002bfa (0x4162dbb3) x23 0x00000000
core   0: 0x80002bfe (0x033327b3) mulhsu  a5, t1, s3
core   0: 3 0x80002bfe (0x033327b3) x15 0x00000000
core   0: 0x80002c02 (0x01e61033) sll     zero, a2, t5
core   0: 3 0x80002c02 (0x01e61033)
core   0: 0x80002c06 (0x00000549) c.addi  a0, 18
core   0: 3 0x80002c06 (0x0549) x10 0x58a7c012
core   0: 0x80002c08 (0x41c55db3) sra     s11, a0, t3
core   0: 3 0x80002c08 (0x41c55db3) x27 0x58a7c012
core   0: 0x80002c0c (0x406088b3) sub     a7, ra, t1
core   0: 3 0x80002c0c (0x406088b3) x17 0xf9ffffe6
core   0: 0x80002c10 (0x00008ddd) c.or    a1, a5
core   0: 3 0x80002c10 (0x8ddd) x11 0x00000000
core   0: 0x80002c12 (0xbe378317) auipc   t1, 0xbe378
core   0: 3 0x80002c12 (0xbe378317) x 6 0x3e37ac12
core   0: 0x80002c16 (0x000099fd) c.andi  a1, -1
core   0: 3 0x80002c16 (0x99fd) x11 0x00000000
core   0: 0x80002c18 (0x00008e95) c.sub   a3, a3
core   0: 3 0x80002c18 (0x8e95) x13 0x00000000
core   0: 0x80002c1a (0x00549393) slli    t2, s1, 5
core   0: 3 0x80002c1a (0x00549393) x 7 0x001fcc80
core   0: 0x80002c1e (0x000089cd) c.andi  a1, 19
core   0: 3 0x80002c1e (0x89cd) x11 0x00000000
core   0: 0x80002c20 (0x016ced33) or      s10, s9, s6
core   0: 3 0x80002c20 (0x016ced33) x26 0x00000001
core   0: 0x80002c24 (0x011c9eb3) sll     t4, s9, a7
core   0: 3 0x80002c24 (0x011c9eb3) x29 0x00000000
core   0: 0x80002c28 (0x0166ed33) or      s10, a3, s6
core   0: 3 0x80002c28 (0x0166ed33) x26 0x00000001
core   0: 0x80002c2c (0x00008f4d) c.or    a4, a1
core   0: 3 0x80002c2c (0x8f4d) x14 0x000001d0
core   0: 0x80002c2e (0x00f49b33) sll     s6, s1, a5
core   0: 3 0x80002c2e (0x00f49b33) x22 0x8000fe64
core   0: 0x80002c32 (0x1b49f893) andi    a7, s3, 436
core   0: 3 0x80002c32 (0x1b49f893) x17 0x00000000
core   0: 0x80002c36 (0xd0280117) auipc   sp, 0xd0280
core   0: 3 0x80002c36 (0xd0280117) x 2 0x50282c36
core   0: 0x80002c3a (0x41f45533) sra     a0, s0, t6
core   0: 3 0x80002c3a (0x41f45533) x10 0x00000000
core   0: 0x80002c3e (0x8343f213) andi    tp, t2, -1996
core   0: 3 0x80002c3e (0x8343f213) x 4 0x001fc800
core   0: 0x80002c42 (0x03970233) mul     tp, a4, s9
core   0: 3 0x80002c42 (0x03970233) x 4 0x00000000
core   0: 0x80002c46 (0x00009a12) c.add   s4, tp
core   0: 3 0x80002c46 (0x9a12) x20 0x00000001
core   0: 0x80002c48 (0x00000001) c.nop
core   0: 3 0x80002c48 (0x0001)
core   0: 0x80002c4a (0xbff4c693) xori    a3, s1, -1025
core   0: 3 0x80002c4a (0xbff4c693) x13 0x7fff059b
core   0: 0x80002c4e (0x0000717d) c.addi16sp sp, -16
core   0: 3 0x80002c4e (0x717d) x 2 0x50282c26
core   0: 0x80002c50 (0x03cfddb3) divu    s11, t6, t3
core   0: 3 0x80002c50 (0x03cfddb3) x27 0xffffffff
core   0: 0x80002c54 (0x00008b1d) c.andi  a4, 7
core   0: 3 0x80002c54 (0x8b1d) x14 0x00000000
core   0: 0x80002c56 (0xc1b87c13) andi    s8, a6, -997
core   0: 3 0x80002c56 (0xc1b87c13) x24 0x80013c00
core   0: 0x80002c5a (0x00008e39) c.xor   a2, a4
core   0: 3 0x80002c5a (0x8e39) x12 0x00000005
core   0: 0x80002c5c (0x00000001) c.nop
core   0: 3 0x80002c5c (0x0001)
core   0: 0x80002c5e (0x00009a46) c.add   s4, a7
core   0: 3 0x80002c5e (0x9a46) x20 0x00000001
core   0: 0x80002c60 (0x0000057e) c.slli  a0, 31
core   0: 3 0x80002c60 (0x057e) x10 0x00000000
core   0: 0x80002c62 (0x01d2ca33) xor     s4, t0, t4
core   0: 3 0x80002c62 (0x01d2ca33) x20 0x00000000
core   0: 0x80002c66 (0x01397c33) and     s8, s2, s3
core   0: 3 0x80002c66 (0x01397c33) x24 0x00000000
core   0: 0x80002c6a (0x00000001) c.nop
core   0: 3 0x80002c6a (0x0001)
core   0: 0x80002c6c (0x0000157d) c.addi  a0, -1
core   0: 3 0x80002c6c (0x157d) x10 0xffffffff
core   0: 0x80002c6e (0x00008541) c.srai  a0, 16
core   0: 3 0x80002c6e (0x8541) x10 0xffffffff
core   0: 0x80002c70 (0x004dde93) srli    t4, s11, 4
core   0: 3 0x80002c70 (0x004dde93) x29 0x0fffffff
core   0: 0x80002c74 (0x0311a433) mulhsu  s0, gp, a7
core   0: 3 0x80002c74 (0x0311a433) x 8 0x00000000
core   0: 0x80002c78 (0x40135993) srai    s3, t1, 1
core   0: 3 0x80002c78 (0x40135993) x19 0x1f1bd609
core   0: 0x80002c7c (0x002e8c33) add     s8, t4, sp
core   0: 3 0x80002c7c (0x002e8c33) x24 0x60282c25
core   0: 0x80002c80 (0x03fc2db3) mulhsu  s11, s8, t6
core   0: 3 0x80002c80 (0x03fc2db3) x27 0x00000000
core   0: 0x80002c84 (0x00008339) c.srli  a4, 14
core   0: 3 0x80002c84 (0x8339) x14 0x00000000
core   0: 0x80002c86 (0x00000536) c.slli  a0, 13
core   0: 3 0x80002c86 (0x0536) x10 0xffffe000
core   0: 0x80002c88 (0x00005b7d) c.li    s6, -1
core   0: 3 0x80002c88 (0x5b7d) x22 0xffffffff
core   0: 0x80002c8a (0x033528b3) mulhsu  a7, a0, s3
core   0: 3 0x80002c8a (0x033528b3) x17 0xfffffc1c
core   0: 0x80002c8e (0x0236d133) divu    sp, a3, gp
core   0: 3 0x80002c8e (0x0236d133) x 2 0xffffffff
core   0: 0x80002c92 (0x00008e59) c.or    a2, a4
core   0: 3 0x80002c92 (0x8e59) x12 0x00000005
core   0: 0x80002c94 (0x00008f8d) c.sub   a5, a1
core   0: 3 0x80002c94 (0x8f8d) x15 0x00000000
core   0: 0x80002c96 (0xe5cc8693) addi    a3, s9, -420
core   0: 3 0x80002c96 (0xe5cc8693) x13 0xfffffe5c
core   0: 0x80002c9a (0x008a9393) slli    t2, s5, 8
core   0: 3 0x80002c9a (0x008a9393) x 7 0x00000100
core   0: 0x80002c9e (0x00008db5) c.xor   a1, a3
core   0: 3 0x80002c9e (0x8db5) x11 0xfffffe5c
core   0: 0x80002ca0 (0xd6da5a17) auipc   s4, 0xd6da5
core   0: 3 0x80002ca0 (0xd6da5a17) x20 0x56da7ca0
core   0: 0x80002ca4 (0x000005a2) c.slli  a1, 8
core   0: 3 0x80002ca4 (0x05a2) x11 0xfffe5c00
core   0: 0x80002ca6 (0x029b8033) mul     zero, s7, s1
core   0: 3 0x80002ca6 (0x029b8033)
core   0: 0x80002caa (0x00a113b3) sll     t2, sp, a0
core   0: 3 0x80002caa (0x00a113b3) x 7 0xffffffff
core   0: 0x80002cae (0xbff96297) auipc   t0, 0xbff96
core   0: 3 0x80002cae (0xbff96297) x 5 0x3ff98cae
core   0: 0x80002cb2 (0x03073e33) mulhu   t3, a4, a6
core   0: 3 0x80002cb2 (0x03073e33) x28 0x00000000
core   0: 0x80002cb6 (0x00eb1593) slli    a1, s6, 14
core   0: 3 0x80002cb6 (0x00eb1593) x11 0xffffc000
core   0: 0x80002cba (0x000048b1) c.li    a7, 12
core   0: 3 0x80002cba (0x48b1) x17 0x0000000c
core   0: 0x80002cbc (0x00008529) c.srai  a0, 10
core   0: 3 0x80002cbc (0x8529) x10 0xfffffff8
core   0: 0x80002cbe (0x00006de9) c.lui   s11, 0x1a
core   0: 3 0x80002cbe (0x6de9) x27 0x0001a000
core   0: 0x80002cc0 (0x00006145) c.addi16sp sp, 48
core   0: 3 0x80002cc0 (0x6145) x 2 0x0000002f
core   0: 0x80002cc2 (0x00008191) c.srli  a1, 4
core   0: 3 0x80002cc2 (0x8191) x11 0x0ffffc00
core   0: 0x80002cc4 (0x00005afd) c.li    s5, -1
core   0: 3 0x80002cc4 (0x5afd) x21 0xffffffff
core   0: 0x80002cc6 (0x00e808b3) add     a7, a6, a4
core   0: 3 0x80002cc6 (0x00e808b3) x17 0x80013ce4
core   0: 0x80002cca (0x0223c9b3) div     s3, t2, sp
core   0: 3 0x80002cca (0x0223c9b3) x19 0x00000000
core   0: 0x80002cce (0x0068d6b3) srl     a3, a7, t1
core   0: 3 0x80002cce (0x0068d6b3) x13 0x00002000
core   0: 0x80002cd2 (0x00000b0e) c.slli  s6, 3
core   0: 3 0x80002cd2 (0x0b0e) x22 0xfffffff8
core   0: 0x80002cd4 (0x00475313) srli    t1, a4, 4
core   0: 3 0x80002cd4 (0x00475313) x 6 0x00000000
core   0: 0x80002cd8 (0x00006175) c.addi16sp sp, 368
core   0: 3 0x80002cd8 (0x6175) x 2 0x0000019f
core   0: 0x80002cda (0x0082b9b3) sltu    s3, t0, s0
core   0: 3 0x80002cda (0x0082b9b3) x19 0x00000000
core   0: 0x80002cde (0xea29cdb7) lui     s11, 0xea29c
core   0: 3 0x80002cde (0xea29cdb7) x27 0xea29c000
core   0: 0x80002ce2 (0x0192f133) and     sp, t0, s9
core   0: 3 0x80002ce2 (0x0192f133) x 2 0x00000000
core   0: 0x80002ce6 (0xd6b02293) slti    t0, zero, -661
core   0: 3 0x80002ce6 (0xd6b02293) x 5 0x00000000
core   0: 0x80002cea (0x00000001) c.nop
core   0: 3 0x80002cea (0x0001)
core   0: 0x80002cec (0x00008f91) c.sub   a5, a2
core   0: 3 0x80002cec (0x8f91) x15 0xfffffffb
core   0: 0x80002cee (0x00000908) c.addi4spn a0, sp, 144
core   0: 3 0x80002cee (0x0908) x10 0x00000090
core   0: 0x80002cf0 (0xf7586593) ori     a1, a6, -139
core   0: 3 0x80002cf0 (0xf7586593) x11 0xfffffff5
core   0: 0x80002cf4 (0x03007033) remu    zero, zero, a6
core   0: 3 0x80002cf4 (0x03007033)
core   0: 0x80002cf8 (0x00008031) c.srli  s0, 12
core   0: 3 0x80002cf8 (0x8031) x 8 0x00000000
core   0: 0x80002cfa (0x0000617d) c.addi16sp sp, 496
core   0: 3 0x80002cfa (0x617d) x 2 0x000001f0
core   0: 0x80002cfc (0x003cd933) srl     s2, s9, gp
core   0: 3 0x80002cfc (0x003cd933) x18 0x00000000
core   0: 0x80002d00 (0x03e67933) remu    s2, a2, t5
core   0: 3 0x80002d00 (0x03e67933) x18 0x00000005
core   0: 0x80002d04 (0xfb140c13) addi    s8, s0, -79
core   0: 3 0x80002d04 (0xfb140c13) x24 0xffffffb1
core   0: 0x80002d08 (0x000080da) c.mv    ra, s6
core   0: 3 0x80002d08 (0x80da) x 1 0xfffffff8
core   0: 0x80002d0a (0x005aa5b3) slt     a1, s5, t0
core   0: 3 0x80002d0a (0x005aa5b3) x11 0x00000001
core   0: 0x80002d0e (0x0000829d) c.srli  a3, 7
core   0: 3 0x80002d0e (0x829d) x13 0x00000040
core   0: 0x80002d10 (0x035f7c33) remu    s8, t5, s5
core   0: 3 0x80002d10 (0x035f7c33) x24 0x02800001
core   0: 0x80002d14 (0x005dd933) srl     s2, s11, t0
core   0: 3 0x80002d14 (0x005dd933) x18 0xea29c000
core   0: 0x80002d18 (0x0000661d) c.lui   a2, 0x7
core   0: 3 0x80002d18 (0x661d) x12 0x00007000
core   0: 0x80002d1a (0x00008ba1) c.andi  a5, 8
core   0: 3 0x80002d1a (0x8ba1) x15 0x00000008
core   0: 0x80002d1c (0x006d1a13) slli    s4, s10, 6
core   0: 3 0x80002d1c (0x006d1a13) x20 0x00000040
core   0: 0x80002d20 (0x6d100793) li      a5, 1745
core   0: 3 0x80002d20 (0x6d100793) x15 0x000006d1
core   0: 0x80002d24 (0x00009a7d) c.andi  a2, -1
core   0: 3 0x80002d24 (0x9a7d) x12 0x00007000
core   0: 0x80002d26 (0x01a6d633) srl     a2, a3, s10
core   0: 3 0x80002d26 (0x01a6d633) x12 0x00000020
core   0: 0x80002d2a (0x0000814a) c.mv    sp, s2
core   0: 3 0x80002d2a (0x814a) x 2 0xea29c000
core   0: 0x80002d2c (0x035c0733) mul     a4, s8, s5
core   0: 3 0x80002d2c (0x035c0733) x14 0xfd7fffff
core   0: 0x80002d30 (0x0000717d) c.addi16sp sp, -16
core   0: 3 0x80002d30 (0x717d) x 2 0xea29bff0
core   0: 0x80002d32 (0x039110b3) mulh    ra, sp, s9
core   0: 3 0x80002d32 (0x039110b3) x 1 0x00000000
core   0: 0x80002d36 (0x000055fd) c.li    a1, -1
core   0: 3 0x80002d36 (0x55fd) x11 0xffffffff
core   0: 0x80002d38 (0x010aeb33) or      s6, s5, a6
core   0: 3 0x80002d38 (0x010aeb33) x22 0xffffffff
core   0: 0x80002d3c (0x0146a0b3) slt     ra, a3, s4
core   0: 3 0x80002d3c (0x0146a0b3) x 1 0x00000000
core   0: 0x80002d40 (0x00d99bb3) sll     s7, s3, a3
core   0: 3 0x80002d40 (0x00d99bb3) x23 0x00000000
core   0: 0x80002d44 (0x41745033) sra     zero, s0, s7
core   0: 3 0x80002d44 (0x41745033)
core   0: 0x80002d48 (0x03717db3) remu    s11, sp, s7
core   0: 3 0x80002d48 (0x03717db3) x27 0xea29bff0
core   0: 0x80002d4c (0x000096f2) c.add   a3, t3
core   0: 3 0x80002d4c (0x96f2) x13 0x00000040
core   0: 0x80002d4e (0x00008b42) c.mv    s6, a6
core   0: 3 0x80002d4e (0x8b42) x22 0x80013ce4
core   0: 0x80002d50 (0xd22941b7) lui     gp, 0xd2294
core   0: 3 0x80002d50 (0xd22941b7) x 3 0xd2294000
core   0: 0x80002d54 (0x67e18193) addi    gp, gp, 1662
core   0: 3 0x80002d54 (0x67e18193) x 3 0xd229467e
core   0: 0x80002d58 (0x80000f37) lui     t5, 0x80000
core   0: 3 0x80002d58 (0x80000f37) x30 0x80000000
core   0: 0x80002d5c (0x64b8fc37) lui     s8, 0x64b8f
core   0: 3 0x80002d5c (0x64b8fc37) x24 0x64b8f000
core   0: 0x80002d60 (0x691c0c13) addi    s8, s8, 1681
core   0: 3 0x80002d60 (0x691c0c13) x24 0x64b8f691
core   0: 0x80002d64 (0xfff00993) li      s3, -1
core   0: 3 0x80002d64 (0xfff00993) x19 0xffffffff
core   0: 0x80002d68 (0x80000e37) lui     t3, 0x80000
core   0: 3 0x80002d68 (0x80000e37) x28 0x80000000
core   0: 0x80002d6c (0xb28bc537) lui     a0, 0xb28bc
core   0: 3 0x80002d6c (0xb28bc537) x10 0xb28bc000
core   0: 0x80002d70 (0x14d50513) addi    a0, a0, 333
core   0: 3 0x80002d70 (0x14d50513) x10 0xb28bc14d
core   0: 0x80002d74 (0x800000b7) lui     ra, 0x80000
core   0: 3 0x80002d74 (0x800000b7) x 1 0x80000000
core   0: 0x80002d78 (0xfff00d93) li      s11, -1
core   0: 3 0x80002d78 (0xfff00d93) x27 0xffffffff
core   0: 0x80002d7c (0x4e6de3b7) lui     t2, 0x4e6de
core   0: 3 0x80002d7c (0x4e6de3b7) x 7 0x4e6de000
core   0: 0x80002d80 (0xad738393) addi    t2, t2, -1321
core   0: 3 0x80002d80 (0xad738393) x 7 0x4e6ddad7
core   0: 0x80002d84 (0x800005b7) lui     a1, 0x80000
core   0: 3 0x80002d84 (0x800005b7) x11 0x80000000
core   0: 0x80002d88 (0x03856533) rem     a0, a0, s8
core   0: 3 0x80002d88 (0x03856533) x10 0xb28bc14d
core   0: 0x80002d8c (0x00000001) c.nop
core   0: 3 0x80002d8c (0x0001)
core   0: 0x80002d8e (0x02298e13) addi    t3, s3, 34
core   0: 3 0x80002d8e (0x02298e13) x28 0x00000021
core   0: 0x80002d92 (0x00000001) c.nop
core   0: 3 0x80002d92 (0x0001)
core   0: 0x80002d94 (0x00708533) add     a0, ra, t2
core   0: 3 0x80002d94 (0x00708533) x10 0xce6ddad7
core   0: 0x80002d98 (0x6d9650b7) lui     ra, 0x6d965
core   0: 3 0x80002d98 (0x6d9650b7) x 1 0x6d965000
core   0: 0x80002d9c (0x0230e533) rem     a0, ra, gp
core   0: 3 0x80002d9c (0x0230e533) x10 0x11e8dcfc
core   0: 0x80002da0 (0x41850c33) sub     s8, a0, s8
core   0: 3 0x80002da0 (0x41850c33) x24 0xad2fe66b
core   0: 0x80002da4 (0x41c089b3) sub     s3, ra, t3
core   0: 3 0x80002da4 (0x41c089b3) x19 0x6d964fdf
core   0: 0x80002da8 (0x418085b3) sub     a1, ra, s8
core   0: 3 0x80002da8 (0x418085b3) x11 0xc0666995
core   0: 0x80002dac (0x03b9c5b3) div     a1, s3, s11
core   0: 3 0x80002dac (0x03b9c5b3) x11 0x9269b021
core   0: 0x80002db0 (0x02ae49b3) div     s3, t3, a0
core   0: 3 0x80002db0 (0x02ae49b3) x19 0x00000000
core   0: 0x80002db4 (0x03e3fe33) remu    t3, t2, t5
core   0: 3 0x80002db4 (0x03e3fe33) x28 0x4e6ddad7
core   0: 0x80002db8 (0x00308533) add     a0, ra, gp
core   0: 3 0x80002db8 (0x00308533) x10 0x3fbf967e
core   0: 0x80002dbc (0x0333cdb3) div     s11, t2, s3
core   0: 3 0x80002dbc (0x0333cdb3) x27 0xffffffff
core   0: 0x80002dc0 (0x03ed9f33) mulh    t5, s11, t5
core   0: 3 0x80002dc0 (0x03ed9f33) x30 0x00000000
core   0: 0x80002dc4 (0xa08b00b7) lui     ra, 0xa08b0
core   0: 3 0x80002dc4 (0xa08b00b7) x 1 0xa08b0000
core   0: 0x80002dc8 (0x02b3ee33) rem     t3, t2, a1
core   0: 3 0x80002dc8 (0x02b3ee33) x28 0x4e6ddad7
core   0: 0x80002dcc (0x03e3bf33) mulhu   t5, t2, t5
core   0: 3 0x80002dcc (0x03e3bf33) x30 0x00000000
core   0: 0x80002dd0 (0x41c50c33) sub     s8, a0, t3
core   0: 3 0x80002dd0 (0x41c50c33) x24 0xf151bba7
core   0: 0x80002dd4 (0x03c9ec33) rem     s8, s3, t3
core   0: 3 0x80002dd4 (0x03c9ec33) x24 0x00000000
core   0: 0x80002dd8 (0x03899f33) mulh    t5, s3, s8
core   0: 3 0x80002dd8 (0x03899f33) x30 0x00000000
core   0: 0x80002ddc (0xe75683b7) lui     t2, 0xe7568
core   0: 3 0x80002ddc (0xe75683b7) x 7 0xe7568000
core   0: 0x80002de0 (0x0273ac33) mulhsu  s8, t2, t2
core   0: 3 0x80002de0 (0x0273ac33) x24 0xe9b6b83a
core   0: 0x80002de4 (0x02b381b3) mul     gp, t2, a1
core   0: 3 0x80002de4 (0x02b381b3) x 3 0xca268000
core   0: 0x80002de8 (0x00f51f13) slli    t5, a0, 15
core   0: 3 0x80002de8 (0x00f51f13) x30 0xcb3f0000
core   0: 0x80002dec (0x029b5033) divu    zero, s6, s1
core   0: 3 0x80002dec (0x029b5033)
core   0: 0x80002df0 (0x00008fe9) c.and   a5, a0
core   0: 3 0x80002df0 (0x8fe9) x15 0x00000650
core   0: 0x80002df2 (0x000089a5) c.andi  a1, 9
core   0: 3 0x80002df2 (0x89a5) x11 0x00000001
core   0: 0x80002df4 (0x00000001) c.nop
core   0: 3 0x80002df4 (0x0001)
core   0: 0x80002df6 (0x014ac133) xor     sp, s5, s4
core   0: 3 0x80002df6 (0x014ac133) x 2 0xffffffbf
core   0: 0x80002dfa (0x00b40bb3) add     s7, s0, a1
core   0: 3 0x80002dfa (0x00b40bb3) x23 0x00000001
core   0: 0x80002dfe (0x019b5b33) srl     s6, s6, s9
core   0: 3 0x80002dfe (0x019b5b33) x22 0x80013ce4
core   0: 0x80002e02 (0x03221c33) mulh    s8, tp, s2
core   0: 3 0x80002e02 (0x03221c33) x24 0x00000000
core   0: 0x80002e06 (0x00000001) c.nop
core   0: 3 0x80002e06 (0x0001)
core   0: 0x80002e08 (0x02e27ab3) remu    s5, tp, a4
core   0: 3 0x80002e08 (0x02e27ab3) x21 0x00000000
core   0: 0x80002e0c (0x00001218) c.addi4spn a4, sp, 288
core   0: 3 0x80002e0c (0x1218) x14 0x000000df
core   0: 0x80002e0e (0x03e98733) mul     a4, s3, t5
core   0: 3 0x80002e0e (0x03e98733) x14 0x00000000
core   0: 0x80002e12 (0x00006aa1) c.lui   s5, 0x8
core   0: 3 0x80002e12 (0x6aa1) x21 0x00008000
core   0: 0x80002e14 (0x023dfa33) remu    s4, s11, gp
core   0: 3 0x80002e14 (0x023dfa33) x20 0x35d97fff
core   0: 0x80002e18 (0x00b08db3) add     s11, ra, a1
core   0: 3 0x80002e18 (0x00b08db3) x27 0xa08b0001
core   0: 0x80002e1c (0x00231a33) sll     s4, t1, sp
core   0: 3 0x80002e1c (0x00231a33) x20 0x00000000
core   0: 0x80002e20 (0x00008f31) c.xor   a4, a2
core   0: 3 0x80002e20 (0x8f31) x14 0x00000020
core   0: 0x80002e22 (0x00000001) c.nop
core   0: 3 0x80002e22 (0x0001)
core   0: 0x80002e24 (0x00000001) c.nop
core   0: 3 0x80002e24 (0x0001)
core   0: 0x80002e26 (0x000095be) c.add   a1, a5
core   0: 3 0x80002e26 (0x95be) x11 0x00000651
core   0: 0x80002e28 (0xc4c3cc13) xori    s8, t2, -948
core   0: 3 0x80002e28 (0xc4c3cc13) x24 0x18a97c4c
core   0: 0x80002e2c (0x01240133) add     sp, s0, s2
core   0: 3 0x80002e2c (0x01240133) x 2 0xea29c000
core   0: 0x80002e30 (0xcd508993) addi    s3, ra, -811
core   0: 3 0x80002e30 (0xcd508993) x19 0xa08afcd5
core   0: 0x80002e34 (0x03b8c6b3) div     a3, a7, s11
core   0: 3 0x80002e34 (0x03b8c6b3) x13 0x00000001
core   0: 0x80002e38 (0x002a8633) add     a2, s5, sp
core   0: 3 0x80002e38 (0x002a8633) x12 0xea2a4000
core   0: 0x80002e3c (0x4ecac313) xori    t1, s5, 1260
core   0: 3 0x80002e3c (0x4ecac313) x 6 0x000084ec
core   0: 0x80002e40 (0x0227ee33) rem     t3, a5, sp
core   0: 3 0x80002e40 (0x0227ee33) x28 0x00000650
core   0: 0x80002e44 (0x011bc0b3) xor     ra, s7, a7
core   0: 3 0x80002e44 (0x011bc0b3) x 1 0x80013ce5
core   0: 0x80002e48 (0x00008db9) c.xor   a1, a4
core   0: 3 0x80002e48 (0x8db9) x11 0x00000671
core   0: 0x80002e4a (0x00b190b3) sll     ra, gp, a1
core   0: 3 0x80002e4a (0x00b190b3) x 1 0x00000000
core   0: 0x80002e4e (0x00001e9c) c.addi4spn a5, sp, 880
core   0: 3 0x80002e4e (0x1e9c) x15 0xea29c370
core   0: 0x80002e50 (0x00008fad) c.xor   a5, a1
core   0: 3 0x80002e50 (0x8fad) x15 0xea29c501
core   0: 0x80002e52 (0x0146af93) slti    t6, a3, 20
core   0: 3 0x80002e52 (0x0146af93) x31 0x00000001
core   0: 0x80002e56 (0x00000001) c.nop
core   0: 3 0x80002e56 (0x0001)
core   0: 0x80002e58 (0x0189db13) srli    s6, s3, 24
core   0: 3 0x80002e58 (0x0189db13) x22 0x000000a0
core   0: 0x80002e5c (0x011ce733) or      a4, s9, a7
core   0: 3 0x80002e5c (0x011ce733) x14 0x80013ce4
core   0: 0x80002e60 (0x0000051e) c.slli  a0, 7
core   0: 3 0x80002e60 (0x051e) x10 0xdfcb3f00
core   0: 0x80002e62 (0x006a5c33) srl     s8, s4, t1
core   0: 3 0x80002e62 (0x006a5c33) x24 0x00000000
core   0: 0x80002e66 (0x00006d49) c.lui   s10, 0x12
core   0: 3 0x80002e66 (0x6d49) x26 0x00012000
core   0: 0x80002e68 (0x00000001) c.nop
core   0: 3 0x80002e68 (0x0001)
core   0: 0x80002e6a (0x00ead993) srli    s3, s5, 14
core   0: 3 0x80002e6a (0x00ead993) x19 0x00000002
core   0: 0x80002e6e (0x00d2ea33) or      s4, t0, a3
core   0: 3 0x80002e6e (0x00d2ea33) x20 0x00000001
core   0: 0x80002e72 (0x031b8633) mul     a2, s7, a7
core   0: 3 0x80002e72 (0x031b8633) x12 0x80013ce4
core   0: 0x80002e76 (0x00008f25) c.xor   a4, s1
core   0: 3 0x80002e76 (0x8f25) x14 0x0001c280
core   0: 0x80002e78 (0x81958213) addi    tp, a1, -2023
core   0: 3 0x80002e78 (0x81958213) x 4 0xfffffe8a
core   0: 0x80002e7c (0x01b37d93) andi    s11, t1, 27
core   0: 3 0x80002e7c (0x01b37d93) x27 0x00000008
core   0: 0x80002e80 (0x03f020b3) mulhsu  ra, zero, t6
core   0: 3 0x80002e80 (0x03f020b3) x 1 0x00000000
core   0: 0x80002e84 (0x030443b3) div     t2, s0, a6
core   0: 3 0x80002e84 (0x030443b3) x 7 0x00000000
core   0: 0x80002e88 (0x19fe8613) addi    a2, t4, 415
core   0: 3 0x80002e88 (0x19fe8613) x12 0x1000019e
core   0: 0x80002e8c (0x0081e7b3) or      a5, gp, s0
core   0: 3 0x80002e8c (0x0081e7b3) x15 0xca268000
core   0: 0x80002e90 (0x40b10733) sub     a4, sp, a1
core   0: 3 0x80002e90 (0x40b10733) x14 0xea29b98f
core   0: 0x80002e94 (0xd7067193) andi    gp, a2, -656
core   0: 3 0x80002e94 (0xd7067193) x 3 0x10000110
core   0: 0x80002e98 (0x00008c75) c.and   s0, a3
core   0: 3 0x80002e98 (0x8c75) x 8 0x00000000
core   0: 0x80002e9a (0x0000913e) c.add   sp, a5
core   0: 3 0x80002e9a (0x913e) x 2 0xb4504000
core   0: 0x80002e9c (0x0000877d) c.srai  a4, 31
core   0: 3 0x80002e9c (0x877d) x14 0xffffffff
core   0: 0x80002e9e (0x2ac1cd93) xori    s11, gp, 684
core   0: 3 0x80002e9e (0x2ac1cd93) x27 0x100003bc
core   0: 0x80002ea2 (0x02b945b3) div     a1, s2, a1
core   0: 3 0x80002ea2 (0x02b945b3) x11 0xfffc9c24
core   0: 0x80002ea6 (0x00008ee1) c.and   a3, s0
core   0: 3 0x80002ea6 (0x8ee1) x13 0x00000000
core   0: 0x80002ea8 (0xd5783793) sltiu   a5, a6, -681
core   0: 3 0x80002ea8 (0xd5783793) x15 0x00000001
core   0: 0x80002eac (0x01a69133) sll     sp, a3, s10
core   0: 3 0x80002eac (0x01a69133) x 2 0x00000000
core   0: 0x80002eb0 (0x00000001) c.nop
core   0: 3 0x80002eb0 (0x0001)
core   0: 0x80002eb2 (0x40ce5033) sra     zero, t3, a2
core   0: 3 0x80002eb2 (0x40ce5033)
core   0: 0x80002eb6 (0xf4176537) lui     a0, 0xf4176
core   0: 3 0x80002eb6 (0xf4176537) x10 0xf4176000
core   0: 0x80002eba (0x00008762) c.mv    a4, s8
core   0: 3 0x80002eba (0x8762) x14 0x00000000
core   0: 0x80002ebc (0x01460233) add     tp, a2, s4
core   0: 3 0x80002ebc (0x01460233) x 4 0x1000019f
core   0: 0x80002ec0 (0x60870193) addi    gp, a4, 1544
core   0: 3 0x80002ec0 (0x60870193) x 3 0x00000608
core   0: 0x80002ec4 (0x03e02033) mulhsu  zero, zero, t5
core   0: 3 0x80002ec4 (0x03e02033)
core   0: 0x80002ec8 (0x012e4ab3) xor     s5, t3, s2
core   0: 3 0x80002ec8 (0x012e4ab3) x21 0xea29c650
core   0: 0x80002ecc (0xfbd6b193) sltiu   gp, a3, -67
core   0: 3 0x80002ecc (0xfbd6b193) x 3 0x00000001
core   0: 0x80002ed0 (0x00008d7d) c.and   a0, a5
core   0: 3 0x80002ed0 (0x8d7d) x10 0x00000000
core   0: 0x80002ed2 (0x00000001) c.nop
core   0: 3 0x80002ed2 (0x0001)
core   0: 0x80002ed4 (0xc83be613) ori     a2, s7, -893
core   0: 3 0x80002ed4 (0xc83be613) x12 0xfffffc83
core   0: 0x80002ed8 (0x03287433) remu    s0, a6, s2
core   0: 3 0x80002ed8 (0x03287433) x 8 0x80013ce4
core   0: 0x80002edc (0x2bc27f93) andi    t6, tp, 700
core   0: 3 0x80002edc (0x2bc27f93) x31 0x0000009c
core   0: 0x80002ee0 (0x0000717d) c.addi16sp sp, -16
core   0: 3 0x80002ee0 (0x717d) x 2 0xfffffff0
core   0: 0x80002ee2 (0x00930733) add     a4, t1, s1
core   0: 3 0x80002ee2 (0x00930733) x14 0x80018350
core   0: 0x80002ee6 (0x4a38e613) ori     a2, a7, 1187
core   0: 3 0x80002ee6 (0x4a38e613) x12 0x80013ce7
core   0: 0x80002eea (0x4e104113) xori    sp, zero, 1249
core   0: 3 0x80002eea (0x4e104113) x 2 0x000004e1
core   0: 0x80002eee (0x00000001) c.nop
core   0: 3 0x80002eee (0x0001)
core   0: 0x80002ef0 (0x037be033) rem     zero, s7, s7
core   0: 3 0x80002ef0 (0x037be033)
core   0: 0x80002ef4 (0x61697693) andi    a3, s2, 1558
core   0: 3 0x80002ef4 (0x61697693) x13 0x00000000
core   0: 0x80002ef8 (0x037e0f33) mul     t5, t3, s7
core   0: 3 0x80002ef8 (0x037e0f33) x30 0x00000650
core   0: 0x80002efc (0x00008c19) c.sub   s0, a4
core   0: 3 0x80002efc (0x8c19) x 8 0xffffb994
core   0: 0x80002efe (0x00000001) c.nop
core   0: 3 0x80002efe (0x0001)
core   0: 0x80002f00 (0x8a1645b7) lui     a1, 0x8a164
core   0: 3 0x80002f00 (0x8a1645b7) x11 0x8a164000
core   0: 0x80002f04 (0x106cee93) ori     t4, s9, 262
core   0: 3 0x80002f04 (0x106cee93) x29 0x00000106
core   0: 0x80002f08 (0x00008f29) c.xor   a4, a0
core   0: 3 0x80002f08 (0x8f29) x14 0x80018350
core   0: 0x80002f0a (0x0d2f8913) addi    s2, t6, 210
core   0: 3 0x80002f0a (0x0d2f8913) x18 0x0000016e
core   0: 0x80002f0e (0x00000001) c.nop
core   0: 3 0x80002f0e (0x0001)
core   0: 0x80002f10 (0x00009f0a) c.add   t5, sp
core   0: 3 0x80002f10 (0x9f0a) x30 0x00000b31
core   0: 0x80002f12 (0x0054d513) srli    a0, s1, 5
core   0: 3 0x80002f12 (0x0054d513) x10 0x040007f3
core   0: 0x80002f16 (0x00699e93) slli    t4, s3, 6
core   0: 3 0x80002f16 (0x00699e93) x29 0x00000080
core   0: 0x80002f1a (0x01b55113) srli    sp, a0, 27
core   0: 3 0x80002f1a (0x01b55113) x 2 0x00000000
core   0: 0x80002f1e (0xccc93c13) sltiu   s8, s2, -820
core   0: 3 0x80002f1e (0xccc93c13) x24 0x00000001
core   0: 0x80002f22 (0xba48b313) sltiu   t1, a7, -1116
core   0: 3 0x80002f22 (0xba48b313) x 6 0x00000001
core   0: 0x80002f26 (0xa691b317) auipc   t1, 0xa691b
core   0: 3 0x80002f26 (0xa691b317) x 6 0x2691df26
core   0: 0x80002f2a (0x025a8033) mul     zero, s5, t0
core   0: 3 0x80002f2a (0x025a8033)
core   0: 0x80002f2e (0x01a98633) add     a2, s3, s10
core   0: 3 0x80002f2e (0x01a98633) x12 0x00012002
core   0: 0x80002f32 (0x028a0bb3) mul     s7, s4, s0
core   0: 3 0x80002f32 (0x028a0bb3) x23 0xffffb994
core   0: 0x80002f36 (0x00008379) c.srli  a4, 30
core   0: 3 0x80002f36 (0x8379) x14 0x00000002
core   0: 0x80002f38 (0x01b2df13) srli    t5, t0, 27
core   0: 3 0x80002f38 (0x01b2df13) x30 0x00000000
core   0: 0x80002f3c (0x8f14f413) andi    s0, s1, -1807
core   0: 3 0x80002f3c (0x8f14f413) x 8 0x8000f860
core   0: 0x80002f40 (0x015e1c13) slli    s8, t3, 21
core   0: 3 0x80002f40 (0x015e1c13) x24 0xca000000
core   0: 0x80002f44 (0x0000801d) c.srli  s0, 7
core   0: 3 0x80002f44 (0x801d) x 8 0x010001f0
core   0: 0x80002f46 (0x01d06733) or      a4, zero, t4
core   0: 3 0x80002f46 (0x01d06733) x14 0x00000080
core   0: 0x80002f4a (0x01614ab7) lui     s5, 0x1614
core   0: 3 0x80002f4a (0x01614ab7) x21 0x01614000
core   0: 0x80002f4e (0x2428f993) andi    s3, a7, 578
core   0: 3 0x80002f4e (0x2428f993) x19 0x00000040
core   0: 0x80002f52 (0x00008e3d) c.xor   a2, a5
core   0: 3 0x80002f52 (0x8e3d) x12 0x00012003
core   0: 0x80002f54 (0x00062233) slt     tp, a2, zero
core   0: 3 0x80002f54 (0x00062233) x 4 0x00000000
core   0: 0x80002f58 (0x00008dd5) c.or    a1, a3
core   0: 3 0x80002f58 (0x8dd5) x11 0x8a164000
core   0: 0x80002f5a (0x00006e59) c.lui   t3, 0x16
core   0: 3 0x80002f5a (0x6e59) x28 0x00016000
core   0: 0x80002f5c (0x002e3db3) sltu    s11, t3, sp
core   0: 3 0x80002f5c (0x002e3db3) x27 0x00000000
core   0: 0x80002f60 (0xbff8b297) auipc   t0, 0xbff8b
core   0: 3 0x80002f60 (0xbff8b297) x 5 0x3ff8df60
core   0: 0x80002f64 (0x010f2bb3) slt     s7, t5, a6
core   0: 3 0x80002f64 (0x010f2bb3) x23 0x00000000
core   0: 0x80002f68 (0x01f398b3) sll     a7, t2, t6
core   0: 3 0x80002f68 (0x01f398b3) x17 0x00000000
core   0: 0x80002f6c (0x00008c61) c.and   s0, s0
core   0: 3 0x80002f6c (0x8c61) x 8 0x010001f0
core   0: 0x80002f6e (0x79b66e93) ori     t4, a2, 1947
core   0: 3 0x80002f6e (0x79b66e93) x29 0x0001279b
core   0: 0x80002f72 (0x41a0ddb3) sra     s11, ra, s10
core   0: 3 0x80002f72 (0x41a0ddb3) x27 0x00000000
core   0: 0x80002f76 (0x00001c7d) c.addi  s8, -1
core   0: 3 0x80002f76 (0x1c7d) x24 0xc9ffffff
core   0: 0x80002f78 (0x53fac693) xori    a3, s5, 1343
core   0: 3 0x80002f78 (0x53fac693) x13 0x0161453f
core   0: 0x80002f7c (0x00db1d93) slli    s11, s6, 13
core   0: 3 0x80002f7c (0x00db1d93) x27 0x00140000
core   0: 0x80002f80 (0x01dad3b3) srl     t2, s5, t4
core   0: 3 0x80002f80 (0x01dad3b3) x 7 0x00000000
core   0: 0x80002f84 (0x00008945) c.andi  a0, 17
core   0: 3 0x80002f84 (0x8945) x10 0x00000011
core   0: 0x80002f86 (0x25124613) xori    a2, tp, 593
core   0: 3 0x80002f86 (0x25124613) x12 0x00000251
core   0: 0x80002f8a (0xaeba7b97) auipc   s7, 0xaeba7
core   0: 3 0x80002f8a (0xaeba7b97) x23 0x2eba9f8a
core   0: 0x80002f8e (0x001a9e93) slli    t4, s5, 1
core   0: 3 0x80002f8e (0x001a9e93) x29 0x02c28000
core   0: 0x80002f92 (0x00008b69) c.andi  a4, 26
core   0: 3 0x80002f92 (0x8b69) x14 0x00000000
core   0: 0x80002f94 (0x0180e433) or      s0, ra, s8
core   0: 3 0x80002f94 (0x0180e433) x 8 0xc9ffffff
core   0: 0x80002f98 (0x0000537d) c.li    t1, -1
core   0: 3 0x80002f98 (0x537d) x 6 0xffffffff
core   0: 0x80002f9a (0x00008efd) c.and   a3, a5
core   0: 3 0x80002f9a (0x8efd) x13 0x00000001
core   0: 0x80002f9c (0x00001bfd) c.addi  s7, -1
core   0: 3 0x80002f9c (0x1bfd) x23 0x2eba9f89
core   0: 0x80002f9e (0x400703b3) sub     t2, a4, zero
core   0: 3 0x80002f9e (0x400703b3) x 7 0x00000000
core   0: 0x80002fa2 (0x00008511) c.srai  a0, 4
core   0: 3 0x80002fa2 (0x8511) x10 0x00000001
core   0: 0x80002fa4 (0x032432b3) mulhu   t0, s0, s2
core   0: 3 0x80002fa4 (0x032432b3) x 5 0x00000120
core   0: 0x80002fa8 (0x0051f9b3) and     s3, gp, t0
core   0: 3 0x80002fa8 (0x0051f9b3) x19 0x00000000
core   0: 0x80002fac (0x00008edd) c.or    a3, a5
core   0: 3 0x80002fac (0x8edd) x13 0x00000001
core   0: 0x80002fae (0x00008d25) c.xor   a0, s1
core   0: 3 0x80002fae (0x8d25) x10 0x8000fe65
core   0: 0x80002fb0 (0x010225b3) slt     a1, tp, a6
core   0: 3 0x80002fb0 (0x010225b3) x11 0x00000000
core   0: 0x80002fb4 (0x4135dfb3) sra     t6, a1, s3
core   0: 3 0x80002fb4 (0x4135dfb3) x31 0x00000000
core   0: 0x80002fb8 (0x40a35613) srai    a2, t1, 10
core   0: 3 0x80002fb8 (0x40a35613) x12 0xffffffff
core   0: 0x80002fbc (0xb9590e93) addi    t4, s2, -1131
core   0: 3 0x80002fbc (0xb9590e93) x29 0xfffffd03
core   0: 0x80002fc0 (0x00215033) srl     zero, sp, sp
core   0: 3 0x80002fc0 (0x00215033)
core   0: 0x80002fc4 (0x03175d33) divu    s10, a4, a7
core   0: 3 0x80002fc4 (0x03175d33) x26 0xffffffff
core   0: 0x80002fc8 (0x0087d433) srl     s0, a5, s0
core   0: 3 0x80002fc8 (0x0087d433) x 8 0x00000000
core   0: 0x80002fcc (0x40dbd533) sra     a0, s7, a3
core   0: 3 0x80002fcc (0x40dbd533) x10 0x175d4fc4
core   0: 0x80002fd0 (0x00008e25) c.xor   a2, s1
core   0: 3 0x80002fd0 (0x8e25) x12 0x7fff019b
core   0: 0x80002fd2 (0x00000001) c.nop
core   0: 3 0x80002fd2 (0x0001)
core   0: 0x80002fd4 (0x02192f33) mulhsu  t5, s2, ra
core   0: 3 0x80002fd4 (0x02192f33) x30 0x00000000
core   0: 0x80002fd8 (0x028d09b3) mul     s3, s10, s0
core   0: 3 0x80002fd8 (0x028d09b3) x19 0x00000000
core   0: 0x80002fdc (0xcd5b0513) addi    a0, s6, -811
core   0: 3 0x80002fdc (0xcd5b0513) x10 0xfffffd75
core   0: 0x80002fe0 (0x00008f35) c.xor   a4, a3
core   0: 3 0x80002fe0 (0x8f35) x14 0x00000001
core   0: 0x80002fe2 (0x00008e19) c.sub   a2, a4
core   0: 3 0x80002fe2 (0x8e19) x12 0x7fff019a
core   0: 0x80002fe4 (0x00008512) c.mv    a0, tp
core   0: 3 0x80002fe4 (0x8512) x10 0x00000000
core   0: 0x80002fe6 (0xba8f8313) addi    t1, t6, -1112
core   0: 3 0x80002fe6 (0xba8f8313) x 6 0xfffffba8
core   0: 0x80002fea (0xba0c2c17) auipc   s8, 0xba0c2
core   0: 3 0x80002fea (0xba0c2c17) x24 0x3a0c4fea
core   0: 0x80002fee (0x02872d33) mulhsu  s10, a4, s0
core   0: 3 0x80002fee (0x02872d33) x26 0x00000000
core   0: 0x80002ff2 (0x5ccd3613) sltiu   a2, s10, 1484
core   0: 3 0x80002ff2 (0x5ccd3613) x12 0x00000001
core   0: 0x80002ff6 (0x00eca0b3) slt     ra, s9, a4
core   0: 3 0x80002ff6 (0x00eca0b3) x 1 0x00000001
core   0: 0x80002ffa (0x600bba13) sltiu   s4, s7, 1536
core   0: 3 0x80002ffa (0x600bba13) x20 0x00000000
core   0: 0x80002ffe (0x886d2413) slti    s0, s10, -1914
core   0: 3 0x80002ffe (0x886d2413) x 8 0x00000000
core   0: 0x80003002 (0x00008961) c.andi  a0, 24
core   0: 3 0x80003002 (0x8961) x10 0x00000000
core   0: 0x80003004 (0x017a43b3) xor     t2, s4, s7
core   0: 3 0x80003004 (0x017a43b3) x 7 0x2eba9f89
core   0: 0x80003008 (0x00e4eb33) or      s6, s1, a4
core   0: 3 0x80003008 (0x00e4eb33) x22 0x8000fe65
core   0: 0x8000300c (0x02238233) mul     tp, t2, sp
core   0: 3 0x8000300c (0x02238233) x 4 0x00000000
core   0: 0x80003010 (0x00008ed1) c.or    a3, a2
core   0: 3 0x80003010 (0x8ed1) x13 0x00000001
core   0: 0x80003012 (0x036d3f33) mulhu   t5, s10, s6
core   0: 3 0x80003012 (0x036d3f33) x30 0x00000000
core   0: 0x80003016 (0x02819033) mulh    zero, gp, s0
core   0: 3 0x80003016 (0x02819033)
core   0: 0x8000301a (0x000085f1) c.srai  a1, 28
core   0: 3 0x8000301a (0x85f1) x11 0x00000000
core   0: 0x8000301c (0x0000717d) c.addi16sp sp, -16
core   0: 3 0x8000301c (0x717d) x 2 0xfffffff0
core   0: 0x8000301e (0x00008ee9) c.and   a3, a0
core   0: 3 0x8000301e (0x8ee9) x13 0x00000000
core   0: 0x80003020 (0x00006d95) c.lui   s11, 0x5
core   0: 3 0x80003020 (0x6d95) x27 0x00005000
core   0: 0x80003022 (0x03b99c33) mulh    s8, s3, s11
core   0: 3 0x80003022 (0x03b99c33) x24 0x00000000
core   0: 0x80003026 (0x41925433) sra     s0, tp, s9
core   0: 3 0x80003026 (0x41925433) x 8 0x00000000
core   0: 0x8000302a (0x03491c33) mulh    s8, s2, s4
core   0: 3 0x8000302a (0x03491c33) x24 0x00000000
core   0: 0x8000302e (0x00004d81) c.li    s11, 0
core   0: 3 0x8000302e (0x4d81) x27 0x00000000
core   0: 0x80003030 (0xfff00213) li      tp, -1
core   0: 3 0x80003030 (0xfff00213) x 4 0xffffffff
core   0: 0x80003034 (0x00004281) c.li    t0, 0
core   0: 3 0x80003034 (0x4281) x 5 0x00000000
core   0: 0x80003036 (0x800009b7) lui     s3, 0x80000
core   0: 3 0x80003036 (0x800009b7) x19 0x80000000
core   0: 0x8000303a (0x800007b7) lui     a5, 0x80000
core   0: 3 0x8000303a (0x800007b7) x15 0x80000000
core   0: 0x8000303e (0xfff00193) li      gp, -1
core   0: 3 0x8000303e (0xfff00193) x 3 0xffffffff
core   0: 0x80003042 (0xfff00d13) li      s10, -1
core   0: 3 0x80003042 (0xfff00d13) x26 0xffffffff
core   0: 0x80003046 (0x12ac4f37) lui     t5, 0x12ac4
core   0: 3 0x80003046 (0x12ac4f37) x30 0x12ac4000
core   0: 0x8000304a (0x19af0f13) addi    t5, t5, 410
core   0: 3 0x8000304a (0x19af0f13) x30 0x12ac419a
core   0: 0x8000304e (0x80000b37) lui     s6, 0x80000
core   0: 3 0x8000304e (0x80000b37) x22 0x80000000
core   0: 0x80003052 (0x800006b7) lui     a3, 0x80000
core   0: 3 0x80003052 (0x800006b7) x13 0x80000000
core   0: 0x80003056 (0x00000001) c.nop
core   0: 3 0x80003056 (0x0001)
core   0: 0x80003058 (0x936802b7) lui     t0, 0x93680
core   0: 3 0x80003058 (0x936802b7) x 5 0x93680000
core   0: 0x8000305c (0x0252cdb3) div     s11, t0, t0
core   0: 3 0x8000305c (0x0252cdb3) x27 0x00000001
core   0: 0x80003060 (0x2f7eef17) auipc   t5, 0x2f7ee
core   0: 3 0x80003060 (0x2f7eef17) x30 0xaf7f1060
core   0: 0x80003064 (0x03af2b33) mulhsu  s6, t5, s10
core   0: 3 0x80003064 (0x03af2b33) x22 0xaf7f1060
core   0: 0x80003068 (0x03a69f33) mulh    t5, a3, s10
core   0: 3 0x80003068 (0x03a69f33) x30 0x00000000
core   0: 0x8000306c (0x025b26b3) mulhsu  a3, s6, t0
core   0: 3 0x8000306c (0x025b26b3) x13 0xd1a54205
core   0: 0x80003070 (0xd4678f13) addi    t5, a5, -698
core   0: 3 0x80003070 (0xd4678f13) x30 0x7ffffd46
core   0: 0x80003074 (0x00000001) c.nop
core   0: 3 0x80003074 (0x0001)
core   0: 0x80003076 (0x03a286b3) mul     a3, t0, s10
core   0: 3 0x80003076 (0x03a286b3) x13 0x6c980000
core   0: 0x8000307a (0x036d1233) mulh    tp, s10, s6
core   0: 3 0x8000307a (0x036d1233) x 4 0x00000000
core   0: 0x8000307e (0x024b0d33) mul     s10, s6, tp
core   0: 3 0x8000307e (0x024b0d33) x26 0x00000000
core   0: 0x80003082 (0xe69b9db7) lui     s11, 0xe69b9
core   0: 3 0x80003082 (0xe69b9db7) x27 0xe69b9000
core   0: 0x80003086 (0x023f5d33) divu    s10, t5, gp
core   0: 3 0x80003086 (0x023f5d33) x26 0x00000000
core   0: 0x8000308a (0x56b3c7b7) lui     a5, 0x56b3c
core   0: 3 0x8000308a (0x56b3c7b7) x15 0x56b3c000
core   0: 0x8000308e (0x01e689b3) add     s3, a3, t5
core   0: 3 0x8000308e (0x01e689b3) x19 0xec97fd46
core   0: 0x80003092 (0x03e23d33) mulhu   s10, tp, t5
core   0: 3 0x80003092 (0x03e23d33) x26 0x00000000
core   0: 0x80003096 (0x036d4b33) div     s6, s10, s6
core   0: 3 0x80003096 (0x036d4b33) x22 0x00000000
core   0: 0x8000309a (0x033d71b3) remu    gp, s10, s3
core   0: 3 0x8000309a (0x033d71b3) x 3 0x00000000
core   0: 0x8000309e (0x0366df33) divu    t5, a3, s6
core   0: 3 0x8000309e (0x0366df33) x30 0xffffffff
core   0: 0x800030a2 (0x9c4b7237) lui     tp, 0x9c4b7
core   0: 3 0x800030a2 (0x9c4b7237) x 4 0x9c4b7000
core   0: 0x800030a6 (0x40578233) sub     tp, a5, t0
core   0: 3 0x800030a6 (0x40578233) x 4 0xc34bc000
core   0: 0x800030aa (0x024d0db3) mul     s11, s10, tp
core   0: 3 0x800030aa (0x024d0db3) x27 0x00000000
core   0: 0x800030ae (0x03a22b33) mulhsu  s6, tp, s10
core   0: 3 0x800030ae (0x03a22b33) x22 0x00000000
core   0: 0x800030b2 (0x02fd8233) mul     tp, s11, a5
core   0: 3 0x800030b2 (0x02fd8233) x 4 0x00000000
core   0: 0x800030b6 (0x025686b3) mul     a3, a3, t0
core   0: 3 0x800030b6 (0x025686b3) x13 0x00000000
core   0: 0x800030ba (0x41ef09b3) sub     s3, t5, t5
core   0: 3 0x800030ba (0x41ef09b3) x19 0x00000000
core   0: 0x800030be (0x00000001) c.nop
core   0: 3 0x800030be (0x0001)
core   0: 0x800030c0 (0x00000e88) c.addi4spn a0, sp, 848
core   0: 3 0x800030c0 (0x0e88) x10 0x00000340
core   0: 0x800030c2 (0x00000001) c.nop
core   0: 3 0x800030c2 (0x0001)
core   0: 0x800030c4 (0x02d5bd33) mulhu   s10, a1, a3
core   0: 3 0x800030c4 (0x02d5bd33) x26 0x00000000
core   0: 0x800030c8 (0x00006aa9) c.lui   s5, 0xa
core   0: 3 0x800030c8 (0x6aa9) x21 0x0000a000
core   0: 0x800030ca (0x00000349) c.addi  t1, 18
core   0: 3 0x800030ca (0x0349) x 6 0xfffffbba
core   0: 0x800030cc (0xe372fc13) andi    s8, t0, -457
core   0: 3 0x800030cc (0xe372fc13) x24 0x93680000
core   0: 0x800030d0 (0xcf03c293) xori    t0, t2, -784
core   0: 3 0x800030d0 (0xcf03c293) x 5 0xd1456379
core   0: 0x800030d4 (0x012f06b3) add     a3, t5, s2
core   0: 3 0x800030d4 (0x012f06b3) x13 0x0000016d
core   0: 0x800030d8 (0x00008a09) c.andi  a2, 2
core   0: 3 0x800030d8 (0x8a09) x12 0x00000000
core   0: 0x800030da (0x031027b3) mulhsu  a5, zero, a7
core   0: 3 0x800030da (0x031027b3) x15 0x00000000
core   0: 0x800030de (0x03aaa3b3) mulhsu  t2, s5, s10
core   0: 3 0x800030de (0x03aaa3b3) x 7 0x00000000
core   0: 0x800030e2 (0x65709b97) auipc   s7, 0x65709
core   0: 3 0x800030e2 (0x65709b97) x23 0xe570c0e2
core   0: 0x800030e6 (0x0000942e) c.add   s0, a1
core   0: 3 0x800030e6 (0x942e) x 8 0x00000000
core   0: 0x800030e8 (0x03720a33) mul     s4, tp, s7
core   0: 3 0x800030e8 (0x03720a33) x20 0x00000000
core   0: 0x800030ec (0x000082b5) c.srli  a3, 13
core   0: 3 0x800030ec (0x82b5) x13 0x00000000
core   0: 0x800030ee (0x00000001) c.nop
core   0: 3 0x800030ee (0x0001)
core   0: 0x800030f0 (0xaf690617) auipc   a2, 0xaf690
core   0: 3 0x800030f0 (0xaf690617) x12 0x2f6930f0
core   0: 0x800030f4 (0x000019fd) c.addi  s3, -1
core   0: 3 0x800030f4 (0x19fd) x19 0xffffffff
core   0: 0x800030f6 (0xf170ec13) ori     s8, ra, -233
core   0: 3 0x800030f6 (0xf170ec13) x24 0xffffff17
core   0: 0x800030fa (0x00ce9a13) slli    s4, t4, 12
core   0: 3 0x800030fa (0x00ce9a13) x20 0xffd03000
core   0: 0x800030fe (0x41275b93) srai    s7, a4, 18
core   0: 3 0x800030fe (0x41275b93) x23 0x00000000
core   0: 0x80003102 (0x48f3a693) slti    a3, t2, 1167
core   0: 3 0x80003102 (0x48f3a693) x13 0x00000001
core   0: 0x80003106 (0x00000598) c.addi4spn a4, sp, 704
core   0: 3 0x80003106 (0x0598) x14 0x000002b0
core   0: 0x80003108 (0x015abc33) sltu    s8, s5, s5
core   0: 3 0x80003108 (0x015abc33) x24 0x00000000
core   0: 0x8000310c (0x000087b2) c.mv    a5, a2
core   0: 3 0x8000310c (0x87b2) x15 0x2f6930f0
core   0: 0x8000310e (0x01f89033) sll     zero, a7, t6
core   0: 3 0x8000310e (0x01f89033)
core   0: 0x80003112 (0x00008c41) c.or    s0, s0
core   0: 3 0x80003112 (0x8c41) x 8 0x00000000
core   0: 0x80003114 (0x00bdc5b3) xor     a1, s11, a1
core   0: 3 0x80003114 (0x00bdc5b3) x11 0x00000000
core   0: 0x80003118 (0x46f0f593) andi    a1, ra, 1135
core   0: 3 0x80003118 (0x46f0f593) x11 0x00000001
core   0: 0x8000311c (0x0207dfb3) divu    t6, a5, zero
core   0: 3 0x8000311c (0x0207dfb3) x31 0xffffffff
core   0: 0x80003120 (0x03fb36b3) mulhu   a3, s6, t6
core   0: 3 0x80003120 (0x03fb36b3) x13 0x00000000
core   0: 0x80003124 (0x00008ff9) c.and   a5, a4
core   0: 3 0x80003124 (0x8ff9) x15 0x000000b0
core   0: 0x80003126 (0x0164ad33) slt     s10, s1, s6
core   0: 3 0x80003126 (0x0164ad33) x26 0x00000001
core   0: 0x8000312a (0x02f5edb3) rem     s11, a1, a5
core   0: 3 0x8000312a (0x02f5edb3) x27 0x00000001
core   0: 0x8000312e (0x00006a89) c.lui   s5, 0x2
core   0: 3 0x8000312e (0x6a89) x21 0x00002000
core   0: 0x80003130 (0x00000001) c.nop
core   0: 3 0x80003130 (0x0001)
core   0: 0x80003132 (0x00eea733) slt     a4, t4, a4
core   0: 3 0x80003132 (0x00eea733) x14 0x00000001
core   0: 0x80003136 (0x17a85137) lui     sp, 0x17a85
core   0: 3 0x80003136 (0x17a85137) x 2 0x17a85000
core   0: 0x8000313a (0x03cc8f33) mul     t5, s9, t3
core   0: 3 0x8000313a (0x03cc8f33) x30 0x00000000
core   0: 0x8000313e (0x41315f13) srai    t5, sp, 19
core   0: 3 0x8000313e (0x41315f13) x30 0x000002f5
core   0: 0x80003142 (0x010d3533) sltu    a0, s10, a6
core   0: 3 0x80003142 (0x010d3533) x10 0x00000001
core   0: 0x80003146 (0x5a540113) addi    sp, s0, 1445
core   0: 3 0x80003146 (0x5a540113) x 2 0x000005a5
core   0: 0x8000314a (0x037d6e33) rem     t3, s10, s7
core   0: 3 0x8000314a (0x037d6e33) x28 0x00000001
core   0: 0x8000314e (0x010d5a13) srli    s4, s10, 16
core   0: 3 0x8000314e (0x010d5a13) x20 0x00000000
core   0: 0x80003152 (0x00000001) c.nop
core   0: 3 0x80003152 (0x0001)
core   0: 0x80003154 (0x40b4d993) srai    s3, s1, 11
core   0: 3 0x80003154 (0x40b4d993) x19 0xfff0001f
core   0: 0x80003158 (0x005a5b93) srli    s7, s4, 5
core   0: 3 0x80003158 (0x005a5b93) x23 0x00000000
core   0: 0x8000315c (0x00fb0333) add     t1, s6, a5
core   0: 3 0x8000315c (0x00fb0333) x 6 0x000000b0
core   0: 0x80003160 (0x00006141) c.addi16sp sp, 16
core   0: 3 0x80003160 (0x6141) x 2 0x000005b5
core   0: 0x80003162 (0x00008d55) c.or    a0, a3
core   0: 3 0x80003162 (0x8d55) x10 0x00000001
core   0: 0x80003164 (0x3c85b917) auipc   s2, 0x3c85b
core   0: 3 0x80003164 (0x3c85b917) x18 0xbc85e164
core   0: 0x80003168 (0x99e63db7) lui     s11, 0x99e63
core   0: 3 0x80003168 (0x99e63db7) x27 0x99e63000
core   0: 0x8000316c (0x0258e2b3) rem     t0, a7, t0
core   0: 3 0x8000316c (0x0258e2b3) x 5 0x00000000
core   0: 0x80003170 (0x00000001) c.nop
core   0: 3 0x80003170 (0x0001)
core   0: 0x80003172 (0x5e51fc37) lui     s8, 0x5e51f
core   0: 3 0x80003172 (0x5e51fc37) x24 0x5e51f000
core   0: 0x80003176 (0x000005b6) c.slli  a1, 13
core   0: 3 0x80003176 (0x05b6) x11 0x00002000
core   0: 0x80003178 (0x01e35733) srl     a4, t1, t5
core   0: 3 0x80003178 (0x01e35733) x14 0x00000000
core   0: 0x8000317c (0x00001b7d) c.addi  s6, -1
core   0: 3 0x8000317c (0x1b7d) x22 0xffffffff
core   0: 0x8000317e (0x01b647b3) xor     a5, a2, s11
core   0: 3 0x8000317e (0x01b647b3) x15 0xb68f00f0
core   0: 0x80003182 (0x0298ad33) mulhsu  s10, a7, s1
core   0: 3 0x80003182 (0x0298ad33) x26 0x00000000
core   0: 0x80003186 (0x00009afd) c.andi  a3, -1
core   0: 3 0x80003186 (0x9afd) x13 0x00000000
core   0: 0x80003188 (0x014d9393) slli    t2, s11, 20
core   0: 3 0x80003188 (0x014d9393) x 7 0x00000000
core   0: 0x8000318c (0x4daf0513) addi    a0, t5, 1242
core   0: 3 0x8000318c (0x4daf0513) x10 0x000007cf
core   0: 0x80003190 (0xae31f997) auipc   s3, 0xae31f
core   0: 3 0x80003190 (0xae31f997) x19 0x2e322190
core   0: 0x80003194 (0x00008f79) c.and   a4, a4
core   0: 3 0x80003194 (0x8f79) x14 0x00000000
core   0: 0x80003196 (0x0166cab3) xor     s5, a3, s6
core   0: 3 0x80003196 (0x0166cab3) x21 0xffffffff
core   0: 0x8000319a (0x016f6f33) or      t5, t5, s6
core   0: 3 0x8000319a (0x016f6f33) x30 0xffffffff
core   0: 0x8000319e (0x000067d1) c.lui   a5, 0x14
core   0: 3 0x8000319e (0x67d1) x15 0x00014000
core   0: 0x800031a0 (0x035bda33) divu    s4, s7, s5
core   0: 3 0x800031a0 (0x035bda33) x20 0x00000000
core   0: 0x800031a4 (0x00008e09) c.sub   a2, a0
core   0: 3 0x800031a4 (0x8e09) x12 0x2f692921
core   0: 0x800031a6 (0x0000137d) c.addi  t1, -1
core   0: 3 0x800031a6 (0x137d) x 6 0x000000af
core   0: 0x800031a8 (0x6f2149b7) lui     s3, 0x6f214
core   0: 3 0x800031a8 (0x6f2149b7) x19 0x6f214000
core   0: 0x800031ac (0x0000008a) c.slli  ra, 2
core   0: 3 0x800031ac (0x008a) x 1 0x00000004
core   0: 0x800031ae (0x020b0733) mul     a4, s6, zero
core   0: 3 0x800031ae (0x020b0733) x14 0x00000000
core   0: 0x800031b2 (0x00008165) c.srli  a0, 25
core   0: 3 0x800031b2 (0x8165) x10 0x00000000
core   0: 0x800031b4 (0x58b9e293) ori     t0, s3, 1419
core   0: 3 0x800031b4 (0x58b9e293) x 5 0x6f21458b
core   0: 0x800031b8 (0x00f8d013) srli    zero, a7, 15
core   0: 3 0x800031b8 (0x00f8d013)
core   0: 0x800031bc (0x01755893) srli    a7, a0, 23
core   0: 3 0x800031bc (0x01755893) x17 0x00000000
core   0: 0x800031c0 (0x000085e1) c.srai  a1, 24
core   0: 3 0x800031c0 (0x85e1) x11 0x00000000
core   0: 0x800031c2 (0x415ed7b3) sra     a5, t4, s5
core   0: 3 0x800031c2 (0x415ed7b3) x15 0xffffffff
core   0: 0x800031c6 (0x00bdfeb3) and     t4, s11, a1
core   0: 3 0x800031c6 (0x00bdfeb3) x29 0x00000000
core   0: 0x800031ca (0x00008ed2) c.mv    t4, s4
core   0: 3 0x800031ca (0x8ed2) x29 0x00000000
core   0: 0x800031cc (0x009c2a33) slt     s4, s8, s1
core   0: 3 0x800031cc (0x009c2a33) x20 0x00000000
core   0: 0x800031d0 (0x0319d5b3) divu    a1, s3, a7
core   0: 3 0x800031d0 (0x0319d5b3) x11 0xffffffff
core   0: 0x800031d4 (0x02ae2333) mulhsu  t1, t3, a0
core   0: 3 0x800031d4 (0x02ae2333) x 6 0x00000000
core   0: 0x800031d8 (0x02e253b3) divu    t2, tp, a4
core   0: 3 0x800031d8 (0x02e253b3) x 7 0xffffffff
core   0: 0x800031dc (0x00008c39) c.xor   s0, a4
core   0: 3 0x800031dc (0x8c39) x 8 0x00000000
core   0: 0x800031de (0x7d20cf93) xori    t6, ra, 2002
core   0: 3 0x800031de (0x7d20cf93) x31 0x000007d6
core   0: 0x800031e2 (0x00006161) c.addi16sp sp, 80
core   0: 3 0x800031e2 (0x6161) x 2 0x00000605
core   0: 0x800031e4 (0x036a8e33) mul     t3, s5, s6
core   0: 3 0x800031e4 (0x036a8e33) x28 0x00000001
core   0: 0x800031e8 (0x417e8c33) sub     s8, t4, s7
core   0: 3 0x800031e8 (0x417e8c33) x24 0x00000000
core   0: 0x800031ec (0x024a75b3) remu    a1, s4, tp
core   0: 3 0x800031ec (0x024a75b3) x11 0x00000000
core   0: 0x800031f0 (0x014a6f33) or      t5, s4, s4
core   0: 3 0x800031f0 (0x014a6f33) x30 0x00000000
core   0: 0x800031f4 (0x5b94ba93) sltiu   s5, s1, 1465
core   0: 3 0x800031f4 (0x5b94ba93) x21 0x00000000
core   0: 0x800031f8 (0x41f751b3) sra     gp, a4, t6
core   0: 3 0x800031f8 (0x41f751b3) x 3 0x00000000
core   0: 0x800031fc (0x01f993b3) sll     t2, s3, t6
core   0: 3 0x800031fc (0x01f993b3) x 7 0x00000000
core   0: 0x80003200 (0x025d09b3) mul     s3, s10, t0
core   0: 3 0x80003200 (0x025d09b3) x19 0x00000000
core   0: 0x80003204 (0x01817a33) and     s4, sp, s8
core   0: 3 0x80003204 (0x01817a33) x20 0x00000000
core   0: 0x80003208 (0x0000717d) c.addi16sp sp, -16
core   0: 3 0x80003208 (0x717d) x 2 0x000005f5
core   0: 0x8000320a (0x000010fd) c.addi  ra, -1
core   0: 3 0x8000320a (0x10fd) x 1 0x00000003
core   0: 0x8000320c (0x00008bf2) c.mv    s7, t3
core   0: 3 0x8000320c (0x8bf2) x23 0x00000001
core   0: 0x8000320e (0x0277b733) mulhu   a4, a5, t2
core   0: 3 0x8000320e (0x0277b733) x14 0x00000000
core   0: 0x80003212 (0x00000001) c.nop
core   0: 3 0x80003212 (0x0001)
core   0: 0x80003214 (0x417b5b93) srai    s7, s6, 23
core   0: 3 0x80003214 (0x417b5b93) x23 0xffffffff
core   0: 0x80003218 (0xf971ec13) ori     s8, gp, -105
core   0: 3 0x80003218 (0xf971ec13) x24 0xffffff97
core   0: 0x8000321c (0x00008f1d) c.sub   a4, a5
core   0: 3 0x8000321c (0x8f1d) x14 0x00000001
core   0: 0x8000321e (0xf6a1f913) andi    s2, gp, -150
core   0: 3 0x8000321e (0xf6a1f913) x18 0x00000000
core   0: 0x80003222 (0x00000001) c.nop
core   0: 3 0x80003222 (0x0001)
core   0: 0x80003224 (0x00000001) c.nop
core   0: 3 0x80003224 (0x0001)
core   0: 0x80003226 (0x00cf3933) sltu    s2, t5, a2
core   0: 3 0x80003226 (0x00cf3933) x18 0x00000001
core   0: 0x8000322a (0x03693eb3) mulhu   t4, s2, s6
core   0: 3 0x8000322a (0x03693eb3) x29 0x00000000
core   0: 0x8000322e (0x01597c33) and     s8, s2, s5
core   0: 3 0x8000322e (0x01597c33) x24 0x00000000
core   0: 0x80003232 (0x00000001) c.nop
core   0: 3 0x80003232 (0x0001)
core   0: 0x80003234 (0x0053ed33) or      s10, t2, t0
core   0: 3 0x80003234 (0x0053ed33) x26 0x6f21458b
core   0: 0x80003238 (0x00309a33) sll     s4, ra, gp
core   0: 3 0x80003238 (0x00309a33) x20 0x00000003
core   0: 0x8000323c (0x00000001) c.nop
core   0: 3 0x8000323c (0x0001)
core   0: 0x8000323e (0x402d07b3) sub     a5, s10, sp
core   0: 3 0x8000323e (0x402d07b3) x15 0x6f213f96
core   0: 0x80003242 (0xeac37413) andi    s0, t1, -340
core   0: 3 0x80003242 (0xeac37413) x 8 0x00000000
core   0: 0x80003246 (0x537a5897) auipc   a7, 0x537a5
core   0: 3 0x80003246 (0x537a5897) x17 0xd37a8246
core   0: 0x8000324a (0x00a61593) slli    a1, a2, 10
core   0: 3 0x8000324a (0x00a61593) x11 0xa4a48400
core   0: 0x8000324e (0x03511733) mulh    a4, sp, s5
core   0: 3 0x8000324e (0x03511733) x14 0x00000000
core   0: 0x80003252 (0x00004a01) c.li    s4, 0
core   0: 3 0x80003252 (0x4a01) x20 0x00000000
core   0: 0x80003254 (0x0a6ffdb7) lui     s11, 0xa6ff
core   0: 3 0x80003254 (0x0a6ffdb7) x27 0x0a6ff000
core   0: 0x80003258 (0x9fed8d93) addi    s11, s11, -1538
core   0: 3 0x80003258 (0x9fed8d93) x27 0x0a6fe9fe
core   0: 0x8000325c (0x80000137) lui     sp, 0x80000
core   0: 3 0x8000325c (0x80000137) x 2 0x80000000
core   0: 0x80003260 (0x800002b7) lui     t0, 0x80000
core   0: 3 0x80003260 (0x800002b7) x 5 0x80000000
core   0: 0x80003264 (0x32e18537) lui     a0, 0x32e18
core   0: 3 0x80003264 (0x32e18537) x10 0x32e18000
core   0: 0x80003268 (0xa9250513) addi    a0, a0, -1390
core   0: 3 0x80003268 (0xa9250513) x10 0x32e17a92
core   0: 0x8000326c (0x80000ab7) lui     s5, 0x80000
core   0: 3 0x8000326c (0x80000ab7) x21 0x80000000
core   0: 0x80003270 (0x00004781) c.li    a5, 0
core   0: 3 0x80003270 (0x4781) x15 0x00000000
core   0: 0x80003272 (0xcaf930b7) lui     ra, 0xcaf93
core   0: 3 0x80003272 (0xcaf930b7) x 1 0xcaf93000
core   0: 0x80003276 (0x64b08093) addi    ra, ra, 1611
core   0: 3 0x80003276 (0x64b08093) x 1 0xcaf9364b
core   0: 0x8000327a (0xfff00c13) li      s8, -1
core   0: 3 0x8000327a (0xfff00c13) x24 0xffffffff
core   0: 0x8000327e (0x80000937) lui     s2, 0x80000
core   0: 3 0x8000327e (0x80000937) x18 0x80000000
core   0: 0x80003282 (0x0250ba33) mulhu   s4, ra, t0
core   0: 3 0x80003282 (0x0250ba33) x20 0x657c9b25
core   0: 0x80003286 (0xe5a97517) auipc   a0, 0xe5a97
core   0: 3 0x80003286 (0xe5a97517) x10 0x65a9a286
core   0: 0x8000328a (0x02a7fdb3) remu    s11, a5, a0
core   0: 3 0x8000328a (0x02a7fdb3) x27 0x00000000
core   0: 0x8000328e (0x021ae7b3) rem     a5, s5, ra
core   0: 3 0x8000328e (0x021ae7b3) x15 0xea0d936a
core   0: 0x80003292 (0x03856533) rem     a0, a0, s8
core   0: 3 0x80003292 (0x03856533) x10 0x00000000
core   0: 0x80003296 (0x03bc2533) mulhsu  a0, s8, s11
core   0: 3 0x80003296 (0x03bc2533) x10 0x00000000
core   0: 0x8000329a (0x02fc1db3) mulh    s11, s8, a5
core   0: 3 0x8000329a (0x02fc1db3) x27 0x00000000
core   0: 0x8000329e (0x00000001) c.nop
core   0: 3 0x8000329e (0x0001)
core   0: 0x800032a0 (0x0352aab3) mulhsu  s5, t0, s5
core   0: 3 0x800032a0 (0x0352aab3) x21 0xc0000000
core   0: 0x800032a4 (0x5a36d2b7) lui     t0, 0x5a36d
core   0: 3 0x800032a4 (0x5a36d2b7) x 5 0x5a36d000
core   0: 0x800032a8 (0x1db60a37) lui     s4, 0x1db60
core   0: 3 0x800032a8 (0x1db60a37) x20 0x1db60000
core   0: 0x800032ac (0x40578a33) sub     s4, a5, t0
core   0: 3 0x800032ac (0x40578a33) x20 0x8fd6c36a
core   0: 0x800032b0 (0x038df533) remu    a0, s11, s8
core   0: 3 0x800032b0 (0x038df533) x10 0x00000000
core   0: 0x800032b4 (0x02f97db3) remu    s11, s2, a5
core   0: 3 0x800032b4 (0x02f97db3) x27 0x80000000
core   0: 0x800032b8 (0x034a10b3) mulh    ra, s4, s4
core   0: 3 0x800032b8 (0x034a10b3) x 1 0x31241ba7
core   0: 0x800032bc (0x00a50a33) add     s4, a0, a0
core   0: 3 0x800032bc (0x00a50a33) x20 0x00000000
core   0: 0x800032c0 (0x959a0d93) addi    s11, s4, -1703
core   0: 3 0x800032c0 (0x959a0d93) x27 0xfffff959
core   0: 0x800032c4 (0x56291c17) auipc   s8, 0x56291
core   0: 3 0x800032c4 (0x56291c17) x24 0xd62942c4
core   0: 0x800032c8 (0x0212a7b3) mulhsu  a5, t0, ra
core   0: 3 0x800032c8 (0x0212a7b3) x15 0x11513743
core   0: 0x800032cc (0x034c3133) mulhu   sp, s8, s4
core   0: 3 0x800032cc (0x034c3133) x 2 0x00000000
core   0: 0x800032d0 (0x0000817d) c.srli  a0, 31
core   0: 3 0x800032d0 (0x817d) x10 0x00000000
core   0: 0x800032d2 (0x00000685) c.addi  a3, 1
core   0: 3 0x800032d2 (0x0685) x13 0x00000001
core   0: 0x800032d4 (0x00008c49) c.or    s0, a0
core   0: 3 0x800032d4 (0x8c49) x 8 0x00000000
core   0: 0x800032d6 (0x00000e22) c.slli  t3, 8
core   0: 3 0x800032d6 (0x0e22) x28 0x00000100
core   0: 0x800032d8 (0x000008fa) c.slli  a7, 30
core   0: 3 0x800032d8 (0x08fa) x17 0x80000000
core   0: 0x800032da (0xbc376093) ori     ra, a4, -1085
core   0: 3 0x800032da (0xbc376093) x 1 0xfffffbc3
core   0: 0x800032de (0x0291bdb3) mulhu   s11, gp, s1
core   0: 3 0x800032de (0x0291bdb3) x27 0x00000000
core   0: 0x800032e2 (0x38460013) addi    zero, a2, 900
core   0: 3 0x800032e2 (0x38460013)
core   0: 0x800032e6 (0x00000198) c.addi4spn a4, sp, 192
core   0: 3 0x800032e6 (0x0198) x14 0x000000c0
core   0: 0x800032e8 (0x00008135) c.srli  a0, 13
core   0: 3 0x800032e8 (0x8135) x10 0x00000000
core   0: 0x800032ea (0xab104c13) xori    s8, zero, -1359
core   0: 3 0x800032ea (0xab104c13) x24 0xfffffab1
core   0: 0x800032ee (0x02ab97b3) mulh    a5, s7, a0
core   0: 3 0x800032ee (0x02ab97b3) x15 0x00000000
core   0: 0x800032f2 (0x00008e56) c.mv    t3, s5
core   0: 3 0x800032f2 (0x8e56) x28 0xc0000000
core   0: 0x800032f4 (0x00006a95) c.lui   s5, 0x5
core   0: 3 0x800032f4 (0x6a95) x21 0x00005000
core   0: 0x800032f6 (0xcbaa4193) xori    gp, s4, -838
core   0: 3 0x800032f6 (0xcbaa4193) x 3 0xfffffcba
core   0: 0x800032fa (0x02aaaeb3) mulhsu  t4, s5, a0
core   0: 3 0x800032fa (0x02aaaeb3) x29 0x00000000
core   0: 0x800032fe (0x2c9c2a93) slti    s5, s8, 713
core   0: 3 0x800032fe (0x2c9c2a93) x21 0x00000001
core   0: 0x80003302 (0x00008a72) c.mv    s4, t3
core   0: 3 0x80003302 (0x8a72) x20 0xc0000000
core   0: 0x80003304 (0x01f86bb3) or      s7, a6, t6
core   0: 3 0x80003304 (0x01f86bb3) x23 0x80013ff6
core   0: 0x80003308 (0x03511d33) mulh    s10, sp, s5
core   0: 3 0x80003308 (0x03511d33) x26 0x00000000
core   0: 0x8000330c (0x00008d7a) c.mv    s10, t5
core   0: 3 0x8000330c (0x8d7a) x26 0x00000000
core   0: 0x8000330e (0x0000997d) c.andi  a0, -1
core   0: 3 0x8000330e (0x997d) x10 0x00000000
core   0: 0x80003310 (0x00008351) c.srli  a4, 20
core   0: 3 0x80003310 (0x8351) x14 0x00000000
core   0: 0x80003312 (0x00ba79b3) and     s3, s4, a1
core   0: 3 0x80003312 (0x00ba79b3) x19 0x80000000
core   0: 0x80003316 (0x00000001) c.nop
core   0: 3 0x80003316 (0x0001)
core   0: 0x80003318 (0x29dc8d17) auipc   s10, 0x29dc8
core   0: 3 0x80003318 (0x29dc8d17) x26 0xa9dcb318
core   0: 0x8000331c (0x00008dc9) c.or    a1, a0
core   0: 3 0x8000331c (0x8dc9) x11 0xa4a48400
core   0: 0x8000331e (0x00b7f8b3) and     a7, a5, a1
core   0: 3 0x8000331e (0x00b7f8b3) x17 0x00000000
core   0: 0x80003322 (0x025dbeb3) mulhu   t4, s11, t0
core   0: 3 0x80003322 (0x025dbeb3) x29 0x00000000
core   0: 0x80003326 (0x00147fb3) and     t6, s0, ra
core   0: 3 0x80003326 (0x00147fb3) x31 0x00000000
core   0: 0x8000332a (0x401d8db3) sub     s11, s11, ra
core   0: 3 0x8000332a (0x401d8db3) x27 0x0000043d
core   0: 0x8000332e (0x000083a9) c.srli  a5, 10
core   0: 3 0x8000332e (0x83a9) x15 0x00000000
core   0: 0x80003330 (0x039ed733) divu    a4, t4, s9
core   0: 3 0x80003330 (0x039ed733) x14 0xffffffff
core   0: 0x80003334 (0x00008a72) c.mv    s4, t3
core   0: 3 0x80003334 (0x8a72) x20 0xc0000000
core   0: 0x80003336 (0x01048133) add     sp, s1, a6
core   0: 3 0x80003336 (0x01048133) x 2 0x00023b48
core   0: 0x8000333a (0x00000001) c.nop
core   0: 3 0x8000333a (0x0001)
core   0: 0x8000333c (0x00008a09) c.andi  a2, 2
core   0: 3 0x8000333c (0x8a09) x12 0x00000000
core   0: 0x8000333e (0x01bc5db3) srl     s11, s8, s11
core   0: 3 0x8000333e (0x01bc5db3) x27 0x00000007
core   0: 0x80003342 (0x031c28b3) mulhsu  a7, s8, a7
core   0: 3 0x80003342 (0x031c28b3) x17 0x00000000
core   0: 0x80003346 (0x03b96b33) rem     s6, s2, s11
core   0: 3 0x80003346 (0x03b96b33) x22 0xfffffffe
core   0: 0x8000334a (0x00008011) c.srli  s0, 4
core   0: 3 0x8000334a (0x8011) x 8 0x00000000
core   0: 0x8000334c (0x000085b1) c.srai  a1, 12
core   0: 3 0x8000334c (0x85b1) x11 0xfffa4a48
core   0: 0x8000334e (0x00008359) c.srli  a4, 22
core   0: 3 0x8000334e (0x8359) x14 0x000003ff
core   0: 0x80003350 (0x00008f85) c.sub   a5, s1
core   0: 3 0x80003350 (0x8f85) x15 0x7fff019c
core   0: 0x80003352 (0x9756bd93) sltiu   s11, a3, -1675
core   0: 3 0x80003352 (0x9756bd93) x27 0x00000001
core   0: 0x80003356 (0x41f3da93) srai    s5, t2, 31
core   0: 3 0x80003356 (0x41f3da93) x21 0x00000000
core   0: 0x8000335a (0xb8c33f13) sltiu   t5, t1, -1140
core   0: 3 0x8000335a (0xb8c33f13) x30 0x00000001
core   0: 0x8000335e (0x00000001) c.nop
core   0: 3 0x8000335e (0x0001)
core   0: 0x80003360 (0xd328a593) slti    a1, a7, -718
core   0: 3 0x80003360 (0xd328a593) x11 0x00000000
core   0: 0x80003364 (0x78454e17) auipc   t3, 0x78454
core   0: 3 0x80003364 (0x78454e17) x28 0xf8457364
core   0: 0x80003368 (0x000081e1) c.srli  a1, 24
core   0: 3 0x80003368 (0x81e1) x11 0x00000000
core   0: 0x8000336a (0x00ecd793) srli    a5, s9, 14
core   0: 3 0x8000336a (0x00ecd793) x15 0x00000000
core   0: 0x8000336e (0x00008d69) c.and   a0, a0
core   0: 3 0x8000336e (0x8d69) x10 0x00000000
core   0: 0x80003370 (0x5bc93a93) sltiu   s5, s2, 1468
core   0: 3 0x80003370 (0x5bc93a93) x21 0x00000000
core   0: 0x80003374 (0x37c03bb7) lui     s7, 0x37c03
core   0: 3 0x80003374 (0x37c03bb7) x23 0x37c03000
core   0: 0x80003378 (0x01aae8b3) or      a7, s5, s10
core   0: 3 0x80003378 (0x01aae8b3) x17 0xa9dcb318
core   0: 0x8000337c (0x403bd193) srai    gp, s7, 3
core   0: 3 0x8000337c (0x403bd193) x 3 0x06f80600
core   0: 0x80003380 (0x00000001) c.nop
core   0: 3 0x80003380 (0x0001)
core   0: 0x80003382 (0x00009896) c.add   a7, t0
core   0: 3 0x80003382 (0x9896) x17 0x04138318
core   0: 0x80003384 (0x004a75b3) and     a1, s4, tp
core   0: 3 0x80003384 (0x004a75b3) x11 0x00000000
core   0: 0x80003388 (0x40ebdc13) srai    s8, s7, 14
core   0: 3 0x80003388 (0x40ebdc13) x24 0x0000df00
core   0: 0x8000338c (0xc4c43013) sltiu   zero, s0, -948
core   0: 3 0x8000338c (0xc4c43013)
core   0: 0x80003390 (0x038c7633) remu    a2, s8, s8
core   0: 3 0x80003390 (0x038c7633) x12 0x00000000
core   0: 0x80003394 (0x00fa1733) sll     a4, s4, a5
core   0: 3 0x80003394 (0x00fa1733) x14 0xc0000000
core   0: 0x80003398 (0x00008436) c.mv    s0, a3
core   0: 3 0x80003398 (0x8436) x 8 0x00000001
core   0: 0x8000339a (0x00d3e433) or      s0, t2, a3
core   0: 3 0x8000339a (0x00d3e433) x 8 0x00000001
core   0: 0x8000339e (0x02ddb633) mulhu   a2, s11, a3
core   0: 3 0x8000339e (0x02ddb633) x12 0x00000000
core   0: 0x800033a2 (0x0134d8b3) srl     a7, s1, s3
core   0: 3 0x800033a2 (0x0134d8b3) x17 0x8000fe64
core   0: 0x800033a6 (0x01a2d993) srli    s3, t0, 26
core   0: 3 0x800033a6 (0x01a2d993) x19 0x00000016
core   0: 0x800033aa (0x00006109) c.addi16sp sp, 128
core   0: 3 0x800033aa (0x6109) x 2 0x00023bc8
core   0: 0x800033ac (0x027e4fb3) div     t6, t3, t2
core   0: 3 0x800033ac (0x027e4fb3) x31 0xffffffff
core   0: 0x800033b0 (0x0196ffb3) and     t6, a3, s9
core   0: 3 0x800033b0 (0x0196ffb3) x31 0x00000000
core   0: 0x800033b4 (0x02929fb3) mulh    t6, t0, s1
core   0: 3 0x800033b4 (0x02929fb3) x31 0xd2e4f1a5
core   0: 0x800033b8 (0x59d53b13) sltiu   s6, a0, 1437
core   0: 3 0x800033b8 (0x59d53b13) x22 0x00000001
core   0: 0x800033bc (0x032dac33) mulhsu  s8, s11, s2
core   0: 3 0x800033bc (0x032dac33) x24 0x00000000
core   0: 0x800033c0 (0x00006389) c.lui   t2, 0x2
core   0: 3 0x800033c0 (0x6389) x 7 0x00002000
core   0: 0x800033c2 (0x0000824a) c.mv    tp, s2
core   0: 3 0x800033c2 (0x824a) x 4 0x80000000
core   0: 0x800033c4 (0x41c6d1b3) sra     gp, a3, t3
core   0: 3 0x800033c4 (0x41c6d1b3) x 3 0x00000000
core   0: 0x800033c8 (0x03449db3) mulh    s11, s1, s4
core   0: 3 0x800033c8 (0x03449db3) x27 0x1fffc067
core   0: 0x800033cc (0x01b95433) srl     s0, s2, s11
core   0: 3 0x800033cc (0x01b95433) x 8 0x01000000
core   0: 0x800033d0 (0x79519eb7) lui     t4, 0x79519
core   0: 3 0x800033d0 (0x79519eb7) x29 0x79519000
core   0: 0x800033d4 (0x008626b3) slt     a3, a2, s0
core   0: 3 0x800033d4 (0x008626b3) x13 0x00000001
core   0: 0x800033d8 (0x00000001) c.nop
core   0: 3 0x800033d8 (0x0001)
core   0: 0x800033da (0x017977b3) and     a5, s2, s7
core   0: 3 0x800033da (0x017977b3) x15 0x00000000
core   0: 0x800033de (0x35e36713) ori     a4, t1, 862
core   0: 3 0x800033de (0x35e36713) x14 0x0000035e
core   0: 0x800033e2 (0x0218d233) divu    tp, a7, ra
core   0: 3 0x800033e2 (0x0218d233) x 4 0x00000000
core   0: 0x800033e6 (0x017400b3) add     ra, s0, s7
core   0: 3 0x800033e6 (0x017400b3) x 1 0x38c03000
core   0: 0x800033ea (0x00008141) c.srli  a0, 16
core   0: 3 0x800033ea (0x8141) x10 0x00000000
core   0: 0x800033ec (0x0014b933) sltu    s2, s1, ra
core   0: 3 0x800033ec (0x0014b933) x18 0x00000000
core   0: 0x800033f0 (0x00000aae) c.slli  s5, 11
core   0: 3 0x800033f0 (0x0aae) x21 0x00000000
core   0: 0x800033f2 (0x9cc8c793) xori    a5, a7, -1588
core   0: 3 0x800033f2 (0x9cc8c793) x15 0x7fff07a8
core   0: 0x800033f6 (0x00000001) c.nop
core   0: 3 0x800033f6 (0x0001)
core   0: 0x800033f8 (0x016a98b3) sll     a7, s5, s6
core   0: 3 0x800033f8 (0x016a98b3) x17 0x00000000
core   0: 0x800033fc (0x70c86413) ori     s0, a6, 1804
core   0: 3 0x800033fc (0x70c86413) x 8 0x80013fec
core   0: 0x80003400 (0x00f085b3) add     a1, ra, a5
core   0: 3 0x80003400 (0x00f085b3) x11 0xb8bf37a8
core   0: 0x80003404 (0x0000947a) c.add   s0, t5
core   0: 3 0x80003404 (0x947a) x 8 0x80013fed
core   0: 0x80003406 (0xbb8f3c13) sltiu   s8, t5, -1096
core   0: 3 0x80003406 (0xbb8f3c13) x24 0x00000001
core   0: 0x8000340a (0xc67e7637) lui     a2, 0xc67e7
core   0: 3 0x8000340a (0xc67e7637) x12 0xc67e7000
core   0: 0x8000340e (0x00db3433) sltu    s0, s6, a3
core   0: 3 0x8000340e (0x00db3433) x 8 0x00000000
core   0: 0x80003412 (0x000086cd) c.srai  a3, 19
core   0: 3 0x80003412 (0x86cd) x13 0x00000000
core   0: 0x80003414 (0x003956b3) srl     a3, s2, gp
core   0: 3 0x80003414 (0x003956b3) x13 0x00000000
core   0: 0x80003418 (0x0061e633) or      a2, gp, t1
core   0: 3 0x80003418 (0x0061e633) x12 0x00000000
core   0: 0x8000341c (0x62de5897) auipc   a7, 0x62de5
core   0: 3 0x8000341c (0x62de5897) x17 0xe2de841c
core   0: 0x80003420 (0x00e2b933) sltu    s2, t0, a4
core   0: 3 0x80003420 (0x00e2b933) x18 0x00000000
core   0: 0x80003424 (0x00000e0a) c.slli  t3, 2
core   0: 3 0x80003424 (0x0e0a) x28 0xe115cd90
core   0: 0x80003426 (0xad490913) addi    s2, s2, -1324
core   0: 3 0x80003426 (0xad490913) x18 0xfffffad4
core   0: 0x8000342a (0x02b9cdb3) div     s11, s3, a1
core   0: 3 0x8000342a (0x02b9cdb3) x27 0x00000000
core   0: 0x8000342e (0x00008e95) c.sub   a3, a3
core   0: 3 0x8000342e (0x8e95) x13 0x00000000
core   0: 0x80003430 (0x00006109) c.addi16sp sp, 128
core   0: 3 0x80003430 (0x6109) x 2 0x00023c48
core   0: 0x80003432 (0x004e90b3) sll     ra, t4, tp
core   0: 3 0x80003432 (0x004e90b3) x 1 0x79519000
core   0: 0x80003436 (0x000006ae) c.slli  a3, 11
core   0: 3 0x80003436 (0x06ae) x13 0x00000000
core   0: 0x80003438 (0x99f16f93) ori     t6, sp, -1633
core   0: 3 0x80003438 (0x99f16f93) x31 0xfffffddf
core   0: 0x8000343c (0x000083f5) c.srli  a5, 29
core   0: 3 0x8000343c (0x83f5) x15 0x00000003
core   0: 0x8000343e (0x03469a33) mulh    s4, a3, s4
core   0: 3 0x8000343e (0x03469a33) x20 0x00000000
core   0: 0x80003442 (0x40190033) sub     zero, s2, ra
core   0: 3 0x80003442 (0x40190033)
core   0: 0x80003446 (0x96a13193) sltiu   gp, sp, -1686
core   0: 3 0x80003446 (0x96a13193) x 3 0x00000001
core   0: 0x8000344a (0x2984da97) auipc   s5, 0x2984d
core   0: 3 0x8000344a (0x2984da97) x21 0xa985044a
core   0: 0x8000344e (0x028a8633) mul     a2, s5, s0
core   0: 3 0x8000344e (0x028a8633) x12 0x00000000
core   0: 0x80003452 (0x00008ed5) c.or    a3, a3
core   0: 3 0x80003452 (0x8ed5) x13 0x00000000
core   0: 0x80003454 (0x007508b3) add     a7, a0, t2
core   0: 3 0x80003454 (0x007508b3) x17 0x00002000
core   0: 0x80003458 (0x00008efd) c.and   a3, a5
core   0: 3 0x80003458 (0x8efd) x13 0x00000000
core   0: 0x8000345a (0x413e5eb3) sra     t4, t3, s3
core   0: 3 0x8000345a (0x413e5eb3) x29 0xffffff84
core   0: 0x8000345e (0x0319f5b3) remu    a1, s3, a7
core   0: 3 0x8000345e (0x0319f5b3) x11 0x00000016
core   0: 0x80003462 (0x025861b3) rem     gp, a6, t0
core   0: 3 0x80003462 (0x025861b3) x 3 0xda380ce4
core   0: 0x80003466 (0x026bb3b3) mulhu   t2, s7, t1
core   0: 3 0x80003466 (0x026bb3b3) x 7 0x00000000
core   0: 0x8000346a (0x01995033) srl     zero, s2, s9
core   0: 3 0x8000346a (0x01995033)
core   0: 0x8000346e (0x01941393) slli    t2, s0, 25
core   0: 3 0x8000346e (0x01941393) x 7 0x00000000
core   0: 0x80003472 (0x00008de1) c.and   a1, s0
core   0: 3 0x80003472 (0x8de1) x11 0x00000000
core   0: 0x80003474 (0x03345433) divu    s0, s0, s3
core   0: 3 0x80003474 (0x03345433) x 8 0x00000000
core   0: 0x80003478 (0x000006e6) c.slli  a3, 25
core   0: 3 0x80003478 (0x06e6) x13 0x00000000
core   0: 0x8000347a (0x00000001) c.nop
core   0: 3 0x8000347a (0x0001)
core   0: 0x8000347c (0x0179ee33) or      t3, s3, s7
core   0: 3 0x8000347c (0x0179ee33) x28 0x37c03016
core   0: 0x80003480 (0x0365d633) divu    a2, a1, s6
core   0: 3 0x80003480 (0x0365d633) x12 0x00000000
core   0: 0x80003484 (0x00000001) c.nop
core   0: 3 0x80003484 (0x0001)
core   0: 0x80003486 (0x00000001) c.nop
core   0: 3 0x80003486 (0x0001)
core   0: 0x80003488 (0x00008556) c.mv    a0, s5
core   0: 3 0x80003488 (0x8556) x10 0xa985044a
core   0: 0x8000348a (0x018f37b3) sltu    a5, t5, s8
core   0: 3 0x8000348a (0x018f37b3) x15 0x00000000
core   0: 0x8000348e (0x027dea33) rem     s4, s11, t2
core   0: 3 0x8000348e (0x027dea33) x20 0x00000000
core   0: 0x80003492 (0x0041f8b3) and     a7, gp, tp
core   0: 3 0x80003492 (0x0041f8b3) x17 0x00000000
core   0: 0x80003496 (0x3d901137) lui     sp, 0x3d901
core   0: 3 0x80003496 (0x3d901137) x 2 0x3d901000
core   0: 0x8000349a (0x11338593) addi    a1, t2, 275
core   0: 3 0x8000349a (0x11338593) x11 0x00000113
core   0: 0x8000349e (0x0016bb33) sltu    s6, a3, ra
core   0: 3 0x8000349e (0x0016bb33) x22 0x00000001
core   0: 0x800034a2 (0x03426fb3) rem     t6, tp, s4
core   0: 3 0x800034a2 (0x03426fb3) x31 0x00000000
core   0: 0x800034a6 (0x00008c11) c.sub   s0, a2
core   0: 3 0x800034a6 (0x8c11) x 8 0x00000000
core   0: 0x800034a8 (0x0053dc13) srli    s8, t2, 5
core   0: 3 0x800034a8 (0x0053dc13) x24 0x00000000
core   0: 0x800034ac (0x017e2033) slt     zero, t3, s7
core   0: 3 0x800034ac (0x017e2033)
core   0: 0x800034b0 (0x01eab3b3) sltu    t2, s5, t5
core   0: 3 0x800034b0 (0x01eab3b3) x 7 0x00000000
core   0: 0x800034b4 (0x010d0b33) add     s6, s10, a6
core   0: 3 0x800034b4 (0x010d0b33) x22 0x29ddeffc
core   0: 0x800034b8 (0x00008e91) c.sub   a3, a2
core   0: 3 0x800034b8 (0x8e91) x13 0x00000000
core   0: 0x800034ba (0x01c7a9b3) slt     s3, a5, t3
core   0: 3 0x800034ba (0x01c7a9b3) x19 0x00000001
core   0: 0x800034be (0x003263b3) or      t2, tp, gp
core   0: 3 0x800034be (0x003263b3) x 7 0xda380ce4
core   0: 0x800034c2 (0x00001dfd) c.addi  s11, -1
core   0: 3 0x800034c2 (0x1dfd) x27 0xffffffff
core   0: 0x800034c4 (0x00006b61) c.lui   s6, 0x18
core   0: 3 0x800034c4 (0x6b61) x22 0x00018000
core   0: 0x800034c6 (0x00000001) c.nop
core   0: 3 0x800034c6 (0x0001)
core   0: 0x800034c8 (0x40b2d093) srai    ra, t0, 11
core   0: 3 0x800034c8 (0x40b2d093) x 1 0x000b46da
core   0: 0x800034cc (0x00008372) c.mv    t1, t3
core   0: 3 0x800034cc (0x8372) x 6 0x37c03016
core   0: 0x800034ce (0x000045a1) c.li    a1, 8
core   0: 3 0x800034ce (0x45a1) x11 0x00000008
core   0: 0x800034d0 (0xc6006213) ori     tp, zero, -928
core   0: 3 0x800034d0 (0xc6006213) x 4 0xfffffc60
core   0: 0x800034d4 (0x00008dbd) c.xor   a1, a5
core   0: 3 0x800034d4 (0x8dbd) x11 0x00000008
core   0: 0x800034d6 (0x00008475) c.srai  s0, 29
core   0: 3 0x800034d6 (0x8475) x 8 0x00000000
core   0: 0x800034d8 (0x01965fb3) srl     t6, a2, s9
core   0: 3 0x800034d8 (0x01965fb3) x31 0x00000000
core   0: 0x800034dc (0x00085113) srli    sp, a6, 0
core   0: 3 0x800034dc (0x00085113) x 2 0x80013ce4
core   0: 0x800034e0 (0x1790eeb7) lui     t4, 0x1790e
core   0: 3 0x800034e0 (0x1790eeb7) x29 0x1790e000
core   0: 0x800034e4 (0x5e3f3113) sltiu   sp, t5, 1507
core   0: 3 0x800034e4 (0x5e3f3113) x 2 0x00000001
core   0: 0x800034e8 (0x000002c1) c.addi  t0, 16
core   0: 3 0x800034e8 (0x02c1) x 5 0x5a36d010
core   0: 0x800034ea (0x035c4033) div     zero, s8, s5
core   0: 3 0x800034ea (0x035c4033)
core   0: 0x800034ee (0x00008d69) c.and   a0, a0
core   0: 3 0x800034ee (0x8d69) x10 0xa985044a
core   0: 0x800034f0 (0x41d182b3) sub     t0, gp, t4
core   0: 3 0x800034f0 (0x41d182b3) x 5 0xc2a72ce4
core   0: 0x800034f4 (0x03e46233) rem     tp, s0, t5
core   0: 3 0x800034f4 (0x03e46233) x 4 0x00000000
core   0: 0x800034f8 (0x025febb3) rem     s7, t6, t0
core   0: 3 0x800034f8 (0x025febb3) x23 0x00000000
core   0: 0x800034fc (0x021b7eb3) remu    t4, s6, ra
core   0: 3 0x800034fc (0x021b7eb3) x29 0x00018000
core   0: 0x80003500 (0x411adf93) srai    t6, s5, 17
core   0: 3 0x80003500 (0x411adf93) x31 0xffffd4c2
core   0: 0x80003504 (0x00dc4a33) xor     s4, s8, a3
core   0: 3 0x80003504 (0x00dc4a33) x20 0x00000000
core   0: 0x80003508 (0xde01c313) xori    t1, gp, -544
core   0: 3 0x80003508 (0xde01c313) x 6 0x25c7f104
core   0: 0x8000350c (0x64193093) sltiu   ra, s2, 1601
core   0: 3 0x8000350c (0x64193093) x 1 0x00000000
core   0: 0x80003510 (0x000098a2) c.add   a7, s0
core   0: 3 0x80003510 (0x98a2) x17 0x00000000
core   0: 0x80003512 (0x0068b8b3) sltu    a7, a7, t1
core   0: 3 0x80003512 (0x0068b8b3) x17 0x00000001
core   0: 0x80003516 (0x02b995b3) mulh    a1, s3, a1
core   0: 3 0x80003516 (0x02b995b3) x11 0x00000000
core   0: 0x8000351a (0x03330133) mul     sp, t1, s3
core   0: 3 0x8000351a (0x03330133) x 2 0x25c7f104
core   0: 0x8000351e (0x03a31233) mulh    tp, t1, s10
core   0: 3 0x8000351e (0x03a31233) x 4 0xf3499f59
core   0: 0x80003522 (0x000000c2) c.slli  ra, 16
core   0: 3 0x80003522 (0x00c2) x 1 0x00000000
core   0: 0x80003524 (0x8a383293) sltiu   t0, a6, -1885
core   0: 3 0x80003524 (0x8a383293) x 5 0x00000001
core   0: 0x80003528 (0x016f9613) slli    a2, t6, 22
core   0: 3 0x80003528 (0x016f9613) x12 0x30800000
core   0: 0x8000352c (0x00000c6e) c.slli  s8, 27
core   0: 3 0x8000352c (0x0c6e) x24 0x00000000
core   0: 0x8000352e (0x056b8797) auipc   a5, 0x56b8
core   0: 3 0x8000352e (0x056b8797) x15 0x856bb52e
core   0: 0x80003532 (0x000009aa) c.slli  s3, 10
core   0: 3 0x80003532 (0x09aa) x19 0x00000400
core   0: 0x80003534 (0x000099fd) c.andi  a1, -1
core   0: 3 0x80003534 (0x99fd) x11 0x00000000
core   0: 0x80003536 (0x03d00b33) mul     s6, zero, t4
core   0: 3 0x80003536 (0x03d00b33) x22 0x00000000
core   0: 0x8000353a (0x00000001) c.nop
core   0: 3 0x8000353a (0x0001)
core   0: 0x8000353c (0x00008609) c.srai  a2, 2
core   0: 3 0x8000353c (0x8609) x12 0x0c200000
core   0: 0x8000353e (0xca06cb93) xori    s7, a3, -864
core   0: 3 0x8000353e (0xca06cb93) x23 0xfffffca0
core   0: 0x80003542 (0x09a98793) addi    a5, s3, 154
core   0: 3 0x80003542 (0x09a98793) x15 0x0000049a
core   0: 0x80003546 (0xf04bcc13) xori    s8, s7, -252
core   0: 3 0x80003546 (0xf04bcc13) x24 0x000003a4
core   0: 0x8000354a (0x40445e33) sra     t3, s0, tp
core   0: 3 0x8000354a (0x40445e33) x28 0x00000000
core   0: 0x8000354e (0x6b2b4637) lui     a2, 0x6b2b4
core   0: 3 0x8000354e (0x6b2b4637) x12 0x6b2b4000
core   0: 0x80003552 (0xcd1c1a97) auipc   s5, 0xcd1c1
core   0: 3 0x80003552 (0xcd1c1a97) x21 0x4d1c4552
core   0: 0x80003556 (0x00f8d093) srli    ra, a7, 15
core   0: 3 0x80003556 (0x00f8d093) x 1 0x00000000
core   0: 0x8000355a (0x00006159) c.addi16sp sp, 400
core   0: 3 0x8000355a (0x6159) x 2 0x25c7f294
core   0: 0x8000355c (0x00888133) add     sp, a7, s0
core   0: 3 0x8000355c (0x00888133) x 2 0x00000001
core   0: 0x80003560 (0x03595033) divu    zero, s2, s5
core   0: 3 0x80003560 (0x03595033)
core   0: 0x80003564 (0x6e4ae913) ori     s2, s5, 1764
core   0: 3 0x80003564 (0x6e4ae913) x18 0x4d1c47f6
core   0: 0x80003568 (0x451b4593) xori    a1, s6, 1105
core   0: 3 0x80003568 (0x451b4593) x11 0x00000451
core   0: 0x8000356c (0x01e020b3) slt     ra, zero, t5
core   0: 3 0x8000356c (0x01e020b3) x 1 0x00000001
core   0: 0x80003570 (0x003f1d93) slli    s11, t5, 3
core   0: 3 0x80003570 (0x003f1d93) x27 0x00000008
core   0: 0x80003574 (0x0078fd33) and     s10, a7, t2
core   0: 3 0x80003574 (0x0078fd33) x26 0x00000000
core   0: 0x80003578 (0x00008f45) c.or    a4, s1
core   0: 3 0x80003578 (0x8f45) x14 0x8000ff7e
core   0: 0x8000357a (0x40175233) sra     tp, a4, ra
core   0: 3 0x8000357a (0x40175233) x 4 0xc0007fbf
core   0: 0x8000357e (0x002ddbb3) srl     s7, s11, sp
core   0: 3 0x8000357e (0x002ddbb3) x23 0x00000004
core   0: 0x80003582 (0x015f9a93) slli    s5, t6, 21
core   0: 3 0x80003582 (0x015f9a93) x21 0x98400000
core   0: 0x80003586 (0x49242f17) auipc   t5, 0x49242
core   0: 3 0x80003586 (0x49242f17) x30 0xc9245586
core   0: 0x8000358a (0xb86b0f13) addi    t5, s6, -1146
core   0: 3 0x8000358a (0xb86b0f13) x30 0xfffffb86
core   0: 0x8000358e (0x0377bc33) mulhu   s8, a5, s7
core   0: 3 0x8000358e (0x0377bc33) x24 0x00000000
core   0: 0x80003592 (0x02512c33) mulhsu  s8, sp, t0
core   0: 3 0x80003592 (0x02512c33) x24 0x00000000
core   0: 0x80003596 (0x00000dba) c.slli  s11, 14
core   0: 3 0x80003596 (0x0dba) x27 0x00020000
core   0: 0x80003598 (0x40f7fb93) andi    s7, a5, 1039
core   0: 3 0x80003598 (0x40f7fb93) x23 0x0000040a
core   0: 0x8000359c (0x02c436b3) mulhu   a3, s0, a2
core   0: 3 0x8000359c (0x02c436b3) x13 0x00000000
core   0: 0x800035a0 (0x00000001) c.nop
core   0: 3 0x800035a0 (0x0001)
core   0: 0x800035a2 (0x9d767a93) andi    s5, a2, -1577
core   0: 3 0x800035a2 (0x9d767a93) x21 0x6b2b4000
core   0: 0x800035a6 (0x00847d33) and     s10, s0, s0
core   0: 3 0x800035a6 (0x00847d33) x26 0x00000000
core   0: 0x800035aa (0x01cf82b3) add     t0, t6, t3
core   0: 3 0x800035aa (0x01cf82b3) x 5 0xffffd4c2
core   0: 0x800035ae (0x000067f5) c.lui   a5, 0x1d
core   0: 3 0x800035ae (0x67f5) x15 0x0001d000
core   0: 0x800035b0 (0x00009256) c.add   tp, s5
core   0: 3 0x800035b0 (0x9256) x 4 0x2b2bbfbf
core   0: 0x800035b2 (0x008dd233) srl     tp, s11, s0
core   0: 3 0x800035b2 (0x008dd233) x 4 0x00020000
core   0: 0x800035b6 (0x026b4733) div     a4, s6, t1
core   0: 3 0x800035b6 (0x026b4733) x14 0x00000000
core   0: 0x800035ba (0x9b1a2e93) slti    t4, s4, -1615
core   0: 3 0x800035ba (0x9b1a2e93) x29 0x00000000
core   0: 0x800035be (0x00008c45) c.or    s0, s1
core   0: 3 0x800035be (0x8c45) x 8 0x8000fe64
core   0: 0x800035c0 (0x02e58b33) mul     s6, a1, a4
core   0: 3 0x800035c0 (0x02e58b33) x22 0x00000000
core   0: 0x800035c4 (0x00592db3) slt     s11, s2, t0
core   0: 3 0x800035c4 (0x00592db3) x27 0x00000000
core   0: 0x800035c8 (0x0000891a) c.mv    s2, t1
core   0: 3 0x800035c8 (0x891a) x18 0x25c7f104
core   0: 0x800035ca (0x9dc6b113) sltiu   sp, a3, -1572
core   0: 3 0x800035ca (0x9dc6b113) x 2 0x00000001
core   0: 0x800035ce (0x03811133) mulh    sp, sp, s8
core   0: 3 0x800035ce (0x03811133) x 2 0x00000000
core   0: 0x800035d2 (0x038df733) remu    a4, s11, s8
core   0: 3 0x800035d2 (0x038df733) x14 0x00000000
core   0: 0x800035d6 (0x9dfa56b7) lui     a3, 0x9dfa5
core   0: 3 0x800035d6 (0x9dfa56b7) x13 0x9dfa5000
core   0: 0x800035da (0x000087a1) c.srai  a5, 8
core   0: 3 0x800035da (0x87a1) x15 0x000001d0
core   0: 0x800035dc (0x000085c1) c.srai  a1, 16
core   0: 3 0x800035dc (0x85c1) x11 0x00000000
core   0: 0x800035de (0x01a2d5b3) srl     a1, t0, s10
core   0: 3 0x800035de (0x01a2d5b3) x11 0xffffd4c2
core   0: 0x800035e2 (0xd5847013) andi    zero, s0, -680
core   0: 3 0x800035e2 (0xd5847013)
core   0: 0x800035e6 (0x00e62733) slt     a4, a2, a4
core   0: 3 0x800035e6 (0x00e62733) x14 0x00000000
core   0: 0x800035ea (0x782418b7) lui     a7, 0x78241
core   0: 3 0x800035ea (0x782418b7) x17 0x78241000
core   0: 0x800035ee (0x00008762) c.mv    a4, s8
core   0: 3 0x800035ee (0x8762) x14 0x00000000
core   0: 0x800035f0 (0xaaddb613) sltiu   a2, s11, -1363
core   0: 3 0x800035f0 (0xaaddb613) x12 0x00000001
core   0: 0x800035f4 (0x824a4617) auipc   a2, 0x824a4
core   0: 3 0x800035f4 (0x824a4617) x12 0x024a75f4
core   0: 0x800035f8 (0x00006891) c.lui   a7, 0x4
core   0: 3 0x800035f8 (0x6891) x17 0x00004000
core   0: 0x800035fa (0x402f0d33) sub     s10, t5, sp
core   0: 3 0x800035fa (0x402f0d33) x26 0xfffffb86
core   0: 0x800035fe (0x2521c393) xori    t2, gp, 594
core   0: 3 0x800035fe (0x2521c393) x 7 0xda380eb6
core   0: 0x80003602 (0x00008df1) c.and   a1, a2
core   0: 3 0x80003602 (0x8df1) x11 0x024a54c0
core   0: 0x80003604 (0x02517c33) remu    s8, sp, t0
core   0: 3 0x80003604 (0x02517c33) x24 0x00000000
core   0: 0x80003608 (0x00000001) c.nop
core   0: 3 0x80003608 (0x0001)
core   0: 0x8000360a (0x04a6ea13) ori     s4, a3, 74
core   0: 3 0x8000360a (0x04a6ea13) x20 0x9dfa504a
core   0: 0x8000360e (0x02bdf6b3) remu    a3, s11, a1
core   0: 3 0x8000360e (0x02bdf6b3) x13 0x00000000
core   0: 0x80003612 (0x038f5433) divu    s0, t5, s8
core   0: 3 0x80003612 (0x038f5433) x 8 0xffffffff
core   0: 0x80003616 (0x41b10933) sub     s2, sp, s11
core   0: 3 0x80003616 (0x41b10933) x18 0x00000000
core   0: 0x8000361a (0x00008f89) c.sub   a5, a0
core   0: 3 0x8000361a (0x8f89) x15 0x567afd86
core   0: 0x8000361c (0x03c02ab3) mulhsu  s5, zero, t3
core   0: 3 0x8000361c (0x03c02ab3) x21 0x00000000
core   0: 0x80003620 (0x02474c33) div     s8, a4, tp
core   0: 3 0x80003620 (0x02474c33) x24 0x00000000
core   0: 0x80003624 (0x00000001) c.nop
core   0: 3 0x80003624 (0x0001)
core   0: 0x80003626 (0x00000001) c.nop
core   0: 3 0x80003626 (0x0001)
core   0: 0x80003628 (0x018345b3) xor     a1, t1, s8
core   0: 3 0x80003628 (0x018345b3) x11 0x25c7f104
core   0: 0x8000362c (0xdc8afd17) auipc   s10, 0xdc8af
core   0: 3 0x8000362c (0xdc8afd17) x26 0x5c8b262c
core   0: 0x80003630 (0x41385433) sra     s0, a6, s3
core   0: 3 0x80003630 (0x41385433) x 8 0x80013ce4
core   0: 0x80003634 (0xd3b90237) lui     tp, 0xd3b90
core   0: 3 0x80003634 (0xd3b90237) x 4 0xd3b90000
core   0: 0x80003638 (0x00008e15) c.sub   a2, a3
core   0: 3 0x80003638 (0x8e15) x12 0x024a75f4
core   0: 0x8000363a (0x01c99093) slli    ra, s3, 28
core   0: 3 0x8000363a (0x01c99093) x 1 0x00000000
core   0: 0x8000363e (0x0350f693) andi    a3, ra, 53
core   0: 3 0x8000363e (0x0350f693) x13 0x00000000
core   0: 0x80003642 (0xed2d4293) xori    t0, s10, -302
core   0: 3 0x80003642 (0xed2d4293) x 5 0xa374d8fe
core   0: 0x80003646 (0x03483433) mulhu   s0, a6, s4
core   0: 3 0x80003646 (0x03483433) x 8 0x4efdebb2
core   0: 0x8000364a (0x000040b9) c.li    ra, 14
core   0: 3 0x8000364a (0x40b9) x 1 0x0000000e
core   0: 0x8000364c (0x00000ffd) c.addi  t6, 31
core   0: 3 0x8000364c (0x0ffd) x31 0xffffd4e1
core   0: 0x8000364e (0x027ad433) divu    s0, s5, t2
core   0: 3 0x8000364e (0x027ad433) x 8 0x00000000
core   0: 0x80003652 (0x94a93b97) auipc   s7, 0x94a93
core   0: 3 0x80003652 (0x94a93b97) x23 0x14a96652
core   0: 0x80003656 (0x402fda33) sra     s4, t6, sp
core   0: 3 0x80003656 (0x402fda33) x20 0xffffd4e1
core   0: 0x8000365a (0x026998b3) mulh    a7, s3, t1
core   0: 3 0x8000365a (0x026998b3) x17 0x00000097
core   0: 0x8000365e (0x02c2e8b3) rem     a7, t0, a2
core   0: 3 0x8000365e (0x02c2e8b3) x17 0xff17471e
core   0: 0x80003662 (0x004cd6b3) srl     a3, s9, tp
core   0: 3 0x80003662 (0x004cd6b3) x13 0x00000000
core   0: 0x80003666 (0x9a100413) li      s0, -1631
core   0: 3 0x80003666 (0x9a100413) x 8 0xfffff9a1
core   0: 0x8000366a (0x00006711) c.lui   a4, 0x4
core   0: 3 0x8000366a (0x6711) x14 0x00004000
core   0: 0x8000366c (0x00008835) c.andi  s0, 13
core   0: 3 0x8000366c (0x8835) x 8 0x00000001
core   0: 0x8000366e (0x00008e91) c.sub   a3, a2
core   0: 3 0x8000366e (0x8e91) x13 0xfdb58a0c
core   0: 0x80003670 (0xa49c2693) slti    a3, s8, -1463
core   0: 3 0x80003670 (0xa49c2693) x13 0x00000000
core   0: 0x80003674 (0x011c25b3) slt     a1, s8, a7
core   0: 3 0x80003674 (0x011c25b3) x11 0x00000000
core   0: 0x80003678 (0x6513ef93) ori     t6, t2, 1617
core   0: 3 0x80003678 (0x6513ef93) x31 0xda380ef7
core   0: 0x8000367c (0x02a461b3) rem     gp, s0, a0
core   0: 3 0x8000367c (0x02a461b3) x 3 0x00000001
core   0: 0x80003680 (0x00009186) c.add   gp, ra
core   0: 3 0x80003680 (0x9186) x 3 0x0000000f
core   0: 0x80003682 (0x0359da33) divu    s4, s3, s5
core   0: 3 0x80003682 (0x0359da33) x20 0xffffffff
core   0: 0x80003686 (0xf4897013) andi    zero, s2, -184
core   0: 3 0x80003686 (0xf4897013)
core   0: 0x8000368a (0x000085d5) c.srai  a1, 21
core   0: 3 0x8000368a (0x85d5) x11 0x00000000
core   0: 0x8000368c (0xe4eaee13) ori     t3, s5, -434
core   0: 3 0x8000368c (0xe4eaee13) x28 0xfffffe4e
core   0: 0x80003690 (0x01359d13) slli    s10, a1, 19
core   0: 3 0x80003690 (0x01359d13) x26 0x00000000
core   0: 0x80003694 (0x4be32d17) auipc   s10, 0x4be32
core   0: 3 0x80003694 (0x4be32d17) x26 0xcbe35694
core   0: 0x80003698 (0x41ba0433) sub     s0, s4, s11
core   0: 3 0x80003698 (0x41ba0433) x 8 0xffffffff
core   0: 0x8000369c (0x03c368b3) rem     a7, t1, t3
core   0: 3 0x8000369c (0x03c368b3) x17 0x0000013e
core   0: 0x800036a0 (0x026b09b3) mul     s3, s6, t1
core   0: 3 0x800036a0 (0x026b09b3) x19 0x00000000
core   0: 0x800036a4 (0x00000001) c.nop
core   0: 3 0x800036a4 (0x0001)
core   0: 0x800036a6 (0x01d55393) srli    t2, a0, 29
core   0: 3 0x800036a6 (0x01d55393) x 7 0x00000005
core   0: 0x800036aa (0x40ff83b3) sub     t2, t6, a5
core   0: 3 0x800036aa (0x40ff83b3) x 7 0x83bd1171
core   0: 0x800036ae (0x03f5e7b3) rem     a5, a1, t6
core   0: 3 0x800036ae (0x03f5e7b3) x15 0x00000000
core   0: 0x800036b2 (0x036cc3b3) div     t2, s9, s6
core   0: 3 0x800036b2 (0x036cc3b3) x 7 0xffffffff
core   0: 0x800036b6 (0x021a7733) remu    a4, s4, ra
core   0: 3 0x800036b6 (0x021a7733) x14 0x00000003
core   0: 0x800036ba (0x00465293) srli    t0, a2, 4
core   0: 3 0x800036ba (0x00465293) x 5 0x0024a75f
core   0: 0x800036be (0x00000001) c.nop
core   0: 3 0x800036be (0x0001)
core   0: 0x800036c0 (0x03727fb3) remu    t6, tp, s7
core   0: 3 0x800036c0 (0x03727fb3) x31 0x051b00cc
core   0: 0x800036c4 (0x00000001) c.nop
core   0: 3 0x800036c4 (0x0001)
core   0: 0x800036c6 (0x000061a5) c.lui   gp, 0x9
core   0: 3 0x800036c6 (0x61a5) x 3 0x00009000
core   0: 0x800036c8 (0x00008c39) c.xor   s0, a4
core   0: 3 0x800036c8 (0x8c39) x 8 0xfffffffc
core   0: 0x800036ca (0x0000052a) c.slli  a0, 10
core   0: 3 0x800036ca (0x052a) x10 0x14112800
core   0: 0x800036cc (0x000085e6) c.mv    a1, s9
core   0: 3 0x800036cc (0x85e6) x11 0x00000000
core   0: 0x800036ce (0x00375a33) srl     s4, a4, gp
core   0: 3 0x800036ce (0x00375a33) x20 0x00000003
core   0: 0x800036d2 (0x00001414) c.addi4spn a3, sp, 544
core   0: 3 0x800036d2 (0x1414) x13 0x00000220
core   0: 0x800036d4 (0x00001f8c) c.addi4spn a1, sp, 1008
core   0: 3 0x800036d4 (0x1f8c) x11 0x000003f0
core   0: 0x800036d6 (0x4019dbb3) sra     s7, s3, ra
core   0: 3 0x800036d6 (0x4019dbb3) x23 0x00000000
core   0: 0x800036da (0x005e3c33) sltu    s8, t3, t0
core   0: 3 0x800036da (0x005e3c33) x24 0x00000000
core   0: 0x800036de (0x00f003b3) add     t2, zero, a5
core   0: 3 0x800036de (0x00f003b3) x 7 0x00000000
core   0: 0x800036e2 (0x00008ebd) c.xor   a3, a5
core   0: 3 0x800036e2 (0x8ebd) x13 0x00000220
core   0: 0x800036e4 (0x41098bb3) sub     s7, s3, a6
core   0: 3 0x800036e4 (0x41098bb3) x23 0x7ffec31c
core   0: 0x800036e8 (0x00008c5d) c.or    s0, a5
core   0: 3 0x800036e8 (0x8c5d) x 8 0xfffffffc
core   0: 0x800036ea (0x09cfbb13) sltiu   s6, t6, 156
core   0: 3 0x800036ea (0x09cfbb13) x22 0x00000000
core   0: 0x800036ee (0x00006175) c.addi16sp sp, 368
core   0: 3 0x800036ee (0x6175) x 2 0x00000170
core   0: 0x800036f0 (0xaaa9e693) ori     a3, s3, -1366
core   0: 3 0x800036f0 (0xaaa9e693) x13 0xfffffaaa
core   0: 0x800036f4 (0x0000987d) c.andi  s0, -1
core   0: 3 0x800036f4 (0x987d) x 8 0xfffffffc
core   0: 0x800036f6 (0x017bb5b3) sltu    a1, s7, s7
core   0: 3 0x800036f6 (0x017bb5b3) x11 0x00000000
core   0: 0x800036fa (0x5eac3513) sltiu   a0, s8, 1514
core   0: 3 0x800036fa (0x5eac3513) x10 0x00000001
core   0: 0x800036fe (0x0021d713) srli    a4, gp, 2
core   0: 3 0x800036fe (0x0021d713) x14 0x00002400
core   0: 0x80003702 (0x74c7c413) xori    s0, a5, 1868
core   0: 3 0x80003702 (0x74c7c413) x 8 0x0000074c
core   0: 0x80003706 (0x5e36a513) slti    a0, a3, 1507
core   0: 3 0x80003706 (0x5e36a513) x10 0x00000001
core   0: 0x8000370a (0x01f6d7b3) srl     a5, a3, t6
core   0: 3 0x8000370a (0x01f6d7b3) x15 0x000fffff
core   0: 0x8000370e (0x00008edd) c.or    a3, a5
core   0: 3 0x8000370e (0x8edd) x13 0xffffffff
core   0: 0x80003710 (0x0000197d) c.addi  s2, -1
core   0: 3 0x80003710 (0x197d) x18 0xffffffff
core   0: 0x80003712 (0x0000882d) c.andi  s0, 11
core   0: 3 0x80003712 (0x882d) x 8 0x00000008
core   0: 0x80003714 (0x00008bf5) c.andi  a5, 29
core   0: 3 0x80003714 (0x8bf5) x15 0x0000001d
core   0: 0x80003716 (0x01df9c33) sll     s8, t6, t4
core   0: 3 0x80003716 (0x01df9c33) x24 0x051b00cc
core   0: 0x8000371a (0x0106df13) srli    t5, a3, 16
core   0: 3 0x8000371a (0x0106df13) x30 0x0000ffff
core   0: 0x8000371e (0x0002d7b3) srl     a5, t0, zero
core   0: 3 0x8000371e (0x0002d7b3) x15 0x0024a75f
core   0: 0x80003722 (0x00f39b93) slli    s7, t2, 15
core   0: 3 0x80003722 (0x00f39b93) x23 0x00000000
core   0: 0x80003726 (0x00000372) c.slli  t1, 28
core   0: 3 0x80003726 (0x0372) x 6 0x40000000
core   0: 0x80003728 (0x406fdc13) srai    s8, t6, 6
core   0: 3 0x80003728 (0x406fdc13) x24 0x00146c03
core   0: 0x8000372c (0x0107d993) srli    s3, a5, 16
core   0: 3 0x8000372c (0x0107d993) x19 0x00000024
core   0: 0x80003730 (0x0000139c) c.addi4spn a5, sp, 480
core   0: 3 0x80003730 (0x139c) x15 0x00000350
core   0: 0x80003732 (0x00009092) c.add   ra, tp
core   0: 3 0x80003732 (0x9092) x 1 0xd3b9000e
core   0: 0x80003734 (0xac1d3593) sltiu   a1, s10, -1343
core   0: 3 0x80003734 (0xac1d3593) x11 0x00000001
core   0: 0x80003738 (0x00e43b33) sltu    s6, s0, a4
core   0: 3 0x80003738 (0x00e43b33) x22 0x00000001
core   0: 0x8000373c (0x00006155) c.addi16sp sp, 304
core   0: 3 0x8000373c (0x6155) x 2 0x000002a0
core   0: 0x8000373e (0x00001dfd) c.addi  s11, -1
core   0: 3 0x8000373e (0x1dfd) x27 0xffffffff
core   0: 0x80003740 (0x00008d21) c.xor   a0, s0
core   0: 3 0x80003740 (0x8d21) x10 0x00000009
core   0: 0x80003742 (0x00008285) c.srli  a3, 1
core   0: 3 0x80003742 (0x8285) x13 0x7fffffff
core   0: 0x80003744 (0x410c5bb3) sra     s7, s8, a6
core   0: 3 0x80003744 (0x410c5bb3) x23 0x000146c0
core   0: 0x80003748 (0x00008299) c.srli  a3, 6
core   0: 3 0x80003748 (0x8299) x13 0x01ffffff
core   0: 0x8000374a (0x00232c33) slt     s8, t1, sp
core   0: 3 0x8000374a (0x00232c33) x24 0x00000000
core   0: 0x8000374e (0x00000bd2) c.slli  s7, 20
core   0: 3 0x8000374e (0x0bd2) x23 0x6c000000
core   0: 0x80003750 (0x00000001) c.nop
core   0: 3 0x80003750 (0x0001)
core   0: 0x80003752 (0x00004b8d) c.li    s7, 3
core   0: 3 0x80003752 (0x4b8d) x23 0x00000003
core   0: 0x80003754 (0x4ec88a93) addi    s5, a7, 1260
core   0: 3 0x80003754 (0x4ec88a93) x21 0x0000062a
core   0: 0x80003758 (0x0000059a) c.slli  a1, 6
core   0: 3 0x80003758 (0x059a) x11 0x00000040
core   0: 0x8000375a (0x00000ee1) c.addi  t4, 24
core   0: 3 0x8000375a (0x0ee1) x29 0x00000018
core   0: 0x8000375c (0x0000612d) c.addi16sp sp, 224
core   0: 3 0x8000375c (0x612d) x 2 0x00000380
core   0: 0x8000375e (0x035f6bb3) rem     s7, t5, s5
core   0: 3 0x8000375e (0x035f6bb3) x23 0x00000345
core   0: 0x80003762 (0x00008c59) c.or    s0, a4
core   0: 3 0x80003762 (0x8c59) x 8 0x00002408
core   0: 0x80003764 (0x00009df2) c.add   s11, t3
core   0: 3 0x80003764 (0x9df2) x27 0xfffffe4d
core   0: 0x80003766 (0x000086fd) c.srai  a3, 31
core   0: 3 0x80003766 (0x86fd) x13 0x00000000
core   0: 0x80003768 (0x15f52697) auipc   a3, 0x15f52
core   0: 3 0x80003768 (0x15f52697) x13 0x95f55768
core   0: 0x8000376c (0x00008ec9) c.or    a3, a0
core   0: 3 0x8000376c (0x8ec9) x13 0x95f55769
core   0: 0x8000376e (0x0000997d) c.andi  a0, -1
core   0: 3 0x8000376e (0x997d) x10 0x00000009
core   0: 0x80003770 (0x00000001) c.nop
core   0: 3 0x80003770 (0x0001)
core   0: 0x80003772 (0x0394d033) divu    zero, s1, s9
core   0: 3 0x80003772 (0x0394d033)
core   0: 0x80003776 (0x00000494) c.addi4spn a3, sp, 576
core   0: 3 0x80003776 (0x0494) x13 0x000005c0
core   0: 0x80003778 (0x4947f593) andi    a1, a5, 1172
core   0: 3 0x80003778 (0x4947f593) x11 0x00000010
core   0: 0x8000377c (0x03922db3) mulhsu  s11, tp, s9
core   0: 3 0x8000377c (0x03922db3) x27 0x00000000
core   0: 0x80003780 (0x00008c01) c.sub   s0, s0
core   0: 3 0x80003780 (0x8c01) x 8 0x00000000
core   0: 0x80003782 (0x40aa09b3) sub     s3, s4, a0
core   0: 3 0x80003782 (0x40aa09b3) x19 0xfffffffa
core   0: 0x80003786 (0x79734593) xori    a1, t1, 1943
core   0: 3 0x80003786 (0x79734593) x11 0x40000797
core   0: 0x8000378a (0x005bddb3) srl     s11, s7, t0
core   0: 3 0x8000378a (0x005bddb3) x27 0x00000000
core   0: 0x8000378e (0x00008346) c.mv    t1, a7
core   0: 3 0x8000378e (0x8346) x 6 0x0000013e
core   0: 0x80003790 (0x00004401) c.li    s0, 0
core   0: 3 0x80003790 (0x4401) x 8 0x00000000
core   0: 0x80003792 (0x017ede93) srli    t4, t4, 23
core   0: 3 0x80003792 (0x017ede93) x29 0x00000000
core   0: 0x80003796 (0x65d2fb97) auipc   s7, 0x65d2f
core   0: 3 0x80003796 (0x65d2fb97) x23 0xe5d32796
core   0: 0x8000379a (0xe13a2893) slti    a7, s4, -493
core   0: 3 0x8000379a (0xe13a2893) x17 0x00000000
core   0: 0x8000379e (0x033f2d33) mulhsu  s10, t5, s3
core   0: 3 0x8000379e (0x033f2d33) x26 0x0000fffe
core   0: 0x800037a2 (0x009c6a33) or      s4, s8, s1
core   0: 3 0x800037a2 (0x009c6a33) x20 0x8000fe64
core   0: 0x800037a6 (0x00000001) c.nop
core   0: 3 0x800037a6 (0x0001)
core   0: 0x800037a8 (0x027712b3) mulh    t0, a4, t2
core   0: 3 0x800037a8 (0x027712b3) x 5 0x00000000
core   0: 0x800037ac (0x00000001) c.nop
core   0: 3 0x800037ac (0x0001)
core   0: 0x800037ae (0x87a8fe93) andi    t4, a7, -1926
core   0: 3 0x800037ae (0x87a8fe93) x29 0x00000000
core   0: 0x800037b2 (0xa5343713) sltiu   a4, s0, -1453
core   0: 3 0x800037b2 (0xa5343713) x14 0x00000001
core   0: 0x800037b6 (0x40da8bb3) sub     s7, s5, a3
core   0: 3 0x800037b6 (0x40da8bb3) x23 0x0000006a
core   0: 0x800037ba (0x8468a513) slti    a0, a7, -1978
core   0: 3 0x800037ba (0x8468a513) x10 0x00000000
core   0: 0x800037be (0x011e30b3) sltu    ra, t3, a7
core   0: 3 0x800037be (0x011e30b3) x 1 0x00000000
core   0: 0x800037c2 (0x0000597d) c.li    s2, -1
core   0: 3 0x800037c2 (0x597d) x18 0xffffffff
core   0: 0x800037c4 (0x025b2333) mulhsu  t1, s6, t0
core   0: 3 0x800037c4 (0x025b2333) x 6 0x00000000
core   0: 0x800037c8 (0x00008d29) c.xor   a0, a0
core   0: 3 0x800037c8 (0x8d29) x10 0x00000000
core   0: 0x800037ca (0x00008f0d) c.sub   a4, a1
core   0: 3 0x800037ca (0x8f0d) x14 0xbffff86a
core   0: 0x800037cc (0x000007b6) c.slli  a5, 13
core   0: 3 0x800037cc (0x07b6) x15 0x006a0000
core   0: 0x800037ce (0x000087a1) c.srai  a5, 8
core   0: 3 0x800037ce (0x87a1) x15 0x00006a00
core   0: 0x800037d0 (0x000095fe) c.add   a1, t6
core   0: 3 0x800037d0 (0x95fe) x11 0x451b0863
core   0: 0x800037d2 (0x00000001) c.nop
core   0: 3 0x800037d2 (0x0001)
core   0: 0x800037d4 (0x00f4a1b3) slt     gp, s1, a5
core   0: 3 0x800037d4 (0x00f4a1b3) x 3 0x00000001
core   0: 0x800037d8 (0x00008f9d) c.sub   a5, a5
core   0: 3 0x800037d8 (0x8f9d) x15 0x00000000
core   0: 0x800037da (0x001fc8b3) xor     a7, t6, ra
core   0: 3 0x800037da (0x001fc8b3) x17 0x051b00cc
core   0: 0x800037de (0x008355b3) srl     a1, t1, s0
core   0: 3 0x800037de (0x008355b3) x11 0x00000000
core   0: 0x800037e2 (0xc1d34d93) xori    s11, t1, -995
core   0: 3 0x800037e2 (0xc1d34d93) x27 0xfffffc1d
core   0: 0x800037e6 (0x630ab7b7) lui     a5, 0x630ab
core   0: 3 0x800037e6 (0x630ab7b7) x15 0x630ab000
core   0: 0x800037ea (0x02e65f33) divu    t5, a2, a4
core   0: 3 0x800037ea (0x02e65f33) x30 0x00000000
core   0: 0x800037ee (0x81813093) sltiu   ra, sp, -2024
core   0: 3 0x800037ee (0x81813093) x 1 0x00000001
core   0: 0x800037f2 (0x0142e6b3) or      a3, t0, s4
core   0: 3 0x800037f2 (0x0142e6b3) x13 0x8000fe64
core   0: 0x800037f6 (0x013ab033) sltu    zero, s5, s3
core   0: 3 0x800037f6 (0x013ab033)
core   0: 0x800037fa (0x028b79b3) remu    s3, s6, s0
core   0: 3 0x800037fa (0x028b79b3) x19 0x00000001
core   0: 0x800037fe (0xd3362c13) slti    s8, a2, -717
core   0: 3 0x800037fe (0xd3362c13) x24 0x00000000
core   0: 0x80003802 (0x0e382013) slti    zero, a6, 227
core   0: 3 0x80003802 (0x0e382013)
core   0: 0x80003806 (0x00009afd) c.andi  a3, -1
core   0: 3 0x80003806 (0x9afd) x13 0x8000fe64
core   0: 0x80003808 (0x00009466) c.add   s0, s9
core   0: 3 0x80003808 (0x9466) x 8 0x00000000
core   0: 0x8000380a (0x00005a7d) c.li    s4, -1
core   0: 3 0x8000380a (0x5a7d) x20 0xffffffff
core   0: 0x8000380c (0x68f972b7) lui     t0, 0x68f97
core   0: 3 0x8000380c (0x68f972b7) x 5 0x68f97000
core   0: 0x80003810 (0x00008ef5) c.and   a3, a3
core   0: 3 0x80003810 (0x8ef5) x13 0x8000fe64
core   0: 0x80003812 (0xd377bd37) lui     s10, 0xd377b
core   0: 3 0x80003812 (0xd377bd37) x26 0xd377b000
core   0: 0x80003816 (0x00000001) c.nop
core   0: 3 0x80003816 (0x0001)
core   0: 0x80003818 (0x01592533) slt     a0, s2, s5
core   0: 3 0x80003818 (0x01592533) x10 0x00000001
core   0: 0x8000381c (0x33df3e93) sltiu   t4, t5, 829
core   0: 3 0x8000381c (0x33df3e93) x29 0x00000001
core   0: 0x80003820 (0x0080bd33) sltu    s10, ra, s0
core   0: 3 0x80003820 (0x0080bd33) x26 0x00000000
core   0: 0x80003824 (0x40f7d233) sra     tp, a5, a5
core   0: 3 0x80003824 (0x40f7d233) x 4 0x630ab000
core   0: 0x80003828 (0x0b0ec593) xori    a1, t4, 176
core   0: 3 0x80003828 (0x0b0ec593) x11 0x000000b1
core   0: 0x8000382c (0x00912d33) slt     s10, sp, s1
core   0: 3 0x8000382c (0x00912d33) x26 0x00000000
core   0: 0x80003830 (0x000003d6) c.slli  t2, 21
core   0: 3 0x80003830 (0x03d6) x 7 0x00000000
core   0: 0x80003832 (0x03a789b3) mul     s3, a5, s10
core   0: 3 0x80003832 (0x03a789b3) x19 0x00000000
core   0: 0x80003836 (0x00000ded) c.addi  s11, 27
core   0: 3 0x80003836 (0x0ded) x27 0xfffffc38
core   0: 0x80003838 (0x02b501b3) mul     gp, a0, a1
core   0: 3 0x80003838 (0x02b501b3) x 3 0x000000b1
core   0: 0x8000383c (0x00e7d7b3) srl     a5, a5, a4
core   0: 3 0x8000383c (0x00e7d7b3) x15 0x0018c2ac
core   0: 0x80003840 (0x0059ab33) slt     s6, s3, t0
core   0: 3 0x80003840 (0x0059ab33) x22 0x00000001
core   0: 0x80003844 (0x00780a33) add     s4, a6, t2
core   0: 3 0x80003844 (0x00780a33) x20 0x80013ce4
core   0: 0x80003848 (0x0226deb3) divu    t4, a3, sp
core   0: 3 0x80003848 (0x0226deb3) x29 0x00249291
core   0: 0x8000384c (0x0110a133) slt     sp, ra, a7
core   0: 3 0x8000384c (0x0110a133) x 2 0x00000001
core   0: 0x80003850 (0x011b9613) slli    a2, s7, 17
core   0: 3 0x80003850 (0x011b9613) x12 0x00d40000
core   0: 0x80003854 (0x021329b3) mulhsu  s3, t1, ra
core   0: 3 0x80003854 (0x021329b3) x19 0x00000000
core   0: 0x80003858 (0x020652b3) divu    t0, a2, zero
core   0: 3 0x80003858 (0x020652b3) x 5 0xffffffff
core   0: 0x8000385c (0x00000001) c.nop
core   0: 3 0x8000385c (0x0001)
core   0: 0x8000385e (0xaa507917) auipc   s2, 0xaa507
core   0: 3 0x8000385e (0xaa507917) x18 0x2a50a85e
core   0: 0x80003862 (0x0177e5b3) or      a1, a5, s7
core   0: 3 0x80003862 (0x0177e5b3) x11 0x0018c2ee
core   0: 0x80003866 (0x0032e7b3) or      a5, t0, gp
core   0: 3 0x80003866 (0x0032e7b3) x15 0xffffffff
core   0: 0x8000386a (0x319b4913) xori    s2, s6, 793
core   0: 3 0x8000386a (0x319b4913) x18 0x00000318
core   0: 0x8000386e (0x02e7e133) rem     sp, a5, a4
core   0: 3 0x8000386e (0x02e7e133) x 2 0xffffffff
core   0: 0x80003872 (0x00008e85) c.sub   a3, s1
core   0: 3 0x80003872 (0x8e85) x13 0x00000000
core   0: 0x80003874 (0x02525733) divu    a4, tp, t0
core   0: 3 0x80003874 (0x02525733) x14 0x00000000
core   0: 0x80003878 (0x00009472) c.add   s0, t3
core   0: 3 0x80003878 (0x9472) x 8 0xfffffe4e
core   0: 0x8000387a (0x0350db33) divu    s6, ra, s5
core   0: 3 0x8000387a (0x0350db33) x22 0x00000000
core   0: 0x8000387e (0x0341e8b3) rem     a7, gp, s4
core   0: 3 0x8000387e (0x0341e8b3) x17 0x000000b1
core   0: 0x80003882 (0x495fb593) sltiu   a1, t6, 1173
core   0: 3 0x80003882 (0x495fb593) x11 0x00000000
core   0: 0x80003886 (0x00008c15) c.sub   s0, a3
core   0: 3 0x80003886 (0x8c15) x 8 0xfffffe4e
core   0: 0x80003888 (0x4118d093) srai    ra, a7, 17
core   0: 3 0x80003888 (0x4118d093) x 1 0x00000000
core   0: 0x8000388c (0x000005c5) c.addi  a1, 17
core   0: 3 0x8000388c (0x05c5) x11 0x00000011
core   0: 0x8000388e (0x6a0e3e93) sltiu   t4, t3, 1696
core   0: 3 0x8000388e (0x6a0e3e93) x29 0x00000000
core   0: 0x80003892 (0x0000717d) c.addi16sp sp, -16
core   0: 3 0x80003892 (0x717d) x 2 0xffffffef
core   0: 0x80003894 (0x000065fd) c.lui   a1, 0x1f
core   0: 3 0x80003894 (0x65fd) x11 0x0001f000
core   0: 0x80003896 (0x0120c733) xor     a4, ra, s2
core   0: 3 0x80003896 (0x0120c733) x14 0x00000318
core   0: 0x8000389a (0x016e4633) xor     a2, t3, s6
core   0: 3 0x8000389a (0x016e4633) x12 0xfffffe4e
core   0: 0x8000389e (0x00008ddd) c.or    a1, a5
core   0: 3 0x8000389e (0x8ddd) x11 0xffffffff
core   0: 0x800038a0 (0x03979333) mulh    t1, a5, s9
core   0: 3 0x800038a0 (0x03979333) x 6 0x00000000
core   0: 0x800038a4 (0x015ad8b3) srl     a7, s5, s5
core   0: 3 0x800038a4 (0x015ad8b3) x17 0x00000001
core   0: 0x800038a8 (0x01d41213) slli    tp, s0, 29
core   0: 3 0x800038a8 (0x01d41213) x 4 0xc0000000
core   0: 0x800038ac (0x4091d093) srai    ra, gp, 9
core   0: 3 0x800038ac (0x4091d093) x 1 0x00000000
core   0: 0x800038b0 (0x00009472) c.add   s0, t3
core   0: 3 0x800038b0 (0x9472) x 8 0xfffffc9c
core   0: 0x800038b2 (0x010d13b3) sll     t2, s10, a6
core   0: 3 0x800038b2 (0x010d13b3) x 7 0x00000000
core   0: 0x800038b6 (0x14ac8793) addi    a5, s9, 330
core   0: 3 0x800038b6 (0x14ac8793) x15 0x0000014a
core   0: 0x800038ba (0x02598ab3) mul     s5, s3, t0
core   0: 3 0x800038ba (0x02598ab3) x21 0x00000000
core   0: 0x800038be (0x01d21fb3) sll     t6, tp, t4
core   0: 3 0x800038be (0x01d21fb3) x31 0xc0000000
core   0: 0x800038c2 (0x039058b3) divu    a7, zero, s9
core   0: 3 0x800038c2 (0x039058b3) x17 0xffffffff
core   0: 0x800038c6 (0x00000001) c.nop
core   0: 3 0x800038c6 (0x0001)
core   0: 0x800038c8 (0xe216c313) xori    t1, a3, -479
core   0: 3 0x800038c8 (0xe216c313) x 6 0xfffffe21
core   0: 0x800038cc (0x0316b3b3) mulhu   t2, a3, a7
core   0: 3 0x800038cc (0x0316b3b3) x 7 0x00000000
core   0: 0x800038d0 (0x007210b3) sll     ra, tp, t2
core   0: 3 0x800038d0 (0x007210b3) x 1 0xc0000000
core   0: 0x800038d4 (0x00009afd) c.andi  a3, -1
core   0: 3 0x800038d4 (0x9afd) x13 0x00000000
core   0: 0x800038d6 (0x1bbafa93) andi    s5, s5, 443
core   0: 3 0x800038d6 (0x1bbafa93) x21 0x00000000
core   0: 0x800038da (0x451fb393) sltiu   t2, t6, 1105
core   0: 3 0x800038da (0x451fb393) x 7 0x00000000
core   0: 0x800038de (0x000061d9) c.lui   gp, 0x16
core   0: 3 0x800038de (0x61d9) x 3 0x00016000
core   0: 0x800038e0 (0x00008dc1) c.or    a1, s0
core   0: 3 0x800038e0 (0x8dc1) x11 0xffffffff
core   0: 0x800038e2 (0x01492233) slt     tp, s2, s4
core   0: 3 0x800038e2 (0x01492233) x 4 0x00000000
core   0: 0x800038e6 (0x00008c31) c.xor   s0, a2
core   0: 3 0x800038e6 (0x8c31) x 8 0x000002d2
core   0: 0x800038e8 (0x00008e21) c.xor   a2, s0
core   0: 3 0x800038e8 (0x8e21) x12 0xfffffc9c
core   0: 0x800038ea (0x00000001) c.nop
core   0: 3 0x800038ea (0x0001)
core   0: 0x800038ec (0x01dd1593) slli    a1, s10, 29
core   0: 3 0x800038ec (0x01dd1593) x11 0x00000000
core   0: 0x800038f0 (0x00006c79) c.lui   s8, 0x1e
core   0: 3 0x800038f0 (0x6c79) x24 0x0001e000
core   0: 0x800038f2 (0x018c0933) add     s2, s8, s8
core   0: 3 0x800038f2 (0x018c0933) x18 0x0003c000
core   0: 0x800038f6 (0x005049b3) xor     s3, zero, t0
core   0: 3 0x800038f6 (0x005049b3) x19 0xffffffff
core   0: 0x800038fa (0xd1230d93) addi    s11, t1, -750
core   0: 3 0x800038fa (0xd1230d93) x27 0xfffffb33
core   0: 0x800038fe (0x000fbab3) sltu    s5, t6, zero
core   0: 3 0x800038fe (0x000fbab3) x21 0x00000000
core   0: 0x80003902 (0x00000680) c.addi4spn s0, sp, 832
core   0: 3 0x80003902 (0x0680) x 8 0x0000032f
core   0: 0x80003904 (0x00000001) c.nop
core   0: 3 0x80003904 (0x0001)
core   0: 0x80003906 (0x00006b29) c.lui   s6, 0xa
core   0: 3 0x80003906 (0x6b29) x22 0x0000a000
core   0: 0x80003908 (0x82510b93) addi    s7, sp, -2011
core   0: 3 0x80003908 (0x82510b93) x23 0xfffff814
core   0: 0x8000390c (0x008ed0b3) srl     ra, t4, s0
core   0: 3 0x8000390c (0x008ed0b3) x 1 0x00000000
core   0: 0x80003910 (0x00008f19) c.sub   a4, a4
core   0: 3 0x80003910 (0x8f19) x14 0x00000000
core   0: 0x80003912 (0x01ac8bb3) add     s7, s9, s10
core   0: 3 0x80003912 (0x01ac8bb3) x23 0x00000000
core   0: 0x80003916 (0x011f1db3) sll     s11, t5, a7
core   0: 3 0x80003916 (0x011f1db3) x27 0x00000000
core   0: 0x8000391a (0xe46fef93) ori     t6, t6, -442
core   0: 3 0x8000391a (0xe46fef93) x31 0xfffffe46
core   0: 0x8000391e (0x00008ef9) c.and   a3, a4
core   0: 3 0x8000391e (0x8ef9) x13 0x00000000
core   0: 0x80003920 (0x40048233) sub     tp, s1, zero
core   0: 3 0x80003920 (0x40048233) x 4 0x8000fe64
core   0: 0x80003924 (0x032e62b3) rem     t0, t3, s2
core   0: 3 0x80003924 (0x032e62b3) x 5 0xfffffe4e
core   0: 0x80003928 (0x0afe6e93) ori     t4, t3, 175
core   0: 3 0x80003928 (0x0afe6e93) x29 0xfffffeef
core   0: 0x8000392c (0x00c51093) slli    ra, a0, 12
core   0: 3 0x8000392c (0x00c51093) x 1 0x00001000
core   0: 0x80003930 (0x0000150c) c.addi4spn a1, sp, 672
core   0: 3 0x80003930 (0x150c) x11 0x0000028f
core   0: 0x80003932 (0x00000346) c.slli  t1, 17
core   0: 3 0x80003932 (0x0346) x 6 0xfc420000
core   0: 0x80003934 (0x13b0ed13) ori     s10, ra, 315
core   0: 3 0x80003934 (0x13b0ed13) x26 0x0000113b
core   0: 0x80003938 (0x00008ea9) c.xor   a3, a0
core   0: 3 0x80003938 (0x8ea9) x13 0x00000001
core   0: 0x8000393a (0xd848b613) sltiu   a2, a7, -636
core   0: 3 0x8000393a (0xd848b613) x12 0x00000000
core   0: 0x8000393e (0x00adca33) xor     s4, s11, a0
core   0: 3 0x8000393e (0x00adca33) x20 0x00000001
core   0: 0x80003942 (0x03b35b33) divu    s6, t1, s11
core   0: 3 0x80003942 (0x03b35b33) x22 0xffffffff
core   0: 0x80003946 (0x0232e033) rem     zero, t0, gp
core   0: 3 0x80003946 (0x0232e033)
core   0: 0x8000394a (0x00fa1693) slli    a3, s4, 15
core   0: 3 0x8000394a (0x00fa1693) x13 0x00008000
core   0: 0x8000394e (0x00000115) c.addi  sp, 5
core   0: 3 0x8000394e (0x0115) x 2 0xfffffff4
core   0: 0x80003950 (0xfc9f6517) auipc   a0, 0xfc9f6
core   0: 3 0x80003950 (0xfc9f6517) x10 0x7c9f9950
core   0: 0x80003954 (0x03cba3b3) mulhsu  t2, s7, t3
core   0: 3 0x80003954 (0x03cba3b3) x 7 0x00000000
core   0: 0x80003958 (0x00008f11) c.sub   a4, a2
core   0: 3 0x80003958 (0x8f11) x14 0x00000000
core   0: 0x8000395a (0x00008731) c.srai  a4, 12
core   0: 3 0x8000395a (0x8731) x14 0x00000000
core   0: 0x8000395c (0x00000001) c.nop
core   0: 3 0x8000395c (0x0001)
core   0: 0x8000395e (0x000085ce) c.mv    a1, s3
core   0: 3 0x8000395e (0x85ce) x11 0xffffffff
core   0: 0x80003960 (0x40e95e93) srai    t4, s2, 14
core   0: 3 0x80003960 (0x40e95e93) x29 0x0000000f
core   0: 0x80003964 (0x00009d8a) c.add   s11, sp
core   0: 3 0x80003964 (0x9d8a) x27 0xfffffff4
core   0: 0x80003966 (0x0003fa33) and     s4, t2, zero
core   0: 3 0x80003966 (0x0003fa33) x20 0x00000000
core   0: 0x8000396a (0x0185da33) srl     s4, a1, s8
core   0: 3 0x8000396a (0x0185da33) x20 0xffffffff
core   0: 0x8000396e (0x5015c313) xori    t1, a1, 1281
core   0: 3 0x8000396e (0x5015c313) x 6 0xfffffafe
core   0: 0x80003972 (0xa10e6093) ori     ra, t3, -1520
core   0: 3 0x80003972 (0xa10e6093) x 1 0xfffffe5e
core   0: 0x80003976 (0x00d43d33) sltu    s10, s0, a3
core   0: 3 0x80003976 (0x00d43d33) x26 0x00000001
core   0: 0x8000397a (0x721e2e13) slti    t3, t3, 1825
core   0: 3 0x8000397a (0x721e2e13) x28 0x00000001
core   0: 0x8000397e (0x03e66033) rem     zero, a2, t5
core   0: 3 0x8000397e (0x03e66033)
core   0: 0x80003982 (0x00008dd1) c.or    a1, a2
core   0: 3 0x80003982 (0x8dd1) x11 0xffffffff
core   0: 0x80003984 (0x00008371) c.srli  a4, 28
core   0: 3 0x80003984 (0x8371) x14 0x00000000
core   0: 0x80003986 (0x000093ea) c.add   t2, s10
core   0: 3 0x80003986 (0x93ea) x 7 0x00000001
core   0: 0x80003988 (0x032ea8b3) mulhsu  a7, t4, s2
core   0: 3 0x80003988 (0x032ea8b3) x17 0x00000000
core   0: 0x8000398c (0x00aa5b93) srli    s7, s4, 10
core   0: 3 0x8000398c (0x00aa5b93) x23 0x003fffff
core   0: 0x80003990 (0x00b1fb33) and     s6, gp, a1
core   0: 3 0x80003990 (0x00b1fb33) x22 0x00016000
core   0: 0x80003994 (0x00480b33) add     s6, a6, tp
core   0: 3 0x80003994 (0x00480b33) x22 0x00023b48
core   0: 0x80003998 (0x00009a0a) c.add   s4, sp
core   0: 3 0x80003998 (0x9a0a) x20 0xfffffff3
core   0: 0x8000399a (0x00000c0e) c.slli  s8, 3
core   0: 3 0x8000399a (0x0c0e) x24 0x000f0000
core   0: 0x8000399c (0x000099fd) c.andi  a1, -1
core   0: 3 0x8000399c (0x99fd) x11 0xffffffff
core   0: 0x8000399e (0x00008c19) c.sub   s0, a4
core   0: 3 0x8000399e (0x8c19) x 8 0x0000032f
core   0: 0x800039a0 (0x00000df6) c.slli  s11, 29
core   0: 3 0x800039a0 (0x0df6) x27 0x80000000
core   0: 0x800039a2 (0x02dae933) rem     s2, s5, a3
core   0: 3 0x800039a2 (0x02dae933) x18 0x00000000
core   0: 0x800039a6 (0x416e5a13) srai    s4, t3, 22
core   0: 3 0x800039a6 (0x416e5a13) x20 0x00000000
core   0: 0x800039aa (0x0069c233) xor     tp, s3, t1
core   0: 3 0x800039aa (0x0069c233) x 4 0x00000501
core   0: 0x800039ae (0x29eb1217) auipc   tp, 0x29eb1
core   0: 3 0x800039ae (0x29eb1217) x 4 0xa9eb49ae
core   0: 0x800039b2 (0x0000717d) c.addi16sp sp, -16
core   0: 3 0x800039b2 (0x717d) x 2 0xffffffe4
core   0: 0x800039b4 (0x00635d93) srli    s11, t1, 6
core   0: 3 0x800039b4 (0x00635d93) x27 0x03ffffeb
core   0: 0x800039b8 (0x00008fe1) c.and   a5, s0
core   0: 3 0x800039b8 (0x8fe1) x15 0x0000010a
core   0: 0x800039ba (0x00008eb5) c.xor   a3, a3
core   0: 3 0x800039ba (0x8eb5) x13 0x00000000
core   0: 0x800039bc (0x00008d9a) c.mv    s11, t1
core   0: 3 0x800039bc (0x8d9a) x27 0xfffffafe
core   0: 0x800039be (0x40e9d593) srai    a1, s3, 14
core   0: 3 0x800039be (0x40e9d593) x11 0xffffffff
core   0: 0x800039c2 (0x00000d18) c.addi4spn a4, sp, 656
core   0: 3 0x800039c2 (0x0d18) x14 0x00000274
core   0: 0x800039c4 (0x024c6db3) rem     s11, s8, tp
core   0: 3 0x800039c4 (0x024c6db3) x27 0x000f0000
core   0: 0x800039c8 (0x7ea92013) slti    zero, s2, 2026
core   0: 3 0x800039c8 (0x7ea92013)
core   0: 0x800039cc (0x00000a14) c.addi4spn a3, sp, 272
core   0: 3 0x800039cc (0x0a14) x13 0x000000f4
core   0: 0x800039ce (0x00008d5a) c.mv    s10, s6
core   0: 3 0x800039ce (0x8d5a) x26 0x00023b48
core   0: 0x800039d0 (0xf35cbdb7) lui     s11, 0xf35cb
core   0: 3 0x800039d0 (0xf35cbdb7) x27 0xf35cb000
core   0: 0x800039d4 (0x000083ba) c.mv    t2, a4
core   0: 3 0x800039d4 (0x83ba) x 7 0x00000274
core   0: 0x800039d6 (0x0000717d) c.addi16sp sp, -16
core   0: 3 0x800039d6 (0x717d) x 2 0xffffffd4
core   0: 0x800039d8 (0x000ef233) and     tp, t4, zero
core   0: 3 0x800039d8 (0x000ef233) x 4 0x00000000
core   0: 0x800039dc (0x45c60393) addi    t2, a2, 1116
core   0: 3 0x800039dc (0x45c60393) x 7 0x0000045c
core   0: 0x800039e0 (0x418cd933) sra     s2, s9, s8
core   0: 3 0x800039e0 (0x418cd933) x18 0x00000000
core   0: 0x800039e4 (0x010f68b3) or      a7, t5, a6
core   0: 3 0x800039e4 (0x010f68b3) x17 0x80013ce4
core   0: 0x800039e8 (0x037090b3) mulh    ra, ra, s7
core   0: 3 0x800039e8 (0x037090b3) x 1 0xffffffff
core   0: 0x800039ec (0x038b18b3) mulh    a7, s6, s8
core   0: 3 0x800039ec (0x038b18b3) x17 0x00000021
core   0: 0x800039f0 (0x000082d5) c.srli  a3, 21
core   0: 3 0x800039f0 (0x82d5) x13 0x00000000
core   0: 0x800039f2 (0x000005ce) c.slli  a1, 19
core   0: 3 0x800039f2 (0x05ce) x11 0xfff80000
core   0: 0x800039f4 (0x01859293) slli    t0, a1, 24
core   0: 3 0x800039f4 (0x01859293) x 5 0x00000000
core   0: 0x800039f8 (0x007c1b13) slli    s6, s8, 7
core   0: 3 0x800039f8 (0x007c1b13) x22 0x07800000
core   0: 0x800039fc (0x000089dd) c.andi  a1, 23
core   0: 3 0x800039fc (0x89dd) x11 0x00000000
core   0: 0x800039fe (0x00006fa9) c.lui   t6, 0xa
core   0: 3 0x800039fe (0x6fa9) x31 0x0000a000
core   0: 0x80003a00 (0x00008db9) c.xor   a1, a4
core   0: 3 0x80003a00 (0x8db9) x11 0x00000274
core   0: 0x80003a02 (0x000c1eb3) sll     t4, s8, zero
core   0: 3 0x80003a02 (0x000c1eb3) x29 0x000f0000
core   0: 0x80003a06 (0x00008db6) c.mv    s11, a3
core   0: 3 0x80003a06 (0x8db6) x27 0x00000000
core   0: 0x80003a08 (0x000069e5) c.lui   s3, 0x19
core   0: 3 0x80003a08 (0x69e5) x19 0x00019000
core   0: 0x80003a0a (0x0000862e) c.mv    a2, a1
core   0: 3 0x80003a0a (0x862e) x12 0x00000274
core   0: 0x80003a0c (0x3df22a13) slti    s4, tp, 991
core   0: 3 0x80003a0c (0x3df22a13) x20 0x00000001
core   0: 0x80003a10 (0x03ebde33) divu    t3, s7, t5
core   0: 3 0x80003a10 (0x03ebde33) x28 0xffffffff
core   0: 0x80003a14 (0x41c58413) addi    s0, a1, 1052
core   0: 3 0x80003a14 (0x41c58413) x 8 0x00000690
core   0: 0x80003a18 (0x9459a6b7) lui     a3, 0x9459a
core   0: 3 0x80003a18 (0x9459a6b7) x13 0x9459a000
core   0: 0x80003a1c (0x41c60c33) sub     s8, a2, t3
core   0: 3 0x80003a1c (0x41c60c33) x24 0x00000275
core   0: 0x80003a20 (0x03167c33) remu    s8, a2, a7
core   0: 3 0x80003a20 (0x03167c33) x24 0x00000001
core   0: 0x80003a24 (0x02f557b3) divu    a5, a0, a5
core   0: 3 0x80003a24 (0x02f557b3) x15 0x0077f037
core   0: 0x80003a28 (0x4095d913) srai    s2, a1, 9
core   0: 3 0x80003a28 (0x4095d913) x18 0x00000001
core   0: 0x80003a2c (0x00000001) c.nop
core   0: 3 0x80003a2c (0x0001)
core   0: 0x80003a2e (0x00008e4d) c.or    a2, a1
core   0: 3 0x80003a2e (0x8e4d) x12 0x00000274
core   0: 0x80003a30 (0x0000717d) c.addi16sp sp, -16
core   0: 3 0x80003a30 (0x717d) x 2 0xffffffc4
core   0: 0x80003a32 (0x02e81933) mulh    s2, a6, a4
core   0: 3 0x80003a32 (0x02e81933) x18 0xfffffec6
core   0: 0x80003a36 (0x009d6f33) or      t5, s10, s1
core   0: 3 0x80003a36 (0x009d6f33) x30 0x8002ff6c
core   0: 0x80003a3a (0x00008d4d) c.or    a0, a1
core   0: 3 0x80003a3a (0x8d4d) x10 0x7c9f9b74
core   0: 0x80003a3c (0x00008c65) c.and   s0, s1
core   0: 3 0x80003a3c (0x8c65) x 8 0x00000600
core   0: 0x80003a3e (0x029270b3) remu    ra, tp, s1
core   0: 3 0x80003a3e (0x029270b3) x 1 0x00000000
core   0: 0x80003a42 (0x00008769) c.srai  a4, 26
core   0: 3 0x80003a42 (0x8769) x14 0x00000000
core   0: 0x80003a44 (0x714d5c37) lui     s8, 0x714d5
core   0: 3 0x80003a44 (0x714d5c37) x24 0x714d5000
core   0: 0x80003a48 (0x00000001) c.nop
core   0: 3 0x80003a48 (0x0001)
core   0: 0x80003a4a (0x417e8133) sub     sp, t4, s7
core   0: 3 0x80003a4a (0x417e8133) x 2 0xffcf0001
core   0: 0x80003a4e (0x00008735) c.srai  a4, 13
core   0: 3 0x80003a4e (0x8735) x14 0x00000000
core   0: 0x80003a50 (0x00008bf9) c.andi  a5, 30
core   0: 3 0x80003a50 (0x8bf9) x15 0x00000016
core   0: 0x80003a52 (0x005b1c13) slli    s8, s6, 5
core   0: 3 0x80003a52 (0x005b1c13) x24 0xf0000000
core   0: 0x80003a56 (0x00000331) c.addi  t1, 12
core   0: 3 0x80003a56 (0x0331) x 6 0xfffffb0a
core   0: 0x80003a58 (0xa7c12613) slti    a2, sp, -1412
core   0: 3 0x80003a58 (0xa7c12613) x12 0x00000001
core   0: 0x80003a5c (0x0341c1b3) div     gp, gp, s4
core   0: 3 0x80003a5c (0x0341c1b3) x 3 0x00016000
core   0: 0x80003a60 (0x5f476737) lui     a4, 0x5f476
core   0: 3 0x80003a60 (0x5f476737) x14 0x5f476000
core   0: 0x80003a64 (0x414c8733) sub     a4, s9, s4
core   0: 3 0x80003a64 (0x414c8733) x14 0xffffffff
core   0: 0x80003a68 (0x94aba213) slti    tp, s7, -1718
core   0: 3 0x80003a68 (0x94aba213) x 4 0x00000000
core   0: 0x80003a6c (0x4044d513) srai    a0, s1, 4
core   0: 3 0x80003a6c (0x4044d513) x10 0xf8000fe6
core   0: 0x80003a70 (0x000050fd) c.li    ra, -1
core   0: 3 0x80003a70 (0x50fd) x 1 0xffffffff
core   0: 0x80003a72 (0x01d41eb3) sll     t4, s0, t4
core   0: 3 0x80003a72 (0x01d41eb3) x29 0x00000600
core   0: 0x80003a76 (0x031635b3) mulhu   a1, a2, a7
core   0: 3 0x80003a76 (0x031635b3) x11 0x00000000
core   0: 0x80003a7a (0x0000092a) c.slli  s2, 10
core   0: 3 0x80003a7a (0x092a) x18 0xfffb1800
core   0: 0x80003a7c (0x036947b3) div     a5, s2, s6
core   0: 3 0x80003a7c (0x036947b3) x15 0x00000000
core   0: 0x80003a80 (0x01f15c13) srli    s8, sp, 31
core   0: 3 0x80003a80 (0x01f15c13) x24 0x00000001
core   0: 0x80003a84 (0x9046c713) xori    a4, a3, -1788
core   0: 3 0x80003a84 (0x9046c713) x14 0x6ba65904
core   0: 0x80003a88 (0x0042e033) or      zero, t0, tp
core   0: 3 0x80003a88 (0x0042e033)
core   0: 0x80003a8c (0x00000001) c.nop
core   0: 3 0x80003a8c (0x0001)
core   0: 0x80003a8e (0x00000001) c.nop
core   0: 3 0x80003a8e (0x0001)
core   0: 0x80003a90 (0xf8a62f13) slti    t5, a2, -118
core   0: 3 0x80003a90 (0xf8a62f13) x30 0x00000000
core   0: 0x80003a94 (0x02e2f7b3) remu    a5, t0, a4
core   0: 3 0x80003a94 (0x02e2f7b3) x15 0x00000000
core   0: 0x80003a98 (0x0040b233) sltu    tp, ra, tp
core   0: 3 0x80003a98 (0x0040b233) x 4 0x00000000
core   0: 0x80003a9c (0x013240b3) xor     ra, tp, s3
core   0: 3 0x80003a9c (0x013240b3) x 1 0x00019000
core   0: 0x80003aa0 (0x002c7f33) and     t5, s8, sp
core   0: 3 0x80003aa0 (0x002c7f33) x30 0x00000001
core   0: 0x80003aa4 (0x00001f18) c.addi4spn a4, sp, 944
core   0: 3 0x80003aa4 (0x1f18) x14 0xffcf03b1
core   0: 0x80003aa6 (0x02e026b3) mulhsu  a3, zero, a4
core   0: 3 0x80003aa6 (0x02e026b3) x13 0x00000000
core   0: 0x80003aaa (0x034e95b3) mulh    a1, t4, s4
core   0: 3 0x80003aaa (0x034e95b3) x11 0x00000000
core   0: 0x80003aae (0x00000001) c.nop
core   0: 3 0x80003aae (0x0001)
core   0: 0x80003ab0 (0x00008dd5) c.or    a1, a3
core   0: 3 0x80003ab0 (0x8dd5) x11 0x00000000
core   0: 0x80003ab2 (0x030d1433) mulh    s0, s10, a6
core   0: 3 0x80003ab2 (0x030d1433) x 8 0xfffee25e
core   0: 0x80003ab6 (0x0039e8b7) lui     a7, 0x39e
core   0: 3 0x80003ab6 (0x0039e8b7) x17 0x0039e000
core   0: 0x80003aba (0x00008fc5) c.or    a5, s1
core   0: 3 0x80003aba (0x8fc5) x15 0x8000fe64
core   0: 0x80003abc (0x3b497f13) andi    t5, s2, 948
core   0: 3 0x80003abc (0x3b497f13) x30 0x00000000
core   0: 0x80003ac0 (0x037d8ab3) mul     s5, s11, s7
core   0: 3 0x80003ac0 (0x037d8ab3) x21 0x00000000
core   0: 0x80003ac4 (0x00008d45) c.or    a0, s1
core   0: 3 0x80003ac4 (0x8d45) x10 0xf800ffe6
core   0: 0x80003ac6 (0x0000836d) c.srli  a4, 27
core   0: 3 0x80003ac6 (0x836d) x14 0x0000001f
core   0: 0x80003ac8 (0x004e5db3) srl     s11, t3, tp
core   0: 3 0x80003ac8 (0x004e5db3) x27 0xffffffff
core   0: 0x80003acc (0x00008e71) c.and   a2, a2
core   0: 3 0x80003acc (0x8e71) x12 0x00000001
core   0: 0x80003ace (0x00008d8a) c.mv    s11, sp
core   0: 3 0x80003ace (0x8d8a) x27 0xffcf0001
core   0: 0x80003ad0 (0x00008b3a) c.mv    s6, a4
core   0: 3 0x80003ad0 (0x8b3a) x22 0x0000001f
core   0: 0x80003ad2 (0x000047c1) c.li    a5, 16
core   0: 3 0x80003ad2 (0x47c1) x15 0x00000010
core   0: 0x80003ad4 (0xe1334c13) xori    s8, t1, -493
core   0: 3 0x80003ad4 (0xe1334c13) x24 0x00000519
core   0: 0x80003ad8 (0x02cfa733) mulhsu  a4, t6, a2
core   0: 3 0x80003ad8 (0x02cfa733) x14 0x00000000
core   0: 0x80003adc (0x00ac68b3) or      a7, s8, a0
core   0: 3 0x80003adc (0x00ac68b3) x17 0xf800ffff
core   0: 0x80003ae0 (0x0372cab3) div     s5, t0, s7
core   0: 3 0x80003ae0 (0x0372cab3) x21 0x00000000
core   0: 0x80003ae4 (0x00008c0d) c.sub   s0, a1
core   0: 3 0x80003ae4 (0x8c0d) x 8 0xfffee25e
core   0: 0x80003ae6 (0x00000001) c.nop
core   0: 3 0x80003ae6 (0x0001)
core   0: 0x80003ae8 (0x00d89113) slli    sp, a7, 13
core   0: 3 0x80003ae8 (0x00d89113) x 2 0x1fffe000
core   0: 0x80003aec (0xb977ff37) lui     t5, 0xb977f
core   0: 3 0x80003aec (0xb977ff37) x30 0xb977f000
core   0: 0x80003af0 (0x02337233) remu    tp, t1, gp
core   0: 3 0x80003af0 (0x02337233) x 4 0x0000bb0a
core   0: 0x80003af4 (0x00000971) c.addi  s2, 28
core   0: 3 0x80003af4 (0x0971) x18 0xfffb181c
core   0: 0x80003af6 (0x00689a13) slli    s4, a7, 6
core   0: 3 0x80003af6 (0x00689a13) x20 0x003fffc0
core   0: 0x80003afa (0x000065f9) c.lui   a1, 0x1e
core   0: 3 0x80003afa (0x65f9) x11 0x0001e000
core   0: 0x80003afc (0x00a04a33) xor     s4, zero, a0
core   0: 3 0x80003afc (0x00a04a33) x20 0xf800ffe6
core   0: 0x80003b00 (0x409a83b3) sub     t2, s5, s1
core   0: 3 0x80003b00 (0x409a83b3) x 7 0x7fff019c
core   0: 0x80003b04 (0x036307b3) mul     a5, t1, s6
core   0: 3 0x80003b04 (0x036307b3) x15 0xffff6636
core   0: 0x80003b08 (0x00000001) c.nop
core   0: 3 0x80003b08 (0x0001)
core   0: 0x80003b0a (0x00000001) c.nop
core   0: 3 0x80003b0a (0x0001)
core   0: 0x80003b0c (0x019e1b33) sll     s6, t3, s9
core   0: 3 0x80003b0c (0x019e1b33) x22 0xffffffff
core   0: 0x80003b10 (0x000005ee) c.slli  a1, 27
core   0: 3 0x80003b10 (0x05ee) x11 0x00000000
core   0: 0x80003b12 (0xb8308513) addi    a0, ra, -1149
core   0: 3 0x80003b12 (0xb8308513) x10 0x00018b83
core   0: 0x80003b16 (0xf410b913) sltiu   s2, ra, -191
core   0: 3 0x80003b16 (0xf410b913) x18 0x00000001
core   0: 0x80003b1a (0x02a89a33) mulh    s4, a7, a0
core   0: 3 0x80003b1a (0x02a89a33) x20 0xfffff3a5
core   0: 0x80003b1e (0x0010cdb3) xor     s11, ra, ra
core   0: 3 0x80003b1e (0x0010cdb3) x27 0x00000000
core   0: 0x80003b22 (0x0033db33) srl     s6, t2, gp
core   0: 3 0x80003b22 (0x0033db33) x22 0x7fff019c
core   0: 0x80003b26 (0x2bd83113) sltiu   sp, a6, 701
core   0: 3 0x80003b26 (0x2bd83113) x 2 0x00000000
core   0: 0x80003b2a (0x00407bb3) and     s7, zero, tp
core   0: 3 0x80003b2a (0x00407bb3) x23 0x00000000
core   0: 0x80003b2e (0x00008975) c.andi  a0, 29
core   0: 3 0x80003b2e (0x8975) x10 0x00000001
core   0: 0x80003b30 (0xeef22e93) slti    t4, tp, -273
core   0: 3 0x80003b30 (0xeef22e93) x29 0x00000000
core   0: 0x80003b34 (0x011035b3) snez    a1, a7
core   0: 3 0x80003b34 (0x011035b3) x11 0x00000001
core   0: 0x80003b38 (0x00005a7d) c.li    s4, -1
core   0: 3 0x80003b38 (0x5a7d) x20 0xffffffff
core   0: 0x80003b3a (0x00008ea1) c.xor   a3, s0
core   0: 3 0x80003b3a (0x8ea1) x13 0xfffee25e
core   0: 0x80003b3c (0x41ffde13) srai    t3, t6, 31
core   0: 3 0x80003b3c (0x41ffde13) x28 0x00000000
core   0: 0x80003b40 (0x017b5033) srl     zero, s6, s7
core   0: 3 0x80003b40 (0x017b5033)
core   0: 0x80003b44 (0x01c81733) sll     a4, a6, t3
core   0: 3 0x80003b44 (0x01c81733) x14 0x80013ce4
core   0: 0x80003b48 (0x000006ce) c.slli  a3, 19
core   0: 3 0x80003b48 (0x06ce) x13 0x12f00000
core   0: 0x80003b4a (0x3cee9b97) auipc   s7, 0x3cee9
core   0: 3 0x80003b4a (0x3cee9b97) x23 0xbceecb4a
core   0: 0x80003b4e (0x0365e0b3) rem     ra, a1, s6
core   0: 3 0x80003b4e (0x0365e0b3) x 1 0x00000001
core   0: 0x80003b52 (0x00008c29) c.xor   s0, a0
core   0: 3 0x80003b52 (0x8c29) x 8 0xfffee25f
core   0: 0x80003b54 (0x00000001) c.nop
core   0: 3 0x80003b54 (0x0001)
core   0: 0x80003b56 (0x415eda13) srai    s4, t4, 21
core   0: 3 0x80003b56 (0x415eda13) x20 0x00000000
core   0: 0x80003b5a (0x400c8133) sub     sp, s9, zero
core   0: 3 0x80003b5a (0x400c8133) x 2 0x00000000
core   0: 0x80003b5e (0x00000d8c) c.addi4spn a1, sp, 720
core   0: 3 0x80003b5e (0x0d8c) x11 0x000002d0
core   0: 0x80003b60 (0xa9ee4c13) xori    s8, t3, -1378
core   0: 3 0x80003b60 (0xa9ee4c13) x24 0xfffffa9e
core   0: 0x80003b64 (0x3fb82393) slti    t2, a6, 1019
core   0: 3 0x80003b64 (0x3fb82393) x 7 0x00000001
core   0: 0x80003b68 (0x007b28b3) slt     a7, s6, t2
core   0: 3 0x80003b68 (0x007b28b3) x17 0x00000000
core   0: 0x80003b6c (0x033a96b3) mulh    a3, s5, s3
core   0: 3 0x80003b6c (0x033a96b3) x13 0x00000000
core   0: 0x80003b70 (0x40a6dc13) srai    s8, a3, 10
core   0: 3 0x80003b70 (0x40a6dc13) x24 0x00000000
core   0: 0x80003b74 (0x00009bee) c.add   s7, s11
core   0: 3 0x80003b74 (0x9bee) x23 0xbceecb4a
core   0: 0x80003b76 (0x01df4bb3) xor     s7, t5, t4
core   0: 3 0x80003b76 (0x01df4bb3) x23 0xb977f000
core   0: 0x80003b7a (0x00001c18) c.addi4spn a4, sp, 560
core   0: 3 0x80003b7a (0x1c18) x14 0x00000230
core   0: 0x80003b7c (0x01362eb3) slt     t4, a2, s3
core   0: 3 0x80003b7c (0x01362eb3) x29 0x00000001
core   0: 0x80003b80 (0x0077f233) and     tp, a5, t2
core   0: 3 0x80003b80 (0x0077f233) x 4 0x00000000
core   0: 0x80003b84 (0x01279d33) sll     s10, a5, s2
core   0: 3 0x80003b84 (0x01279d33) x26 0xfffecc6c
core   0: 0x80003b88 (0x0277e233) rem     tp, a5, t2
core   0: 3 0x80003b88 (0x0277e233) x 4 0x00000000
core   0: 0x80003b8c (0x404a0d33) sub     s10, s4, tp
core   0: 3 0x80003b8c (0x404a0d33) x26 0x00000000
core   0: 0x80003b90 (0xf8417413) andi    s0, sp, -124
core   0: 3 0x80003b90 (0xf8417413) x 8 0x00000000
core   0: 0x80003b94 (0x03cceab3) rem     s5, s9, t3
core   0: 3 0x80003b94 (0x03cceab3) x21 0x00000000
core   0: 0x80003b98 (0x0000987d) c.andi  s0, -1
core   0: 3 0x80003b98 (0x987d) x 8 0x00000000
core   0: 0x80003b9a (0x00008e91) c.sub   a3, a2
core   0: 3 0x80003b9a (0x8e91) x13 0xffffffff
core   0: 0x80003b9c (0x71176293) ori     t0, a4, 1809
core   0: 3 0x80003b9c (0x71176293) x 5 0x00000731
core   0: 0x80003ba0 (0x00fc7733) and     a4, s8, a5
core   0: 3 0x80003ba0 (0x00fc7733) x14 0x00000000
core   0: 0x80003ba4 (0x6c704113) xori    sp, zero, 1735
core   0: 3 0x80003ba4 (0x6c704113) x 2 0x000006c7
core   0: 0x80003ba8 (0x00008fcd) c.or    a5, a1
core   0: 3 0x80003ba8 (0x8fcd) x15 0xffff66f6
core   0: 0x80003baa (0x00009e1e) c.add   t3, t2
core   0: 3 0x80003baa (0x9e1e) x28 0x00000001
core   0: 0x80003bac (0x0000839d) c.srli  a5, 7
core   0: 3 0x80003bac (0x839d) x15 0x01fffecd
core   0: 0x80003bae (0x00008dcd) c.or    a1, a1
core   0: 3 0x80003bae (0x8dcd) x11 0x000002d0
core   0: 0x80003bb0 (0x00008d11) c.sub   a0, a2
core   0: 3 0x80003bb0 (0x8d11) x10 0x00000000
core   0: 0x80003bb2 (0x024416b3) mulh    a3, s0, tp
core   0: 3 0x80003bb2 (0x024416b3) x13 0x00000000
core   0: 0x80003bb6 (0x40e3d533) sra     a0, t2, a4
core   0: 3 0x80003bb6 (0x40e3d533) x10 0x00000001
core   0: 0x80003bba (0x00009b7d) c.andi  a4, -1
core   0: 3 0x80003bba (0x9b7d) x14 0x00000000
core   0: 0x80003bbc (0x00008ee1) c.and   a3, s0
core   0: 3 0x80003bbc (0x8ee1) x13 0x00000000
core   0: 0x80003bbe (0x215f2f97) auipc   t6, 0x215f2
core   0: 3 0x80003bbe (0x215f2f97) x31 0xa15f5bbe
core   0: 0x80003bc2 (0x02469733) mulh    a4, a3, tp
core   0: 3 0x80003bc2 (0x02469733) x14 0x00000000
core   0: 0x80003bc6 (0xd6cb7d97) auipc   s11, 0xd6cb7
core   0: 3 0x80003bc6 (0xd6cb7d97) x27 0x56cbabc6
core   0: 0x80003bca (0x00006119) c.addi16sp sp, 384
core   0: 3 0x80003bca (0x6119) x 2 0x00000847
core   0: 0x80003bcc (0x003d1213) slli    tp, s10, 3
core   0: 3 0x80003bcc (0x003d1213) x 4 0x00000000
core   0: 0x80003bd0 (0x0da4f513) andi    a0, s1, 218
core   0: 3 0x80003bd0 (0x0da4f513) x10 0x00000040
core   0: 0x80003bd4 (0x0208a9b3) mulhsu  s3, a7, zero
core   0: 3 0x80003bd4 (0x0208a9b3) x19 0x00000000
core   0: 0x80003bd8 (0x03508b33) mul     s6, ra, s5
core   0: 3 0x80003bd8 (0x03508b33) x22 0x00000000
core   0: 0x80003bdc (0xd7e6e2b7) lui     t0, 0xd7e6e
core   0: 3 0x80003bdc (0xd7e6e2b7) x 5 0xd7e6e000
core   0: 0x80003be0 (0x23528293) addi    t0, t0, 565
core   0: 3 0x80003be0 (0x23528293) x 5 0xd7e6e235
core   0: 0x80003be4 (0xfff00e93) li      t4, -1
core   0: 3 0x80003be4 (0xfff00e93) x29 0xffffffff
core   0: 0x80003be8 (0x00004d81) c.li    s11, 0
core   0: 3 0x80003be8 (0x4d81) x27 0x00000000
core   0: 0x80003bea (0xfff00f13) li      t5, -1
core   0: 3 0x80003bea (0xfff00f13) x30 0xffffffff
core   0: 0x80003bee (0xfff00d13) li      s10, -1
core   0: 3 0x80003bee (0xfff00d13) x26 0xffffffff
core   0: 0x80003bf2 (0xadbfde37) lui     t3, 0xadbfd
core   0: 3 0x80003bf2 (0xadbfde37) x28 0xadbfd000
core   0: 0x80003bf6 (0x633e0e13) addi    t3, t3, 1587
core   0: 3 0x80003bf6 (0x633e0e13) x28 0xadbfd633
core   0: 0x80003bfa (0x00004b01) c.li    s6, 0
core   0: 3 0x80003bfa (0x4b01) x22 0x00000000
core   0: 0x80003bfc (0x80000637) lui     a2, 0x80000
core   0: 3 0x80003bfc (0x80000637) x12 0x80000000
core   0: 0x80003c00 (0x00004201) c.li    tp, 0
core   0: 3 0x80003c00 (0x4201) x 4 0x00000000
core   0: 0x80003c02 (0x800000b7) lui     ra, 0x80000
core   0: 3 0x80003c02 (0x800000b7) x 1 0x80000000
core   0: 0x80003c06 (0x00009d6e) c.add   s10, s11
core   0: 3 0x80003c06 (0x9d6e) x26 0xffffffff
core   0: 0x80003c08 (0x03ade0b3) rem     ra, s11, s10
core   0: 3 0x80003c08 (0x03ade0b3) x 1 0x00000000
core   0: 0x80003c0c (0x03b60b33) mul     s6, a2, s11
core   0: 3 0x80003c0c (0x03b60b33) x22 0x00000000
core   0: 0x80003c10 (0x021b2e33) mulhsu  t3, s6, ra
core   0: 3 0x80003c10 (0x021b2e33) x28 0x00000000
core   0: 0x80003c14 (0x0250cf33) div     t5, ra, t0
core   0: 3 0x80003c14 (0x0250cf33) x30 0x00000000
core   0: 0x80003c18 (0x03ddc633) div     a2, s11, t4
core   0: 3 0x80003c18 (0x03ddc633) x12 0x00000000
core   0: 0x80003c1c (0x021daeb3) mulhsu  t4, s11, ra
core   0: 3 0x80003c1c (0x021daeb3) x29 0x00000000
core   0: 0x80003c20 (0x025d7db3) remu    s11, s10, t0
core   0: 3 0x80003c20 (0x025d7db3) x27 0x28191dca
core   0: 0x80003c24 (0x347a7b37) lui     s6, 0x347a7
core   0: 3 0x80003c24 (0x347a7b37) x22 0x347a7000
core   0: 0x80003c28 (0x03cd90b3) mulh    ra, s11, t3
core   0: 3 0x80003c28 (0x03cd90b3) x 1 0x00000000
core   0: 0x80003c2c (0x00000001) c.nop
core   0: 3 0x80003c2c (0x0001)
core   0: 0x80003c2e (0x0242ab33) mulhsu  s6, t0, tp
core   0: 3 0x80003c2e (0x0242ab33) x22 0x00000000
core   0: 0x80003c32 (0x03edbb33) mulhu   s6, s11, t5
core   0: 3 0x80003c32 (0x03edbb33) x22 0x00000000
core   0: 0x80003c36 (0x036dfe33) remu    t3, s11, s6
core   0: 3 0x80003c36 (0x036dfe33) x28 0x28191dca
core   0: 0x80003c3a (0x55ab3d37) lui     s10, 0x55ab3
core   0: 3 0x80003c3a (0x55ab3d37) x26 0x55ab3000
core   0: 0x80003c3e (0x58d20e93) addi    t4, tp, 1421
core   0: 3 0x80003c3e (0x58d20e93) x29 0x0000058d
core   0: 0x80003c42 (0x3f423637) lui     a2, 0x3f423
core   0: 3 0x80003c42 (0x3f423637) x12 0x3f423000
core   0: 0x80003c46 (0x00460eb3) add     t4, a2, tp
core   0: 3 0x80003c46 (0x00460eb3) x29 0x3f423000
core   0: 0x80003c4a (0x9baf3e97) auipc   t4, 0x9baf3
core   0: 3 0x80003c4a (0x9baf3e97) x29 0x1baf6c4a
core   0: 0x80003c4e (0x03e2cd33) div     s10, t0, t5
core   0: 3 0x80003c4e (0x03e2cd33) x26 0xffffffff
core   0: 0x80003c52 (0x03ceef33) rem     t5, t4, t3
core   0: 3 0x80003c52 (0x03ceef33) x30 0x1baf6c4a
core   0: 0x80003c56 (0x03c0ee33) rem     t3, ra, t3
core   0: 3 0x80003c56 (0x03c0ee33) x28 0x00000000
core   0: 0x80003c5a (0xea550b37) lui     s6, 0xea550
core   0: 3 0x80003c5a (0xea550b37) x22 0xea550000
core   0: 0x80003c5e (0x03ef7b33) remu    s6, t5, t5
core   0: 3 0x80003c5e (0x03ef7b33) x22 0x00000000
core   0: 0x80003c62 (0x03d26eb3) rem     t4, tp, t4
core   0: 3 0x80003c62 (0x03d26eb3) x29 0x00000000
core   0: 0x80003c66 (0x025f5b33) divu    s6, t5, t0
core   0: 3 0x80003c66 (0x025f5b33) x22 0x00000000
core   0: 0x80003c6a (0x036b7b33) remu    s6, s6, s6
core   0: 3 0x80003c6a (0x036b7b33) x22 0x00000000
core   0: 0x80003c6e (0x03ed72b3) remu    t0, s10, t5
core   0: 3 0x80003c6e (0x03ed72b3) x 5 0x06d53165
core   0: 0x80003c72 (0x008f68b3) or      a7, t5, s0
core   0: 3 0x80003c72 (0x008f68b3) x17 0x1baf6c4a
core   0: 0x80003c76 (0x00008f71) c.and   a4, a2
core   0: 3 0x80003c76 (0x8f71) x14 0x00000000
core   0: 0x80003c78 (0x00adc433) xor     s0, s11, a0
core   0: 3 0x80003c78 (0x00adc433) x 8 0x28191d8a
core   0: 0x80003c7c (0x01f30133) add     sp, t1, t6
core   0: 3 0x80003c7c (0x01f30133) x 2 0xa15f56c8
core   0: 0x80003c80 (0x03fc3033) mulhu   zero, s8, t6
core   0: 3 0x80003c80 (0x03fc3033)
core   0: 0x80003c84 (0x67153093) sltiu   ra, a0, 1649
core   0: 3 0x80003c84 (0x67153093) x 1 0x00000001
core   0: 0x80003c88 (0x01fee333) or      t1, t4, t6
core   0: 3 0x80003c88 (0x01fee333) x 6 0xa15f5bbe
core   0: 0x80003c8c (0x007f1513) slli    a0, t5, 7
core   0: 3 0x80003c8c (0x007f1513) x10 0xd7b62500
core   0: 0x80003c90 (0x00008521) c.srai  a0, 8
core   0: 3 0x80003c90 (0x8521) x10 0xffd7b625
core   0: 0x80003c92 (0x40a80133) sub     sp, a6, a0
core   0: 3 0x80003c92 (0x40a80133) x 2 0x802986bf
core   0: 0x80003c96 (0x000086c1) c.srai  a3, 16
core   0: 3 0x80003c96 (0x86c1) x13 0x00000000
core   0: 0x80003c98 (0x00001d94) c.addi4spn a3, sp, 752
core   0: 3 0x80003c98 (0x1d94) x13 0x802989af
core   0: 0x80003c9a (0x41e10733) sub     a4, sp, t5
core   0: 3 0x80003c9a (0x41e10733) x14 0x647a1a75
core   0: 0x80003c9e (0x00a9e7b3) or      a5, s3, a0
core   0: 3 0x80003c9e (0x00a9e7b3) x15 0xffd7b625
core   0: 0x80003ca2 (0x003568b3) or      a7, a0, gp
core   0: 3 0x80003ca2 (0x003568b3) x17 0xffd7f625
core   0: 0x80003ca6 (0x00009dfa) c.add   s11, t5
core   0: 3 0x80003ca6 (0x9dfa) x27 0x43c88a14
core   0: 0x80003ca8 (0x00000be9) c.addi  s7, 26
core   0: 3 0x80003ca8 (0x0be9) x23 0xb977f01a
core   0: 0x80003caa (0x024c70b3) remu    ra, s8, tp
core   0: 3 0x80003caa (0x024c70b3) x 1 0x00000000
core   0: 0x80003cae (0x011143b3) xor     t2, sp, a7
core   0: 3 0x80003cae (0x011143b3) x 7 0x7ffe709a
core   0: 0x80003cb2 (0x0022d613) srli    a2, t0, 2
core   0: 3 0x80003cb2 (0x0022d613) x12 0x01b54c59
core   0: 0x80003cb6 (0x4107d993) srai    s3, a5, 16
core   0: 3 0x80003cb6 (0x4107d993) x19 0xffffffd7
core   0: 0x80003cba (0x03828933) mul     s2, t0, s8
core   0: 3 0x80003cba (0x03828933) x18 0x00000000
core   0: 0x80003cbe (0x01280233) add     tp, a6, s2
core   0: 3 0x80003cbe (0x01280233) x 4 0x80013ce4
core   0: 0x80003cc2 (0x3d2aa5b7) lui     a1, 0x3d2aa
core   0: 3 0x80003cc2 (0x3d2aa5b7) x11 0x3d2aa000
core   0: 0x80003cc6 (0x43c30893) addi    a7, t1, 1084
core   0: 3 0x80003cc6 (0x43c30893) x17 0xa15f5ffa
core   0: 0x80003cca (0xc37acf13) xori    t5, s5, -969
core   0: 3 0x80003cca (0xc37acf13) x30 0xfffffc37
core   0: 0x80003cce (0x01825713) srli    a4, tp, 24
core   0: 3 0x80003cce (0x01825713) x14 0x00000080
core   0: 0x80003cd2 (0x0000615d) c.addi16sp sp, 432
core   0: 3 0x80003cd2 (0x615d) x 2 0x8029886f
core   0: 0x80003cd4 (0x41478633) sub     a2, a5, s4
core   0: 3 0x80003cd4 (0x41478633) x12 0xffd7b625
core   0: 0x80003cd8 (0xdec90c13) addi    s8, s2, -532
core   0: 3 0x80003cd8 (0xdec90c13) x24 0xfffffdec
core   0: 0x80003cdc (0x3ee4fc13) andi    s8, s1, 1006
core   0: 3 0x80003cdc (0x3ee4fc13) x24 0x00000264
core   0: 0x80003ce0 (0x27350013) addi    zero, a0, 627
core   0: 3 0x80003ce0 (0x27350013)
core   0: 0x80003ce4 (0x0000717d) c.addi16sp sp, -16
core   0: 3 0x80003ce4 (0x717d) x 2 0x8029885f
core   0: 0x80003ce6 (0x000099e2) c.add   s3, s8
core   0: 3 0x80003ce6 (0x99e2) x19 0x0000023b
core   0: 0x80003ce8 (0x1bb2da17) auipc   s4, 0x1bb2d
core   0: 3 0x80003ce8 (0x1bb2da17) x20 0x9bb30ce8
core   0: 0x80003cec (0x78e5da17) auipc   s4, 0x78e5d
core   0: 3 0x80003cec (0x78e5da17) x20 0xf8e60cec
core   0: 0x80003cf0 (0x16013c17) auipc   s8, 0x16013
core   0: 3 0x80003cf0 (0x16013c17) x24 0x96016cf0
core   0: 0x80003cf4 (0x014908b3) add     a7, s2, s4
core   0: 3 0x80003cf4 (0x014908b3) x17 0xf8e60cec
core   0: 0x80003cf8 (0x01d75a13) srli    s4, a4, 29
core   0: 3 0x80003cf8 (0x01d75a13) x20 0x00000000
core   0: 0x80003cfc (0x42cef593) andi    a1, t4, 1068
core   0: 3 0x80003cfc (0x42cef593) x11 0x00000000
core   0: 0x80003d00 (0x03cccb33) div     s6, s9, t3
core   0: 3 0x80003d00 (0x03cccb33) x22 0xffffffff
core   0: 0x80003d04 (0x00008e15) c.sub   a2, a3
core   0: 3 0x80003d04 (0x8e15) x12 0x7fae2c76
core   0: 0x80003d06 (0x0091ebb3) or      s7, gp, s1
core   0: 3 0x80003d06 (0x0091ebb3) x23 0x8001fe64
core   0: 0x80003d0a (0x0159a6b3) slt     a3, s3, s5
core   0: 3 0x80003d0a (0x0159a6b3) x13 0x00000000
core   0: 0x80003d0e (0x0000071e) c.slli  a4, 7
core   0: 3 0x80003d0e (0x071e) x14 0x00004000
core   0: 0x80003d10 (0x024f8333) mul     t1, t6, tp
core   0: 3 0x80003d10 (0x024f8333) x 6 0x6e2c3d38
core   0: 0x80003d14 (0x03dc3eb3) mulhu   t4, s8, t4
core   0: 3 0x80003d14 (0x03dc3eb3) x29 0x00000000
core   0: 0x80003d18 (0x000089dd) c.andi  a1, 23
core   0: 3 0x80003d18 (0x89dd) x11 0x00000000
core   0: 0x80003d1a (0x00fc2c33) slt     s8, s8, a5
core   0: 3 0x80003d1a (0x00fc2c33) x24 0x00000001
core   0: 0x80003d1e (0x017258b3) srl     a7, tp, s7
core   0: 3 0x80003d1e (0x017258b3) x17 0x080013ce
core   0: 0x80003d22 (0x01e29b13) slli    s6, t0, 30
core   0: 3 0x80003d22 (0x01e29b13) x22 0x40000000
core   0: 0x80003d26 (0x41430533) sub     a0, t1, s4
core   0: 3 0x80003d26 (0x41430533) x10 0x6e2c3d38
core   0: 0x80003d2a (0x015d2233) slt     tp, s10, s5
core   0: 3 0x80003d2a (0x015d2233) x 4 0x00000001
core   0: 0x80003d2e (0x023c9733) mulh    a4, s9, gp
core   0: 3 0x80003d2e (0x023c9733) x14 0x00000000
core   0: 0x80003d32 (0x03ad4733) div     a4, s10, s10
core   0: 3 0x80003d32 (0x03ad4733) x14 0x00000001
core   0: 0x80003d36 (0x00008a51) c.andi  a2, 20
core   0: 3 0x80003d36 (0x8a51) x12 0x00000014
core   0: 0x80003d38 (0xc8abda17) auipc   s4, 0xc8abd
core   0: 3 0x80003d38 (0xc8abda17) x20 0x48ac0d38
core   0: 0x80003d3c (0xf0955a97) auipc   s5, 0xf0955
core   0: 3 0x80003d3c (0xf0955a97) x21 0x70958d3c
core   0: 0x80003d40 (0x007eb6b3) sltu    a3, t4, t2
core   0: 3 0x80003d40 (0x007eb6b3) x13 0x00000001
core   0: 0x80003d44 (0x00004581) c.li    a1, 0
core   0: 3 0x80003d44 (0x4581) x11 0x00000000
core   0: 0x80003d46 (0x00004e01) c.li    t3, 0
core   0: 3 0x80003d46 (0x4e01) x28 0x00000000
core   0: 0x80003d48 (0x9d296137) lui     sp, 0x9d296
core   0: 3 0x80003d48 (0x9d296137) x 2 0x9d296000
core   0: 0x80003d4c (0x61d10113) addi    sp, sp, 1565
core   0: 3 0x80003d4c (0x61d10113) x 2 0x9d29661d
core   0: 0x80003d50 (0x80000f37) lui     t5, 0x80000
core   0: 3 0x80003d50 (0x80000f37) x30 0x80000000
core   0: 0x80003d54 (0x80000a37) lui     s4, 0x80000
core   0: 3 0x80003d54 (0x80000a37) x20 0x80000000
core   0: 0x80003d58 (0xf7aff337) lui     t1, 0xf7aff
core   0: 3 0x80003d58 (0xf7aff337) x 6 0xf7aff000
core   0: 0x80003d5c (0x5fc30313) addi    t1, t1, 1532
core   0: 3 0x80003d5c (0x5fc30313) x 6 0xf7aff5fc
core   0: 0x80003d60 (0x490b2937) lui     s2, 0x490b2
core   0: 3 0x80003d60 (0x490b2937) x18 0x490b2000
core   0: 0x80003d64 (0xf8e90913) addi    s2, s2, -114
core   0: 3 0x80003d64 (0xf8e90913) x18 0x490b1f8e
core   0: 0x80003d68 (0xd073c8b7) lui     a7, 0xd073c
core   0: 3 0x80003d68 (0xd073c8b7) x17 0xd073c000
core   0: 0x80003d6c (0x31188893) addi    a7, a7, 785
core   0: 3 0x80003d6c (0x31188893) x17 0xd073c311
core   0: 0x80003d70 (0x00004a81) c.li    s5, 0
core   0: 3 0x80003d70 (0x4a81) x21 0x00000000
core   0: 0x80003d72 (0xd7c4f9b7) lui     s3, 0xd7c4f
core   0: 3 0x80003d72 (0xd7c4f9b7) x19 0xd7c4f000
core   0: 0x80003d76 (0x87198993) addi    s3, s3, -1935
core   0: 3 0x80003d76 (0x87198993) x19 0xd7c4e871
core   0: 0x80003d7a (0x00000001) c.nop
core   0: 3 0x80003d7a (0x0001)
core   0: 0x80003d7c (0x58eadf17) auipc   t5, 0x58ead
core   0: 3 0x80003d7c (0x58eadf17) x30 0xd8eb0d7c
core   0: 0x80003d80 (0x02b5e9b3) rem     s3, a1, a1
core   0: 3 0x80003d80 (0x02b5e9b3) x19 0x00000000
core   0: 0x80003d84 (0x031ab9b3) mulhu   s3, s5, a7
core   0: 3 0x80003d84 (0x031ab9b3) x19 0x00000000
core   0: 0x80003d88 (0x03e8b5b3) mulhu   a1, a7, t5
core   0: 3 0x80003d88 (0x03e8b5b3) x11 0xb0a111d5
core   0: 0x80003d8c (0x032118b3) mulh    a7, sp, s2
core   0: 3 0x80003d8c (0x032118b3) x17 0xe3cc82b6
core   0: 0x80003d90 (0x0265fe33) remu    t3, a1, t1
core   0: 3 0x80003d90 (0x0265fe33) x28 0xb0a111d5
core   0: 0x80003d94 (0x012f0ab3) add     s5, t5, s2
core   0: 3 0x80003d94 (0x012f0ab3) x21 0x21f62d0a
core   0: 0x80003d98 (0xc94a0a93) addi    s5, s4, -876
core   0: 3 0x80003d98 (0xc94a0a93) x21 0x7ffffc94
core   0: 0x80003d9c (0x03259ab3) mulh    s5, a1, s2
core   0: 3 0x80003d9c (0x03259ab3) x21 0xe95a7b38
core   0: 0x80003da0 (0x03534e33) div     t3, t1, s5
core   0: 3 0x80003da0 (0x03534e33) x28 0x00000000
core   0: 0x80003da4 (0x02b96e33) rem     t3, s2, a1
core   0: 3 0x80003da4 (0x02b96e33) x28 0x490b1f8e
core   0: 0x80003da8 (0x0225d133) divu    sp, a1, sp
core   0: 3 0x80003da8 (0x0225d133) x 2 0x00000001
core   0: 0x80003dac (0x03e90333) mul     t1, s2, t5
core   0: 3 0x80003dac (0x03e90333) x 6 0xb9577ec8
core   0: 0x80003db0 (0x01e58ab3) add     s5, a1, t5
core   0: 3 0x80003db0 (0x01e58ab3) x21 0x898c1f51
core   0: 0x80003db4 (0x411f0933) sub     s2, t5, a7
core   0: 3 0x80003db4 (0x411f0933) x18 0xf51e8ac6
core   0: 0x80003db8 (0x03358a33) mul     s4, a1, s3
core   0: 3 0x80003db8 (0x03358a33) x20 0x00000000
core   0: 0x80003dbc (0x03e59133) mulh    sp, a1, t5
core   0: 3 0x80003dbc (0x03e59133) x 2 0x0c1df4e3
core   0: 0x80003dc0 (0x03c585b3) mul     a1, a1, t3
core   0: 3 0x80003dc0 (0x03c585b3) x11 0xfba7af26
core   0: 0x80003dc4 (0x1cc89137) lui     sp, 0x1cc89
core   0: 3 0x80003dc4 (0x1cc89137) x 2 0x1cc89000
core   0: 0x80003dc8 (0x9f090313) addi    t1, s2, -1552
core   0: 3 0x80003dc8 (0x9f090313) x 6 0xf51e84b6
core   0: 0x80003dcc (0x03c108b3) mul     a7, sp, t3
core   0: 3 0x80003dcc (0x03c108b3) x17 0x70afe000
core   0: 0x80003dd0 (0x0355b133) mulhu   sp, a1, s5
core   0: 3 0x80003dd0 (0x0355b133) x 2 0x87367b38
core   0: 0x80003dd4 (0x03494e33) div     t3, s2, s4
core   0: 3 0x80003dd4 (0x03494e33) x28 0xffffffff
core   0: 0x80003dd8 (0x814b8ab7) lui     s5, 0x814b8
core   0: 3 0x80003dd8 (0x814b8ab7) x21 0x814b8000
core   0: 0x80003ddc (0x0000813d) c.srli  a0, 15
core   0: 3 0x80003ddc (0x813d) x10 0x0000dc58
core   0: 0x80003dde (0x01a01a93) slli    s5, zero, 26
core   0: 3 0x80003dde (0x01a01a93) x21 0x00000000
core   0: 0x80003de2 (0xfe864c13) xori    s8, a2, -24
core   0: 3 0x80003de2 (0xfe864c13) x24 0xfffffffc
core   0: 0x80003de6 (0x00008ec5) c.or    a3, s1
core   0: 3 0x80003de6 (0x8ec5) x13 0x8000fe65
core   0: 0x80003de8 (0x030ff433) remu    s0, t6, a6
core   0: 3 0x80003de8 (0x030ff433) x 8 0x215e1eda
core   0: 0x80003dec (0x0000611d) c.addi16sp sp, 416
core   0: 3 0x80003dec (0x611d) x 2 0x87367cd8
core   0: 0x80003dee (0x00008d65) c.and   a0, s1
core   0: 3 0x80003dee (0x8d65) x10 0x0000dc40
core   0: 0x80003df0 (0x025645b3) div     a1, a2, t0
core   0: 3 0x80003df0 (0x025645b3) x11 0x00000000
core   0: 0x80003df4 (0xcf3eab13) slti    s6, t4, -781
core   0: 3 0x80003df4 (0xcf3eab13) x22 0x00000000
core   0: 0x80003df8 (0x015fe2b3) or      t0, t6, s5
core   0: 3 0x80003df8 (0x015fe2b3) x 5 0xa15f5bbe
core   0: 0x80003dfc (0x026db733) mulhu   a4, s11, t1
core   0: 3 0x80003dfc (0x026db733) x14 0x40e700c8
core   0: 0x80003e00 (0x03f286b3) mul     a3, t0, t6
core   0: 3 0x80003e00 (0x03f286b3) x13 0x33e4a104
core   0: 0x80003e04 (0x038adeb3) divu    t4, s5, s8
core   0: 3 0x80003e04 (0x038adeb3) x29 0x00000000
core   0: 0x80003e08 (0x00008729) c.srai  a4, 10
core   0: 3 0x80003e08 (0x8729) x14 0x001039c0
core   0: 0x80003e0a (0x03d26fb3) rem     t6, tp, t4
core   0: 3 0x80003e0a (0x03d26fb3) x31 0x00000001
core   0: 0x80003e0e (0x03e7ca33) div     s4, a5, t5
core   0: 3 0x80003e0e (0x03e7ca33) x20 0x00000000
core   0: 0x80003e12 (0x00f072b3) and     t0, zero, a5
core   0: 3 0x80003e12 (0x00f072b3) x 5 0x00000000
core   0: 0x80003e16 (0x00008f51) c.or    a4, a2
core   0: 3 0x80003e16 (0x8f51) x14 0x001039d4
core   0: 0x80003e18 (0x01612d33) slt     s10, sp, s6
core   0: 3 0x80003e18 (0x01612d33) x26 0x00000001
core   0: 0x80003e1c (0x000009ce) c.slli  s3, 19
core   0: 3 0x80003e1c (0x09ce) x19 0x00000000
core   0: 0x80003e1e (0xcb614913) xori    s2, sp, -842
core   0: 3 0x80003e1e (0xcb614913) x18 0x78c9806e
core   0: 0x80003e22 (0x03e38eb3) mul     t4, t2, t5
core   0: 3 0x80003e22 (0x03e38eb3) x29 0x38545c98
core   0: 0x80003e26 (0x3b3d6b97) auipc   s7, 0x3b3d6
core   0: 3 0x80003e26 (0x3b3d6b97) x23 0xbb3d9e26
core   0: 0x80003e2a (0x013731b3) sltu    gp, a4, s3
core   0: 3 0x80003e2a (0x013731b3) x 3 0x00000000
core   0: 0x80003e2e (0x00008319) c.srli  a4, 6
core   0: 3 0x80003e2e (0x8319) x14 0x000040e7
core   0: 0x80003e30 (0x018ad913) srli    s2, s5, 24
core   0: 3 0x80003e30 (0x018ad913) x18 0x00000000
core   0: 0x80003e34 (0x01003b33) snez    s6, a6
core   0: 3 0x80003e34 (0x01003b33) x22 0x00000001
core   0: 0x80003e38 (0x93e02793) slti    a5, zero, -1730
core   0: 3 0x80003e38 (0x93e02793) x15 0x00000000
core   0: 0x80003e3c (0x0000611d) c.addi16sp sp, 416
core   0: 3 0x80003e3c (0x611d) x 2 0x87367e78
core   0: 0x80003e3e (0x00008fed) c.and   a5, a1
core   0: 3 0x80003e3e (0x8fed) x15 0x00000000
core   0: 0x80003e40 (0x000048c9) c.li    a7, 18
core   0: 3 0x80003e40 (0x48c9) x17 0x00000012
core   0: 0x80003e42 (0x0096a7b3) slt     a5, a3, s1
core   0: 3 0x80003e42 (0x0096a7b3) x15 0x00000000
core   0: 0x80003e46 (0x00679a33) sll     s4, a5, t1
core   0: 3 0x80003e46 (0x00679a33) x20 0x00000000
core   0: 0x80003e4a (0x028b8c33) mul     s8, s7, s0
core   0: 3 0x80003e4a (0x028b8c33) x24 0xa2f5205c
core   0: 0x80003e4e (0x02ff1a33) mulh    s4, t5, a5
core   0: 3 0x80003e4e (0x02ff1a33) x20 0x00000000
core   0: 0x80003e52 (0x01979fb3) sll     t6, a5, s9
core   0: 3 0x80003e52 (0x01979fb3) x31 0x00000000
core   0: 0x80003e56 (0x0224e2b3) rem     t0, s1, sp
core   0: 3 0x80003e56 (0x0224e2b3) x 5 0xf8ca7fec
core   0: 0x80003e5a (0x00001a98) c.addi4spn a4, sp, 368
core   0: 3 0x80003e5a (0x1a98) x14 0x87367fe8
core   0: 0x80003e5c (0x01a2efb3) or      t6, t0, s10
core   0: 3 0x80003e5c (0x01a2efb3) x31 0xf8ca7fed
core   0: 0x80003e60 (0xa105e9b7) lui     s3, 0xa105e
core   0: 3 0x80003e60 (0xa105e9b7) x19 0xa105e000
core   0: 0x80003e64 (0x03fd8fb3) mul     t6, s11, t6
core   0: 3 0x80003e64 (0x03fd8fb3) x31 0x90efc084
core   0: 0x80003e68 (0x41f85693) srai    a3, a6, 31
core   0: 3 0x80003e68 (0x41f85693) x13 0xffffffff
core   0: 0x80003e6c (0x40bcd6b3) sra     a3, s9, a1
core   0: 3 0x80003e6c (0x40bcd6b3) x13 0x00000000
core   0: 0x80003e70 (0x0354c933) div     s2, s1, s5
core   0: 3 0x80003e70 (0x0354c933) x18 0xffffffff
core   0: 0x80003e74 (0x7350a037) lui     zero, 0x7350a
core   0: 3 0x80003e74 (0x7350a037)
core   0: 0x80003e78 (0x36f54e13) xori    t3, a0, 879
core   0: 3 0x80003e78 (0x36f54e13) x28 0x0000df2f
core   0: 0x80003e7c (0x00008f05) c.sub   a4, s1
core   0: 3 0x80003e7c (0x8f05) x14 0x07358184
core   0: 0x80003e7e (0x028d6a33) rem     s4, s10, s0
core   0: 3 0x80003e7e (0x028d6a33) x20 0x00000001
core   0: 0x80003e82 (0x037e1ab3) mulh    s5, t3, s7
core   0: 3 0x80003e82 (0x037e1ab3) x21 0xffffc40e
core   0: 0x80003e86 (0x0000966a) c.add   a2, s10
core   0: 3 0x80003e86 (0x966a) x12 0x00000015
core   0: 0x80003e88 (0x000005ce) c.slli  a1, 19
core   0: 3 0x80003e88 (0x05ce) x11 0x00000000
core   0: 0x80003e8a (0xcca97213) andi    tp, s2, -822
core   0: 3 0x80003e8a (0xcca97213) x 4 0xfffffcca
core   0: 0x80003e8e (0x00480a33) add     s4, a6, tp
core   0: 3 0x80003e8e (0x00480a33) x20 0x800139ae
core   0: 0x80003e92 (0x00008295) c.srli  a3, 5
core   0: 3 0x80003e92 (0x8295) x13 0x00000000
core   0: 0x80003e94 (0x0380cb33) div     s6, ra, s8
core   0: 3 0x80003e94 (0x0380cb33) x22 0x00000000
core   0: 0x80003e98 (0x029dd8b3) divu    a7, s11, s1
core   0: 3 0x80003e98 (0x029dd8b3) x17 0x00000000
core   0: 0x80003e9c (0x035a08b3) mul     a7, s4, s5
core   0: 3 0x80003e9c (0x035a08b3) x17 0xb68c5f84
core   0: 0x80003ea0 (0x0000847a) c.mv    s0, t5
core   0: 3 0x80003ea0 (0x847a) x 8 0xd8eb0d7c
core   0: 0x80003ea2 (0x00008d1d) c.sub   a0, a5
core   0: 3 0x80003ea2 (0x8d1d) x10 0x0000dc40
core   0: 0x80003ea4 (0x0185ac33) slt     s8, a1, s8
core   0: 3 0x80003ea4 (0x0185ac33) x24 0x00000000
core   0: 0x80003ea8 (0x02c13fb3) mulhu   t6, sp, a2
core   0: 3 0x80003ea8 (0x02c13fb3) x31 0x0000000b
core   0: 0x80003eac (0x00008d89) c.sub   a1, a0
core   0: 3 0x80003eac (0x8d89) x11 0xffff23c0
core   0: 0x80003eae (0x000081f9) c.srli  a1, 30
core   0: 3 0x80003eae (0x81f9) x11 0x00000003
core   0: 0x80003eb0 (0x02fcf6b3) remu    a3, s9, a5
core   0: 3 0x80003eb0 (0x02fcf6b3) x13 0x00000000
core   0: 0x80003eb4 (0x00008d85) c.sub   a1, s1
core   0: 3 0x80003eb4 (0x8d85) x11 0x7fff019f
core   0: 0x80003eb6 (0x5a0f0f93) addi    t6, t5, 1440
core   0: 3 0x80003eb6 (0x5a0f0f93) x31 0xd8eb131c
core   0: 0x80003eba (0x00000880) c.addi4spn s0, sp, 80
core   0: 3 0x80003eba (0x0880) x 8 0x87367ec8
core   0: 0x80003ebc (0x62d8ff93) andi    t6, a7, 1581
core   0: 3 0x80003ebc (0x62d8ff93) x31 0x00000604
core   0: 0x80003ec0 (0x4c400e13) li      t3, 1220
core   0: 3 0x80003ec0 (0x4c400e13) x28 0x000004c4
core   0: 0x80003ec4 (0x000009d2) c.slli  s3, 20
core   0: 3 0x80003ec4 (0x09d2) x19 0x00000000
core   0: 0x80003ec6 (0x2ebd7693) andi    a3, s10, 747
core   0: 3 0x80003ec6 (0x2ebd7693) x13 0x00000001
core   0: 0x80003eca (0x00008476) c.mv    s0, t4
core   0: 3 0x80003eca (0x8476) x 8 0x38545c98
core   0: 0x80003ecc (0x0339b1b3) mulhu   gp, s3, s3
core   0: 3 0x80003ecc (0x0339b1b3) x 3 0x00000000
core   0: 0x80003ed0 (0x01cd0733) add     a4, s10, t3
core   0: 3 0x80003ed0 (0x01cd0733) x14 0x000004c5
core   0: 0x80003ed4 (0x00008bdd) c.andi  a5, 23
core   0: 3 0x80003ed4 (0x8bdd) x15 0x00000000
core   0: 0x80003ed6 (0x03d9de33) divu    t3, s3, t4
core   0: 3 0x80003ed6 (0x03d9de33) x28 0x00000000
core   0: 0x80003eda (0x02f81233) mulh    tp, a6, a5
core   0: 3 0x80003eda (0x02f81233) x 4 0x00000000
core   0: 0x80003ede (0x2774ac13) slti    s8, s1, 631
core   0: 3 0x80003ede (0x2774ac13) x24 0x00000001
core   0: 0x80003ee2 (0x0000976a) c.add   a4, s10
core   0: 3 0x80003ee2 (0x976a) x14 0x000004c6
core   0: 0x80003ee4 (0x41e1de33) sra     t3, gp, t5
core   0: 3 0x80003ee4 (0x41e1de33) x28 0x00000000
core   0: 0x80003ee8 (0x00000001) c.nop
core   0: 3 0x80003ee8 (0x0001)
core   0: 0x80003eea (0x097af093) andi    ra, s5, 151
core   0: 3 0x80003eea (0x097af093) x 1 0x00000006
core   0: 0x80003eee (0x00006ebd) c.lui   t4, 0xf
core   0: 3 0x80003eee (0x6ebd) x29 0x0000f000
core   0: 0x80003ef0 (0x00000001) c.nop
core   0: 3 0x80003ef0 (0x0001)
core   0: 0x80003ef2 (0x000008ae) c.slli  a7, 11
core   0: 3 0x80003ef2 (0x08ae) x17 0x62fc2000
core   0: 0x80003ef4 (0x0014b733) sltu    a4, s1, ra
core   0: 3 0x80003ef4 (0x0014b733) x14 0x00000000
core   0: 0x80003ef8 (0x00006141) c.addi16sp sp, 16
core   0: 3 0x80003ef8 (0x6141) x 2 0x87367e88
core   0: 0x80003efa (0x5a2a0f93) addi    t6, s4, 1442
core   0: 3 0x80003efa (0x5a2a0f93) x31 0x80013f50
core   0: 0x80003efe (0x03abe133) rem     sp, s7, s10
core   0: 3 0x80003efe (0x03abe133) x 2 0x00000000
core   0: 0x80003f02 (0x039cf7b3) remu    a5, s9, s9
core   0: 3 0x80003f02 (0x039cf7b3) x15 0x00000000
core   0: 0x80003f06 (0x415b5d33) sra     s10, s6, s5
core   0: 3 0x80003f06 (0x415b5d33) x26 0x00000000
core   0: 0x80003f0a (0xa01d1f37) lui     t5, 0xa01d1
core   0: 3 0x80003f0a (0xa01d1f37) x30 0xa01d1000
core   0: 0x80003f0e (0x038856b3) divu    a3, a6, s8
core   0: 3 0x80003f0e (0x038856b3) x13 0x80013ce4
core   0: 0x80003f12 (0x021f8ab3) mul     s5, t6, ra
core   0: 3 0x80003f12 (0x021f8ab3) x21 0x00077be0
core   0: 0x80003f16 (0x50890ab7) lui     s5, 0x50890
core   0: 3 0x80003f16 (0x50890ab7) x21 0x50890000
core   0: 0x80003f1a (0x00009bfd) c.andi  a5, -1
core   0: 3 0x80003f1a (0x9bfd) x15 0x00000000
core   0: 0x80003f1c (0x03b2f5b3) remu    a1, t0, s11
core   0: 3 0x80003f1c (0x03b2f5b3) x11 0x2d70e1b0
core   0: 0x80003f20 (0x0000691d) c.lui   s2, 0x7
core   0: 3 0x80003f20 (0x691d) x18 0x00007000
core   0: 0x80003f22 (0x0000577d) c.li    a4, -1
core   0: 3 0x80003f22 (0x577d) x14 0xffffffff
core   0: 0x80003f24 (0x00000386) c.slli  t2, 1
core   0: 3 0x80003f24 (0x0386) x 7 0xfffce134
core   0: 0x80003f26 (0x0000717d) c.addi16sp sp, -16
core   0: 3 0x80003f26 (0x717d) x 2 0xfffffff0
core   0: 0x80003f28 (0x0000138c) c.addi4spn a1, sp, 480
core   0: 3 0x80003f28 (0x138c) x11 0x000001d0
core   0: 0x80003f2a (0x00006115) c.addi16sp sp, 288
core   0: 3 0x80003f2a (0x6115) x 2 0x00000110
core   0: 0x80003f2c (0x00cca5b3) slt     a1, s9, a2
core   0: 3 0x80003f2c (0x00cca5b3) x11 0x00000001
core   0: 0x80003f30 (0xed613113) sltiu   sp, sp, -298
core   0: 3 0x80003f30 (0xed613113) x 2 0x00000001
core   0: 0x80003f34 (0x00d95333) srl     t1, s2, a3
core   0: 3 0x80003f34 (0x00d95333) x 6 0x00000700
core   0: 0x80003f38 (0x03b66933) rem     s2, a2, s11
core   0: 3 0x80003f38 (0x03b66933) x18 0x00000015
core   0: 0x80003f3c (0x017b5c13) srli    s8, s6, 23
core   0: 3 0x80003f3c (0x017b5c13) x24 0x00000000
core   0: 0x80003f40 (0x02ee0a33) mul     s4, t3, a4
core   0: 3 0x80003f40 (0x02ee0a33) x20 0x00000000
core   0: 0x80003f44 (0x03a68033) mul     zero, a3, s10
core   0: 3 0x80003f44 (0x03a68033)
core   0: 0x80003f48 (0x0009a433) slt     s0, s3, zero
core   0: 3 0x80003f48 (0x0009a433) x 8 0x00000000
core   0: 0x80003f4c (0x40590c33) sub     s8, s2, t0
core   0: 3 0x80003f4c (0x40590c33) x24 0x07358029
core   0: 0x80003f50 (0x01bc7db3) and     s11, s8, s11
core   0: 3 0x80003f50 (0x01bc7db3) x27 0x03008000
core   0: 0x80003f54 (0x000085e1) c.srai  a1, 24
core   0: 3 0x80003f54 (0x85e1) x11 0x00000000
core   0: 0x80003f56 (0x0000882d) c.andi  s0, 11
core   0: 3 0x80003f56 (0x882d) x 8 0x00000000
core   0: 0x80003f58 (0x0000717d) c.addi16sp sp, -16
core   0: 3 0x80003f58 (0x717d) x 2 0xfffffff1
core   0: 0x80003f5a (0x3e696e93) ori     t4, s2, 998
core   0: 3 0x80003f5a (0x3e696e93) x29 0x000003f7
core   0: 0x80003f5e (0x00008d95) c.sub   a1, a3
core   0: 3 0x80003f5e (0x8d95) x11 0x7ffec31c
core   0: 0x80003f60 (0x01e1e733) or      a4, gp, t5
core   0: 3 0x80003f60 (0x01e1e733) x14 0xa01d1000
core   0: 0x80003f64 (0x00006989) c.lui   s3, 0x2
core   0: 3 0x80003f64 (0x6989) x19 0x00002000
core   0: 0x80003f66 (0x004698b3) sll     a7, a3, tp
core   0: 3 0x80003f66 (0x004698b3) x17 0x80013ce4
core   0: 0x80003f6a (0x00006251) c.lui   tp, 0x14
core   0: 3 0x80003f6a (0x6251) x 4 0x00014000
core   0: 0x80003f6c (0x008e25b3) slt     a1, t3, s0
core   0: 3 0x80003f6c (0x008e25b3) x11 0x00000000
core   0: 0x80003f70 (0x01e54533) xor     a0, a0, t5
core   0: 3 0x80003f70 (0x01e54533) x10 0xa01dcc40
core   0: 0x80003f74 (0x01409693) slli    a3, ra, 20
core   0: 3 0x80003f74 (0x01409693) x13 0x00600000
core   0: 0x80003f78 (0x0000717d) c.addi16sp sp, -16
core   0: 3 0x80003f78 (0x717d) x 2 0xffffffe1
core   0: 0x80003f7a (0x010e6b33) or      s6, t3, a6
core   0: 3 0x80003f7a (0x010e6b33) x22 0x80013ce4
core   0: 0x80003f7e (0x404fd593) srai    a1, t6, 4
core   0: 3 0x80003f7e (0x404fd593) x11 0xf80013f5
core   0: 0x80003f82 (0xe46eee13) ori     t3, t4, -442
core   0: 3 0x80003f82 (0xe46eee13) x28 0xfffffff7
core   0: 0x80003f86 (0x41fc56b3) sra     a3, s8, t6
core   0: 3 0x80003f86 (0x41fc56b3) x13 0x00000735
core   0: 0x80003f8a (0x00008f29) c.xor   a4, a0
core   0: 3 0x80003f8a (0x8f29) x14 0x0000dc40
core   0: 0x80003f8c (0xd4fb6f13) ori     t5, s6, -689
core   0: 3 0x80003f8c (0xd4fb6f13) x30 0xfffffdef
core   0: 0x80003f90 (0x000099fd) c.andi  a1, -1
core   0: 3 0x80003f90 (0x99fd) x11 0xf80013f5
core   0: 0x80003f92 (0x0242fb33) remu    s6, t0, tp
core   0: 3 0x80003f92 (0x0242fb33) x22 0x00007fec
core   0: 0x80003f96 (0x00048633) add     a2, s1, zero
core   0: 3 0x80003f96 (0x00048633) x12 0x8000fe64
core   0: 0x80003f9a (0x692efd93) andi    s11, t4, 1682
core   0: 3 0x80003f9a (0x692efd93) x27 0x00000292
core   0: 0x80003f9e (0x65b1ff93) andi    t6, gp, 1627
core   0: 3 0x80003f9e (0x65b1ff93) x31 0x00000000
core   0: 0x80003fa2 (0x02ed71b3) remu    gp, s10, a4
core   0: 3 0x80003fa2 (0x02ed71b3) x 3 0x00000000
core   0: 0x80003fa6 (0x037876b3) remu    a3, a6, s7
core   0: 3 0x80003fa6 (0x037876b3) x13 0x80013ce4
core   0: 0x80003faa (0x41fa88b3) sub     a7, s5, t6
core   0: 3 0x80003faa (0x41fa88b3) x17 0x50890000
core   0: 0x80003fae (0x004b63b3) or      t2, s6, tp
core   0: 3 0x80003fae (0x004b63b3) x 7 0x00017fec
core   0: 0x80003fb2 (0x005497b3) sll     a5, s1, t0
core   0: 3 0x80003fb2 (0x005497b3) x15 0x0fe64000
core   0: 0x80003fb6 (0x00934133) xor     sp, t1, s1
core   0: 3 0x80003fb6 (0x00934133) x 2 0x8000f964
core   0: 0x80003fba (0x00006a7d) c.lui   s4, 0x1f
core   0: 3 0x80003fba (0x6a7d) x20 0x0001f000
core   0: 0x80003fbc (0x027336b3) mulhu   a3, t1, t2
core   0: 3 0x80003fbc (0x027336b3) x13 0x00000000
core   0: 0x80003fc0 (0x00bc4ab3) xor     s5, s8, a1
core   0: 3 0x80003fc0 (0x00bc4ab3) x21 0xff3593dc
core   0: 0x80003fc4 (0x0000537d) c.li    t1, -1
core   0: 3 0x80003fc4 (0x537d) x 6 0xffffffff
core   0: 0x80003fc6 (0x00e0af33) slt     t5, ra, a4
core   0: 3 0x80003fc6 (0x00e0af33) x30 0x00000001
core   0: 0x80003fca (0x2594b413) sltiu   s0, s1, 601
core   0: 3 0x80003fca (0x2594b413) x 8 0x00000000
core   0: 0x80003fce (0x00008d21) c.xor   a0, s0
core   0: 3 0x80003fce (0x8d21) x10 0xa01dcc40
core   0: 0x80003fd0 (0x0000547d) c.li    s0, -1
core   0: 3 0x80003fd0 (0x547d) x 8 0xffffffff
core   0: 0x80003fd2 (0x00008ba1) c.andi  a5, 8
core   0: 3 0x80003fd2 (0x8ba1) x15 0x00000000
core   0: 0x80003fd4 (0x000098f6) c.add   a7, t4
core   0: 3 0x80003fd4 (0x98f6) x17 0x508903f7
core   0: 0x80003fd6 (0x0342d3b3) divu    t2, t0, s4
core   0: 3 0x80003fd6 (0x0342d3b3) x 7 0x00008068
core   0: 0x80003fda (0x000081c9) c.srli  a1, 18
core   0: 3 0x80003fda (0x81c9) x11 0x00003e00
core   0: 0x80003fdc (0x00728033) add     zero, t0, t2
core   0: 3 0x80003fdc (0x00728033)
core   0: 0x80003fe0 (0x00004121) c.li    sp, 8
core   0: 3 0x80003fe0 (0x4121) x 2 0x00000008
core   0: 0x80003fe2 (0x00004e75) c.li    t3, 29
core   0: 3 0x80003fe2 (0x4e75) x28 0x0000001d
core   0: 0x80003fe4 (0xb34df613) andi    a2, s11, -1228
core   0: 3 0x80003fe4 (0xb34df613) x12 0x00000210
core   0: 0x80003fe8 (0x00008de1) c.and   a1, s0
core   0: 3 0x80003fe8 (0x8de1) x11 0x00003e00
core   0: 0x80003fea (0x00008e39) c.xor   a2, a4
core   0: 3 0x80003fea (0x8e39) x12 0x0000de50
core   0: 0x80003fec (0x02af9c33) mulh    s8, t6, a0
core   0: 3 0x80003fec (0x02af9c33) x24 0x00000000
core   0: 0x80003ff0 (0x00008eed) c.and   a3, a1
core   0: 3 0x80003ff0 (0x8eed) x13 0x00000000
core   0: 0x80003ff2 (0x00000001) c.nop
core   0: 3 0x80003ff2 (0x0001)
core   0: 0x80003ff4 (0x407a5633) sra     a2, s4, t2
core   0: 3 0x80003ff4 (0x407a5633) x12 0x000001f0
core   0: 0x80003ff8 (0x41ca0233) sub     tp, s4, t3
core   0: 3 0x80003ff8 (0x41ca0233) x 4 0x0001efe3
core   0: 0x80003ffc (0xe1bb4317) auipc   t1, 0xe1bb4
core   0: 3 0x80003ffc (0xe1bb4317) x 6 0x61bb7ffc
core   0: 0x80004000 (0x6795e593) ori     a1, a1, 1657
core   0: 3 0x80004000 (0x6795e593) x11 0x00003e79
core   0: 0x80004004 (0x03f051b3) divu    gp, zero, t6
core   0: 3 0x80004004 (0x03f051b3) x 3 0xffffffff
core   0: 0x80004008 (0x01497933) and     s2, s2, s4
core   0: 3 0x80004008 (0x01497933) x18 0x00000000
core   0: 0x8000400c (0x97312113) slti    sp, sp, -1677
core   0: 3 0x8000400c (0x97312113) x 2 0x00000000
core   0: 0x80004010 (0x00008d79) c.and   a0, a4
core   0: 3 0x80004010 (0x8d79) x10 0x0000cc40
core   0: 0x80004012 (0x00005c7d) c.li    s8, -1
core   0: 3 0x80004012 (0x5c7d) x24 0xffffffff
core   0: 0x80004014 (0x00008a11) c.andi  a2, 4
core   0: 3 0x80004014 (0x8a11) x12 0x00000000
core   0: 0x80004016 (0x002d1993) slli    s3, s10, 2
core   0: 3 0x80004016 (0x002d1993) x19 0x00000000
core   0: 0x8000401a (0x028959b3) divu    s3, s2, s0
core   0: 3 0x8000401a (0x028959b3) x19 0x00000000
core   0: 0x8000401e (0x0076d413) srli    s0, a3, 7
core   0: 3 0x8000401e (0x0076d413) x 8 0x00000000
core   0: 0x80004022 (0x03261733) mulh    a4, a2, s2
core   0: 3 0x80004022 (0x03261733) x14 0x00000000
core   0: 0x80004026 (0x036ffc33) remu    s8, t6, s6
core   0: 3 0x80004026 (0x036ffc33) x24 0x00000000
core   0: 0x8000402a (0x0330b6b3) mulhu   a3, ra, s3
core   0: 3 0x8000402a (0x0330b6b3) x13 0x00000000
core   0: 0x8000402e (0x024a66b3) rem     a3, s4, tp
core   0: 3 0x8000402e (0x024a66b3) x13 0x0000001d
core   0: 0x80004032 (0x000083a2) c.mv    t2, s0
core   0: 3 0x80004032 (0x83a2) x 7 0x00000000
core   0: 0x80004034 (0x0000717d) c.addi16sp sp, -16
core   0: 3 0x80004034 (0x717d) x 2 0xfffffff0
core   0: 0x80004036 (0x00008d11) c.sub   a0, a2
core   0: 3 0x80004036 (0x8d11) x10 0x0000cc40
core   0: 0x80004038 (0x00006a85) c.lui   s5, 0x1
core   0: 3 0x80004038 (0x6a85) x21 0x00001000
core   0: 0x8000403a (0x01894f33) xor     t5, s2, s8
core   0: 3 0x8000403a (0x01894f33) x30 0x00000000
core   0: 0x8000403e (0x4c6dba97) auipc   s5, 0x4c6db
core   0: 3 0x8000403e (0x4c6dba97) x21 0xcc6df03e
core   0: 0x80004042 (0x012b7fb3) and     t6, s6, s2
core   0: 3 0x80004042 (0x012b7fb3) x31 0x00000000
core   0: 0x80004046 (0xf6666213) ori     tp, a2, -154
core   0: 3 0x80004046 (0xf6666213) x 4 0xffffff66
core   0: 0x8000404a (0x00c55693) srli    a3, a0, 12
core   0: 3 0x8000404a (0x00c55693) x13 0x0000000c
core   0: 0x8000404e (0x21064793) xori    a5, a2, 528
core   0: 3 0x8000404e (0x21064793) x15 0x00000210
core   0: 0x80004052 (0x00008dd1) c.or    a1, a2
core   0: 3 0x80004052 (0x8dd1) x11 0x00003e79
core   0: 0x80004054 (0x00008af9) c.andi  a3, 30
core   0: 3 0x80004054 (0x8af9) x13 0x0000000c
core   0: 0x80004056 (0x00d06333) or      t1, zero, a3
core   0: 3 0x80004056 (0x00d06333) x 6 0x0000000c
core   0: 0x8000405a (0x0000816d) c.srli  a0, 27
core   0: 3 0x8000405a (0x816d) x10 0x00000000
core   0: 0x8000405c (0x029992b3) mulh    t0, s3, s1
core   0: 3 0x8000405c (0x029992b3) x 5 0x00000000
core   0: 0x80004060 (0xcb9f6d37) lui     s10, 0xcb9f6
core   0: 3 0x80004060 (0xcb9f6d37) x26 0xcb9f6000
core   0: 0x80004064 (0x000085f5) c.srai  a1, 29
core   0: 3 0x80004064 (0x85f5) x11 0x00000000
core   0: 0x80004066 (0x405edf93) srai    t6, t4, 5
core   0: 3 0x80004066 (0x405edf93) x31 0x0000001f
core   0: 0x8000406a (0x00008c41) c.or    s0, s0
core   0: 3 0x8000406a (0x8c41) x 8 0x00000000
core   0: 0x8000406c (0x0000911a) c.add   sp, t1
core   0: 3 0x8000406c (0x911a) x 2 0xfffffffc
core   0: 0x8000406e (0x019fcdb3) xor     s11, t6, s9
core   0: 3 0x8000406e (0x019fcdb3) x27 0x0000001f
core   0: 0x80004072 (0x032aa1b3) mulhsu  gp, s5, s2
core   0: 3 0x80004072 (0x032aa1b3) x 3 0x00000000
core   0: 0x80004076 (0x00008c51) c.or    s0, a2
core   0: 3 0x80004076 (0x8c51) x 8 0x00000000
core   0: 0x80004078 (0x00006b55) c.lui   s6, 0x15
core   0: 3 0x80004078 (0x6b55) x22 0x00015000
core   0: 0x8000407a (0xf4bb3093) sltiu   ra, s6, -181
core   0: 3 0x8000407a (0xf4bb3093) x 1 0x00000001
core   0: 0x8000407e (0x03b77333) remu    t1, a4, s11
core   0: 3 0x8000407e (0x03b77333) x 6 0x00000000
core   0: 0x80004082 (0x1d52ad13) slti    s10, t0, 469
core   0: 3 0x80004082 (0x1d52ad13) x26 0x00000001
core   0: 0x80004086 (0x00008291) c.srli  a3, 4
core   0: 3 0x80004086 (0x8291) x13 0x00000000
core   0: 0x80004088 (0x0000167d) c.addi  a2, -1
core   0: 3 0x80004088 (0x167d) x12 0xffffffff
core   0: 0x8000408a (0x0321b9b3) mulhu   s3, gp, s2
core   0: 3 0x8000408a (0x0321b9b3) x19 0x00000000
core   0: 0x8000408e (0x02ddcab3) div     s5, s11, a3
core   0: 3 0x8000408e (0x02ddcab3) x21 0xffffffff
core   0: 0x80004092 (0x00009f2e) c.add   t5, a1
core   0: 3 0x80004092 (0x9f2e) x30 0x00000000
core   0: 0x80004094 (0x0039b5b3) sltu    a1, s3, gp
core   0: 3 0x80004094 (0x0039b5b3) x11 0x00000000
core   0: 0x80004098 (0x8db82d93) slti    s11, a6, -1829
core   0: 3 0x80004098 (0x8db82d93) x27 0x00000001
core   0: 0x8000409c (0x0029e0b3) or      ra, s3, sp
core   0: 3 0x8000409c (0x0029e0b3) x 1 0xfffffffc
core   0: 0x800040a0 (0xe487fd37) lui     s10, 0xe487f
core   0: 3 0x800040a0 (0xe487fd37) x26 0xe487f000
core   0: 0x800040a4 (0x9c63fb93) andi    s7, t2, -1594
core   0: 3 0x800040a4 (0x9c63fb93) x23 0x00000000
core   0: 0x800040a8 (0x013206b3) add     a3, tp, s3
core   0: 3 0x800040a8 (0x013206b3) x13 0xffffff66
core   0: 0x800040ac (0x00aab3b3) sltu    t2, s5, a0
core   0: 3 0x800040ac (0x00aab3b3) x 7 0x00000000
core   0: 0x800040b0 (0x03d3ac33) mulhsu  s8, t2, t4
core   0: 3 0x800040b0 (0x03d3ac33) x24 0x00000000
core   0: 0x800040b4 (0x02b923b3) mulhsu  t2, s2, a1
core   0: 3 0x800040b4 (0x02b923b3) x 7 0x00000000
core   0: 0x800040b8 (0x40a7de13) srai    t3, a5, 10
core   0: 3 0x800040b8 (0x40a7de13) x28 0x00000000
core   0: 0x800040bc (0x0000858d) c.srai  a1, 3
core   0: 3 0x800040bc (0x858d) x11 0x00000000
core   0: 0x800040be (0x01513133) sltu    sp, sp, s5
core   0: 3 0x800040be (0x01513133) x 2 0x00000001
core   0: 0x800040c2 (0x0000993e) c.add   s2, a5
core   0: 3 0x800040c2 (0x993e) x18 0x00000210
core   0: 0x800040c4 (0x00008615) c.srai  a2, 5
core   0: 3 0x800040c4 (0x8615) x12 0xffffffff
core   0: 0x800040c6 (0x01632a33) slt     s4, t1, s6
core   0: 3 0x800040c6 (0x01632a33) x20 0x00000001
core   0: 0x800040ca (0x02aa7e33) remu    t3, s4, a0
core   0: 3 0x800040ca (0x02aa7e33) x28 0x00000001
core   0: 0x800040ce (0x028cc333) div     t1, s9, s0
core   0: 3 0x800040ce (0x028cc333) x 6 0xffffffff
core   0: 0x800040d2 (0x51af4093) xori    ra, t5, 1306
core   0: 3 0x800040d2 (0x51af4093) x 1 0x0000051a
core   0: 0x800040d6 (0x037943b3) div     t2, s2, s7
core   0: 3 0x800040d6 (0x037943b3) x 7 0xffffffff
core   0: 0x800040da (0xd4b83013) sltiu   zero, a6, -693
core   0: 3 0x800040da (0xd4b83013)
core   0: 0x800040de (0x02bfe1b3) rem     gp, t6, a1
core   0: 3 0x800040de (0x02bfe1b3) x 3 0x0000001f
core   0: 0x800040e2 (0x7b042193) slti    gp, s0, 1968
core   0: 3 0x800040e2 (0x7b042193) x 3 0x00000001
core   0: 0x800040e6 (0x00008da9) c.xor   a1, a0
core   0: 3 0x800040e6 (0x8da9) x11 0x00000000
core   0: 0x800040e8 (0x010c1fb3) sll     t6, s8, a6
core   0: 3 0x800040e8 (0x010c1fb3) x31 0x00000000
core   0: 0x800040ec (0x02732133) mulhsu  sp, t1, t2
core   0: 3 0x800040ec (0x02732133) x 2 0xffffffff
core   0: 0x800040f0 (0x01c0c733) xor     a4, ra, t3
core   0: 3 0x800040f0 (0x01c0c733) x14 0x0000051b
core   0: 0x800040f4 (0x00008e5d) c.or    a2, a5
core   0: 3 0x800040f4 (0x8e5d) x12 0xffffffff
core   0: 0x800040f6 (0x00001e00) c.addi4spn s0, sp, 816
core   0: 3 0x800040f6 (0x1e00) x 8 0x0000032f
core   0: 0x800040f8 (0x8e0ff293) andi    t0, t6, -1824
core   0: 3 0x800040f8 (0x8e0ff293) x 5 0x00000000
core   0: 0x800040fc (0x000081cd) c.srli  a1, 19
core   0: 3 0x800040fc (0x81cd) x11 0x00000000
core   0: 0x800040fe (0x00005b7d) c.li    s6, -1
core   0: 3 0x800040fe (0x5b7d) x22 0xffffffff
core   0: 0x80004100 (0x00000591) c.addi  a1, 4
core   0: 3 0x80004100 (0x0591) x11 0x00000004
core   0: 0x80004102 (0x41075433) sra     s0, a4, a6
core   0: 3 0x80004102 (0x41075433) x 8 0x00000051
core   0: 0x80004106 (0x05a5a013) slti    zero, a1, 90
core   0: 3 0x80004106 (0x05a5a013)
core   0: 0x8000410a (0x03cc5d33) divu    s10, s8, t3
core   0: 3 0x8000410a (0x03cc5d33) x26 0x00000000
core   0: 0x8000410e (0xdc6aea13) ori     s4, s5, -570
core   0: 3 0x8000410e (0xdc6aea13) x20 0xffffffff
core   0: 0x80004112 (0x00008d31) c.xor   a0, a2
core   0: 3 0x80004112 (0x8d31) x10 0xffffffff
core   0: 0x80004114 (0x22db3d93) sltiu   s11, s6, 557
core   0: 3 0x80004114 (0x22db3d93) x27 0x00000000
core   0: 0x80004118 (0x00008c45) c.or    s0, s1
core   0: 3 0x80004118 (0x8c45) x 8 0x8000fe75
core   0: 0x8000411a (0x0230fc33) remu    s8, ra, gp
core   0: 3 0x8000411a (0x0230fc33) x24 0x00000000
core   0: 0x8000411e (0x00008d95) c.sub   a1, a3
core   0: 3 0x8000411e (0x8d95) x11 0x0000009e
core   0: 0x80004120 (0x016b11b3) sll     gp, s6, s6
core   0: 3 0x80004120 (0x016b11b3) x 3 0x80000000
core   0: 0x80004124 (0x00ef49b3) xor     s3, t5, a4
core   0: 3 0x80004124 (0x00ef49b3) x19 0x0000051b
core   0: 0x80004128 (0x0178d533) srl     a0, a7, s7
core   0: 3 0x80004128 (0x0178d533) x10 0x508903f7
core   0: 0x8000412c (0x0000830d) c.srli  a4, 3
core   0: 3 0x8000412c (0x830d) x14 0x000000a3
core   0: 0x8000412e (0x00001d18) c.addi4spn a4, sp, 688
core   0: 3 0x8000412e (0x1d18) x14 0x000002af
core   0: 0x80004130 (0x00b0f133) and     sp, ra, a1
core   0: 3 0x80004130 (0x00b0f133) x 2 0x0000001a
core   0: 0x80004134 (0x40ee5b13) srai    s6, t3, 14
core   0: 3 0x80004134 (0x40ee5b13) x22 0x00000000
core   0: 0x80004138 (0x0000418d) c.li    gp, 3
core   0: 3 0x80004138 (0x418d) x 3 0x00000003
core   0: 0x8000413a (0x023ec1b3) div     gp, t4, gp
core   0: 3 0x8000413a (0x023ec1b3) x 3 0x00000152
core   0: 0x8000413e (0x00008e39) c.xor   a2, a4
core   0: 3 0x8000413e (0x8e39) x12 0xfffffd50
core   0: 0x80004140 (0x1aa34013) xori    zero, t1, 426
core   0: 3 0x80004140 (0x1aa34013)
core   0: 0x80004144 (0x40a20933) sub     s2, tp, a0
core   0: 3 0x80004144 (0x40a20933) x18 0xaf76fb6f
core   0: 0x80004148 (0x1efb7597) auipc   a1, 0x1efb7
core   0: 3 0x80004148 (0x1efb7597) x11 0x9efbb148
core   0: 0x8000414c (0x00008ef9) c.and   a3, a4
core   0: 3 0x8000414c (0x8ef9) x13 0x00000226
core   0: 0x8000414e (0x41f086b3) sub     a3, ra, t6
core   0: 3 0x8000414e (0x41f086b3) x13 0x0000051a
core   0: 0x80004152 (0x00009792) c.add   a5, tp
core   0: 3 0x80004152 (0x9792) x15 0x00000176
core   0: 0x80004154 (0xab965a17) auipc   s4, 0xab965
core   0: 3 0x80004154 (0xab965a17) x20 0x2b969154
core   0: 0x80004158 (0x00008c69) c.and   s0, a0
core   0: 3 0x80004158 (0x8c69) x 8 0x00000275
core   0: 0x8000415a (0x03ce31b3) mulhu   gp, t3, t3
core   0: 3 0x8000415a (0x03ce31b3) x 3 0x00000000
core   0: 0x8000415e (0x030717b3) mulh    a5, a4, a6
core   0: 3 0x8000415e (0x030717b3) x15 0xfffffea8
core   0: 0x80004162 (0x00000b9c) c.addi4spn a5, sp, 464
core   0: 3 0x80004162 (0x0b9c) x15 0x000001ea
core   0: 0x80004164 (0x000506b3) add     a3, a0, zero
core   0: 3 0x80004164 (0x000506b3) x13 0x508903f7
core   0: 0x80004168 (0x1149f793) andi    a5, s3, 276
core   0: 3 0x80004168 (0x1149f793) x15 0x00000110
core   0: 0x8000416c (0xa7990b93) addi    s7, s2, -1415
core   0: 3 0x8000416c (0xa7990b93) x23 0xaf76f5e8
core   0: 0x80004170 (0xe76326b7) lui     a3, 0xe7632
core   0: 3 0x80004170 (0xe76326b7) x13 0xe7632000
core   0: 0x80004174 (0x00008ef5) c.and   a3, a3
core   0: 3 0x80004174 (0x8ef5) x13 0xe7632000
core   0: 0x80004176 (0x00000001) c.nop
core   0: 3 0x80004176 (0x0001)
core   0: 0x80004178 (0x84ddb913) sltiu   s2, s11, -1971
core   0: 3 0x80004178 (0x84ddb913) x18 0x00000001
core   0: 0x8000417c (0x0250c1b3) div     gp, ra, t0
core   0: 3 0x8000417c (0x0250c1b3) x 3 0xffffffff
core   0: 0x80004180 (0x0098dd93) srli    s11, a7, 9
core   0: 3 0x80004180 (0x0098dd93) x27 0x00284481
core   0: 0x80004184 (0x74138eb7) lui     t4, 0x74138
core   0: 3 0x80004184 (0x74138eb7) x29 0x74138000
core   0: 0x80004188 (0xaace8e93) addi    t4, t4, -1364
core   0: 3 0x80004188 (0xaace8e93) x29 0x74137aac
core   0: 0x8000418c (0xe0bfa337) lui     t1, 0xe0bfa
core   0: 3 0x8000418c (0xe0bfa337) x 6 0xe0bfa000
core   0: 0x80004190 (0x3ce30313) addi    t1, t1, 974
core   0: 3 0x80004190 (0x3ce30313) x 6 0xe0bfa3ce
core   0: 0x80004194 (0x6a2d80b7) lui     ra, 0x6a2d8
core   0: 3 0x80004194 (0x6a2d80b7) x 1 0x6a2d8000
core   0: 0x80004198 (0x90d08093) addi    ra, ra, -1779
core   0: 3 0x80004198 (0x90d08093) x 1 0x6a2d790d
core   0: 0x8000419c (0xfff00413) li      s0, -1
core   0: 3 0x8000419c (0xfff00413) x 8 0xffffffff
core   0: 0x800041a0 (0x7dc84db7) lui     s11, 0x7dc84
core   0: 3 0x800041a0 (0x7dc84db7) x27 0x7dc84000
core   0: 0x800041a4 (0x63ad8d93) addi    s11, s11, 1594
core   0: 3 0x800041a4 (0x63ad8d93) x27 0x7dc8463a
core   0: 0x800041a8 (0x80000a37) lui     s4, 0x80000
core   0: 3 0x800041a8 (0x80000a37) x20 0x80000000
core   0: 0x800041ac (0xc2675637) lui     a2, 0xc2675
core   0: 3 0x800041ac (0xc2675637) x12 0xc2675000
core   0: 0x800041b0 (0x01660613) addi    a2, a2, 22
core   0: 3 0x800041b0 (0x01660613) x12 0xc2675016
core   0: 0x800041b4 (0xfff00913) li      s2, -1
core   0: 3 0x800041b4 (0xfff00913) x18 0xffffffff
core   0: 0x800041b8 (0x06fb0ab7) lui     s5, 0x6fb0
core   0: 3 0x800041b8 (0x06fb0ab7) x21 0x06fb0000
core   0: 0x800041bc (0xfcda8a93) addi    s5, s5, -51
core   0: 3 0x800041bc (0xfcda8a93) x21 0x06faffcd
core   0: 0x800041c0 (0x00004681) c.li    a3, 0
core   0: 3 0x800041c0 (0x4681) x13 0x00000000
core   0: 0x800041c2 (0x0280d0b3) divu    ra, ra, s0
core   0: 3 0x800041c2 (0x0280d0b3) x 1 0x00000000
core   0: 0x800041c6 (0x1f640a13) addi    s4, s0, 502
core   0: 3 0x800041c6 (0x1f640a13) x20 0x000001f5
core   0: 0x800041ca (0x00000001) c.nop
core   0: 3 0x800041ca (0x0001)
core   0: 0x800041cc (0x03ba7a33) remu    s4, s4, s11
core   0: 3 0x800041cc (0x03ba7a33) x20 0x000001f5
core   0: 0x800041d0 (0x02660ab3) mul     s5, a2, t1
core   0: 3 0x800041d0 (0x02660ab3) x21 0x378a73b4
core   0: 0x800041d4 (0x462dc917) auipc   s2, 0x462dc
core   0: 3 0x800041d4 (0x462dc917) x18 0xc62e01d4
core   0: 0x800041d8 (0x02d080b3) mul     ra, ra, a3
core   0: 3 0x800041d8 (0x02d080b3) x 1 0x00000000
core   0: 0x800041dc (0x02c65433) divu    s0, a2, a2
core   0: 3 0x800041dc (0x02c65433) x 8 0x00000001
core   0: 0x800041e0 (0x03462db3) mulhsu  s11, a2, s4
core   0: 3 0x800041e0 (0x03462db3) x27 0xffffff87
core   0: 0x800041e4 (0x22312917) auipc   s2, 0x22312
core   0: 3 0x800041e4 (0x22312917) x18 0xa23161e4
core   0: 0x800041e8 (0x03dea0b3) mulhsu  ra, t4, t4
core   0: 3 0x800041e8 (0x03dea0b3) x 1 0x34a1a8a7
core   0: 0x800041ec (0x02140333) mul     t1, s0, ra
core   0: 3 0x800041ec (0x02140333) x 6 0x34a1a8a7
core   0: 0x800041f0 (0x03237933) remu    s2, t1, s2
core   0: 3 0x800041f0 (0x03237933) x18 0x34a1a8a7
core   0: 0x800041f4 (0x02d97ab3) remu    s5, s2, a3
core   0: 3 0x800041f4 (0x02d97ab3) x21 0x34a1a8a7
core   0: 0x800041f8 (0x306cceb7) lui     t4, 0x306cc
core   0: 3 0x800041f8 (0x306cceb7) x29 0x306cc000
core   0: 0x800041fc (0x03297ab3) remu    s5, s2, s2
core   0: 3 0x800041fc (0x03297ab3) x21 0x00000000
core   0: 0x80004200 (0xd8a6d437) lui     s0, 0xd8a6d
core   0: 3 0x80004200 (0xd8a6d437) x 8 0xd8a6d000
core   0: 0x80004204 (0x40868633) sub     a2, a3, s0
core   0: 3 0x80004204 (0x40868633) x12 0x27593000
core   0: 0x80004208 (0x032d8933) mul     s2, s11, s2
core   0: 3 0x80004208 (0x032d8933) x18 0x1f974911
core   0: 0x8000420c (0x00000001) c.nop
core   0: 3 0x8000420c (0x0001)
core   0: 0x8000420e (0x035ec933) div     s2, t4, s5
core   0: 3 0x8000420e (0x035ec933) x18 0xffffffff
core   0: 0x80004212 (0x00108633) add     a2, ra, ra
core   0: 3 0x80004212 (0x00108633) x12 0x6943514e
core   0: 0x80004216 (0x00000956) c.slli  s2, 21
core   0: 3 0x80004216 (0x0956) x18 0xffe00000
core   0: 0x80004218 (0x033783b3) mul     t2, a5, s3
core   0: 3 0x80004218 (0x033783b3) x 7 0x00056cb0
core   0: 0x8000421c (0xf34c7413) andi    s0, s8, -204
core   0: 3 0x8000421c (0xf34c7413) x 8 0x00000000
core   0: 0x80004220 (0x02702933) mulhsu  s2, zero, t2
core   0: 3 0x80004220 (0x02702933) x18 0x00000000
core   0: 0x80004224 (0x02b5b633) mulhu   a2, a1, a1
core   0: 3 0x80004224 (0x02b5b633) x12 0x62bba649
core   0: 0x80004228 (0x454a0013) addi    zero, s4, 1108
core   0: 3 0x80004228 (0x454a0013)
core   0: 0x8000422c (0x00008ec1) c.or    a3, s0
core   0: 3 0x8000422c (0x8ec1) x13 0x00000000
core   0: 0x8000422e (0x41015a33) sra     s4, sp, a6
core   0: 3 0x8000422e (0x41015a33) x20 0x00000001
core   0: 0x80004232 (0xc9e04f93) xori    t6, zero, -866
core   0: 3 0x80004232 (0xc9e04f93) x31 0xfffffc9e
core   0: 0x80004236 (0x400153b3) sra     t2, sp, zero
core   0: 3 0x80004236 (0x400153b3) x 7 0x0000001a
core   0: 0x8000423a (0x6b576593) ori     a1, a4, 1717
core   0: 3 0x8000423a (0x6b576593) x11 0x000006bf
core   0: 0x8000423e (0x019f7a33) and     s4, t5, s9
core   0: 3 0x8000423e (0x019f7a33) x20 0x00000000
core   0: 0x80004242 (0x026e8eb3) mul     t4, t4, t1
core   0: 3 0x80004242 (0x026e8eb3) x29 0xb4f14000
core   0: 0x80004246 (0x40735193) srai    gp, t1, 7
core   0: 3 0x80004246 (0x40735193) x 3 0x00694351
core   0: 0x8000424a (0x00000931) c.addi  s2, 12
core   0: 3 0x8000424a (0x0931) x18 0x0000000c
core   0: 0x8000424c (0x00001b7d) c.addi  s6, -1
core   0: 3 0x8000424c (0x1b7d) x22 0xffffffff
core   0: 0x8000424e (0x006b6db3) or      s11, s6, t1
core   0: 3 0x8000424e (0x006b6db3) x27 0xffffffff
core   0: 0x80004252 (0x00deb533) sltu    a0, t4, a3
core   0: 3 0x80004252 (0x00deb533) x10 0x00000000
core   0: 0x80004256 (0x01445893) srli    a7, s0, 20
core   0: 3 0x80004256 (0x01445893) x17 0x00000000
core   0: 0x8000425a (0x41560733) sub     a4, a2, s5
core   0: 3 0x8000425a (0x41560733) x14 0x62bba649
core   0: 0x8000425e (0x0298e933) rem     s2, a7, s1
core   0: 3 0x8000425e (0x0298e933) x18 0x00000000
core   0: 0x80004262 (0x00000179) c.addi  sp, 30
core   0: 3 0x80004262 (0x0179) x 2 0x00000038
core   0: 0x80004264 (0x023de933) rem     s2, s11, gp
core   0: 3 0x80004264 (0x023de933) x18 0xffffffff
core   0: 0x80004268 (0x01cc9c33) sll     s8, s9, t3
core   0: 3 0x80004268 (0x01cc9c33) x24 0x00000000
core   0: 0x8000426c (0x00009c76) c.add   s8, t4
core   0: 3 0x8000426c (0x9c76) x24 0xb4f14000
core   0: 0x8000426e (0x01f54e33) xor     t3, a0, t6
core   0: 3 0x8000426e (0x01f54e33) x28 0xfffffc9e
core   0: 0x80004272 (0x0f48c293) xori    t0, a7, 244
core   0: 3 0x80004272 (0x0f48c293) x 5 0x000000f4
core   0: 0x80004276 (0x08ccc793) xori    a5, s9, 140
core   0: 3 0x80004276 (0x08ccc793) x15 0x0000008c
core   0: 0x8000427a (0x01135e93) srli    t4, t1, 17
core   0: 3 0x8000427a (0x01135e93) x29 0x00001a50
core   0: 0x8000427e (0xe7188f93) addi    t6, a7, -399
core   0: 3 0x8000427e (0xe7188f93) x31 0xfffffe71
core   0: 0x80004282 (0x02f358b3) divu    a7, t1, a5
core   0: 3 0x80004282 (0x02f358b3) x17 0x00603d8c
core   0: 0x80004286 (0x00000c00) c.addi4spn s0, sp, 528
core   0: 3 0x80004286 (0x0c00) x 8 0x00000248
core   0: 0x80004288 (0x00008f3d) c.xor   a4, a5
core   0: 3 0x80004288 (0x8f3d) x14 0x62bba6c5
core   0: 0x8000428a (0x00d84c33) xor     s8, a6, a3
core   0: 3 0x8000428a (0x00d84c33) x24 0x80013ce4
core   0: 0x8000428e (0x00008ffd) c.and   a5, a5
core   0: 3 0x8000428e (0x8ffd) x15 0x0000008c
core   0: 0x80004290 (0x02f04133) div     sp, zero, a5
core   0: 3 0x80004290 (0x02f04133) x 2 0x00000000
core   0: 0x80004294 (0x02f9f433) remu    s0, s3, a5
core   0: 3 0x80004294 (0x02f9f433) x 8 0x0000002f
core   0: 0x80004298 (0x00008c31) c.xor   s0, a2
core   0: 3 0x80004298 (0x8c31) x 8 0x62bba666
core   0: 0x8000429a (0x00008d61) c.and   a0, s0
core   0: 3 0x8000429a (0x8d61) x10 0x00000000
core   0: 0x8000429c (0x4001d5b3) sra     a1, gp, zero
core   0: 3 0x8000429c (0x4001d5b3) x11 0x00694351
core   0: 0x800042a0 (0x00008fc1) c.or    a5, s0
core   0: 3 0x800042a0 (0x8fc1) x15 0x62bba6ee
core   0: 0x800042a2 (0x0183fe33) and     t3, t2, s8
core   0: 3 0x800042a2 (0x0183fe33) x28 0x00000000
core   0: 0x800042a6 (0x023c6433) rem     s0, s8, gp
core   0: 3 0x800042a6 (0x023c6433) x 8 0xffe2044b
core   0: 0x800042aa (0x019c0e33) add     t3, s8, s9
core   0: 3 0x800042aa (0x019c0e33) x28 0x80013ce4
core   0: 0x800042ae (0x4035d2b3) sra     t0, a1, gp
core   0: 3 0x800042ae (0x4035d2b3) x 5 0x00000034
core   0: 0x800042b2 (0x00008c41) c.or    s0, s0
core   0: 3 0x800042b2 (0x8c41) x 8 0xffe2044b
core   0: 0x800042b4 (0x0000717d) c.addi16sp sp, -16
core   0: 3 0x800042b4 (0x717d) x 2 0xfffffff0
core   0: 0x800042b6 (0x017ee633) or      a2, t4, s7
core   0: 3 0x800042b6 (0x017ee633) x12 0xaf76fff8
core   0: 0x800042ba (0x6bb4ee37) lui     t3, 0x6bb4e
core   0: 3 0x800042ba (0x6bb4ee37) x28 0x6bb4e000
core   0: 0x800042be (0x0071d1b3) srl     gp, gp, t2
core   0: 3 0x800042be (0x0071d1b3) x 3 0x00000000
core   0: 0x800042c2 (0x00008475) c.srai  s0, 29
core   0: 3 0x800042c2 (0x8475) x 8 0xffffffff
core   0: 0x800042c4 (0x40b152b3) sra     t0, sp, a1
core   0: 3 0x800042c4 (0x40b152b3) x 5 0xffffffff
core   0: 0x800042c8 (0x00996e33) or      t3, s2, s1
core   0: 3 0x800042c8 (0x00996e33) x28 0xffffffff
core   0: 0x800042cc (0x027d06b3) mul     a3, s10, t2
core   0: 3 0x800042cc (0x027d06b3) x13 0x00000000
core   0: 0x800042d0 (0x00b6adb3) slt     s11, a3, a1
core   0: 3 0x800042d0 (0x00b6adb3) x27 0x00000001
core   0: 0x800042d4 (0x034dc633) div     a2, s11, s4
core   0: 3 0x800042d4 (0x034dc633) x12 0xffffffff
core   0: 0x800042d8 (0x00000001) c.nop
core   0: 3 0x800042d8 (0x0001)
core   0: 0x800042da (0x000007ba) c.slli  a5, 14
core   0: 3 0x800042da (0x07ba) x15 0xe9bb8000
core   0: 0x800042dc (0x0000994e) c.add   s2, s3
core   0: 3 0x800042dc (0x994e) x18 0x0000051a
core   0: 0x800042de (0x00000001) c.nop
core   0: 3 0x800042de (0x0001)
core   0: 0x800042e0 (0x00008c55) c.or    s0, a3
core   0: 3 0x800042e0 (0x8c55) x 8 0xffffffff
core   0: 0x800042e2 (0x036d0733) mul     a4, s10, s6
core   0: 3 0x800042e2 (0x036d0733) x14 0x00000000
core   0: 0x800042e6 (0x418a0933) sub     s2, s4, s8
core   0: 3 0x800042e6 (0x418a0933) x18 0x7ffec31c
core   0: 0x800042ea (0x0160ec33) or      s8, ra, s6
core   0: 3 0x800042ea (0x0160ec33) x24 0xffffffff
core   0: 0x800042ee (0x01ee2eb3) slt     t4, t3, t5
core   0: 3 0x800042ee (0x01ee2eb3) x29 0x00000001
core   0: 0x800042f2 (0x84a2f793) andi    a5, t0, -1974
core   0: 3 0x800042f2 (0x84a2f793) x15 0xfffff84a
core   0: 0x800042f6 (0x0000876d) c.srai  a4, 27
core   0: 3 0x800042f6 (0x876d) x14 0x00000000
core   0: 0x800042f8 (0x403cdd93) srai    s11, s9, 3
core   0: 3 0x800042f8 (0x403cdd93) x27 0x00000000
core   0: 0x800042fc (0x031e33b3) mulhu   t2, t3, a7
core   0: 3 0x800042fc (0x031e33b3) x 7 0x00603d8b
core   0: 0x80004300 (0x00000001) c.nop
core   0: 3 0x80004300 (0x0001)
core   0: 0x80004302 (0x00000001) c.nop
core   0: 3 0x80004302 (0x0001)
core   0: 0x80004304 (0x00785a13) srli    s4, a6, 7
core   0: 3 0x80004304 (0x00785a13) x20 0x01000279
core   0: 0x80004308 (0x00009706) c.add   a4, ra
core   0: 3 0x80004308 (0x9706) x14 0x34a1a8a7
core   0: 0x8000430a (0x0378c933) div     s2, a7, s7
core   0: 3 0x8000430a (0x0378c933) x18 0x00000000
core   0: 0x8000430e (0xcc9ffe93) andi    t4, t6, -823
core   0: 3 0x8000430e (0xcc9ffe93) x29 0xfffffc41
core   0: 0x80004312 (0x033326b3) mulhsu  a3, t1, s3
core   0: 3 0x80004312 (0x033326b3) x13 0x0000010c
core   0: 0x80004316 (0xbcca8093) addi    ra, s5, -1076
core   0: 3 0x80004316 (0xbcca8093) x 1 0xfffffbcc
core   0: 0x8000431a (0x00000001) c.nop
core   0: 3 0x8000431a (0x0001)
core   0: 0x8000431c (0x0000972e) c.add   a4, a1
core   0: 3 0x8000431c (0x972e) x14 0x350aebf8
core   0: 0x8000431e (0x7e3b1597) auipc   a1, 0x7e3b1
core   0: 3 0x8000431e (0x7e3b1597) x11 0xfe3b531e
core   0: 0x80004322 (0x02d4b933) mulhu   s2, s1, a3
core   0: 3 0x80004322 (0x02d4b933) x18 0x00000086
core   0: 0x80004326 (0x035f26b3) mulhsu  a3, t5, s5
core   0: 3 0x80004326 (0x035f26b3) x13 0x00000000
core   0: 0x8000432a (0x0219a2b3) mulhsu  t0, s3, ra
core   0: 3 0x8000432a (0x0219a2b3) x 5 0x0000051a
core   0: 0x8000432e (0x40ca5db3) sra     s11, s4, a2
core   0: 3 0x8000432e (0x40ca5db3) x27 0x00000000
core   0: 0x80004332 (0x00008ed9) c.or    a3, a4
core   0: 3 0x80004332 (0x8ed9) x13 0x350aebf8
core   0: 0x80004334 (0x00000001) c.nop
core   0: 3 0x80004334 (0x0001)
core   0: 0x80004336 (0x01bb3b33) sltu    s6, s6, s11
core   0: 3 0x80004336 (0x01bb3b33) x22 0x00000000
core   0: 0x8000433a (0x00cfcab3) xor     s5, t6, a2
core   0: 3 0x8000433a (0x00cfcab3) x21 0x0000018e
core   0: 0x8000433e (0x02bbb5b3) mulhu   a1, s7, a1
core   0: 3 0x8000433e (0x02bbb5b3) x11 0xae40b15e
core   0: 0x80004342 (0x41e45393) srai    t2, s0, 30
core   0: 3 0x80004342 (0x41e45393) x 7 0xffffffff
core   0: 0x80004346 (0x00006d85) c.lui   s11, 0x1
core   0: 3 0x80004346 (0x6d85) x27 0x00001000
core   0: 0x80004348 (0x00008bc5) c.andi  a5, 17
core   0: 3 0x80004348 (0x8bc5) x15 0x00000000
core   0: 0x8000434a (0x00daf6b3) and     a3, s5, a3
core   0: 3 0x8000434a (0x00daf6b3) x13 0x00000188
core   0: 0x8000434e (0x000085f1) c.srai  a1, 28
core   0: 3 0x8000434e (0x85f1) x11 0xfffffffa
core   0: 0x80004350 (0x001ee533) or      a0, t4, ra
core   0: 3 0x80004350 (0x001ee533) x10 0xffffffcd
core   0: 0x80004354 (0x3bee3013) sltiu   zero, t3, 958
core   0: 3 0x80004354 (0x3bee3013)
core   0: 0x80004358 (0xa7076237) lui     tp, 0xa7076
core   0: 3 0x80004358 (0xa7076237) x 4 0xa7076000
core   0: 0x8000435c (0x00000001) c.nop
core   0: 3 0x8000435c (0x0001)
core   0: 0x8000435e (0x58a82393) slti    t2, a6, 1418
core   0: 3 0x8000435e (0x58a82393) x 7 0x00000001
core   0: 0x80004362 (0x00000a22) c.slli  s4, 8
core   0: 3 0x80004362 (0x0a22) x20 0x00027900
core   0: 0x80004364 (0x00006599) c.lui   a1, 0x6
core   0: 3 0x80004364 (0x6599) x11 0x00006000
core   0: 0x80004366 (0x03fc8433) mul     s0, s9, t6
core   0: 3 0x80004366 (0x03fc8433) x 8 0x00000000
core   0: 0x8000436a (0xd08b2a13) slti    s4, s6, -760
core   0: 3 0x8000436a (0xd08b2a13) x20 0x00000000
core   0: 0x8000436e (0x00669513) slli    a0, a3, 6
core   0: 3 0x8000436e (0x00669513) x10 0x00006200
core   0: 0x80004372 (0x00008f49) c.or    a4, a0
core   0: 3 0x80004372 (0x8f49) x14 0x350aebf8
core   0: 0x80004374 (0x00008b6d) c.andi  a4, 27
core   0: 3 0x80004374 (0x8b6d) x14 0x00000018
core   0: 0x80004376 (0x00c73733) sltu    a4, a4, a2
core   0: 3 0x80004376 (0x00c73733) x14 0x00000001
core   0: 0x8000437a (0x00000894) c.addi4spn a3, sp, 80
core   0: 3 0x8000437a (0x0894) x13 0x00000040
core   0: 0x8000437c (0x00008e69) c.and   a2, a0
core   0: 3 0x8000437c (0x8e69) x12 0x00006200
core   0: 0x8000437e (0x00000572) c.slli  a0, 28
core   0: 3 0x8000437e (0x0572) x10 0x00000000
core   0: 0x80004380 (0x000082c6) c.mv    t0, a7
core   0: 3 0x80004380 (0x82c6) x 5 0x00603d8c
core   0: 0x80004382 (0x0122e9b3) or      s3, t0, s2
core   0: 3 0x80004382 (0x0122e9b3) x19 0x00603d8e
core   0: 0x80004386 (0x02c1b2b3) mulhu   t0, gp, a2
core   0: 3 0x80004386 (0x02c1b2b3) x 5 0x00000000
core   0: 0x8000438a (0x004f72b3) and     t0, t5, tp
core   0: 3 0x8000438a (0x004f72b3) x 5 0x00000000
core   0: 0x8000438e (0x35672617) auipc   a2, 0x35672
core   0: 3 0x8000438e (0x35672617) x12 0xb567638e
core   0: 0x80004392 (0x00008d29) c.xor   a0, a0
core   0: 3 0x80004392 (0x8d29) x10 0x00000000
core   0: 0x80004394 (0x000090ca) c.add   ra, s2
core   0: 3 0x80004394 (0x90ca) x 1 0xfffffc52
core   0: 0x80004396 (0x00004401) c.li    s0, 0
core   0: 3 0x80004396 (0x4401) x 8 0x00000000
core   0: 0x80004398 (0x80000137) lui     sp, 0x80000
core   0: 3 0x80004398 (0x80000137) x 2 0x80000000
core   0: 0x8000439c (0x27e16ab7) lui     s5, 0x27e16
core   0: 3 0x8000439c (0x27e16ab7) x21 0x27e16000
core   0: 0x800043a0 (0xaaca8a93) addi    s5, s5, -1364
core   0: 3 0x800043a0 (0xaaca8a93) x21 0x27e15aac
core   0: 0x800043a4 (0x5c248337) lui     t1, 0x5c248
core   0: 3 0x800043a4 (0x5c248337) x 6 0x5c248000
core   0: 0x800043a8 (0xd1730313) addi    t1, t1, -745
core   0: 3 0x800043a8 (0xd1730313) x 6 0x5c247d17
core   0: 0x800043ac (0x00004f81) c.li    t6, 0
core   0: 3 0x800043ac (0x4f81) x31 0x00000000
core   0: 0x800043ae (0xfff00a13) li      s4, -1
core   0: 3 0x800043ae (0xfff00a13) x20 0xffffffff
core   0: 0x800043b2 (0xfff00193) li      gp, -1
core   0: 3 0x800043b2 (0xfff00193) x 3 0xffffffff
core   0: 0x800043b6 (0xfff00b93) li      s7, -1
core   0: 3 0x800043b6 (0xfff00b93) x23 0xffffffff
core   0: 0x800043ba (0x80000c37) lui     s8, 0x80000
core   0: 3 0x800043ba (0x80000c37) x24 0x80000000
core   0: 0x800043be (0x471dd6b7) lui     a3, 0x471dd
core   0: 3 0x800043be (0x471dd6b7) x13 0x471dd000
core   0: 0x800043c2 (0x63b68693) addi    a3, a3, 1595
core   0: 3 0x800043c2 (0x63b68693) x13 0x471dd63b
core   0: 0x800043c6 (0x03f1da33) divu    s4, gp, t6
core   0: 3 0x800043c6 (0x03f1da33) x20 0xffffffff
core   0: 0x800043ca (0x026ac433) div     s0, s5, t1
core   0: 3 0x800043ca (0x026ac433) x 8 0x00000000
core   0: 0x800043ce (0x14cfb337) lui     t1, 0x14cfb
core   0: 3 0x800043ce (0x14cfb337) x 6 0x14cfb000
core   0: 0x800043d2 (0x417a8133) sub     sp, s5, s7
core   0: 3 0x800043d2 (0x417a8133) x 2 0x27e15aad
core   0: 0x800043d6 (0x417a8c33) sub     s8, s5, s7
core   0: 3 0x800043d6 (0x417a8c33) x24 0x27e15aad
core   0: 0x800043da (0x00000001) c.nop
core   0: 3 0x800043da (0x0001)
core   0: 0x800043dc (0x02832bb3) mulhsu  s7, t1, s0
core   0: 3 0x800043dc (0x02832bb3) x23 0x00000000
core   0: 0x800043e0 (0x03fbfc33) remu    s8, s7, t6
core   0: 3 0x800043e0 (0x03fbfc33) x24 0x00000000
core   0: 0x800043e4 (0xde43bc37) lui     s8, 0xde43b
core   0: 3 0x800043e4 (0xde43bc37) x24 0xde43b000
core   0: 0x800043e8 (0x03f30333) mul     t1, t1, t6
core   0: 3 0x800043e8 (0x03f30333) x 6 0x00000000
core   0: 0x800043ec (0x023c2fb3) mulhsu  t6, s8, gp
core   0: 3 0x800043ec (0x023c2fb3) x31 0xde43b000
core   0: 0x800043f0 (0x55357a17) auipc   s4, 0x55357
core   0: 3 0x800043f0 (0x55357a17) x20 0xd535b3f0
core   0: 0x800043f4 (0x022c56b3) divu    a3, s8, sp
core   0: 3 0x800043f4 (0x022c56b3) x13 0x00000005
core   0: 0x800043f8 (0x40840bb3) sub     s7, s0, s0
core   0: 3 0x800043f8 (0x40840bb3) x23 0x00000000
core   0: 0x800043fc (0x022b9c33) mulh    s8, s7, sp
core   0: 3 0x800043fc (0x022b9c33) x24 0x00000000
core   0: 0x80004400 (0x0381fc33) remu    s8, gp, s8
core   0: 3 0x80004400 (0x0381fc33) x24 0xffffffff
core   0: 0x80004404 (0x037f91b3) mulh    gp, t6, s7
core   0: 3 0x80004404 (0x037f91b3) x 3 0x00000000
core   0: 0x80004408 (0x03f1c1b3) div     gp, gp, t6
core   0: 3 0x80004408 (0x03f1c1b3) x 3 0x00000000
core   0: 0x8000440c (0x40640333) sub     t1, s0, t1
core   0: 3 0x8000440c (0x40640333) x 6 0x00000000
core   0: 0x80004410 (0x026a31b3) mulhu   gp, s4, t1
core   0: 3 0x80004410 (0x026a31b3) x 3 0x00000000
core   0: 0x80004414 (0xfdca8193) addi    gp, s5, -36
core   0: 3 0x80004414 (0xfdca8193) x 3 0x27e15a88
core   0: 0x80004418 (0x95a68f93) addi    t6, a3, -1702
core   0: 3 0x80004418 (0x95a68f93) x31 0xfffff95f
core   0: 0x8000441c (0x41ff8433) sub     s0, t6, t6
core   0: 3 0x8000441c (0x41ff8433) x 8 0x00000000
core   0: 0x80004420 (0x00000001) c.nop
core   0: 3 0x80004420 (0x0001)
core   0: 0x80004422 (0x0000626d) c.lui   tp, 0x1b
core   0: 3 0x80004422 (0x626d) x 4 0x0001b000
core   0: 0x80004424 (0x000008e9) c.addi  a7, 26
core   0: 3 0x80004424 (0x08e9) x17 0x00603da6
core   0: 0x80004426 (0x00000001) c.nop
core   0: 3 0x80004426 (0x0001)
core   0: 0x80004428 (0x01f95033) srl     zero, s2, t6
core   0: 3 0x80004428 (0x01f95033)
core   0: 0x8000442c (0x00000001) c.nop
core   0: 3 0x8000442c (0x0001)
core   0: 0x8000442e (0x027e5733) divu    a4, t3, t2
core   0: 3 0x8000442e (0x027e5733) x14 0xffffffff
core   0: 0x80004432 (0x0000991a) c.add   s2, t1
core   0: 3 0x80004432 (0x991a) x18 0x00000086
core   0: 0x80004434 (0x013fbab3) sltu    s5, t6, s3
core   0: 3 0x80004434 (0x013fbab3) x21 0x00000000
core   0: 0x80004438 (0x02d38bb3) mul     s7, t2, a3
core   0: 3 0x80004438 (0x02d38bb3) x23 0x00000005
core   0: 0x8000443c (0x026ec033) div     zero, t4, t1
core   0: 3 0x8000443c (0x026ec033)
core   0: 0x80004440 (0x038e5e33) divu    t3, t3, s8
core   0: 3 0x80004440 (0x038e5e33) x28 0x00000001
core   0: 0x80004444 (0x00008f16) c.mv    t5, t0
core   0: 3 0x80004444 (0x8f16) x30 0x00000000
core   0: 0x80004446 (0x02a6c133) div     sp, a3, a0
core   0: 3 0x80004446 (0x02a6c133) x 2 0xffffffff
core   0: 0x8000444a (0x02225733) divu    a4, tp, sp
core   0: 3 0x8000444a (0x02225733) x14 0x00000000
core   0: 0x8000444e (0x01fc9b13) slli    s6, s9, 31
core   0: 3 0x8000444e (0x01fc9b13) x22 0x00000000
core   0: 0x80004452 (0xa34e5997) auipc   s3, 0xa34e5
core   0: 3 0x80004452 (0xa34e5997) x19 0x234e9452
core   0: 0x80004456 (0x000011fd) c.addi  gp, -1
core   0: 3 0x80004456 (0x11fd) x 3 0x27e15a87
core   0: 0x80004458 (0x01238233) add     tp, t2, s2
core   0: 3 0x80004458 (0x01238233) x 4 0x00000087
core   0: 0x8000445c (0x2390b213) sltiu   tp, ra, 569
core   0: 3 0x8000445c (0x2390b213) x 4 0x00000000
core   0: 0x80004460 (0x00da9bb3) sll     s7, s5, a3
core   0: 3 0x80004460 (0x00da9bb3) x23 0x00000000
core   0: 0x80004464 (0x9fafb993) sltiu   s3, t6, -1542
core   0: 3 0x80004464 (0x9fafb993) x19 0x00000001
core   0: 0x80004468 (0x40000433) sub     s0, zero, zero
core   0: 3 0x80004468 (0x40000433) x 8 0x00000000
core   0: 0x8000446c (0x009fd7b3) srl     a5, t6, s1
core   0: 3 0x8000446c (0x009fd7b3) x15 0x0fffff95
core   0: 0x80004470 (0x20befe93) andi    t4, t4, 523
core   0: 3 0x80004470 (0x20befe93) x29 0x00000001
core   0: 0x80004474 (0x7c93ae13) slti    t3, t2, 1993
core   0: 3 0x80004474 (0x7c93ae13) x28 0x00000001
core   0: 0x80004478 (0x00000fca) c.slli  t6, 18
core   0: 3 0x80004478 (0x0fca) x31 0xe57c0000
core   0: 0x8000447a (0x03829333) mulh    t1, t0, s8
core   0: 3 0x8000447a (0x03829333) x 6 0x00000000
core   0: 0x8000447e (0x01345b93) srli    s7, s0, 19
core   0: 3 0x8000447e (0x01345b93) x23 0x00000000
core   0: 0x80004482 (0x00b11433) sll     s0, sp, a1
core   0: 3 0x80004482 (0x00b11433) x 8 0xffffffff
core   0: 0x80004486 (0x0000717d) c.addi16sp sp, -16
core   0: 3 0x80004486 (0x717d) x 2 0xffffffef
core   0: 0x80004488 (0x03cafdb3) remu    s11, s5, t3
core   0: 3 0x80004488 (0x03cafdb3) x27 0x00000000
core   0: 0x8000448c (0x00008c75) c.and   s0, a3
core   0: 3 0x8000448c (0x8c75) x 8 0x00000005
core   0: 0x8000448e (0x00008f55) c.or    a4, a3
core   0: 3 0x8000448e (0x8f55) x14 0x00000005
core   0: 0x80004490 (0x0000090a) c.slli  s2, 2
core   0: 3 0x80004490 (0x090a) x18 0x00000218
core   0: 0x80004492 (0x40565093) srai    ra, a2, 5
core   0: 3 0x80004492 (0x40565093) x 1 0xfdab3b1c
core   0: 0x80004496 (0x000086d9) c.srai  a3, 22
core   0: 3 0x80004496 (0x86d9) x13 0x00000000
core   0: 0x80004498 (0x002726b3) slt     a3, a4, sp
core   0: 3 0x80004498 (0x002726b3) x13 0x00000000
core   0: 0x8000449c (0x01a71d13) slli    s10, a4, 26
core   0: 3 0x8000449c (0x01a71d13) x26 0x14000000
core   0: 0x800044a0 (0x000085f1) c.srai  a1, 28
core   0: 3 0x800044a0 (0x85f1) x11 0x00000000
core   0: 0x800044a2 (0x00000b14) c.addi4spn a3, sp, 400
core   0: 3 0x800044a2 (0x0b14) x13 0x0000017f
core   0: 0x800044a4 (0x01bff0b3) and     ra, t6, s11
core   0: 3 0x800044a4 (0x01bff0b3) x 1 0x00000000
core   0: 0x800044a8 (0xde059c37) lui     s8, 0xde059
core   0: 3 0x800044a8 (0xde059c37) x24 0xde059000
core   0: 0x800044ac (0x00000001) c.nop
core   0: 3 0x800044ac (0x0001)
core   0: 0x800044ae (0x07da8693) addi    a3, s5, 125
core   0: 3 0x800044ae (0x07da8693) x13 0x0000007d
core   0: 0x800044b2 (0x000080da) c.mv    ra, s6
core   0: 3 0x800044b2 (0x80da) x 1 0x00000000
core   0: 0x800044b4 (0x00000e6e) c.slli  t3, 27
core   0: 3 0x800044b4 (0x0e6e) x28 0x08000000
core   0: 0x800044b6 (0x00008d69) c.and   a0, a0
core   0: 3 0x800044b6 (0x8d69) x10 0x00000000
core   0: 0x800044b8 (0xd5b14593) xori    a1, sp, -677
core   0: 3 0x800044b8 (0xd5b14593) x11 0x000002b4
core   0: 0x800044bc (0x01211f93) slli    t6, sp, 18
core   0: 3 0x800044bc (0x01211f93) x31 0xffbc0000
core   0: 0x800044c0 (0x00863f33) sltu    t5, a2, s0
core   0: 3 0x800044c0 (0x00863f33) x30 0x00000000
core   0: 0x800044c4 (0x01dabab3) sltu    s5, s5, t4
core   0: 3 0x800044c4 (0x01dabab3) x21 0x00000001
core   0: 0x800044c8 (0x96c80a13) addi    s4, a6, -1684
core   0: 3 0x800044c8 (0x96c80a13) x20 0x80013650
core   0: 0x800044cc (0x00006c61) c.lui   s8, 0x18
core   0: 3 0x800044cc (0x6c61) x24 0x00018000
core   0: 0x800044ce (0xfff00293) li      t0, -1
core   0: 3 0x800044ce (0xfff00293) x 5 0xffffffff
core   0: 0x800044d2 (0xc6c29537) lui     a0, 0xc6c29
core   0: 3 0x800044d2 (0xc6c29537) x10 0xc6c29000
core   0: 0x800044d6 (0x07050513) addi    a0, a0, 112
core   0: 3 0x800044d6 (0x07050513) x10 0xc6c29070
core   0: 0x800044da (0x00004101) c.li    sp, 0
core   0: 3 0x800044da (0x4101) x 2 0x00000000
core   0: 0x800044dc (0x00004181) c.li    gp, 0
core   0: 3 0x800044dc (0x4181) x 3 0x00000000
core   0: 0x800044de (0xd7afc0b7) lui     ra, 0xd7afc
core   0: 3 0x800044de (0xd7afc0b7) x 1 0xd7afc000
core   0: 0x800044e2 (0xb5e08093) addi    ra, ra, -1186
core   0: 3 0x800044e2 (0xb5e08093) x 1 0xd7afbb5e
core   0: 0x800044e6 (0x5b7b3c37) lui     s8, 0x5b7b3
core   0: 3 0x800044e6 (0x5b7b3c37) x24 0x5b7b3000
core   0: 0x800044ea (0x9b6c0c13) addi    s8, s8, -1610
core   0: 3 0x800044ea (0x9b6c0c13) x24 0x5b7b29b6
core   0: 0x800044ee (0x4d259d37) lui     s10, 0x4d259
core   0: 3 0x800044ee (0x4d259d37) x26 0x4d259000
core   0: 0x800044f2 (0x694d0d13) addi    s10, s10, 1684
core   0: 3 0x800044f2 (0x694d0d13) x26 0x4d259694
core   0: 0x800044f6 (0x00004681) c.li    a3, 0
core   0: 3 0x800044f6 (0x4681) x13 0x00000000
core   0: 0x800044f8 (0x00004981) c.li    s3, 0
core   0: 3 0x800044f8 (0x4981) x19 0x00000000
core   0: 0x800044fa (0x5675b8b7) lui     a7, 0x5675b
core   0: 3 0x800044fa (0x5675b8b7) x17 0x5675b000
core   0: 0x800044fe (0x21588893) addi    a7, a7, 533
core   0: 3 0x800044fe (0x21588893) x17 0x5675b215
core   0: 0x80004502 (0x0228a0b3) mulhsu  ra, a7, sp
core   0: 3 0x80004502 (0x0228a0b3) x 1 0x00000000
core   0: 0x80004506 (0x0c50d537) lui     a0, 0xc50d
core   0: 3 0x80004506 (0x0c50d537) x10 0x0c50d000
core   0: 0x8000450a (0x033c66b3) rem     a3, s8, s3
core   0: 3 0x8000450a (0x033c66b3) x13 0x5b7b29b6
core   0: 0x8000450e (0x0251c8b3) div     a7, gp, t0
core   0: 3 0x8000450e (0x0251c8b3) x17 0x00000000
core   0: 0x80004512 (0x02d8d133) divu    sp, a7, a3
core   0: 3 0x80004512 (0x02d8d133) x 2 0x00000000
core   0: 0x80004516 (0x038116b3) mulh    a3, sp, s8
core   0: 3 0x80004516 (0x038116b3) x13 0x00000000
core   0: 0x8000451a (0x02a9f133) remu    sp, s3, a0
core   0: 3 0x8000451a (0x02a9f133) x 2 0x00000000
core   0: 0x8000451e (0x3e589997) auipc   s3, 0x3e589
core   0: 3 0x8000451e (0x3e589997) x19 0xbe58d51e
core   0: 0x80004522 (0x03a6e2b3) rem     t0, a3, s10
core   0: 3 0x80004522 (0x03a6e2b3) x 5 0x00000000
core   0: 0x80004526 (0x402686b3) sub     a3, a3, sp
core   0: 3 0x80004526 (0x402686b3) x13 0x00000000
core   0: 0x8000452a (0xe0d746b7) lui     a3, 0xe0d74
core   0: 3 0x8000452a (0xe0d746b7) x13 0xe0d74000
core   0: 0x8000452e (0x03a9c1b3) div     gp, s3, s10
core   0: 3 0x8000452e (0x03a9c1b3) x 3 0x00000000
core   0: 0x80004532 (0x00000001) c.nop
core   0: 3 0x80004532 (0x0001)
core   0: 0x80004534 (0x03888533) mul     a0, a7, s8
core   0: 3 0x80004534 (0x03888533) x10 0x00000000
core   0: 0x80004538 (0x025280b3) mul     ra, t0, t0
core   0: 3 0x80004538 (0x025280b3) x 1 0x00000000
core   0: 0x8000453c (0x00000001) c.nop
core   0: 3 0x8000453c (0x0001)
core   0: 0x8000453e (0x13a28093) addi    ra, t0, 314
core   0: 3 0x8000453e (0x13a28093) x 1 0x0000013a
core   0: 0x80004542 (0xc453e6b7) lui     a3, 0xc453e
core   0: 3 0x80004542 (0xc453e6b7) x13 0xc453e000
core   0: 0x80004546 (0x0336e2b3) rem     t0, a3, s3
core   0: 3 0x80004546 (0x0336e2b3) x 5 0xc453e000
core   0: 0x8000454a (0x021c4133) div     sp, s8, ra
core   0: 3 0x8000454a (0x021c4133) x 2 0x004a9554
core   0: 0x8000454e (0x021d3133) mulhu   sp, s10, ra
core   0: 3 0x8000454e (0x021d3133) x 2 0x0000005e
core   0: 0x80004552 (0x023c0d33) mul     s10, s8, gp
core   0: 3 0x80004552 (0x023c0d33) x26 0x00000000
core   0: 0x80004556 (0x02a8d8b3) divu    a7, a7, a0
core   0: 3 0x80004556 (0x02a8d8b3) x17 0xffffffff
core   0: 0x8000455a (0x747bd137) lui     sp, 0x747bd
core   0: 3 0x8000455a (0x747bd137) x 2 0x747bd000
core   0: 0x8000455e (0x11882197) auipc   gp, 0x11882
core   0: 3 0x8000455e (0x11882197) x 3 0x9188655e
core   0: 0x80004562 (0x00000001) c.nop
core   0: 3 0x80004562 (0x0001)
core   0: 0x80004564 (0x00008f4a) c.mv    t5, s2
core   0: 3 0x80004564 (0x8f4a) x30 0x00000218
core   0: 0x80004566 (0x00c0fc33) and     s8, ra, a2
core   0: 3 0x80004566 (0x00c0fc33) x24 0x0000010a
core   0: 0x8000456a (0x0000717d) c.addi16sp sp, -16
core   0: 3 0x8000456a (0x717d) x 2 0x747bcff0
core   0: 0x8000456c (0x03074e33) div     t3, a4, a6
core   0: 3 0x8000456c (0x03074e33) x28 0x00000000
core   0: 0x80004570 (0x000099fd) c.andi  a1, -1
core   0: 3 0x80004570 (0x99fd) x11 0x000002b4
core   0: 0x80004572 (0x000081da) c.mv    gp, s6
core   0: 3 0x80004572 (0x81da) x 3 0x00000000
core   0: 0x80004574 (0xe0ddb1b7) lui     gp, 0xe0ddb
core   0: 3 0x80004574 (0xe0ddb1b7) x 3 0xe0ddb000
core   0: 0x80004578 (0x01cf9d33) sll     s10, t6, t3
core   0: 3 0x80004578 (0x01cf9d33) x26 0xffbc0000
core   0: 0x8000457c (0x03930417) auipc   s0, 0x3930
core   0: 3 0x8000457c (0x03930417) x 8 0x8393457c
core   0: 0x80004580 (0x40cf5db3) sra     s11, t5, a2
core   0: 3 0x80004580 (0x40cf5db3) x27 0x00000000
core   0: 0x80004584 (0x00008d79) c.and   a0, a4
core   0: 3 0x80004584 (0x8d79) x10 0x00000000
core   0: 0x80004586 (0x010c1193) slli    gp, s8, 16
core   0: 3 0x80004586 (0x010c1193) x 3 0x010a0000
core   0: 0x8000458a (0x00be9b33) sll     s6, t4, a1
core   0: 3 0x8000458a (0x00be9b33) x22 0x00100000
core   0: 0x8000458e (0x036583b3) mul     t2, a1, s6
core   0: 3 0x8000458e (0x036583b3) x 7 0x2b400000
core   0: 0x80004592 (0x417a5033) sra     zero, s4, s7
core   0: 3 0x80004592 (0x417a5033)
core   0: 0x80004596 (0x50d52b13) slti    s6, a0, 1293
core   0: 3 0x80004596 (0x50d52b13) x22 0x00000001
core   0: 0x8000459a (0xca440597) auipc   a1, 0xca440
core   0: 3 0x8000459a (0xca440597) x11 0x4a44459a
core   0: 0x8000459e (0x40f35f13) srai    t5, t1, 15
core   0: 3 0x8000459e (0x40f35f13) x30 0x00000000
core   0: 0x800045a2 (0x81e86c13) ori     s8, a6, -2018
core   0: 3 0x800045a2 (0x81e86c13) x24 0xfffffcfe
core   0: 0x800045a6 (0x5159c413) xori    s0, s3, 1301
core   0: 3 0x800045a6 (0x5159c413) x 8 0xbe58d00b
core   0: 0x800045aa (0x0074ed33) or      s10, s1, t2
core   0: 3 0x800045aa (0x0074ed33) x26 0xab40fe64
core   0: 0x800045ae (0x41c6d933) sra     s2, a3, t3
core   0: 3 0x800045ae (0x41c6d933) x18 0xc453e000
core   0: 0x800045b2 (0x003ee0b3) or      ra, t4, gp
core   0: 3 0x800045b2 (0x003ee0b3) x 1 0x010a0001
core   0: 0x800045b6 (0x0376ac33) mulhsu  s8, a3, s7
core   0: 3 0x800045b6 (0x0376ac33) x24 0x00000000
core   0: 0x800045ba (0x00000441) c.addi  s0, 16
core   0: 3 0x800045ba (0x0441) x 8 0xbe58d01b
core   0: 0x800045bc (0x012b5c13) srli    s8, s6, 18
core   0: 3 0x800045bc (0x012b5c13) x24 0x00000000
core   0: 0x800045c0 (0x439b2193) slti    gp, s6, 1081
core   0: 3 0x800045c0 (0x439b2193) x 3 0x00000001
core   0: 0x800045c4 (0x40790533) sub     a0, s2, t2
core   0: 3 0x800045c4 (0x40790533) x10 0x9913e000
core   0: 0x800045c8 (0x01280b33) add     s6, a6, s2
core   0: 3 0x800045c8 (0x01280b33) x22 0x44551ce4
core   0: 0x800045cc (0x00008d31) c.xor   a0, a2
core   0: 3 0x800045cc (0x8d31) x10 0x2c74838e
core   0: 0x800045ce (0x00006ae1) c.lui   s5, 0x18
core   0: 3 0x800045ce (0x6ae1) x21 0x00018000
core   0: 0x800045d0 (0x41348fb3) sub     t6, s1, s3
core   0: 3 0x800045d0 (0x41348fb3) x31 0xc1a82946
core   0: 0x800045d4 (0x000065c9) c.lui   a1, 0x12
core   0: 3 0x800045d4 (0x65c9) x11 0x00012000
core   0: 0x800045d6 (0x008caeb3) slt     t4, s9, s0
core   0: 3 0x800045d6 (0x008caeb3) x29 0x00000000
core   0: 0x800045da (0x00008c05) c.sub   s0, s1
core   0: 3 0x800045da (0x8c05) x 8 0x3e57d1b7
core   0: 0x800045dc (0x00000001) c.nop
core   0: 3 0x800045dc (0x0001)
core   0: 0x800045de (0x3dc47a13) andi    s4, s0, 988
core   0: 3 0x800045de (0x3dc47a13) x20 0x00000194
core   0: 0x800045e2 (0x0089e6b3) or      a3, s3, s0
core   0: 3 0x800045e2 (0x0089e6b3) x13 0xbe5fd5bf
core   0: 0x800045e6 (0x000008ea) c.slli  a7, 26
core   0: 3 0x800045e6 (0x08ea) x17 0xfc000000
core   0: 0x800045e8 (0x0000009a) c.slli  ra, 6
core   0: 3 0x800045e8 (0x009a) x 1 0x42800040
core   0: 0x800045ea (0x0000717d) c.addi16sp sp, -16
core   0: 3 0x800045ea (0x717d) x 2 0x747bcfe0
core   0: 0x800045ec (0x12f2fa13) andi    s4, t0, 303
core   0: 3 0x800045ec (0x12f2fa13) x20 0x00000000
core   0: 0x800045f0 (0x00009e86) c.add   t4, ra
core   0: 3 0x800045f0 (0x9e86) x29 0x42800040
core   0: 0x800045f2 (0x00008679) c.srai  a2, 30
core   0: 3 0x800045f2 (0x8679) x12 0xfffffffe
core   0: 0x800045f4 (0x00008c01) c.sub   s0, s0
core   0: 3 0x800045f4 (0x8c01) x 8 0x00000000
core   0: 0x800045f6 (0x0000717d) c.addi16sp sp, -16
core   0: 3 0x800045f6 (0x717d) x 2 0x747bcfd0
core   0: 0x800045f8 (0x00355693) srli    a3, a0, 3
core   0: 3 0x800045f8 (0x00355693) x13 0x058e9071
core   0: 0x800045fc (0x6979b413) sltiu   s0, s3, 1687
core   0: 3 0x800045fc (0x6979b413) x 8 0x00000000
core   0: 0x80004600 (0x001cd533) srl     a0, s9, ra
core   0: 3 0x80004600 (0x001cd533) x10 0x00000000
core   0: 0x80004604 (0x00008efd) c.and   a3, a5
core   0: 3 0x80004604 (0x8efd) x13 0x058e9011
core   0: 0x80004606 (0x01741a93) slli    s5, s0, 23
core   0: 3 0x80004606 (0x01741a93) x21 0x00000000
core   0: 0x8000460a (0x4154d293) srai    t0, s1, 21
core   0: 3 0x8000460a (0x4154d293) x 5 0xfffffc00
core   0: 0x8000460e (0x01c65d33) srl     s10, a2, t3
core   0: 3 0x8000460e (0x01c65d33) x26 0xfffffffe
core   0: 0x80004612 (0x00008305) c.srli  a4, 1
core   0: 3 0x80004612 (0x8305) x14 0x00000002
core   0: 0x80004614 (0x00008121) c.srli  a0, 8
core   0: 3 0x80004614 (0x8121) x10 0x00000000
core   0: 0x80004616 (0x01cb86b3) add     a3, s7, t3
core   0: 3 0x80004616 (0x01cb86b3) x13 0x00000000
core   0: 0x8000461a (0x00000001) c.nop
core   0: 3 0x8000461a (0x0001)
core   0: 0x8000461c (0x00001afd) c.addi  s5, -1
core   0: 3 0x8000461c (0x1afd) x21 0xffffffff
core   0: 0x8000461e (0x00008c6d) c.and   s0, a1
core   0: 3 0x8000461e (0x8c6d) x 8 0x00000000
core   0: 0x80004620 (0x03ff8b33) mul     s6, t6, t6
core   0: 3 0x80004620 (0x03ff8b33) x22 0xbe877f24
core   0: 0x80004624 (0xaf480693) addi    a3, a6, -1292
core   0: 3 0x80004624 (0xaf480693) x13 0x800137d8
core   0: 0x80004628 (0x00b3a9b3) slt     s3, t2, a1
core   0: 3 0x80004628 (0x00b3a9b3) x19 0x00000000
core   0: 0x8000462c (0x037e61b3) rem     gp, t3, s7
core   0: 3 0x8000462c (0x037e61b3) x 3 0x00000000
core   0: 0x80004630 (0x00008e99) c.sub   a3, a4
core   0: 3 0x80004630 (0x8e99) x13 0x800137d6
core   0: 0x80004632 (0x00001b0c) c.addi4spn a1, sp, 432
core   0: 3 0x80004632 (0x1b0c) x11 0x747bd180
core   0: 0x80004634 (0x02feadb3) mulhsu  s11, t4, a5
core   0: 3 0x80004634 (0x02feadb3) x27 0x0427ffe8
core   0: 0x80004638 (0x00008511) c.srai  a0, 4
core   0: 3 0x80004638 (0x8511) x10 0x00000000
core   0: 0x8000463a (0xfb414e93) xori    t4, sp, -76
core   0: 3 0x8000463a (0xfb414e93) x29 0x8b843064
core   0: 0x8000463e (0x0000999e) c.add   s3, t2
core   0: 3 0x8000463e (0x999e) x19 0x2b400000
core   0: 0x80004640 (0x0000180c) c.addi4spn a1, sp, 48
core   0: 3 0x80004640 (0x180c) x11 0x747bd000
core   0: 0x80004642 (0x03539533) mulh    a0, t2, s5
core   0: 3 0x80004642 (0x03539533) x10 0xffffffff
core   0: 0x80004646 (0x0000801d) c.srli  s0, 7
core   0: 3 0x80004646 (0x801d) x 8 0x00000000
core   0: 0x80004648 (0x0163dc13) srli    s8, t2, 22
core   0: 3 0x80004648 (0x0163dc13) x24 0x000000ad
core   0: 0x8000464c (0x00f13333) sltu    t1, sp, a5
core   0: 3 0x8000464c (0x00f13333) x 6 0x00000000
core   0: 0x80004650 (0x0343c8b3) div     a7, t2, s4
core   0: 3 0x80004650 (0x0343c8b3) x17 0xffffffff
core   0: 0x80004654 (0x00004ed5) c.li    t4, 21
core   0: 3 0x80004654 (0x4ed5) x29 0x00000015
core   0: 0x80004656 (0x000007ae) c.slli  a5, 11
core   0: 3 0x80004656 (0x07ae) x15 0xfffca800
core   0: 0x80004658 (0x00009a7d) c.andi  a2, -1
core   0: 3 0x80004658 (0x9a7d) x12 0xfffffffe
core   0: 0x8000465a (0x007c5613) srli    a2, s8, 7
core   0: 3 0x8000465a (0x007c5613) x12 0x00000001
core   0: 0x8000465e (0x01575193) srli    gp, a4, 21
core   0: 3 0x8000465e (0x01575193) x 3 0x00000000
core   0: 0x80004662 (0x01776db3) or      s11, a4, s7
core   0: 3 0x80004662 (0x01776db3) x27 0x00000002
core   0: 0x80004666 (0x018387b3) add     a5, t2, s8
core   0: 3 0x80004666 (0x018387b3) x15 0x2b4000ad
core   0: 0x8000466a (0x01d158b3) srl     a7, sp, t4
core   0: 3 0x8000466a (0x01d158b3) x17 0x000003a3
core   0: 0x8000466e (0x0331a733) mulhsu  a4, gp, s3
core   0: 3 0x8000466e (0x0331a733) x14 0x00000000
core   0: 0x80004672 (0x000056fd) c.li    a3, -1
core   0: 3 0x80004672 (0x56fd) x13 0xffffffff
core   0: 0x80004674 (0x199c0793) addi    a5, s8, 409
core   0: 3 0x80004674 (0x199c0793) x15 0x00000246
core   0: 0x80004678 (0x00584e33) xor     t3, a6, t0
core   0: 3 0x80004678 (0x00584e33) x28 0x7ffec0e4
core   0: 0x8000467c (0x000090ae) c.add   ra, a1
core   0: 3 0x8000467c (0x90ae) x 1 0xb6fbd040
core   0: 0x8000467e (0x00655eb3) srl     t4, a0, t1
core   0: 3 0x8000467e (0x00655eb3) x29 0xffffffff
core   0: 0x80004682 (0x01f61f13) slli    t5, a2, 31
core   0: 3 0x80004682 (0x01f61f13) x30 0x80000000
core   0: 0x80004686 (0x0000189c) c.addi4spn a5, sp, 112
core   0: 3 0x80004686 (0x189c) x15 0x747bd040
core   0: 0x80004688 (0x000082d9) c.srli  a3, 22
core   0: 3 0x80004688 (0x82d9) x13 0x000003ff
core   0: 0x8000468a (0x006998b3) sll     a7, s3, t1
core   0: 3 0x8000468a (0x006998b3) x17 0x2b400000
core   0: 0x8000468e (0x024bfe33) remu    t3, s7, tp
core   0: 3 0x8000468e (0x024bfe33) x28 0x00000000
core   0: 0x80004692 (0x00009122) c.add   sp, s0
core   0: 3 0x80004692 (0x9122) x 2 0x747bcfd0
core   0: 0x80004694 (0x03b37e33) remu    t3, t1, s11
core   0: 3 0x80004694 (0x03b37e33) x28 0x00000000
core   0: 0x80004698 (0x7713b413) sltiu   s0, t2, 1905
core   0: 3 0x80004698 (0x7713b413) x 8 0x00000000
core   0: 0x8000469c (0x00afea33) or      s4, t6, a0
core   0: 3 0x8000469c (0x00afea33) x20 0xffffffff
core   0: 0x800046a0 (0x00008fe9) c.and   a5, a0
core   0: 3 0x800046a0 (0x8fe9) x15 0x747bd040
core   0: 0x800046a2 (0x00ed51b3) srl     gp, s10, a4
core   0: 3 0x800046a2 (0x00ed51b3) x 3 0xfffffffe
core   0: 0x800046a6 (0x017fb933) sltu    s2, t6, s7
core   0: 3 0x800046a6 (0x017fb933) x18 0x00000000
core   0: 0x800046aa (0x00000001) c.nop
core   0: 3 0x800046aa (0x0001)
core   0: 0x800046ac (0x00afffb3) and     t6, t6, a0
core   0: 3 0x800046ac (0x00afffb3) x31 0xc1a82946
core   0: 0x800046b0 (0x00001f88) c.addi4spn a0, sp, 1008
core   0: 3 0x800046b0 (0x1f88) x10 0x747bd3c0
core   0: 0x800046b2 (0x0061f033) and     zero, gp, t1
core   0: 3 0x800046b2 (0x0061f033)
core   0: 0x800046b6 (0x00008df5) c.and   a1, a3
core   0: 3 0x800046b6 (0x8df5) x11 0x00000000
core   0: 0x800046b8 (0x0a85df37) lui     t5, 0xa85d
core   0: 3 0x800046b8 (0x0a85df37) x30 0x0a85d000
core   0: 0x800046bc (0x036cf233) remu    tp, s9, s6
core   0: 3 0x800046bc (0x036cf233) x 4 0x00000000
core   0: 0x800046c0 (0x00008319) c.srli  a4, 6
core   0: 3 0x800046c0 (0x8319) x14 0x00000000
core   0: 0x800046c2 (0x01d87433) and     s0, a6, t4
core   0: 3 0x800046c2 (0x01d87433) x 8 0x80013ce4
core   0: 0x800046c6 (0x022f2c33) mulhsu  s8, t5, sp
core   0: 3 0x800046c6 (0x022f2c33) x24 0x04c9b915
core   0: 0x800046ca (0x031ce2b3) rem     t0, s9, a7
core   0: 3 0x800046ca (0x031ce2b3) x 5 0x00000000
core   0: 0x800046ce (0x011141b3) xor     gp, sp, a7
core   0: 3 0x800046ce (0x011141b3) x 3 0x5f3bcfd0
core   0: 0x800046d2 (0x00006925) c.lui   s2, 0x9
core   0: 3 0x800046d2 (0x6925) x18 0x00009000
core   0: 0x800046d4 (0x00f499b3) sll     s3, s1, a5
core   0: 3 0x800046d4 (0x00f499b3) x19 0x8000fe64
core   0: 0x800046d8 (0x0046fdb3) and     s11, a3, tp
core   0: 3 0x800046d8 (0x0046fdb3) x27 0x00000000
core   0: 0x800046dc (0x00fad1b3) srl     gp, s5, a5
core   0: 3 0x800046dc (0x00fad1b3) x 3 0xffffffff
core   0: 0x800046e0 (0x000003a2) c.slli  t2, 8
core   0: 3 0x800046e0 (0x03a2) x 7 0x40000000
core   0: 0x800046e2 (0x001fcab3) xor     s5, t6, ra
core   0: 3 0x800046e2 (0x001fcab3) x21 0x7753f906
core   0: 0x800046e6 (0x012febb3) or      s7, t6, s2
core   0: 3 0x800046e6 (0x012febb3) x23 0xc1a8b946
core   0: 0x800046ea (0x0000098e) c.slli  s3, 3
core   0: 3 0x800046ea (0x098e) x19 0x0007f320
core   0: 0x800046ec (0x02574033) div     zero, a4, t0
core   0: 3 0x800046ec (0x02574033)
core   0: 0x800046f0 (0x0000433d) c.li    t1, 15
core   0: 3 0x800046f0 (0x433d) x 6 0x0000000f
core   0: 0x800046f2 (0x00ffcab3) xor     s5, t6, a5
core   0: 3 0x800046f2 (0x00ffcab3) x21 0xb5d3f906
core   0: 0x800046f6 (0x00008a35) c.andi  a2, 13
core   0: 3 0x800046f6 (0x8a35) x12 0x00000001
core   0: 0x800046f8 (0x7efa0413) addi    s0, s4, 2031
core   0: 3 0x800046f8 (0x7efa0413) x 8 0x000007ee
core   0: 0x800046fc (0x00006505) c.lui   a0, 0x1
core   0: 3 0x800046fc (0x6505) x10 0x00001000
core   0: 0x800046fe (0x40985733) sra     a4, a6, s1
core   0: 3 0x800046fe (0x40985733) x14 0xf80013ce
core   0: 0x80004702 (0x5aa9e093) ori     ra, s3, 1450
core   0: 3 0x80004702 (0x5aa9e093) x 1 0x0007f7aa
core   0: 0x80004706 (0x00008a8d) c.andi  a3, 3
core   0: 3 0x80004706 (0x8a8d) x13 0x00000003
core   0: 0x80004708 (0x00008be1) c.andi  a5, 24
core   0: 3 0x80004708 (0x8be1) x15 0x00000000
core   0: 0x8000470a (0x013c2db3) slt     s11, s8, s3
core   0: 3 0x8000470a (0x013c2db3) x27 0x00000000
core   0: 0x8000470e (0x00000001) c.nop
core   0: 3 0x8000470e (0x0001)
core   0: 0x80004710 (0x033580b3) mul     ra, a1, s3
core   0: 3 0x80004710 (0x033580b3) x 1 0x00000000
core   0: 0x80004714 (0x000083e1) c.srli  a5, 24
core   0: 3 0x80004714 (0x83e1) x15 0x00000000
core   0: 0x80004716 (0x00006d35) c.lui   s10, 0xd
core   0: 3 0x80004716 (0x6d35) x26 0x0000d000
core   0: 0x80004718 (0x000089ad) c.andi  a1, 11
core   0: 3 0x80004718 (0x89ad) x11 0x00000000
core   0: 0x8000471a (0x00008e61) c.and   a2, s0
core   0: 3 0x8000471a (0x8e61) x12 0x00000000
core   0: 0x8000471c (0x00722b33) slt     s6, tp, t2
core   0: 3 0x8000471c (0x00722b33) x22 0x00000001
core   0: 0x80004720 (0x00000001) c.nop
core   0: 3 0x80004720 (0x0001)
core   0: 0x80004722 (0x00a5fe33) and     t3, a1, a0
core   0: 3 0x80004722 (0x00a5fe33) x28 0x00000000
core   0: 0x80004726 (0xcedba013) slti    zero, s7, -787
core   0: 3 0x80004726 (0xcedba013)
core   0: 0x8000472a (0x029d41b3) div     gp, s10, s1
core   0: 3 0x8000472a (0x029d41b3) x 3 0x00000000
core   0: 0x8000472e (0x00008d21) c.xor   a0, s0
core   0: 3 0x8000472e (0x8d21) x10 0x000017ee
core   0: 0x80004730 (0x893acb13) xori    s6, s5, -1901
core   0: 3 0x80004730 (0x893acb13) x22 0x4a2c0195
core   0: 0x80004734 (0x94c90913) addi    s2, s2, -1716
core   0: 3 0x80004734 (0x94c90913) x18 0x0000894c
core   0: 0x80004738 (0x0322b133) mulhu   sp, t0, s2
core   0: 3 0x80004738 (0x0322b133) x 2 0x00000000
core   0: 0x8000473c (0x01471013) slli    zero, a4, 20
core   0: 3 0x8000473c (0x01471013)
core   0: 0x80004740 (0x40395733) sra     a4, s2, gp
core   0: 3 0x80004740 (0x40395733) x14 0x0000894c
core   0: 0x80004744 (0x00009bfd) c.andi  a5, -1
core   0: 3 0x80004744 (0x9bfd) x15 0x00000000
core   0: 0x80004746 (0x00008f31) c.xor   a4, a2
core   0: 3 0x80004746 (0x8f31) x14 0x0000894c
core   0: 0x80004748 (0x00008f1d) c.sub   a4, a5
core   0: 3 0x80004748 (0x8f1d) x14 0x0000894c
core   0: 0x8000474a (0x00008506) c.mv    a0, ra
core   0: 3 0x8000474a (0x8506) x10 0x00000000
core   0: 0x8000474c (0x43167a97) auipc   s5, 0x43167
core   0: 3 0x8000474c (0x43167a97) x21 0xc316b74c
core   0: 0x80004750 (0x00006111) c.addi16sp sp, 256
core   0: 3 0x80004750 (0x6111) x 2 0x00000100
core   0: 0x80004752 (0x02de81b3) mul     gp, t4, a3
core   0: 3 0x80004752 (0x02de81b3) x 3 0xfffffffd
core   0: 0x80004756 (0x000067f1) c.lui   a5, 0x1c
core   0: 3 0x80004756 (0x67f1) x15 0x0001c000
core   0: 0x80004758 (0x359d4013) xori    zero, s10, 857
core   0: 3 0x80004758 (0x359d4013)
core   0: 0x8000475c (0x01c995b3) sll     a1, s3, t3
core   0: 3 0x8000475c (0x01c995b3) x11 0x0007f320
core   0: 0x80004760 (0x002db933) sltu    s2, s11, sp
core   0: 3 0x80004760 (0x002db933) x18 0x00000001
core   0: 0x80004764 (0x00008c39) c.xor   s0, a4
core   0: 3 0x80004764 (0x8c39) x 8 0x00008ea2
core   0: 0x80004766 (0x000085bd) c.srai  a1, 15
core   0: 3 0x80004766 (0x85bd) x11 0x0000000f
core   0: 0x80004768 (0x02a986b3) mul     a3, s3, a0
core   0: 3 0x80004768 (0x02a986b3) x13 0x00000000
core   0: 0x8000476c (0x01e39e13) slli    t3, t2, 30
core   0: 3 0x8000476c (0x01e39e13) x28 0x00000000
core   0: 0x80004770 (0x00ef53b3) srl     t2, t5, a4
core   0: 3 0x80004770 (0x00ef53b3) x 7 0x0000a85d
core   0: 0x80004774 (0x00000001) c.nop
core   0: 3 0x80004774 (0x0001)
core   0: 0x80004776 (0x00008c0a) c.mv    s8, sp
core   0: 3 0x80004776 (0x8c0a) x24 0x00000100
core   0: 0x80004778 (0x0000717d) c.addi16sp sp, -16
core   0: 3 0x80004778 (0x717d) x 2 0x000000f0
core   0: 0x8000477a (0x4e7d6893) ori     a7, s10, 1255
core   0: 3 0x8000477a (0x4e7d6893) x17 0x0000d4e7
core   0: 0x8000477e (0x40a22f13) slti    t5, tp, 1034
core   0: 3 0x8000477e (0x40a22f13) x30 0x00000001
core   0: 0x80004782 (0x033de633) rem     a2, s11, s3
core   0: 3 0x80004782 (0x033de633) x12 0x00000000
core   0: 0x80004786 (0x02d138b3) mulhu   a7, sp, a3
core   0: 3 0x80004786 (0x02d138b3) x17 0x00000000
core   0: 0x8000478a (0x000000d1) c.addi  ra, 20
core   0: 3 0x8000478a (0x00d1) x 1 0x00000014
core   0: 0x8000478c (0xc8fbf097) auipc   ra, 0xc8fbf
core   0: 3 0x8000478c (0xc8fbf097) x 1 0x48fc378c
core   0: 0x80004790 (0x00009a42) c.add   s4, a6
core   0: 3 0x80004790 (0x9a42) x20 0x80013ce3
core   0: 0x80004792 (0x000083e1) c.srli  a5, 24
core   0: 3 0x80004792 (0x83e1) x15 0x00000000
core   0: 0x80004794 (0x02be61b3) rem     gp, t3, a1
core   0: 3 0x80004794 (0x02be61b3) x 3 0x00000000
core   0: 0x80004798 (0x000056fd) c.li    a3, -1
core   0: 3 0x80004798 (0x56fd) x13 0xffffffff
core   0: 0x8000479a (0x00008d55) c.or    a0, a3
core   0: 3 0x8000479a (0x8d55) x10 0xffffffff
core   0: 0x8000479c (0x00000e6e) c.slli  t3, 27
core   0: 3 0x8000479c (0x0e6e) x28 0x00000000
core   0: 0x8000479e (0x025af1b3) remu    gp, s5, t0
core   0: 3 0x8000479e (0x025af1b3) x 3 0xc316b74c
core   0: 0x800047a2 (0x1204ffb7) lui     t6, 0x1204f
core   0: 3 0x800047a2 (0x1204ffb7) x31 0x1204f000
core   0: 0x800047a6 (0x02100bb3) mul     s7, zero, ra
core   0: 3 0x800047a6 (0x02100bb3) x23 0x00000000
core   0: 0x800047aa (0x04623213) sltiu   tp, tp, 70
core   0: 3 0x800047aa (0x04623213) x 4 0x00000001
core   0: 0x800047ae (0x494cf937) lui     s2, 0x494cf
core   0: 3 0x800047ae (0x494cf937) x18 0x494cf000
core   0: 0x800047b2 (0x5fa53d17) auipc   s10, 0x5fa53
core   0: 3 0x800047b2 (0x5fa53d17) x26 0xdfa577b2
core   0: 0x800047b6 (0x41b4d393) srai    t2, s1, 27
core   0: 3 0x800047b6 (0x41b4d393) x 7 0xfffffff0
core   0: 0x800047ba (0x00c8b333) sltu    t1, a7, a2
core   0: 3 0x800047ba (0x00c8b333) x 6 0x00000000
core   0: 0x800047be (0x028c5f33) divu    t5, s8, s0
core   0: 3 0x800047be (0x028c5f33) x30 0x00000000
core   0: 0x800047c2 (0x018fd593) srli    a1, t6, 24
core   0: 3 0x800047c2 (0x018fd593) x11 0x00000012
core   0: 0x800047c6 (0x0000117d) c.addi  sp, -1
core   0: 3 0x800047c6 (0x117d) x 2 0x000000ef
core   0: 0x800047c8 (0x75dcad13) slti    s10, s9, 1885
core   0: 3 0x800047c8 (0x75dcad13) x26 0x00000001
core   0: 0x800047cc (0x00008eb6) c.mv    t4, a3
core   0: 3 0x800047cc (0x8eb6) x29 0xffffffff
core   0: 0x800047ce (0xe3633117) auipc   sp, 0xe3633
core   0: 3 0x800047ce (0xe3633117) x 2 0x636377ce
core   0: 0x800047d2 (0x00000fba) c.slli  t6, 14
core   0: 3 0x800047d2 (0x0fba) x31 0x3c000000
core   0: 0x800047d4 (0x03a66433) rem     s0, a2, s10
core   0: 3 0x800047d4 (0x03a66433) x 8 0x00000000
core   0: 0x800047d8 (0x00008375) c.srli  a4, 29
core   0: 3 0x800047d8 (0x8375) x14 0x00000000
core   0: 0x800047da (0x401c5033) sra     zero, s8, ra
core   0: 3 0x800047da (0x401c5033)
core   0: 0x800047de (0x00008635) c.srai  a2, 13
core   0: 3 0x800047de (0x8635) x12 0x00000000
core   0: 0x800047e0 (0x03b72f33) mulhsu  t5, a4, s11
core   0: 3 0x800047e0 (0x03b72f33) x30 0x00000000
core   0: 0x800047e4 (0xba74bc13) sltiu   s8, s1, -1113
core   0: 3 0x800047e4 (0xba74bc13) x24 0x00000001
core   0: 0x800047e8 (0x2f188db7) lui     s11, 0x2f188
core   0: 3 0x800047e8 (0x2f188db7) x27 0x2f188000
core   0: 0x800047ec (0x0397a933) mulhsu  s2, a5, s9
core   0: 3 0x800047ec (0x0397a933) x18 0x00000000
core   0: 0x800047f0 (0x00008105) c.srli  a0, 1
core   0: 3 0x800047f0 (0x8105) x10 0x7fffffff
core   0: 0x800047f2 (0x00008f85) c.sub   a5, s1
core   0: 3 0x800047f2 (0x8f85) x15 0x7fff019c
core   0: 0x800047f4 (0x00001b0c) c.addi4spn a1, sp, 432
core   0: 3 0x800047f4 (0x1b0c) x11 0x6363797e
core   0: 0x800047f6 (0x00008f52) c.mv    t5, s4
core   0: 3 0x800047f6 (0x8f52) x30 0x80013ce3
core   0: 0x800047f8 (0x0316e6b3) rem     a3, a3, a7
core   0: 3 0x800047f8 (0x0316e6b3) x13 0xffffffff
core   0: 0x800047fc (0x0508c997) auipc   s3, 0x508c
core   0: 3 0x800047fc (0x0508c997) x19 0x850907fc
core   0: 0x80004800 (0x28796513) ori     a0, s2, 647
core   0: 3 0x80004800 (0x28796513) x10 0x00000287
core   0: 0x80004804 (0xd1634a13) xori    s4, t1, -746
core   0: 3 0x80004804 (0xd1634a13) x20 0xfffffd16
core   0: 0x80004808 (0x01bf92b3) sll     t0, t6, s11
core   0: 3 0x80004808 (0x01bf92b3) x 5 0x3c000000
core   0: 0x8000480c (0x00008d89) c.sub   a1, a0
core   0: 3 0x8000480c (0x8d89) x11 0x636376f7
core   0: 0x8000480e (0x00006159) c.addi16sp sp, 400
core   0: 3 0x8000480e (0x6159) x 2 0x6363795e
core   0: 0x80004810 (0x00ead233) srl     tp, s5, a4
core   0: 3 0x80004810 (0x00ead233) x 4 0xc316b74c
core   0: 0x80004814 (0x032417b3) mulh    a5, s0, s2
core   0: 3 0x80004814 (0x032417b3) x15 0x00000000
core   0: 0x80004818 (0x020d39b3) mulhu   s3, s10, zero
core   0: 3 0x80004818 (0x020d39b3) x19 0x00000000
core   0: 0x8000481c (0xc14ceb13) ori     s6, s9, -1004
core   0: 3 0x8000481c (0xc14ceb13) x22 0xfffffc14
core   0: 0x80004820 (0x03850e33) mul     t3, a0, s8
core   0: 3 0x80004820 (0x03850e33) x28 0x00000287
core   0: 0x80004824 (0xd7b2be93) sltiu   t4, t0, -645
core   0: 3 0x80004824 (0xd7b2be93) x29 0x00000001
core   0: 0x80004828 (0x03cf5eb3) divu    t4, t5, t3
core   0: 3 0x80004828 (0x03cf5eb3) x29 0x0032a5e1
core   0: 0x8000482c (0x01f69533) sll     a0, a3, t6
core   0: 3 0x8000482c (0x01f69533) x10 0xffffffff
core   0: 0x80004830 (0x01a9e733) or      a4, s3, s10
core   0: 3 0x80004830 (0x01a9e733) x14 0x00000001
core   0: 0x80004834 (0x002b9c13) slli    s8, s7, 2
core   0: 3 0x80004834 (0x002b9c13) x24 0x00000000
core   0: 0x80004838 (0x0000577d) c.li    a4, -1
core   0: 3 0x80004838 (0x577d) x14 0xffffffff
core   0: 0x8000483a (0x0347eab3) rem     s5, a5, s4
core   0: 3 0x8000483a (0x0347eab3) x21 0x00000000
core   0: 0x8000483e (0xe8d2c337) lui     t1, 0xe8d2c
core   0: 3 0x8000483e (0xe8d2c337) x 6 0xe8d2c000
core   0: 0x80004842 (0x9db30313) addi    t1, t1, -1573
core   0: 3 0x80004842 (0x9db30313) x 6 0xe8d2b9db
core   0: 0x80004846 (0xfff00693) li      a3, -1
core   0: 3 0x80004846 (0xfff00693) x13 0xffffffff
core   0: 0x8000484a (0x800005b7) lui     a1, 0x80000
core   0: 3 0x8000484a (0x800005b7) x11 0x80000000
core   0: 0x8000484e (0xfff00393) li      t2, -1
core   0: 3 0x8000484e (0xfff00393) x 7 0xffffffff
core   0: 0x80004852 (0x800007b7) lui     a5, 0x80000
core   0: 3 0x80004852 (0x800007b7) x15 0x80000000
core   0: 0x80004856 (0x00004f81) c.li    t6, 0
core   0: 3 0x80004856 (0x4f81) x31 0x00000000
core   0: 0x80004858 (0x00004d81) c.li    s11, 0
core   0: 3 0x80004858 (0x4d81) x27 0x00000000
core   0: 0x8000485a (0x00004b01) c.li    s6, 0
core   0: 3 0x8000485a (0x4b01) x22 0x00000000
core   0: 0x8000485c (0x800009b7) lui     s3, 0x80000
core   0: 3 0x8000485c (0x800009b7) x19 0x80000000
core   0: 0x80004860 (0xdd711637) lui     a2, 0xdd711
core   0: 3 0x80004860 (0xdd711637) x12 0xdd711000
core   0: 0x80004864 (0x4b460613) addi    a2, a2, 1204
core   0: 3 0x80004864 (0x4b460613) x12 0xdd7114b4
core   0: 0x80004868 (0x41b68fb3) sub     t6, a3, s11
core   0: 3 0x80004868 (0x41b68fb3) x31 0xffffffff
core   0: 0x8000486c (0x40b606b3) sub     a3, a2, a1
core   0: 3 0x8000486c (0x40b606b3) x13 0x5d7114b4
core   0: 0x80004870 (0x0275ddb3) divu    s11, a1, t2
core   0: 3 0x80004870 (0x0275ddb3) x27 0x00000000
core   0: 0x80004874 (0x00000001) c.nop
core   0: 3 0x80004874 (0x0001)
core   0: 0x80004876 (0x016f86b3) add     a3, t6, s6
core   0: 3 0x80004876 (0x016f86b3) x13 0xffffffff
core   0: 0x8000487a (0x033dd5b3) divu    a1, s11, s3
core   0: 3 0x8000487a (0x033dd5b3) x11 0x00000000
core   0: 0x8000487e (0x02f9b7b3) mulhu   a5, s3, a5
core   0: 3 0x8000487e (0x02f9b7b3) x15 0x40000000
core   0: 0x80004882 (0x019e1997) auipc   s3, 0x19e1
core   0: 3 0x80004882 (0x019e1997) x19 0x819e5882
core   0: 0x80004886 (0x033679b3) remu    s3, a2, s3
core   0: 3 0x80004886 (0x033679b3) x19 0x5bd2bc32
core   0: 0x8000488a (0x0337b9b3) mulhu   s3, a5, s3
core   0: 3 0x8000488a (0x0337b9b3) x19 0x16f4af0c
core   0: 0x8000488e (0xe946f637) lui     a2, 0xe946f
core   0: 3 0x8000488e (0xe946f637) x12 0xe946f000
core   0: 0x80004892 (0x02d396b3) mulh    a3, t2, a3
core   0: 3 0x80004892 (0x02d396b3) x13 0x00000000
core   0: 0x80004896 (0x02c9c333) div     t1, s3, a2
core   0: 3 0x80004896 (0x02c9c333) x 6 0xffffffff
core   0: 0x8000489a (0x02fb67b3) rem     a5, s6, a5
core   0: 3 0x8000489a (0x02fb67b3) x15 0x00000000
core   0: 0x8000489e (0x0336efb3) rem     t6, a3, s3
core   0: 3 0x8000489e (0x0336efb3) x31 0x00000000
core   0: 0x800048a2 (0x026b26b3) mulhsu  a3, s6, t1
core   0: 3 0x800048a2 (0x026b26b3) x13 0x00000000
core   0: 0x800048a6 (0x02276ab3) rem     s5, a4, sp
core   0: 3 0x800048a6 (0x02276ab3) x21 0xffffffff
core   0: 0x800048aa (0x00881b33) sll     s6, a6, s0
core   0: 3 0x800048aa (0x00881b33) x22 0x80013ce4
core   0: 0x800048ae (0x000082a5) c.srli  a3, 9
core   0: 3 0x800048ae (0x82a5) x13 0x00000000
core   0: 0x800048b0 (0xc7dd3f97) auipc   t6, 0xc7dd3
core   0: 3 0x800048b0 (0xc7dd3f97) x31 0x47dd78b0
core   0: 0x800048b4 (0x00000fc2) c.slli  t6, 16
core   0: 3 0x800048b4 (0x0fc2) x31 0x78b00000
core   0: 0x800048b6 (0xfc996213) ori     tp, s2, -55
core   0: 3 0x800048b6 (0xfc996213) x 4 0xffffffc9
core   0: 0x800048ba (0x000058fd) c.li    a7, -1
core   0: 3 0x800048ba (0x58fd) x17 0xffffffff
core   0: 0x800048bc (0x000018fd) c.addi  a7, -1
core   0: 3 0x800048bc (0x18fd) x17 0xfffffffe
core   0: 0x800048be (0x00008531) c.srai  a0, 12
core   0: 3 0x800048be (0x8531) x10 0xffffffff
core   0: 0x800048c0 (0x4137dd93) srai    s11, a5, 19
core   0: 3 0x800048c0 (0x4137dd93) x27 0x00000000
core   0: 0x800048c4 (0x037f99b3) mulh    s3, t6, s7
core   0: 3 0x800048c4 (0x037f99b3) x19 0x00000000
core   0: 0x800048c8 (0x00008009) c.srli  s0, 2
core   0: 3 0x800048c8 (0x8009) x 8 0x00000000
core   0: 0x800048ca (0x416edc13) srai    s8, t4, 22
core   0: 3 0x800048ca (0x416edc13) x24 0x00000000
core   0: 0x800048ce (0x038692b3) mulh    t0, a3, s8
core   0: 3 0x800048ce (0x038692b3) x 5 0x00000000
core   0: 0x800048d2 (0x00000001) c.nop
core   0: 3 0x800048d2 (0x0001)
core   0: 0x800048d4 (0x00008c4d) c.or    s0, a1
core   0: 3 0x800048d4 (0x8c4d) x 8 0x00000000
core   0: 0x800048d6 (0x03932733) mulhsu  a4, t1, s9
core   0: 3 0x800048d6 (0x03932733) x14 0x00000000
core   0: 0x800048da (0x0057aa33) slt     s4, a5, t0
core   0: 3 0x800048da (0x0057aa33) x20 0x00000000
core   0: 0x800048de (0x00000001) c.nop
core   0: 3 0x800048de (0x0001)
core   0: 0x800048e0 (0x00000001) c.nop
core   0: 3 0x800048e0 (0x0001)
core   0: 0x800048e2 (0x1cbee893) ori     a7, t4, 459
core   0: 3 0x800048e2 (0x1cbee893) x17 0x0032a5eb
core   0: 0x800048e6 (0x4e98d517) auipc   a0, 0x4e98d
core   0: 3 0x800048e6 (0x4e98d517) x10 0xce9918e6
core   0: 0x800048ea (0x0339f133) remu    sp, s3, s3
core   0: 3 0x800048ea (0x0339f133) x 2 0x00000000
core   0: 0x800048ee (0x034b96b3) mulh    a3, s7, s4
core   0: 3 0x800048ee (0x034b96b3) x13 0x00000000
core   0: 0x800048f2 (0x00006265) c.lui   tp, 0x19
core   0: 3 0x800048f2 (0x6265) x 4 0x00019000
core   0: 0x800048f4 (0x02c6ceb3) div     t4, a3, a2
core   0: 3 0x800048f4 (0x02c6ceb3) x29 0x00000000
core   0: 0x800048f8 (0x000065b5) c.lui   a1, 0xd
core   0: 3 0x800048f8 (0x65b5) x11 0x0000d000
core   0: 0x800048fa (0x00000001) c.nop
core   0: 3 0x800048fa (0x0001)
core   0: 0x800048fc (0x00008f71) c.and   a4, a2
core   0: 3 0x800048fc (0x8f71) x14 0x00000000
core   0: 0x800048fe (0x00008f05) c.sub   a4, s1
core   0: 3 0x800048fe (0x8f05) x14 0x7fff019c
core   0: 0x80004900 (0x02e68fb3) mul     t6, a3, a4
core   0: 3 0x80004900 (0x02e68fb3) x31 0x00000000
core   0: 0x80004904 (0x01b60b33) add     s6, a2, s11
core   0: 3 0x80004904 (0x01b60b33) x22 0xe946f000
core   0: 0x80004908 (0x00008d09) c.sub   a0, a0
core   0: 3 0x80004908 (0x8d09) x10 0x00000000
core   0: 0x8000490a (0x00000116) c.slli  sp, 5
core   0: 3 0x8000490a (0x0116) x 2 0x00000000
core   0: 0x8000490c (0x0179adb3) slt     s11, s3, s7
core   0: 3 0x8000490c (0x0179adb3) x27 0x00000000
core   0: 0x80004910 (0x1efd4613) xori    a2, s10, 495
core   0: 3 0x80004910 (0x1efd4613) x12 0x000001ee
core   0: 0x80004914 (0x00104733) xor     a4, zero, ra
core   0: 3 0x80004914 (0x00104733) x14 0x48fc378c
core   0: 0x80004918 (0x0000827d) c.srli  a2, 31
core   0: 3 0x80004918 (0x827d) x12 0x00000000
core   0: 0x8000491a (0x027443b3) div     t2, s0, t2
core   0: 3 0x8000491a (0x027443b3) x 7 0x00000000
core   0: 0x8000491e (0x009a1513) slli    a0, s4, 9
core   0: 3 0x8000491e (0x009a1513) x10 0x00000000
core   0: 0x80004922 (0x08cc9e97) auipc   t4, 0x8cc9
core   0: 3 0x80004922 (0x08cc9e97) x29 0x88ccd922
core   0: 0x80004926 (0x00008446) c.mv    s0, a7
core   0: 3 0x80004926 (0x8446) x 8 0x0032a5eb
core   0: 0x80004928 (0x0068da13) srli    s4, a7, 6
core   0: 3 0x80004928 (0x0068da13) x20 0x0000ca97
core   0: 0x8000492c (0x2a050b13) addi    s6, a0, 672
core   0: 3 0x8000492c (0x2a050b13) x22 0x000002a0
core   0: 0x80004930 (0x294ec113) xori    sp, t4, 660
core   0: 3 0x80004930 (0x294ec113) x 2 0x88ccdbb6
core   0: 0x80004934 (0x00006955) c.lui   s2, 0x15
core   0: 3 0x80004934 (0x6955) x18 0x00015000
core   0: 0x80004936 (0x02c238b3) mulhu   a7, tp, a2
core   0: 3 0x80004936 (0x02c238b3) x17 0x00000000
core   0: 0x8000493a (0x000fdc33) srl     s8, t6, zero
core   0: 3 0x8000493a (0x000fdc33) x24 0x00000000
core   0: 0x8000493e (0x0015f633) and     a2, a1, ra
core   0: 3 0x8000493e (0x0015f633) x12 0x00001000
core   0: 0x80004942 (0x21d2e693) ori     a3, t0, 541
core   0: 3 0x80004942 (0x21d2e693) x13 0x0000021d
core   0: 0x80004946 (0x008aa3b3) slt     t2, s5, s0
core   0: 3 0x80004946 (0x008aa3b3) x 7 0x00000001
core   0: 0x8000494a (0x0129b5b3) sltu    a1, s3, s2
core   0: 3 0x8000494a (0x0129b5b3) x11 0x00000001
core   0: 0x8000494e (0x00000001) c.nop
core   0: 3 0x8000494e (0x0001)
core   0: 0x80004950 (0x41f2ff13) andi    t5, t0, 1055
core   0: 3 0x80004950 (0x41f2ff13) x30 0x00000000
core   0: 0x80004954 (0x80000337) lui     t1, 0x80000
core   0: 3 0x80004954 (0x80000337) x 6 0x80000000
core   0: 0x80004958 (0x972651b7) lui     gp, 0x97265
core   0: 3 0x80004958 (0x972651b7) x 3 0x97265000
core   0: 0x8000495c (0xc8218193) addi    gp, gp, -894
core   0: 3 0x8000495c (0xc8218193) x 3 0x97264c82
core   0: 0x80004960 (0x00004881) c.li    a7, 0
core   0: 3 0x80004960 (0x4881) x17 0x00000000
core   0: 0x80004962 (0xe7afeeb7) lui     t4, 0xe7afe
core   0: 3 0x80004962 (0xe7afeeb7) x29 0xe7afe000
core   0: 0x80004966 (0x561e8e93) addi    t4, t4, 1377
core   0: 3 0x80004966 (0x561e8e93) x29 0xe7afe561
core   0: 0x8000496a (0x80000137) lui     sp, 0x80000
core   0: 3 0x8000496a (0x80000137) x 2 0x80000000
core   0: 0x8000496e (0xfff00f93) li      t6, -1
core   0: 3 0x8000496e (0xfff00f93) x31 0xffffffff
core   0: 0x80004972 (0x80000937) lui     s2, 0x80000
core   0: 3 0x80004972 (0x80000937) x18 0x80000000
core   0: 0x80004976 (0x1d8b23b7) lui     t2, 0x1d8b2
core   0: 3 0x80004976 (0x1d8b23b7) x 7 0x1d8b2000
core   0: 0x8000497a (0xd7238393) addi    t2, t2, -654
core   0: 3 0x8000497a (0xd7238393) x 7 0x1d8b1d72
core   0: 0x8000497e (0x80000db7) lui     s11, 0x80000
core   0: 3 0x8000497e (0x80000db7) x27 0x80000000
core   0: 0x80004982 (0xfff00e13) li      t3, -1
core   0: 3 0x80004982 (0xfff00e13) x28 0xffffffff
core   0: 0x80004986 (0x41b10fb3) sub     t6, sp, s11
core   0: 3 0x80004986 (0x41b10fb3) x31 0x00000000
core   0: 0x8000498a (0x023e18b3) mulh    a7, t3, gp
core   0: 3 0x8000498a (0x023e18b3) x17 0x00000000
core   0: 0x8000498e (0x41b303b3) sub     t2, t1, s11
core   0: 3 0x8000498e (0x41b303b3) x 7 0x00000000
core   0: 0x80004992 (0x40610333) sub     t1, sp, t1
core   0: 3 0x80004992 (0x40610333) x 6 0x00000000
core   0: 0x80004996 (0x03b95eb3) divu    t4, s2, s11
core   0: 3 0x80004996 (0x03b95eb3) x29 0x00000001
core   0: 0x8000499a (0x40210eb3) sub     t4, sp, sp
core   0: 3 0x8000499a (0x40210eb3) x29 0x00000000
core   0: 0x8000499e (0x03f138b3) mulhu   a7, sp, t6
core   0: 3 0x8000499e (0x03f138b3) x17 0x00000000
core   0: 0x800049a2 (0xc5038e93) addi    t4, t2, -944
core   0: 3 0x800049a2 (0xc5038e93) x29 0xfffffc50
core   0: 0x800049a6 (0x03c3e8b3) rem     a7, t2, t3
core   0: 3 0x800049a6 (0x03c3e8b3) x17 0x00000000
core   0: 0x800049aa (0x01de83b3) add     t2, t4, t4
core   0: 3 0x800049aa (0x01de83b3) x 7 0xfffff8a0
core   0: 0x800049ae (0xf7c06e37) lui     t3, 0xf7c06
core   0: 3 0x800049ae (0xf7c06e37) x28 0xf7c06000
core   0: 0x800049b2 (0x01d303b3) add     t2, t1, t4
core   0: 3 0x800049b2 (0x01d303b3) x 7 0xfffffc50
core   0: 0x800049b6 (0x6e3ffe17) auipc   t3, 0x6e3ff
core   0: 3 0x800049b6 (0x6e3ffe17) x28 0xee4039b6
core   0: 0x800049ba (0x41fd83b3) sub     t2, s11, t6
core   0: 3 0x800049ba (0x41fd83b3) x 7 0x80000000
core   0: 0x800049be (0x41fe8333) sub     t1, t4, t6
core   0: 3 0x800049be (0x41fe8333) x 6 0xfffffc50
core   0: 0x800049c2 (0x03c93e33) mulhu   t3, s2, t3
core   0: 3 0x800049c2 (0x03c93e33) x28 0x77201cdb
core   0: 0x800049c6 (0x02cf42b3) div     t0, t5, a2
core   0: 3 0x800049c6 (0x02cf42b3) x 5 0x00000000
core   0: 0x800049ca (0x41150233) sub     tp, a0, a7
core   0: 3 0x800049ca (0x41150233) x 4 0x00000000
core   0: 0x800049ce (0x00008c49) c.or    s0, a0
core   0: 3 0x800049ce (0x8c49) x 8 0x0032a5eb
core   0: 0x800049d0 (0x255ec793) xori    a5, t4, 597
core   0: 3 0x800049d0 (0x255ec793) x15 0xfffffe05
core   0: 0x800049d4 (0x6c2c3693) sltiu   a3, s8, 1730
core   0: 3 0x800049d4 (0x6c2c3693) x13 0x00000001
core   0: 0x800049d8 (0xab56a413) slti    s0, a3, -1355
core   0: 3 0x800049d8 (0xab56a413) x 8 0x00000000
core   0: 0x800049dc (0xccadb413) sltiu   s0, s11, -822
core   0: 3 0x800049dc (0xccadb413) x 8 0x00000001
core   0: 0x800049e0 (0x02d261b3) rem     gp, tp, a3
core   0: 3 0x800049e0 (0x02d261b3) x 3 0x00000000
core   0: 0x800049e4 (0x012abfb3) sltu    t6, s5, s2
core   0: 3 0x800049e4 (0x012abfb3) x31 0x00000000
core   0: 0x800049e8 (0x00008ec9) c.or    a3, a0
core   0: 3 0x800049e8 (0x8ec9) x13 0x00000001
core   0: 0x800049ea (0x03bd7b33) remu    s6, s10, s11
core   0: 3 0x800049ea (0x03bd7b33) x22 0x00000001
core   0: 0x800049ee (0x0000977a) c.add   a4, t5
core   0: 3 0x800049ee (0x977a) x14 0x48fc378c
core   0: 0x800049f0 (0x01782c33) slt     s8, a6, s7
core   0: 3 0x800049f0 (0x01782c33) x24 0x00000001
core   0: 0x800049f4 (0x039dfe33) remu    t3, s11, s9
core   0: 3 0x800049f4 (0x039dfe33) x28 0x80000000
core   0: 0x800049f8 (0x00008c1d) c.sub   s0, a5
core   0: 3 0x800049f8 (0x8c1d) x 8 0x000001fc
core   0: 0x800049fa (0x7a18bc13) sltiu   s8, a7, 1953
core   0: 3 0x800049fa (0x7a18bc13) x24 0x00000001
core   0: 0x800049fe (0x00000a92) c.slli  s5, 4
core   0: 3 0x800049fe (0x0a92) x21 0xfffffff0
core   0: 0x80004a00 (0x34d443b7) lui     t2, 0x34d44
core   0: 3 0x80004a00 (0x34d443b7) x 7 0x34d44000
core   0: 0x80004a04 (0x01fe6033) or      zero, t3, t6
core   0: 3 0x80004a04 (0x01fe6033)
core   0: 0x80004a08 (0x0251e733) rem     a4, gp, t0
core   0: 3 0x80004a08 (0x0251e733) x14 0x00000000
core   0: 0x80004a0c (0x00008df5) c.and   a1, a3
core   0: 3 0x80004a0c (0x8df5) x11 0x00000001
core   0: 0x80004a0e (0x0000717d) c.addi16sp sp, -16
core   0: 3 0x80004a0e (0x717d) x 2 0x7ffffff0
core   0: 0x80004a10 (0x0000088d) c.addi  a7, 3
core   0: 3 0x80004a10 (0x088d) x17 0x00000003
core   0: 0x80004a12 (0x01e48bb3) add     s7, s1, t5
core   0: 3 0x80004a12 (0x01e48bb3) x23 0x8000fe64
core   0: 0x80004a16 (0x1ce60793) addi    a5, a2, 462
core   0: 3 0x80004a16 (0x1ce60793) x15 0x000011ce
core   0: 0x80004a1a (0x035719b3) mulh    s3, a4, s5
core   0: 3 0x80004a1a (0x035719b3) x19 0x00000000
core   0: 0x80004a1e (0x45290c13) addi    s8, s2, 1106
core   0: 3 0x80004a1e (0x45290c13) x24 0x80000452
core   0: 0x80004a22 (0x77fde193) ori     gp, s11, 1919
core   0: 3 0x80004a22 (0x77fde193) x 3 0x8000077f
core   0: 0x80004a26 (0x031a0033) mul     zero, s4, a7
core   0: 3 0x80004a26 (0x031a0033)
core   0: 0x80004a2a (0x039627b3) mulhsu  a5, a2, s9
core   0: 3 0x80004a2a (0x039627b3) x15 0x00000000
core   0: 0x80004a2e (0x00008f89) c.sub   a5, a0
core   0: 3 0x80004a2e (0x8f89) x15 0x00000000
core   0: 0x80004a30 (0x00008fa1) c.xor   a5, s0
core   0: 3 0x80004a30 (0x8fa1) x15 0x000001fc
core   0: 0x80004a32 (0x00008ded) c.and   a1, a1
core   0: 3 0x80004a32 (0x8ded) x11 0x00000001
core   0: 0x80004a34 (0x01de9793) slli    a5, t4, 29
core   0: 3 0x80004a34 (0x01de9793) x15 0x00000000
core   0: 0x80004a38 (0x40e8d793) srai    a5, a7, 14
core   0: 3 0x80004a38 (0x40e8d793) x15 0x00000000
core   0: 0x80004a3c (0x00000c5e) c.slli  s8, 23
core   0: 3 0x80004a3c (0x0c5e) x24 0x29000000
core   0: 0x80004a3e (0x00001014) c.addi4spn a3, sp, 32
core   0: 3 0x80004a3e (0x1014) x13 0x80000010
core   0: 0x80004a40 (0x003a4233) xor     tp, s4, gp
core   0: 3 0x80004a40 (0x003a4233) x 4 0x8000cde8
core   0: 0x80004a44 (0x417bdab3) sra     s5, s7, s7
core   0: 3 0x80004a44 (0x417bdab3) x21 0xf8000fe6
core   0: 0x80004a48 (0x000016fd) c.addi  a3, -1
core   0: 3 0x80004a48 (0x16fd) x13 0x8000000f
core   0: 0x80004a4a (0xc0eec793) xori    a5, t4, -1010
core   0: 3 0x80004a4a (0xc0eec793) x15 0x0000005e
core   0: 0x80004a4e (0x02cefb33) remu    s6, t4, a2
core   0: 3 0x80004a4e (0x02cefb33) x22 0x00000c50
core   0: 0x80004a52 (0xb4f18a93) addi    s5, gp, -1201
core   0: 3 0x80004a52 (0xb4f18a93) x21 0x800002ce
core   0: 0x80004a56 (0x00008e7d) c.and   a2, a5
core   0: 3 0x80004a56 (0x8e7d) x12 0x00000000
core   0: 0x80004a58 (0x00008f7d) c.and   a4, a5
core   0: 3 0x80004a58 (0x8f7d) x14 0x00000000
core   0: 0x80004a5a (0x000098ce) c.add   a7, s3
core   0: 3 0x80004a5a (0x98ce) x17 0x00000003
core   0: 0x80004a5c (0x41e95193) srai    gp, s2, 30
core   0: 3 0x80004a5c (0x41e95193) x 3 0xfffffffe
core   0: 0x80004a60 (0x41d885b3) sub     a1, a7, t4
core   0: 3 0x80004a60 (0x41d885b3) x11 0x000003b3
core   0: 0x80004a64 (0x40df5ab3) sra     s5, t5, a3
core   0: 3 0x80004a64 (0x40df5ab3) x21 0x00000000
core   0: 0x80004a68 (0x00008165) c.srli  a0, 25
core   0: 3 0x80004a68 (0x8165) x10 0x00000000
core   0: 0x80004a6a (0x00008fe9) c.and   a5, a0
core   0: 3 0x80004a6a (0x8fe9) x15 0x00000000
core   0: 0x80004a6c (0x00008009) c.srli  s0, 2
core   0: 3 0x80004a6c (0x8009) x 8 0x0000007f
core   0: 0x80004a6e (0x63930117) auipc   sp, 0x63930
core   0: 3 0x80004a6e (0x63930117) x 2 0xe3934a6e
core   0: 0x80004a72 (0x00000be5) c.addi  s7, 25
core   0: 3 0x80004a72 (0x0be5) x23 0x8000fe7d
core   0: 0x80004a74 (0x00000b18) c.addi4spn a4, sp, 400
core   0: 3 0x80004a74 (0x0b18) x14 0xe3934bfe
core   0: 0x80004a76 (0x0050c0b3) xor     ra, ra, t0
core   0: 3 0x80004a76 (0x0050c0b3) x 1 0x48fc378c
core   0: 0x80004a7a (0x00ae9693) slli    a3, t4, 10
core   0: 3 0x80004a7a (0x00ae9693) x13 0xfff14000
core   0: 0x80004a7e (0x00006171) c.addi16sp sp, 336
core   0: 3 0x80004a7e (0x6171) x 2 0xe3934bbe
core   0: 0x80004a80 (0x00000001) c.nop
core   0: 3 0x80004a80 (0x0001)
core   0: 0x80004a82 (0xbf49ae13) slti    t3, s3, -1036
core   0: 3 0x80004a82 (0xbf49ae13) x28 0x00000000
core   0: 0x80004a86 (0x0183ce33) xor     t3, t2, s8
core   0: 3 0x80004a86 (0x0183ce33) x28 0x1dd44000
core   0: 0x80004a8a (0x039282b3) mul     t0, t0, s9
core   0: 3 0x80004a8a (0x039282b3) x 5 0x00000000
core   0: 0x80004a8e (0x008736b3) sltu    a3, a4, s0
core   0: 3 0x80004a8e (0x008736b3) x13 0x00000000
core   0: 0x80004a92 (0x02d92c33) mulhsu  s8, s2, a3
core   0: 3 0x80004a92 (0x02d92c33) x24 0x00000000
core   0: 0x80004a96 (0x0277bb33) mulhu   s6, a5, t2
core   0: 3 0x80004a96 (0x0277bb33) x22 0x00000000
core   0: 0x80004a9a (0x02af6b33) rem     s6, t5, a0
core   0: 3 0x80004a9a (0x02af6b33) x22 0x00000000
core   0: 0x80004a9e (0xa36d2b93) slti    s7, s10, -1482
core   0: 3 0x80004a9e (0xa36d2b93) x23 0x00000000
core   0: 0x80004aa2 (0xaa6a3d37) lui     s10, 0xaa6a3
core   0: 3 0x80004aa2 (0xaa6a3d37) x26 0xaa6a3000
core   0: 0x80004aa6 (0xa4aa8313) addi    t1, s5, -1462
core   0: 3 0x80004aa6 (0xa4aa8313) x 6 0xfffffa4a
core   0: 0x80004aaa (0x03b990b3) mulh    ra, s3, s11
core   0: 3 0x80004aaa (0x03b990b3) x 1 0x00000000
core   0: 0x80004aae (0x00aec5b3) xor     a1, t4, a0
core   0: 3 0x80004aae (0x00aec5b3) x11 0xfffffc50
core   0: 0x80004ab2 (0x01f8d3b3) srl     t2, a7, t6
core   0: 3 0x80004ab2 (0x01f8d3b3) x 7 0x00000003
core   0: 0x80004ab6 (0x00008df1) c.and   a1, a2
core   0: 3 0x80004ab6 (0x8df1) x11 0x00000000
core   0: 0x80004ab8 (0x15960f93) addi    t6, a2, 345
core   0: 3 0x80004ab8 (0x15960f93) x31 0x00000159
core   0: 0x80004abc (0x03f0c3b3) div     t2, ra, t6
core   0: 3 0x80004abc (0x03f0c3b3) x 7 0x00000000
core   0: 0x80004ac0 (0x00008ec1) c.or    a3, s0
core   0: 3 0x80004ac0 (0x8ec1) x13 0x0000007f
core   0: 0x80004ac2 (0x41cf50b3) sra     ra, t5, t3
core   0: 3 0x80004ac2 (0x41cf50b3) x 1 0x00000000
core   0: 0x80004ac6 (0x03694233) div     tp, s2, s6
core   0: 3 0x80004ac6 (0x03694233) x 4 0xffffffff
core   0: 0x80004aca (0x01f0b5b3) sltu    a1, ra, t6
core   0: 3 0x80004aca (0x01f0b5b3) x11 0x00000001
core   0: 0x80004ace (0x01765b33) srl     s6, a2, s7
core   0: 3 0x80004ace (0x01765b33) x22 0x00000000
core   0: 0x80004ad2 (0x00000001) c.nop
core   0: 3 0x80004ad2 (0x0001)
core   0: 0x80004ad4 (0x4c439eb7) lui     t4, 0x4c439
core   0: 3 0x80004ad4 (0x4c439eb7) x29 0x4c439000
core   0: 0x80004ad8 (0x000017fd) c.addi  a5, -1
core   0: 3 0x80004ad8 (0x17fd) x15 0xffffffff
core   0: 0x80004ada (0x023c0433) mul     s0, s8, gp
core   0: 3 0x80004ada (0x023c0433) x 8 0x00000000
core   0: 0x80004ade (0x03b88993) addi    s3, a7, 59
core   0: 3 0x80004ade (0x03b88993) x19 0x0000003e
core   0: 0x80004ae2 (0x018287b3) add     a5, t0, s8
core   0: 3 0x80004ae2 (0x018287b3) x15 0x00000000
core   0: 0x80004ae6 (0x0067c433) xor     s0, a5, t1
core   0: 3 0x80004ae6 (0x0067c433) x 8 0xfffffa4a
core   0: 0x80004aea (0x003b45b3) xor     a1, s6, gp
core   0: 3 0x80004aea (0x003b45b3) x11 0xfffffffe
core   0: 0x80004aee (0x873db693) sltiu   a3, s11, -1933
core   0: 3 0x80004aee (0x873db693) x13 0x00000001
core   0: 0x80004af2 (0x00006131) c.addi16sp sp, 320
core   0: 3 0x80004af2 (0x6131) x 2 0xe3934cfe
core   0: 0x80004af4 (0xc3c0ba13) sltiu   s4, ra, -964
core   0: 3 0x80004af4 (0xc3c0ba13) x20 0x00000001
core   0: 0x80004af8 (0x01fe4ab3) xor     s5, t3, t6
core   0: 3 0x80004af8 (0x01fe4ab3) x21 0x1dd44159
core   0: 0x80004afc (0x40f15293) srai    t0, sp, 15
core   0: 3 0x80004afc (0x40f15293) x 5 0xffffc726
core   0: 0x80004b00 (0x01f83fb3) sltu    t6, a6, t6
core   0: 3 0x80004b00 (0x01f83fb3) x31 0x00000000
core   0: 0x80004b04 (0x03b54633) div     a2, a0, s11
core   0: 3 0x80004b04 (0x03b54633) x12 0x00000000
core   0: 0x80004b08 (0x00008e29) c.xor   a2, a0
core   0: 3 0x80004b08 (0x8e29) x12 0x00000000
core   0: 0x80004b0a (0x00f0db33) srl     s6, ra, a5
core   0: 3 0x80004b0a (0x00f0db33) x22 0x00000000
core   0: 0x80004b0e (0x406a5413) srai    s0, s4, 6
core   0: 3 0x80004b0e (0x406a5413) x 8 0x00000000
core   0: 0x80004b12 (0x00cada33) srl     s4, s5, a2
core   0: 3 0x80004b12 (0x00cada33) x20 0x1dd44159
core   0: 0x80004b16 (0x31355537) lui     a0, 0x31355
core   0: 3 0x80004b16 (0x31355537) x10 0x31355000
core   0: 0x80004b1a (0x00000746) c.slli  a4, 17
core   0: 3 0x80004b1a (0x0746) x14 0x97fc0000
core   0: 0x80004b1c (0x00008d45) c.or    a0, s1
core   0: 3 0x80004b1c (0x8d45) x10 0xb135fe64
core   0: 0x80004b1e (0x00000001) c.nop
core   0: 3 0x80004b1e (0x0001)
core   0: 0x80004b20 (0x482c7b93) andi    s7, s8, 1154
core   0: 3 0x80004b20 (0x482c7b93) x23 0x00000000
core   0: 0x80004b24 (0x410b06b3) sub     a3, s6, a6
core   0: 3 0x80004b24 (0x410b06b3) x13 0x7ffec31c
core   0: 0x80004b28 (0x000086a5) c.srai  a3, 9
core   0: 3 0x80004b28 (0x86a5) x13 0x003fff61
core   0: 0x80004b2a (0x5d572d93) slti    s11, a4, 1493
core   0: 3 0x80004b2a (0x5d572d93) x27 0x00000001
core   0: 0x80004b2e (0x00be5eb3) srl     t4, t3, a1
core   0: 3 0x80004b2e (0x00be5eb3) x29 0x00000000
core   0: 0x80004b32 (0x02583333) mulhu   t1, a6, t0
core   0: 3 0x80004b32 (0x02583333) x 6 0x80012076
core   0: 0x80004b36 (0x712b0f93) addi    t6, s6, 1810
core   0: 3 0x80004b36 (0x712b0f93) x31 0x00000712
core   0: 0x80004b3a (0x00008c69) c.and   s0, a0
core   0: 3 0x80004b3a (0x8c69) x 8 0x00000000
core   0: 0x80004b3c (0x403fd313) srai    t1, t6, 3
core   0: 3 0x80004b3c (0x403fd313) x 6 0x000000e2
core   0: 0x80004b40 (0x0000717d) c.addi16sp sp, -16
core   0: 3 0x80004b40 (0x717d) x 2 0xe3934cee
core   0: 0x80004b42 (0xc4561e97) auipc   t4, 0xc4561
core   0: 3 0x80004b42 (0xc4561e97) x29 0x44565b42
core   0: 0x80004b46 (0x029adf33) divu    t5, s5, s1
core   0: 3 0x80004b46 (0x029adf33) x30 0x00000000
core   0: 0x80004b4a (0x79a07b13) andi    s6, zero, 1946
core   0: 3 0x80004b4a (0x79a07b13) x22 0x00000000
core   0: 0x80004b4e (0x000087c1) c.srai  a5, 16
core   0: 3 0x80004b4e (0x87c1) x15 0x00000000
core   0: 0x80004b50 (0x0000157d) c.addi  a0, -1
core   0: 3 0x80004b50 (0x157d) x10 0xb135fe63
core   0: 0x80004b52 (0x0000717d) c.addi16sp sp, -16
core   0: 3 0x80004b52 (0x717d) x 2 0xe3934cde
core   0: 0x80004b54 (0x00a889b3) add     s3, a7, a0
core   0: 3 0x80004b54 (0x00a889b3) x19 0xb135fe66
core   0: 0x80004b58 (0x00006715) c.lui   a4, 0x5
core   0: 3 0x80004b58 (0x6715) x14 0x00005000
core   0: 0x80004b5a (0x419bd233) sra     tp, s7, s9
core   0: 3 0x80004b5a (0x419bd233) x 4 0x00000000
core   0: 0x80004b5e (0x02106333) rem     t1, zero, ra
core   0: 3 0x80004b5e (0x02106333) x 6 0x00000000
core   0: 0x80004b62 (0x03f40d33) mul     s10, s0, t6
core   0: 3 0x80004b62 (0x03f40d33) x26 0x00000000
core   0: 0x80004b66 (0x028feb33) rem     s6, t6, s0
core   0: 3 0x80004b66 (0x028feb33) x22 0x00000712
core   0: 0x80004b6a (0x0000651d) c.lui   a0, 0x7
core   0: 3 0x80004b6a (0x651d) x10 0x00007000
core   0: 0x80004b6c (0x0328e433) rem     s0, a7, s2
core   0: 3 0x80004b6c (0x0328e433) x 8 0x00000003
core   0: 0x80004b70 (0x00008e36) c.mv    t3, a3
core   0: 3 0x80004b70 (0x8e36) x28 0x003fff61
core   0: 0x80004b72 (0x00008c65) c.and   s0, s1
core   0: 3 0x80004b72 (0x8c65) x 8 0x00000000
core   0: 0x80004b74 (0x000017fd) c.addi  a5, -1
core   0: 3 0x80004b74 (0x17fd) x15 0xffffffff
core   0: 0x80004b76 (0x4170d713) srai    a4, ra, 23
core   0: 3 0x80004b76 (0x4170d713) x14 0x00000000
core   0: 0x80004b7a (0x00000001) c.nop
core   0: 3 0x80004b7a (0x0001)
core   0: 0x80004b7c (0xaeb4c617) auipc   a2, 0xaeb4c
core   0: 3 0x80004b7c (0xaeb4c617) x12 0x2eb50b7c
core   0: 0x80004b80 (0xba88aab7) lui     s5, 0xba88a
core   0: 3 0x80004b80 (0xba88aab7) x21 0xba88a000
core   0: 0x80004b84 (0x00000001) c.nop
core   0: 3 0x80004b84 (0x0001)
core   0: 0x80004b86 (0x03409fb3) mulh    t6, ra, s4
core   0: 3 0x80004b86 (0x03409fb3) x31 0x00000000
core   0: 0x80004b8a (0x01c4cc33) xor     s8, s1, t3
core   0: 3 0x80004b8a (0x01c4cc33) x24 0x803f0105
core   0: 0x80004b8e (0xc64bb8b7) lui     a7, 0xc64bb
core   0: 3 0x80004b8e (0xc64bb8b7) x17 0xc64bb000
core   0: 0x80004b92 (0x00fe1213) slli    tp, t3, 15
core   0: 3 0x80004b92 (0x00fe1213) x 4 0xffb08000
core   0: 0x80004b96 (0x00008d1d) c.sub   a0, a5
core   0: 3 0x80004b96 (0x8d1d) x10 0x00007001
core   0: 0x80004b98 (0x00be37b3) sltu    a5, t3, a1
core   0: 3 0x80004b98 (0x00be37b3) x15 0x00000001
core   0: 0x80004b9c (0x2c89c993) xori    s3, s3, 712
core   0: 3 0x80004b9c (0x2c89c993) x19 0xb135fcae
core   0: 0x80004ba0 (0x008fa433) slt     s0, t6, s0
core   0: 3 0x80004ba0 (0x008fa433) x 8 0x00000000
core   0: 0x80004ba4 (0x00000001) c.nop
core   0: 3 0x80004ba4 (0x0001)
core   0: 0x80004ba6 (0x0326c5b3) div     a1, a3, s2
core   0: 3 0x80004ba6 (0x0326c5b3) x11 0x00000000
core   0: 0x80004baa (0x035ce9b3) rem     s3, s9, s5
core   0: 3 0x80004baa (0x035ce9b3) x19 0x00000000
core   0: 0x80004bae (0x03181a33) mulh    s4, a6, a7
core   0: 3 0x80004bae (0x03181a33) x20 0x1cd9e092
core   0: 0x80004bb2 (0x0000830d) c.srli  a4, 3
core   0: 3 0x80004bb2 (0x830d) x14 0x00000000
core   0: 0x80004bb4 (0x0000854d) c.srai  a0, 19
core   0: 3 0x80004bb4 (0x854d) x10 0x00000000
core   0: 0x80004bb6 (0x01c0c333) xor     t1, ra, t3
core   0: 3 0x80004bb6 (0x01c0c333) x 6 0x003fff61
core   0: 0x80004bba (0x52978413) addi    s0, a5, 1321
core   0: 3 0x80004bba (0x52978413) x 8 0x0000052a
core   0: 0x80004bbe (0x0000168c) c.addi4spn a1, sp, 864
core   0: 3 0x80004bbe (0x168c) x11 0xe393503e
core   0: 0x80004bc0 (0x010cc233) xor     tp, s9, a6
core   0: 3 0x80004bc0 (0x010cc233) x 4 0x80013ce4
core   0: 0x80004bc4 (0x00008fc1) c.or    a5, s0
core   0: 3 0x80004bc4 (0x8fc1) x15 0x0000052b
core   0: 0x80004bc6 (0x000063b5) c.lui   t2, 0xd
core   0: 3 0x80004bc6 (0x63b5) x 7 0x0000d000
core   0: 0x80004bc8 (0x0000091e) c.slli  s2, 7
core   0: 3 0x80004bc8 (0x091e) x18 0x00000000
core   0: 0x80004bca (0x007e4433) xor     s0, t3, t2
core   0: 3 0x80004bca (0x007e4433) x 8 0x003f2f61
core   0: 0x80004bce (0x00004741) c.li    a4, 16
core   0: 3 0x80004bce (0x4741) x14 0x00000010
core   0: 0x80004bd0 (0x029e8033) mul     zero, t4, s1
core   0: 3 0x80004bd0 (0x029e8033)
core   0: 0x80004bd4 (0x00008df5) c.and   a1, a3
core   0: 3 0x80004bd4 (0x8df5) x11 0x00135020
core   0: 0x80004bd6 (0x03d85eb3) divu    t4, a6, t4
core   0: 3 0x80004bd6 (0x03d85eb3) x29 0x00000001
core   0: 0x80004bda (0x000085a9) c.srai  a1, 10
core   0: 3 0x80004bda (0x85a9) x11 0x000004d4
core   0: 0x80004bdc (0x40c3d6b3) sra     a3, t2, a2
core   0: 3 0x80004bdc (0x40c3d6b3) x13 0x00000000
core   0: 0x80004be0 (0x00008041) c.srli  s0, 16
core   0: 3 0x80004be0 (0x8041) x 8 0x0000003f
core   0: 0x80004be2 (0x02cf8c33) mul     s8, t6, a2
core   0: 3 0x80004be2 (0x02cf8c33) x24 0x00000000
core   0: 0x80004be6 (0x00008fc5) c.or    a5, s1
core   0: 3 0x80004be6 (0x8fc5) x15 0x8000ff6f
core   0: 0x80004be8 (0x031da0b3) mulhsu  ra, s11, a7
core   0: 3 0x80004be8 (0x031da0b3) x 1 0x00000000
core   0: 0x80004bec (0x01a4d433) srl     s0, s1, s10
core   0: 3 0x80004bec (0x01a4d433) x 8 0x8000fe64
core   0: 0x80004bf0 (0x028961b3) rem     gp, s2, s0
core   0: 3 0x80004bf0 (0x028961b3) x 3 0x00000000
core   0: 0x80004bf4 (0x011c8433) add     s0, s9, a7
core   0: 3 0x80004bf4 (0x011c8433) x 8 0xc64bb000
core   0: 0x80004bf8 (0x41fc88b3) sub     a7, s9, t6
core   0: 3 0x80004bf8 (0x41fc88b3) x17 0x00000000
core   0: 0x80004bfc (0x00fede93) srli    t4, t4, 15
core   0: 3 0x80004bfc (0x00fede93) x29 0x00000000
core   0: 0x80004c00 (0x0000871e) c.mv    a4, t2
core   0: 3 0x80004c00 (0x871e) x14 0x0000d000
core   0: 0x80004c02 (0x00005f7d) c.li    t5, -1
core   0: 3 0x80004c02 (0x5f7d) x30 0xffffffff
core   0: 0x80004c04 (0x00008df1) c.and   a1, a2
core   0: 3 0x80004c04 (0x8df1) x11 0x00000054
core   0: 0x80004c06 (0x412908b3) sub     a7, s2, s2
core   0: 3 0x80004c06 (0x412908b3) x17 0x00000000
core   0: 0x80004c0a (0x40d95933) sra     s2, s2, a3
core   0: 3 0x80004c0a (0x40d95933) x18 0x00000000
core   0: 0x80004c0e (0x00006ff5) c.lui   t6, 0x1d
core   0: 3 0x80004c0e (0x6ff5) x31 0x0001d000
core   0: 0x80004c10 (0xe9e86593) ori     a1, a6, -354
core   0: 3 0x80004c10 (0xe9e86593) x11 0xfffffefe
core   0: 0x80004c14 (0x41210633) sub     a2, sp, s2
core   0: 3 0x80004c14 (0x41210633) x12 0xe3934cde
core   0: 0x80004c18 (0x023668b3) rem     a7, a2, gp
core   0: 3 0x80004c18 (0x023668b3) x17 0xe3934cde
core   0: 0x80004c1c (0x40a8deb3) sra     t4, a7, a0
core   0: 3 0x80004c1c (0x40a8deb3) x29 0xe3934cde
core   0: 0x80004c20 (0xf02b8f93) addi    t6, s7, -254
core   0: 3 0x80004c20 (0xf02b8f93) x31 0xffffff02
core   0: 0x80004c24 (0x01dd18b3) sll     a7, s10, t4
core   0: 3 0x80004c24 (0x01dd18b3) x17 0x00000000
core   0: 0x80004c28 (0x03afda33) divu    s4, t6, s10
core   0: 3 0x80004c28 (0x03afda33) x20 0xffffffff
core   0: 0x80004c2c (0x020045b3) div     a1, zero, zero
core   0: 3 0x80004c2c (0x020045b3) x11 0xffffffff
core   0: 0x80004c30 (0x024f23b3) mulhsu  t2, t5, tp
core   0: 3 0x80004c30 (0x024f23b3) x 7 0xffffffff
core   0: 0x80004c34 (0x03ae43b3) div     t2, t3, s10
core   0: 3 0x80004c34 (0x03ae43b3) x 7 0xffffffff
core   0: 0x80004c38 (0x0000089a) c.slli  a7, 6
core   0: 3 0x80004c38 (0x089a) x17 0x00000000
core   0: 0x80004c3a (0x00000880) c.addi4spn s0, sp, 80
core   0: 3 0x80004c3a (0x0880) x 8 0xe3934d2e
core   0: 0x80004c3c (0x00b76333) or      t1, a4, a1
core   0: 3 0x80004c3c (0x00b76333) x 6 0xffffffff
core   0: 0x80004c40 (0x00008e8d) c.sub   a3, a1
core   0: 3 0x80004c40 (0x8e8d) x13 0x00000001
core   0: 0x80004c42 (0x00008251) c.srli  a2, 20
core   0: 3 0x80004c42 (0x8251) x12 0x00000e39
core   0: 0x80004c44 (0x00004db1) c.li    s11, 12
core   0: 3 0x80004c44 (0x4db1) x27 0x0000000c
core   0: 0x80004c46 (0x00001c8c) c.addi4spn a1, sp, 624
core   0: 3 0x80004c46 (0x1c8c) x11 0xe3934f4e
core   0: 0x80004c48 (0x00000566) c.slli  a0, 25
core   0: 3 0x80004c48 (0x0566) x10 0x00000000
core   0: 0x80004c4a (0x02fb6f33) rem     t5, s6, a5
core   0: 3 0x80004c4a (0x02fb6f33) x30 0x00000712
core   0: 0x80004c4e (0x002f18b3) sll     a7, t5, sp
core   0: 3 0x80004c4e (0x002f18b3) x17 0x80000000
core   0: 0x80004c52 (0x407d0633) sub     a2, s10, t2
core   0: 3 0x80004c52 (0x407d0633) x12 0x00000001
core   0: 0x80004c56 (0x028e5a33) divu    s4, t3, s0
core   0: 3 0x80004c56 (0x028e5a33) x20 0x00000000
core   0: 0x80004c5a (0x01d9e5b3) or      a1, s3, t4
core   0: 3 0x80004c5a (0x01d9e5b3) x11 0xe3934cde
core   0: 0x80004c5e (0x000086e5) c.srai  a3, 25
core   0: 3 0x80004c5e (0x86e5) x13 0x00000000
core   0: 0x80004c60 (0x05807c13) andi    s8, zero, 88
core   0: 3 0x80004c60 (0x05807c13) x24 0x00000000
core   0: 0x80004c64 (0x030f77b3) remu    a5, t5, a6
core   0: 3 0x80004c64 (0x030f77b3) x15 0x00000712
core   0: 0x80004c68 (0x00006479) c.lui   s0, 0x1e
core   0: 3 0x80004c68 (0x6479) x 8 0x0001e000
core   0: 0x80004c6a (0x9796f313) andi    t1, a3, -1671
core   0: 3 0x80004c6a (0x9796f313) x 6 0x00000000
core   0: 0x80004c6e (0x017e1433) sll     s0, t3, s7
core   0: 3 0x80004c6e (0x017e1433) x 8 0x003fff61
core   0: 0x80004c72 (0x00221993) slli    s3, tp, 2
core   0: 3 0x80004c72 (0x00221993) x19 0x0004f390
core   0: 0x80004c76 (0x000098c2) c.add   a7, a6
core   0: 3 0x80004c76 (0x98c2) x17 0x00013ce4
core   0: 0x80004c78 (0xdd516c13) ori     s8, sp, -555
core   0: 3 0x80004c78 (0xdd516c13) x24 0xfffffddf
core   0: 0x80004c7c (0x015339b3) sltu    s3, t1, s5
core   0: 3 0x80004c7c (0x015339b3) x19 0x00000001
core   0: 0x80004c80 (0x01f39a33) sll     s4, t2, t6
core   0: 3 0x80004c80 (0x01f39a33) x20 0xfffffffc
core   0: 0x80004c84 (0xd5c74d17) auipc   s10, 0xd5c74
core   0: 3 0x80004c84 (0xd5c74d17) x26 0x55c78c84
core   0: 0x80004c88 (0x02711233) mulh    tp, sp, t2
core   0: 3 0x80004c88 (0x02711233) x 4 0x00000000
core   0: 0x80004c8c (0x000083d5) c.srli  a5, 21
core   0: 3 0x80004c8c (0x83d5) x15 0x00000000
core   0: 0x80004c8e (0x00008f21) c.xor   a4, s0
core   0: 3 0x80004c8e (0x8f21) x14 0x003f2f61
core   0: 0x80004c90 (0x00008f65) c.and   a4, s1
core   0: 3 0x80004c90 (0x8f65) x14 0x00002e60
core   0: 0x80004c92 (0x40d10ab3) sub     s5, sp, a3
core   0: 3 0x80004c92 (0x40d10ab3) x21 0xe3934cde
core   0: 0x80004c96 (0x6a7937b7) lui     a5, 0x6a793
core   0: 3 0x80004c96 (0x6a7937b7) x15 0x6a793000
core   0: 0x80004c9a (0xf3467313) andi    t1, a2, -204
core   0: 3 0x80004c9a (0xf3467313) x 6 0x00000000
core   0: 0x80004c9e (0x03ef6ab3) rem     s5, t5, t5
core   0: 3 0x80004c9e (0x03ef6ab3) x21 0x00000000
core   0: 0x80004ca2 (0x00000fd6) c.slli  t6, 21
core   0: 3 0x80004ca2 (0x0fd6) x31 0xe0400000
core   0: 0x80004ca4 (0x6e6f8093) addi    ra, t6, 1766
core   0: 3 0x80004ca4 (0x6e6f8093) x 1 0xe04006e6
core   0: 0x80004ca8 (0x000010fd) c.addi  ra, -1
core   0: 3 0x80004ca8 (0x10fd) x 1 0xe04006e5
core   0: 0x80004caa (0x00a51633) sll     a2, a0, a0
core   0: 3 0x80004caa (0x00a51633) x12 0x00000000
core   0: 0x80004cae (0x00c8ceb3) xor     t4, a7, a2
core   0: 3 0x80004cae (0x00c8ceb3) x29 0x00013ce4
core   0: 0x80004cb2 (0x01478333) add     t1, a5, s4
core   0: 3 0x80004cb2 (0x01478333) x 6 0x6a792ffc
core   0: 0x80004cb6 (0x03e5beb3) mulhu   t4, a1, t5
core   0: 3 0x80004cb6 (0x03e5beb3) x29 0x00000649
core   0: 0x80004cba (0x0000049c) c.addi4spn a5, sp, 576
core   0: 3 0x80004cba (0x049c) x15 0xe3934f1e
core   0: 0x80004cbc (0x00000001) c.nop
core   0: 3 0x80004cbc (0x0001)
core   0: 0x80004cbe (0x1b7fa413) slti    s0, t6, 439
core   0: 3 0x80004cbe (0x1b7fa413) x 8 0x00000001
core   0: 0x80004cc2 (0x0000847d) c.srai  s0, 31
core   0: 3 0x80004cc2 (0x847d) x 8 0x00000000
core   0: 0x80004cc4 (0x035b06b3) mul     a3, s6, s5
core   0: 3 0x80004cc4 (0x035b06b3) x13 0x00000000
core   0: 0x80004cc8 (0x00006d4d) c.lui   s10, 0x13
core   0: 3 0x80004cc8 (0x6d4d) x26 0x00013000
core   0: 0x80004cca (0x02fee993) ori     s3, t4, 47
core   0: 3 0x80004cca (0x02fee993) x19 0x0000066f
core   0: 0x80004cce (0x4d544013) xori    zero, s0, 1237
core   0: 3 0x80004cce (0x4d544013)
core   0: 0x80004cd2 (0x000065e1) c.lui   a1, 0x18
core   0: 3 0x80004cd2 (0x65e1) x11 0x00018000
core   0: 0x80004cd4 (0x03d5ab33) mulhsu  s6, a1, t4
core   0: 3 0x80004cd4 (0x03d5ab33) x22 0x00000000
core   0: 0x80004cd8 (0x03974fb3) div     t6, a4, s9
core   0: 3 0x80004cd8 (0x03974fb3) x31 0xffffffff
core   0: 0x80004cdc (0xf5406013) ori     zero, zero, -172
core   0: 3 0x80004cdc (0xf5406013)
core   0: 0x80004ce0 (0x012a7533) and     a0, s4, s2
core   0: 3 0x80004ce0 (0x012a7533) x10 0x00000000
core   0: 0x80004ce4 (0x02e428b3) mulhsu  a7, s0, a4
core   0: 3 0x80004ce4 (0x02e428b3) x17 0x00000000
core   0: 0x80004ce8 (0x02d38ab3) mul     s5, t2, a3
core   0: 3 0x80004ce8 (0x02d38ab3) x21 0x00000000
core   0: 0x80004cec (0x034b2c33) mulhsu  s8, s6, s4
core   0: 3 0x80004cec (0x034b2c33) x24 0x00000000
core   0: 0x80004cf0 (0x00008e09) c.sub   a2, a0
core   0: 3 0x80004cf0 (0x8e09) x12 0x00000000
core   0: 0x80004cf2 (0x57913d93) sltiu   s11, sp, 1401
core   0: 3 0x80004cf2 (0x57913d93) x27 0x00000000
core   0: 0x80004cf6 (0x00006591) c.lui   a1, 0x4
core   0: 3 0x80004cf6 (0x6591) x11 0x00004000
core   0: 0x80004cf8 (0x01393db3) sltu    s11, s2, s3
core   0: 3 0x80004cf8 (0x01393db3) x27 0x00000001
core   0: 0x80004cfc (0x00006f5d) c.lui   t5, 0x17
core   0: 3 0x80004cfc (0x6f5d) x30 0x00017000
core   0: 0x80004cfe (0x36002a93) slti    s5, zero, 864
core   0: 3 0x80004cfe (0x36002a93) x21 0x00000001
core   0: 0x80004d02 (0x00008ae5) c.andi  a3, 25
core   0: 3 0x80004d02 (0x8ae5) x13 0x00000000
core   0: 0x80004d04 (0x0320a433) mulhsu  s0, ra, s2
core   0: 3 0x80004d04 (0x0320a433) x 8 0x00000000
core   0: 0x80004d08 (0x00009a7d) c.andi  a2, -1
core   0: 3 0x80004d08 (0x9a7d) x12 0x00000000
core   0: 0x80004d0a (0x00004ed5) c.li    t4, 21
core   0: 3 0x80004d0a (0x4ed5) x29 0x00000015
core   0: 0x80004d0c (0x5a9eec13) ori     s8, t4, 1449
core   0: 3 0x80004d0c (0x5a9eec13) x24 0x000005bd
core   0: 0x80004d10 (0x00000342) c.slli  t1, 16
core   0: 3 0x80004d10 (0x0342) x 6 0x2ffc0000
core   0: 0x80004d12 (0x0000816d) c.srli  a0, 27
core   0: 3 0x80004d12 (0x816d) x10 0x00000000
core   0: 0x80004d14 (0x00000001) c.nop
core   0: 3 0x80004d14 (0x0001)
core   0: 0x80004d16 (0x03f68a33) mul     s4, a3, t6
core   0: 3 0x80004d16 (0x03f68a33) x20 0x00000000
core   0: 0x80004d1a (0x02d37b33) remu    s6, t1, a3
core   0: 3 0x80004d1a (0x02d37b33) x22 0x2ffc0000
core   0: 0x80004d1e (0x02e38033) mul     zero, t2, a4
core   0: 3 0x80004d1e (0x02e38033)
core   0: 0x80004d22 (0x00d98033) add     zero, s3, a3
core   0: 3 0x80004d22 (0x00d98033)
core   0: 0x80004d26 (0xc7c68f13) addi    t5, a3, -900
core   0: 3 0x80004d26 (0xc7c68f13) x30 0xfffffc7c
core   0: 0x80004d2a (0x00000001) c.nop
core   0: 3 0x80004d2a (0x0001)
core   0: 0x80004d2c (0x01f5a9b3) slt     s3, a1, t6
core   0: 3 0x80004d2c (0x01f5a9b3) x19 0x00000000
core   0: 0x80004d30 (0x7d32e697) auipc   a3, 0x7d32e
core   0: 3 0x80004d30 (0x7d32e697) x13 0xfd332d30
core   0: 0x80004d34 (0x00008d79) c.and   a0, a4
core   0: 3 0x80004d34 (0x8d79) x10 0x00000000
core   0: 0x80004d36 (0x00008ef5) c.and   a3, a3
core   0: 3 0x80004d36 (0x8ef5) x13 0xfd332d30
core   0: 0x80004d38 (0x0000886d) c.andi  s0, 27
core   0: 3 0x80004d38 (0x886d) x 8 0x00000000
core   0: 0x80004d3a (0x2f376893) ori     a7, a4, 755
core   0: 3 0x80004d3a (0x2f376893) x17 0x00002ef3
core   0: 0x80004d3e (0x00000121) c.addi  sp, 8
core   0: 3 0x80004d3e (0x0121) x 2 0xe3934ce6
core   0: 0x80004d40 (0x0000802d) c.srli  s0, 11
core   0: 3 0x80004d40 (0x802d) x 8 0x00000000
core   0: 0x80004d42 (0x01e61513) slli    a0, a2, 30
core   0: 3 0x80004d42 (0x01e61513) x10 0x00000000
core   0: 0x80004d46 (0x0341f133) remu    sp, gp, s4
core   0: 3 0x80004d46 (0x0341f133) x 2 0x00000000
core   0: 0x80004d4a (0x00008ef5) c.and   a3, a3
core   0: 3 0x80004d4a (0x8ef5) x13 0xfd332d30
core   0: 0x80004d4c (0x00008131) c.srli  a0, 12
core   0: 3 0x80004d4c (0x8131) x10 0x00000000
core   0: 0x80004d4e (0x50e4eb93) ori     s7, s1, 1294
core   0: 3 0x80004d4e (0x50e4eb93) x23 0x8000ff6e
core   0: 0x80004d52 (0x01905213) srli    tp, zero, 25
core   0: 3 0x80004d52 (0x01905213) x 4 0x00000000
core   0: 0x80004d56 (0x02bf4533) div     a0, t5, a1
core   0: 3 0x80004d56 (0x02bf4533) x10 0x00000000
core   0: 0x80004d5a (0x001ca633) slt     a2, s9, ra
core   0: 3 0x80004d5a (0x001ca633) x12 0x00000000
core   0: 0x80004d5e (0x01d38033) add     zero, t2, t4
core   0: 3 0x80004d5e (0x01d38033)
core   0: 0x80004d62 (0x000099b6) c.add   s3, a3
core   0: 3 0x80004d62 (0x99b6) x19 0xfd332d30
core   0: 0x80004d64 (0x0339b5b3) mulhu   a1, s3, s3
core   0: 3 0x80004d64 (0x0339b5b3) x11 0xfa6e318b
core   0: 0x80004d68 (0x41095093) srai    ra, s2, 16
core   0: 3 0x80004d68 (0x41095093) x 1 0x00000000
core   0: 0x80004d6c (0x60f0b693) sltiu   a3, ra, 1551
core   0: 3 0x80004d6c (0x60f0b693) x13 0x00000001
core   0: 0x80004d70 (0x35696393) ori     t2, s2, 854
core   0: 3 0x80004d70 (0x35696393) x 7 0x00000356
core   0: 0x80004d74 (0x00009b7d) c.andi  a4, -1
core   0: 3 0x80004d74 (0x9b7d) x14 0x00002e60
core   0: 0x80004d76 (0x7438b413) sltiu   s0, a7, 1859
core   0: 3 0x80004d76 (0x7438b413) x 8 0x00000000
core   0: 0x80004d7a (0x00008dc1) c.or    a1, s0
core   0: 3 0x80004d7a (0x8dc1) x11 0xfa6e318b
core   0: 0x80004d7c (0x4083d913) srai    s2, t2, 8
core   0: 3 0x80004d7c (0x4083d913) x18 0x00000003
core   0: 0x80004d80 (0x0364edb3) rem     s11, s1, s6
core   0: 3 0x80004d80 (0x0364edb3) x27 0xdff8fe64
core   0: 0x80004d84 (0x00008739) c.srai  a4, 14
core   0: 3 0x80004d84 (0x8739) x14 0x00000000
core   0: 0x80004d86 (0x00008fd1) c.or    a5, a2
core   0: 3 0x80004d86 (0x8fd1) x15 0xe3934f1e
core   0: 0x80004d88 (0x01305613) srli    a2, zero, 19
core   0: 3 0x80004d88 (0x01305613) x12 0x00000000
core   0: 0x80004d8c (0x03611ab3) mulh    s5, sp, s6
core   0: 3 0x80004d8c (0x03611ab3) x21 0x00000000
core   0: 0x80004d90 (0x1e840593) addi    a1, s0, 488
core   0: 3 0x80004d90 (0x1e840593) x11 0x000001e8
core   0: 0x80004d94 (0x8a547013) andi    zero, s0, -1883
core   0: 3 0x80004d94 (0x8a547013)
core   0: 0x80004d98 (0x00008d9d) c.sub   a1, a5
core   0: 3 0x80004d98 (0x8d9d) x11 0x1c6cb2ca
core   0: 0x80004d9a (0x00000001) c.nop
core   0: 3 0x80004d9a (0x0001)
core   0: 0x80004d9c (0x00008c3d) c.xor   s0, a5
core   0: 3 0x80004d9c (0x8c3d) x 8 0xe3934f1e
core   0: 0x80004d9e (0x019339b3) sltu    s3, t1, s9
core   0: 3 0x80004d9e (0x019339b3) x19 0x00000000
core   0: 0x80004da2 (0x01d10bb3) add     s7, sp, t4
core   0: 3 0x80004da2 (0x01d10bb3) x23 0x00000015
core   0: 0x80004da6 (0x00006111) c.addi16sp sp, 256
core   0: 3 0x80004da6 (0x6111) x 2 0x00000100
core   0: 0x80004da8 (0x0dfd7613) andi    a2, s10, 223
core   0: 3 0x80004da8 (0x0dfd7613) x12 0x00000000
core   0: 0x80004dac (0x03e06733) rem     a4, zero, t5
core   0: 3 0x80004dac (0x03e06733) x14 0x00000000
core   0: 0x80004db0 (0x03c6b0b3) mulhu   ra, a3, t3
core   0: 3 0x80004db0 (0x03c6b0b3) x 1 0x00000000
core   0: 0x80004db4 (0x00006995) c.lui   s3, 0x5
core   0: 3 0x80004db4 (0x6995) x19 0x00005000
core   0: 0x80004db6 (0x024c9c33) mulh    s8, s9, tp
core   0: 3 0x80004db6 (0x024c9c33) x24 0x00000000
core   0: 0x80004dba (0x7b4b7a13) andi    s4, s6, 1972
core   0: 3 0x80004dba (0x7b4b7a13) x20 0x00000000
core   0: 0x80004dbe (0x02a84533) div     a0, a6, a0
core   0: 3 0x80004dbe (0x02a84533) x10 0xffffffff
core   0: 0x80004dc2 (0x0247e533) rem     a0, a5, tp
core   0: 3 0x80004dc2 (0x0247e533) x10 0xe3934f1e
core   0: 0x80004dc6 (0x00001e8c) c.addi4spn a1, sp, 880
core   0: 3 0x80004dc6 (0x1e8c) x11 0x00000470
core   0: 0x80004dc8 (0x00008b49) c.andi  a4, 18
core   0: 3 0x80004dc8 (0x8b49) x14 0x00000000
core   0: 0x80004dca (0x002075b3) and     a1, zero, sp
core   0: 3 0x80004dca (0x002075b3) x11 0x00000000
core   0: 0x80004dce (0x0310b1b3) mulhu   gp, ra, a7
core   0: 3 0x80004dce (0x0310b1b3) x 3 0x00000000
core   0: 0x80004dd2 (0x40725c33) sra     s8, tp, t2
core   0: 3 0x80004dd2 (0x40725c33) x24 0x00000000
core   0: 0x80004dd6 (0x00d65313) srli    t1, a2, 13
core   0: 3 0x80004dd6 (0x00d65313) x 6 0x00000000
core   0: 0x80004dda (0x00c09e93) slli    t4, ra, 12
core   0: 3 0x80004dda (0x00c09e93) x29 0x00000000
core   0: 0x80004dde (0x00008b21) c.andi  a4, 8
core   0: 3 0x80004dde (0x8b21) x14 0x00000000
core   0: 0x80004de0 (0x00dfaa33) slt     s4, t6, a3
core   0: 3 0x80004de0 (0x00dfaa33) x20 0x00000001
core   0: 0x80004de4 (0x0000812e) c.mv    sp, a1
core   0: 3 0x80004de4 (0x812e) x 2 0x00000000
core   0: 0x80004de6 (0x00000001) c.nop
core   0: 3 0x80004de6 (0x0001)
core   0: 0x80004de8 (0x41388133) sub     sp, a7, s3
core   0: 3 0x80004de8 (0x41388133) x 2 0xffffdef3
core   0: 0x80004dec (0x00008121) c.srli  a0, 8
core   0: 3 0x80004dec (0x8121) x10 0x00e3934f
core   0: 0x80004dee (0x00bba433) slt     s0, s7, a1
core   0: 3 0x80004dee (0x00bba433) x 8 0x00000000
core   0: 0x80004df2 (0x00008dc9) c.or    a1, a0
core   0: 3 0x80004df2 (0x8dc9) x11 0x00e3934f
core   0: 0x80004df4 (0x0287d3b3) divu    t2, a5, s0
core   0: 3 0x80004df4 (0x0287d3b3) x 7 0xffffffff
core   0: 0x80004df8 (0x00008e06) c.mv    t3, ra
core   0: 3 0x80004df8 (0x8e06) x28 0x00000000
core   0: 0x80004dfa (0x016d9f93) slli    t6, s11, 22
core   0: 3 0x80004dfa (0x016d9f93) x31 0x99000000
core   0: 0x80004dfe (0x414b06b3) sub     a3, s6, s4
core   0: 3 0x80004dfe (0x414b06b3) x13 0x2ffbffff
core   0: 0x80004e02 (0x0214c733) div     a4, s1, ra
core   0: 3 0x80004e02 (0x0214c733) x14 0xffffffff
core   0: 0x80004e06 (0xa29b3613) sltiu   a2, s6, -1495
core   0: 3 0x80004e06 (0xa29b3613) x12 0x00000001
core   0: 0x80004e0a (0x0a428593) addi    a1, t0, 164
core   0: 3 0x80004e0a (0x0a428593) x11 0xffffc7ca
core   0: 0x80004e0e (0x00006b55) c.lui   s6, 0x15
core   0: 3 0x80004e0e (0x6b55) x22 0x00015000
core   0: 0x80004e10 (0x00000001) c.nop
core   0: 3 0x80004e10 (0x0001)
core   0: 0x80004e12 (0x00008e39) c.xor   a2, a4
core   0: 3 0x80004e12 (0x8e39) x12 0xfffffffe
core   0: 0x80004e14 (0x00008251) c.srli  a2, 20
core   0: 3 0x80004e14 (0x8251) x12 0x00000fff
core   0: 0x80004e16 (0xbb1a3013) sltiu   zero, s4, -1103
core   0: 3 0x80004e16 (0xbb1a3013)
core   0: 0x80004e1a (0x403a08b3) sub     a7, s4, gp
core   0: 3 0x80004e1a (0x403a08b3) x17 0x00000001
core   0: 0x80004e1e (0x41915c13) srai    s8, sp, 25
core   0: 3 0x80004e1e (0x41915c13) x24 0xffffffff
core   0: 0x80004e22 (0xfd326893) ori     a7, tp, -45
core   0: 3 0x80004e22 (0xfd326893) x17 0xffffffd3
core   0: 0x80004e26 (0x00006941) c.lui   s2, 0x10
core   0: 3 0x80004e26 (0x6941) x18 0x00010000
core   0: 0x80004e28 (0x5d7afe93) andi    t4, s5, 1495
core   0: 3 0x80004e28 (0x5d7afe93) x29 0x00000000
core   0: 0x80004e2c (0xdfbbc293) xori    t0, s7, -517
core   0: 3 0x80004e2c (0xdfbbc293) x 5 0xfffffdee
core   0: 0x80004e30 (0x00001810) c.addi4spn a2, sp, 48
core   0: 3 0x80004e30 (0x1810) x12 0xffffdf23
core   0: 0x80004e32 (0x00006169) c.addi16sp sp, 208
core   0: 3 0x80004e32 (0x6169) x 2 0xffffdfc3
core   0: 0x80004e34 (0x00008906) c.mv    s2, ra
core   0: 3 0x80004e34 (0x8906) x18 0x00000000
core   0: 0x80004e36 (0x02c4b8b3) mulhu   a7, s1, a2
core   0: 3 0x80004e36 (0x02c4b8b3) x17 0x8000edf5
core   0: 0x80004e3a (0x649e6413) ori     s0, t3, 1609
core   0: 3 0x80004e3a (0x649e6413) x 8 0x00000649
core   0: 0x80004e3e (0x019d77b3) and     a5, s10, s9
core   0: 3 0x80004e3e (0x019d77b3) x15 0x00000000
core   0: 0x80004e42 (0x0000137d) c.addi  t1, -1
core   0: 3 0x80004e42 (0x137d) x 6 0xffffffff
core   0: 0x80004e44 (0x000087c9) c.srai  a5, 18
core   0: 3 0x80004e44 (0x87c9) x15 0x00000000
core   0: 0x80004e46 (0x037566b3) rem     a3, a0, s7
core   0: 3 0x80004e46 (0x037566b3) x13 0x0000000f
core   0: 0x80004e4a (0x00008f49) c.or    a4, a0
core   0: 3 0x80004e4a (0x8f49) x14 0xffffffff
core   0: 0x80004e4c (0x02ad0933) mul     s2, s10, a0
core   0: 3 0x80004e4c (0x02ad0933) x18 0x3eedd000
core   0: 0x80004e50 (0x00e98ab3) add     s5, s3, a4
core   0: 3 0x80004e50 (0x00e98ab3) x21 0x00004fff
core   0: 0x80004e54 (0x03de6c33) rem     s8, t3, t4
core   0: 3 0x80004e54 (0x03de6c33) x24 0x00000000
core   0: 0x80004e58 (0x02c92233) mulhsu  tp, s2, a2
core   0: 3 0x80004e58 (0x02c92233) x 4 0x3eedc7eb
core   0: 0x80004e5c (0x00009a7d) c.andi  a2, -1
core   0: 3 0x80004e5c (0x9a7d) x12 0xffffdf23
core   0: 0x80004e5e (0x02aa60b3) rem     ra, s4, a0
core   0: 3 0x80004e5e (0x02aa60b3) x 1 0x00000001
core   0: 0x80004e62 (0x41ce8bb3) sub     s7, t4, t3
core   0: 3 0x80004e62 (0x41ce8bb3) x23 0x00000000
core   0: 0x80004e66 (0x0000873e) c.mv    a4, a5
core   0: 3 0x80004e66 (0x873e) x14 0x00000000
core   0: 0x80004e68 (0x00b8b2b3) sltu    t0, a7, a1
core   0: 3 0x80004e68 (0x00b8b2b3) x 5 0x00000001
core   0: 0x80004e6c (0x00341993) slli    s3, s0, 3
core   0: 3 0x80004e6c (0x00341993) x19 0x00003248
core   0: 0x80004e70 (0x8fc08313) addi    t1, ra, -1796
core   0: 3 0x80004e70 (0x8fc08313) x 6 0xfffff8fd
core   0: 0x80004e74 (0x0000137d) c.addi  t1, -1
core   0: 3 0x80004e74 (0x137d) x 6 0xfffff8fc
core   0: 0x80004e76 (0x00000ede) c.slli  t4, 23
core   0: 3 0x80004e76 (0x0ede) x29 0x00000000
core   0: 0x80004e78 (0x00005d7d) c.li    s10, -1
core   0: 3 0x80004e78 (0x5d7d) x26 0xffffffff
core   0: 0x80004e7a (0x000099ea) c.add   s3, s10
core   0: 3 0x80004e7a (0x99ea) x19 0x00003247
core   0: 0x80004e7c (0x40e40a33) sub     s4, s0, a4
core   0: 3 0x80004e7c (0x40e40a33) x20 0x00000649
core   0: 0x80004e80 (0x00008e1d) c.sub   a2, a5
core   0: 3 0x80004e80 (0x8e1d) x12 0xffffdf23
core   0: 0x80004e82 (0x00000001) c.nop
core   0: 3 0x80004e82 (0x0001)
core   0: 0x80004e84 (0x00746033) or      zero, s0, t2
core   0: 3 0x80004e84 (0x00746033)
core   0: 0x80004e88 (0x9061c213) xori    tp, gp, -1786
core   0: 3 0x80004e88 (0x9061c213) x 4 0xfffff906
core   0: 0x80004e8c (0x036b3433) mulhu   s0, s6, s6
core   0: 3 0x80004e8c (0x036b3433) x 8 0x00000001
core   0: 0x80004e90 (0xb1a82613) slti    a2, a6, -1254
core   0: 3 0x80004e90 (0xb1a82613) x12 0x00000001
core   0: 0x80004e94 (0x55d24a13) xori    s4, tp, 1373
core   0: 3 0x80004e94 (0x55d24a13) x20 0xfffffc5b
core   0: 0x80004e98 (0x4137db13) srai    s6, a5, 19
core   0: 3 0x80004e98 (0x4137db13) x22 0x00000000
core   0: 0x80004e9c (0x039ea7b3) mulhsu  a5, t4, s9
core   0: 3 0x80004e9c (0x039ea7b3) x15 0x00000000
core   0: 0x80004ea0 (0x02560d33) mul     s10, a2, t0
core   0: 3 0x80004ea0 (0x02560d33) x26 0x00000001
core   0: 0x80004ea4 (0x000002ce) c.slli  t0, 19
core   0: 3 0x80004ea4 (0x02ce) x 5 0x00080000
core   0: 0x80004ea6 (0x00009b7d) c.andi  a4, -1
core   0: 3 0x80004ea6 (0x9b7d) x14 0x00000000
core   0: 0x80004ea8 (0x030f37b3) mulhu   a5, t5, a6
core   0: 3 0x80004ea8 (0x030f37b3) x15 0x80013b21
core   0: 0x80004eac (0x017e8933) add     s2, t4, s7
core   0: 3 0x80004eac (0x017e8933) x18 0x00000000
core   0: 0x80004eb0 (0x000087e1) c.srai  a5, 24
core   0: 3 0x80004eb0 (0x87e1) x15 0xffffff80
core   0: 0x80004eb2 (0x00008e61) c.and   a2, s0
core   0: 3 0x80004eb2 (0x8e61) x12 0x00000001
core   0: 0x80004eb4 (0x97ec3793) sltiu   a5, s8, -1666
core   0: 3 0x80004eb4 (0x97ec3793) x15 0x00000001
core   0: 0x80004eb8 (0x03bb3a33) mulhu   s4, s6, s11
core   0: 3 0x80004eb8 (0x03bb3a33) x20 0x00000000
core   0: 0x80004ebc (0x801f3097) auipc   ra, 0x801f3
core   0: 3 0x80004ebc (0x801f3097) x 1 0x001f7ebc
core   0: 0x80004ec0 (0x000a48b3) xor     a7, s4, zero
core   0: 3 0x80004ec0 (0x000a48b3) x17 0x00000000
core   0: 0x80004ec4 (0x00008fe9) c.and   a5, a0
core   0: 3 0x80004ec4 (0x8fe9) x15 0x00000001
core   0: 0x80004ec6 (0x6da6a793) slti    a5, a3, 1754
core   0: 3 0x80004ec6 (0x6da6a793) x15 0x00000001
core   0: 0x80004eca (0x026ca533) mulhsu  a0, s9, t1
core   0: 3 0x80004eca (0x026ca533) x10 0x00000000
core   0: 0x80004ece (0x014bbe33) sltu    t3, s7, s4
core   0: 3 0x80004ece (0x014bbe33) x28 0x00000000
core   0: 0x80004ed2 (0x40995ab3) sra     s5, s2, s1
core   0: 3 0x80004ed2 (0x40995ab3) x21 0x00000000
core   0: 0x80004ed6 (0x0000119c) c.addi4spn a5, sp, 224
core   0: 3 0x80004ed6 (0x119c) x15 0xffffe0a3
core   0: 0x80004ed8 (0x0000863d) c.srai  a2, 15
core   0: 3 0x80004ed8 (0x863d) x12 0x00000000
core   0: 0x80004eda (0x010cd593) srli    a1, s9, 16
core   0: 3 0x80004eda (0x010cd593) x11 0x00000000
core   0: 0x80004ede (0x00008771) c.srai  a4, 28
core   0: 3 0x80004ede (0x8771) x14 0x00000000
core   0: 0x80004ee0 (0x8074c013) xori    zero, s1, -2041
core   0: 3 0x80004ee0 (0x8074c013)
core   0: 0x80004ee4 (0x025efeb3) remu    t4, t4, t0
core   0: 3 0x80004ee4 (0x025efeb3) x29 0x00000000
core   0: 0x80004ee8 (0x00e45f33) srl     t5, s0, a4
core   0: 3 0x80004ee8 (0x00e45f33) x30 0x00000001
core   0: 0x80004eec (0x00008295) c.srli  a3, 5
core   0: 3 0x80004eec (0x8295) x13 0x00000000
core   0: 0x80004eee (0x75a78a13) addi    s4, a5, 1882
core   0: 3 0x80004eee (0x75a78a13) x20 0xffffe7fd
core   0: 0x80004ef2 (0x015d1e13) slli    t3, s10, 21
core   0: 3 0x80004ef2 (0x015d1e13) x28 0x00200000
core   0: 0x80004ef6 (0x0000717d) c.addi16sp sp, -16
core   0: 3 0x80004ef6 (0x717d) x 2 0xffffdfb3
core   0: 0x80004ef8 (0x00008676) c.mv    a2, t4
core   0: 3 0x80004ef8 (0x8676) x12 0x00000000
core   0: 0x80004efa (0x012bc533) xor     a0, s7, s2
core   0: 3 0x80004efa (0x012bc533) x10 0x00000000
core   0: 0x80004efe (0x40545893) srai    a7, s0, 5
core   0: 3 0x80004efe (0x40545893) x17 0x00000000
core   0: 0x80004f02 (0x00000001) c.nop
core   0: 3 0x80004f02 (0x0001)
core   0: 0x80004f04 (0x41b5dc33) sra     s8, a1, s11
core   0: 3 0x80004f04 (0x41b5dc33) x24 0x00000000
core   0: 0x80004f08 (0x00008e21) c.xor   a2, s0
core   0: 3 0x80004f08 (0x8e21) x12 0x00000001
core   0: 0x80004f0a (0x40195913) srai    s2, s2, 1
core   0: 3 0x80004f0a (0x40195913) x18 0x00000000
core   0: 0x80004f0e (0x00009a7d) c.andi  a2, -1
core   0: 3 0x80004f0e (0x9a7d) x12 0x00000001
core   0: 0x80004f10 (0x02e475b3) remu    a1, s0, a4
core   0: 3 0x80004f10 (0x02e475b3) x11 0x00000001
core   0: 0x80004f14 (0x00008e51) c.or    a2, a2
core   0: 3 0x80004f14 (0x8e51) x12 0x00000001
core   0: 0x80004f16 (0x2cce2317) auipc   t1, 0x2cce2
core   0: 3 0x80004f16 (0x2cce2317) x 6 0xacce6f16
core   0: 0x80004f1a (0x0123aeb3) slt     t4, t2, s2
core   0: 3 0x80004f1a (0x0123aeb3) x29 0x00000001
core   0: 0x80004f1e (0x00000001) c.nop
core   0: 3 0x80004f1e (0x0001)
core   0: 0x80004f20 (0x03ef58b3) divu    a7, t5, t5
core   0: 3 0x80004f20 (0x03ef58b3) x17 0x00000001
core   0: 0x80004f24 (0x01295993) srli    s3, s2, 18
core   0: 3 0x80004f24 (0x01295993) x19 0x00000000
core   0: 0x80004f28 (0x3a593693) sltiu   a3, s2, 933
core   0: 3 0x80004f28 (0x3a593693) x13 0x00000001
core   0: 0x80004f2c (0xea060937) lui     s2, 0xea060
core   0: 3 0x80004f2c (0xea060937) x18 0xea060000
core   0: 0x80004f30 (0x00008c01) c.sub   s0, s0
core   0: 3 0x80004f30 (0x8c01) x 8 0x00000000
core   0: 0x80004f32 (0x00000001) c.nop
core   0: 3 0x80004f32 (0x0001)
core   0: 0x80004f34 (0x00008f85) c.sub   a5, s1
core   0: 3 0x80004f34 (0x8f85) x15 0x7ffee23f
core   0: 0x80004f36 (0x00000001) c.nop
core   0: 3 0x80004f36 (0x0001)
core   0: 0x80004f38 (0x02283033) mulhu   zero, a6, sp
core   0: 3 0x80004f38 (0x02283033)
core   0: 0x80004f3c (0x00008d91) c.sub   a1, a2
core   0: 3 0x80004f3c (0x8d91) x11 0x00000000
core   0: 0x80004f3e (0xa6340713) addi    a4, s0, -1437
core   0: 3 0x80004f3e (0xa6340713) x14 0xfffffa63
core   0: 0x80004f42 (0x00008c4d) c.or    s0, a1
core   0: 3 0x80004f42 (0x8c4d) x 8 0x00000000
core   0: 0x80004f44 (0x00c55193) srli    gp, a0, 12
core   0: 3 0x80004f44 (0x00c55193) x 3 0x00000000
core   0: 0x80004f48 (0xe83be913) ori     s2, s7, -381
core   0: 3 0x80004f48 (0xe83be913) x18 0xfffffe83
core   0: 0x80004f4c (0x024428b3) mulhsu  a7, s0, tp
core   0: 3 0x80004f4c (0x024428b3) x17 0x00000000
core   0: 0x80004f50 (0x6a5e7797) auipc   a5, 0x6a5e7
core   0: 3 0x80004f50 (0x6a5e7797) x15 0xea5ebf50
core   0: 0x80004f54 (0x00431633) sll     a2, t1, tp
core   0: 3 0x80004f54 (0x00431633) x12 0x339bc580
core   0: 0x80004f58 (0x030bddb3) divu    s11, s7, a6
core   0: 3 0x80004f58 (0x030bddb3) x27 0x00000000
core   0: 0x80004f5c (0x00000001) c.nop
core   0: 3 0x80004f5c (0x0001)
core   0: 0x80004f5e (0xcd7f7a13) andi    s4, t5, -809
core   0: 3 0x80004f5e (0xcd7f7a13) x20 0x00000001
core   0: 0x80004f62 (0x82fe6437) lui     s0, 0x82fe6
core   0: 3 0x80004f62 (0x82fe6437) x 8 0x82fe6000
core   0: 0x80004f66 (0x02556eb3) rem     t4, a0, t0
core   0: 3 0x80004f66 (0x02556eb3) x29 0x00000000
core   0: 0x80004f6a (0x03c285b3) mul     a1, t0, t3
core   0: 3 0x80004f6a (0x03c285b3) x11 0x00000000
core   0: 0x80004f6e (0x00008b1d) c.andi  a4, 7
core   0: 3 0x80004f6e (0x8b1d) x14 0x00000003
core   0: 0x80004f70 (0x039a6eb3) rem     t4, s4, s9
core   0: 3 0x80004f70 (0x039a6eb3) x29 0x00000001
core   0: 0x80004f74 (0x0279d1b3) divu    gp, s3, t2
core   0: 3 0x80004f74 (0x0279d1b3) x 3 0x00000000
core   0: 0x80004f78 (0x0100e733) or      a4, ra, a6
core   0: 3 0x80004f78 (0x0100e733) x14 0x801f7efc
core   0: 0x80004f7c (0x02be7eb3) remu    t4, t3, a1
core   0: 3 0x80004f7c (0x02be7eb3) x29 0x00200000
core   0: 0x80004f80 (0x01530233) add     tp, t1, s5
core   0: 3 0x80004f80 (0x01530233) x 4 0xacce6f16
core   0: 0x80004f84 (0x3c7ab993) sltiu   s3, s5, 967
core   0: 3 0x80004f84 (0x3c7ab993) x19 0x00000001
core   0: 0x80004f88 (0x00e697b3) sll     a5, a3, a4
core   0: 3 0x80004f88 (0x00e697b3) x15 0x10000000
core   0: 0x80004f8c (0x0000036d) c.addi  t1, 27
core   0: 3 0x80004f8c (0x036d) x 6 0xacce6f31
core   0: 0x80004f8e (0x023f08b3) mul     a7, t5, gp
core   0: 3 0x80004f8e (0x023f08b3) x17 0x00000000
core   0: 0x80004f92 (0x00000001) c.nop
core   0: 3 0x80004f92 (0x0001)
core   0: 0x80004f94 (0x00001c0c) c.addi4spn a1, sp, 560
core   0: 3 0x80004f94 (0x1c0c) x11 0xffffe1e3
core   0: 0x80004f96 (0x022b9433) mulh    s0, s7, sp
core   0: 3 0x80004f96 (0x022b9433) x 8 0x00000000
core   0: 0x80004f9a (0x02cf11b3) mulh    gp, t5, a2
core   0: 3 0x80004f9a (0x02cf11b3) x 3 0x00000000
core   0: 0x80004f9e (0x00000001) c.nop
core   0: 3 0x80004f9e (0x0001)
core   0: 0x80004fa0 (0xa66bce93) xori    t4, s7, -1434
core   0: 3 0x80004fa0 (0xa66bce93) x29 0xfffffa66
core   0: 0x80004fa4 (0x0262ce33) div     t3, t0, t1
core   0: 3 0x80004fa4 (0x0262ce33) x28 0x00000000
core   0: 0x80004fa8 (0xbf2e7d37) lui     s10, 0xbf2e7
core   0: 3 0x80004fa8 (0xbf2e7d37) x26 0xbf2e7000
core   0: 0x80004fac (0x49e44c13) xori    s8, s0, 1182
core   0: 3 0x80004fac (0x49e44c13) x24 0x0000049e
core   0: 0x80004fb0 (0x033fe3b3) rem     t2, t6, s3
core   0: 3 0x80004fb0 (0x033fe3b3) x 7 0x00000000
core   0: 0x80004fb4 (0x800008b7) lui     a7, 0x80000
core   0: 3 0x80004fb4 (0x800008b7) x17 0x80000000
core   0: 0x80004fb8 (0xfff00b93) li      s7, -1
core   0: 3 0x80004fb8 (0xfff00b93) x23 0xffffffff
core   0: 0x80004fbc (0x800002b7) lui     t0, 0x80000
core   0: 3 0x80004fbc (0x800002b7) x 5 0x80000000
core   0: 0x80004fc0 (0x80000537) lui     a0, 0x80000
core   0: 3 0x80004fc0 (0x80000537) x10 0x80000000
core   0: 0x80004fc4 (0x00004701) c.li    a4, 0
core   0: 3 0x80004fc4 (0x4701) x14 0x00000000
core   0: 0x80004fc6 (0x80000437) lui     s0, 0x80000
core   0: 3 0x80004fc6 (0x80000437) x 8 0x80000000
core   0: 0x80004fca (0xfff00213) li      tp, -1
core   0: 3 0x80004fca (0xfff00213) x 4 0xffffffff
core   0: 0x80004fce (0x80000c37) lui     s8, 0x80000
core   0: 3 0x80004fce (0x80000c37) x24 0x80000000
core   0: 0x80004fd2 (0xfff00393) li      t2, -1
core   0: 3 0x80004fd2 (0xfff00393) x 7 0xffffffff
core   0: 0x80004fd6 (0x800007b7) lui     a5, 0x80000
core   0: 3 0x80004fd6 (0x800007b7) x15 0x80000000
core   0: 0x80004fda (0x038c62b3) rem     t0, s8, s8
core   0: 3 0x80004fda (0x038c62b3) x 5 0x00000000
core   0: 0x80004fde (0xdff6f897) auipc   a7, 0xdff6f
core   0: 3 0x80004fde (0xdff6f897) x17 0x5ff73fde
core   0: 0x80004fe2 (0x15982bb7) lui     s7, 0x15982
core   0: 3 0x80004fe2 (0x15982bb7) x23 0x15982000
core   0: 0x80004fe6 (0x03121bb3) mulh    s7, tp, a7
core   0: 3 0x80004fe6 (0x03121bb3) x23 0xffffffff
core   0: 0x80004fea (0x02f45233) divu    tp, s0, a5
core   0: 3 0x80004fea (0x02f45233) x 4 0x00000001
core   0: 0x80004fee (0x024bac33) mulhsu  s8, s7, tp
core   0: 3 0x80004fee (0x024bac33) x24 0xffffffff
core   0: 0x80004ff2 (0x00000001) c.nop
core   0: 3 0x80004ff2 (0x0001)
core   0: 0x80004ff4 (0x27150893) addi    a7, a0, 625
core   0: 3 0x80004ff4 (0x27150893) x17 0x80000271
core   0: 0x80004ff8 (0x024c6533) rem     a0, s8, tp
core   0: 3 0x80004ff8 (0x024c6533) x10 0x00000000
core   0: 0x80004ffc (0x9a333297) auipc   t0, 0x9a333
core   0: 3 0x80004ffc (0x9a333297) x 5 0x1a337ffc
core   0: 0x80005000 (0x0318b733) mulhu   a4, a7, a7
core   0: 3 0x80005000 (0x0318b733) x14 0x40000271
core   0: 0x80005004 (0x00e208b3) add     a7, tp, a4
core   0: 3 0x80005004 (0x00e208b3) x17 0x40000272
core   0: 0x80005008 (0x02f443b3) div     t2, s0, a5
core   0: 3 0x80005008 (0x02f443b3) x 7 0x00000001
core   0: 0x8000500c (0x024be233) rem     tp, s7, tp
core   0: 3 0x8000500c (0x024be233) x 4 0x00000000
core   0: 0x80005010 (0x0312dc33) divu    s8, t0, a7
core   0: 3 0x80005010 (0x0312dc33) x24 0x00000000
core   0: 0x80005014 (0x027bf733) remu    a4, s7, t2
core   0: 3 0x80005014 (0x027bf733) x14 0x00000000
core   0: 0x80005018 (0x02f237b3) mulhu   a5, tp, a5
core   0: 3 0x80005018 (0x02f237b3) x15 0x00000000
core   0: 0x8000501c (0x00a50233) add     tp, a0, a0
core   0: 3 0x8000501c (0x00a50233) x 4 0x00000000
core   0: 0x80005020 (0xbb8fd7b7) lui     a5, 0xbb8fd
core   0: 3 0x80005020 (0xbb8fd7b7) x15 0xbb8fd000
core   0: 0x80005024 (0x027c4233) div     tp, s8, t2
core   0: 3 0x80005024 (0x027c4233) x 4 0x00000000
core   0: 0x80005028 (0x0277b8b3) mulhu   a7, a5, t2
core   0: 3 0x80005028 (0x0277b8b3) x17 0x00000000
core   0: 0x8000502c (0xf1237797) auipc   a5, 0xf1237
core   0: 3 0x8000502c (0xf1237797) x15 0x7123c02c
core   0: 0x80005030 (0x028c77b3) remu    a5, s8, s0
core   0: 3 0x80005030 (0x028c77b3) x15 0x00000000
core   0: 0x80005034 (0x417503b3) sub     t2, a0, s7
core   0: 3 0x80005034 (0x417503b3) x 7 0x00000001
core   0: 0x80005038 (0x1bc6fc37) lui     s8, 0x1bc6f
core   0: 3 0x80005038 (0x1bc6fc37) x24 0x1bc6f000
core   0: 0x8000503c (0x00000001) c.nop
core   0: 3 0x8000503c (0x0001)
core   0: 0x8000503e (0x2a8ef7b7) lui     a5, 0x2a8ef
core   0: 3 0x8000503e (0x2a8ef7b7) x15 0x2a8ef000
core   0: 0x80005042 (0x000055fd) c.li    a1, -1
core   0: 3 0x80005042 (0x55fd) x11 0xffffffff
core   0: 0x80005044 (0x00259c13) slli    s8, a1, 2
core   0: 3 0x80005044 (0x00259c13) x24 0xfffffffc
core   0: 0x80005048 (0x1eee8713) addi    a4, t4, 494
core   0: 3 0x80005048 (0x1eee8713) x14 0xfffffc54
core   0: 0x8000504c (0x00009ac6) c.add   s5, a7
core   0: 3 0x8000504c (0x9ac6) x21 0x00000000
core   0: 0x8000504e (0x00008641) c.srai  a2, 16
core   0: 3 0x8000504e (0x8641) x12 0x0000339b
core   0: 0x80005050 (0x0082bc33) sltu    s8, t0, s0
core   0: 3 0x80005050 (0x0082bc33) x24 0x00000001
core   0: 0x80005054 (0x00008171) c.srli  a0, 28
core   0: 3 0x80005054 (0x8171) x10 0x00000000
core   0: 0x80005056 (0x72435597) auipc   a1, 0x72435
core   0: 3 0x80005056 (0x72435597) x11 0xf243a056
core   0: 0x8000505a (0x42806a17) auipc   s4, 0x42806
core   0: 3 0x8000505a (0x42806a17) x20 0xc280b05a
core   0: 0x8000505e (0x03e77333) remu    t1, a4, t5
core   0: 3 0x8000505e (0x03e77333) x 6 0x00000000
core   0: 0x80005062 (0x4022dd93) srai    s11, t0, 2
core   0: 3 0x80005062 (0x4022dd93) x27 0x068cdfff
core   0: 0x80005066 (0x01a8b333) sltu    t1, a7, s10
core   0: 3 0x80005066 (0x01a8b333) x 6 0x00000001
core   0: 0x8000506a (0x01794233) xor     tp, s2, s7
core   0: 3 0x8000506a (0x01794233) x 4 0x0000017c
core   0: 0x8000506e (0x6c1b7897) auipc   a7, 0x6c1b7
core   0: 3 0x8000506e (0x6c1b7897) x17 0xec1bc06e
core   0: 0x80005072 (0x01d22e33) slt     t3, tp, t4
core   0: 3 0x80005072 (0x01d22e33) x28 0x00000000
core   0: 0x80005076 (0x00008eb5) c.xor   a3, a3
core   0: 3 0x80005076 (0x8eb5) x13 0x00000000
core   0: 0x80005078 (0x00008886) c.mv    a7, ra
core   0: 3 0x80005078 (0x8886) x17 0x001f7ebc
core   0: 0x8000507a (0x00006f95) c.lui   t6, 0x5
core   0: 3 0x8000507a (0x6f95) x31 0x00005000
core   0: 0x8000507c (0x41f60e33) sub     t3, a2, t6
core   0: 3 0x8000507c (0x41f60e33) x28 0xffffe39b
core   0: 0x80005080 (0x00000001) c.nop
core   0: 3 0x80005080 (0x0001)
core   0: 0x80005082 (0x000009f5) c.addi  s3, 29
core   0: 3 0x80005082 (0x09f5) x19 0x0000001e
core   0: 0x80005084 (0x01b69a33) sll     s4, a3, s11
core   0: 3 0x80005084 (0x01b69a33) x20 0x00000000
core   0: 0x80005088 (0x01909b13) slli    s6, ra, 25
core   0: 3 0x80005088 (0x01909b13) x22 0x78000000
core   0: 0x8000508c (0x373b4613) xori    a2, s6, 883
core   0: 3 0x8000508c (0x373b4613) x12 0x78000373
core   0: 0x80005090 (0x40a656b3) sra     a3, a2, a0
core   0: 3 0x80005090 (0x40a656b3) x13 0x78000373
core   0: 0x80005094 (0x419c02b3) sub     t0, s8, s9
core   0: 3 0x80005094 (0x419c02b3) x 5 0x00000001
core   0: 0x80005098 (0x168ba193) slti    gp, s7, 360
core   0: 3 0x80005098 (0x168ba193) x 3 0x00000001
core   0: 0x8000509c (0x02fc1133) mulh    sp, s8, a5
core   0: 3 0x8000509c (0x02fc1133) x 2 0x00000000
core   0: 0x800050a0 (0x00000001) c.nop
core   0: 3 0x800050a0 (0x0001)
core   0: 0x800050a2 (0x0046db13) srli    s6, a3, 4
core   0: 3 0x800050a2 (0x0046db13) x22 0x07800037
core   0: 0x800050a6 (0x01055913) srli    s2, a0, 16
core   0: 3 0x800050a6 (0x01055913) x18 0x00000000
core   0: 0x800050aa (0x000001c2) c.slli  gp, 16
core   0: 3 0x800050aa (0x01c2) x 3 0x00010000
core   0: 0x800050ac (0x00211a13) slli    s4, sp, 2
core   0: 3 0x800050ac (0x00211a13) x20 0x00000000
core   0: 0x800050b0 (0x00008f75) c.and   a4, a3
core   0: 3 0x800050b0 (0x8f75) x14 0x78000050
core   0: 0x800050b2 (0xb3244613) xori    a2, s0, -1230
core   0: 3 0x800050b2 (0xb3244613) x12 0x7ffffb32
core   0: 0x800050b6 (0x012bedb3) or      s11, s7, s2
core   0: 3 0x800050b6 (0x012bedb3) x27 0xffffffff
core   0: 0x800050ba (0x014e5c13) srli    s8, t3, 20
core   0: 3 0x800050ba (0x014e5c13) x24 0x00000fff
core   0: 0x800050be (0x01f30e33) add     t3, t1, t6
core   0: 3 0x800050be (0x01f30e33) x28 0x00005001
core   0: 0x800050c2 (0x0000801d) c.srli  s0, 7
core   0: 3 0x800050c2 (0x801d) x 8 0x01000000
core   0: 0x800050c4 (0x01d99593) slli    a1, s3, 29
core   0: 3 0x800050c4 (0x01d99593) x11 0xc0000000
core   0: 0x800050c8 (0x000068ed) c.lui   a7, 0x1b
core   0: 3 0x800050c8 (0x68ed) x17 0x0001b000
core   0: 0x800050ca (0x000085a1) c.srai  a1, 8
core   0: 3 0x800050ca (0x85a1) x11 0xffc00000
core   0: 0x800050cc (0x000086b5) c.srai  a3, 13
core   0: 3 0x800050cc (0x86b5) x13 0x0003c000
core   0: 0x800050ce (0x003c5e33) srl     t3, s8, gp
core   0: 3 0x800050ce (0x003c5e33) x28 0x00000fff
core   0: 0x800050d2 (0x00006161) c.addi16sp sp, 80
core   0: 3 0x800050d2 (0x6161) x 2 0x00000050
core   0: 0x800050d4 (0x78d6c193) xori    gp, a3, 1933
core   0: 3 0x800050d4 (0x78d6c193) x 3 0x0003c78d
core   0: 0x800050d8 (0xbdfc4e13) xori    t3, s8, -1057
core   0: 3 0x800050d8 (0xbdfc4e13) x28 0xfffff420
core   0: 0x800050dc (0x02ba11b3) mulh    gp, s4, a1
core   0: 3 0x800050dc (0x02ba11b3) x 3 0x00000000
core   0: 0x800050e0 (0x00008e21) c.xor   a2, s0
core   0: 3 0x800050e0 (0x8e21) x12 0x7efffb32
core   0: 0x800050e2 (0x000eeb33) or      s6, t4, zero
core   0: 3 0x800050e2 (0x000eeb33) x22 0xfffffa66
core   0: 0x800050e6 (0x01309e93) slli    t4, ra, 19
core   0: 3 0x800050e6 (0x01309e93) x29 0xf5e00000
core   0: 0x800050ea (0x00009db2) c.add   s11, a2
core   0: 3 0x800050ea (0x9db2) x27 0x7efffb31
core   0: 0x800050ec (0x40635fb3) sra     t6, t1, t1
core   0: 3 0x800050ec (0x40635fb3) x31 0x00000000
core   0: 0x800050f0 (0x00000001) c.nop
core   0: 3 0x800050f0 (0x0001)
core   0: 0x800050f2 (0x007acb33) xor     s6, s5, t2
core   0: 3 0x800050f2 (0x007acb33) x22 0x00000001
core   0: 0x800050f6 (0x03aa5c33) divu    s8, s4, s10
core   0: 3 0x800050f6 (0x03aa5c33) x24 0x00000000
core   0: 0x800050fa (0x02bb08b3) mul     a7, s6, a1
core   0: 3 0x800050fa (0x02bb08b3) x17 0xffc00000
core   0: 0x800050fe (0x00008da1) c.xor   a1, s0
core   0: 3 0x800050fe (0x8da1) x11 0xfec00000
core   0: 0x80005100 (0x01317633) and     a2, sp, s3
core   0: 3 0x80005100 (0x01317633) x12 0x00000010
core   0: 0x80005104 (0x0000717d) c.addi16sp sp, -16
core   0: 3 0x80005104 (0x717d) x 2 0x00000040
core   0: 0x80005106 (0x000088be) c.mv    a7, a5
core   0: 3 0x80005106 (0x88be) x17 0x2a8ef000
core   0: 0x80005108 (0x0210d0b3) divu    ra, ra, ra
core   0: 3 0x80005108 (0x0210d0b3) x 1 0x00000001
core   0: 0x8000510c (0x00009f12) c.add   t5, tp
core   0: 3 0x8000510c (0x9f12) x30 0x0000017d
core   0: 0x8000510e (0x4176db13) srai    s6, a3, 23
core   0: 3 0x8000510e (0x4176db13) x22 0x00000000
core   0: 0x80005112 (0x384dc093) xori    ra, s11, 900
core   0: 3 0x80005112 (0x384dc093) x 1 0x7efff8b5
core   0: 0x80005116 (0x0155e1b3) or      gp, a1, s5
core   0: 3 0x80005116 (0x0155e1b3) x 3 0xfec00000
core   0: 0x8000511a (0x020426b3) mulhsu  a3, s0, zero
core   0: 3 0x8000511a (0x020426b3) x13 0x00000000
core   0: 0x8000511e (0x417d5bb3) sra     s7, s10, s7
core   0: 3 0x8000511e (0x417d5bb3) x23 0xffffffff
core   0: 0x80005122 (0x006f7ab3) and     s5, t5, t1
core   0: 3 0x80005122 (0x006f7ab3) x21 0x00000001
core   0: 0x80005126 (0x1af76b97) auipc   s7, 0x1af76
core   0: 3 0x80005126 (0x1af76b97) x23 0x9af7b126
core   0: 0x8000512a (0x02684f33) div     t5, a6, t1
core   0: 3 0x8000512a (0x02684f33) x30 0x80013ce4
core   0: 0x8000512e (0x00006115) c.addi16sp sp, 288
core   0: 3 0x8000512e (0x6115) x 2 0x00000160
core   0: 0x80005130 (0x0000169c) c.addi4spn a5, sp, 864
core   0: 3 0x80005130 (0x169c) x15 0x000004c0
core   0: 0x80005132 (0x4053d013) srai    zero, t2, 5
core   0: 3 0x80005132 (0x4053d013)
core   0: 0x80005136 (0x0226b3b3) mulhu   t2, a3, sp
core   0: 3 0x80005136 (0x0226b3b3) x 7 0x00000000
core   0: 0x8000513a (0x035627b3) mulhsu  a5, a2, s5
core   0: 3 0x8000513a (0x035627b3) x15 0x00000000
core   0: 0x8000513e (0x212c8e93) addi    t4, s9, 530
core   0: 3 0x8000513e (0x212c8e93) x29 0x00000212
core   0: 0x80005142 (0x01c19633) sll     a2, gp, t3
core   0: 3 0x80005142 (0x01c19633) x12 0xfec00000
core   0: 0x80005146 (0x49c04c17) auipc   s8, 0x49c04
core   0: 3 0x80005146 (0x49c04c17) x24 0xc9c09146
core   0: 0x8000514a (0x01146733) or      a4, s0, a7
core   0: 3 0x8000514a (0x01146733) x14 0x2b8ef000
core   0: 0x8000514e (0x0000896e) c.mv    s2, s11
core   0: 3 0x8000514e (0x896e) x18 0x7efffb31
core   0: 0x80005150 (0x0000617d) c.addi16sp sp, 496
core   0: 3 0x80005150 (0x617d) x 2 0x00000350
core   0: 0x80005152 (0x00001c7d) c.addi  s8, -1
core   0: 3 0x80005152 (0x1c7d) x24 0xc9c09145
core   0: 0x80005154 (0x81cc0f93) addi    t6, s8, -2020
core   0: 3 0x80005154 (0x81cc0f93) x31 0xc9c08961
core   0: 0x80005158 (0x00008f79) c.and   a4, a4
core   0: 3 0x80005158 (0x8f79) x14 0x2b8ef000
core   0: 0x8000515a (0x41d00c33) sub     s8, zero, t4
core   0: 3 0x8000515a (0x41d00c33) x24 0xfffffdee
core   0: 0x8000515e (0x00000001) c.nop
core   0: 3 0x8000515e (0x0001)
core   0: 0x80005160 (0x02e80f33) mul     t5, a6, a4
core   0: 3 0x80005160 (0x02e80f33) x30 0x3b8dc000
core   0: 0x80005164 (0x01203db3) snez    s11, s2
core   0: 3 0x80005164 (0x01203db3) x27 0x00000001
core   0: 0x80005168 (0x00077733) and     a4, a4, zero
core   0: 3 0x80005168 (0x00077733) x14 0x00000000
core   0: 0x8000516c (0x2c6cbb13) sltiu   s6, s9, 710
core   0: 3 0x8000516c (0x2c6cbb13) x22 0x00000001
core   0: 0x80005170 (0x03ca88b3) mul     a7, s5, t3
core   0: 3 0x80005170 (0x03ca88b3) x17 0xfffff420
core   0: 0x80005174 (0x7f348717) auipc   a4, 0x7f348
core   0: 3 0x80005174 (0x7f348717) x14 0xff34d174
core   0: 0x80005178 (0x0000916a) c.add   sp, s10
core   0: 3 0x80005178 (0x916a) x 2 0xbf2e7350
core   0: 0x8000517a (0x4a4d3fb7) lui     t6, 0x4a4d3
core   0: 3 0x8000517a (0x4a4d3fb7) x31 0x4a4d3000
core   0: 0x8000517e (0x8d05a593) slti    a1, a1, -1840
core   0: 3 0x8000517e (0x8d05a593) x11 0x00000001
core   0: 0x80005182 (0x2fc5cc13) xori    s8, a1, 764
core   0: 3 0x80005182 (0x2fc5cc13) x24 0x000002fd
core   0: 0x80005186 (0x00005d7d) c.li    s10, -1
core   0: 3 0x80005186 (0x5d7d) x26 0xffffffff
core   0: 0x80005188 (0x03cf3733) mulhu   a4, t5, t3
core   0: 3 0x80005188 (0x03cf3733) x14 0x3b8dbd3c
core   0: 0x8000518c (0x024316b3) mulh    a3, t1, tp
core   0: 3 0x8000518c (0x024316b3) x13 0x00000000
core   0: 0x80005190 (0x02e282b3) mul     t0, t0, a4
core   0: 3 0x80005190 (0x02e282b3) x 5 0x3b8dbd3c
core   0: 0x80005194 (0x14270a13) addi    s4, a4, 322
core   0: 3 0x80005194 (0x14270a13) x20 0x3b8dbe7e
core   0: 0x80005198 (0x01b79413) slli    s0, a5, 27
core   0: 3 0x80005198 (0x01b79413) x 8 0x00000000
core   0: 0x8000519c (0x018a9533) sll     a0, s5, s8
core   0: 3 0x8000519c (0x018a9533) x10 0x20000000
core   0: 0x800051a0 (0x4738e093) ori     ra, a7, 1139
core   0: 3 0x800051a0 (0x4738e093) x 1 0xfffff473
core   0: 0x800051a4 (0x419d8eb3) sub     t4, s11, s9
core   0: 3 0x800051a4 (0x419d8eb3) x29 0x00000001
core   0: 0x800051a8 (0x00006bed) c.lui   s7, 0x1b
core   0: 3 0x800051a8 (0x6bed) x23 0x0001b000
core   0: 0x800051aa (0x00000b89) c.addi  s7, 2
core   0: 3 0x800051aa (0x0b89) x23 0x0001b002
core   0: 0x800051ac (0x00008449) c.srai  s0, 18
core   0: 3 0x800051ac (0x8449) x 8 0x00000000
core   0: 0x800051ae (0x01591013) slli    zero, s2, 21
core   0: 3 0x800051ae (0x01591013)
core   0: 0x800051b2 (0x00008d09) c.sub   a0, a0
core   0: 3 0x800051b2 (0x8d09) x10 0x00000000
core   0: 0x800051b4 (0x0174ed33) or      s10, s1, s7
core   0: 3 0x800051b4 (0x0174ed33) x26 0x8001fe66
core   0: 0x800051b8 (0x00bf55b3) srl     a1, t5, a1
core   0: 3 0x800051b8 (0x00bf55b3) x11 0x1dc6e000
core   0: 0x800051bc (0x03b76fb3) rem     t6, a4, s11
core   0: 3 0x800051bc (0x03b76fb3) x31 0x00000000
core   0: 0x800051c0 (0x013f5eb3) srl     t4, t5, s3
core   0: 3 0x800051c0 (0x013f5eb3) x29 0x00000000
core   0: 0x800051c4 (0x00008641) c.srai  a2, 16
core   0: 3 0x800051c4 (0x8641) x12 0xfffffec0
core   0: 0x800051c6 (0x03615633) divu    a2, sp, s6
core   0: 3 0x800051c6 (0x03615633) x12 0xbf2e7350
core   0: 0x800051ca (0x01191213) slli    tp, s2, 17
core   0: 3 0x800051ca (0x01191213) x 4 0xf6620000
core   0: 0x800051ce (0x00000d61) c.addi  s10, 24
core   0: 3 0x800051ce (0x0d61) x26 0x8001fe7e
core   0: 0x800051d0 (0x000080ee) c.mv    ra, s11
core   0: 3 0x800051d0 (0x80ee) x 1 0x00000001
core   0: 0x800051d2 (0x41405e33) sra     t3, zero, s4
core   0: 3 0x800051d2 (0x41405e33) x28 0x00000000
core   0: 0x800051d6 (0x00000bba) c.slli  s7, 14
core   0: 3 0x800051d6 (0x0bba) x23 0x6c008000
core   0: 0x800051d8 (0x000057fd) c.li    a5, -1
core   0: 3 0x800051d8 (0x57fd) x15 0xffffffff
core   0: 0x800051da (0x03a7f0b3) remu    ra, a5, s10
core   0: 3 0x800051da (0x03a7f0b3) x 1 0x7ffe0181
core   0: 0x800051de (0x5de3e593) ori     a1, t2, 1502
core   0: 3 0x800051de (0x5de3e593) x11 0x000005de
core   0: 0x800051e2 (0x026c82b3) mul     t0, s9, t1
core   0: 3 0x800051e2 (0x026c82b3) x 5 0x00000000
core   0: 0x800051e6 (0x00009dfa) c.add   s11, t5
core   0: 3 0x800051e6 (0x9dfa) x27 0x3b8dc001
core   0: 0x800051e8 (0x003dceb3) xor     t4, s11, gp
core   0: 3 0x800051e8 (0x003dceb3) x29 0xc54dc001
core   0: 0x800051ec (0x00008e01) c.sub   a2, s0
core   0: 3 0x800051ec (0x8e01) x12 0xbf2e7350
core   0: 0x800051ee (0x00008f21) c.xor   a4, s0
core   0: 3 0x800051ee (0x8f21) x14 0x3b8dbd3c
core   0: 0x800051f0 (0x00006169) c.addi16sp sp, 208
core   0: 3 0x800051f0 (0x6169) x 2 0xbf2e7420
core   0: 0x800051f2 (0x00000001) c.nop
core   0: 3 0x800051f2 (0x0001)
core   0: 0x800051f4 (0x00000001) c.nop
core   0: 3 0x800051f4 (0x0001)
core   0: 0x800051f6 (0x00000001) c.nop
core   0: 3 0x800051f6 (0x0001)
core   0: 0x800051f8 (0x00008de5) c.and   a1, s1
core   0: 3 0x800051f8 (0x8de5) x11 0x00000444
core   0: 0x800051fa (0x03512fb3) mulhsu  t6, sp, s5
core   0: 3 0x800051fa (0x03512fb3) x31 0xffffffff
core   0: 0x800051fe (0x00008551) c.srai  a0, 20
core   0: 3 0x800051fe (0x8551) x10 0x00000000
core   0: 0x80005200 (0x023702b3) mul     t0, a4, gp
core   0: 3 0x80005200 (0x023702b3) x 5 0x75000000
core   0: 0x80005204 (0x01d678b3) and     a7, a2, t4
core   0: 3 0x80005204 (0x01d678b3) x17 0x850c4000
core   0: 0x80005208 (0x016fd533) srl     a0, t6, s6
core   0: 3 0x80005208 (0x016fd533) x10 0x7fffffff
core   0: 0x8000520c (0x005ed413) srli    s0, t4, 5
core   0: 3 0x8000520c (0x005ed413) x 8 0x062a6e00
core   0: 0x80005210 (0x38916213) ori     tp, sp, 905
core   0: 3 0x80005210 (0x38916213) x 4 0xbf2e77a9
core   0: 0x80005214 (0x032b2633) mulhsu  a2, s6, s2
core   0: 3 0x80005214 (0x032b2633) x12 0x00000000
core   0: 0x80005218 (0x18d5f417) auipc   s0, 0x18d5f
core   0: 3 0x80005218 (0x18d5f417) x 8 0x98d64218
core   0: 0x8000521c (0x1fdaa393) slti    t2, s5, 509
core   0: 3 0x8000521c (0x1fdaa393) x 7 0x00000001
core   0: 0x80005220 (0x018b48b3) xor     a7, s6, s8
core   0: 3 0x80005220 (0x018b48b3) x17 0x000002fc
core   0: 0x80005224 (0x00006c2d) c.lui   s8, 0xb
core   0: 3 0x80005224 (0x6c2d) x24 0x0000b000
core   0: 0x80005226 (0x00000a9c) c.addi4spn a5, sp, 336
core   0: 3 0x80005226 (0x0a9c) x15 0xbf2e7570
core   0: 0x80005228 (0x00f550b3) srl     ra, a0, a5
core   0: 3 0x80005228 (0x00f550b3) x 1 0x00007fff
core   0: 0x8000522c (0x001a5c13) srli    s8, s4, 1
core   0: 3 0x8000522c (0x001a5c13) x24 0x1dc6df3f
core   0: 0x80005230 (0x0014d913) srli    s2, s1, 1
core   0: 3 0x80005230 (0x0014d913) x18 0x40007f32
core   0: 0x80005234 (0x00000001) c.nop
core   0: 3 0x80005234 (0x0001)
core   0: 0x80005236 (0xb4eea693) slti    a3, t4, -1202
core   0: 3 0x80005236 (0xb4eea693) x13 0x00000001
core   0: 0x8000523a (0x415982b3) sub     t0, s3, s5
core   0: 3 0x8000523a (0x415982b3) x 5 0x0000001d
core   0: 0x8000523e (0x01545c13) srli    s8, s0, 21
core   0: 3 0x8000523e (0x01545c13) x24 0x000004c6
core   0: 0x80005242 (0x01157e33) and     t3, a0, a7
core   0: 3 0x80005242 (0x01157e33) x28 0x000002fc
core   0: 0x80005246 (0x01707fb3) and     t6, zero, s7
core   0: 3 0x80005246 (0x01707fb3) x31 0x00000000
core   0: 0x8000524a (0x016d41b3) xor     gp, s10, s6
core   0: 3 0x8000524a (0x016d41b3) x 3 0x8001fe7f
core   0: 0x8000524e (0x00006169) c.addi16sp sp, 208
core   0: 3 0x8000524e (0x6169) x 2 0xbf2e74f0
core   0: 0x80005250 (0x0163c933) xor     s2, t2, s6
core   0: 3 0x80005250 (0x0163c933) x18 0x00000000
core   0: 0x80005254 (0x0138c8b3) xor     a7, a7, s3
core   0: 3 0x80005254 (0x0138c8b3) x17 0x000002e2
core   0: 0x80005258 (0x00008465) c.srai  s0, 25
core   0: 3 0x80005258 (0x8465) x 8 0xffffffcc
core   0: 0x8000525a (0x02d24eb3) div     t4, tp, a3
core   0: 3 0x8000525a (0x02d24eb3) x29 0xbf2e77a9
core   0: 0x8000525e (0x00000001) c.nop
core   0: 3 0x8000525e (0x0001)
core   0: 0x80005260 (0x01220fb3) add     t6, tp, s2
core   0: 3 0x80005260 (0x01220fb3) x31 0xbf2e77a9
core   0: 0x80005264 (0x418e5f13) srai    t5, t3, 24
core   0: 3 0x80005264 (0x418e5f13) x30 0x00000000
core   0: 0x80005268 (0x00e45213) srli    tp, s0, 14
core   0: 3 0x80005268 (0x00e45213) x 4 0x0003ffff
core   0: 0x8000526c (0x0070dc13) srli    s8, ra, 7
core   0: 3 0x8000526c (0x0070dc13) x24 0x000000ff
core   0: 0x80005270 (0x41d27e93) andi    t4, tp, 1053
core   0: 3 0x80005270 (0x41d27e93) x29 0x0000041d
core   0: 0x80005274 (0x00008c55) c.or    s0, a3
core   0: 3 0x80005274 (0x8c55) x 8 0xffffffcd
core   0: 0x80005276 (0x00000001) c.nop
core   0: 3 0x80005276 (0x0001)
core   0: 0x80005278 (0x00006bfd) c.lui   s7, 0x1f
core   0: 3 0x80005278 (0x6bfd) x23 0x0001f000
core   0: 0x8000527a (0x00008fed) c.and   a5, a1
core   0: 3 0x8000527a (0x8fed) x15 0x00000440
core   0: 0x8000527c (0x01835593) srli    a1, t1, 24
core   0: 3 0x8000527c (0x01835593) x11 0x00000000
core   0: 0x80005280 (0x00005c7d) c.li    s8, -1
core   0: 3 0x80005280 (0x5c7d) x24 0xffffffff
core   0: 0x80005282 (0x01f6d3b3) srl     t2, a3, t6
core   0: 3 0x80005282 (0x01f6d3b3) x 7 0x00000000
core   0: 0x80005286 (0x031767b3) rem     a5, a4, a7
core   0: 3 0x80005286 (0x031767b3) x15 0x00000200
core   0: 0x8000528a (0x00008e05) c.sub   a2, s1
core   0: 3 0x8000528a (0x8e05) x12 0x7fff019c
core   0: 0x8000528c (0xb37b4013) xori    zero, s6, -1225
core   0: 3 0x8000528c (0xb37b4013)
core   0: 0x80005290 (0x00008c4d) c.or    s0, a1
core   0: 3 0x80005290 (0x8c4d) x 8 0xffffffcd
core   0: 0x80005292 (0x00521b33) sll     s6, tp, t0
core   0: 3 0x80005292 (0x00521b33) x22 0xe0000000
core   0: 0x80005296 (0x0000650d) c.lui   a0, 0x3
core   0: 3 0x80005296 (0x650d) x10 0x00003000
core   0: 0x80005298 (0x00008ec5) c.or    a3, s1
core   0: 3 0x80005298 (0x8ec5) x13 0x8000fe65
core   0: 0x8000529a (0x96603013) sltiu   zero, zero, -1690
core   0: 3 0x8000529a (0x96603013)
core   0: 0x8000529e (0x00000001) c.nop
core   0: 3 0x8000529e (0x0001)
core   0: 0x800052a0 (0x00d27193) andi    gp, tp, 13
core   0: 3 0x800052a0 (0x00d27193) x 3 0x0000000d
core   0: 0x800052a4 (0x00905013) srli    zero, zero, 9
core   0: 3 0x800052a4 (0x00905013)
core   0: 0x800052a8 (0x401eda13) srai    s4, t4, 1
core   0: 3 0x800052a8 (0x401eda13) x20 0x0000020e
core   0: 0x800052ac (0x02426e33) rem     t3, tp, tp
core   0: 3 0x800052ac (0x02426e33) x28 0x00000000
core   0: 0x800052b0 (0x45ca7113) andi    sp, s4, 1116
core   0: 3 0x800052b0 (0x45ca7113) x 2 0x0000000c
core   0: 0x800052b4 (0x006d36b3) sltu    a3, s10, t1
core   0: 3 0x800052b4 (0x006d36b3) x13 0x00000000
core   0: 0x800052b8 (0x4eef8793) addi    a5, t6, 1262
core   0: 3 0x800052b8 (0x4eef8793) x15 0xbf2e7c97
core   0: 0x800052bc (0x001f5293) srli    t0, t5, 1
core   0: 3 0x800052bc (0x001f5293) x 5 0x00000000
core   0: 0x800052c0 (0x1703f193) andi    gp, t2, 368
core   0: 3 0x800052c0 (0x1703f193) x 3 0x00000000
core   0: 0x800052c4 (0xe1988193) addi    gp, a7, -487
core   0: 3 0x800052c4 (0xe1988193) x 3 0x000000fb
core   0: 0x800052c8 (0x02ea9ab3) mulh    s5, s5, a4
core   0: 3 0x800052c8 (0x02ea9ab3) x21 0x00000000
core   0: 0x800052cc (0x00008ffa) c.mv    t6, t5
core   0: 3 0x800052cc (0x8ffa) x31 0x00000000
core   0: 0x800052ce (0x00008ac5) c.andi  a3, 17
core   0: 3 0x800052ce (0x8ac5) x13 0x00000000
core   0: 0x800052d0 (0x025d92b3) mulh    t0, s11, t0
core   0: 3 0x800052d0 (0x025d92b3) x 5 0x00000000
core   0: 0x800052d4 (0xa55437b7) lui     a5, 0xa5543
core   0: 3 0x800052d4 (0xa55437b7) x15 0xa5543000
core   0: 0x800052d8 (0x00008132) c.mv    sp, a2
core   0: 3 0x800052d8 (0x8132) x 2 0x7fff019c
core   0: 0x800052da (0x00142933) slt     s2, s0, ra
core   0: 3 0x800052da (0x00142933) x18 0x00000001
core   0: 0x800052de (0x000082b2) c.mv    t0, a2
core   0: 3 0x800052de (0x82b2) x 5 0x7fff019c
core   0: 0x800052e0 (0x0391d233) divu    tp, gp, s9
core   0: 3 0x800052e0 (0x0391d233) x 4 0xffffffff
core   0: 0x800052e4 (0x01a187b3) add     a5, gp, s10
core   0: 3 0x800052e4 (0x01a187b3) x15 0x8001ff79
core   0: 0x800052e8 (0x7b9d8d93) addi    s11, s11, 1977
core   0: 3 0x800052e8 (0x7b9d8d93) x27 0x3b8dc7ba
core   0: 0x800052ec (0x00009fde) c.add   t6, s7
core   0: 3 0x800052ec (0x9fde) x31 0x0001f000
core   0: 0x800052ee (0x00006129) c.addi16sp sp, 192
core   0: 3 0x800052ee (0x6129) x 2 0x7fff025c
core   0: 0x800052f0 (0x000082fe) c.mv    t0, t6
core   0: 3 0x800052f0 (0x82fe) x 5 0x0001f000
core   0: 0x800052f2 (0x40612b93) slti    s7, sp, 1030
core   0: 3 0x800052f2 (0x40612b93) x23 0x00000000
core   0: 0x800052f6 (0x0000987d) c.andi  s0, -1
core   0: 3 0x800052f6 (0x987d) x 8 0xffffffcd
core   0: 0x800052f8 (0x00000fd2) c.slli  t6, 20
core   0: 3 0x800052f8 (0x0fd2) x31 0x00000000
core   0: 0x800052fa (0x02cc6233) rem     tp, s8, a2
core   0: 3 0x800052fa (0x02cc6233) x 4 0xffffffff
core   0: 0x800052fe (0x41acb693) sltiu   a3, s9, 1050
core   0: 3 0x800052fe (0x41acb693) x13 0x00000001
core   0: 0x80005302 (0x00f2e3b3) or      t2, t0, a5
core   0: 3 0x80005302 (0x00f2e3b3) x 7 0x8001ff79
core   0: 0x80005306 (0x00009b7d) c.andi  a4, -1
core   0: 3 0x80005306 (0x9b7d) x14 0x3b8dbd3c
core   0: 0x80005308 (0x00c3fbb3) and     s7, t2, a2
core   0: 3 0x80005308 (0x00c3fbb3) x23 0x00010118
core   0: 0x8000530c (0x00001d98) c.addi4spn a4, sp, 752
core   0: 3 0x8000530c (0x1d98) x14 0x7fff054c
core   0: 0x8000530e (0x03686d33) rem     s10, a6, s6
core   0: 3 0x8000530e (0x03686d33) x26 0xe0013ce4
core   0: 0x80005312 (0x01387e33) and     t3, a6, s3
core   0: 3 0x80005312 (0x01387e33) x28 0x00000004
core   0: 0x80005316 (0x41e0df13) srai    t5, ra, 30
core   0: 3 0x80005316 (0x41e0df13) x30 0x00000000
core   0: 0x8000531a (0x00008f22) c.mv    t5, s0
core   0: 3 0x8000531a (0x8f22) x30 0xffffffcd
core   0: 0x8000531c (0x03bca933) mulhsu  s2, s9, s11
core   0: 3 0x8000531c (0x03bca933) x18 0x00000000
core   0: 0x80005320 (0xf7c4f313) andi    t1, s1, -132
core   0: 3 0x80005320 (0xf7c4f313) x 6 0x8000fe64
core   0: 0x80005324 (0x00008e59) c.or    a2, a4
core   0: 3 0x80005324 (0x8e59) x12 0x7fff05dc
core   0: 0x80005326 (0x00000001) c.nop
core   0: 3 0x80005326 (0x0001)
core   0: 0x80005328 (0x016d9db3) sll     s11, s11, s6
core   0: 3 0x80005328 (0x016d9db3) x27 0x3b8dc7ba
core   0: 0x8000532c (0x000081ad) c.srli  a1, 11
core   0: 3 0x8000532c (0x81ad) x11 0x00000000
core   0: 0x8000532e (0x00009e8e) c.add   t4, gp
core   0: 3 0x8000532e (0x9e8e) x29 0x00000518
core   0: 0x80005330 (0x00006105) c.addi16sp sp, 32
core   0: 3 0x80005330 (0x6105) x 2 0x7fff027c
core   0: 0x80005332 (0x00008b61) c.andi  a4, 24
core   0: 3 0x80005332 (0x8b61) x14 0x00000008
core   0: 0x80005334 (0x013d6c33) or      s8, s10, s3
core   0: 3 0x80005334 (0x013d6c33) x24 0xe0013cfe
core   0: 0x80005338 (0x002936b3) sltu    a3, s2, sp
core   0: 3 0x80005338 (0x002936b3) x13 0x00000001
core   0: 0x8000533c (0x00008fe9) c.and   a5, a0
core   0: 3 0x8000533c (0x8fe9) x15 0x00003000
core   0: 0x8000533e (0x00005dfd) c.li    s11, -1
core   0: 3 0x8000533e (0x5dfd) x27 0xffffffff
core   0: 0x80005340 (0x01053633) sltu    a2, a0, a6
core   0: 3 0x80005340 (0x01053633) x12 0x00000001
core   0: 0x80005344 (0x00008edd) c.or    a3, a5
core   0: 3 0x80005344 (0x8edd) x13 0x00003001
core   0: 0x80005346 (0xad8d8f93) addi    t6, s11, -1320
core   0: 3 0x80005346 (0xad8d8f93) x31 0xfffffad7
core   0: 0x8000534a (0xc929ce13) xori    t3, s3, -878
core   0: 3 0x8000534a (0xc929ce13) x28 0xfffffc8c
core   0: 0x8000534e (0x00b0bf33) sltu    t5, ra, a1
core   0: 3 0x8000534e (0x00b0bf33) x30 0x00000000
core   0: 0x80005352 (0x01481313) slli    t1, a6, 20
core   0: 3 0x80005352 (0x01481313) x 6 0xce400000
core   0: 0x80005356 (0x021323b3) mulhsu  t2, t1, ra
core   0: 3 0x80005356 (0x021323b3) x 7 0xffffe720
core   0: 0x8000535a (0x40635133) sra     sp, t1, t1
core   0: 3 0x8000535a (0x40635133) x 2 0xce400000
core   0: 0x8000535e (0x00008c35) c.xor   s0, a3
core   0: 3 0x8000535e (0x8c35) x 8 0xffffcfcc
core   0: 0x80005360 (0xf4088993) addi    s3, a7, -192
core   0: 3 0x80005360 (0xf4088993) x19 0x00000222
core   0: 0x80005364 (0x020d50b3) divu    ra, s10, zero
core   0: 3 0x80005364 (0x020d50b3) x 1 0xffffffff
core   0: 0x80005368 (0x022048b3) div     a7, zero, sp
core   0: 3 0x80005368 (0x022048b3) x17 0x00000000
core   0: 0x8000536c (0xc0ca3a93) sltiu   s5, s4, -1012
core   0: 3 0x8000536c (0xc0ca3a93) x21 0x00000001
core   0: 0x80005370 (0x00eb70b3) and     ra, s6, a4
core   0: 3 0x80005370 (0x00eb70b3) x 1 0x00000000
core   0: 0x80005374 (0x0093c8b3) xor     a7, t2, s1
core   0: 3 0x80005374 (0x0093c8b3) x17 0x7fff1944
core   0: 0x80005378 (0x02cae533) rem     a0, s5, a2
core   0: 3 0x80005378 (0x02cae533) x10 0x00000000
core   0: 0x8000537c (0x00000001) c.nop
core   0: 3 0x8000537c (0x0001)
core   0: 0x8000537e (0x00000001) c.nop
core   0: 3 0x8000537e (0x0001)
core   0: 0x80005380 (0x00000001) c.nop
core   0: 3 0x80005380 (0x0001)
core   0: 0x80005382 (0x3bcc7e13) andi    t3, s8, 956
core   0: 3 0x80005382 (0x3bcc7e13) x28 0x000000bc
core   0: 0x80005386 (0x8d18bc13) sltiu   s8, a7, -1839
core   0: 3 0x80005386 (0x8d18bc13) x24 0x00000001
core   0: 0x8000538a (0x025b3a33) mulhu   s4, s6, t0
core   0: 3 0x8000538a (0x025b3a33) x20 0x0001b200
core   0: 0x8000538e (0x0141ec33) or      s8, gp, s4
core   0: 3 0x8000538e (0x0141ec33) x24 0x0001b2fb
core   0: 0x80005392 (0x00008d99) c.sub   a1, a4
core   0: 3 0x80005392 (0x8d99) x11 0xfffffff8
core   0: 0x80005394 (0x00008db9) c.xor   a1, a4
core   0: 3 0x80005394 (0x8db9) x11 0xfffffff0
core   0: 0x80005396 (0x03577d33) remu    s10, a4, s5
core   0: 3 0x80005396 (0x03577d33) x26 0x00000000
core   0: 0x8000539a (0x00008ecd) c.or    a3, a1
core   0: 3 0x8000539a (0x8ecd) x13 0xfffffff1
core   0: 0x8000539c (0x03d62eb3) mulhsu  t4, a2, t4
core   0: 3 0x8000539c (0x03d62eb3) x29 0x00000000
core   0: 0x800053a0 (0x00000001) c.nop
core   0: 3 0x800053a0 (0x0001)
core   0: 0x800053a2 (0x00008225) c.srli  a2, 9
core   0: 3 0x800053a2 (0x8225) x12 0x00000000
core   0: 0x800053a4 (0x03c008b3) mul     a7, zero, t3
core   0: 3 0x800053a4 (0x03c008b3) x17 0x00000000
core   0: 0x800053a8 (0x01781d33) sll     s10, a6, s7
core   0: 3 0x800053a8 (0x01781d33) x26 0xe4000000
core   0: 0x800053ac (0x00001294) c.addi4spn a3, sp, 352
core   0: 3 0x800053ac (0x1294) x13 0xce400160
core   0: 0x800053ae (0x00008c6d) c.and   s0, a1
core   0: 3 0x800053ae (0x8c6d) x 8 0xffffcfc0
core   0: 0x800053b0 (0x02d650b3) divu    ra, a2, a3
core   0: 3 0x800053b0 (0x02d650b3) x 1 0x00000000
core   0: 0x800053b4 (0x401ed7b3) sra     a5, t4, ra
core   0: 3 0x800053b4 (0x401ed7b3) x15 0x00000000
core   0: 0x800053b8 (0x00008e69) c.and   a2, a0
core   0: 3 0x800053b8 (0x8e69) x12 0x00000000
core   0: 0x800053ba (0x8c376213) ori     tp, a4, -1853
core   0: 3 0x800053ba (0x8c376213) x 4 0xfffff8cb
core   0: 0x800053be (0x00000710) c.addi4spn a2, sp, 896
core   0: 3 0x800053be (0x0710) x12 0xce400380
core   0: 0x800053c0 (0x0365cfb3) div     t6, a1, s6
core   0: 3 0x800053c0 (0x0365cfb3) x31 0x00000000
core   0: 0x800053c4 (0x00000001) c.nop
core   0: 3 0x800053c4 (0x0001)
core   0: 0x800053c6 (0x3ce1a737) lui     a4, 0x3ce1a
core   0: 3 0x800053c6 (0x3ce1a737) x14 0x3ce1a000
core   0: 0x800053ca (0x03d95b33) divu    s6, s2, t4
core   0: 3 0x800053ca (0x03d95b33) x22 0xffffffff
core   0: 0x800053ce (0x02285d33) divu    s10, a6, sp
core   0: 3 0x800053ce (0x02285d33) x26 0x00000000
core   0: 0x800053d2 (0x00008e6d) c.and   a2, a1
core   0: 3 0x800053d2 (0x8e6d) x12 0xce400380
core   0: 0x800053d4 (0x00000001) c.nop
core   0: 3 0x800053d4 (0x0001)
core   0: 0x800053d6 (0x006a1db3) sll     s11, s4, t1
core   0: 3 0x800053d6 (0x006a1db3) x27 0x0001b200
core   0: 0x800053da (0x038ebfb3) mulhu   t6, t4, s8
core   0: 3 0x800053da (0x038ebfb3) x31 0x00000000
core   0: 0x800053de (0x0173d0b3) srl     ra, t2, s7
core   0: 3 0x800053de (0x0173d0b3) x 1 0x000000ff
core   0: 0x800053e2 (0x02b48fb3) mul     t6, s1, a1
core   0: 3 0x800053e2 (0x02b48fb3) x31 0xfff019c0
core   0: 0x800053e6 (0xf50f3697) auipc   a3, 0xf50f3
core   0: 3 0x800053e6 (0xf50f3697) x13 0x750f83e6
core   0: 0x800053ea (0x00006175) c.addi16sp sp, 368
core   0: 3 0x800053ea (0x6175) x 2 0xce400170
core   0: 0x800053ec (0x09ef4b93) xori    s7, t5, 158
core   0: 3 0x800053ec (0x09ef4b93) x23 0x0000009e
core   0: 0x800053f0 (0x03710e33) mul     t3, sp, s7
core   0: 3 0x800053f0 (0x03710e33) x28 0x4b80e320
core   0: 0x800053f4 (0xa221eb93) ori     s7, gp, -1502
core   0: 3 0x800053f4 (0xa221eb93) x23 0xfffffafb
core   0: 0x800053f8 (0x02d73ab3) mulhu   s5, a4, a3
core   0: 3 0x800053f8 (0x02d73ab3) x21 0x1bd6ceb6
core   0: 0x800053fc (0x00457db3) and     s11, a0, tp
core   0: 3 0x800053fc (0x00457db3) x27 0x00000000
core   0: 0x80005400 (0x01715d33) srl     s10, sp, s7
core   0: 3 0x80005400 (0x01715d33) x26 0x00000019
core   0: 0x80005404 (0x03a43333) mulhu   t1, s0, s10
core   0: 3 0x80005404 (0x03a43333) x 6 0x00000018
core   0: 0x80005408 (0x00008fed) c.and   a5, a1
core   0: 3 0x80005408 (0x8fed) x15 0x00000000
core   0: 0x8000540a (0x00d5b6b3) sltu    a3, a1, a3
core   0: 3 0x8000540a (0x00d5b6b3) x13 0x00000000
core   0: 0x8000540e (0x03a879b3) remu    s3, a6, s10
core   0: 3 0x8000540e (0x03a879b3) x19 0x00000016
core   0: 0x80005412 (0x00000f06) c.slli  t5, 1
core   0: 3 0x80005412 (0x0f06) x30 0x00000000
core   0: 0x80005414 (0x03bebb33) mulhu   s6, t4, s11
core   0: 3 0x80005414 (0x03bebb33) x22 0x00000000
core   0: 0x80005418 (0x00008739) c.srai  a4, 14
core   0: 3 0x80005418 (0x8739) x14 0x0000f386
core   0: 0x8000541a (0x00008c25) c.xor   s0, s1
core   0: 3 0x8000541a (0x8c25) x 8 0x7fff31a4
core   0: 0x8000541c (0x018f7c33) and     s8, t5, s8
core   0: 3 0x8000541c (0x018f7c33) x24 0x00000000
core   0: 0x80005420 (0x00008e65) c.and   a2, s1
core   0: 3 0x80005420 (0x8e65) x12 0x80000200
core   0: 0x80005422 (0x012f3933) sltu    s2, t5, s2
core   0: 3 0x80005422 (0x012f3933) x18 0x00000000
core   0: 0x80005426 (0x00004b25) c.li    s6, 9
core   0: 3 0x80005426 (0x4b25) x22 0x00000009
core   0: 0x80005428 (0x00008f89) c.sub   a5, a0
core   0: 3 0x80005428 (0x8f89) x15 0x00000000
core   0: 0x8000542a (0x020889b3) mul     s3, a7, zero
core   0: 3 0x8000542a (0x020889b3) x19 0x00000000
core   0: 0x8000542e (0x00008f55) c.or    a4, a3
core   0: 3 0x8000542e (0x8f55) x14 0x0000f386
core   0: 0x80005430 (0x00a2da93) srli    s5, t0, 10
core   0: 3 0x80005430 (0x00a2da93) x21 0x0000007c
core   0: 0x80005434 (0x02079b33) mulh    s6, a5, zero
core   0: 3 0x80005434 (0x02079b33) x22 0x00000000
core   0: 0x80005438 (0x00000198) c.addi4spn a4, sp, 192
core   0: 3 0x80005438 (0x0198) x14 0xce400230
core   0: 0x8000543a (0x00f29f93) slli    t6, t0, 15
core   0: 3 0x8000543a (0x00f29f93) x31 0xf8000000
core   0: 0x8000543e (0x00cc9313) slli    t1, s9, 12
core   0: 3 0x8000543e (0x00cc9313) x 6 0x00000000
core   0: 0x80005442 (0x216a00b7) lui     ra, 0x216a0
core   0: 3 0x80005442 (0x216a00b7) x 1 0x216a0000
core   0: 0x80005446 (0x00009b7d) c.andi  a4, -1
core   0: 3 0x80005446 (0x9b7d) x14 0xce400230
core   0: 0x80005448 (0x034ef633) remu    a2, t4, s4
core   0: 3 0x80005448 (0x034ef633) x12 0x00000000
core   0: 0x8000544c (0x000043e9) c.li    t2, 26
core   0: 3 0x8000544c (0x43e9) x 7 0x0000001a
core   0: 0x8000544e (0x032f3db3) mulhu   s11, t5, s2
core   0: 3 0x8000544e (0x032f3db3) x27 0x00000000
core   0: 0x80005452 (0x0047e3b3) or      t2, a5, tp
core   0: 3 0x80005452 (0x0047e3b3) x 7 0xfffff8cb
core   0: 0x80005456 (0x41bfd713) srai    a4, t6, 27
core   0: 3 0x80005456 (0x41bfd713) x14 0xffffffff
core   0: 0x8000545a (0x0192a033) slt     zero, t0, s9
core   0: 3 0x8000545a (0x0192a033)
core   0: 0x8000545e (0x01f23433) sltu    s0, tp, t6
core   0: 3 0x8000545e (0x01f23433) x 8 0x00000000
core   0: 0x80005462 (0x00008f8d) c.sub   a5, a1
core   0: 3 0x80005462 (0x8f8d) x15 0x00000010
core   0: 0x80005464 (0x000098ae) c.add   a7, a1
core   0: 3 0x80005464 (0x98ae) x17 0xfffffff0
core   0: 0x80005466 (0x02e602b3) mul     t0, a2, a4
core   0: 3 0x80005466 (0x02e602b3) x 5 0x00000000
core   0: 0x8000546a (0x00137d33) and     s10, t1, ra
core   0: 3 0x8000546a (0x00137d33) x26 0x00000000
core   0: 0x8000546e (0x00b58333) add     t1, a1, a1
core   0: 3 0x8000546e (0x00b58333) x 6 0xffffffe0
core   0: 0x80005472 (0xfac2cd93) xori    s11, t0, -84
core   0: 3 0x80005472 (0xfac2cd93) x27 0xffffffac
core   0: 0x80005476 (0x00008e95) c.sub   a3, a3
core   0: 3 0x80005476 (0x8e95) x13 0x00000000
core   0: 0x80005478 (0x00008e1d) c.sub   a2, a5
core   0: 3 0x80005478 (0x8e1d) x12 0xfffffff0
core   0: 0x8000547a (0x00949693) slli    a3, s1, 9
core   0: 3 0x8000547a (0x00949693) x13 0x01fcc800
core   0: 0x8000547e (0x01f91733) sll     a4, s2, t6
core   0: 3 0x8000547e (0x01f91733) x14 0x00000000
core   0: 0x80005482 (0x00008e85) c.sub   a3, s1
core   0: 3 0x80005482 (0x8e85) x13 0x81fbc99c
core   0: 0x80005484 (0x00008ddd) c.or    a1, a5
core   0: 3 0x80005484 (0x8ddd) x11 0xfffffff0
core   0: 0x80005486 (0x00000a00) c.addi4spn s0, sp, 272
core   0: 3 0x80005486 (0x0a00) x 8 0xce400280
core   0: 0x80005488 (0x00485233) srl     tp, a6, tp
core   0: 3 0x80005488 (0x00485233) x 4 0x00100027
core   0: 0x8000548c (0x0000898d) c.andi  a1, 3
core   0: 3 0x8000548c (0x898d) x11 0x00000000
core   0: 0x8000548e (0x0035ed33) or      s10, a1, gp
core   0: 3 0x8000548e (0x0035ed33) x26 0x000000fb
core   0: 0x80005492 (0x0000070a) c.slli  a4, 2
core   0: 3 0x80005492 (0x070a) x14 0x00000000
core   0: 0x80005494 (0x000081ed) c.srli  a1, 27
core   0: 3 0x80005494 (0x81ed) x11 0x00000000
core   0: 0x80005496 (0x4aa0f397) auipc   t2, 0x4aa0f
core   0: 3 0x80005496 (0x4aa0f397) x 7 0xcaa14496
core   0: 0x8000549a (0x00000001) c.nop
core   0: 3 0x8000549a (0x0001)
core   0: 0x8000549c (0xf2e68e93) addi    t4, a3, -210
core   0: 3 0x8000549c (0xf2e68e93) x29 0x81fbc8ca
core   0: 0x800054a0 (0x236d2037) lui     zero, 0x236d2
core   0: 3 0x800054a0 (0x236d2037)
core   0: 0x800054a4 (0x0032ef33) or      t5, t0, gp
core   0: 3 0x800054a4 (0x0032ef33) x30 0x000000fb
core   0: 0x800054a8 (0x00000001) c.nop
core   0: 3 0x800054a8 (0x0001)
core   0: 0x800054aa (0x00008fca) c.mv    t6, s2
core   0: 3 0x800054aa (0x8fca) x31 0x00000000
core   0: 0x800054ac (0x000087e5) c.srai  a5, 25
core   0: 3 0x800054ac (0x87e5) x15 0x00000000
core   0: 0x800054ae (0x0047c633) xor     a2, a5, tp
core   0: 3 0x800054ae (0x0047c633) x12 0x00100027
core   0: 0x800054b2 (0x030785b3) mul     a1, a5, a6
core   0: 3 0x800054b2 (0x030785b3) x11 0x00000000
core   0: 0x800054b6 (0x00008d31) c.xor   a0, a2
core   0: 3 0x800054b6 (0x8d31) x10 0x00100027
core   0: 0x800054b8 (0x00000532) c.slli  a0, 12
core   0: 3 0x800054b8 (0x0532) x10 0x00027000
core   0: 0x800054ba (0x000086b3) add     a3, ra, zero
core   0: 3 0x800054ba (0x000086b3) x13 0x216a0000
core   0: 0x800054be (0x0104c733) xor     a4, s1, a6
core   0: 3 0x800054be (0x0104c733) x14 0x0001c280
core   0: 0x800054c2 (0x443c8693) addi    a3, s9, 1091
core   0: 3 0x800054c2 (0x443c8693) x13 0x00000443
core   0: 0x800054c6 (0x00005e7d) c.li    t3, -1
core   0: 3 0x800054c6 (0x5e7d) x28 0xffffffff
core   0: 0x800054c8 (0xa572ab13) slti    s6, t0, -1449
core   0: 3 0x800054c8 (0xa572ab13) x22 0x00000000
core   0: 0x800054cc (0x00008c3d) c.xor   s0, a5
core   0: 3 0x800054cc (0x8c3d) x 8 0xce400280
core   0: 0x800054ce (0x02a81b33) mulh    s6, a6, a0
core   0: 3 0x800054ce (0x02a81b33) x22 0xfffec803
core   0: 0x800054d2 (0x01b6d513) srli    a0, a3, 27
core   0: 3 0x800054d2 (0x01b6d513) x10 0x00000000
core   0: 0x800054d6 (0x415b56b3) sra     a3, s6, s5
core   0: 3 0x800054d6 (0x415b56b3) x13 0xffffffff
core   0: 0x800054da (0x00000a06) c.slli  s4, 1
core   0: 3 0x800054da (0x0a06) x20 0x00036400
core   0: 0x800054dc (0x00008d99) c.sub   a1, a4
core   0: 3 0x800054dc (0x8d99) x11 0xfffe3d80
core   0: 0x800054de (0x40a506b3) sub     a3, a0, a0
core   0: 3 0x800054de (0x40a506b3) x13 0x00000000
core   0: 0x800054e2 (0x0216df33) divu    t5, a3, ra
core   0: 3 0x800054e2 (0x0216df33) x30 0x00000000
core   0: 0x800054e6 (0x00000001) c.nop
core   0: 3 0x800054e6 (0x0001)
core   0: 0x800054e8 (0x00008c3d) c.xor   s0, a5
core   0: 3 0x800054e8 (0x8c3d) x 8 0xce400280
core   0: 0x800054ea (0x00000001) c.nop
core   0: 3 0x800054ea (0x0001)
core   0: 0x800054ec (0x0000632d) c.lui   t1, 0xb
core   0: 3 0x800054ec (0x632d) x 6 0x0000b000
core   0: 0x800054ee (0x49cbb093) sltiu   ra, s7, 1180
core   0: 3 0x800054ee (0x49cbb093) x 1 0x00000000
core   0: 0x800054f2 (0x00cb9eb3) sll     t4, s7, a2
core   0: 3 0x800054f2 (0x00cb9eb3) x29 0xfffd7d80
core   0: 0x800054f6 (0x00000e18) c.addi4spn a4, sp, 784
core   0: 3 0x800054f6 (0x0e18) x14 0xce400480
core   0: 0x800054f8 (0x0000042e) c.slli  s0, 11
core   0: 3 0x800054f8 (0x042e) x 8 0x00140000
core   0: 0x800054fa (0x00008dcd) c.or    a1, a1
core   0: 3 0x800054fa (0x8dcd) x11 0xfffe3d80
core   0: 0x800054fc (0x3d420d93) addi    s11, tp, 980
core   0: 3 0x800054fc (0x3d420d93) x27 0x001003fb
core   0: 0x80005500 (0x000087e5) c.srai  a5, 25
core   0: 3 0x80005500 (0x87e5) x15 0x00000000
core   0: 0x80005502 (0x0000517d) c.li    sp, -1
core   0: 3 0x80005502 (0x517d) x 2 0xffffffff
core   0: 0x80005504 (0x00d24433) xor     s0, tp, a3
core   0: 3 0x80005504 (0x00d24433) x 8 0x00100027
core   0: 0x80005508 (0x00008e49) c.or    a2, a0
core   0: 3 0x80005508 (0x8e49) x12 0x00100027
core   0: 0x8000550a (0x0398a2b3) mulhsu  t0, a7, s9
core   0: 3 0x8000550a (0x0398a2b3) x 5 0x00000000
core   0: 0x8000550e (0x00008729) c.srai  a4, 10
core   0: 3 0x8000550e (0x8729) x14 0xfff39001
core   0: 0x80005510 (0x0000826d) c.srli  a2, 27
core   0: 3 0x80005510 (0x826d) x12 0x00000000
core   0: 0x80005512 (0x00009fa2) c.add   t6, s0
core   0: 3 0x80005512 (0x9fa2) x31 0x00100027
core   0: 0x80005514 (0x0391f033) remu    zero, gp, s9
core   0: 3 0x80005514 (0x0391f033)
core   0: 0x80005518 (0x7b836a13) ori     s4, t1, 1976
core   0: 3 0x80005518 (0x7b836a13) x20 0x0000b7b8
core   0: 0x8000551c (0x000087fd) c.srai  a5, 31
core   0: 3 0x8000551c (0x87fd) x15 0x00000000
core   0: 0x8000551e (0x36073313) sltiu   t1, a4, 864
core   0: 3 0x8000551e (0x36073313) x 6 0x00000000
core   0: 0x80005522 (0x000b1593) slli    a1, s6, 0
core   0: 3 0x80005522 (0x000b1593) x11 0xfffec803
core   0: 0x80005526 (0x02e7c233) div     tp, a5, a4
core   0: 3 0x80005526 (0x02e7c233) x 4 0x00000000
core   0: 0x8000552a (0x022800b3) mul     ra, a6, sp
core   0: 3 0x8000552a (0x022800b3) x 1 0x7ffec31c
core   0: 0x8000552e (0x40abdb13) srai    s6, s7, 10
core   0: 3 0x8000552e (0x40abdb13) x22 0xfffffffe
core   0: 0x80005532 (0x00000d8a) c.slli  s11, 2
core   0: 3 0x80005532 (0x0d8a) x27 0x00400fec
core   0: 0x80005534 (0x007dcc33) xor     s8, s11, t2
core   0: 3 0x80005534 (0x007dcc33) x24 0xcae14b7a
core   0: 0x80005538 (0x00000001) c.nop
core   0: 3 0x80005538 (0x0001)
core   0: 0x8000553a (0x000083b9) c.srli  a5, 14
core   0: 3 0x8000553a (0x83b9) x15 0x00000000
core   0: 0x8000553c (0xd10d7b93) andi    s7, s10, -752
core   0: 3 0x8000553c (0xd10d7b93) x23 0x00000010
core   0: 0x80005540 (0x00008e51) c.or    a2, a2
core   0: 3 0x80005540 (0x8e51) x12 0x00000000
core   0: 0x80005542 (0x00008f35) c.xor   a4, a3
core   0: 3 0x80005542 (0x8f35) x14 0xfff39001
core   0: 0x80005544 (0x021f13b3) mulh    t2, t5, ra
core   0: 3 0x80005544 (0x021f13b3) x 7 0x00000000
core   0: 0x80005548 (0x01896e33) or      t3, s2, s8
core   0: 3 0x80005548 (0x01896e33) x28 0xcae14b7a
core   0: 0x8000554c (0x03b1bdb3) mulhu   s11, gp, s11
core   0: 3 0x8000554c (0x03b1bdb3) x27 0x00000000
core   0: 0x80005550 (0x01aef993) andi    s3, t4, 26
core   0: 3 0x80005550 (0x01aef993) x19 0x00000000
core   0: 0x80005554 (0x00ea6533) or      a0, s4, a4
core   0: 3 0x80005554 (0x00ea6533) x10 0xfff3b7b9
core   0: 0x80005558 (0x00001a18) c.addi4spn a4, sp, 304
core   0: 3 0x80005558 (0x1a18) x14 0x0000012f
core   0: 0x8000555a (0x00008275) c.srli  a2, 29
core   0: 3 0x8000555a (0x8275) x12 0x00000000
core   0: 0x8000555c (0x00004251) c.li    tp, 20
core   0: 3 0x8000555c (0x4251) x 4 0x00000014
core   0: 0x8000555e (0x00008595) c.srai  a1, 5
core   0: 3 0x8000555e (0x8595) x11 0xfffff640
core   0: 0x80005560 (0xaeff2337) lui     t1, 0xaeff2
core   0: 3 0x80005560 (0xaeff2337) x 6 0xaeff2000
core   0: 0x80005564 (0x020731b3) mulhu   gp, a4, zero
core   0: 3 0x80005564 (0x020731b3) x 3 0x00000000
core   0: 0x80005568 (0x405d83b3) sub     t2, s11, t0
core   0: 3 0x80005568 (0x405d83b3) x 7 0x00000000
core   0: 0x8000556c (0x005dff33) and     t5, s11, t0
core   0: 3 0x8000556c (0x005dff33) x30 0x00000000
core   0: 0x80005570 (0x01000d33) add     s10, zero, a6
core   0: 3 0x80005570 (0x01000d33) x26 0x80013ce4
core   0: 0x80005574 (0x871a4217) auipc   tp, 0x871a4
core   0: 3 0x80005574 (0x871a4217) x 4 0x071a9574
core   0: 0x80005578 (0x027cda33) divu    s4, s9, t2
core   0: 3 0x80005578 (0x027cda33) x20 0xffffffff
core   0: 0x8000557c (0x0000935e) c.add   t1, s7
core   0: 3 0x8000557c (0x935e) x 6 0xaeff2010
core   0: 0x8000557e (0x0336f7b3) remu    a5, a3, s3
core   0: 3 0x8000557e (0x0336f7b3) x15 0x00000000
core   0: 0x80005582 (0x00001280) c.addi4spn s0, sp, 352
core   0: 3 0x80005582 (0x1280) x 8 0x0000015f
core   0: 0x80005584 (0x01fabeb3) sltu    t4, s5, t6
core   0: 3 0x80005584 (0x01fabeb3) x29 0x00000001
core   0: 0x80005588 (0x000085b1) c.srai  a1, 12
core   0: 3 0x80005588 (0x85b1) x11 0xffffffff
core   0: 0x8000558a (0x00d33633) sltu    a2, t1, a3
core   0: 3 0x8000558a (0x00d33633) x12 0x00000000
core   0: 0x8000558e (0xe6b94c17) auipc   s8, 0xe6b94
core   0: 3 0x8000558e (0xe6b94c17) x24 0x66b9958e
core   0: 0x80005592 (0x01821933) sll     s2, tp, s8
core   0: 3 0x80005592 (0x01821933) x18 0xa55d0000
core   0: 0x80005596 (0x0000870d) c.srai  a4, 3
core   0: 3 0x80005596 (0x870d) x14 0x00000025
core   0: 0x80005598 (0x41205593) srai    a1, zero, 18
core   0: 3 0x80005598 (0x41205593) x11 0x00000000
core   0: 0x8000559c (0x038a46b3) div     a3, s4, s8
core   0: 3 0x8000559c (0x038a46b3) x13 0x00000000
core   0: 0x800055a0 (0x03fb6a37) lui     s4, 0x3fb6
core   0: 3 0x800055a0 (0x03fb6a37) x20 0x03fb6000
core   0: 0x800055a4 (0xb7aaff93) andi    t6, s5, -1158
core   0: 3 0x800055a4 (0xb7aaff93) x31 0x00000078
core   0: 0x800055a8 (0x02958633) mul     a2, a1, s1
core   0: 3 0x800055a8 (0x02958633) x12 0x00000000
core   0: 0x800055ac (0x00008e79) c.and   a2, a4
core   0: 3 0x800055ac (0x8e79) x12 0x00000000
core   0: 0x800055ae (0x00005a7d) c.li    s4, -1
core   0: 3 0x800055ae (0x5a7d) x20 0xffffffff
core   0: 0x800055b0 (0x0acd2693) slti    a3, s10, 172
core   0: 3 0x800055b0 (0x0acd2693) x13 0x00000001
core   0: 0x800055b4 (0x011b25b3) slt     a1, s6, a7
core   0: 3 0x800055b4 (0x011b25b3) x11 0x00000000
core   0: 0x800055b8 (0x036763b3) rem     t2, a4, s6
core   0: 3 0x800055b8 (0x036763b3) x 7 0x00000001
core   0: 0x800055bc (0x45f44a13) xori    s4, s0, 1119
core   0: 3 0x800055bc (0x45f44a13) x20 0x00000500
core   0: 0x800055c0 (0x00008fdd) c.or    a5, a5
core   0: 3 0x800055c0 (0x8fdd) x15 0x00000000
core   0: 0x800055c2 (0x01579693) slli    a3, a5, 21
core   0: 3 0x800055c2 (0x01579693) x13 0x00000000
core   0: 0x800055c6 (0xcc484a97) auipc   s5, 0xcc484
core   0: 3 0x800055c6 (0xcc484a97) x21 0x4c4895c6
core   0: 0x800055ca (0x012381b3) add     gp, t2, s2
core   0: 3 0x800055ca (0x012381b3) x 3 0xa55d0001
core   0: 0x800055ce (0x00001dfd) c.addi  s11, -1
core   0: 3 0x800055ce (0x1dfd) x27 0xffffffff
core   0: 0x800055d0 (0x411900b3) sub     ra, s2, a7
core   0: 3 0x800055d0 (0x411900b3) x 1 0xa55d0010
core   0: 0x800055d4 (0x03d9e533) rem     a0, s3, t4
core   0: 3 0x800055d4 (0x03d9e533) x10 0x00000000
core   0: 0x800055d8 (0x00008ed5) c.or    a3, a3
core   0: 3 0x800055d8 (0x8ed5) x13 0x00000000
core   0: 0x800055da (0x003ad613) srli    a2, s5, 3
core   0: 3 0x800055da (0x003ad613) x12 0x098912b8
core   0: 0x800055de (0x00bb20b3) slt     ra, s6, a1
core   0: 3 0x800055de (0x00bb20b3) x 1 0x00000001
core   0: 0x800055e2 (0x00008e55) c.or    a2, a3
core   0: 3 0x800055e2 (0x8e55) x12 0x098912b8
core   0: 0x800055e4 (0x020a4933) div     s2, s4, zero
core   0: 3 0x800055e4 (0x020a4933) x18 0xffffffff
core   0: 0x800055e8 (0x00cf7013) andi    zero, t5, 12
core   0: 3 0x800055e8 (0x00cf7013)
core   0: 0x800055ec (0x00008de1) c.and   a1, s0
core   0: 3 0x800055ec (0x8de1) x11 0x00000000
core   0: 0x800055ee (0x039037b3) mulhu   a5, zero, s9
core   0: 3 0x800055ee (0x039037b3) x15 0x00000000
core   0: 0x800055f2 (0x00008e35) c.xor   a2, a3
core   0: 3 0x800055f2 (0x8e35) x12 0x098912b8
core   0: 0x800055f4 (0x01055c13) srli    s8, a0, 16
core   0: 3 0x800055f4 (0x01055c13) x24 0x00000000
core   0: 0x800055f8 (0x00008f21) c.xor   a4, s0
core   0: 3 0x800055f8 (0x8f21) x14 0x0000017a
core   0: 0x800055fa (0x00009946) c.add   s2, a7
core   0: 3 0x800055fa (0x9946) x18 0xffffffef
core   0: 0x800055fc (0x76eda513) slti    a0, s11, 1902
core   0: 3 0x800055fc (0x76eda513) x10 0x00000001
core   0: 0x80005600 (0x00000945) c.addi  s2, 17
core   0: 3 0x80005600 (0x0945) x18 0x00000000
core   0: 0x80005602 (0xae5a8d93) addi    s11, s5, -1307
core   0: 3 0x80005602 (0xae5a8d93) x27 0x4c4890ab
core   0: 0x80005606 (0x40525d13) srai    s10, tp, 5
core   0: 3 0x80005606 (0x40525d13) x26 0x0038d4ab
core   0: 0x8000560a (0x00008715) c.srai  a4, 5
core   0: 3 0x8000560a (0x8715) x14 0x0000000b
core   0: 0x8000560c (0x0000987d) c.andi  s0, -1
core   0: 3 0x8000560c (0x987d) x 8 0x0000015f
core   0: 0x8000560e (0x00008b21) c.andi  a4, 8
core   0: 3 0x8000560e (0x8b21) x14 0x00000008
core   0: 0x80005610 (0x00008a85) c.andi  a3, 1
core   0: 3 0x80005610 (0x8a85) x13 0x00000000
core   0: 0x80005612 (0x02c75db3) divu    s11, a4, a2
core   0: 3 0x80005612 (0x02c75db3) x27 0x00000000
core   0: 0x80005616 (0xbd9aa993) slti    s3, s5, -1063
core   0: 3 0x80005616 (0xbd9aa993) x19 0x00000000
core   0: 0x8000561a (0x028409b3) mul     s3, s0, s0
core   0: 3 0x8000561a (0x028409b3) x19 0x0001e141
core   0: 0x8000561e (0x00006161) c.addi16sp sp, 80
core   0: 3 0x8000561e (0x6161) x 2 0x0000004f
core   0: 0x80005620 (0x00fe5133) srl     sp, t3, a5
core   0: 3 0x80005620 (0x00fe5133) x 2 0xcae14b7a
core   0: 0x80005624 (0x00008c19) c.sub   s0, a4
core   0: 3 0x80005624 (0x8c19) x 8 0x00000157
core   0: 0x80005626 (0x032448b3) div     a7, s0, s2
core   0: 3 0x80005626 (0x032448b3) x17 0xffffffff
core   0: 0x8000562a (0x02b2afb3) mulhsu  t6, t0, a1
core   0: 3 0x8000562a (0x02b2afb3) x31 0x00000000
core   0: 0x8000562e (0x34bfef13) ori     t5, t6, 843
core   0: 3 0x8000562e (0x34bfef13) x30 0x0000034b
core   0: 0x80005632 (0x01d9ad33) slt     s10, s3, t4
core   0: 3 0x80005632 (0x01d9ad33) x26 0x00000000
core   0: 0x80005636 (0x0153dbb3) srl     s7, t2, s5
core   0: 3 0x80005636 (0x0153dbb3) x23 0x00000000
core   0: 0x8000563a (0x013a1093) slli    ra, s4, 19
core   0: 3 0x8000563a (0x013a1093) x 1 0x28000000
core   0: 0x8000563e (0x00008d31) c.xor   a0, a2
core   0: 3 0x8000563e (0x8d31) x10 0x098912b9
core   0: 0x80005640 (0x01e008b3) add     a7, zero, t5
core   0: 3 0x80005640 (0x01e008b3) x17 0x0000034b
core   0: 0x80005644 (0x029851b3) divu    gp, a6, s1
core   0: 3 0x80005644 (0x029851b3) x 3 0x00000001
core   0: 0x80005648 (0x035909b3) mul     s3, s2, s5
core   0: 3 0x80005648 (0x035909b3) x19 0x00000000
core   0: 0x8000564c (0x0034ef33) or      t5, s1, gp
core   0: 3 0x8000564c (0x0034ef33) x30 0x8000fe65
core   0: 0x80005650 (0xcdfa8593) addi    a1, s5, -801
core   0: 3 0x80005650 (0xcdfa8593) x11 0x4c4892a5
core   0: 0x80005654 (0x000099ba) c.add   s3, a4
core   0: 3 0x80005654 (0x99ba) x19 0x00000008
core   0: 0x80005656 (0x9917c393) xori    t2, a5, -1647
core   0: 3 0x80005656 (0x9917c393) x 7 0xfffff991
core   0: 0x8000565a (0x97a98b13) addi    s6, s3, -1670
core   0: 3 0x8000565a (0x97a98b13) x22 0xfffff982
core   0: 0x8000565e (0x03ff6eb3) rem     t4, t5, t6
core   0: 3 0x8000565e (0x03ff6eb3) x29 0x8000fe65
core   0: 0x80005662 (0x02784c33) div     s8, a6, t2
core   0: 3 0x80005662 (0x02784c33) x24 0x0013e512
core   0: 0x80005666 (0x00008eb1) c.xor   a3, a2
core   0: 3 0x80005666 (0x8eb1) x13 0x098912b8
core   0: 0x80005668 (0x00008da9) c.xor   a1, a0
core   0: 3 0x80005668 (0x8da9) x11 0x45c1801c
core   0: 0x8000566a (0x000536b3) sltu    a3, a0, zero
core   0: 3 0x8000566a (0x000536b3) x13 0x00000000
core   0: 0x8000566e (0x002e3db3) sltu    s11, t3, sp
core   0: 3 0x8000566e (0x002e3db3) x27 0x00000000
core   0: 0x80005672 (0x2d27e293) ori     t0, a5, 722
core   0: 3 0x80005672 (0x2d27e293) x 5 0x000002d2
core   0: 0x80005676 (0x303e0f93) addi    t6, t3, 771
core   0: 3 0x80005676 (0x303e0f93) x31 0xcae14e7d
core   0: 0x8000567a (0x010c98b3) sll     a7, s9, a6
core   0: 3 0x8000567a (0x010c98b3) x17 0x00000000
core   0: 0x8000567e (0x012c3d33) sltu    s10, s8, s2
core   0: 3 0x8000567e (0x012c3d33) x26 0x00000000
core   0: 0x80005682 (0x00000001) c.nop
core   0: 3 0x80005682 (0x0001)
core   0: 0x80005684 (0x0000892d) c.andi  a0, 11
core   0: 3 0x80005684 (0x892d) x10 0x00000009
core   0: 0x80005686 (0xbfa90113) addi    sp, s2, -1030
core   0: 3 0x80005686 (0xbfa90113) x 2 0xfffffbfa
core   0: 0x8000568a (0x00000001) c.nop
core   0: 3 0x8000568a (0x0001)
core   0: 0x8000568c (0x00000c56) c.slli  s8, 21
core   0: 3 0x8000568c (0x0c56) x24 0xa2400000
core   0: 0x8000568e (0x01109d93) slli    s11, ra, 17
core   0: 3 0x8000568e (0x01109d93) x27 0x00000000
core   0: 0x80005692 (0x005f3933) sltu    s2, t5, t0
core   0: 3 0x80005692 (0x005f3933) x18 0x00000000
core   0: 0x80005696 (0x0263d5b3) divu    a1, t2, t1
core   0: 3 0x80005696 (0x0263d5b3) x11 0x00000001
core   0: 0x8000569a (0x03465433) divu    s0, a2, s4
core   0: 3 0x8000569a (0x03465433) x 8 0x0001e836
core   0: 0x8000569e (0x0000717d) c.addi16sp sp, -16
core   0: 3 0x8000569e (0x717d) x 2 0xfffffbea
core   0: 0x800056a0 (0x001da5b3) slt     a1, s11, ra
core   0: 3 0x800056a0 (0x001da5b3) x11 0x00000001
core   0: 0x800056a4 (0x00fc2c33) slt     s8, s8, a5
core   0: 3 0x800056a4 (0x00fc2c33) x24 0x00000001
core   0: 0x800056a8 (0x029a6c33) rem     s8, s4, s1
core   0: 3 0x800056a8 (0x029a6c33) x24 0x00000500
core   0: 0x800056ac (0x004dcf33) xor     t5, s11, tp
core   0: 3 0x800056ac (0x004dcf33) x30 0x071a9574
core   0: 0x800056b0 (0x00001bfd) c.addi  s7, -1
core   0: 3 0x800056b0 (0x1bfd) x23 0xffffffff
core   0: 0x800056b2 (0x00008a66) c.mv    s4, s9
core   0: 3 0x800056b2 (0x8a66) x20 0x00000000
core   0: 0x800056b4 (0x9b7afe17) auipc   t3, 0x9b7af
core   0: 3 0x800056b4 (0x9b7afe17) x28 0x1b7b46b4
core   0: 0x800056b8 (0x00009bfd) c.andi  a5, -1
core   0: 3 0x800056b8 (0x9bfd) x15 0x00000000
core   0: 0x800056ba (0x019216b3) sll     a3, tp, s9
core   0: 3 0x800056ba (0x019216b3) x13 0x071a9574
core   0: 0x800056be (0x01874133) xor     sp, a4, s8
core   0: 3 0x800056be (0x01874133) x 2 0x00000508
core   0: 0x800056c2 (0x02815fb3) divu    t6, sp, s0
core   0: 3 0x800056c2 (0x02815fb3) x31 0x00000000
core   0: 0x800056c6 (0x025d2333) mulhsu  t1, s10, t0
core   0: 3 0x800056c6 (0x025d2333) x 6 0x00000000
core   0: 0x800056ca (0x016d9d33) sll     s10, s11, s6
core   0: 3 0x800056ca (0x016d9d33) x26 0x00000000
core   0: 0x800056ce (0xf8692793) slti    a5, s2, -122
core   0: 3 0x800056ce (0xf8692793) x15 0x00000000
core   0: 0x800056d2 (0x01eff133) and     sp, t6, t5
core   0: 3 0x800056d2 (0x01eff133) x 2 0x00000000
core   0: 0x800056d6 (0x019df2b3) and     t0, s11, s9
core   0: 3 0x800056d6 (0x019df2b3) x 5 0x00000000
core   0: 0x800056da (0x411a8333) sub     t1, s5, a7
core   0: 3 0x800056da (0x411a8333) x 6 0x4c4895c6
core   0: 0x800056de (0x0000068e) c.slli  a3, 3
core   0: 3 0x800056de (0x068e) x13 0x38d4aba0
core   0: 0x800056e0 (0x00009e76) c.add   t3, t4
core   0: 3 0x800056e0 (0x9e76) x28 0x9b7c4519
core   0: 0x800056e2 (0x03b8ef33) rem     t5, a7, s11
core   0: 3 0x800056e2 (0x03b8ef33) x30 0x00000000
core   0: 0x800056e6 (0x40e98d33) sub     s10, s3, a4
core   0: 3 0x800056e6 (0x40e98d33) x26 0x00000000
core   0: 0x800056ea (0x022b49b3) div     s3, s6, sp
core   0: 3 0x800056ea (0x022b49b3) x19 0xffffffff
core   0: 0x800056ee (0x03e4c3b3) div     t2, s1, t5
core   0: 3 0x800056ee (0x03e4c3b3) x 7 0xffffffff
core   0: 0x800056f2 (0x03bcf533) remu    a0, s9, s11
core   0: 3 0x800056f2 (0x03bcf533) x10 0x00000000
core   0: 0x800056f6 (0xffab8793) addi    a5, s7, -6
core   0: 3 0x800056f6 (0xffab8793) x15 0xfffffff9
core   0: 0x800056fa (0x00008eb9) c.xor   a3, a4
core   0: 3 0x800056fa (0x8eb9) x13 0x38d4aba8
core   0: 0x800056fc (0x40378933) sub     s2, a5, gp
core   0: 3 0x800056fc (0x40378933) x18 0xfffffff8
core   0: 0x80005700 (0x02348433) mul     s0, s1, gp
core   0: 3 0x80005700 (0x02348433) x 8 0x8000fe64
core   0: 0x80005704 (0x01b7ca33) xor     s4, a5, s11
core   0: 3 0x80005704 (0x01b7ca33) x20 0xfffffff9
core   0: 0x80005708 (0x41c78e33) sub     t3, a5, t3
core   0: 3 0x80005708 (0x41c78e33) x28 0x6483bae0
core   0: 0x8000570c (0x00abd633) srl     a2, s7, a0
core   0: 3 0x8000570c (0x00abd633) x12 0xffffffff
core   0: 0x80005710 (0x00006421) c.lui   s0, 0x8
core   0: 3 0x80005710 (0x6421) x 8 0x00008000
core   0: 0x80005712 (0x01565033) srl     zero, a2, s5
core   0: 3 0x80005712 (0x01565033)
core   0: 0x80005716 (0x00008ec9) c.or    a3, a0
core   0: 3 0x80005716 (0x8ec9) x13 0x38d4aba8
core   0: 0x80005718 (0x40dd0db3) sub     s11, s10, a3
core   0: 3 0x80005718 (0x40dd0db3) x27 0xc72b5458
core   0: 0x8000571c (0x0000717d) c.addi16sp sp, -16
core   0: 3 0x8000571c (0x717d) x 2 0xfffffff0
core   0: 0x8000571e (0x000c1ab3) sll     s5, s8, zero
core   0: 3 0x8000571e (0x000c1ab3) x21 0x00000500
core   0: 0x80005722 (0x023a38b3) mulhu   a7, s4, gp
core   0: 3 0x80005722 (0x023a38b3) x17 0x00000000
core   0: 0x80005726 (0x02ca7eb3) remu    t4, s4, a2
core   0: 3 0x80005726 (0x02ca7eb3) x29 0xfffffff9
core   0: 0x8000572a (0x039aa3b3) mulhsu  t2, s5, s9
core   0: 3 0x8000572a (0x039aa3b3) x 7 0x00000000
core   0: 0x8000572e (0x00004fe9) c.li    t6, 26
core   0: 3 0x8000572e (0x4fe9) x31 0x0000001a
core   0: 0x80005730 (0x0000039c) c.addi4spn a5, sp, 448
core   0: 3 0x80005730 (0x039c) x15 0x000001b0
core   0: 0x80005732 (0xae214437) lui     s0, 0xae214
core   0: 3 0x80005732 (0xae214437) x 8 0xae214000
core   0: 0x80005736 (0x411d0d33) sub     s10, s10, a7
core   0: 3 0x80005736 (0x411d0d33) x26 0x00000000
core   0: 0x8000573a (0x6f78eb17) auipc   s6, 0x6f78e
core   0: 3 0x8000573a (0x6f78eb17) x22 0xef79373a
core   0: 0x8000573e (0x01a09893) slli    a7, ra, 26
core   0: 3 0x8000573e (0x01a09893) x17 0x00000000
core   0: 0x80005742 (0x035ea8b3) mulhsu  a7, t4, s5
core   0: 3 0x80005742 (0x035ea8b3) x17 0xffffffff
core   0: 0x80005746 (0x0079f8b3) and     a7, s3, t2
core   0: 3 0x80005746 (0x0079f8b3) x17 0x00000000
core   0: 0x8000574a (0x10d14297) auipc   t0, 0x10d14
core   0: 3 0x8000574a (0x10d14297) x 5 0x90d1974a
core   0: 0x8000574e (0x021d51b3) divu    gp, s10, ra
core   0: 3 0x8000574e (0x021d51b3) x 3 0x00000000
core   0: 0x80005752 (0x000082a5) c.srli  a3, 9
core   0: 3 0x80005752 (0x82a5) x13 0x001c6a55
core   0: 0x80005754 (0x005b5633) srl     a2, s6, t0
core   0: 3 0x80005754 (0x005b5633) x12 0x003bde4d
core   0: 0x80005758 (0x00008e95) c.sub   a3, a3
core   0: 3 0x80005758 (0x8e95) x13 0x00000000
core   0: 0x8000575a (0xaff9cb93) xori    s7, s3, -1281
core   0: 3 0x8000575a (0xaff9cb93) x23 0x00000500
core   0: 0x8000575e (0x00001508) c.addi4spn a0, sp, 672
core   0: 3 0x8000575e (0x1508) x10 0x00000290
core   0: 0x80005760 (0xeb78e013) ori     zero, a7, -329
core   0: 3 0x80005760 (0xeb78e013)
core   0: 0x80005764 (0xff2f7b13) andi    s6, t5, -14
core   0: 3 0x80005764 (0xff2f7b13) x22 0x00000000
core   0: 0x80005768 (0x00d8a1b3) slt     gp, a7, a3
core   0: 3 0x80005768 (0x00d8a1b3) x 3 0x00000000
core   0: 0x8000576c (0x0000717d) c.addi16sp sp, -16
core   0: 3 0x8000576c (0x717d) x 2 0xffffffe0
core   0: 0x8000576e (0x80bced13) ori     s10, s9, -2037
core   0: 3 0x8000576e (0x80bced13) x26 0xfffff80b
core   0: 0x80005772 (0x0299cdb3) div     s11, s3, s1
core   0: 3 0x80005772 (0x0299cdb3) x27 0x00000000
core   0: 0x80005776 (0x0000717d) c.addi16sp sp, -16
core   0: 3 0x80005776 (0x717d) x 2 0xffffffd0
core   0: 0x80005778 (0x00008fdd) c.or    a5, a5
core   0: 3 0x80005778 (0x8fdd) x15 0x000001b0
core   0: 0x8000577a (0x0000717d) c.addi16sp sp, -16
core   0: 3 0x8000577a (0x717d) x 2 0xffffffc0
core   0: 0x8000577c (0x00008de5) c.and   a1, s1
core   0: 3 0x8000577c (0x8de5) x11 0x00000000
core   0: 0x8000577e (0x00000180) c.addi4spn s0, sp, 192
core   0: 3 0x8000577e (0x0180) x 8 0x00000080
core   0: 0x80005780 (0x003dd6b3) srl     a3, s11, gp
core   0: 3 0x80005780 (0x003dd6b3) x13 0x00000000
core   0: 0x80005784 (0x03e7bfb3) mulhu   t6, a5, t5
core   0: 3 0x80005784 (0x03e7bfb3) x31 0x00000000
core   0: 0x80005788 (0x02acaeb3) mulhsu  t4, s9, a0
core   0: 3 0x80005788 (0x02acaeb3) x29 0x00000000
core   0: 0x8000578c (0x00001a7d) c.addi  s4, -1
core   0: 3 0x8000578c (0x1a7d) x20 0xfffffff8
core   0: 0x8000578e (0x0378cbb3) div     s7, a7, s7
core   0: 3 0x8000578e (0x0378cbb3) x23 0x00000000
core   0: 0x80005792 (0x002ee033) or      zero, t4, sp
core   0: 3 0x80005792 (0x002ee033)
core   0: 0x80005796 (0x00001b10) c.addi4spn a2, sp, 432
core   0: 3 0x80005796 (0x1b10) x12 0x00000170
core   0: 0x80005798 (0x00b08b33) add     s6, ra, a1
core   0: 3 0x80005798 (0x00b08b33) x22 0x28000000
core   0: 0x8000579c (0x000082c5) c.srli  a3, 17
core   0: 3 0x8000579c (0x82c5) x13 0x00000000
core   0: 0x8000579e (0x01c14f33) xor     t5, sp, t3
core   0: 3 0x8000579e (0x01c14f33) x30 0x9b7c4520
core   0: 0x800057a2 (0x0025d513) srli    a0, a1, 2
core   0: 3 0x800057a2 (0x0025d513) x10 0x00000000
core   0: 0x800057a6 (0x5ffe6513) ori     a0, t3, 1535
core   0: 3 0x800057a6 (0x5ffe6513) x10 0x6483bfff
core   0: 0x800057aa (0x00000001) c.nop
core   0: 3 0x800057aa (0x0001)
core   0: 0x800057ac (0x9173b313) sltiu   t1, t2, -1769
core   0: 3 0x800057ac (0x9173b313) x 6 0x00000001
core   0: 0x800057b0 (0x0000644d) c.lui   s0, 0x13
core   0: 3 0x800057b0 (0x644d) x 8 0x00013000
core   0: 0x800057b2 (0x01d61a93) slli    s5, a2, 29
core   0: 3 0x800057b2 (0x01d61a93) x21 0x00000000
core   0: 0x800057b6 (0x00004a99) c.li    s5, 6
core   0: 3 0x800057b6 (0x4a99) x21 0x00000006
core   0: 0x800057b8 (0xe2c76513) ori     a0, a4, -468
core   0: 3 0x800057b8 (0xe2c76513) x10 0xfffffe2c
core   0: 0x800057bc (0x02e93633) mulhu   a2, s2, a4
core   0: 3 0x800057bc (0x02e93633) x12 0x00000007
core   0: 0x800057c0 (0x00000001) c.nop
core   0: 3 0x800057c0 (0x0001)
core   0: 0x800057c2 (0x03cf08b3) mul     a7, t5, t3
core   0: 3 0x800057c2 (0x03cf08b3) x17 0x3655bc00
core   0: 0x800057c6 (0x0350f1b3) remu    gp, ra, s5
core   0: 3 0x800057c6 (0x0350f1b3) x 3 0x00000004
core   0: 0x800057ca (0x003490b3) sll     ra, s1, gp
core   0: 3 0x800057ca (0x003490b3) x 1 0x000fe640
core   0: 0x800057ce (0x61c14197) auipc   gp, 0x61c14
core   0: 3 0x800057ce (0x61c14197) x 3 0xe1c197ce
core   0: 0x800057d2 (0x02c68697) auipc   a3, 0x2c68
core   0: 3 0x800057d2 (0x02c68697) x13 0x82c6d7d2
core   0: 0x800057d6 (0x00000001) c.nop
core   0: 3 0x800057d6 (0x0001)
core   0: 0x800057d8 (0x00008655) c.srai  a2, 21
core   0: 3 0x800057d8 (0x8655) x12 0x00000000
core   0: 0x800057da (0x00000001) c.nop
core   0: 3 0x800057da (0x0001)
core   0: 0x800057dc (0x75b0c037) lui     zero, 0x75b0c
core   0: 3 0x800057dc (0x75b0c037)
core   0: 0x800057e0 (0x02e21233) mulh    tp, tp, a4
core   0: 3 0x800057e0 (0x02e21233) x 4 0x00000000
core   0: 0x800057e4 (0x00008e39) c.xor   a2, a4
core   0: 3 0x800057e4 (0x8e39) x12 0x00000008
core   0: 0x800057e6 (0xbb756517) auipc   a0, 0xbb756
core   0: 3 0x800057e6 (0xbb756517) x10 0x3b75b7e6
core   0: 0x800057ea (0x000066e5) c.lui   a3, 0x19
core   0: 3 0x800057ea (0x66e5) x13 0x00019000
core   0: 0x800057ec (0x00154233) xor     tp, a0, ra
core   0: 3 0x800057ec (0x00154233) x 4 0x3b7a51a6
core   0: 0x800057f0 (0x4073dab3) sra     s5, t2, t2
core   0: 3 0x800057f0 (0x4073dab3) x21 0x00000000
core   0: 0x800057f4 (0x61684113) xori    sp, a6, 1558
core   0: 3 0x800057f4 (0x61684113) x 2 0x80013af2
core   0: 0x800057f8 (0xb9f47b13) andi    s6, s0, -1121
core   0: 3 0x800057f8 (0xb9f47b13) x22 0x00013000
core   0: 0x800057fc (0x01ad3fb3) sltu    t6, s10, s10
core   0: 3 0x800057fc (0x01ad3fb3) x31 0x00000000
core   0: 0x80005800 (0x011b0e13) addi    t3, s6, 17
core   0: 3 0x80005800 (0x011b0e13) x28 0x00013011
core   0: 0x80005804 (0x00008f15) c.sub   a4, a3
core   0: 3 0x80005804 (0x8f15) x14 0xfffe7008
core   0: 0x80005806 (0x016f91b3) sll     gp, t6, s6
core   0: 3 0x80005806 (0x016f91b3) x 3 0x00000000
core   0: 0x8000580a (0x02c1fdb3) remu    s11, gp, a2
core   0: 3 0x8000580a (0x02c1fdb3) x27 0x00000000
core   0: 0x8000580e (0x01390733) add     a4, s2, s3
core   0: 3 0x8000580e (0x01390733) x14 0xfffffff7
core   0: 0x80005812 (0x0000616d) c.addi16sp sp, 240
core   0: 3 0x80005812 (0x616d) x 2 0x80013be2
core   0: 0x80005814 (0x00000e72) c.slli  t3, 28
core   0: 3 0x80005814 (0x0e72) x28 0x10000000
core   0: 0x80005816 (0x40e28b33) sub     s6, t0, a4
core   0: 3 0x80005816 (0x40e28b33) x22 0x90d19753
core   0: 0x8000581a (0x0075d433) srl     s0, a1, t2
core   0: 3 0x8000581a (0x0075d433) x 8 0x00000000
core   0: 0x8000581e (0x00008c39) c.xor   s0, a4
core   0: 3 0x8000581e (0x8c39) x 8 0xfffffff7
core   0: 0x80005820 (0x03ded533) divu    a0, t4, t4
core   0: 3 0x80005820 (0x03ded533) x10 0xffffffff
core   0: 0x80005824 (0x558b0a93) addi    s5, s6, 1368
core   0: 3 0x80005824 (0x558b0a93) x21 0x90d19cab
core   0: 0x80005828 (0x00000d9e) c.slli  s11, 7
core   0: 3 0x80005828 (0x0d9e) x27 0x00000000
core   0: 0x8000582a (0x00009436) c.add   s0, a3
core   0: 3 0x8000582a (0x9436) x 8 0x00018ff7
core   0: 0x8000582c (0x014e9613) slli    a2, t4, 20
core   0: 3 0x8000582c (0x014e9613) x12 0x00000000
core   0: 0x80005830 (0xdde49937) lui     s2, 0xdde49
core   0: 3 0x80005830 (0xdde49937) x18 0xdde49000
core   0: 0x80005834 (0x412c5d13) srai    s10, s8, 18
core   0: 3 0x80005834 (0x412c5d13) x26 0x00000000
core   0: 0x80005838 (0x00f59f33) sll     t5, a1, a5
core   0: 3 0x80005838 (0x00f59f33) x30 0x00000000
core   0: 0x8000583c (0x00008171) c.srli  a0, 28
core   0: 3 0x8000583c (0x8171) x10 0x0000000f
core   0: 0x8000583e (0x03f4f033) remu    zero, s1, t6
core   0: 3 0x8000583e (0x03f4f033)
core   0: 0x80005842 (0xf33fa593) slti    a1, t6, -205
core   0: 3 0x80005842 (0xf33fa593) x11 0x00000000
core   0: 0x80005846 (0x011fa333) slt     t1, t6, a7
core   0: 3 0x80005846 (0x011fa333) x 6 0x00000001
core   0: 0x8000584a (0x00000001) c.nop
core   0: 3 0x8000584a (0x0001)
core   0: 0x8000584c (0x00f27eb3) and     t4, tp, a5
core   0: 3 0x8000584c (0x00f27eb3) x29 0x000001a0
core   0: 0x80005850 (0x027969b3) rem     s3, s2, t2
core   0: 3 0x80005850 (0x027969b3) x19 0xdde49000
core   0: 0x80005854 (0x01c3d893) srli    a7, t2, 28
core   0: 3 0x80005854 (0x01c3d893) x17 0x00000000
core   0: 0x80005858 (0x00008d9d) c.sub   a1, a5
core   0: 3 0x80005858 (0x8d9d) x11 0xfffffe50
core   0: 0x8000585a (0x032beb33) rem     s6, s7, s2
core   0: 3 0x8000585a (0x032beb33) x22 0x00000000
core   0: 0x8000585e (0x00800f33) add     t5, zero, s0
core   0: 3 0x8000585e (0x00800f33) x30 0x00018ff7
core   0: 0x80005862 (0x00001f7d) c.addi  t5, -1
core   0: 3 0x80005862 (0x1f7d) x30 0x00018ff6
core   0: 0x80005864 (0x00001390) c.addi4spn a2, sp, 480
core   0: 3 0x80005864 (0x1390) x12 0x80013dc2
core   0: 0x80005866 (0x02fdbd33) mulhu   s10, s11, a5
core   0: 3 0x80005866 (0x02fdbd33) x26 0x00000000
core   0: 0x8000586a (0x00008f05) c.sub   a4, s1
core   0: 3 0x8000586a (0x8f05) x14 0x7fff0193
core   0: 0x8000586c (0x40eb8133) sub     sp, s7, a4
core   0: 3 0x8000586c (0x40eb8133) x 2 0x8000fe6d
core   0: 0x80005870 (0x02ce4033) div     zero, t3, a2
core   0: 3 0x80005870 (0x02ce4033)
core   0: 0x80005874 (0x00008a9d) c.andi  a3, 7
core   0: 3 0x80005874 (0x8a9d) x13 0x00000000
core   0: 0x80005876 (0x0000517d) c.li    sp, -1
core   0: 3 0x80005876 (0x517d) x 2 0xffffffff
core   0: 0x80005878 (0x02d35b33) divu    s6, t1, a3
core   0: 3 0x80005878 (0x02d35b33) x22 0xffffffff
core   0: 0x8000587c (0x03d63033) mulhu   zero, a2, t4
core   0: 3 0x8000587c (0x03d63033)
core   0: 0x80005880 (0x4131df93) srai    t6, gp, 19
core   0: 3 0x80005880 (0x4131df93) x31 0x00000000
core   0: 0x80005884 (0x00001800) c.addi4spn s0, sp, 48
core   0: 3 0x80005884 (0x1800) x 8 0x0000002f
core   0: 0x80005886 (0x0000044d) c.addi  s0, 19
core   0: 3 0x80005886 (0x044d) x 8 0x00000042
core   0: 0x80005888 (0x02eccdb3) div     s11, s9, a4
core   0: 3 0x80005888 (0x02eccdb3) x27 0x00000000
core   0: 0x8000588c (0x000089f5) c.andi  a1, 29
core   0: 3 0x8000588c (0x89f5) x11 0x00000010
core   0: 0x8000588e (0x0164f5b3) and     a1, s1, s6
core   0: 3 0x8000588e (0x0164f5b3) x11 0x8000fe64
core   0: 0x80005892 (0x018015b3) sll     a1, zero, s8
core   0: 3 0x80005892 (0x018015b3) x11 0x00000000
core   0: 0x80005896 (0x011e1b93) slli    s7, t3, 17
core   0: 3 0x80005896 (0x011e1b93) x23 0x00000000
core   0: 0x8000589a (0x00b1fd33) and     s10, gp, a1
core   0: 3 0x8000589a (0x00b1fd33) x26 0x00000000
core   0: 0x8000589e (0x01232133) slt     sp, t1, s2
core   0: 3 0x8000589e (0x01232133) x 2 0x00000000
core   0: 0x800058a2 (0x01c69bb3) sll     s7, a3, t3
core   0: 3 0x800058a2 (0x01c69bb3) x23 0x00000000
core   0: 0x800058a6 (0x002f46b3) xor     a3, t5, sp
core   0: 3 0x800058a6 (0x002f46b3) x13 0x00018ff6
core   0: 0x800058aa (0x00008645) c.srai  a2, 17
core   0: 3 0x800058aa (0x8645) x12 0xffffc000
core   0: 0x800058ac (0x0252b6b3) mulhu   a3, t0, t0
core   0: 3 0x800058ac (0x0252b6b3) x13 0x51ec75cb
core   0: 0x800058b0 (0x034a3633) mulhu   a2, s4, s4
core   0: 3 0x800058b0 (0x034a3633) x12 0xfffffff0
core   0: 0x800058b4 (0x00000001) c.nop
core   0: 3 0x800058b4 (0x0001)
core   0: 0x800058b6 (0x00008f4d) c.or    a4, a1
core   0: 3 0x800058b6 (0x8f4d) x14 0x7fff0193
core   0: 0x800058b8 (0x000003de) c.slli  t2, 23
core   0: 3 0x800058b8 (0x03de) x 7 0x00000000
core   0: 0x800058ba (0x000083ee) c.mv    t2, s11
core   0: 3 0x800058ba (0x83ee) x 7 0x00000000
core   0: 0x800058bc (0x0167d933) srl     s2, a5, s6
core   0: 3 0x800058bc (0x0167d933) x18 0x00000000
core   0: 0x800058c0 (0x00001e7d) c.addi  t3, -1
core   0: 3 0x800058c0 (0x1e7d) x28 0x0fffffff
core   0: 0x800058c2 (0x018a3333) sltu    t1, s4, s8
core   0: 3 0x800058c2 (0x018a3333) x 6 0x00000000
core   0: 0x800058c6 (0x0000717d) c.addi16sp sp, -16
core   0: 3 0x800058c6 (0x717d) x 2 0xfffffff0
core   0: 0x800058c8 (0x40ac5093) srai    ra, s8, 10
core   0: 3 0x800058c8 (0x40ac5093) x 1 0x00000001
core   0: 0x800058cc (0x004c90b3) sll     ra, s9, tp
core   0: 3 0x800058cc (0x004c90b3) x 1 0x00000000
core   0: 0x800058d0 (0x00008da1) c.xor   a1, s0
core   0: 3 0x800058d0 (0x8da1) x11 0x00000042
core   0: 0x800058d2 (0x72258a13) addi    s4, a1, 1826
core   0: 3 0x800058d2 (0x72258a13) x20 0x00000764
core   0: 0x800058d6 (0xa55097b7) lui     a5, 0xa5509
core   0: 3 0x800058d6 (0xa55097b7) x15 0xa5509000
core   0: 0x800058da (0x00a4d313) srli    t1, s1, 10
core   0: 3 0x800058da (0x00a4d313) x 6 0x0020003f
core   0: 0x800058de (0x00008435) c.srai  s0, 13
core   0: 3 0x800058de (0x8435) x 8 0x00000000
core   0: 0x800058e0 (0x276c4893) xori    a7, s8, 630
core   0: 3 0x800058e0 (0x276c4893) x17 0x00000776
core   0: 0x800058e4 (0x404783b3) sub     t2, a5, tp
core   0: 3 0x800058e4 (0x404783b3) x 7 0x69d63e5a
core   0: 0x800058e8 (0x02c6bc33) mulhu   s8, a3, a2
core   0: 3 0x800058e8 (0x02c6bc33) x24 0x51ec75c5
core   0: 0x800058ec (0x00000b45) c.addi  s6, 17
core   0: 3 0x800058ec (0x0b45) x22 0x00000010
core   0: 0x800058ee (0x02750733) mul     a4, a0, t2
core   0: 3 0x800058ee (0x02750733) x14 0x338da746
core   0: 0x800058f2 (0x3f3e1317) auipc   t1, 0x3f3e1
core   0: 3 0x800058f2 (0x3f3e1317) x 6 0xbf3e68f2
core   0: 0x800058f6 (0x01bab533) sltu    a0, s5, s11
core   0: 3 0x800058f6 (0x01bab533) x10 0x00000000
core   0: 0x800058fa (0x00000001) c.nop
core   0: 3 0x800058fa (0x0001)
core   0: 0x800058fc (0x001c7933) and     s2, s8, ra
core   0: 3 0x800058fc (0x001c7933) x18 0x00000000
core   0: 0x80005900 (0x00008649) c.srai  a2, 18
core   0: 3 0x80005900 (0x8649) x12 0xffffffff
core   0: 0x80005902 (0x00008f7d) c.and   a4, a5
core   0: 3 0x80005902 (0x8f7d) x14 0x21008000
core   0: 0x80005904 (0x00006179) c.addi16sp sp, 464
core   0: 3 0x80005904 (0x6179) x 2 0x000001c0
core   0: 0x80005906 (0x007a2db3) slt     s11, s4, t2
core   0: 3 0x80005906 (0x007a2db3) x27 0x00000001
core   0: 0x8000590a (0xb463f5b7) lui     a1, 0xb463f
core   0: 3 0x8000590a (0xb463f5b7) x11 0xb463f000
core   0: 0x8000590e (0x000065bd) c.lui   a1, 0xf
core   0: 3 0x8000590e (0x65bd) x11 0x0000f000
core   0: 0x80005910 (0x01c4b6b3) sltu    a3, s1, t3
core   0: 3 0x80005910 (0x01c4b6b3) x13 0x00000000
core   0: 0x80005914 (0x00008efd) c.and   a3, a5
core   0: 3 0x80005914 (0x8efd) x13 0x00000000
core   0: 0x80005916 (0xad5f3797) auipc   a5, 0xad5f3
core   0: 3 0x80005916 (0xad5f3797) x15 0x2d5f8916
core   0: 0x8000591a (0x0000051d) c.addi  a0, 7
core   0: 3 0x8000591a (0x051d) x10 0x00000007
core   0: 0x8000591c (0x0269fdb3) remu    s11, s3, t1
core   0: 3 0x8000591c (0x0269fdb3) x27 0x1ea6270e
core   0: 0x80005920 (0x0344abb3) mulhsu  s7, s1, s4
core   0: 3 0x80005920 (0x0344abb3) x23 0xfffffc4e
core   0: 0x80005924 (0x018dd893) srli    a7, s11, 24
core   0: 3 0x80005924 (0x018dd893) x17 0x0000001e
core   0: 0x80005928 (0x03ee3333) mulhu   t1, t3, t5
core   0: 3 0x80005928 (0x03ee3333) x 6 0x000018ff
core   0: 0x8000592c (0x00000001) c.nop
core   0: 3 0x8000592c (0x0001)
core   0: 0x8000592e (0x019f0133) add     sp, t5, s9
core   0: 3 0x8000592e (0x019f0133) x 2 0x00018ff6
core   0: 0x80005932 (0x000001fe) c.slli  gp, 31
core   0: 3 0x80005932 (0x01fe) x 3 0x00000000
core   0: 0x80005934 (0x0000547d) c.li    s0, -1
core   0: 3 0x80005934 (0x547d) x 8 0xffffffff
core   0: 0x80005936 (0x8ac27a13) andi    s4, tp, -1876
core   0: 3 0x80005936 (0x8ac27a13) x20 0x3b7a50a4
core   0: 0x8000593a (0x00006145) c.addi16sp sp, 48
core   0: 3 0x8000593a (0x6145) x 2 0x00019026
core   0: 0x8000593c (0x4107dd13) srai    s10, a5, 16
core   0: 3 0x8000593c (0x4107dd13) x26 0x00002d5f
core   0: 0x80005940 (0x01ca5633) srl     a2, s4, t3
core   0: 3 0x80005940 (0x01ca5633) x12 0x00000000
core   0: 0x80005944 (0x000081f1) c.srli  a1, 28
core   0: 3 0x80005944 (0x81f1) x11 0x00000000
core   0: 0x80005946 (0x015c52b3) srl     t0, s8, s5
core   0: 3 0x80005946 (0x015c52b3) x 5 0x000a3d8e
core   0: 0x8000594a (0x0045d093) srli    ra, a1, 4
core   0: 3 0x8000594a (0x0045d093) x 1 0x00000000
core   0: 0x8000594e (0x00006945) c.lui   s2, 0x11
core   0: 3 0x8000594e (0x6945) x18 0x00011000
core   0: 0x80005950 (0x00008acd) c.andi  a3, 19
core   0: 3 0x80005950 (0x8acd) x13 0x00000000
core   0: 0x80005952 (0x3eec1997) auipc   s3, 0x3eec1
core   0: 3 0x80005952 (0x3eec1997) x19 0xbeec6952
core   0: 0x80005956 (0x1f5ac593) xori    a1, s5, 501
core   0: 3 0x80005956 (0x1f5ac593) x11 0x90d19d5e
core   0: 0x8000595a (0x00004b01) c.li    s6, 0
core   0: 3 0x8000595a (0x4b01) x22 0x00000000
core   0: 0x8000595c (0x00004f81) c.li    t6, 0
core   0: 3 0x8000595c (0x4f81) x31 0x00000000
core   0: 0x8000595e (0x800001b7) lui     gp, 0x80000
core   0: 3 0x8000595e (0x800001b7) x 3 0x80000000
core   0: 0x80005962 (0x80000637) lui     a2, 0x80000
core   0: 3 0x80005962 (0x80000637) x12 0x80000000
core   0: 0x80005966 (0x00004781) c.li    a5, 0
core   0: 3 0x80005966 (0x4781) x15 0x00000000
core   0: 0x80005968 (0xfff00713) li      a4, -1
core   0: 3 0x80005968 (0xfff00713) x14 0xffffffff
core   0: 0x8000596c (0x80000f37) lui     t5, 0x80000
core   0: 3 0x8000596c (0x80000f37) x30 0x80000000
core   0: 0x80005970 (0x800006b7) lui     a3, 0x80000
core   0: 3 0x80005970 (0x800006b7) x13 0x80000000
core   0: 0x80005974 (0x209c72b7) lui     t0, 0x209c7
core   0: 3 0x80005974 (0x209c72b7) x 5 0x209c7000
core   0: 0x80005978 (0x87d28293) addi    t0, t0, -1923
core   0: 3 0x80005978 (0x87d28293) x 5 0x209c687d
core   0: 0x8000597c (0xfff00a93) li      s5, -1
core   0: 3 0x8000597c (0xfff00a93) x21 0xffffffff
core   0: 0x80005980 (0x41618733) sub     a4, gp, s6
core   0: 3 0x80005980 (0x41618733) x14 0x80000000
core   0: 0x80005984 (0x40cb0ab3) sub     s5, s6, a2
core   0: 3 0x80005984 (0x40cb0ab3) x21 0x80000000
core   0: 0x80005988 (0x015f01b3) add     gp, t5, s5
core   0: 3 0x80005988 (0x015f01b3) x 3 0x00000000
core   0: 0x8000598c (0x035a8fb3) mul     t6, s5, s5
core   0: 3 0x8000598c (0x035a8fb3) x31 0x00000000
core   0: 0x80005990 (0x2e287a97) auipc   s5, 0x2e287
core   0: 3 0x80005990 (0x2e287a97) x21 0xae28c990
core   0: 0x80005994 (0x0351d1b3) divu    gp, gp, s5
core   0: 3 0x80005994 (0x0351d1b3) x 3 0x00000000
core   0: 0x80005998 (0x71b00197) auipc   gp, 0x71b00
core   0: 3 0x80005998 (0x71b00197) x 3 0xf1b05998
core   0: 0x8000599c (0x036fcb33) div     s6, t6, s6
core   0: 3 0x8000599c (0x036fcb33) x22 0xffffffff
core   0: 0x800059a0 (0x41e706b3) sub     a3, a4, t5
core   0: 3 0x800059a0 (0x41e706b3) x13 0x00000000
core   0: 0x800059a4 (0xad736f97) auipc   t6, 0xad736
core   0: 3 0x800059a4 (0xad736f97) x31 0x2d73b9a4
core   0: 0x800059a8 (0x0351a733) mulhsu  a4, gp, s5
core   0: 3 0x800059a8 (0x0351a733) x14 0xf643952e
core   0: 0x800059ac (0x02369b33) mulh    s6, a3, gp
core   0: 3 0x800059ac (0x02369b33) x22 0x00000000
core   0: 0x800059b0 (0x035ab633) mulhu   a2, s5, s5
core   0: 3 0x800059b0 (0x035ab633) x12 0x767b787f
core   0: 0x800059b4 (0x02f642b3) div     t0, a2, a5
core   0: 3 0x800059b4 (0x02f642b3) x 5 0xffffffff
core   0: 0x800059b8 (0x0232cf33) div     t5, t0, gp
core   0: 3 0x800059b8 (0x0232cf33) x30 0x00000000
core   0: 0x800059bc (0x405b0fb3) sub     t6, s6, t0
core   0: 3 0x800059bc (0x405b0fb3) x31 0x00000001
core   0: 0x800059c0 (0xbaf16f97) auipc   t6, 0xbaf16
core   0: 3 0x800059c0 (0xbaf16f97) x31 0x3af1b9c0
core   0: 0x800059c4 (0x025b61b3) rem     gp, s6, t0
core   0: 3 0x800059c4 (0x025b61b3) x 3 0x00000000
core   0: 0x800059c8 (0x03a1deb3) divu    t4, gp, s10
core   0: 3 0x800059c8 (0x03a1deb3) x29 0x00000000
core   0: 0x800059cc (0x006bae33) slt     t3, s7, t1
core   0: 3 0x800059cc (0x006bae33) x28 0x00000001
core   0: 0x800059d0 (0x419dde13) srai    t3, s11, 25
core   0: 3 0x800059d0 (0x419dde13) x28 0x0000000f
core   0: 0x800059d4 (0x0000817e) c.mv    sp, t6
core   0: 3 0x800059d4 (0x817e) x 2 0x3af1b9c0
core   0: 0x800059d6 (0x00001808) c.addi4spn a0, sp, 48
core   0: 3 0x800059d6 (0x1808) x10 0x3af1b9f0
core   0: 0x800059d8 (0x00008275) c.srli  a2, 29
core   0: 3 0x800059d8 (0x8275) x12 0x00000003
core   0: 0x800059da (0x220fe893) ori     a7, t6, 544
core   0: 3 0x800059da (0x220fe893) x17 0x3af1bbe0
core   0: 0x800059de (0x419355b3) sra     a1, t1, s9
core   0: 3 0x800059de (0x419355b3) x11 0x000018ff
core   0: 0x800059e2 (0x02346033) rem     zero, s0, gp
core   0: 3 0x800059e2 (0x02346033)
core   0: 0x800059e6 (0x00008da5) c.xor   a1, s1
core   0: 3 0x800059e6 (0x8da5) x11 0x8000e69b
core   0: 0x800059e8 (0x00000a1a) c.slli  s4, 6
core   0: 3 0x800059e8 (0x0a1a) x20 0xde942900
core   0: 0x800059ea (0x00008d55) c.or    a0, a3
core   0: 3 0x800059ea (0x8d55) x10 0x3af1b9f0
core   0: 0x800059ec (0x00009a7d) c.andi  a2, -1
core   0: 3 0x800059ec (0x9a7d) x12 0x00000003
core   0: 0x800059ee (0x000099fd) c.andi  a1, -1
core   0: 3 0x800059ee (0x99fd) x11 0x8000e69b
core   0: 0x800059f0 (0x400b0733) sub     a4, s6, zero
core   0: 3 0x800059f0 (0x400b0733) x14 0x00000000
core   0: 0x800059f4 (0x00008e66) c.mv    t3, s9
core   0: 3 0x800059f4 (0x8e66) x28 0x00000000
core   0: 0x800059f6 (0x8ac74513) xori    a0, a4, -1876
core   0: 3 0x800059f6 (0x8ac74513) x10 0xfffff8ac
core   0: 0x800059fa (0x01d49393) slli    t2, s1, 29
core   0: 3 0x800059fa (0x01d49393) x 7 0x80000000
core   0: 0x800059fe (0x01f2d013) srli    zero, t0, 31
core   0: 3 0x800059fe (0x01f2d013)
core   0: 0x80005a02 (0x00b83133) sltu    sp, a6, a1
core   0: 3 0x80005a02 (0x00b83133) x 2 0x00000000
core   0: 0x80005a06 (0x5e49ba13) sltiu   s4, s3, 1508
core   0: 3 0x80005a06 (0x5e49ba13) x20 0x00000000
core   0: 0x80005a0a (0x0000157d) c.addi  a0, -1
core   0: 3 0x80005a0a (0x157d) x10 0xfffff8ab
core   0: 0x80005a0c (0x00001f08) c.addi4spn a0, sp, 944
core   0: 3 0x80005a0c (0x1f08) x10 0x000003b0
core   0: 0x80005a0e (0x7eb72737) lui     a4, 0x7eb72
core   0: 3 0x80005a0e (0x7eb72737) x14 0x7eb72000
core   0: 0x80005a12 (0x00008c29) c.xor   s0, a0
core   0: 3 0x80005a12 (0x8c29) x 8 0xfffffc4f
core   0: 0x80005a14 (0xb7fd7397) auipc   t2, 0xb7fd7
core   0: 3 0x80005a14 (0xb7fd7397) x 7 0x37fdca14
core   0: 0x80005a18 (0x01b8eeb3) or      t4, a7, s11
core   0: 3 0x80005a18 (0x01b8eeb3) x29 0x3ef7bfee
core   0: 0x80005a1c (0x00008e11) c.sub   a2, a2
core   0: 3 0x80005a1c (0x8e11) x12 0x00000000
core   0: 0x80005a1e (0x0122aa33) slt     s4, t0, s2
core   0: 3 0x80005a1e (0x0122aa33) x20 0x00000001
core   0: 0x80005a22 (0x00008425) c.srai  s0, 9
core   0: 3 0x80005a22 (0x8425) x 8 0xfffffffe
core   0: 0x80005a24 (0x0002f6b3) and     a3, t0, zero
core   0: 3 0x80005a24 (0x0002f6b3) x13 0x00000000
core   0: 0x80005a28 (0x00547a33) and     s4, s0, t0
core   0: 3 0x80005a28 (0x00547a33) x20 0xfffffffe
core   0: 0x80005a2c (0x40dc0c33) sub     s8, s8, a3
core   0: 3 0x80005a2c (0x40dc0c33) x24 0x51ec75c5
core   0: 0x80005a30 (0x41b60fb3) sub     t6, a2, s11
core   0: 3 0x80005a30 (0x41b60fb3) x31 0xe159d8f2
core   0: 0x80005a34 (0x00008c51) c.or    s0, a2
core   0: 3 0x80005a34 (0x8c51) x 8 0xfffffffe
core   0: 0x80005a36 (0x0074bb33) sltu    s6, s1, t2
core   0: 3 0x80005a36 (0x0074bb33) x22 0x00000000
core   0: 0x80005a3a (0x40a48033) sub     zero, s1, a0
core   0: 3 0x80005a3a (0x40a48033)
core   0: 0x80005a3e (0x0283cfb3) div     t6, t2, s0
core   0: 3 0x80005a3e (0x0283cfb3) x31 0xe4011af6
core   0: 0x80005a42 (0x023acd33) div     s10, s5, gp
core   0: 3 0x80005a42 (0x023acd33) x26 0xffffffff
core   0: 0x80005a46 (0x006e7233) and     tp, t3, t1
core   0: 3 0x80005a46 (0x006e7233) x 4 0x00000000
core   0: 0x80005a4a (0x73de1b17) auipc   s6, 0x73de1
core   0: 3 0x80005a4a (0x73de1b17) x22 0xf3de6a4a
core   0: 0x80005a4e (0x00008fdd) c.or    a5, a5
core   0: 3 0x80005a4e (0x8fdd) x15 0x00000000
core   0: 0x80005a50 (0x02923db3) mulhu   s11, tp, s1
core   0: 3 0x80005a50 (0x02923db3) x27 0x00000000
core   0: 0x80005a54 (0x00eaaf33) slt     t5, s5, a4
core   0: 3 0x80005a54 (0x00eaaf33) x30 0x00000001
core   0: 0x80005a58 (0x00e37233) and     tp, t1, a4
core   0: 3 0x80005a58 (0x00e37233) x 4 0x00000000
core   0: 0x80005a5c (0x00008ef2) c.mv    t4, t3
core   0: 3 0x80005a5c (0x8ef2) x29 0x00000000
core   0: 0x80005a5e (0x01165633) srl     a2, a2, a7
core   0: 3 0x80005a5e (0x01165633) x12 0x00000000
core   0: 0x80005a62 (0x40475c33) sra     s8, a4, tp
core   0: 3 0x80005a62 (0x40475c33) x24 0x7eb72000
core   0: 0x80005a66 (0x028845b3) div     a1, a6, s0
core   0: 3 0x80005a66 (0x028845b3) x11 0x3fff618e
core   0: 0x80005a6a (0x00008bf9) c.andi  a5, 30
core   0: 3 0x80005a6a (0x8bf9) x15 0x00000000
core   0: 0x80005a6c (0x0000801d) c.srli  s0, 7
core   0: 3 0x80005a6c (0x801d) x 8 0x01ffffff
core   0: 0x80005a6e (0x00ff2d33) slt     s10, t5, a5
core   0: 3 0x80005a6e (0x00ff2d33) x26 0x00000000
core   0: 0x80005a72 (0x00008d31) c.xor   a0, a2
core   0: 3 0x80005a72 (0x8d31) x10 0x000003b0
core   0: 0x80005a74 (0x011d2c33) slt     s8, s10, a7
core   0: 3 0x80005a74 (0x011d2c33) x24 0x00000001
core   0: 0x80005a78 (0x033b78b3) remu    a7, s6, s3
core   0: 3 0x80005a78 (0x033b78b3) x17 0x34f200f8
core   0: 0x80005a7c (0x00001710) c.addi4spn a2, sp, 928
core   0: 3 0x80005a7c (0x1710) x12 0x000003a0
core   0: 0x80005a7e (0x00008fc5) c.or    a5, s1
core   0: 3 0x80005a7e (0x8fc5) x15 0x8000fe64
core   0: 0x80005a80 (0x733ea613) slti    a2, t4, 1843
core   0: 3 0x80005a80 (0x733ea613) x12 0x00000001
core   0: 0x80005a84 (0x0333be33) mulhu   t3, t2, s3
core   0: 3 0x80005a84 (0x0333be33) x28 0x29c210fa
core   0: 0x80005a88 (0x02212c13) slti    s8, sp, 34
core   0: 3 0x80005a88 (0x02212c13) x24 0x00000001
core   0: 0x80005a8c (0x001c7033) and     zero, s8, ra
core   0: 3 0x80005a8c (0x001c7033)
core   0: 0x80005a90 (0x000081d9) c.srli  a1, 22
core   0: 3 0x80005a90 (0x81d9) x11 0x000000ff
core   0: 0x80005a92 (0x02453db3) mulhu   s11, a0, tp
core   0: 3 0x80005a92 (0x02453db3) x27 0x00000000
core   0: 0x80005a96 (0x00008e09) c.sub   a2, a0
core   0: 3 0x80005a96 (0x8e09) x12 0xfffffc51
core   0: 0x80005a98 (0x2e092113) slti    sp, s2, 736
core   0: 3 0x80005a98 (0x2e092113) x 2 0x00000000
core   0: 0x80005a9c (0x00039513) slli    a0, t2, 0
core   0: 3 0x80005a9c (0x00039513) x10 0x37fdca14
core   0: 0x80005aa0 (0x41938233) sub     tp, t2, s9
core   0: 3 0x80005aa0 (0x41938233) x 4 0x37fdca14
core   0: 0x80005aa4 (0x4174d3b3) sra     t2, s1, s7
core   0: 3 0x80005aa4 (0x4174d3b3) x 7 0xfffe0003
core   0: 0x80005aa8 (0x02e1a633) mulhsu  a2, gp, a4
core   0: 3 0x80005aa8 (0x02e1a633) x12 0x00000000
core   0: 0x80005aac (0x00009762) c.add   a4, s8
core   0: 3 0x80005aac (0x9762) x14 0x7eb72001
core   0: 0x80005aae (0x030086b3) mul     a3, ra, a6
core   0: 3 0x80005aae (0x030086b3) x13 0x00000000
core   0: 0x80005ab2 (0x00000dda) c.slli  s11, 22
core   0: 3 0x80005ab2 (0x0dda) x27 0x00000000
core   0: 0x80005ab4 (0x40655c33) sra     s8, a0, t1
core   0: 3 0x80005ab4 (0x40655c33) x24 0x00000000
core   0: 0x80005ab8 (0x00000001) c.nop
core   0: 3 0x80005ab8 (0x0001)
core   0: 0x80005aba (0x40f3dbb3) sra     s7, t2, a5
core   0: 3 0x80005aba (0x40f3dbb3) x23 0xffffe000
core   0: 0x80005abe (0x00295e13) srli    t3, s2, 2
core   0: 3 0x80005abe (0x00295e13) x28 0x00004400
core   0: 0x80005ac2 (0x00008f0d) c.sub   a4, a1
core   0: 3 0x80005ac2 (0x8f0d) x14 0x7eb71f02
core   0: 0x80005ac4 (0x00000001) c.nop
core   0: 3 0x80005ac4 (0x0001)
core   0: 0x80005ac6 (0x000085cd) c.srai  a1, 19
core   0: 3 0x80005ac6 (0x85cd) x11 0x00000000
core   0: 0x80005ac8 (0x00008edd) c.or    a3, a5
core   0: 3 0x80005ac8 (0x8edd) x13 0x8000fe64
core   0: 0x80005aca (0x00009a7d) c.andi  a2, -1
core   0: 3 0x80005aca (0x9a7d) x12 0x00000000
core   0: 0x80005acc (0x41240033) sub     zero, s0, s2
core   0: 3 0x80005acc (0x41240033)
core   0: 0x80005ad0 (0x00008b61) c.andi  a4, 24
core   0: 3 0x80005ad0 (0x8b61) x14 0x00000000
core   0: 0x80005ad2 (0x5e85a213) slti    tp, a1, 1512
core   0: 3 0x80005ad2 (0x5e85a213) x 4 0x00000001
core   0: 0x80005ad6 (0x0000177d) c.addi  a4, -1
core   0: 3 0x80005ad6 (0x177d) x14 0xffffffff
core   0: 0x80005ad8 (0x8d040893) addi    a7, s0, -1840
core   0: 3 0x80005ad8 (0x8d040893) x17 0x01fff8cf
core   0: 0x80005adc (0x0000857d) c.srai  a0, 31
core   0: 3 0x80005adc (0x857d) x10 0x00000000
core   0: 0x80005ade (0x037cc3b3) div     t2, s9, s7
core   0: 3 0x80005ade (0x037cc3b3) x 7 0x00000000
core   0: 0x80005ae2 (0x00008d81) c.sub   a1, s0
core   0: 3 0x80005ae2 (0x8d81) x11 0xfe000001
core   0: 0x80005ae4 (0x00000d9c) c.addi4spn a5, sp, 720
core   0: 3 0x80005ae4 (0x0d9c) x15 0x000002d0
core   0: 0x80005ae6 (0xb7682e93) slti    t4, a6, -1162
core   0: 3 0x80005ae6 (0xb7682e93) x29 0x00000001
core   0: 0x80005aea (0x00000001) c.nop
core   0: 3 0x80005aea (0x0001)
core   0: 0x80005aec (0x0000717d) c.addi16sp sp, -16
core   0: 3 0x80005aec (0x717d) x 2 0xfffffff0
core   0: 0x80005aee (0x03e757b3) divu    a5, a4, t5
core   0: 3 0x80005aee (0x03e757b3) x15 0xffffffff
core   0: 0x80005af2 (0x1097be93) sltiu   t4, a5, 265
core   0: 3 0x80005af2 (0x1097be93) x29 0x00000000
core   0: 0x80005af6 (0x40f88333) sub     t1, a7, a5
core   0: 3 0x80005af6 (0x40f88333) x 6 0x01fff8d0
core   0: 0x80005afa (0x00dd36b3) sltu    a3, s10, a3
core   0: 3 0x80005afa (0x00dd36b3) x13 0x00000001
core   0: 0x80005afe (0x000081a1) c.srli  a1, 8
core   0: 3 0x80005afe (0x81a1) x11 0x00fe0000
core   0: 0x80005b00 (0x007a05b3) add     a1, s4, t2
core   0: 3 0x80005b00 (0x007a05b3) x11 0xfffffffe
core   0: 0x80005b04 (0x00000001) c.nop
core   0: 3 0x80005b04 (0x0001)
core   0: 0x80005b06 (0x00001efd) c.addi  t4, -1
core   0: 3 0x80005b06 (0x1efd) x29 0xffffffff
core   0: 0x80005b08 (0x00000639) c.addi  a2, 14
core   0: 3 0x80005b08 (0x0639) x12 0x0000000e
core   0: 0x80005b0a (0x00008dfd) c.and   a1, a5
core   0: 3 0x80005b0a (0x8dfd) x11 0xfffffffe
core   0: 0x80005b0c (0x94effc13) andi    s8, t6, -1714
core   0: 3 0x80005b0c (0x94effc13) x24 0xe4011846
core   0: 0x80005b10 (0x000003e6) c.slli  t2, 25
core   0: 3 0x80005b10 (0x03e6) x 7 0x00000000
core   0: 0x80005b12 (0x00008c1d) c.sub   s0, a5
core   0: 3 0x80005b12 (0x8c1d) x 8 0x02000000
core   0: 0x80005b14 (0x41140eb3) sub     t4, s0, a7
core   0: 3 0x80005b14 (0x41140eb3) x29 0x00000731
core   0: 0x80005b18 (0x00001f8c) c.addi4spn a1, sp, 1008
core   0: 3 0x80005b18 (0x1f8c) x11 0x000003e0
core   0: 0x80005b1a (0x03003c33) mulhu   s8, zero, a6
core   0: 3 0x80005b1a (0x03003c33) x24 0x00000000
core   0: 0x80005b1e (0x87698613) addi    a2, s3, -1930
core   0: 3 0x80005b1e (0x87698613) x12 0xbeec61c8
core   0: 0x80005b22 (0x000055fd) c.li    a1, -1
core   0: 3 0x80005b22 (0x55fd) x11 0xffffffff
core   0: 0x80005b24 (0x03bb32b3) mulhu   t0, s6, s11
core   0: 3 0x80005b24 (0x03bb32b3) x 5 0x00000000
core   0: 0x80005b28 (0x00001c10) c.addi4spn a2, sp, 560
core   0: 3 0x80005b28 (0x1c10) x12 0x00000220
core   0: 0x80005b2a (0x138de193) ori     gp, s11, 312
core   0: 3 0x80005b2a (0x138de193) x 3 0x00000138
core   0: 0x80005b2e (0x002d09b3) add     s3, s10, sp
core   0: 3 0x80005b2e (0x002d09b3) x19 0xfffffff0
core   0: 0x80005b32 (0x00a05333) srl     t1, zero, a0
core   0: 3 0x80005b32 (0x00a05333) x 6 0x00000000
core   0: 0x80005b36 (0x28604393) xori    t2, zero, 646
core   0: 3 0x80005b36 (0x28604393) x 7 0x00000286
core   0: 0x80005b3a (0x4078d7b3) sra     a5, a7, t2
core   0: 3 0x80005b3a (0x4078d7b3) x15 0x0007ffe3
core   0: 0x80005b3e (0x00948ab3) add     s5, s1, s1
core   0: 3 0x80005b3e (0x00948ab3) x21 0x0001fcc8
core   0: 0x80005b42 (0x00000a42) c.slli  s4, 16
core   0: 3 0x80005b42 (0x0a42) x20 0xfffe0000
core   0: 0x80005b44 (0xa80ccb17) auipc   s6, 0xa80cc
core   0: 3 0x80005b44 (0xa80ccb17) x22 0x280d1b44
core   0: 0x80005b48 (0x00008c69) c.and   s0, a0
core   0: 3 0x80005b48 (0x8c69) x 8 0x00000000
core   0: 0x80005b4a (0x01e170b3) and     ra, sp, t5
core   0: 3 0x80005b4a (0x01e170b3) x 1 0x00000000
core   0: 0x80005b4e (0x000000ed) c.addi  ra, 27
core   0: 3 0x80005b4e (0x00ed) x 1 0x0000001b
core   0: 0x80005b50 (0x00009346) c.add   t1, a7
core   0: 3 0x80005b50 (0x9346) x 6 0x01fff8cf
core   0: 0x80005b52 (0xa9dd4713) xori    a4, s10, -1379
core   0: 3 0x80005b52 (0xa9dd4713) x14 0xfffffa9d
core   0: 0x80005b56 (0x00ce16b3) sll     a3, t3, a2
core   0: 3 0x80005b56 (0x00ce16b3) x13 0x00004400
core   0: 0x80005b5a (0x40115eb3) sra     t4, sp, ra
core   0: 3 0x80005b5a (0x40115eb3) x29 0xffffffff
core   0: 0x80005b5e (0x03115db3) divu    s11, sp, a7
core   0: 3 0x80005b5e (0x03115db3) x27 0x00000080
core   0: 0x80005b62 (0x00008e35) c.xor   a2, a3
core   0: 3 0x80005b62 (0x8e35) x12 0x00004620
core   0: 0x80005b64 (0x000087ea) c.mv    a5, s10
core   0: 3 0x80005b64 (0x87ea) x15 0x00000000
core   0: 0x80005b66 (0x0000017e) c.slli  sp, 31
core   0: 3 0x80005b66 (0x017e) x 2 0x00000000
core   0: 0x80005b68 (0x00799013) slli    zero, s3, 7
core   0: 3 0x80005b68 (0x00799013)
core   0: 0x80005b6c (0x017e00b3) add     ra, t3, s7
core   0: 3 0x80005b6c (0x017e00b3) x 1 0x00002400
core   0: 0x80005b70 (0x4b0dfc13) andi    s8, s11, 1200
core   0: 3 0x80005b70 (0x4b0dfc13) x24 0x00000080
core   0: 0x80005b74 (0x00008f1d) c.sub   a4, a5
core   0: 3 0x80005b74 (0x8f1d) x14 0xfffffa9d
core   0: 0x80005b76 (0x00000001) c.nop
core   0: 3 0x80005b76 (0x0001)
core   0: 0x80005b78 (0x582af913) andi    s2, s5, 1410
core   0: 3 0x80005b78 (0x582af913) x18 0x00000480
core   0: 0x80005b7c (0x03dc8fb3) mul     t6, s9, t4
core   0: 3 0x80005b7c (0x03dc8fb3) x31 0x00000000
core   0: 0x80005b80 (0x00009c1a) c.add   s8, t1
core   0: 3 0x80005b80 (0x9c1a) x24 0x01fff94f
core   0: 0x80005b82 (0x03a0b333) mulhu   t1, ra, s10
core   0: 3 0x80005b82 (0x03a0b333) x 6 0x00000000
core   0: 0x80005b86 (0x00009afd) c.andi  a3, -1
core   0: 3 0x80005b86 (0x9afd) x13 0x00004400
core   0: 0x80005b88 (0x017ba933) slt     s2, s7, s7
core   0: 3 0x80005b88 (0x017ba933) x18 0x00000000
core   0: 0x80005b8c (0xd33cb097) auipc   ra, 0xd33cb
core   0: 3 0x80005b8c (0xd33cb097) x 1 0x533d0b8c
core   0: 0x80005b90 (0x01158c33) add     s8, a1, a7
core   0: 3 0x80005b90 (0x01158c33) x24 0x01fff8ce
core   0: 0x80005b94 (0x7f6c4793) xori    a5, s8, 2038
core   0: 3 0x80005b94 (0x7f6c4793) x15 0x01ffff38
core   0: 0x80005b98 (0x03207333) remu    t1, zero, s2
core   0: 3 0x80005b98 (0x03207333) x 6 0x00000000
core   0: 0x80005b9c (0x01101b93) slli    s7, zero, 17
core   0: 3 0x80005b9c (0x01101b93) x23 0x00000000
core   0: 0x80005ba0 (0x00008dba) c.mv    s11, a4
core   0: 3 0x80005ba0 (0x8dba) x27 0xfffffa9d
core   0: 0x80005ba2 (0x7807e413) ori     s0, a5, 1920
core   0: 3 0x80005ba2 (0x7807e413) x 8 0x01ffffb8
core   0: 0x80005ba6 (0x0125cdb3) xor     s11, a1, s2
core   0: 3 0x80005ba6 (0x0125cdb3) x27 0xffffffff
core   0: 0x80005baa (0x20a33193) sltiu   gp, t1, 522
core   0: 3 0x80005baa (0x20a33193) x 3 0x00000001
core   0: 0x80005bae (0x3aecf793) andi    a5, s9, 942
core   0: 3 0x80005bae (0x3aecf793) x15 0x00000000
core   0: 0x80005bb2 (0x00008b71) c.andi  a4, 28
core   0: 3 0x80005bb2 (0x8b71) x14 0x0000001c
core   0: 0x80005bb4 (0x36cbb093) sltiu   ra, s7, 876
core   0: 3 0x80005bb4 (0x36cbb093) x 1 0x00000001
core   0: 0x80005bb8 (0x00008eed) c.and   a3, a1
core   0: 3 0x80005bb8 (0x8eed) x13 0x00004400
core   0: 0x80005bba (0x00006ed1) c.lui   t4, 0x14
core   0: 3 0x80005bba (0x6ed1) x29 0x00014000
core   0: 0x80005bbc (0x00005dfd) c.li    s11, -1
core   0: 3 0x80005bbc (0x5dfd) x27 0xffffffff
core   0: 0x80005bbe (0x00e4db33) srl     s6, s1, a4
core   0: 3 0x80005bbe (0x00e4db33) x22 0x00000008
core   0: 0x80005bc2 (0x038af133) remu    sp, s5, s8
core   0: 3 0x80005bc2 (0x038af133) x 2 0x0001fcc8
core   0: 0x80005bc6 (0x00004ac1) c.li    s5, 16
core   0: 3 0x80005bc6 (0x4ac1) x21 0x00000010
core   0: 0x80005bc8 (0x0000847e) c.mv    s0, t6
core   0: 3 0x80005bc8 (0x847e) x 8 0x00000000
core   0: 0x80005bca (0x5ece9b37) lui     s6, 0x5ece9
core   0: 3 0x80005bca (0x5ece9b37) x22 0x5ece9000
core   0: 0x80005bce (0xcb74e293) ori     t0, s1, -841
core   0: 3 0x80005bce (0xcb74e293) x 5 0xfffffef7
core   0: 0x80005bd2 (0x00006399) c.lui   t2, 0x6
core   0: 3 0x80005bd2 (0x6399) x 7 0x00006000
core   0: 0x80005bd4 (0x0000177d) c.addi  a4, -1
core   0: 3 0x80005bd4 (0x177d) x14 0x0000001b
core   0: 0x80005bd6 (0x0000962e) c.add   a2, a1
core   0: 3 0x80005bd6 (0x962e) x12 0x0000461f
core   0: 0x80005bd8 (0x00005c7d) c.li    s8, -1
core   0: 3 0x80005bd8 (0x5c7d) x24 0xffffffff
core   0: 0x80005bda (0x40c85eb3) sra     t4, a6, a2
core   0: 3 0x80005bda (0x40c85eb3) x29 0xffffffff
core   0: 0x80005bde (0x8580a213) slti    tp, ra, -1960
core   0: 3 0x80005bde (0x8580a213) x 4 0x00000000
core   0: 0x80005be2 (0x008516b3) sll     a3, a0, s0
core   0: 3 0x80005be2 (0x008516b3) x13 0x00000000
core   0: 0x80005be6 (0x00008156) c.mv    sp, s5
core   0: 3 0x80005be6 (0x8156) x 2 0x00000010
core   0: 0x80005be8 (0x00008d25) c.xor   a0, s1
core   0: 3 0x80005be8 (0x8d25) x10 0x8000fe64
core   0: 0x80005bea (0x029f57b3) divu    a5, t5, s1
core   0: 3 0x80005bea (0x029f57b3) x15 0x00000000
core   0: 0x80005bee (0x005c7fb3) and     t6, s8, t0
core   0: 3 0x80005bee (0x005c7fb3) x31 0xfffffef7
core   0: 0x80005bf2 (0x00ba50b3) srl     ra, s4, a1
core   0: 3 0x80005bf2 (0x00ba50b3) x 1 0x00000001
core   0: 0x80005bf6 (0x021e81b3) mul     gp, t4, ra
core   0: 3 0x80005bf6 (0x021e81b3) x 3 0xffffffff
core   0: 0x80005bfa (0x40e55f93) srai    t6, a0, 14
core   0: 3 0x80005bfa (0x40e55f93) x31 0xfffe0003
core   0: 0x80005bfe (0x00000d09) c.addi  s10, 2
core   0: 3 0x80005bfe (0x0d09) x26 0x00000002
core   0: 0x80005c00 (0x0000717d) c.addi16sp sp, -16
core   0: 3 0x80005c00 (0x717d) x 2 0x00000000
core   0: 0x80005c02 (0xb39c3737) lui     a4, 0xb39c3
core   0: 3 0x80005c02 (0xb39c3737) x14 0xb39c3000
core   0: 0x80005c06 (0x00086f33) or      t5, a6, zero
core   0: 3 0x80005c06 (0x00086f33) x30 0x80013ce4
core   0: 0x80005c0a (0x01b560b3) or      ra, a0, s11
core   0: 3 0x80005c0a (0x01b560b3) x 1 0xffffffff
core   0: 0x80005c0e (0x00000d75) c.addi  s10, 29
core   0: 3 0x80005c0e (0x0d75) x26 0x0000001f
core   0: 0x80005c10 (0xa795a893) slti    a7, a1, -1415
core   0: 3 0x80005c10 (0xa795a893) x17 0x00000000
core   0: 0x80005c14 (0x56c46e93) ori     t4, s0, 1388
core   0: 3 0x80005c14 (0x56c46e93) x29 0x0000056c
core   0: 0x80005c18 (0x00006595) c.lui   a1, 0x5
core   0: 3 0x80005c18 (0x6595) x11 0x00005000
core   0: 0x80005c1a (0x01f8da33) srl     s4, a7, t6
core   0: 3 0x80005c1a (0x01f8da33) x20 0x00000000
core   0: 0x80005c1e (0x00008dc1) c.or    a1, s0
core   0: 3 0x80005c1e (0x8dc1) x11 0x00005000
core   0: 0x80005c20 (0x000065ad) c.lui   a1, 0xb
core   0: 3 0x80005c20 (0x65ad) x11 0x0000b000
core   0: 0x80005c22 (0x01849893) slli    a7, s1, 24
core   0: 3 0x80005c22 (0x01849893) x17 0x64000000
core   0: 0x80005c26 (0x00008df5) c.and   a1, a3
core   0: 3 0x80005c26 (0x8df5) x11 0x00000000
core   0: 0x80005c28 (0x00008db1) c.xor   a1, a2
core   0: 3 0x80005c28 (0x8db1) x11 0x0000461f
core   0: 0x80005c2a (0x000085d1) c.srai  a1, 20
core   0: 3 0x80005c2a (0x85d1) x11 0x00000000
core   0: 0x80005c2c (0x00008df6) c.mv    s11, t4
core   0: 3 0x80005c2c (0x8df6) x27 0x0000056c
core   0: 0x80005c2e (0x30128413) addi    s0, t0, 769
core   0: 3 0x80005c2e (0x30128413) x 8 0x000001f8
core   0: 0x80005c32 (0x00000001) c.nop
core   0: 3 0x80005c32 (0x0001)
core   0: 0x80005c34 (0x00000b94) c.addi4spn a3, sp, 464
core   0: 3 0x80005c34 (0x0b94) x13 0x000001d0
core   0: 0x80005c36 (0x000067ed) c.lui   a5, 0x1b
core   0: 3 0x80005c36 (0x67ed) x15 0x0001b000
core   0: 0x80005c38 (0x00008e5d) c.or    a2, a5
core   0: 3 0x80005c38 (0x8e5d) x12 0x0001f61f
core   0: 0x80005c3a (0x00cf1c33) sll     s8, t5, a2
core   0: 3 0x80005c3a (0x00cf1c33) x24 0x00000000
core   0: 0x80005c3e (0x00000001) c.nop
core   0: 3 0x80005c3e (0x0001)
core   0: 0x80005c40 (0x0127ca33) xor     s4, a5, s2
core   0: 3 0x80005c40 (0x0127ca33) x20 0x0001b000
core   0: 0x80005c44 (0x03bf50b3) divu    ra, t5, s11
core   0: 3 0x80005c44 (0x03bf50b3) x 1 0x00179be4
core   0: 0x80005c48 (0x00ca18b3) sll     a7, s4, a2
core   0: 3 0x80005c48 (0x00ca18b3) x17 0x00000000
core   0: 0x80005c4c (0x0306b633) mulhu   a2, a3, a6
core   0: 3 0x80005c4c (0x0306b633) x12 0x000000e8
core   0: 0x80005c50 (0x0000856d) c.srai  a0, 27
core   0: 3 0x80005c50 (0x856d) x10 0xfffffff0
core   0: 0x80005c52 (0x00d06a33) or      s4, zero, a3
core   0: 3 0x80005c52 (0x00d06a33) x20 0x000001d0
core   0: 0x80005c56 (0x0151d7b3) srl     a5, gp, s5
core   0: 3 0x80005c56 (0x0151d7b3) x15 0x0000ffff
core   0: 0x80005c5a (0x00008af9) c.andi  a3, 30
core   0: 3 0x80005c5a (0x8af9) x13 0x00000010
core   0: 0x80005c5c (0x011b8a33) add     s4, s7, a7
core   0: 3 0x80005c5c (0x011b8a33) x20 0x00000000
core   0: 0x80005c60 (0x005b5c33) srl     s8, s6, t0
core   0: 3 0x80005c60 (0x005b5c33) x24 0x000000bd
core   0: 0x80005c64 (0x0091c9b3) xor     s3, gp, s1
core   0: 3 0x80005c64 (0x0091c9b3) x19 0x7fff019b
core   0: 0x80005c68 (0x022dcbb3) div     s7, s11, sp
core   0: 3 0x80005c68 (0x022dcbb3) x23 0xffffffff
core   0: 0x80005c6c (0x000096e2) c.add   a3, s8
core   0: 3 0x80005c6c (0x96e2) x13 0x000000cd
core   0: 0x80005c6e (0x00009132) c.add   sp, a2
core   0: 3 0x80005c6e (0x9132) x 2 0x000000e8
core   0: 0x80005c70 (0x028bbab3) mulhu   s5, s7, s0
core   0: 3 0x80005c70 (0x028bbab3) x21 0x000001f7
core   0: 0x80005c74 (0x01b4c533) xor     a0, s1, s11
core   0: 3 0x80005c74 (0x01b4c533) x10 0x8000fb08
core   0: 0x80005c78 (0x0297e7b3) rem     a5, a5, s1
core   0: 3 0x80005c78 (0x0297e7b3) x15 0x0000ffff
core   0: 0x80005c7c (0x40df00b3) sub     ra, t5, a3
core   0: 3 0x80005c7c (0x40df00b3) x 1 0x80013c17
core   0: 0x80005c80 (0x018159b3) srl     s3, sp, s8
core   0: 3 0x80005c80 (0x018159b3) x19 0x00000000
core   0: 0x80005c84 (0x022dbc33) mulhu   s8, s11, sp
core   0: 3 0x80005c84 (0x022dbc33) x24 0x00000000
core   0: 0x80005c88 (0x02ee5d33) divu    s10, t3, a4
core   0: 3 0x80005c88 (0x02ee5d33) x26 0x00000000
core   0: 0x80005c8c (0x00a22db3) slt     s11, tp, a0
core   0: 3 0x80005c8c (0x00a22db3) x27 0x00000000
core   0: 0x80005c90 (0xf7460993) addi    s3, a2, -140
core   0: 3 0x80005c90 (0xf7460993) x19 0x0000005c
core   0: 0x80005c94 (0x03629633) mulh    a2, t0, s6
core   0: 3 0x80005c94 (0x03629633) x12 0xffffff9d
core   0: 0x80005c98 (0x00008e0d) c.sub   a2, a1
core   0: 3 0x80005c98 (0x8e0d) x12 0xffffff9d
core   0: 0x80005c9a (0x03b27eb3) remu    t4, tp, s11
core   0: 3 0x80005c9a (0x03b27eb3) x29 0x00000000
core   0: 0x80005c9e (0x00008519) c.srai  a0, 6
core   0: 3 0x80005c9e (0x8519) x10 0xfe0003ec
core   0: 0x80005ca0 (0x00ccff33) and     t5, s9, a2
core   0: 3 0x80005ca0 (0x00ccff33) x30 0x00000000
core   0: 0x80005ca4 (0x1b55c793) xori    a5, a1, 437
core   0: 3 0x80005ca4 (0x1b55c793) x15 0x000001b5
core   0: 0x80005ca8 (0x00001ffd) c.addi  t6, -1
core   0: 3 0x80005ca8 (0x1ffd) x31 0xfffe0002
core   0: 0x80005caa (0x03f2a333) mulhsu  t1, t0, t6
core   0: 3 0x80005caa (0x03f2a333) x 6 0xfffffef7
core   0: 0x80005cae (0x032501b3) mul     gp, a0, s2
core   0: 3 0x80005cae (0x032501b3) x 3 0x00000000
core   0: 0x80005cb2 (0x005a1133) sll     sp, s4, t0
core   0: 3 0x80005cb2 (0x005a1133) x 2 0x00000000
core   0: 0x80005cb6 (0xdf862693) slti    a3, a2, -520
core   0: 3 0x80005cb6 (0xdf862693) x13 0x00000000
core   0: 0x80005cba (0x02345fb3) divu    t6, s0, gp
core   0: 3 0x80005cba (0x02345fb3) x31 0xffffffff
core   0: 0x80005cbe (0x006e9233) sll     tp, t4, t1
core   0: 3 0x80005cbe (0x006e9233) x 4 0x00000000
core   0: 0x80005cc2 (0x2266f693) andi    a3, a3, 550
core   0: 3 0x80005cc2 (0x2266f693) x13 0x00000000
core   0: 0x80005cc6 (0xc62e0693) addi    a3, t3, -926
core   0: 3 0x80005cc6 (0xc62e0693) x13 0x00004062
core   0: 0x80005cca (0x032696b3) mulh    a3, a3, s2
core   0: 3 0x80005cca (0x032696b3) x13 0x00000000
core   0: 0x80005cce (0x00000001) c.nop
core   0: 3 0x80005cce (0x0001)
core   0: 0x80005cd0 (0x00004e79) c.li    t3, 30
core   0: 3 0x80005cd0 (0x4e79) x28 0x0000001e
core   0: 0x80005cd2 (0x00008691) c.srai  a3, 4
core   0: 3 0x80005cd2 (0x8691) x13 0x00000000
core   0: 0x80005cd4 (0x215a0e93) addi    t4, s4, 533
core   0: 3 0x80005cd4 (0x215a0e93) x29 0x00000215
core   0: 0x80005cd8 (0x41d98e33) sub     t3, s3, t4
core   0: 3 0x80005cd8 (0x41d98e33) x28 0xfffffe47
core   0: 0x80005cdc (0x006a66b3) or      a3, s4, t1
core   0: 3 0x80005cdc (0x006a66b3) x13 0xfffffef7
core   0: 0x80005ce0 (0x00008b25) c.andi  a4, 9
core   0: 3 0x80005ce0 (0x8b25) x14 0x00000000
core   0: 0x80005ce2 (0x00000e7d) c.addi  t3, 31
core   0: 3 0x80005ce2 (0x0e7d) x28 0xfffffe66
core   0: 0x80005ce4 (0x00008fc9) c.or    a5, a0
core   0: 3 0x80005ce4 (0x8fc9) x15 0xfe0003fd
core   0: 0x80005ce6 (0x00000001) c.nop
core   0: 3 0x80005ce6 (0x0001)
core   0: 0x80005ce8 (0x00004df9) c.li    s11, 30
core   0: 3 0x80005ce8 (0x4df9) x27 0x0000001e
core   0: 0x80005cea (0x00008f61) c.and   a4, s0
core   0: 3 0x80005cea (0x8f61) x14 0x00000000
core   0: 0x80005cec (0x0000633d) c.lui   t1, 0xf
core   0: 3 0x80005cec (0x633d) x 6 0x0000f000
core   0: 0x80005cee (0x1add7e13) andi    t3, s10, 429
core   0: 3 0x80005cee (0x1add7e13) x28 0x00000000
core   0: 0x80005cf2 (0x020c3eb3) mulhu   t4, s8, zero
core   0: 3 0x80005cf2 (0x020c3eb3) x29 0x00000000
core   0: 0x80005cf6 (0x00008fbd) c.xor   a5, a5
core   0: 3 0x80005cf6 (0x8fbd) x15 0x00000000
core   0: 0x80005cf8 (0x02ae02b3) mul     t0, t3, a0
core   0: 3 0x80005cf8 (0x02ae02b3) x 5 0x00000000
core   0: 0x80005cfc (0x00008572) c.mv    a0, t3
core   0: 3 0x80005cfc (0x8572) x10 0x00000000
core   0: 0x80005cfe (0x0222fb33) remu    s6, t0, sp
core   0: 3 0x80005cfe (0x0222fb33) x22 0x00000000
core   0: 0x80005d02 (0x0372f433) remu    s0, t0, s7
core   0: 3 0x80005d02 (0x0372f433) x 8 0x00000000
core   0: 0x80005d06 (0x00008d19) c.sub   a0, a4
core   0: 3 0x80005d06 (0x8d19) x10 0x00000000
core   0: 0x80005d08 (0x01de8433) add     s0, t4, t4
core   0: 3 0x80005d08 (0x01de8433) x 8 0x00000000
core   0: 0x80005d0c (0x01ae98b3) sll     a7, t4, s10
core   0: 3 0x80005d0c (0x01ae98b3) x17 0x00000000
core   0: 0x80005d10 (0x00fc5a33) srl     s4, s8, a5
core   0: 3 0x80005d10 (0x00fc5a33) x20 0x00000000
core   0: 0x80005d14 (0x00008ed1) c.or    a3, a2
core   0: 3 0x80005d14 (0x8ed1) x13 0xffffffff
core   0: 0x80005d16 (0x01fe13b3) sll     t2, t3, t6
core   0: 3 0x80005d16 (0x01fe13b3) x 7 0x00000000
core   0: 0x80005d1a (0x000ccd33) xor     s10, s9, zero
core   0: 3 0x80005d1a (0x000ccd33) x26 0x00000000
core   0: 0x80005d1e (0x00000001) c.nop
core   0: 3 0x80005d1e (0x0001)
core   0: 0x80005d20 (0x82c47c13) andi    s8, s0, -2004
core   0: 3 0x80005d20 (0x82c47c13) x24 0x00000000
core   0: 0x80005d24 (0x016e2533) slt     a0, t3, s6
core   0: 3 0x80005d24 (0x016e2533) x10 0x00000000
core   0: 0x80005d28 (0x025df233) remu    tp, s11, t0
core   0: 3 0x80005d28 (0x025df233) x 4 0x0000001e
core   0: 0x80005d2c (0x000082dd) c.srli  a3, 23
core   0: 3 0x80005d2c (0x82dd) x13 0x000001ff
core   0: 0x80005d2e (0x002d1413) slli    s0, s10, 2
core   0: 3 0x80005d2e (0x002d1413) x 8 0x00000000
core   0: 0x80005d32 (0x000085ad) c.srai  a1, 11
core   0: 3 0x80005d32 (0x85ad) x11 0x00000000
core   0: 0x80005d34 (0x01fd68b3) or      a7, s10, t6
core   0: 3 0x80005d34 (0x01fd68b3) x17 0xffffffff
core   0: 0x80005d38 (0x00008265) c.srli  a2, 25
core   0: 3 0x80005d38 (0x8265) x12 0x0000007f
core   0: 0x80005d3a (0x00001efd) c.addi  t4, -1
core   0: 3 0x80005d3a (0x1efd) x29 0xffffffff
core   0: 0x80005d3c (0x00008f2d) c.xor   a4, a1
core   0: 3 0x80005d3c (0x8f2d) x14 0x00000000
core   0: 0x80005d3e (0x00008431) c.srai  s0, 12
core   0: 3 0x80005d3e (0x8431) x 8 0x00000000
core   0: 0x80005d40 (0x00000abd) c.addi  s5, 15
core   0: 3 0x80005d40 (0x0abd) x21 0x00000206
core   0: 0x80005d42 (0x0000936e) c.add   t1, s11
core   0: 3 0x80005d42 (0x936e) x 6 0x0000f01e
core   0: 0x80005d44 (0x0143fa33) and     s4, t2, s4
core   0: 3 0x80005d44 (0x0143fa33) x20 0x00000000
core   0: 0x80005d48 (0x1f6bf893) andi    a7, s7, 502
core   0: 3 0x80005d48 (0x1f6bf893) x17 0x000001f6
core   0: 0x80005d4c (0x01e628b3) slt     a7, a2, t5
core   0: 3 0x80005d4c (0x01e628b3) x17 0x00000000
core   0: 0x80005d50 (0x20c0c213) xori    tp, ra, 524
core   0: 3 0x80005d50 (0x20c0c213) x 4 0x80013e1b
core   0: 0x80005d54 (0x00008c59) c.or    s0, a4
core   0: 3 0x80005d54 (0x8c59) x 8 0x00000000
core   0: 0x80005d56 (0x418f5a93) srai    s5, t5, 24
core   0: 3 0x80005d56 (0x418f5a93) x21 0x00000000
core   0: 0x80005d5a (0x40c25933) sra     s2, tp, a2
core   0: 3 0x80005d5a (0x40c25933) x18 0xffffffff
core   0: 0x80005d5e (0x00000341) c.addi  t1, 16
core   0: 3 0x80005d5e (0x0341) x 6 0x0000f02e
core   0: 0x80005d60 (0x4f67edb7) lui     s11, 0x4f67e
core   0: 3 0x80005d60 (0x4f67edb7) x27 0x4f67e000
core   0: 0x80005d64 (0x00000001) c.nop
core   0: 3 0x80005d64 (0x0001)
core   0: 0x80005d66 (0x000095b6) c.add   a1, a3
core   0: 3 0x80005d66 (0x95b6) x11 0x000001ff
core   0: 0x80005d68 (0x000013fd) c.addi  t2, -1
core   0: 3 0x80005d68 (0x13fd) x 7 0xffffffff
core   0: 0x80005d6a (0x01b74fb3) xor     t6, a4, s11
core   0: 3 0x80005d6a (0x01b74fb3) x31 0x4f67e000
core   0: 0x80005d6e (0x22194213) xori    tp, s2, 545
core   0: 3 0x80005d6e (0x22194213) x 4 0xfffffdde
core   0: 0x80005d72 (0x00059f33) sll     t5, a1, zero
core   0: 3 0x80005d72 (0x00059f33) x30 0x000001ff
core   0: 0x80005d76 (0x00b15933) srl     s2, sp, a1
core   0: 3 0x80005d76 (0x00b15933) x18 0x00000000
core   0: 0x80005d7a (0x00000001) c.nop
core   0: 3 0x80005d7a (0x0001)
core   0: 0x80005d7c (0x0000717d) c.addi16sp sp, -16
core   0: 3 0x80005d7c (0x717d) x 2 0xfffffff0
core   0: 0x80005d7e (0x000000c6) c.slli  ra, 17
core   0: 3 0x80005d7e (0x00c6) x 1 0x782e0000
core   0: 0x80005d80 (0xa9a2f193) andi    gp, t0, -1382
core   0: 3 0x80005d80 (0xa9a2f193) x 3 0x00000000
core   0: 0x80005d84 (0x11a9ae13) slti    t3, s3, 282
core   0: 3 0x80005d84 (0x11a9ae13) x28 0x00000001
core   0: 0x80005d88 (0x00008e19) c.sub   a2, a4
core   0: 3 0x80005d88 (0x8e19) x12 0x0000007f
core   0: 0x80005d8a (0x00eb6a33) or      s4, s6, a4
core   0: 3 0x80005d8a (0x00eb6a33) x20 0x00000000
core   0: 0x80005d8e (0x525b4d93) xori    s11, s6, 1317
core   0: 3 0x80005d8e (0x525b4d93) x27 0x00000525
core   0: 0x80005d92 (0x2df7fd93) andi    s11, a5, 735
core   0: 3 0x80005d92 (0x2df7fd93) x27 0x00000000
core   0: 0x80005d96 (0x02e08733) mul     a4, ra, a4
core   0: 3 0x80005d96 (0x02e08733) x14 0x00000000
core   0: 0x80005d9a (0x02685333) divu    t1, a6, t1
core   0: 3 0x80005d9a (0x02685333) x 6 0x0000886f
core   0: 0x80005d9e (0xcb557913) andi    s2, a0, -843
core   0: 3 0x80005d9e (0xcb557913) x18 0x00000000
core   0: 0x80005da2 (0x00009a2a) c.add   s4, a0
core   0: 3 0x80005da2 (0x9a2a) x20 0x00000000
core   0: 0x80005da4 (0x0379a133) mulhsu  sp, s3, s7
core   0: 3 0x80005da4 (0x0379a133) x 2 0x0000005b
core   0: 0x80005da8 (0x03f91533) mulh    a0, s2, t6
core   0: 3 0x80005da8 (0x03f91533) x10 0x00000000
core   0: 0x80005dac (0x00001d9c) c.addi4spn a5, sp, 752
core   0: 3 0x80005dac (0x1d9c) x15 0x0000034b
core   0: 0x80005dae (0x00008b59) c.andi  a4, 22
core   0: 3 0x80005dae (0x8b59) x14 0x00000000
core   0: 0x80005db0 (0x0000898e) c.mv    s3, gp
core   0: 3 0x80005db0 (0x898e) x19 0x00000000
core   0: 0x80005db2 (0x0085be33) sltu    t3, a1, s0
core   0: 3 0x80005db2 (0x0085be33) x28 0x00000000
core   0: 0x80005db6 (0x017e02b3) add     t0, t3, s7
core   0: 3 0x80005db6 (0x017e02b3) x 5 0xffffffff
core   0: 0x80005dba (0x00004c01) c.li    s8, 0
core   0: 3 0x80005dba (0x4c01) x24 0x00000000
core   0: 0x80005dbc (0x000099fd) c.andi  a1, -1
core   0: 3 0x80005dbc (0x99fd) x11 0x000001ff
core   0: 0x80005dbe (0x00ecec33) or      s8, s9, a4
core   0: 3 0x80005dbe (0x00ecec33) x24 0x00000000
core   0: 0x80005dc2 (0x00004e01) c.li    t3, 0
core   0: 3 0x80005dc2 (0x4e01) x28 0x00000000
core   0: 0x80005dc4 (0x1e0a4893) xori    a7, s4, 480
core   0: 3 0x80005dc4 (0x1e0a4893) x17 0x000001e0
core   0: 0x80005dc8 (0x00009a7d) c.andi  a2, -1
core   0: 3 0x80005dc8 (0x9a7d) x12 0x0000007f
core   0: 0x80005dca (0xfd6e1c17) auipc   s8, 0xfd6e1
core   0: 3 0x80005dca (0xfd6e1c17) x24 0x7d6e6dca
core   0: 0x80005dce (0x00009dd6) c.add   s11, s5
core   0: 3 0x80005dce (0x9dd6) x27 0x00000000
core   0: 0x80005dd0 (0x00008b05) c.andi  a4, 1
core   0: 3 0x80005dd0 (0x8b05) x14 0x00000000
core   0: 0x80005dd2 (0x00000d2a) c.slli  s10, 10
core   0: 3 0x80005dd2 (0x0d2a) x26 0x00000000
core   0: 0x80005dd4 (0x00008c69) c.and   s0, a0
core   0: 3 0x80005dd4 (0x8c69) x 8 0x00000000
core   0: 0x80005dd6 (0x03a95033) divu    zero, s2, s10
core   0: 3 0x80005dd6 (0x03a95033)
core   0: 0x80005dda (0x00000001) c.nop
core   0: 3 0x80005dda (0x0001)
core   0: 0x80005ddc (0x00bfe8b3) or      a7, t6, a1
core   0: 3 0x80005ddc (0x00bfe8b3) x17 0x4f67e1ff
core   0: 0x80005de0 (0x00000975) c.addi  s2, 29
core   0: 3 0x80005de0 (0x0975) x18 0x0000001d
core   0: 0x80005de2 (0x02bfaf33) mulhsu  t5, t6, a1
core   0: 3 0x80005de2 (0x02bfaf33) x30 0x0000009e
core   0: 0x80005de6 (0x02a501b3) mul     gp, a0, a0
core   0: 3 0x80005de6 (0x02a501b3) x 3 0x00000000
core   0: 0x80005dea (0xd2712393) slti    t2, sp, -729
core   0: 3 0x80005dea (0xd2712393) x 7 0x00000000
core   0: 0x80005dee (0xdb033c13) sltiu   s8, t1, -592
core   0: 3 0x80005dee (0xdb033c13) x24 0x00000001
core   0: 0x80005df2 (0x02341e33) mulh    t3, s0, gp
core   0: 3 0x80005df2 (0x02341e33) x28 0x00000000
core   0: 0x80005df6 (0x88e73f93) sltiu   t6, a4, -1906
core   0: 3 0x80005df6 (0x88e73f93) x31 0x00000001
core   0: 0x80005dfa (0x00000e10) c.addi4spn a2, sp, 784
core   0: 3 0x80005dfa (0x0e10) x12 0x0000036b
core   0: 0x80005dfc (0x014bceb3) xor     t4, s7, s4
core   0: 3 0x80005dfc (0x014bceb3) x29 0xffffffff
core   0: 0x80005e00 (0x01245013) srli    zero, s0, 18
core   0: 3 0x80005e00 (0x01245013)
core   0: 0x80005e04 (0x519ebd37) lui     s10, 0x519eb
core   0: 3 0x80005e04 (0x519ebd37) x26 0x519eb000
core   0: 0x80005e08 (0x000b70b3) and     ra, s6, zero
core   0: 3 0x80005e08 (0x000b70b3) x 1 0x00000000
core   0: 0x80005e0c (0x00ed66b3) or      a3, s10, a4
core   0: 3 0x80005e0c (0x00ed66b3) x13 0x519eb000
core   0: 0x80005e10 (0x00000f8d) c.addi  t6, 3
core   0: 3 0x80005e10 (0x0f8d) x31 0x00000004
core   0: 0x80005e12 (0x000082d9) c.srli  a3, 22
core   0: 3 0x80005e12 (0x82d9) x13 0x00000146
core   0: 0x80005e14 (0x00009a7d) c.andi  a2, -1
core   0: 3 0x80005e14 (0x9a7d) x12 0x0000036b
core   0: 0x80005e16 (0x9b4ef693) andi    a3, t4, -1612
core   0: 3 0x80005e16 (0x9b4ef693) x13 0xfffff9b4
core   0: 0x80005e1a (0x00008975) c.andi  a0, 29
core   0: 3 0x80005e1a (0x8975) x10 0x00000000
core   0: 0x80005e1c (0x40dedc13) srai    s8, t4, 13
core   0: 3 0x80005e1c (0x40dedc13) x24 0xffffffff
core   0: 0x80005e20 (0x00008aad) c.andi  a3, 11
core   0: 3 0x80005e20 (0x8aad) x13 0x00000000
core   0: 0x80005e22 (0x00008ded) c.and   a1, a1
core   0: 3 0x80005e22 (0x8ded) x11 0x000001ff
core   0: 0x80005e24 (0x2f9f0413) addi    s0, t5, 761
core   0: 3 0x80005e24 (0x2f9f0413) x 8 0x00000397
core   0: 0x80005e28 (0x03efc7b3) div     a5, t6, t5
core   0: 3 0x80005e28 (0x03efc7b3) x15 0x00000000
core   0: 0x80005e2c (0x4180d033) sra     zero, ra, s8
core   0: 3 0x80005e2c (0x4180d033)
core   0: 0x80005e30 (0x41a80e33) sub     t3, a6, s10
core   0: 3 0x80005e30 (0x41a80e33) x28 0x2e628ce4
core   0: 0x80005e34 (0x0000717d) c.addi16sp sp, -16
core   0: 3 0x80005e34 (0x717d) x 2 0x0000004b
core   0: 0x80005e36 (0x03c68033) mul     zero, a3, t3
core   0: 3 0x80005e36 (0x03c68033)
core   0: 0x80005e3a (0x00008ee9) c.and   a3, a0
core   0: 3 0x80005e3a (0x8ee9) x13 0x00000000
core   0: 0x80005e3c (0x413d5c13) srai    s8, s10, 19
core   0: 3 0x80005e3c (0x413d5c13) x24 0x00000a33
core   0: 0x80005e40 (0x00000df2) c.slli  s11, 28
core   0: 3 0x80005e40 (0x0df2) x27 0x00000000
core   0: 0x80005e42 (0x0000611d) c.addi16sp sp, 416
core   0: 3 0x80005e42 (0x611d) x 2 0x000001eb
core   0: 0x80005e44 (0x00000001) c.nop
core   0: 3 0x80005e44 (0x0001)
core   0: 0x80005e46 (0x00008ee5) c.and   a3, s1
core   0: 3 0x80005e46 (0x8ee5) x13 0x00000000
core   0: 0x80005e48 (0x00008c41) c.or    s0, s0
core   0: 3 0x80005e48 (0x8c41) x 8 0x00000397
core   0: 0x80005e4a (0x0000927a) c.add   tp, t5
core   0: 3 0x80005e4a (0x927a) x 4 0xfffffe7c
core   0: 0x80005e4c (0xf5516413) ori     s0, sp, -171
core   0: 3 0x80005e4c (0xf5516413) x 8 0xffffffff
core   0: 0x80005e50 (0x00006135) c.addi16sp sp, 352
core   0: 3 0x80005e50 (0x6135) x 2 0x0000034b
core   0: 0x80005e52 (0x348f26b7) lui     a3, 0x348f2
core   0: 3 0x80005e52 (0x348f26b7) x13 0x348f2000
core   0: 0x80005e56 (0xac210093) addi    ra, sp, -1342
core   0: 3 0x80005e56 (0xac210093) x 1 0xfffffe0d
core   0: 0x80005e5a (0x03b41bb3) mulh    s7, s0, s11
core   0: 3 0x80005e5a (0x03b41bb3) x23 0x00000000
core   0: 0x80005e5e (0x00000d22) c.slli  s10, 8
core   0: 3 0x80005e5e (0x0d22) x26 0x9eb00000
core   0: 0x80005e60 (0x81033593) sltiu   a1, t1, -2032
core   0: 3 0x80005e60 (0x81033593) x11 0x00000001
core   0: 0x80005e64 (0x000063cd) c.lui   t2, 0x13
core   0: 3 0x80005e64 (0x63cd) x 7 0x00013000
core   0: 0x80005e66 (0x0270b1b3) mulhu   gp, ra, t2
core   0: 3 0x80005e66 (0x0270b1b3) x 3 0x00012fff
core   0: 0x80005e6a (0x02abba33) mulhu   s4, s7, a0
core   0: 3 0x80005e6a (0x02abba33) x20 0x00000000
core   0: 0x80005e6e (0x00006131) c.addi16sp sp, 320
core   0: 3 0x80005e6e (0x6131) x 2 0x0000048b
core   0: 0x80005e70 (0x0000197d) c.addi  s2, -1
core   0: 3 0x80005e70 (0x197d) x18 0x0000001c
core   0: 0x80005e72 (0x017170b3) and     ra, sp, s7
core   0: 3 0x80005e72 (0x017170b3) x 1 0x00000000
core   0: 0x80005e76 (0x00dc1f33) sll     t5, s8, a3
core   0: 3 0x80005e76 (0x00dc1f33) x30 0x00000a33
core   0: 0x80005e7a (0x56022e93) slti    t4, tp, 1376
core   0: 3 0x80005e7a (0x56022e93) x29 0x00000001
core   0: 0x80005e7e (0x031f5433) divu    s0, t5, a7
core   0: 3 0x80005e7e (0x031f5433) x 8 0x00000000
core   0: 0x80005e82 (0x00008449) c.srai  s0, 18
core   0: 3 0x80005e82 (0x8449) x 8 0x00000000
core   0: 0x80005e84 (0x002bfeb3) and     t4, s7, sp
core   0: 3 0x80005e84 (0x002bfeb3) x29 0x00000000
core   0: 0x80005e88 (0x2b666a13) ori     s4, a2, 694
core   0: 3 0x80005e88 (0x2b666a13) x20 0x000003ff
core   0: 0x80005e8c (0x000083be) c.mv    t2, a5
core   0: 3 0x80005e8c (0x83be) x 7 0x00000000
core   0: 0x80005e8e (0x00661893) slli    a7, a2, 6
core   0: 3 0x80005e8e (0x00661893) x17 0x0000dac0
core   0: 0x80005e92 (0x02cae433) rem     s0, s5, a2
core   0: 3 0x80005e92 (0x02cae433) x 8 0x00000000
core   0: 0x80005e96 (0x038aac33) mulhsu  s8, s5, s8
core   0: 3 0x80005e96 (0x038aac33) x24 0x00000000
core   0: 0x80005e9a (0x8f99f3b7) lui     t2, 0x8f99f
core   0: 3 0x80005e9a (0x8f99f3b7) x 7 0x8f99f000
core   0: 0x80005e9e (0x00008c39) c.xor   s0, a4
core   0: 3 0x80005e9e (0x8c39) x 8 0x00000000
core   0: 0x80005ea0 (0x49ab6d13) ori     s10, s6, 1178
core   0: 3 0x80005ea0 (0x49ab6d13) x26 0x0000049a
core   0: 0x80005ea4 (0x00b90a33) add     s4, s2, a1
core   0: 3 0x80005ea4 (0x00b90a33) x20 0x0000001d
core   0: 0x80005ea8 (0x7ae6f313) andi    t1, a3, 1966
core   0: 3 0x80005ea8 (0x7ae6f313) x 6 0x00000000
core   0: 0x80005eac (0x029f46b3) div     a3, t5, s1
core   0: 3 0x80005eac (0x029f46b3) x13 0x00000000
core   0: 0x80005eb0 (0x00008f25) c.xor   a4, s1
core   0: 3 0x80005eb0 (0x8f25) x14 0x8000fe64
core   0: 0x80005eb2 (0x00001d98) c.addi4spn a4, sp, 752
core   0: 3 0x80005eb2 (0x1d98) x14 0x0000077b
core   0: 0x80005eb4 (0x01ae3ab3) sltu    s5, t3, s10
core   0: 3 0x80005eb4 (0x01ae3ab3) x21 0x00000000
core   0: 0x80005eb8 (0x0226fd33) remu    s10, a3, sp
core   0: 3 0x80005eb8 (0x0226fd33) x26 0x00000000
core   0: 0x80005ebc (0x00008fed) c.and   a5, a1
core   0: 3 0x80005ebc (0x8fed) x15 0x00000000
core   0: 0x80005ebe (0x89c1c393) xori    t2, gp, -1892
core   0: 3 0x80005ebe (0x89c1c393) x 7 0xfffed763
core   0: 0x80005ec2 (0x412459b3) sra     s3, s0, s2
core   0: 3 0x80005ec2 (0x412459b3) x19 0x00000000
core   0: 0x80005ec6 (0x02578d33) mul     s10, a5, t0
core   0: 3 0x80005ec6 (0x02578d33) x26 0x00000000
core   0: 0x80005eca (0x0278ba33) mulhu   s4, a7, t2
core   0: 3 0x80005eca (0x0278ba33) x20 0x0000dabf
core   0: 0x80005ece (0x00006365) c.lui   t1, 0x19
core   0: 3 0x80005ece (0x6365) x 6 0x00019000
core   0: 0x80005ed0 (0xc12f9f17) auipc   t5, 0xc12f9
core   0: 3 0x80005ed0 (0xc12f9f17) x30 0x412feed0
core   0: 0x80005ed4 (0x8eadc713) xori    a4, s11, -1814
core   0: 3 0x80005ed4 (0x8eadc713) x14 0xfffff8ea
core   0: 0x80005ed8 (0x00006715) c.lui   a4, 0x5
core   0: 3 0x80005ed8 (0x6715) x14 0x00005000
core   0: 0x80005eda (0xbff47697) auipc   a3, 0xbff47
core   0: 3 0x80005eda (0xbff47697) x13 0x3ff4ceda
core   0: 0x80005ede (0x82b40d13) addi    s10, s0, -2005
core   0: 3 0x80005ede (0x82b40d13) x26 0xfffff82b
core   0: 0x80005ee2 (0x00008efd) c.and   a3, a5
core   0: 3 0x80005ee2 (0x8efd) x13 0x00000000
core   0: 0x80005ee4 (0x011b7933) and     s2, s6, a7
core   0: 3 0x80005ee4 (0x011b7933) x18 0x00000000
core   0: 0x80005ee8 (0x00e11913) slli    s2, sp, 14
core   0: 3 0x80005ee8 (0x00e11913) x18 0x0122c000
core   0: 0x80005eec (0x034d1233) mulh    tp, s10, s4
core   0: 3 0x80005eec (0x034d1233) x 4 0xffffffff
core   0: 0x80005ef0 (0x4088dbb3) sra     s7, a7, s0
core   0: 3 0x80005ef0 (0x4088dbb3) x23 0x0000dac0
core   0: 0x80005ef4 (0x00008109) c.srli  a0, 2
core   0: 3 0x80005ef4 (0x8109) x10 0x00000000
core   0: 0x80005ef6 (0x005e0233) add     tp, t3, t0
core   0: 3 0x80005ef6 (0x005e0233) x 4 0x2e628ce3
core   0: 0x80005efa (0x02c36633) rem     a2, t1, a2
core   0: 3 0x80005efa (0x02c36633) x12 0x00000019
core   0: 0x80005efe (0x03ec17b3) mulh    a5, s8, t5
core   0: 3 0x80005efe (0x03ec17b3) x15 0x00000000
core   0: 0x80005f02 (0x00143fb3) sltu    t6, s0, ra
core   0: 3 0x80005f02 (0x00143fb3) x31 0x00000000
core   0: 0x80005f06 (0x000069b9) c.lui   s3, 0xe
core   0: 3 0x80005f06 (0x69b9) x19 0x0000e000
core   0: 0x80005f08 (0x00008d72) c.mv    s10, t3
core   0: 3 0x80005f08 (0x8d72) x26 0x2e628ce4
core   0: 0x80005f0a (0x00008efa) c.mv    t4, t5
core   0: 3 0x80005f0a (0x8efa) x29 0x412feed0
core   0: 0x80005f0c (0x4c06b013) sltiu   zero, a3, 1216
core   0: 3 0x80005f0c (0x4c06b013)
core   0: 0x80005f10 (0x0255b533) mulhu   a0, a1, t0
core   0: 3 0x80005f10 (0x0255b533) x10 0x00000000
core   0: 0x80005f14 (0x035738b3) mulhu   a7, a4, s5
core   0: 3 0x80005f14 (0x035738b3) x17 0x00000000
core   0: 0x80005f18 (0x012a1f13) slli    t5, s4, 18
core   0: 3 0x80005f18 (0x012a1f13) x30 0x6afc0000
core   0: 0x80005f1c (0x00df9233) sll     tp, t6, a3
core   0: 3 0x80005f1c (0x00df9233) x 4 0x00000000
core   0: 0x80005f20 (0x00001410) c.addi4spn a2, sp, 544
core   0: 3 0x80005f20 (0x1410) x12 0x000006ab
core   0: 0x80005f22 (0x001596b3) sll     a3, a1, ra
core   0: 3 0x80005f22 (0x001596b3) x13 0x00000001
core   0: 0x80005f26 (0x00b9f933) and     s2, s3, a1
core   0: 3 0x80005f26 (0x00b9f933) x18 0x00000000
core   0: 0x80005f2a (0x02995b33) divu    s6, s2, s1
core   0: 3 0x80005f2a (0x02995b33) x22 0x00000000
core   0: 0x80005f2e (0x00005bfd) c.li    s7, -1
core   0: 3 0x80005f2e (0x5bfd) x23 0xffffffff
core   0: 0x80005f30 (0x00008d75) c.and   a0, a3
core   0: 3 0x80005f30 (0x8d75) x10 0x00000000
core   0: 0x80005f32 (0x613310b7) lui     ra, 0x61331
core   0: 3 0x80005f32 (0x613310b7) x 1 0x61331000
core   0: 0x80005f36 (0x00006ed5) c.lui   t4, 0x15
core   0: 3 0x80005f36 (0x6ed5) x29 0x00015000
core   0: 0x80005f38 (0x00001710) c.addi4spn a2, sp, 928
core   0: 3 0x80005f38 (0x1710) x12 0x0000082b
core   0: 0x80005f3a (0x00001c7d) c.addi  s8, -1
core   0: 3 0x80005f3a (0x1c7d) x24 0xffffffff
core   0: 0x80005f3c (0x00008edd) c.or    a3, a5
core   0: 3 0x80005f3c (0x8edd) x13 0x00000001
core   0: 0x80005f3e (0x00000115) c.addi  sp, 5
core   0: 3 0x80005f3e (0x0115) x 2 0x00000490
core   0: 0x80005f40 (0x0071cb33) xor     s6, gp, t2
core   0: 3 0x80005f40 (0x0071cb33) x22 0xfffff89c
core   0: 0x80005f44 (0x019fb933) sltu    s2, t6, s9
core   0: 3 0x80005f44 (0x019fb933) x18 0x00000000
core   0: 0x80005f48 (0x400503b3) sub     t2, a0, zero
core   0: 3 0x80005f48 (0x400503b3) x 7 0x00000000
core   0: 0x80005f4c (0x00008e6d) c.and   a2, a1
core   0: 3 0x80005f4c (0x8e6d) x12 0x00000001
core   0: 0x80005f4e (0x00006551) c.lui   a0, 0x14
core   0: 3 0x80005f4e (0x6551) x10 0x00014000
core   0: 0x80005f50 (0x000003da) c.slli  t2, 22
core   0: 3 0x80005f50 (0x03da) x 7 0x00000000
core   0: 0x80005f52 (0x411dd413) srai    s0, s11, 17
core   0: 3 0x80005f52 (0x411dd413) x 8 0x00000000
core   0: 0x80005f56 (0x01a9f533) and     a0, s3, s10
core   0: 3 0x80005f56 (0x01a9f533) x10 0x00008000
core   0: 0x80005f5a (0x03f7ffb3) remu    t6, a5, t6
core   0: 3 0x80005f5a (0x03f7ffb3) x31 0x00000000
core   0: 0x80005f5e (0x00b5d093) srli    ra, a1, 11
core   0: 3 0x80005f5e (0x00b5d093) x 1 0x00000000
core   0: 0x80005f62 (0x02b73ab3) mulhu   s5, a4, a1
core   0: 3 0x80005f62 (0x02b73ab3) x21 0x00000000
core   0: 0x80005f66 (0x000010fd) c.addi  ra, -1
core   0: 3 0x80005f66 (0x10fd) x 1 0xffffffff
core   0: 0x80005f68 (0x41a48c33) sub     s8, s1, s10
core   0: 3 0x80005f68 (0x41a48c33) x24 0x519e7180
core   0: 0x80005f6c (0x01853e33) sltu    t3, a0, s8
core   0: 3 0x80005f6c (0x01853e33) x28 0x00000001
core   0: 0x80005f70 (0x0366f733) remu    a4, a3, s6
core   0: 3 0x80005f70 (0x0366f733) x14 0x00000001
core   0: 0x80005f74 (0x00000c4d) c.addi  s8, 19
core   0: 3 0x80005f74 (0x0c4d) x24 0x519e7193
core   0: 0x80005f76 (0x01ad9f93) slli    t6, s11, 26
core   0: 3 0x80005f76 (0x01ad9f93) x31 0x00000000
core   0: 0x80005f7a (0x00000246) c.slli  tp, 17
core   0: 3 0x80005f7a (0x0246) x 4 0x00000000
core   0: 0x80005f7c (0x00000001) c.nop
core   0: 3 0x80005f7c (0x0001)
core   0: 0x80005f7e (0xb1e87197) auipc   gp, 0xb1e87
core   0: 3 0x80005f7e (0xb1e87197) x 3 0x31e8cf7e
core   0: 0x80005f82 (0x00008049) c.srli  s0, 18
core   0: 3 0x80005f82 (0x8049) x 8 0x00000000
core   0: 0x80005f84 (0x02cc27b3) mulhsu  a5, s8, a2
core   0: 3 0x80005f84 (0x02cc27b3) x15 0x00000000
core   0: 0x80005f88 (0x02c889b3) mul     s3, a7, a2
core   0: 3 0x80005f88 (0x02c889b3) x19 0x00000000
core   0: 0x80005f8c (0x00705613) srli    a2, zero, 7
core   0: 3 0x80005f8c (0x00705613) x12 0x00000000
core   0: 0x80005f90 (0x00009c3e) c.add   s8, a5
core   0: 3 0x80005f90 (0x9c3e) x24 0x519e7193
core   0: 0x80005f92 (0xed77a413) slti    s0, a5, -297
core   0: 3 0x80005f92 (0xed77a413) x 8 0x00000000
core   0: 0x80005f96 (0x000082ed) c.srli  a3, 27
core   0: 3 0x80005f96 (0x82ed) x13 0x00000000
core   0: 0x80005f98 (0x00001f7d) c.addi  t5, -1
core   0: 3 0x80005f98 (0x1f7d) x30 0x6afbffff
core   0: 0x80005f9a (0x02d94f93) xori    t6, s2, 45
core   0: 3 0x80005f9a (0x02d94f93) x31 0x0000002d
core   0: 0x80005f9e (0x1f68b297) auipc   t0, 0x1f68b
core   0: 3 0x80005f9e (0x1f68b297) x 5 0x9f690f9e
core   0: 0x80005fa2 (0xa31a4613) xori    a2, s4, -1487
core   0: 3 0x80005fa2 (0xa31a4613) x12 0xffff208e
core   0: 0x80005fa6 (0x00008219) c.srli  a2, 6
core   0: 3 0x80005fa6 (0x8219) x12 0x03fffc82
core   0: 0x80005fa8 (0x408c0db3) sub     s11, s8, s0
core   0: 3 0x80005fa8 (0x408c0db3) x27 0x519e7193
core   0: 0x80005fac (0x009ec733) xor     a4, t4, s1
core   0: 3 0x80005fac (0x009ec733) x14 0x8001ae64
core   0: 0x80005fb0 (0x016cd313) srli    t1, s9, 22
core   0: 3 0x80005fb0 (0x016cd313) x 6 0x00000000
core   0: 0x80005fb4 (0x00009bee) c.add   s7, s11
core   0: 3 0x80005fb4 (0x9bee) x23 0x519e7192
core   0: 0x80005fb6 (0x000082c1) c.srli  a3, 16
core   0: 3 0x80005fb6 (0x82c1) x13 0x00000000
core   0: 0x80005fb8 (0xed25bd93) sltiu   s11, a1, -302
core   0: 3 0x80005fb8 (0xed25bd93) x27 0x00000001
core   0: 0x80005fbc (0x03aa6633) rem     a2, s4, s10
core   0: 3 0x80005fbc (0x03aa6633) x12 0x0000dabf
core   0: 0x80005fc0 (0x015d9c33) sll     s8, s11, s5
core   0: 3 0x80005fc0 (0x015d9c33) x24 0x00000001
core   0: 0x80005fc4 (0x000083e5) c.srli  a5, 25
core   0: 3 0x80005fc4 (0x83e5) x15 0x00000000
core   0: 0x80005fc6 (0x41f005b3) sub     a1, zero, t6
core   0: 3 0x80005fc6 (0x41f005b3) x11 0xffffffd3
core   0: 0x80005fca (0xe38fc093) xori    ra, t6, -456
core   0: 3 0x80005fca (0xe38fc093) x 1 0xfffffe15
core   0: 0x80005fce (0x0389c433) div     s0, s3, s8
core   0: 3 0x80005fce (0x0389c433) x 8 0x00000000
core   0: 0x80005fd2 (0x000f3033) sltu    zero, t5, zero
core   0: 3 0x80005fd2 (0x000f3033)
core   0: 0x80005fd6 (0x7c7e6d13) ori     s10, t3, 1991
core   0: 3 0x80005fd6 (0x7c7e6d13) x26 0x000007c7
core   0: 0x80005fda (0xe567df97) auipc   t6, 0xe567d
core   0: 3 0x80005fda (0xe567df97) x31 0x65682fda
core   0: 0x80005fde (0x01b65f33) srl     t5, a2, s11
core   0: 3 0x80005fde (0x01b65f33) x30 0x00006d5f
core   0: 0x80005fe2 (0xdc217997) auipc   s3, 0xdc217
core   0: 3 0x80005fe2 (0xdc217997) x19 0x5c21cfe2
core   0: 0x80005fe6 (0x41b855b3) sra     a1, a6, s11
core   0: 3 0x80005fe6 (0x41b855b3) x11 0xc0009e72
core   0: 0x80005fea (0x01869b33) sll     s6, a3, s8
core   0: 3 0x80005fea (0x01869b33) x22 0x00000000
core   0: 0x80005fee (0x019ed993) srli    s3, t4, 25
core   0: 3 0x80005fee (0x019ed993) x19 0x00000000
core   0: 0x80005ff2 (0x00006171) c.addi16sp sp, 336
core   0: 3 0x80005ff2 (0x6171) x 2 0x000005e0
core   0: 0x80005ff4 (0x00e3b933) sltu    s2, t2, a4
core   0: 3 0x80005ff4 (0x00e3b933) x18 0x00000001
core   0: 0x80005ff8 (0x00008c6d) c.and   s0, a1
core   0: 3 0x80005ff8 (0x8c6d) x 8 0x00000000
core   0: 0x80005ffa (0x00cdf033) and     zero, s11, a2
core   0: 3 0x80005ffa (0x00cdf033)
core   0: 0x80005ffe (0x4552bb37) lui     s6, 0x4552b
core   0: 3 0x80005ffe (0x4552bb37) x22 0x4552b000
core   0: 0x80006002 (0x0361ad33) mulhsu  s10, gp, s6
core   0: 3 0x80006002 (0x0361ad33) x26 0x0d83decf
core   0: 0x80006006 (0x00008fa6) c.mv    t6, s1
core   0: 3 0x80006006 (0x8fa6) x31 0x8000fe64
core   0: 0x80006008 (0x000007f9) c.addi  a5, 30
core   0: 3 0x80006008 (0x07f9) x15 0x0000001e
core   0: 0x8000600a (0x65306993) ori     s3, zero, 1619
core   0: 3 0x8000600a (0x65306993) x19 0x00000653
core   0: 0x8000600e (0x0000823d) c.srli  a2, 15
core   0: 3 0x8000600e (0x823d) x12 0x00000001
core   0: 0x80006010 (0x000045d1) c.li    a1, 20
core   0: 3 0x80006010 (0x45d1) x11 0x00000014
core   0: 0x80006012 (0x4cba1797) auipc   a5, 0x4cba1
core   0: 3 0x80006012 (0x4cba1797) x15 0xccba7012
core   0: 0x80006016 (0x00005efd) c.li    t4, -1
core   0: 3 0x80006016 (0x5efd) x29 0xffffffff
core   0: 0x80006018 (0x00008479) c.srai  s0, 30
core   0: 3 0x80006018 (0x8479) x 8 0x00000000
core   0: 0x8000601a (0x013dde93) srli    t4, s11, 19
core   0: 3 0x8000601a (0x013dde93) x29 0x00000000
core   0: 0x8000601e (0xc0392193) slti    gp, s2, -1021
core   0: 3 0x8000601e (0xc0392193) x 3 0x00000000
core   0: 0x80006022 (0x01bd5d33) srl     s10, s10, s11
core   0: 3 0x80006022 (0x01bd5d33) x26 0x06c1ef67
core   0: 0x80006026 (0x023082b3) mul     t0, ra, gp
core   0: 3 0x80006026 (0x023082b3) x 5 0x00000000
core   0: 0x8000602a (0x009aaab3) slt     s5, s5, s1
core   0: 3 0x8000602a (0x009aaab3) x21 0x00000000
core   0: 0x8000602e (0x027ddeb3) divu    t4, s11, t2
core   0: 3 0x8000602e (0x027ddeb3) x29 0xffffffff
core   0: 0x80006032 (0x01a58533) add     a0, a1, s10
core   0: 3 0x80006032 (0x01a58533) x10 0x06c1ef7b
core   0: 0x80006036 (0x00000df2) c.slli  s11, 28
core   0: 3 0x80006036 (0x0df2) x27 0x10000000
core   0: 0x80006038 (0x7247a2b7) lui     t0, 0x7247a
core   0: 3 0x80006038 (0x7247a2b7) x 5 0x7247a000
core   0: 0x8000603c (0x0338ed33) rem     s10, a7, s3
core   0: 3 0x8000603c (0x0338ed33) x26 0x00000000
core   0: 0x80006040 (0x00000001) c.nop
core   0: 3 0x80006040 (0x0001)
core   0: 0x80006042 (0x000010fd) c.addi  ra, -1
core   0: 3 0x80006042 (0x10fd) x 1 0xfffffe14
core   0: 0x80006044 (0x01450db3) add     s11, a0, s4
core   0: 3 0x80006044 (0x01450db3) x27 0x06c2ca3a
core   0: 0x80006048 (0x411b5413) srai    s0, s6, 17
core   0: 3 0x80006048 (0x411b5413) x 8 0x000022a9
core   0: 0x8000604c (0x01b738b3) sltu    a7, a4, s11
core   0: 3 0x8000604c (0x01b738b3) x17 0x00000000
core   0: 0x80006050 (0x0000991e) c.add   s2, t2
core   0: 3 0x80006050 (0x991e) x18 0x00000001
core   0: 0x80006052 (0x00008fb9) c.xor   a5, a4
core   0: 3 0x80006052 (0x8fb9) x15 0x4cbbde76
core   0: 0x80006054 (0x014a82b3) add     t0, s5, s4
core   0: 3 0x80006054 (0x014a82b3) x 5 0x0000dabf
core   0: 0x80006058 (0x01001513) slli    a0, zero, 16
core   0: 3 0x80006058 (0x01001513) x10 0x00000000
core   0: 0x8000605c (0x50c1ca93) xori    s5, gp, 1292
core   0: 3 0x8000605c (0x50c1ca93) x21 0x0000050c
core   0: 0x80006060 (0x03681533) mulh    a0, a6, s6
core   0: 3 0x80006060 (0x03681533) x10 0xdd56fdcf
core   0: 0x80006064 (0xdf925b37) lui     s6, 0xdf925
core   0: 3 0x80006064 (0xdf925b37) x22 0xdf925000
core   0: 0x80006068 (0x00006115) c.addi16sp sp, 288
core   0: 3 0x80006068 (0x6115) x 2 0x00000700
core   0: 0x8000606a (0x03afb033) mulhu   zero, t6, s10
core   0: 3 0x8000606a (0x03afb033)
core   0: 0x8000606e (0x00006115) c.addi16sp sp, 288
core   0: 3 0x8000606e (0x6115) x 2 0x00000820
core   0: 0x80006070 (0x02bb5d33) divu    s10, s6, a1
core   0: 3 0x80006070 (0x02bb5d33) x26 0x0b2db733
core   0: 0x80006074 (0x0000717d) c.addi16sp sp, -16
core   0: 3 0x80006074 (0x717d) x 2 0x00000810
core   0: 0x80006076 (0x401105b3) sub     a1, sp, ra
core   0: 3 0x80006076 (0x401105b3) x11 0x000009fc
core   0: 0x8000607a (0x039035b3) mulhu   a1, zero, s9
core   0: 3 0x8000607a (0x039035b3) x11 0x00000000
core   0: 0x8000607e (0x023808b3) mul     a7, a6, gp
core   0: 3 0x8000607e (0x023808b3) x17 0x00000000
core   0: 0x80006082 (0x007316b3) sll     a3, t1, t2
core   0: 3 0x80006082 (0x007316b3) x13 0x00000000
core   0: 0x80006086 (0x41e3d113) srai    sp, t2, 30
core   0: 3 0x80006086 (0x41e3d113) x 2 0x00000000
core   0: 0x8000608a (0x009b9633) sll     a2, s7, s1
core   0: 3 0x8000608a (0x009b9633) x12 0x19e71920
core   0: 0x8000608e (0xaf4e2213) slti    tp, t3, -1292
core   0: 3 0x8000608e (0xaf4e2213) x 4 0x00000000
core   0: 0x80006092 (0x00008efd) c.and   a3, a5
core   0: 3 0x80006092 (0x8efd) x13 0x00000000
core   0: 0x80006094 (0x3a61e393) ori     t2, gp, 934
core   0: 3 0x80006094 (0x3a61e393) x 7 0x000003a6
core   0: 0x80006098 (0x762c0893) addi    a7, s8, 1890
core   0: 3 0x80006098 (0x762c0893) x17 0x00000763
core   0: 0x8000609c (0x922cf313) andi    t1, s9, -1758
core   0: 3 0x8000609c (0x922cf313) x 6 0x00000000
core   0: 0x800060a0 (0x000081a9) c.srli  a1, 10
core   0: 3 0x800060a0 (0x81a9) x11 0x00000000
core   0: 0x800060a2 (0x000040b5) c.li    ra, 13
core   0: 3 0x800060a2 (0x40b5) x 1 0x0000000d
core   0: 0x800060a4 (0xb7cc4317) auipc   t1, 0xb7cc4
core   0: 3 0x800060a4 (0xb7cc4317) x 6 0x37cca0a4
core   0: 0x800060a8 (0x40365713) srai    a4, a2, 3
core   0: 3 0x800060a8 (0x40365713) x14 0x033ce324
core   0: 0x800060ac (0x00008c69) c.and   s0, a0
core   0: 3 0x800060ac (0x8c69) x 8 0x00002089
core   0: 0x800060ae (0x00000db3) add     s11, zero, zero
core   0: 3 0x800060ae (0x00000db3) x27 0x00000000
core   0: 0x800060b2 (0x00000001) c.nop
core   0: 3 0x800060b2 (0x0001)
core   0: 0x800060b4 (0x00008d01) c.sub   a0, s0
core   0: 3 0x800060b4 (0x8d01) x10 0xdd56dd46
core   0: 0x800060b6 (0x84402293) slti    t0, zero, -1980
core   0: 3 0x800060b6 (0x84402293) x 5 0x00000000
core   0: 0x800060ba (0x9a8a4693) xori    a3, s4, -1624
core   0: 3 0x800060ba (0x9a8a4693) x13 0xffff2317
core   0: 0x800060be (0x000083f9) c.srli  a5, 30
core   0: 3 0x800060be (0x83f9) x15 0x00000001
core   0: 0x800060c0 (0x018fc9b3) xor     s3, t6, s8
core   0: 3 0x800060c0 (0x018fc9b3) x19 0x8000fe65
core   0: 0x800060c4 (0x0000863a) c.mv    a2, a4
core   0: 3 0x800060c4 (0x863a) x12 0x033ce324
core   0: 0x800060c6 (0x00933c33) sltu    s8, t1, s1
core   0: 3 0x800060c6 (0x00933c33) x24 0x00000001
core   0: 0x800060ca (0x5a5b7e93) andi    t4, s6, 1445
core   0: 3 0x800060ca (0x5a5b7e93) x29 0x00000000
core   0: 0x800060ce (0x00008ee1) c.and   a3, s0
core   0: 3 0x800060ce (0x8ee1) x13 0x00002001
core   0: 0x800060d0 (0x022830b3) mulhu   ra, a6, sp
core   0: 3 0x800060d0 (0x022830b3) x 1 0x00000000
core   0: 0x800060d4 (0x417d5e13) srai    t3, s10, 23
core   0: 3 0x800060d4 (0x417d5e13) x28 0x00000016
core   0: 0x800060d8 (0x00008591) c.srai  a1, 4
core   0: 3 0x800060d8 (0x8591) x11 0x00000000
core   0: 0x800060da (0x0000928a) c.add   t0, sp
core   0: 3 0x800060da (0x928a) x 5 0x00000000
core   0: 0x800060dc (0xc687e413) ori     s0, a5, -920
core   0: 3 0x800060dc (0xc687e413) x 8 0xfffffc69
core   0: 0x800060e0 (0x00008d39) c.xor   a0, a4
core   0: 3 0x800060e0 (0x8d39) x10 0xde6a3e62
core   0: 0x800060e2 (0x00008c4d) c.or    s0, a1
core   0: 3 0x800060e2 (0x8c4d) x 8 0xfffffc69
core   0: 0x800060e4 (0x000099fd) c.andi  a1, -1
core   0: 3 0x800060e4 (0x99fd) x11 0x00000000
core   0: 0x800060e6 (0x01cf58b3) srl     a7, t5, t3
core   0: 3 0x800060e6 (0x01cf58b3) x17 0x00000000
core   0: 0x800060ea (0x01c576b3) and     a3, a0, t3
core   0: 3 0x800060ea (0x01c576b3) x13 0x00000002
core   0: 0x800060ee (0x01d34333) xor     t1, t1, t4
core   0: 3 0x800060ee (0x01d34333) x 6 0x37cca0a4
core   0: 0x800060f2 (0x029ca433) mulhsu  s0, s9, s1
core   0: 3 0x800060f2 (0x029ca433) x 8 0x00000000
core   0: 0x800060f6 (0x017a3933) sltu    s2, s4, s7
core   0: 3 0x800060f6 (0x017a3933) x18 0x00000001
core   0: 0x800060fa (0x000086f9) c.srai  a3, 30
core   0: 3 0x800060fa (0x86f9) x13 0x00000000
core   0: 0x800060fc (0x403e5fb3) sra     t6, t3, gp
core   0: 3 0x800060fc (0x403e5fb3) x31 0x00000016
core   0: 0x80006100 (0x01c95f33) srl     t5, s2, t3
core   0: 3 0x80006100 (0x01c95f33) x30 0x00000000
core   0: 0x80006104 (0x4ae90a97) auipc   s5, 0x4ae90
core   0: 3 0x80006104 (0x4ae90a97) x21 0xcae96104
core   0: 0x80006108 (0x0000018e) c.slli  gp, 3
core   0: 3 0x80006108 (0x018e) x 3 0x00000000
core   0: 0x8000610a (0x022eaab3) mulhsu  s5, t4, sp
core   0: 3 0x8000610a (0x022eaab3) x21 0x00000000
core   0: 0x8000610e (0x01b91333) sll     t1, s2, s11
core   0: 3 0x8000610e (0x01b91333) x 6 0x00000001
core   0: 0x80006112 (0x00006169) c.addi16sp sp, 208
core   0: 3 0x80006112 (0x6169) x 2 0x000000d0
core   0: 0x80006114 (0x006d2ab3) slt     s5, s10, t1
core   0: 3 0x80006114 (0x006d2ab3) x21 0x00000000
core   0: 0x80006118 (0x404ed933) sra     s2, t4, tp
core   0: 3 0x80006118 (0x404ed933) x18 0x00000000
core   0: 0x8000611c (0x00946b33) or      s6, s0, s1
core   0: 3 0x8000611c (0x00946b33) x22 0x8000fe64
core   0: 0x80006120 (0x03b0a8b3) mulhsu  a7, ra, s11
core   0: 3 0x80006120 (0x03b0a8b3) x17 0x00000000
core   0: 0x80006124 (0x0000717d) c.addi16sp sp, -16
core   0: 3 0x80006124 (0x717d) x 2 0x000000c0
core   0: 0x80006126 (0x0f014f97) auipc   t6, 0xf014
core   0: 3 0x80006126 (0x0f014f97) x31 0x8f01a126
core   0: 0x8000612a (0x033ac433) div     s0, s5, s3
core   0: 3 0x8000612a (0x033ac433) x 8 0x00000000
core   0: 0x8000612e (0x00006a39) c.lui   s4, 0xe
core   0: 3 0x8000612e (0x6a39) x20 0x0000e000
core   0: 0x80006130 (0x0195abb3) slt     s7, a1, s9
core   0: 3 0x80006130 (0x0195abb3) x23 0x00000000
core   0: 0x80006134 (0x0000034a) c.slli  t1, 18
core   0: 3 0x80006134 (0x034a) x 6 0x00040000
core   0: 0x80006136 (0x00b5a8b3) slt     a7, a1, a1
core   0: 3 0x80006136 (0x00b5a8b3) x17 0x00000000
core   0: 0x8000613a (0x00004ebd) c.li    t4, 15
core   0: 3 0x8000613a (0x4ebd) x29 0x0000000f
core   0: 0x8000613c (0x41d18133) sub     sp, gp, t4
core   0: 3 0x8000613c (0x41d18133) x 2 0xfffffff1
core   0: 0x80006140 (0x01a39093) slli    ra, t2, 26
core   0: 3 0x80006140 (0x01a39093) x 1 0x98000000
core   0: 0x80006144 (0x40ffdd33) sra     s10, t6, a5
core   0: 3 0x80006144 (0x40ffdd33) x26 0xc780d093
core   0: 0x80006148 (0x00008525) c.srai  a0, 9
core   0: 3 0x80006148 (0x8525) x10 0xffef351f
core   0: 0x8000614a (0xcd66bdb7) lui     s11, 0xcd66b
core   0: 3 0x8000614a (0xcd66bdb7) x27 0xcd66b000
core   0: 0x8000614e (0x00000716) c.slli  a4, 5
core   0: 3 0x8000614e (0x0716) x14 0x679c6480
core   0: 0x80006150 (0x00008eb1) c.xor   a3, a2
core   0: 3 0x80006150 (0x8eb1) x13 0x033ce324
core   0: 0x80006152 (0x00008c05) c.sub   s0, s1
core   0: 3 0x80006152 (0x8c05) x 8 0x7fff019c
core   0: 0x80006154 (0x67d7e037) lui     zero, 0x67d7e
core   0: 3 0x80006154 (0x67d7e037)
core   0: 0x80006158 (0x00008f99) c.sub   a5, a4
core   0: 3 0x80006158 (0x8f99) x15 0x98639b81
core   0: 0x8000615a (0x033dbe33) mulhu   t3, s11, s3
core   0: 3 0x8000615a (0x033dbe33) x28 0x66b4241c
core   0: 0x8000615e (0x9daa6093) ori     ra, s4, -1574
core   0: 3 0x8000615e (0x9daa6093) x 1 0xfffff9da
core   0: 0x80006162 (0x022d85b3) mul     a1, s11, sp
core   0: 3 0x80006162 (0x022d85b3) x11 0xf6fbb000
core   0: 0x80006166 (0x00000388) c.addi4spn a0, sp, 448
core   0: 3 0x80006166 (0x0388) x10 0x000001b1
core   0: 0x80006168 (0x246d2993) slti    s3, s10, 582
core   0: 3 0x80006168 (0x246d2993) x19 0x00000001
core   0: 0x8000616c (0x407a8c33) sub     s8, s5, t2
core   0: 3 0x8000616c (0x407a8c33) x24 0xfffffc5a
core   0: 0x80006170 (0xa58ffe93) andi    t4, t6, -1448
core   0: 3 0x80006170 (0xa58ffe93) x29 0x8f01a000
core   0: 0x80006174 (0xd5d74b93) xori    s7, a4, -675
core   0: 3 0x80006174 (0xd5d74b93) x23 0x986399dd
core   0: 0x80006178 (0x4047d513) srai    a0, a5, 4
core   0: 3 0x80006178 (0x4047d513) x10 0xf98639b8
core   0: 0x8000617c (0xbc95b137) lui     sp, 0xbc95b
core   0: 3 0x8000617c (0xbc95b137) x 2 0xbc95b000
core   0: 0x80006180 (0x00cdf033) and     zero, s11, a2
core   0: 3 0x80006180 (0x00cdf033)
core   0: 0x80006184 (0x00009b7d) c.andi  a4, -1
core   0: 3 0x80006184 (0x9b7d) x14 0x679c6480
core   0: 0x80006186 (0x03a02333) mulhsu  t1, zero, s10
core   0: 3 0x80006186 (0x03a02333) x 6 0x00000000
core   0: 0x8000618a (0x03cc7c33) remu    s8, s8, t3
core   0: 3 0x8000618a (0x03cc7c33) x24 0x3297b422
core   0: 0x8000618e (0x00519913) slli    s2, gp, 5
core   0: 3 0x8000618e (0x00519913) x18 0x00000000
core   0: 0x80006192 (0x01198133) add     sp, s3, a7
core   0: 3 0x80006192 (0x01198133) x 2 0x00000001
core   0: 0x80006196 (0x010757b3) srl     a5, a4, a6
core   0: 3 0x80006196 (0x010757b3) x15 0x0679c648
core   0: 0x8000619a (0x002f9c33) sll     s8, t6, sp
core   0: 3 0x8000619a (0x002f9c33) x24 0x1e03424c
core   0: 0x8000619e (0x03ae47b3) div     a5, t3, s10
core   0: 3 0x8000619e (0x03ae47b3) x15 0xffffffff
core   0: 0x800061a2 (0x00008edd) c.or    a3, a5
core   0: 3 0x800061a2 (0x8edd) x13 0xffffffff
core   0: 0x800061a4 (0x00000001) c.nop
core   0: 3 0x800061a4 (0x0001)
core   0: 0x800061a6 (0x404656b3) sra     a3, a2, tp
core   0: 3 0x800061a6 (0x404656b3) x13 0x033ce324
core   0: 0x800061aa (0x00ccda13) srli    s4, s9, 12
core   0: 3 0x800061aa (0x00ccda13) x20 0x00000000
core   0: 0x800061ae (0x000009de) c.slli  s3, 23
core   0: 3 0x800061ae (0x09de) x19 0x00800000
core   0: 0x800061b0 (0x00000001) c.nop
core   0: 3 0x800061b0 (0x0001)
core   0: 0x800061b2 (0x00000001) c.nop
core   0: 3 0x800061b2 (0x0001)
core   0: 0x800061b4 (0x00008fb1) c.xor   a5, a2
core   0: 3 0x800061b4 (0x8fb1) x15 0xfcc31cdb
core   0: 0x800061b6 (0x404455b3) sra     a1, s0, tp
core   0: 3 0x800061b6 (0x404455b3) x11 0x7fff019c
core   0: 0x800061ba (0x0303a2b3) mulhsu  t0, t2, a6
core   0: 3 0x800061ba (0x0303a2b3) x 5 0x000001d3
core   0: 0x800061be (0x021599b3) mulh    s3, a1, ra
core   0: 3 0x800061be (0x021599b3) x19 0xfffffced
core   0: 0x800061c2 (0x038a4533) div     a0, s4, s8
core   0: 3 0x800061c2 (0x038a4533) x10 0x00000000
core   0: 0x800061c6 (0xec89b513) sltiu   a0, s3, -312
core   0: 3 0x800061c6 (0xec89b513) x10 0x00000001
core   0: 0x800061ca (0xafc2ddb7) lui     s11, 0xafc2d
core   0: 3 0x800061ca (0xafc2ddb7) x27 0xafc2d000
core   0: 0x800061ce (0x00005c7d) c.li    s8, -1
core   0: 3 0x800061ce (0x5c7d) x24 0xffffffff
core   0: 0x800061d0 (0x00009dc2) c.add   s11, a6
core   0: 3 0x800061d0 (0x9dc2) x27 0x2fc40ce4
core   0: 0x800061d2 (0x026fe533) rem     a0, t6, t1
core   0: 3 0x800061d2 (0x026fe533) x10 0x8f01a126
core   0: 0x800061d6 (0x00008d71) c.and   a0, a2
core   0: 3 0x800061d6 (0x8d71) x10 0x0300a124
core   0: 0x800061d8 (0x41a205b3) sub     a1, tp, s10
core   0: 3 0x800061d8 (0x41a205b3) x11 0x387f2f6d
core   0: 0x800061dc (0x00008fb9) c.xor   a5, a4
core   0: 3 0x800061dc (0x8fb9) x15 0x9b5f785b
core   0: 0x800061de (0x000068b1) c.lui   a7, 0xc
core   0: 3 0x800061de (0x68b1) x17 0x0000c000
core   0: 0x800061e0 (0x0015a233) slt     tp, a1, ra
core   0: 3 0x800061e0 (0x0015a233) x 4 0x00000000
core   0: 0x800061e4 (0x0a97e713) ori     a4, a5, 169
core   0: 3 0x800061e4 (0x0a97e713) x14 0x9b5f78fb
core   0: 0x800061e8 (0x000006aa) c.slli  a3, 10
core   0: 3 0x800061e8 (0x06aa) x13 0xf38c9000
core   0: 0x800061ea (0x2bc0cf93) xori    t6, ra, 700
core   0: 3 0x800061ea (0x2bc0cf93) x31 0xfffffb66
core   0: 0x800061ee (0x010ebdb3) sltu    s11, t4, a6
core   0: 3 0x800061ee (0x010ebdb3) x27 0x00000000
core   0: 0x800061f2 (0x41335113) srai    sp, t1, 19
core   0: 3 0x800061f2 (0x41335113) x 2 0x00000000
core   0: 0x800061f6 (0x4121d6b3) sra     a3, gp, s2
core   0: 3 0x800061f6 (0x4121d6b3) x13 0x00000000
core   0: 0x800061fa (0x41d28633) sub     a2, t0, t4
core   0: 3 0x800061fa (0x41d28633) x12 0x70fe61d3
core   0: 0x800061fe (0x01057233) and     tp, a0, a6
core   0: 3 0x800061fe (0x01057233) x 4 0x00002024
core   0: 0x80006202 (0x00008615) c.srai  a2, 5
core   0: 3 0x80006202 (0x8615) x12 0x0387f30e
core   0: 0x80006204 (0x00008835) c.andi  s0, 13
core   0: 3 0x80006204 (0x8835) x 8 0x0000000c
core   0: 0x80006206 (0x00000132) c.slli  sp, 12
core   0: 3 0x80006206 (0x0132) x 2 0x00000000
core   0: 0x80006208 (0x00000001) c.nop
core   0: 3 0x80006208 (0x0001)
core   0: 0x8000620a (0x03d64eb3) div     t4, a2, t4
core   0: 3 0x8000620a (0x03d64eb3) x29 0x00000000
core   0: 0x8000620e (0x40bbd333) sra     t1, s7, a1
core   0: 3 0x8000620e (0x40bbd333) x 6 0xfffcc31c
core   0: 0x80006212 (0x00001dfd) c.addi  s11, -1
core   0: 3 0x80006212 (0x1dfd) x27 0xffffffff
core   0: 0x80006214 (0x40e58fb3) sub     t6, a1, a4
core   0: 3 0x80006214 (0x40e58fb3) x31 0x9d1fb672
core   0: 0x80006218 (0x000081b1) c.srli  a1, 12
core   0: 3 0x80006218 (0x81b1) x11 0x000387f2
core   0: 0x8000621a (0x00001f7d) c.addi  t5, -1
core   0: 3 0x8000621a (0x1f7d) x30 0xffffffff
core   0: 0x8000621c (0x00008171) c.srli  a0, 28
core   0: 3 0x8000621c (0x8171) x10 0x00000000
core   0: 0x8000621e (0x00008275) c.srli  a2, 29
core   0: 3 0x8000621e (0x8275) x12 0x00000000
core   0: 0x80006220 (0x72627893) andi    a7, tp, 1830
core   0: 3 0x80006220 (0x72627893) x17 0x00000024
core   0: 0x80006224 (0x40b0d213) srai    tp, ra, 11
core   0: 3 0x80006224 (0x40b0d213) x 4 0xffffffff
core   0: 0x80006228 (0x01e2b9b3) sltu    s3, t0, t5
core   0: 3 0x80006228 (0x01e2b9b3) x19 0x00000001
core   0: 0x8000622c (0x00b95713) srli    a4, s2, 11
core   0: 3 0x8000622c (0x00b95713) x14 0x00000000
core   0: 0x80006230 (0x0070e6b3) or      a3, ra, t2
core   0: 3 0x80006230 (0x0070e6b3) x13 0xfffffbfe
core   0: 0x80006234 (0x00000aa6) c.slli  s5, 9
core   0: 3 0x80006234 (0x0aa6) x21 0x00000000
core   0: 0x80006236 (0x01dbd5b3) srl     a1, s7, t4
core   0: 3 0x80006236 (0x01dbd5b3) x11 0x986399dd
core   0: 0x8000623a (0x011cda33) srl     s4, s9, a7
core   0: 3 0x8000623a (0x011cda33) x20 0x00000000
core   0: 0x8000623e (0x0254bb33) mulhu   s6, s1, t0
core   0: 3 0x8000623e (0x0254bb33) x22 0x000000e9
core   0: 0x80006242 (0x01a25913) srli    s2, tp, 26
core   0: 3 0x80006242 (0x01a25913) x18 0x0000003f
core   0: 0x80006246 (0x70ecff93) andi    t6, s9, 1806
core   0: 3 0x80006246 (0x70ecff93) x31 0x00000000
core   0: 0x8000624a (0x03e2a6b3) mulhsu  a3, t0, t5
core   0: 3 0x8000624a (0x03e2a6b3) x13 0x000001d2
core   0: 0x8000624e (0x00006179) c.addi16sp sp, 464
core   0: 3 0x8000624e (0x6179) x 2 0x000001d0
core   0: 0x80006250 (0x00006c5d) c.lui   s8, 0x17
core   0: 3 0x80006250 (0x6c5d) x24 0x00017000
core   0: 0x80006252 (0x25fa0fb7) lui     t6, 0x25fa0
core   0: 3 0x80006252 (0x25fa0fb7) x31 0x25fa0000
core   0: 0x80006256 (0x0095b6b3) sltu    a3, a1, s1
core   0: 3 0x80006256 (0x0095b6b3) x13 0x00000000
core   0: 0x8000625a (0x00000001) c.nop
core   0: 3 0x8000625a (0x0001)
core   0: 0x8000625c (0x00001dfd) c.addi  s11, -1
core   0: 3 0x8000625c (0x1dfd) x27 0xfffffffe
core   0: 0x8000625e (0xb8f31437) lui     s0, 0xb8f31
core   0: 3 0x8000625e (0xb8f31437) x 8 0xb8f31000
core   0: 0x80006262 (0x0000567d) c.li    a2, -1
core   0: 3 0x80006262 (0x567d) x12 0xffffffff
core   0: 0x80006264 (0x00b19113) slli    sp, gp, 11
core   0: 3 0x80006264 (0x00b19113) x 2 0x00000000
core   0: 0x80006268 (0x03a419b3) mulh    s3, s0, s10
core   0: 3 0x80006268 (0x03a419b3) x19 0x0fae2114
core   0: 0x8000626c (0x000058fd) c.li    a7, -1
core   0: 3 0x8000626c (0x58fd) x17 0xffffffff
core   0: 0x8000626e (0x0000997d) c.andi  a0, -1
core   0: 3 0x8000626e (0x997d) x10 0x00000000
core   0: 0x80006270 (0x4113dc13) srai    s8, t2, 17
core   0: 3 0x80006270 (0x4113dc13) x24 0x00000000
core   0: 0x80006274 (0x64ef8593) addi    a1, t6, 1614
core   0: 3 0x80006274 (0x64ef8593) x11 0x25fa064e
core   0: 0x80006278 (0x4f588637) lui     a2, 0x4f588
core   0: 3 0x80006278 (0x4f588637) x12 0x4f588000
core   0: 0x8000627c (0x00008992) c.mv    s3, tp
core   0: 3 0x8000627c (0x8992) x19 0xffffffff
core   0: 0x8000627e (0x00ba9db3) sll     s11, s5, a1
core   0: 3 0x8000627e (0x00ba9db3) x27 0x00000000
core   0: 0x80006282 (0x015497b3) sll     a5, s1, s5
core   0: 3 0x80006282 (0x015497b3) x15 0x8000fe64
core   0: 0x80006286 (0x77068f93) addi    t6, a3, 1904
core   0: 3 0x80006286 (0x77068f93) x31 0x00000770
core   0: 0x8000628a (0x00009b0a) c.add   s6, sp
core   0: 3 0x8000628a (0x9b0a) x22 0x000000e9
core   0: 0x8000628c (0x01829513) slli    a0, t0, 24
core   0: 3 0x8000628c (0x01829513) x10 0xd3000000
core   0: 0x80006290 (0x00000dbe) c.slli  s11, 15
core   0: 3 0x80006290 (0x0dbe) x27 0x00000000
core   0: 0x80006292 (0x013a7433) and     s0, s4, s3
core   0: 3 0x80006292 (0x013a7433) x 8 0x00000000
core   0: 0x80006296 (0x000086f1) c.srai  a3, 28
core   0: 3 0x80006296 (0x86f1) x13 0x00000000
core   0: 0x80006298 (0x00008e39) c.xor   a2, a4
core   0: 3 0x80006298 (0x8e39) x12 0x4f588000
core   0: 0x8000629a (0x00008d81) c.sub   a1, s0
core   0: 3 0x8000629a (0x8d81) x11 0x25fa064e
core   0: 0x8000629c (0x00009c56) c.add   s8, s5
core   0: 3 0x8000629c (0x9c56) x24 0x00000000
core   0: 0x8000629e (0x00eaca33) xor     s4, s5, a4
core   0: 3 0x8000629e (0x00eaca33) x20 0x00000000
core   0: 0x800062a2 (0x01205133) srl     sp, zero, s2
core   0: 3 0x800062a2 (0x01205133) x 2 0x00000000
core   0: 0x800062a6 (0x9926f093) andi    ra, a3, -1646
core   0: 3 0x800062a6 (0x9926f093) x 1 0x00000000
core   0: 0x800062aa (0x00d405b3) add     a1, s0, a3
core   0: 3 0x800062aa (0x00d405b3) x11 0x00000000
core   0: 0x800062ae (0x036932b3) mulhu   t0, s2, s6
core   0: 3 0x800062ae (0x036932b3) x 5 0x00000000
core   0: 0x800062b2 (0x000090de) c.add   ra, s7
core   0: 3 0x800062b2 (0x90de) x 1 0x986399dd
core   0: 0x800062b4 (0x5f017d13) andi    s10, sp, 1520
core   0: 3 0x800062b4 (0x5f017d13) x26 0x00000000
core   0: 0x800062b8 (0x0362d933) divu    s2, t0, s6
core   0: 3 0x800062b8 (0x0362d933) x18 0x00000000
core   0: 0x800062bc (0x00008d9d) c.sub   a1, a5
core   0: 3 0x800062bc (0x8d9d) x11 0x7fff019c
core   0: 0x800062be (0x0000815a) c.mv    sp, s6
core   0: 3 0x800062be (0x815a) x 2 0x000000e9
core   0: 0x800062c0 (0x8c674437) lui     s0, 0x8c674
core   0: 3 0x800062c0 (0x8c674437) x 8 0x8c674000
core   0: 0x800062c4 (0x0692f513) andi    a0, t0, 105
core   0: 3 0x800062c4 (0x0692f513) x10 0x00000000
core   0: 0x800062c8 (0x022c2133) mulhsu  sp, s8, sp
core   0: 3 0x800062c8 (0x022c2133) x 2 0x00000000
core   0: 0x800062cc (0x00000001) c.nop
core   0: 3 0x800062cc (0x0001)
core   0: 0x800062ce (0x010e66b3) or      a3, t3, a6
core   0: 3 0x800062ce (0x010e66b3) x13 0xe6b53cfc
core   0: 0x800062d2 (0x00001c7d) c.addi  s8, -1
core   0: 3 0x800062d2 (0x1c7d) x24 0xffffffff
core   0: 0x800062d4 (0x026cbd33) mulhu   s10, s9, t1
core   0: 3 0x800062d4 (0x026cbd33) x26 0x00000000
core   0: 0x800062d8 (0x01faf0b3) and     ra, s5, t6
core   0: 3 0x800062d8 (0x01faf0b3) x 1 0x00000000
core   0: 0x800062dc (0x4034ddb3) sra     s11, s1, gp
core   0: 3 0x800062dc (0x4034ddb3) x27 0x8000fe64
core   0: 0x800062e0 (0x00f2de13) srli    t3, t0, 15
core   0: 3 0x800062e0 (0x00f2de13) x28 0x00000000
core   0: 0x800062e4 (0x03d6ffb3) remu    t6, a3, t4
core   0: 3 0x800062e4 (0x03d6ffb3) x31 0xe6b53cfc
core   0: 0x800062e8 (0x00841b93) slli    s7, s0, 8
core   0: 3 0x800062e8 (0x00841b93) x23 0x67400000
core   0: 0x800062ec (0x0000415d) c.li    sp, 23
core   0: 3 0x800062ec (0x415d) x 2 0x00000017
core   0: 0x800062ee (0x4188d133) sra     sp, a7, s8
core   0: 3 0x800062ee (0x4188d133) x 2 0xffffffff
core   0: 0x800062f2 (0x00000001) c.nop
core   0: 3 0x800062f2 (0x0001)
core   0: 0x800062f4 (0x00fb5a93) srli    s5, s6, 15
core   0: 3 0x800062f4 (0x00fb5a93) x21 0x00000000
core   0: 0x800062f8 (0xbd841597) auipc   a1, 0xbd841
core   0: 3 0x800062f8 (0xbd841597) x11 0x3d8472f8
core   0: 0x800062fc (0x00000001) c.nop
core   0: 3 0x800062fc (0x0001)
core   0: 0x800062fe (0xea0fa413) slti    s0, t6, -352
core   0: 3 0x800062fe (0xea0fa413) x 8 0x00000001
core   0: 0x80006302 (0x010b5d13) srli    s10, s6, 16
core   0: 3 0x80006302 (0x010b5d13) x26 0x00000000
core   0: 0x80006306 (0x033eb0b3) mulhu   ra, t4, s3
core   0: 3 0x80006306 (0x033eb0b3) x 1 0x00000000
core   0: 0x8000630a (0x00004c15) c.li    s8, 5
core   0: 3 0x8000630a (0x4c15) x24 0x00000005
core   0: 0x8000630c (0x000008e1) c.addi  a7, 24
core   0: 3 0x8000630c (0x08e1) x17 0x00000017
core   0: 0x8000630e (0x01c69d13) slli    s10, a3, 28
core   0: 3 0x8000630e (0x01c69d13) x26 0xc0000000
core   0: 0x80006312 (0x0220a3b3) mulhsu  t2, ra, sp
core   0: 3 0x80006312 (0x0220a3b3) x 7 0x00000000
core   0: 0x80006316 (0x00008f11) c.sub   a4, a2
core   0: 3 0x80006316 (0x8f11) x14 0xb0a78000
core   0: 0x80006318 (0xb337c213) xori    tp, a5, -1229
core   0: 3 0x80006318 (0xb337c213) x 4 0x7fff0557
core   0: 0x8000631c (0x03c12ab3) mulhsu  s5, sp, t3
core   0: 3 0x8000631c (0x03c12ab3) x21 0x00000000
core   0: 0x80006320 (0x0000717d) c.addi16sp sp, -16
core   0: 3 0x80006320 (0x717d) x 2 0xffffffef
core   0: 0x80006322 (0x0102dfb3) srl     t6, t0, a6
core   0: 3 0x80006322 (0x0102dfb3) x31 0x00000000
core   0: 0x80006326 (0x003f7933) and     s2, t5, gp
core   0: 3 0x80006326 (0x003f7933) x18 0x00000000
core   0: 0x8000632a (0x00fa35b3) sltu    a1, s4, a5
core   0: 3 0x8000632a (0x00fa35b3) x11 0x00000001
core   0: 0x8000632e (0x0000717d) c.addi16sp sp, -16
core   0: 3 0x8000632e (0x717d) x 2 0xffffffdf
core   0: 0x80006330 (0x00000490) c.addi4spn a2, sp, 576
core   0: 3 0x80006330 (0x0490) x12 0x0000021f
core   0: 0x80006332 (0x03e0adb3) mulhsu  s11, ra, t5
core   0: 3 0x80006332 (0x03e0adb3) x27 0x00000000
core   0: 0x80006336 (0x41b18733) sub     a4, gp, s11
core   0: 3 0x80006336 (0x41b18733) x14 0x00000000
core   0: 0x8000633a (0x00008c6a) c.mv    s8, s10
core   0: 3 0x8000633a (0x8c6a) x24 0xc0000000
core   0: 0x8000633c (0x01b866b3) or      a3, a6, s11
core   0: 3 0x8000633c (0x01b866b3) x13 0x80013ce4
core   0: 0x80006340 (0x00008981) c.andi  a1, 0
core   0: 3 0x80006340 (0x8981) x11 0x00000000
core   0: 0x80006342 (0x38b34293) xori    t0, t1, 907
core   0: 3 0x80006342 (0x38b34293) x 5 0xfffcc097
core   0: 0x80006346 (0x40410933) sub     s2, sp, tp
core   0: 3 0x80006346 (0x40410933) x18 0x8000fa88
core   0: 0x8000634a (0x02cbd3b3) divu    t2, s7, a2
core   0: 3 0x8000634a (0x02cbd3b3) x 7 0x0030ad7e
core   0: 0x8000634e (0x00001788) c.addi4spn a0, sp, 992
core   0: 3 0x8000634e (0x1788) x10 0x000003bf
core   0: 0x80006350 (0x03e99233) mulh    tp, s3, t5
core   0: 3 0x80006350 (0x03e99233) x 4 0x00000000
core   0: 0x80006354 (0x0000008a) c.slli  ra, 2
core   0: 3 0x80006354 (0x008a) x 1 0x00000000
core   0: 0x80006356 (0x00b6b8b3) sltu    a7, a3, a1
core   0: 3 0x80006356 (0x00b6b8b3) x17 0x00000000
core   0: 0x8000635a (0x4e7a1c17) auipc   s8, 0x4e7a1
core   0: 3 0x8000635a (0x4e7a1c17) x24 0xce7a735a
core   0: 0x8000635e (0x00000c1c) c.addi4spn a5, sp, 528
core   0: 3 0x8000635e (0x0c1c) x15 0x000001ef
core   0: 0x80006360 (0x014557b3) srl     a5, a0, s4
core   0: 3 0x80006360 (0x014557b3) x15 0x000003bf
core   0: 0x80006364 (0x409a86b3) sub     a3, s5, s1
core   0: 3 0x80006364 (0x409a86b3) x13 0x7fff019c
core   0: 0x80006368 (0x26b9c293) xori    t0, s3, 619
core   0: 3 0x80006368 (0x26b9c293) x 5 0xfffffd94
core   0: 0x8000636c (0x00000001) c.nop
core   0: 3 0x8000636c (0x0001)
core   0: 0x8000636e (0x00006111) c.addi16sp sp, 256
core   0: 3 0x8000636e (0x6111) x 2 0x000000df
core   0: 0x80006370 (0x74d71fb7) lui     t6, 0x74d71
core   0: 3 0x80006370 (0x74d71fb7) x31 0x74d71000
core   0: 0x80006374 (0x00000001) c.nop
core   0: 3 0x80006374 (0x0001)
core   0: 0x80006376 (0x408fdf13) srai    t5, t6, 8
core   0: 3 0x80006376 (0x408fdf13) x30 0x0074d710
core   0: 0x8000637a (0xa9410017) auipc   zero, 0xa9410
core   0: 3 0x8000637a (0xa9410017)
core   0: 0x8000637e (0x00008f85) c.sub   a5, s1
core   0: 3 0x8000637e (0x8f85) x15 0x7fff055b
core   0: 0x80006380 (0x02fcff33) remu    t5, s9, a5
core   0: 3 0x80006380 (0x02fcff33) x30 0x00000000
core   0: 0x80006384 (0x00008212) c.mv    tp, tp
core   0: 3 0x80006384 (0x8212) x 4 0x00000000
core   0: 0x80006386 (0x00745c33) srl     s8, s0, t2
core   0: 3 0x80006386 (0x00745c33) x24 0x00000000
core   0: 0x8000638a (0x00000b90) c.addi4spn a2, sp, 464
core   0: 3 0x8000638a (0x0b90) x12 0x000002af
core   0: 0x8000638c (0x022fb333) mulhu   t1, t6, sp
core   0: 3 0x8000638c (0x022fb333) x 6 0x00000065
core   0: 0x80006390 (0x00001194) c.addi4spn a3, sp, 224
core   0: 3 0x80006390 (0x1194) x13 0x000001bf
core   0: 0x80006392 (0x033067b3) rem     a5, zero, s3
core   0: 3 0x80006392 (0x033067b3) x15 0x00000000
core   0: 0x80006396 (0x0070aa33) slt     s4, ra, t2
core   0: 3 0x80006396 (0x0070aa33) x20 0x00000001
core   0: 0x8000639a (0xad367e13) andi    t3, a2, -1325
core   0: 3 0x8000639a (0xad367e13) x28 0x00000283
core   0: 0x8000639e (0x00008d6d) c.and   a0, a1
core   0: 3 0x8000639e (0x8d6d) x10 0x00000000
core   0: 0x800063a0 (0x00a31db3) sll     s11, t1, a0
core   0: 3 0x800063a0 (0x00a31db3) x27 0x00000065
core   0: 0x800063a4 (0x0141d0b3) srl     ra, gp, s4
core   0: 3 0x800063a4 (0x0141d0b3) x 1 0x00000000
core   0: 0x800063a8 (0x01b32733) slt     a4, t1, s11
core   0: 3 0x800063a8 (0x01b32733) x14 0x00000000
core   0: 0x800063ac (0x0155de93) srli    t4, a1, 21
core   0: 3 0x800063ac (0x0155de93) x29 0x00000000
core   0: 0x800063b0 (0x00000001) c.nop
core   0: 3 0x800063b0 (0x0001)
core   0: 0x800063b2 (0x000085e5) c.srai  a1, 25
core   0: 3 0x800063b2 (0x85e5) x11 0x00000000
core   0: 0x800063b4 (0xb9fd3293) sltiu   t0, s10, -1121
core   0: 3 0x800063b4 (0xb9fd3293) x 5 0x00000001
core   0: 0x800063b8 (0x019da733) slt     a4, s11, s9
core   0: 3 0x800063b8 (0x019da733) x14 0x00000000
core   0: 0x800063bc (0x03a69033) mulh    zero, a3, s10
core   0: 3 0x800063bc (0x03a69033)
core   0: 0x800063c0 (0xf4187593) andi    a1, a6, -191
core   0: 3 0x800063c0 (0xf4187593) x11 0x80013c40
core   0: 0x800063c4 (0x024d9d33) mulh    s10, s11, tp
core   0: 3 0x800063c4 (0x024d9d33) x26 0x00000000
core   0: 0x800063c8 (0x01ea68b3) or      a7, s4, t5
core   0: 3 0x800063c8 (0x01ea68b3) x17 0x00000001
core   0: 0x800063cc (0x00839f33) sll     t5, t2, s0
core   0: 3 0x800063cc (0x00839f33) x30 0x00615afc
core   0: 0x800063d0 (0x0278b033) mulhu   zero, a7, t2
core   0: 3 0x800063d0 (0x0278b033)
core   0: 0x800063d4 (0x00008ef9) c.and   a3, a4
core   0: 3 0x800063d4 (0x8ef9) x13 0x00000000
core   0: 0x800063d6 (0x01fe50b3) srl     ra, t3, t6
core   0: 3 0x800063d6 (0x01fe50b3) x 1 0x00000283
core   0: 0x800063da (0x00008ee5) c.and   a3, s1
core   0: 3 0x800063da (0x8ee5) x13 0x00000000
core   0: 0x800063dc (0xde7eb717) auipc   a4, 0xde7eb
core   0: 3 0x800063dc (0xde7eb717) x14 0x5e7f13dc
core   0: 0x800063e0 (0xfff00e13) li      t3, -1
core   0: 3 0x800063e0 (0xfff00e13) x28 0xffffffff
core   0: 0x800063e4 (0x80000537) lui     a0, 0x80000
core   0: 3 0x800063e4 (0x80000537) x10 0x80000000
core   0: 0x800063e8 (0xfff00593) li      a1, -1
core   0: 3 0x800063e8 (0xfff00593) x11 0xffffffff
core   0: 0x800063ec (0x00004d81) c.li    s11, 0
core   0: 3 0x800063ec (0x4d81) x27 0x00000000
core   0: 0x800063ee (0xa37a19b7) lui     s3, 0xa37a1
core   0: 3 0x800063ee (0xa37a19b7) x19 0xa37a1000
core   0: 0x800063f2 (0x2b998993) addi    s3, s3, 697
core   0: 3 0x800063f2 (0x2b998993) x19 0xa37a12b9
core   0: 0x800063f6 (0x00004681) c.li    a3, 0
core   0: 3 0x800063f6 (0x4681) x13 0x00000000
core   0: 0x800063f8 (0x80000237) lui     tp, 0x80000
core   0: 3 0x800063f8 (0x80000237) x 4 0x80000000
core   0: 0x800063fc (0x800002b7) lui     t0, 0x80000
core   0: 3 0x800063fc (0x800002b7) x 5 0x80000000
core   0: 0x80006400 (0xfff00093) li      ra, -1
core   0: 3 0x80006400 (0xfff00093) x 1 0xffffffff
core   0: 0x80006404 (0x00004b81) c.li    s7, 0
core   0: 3 0x80006404 (0x4b81) x23 0x00000000
core   0: 0x80006406 (0x0255b533) mulhu   a0, a1, t0
core   0: 3 0x80006406 (0x0255b533) x10 0x7fffffff
core   0: 0x8000640a (0x401e0233) sub     tp, t3, ra
core   0: 3 0x8000640a (0x401e0233) x 4 0x00000000
core   0: 0x8000640e (0x03b50533) mul     a0, a0, s11
core   0: 3 0x8000640e (0x03b50533) x10 0x00000000
core   0: 0x80006412 (0xc5314597) auipc   a1, 0xc5314
core   0: 3 0x80006412 (0xc5314597) x11 0x4531a412
core   0: 0x80006416 (0x02d536b3) mulhu   a3, a0, a3
core   0: 3 0x80006416 (0x02d536b3) x13 0x00000000
core   0: 0x8000641a (0x033db5b3) mulhu   a1, s11, s3
core   0: 3 0x8000641a (0x033db5b3) x11 0x00000000
core   0: 0x8000641e (0xbe5a4217) auipc   tp, 0xbe5a4
core   0: 3 0x8000641e (0xbe5a4217) x 4 0x3e5aa41e
core   0: 0x80006422 (0x56bb8593) addi    a1, s7, 1387
core   0: 3 0x80006422 (0x56bb8593) x11 0x0000056b
core   0: 0x80006426 (0x03b9b5b3) mulhu   a1, s3, s11
core   0: 3 0x80006426 (0x03b9b5b3) x11 0x00000000
core   0: 0x8000642a (0x02b542b3) div     t0, a0, a1
core   0: 3 0x8000642a (0x02b542b3) x 5 0xffffffff
core   0: 0x8000642e (0x025e26b3) mulhsu  a3, t3, t0
core   0: 3 0x8000642e (0x025e26b3) x13 0xffffffff
core   0: 0x80006432 (0x23e885b7) lui     a1, 0x23e88
core   0: 3 0x80006432 (0x23e885b7) x11 0x23e88000
core   0: 0x80006436 (0x02151bb3) mulh    s7, a0, ra
core   0: 3 0x80006436 (0x02151bb3) x23 0x00000000
core   0: 0x8000643a (0x40a20233) sub     tp, tp, a0
core   0: 3 0x8000643a (0x40a20233) x 4 0x3e5aa41e
core   0: 0x8000643e (0x021db6b3) mulhu   a3, s11, ra
core   0: 3 0x8000643e (0x021db6b3) x13 0x00000000
core   0: 0x80006442 (0xfae626b7) lui     a3, 0xfae62
core   0: 3 0x80006442 (0xfae626b7) x13 0xfae62000
core   0: 0x80006446 (0x02bdb533) mulhu   a0, s11, a1
core   0: 3 0x80006446 (0x02bdb533) x10 0x00000000
core   0: 0x8000644a (0x02d27e33) remu    t3, tp, a3
core   0: 3 0x8000644a (0x02d27e33) x28 0x3e5aa41e
core   0: 0x8000644e (0x41138433) sub     s0, t2, a7
core   0: 3 0x8000644e (0x41138433) x 8 0x0030ad7d
core   0: 0x80006452 (0x03612733) mulhsu  a4, sp, s6
core   0: 3 0x80006452 (0x03612733) x14 0x00000000
core   0: 0x80006456 (0x038176b3) remu    a3, sp, s8
core   0: 3 0x80006456 (0x038176b3) x13 0x000000df
core   0: 0x8000645a (0x033335b3) mulhu   a1, t1, s3
core   0: 3 0x8000645a (0x033335b3) x11 0x00000040
core   0: 0x8000645e (0x023ee8b3) rem     a7, t4, gp
core   0: 3 0x8000645e (0x023ee8b3) x17 0x00000000
core   0: 0x80006462 (0x014ce233) or      tp, s9, s4
core   0: 3 0x80006462 (0x014ce233) x 4 0x00000001
core   0: 0x80006466 (0x000001c5) c.addi  gp, 17
core   0: 3 0x80006466 (0x01c5) x 3 0x00000011
core   0: 0x80006468 (0x00004759) c.li    a4, 22
core   0: 3 0x80006468 (0x4759) x14 0x00000016
core   0: 0x8000646a (0xe7b13513) sltiu   a0, sp, -389
core   0: 3 0x8000646a (0xe7b13513) x10 0x00000001
core   0: 0x8000646e (0x093f4013) xori    zero, t5, 147
core   0: 3 0x8000646e (0x093f4013)
core   0: 0x80006472 (0x00008751) c.srai  a4, 20
core   0: 3 0x80006472 (0x8751) x14 0x00000000
core   0: 0x80006474 (0x024f52b3) divu    t0, t5, tp
core   0: 3 0x80006474 (0x024f52b3) x 5 0x00615afc
core   0: 0x80006478 (0x0000892e) c.mv    s2, a1
core   0: 3 0x80006478 (0x892e) x18 0x00000040
core   0: 0x8000647a (0x0000612d) c.addi16sp sp, 224
core   0: 3 0x8000647a (0x612d) x 2 0x000001bf
core   0: 0x8000647c (0x00008c51) c.or    s0, a2
core   0: 3 0x8000647c (0x8c51) x 8 0x0030afff
core   0: 0x8000647e (0x023a00b3) mul     ra, s4, gp
core   0: 3 0x8000647e (0x023a00b3) x 1 0x00000011
core   0: 0x80006482 (0x00008ea1) c.xor   a3, s0
core   0: 3 0x80006482 (0x8ea1) x13 0x0030af20
core   0: 0x80006484 (0x407d8333) sub     t1, s11, t2
core   0: 3 0x80006484 (0x407d8333) x 6 0xffcf5282
core   0: 0x80006488 (0x00006111) c.addi16sp sp, 256
core   0: 3 0x80006488 (0x6111) x 2 0x000002bf
core   0: 0x8000648a (0x01188433) add     s0, a7, a7
core   0: 3 0x8000648a (0x01188433) x 8 0x00000000
core   0: 0x8000648e (0x000057fd) c.li    a5, -1
core   0: 3 0x8000648e (0x57fd) x15 0xffffffff
core   0: 0x80006490 (0x10684c17) auipc   s8, 0x10684
core   0: 3 0x80006490 (0x10684c17) x24 0x9068a490
core   0: 0x80006494 (0x0000896a) c.mv    s2, s10
core   0: 3 0x80006494 (0x896a) x18 0x00000000
core   0: 0x80006496 (0x00008a71) c.andi  a2, 28
core   0: 3 0x80006496 (0x8a71) x12 0x0000000c
core   0: 0x80006498 (0x03da3333) mulhu   t1, s4, t4
core   0: 3 0x80006498 (0x03da3333) x 6 0x00000000
core   0: 0x8000649c (0x0031d013) srli    zero, gp, 3
core   0: 3 0x8000649c (0x0031d013)
core   0: 0x800064a0 (0x00008eed) c.and   a3, a1
core   0: 3 0x800064a0 (0x8eed) x13 0x00000000
core   0: 0x800064a2 (0x00008369) c.srli  a4, 26
core   0: 3 0x800064a2 (0x8369) x14 0x00000000
core   0: 0x800064a4 (0x01685993) srli    s3, a6, 22
core   0: 3 0x800064a4 (0x01685993) x19 0x00000200
core   0: 0x800064a8 (0x000068e1) c.lui   a7, 0x18
core   0: 3 0x800064a8 (0x68e1) x17 0x00018000
core   0: 0x800064aa (0x01806bb3) or      s7, zero, s8
core   0: 3 0x800064aa (0x01806bb3) x23 0x9068a490
core   0: 0x800064ae (0x408a00b3) sub     ra, s4, s0
core   0: 3 0x800064ae (0x408a00b3) x 1 0x00000001
core   0: 0x800064b2 (0xedd33b13) sltiu   s6, t1, -291
core   0: 3 0x800064b2 (0xedd33b13) x22 0x00000001
core   0: 0x800064b6 (0x022e86b3) mul     a3, t4, sp
core   0: 3 0x800064b6 (0x022e86b3) x13 0x00000000
core   0: 0x800064ba (0x00000001) c.nop
core   0: 3 0x800064ba (0x0001)
core   0: 0x800064bc (0x00004c01) c.li    s8, 0
core   0: 3 0x800064bc (0x4c01) x24 0x00000000
core   0: 0x800064be (0x01a23eb3) sltu    t4, tp, s10
core   0: 3 0x800064be (0x01a23eb3) x29 0x00000000
core   0: 0x800064c2 (0x61f7c793) xori    a5, a5, 1567
core   0: 3 0x800064c2 (0x61f7c793) x15 0xfffff9e0
core   0: 0x800064c6 (0x41738a33) sub     s4, t2, s7
core   0: 3 0x800064c6 (0x41738a33) x20 0x6fc808ee
core   0: 0x800064ca (0x00197133) and     sp, s2, ra
core   0: 3 0x800064ca (0x00197133) x 2 0x00000000
core   0: 0x800064ce (0x00009afd) c.andi  a3, -1
core   0: 3 0x800064ce (0x9afd) x13 0x00000000
core   0: 0x800064d0 (0x005ff733) and     a4, t6, t0
core   0: 3 0x800064d0 (0x005ff733) x14 0x00411000
core   0: 0x800064d4 (0x029a18b3) mulh    a7, s4, s1
core   0: 3 0x800064d4 (0x029a18b3) x17 0xc81c6a9d
core   0: 0x800064d8 (0x4044d533) sra     a0, s1, tp
core   0: 3 0x800064d8 (0x4044d533) x10 0xc0007f32
core   0: 0x800064dc (0x02548933) mul     s2, s1, t0
core   0: 3 0x800064dc (0x02548933) x18 0xbe4d9270
core   0: 0x800064e0 (0x00000001) c.nop
core   0: 3 0x800064e0 (0x0001)
core   0: 0x800064e2 (0x000060e5) c.lui   ra, 0x19
core   0: 3 0x800064e2 (0x60e5) x 1 0x00019000
core   0: 0x800064e4 (0x0285f933) remu    s2, a1, s0
core   0: 3 0x800064e4 (0x0285f933) x18 0x00000040
core   0: 0x800064e8 (0xe7d73893) sltiu   a7, a4, -387
core   0: 3 0x800064e8 (0xe7d73893) x17 0x00000001
core   0: 0x800064ec (0x787fe417) auipc   s0, 0x787fe
core   0: 3 0x800064ec (0x787fe417) x 8 0xf88044ec
core   0: 0x800064f0 (0x0239dfb3) divu    t6, s3, gp
core   0: 3 0x800064f0 (0x0239dfb3) x31 0x0000001e
core   0: 0x800064f4 (0x72a88093) addi    ra, a7, 1834
core   0: 3 0x800064f4 (0x72a88093) x 1 0x0000072b
core   0: 0x800064f8 (0x00009dea) c.add   s11, s10
core   0: 3 0x800064f8 (0x9dea) x27 0x00000000
core   0: 0x800064fa (0x00102fb3) slt     t6, zero, ra
core   0: 3 0x800064fa (0x00102fb3) x31 0x00000001
core   0: 0x800064fe (0x20206013) ori     zero, zero, 514
core   0: 3 0x800064fe (0x20206013)
core   0: 0x80006502 (0x03c091b3) mulh    gp, ra, t3
core   0: 3 0x80006502 (0x03c091b3) x 3 0x000001be
core   0: 0x80006506 (0x00008e6d) c.and   a2, a1
core   0: 3 0x80006506 (0x8e6d) x12 0x00000000
core   0: 0x80006508 (0x00975bb3) srl     s7, a4, s1
core   0: 3 0x80006508 (0x00975bb3) x23 0x00041100
core   0: 0x8000650c (0x00000001) c.nop
core   0: 3 0x8000650c (0x0001)
core   0: 0x8000650e (0x00008fb1) c.xor   a5, a2
core   0: 3 0x8000650e (0x8fb1) x15 0xfffff9e0
core   0: 0x80006510 (0x000066b1) c.lui   a3, 0xc
core   0: 3 0x80006510 (0x66b1) x13 0x0000c000
core   0: 0x80006512 (0x03b55ab3) divu    s5, a0, s11
core   0: 3 0x80006512 (0x03b55ab3) x21 0xffffffff
core   0: 0x80006516 (0x026b82b3) mul     t0, s7, t1
core   0: 3 0x80006516 (0x026b82b3) x 5 0x00000000
core   0: 0x8000651a (0x00000412) c.slli  s0, 4
core   0: 3 0x8000651a (0x0412) x 8 0x88044ec0
core   0: 0x8000651c (0x00659eb3) sll     t4, a1, t1
core   0: 3 0x8000651c (0x00659eb3) x29 0x00000040
core   0: 0x80006520 (0x00004e39) c.li    t3, 14
core   0: 3 0x80006520 (0x4e39) x28 0x0000000e
core   0: 0x80006522 (0x019c4233) xor     tp, s8, s9
core   0: 3 0x80006522 (0x019c4233) x 4 0x00000000
core   0: 0x80006526 (0x00008ee5) c.and   a3, s1
core   0: 3 0x80006526 (0x8ee5) x13 0x0000c000
core   0: 0x80006528 (0x00008c59) c.or    s0, a4
core   0: 3 0x80006528 (0x8c59) x 8 0x88455ec0
core   0: 0x8000652a (0xdb314393) xori    t2, sp, -589
core   0: 3 0x8000652a (0xdb314393) x 7 0xfffffdb3
core   0: 0x8000652e (0x26eeaa93) slti    s5, t4, 622
core   0: 3 0x8000652e (0x26eeaa93) x21 0x00000001
core   0: 0x80006532 (0x02fa2533) mulhsu  a0, s4, a5
core   0: 3 0x80006532 (0x02fa2533) x10 0x6fc80641
core   0: 0x80006536 (0xb3210c13) addi    s8, sp, -1230
core   0: 3 0x80006536 (0xb3210c13) x24 0xfffffb32
core   0: 0x8000653a (0x00f6edb3) or      s11, a3, a5
core   0: 3 0x8000653a (0x00f6edb3) x27 0xfffff9e0
core   0: 0x8000653e (0x000082d1) c.srli  a3, 20
core   0: 3 0x8000653e (0x82d1) x13 0x00000000
core   0: 0x80006540 (0x001f5893) srli    a7, t5, 1
core   0: 3 0x80006540 (0x001f5893) x17 0x0030ad7e
core   0: 0x80006544 (0x40355333) sra     t1, a0, gp
core   0: 3 0x80006544 (0x40355333) x 6 0x00000001
core   0: 0x80006548 (0x00008595) c.srai  a1, 5
core   0: 3 0x80006548 (0x8595) x11 0x00000002
core   0: 0x8000654a (0x024722b3) mulhsu  t0, a4, tp
core   0: 3 0x8000654a (0x024722b3) x 5 0x00000000
core   0: 0x8000654e (0x213bc993) xori    s3, s7, 531
core   0: 3 0x8000654e (0x213bc993) x19 0x00041313
core   0: 0x80006552 (0x00008df9) c.and   a1, a4
core   0: 3 0x80006552 (0x8df9) x11 0x00000000
core   0: 0x80006554 (0x00486633) or      a2, a6, tp
core   0: 3 0x80006554 (0x00486633) x12 0x80013ce4
core   0: 0x80006558 (0x7cbb7e37) lui     t3, 0x7cbb7
core   0: 3 0x80006558 (0x7cbb7e37) x28 0x7cbb7000
core   0: 0x8000655c (0x00008c61) c.and   s0, s0
core   0: 3 0x8000655c (0x8c61) x 8 0x88455ec0
core   0: 0x8000655e (0x000082e1) c.srli  a3, 24
core   0: 3 0x8000655e (0x82e1) x13 0x00000000
core   0: 0x80006560 (0x0000168c) c.addi4spn a1, sp, 864
core   0: 3 0x80006560 (0x168c) x11 0x00000360
core   0: 0x80006562 (0x00006109) c.addi16sp sp, 128
core   0: 3 0x80006562 (0x6109) x 2 0x00000080
core   0: 0x80006564 (0x018f1193) slli    gp, t5, 24
core   0: 3 0x80006564 (0x018f1193) x 3 0xfc000000
core   0: 0x80006568 (0x000003e6) c.slli  t2, 25
core   0: 3 0x80006568 (0x03e6) x 7 0x66000000
core   0: 0x8000656a (0x00004f35) c.li    t5, 13
core   0: 3 0x8000656a (0x4f35) x30 0x0000000d
core   0: 0x8000656c (0x01e05913) srli    s2, zero, 30
core   0: 3 0x8000656c (0x01e05913) x18 0x00000000
core   0: 0x80006570 (0x01f2e0b3) or      ra, t0, t6
core   0: 3 0x80006570 (0x01f2e0b3) x 1 0x00000001
core   0: 0x80006574 (0x000083bd) c.srli  a5, 15
core   0: 3 0x80006574 (0x83bd) x15 0x0001ffff
core   0: 0x80006576 (0x00008c61) c.and   s0, s0
core   0: 3 0x80006576 (0x8c61) x 8 0x88455ec0
core   0: 0x80006578 (0x00000001) c.nop
core   0: 3 0x80006578 (0x0001)
core   0: 0x8000657a (0x000089c5) c.andi  a1, 17
core   0: 3 0x8000657a (0x89c5) x11 0x00000000
core   0: 0x8000657c (0x01a56433) or      s0, a0, s10
core   0: 3 0x8000657c (0x01a56433) x 8 0x6fc80641
core   0: 0x80006580 (0x00008c4d) c.or    s0, a1
core   0: 3 0x80006580 (0x8c4d) x 8 0x6fc80641
core   0: 0x80006582 (0x00008e2d) c.xor   a2, a1
core   0: 3 0x80006582 (0x8e2d) x12 0x80013ce4
core   0: 0x80006584 (0x598b7913) andi    s2, s6, 1432
core   0: 3 0x80006584 (0x598b7913) x18 0x00000000
core   0: 0x80006588 (0x0000197d) c.addi  s2, -1
core   0: 3 0x80006588 (0x197d) x18 0xffffffff
core   0: 0x8000658a (0x00008e9d) c.sub   a3, a5
core   0: 3 0x8000658a (0x8e9d) x13 0xfffe0001
core   0: 0x8000658c (0x8ef5fa37) lui     s4, 0x8ef5f
core   0: 3 0x8000658c (0x8ef5fa37) x20 0x8ef5f000
core   0: 0x80006590 (0x01c01213) slli    tp, zero, 28
core   0: 3 0x80006590 (0x01c01213) x 4 0x00000000
core   0: 0x80006594 (0x000085f5) c.srai  a1, 29
core   0: 3 0x80006594 (0x85f5) x11 0x00000000
core   0: 0x80006596 (0x027c3233) mulhu   tp, s8, t2
core   0: 3 0x80006596 (0x027c3233) x 4 0x65fffe15
core   0: 0x8000659a (0x005d1c13) slli    s8, s10, 5
core   0: 3 0x8000659a (0x005d1c13) x24 0x00000000
core   0: 0x8000659e (0x010f5433) srl     s0, t5, a6
core   0: 3 0x8000659e (0x010f5433) x 8 0x00000000
core   0: 0x800065a2 (0x00000001) c.nop
core   0: 3 0x800065a2 (0x0001)
core   0: 0x800065a4 (0x000083dd) c.srli  a5, 23
core   0: 3 0x800065a4 (0x83dd) x15 0x00000000
core   0: 0x800065a6 (0x01b6dfb3) srl     t6, a3, s11
core   0: 3 0x800065a6 (0x01b6dfb3) x31 0xfffe0001
core   0: 0x800065aa (0x0000825d) c.srli  a2, 23
core   0: 3 0x800065aa (0x825d) x12 0x00000100
core   0: 0x800065ac (0x00000001) c.nop
core   0: 3 0x800065ac (0x0001)
core   0: 0x800065ae (0xe8e93eb7) lui     t4, 0xe8e93
core   0: 3 0x800065ae (0xe8e93eb7) x29 0xe8e93000
core   0: 0x800065b2 (0x40dade93) srai    t4, s5, 13
core   0: 3 0x800065b2 (0x40dade93) x29 0x00000000
core   0: 0x800065b6 (0x03154133) div     sp, a0, a7
core   0: 3 0x800065b6 (0x03154133) x 2 0x0000024b
core   0: 0x800065ba (0x02e531b3) mulhu   gp, a0, a4
core   0: 3 0x800065ba (0x02e531b3) x 3 0x001c68c6
core   0: 0x800065be (0x62decd93) xori    s11, t4, 1581
core   0: 3 0x800065be (0x62decd93) x27 0x0000062d
core   0: 0x800065c2 (0xaab20e93) addi    t4, tp, -1365
core   0: 3 0x800065c2 (0xaab20e93) x29 0x65fff8c0
core   0: 0x800065c6 (0x01519eb3) sll     t4, gp, s5
core   0: 3 0x800065c6 (0x01519eb3) x29 0x0038d18c
core   0: 0x800065ca (0x037d3433) mulhu   s0, s10, s7
core   0: 3 0x800065ca (0x037d3433) x 8 0x00000000
core   0: 0x800065ce (0xd847ff13) andi    t5, a5, -636
core   0: 3 0x800065ce (0xd847ff13) x30 0x00000000
core   0: 0x800065d2 (0xb6242013) slti    zero, s0, -1182
core   0: 3 0x800065d2 (0xb6242013)
core   0: 0x800065d6 (0x00b19c13) slli    s8, gp, 11
core   0: 3 0x800065d6 (0x00b19c13) x24 0xe3463000
core   0: 0x800065da (0x00000001) c.nop
core   0: 3 0x800065da (0x0001)
core   0: 0x800065dc (0x4c334a97) auipc   s5, 0x4c334
core   0: 3 0x800065dc (0x4c334a97) x21 0xcc33a5dc
core   0: 0x800065e0 (0x411ed933) sra     s2, t4, a7
core   0: 3 0x800065e0 (0x411ed933) x18 0x00000000
core   0: 0x800065e4 (0x65098593) addi    a1, s3, 1616
core   0: 3 0x800065e4 (0x65098593) x11 0x00041963
core   0: 0x800065e8 (0x02fde3b3) rem     t2, s11, a5
core   0: 3 0x800065e8 (0x02fde3b3) x 7 0x0000062d
core   0: 0x800065ec (0x02af09b3) mul     s3, t5, a0
core   0: 3 0x800065ec (0x02af09b3) x19 0x00000000
core   0: 0x800065f0 (0x03946733) rem     a4, s0, s9
core   0: 3 0x800065f0 (0x03946733) x14 0x00000000
core   0: 0x800065f4 (0x00000001) c.nop
core   0: 3 0x800065f4 (0x0001)
core   0: 0x800065f6 (0x00008eb9) c.xor   a3, a4
core   0: 3 0x800065f6 (0x8eb9) x13 0xfffe0001
core   0: 0x800065f8 (0xafda7713) andi    a4, s4, -1283
core   0: 3 0x800065f8 (0xafda7713) x14 0x8ef5f000
core   0: 0x800065fc (0x001b5f93) srli    t6, s6, 1
core   0: 3 0x800065fc (0x001b5f93) x31 0x00000000
core   0: 0x80006600 (0x01b55ab3) srl     s5, a0, s11
core   0: 3 0x80006600 (0x01b55ab3) x21 0x00037e40
core   0: 0x80006604 (0x030c9933) mulh    s2, s9, a6
core   0: 3 0x80006604 (0x030c9933) x18 0x00000000
core   0: 0x80006608 (0x407d5113) srai    sp, s10, 7
core   0: 3 0x80006608 (0x407d5113) x 2 0x00000000
core   0: 0x8000660c (0x015fbdb3) sltu    s11, t6, s5
core   0: 3 0x8000660c (0x015fbdb3) x27 0x00000001
core   0: 0x80006610 (0x411d5893) srai    a7, s10, 17
core   0: 3 0x80006610 (0x411d5893) x17 0x00000000
core   0: 0x80006614 (0x039b8233) mul     tp, s7, s9
core   0: 3 0x80006614 (0x039b8233) x 4 0x00000000
core   0: 0x80006618 (0xde3e8117) auipc   sp, 0xde3e8
core   0: 3 0x80006618 (0xde3e8117) x 2 0x5e3ee618
core   0: 0x8000661c (0x8b658793) addi    a5, a1, -1866
core   0: 3 0x8000661c (0x8b658793) x15 0x00041219
core   0: 0x80006620 (0x000087b5) c.srai  a5, 13
core   0: 3 0x80006620 (0x87b5) x15 0x00000020
core   0: 0x80006622 (0x00008f19) c.sub   a4, a4
core   0: 3 0x80006622 (0x8f19) x14 0x00000000
core   0: 0x80006624 (0x00008d71) c.and   a0, a2
core   0: 3 0x80006624 (0x8d71) x10 0x00000000
core   0: 0x80006626 (0x004cdd33) srl     s10, s9, tp
core   0: 3 0x80006626 (0x004cdd33) x26 0x00000000
core   0: 0x8000662a (0x03b81ab3) mulh    s5, a6, s11
core   0: 3 0x8000662a (0x03b81ab3) x21 0xffffffff
core   0: 0x8000662e (0x028cb433) mulhu   s0, s9, s0
core   0: 3 0x8000662e (0x028cb433) x 8 0x00000000
core   0: 0x80006632 (0x00ae76b3) and     a3, t3, a0
core   0: 3 0x80006632 (0x00ae76b3) x13 0x00000000
core   0: 0x80006636 (0x01492f33) slt     t5, s2, s4
core   0: 3 0x80006636 (0x01492f33) x30 0x00000000
core   0: 0x8000663a (0x02377db3) remu    s11, a4, gp
core   0: 3 0x8000663a (0x02377db3) x27 0x00000000
core   0: 0x8000663e (0x020fc633) div     a2, t6, zero
core   0: 3 0x8000663e (0x020fc633) x12 0xffffffff
core   0: 0x80006642 (0x7eeee213) ori     tp, t4, 2030
core   0: 3 0x80006642 (0x7eeee213) x 4 0x0038d7ee
core   0: 0x80006646 (0x01364f33) xor     t5, a2, s3
core   0: 3 0x80006646 (0x01364f33) x30 0xffffffff
core   0: 0x8000664a (0x03fa6b33) rem     s6, s4, t6
core   0: 3 0x8000664a (0x03fa6b33) x22 0x8ef5f000
core   0: 0x8000664e (0xbdb77f13) andi    t5, a4, -1061
core   0: 3 0x8000664e (0xbdb77f13) x30 0x00000000
core   0: 0x80006652 (0x000090f2) c.add   ra, t3
core   0: 3 0x80006652 (0x90f2) x 1 0x7cbb7001
core   0: 0x80006654 (0x00008dc1) c.or    a1, s0
core   0: 3 0x80006654 (0x8dc1) x11 0x00041963
core   0: 0x80006656 (0x00006161) c.addi16sp sp, 80
core   0: 3 0x80006656 (0x6161) x 2 0x5e3ee668
core   0: 0x80006658 (0x00efcd33) xor     s10, t6, a4
core   0: 3 0x80006658 (0x00efcd33) x26 0x00000000
core   0: 0x8000665c (0x40c983b3) sub     t2, s3, a2
core   0: 3 0x8000665c (0x40c983b3) x 7 0x00000001
core   0: 0x80006660 (0x0376c8b3) div     a7, a3, s7
core   0: 3 0x80006660 (0x0376c8b3) x17 0x00000000
core   0: 0x80006664 (0x00000001) c.nop
core   0: 3 0x80006664 (0x0001)
core   0: 0x80006666 (0x033ea033) mulhsu  zero, t4, s3
core   0: 3 0x80006666 (0x033ea033)
core   0: 0x8000666a (0x00008efd) c.and   a3, a5
core   0: 3 0x8000666a (0x8efd) x13 0x00000000
core   0: 0x8000666c (0x03967b33) remu    s6, a2, s9
core   0: 3 0x8000666c (0x03967b33) x22 0xffffffff
core   0: 0x80006670 (0x00005b7d) c.li    s6, -1
core   0: 3 0x80006670 (0x5b7d) x22 0xffffffff
core   0: 0x80006672 (0x02002ab3) mulhsu  s5, zero, zero
core   0: 3 0x80006672 (0x02002ab3) x21 0x00000000
core   0: 0x80006676 (0xa88e2993) slti    s3, t3, -1400
core   0: 3 0x80006676 (0xa88e2993) x19 0x00000000
core   0: 0x8000667a (0x03a3a033) mulhsu  zero, t2, s10
core   0: 3 0x8000667a (0x03a3a033)
core   0: 0x8000667e (0x000055fd) c.li    a1, -1
core   0: 3 0x8000667e (0x55fd) x11 0xffffffff
core   0: 0x80006680 (0x00006129) c.addi16sp sp, 192
core   0: 3 0x80006680 (0x6129) x 2 0x5e3ee728
core   0: 0x80006682 (0x02f5ac33) mulhsu  s8, a1, a5
core   0: 3 0x80006682 (0x02f5ac33) x24 0xffffffff
core   0: 0x80006686 (0x01265713) srli    a4, a2, 18
core   0: 3 0x80006686 (0x01265713) x14 0x00003fff
core   0: 0x8000668a (0x00000352) c.slli  t1, 20
core   0: 3 0x8000668a (0x0352) x 6 0x00100000
core   0: 0x8000668c (0x11e60a13) addi    s4, a2, 286
core   0: 3 0x8000668c (0x11e60a13) x20 0x0000011d
core   0: 0x80006690 (0x00006121) c.addi16sp sp, 64
core   0: 3 0x80006690 (0x6121) x 2 0x5e3ee768
core   0: 0x80006692 (0x0260a233) mulhsu  tp, ra, t1
core   0: 3 0x80006692 (0x0260a233) x 4 0x0007cbb7
core   0: 0x80006696 (0x000069d5) c.lui   s3, 0x15
core   0: 3 0x80006696 (0x69d5) x19 0x00015000
core   0: 0x80006698 (0x000082be) c.mv    t0, a5
core   0: 3 0x80006698 (0x82be) x 5 0x00000020
core   0: 0x8000669a (0x00009eda) c.add   t4, s6
core   0: 3 0x8000669a (0x9eda) x29 0x0038d18b
core   0: 0x8000669c (0x000006b2) c.slli  a3, 12
core   0: 3 0x8000669c (0x06b2) x13 0x00000000
core   0: 0x8000669e (0x67bef593) andi    a1, t4, 1659
core   0: 3 0x8000669e (0x67bef593) x11 0x0000000b
core   0: 0x800066a2 (0x00ec3db3) sltu    s11, s8, a4
core   0: 3 0x800066a2 (0x00ec3db3) x27 0x00000000
core   0: 0x800066a6 (0x00000001) c.nop
core   0: 3 0x800066a6 (0x0001)
core   0: 0x800066a8 (0x032c3d33) mulhu   s10, s8, s2
core   0: 3 0x800066a8 (0x032c3d33) x26 0x00000000
core   0: 0x800066ac (0x00ae2233) slt     tp, t3, a0
core   0: 3 0x800066ac (0x00ae2233) x 4 0x00000000
core   0: 0x800066b0 (0x00008645) c.srai  a2, 17
core   0: 3 0x800066b0 (0x8645) x12 0xffffffff
core   0: 0x800066b2 (0x031f3033) mulhu   zero, t5, a7
core   0: 3 0x800066b2 (0x031f3033)
core   0: 0x800066b6 (0x037d90b3) mulh    ra, s11, s7
core   0: 3 0x800066b6 (0x037d90b3) x 1 0x00000000
core   0: 0x800066ba (0x00739993) slli    s3, t2, 7
core   0: 3 0x800066ba (0x00739993) x19 0x00000080
core   0: 0x800066be (0x00000001) c.nop
core   0: 3 0x800066be (0x0001)
core   0: 0x800066c0 (0x5ea68d13) addi    s10, a3, 1514
core   0: 3 0x800066c0 (0x5ea68d13) x26 0x000005ea
core   0: 0x800066c4 (0x037a7ab3) remu    s5, s4, s7
core   0: 3 0x800066c4 (0x037a7ab3) x21 0x0000011d
core   0: 0x800066c8 (0x402dd513) srai    a0, s11, 2
core   0: 3 0x800066c8 (0x402dd513) x10 0x00000000
core   0: 0x800066cc (0x016059b3) srl     s3, zero, s6
core   0: 3 0x800066cc (0x016059b3) x19 0x00000000
core   0: 0x800066d0 (0x03660533) mul     a0, a2, s6
core   0: 3 0x800066d0 (0x03660533) x10 0x00000001
core   0: 0x800066d4 (0x00008ad9) c.andi  a3, 22
core   0: 3 0x800066d4 (0x8ad9) x13 0x00000000
core   0: 0x800066d6 (0x00f6b0b3) sltu    ra, a3, a5
core   0: 3 0x800066d6 (0x00f6b0b3) x 1 0x00000001
core   0: 0x800066da (0x00006df5) c.lui   s11, 0x1d
core   0: 3 0x800066da (0x6df5) x27 0x0001d000
core   0: 0x800066dc (0xc883bd93) sltiu   s11, t2, -888
core   0: 3 0x800066dc (0xc883bd93) x27 0x00000001
core   0: 0x800066e0 (0x003b1893) slli    a7, s6, 3
core   0: 3 0x800066e0 (0x003b1893) x17 0xfffffff8
core   0: 0x800066e4 (0x408e5313) srai    t1, t3, 8
core   0: 3 0x800066e4 (0x408e5313) x 6 0x007cbb70
core   0: 0x800066e8 (0x000050fd) c.li    ra, -1
core   0: 3 0x800066e8 (0x50fd) x 1 0xffffffff
core   0: 0x800066ea (0x00006be5) c.lui   s7, 0x19
core   0: 3 0x800066ea (0x6be5) x23 0x00019000
core   0: 0x800066ec (0x405f8533) sub     a0, t6, t0
core   0: 3 0x800066ec (0x405f8533) x10 0xffffffe0
core   0: 0x800066f0 (0xade86d13) ori     s10, a6, -1314
core   0: 3 0x800066f0 (0xade86d13) x26 0xfffffefe
core   0: 0x800066f4 (0x0297fe33) remu    t3, a5, s1
core   0: 3 0x800066f4 (0x0297fe33) x28 0x00000020
core   0: 0x800066f8 (0x41615f33) sra     t5, sp, s6
core   0: 3 0x800066f8 (0x41615f33) x30 0x00000000
core   0: 0x800066fc (0x00008d59) c.or    a0, a4
core   0: 3 0x800066fc (0x8d59) x10 0xffffffff
core   0: 0x800066fe (0x031da033) mulhsu  zero, s11, a7
core   0: 3 0x800066fe (0x031da033)
core   0: 0x80006702 (0xf2dccc37) lui     s8, 0xf2dcc
core   0: 3 0x80006702 (0xf2dccc37) x24 0xf2dcc000
core   0: 0x80006706 (0x02af60b3) rem     ra, t5, a0
core   0: 3 0x80006706 (0x02af60b3) x 1 0x00000000
core   0: 0x8000670a (0x02fffc33) remu    s8, t6, a5
core   0: 3 0x8000670a (0x02fffc33) x24 0x00000000
core   0: 0x8000670e (0x01e81193) slli    gp, a6, 30
core   0: 3 0x8000670e (0x01e81193) x 3 0x00000000
core   0: 0x80006712 (0x00008f81) c.sub   a5, s0
core   0: 3 0x80006712 (0x8f81) x15 0x00000020
core   0: 0x80006714 (0x0016d293) srli    t0, a3, 1
core   0: 3 0x80006714 (0x0016d293) x 5 0x00000000
core   0: 0x80006718 (0x4044d013) srai    zero, s1, 4
core   0: 3 0x80006718 (0x4044d013)
core   0: 0x8000671c (0x0000839d) c.srli  a5, 7
core   0: 3 0x8000671c (0x839d) x15 0x00000000
core   0: 0x8000671e (0x402585b3) sub     a1, a1, sp
core   0: 3 0x8000671e (0x402585b3) x11 0xa1c118a3
core   0: 0x80006722 (0x00008752) c.mv    a4, s4
core   0: 3 0x80006722 (0x8752) x14 0x0000011d
core   0: 0x80006724 (0x019ede93) srli    t4, t4, 25
core   0: 3 0x80006724 (0x019ede93) x29 0x00000000
core   0: 0x80006728 (0x8ec3b893) sltiu   a7, t2, -1812
core   0: 3 0x80006728 (0x8ec3b893) x17 0x00000001
core   0: 0x8000672c (0x02077e33) remu    t3, a4, zero
core   0: 3 0x8000672c (0x02077e33) x28 0x0000011d
core   0: 0x80006730 (0x01261b13) slli    s6, a2, 18
core   0: 3 0x80006730 (0x01261b13) x22 0xfffc0000
core   0: 0x80006734 (0x03d60433) mul     s0, a2, t4
core   0: 3 0x80006734 (0x03d60433) x 8 0x00000000
core   0: 0x80006738 (0x00001f14) c.addi4spn a3, sp, 944
core   0: 3 0x80006738 (0x1f14) x13 0x5e3eeb18
core   0: 0x8000673a (0x00006095) c.lui   ra, 0x5
core   0: 3 0x8000673a (0x6095) x 1 0x00005000
core   0: 0x8000673c (0x01767433) and     s0, a2, s7
core   0: 3 0x8000673c (0x01767433) x 8 0x00019000
core   0: 0x80006740 (0x03037933) remu    s2, t1, a6
core   0: 3 0x80006740 (0x03037933) x18 0x007cbb70
core   0: 0x80006744 (0x000067bd) c.lui   a5, 0xf
core   0: 3 0x80006744 (0x67bd) x15 0x0000f000
core   0: 0x80006746 (0x0000099e) c.slli  s3, 7
core   0: 3 0x80006746 (0x099e) x19 0x00000000
core   0: 0x80006748 (0xa79f7b93) andi    s7, t5, -1415
core   0: 3 0x80006748 (0xa79f7b93) x23 0x00000000
core   0: 0x8000674c (0x005ede33) srl     t3, t4, t0
core   0: 3 0x8000674c (0x005ede33) x28 0x00000000
core   0: 0x80006750 (0x00008c69) c.and   s0, a0
core   0: 3 0x80006750 (0x8c69) x 8 0x00019000
core   0: 0x80006752 (0x00196db3) or      s11, s2, ra
core   0: 3 0x80006752 (0x00196db3) x27 0x007cfb70
core   0: 0x80006756 (0x01ad4633) xor     a2, s10, s10
core   0: 3 0x80006756 (0x01ad4633) x12 0x00000000
core   0: 0x8000675a (0x000062d5) c.lui   t0, 0x15
core   0: 3 0x8000675a (0x62d5) x 5 0x00015000
core   0: 0x8000675c (0x02bae9b3) rem     s3, s5, a1
core   0: 3 0x8000675c (0x02bae9b3) x19 0x0000011d
core   0: 0x80006760 (0x0333f1b3) remu    gp, t2, s3
core   0: 3 0x80006760 (0x0333f1b3) x 3 0x00000001
core   0: 0x80006764 (0x00000001) c.nop
core   0: 3 0x80006764 (0x0001)
core   0: 0x80006766 (0x03ec51b3) divu    gp, s8, t5
core   0: 3 0x80006766 (0x03ec51b3) x 3 0xffffffff
core   0: 0x8000676a (0x03b08eb3) mul     t4, ra, s11
core   0: 3 0x8000676a (0x03b08eb3) x29 0x0e930000
core   0: 0x8000676e (0x00009c06) c.add   s8, ra
core   0: 3 0x8000676e (0x9c06) x24 0x00005000
core   0: 0x80006770 (0x017a5413) srli    s0, s4, 23
core   0: 3 0x80006770 (0x017a5413) x 8 0x00000000
core   0: 0x80006774 (0x00008e0d) c.sub   a2, a1
core   0: 3 0x80006774 (0x8e0d) x12 0x5e3ee75d
core   0: 0x80006776 (0x014cb1b3) sltu    gp, s9, s4
core   0: 3 0x80006776 (0x014cb1b3) x 3 0x00000001
core   0: 0x8000677a (0x00008e15) c.sub   a2, a3
core   0: 3 0x8000677a (0x8e15) x12 0xfffffc45
core   0: 0x8000677c (0x419855b3) sra     a1, a6, s9
core   0: 3 0x8000677c (0x419855b3) x11 0x80013ce4
core   0: 0x80006780 (0x031359b3) divu    s3, t1, a7
core   0: 3 0x80006780 (0x031359b3) x19 0x007cbb70
core   0: 0x80006784 (0x000053fd) c.li    t2, -1
core   0: 3 0x80006784 (0x53fd) x 7 0xffffffff
core   0: 0x80006786 (0x00823533) sltu    a0, tp, s0
core   0: 3 0x80006786 (0x00823533) x10 0x00000000
core   0: 0x8000678a (0x000061e9) c.lui   gp, 0x1a
core   0: 3 0x8000678a (0x61e9) x 3 0x0001a000
core   0: 0x8000678c (0x015abfb3) sltu    t6, s5, s5
core   0: 3 0x8000678c (0x015abfb3) x31 0x00000000
core   0: 0x80006790 (0x00016d33) or      s10, sp, zero
core   0: 3 0x80006790 (0x00016d33) x26 0x5e3ee768
core   0: 0x80006794 (0x006948b3) xor     a7, s2, t1
core   0: 3 0x80006794 (0x006948b3) x17 0x00000000
core   0: 0x80006798 (0x00006abd) c.lui   s5, 0xf
core   0: 3 0x80006798 (0x6abd) x21 0x0000f000
core   0: 0x8000679a (0x00004da1) c.li    s11, 8
core   0: 3 0x8000679a (0x4da1) x27 0x00000008
core   0: 0x8000679c (0x00309e33) sll     t3, ra, gp
core   0: 3 0x8000679c (0x00309e33) x28 0x00005000
core   0: 0x800067a0 (0x01665d93) srli    s11, a2, 22
core   0: 3 0x800067a0 (0x01665d93) x27 0x000003ff
core   0: 0x800067a4 (0x0000717d) c.addi16sp sp, -16
core   0: 3 0x800067a4 (0x717d) x 2 0x5e3ee758
core   0: 0x800067a6 (0x80000f37) lui     t5, 0x80000
core   0: 3 0x800067a6 (0x80000f37) x30 0x80000000
core   0: 0x800067aa (0x3f116c37) lui     s8, 0x3f116
core   0: 3 0x800067aa (0x3f116c37) x24 0x3f116000
core   0: 0x800067ae (0xc2dc0c13) addi    s8, s8, -979
core   0: 3 0x800067ae (0xc2dc0c13) x24 0x3f115c2d
core   0: 0x800067b2 (0x00004681) c.li    a3, 0
core   0: 3 0x800067b2 (0x4681) x13 0x00000000
core   0: 0x800067b4 (0x6b6988b7) lui     a7, 0x6b698
core   0: 3 0x800067b4 (0x6b6988b7) x17 0x6b698000
core   0: 0x800067b8 (0xf7c88893) addi    a7, a7, -132
core   0: 3 0x800067b8 (0xf7c88893) x17 0x6b697f7c
core   0: 0x800067bc (0xacfb5437) lui     s0, 0xacfb5
core   0: 3 0x800067bc (0xacfb5437) x 8 0xacfb5000
core   0: 0x800067c0 (0xd3040413) addi    s0, s0, -720
core   0: 3 0x800067c0 (0xd3040413) x 8 0xacfb4d30
core   0: 0x800067c4 (0x80000b37) lui     s6, 0x80000
core   0: 3 0x800067c4 (0x80000b37) x22 0x80000000
core   0: 0x800067c8 (0x80000937) lui     s2, 0x80000
core   0: 3 0x800067c8 (0x80000937) x18 0x80000000
core   0: 0x800067cc (0x3f1a5db7) lui     s11, 0x3f1a5
core   0: 3 0x800067cc (0x3f1a5db7) x27 0x3f1a5000
core   0: 0x800067d0 (0xb01d8d93) addi    s11, s11, -1279
core   0: 3 0x800067d0 (0xb01d8d93) x27 0x3f1a4b01
core   0: 0x800067d4 (0x00004181) c.li    gp, 0
core   0: 3 0x800067d4 (0x4181) x 3 0x00000000
core   0: 0x800067d6 (0xfff00d13) li      s10, -1
core   0: 3 0x800067d6 (0xfff00d13) x26 0xffffffff
core   0: 0x800067da (0x0361e6b3) rem     a3, gp, s6
core   0: 3 0x800067da (0x0361e6b3) x13 0x00000000
core   0: 0x800067de (0x56ae06b7) lui     a3, 0x56ae0
core   0: 3 0x800067de (0x56ae06b7) x13 0x56ae0000
core   0: 0x800067e2 (0x8634f697) auipc   a3, 0x8634f
core   0: 3 0x800067e2 (0x8634f697) x13 0x063557e2
core   0: 0x800067e6 (0x03b47db3) remu    s11, s0, s11
core   0: 3 0x800067e6 (0x03b47db3) x27 0x2ec6b72e
core   0: 0x800067ea (0x41118933) sub     s2, gp, a7
core   0: 3 0x800067ea (0x41118933) x18 0x94968084
core   0: 0x800067ee (0x03bda6b3) mulhsu  a3, s11, s11
core   0: 3 0x800067ee (0x03bda6b3) x13 0x088c0414
core   0: 0x800067f2 (0x00000001) c.nop
core   0: 3 0x800067f2 (0x0001)
core   0: 0x800067f4 (0x03843433) mulhu   s0, s0, s8
core   0: 3 0x800067f4 (0x03843433) x 8 0x2a9d92f7
core   0: 0x800067f8 (0x032dc6b3) div     a3, s11, s2
core   0: 3 0x800067f8 (0x032dc6b3) x13 0x00000000
core   0: 0x800067fc (0xa0574f37) lui     t5, 0xa0574
core   0: 3 0x800067fc (0xa0574f37) x30 0xa0574000
core   0: 0x80006800 (0xe4d24db7) lui     s11, 0xe4d24
core   0: 3 0x80006800 (0xe4d24db7) x27 0xe4d24000
core   0: 0x80006804 (0x0386e1b3) rem     gp, a3, s8
core   0: 3 0x80006804 (0x0386e1b3) x 3 0x00000000
core   0: 0x80006808 (0x036c5b33) divu    s6, s8, s6
core   0: 3 0x80006808 (0x036c5b33) x22 0x00000000
core   0: 0x8000680c (0x031b3c33) mulhu   s8, s6, a7
core   0: 3 0x8000680c (0x031b3c33) x24 0x00000000
core   0: 0x80006810 (0x9dcbc437) lui     s0, 0x9dcbc
core   0: 3 0x80006810 (0x9dcbc437) x 8 0x9dcbc000
core   0: 0x80006814 (0x03b6b8b3) mulhu   a7, a3, s11
core   0: 3 0x80006814 (0x03b6b8b3) x17 0x00000000
core   0: 0x80006818 (0x03141433) mulh    s0, s0, a7
core   0: 3 0x80006818 (0x03141433) x 8 0x00000000
core   0: 0x8000681c (0x408181b3) sub     gp, gp, s0
core   0: 3 0x8000681c (0x408181b3) x 3 0x00000000
core   0: 0x80006820 (0x03a8dd33) divu    s10, a7, s10
core   0: 3 0x80006820 (0x03a8dd33) x26 0x00000000
core   0: 0x80006824 (0x03e90b33) mul     s6, s2, t5
core   0: 3 0x80006824 (0x03e90b33) x22 0xccfd0000
core   0: 0x80006828 (0x412b0c33) sub     s8, s6, s2
core   0: 3 0x80006828 (0x412b0c33) x24 0x38667f7c
core   0: 0x8000682c (0x54eff937) lui     s2, 0x54eff
core   0: 3 0x8000682c (0x54eff937) x18 0x54eff000
core   0: 0x80006830 (0x036441b3) div     gp, s0, s6
core   0: 3 0x80006830 (0x036441b3) x 3 0x00000000
core   0: 0x80006834 (0x005e0b17) auipc   s6, 0x5e0
core   0: 3 0x80006834 (0x005e0b17) x22 0x805e6834
core   0: 0x80006838 (0x6df40c13) addi    s8, s0, 1759
core   0: 3 0x80006838 (0x6df40c13) x24 0x000006df
core   0: 0x8000683c (0x01559933) sll     s2, a1, s5
core   0: 3 0x8000683c (0x01559933) x18 0x80013ce4
core   0: 0x80006840 (0x000083c1) c.srli  a5, 16
core   0: 3 0x80006840 (0x83c1) x15 0x00000000
core   0: 0x80006842 (0x001fdc33) srl     s8, t6, ra
core   0: 3 0x80006842 (0x001fdc33) x24 0x00000000
core   0: 0x80006846 (0x7c89f013) andi    zero, s3, 1992
core   0: 3 0x80006846 (0x7c89f013)
core   0: 0x8000684a (0x018e85b3) add     a1, t4, s8
core   0: 3 0x8000684a (0x018e85b3) x11 0x0e930000
core   0: 0x8000684e (0x41da8d33) sub     s10, s5, t4
core   0: 3 0x8000684e (0x41da8d33) x26 0xf16df000
core   0: 0x80006852 (0x00008fa5) c.xor   a5, s1
core   0: 3 0x80006852 (0x8fa5) x15 0x8000fe64
core   0: 0x80006854 (0x00008dd1) c.or    a1, a2
core   0: 3 0x80006854 (0x8dd1) x11 0xfffffc45
core   0: 0x80006856 (0x000081c1) c.srli  a1, 16
core   0: 3 0x80006856 (0x81c1) x11 0x0000ffff
core   0: 0x80006858 (0x000085ed) c.srai  a1, 27
core   0: 3 0x80006858 (0x85ed) x11 0x00000000
core   0: 0x8000685a (0x9252ed13) ori     s10, t0, -1755
core   0: 3 0x8000685a (0x9252ed13) x26 0xfffff925
core   0: 0x8000685e (0x00009692) c.add   a3, tp
core   0: 3 0x8000685e (0x9692) x13 0x00000000
core   0: 0x80006860 (0x00008ff9) c.and   a5, a4
core   0: 3 0x80006860 (0x8ff9) x15 0x00000004
core   0: 0x80006862 (0x02275933) divu    s2, a4, sp
core   0: 3 0x80006862 (0x02275933) x18 0x00000000
core   0: 0x80006866 (0x00000666) c.slli  a2, 25
core   0: 3 0x80006866 (0x0666) x12 0x8a000000
core   0: 0x80006868 (0x0000489d) c.li    a7, 7
core   0: 3 0x80006868 (0x489d) x17 0x00000007
core   0: 0x8000686a (0x00004c4d) c.li    s8, 19
core   0: 3 0x8000686a (0x4c4d) x24 0x00000013
core   0: 0x8000686c (0x40ef5793) srai    a5, t5, 14
core   0: 3 0x8000686c (0x40ef5793) x15 0xfffe815d
core   0: 0x80006870 (0x40d1da33) sra     s4, gp, a3
core   0: 3 0x80006870 (0x40d1da33) x20 0x00000000
core   0: 0x80006874 (0x00008c1d) c.sub   s0, a5
core   0: 3 0x80006874 (0x8c1d) x 8 0x00017ea3
core   0: 0x80006876 (0x00008c72) c.mv    s8, t3
core   0: 3 0x80006876 (0x8c72) x24 0x00005000
core   0: 0x80006878 (0x00000221) c.addi  tp, 8
core   0: 3 0x80006878 (0x0221) x 4 0x00000008
core   0: 0x8000687a (0x00abd593) srli    a1, s7, 10
core   0: 3 0x8000687a (0x00abd593) x11 0x00000000
core   0: 0x8000687e (0x0335c6b3) div     a3, a1, s3
core   0: 3 0x8000687e (0x0335c6b3) x13 0x00000000
core   0: 0x80006882 (0x4183d613) srai    a2, t2, 24
core   0: 3 0x80006882 (0x4183d613) x12 0xffffffff
core   0: 0x80006886 (0x41ebd433) sra     s0, s7, t5
core   0: 3 0x80006886 (0x41ebd433) x 8 0x00000000
core   0: 0x8000688a (0x03e72bb3) mulhsu  s7, a4, t5
core   0: 3 0x8000688a (0x03e72bb3) x23 0x000000b2
core   0: 0x8000688e (0x1bd14fb7) lui     t6, 0x1bd14
core   0: 3 0x8000688e (0x1bd14fb7) x31 0x1bd14000
core   0: 0x80006892 (0x000095ea) c.add   a1, s10
core   0: 3 0x80006892 (0x95ea) x11 0xfffff925
core   0: 0x80006894 (0x000085e1) c.srai  a1, 24
core   0: 3 0x80006894 (0x85e1) x11 0xffffffff
core   0: 0x80006896 (0x008bdc13) srli    s8, s7, 8
core   0: 3 0x80006896 (0x008bdc13) x24 0x00000000
core   0: 0x8000689a (0x0283a033) mulhsu  zero, t2, s0
core   0: 3 0x8000689a (0x0283a033)
core   0: 0x8000689e (0x021e8ab3) mul     s5, t4, ra
core   0: 3 0x8000689e (0x021e8ab3) x21 0xf0000000
core   0: 0x800068a2 (0x410a5893) srai    a7, s4, 16
core   0: 3 0x800068a2 (0x410a5893) x17 0x00000000
core   0: 0x800068a6 (0x0125d8b3) srl     a7, a1, s2
core   0: 3 0x800068a6 (0x0125d8b3) x17 0xffffffff
core   0: 0x800068aa (0x005cd013) srli    zero, s9, 5
core   0: 3 0x800068aa (0x005cd013)
core   0: 0x800068ae (0x0000717d) c.addi16sp sp, -16
core   0: 3 0x800068ae (0x717d) x 2 0x5e3ee748
core   0: 0x800068b0 (0x406280b3) sub     ra, t0, t1
core   0: 3 0x800068b0 (0x406280b3) x 1 0xff849490
core   0: 0x800068b4 (0x02a812b3) mulh    t0, a6, a0
core   0: 3 0x800068b4 (0x02a812b3) x 5 0x00000000
core   0: 0x800068b8 (0x01d375b3) and     a1, t1, t4
core   0: 3 0x800068b8 (0x01d375b3) x11 0x00100000
core   0: 0x800068bc (0x00d765b3) or      a1, a4, a3
core   0: 3 0x800068bc (0x00d765b3) x11 0x0000011d
core   0: 0x800068c0 (0x00000001) c.nop
core   0: 3 0x800068c0 (0x0001)
core   0: 0x800068c2 (0x05363f93) sltiu   t6, a2, 83
core   0: 3 0x800068c2 (0x05363f93) x31 0x00000000
core   0: 0x800068c6 (0x00009af6) c.add   s5, t4
core   0: 3 0x800068c6 (0x9af6) x21 0xfe930000
core   0: 0x800068c8 (0x00bf3f33) sltu    t5, t5, a1
core   0: 3 0x800068c8 (0x00bf3f33) x30 0x00000000
core   0: 0x800068cc (0x4047d993) srai    s3, a5, 4
core   0: 3 0x800068cc (0x4047d993) x19 0xffffe815
core   0: 0x800068d0 (0x02ff5233) divu    tp, t5, a5
core   0: 3 0x800068d0 (0x02ff5233) x 4 0x00000000
core   0: 0x800068d4 (0x0020c433) xor     s0, ra, sp
core   0: 3 0x800068d4 (0x0020c433) x 8 0xa1ba73d8
core   0: 0x800068d8 (0x03791233) mulh    tp, s2, s7
core   0: 3 0x800068d8 (0x03791233) x 4 0x00000000
core   0: 0x800068dc (0x00008235) c.srli  a2, 13
core   0: 3 0x800068dc (0x8235) x12 0x0007ffff
core   0: 0x800068de (0x010a26b3) slt     a3, s4, a6
core   0: 3 0x800068de (0x010a26b3) x13 0x00000000
core   0: 0x800068e2 (0x26a08013) addi    zero, ra, 618
core   0: 3 0x800068e2 (0x26a08013)
core   0: 0x800068e6 (0x80000537) lui     a0, 0x80000
core   0: 3 0x800068e6 (0x80000537) x10 0x80000000
core   0: 0x800068ea (0x800003b7) lui     t2, 0x80000
core   0: 3 0x800068ea (0x800003b7) x 7 0x80000000
core   0: 0x800068ee (0x00004101) c.li    sp, 0
core   0: 3 0x800068ee (0x4101) x 2 0x00000000
core   0: 0x800068f0 (0xfff00613) li      a2, -1
core   0: 3 0x800068f0 (0xfff00613) x12 0xffffffff
core   0: 0x800068f4 (0x00004b01) c.li    s6, 0
core   0: 3 0x800068f4 (0x4b01) x22 0x00000000
core   0: 0x800068f6 (0xad7f8a37) lui     s4, 0xad7f8
core   0: 3 0x800068f6 (0xad7f8a37) x20 0xad7f8000
core   0: 0x800068fa (0x11da0a13) addi    s4, s4, 285
core   0: 3 0x800068fa (0x11da0a13) x20 0xad7f811d
core   0: 0x800068fe (0x00004301) c.li    t1, 0
core   0: 3 0x800068fe (0x4301) x 6 0x00000000
core   0: 0x80006900 (0xe29b3e37) lui     t3, 0xe29b3
core   0: 3 0x80006900 (0xe29b3e37) x28 0xe29b3000
core   0: 0x80006904 (0xed1e0e13) addi    t3, t3, -303
core   0: 3 0x80006904 (0xed1e0e13) x28 0xe29b2ed1
core   0: 0x80006908 (0xfff00193) li      gp, -1
core   0: 3 0x80006908 (0xfff00193) x 3 0xffffffff
core   0: 0x8000690c (0x80000d37) lui     s10, 0x80000
core   0: 3 0x8000690c (0x80000d37) x26 0x80000000
core   0: 0x80006910 (0x03c1a133) mulhsu  sp, gp, t3
core   0: 3 0x80006910 (0x03c1a133) x 2 0xffffffff
core   0: 0x80006914 (0x40318d33) sub     s10, gp, gp
core   0: 3 0x80006914 (0x40318d33) x26 0x00000000
core   0: 0x80006918 (0x03a151b3) divu    gp, sp, s10
core   0: 3 0x80006918 (0x03a151b3) x 3 0xffffffff
core   0: 0x8000691c (0x02aa2533) mulhsu  a0, s4, a0
core   0: 3 0x8000691c (0x02aa2533) x10 0xd6bfc08e
core   0: 0x80006920 (0x03616a33) rem     s4, sp, s6
core   0: 3 0x80006920 (0x03616a33) x20 0xffffffff
core   0: 0x80006924 (0x40a18a33) sub     s4, gp, a0
core   0: 3 0x80006924 (0x40a18a33) x20 0x29403f71
core   0: 0x80006928 (0x02ad5d33) divu    s10, s10, a0
core   0: 3 0x80006928 (0x02ad5d33) x26 0x00000000
core   0: 0x8000692c (0x0271ae33) mulhsu  t3, gp, t2
core   0: 3 0x8000692c (0x0271ae33) x28 0xffffffff
core   0: 0x80006930 (0x51710393) addi    t2, sp, 1303
core   0: 3 0x80006930 (0x51710393) x 7 0x00000516
core   0: 0x80006934 (0x900b0613) addi    a2, s6, -1792
core   0: 3 0x80006934 (0x900b0613) x12 0xfffff900
core   0: 0x80006938 (0x03c1f633) remu    a2, gp, t3
core   0: 3 0x80006938 (0x03c1f633) x12 0x00000000
core   0: 0x8000693c (0x00000001) c.nop
core   0: 3 0x8000693c (0x0001)
core   0: 0x8000693e (0xbbeef197) auipc   gp, 0xbbeef
core   0: 3 0x8000693e (0xbbeef197) x 3 0x3bef593e
core   0: 0x80006942 (0x03a1ce33) div     t3, gp, s10
core   0: 3 0x80006942 (0x03a1ce33) x28 0xffffffff
core   0: 0x80006946 (0x03ae1533) mulh    a0, t3, s10
core   0: 3 0x80006946 (0x03ae1533) x10 0x00000000
core   0: 0x8000694a (0x3d8a0e13) addi    t3, s4, 984
core   0: 3 0x8000694a (0x3d8a0e13) x28 0x29404349
core   0: 0x8000694e (0x403601b3) sub     gp, a2, gp
core   0: 3 0x8000694e (0x403601b3) x 3 0xc410a6c2
core   0: 0x80006952 (0x02664633) div     a2, a2, t1
core   0: 3 0x80006952 (0x02664633) x12 0xffffffff
core   0: 0x80006956 (0x03664333) div     t1, a2, s6
core   0: 3 0x80006956 (0x03664333) x 6 0xffffffff
core   0: 0x8000695a (0x02653a33) mulhu   s4, a0, t1
core   0: 3 0x8000695a (0x02653a33) x20 0x00000000
core   0: 0x8000695e (0x03a50b33) mul     s6, a0, s10
core   0: 3 0x8000695e (0x03a50b33) x22 0x00000000
core   0: 0x80006962 (0x03ae4d33) div     s10, t3, s10
core   0: 3 0x80006962 (0x03ae4d33) x26 0xffffffff
core   0: 0x80006966 (0x0271ad33) mulhsu  s10, gp, t2
core   0: 3 0x80006966 (0x0271ad33) x26 0xfffffecf
core   0: 0x8000696a (0x00000001) c.nop
core   0: 3 0x8000696a (0x0001)
core   0: 0x8000696c (0x3adc8d17) auipc   s10, 0x3adc8
core   0: 3 0x8000696c (0x3adc8d17) x26 0xbadce96c
core   0: 0x80006970 (0x02c3f1b3) remu    gp, t2, a2
core   0: 3 0x80006970 (0x02c3f1b3) x 3 0x00000516
core   0: 0x80006974 (0x00008471) c.srai  s0, 28
core   0: 3 0x80006974 (0x8471) x 8 0xfffffffa
core   0: 0x80006976 (0x03c817b3) mulh    a5, a6, t3
core   0: 3 0x80006976 (0x03c817b3) x15 0xeb60116b
core   0: 0x8000697a (0x02c1ad33) mulhsu  s10, gp, a2
core   0: 3 0x8000697a (0x02c1ad33) x26 0x00000515
core   0: 0x8000697e (0x011f0eb3) add     t4, t5, a7
core   0: 3 0x8000697e (0x011f0eb3) x29 0xffffffff
core   0: 0x80006982 (0x00008ed6) c.mv    t4, s5
core   0: 3 0x80006982 (0x8ed6) x29 0xfe930000
core   0: 0x80006984 (0x000083a6) c.mv    t2, s1
core   0: 3 0x80006984 (0x83a6) x 7 0x8000fe64
core   0: 0x80006986 (0x029567b3) rem     a5, a0, s1
core   0: 3 0x80006986 (0x029567b3) x15 0x00000000
core   0: 0x8000698a (0x02752f33) mulhsu  t5, a0, t2
core   0: 3 0x8000698a (0x02752f33) x30 0x00000000
core   0: 0x8000698e (0x00ec5eb3) srl     t4, s8, a4
core   0: 3 0x8000698e (0x00ec5eb3) x29 0x00000000
core   0: 0x80006992 (0x000015fd) c.addi  a1, -1
core   0: 3 0x80006992 (0x15fd) x11 0x0000011c
core   0: 0x80006994 (0x00008949) c.andi  a0, 18
core   0: 3 0x80006994 (0x8949) x10 0x00000000
core   0: 0x80006996 (0x02483533) mulhu   a0, a6, tp
core   0: 3 0x80006996 (0x02483533) x10 0x00000000
core   0: 0x8000699a (0x5e381117) auipc   sp, 0x5e381
core   0: 3 0x8000699a (0x5e381117) x 2 0xde38799a
core   0: 0x8000699e (0x00000001) c.nop
core   0: 3 0x8000699e (0x0001)
core   0: 0x800069a0 (0xcead6113) ori     sp, s10, -790
core   0: 3 0x800069a0 (0xcead6113) x 2 0xfffffdff
core   0: 0x800069a4 (0x03435933) divu    s2, t1, s4
core   0: 3 0x800069a4 (0x03435933) x18 0xffffffff
core   0: 0x800069a8 (0x00001dfd) c.addi  s11, -1
core   0: 3 0x800069a8 (0x1dfd) x27 0xe4d23fff
core   0: 0x800069aa (0x01f8eeb3) or      t4, a7, t6
core   0: 3 0x800069aa (0x01f8eeb3) x29 0xffffffff
core   0: 0x800069ae (0x0103b733) sltu    a4, t2, a6
core   0: 3 0x800069ae (0x0103b733) x14 0x00000001
core   0: 0x800069b2 (0x0291e0b3) rem     ra, gp, s1
core   0: 3 0x800069b2 (0x0291e0b3) x 1 0x00000516
core   0: 0x800069b6 (0x01c8d733) srl     a4, a7, t3
core   0: 3 0x800069b6 (0x01c8d733) x14 0x007fffff
core   0: 0x800069ba (0x011931b3) sltu    gp, s2, a7
core   0: 3 0x800069ba (0x011931b3) x 3 0x00000000
core   0: 0x800069be (0xb6650b93) addi    s7, a0, -1178
core   0: 3 0x800069be (0xb6650b93) x23 0xfffffb66
core   0: 0x800069c2 (0x0000179c) c.addi4spn a5, sp, 992
core   0: 3 0x800069c2 (0x179c) x15 0x000001df
core   0: 0x800069c4 (0x02990d33) mul     s10, s2, s1
core   0: 3 0x800069c4 (0x02990d33) x26 0x7fff019c
core   0: 0x800069c8 (0x00009afd) c.andi  a3, -1
core   0: 3 0x800069c8 (0x9afd) x13 0x00000000
core   0: 0x800069ca (0xd004ca13) xori    s4, s1, -768
core   0: 3 0x800069ca (0xd004ca13) x20 0x7fff0364
core   0: 0x800069ce (0x00008dc1) c.or    a1, s0
core   0: 3 0x800069ce (0x8dc1) x11 0xfffffffe
core   0: 0x800069d0 (0x03048a33) mul     s4, s1, a6
core   0: 3 0x800069d0 (0x03048a33) x20 0x3ae60110
core   0: 0x800069d4 (0x00008b2d) c.andi  a4, 11
core   0: 3 0x800069d4 (0x8b2d) x14 0x0000000b
core   0: 0x800069d6 (0x55452893) slti    a7, a0, 1364
core   0: 3 0x800069d6 (0x55452893) x17 0x00000001
core   0: 0x800069da (0x023c6c33) rem     s8, s8, gp
core   0: 3 0x800069da (0x023c6c33) x24 0x00000000
core   0: 0x800069de (0x004ea633) slt     a2, t4, tp
core   0: 3 0x800069de (0x004ea633) x12 0x00000001
core   0: 0x800069e2 (0x4011d3b3) sra     t2, gp, ra
core   0: 3 0x800069e2 (0x4011d3b3) x 7 0x00000000
core   0: 0x800069e6 (0xe33d2993) slti    s3, s10, -461
core   0: 3 0x800069e6 (0xe33d2993) x19 0x00000000
core   0: 0x800069ea (0x00000001) c.nop
core   0: 3 0x800069ea (0x0001)
core   0: 0x800069ec (0x8a7d3693) sltiu   a3, s10, -1881
core   0: 3 0x800069ec (0x8a7d3693) x13 0x00000001
core   0: 0x800069f0 (0x0164d033) srl     zero, s1, s6
core   0: 3 0x800069f0 (0x0164d033)
core   0: 0x800069f4 (0x00000c75) c.addi  s8, 29
core   0: 3 0x800069f4 (0x0c75) x24 0x0000001d
core   0: 0x800069f6 (0x0196e533) or      a0, a3, s9
core   0: 3 0x800069f6 (0x0196e533) x10 0x00000001
core   0: 0x800069fa (0xa3799fb7) lui     t6, 0xa3799
core   0: 3 0x800069fa (0xa3799fb7) x31 0xa3799000
core   0: 0x800069fe (0x00000001) c.nop
core   0: 3 0x800069fe (0x0001)
core   0: 0x80006a00 (0xa19c5597) auipc   a1, 0xa19c5
core   0: 3 0x80006a00 (0xa19c5597) x11 0x219cba00
core   0: 0x80006a04 (0x030aa6b3) mulhsu  a3, s5, a6
core   0: 3 0x80006a04 (0x030aa6b3) x13 0xff497e3c
core   0: 0x80006a08 (0x00008f5d) c.or    a4, a5
core   0: 3 0x80006a08 (0x8f5d) x14 0x000001df
core   0: 0x80006a0a (0x00006115) c.addi16sp sp, 288
core   0: 3 0x80006a0a (0x6115) x 2 0xffffff1f
core   0: 0x80006a0c (0x033b8db3) mul     s11, s7, s3
core   0: 3 0x80006a0c (0x033b8db3) x27 0x00000000
core   0: 0x80006a10 (0x00008f81) c.sub   a5, s0
core   0: 3 0x80006a10 (0x8f81) x15 0x000001e5
core   0: 0x80006a12 (0x00041913) slli    s2, s0, 0
core   0: 3 0x80006a12 (0x00041913) x18 0xfffffffa
core   0: 0x80006a16 (0x00008d15) c.sub   a0, a3
core   0: 3 0x80006a16 (0x8d15) x10 0x00b681c5
core   0: 0x80006a18 (0x0297c2b3) div     t0, a5, s1
core   0: 3 0x80006a18 (0x0297c2b3) x 5 0x00000000
core   0: 0x80006a1c (0x629a6b13) ori     s6, s4, 1577
core   0: 3 0x80006a1c (0x629a6b13) x22 0x3ae60739
core   0: 0x80006a20 (0x416f02b3) sub     t0, t5, s6
core   0: 3 0x80006a20 (0x416f02b3) x 5 0xc519f8c7
core   0: 0x80006a24 (0x000086a5) c.srai  a3, 9
core   0: 3 0x80006a24 (0x86a5) x13 0xffffa4bf
core   0: 0x80006a26 (0x007abeb3) sltu    t4, s5, t2
core   0: 3 0x80006a26 (0x007abeb3) x29 0x00000000
core   0: 0x80006a2a (0x00000001) c.nop
core   0: 3 0x80006a2a (0x0001)
core   0: 0x80006a2c (0x00001294) c.addi4spn a3, sp, 352
core   0: 3 0x80006a2c (0x1294) x13 0x0000007f
core   0: 0x80006a2e (0x00009a7d) c.andi  a2, -1
core   0: 3 0x80006a2e (0x9a7d) x12 0x00000001
core   0: 0x80006a30 (0x01484a33) xor     s4, a6, s4
core   0: 3 0x80006a30 (0x01484a33) x20 0xbae73df4
core   0: 0x80006a34 (0x0000717d) c.addi16sp sp, -16
core   0: 3 0x80006a34 (0x717d) x 2 0xffffff0f
core   0: 0x80006a36 (0xc8ecbb93) sltiu   s7, s9, -882
core   0: 3 0x80006a36 (0xc8ecbb93) x23 0x00000001
core   0: 0x80006a3a (0x00000001) c.nop
core   0: 3 0x80006a3a (0x0001)
core   0: 0x80006a3c (0x02f05f33) divu    t5, zero, a5
core   0: 3 0x80006a3c (0x02f05f33) x30 0x00000000
core   0: 0x80006a40 (0x02cbf3b3) remu    t2, s7, a2
core   0: 3 0x80006a40 (0x02cbf3b3) x 7 0x00000000
core   0: 0x80006a44 (0x02a94733) div     a4, s2, a0
core   0: 3 0x80006a44 (0x02a94733) x14 0x00000000
core   0: 0x80006a48 (0xefbbf113) andi    sp, s7, -261
core   0: 3 0x80006a48 (0xefbbf113) x 2 0x00000001
core   0: 0x80006a4c (0x00000001) c.nop
core   0: 3 0x80006a4c (0x0001)
core   0: 0x80006a4e (0x00008f91) c.sub   a5, a2
core   0: 3 0x80006a4e (0x8f91) x15 0x000001e4
core   0: 0x80006a50 (0x64cbea13) ori     s4, s7, 1612
core   0: 3 0x80006a50 (0x64cbea13) x20 0x0000064d
core   0: 0x80006a54 (0x02d44133) div     sp, s0, a3
core   0: 3 0x80006a54 (0x02d44133) x 2 0x00000000
core   0: 0x80006a58 (0x00000001) c.nop
core   0: 3 0x80006a58 (0x0001)
core   0: 0x80006a5a (0x029d3bb3) mulhu   s7, s10, s1
core   0: 3 0x80006a5a (0x029d3bb3) x23 0x3fffffff
core   0: 0x80006a5e (0x00000001) c.nop
core   0: 3 0x80006a5e (0x0001)
core   0: 0x80006a60 (0x00299113) slli    sp, s3, 2
core   0: 3 0x80006a60 (0x00299113) x 2 0x00000000
core   0: 0x80006a64 (0x02a5fa33) remu    s4, a1, a0
core   0: 3 0x80006a64 (0x02a5fa33) x20 0x001ae6d5
core   0: 0x80006a68 (0x02edea33) rem     s4, s11, a4
core   0: 3 0x80006a68 (0x02edea33) x20 0x00000000
core   0: 0x80006a6c (0x0000610d) c.addi16sp sp, 160
core   0: 3 0x80006a6c (0x610d) x 2 0x000000a0
core   0: 0x80006a6e (0x01739733) sll     a4, t2, s7
core   0: 3 0x80006a6e (0x01739733) x14 0x00000000
core   0: 0x80006a72 (0x01231e33) sll     t3, t1, s2
core   0: 3 0x80006a72 (0x01231e33) x28 0xfc000000
core   0: 0x80006a76 (0x00008949) c.andi  a0, 18
core   0: 3 0x80006a76 (0x8949) x10 0x00000000
core   0: 0x80006a78 (0x02478933) mul     s2, a5, tp
core   0: 3 0x80006a78 (0x02478933) x18 0x00000000
core   0: 0x80006a7c (0x03469033) mulh    zero, a3, s4
core   0: 3 0x80006a7c (0x03469033)
core   0: 0x80006a80 (0x020165b3) rem     a1, sp, zero
core   0: 3 0x80006a80 (0x020165b3) x11 0x000000a0
core   0: 0x80006a84 (0x033d60b3) rem     ra, s10, s3
core   0: 3 0x80006a84 (0x033d60b3) x 1 0x7fff019c
core   0: 0x80006a88 (0x00438033) add     zero, t2, tp
core   0: 3 0x80006a88 (0x00438033)
core   0: 0x80006a8c (0x03895533) divu    a0, s2, s8
core   0: 3 0x80006a8c (0x03895533) x10 0x00000000
core   0: 0x80006a90 (0x004bf033) and     zero, s7, tp
core   0: 3 0x80006a90 (0x004bf033)
core   0: 0x80006a94 (0x03262db3) mulhsu  s11, a2, s2
core   0: 3 0x80006a94 (0x03262db3) x27 0x00000000
core   0: 0x80006a98 (0x01ac5713) srli    a4, s8, 26
core   0: 3 0x80006a98 (0x01ac5713) x14 0x00000000
core   0: 0x80006a9c (0x00000b14) c.addi4spn a3, sp, 400
core   0: 3 0x80006a9c (0x0b14) x13 0x00000230
core   0: 0x80006a9e (0x06c1aa13) slti    s4, gp, 108
core   0: 3 0x80006a9e (0x06c1aa13) x20 0x00000001
core   0: 0x80006aa2 (0x40ecd513) srai    a0, s9, 14
core   0: 3 0x80006aa2 (0x40ecd513) x10 0x00000000
core   0: 0x80006aa6 (0x0032e6b3) or      a3, t0, gp
core   0: 3 0x80006aa6 (0x0032e6b3) x13 0xc519f8c7
core   0: 0x80006aaa (0x02c7aeb3) mulhsu  t4, a5, a2
core   0: 3 0x80006aaa (0x02c7aeb3) x29 0x00000000
core   0: 0x80006aae (0x00008e31) c.xor   a2, a2
core   0: 3 0x80006aae (0x8e31) x12 0x00000000
core   0: 0x80006ab0 (0x99d48a93) addi    s5, s1, -1635
core   0: 3 0x80006ab0 (0x99d48a93) x21 0x8000f801
core   0: 0x80006ab4 (0x417583b3) sub     t2, a1, s7
core   0: 3 0x80006ab4 (0x417583b3) x 7 0xc00000a1
core   0: 0x80006ab8 (0x00ce9a33) sll     s4, t4, a2
core   0: 3 0x80006ab8 (0x00ce9a33) x20 0x00000000
core   0: 0x80006abc (0x00000001) c.nop
core   0: 3 0x80006abc (0x0001)
core   0: 0x80006abe (0x02130133) mul     sp, t1, ra
core   0: 3 0x80006abe (0x02130133) x 2 0x8000fe64
core   0: 0x80006ac2 (0x0000038c) c.addi4spn a1, sp, 448
core   0: 3 0x80006ac2 (0x038c) x11 0x80010024
core   0: 0x80006ac4 (0x00005afd) c.li    s5, -1
core   0: 3 0x80006ac4 (0x5afd) x21 0xffffffff
core   0: 0x80006ac6 (0x00008ec1) c.or    a3, s0
core   0: 3 0x80006ac6 (0x8ec1) x13 0xffffffff
core   0: 0x80006ac8 (0x02713db3) mulhu   s11, sp, t2
core   0: 3 0x80006ac8 (0x02713db3) x27 0x6000bf1b
core   0: 0x80006acc (0x00006149) c.addi16sp sp, 144
core   0: 3 0x80006acc (0x6149) x 2 0x8000fef4
core   0: 0x80006ace (0x02d4d333) divu    t1, s1, a3
core   0: 3 0x80006ace (0x02d4d333) x 6 0x00000000
core   0: 0x80006ad2 (0x032d7e33) remu    t3, s10, s2
core   0: 3 0x80006ad2 (0x032d7e33) x28 0x7fff019c
core   0: 0x80006ad6 (0x00000001) c.nop
core   0: 3 0x80006ad6 (0x0001)
core   0: 0x80006ad8 (0xeb9ffa93) andi    s5, t6, -327
core   0: 3 0x80006ad8 (0xeb9ffa93) x21 0xa3799000
core   0: 0x80006adc (0x00008d9d) c.sub   a1, a5
core   0: 3 0x80006adc (0x8d9d) x11 0x8000fe40
core   0: 0x80006ade (0x00008f51) c.or    a4, a2
core   0: 3 0x80006ade (0x8f51) x14 0x00000000
core   0: 0x80006ae0 (0x00008571) c.srai  a0, 28
core   0: 3 0x80006ae0 (0x8571) x10 0x00000000
core   0: 0x80006ae2 (0x40be8233) sub     tp, t4, a1
core   0: 3 0x80006ae2 (0x40be8233) x 4 0x7fff01c0
core   0: 0x80006ae6 (0x00000579) c.addi  a0, 30
core   0: 3 0x80006ae6 (0x0579) x10 0x0000001e
core   0: 0x80006ae8 (0xc10a2d93) slti    s11, s4, -1008
core   0: 3 0x80006ae8 (0xc10a2d93) x27 0x00000000
core   0: 0x80006aec (0x0000167d) c.addi  a2, -1
core   0: 3 0x80006aec (0x167d) x12 0xffffffff
core   0: 0x80006aee (0x000060e5) c.lui   ra, 0x19
core   0: 3 0x80006aee (0x60e5) x 1 0x00019000
core   0: 0x80006af0 (0x00e95eb3) srl     t4, s2, a4
core   0: 3 0x80006af0 (0x00e95eb3) x29 0x00000000
core   0: 0x80006af4 (0x00000001) c.nop
core   0: 3 0x80006af4 (0x0001)
core   0: 0x80006af6 (0x006506b3) add     a3, a0, t1
core   0: 3 0x80006af6 (0x006506b3) x13 0x0000001e
core   0: 0x80006afa (0x00000001) c.nop
core   0: 3 0x80006afa (0x0001)
core   0: 0x80006afc (0x00006a45) c.lui   s4, 0x11
core   0: 3 0x80006afc (0x6a45) x20 0x00011000
core   0: 0x80006afe (0x00bcdd33) srl     s10, s9, a1
core   0: 3 0x80006afe (0x00bcdd33) x26 0x00000000
core   0: 0x80006b02 (0x5ec33e93) sltiu   t4, t1, 1516
core   0: 3 0x80006b02 (0x5ec33e93) x29 0x00000001
core   0: 0x80006b06 (0x00000001) c.nop
core   0: 3 0x80006b06 (0x0001)
core   0: 0x80006b08 (0x0238a5b3) mulhsu  a1, a7, gp
core   0: 3 0x80006b08 (0x0238a5b3) x11 0x00000000
core   0: 0x80006b0c (0xdd8fac17) auipc   s8, 0xdd8fa
core   0: 3 0x80006b0c (0xdd8fac17) x24 0x5d900b0c
core   0: 0x80006b10 (0x03bb5a33) divu    s4, s6, s11
core   0: 3 0x80006b10 (0x03bb5a33) x20 0xffffffff
core   0: 0x80006b14 (0x01c5f333) and     t1, a1, t3
core   0: 3 0x80006b14 (0x01c5f333) x 6 0x00000000
core   0: 0x80006b18 (0x00ff6733) or      a4, t5, a5
core   0: 3 0x80006b18 (0x00ff6733) x14 0x000001e4
core   0: 0x80006b1c (0x01af9093) slli    ra, t6, 26
core   0: 3 0x80006b1c (0x01af9093) x 1 0x00000000
core   0: 0x80006b20 (0x00001dfd) c.addi  s11, -1
core   0: 3 0x80006b20 (0x1dfd) x27 0xffffffff
core   0: 0x80006b22 (0x03b0b8b3) mulhu   a7, ra, s11
core   0: 3 0x80006b22 (0x03b0b8b3) x17 0x00000000
core   0: 0x80006b26 (0x00009976) c.add   s2, t4
core   0: 3 0x80006b26 (0x9976) x18 0x00000001
core   0: 0x80006b28 (0x0000717d) c.addi16sp sp, -16
core   0: 3 0x80006b28 (0x717d) x 2 0x8000fee4
core   0: 0x80006b2a (0xfbe67237) lui     tp, 0xfbe67
core   0: 3 0x80006b2a (0xfbe67237) x 4 0xfbe67000
core   0: 0x80006b2e (0x00008415) c.srai  s0, 5
core   0: 3 0x80006b2e (0x8415) x 8 0xffffffff
core   0: 0x80006b30 (0x002b7b33) and     s6, s6, sp
core   0: 3 0x80006b30 (0x002b7b33) x22 0x00000620
core   0: 0x80006b34 (0x0000837e) c.mv    t1, t6
core   0: 3 0x80006b34 (0x837e) x 6 0xa3799000
core   0: 0x80006b36 (0x414fd333) sra     t1, t6, s4
core   0: 3 0x80006b36 (0x414fd333) x 6 0xffffffff
core   0: 0x80006b3a (0x01d71f33) sll     t5, a4, t4
core   0: 3 0x80006b3a (0x01d71f33) x30 0x000003c8
core   0: 0x80006b3e (0x6c544093) xori    ra, s0, 1733
core   0: 3 0x80006b3e (0x6c544093) x 1 0xfffff93a
core   0: 0x80006b42 (0x00001e00) c.addi4spn s0, sp, 816
core   0: 3 0x80006b42 (0x1e00) x 8 0x80010214
core   0: 0x80006b44 (0x03e9a7b3) mulhsu  a5, s3, t5
core   0: 3 0x80006b44 (0x03e9a7b3) x15 0x00000000
core   0: 0x80006b48 (0x014c3633) sltu    a2, s8, s4
core   0: 3 0x80006b48 (0x014c3633) x12 0x00000001
core   0: 0x80006b4c (0x00001a14) c.addi4spn a3, sp, 304
core   0: 3 0x80006b4c (0x1a14) x13 0x80010014
core   0: 0x80006b4e (0x00008d91) c.sub   a1, a2
core   0: 3 0x80006b4e (0x8d91) x11 0xffffffff
core   0: 0x80006b50 (0x25fc7893) andi    a7, s8, 607
core   0: 3 0x80006b50 (0x25fc7893) x17 0x0000020c
core   0: 0x80006b54 (0x02b2fc33) remu    s8, t0, a1
core   0: 3 0x80006b54 (0x02b2fc33) x24 0xc519f8c7
core   0: 0x80006b58 (0x000055fd) c.li    a1, -1
core   0: 3 0x80006b58 (0x55fd) x11 0xffffffff
core   0: 0x80006b5a (0x000099fd) c.andi  a1, -1
core   0: 3 0x80006b5a (0x99fd) x11 0xffffffff
core   0: 0x80006b5c (0xcfd57713) andi    a4, a0, -771
core   0: 3 0x80006b5c (0xcfd57713) x14 0x0000001c
core   0: 0x80006b60 (0x00009972) c.add   s2, t3
core   0: 3 0x80006b60 (0x9972) x18 0x7fff019d
core   0: 0x80006b62 (0x6c080593) addi    a1, a6, 1728
core   0: 3 0x80006b62 (0x6c080593) x11 0x800143a4
core   0: 0x80006b66 (0x00000001) c.nop
core   0: 3 0x80006b66 (0x0001)
core   0: 0x80006b68 (0x038a36b3) mulhu   a3, s4, s8
core   0: 3 0x80006b68 (0x038a36b3) x13 0xc519f8c6
core   0: 0x80006b6c (0x00006bd5) c.lui   s7, 0x15
core   0: 3 0x80006b6c (0x6bd5) x23 0x00015000
core   0: 0x80006b6e (0x02062c33) mulhsu  s8, a2, zero
core   0: 3 0x80006b6e (0x02062c33) x24 0x00000000
core   0: 0x80006b72 (0x02626d33) rem     s10, tp, t1
core   0: 3 0x80006b72 (0x02626d33) x26 0x00000000
core   0: 0x80006b76 (0x021dc533) div     a0, s11, ra
core   0: 3 0x80006b76 (0x021dc533) x10 0x00000000
core   0: 0x80006b7a (0x00006d6d) c.lui   s10, 0x1b
core   0: 3 0x80006b7a (0x6d6d) x26 0x0001b000
core   0: 0x80006b7c (0x0235b733) mulhu   a4, a1, gp
core   0: 3 0x80006b7c (0x0235b733) x14 0x00000000
core   0: 0x80006b80 (0x01c56133) or      sp, a0, t3
core   0: 3 0x80006b80 (0x01c56133) x 2 0x7fff019c
core   0: 0x80006b84 (0x40df0a33) sub     s4, t5, a3
core   0: 3 0x80006b84 (0x40df0a33) x20 0x3ae60b02
core   0: 0x80006b88 (0xdcac0413) addi    s0, s8, -566
core   0: 3 0x80006b88 (0xdcac0413) x 8 0xfffffdca
core   0: 0x80006b8c (0x4b0fbf93) sltiu   t6, t6, 1200
core   0: 3 0x80006b8c (0x4b0fbf93) x31 0x00000000
core   0: 0x80006b90 (0x41ff5913) srai    s2, t5, 31
core   0: 3 0x80006b90 (0x41ff5913) x18 0x00000000
core   0: 0x80006b94 (0x02a06533) rem     a0, zero, a0
core   0: 3 0x80006b94 (0x02a06533) x10 0x00000000
core   0: 0x80006b98 (0x002913b3) sll     t2, s2, sp
core   0: 3 0x80006b98 (0x002913b3) x 7 0x00000000
core   0: 0x80006b9c (0x00000001) c.nop
core   0: 3 0x80006b9c (0x0001)
core   0: 0x80006b9e (0x00008f65) c.and   a4, s1
core   0: 3 0x80006b9e (0x8f65) x14 0x00000000
core   0: 0x80006ba0 (0x02927fb3) remu    t6, tp, s1
core   0: 3 0x80006ba0 (0x02927fb3) x31 0x7be5719c
core   0: 0x80006ba4 (0x00000001) c.nop
core   0: 3 0x80006ba4 (0x0001)
core   0: 0x80006ba6 (0x03f80fb3) mul     t6, a6, t6
core   0: 3 0x80006ba6 (0x03f80fb3) x31 0x9095bef0
core   0: 0x80006baa (0x02cafab3) remu    s5, s5, a2
core   0: 3 0x80006baa (0x02cafab3) x21 0x00000000
core   0: 0x80006bae (0x0154d713) srli    a4, s1, 21
core   0: 3 0x80006bae (0x0154d713) x14 0x00000400
core   0: 0x80006bb2 (0x01ff9fb3) sll     t6, t6, t6
core   0: 3 0x80006bb2 (0x01ff9fb3) x31 0xbef00000
core   0: 0x80006bb6 (0x039de533) rem     a0, s11, s9
core   0: 3 0x80006bb6 (0x039de533) x10 0xffffffff
core   0: 0x80006bba (0x022cf033) remu    zero, s9, sp
core   0: 3 0x80006bba (0x022cf033)
core   0: 0x80006bbe (0x854f2993) slti    s3, t5, -1964
core   0: 3 0x80006bbe (0x854f2993) x19 0x00000000
core   0: 0x80006bc2 (0x00008fd5) c.or    a5, a3
core   0: 3 0x80006bc2 (0x8fd5) x15 0xc519f8c6
core   0: 0x80006bc4 (0x02d68bb3) mul     s7, a3, a3
core   0: 3 0x80006bc4 (0x02d68bb3) x23 0x446c3924
core   0: 0x80006bc8 (0x00009a7d) c.andi  a2, -1
core   0: 3 0x80006bc8 (0x9a7d) x12 0x00000001
core   0: 0x80006bca (0x00008f25) c.xor   a4, s1
core   0: 3 0x80006bca (0x8f25) x14 0x8000fa64
core   0: 0x80006bcc (0x03911e33) mulh    t3, sp, s9
core   0: 3 0x80006bcc (0x03911e33) x28 0x00000000
core   0: 0x80006bd0 (0x66cf2193) slti    gp, t5, 1644
core   0: 3 0x80006bd0 (0x66cf2193) x 3 0x00000001
core   0: 0x80006bd4 (0x00000001) c.nop
core   0: 3 0x80006bd4 (0x0001)
core   0: 0x80006bd6 (0x40d3da13) srai    s4, t2, 13
core   0: 3 0x80006bd6 (0x40d3da13) x20 0x00000000
core   0: 0x80006bda (0x00009d1a) c.add   s10, t1
core   0: 3 0x80006bda (0x9d1a) x26 0x0001afff
core   0: 0x80006bdc (0x9938bd13) sltiu   s10, a7, -1645
core   0: 3 0x80006bdc (0x9938bd13) x26 0x00000001
core   0: 0x80006be0 (0x34cf1697) auipc   a3, 0x34cf1
core   0: 3 0x80006be0 (0x34cf1697) x13 0xb4cf7be0
core   0: 0x80006be4 (0x02cf2f33) mulhsu  t5, t5, a2
core   0: 3 0x80006be4 (0x02cf2f33) x30 0x00000000
core   0: 0x80006be8 (0xe9d44f93) xori    t6, s0, -355
core   0: 3 0x80006be8 (0xe9d44f93) x31 0x00000357
core   0: 0x80006bec (0x00000001) c.nop
core   0: 3 0x80006bec (0x0001)
core   0: 0x80006bee (0x24a6fa37) lui     s4, 0x24a6f
core   0: 3 0x80006bee (0x24a6fa37) x20 0x24a6f000
core   0: 0x80006bf2 (0x06074213) xori    tp, a4, 96
core   0: 3 0x80006bf2 (0x06074213) x 4 0x8000fa04
core   0: 0x80006bf6 (0x0000036d) c.addi  t1, 27
core   0: 3 0x80006bf6 (0x036d) x 6 0x0000001a
core   0: 0x80006bf8 (0xff62f893) andi    a7, t0, -10
core   0: 3 0x80006bf8 (0xff62f893) x17 0xc519f8c6
core   0: 0x80006bfc (0x00009712) c.add   a4, tp
core   0: 3 0x80006bfc (0x9712) x14 0x0001f468
core   0: 0x80006bfe (0x010e1633) sll     a2, t3, a6
core   0: 3 0x80006bfe (0x010e1633) x12 0x00000000
core   0: 0x80006c02 (0x00000001) c.nop
core   0: 3 0x80006c02 (0x0001)
core   0: 0x80006c04 (0x00d59c13) slli    s8, a1, 13
core   0: 3 0x80006c04 (0x00d59c13) x24 0x28748000
core   0: 0x80006c08 (0x18e77393) andi    t2, a4, 398
core   0: 3 0x80006c08 (0x18e77393) x 7 0x00000008
core   0: 0x80006c0c (0x00004655) c.li    a2, 21
core   0: 3 0x80006c0c (0x4655) x12 0x00000015
core   0: 0x80006c0e (0x024ae133) rem     sp, s5, tp
core   0: 3 0x80006c0e (0x024ae133) x 2 0x00000000
core   0: 0x80006c12 (0xe048c597) auipc   a1, 0xe048c
core   0: 3 0x80006c12 (0xe048c597) x11 0x60492c12
core   0: 0x80006c16 (0x000083e9) c.srli  a5, 26
core   0: 3 0x80006c16 (0x83e9) x15 0x00000031
core   0: 0x80006c18 (0x031613b3) mulh    t2, a2, a7
core   0: 3 0x80006c18 (0x031613b3) x 7 0xfffffffb
core   0: 0x80006c1c (0x000018fd) c.addi  a7, -1
core   0: 3 0x80006c1c (0x18fd) x17 0xc519f8c5
core   0: 0x80006c1e (0x00001a08) c.addi4spn a0, sp, 304
core   0: 3 0x80006c1e (0x1a08) x10 0x00000130
core   0: 0x80006c20 (0x02c06eb3) rem     t4, zero, a2
core   0: 3 0x80006c20 (0x02c06eb3) x29 0x00000000
core   0: 0x80006c24 (0x00008eed) c.and   a3, a1
core   0: 3 0x80006c24 (0x8eed) x13 0x20492800
core   0: 0x80006c26 (0x02da0c33) mul     s8, s4, a3
core   0: 3 0x80006c26 (0x02da0c33) x24 0x85800000
core   0: 0x80006c2a (0x019b9c33) sll     s8, s7, s9
core   0: 3 0x80006c2a (0x019b9c33) x24 0x446c3924
core   0: 0x80006c2e (0x00000d69) c.addi  s10, 26
core   0: 3 0x80006c2e (0x0d69) x26 0x0000001b
core   0: 0x80006c30 (0x000099fd) c.andi  a1, -1
core   0: 3 0x80006c30 (0x99fd) x11 0x60492c12
core   0: 0x80006c32 (0x00006355) c.lui   t1, 0x15
core   0: 3 0x80006c32 (0x6355) x 6 0x00015000
core   0: 0x80006c34 (0x000012fd) c.addi  t0, -1
core   0: 3 0x80006c34 (0x12fd) x 5 0xc519f8c6
core   0: 0x80006c36 (0x00008d89) c.sub   a1, a0
core   0: 3 0x80006c36 (0x8d89) x11 0x60492ae2
core   0: 0x80006c38 (0x01769213) slli    tp, a3, 23
core   0: 3 0x80006c38 (0x01769213) x 4 0x00000000
core   0: 0x80006c3c (0x0000852d) c.srai  a0, 11
core   0: 3 0x80006c3c (0x852d) x10 0x00000000
core   0: 0x80006c3e (0x00000001) c.nop
core   0: 3 0x80006c3e (0x0001)
core   0: 0x80006c40 (0x0102da13) srli    s4, t0, 16
core   0: 3 0x80006c40 (0x0102da13) x20 0x0000c519
core   0: 0x80006c44 (0x0000078a) c.slli  a5, 2
core   0: 3 0x80006c44 (0x078a) x15 0x000000c4
core   0: 0x80006c46 (0x00006f85) c.lui   t6, 0x1
core   0: 3 0x80006c46 (0x6f85) x31 0x00001000
core   0: 0x80006c48 (0x00d8ef33) or      t5, a7, a3
core   0: 3 0x80006c48 (0x00d8ef33) x30 0xe559f8c5
core   0: 0x80006c4c (0x03f8d3b3) divu    t2, a7, t6
core   0: 3 0x80006c4c (0x03f8d3b3) x 7 0x000c519f
core   0: 0x80006c50 (0x01a2c8b3) xor     a7, t0, s10
core   0: 3 0x80006c50 (0x01a2c8b3) x17 0xc519f8dd
core   0: 0x80006c54 (0x03d8ddb3) divu    s11, a7, t4
core   0: 3 0x80006c54 (0x03d8ddb3) x27 0xffffffff
core   0: 0x80006c58 (0x02ebee33) rem     t3, s7, a4
core   0: 3 0x80006c58 (0x02ebee33) x28 0x00000cbc
core   0: 0x80006c5c (0x02865a33) divu    s4, a2, s0
core   0: 3 0x80006c5c (0x02865a33) x20 0x00000000
core   0: 0x80006c60 (0x000086a5) c.srai  a3, 9
core   0: 3 0x80006c60 (0x86a5) x13 0x00102494
core   0: 0x80006c62 (0x008c4033) xor     zero, s8, s0
core   0: 3 0x80006c62 (0x008c4033)
core   0: 0x80006c66 (0x014a9713) slli    a4, s5, 20
core   0: 3 0x80006c66 (0x014a9713) x14 0x00000000
core   0: 0x80006c6a (0x08f38613) addi    a2, t2, 143
core   0: 3 0x80006c6a (0x08f38613) x12 0x000c522e
core   0: 0x80006c6e (0x00008eed) c.and   a3, a1
core   0: 3 0x80006c6e (0x8eed) x13 0x00002080
core   0: 0x80006c70 (0x00000001) c.nop
core   0: 3 0x80006c70 (0x0001)
core   0: 0x80006c72 (0x00009c6e) c.add   s8, s11
core   0: 3 0x80006c72 (0x9c6e) x24 0x446c3923
core   0: 0x80006c74 (0x00008f19) c.sub   a4, a4
core   0: 3 0x80006c74 (0x8f19) x14 0x00000000
core   0: 0x80006c76 (0x02a19bb3) mulh    s7, gp, a0
core   0: 3 0x80006c76 (0x02a19bb3) x23 0x00000000
core   0: 0x80006c7a (0x010efa33) and     s4, t4, a6
core   0: 3 0x80006c7a (0x010efa33) x20 0x00000000
core   0: 0x80006c7e (0x000050fd) c.li    ra, -1
core   0: 3 0x80006c7e (0x50fd) x 1 0xffffffff
core   0: 0x80006c80 (0x00001e7d) c.addi  t3, -1
core   0: 3 0x80006c80 (0x1e7d) x28 0x00000cbb
core   0: 0x80006c82 (0x0399cdb3) div     s11, s3, s9
core   0: 3 0x80006c82 (0x0399cdb3) x27 0xffffffff
core   0: 0x80006c86 (0x40865a33) sra     s4, a2, s0
core   0: 3 0x80006c86 (0x40865a33) x20 0x00000314
core   0: 0x80006c8a (0x00000889) c.addi  a7, 2
core   0: 3 0x80006c8a (0x0889) x17 0xc519f8df
core   0: 0x80006c8c (0x41e25e93) srai    t4, tp, 30
core   0: 3 0x80006c8c (0x41e25e93) x29 0x00000000
core   0: 0x80006c90 (0x0000031e) c.slli  t1, 7
core   0: 3 0x80006c90 (0x031e) x 6 0x00a80000
core   0: 0x80006c92 (0x036fd1b3) divu    gp, t6, s6
core   0: 3 0x80006c92 (0x036fd1b3) x 3 0x00000002
core   0: 0x80006c96 (0x43d1e197) auipc   gp, 0x43d1e
core   0: 3 0x80006c96 (0x43d1e197) x 3 0xc3d24c96
core   0: 0x80006c9a (0x00006155) c.addi16sp sp, 304
core   0: 3 0x80006c9a (0x6155) x 2 0x00000130
core   0: 0x80006c9c (0x00008ea5) c.xor   a3, s1
core   0: 3 0x80006c9c (0x8ea5) x13 0x8000dee4
core   0: 0x80006c9e (0x00008436) c.mv    s0, a3
core   0: 3 0x80006c9e (0x8436) x 8 0x8000dee4
core   0: 0x80006ca0 (0x02b88bb3) mul     s7, a7, a1
core   0: 3 0x80006ca0 (0x02b88bb3) x23 0xdb594ade
core   0: 0x80006ca4 (0x00008205) c.srli  a2, 1
core   0: 3 0x80006ca4 (0x8205) x12 0x00062917
core   0: 0x80006ca6 (0x03ce4db3) div     s11, t3, t3
core   0: 3 0x80006ca6 (0x03ce4db3) x27 0x00000001
core   0: 0x80006caa (0x00008541) c.srai  a0, 16
core   0: 3 0x80006caa (0x8541) x10 0x00000000
core   0: 0x80006cac (0xa9303a13) sltiu   s4, zero, -1389
core   0: 3 0x80006cac (0xa9303a13) x20 0x00000001
core   0: 0x80006cb0 (0x0000997d) c.andi  a0, -1
core   0: 3 0x80006cb0 (0x997d) x10 0x00000000
core   0: 0x80006cb2 (0x000048cd) c.li    a7, 19
core   0: 3 0x80006cb2 (0x48cd) x17 0x00000013
core   0: 0x80006cb4 (0x00f7f533) and     a0, a5, a5
core   0: 3 0x80006cb4 (0x00f7f533) x10 0x000000c4
core   0: 0x80006cb8 (0x969cc513) xori    a0, s9, -1687
core   0: 3 0x80006cb8 (0x969cc513) x10 0xfffff969
core   0: 0x80006cbc (0x000081ed) c.srli  a1, 27
core   0: 3 0x80006cbc (0x81ed) x11 0x0000000c
core   0: 0x80006cbe (0x409cdd13) srai    s10, s9, 9
core   0: 3 0x80006cbe (0x409cdd13) x26 0x00000000
core   0: 0x80006cc2 (0xb2410993) addi    s3, sp, -1244
core   0: 3 0x80006cc2 (0xb2410993) x19 0xfffffc54
core   0: 0x80006cc6 (0x02b72533) mulhsu  a0, a4, a1
core   0: 3 0x80006cc6 (0x02b72533) x10 0x00000000
core   0: 0x80006cca (0x00789793) slli    a5, a7, 7
core   0: 3 0x80006cca (0x00789793) x15 0x00000980
core   0: 0x80006cce (0x00008e91) c.sub   a3, a2
core   0: 3 0x80006cce (0x8e91) x13 0x7ffab5cd
core   0: 0x80006cd0 (0x41e00033) sub     zero, zero, t5
core   0: 3 0x80006cd0 (0x41e00033)
core   0: 0x80006cd4 (0x030e71b3) remu    gp, t3, a6
core   0: 3 0x80006cd4 (0x030e71b3) x 3 0x00000cbb
core   0: 0x80006cd8 (0x00009afd) c.andi  a3, -1
core   0: 3 0x80006cd8 (0x9afd) x13 0x7ffab5cd
core   0: 0x80006cda (0xebfafc13) andi    s8, s5, -321
core   0: 3 0x80006cda (0xebfafc13) x24 0x00000000
core   0: 0x80006cde (0x9a407b93) andi    s7, zero, -1628
core   0: 3 0x80006cde (0x9a407b93) x23 0x00000000
core   0: 0x80006ce2 (0x02243533) mulhu   a0, s0, sp
core   0: 3 0x80006ce2 (0x02243533) x10 0x00000098
core   0: 0x80006ce6 (0x7f7ef713) andi    a4, t4, 2039
core   0: 3 0x80006ce6 (0x7f7ef713) x14 0x00000000
core   0: 0x80006cea (0x40388133) sub     sp, a7, gp
core   0: 3 0x80006cea (0x40388133) x 2 0xfffff358
core   0: 0x80006cee (0x00008791) c.srai  a5, 4
core   0: 3 0x80006cee (0x8791) x15 0x00000098
core   0: 0x80006cf0 (0x00005e7d) c.li    t3, -1
core   0: 3 0x80006cf0 (0x5e7d) x28 0xffffffff
core   0: 0x80006cf2 (0x00009afd) c.andi  a3, -1
core   0: 3 0x80006cf2 (0x9afd) x13 0x7ffab5cd
core   0: 0x80006cf4 (0x00008d91) c.sub   a1, a2
core   0: 3 0x80006cf4 (0x8d91) x11 0xfff9d6f5
core   0: 0x80006cf6 (0x35743393) sltiu   t2, s0, 855
core   0: 3 0x80006cf6 (0x35743393) x 7 0x00000000
core   0: 0x80006cfa (0x00006dc9) c.lui   s11, 0x12
core   0: 3 0x80006cfa (0x6dc9) x27 0x00012000
core   0: 0x80006cfc (0x404edd33) sra     s10, t4, tp
core   0: 3 0x80006cfc (0x404edd33) x26 0x00000000
core   0: 0x80006d00 (0xf560c013) xori    zero, ra, -170
core   0: 3 0x80006d00 (0xf560c013)
core   0: 0x80006d04 (0xe2ffcc13) xori    s8, t6, -465
core   0: 3 0x80006d04 (0xe2ffcc13) x24 0xffffee2f
core   0: 0x80006d08 (0x03ee5f33) divu    t5, t3, t5
core   0: 3 0x80006d08 (0x03ee5f33) x30 0x00000001
core   0: 0x80006d0c (0x00008d91) c.sub   a1, a2
core   0: 3 0x80006d0c (0x8d91) x11 0xfff3adde
core   0: 0x80006d0e (0x03ac5333) divu    t1, s8, s10
core   0: 3 0x80006d0e (0x03ac5333) x 6 0xffffffff
core   0: 0x80006d12 (0xc626fd93) andi    s11, a3, -926
core   0: 3 0x80006d12 (0xc626fd93) x27 0x7ffab440
core   0: 0x80006d16 (0x6b5ffd93) andi    s11, t6, 1717
core   0: 3 0x80006d16 (0x6b5ffd93) x27 0x00000000
core   0: 0x80006d1a (0x00008a7a) c.mv    s4, t5
core   0: 3 0x80006d1a (0x8a7a) x20 0x00000001
core   0: 0x80006d1c (0x41eedb93) srai    s7, t4, 30
core   0: 3 0x80006d1c (0x41eedb93) x23 0x00000000
core   0: 0x80006d20 (0x00008245) c.srli  a2, 17
core   0: 3 0x80006d20 (0x8245) x12 0x00000003
core   0: 0x80006d22 (0x00451533) sll     a0, a0, tp
core   0: 3 0x80006d22 (0x00451533) x10 0x00000098
core   0: 0x80006d26 (0x00000762) c.slli  a4, 24
core   0: 3 0x80006d26 (0x0762) x14 0x00000000
core   0: 0x80006d28 (0x03409733) mulh    a4, ra, s4
core   0: 3 0x80006d28 (0x03409733) x14 0xffffffff
core   0: 0x80006d2c (0x03e979b3) remu    s3, s2, t5
core   0: 3 0x80006d2c (0x03e979b3) x19 0x00000000
core   0: 0x80006d30 (0x0060d1b3) srl     gp, ra, t1
core   0: 3 0x80006d30 (0x0060d1b3) x 3 0x00000001
core   0: 0x80006d34 (0x00008121) c.srli  a0, 8
core   0: 3 0x80006d34 (0x8121) x10 0x00000000
core   0: 0x80006d36 (0x00000001) c.nop
core   0: 3 0x80006d36 (0x0001)
core   0: 0x80006d38 (0xa9a6fa13) andi    s4, a3, -1382
core   0: 3 0x80006d38 (0xa9a6fa13) x20 0x7ffab088
core   0: 0x80006d3c (0x80a0c897) auipc   a7, 0x80a0c
core   0: 3 0x80006d3c (0x80a0c897) x17 0x00a12d3c
core   0: 0x80006d40 (0x0000157d) c.addi  a0, -1
core   0: 3 0x80006d40 (0x157d) x10 0xffffffff
core   0: 0x80006d42 (0x01c39e93) slli    t4, t2, 28
core   0: 3 0x80006d42 (0x01c39e93) x29 0x00000000
core   0: 0x80006d46 (0x00008942) c.mv    s2, a6
core   0: 3 0x80006d46 (0x8942) x18 0x80013ce4
core   0: 0x80006d48 (0x00000001) c.nop
core   0: 3 0x80006d48 (0x0001)
core   0: 0x80006d4a (0x1878e197) auipc   gp, 0x1878e
core   0: 3 0x80006d4a (0x1878e197) x 3 0x98794d4a
core   0: 0x80006d4e (0x01080f33) add     t5, a6, a6
core   0: 3 0x80006d4e (0x01080f33) x30 0x000279c8
core   0: 0x80006d52 (0x00345013) srli    zero, s0, 3
core   0: 3 0x80006d52 (0x00345013)
core   0: 0x80006d56 (0x007d91b3) sll     gp, s11, t2
core   0: 3 0x80006d56 (0x007d91b3) x 3 0x00000000
core   0: 0x80006d5a (0x00008596) c.mv    a1, t0
core   0: 3 0x80006d5a (0x8596) x11 0xc519f8c6
core   0: 0x80006d5c (0x01065233) srl     tp, a2, a6
core   0: 3 0x80006d5c (0x01065233) x 4 0x00000000
core   0: 0x80006d60 (0x4087d193) srai    gp, a5, 8
core   0: 3 0x80006d60 (0x4087d193) x 3 0x00000000
core   0: 0x80006d64 (0x00006179) c.addi16sp sp, 464
core   0: 3 0x80006d64 (0x6179) x 2 0xfffff528
core   0: 0x80006d66 (0x0374ebb3) rem     s7, s1, s7
core   0: 3 0x80006d66 (0x0374ebb3) x23 0x8000fe64
core   0: 0x80006d6a (0x017252b3) srl     t0, tp, s7
core   0: 3 0x80006d6a (0x017252b3) x 5 0x00000000
core   0: 0x80006d6e (0x00000f56) c.slli  t5, 21
core   0: 3 0x80006d6e (0x0f56) x30 0x39000000
core   0: 0x80006d70 (0x00000001) c.nop
core   0: 3 0x80006d70 (0x0001)
core   0: 0x80006d72 (0x02c698b3) mulh    a7, a3, a2
core   0: 3 0x80006d72 (0x02c698b3) x17 0x00000001
core   0: 0x80006d76 (0x022986b3) mul     a3, s3, sp
core   0: 3 0x80006d76 (0x022986b3) x13 0x00000000
core   0: 0x80006d7a (0x000051b3) srl     gp, zero, zero
core   0: 3 0x80006d7a (0x000051b3) x 3 0x00000000
core   0: 0x80006d7e (0x00271e93) slli    t4, a4, 2
core   0: 3 0x80006d7e (0x00271e93) x29 0xfffffffc
core   0: 0x80006d82 (0x92358913) addi    s2, a1, -1757
core   0: 3 0x80006d82 (0x92358913) x18 0xc519f1e9
core   0: 0x80006d86 (0x01fa89b3) add     s3, s5, t6
core   0: 3 0x80006d86 (0x01fa89b3) x19 0x00001000
core   0: 0x80006d8a (0x00006e61) c.lui   t3, 0x18
core   0: 3 0x80006d8a (0x6e61) x28 0x00018000
core   0: 0x80006d8c (0x020aaeb3) mulhsu  t4, s5, zero
core   0: 3 0x80006d8c (0x020aaeb3) x29 0x00000000
core   0: 0x80006d90 (0xfb416893) ori     a7, sp, -76
core   0: 3 0x80006d90 (0xfb416893) x17 0xffffffbc
core   0: 0x80006d94 (0x00008ee1) c.and   a3, s0
core   0: 3 0x80006d94 (0x8ee1) x13 0x00000000
core   0: 0x80006d96 (0x000082b1) c.srli  a3, 12
core   0: 3 0x80006d96 (0x82b1) x13 0x00000000
core   0: 0x80006d98 (0x0000070c) c.addi4spn a1, sp, 896
core   0: 3 0x80006d98 (0x070c) x11 0xfffff8a8
core   0: 0x80006d9a (0x03c10933) mul     s2, sp, t3
core   0: 3 0x80006d9a (0x03c10933) x18 0xefbc0000
core   0: 0x80006d9e (0x01051d13) slli    s10, a0, 16
core   0: 3 0x80006d9e (0x01051d13) x26 0xffff0000
core   0: 0x80006da2 (0x5e95e213) ori     tp, a1, 1513
core   0: 3 0x80006da2 (0x5e95e213) x 4 0xfffffde9
core   0: 0x80006da6 (0x014eb733) sltu    a4, t4, s4
core   0: 3 0x80006da6 (0x014eb733) x14 0x00000001
core   0: 0x80006daa (0x24983a37) lui     s4, 0x24983
core   0: 3 0x80006daa (0x24983a37) x20 0x24983000
core   0: 0x80006dae (0x034381b3) mul     gp, t2, s4
core   0: 3 0x80006dae (0x034381b3) x 3 0x00000000
core   0: 0x80006db2 (0x00008769) c.srai  a4, 26
core   0: 3 0x80006db2 (0x8769) x14 0x00000000
core   0: 0x80006db4 (0xeede3313) sltiu   t1, t3, -275
core   0: 3 0x80006db4 (0xeede3313) x 6 0x00000001
core   0: 0x80006db8 (0x41c05013) srai    zero, zero, 28
core   0: 3 0x80006db8 (0x41c05013)
core   0: 0x80006dbc (0x00f798b3) sll     a7, a5, a5
core   0: 3 0x80006dbc (0x00f798b3) x17 0x98000000
core   0: 0x80006dc0 (0x01c1d693) srli    a3, gp, 28
core   0: 3 0x80006dc0 (0x01c1d693) x13 0x00000000
core   0: 0x80006dc4 (0x1413ef37) lui     t5, 0x1413e
core   0: 3 0x80006dc4 (0x1413ef37) x30 0x1413e000
core   0: 0x80006dc8 (0x0235feb3) remu    t4, a1, gp
core   0: 3 0x80006dc8 (0x0235feb3) x29 0xfffff8a8
core   0: 0x80006dcc (0x008370b3) and     ra, t1, s0
core   0: 3 0x80006dcc (0x008370b3) x 1 0x00000000
core   0: 0x80006dd0 (0x00008f99) c.sub   a5, a4
core   0: 3 0x80006dd0 (0x8f99) x15 0x00000098
core   0: 0x80006dd2 (0x029a6233) rem     tp, s4, s1
core   0: 3 0x80006dd2 (0x029a6233) x 4 0x24983000
core   0: 0x80006dd6 (0x41fd85b3) sub     a1, s11, t6
core   0: 3 0x80006dd6 (0x41fd85b3) x11 0xfffff000
core   0: 0x80006dda (0x013e11b3) sll     gp, t3, s3
core   0: 3 0x80006dda (0x013e11b3) x 3 0x00018000
core   0: 0x80006dde (0x40a9de33) sra     t3, s3, a0
core   0: 3 0x80006dde (0x40a9de33) x28 0x00000000
core   0: 0x80006de2 (0x18ce7f93) andi    t6, t3, 396
core   0: 3 0x80006de2 (0x18ce7f93) x31 0x00000000
core   0: 0x80006de6 (0x019a5693) srli    a3, s4, 25
core   0: 3 0x80006de6 (0x019a5693) x13 0x00000012
core   0: 0x80006dea (0x00008c7d) c.and   s0, a5
core   0: 3 0x80006dea (0x8c7d) x 8 0x00000080
core   0: 0x80006dec (0x03100633) mul     a2, zero, a7
core   0: 3 0x80006dec (0x03100633) x12 0x00000000
core   0: 0x80006df0 (0x03535f33) divu    t5, t1, s5
core   0: 3 0x80006df0 (0x03535f33) x30 0xffffffff
core   0: 0x80006df4 (0x005e96b3) sll     a3, t4, t0
core   0: 3 0x80006df4 (0x005e96b3) x13 0xfffff8a8
core   0: 0x80006df8 (0x00000a6a) c.slli  s4, 26
core   0: 3 0x80006df8 (0x0a6a) x20 0x00000000
core   0: 0x80006dfa (0x01921a33) sll     s4, tp, s9
core   0: 3 0x80006dfa (0x01921a33) x20 0x24983000
core   0: 0x80006dfe (0x02bd69b3) rem     s3, s10, a1
core   0: 3 0x80006dfe (0x02bd69b3) x19 0x00000000
core   0: 0x80006e02 (0x000005be) c.slli  a1, 15
core   0: 3 0x80006e02 (0x05be) x11 0xf8000000
core   0: 0x80006e04 (0x2cfffa13) andi    s4, t6, 719
core   0: 3 0x80006e04 (0x2cfffa13) x20 0x00000000
core   0: 0x80006e08 (0x013c6c33) or      s8, s8, s3
core   0: 3 0x80006e08 (0x013c6c33) x24 0xffffee2f
core   0: 0x80006e0c (0x039592b3) mulh    t0, a1, s9
core   0: 3 0x80006e0c (0x039592b3) x 5 0x00000000
core   0: 0x80006e10 (0x00008afd) c.andi  a3, 31
core   0: 3 0x80006e10 (0x8afd) x13 0x00000008
core   0: 0x80006e12 (0x13598e93) addi    t4, s3, 309
core   0: 3 0x80006e12 (0x13598e93) x29 0x00000135
core   0: 0x80006e16 (0x01c9d933) srl     s2, s3, t3
core   0: 3 0x80006e16 (0x01c9d933) x18 0x00000000
core   0: 0x80006e1a (0x03806433) rem     s0, zero, s8
core   0: 3 0x80006e1a (0x03806433) x 8 0x00000000
core   0: 0x80006e1e (0x00000d92) c.slli  s11, 4
core   0: 3 0x80006e1e (0x0d92) x27 0x00000000
core   0: 0x80006e20 (0x0000940e) c.add   s0, gp
core   0: 3 0x80006e20 (0x940e) x 8 0x00018000
core   0: 0x80006e22 (0x0245f333) remu    t1, a1, tp
core   0: 3 0x80006e22 (0x0245f333) x 6 0x1c6ee000
core   0: 0x80006e26 (0x00000951) c.addi  s2, 20
core   0: 3 0x80006e26 (0x0951) x18 0x00000014
core   0: 0x80006e28 (0x03b35233) divu    tp, t1, s11
core   0: 3 0x80006e28 (0x03b35233) x 4 0xffffffff
core   0: 0x80006e2c (0x03534c33) div     s8, t1, s5
core   0: 3 0x80006e2c (0x03534c33) x24 0xffffffff
core   0: 0x80006e30 (0x016f1bb3) sll     s7, t5, s6
core   0: 3 0x80006e30 (0x016f1bb3) x23 0xffffffff
core   0: 0x80006e34 (0x01ea58b3) srl     a7, s4, t5
core   0: 3 0x80006e34 (0x01ea58b3) x17 0x00000000
core   0: 0x80006e38 (0x68f44c13) xori    s8, s0, 1679
core   0: 3 0x80006e38 (0x68f44c13) x24 0x0001868f
core   0: 0x80006e3c (0xc7668fb7) lui     t6, 0xc7668
core   0: 3 0x80006e3c (0xc7668fb7) x31 0xc7668000
core   0: 0x80006e40 (0x02425233) divu    tp, tp, tp
core   0: 3 0x80006e40 (0x02425233) x 4 0x00000001
core   0: 0x80006e44 (0x00008fd9) c.or    a5, a4
core   0: 3 0x80006e44 (0x8fd9) x15 0x00000098
core   0: 0x80006e46 (0x00008fd5) c.or    a5, a3
core   0: 3 0x80006e46 (0x8fd5) x15 0x00000098
core   0: 0x80006e48 (0x00000576) c.slli  a0, 29
core   0: 3 0x80006e48 (0x0576) x10 0xe0000000
core   0: 0x80006e4a (0x00008e99) c.sub   a3, a4
core   0: 3 0x80006e4a (0x8e99) x13 0x00000008
core   0: 0x80006e4c (0x00008da9) c.xor   a1, a0
core   0: 3 0x80006e4c (0x8da9) x11 0x18000000
core   0: 0x80006e4e (0x00fe9fb3) sll     t6, t4, a5
core   0: 3 0x80006e4e (0x00fe9fb3) x31 0x35000000
core   0: 0x80006e52 (0xb6ea6993) ori     s3, s4, -1170
core   0: 3 0x80006e52 (0xb6ea6993) x19 0xfffffb6e
core   0: 0x80006e56 (0x415fd913) srai    s2, t6, 21
core   0: 3 0x80006e56 (0x415fd913) x18 0x000001a8
core   0: 0x80006e5a (0x0000673d) c.lui   a4, 0xf
core   0: 3 0x80006e5a (0x673d) x14 0x0000f000
core   0: 0x80006e5c (0x00006121) c.addi16sp sp, 64
core   0: 3 0x80006e5c (0x6121) x 2 0xfffff568
core   0: 0x80006e5e (0x0115cfb3) xor     t6, a1, a7
core   0: 3 0x80006e5e (0x0115cfb3) x31 0x18000000
core   0: 0x80006e62 (0x012d1fb3) sll     t6, s10, s2
core   0: 3 0x80006e62 (0x012d1fb3) x31 0xff000000
core   0: 0x80006e66 (0x02538233) mul     tp, t2, t0
core   0: 3 0x80006e66 (0x02538233) x 4 0x00000000
core   0: 0x80006e6a (0x418d01b3) sub     gp, s10, s8
core   0: 3 0x80006e6a (0x418d01b3) x 3 0xfffd7971
core   0: 0x80006e6e (0x000005fa) c.slli  a1, 30
core   0: 3 0x80006e6e (0x05fa) x11 0x00000000
core   0: 0x80006e70 (0x71793413) sltiu   s0, s2, 1815
core   0: 3 0x80006e70 (0x71793413) x 8 0x00000001
core   0: 0x80006e74 (0x6a584f13) xori    t5, a6, 1701
core   0: 3 0x80006e74 (0x6a584f13) x30 0x80013a41
core   0: 0x80006e78 (0x029a4eb3) div     t4, s4, s1
core   0: 3 0x80006e78 (0x029a4eb3) x29 0x00000000
core   0: 0x80006e7c (0x00789233) sll     tp, a7, t2
core   0: 3 0x80006e7c (0x00789233) x 4 0x00000000
core   0: 0x80006e80 (0x000099fd) c.andi  a1, -1
core   0: 3 0x80006e80 (0x99fd) x11 0x00000000
core   0: 0x80006e82 (0x0178d393) srli    t2, a7, 23
core   0: 3 0x80006e82 (0x0178d393) x 7 0x00000000
core   0: 0x80006e86 (0x00006d85) c.lui   s11, 0x1
core   0: 3 0x80006e86 (0x6d85) x27 0x00001000
core   0: 0x80006e88 (0x00008f11) c.sub   a4, a2
core   0: 3 0x80006e88 (0x8f11) x14 0x0000f000
core   0: 0x80006e8a (0x00005b33) srl     s6, zero, zero
core   0: 3 0x80006e8a (0x00005b33) x22 0x00000000
core   0: 0x80006e8e (0x00000001) c.nop
core   0: 3 0x80006e8e (0x0001)
core   0: 0x80006e90 (0x0000865e) c.mv    a2, s7
core   0: 3 0x80006e90 (0x865e) x12 0xffffffff
core   0: 0x80006e92 (0x00e81fb3) sll     t6, a6, a4
core   0: 3 0x80006e92 (0x00e81fb3) x31 0x80013ce4
core   0: 0x80006e96 (0x008ceeb3) or      t4, s9, s0
core   0: 3 0x80006e96 (0x008ceeb3) x29 0x00000001
core   0: 0x80006e9a (0x40825513) srai    a0, tp, 8
core   0: 3 0x80006e9a (0x40825513) x10 0x00000000
core   0: 0x80006e9e (0x5d73ae93) slti    t4, t2, 1495
core   0: 3 0x80006e9e (0x5d73ae93) x29 0x00000001
core   0: 0x80006ea2 (0x913d2d13) slti    s10, s10, -1773
core   0: 3 0x80006ea2 (0x913d2d13) x26 0x00000001
core   0: 0x80006ea6 (0x49828093) addi    ra, t0, 1176
core   0: 3 0x80006ea6 (0x49828093) x 1 0x00000498
core   0: 0x80006eaa (0x00008ea9) c.xor   a3, a0
core   0: 3 0x80006eaa (0x8ea9) x13 0x00000008
core   0: 0x80006eac (0x003f5093) srli    ra, t5, 3
core   0: 3 0x80006eac (0x003f5093) x 1 0x10002748
core   0: 0x80006eb0 (0x0246d7b3) divu    a5, a3, tp
core   0: 3 0x80006eb0 (0x0246d7b3) x15 0xffffffff
core   0: 0x80006eb4 (0x01f85333) srl     t1, a6, t6
core   0: 3 0x80006eb4 (0x01f85333) x 6 0x080013ce
core   0: 0x80006eb8 (0x9ddfa413) slti    s0, t6, -1571
core   0: 3 0x80006eb8 (0x9ddfa413) x 8 0x00000001
core   0: 0x80006ebc (0x004361b3) or      gp, t1, tp
core   0: 3 0x80006ebc (0x004361b3) x 3 0x080013ce
core   0: 0x80006ec0 (0x00fa5513) srli    a0, s4, 15
core   0: 3 0x80006ec0 (0x00fa5513) x10 0x00000000
core   0: 0x80006ec4 (0x00009d56) c.add   s10, s5
core   0: 3 0x80006ec4 (0x9d56) x26 0x00000001
core   0: 0x80006ec6 (0x00008e5d) c.or    a2, a5
core   0: 3 0x80006ec6 (0x8e5d) x12 0xffffffff
core   0: 0x80006ec8 (0x5f24ff17) auipc   t5, 0x5f24f
core   0: 3 0x80006ec8 (0x5f24ff17) x30 0xdf255ec8
core   0: 0x80006ecc (0x01f42233) slt     tp, s0, t6
core   0: 3 0x80006ecc (0x01f42233) x 4 0x00000000
core   0: 0x80006ed0 (0x01b569b3) or      s3, a0, s11
core   0: 3 0x80006ed0 (0x01b569b3) x19 0x00001000
core   0: 0x80006ed4 (0x00649933) sll     s2, s1, t1
core   0: 3 0x80006ed4 (0x00649933) x18 0x3f990000
core   0: 0x80006ed8 (0x01e79d33) sll     s10, a5, t5
core   0: 3 0x80006ed8 (0x01e79d33) x26 0xffffff00
core   0: 0x80006edc (0x4a4a6d13) ori     s10, s4, 1188
core   0: 3 0x80006edc (0x4a4a6d13) x26 0x000004a4
core   0: 0x80006ee0 (0x006b9a93) slli    s5, s7, 6
core   0: 3 0x80006ee0 (0x006b9a93) x21 0xffffffc0
core   0: 0x80006ee4 (0x00811513) slli    a0, sp, 8
core   0: 3 0x80006ee4 (0x00811513) x10 0xfff56800
core   0: 0x80006ee8 (0x031dcf33) div     t5, s11, a7
core   0: 3 0x80006ee8 (0x031dcf33) x30 0xffffffff
core   0: 0x80006eec (0x01e832b3) sltu    t0, a6, t5
core   0: 3 0x80006eec (0x01e832b3) x 5 0x00000001
core   0: 0x80006ef0 (0x41a359b3) sra     s3, t1, s10
core   0: 3 0x80006ef0 (0x41a359b3) x19 0x0080013c
core   0: 0x80006ef4 (0x0000717d) c.addi16sp sp, -16
core   0: 3 0x80006ef4 (0x717d) x 2 0xfffff558
core   0: 0x80006ef6 (0x030b96b3) mulh    a3, s7, a6
core   0: 3 0x80006ef6 (0x030b96b3) x13 0x00000000
core   0: 0x80006efa (0x00008b6e) c.mv    s6, s11
core   0: 3 0x80006efa (0x8b6e) x22 0x00001000
core   0: 0x80006efc (0x0168b433) sltu    s0, a7, s6
core   0: 3 0x80006efc (0x0168b433) x 8 0x00000001
core   0: 0x80006f00 (0x02767fb3) remu    t6, a2, t2
core   0: 3 0x80006f00 (0x02767fb3) x31 0xffffffff
core   0: 0x80006f04 (0x00008ed9) c.or    a3, a4
core   0: 3 0x80006f04 (0x8ed9) x13 0x0000f000
core   0: 0x80006f06 (0x000095d2) c.add   a1, s4
core   0: 3 0x80006f06 (0x95d2) x11 0x00000000
core   0: 0x80006f08 (0x03cfea33) rem     s4, t6, t3
core   0: 3 0x80006f08 (0x03cfea33) x20 0xffffffff
core   0: 0x80006f0c (0x02a7f233) remu    tp, a5, a0
core   0: 3 0x80006f0c (0x02a7f233) x 4 0x000a97ff
core   0: 0x80006f10 (0x01b39ab3) sll     s5, t2, s11
core   0: 3 0x80006f10 (0x01b39ab3) x21 0x00000000
core   0: 0x80006f14 (0x00009bfd) c.andi  a5, -1
core   0: 3 0x80006f14 (0x9bfd) x15 0xffffffff
core   0: 0x80006f16 (0x00008bea) c.mv    s7, s10
core   0: 3 0x80006f16 (0x8bea) x23 0x000004a4
core   0: 0x80006f18 (0x230f7693) andi    a3, t5, 560
core   0: 3 0x80006f18 (0x230f7693) x13 0x00000230
core   0: 0x80006f1c (0x013adf33) srl     t5, s5, s3
core   0: 3 0x80006f1c (0x013adf33) x30 0x00000000
core   0: 0x80006f20 (0x032b9a33) mulh    s4, s7, s2
core   0: 3 0x80006f20 (0x032b9a33) x20 0x00000127
core   0: 0x80006f24 (0x00c69993) slli    s3, a3, 12
core   0: 3 0x80006f24 (0x00c69993) x19 0x00230000
core   0: 0x80006f28 (0x02b54a33) div     s4, a0, a1
core   0: 3 0x80006f28 (0x02b54a33) x20 0xffffffff
core   0: 0x80006f2c (0x5a249797) auipc   a5, 0x5a249
core   0: 3 0x80006f2c (0x5a249797) x15 0xda24ff2c
core   0: 0x80006f30 (0x00008dc9) c.or    a1, a0
core   0: 3 0x80006f30 (0x8dc9) x11 0xfff56800
core   0: 0x80006f32 (0x03efc5b3) div     a1, t6, t5
core   0: 3 0x80006f32 (0x03efc5b3) x11 0xffffffff
core   0: 0x80006f36 (0x000018fd) c.addi  a7, -1
core   0: 3 0x80006f36 (0x18fd) x17 0xffffffff
core   0: 0x80006f38 (0x00008f1d) c.sub   a4, a5
core   0: 3 0x80006f38 (0x8f1d) x14 0x25dbf0d4
core   0: 0x80006f3a (0x03836513) ori     a0, t1, 56
core   0: 3 0x80006f3a (0x03836513) x10 0x080013fe
core   0: 0x80006f3e (0x4040d233) sra     tp, ra, tp
core   0: 3 0x80006f3e (0x4040d233) x 4 0x00000000
core   0: 0x80006f42 (0x0a9b2f93) slti    t6, s6, 169
core   0: 3 0x80006f42 (0x0a9b2f93) x31 0x00000000
core   0: 0x80006f46 (0x00009afd) c.andi  a3, -1
core   0: 3 0x80006f46 (0x9afd) x13 0x00000230
core   0: 0x80006f48 (0x0000863d) c.srai  a2, 15
core   0: 3 0x80006f48 (0x863d) x12 0xffffffff
core   0: 0x80006f4a (0x03c08433) mul     s0, ra, t3
core   0: 3 0x80006f4a (0x03c08433) x 8 0x00000000
core   0: 0x80006f4e (0x0127d893) srli    a7, a5, 18
core   0: 3 0x80006f4e (0x0127d893) x17 0x00003689
core   0: 0x80006f52 (0x2bca6893) ori     a7, s4, 700
core   0: 3 0x80006f52 (0x2bca6893) x17 0xffffffff
core   0: 0x80006f56 (0x00b09213) slli    tp, ra, 11
core   0: 3 0x80006f56 (0x00b09213) x 4 0x013a4000
core   0: 0x80006f5a (0x418b8d33) sub     s10, s7, s8
core   0: 3 0x80006f5a (0x418b8d33) x26 0xfffe7e15
core   0: 0x80006f5e (0x000091fe) c.add   gp, t6
core   0: 3 0x80006f5e (0x91fe) x 3 0x080013ce
core   0: 0x80006f60 (0x00008211) c.srli  a2, 4
core   0: 3 0x80006f60 (0x8211) x12 0x0fffffff
core   0: 0x80006f62 (0x00009b7d) c.andi  a4, -1
core   0: 3 0x80006f62 (0x9b7d) x14 0x25dbf0d4
core   0: 0x80006f64 (0x00006149) c.addi16sp sp, 144
core   0: 3 0x80006f64 (0x6149) x 2 0xfffff5e8
core   0: 0x80006f66 (0x00008e71) c.and   a2, a2
core   0: 3 0x80006f66 (0x8e71) x12 0x0fffffff
core   0: 0x80006f68 (0x00000589) c.addi  a1, 2
core   0: 3 0x80006f68 (0x0589) x11 0x00000001
core   0: 0x80006f6a (0x00008c69) c.and   s0, a0
core   0: 3 0x80006f6a (0x8c69) x 8 0x00000000
core   0: 0x80006f6c (0x41efdc13) srai    s8, t6, 30
core   0: 3 0x80006f6c (0x41efdc13) x24 0x00000000
core   0: 0x80006f70 (0x00008c45) c.or    s0, s1
core   0: 3 0x80006f70 (0x8c45) x 8 0x8000fe64
core   0: 0x80006f72 (0x03db98b3) mulh    a7, s7, t4
core   0: 3 0x80006f72 (0x03db98b3) x17 0x00000000
core   0: 0x80006f76 (0x41ea5c33) sra     s8, s4, t5
core   0: 3 0x80006f76 (0x41ea5c33) x24 0xffffffff
core   0: 0x80006f7a (0x3395bf37) lui     t5, 0x3395b
core   0: 3 0x80006f7a (0x3395bf37) x30 0x3395b000
core   0: 0x80006f7e (0x41418fb3) sub     t6, gp, s4
core   0: 3 0x80006f7e (0x41418fb3) x31 0x080013cf
core   0: 0x80006f82 (0x57793213) sltiu   tp, s2, 1399
core   0: 3 0x80006f82 (0x57793213) x 4 0x00000000
core   0: 0x80006f86 (0x02772793) slti    a5, a4, 39
core   0: 3 0x80006f86 (0x02772793) x15 0x00000000
core   0: 0x80006f8a (0x40cad313) srai    t1, s5, 12
core   0: 3 0x80006f8a (0x40cad313) x 6 0x00000000
core   0: 0x80006f8e (0x02237bb3) remu    s7, t1, sp
core   0: 3 0x80006f8e (0x02237bb3) x23 0x00000000
core   0: 0x80006f92 (0xfff00513) li      a0, -1
core   0: 3 0x80006f92 (0xfff00513) x10 0xffffffff
core   0: 0x80006f96 (0x7b29c8b7) lui     a7, 0x7b29c
core   0: 3 0x80006f96 (0x7b29c8b7) x17 0x7b29c000
core   0: 0x80006f9a (0x4ef88893) addi    a7, a7, 1263
core   0: 3 0x80006f9a (0x4ef88893) x17 0x7b29c4ef
core   0: 0x80006f9e (0x80000eb7) lui     t4, 0x80000
core   0: 3 0x80006f9e (0x80000eb7) x29 0x80000000
core   0: 0x80006fa2 (0xfff00a93) li      s5, -1
core   0: 3 0x80006fa2 (0xfff00a93) x21 0xffffffff
core   0: 0x80006fa6 (0x80000737) lui     a4, 0x80000
core   0: 3 0x80006fa6 (0x80000737) x14 0x80000000
core   0: 0x80006faa (0x00004a01) c.li    s4, 0
core   0: 3 0x80006faa (0x4a01) x20 0x00000000
core   0: 0x80006fac (0x800006b7) lui     a3, 0x80000
core   0: 3 0x80006fac (0x800006b7) x13 0x80000000
core   0: 0x80006fb0 (0x00004901) c.li    s2, 0
core   0: 3 0x80006fb0 (0x4901) x18 0x00000000
core   0: 0x80006fb2 (0x80000c37) lui     s8, 0x80000
core   0: 3 0x80006fb2 (0x80000c37) x24 0x80000000
core   0: 0x80006fb6 (0x80000f37) lui     t5, 0x80000
core   0: 3 0x80006fb6 (0x80000f37) x30 0x80000000
core   0: 0x80006fba (0x192e2517) auipc   a0, 0x192e2
core   0: 3 0x80006fba (0x192e2517) x10 0x992e8fba
core   0: 0x80006fbe (0xdc32aa37) lui     s4, 0xdc32a
core   0: 3 0x80006fbe (0xdc32aa37) x20 0xdc32a000
core   0: 0x80006fc2 (0x02aa9c33) mulh    s8, s5, a0
core   0: 3 0x80006fc2 (0x02aa9c33) x24 0x00000000
core   0: 0x80006fc6 (0x02eae6b3) rem     a3, s5, a4
core   0: 3 0x80006fc6 (0x02eae6b3) x13 0xffffffff
core   0: 0x80006fca (0x034a58b3) divu    a7, s4, s4
core   0: 3 0x80006fca (0x034a58b3) x17 0x00000001
core   0: 0x80006fce (0x4d99b737) lui     a4, 0x4d99b
core   0: 3 0x80006fce (0x4d99b737) x14 0x4d99b000
core   0: 0x80006fd2 (0x01170a33) add     s4, a4, a7
core   0: 3 0x80006fd2 (0x01170a33) x20 0x4d99b001
core   0: 0x80006fd6 (0x01288533) add     a0, a7, s2
core   0: 3 0x80006fd6 (0x01288533) x10 0x00000001
core   0: 0x80006fda (0x00000001) c.nop
core   0: 3 0x80006fda (0x0001)
core   0: 0x80006fdc (0x02e8ba33) mulhu   s4, a7, a4
core   0: 3 0x80006fdc (0x02e8ba33) x20 0x00000000
core   0: 0x80006fe0 (0x03d528b3) mulhsu  a7, a0, t4
core   0: 3 0x80006fe0 (0x03d528b3) x17 0x00000000
core   0: 0x80006fe4 (0x031eec33) rem     s8, t4, a7
core   0: 3 0x80006fe4 (0x031eec33) x24 0x80000000
core   0: 0x80006fe8 (0x40dc0eb3) sub     t4, s8, a3
core   0: 3 0x80006fe8 (0x40dc0eb3) x29 0x80000001
core   0: 0x80006fec (0xf0088a13) addi    s4, a7, -256
core   0: 3 0x80006fec (0xf0088a13) x20 0xffffff00
core   0: 0x80006ff0 (0x02eae533) rem     a0, s5, a4
core   0: 3 0x80006ff0 (0x02eae533) x10 0xffffffff
core   0: 0x80006ff4 (0xe8f41737) lui     a4, 0xe8f41
core   0: 3 0x80006ff4 (0xe8f41737) x14 0xe8f41000
core   0: 0x80006ff8 (0x41468733) sub     a4, a3, s4
core   0: 3 0x80006ff8 (0x41468733) x14 0x000000ff
core   0: 0x80006ffc (0x02dc2a33) mulhsu  s4, s8, a3
core   0: 3 0x80006ffc (0x02dc2a33) x20 0x80000000
core   0: 0x80007000 (0x41834c17) auipc   s8, 0x41834
core   0: 3 0x80007000 (0x41834c17) x24 0xc183b000
core   0: 0x80007004 (0x038a5733) divu    a4, s4, s8
core   0: 3 0x80007004 (0x038a5733) x14 0x00000000
core   0: 0x80007008 (0x7f1a0e93) addi    t4, s4, 2033
core   0: 3 0x80007008 (0x7f1a0e93) x29 0x800007f1
core   0: 0x8000700c (0x02daff33) remu    t5, s5, a3
core   0: 3 0x8000700c (0x02daff33) x30 0x00000000
core   0: 0x80007010 (0x03596c33) rem     s8, s2, s5
core   0: 3 0x80007010 (0x03596c33) x24 0x00000000
core   0: 0x80007014 (0x02d6cc33) div     s8, a3, a3
core   0: 3 0x80007014 (0x02d6cc33) x24 0x00000001
core   0: 0x80007018 (0x3fefc697) auipc   a3, 0x3fefc
core   0: 3 0x80007018 (0x3fefc697) x13 0xbff03018
core   0: 0x8000701c (0x032946b3) div     a3, s2, s2
core   0: 3 0x8000701c (0x032946b3) x13 0xffffffff
core   0: 0x80007020 (0x537e8a93) addi    s5, t4, 1335
core   0: 3 0x80007020 (0x537e8a93) x21 0x80000d28
core   0: 0x80007024 (0x415a0a33) sub     s4, s4, s5
core   0: 3 0x80007024 (0x415a0a33) x20 0xfffff2d8
core   0: 0x80007028 (0x03477eb3) remu    t4, a4, s4
core   0: 3 0x80007028 (0x03477eb3) x29 0x00000000
core   0: 0x8000702c (0x0346ac33) mulhsu  s8, a3, s4
core   0: 3 0x8000702c (0x0346ac33) x24 0xffffffff
core   0: 0x80007030 (0xbf404917) auipc   s2, 0xbf404
core   0: 3 0x80007030 (0xbf404917) x18 0x3f40b030
core   0: 0x80007034 (0x014d9593) slli    a1, s11, 20
core   0: 3 0x80007034 (0x014d9593) x11 0x00000000
core   0: 0x80007038 (0x021207b3) mul     a5, tp, ra
core   0: 3 0x80007038 (0x021207b3) x15 0x00000000
core   0: 0x8000703c (0x1af86013) ori     zero, a6, 431
core   0: 3 0x8000703c (0x1af86013)
core   0: 0x80007040 (0x033b0d33) mul     s10, s6, s3
core   0: 3 0x80007040 (0x033b0d33) x26 0x30000000
core   0: 0x80007044 (0x018625b3) slt     a1, a2, s8
core   0: 3 0x80007044 (0x018625b3) x11 0x00000000
core   0: 0x80007048 (0x0000614d) c.addi16sp sp, 176
core   0: 3 0x80007048 (0x614d) x 2 0xfffff698
core   0: 0x8000704a (0x00008249) c.srli  a2, 18
core   0: 3 0x8000704a (0x8249) x12 0x000003ff
core   0: 0x8000704c (0x98e0ca97) auipc   s5, 0x98e0c
core   0: 3 0x8000704c (0x98e0ca97) x21 0x18e1304c
core   0: 0x80007050 (0x03dc6033) rem     zero, s8, t4
core   0: 3 0x80007050 (0x03dc6033)
core   0: 0x80007054 (0x9de10137) lui     sp, 0x9de10
core   0: 3 0x80007054 (0x9de10137) x 2 0x9de10000
core   0: 0x80007058 (0xcf883413) sltiu   s0, a6, -776
core   0: 3 0x80007058 (0xcf883413) x 8 0x00000001
core   0: 0x8000705c (0xbc18e613) ori     a2, a7, -1087
core   0: 3 0x8000705c (0xbc18e613) x12 0xfffffbc1
core   0: 0x80007060 (0x0000717d) c.addi16sp sp, -16
core   0: 3 0x80007060 (0x717d) x 2 0x9de0fff0
core   0: 0x80007062 (0xb11c2993) slti    s3, s8, -1263
core   0: 3 0x80007062 (0xb11c2993) x19 0x00000000
core   0: 0x80007066 (0x0369de33) divu    t3, s3, s6
core   0: 3 0x80007066 (0x0369de33) x28 0x00000000
core   0: 0x8000706a (0x02a9f633) remu    a2, s3, a0
core   0: 3 0x8000706a (0x02a9f633) x12 0x00000000
core   0: 0x8000706e (0x01f55333) srl     t1, a0, t6
core   0: 3 0x8000706e (0x01f55333) x 6 0x0001ffff
core   0: 0x80007072 (0x00008c09) c.sub   s0, a0
core   0: 3 0x80007072 (0x8c09) x 8 0x00000002
core   0: 0x80007074 (0x0164e293) ori     t0, s1, 22
core   0: 3 0x80007074 (0x0164e293) x 5 0x8000fe76
core   0: 0x80007078 (0xeab7aa13) slti    s4, a5, -341
core   0: 3 0x80007078 (0xeab7aa13) x20 0x00000000
core   0: 0x8000707c (0x037b6f33) rem     t5, s6, s7
core   0: 3 0x8000707c (0x037b6f33) x30 0x00001000
core   0: 0x80007080 (0x00008715) c.srai  a4, 5
core   0: 3 0x80007080 (0x8715) x14 0x00000000
core   0: 0x80007082 (0x00008e5d) c.or    a2, a5
core   0: 3 0x80007082 (0x8e5d) x12 0x00000000
core   0: 0x80007084 (0x40850633) sub     a2, a0, s0
core   0: 3 0x80007084 (0x40850633) x12 0xfffffffd
core   0: 0x80007088 (0x417ed7b3) sra     a5, t4, s7
core   0: 3 0x80007088 (0x417ed7b3) x15 0x00000000
core   0: 0x8000708c (0x03efbd33) mulhu   s10, t6, t5
core   0: 3 0x8000708c (0x03efbd33) x26 0x00000080
core   0: 0x80007090 (0x00006169) c.addi16sp sp, 208
core   0: 3 0x80007090 (0x6169) x 2 0x9de100c0
core   0: 0x80007092 (0x40ca5113) srai    sp, s4, 12
core   0: 3 0x80007092 (0x40ca5113) x 2 0x00000000
core   0: 0x80007096 (0x0000717d) c.addi16sp sp, -16
core   0: 3 0x80007096 (0x717d) x 2 0xfffffff0
core   0: 0x80007098 (0x4079d733) sra     a4, s3, t2
core   0: 3 0x80007098 (0x4079d733) x14 0x00000000
core   0: 0x8000709c (0x0178c6b3) xor     a3, a7, s7
core   0: 3 0x8000709c (0x0178c6b3) x13 0x00000000
core   0: 0x800070a0 (0x031451b3) divu    gp, s0, a7
core   0: 3 0x800070a0 (0x031451b3) x 3 0xffffffff
core   0: 0x800070a4 (0x00008ee1) c.and   a3, s0
core   0: 3 0x800070a4 (0x8ee1) x13 0x00000000
core   0: 0x800070a6 (0x41ec8733) sub     a4, s9, t5
core   0: 3 0x800070a6 (0x41ec8733) x14 0xfffff000
core   0: 0x800070aa (0x0289d133) divu    sp, s3, s0
core   0: 3 0x800070aa (0x0289d133) x 2 0x00000000
core   0: 0x800070ae (0x00ea9193) slli    gp, s5, 14
core   0: 3 0x800070ae (0x00ea9193) x 3 0x4c130000
core   0: 0x800070b2 (0x0000717d) c.addi16sp sp, -16
core   0: 3 0x800070b2 (0x717d) x 2 0xfffffff0
core   0: 0x800070b4 (0x035ca0b3) mulhsu  ra, s9, s5
core   0: 3 0x800070b4 (0x035ca0b3) x 1 0x00000000
core   0: 0x800070b8 (0x00000ad2) c.slli  s5, 20
core   0: 3 0x800070b8 (0x0ad2) x21 0x04c00000
core   0: 0x800070ba (0x000083a9) c.srli  a5, 10
core   0: 3 0x800070ba (0x83a9) x15 0x00000000
core   0: 0x800070bc (0x00008efd) c.and   a3, a5
core   0: 3 0x800070bc (0x8efd) x13 0x00000000
core   0: 0x800070be (0x014dfa33) and     s4, s11, s4
core   0: 3 0x800070be (0x014dfa33) x20 0x00000000
core   0: 0x800070c2 (0x017187b3) add     a5, gp, s7
core   0: 3 0x800070c2 (0x017187b3) x15 0x4c130000
core   0: 0x800070c6 (0x037f42b3) div     t0, t5, s7
core   0: 3 0x800070c6 (0x037f42b3) x 5 0xffffffff
core   0: 0x800070ca (0x000096c2) c.add   a3, a6
core   0: 3 0x800070ca (0x96c2) x13 0x80013ce4
core   0: 0x800070cc (0x0000897a) c.mv    s2, t5
core   0: 3 0x800070cc (0x897a) x18 0x00001000
core   0: 0x800070ce (0x00000001) c.nop
core   0: 3 0x800070ce (0x0001)
core   0: 0x800070d0 (0x00000001) c.nop
core   0: 3 0x800070d0 (0x0001)
core   0: 0x800070d2 (0x00aa9f93) slli    t6, s5, 10
core   0: 3 0x800070d2 (0x00aa9f93) x31 0x00000000
core   0: 0x800070d6 (0x02f898b3) mulh    a7, a7, a5
core   0: 3 0x800070d6 (0x02f898b3) x17 0x00000000
core   0: 0x800070da (0x00008e95) c.sub   a3, a3
core   0: 3 0x800070da (0x8e95) x13 0x00000000
core   0: 0x800070dc (0x00001a10) c.addi4spn a2, sp, 304
core   0: 3 0x800070dc (0x1a10) x12 0x00000120
core   0: 0x800070de (0x00e4afb3) slt     t6, s1, a4
core   0: 3 0x800070de (0x00e4afb3) x31 0x00000001
core   0: 0x800070e2 (0x4017d033) sra     zero, a5, ra
core   0: 3 0x800070e2 (0x4017d033)
core   0: 0x800070e6 (0xe1896537) lui     a0, 0xe1896
core   0: 3 0x800070e6 (0xe1896537) x10 0xe1896000
core   0: 0x800070ea (0x94f96093) ori     ra, s2, -1713
core   0: 3 0x800070ea (0x94f96093) x 1 0xfffff94f
core   0: 0x800070ee (0x028ec2b3) div     t0, t4, s0
core   0: 3 0x800070ee (0x028ec2b3) x 5 0x00000000
core   0: 0x800070f2 (0x00008e8d) c.sub   a3, a1
core   0: 3 0x800070f2 (0x8e8d) x13 0x00000000
core   0: 0x800070f4 (0x014c1713) slli    a4, s8, 20
core   0: 3 0x800070f4 (0x014c1713) x14 0xfff00000
core   0: 0x800070f8 (0x02184333) div     t1, a6, ra
core   0: 3 0x800070f8 (0x02184333) x 6 0x001320d7
core   0: 0x800070fc (0x00000001) c.nop
core   0: 3 0x800070fc (0x0001)
core   0: 0x800070fe (0x32f25037) lui     zero, 0x32f25
core   0: 3 0x800070fe (0x32f25037)
core   0: 0x80007102 (0x00008b76) c.mv    s6, t4
core   0: 3 0x80007102 (0x8b76) x22 0x00000000
core   0: 0x80007104 (0x03a59db3) mulh    s11, a1, s10
core   0: 3 0x80007104 (0x03a59db3) x27 0x00000000
core   0: 0x80007108 (0x018fc1b3) xor     gp, t6, s8
core   0: 3 0x80007108 (0x018fc1b3) x 3 0xfffffffe
core   0: 0x8000710c (0x005da233) slt     tp, s11, t0
core   0: 3 0x8000710c (0x005da233) x 4 0x00000000
core   0: 0x80007110 (0x00000d08) c.addi4spn a0, sp, 656
core   0: 3 0x80007110 (0x0d08) x10 0x00000280
core   0: 0x80007112 (0x02ba8533) mul     a0, s5, a1
core   0: 3 0x80007112 (0x02ba8533) x10 0x00000000
core   0: 0x80007116 (0x026ae733) rem     a4, s5, t1
core   0: 3 0x80007116 (0x026ae733) x14 0x000aeb17
core   0: 0x8000711a (0x0378ddb3) divu    s11, a7, s7
core   0: 3 0x8000711a (0x0378ddb3) x27 0xffffffff
core   0: 0x8000711e (0x00006169) c.addi16sp sp, 208
core   0: 3 0x8000711e (0x6169) x 2 0x000000c0
core   0: 0x80007120 (0x0074f6b3) and     a3, s1, t2
core   0: 3 0x80007120 (0x0074f6b3) x13 0x00000000
core   0: 0x80007124 (0x00008f5d) c.or    a4, a5
core   0: 3 0x80007124 (0x8f5d) x14 0x4c1beb17
core   0: 0x80007126 (0xb8dedc17) auipc   s8, 0xb8ded
core   0: 3 0x80007126 (0xb8dedc17) x24 0x38df4126
core   0: 0x8000712a (0x00008ed9) c.or    a3, a4
core   0: 3 0x8000712a (0x8ed9) x13 0x4c1beb17
core   0: 0x8000712c (0x00000001) c.nop
core   0: 3 0x8000712c (0x0001)
core   0: 0x8000712e (0xb890ef13) ori     t5, ra, -1143
core   0: 3 0x8000712e (0xb890ef13) x30 0xfffffbcf
core   0: 0x80007132 (0x03fb98b3) mulh    a7, s7, t6
core   0: 3 0x80007132 (0x03fb98b3) x17 0x00000000
core   0: 0x80007136 (0x3dd37e93) andi    t4, t1, 989
core   0: 3 0x80007136 (0x3dd37e93) x29 0x000000d5
core   0: 0x8000713a (0x0000987d) c.andi  s0, -1
core   0: 3 0x8000713a (0x987d) x 8 0x00000002
core   0: 0x8000713c (0xf1e42a13) slti    s4, s0, -226
core   0: 3 0x8000713c (0xf1e42a13) x20 0x00000000
core   0: 0x80007140 (0x027efe33) remu    t3, t4, t2
core   0: 3 0x80007140 (0x027efe33) x28 0x000000d5
core   0: 0x80007144 (0x409251b3) sra     gp, tp, s1
core   0: 3 0x80007144 (0x409251b3) x 3 0x00000000
core   0: 0x80007148 (0xb5c82db7) lui     s11, 0xb5c82
core   0: 3 0x80007148 (0xb5c82db7) x27 0xb5c82000
core   0: 0x8000714c (0x1fbd8d93) addi    s11, s11, 507
core   0: 3 0x8000714c (0x1fbd8d93) x27 0xb5c821fb
core   0: 0x80007150 (0x7f6737b7) lui     a5, 0x7f673
core   0: 3 0x80007150 (0x7f6737b7) x15 0x7f673000
core   0: 0x80007154 (0xdbd78793) addi    a5, a5, -579
core   0: 3 0x80007154 (0xdbd78793) x15 0x7f672dbd
core   0: 0x80007158 (0x00004c01) c.li    s8, 0
core   0: 3 0x80007158 (0x4c01) x24 0x00000000
core   0: 0x8000715a (0x80000f37) lui     t5, 0x80000
core   0: 3 0x8000715a (0x80000f37) x30 0x80000000
core   0: 0x8000715e (0xfff00213) li      tp, -1
core   0: 3 0x8000715e (0xfff00213) x 4 0xffffffff
core   0: 0x80007162 (0x80000337) lui     t1, 0x80000
core   0: 3 0x80007162 (0x80000337) x 6 0x80000000
core   0: 0x80007166 (0xfff00593) li      a1, -1
core   0: 3 0x80007166 (0xfff00593) x11 0xffffffff
core   0: 0x8000716a (0x80000637) lui     a2, 0x80000
core   0: 3 0x8000716a (0x80000637) x12 0x80000000
core   0: 0x8000716e (0x800001b7) lui     gp, 0x80000
core   0: 3 0x8000716e (0x800001b7) x 3 0x80000000
core   0: 0x80007172 (0xfff00913) li      s2, -1
core   0: 3 0x80007172 (0xfff00913) x18 0xffffffff
core   0: 0x80007176 (0x02bc2c33) mulhsu  s8, s8, a1
core   0: 3 0x80007176 (0x02bc2c33) x24 0x00000000
core   0: 0x8000717a (0x032c2db3) mulhsu  s11, s8, s2
core   0: 3 0x8000717a (0x032c2db3) x27 0x00000000
core   0: 0x8000717e (0x0000997a) c.add   s2, t5
core   0: 3 0x8000717e (0x997a) x18 0x7fffffff
core   0: 0x80007180 (0xf3078793) addi    a5, a5, -208
core   0: 3 0x80007180 (0xf3078793) x15 0x7f672ced
core   0: 0x80007184 (0x02c587b3) mul     a5, a1, a2
core   0: 3 0x80007184 (0x02c587b3) x15 0x80000000
core   0: 0x80007188 (0x03220f33) mul     t5, tp, s2
core   0: 3 0x80007188 (0x03220f33) x30 0x80000001
core   0: 0x8000718c (0x40c90933) sub     s2, s2, a2
core   0: 3 0x8000718c (0x40c90933) x18 0xffffffff
core   0: 0x80007190 (0x00c58f33) add     t5, a1, a2
core   0: 3 0x80007190 (0x00c58f33) x30 0x7fffffff
core   0: 0x80007194 (0x02b32333) mulhsu  t1, t1, a1
core   0: 3 0x80007194 (0x02b32333) x 6 0x80000000
core   0: 0x80007198 (0x02360f33) mul     t5, a2, gp
core   0: 3 0x80007198 (0x02360f33) x30 0x00000000
core   0: 0x8000719c (0x02bdb1b3) mulhu   gp, s11, a1
core   0: 3 0x8000719c (0x02bdb1b3) x 3 0x00000000
core   0: 0x800071a0 (0x02bf41b3) div     gp, t5, a1
core   0: 3 0x800071a0 (0x02bf41b3) x 3 0x00000000
core   0: 0x800071a4 (0xd74a5337) lui     t1, 0xd74a5
core   0: 3 0x800071a4 (0xd74a5337) x 6 0xd74a5000
core   0: 0x800071a8 (0x03891233) mulh    tp, s2, s8
core   0: 3 0x800071a8 (0x03891233) x 4 0x00000000
core   0: 0x800071ac (0x032c4db3) div     s11, s8, s2
core   0: 3 0x800071ac (0x032c4db3) x27 0x00000000
core   0: 0x800071b0 (0x0731bf37) lui     t5, 0x731b
core   0: 3 0x800071b0 (0x0731bf37) x30 0x0731b000
core   0: 0x800071b4 (0x023631b3) mulhu   gp, a2, gp
core   0: 3 0x800071b4 (0x023631b3) x 3 0x00000000
core   0: 0x800071b8 (0x0241a633) mulhsu  a2, gp, tp
core   0: 3 0x800071b8 (0x0241a633) x12 0x00000000
core   0: 0x800071bc (0x0267dc33) divu    s8, a5, t1
core   0: 3 0x800071bc (0x0267dc33) x24 0x00000000
core   0: 0x800071c0 (0x00000001) c.nop
core   0: 3 0x800071c0 (0x0001)
core   0: 0x800071c2 (0x03b7cc33) div     s8, a5, s11
core   0: 3 0x800071c2 (0x03b7cc33) x24 0xffffffff
core   0: 0x800071c6 (0x41858f33) sub     t5, a1, s8
core   0: 3 0x800071c6 (0x41858f33) x30 0x00000000
core   0: 0x800071ca (0x02bda5b3) mulhsu  a1, s11, a1
core   0: 3 0x800071ca (0x02bda5b3) x11 0x00000000
core   0: 0x800071ce (0x02f371b3) remu    gp, t1, a5
core   0: 3 0x800071ce (0x02f371b3) x 3 0x574a5000
core   0: 0x800071d2 (0x79307993) andi    s3, zero, 1939
core   0: 3 0x800071d2 (0x79307993) x19 0x00000000
core   0: 0x800071d6 (0x018a5993) srli    s3, s4, 24
core   0: 3 0x800071d6 (0x018a5993) x19 0x00000000
core   0: 0x800071da (0x00008db5) c.xor   a1, a3
core   0: 3 0x800071da (0x8db5) x11 0x4c1beb17
core   0: 0x800071dc (0x00009f96) c.add   t6, t0
core   0: 3 0x800071dc (0x9f96) x31 0x00000001
core   0: 0x800071de (0x86696d93) ori     s11, s2, -1946
core   0: 3 0x800071de (0x86696d93) x27 0xffffffff
core   0: 0x800071e2 (0x00008ea9) c.xor   a3, a0
core   0: 3 0x800071e2 (0x8ea9) x13 0x4c1beb17
core   0: 0x800071e4 (0xcba13937) lui     s2, 0xcba13
core   0: 3 0x800071e4 (0xcba13937) x18 0xcba13000
core   0: 0x800071e8 (0x02c251b3) divu    gp, tp, a2
core   0: 3 0x800071e8 (0x02c251b3) x 3 0xffffffff
core   0: 0x800071ec (0x000059fd) c.li    s3, -1
core   0: 3 0x800071ec (0x59fd) x19 0xffffffff
core   0: 0x800071ee (0x00005c7d) c.li    s8, -1
core   0: 3 0x800071ee (0x5c7d) x24 0xffffffff
core   0: 0x800071f0 (0x00001dfd) c.addi  s11, -1
core   0: 3 0x800071f0 (0x1dfd) x27 0xfffffffe
core   0: 0x800071f2 (0x00a91a93) slli    s5, s2, 10
core   0: 3 0x800071f2 (0x00a91a93) x21 0x84c00000
core   0: 0x800071f6 (0x000006ea) c.slli  a3, 26
core   0: 3 0x800071f6 (0x06ea) x13 0x5c000000
core   0: 0x800071f8 (0x0000717d) c.addi16sp sp, -16
core   0: 3 0x800071f8 (0x717d) x 2 0x000000b0
core   0: 0x800071fa (0x00000f9c) c.addi4spn a5, sp, 976
core   0: 3 0x800071fa (0x0f9c) x15 0x00000480
core   0: 0x800071fc (0x00008d01) c.sub   a0, s0
core   0: 3 0x800071fc (0x8d01) x10 0xfffffffe
core   0: 0x800071fe (0x4015d213) srai    tp, a1, 1
core   0: 3 0x800071fe (0x4015d213) x 4 0x260df58b
core   0: 0x80007202 (0x0295f8b3) remu    a7, a1, s1
core   0: 3 0x80007202 (0x0295f8b3) x17 0x4c1beb17
core   0: 0x80007206 (0x41c28e33) sub     t3, t0, t3
core   0: 3 0x80007206 (0x41c28e33) x28 0xffffff2b
core   0: 0x8000720a (0x0072adb3) slt     s11, t0, t2
core   0: 3 0x8000720a (0x0072adb3) x27 0x00000000
core   0: 0x8000720e (0x17927413) andi    s0, tp, 377
core   0: 3 0x8000720e (0x17927413) x 8 0x00000109
core   0: 0x80007212 (0x000081d5) c.srli  a1, 21
core   0: 3 0x80007212 (0x81d5) x11 0x00000260
core   0: 0x80007214 (0x00001680) c.addi4spn s0, sp, 864
core   0: 3 0x80007214 (0x1680) x 8 0x00000410
core   0: 0x80007216 (0x00c21913) slli    s2, tp, 12
core   0: 3 0x80007216 (0x00c21913) x18 0xdf58b000
core   0: 0x8000721a (0x03a15fb3) divu    t6, sp, s10
core   0: 3 0x8000721a (0x03a15fb3) x31 0x00000001
core   0: 0x8000721e (0xe384c593) xori    a1, s1, -456
core   0: 3 0x8000721e (0xe384c593) x11 0x7fff005c
core   0: 0x80007222 (0x41315733) sra     a4, sp, s3
core   0: 3 0x80007222 (0x41315733) x14 0x00000000
core   0: 0x80007226 (0x00008e09) c.sub   a2, a0
core   0: 3 0x80007226 (0x8e09) x12 0x00000002
core   0: 0x80007228 (0x00009afd) c.andi  a3, -1
core   0: 3 0x80007228 (0x9afd) x13 0x5c000000
core   0: 0x8000722a (0x00008c51) c.or    s0, a2
core   0: 3 0x8000722a (0x8c51) x 8 0x00000412
core   0: 0x8000722c (0x00285793) srli    a5, a6, 2
core   0: 3 0x8000722c (0x00285793) x15 0x20004f39
core   0: 0x80007230 (0x00008e9d) c.sub   a3, a5
core   0: 3 0x80007230 (0x8e9d) x13 0x3bffb0c7
core   0: 0x80007232 (0x00008135) c.srli  a0, 13
core   0: 3 0x80007232 (0x8135) x10 0x0007ffff
core   0: 0x80007234 (0x034c0db3) mul     s11, s8, s4
core   0: 3 0x80007234 (0x034c0db3) x27 0x00000000
core   0: 0x80007238 (0x00ec1533) sll     a0, s8, a4
core   0: 3 0x80007238 (0x00ec1533) x10 0xffffffff
core   0: 0x8000723c (0xd9a30913) addi    s2, t1, -614
core   0: 3 0x8000723c (0xd9a30913) x18 0xd74a4d9a
core   0: 0x80007240 (0x9da26c13) ori     s8, tp, -1574
core   0: 3 0x80007240 (0x9da26c13) x24 0xfffffddb
core   0: 0x80007244 (0x00000519) c.addi  a0, 6
core   0: 3 0x80007244 (0x0519) x10 0x00000005
core   0: 0x80007246 (0x033c3333) mulhu   t1, s8, s3
core   0: 3 0x80007246 (0x033c3333) x 6 0xfffffdda
core   0: 0x8000724a (0x01071593) slli    a1, a4, 16
core   0: 3 0x8000724a (0x01071593) x11 0x00000000
core   0: 0x8000724e (0x00006145) c.addi16sp sp, 48
core   0: 3 0x8000724e (0x6145) x 2 0x000000e0
core   0: 0x80007250 (0xa8d94a37) lui     s4, 0xa8d94
core   0: 3 0x80007250 (0xa8d94a37) x20 0xa8d94000
core   0: 0x80007254 (0x03f868b3) rem     a7, a6, t6
core   0: 3 0x80007254 (0x03f868b3) x17 0x00000000
core   0: 0x80007258 (0x0298be33) mulhu   t3, a7, s1
core   0: 3 0x80007258 (0x0298be33) x28 0x00000000
core   0: 0x8000725c (0x00491693) slli    a3, s2, 4
core   0: 3 0x8000725c (0x00491693) x13 0x74a4d9a0
core   0: 0x80007260 (0x00be3c33) sltu    s8, t3, a1
core   0: 3 0x80007260 (0x00be3c33) x24 0x00000000
core   0: 0x80007264 (0x03aa4933) div     s2, s4, s10
core   0: 3 0x80007264 (0x03aa4933) x18 0xff51b280
core   0: 0x80007268 (0x03582f33) mulhsu  t5, a6, s5
core   0: 3 0x80007268 (0x03582f33) x30 0xbda0a453
core   0: 0x8000726c (0x01afafb3) slt     t6, t6, s10
core   0: 3 0x8000726c (0x01afafb3) x31 0x00000001
core   0: 0x80007270 (0x00000c21) c.addi  s8, 8
core   0: 3 0x80007270 (0x0c21) x24 0x00000008
core   0: 0x80007272 (0x000086c9) c.srai  a3, 18
core   0: 3 0x80007272 (0x86c9) x13 0x00001d29
core   0: 0x80007274 (0x001f52b3) srl     t0, t5, ra
core   0: 3 0x80007274 (0x001f52b3) x 5 0x00017b41
core   0: 0x80007278 (0xa5856893) ori     a7, a0, -1448
core   0: 3 0x80007278 (0xa5856893) x17 0xfffffa5d
core   0: 0x8000727c (0x00008f15) c.sub   a4, a3
core   0: 3 0x8000727c (0x8f15) x14 0xffffe2d7
core   0: 0x8000727e (0x00008d9d) c.sub   a1, a5
core   0: 3 0x8000727e (0x8d9d) x11 0xdfffb0c7
core   0: 0x80007280 (0x24b90413) addi    s0, s2, 587
core   0: 3 0x80007280 (0x24b90413) x 8 0xff51b4cb
core   0: 0x80007284 (0x030fedb3) rem     s11, t6, a6
core   0: 3 0x80007284 (0x030fedb3) x27 0x00000001
core   0: 0x80007288 (0x01e93a33) sltu    s4, s2, t5
core   0: 3 0x80007288 (0x01e93a33) x20 0x00000000
core   0: 0x8000728c (0x00e052b3) srl     t0, zero, a4
core   0: 3 0x8000728c (0x00e052b3) x 5 0x00000000
core   0: 0x80007290 (0x00008f79) c.and   a4, a4
core   0: 3 0x80007290 (0x8f79) x14 0xffffe2d7
core   0: 0x80007292 (0x03a1a033) mulhsu  zero, gp, s10
core   0: 3 0x80007292 (0x03a1a033)
core   0: 0x80007296 (0x242ce413) ori     s0, s9, 578
core   0: 3 0x80007296 (0x242ce413) x 8 0x00000242
core   0: 0x8000729a (0x000018fd) c.addi  a7, -1
core   0: 3 0x8000729a (0x18fd) x17 0xfffffa5c
core   0: 0x8000729c (0x03f50533) mul     a0, a0, t6
core   0: 3 0x8000729c (0x03f50533) x10 0x00000005
core   0: 0x800072a0 (0xe80c6697) auipc   a3, 0xe80c6
core   0: 3 0x800072a0 (0xe80c6697) x13 0x680cd2a0
core   0: 0x800072a4 (0x02d4b033) mulhu   zero, s1, a3
core   0: 3 0x800072a4 (0x02d4b033)
core   0: 0x800072a8 (0x41165993) srai    s3, a2, 17
core   0: 3 0x800072a8 (0x41165993) x19 0x00000000
core   0: 0x800072ac (0x007db5b3) sltu    a1, s11, t2
core   0: 3 0x800072ac (0x007db5b3) x11 0x00000000
core   0: 0x800072b0 (0x02d55733) divu    a4, a0, a3
core   0: 3 0x800072b0 (0x02d55733) x14 0x00000000
core   0: 0x800072b4 (0xfcc54193) xori    gp, a0, -52
core   0: 3 0x800072b4 (0xfcc54193) x 3 0xffffffc9
core   0: 0x800072b8 (0x025e95b3) mulh    a1, t4, t0
core   0: 3 0x800072b8 (0x025e95b3) x11 0x00000000
core   0: 0x800072bc (0x3a158b93) addi    s7, a1, 929
core   0: 3 0x800072bc (0x3a158b93) x23 0x000003a1
core   0: 0x800072c0 (0x01b95eb3) srl     t4, s2, s11
core   0: 3 0x800072c0 (0x01b95eb3) x29 0x7fa8d940
core   0: 0x800072c4 (0x5e8c4d13) xori    s10, s8, 1512
core   0: 3 0x800072c4 (0x5e8c4d13) x26 0x000005e0
core   0: 0x800072c8 (0x00004505) c.li    a0, 1
core   0: 3 0x800072c8 (0x4505) x10 0x00000001
core   0: 0x800072ca (0x00aca8b3) slt     a7, s9, a0
core   0: 3 0x800072ca (0x00aca8b3) x17 0x00000001
core   0: 0x800072ce (0x00008d19) c.sub   a0, a4
core   0: 3 0x800072ce (0x8d19) x10 0x00000001
core   0: 0x800072d0 (0x02536933) rem     s2, t1, t0
core   0: 3 0x800072d0 (0x02536933) x18 0xfffffdda
core   0: 0x800072d4 (0x00000001) c.nop
core   0: 3 0x800072d4 (0x0001)
core   0: 0x800072d6 (0x7d2dae37) lui     t3, 0x7d2da
core   0: 3 0x800072d6 (0x7d2dae37) x28 0x7d2da000
core   0: 0x800072da (0x00008d49) c.or    a0, a0
core   0: 3 0x800072da (0x8d49) x10 0x00000001
core   0: 0x800072dc (0x03bdbc33) mulhu   s8, s11, s11
core   0: 3 0x800072dc (0x03bdbc33) x24 0x00000000
core   0: 0x800072e0 (0x103fb013) sltiu   zero, t6, 259
core   0: 3 0x800072e0 (0x103fb013)
core   0: 0x800072e4 (0x0077f0b3) and     ra, a5, t2
core   0: 3 0x800072e4 (0x0077f0b3) x 1 0x00000000
core   0: 0x800072e8 (0x00008e3d) c.xor   a2, a5
core   0: 3 0x800072e8 (0x8e3d) x12 0x20004f3b
core   0: 0x800072ea (0x033a6033) rem     zero, s4, s3
core   0: 3 0x800072ea (0x033a6033)
core   0: 0x800072ee (0x026b32b3) mulhu   t0, s6, t1
core   0: 3 0x800072ee (0x026b32b3) x 5 0x00000000
core   0: 0x800072f2 (0x000048b1) c.li    a7, 12
core   0: 3 0x800072f2 (0x48b1) x17 0x0000000c
core   0: 0x800072f4 (0x0000179c) c.addi4spn a5, sp, 992
core   0: 3 0x800072f4 (0x179c) x15 0x000004c0
core   0: 0x800072f6 (0x00001088) c.addi4spn a0, sp, 96
core   0: 3 0x800072f6 (0x1088) x10 0x00000140
core   0: 0x800072f8 (0x00000001) c.nop
core   0: 3 0x800072f8 (0x0001)
core   0: 0x800072fa (0x01fae733) or      a4, s5, t6
core   0: 3 0x800072fa (0x01fae733) x14 0x84c00001
core   0: 0x800072fe (0x0f143793) sltiu   a5, s0, 241
core   0: 3 0x800072fe (0x0f143793) x15 0x00000000
core   0: 0x80007302 (0x01622733) slt     a4, tp, s6
core   0: 3 0x80007302 (0x01622733) x14 0x00000000
core   0: 0x80007306 (0x00008e21) c.xor   a2, s0
core   0: 3 0x80007306 (0x8e21) x12 0x20004d79
core   0: 0x80007308 (0x03f3beb3) mulhu   t4, t2, t6
core   0: 3 0x80007308 (0x03f3beb3) x29 0x00000000
core   0: 0x8000730c (0x0000925e) c.add   tp, s7
core   0: 3 0x8000730c (0x925e) x 4 0x260df92c
core   0: 0x8000730e (0x00008ed5) c.or    a3, a3
core   0: 3 0x8000730e (0x8ed5) x13 0x680cd2a0
core   0: 0x80007310 (0x00dbca33) xor     s4, s7, a3
core   0: 3 0x80007310 (0x00dbca33) x20 0x680cd101
core   0: 0x80007314 (0x41485b93) srai    s7, a6, 20
core   0: 3 0x80007314 (0x41485b93) x23 0xfffff800
core   0: 0x80007318 (0x0000887d) c.andi  s0, 31
core   0: 3 0x80007318 (0x887d) x 8 0x00000002
core   0: 0x8000731a (0xbe712093) slti    ra, sp, -1049
core   0: 3 0x8000731a (0xbe712093) x 1 0x00000000
core   0: 0x8000731e (0x00008611) c.srai  a2, 4
core   0: 3 0x8000731e (0x8611) x12 0x020004d7
core   0: 0x80007320 (0x41acdc13) srai    s8, s9, 26
core   0: 3 0x80007320 (0x41acdc13) x24 0x00000000
core   0: 0x80007324 (0x404f0733) sub     a4, t5, tp
core   0: 3 0x80007324 (0x404f0733) x14 0x9792ab27
core   0: 0x80007328 (0xc1453993) sltiu   s3, a0, -1004
core   0: 3 0x80007328 (0xc1453993) x19 0x00000001
core   0: 0x8000732c (0x00000f14) c.addi4spn a3, sp, 912
core   0: 3 0x8000732c (0x0f14) x13 0x00000470
core   0: 0x8000732e (0x02526233) rem     tp, tp, t0
core   0: 3 0x8000732e (0x02526233) x 4 0x260df92c
core   0: 0x80007332 (0x8a2c4f93) xori    t6, s8, -1886
core   0: 3 0x80007332 (0x8a2c4f93) x31 0xfffff8a2
core   0: 0x80007336 (0x000085f9) c.srai  a1, 30
core   0: 3 0x80007336 (0x85f9) x11 0x00000000
core   0: 0x80007338 (0x0000929a) c.add   t0, t1
core   0: 3 0x80007338 (0x929a) x 5 0xfffffdda
core   0: 0x8000733a (0x03b496b3) mulh    a3, s1, s11
core   0: 3 0x8000733a (0x03b496b3) x13 0xffffffff
core   0: 0x8000733e (0x00000001) c.nop
core   0: 3 0x8000733e (0x0001)
core   0: 0x80007340 (0x00b3a933) slt     s2, t2, a1
core   0: 3 0x80007340 (0x00b3a933) x18 0x00000000
core   0: 0x80007344 (0xb1218413) addi    s0, gp, -1262
core   0: 3 0x80007344 (0xb1218413) x 8 0xfffffadb
core   0: 0x80007348 (0x0000828d) c.srli  a3, 3
core   0: 3 0x80007348 (0x828d) x13 0x1fffffff
core   0: 0x8000734a (0x0000616d) c.addi16sp sp, 240
core   0: 3 0x8000734a (0x616d) x 2 0x000001d0
core   0: 0x8000734c (0x003658b3) srl     a7, a2, gp
core   0: 3 0x8000734c (0x003658b3) x17 0x00010002
core   0: 0x80007350 (0xf4f54f93) xori    t6, a0, -177
core   0: 3 0x80007350 (0xf4f54f93) x31 0xfffffe0f
core   0: 0x80007354 (0x3d12d297) auipc   t0, 0x3d12d
core   0: 3 0x80007354 (0x3d12d297) x 5 0xbd134354
core   0: 0x80007358 (0x00a08d33) add     s10, ra, a0
core   0: 3 0x80007358 (0x00a08d33) x26 0x00000140
core   0: 0x8000735c (0x0000823e) c.mv    tp, a5
core   0: 3 0x8000735c (0x823e) x 4 0x00000000
core   0: 0x8000735e (0x027f5133) divu    sp, t5, t2
core   0: 3 0x8000735e (0x027f5133) x 2 0xffffffff
core   0: 0x80007362 (0x01955133) srl     sp, a0, s9
core   0: 3 0x80007362 (0x01955133) x 2 0x00000140
core   0: 0x80007366 (0x00008eb5) c.xor   a3, a3
core   0: 3 0x80007366 (0x8eb5) x13 0x00000000
core   0: 0x80007368 (0x00008e69) c.and   a2, a0
core   0: 3 0x80007368 (0x8e69) x12 0x00000040
core   0: 0x8000736a (0x029232b3) mulhu   t0, tp, s1
core   0: 3 0x8000736a (0x029232b3) x 5 0x00000000
core   0: 0x8000736e (0x01e66db3) or      s11, a2, t5
core   0: 3 0x8000736e (0x01e66db3) x27 0xbda0a453
core   0: 0x80007372 (0x41965093) srai    ra, a2, 25
core   0: 3 0x80007372 (0x41965093) x 1 0x00000000
core   0: 0x80007376 (0x00000001) c.nop
core   0: 3 0x80007376 (0x0001)
core   0: 0x80007378 (0x1c3fa413) slti    s0, t6, 451
core   0: 3 0x80007378 (0x1c3fa413) x 8 0x00000001
core   0: 0x8000737c (0xc1f16f93) ori     t6, sp, -993
core   0: 3 0x8000737c (0xc1f16f93) x31 0xfffffd5f
core   0: 0x80007380 (0xda7c8893) addi    a7, s9, -601
core   0: 3 0x80007380 (0xda7c8893) x17 0xfffffda7
core   0: 0x80007384 (0x00ae2db3) slt     s11, t3, a0
core   0: 3 0x80007384 (0x00ae2db3) x27 0x00000000
core   0: 0x80007388 (0x00008b0d) c.andi  a4, 3
core   0: 3 0x80007388 (0x8b0d) x14 0x00000003
core   0: 0x8000738a (0x00008d8d) c.sub   a1, a1
core   0: 3 0x8000738a (0x8d8d) x11 0x00000000
core   0: 0x8000738c (0x00008d75) c.and   a0, a3
core   0: 3 0x8000738c (0x8d75) x10 0x00000000
core   0: 0x8000738e (0x408d08b3) sub     a7, s10, s0
core   0: 3 0x8000738e (0x408d08b3) x17 0x0000013f
core   0: 0x80007392 (0xd3ba4697) auipc   a3, 0xd3ba4
core   0: 3 0x80007392 (0xd3ba4697) x13 0x53bab392
core   0: 0x80007396 (0x01470f33) add     t5, a4, s4
core   0: 3 0x80007396 (0x01470f33) x30 0x680cd104
core   0: 0x8000739a (0x00009f7a) c.add   t5, t5
core   0: 3 0x8000739a (0x9f7a) x30 0xd019a208
core   0: 0x8000739c (0x47b72793) slti    a5, a4, 1147
core   0: 3 0x8000739c (0x47b72793) x15 0x00000001
core   0: 0x800073a0 (0x00000ee6) c.slli  t4, 25
core   0: 3 0x800073a0 (0x0ee6) x29 0x00000000
core   0: 0x800073a2 (0x00d41613) slli    a2, s0, 13
core   0: 3 0x800073a2 (0x00d41613) x12 0x00002000
core   0: 0x800073a6 (0x00000001) c.nop
core   0: 3 0x800073a6 (0x0001)
core   0: 0x800073a8 (0x0147b933) sltu    s2, a5, s4
core   0: 3 0x800073a8 (0x0147b933) x18 0x00000001
core   0: 0x800073ac (0x40e70eb3) sub     t4, a4, a4
core   0: 3 0x800073ac (0x40e70eb3) x29 0x00000000
core   0: 0x800073b0 (0x00c856b3) srl     a3, a6, a2
core   0: 3 0x800073b0 (0x00c856b3) x13 0x80013ce4
core   0: 0x800073b4 (0x000047c9) c.li    a5, 18
core   0: 3 0x800073b4 (0x47c9) x15 0x00000012
core   0: 0x800073b6 (0x0000839d) c.srli  a5, 7
core   0: 3 0x800073b6 (0x839d) x15 0x00000000
core   0: 0x800073b8 (0x242c58b7) lui     a7, 0x242c5
core   0: 3 0x800073b8 (0x242c58b7) x17 0x242c5000
core   0: 0x800073bc (0x0094a433) slt     s0, s1, s1
core   0: 3 0x800073bc (0x0094a433) x 8 0x00000000
core   0: 0x800073c0 (0x01df9013) slli    zero, t6, 29
core   0: 3 0x800073c0 (0x01df9013)
core   0: 0x800073c4 (0x016300b3) add     ra, t1, s6
core   0: 3 0x800073c4 (0x016300b3) x 1 0xfffffdda
core   0: 0x800073c8 (0x0146d8b3) srl     a7, a3, s4
core   0: 3 0x800073c8 (0x0146d8b3) x17 0x40009e72
core   0: 0x800073cc (0x97309e17) auipc   t3, 0x97309
core   0: 3 0x800073cc (0x97309e17) x28 0x173103cc
core   0: 0x800073d0 (0x000086d1) c.srai  a3, 20
core   0: 3 0x800073d0 (0x86d1) x13 0xfffff800
core   0: 0x800073d2 (0x0000197d) c.addi  s2, -1
core   0: 3 0x800073d2 (0x197d) x18 0x00000000
core   0: 0x800073d4 (0x00008f79) c.and   a4, a4
core   0: 3 0x800073d4 (0x8f79) x14 0x00000003
core   0: 0x800073d6 (0x406c06b3) sub     a3, s8, t1
core   0: 3 0x800073d6 (0x406c06b3) x13 0x00000226
core   0: 0x800073da (0x41175ab3) sra     s5, a4, a7
core   0: 3 0x800073da (0x41175ab3) x21 0x00000000
core   0: 0x800073de (0x2aa00593) li      a1, 682
core   0: 3 0x800073de (0x2aa00593) x11 0x000002aa
core   0: 0x800073e2 (0x0187fa33) and     s4, a5, s8
core   0: 3 0x800073e2 (0x0187fa33) x20 0x00000000
core   0: 0x800073e6 (0x02a9bbb3) mulhu   s7, s3, a0
core   0: 3 0x800073e6 (0x02a9bbb3) x23 0x00000000
core   0: 0x800073ea (0x00f380b3) add     ra, t2, a5
core   0: 3 0x800073ea (0x00f380b3) x 1 0x00000000
core   0: 0x800073ee (0x00008b6d) c.andi  a4, 27
core   0: 3 0x800073ee (0x8b6d) x14 0x00000003
core   0: 0x800073f0 (0x41050233) sub     tp, a0, a6
core   0: 3 0x800073f0 (0x41050233) x 4 0x7ffec31c
core   0: 0x800073f4 (0x000061ad) c.lui   gp, 0xb
core   0: 3 0x800073f4 (0x61ad) x 3 0x0000b000
core   0: 0x800073f6 (0x17beb137) lui     sp, 0x17beb
core   0: 3 0x800073f6 (0x17beb137) x 2 0x17beb000
core   0: 0x800073fa (0x00006665) c.lui   a2, 0x19
core   0: 3 0x800073fa (0x6665) x12 0x00019000
core   0: 0x800073fc (0x01d968b3) or      a7, s2, t4
core   0: 3 0x800073fc (0x01d968b3) x17 0x00000000
core   0: 0x80007400 (0x02a10733) mul     a4, sp, a0
core   0: 3 0x80007400 (0x02a10733) x14 0x00000000
core   0: 0x80007404 (0xb8dd7d93) andi    s11, s10, -1139
core   0: 3 0x80007404 (0xb8dd7d93) x27 0x00000100
core   0: 0x80007408 (0x031d47b3) div     a5, s10, a7
core   0: 3 0x80007408 (0x031d47b3) x15 0xffffffff
core   0: 0x8000740c (0x0345ceb3) div     t4, a1, s4
core   0: 3 0x8000740c (0x0345ceb3) x29 0xffffffff
core   0: 0x80007410 (0x00008399) c.srli  a5, 6
core   0: 3 0x80007410 (0x8399) x15 0x03ffffff
core   0: 0x80007412 (0xbca7e393) ori     t2, a5, -1078
core   0: 3 0x80007412 (0xbca7e393) x 7 0xffffffff
core   0: 0x80007416 (0x417481b3) sub     gp, s1, s7
core   0: 3 0x80007416 (0x417481b3) x 3 0x8000fe64
core   0: 0x8000741a (0x0005b233) sltu    tp, a1, zero
core   0: 3 0x8000741a (0x0005b233) x 4 0x00000000
core   0: 0x8000741e (0x5f9fad93) slti    s11, t6, 1529
core   0: 3 0x8000741e (0x5f9fad93) x27 0x00000001
core   0: 0x80007422 (0x015d6ab3) or      s5, s10, s5
core   0: 3 0x80007422 (0x015d6ab3) x21 0x00000140
core   0: 0x80007426 (0x022c77b3) remu    a5, s8, sp
core   0: 3 0x80007426 (0x022c77b3) x15 0x00000000
core   0: 0x8000742a (0x000046c5) c.li    a3, 17
core   0: 3 0x8000742a (0x46c5) x13 0x00000011
core   0: 0x8000742c (0x017e4d33) xor     s10, t3, s7
core   0: 3 0x8000742c (0x017e4d33) x26 0x173103cc
core   0: 0x80007430 (0x00000475) c.addi  s0, 29
core   0: 3 0x80007430 (0x0475) x 8 0x0000001d
core   0: 0x80007432 (0xd92bc213) xori    tp, s7, -622
core   0: 3 0x80007432 (0xd92bc213) x 4 0xfffffd92
core   0: 0x80007436 (0x00004785) c.li    a5, 1
core   0: 3 0x80007436 (0x4785) x15 0x00000001
core   0: 0x80007438 (0x346f2c17) auipc   s8, 0x346f2
core   0: 3 0x80007438 (0x346f2c17) x24 0xb46f9438
core   0: 0x8000743c (0x5273f893) andi    a7, t2, 1319
core   0: 3 0x8000743c (0x5273f893) x17 0x00000527
core   0: 0x80007440 (0x00006155) c.addi16sp sp, 304
core   0: 3 0x80007440 (0x6155) x 2 0x17beb130
core   0: 0x80007442 (0x00004449) c.li    s0, 18
core   0: 3 0x80007442 (0x4449) x 8 0x00000012
core   0: 0x80007444 (0x00008f91) c.sub   a5, a2
core   0: 3 0x80007444 (0x8f91) x15 0xfffe7001
core   0: 0x80007446 (0x00008c15) c.sub   s0, a3
core   0: 3 0x80007446 (0x8c15) x 8 0x00000001
core   0: 0x80007448 (0xceb608b7) lui     a7, 0xceb60
core   0: 3 0x80007448 (0xceb608b7) x17 0xceb60000
core   0: 0x8000744c (0x0292d033) divu    zero, t0, s1
core   0: 3 0x8000744c (0x0292d033)
core   0: 0x80007450 (0x000016fd) c.addi  a3, -1
core   0: 3 0x80007450 (0x16fd) x13 0x00000010
core   0: 0x80007452 (0x7c90fb13) andi    s6, ra, 1993
core   0: 3 0x80007452 (0x7c90fb13) x22 0x00000000
core   0: 0x80007456 (0x5c82fe93) andi    t4, t0, 1480
core   0: 3 0x80007456 (0x5c82fe93) x29 0x00000000
core   0: 0x8000745a (0x03e9b6b3) mulhu   a3, s3, t5
core   0: 3 0x8000745a (0x03e9b6b3) x13 0x00000000
core   0: 0x8000745e (0x32e22693) slti    a3, tp, 814
core   0: 3 0x8000745e (0x32e22693) x13 0x00000001
core   0: 0x80007462 (0x00e7bc33) sltu    s8, a5, a4
core   0: 3 0x80007462 (0x00e7bc33) x24 0x00000000
core   0: 0x80007466 (0x17b0e297) auipc   t0, 0x17b0e
core   0: 3 0x80007466 (0x17b0e297) x 5 0x97b15466
core   0: 0x8000746a (0x029ea3b3) mulhsu  t2, t4, s1
core   0: 3 0x8000746a (0x029ea3b3) x 7 0x00000000
core   0: 0x8000746e (0xbda80913) addi    s2, a6, -1062
core   0: 3 0x8000746e (0xbda80913) x18 0x800138be
core   0: 0x80007472 (0x01d7b7b3) sltu    a5, a5, t4
core   0: 3 0x80007472 (0x01d7b7b3) x15 0x00000000
core   0: 0x80007476 (0x01be9d13) slli    s10, t4, 27
core   0: 3 0x80007476 (0x01be9d13) x26 0x00000000
core   0: 0x8000747a (0x01cd1033) sll     zero, s10, t3
core   0: 3 0x8000747a (0x01cd1033)
core   0: 0x8000747e (0x00008f91) c.sub   a5, a2
core   0: 3 0x8000747e (0x8f91) x15 0xfffe7000
core   0: 0x80007480 (0x01d6a233) slt     tp, a3, t4
core   0: 3 0x80007480 (0x01d6a233) x 4 0x00000000
core   0: 0x80007484 (0x00009f66) c.add   t5, s9
core   0: 3 0x80007484 (0x9f66) x30 0xd019a208
core   0: 0x80007486 (0xb27e3113) sltiu   sp, t3, -1241
core   0: 3 0x80007486 (0xb27e3113) x 2 0x00000001
core   0: 0x8000748a (0x00008fc5) c.or    a5, s1
core   0: 3 0x8000748a (0x8fc5) x15 0xfffefe64
core   0: 0x8000748c (0x0000717d) c.addi16sp sp, -16
core   0: 3 0x8000748c (0x717d) x 2 0xfffffff1
core   0: 0x8000748e (0x1ba1e137) lui     sp, 0x1ba1e
core   0: 3 0x8000748e (0x1ba1e137) x 2 0x1ba1e000
core   0: 0x80007492 (0x025108b3) mul     a7, sp, t0
core   0: 3 0x80007492 (0x025108b3) x17 0xffff4000
core   0: 0x80007496 (0x00d6d093) srli    ra, a3, 13
core   0: 3 0x80007496 (0x00d6d093) x 1 0x00000000
core   0: 0x8000749a (0x000087f1) c.srai  a5, 28
core   0: 3 0x8000749a (0x87f1) x15 0xffffffff
core   0: 0x8000749c (0x00009bfd) c.andi  a5, -1
core   0: 3 0x8000749c (0x9bfd) x15 0xffffffff
core   0: 0x8000749e (0x00008dcd) c.or    a1, a1
core   0: 3 0x8000749e (0x8dcd) x11 0x000002aa
core   0: 0x800074a0 (0x6b936093) ori     ra, t1, 1721
core   0: 3 0x800074a0 (0x6b936093) x 1 0xfffffffb
core   0: 0x800074a4 (0x00000001) c.nop
core   0: 3 0x800074a4 (0x0001)
core   0: 0x800074a6 (0x000040c1) c.li    ra, 16
core   0: 3 0x800074a6 (0x40c1) x 1 0x00000010
core   0: 0x800074a8 (0x13722193) slti    gp, tp, 311
core   0: 3 0x800074a8 (0x13722193) x 3 0x00000001
core   0: 0x800074ac (0x405f0ab3) sub     s5, t5, t0
core   0: 3 0x800074ac (0x405f0ab3) x21 0x38684da2
core   0: 0x800074b0 (0x00000001) c.nop
core   0: 3 0x800074b0 (0x0001)
core   0: 0x800074b2 (0x492afe93) andi    t4, s5, 1170
core   0: 3 0x800074b2 (0x492afe93) x29 0x00000482
core   0: 0x800074b6 (0x00000e14) c.addi4spn a3, sp, 784
core   0: 3 0x800074b6 (0x0e14) x13 0x1ba1e310
core   0: 0x800074b8 (0x1a26f593) andi    a1, a3, 418
core   0: 3 0x800074b8 (0x1a26f593) x11 0x00000100
core   0: 0x800074bc (0xe49a3293) sltiu   t0, s4, -439
core   0: 3 0x800074bc (0xe49a3293) x 5 0x00000001
core   0: 0x800074c0 (0x4babcfb7) lui     t6, 0x4babc
core   0: 3 0x800074c0 (0x4babcfb7) x31 0x4babc000
core   0: 0x800074c4 (0x22572f13) slti    t5, a4, 549
core   0: 3 0x800074c4 (0x22572f13) x30 0x00000001
core   0: 0x800074c8 (0x1ee0a593) slti    a1, ra, 494
core   0: 3 0x800074c8 (0x1ee0a593) x11 0x00000001
core   0: 0x800074cc (0x00009dae) c.add   s11, a1
core   0: 3 0x800074cc (0x9dae) x27 0x00000002
core   0: 0x800074ce (0x01321313) slli    t1, tp, 19
core   0: 3 0x800074ce (0x01321313) x 6 0x00000000
core   0: 0x800074d2 (0x035758b3) divu    a7, a4, s5
core   0: 3 0x800074d2 (0x035758b3) x17 0x00000000
core   0: 0x800074d6 (0xe3c3bf17) auipc   t5, 0xe3c3b
core   0: 3 0x800074d6 (0xe3c3bf17) x30 0x63c424d6
core   0: 0x800074da (0x0000074e) c.slli  a4, 19
core   0: 3 0x800074da (0x074e) x14 0x00000000
core   0: 0x800074dc (0x0b78f113) andi    sp, a7, 183
core   0: 3 0x800074dc (0x0b78f113) x 2 0x00000000
core   0: 0x800074e0 (0x00000e1e) c.slli  t3, 7
core   0: 3 0x800074e0 (0x0e1e) x28 0x9881e600
core   0: 0x800074e2 (0x000008ba) c.slli  a7, 14
core   0: 3 0x800074e2 (0x08ba) x17 0x00000000
core   0: 0x800074e4 (0x01be9533) sll     a0, t4, s11
core   0: 3 0x800074e4 (0x01be9533) x10 0x00001208
core   0: 0x800074e8 (0x00008eb5) c.xor   a3, a3
core   0: 3 0x800074e8 (0x8eb5) x13 0x00000000
core   0: 0x800074ea (0x03cecf33) div     t5, t4, t3
core   0: 3 0x800074ea (0x03cecf33) x30 0x00000000
core   0: 0x800074ee (0x03102133) mulhsu  sp, zero, a7
core   0: 3 0x800074ee (0x03102133) x 2 0x00000000
core   0: 0x800074f2 (0x0377fa33) remu    s4, a5, s7
core   0: 3 0x800074f2 (0x0377fa33) x20 0xffffffff
core   0: 0x800074f6 (0x00000001) c.nop
core   0: 3 0x800074f6 (0x0001)
core   0: 0x800074f8 (0x00f69793) slli    a5, a3, 15
core   0: 3 0x800074f8 (0x00f69793) x15 0x00000000
core   0: 0x800074fc (0x00001b18) c.addi4spn a4, sp, 432
core   0: 3 0x800074fc (0x1b18) x14 0x000001b0
core   0: 0x800074fe (0x000171b3) and     gp, sp, zero
core   0: 3 0x800074fe (0x000171b3) x 3 0x00000000
core   0: 0x80007502 (0xef613b93) sltiu   s7, sp, -266
core   0: 3 0x80007502 (0xef613b93) x23 0x00000001
core   0: 0x80007506 (0x00000001) c.nop
core   0: 3 0x80007506 (0x0001)
core   0: 0x80007508 (0x017ea333) slt     t1, t4, s7
core   0: 3 0x80007508 (0x017ea333) x 6 0x00000000
core   0: 0x8000750c (0x40520133) sub     sp, tp, t0
core   0: 3 0x8000750c (0x40520133) x 2 0xffffffff
core   0: 0x80007510 (0x0000872a) c.mv    a4, a0
core   0: 3 0x80007510 (0x872a) x14 0x00001208
core   0: 0x80007512 (0x01d05433) srl     s0, zero, t4
core   0: 3 0x80007512 (0x01d05433) x 8 0x00000000
core   0: 0x80007516 (0x94376113) ori     sp, a4, -1725
core   0: 3 0x80007516 (0x94376113) x 2 0xfffffb4b
core   0: 0x8000751a (0x00ad9b33) sll     s6, s11, a0
core   0: 3 0x8000751a (0x00ad9b33) x22 0x00000200
core   0: 0x8000751e (0x029a2ab3) mulhsu  s5, s4, s1
core   0: 3 0x8000751e (0x029a2ab3) x21 0xffffffff
core   0: 0x80007522 (0x03010ab3) mul     s5, sp, a6
core   0: 3 0x80007522 (0x03010ab3) x21 0x7a2c62cc
core   0: 0x80007526 (0x004645b3) xor     a1, a2, tp
core   0: 3 0x80007526 (0x004645b3) x11 0x00019000
core   0: 0x8000752a (0x408b0533) sub     a0, s6, s0
core   0: 3 0x8000752a (0x408b0533) x10 0x00000200
core   0: 0x8000752e (0x7e382f13) slti    t5, a6, 2019
core   0: 3 0x8000752e (0x7e382f13) x30 0x00000001
core   0: 0x80007532 (0x0000611d) c.addi16sp sp, 416
core   0: 3 0x80007532 (0x611d) x 2 0xfffffceb
core   0: 0x80007534 (0x00fb01b3) add     gp, s6, a5
core   0: 3 0x80007534 (0x00fb01b3) x 3 0x00000200
core   0: 0x80007538 (0x40f151b3) sra     gp, sp, a5
core   0: 3 0x80007538 (0x40f151b3) x 3 0xfffffceb
core   0: 0x8000753c (0x03b98693) addi    a3, s3, 59
core   0: 3 0x8000753c (0x03b98693) x13 0x0000003c
core   0: 0x80007540 (0x00004bd9) c.li    s7, 22
core   0: 3 0x80007540 (0x4bd9) x23 0x00000016
core   0: 0x80007542 (0x40a45093) srai    ra, s0, 10
core   0: 3 0x80007542 (0x40a45093) x 1 0x00000000
core   0: 0x80007546 (0x00291013) slli    zero, s2, 2
core   0: 3 0x80007546 (0x00291013)
core   0: 0x8000754a (0x00001098) c.addi4spn a4, sp, 96
core   0: 3 0x8000754a (0x1098) x14 0xfffffd4b
core   0: 0x8000754c (0x7c710397) auipc   t2, 0x7c710
core   0: 3 0x8000754c (0x7c710397) x 7 0xfc71754c
core   0: 0x80007550 (0x02323733) mulhu   a4, tp, gp
core   0: 3 0x80007550 (0x02323733) x14 0x00000000
core   0: 0x80007554 (0x00008709) c.srai  a4, 2
core   0: 3 0x80007554 (0x8709) x14 0x00000000
core   0: 0x80007556 (0x00008e19) c.sub   a2, a4
core   0: 3 0x80007556 (0x8e19) x12 0x00019000
core   0: 0x80007558 (0x03fe0c33) mul     s8, t3, t6
core   0: 3 0x80007558 (0x03fe0c33) x24 0x0e800000
core   0: 0x8000755c (0x007ea8b3) slt     a7, t4, t2
core   0: 3 0x8000755c (0x007ea8b3) x17 0x00000000
core   0: 0x80007560 (0x02ce4c33) div     s8, t3, a2
core   0: 3 0x80007560 (0x02ce4c33) x24 0xffffbdc4
core   0: 0x80007564 (0x029853b3) divu    t2, a6, s1
core   0: 3 0x80007564 (0x029853b3) x 7 0x00000001
core   0: 0x80007568 (0x000e3233) sltu    tp, t3, zero
core   0: 3 0x80007568 (0x000e3233) x 4 0x00000000
core   0: 0x8000756c (0x03348bb3) mul     s7, s1, s3
core   0: 3 0x8000756c (0x03348bb3) x23 0x8000fe64
core   0: 0x80007570 (0x00008f6d) c.and   a4, a1
core   0: 3 0x80007570 (0x8f6d) x14 0x00000000
core   0: 0x80007572 (0x00008ead) c.xor   a3, a1
core   0: 3 0x80007572 (0x8ead) x13 0x0001903c
core   0: 0x80007574 (0xbb000913) li      s2, -1104
core   0: 3 0x80007574 (0xbb000913) x18 0xfffffbb0
core   0: 0x80007578 (0x00bc71b3) and     gp, s8, a1
core   0: 3 0x80007578 (0x00bc71b3) x 3 0x00019000
core   0: 0x8000757c (0x014f9a13) slli    s4, t6, 20
core   0: 3 0x8000757c (0x014f9a13) x20 0x00000000
core   0: 0x80007580 (0x01c860b3) or      ra, a6, t3
core   0: 3 0x80007580 (0x01c860b3) x 1 0x9881fee4
core   0: 0x80007584 (0x038cffb3) remu    t6, s9, s8
core   0: 3 0x80007584 (0x038cffb3) x31 0x00000000
core   0: 0x80007588 (0x0000040e) c.slli  s0, 3
core   0: 3 0x80007588 (0x040e) x 8 0x00000000
core   0: 0x8000758a (0x00e943b3) xor     t2, s2, a4
core   0: 3 0x8000758a (0x00e943b3) x 7 0xfffffbb0
core   0: 0x8000758e (0x00004be5) c.li    s7, 25
core   0: 3 0x8000758e (0x4be5) x23 0x00000019
core   0: 0x80007590 (0x005626b3) slt     a3, a2, t0
core   0: 3 0x80007590 (0x005626b3) x13 0x00000000
core   0: 0x80007594 (0x02b7bb33) mulhu   s6, a5, a1
core   0: 3 0x80007594 (0x02b7bb33) x22 0x00000000
core   0: 0x80007598 (0x0000612d) c.addi16sp sp, 224
core   0: 3 0x80007598 (0x612d) x 2 0xfffffdcb
core   0: 0x8000759a (0x006cfbb3) and     s7, s9, t1
core   0: 3 0x8000759a (0x006cfbb3) x23 0x00000000
core   0: 0x8000759e (0x130cbf93) sltiu   t6, s9, 304
core   0: 3 0x8000759e (0x130cbf93) x31 0x00000001
core   0: 0x800075a2 (0x00129993) slli    s3, t0, 1
core   0: 3 0x800075a2 (0x00129993) x19 0x00000002
core   0: 0x800075a6 (0x01267733) and     a4, a2, s2
core   0: 3 0x800075a6 (0x01267733) x14 0x00019000
core   0: 0x800075aa (0xbdcdfe13) andi    t3, s11, -1060
core   0: 3 0x800075aa (0xbdcdfe13) x28 0x00000000
core   0: 0x800075ae (0x02a6deb3) divu    t4, a3, a0
core   0: 3 0x800075ae (0x02a6deb3) x29 0x00000000
core   0: 0x800075b2 (0x000082f1) c.srli  a3, 28
core   0: 3 0x800075b2 (0x82f1) x13 0x00000000
core   0: 0x800075b4 (0x00008bdd) c.andi  a5, 23
core   0: 3 0x800075b4 (0x8bdd) x15 0x00000000
core   0: 0x800075b6 (0x0000997d) c.andi  a0, -1
core   0: 3 0x800075b6 (0x997d) x10 0x00000200
core   0: 0x800075b8 (0x00008519) c.srai  a0, 6
core   0: 3 0x800075b8 (0x8519) x10 0x00000008
core   0: 0x800075ba (0x67126893) ori     a7, tp, 1649
core   0: 3 0x800075ba (0x67126893) x17 0x00000671
core   0: 0x800075be (0x0248b0b3) mulhu   ra, a7, tp
core   0: 3 0x800075be (0x0248b0b3) x 1 0x00000000
core   0: 0x800075c2 (0x00000001) c.nop
core   0: 3 0x800075c2 (0x0001)
core   0: 0x800075c4 (0x413d0fb3) sub     t6, s10, s3
core   0: 3 0x800075c4 (0x413d0fb3) x31 0xfffffffe
core   0: 0x800075c8 (0x222e0e93) addi    t4, t3, 546
core   0: 3 0x800075c8 (0x222e0e93) x29 0x00000222
core   0: 0x800075cc (0x0000547d) c.li    s0, -1
core   0: 3 0x800075cc (0x547d) x 8 0xffffffff
core   0: 0x800075ce (0x03479733) mulh    a4, a5, s4
core   0: 3 0x800075ce (0x03479733) x14 0x00000000
core   0: 0x800075d2 (0x00008e89) c.sub   a3, a0
core   0: 3 0x800075d2 (0x8e89) x13 0xfffffff8
core   0: 0x800075d4 (0xa59cbb13) sltiu   s6, s9, -1447
core   0: 3 0x800075d4 (0xa59cbb13) x22 0x00000001
core   0: 0x800075d8 (0x03064eb3) div     t4, a2, a6
core   0: 3 0x800075d8 (0x03064eb3) x29 0x00000000
core   0: 0x800075dc (0x00008da5) c.xor   a1, s1
core   0: 3 0x800075dc (0x8da5) x11 0x80016e64
core   0: 0x800075de (0x40f30bb3) sub     s7, t1, a5
core   0: 3 0x800075de (0x40f30bb3) x23 0x00000000
core   0: 0x800075e2 (0x874cf913) andi    s2, s9, -1932
core   0: 3 0x800075e2 (0x874cf913) x18 0x00000000
core   0: 0x800075e6 (0x02c17033) remu    zero, sp, a2
core   0: 3 0x800075e6 (0x02c17033)
core   0: 0x800075ea (0x00000001) c.nop
core   0: 3 0x800075ea (0x0001)
core   0: 0x800075ec (0x012ab6b3) sltu    a3, s5, s2
core   0: 3 0x800075ec (0x012ab6b3) x13 0x00000000
core   0: 0x800075f0 (0x008c4f33) xor     t5, s8, s0
core   0: 3 0x800075f0 (0x008c4f33) x30 0x0000423b
core   0: 0x800075f4 (0x02d38a33) mul     s4, t2, a3
core   0: 3 0x800075f4 (0x02d38a33) x20 0x00000000
core   0: 0x800075f8 (0x0008c333) xor     t1, a7, zero
core   0: 3 0x800075f8 (0x0008c333) x 6 0x00000671
core   0: 0x800075fc (0x41c85093) srai    ra, a6, 28
core   0: 3 0x800075fc (0x41c85093) x 1 0xfffffff8
core   0: 0x80007600 (0x00006ea9) c.lui   t4, 0xa
core   0: 3 0x80007600 (0x6ea9) x29 0x0000a000
core   0: 0x80007602 (0x00008dfd) c.and   a1, a5
core   0: 3 0x80007602 (0x8dfd) x11 0x00000000
core   0: 0x80007604 (0x405ed013) srai    zero, t4, 5
core   0: 3 0x80007604 (0x405ed013)
core   0: 0x80007608 (0x00008d1d) c.sub   a0, a5
core   0: 3 0x80007608 (0x8d1d) x10 0x00000008
core   0: 0x8000760a (0x00000505) c.addi  a0, 1
core   0: 3 0x8000760a (0x0505) x10 0x00000009
core   0: 0x8000760c (0x00214ab3) xor     s5, sp, sp
core   0: 3 0x8000760c (0x00214ab3) x21 0x00000000
core   0: 0x80007610 (0x018178b3) and     a7, sp, s8
core   0: 3 0x80007610 (0x018178b3) x17 0xffffbdc0
core   0: 0x80007614 (0x40bfda93) srai    s5, t6, 11
core   0: 3 0x80007614 (0x40bfda93) x21 0xffffffff
core   0: 0x80007618 (0x00001b98) c.addi4spn a4, sp, 496
core   0: 3 0x80007618 (0x1b98) x14 0xffffffbb
core   0: 0x8000761a (0x00008c71) c.and   s0, a2
core   0: 3 0x8000761a (0x8c71) x 8 0x00019000
core   0: 0x8000761c (0x00061093) slli    ra, a2, 0
core   0: 3 0x8000761c (0x00061093) x 1 0x00019000
core   0: 0x80007620 (0x01090c33) add     s8, s2, a6
core   0: 3 0x80007620 (0x01090c33) x24 0x80013ce4
core   0: 0x80007624 (0x03894e33) div     t3, s2, s8
core   0: 3 0x80007624 (0x03894e33) x28 0x00000000
core   0: 0x80007628 (0x010a9513) slli    a0, s5, 16
core   0: 3 0x80007628 (0x010a9513) x10 0xffff0000
core   0: 0x8000762c (0x01104433) xor     s0, zero, a7
core   0: 3 0x8000762c (0x01104433) x 8 0xffffbdc0
core   0: 0x80007630 (0x00006909) c.lui   s2, 0x2
core   0: 3 0x80007630 (0x6909) x18 0x00002000
core   0: 0x80007632 (0xe4fc3b93) sltiu   s7, s8, -433
core   0: 3 0x80007632 (0xe4fc3b93) x23 0x00000001
core   0: 0x80007636 (0x03d523b3) mulhsu  t2, a0, t4
core   0: 3 0x80007636 (0x03d523b3) x 7 0xffffffff
core   0: 0x8000763a (0x02a2bc33) mulhu   s8, t0, a0
core   0: 3 0x8000763a (0x02a2bc33) x24 0x00000000
core   0: 0x8000763e (0x000082fd) c.srli  a3, 31
core   0: 3 0x8000763e (0x82fd) x13 0x00000000
core   0: 0x80007640 (0x00008605) c.srai  a2, 1
core   0: 3 0x80007640 (0x8605) x12 0x0000c800
core   0: 0x80007642 (0x72d3a513) slti    a0, t2, 1837
core   0: 3 0x80007642 (0x72d3a513) x10 0x00000001
core   0: 0x80007646 (0x68c1fa13) andi    s4, gp, 1676
core   0: 3 0x80007646 (0x68c1fa13) x20 0x00000000
core   0: 0x8000764a (0x0000024a) c.slli  tp, 18
core   0: 3 0x8000764a (0x024a) x 4 0x00000000
core   0: 0x8000764c (0x001d72b3) and     t0, s10, ra
core   0: 3 0x8000764c (0x001d72b3) x 5 0x00000000
core   0: 0x80007650 (0x00008d99) c.sub   a1, a4
core   0: 3 0x80007650 (0x8d99) x11 0x00000045
core   0: 0x80007652 (0x012cc233) xor     tp, s9, s2
core   0: 3 0x80007652 (0x012cc233) x 4 0x00002000
core   0: 0x80007656 (0x00008e45) c.or    a2, s1
core   0: 3 0x80007656 (0x8e45) x12 0x8000fe64
core   0: 0x80007658 (0x03a3fc33) remu    s8, t2, s10
core   0: 3 0x80007658 (0x03a3fc33) x24 0xffffffff
core   0: 0x8000765c (0xabf87f93) andi    t6, a6, -1345
core   0: 3 0x8000765c (0xabf87f93) x31 0x800138a4
core   0: 0x80007660 (0x0000071c) c.addi4spn a5, sp, 896
core   0: 3 0x80007660 (0x071c) x15 0x0000014b
core   0: 0x80007662 (0x00a537b3) sltu    a5, a0, a0
core   0: 3 0x80007662 (0x00a537b3) x15 0x00000000
core   0: 0x80007666 (0x032ea6b3) mulhsu  a3, t4, s2
core   0: 3 0x80007666 (0x032ea6b3) x13 0x00000000
core   0: 0x8000766a (0x000085fa) c.mv    a1, t5
core   0: 3 0x8000766a (0x85fa) x11 0x0000423b
core   0: 0x8000766c (0x00f757b3) srl     a5, a4, a5
core   0: 3 0x8000766c (0x00f757b3) x15 0xffffffbb
core   0: 0x80007670 (0x01913db3) sltu    s11, sp, s9
core   0: 3 0x80007670 (0x01913db3) x27 0x00000000
core   0: 0x80007674 (0x00006f91) c.lui   t6, 0x4
core   0: 3 0x80007674 (0x6f91) x31 0x00004000
core   0: 0x80007676 (0x000017fd) c.addi  a5, -1
core   0: 3 0x80007676 (0x17fd) x15 0xffffffba
core   0: 0x80007678 (0x00000ba2) c.slli  s7, 8
core   0: 3 0x80007678 (0x0ba2) x23 0x00000100
core   0: 0x8000767a (0x032756b3) divu    a3, a4, s2
core   0: 3 0x8000767a (0x032756b3) x13 0x0007ffff
core   0: 0x8000767e (0x01baf533) and     a0, s5, s11
core   0: 3 0x8000767e (0x01baf533) x10 0x00000000
core   0: 0x80007682 (0xac86c317) auipc   t1, 0xac86c
core   0: 3 0x80007682 (0xac86c317) x 6 0x2c873682
core   0: 0x80007686 (0x01fa5a33) srl     s4, s4, t6
core   0: 3 0x80007686 (0x01fa5a33) x20 0x00000000
core   0: 0x8000768a (0x033a8733) mul     a4, s5, s3
core   0: 3 0x8000768a (0x033a8733) x14 0xfffffffe
core   0: 0x8000768e (0xac16c313) xori    t1, a3, -1343
core   0: 3 0x8000768e (0xac16c313) x 6 0xfff8053e
core   0: 0x80007692 (0x8119bd17) auipc   s10, 0x8119b
core   0: 3 0x80007692 (0x8119bd17) x26 0x011a2692
core   0: 0x80007696 (0x00006155) c.addi16sp sp, 304
core   0: 3 0x80007696 (0x6155) x 2 0xfffffefb
core   0: 0x80007698 (0x00008631) c.srai  a2, 12
core   0: 3 0x80007698 (0x8631) x12 0xfff8000f
core   0: 0x8000769a (0x5e6baa93) slti    s5, s7, 1510
core   0: 3 0x8000769a (0x5e6baa93) x21 0x00000001
core   0: 0x8000769e (0x00009d2e) c.add   s10, a1
core   0: 3 0x8000769e (0x9d2e) x26 0x011a68cd
core   0: 0x800076a0 (0x00008e61) c.and   a2, s0
core   0: 3 0x800076a0 (0x8e61) x12 0xfff80000
core   0: 0x800076a2 (0x89604d13) xori    s10, zero, -1898
core   0: 3 0x800076a2 (0x89604d13) x26 0xfffff896
core   0: 0x800076a6 (0xdedbb037) lui     zero, 0xdedbb
core   0: 3 0x800076a6 (0xdedbb037)
core   0: 0x800076aa (0x03b0da33) divu    s4, ra, s11
core   0: 3 0x800076aa (0x03b0da33) x20 0xffffffff
core   0: 0x800076ae (0xdb55fb13) andi    s6, a1, -587
core   0: 3 0x800076ae (0xdb55fb13) x22 0x00004031
core   0: 0x800076b2 (0x00008e41) c.or    a2, s0
core   0: 3 0x800076b2 (0x8e41) x12 0xffffbdc0
core   0: 0x800076b4 (0xe35f6193) ori     gp, t5, -459
core   0: 3 0x800076b4 (0xe35f6193) x 3 0xfffffe3f
core   0: 0x800076b8 (0x4177d593) srai    a1, a5, 23
core   0: 3 0x800076b8 (0x4177d593) x11 0xffffffff
core   0: 0x800076bc (0x000082c9) c.srli  a3, 18
core   0: 3 0x800076bc (0x82c9) x13 0x00000001
core   0: 0x800076be (0x00008fc5) c.or    a5, s1
core   0: 3 0x800076be (0x8fc5) x15 0xfffffffe
core   0: 0x800076c0 (0x00008739) c.srai  a4, 14
core   0: 3 0x800076c0 (0x8739) x14 0xffffffff
core   0: 0x800076c2 (0x40985413) srai    s0, a6, 9
core   0: 3 0x800076c2 (0x40985413) x 8 0xffc0009e
core   0: 0x800076c6 (0x000086f9) c.srai  a3, 30
core   0: 3 0x800076c6 (0x86f9) x13 0x00000000
core   0: 0x800076c8 (0x01f6f933) and     s2, a3, t6
core   0: 3 0x800076c8 (0x01f6f933) x18 0x00000000
core   0: 0x800076cc (0x00008f79) c.and   a4, a4
core   0: 3 0x800076cc (0x8f79) x14 0xffffffff
core   0: 0x800076ce (0x02aedab3) divu    s5, t4, a0
core   0: 3 0x800076ce (0x02aedab3) x21 0xffffffff
core   0: 0x800076d2 (0x00001efd) c.addi  t4, -1
core   0: 3 0x800076d2 (0x1efd) x29 0x00009fff
core   0: 0x800076d4 (0x00000f98) c.addi4spn a4, sp, 976
core   0: 3 0x800076d4 (0x0f98) x14 0x000002cb
core   0: 0x800076d6 (0x02e10433) mul     s0, sp, a4
core   0: 3 0x800076d6 (0x02e10433) x 8 0xfffd2709
core   0: 0x800076da (0x27c8fb37) lui     s6, 0x27c8f
core   0: 3 0x800076da (0x27c8fb37) x22 0x27c8f000
core   0: 0x800076de (0x41ac58b3) sra     a7, s8, s10
core   0: 3 0x800076de (0x41ac58b3) x17 0xffffffff
core   0: 0x800076e2 (0x0a59ab93) slti    s7, s3, 165
core   0: 3 0x800076e2 (0x0a59ab93) x23 0x00000001
core   0: 0x800076e6 (0xb1838713) addi    a4, t2, -1256
core   0: 3 0x800076e6 (0xb1838713) x14 0xfffffb17
core   0: 0x800076ea (0x00008f89) c.sub   a5, a0
core   0: 3 0x800076ea (0x8f89) x15 0xfffffffe
core   0: 0x800076ec (0x00008bb5) c.andi  a5, 13
core   0: 3 0x800076ec (0x8bb5) x15 0x0000000c
core   0: 0x800076ee (0x0000188c) c.addi4spn a1, sp, 112
core   0: 3 0x800076ee (0x188c) x11 0xffffff6b
core   0: 0x800076f0 (0x00005f7d) c.li    t5, -1
core   0: 3 0x800076f0 (0x5f7d) x30 0xffffffff
core   0: 0x800076f2 (0x029b16b3) mulh    a3, s6, s1
core   0: 3 0x800076f2 (0x029b16b3) x13 0xec1baf88
core   0: 0x800076f6 (0x011febb3) or      s7, t6, a7
core   0: 3 0x800076f6 (0x011febb3) x23 0xffffffff
core   0: 0x800076fa (0x00008e15) c.sub   a2, a3
core   0: 3 0x800076fa (0x8e15) x12 0x13e40e38
core   0: 0x800076fc (0x0000820d) c.srli  a2, 3
core   0: 3 0x800076fc (0x820d) x12 0x027c81c7
core   0: 0x800076fe (0x02f862b3) rem     t0, a6, a5
core   0: 3 0x800076fe (0x02f862b3) x 5 0xfffffffc
core   0: 0x80007702 (0x03ef10b3) mulh    ra, t5, t5
core   0: 3 0x80007702 (0x03ef10b3) x 1 0x00000000
core   0: 0x80007706 (0x022950b3) divu    ra, s2, sp
core   0: 3 0x80007706 (0x022950b3) x 1 0x00000000
core   0: 0x8000770a (0x00008d91) c.sub   a1, a2
core   0: 3 0x8000770a (0x8d91) x11 0xfd837da4
core   0: 0x8000770c (0x000090b6) c.add   ra, a3
core   0: 3 0x8000770c (0x90b6) x 1 0xec1baf88
core   0: 0x8000770e (0x0000889a) c.mv    a7, t1
core   0: 3 0x8000770e (0x889a) x17 0xfff8053e
core   0: 0x80007710 (0x02e268b3) rem     a7, tp, a4
core   0: 3 0x80007710 (0x02e268b3) x17 0x0000028a
core   0: 0x80007714 (0x5c08fc13) andi    s8, a7, 1472
core   0: 3 0x80007714 (0x5c08fc13) x24 0x00000080
core   0: 0x80007718 (0x02af8313) addi    t1, t6, 42
core   0: 3 0x80007718 (0x02af8313) x 6 0x0000402a
core   0: 0x8000771c (0xaba06193) ori     gp, zero, -1350
core   0: 3 0x8000771c (0xaba06193) x 3 0xfffffaba
core   0: 0x80007720 (0x41b35eb3) sra     t4, t1, s11
core   0: 3 0x80007720 (0x41b35eb3) x29 0x0000402a
core   0: 0x80007724 (0x0262f2b3) remu    t0, t0, t1
core   0: 3 0x80007724 (0x0262f2b3) x 5 0x00002e12
core   0: 0x80007728 (0x00000001) c.nop
core   0: 3 0x80007728 (0x0001)
core   0: 0x8000772a (0xfffac5b7) lui     a1, 0xfffac
core   0: 3 0x8000772a (0xfffac5b7) x11 0xfffac000
core   0: 0x8000772e (0xb24b33b7) lui     t2, 0xb24b3
core   0: 3 0x8000772e (0xb24b33b7) x 7 0xb24b3000
core   0: 0x80007732 (0x0310b333) mulhu   t1, ra, a7
core   0: 3 0x80007732 (0x0310b333) x 6 0x00000257
core   0: 0x80007736 (0x00000001) c.nop
core   0: 3 0x80007736 (0x0001)
core   0: 0x80007738 (0x001f0133) add     sp, t5, ra
core   0: 3 0x80007738 (0x001f0133) x 2 0xec1baf87
core   0: 0x8000773c (0x028bdc33) divu    s8, s7, s0
core   0: 3 0x8000773c (0x028bdc33) x24 0x00000001
core   0: 0x80007740 (0xbdf66517) auipc   a0, 0xbdf66
core   0: 3 0x80007740 (0xbdf66517) x10 0x3df6d740
core   0: 0x80007744 (0x03ea5b33) divu    s6, s4, t5
core   0: 3 0x80007744 (0x03ea5b33) x22 0x00000001
core   0: 0x80007748 (0x027d17b3) mulh    a5, s10, t2
core   0: 3 0x80007748 (0x027d17b3) x15 0x00000240
core   0: 0x8000774c (0x00008f7d) c.and   a4, a5
core   0: 3 0x8000774c (0x8f7d) x14 0x00000200
core   0: 0x8000774e (0x00000001) c.nop
core   0: 3 0x8000774e (0x0001)
core   0: 0x80007750 (0x00009166) c.add   sp, s9
core   0: 3 0x80007750 (0x9166) x 2 0xec1baf87
core   0: 0x80007752 (0x90e47d13) andi    s10, s0, -1778
core   0: 3 0x80007752 (0x90e47d13) x26 0xfffd2108
core   0: 0x80007756 (0x03cf43b3) div     t2, t5, t3
core   0: 3 0x80007756 (0x03cf43b3) x 7 0xffffffff
core   0: 0x8000775a (0x000099fd) c.andi  a1, -1
core   0: 3 0x8000775a (0x99fd) x11 0xfffac000
core   0: 0x8000775c (0xe4d8f293) andi    t0, a7, -435
core   0: 3 0x8000775c (0xe4d8f293) x 5 0x00000208
core   0: 0x80007760 (0x012151b3) srl     gp, sp, s2
core   0: 3 0x80007760 (0x012151b3) x 3 0xec1baf87
core   0: 0x80007764 (0x01b600b3) add     ra, a2, s11
core   0: 3 0x80007764 (0x01b600b3) x 1 0x027c81c7
core   0: 0x80007768 (0x000081da) c.mv    gp, s6
core   0: 3 0x80007768 (0x81da) x 3 0x00000001
core   0: 0x8000776a (0x00000d36) c.slli  s10, 13
core   0: 3 0x8000776a (0x0d36) x26 0xa4210000
core   0: 0x8000776c (0x00000708) c.addi4spn a0, sp, 896
core   0: 3 0x8000776c (0x0708) x10 0xec1bb307
core   0: 0x8000776e (0x02771db3) mulh    s11, a4, t2
core   0: 3 0x8000776e (0x02771db3) x27 0xffffffff
core   0: 0x80007772 (0x01ea88b3) add     a7, s5, t5
core   0: 3 0x80007772 (0x01ea88b3) x17 0xfffffffe
core   0: 0x80007776 (0x00000001) c.nop
core   0: 3 0x80007776 (0x0001)
core   0: 0x80007778 (0x00008aa2) c.mv    s5, s0
core   0: 3 0x80007778 (0x8aa2) x21 0xfffd2709
core   0: 0x8000777a (0xda18abb7) lui     s7, 0xda18a
core   0: 3 0x8000777a (0xda18abb7) x23 0xda18a000
core   0: 0x8000777e (0x018effb3) and     t6, t4, s8
core   0: 3 0x8000777e (0x018effb3) x31 0x00000000
core   0: 0x80007782 (0x024beeb3) rem     t4, s7, tp
core   0: 3 0x80007782 (0x024beeb3) x29 0x00000000
core   0: 0x80007786 (0x40faddb3) sra     s11, s5, a5
core   0: 3 0x80007786 (0x40faddb3) x27 0xfffd2709
core   0: 0x8000778a (0x000086e1) c.srai  a3, 24
core   0: 3 0x8000778a (0x86e1) x13 0xffffffec
core   0: 0x8000778c (0x0078d913) srli    s2, a7, 7
core   0: 3 0x8000778c (0x0078d913) x18 0x01ffffff
core   0: 0x80007790 (0x0000892e) c.mv    s2, a1
core   0: 3 0x80007790 (0x892e) x18 0xfffac000
core   0: 0x80007792 (0x01969213) slli    tp, a3, 25
core   0: 3 0x80007792 (0x01969213) x 4 0xd8000000
core   0: 0x80007796 (0x000058fd) c.li    a7, -1
core   0: 3 0x80007796 (0x58fd) x17 0xffffffff
core   0: 0x80007798 (0x41d208b3) sub     a7, tp, t4
core   0: 3 0x80007798 (0x41d208b3) x17 0xd8000000
core   0: 0x8000779c (0x00001e80) c.addi4spn s0, sp, 880
core   0: 3 0x8000779c (0x1e80) x 8 0xec1bb2f7
core   0: 0x8000779e (0x03bc4c33) div     s8, s8, s11
core   0: 3 0x8000779e (0x03bc4c33) x24 0x00000000
core   0: 0x800077a2 (0x00f0d893) srli    a7, ra, 15
core   0: 3 0x800077a2 (0x00f0d893) x17 0x000004f9
core   0: 0x800077a6 (0x01dc9fb3) sll     t6, s9, t4
core   0: 3 0x800077a6 (0x01dc9fb3) x31 0x00000000
core   0: 0x800077aa (0x0311da33) divu    s4, gp, a7
core   0: 3 0x800077aa (0x0311da33) x20 0x00000000
core   0: 0x800077ae (0x408bdf33) sra     t5, s7, s0
core   0: 3 0x800077ae (0x408bdf33) x30 0xffffffb4
core   0: 0x800077b2 (0x009db1b3) sltu    gp, s11, s1
core   0: 3 0x800077b2 (0x009db1b3) x 3 0x00000000
core   0: 0x800077b6 (0x000060c9) c.lui   ra, 0x12
core   0: 3 0x800077b6 (0x60c9) x 1 0x00012000
core   0: 0x800077b8 (0x01b2e5b3) or      a1, t0, s11
core   0: 3 0x800077b8 (0x01b2e5b3) x11 0xfffd2709
core   0: 0x800077bc (0x40b6d593) srai    a1, a3, 11
core   0: 3 0x800077bc (0x40b6d593) x11 0xffffffff
core   0: 0x800077c0 (0x0044d033) srl     zero, s1, tp
core   0: 3 0x800077c0 (0x0044d033)
core   0: 0x800077c4 (0x02f38c33) mul     s8, t2, a5
core   0: 3 0x800077c4 (0x02f38c33) x24 0xfffffdc0
core   0: 0x800077c8 (0x01b6c433) xor     s0, a3, s11
core   0: 3 0x800077c8 (0x01b6c433) x 8 0x0002d8e5
core   0: 0x800077cc (0x4089dab3) sra     s5, s3, s0
core   0: 3 0x800077cc (0x4089dab3) x21 0x00000000
core   0: 0x800077d0 (0x4150d593) srai    a1, ra, 21
core   0: 3 0x800077d0 (0x4150d593) x11 0x00000000
core   0: 0x800077d4 (0x00008d81) c.sub   a1, s0
core   0: 3 0x800077d4 (0x8d81) x11 0xfffd271b
core   0: 0x800077d6 (0x02aedfb3) divu    t6, t4, a0
core   0: 3 0x800077d6 (0x02aedfb3) x31 0x00000000
core   0: 0x800077da (0x03490033) mul     zero, s2, s4
core   0: 3 0x800077da (0x03490033)
core   0: 0x800077de (0x02f72db3) mulhsu  s11, a4, a5
core   0: 3 0x800077de (0x02f72db3) x27 0x00000000
core   0: 0x800077e2 (0x036168b3) rem     a7, sp, s6
core   0: 3 0x800077e2 (0x036168b3) x17 0x00000000
core   0: 0x800077e6 (0x406f87b3) sub     a5, t6, t1
core   0: 3 0x800077e6 (0x406f87b3) x15 0xfffffda9
core   0: 0x800077ea (0x02535433) divu    s0, t1, t0
core   0: 3 0x800077ea (0x02535433) x 8 0x00000001
core   0: 0x800077ee (0x000055fd) c.li    a1, -1
core   0: 3 0x800077ee (0x55fd) x11 0xffffffff
core   0: 0x800077f0 (0x0261cf33) div     t5, gp, t1
core   0: 3 0x800077f0 (0x0261cf33) x30 0x00000000
core   0: 0x800077f4 (0x014bc533) xor     a0, s7, s4
core   0: 3 0x800077f4 (0x014bc533) x10 0xda18a000
core   0: 0x800077f8 (0x00009eca) c.add   t4, s2
core   0: 3 0x800077f8 (0x9eca) x29 0xfffac000
core   0: 0x800077fa (0x01a39313) slli    t1, t2, 26
core   0: 3 0x800077fa (0x01a39313) x 6 0xfc000000
core   0: 0x800077fe (0x74116b17) auipc   s6, 0x74116
core   0: 3 0x800077fe (0x74116b17) x22 0xf411d7fe
core   0: 0x80007802 (0xf57c4e97) auipc   t4, 0xf57c4
core   0: 3 0x80007802 (0xf57c4e97) x29 0x757cb802
core   0: 0x80007806 (0x00d99913) slli    s2, s3, 13
core   0: 3 0x80007806 (0x00d99913) x18 0x00004000
core   0: 0x8000780a (0x12202413) slti    s0, zero, 290
core   0: 3 0x8000780a (0x12202413) x 8 0x00000001
core   0: 0x8000780e (0x0165dd93) srli    s11, a1, 22
core   0: 3 0x8000780e (0x0165dd93) x27 0x000003ff
core   0: 0x80007812 (0x0000717d) c.addi16sp sp, -16
core   0: 3 0x80007812 (0x717d) x 2 0xec1baf77
core   0: 0x80007814 (0x03298433) mul     s0, s3, s2
core   0: 3 0x80007814 (0x03298433) x 8 0x00008000
core   0: 0x80007818 (0x02334a33) div     s4, t1, gp
core   0: 3 0x80007818 (0x02334a33) x20 0xffffffff
core   0: 0x8000781c (0x01f15933) srl     s2, sp, t6
core   0: 3 0x8000781c (0x01f15933) x18 0xec1baf77
core   0: 0x80007820 (0x90dfa393) slti    t2, t6, -1779
core   0: 3 0x80007820 (0x90dfa393) x 7 0x00000000
core   0: 0x80007824 (0x40035133) sra     sp, t1, zero
core   0: 3 0x80007824 (0x40035133) x 2 0xfc000000
core   0: 0x80007828 (0x01642133) slt     sp, s0, s6
core   0: 3 0x80007828 (0x01642133) x 2 0x00000000
core   0: 0x8000782c (0x015edf13) srli    t5, t4, 21
core   0: 3 0x8000782c (0x015edf13) x30 0x000003ab
core   0: 0x80007830 (0x000003e2) c.slli  t2, 24
core   0: 3 0x80007830 (0x03e2) x 7 0x00000000
core   0: 0x80007832 (0x973c6f93) ori     t6, s8, -1677
core   0: 3 0x80007832 (0x973c6f93) x31 0xfffffdf3
core   0: 0x80007836 (0x3ba2b993) sltiu   s3, t0, 954
core   0: 3 0x80007836 (0x3ba2b993) x19 0x00000001
core   0: 0x8000783a (0x00008e8d) c.sub   a3, a1
core   0: 3 0x8000783a (0x8e8d) x13 0xffffffed
core   0: 0x8000783c (0xd570a693) slti    a3, ra, -681
core   0: 3 0x8000783c (0xd570a693) x13 0x00000000
core   0: 0x80007840 (0x000015fd) c.addi  a1, -1
core   0: 3 0x80007840 (0x15fd) x11 0xfffffffe
core   0: 0x80007842 (0x00008672) c.mv    a2, t3
core   0: 3 0x80007842 (0x8672) x12 0x00000000
core   0: 0x80007844 (0x027b1a33) mulh    s4, s6, t2
core   0: 3 0x80007844 (0x027b1a33) x20 0x00000000
core   0: 0x80007848 (0xc7a20893) addi    a7, tp, -902
core   0: 3 0x80007848 (0xc7a20893) x17 0xd7fffc7a
core   0: 0x8000784c (0x41fc5713) srai    a4, s8, 31
core   0: 3 0x8000784c (0x41fc5713) x14 0xffffffff
core   0: 0x80007850 (0x026ba333) mulhsu  t1, s7, t1
core   0: 3 0x80007850 (0x026ba333) x 6 0xdab03d80
core   0: 0x80007854 (0x0181e7b3) or      a5, gp, s8
core   0: 3 0x80007854 (0x0181e7b3) x15 0xfffffdc0
core   0: 0x80007858 (0xf4004513) xori    a0, zero, -192
core   0: 3 0x80007858 (0xf4004513) x10 0xffffff40
core   0: 0x8000785c (0x01598db3) add     s11, s3, s5
core   0: 3 0x8000785c (0x01598db3) x27 0x00000001
core   0: 0x80007860 (0x40d9df33) sra     t5, s3, a3
core   0: 3 0x80007860 (0x40d9df33) x30 0x00000001
core   0: 0x80007864 (0x2010cd93) xori    s11, ra, 513
core   0: 3 0x80007864 (0x2010cd93) x27 0x00012201
core   0: 0x80007868 (0x01fab933) sltu    s2, s5, t6
core   0: 3 0x80007868 (0x01fab933) x18 0x00000001
core   0: 0x8000786c (0x0316ec33) rem     s8, a3, a7
core   0: 3 0x8000786c (0x0316ec33) x24 0x00000000
core   0: 0x80007870 (0x407d5b93) srai    s7, s10, 7
core   0: 3 0x80007870 (0x407d5b93) x23 0xff484200
core   0: 0x80007874 (0x00000001) c.nop
core   0: 3 0x80007874 (0x0001)
core   0: 0x80007876 (0xce578593) addi    a1, a5, -795
core   0: 3 0x80007876 (0xce578593) x11 0xfffffaa5
core   0: 0x8000787a (0x0000717d) c.addi16sp sp, -16
core   0: 3 0x8000787a (0x717d) x 2 0xfffffff0
core   0: 0x8000787c (0x01705593) srli    a1, zero, 23
core   0: 3 0x8000787c (0x01705593) x11 0x00000000
core   0: 0x80007880 (0x000000da) c.slli  ra, 22
core   0: 3 0x80007880 (0x00da) x 1 0x00000000
core   0: 0x80007882 (0x0285a6b3) mulhsu  a3, a1, s0
core   0: 3 0x80007882 (0x0285a6b3) x13 0x00000000
core   0: 0x80007886 (0x00006151) c.addi16sp sp, 272
core   0: 3 0x80007886 (0x6151) x 2 0x00000100
core   0: 0x80007888 (0xba1d4b13) xori    s6, s10, -1119
core   0: 3 0x80007888 (0xba1d4b13) x22 0x5bdefba1
core   0: 0x8000788c (0x0000884d) c.andi  s0, 19
core   0: 3 0x8000788c (0x884d) x 8 0x00000000
core   0: 0x8000788e (0xcb4535b7) lui     a1, 0xcb453
core   0: 3 0x8000788e (0xcb4535b7) x11 0xcb453000
core   0: 0x80007892 (0x000013fd) c.addi  t2, -1
core   0: 3 0x80007892 (0x13fd) x 7 0xffffffff
core   0: 0x80007894 (0x012d6fb3) or      t6, s10, s2
core   0: 3 0x80007894 (0x012d6fb3) x31 0xa4210001
core   0: 0x80007898 (0x00000001) c.nop
core   0: 3 0x80007898 (0x0001)
core   0: 0x8000789a (0x00008d2d) c.xor   a0, a1
core   0: 3 0x8000789a (0x8d2d) x10 0x34bacf40
core   0: 0x8000789c (0x03de6ab3) rem     s5, t3, t4
core   0: 3 0x8000789c (0x03de6ab3) x21 0x00000000
core   0: 0x800078a0 (0x00008911) c.andi  a0, 4
core   0: 3 0x800078a0 (0x8911) x10 0x00000000
core   0: 0x800078a2 (0x000087d9) c.srai  a5, 22
core   0: 3 0x800078a2 (0x87d9) x15 0xffffffff
core   0: 0x800078a4 (0x000088d2) c.mv    a7, s4
core   0: 3 0x800078a4 (0x88d2) x17 0x00000000
core   0: 0x800078a6 (0xc79fbb13) sltiu   s6, t6, -903
core   0: 3 0x800078a6 (0xc79fbb13) x22 0x00000001
core   0: 0x800078aa (0x00000001) c.nop
core   0: 3 0x800078aa (0x0001)
core   0: 0x800078ac (0x6e380897) auipc   a7, 0x6e380
core   0: 3 0x800078ac (0x6e380897) x17 0xee3878ac
core   0: 0x800078b0 (0x00009b7d) c.andi  a4, -1
core   0: 3 0x800078b0 (0x9b7d) x14 0xffffffff
core   0: 0x800078b2 (0x00008325) c.srli  a4, 9
core   0: 3 0x800078b2 (0x8325) x14 0x007fffff
core   0: 0x800078b4 (0x000083e5) c.srli  a5, 25
core   0: 3 0x800078b4 (0x83e5) x15 0x0000007f
core   0: 0x800078b6 (0x01d00433) add     s0, zero, t4
core   0: 3 0x800078b6 (0x01d00433) x 8 0x757cb802
core   0: 0x800078ba (0x9eb57f93) andi    t6, a0, -1557
core   0: 3 0x800078ba (0x9eb57f93) x31 0x00000000
core   0: 0x800078be (0x00004f81) c.li    t6, 0
core   0: 3 0x800078be (0x4f81) x31 0x00000000
core   0: 0x800078c0 (0x80000637) lui     a2, 0x80000
core   0: 3 0x800078c0 (0x80000637) x12 0x80000000
core   0: 0x800078c4 (0x80000c37) lui     s8, 0x80000
core   0: 3 0x800078c4 (0x80000c37) x24 0x80000000
core   0: 0x800078c8 (0x00004081) c.li    ra, 0
core   0: 3 0x800078c8 (0x4081) x 1 0x00000000
core   0: 0x800078ca (0x80000eb7) lui     t4, 0x80000
core   0: 3 0x800078ca (0x80000eb7) x29 0x80000000
core   0: 0x800078ce (0x52c91337) lui     t1, 0x52c91
core   0: 3 0x800078ce (0x52c91337) x 6 0x52c91000
core   0: 0x800078d2 (0x35030313) addi    t1, t1, 848
core   0: 3 0x800078d2 (0x35030313) x 6 0x52c91350
core   0: 0x800078d6 (0x800001b7) lui     gp, 0x80000
core   0: 3 0x800078d6 (0x800001b7) x 3 0x80000000
core   0: 0x800078da (0x00004681) c.li    a3, 0
core   0: 3 0x800078da (0x4681) x13 0x00000000
core   0: 0x800078dc (0x00908f37) lui     t5, 0x908
core   0: 3 0x800078dc (0x00908f37) x30 0x00908000
core   0: 0x800078e0 (0x5b4f0f13) addi    t5, t5, 1460
core   0: 3 0x800078e0 (0x5b4f0f13) x30 0x009085b4
core   0: 0x800078e4 (0x00004201) c.li    tp, 0
core   0: 3 0x800078e4 (0x4201) x 4 0x00000000
core   0: 0x800078e6 (0x02c681b3) mul     gp, a3, a2
core   0: 3 0x800078e6 (0x02c681b3) x 3 0x00000000
core   0: 0x800078ea (0x03e686b3) mul     a3, a3, t5
core   0: 3 0x800078ea (0x03e686b3) x13 0x00000000
core   0: 0x800078ee (0x038091b3) mulh    gp, ra, s8
core   0: 3 0x800078ee (0x038091b3) x 3 0x00000000
core   0: 0x800078f2 (0x00000001) c.nop
core   0: 3 0x800078f2 (0x0001)
core   0: 0x800078f4 (0x00000001) c.nop
core   0: 3 0x800078f4 (0x0001)
core   0: 0x800078f6 (0x255c0093) addi    ra, s8, 597
core   0: 3 0x800078f6 (0x255c0093) x 1 0x80000255
core   0: 0x800078fa (0x40cc0fb3) sub     t6, s8, a2
core   0: 3 0x800078fa (0x40cc0fb3) x31 0x00000000
core   0: 0x800078fe (0x024f3233) mulhu   tp, t5, tp
core   0: 3 0x800078fe (0x024f3233) x 4 0x00000000
core   0: 0x80007902 (0x03d6f633) remu    a2, a3, t4
core   0: 3 0x80007902 (0x03d6f633) x12 0x00000000
core   0: 0x80007906 (0x00000001) c.nop
core   0: 3 0x80007906 (0x0001)
core   0: 0x80007908 (0x021c1333) mulh    t1, s8, ra
core   0: 3 0x80007908 (0x021c1333) x 6 0x3ffffed5
core   0: 0x8000790c (0x02c33f33) mulhu   t5, t1, a2
core   0: 3 0x8000790c (0x02c33f33) x30 0x00000000
core   0: 0x80007910 (0x02cfb333) mulhu   t1, t6, a2
core   0: 3 0x80007910 (0x02cfb333) x 6 0x00000000
core   0: 0x80007914 (0x026f3c33) mulhu   s8, t5, t1
core   0: 3 0x80007914 (0x026f3c33) x24 0x00000000
core   0: 0x80007918 (0x03f0aeb3) mulhsu  t4, ra, t6
core   0: 3 0x80007918 (0x03f0aeb3) x29 0x00000000
core   0: 0x8000791c (0x02160eb3) mul     t4, a2, ra
core   0: 3 0x8000791c (0x02160eb3) x29 0x00000000
core   0: 0x80007920 (0x0266c6b3) div     a3, a3, t1
core   0: 3 0x80007920 (0x0266c6b3) x13 0xffffffff
core   0: 0x80007924 (0x00000001) c.nop
core   0: 3 0x80007924 (0x0001)
core   0: 0x80007926 (0x03efc1b3) div     gp, t6, t5
core   0: 3 0x80007926 (0x03efc1b3) x 3 0xffffffff
core   0: 0x8000792a (0x41de80b3) sub     ra, t4, t4
core   0: 3 0x8000792a (0x41de80b3) x 1 0x00000000
core   0: 0x8000792e (0xeb9c0193) addi    gp, s8, -327
core   0: 3 0x8000792e (0xeb9c0193) x 3 0xfffffeb9
core   0: 0x80007932 (0x03fc6333) rem     t1, s8, t6
core   0: 3 0x80007932 (0x03fc6333) x 6 0x00000000
core   0: 0x80007936 (0x41ef0333) sub     t1, t5, t5
core   0: 3 0x80007936 (0x41ef0333) x 6 0x00000000
core   0: 0x8000793a (0x02cfbf33) mulhu   t5, t6, a2
core   0: 3 0x8000793a (0x02cfbf33) x30 0x00000000
core   0: 0x8000793e (0x03d34233) div     tp, t1, t4
core   0: 3 0x8000793e (0x03d34233) x 4 0xffffffff
core   0: 0x80007942 (0x02dc0fb3) mul     t6, s8, a3
core   0: 3 0x80007942 (0x02dc0fb3) x31 0x00000000
core   0: 0x80007946 (0x00fde3b3) or      t2, s11, a5
core   0: 3 0x80007946 (0x00fde3b3) x 7 0x0001227f
core   0: 0x8000794a (0x00874293) xori    t0, a4, 8
core   0: 3 0x8000794a (0x00874293) x 5 0x007ffff7
core   0: 0x8000794e (0x0290abb3) mulhsu  s7, ra, s1
core   0: 3 0x8000794e (0x0290abb3) x23 0x00000000
core   0: 0x80007952 (0x011b6bb3) or      s7, s6, a7
core   0: 3 0x80007952 (0x011b6bb3) x23 0xee3878ad
core   0: 0x80007956 (0x03d19c33) mulh    s8, gp, t4
core   0: 3 0x80007956 (0x03d19c33) x24 0x00000000
core   0: 0x8000795a (0x007c58b3) srl     a7, s8, t2
core   0: 3 0x8000795a (0x007c58b3) x17 0x00000000
core   0: 0x8000795e (0x028d5633) divu    a2, s10, s0
core   0: 3 0x8000795e (0x028d5633) x12 0x00000001
core   0: 0x80007962 (0x005b1613) slli    a2, s6, 5
core   0: 3 0x80007962 (0x005b1613) x12 0x00000020
core   0: 0x80007966 (0x00079933) sll     s2, a5, zero
core   0: 3 0x80007966 (0x00079933) x18 0x0000007f
core   0: 0x8000796a (0x9ef30b13) addi    s6, t1, -1553
core   0: 3 0x8000796a (0x9ef30b13) x22 0xfffff9ef
core   0: 0x8000796e (0x020dfeb3) remu    t4, s11, zero
core   0: 3 0x8000796e (0x020dfeb3) x29 0x00012201
core   0: 0x80007972 (0x011fde33) srl     t3, t6, a7
core   0: 3 0x80007972 (0x011fde33) x28 0x00000000
core   0: 0x80007976 (0x01d6bdb3) sltu    s11, a3, t4
core   0: 3 0x80007976 (0x01d6bdb3) x27 0x00000000
core   0: 0x8000797a (0x00009a7d) c.andi  a2, -1
core   0: 3 0x8000797a (0x9a7d) x12 0x00000020
core   0: 0x8000797c (0x50710c17) auipc   s8, 0x50710
core   0: 3 0x8000797c (0x50710c17) x24 0xd071797c
core   0: 0x80007980 (0x00745fb3) srl     t6, s0, t2
core   0: 3 0x80007980 (0x00745fb3) x31 0x00000000
core   0: 0x80007984 (0x41af5e13) srai    t3, t5, 26
core   0: 3 0x80007984 (0x41af5e13) x28 0x00000000
core   0: 0x80007988 (0x0000692d) c.lui   s2, 0xb
core   0: 3 0x80007988 (0x692d) x18 0x0000b000
core   0: 0x8000798a (0x01117633) and     a2, sp, a7
core   0: 3 0x8000798a (0x01117633) x12 0x00000000
core   0: 0x8000798e (0x00008f8d) c.sub   a5, a1
core   0: 3 0x8000798e (0x8f8d) x15 0x34bad07f
core   0: 0x80007990 (0x8535cf93) xori    t6, a1, -1965
core   0: 3 0x80007990 (0x8535cf93) x31 0x34bac853
core   0: 0x80007994 (0x003d93b3) sll     t2, s11, gp
core   0: 3 0x80007994 (0x003d93b3) x 7 0x00000000
core   0: 0x80007998 (0x46f70693) addi    a3, a4, 1135
core   0: 3 0x80007998 (0x46f70693) x13 0x0080046e
core   0: 0x8000799c (0x023c7633) remu    a2, s8, gp
core   0: 3 0x8000799c (0x023c7633) x12 0xd071797c
core   0: 0x800079a0 (0x86513213) sltiu   tp, sp, -1947
core   0: 3 0x800079a0 (0x86513213) x 4 0x00000001
core   0: 0x800079a4 (0x01391533) sll     a0, s2, s3
core   0: 3 0x800079a4 (0x01391533) x10 0x00016000
core   0: 0x800079a8 (0x16226393) ori     t2, tp, 354
core   0: 3 0x800079a8 (0x16226393) x 7 0x00000163
core   0: 0x800079ac (0x00d54433) xor     s0, a0, a3
core   0: 3 0x800079ac (0x00d54433) x 8 0x0081646e
core   0: 0x800079b0 (0x64337a17) auipc   s4, 0x64337
core   0: 3 0x800079b0 (0x64337a17) x20 0xe433e9b0
core   0: 0x800079b4 (0x028a1333) mulh    t1, s4, s0
core   0: 3 0x800079b4 (0x028a1333) x 6 0xfff1f341
core   0: 0x800079b8 (0xb619e317) auipc   t1, 0xb619e
core   0: 3 0x800079b8 (0xb619e317) x 6 0x361a59b8
core   0: 0x800079bc (0x00767bb3) and     s7, a2, t2
core   0: 3 0x800079bc (0x00767bb3) x23 0x00000160
core   0: 0x800079c0 (0x000001b2) c.slli  gp, 12
core   0: 3 0x800079c0 (0x01b2) x 3 0xffeb9000
core   0: 0x800079c2 (0x00009f6a) c.add   t5, s10
core   0: 3 0x800079c2 (0x9f6a) x30 0xa4210000
core   0: 0x800079c4 (0x003769b3) or      s3, a4, gp
core   0: 3 0x800079c4 (0x003769b3) x19 0xffffffff
core   0: 0x800079c8 (0x000069fd) c.lui   s3, 0x1f
core   0: 3 0x800079c8 (0x69fd) x19 0x0001f000
core   0: 0x800079ca (0x00008c21) c.xor   s0, s0
core   0: 3 0x800079ca (0x8c21) x 8 0x00000000
core   0: 0x800079cc (0x03e6c9b3) div     s3, a3, t5
core   0: 3 0x800079cc (0x03e6c9b3) x19 0x00000000
core   0: 0x800079d0 (0x00008f3a) c.mv    t5, a4
core   0: 3 0x800079d0 (0x8f3a) x30 0x007fffff
core   0: 0x800079d2 (0x00c47333) and     t1, s0, a2
core   0: 3 0x800079d2 (0x00c47333) x 6 0x00000000
core   0: 0x800079d6 (0x0000987d) c.andi  s0, -1
core   0: 3 0x800079d6 (0x987d) x 8 0x00000000
core   0: 0x800079d8 (0x0000962a) c.add   a2, a0
core   0: 3 0x800079d8 (0x962a) x12 0xd072d97c
core   0: 0x800079da (0x23bae113) ori     sp, s5, 571
core   0: 3 0x800079da (0x23bae113) x 2 0x0000023b
core   0: 0x800079de (0x00000c7a) c.slli  s8, 30
core   0: 3 0x800079de (0x0c7a) x24 0x00000000
core   0: 0x800079e0 (0x00006dd9) c.lui   s11, 0x16
core   0: 3 0x800079e0 (0x6dd9) x27 0x00016000
core   0: 0x800079e2 (0x2d01ff93) andi    t6, gp, 720
core   0: 3 0x800079e2 (0x2d01ff93) x31 0x00000000
core   0: 0x800079e6 (0x0000180c) c.addi4spn a1, sp, 48
core   0: 3 0x800079e6 (0x180c) x11 0x0000026b
core   0: 0x800079e8 (0x00bc3f33) sltu    t5, s8, a1
core   0: 3 0x800079e8 (0x00bc3f33) x30 0x00000001
core   0: 0x800079ec (0x00217233) and     tp, sp, sp
core   0: 3 0x800079ec (0x00217233) x 4 0x0000023b
core   0: 0x800079f0 (0x00009e12) c.add   t3, tp
core   0: 3 0x800079f0 (0x9e12) x28 0x0000023b
core   0: 0x800079f2 (0x03550b33) mul     s6, a0, s5
core   0: 3 0x800079f2 (0x03550b33) x22 0x00000000
core   0: 0x800079f6 (0x00000aee) c.slli  s5, 27
core   0: 3 0x800079f6 (0x0aee) x21 0x00000000
core   0: 0x800079f8 (0x000088ae) c.mv    a7, a1
core   0: 3 0x800079f8 (0x88ae) x17 0x0000026b
core   0: 0x800079fa (0x025918b3) mulh    a7, s2, t0
core   0: 3 0x800079fa (0x025918b3) x17 0x00000057
core   0: 0x800079fe (0x016393b3) sll     t2, t2, s6
core   0: 3 0x800079fe (0x016393b3) x 7 0x00000163
core   0: 0x80007a02 (0x01e45f13) srli    t5, s0, 30
core   0: 3 0x80007a02 (0x01e45f13) x30 0x00000000
core   0: 0x80007a06 (0x00008589) c.srai  a1, 2
core   0: 3 0x80007a06 (0x8589) x11 0x0000009a
core   0: 0x80007a08 (0x000050fd) c.li    ra, -1
core   0: 3 0x80007a08 (0x50fd) x 1 0xffffffff
core   0: 0x80007a0a (0x00000b0c) c.addi4spn a1, sp, 400
core   0: 3 0x80007a0a (0x0b0c) x11 0x000003cb
core   0: 0x80007a0c (0x00008d75) c.and   a0, a3
core   0: 3 0x80007a0c (0x8d75) x10 0x00000000
core   0: 0x80007a0e (0x41e981b3) sub     gp, s3, t5
core   0: 3 0x80007a0e (0x41e981b3) x 3 0x00000000
core   0: 0x80007a12 (0x0000954e) c.add   a0, s3
core   0: 3 0x80007a12 (0x954e) x10 0x00000000
core   0: 0x80007a14 (0x02cb1fb3) mulh    t6, s6, a2
core   0: 3 0x80007a14 (0x02cb1fb3) x31 0x00000000
core   0: 0x80007a18 (0x00114533) xor     a0, sp, ra
core   0: 3 0x80007a18 (0x00114533) x10 0xfffffdc4
core   0: 0x80007a1c (0x003996b3) sll     a3, s3, gp
core   0: 3 0x80007a1c (0x003996b3) x13 0x00000000
core   0: 0x80007a20 (0xfe56ab93) slti    s7, a3, -27
core   0: 3 0x80007a20 (0xfe56ab93) x23 0x00000000
core   0: 0x80007a24 (0x00008d7d) c.and   a0, a5
core   0: 3 0x80007a24 (0x8d7d) x10 0x34bad044
core   0: 0x80007a26 (0x0000992a) c.add   s2, a0
core   0: 3 0x80007a26 (0x992a) x18 0x34bb8044
core   0: 0x80007a28 (0x404a8233) sub     tp, s5, tp
core   0: 3 0x80007a28 (0x404a8233) x 4 0xfffffdc5
core   0: 0x80007a2c (0x00000001) c.nop
core   0: 3 0x80007a2c (0x0001)
core   0: 0x80007a2e (0x43d3ef93) ori     t6, t2, 1085
core   0: 3 0x80007a2e (0x43d3ef93) x31 0x0000057f
core   0: 0x80007a32 (0x01553933) sltu    s2, a0, s5
core   0: 3 0x80007a32 (0x01553933) x18 0x00000000
core   0: 0x80007a36 (0xddf13b97) auipc   s7, 0xddf13
core   0: 3 0x80007a36 (0xddf13b97) x23 0x5df1aa36
core   0: 0x80007a3a (0x00bb9593) slli    a1, s7, 11
core   0: 3 0x80007a3a (0x00bb9593) x11 0x8d51b000
core   0: 0x80007a3e (0x00167133) and     sp, a2, ra
core   0: 3 0x80007a3e (0x00167133) x 2 0xd072d97c
core   0: 0x80007a42 (0x03f029b3) mulhsu  s3, zero, t6
core   0: 3 0x80007a42 (0x03f029b3) x19 0x00000000
core   0: 0x80007a46 (0x3b19e013) ori     zero, s3, 945
core   0: 3 0x80007a46 (0x3b19e013)
core   0: 0x80007a4a (0x40790133) sub     sp, s2, t2
core   0: 3 0x80007a4a (0x40790133) x 2 0xfffffe9d
core   0: 0x80007a4e (0x02411933) mulh    s2, sp, tp
core   0: 3 0x80007a4e (0x02411933) x18 0x00000000
core   0: 0x80007a52 (0x00008afd) c.andi  a3, 31
core   0: 3 0x80007a52 (0x8afd) x13 0x00000000
core   0: 0x80007a54 (0x03b76ab3) rem     s5, a4, s11
core   0: 3 0x80007a54 (0x03b76ab3) x21 0x00001fff
core   0: 0x80007a58 (0x020058b3) divu    a7, zero, zero
core   0: 3 0x80007a58 (0x020058b3) x17 0xffffffff
core   0: 0x80007a5c (0x0148ce33) xor     t3, a7, s4
core   0: 3 0x80007a5c (0x0148ce33) x28 0x1bcc164f
core   0: 0x80007a60 (0x02a568b3) rem     a7, a0, a0
core   0: 3 0x80007a60 (0x02a568b3) x17 0x00000000
core   0: 0x80007a64 (0x0000858d) c.srai  a1, 3
core   0: 3 0x80007a64 (0x858d) x11 0xf1aa3600
core   0: 0x80007a66 (0x002ef9b3) and     s3, t4, sp
core   0: 3 0x80007a66 (0x002ef9b3) x19 0x00012201
core   0: 0x80007a6a (0x00000001) c.nop
core   0: 3 0x80007a6a (0x0001)
core   0: 0x80007a6c (0x00008e65) c.and   a2, s1
core   0: 3 0x80007a6c (0x8e65) x12 0x8000d864
core   0: 0x80007a6e (0x00008361) c.srli  a4, 24
core   0: 3 0x80007a6e (0x8361) x14 0x00000000
core   0: 0x80007a70 (0x01071933) sll     s2, a4, a6
core   0: 3 0x80007a70 (0x01071933) x18 0x00000000
core   0: 0x80007a74 (0x01f50733) add     a4, a0, t6
core   0: 3 0x80007a74 (0x01f50733) x14 0x34bad5c3
core   0: 0x80007a78 (0x02feaa33) mulhsu  s4, t4, a5
core   0: 3 0x80007a78 (0x02feaa33) x20 0x00003bbb
core   0: 0x80007a7c (0x0370df33) divu    t5, ra, s7
core   0: 3 0x80007a7c (0x0370df33) x30 0x00000002
core   0: 0x80007a80 (0x000069e9) c.lui   s3, 0x1a
core   0: 3 0x80007a80 (0x69e9) x19 0x0001a000
core   0: 0x80007a82 (0xb6437b13) andi    s6, t1, -1180
core   0: 3 0x80007a82 (0xb6437b13) x22 0x00000000
core   0: 0x80007a86 (0x01f69c33) sll     s8, a3, t6
core   0: 3 0x80007a86 (0x01f69c33) x24 0x00000000
core   0: 0x80007a8a (0x00008a62) c.mv    s4, s8
core   0: 3 0x80007a8a (0x8a62) x20 0x00000000
core   0: 0x80007a8c (0x0077b633) sltu    a2, a5, t2
core   0: 3 0x80007a8c (0x0077b633) x12 0x00000000
core   0: 0x80007a90 (0x01718533) add     a0, gp, s7
core   0: 3 0x80007a90 (0x01718533) x10 0x5df1aa36
core   0: 0x80007a94 (0x01659d13) slli    s10, a1, 22
core   0: 3 0x80007a94 (0x01659d13) x26 0x80000000
core   0: 0x80007a98 (0x0000925e) c.add   tp, s7
core   0: 3 0x80007a98 (0x925e) x 4 0x5df1a7fb
core   0: 0x80007a9a (0x9c47b893) sltiu   a7, a5, -1596
core   0: 3 0x80007a9a (0x9c47b893) x17 0x00000001
core   0: 0x80007a9e (0x025ec233) div     tp, t4, t0
core   0: 3 0x80007a9e (0x025ec233) x 4 0x00000000
core   0: 0x80007aa2 (0xc3dbb713) sltiu   a4, s7, -963
core   0: 3 0x80007aa2 (0xc3dbb713) x14 0x00000001
core   0: 0x80007aa6 (0x0000537d) c.li    t1, -1
core   0: 3 0x80007aa6 (0x537d) x 6 0xffffffff
core   0: 0x80007aa8 (0x00000001) c.nop
core   0: 3 0x80007aa8 (0x0001)
core   0: 0x80007aaa (0x004a40b3) xor     ra, s4, tp
core   0: 3 0x80007aaa (0x004a40b3) x 1 0x00000000
core   0: 0x80007aae (0x1cb56413) ori     s0, a0, 459
core   0: 3 0x80007aae (0x1cb56413) x 8 0x5df1abff
core   0: 0x80007ab2 (0x00008db1) c.xor   a1, a2
core   0: 3 0x80007ab2 (0x8db1) x11 0xf1aa3600
core   0: 0x80007ab4 (0xfef09e17) auipc   t3, 0xfef09
core   0: 3 0x80007ab4 (0xfef09e17) x28 0x7ef10ab4
core   0: 0x80007ab8 (0x606fea93) ori     s5, t6, 1542
core   0: 3 0x80007ab8 (0x606fea93) x21 0x0000077f
core   0: 0x80007abc (0x00b496b3) sll     a3, s1, a1
core   0: 3 0x80007abc (0x00b496b3) x13 0x8000fe64
core   0: 0x80007ac0 (0x000085d1) c.srai  a1, 20
core   0: 3 0x80007ac0 (0x85d1) x11 0xffffff1a
core   0: 0x80007ac2 (0x00008e11) c.sub   a2, a2
core   0: 3 0x80007ac2 (0x8e11) x12 0x00000000
core   0: 0x80007ac4 (0x47a2bf37) lui     t5, 0x47a2b
core   0: 3 0x80007ac4 (0x47a2bf37) x30 0x47a2b000
core   0: 0x80007ac8 (0x00008355) c.srli  a4, 21
core   0: 3 0x80007ac8 (0x8355) x14 0x00000000
core   0: 0x80007aca (0x705ba193) slti    gp, s7, 1797
core   0: 3 0x80007aca (0x705ba193) x 3 0x00000000
core   0: 0x80007ace (0x00509e93) slli    t4, ra, 5
core   0: 3 0x80007ace (0x00509e93) x29 0x00000000
core   0: 0x80007ad2 (0x00b62b33) slt     s6, a2, a1
core   0: 3 0x80007ad2 (0x00b62b33) x22 0x00000000
core   0: 0x80007ad6 (0x00a4ed33) or      s10, s1, a0
core   0: 3 0x80007ad6 (0x00a4ed33) x26 0xddf1fe76
core   0: 0x80007ada (0x032bea33) rem     s4, s7, s2
core   0: 3 0x80007ada (0x032bea33) x20 0x5df1aa36
core   0: 0x80007ade (0x000096be) c.add   a3, a5
core   0: 3 0x80007ade (0x96be) x13 0xb4bbcee3
core   0: 0x80007ae0 (0x0019f5b3) and     a1, s3, ra
core   0: 3 0x80007ae0 (0x0019f5b3) x11 0x00000000
core   0: 0x80007ae4 (0x00009f2e) c.add   t5, a1
core   0: 3 0x80007ae4 (0x9f2e) x30 0x47a2b000
core   0: 0x80007ae6 (0x00779d33) sll     s10, a5, t2
core   0: 3 0x80007ae6 (0x00779d33) x26 0xa5d683f8
core   0: 0x80007aea (0x00008f06) c.mv    t5, ra
core   0: 3 0x80007aea (0x8f06) x30 0x00000000
core   0: 0x80007aec (0x009ee8b3) or      a7, t4, s1
core   0: 3 0x80007aec (0x009ee8b3) x17 0x8000fe64
core   0: 0x80007af0 (0x2b26e013) ori     zero, a3, 690
core   0: 3 0x80007af0 (0x2b26e013)
core   0: 0x80007af4 (0x021660b3) rem     ra, a2, ra
core   0: 3 0x80007af4 (0x021660b3) x 1 0x00000000
core   0: 0x80007af8 (0xe6822013) slti    zero, tp, -408
core   0: 3 0x80007af8 (0xe6822013)
core   0: 0x80007afc (0x40fbd013) srai    zero, s7, 15
core   0: 3 0x80007afc (0x40fbd013)
core   0: 0x80007b00 (0x02f27433) remu    s0, tp, a5
core   0: 3 0x80007b00 (0x02f27433) x 8 0x00000000
core   0: 0x80007b04 (0x1f91e913) ori     s2, gp, 505
core   0: 3 0x80007b04 (0x1f91e913) x18 0x000001f9
core   0: 0x80007b08 (0x00c3c9b3) xor     s3, t2, a2
core   0: 3 0x80007b08 (0x00c3c9b3) x19 0x00000163
core   0: 0x80007b0c (0x40f48633) sub     a2, s1, a5
core   0: 3 0x80007b0c (0x40f48633) x12 0x4b462de5
core   0: 0x80007b10 (0x000081c5) c.srli  a1, 17
core   0: 3 0x80007b10 (0x81c5) x11 0x00000000
core   0: 0x80007b12 (0x0068d233) srl     tp, a7, t1
core   0: 3 0x80007b12 (0x0068d233) x 4 0x00000001
core   0: 0x80007b16 (0x00b6ef33) or      t5, a3, a1
core   0: 3 0x80007b16 (0x00b6ef33) x30 0xb4bbcee3
core   0: 0x80007b1a (0x7bfaf413) andi    s0, s5, 1983
core   0: 3 0x80007b1a (0x7bfaf413) x 8 0x0000073f
core   0: 0x80007b1e (0x0000717d) c.addi16sp sp, -16
core   0: 3 0x80007b1e (0x717d) x 2 0xfffffe8d
core   0: 0x80007b20 (0x3f9dfd13) andi    s10, s11, 1017
core   0: 3 0x80007b20 (0x3f9dfd13) x26 0x00000000
core   0: 0x80007b24 (0xfe6961b7) lui     gp, 0xfe696
core   0: 3 0x80007b24 (0xfe6961b7) x 3 0xfe696000
core   0: 0x80007b28 (0x003cbe33) sltu    t3, s9, gp
core   0: 3 0x80007b28 (0x003cbe33) x28 0x00000001
core   0: 0x80007b2c (0x8e29ff13) andi    t5, s3, -1822
core   0: 3 0x80007b2c (0x8e29ff13) x30 0x00000062
core   0: 0x80007b30 (0x02c67e33) remu    t3, a2, a2
core   0: 3 0x80007b30 (0x02c67e33) x28 0x00000000
core   0: 0x80007b34 (0x01aaa5b3) slt     a1, s5, s10
core   0: 3 0x80007b34 (0x01aaa5b3) x11 0x00000000
core   0: 0x80007b38 (0x03a4a633) mulhsu  a2, s1, s10
core   0: 3 0x80007b38 (0x03a4a633) x12 0x00000000
core   0: 0x80007b3c (0x41e75093) srai    ra, a4, 30
core   0: 3 0x80007b3c (0x41e75093) x 1 0x00000000
core   0: 0x80007b40 (0x00290433) add     s0, s2, sp
core   0: 3 0x80007b40 (0x00290433) x 8 0x00000086
core   0: 0x80007b44 (0x00008f79) c.and   a4, a4
core   0: 3 0x80007b44 (0x8f79) x14 0x00000000
core   0: 0x80007b46 (0x0000925a) c.add   tp, s6
core   0: 3 0x80007b46 (0x925a) x 4 0x00000001
core   0: 0x80007b48 (0x03e7be33) mulhu   t3, a5, t5
core   0: 3 0x80007b48 (0x03e7be33) x28 0x00000014
core   0: 0x80007b4c (0x0000945a) c.add   s0, s6
core   0: 3 0x80007b4c (0x945a) x 8 0x00000086
core   0: 0x80007b4e (0x65e33c13) sltiu   s8, t1, 1630
core   0: 3 0x80007b4e (0x65e33c13) x24 0x00000000
core   0: 0x80007b52 (0x40b9dc33) sra     s8, s3, a1
core   0: 3 0x80007b52 (0x40b9dc33) x24 0x00000163
core   0: 0x80007b56 (0x02c0e033) rem     zero, ra, a2
core   0: 3 0x80007b56 (0x02c0e033)
core   0: 0x80007b5a (0x00008b91) c.andi  a5, 4
core   0: 3 0x80007b5a (0x8b91) x15 0x00000004
core   0: 0x80007b5c (0x000001fe) c.slli  gp, 31
core   0: 3 0x80007b5c (0x01fe) x 3 0x00000000
core   0: 0x80007b5e (0x00498733) add     a4, s3, tp
core   0: 3 0x80007b5e (0x00498733) x14 0x00000164
core   0: 0x80007b62 (0x401e0bb3) sub     s7, t3, ra
core   0: 3 0x80007b62 (0x401e0bb3) x23 0x00000014
core   0: 0x80007b66 (0x00009752) c.add   a4, s4
core   0: 3 0x80007b66 (0x9752) x14 0x5df1ab9a
core   0: 0x80007b68 (0x02e0bc33) mulhu   s8, ra, a4
core   0: 3 0x80007b68 (0x02e0bc33) x24 0x00000000
core   0: 0x80007b6c (0x01fad113) srli    sp, s5, 31
core   0: 3 0x80007b6c (0x01fad113) x 2 0x00000000
core   0: 0x80007b70 (0x96e5e893) ori     a7, a1, -1682
core   0: 3 0x80007b70 (0x96e5e893) x17 0xfffff96e
core   0: 0x80007b74 (0x0008b6b3) sltu    a3, a7, zero
core   0: 3 0x80007b74 (0x0008b6b3) x13 0x00000000
core   0: 0x80007b78 (0x40f65d13) srai    s10, a2, 15
core   0: 3 0x80007b78 (0x40f65d13) x26 0x00000000
core   0: 0x80007b7c (0x01fd6633) or      a2, s10, t6
core   0: 3 0x80007b7c (0x01fd6633) x12 0x0000057f
core   0: 0x80007b80 (0x01b51c33) sll     s8, a0, s11
core   0: 3 0x80007b80 (0x01b51c33) x24 0x5df1aa36
core   0: 0x80007b84 (0x0000041a) c.slli  s0, 6
core   0: 3 0x80007b84 (0x041a) x 8 0x00002180
core   0: 0x80007b86 (0x4195d413) srai    s0, a1, 25
core   0: 3 0x80007b86 (0x4195d413) x 8 0x00000000
core   0: 0x80007b8a (0x01f7beb3) sltu    t4, a5, t6
core   0: 3 0x80007b8a (0x01f7beb3) x29 0x00000001
core   0: 0x80007b8e (0x0000717d) c.addi16sp sp, -16
core   0: 3 0x80007b8e (0x717d) x 2 0xfffffff0
core   0: 0x80007b90 (0x024c4f33) div     t5, s8, tp
core   0: 3 0x80007b90 (0x024c4f33) x30 0x5df1aa36
core   0: 0x80007b94 (0x00008f39) c.xor   a4, a4
core   0: 3 0x80007b94 (0x8f39) x14 0x00000000
core   0: 0x80007b96 (0x0000987d) c.andi  s0, -1
core   0: 3 0x80007b96 (0x987d) x 8 0x00000000
core   0: 0x80007b98 (0x026bd333) divu    t1, s7, t1
core   0: 3 0x80007b98 (0x026bd333) x 6 0x00000000
core   0: 0x80007b9c (0x00005efd) c.li    t4, -1
core   0: 3 0x80007b9c (0x5efd) x29 0xffffffff
core   0: 0x80007b9e (0x03c77133) remu    sp, a4, t3
core   0: 3 0x80007b9e (0x03c77133) x 2 0x00000000
core   0: 0x80007ba2 (0x00006df1) c.lui   s11, 0x1c
core   0: 3 0x80007ba2 (0x6df1) x27 0x0001c000
core   0: 0x80007ba4 (0x52bbbb13) sltiu   s6, s7, 1323
core   0: 3 0x80007ba4 (0x52bbbb13) x22 0x00000001
core   0: 0x80007ba8 (0x033e95b3) mulh    a1, t4, s3
core   0: 3 0x80007ba8 (0x033e95b3) x11 0xffffffff
core   0: 0x80007bac (0x00008ff5) c.and   a5, a3
core   0: 3 0x80007bac (0x8ff5) x15 0x00000000
core   0: 0x80007bae (0x036bac33) mulhsu  s8, s7, s6
core   0: 3 0x80007bae (0x036bac33) x24 0x00000000
core   0: 0x80007bb2 (0x00000094) c.addi4spn a3, sp, 64
core   0: 3 0x80007bb2 (0x0094) x13 0x00000040
core   0: 0x80007bb4 (0x012d80b3) add     ra, s11, s2
core   0: 3 0x80007bb4 (0x012d80b3) x 1 0x0001c1f9
core   0: 0x80007bb8 (0x00ac0233) add     tp, s8, a0
core   0: 3 0x80007bb8 (0x00ac0233) x 4 0x5df1aa36
core   0: 0x80007bbc (0x9c4c68b7) lui     a7, 0x9c4c6
core   0: 3 0x80007bbc (0x9c4c68b7) x17 0x9c4c6000
core   0: 0x80007bc0 (0x00008fd9) c.or    a5, a4
core   0: 3 0x80007bc0 (0x8fd9) x15 0x00000000
core   0: 0x80007bc2 (0x00004ef5) c.li    t4, 29
core   0: 3 0x80007bc2 (0x4ef5) x29 0x0000001d
core   0: 0x80007bc4 (0x000007dd) c.addi  a5, 23
core   0: 3 0x80007bc4 (0x07dd) x15 0x00000017
core   0: 0x80007bc6 (0x035e9eb3) mulh    t4, t4, s5
core   0: 3 0x80007bc6 (0x035e9eb3) x29 0x00000000
core   0: 0x80007bca (0x00008db1) c.xor   a1, a2
core   0: 3 0x80007bca (0x8db1) x11 0xfffffa80
core   0: 0x80007bcc (0x004df6b3) and     a3, s11, tp
core   0: 3 0x80007bcc (0x004df6b3) x13 0x00018000
core   0: 0x80007bd0 (0x6a401a17) auipc   s4, 0x6a401
core   0: 3 0x80007bd0 (0x6a401a17) x20 0xea408bd0
core   0: 0x80007bd4 (0x00008e8d) c.sub   a3, a1
core   0: 3 0x80007bd4 (0x8e8d) x13 0x00018580
core   0: 0x80007bd6 (0x00008691) c.srai  a3, 4
core   0: 3 0x80007bd6 (0x8691) x13 0x00001858
core   0: 0x80007bd8 (0x00000001) c.nop
core   0: 3 0x80007bd8 (0x0001)
core   0: 0x80007bda (0x00000f6e) c.slli  t5, 27
core   0: 3 0x80007bda (0x0f6e) x30 0xb0000000
core   0: 0x80007bdc (0xfc1dce17) auipc   t3, 0xfc1dc
core   0: 3 0x80007bdc (0xfc1dce17) x28 0x7c1e3bdc
core   0: 0x80007be0 (0x40f680b3) sub     ra, a3, a5
core   0: 3 0x80007be0 (0x40f680b3) x 1 0x00001841
core   0: 0x80007be4 (0x40825213) srai    tp, tp, 8
core   0: 3 0x80007be4 (0x40825213) x 4 0x005df1aa
core   0: 0x80007be8 (0x6af8ae13) slti    t3, a7, 1711
core   0: 3 0x80007be8 (0x6af8ae13) x28 0x00000001
core   0: 0x80007bec (0x00008ae5) c.andi  a3, 25
core   0: 3 0x80007bec (0x8ae5) x13 0x00000018
core   0: 0x80007bee (0x00009996) c.add   s3, t0
core   0: 3 0x80007bee (0x9996) x19 0x0080015a
core   0: 0x80007bf0 (0x4045da13) srai    s4, a1, 4
core   0: 3 0x80007bf0 (0x4045da13) x20 0xffffffa8
core   0: 0x80007bf4 (0x00000001) c.nop
core   0: 3 0x80007bf4 (0x0001)
core   0: 0x80007bf6 (0x02bc9ab3) mulh    s5, s9, a1
core   0: 3 0x80007bf6 (0x02bc9ab3) x21 0x00000000
core   0: 0x80007bfa (0x26988d13) addi    s10, a7, 617
core   0: 3 0x80007bfa (0x26988d13) x26 0x9c4c6269
core   0: 0x80007bfe (0x313b3113) sltiu   sp, s6, 787
core   0: 3 0x80007bfe (0x313b3113) x 2 0x00000001
core   0: 0x80007c02 (0x02df0bb3) mul     s7, t5, a3
core   0: 3 0x80007c02 (0x02df0bb3) x23 0x80000000
core   0: 0x80007c06 (0x00008c29) c.xor   s0, a0
core   0: 3 0x80007c06 (0x8c29) x 8 0x5df1aa36
core   0: 0x80007c08 (0x021d41b3) div     gp, s10, ra
core   0: 3 0x80007c08 (0x021d41b3) x 3 0xfffbe3a7
core   0: 0x80007c0c (0x01ecb6b3) sltu    a3, s9, t5
core   0: 3 0x80007c0c (0x01ecb6b3) x13 0x00000001
core   0: 0x80007c10 (0x0159f9b3) and     s3, s3, s5
core   0: 3 0x80007c10 (0x0159f9b3) x19 0x00000000
core   0: 0x80007c14 (0x00008d89) c.sub   a1, a0
core   0: 3 0x80007c14 (0x8d89) x11 0xa20e504a
core   0: 0x80007c16 (0x30dbb693) sltiu   a3, s7, 781
core   0: 3 0x80007c16 (0x30dbb693) x13 0x00000000
core   0: 0x80007c1a (0x00b27ab3) and     s5, tp, a1
core   0: 3 0x80007c1a (0x00b27ab3) x21 0x000c500a
core   0: 0x80007c1e (0x0000943a) c.add   s0, a4
core   0: 3 0x80007c1e (0x943a) x 8 0x5df1aa36
core   0: 0x80007c20 (0x012e8733) add     a4, t4, s2
core   0: 3 0x80007c20 (0x012e8733) x14 0x000001f9
core   0: 0x80007c24 (0x00000f56) c.slli  t5, 21
core   0: 3 0x80007c24 (0x0f56) x30 0x00000000
core   0: 0x80007c26 (0x025f09b3) mul     s3, t5, t0
core   0: 3 0x80007c26 (0x025f09b3) x19 0x00000000
core   0: 0x80007c2a (0x75872893) slti    a7, a4, 1880
core   0: 3 0x80007c2a (0x75872893) x17 0x00000001
core   0: 0x80007c2e (0x000003d5) c.addi  t2, 21
core   0: 3 0x80007c2e (0x03d5) x 7 0x00000178
core   0: 0x80007c30 (0x40d95c13) srai    s8, s2, 13
core   0: 3 0x80007c30 (0x40d95c13) x24 0x00000000
core   0: 0x80007c34 (0x007bd993) srli    s3, s7, 7
core   0: 3 0x80007c34 (0x007bd993) x19 0x01000000
core   0: 0x80007c38 (0x03093c33) mulhu   s8, s2, a6
core   0: 3 0x80007c38 (0x03093c33) x24 0x000000fc
core   0: 0x80007c3c (0x014f40b3) xor     ra, t5, s4
core   0: 3 0x80007c3c (0x014f40b3) x 1 0xffffffa8
core   0: 0x80007c40 (0x01d0b433) sltu    s0, ra, t4
core   0: 3 0x80007c40 (0x01d0b433) x 8 0x00000000
core   0: 0x80007c44 (0xefe77713) andi    a4, a4, -258
core   0: 3 0x80007c44 (0xefe77713) x14 0x000000f8
core   0: 0x80007c48 (0x00008ee5) c.and   a3, s1
core   0: 3 0x80007c48 (0x8ee5) x13 0x00000000
core   0: 0x80007c4a (0x1c6ccf93) xori    t6, s9, 454
core   0: 3 0x80007c4a (0x1c6ccf93) x31 0x000001c6
core   0: 0x80007c4e (0x02c32933) mulhsu  s2, t1, a2
core   0: 3 0x80007c4e (0x02c32933) x18 0x00000000
core   0: 0x80007c52 (0x0116a933) slt     s2, a3, a7
core   0: 3 0x80007c52 (0x0116a933) x18 0x00000001
core   0: 0x80007c56 (0x032a71b3) remu    gp, s4, s2
core   0: 3 0x80007c56 (0x032a71b3) x 3 0x00000000
core   0: 0x80007c5a (0x4793f893) andi    a7, t2, 1145
core   0: 3 0x80007c5a (0x4793f893) x17 0x00000078
core   0: 0x80007c5e (0x01935c33) srl     s8, t1, s9
core   0: 3 0x80007c5e (0x01935c33) x24 0x00000000
core   0: 0x80007c62 (0x00008021) c.srli  s0, 8
core   0: 3 0x80007c62 (0x8021) x 8 0x00000000
core   0: 0x80007c64 (0x000081d1) c.srli  a1, 20
core   0: 3 0x80007c64 (0x81d1) x11 0x00000a20
core   0: 0x80007c66 (0x00d73bb3) sltu    s7, a4, a3
core   0: 3 0x80007c66 (0x00d73bb3) x23 0x00000000
core   0: 0x80007c6a (0x00008d21) c.xor   a0, s0
core   0: 3 0x80007c6a (0x8d21) x10 0x5df1aa36
core   0: 0x80007c6c (0x00000001) c.nop
core   0: 3 0x80007c6c (0x0001)
core   0: 0x80007c6e (0x00008bc5) c.andi  a5, 17
core   0: 3 0x80007c6e (0x8bc5) x15 0x00000011
core   0: 0x80007c70 (0x00009b12) c.add   s6, tp
core   0: 3 0x80007c70 (0x9b12) x22 0x005df1ab
core   0: 0x80007c72 (0x000099fd) c.andi  a1, -1
core   0: 3 0x80007c72 (0x99fd) x11 0x00000a20
core   0: 0x80007c74 (0xd1d57093) andi    ra, a0, -739
core   0: 3 0x80007c74 (0xd1d57093) x 1 0x5df1a814
core   0: 0x80007c78 (0x00008ea9) c.xor   a3, a0
core   0: 3 0x80007c78 (0x8ea9) x13 0x5df1aa36
core   0: 0x80007c7a (0x00000001) c.nop
core   0: 3 0x80007c7a (0x0001)
core   0: 0x80007c7c (0x0000054d) c.addi  a0, 19
core   0: 3 0x80007c7c (0x054d) x10 0x5df1aa49
core   0: 0x80007c7e (0x00c443b3) xor     t2, s0, a2
core   0: 3 0x80007c7e (0x00c443b3) x 7 0x0000057f
core   0: 0x80007c82 (0x00ce7c33) and     s8, t3, a2
core   0: 3 0x80007c82 (0x00ce7c33) x24 0x00000001
core   0: 0x80007c86 (0x000019fd) c.addi  s3, -1
core   0: 3 0x80007c86 (0x19fd) x19 0x00ffffff
core   0: 0x80007c88 (0x40ba5793) srai    a5, s4, 11
core   0: 3 0x80007c88 (0x40ba5793) x15 0xffffffff
core   0: 0x80007c8c (0x028071b3) remu    gp, zero, s0
core   0: 3 0x80007c8c (0x028071b3) x 3 0x00000000
core   0: 0x80007c90 (0x000009e1) c.addi  s3, 24
core   0: 3 0x80007c90 (0x09e1) x19 0x01000017
core   0: 0x80007c92 (0x00008e42) c.mv    t3, a6
core   0: 3 0x80007c92 (0x8e42) x28 0x80013ce4
core   0: 0x80007c94 (0x01449733) sll     a4, s1, s4
core   0: 3 0x80007c94 (0x01449733) x14 0x00fe6400
core   0: 0x80007c98 (0x00c47733) and     a4, s0, a2
core   0: 3 0x80007c98 (0x00c47733) x14 0x00000000
core   0: 0x80007c9c (0x40455d93) srai    s11, a0, 4
core   0: 3 0x80007c9c (0x40455d93) x27 0x05df1aa4
core   0: 0x80007ca0 (0x408c5333) sra     t1, s8, s0
core   0: 3 0x80007ca0 (0x408c5333) x 6 0x00000001
core   0: 0x80007ca4 (0xac810713) addi    a4, sp, -1336
core   0: 3 0x80007ca4 (0xac810713) x14 0xfffffac9
core   0: 0x80007ca8 (0x00008ff5) c.and   a5, a3
core   0: 3 0x80007ca8 (0x8ff5) x15 0x5df1aa36
core   0: 0x80007caa (0x034ed8b3) divu    a7, t4, s4
core   0: 3 0x80007caa (0x034ed8b3) x17 0x00000000
core   0: 0x80007cae (0xd7ea8f13) addi    t5, s5, -642
core   0: 3 0x80007cae (0xd7ea8f13) x30 0x000c4d88
core   0: 0x80007cb2 (0x77533713) sltiu   a4, t1, 1909
core   0: 3 0x80007cb2 (0x77533713) x14 0x00000001
core   0: 0x80007cb6 (0x00000f76) c.slli  t5, 29
core   0: 3 0x80007cb6 (0x0f76) x30 0x00000000
core   0: 0x80007cb8 (0x00000810) c.addi4spn a2, sp, 16
core   0: 3 0x80007cb8 (0x0810) x12 0x00000011
core   0: 0x80007cba (0x40e30c33) sub     s8, t1, a4
core   0: 3 0x80007cba (0x40e30c33) x24 0x00000000
core   0: 0x80007cbe (0x02391433) mulh    s0, s2, gp
core   0: 3 0x80007cbe (0x02391433) x 8 0x00000000
core   0: 0x80007cc2 (0x02f51533) mulh    a0, a0, a5
core   0: 3 0x80007cc2 (0x02f51533) x10 0x227979d4
core   0: 0x80007cc6 (0x00008e1d) c.sub   a2, a5
core   0: 3 0x80007cc6 (0x8e1d) x12 0xa20e55db
core   0: 0x80007cc8 (0x03f3f133) remu    sp, t2, t6
core   0: 3 0x80007cc8 (0x03f3f133) x 2 0x0000002d
core   0: 0x80007ccc (0x02badb33) divu    s6, s5, a1
core   0: 3 0x80007ccc (0x02badb33) x22 0x00000137
core   0: 0x80007cd0 (0x021222b3) mulhsu  t0, tp, ra
core   0: 3 0x80007cd0 (0x021222b3) x 5 0x00227978
core   0: 0x80007cd4 (0x03a77bb3) remu    s7, a4, s10
core   0: 3 0x80007cd4 (0x03a77bb3) x23 0x00000001
core   0: 0x80007cd8 (0x02affbb7) lui     s7, 0x2aff
core   0: 3 0x80007cd8 (0x02affbb7) x23 0x02aff000
core   0: 0x80007cdc (0x031290b3) mulh    ra, t0, a7
core   0: 3 0x80007cdc (0x031290b3) x 1 0x00000000
core   0: 0x80007ce0 (0x01d52133) slt     sp, a0, t4
core   0: 3 0x80007ce0 (0x01d52133) x 2 0x00000000
core   0: 0x80007ce4 (0x15457113) andi    sp, a0, 340
core   0: 3 0x80007ce4 (0x15457113) x 2 0x00000154
core   0: 0x80007ce8 (0x01316e33) or      t3, sp, s3
core   0: 3 0x80007ce8 (0x01316e33) x28 0x01000157
core   0: 0x80007cec (0xb89c0793) addi    a5, s8, -1143
core   0: 3 0x80007cec (0xb89c0793) x15 0xfffffb89
core   0: 0x80007cf0 (0x000083be) c.mv    t2, a5
core   0: 3 0x80007cf0 (0x83be) x 7 0xfffffb89
core   0: 0x80007cf2 (0x00af5a13) srli    s4, t5, 10
core   0: 3 0x80007cf2 (0x00af5a13) x20 0x00000000
core   0: 0x80007cf6 (0x0202b8b3) mulhu   a7, t0, zero
core   0: 3 0x80007cf6 (0x0202b8b3) x17 0x00000000
core   0: 0x80007cfa (0x02b8c0b3) div     ra, a7, a1
core   0: 3 0x80007cfa (0x02b8c0b3) x 1 0x00000000
core   0: 0x80007cfe (0x000062ad) c.lui   t0, 0xb
core   0: 3 0x80007cfe (0x62ad) x 5 0x0000b000
core   0: 0x80007d00 (0x03773733) mulhu   a4, a4, s7
core   0: 3 0x80007d00 (0x03773733) x14 0x00000000
core   0: 0x80007d04 (0xf80b2413) slti    s0, s6, -128
core   0: 3 0x80007d04 (0xf80b2413) x 8 0x00000000
core   0: 0x80007d08 (0x000092a2) c.add   t0, s0
core   0: 3 0x80007d08 (0x92a2) x 5 0x0000b000
core   0: 0x80007d0a (0x97560993) addi    s3, a2, -1675
core   0: 3 0x80007d0a (0x97560993) x19 0xa20e4f50
core   0: 0x80007d0e (0x0000717d) c.addi16sp sp, -16
core   0: 3 0x80007d0e (0x717d) x 2 0x00000144
core   0: 0x80007d10 (0x00008e5d) c.or    a2, a5
core   0: 3 0x80007d10 (0x8e5d) x12 0xffffffdb
core   0: 0x80007d12 (0xba037a93) andi    s5, t1, -1120
core   0: 3 0x80007d12 (0xba037a93) x21 0x00000000
core   0: 0x80007d16 (0x0000597d) c.li    s2, -1
core   0: 3 0x80007d16 (0x597d) x18 0xffffffff
core   0: 0x80007d18 (0x02b4b7b3) mulhu   a5, s1, a1
core   0: 3 0x80007d18 (0x02b4b7b3) x15 0x00000510
core   0: 0x80007d1c (0x5d357193) andi    gp, a0, 1491
core   0: 3 0x80007d1c (0x5d357193) x 3 0x000001d0
core   0: 0x80007d20 (0x592b6613) ori     a2, s6, 1426
core   0: 3 0x80007d20 (0x592b6613) x12 0x000005b7
core   0: 0x80007d24 (0x86772093) slti    ra, a4, -1945
core   0: 3 0x80007d24 (0x86772093) x 1 0x00000000
core   0: 0x80007d28 (0x033a5e33) divu    t3, s4, s3
core   0: 3 0x80007d28 (0x033a5e33) x28 0x00000000
core   0: 0x80007d2c (0x00000b36) c.slli  s6, 13
core   0: 3 0x80007d2c (0x0b36) x22 0x0026e000
core   0: 0x80007d2e (0x03780133) mul     sp, a6, s7
core   0: 3 0x80007d2e (0x03780133) x 2 0x90f1c000
core   0: 0x80007d32 (0x00008536) c.mv    a0, a3
core   0: 3 0x80007d32 (0x8536) x10 0x5df1aa36
core   0: 0x80007d34 (0x032321b3) mulhsu  gp, t1, s2
core   0: 3 0x80007d34 (0x032321b3) x 3 0x00000000
core   0: 0x80007d38 (0x016cd593) srli    a1, s9, 22
core   0: 3 0x80007d38 (0x016cd593) x11 0x00000000
core   0: 0x80007d3c (0x00a07b33) and     s6, zero, a0
core   0: 3 0x80007d3c (0x00a07b33) x22 0x00000000
core   0: 0x80007d40 (0x0010d713) srli    a4, ra, 1
core   0: 3 0x80007d40 (0x0010d713) x14 0x00000000
core   0: 0x80007d44 (0x3aa93393) sltiu   t2, s2, 938
core   0: 3 0x80007d44 (0x3aa93393) x 7 0x00000000
core   0: 0x80007d48 (0xfef38593) addi    a1, t2, -17
core   0: 3 0x80007d48 (0xfef38593) x11 0xffffffef
core   0: 0x80007d4c (0x01be36b3) sltu    a3, t3, s11
core   0: 3 0x80007d4c (0x01be36b3) x13 0x00000001
core   0: 0x80007d50 (0x9ec6cd93) xori    s11, a3, -1556
core   0: 3 0x80007d50 (0x9ec6cd93) x27 0xfffff9ed
core   0: 0x80007d54 (0x00001a7d) c.addi  s4, -1
core   0: 3 0x80007d54 (0x1a7d) x20 0xffffffff
core   0: 0x80007d56 (0x017e2233) slt     tp, t3, s7
core   0: 3 0x80007d56 (0x017e2233) x 4 0x00000001
core   0: 0x80007d5a (0x01b83633) sltu    a2, a6, s11
core   0: 3 0x80007d5a (0x01b83633) x12 0x00000001
core   0: 0x80007d5e (0x00008e75) c.and   a2, a3
core   0: 3 0x80007d5e (0x8e75) x12 0x00000001
core   0: 0x80007d60 (0x027ab9b3) mulhu   s3, s5, t2
core   0: 3 0x80007d60 (0x027ab9b3) x19 0x00000000
core   0: 0x80007d64 (0x02d88b33) mul     s6, a7, a3
core   0: 3 0x80007d64 (0x02d88b33) x22 0x00000000
core   0: 0x80007d68 (0x02e5ffb3) remu    t6, a1, a4
core   0: 3 0x80007d68 (0x02e5ffb3) x31 0xffffffef
core   0: 0x80007d6c (0x03244633) div     a2, s0, s2
core   0: 3 0x80007d6c (0x03244633) x12 0x00000000
core   0: 0x80007d70 (0x0000717d) c.addi16sp sp, -16
core   0: 3 0x80007d70 (0x717d) x 2 0x90f1bff0
core   0: 0x80007d72 (0xcc60b413) sltiu   s0, ra, -826
core   0: 3 0x80007d72 (0xcc60b413) x 8 0x00000001
core   0: 0x80007d76 (0x00921933) sll     s2, tp, s1
core   0: 3 0x80007d76 (0x00921933) x18 0x00000010
core   0: 0x80007d7a (0x00008995) c.andi  a1, 5
core   0: 3 0x80007d7a (0x8995) x11 0x00000005
core   0: 0x80007d7c (0x0326c0b3) div     ra, a3, s2
core   0: 3 0x80007d7c (0x0326c0b3) x 1 0x00000000
core   0: 0x80007d80 (0x00008fd5) c.or    a5, a3
core   0: 3 0x80007d80 (0x8fd5) x15 0x00000511
core   0: 0x80007d82 (0x000082d1) c.srli  a3, 20
core   0: 3 0x80007d82 (0x82d1) x13 0x00000000
core   0: 0x80007d84 (0x00008d49) c.or    a0, a0
core   0: 3 0x80007d84 (0x8d49) x10 0x5df1aa36
core   0: 0x80007d86 (0x00009a7d) c.andi  a2, -1
core   0: 3 0x80007d86 (0x9a7d) x12 0x00000000
core   0: 0x80007d88 (0x0d213f93) sltiu   t6, sp, 210
core   0: 3 0x80007d88 (0x0d213f93) x31 0x00000000
core   0: 0x80007d8c (0x03d8b533) mulhu   a0, a7, t4
core   0: 3 0x80007d8c (0x03d8b533) x10 0x00000000
core   0: 0x80007d90 (0x028aa333) mulhsu  t1, s5, s0
core   0: 3 0x80007d90 (0x028aa333) x 6 0x00000000
core   0: 0x80007d94 (0x02db21b3) mulhsu  gp, s6, a3
core   0: 3 0x80007d94 (0x02db21b3) x 3 0x00000000
core   0: 0x80007d98 (0x00000772) c.slli  a4, 28
core   0: 3 0x80007d98 (0x0772) x14 0x00000000
core   0: 0x80007d9a (0x01f857b3) srl     a5, a6, t6
core   0: 3 0x80007d9a (0x01f857b3) x15 0x80013ce4
core   0: 0x80007d9e (0x00008279) c.srli  a2, 30
core   0: 3 0x80007d9e (0x8279) x12 0x00000000
core   0: 0x80007da0 (0x00008a5a) c.mv    s4, s6
core   0: 3 0x80007da0 (0x8a5a) x20 0x00000000
core   0: 0x80007da2 (0x000dd433) srl     s0, s11, zero
core   0: 3 0x80007da2 (0x000dd433) x 8 0xfffff9ed
core   0: 0x80007da6 (0xb71c9a17) auipc   s4, 0xb71c9
core   0: 3 0x80007da6 (0xb71c9a17) x20 0x371d0da6
core   0: 0x80007daa (0x00008069) c.srli  s0, 26
core   0: 3 0x80007daa (0x8069) x 8 0x0000003f
core   0: 0x80007dac (0x011d1433) sll     s0, s10, a7
core   0: 3 0x80007dac (0x011d1433) x 8 0x9c4c6269
core   0: 0x80007db0 (0x00008405) c.srai  s0, 1
core   0: 3 0x80007db0 (0x8405) x 8 0xce263134
core   0: 0x80007db2 (0x0210d533) divu    a0, ra, ra
core   0: 3 0x80007db2 (0x0210d533) x10 0xffffffff
core   0: 0x80007db6 (0x4a8b4013) xori    zero, s6, 1192
core   0: 3 0x80007db6 (0x4a8b4013)
core   0: 0x80007dba (0xf568c293) xori    t0, a7, -170
core   0: 3 0x80007dba (0xf568c293) x 5 0xffffff56
core   0: 0x80007dbe (0x000082a5) c.srli  a3, 9
core   0: 3 0x80007dbe (0x82a5) x13 0x00000000
core   0: 0x80007dc0 (0x006acdb3) xor     s11, s5, t1
core   0: 3 0x80007dc0 (0x006acdb3) x27 0x00000000
core   0: 0x80007dc4 (0x00bfab33) slt     s6, t6, a1
core   0: 3 0x80007dc4 (0x00bfab33) x22 0x00000001
core   0: 0x80007dc8 (0x00006421) c.lui   s0, 0x8
core   0: 3 0x80007dc8 (0x6421) x 8 0x00008000
core   0: 0x80007dca (0x00b6a433) slt     s0, a3, a1
core   0: 3 0x80007dca (0x00b6a433) x 8 0x00000001
core   0: 0x80007dce (0x002bed33) or      s10, s7, sp
core   0: 3 0x80007dce (0x002bed33) x26 0x92fffff0
core   0: 0x80007dd2 (0x018c5913) srli    s2, s8, 24
core   0: 3 0x80007dd2 (0x018c5913) x18 0x00000000
core   0: 0x80007dd6 (0xb8ceb413) sltiu   s0, t4, -1140
core   0: 3 0x80007dd6 (0xb8ceb413) x 8 0x00000001
core   0: 0x80007dda (0x00008d0e) c.mv    s10, gp
core   0: 3 0x80007dda (0x8d0e) x26 0x00000000
core   0: 0x80007ddc (0x000087c9) c.srai  a5, 18
core   0: 3 0x80007ddc (0x87c9) x15 0xffffe000
core   0: 0x80007dde (0x00006889) c.lui   a7, 0x2
core   0: 3 0x80007dde (0x6889) x17 0x00002000
core   0: 0x80007de0 (0x00000001) c.nop
core   0: 3 0x80007de0 (0x0001)
core   0: 0x80007de2 (0x00004529) c.li    a0, 10
core   0: 3 0x80007de2 (0x4529) x10 0x0000000a
core   0: 0x80007de4 (0x012566b3) or      a3, a0, s2
core   0: 3 0x80007de4 (0x012566b3) x13 0x0000000a
core   0: 0x80007de8 (0x00674433) xor     s0, a4, t1
core   0: 3 0x80007de8 (0x00674433) x 8 0x00000000
core   0: 0x80007dec (0x0e7e8a17) auipc   s4, 0xe7e8
core   0: 3 0x80007dec (0x0e7e8a17) x20 0x8e7efdec
core   0: 0x80007df0 (0x0370aa33) mulhsu  s4, ra, s7
core   0: 3 0x80007df0 (0x0370aa33) x20 0x00000000
core   0: 0x80007df4 (0x008760b3) or      ra, a4, s0
core   0: 3 0x80007df4 (0x008760b3) x 1 0x00000000
core   0: 0x80007df8 (0x0180c3b3) xor     t2, ra, s8
core   0: 3 0x80007df8 (0x0180c3b3) x 7 0x00000000
core   0: 0x80007dfc (0x41e358b3) sra     a7, t1, t5
core   0: 3 0x80007dfc (0x41e358b3) x17 0x00000000
core   0: 0x80007e00 (0x00000322) c.slli  t1, 8
core   0: 3 0x80007e00 (0x0322) x 6 0x00000000
core   0: 0x80007e02 (0x40fed533) sra     a0, t4, a5
core   0: 3 0x80007e02 (0x40fed533) x10 0x00000000
core   0: 0x80007e06 (0x4f2f0913) addi    s2, t5, 1266
core   0: 3 0x80007e06 (0x4f2f0913) x18 0x000004f2
core   0: 0x80007e0a (0x00000941) c.addi  s2, 16
core   0: 3 0x80007e0a (0x0941) x18 0x00000502
core   0: 0x80007e0c (0x0000657d) c.lui   a0, 0x1f
core   0: 3 0x80007e0c (0x657d) x10 0x0001f000
core   0: 0x80007e0e (0x0000597d) c.li    s2, -1
core   0: 3 0x80007e0e (0x597d) x18 0xffffffff
core   0: 0x80007e10 (0x00a442b3) xor     t0, s0, a0
core   0: 3 0x80007e10 (0x00a442b3) x 5 0x0001f000
core   0: 0x80007e14 (0x00008f4d) c.or    a4, a1
core   0: 3 0x80007e14 (0x8f4d) x14 0x00000005
core   0: 0x80007e16 (0x4ec9b393) sltiu   t2, s3, 1260
core   0: 3 0x80007e16 (0x4ec9b393) x 7 0x00000001
core   0: 0x80007e1a (0x00000001) c.nop
core   0: 3 0x80007e1a (0x0001)
core   0: 0x80007e1c (0x0342f2b3) remu    t0, t0, s4
core   0: 3 0x80007e1c (0x0342f2b3) x 5 0x0001f000
core   0: 0x80007e20 (0x1c039c17) auipc   s8, 0x1c039
core   0: 3 0x80007e20 (0x1c039c17) x24 0x9c040e20
core   0: 0x80007e24 (0x005f9bb3) sll     s7, t6, t0
core   0: 3 0x80007e24 (0x005f9bb3) x23 0x00000000
core   0: 0x80007e28 (0x00000001) c.nop
core   0: 3 0x80007e28 (0x0001)
core   0: 0x80007e2a (0x401102b3) sub     t0, sp, ra
core   0: 3 0x80007e2a (0x401102b3) x 5 0x90f1bff0
core   0: 0x80007e2e (0x00b1a233) slt     tp, gp, a1
core   0: 3 0x80007e2e (0x00b1a233) x 4 0x00000001
core   0: 0x80007e32 (0x00bda9b3) slt     s3, s11, a1
core   0: 3 0x80007e32 (0x00bda9b3) x19 0x00000001
core   0: 0x80007e36 (0x00008589) c.srai  a1, 2
core   0: 3 0x80007e36 (0x8589) x11 0x00000001
core   0: 0x80007e38 (0x0000925e) c.add   tp, s7
core   0: 3 0x80007e38 (0x925e) x 4 0x00000001
core   0: 0x80007e3a (0x021219b3) mulh    s3, tp, ra
core   0: 3 0x80007e3a (0x021219b3) x19 0x00000000
core   0: 0x80007e3e (0x00000001) c.nop
core   0: 3 0x80007e3e (0x0001)
core   0: 0x80007e40 (0x408e89b3) sub     s3, t4, s0
core   0: 3 0x80007e40 (0x408e89b3) x19 0x00000000
core   0: 0x80007e44 (0x01b71013) slli    zero, a4, 27
core   0: 3 0x80007e44 (0x01b71013)
core   0: 0x80007e48 (0x408ed013) srai    zero, t4, 8
core   0: 3 0x80007e48 (0x408ed013)
core   0: 0x80007e4c (0x75c8a193) slti    gp, a7, 1884
core   0: 3 0x80007e4c (0x75c8a193) x 3 0x00000001
core   0: 0x80007e50 (0xb8ffbc13) sltiu   s8, t6, -1137
core   0: 3 0x80007e50 (0xb8ffbc13) x24 0x00000001
core   0: 0x80007e54 (0x00008c4d) c.or    s0, a1
core   0: 3 0x80007e54 (0x8c4d) x 8 0x00000001
core   0: 0x80007e56 (0x022b4633) div     a2, s6, sp
core   0: 3 0x80007e56 (0x022b4633) x12 0x00000000
core   0: 0x80007e5a (0x0000117d) c.addi  sp, -1
core   0: 3 0x80007e5a (0x117d) x 2 0x90f1bfef
core   0: 0x80007e5c (0x12474a13) xori    s4, a4, 292
core   0: 3 0x80007e5c (0x12474a13) x20 0x00000121
core   0: 0x80007e60 (0x3bdf0f13) addi    t5, t5, 957
core   0: 3 0x80007e60 (0x3bdf0f13) x30 0x000003bd
core   0: 0x80007e64 (0x40fa5233) sra     tp, s4, a5
core   0: 3 0x80007e64 (0x40fa5233) x 4 0x00000121
core   0: 0x80007e68 (0x8a5e4b17) auipc   s6, 0x8a5e4
core   0: 3 0x80007e68 (0x8a5e4b17) x22 0x0a5ebe68
core   0: 0x80007e6c (0x003bdab3) srl     s5, s7, gp
core   0: 3 0x80007e6c (0x003bdab3) x21 0x00000000
core   0: 0x80007e70 (0x00006fed) c.lui   t6, 0x1b
core   0: 3 0x80007e70 (0x6fed) x31 0x0001b000
core   0: 0x80007e72 (0x00008325) c.srli  a4, 9
core   0: 3 0x80007e72 (0x8325) x14 0x00000000
core   0: 0x80007e74 (0xadce4013) xori    zero, t3, -1316
core   0: 3 0x80007e74 (0xadce4013)
core   0: 0x80007e78 (0x000001a6) c.slli  gp, 9
core   0: 3 0x80007e78 (0x01a6) x 3 0x00000200
core   0: 0x80007e7a (0x03dd89b3) mul     s3, s11, t4
core   0: 3 0x80007e7a (0x03dd89b3) x19 0x00000000
core   0: 0x80007e7e (0x00004c5d) c.li    s8, 23
core   0: 3 0x80007e7e (0x4c5d) x24 0x00000017
core   0: 0x80007e80 (0x000000ce) c.slli  ra, 19
core   0: 3 0x80007e80 (0x00ce) x 1 0x00000000
core   0: 0x80007e82 (0xfcce3893) sltiu   a7, t3, -52
core   0: 3 0x80007e82 (0xfcce3893) x17 0x00000001
core   0: 0x80007e86 (0x03f80eb3) mul     t4, a6, t6
core   0: 3 0x80007e86 (0x03f80eb3) x29 0x16c0c000
core   0: 0x80007e8a (0x02ee4533) div     a0, t3, a4
core   0: 3 0x80007e8a (0x02ee4533) x10 0xffffffff
core   0: 0x80007e8e (0x034c2eb3) mulhsu  t4, s8, s4
core   0: 3 0x80007e8e (0x034c2eb3) x29 0x00000000
core   0: 0x80007e92 (0x00ca4b33) xor     s6, s4, a2
core   0: 3 0x80007e92 (0x00ca4b33) x22 0x00000121
core   0: 0x80007e96 (0x00000001) c.nop
core   0: 3 0x80007e96 (0x0001)
core   0: 0x80007e98 (0x000060b1) c.lui   ra, 0xc
core   0: 3 0x80007e98 (0x60b1) x 1 0x0000c000
core   0: 0x80007e9a (0x00008629) c.srai  a2, 10
core   0: 3 0x80007e9a (0x8629) x12 0x00000000
core   0: 0x80007e9c (0xd5e2e893) ori     a7, t0, -674
core   0: 3 0x80007e9c (0xd5e2e893) x17 0xfffffffe
core   0: 0x80007ea0 (0x009be0b3) or      ra, s7, s1
core   0: 3 0x80007ea0 (0x009be0b3) x 1 0x8000fe64
core   0: 0x80007ea4 (0x00006abd) c.lui   s5, 0xf
core   0: 3 0x80007ea4 (0x6abd) x21 0x0000f000
core   0: 0x80007ea6 (0x00008d99) c.sub   a1, a4
core   0: 3 0x80007ea6 (0x8d99) x11 0x00000001
core   0: 0x80007ea8 (0x028a31b3) mulhu   gp, s4, s0
core   0: 3 0x80007ea8 (0x028a31b3) x 3 0x00000000
core   0: 0x80007eac (0x0125d133) srl     sp, a1, s2
core   0: 3 0x80007eac (0x0125d133) x 2 0x00000000
core   0: 0x80007eb0 (0x3b834c13) xori    s8, t1, 952
core   0: 3 0x80007eb0 (0x3b834c13) x24 0x000003b8
core   0: 0x80007eb4 (0x00000001) c.nop
core   0: 3 0x80007eb4 (0x0001)
core   0: 0x80007eb6 (0x0000717d) c.addi16sp sp, -16
core   0: 3 0x80007eb6 (0x717d) x 2 0xfffffff0
core   0: 0x80007eb8 (0x000046fd) c.li    a3, 31
core   0: 3 0x80007eb8 (0x46fd) x13 0x0000001f
core   0: 0x80007eba (0x0029c5b3) xor     a1, s3, sp
core   0: 3 0x80007eba (0x0029c5b3) x11 0xfffffff0
core   0: 0x80007ebe (0xc5eced93) ori     s11, s9, -930
core   0: 3 0x80007ebe (0xc5eced93) x27 0xfffffc5e
core   0: 0x80007ec2 (0x01eeb6b3) sltu    a3, t4, t5
core   0: 3 0x80007ec2 (0x01eeb6b3) x13 0x00000001
core   0: 0x80007ec6 (0x00439413) slli    s0, t2, 4
core   0: 3 0x80007ec6 (0x00439413) x 8 0x00000010
core   0: 0x80007eca (0x00000900) c.addi4spn s0, sp, 144
core   0: 3 0x80007eca (0x0900) x 8 0x00000080
core   0: 0x80007ecc (0x020c4db3) div     s11, s8, zero
core   0: 3 0x80007ecc (0x020c4db3) x27 0xffffffff
core   0: 0x80007ed0 (0x40775193) srai    gp, a4, 7
core   0: 3 0x80007ed0 (0x40775193) x 3 0x00000000
core   0: 0x80007ed4 (0x01f11bb3) sll     s7, sp, t6
core   0: 3 0x80007ed4 (0x01f11bb3) x23 0xfffffff0
core   0: 0x80007ed8 (0x03993033) mulhu   zero, s2, s9
core   0: 3 0x80007ed8 (0x03993033)
core   0: 0x80007edc (0x41aadc13) srai    s8, s5, 26
core   0: 3 0x80007edc (0x41aadc13) x24 0x00000000
core   0: 0x80007ee0 (0x00911033) sll     zero, sp, s1
core   0: 3 0x80007ee0 (0x00911033)
core   0: 0x80007ee4 (0x00008fa9) c.xor   a5, a0
core   0: 3 0x80007ee4 (0x8fa9) x15 0x00001fff
core   0: 0x80007ee6 (0x02cb6db3) rem     s11, s6, a2
core   0: 3 0x80007ee6 (0x02cb6db3) x27 0x00000121
core   0: 0x80007eea (0x0126dbb3) srl     s7, a3, s2
core   0: 3 0x80007eea (0x0126dbb3) x23 0x00000000
core   0: 0x80007eee (0x00001310) c.addi4spn a2, sp, 416
core   0: 3 0x80007eee (0x1310) x12 0x00000190
core   0: 0x80007ef0 (0x2e76e697) auipc   a3, 0x2e76e
core   0: 3 0x80007ef0 (0x2e76e697) x13 0xae775ef0
core   0: 0x80007ef4 (0x4190d313) srai    t1, ra, 25
core   0: 3 0x80007ef4 (0x4190d313) x 6 0xffffffc0
core   0: 0x80007ef8 (0x00006145) c.addi16sp sp, 48
core   0: 3 0x80007ef8 (0x6145) x 2 0x00000020
core   0: 0x80007efa (0xae899237) lui     tp, 0xae899
core   0: 3 0x80007efa (0xae899237) x 4 0xae899000
core   0: 0x80007efe (0x02cbc033) div     zero, s7, a2
core   0: 3 0x80007efe (0x02cbc033)
core   0: 0x80007f02 (0x00008771) c.srai  a4, 28
core   0: 3 0x80007f02 (0x8771) x14 0x00000000
core   0: 0x80007f04 (0x02ae6db3) rem     s11, t3, a0
core   0: 3 0x80007f04 (0x02ae6db3) x27 0x00000000
core   0: 0x80007f08 (0x00008c55) c.or    s0, a3
core   0: 3 0x80007f08 (0x8c55) x 8 0xae775ef0
core   0: 0x80007f0a (0xd2d1aa37) lui     s4, 0xd2d1a
core   0: 3 0x80007f0a (0xd2d1aa37) x20 0xd2d1a000
core   0: 0x80007f0e (0x023b0db3) mul     s11, s6, gp
core   0: 3 0x80007f0e (0x023b0db3) x27 0x00000000
core   0: 0x80007f12 (0x000053fd) c.li    t2, -1
core   0: 3 0x80007f12 (0x53fd) x 7 0xffffffff
core   0: 0x80007f14 (0xc5cfae93) slti    t4, t6, -932
core   0: 3 0x80007f14 (0xc5cfae93) x29 0x00000000
core   0: 0x80007f18 (0x01ac00b3) add     ra, s8, s10
core   0: 3 0x80007f18 (0x01ac00b3) x 1 0x00000000
core   0: 0x80007f1c (0x03d5ec33) rem     s8, a1, t4
core   0: 3 0x80007f1c (0x03d5ec33) x24 0xfffffff0
core   0: 0x80007f20 (0x004998b3) sll     a7, s3, tp
core   0: 3 0x80007f20 (0x004998b3) x17 0x00000000
core   0: 0x80007f24 (0x0000159c) c.addi4spn a5, sp, 736
core   0: 3 0x80007f24 (0x159c) x15 0x00000300
core   0: 0x80007f26 (0x00008c7d) c.and   s0, a5
core   0: 3 0x80007f26 (0x8c7d) x 8 0x00000200
core   0: 0x80007f28 (0x0039bdb3) sltu    s11, s3, gp
core   0: 3 0x80007f28 (0x0039bdb3) x27 0x00000000
core   0: 0x80007f2c (0x015a5733) srl     a4, s4, s5
core   0: 3 0x80007f2c (0x015a5733) x14 0xd2d1a000
core   0: 0x80007f30 (0x000060d9) c.lui   ra, 0x16
core   0: 3 0x80007f30 (0x60d9) x 1 0x00016000
core   0: 0x80007f32 (0x00008571) c.srai  a0, 28
core   0: 3 0x80007f32 (0x8571) x10 0xffffffff
core   0: 0x80007f34 (0x00e59db3) sll     s11, a1, a4
core   0: 3 0x80007f34 (0x00e59db3) x27 0xfffffff0
core   0: 0x80007f38 (0x0112aab3) slt     s5, t0, a7
core   0: 3 0x80007f38 (0x0112aab3) x21 0x00000001
core   0: 0x80007f3c (0x00000001) c.nop
core   0: 3 0x80007f3c (0x0001)
core   0: 0x80007f3e (0x81647313) andi    t1, s0, -2026
core   0: 3 0x80007f3e (0x81647313) x 6 0x00000000
core   0: 0x80007f42 (0x75ae0613) addi    a2, t3, 1882
core   0: 3 0x80007f42 (0x75ae0613) x12 0x0000075a
core   0: 0x80007f46 (0x0000557d) c.li    a0, -1
core   0: 3 0x80007f46 (0x557d) x10 0xffffffff
core   0: 0x80007f48 (0x8c35e013) ori     zero, a1, -1853
core   0: 3 0x80007f48 (0x8c35e013)
core   0: 0x80007f4c (0x01246fb3) or      t6, s0, s2
core   0: 3 0x80007f4c (0x01246fb3) x31 0xffffffff
core   0: 0x80007f50 (0x412255b3) sra     a1, tp, s2
core   0: 3 0x80007f50 (0x412255b3) x11 0xffffffff
core   0: 0x80007f54 (0x00000088) c.addi4spn a0, sp, 64
core   0: 3 0x80007f54 (0x0088) x10 0x00000060
core   0: 0x80007f56 (0x0c31af13) slti    t5, gp, 195
core   0: 3 0x80007f56 (0x0c31af13) x30 0x00000001
core   0: 0x80007f5a (0x00008d21) c.xor   a0, s0
core   0: 3 0x80007f5a (0x8d21) x10 0x00000260
core   0: 0x80007f5c (0x02ff1633) mulh    a2, t5, a5
core   0: 3 0x80007f5c (0x02ff1633) x12 0x00000000
core   0: 0x80007f60 (0x00e6bdb3) sltu    s11, a3, a4
core   0: 3 0x80007f60 (0x00e6bdb3) x27 0x00000001
core   0: 0x80007f64 (0x00000f22) c.slli  t5, 8
core   0: 3 0x80007f64 (0x0f22) x30 0x00000100
core   0: 0x80007f66 (0x00661e93) slli    t4, a2, 6
core   0: 3 0x80007f66 (0x00661e93) x29 0x00000000
core   0: 0x80007f6a (0x413d5993) srai    s3, s10, 19
core   0: 3 0x80007f6a (0x413d5993) x19 0x00000000
core   0: 0x80007f6e (0xa19cb413) sltiu   s0, s9, -1511
core   0: 3 0x80007f6e (0xa19cb413) x 8 0x00000001
core   0: 0x80007f72 (0x03240db3) mul     s11, s0, s2
core   0: 3 0x80007f72 (0x03240db3) x27 0xffffffff
core   0: 0x80007f76 (0x0037feb3) and     t4, a5, gp
core   0: 3 0x80007f76 (0x0037feb3) x29 0x00000000
core   0: 0x80007f7a (0x0000008a) c.slli  ra, 2
core   0: 3 0x80007f7a (0x008a) x 1 0x00058000
core   0: 0x80007f7c (0x00001e7d) c.addi  t3, -1
core   0: 3 0x80007f7c (0x1e7d) x28 0xffffffff
core   0: 0x80007f7e (0x12e1a693) slti    a3, gp, 302
core   0: 3 0x80007f7e (0x12e1a693) x13 0x00000001
core   0: 0x80007f82 (0x0000028c) c.addi4spn a1, sp, 320
core   0: 3 0x80007f82 (0x028c) x11 0x00000160
core   0: 0x80007f84 (0x00009ede) c.add   t4, s7
core   0: 3 0x80007f84 (0x9ede) x29 0x00000000
core   0: 0x80007f86 (0x01fcaeb3) slt     t4, s9, t6
core   0: 3 0x80007f86 (0x01fcaeb3) x29 0x00000000
core   0: 0x80007f8a (0x00000001) c.nop
core   0: 3 0x80007f8a (0x0001)
core   0: 0x80007f8c (0x00454bb3) xor     s7, a0, tp
core   0: 3 0x80007f8c (0x00454bb3) x23 0xae899260
core   0: 0x80007f90 (0xb1f48337) lui     t1, 0xb1f48
core   0: 3 0x80007f90 (0xb1f48337) x 6 0xb1f48000
core   0: 0x80007f94 (0x00000001) c.nop
core   0: 3 0x80007f94 (0x0001)
core   0: 0x80007f96 (0x039c6c33) rem     s8, s8, s9
core   0: 3 0x80007f96 (0x039c6c33) x24 0xfffffff0
core   0: 0x80007f9a (0x00008e31) c.xor   a2, a2
core   0: 3 0x80007f9a (0x8e31) x12 0x00000000
core   0: 0x80007f9c (0x41168a33) sub     s4, a3, a7
core   0: 3 0x80007f9c (0x41168a33) x20 0x00000001
core   0: 0x80007fa0 (0xafc8d417) auipc   s0, 0xafc8d
core   0: 3 0x80007fa0 (0xafc8d417) x 8 0x2fc94fa0
core   0: 0x80007fa4 (0x0210e033) rem     zero, ra, ra
core   0: 3 0x80007fa4 (0x0210e033)
core   0: 0x80007fa8 (0x0439b913) sltiu   s2, s3, 67
core   0: 3 0x80007fa8 (0x0439b913) x18 0x00000001
core   0: 0x80007fac (0x029b69b3) rem     s3, s6, s1
core   0: 3 0x80007fac (0x029b69b3) x19 0x00000121
core   0: 0x80007fb0 (0x00001300) c.addi4spn s0, sp, 416
core   0: 3 0x80007fb0 (0x1300) x 8 0x000001c0
core   0: 0x80007fb2 (0x000087f9) c.srai  a5, 30
core   0: 3 0x80007fb2 (0x87f9) x15 0x00000000
core   0: 0x80007fb4 (0x40a5db93) srai    s7, a1, 10
core   0: 3 0x80007fb4 (0x40a5db93) x23 0x00000000
core   0: 0x80007fb8 (0xbc18d697) auipc   a3, 0xbc18d
core   0: 3 0x80007fb8 (0xbc18d697) x13 0x3c194fb8
core   0: 0x80007fbc (0x00008d21) c.xor   a0, s0
core   0: 3 0x80007fbc (0x8d21) x10 0x000003a0
core   0: 0x80007fbe (0x01d6a8b3) slt     a7, a3, t4
core   0: 3 0x80007fbe (0x01d6a8b3) x17 0x00000000
core   0: 0x80007fc2 (0x00000001) c.nop
core   0: 3 0x80007fc2 (0x0001)
core   0: 0x80007fc4 (0x00008c65) c.and   s0, s1
core   0: 3 0x80007fc4 (0x8c65) x 8 0x00000040
core   0: 0x80007fc6 (0x01f47b33) and     s6, s0, t6
core   0: 3 0x80007fc6 (0x01f47b33) x22 0x00000040
core   0: 0x80007fca (0x56e0b113) sltiu   sp, ra, 1390
core   0: 3 0x80007fca (0x56e0b113) x 2 0x00000000
core   0: 0x80007fce (0x026cd233) divu    tp, s9, t1
core   0: 3 0x80007fce (0x026cd233) x 4 0x00000000
core   0: 0x80007fd2 (0x033e9b33) mulh    s6, t4, s3
core   0: 3 0x80007fd2 (0x033e9b33) x22 0x00000000
core   0: 0x80007fd6 (0x22214693) xori    a3, sp, 546
core   0: 3 0x80007fd6 (0x22214693) x13 0x00000222
core   0: 0x80007fda (0x000081b5) c.srli  a1, 13
core   0: 3 0x80007fda (0x81b5) x11 0x00000000
core   0: 0x80007fdc (0x00008f39) c.xor   a4, a4
core   0: 3 0x80007fdc (0x8f39) x14 0x00000000
core   0: 0x80007fde (0x1c23c393) xori    t2, t2, 450
core   0: 3 0x80007fde (0x1c23c393) x 7 0xfffffe3d
core   0: 0x80007fe2 (0x00009952) c.add   s2, s4
core   0: 3 0x80007fe2 (0x9952) x18 0x00000002
core   0: 0x80007fe4 (0x1e3bae93) slti    t4, s7, 483
core   0: 3 0x80007fe4 (0x1e3bae93) x29 0x00000001
core   0: 0x80007fe8 (0x22a10313) addi    t1, sp, 554
core   0: 3 0x80007fe8 (0x22a10313) x 6 0x0000022a
core   0: 0x80007fec (0x00008fb5) c.xor   a5, a3
core   0: 3 0x80007fec (0x8fb5) x15 0x00000222
core   0: 0x80007fee (0x0000899d) c.andi  a1, 7
core   0: 3 0x80007fee (0x899d) x11 0x00000000
core   0: 0x80007ff0 (0x02d5d3b3) divu    t2, a1, a3
core   0: 3 0x80007ff0 (0x02d5d3b3) x 7 0x00000000
core   0: 0x80007ff4 (0x8c11e713) ori     a4, gp, -1855
core   0: 3 0x80007ff4 (0x8c11e713) x14 0xfffff8c1
core   0: 0x80007ff8 (0x400dd213) srai    tp, s11, 0
core   0: 3 0x80007ff8 (0x400dd213) x 4 0xffffffff
core   0: 0x80007ffc (0x0203aa33) mulhsu  s4, t2, zero
core   0: 3 0x80007ffc (0x0203aa33) x20 0x00000000
core   0: 0x80008000 (0x00008ae6) c.mv    s5, s9
core   0: 3 0x80008000 (0x8ae6) x21 0x00000000
core   0: 0x80008002 (0xab7d3ab7) lui     s5, 0xab7d3
core   0: 3 0x80008002 (0xab7d3ab7) x21 0xab7d3000
core   0: 0x80008006 (0x00000001) c.nop
core   0: 3 0x80008006 (0x0001)
core   0: 0x80008008 (0x00008f16) c.mv    t5, t0
core   0: 3 0x80008008 (0x8f16) x30 0x90f1bff0
core   0: 0x8000800a (0x021f4eb3) div     t4, t5, ra
core   0: 3 0x8000800a (0x021f4eb3) x29 0xffffebcf
core   0: 0x8000800e (0x00b30a33) add     s4, t1, a1
core   0: 3 0x8000800e (0x00b30a33) x20 0x0000022a
core   0: 0x80008012 (0x00008bd9) c.andi  a5, 22
core   0: 3 0x80008012 (0x8bd9) x15 0x00000002
core   0: 0x80008014 (0x00008f91) c.sub   a5, a2
core   0: 3 0x80008014 (0x8f91) x15 0x00000002
core   0: 0x80008016 (0x01d12c33) slt     s8, sp, t4
core   0: 3 0x80008016 (0x01d12c33) x24 0x00000000
core   0: 0x8000801a (0x41f6dc13) srai    s8, a3, 31
core   0: 3 0x8000801a (0x41f6dc13) x24 0x00000000
core   0: 0x8000801e (0x0000968e) c.add   a3, gp
core   0: 3 0x8000801e (0x968e) x13 0x00000222
core   0: 0x80008020 (0x00008215) c.srli  a2, 5
core   0: 3 0x80008020 (0x8215) x12 0x00000000
core   0: 0x80008022 (0x00000c4a) c.slli  s8, 18
core   0: 3 0x80008022 (0x0c4a) x24 0x00000000
core   0: 0x80008024 (0x59212413) slti    s0, sp, 1426
core   0: 3 0x80008024 (0x59212413) x 8 0x00000001
core   0: 0x80008028 (0xd6766213) ori     tp, a2, -665
core   0: 3 0x80008028 (0xd6766213) x 4 0xfffffd67
core   0: 0x8000802c (0x0000844d) c.srai  s0, 19
core   0: 3 0x8000802c (0x844d) x 8 0x00000000
core   0: 0x8000802e (0x3407fa93) andi    s5, a5, 832
core   0: 3 0x8000802e (0x3407fa93) x21 0x00000000
core   0: 0x80008032 (0x0069d933) srl     s2, s3, t1
core   0: 3 0x80008032 (0x0069d933) x18 0x00000000
core   0: 0x80008036 (0x00f1ceb3) xor     t4, gp, a5
core   0: 3 0x80008036 (0x00f1ceb3) x29 0x00000002
core   0: 0x8000803a (0x01521713) slli    a4, tp, 21
core   0: 3 0x8000803a (0x01521713) x14 0xace00000
core   0: 0x8000803e (0x000059fd) c.li    s3, -1
core   0: 3 0x8000803e (0x59fd) x19 0xffffffff
core   0: 0x80008040 (0xbd217c13) andi    s8, sp, -1070
core   0: 3 0x80008040 (0xbd217c13) x24 0x00000000
core   0: 0x80008044 (0x00000001) c.nop
core   0: 3 0x80008044 (0x0001)
core   0: 0x80008046 (0x00008811) c.andi  s0, 4
core   0: 3 0x80008046 (0x8811) x 8 0x00000000
core   0: 0x80008048 (0x012b5513) srli    a0, s6, 18
core   0: 3 0x80008048 (0x012b5513) x10 0x00000000
core   0: 0x8000804c (0x027fabb3) mulhsu  s7, t6, t2
core   0: 3 0x8000804c (0x027fabb3) x23 0x00000000
core   0: 0x80008050 (0x01ecca33) xor     s4, s9, t5
core   0: 3 0x80008050 (0x01ecca33) x20 0x90f1bff0
core   0: 0x80008054 (0x01dfe133) or      sp, t6, t4
core   0: 3 0x80008054 (0x01dfe133) x 2 0xffffffff
core   0: 0x80008058 (0x00705f93) srli    t6, zero, 7
core   0: 3 0x80008058 (0x00705f93) x31 0x00000000
core   0: 0x8000805c (0x4124dc13) srai    s8, s1, 18
core   0: 3 0x8000805c (0x4124dc13) x24 0xffffe000
core   0: 0x80008060 (0x02a975b3) remu    a1, s2, a0
core   0: 3 0x80008060 (0x02a975b3) x11 0x00000000
core   0: 0x80008064 (0x0acab913) sltiu   s2, s5, 172
core   0: 3 0x80008064 (0x0acab913) x18 0x00000001
core   0: 0x80008068 (0x00008331) c.srli  a4, 12
core   0: 3 0x80008068 (0x8331) x14 0x000ace00
core   0: 0x8000806a (0x032b0eb3) mul     t4, s6, s2
core   0: 3 0x8000806a (0x032b0eb3) x29 0x00000000
core   0: 0x8000806e (0x58d03993) sltiu   s3, zero, 1421
core   0: 3 0x8000806e (0x58d03993) x19 0x00000001
core   0: 0x80008072 (0x01706133) or      sp, zero, s7
core   0: 3 0x80008072 (0x01706133) x 2 0x00000000
core   0: 0x80008076 (0x0337bd33) mulhu   s10, a5, s3
core   0: 3 0x80008076 (0x0337bd33) x26 0x00000000
core   0: 0x8000807a (0x0334fe33) remu    t3, s1, s3
core   0: 3 0x8000807a (0x0334fe33) x28 0x00000000
core   0: 0x8000807e (0x01509893) slli    a7, ra, 21
core   0: 3 0x8000807e (0x01509893) x17 0x00000000
core   0: 0x80008082 (0x00008fc5) c.or    a5, s1
core   0: 3 0x80008082 (0x8fc5) x15 0x8000fe66
core   0: 0x80008084 (0x41f58933) sub     s2, a1, t6
core   0: 3 0x80008084 (0x41f58933) x18 0x00000000
core   0: 0x80008088 (0x0dd67f93) andi    t6, a2, 221
core   0: 3 0x80008088 (0x0dd67f93) x31 0x00000000
core   0: 0x8000808c (0x034ff933) remu    s2, t6, s4
core   0: 3 0x8000808c (0x034ff933) x18 0x00000000
core   0: 0x80008090 (0x019adf13) srli    t5, s5, 25
core   0: 3 0x80008090 (0x019adf13) x30 0x00000000
core   0: 0x80008094 (0x00008fd9) c.or    a5, a4
core   0: 3 0x80008094 (0x8fd9) x15 0x800afe66
core   0: 0x80008096 (0x02fa6133) rem     sp, s4, a5
core   0: 3 0x80008096 (0x02fa6133) x 2 0x90f1bff0
core   0: 0x8000809a (0x033b8bb3) mul     s7, s7, s3
core   0: 3 0x8000809a (0x033b8bb3) x23 0x00000000
core   0: 0x8000809e (0x00008d79) c.and   a0, a4
core   0: 3 0x8000809e (0x8d79) x10 0x00000000
core   0: 0x800080a0 (0xd7fbbb13) sltiu   s6, s7, -641
core   0: 3 0x800080a0 (0xd7fbbb13) x22 0x00000001
core   0: 0x800080a4 (0x40540ab3) sub     s5, s0, t0
core   0: 3 0x800080a4 (0x40540ab3) x21 0x6f0e4010
core   0: 0x800080a8 (0x86444893) xori    a7, s0, -1948
core   0: 3 0x800080a8 (0x86444893) x17 0xfffff864
core   0: 0x800080ac (0xbee0d197) auipc   gp, 0xbee0d
core   0: 3 0x800080ac (0xbee0d197) x 3 0x3ee150ac
core   0: 0x800080b0 (0x000006f6) c.slli  a3, 29
core   0: 3 0x800080b0 (0x06f6) x13 0x40000000
core   0: 0x800080b2 (0x0000815d) c.srli  a0, 23
core   0: 3 0x800080b2 (0x815d) x10 0x00000000
core   0: 0x800080b4 (0x02cfbb33) mulhu   s6, t6, a2
core   0: 3 0x800080b4 (0x02cfbb33) x22 0x00000000
core   0: 0x800080b8 (0xa527c893) xori    a7, a5, -1454
core   0: 3 0x800080b8 (0xa527c893) x17 0x7ff50434
core   0: 0x800080bc (0xef322193) slti    gp, tp, -269
core   0: 3 0x800080bc (0xef322193) x 3 0x00000001
core   0: 0x800080c0 (0x00000001) c.nop
core   0: 3 0x800080c0 (0x0001)
core   0: 0x800080c2 (0x017887b3) add     a5, a7, s7
core   0: 3 0x800080c2 (0x017887b3) x15 0x7ff50434
core   0: 0x800080c6 (0x00000a35) c.addi  s4, 13
core   0: 3 0x800080c6 (0x0a35) x20 0x90f1bffd
core   0: 0x800080c8 (0x41dad933) sra     s2, s5, t4
core   0: 3 0x800080c8 (0x41dad933) x18 0x6f0e4010
core   0: 0x800080cc (0x01ec7633) and     a2, s8, t5
core   0: 3 0x800080cc (0x01ec7633) x12 0x00000000
core   0: 0x800080d0 (0x44062893) slti    a7, a2, 1088
core   0: 3 0x800080d0 (0x44062893) x17 0x00000001
core   0: 0x800080d4 (0x84c8b513) sltiu   a0, a7, -1972
core   0: 3 0x800080d4 (0x84c8b513) x10 0x00000001
core   0: 0x800080d8 (0x000ddeb3) srl     t4, s11, zero
core   0: 3 0x800080d8 (0x000ddeb3) x29 0xffffffff
core   0: 0x800080dc (0x419689b3) sub     s3, a3, s9
core   0: 3 0x800080dc (0x419689b3) x19 0x40000000
core   0: 0x800080e0 (0x00000001) c.nop
core   0: 3 0x800080e0 (0x0001)
core   0: 0x800080e2 (0x416683b3) sub     t2, a3, s6
core   0: 3 0x800080e2 (0x416683b3) x 7 0x40000000
core   0: 0x800080e6 (0x00008e6d) c.and   a2, a1
core   0: 3 0x800080e6 (0x8e6d) x12 0x00000000
core   0: 0x800080e8 (0x000090ca) c.add   ra, s2
core   0: 3 0x800080e8 (0x90ca) x 1 0x6f13c010
core   0: 0x800080ea (0x0000717d) c.addi16sp sp, -16
core   0: 3 0x800080ea (0x717d) x 2 0x90f1bfe0
core   0: 0x800080ec (0x00009c62) c.add   s8, s8
core   0: 3 0x800080ec (0x9c62) x24 0xffffc000
core   0: 0x800080ee (0x00c369b3) or      s3, t1, a2
core   0: 3 0x800080ee (0x00c369b3) x19 0x0000022a
core   0: 0x800080f2 (0x0000038c) c.addi4spn a1, sp, 448
core   0: 3 0x800080f2 (0x038c) x11 0x90f1c1a0
core   0: 0x800080f4 (0x00008ee1) c.and   a3, s0
core   0: 3 0x800080f4 (0x8ee1) x13 0x00000000
core   0: 0x800080f6 (0x00446c33) or      s8, s0, tp
core   0: 3 0x800080f6 (0x00446c33) x24 0xfffffd67
core   0: 0x800080fa (0x3a2d8893) addi    a7, s11, 930
core   0: 3 0x800080fa (0x3a2d8893) x17 0x000003a1
core   0: 0x800080fe (0x01e7b9b3) sltu    s3, a5, t5
core   0: 3 0x800080fe (0x01e7b9b3) x19 0x00000000
core   0: 0x80008102 (0x0000494d) c.li    s2, 19
core   0: 3 0x80008102 (0x494d) x18 0x00000013
core   0: 0x80008104 (0x00008fc1) c.or    a5, s0
core   0: 3 0x80008104 (0x8fc1) x15 0x7ff50434
core   0: 0x80008106 (0xc48da613) slti    a2, s11, -952
core   0: 3 0x80008106 (0xc48da613) x12 0x00000000
core   0: 0x8000810a (0x02681733) mulh    a4, a6, t1
core   0: 3 0x8000810a (0x02681733) x14 0xfffffeeb
core   0: 0x8000810e (0x8efd8413) addi    s0, s11, -1809
core   0: 3 0x8000810e (0x8efd8413) x 8 0xfffff8ee
core   0: 0x80008112 (0x0000880d) c.andi  s0, 3
core   0: 3 0x80008112 (0x880d) x 8 0x00000002
core   0: 0x80008114 (0x0087a5b3) slt     a1, a5, s0
core   0: 3 0x80008114 (0x0087a5b3) x11 0x00000000
core   0: 0x80008118 (0x0168b2b3) sltu    t0, a7, s6
core   0: 3 0x80008118 (0x0168b2b3) x 5 0x00000000
core   0: 0x8000811c (0x01f88533) add     a0, a7, t6
core   0: 3 0x8000811c (0x01f88533) x10 0x000003a1
core   0: 0x80008120 (0xb8d2ce93) xori    t4, t0, -1139
core   0: 3 0x80008120 (0xb8d2ce93) x29 0xfffffb8d
core   0: 0x80008124 (0x010f77b3) and     a5, t5, a6
core   0: 3 0x80008124 (0x010f77b3) x15 0x00000000
core   0: 0x80008128 (0x7a543993) sltiu   s3, s0, 1957
core   0: 3 0x80008128 (0x7a543993) x19 0x00000001
core   0: 0x8000812c (0x03284eb3) div     t4, a6, s2
core   0: 3 0x8000812c (0x03284eb3) x29 0xf9436eff
core   0: 0x80008130 (0x030618b3) mulh    a7, a2, a6
core   0: 3 0x80008130 (0x030618b3) x17 0x00000000
core   0: 0x80008134 (0x030ae733) rem     a4, s5, a6
core   0: 3 0x80008134 (0x030ae733) x14 0x6f0e4010
core   0: 0x80008138 (0x000de333) or      t1, s11, zero
core   0: 3 0x80008138 (0x000de333) x 6 0xffffffff
core   0: 0x8000813c (0x42d39d17) auipc   s10, 0x42d39
core   0: 3 0x8000813c (0x42d39d17) x26 0xc2d4113c
core   0: 0x80008140 (0x00008fa1) c.xor   a5, s0
core   0: 3 0x80008140 (0x8fa1) x15 0x00000002
core   0: 0x80008142 (0x00009736) c.add   a4, a3
core   0: 3 0x80008142 (0x9736) x14 0x6f0e4010
core   0: 0x80008144 (0x000083c1) c.srli  a5, 16
core   0: 3 0x80008144 (0x83c1) x15 0x00000000
core   0: 0x80008146 (0x00000001) c.nop
core   0: 3 0x80008146 (0x0001)
core   0: 0x80008148 (0x019528b3) slt     a7, a0, s9
core   0: 3 0x80008148 (0x019528b3) x17 0x00000000
core   0: 0x8000814c (0xb3466613) ori     a2, a2, -1228
core   0: 3 0x8000814c (0xb3466613) x12 0xfffffb34
core   0: 0x80008150 (0x0170d213) srli    tp, ra, 23
core   0: 3 0x80008150 (0x0170d213) x 4 0x000000de
core   0: 0x80008154 (0x0088da13) srli    s4, a7, 8
core   0: 3 0x80008154 (0x0088da13) x20 0x00000000
core   0: 0x80008158 (0x41557f93) andi    t6, a0, 1045
core   0: 3 0x80008158 (0x41557f93) x31 0x00000001
core   0: 0x8000815c (0xf9424313) xori    t1, tp, -108
core   0: 3 0x8000815c (0xf9424313) x 6 0xffffff4a
core   0: 0x80008160 (0xfbab0e37) lui     t3, 0xfbab0
core   0: 3 0x80008160 (0xfbab0e37) x28 0xfbab0000
core   0: 0x80008164 (0x400208b3) sub     a7, tp, zero
core   0: 3 0x80008164 (0x400208b3) x17 0x000000de
core   0: 0x80008168 (0x014b0333) add     t1, s6, s4
core   0: 3 0x80008168 (0x014b0333) x 6 0x00000000
core   0: 0x8000816c (0x0000009a) c.slli  ra, 6
core   0: 3 0x8000816c (0x009a) x 1 0xc4f00400
core   0: 0x8000816e (0x00008fad) c.xor   a5, a1
core   0: 3 0x8000816e (0x8fad) x15 0x00000000
core   0: 0x80008170 (0x0f0cc893) xori    a7, s9, 240
core   0: 3 0x80008170 (0x0f0cc893) x17 0x000000f0
core   0: 0x80008174 (0x00000001) c.nop
core   0: 3 0x80008174 (0x0001)
core   0: 0x80008176 (0x00341c33) sll     s8, s0, gp
core   0: 3 0x80008176 (0x00341c33) x24 0x00000004
core   0: 0x8000817a (0x00008e19) c.sub   a2, a4
core   0: 3 0x8000817a (0x8e19) x12 0x90f1bb24
core   0: 0x8000817c (0x00008241) c.srli  a2, 16
core   0: 3 0x8000817c (0x8241) x12 0x000090f1
core   0: 0x8000817e (0x0278a8b3) mulhsu  a7, a7, t2
core   0: 3 0x8000817e (0x0278a8b3) x17 0x0000003c
core   0: 0x80008182 (0x01bb99b3) sll     s3, s7, s11
core   0: 3 0x80008182 (0x01bb99b3) x19 0x00000000
core   0: 0x80008186 (0x03cfa933) mulhsu  s2, t6, t3
core   0: 3 0x80008186 (0x03cfa933) x18 0x00000000
core   0: 0x8000818a (0x00008235) c.srli  a2, 13
core   0: 3 0x8000818a (0x8235) x12 0x00000004
core   0: 0x8000818c (0x01c1bc33) sltu    s8, gp, t3
core   0: 3 0x8000818c (0x01c1bc33) x24 0x00000001
core   0: 0x80008190 (0x0331c8b3) div     a7, gp, s3
core   0: 3 0x80008190 (0x0331c8b3) x17 0xffffffff
core   0: 0x80008194 (0x000080a2) c.mv    ra, s0
core   0: 3 0x80008194 (0x80a2) x 1 0x00000002
core   0: 0x80008196 (0x0390c533) div     a0, ra, s9
core   0: 3 0x80008196 (0x0390c533) x10 0xffffffff
core   0: 0x8000819a (0x625dc637) lui     a2, 0x625dc
core   0: 3 0x8000819a (0x625dc637) x12 0x625dc000
core   0: 0x8000819e (0x00008d3e) c.mv    s10, a5
core   0: 3 0x8000819e (0x8d3e) x26 0x00000000
core   0: 0x800081a0 (0x02656133) rem     sp, a0, t1
core   0: 3 0x800081a0 (0x02656133) x 2 0xffffffff
core   0: 0x800081a4 (0x00008376) c.mv    t1, t4
core   0: 3 0x800081a4 (0x8376) x 6 0xf9436eff
core   0: 0x800081a6 (0x0057db13) srli    s6, a5, 5
core   0: 3 0x800081a6 (0x0057db13) x22 0x00000000
core   0: 0x800081aa (0x017e5e93) srli    t4, t3, 23
core   0: 3 0x800081aa (0x017e5e93) x29 0x000001f7
core   0: 0x800081ae (0x0134bd33) sltu    s10, s1, s3
core   0: 3 0x800081ae (0x0134bd33) x26 0x00000000
core   0: 0x800081b2 (0x00a9ca33) xor     s4, s3, a0
core   0: 3 0x800081b2 (0x00a9ca33) x20 0xffffffff
core   0: 0x800081b6 (0x0000956e) c.add   a0, s11
core   0: 3 0x800081b6 (0x956e) x10 0xfffffffe
core   0: 0x800081b8 (0x01d623b3) slt     t2, a2, t4
core   0: 3 0x800081b8 (0x01d623b3) x 7 0x00000000
core   0: 0x800081bc (0x40a85db3) sra     s11, a6, a0
core   0: 3 0x800081bc (0x40a85db3) x27 0xfffffffe
core   0: 0x800081c0 (0x00a1f0b3) and     ra, gp, a0
core   0: 3 0x800081c0 (0x00a1f0b3) x 1 0x00000000
core   0: 0x800081c4 (0xbc1bfdb7) lui     s11, 0xbc1bf
core   0: 3 0x800081c4 (0xbc1bfdb7) x27 0xbc1bf000
core   0: 0x800081c8 (0x01f6edb3) or      s11, a3, t6
core   0: 3 0x800081c8 (0x01f6edb3) x27 0x00000001
core   0: 0x800081cc (0xbc1405b7) lui     a1, 0xbc140
core   0: 3 0x800081cc (0xbc1405b7) x11 0xbc140000
core   0: 0x800081d0 (0xc1251697) auipc   a3, 0xc1251
core   0: 3 0x800081d0 (0xc1251697) x13 0x412591d0
core   0: 0x800081d4 (0xcb3c3393) sltiu   t2, s8, -845
core   0: 3 0x800081d4 (0xcb3c3393) x 7 0x00000001
core   0: 0x800081d8 (0x029d4433) div     s0, s10, s1
core   0: 3 0x800081d8 (0x029d4433) x 8 0x00000000
core   0: 0x800081dc (0x86338d93) addi    s11, t2, -1949
core   0: 3 0x800081dc (0x86338d93) x27 0xfffff864
core   0: 0x800081e0 (0x00000755) c.addi  a4, 21
core   0: 3 0x800081e0 (0x0755) x14 0x6f0e4025
core   0: 0x800081e2 (0x00009a7d) c.andi  a2, -1
core   0: 3 0x800081e2 (0x9a7d) x12 0x625dc000
core   0: 0x800081e4 (0x4b2da313) slti    t1, s11, 1202
core   0: 3 0x800081e4 (0x4b2da313) x 6 0x00000001
core   0: 0x800081e8 (0x024828b3) mulhsu  a7, a6, tp
core   0: 3 0x800081e8 (0x024828b3) x17 0xffffff91
core   0: 0x800081ec (0x00704d33) xor     s10, zero, t2
core   0: 3 0x800081ec (0x00704d33) x26 0x00000001
core   0: 0x800081f0 (0x00006171) c.addi16sp sp, 336
core   0: 3 0x800081f0 (0x6171) x 2 0x0000014f
core   0: 0x800081f2 (0x00f71f93) slli    t6, a4, 15
core   0: 3 0x800081f2 (0x00f71f93) x31 0x20128000
core   0: 0x800081f6 (0x06224713) xori    a4, tp, 98
core   0: 3 0x800081f6 (0x06224713) x14 0x000000bc
core   0: 0x800081fa (0x00008149) c.srli  a0, 18
core   0: 3 0x800081fa (0x8149) x10 0x00003fff
core   0: 0x800081fc (0x00d51033) sll     zero, a0, a3
core   0: 3 0x800081fc (0x00d51033)
core   0: 0x80008200 (0x00cb9fb3) sll     t6, s7, a2
core   0: 3 0x80008200 (0x00cb9fb3) x31 0x00000000
core   0: 0x80008204 (0xea1e0113) addi    sp, t3, -351
core   0: 3 0x80008204 (0xea1e0113) x 2 0xfbaafea1
core   0: 0x80008208 (0xf60d4f13) xori    t5, s10, -160
core   0: 3 0x80008208 (0xf60d4f13) x30 0xffffff61
core   0: 0x8000820c (0x00006115) c.addi16sp sp, 288
core   0: 3 0x8000820c (0x6115) x 2 0xfbaaffc1
core   0: 0x8000820e (0x416ad093) srai    ra, s5, 22
core   0: 3 0x8000820e (0x416ad093) x 1 0x000001bc
core   0: 0x80008212 (0x0099d433) srl     s0, s3, s1
core   0: 3 0x80008212 (0x0099d433) x 8 0x00000000
core   0: 0x80008216 (0x00008ead) c.xor   a3, a1
core   0: 3 0x80008216 (0x8ead) x13 0xfd3191d0
core   0: 0x80008218 (0x00008e11) c.sub   a2, a2
core   0: 3 0x80008218 (0x8e11) x12 0x00000000
core   0: 0x8000821a (0x03984433) div     s0, a6, s9
core   0: 3 0x8000821a (0x03984433) x 8 0xffffffff
core   0: 0x8000821e (0x01b3fb33) and     s6, t2, s11
core   0: 3 0x8000821e (0x01b3fb33) x22 0x00000000
core   0: 0x80008222 (0x02cc5633) divu    a2, s8, a2
core   0: 3 0x80008222 (0x02cc5633) x12 0xffffffff
core   0: 0x80008226 (0x0334b433) mulhu   s0, s1, s3
core   0: 3 0x80008226 (0x0334b433) x 8 0x00000000
core   0: 0x8000822a (0x000000f6) c.slli  ra, 29
core   0: 3 0x8000822a (0x00f6) x 1 0x80000000
core   0: 0x8000822c (0x00000001) c.nop
core   0: 3 0x8000822c (0x0001)
core   0: 0x8000822e (0x00af8233) add     tp, t6, a0
core   0: 3 0x8000822e (0x00af8233) x 4 0x00003fff
core   0: 0x80008232 (0x03fe7d33) remu    s10, t3, t6
core   0: 3 0x80008232 (0x03fe7d33) x26 0xfbab0000
core   0: 0x80008236 (0x024d43b3) div     t2, s10, tp
core   0: 3 0x80008236 (0x024d43b3) x 7 0xffffeeac
core   0: 0x8000823a (0x02ba9e33) mulh    t3, s5, a1
core   0: 3 0x8000823a (0x02ba9e33) x28 0xe288e418
core   0: 0x8000823e (0x029e6433) rem     s0, t3, s1
core   0: 3 0x8000823e (0x029e6433) x 8 0xe288e418
core   0: 0x80008242 (0x00008ed5) c.or    a3, a3
core   0: 3 0x80008242 (0x8ed5) x13 0xfd3191d0
core   0: 0x80008244 (0x000009f9) c.addi  s3, 30
core   0: 3 0x80008244 (0x09f9) x19 0x0000001e
core   0: 0x80008246 (0x0187a5b3) slt     a1, a5, s8
core   0: 3 0x80008246 (0x0187a5b3) x11 0x00000001
core   0: 0x8000824a (0x00008239) c.srli  a2, 14
core   0: 3 0x8000824a (0x8239) x12 0x0003ffff
core   0: 0x8000824c (0x1f4e4993) xori    s3, t3, 500
core   0: 3 0x8000824c (0x1f4e4993) x19 0xe288e5ec
core   0: 0x80008250 (0xfe0eb393) sltiu   t2, t4, -32
core   0: 3 0x80008250 (0xfe0eb393) x 7 0x00000001
core   0: 0x80008254 (0x00008e79) c.and   a2, a4
core   0: 3 0x80008254 (0x8e79) x12 0x000000bc
core   0: 0x80008256 (0x01500733) add     a4, zero, s5
core   0: 3 0x80008256 (0x01500733) x14 0x6f0e4010
core   0: 0x8000825a (0x1a420037) lui     zero, 0x1a420
core   0: 3 0x8000825a (0x1a420037)
core   0: 0x8000825e (0x000052fd) c.li    t0, -1
core   0: 3 0x8000825e (0x52fd) x 5 0xffffffff
core   0: 0x80008260 (0x0000717d) c.addi16sp sp, -16
core   0: 3 0x80008260 (0x717d) x 2 0xfbaaffb1
core   0: 0x80008262 (0x02aa1eb3) mulh    t4, s4, a0
core   0: 3 0x80008262 (0x02aa1eb3) x29 0xffffffff
core   0: 0x80008266 (0x00008d41) c.or    a0, s0
core   0: 3 0x80008266 (0x8d41) x10 0xe288ffff
core   0: 0x80008268 (0x00006109) c.addi16sp sp, 128
core   0: 3 0x80008268 (0x6109) x 2 0xfbab0031
core   0: 0x8000826a (0x4165db33) sra     s6, a1, s6
core   0: 3 0x8000826a (0x4165db33) x22 0x00000001
core   0: 0x8000826e (0x00447c33) and     s8, s0, tp
core   0: 3 0x8000826e (0x00447c33) x24 0x00002418
core   0: 0x80008272 (0x00008d85) c.sub   a1, s1
core   0: 3 0x80008272 (0x8d85) x11 0x7fff019d
core   0: 0x80008274 (0x00008d55) c.or    a0, a3
core   0: 3 0x80008274 (0x8d55) x10 0xffb9ffff
core   0: 0x80008276 (0x00009e36) c.add   t3, a3
core   0: 3 0x80008276 (0x9e36) x28 0xdfba75e8
core   0: 0x80008278 (0x008abf33) sltu    t5, s5, s0
core   0: 3 0x80008278 (0x008abf33) x30 0x00000001
core   0: 0x8000827c (0x00000001) c.nop
core   0: 3 0x8000827c (0x0001)
core   0: 0x8000827e (0x00000386) c.slli  t2, 1
core   0: 3 0x8000827e (0x0386) x 7 0x00000002
core   0: 0x80008280 (0x00009a72) c.add   s4, t3
core   0: 3 0x80008280 (0x9a72) x20 0xdfba75e7
core   0: 0x80008282 (0x00008de9) c.and   a1, a0
core   0: 3 0x80008282 (0x8de9) x11 0x7fb9019d
core   0: 0x80008284 (0x01f982b3) add     t0, s3, t6
core   0: 3 0x80008284 (0x01f982b3) x 5 0xe288e5ec
core   0: 0x80008288 (0x00004af9) c.li    s5, 30
core   0: 3 0x80008288 (0x4af9) x21 0x0000001e
core   0: 0x8000828a (0x00009ab2) c.add   s5, a2
core   0: 3 0x8000828a (0x9ab2) x21 0x000000da
core   0: 0x8000828c (0x00000001) c.nop
core   0: 3 0x8000828c (0x0001)
core   0: 0x8000828e (0x02fe5533) divu    a0, t3, a5
core   0: 3 0x8000828e (0x02fe5533) x10 0xffffffff
core   0: 0x80008292 (0x0348bc33) mulhu   s8, a7, s4
core   0: 3 0x80008292 (0x0348bc33) x24 0xdfba7585
core   0: 0x80008296 (0x00b5b3b3) sltu    t2, a1, a1
core   0: 3 0x80008296 (0x00b5b3b3) x 7 0x00000000
core   0: 0x8000829a (0x00008f21) c.xor   a4, s0
core   0: 3 0x8000829a (0x8f21) x14 0x8d86a408
core   0: 0x8000829c (0x010ffab3) and     s5, t6, a6
core   0: 3 0x8000829c (0x010ffab3) x21 0x00000000
core   0: 0x800082a0 (0x0106e033) or      zero, a3, a6
core   0: 3 0x800082a0 (0x0106e033)
core   0: 0x800082a4 (0x000085e6) c.mv    a1, s9
core   0: 3 0x800082a4 (0x85e6) x11 0x00000000
core   0: 0x800082a6 (0x00008169) c.srli  a0, 26
core   0: 3 0x800082a6 (0x8169) x10 0x0000003f
core   0: 0x800082a8 (0x0000014d) c.addi  sp, 19
core   0: 3 0x800082a8 (0x014d) x 2 0xfbab0044
core   0: 0x800082aa (0x30ce6b13) ori     s6, t3, 780
core   0: 3 0x800082aa (0x30ce6b13) x22 0xdfba77ec
core   0: 0x800082ae (0x0292d0b3) divu    ra, t0, s1
core   0: 3 0x800082ae (0x0292d0b3) x 1 0x00000001
core   0: 0x800082b2 (0x035592b3) mulh    t0, a1, s5
core   0: 3 0x800082b2 (0x035592b3) x 5 0x00000000
core   0: 0x800082b6 (0x33096337) lui     t1, 0x33096
core   0: 3 0x800082b6 (0x33096337) x 6 0x33096000
core   0: 0x800082ba (0x010a63b3) or      t2, s4, a6
core   0: 3 0x800082ba (0x010a63b3) x 7 0xdfbb7de7
core   0: 0x800082be (0x0019f8b3) and     a7, s3, ra
core   0: 3 0x800082be (0x0019f8b3) x17 0x00000000
core   0: 0x800082c2 (0xea937a93) andi    s5, t1, -343
core   0: 3 0x800082c2 (0xea937a93) x21 0x33096000
core   0: 0x800082c6 (0x00008e0d) c.sub   a2, a1
core   0: 3 0x800082c6 (0x8e0d) x12 0x000000bc
core   0: 0x800082c8 (0x02b29f33) mulh    t5, t0, a1
core   0: 3 0x800082c8 (0x02b29f33) x30 0x00000000
core   0: 0x800082cc (0x417ede13) srai    t3, t4, 23
core   0: 3 0x800082cc (0x417ede13) x28 0xffffffff
core   0: 0x800082d0 (0x00001e0c) c.addi4spn a1, sp, 816
core   0: 3 0x800082d0 (0x1e0c) x11 0xfbab0374
core   0: 0x800082d2 (0x0120d133) srl     sp, ra, s2
core   0: 3 0x800082d2 (0x0120d133) x 2 0x00000001
core   0: 0x800082d6 (0x017e9bb3) sll     s7, t4, s7
core   0: 3 0x800082d6 (0x017e9bb3) x23 0xffffffff
core   0: 0x800082da (0x00008da9) c.xor   a1, a0
core   0: 3 0x800082da (0x8da9) x11 0xfbab034b
core   0: 0x800082dc (0x000048e1) c.li    a7, 24
core   0: 3 0x800082dc (0x48e1) x17 0x00000018
core   0: 0x800082de (0x40fc5933) sra     s2, s8, a5
core   0: 3 0x800082de (0x40fc5933) x18 0xdfba7585
core   0: 0x800082e2 (0x00008d15) c.sub   a0, a3
core   0: 3 0x800082e2 (0x8d15) x10 0x02ce6e6f
core   0: 0x800082e4 (0x00004b71) c.li    s6, 28
core   0: 3 0x800082e4 (0x4b71) x22 0x0000001c
core   0: 0x800082e6 (0x00b5b3b3) sltu    t2, a1, a1
core   0: 3 0x800082e6 (0x00b5b3b3) x 7 0x00000000
core   0: 0x800082ea (0x02a4e233) rem     tp, s1, a0
core   0: 3 0x800082ea (0x02a4e233) x 4 0xfe4a67e7
core   0: 0x800082ee (0x00004749) c.li    a4, 18
core   0: 3 0x800082ee (0x4749) x14 0x00000012
core   0: 0x800082f0 (0x413c0fb3) sub     t6, s8, s3
core   0: 3 0x800082f0 (0x413c0fb3) x31 0xfd318f99
core   0: 0x800082f4 (0xc6c40913) addi    s2, s0, -916
core   0: 3 0x800082f4 (0xc6c40913) x18 0xe288e084
core   0: 0x800082f8 (0xdfe10613) addi    a2, sp, -514
core   0: 3 0x800082f8 (0xdfe10613) x12 0xfffffdff
core   0: 0x800082fc (0x00000196) c.slli  gp, 5
core   0: 3 0x800082fc (0x0196) x 3 0x00000020
core   0: 0x800082fe (0x00008ee1) c.and   a3, s0
core   0: 3 0x800082fe (0x8ee1) x13 0xe0008010
core   0: 0x80008300 (0x00001a7d) c.addi  s4, -1
core   0: 3 0x80008300 (0x1a7d) x20 0xdfba75e6
core   0: 0x80008302 (0x0067d013) srli    zero, a5, 6
core   0: 3 0x80008302 (0x0067d013)
core   0: 0x80008306 (0x03ab00b3) mul     ra, s6, s10
core   0: 3 0x80008306 (0x03ab00b3) x 1 0x86b40000
core   0: 0x8000830a (0x00006171) c.addi16sp sp, 336
core   0: 3 0x8000830a (0x6171) x 2 0x00000151
core   0: 0x8000830c (0x025a7c33) remu    s8, s4, t0
core   0: 3 0x8000830c (0x025a7c33) x24 0xdfba75e6
core   0: 0x80008310 (0x02091133) mulh    sp, s2, zero
core   0: 3 0x80008310 (0x02091133) x 2 0x00000000
core   0: 0x80008314 (0x00008fd9) c.or    a5, a4
core   0: 3 0x80008314 (0x8fd9) x15 0x00000012
core   0: 0x80008316 (0x64b30693) addi    a3, t1, 1611
core   0: 3 0x80008316 (0x64b30693) x13 0x3309664b
core   0: 0x8000831a (0x0000180c) c.addi4spn a1, sp, 48
core   0: 3 0x8000831a (0x180c) x11 0x00000030
core   0: 0x8000831c (0x0000717d) c.addi16sp sp, -16
core   0: 3 0x8000831c (0x717d) x 2 0xfffffff0
core   0: 0x8000831e (0x4036d0b3) sra     ra, a3, gp
core   0: 3 0x8000831e (0x4036d0b3) x 1 0x3309664b
core   0: 0x80008322 (0x0000197d) c.addi  s2, -1
core   0: 3 0x80008322 (0x197d) x18 0xe288e083
core   0: 0x80008324 (0xd026cf17) auipc   t5, 0xd026c
core   0: 3 0x80008324 (0xd026cf17) x30 0x50274324
core   0: 0x80008328 (0x44c33113) sltiu   sp, t1, 1100
core   0: 3 0x80008328 (0x44c33113) x 2 0x00000000
core   0: 0x8000832c (0x036e8eb3) mul     t4, t4, s6
core   0: 3 0x8000832c (0x036e8eb3) x29 0xffffffe4
core   0: 0x80008330 (0x03fc23b3) mulhsu  t2, s8, t6
core   0: 3 0x80008330 (0x03fc23b3) x 7 0xe015071a
core   0: 0x80008334 (0x00000001) c.nop
core   0: 3 0x80008334 (0x0001)
core   0: 0x80008336 (0x028013b3) mulh    t2, zero, s0
core   0: 3 0x80008336 (0x028013b3) x 7 0x00000000
core   0: 0x8000833a (0x0296cb33) div     s6, a3, s1
core   0: 3 0x8000833a (0x0296cb33) x22 0x00000000
core   0: 0x8000833e (0x00008035) c.srli  s0, 13
core   0: 3 0x8000833e (0x8035) x 8 0x00071447
core   0: 0x80008340 (0x0000178c) c.addi4spn a1, sp, 992
core   0: 3 0x80008340 (0x178c) x11 0x000003e0
core   0: 0x80008342 (0x00000001) c.nop
core   0: 3 0x80008342 (0x0001)
core   0: 0x80008344 (0x41e15a33) sra     s4, sp, t5
core   0: 3 0x80008344 (0x41e15a33) x20 0x00000000
core   0: 0x80008348 (0x0384ee33) rem     t3, s1, s8
core   0: 3 0x80008348 (0x0384ee33) x28 0xe0d19cb2
core   0: 0x8000834c (0x000005ce) c.slli  a1, 19
core   0: 3 0x8000834c (0x05ce) x11 0x1f000000
core   0: 0x8000834e (0x03929c33) mulh    s8, t0, s9
core   0: 3 0x8000834e (0x03929c33) x24 0x00000000
core   0: 0x80008352 (0x021510b3) mulh    ra, a0, ra
core   0: 3 0x80008352 (0x021510b3) x 1 0x008f3a61
core   0: 0x80008356 (0x018630b3) sltu    ra, a2, s8
core   0: 3 0x80008356 (0x018630b3) x 1 0x00000000
core   0: 0x8000835a (0x01eb53b3) srl     t2, s6, t5
core   0: 3 0x8000835a (0x01eb53b3) x 7 0x00000000
core   0: 0x8000835e (0x02cfcdb3) div     s11, t6, a2
core   0: 3 0x8000835e (0x02cfcdb3) x27 0x00016684
core   0: 0x80008362 (0x97264713) xori    a4, a2, -1678
core   0: 3 0x80008362 (0x97264713) x14 0x0000048d
core   0: 0x80008366 (0x027745b3) div     a1, a4, t2
core   0: 3 0x80008366 (0x027745b3) x11 0xffffffff
core   0: 0x8000836a (0x1313c093) xori    ra, t2, 305
core   0: 3 0x8000836a (0x1313c093) x 1 0x00000131
core   0: 0x8000836e (0x02c6c9b3) div     s3, a3, a2
core   0: 3 0x8000836e (0x02c6c9b3) x19 0xffe68809
core   0: 0x80008372 (0x007c5933) srl     s2, s8, t2
core   0: 3 0x80008372 (0x007c5933) x18 0x00000000
core   0: 0x80008376 (0x00008fb9) c.xor   a5, a4
core   0: 3 0x80008376 (0x8fb9) x15 0x0000049f
core   0: 0x80008378 (0x0000624d) c.lui   tp, 0x13
core   0: 3 0x80008378 (0x624d) x 4 0x00013000
core   0: 0x8000837a (0x0000876d) c.srai  a4, 27
core   0: 3 0x8000837a (0x876d) x14 0x00000000
core   0: 0x8000837c (0x41f15793) srai    a5, sp, 31
core   0: 3 0x8000837c (0x41f15793) x15 0x00000000
core   0: 0x80008380 (0x00006455) c.lui   s0, 0x15
core   0: 3 0x80008380 (0x6455) x 8 0x00015000
core   0: 0x80008382 (0x008c76b3) and     a3, s8, s0
core   0: 3 0x80008382 (0x008c76b3) x13 0x00000000
core   0: 0x80008386 (0x02f045b3) div     a1, zero, a5
core   0: 3 0x80008386 (0x02f045b3) x11 0xffffffff
core   0: 0x8000838a (0x63e0ac17) auipc   s8, 0x63e0a
core   0: 3 0x8000838a (0x63e0ac17) x24 0xe3e1238a
core   0: 0x8000838e (0x002cb0b3) sltu    ra, s9, sp
core   0: 3 0x8000838e (0x002cb0b3) x 1 0x00000000
core   0: 0x80008392 (0x00009bf6) c.add   s7, t4
core   0: 3 0x80008392 (0x9bf6) x23 0xffffffe3
core   0: 0x80008394 (0x01d863b3) or      t2, a6, t4
core   0: 3 0x80008394 (0x01d863b3) x 7 0xffffffe4
core   0: 0x80008398 (0x00799393) slli    t2, s3, 7
core   0: 3 0x80008398 (0x00799393) x 7 0xf3440480
core   0: 0x8000839c (0x00008dc1) c.or    a1, s0
core   0: 3 0x8000839c (0x8dc1) x11 0xffffffff
core   0: 0x8000839e (0x0304de33) divu    t3, s1, a6
core   0: 3 0x8000839e (0x0304de33) x28 0x00000000
core   0: 0x800083a2 (0x026a17b3) mulh    a5, s4, t1
core   0: 3 0x800083a2 (0x026a17b3) x15 0x00000000
core   0: 0x800083a6 (0x00000c0c) c.addi4spn a1, sp, 528
core   0: 3 0x800083a6 (0x0c0c) x11 0x00000210
core   0: 0x800083a8 (0x1d734b13) xori    s6, t1, 471
core   0: 3 0x800083a8 (0x1d734b13) x22 0x330961d7
core   0: 0x800083ac (0x91c66797) auipc   a5, 0x91c66
core   0: 3 0x800083ac (0x91c66797) x15 0x11c6e3ac
core   0: 0x800083b0 (0x00db3ab3) sltu    s5, s6, a3
core   0: 3 0x800083b0 (0x00db3ab3) x21 0x00000000
core   0: 0x800083b4 (0x4191de33) sra     t3, gp, s9
core   0: 3 0x800083b4 (0x4191de33) x28 0x00000020
core   0: 0x800083b8 (0x03ef11b3) mulh    gp, t5, t5
core   0: 3 0x800083b8 (0x03ef11b3) x 3 0x19188ffc
core   0: 0x800083bc (0x60446413) ori     s0, s0, 1540
core   0: 3 0x800083bc (0x60446413) x 8 0x00015604
core   0: 0x800083c0 (0x03630c33) mul     s8, t1, s6
core   0: 3 0x800083c0 (0x03630c33) x24 0xca3fa000
core   0: 0x800083c4 (0x02a5fbb3) remu    s7, a1, a0
core   0: 3 0x800083c4 (0x02a5fbb3) x23 0x00000210
core   0: 0x800083c8 (0x0215dd33) divu    s10, a1, ra
core   0: 3 0x800083c8 (0x0215dd33) x26 0xffffffff
core   0: 0x800083cc (0xf6930f93) addi    t6, t1, -151
core   0: 3 0x800083cc (0xf6930f93) x31 0x33095f69
core   0: 0x800083d0 (0x00008fd9) c.or    a5, a4
core   0: 3 0x800083d0 (0x8fd9) x15 0x11c6e3ac
core   0: 0x800083d2 (0x02eb7933) remu    s2, s6, a4
core   0: 3 0x800083d2 (0x02eb7933) x18 0x330961d7
core   0: 0x800083d6 (0x00000001) c.nop
core   0: 3 0x800083d6 (0x0001)
core   0: 0x800083d8 (0x0000987d) c.andi  s0, -1
core   0: 3 0x800083d8 (0x987d) x 8 0x00015604
core   0: 0x800083da (0x0000147d) c.addi  s0, -1
core   0: 3 0x800083da (0x147d) x 8 0x00015603
core   0: 0x800083dc (0x0056ea33) or      s4, a3, t0
core   0: 3 0x800083dc (0x0056ea33) x20 0x00000000
core   0: 0x800083e0 (0x01278db3) add     s11, a5, s2
core   0: 3 0x800083e0 (0x01278db3) x27 0x44d04583
core   0: 0x800083e4 (0x02b00333) mul     t1, zero, a1
core   0: 3 0x800083e4 (0x02b00333) x 6 0x00000000
core   0: 0x800083e8 (0x94c3ca93) xori    s5, t2, -1716
core   0: 3 0x800083e8 (0x94c3ca93) x21 0x0cbbfdcc
core   0: 0x800083ec (0x00f03b33) snez    s6, a5
core   0: 3 0x800083ec (0x00f03b33) x22 0x00000001
core   0: 0x800083f0 (0x00008206) c.mv    tp, ra
core   0: 3 0x800083f0 (0x8206) x 4 0x00000000
core   0: 0x800083f2 (0x01805a13) srli    s4, zero, 24
core   0: 3 0x800083f2 (0x01805a13) x20 0x00000000
core   0: 0x800083f6 (0x018f9a13) slli    s4, t6, 24
core   0: 3 0x800083f6 (0x018f9a13) x20 0x69000000
core   0: 0x800083fa (0x010e1733) sll     a4, t3, a6
core   0: 3 0x800083fa (0x010e1733) x14 0x00000200
core   0: 0x800083fe (0x32d57713) andi    a4, a0, 813
core   0: 3 0x800083fe (0x32d57713) x14 0x0000022d
core   0: 0x80008402 (0x2ec6fd93) andi    s11, a3, 748
core   0: 3 0x80008402 (0x2ec6fd93) x27 0x00000000
core   0: 0x80008406 (0x00001a88) c.addi4spn a0, sp, 368
core   0: 3 0x80008406 (0x1a88) x10 0x00000170
core   0: 0x80008408 (0x03712333) mulhsu  t1, sp, s7
core   0: 3 0x80008408 (0x03712333) x 6 0x00000000
core   0: 0x8000840c (0x00008981) c.andi  a1, 0
core   0: 3 0x8000840c (0x8981) x11 0x00000000
core   0: 0x8000840e (0x00935f13) srli    t5, t1, 9
core   0: 3 0x8000840e (0x00935f13) x30 0x00000000
core   0: 0x80008412 (0xaf154d93) xori    s11, a0, -1295
core   0: 3 0x80008412 (0xaf154d93) x27 0xfffffb81
core   0: 0x80008416 (0x0000921e) c.add   tp, t2
core   0: 3 0x80008416 (0x921e) x 4 0xf3440480
core   0: 0x80008418 (0x02e85633) divu    a2, a6, a4
core   0: 3 0x80008418 (0x02e85633) x12 0x003ad4e8
core   0: 0x8000841c (0x02dc7333) remu    t1, s8, a3
core   0: 3 0x8000841c (0x02dc7333) x 6 0xca3fa000
core   0: 0x80008420 (0x00004591) c.li    a1, 4
core   0: 3 0x80008420 (0x4591) x11 0x00000004
core   0: 0x80008422 (0x419ddfb3) sra     t6, s11, s9
core   0: 3 0x80008422 (0x419ddfb3) x31 0xfffffb81
core   0: 0x80008426 (0x65a00317) auipc   t1, 0x65a00
core   0: 3 0x80008426 (0x65a00317) x 6 0xe5a08426
core   0: 0x8000842a (0x02cce333) rem     t1, s9, a2
core   0: 3 0x8000842a (0x02cce333) x 6 0x00000000
core   0: 0x8000842e (0x00dba333) slt     t1, s7, a3
core   0: 3 0x8000842e (0x00dba333) x 6 0x00000000
core   0: 0x80008432 (0x00009afd) c.andi  a3, -1
core   0: 3 0x80008432 (0x9afd) x13 0x00000000
core   0: 0x80008434 (0x0000717d) c.addi16sp sp, -16
core   0: 3 0x80008434 (0x717d) x 2 0xfffffff0
core   0: 0x80008436 (0x00009e16) c.add   t3, t0
core   0: 3 0x80008436 (0x9e16) x28 0x00000020
core   0: 0x80008438 (0x00008eb5) c.xor   a3, a3
core   0: 3 0x80008438 (0x8eb5) x13 0x00000000
core   0: 0x8000843a (0x0000717d) c.addi16sp sp, -16
core   0: 3 0x8000843a (0x717d) x 2 0xffffffe0
core   0: 0x8000843c (0x00008ebd) c.xor   a3, a5
core   0: 3 0x8000843c (0x8ebd) x13 0x11c6e3ac
core   0: 0x8000843e (0x03cee8b3) rem     a7, t4, t3
core   0: 3 0x8000843e (0x03cee8b3) x17 0xffffffe4
core   0: 0x80008442 (0x03e46633) rem     a2, s0, t5
core   0: 3 0x80008442 (0x03e46633) x12 0x00015603
core   0: 0x80008446 (0x6728aa93) slti    s5, a7, 1650
core   0: 3 0x80008446 (0x6728aa93) x21 0x00000001
core   0: 0x8000844a (0x025587b3) mul     a5, a1, t0
core   0: 3 0x8000844a (0x025587b3) x15 0x00000000
core   0: 0x8000844e (0x9f522a13) slti    s4, tp, -1547
core   0: 3 0x8000844e (0x9f522a13) x20 0x00000001
core   0: 0x80008452 (0x00000001) c.nop
core   0: 3 0x80008452 (0x0001)
core   0: 0x80008454 (0x030626b3) mulhsu  a3, a2, a6
core   0: 3 0x80008454 (0x030626b3) x13 0x0000ab03
core   0: 0x80008458 (0x000088ae) c.mv    a7, a1
core   0: 3 0x80008458 (0x88ae) x17 0x00000004
core   0: 0x8000845a (0x00008f99) c.sub   a5, a4
core   0: 3 0x8000845a (0x8f99) x15 0xfffffdd3
core   0: 0x8000845c (0x00000001) c.nop
core   0: 3 0x8000845c (0x0001)
core   0: 0x8000845e (0x0124a0b3) slt     ra, s1, s2
core   0: 3 0x8000845e (0x0124a0b3) x 1 0x00000001
core   0: 0x80008462 (0x00008f95) c.sub   a5, a3
core   0: 3 0x80008462 (0x8f95) x15 0xffff52d0
core   0: 0x80008464 (0x00000d9e) c.slli  s11, 7
core   0: 3 0x80008464 (0x0d9e) x27 0xfffdc080
core   0: 0x80008466 (0x0052c1b3) xor     gp, t0, t0
core   0: 3 0x80008466 (0x0052c1b3) x 3 0x00000000
core   0: 0x8000846a (0x00df9333) sll     t1, t6, a3
core   0: 3 0x8000846a (0x00df9333) x 6 0xffffdc08
core   0: 0x8000846e (0x01429f13) slli    t5, t0, 20
core   0: 3 0x8000846e (0x01429f13) x30 0x00000000
core   0: 0x80008472 (0x00008d51) c.or    a0, a2
core   0: 3 0x80008472 (0x8d51) x10 0x00015773
core   0: 0x80008474 (0x00000bc9) c.addi  s7, 18
core   0: 3 0x80008474 (0x0bc9) x23 0x00000222
core   0: 0x80008476 (0x00f41eb3) sll     t4, s0, a5
core   0: 3 0x80008476 (0x00f41eb3) x29 0x56030000
core   0: 0x8000847a (0x015ed613) srli    a2, t4, 21
core   0: 3 0x8000847a (0x015ed613) x12 0x000002b0
core   0: 0x8000847e (0x00000d99) c.addi  s11, 6
core   0: 3 0x8000847e (0x0d99) x27 0xfffdc086
core   0: 0x80008480 (0x000091f2) c.add   gp, t3
core   0: 3 0x80008480 (0x91f2) x 3 0x00000020
core   0: 0x80008482 (0x00006abd) c.lui   s5, 0xf
core   0: 3 0x80008482 (0x6abd) x21 0x0000f000
core   0: 0x80008484 (0x01e13733) sltu    a4, sp, t5
core   0: 3 0x80008484 (0x01e13733) x14 0x00000000
core   0: 0x80008488 (0x00008efd) c.and   a3, a5
core   0: 3 0x80008488 (0x8efd) x13 0x00000200
core   0: 0x8000848a (0x00008f45) c.or    a4, s1
core   0: 3 0x8000848a (0x8f45) x14 0x8000fe64
core   0: 0x8000848c (0x00006a8d) c.lui   s5, 0x3
core   0: 3 0x8000848c (0x6a8d) x21 0x00003000
core   0: 0x8000848e (0x00001b10) c.addi4spn a2, sp, 432
core   0: 3 0x8000848e (0x1b10) x12 0x00000190
core   0: 0x80008490 (0xaaba8c17) auipc   s8, 0xaaba8
core   0: 3 0x80008490 (0xaaba8c17) x24 0x2abb0490
core   0: 0x80008494 (0x01bc1f93) slli    t6, s8, 27
core   0: 3 0x80008494 (0x01bc1f93) x31 0x80000000
core   0: 0x80008498 (0x0000645d) c.lui   s0, 0x17
core   0: 3 0x80008498 (0x645d) x 8 0x00017000
core   0: 0x8000849a (0x00557533) and     a0, a0, t0
core   0: 3 0x8000849a (0x00557533) x10 0x00000000
core   0: 0x8000849e (0x02c838b3) mulhu   a7, a6, a2
core   0: 3 0x8000849e (0x02c838b3) x17 0x000000c8
core   0: 0x800084a2 (0x0089b033) sltu    zero, s3, s0
core   0: 3 0x800084a2 (0x0089b033)
core   0: 0x800084a6 (0x00f0f5b3) and     a1, ra, a5
core   0: 3 0x800084a6 (0x00f0f5b3) x11 0x00000000
core   0: 0x800084aa (0x02e19eb3) mulh    t4, gp, a4
core   0: 3 0x800084aa (0x02e19eb3) x29 0xfffffff0
core   0: 0x800084ae (0x0169d793) srli    a5, s3, 22
core   0: 3 0x800084ae (0x0169d793) x15 0x000003ff
core   0: 0x800084b2 (0x00006665) c.lui   a2, 0x19
core   0: 3 0x800084b2 (0x6665) x12 0x00019000
core   0: 0x800084b4 (0x00561ab3) sll     s5, a2, t0
core   0: 3 0x800084b4 (0x00561ab3) x21 0x00019000
core   0: 0x800084b8 (0xd9d57f13) andi    t5, a0, -611
core   0: 3 0x800084b8 (0xd9d57f13) x30 0x00000000
core   0: 0x800084bc (0x00000001) c.nop
core   0: 3 0x800084bc (0x0001)
core   0: 0x800084be (0x00008fd1) c.or    a5, a2
core   0: 3 0x800084be (0x8fd1) x15 0x000193ff
core   0: 0x800084c0 (0x0279c333) div     t1, s3, t2
core   0: 3 0x800084c0 (0x0279c333) x 6 0x00000000
core   0: 0x800084c4 (0x0000717d) c.addi16sp sp, -16
core   0: 3 0x800084c4 (0x717d) x 2 0xffffffd0
core   0: 0x800084c6 (0x0000717d) c.addi16sp sp, -16
core   0: 3 0x800084c6 (0x717d) x 2 0xffffffc0
core   0: 0x800084c8 (0x00008e09) c.sub   a2, a0
core   0: 3 0x800084c8 (0x8e09) x12 0x00019000
core   0: 0x800084ca (0x00008571) c.srai  a0, 28
core   0: 3 0x800084ca (0x8571) x10 0x00000000
core   0: 0x800084cc (0x00008d1d) c.sub   a0, a5
core   0: 3 0x800084cc (0x8d1d) x10 0xfffe6c01
core   0: 0x800084ce (0x00006245) c.lui   tp, 0x11
core   0: 3 0x800084ce (0x6245) x 4 0x00011000
core   0: 0x800084d0 (0x00000001) c.nop
core   0: 3 0x800084d0 (0x0001)
core   0: 0x800084d2 (0x00000001) c.nop
core   0: 3 0x800084d2 (0x0001)
core   0: 0x800084d4 (0x01437133) and     sp, t1, s4
core   0: 3 0x800084d4 (0x01437133) x 2 0x00000000
core   0: 0x800084d8 (0x00ab3e33) sltu    t3, s6, a0
core   0: 3 0x800084d8 (0x00ab3e33) x28 0x00000001
core   0: 0x800084dc (0x0000415d) c.li    sp, 23
core   0: 3 0x800084dc (0x415d) x 2 0x00000017
core   0: 0x800084de (0x00000422) c.slli  s0, 8
core   0: 3 0x800084de (0x0422) x 8 0x01700000
core   0: 0x800084e0 (0x0000717d) c.addi16sp sp, -16
core   0: 3 0x800084e0 (0x717d) x 2 0x00000007
core   0: 0x800084e2 (0x41f28f33) sub     t5, t0, t6
core   0: 3 0x800084e2 (0x41f28f33) x30 0x80000000
core   0: 0x800084e6 (0x00008eb5) c.xor   a3, a3
core   0: 3 0x800084e6 (0x8eb5) x13 0x00000000
core   0: 0x800084e8 (0xf80b1017) auipc   zero, 0xf80b1
core   0: 3 0x800084e8 (0xf80b1017)
core   0: 0x800084ec (0x0000816a) c.mv    sp, s10
core   0: 3 0x800084ec (0x816a) x 2 0xffffffff
core   0: 0x800084ee (0x017f4eb3) xor     t4, t5, s7
core   0: 3 0x800084ee (0x017f4eb3) x29 0x80000222
core   0: 0x800084f2 (0x009d8033) add     zero, s11, s1
core   0: 3 0x800084f2 (0x009d8033)
core   0: 0x800084f6 (0x00009946) c.add   s2, a7
core   0: 3 0x800084f6 (0x9946) x18 0x3309629f
core   0: 0x800084f8 (0x035dae33) mulhsu  t3, s11, s5
core   0: 3 0x800084f8 (0x035dae33) x28 0xfffffffc
core   0: 0x800084fc (0x000057fd) c.li    a5, -1
core   0: 3 0x800084fc (0x57fd) x15 0xffffffff
core   0: 0x800084fe (0x029ed233) divu    tp, t4, s1
core   0: 3 0x800084fe (0x029ed233) x 4 0x00000000
core   0: 0x80008502 (0x0000432d) c.li    t1, 11
core   0: 3 0x80008502 (0x432d) x 6 0x0000000b
core   0: 0x80008504 (0x402b0e33) sub     t3, s6, sp
core   0: 3 0x80008504 (0x402b0e33) x28 0x00000002
core   0: 0x80008508 (0x00f8e8b3) or      a7, a7, a5
core   0: 3 0x80008508 (0x00f8e8b3) x17 0xffffffff
core   0: 0x8000850c (0x000089f1) c.andi  a1, 28
core   0: 3 0x8000850c (0x89f1) x11 0x00000000
core   0: 0x8000850e (0x492b2893) slti    a7, s6, 1170
core   0: 3 0x8000850e (0x492b2893) x17 0x00000001
core   0: 0x80008512 (0x00008321) c.srli  a4, 8
core   0: 3 0x80008512 (0x8321) x14 0x008000fe
core   0: 0x80008514 (0x408fd713) srai    a4, t6, 8
core   0: 3 0x80008514 (0x408fd713) x14 0xff800000
core   0: 0x80008518 (0x000006fe) c.slli  a3, 31
core   0: 3 0x80008518 (0x06fe) x13 0x00000000
core   0: 0x8000851a (0x02241f33) mulh    t5, s0, sp
core   0: 3 0x8000851a (0x02241f33) x30 0xffffffff
core   0: 0x8000851e (0x00008ec1) c.or    a3, s0
core   0: 3 0x8000851e (0x8ec1) x13 0x01700000
core   0: 0x80008520 (0x0233beb3) mulhu   t4, t2, gp
core   0: 3 0x80008520 (0x0233beb3) x29 0x0000001e
core   0: 0x80008524 (0x03ab7233) remu    tp, s6, s10
core   0: 3 0x80008524 (0x03ab7233) x 4 0x00000001
core   0: 0x80008528 (0x03a69bb3) mulh    s7, a3, s10
core   0: 3 0x80008528 (0x03a69bb3) x23 0xffffffff
core   0: 0x8000852c (0x0341db33) divu    s6, gp, s4
core   0: 3 0x8000852c (0x0341db33) x22 0x00000020
core   0: 0x80008530 (0xff3e3593) sltiu   a1, t3, -13
core   0: 3 0x80008530 (0xff3e3593) x11 0x00000001
core   0: 0x80008534 (0x00000205) c.addi  tp, 1
core   0: 3 0x80008534 (0x0205) x 4 0x00000002
core   0: 0x80008536 (0x00d00533) add     a0, zero, a3
core   0: 3 0x80008536 (0x00d00533) x10 0x01700000
core   0: 0x8000853a (0x12e82c13) slti    s8, a6, 302
core   0: 3 0x8000853a (0x12e82c13) x24 0x00000001
core   0: 0x8000853e (0x00008ffd) c.and   a5, a5
core   0: 3 0x8000853e (0x8ffd) x15 0xffffffff
core   0: 0x80008540 (0x41cf0db3) sub     s11, t5, t3
core   0: 3 0x80008540 (0x41cf0db3) x27 0xfffffffd
core   0: 0x80008544 (0x03a06fb3) rem     t6, zero, s10
core   0: 3 0x80008544 (0x03a06fb3) x31 0x00000000
core   0: 0x80008548 (0x00008efd) c.and   a3, a5
core   0: 3 0x80008548 (0x8efd) x13 0x01700000
core   0: 0x8000854a (0x039ee033) rem     zero, t4, s9
core   0: 3 0x8000854a (0x039ee033)
core   0: 0x8000854e (0x50c6e793) ori     a5, a3, 1292
core   0: 3 0x8000854e (0x50c6e793) x15 0x0170050c
core   0: 0x80008552 (0x02d6fd33) remu    s10, a3, a3
core   0: 3 0x80008552 (0x02d6fd33) x26 0x00000000
core   0: 0x80008556 (0x00006125) c.addi16sp sp, 96
core   0: 3 0x80008556 (0x6125) x 2 0x0000005f
core   0: 0x80008558 (0x01fb9393) slli    t2, s7, 31
core   0: 3 0x80008558 (0x01fb9393) x 7 0x80000000
core   0: 0x8000855c (0x01a03533) snez    a0, s10
core   0: 3 0x8000855c (0x01a03533) x10 0x00000000
core   0: 0x80008560 (0x03ee7fb3) remu    t6, t3, t5
core   0: 3 0x80008560 (0x03ee7fb3) x31 0x00000002
core   0: 0x80008564 (0x00000001) c.nop
core   0: 3 0x80008564 (0x0001)
core   0: 0x80008566 (0x009a5f13) srli    t5, s4, 9
core   0: 3 0x80008566 (0x009a5f13) x30 0x00000000
core   0: 0x8000856a (0x00bc6933) or      s2, s8, a1
core   0: 3 0x8000856a (0x00bc6933) x18 0x00000001
core   0: 0x8000856e (0x01d49fb3) sll     t6, s1, t4
core   0: 3 0x8000856e (0x01d49fb3) x31 0x00000000
core   0: 0x80008572 (0x00008ee1) c.and   a3, s0
core   0: 3 0x80008572 (0x8ee1) x13 0x01700000
core   0: 0x80008574 (0x0b884d93) xori    s11, a6, 184
core   0: 3 0x80008574 (0x0b884d93) x27 0x80013c5c
core   0: 0x80008578 (0x00008bae) c.mv    s7, a1
core   0: 3 0x80008578 (0x8bae) x23 0x00000001
core   0: 0x8000857a (0x018e61b3) or      gp, t3, s8
core   0: 3 0x8000857a (0x018e61b3) x 3 0x00000003
core   0: 0x8000857e (0x00e5b433) sltu    s0, a1, a4
core   0: 3 0x8000857e (0x00e5b433) x 8 0x00000001
core   0: 0x80008582 (0x0000861d) c.srai  a2, 7
core   0: 3 0x80008582 (0x861d) x12 0x00000320
core   0: 0x80008584 (0x67450d93) addi    s11, a0, 1652
core   0: 3 0x80008584 (0x67450d93) x27 0x00000674
core   0: 0x80008588 (0x2ddead93) slti    s11, t4, 733
core   0: 3 0x80008588 (0x2ddead93) x27 0x00000001
core   0: 0x8000858c (0x015f38b3) sltu    a7, t5, s5
core   0: 3 0x8000858c (0x015f38b3) x17 0x00000001
core   0: 0x80008590 (0x000083cd) c.srli  a5, 19
core   0: 3 0x80008590 (0x83cd) x15 0x0000002e
core   0: 0x80008592 (0x004ed7b3) srl     a5, t4, tp
core   0: 3 0x80008592 (0x004ed7b3) x15 0x00000007
core   0: 0x80008596 (0x00008ea1) c.xor   a3, s0
core   0: 3 0x80008596 (0x8ea1) x13 0x01700001
core   0: 0x80008598 (0x00008596) c.mv    a1, t0
core   0: 3 0x80008598 (0x8596) x11 0x00000000
core   0: 0x8000859a (0x00008d29) c.xor   a0, a0
core   0: 3 0x8000859a (0x8d29) x10 0x00000000
core   0: 0x8000859c (0x007b5733) srl     a4, s6, t2
core   0: 3 0x8000859c (0x007b5733) x14 0x00000020
core   0: 0x800085a0 (0x024b95b3) mulh    a1, s7, tp
core   0: 3 0x800085a0 (0x024b95b3) x11 0x00000000
core   0: 0x800085a4 (0xc3f20193) addi    gp, tp, -961
core   0: 3 0x800085a4 (0xc3f20193) x 3 0xfffffc41
core   0: 0x800085a8 (0x136e7113) andi    sp, t3, 310
core   0: 3 0x800085a8 (0x136e7113) x 2 0x00000002
core   0: 0x800085ac (0x01864433) xor     s0, a2, s8
core   0: 3 0x800085ac (0x01864433) x 8 0x00000321
core   0: 0x800085b0 (0x00008011) c.srli  s0, 4
core   0: 3 0x800085b0 (0x8011) x 8 0x00000032
core   0: 0x800085b2 (0x00008ed1) c.or    a3, a2
core   0: 3 0x800085b2 (0x8ed1) x13 0x01700321
core   0: 0x800085b4 (0x00fa1d13) slli    s10, s4, 15
core   0: 3 0x800085b4 (0x00fa1d13) x26 0x00008000
core   0: 0x800085b8 (0x00000988) c.addi4spn a0, sp, 208
core   0: 3 0x800085b8 (0x0988) x10 0x000000d2
core   0: 0x800085ba (0x02fd5133) divu    sp, s10, a5
core   0: 3 0x800085ba (0x02fd5133) x 2 0x00001249
core   0: 0x800085be (0x0000852d) c.srai  a0, 11
core   0: 3 0x800085be (0x852d) x10 0x00000000
core   0: 0x800085c0 (0x0000717d) c.addi16sp sp, -16
core   0: 3 0x800085c0 (0x717d) x 2 0x00001239
core   0: 0x800085c2 (0x00008c49) c.or    s0, a0
core   0: 3 0x800085c2 (0x8c49) x 8 0x00000032
core   0: 0x800085c4 (0x03fa0ab3) mul     s5, s4, t6
core   0: 3 0x800085c4 (0x03fa0ab3) x21 0x00000000
core   0: 0x800085c8 (0x00009a7d) c.andi  a2, -1
core   0: 3 0x800085c8 (0x9a7d) x12 0x00000320
core   0: 0x800085ca (0x0000804d) c.srli  s0, 19
core   0: 3 0x800085ca (0x804d) x 8 0x00000000
core   0: 0x800085cc (0x0000717d) c.addi16sp sp, -16
core   0: 3 0x800085cc (0x717d) x 2 0x00001229
core   0: 0x800085ce (0x417e5593) srai    a1, t3, 23
core   0: 3 0x800085ce (0x417e5593) x11 0x00000000
core   0: 0x800085d2 (0x00008e42) c.mv    t3, a6
core   0: 3 0x800085d2 (0x8e42) x28 0x80013ce4
core   0: 0x800085d4 (0xd30b6693) ori     a3, s6, -720
core   0: 3 0x800085d4 (0xd30b6693) x13 0xfffffd30
core   0: 0x800085d8 (0x00149f33) sll     t5, s1, ra
core   0: 3 0x800085d8 (0x00149f33) x30 0x0001fcc8
core   0: 0x800085dc (0x00008bae) c.mv    s7, a1
core   0: 3 0x800085dc (0x8bae) x23 0x00000000
core   0: 0x800085de (0x02323eb3) mulhu   t4, tp, gp
core   0: 3 0x800085de (0x02323eb3) x29 0x00000001
core   0: 0x800085e2 (0x00008531) c.srai  a0, 12
core   0: 3 0x800085e2 (0x8531) x10 0x00000000
core   0: 0x800085e4 (0x00008f31) c.xor   a4, a2
core   0: 3 0x800085e4 (0x8f31) x14 0x00000300
core   0: 0x800085e6 (0x00006eb5) c.lui   t4, 0xd
core   0: 3 0x800085e6 (0x6eb5) x29 0x0000d000
core   0: 0x800085e8 (0x00009446) c.add   s0, a7
core   0: 3 0x800085e8 (0x9446) x 8 0x00000001
core   0: 0x800085ea (0x000081f5) c.srli  a1, 29
core   0: 3 0x800085ea (0x81f5) x11 0x00000000
core   0: 0x800085ec (0x00008c01) c.sub   s0, s0
core   0: 3 0x800085ec (0x8c01) x 8 0x00000000
core   0: 0x800085ee (0x025cd5b3) divu    a1, s9, t0
core   0: 3 0x800085ee (0x025cd5b3) x11 0xffffffff
core   0: 0x800085f2 (0x0c353713) sltiu   a4, a0, 195
core   0: 3 0x800085f2 (0x0c353713) x14 0x00000001
core   0: 0x800085f6 (0x037bf1b3) remu    gp, s7, s7
core   0: 3 0x800085f6 (0x037bf1b3) x 3 0x00000000
core   0: 0x800085fa (0x00d71913) slli    s2, a4, 13
core   0: 3 0x800085fa (0x00d71913) x18 0x00002000
core   0: 0x800085fe (0x00000001) c.nop
core   0: 3 0x800085fe (0x0001)
core   0: 0x80008600 (0x00000001) c.nop
core   0: 3 0x80008600 (0x0001)
core   0: 0x80008602 (0x021f6333) rem     t1, t5, ra
core   0: 3 0x80008602 (0x021f6333) x 6 0x00000000
core   0: 0x80008606 (0x012446b3) xor     a3, s0, s2
core   0: 3 0x80008606 (0x012446b3) x13 0x00002000
core   0: 0x8000860a (0x00008fc9) c.or    a5, a0
core   0: 3 0x8000860a (0x8fc9) x15 0x00000007
core   0: 0x8000860c (0x03b8aa33) mulhsu  s4, a7, s11
core   0: 3 0x8000860c (0x03b8aa33) x20 0x00000000
core   0: 0x80008610 (0x00008285) c.srli  a3, 1
core   0: 3 0x80008610 (0x8285) x13 0x00001000
core   0: 0x80008612 (0x40c083b3) sub     t2, ra, a2
core   0: 3 0x80008612 (0x40c083b3) x 7 0xfffffce1
core   0: 0x80008616 (0x03a86a33) rem     s4, a6, s10
core   0: 3 0x80008616 (0x03a86a33) x20 0xffffbce4
core   0: 0x8000861a (0x03b5f533) remu    a0, a1, s11
core   0: 3 0x8000861a (0x03b5f533) x10 0x00000000
core   0: 0x8000861e (0x416d5713) srai    a4, s10, 22
core   0: 3 0x8000861e (0x416d5713) x14 0x00000000
core   0: 0x80008622 (0x01e4b233) sltu    tp, s1, t5
core   0: 3 0x80008622 (0x01e4b233) x 4 0x00000000
core   0: 0x80008626 (0x010b25b3) slt     a1, s6, a6
core   0: 3 0x80008626 (0x010b25b3) x11 0x00000000
core   0: 0x8000862a (0x0000615d) c.addi16sp sp, 432
core   0: 3 0x8000862a (0x615d) x 2 0x000013d9
core   0: 0x8000862c (0x00000001) c.nop
core   0: 3 0x8000862c (0x0001)
core   0: 0x8000862e (0x015c9113) slli    sp, s9, 21
core   0: 3 0x8000862e (0x015c9113) x 2 0x00000000
core   0: 0x80008632 (0x014c1293) slli    t0, s8, 20
core   0: 3 0x80008632 (0x014c1293) x 5 0x00100000
core   0: 0x80008636 (0x27c2eb13) ori     s6, t0, 636
core   0: 3 0x80008636 (0x27c2eb13) x22 0x0010027c
core   0: 0x8000863a (0x00000bfa) c.slli  s7, 30
core   0: 3 0x8000863a (0x0bfa) x23 0x00000000
core   0: 0x8000863c (0x406255b3) sra     a1, tp, t1
core   0: 3 0x8000863c (0x406255b3) x11 0x00000000
core   0: 0x80008640 (0x02a15233) divu    tp, sp, a0
core   0: 3 0x80008640 (0x02a15233) x 4 0xffffffff
core   0: 0x80008644 (0x0000181c) c.addi4spn a5, sp, 48
core   0: 3 0x80008644 (0x181c) x15 0x00000030
core   0: 0x80008646 (0x00008da9) c.xor   a1, a0
core   0: 3 0x80008646 (0x8da9) x11 0x00000000
core   0: 0x80008648 (0xc1ab2893) slti    a7, s6, -998
core   0: 3 0x80008648 (0xc1ab2893) x17 0x00000000
core   0: 0x8000864c (0x412ad233) sra     tp, s5, s2
core   0: 3 0x8000864c (0x412ad233) x 4 0x00000000
core   0: 0x80008650 (0x011e7a33) and     s4, t3, a7
core   0: 3 0x80008650 (0x011e7a33) x20 0x00000000
core   0: 0x80008654 (0x00000001) c.nop
core   0: 3 0x80008654 (0x0001)
core   0: 0x80008656 (0x03dafdb3) remu    s11, s5, t4
core   0: 3 0x80008656 (0x03dafdb3) x27 0x00000000
core   0: 0x8000865a (0x03a24ab3) div     s5, tp, s10
core   0: 3 0x8000865a (0x03a24ab3) x21 0x00000000
core   0: 0x8000865e (0x000018fd) c.addi  a7, -1
core   0: 3 0x8000865e (0x18fd) x17 0xffffffff
core   0: 0x80008660 (0x01379733) sll     a4, a5, s3
core   0: 3 0x80008660 (0x01379733) x14 0x00006000
core   0: 0x80008664 (0x02f0f3b3) remu    t2, ra, a5
core   0: 3 0x80008664 (0x02f0f3b3) x 7 0x00000001
core   0: 0x80008668 (0x41a40333) sub     t1, s0, s10
core   0: 3 0x80008668 (0x41a40333) x 6 0xffff8000
core   0: 0x8000866c (0x03d07eb3) remu    t4, zero, t4
core   0: 3 0x8000866c (0x03d07eb3) x29 0x00000000
core   0: 0x80008670 (0x03eb2a33) mulhsu  s4, s6, t5
core   0: 3 0x80008670 (0x03eb2a33) x20 0x0000001f
core   0: 0x80008674 (0x87462013) slti    zero, a2, -1932
core   0: 3 0x80008674 (0x87462013)
core   0: 0x80008678 (0x026c77b3) remu    a5, s8, t1
core   0: 3 0x80008678 (0x026c77b3) x15 0x00000001
core   0: 0x8000867c (0xb05e0413) addi    s0, t3, -1275
core   0: 3 0x8000867c (0xb05e0413) x 8 0x800137e9
core   0: 0x80008680 (0x193dfd93) andi    s11, s11, 403
core   0: 3 0x80008680 (0x193dfd93) x27 0x00000000
core   0: 0x80008684 (0x26af0f97) auipc   t6, 0x26af0
core   0: 3 0x80008684 (0x26af0f97) x31 0xa6af8684
core   0: 0x80008688 (0x14fbbdb7) lui     s11, 0x14fbb
core   0: 3 0x80008688 (0x14fbbdb7) x27 0x14fbb000
core   0: 0x8000868c (0x00008f2d) c.xor   a4, a1
core   0: 3 0x8000868c (0x8f2d) x14 0x00006000
core   0: 0x8000868e (0xbb3d2e93) slti    t4, s10, -1101
core   0: 3 0x8000868e (0xbb3d2e93) x29 0x00000000
core   0: 0x80008692 (0x255fcd93) xori    s11, t6, 597
core   0: 3 0x80008692 (0x255fcd93) x27 0xa6af84d1
core   0: 0x80008696 (0x66814093) xori    ra, sp, 1640
core   0: 3 0x80008696 (0x66814093) x 1 0x00000668
core   0: 0x8000869a (0x00fcc3b3) xor     t2, s9, a5
core   0: 3 0x8000869a (0x00fcc3b3) x 7 0x00000001
core   0: 0x8000869e (0x000000b6) c.slli  ra, 13
core   0: 3 0x8000869e (0x00b6) x 1 0x00cd0000
core   0: 0x800086a0 (0x00008e2d) c.xor   a2, a1
core   0: 3 0x800086a0 (0x8e2d) x12 0x00000320
core   0: 0x800086a2 (0x3b935037) lui     zero, 0x3b935
core   0: 3 0x800086a2 (0x3b935037)
core   0: 0x800086a6 (0x019e5533) srl     a0, t3, s9
core   0: 3 0x800086a6 (0x019e5533) x10 0x80013ce4
core   0: 0x800086aa (0x1e032513) slti    a0, t1, 480
core   0: 3 0x800086aa (0x1e032513) x10 0x00000001
core   0: 0x800086ae (0x00008f19) c.sub   a4, a4
core   0: 3 0x800086ae (0x8f19) x14 0x00000000
core   0: 0x800086b0 (0xe3890913) addi    s2, s2, -456
core   0: 3 0x800086b0 (0xe3890913) x18 0x00001e38
core   0: 0x800086b4 (0x0214deb3) divu    t4, s1, ra
core   0: 3 0x800086b4 (0x0214deb3) x29 0x0000009f
core   0: 0x800086b8 (0xf4a0ee13) ori     t3, ra, -182
core   0: 3 0x800086b8 (0xf4a0ee13) x28 0xffffff4a
core   0: 0x800086bc (0x03f940b3) div     ra, s2, t6
core   0: 3 0x800086bc (0x03f940b3) x 1 0x00000000
core   0: 0x800086c0 (0x000018fd) c.addi  a7, -1
core   0: 3 0x800086c0 (0x18fd) x17 0xfffffffe
core   0: 0x800086c2 (0x0000897e) c.mv    s2, t6
core   0: 3 0x800086c2 (0x897e) x18 0xa6af8684
core   0: 0x800086c4 (0x006e32b3) sltu    t0, t3, t1
core   0: 3 0x800086c4 (0x006e32b3) x 5 0x00000000
core   0: 0x800086c8 (0x80000c37) lui     s8, 0x80000
core   0: 3 0x800086c8 (0x80000c37) x24 0x80000000
core   0: 0x800086cc (0xfff00f13) li      t5, -1
core   0: 3 0x800086cc (0xfff00f13) x30 0xffffffff
core   0: 0x800086d0 (0xaf9f6db7) lui     s11, 0xaf9f6
core   0: 3 0x800086d0 (0xaf9f6db7) x27 0xaf9f6000
core   0: 0x800086d4 (0xa47d8d93) addi    s11, s11, -1465
core   0: 3 0x800086d4 (0xa47d8d93) x27 0xaf9f5a47
core   0: 0x800086d8 (0xfff00113) li      sp, -1
core   0: 3 0x800086d8 (0xfff00113) x 2 0xffffffff
core   0: 0x800086dc (0x00004181) c.li    gp, 0
core   0: 3 0x800086dc (0x4181) x 3 0x00000000
core   0: 0x800086de (0xfff00713) li      a4, -1
core   0: 3 0x800086de (0xfff00713) x14 0xffffffff
core   0: 0x800086e2 (0x800006b7) lui     a3, 0x80000
core   0: 3 0x800086e2 (0x800006b7) x13 0x80000000
core   0: 0x800086e6 (0x80000bb7) lui     s7, 0x80000
core   0: 3 0x800086e6 (0x80000bb7) x23 0x80000000
core   0: 0x800086ea (0xfff00213) li      tp, -1
core   0: 3 0x800086ea (0xfff00213) x 4 0xffffffff
core   0: 0x800086ee (0x800005b7) lui     a1, 0x80000
core   0: 3 0x800086ee (0x800005b7) x11 0x80000000
core   0: 0x800086f2 (0x037bd733) divu    a4, s7, s7
core   0: 3 0x800086f2 (0x037bd733) x14 0x00000001
core   0: 0x800086f6 (0x02ec5c33) divu    s8, s8, a4
core   0: 3 0x800086f6 (0x02ec5c33) x24 0x80000000
core   0: 0x800086fa (0x47f25217) auipc   tp, 0x47f25
core   0: 3 0x800086fa (0x47f25217) x 4 0xc7f2d6fa
core   0: 0x800086fe (0x00000001) c.nop
core   0: 3 0x800086fe (0x0001)
core   0: 0x80008700 (0x03eb8bb3) mul     s7, s7, t5
core   0: 3 0x80008700 (0x03eb8bb3) x23 0x80000000
core   0: 0x80008704 (0x017701b3) add     gp, a4, s7
core   0: 3 0x80008704 (0x017701b3) x 3 0x80000001
core   0: 0x80008708 (0x023695b3) mulh    a1, a3, gp
core   0: 3 0x80008708 (0x023695b3) x11 0x3fffffff
core   0: 0x8000870c (0x02ed8733) mul     a4, s11, a4
core   0: 3 0x8000870c (0x02ed8733) x14 0xaf9f5a47
core   0: 0x80008710 (0x0386cc33) div     s8, a3, s8
core   0: 3 0x80008710 (0x0386cc33) x24 0x00000001
core   0: 0x80008714 (0x00000001) c.nop
core   0: 3 0x80008714 (0x0001)
core   0: 0x80008716 (0xe1ea2bb7) lui     s7, 0xe1ea2
core   0: 3 0x80008716 (0xe1ea2bb7) x23 0xe1ea2000
core   0: 0x8000871a (0x02ed8f33) mul     t5, s11, a4
core   0: 3 0x8000871a (0x02ed8f33) x30 0x5607ffb1
core   0: 0x8000871e (0x03b226b3) mulhsu  a3, tp, s11
core   0: 3 0x8000871e (0x03b226b3) x13 0xd98c1d04
core   0: 0x80008722 (0x02b6d6b3) divu    a3, a3, a1
core   0: 3 0x80008722 (0x02b6d6b3) x13 0x00000003
core   0: 0x80008726 (0x00000001) c.nop
core   0: 3 0x80008726 (0x0001)
core   0: 0x80008728 (0x03b236b3) mulhu   a3, tp, s11
core   0: 3 0x80008728 (0x03b236b3) x13 0x892b774b
core   0: 0x8000872c (0x03bbcf33) div     t5, s7, s11
core   0: 3 0x8000872c (0x03bbcf33) x30 0x00000000
core   0: 0x80008730 (0x02df5133) divu    sp, t5, a3
core   0: 3 0x80008730 (0x02df5133) x 2 0x00000000
core   0: 0x80008734 (0x03710db3) mul     s11, sp, s7
core   0: 3 0x80008734 (0x03710db3) x27 0x00000000
core   0: 0x80008738 (0x00000001) c.nop
core   0: 3 0x80008738 (0x0001)
core   0: 0x8000873a (0x03ebc5b3) div     a1, s7, t5
core   0: 3 0x8000873a (0x03ebc5b3) x11 0xffffffff
core   0: 0x8000873e (0x03b59233) mulh    tp, a1, s11
core   0: 3 0x8000873e (0x03b59233) x 4 0x00000000
core   0: 0x80008742 (0x02416233) rem     tp, sp, tp
core   0: 3 0x80008742 (0x02416233) x 4 0x00000000
core   0: 0x80008746 (0x40b681b3) sub     gp, a3, a1
core   0: 3 0x80008746 (0x40b681b3) x 3 0x892b774c
core   0: 0x8000874a (0x00000001) c.nop
core   0: 3 0x8000874a (0x0001)
core   0: 0x8000874c (0x01bc0bb3) add     s7, s8, s11
core   0: 3 0x8000874c (0x01bc0bb3) x23 0x00000001
core   0: 0x80008750 (0x000060b9) c.lui   ra, 0xe
core   0: 3 0x80008750 (0x60b9) x 1 0x0000e000
core   0: 0x80008752 (0x00008422) c.mv    s0, s0
core   0: 3 0x80008752 (0x8422) x 8 0x800137e9
core   0: 0x80008754 (0x01c516b3) sll     a3, a0, t3
core   0: 3 0x80008754 (0x01c516b3) x13 0x00000400
core   0: 0x80008758 (0x00008389) c.srli  a5, 2
core   0: 3 0x80008758 (0x8389) x15 0x00000000
core   0: 0x8000875a (0x02ad3933) mulhu   s2, s10, a0
core   0: 3 0x8000875a (0x02ad3933) x18 0x00000000
core   0: 0x8000875e (0x164f1c37) lui     s8, 0x164f1
core   0: 3 0x8000875e (0x164f1c37) x24 0x164f1000
core   0: 0x80008762 (0x01967c33) and     s8, a2, s9
core   0: 3 0x80008762 (0x01967c33) x24 0x00000000
core   0: 0x80008766 (0x000001d6) c.slli  gp, 21
core   0: 3 0x80008766 (0x01d6) x 3 0xe9800000
core   0: 0x80008768 (0x8b43eb93) ori     s7, t2, -1868
core   0: 3 0x80008768 (0x8b43eb93) x23 0xfffff8b5
core   0: 0x8000876c (0xf37f6913) ori     s2, t5, -201
core   0: 3 0x8000876c (0xf37f6913) x18 0xffffff37
core   0: 0x80008770 (0x02979ab3) mulh    s5, a5, s1
core   0: 3 0x80008770 (0x02979ab3) x21 0x00000000
core   0: 0x80008774 (0x03b5aab3) mulhsu  s5, a1, s11
core   0: 3 0x80008774 (0x03b5aab3) x21 0x00000000
core   0: 0x80008778 (0x00000001) c.nop
core   0: 3 0x80008778 (0x0001)
core   0: 0x8000877a (0x00008f95) c.sub   a5, a3
core   0: 3 0x8000877a (0x8f95) x15 0xfffffc00
core   0: 0x8000877c (0x0000987d) c.andi  s0, -1
core   0: 3 0x8000877c (0x987d) x 8 0x800137e9
core   0: 0x8000877e (0x00008d9d) c.sub   a1, a5
core   0: 3 0x8000877e (0x8d9d) x11 0x000003ff
core   0: 0x80008780 (0x00008a99) c.andi  a3, 6
core   0: 3 0x80008780 (0x8a99) x13 0x00000000
core   0: 0x80008782 (0x03146c33) rem     s8, s0, a7
core   0: 3 0x80008782 (0x03146c33) x24 0xffffffff
core   0: 0x80008786 (0x01ff5113) srli    sp, t5, 31
core   0: 3 0x80008786 (0x01ff5113) x 2 0x00000000
core   0: 0x8000878a (0x00005efd) c.li    t4, -1
core   0: 3 0x8000878a (0x5efd) x29 0xffffffff
core   0: 0x8000878c (0x000006a9) c.addi  a3, 10
core   0: 3 0x8000878c (0x06a9) x13 0x0000000a
core   0: 0x8000878e (0xd664f693) andi    a3, s1, -666
core   0: 3 0x8000878e (0xd664f693) x13 0x8000fc64
core   0: 0x80008792 (0x035d4a33) div     s4, s10, s5
core   0: 3 0x80008792 (0x035d4a33) x20 0xffffffff
core   0: 0x80008796 (0x005755b3) srl     a1, a4, t0
core   0: 3 0x80008796 (0x005755b3) x11 0xaf9f5a47
core   0: 0x8000879a (0x00000542) c.slli  a0, 16
core   0: 3 0x8000879a (0x0542) x10 0x00010000
core   0: 0x8000879c (0x00008055) c.srli  s0, 21
core   0: 3 0x8000879c (0x8055) x 8 0x00000400
core   0: 0x8000879e (0x41758333) sub     t1, a1, s7
core   0: 3 0x8000879e (0x41758333) x 6 0xaf9f6192
core   0: 0x800087a2 (0x818c2f93) slti    t6, s8, -2024
core   0: 3 0x800087a2 (0x818c2f93) x31 0x00000000
core   0: 0x800087a6 (0x02c37f33) remu    t5, t1, a2
core   0: 3 0x800087a6 (0x02c37f33) x30 0x00000192
core   0: 0x800087aa (0xaa079297) auipc   t0, 0xaa079
core   0: 3 0x800087aa (0xaa079297) x 5 0x2a0817aa
core   0: 0x800087ae (0x0000717d) c.addi16sp sp, -16
core   0: 3 0x800087ae (0x717d) x 2 0xfffffff0
core   0: 0x800087b0 (0x0000818d) c.srli  a1, 3
core   0: 3 0x800087b0 (0x818d) x11 0x15f3eb48
core   0: 0x800087b2 (0x415c59b3) sra     s3, s8, s5
core   0: 3 0x800087b2 (0x415c59b3) x19 0xffffffff
core   0: 0x800087b6 (0x0000050c) c.addi4spn a1, sp, 640
core   0: 3 0x800087b6 (0x050c) x11 0x00000270
core   0: 0x800087b8 (0x8fb74293) xori    t0, a4, -1797
core   0: 3 0x800087b8 (0x8fb74293) x 5 0x5060a2bc
core   0: 0x800087bc (0x7ce08893) addi    a7, ra, 1998
core   0: 3 0x800087bc (0x7ce08893) x17 0x0000e7ce
core   0: 0x800087c0 (0x000085f9) c.srai  a1, 30
core   0: 3 0x800087c0 (0x85f9) x11 0x00000000
core   0: 0x800087c2 (0x00008a6d) c.andi  a2, 27
core   0: 3 0x800087c2 (0x8a6d) x12 0x00000000
core   0: 0x800087c4 (0x006890b3) sll     ra, a7, t1
core   0: 3 0x800087c4 (0x006890b3) x 1 0x9f380000
core   0: 0x800087c8 (0x01ca5eb3) srl     t4, s4, t3
core   0: 3 0x800087c8 (0x01ca5eb3) x29 0x003fffff
core   0: 0x800087cc (0x00004ddd) c.li    s11, 23
core   0: 3 0x800087cc (0x4ddd) x27 0x00000017
core   0: 0x800087ce (0x00001c80) c.addi4spn s0, sp, 624
core   0: 3 0x800087ce (0x1c80) x 8 0x00000260
core   0: 0x800087d0 (0x00001efd) c.addi  t4, -1
core   0: 3 0x800087d0 (0x1efd) x29 0x003ffffe
core   0: 0x800087d2 (0x41930933) sub     s2, t1, s9
core   0: 3 0x800087d2 (0x41930933) x18 0xaf9f6192
core   0: 0x800087d6 (0x00d11013) slli    zero, sp, 13
core   0: 3 0x800087d6 (0x00d11013)
core   0: 0x800087da (0x0003a0b3) slt     ra, t2, zero
core   0: 3 0x800087da (0x0003a0b3) x 1 0x00000000
core   0: 0x800087de (0x6be4b137) lui     sp, 0x6be4b
core   0: 3 0x800087de (0x6be4b137) x 2 0x6be4b000
core   0: 0x800087e2 (0x02f0e1b3) rem     gp, ra, a5
core   0: 3 0x800087e2 (0x02f0e1b3) x 3 0x00000000
core   0: 0x800087e6 (0x03f675b3) remu    a1, a2, t6
core   0: 3 0x800087e6 (0x03f675b3) x11 0x00000000
core   0: 0x800087ea (0x00009ac6) c.add   s5, a7
core   0: 3 0x800087ea (0x9ac6) x21 0x0000e7ce
core   0: 0x800087ec (0x00001dfd) c.addi  s11, -1
core   0: 3 0x800087ec (0x1dfd) x27 0x00000016
core   0: 0x800087ee (0x02d115b3) mulh    a1, sp, a3
core   0: 3 0x800087ee (0x02d115b3) x11 0xca0e125f
core   0: 0x800087f2 (0x017d9093) slli    ra, s11, 23
core   0: 3 0x800087f2 (0x017d9093) x 1 0x0b000000
core   0: 0x800087f6 (0x000059fd) c.li    s3, -1
core   0: 3 0x800087f6 (0x59fd) x19 0xffffffff
core   0: 0x800087f8 (0x0044d3b3) srl     t2, s1, tp
core   0: 3 0x800087f8 (0x0044d3b3) x 7 0x8000fe64
core   0: 0x800087fc (0x02309c33) mulh    s8, ra, gp
core   0: 3 0x800087fc (0x02309c33) x24 0x00000000
core   0: 0x80008800 (0x035231b3) mulhu   gp, tp, s5
core   0: 3 0x80008800 (0x035231b3) x 3 0x00000000
core   0: 0x80008804 (0x21890413) addi    s0, s2, 536
core   0: 3 0x80008804 (0x21890413) x 8 0xaf9f63aa
core   0: 0x80008808 (0x411fdb33) sra     s6, t6, a7
core   0: 3 0x80008808 (0x411fdb33) x22 0x00000000
core   0: 0x8000880c (0x96448113) addi    sp, s1, -1692
core   0: 3 0x8000880c (0x96448113) x 2 0x8000f7c8
core   0: 0x80008810 (0x02300eb3) mul     t4, zero, gp
core   0: 3 0x80008810 (0x02300eb3) x29 0x00000000
core   0: 0x80008814 (0x0000987d) c.andi  s0, -1
core   0: 3 0x80008814 (0x987d) x 8 0xaf9f63aa
core   0: 0x80008816 (0x63da8413) addi    s0, s5, 1597
core   0: 3 0x80008816 (0x63da8413) x 8 0x0000ee0b
core   0: 0x8000881a (0x43776017) auipc   zero, 0x43776
core   0: 3 0x8000881a (0x43776017)
core   0: 0x8000881e (0x000088ea) c.mv    a7, s10
core   0: 3 0x8000881e (0x88ea) x17 0x00008000
core   0: 0x80008820 (0x01baba33) sltu    s4, s5, s11
core   0: 3 0x80008820 (0x01baba33) x20 0x00000000
core   0: 0x80008824 (0x00b21a33) sll     s4, tp, a1
core   0: 3 0x80008824 (0x00b21a33) x20 0x00000000
core   0: 0x80008828 (0xb5850313) addi    t1, a0, -1192
core   0: 3 0x80008828 (0xb5850313) x 6 0x0000fb58
core   0: 0x8000882c (0x00008fc9) c.or    a5, a0
core   0: 3 0x8000882c (0x8fc9) x15 0xfffffc00
core   0: 0x8000882e (0x00000001) c.nop
core   0: 3 0x8000882e (0x0001)
core   0: 0x80008830 (0x001de933) or      s2, s11, ra
core   0: 3 0x80008830 (0x001de933) x18 0x0b000016
core   0: 0x80008834 (0x7e014b93) xori    s7, sp, 2016
core   0: 3 0x80008834 (0x7e014b93) x23 0x8000f028
core   0: 0x80008838 (0x00008e89) c.sub   a3, a0
core   0: 3 0x80008838 (0x8e89) x13 0x7ffffc64
core   0: 0x8000883a (0xfc41ce93) xori    t4, gp, -60
core   0: 3 0x8000883a (0xfc41ce93) x29 0xffffffc4
core   0: 0x8000883e (0x00008d81) c.sub   a1, s0
core   0: 3 0x8000883e (0x8d81) x11 0xca0d2454
core   0: 0x80008840 (0x02e32f33) mulhsu  t5, t1, a4
core   0: 3 0x80008840 (0x02e32f33) x30 0x0000ac6d
core   0: 0x80008844 (0x01b561b3) or      gp, a0, s11
core   0: 3 0x80008844 (0x01b561b3) x 3 0x00010016
core   0: 0x80008848 (0x010de5b3) or      a1, s11, a6
core   0: 3 0x80008848 (0x010de5b3) x11 0x80013cf6
core   0: 0x8000884c (0x0065b933) sltu    s2, a1, t1
core   0: 3 0x8000884c (0x0065b933) x18 0x00000000
core   0: 0x80008850 (0x09037c13) andi    s8, t1, 144
core   0: 3 0x80008850 (0x09037c13) x24 0x00000010
core   0: 0x80008854 (0x00000252) c.slli  tp, 20
core   0: 3 0x80008854 (0x0252) x 4 0x00000000
core   0: 0x80008856 (0x00c887b3) add     a5, a7, a2
core   0: 3 0x80008856 (0x00c887b3) x15 0x00008000
core   0: 0x8000885a (0x00008c45) c.or    s0, s1
core   0: 3 0x8000885a (0x8c45) x 8 0x8000fe6f
core   0: 0x8000885c (0x2990f513) andi    a0, ra, 665
core   0: 3 0x8000885c (0x2990f513) x10 0x00000000
core   0: 0x80008860 (0x7566b513) sltiu   a0, a3, 1878
core   0: 3 0x80008860 (0x7566b513) x10 0x00000000
core   0: 0x80008864 (0x014b8d33) add     s10, s7, s4
core   0: 3 0x80008864 (0x014b8d33) x26 0x8000f028
core   0: 0x80008868 (0x00858bb3) add     s7, a1, s0
core   0: 3 0x80008868 (0x00858bb3) x23 0x00023b65
core   0: 0x8000886c (0x00f4cdb3) xor     s11, s1, a5
core   0: 3 0x8000886c (0x00f4cdb3) x27 0x80007e64
core   0: 0x80008870 (0x000092ca) c.add   t0, s2
core   0: 3 0x80008870 (0x92ca) x 5 0x5060a2bc
core   0: 0x80008872 (0x30b06d13) ori     s10, zero, 779
core   0: 3 0x80008872 (0x30b06d13) x26 0x0000030b
core   0: 0x80008876 (0x01f2b8b3) sltu    a7, t0, t6
core   0: 3 0x80008876 (0x01f2b8b3) x17 0x00000000
core   0: 0x8000887a (0x37147997) auipc   s3, 0x37147
core   0: 3 0x8000887a (0x37147997) x19 0xb714f87a
core   0: 0x8000887e (0x40180a33) sub     s4, a6, ra
core   0: 3 0x8000887e (0x40180a33) x20 0x75013ce4
core   0: 0x80008882 (0x400803b3) sub     t2, a6, zero
core   0: 3 0x80008882 (0x400803b3) x 7 0x80013ce4
core   0: 0x80008886 (0x00004909) c.li    s2, 2
core   0: 3 0x80008886 (0x4909) x18 0x00000002
core   0: 0x80008888 (0x00000ef6) c.slli  t4, 29
core   0: 3 0x80008888 (0x0ef6) x29 0x80000000
core   0: 0x8000888a (0x419a5113) srai    sp, s4, 25
core   0: 3 0x8000888a (0x419a5113) x 2 0x0000003a
core   0: 0x8000888e (0x00006e85) c.lui   t4, 0x1
core   0: 3 0x8000888e (0x6e85) x29 0x00001000
core   0: 0x80008890 (0x417187b3) sub     a5, gp, s7
core   0: 3 0x80008890 (0x417187b3) x15 0xfffec4b1
core   0: 0x80008894 (0x4059d6b3) sra     a3, s3, t0
core   0: 3 0x80008894 (0x4059d6b3) x13 0xfffffffb
core   0: 0x80008898 (0x00008789) c.srai  a5, 2
core   0: 3 0x80008898 (0x8789) x15 0xffffb12c
core   0: 0x8000889a (0x40fb55b3) sra     a1, s6, a5
core   0: 3 0x8000889a (0x40fb55b3) x11 0x00000000
core   0: 0x8000889e (0x7d8ae117) auipc   sp, 0x7d8ae
core   0: 3 0x8000889e (0x7d8ae117) x 2 0xfd8b689e
core   0: 0x800088a2 (0x00669e13) slli    t3, a3, 6
core   0: 3 0x800088a2 (0x00669e13) x28 0xfffffec0
core   0: 0x800088a6 (0x002b2433) slt     s0, s6, sp
core   0: 3 0x800088a6 (0x002b2433) x 8 0x00000000
core   0: 0x800088aa (0xf4290293) addi    t0, s2, -190
core   0: 3 0x800088aa (0xf4290293) x 5 0xffffff44
core   0: 0x800088ae (0x03662733) mulhsu  a4, a2, s6
core   0: 3 0x800088ae (0x03662733) x14 0x00000000
core   0: 0x800088b2 (0x8b7b8f93) addi    t6, s7, -1865
core   0: 3 0x800088b2 (0x8b7b8f93) x31 0x0002341c
core   0: 0x800088b6 (0x00008d01) c.sub   a0, s0
core   0: 3 0x800088b6 (0x8d01) x10 0x00000000
core   0: 0x800088b8 (0x36632b13) slti    s6, t1, 870
core   0: 3 0x800088b8 (0x36632b13) x22 0x00000000
core   0: 0x800088bc (0x03865db3) divu    s11, a2, s8
core   0: 3 0x800088bc (0x03865db3) x27 0x00000000
core   0: 0x800088c0 (0x00006225) c.lui   tp, 0x9
core   0: 3 0x800088c0 (0x6225) x 4 0x00009000
core   0: 0x800088c2 (0x2a39e293) ori     t0, s3, 675
core   0: 3 0x800088c2 (0x2a39e293) x 5 0xb714fafb
core   0: 0x800088c6 (0x00009a7d) c.andi  a2, -1
core   0: 3 0x800088c6 (0x9a7d) x12 0x00000000
core   0: 0x800088c8 (0xf5025537) lui     a0, 0xf5025
core   0: 3 0x800088c8 (0xf5025537) x10 0xf5025000
core   0: 0x800088cc (0x01af1533) sll     a0, t5, s10
core   0: 3 0x800088cc (0x01af1533) x10 0x05636800
core   0: 0x800088d0 (0x0000029d) c.addi  t0, 7
core   0: 3 0x800088d0 (0x029d) x 5 0xb714fb02
core   0: 0x800088d2 (0x037f38b3) mulhu   a7, t5, s7
core   0: 3 0x800088d2 (0x037f38b3) x17 0x00000001
core   0: 0x800088d6 (0x01fa79b3) and     s3, s4, t6
core   0: 3 0x800088d6 (0x01fa79b3) x19 0x00003404
core   0: 0x800088da (0x00b260b3) or      ra, tp, a1
core   0: 3 0x800088da (0x00b260b3) x 1 0x00009000
core   0: 0x800088de (0xb9f12f37) lui     t5, 0xb9f12
core   0: 3 0x800088de (0xb9f12f37) x30 0xb9f12000
core   0: 0x800088e2 (0x00e6f1b3) and     gp, a3, a4
core   0: 3 0x800088e2 (0x00e6f1b3) x 3 0x00000000
core   0: 0x800088e6 (0xa64a3b93) sltiu   s7, s4, -1436
core   0: 3 0x800088e6 (0xa64a3b93) x23 0x00000001
core   0: 0x800088ea (0x01f29d13) slli    s10, t0, 31
core   0: 3 0x800088ea (0x01f29d13) x26 0x00000000
core   0: 0x800088ee (0x0040c333) xor     t1, ra, tp
core   0: 3 0x800088ee (0x0040c333) x 6 0x00000000
core   0: 0x800088f2 (0x00008c45) c.or    s0, s1
core   0: 3 0x800088f2 (0x8c45) x 8 0x8000fe64
core   0: 0x800088f4 (0x000062a9) c.lui   t0, 0xa
core   0: 3 0x800088f4 (0x62a9) x 5 0x0000a000
core   0: 0x800088f6 (0x31e43f93) sltiu   t6, s0, 798
core   0: 3 0x800088f6 (0x31e43f93) x31 0x00000000
core   0: 0x800088fa (0x00008d3a) c.mv    s10, a4
core   0: 3 0x800088fa (0x8d3a) x26 0x00000000
core   0: 0x800088fc (0x021a80b3) mul     ra, s5, ra
core   0: 3 0x800088fc (0x021a80b3) x 1 0x8263e000
core   0: 0x80008900 (0x006faeb3) slt     t4, t6, t1
core   0: 3 0x80008900 (0x006faeb3) x29 0x00000000
core   0: 0x80008904 (0x01552b33) slt     s6, a0, s5
core   0: 3 0x80008904 (0x01552b33) x22 0x00000000
core   0: 0x80008908 (0x027c81b3) mul     gp, s9, t2
core   0: 3 0x80008908 (0x027c81b3) x 3 0x00000000
core   0: 0x8000890c (0x545a8593) addi    a1, s5, 1349
core   0: 3 0x8000890c (0x545a8593) x11 0x0000ed13
core   0: 0x80008910 (0x033a2533) mulhsu  a0, s4, s3
core   0: 3 0x80008910 (0x033a2533) x10 0x000017c6
core   0: 0x80008914 (0x03a7d933) divu    s2, a5, s10
core   0: 3 0x80008914 (0x03a7d933) x18 0xffffffff
core   0: 0x80008918 (0x00004be1) c.li    s7, 24
core   0: 3 0x80008918 (0x4be1) x23 0x00000018
core   0: 0x8000891a (0x000086dd) c.srai  a3, 23
core   0: 3 0x8000891a (0x86dd) x13 0xffffffff
core   0: 0x8000891c (0x00008e1d) c.sub   a2, a5
core   0: 3 0x8000891c (0x8e1d) x12 0x00004ed4
core   0: 0x8000891e (0x0000814d) c.srli  a0, 19
core   0: 3 0x8000891e (0x814d) x10 0x00000000
core   0: 0x80008920 (0x42fd0693) addi    a3, s10, 1071
core   0: 3 0x80008920 (0x42fd0693) x13 0x0000042f
core   0: 0x80008924 (0x00001e7d) c.addi  t3, -1
core   0: 3 0x80008924 (0x1e7d) x28 0xfffffebf
core   0: 0x80008926 (0x40955693) srai    a3, a0, 9
core   0: 3 0x80008926 (0x40955693) x13 0x00000000
core   0: 0x8000892a (0x000086cd) c.srai  a3, 19
core   0: 3 0x8000892a (0x86cd) x13 0x00000000
core   0: 0x8000892c (0x0372a333) mulhsu  t1, t0, s7
core   0: 3 0x8000892c (0x0372a333) x 6 0x00000000
core   0: 0x80008930 (0x032db9b3) mulhu   s3, s11, s2
core   0: 3 0x80008930 (0x032db9b3) x19 0x00000000
core   0: 0x80008934 (0x0168de33) srl     t3, a7, s6
core   0: 3 0x80008934 (0x0168de33) x28 0x00000001
core   0: 0x80008938 (0x01b9c6b3) xor     a3, s3, s11
core   0: 3 0x80008938 (0x01b9c6b3) x13 0x00000000
core   0: 0x8000893c (0x00006df9) c.lui   s11, 0x1e
core   0: 3 0x8000893c (0x6df9) x27 0x0001e000
core   0: 0x8000893e (0x85e5a417) auipc   s0, 0x85e5a
core   0: 3 0x8000893e (0x85e5a417) x 8 0x05e6293e
core   0: 0x80008942 (0x03518ab3) mul     s5, gp, s5
core   0: 3 0x80008942 (0x03518ab3) x21 0x00000000
core   0: 0x80008946 (0x00000001) c.nop
core   0: 3 0x80008946 (0x0001)
core   0: 0x80008948 (0x4027d433) sra     s0, a5, sp
core   0: 3 0x80008948 (0x4027d433) x 8 0xffffffff
core   0: 0x8000894c (0x01cee933) or      s2, t4, t3
core   0: 3 0x8000894c (0x01cee933) x18 0x00000001
core   0: 0x80008950 (0x01401e13) slli    t3, zero, 20
core   0: 3 0x80008950 (0x01401e13) x28 0x00000000
core   0: 0x80008954 (0x03b350b3) divu    ra, t1, s11
core   0: 3 0x80008954 (0x03b350b3) x 1 0x00000000
core   0: 0x80008958 (0x037d2ab3) mulhsu  s5, s10, s7
core   0: 3 0x80008958 (0x037d2ab3) x21 0x00000000
core   0: 0x8000895c (0x01ae5c33) srl     s8, t3, s10
core   0: 3 0x8000895c (0x01ae5c33) x24 0x00000000
core   0: 0x80008960 (0x00bdcc33) xor     s8, s11, a1
core   0: 3 0x80008960 (0x00bdcc33) x24 0x00010d13
core   0: 0x80008964 (0x40040433) sub     s0, s0, zero
core   0: 3 0x80008964 (0x40040433) x 8 0xffffffff
core   0: 0x80008968 (0x40be5993) srai    s3, t3, 11
core   0: 3 0x80008968 (0x40be5993) x19 0x00000000
core   0: 0x8000896c (0x00009afd) c.andi  a3, -1
core   0: 3 0x8000896c (0x9afd) x13 0x00000000
core   0: 0x8000896e (0x00000442) c.slli  s0, 16
core   0: 3 0x8000896e (0x0442) x 8 0xffff0000
core   0: 0x80008970 (0x000085a5) c.srai  a1, 9
core   0: 3 0x80008970 (0x85a5) x11 0x00000076
core   0: 0x80008972 (0x00b88db3) add     s11, a7, a1
core   0: 3 0x80008972 (0x00b88db3) x27 0x00000077
core   0: 0x80008976 (0x004ebdb3) sltu    s11, t4, tp
core   0: 3 0x80008976 (0x004ebdb3) x27 0x00000001
core   0: 0x8000897a (0x01272733) slt     a4, a4, s2
core   0: 3 0x8000897a (0x01272733) x14 0x00000001
core   0: 0x8000897e (0x00008d39) c.xor   a0, a4
core   0: 3 0x8000897e (0x8d39) x10 0x00000001
core   0: 0x80008980 (0x00008661) c.srai  a2, 24
core   0: 3 0x80008980 (0x8661) x12 0x00000000
core   0: 0x80008982 (0x03b4f633) remu    a2, s1, s11
core   0: 3 0x80008982 (0x03b4f633) x12 0x00000000
core   0: 0x80008986 (0x40585bb3) sra     s7, a6, t0
core   0: 3 0x80008986 (0x40585bb3) x23 0x80013ce4
core   0: 0x8000898a (0x01c321b3) slt     gp, t1, t3
core   0: 3 0x8000898a (0x01c321b3) x 3 0x00000000
core   0: 0x8000898e (0x00004529) c.li    a0, 10
core   0: 3 0x8000898e (0x4529) x10 0x0000000a
core   0: 0x80008990 (0x400a5b93) srai    s7, s4, 0
core   0: 3 0x80008990 (0x400a5b93) x23 0x75013ce4
core   0: 0x80008994 (0x000010fd) c.addi  ra, -1
core   0: 3 0x80008994 (0x10fd) x 1 0xffffffff
core   0: 0x80008996 (0x025adfb3) divu    t6, s5, t0
core   0: 3 0x80008996 (0x025adfb3) x31 0x00000000
core   0: 0x8000899a (0x0000978e) c.add   a5, gp
core   0: 3 0x8000899a (0x978e) x15 0xffffb12c
core   0: 0x8000899c (0x00006365) c.lui   t1, 0x19
core   0: 3 0x8000899c (0x6365) x 6 0x00019000
core   0: 0x8000899e (0x00008d0a) c.mv    s10, sp
core   0: 3 0x8000899e (0x8d0a) x26 0xfd8b689e
core   0: 0x800089a0 (0x00001ffd) c.addi  t6, -1
core   0: 3 0x800089a0 (0x1ffd) x31 0xffffffff
core   0: 0x800089a2 (0x00008f85) c.sub   a5, s1
core   0: 3 0x800089a2 (0x8f85) x15 0x7ffeb2c8
core   0: 0x800089a4 (0x0019e5b3) or      a1, s3, ra
core   0: 3 0x800089a4 (0x0019e5b3) x11 0xffffffff
core   0: 0x800089a8 (0xf199d537) lui     a0, 0xf199d
core   0: 3 0x800089a8 (0xf199d537) x10 0xf199d000
core   0: 0x800089ac (0x00009626) c.add   a2, s1
core   0: 3 0x800089ac (0x9626) x12 0x8000fe64
core   0: 0x800089ae (0x03244fb3) div     t6, s0, s2
core   0: 3 0x800089ae (0x03244fb3) x31 0xffff0000
core   0: 0x800089b2 (0x00b7a133) slt     sp, a5, a1
core   0: 3 0x800089b2 (0x00b7a133) x 2 0x00000000
core   0: 0x800089b6 (0x0e45e237) lui     tp, 0xe45e
core   0: 3 0x800089b6 (0x0e45e237) x 4 0x0e45e000
core   0: 0x800089ba (0x00008059) c.srli  s0, 22
core   0: 3 0x800089ba (0x8059) x 8 0x000003ff
core   0: 0x800089bc (0xa82d4413) xori    s0, s10, -1406
core   0: 3 0x800089bc (0xa82d4413) x 8 0x0274921c
core   0: 0x800089c0 (0x008e7e33) and     t3, t3, s0
core   0: 3 0x800089c0 (0x008e7e33) x28 0x00000000
core   0: 0x800089c4 (0x00008096) c.mv    ra, t0
core   0: 3 0x800089c4 (0x8096) x 1 0x0000a000
core   0: 0x800089c6 (0x019cadb3) slt     s11, s9, s9
core   0: 3 0x800089c6 (0x019cadb3) x27 0x00000000
core   0: 0x800089ca (0x00000001) c.nop
core   0: 3 0x800089ca (0x0001)
core   0: 0x800089cc (0x69febd97) auipc   s11, 0x69feb
core   0: 3 0x800089cc (0x69febd97) x27 0xe9ff39cc
core   0: 0x800089d0 (0x00000d49) c.addi  s10, 18
core   0: 3 0x800089d0 (0x0d49) x26 0xfd8b68b0
core   0: 0x800089d2 (0x000081f9) c.srli  a1, 30
core   0: 3 0x800089d2 (0x81f9) x11 0x00000003
core   0: 0x800089d4 (0x025ef9b3) remu    s3, t4, t0
core   0: 3 0x800089d4 (0x025ef9b3) x19 0x00000000
core   0: 0x800089d8 (0x01de5f33) srl     t5, t3, t4
core   0: 3 0x800089d8 (0x01de5f33) x30 0x00000000
core   0: 0x800089dc (0x02e462b3) rem     t0, s0, a4
core   0: 3 0x800089dc (0x02e462b3) x 5 0x00000000
core   0: 0x800089e0 (0x000056fd) c.li    a3, -1
core   0: 3 0x800089e0 (0x56fd) x13 0xffffffff
core   0: 0x800089e2 (0x037beeb3) rem     t4, s7, s7
core   0: 3 0x800089e2 (0x037beeb3) x29 0x00000000
core   0: 0x800089e6 (0x00000001) c.nop
core   0: 3 0x800089e6 (0x0001)
core   0: 0x800089e8 (0x00008f81) c.sub   a5, s0
core   0: 3 0x800089e8 (0x8f81) x15 0x7d8a20ac
core   0: 0x800089ea (0x02548fb3) mul     t6, s1, t0
core   0: 3 0x800089ea (0x02548fb3) x31 0x00000000
core   0: 0x800089ee (0x02d677b3) remu    a5, a2, a3
core   0: 3 0x800089ee (0x02d677b3) x15 0x8000fe64
core   0: 0x800089f2 (0x270e8eb7) lui     t4, 0x270e8
core   0: 3 0x800089f2 (0x270e8eb7) x29 0x270e8000
core   0: 0x800089f6 (0x0000881d) c.andi  s0, 7
core   0: 3 0x800089f6 (0x881d) x 8 0x00000004
core   0: 0x800089f8 (0x03c23a33) mulhu   s4, tp, t3
core   0: 3 0x800089f8 (0x03c23a33) x20 0x00000000
core   0: 0x800089fc (0x00004f09) c.li    t5, 2
core   0: 3 0x800089fc (0x4f09) x30 0x00000002
core   0: 0x800089fe (0x0000717d) c.addi16sp sp, -16
core   0: 3 0x800089fe (0x717d) x 2 0xfffffff0
core   0: 0x80008a00 (0x023b20b3) mulhsu  ra, s6, gp
core   0: 3 0x80008a00 (0x023b20b3) x 1 0x00000000
core   0: 0x80008a04 (0x00008745) c.srai  a4, 17
core   0: 3 0x80008a04 (0x8745) x14 0x00000000
core   0: 0x80008a06 (0x00008f0d) c.sub   a4, a1
core   0: 3 0x80008a06 (0x8f0d) x14 0xfffffffd
core   0: 0x80008a08 (0x00a11d93) slli    s11, sp, 10
core   0: 3 0x80008a08 (0x00a11d93) x27 0xffffc000
core   0: 0x80008a0c (0x03e1e2b3) rem     t0, gp, t5
core   0: 3 0x80008a0c (0x03e1e2b3) x 5 0x00000000
core   0: 0x80008a10 (0x00006129) c.addi16sp sp, 192
core   0: 3 0x80008a10 (0x6129) x 2 0x000000b0
core   0: 0x80008a12 (0x44d6ab93) slti    s7, a3, 1101
core   0: 3 0x80008a12 (0x44d6ab93) x23 0x00000001
core   0: 0x80008a16 (0x00000001) c.nop
core   0: 3 0x80008a16 (0x0001)
core   0: 0x80008a18 (0x0000597d) c.li    s2, -1
core   0: 3 0x80008a18 (0x597d) x18 0xffffffff
core   0: 0x80008a1a (0x01e72eb3) slt     t4, a4, t5
core   0: 3 0x80008a1a (0x01e72eb3) x29 0x00000001
core   0: 0x80008a1e (0x00006145) c.addi16sp sp, 48
core   0: 3 0x80008a1e (0x6145) x 2 0x000000e0
core   0: 0x80008a20 (0x000082f5) c.srli  a3, 29
core   0: 3 0x80008a20 (0x82f5) x13 0x00000007
core   0: 0x80008a22 (0x40d55293) srai    t0, a0, 13
core   0: 3 0x80008a22 (0x40d55293) x 5 0xffff8cce
core   0: 0x80008a26 (0x00008d36) c.mv    s10, a3
core   0: 3 0x80008a26 (0x8d36) x26 0x00000007
core   0: 0x80008a28 (0xaf386413) ori     s0, a6, -1293
core   0: 3 0x80008a28 (0xaf386413) x 8 0xfffffef7
core   0: 0x80008a2c (0xd04fee37) lui     t3, 0xd04fe
core   0: 3 0x80008a2c (0xd04fee37) x28 0xd04fe000
core   0: 0x80008a30 (0x01205213) srli    tp, zero, 18
core   0: 3 0x80008a30 (0x01205213) x 4 0x00000000
core   0: 0x80008a34 (0x00008c15) c.sub   s0, a3
core   0: 3 0x80008a34 (0x8c15) x 8 0xfffffef0
core   0: 0x80008a36 (0x410dd893) srai    a7, s11, 16
core   0: 3 0x80008a36 (0x410dd893) x17 0xffffffff
core   0: 0x80008a3a (0x41af5793) srai    a5, t5, 26
core   0: 3 0x80008a3a (0x41af5793) x15 0x00000000
core   0: 0x80008a3e (0x4000d293) srai    t0, ra, 0
core   0: 3 0x80008a3e (0x4000d293) x 5 0x00000000
core   0: 0x80008a42 (0x04e92c37) lui     s8, 0x4e92
core   0: 3 0x80008a42 (0x04e92c37) x24 0x04e92000
core   0: 0x80008a46 (0x495cb513) sltiu   a0, s9, 1173
core   0: 3 0x80008a46 (0x495cb513) x10 0x00000001
core   0: 0x80008a4a (0x003d47b3) xor     a5, s10, gp
core   0: 3 0x80008a4a (0x003d47b3) x15 0x00000007
core   0: 0x80008a4e (0x00008edd) c.or    a3, a5
core   0: 3 0x80008a4e (0x8edd) x13 0x00000007
core   0: 0x80008a50 (0x00001398) c.addi4spn a4, sp, 480
core   0: 3 0x80008a50 (0x1398) x14 0x000002c0
core   0: 0x80008a52 (0x01e2d5b3) srl     a1, t0, t5
core   0: 3 0x80008a52 (0x01e2d5b3) x11 0x00000000
core   0: 0x80008a56 (0x00405d93) srli    s11, zero, 4
core   0: 3 0x80008a56 (0x00405d93) x27 0x00000000
core   0: 0x80008a5a (0x00000656) c.slli  a2, 21
core   0: 3 0x80008a5a (0x0656) x12 0xcc800000
core   0: 0x80008a5c (0x00008c6d) c.and   s0, a1
core   0: 3 0x80008a5c (0x8c6d) x 8 0x00000000
core   0: 0x80008a5e (0x416d0c33) sub     s8, s10, s6
core   0: 3 0x80008a5e (0x416d0c33) x24 0x00000007
core   0: 0x80008a62 (0x41e5dc13) srai    s8, a1, 30
core   0: 3 0x80008a62 (0x41e5dc13) x24 0x00000000
core   0: 0x80008a66 (0x03693a33) mulhu   s4, s2, s6
core   0: 3 0x80008a66 (0x03693a33) x20 0x00000000
core   0: 0x80008a6a (0x00008176) c.mv    sp, t4
core   0: 3 0x80008a6a (0x8176) x 2 0x00000001
core   0: 0x80008a6c (0x41960c33) sub     s8, a2, s9
core   0: 3 0x80008a6c (0x41960c33) x24 0xcc800000
core   0: 0x80008a70 (0x0000410d) c.li    sp, 3
core   0: 3 0x80008a70 (0x410d) x 2 0x00000003
core   0: 0x80008a72 (0x0130a333) slt     t1, ra, s3
core   0: 3 0x80008a72 (0x0130a333) x 6 0x00000000
core   0: 0x80008a76 (0x11764517) auipc   a0, 0x11764
core   0: 3 0x80008a76 (0x11764517) x10 0x9176ca76
core   0: 0x80008a7a (0x00000001) c.nop
core   0: 3 0x80008a7a (0x0001)
core   0: 0x80008a7c (0x0377ad33) mulhsu  s10, a5, s7
core   0: 3 0x80008a7c (0x0377ad33) x26 0x00000000
core   0: 0x80008a80 (0x01291313) slli    t1, s2, 18
core   0: 3 0x80008a80 (0x01291313) x 6 0xfffc0000
core   0: 0x80008a84 (0x01cfd7b3) srl     a5, t6, t3
core   0: 3 0x80008a84 (0x01cfd7b3) x15 0x00000000
core   0: 0x80008a88 (0x00008959) c.andi  a0, 22
core   0: 3 0x80008a88 (0x8959) x10 0x00000016
core   0: 0x80008a8a (0x0000050c) c.addi4spn a1, sp, 640
core   0: 3 0x80008a8a (0x050c) x11 0x00000283
core   0: 0x80008a8c (0x01915793) srli    a5, sp, 25
core   0: 3 0x80008a8c (0x01915793) x15 0x00000000
core   0: 0x80008a90 (0x00008fa5) c.xor   a5, s1
core   0: 3 0x80008a90 (0x8fa5) x15 0x8000fe64
core   0: 0x80008a92 (0x01601eb3) sll     t4, zero, s6
core   0: 3 0x80008a92 (0x01601eb3) x29 0x00000000
core   0: 0x80008a96 (0x0091b5b3) sltu    a1, gp, s1
core   0: 3 0x80008a96 (0x0091b5b3) x11 0x00000001
core   0: 0x80008a9a (0x017d0db3) add     s11, s10, s7
core   0: 3 0x80008a9a (0x017d0db3) x27 0x00000001
core   0: 0x80008a9e (0x0230bf33) mulhu   t5, ra, gp
core   0: 3 0x80008a9e (0x0230bf33) x30 0x00000000
core   0: 0x80008aa2 (0x96a5cb13) xori    s6, a1, -1686
core   0: 3 0x80008aa2 (0x96a5cb13) x22 0xfffff96b
core   0: 0x80008aa6 (0xd9c57097) auipc   ra, 0xd9c57
core   0: 3 0x80008aa6 (0xd9c57097) x 1 0x59c5faa6
core   0: 0x80008aaa (0x00000001) c.nop
core   0: 3 0x80008aaa (0x0001)
core   0: 0x80008aac (0x12ef3e13) sltiu   t3, t5, 302
core   0: 3 0x80008aac (0x12ef3e13) x28 0x00000001
core   0: 0x80008ab0 (0x01ab2e33) slt     t3, s6, s10
core   0: 3 0x80008ab0 (0x01ab2e33) x28 0x00000001
core   0: 0x80008ab4 (0x008fd313) srli    t1, t6, 8
core   0: 3 0x80008ab4 (0x008fd313) x 6 0x00000000
core   0: 0x80008ab8 (0x00008d8d) c.sub   a1, a1
core   0: 3 0x80008ab8 (0x8d8d) x11 0x00000000
core   0: 0x80008aba (0x03f85533) divu    a0, a6, t6
core   0: 3 0x80008aba (0x03f85533) x10 0xffffffff
core   0: 0x80008abe (0x00006555) c.lui   a0, 0x15
core   0: 3 0x80008abe (0x6555) x10 0x00015000
core   0: 0x80008ac0 (0x00008e59) c.or    a2, a4
core   0: 3 0x80008ac0 (0x8e59) x12 0xcc8002c0
core   0: 0x80008ac2 (0x00433433) sltu    s0, t1, tp
core   0: 3 0x80008ac2 (0x00433433) x 8 0x00000000
core   0: 0x80008ac6 (0x53264013) xori    zero, a2, 1330
core   0: 3 0x80008ac6 (0x53264013)
core   0: 0x80008aca (0x0000717d) c.addi16sp sp, -16
core   0: 3 0x80008aca (0x717d) x 2 0xfffffff3
core   0: 0x80008acc (0x404b80b3) sub     ra, s7, tp
core   0: 3 0x80008acc (0x404b80b3) x 1 0x00000001
core   0: 0x80008ad0 (0x14546db7) lui     s11, 0x14546
core   0: 3 0x80008ad0 (0x14546db7) x27 0x14546000
core   0: 0x80008ad4 (0x00000baa) c.slli  s7, 10
core   0: 3 0x80008ad4 (0x0baa) x23 0x00000400
core   0: 0x80008ad6 (0x00008da1) c.xor   a1, s0
core   0: 3 0x80008ad6 (0x8da1) x11 0x00000000
core   0: 0x80008ad8 (0x00009bfd) c.andi  a5, -1
core   0: 3 0x80008ad8 (0x9bfd) x15 0x8000fe64
core   0: 0x80008ada (0x9f9e4717) auipc   a4, 0x9f9e4
core   0: 3 0x80008ada (0x9f9e4717) x14 0x1f9ecada
core   0: 0x80008ade (0x000001c2) c.slli  gp, 16
core   0: 3 0x80008ade (0x01c2) x 3 0x00000000
core   0: 0x80008ae0 (0x000085c1) c.srai  a1, 16
core   0: 3 0x80008ae0 (0x85c1) x11 0x00000000
core   0: 0x80008ae2 (0x00001508) c.addi4spn a0, sp, 672
core   0: 3 0x80008ae2 (0x1508) x10 0x00000293
core   0: 0x80008ae4 (0x0000117d) c.addi  sp, -1
core   0: 3 0x80008ae4 (0x117d) x 2 0xfffffff2
core   0: 0x80008ae6 (0xeb48b893) sltiu   a7, a7, -332
core   0: 3 0x80008ae6 (0xeb48b893) x17 0x00000000
core   0: 0x80008aea (0x033e7bb3) remu    s7, t3, s3
core   0: 3 0x80008aea (0x033e7bb3) x23 0x00000001
core   0: 0x80008aee (0x00000001) c.nop
core   0: 3 0x80008aee (0x0001)
core   0: 0x80008af0 (0x00008f75) c.and   a4, a3
core   0: 3 0x80008af0 (0x8f75) x14 0x00000002
core   0: 0x80008af2 (0x000085e5) c.srai  a1, 25
core   0: 3 0x80008af2 (0x85e5) x11 0x00000000
core   0: 0x80008af4 (0x03722b33) mulhsu  s6, tp, s7
core   0: 3 0x80008af4 (0x03722b33) x22 0x00000000
core   0: 0x80008af8 (0x039293b3) mulh    t2, t0, s9
core   0: 3 0x80008af8 (0x039293b3) x 7 0x00000000
core   0: 0x80008afc (0xb2b18413) addi    s0, gp, -1237
core   0: 3 0x80008afc (0xb2b18413) x 8 0xfffffb2b
core   0: 0x80008b00 (0x0000140c) c.addi4spn a1, sp, 544
core   0: 3 0x80008b00 (0x140c) x11 0x00000212
core   0: 0x80008b02 (0x0153c433) xor     s0, t2, s5
core   0: 3 0x80008b02 (0x0153c433) x 8 0x00000000
core   0: 0x80008b06 (0x56714413) xori    s0, sp, 1383
core   0: 3 0x80008b06 (0x56714413) x 8 0xfffffa95
core   0: 0x80008b0a (0x016a3e33) sltu    t3, s4, s6
core   0: 3 0x80008b0a (0x016a3e33) x28 0x00000000
core   0: 0x80008b0e (0x02f58f33) mul     t5, a1, a5
core   0: 3 0x80008b0e (0x02f58f33) x30 0x020eab08
core   0: 0x80008b12 (0x01817933) and     s2, sp, s8
core   0: 3 0x80008b12 (0x01817933) x18 0xcc800000
core   0: 0x80008b16 (0x03ea9533) mulh    a0, s5, t5
core   0: 3 0x80008b16 (0x03ea9533) x10 0x00000000
core   0: 0x80008b1a (0x00000ac9) c.addi  s5, 18
core   0: 3 0x80008b1a (0x0ac9) x21 0x00000012
core   0: 0x80008b1c (0x7e046613) ori     a2, s0, 2016
core   0: 3 0x80008b1c (0x7e046613) x12 0xfffffff5
core   0: 0x80008b20 (0x7e440393) addi    t2, s0, 2020
core   0: 3 0x80008b20 (0x7e440393) x 7 0x00000279
core   0: 0x80008b24 (0x03fa0f33) mul     t5, s4, t6
core   0: 3 0x80008b24 (0x03fa0f33) x30 0x00000000
core   0: 0x80008b28 (0x00008fcd) c.or    a5, a1
core   0: 3 0x80008b28 (0x8fcd) x15 0x8000fe76
core   0: 0x80008b2a (0x0000717d) c.addi16sp sp, -16
core   0: 3 0x80008b2a (0x717d) x 2 0xffffffe2
core   0: 0x80008b2c (0x0249ab33) mulhsu  s6, s3, tp
core   0: 3 0x80008b2c (0x0249ab33) x22 0x00000000
core   0: 0x80008b30 (0x417ed0b3) sra     ra, t4, s7
core   0: 3 0x80008b30 (0x417ed0b3) x 1 0x00000000
core   0: 0x80008b34 (0x0128f9b3) and     s3, a7, s2
core   0: 3 0x80008b34 (0x0128f9b3) x19 0x00000000
core   0: 0x80008b38 (0x41275333) sra     t1, a4, s2
core   0: 3 0x80008b38 (0x41275333) x 6 0x00000002
core   0: 0x80008b3c (0xddbd0913) addi    s2, s10, -549
core   0: 3 0x80008b3c (0xddbd0913) x18 0xfffffddb
core   0: 0x80008b40 (0x00000c3e) c.slli  s8, 15
core   0: 3 0x80008b40 (0x0c3e) x24 0x00000000
core   0: 0x80008b42 (0x000009bd) c.addi  s3, 15
core   0: 3 0x80008b42 (0x09bd) x19 0x0000000f
core   0: 0x80008b44 (0x025a5233) divu    tp, s4, t0
core   0: 3 0x80008b44 (0x025a5233) x 4 0xffffffff
core   0: 0x80008b48 (0x00008d21) c.xor   a0, s0
core   0: 3 0x80008b48 (0x8d21) x10 0xfffffa95
core   0: 0x80008b4a (0x00004291) c.li    t0, 4
core   0: 3 0x80008b4a (0x4291) x 5 0x00000004
core   0: 0x80008b4c (0x012c5eb3) srl     t4, s8, s2
core   0: 3 0x80008b4c (0x012c5eb3) x29 0x00000000
core   0: 0x80008b50 (0xd9f3cf93) xori    t6, t2, -609
core   0: 3 0x80008b50 (0xd9f3cf93) x31 0xffffffe6
core   0: 0x80008b54 (0x000066d1) c.lui   a3, 0x14
core   0: 3 0x80008b54 (0x66d1) x13 0x00014000
core   0: 0x80008b56 (0x00008b8e) c.mv    s7, gp
core   0: 3 0x80008b56 (0x8b8e) x23 0x00000000
core   0: 0x80008b58 (0x00008645) c.srai  a2, 17
core   0: 3 0x80008b58 (0x8645) x12 0xffffffff
core   0: 0x80008b5a (0xc8cbbd93) sltiu   s11, s7, -884
core   0: 3 0x80008b5a (0xc8cbbd93) x27 0x00000001
core   0: 0x80008b5e (0x40ebde33) sra     t3, s7, a4
core   0: 3 0x80008b5e (0x40ebde33) x28 0x00000000
core   0: 0x80008b62 (0x00009ad6) c.add   s5, s5
core   0: 3 0x80008b62 (0x9ad6) x21 0x00000024
core   0: 0x80008b64 (0x03bbf533) remu    a0, s7, s11
core   0: 3 0x80008b64 (0x03bbf533) x10 0x00000000
core   0: 0x80008b68 (0x007cd733) srl     a4, s9, t2
core   0: 3 0x80008b68 (0x007cd733) x14 0x00000000
core   0: 0x80008b6c (0x0000059e) c.slli  a1, 7
core   0: 3 0x80008b6c (0x059e) x11 0x00010900
core   0: 0x80008b6e (0x03172ab3) mulhsu  s5, a4, a7
core   0: 3 0x80008b6e (0x03172ab3) x21 0x00000000
core   0: 0x80008b72 (0x02abb633) mulhu   a2, s7, a0
core   0: 3 0x80008b72 (0x02abb633) x12 0x00000000
core   0: 0x80008b76 (0x00000001) c.nop
core   0: 3 0x80008b76 (0x0001)
core   0: 0x80008b78 (0x00000810) c.addi4spn a2, sp, 16
core   0: 3 0x80008b78 (0x0810) x12 0xfffffff2
core   0: 0x80008b7a (0x01d83db3) sltu    s11, a6, t4
core   0: 3 0x80008b7a (0x01d83db3) x27 0x00000000
core   0: 0x80008b7e (0x00000001) c.nop
core   0: 3 0x80008b7e (0x0001)
core   0: 0x80008b80 (0x00009bee) c.add   s7, s11
core   0: 3 0x80008b80 (0x9bee) x23 0x00000000
core   0: 0x80008b82 (0x02a36bb3) rem     s7, t1, a0
core   0: 3 0x80008b82 (0x02a36bb3) x23 0x00000002
core   0: 0x80008b86 (0x028c12b3) mulh    t0, s8, s0
core   0: 3 0x80008b86 (0x028c12b3) x 5 0x00000000
core   0: 0x80008b8a (0x0107fe33) and     t3, a5, a6
core   0: 3 0x80008b8a (0x0107fe33) x28 0x80003c64
core   0: 0x80008b8e (0x0148d233) srl     tp, a7, s4
core   0: 3 0x80008b8e (0x0148d233) x 4 0x00000000
core   0: 0x80008b92 (0x008415b3) sll     a1, s0, s0
core   0: 3 0x80008b92 (0x008415b3) x11 0x52a00000
core   0: 0x80008b96 (0x00008aad) c.andi  a3, 11
core   0: 3 0x80008b96 (0x8aad) x13 0x00000000
core   0: 0x80008b98 (0x39177993) andi    s3, a4, 913
core   0: 3 0x80008b98 (0x39177993) x19 0x00000000
core   0: 0x80008b9c (0x9a82b193) sltiu   gp, t0, -1624
core   0: 3 0x80008b9c (0x9a82b193) x 3 0x00000001
core   0: 0x80008ba0 (0x80552693) slti    a3, a0, -2043
core   0: 3 0x80008ba0 (0x80552693) x13 0x00000000
core   0: 0x80008ba4 (0x00008f91) c.sub   a5, a2
core   0: 3 0x80008ba4 (0x8f91) x15 0x8000fe84
core   0: 0x80008ba6 (0x00008f69) c.and   a4, a0
core   0: 3 0x80008ba6 (0x8f69) x14 0x00000000
core   0: 0x80008ba8 (0x03b06bb3) rem     s7, zero, s11
core   0: 3 0x80008ba8 (0x03b06bb3) x23 0x00000000
core   0: 0x80008bac (0x00009322) c.add   t1, s0
core   0: 3 0x80008bac (0x9322) x 6 0xfffffa97
core   0: 0x80008bae (0x019f18b3) sll     a7, t5, s9
core   0: 3 0x80008bae (0x019f18b3) x17 0x00000000
core   0: 0x80008bb2 (0x00008562) c.mv    a0, s8
core   0: 3 0x80008bb2 (0x8562) x10 0x00000000
core   0: 0x80008bb4 (0x01d80433) add     s0, a6, t4
core   0: 3 0x80008bb4 (0x01d80433) x 8 0x80013ce4
core   0: 0x80008bb8 (0x033831b3) mulhu   gp, a6, s3
core   0: 3 0x80008bb8 (0x033831b3) x 3 0x00000000
core   0: 0x80008bbc (0xb8db7e93) andi    t4, s6, -1139
core   0: 3 0x80008bbc (0xb8db7e93) x29 0x00000000
core   0: 0x80008bc0 (0x000061c5) c.lui   gp, 0x11
core   0: 3 0x80008bc0 (0x61c5) x 3 0x00011000
core   0: 0x80008bc2 (0x0000717d) c.addi16sp sp, -16
core   0: 3 0x80008bc2 (0x717d) x 2 0xffffffd2
core   0: 0x80008bc4 (0x41225593) srai    a1, tp, 18
core   0: 3 0x80008bc4 (0x41225593) x11 0x00000000
core   0: 0x80008bc8 (0xba517713) andi    a4, sp, -1115
core   0: 3 0x80008bc8 (0xba517713) x14 0xfffffb80
core   0: 0x80008bcc (0x35bb3b13) sltiu   s6, s6, 859
core   0: 3 0x80008bcc (0x35bb3b13) x22 0x00000001
core   0: 0x80008bd0 (0x000041e9) c.li    gp, 26
core   0: 3 0x80008bd0 (0x41e9) x 3 0x0000001a
core   0: 0x80008bd2 (0x03dc76b3) remu    a3, s8, t4
core   0: 3 0x80008bd2 (0x03dc76b3) x13 0x00000000
core   0: 0x80008bd6 (0x007b9e13) slli    t3, s7, 7
core   0: 3 0x80008bd6 (0x007b9e13) x28 0x00000000
core   0: 0x80008bda (0x00eadc13) srli    s8, s5, 14
core   0: 3 0x80008bda (0x00eadc13) x24 0x00000000
core   0: 0x80008bde (0x41b88233) sub     tp, a7, s11
core   0: 3 0x80008bde (0x41b88233) x 4 0x00000000
core   0: 0x80008be2 (0x40efdf93) srai    t6, t6, 14
core   0: 3 0x80008be2 (0x40efdf93) x31 0xffffffff
core   0: 0x80008be6 (0x00f18d33) add     s10, gp, a5
core   0: 3 0x80008be6 (0x00f18d33) x26 0x8000fe9e
core   0: 0x80008bea (0x0000919e) c.add   gp, t2
core   0: 3 0x80008bea (0x919e) x 3 0x00000293
core   0: 0x80008bec (0x87ae0637) lui     a2, 0x87ae0
core   0: 3 0x80008bec (0x87ae0637) x12 0x87ae0000
core   0: 0x80008bf0 (0x01254233) xor     tp, a0, s2
core   0: 3 0x80008bf0 (0x01254233) x 4 0xfffffddb
core   0: 0x80008bf4 (0x00008671) c.srai  a2, 28
core   0: 3 0x80008bf4 (0x8671) x12 0xfffffff8
core   0: 0x80008bf6 (0x00008eb1) c.xor   a3, a2
core   0: 3 0x80008bf6 (0x8eb1) x13 0xfffffff8
core   0: 0x80008bf8 (0x00008c31) c.xor   s0, a2
core   0: 3 0x80008bf8 (0x8c31) x 8 0x7ffec31c
core   0: 0x80008bfa (0x029db9b3) mulhu   s3, s11, s1
core   0: 3 0x80008bfa (0x029db9b3) x19 0x00000000
core   0: 0x80008bfe (0x02ab21b3) mulhsu  gp, s6, a0
core   0: 3 0x80008bfe (0x02ab21b3) x 3 0x00000000
core   0: 0x80008c02 (0x0097b0b3) sltu    ra, a5, s1
core   0: 3 0x80008c02 (0x0097b0b3) x 1 0x00000000
core   0: 0x80008c06 (0x029199b3) mulh    s3, gp, s1
core   0: 3 0x80008c06 (0x029199b3) x19 0x00000000
core   0: 0x80008c0a (0x00693e33) sltu    t3, s2, t1
core   0: 3 0x80008c0a (0x00693e33) x28 0x00000000
core   0: 0x80008c0e (0x01609693) slli    a3, ra, 22
core   0: 3 0x80008c0e (0x01609693) x13 0x00000000
core   0: 0x80008c12 (0x0185ddb3) srl     s11, a1, s8
core   0: 3 0x80008c12 (0x0185ddb3) x27 0x00000000
core   0: 0x80008c16 (0x40d7da93) srai    s5, a5, 13
core   0: 3 0x80008c16 (0x40d7da93) x21 0xfffc0007
core   0: 0x80008c1a (0x0f2fe013) ori     zero, t6, 242
core   0: 3 0x80008c1a (0x0f2fe013)
core   0: 0x80008c1e (0x00000001) c.nop
core   0: 3 0x80008c1e (0x0001)
core   0: 0x80008c20 (0x4141d913) srai    s2, gp, 20
core   0: 3 0x80008c20 (0x4141d913) x18 0x00000000
core   0: 0x80008c24 (0x00000da2) c.slli  s11, 8
core   0: 3 0x80008c24 (0x0da2) x27 0x00000000
core   0: 0x80008c26 (0x3c0aaeb7) lui     t4, 0x3c0aa
core   0: 3 0x80008c26 (0x3c0aaeb7) x29 0x3c0aa000
core   0: 0x80008c2a (0x00006391) c.lui   t2, 0x4
core   0: 3 0x80008c2a (0x6391) x 7 0x00004000
core   0: 0x80008c2c (0x9607b3b7) lui     t2, 0x9607b
core   0: 3 0x80008c2c (0x9607b3b7) x 7 0x9607b000
core   0: 0x80008c30 (0x00000001) c.nop
core   0: 3 0x80008c30 (0x0001)
core   0: 0x80008c32 (0x03d01db3) mulh    s11, zero, t4
core   0: 3 0x80008c32 (0x03d01db3) x27 0x00000000
core   0: 0x80008c36 (0x015f1e33) sll     t3, t5, s5
core   0: 3 0x80008c36 (0x015f1e33) x28 0x00000000
core   0: 0x80008c3a (0x00008771) c.srai  a4, 28
core   0: 3 0x80008c3a (0x8771) x14 0xffffffff
core   0: 0x80008c3c (0x035fa333) mulhsu  t1, t6, s5
core   0: 3 0x80008c3c (0x035fa333) x 6 0xffffffff
core   0: 0x80008c40 (0x0000893d) c.andi  a0, 15
core   0: 3 0x80008c40 (0x893d) x10 0x00000000
core   0: 0x80008c42 (0x4184dd93) srai    s11, s1, 24
core   0: 3 0x80008c42 (0x4184dd93) x27 0xffffff80
core   0: 0x80008c46 (0x764d7013) andi    zero, s10, 1892
core   0: 3 0x80008c46 (0x764d7013)
core   0: 0x80008c4a (0x40025413) srai    s0, tp, 0
core   0: 3 0x80008c4a (0x40025413) x 8 0xfffffddb
core   0: 0x80008c4e (0x9e285a17) auipc   s4, 0x9e285
core   0: 3 0x80008c4e (0x9e285a17) x20 0x1e28dc4e
core   0: 0x80008c52 (0x00006385) c.lui   t2, 0x1
core   0: 3 0x80008c52 (0x6385) x 7 0x00001000
core   0: 0x80008c54 (0xe6558693) addi    a3, a1, -411
core   0: 3 0x80008c54 (0xe6558693) x13 0xfffffe65
core   0: 0x80008c58 (0x01b93db3) sltu    s11, s2, s11
core   0: 3 0x80008c58 (0x01b93db3) x27 0x00000001
core   0: 0x80008c5c (0x00214633) xor     a2, sp, sp
core   0: 3 0x80008c5c (0x00214633) x12 0x00000000
core   0: 0x80008c60 (0xebdd8713) addi    a4, s11, -323
core   0: 3 0x80008c60 (0xebdd8713) x14 0xfffffebe
core   0: 0x80008c64 (0x03afcd33) div     s10, t6, s10
core   0: 3 0x80008c64 (0x03afcd33) x26 0x00000000
core   0: 0x80008c68 (0x028d85b3) mul     a1, s11, s0
core   0: 3 0x80008c68 (0x028d85b3) x11 0xfffffddb
core   0: 0x80008c6c (0x0353cb33) div     s6, t2, s5
core   0: 3 0x80008c6c (0x0353cb33) x22 0x00000000
core   0: 0x80008c70 (0x0000090e) c.slli  s2, 3
core   0: 3 0x80008c70 (0x090e) x18 0x00000000
core   0: 0x80008c72 (0x01db3033) sltu    zero, s6, t4
core   0: 3 0x80008c72 (0x01db3033)
core   0: 0x80008c76 (0xf9b5c217) auipc   tp, 0xf9b5c
core   0: 3 0x80008c76 (0xf9b5c217) x 4 0x79b64c76
core   0: 0x80008c7a (0x00008515) c.srai  a0, 5
core   0: 3 0x80008c7a (0x8515) x10 0x00000000
core   0: 0x80008c7c (0x01bd9c13) slli    s8, s11, 27
core   0: 3 0x80008c7c (0x01bd9c13) x24 0x08000000
core   0: 0x80008c80 (0x00006591) c.lui   a1, 0x4
core   0: 3 0x80008c80 (0x6591) x11 0x00004000
core   0: 0x80008c82 (0x00000ffd) c.addi  t6, 31
core   0: 3 0x80008c82 (0x0ffd) x31 0x0000001e
core   0: 0x80008c84 (0x00cc1393) slli    t2, s8, 12
core   0: 3 0x80008c84 (0x00cc1393) x 7 0x00000000
core   0: 0x80008c88 (0x006a1193) slli    gp, s4, 6
core   0: 3 0x80008c88 (0x006a1193) x 3 0x8a371380
core   0: 0x80008c8c (0x40e688b3) sub     a7, a3, a4
core   0: 3 0x80008c8c (0x40e688b3) x17 0xffffffa7
core   0: 0x80008c90 (0x00008e9d) c.sub   a3, a5
core   0: 3 0x80008c90 (0x8e9d) x13 0x7ffeffe1
core   0: 0x80008c92 (0x0307c1b3) div     gp, a5, a6
core   0: 3 0x80008c92 (0x0307c1b3) x 3 0x00000001
core   0: 0x80008c96 (0x012b5bb3) srl     s7, s6, s2
core   0: 3 0x80008c96 (0x012b5bb3) x23 0x00000000
core   0: 0x80008c9a (0xd8a89997) auipc   s3, 0xd8a89
core   0: 3 0x80008c9a (0xd8a89997) x19 0x58a91c9a
core   0: 0x80008c9e (0x025c0333) mul     t1, s8, t0
core   0: 3 0x80008c9e (0x025c0333) x 6 0x00000000
core   0: 0x80008ca2 (0x0000717d) c.addi16sp sp, -16
core   0: 3 0x80008ca2 (0x717d) x 2 0xffffffc2
core   0: 0x80008ca4 (0x0000717d) c.addi16sp sp, -16
core   0: 3 0x80008ca4 (0x717d) x 2 0xffffffb2
core   0: 0x80008ca6 (0x41615a13) srai    s4, sp, 22
core   0: 3 0x80008ca6 (0x41615a13) x20 0xffffffff
core   0: 0x80008caa (0x5fc38f93) addi    t6, t2, 1532
core   0: 3 0x80008caa (0x5fc38f93) x31 0x000005fc
core   0: 0x80008cae (0x01979113) slli    sp, a5, 25
core   0: 3 0x80008cae (0x01979113) x 2 0x08000000
core   0: 0x80008cb2 (0x000099fd) c.andi  a1, -1
core   0: 3 0x80008cb2 (0x99fd) x11 0x00004000
core   0: 0x80008cb4 (0x00008519) c.srai  a0, 6
core   0: 3 0x80008cb4 (0x8519) x10 0x00000000
core   0: 0x80008cb6 (0x00008f31) c.xor   a4, a2
core   0: 3 0x80008cb6 (0x8f31) x14 0xfffffebe
core   0: 0x80008cb8 (0xa6adc013) xori    zero, s11, -1430
core   0: 3 0x80008cb8 (0xa6adc013)
core   0: 0x80008cbc (0x02468c33) mul     s8, a3, tp
core   0: 3 0x80008cbc (0x02468c33) x24 0xf676bdb6
core   0: 0x80008cc0 (0x00000001) c.nop
core   0: 3 0x80008cc0 (0x0001)
core   0: 0x80008cc2 (0x407b8fb3) sub     t6, s7, t2
core   0: 3 0x80008cc2 (0x407b8fb3) x31 0x00000000
core   0: 0x80008cc6 (0x000001b2) c.slli  gp, 12
core   0: 3 0x80008cc6 (0x01b2) x 3 0x00001000
core   0: 0x80008cc8 (0x024b50b3) divu    ra, s6, tp
core   0: 3 0x80008cc8 (0x024b50b3) x 1 0x00000000
core   0: 0x80008ccc (0x01559333) sll     t1, a1, s5
core   0: 3 0x80008ccc (0x01559333) x 6 0x00200000
core   0: 0x80008cd0 (0x00008e79) c.and   a2, a4
core   0: 3 0x80008cd0 (0x8e79) x12 0x00000000
core   0: 0x80008cd2 (0x00006b85) c.lui   s7, 0x1
core   0: 3 0x80008cd2 (0x6b85) x23 0x00001000
core   0: 0x80008cd4 (0xba0fd297) auipc   t0, 0xba0fd
core   0: 3 0x80008cd4 (0xba0fd297) x 5 0x3a105cd4
core   0: 0x80008cd8 (0x1a6fe413) ori     s0, t6, 422
core   0: 3 0x80008cd8 (0x1a6fe413) x 8 0x000001a6
core   0: 0x80008cdc (0x0000717d) c.addi16sp sp, -16
core   0: 3 0x80008cdc (0x717d) x 2 0x07fffff0
core   0: 0x80008cde (0x0167f693) andi    a3, a5, 22
core   0: 3 0x80008cde (0x0167f693) x13 0x00000004
core   0: 0x80008ce2 (0x014c1c33) sll     s8, s8, s4
core   0: 3 0x80008ce2 (0x014c1c33) x24 0x00000000
core   0: 0x80008ce6 (0x00008f09) c.sub   a4, a0
core   0: 3 0x80008ce6 (0x8f09) x14 0xfffffebe
core   0: 0x80008ce8 (0x000002a5) c.addi  t0, 9
core   0: 3 0x80008ce8 (0x02a5) x 5 0x3a105cdd
core   0: 0x80008cea (0x0361b733) mulhu   a4, gp, s6
core   0: 3 0x80008cea (0x0361b733) x14 0x00000000
core   0: 0x80008cee (0x015ecc33) xor     s8, t4, s5
core   0: 3 0x80008cee (0x015ecc33) x24 0xc3f6a007
core   0: 0x80008cf2 (0x0000050e) c.slli  a0, 3
core   0: 3 0x80008cf2 (0x050e) x10 0x00000000
core   0: 0x80008cf4 (0x02cf7433) remu    s0, t5, a2
core   0: 3 0x80008cf4 (0x02cf7433) x 8 0x00000000
core   0: 0x80008cf8 (0x0000614d) c.addi16sp sp, 176
core   0: 3 0x80008cf8 (0x614d) x 2 0x080000a0
core   0: 0x80008cfa (0x03b9f6b3) remu    a3, s3, s11
core   0: 3 0x80008cfa (0x03b9f6b3) x13 0x00000000
core   0: 0x80008cfe (0x00bc5d33) srl     s10, s8, a1
core   0: 3 0x80008cfe (0x00bc5d33) x26 0xc3f6a007
core   0: 0x80008d02 (0xe38cfd93) andi    s11, s9, -456
core   0: 3 0x80008d02 (0xe38cfd93) x27 0x00000000
core   0: 0x80008d06 (0x00000d61) c.addi  s10, 24
core   0: 3 0x80008d06 (0x0d61) x26 0xc3f6a01f
core   0: 0x80008d08 (0x0174ef33) or      t5, s1, s7
core   0: 3 0x80008d08 (0x0174ef33) x30 0x8000fe64
core   0: 0x80008d0c (0x01215233) srl     tp, sp, s2
core   0: 3 0x80008d0c (0x01215233) x 4 0x080000a0
core   0: 0x80008d10 (0x018f1fb3) sll     t6, t5, s8
core   0: 3 0x80008d10 (0x018f1fb3) x31 0x007f3200
core   0: 0x80008d14 (0x025b0733) mul     a4, s6, t0
core   0: 3 0x80008d14 (0x025b0733) x14 0x00000000
core   0: 0x80008d18 (0x03fc67b3) rem     a5, s8, t6
core   0: 3 0x80008d18 (0x03fc67b3) x15 0xff961007
core   0: 0x80008d1c (0x00008d05) c.sub   a0, s1
core   0: 3 0x80008d1c (0x8d05) x10 0x7fff019c
core   0: 0x80008d1e (0x035c0ab3) mul     s5, s8, s5
core   0: 3 0x80008d1e (0x035c0ab3) x21 0xdba26031
core   0: 0x80008d22 (0x013d9613) slli    a2, s11, 19
core   0: 3 0x80008d22 (0x013d9613) x12 0x00000000
core   0: 0x80008d26 (0x00fdb533) sltu    a0, s11, a5
core   0: 3 0x80008d26 (0x00fdb533) x10 0x00000001
core   0: 0x80008d2a (0x00008f95) c.sub   a5, a3
core   0: 3 0x80008d2a (0x8f95) x15 0xff961007
core   0: 0x80008d2c (0x01435c33) srl     s8, t1, s4
core   0: 3 0x80008d2c (0x01435c33) x24 0x00000000
core   0: 0x80008d30 (0x00008fbd) c.xor   a5, a5
core   0: 3 0x80008d30 (0x8fbd) x15 0x00000000
core   0: 0x80008d32 (0x00008dcd) c.or    a1, a1
core   0: 3 0x80008d32 (0x8dcd) x11 0x00004000
core   0: 0x80008d34 (0x00000001) c.nop
core   0: 3 0x80008d34 (0x0001)
core   0: 0x80008d36 (0x00008de5) c.and   a1, s1
core   0: 3 0x80008d36 (0x8de5) x11 0x00004000
core   0: 0x80008d38 (0xa1b17693) andi    a3, sp, -1509
core   0: 3 0x80008d38 (0xa1b17693) x13 0x08000000
core   0: 0x80008d3c (0x001d9db3) sll     s11, s11, ra
core   0: 3 0x80008d3c (0x001d9db3) x27 0x00000000
core   0: 0x80008d40 (0x000081d2) c.mv    gp, s4
core   0: 3 0x80008d40 (0x81d2) x 3 0xffffffff
core   0: 0x80008d42 (0x0000643d) c.lui   s0, 0xf
core   0: 3 0x80008d42 (0x643d) x 8 0x0000f000
core   0: 0x80008d44 (0x00000001) c.nop
core   0: 3 0x80008d44 (0x0001)
core   0: 0x80008d46 (0x03abeab3) rem     s5, s7, s10
core   0: 3 0x80008d46 (0x03abeab3) x21 0x00001000
core   0: 0x80008d4a (0x40c0d733) sra     a4, ra, a2
core   0: 3 0x80008d4a (0x40c0d733) x14 0x00000000
core   0: 0x80008d4e (0xaaefa697) auipc   a3, 0xaaefa
core   0: 3 0x80008d4e (0xaaefa697) x13 0x2af02d4e
core   0: 0x80008d52 (0x00006135) c.addi16sp sp, 352
core   0: 3 0x80008d52 (0x6135) x 2 0x08000200
core   0: 0x80008d54 (0x000095b2) c.add   a1, a2
core   0: 3 0x80008d54 (0x95b2) x11 0x00004000
core   0: 0x80008d56 (0x00009f36) c.add   t5, a3
core   0: 3 0x80008d56 (0x9f36) x30 0xaaf12bb2
core   0: 0x80008d58 (0x03739e33) mulh    t3, t2, s7
core   0: 3 0x80008d58 (0x03739e33) x28 0x00000000
core   0: 0x80008d5c (0x023999b3) mulh    s3, s3, gp
core   0: 3 0x80008d5c (0x023999b3) x19 0xffffffff
core   0: 0x80008d60 (0x01af0433) add     s0, t5, s10
core   0: 3 0x80008d60 (0x01af0433) x 8 0x6ee7cbd1
core   0: 0x80008d64 (0x0000048c) c.addi4spn a1, sp, 576
core   0: 3 0x80008d64 (0x048c) x11 0x08000440
core   0: 0x80008d66 (0x00008f19) c.sub   a4, a4
core   0: 3 0x80008d66 (0x8f19) x14 0x00000000
core   0: 0x80008d68 (0x0222e8b3) rem     a7, t0, sp
core   0: 3 0x80008d68 (0x0222e8b3) x17 0x02104edd
core   0: 0x80008d6c (0x002148b3) xor     a7, sp, sp
core   0: 3 0x80008d6c (0x002148b3) x17 0x00000000
core   0: 0x80008d70 (0xcfabf3b7) lui     t2, 0xcfabf
core   0: 3 0x80008d70 (0xcfabf3b7) x 7 0xcfabf000
core   0: 0x80008d74 (0x00008fa1) c.xor   a5, s0
core   0: 3 0x80008d74 (0x8fa1) x15 0x6ee7cbd1
core   0: 0x80008d76 (0x00009b7d) c.andi  a4, -1
core   0: 3 0x80008d76 (0x9b7d) x14 0x00000000
core   0: 0x80008d78 (0x00008b0d) c.andi  a4, 3
core   0: 3 0x80008d78 (0x8b0d) x14 0x00000000
core   0: 0x80008d7a (0x0000874d) c.srai  a4, 19
core   0: 3 0x80008d7a (0x874d) x14 0x00000000
core   0: 0x80008d7c (0x00006105) c.addi16sp sp, 32
core   0: 3 0x80008d7c (0x6105) x 2 0x08000220
core   0: 0x80008d7e (0x00000ee9) c.addi  t4, 26
core   0: 3 0x80008d7e (0x0ee9) x29 0x3c0aa01a
core   0: 0x80008d80 (0x405f5d93) srai    s11, t5, 5
core   0: 3 0x80008d80 (0x405f5d93) x27 0xfd57895d
core   0: 0x80008d84 (0x000096b2) c.add   a3, a2
core   0: 3 0x80008d84 (0x96b2) x13 0x2af02d4e
core   0: 0x80008d86 (0x41c55113) srai    sp, a0, 28
core   0: 3 0x80008d86 (0x41c55113) x 2 0x00000000
core   0: 0x80008d8a (0x4557fa93) andi    s5, a5, 1109
core   0: 3 0x80008d8a (0x4557fa93) x21 0x00000051
core   0: 0x80008d8e (0x478fa613) slti    a2, t6, 1144
core   0: 3 0x80008d8e (0x478fa613) x12 0x00000000
core   0: 0x80008d92 (0x004a0bb3) add     s7, s4, tp
core   0: 3 0x80008d92 (0x004a0bb3) x23 0x0800009f
core   0: 0x80008d96 (0x00006159) c.addi16sp sp, 400
core   0: 3 0x80008d96 (0x6159) x 2 0x00000190
core   0: 0x80008d98 (0x01f51693) slli    a3, a0, 31
core   0: 3 0x80008d98 (0x01f51693) x13 0x80000000
core   0: 0x80008d9c (0x0163fbb3) and     s7, t2, s6
core   0: 3 0x80008d9c (0x0163fbb3) x23 0x00000000
core   0: 0x80008da0 (0x0000864a) c.mv    a2, s2
core   0: 3 0x80008da0 (0x864a) x12 0x00000000
core   0: 0x80008da2 (0x0000977e) c.add   a4, t6
core   0: 3 0x80008da2 (0x977e) x14 0x007f3200
core   0: 0x80008da4 (0x0227fd33) remu    s10, a5, sp
core   0: 3 0x80008da4 (0x0227fd33) x26 0x00000161
core   0: 0x80008da8 (0x00000c4a) c.slli  s8, 18
core   0: 3 0x80008da8 (0x0c4a) x24 0x00000000
core   0: 0x80008daa (0x00064bb3) xor     s7, a2, zero
core   0: 3 0x80008daa (0x00064bb3) x23 0x00000000
core   0: 0x80008dae (0x4093d1b3) sra     gp, t2, s1
core   0: 3 0x80008dae (0x4093d1b3) x 3 0xfcfabf00
core   0: 0x80008db2 (0x4006d3b3) sra     t2, a3, zero
core   0: 3 0x80008db2 (0x4006d3b3) x 7 0x80000000
core   0: 0x80008db6 (0x00001e98) c.addi4spn a4, sp, 880
core   0: 3 0x80008db6 (0x1e98) x14 0x00000500
core   0: 0x80008db8 (0x00001afd) c.addi  s5, -1
core   0: 3 0x80008db8 (0x1afd) x21 0x00000050
core   0: 0x80008dba (0x037b6b33) rem     s6, s6, s7
core   0: 3 0x80008dba (0x037b6b33) x22 0x00000000
core   0: 0x80008dbe (0x037a63b3) rem     t2, s4, s7
core   0: 3 0x80008dbe (0x037a63b3) x 7 0xffffffff
core   0: 0x80008dc2 (0xd4ac8e13) addi    t3, s9, -694
core   0: 3 0x80008dc2 (0xd4ac8e13) x28 0xfffffd4a
core   0: 0x80008dc6 (0x0370d533) divu    a0, ra, s7
core   0: 3 0x80008dc6 (0x0370d533) x10 0xffffffff
core   0: 0x80008dca (0x00008c39) c.xor   s0, a4
core   0: 3 0x80008dca (0x8c39) x 8 0x6ee7ced1
core   0: 0x80008dcc (0x01949a93) slli    s5, s1, 25
core   0: 3 0x80008dcc (0x01949a93) x21 0xc8000000
core   0: 0x80008dd0 (0x40e05533) sra     a0, zero, a4
core   0: 3 0x80008dd0 (0x40e05533) x10 0x00000000
core   0: 0x80008dd4 (0x0041ebb3) or      s7, gp, tp
core   0: 3 0x80008dd4 (0x0041ebb3) x23 0xfcfabfa0
core   0: 0x80008dd8 (0x00008bb5) c.andi  a5, 13
core   0: 3 0x80008dd8 (0x8bb5) x15 0x00000001
core   0: 0x80008dda (0x0194dc33) srl     s8, s1, s9
core   0: 3 0x80008dda (0x0194dc33) x24 0x8000fe64
core   0: 0x80008dde (0x00008d01) c.sub   a0, s0
core   0: 3 0x80008dde (0x8d01) x10 0x9118312f
core   0: 0x80008de0 (0x00008d05) c.sub   a0, s1
core   0: 3 0x80008de0 (0x8d05) x10 0x111732cb
core   0: 0x80008de2 (0x4098d413) srai    s0, a7, 9
core   0: 3 0x80008de2 (0x4098d413) x 8 0x00000000
core   0: 0x80008de6 (0x00000f41) c.addi  t5, 16
core   0: 3 0x80008de6 (0x0f41) x30 0xaaf12bc2
core   0: 0x80008de8 (0x00fcd233) srl     tp, s9, a5
core   0: 3 0x80008de8 (0x00fcd233) x 4 0x00000000
core   0: 0x80008dec (0x02e8d7b3) divu    a5, a7, a4
core   0: 3 0x80008dec (0x02e8d7b3) x15 0x00000000
core   0: 0x80008df0 (0x0233e733) rem     a4, t2, gp
core   0: 3 0x80008df0 (0x0233e733) x14 0xffffffff
core   0: 0x80008df4 (0x00008d79) c.and   a0, a4
core   0: 3 0x80008df4 (0x8d79) x10 0x111732cb
core   0: 0x80008df6 (0x00000001) c.nop
core   0: 3 0x80008df6 (0x0001)
core   0: 0x80008df8 (0x00008725) c.srai  a4, 9
core   0: 3 0x80008df8 (0x8725) x14 0xffffffff
core   0: 0x80008dfa (0x015a9e33) sll     t3, s5, s5
core   0: 3 0x80008dfa (0x015a9e33) x28 0xc8000000
core   0: 0x80008dfe (0x00008de1) c.and   a1, s0
core   0: 3 0x80008dfe (0x8de1) x11 0x00000000
core   0: 0x80008e00 (0x418e5793) srai    a5, t3, 24
core   0: 3 0x80008e00 (0x418e5793) x15 0xffffffc8
core   0: 0x80008e04 (0x00008335) c.srli  a4, 13
core   0: 3 0x80008e04 (0x8335) x14 0x0007ffff
core   0: 0x80008e06 (0x02568933) mul     s2, a3, t0
core   0: 3 0x80008e06 (0x02568933) x18 0x80000000
core   0: 0x80008e0a (0x03318ab3) mul     s5, gp, s3
core   0: 3 0x80008e0a (0x03318ab3) x21 0x03054100
core   0: 0x80008e0e (0x41465033) sra     zero, a2, s4
core   0: 3 0x80008e0e (0x41465033)
core   0: 0x80008e12 (0x00e99c13) slli    s8, s3, 14
core   0: 3 0x80008e12 (0x00e99c13) x24 0xffffc000
core   0: 0x80008e16 (0x00008705) c.srai  a4, 1
core   0: 3 0x80008e16 (0x8705) x14 0x0003ffff
core   0: 0x80008e18 (0x03bdc433) div     s0, s11, s11
core   0: 3 0x80008e18 (0x03bdc433) x 8 0x00000001
core   0: 0x80008e1c (0x40cc51b3) sra     gp, s8, a2
core   0: 3 0x80008e1c (0x40cc51b3) x 3 0xffffc000
core   0: 0x80008e20 (0x00000001) c.nop
core   0: 3 0x80008e20 (0x0001)
core   0: 0x80008e22 (0x00009a1e) c.add   s4, t2
core   0: 3 0x80008e22 (0x9a1e) x20 0xfffffffe
core   0: 0x80008e24 (0x012168b3) or      a7, sp, s2
core   0: 3 0x80008e24 (0x012168b3) x17 0x80000190
core   0: 0x80008e28 (0x00001000) c.addi4spn s0, sp, 32
core   0: 3 0x80008e28 (0x1000) x 8 0x000001b0
core   0: 0x80008e2a (0x0059db13) srli    s6, s3, 5
core   0: 3 0x80008e2a (0x0059db13) x22 0x07ffffff
core   0: 0x80008e2e (0x02172d33) mulhsu  s10, a4, ra
core   0: 3 0x80008e2e (0x02172d33) x26 0x00000000
core   0: 0x80008e32 (0x0125d333) srl     t1, a1, s2
core   0: 3 0x80008e32 (0x0125d333) x 6 0x00000000
core   0: 0x80008e36 (0x0051bab3) sltu    s5, gp, t0
core   0: 3 0x80008e36 (0x0051bab3) x21 0x00000000
core   0: 0x80008e3a (0x01d049b3) xor     s3, zero, t4
core   0: 3 0x80008e3a (0x01d049b3) x19 0x3c0aa01a
core   0: 0x80008e3e (0x02ef9433) mulh    s0, t6, a4
core   0: 3 0x80008e3e (0x02ef9433) x 8 0x000001fc
core   0: 0x80008e42 (0x00000001) c.nop
core   0: 3 0x80008e42 (0x0001)
core   0: 0x80008e44 (0x00000001) c.nop
core   0: 3 0x80008e44 (0x0001)
core   0: 0x80008e46 (0x00001dfd) c.addi  s11, -1
core   0: 3 0x80008e46 (0x1dfd) x27 0xfd57895c
core   0: 0x80008e48 (0x45c3e093) ori     ra, t2, 1116
core   0: 3 0x80008e48 (0x45c3e093) x 1 0xffffffff
core   0: 0x80008e4c (0x01b657b3) srl     a5, a2, s11
core   0: 3 0x80008e4c (0x01b657b3) x15 0x00000000
core   0: 0x80008e50 (0xa8564d93) xori    s11, a2, -1403
core   0: 3 0x80008e50 (0xa8564d93) x27 0xfffffa85
core   0: 0x80008e54 (0x00001c8c) c.addi4spn a1, sp, 624
core   0: 3 0x80008e54 (0x1c8c) x11 0x00000400
core   0: 0x80008e56 (0x026308b3) mul     a7, t1, t1
core   0: 3 0x80008e56 (0x026308b3) x17 0x00000000
core   0: 0x80008e5a (0x0336e433) rem     s0, a3, s3
core   0: 3 0x80008e5a (0x0336e433) x 8 0xf8154034
core   0: 0x80008e5e (0x01415313) srli    t1, sp, 20
core   0: 3 0x80008e5e (0x01415313) x 6 0x00000000
core   0: 0x80008e62 (0x00008c61) c.and   s0, s0
core   0: 3 0x80008e62 (0x8c61) x 8 0xf8154034
core   0: 0x80008e64 (0x00001d80) c.addi4spn s0, sp, 752
core   0: 3 0x80008e64 (0x1d80) x 8 0x00000480
core   0: 0x80008e66 (0x03ee0933) mul     s2, t3, t5
core   0: 3 0x80008e66 (0x03ee0933) x18 0x90000000
core   0: 0x80008e6a (0x00de2333) slt     t1, t3, a3
core   0: 3 0x80008e6a (0x00de2333) x 6 0x00000000
core   0: 0x80008e6e (0x40f0d713) srai    a4, ra, 15
core   0: 3 0x80008e6e (0x40f0d713) x14 0xffffffff
core   0: 0x80008e72 (0x00000001) c.nop
core   0: 3 0x80008e72 (0x0001)
core   0: 0x80008e74 (0x01c223b3) slt     t2, tp, t3
core   0: 3 0x80008e74 (0x01c223b3) x 7 0x00000000
core   0: 0x80008e78 (0x00008c4d) c.or    s0, a1
core   0: 3 0x80008e78 (0x8c4d) x 8 0x00000480
core   0: 0x80008e7a (0x005636b3) sltu    a3, a2, t0
core   0: 3 0x80008e7a (0x005636b3) x13 0x00000001
core   0: 0x80008e7e (0x2f497e13) andi    t3, s2, 756
core   0: 3 0x80008e7e (0x2f497e13) x28 0x00000000
core   0: 0x80008e82 (0x006275b3) and     a1, tp, t1
core   0: 3 0x80008e82 (0x006275b3) x11 0x00000000
core   0: 0x80008e86 (0x03de2633) mulhsu  a2, t3, t4
core   0: 3 0x80008e86 (0x03de2633) x12 0x00000000
core   0: 0x80008e8a (0x00008c7d) c.and   s0, a5
core   0: 3 0x80008e8a (0x8c7d) x 8 0x00000000
core   0: 0x80008e8c (0x00006135) c.addi16sp sp, 352
core   0: 3 0x80008e8c (0x6135) x 2 0x000002f0
core   0: 0x80008e8e (0x416c0633) sub     a2, s8, s6
core   0: 3 0x80008e8e (0x416c0633) x12 0xf7ffc001
core   0: 0x80008e92 (0x03a0ea33) rem     s4, ra, s10
core   0: 3 0x80008e92 (0x03a0ea33) x20 0xffffffff
core   0: 0x80008e96 (0xc7b1cb13) xori    s6, gp, -901
core   0: 3 0x80008e96 (0xc7b1cb13) x22 0x00003c7b
core   0: 0x80008e9a (0x95733113) sltiu   sp, t1, -1705
core   0: 3 0x80008e9a (0x95733113) x 2 0x00000001
core   0: 0x80008e9e (0x00321193) slli    gp, tp, 3
core   0: 3 0x80008e9e (0x00321193) x 3 0x00000000
core   0: 0x80008ea2 (0x4008d5b3) sra     a1, a7, zero
core   0: 3 0x80008ea2 (0x4008d5b3) x11 0x00000000
core   0: 0x80008ea6 (0x00000f19) c.addi  t5, 6
core   0: 3 0x80008ea6 (0x0f19) x30 0xaaf12bc8
core   0: 0x80008ea8 (0x000a33b3) sltu    t2, s4, zero
core   0: 3 0x80008ea8 (0x000a33b3) x 7 0x00000000
core   0: 0x80008eac (0x41d701b3) sub     gp, a4, t4
core   0: 3 0x80008eac (0x41d701b3) x 3 0xc3f55fe5
core   0: 0x80008eb0 (0x89dbaeb7) lui     t4, 0x89dba
core   0: 3 0x80008eb0 (0x89dbaeb7) x29 0x89dba000
core   0: 0x80008eb4 (0x000085ad) c.srai  a1, 11
core   0: 3 0x80008eb4 (0x85ad) x11 0x00000000
core   0: 0x80008eb6 (0x11ada213) slti    tp, s11, 282
core   0: 3 0x80008eb6 (0x11ada213) x 4 0x00000001
core   0: 0x80008eba (0x00000d42) c.slli  s10, 16
core   0: 3 0x80008eba (0x0d42) x26 0x00000000
core   0: 0x80008ebc (0x00005dfd) c.li    s11, -1
core   0: 3 0x80008ebc (0x5dfd) x27 0xffffffff
core   0: 0x80008ebe (0x020f4733) div     a4, t5, zero
core   0: 3 0x80008ebe (0x020f4733) x14 0xffffffff
core   0: 0x80008ec2 (0x00000001) c.nop
core   0: 3 0x80008ec2 (0x0001)
core   0: 0x80008ec4 (0x022bf113) andi    sp, s7, 34
core   0: 3 0x80008ec4 (0x022bf113) x 2 0x00000020
core   0: 0x80008ec8 (0x021daab3) mulhsu  s5, s11, ra
core   0: 3 0x80008ec8 (0x021daab3) x21 0xffffffff
core   0: 0x80008ecc (0x86e20693) addi    a3, tp, -1938
core   0: 3 0x80008ecc (0x86e20693) x13 0xfffff86f
core   0: 0x80008ed0 (0x00008e55) c.or    a2, a3
core   0: 3 0x80008ed0 (0x8e55) x12 0xfffff86f
core   0: 0x80008ed2 (0x000018fd) c.addi  a7, -1
core   0: 3 0x80008ed2 (0x18fd) x17 0xffffffff
core   0: 0x80008ed4 (0x00000001) c.nop
core   0: 3 0x80008ed4 (0x0001)
core   0: 0x80008ed6 (0xbd49e893) ori     a7, s3, -1068
core   0: 3 0x80008ed6 (0xbd49e893) x17 0xfffffbde
core   0: 0x80008eda (0x0000180c) c.addi4spn a1, sp, 48
core   0: 3 0x80008eda (0x180c) x11 0x00000050
core   0: 0x80008edc (0xf1d7f293) andi    t0, a5, -227
core   0: 3 0x80008edc (0xf1d7f293) x 5 0x00000000
core   0: 0x80008ee0 (0xb3112893) slti    a7, sp, -1231
core   0: 3 0x80008ee0 (0xb3112893) x17 0x00000000
core   0: 0x80008ee4 (0x00008e99) c.sub   a3, a4
core   0: 3 0x80008ee4 (0x8e99) x13 0xfffff870
core   0: 0x80008ee6 (0x00000001) c.nop
core   0: 3 0x80008ee6 (0x0001)
core   0: 0x80008ee8 (0x035db5b3) mulhu   a1, s11, s5
core   0: 3 0x80008ee8 (0x035db5b3) x11 0xfffffffe
core   0: 0x80008eec (0x2ef5c6b7) lui     a3, 0x2ef5c
core   0: 3 0x80008eec (0x2ef5c6b7) x13 0x2ef5c000
core   0: 0x80008ef0 (0x01fedd13) srli    s10, t4, 31
core   0: 3 0x80008ef0 (0x01fedd13) x26 0x00000001
core   0: 0x80008ef4 (0x0254cc33) div     s8, s1, t0
core   0: 3 0x80008ef4 (0x0254cc33) x24 0xffffffff
core   0: 0x80008ef8 (0x01d1d093) srli    ra, gp, 29
core   0: 3 0x80008ef8 (0x01d1d093) x 1 0x00000006
core   0: 0x80008efc (0x00009b7d) c.andi  a4, -1
core   0: 3 0x80008efc (0x9b7d) x14 0xffffffff
core   0: 0x80008efe (0x004e13b3) sll     t2, t3, tp
core   0: 3 0x80008efe (0x004e13b3) x 7 0x00000000
core   0: 0x80008f02 (0x41628d33) sub     s10, t0, s6
core   0: 3 0x80008f02 (0x41628d33) x26 0xffffc385
core   0: 0x80008f06 (0x02756433) rem     s0, a0, t2
core   0: 3 0x80008f06 (0x02756433) x 8 0x111732cb
core   0: 0x80008f0a (0x1f6eef13) ori     t5, t4, 502
core   0: 3 0x80008f0a (0x1f6eef13) x30 0x89dba1f6
core   0: 0x80008f0e (0xa6432613) slti    a2, t1, -1436
core   0: 3 0x80008f0e (0xa6432613) x12 0x00000000
core   0: 0x80008f12 (0x0332f8b3) remu    a7, t0, s3
core   0: 3 0x80008f12 (0x0332f8b3) x17 0x00000000
core   0: 0x80008f16 (0x02ece033) rem     zero, s9, a4
core   0: 3 0x80008f16 (0x02ece033)
core   0: 0x80008f1a (0x0261b033) mulhu   zero, gp, t1
core   0: 3 0x80008f1a (0x0261b033)
core   0: 0x80008f1e (0x00001880) c.addi4spn s0, sp, 112
core   0: 3 0x80008f1e (0x1880) x 8 0x00000090
core   0: 0x80008f20 (0x021ba933) mulhsu  s2, s7, ra
core   0: 3 0x80008f20 (0x021ba933) x18 0xffffffff
core   0: 0x80008f24 (0x000089be) c.mv    s3, a5
core   0: 3 0x80008f24 (0x89be) x19 0x00000000
core   0: 0x80008f26 (0x024086b3) mul     a3, ra, tp
core   0: 3 0x80008f26 (0x024086b3) x13 0x00000006
core   0: 0x80008f2a (0x01f4e633) or      a2, s1, t6
core   0: 3 0x80008f2a (0x01f4e633) x12 0x807ffe64
core   0: 0x80008f2e (0x1d06ee93) ori     t4, a3, 464
core   0: 3 0x80008f2e (0x1d06ee93) x29 0x000001d6
core   0: 0x80008f32 (0x40fd5433) sra     s0, s10, a5
core   0: 3 0x80008f32 (0x40fd5433) x 8 0xffffc385
core   0: 0x80008f36 (0x0019ac33) slt     s8, s3, ra
core   0: 3 0x80008f36 (0x0019ac33) x24 0x00000001
core   0: 0x80008f3a (0x79ac1137) lui     sp, 0x79ac1
core   0: 3 0x80008f3a (0x79ac1137) x 2 0x79ac1000
core   0: 0x80008f3e (0x00165fb3) srl     t6, a2, ra
core   0: 3 0x80008f3e (0x00165fb3) x31 0x0201fff9
core   0: 0x80008f42 (0x00221d33) sll     s10, tp, sp
core   0: 3 0x80008f42 (0x00221d33) x26 0x00000001
core   0: 0x80008f46 (0x03d11ab3) mulh    s5, sp, t4
core   0: 3 0x80008f46 (0x03d11ab3) x21 0x000000df
core   0: 0x80008f4a (0x006edd93) srli    s11, t4, 6
core   0: 3 0x80008f4a (0x006edd93) x27 0x00000007
core   0: 0x80008f4e (0x00163bb3) sltu    s7, a2, ra
core   0: 3 0x80008f4e (0x00163bb3) x23 0x00000000
core   0: 0x80008f52 (0x000081c2) c.mv    gp, a6
core   0: 3 0x80008f52 (0x81c2) x 3 0x80013ce4
core   0: 0x80008f54 (0x03c2e033) rem     zero, t0, t3
core   0: 3 0x80008f54 (0x03c2e033)
core   0: 0x80008f58 (0x028173b3) remu    t2, sp, s0
core   0: 3 0x80008f58 (0x028173b3) x 7 0x79ac1000
core   0: 0x80008f5c (0x000006da) c.slli  a3, 22
core   0: 3 0x80008f5c (0x06da) x13 0x01800000
core   0: 0x80008f5e (0x9330c617) auipc   a2, 0x9330c
core   0: 3 0x80008f5e (0x9330c617) x12 0x13314f5e
core   0: 0x80008f62 (0x00006e51) c.lui   t3, 0x14
core   0: 3 0x80008f62 (0x6e51) x28 0x00014000
core   0: 0x80008f64 (0x00009bfd) c.andi  a5, -1
core   0: 3 0x80008f64 (0x9bfd) x15 0x00000000
core   0: 0x80008f66 (0x000083d5) c.srli  a5, 21
core   0: 3 0x80008f66 (0x83d5) x15 0x00000000
core   0: 0x80008f68 (0x16a98113) addi    sp, s3, 362
core   0: 3 0x80008f68 (0x16a98113) x 2 0x0000016a
core   0: 0x80008f6c (0x00006d05) c.lui   s10, 0x1
core   0: 3 0x80008f6c (0x6d05) x26 0x00001000
core   0: 0x80008f6e (0x00c91993) slli    s3, s2, 12
core   0: 3 0x80008f6e (0x00c91993) x19 0xfffff000
core   0: 0x80008f72 (0x01e298b3) sll     a7, t0, t5
core   0: 3 0x80008f72 (0x01e298b3) x17 0x00000000
core   0: 0x80008f76 (0x02c0feb3) remu    t4, ra, a2
core   0: 3 0x80008f76 (0x02c0feb3) x29 0x00000006
core   0: 0x80008f7a (0x00008f81) c.sub   a5, s0
core   0: 3 0x80008f7a (0x8f81) x15 0x00003c7b
core   0: 0x80008f7c (0x00000001) c.nop
core   0: 3 0x80008f7c (0x0001)
core   0: 0x80008f7e (0x44fa4193) xori    gp, s4, 1103
core   0: 3 0x80008f7e (0x44fa4193) x 3 0xfffffbb0
core   0: 0x80008f82 (0x00008b69) c.andi  a4, 26
core   0: 3 0x80008f82 (0x8b69) x14 0x0000001a
core   0: 0x80008f84 (0x004d4ab3) xor     s5, s10, tp
core   0: 3 0x80008f84 (0x004d4ab3) x21 0x00001001
core   0: 0x80008f88 (0x02df9ab3) mulh    s5, t6, a3
core   0: 3 0x80008f88 (0x02df9ab3) x21 0x000302ff
core   0: 0x80008f8c (0x41130333) sub     t1, t1, a7
core   0: 3 0x80008f8c (0x41130333) x 6 0x00000000
core   0: 0x80008f90 (0x40305ab3) sra     s5, zero, gp
core   0: 3 0x80008f90 (0x40305ab3) x21 0x00000000
core   0: 0x80008f94 (0x00bee233) or      tp, t4, a1
core   0: 3 0x80008f94 (0x00bee233) x 4 0xfffffffe
core   0: 0x80008f98 (0x00f05bb3) srl     s7, zero, a5
core   0: 3 0x80008f98 (0x00f05bb3) x23 0x00000000
core   0: 0x80008f9c (0x00006b41) c.lui   s6, 0x10
core   0: 3 0x80008f9c (0x6b41) x22 0x00010000
core   0: 0x80008f9e (0x002b12b3) sll     t0, s6, sp
core   0: 3 0x80008f9e (0x002b12b3) x 5 0x04000000
core   0: 0x80008fa2 (0x00000001) c.nop
core   0: 3 0x80008fa2 (0x0001)
core   0: 0x80008fa4 (0x015d1e93) slli    t4, s10, 21
core   0: 3 0x80008fa4 (0x015d1e93) x29 0x00000000
core   0: 0x80008fa8 (0x019ed213) srli    tp, t4, 25
core   0: 3 0x80008fa8 (0x019ed213) x 4 0x00000000
core   0: 0x80008fac (0x01cd2b33) slt     s6, s10, t3
core   0: 3 0x80008fac (0x01cd2b33) x22 0x00000001
core   0: 0x80008fb0 (0x00008df5) c.and   a1, a3
core   0: 3 0x80008fb0 (0x8df5) x11 0x01800000
core   0: 0x80008fb2 (0x00000001) c.nop
core   0: 3 0x80008fb2 (0x0001)
core   0: 0x80008fb4 (0xd534b213) sltiu   tp, s1, -685
core   0: 3 0x80008fb4 (0xd534b213) x 4 0x00000001
core   0: 0x80008fb8 (0x80b20293) addi    t0, tp, -2037
core   0: 3 0x80008fb8 (0x80b20293) x 5 0xfffff80c
core   0: 0x80008fbc (0x000010fd) c.addi  ra, -1
core   0: 3 0x80008fbc (0x10fd) x 1 0x00000005
core   0: 0x80008fbe (0x0078b633) sltu    a2, a7, t2
core   0: 3 0x80008fbe (0x0078b633) x12 0x00000001
core   0: 0x80008fc2 (0x00008e61) c.and   a2, s0
core   0: 3 0x80008fc2 (0x8e61) x12 0x00000001
core   0: 0x80008fc4 (0x417b53b3) sra     t2, s6, s7
core   0: 3 0x80008fc4 (0x417b53b3) x 7 0x00000001
core   0: 0x80008fc8 (0x00001dfd) c.addi  s11, -1
core   0: 3 0x80008fc8 (0x1dfd) x27 0x00000006
core   0: 0x80008fca (0x40b1d433) sra     s0, gp, a1
core   0: 3 0x80008fca (0x40b1d433) x 8 0xfffffbb0
core   0: 0x80008fce (0x407a0233) sub     tp, s4, t2
core   0: 3 0x80008fce (0x407a0233) x 4 0xfffffffe
core   0: 0x80008fd2 (0x000000f2) c.slli  ra, 28
core   0: 3 0x80008fd2 (0x00f2) x 1 0x50000000
core   0: 0x80008fd4 (0x0038de93) srli    t4, a7, 3
core   0: 3 0x80008fd4 (0x0038de93) x29 0x00000000
core   0: 0x80008fd8 (0x00008676) c.mv    a2, t4
core   0: 3 0x80008fd8 (0x8676) x12 0x00000000
core   0: 0x80008fda (0x00008aad) c.andi  a3, 11
core   0: 3 0x80008fda (0x8aad) x13 0x00000000
core   0: 0x80008fdc (0x0278ca33) div     s4, a7, t2
core   0: 3 0x80008fdc (0x0278ca33) x20 0x00000000
core   0: 0x80008fe0 (0x000082bd) c.srli  a3, 15
core   0: 3 0x80008fe0 (0x82bd) x13 0x00000000
core   0: 0x80008fe2 (0x000049cd) c.li    s3, 19
core   0: 3 0x80008fe2 (0x49cd) x19 0x00000013
core   0: 0x80008fe4 (0xe207f313) andi    t1, a5, -480
core   0: 3 0x80008fe4 (0xe207f313) x 6 0x00003c20
core   0: 0x80008fe8 (0x012d9d33) sll     s10, s11, s2
core   0: 3 0x80008fe8 (0x012d9d33) x26 0x00000000
core   0: 0x80008fec (0x011932b3) sltu    t0, s2, a7
core   0: 3 0x80008fec (0x011932b3) x 5 0x00000000
core   0: 0x80008ff0 (0x000083c1) c.srli  a5, 16
core   0: 3 0x80008ff0 (0x83c1) x15 0x00000000
core   0: 0x80008ff2 (0x405e87b3) sub     a5, t4, t0
core   0: 3 0x80008ff2 (0x405e87b3) x15 0x00000000
core   0: 0x80008ff6 (0x00000eee) c.slli  t4, 27
core   0: 3 0x80008ff6 (0x0eee) x29 0x00000000
core   0: 0x80008ff8 (0x3d9ceb93) ori     s7, s9, 985
core   0: 3 0x80008ff8 (0x3d9ceb93) x23 0x000003d9
core   0: 0x80008ffc (0x00008f6d) c.and   a4, a1
core   0: 3 0x80008ffc (0x8f6d) x14 0x00000000
core   0: 0x80008ffe (0x0000616d) c.addi16sp sp, 240
core   0: 3 0x80008ffe (0x616d) x 2 0x0000025a
core   0: 0x80009000 (0xa7d67317) auipc   t1, 0xa7d67
core   0: 3 0x80009000 (0xa7d67317) x 6 0x27d70000
core   0: 0x80009004 (0x19be4393) xori    t2, t3, 411
core   0: 3 0x80009004 (0x19be4393) x 7 0x0001419b
core   0: 0x80009008 (0x000082ed) c.srli  a3, 27
core   0: 3 0x80009008 (0x82ed) x13 0x00000000
core   0: 0x8000900a (0x039463b3) rem     t2, s0, s9
core   0: 3 0x8000900a (0x039463b3) x 7 0xfffffbb0
core   0: 0x8000900e (0x00000e00) c.addi4spn s0, sp, 784
core   0: 3 0x8000900e (0x0e00) x 8 0x0000056a
core   0: 0x80009010 (0x025607b3) mul     a5, a2, t0
core   0: 3 0x80009010 (0x025607b3) x15 0x00000000
core   0: 0x80009014 (0x028e4533) div     a0, t3, s0
core   0: 3 0x80009014 (0x028e4533) x10 0x0000003b
core   0: 0x80009018 (0x00009afd) c.andi  a3, -1
core   0: 3 0x80009018 (0x9afd) x13 0x00000000
core   0: 0x8000901a (0x003fc7b3) xor     a5, t6, gp
core   0: 3 0x8000901a (0x003fc7b3) x15 0xfdfe0449
core   0: 0x8000901e (0x01e0afb3) slt     t6, ra, t5
core   0: 3 0x8000901e (0x01e0afb3) x31 0x00000000
core   0: 0x80009022 (0xb1acbab7) lui     s5, 0xb1acb
core   0: 3 0x80009022 (0xb1acbab7) x21 0xb1acb000
core   0: 0x80009026 (0x00008c71) c.and   s0, a2
core   0: 3 0x80009026 (0x8c71) x 8 0x00000000
core   0: 0x80009028 (0x0112fa33) and     s4, t0, a7
core   0: 3 0x80009028 (0x0112fa33) x20 0x00000000
core   0: 0x8000902c (0x405a59b3) sra     s3, s4, t0
core   0: 3 0x8000902c (0x405a59b3) x19 0x00000000
core   0: 0x80009030 (0x00008a0e) c.mv    s4, gp
core   0: 3 0x80009030 (0x8a0e) x20 0xfffffbb0
core   0: 0x80009032 (0x000083b9) c.srli  a5, 14
core   0: 3 0x80009032 (0x83b9) x15 0x0003f7f8
core   0: 0x80009034 (0x40f70933) sub     s2, a4, a5
core   0: 3 0x80009034 (0x40f70933) x18 0xfffc0808
core   0: 0x80009038 (0xdda86593) ori     a1, a6, -550
core   0: 3 0x80009038 (0xdda86593) x11 0xfffffdfe
core   0: 0x8000903c (0x41168c33) sub     s8, a3, a7
core   0: 3 0x8000903c (0x41168c33) x24 0x00000000
core   0: 0x80009040 (0x0137d933) srl     s2, a5, s3
core   0: 3 0x80009040 (0x0137d933) x18 0x0003f7f8
core   0: 0x80009044 (0x003911b3) sll     gp, s2, gp
core   0: 3 0x80009044 (0x003911b3) x 3 0xf7f80000
core   0: 0x80009048 (0x000085b9) c.srai  a1, 14
core   0: 3 0x80009048 (0x85b9) x11 0xffffffff
core   0: 0x8000904a (0x35f7b213) sltiu   tp, a5, 863
core   0: 3 0x8000904a (0x35f7b213) x 4 0x00000000
core   0: 0x8000904e (0x012f79b3) and     s3, t5, s2
core   0: 3 0x8000904e (0x012f79b3) x19 0x0003a1f0
core   0: 0x80009052 (0x037d3333) mulhu   t1, s10, s7
core   0: 3 0x80009052 (0x037d3333) x 6 0x00000000
core   0: 0x80009056 (0x00000a14) c.addi4spn a3, sp, 272
core   0: 3 0x80009056 (0x0a14) x13 0x0000036a
core   0: 0x80009058 (0x018396b3) sll     a3, t2, s8
core   0: 3 0x80009058 (0x018396b3) x13 0xfffffbb0
core   0: 0x8000905c (0x02e42933) mulhsu  s2, s0, a4
core   0: 3 0x8000905c (0x02e42933) x18 0x00000000
core   0: 0x80009060 (0x677d0c13) addi    s8, s10, 1655
core   0: 3 0x80009060 (0x677d0c13) x24 0x00000677
core   0: 0x80009064 (0x003a20b3) slt     ra, s4, gp
core   0: 3 0x80009064 (0x003a20b3) x 1 0x00000000
core   0: 0x80009068 (0x00000001) c.nop
core   0: 3 0x80009068 (0x0001)
core   0: 0x8000906a (0x005fd513) srli    a0, t6, 5
core   0: 3 0x8000906a (0x005fd513) x10 0x00000000
core   0: 0x8000906e (0xec2a8b13) addi    s6, s5, -318
core   0: 3 0x8000906e (0xec2a8b13) x22 0xb1acaec2
core   0: 0x80009072 (0x000018fd) c.addi  a7, -1
core   0: 3 0x80009072 (0x18fd) x17 0xffffffff
core   0: 0x80009074 (0x00000001) c.nop
core   0: 3 0x80009074 (0x0001)
core   0: 0x80009076 (0x004cdb33) srl     s6, s9, tp
core   0: 3 0x80009076 (0x004cdb33) x22 0x00000000
core   0: 0x8000907a (0x03672033) mulhsu  zero, a4, s6
core   0: 3 0x8000907a (0x03672033)
core   0: 0x8000907e (0x000050fd) c.li    ra, -1
core   0: 3 0x8000907e (0x50fd) x 1 0xffffffff
core   0: 0x80009080 (0x00009b32) c.add   s6, a2
core   0: 3 0x80009080 (0x9b32) x22 0x00000000
core   0: 0x80009082 (0x00000f8e) c.slli  t6, 3
core   0: 3 0x80009082 (0x0f8e) x31 0x00000000
core   0: 0x80009084 (0x01f22733) slt     a4, tp, t6
core   0: 3 0x80009084 (0x01f22733) x14 0x00000000
core   0: 0x80009088 (0x034caf33) mulhsu  t5, s9, s4
core   0: 3 0x80009088 (0x034caf33) x30 0x00000000
core   0: 0x8000908c (0xcbdfbd93) sltiu   s11, t6, -835
core   0: 3 0x8000908c (0xcbdfbd93) x27 0x00000001
core   0: 0x80009090 (0x00009b7e) c.add   s6, t6
core   0: 3 0x80009090 (0x9b7e) x22 0x00000000
core   0: 0x80009092 (0x00008c5d) c.or    s0, a5
core   0: 3 0x80009092 (0x8c5d) x 8 0x0003f7f8
core   0: 0x80009094 (0x034fd933) divu    s2, t6, s4
core   0: 3 0x80009094 (0x034fd933) x18 0x00000000
core   0: 0x80009098 (0x000085b1) c.srai  a1, 12
core   0: 3 0x80009098 (0x85b1) x11 0xffffffff
core   0: 0x8000909a (0x0000888a) c.mv    a7, sp
core   0: 3 0x8000909a (0x888a) x17 0x0000025a
core   0: 0x8000909c (0x40345693) srai    a3, s0, 3
core   0: 3 0x8000909c (0x40345693) x13 0x00007eff
core   0: 0x800090a0 (0x0000717d) c.addi16sp sp, -16
core   0: 3 0x800090a0 (0x717d) x 2 0x0000024a
core   0: 0x800090a2 (0x00005bfd) c.li    s7, -1
core   0: 3 0x800090a2 (0x5bfd) x23 0xffffffff
core   0: 0x800090a4 (0xfa6d36b7) lui     a3, 0xfa6d3
core   0: 3 0x800090a4 (0xfa6d36b7) x13 0xfa6d3000
core   0: 0x800090a8 (0x0000177d) c.addi  a4, -1
core   0: 3 0x800090a8 (0x177d) x14 0xffffffff
core   0: 0x800090aa (0x00008451) c.srai  s0, 20
core   0: 3 0x800090aa (0x8451) x 8 0x00000000
core   0: 0x800090ac (0x00000001) c.nop
core   0: 3 0x800090ac (0x0001)
core   0: 0x800090ae (0x023a1f33) mulh    t5, s4, gp
core   0: 3 0x800090ae (0x023a1f33) x30 0x00000022
core   0: 0x800090b2 (0x00000001) c.nop
core   0: 3 0x800090b2 (0x0001)
core   0: 0x800090b4 (0x00008946) c.mv    s2, a7
core   0: 3 0x800090b4 (0x8946) x18 0x0000025a
core   0: 0x800090b6 (0x415ad9b3) sra     s3, s5, s5
core   0: 3 0x800090b6 (0x415ad9b3) x19 0xb1acb000
core   0: 0x800090ba (0x00f35413) srli    s0, t1, 15
core   0: 3 0x800090ba (0x00f35413) x 8 0x00000000
core   0: 0x800090be (0x0000567d) c.li    a2, -1
core   0: 3 0x800090be (0x567d) x12 0xffffffff
core   0: 0x800090c0 (0x03cbb6b3) mulhu   a3, s7, t3
core   0: 3 0x800090c0 (0x03cbb6b3) x13 0x00013fff
core   0: 0x800090c4 (0x178b3d93) sltiu   s11, s6, 376
core   0: 3 0x800090c4 (0x178b3d93) x27 0x00000001
core   0: 0x800090c8 (0xe304bc13) sltiu   s8, s1, -464
core   0: 3 0x800090c8 (0xe304bc13) x24 0x00000001
core   0: 0x800090cc (0x01359b93) slli    s7, a1, 19
core   0: 3 0x800090cc (0x01359b93) x23 0xfff80000
core   0: 0x800090d0 (0xb336aa13) slti    s4, a3, -1229
core   0: 3 0x800090d0 (0xb336aa13) x20 0x00000000
core   0: 0x800090d4 (0x0208d8b3) divu    a7, a7, zero
core   0: 3 0x800090d4 (0x0208d8b3) x17 0xffffffff
core   0: 0x800090d8 (0x00001194) c.addi4spn a3, sp, 224
core   0: 3 0x800090d8 (0x1194) x13 0x0000032a
core   0: 0x800090da (0x00008e9d) c.sub   a3, a5
core   0: 3 0x800090da (0x8e9d) x13 0xfffc0b32
core   0: 0x800090dc (0x002c5693) srli    a3, s8, 2
core   0: 3 0x800090dc (0x002c5693) x13 0x00000000
core   0: 0x800090e0 (0x00a771b3) and     gp, a4, a0
core   0: 3 0x800090e0 (0x00a771b3) x 3 0x00000000
core   0: 0x800090e4 (0x003def33) or      t5, s11, gp
core   0: 3 0x800090e4 (0x003def33) x30 0x00000001
core   0: 0x800090e8 (0x41fd0db3) sub     s11, s10, t6
core   0: 3 0x800090e8 (0x41fd0db3) x27 0x00000000
core   0: 0x800090ec (0xcadd1537) lui     a0, 0xcadd1
core   0: 3 0x800090ec (0xcadd1537) x10 0xcadd1000
core   0: 0x800090f0 (0x01787d33) and     s10, a6, s7
core   0: 3 0x800090f0 (0x01787d33) x26 0x80000000
core   0: 0x800090f4 (0x40c8d533) sra     a0, a7, a2
core   0: 3 0x800090f4 (0x40c8d533) x10 0xffffffff
core   0: 0x800090f8 (0x000b6d33) or      s10, s6, zero
core   0: 3 0x800090f8 (0x000b6d33) x26 0x00000000
core   0: 0x800090fc (0x00000001) c.nop
core   0: 3 0x800090fc (0x0001)
core   0: 0x800090fe (0x03382db3) mulhsu  s11, a6, s3
core   0: 3 0x800090fe (0x03382db3) x27 0xa72a83ef
core   0: 0x80009102 (0x02653e33) mulhu   t3, a0, t1
core   0: 3 0x80009102 (0x02653e33) x28 0x00000000
core   0: 0x80009106 (0x4026d633) sra     a2, a3, sp
core   0: 3 0x80009106 (0x4026d633) x12 0x00000000
core   0: 0x8000910a (0x016f4033) xor     zero, t5, s6
core   0: 3 0x8000910a (0x016f4033)
core   0: 0x8000910e (0xe87f0637) lui     a2, 0xe87f0
core   0: 3 0x8000910e (0xe87f0637) x12 0xe87f0000
core   0: 0x80009112 (0x000009a5) c.addi  s3, 9
core   0: 3 0x80009112 (0x09a5) x19 0xb1acb009
core   0: 0x80009114 (0x40cf0f13) addi    t5, t5, 1036
core   0: 3 0x80009114 (0x40cf0f13) x30 0x0000040d
core   0: 0x80009118 (0x00c453b3) srl     t2, s0, a2
core   0: 3 0x80009118 (0x00c453b3) x 7 0x00000000
core   0: 0x8000911c (0xdeb4aa93) slti    s5, s1, -533
core   0: 3 0x8000911c (0xdeb4aa93) x21 0x00000001
core   0: 0x80009120 (0x01d028b3) slt     a7, zero, t4
core   0: 3 0x80009120 (0x01d028b3) x17 0x00000000
core   0: 0x80009124 (0x02b23733) mulhu   a4, tp, a1
core   0: 3 0x80009124 (0x02b23733) x14 0x00000000
core   0: 0x80009128 (0x03ebcf33) div     t5, s7, t5
core   0: 3 0x80009128 (0x03ebcf33) x30 0xfffffe07
core   0: 0x8000912c (0x0076af33) slt     t5, a3, t2
core   0: 3 0x8000912c (0x0076af33) x30 0x00000000
core   0: 0x80009130 (0x0105d233) srl     tp, a1, a6
core   0: 3 0x80009130 (0x0105d233) x 4 0x0fffffff
core   0: 0x80009134 (0x7f542b37) lui     s6, 0x7f542
core   0: 3 0x80009134 (0x7f542b37) x22 0x7f542000
core   0: 0x80009138 (0x01c8ae33) slt     t3, a7, t3
core   0: 3 0x80009138 (0x01c8ae33) x28 0x00000000
core   0: 0x8000913c (0x000082e9) c.srli  a3, 26
core   0: 3 0x8000913c (0x82e9) x13 0x00000000
core   0: 0x8000913e (0x40c15e93) srai    t4, sp, 12
core   0: 3 0x8000913e (0x40c15e93) x29 0x00000000
core   0: 0x80009142 (0x0295c533) div     a0, a1, s1
core   0: 3 0x80009142 (0x0295c533) x10 0x00000000
core   0: 0x80009146 (0x01eeb2b3) sltu    t0, t4, t5
core   0: 3 0x80009146 (0x01eeb2b3) x 5 0x00000000
core   0: 0x8000914a (0xd6d3e893) ori     a7, t2, -659
core   0: 3 0x8000914a (0xd6d3e893) x17 0xfffffd6d
core   0: 0x8000914e (0x418e08b3) sub     a7, t3, s8
core   0: 3 0x8000914e (0x418e08b3) x17 0xffffffff
core   0: 0x80009152 (0x00008c19) c.sub   s0, a4
core   0: 3 0x80009152 (0x8c19) x 8 0x00000000
core   0: 0x80009154 (0x000dc033) xor     zero, s11, zero
core   0: 3 0x80009154 (0x000dc033)
core   0: 0x80009158 (0x000000fe) c.slli  ra, 31
core   0: 3 0x80009158 (0x00fe) x 1 0x80000000
core   0: 0x8000915a (0x00000525) c.addi  a0, 9
core   0: 3 0x8000915a (0x0525) x10 0x00000009
core   0: 0x8000915c (0x006ac933) xor     s2, s5, t1
core   0: 3 0x8000915c (0x006ac933) x18 0x00000001
core   0: 0x80009160 (0x00008792) c.mv    a5, tp
core   0: 3 0x80009160 (0x8792) x15 0x0fffffff
core   0: 0x80009162 (0x016d1033) sll     zero, s10, s6
core   0: 3 0x80009162 (0x016d1033)
core   0: 0x80009166 (0x0000717d) c.addi16sp sp, -16
core   0: 3 0x80009166 (0x717d) x 2 0x0000023a
core   0: 0x80009168 (0x000df7b3) and     a5, s11, zero
core   0: 3 0x80009168 (0x000df7b3) x15 0x00000000
core   0: 0x8000916c (0x412d5d13) srai    s10, s10, 18
core   0: 3 0x8000916c (0x412d5d13) x26 0x00000000
core   0: 0x80009170 (0x00a75413) srli    s0, a4, 10
core   0: 3 0x80009170 (0x00a75413) x 8 0x00000000
core   0: 0x80009174 (0x000098ee) c.add   a7, s11
core   0: 3 0x80009174 (0x98ee) x17 0xa72a83ee
core   0: 0x80009176 (0x6f7f5a17) auipc   s4, 0x6f7f5
core   0: 3 0x80009176 (0x6f7f5a17) x20 0xef7fe176
core   0: 0x8000917a (0x012f4933) xor     s2, t5, s2
core   0: 3 0x8000917a (0x012f4933) x18 0x00000001
core   0: 0x8000917e (0x03818433) mul     s0, gp, s8
core   0: 3 0x8000917e (0x03818433) x 8 0x00000000
core   0: 0x80009182 (0x02f18e33) mul     t3, gp, a5
core   0: 3 0x80009182 (0x02f18e33) x28 0x00000000
core   0: 0x80009186 (0x40185e93) srai    t4, a6, 1
core   0: 3 0x80009186 (0x40185e93) x29 0xc0009e72
core   0: 0x8000918a (0x0241f433) remu    s0, gp, tp
core   0: 3 0x8000918a (0x0241f433) x 8 0x00000000
core   0: 0x8000918e (0x0000717d) c.addi16sp sp, -16
core   0: 3 0x8000918e (0x717d) x 2 0x0000022a
core   0: 0x80009190 (0x033b92b3) mulh    t0, s7, s3
core   0: 3 0x80009190 (0x033b92b3) x 5 0x0002729a
core   0: 0x80009194 (0x00008f09) c.sub   a4, a0
core   0: 3 0x80009194 (0x8f09) x14 0xfffffff7
core   0: 0x80009196 (0x61186513) ori     a0, a6, 1553
core   0: 3 0x80009196 (0x61186513) x10 0x80013ef5
core   0: 0x8000919a (0x01979093) slli    ra, a5, 25
core   0: 3 0x8000919a (0x01979093) x 1 0x00000000
core   0: 0x8000919e (0x00008da1) c.xor   a1, s0
core   0: 3 0x8000919e (0x8da1) x11 0xffffffff
core   0: 0x800091a0 (0x39f15217) auipc   tp, 0x39f15
core   0: 3 0x800091a0 (0x39f15217) x 4 0xb9f1e1a0
core   0: 0x800091a4 (0x0000892e) c.mv    s2, a1
core   0: 3 0x800091a4 (0x892e) x18 0xffffffff
core   0: 0x800091a6 (0x00008fa9) c.xor   a5, a0
core   0: 3 0x800091a6 (0x8fa9) x15 0x80013ef5
core   0: 0x800091a8 (0x00000001) c.nop
core   0: 3 0x800091a8 (0x0001)
core   0: 0x800091aa (0x00001b8c) c.addi4spn a1, sp, 496
core   0: 3 0x800091aa (0x1b8c) x11 0x0000041a
core   0: 0x800091ac (0x0110d3b3) srl     t2, ra, a7
core   0: 3 0x800091ac (0x0110d3b3) x 7 0x00000000
core   0: 0x800091b0 (0x0000717d) c.addi16sp sp, -16
core   0: 3 0x800091b0 (0x717d) x 2 0x0000021a
core   0: 0x800091b2 (0x00008fa1) c.xor   a5, s0
core   0: 3 0x800091b2 (0x8fa1) x15 0x80013ef5
core   0: 0x800091b4 (0x00008555) c.srai  a0, 21
core   0: 3 0x800091b4 (0x8555) x10 0xfffffc00
core   0: 0x800091b6 (0x00000001) c.nop
core   0: 3 0x800091b6 (0x0001)
core   0: 0x800091b8 (0x00001b7d) c.addi  s6, -1
core   0: 3 0x800091b8 (0x1b7d) x22 0x7f541fff
core   0: 0x800091ba (0x000003b1) c.addi  t2, 12
core   0: 3 0x800091ba (0x03b1) x 7 0x0000000c
core   0: 0x800091bc (0x01cfb7b3) sltu    a5, t6, t3
core   0: 3 0x800091bc (0x01cfb7b3) x15 0x00000000
core   0: 0x800091c0 (0x415ccc13) xori    s8, s9, 1045
core   0: 3 0x800091c0 (0x415ccc13) x24 0x00000415
core   0: 0x800091c4 (0x00f1c3b3) xor     t2, gp, a5
core   0: 3 0x800091c4 (0x00f1c3b3) x 7 0x00000000
core   0: 0x800091c8 (0x014ff333) and     t1, t6, s4
core   0: 3 0x800091c8 (0x014ff333) x 6 0x00000000
core   0: 0x800091cc (0x412fdfb3) sra     t6, t6, s2
core   0: 3 0x800091cc (0x412fdfb3) x31 0x00000000
core   0: 0x800091d0 (0x00c94b33) xor     s6, s2, a2
core   0: 3 0x800091d0 (0x00c94b33) x22 0x1780ffff
core   0: 0x800091d4 (0x0000987d) c.andi  s0, -1
core   0: 3 0x800091d4 (0x987d) x 8 0x00000000
core   0: 0x800091d6 (0x039c31b3) mulhu   gp, s8, s9
core   0: 3 0x800091d6 (0x039c31b3) x 3 0x00000000
core   0: 0x800091da (0xed919737) lui     a4, 0xed919
core   0: 3 0x800091da (0xed919737) x14 0xed919000
core   0: 0x800091de (0x0293a6b3) mulhsu  a3, t2, s1
core   0: 3 0x800091de (0x0293a6b3) x13 0x00000000
core   0: 0x800091e2 (0x000087d9) c.srai  a5, 22
core   0: 3 0x800091e2 (0x87d9) x15 0x00000000
core   0: 0x800091e4 (0x941e7093) andi    ra, t3, -1727
core   0: 3 0x800091e4 (0x941e7093) x 1 0x00000000
core   0: 0x800091e8 (0x000087bd) c.srai  a5, 15
core   0: 3 0x800091e8 (0x87bd) x15 0x00000000
core   0: 0x800091ea (0x036dd9b3) divu    s3, s11, s6
core   0: 3 0x800091ea (0x036dd9b3) x19 0x00000007
core   0: 0x800091ee (0x00000255) c.addi  tp, 21
core   0: 3 0x800091ee (0x0255) x 4 0xb9f1e1b5
core   0: 0x800091f0 (0x03a37db3) remu    s11, t1, s10
core   0: 3 0x800091f0 (0x03a37db3) x27 0x00000000
core   0: 0x800091f4 (0x01369f93) slli    t6, a3, 19
core   0: 3 0x800091f4 (0x01369f93) x31 0x00000000
core   0: 0x800091f8 (0x12f08393) addi    t2, ra, 303
core   0: 3 0x800091f8 (0x12f08393) x 7 0x0000012f
core   0: 0x800091fc (0x027a3c33) mulhu   s8, s4, t2
core   0: 3 0x800091fc (0x027a3c33) x24 0x0000011b
core   0: 0x80009200 (0x00679d33) sll     s10, a5, t1
core   0: 3 0x80009200 (0x00679d33) x26 0x00000000
core   0: 0x80009204 (0x0226c9b3) div     s3, a3, sp
core   0: 3 0x80009204 (0x0226c9b3) x19 0x00000000
core   0: 0x80009208 (0x02ed5bb3) divu    s7, s10, a4
core   0: 3 0x80009208 (0x02ed5bb3) x23 0x00000000
core   0: 0x8000920c (0x002a8b33) add     s6, s5, sp
core   0: 3 0x8000920c (0x002a8b33) x22 0x0000021b
core   0: 0x80009210 (0x00008de1) c.and   a1, s0
core   0: 3 0x80009210 (0x8de1) x11 0x00000000
core   0: 0x80009212 (0x03e2ec33) rem     s8, t0, t5
core   0: 3 0x80009212 (0x03e2ec33) x24 0x0002729a
core   0: 0x80009216 (0x194e2213) slti    tp, t3, 404
core   0: 3 0x80009216 (0x194e2213) x 4 0x00000001
core   0: 0x8000921a (0x000082b6) c.mv    t0, a3
core   0: 3 0x8000921a (0x82b6) x 5 0x00000000
core   0: 0x8000921c (0x00008e01) c.sub   a2, s0
core   0: 3 0x8000921c (0x8e01) x12 0xe87f0000
core   0: 0x8000921e (0x00000001) c.nop
core   0: 3 0x8000921e (0x0001)
core   0: 0x80009220 (0x01e868b3) or      a7, a6, t5
core   0: 3 0x80009220 (0x01e868b3) x17 0x80013ce4
core   0: 0x80009224 (0x00435fb3) srl     t6, t1, tp
core   0: 3 0x80009224 (0x00435fb3) x31 0x00000000
core   0: 0x80009228 (0x4060d593) srai    a1, ra, 6
core   0: 3 0x80009228 (0x4060d593) x11 0x00000000
core   0: 0x8000922c (0xdd7dfc17) auipc   s8, 0xdd7df
core   0: 3 0x8000922c (0xdd7dfc17) x24 0x5d7e822c
core   0: 0x80009230 (0x5ed2a997) auipc   s3, 0x5ed2a
core   0: 3 0x80009230 (0x5ed2a997) x19 0xded33230
core   0: 0x80009234 (0x00009ec2) c.add   t4, a6
core   0: 3 0x80009234 (0x9ec2) x29 0x4001db56
core   0: 0x80009236 (0x006931b3) sltu    gp, s2, t1
core   0: 3 0x80009236 (0x006931b3) x 3 0x00000000
core   0: 0x8000923a (0x0ab3ec13) ori     s8, t2, 171
core   0: 3 0x8000923a (0x0ab3ec13) x24 0x000001af
core   0: 0x8000923e (0x0000858d) c.srai  a1, 3
core   0: 3 0x8000923e (0x858d) x11 0x00000000
core   0: 0x80009240 (0x03f960b3) rem     ra, s2, t6
core   0: 3 0x80009240 (0x03f960b3) x 1 0xffffffff
core   0: 0x80009244 (0x369b6197) auipc   gp, 0x369b6
core   0: 3 0x80009244 (0x369b6197) x 3 0xb69bf244
core   0: 0x80009248 (0x01d99513) slli    a0, s3, 29
core   0: 3 0x80009248 (0x01d99513) x10 0x00000000
core   0: 0x8000924c (0x00008f05) c.sub   a4, s1
core   0: 3 0x8000924c (0x8f05) x14 0x6d90919c
core   0: 0x8000924e (0x891c0093) addi    ra, s8, -1903
core   0: 3 0x8000924e (0x891c0093) x 1 0xfffffa40
core   0: 0x80009252 (0x00008f7d) c.and   a4, a5
core   0: 3 0x80009252 (0x8f7d) x14 0x00000000
core   0: 0x80009254 (0x00335d33) srl     s10, t1, gp
core   0: 3 0x80009254 (0x00335d33) x26 0x00000000
core   0: 0x80009258 (0x00006105) c.addi16sp sp, 32
core   0: 3 0x80009258 (0x6105) x 2 0x0000023a
core   0: 0x8000925a (0x00001300) c.addi4spn s0, sp, 416
core   0: 3 0x8000925a (0x1300) x 8 0x000003da
core   0: 0x8000925c (0x02a36eb3) rem     t4, t1, a0
core   0: 3 0x8000925c (0x02a36eb3) x29 0x00000000
core   0: 0x80009260 (0x00008e4d) c.or    a2, a1
core   0: 3 0x80009260 (0x8e4d) x12 0xe87f0000
core   0: 0x80009262 (0x032e30b3) mulhu   ra, t3, s2
core   0: 3 0x80009262 (0x032e30b3) x 1 0x00000000
core   0: 0x80009266 (0x01321b13) slli    s6, tp, 19
core   0: 3 0x80009266 (0x01321b13) x22 0x00080000
core   0: 0x8000926a (0x00009a7d) c.andi  a2, -1
core   0: 3 0x8000926a (0x9a7d) x12 0xe87f0000
core   0: 0x8000926c (0x00000580) c.addi4spn s0, sp, 704
core   0: 3 0x8000926c (0x0580) x 8 0x000004fa
core   0: 0x8000926e (0x03c17233) remu    tp, sp, t3
core   0: 3 0x8000926e (0x03c17233) x 4 0x0000023a
core   0: 0x80009272 (0x013c5993) srli    s3, s8, 19
core   0: 3 0x80009272 (0x013c5993) x19 0x00000000
core   0: 0x80009276 (0x03622f33) mulhsu  t5, tp, s6
core   0: 3 0x80009276 (0x03622f33) x30 0x00000000
core   0: 0x8000927a (0x024efdb3) remu    s11, t4, tp
core   0: 3 0x8000927a (0x024efdb3) x27 0x00000000
core   0: 0x8000927e (0x037fc033) div     zero, t6, s7
core   0: 3 0x8000927e (0x037fc033)
core   0: 0x80009282 (0x00ee48b3) xor     a7, t3, a4
core   0: 3 0x80009282 (0x00ee48b3) x17 0x00000000
core   0: 0x80009286 (0x00008c59) c.or    s0, a4
core   0: 3 0x80009286 (0x8c59) x 8 0x000004fa
core   0: 0x80009288 (0x00006335) c.lui   t1, 0xd
core   0: 3 0x80009288 (0x6335) x 6 0x0000d000
core   0: 0x8000928a (0x00009afd) c.andi  a3, -1
core   0: 3 0x8000928a (0x9afd) x13 0x00000000
core   0: 0x8000928c (0x00008922) c.mv    s2, s0
core   0: 3 0x8000928c (0x8922) x18 0x000004fa
core   0: 0x8000928e (0x00000480) c.addi4spn s0, sp, 576
core   0: 3 0x8000928e (0x0480) x 8 0x0000047a
core   0: 0x80009290 (0x00000001) c.nop
core   0: 3 0x80009290 (0x0001)
core   0: 0x80009292 (0x004765b3) or      a1, a4, tp
core   0: 3 0x80009292 (0x004765b3) x11 0x0000023a
core   0: 0x80009296 (0x019b0db3) add     s11, s6, s9
core   0: 3 0x80009296 (0x019b0db3) x27 0x00080000
core   0: 0x8000929a (0x80726593) ori     a1, tp, -2041
core   0: 3 0x8000929a (0x80726593) x11 0xfffffa3f
core   0: 0x8000929e (0x00000708) c.addi4spn a0, sp, 896
core   0: 3 0x8000929e (0x0708) x10 0x000005ba
core   0: 0x800092a0 (0x00006155) c.addi16sp sp, 304
core   0: 3 0x800092a0 (0x6155) x 2 0x0000036a
core   0: 0x800092a2 (0x0000717d) c.addi16sp sp, -16
core   0: 3 0x800092a2 (0x717d) x 2 0x0000035a
core   0: 0x800092a4 (0x02afd5b3) divu    a1, t6, a0
core   0: 3 0x800092a4 (0x02afd5b3) x11 0x00000000
core   0: 0x800092a8 (0x9be06613) ori     a2, zero, -1602
core   0: 3 0x800092a8 (0x9be06613) x12 0xfffff9be
core   0: 0x800092ac (0x52762613) slti    a2, a2, 1319
core   0: 3 0x800092ac (0x52762613) x12 0x00000001
core   0: 0x800092b0 (0x02b98db3) mul     s11, s3, a1
core   0: 3 0x800092b0 (0x02b98db3) x27 0x00000000
core   0: 0x800092b4 (0x00077b33) and     s6, a4, zero
core   0: 3 0x800092b4 (0x00077b33) x22 0x00000000
core   0: 0x800092b8 (0x01bacdb3) xor     s11, s5, s11
core   0: 3 0x800092b8 (0x01bacdb3) x27 0x00000001
core   0: 0x800092bc (0x0185d713) srli    a4, a1, 24
core   0: 3 0x800092bc (0x0185d713) x14 0x00000000
core   0: 0x800092c0 (0x00efc9b3) xor     s3, t6, a4
core   0: 3 0x800092c0 (0x00efc9b3) x19 0x00000000
core   0: 0x800092c4 (0x00001b7d) c.addi  s6, -1
core   0: 3 0x800092c4 (0x1b7d) x22 0xffffffff
core   0: 0x800092c6 (0x000082a9) c.srli  a3, 10
core   0: 3 0x800092c6 (0x82a9) x13 0x00000000
core   0: 0x800092c8 (0x025e5eb3) divu    t4, t3, t0
core   0: 3 0x800092c8 (0x025e5eb3) x29 0xffffffff
core   0: 0x800092cc (0x02ed79b3) remu    s3, s10, a4
core   0: 3 0x800092cc (0x02ed79b3) x19 0x00000000
core   0: 0x800092d0 (0x70157f93) andi    t6, a0, 1793
core   0: 3 0x800092d0 (0x70157f93) x31 0x00000500
core   0: 0x800092d4 (0x00ec5393) srli    t2, s8, 14
core   0: 3 0x800092d4 (0x00ec5393) x 7 0x00000000
core   0: 0x800092d8 (0x00009a7d) c.andi  a2, -1
core   0: 3 0x800092d8 (0x9a7d) x12 0x00000001
core   0: 0x800092da (0x00000a88) c.addi4spn a0, sp, 336
core   0: 3 0x800092da (0x0a88) x10 0x000004aa
core   0: 0x800092dc (0x00000409) c.addi  s0, 2
core   0: 3 0x800092dc (0x0409) x 8 0x0000047c
core   0: 0x800092de (0x01be1293) slli    t0, t3, 27
core   0: 3 0x800092de (0x01be1293) x 5 0x00000000
core   0: 0x800092e2 (0x00008edd) c.or    a3, a5
core   0: 3 0x800092e2 (0x8edd) x13 0x00000000
core   0: 0x800092e4 (0x413e5b33) sra     s6, t3, s3
core   0: 3 0x800092e4 (0x413e5b33) x22 0x00000000
core   0: 0x800092e8 (0x00008dd1) c.or    a1, a2
core   0: 3 0x800092e8 (0x8dd1) x11 0x00000001
core   0: 0x800092ea (0x00008a61) c.andi  a2, 24
core   0: 3 0x800092ea (0x8a61) x12 0x00000000
core   0: 0x800092ec (0x00008a2e) c.mv    s4, a1
core   0: 3 0x800092ec (0x8a2e) x20 0x00000001
core   0: 0x800092ee (0x03732333) mulhsu  t1, t1, s7
core   0: 3 0x800092ee (0x03732333) x 6 0x00000000
core   0: 0x800092f2 (0x00000f8c) c.addi4spn a1, sp, 976
core   0: 3 0x800092f2 (0x0f8c) x11 0x0000072a
core   0: 0x800092f4 (0x4083ce93) xori    t4, t2, 1032
core   0: 3 0x800092f4 (0x4083ce93) x29 0x00000408
core   0: 0x800092f8 (0x00008811) c.andi  s0, 4
core   0: 3 0x800092f8 (0x8811) x 8 0x00000004
core   0: 0x800092fa (0x01f97e33) and     t3, s2, t6
core   0: 3 0x800092fa (0x01f97e33) x28 0x00000400
core   0: 0x800092fe (0x01189693) slli    a3, a7, 17
core   0: 3 0x800092fe (0x01189693) x13 0x00000000
core   0: 0x80009302 (0x62b7c097) auipc   ra, 0x62b7c
core   0: 3 0x80009302 (0x62b7c097) x 1 0xe2b85302
core   0: 0x80009306 (0x03c4b1b3) mulhu   gp, s1, t3
core   0: 3 0x80009306 (0x03c4b1b3) x 3 0x00000200
core   0: 0x8000930a (0x0000987d) c.andi  s0, -1
core   0: 3 0x8000930a (0x987d) x 8 0x00000004
core   0: 0x8000930c (0x006dbb33) sltu    s6, s11, t1
core   0: 3 0x8000930c (0x006dbb33) x22 0x00000000
core   0: 0x80009310 (0x00001194) c.addi4spn a3, sp, 224
core   0: 3 0x80009310 (0x1194) x13 0x0000043a
core   0: 0x80009312 (0x00008ff1) c.and   a5, a2
core   0: 3 0x80009312 (0x8ff1) x15 0x00000000
core   0: 0x80009314 (0x03289db3) mulh    s11, a7, s2
core   0: 3 0x80009314 (0x03289db3) x27 0x00000000
core   0: 0x80009318 (0x036aaab3) mulhsu  s5, s5, s6
core   0: 3 0x80009318 (0x036aaab3) x21 0x00000000
core   0: 0x8000931c (0x022968b3) rem     a7, s2, sp
core   0: 3 0x8000931c (0x022968b3) x17 0x000001a0
core   0: 0x80009320 (0x00006161) c.addi16sp sp, 80
core   0: 3 0x80009320 (0x6161) x 2 0x000003aa
core   0: 0x80009322 (0x01889093) slli    ra, a7, 24
core   0: 3 0x80009322 (0x01889093) x 1 0xa0000000
core   0: 0x80009326 (0x000085b5) c.srai  a1, 13
core   0: 3 0x80009326 (0x85b5) x11 0x00000000
core   0: 0x80009328 (0x40118bb3) sub     s7, gp, ra
core   0: 3 0x80009328 (0x40118bb3) x23 0x60000200
core   0: 0x8000932c (0x022867b3) rem     a5, a6, sp
core   0: 3 0x8000932c (0x022867b3) x15 0xfffffd66
core   0: 0x80009330 (0x00000c66) c.slli  s8, 25
core   0: 3 0x80009330 (0x0c66) x24 0x5e000000
core   0: 0x80009332 (0x8805f313) andi    t1, a1, -1920
core   0: 3 0x80009332 (0x8805f313) x 6 0x00000000
core   0: 0x80009336 (0x029ec0b3) div     ra, t4, s1
core   0: 3 0x80009336 (0x029ec0b3) x 1 0x00000000
core   0: 0x8000933a (0x4878ce93) xori    t4, a7, 1159
core   0: 3 0x8000933a (0x4878ce93) x29 0x00000527
core   0: 0x8000933e (0x41c5d893) srai    a7, a1, 28
core   0: 3 0x8000933e (0x41c5d893) x17 0x00000000
core   0: 0x80009342 (0x02792c33) mulhsu  s8, s2, t2
core   0: 3 0x80009342 (0x02792c33) x24 0x00000000
core   0: 0x80009346 (0x03ebe533) rem     a0, s7, t5
core   0: 3 0x80009346 (0x03ebe533) x10 0x60000200
core   0: 0x8000934a (0x00008db9) c.xor   a1, a4
core   0: 3 0x8000934a (0x8db9) x11 0x00000000
core   0: 0x8000934c (0x00ad1e93) slli    t4, s10, 10
core   0: 3 0x8000934c (0x00ad1e93) x29 0x00000000
core   0: 0x80009350 (0xd20e6113) ori     sp, t3, -736
core   0: 3 0x80009350 (0xd20e6113) x 2 0xfffffd20
core   0: 0x80009354 (0x7a7a61b7) lui     gp, 0x7a7a6
core   0: 3 0x80009354 (0x7a7a61b7) x 3 0x7a7a6000
core   0: 0x80009358 (0xf2d8bf13) sltiu   t5, a7, -211
core   0: 3 0x80009358 (0xf2d8bf13) x30 0x00000001
core   0: 0x8000935c (0x01081693) slli    a3, a6, 16
core   0: 3 0x8000935c (0x01081693) x13 0x3ce40000
core   0: 0x80009360 (0x00008d5d) c.or    a0, a5
core   0: 3 0x80009360 (0x8d5d) x10 0xffffff66
core   0: 0x80009362 (0x02fa7b33) remu    s6, s4, a5
core   0: 3 0x80009362 (0x02fa7b33) x22 0x00000001
core   0: 0x80009366 (0x00000d98) c.addi4spn a4, sp, 720
core   0: 3 0x80009366 (0x0d98) x14 0xfffffff0
core   0: 0x80009368 (0xc6628a93) addi    s5, t0, -922
core   0: 3 0x80009368 (0xc6628a93) x21 0xfffffc66
core   0: 0x8000936c (0x00000001) c.nop
core   0: 3 0x8000936c (0x0001)
core   0: 0x8000936e (0x02bae2b3) rem     t0, s5, a1
core   0: 3 0x8000936e (0x02bae2b3) x 5 0xfffffc66
core   0: 0x80009372 (0x014e1fb3) sll     t6, t3, s4
core   0: 3 0x80009372 (0x014e1fb3) x31 0x00000800
core   0: 0x80009376 (0x00008fe9) c.and   a5, a0
core   0: 3 0x80009376 (0x8fe9) x15 0xfffffd66
core   0: 0x80009378 (0x00001dfd) c.addi  s11, -1
core   0: 3 0x80009378 (0x1dfd) x27 0xffffffff
core   0: 0x8000937a (0x00008f2e) c.mv    t5, a1
core   0: 3 0x8000937a (0x8f2e) x30 0x00000000
core   0: 0x8000937c (0x0000597d) c.li    s2, -1
core   0: 3 0x8000937c (0x597d) x18 0xffffffff
core   0: 0x8000937e (0x000061b5) c.lui   gp, 0xd
core   0: 3 0x8000937e (0x61b5) x 3 0x0000d000
core   0: 0x80009380 (0x0000070c) c.addi4spn a1, sp, 896
core   0: 3 0x80009380 (0x070c) x11 0x000000a0
core   0: 0x80009382 (0x00124433) xor     s0, tp, ra
core   0: 3 0x80009382 (0x00124433) x 8 0x0000023a
core   0: 0x80009386 (0x03415ab3) divu    s5, sp, s4
core   0: 3 0x80009386 (0x03415ab3) x21 0xfffffd20
core   0: 0x8000938a (0x0247cfb3) div     t6, a5, tp
core   0: 3 0x8000938a (0x0247cfb3) x31 0xffffffff
core   0: 0x8000938e (0x0424be93) sltiu   t4, s1, 66
core   0: 3 0x8000938e (0x0424be93) x29 0x00000000
core   0: 0x80009392 (0x02b96eb3) rem     t4, s2, a1
core   0: 3 0x80009392 (0x02b96eb3) x29 0xffffffff
core   0: 0x80009396 (0x41ff00b3) sub     ra, t5, t6
core   0: 3 0x80009396 (0x41ff00b3) x 1 0x00000001
core   0: 0x8000939a (0x0000862d) c.srai  a2, 11
core   0: 3 0x8000939a (0x862d) x12 0x00000000
core   0: 0x8000939c (0x017f0033) add     zero, t5, s7
core   0: 3 0x8000939c (0x017f0033)
core   0: 0x800093a0 (0x017d2a33) slt     s4, s10, s7
core   0: 3 0x800093a0 (0x017d2a33) x20 0x00000001
core   0: 0x800093a4 (0x41a781b3) sub     gp, a5, s10
core   0: 3 0x800093a4 (0x41a781b3) x 3 0xfffffd66
core   0: 0x800093a8 (0x017a5c33) srl     s8, s4, s7
core   0: 3 0x800093a8 (0x017a5c33) x24 0x00000001
core   0: 0x800093ac (0x0000913a) c.add   sp, a4
core   0: 3 0x800093ac (0x913a) x 2 0xfffffd10
core   0: 0x800093ae (0x03086233) rem     tp, a6, a6
core   0: 3 0x800093ae (0x03086233) x 4 0x00000000
core   0: 0x800093b2 (0x2360f717) auipc   a4, 0x2360f
core   0: 3 0x800093b2 (0x2360f717) x14 0xa36183b2
core   0: 0x800093b6 (0x0193dc13) srli    s8, t2, 25
core   0: 3 0x800093b6 (0x0193dc13) x24 0x00000000
core   0: 0x800093ba (0x00005efd) c.li    t4, -1
core   0: 3 0x800093ba (0x5efd) x29 0xffffffff
core   0: 0x800093bc (0x41e38eb3) sub     t4, t2, t5
core   0: 3 0x800093bc (0x41e38eb3) x29 0x00000000
core   0: 0x800093c0 (0x0018d393) srli    t2, a7, 1
core   0: 3 0x800093c0 (0x0018d393) x 7 0x00000000
core   0: 0x800093c4 (0x2e4a6e93) ori     t4, s4, 740
core   0: 3 0x800093c4 (0x2e4a6e93) x29 0x000002e5
core   0: 0x800093c8 (0x00000321) c.addi  t1, 8
core   0: 3 0x800093c8 (0x0321) x 6 0x00000008
core   0: 0x800093ca (0x03e80433) mul     s0, a6, t5
core   0: 3 0x800093ca (0x03e80433) x 8 0x00000000
core   0: 0x800093ce (0x00008fb1) c.xor   a5, a2
core   0: 3 0x800093ce (0x8fb1) x15 0xfffffd66
core   0: 0x800093d0 (0x00000001) c.nop
core   0: 3 0x800093d0 (0x0001)
core   0: 0x800093d2 (0x03cbf9b3) remu    s3, s7, t3
core   0: 3 0x800093d2 (0x03cbf9b3) x19 0x00000200
core   0: 0x800093d6 (0x000098d6) c.add   a7, s5
core   0: 3 0x800093d6 (0x98d6) x17 0xfffffd20
core   0: 0x800093d8 (0x00b5dfb3) srl     t6, a1, a1
core   0: 3 0x800093d8 (0x00b5dfb3) x31 0x000000a0
core   0: 0x800093dc (0x03119133) mulh    sp, gp, a7
core   0: 3 0x800093dc (0x03119133) x 2 0x00000000
core   0: 0x800093e0 (0x03b21b33) mulh    s6, tp, s11
core   0: 3 0x800093e0 (0x03b21b33) x22 0x00000000
core   0: 0x800093e4 (0x00001900) c.addi4spn s0, sp, 176
core   0: 3 0x800093e4 (0x1900) x 8 0x000000b0
core   0: 0x800093e6 (0x40a758b3) sra     a7, a4, a0
core   0: 3 0x800093e6 (0x40a758b3) x17 0xfe8d860e
core   0: 0x800093ea (0x03aceb33) rem     s6, s9, s10
core   0: 3 0x800093ea (0x03aceb33) x22 0x00000000
core   0: 0x800093ee (0x0103a233) slt     tp, t2, a6
core   0: 3 0x800093ee (0x0103a233) x 4 0x00000000
core   0: 0x800093f2 (0x00000001) c.nop
core   0: 3 0x800093f2 (0x0001)
core   0: 0x800093f4 (0x039f5db3) divu    s11, t5, s9
core   0: 3 0x800093f4 (0x039f5db3) x27 0xffffffff
core   0: 0x800093f8 (0x75344a13) xori    s4, s0, 1875
core   0: 3 0x800093f8 (0x75344a13) x20 0x000007e3
core   0: 0x800093fc (0x162ac693) xori    a3, s5, 354
core   0: 3 0x800093fc (0x162ac693) x13 0xfffffc42
core   0: 0x80009400 (0x027230b3) mulhu   ra, tp, t2
core   0: 3 0x80009400 (0x027230b3) x 1 0x00000000
core   0: 0x80009404 (0x00005a7d) c.li    s4, -1
core   0: 3 0x80009404 (0x5a7d) x20 0xffffffff
core   0: 0x80009406 (0x85568413) addi    s0, a3, -1963
core   0: 3 0x80009406 (0x85568413) x 8 0xfffff497
core   0: 0x8000940a (0x00008041) c.srli  s0, 16
core   0: 3 0x8000940a (0x8041) x 8 0x0000ffff
core   0: 0x8000940c (0xd108fc13) andi    s8, a7, -752
core   0: 3 0x8000940c (0xd108fc13) x24 0xfe8d8400
core   0: 0x80009410 (0x00008fb9) c.xor   a5, a4
core   0: 3 0x80009410 (0x8fb9) x15 0x5c9e7ed4
core   0: 0x80009412 (0x016c3db3) sltu    s11, s8, s6
core   0: 3 0x80009412 (0x016c3db3) x27 0x00000000
core   0: 0x80009416 (0x81337413) andi    s0, t1, -2029
core   0: 3 0x80009416 (0x81337413) x 8 0x00000000
core   0: 0x8000941a (0x00000001) c.nop
core   0: 3 0x8000941a (0x0001)
core   0: 0x8000941c (0x00715eb3) srl     t4, sp, t2
core   0: 3 0x8000941c (0x00715eb3) x29 0x00000000
core   0: 0x80009420 (0x01b19b13) slli    s6, gp, 27
core   0: 3 0x80009420 (0x01b19b13) x22 0x30000000
core   0: 0x80009424 (0x41f28333) sub     t1, t0, t6
core   0: 3 0x80009424 (0x41f28333) x 6 0xfffffbc6
core   0: 0x80009428 (0x00053233) sltu    tp, a0, zero
core   0: 3 0x80009428 (0x00053233) x 4 0x00000000
core   0: 0x8000942c (0x01994c33) xor     s8, s2, s9
core   0: 3 0x8000942c (0x01994c33) x24 0xffffffff
core   0: 0x80009430 (0x6285f937) lui     s2, 0x6285f
core   0: 3 0x80009430 (0x6285f937) x18 0x6285f000
core   0: 0x80009434 (0x0000717d) c.addi16sp sp, -16
core   0: 3 0x80009434 (0x717d) x 2 0xfffffff0
core   0: 0x80009436 (0x000019fd) c.addi  s3, -1
core   0: 3 0x80009436 (0x19fd) x19 0x000001ff
core   0: 0x80009438 (0x000082fe) c.mv    t0, t6
core   0: 3 0x80009438 (0x82fe) x 5 0x000000a0
core   0: 0x8000943a (0x0319c5b3) div     a1, s3, a7
core   0: 3 0x8000943a (0x0319c5b3) x11 0x00000000
core   0: 0x8000943e (0x014df033) and     zero, s11, s4
core   0: 3 0x8000943e (0x014df033)
core   0: 0x80009442 (0x000086b5) c.srai  a3, 13
core   0: 3 0x80009442 (0x86b5) x13 0xffffffff
core   0: 0x80009444 (0x00eb9913) slli    s2, s7, 14
core   0: 3 0x80009444 (0x00eb9913) x18 0x00800000
core   0: 0x80009448 (0x00009bfd) c.andi  a5, -1
core   0: 3 0x80009448 (0x9bfd) x15 0x5c9e7ed4
core   0: 0x8000944a (0x022c6eb3) rem     t4, s8, sp
core   0: 3 0x8000944a (0x022c6eb3) x29 0xffffffff
core   0: 0x8000944e (0x00008a86) c.mv    s5, ra
core   0: 3 0x8000944e (0x8a86) x21 0x00000000
core   0: 0x80009450 (0x00008515) c.srai  a0, 5
core   0: 3 0x80009450 (0x8515) x10 0xfffffffb
core   0: 0x80009452 (0x000081f6) c.mv    gp, t4
core   0: 3 0x80009452 (0x81f6) x 3 0xffffffff
core   0: 0x80009454 (0x0392d7b3) divu    a5, t0, s9
core   0: 3 0x80009454 (0x0392d7b3) x15 0xffffffff
core   0: 0x80009458 (0x0000717d) c.addi16sp sp, -16
core   0: 3 0x80009458 (0x717d) x 2 0xffffffe0
core   0: 0x8000945a (0x01b12db3) slt     s11, sp, s11
core   0: 3 0x8000945a (0x01b12db3) x27 0x00000001
core   0: 0x8000945e (0x00749d93) slli    s11, s1, 7
core   0: 3 0x8000945e (0x00749d93) x27 0x007f3200
core   0: 0x80009462 (0x03c89433) mulh    s0, a7, t3
core   0: 3 0x80009462 (0x03c89433) x 8 0xfffffffa
core   0: 0x80009466 (0x031cc133) div     sp, s9, a7
core   0: 3 0x80009466 (0x031cc133) x 2 0x00000000
core   0: 0x8000946a (0xa710ea13) ori     s4, ra, -1423
core   0: 3 0x8000946a (0xa710ea13) x20 0xfffffa71
core   0: 0x8000946e (0x014e9c13) slli    s8, t4, 20
core   0: 3 0x8000946e (0x014e9c13) x24 0xfff00000
core   0: 0x80009472 (0x00006951) c.lui   s2, 0x14
core   0: 3 0x80009472 (0x6951) x18 0x00014000
core   0: 0x80009474 (0x00008bb5) c.andi  a5, 13
core   0: 3 0x80009474 (0x8bb5) x15 0x0000000d
core   0: 0x80009476 (0xb8d8cc13) xori    s8, a7, -1139
core   0: 3 0x80009476 (0xb8d8cc13) x24 0x01727d83
core   0: 0x8000947a (0x41155a13) srai    s4, a0, 17
core   0: 3 0x8000947a (0x41155a13) x20 0xffffffff
core   0: 0x8000947e (0xb7e16513) ori     a0, sp, -1154
core   0: 3 0x8000947e (0xb7e16513) x10 0xfffffb7e
core   0: 0x80009482 (0x5876b193) sltiu   gp, a3, 1415
core   0: 3 0x80009482 (0x5876b193) x 3 0x00000000
core   0: 0x80009486 (0x00643133) sltu    sp, s0, t1
core   0: 3 0x80009486 (0x00643133) x 2 0x00000000
core   0: 0x8000948a (0x01a2ae33) slt     t3, t0, s10
core   0: 3 0x8000948a (0x01a2ae33) x28 0x00000000
core   0: 0x8000948e (0x00008c55) c.or    s0, a3
core   0: 3 0x8000948e (0x8c55) x 8 0xffffffff
core   0: 0x80009490 (0x0000717d) c.addi16sp sp, -16
core   0: 3 0x80009490 (0x717d) x 2 0xfffffff0
core   0: 0x80009492 (0x00000d1c) c.addi4spn a5, sp, 656
core   0: 3 0x80009492 (0x0d1c) x15 0x00000280
core   0: 0x80009494 (0x00006575) c.lui   a0, 0x1d
core   0: 3 0x80009494 (0x6575) x10 0x0001d000
core   0: 0x80009496 (0x034a1eb3) mulh    t4, s4, s4
core   0: 3 0x80009496 (0x034a1eb3) x29 0x00000000
core   0: 0x8000949a (0x1cba3013) sltiu   zero, s4, 459
core   0: 3 0x8000949a (0x1cba3013)
core   0: 0x8000949e (0x036ce733) rem     a4, s9, s6
core   0: 3 0x8000949e (0x036ce733) x14 0x00000000
core   0: 0x800094a2 (0xf2adea93) ori     s5, s11, -214
core   0: 3 0x800094a2 (0xf2adea93) x21 0xffffff2a
core   0: 0x800094a6 (0x007e5d13) srli    s10, t3, 7
core   0: 3 0x800094a6 (0x007e5d13) x26 0x00000000
core   0: 0x800094aa (0x41cfdab3) sra     s5, t6, t3
core   0: 3 0x800094aa (0x41cfdab3) x21 0x000000a0
core   0: 0x800094ae (0x03dc96b3) mulh    a3, s9, t4
core   0: 3 0x800094ae (0x03dc96b3) x13 0x00000000
core   0: 0x800094b2 (0x02bebe93) sltiu   t4, t4, 43
core   0: 3 0x800094b2 (0x02bebe93) x29 0x00000001
core   0: 0x800094b6 (0x0339f933) remu    s2, s3, s3
core   0: 3 0x800094b6 (0x0339f933) x18 0x00000000
core   0: 0x800094ba (0x00008f1d) c.sub   a4, a5
core   0: 3 0x800094ba (0x8f1d) x14 0xfffffd80
core   0: 0x800094bc (0x0000147d) c.addi  s0, -1
core   0: 3 0x800094bc (0x147d) x 8 0xfffffffe
core   0: 0x800094be (0x41fc5513) srai    a0, s8, 31
core   0: 3 0x800094be (0x41fc5513) x10 0x00000000
core   0: 0x800094c2 (0x00006da9) c.lui   s11, 0xa
core   0: 3 0x800094c2 (0x6da9) x27 0x0000a000
core   0: 0x800094c4 (0x41bf50b3) sra     ra, t5, s11
core   0: 3 0x800094c4 (0x41bf50b3) x 1 0x00000000
core   0: 0x800094c8 (0x00008c71) c.and   s0, a2
core   0: 3 0x800094c8 (0x8c71) x 8 0x00000000
core   0: 0x800094ca (0x0076be33) sltu    t3, a3, t2
core   0: 3 0x800094ca (0x0076be33) x28 0x00000000
core   0: 0x800094ce (0x01599a33) sll     s4, s3, s5
core   0: 3 0x800094ce (0x01599a33) x20 0x000001ff
core   0: 0x800094d2 (0x0355ed33) rem     s10, a1, s5
core   0: 3 0x800094d2 (0x0355ed33) x26 0x00000000
core   0: 0x800094d6 (0x013e5613) srli    a2, t3, 19
core   0: 3 0x800094d6 (0x013e5613) x12 0x00000000
core   0: 0x800094da (0xca01c593) xori    a1, gp, -864
core   0: 3 0x800094da (0xca01c593) x11 0xfffffca0
core   0: 0x800094de (0x41670233) sub     tp, a4, s6
core   0: 3 0x800094de (0x41670233) x 4 0xcffffd80
core   0: 0x800094e2 (0x01355413) srli    s0, a0, 19
core   0: 3 0x800094e2 (0x01355413) x 8 0x00000000
core   0: 0x800094e6 (0xc1af8b37) lui     s6, 0xc1af8
core   0: 3 0x800094e6 (0xc1af8b37) x22 0xc1af8000
core   0: 0x800094ea (0x00009c26) c.add   s8, s1
core   0: 3 0x800094ea (0x9c26) x24 0x81737be7
core   0: 0x800094ec (0x024e8e33) mul     t3, t4, tp
core   0: 3 0x800094ec (0x024e8e33) x28 0xcffffd80
core   0: 0x800094f0 (0x00000a1a) c.slli  s4, 6
core   0: 3 0x800094f0 (0x0a1a) x20 0x00007fc0
core   0: 0x800094f2 (0x00008d89) c.sub   a1, a0
core   0: 3 0x800094f2 (0x8d89) x11 0xfffffca0
core   0: 0x800094f4 (0xc19b8097) auipc   ra, 0xc19b8
core   0: 3 0x800094f4 (0xc19b8097) x 1 0x419c14f4
core   0: 0x800094f8 (0x000006fa) c.slli  a3, 30
core   0: 3 0x800094f8 (0x06fa) x13 0x00000000
core   0: 0x800094fa (0x00009a8a) c.add   s5, sp
core   0: 3 0x800094fa (0x9a8a) x21 0x00000090
core   0: 0x800094fc (0xefaf9937) lui     s2, 0xefaf9
core   0: 3 0x800094fc (0xefaf9937) x18 0xefaf9000
core   0: 0x80009500 (0x00004e55) c.li    t3, 21
core   0: 3 0x80009500 (0x4e55) x28 0x00000015
core   0: 0x80009502 (0x00000001) c.nop
core   0: 3 0x80009502 (0x0001)
core   0: 0x80009504 (0x413dde33) sra     t3, s11, s3
core   0: 3 0x80009504 (0x413dde33) x28 0x00000000
core   0: 0x80009508 (0xa6206293) ori     t0, zero, -1438
core   0: 3 0x80009508 (0xa6206293) x 5 0xfffffa62
core   0: 0x8000950c (0x00000d6a) c.slli  s10, 26
core   0: 3 0x8000950c (0x0d6a) x26 0x00000000
core   0: 0x8000950e (0xb2e16a17) auipc   s4, 0xb2e16
core   0: 3 0x8000950e (0xb2e16a17) x20 0x32e1f50e
core   0: 0x80009512 (0x0000612d) c.addi16sp sp, 224
core   0: 3 0x80009512 (0x612d) x 2 0x000000d0
core   0: 0x80009514 (0x01a2f733) and     a4, t0, s10
core   0: 3 0x80009514 (0x01a2f733) x14 0x00000000
core   0: 0x80009518 (0xb6171117) auipc   sp, 0xb6171
core   0: 3 0x80009518 (0xb6171117) x 2 0x3617a518
core   0: 0x8000951c (0x12e5f613) andi    a2, a1, 302
core   0: 3 0x8000951c (0x12e5f613) x12 0x00000020
core   0: 0x80009520 (0x0000858d) c.srai  a1, 3
core   0: 3 0x80009520 (0x858d) x11 0xffffff94
core   0: 0x80009522 (0x029cb1b3) mulhu   gp, s9, s1
core   0: 3 0x80009522 (0x029cb1b3) x 3 0x00000000
core   0: 0x80009526 (0x00008f49) c.or    a4, a0
core   0: 3 0x80009526 (0x8f49) x14 0x00000000
core   0: 0x80009528 (0xb27bb113) sltiu   sp, s7, -1241
core   0: 3 0x80009528 (0xb27bb113) x 2 0x00000001
core   0: 0x8000952c (0x03429ab3) mulh    s5, t0, s4
core   0: 3 0x8000952c (0x03429ab3) x21 0xfffffee2
core   0: 0x80009530 (0x00000001) c.nop
core   0: 3 0x80009530 (0x0001)
core   0: 0x80009532 (0x00a96c33) or      s8, s2, a0
core   0: 3 0x80009532 (0x00a96c33) x24 0xefaf9000
core   0: 0x80009536 (0x000082cd) c.srli  a3, 19
core   0: 3 0x80009536 (0x82cd) x13 0x00000000
core   0: 0x80009538 (0x00008155) c.srli  a0, 21
core   0: 3 0x80009538 (0x8155) x10 0x00000000
core   0: 0x8000953a (0x00000c2d) c.addi  s8, 11
core   0: 3 0x8000953a (0x0c2d) x24 0xefaf900b
core   0: 0x8000953c (0x0212bc33) mulhu   s8, t0, ra
core   0: 3 0x8000953c (0x0212bc33) x24 0x419c1383
core   0: 0x80009540 (0x023a0333) mul     t1, s4, gp
core   0: 3 0x80009540 (0x023a0333) x 6 0x00000000
core   0: 0x80009544 (0x4087d193) srai    gp, a5, 8
core   0: 3 0x80009544 (0x4087d193) x 3 0x00000002
core   0: 0x80009548 (0xaf9a6393) ori     t2, s4, -1287
core   0: 3 0x80009548 (0xaf9a6393) x 7 0xffffffff
core   0: 0x8000954c (0x41e7d333) sra     t1, a5, t5
core   0: 3 0x8000954c (0x41e7d333) x 6 0x00000280
core   0: 0x80009550 (0x00142c33) slt     s8, s0, ra
core   0: 3 0x80009550 (0x00142c33) x24 0x00000001
core   0: 0x80009554 (0x03222933) mulhsu  s2, tp, s2
core   0: 3 0x80009554 (0x03222933) x18 0xd30f12a8
core   0: 0x80009558 (0x009d5193) srli    gp, s10, 9
core   0: 3 0x80009558 (0x009d5193) x 3 0x00000000
core   0: 0x8000955c (0x40f30ab3) sub     s5, t1, a5
core   0: 3 0x8000955c (0x40f30ab3) x21 0x00000000
core   0: 0x80009560 (0x51e62713) slti    a4, a2, 1310
core   0: 3 0x80009560 (0x51e62713) x14 0x00000001
core   0: 0x80009564 (0x000d0db3) add     s11, s10, zero
core   0: 3 0x80009564 (0x000d0db3) x27 0x00000000
core   0: 0x80009568 (0x00000001) c.nop
core   0: 3 0x80009568 (0x0001)
core   0: 0x8000956a (0x8c626b37) lui     s6, 0x8c626
core   0: 3 0x8000956a (0x8c626b37) x22 0x8c626000
core   0: 0x8000956e (0x007f9fb3) sll     t6, t6, t2
core   0: 3 0x8000956e (0x007f9fb3) x31 0x00000000
core   0: 0x80009572 (0x00008539) c.srai  a0, 14
core   0: 3 0x80009572 (0x8539) x10 0x00000000
core   0: 0x80009574 (0x00008e19) c.sub   a2, a4
core   0: 3 0x80009574 (0x8e19) x12 0x0000001f
core   0: 0x80009576 (0x037930b3) mulhu   ra, s2, s7
core   0: 3 0x80009576 (0x037930b3) x 1 0x4f25a8a5
core   0: 0x8000957a (0x01f9adb3) slt     s11, s3, t6
core   0: 3 0x8000957a (0x01f9adb3) x27 0x00000000
core   0: 0x8000957e (0x031c4ab3) div     s5, s8, a7
core   0: 3 0x8000957e (0x031c4ab3) x21 0x00000000
core   0: 0x80009582 (0x0045df13) srli    t5, a1, 4
core   0: 3 0x80009582 (0x0045df13) x30 0x0ffffff9
core   0: 0x80009586 (0xef638513) addi    a0, t2, -266
core   0: 3 0x80009586 (0xef638513) x10 0xfffffef5
core   0: 0x8000958a (0x0d708c13) addi    s8, ra, 215
core   0: 3 0x8000958a (0x0d708c13) x24 0x4f25a97c
core   0: 0x8000958e (0x00008235) c.srli  a2, 13
core   0: 3 0x8000958e (0x8235) x12 0x00000000
core   0: 0x80009590 (0x00000c97) auipc   s9, 0x0
core   0: 3 0x80009590 (0x00000c97) x25 0x80009590
core   0: 0x80009594 (0x00cc8c93) addi    s9, s9, 12
core   0: 3 0x80009594 (0x00cc8c93) x25 0x8000959c
core   0: 0x80009598 (0x000c8067) jr      s9
core   0: 3 0x80009598 (0x000c8067)
core   0: 0x8000959c (0x00004185) c.li    gp, 1
core   0: 3 0x8000959c (0x4185) x 3 0x00000001
core   0: 0x8000959e (0x00000073) ecall
core   0: exception trap_machine_ecall, epc 0x8000959e
core   0: >>>>  mtvec_handler
core   0: 0x80009eb0 (0x0400006f) j       pc + 0x40
core   0: 3 0x80009eb0 (0x0400006f)
core   0: 0x80009ef0 (0x00001871) c.addi  a6, -4
core   0: 3 0x80009ef0 (0x1871) x16 0x80013ce0
core   0: 0x80009ef2 (0x00982023) sw      s1, 0(a6)
core   0: 3 0x80009ef2 (0x00982023) mem 0x80013ce0 0x8000fe64
core   0: 0x80009ef6 (0x000804b3) add     s1, a6, zero
core   0: 3 0x80009ef6 (0x000804b3) x 9 0x80013ce0
core   0: 0x80009efa (0xf8048493) addi    s1, s1, -128
core   0: 3 0x80009efa (0xf8048493) x 9 0x80013c60
core   0: 0x80009efe (0x0014a223) sw      ra, 4(s1)
core   0: 3 0x80009efe (0x0014a223) mem 0x80013c64 0x4f25a8a5
core   0: 0x80009f02 (0x0024a423) sw      sp, 8(s1)
core   0: 3 0x80009f02 (0x0024a423) mem 0x80013c68 0x00000001
core   0: 0x80009f06 (0x0034a623) sw      gp, 12(s1)
core   0: 3 0x80009f06 (0x0034a623) mem 0x80013c6c 0x00000001
core   0: 0x80009f0a (0x0044a823) sw      tp, 16(s1)
core   0: 3 0x80009f0a (0x0044a823) mem 0x80013c70 0xcffffd80
core   0: 0x80009f0e (0x0054aa23) sw      t0, 20(s1)
core   0: 3 0x80009f0e (0x0054aa23) mem 0x80013c74 0xfffffa62
core   0: 0x80009f12 (0x0064ac23) sw      t1, 24(s1)
core   0: 3 0x80009f12 (0x0064ac23) mem 0x80013c78 0x00000280
core   0: 0x80009f16 (0x0074ae23) sw      t2, 28(s1)
core   0: 3 0x80009f16 (0x0074ae23) mem 0x80013c7c 0xffffffff
core   0: 0x80009f1a (0x0000d080) c.sw    s0, 32(s1)
core   0: 3 0x80009f1a (0xd080) mem 0x80013c80 0x00000000
core   0: 0x80009f1c (0x0000d0c4) c.sw    s1, 36(s1)
core   0: 3 0x80009f1c (0xd0c4) mem 0x80013c84 0x80013c60
core   0: 0x80009f1e (0x0000d488) c.sw    a0, 40(s1)
core   0: 3 0x80009f1e (0xd488) mem 0x80013c88 0xfffffef5
core   0: 0x80009f20 (0x0000d4cc) c.sw    a1, 44(s1)
core   0: 3 0x80009f20 (0xd4cc) mem 0x80013c8c 0xffffff94
core   0: 0x80009f22 (0x0000d890) c.sw    a2, 48(s1)
core   0: 3 0x80009f22 (0xd890) mem 0x80013c90 0x00000000
core   0: 0x80009f24 (0x0000d8d4) c.sw    a3, 52(s1)
core   0: 3 0x80009f24 (0xd8d4) mem 0x80013c94 0x00000000
core   0: 0x80009f26 (0x0000dc98) c.sw    a4, 56(s1)
core   0: 3 0x80009f26 (0xdc98) mem 0x80013c98 0x00000001
core   0: 0x80009f28 (0x0000dcdc) c.sw    a5, 60(s1)
core   0: 3 0x80009f28 (0xdcdc) mem 0x80013c9c 0x00000280
core   0: 0x80009f2a (0x0504a023) sw      a6, 64(s1)
core   0: 3 0x80009f2a (0x0504a023) mem 0x80013ca0 0x80013ce0
core   0: 0x80009f2e (0x0514a223) sw      a7, 68(s1)
core   0: 3 0x80009f2e (0x0514a223) mem 0x80013ca4 0xfe8d860e
core   0: 0x80009f32 (0x0524a423) sw      s2, 72(s1)
core   0: 3 0x80009f32 (0x0524a423) mem 0x80013ca8 0xd30f12a8
core   0: 0x80009f36 (0x0534a623) sw      s3, 76(s1)
core   0: 3 0x80009f36 (0x0534a623) mem 0x80013cac 0x000001ff
core   0: 0x80009f3a (0x0544a823) sw      s4, 80(s1)
core   0: 3 0x80009f3a (0x0544a823) mem 0x80013cb0 0x32e1f50e
core   0: 0x80009f3e (0x0554aa23) sw      s5, 84(s1)
core   0: 3 0x80009f3e (0x0554aa23) mem 0x80013cb4 0x00000000
core   0: 0x80009f42 (0x0564ac23) sw      s6, 88(s1)
core   0: 3 0x80009f42 (0x0564ac23) mem 0x80013cb8 0x8c626000
core   0: 0x80009f46 (0x0574ae23) sw      s7, 92(s1)
core   0: 3 0x80009f46 (0x0574ae23) mem 0x80013cbc 0x60000200
core   0: 0x80009f4a (0x0784a023) sw      s8, 96(s1)
core   0: 3 0x80009f4a (0x0784a023) mem 0x80013cc0 0x4f25a97c
core   0: 0x80009f4e (0x0794a223) sw      s9, 100(s1)
core   0: 3 0x80009f4e (0x0794a223) mem 0x80013cc4 0x8000959c
core   0: 0x80009f52 (0x07a4a423) sw      s10, 104(s1)
core   0: 3 0x80009f52 (0x07a4a423) mem 0x80013cc8 0x00000000
core   0: 0x80009f56 (0x07b4a623) sw      s11, 108(s1)
core   0: 3 0x80009f56 (0x07b4a623) mem 0x80013ccc 0x00000000
core   0: 0x80009f5a (0x07c4a823) sw      t3, 112(s1)
core   0: 3 0x80009f5a (0x07c4a823) mem 0x80013cd0 0x00000000
core   0: 0x80009f5e (0x07d4aa23) sw      t4, 116(s1)
core   0: 3 0x80009f5e (0x07d4aa23) mem 0x80013cd4 0x00000001
core   0: 0x80009f62 (0x07e4ac23) sw      t5, 120(s1)
core   0: 3 0x80009f62 (0x07e4ac23) mem 0x80013cd8 0x0ffffff9
core   0: 0x80009f66 (0x07f4ae23) sw      t6, 124(s1)
core   0: 3 0x80009f66 (0x07f4ae23) mem 0x80013cdc 0x00000000
core   0: 0x80009f6a (0x00048833) add     a6, s1, zero
core   0: 3 0x80009f6a (0x00048833) x16 0x80013c60
core   0: 0x80009f6e (0x34102173) csrr    sp, mepc
core   0: 3 0x80009f6e (0x34102173) x 2 0x8000959e
core   0: 0x80009f72 (0x34202173) csrr    sp, mcause
core   0: 3 0x80009f72 (0x34202173) x 2 0x0000000b
core   0: 0x80009f76 (0x0000490d) c.li    s2, 3
core   0: 3 0x80009f76 (0x490d) x18 0x00000003
core   0: 0x80009f78 (0x23210563) beq     sp, s2, pc + 554
core   0: 3 0x80009f78 (0x23210563)
core   0: 0x80009f7c (0x00004921) c.li    s2, 8
core   0: 3 0x80009f7c (0x4921) x18 0x00000008
core   0: 0x80009f7e (0x05210563) beq     sp, s2, pc + 74
core   0: 3 0x80009f7e (0x05210563)
core   0: 0x80009f82 (0x00004925) c.li    s2, 9
core   0: 3 0x80009f82 (0x4925) x18 0x00000009
core   0: 0x80009f84 (0x05210263) beq     sp, s2, pc + 68
core   0: 3 0x80009f84 (0x05210263)
core   0: 0x80009f88 (0x0000492d) c.li    s2, 11
core   0: 3 0x80009f88 (0x492d) x18 0x0000000b
core   0: 0x80009f8a (0x03210f63) beq     sp, s2, pc + 62
core   0: 3 0x80009f8a (0x03210f63)
core   0: 0x80009fc8 (0xffff6117) auipc   sp, 0xffff6
core   0: 3 0x80009fc8 (0xffff6117) x 2 0x7fffffc8
core   0: 0x80009fcc (0x03810113) addi    sp, sp, 56
core   0: 3 0x80009fcc (0x03810113) x 2 0x80000000
core   0: 0x80009fd0 (0x0000c002) c.swsp  zero, 0(sp)
core   0: 3 0x80009fd0 (0xc002) mem 0x80000000 0x00000000
core   0: 0x80009fd2 (0x0000c206) c.swsp  ra, 4(sp)
core   0: 3 0x80009fd2 (0xc206) mem 0x80000004 0x4f25a8a5
core   0: 0x80009fd4 (0x0000c40a) c.swsp  sp, 8(sp)
core   0: 3 0x80009fd4 (0xc40a) mem 0x80000008 0x80000000
core   0: 0x80009fd6 (0x0000c60e) c.swsp  gp, 12(sp)
core   0: 3 0x80009fd6 (0xc60e) mem 0x8000000c 0x00000001
core   0: 0x80009fd8 (0x0000c812) c.swsp  tp, 16(sp)
core   0: 3 0x80009fd8 (0xc812) mem 0x80000010 0xcffffd80
core   0: 0x80009fda (0x0000ca16) c.swsp  t0, 20(sp)
core   0: 3 0x80009fda (0xca16) mem 0x80000014 0xfffffa62
core   0: 0x80009fdc (0x0000cc1a) c.swsp  t1, 24(sp)
core   0: 3 0x80009fdc (0xcc1a) mem 0x80000018 0x00000280
core   0: 0x80009fde (0x0000ce1e) c.swsp  t2, 28(sp)
core   0: 3 0x80009fde (0xce1e) mem 0x8000001c 0xffffffff
core   0: 0x80009fe0 (0x0000d022) c.swsp  s0, 32(sp)
core   0: 3 0x80009fe0 (0xd022) mem 0x80000020 0x00000000
core   0: 0x80009fe2 (0x0000d226) c.swsp  s1, 36(sp)
core   0: 3 0x80009fe2 (0xd226) mem 0x80000024 0x80013c60
core   0: 0x80009fe4 (0x0000d42a) c.swsp  a0, 40(sp)
core   0: 3 0x80009fe4 (0xd42a) mem 0x80000028 0xfffffef5
core   0: 0x80009fe6 (0x0000d62e) c.swsp  a1, 44(sp)
core   0: 3 0x80009fe6 (0xd62e) mem 0x8000002c 0xffffff94
core   0: 0x80009fe8 (0x0000d832) c.swsp  a2, 48(sp)
core   0: 3 0x80009fe8 (0xd832) mem 0x80000030 0x00000000
core   0: 0x80009fea (0x0000da36) c.swsp  a3, 52(sp)
core   0: 3 0x80009fea (0xda36) mem 0x80000034 0x00000000
core   0: 0x80009fec (0x0000dc3a) c.swsp  a4, 56(sp)
core   0: 3 0x80009fec (0xdc3a) mem 0x80000038 0x00000001
core   0: 0x80009fee (0x0000de3e) c.swsp  a5, 60(sp)
core   0: 3 0x80009fee (0xde3e) mem 0x8000003c 0x00000280
core   0: 0x80009ff0 (0x0000c0c2) c.swsp  a6, 64(sp)
core   0: 3 0x80009ff0 (0xc0c2) mem 0x80000040 0x80013c60
core   0: 0x80009ff2 (0x0000c2c6) c.swsp  a7, 68(sp)
core   0: 3 0x80009ff2 (0xc2c6) mem 0x80000044 0xfe8d860e
core   0: 0x80009ff4 (0x0000c4ca) c.swsp  s2, 72(sp)
core   0: 3 0x80009ff4 (0xc4ca) mem 0x80000048 0x0000000b
core   0: 0x80009ff6 (0x0000c6ce) c.swsp  s3, 76(sp)
core   0: 3 0x80009ff6 (0xc6ce) mem 0x8000004c 0x000001ff
core   0: 0x80009ff8 (0x0000c8d2) c.swsp  s4, 80(sp)
core   0: 3 0x80009ff8 (0xc8d2) mem 0x80000050 0x32e1f50e
core   0: 0x80009ffa (0x0000cad6) c.swsp  s5, 84(sp)
core   0: 3 0x80009ffa (0xcad6) mem 0x80000054 0x00000000
core   0: 0x80009ffc (0x0000ccda) c.swsp  s6, 88(sp)
core   0: 3 0x80009ffc (0xccda) mem 0x80000058 0x8c626000
core   0: 0x80009ffe (0x0000cede) c.swsp  s7, 92(sp)
core   0: 3 0x80009ffe (0xcede) mem 0x8000005c 0x60000200
core   0: 0x8000a000 (0x0000d0e2) c.swsp  s8, 96(sp)
core   0: 3 0x8000a000 (0xd0e2) mem 0x80000060 0x4f25a97c
core   0: 0x8000a002 (0x0000d2e6) c.swsp  s9, 100(sp)
core   0: 3 0x8000a002 (0xd2e6) mem 0x80000064 0x8000959c
core   0: 0x8000a004 (0x0000d4ea) c.swsp  s10, 104(sp)
core   0: 3 0x8000a004 (0xd4ea) mem 0x80000068 0x00000000
core   0: 0x8000a006 (0x0000d6ee) c.swsp  s11, 108(sp)
core   0: 3 0x8000a006 (0xd6ee) mem 0x8000006c 0x00000000
core   0: 0x8000a008 (0x0000d8f2) c.swsp  t3, 112(sp)
core   0: 3 0x8000a008 (0xd8f2) mem 0x80000070 0x00000000
core   0: 0x8000a00a (0x0000daf6) c.swsp  t4, 116(sp)
core   0: 3 0x8000a00a (0xdaf6) mem 0x80000074 0x00000001
core   0: 0x8000a00c (0x0000dcfa) c.swsp  t5, 120(sp)
core   0: 3 0x8000a00c (0xdcfa) mem 0x80000078 0x0ffffff9
core   0: 0x8000a00e (0x0000defe) c.swsp  t6, 124(sp)
core   0: 3 0x8000a00e (0xdefe) mem 0x8000007c 0x00000000
core   0: 0x8000a010 (0xfffffc97) auipc   s9, 0xfffff
core   0: 3 0x8000a010 (0xfffffc97) x25 0x80009010
core   0: 0x8000a014 (0x592c8c93) addi    s9, s9, 1426
core   0: 3 0x8000a014 (0x592c8c93) x25 0x800095a2
core   0: 0x8000a018 (0x000c8067) jr      s9
core   0: 3 0x8000a018 (0x000c8067)
core   0: 0x800095a2 (0x00002f17) auipc   t5, 0x2
core   0: 3 0x800095a2 (0x00002f17) x30 0x8000b5a2
core   0: 0x800095a6 (0xa43f2f23) sw      gp, -1442(t5)
core   0: 3 0x800095a6 (0xa43f2f23) mem 0x8000b000 0x00000001
core   0: 0x800095aa (0x0000bfe5) c.j     pc - 8
core   0: 3 0x800095aa (0xbfe5)
core   0: 0x800095a2 (0x00002f17) auipc   t5, 0x2
core   0: 3 0x800095a2 (0x00002f17) x30 0x8000b5a2
core   0: 0x800095a6 (0xa43f2f23) sw      gp, -1442(t5)
core   0: 3 0x800095a6 (0xa43f2f23) mem 0x8000b000 0x00000001
core   0: 0x800095aa (0x0000bfe5) c.j     pc - 8
core   0: 3 0x800095aa (0xbfe5)
core   0: 0x800095a2 (0x00002f17) auipc   t5, 0x2
core   0: 3 0x800095a2 (0x00002f17) x30 0x8000b5a2
core   0: 0x800095a6 (0xa43f2f23) sw      gp, -1442(t5)
core   0: 3 0x800095a6 (0xa43f2f23) mem 0x8000b000 0x00000001
core   0: 0x800095aa (0x0000bfe5) c.j     pc - 8
core   0: 3 0x800095aa (0xbfe5)
core   0: 0x800095a2 (0x00002f17) auipc   t5, 0x2
core   0: 3 0x800095a2 (0x00002f17) x30 0x8000b5a2
core   0: 0x800095a6 (0xa43f2f23) sw      gp, -1442(t5)
core   0: 3 0x800095a6 (0xa43f2f23) mem 0x8000b000 0x00000001
core   0: 0x800095aa (0x0000bfe5) c.j     pc - 8
core   0: 3 0x800095aa (0xbfe5)
core   0: 0x800095a2 (0x00002f17) auipc   t5, 0x2
core   0: 3 0x800095a2 (0x00002f17) x30 0x8000b5a2
core   0: 0x800095a6 (0xa43f2f23) sw      gp, -1442(t5)
core   0: 3 0x800095a6 (0xa43f2f23) mem 0x8000b000 0x00000001
core   0: 0x800095aa (0x0000bfe5) c.j     pc - 8
core   0: 3 0x800095aa (0xbfe5)
core   0: 0x800095a2 (0x00002f17) auipc   t5, 0x2
core   0: 3 0x800095a2 (0x00002f17) x30 0x8000b5a2
core   0: 0x800095a6 (0xa43f2f23) sw      gp, -1442(t5)
core   0: 3 0x800095a6 (0xa43f2f23) mem 0x8000b000 0x00000001
core   0: 0x800095aa (0x0000bfe5) c.j     pc - 8
core   0: 3 0x800095aa (0xbfe5)
core   0: 0x800095a2 (0x00002f17) auipc   t5, 0x2
core   0: 3 0x800095a2 (0x00002f17) x30 0x8000b5a2
core   0: 0x800095a6 (0xa43f2f23) sw      gp, -1442(t5)
core   0: 3 0x800095a6 (0xa43f2f23) mem 0x8000b000 0x00000001
core   0: 0x800095aa (0x0000bfe5) c.j     pc - 8
core   0: 3 0x800095aa (0xbfe5)
core   0: 0x800095a2 (0x00002f17) auipc   t5, 0x2
core   0: 3 0x800095a2 (0x00002f17) x30 0x8000b5a2
core   0: 0x800095a6 (0xa43f2f23) sw      gp, -1442(t5)
core   0: 3 0x800095a6 (0xa43f2f23) mem 0x8000b000 0x00000001
core   0: 0x800095aa (0x0000bfe5) c.j     pc - 8
core   0: 3 0x800095aa (0xbfe5)
core   0: 0x800095a2 (0x00002f17) auipc   t5, 0x2
core   0: 3 0x800095a2 (0x00002f17) x30 0x8000b5a2
core   0: 0x800095a6 (0xa43f2f23) sw      gp, -1442(t5)
core   0: 3 0x800095a6 (0xa43f2f23) mem 0x8000b000 0x00000001
core   0: 0x800095aa (0x0000bfe5) c.j     pc - 8
core   0: 3 0x800095aa (0xbfe5)
core   0: 0x800095a2 (0x00002f17) auipc   t5, 0x2
core   0: 3 0x800095a2 (0x00002f17) x30 0x8000b5a2
core   0: 0x800095a6 (0xa43f2f23) sw      gp, -1442(t5)
core   0: 3 0x800095a6 (0xa43f2f23) mem 0x8000b000 0x00000001
core   0: 0x800095aa (0x0000bfe5) c.j     pc - 8
core   0: 3 0x800095aa (0xbfe5)
core   0: 0x800095a2 (0x00002f17) auipc   t5, 0x2
core   0: 3 0x800095a2 (0x00002f17) x30 0x8000b5a2
core   0: 0x800095a6 (0xa43f2f23) sw      gp, -1442(t5)
core   0: 3 0x800095a6 (0xa43f2f23) mem 0x8000b000 0x00000001
core   0: 0x800095aa (0x0000bfe5) c.j     pc - 8
core   0: 3 0x800095aa (0xbfe5)
core   0: 0x800095a2 (0x00002f17) auipc   t5, 0x2
core   0: 3 0x800095a2 (0x00002f17) x30 0x8000b5a2
core   0: 0x800095a6 (0xa43f2f23) sw      gp, -1442(t5)
core   0: 3 0x800095a6 (0xa43f2f23) mem 0x8000b000 0x00000001
core   0: 0x800095aa (0x0000bfe5) c.j     pc - 8
core   0: 3 0x800095aa (0xbfe5)
core   0: 0x800095a2 (0x00002f17) auipc   t5, 0x2
core   0: 3 0x800095a2 (0x00002f17) x30 0x8000b5a2
core   0: 0x800095a6 (0xa43f2f23) sw      gp, -1442(t5)
core   0: 3 0x800095a6 (0xa43f2f23) mem 0x8000b000 0x00000001
core   0: 0x800095aa (0x0000bfe5) c.j     pc - 8
core   0: 3 0x800095aa (0xbfe5)
core   0: 0x800095a2 (0x00002f17) auipc   t5, 0x2
core   0: 3 0x800095a2 (0x00002f17) x30 0x8000b5a2
core   0: 0x800095a6 (0xa43f2f23) sw      gp, -1442(t5)
core   0: 3 0x800095a6 (0xa43f2f23) mem 0x8000b000 0x00000001
core   0: 0x800095aa (0x0000bfe5) c.j     pc - 8
core   0: 3 0x800095aa (0xbfe5)
core   0: 0x800095a2 (0x00002f17) auipc   t5, 0x2
core   0: 3 0x800095a2 (0x00002f17) x30 0x8000b5a2
core   0: 0x800095a6 (0xa43f2f23) sw      gp, -1442(t5)
core   0: 3 0x800095a6 (0xa43f2f23) mem 0x8000b000 0x00000001
core   0: 0x800095aa (0x0000bfe5) c.j     pc - 8
core   0: 3 0x800095aa (0xbfe5)
core   0: 0x800095a2 (0x00002f17) auipc   t5, 0x2
core   0: 3 0x800095a2 (0x00002f17) x30 0x8000b5a2
core   0: 0x800095a6 (0xa43f2f23) sw      gp, -1442(t5)
core   0: 3 0x800095a6 (0xa43f2f23) mem 0x8000b000 0x00000001
core   0: 0x800095aa (0x0000bfe5) c.j     pc - 8
core   0: 3 0x800095aa (0xbfe5)
core   0: 0x800095a2 (0x00002f17) auipc   t5, 0x2
core   0: 3 0x800095a2 (0x00002f17) x30 0x8000b5a2
core   0: 0x800095a6 (0xa43f2f23) sw      gp, -1442(t5)
core   0: 3 0x800095a6 (0xa43f2f23) mem 0x8000b000 0x00000001
core   0: 0x800095aa (0x0000bfe5) c.j     pc - 8
core   0: 3 0x800095aa (0xbfe5)
core   0: 0x800095a2 (0x00002f17) auipc   t5, 0x2
core   0: 3 0x800095a2 (0x00002f17) x30 0x8000b5a2
core   0: 0x800095a6 (0xa43f2f23) sw      gp, -1442(t5)
core   0: 3 0x800095a6 (0xa43f2f23) mem 0x8000b000 0x00000001
core   0: 0x800095aa (0x0000bfe5) c.j     pc - 8
core   0: 3 0x800095aa (0xbfe5)
core   0: 0x800095a2 (0x00002f17) auipc   t5, 0x2
core   0: 3 0x800095a2 (0x00002f17) x30 0x8000b5a2
core   0: 0x800095a6 (0xa43f2f23) sw      gp, -1442(t5)
core   0: 3 0x800095a6 (0xa43f2f23) mem 0x8000b000 0x00000001
core   0: 0x800095aa (0x0000bfe5) c.j     pc - 8
core   0: 3 0x800095aa (0xbfe5)
core   0: 0x800095a2 (0x00002f17) auipc   t5, 0x2
core   0: 3 0x800095a2 (0x00002f17) x30 0x8000b5a2
core   0: 0x800095a6 (0xa43f2f23) sw      gp, -1442(t5)
core   0: 3 0x800095a6 (0xa43f2f23) mem 0x8000b000 0x00000001
core   0: 0x800095aa (0x0000bfe5) c.j     pc - 8
core   0: 3 0x800095aa (0xbfe5)
core   0: 0x800095a2 (0x00002f17) auipc   t5, 0x2
core   0: 3 0x800095a2 (0x00002f17) x30 0x8000b5a2
core   0: 0x800095a6 (0xa43f2f23) sw      gp, -1442(t5)
core   0: 3 0x800095a6 (0xa43f2f23) mem 0x8000b000 0x00000001
core   0: 0x800095aa (0x0000bfe5) c.j     pc - 8
core   0: 3 0x800095aa (0xbfe5)
core   0: 0x800095a2 (0x00002f17) auipc   t5, 0x2
core   0: 3 0x800095a2 (0x00002f17) x30 0x8000b5a2
core   0: 0x800095a6 (0xa43f2f23) sw      gp, -1442(t5)
core   0: 3 0x800095a6 (0xa43f2f23) mem 0x8000b000 0x00000001
core   0: 0x800095aa (0x0000bfe5) c.j     pc - 8
core   0: 3 0x800095aa (0xbfe5)
core   0: 0x800095a2 (0x00002f17) auipc   t5, 0x2
core   0: 3 0x800095a2 (0x00002f17) x30 0x8000b5a2
core   0: 0x800095a6 (0xa43f2f23) sw      gp, -1442(t5)
core   0: 3 0x800095a6 (0xa43f2f23) mem 0x8000b000 0x00000001
core   0: 0x800095aa (0x0000bfe5) c.j     pc - 8
core   0: 3 0x800095aa (0xbfe5)
core   0: 0x800095a2 (0x00002f17) auipc   t5, 0x2
core   0: 3 0x800095a2 (0x00002f17) x30 0x8000b5a2
core   0: 0x800095a6 (0xa43f2f23) sw      gp, -1442(t5)
core   0: 3 0x800095a6 (0xa43f2f23) mem 0x8000b000 0x00000001
core   0: 0x800095aa (0x0000bfe5) c.j     pc - 8
core   0: 3 0x800095aa (0xbfe5)
core   0: 0x800095a2 (0x00002f17) auipc   t5, 0x2
core   0: 3 0x800095a2 (0x00002f17) x30 0x8000b5a2
core   0: 0x800095a6 (0xa43f2f23) sw      gp, -1442(t5)
core   0: 3 0x800095a6 (0xa43f2f23) mem 0x8000b000 0x00000001
core   0: 0x800095aa (0x0000bfe5) c.j     pc - 8
core   0: 3 0x800095aa (0xbfe5)
core   0: 0x800095a2 (0x00002f17) auipc   t5, 0x2
core   0: 3 0x800095a2 (0x00002f17) x30 0x8000b5a2
core   0: 0x800095a6 (0xa43f2f23) sw      gp, -1442(t5)
core   0: 3 0x800095a6 (0xa43f2f23) mem 0x8000b000 0x00000001
core   0: 0x800095aa (0x0000bfe5) c.j     pc - 8
core   0: 3 0x800095aa (0xbfe5)
core   0: 0x800095a2 (0x00002f17) auipc   t5, 0x2
core   0: 3 0x800095a2 (0x00002f17) x30 0x8000b5a2
core   0: 0x800095a6 (0xa43f2f23) sw      gp, -1442(t5)
core   0: 3 0x800095a6 (0xa43f2f23) mem 0x8000b000 0x00000001
core   0: 0x800095aa (0x0000bfe5) c.j     pc - 8
core   0: 3 0x800095aa (0xbfe5)
core   0: 0x800095a2 (0x00002f17) auipc   t5, 0x2
core   0: 3 0x800095a2 (0x00002f17) x30 0x8000b5a2
core   0: 0x800095a6 (0xa43f2f23) sw      gp, -1442(t5)
core   0: 3 0x800095a6 (0xa43f2f23) mem 0x8000b000 0x00000001
core   0: 0x800095aa (0x0000bfe5) c.j     pc - 8
core   0: 3 0x800095aa (0xbfe5)
core   0: 0x800095a2 (0x00002f17) auipc   t5, 0x2
core   0: 3 0x800095a2 (0x00002f17) x30 0x8000b5a2
core   0: 0x800095a6 (0xa43f2f23) sw      gp, -1442(t5)
core   0: 3 0x800095a6 (0xa43f2f23) mem 0x8000b000 0x00000001
core   0: 0x800095aa (0x0000bfe5) c.j     pc - 8
core   0: 3 0x800095aa (0xbfe5)
core   0: 0x800095a2 (0x00002f17) auipc   t5, 0x2
core   0: 3 0x800095a2 (0x00002f17) x30 0x8000b5a2
core   0: 0x800095a6 (0xa43f2f23) sw      gp, -1442(t5)
core   0: 3 0x800095a6 (0xa43f2f23) mem 0x8000b000 0x00000001
core   0: 0x800095aa (0x0000bfe5) c.j     pc - 8
core   0: 3 0x800095aa (0xbfe5)
core   0: 0x800095a2 (0x00002f17) auipc   t5, 0x2
core   0: 3 0x800095a2 (0x00002f17) x30 0x8000b5a2
core   0: 0x800095a6 (0xa43f2f23) sw      gp, -1442(t5)
core   0: 3 0x800095a6 (0xa43f2f23) mem 0x8000b000 0x00000001
core   0: 0x800095aa (0x0000bfe5) c.j     pc - 8
core   0: 3 0x800095aa (0xbfe5)
core   0: 0x800095a2 (0x00002f17) auipc   t5, 0x2
core   0: 3 0x800095a2 (0x00002f17) x30 0x8000b5a2
core   0: 0x800095a6 (0xa43f2f23) sw      gp, -1442(t5)
core   0: 3 0x800095a6 (0xa43f2f23) mem 0x8000b000 0x00000001
core   0: 0x800095aa (0x0000bfe5) c.j     pc - 8
core   0: 3 0x800095aa (0xbfe5)
core   0: 0x800095a2 (0x00002f17) auipc   t5, 0x2
core   0: 3 0x800095a2 (0x00002f17) x30 0x8000b5a2
core   0: 0x800095a6 (0xa43f2f23) sw      gp, -1442(t5)
core   0: 3 0x800095a6 (0xa43f2f23) mem 0x8000b000 0x00000001
core   0: 0x800095aa (0x0000bfe5) c.j     pc - 8
core   0: 3 0x800095aa (0xbfe5)
core   0: 0x800095a2 (0x00002f17) auipc   t5, 0x2
core   0: 3 0x800095a2 (0x00002f17) x30 0x8000b5a2
core   0: 0x800095a6 (0xa43f2f23) sw      gp, -1442(t5)
core   0: 3 0x800095a6 (0xa43f2f23) mem 0x8000b000 0x00000001
core   0: 0x800095aa (0x0000bfe5) c.j     pc - 8
core   0: 3 0x800095aa (0xbfe5)
core   0: 0x800095a2 (0x00002f17) auipc   t5, 0x2
core   0: 3 0x800095a2 (0x00002f17) x30 0x8000b5a2
core   0: 0x800095a6 (0xa43f2f23) sw      gp, -1442(t5)
core   0: 3 0x800095a6 (0xa43f2f23) mem 0x8000b000 0x00000001
core   0: 0x800095aa (0x0000bfe5) c.j     pc - 8
core   0: 3 0x800095aa (0xbfe5)
core   0: 0x800095a2 (0x00002f17) auipc   t5, 0x2
core   0: 3 0x800095a2 (0x00002f17) x30 0x8000b5a2
core   0: 0x800095a6 (0xa43f2f23) sw      gp, -1442(t5)
core   0: 3 0x800095a6 (0xa43f2f23) mem 0x8000b000 0x00000001
core   0: 0x800095aa (0x0000bfe5) c.j     pc - 8
core   0: 3 0x800095aa (0xbfe5)
core   0: 0x800095a2 (0x00002f17) auipc   t5, 0x2
core   0: 3 0x800095a2 (0x00002f17) x30 0x8000b5a2
core   0: 0x800095a6 (0xa43f2f23) sw      gp, -1442(t5)
core   0: 3 0x800095a6 (0xa43f2f23) mem 0x8000b000 0x00000001
core   0: 0x800095aa (0x0000bfe5) c.j     pc - 8
core   0: 3 0x800095aa (0xbfe5)
core   0: 0x800095a2 (0x00002f17) auipc   t5, 0x2
core   0: 3 0x800095a2 (0x00002f17) x30 0x8000b5a2
core   0: 0x800095a6 (0xa43f2f23) sw      gp, -1442(t5)
core   0: 3 0x800095a6 (0xa43f2f23) mem 0x8000b000 0x00000001
core   0: 0x800095aa (0x0000bfe5) c.j     pc - 8
core   0: 3 0x800095aa (0xbfe5)
core   0: 0x800095a2 (0x00002f17) auipc   t5, 0x2
core   0: 3 0x800095a2 (0x00002f17) x30 0x8000b5a2
core   0: 0x800095a6 (0xa43f2f23) sw      gp, -1442(t5)
core   0: 3 0x800095a6 (0xa43f2f23) mem 0x8000b000 0x00000001
core   0: 0x800095aa (0x0000bfe5) c.j     pc - 8
core   0: 3 0x800095aa (0xbfe5)
core   0: 0x800095a2 (0x00002f17) auipc   t5, 0x2
core   0: 3 0x800095a2 (0x00002f17) x30 0x8000b5a2
core   0: 0x800095a6 (0xa43f2f23) sw      gp, -1442(t5)
core   0: 3 0x800095a6 (0xa43f2f23) mem 0x8000b000 0x00000001
core   0: 0x800095aa (0x0000bfe5) c.j     pc - 8
core   0: 3 0x800095aa (0xbfe5)
core   0: 0x800095a2 (0x00002f17) auipc   t5, 0x2
core   0: 3 0x800095a2 (0x00002f17) x30 0x8000b5a2
core   0: 0x800095a6 (0xa43f2f23) sw      gp, -1442(t5)
core   0: 3 0x800095a6 (0xa43f2f23) mem 0x8000b000 0x00000001
core   0: 0x800095aa (0x0000bfe5) c.j     pc - 8
core   0: 3 0x800095aa (0xbfe5)
core   0: 0x800095a2 (0x00002f17) auipc   t5, 0x2
core   0: 3 0x800095a2 (0x00002f17) x30 0x8000b5a2
core   0: 0x800095a6 (0xa43f2f23) sw      gp, -1442(t5)
core   0: 3 0x800095a6 (0xa43f2f23) mem 0x8000b000 0x00000001
core   0: 0x800095aa (0x0000bfe5) c.j     pc - 8
core   0: 3 0x800095aa (0xbfe5)
core   0: 0x800095a2 (0x00002f17) auipc   t5, 0x2
core   0: 3 0x800095a2 (0x00002f17) x30 0x8000b5a2
core   0: 0x800095a6 (0xa43f2f23) sw      gp, -1442(t5)
core   0: 3 0x800095a6 (0xa43f2f23) mem 0x8000b000 0x00000001
core   0: 0x800095aa (0x0000bfe5) c.j     pc - 8
core   0: 3 0x800095aa (0xbfe5)
core   0: 0x800095a2 (0x00002f17) auipc   t5, 0x2
core   0: 3 0x800095a2 (0x00002f17) x30 0x8000b5a2
core   0: 0x800095a6 (0xa43f2f23) sw      gp, -1442(t5)
core   0: 3 0x800095a6 (0xa43f2f23) mem 0x8000b000 0x00000001
core   0: 0x800095aa (0x0000bfe5) c.j     pc - 8
core   0: 3 0x800095aa (0xbfe5)
core   0: 0x800095a2 (0x00002f17) auipc   t5, 0x2
core   0: 3 0x800095a2 (0x00002f17) x30 0x8000b5a2
core   0: 0x800095a6 (0xa43f2f23) sw      gp, -1442(t5)
core   0: 3 0x800095a6 (0xa43f2f23) mem 0x8000b000 0x00000001
core   0: 0x800095aa (0x0000bfe5) c.j     pc - 8
core   0: 3 0x800095aa (0xbfe5)
core   0: 0x800095a2 (0x00002f17) auipc   t5, 0x2
core   0: 3 0x800095a2 (0x00002f17) x30 0x8000b5a2
core   0: 0x800095a6 (0xa43f2f23) sw      gp, -1442(t5)
core   0: 3 0x800095a6 (0xa43f2f23) mem 0x8000b000 0x00000001
core   0: 0x800095aa (0x0000bfe5) c.j     pc - 8
core   0: 3 0x800095aa (0xbfe5)
core   0: 0x800095a2 (0x00002f17) auipc   t5, 0x2
core   0: 3 0x800095a2 (0x00002f17) x30 0x8000b5a2
core   0: 0x800095a6 (0xa43f2f23) sw      gp, -1442(t5)
core   0: 3 0x800095a6 (0xa43f2f23) mem 0x8000b000 0x00000001
core   0: 0x800095aa (0x0000bfe5) c.j     pc - 8
core   0: 3 0x800095aa (0xbfe5)
core   0: 0x800095a2 (0x00002f17) auipc   t5, 0x2
core   0: 3 0x800095a2 (0x00002f17) x30 0x8000b5a2
core   0: 0x800095a6 (0xa43f2f23) sw      gp, -1442(t5)
core   0: 3 0x800095a6 (0xa43f2f23) mem 0x8000b000 0x00000001
core   0: 0x800095aa (0x0000bfe5) c.j     pc - 8
core   0: 3 0x800095aa (0xbfe5)
core   0: 0x800095a2 (0x00002f17) auipc   t5, 0x2
core   0: 3 0x800095a2 (0x00002f17) x30 0x8000b5a2
core   0: 0x800095a6 (0xa43f2f23) sw      gp, -1442(t5)
core   0: 3 0x800095a6 (0xa43f2f23) mem 0x8000b000 0x00000001
core   0: 0x800095aa (0x0000bfe5) c.j     pc - 8
core   0: 3 0x800095aa (0xbfe5)
core   0: 0x800095a2 (0x00002f17) auipc   t5, 0x2
core   0: 3 0x800095a2 (0x00002f17) x30 0x8000b5a2
core   0: 0x800095a6 (0xa43f2f23) sw      gp, -1442(t5)
core   0: 3 0x800095a6 (0xa43f2f23) mem 0x8000b000 0x00000001
core   0: 0x800095aa (0x0000bfe5) c.j     pc - 8
core   0: 3 0x800095aa (0xbfe5)
core   0: 0x800095a2 (0x00002f17) auipc   t5, 0x2
core   0: 3 0x800095a2 (0x00002f17) x30 0x8000b5a2
core   0: 0x800095a6 (0xa43f2f23) sw      gp, -1442(t5)
core   0: 3 0x800095a6 (0xa43f2f23) mem 0x8000b000 0x00000001
core   0: 0x800095aa (0x0000bfe5) c.j     pc - 8
core   0: 3 0x800095aa (0xbfe5)
core   0: 0x800095a2 (0x00002f17) auipc   t5, 0x2
core   0: 3 0x800095a2 (0x00002f17) x30 0x8000b5a2
core   0: 0x800095a6 (0xa43f2f23) sw      gp, -1442(t5)
core   0: 3 0x800095a6 (0xa43f2f23) mem 0x8000b000 0x00000001
core   0: 0x800095aa (0x0000bfe5) c.j     pc - 8
core   0: 3 0x800095aa (0xbfe5)
core   0: 0x800095a2 (0x00002f17) auipc   t5, 0x2
core   0: 3 0x800095a2 (0x00002f17) x30 0x8000b5a2
core   0: 0x800095a6 (0xa43f2f23) sw      gp, -1442(t5)
core   0: 3 0x800095a6 (0xa43f2f23) mem 0x8000b000 0x00000001
core   0: 0x800095aa (0x0000bfe5) c.j     pc - 8
core   0: 3 0x800095aa (0xbfe5)
core   0: 0x800095a2 (0x00002f17) auipc   t5, 0x2
core   0: 3 0x800095a2 (0x00002f17) x30 0x8000b5a2
core   0: 0x800095a6 (0xa43f2f23) sw      gp, -1442(t5)
core   0: 3 0x800095a6 (0xa43f2f23) mem 0x8000b000 0x00000001
core   0: 0x800095aa (0x0000bfe5) c.j     pc - 8
core   0: 3 0x800095aa (0xbfe5)
core   0: 0x800095a2 (0x00002f17) auipc   t5, 0x2
core   0: 3 0x800095a2 (0x00002f17) x30 0x8000b5a2
core   0: 0x800095a6 (0xa43f2f23) sw      gp, -1442(t5)
core   0: 3 0x800095a6 (0xa43f2f23) mem 0x8000b000 0x00000001
core   0: 0x800095aa (0x0000bfe5) c.j     pc - 8
core   0: 3 0x800095aa (0xbfe5)
core   0: 0x800095a2 (0x00002f17) auipc   t5, 0x2
core   0: 3 0x800095a2 (0x00002f17) x30 0x8000b5a2
core   0: 0x800095a6 (0xa43f2f23) sw      gp, -1442(t5)
core   0: 3 0x800095a6 (0xa43f2f23) mem 0x8000b000 0x00000001
core   0: 0x800095aa (0x0000bfe5) c.j     pc - 8
core   0: 3 0x800095aa (0xbfe5)
core   0: 0x800095a2 (0x00002f17) auipc   t5, 0x2
core   0: 3 0x800095a2 (0x00002f17) x30 0x8000b5a2
core   0: 0x800095a6 (0xa43f2f23) sw      gp, -1442(t5)
core   0: 3 0x800095a6 (0xa43f2f23) mem 0x8000b000 0x00000001
core   0: 0x800095aa (0x0000bfe5) c.j     pc - 8
core   0: 3 0x800095aa (0xbfe5)
core   0: 0x800095a2 (0x00002f17) auipc   t5, 0x2
core   0: 3 0x800095a2 (0x00002f17) x30 0x8000b5a2
core   0: 0x800095a6 (0xa43f2f23) sw      gp, -1442(t5)
core   0: 3 0x800095a6 (0xa43f2f23) mem 0x8000b000 0x00000001
core   0: 0x800095aa (0x0000bfe5) c.j     pc - 8
core   0: 3 0x800095aa (0xbfe5)
core   0: 0x800095a2 (0x00002f17) auipc   t5, 0x2
core   0: 3 0x800095a2 (0x00002f17) x30 0x8000b5a2
core   0: 0x800095a6 (0xa43f2f23) sw      gp, -1442(t5)
core   0: 3 0x800095a6 (0xa43f2f23) mem 0x8000b000 0x00000001
core   0: 0x800095aa (0x0000bfe5) c.j     pc - 8
core   0: 3 0x800095aa (0xbfe5)
core   0: 0x800095a2 (0x00002f17) auipc   t5, 0x2
core   0: 3 0x800095a2 (0x00002f17) x30 0x8000b5a2
core   0: 0x800095a6 (0xa43f2f23) sw      gp, -1442(t5)
core   0: 3 0x800095a6 (0xa43f2f23) mem 0x8000b000 0x00000001
core   0: 0x800095aa (0x0000bfe5) c.j     pc - 8
core   0: 3 0x800095aa (0xbfe5)
core   0: 0x800095a2 (0x00002f17) auipc   t5, 0x2
core   0: 3 0x800095a2 (0x00002f17) x30 0x8000b5a2
core   0: 0x800095a6 (0xa43f2f23) sw      gp, -1442(t5)
core   0: 3 0x800095a6 (0xa43f2f23) mem 0x8000b000 0x00000001
core   0: 0x800095aa (0x0000bfe5) c.j     pc - 8
core   0: 3 0x800095aa (0xbfe5)
core   0: 0x800095a2 (0x00002f17) auipc   t5, 0x2
core   0: 3 0x800095a2 (0x00002f17) x30 0x8000b5a2
core   0: 0x800095a6 (0xa43f2f23) sw      gp, -1442(t5)
core   0: 3 0x800095a6 (0xa43f2f23) mem 0x8000b000 0x00000001
core   0: 0x800095aa (0x0000bfe5) c.j     pc - 8
core   0: 3 0x800095aa (0xbfe5)
core   0: 0x800095a2 (0x00002f17) auipc   t5, 0x2
core   0: 3 0x800095a2 (0x00002f17) x30 0x8000b5a2
core   0: 0x800095a6 (0xa43f2f23) sw      gp, -1442(t5)
core   0: 3 0x800095a6 (0xa43f2f23) mem 0x8000b000 0x00000001
core   0: 0x800095aa (0x0000bfe5) c.j     pc - 8
core   0: 3 0x800095aa (0xbfe5)
core   0: 0x800095a2 (0x00002f17) auipc   t5, 0x2
core   0: 3 0x800095a2 (0x00002f17) x30 0x8000b5a2
core   0: 0x800095a6 (0xa43f2f23) sw      gp, -1442(t5)
core   0: 3 0x800095a6 (0xa43f2f23) mem 0x8000b000 0x00000001
core   0: 0x800095aa (0x0000bfe5) c.j     pc - 8
core   0: 3 0x800095aa (0xbfe5)
core   0: 0x800095a2 (0x00002f17) auipc   t5, 0x2
core   0: 3 0x800095a2 (0x00002f17) x30 0x8000b5a2
core   0: 0x800095a6 (0xa43f2f23) sw      gp, -1442(t5)
core   0: 3 0x800095a6 (0xa43f2f23) mem 0x8000b000 0x00000001
core   0: 0x800095aa (0x0000bfe5) c.j     pc - 8
core   0: 3 0x800095aa (0xbfe5)
core   0: 0x800095a2 (0x00002f17) auipc   t5, 0x2
core   0: 3 0x800095a2 (0x00002f17) x30 0x8000b5a2
core   0: 0x800095a6 (0xa43f2f23) sw      gp, -1442(t5)
core   0: 3 0x800095a6 (0xa43f2f23) mem 0x8000b000 0x00000001
core   0: 0x800095aa (0x0000bfe5) c.j     pc - 8
core   0: 3 0x800095aa (0xbfe5)
core   0: 0x800095a2 (0x00002f17) auipc   t5, 0x2
core   0: 3 0x800095a2 (0x00002f17) x30 0x8000b5a2
core   0: 0x800095a6 (0xa43f2f23) sw      gp, -1442(t5)
core   0: 3 0x800095a6 (0xa43f2f23) mem 0x8000b000 0x00000001
core   0: 0x800095aa (0x0000bfe5) c.j     pc - 8
core   0: 3 0x800095aa (0xbfe5)
core   0: 0x800095a2 (0x00002f17) auipc   t5, 0x2
core   0: 3 0x800095a2 (0x00002f17) x30 0x8000b5a2
core   0: 0x800095a6 (0xa43f2f23) sw      gp, -1442(t5)
core   0: 3 0x800095a6 (0xa43f2f23) mem 0x8000b000 0x00000001
core   0: 0x800095aa (0x0000bfe5) c.j     pc - 8
core   0: 3 0x800095aa (0xbfe5)
core   0: 0x800095a2 (0x00002f17) auipc   t5, 0x2
core   0: 3 0x800095a2 (0x00002f17) x30 0x8000b5a2
core   0: 0x800095a6 (0xa43f2f23) sw      gp, -1442(t5)
core   0: 3 0x800095a6 (0xa43f2f23) mem 0x8000b000 0x00000001
core   0: 0x800095aa (0x0000bfe5) c.j     pc - 8
core   0: 3 0x800095aa (0xbfe5)
core   0: 0x800095a2 (0x00002f17) auipc   t5, 0x2
core   0: 3 0x800095a2 (0x00002f17) x30 0x8000b5a2
core   0: 0x800095a6 (0xa43f2f23) sw      gp, -1442(t5)
core   0: 3 0x800095a6 (0xa43f2f23) mem 0x8000b000 0x00000001
core   0: 0x800095aa (0x0000bfe5) c.j     pc - 8
core   0: 3 0x800095aa (0xbfe5)
core   0: 0x800095a2 (0x00002f17) auipc   t5, 0x2
core   0: 3 0x800095a2 (0x00002f17) x30 0x8000b5a2
core   0: 0x800095a6 (0xa43f2f23) sw      gp, -1442(t5)
core   0: 3 0x800095a6 (0xa43f2f23) mem 0x8000b000 0x00000001
core   0: 0x800095aa (0x0000bfe5) c.j     pc - 8
core   0: 3 0x800095aa (0xbfe5)
core   0: 0x800095a2 (0x00002f17) auipc   t5, 0x2
core   0: 3 0x800095a2 (0x00002f17) x30 0x8000b5a2
core   0: 0x800095a6 (0xa43f2f23) sw      gp, -1442(t5)
core   0: 3 0x800095a6 (0xa43f2f23) mem 0x8000b000 0x00000001
core   0: 0x800095aa (0x0000bfe5) c.j     pc - 8
core   0: 3 0x800095aa (0xbfe5)
core   0: 0x800095a2 (0x00002f17) auipc   t5, 0x2
core   0: 3 0x800095a2 (0x00002f17) x30 0x8000b5a2
core   0: 0x800095a6 (0xa43f2f23) sw      gp, -1442(t5)
core   0: 3 0x800095a6 (0xa43f2f23) mem 0x8000b000 0x00000001
core   0: 0x800095aa (0x0000bfe5) c.j     pc - 8
core   0: 3 0x800095aa (0xbfe5)
core   0: 0x800095a2 (0x00002f17) auipc   t5, 0x2
core   0: 3 0x800095a2 (0x00002f17) x30 0x8000b5a2
core   0: 0x800095a6 (0xa43f2f23) sw      gp, -1442(t5)
core   0: 3 0x800095a6 (0xa43f2f23) mem 0x8000b000 0x00000001
core   0: 0x800095aa (0x0000bfe5) c.j     pc - 8
core   0: 3 0x800095aa (0xbfe5)
core   0: 0x800095a2 (0x00002f17) auipc   t5, 0x2
core   0: 3 0x800095a2 (0x00002f17) x30 0x8000b5a2
core   0: 0x800095a6 (0xa43f2f23) sw      gp, -1442(t5)
core   0: 3 0x800095a6 (0xa43f2f23) mem 0x8000b000 0x00000001
core   0: 0x800095aa (0x0000bfe5) c.j     pc - 8
core   0: 3 0x800095aa (0xbfe5)
core   0: 0x800095a2 (0x00002f17) auipc   t5, 0x2
core   0: 3 0x800095a2 (0x00002f17) x30 0x8000b5a2
core   0: 0x800095a6 (0xa43f2f23) sw      gp, -1442(t5)
core   0: 3 0x800095a6 (0xa43f2f23) mem 0x8000b000 0x00000001
core   0: 0x800095aa (0x0000bfe5) c.j     pc - 8
core   0: 3 0x800095aa (0xbfe5)
core   0: 0x800095a2 (0x00002f17) auipc   t5, 0x2
core   0: 3 0x800095a2 (0x00002f17) x30 0x8000b5a2
core   0: 0x800095a6 (0xa43f2f23) sw      gp, -1442(t5)
core   0: 3 0x800095a6 (0xa43f2f23) mem 0x8000b000 0x00000001
core   0: 0x800095aa (0x0000bfe5) c.j     pc - 8
core   0: 3 0x800095aa (0xbfe5)
core   0: 0x800095a2 (0x00002f17) auipc   t5, 0x2
core   0: 3 0x800095a2 (0x00002f17) x30 0x8000b5a2
core   0: 0x800095a6 (0xa43f2f23) sw      gp, -1442(t5)
core   0: 3 0x800095a6 (0xa43f2f23) mem 0x8000b000 0x00000001
core   0: 0x800095aa (0x0000bfe5) c.j     pc - 8
core   0: 3 0x800095aa (0xbfe5)
core   0: 0x800095a2 (0x00002f17) auipc   t5, 0x2
core   0: 3 0x800095a2 (0x00002f17) x30 0x8000b5a2
core   0: 0x800095a6 (0xa43f2f23) sw      gp, -1442(t5)
core   0: 3 0x800095a6 (0xa43f2f23) mem 0x8000b000 0x00000001
core   0: 0x800095aa (0x0000bfe5) c.j     pc - 8
core   0: 3 0x800095aa (0xbfe5)
core   0: 0x800095a2 (0x00002f17) auipc   t5, 0x2
core   0: 3 0x800095a2 (0x00002f17) x30 0x8000b5a2
core   0: 0x800095a6 (0xa43f2f23) sw      gp, -1442(t5)
core   0: 3 0x800095a6 (0xa43f2f23) mem 0x8000b000 0x00000001
core   0: 0x800095aa (0x0000bfe5) c.j     pc - 8
core   0: 3 0x800095aa (0xbfe5)
core   0: 0x800095a2 (0x00002f17) auipc   t5, 0x2
core   0: 3 0x800095a2 (0x00002f17) x30 0x8000b5a2
core   0: 0x800095a6 (0xa43f2f23) sw      gp, -1442(t5)
core   0: 3 0x800095a6 (0xa43f2f23) mem 0x8000b000 0x00000001
core   0: 0x800095aa (0x0000bfe5) c.j     pc - 8
core   0: 3 0x800095aa (0xbfe5)
core   0: 0x800095a2 (0x00002f17) auipc   t5, 0x2
core   0: 3 0x800095a2 (0x00002f17) x30 0x8000b5a2
core   0: 0x800095a6 (0xa43f2f23) sw      gp, -1442(t5)
core   0: 3 0x800095a6 (0xa43f2f23) mem 0x8000b000 0x00000001
core   0: 0x800095aa (0x0000bfe5) c.j     pc - 8
core   0: 3 0x800095aa (0xbfe5)
core   0: 0x800095a2 (0x00002f17) auipc   t5, 0x2
core   0: 3 0x800095a2 (0x00002f17) x30 0x8000b5a2
core   0: 0x800095a6 (0xa43f2f23) sw      gp, -1442(t5)
core   0: 3 0x800095a6 (0xa43f2f23) mem 0x8000b000 0x00000001
core   0: 0x800095aa (0x0000bfe5) c.j     pc - 8
core   0: 3 0x800095aa (0xbfe5)
core   0: 0x800095a2 (0x00002f17) auipc   t5, 0x2
core   0: 3 0x800095a2 (0x00002f17) x30 0x8000b5a2
core   0: 0x800095a6 (0xa43f2f23) sw      gp, -1442(t5)
core   0: 3 0x800095a6 (0xa43f2f23) mem 0x8000b000 0x00000001
core   0: 0x800095aa (0x0000bfe5) c.j     pc - 8
core   0: 3 0x800095aa (0xbfe5)
core   0: 0x800095a2 (0x00002f17) auipc   t5, 0x2
core   0: 3 0x800095a2 (0x00002f17) x30 0x8000b5a2
core   0: 0x800095a6 (0xa43f2f23) sw      gp, -1442(t5)
core   0: 3 0x800095a6 (0xa43f2f23) mem 0x8000b000 0x00000001
core   0: 0x800095aa (0x0000bfe5) c.j     pc - 8
core   0: 3 0x800095aa (0xbfe5)
core   0: 0x800095a2 (0x00002f17) auipc   t5, 0x2
core   0: 3 0x800095a2 (0x00002f17) x30 0x8000b5a2
core   0: 0x800095a6 (0xa43f2f23) sw      gp, -1442(t5)
core   0: 3 0x800095a6 (0xa43f2f23) mem 0x8000b000 0x00000001
core   0: 0x800095aa (0x0000bfe5) c.j     pc - 8
core   0: 3 0x800095aa (0xbfe5)
core   0: 0x800095a2 (0x00002f17) auipc   t5, 0x2
core   0: 3 0x800095a2 (0x00002f17) x30 0x8000b5a2
core   0: 0x800095a6 (0xa43f2f23) sw      gp, -1442(t5)
core   0: 3 0x800095a6 (0xa43f2f23) mem 0x8000b000 0x00000001
core   0: 0x800095aa (0x0000bfe5) c.j     pc - 8
core   0: 3 0x800095aa (0xbfe5)
core   0: 0x800095a2 (0x00002f17) auipc   t5, 0x2
core   0: 3 0x800095a2 (0x00002f17) x30 0x8000b5a2
core   0: 0x800095a6 (0xa43f2f23) sw      gp, -1442(t5)
core   0: 3 0x800095a6 (0xa43f2f23) mem 0x8000b000 0x00000001
core   0: 0x800095aa (0x0000bfe5) c.j     pc - 8
core   0: 3 0x800095aa (0xbfe5)
core   0: 0x800095a2 (0x00002f17) auipc   t5, 0x2
core   0: 3 0x800095a2 (0x00002f17) x30 0x8000b5a2
core   0: 0x800095a6 (0xa43f2f23) sw      gp, -1442(t5)
core   0: 3 0x800095a6 (0xa43f2f23) mem 0x8000b000 0x00000001
core   0: 0x800095aa (0x0000bfe5) c.j     pc - 8
core   0: 3 0x800095aa (0xbfe5)
core   0: 0x800095a2 (0x00002f17) auipc   t5, 0x2
core   0: 3 0x800095a2 (0x00002f17) x30 0x8000b5a2
core   0: 0x800095a6 (0xa43f2f23) sw      gp, -1442(t5)
core   0: 3 0x800095a6 (0xa43f2f23) mem 0x8000b000 0x00000001
core   0: 0x800095aa (0x0000bfe5) c.j     pc - 8
core   0: 3 0x800095aa (0xbfe5)
core   0: 0x800095a2 (0x00002f17) auipc   t5, 0x2
core   0: 3 0x800095a2 (0x00002f17) x30 0x8000b5a2
core   0: 0x800095a6 (0xa43f2f23) sw      gp, -1442(t5)
core   0: 3 0x800095a6 (0xa43f2f23) mem 0x8000b000 0x00000001
core   0: 0x800095aa (0x0000bfe5) c.j     pc - 8
core   0: 3 0x800095aa (0xbfe5)
core   0: 0x800095a2 (0x00002f17) auipc   t5, 0x2
core   0: 3 0x800095a2 (0x00002f17) x30 0x8000b5a2
core   0: 0x800095a6 (0xa43f2f23) sw      gp, -1442(t5)
core   0: 3 0x800095a6 (0xa43f2f23) mem 0x8000b000 0x00000001
core   0: 0x800095aa (0x0000bfe5) c.j     pc - 8
core   0: 3 0x800095aa (0xbfe5)
core   0: 0x800095a2 (0x00002f17) auipc   t5, 0x2
core   0: 3 0x800095a2 (0x00002f17) x30 0x8000b5a2
core   0: 0x800095a6 (0xa43f2f23) sw      gp, -1442(t5)
core   0: 3 0x800095a6 (0xa43f2f23) mem 0x8000b000 0x00000001
core   0: 0x800095aa (0x0000bfe5) c.j     pc - 8
core   0: 3 0x800095aa (0xbfe5)
core   0: 0x800095a2 (0x00002f17) auipc   t5, 0x2
core   0: 3 0x800095a2 (0x00002f17) x30 0x8000b5a2
core   0: 0x800095a6 (0xa43f2f23) sw      gp, -1442(t5)
core   0: 3 0x800095a6 (0xa43f2f23) mem 0x8000b000 0x00000001
core   0: 0x800095aa (0x0000bfe5) c.j     pc - 8
core   0: 3 0x800095aa (0xbfe5)
core   0: 0x800095a2 (0x00002f17) auipc   t5, 0x2
core   0: 3 0x800095a2 (0x00002f17) x30 0x8000b5a2
core   0: 0x800095a6 (0xa43f2f23) sw      gp, -1442(t5)
core   0: 3 0x800095a6 (0xa43f2f23) mem 0x8000b000 0x00000001
core   0: 0x800095aa (0x0000bfe5) c.j     pc - 8
core   0: 3 0x800095aa (0xbfe5)
core   0: 0x800095a2 (0x00002f17) auipc   t5, 0x2
core   0: 3 0x800095a2 (0x00002f17) x30 0x8000b5a2
core   0: 0x800095a6 (0xa43f2f23) sw      gp, -1442(t5)
core   0: 3 0x800095a6 (0xa43f2f23) mem 0x8000b000 0x00000001
core   0: 0x800095aa (0x0000bfe5) c.j     pc - 8
core   0: 3 0x800095aa (0xbfe5)
core   0: 0x800095a2 (0x00002f17) auipc   t5, 0x2
core   0: 3 0x800095a2 (0x00002f17) x30 0x8000b5a2
core   0: 0x800095a6 (0xa43f2f23) sw      gp, -1442(t5)
core   0: 3 0x800095a6 (0xa43f2f23) mem 0x8000b000 0x00000001
core   0: 0x800095aa (0x0000bfe5) c.j     pc - 8
core   0: 3 0x800095aa (0xbfe5)
core   0: 0x800095a2 (0x00002f17) auipc   t5, 0x2
core   0: 3 0x800095a2 (0x00002f17) x30 0x8000b5a2
core   0: 0x800095a6 (0xa43f2f23) sw      gp, -1442(t5)
core   0: 3 0x800095a6 (0xa43f2f23) mem 0x8000b000 0x00000001
core   0: 0x800095aa (0x0000bfe5) c.j     pc - 8
core   0: 3 0x800095aa (0xbfe5)
core   0: 0x800095a2 (0x00002f17) auipc   t5, 0x2
core   0: 3 0x800095a2 (0x00002f17) x30 0x8000b5a2
core   0: 0x800095a6 (0xa43f2f23) sw      gp, -1442(t5)
core   0: 3 0x800095a6 (0xa43f2f23) mem 0x8000b000 0x00000001
core   0: 0x800095aa (0x0000bfe5) c.j     pc - 8
core   0: 3 0x800095aa (0xbfe5)
core   0: 0x800095a2 (0x00002f17) auipc   t5, 0x2
core   0: 3 0x800095a2 (0x00002f17) x30 0x8000b5a2
core   0: 0x800095a6 (0xa43f2f23) sw      gp, -1442(t5)
core   0: 3 0x800095a6 (0xa43f2f23) mem 0x8000b000 0x00000001
core   0: 0x800095aa (0x0000bfe5) c.j     pc - 8
core   0: 3 0x800095aa (0xbfe5)
core   0: 0x800095a2 (0x00002f17) auipc   t5, 0x2
core   0: 3 0x800095a2 (0x00002f17) x30 0x8000b5a2
core   0: 0x800095a6 (0xa43f2f23) sw      gp, -1442(t5)
core   0: 3 0x800095a6 (0xa43f2f23) mem 0x8000b000 0x00000001
core   0: 0x800095aa (0x0000bfe5) c.j     pc - 8
core   0: 3 0x800095aa (0xbfe5)
core   0: 0x800095a2 (0x00002f17) auipc   t5, 0x2
core   0: 3 0x800095a2 (0x00002f17) x30 0x8000b5a2
core   0: 0x800095a6 (0xa43f2f23) sw      gp, -1442(t5)
core   0: 3 0x800095a6 (0xa43f2f23) mem 0x8000b000 0x00000001
core   0: 0x800095aa (0x0000bfe5) c.j     pc - 8
core   0: 3 0x800095aa (0xbfe5)
core   0: 0x800095a2 (0x00002f17) auipc   t5, 0x2
core   0: 3 0x800095a2 (0x00002f17) x30 0x8000b5a2
core   0: 0x800095a6 (0xa43f2f23) sw      gp, -1442(t5)
core   0: 3 0x800095a6 (0xa43f2f23) mem 0x8000b000 0x00000001
core   0: 0x800095aa (0x0000bfe5) c.j     pc - 8
core   0: 3 0x800095aa (0xbfe5)
core   0: 0x800095a2 (0x00002f17) auipc   t5, 0x2
core   0: 3 0x800095a2 (0x00002f17) x30 0x8000b5a2
core   0: 0x800095a6 (0xa43f2f23) sw      gp, -1442(t5)
core   0: 3 0x800095a6 (0xa43f2f23) mem 0x8000b000 0x00000001
core   0: 0x800095aa (0x0000bfe5) c.j     pc - 8
core   0: 3 0x800095aa (0xbfe5)
core   0: 0x800095a2 (0x00002f17) auipc   t5, 0x2
core   0: 3 0x800095a2 (0x00002f17) x30 0x8000b5a2
core   0: 0x800095a6 (0xa43f2f23) sw      gp, -1442(t5)
core   0: 3 0x800095a6 (0xa43f2f23) mem 0x8000b000 0x00000001
core   0: 0x800095aa (0x0000bfe5) c.j     pc - 8
core   0: 3 0x800095aa (0xbfe5)
core   0: 0x800095a2 (0x00002f17) auipc   t5, 0x2
core   0: 3 0x800095a2 (0x00002f17) x30 0x8000b5a2
core   0: 0x800095a6 (0xa43f2f23) sw      gp, -1442(t5)
core   0: 3 0x800095a6 (0xa43f2f23) mem 0x8000b000 0x00000001
core   0: 0x800095aa (0x0000bfe5) c.j     pc - 8
core   0: 3 0x800095aa (0xbfe5)
core   0: 0x800095a2 (0x00002f17) auipc   t5, 0x2
core   0: 3 0x800095a2 (0x00002f17) x30 0x8000b5a2
core   0: 0x800095a6 (0xa43f2f23) sw      gp, -1442(t5)
core   0: 3 0x800095a6 (0xa43f2f23) mem 0x8000b000 0x00000001
core   0: 0x800095aa (0x0000bfe5) c.j     pc - 8
core   0: 3 0x800095aa (0xbfe5)
core   0: 0x800095a2 (0x00002f17) auipc   t5, 0x2
core   0: 3 0x800095a2 (0x00002f17) x30 0x8000b5a2
core   0: 0x800095a6 (0xa43f2f23) sw      gp, -1442(t5)
core   0: 3 0x800095a6 (0xa43f2f23) mem 0x8000b000 0x00000001
core   0: 0x800095aa (0x0000bfe5) c.j     pc - 8
core   0: 3 0x800095aa (0xbfe5)
core   0: 0x800095a2 (0x00002f17) auipc   t5, 0x2
core   0: 3 0x800095a2 (0x00002f17) x30 0x8000b5a2
core   0: 0x800095a6 (0xa43f2f23) sw      gp, -1442(t5)
core   0: 3 0x800095a6 (0xa43f2f23) mem 0x8000b000 0x00000001
core   0: 0x800095aa (0x0000bfe5) c.j     pc - 8
core   0: 3 0x800095aa (0xbfe5)
core   0: 0x800095a2 (0x00002f17) auipc   t5, 0x2
core   0: 3 0x800095a2 (0x00002f17) x30 0x8000b5a2
core   0: 0x800095a6 (0xa43f2f23) sw      gp, -1442(t5)
core   0: 3 0x800095a6 (0xa43f2f23) mem 0x8000b000 0x00000001
core   0: 0x800095aa (0x0000bfe5) c.j     pc - 8
core   0: 3 0x800095aa (0xbfe5)
core   0: 0x800095a2 (0x00002f17) auipc   t5, 0x2
core   0: 3 0x800095a2 (0x00002f17) x30 0x8000b5a2
core   0: 0x800095a6 (0xa43f2f23) sw      gp, -1442(t5)
core   0: 3 0x800095a6 (0xa43f2f23) mem 0x8000b000 0x00000001
core   0: 0x800095aa (0x0000bfe5) c.j     pc - 8
core   0: 3 0x800095aa (0xbfe5)
core   0: 0x800095a2 (0x00002f17) auipc   t5, 0x2
core   0: 3 0x800095a2 (0x00002f17) x30 0x8000b5a2
core   0: 0x800095a6 (0xa43f2f23) sw      gp, -1442(t5)
core   0: 3 0x800095a6 (0xa43f2f23) mem 0x8000b000 0x00000001
core   0: 0x800095aa (0x0000bfe5) c.j     pc - 8
core   0: 3 0x800095aa (0xbfe5)
core   0: 0x800095a2 (0x00002f17) auipc   t5, 0x2
core   0: 3 0x800095a2 (0x00002f17) x30 0x8000b5a2
core   0: 0x800095a6 (0xa43f2f23) sw      gp, -1442(t5)
core   0: 3 0x800095a6 (0xa43f2f23) mem 0x8000b000 0x00000001
core   0: 0x800095aa (0x0000bfe5) c.j     pc - 8
core   0: 3 0x800095aa (0xbfe5)
core   0: 0x800095a2 (0x00002f17) auipc   t5, 0x2
core   0: 3 0x800095a2 (0x00002f17) x30 0x8000b5a2
core   0: 0x800095a6 (0xa43f2f23) sw      gp, -1442(t5)
core   0: 3 0x800095a6 (0xa43f2f23) mem 0x8000b000 0x00000001
core   0: 0x800095aa (0x0000bfe5) c.j     pc - 8
core   0: 3 0x800095aa (0xbfe5)
core   0: 0x800095a2 (0x00002f17) auipc   t5, 0x2
core   0: 3 0x800095a2 (0x00002f17) x30 0x8000b5a2
core   0: 0x800095a6 (0xa43f2f23) sw      gp, -1442(t5)
core   0: 3 0x800095a6 (0xa43f2f23) mem 0x8000b000 0x00000001
core   0: 0x800095aa (0x0000bfe5) c.j     pc - 8
core   0: 3 0x800095aa (0xbfe5)
core   0: 0x800095a2 (0x00002f17) auipc   t5, 0x2
core   0: 3 0x800095a2 (0x00002f17) x30 0x8000b5a2
core   0: 0x800095a6 (0xa43f2f23) sw      gp, -1442(t5)
core   0: 3 0x800095a6 (0xa43f2f23) mem 0x8000b000 0x00000001
core   0: 0x800095aa (0x0000bfe5) c.j     pc - 8
core   0: 3 0x800095aa (0xbfe5)
core   0: 0x800095a2 (0x00002f17) auipc   t5, 0x2
core   0: 3 0x800095a2 (0x00002f17) x30 0x8000b5a2
core   0: 0x800095a6 (0xa43f2f23) sw      gp, -1442(t5)
core   0: 3 0x800095a6 (0xa43f2f23) mem 0x8000b000 0x00000001
core   0: 0x800095aa (0x0000bfe5) c.j     pc - 8
core   0: 3 0x800095aa (0xbfe5)
core   0: 0x800095a2 (0x00002f17) auipc   t5, 0x2
core   0: 3 0x800095a2 (0x00002f17) x30 0x8000b5a2
core   0: 0x800095a6 (0xa43f2f23) sw      gp, -1442(t5)
core   0: 3 0x800095a6 (0xa43f2f23) mem 0x8000b000 0x00000001
core   0: 0x800095aa (0x0000bfe5) c.j     pc - 8
core   0: 3 0x800095aa (0xbfe5)
core   0: 0x800095a2 (0x00002f17) auipc   t5, 0x2
core   0: 3 0x800095a2 (0x00002f17) x30 0x8000b5a2
core   0: 0x800095a6 (0xa43f2f23) sw      gp, -1442(t5)
core   0: 3 0x800095a6 (0xa43f2f23) mem 0x8000b000 0x00000001
core   0: 0x800095aa (0x0000bfe5) c.j     pc - 8
core   0: 3 0x800095aa (0xbfe5)
core   0: 0x800095a2 (0x00002f17) auipc   t5, 0x2
core   0: 3 0x800095a2 (0x00002f17) x30 0x8000b5a2
core   0: 0x800095a6 (0xa43f2f23) sw      gp, -1442(t5)
core   0: 3 0x800095a6 (0xa43f2f23) mem 0x8000b000 0x00000001
core   0: 0x800095aa (0x0000bfe5) c.j     pc - 8
core   0: 3 0x800095aa (0xbfe5)
core   0: 0x800095a2 (0x00002f17) auipc   t5, 0x2
core   0: 3 0x800095a2 (0x00002f17) x30 0x8000b5a2
core   0: 0x800095a6 (0xa43f2f23) sw      gp, -1442(t5)
core   0: 3 0x800095a6 (0xa43f2f23) mem 0x8000b000 0x00000001
core   0: 0x800095aa (0x0000bfe5) c.j     pc - 8
core   0: 3 0x800095aa (0xbfe5)
core   0: 0x800095a2 (0x00002f17) auipc   t5, 0x2
core   0: 3 0x800095a2 (0x00002f17) x30 0x8000b5a2
core   0: 0x800095a6 (0xa43f2f23) sw      gp, -1442(t5)
core   0: 3 0x800095a6 (0xa43f2f23) mem 0x8000b000 0x00000001
core   0: 0x800095aa (0x0000bfe5) c.j     pc - 8
core   0: 3 0x800095aa (0xbfe5)
core   0: 0x800095a2 (0x00002f17) auipc   t5, 0x2
core   0: 3 0x800095a2 (0x00002f17) x30 0x8000b5a2
core   0: 0x800095a6 (0xa43f2f23) sw      gp, -1442(t5)
core   0: 3 0x800095a6 (0xa43f2f23) mem 0x8000b000 0x00000001
core   0: 0x800095aa (0x0000bfe5) c.j     pc - 8
core   0: 3 0x800095aa (0xbfe5)
core   0: 0x800095a2 (0x00002f17) auipc   t5, 0x2
core   0: 3 0x800095a2 (0x00002f17) x30 0x8000b5a2
core   0: 0x800095a6 (0xa43f2f23) sw      gp, -1442(t5)
core   0: 3 0x800095a6 (0xa43f2f23) mem 0x8000b000 0x00000001
core   0: 0x800095aa (0x0000bfe5) c.j     pc - 8
core   0: 3 0x800095aa (0xbfe5)
core   0: 0x800095a2 (0x00002f17) auipc   t5, 0x2
core   0: 3 0x800095a2 (0x00002f17) x30 0x8000b5a2
core   0: 0x800095a6 (0xa43f2f23) sw      gp, -1442(t5)
core   0: 3 0x800095a6 (0xa43f2f23) mem 0x8000b000 0x00000001
core   0: 0x800095aa (0x0000bfe5) c.j     pc - 8
core   0: 3 0x800095aa (0xbfe5)
core   0: 0x800095a2 (0x00002f17) auipc   t5, 0x2
core   0: 3 0x800095a2 (0x00002f17) x30 0x8000b5a2
core   0: 0x800095a6 (0xa43f2f23) sw      gp, -1442(t5)
core   0: 3 0x800095a6 (0xa43f2f23) mem 0x8000b000 0x00000001
core   0: 0x800095aa (0x0000bfe5) c.j     pc - 8
core   0: 3 0x800095aa (0xbfe5)
core   0: 0x800095a2 (0x00002f17) auipc   t5, 0x2
core   0: 3 0x800095a2 (0x00002f17) x30 0x8000b5a2
core   0: 0x800095a6 (0xa43f2f23) sw      gp, -1442(t5)
core   0: 3 0x800095a6 (0xa43f2f23) mem 0x8000b000 0x00000001
core   0: 0x800095aa (0x0000bfe5) c.j     pc - 8
core   0: 3 0x800095aa (0xbfe5)
core   0: 0x800095a2 (0x00002f17) auipc   t5, 0x2
core   0: 3 0x800095a2 (0x00002f17) x30 0x8000b5a2
core   0: 0x800095a6 (0xa43f2f23) sw      gp, -1442(t5)
core   0: 3 0x800095a6 (0xa43f2f23) mem 0x8000b000 0x00000001
core   0: 0x800095aa (0x0000bfe5) c.j     pc - 8
core   0: 3 0x800095aa (0xbfe5)
core   0: 0x800095a2 (0x00002f17) auipc   t5, 0x2
core   0: 3 0x800095a2 (0x00002f17) x30 0x8000b5a2
core   0: 0x800095a6 (0xa43f2f23) sw      gp, -1442(t5)
core   0: 3 0x800095a6 (0xa43f2f23) mem 0x8000b000 0x00000001
core   0: 0x800095aa (0x0000bfe5) c.j     pc - 8
core   0: 3 0x800095aa (0xbfe5)
core   0: 0x800095a2 (0x00002f17) auipc   t5, 0x2
core   0: 3 0x800095a2 (0x00002f17) x30 0x8000b5a2
core   0: 0x800095a6 (0xa43f2f23) sw      gp, -1442(t5)
core   0: 3 0x800095a6 (0xa43f2f23) mem 0x8000b000 0x00000001
core   0: 0x800095aa (0x0000bfe5) c.j     pc - 8
core   0: 3 0x800095aa (0xbfe5)
core   0: 0x800095a2 (0x00002f17) auipc   t5, 0x2
core   0: 3 0x800095a2 (0x00002f17) x30 0x8000b5a2
core   0: 0x800095a6 (0xa43f2f23) sw      gp, -1442(t5)
core   0: 3 0x800095a6 (0xa43f2f23) mem 0x8000b000 0x00000001
core   0: 0x800095aa (0x0000bfe5) c.j     pc - 8
core   0: 3 0x800095aa (0xbfe5)
core   0: 0x800095a2 (0x00002f17) auipc   t5, 0x2
core   0: 3 0x800095a2 (0x00002f17) x30 0x8000b5a2
core   0: 0x800095a6 (0xa43f2f23) sw      gp, -1442(t5)
core   0: 3 0x800095a6 (0xa43f2f23) mem 0x8000b000 0x00000001
core   0: 0x800095aa (0x0000bfe5) c.j     pc - 8
core   0: 3 0x800095aa (0xbfe5)
core   0: 0x800095a2 (0x00002f17) auipc   t5, 0x2
core   0: 3 0x800095a2 (0x00002f17) x30 0x8000b5a2
core   0: 0x800095a6 (0xa43f2f23) sw      gp, -1442(t5)
core   0: 3 0x800095a6 (0xa43f2f23) mem 0x8000b000 0x00000001
core   0: 0x800095aa (0x0000bfe5) c.j     pc - 8
core   0: 3 0x800095aa (0xbfe5)
core   0: 0x800095a2 (0x00002f17) auipc   t5, 0x2
core   0: 3 0x800095a2 (0x00002f17) x30 0x8000b5a2
core   0: 0x800095a6 (0xa43f2f23) sw      gp, -1442(t5)
core   0: 3 0x800095a6 (0xa43f2f23) mem 0x8000b000 0x00000001
core   0: 0x800095aa (0x0000bfe5) c.j     pc - 8
core   0: 3 0x800095aa (0xbfe5)
core   0: 0x800095a2 (0x00002f17) auipc   t5, 0x2
core   0: 3 0x800095a2 (0x00002f17) x30 0x8000b5a2
core   0: 0x800095a6 (0xa43f2f23) sw      gp, -1442(t5)
core   0: 3 0x800095a6 (0xa43f2f23) mem 0x8000b000 0x00000001
core   0: 0x800095aa (0x0000bfe5) c.j     pc - 8
core   0: 3 0x800095aa (0xbfe5)
core   0: 0x800095a2 (0x00002f17) auipc   t5, 0x2
core   0: 3 0x800095a2 (0x00002f17) x30 0x8000b5a2
core   0: 0x800095a6 (0xa43f2f23) sw      gp, -1442(t5)
core   0: 3 0x800095a6 (0xa43f2f23) mem 0x8000b000 0x00000001
core   0: 0x800095aa (0x0000bfe5) c.j     pc - 8
core   0: 3 0x800095aa (0xbfe5)
core   0: 0x800095a2 (0x00002f17) auipc   t5, 0x2
core   0: 3 0x800095a2 (0x00002f17) x30 0x8000b5a2
core   0: 0x800095a6 (0xa43f2f23) sw      gp, -1442(t5)
core   0: 3 0x800095a6 (0xa43f2f23) mem 0x8000b000 0x00000001
core   0: 0x800095aa (0x0000bfe5) c.j     pc - 8
core   0: 3 0x800095aa (0xbfe5)
core   0: 0x800095a2 (0x00002f17) auipc   t5, 0x2
core   0: 3 0x800095a2 (0x00002f17) x30 0x8000b5a2
core   0: 0x800095a6 (0xa43f2f23) sw      gp, -1442(t5)
core   0: 3 0x800095a6 (0xa43f2f23) mem 0x8000b000 0x00000001
core   0: 0x800095aa (0x0000bfe5) c.j     pc - 8
core   0: 3 0x800095aa (0xbfe5)
core   0: 0x800095a2 (0x00002f17) auipc   t5, 0x2
core   0: 3 0x800095a2 (0x00002f17) x30 0x8000b5a2
core   0: 0x800095a6 (0xa43f2f23) sw      gp, -1442(t5)
core   0: 3 0x800095a6 (0xa43f2f23) mem 0x8000b000 0x00000001
core   0: 0x800095aa (0x0000bfe5) c.j     pc - 8
core   0: 3 0x800095aa (0xbfe5)
core   0: 0x800095a2 (0x00002f17) auipc   t5, 0x2
core   0: 3 0x800095a2 (0x00002f17) x30 0x8000b5a2
core   0: 0x800095a6 (0xa43f2f23) sw      gp, -1442(t5)
core   0: 3 0x800095a6 (0xa43f2f23) mem 0x8000b000 0x00000001
core   0: 0x800095aa (0x0000bfe5) c.j     pc - 8
core   0: 3 0x800095aa (0xbfe5)
core   0: 0x800095a2 (0x00002f17) auipc   t5, 0x2
core   0: 3 0x800095a2 (0x00002f17) x30 0x8000b5a2
core   0: 0x800095a6 (0xa43f2f23) sw      gp, -1442(t5)
core   0: 3 0x800095a6 (0xa43f2f23) mem 0x8000b000 0x00000001
core   0: 0x800095aa (0x0000bfe5) c.j     pc - 8
core   0: 3 0x800095aa (0xbfe5)
core   0: 0x800095a2 (0x00002f17) auipc   t5, 0x2
core   0: 3 0x800095a2 (0x00002f17) x30 0x8000b5a2
core   0: 0x800095a6 (0xa43f2f23) sw      gp, -1442(t5)
core   0: 3 0x800095a6 (0xa43f2f23) mem 0x8000b000 0x00000001
core   0: 0x800095aa (0x0000bfe5) c.j     pc - 8
core   0: 3 0x800095aa (0xbfe5)
core   0: 0x800095a2 (0x00002f17) auipc   t5, 0x2
core   0: 3 0x800095a2 (0x00002f17) x30 0x8000b5a2
core   0: 0x800095a6 (0xa43f2f23) sw      gp, -1442(t5)
core   0: 3 0x800095a6 (0xa43f2f23) mem 0x8000b000 0x00000001
core   0: 0x800095aa (0x0000bfe5) c.j     pc - 8
core   0: 3 0x800095aa (0xbfe5)
core   0: 0x800095a2 (0x00002f17) auipc   t5, 0x2
core   0: 3 0x800095a2 (0x00002f17) x30 0x8000b5a2
core   0: 0x800095a6 (0xa43f2f23) sw      gp, -1442(t5)
core   0: 3 0x800095a6 (0xa43f2f23) mem 0x8000b000 0x00000001
core   0: 0x800095aa (0x0000bfe5) c.j     pc - 8
core   0: 3 0x800095aa (0xbfe5)
core   0: 0x800095a2 (0x00002f17) auipc   t5, 0x2
core   0: 3 0x800095a2 (0x00002f17) x30 0x8000b5a2
core   0: 0x800095a6 (0xa43f2f23) sw      gp, -1442(t5)
core   0: 3 0x800095a6 (0xa43f2f23) mem 0x8000b000 0x00000001
core   0: 0x800095aa (0x0000bfe5) c.j     pc - 8
core   0: 3 0x800095aa (0xbfe5)
core   0: 0x800095a2 (0x00002f17) auipc   t5, 0x2
core   0: 3 0x800095a2 (0x00002f17) x30 0x8000b5a2
core   0: 0x800095a6 (0xa43f2f23) sw      gp, -1442(t5)
core   0: 3 0x800095a6 (0xa43f2f23) mem 0x8000b000 0x00000001
core   0: 0x800095aa (0x0000bfe5) c.j     pc - 8
core   0: 3 0x800095aa (0xbfe5)
core   0: 0x800095a2 (0x00002f17) auipc   t5, 0x2
core   0: 3 0x800095a2 (0x00002f17) x30 0x8000b5a2
core   0: 0x800095a6 (0xa43f2f23) sw      gp, -1442(t5)
core   0: 3 0x800095a6 (0xa43f2f23) mem 0x8000b000 0x00000001
core   0: 0x800095aa (0x0000bfe5) c.j     pc - 8
core   0: 3 0x800095aa (0xbfe5)
core   0: 0x800095a2 (0x00002f17) auipc   t5, 0x2
core   0: 3 0x800095a2 (0x00002f17) x30 0x8000b5a2
core   0: 0x800095a6 (0xa43f2f23) sw      gp, -1442(t5)
core   0: 3 0x800095a6 (0xa43f2f23) mem 0x8000b000 0x00000001
core   0: 0x800095aa (0x0000bfe5) c.j     pc - 8
core   0: 3 0x800095aa (0xbfe5)
core   0: 0x800095a2 (0x00002f17) auipc   t5, 0x2
core   0: 3 0x800095a2 (0x00002f17) x30 0x8000b5a2
core   0: 0x800095a6 (0xa43f2f23) sw      gp, -1442(t5)
core   0: 3 0x800095a6 (0xa43f2f23) mem 0x8000b000 0x00000001
core   0: 0x800095aa (0x0000bfe5) c.j     pc - 8
core   0: 3 0x800095aa (0xbfe5)
core   0: 0x800095a2 (0x00002f17) auipc   t5, 0x2
core   0: 3 0x800095a2 (0x00002f17) x30 0x8000b5a2
core   0: 0x800095a6 (0xa43f2f23) sw      gp, -1442(t5)
core   0: 3 0x800095a6 (0xa43f2f23) mem 0x8000b000 0x00000001
core   0: 0x800095aa (0x0000bfe5) c.j     pc - 8
core   0: 3 0x800095aa (0xbfe5)
core   0: 0x800095a2 (0x00002f17) auipc   t5, 0x2
core   0: 3 0x800095a2 (0x00002f17) x30 0x8000b5a2
core   0: 0x800095a6 (0xa43f2f23) sw      gp, -1442(t5)
core   0: 3 0x800095a6 (0xa43f2f23) mem 0x8000b000 0x00000001
core   0: 0x800095aa (0x0000bfe5) c.j     pc - 8
core   0: 3 0x800095aa (0xbfe5)
core   0: 0x800095a2 (0x00002f17) auipc   t5, 0x2
core   0: 3 0x800095a2 (0x00002f17) x30 0x8000b5a2
core   0: 0x800095a6 (0xa43f2f23) sw      gp, -1442(t5)
core   0: 3 0x800095a6 (0xa43f2f23) mem 0x8000b000 0x00000001
core   0: 0x800095aa (0x0000bfe5) c.j     pc - 8
core   0: 3 0x800095aa (0xbfe5)
core   0: 0x800095a2 (0x00002f17) auipc   t5, 0x2
core   0: 3 0x800095a2 (0x00002f17) x30 0x8000b5a2
core   0: 0x800095a6 (0xa43f2f23) sw      gp, -1442(t5)
core   0: 3 0x800095a6 (0xa43f2f23) mem 0x8000b000 0x00000001
core   0: 0x800095aa (0x0000bfe5) c.j     pc - 8
core   0: 3 0x800095aa (0xbfe5)
core   0: 0x800095a2 (0x00002f17) auipc   t5, 0x2
core   0: 3 0x800095a2 (0x00002f17) x30 0x8000b5a2
core   0: 0x800095a6 (0xa43f2f23) sw      gp, -1442(t5)
core   0: 3 0x800095a6 (0xa43f2f23) mem 0x8000b000 0x00000001
core   0: 0x800095aa (0x0000bfe5) c.j     pc - 8
core   0: 3 0x800095aa (0xbfe5)
core   0: 0x800095a2 (0x00002f17) auipc   t5, 0x2
core   0: 3 0x800095a2 (0x00002f17) x30 0x8000b5a2
core   0: 0x800095a6 (0xa43f2f23) sw      gp, -1442(t5)
core   0: 3 0x800095a6 (0xa43f2f23) mem 0x8000b000 0x00000001
core   0: 0x800095aa (0x0000bfe5) c.j     pc - 8
core   0: 3 0x800095aa (0xbfe5)
core   0: 0x800095a2 (0x00002f17) auipc   t5, 0x2
core   0: 3 0x800095a2 (0x00002f17) x30 0x8000b5a2
core   0: 0x800095a6 (0xa43f2f23) sw      gp, -1442(t5)
core   0: 3 0x800095a6 (0xa43f2f23) mem 0x8000b000 0x00000001
core   0: 0x800095aa (0x0000bfe5) c.j     pc - 8
core   0: 3 0x800095aa (0xbfe5)
core   0: 0x800095a2 (0x00002f17) auipc   t5, 0x2
core   0: 3 0x800095a2 (0x00002f17) x30 0x8000b5a2
core   0: 0x800095a6 (0xa43f2f23) sw      gp, -1442(t5)
core   0: 3 0x800095a6 (0xa43f2f23) mem 0x8000b000 0x00000001
core   0: 0x800095aa (0x0000bfe5) c.j     pc - 8
core   0: 3 0x800095aa (0xbfe5)
core   0: 0x800095a2 (0x00002f17) auipc   t5, 0x2
core   0: 3 0x800095a2 (0x00002f17) x30 0x8000b5a2
core   0: 0x800095a6 (0xa43f2f23) sw      gp, -1442(t5)
core   0: 3 0x800095a6 (0xa43f2f23) mem 0x8000b000 0x00000001
core   0: 0x800095aa (0x0000bfe5) c.j     pc - 8
core   0: 3 0x800095aa (0xbfe5)
core   0: 0x800095a2 (0x00002f17) auipc   t5, 0x2
core   0: 3 0x800095a2 (0x00002f17) x30 0x8000b5a2
core   0: 0x800095a6 (0xa43f2f23) sw      gp, -1442(t5)
core   0: 3 0x800095a6 (0xa43f2f23) mem 0x8000b000 0x00000001
core   0: 0x800095aa (0x0000bfe5) c.j     pc - 8
core   0: 3 0x800095aa (0xbfe5)
core   0: 0x800095a2 (0x00002f17) auipc   t5, 0x2
core   0: 3 0x800095a2 (0x00002f17) x30 0x8000b5a2
core   0: 0x800095a6 (0xa43f2f23) sw      gp, -1442(t5)
core   0: 3 0x800095a6 (0xa43f2f23) mem 0x8000b000 0x00000001
core   0: 0x800095aa (0x0000bfe5) c.j     pc - 8
core   0: 3 0x800095aa (0xbfe5)
core   0: 0x800095a2 (0x00002f17) auipc   t5, 0x2
core   0: 3 0x800095a2 (0x00002f17) x30 0x8000b5a2
core   0: 0x800095a6 (0xa43f2f23) sw      gp, -1442(t5)
core   0: 3 0x800095a6 (0xa43f2f23) mem 0x8000b000 0x00000001
core   0: 0x800095aa (0x0000bfe5) c.j     pc - 8
core   0: 3 0x800095aa (0xbfe5)
core   0: 0x800095a2 (0x00002f17) auipc   t5, 0x2
core   0: 3 0x800095a2 (0x00002f17) x30 0x8000b5a2
core   0: 0x800095a6 (0xa43f2f23) sw      gp, -1442(t5)
core   0: 3 0x800095a6 (0xa43f2f23) mem 0x8000b000 0x00000001
core   0: 0x800095aa (0x0000bfe5) c.j     pc - 8
core   0: 3 0x800095aa (0xbfe5)
core   0: 0x800095a2 (0x00002f17) auipc   t5, 0x2
core   0: 3 0x800095a2 (0x00002f17) x30 0x8000b5a2
core   0: 0x800095a6 (0xa43f2f23) sw      gp, -1442(t5)
core   0: 3 0x800095a6 (0xa43f2f23) mem 0x8000b000 0x00000001
core   0: 0x800095aa (0x0000bfe5) c.j     pc - 8
core   0: 3 0x800095aa (0xbfe5)
core   0: 0x800095a2 (0x00002f17) auipc   t5, 0x2
core   0: 3 0x800095a2 (0x00002f17) x30 0x8000b5a2
core   0: 0x800095a6 (0xa43f2f23) sw      gp, -1442(t5)
core   0: 3 0x800095a6 (0xa43f2f23) mem 0x8000b000 0x00000001
core   0: 0x800095aa (0x0000bfe5) c.j     pc - 8
core   0: 3 0x800095aa (0xbfe5)
core   0: 0x800095a2 (0x00002f17) auipc   t5, 0x2
core   0: 3 0x800095a2 (0x00002f17) x30 0x8000b5a2
core   0: 0x800095a6 (0xa43f2f23) sw      gp, -1442(t5)
core   0: 3 0x800095a6 (0xa43f2f23) mem 0x8000b000 0x00000001
core   0: 0x800095aa (0x0000bfe5) c.j     pc - 8
core   0: 3 0x800095aa (0xbfe5)
core   0: 0x800095a2 (0x00002f17) auipc   t5, 0x2
core   0: 3 0x800095a2 (0x00002f17) x30 0x8000b5a2
core   0: 0x800095a6 (0xa43f2f23) sw      gp, -1442(t5)
core   0: 3 0x800095a6 (0xa43f2f23) mem 0x8000b000 0x00000001
core   0: 0x800095aa (0x0000bfe5) c.j     pc - 8
core   0: 3 0x800095aa (0xbfe5)
core   0: 0x800095a2 (0x00002f17) auipc   t5, 0x2
core   0: 3 0x800095a2 (0x00002f17) x30 0x8000b5a2
core   0: 0x800095a6 (0xa43f2f23) sw      gp, -1442(t5)
core   0: 3 0x800095a6 (0xa43f2f23) mem 0x8000b000 0x00000001
core   0: 0x800095aa (0x0000bfe5) c.j     pc - 8
core   0: 3 0x800095aa (0xbfe5)
core   0: 0x800095a2 (0x00002f17) auipc   t5, 0x2
core   0: 3 0x800095a2 (0x00002f17) x30 0x8000b5a2
core   0: 0x800095a6 (0xa43f2f23) sw      gp, -1442(t5)
core   0: 3 0x800095a6 (0xa43f2f23) mem 0x8000b000 0x00000001
core   0: 0x800095aa (0x0000bfe5) c.j     pc - 8
core   0: 3 0x800095aa (0xbfe5)
core   0: 0x800095a2 (0x00002f17) auipc   t5, 0x2
core   0: 3 0x800095a2 (0x00002f17) x30 0x8000b5a2
core   0: 0x800095a6 (0xa43f2f23) sw      gp, -1442(t5)
core   0: 3 0x800095a6 (0xa43f2f23) mem 0x8000b000 0x00000001
core   0: 0x800095aa (0x0000bfe5) c.j     pc - 8
core   0: 3 0x800095aa (0xbfe5)
core   0: 0x800095a2 (0x00002f17) auipc   t5, 0x2
core   0: 3 0x800095a2 (0x00002f17) x30 0x8000b5a2
core   0: 0x800095a6 (0xa43f2f23) sw      gp, -1442(t5)
core   0: 3 0x800095a6 (0xa43f2f23) mem 0x8000b000 0x00000001
core   0: 0x800095aa (0x0000bfe5) c.j     pc - 8
core   0: 3 0x800095aa (0xbfe5)
core   0: 0x800095a2 (0x00002f17) auipc   t5, 0x2
core   0: 3 0x800095a2 (0x00002f17) x30 0x8000b5a2
core   0: 0x800095a6 (0xa43f2f23) sw      gp, -1442(t5)
core   0: 3 0x800095a6 (0xa43f2f23) mem 0x8000b000 0x00000001
core   0: 0x800095aa (0x0000bfe5) c.j     pc - 8
core   0: 3 0x800095aa (0xbfe5)
core   0: 0x800095a2 (0x00002f17) auipc   t5, 0x2
core   0: 3 0x800095a2 (0x00002f17) x30 0x8000b5a2
core   0: 0x800095a6 (0xa43f2f23) sw      gp, -1442(t5)
core   0: 3 0x800095a6 (0xa43f2f23) mem 0x8000b000 0x00000001
core   0: 0x800095aa (0x0000bfe5) c.j     pc - 8
core   0: 3 0x800095aa (0xbfe5)
core   0: 0x800095a2 (0x00002f17) auipc   t5, 0x2
core   0: 3 0x800095a2 (0x00002f17) x30 0x8000b5a2
core   0: 0x800095a6 (0xa43f2f23) sw      gp, -1442(t5)
core   0: 3 0x800095a6 (0xa43f2f23) mem 0x8000b000 0x00000001
core   0: 0x800095aa (0x0000bfe5) c.j     pc - 8
core   0: 3 0x800095aa (0xbfe5)
core   0: 0x800095a2 (0x00002f17) auipc   t5, 0x2
core   0: 3 0x800095a2 (0x00002f17) x30 0x8000b5a2
core   0: 0x800095a6 (0xa43f2f23) sw      gp, -1442(t5)
core   0: 3 0x800095a6 (0xa43f2f23) mem 0x8000b000 0x00000001
core   0: 0x800095aa (0x0000bfe5) c.j     pc - 8
core   0: 3 0x800095aa (0xbfe5)
core   0: 0x800095a2 (0x00002f17) auipc   t5, 0x2
core   0: 3 0x800095a2 (0x00002f17) x30 0x8000b5a2
core   0: 0x800095a6 (0xa43f2f23) sw      gp, -1442(t5)
core   0: 3 0x800095a6 (0xa43f2f23) mem 0x8000b000 0x00000001
core   0: 0x800095aa (0x0000bfe5) c.j     pc - 8
core   0: 3 0x800095aa (0xbfe5)
core   0: 0x800095a2 (0x00002f17) auipc   t5, 0x2
core   0: 3 0x800095a2 (0x00002f17) x30 0x8000b5a2
core   0: 0x800095a6 (0xa43f2f23) sw      gp, -1442(t5)
core   0: 3 0x800095a6 (0xa43f2f23) mem 0x8000b000 0x00000001
core   0: 0x800095aa (0x0000bfe5) c.j     pc - 8
core   0: 3 0x800095aa (0xbfe5)
core   0: 0x800095a2 (0x00002f17) auipc   t5, 0x2
core   0: 3 0x800095a2 (0x00002f17) x30 0x8000b5a2
core   0: 0x800095a6 (0xa43f2f23) sw      gp, -1442(t5)
core   0: 3 0x800095a6 (0xa43f2f23) mem 0x8000b000 0x00000001
core   0: 0x800095aa (0x0000bfe5) c.j     pc - 8
core   0: 3 0x800095aa (0xbfe5)
core   0: 0x800095a2 (0x00002f17) auipc   t5, 0x2
core   0: 3 0x800095a2 (0x00002f17) x30 0x8000b5a2
core   0: 0x800095a6 (0xa43f2f23) sw      gp, -1442(t5)
core   0: 3 0x800095a6 (0xa43f2f23) mem 0x8000b000 0x00000001
core   0: 0x800095aa (0x0000bfe5) c.j     pc - 8
core   0: 3 0x800095aa (0xbfe5)
core   0: 0x800095a2 (0x00002f17) auipc   t5, 0x2
core   0: 3 0x800095a2 (0x00002f17) x30 0x8000b5a2
core   0: 0x800095a6 (0xa43f2f23) sw      gp, -1442(t5)
core   0: 3 0x800095a6 (0xa43f2f23) mem 0x8000b000 0x00000001
core   0: 0x800095aa (0x0000bfe5) c.j     pc - 8
core   0: 3 0x800095aa (0xbfe5)
core   0: 0x800095a2 (0x00002f17) auipc   t5, 0x2
core   0: 3 0x800095a2 (0x00002f17) x30 0x8000b5a2
core   0: 0x800095a6 (0xa43f2f23) sw      gp, -1442(t5)
core   0: 3 0x800095a6 (0xa43f2f23) mem 0x8000b000 0x00000001
core   0: 0x800095aa (0x0000bfe5) c.j     pc - 8
core   0: 3 0x800095aa (0xbfe5)
core   0: 0x800095a2 (0x00002f17) auipc   t5, 0x2
core   0: 3 0x800095a2 (0x00002f17) x30 0x8000b5a2
core   0: 0x800095a6 (0xa43f2f23) sw      gp, -1442(t5)
core   0: 3 0x800095a6 (0xa43f2f23) mem 0x8000b000 0x00000001
core   0: 0x800095aa (0x0000bfe5) c.j     pc - 8
core   0: 3 0x800095aa (0xbfe5)
core   0: 0x800095a2 (0x00002f17) auipc   t5, 0x2
core   0: 3 0x800095a2 (0x00002f17) x30 0x8000b5a2
core   0: 0x800095a6 (0xa43f2f23) sw      gp, -1442(t5)
core   0: 3 0x800095a6 (0xa43f2f23) mem 0x8000b000 0x00000001
core   0: 0x800095aa (0x0000bfe5) c.j     pc - 8
core   0: 3 0x800095aa (0xbfe5)
core   0: 0x800095a2 (0x00002f17) auipc   t5, 0x2
core   0: 3 0x800095a2 (0x00002f17) x30 0x8000b5a2
core   0: 0x800095a6 (0xa43f2f23) sw      gp, -1442(t5)
core   0: 3 0x800095a6 (0xa43f2f23) mem 0x8000b000 0x00000001
core   0: 0x800095aa (0x0000bfe5) c.j     pc - 8
core   0: 3 0x800095aa (0xbfe5)
core   0: 0x800095a2 (0x00002f17) auipc   t5, 0x2
core   0: 3 0x800095a2 (0x00002f17) x30 0x8000b5a2
core   0: 0x800095a6 (0xa43f2f23) sw      gp, -1442(t5)
core   0: 3 0x800095a6 (0xa43f2f23) mem 0x8000b000 0x00000001
core   0: 0x800095aa (0x0000bfe5) c.j     pc - 8
core   0: 3 0x800095aa (0xbfe5)
core   0: 0x800095a2 (0x00002f17) auipc   t5, 0x2
core   0: 3 0x800095a2 (0x00002f17) x30 0x8000b5a2
core   0: 0x800095a6 (0xa43f2f23) sw      gp, -1442(t5)
core   0: 3 0x800095a6 (0xa43f2f23) mem 0x8000b000 0x00000001
core   0: 0x800095aa (0x0000bfe5) c.j     pc - 8
core   0: 3 0x800095aa (0xbfe5)
core   0: 0x800095a2 (0x00002f17) auipc   t5, 0x2
core   0: 3 0x800095a2 (0x00002f17) x30 0x8000b5a2
core   0: 0x800095a6 (0xa43f2f23) sw      gp, -1442(t5)
core   0: 3 0x800095a6 (0xa43f2f23) mem 0x8000b000 0x00000001
core   0: 0x800095aa (0x0000bfe5) c.j     pc - 8
core   0: 3 0x800095aa (0xbfe5)
core   0: 0x800095a2 (0x00002f17) auipc   t5, 0x2
core   0: 3 0x800095a2 (0x00002f17) x30 0x8000b5a2
core   0: 0x800095a6 (0xa43f2f23) sw      gp, -1442(t5)
core   0: 3 0x800095a6 (0xa43f2f23) mem 0x8000b000 0x00000001
core   0: 0x800095aa (0x0000bfe5) c.j     pc - 8
core   0: 3 0x800095aa (0xbfe5)
core   0: 0x800095a2 (0x00002f17) auipc   t5, 0x2
core   0: 3 0x800095a2 (0x00002f17) x30 0x8000b5a2
core   0: 0x800095a6 (0xa43f2f23) sw      gp, -1442(t5)
core   0: 3 0x800095a6 (0xa43f2f23) mem 0x8000b000 0x00000001
core   0: 0x800095aa (0x0000bfe5) c.j     pc - 8
core   0: 3 0x800095aa (0xbfe5)
core   0: 0x800095a2 (0x00002f17) auipc   t5, 0x2
core   0: 3 0x800095a2 (0x00002f17) x30 0x8000b5a2
core   0: 0x800095a6 (0xa43f2f23) sw      gp, -1442(t5)
core   0: 3 0x800095a6 (0xa43f2f23) mem 0x8000b000 0x00000001
core   0: 0x800095aa (0x0000bfe5) c.j     pc - 8
core   0: 3 0x800095aa (0xbfe5)
core   0: 0x800095a2 (0x00002f17) auipc   t5, 0x2
core   0: 3 0x800095a2 (0x00002f17) x30 0x8000b5a2
core   0: 0x800095a6 (0xa43f2f23) sw      gp, -1442(t5)
core   0: 3 0x800095a6 (0xa43f2f23) mem 0x8000b000 0x00000001
core   0: 0x800095aa (0x0000bfe5) c.j     pc - 8
core   0: 3 0x800095aa (0xbfe5)
core   0: 0x800095a2 (0x00002f17) auipc   t5, 0x2
core   0: 3 0x800095a2 (0x00002f17) x30 0x8000b5a2
core   0: 0x800095a6 (0xa43f2f23) sw      gp, -1442(t5)
core   0: 3 0x800095a6 (0xa43f2f23) mem 0x8000b000 0x00000001
core   0: 0x800095aa (0x0000bfe5) c.j     pc - 8
core   0: 3 0x800095aa (0xbfe5)
core   0: 0x800095a2 (0x00002f17) auipc   t5, 0x2
core   0: 3 0x800095a2 (0x00002f17) x30 0x8000b5a2
core   0: 0x800095a6 (0xa43f2f23) sw      gp, -1442(t5)
core   0: 3 0x800095a6 (0xa43f2f23) mem 0x8000b000 0x00000001
core   0: 0x800095aa (0x0000bfe5) c.j     pc - 8
core   0: 3 0x800095aa (0xbfe5)
core   0: 0x800095a2 (0x00002f17) auipc   t5, 0x2
core   0: 3 0x800095a2 (0x00002f17) x30 0x8000b5a2
core   0: 0x800095a6 (0xa43f2f23) sw      gp, -1442(t5)
core   0: 3 0x800095a6 (0xa43f2f23) mem 0x8000b000 0x00000001
core   0: 0x800095aa (0x0000bfe5) c.j     pc - 8
core   0: 3 0x800095aa (0xbfe5)
core   0: 0x800095a2 (0x00002f17) auipc   t5, 0x2
core   0: 3 0x800095a2 (0x00002f17) x30 0x8000b5a2
core   0: 0x800095a6 (0xa43f2f23) sw      gp, -1442(t5)
core   0: 3 0x800095a6 (0xa43f2f23) mem 0x8000b000 0x00000001
core   0: 0x800095aa (0x0000bfe5) c.j     pc - 8
core   0: 3 0x800095aa (0xbfe5)
core   0: 0x800095a2 (0x00002f17) auipc   t5, 0x2
core   0: 3 0x800095a2 (0x00002f17) x30 0x8000b5a2
core   0: 0x800095a6 (0xa43f2f23) sw      gp, -1442(t5)
core   0: 3 0x800095a6 (0xa43f2f23) mem 0x8000b000 0x00000001
core   0: 0x800095aa (0x0000bfe5) c.j     pc - 8
core   0: 3 0x800095aa (0xbfe5)
core   0: 0x800095a2 (0x00002f17) auipc   t5, 0x2
core   0: 3 0x800095a2 (0x00002f17) x30 0x8000b5a2
core   0: 0x800095a6 (0xa43f2f23) sw      gp, -1442(t5)
core   0: 3 0x800095a6 (0xa43f2f23) mem 0x8000b000 0x00000001
core   0: 0x800095aa (0x0000bfe5) c.j     pc - 8
core   0: 3 0x800095aa (0xbfe5)
core   0: 0x800095a2 (0x00002f17) auipc   t5, 0x2
core   0: 3 0x800095a2 (0x00002f17) x30 0x8000b5a2
core   0: 0x800095a6 (0xa43f2f23) sw      gp, -1442(t5)
core   0: 3 0x800095a6 (0xa43f2f23) mem 0x8000b000 0x00000001
core   0: 0x800095aa (0x0000bfe5) c.j     pc - 8
core   0: 3 0x800095aa (0xbfe5)
core   0: 0x800095a2 (0x00002f17) auipc   t5, 0x2
core   0: 3 0x800095a2 (0x00002f17) x30 0x8000b5a2
core   0: 0x800095a6 (0xa43f2f23) sw      gp, -1442(t5)
core   0: 3 0x800095a6 (0xa43f2f23) mem 0x8000b000 0x00000001
core   0: 0x800095aa (0x0000bfe5) c.j     pc - 8
core   0: 3 0x800095aa (0xbfe5)
core   0: 0x800095a2 (0x00002f17) auipc   t5, 0x2
core   0: 3 0x800095a2 (0x00002f17) x30 0x8000b5a2
core   0: 0x800095a6 (0xa43f2f23) sw      gp, -1442(t5)
core   0: 3 0x800095a6 (0xa43f2f23) mem 0x8000b000 0x00000001
core   0: 0x800095aa (0x0000bfe5) c.j     pc - 8
core   0: 3 0x800095aa (0xbfe5)
core   0: 0x800095a2 (0x00002f17) auipc   t5, 0x2
core   0: 3 0x800095a2 (0x00002f17) x30 0x8000b5a2
core   0: 0x800095a6 (0xa43f2f23) sw      gp, -1442(t5)
core   0: 3 0x800095a6 (0xa43f2f23) mem 0x8000b000 0x00000001
core   0: 0x800095aa (0x0000bfe5) c.j     pc - 8
core   0: 3 0x800095aa (0xbfe5)
core   0: 0x800095a2 (0x00002f17) auipc   t5, 0x2
core   0: 3 0x800095a2 (0x00002f17) x30 0x8000b5a2
core   0: 0x800095a6 (0xa43f2f23) sw      gp, -1442(t5)
core   0: 3 0x800095a6 (0xa43f2f23) mem 0x8000b000 0x00000001
core   0: 0x800095aa (0x0000bfe5) c.j     pc - 8
core   0: 3 0x800095aa (0xbfe5)
core   0: 0x800095a2 (0x00002f17) auipc   t5, 0x2
core   0: 3 0x800095a2 (0x00002f17) x30 0x8000b5a2
core   0: 0x800095a6 (0xa43f2f23) sw      gp, -1442(t5)
core   0: 3 0x800095a6 (0xa43f2f23) mem 0x8000b000 0x00000001
core   0: 0x800095aa (0x0000bfe5) c.j     pc - 8
core   0: 3 0x800095aa (0xbfe5)
core   0: 0x800095a2 (0x00002f17) auipc   t5, 0x2
core   0: 3 0x800095a2 (0x00002f17) x30 0x8000b5a2
core   0: 0x800095a6 (0xa43f2f23) sw      gp, -1442(t5)
core   0: 3 0x800095a6 (0xa43f2f23) mem 0x8000b000 0x00000001
core   0: 0x800095aa (0x0000bfe5) c.j     pc - 8
core   0: 3 0x800095aa (0xbfe5)
core   0: 0x800095a2 (0x00002f17) auipc   t5, 0x2
core   0: 3 0x800095a2 (0x00002f17) x30 0x8000b5a2
core   0: 0x800095a6 (0xa43f2f23) sw      gp, -1442(t5)
core   0: 3 0x800095a6 (0xa43f2f23) mem 0x8000b000 0x00000001
core   0: 0x800095aa (0x0000bfe5) c.j     pc - 8
core   0: 3 0x800095aa (0xbfe5)
core   0: 0x800095a2 (0x00002f17) auipc   t5, 0x2
core   0: 3 0x800095a2 (0x00002f17) x30 0x8000b5a2
core   0: 0x800095a6 (0xa43f2f23) sw      gp, -1442(t5)
core   0: 3 0x800095a6 (0xa43f2f23) mem 0x8000b000 0x00000001
core   0: 0x800095aa (0x0000bfe5) c.j     pc - 8
core   0: 3 0x800095aa (0xbfe5)
core   0: 0x800095a2 (0x00002f17) auipc   t5, 0x2
core   0: 3 0x800095a2 (0x00002f17) x30 0x8000b5a2
core   0: 0x800095a6 (0xa43f2f23) sw      gp, -1442(t5)
core   0: 3 0x800095a6 (0xa43f2f23) mem 0x8000b000 0x00000001
core   0: 0x800095aa (0x0000bfe5) c.j     pc - 8
core   0: 3 0x800095aa (0xbfe5)
core   0: 0x800095a2 (0x00002f17) auipc   t5, 0x2
core   0: 3 0x800095a2 (0x00002f17) x30 0x8000b5a2
core   0: 0x800095a6 (0xa43f2f23) sw      gp, -1442(t5)
core   0: 3 0x800095a6 (0xa43f2f23) mem 0x8000b000 0x00000001
core   0: 0x800095aa (0x0000bfe5) c.j     pc - 8
core   0: 3 0x800095aa (0xbfe5)
core   0: 0x800095a2 (0x00002f17) auipc   t5, 0x2
core   0: 3 0x800095a2 (0x00002f17) x30 0x8000b5a2
core   0: 0x800095a6 (0xa43f2f23) sw      gp, -1442(t5)
core   0: 3 0x800095a6 (0xa43f2f23) mem 0x8000b000 0x00000001
core   0: 0x800095aa (0x0000bfe5) c.j     pc - 8
core   0: 3 0x800095aa (0xbfe5)
core   0: 0x800095a2 (0x00002f17) auipc   t5, 0x2
core   0: 3 0x800095a2 (0x00002f17) x30 0x8000b5a2
core   0: 0x800095a6 (0xa43f2f23) sw      gp, -1442(t5)
core   0: 3 0x800095a6 (0xa43f2f23) mem 0x8000b000 0x00000001
core   0: 0x800095aa (0x0000bfe5) c.j     pc - 8
core   0: 3 0x800095aa (0xbfe5)
core   0: 0x800095a2 (0x00002f17) auipc   t5, 0x2
core   0: 3 0x800095a2 (0x00002f17) x30 0x8000b5a2
core   0: 0x800095a6 (0xa43f2f23) sw      gp, -1442(t5)
core   0: 3 0x800095a6 (0xa43f2f23) mem 0x8000b000 0x00000001
core   0: 0x800095aa (0x0000bfe5) c.j     pc - 8
core   0: 3 0x800095aa (0xbfe5)
core   0: 0x800095a2 (0x00002f17) auipc   t5, 0x2
core   0: 3 0x800095a2 (0x00002f17) x30 0x8000b5a2
core   0: 0x800095a6 (0xa43f2f23) sw      gp, -1442(t5)
core   0: 3 0x800095a6 (0xa43f2f23) mem 0x8000b000 0x00000001
core   0: 0x800095aa (0x0000bfe5) c.j     pc - 8
core   0: 3 0x800095aa (0xbfe5)
core   0: 0x800095a2 (0x00002f17) auipc   t5, 0x2
core   0: 3 0x800095a2 (0x00002f17) x30 0x8000b5a2
core   0: 0x800095a6 (0xa43f2f23) sw      gp, -1442(t5)
core   0: 3 0x800095a6 (0xa43f2f23) mem 0x8000b000 0x00000001
core   0: 0x800095aa (0x0000bfe5) c.j     pc - 8
core   0: 3 0x800095aa (0xbfe5)
core   0: 0x800095a2 (0x00002f17) auipc   t5, 0x2
core   0: 3 0x800095a2 (0x00002f17) x30 0x8000b5a2
core   0: 0x800095a6 (0xa43f2f23) sw      gp, -1442(t5)
core   0: 3 0x800095a6 (0xa43f2f23) mem 0x8000b000 0x00000001
core   0: 0x800095aa (0x0000bfe5) c.j     pc - 8
core   0: 3 0x800095aa (0xbfe5)
core   0: 0x800095a2 (0x00002f17) auipc   t5, 0x2
core   0: 3 0x800095a2 (0x00002f17) x30 0x8000b5a2
core   0: 0x800095a6 (0xa43f2f23) sw      gp, -1442(t5)
core   0: 3 0x800095a6 (0xa43f2f23) mem 0x8000b000 0x00000001
core   0: 0x800095aa (0x0000bfe5) c.j     pc - 8
core   0: 3 0x800095aa (0xbfe5)
core   0: 0x800095a2 (0x00002f17) auipc   t5, 0x2
core   0: 3 0x800095a2 (0x00002f17) x30 0x8000b5a2
core   0: 0x800095a6 (0xa43f2f23) sw      gp, -1442(t5)
core   0: 3 0x800095a6 (0xa43f2f23) mem 0x8000b000 0x00000001
core   0: 0x800095aa (0x0000bfe5) c.j     pc - 8
core   0: 3 0x800095aa (0xbfe5)
core   0: 0x800095a2 (0x00002f17) auipc   t5, 0x2
core   0: 3 0x800095a2 (0x00002f17) x30 0x8000b5a2
core   0: 0x800095a6 (0xa43f2f23) sw      gp, -1442(t5)
core   0: 3 0x800095a6 (0xa43f2f23) mem 0x8000b000 0x00000001
core   0: 0x800095aa (0x0000bfe5) c.j     pc - 8
core   0: 3 0x800095aa (0xbfe5)
core   0: 0x800095a2 (0x00002f17) auipc   t5, 0x2
core   0: 3 0x800095a2 (0x00002f17) x30 0x8000b5a2
core   0: 0x800095a6 (0xa43f2f23) sw      gp, -1442(t5)
core   0: 3 0x800095a6 (0xa43f2f23) mem 0x8000b000 0x00000001
core   0: 0x800095aa (0x0000bfe5) c.j     pc - 8
core   0: 3 0x800095aa (0xbfe5)
core   0: 0x800095a2 (0x00002f17) auipc   t5, 0x2
core   0: 3 0x800095a2 (0x00002f17) x30 0x8000b5a2
core   0: 0x800095a6 (0xa43f2f23) sw      gp, -1442(t5)
core   0: 3 0x800095a6 (0xa43f2f23) mem 0x8000b000 0x00000001
core   0: 0x800095aa (0x0000bfe5) c.j     pc - 8
core   0: 3 0x800095aa (0xbfe5)
core   0: 0x800095a2 (0x00002f17) auipc   t5, 0x2
core   0: 3 0x800095a2 (0x00002f17) x30 0x8000b5a2
core   0: 0x800095a6 (0xa43f2f23) sw      gp, -1442(t5)
core   0: 3 0x800095a6 (0xa43f2f23) mem 0x8000b000 0x00000001
core   0: 0x800095aa (0x0000bfe5) c.j     pc - 8
core   0: 3 0x800095aa (0xbfe5)
core   0: 0x800095a2 (0x00002f17) auipc   t5, 0x2
core   0: 3 0x800095a2 (0x00002f17) x30 0x8000b5a2
core   0: 0x800095a6 (0xa43f2f23) sw      gp, -1442(t5)
core   0: 3 0x800095a6 (0xa43f2f23) mem 0x8000b000 0x00000001
core   0: 0x800095aa (0x0000bfe5) c.j     pc - 8
core   0: 3 0x800095aa (0xbfe5)
core   0: 0x800095a2 (0x00002f17) auipc   t5, 0x2
core   0: 3 0x800095a2 (0x00002f17) x30 0x8000b5a2
core   0: 0x800095a6 (0xa43f2f23) sw      gp, -1442(t5)
core   0: 3 0x800095a6 (0xa43f2f23) mem 0x8000b000 0x00000001
core   0: 0x800095aa (0x0000bfe5) c.j     pc - 8
core   0: 3 0x800095aa (0xbfe5)
core   0: 0x800095a2 (0x00002f17) auipc   t5, 0x2
core   0: 3 0x800095a2 (0x00002f17) x30 0x8000b5a2
core   0: 0x800095a6 (0xa43f2f23) sw      gp, -1442(t5)
core   0: 3 0x800095a6 (0xa43f2f23) mem 0x8000b000 0x00000001
core   0: 0x800095aa (0x0000bfe5) c.j     pc - 8
core   0: 3 0x800095aa (0xbfe5)
core   0: 0x800095a2 (0x00002f17) auipc   t5, 0x2
core   0: 3 0x800095a2 (0x00002f17) x30 0x8000b5a2
core   0: 0x800095a6 (0xa43f2f23) sw      gp, -1442(t5)
core   0: 3 0x800095a6 (0xa43f2f23) mem 0x8000b000 0x00000001
core   0: 0x800095aa (0x0000bfe5) c.j     pc - 8
core   0: 3 0x800095aa (0xbfe5)
core   0: 0x800095a2 (0x00002f17) auipc   t5, 0x2
core   0: 3 0x800095a2 (0x00002f17) x30 0x8000b5a2
core   0: 0x800095a6 (0xa43f2f23) sw      gp, -1442(t5)
core   0: 3 0x800095a6 (0xa43f2f23) mem 0x8000b000 0x00000001
core   0: 0x800095aa (0x0000bfe5) c.j     pc - 8
core   0: 3 0x800095aa (0xbfe5)
core   0: 0x800095a2 (0x00002f17) auipc   t5, 0x2
core   0: 3 0x800095a2 (0x00002f17) x30 0x8000b5a2
core   0: 0x800095a6 (0xa43f2f23) sw      gp, -1442(t5)
core   0: 3 0x800095a6 (0xa43f2f23) mem 0x8000b000 0x00000001
core   0: 0x800095aa (0x0000bfe5) c.j     pc - 8
core   0: 3 0x800095aa (0xbfe5)
core   0: 0x800095a2 (0x00002f17) auipc   t5, 0x2
core   0: 3 0x800095a2 (0x00002f17) x30 0x8000b5a2
core   0: 0x800095a6 (0xa43f2f23) sw      gp, -1442(t5)
core   0: 3 0x800095a6 (0xa43f2f23) mem 0x8000b000 0x00000001
core   0: 0x800095aa (0x0000bfe5) c.j     pc - 8
core   0: 3 0x800095aa (0xbfe5)
core   0: 0x800095a2 (0x00002f17) auipc   t5, 0x2
core   0: 3 0x800095a2 (0x00002f17) x30 0x8000b5a2
core   0: 0x800095a6 (0xa43f2f23) sw      gp, -1442(t5)
core   0: 3 0x800095a6 (0xa43f2f23) mem 0x8000b000 0x00000001
core   0: 0x800095aa (0x0000bfe5) c.j     pc - 8
core   0: 3 0x800095aa (0xbfe5)
core   0: 0x800095a2 (0x00002f17) auipc   t5, 0x2
core   0: 3 0x800095a2 (0x00002f17) x30 0x8000b5a2
core   0: 0x800095a6 (0xa43f2f23) sw      gp, -1442(t5)
core   0: 3 0x800095a6 (0xa43f2f23) mem 0x8000b000 0x00000001
core   0: 0x800095aa (0x0000bfe5) c.j     pc - 8
core   0: 3 0x800095aa (0xbfe5)
core   0: 0x800095a2 (0x00002f17) auipc   t5, 0x2
core   0: 3 0x800095a2 (0x00002f17) x30 0x8000b5a2
core   0: 0x800095a6 (0xa43f2f23) sw      gp, -1442(t5)
core   0: 3 0x800095a6 (0xa43f2f23) mem 0x8000b000 0x00000001
core   0: 0x800095aa (0x0000bfe5) c.j     pc - 8
core   0: 3 0x800095aa (0xbfe5)
core   0: 0x800095a2 (0x00002f17) auipc   t5, 0x2
core   0: 3 0x800095a2 (0x00002f17) x30 0x8000b5a2
core   0: 0x800095a6 (0xa43f2f23) sw      gp, -1442(t5)
core   0: 3 0x800095a6 (0xa43f2f23) mem 0x8000b000 0x00000001
core   0: 0x800095aa (0x0000bfe5) c.j     pc - 8
core   0: 3 0x800095aa (0xbfe5)
core   0: 0x800095a2 (0x00002f17) auipc   t5, 0x2
core   0: 3 0x800095a2 (0x00002f17) x30 0x8000b5a2
core   0: 0x800095a6 (0xa43f2f23) sw      gp, -1442(t5)
core   0: 3 0x800095a6 (0xa43f2f23) mem 0x8000b000 0x00000001
core   0: 0x800095aa (0x0000bfe5) c.j     pc - 8
core   0: 3 0x800095aa (0xbfe5)
core   0: 0x800095a2 (0x00002f17) auipc   t5, 0x2
core   0: 3 0x800095a2 (0x00002f17) x30 0x8000b5a2
core   0: 0x800095a6 (0xa43f2f23) sw      gp, -1442(t5)
core   0: 3 0x800095a6 (0xa43f2f23) mem 0x8000b000 0x00000001
core   0: 0x800095aa (0x0000bfe5) c.j     pc - 8
core   0: 3 0x800095aa (0xbfe5)
core   0: 0x800095a2 (0x00002f17) auipc   t5, 0x2
core   0: 3 0x800095a2 (0x00002f17) x30 0x8000b5a2
core   0: 0x800095a6 (0xa43f2f23) sw      gp, -1442(t5)
core   0: 3 0x800095a6 (0xa43f2f23) mem 0x8000b000 0x00000001
core   0: 0x800095aa (0x0000bfe5) c.j     pc - 8
core   0: 3 0x800095aa (0xbfe5)
core   0: 0x800095a2 (0x00002f17) auipc   t5, 0x2
core   0: 3 0x800095a2 (0x00002f17) x30 0x8000b5a2
core   0: 0x800095a6 (0xa43f2f23) sw      gp, -1442(t5)
core   0: 3 0x800095a6 (0xa43f2f23) mem 0x8000b000 0x00000001
core   0: 0x800095aa (0x0000bfe5) c.j     pc - 8
core   0: 3 0x800095aa (0xbfe5)
core   0: 0x800095a2 (0x00002f17) auipc   t5, 0x2
core   0: 3 0x800095a2 (0x00002f17) x30 0x8000b5a2
core   0: 0x800095a6 (0xa43f2f23) sw      gp, -1442(t5)
core   0: 3 0x800095a6 (0xa43f2f23) mem 0x8000b000 0x00000001
core   0: 0x800095aa (0x0000bfe5) c.j     pc - 8
core   0: 3 0x800095aa (0xbfe5)
core   0: 0x800095a2 (0x00002f17) auipc   t5, 0x2
core   0: 3 0x800095a2 (0x00002f17) x30 0x8000b5a2
core   0: 0x800095a6 (0xa43f2f23) sw      gp, -1442(t5)
core   0: 3 0x800095a6 (0xa43f2f23) mem 0x8000b000 0x00000001
core   0: 0x800095aa (0x0000bfe5) c.j     pc - 8
core   0: 3 0x800095aa (0xbfe5)
core   0: 0x800095a2 (0x00002f17) auipc   t5, 0x2
core   0: 3 0x800095a2 (0x00002f17) x30 0x8000b5a2
core   0: 0x800095a6 (0xa43f2f23) sw      gp, -1442(t5)
core   0: 3 0x800095a6 (0xa43f2f23) mem 0x8000b000 0x00000001
core   0: 0x800095aa (0x0000bfe5) c.j     pc - 8
core   0: 3 0x800095aa (0xbfe5)
core   0: 0x800095a2 (0x00002f17) auipc   t5, 0x2
core   0: 3 0x800095a2 (0x00002f17) x30 0x8000b5a2
core   0: 0x800095a6 (0xa43f2f23) sw      gp, -1442(t5)
core   0: 3 0x800095a6 (0xa43f2f23) mem 0x8000b000 0x00000001
core   0: 0x800095aa (0x0000bfe5) c.j     pc - 8
core   0: 3 0x800095aa (0xbfe5)
core   0: 0x800095a2 (0x00002f17) auipc   t5, 0x2
core   0: 3 0x800095a2 (0x00002f17) x30 0x8000b5a2
core   0: 0x800095a6 (0xa43f2f23) sw      gp, -1442(t5)
core   0: 3 0x800095a6 (0xa43f2f23) mem 0x8000b000 0x00000001
core   0: 0x800095aa (0x0000bfe5) c.j     pc - 8
core   0: 3 0x800095aa (0xbfe5)
core   0: 0x800095a2 (0x00002f17) auipc   t5, 0x2
core   0: 3 0x800095a2 (0x00002f17) x30 0x8000b5a2
core   0: 0x800095a6 (0xa43f2f23) sw      gp, -1442(t5)
core   0: 3 0x800095a6 (0xa43f2f23) mem 0x8000b000 0x00000001
core   0: 0x800095aa (0x0000bfe5) c.j     pc - 8
core   0: 3 0x800095aa (0xbfe5)
core   0: 0x800095a2 (0x00002f17) auipc   t5, 0x2
core   0: 3 0x800095a2 (0x00002f17) x30 0x8000b5a2
core   0: 0x800095a6 (0xa43f2f23) sw      gp, -1442(t5)
core   0: 3 0x800095a6 (0xa43f2f23) mem 0x8000b000 0x00000001
core   0: 0x800095aa (0x0000bfe5) c.j     pc - 8
core   0: 3 0x800095aa (0xbfe5)
core   0: 0x800095a2 (0x00002f17) auipc   t5, 0x2
core   0: 3 0x800095a2 (0x00002f17) x30 0x8000b5a2
core   0: 0x800095a6 (0xa43f2f23) sw      gp, -1442(t5)
core   0: 3 0x800095a6 (0xa43f2f23) mem 0x8000b000 0x00000001
core   0: 0x800095aa (0x0000bfe5) c.j     pc - 8
core   0: 3 0x800095aa (0xbfe5)
core   0: 0x800095a2 (0x00002f17) auipc   t5, 0x2
core   0: 3 0x800095a2 (0x00002f17) x30 0x8000b5a2
core   0: 0x800095a6 (0xa43f2f23) sw      gp, -1442(t5)
core   0: 3 0x800095a6 (0xa43f2f23) mem 0x8000b000 0x00000001
core   0: 0x800095aa (0x0000bfe5) c.j     pc - 8
core   0: 3 0x800095aa (0xbfe5)
core   0: 0x800095a2 (0x00002f17) auipc   t5, 0x2
core   0: 3 0x800095a2 (0x00002f17) x30 0x8000b5a2
core   0: 0x800095a6 (0xa43f2f23) sw      gp, -1442(t5)
core   0: 3 0x800095a6 (0xa43f2f23) mem 0x8000b000 0x00000001
core   0: 0x800095aa (0x0000bfe5) c.j     pc - 8
core   0: 3 0x800095aa (0xbfe5)
core   0: 0x800095a2 (0x00002f17) auipc   t5, 0x2
core   0: 3 0x800095a2 (0x00002f17) x30 0x8000b5a2
core   0: 0x800095a6 (0xa43f2f23) sw      gp, -1442(t5)
core   0: 3 0x800095a6 (0xa43f2f23) mem 0x8000b000 0x00000001
core   0: 0x800095aa (0x0000bfe5) c.j     pc - 8
core   0: 3 0x800095aa (0xbfe5)
core   0: 0x800095a2 (0x00002f17) auipc   t5, 0x2
core   0: 3 0x800095a2 (0x00002f17) x30 0x8000b5a2
core   0: 0x800095a6 (0xa43f2f23) sw      gp, -1442(t5)
core   0: 3 0x800095a6 (0xa43f2f23) mem 0x8000b000 0x00000001
core   0: 0x800095aa (0x0000bfe5) c.j     pc - 8
core   0: 3 0x800095aa (0xbfe5)
core   0: 0x800095a2 (0x00002f17) auipc   t5, 0x2
core   0: 3 0x800095a2 (0x00002f17) x30 0x8000b5a2
core   0: 0x800095a6 (0xa43f2f23) sw      gp, -1442(t5)
core   0: 3 0x800095a6 (0xa43f2f23) mem 0x8000b000 0x00000001
core   0: 0x800095aa (0x0000bfe5) c.j     pc - 8
core   0: 3 0x800095aa (0xbfe5)
core   0: 0x800095a2 (0x00002f17) auipc   t5, 0x2
core   0: 3 0x800095a2 (0x00002f17) x30 0x8000b5a2
core   0: 0x800095a6 (0xa43f2f23) sw      gp, -1442(t5)
core   0: 3 0x800095a6 (0xa43f2f23) mem 0x8000b000 0x00000001
core   0: 0x800095aa (0x0000bfe5) c.j     pc - 8
core   0: 3 0x800095aa (0xbfe5)
core   0: 0x800095a2 (0x00002f17) auipc   t5, 0x2
core   0: 3 0x800095a2 (0x00002f17) x30 0x8000b5a2
core   0: 0x800095a6 (0xa43f2f23) sw      gp, -1442(t5)
core   0: 3 0x800095a6 (0xa43f2f23) mem 0x8000b000 0x00000001
core   0: 0x800095aa (0x0000bfe5) c.j     pc - 8
core   0: 3 0x800095aa (0xbfe5)
core   0: 0x800095a2 (0x00002f17) auipc   t5, 0x2
core   0: 3 0x800095a2 (0x00002f17) x30 0x8000b5a2
core   0: 0x800095a6 (0xa43f2f23) sw      gp, -1442(t5)
core   0: 3 0x800095a6 (0xa43f2f23) mem 0x8000b000 0x00000001
core   0: 0x800095aa (0x0000bfe5) c.j     pc - 8
core   0: 3 0x800095aa (0xbfe5)
core   0: 0x800095a2 (0x00002f17) auipc   t5, 0x2
core   0: 3 0x800095a2 (0x00002f17) x30 0x8000b5a2
core   0: 0x800095a6 (0xa43f2f23) sw      gp, -1442(t5)
core   0: 3 0x800095a6 (0xa43f2f23) mem 0x8000b000 0x00000001
core   0: 0x800095aa (0x0000bfe5) c.j     pc - 8
core   0: 3 0x800095aa (0xbfe5)
core   0: 0x800095a2 (0x00002f17) auipc   t5, 0x2
core   0: 3 0x800095a2 (0x00002f17) x30 0x8000b5a2
core   0: 0x800095a6 (0xa43f2f23) sw      gp, -1442(t5)
core   0: 3 0x800095a6 (0xa43f2f23) mem 0x8000b000 0x00000001
core   0: 0x800095aa (0x0000bfe5) c.j     pc - 8
core   0: 3 0x800095aa (0xbfe5)
core   0: 0x800095a2 (0x00002f17) auipc   t5, 0x2
core   0: 3 0x800095a2 (0x00002f17) x30 0x8000b5a2
core   0: 0x800095a6 (0xa43f2f23) sw      gp, -1442(t5)
core   0: 3 0x800095a6 (0xa43f2f23) mem 0x8000b000 0x00000001
core   0: 0x800095aa (0x0000bfe5) c.j     pc - 8
core   0: 3 0x800095aa (0xbfe5)
core   0: 0x800095a2 (0x00002f17) auipc   t5, 0x2
core   0: 3 0x800095a2 (0x00002f17) x30 0x8000b5a2
core   0: 0x800095a6 (0xa43f2f23) sw      gp, -1442(t5)
core   0: 3 0x800095a6 (0xa43f2f23) mem 0x8000b000 0x00000001
core   0: 0x800095aa (0x0000bfe5) c.j     pc - 8
core   0: 3 0x800095aa (0xbfe5)
core   0: 0x800095a2 (0x00002f17) auipc   t5, 0x2
core   0: 3 0x800095a2 (0x00002f17) x30 0x8000b5a2
core   0: 0x800095a6 (0xa43f2f23) sw      gp, -1442(t5)
core   0: 3 0x800095a6 (0xa43f2f23) mem 0x8000b000 0x00000001
core   0: 0x800095aa (0x0000bfe5) c.j     pc - 8
core   0: 3 0x800095aa (0xbfe5)
core   0: 0x800095a2 (0x00002f17) auipc   t5, 0x2
core   0: 3 0x800095a2 (0x00002f17) x30 0x8000b5a2
core   0: 0x800095a6 (0xa43f2f23) sw      gp, -1442(t5)
core   0: 3 0x800095a6 (0xa43f2f23) mem 0x8000b000 0x00000001
core   0: 0x800095aa (0x0000bfe5) c.j     pc - 8
core   0: 3 0x800095aa (0xbfe5)
core   0: 0x800095a2 (0x00002f17) auipc   t5, 0x2
core   0: 3 0x800095a2 (0x00002f17) x30 0x8000b5a2
core   0: 0x800095a6 (0xa43f2f23) sw      gp, -1442(t5)
core   0: 3 0x800095a6 (0xa43f2f23) mem 0x8000b000 0x00000001
core   0: 0x800095aa (0x0000bfe5) c.j     pc - 8
core   0: 3 0x800095aa (0xbfe5)
core   0: 0x800095a2 (0x00002f17) auipc   t5, 0x2
core   0: 3 0x800095a2 (0x00002f17) x30 0x8000b5a2
core   0: 0x800095a6 (0xa43f2f23) sw      gp, -1442(t5)
core   0: 3 0x800095a6 (0xa43f2f23) mem 0x8000b000 0x00000001
core   0: 0x800095aa (0x0000bfe5) c.j     pc - 8
core   0: 3 0x800095aa (0xbfe5)
core   0: 0x800095a2 (0x00002f17) auipc   t5, 0x2
core   0: 3 0x800095a2 (0x00002f17) x30 0x8000b5a2
core   0: 0x800095a6 (0xa43f2f23) sw      gp, -1442(t5)
core   0: 3 0x800095a6 (0xa43f2f23) mem 0x8000b000 0x00000001
core   0: 0x800095aa (0x0000bfe5) c.j     pc - 8
core   0: 3 0x800095aa (0xbfe5)
core   0: 0x800095a2 (0x00002f17) auipc   t5, 0x2
core   0: 3 0x800095a2 (0x00002f17) x30 0x8000b5a2
core   0: 0x800095a6 (0xa43f2f23) sw      gp, -1442(t5)
core   0: 3 0x800095a6 (0xa43f2f23) mem 0x8000b000 0x00000001
core   0: 0x800095aa (0x0000bfe5) c.j     pc - 8
core   0: 3 0x800095aa (0xbfe5)
core   0: 0x800095a2 (0x00002f17) auipc   t5, 0x2
core   0: 3 0x800095a2 (0x00002f17) x30 0x8000b5a2
core   0: 0x800095a6 (0xa43f2f23) sw      gp, -1442(t5)
core   0: 3 0x800095a6 (0xa43f2f23) mem 0x8000b000 0x00000001
core   0: 0x800095aa (0x0000bfe5) c.j     pc - 8
core   0: 3 0x800095aa (0xbfe5)
core   0: 0x800095a2 (0x00002f17) auipc   t5, 0x2
core   0: 3 0x800095a2 (0x00002f17) x30 0x8000b5a2
core   0: 0x800095a6 (0xa43f2f23) sw      gp, -1442(t5)
core   0: 3 0x800095a6 (0xa43f2f23) mem 0x8000b000 0x00000001
core   0: 0x800095aa (0x0000bfe5) c.j     pc - 8
core   0: 3 0x800095aa (0xbfe5)
core   0: 0x800095a2 (0x00002f17) auipc   t5, 0x2
core   0: 3 0x800095a2 (0x00002f17) x30 0x8000b5a2
core   0: 0x800095a6 (0xa43f2f23) sw      gp, -1442(t5)
core   0: 3 0x800095a6 (0xa43f2f23) mem 0x8000b000 0x00000001
core   0: 0x800095aa (0x0000bfe5) c.j     pc - 8
core   0: 3 0x800095aa (0xbfe5)
core   0: 0x800095a2 (0x00002f17) auipc   t5, 0x2
core   0: 3 0x800095a2 (0x00002f17) x30 0x8000b5a2
core   0: 0x800095a6 (0xa43f2f23) sw      gp, -1442(t5)
core   0: 3 0x800095a6 (0xa43f2f23) mem 0x8000b000 0x00000001
core   0: 0x800095aa (0x0000bfe5) c.j     pc - 8
core   0: 3 0x800095aa (0xbfe5)
core   0: 0x800095a2 (0x00002f17) auipc   t5, 0x2
core   0: 3 0x800095a2 (0x00002f17) x30 0x8000b5a2
core   0: 0x800095a6 (0xa43f2f23) sw      gp, -1442(t5)
core   0: 3 0x800095a6 (0xa43f2f23) mem 0x8000b000 0x00000001
core   0: 0x800095aa (0x0000bfe5) c.j     pc - 8
core   0: 3 0x800095aa (0xbfe5)
core   0: 0x800095a2 (0x00002f17) auipc   t5, 0x2
core   0: 3 0x800095a2 (0x00002f17) x30 0x8000b5a2
core   0: 0x800095a6 (0xa43f2f23) sw      gp, -1442(t5)
core   0: 3 0x800095a6 (0xa43f2f23) mem 0x8000b000 0x00000001
core   0: 0x800095aa (0x0000bfe5) c.j     pc - 8
core   0: 3 0x800095aa (0xbfe5)
core   0: 0x800095a2 (0x00002f17) auipc   t5, 0x2
core   0: 3 0x800095a2 (0x00002f17) x30 0x8000b5a2
core   0: 0x800095a6 (0xa43f2f23) sw      gp, -1442(t5)
core   0: 3 0x800095a6 (0xa43f2f23) mem 0x8000b000 0x00000001
core   0: 0x800095aa (0x0000bfe5) c.j     pc - 8
core   0: 3 0x800095aa (0xbfe5)
core   0: 0x800095a2 (0x00002f17) auipc   t5, 0x2
core   0: 3 0x800095a2 (0x00002f17) x30 0x8000b5a2
core   0: 0x800095a6 (0xa43f2f23) sw      gp, -1442(t5)
core   0: 3 0x800095a6 (0xa43f2f23) mem 0x8000b000 0x00000001
core   0: 0x800095aa (0x0000bfe5) c.j     pc - 8
core   0: 3 0x800095aa (0xbfe5)
core   0: 0x800095a2 (0x00002f17) auipc   t5, 0x2
core   0: 3 0x800095a2 (0x00002f17) x30 0x8000b5a2
core   0: 0x800095a6 (0xa43f2f23) sw      gp, -1442(t5)
core   0: 3 0x800095a6 (0xa43f2f23) mem 0x8000b000 0x00000001
core   0: 0x800095aa (0x0000bfe5) c.j     pc - 8
core   0: 3 0x800095aa (0xbfe5)
core   0: 0x800095a2 (0x00002f17) auipc   t5, 0x2
core   0: 3 0x800095a2 (0x00002f17) x30 0x8000b5a2
core   0: 0x800095a6 (0xa43f2f23) sw      gp, -1442(t5)
core   0: 3 0x800095a6 (0xa43f2f23) mem 0x8000b000 0x00000001
core   0: 0x800095aa (0x0000bfe5) c.j     pc - 8
core   0: 3 0x800095aa (0xbfe5)
core   0: 0x800095a2 (0x00002f17) auipc   t5, 0x2
core   0: 3 0x800095a2 (0x00002f17) x30 0x8000b5a2
core   0: 0x800095a6 (0xa43f2f23) sw      gp, -1442(t5)
core   0: 3 0x800095a6 (0xa43f2f23) mem 0x8000b000 0x00000001
core   0: 0x800095aa (0x0000bfe5) c.j     pc - 8
core   0: 3 0x800095aa (0xbfe5)
core   0: 0x800095a2 (0x00002f17) auipc   t5, 0x2
core   0: 3 0x800095a2 (0x00002f17) x30 0x8000b5a2
core   0: 0x800095a6 (0xa43f2f23) sw      gp, -1442(t5)
core   0: 3 0x800095a6 (0xa43f2f23) mem 0x8000b000 0x00000001
core   0: 0x800095aa (0x0000bfe5) c.j     pc - 8
core   0: 3 0x800095aa (0xbfe5)
core   0: 0x800095a2 (0x00002f17) auipc   t5, 0x2
core   0: 3 0x800095a2 (0x00002f17) x30 0x8000b5a2
core   0: 0x800095a6 (0xa43f2f23) sw      gp, -1442(t5)
core   0: 3 0x800095a6 (0xa43f2f23) mem 0x8000b000 0x00000001
core   0: 0x800095aa (0x0000bfe5) c.j     pc - 8
core   0: 3 0x800095aa (0xbfe5)
core   0: 0x800095a2 (0x00002f17) auipc   t5, 0x2
core   0: 3 0x800095a2 (0x00002f17) x30 0x8000b5a2
core   0: 0x800095a6 (0xa43f2f23) sw      gp, -1442(t5)
core   0: 3 0x800095a6 (0xa43f2f23) mem 0x8000b000 0x00000001
core   0: 0x800095aa (0x0000bfe5) c.j     pc - 8
core   0: 3 0x800095aa (0xbfe5)
core   0: 0x800095a2 (0x00002f17) auipc   t5, 0x2
core   0: 3 0x800095a2 (0x00002f17) x30 0x8000b5a2
core   0: 0x800095a6 (0xa43f2f23) sw      gp, -1442(t5)
core   0: 3 0x800095a6 (0xa43f2f23) mem 0x8000b000 0x00000001
core   0: 0x800095aa (0x0000bfe5) c.j     pc - 8
core   0: 3 0x800095aa (0xbfe5)
core   0: 0x800095a2 (0x00002f17) auipc   t5, 0x2
core   0: 3 0x800095a2 (0x00002f17) x30 0x8000b5a2
core   0: 0x800095a6 (0xa43f2f23) sw      gp, -1442(t5)
core   0: 3 0x800095a6 (0xa43f2f23) mem 0x8000b000 0x00000001
core   0: 0x800095aa (0x0000bfe5) c.j     pc - 8
core   0: 3 0x800095aa (0xbfe5)
core   0: 0x800095a2 (0x00002f17) auipc   t5, 0x2
core   0: 3 0x800095a2 (0x00002f17) x30 0x8000b5a2
core   0: 0x800095a6 (0xa43f2f23) sw      gp, -1442(t5)
core   0: 3 0x800095a6 (0xa43f2f23) mem 0x8000b000 0x00000001
core   0: 0x800095aa (0x0000bfe5) c.j     pc - 8
core   0: 3 0x800095aa (0xbfe5)
core   0: 0x800095a2 (0x00002f17) auipc   t5, 0x2
core   0: 3 0x800095a2 (0x00002f17) x30 0x8000b5a2
core   0: 0x800095a6 (0xa43f2f23) sw      gp, -1442(t5)
core   0: 3 0x800095a6 (0xa43f2f23) mem 0x8000b000 0x00000001
core   0: 0x800095aa (0x0000bfe5) c.j     pc - 8
core   0: 3 0x800095aa (0xbfe5)
core   0: 0x800095a2 (0x00002f17) auipc   t5, 0x2
core   0: 3 0x800095a2 (0x00002f17) x30 0x8000b5a2
core   0: 0x800095a6 (0xa43f2f23) sw      gp, -1442(t5)
core   0: 3 0x800095a6 (0xa43f2f23) mem 0x8000b000 0x00000001
core   0: 0x800095aa (0x0000bfe5) c.j     pc - 8
core   0: 3 0x800095aa (0xbfe5)
core   0: 0x800095a2 (0x00002f17) auipc   t5, 0x2
core   0: 3 0x800095a2 (0x00002f17) x30 0x8000b5a2
core   0: 0x800095a6 (0xa43f2f23) sw      gp, -1442(t5)
core   0: 3 0x800095a6 (0xa43f2f23) mem 0x8000b000 0x00000001
core   0: 0x800095aa (0x0000bfe5) c.j     pc - 8
core   0: 3 0x800095aa (0xbfe5)
core   0: 0x800095a2 (0x00002f17) auipc   t5, 0x2
core   0: 3 0x800095a2 (0x00002f17) x30 0x8000b5a2
core   0: 0x800095a6 (0xa43f2f23) sw      gp, -1442(t5)
core   0: 3 0x800095a6 (0xa43f2f23) mem 0x8000b000 0x00000001
core   0: 0x800095aa (0x0000bfe5) c.j     pc - 8
core   0: 3 0x800095aa (0xbfe5)
core   0: 0x800095a2 (0x00002f17) auipc   t5, 0x2
core   0: 3 0x800095a2 (0x00002f17) x30 0x8000b5a2
core   0: 0x800095a6 (0xa43f2f23) sw      gp, -1442(t5)
core   0: 3 0x800095a6 (0xa43f2f23) mem 0x8000b000 0x00000001
core   0: 0x800095aa (0x0000bfe5) c.j     pc - 8
core   0: 3 0x800095aa (0xbfe5)
core   0: 0x800095a2 (0x00002f17) auipc   t5, 0x2
core   0: 3 0x800095a2 (0x00002f17) x30 0x8000b5a2
core   0: 0x800095a6 (0xa43f2f23) sw      gp, -1442(t5)
core   0: 3 0x800095a6 (0xa43f2f23) mem 0x8000b000 0x00000001
core   0: 0x800095aa (0x0000bfe5) c.j     pc - 8
core   0: 3 0x800095aa (0xbfe5)
core   0: 0x800095a2 (0x00002f17) auipc   t5, 0x2
core   0: 3 0x800095a2 (0x00002f17) x30 0x8000b5a2
core   0: 0x800095a6 (0xa43f2f23) sw      gp, -1442(t5)
core   0: 3 0x800095a6 (0xa43f2f23) mem 0x8000b000 0x00000001
core   0: 0x800095aa (0x0000bfe5) c.j     pc - 8
core   0: 3 0x800095aa (0xbfe5)
core   0: 0x800095a2 (0x00002f17) auipc   t5, 0x2
core   0: 3 0x800095a2 (0x00002f17) x30 0x8000b5a2
core   0: 0x800095a6 (0xa43f2f23) sw      gp, -1442(t5)
core   0: 3 0x800095a6 (0xa43f2f23) mem 0x8000b000 0x00000001
core   0: 0x800095aa (0x0000bfe5) c.j     pc - 8
core   0: 3 0x800095aa (0xbfe5)
core   0: 0x800095a2 (0x00002f17) auipc   t5, 0x2
core   0: 3 0x800095a2 (0x00002f17) x30 0x8000b5a2
core   0: 0x800095a6 (0xa43f2f23) sw      gp, -1442(t5)
core   0: 3 0x800095a6 (0xa43f2f23) mem 0x8000b000 0x00000001
core   0: 0x800095aa (0x0000bfe5) c.j     pc - 8
core   0: 3 0x800095aa (0xbfe5)
core   0: 0x800095a2 (0x00002f17) auipc   t5, 0x2
core   0: 3 0x800095a2 (0x00002f17) x30 0x8000b5a2
core   0: 0x800095a6 (0xa43f2f23) sw      gp, -1442(t5)
core   0: 3 0x800095a6 (0xa43f2f23) mem 0x8000b000 0x00000001
core   0: 0x800095aa (0x0000bfe5) c.j     pc - 8
core   0: 3 0x800095aa (0xbfe5)
core   0: 0x800095a2 (0x00002f17) auipc   t5, 0x2
core   0: 3 0x800095a2 (0x00002f17) x30 0x8000b5a2
core   0: 0x800095a6 (0xa43f2f23) sw      gp, -1442(t5)
core   0: 3 0x800095a6 (0xa43f2f23) mem 0x8000b000 0x00000001
core   0: 0x800095aa (0x0000bfe5) c.j     pc - 8
core   0: 3 0x800095aa (0xbfe5)
core   0: 0x800095a2 (0x00002f17) auipc   t5, 0x2
core   0: 3 0x800095a2 (0x00002f17) x30 0x8000b5a2
core   0: 0x800095a6 (0xa43f2f23) sw      gp, -1442(t5)
core   0: 3 0x800095a6 (0xa43f2f23) mem 0x8000b000 0x00000001
core   0: 0x800095aa (0x0000bfe5) c.j     pc - 8
core   0: 3 0x800095aa (0xbfe5)
core   0: 0x800095a2 (0x00002f17) auipc   t5, 0x2
core   0: 3 0x800095a2 (0x00002f17) x30 0x8000b5a2
core   0: 0x800095a6 (0xa43f2f23) sw      gp, -1442(t5)
core   0: 3 0x800095a6 (0xa43f2f23) mem 0x8000b000 0x00000001
core   0: 0x800095aa (0x0000bfe5) c.j     pc - 8
core   0: 3 0x800095aa (0xbfe5)
core   0: 0x800095a2 (0x00002f17) auipc   t5, 0x2
core   0: 3 0x800095a2 (0x00002f17) x30 0x8000b5a2
core   0: 0x800095a6 (0xa43f2f23) sw      gp, -1442(t5)
core   0: 3 0x800095a6 (0xa43f2f23) mem 0x8000b000 0x00000001
core   0: 0x800095aa (0x0000bfe5) c.j     pc - 8
core   0: 3 0x800095aa (0xbfe5)
core   0: 0x800095a2 (0x00002f17) auipc   t5, 0x2
core   0: 3 0x800095a2 (0x00002f17) x30 0x8000b5a2
core   0: 0x800095a6 (0xa43f2f23) sw      gp, -1442(t5)
core   0: 3 0x800095a6 (0xa43f2f23) mem 0x8000b000 0x00000001
core   0: 0x800095aa (0x0000bfe5) c.j     pc - 8
core   0: 3 0x800095aa (0xbfe5)
core   0: 0x800095a2 (0x00002f17) auipc   t5, 0x2
core   0: 3 0x800095a2 (0x00002f17) x30 0x8000b5a2
core   0: 0x800095a6 (0xa43f2f23) sw      gp, -1442(t5)
core   0: 3 0x800095a6 (0xa43f2f23) mem 0x8000b000 0x00000001
core   0: 0x800095aa (0x0000bfe5) c.j     pc - 8
core   0: 3 0x800095aa (0xbfe5)
core   0: 0x800095a2 (0x00002f17) auipc   t5, 0x2
core   0: 3 0x800095a2 (0x00002f17) x30 0x8000b5a2
core   0: 0x800095a6 (0xa43f2f23) sw      gp, -1442(t5)
core   0: 3 0x800095a6 (0xa43f2f23) mem 0x8000b000 0x00000001
core   0: 0x800095aa (0x0000bfe5) c.j     pc - 8
core   0: 3 0x800095aa (0xbfe5)
core   0: 0x800095a2 (0x00002f17) auipc   t5, 0x2
core   0: 3 0x800095a2 (0x00002f17) x30 0x8000b5a2
core   0: 0x800095a6 (0xa43f2f23) sw      gp, -1442(t5)
core   0: 3 0x800095a6 (0xa43f2f23) mem 0x8000b000 0x00000001
core   0: 0x800095aa (0x0000bfe5) c.j     pc - 8
core   0: 3 0x800095aa (0xbfe5)
core   0: 0x800095a2 (0x00002f17) auipc   t5, 0x2
core   0: 3 0x800095a2 (0x00002f17) x30 0x8000b5a2
core   0: 0x800095a6 (0xa43f2f23) sw      gp, -1442(t5)
core   0: 3 0x800095a6 (0xa43f2f23) mem 0x8000b000 0x00000001
core   0: 0x800095aa (0x0000bfe5) c.j     pc - 8
core   0: 3 0x800095aa (0xbfe5)
core   0: 0x800095a2 (0x00002f17) auipc   t5, 0x2
core   0: 3 0x800095a2 (0x00002f17) x30 0x8000b5a2
core   0: 0x800095a6 (0xa43f2f23) sw      gp, -1442(t5)
core   0: 3 0x800095a6 (0xa43f2f23) mem 0x8000b000 0x00000001
core   0: 0x800095aa (0x0000bfe5) c.j     pc - 8
core   0: 3 0x800095aa (0xbfe5)
core   0: 0x800095a2 (0x00002f17) auipc   t5, 0x2
core   0: 3 0x800095a2 (0x00002f17) x30 0x8000b5a2
core   0: 0x800095a6 (0xa43f2f23) sw      gp, -1442(t5)
core   0: 3 0x800095a6 (0xa43f2f23) mem 0x8000b000 0x00000001
core   0: 0x800095aa (0x0000bfe5) c.j     pc - 8
core   0: 3 0x800095aa (0xbfe5)
core   0: 0x800095a2 (0x00002f17) auipc   t5, 0x2
core   0: 3 0x800095a2 (0x00002f17) x30 0x8000b5a2
core   0: 0x800095a6 (0xa43f2f23) sw      gp, -1442(t5)
core   0: 3 0x800095a6 (0xa43f2f23) mem 0x8000b000 0x00000001
core   0: 0x800095aa (0x0000bfe5) c.j     pc - 8
core   0: 3 0x800095aa (0xbfe5)
core   0: 0x800095a2 (0x00002f17) auipc   t5, 0x2
core   0: 3 0x800095a2 (0x00002f17) x30 0x8000b5a2
core   0: 0x800095a6 (0xa43f2f23) sw      gp, -1442(t5)
core   0: 3 0x800095a6 (0xa43f2f23) mem 0x8000b000 0x00000001
core   0: 0x800095aa (0x0000bfe5) c.j     pc - 8
core   0: 3 0x800095aa (0xbfe5)
core   0: 0x800095a2 (0x00002f17) auipc   t5, 0x2
core   0: 3 0x800095a2 (0x00002f17) x30 0x8000b5a2
core   0: 0x800095a6 (0xa43f2f23) sw      gp, -1442(t5)
core   0: 3 0x800095a6 (0xa43f2f23) mem 0x8000b000 0x00000001
core   0: 0x800095aa (0x0000bfe5) c.j     pc - 8
core   0: 3 0x800095aa (0xbfe5)
core   0: 0x800095a2 (0x00002f17) auipc   t5, 0x2
core   0: 3 0x800095a2 (0x00002f17) x30 0x8000b5a2
core   0: 0x800095a6 (0xa43f2f23) sw      gp, -1442(t5)
core   0: 3 0x800095a6 (0xa43f2f23) mem 0x8000b000 0x00000001
core   0: 0x800095aa (0x0000bfe5) c.j     pc - 8
core   0: 3 0x800095aa (0xbfe5)
core   0: 0x800095a2 (0x00002f17) auipc   t5, 0x2
core   0: 3 0x800095a2 (0x00002f17) x30 0x8000b5a2
core   0: 0x800095a6 (0xa43f2f23) sw      gp, -1442(t5)
core   0: 3 0x800095a6 (0xa43f2f23) mem 0x8000b000 0x00000001
core   0: 0x800095aa (0x0000bfe5) c.j     pc - 8
core   0: 3 0x800095aa (0xbfe5)
core   0: 0x800095a2 (0x00002f17) auipc   t5, 0x2
core   0: 3 0x800095a2 (0x00002f17) x30 0x8000b5a2
core   0: 0x800095a6 (0xa43f2f23) sw      gp, -1442(t5)
core   0: 3 0x800095a6 (0xa43f2f23) mem 0x8000b000 0x00000001
core   0: 0x800095aa (0x0000bfe5) c.j     pc - 8
core   0: 3 0x800095aa (0xbfe5)
core   0: 0x800095a2 (0x00002f17) auipc   t5, 0x2
core   0: 3 0x800095a2 (0x00002f17) x30 0x8000b5a2
core   0: 0x800095a6 (0xa43f2f23) sw      gp, -1442(t5)
core   0: 3 0x800095a6 (0xa43f2f23) mem 0x8000b000 0x00000001
core   0: 0x800095aa (0x0000bfe5) c.j     pc - 8
core   0: 3 0x800095aa (0xbfe5)
core   0: 0x800095a2 (0x00002f17) auipc   t5, 0x2
core   0: 3 0x800095a2 (0x00002f17) x30 0x8000b5a2
core   0: 0x800095a6 (0xa43f2f23) sw      gp, -1442(t5)
core   0: 3 0x800095a6 (0xa43f2f23) mem 0x8000b000 0x00000001
core   0: 0x800095aa (0x0000bfe5) c.j     pc - 8
core   0: 3 0x800095aa (0xbfe5)
core   0: 0x800095a2 (0x00002f17) auipc   t5, 0x2
core   0: 3 0x800095a2 (0x00002f17) x30 0x8000b5a2
core   0: 0x800095a6 (0xa43f2f23) sw      gp, -1442(t5)
core   0: 3 0x800095a6 (0xa43f2f23) mem 0x8000b000 0x00000001
core   0: 0x800095aa (0x0000bfe5) c.j     pc - 8
core   0: 3 0x800095aa (0xbfe5)
core   0: 0x800095a2 (0x00002f17) auipc   t5, 0x2
core   0: 3 0x800095a2 (0x00002f17) x30 0x8000b5a2
core   0: 0x800095a6 (0xa43f2f23) sw      gp, -1442(t5)
core   0: 3 0x800095a6 (0xa43f2f23) mem 0x8000b000 0x00000001
core   0: 0x800095aa (0x0000bfe5) c.j     pc - 8
core   0: 3 0x800095aa (0xbfe5)
core   0: 0x800095a2 (0x00002f17) auipc   t5, 0x2
core   0: 3 0x800095a2 (0x00002f17) x30 0x8000b5a2
core   0: 0x800095a6 (0xa43f2f23) sw      gp, -1442(t5)
core   0: 3 0x800095a6 (0xa43f2f23) mem 0x8000b000 0x00000001
core   0: 0x800095aa (0x0000bfe5) c.j     pc - 8
core   0: 3 0x800095aa (0xbfe5)
core   0: 0x800095a2 (0x00002f17) auipc   t5, 0x2
core   0: 3 0x800095a2 (0x00002f17) x30 0x8000b5a2
core   0: 0x800095a6 (0xa43f2f23) sw      gp, -1442(t5)
core   0: 3 0x800095a6 (0xa43f2f23) mem 0x8000b000 0x00000001
core   0: 0x800095aa (0x0000bfe5) c.j     pc - 8
core   0: 3 0x800095aa (0xbfe5)
core   0: 0x800095a2 (0x00002f17) auipc   t5, 0x2
core   0: 3 0x800095a2 (0x00002f17) x30 0x8000b5a2
core   0: 0x800095a6 (0xa43f2f23) sw      gp, -1442(t5)
core   0: 3 0x800095a6 (0xa43f2f23) mem 0x8000b000 0x00000001
core   0: 0x800095aa (0x0000bfe5) c.j     pc - 8
core   0: 3 0x800095aa (0xbfe5)
core   0: 0x800095a2 (0x00002f17) auipc   t5, 0x2
core   0: 3 0x800095a2 (0x00002f17) x30 0x8000b5a2
core   0: 0x800095a6 (0xa43f2f23) sw      gp, -1442(t5)
core   0: 3 0x800095a6 (0xa43f2f23) mem 0x8000b000 0x00000001
core   0: 0x800095aa (0x0000bfe5) c.j     pc - 8
core   0: 3 0x800095aa (0xbfe5)
core   0: 0x800095a2 (0x00002f17) auipc   t5, 0x2
core   0: 3 0x800095a2 (0x00002f17) x30 0x8000b5a2
core   0: 0x800095a6 (0xa43f2f23) sw      gp, -1442(t5)
core   0: 3 0x800095a6 (0xa43f2f23) mem 0x8000b000 0x00000001
core   0: 0x800095aa (0x0000bfe5) c.j     pc - 8
core   0: 3 0x800095aa (0xbfe5)
core   0: 0x800095a2 (0x00002f17) auipc   t5, 0x2
core   0: 3 0x800095a2 (0x00002f17) x30 0x8000b5a2
core   0: 0x800095a6 (0xa43f2f23) sw      gp, -1442(t5)
core   0: 3 0x800095a6 (0xa43f2f23) mem 0x8000b000 0x00000001
core   0: 0x800095aa (0x0000bfe5) c.j     pc - 8
core   0: 3 0x800095aa (0xbfe5)
core   0: 0x800095a2 (0x00002f17) auipc   t5, 0x2
core   0: 3 0x800095a2 (0x00002f17) x30 0x8000b5a2
core   0: 0x800095a6 (0xa43f2f23) sw      gp, -1442(t5)
core   0: 3 0x800095a6 (0xa43f2f23) mem 0x8000b000 0x00000001
core   0: 0x800095aa (0x0000bfe5) c.j     pc - 8
core   0: 3 0x800095aa (0xbfe5)
core   0: 0x800095a2 (0x00002f17) auipc   t5, 0x2
core   0: 3 0x800095a2 (0x00002f17) x30 0x8000b5a2
core   0: 0x800095a6 (0xa43f2f23) sw      gp, -1442(t5)
core   0: 3 0x800095a6 (0xa43f2f23) mem 0x8000b000 0x00000001
core   0: 0x800095aa (0x0000bfe5) c.j     pc - 8
core   0: 3 0x800095aa (0xbfe5)
core   0: 0x800095a2 (0x00002f17) auipc   t5, 0x2
core   0: 3 0x800095a2 (0x00002f17) x30 0x8000b5a2
core   0: 0x800095a6 (0xa43f2f23) sw      gp, -1442(t5)
core   0: 3 0x800095a6 (0xa43f2f23) mem 0x8000b000 0x00000001
core   0: 0x800095aa (0x0000bfe5) c.j     pc - 8
core   0: 3 0x800095aa (0xbfe5)
core   0: 0x800095a2 (0x00002f17) auipc   t5, 0x2
core   0: 3 0x800095a2 (0x00002f17) x30 0x8000b5a2
core   0: 0x800095a6 (0xa43f2f23) sw      gp, -1442(t5)
core   0: 3 0x800095a6 (0xa43f2f23) mem 0x8000b000 0x00000001
core   0: 0x800095aa (0x0000bfe5) c.j     pc - 8
core   0: 3 0x800095aa (0xbfe5)
core   0: 0x800095a2 (0x00002f17) auipc   t5, 0x2
core   0: 3 0x800095a2 (0x00002f17) x30 0x8000b5a2
core   0: 0x800095a6 (0xa43f2f23) sw      gp, -1442(t5)
core   0: 3 0x800095a6 (0xa43f2f23) mem 0x8000b000 0x00000001
core   0: 0x800095aa (0x0000bfe5) c.j     pc - 8
core   0: 3 0x800095aa (0xbfe5)
core   0: 0x800095a2 (0x00002f17) auipc   t5, 0x2
core   0: 3 0x800095a2 (0x00002f17) x30 0x8000b5a2
core   0: 0x800095a6 (0xa43f2f23) sw      gp, -1442(t5)
core   0: 3 0x800095a6 (0xa43f2f23) mem 0x8000b000 0x00000001
core   0: 0x800095aa (0x0000bfe5) c.j     pc - 8
core   0: 3 0x800095aa (0xbfe5)
core   0: 0x800095a2 (0x00002f17) auipc   t5, 0x2
core   0: 3 0x800095a2 (0x00002f17) x30 0x8000b5a2
core   0: 0x800095a6 (0xa43f2f23) sw      gp, -1442(t5)
core   0: 3 0x800095a6 (0xa43f2f23) mem 0x8000b000 0x00000001
core   0: 0x800095aa (0x0000bfe5) c.j     pc - 8
core   0: 3 0x800095aa (0xbfe5)
core   0: 0x800095a2 (0x00002f17) auipc   t5, 0x2
core   0: 3 0x800095a2 (0x00002f17) x30 0x8000b5a2
core   0: 0x800095a6 (0xa43f2f23) sw      gp, -1442(t5)
core   0: 3 0x800095a6 (0xa43f2f23) mem 0x8000b000 0x00000001
core   0: 0x800095aa (0x0000bfe5) c.j     pc - 8
core   0: 3 0x800095aa (0xbfe5)
core   0: 0x800095a2 (0x00002f17) auipc   t5, 0x2
core   0: 3 0x800095a2 (0x00002f17) x30 0x8000b5a2
core   0: 0x800095a6 (0xa43f2f23) sw      gp, -1442(t5)
core   0: 3 0x800095a6 (0xa43f2f23) mem 0x8000b000 0x00000001
core   0: 0x800095aa (0x0000bfe5) c.j     pc - 8
core   0: 3 0x800095aa (0xbfe5)
core   0: 0x800095a2 (0x00002f17) auipc   t5, 0x2
core   0: 3 0x800095a2 (0x00002f17) x30 0x8000b5a2
core   0: 0x800095a6 (0xa43f2f23) sw      gp, -1442(t5)
core   0: 3 0x800095a6 (0xa43f2f23) mem 0x8000b000 0x00000001
core   0: 0x800095aa (0x0000bfe5) c.j     pc - 8
core   0: 3 0x800095aa (0xbfe5)
core   0: 0x800095a2 (0x00002f17) auipc   t5, 0x2
core   0: 3 0x800095a2 (0x00002f17) x30 0x8000b5a2
core   0: 0x800095a6 (0xa43f2f23) sw      gp, -1442(t5)
core   0: 3 0x800095a6 (0xa43f2f23) mem 0x8000b000 0x00000001
core   0: 0x800095aa (0x0000bfe5) c.j     pc - 8
core   0: 3 0x800095aa (0xbfe5)
core   0: 0x800095a2 (0x00002f17) auipc   t5, 0x2
core   0: 3 0x800095a2 (0x00002f17) x30 0x8000b5a2
core   0: 0x800095a6 (0xa43f2f23) sw      gp, -1442(t5)
core   0: 3 0x800095a6 (0xa43f2f23) mem 0x8000b000 0x00000001
core   0: 0x800095aa (0x0000bfe5) c.j     pc - 8
core   0: 3 0x800095aa (0xbfe5)
core   0: 0x800095a2 (0x00002f17) auipc   t5, 0x2
core   0: 3 0x800095a2 (0x00002f17) x30 0x8000b5a2
core   0: 0x800095a6 (0xa43f2f23) sw      gp, -1442(t5)
core   0: 3 0x800095a6 (0xa43f2f23) mem 0x8000b000 0x00000001
core   0: 0x800095aa (0x0000bfe5) c.j     pc - 8
core   0: 3 0x800095aa (0xbfe5)
core   0: 0x800095a2 (0x00002f17) auipc   t5, 0x2
core   0: 3 0x800095a2 (0x00002f17) x30 0x8000b5a2
core   0: 0x800095a6 (0xa43f2f23) sw      gp, -1442(t5)
core   0: 3 0x800095a6 (0xa43f2f23) mem 0x8000b000 0x00000001
core   0: 0x800095aa (0x0000bfe5) c.j     pc - 8
core   0: 3 0x800095aa (0xbfe5)
core   0: 0x800095a2 (0x00002f17) auipc   t5, 0x2
core   0: 3 0x800095a2 (0x00002f17) x30 0x8000b5a2
core   0: 0x800095a6 (0xa43f2f23) sw      gp, -1442(t5)
core   0: 3 0x800095a6 (0xa43f2f23) mem 0x8000b000 0x00000001
core   0: 0x800095aa (0x0000bfe5) c.j     pc - 8
core   0: 3 0x800095aa (0xbfe5)
core   0: 0x800095a2 (0x00002f17) auipc   t5, 0x2
core   0: 3 0x800095a2 (0x00002f17) x30 0x8000b5a2
core   0: 0x800095a6 (0xa43f2f23) sw      gp, -1442(t5)
core   0: 3 0x800095a6 (0xa43f2f23) mem 0x8000b000 0x00000001
core   0: 0x800095aa (0x0000bfe5) c.j     pc - 8
core   0: 3 0x800095aa (0xbfe5)
core   0: 0x800095a2 (0x00002f17) auipc   t5, 0x2
core   0: 3 0x800095a2 (0x00002f17) x30 0x8000b5a2
core   0: 0x800095a6 (0xa43f2f23) sw      gp, -1442(t5)
core   0: 3 0x800095a6 (0xa43f2f23) mem 0x8000b000 0x00000001
core   0: 0x800095aa (0x0000bfe5) c.j     pc - 8
core   0: 3 0x800095aa (0xbfe5)
core   0: 0x800095a2 (0x00002f17) auipc   t5, 0x2
core   0: 3 0x800095a2 (0x00002f17) x30 0x8000b5a2
core   0: 0x800095a6 (0xa43f2f23) sw      gp, -1442(t5)
core   0: 3 0x800095a6 (0xa43f2f23) mem 0x8000b000 0x00000001
core   0: 0x800095aa (0x0000bfe5) c.j     pc - 8
core   0: 3 0x800095aa (0xbfe5)
core   0: 0x800095a2 (0x00002f17) auipc   t5, 0x2
core   0: 3 0x800095a2 (0x00002f17) x30 0x8000b5a2
core   0: 0x800095a6 (0xa43f2f23) sw      gp, -1442(t5)
core   0: 3 0x800095a6 (0xa43f2f23) mem 0x8000b000 0x00000001
core   0: 0x800095aa (0x0000bfe5) c.j     pc - 8
core   0: 3 0x800095aa (0xbfe5)
core   0: 0x800095a2 (0x00002f17) auipc   t5, 0x2
core   0: 3 0x800095a2 (0x00002f17) x30 0x8000b5a2
core   0: 0x800095a6 (0xa43f2f23) sw      gp, -1442(t5)
core   0: 3 0x800095a6 (0xa43f2f23) mem 0x8000b000 0x00000001
core   0: 0x800095aa (0x0000bfe5) c.j     pc - 8
core   0: 3 0x800095aa (0xbfe5)
core   0: 0x800095a2 (0x00002f17) auipc   t5, 0x2
core   0: 3 0x800095a2 (0x00002f17) x30 0x8000b5a2
core   0: 0x800095a6 (0xa43f2f23) sw      gp, -1442(t5)
core   0: 3 0x800095a6 (0xa43f2f23) mem 0x8000b000 0x00000001
core   0: 0x800095aa (0x0000bfe5) c.j     pc - 8
core   0: 3 0x800095aa (0xbfe5)
core   0: 0x800095a2 (0x00002f17) auipc   t5, 0x2
core   0: 3 0x800095a2 (0x00002f17) x30 0x8000b5a2
core   0: 0x800095a6 (0xa43f2f23) sw      gp, -1442(t5)
core   0: 3 0x800095a6 (0xa43f2f23) mem 0x8000b000 0x00000001
core   0: 0x800095aa (0x0000bfe5) c.j     pc - 8
core   0: 3 0x800095aa (0xbfe5)
core   0: 0x800095a2 (0x00002f17) auipc   t5, 0x2
core   0: 3 0x800095a2 (0x00002f17) x30 0x8000b5a2
core   0: 0x800095a6 (0xa43f2f23) sw      gp, -1442(t5)
core   0: 3 0x800095a6 (0xa43f2f23) mem 0x8000b000 0x00000001
core   0: 0x800095aa (0x0000bfe5) c.j     pc - 8
core   0: 3 0x800095aa (0xbfe5)
core   0: 0x800095a2 (0x00002f17) auipc   t5, 0x2
core   0: 3 0x800095a2 (0x00002f17) x30 0x8000b5a2
core   0: 0x800095a6 (0xa43f2f23) sw      gp, -1442(t5)
core   0: 3 0x800095a6 (0xa43f2f23) mem 0x8000b000 0x00000001
core   0: 0x800095aa (0x0000bfe5) c.j     pc - 8
core   0: 3 0x800095aa (0xbfe5)
core   0: 0x800095a2 (0x00002f17) auipc   t5, 0x2
core   0: 3 0x800095a2 (0x00002f17) x30 0x8000b5a2
core   0: 0x800095a6 (0xa43f2f23) sw      gp, -1442(t5)
core   0: 3 0x800095a6 (0xa43f2f23) mem 0x8000b000 0x00000001
core   0: 0x800095aa (0x0000bfe5) c.j     pc - 8
core   0: 3 0x800095aa (0xbfe5)
core   0: 0x800095a2 (0x00002f17) auipc   t5, 0x2
core   0: 3 0x800095a2 (0x00002f17) x30 0x8000b5a2
core   0: 0x800095a6 (0xa43f2f23) sw      gp, -1442(t5)
core   0: 3 0x800095a6 (0xa43f2f23) mem 0x8000b000 0x00000001
core   0: 0x800095aa (0x0000bfe5) c.j     pc - 8
core   0: 3 0x800095aa (0xbfe5)
core   0: 0x800095a2 (0x00002f17) auipc   t5, 0x2
core   0: 3 0x800095a2 (0x00002f17) x30 0x8000b5a2
core   0: 0x800095a6 (0xa43f2f23) sw      gp, -1442(t5)
core   0: 3 0x800095a6 (0xa43f2f23) mem 0x8000b000 0x00000001
core   0: 0x800095aa (0x0000bfe5) c.j     pc - 8
core   0: 3 0x800095aa (0xbfe5)
core   0: 0x800095a2 (0x00002f17) auipc   t5, 0x2
core   0: 3 0x800095a2 (0x00002f17) x30 0x8000b5a2
core   0: 0x800095a6 (0xa43f2f23) sw      gp, -1442(t5)
core   0: 3 0x800095a6 (0xa43f2f23) mem 0x8000b000 0x00000001
core   0: 0x800095aa (0x0000bfe5) c.j     pc - 8
core   0: 3 0x800095aa (0xbfe5)
core   0: 0x800095a2 (0x00002f17) auipc   t5, 0x2
core   0: 3 0x800095a2 (0x00002f17) x30 0x8000b5a2
core   0: 0x800095a6 (0xa43f2f23) sw      gp, -1442(t5)
core   0: 3 0x800095a6 (0xa43f2f23) mem 0x8000b000 0x00000001
core   0: 0x800095aa (0x0000bfe5) c.j     pc - 8
core   0: 3 0x800095aa (0xbfe5)
core   0: 0x800095a2 (0x00002f17) auipc   t5, 0x2
core   0: 3 0x800095a2 (0x00002f17) x30 0x8000b5a2
core   0: 0x800095a6 (0xa43f2f23) sw      gp, -1442(t5)
core   0: 3 0x800095a6 (0xa43f2f23) mem 0x8000b000 0x00000001
core   0: 0x800095aa (0x0000bfe5) c.j     pc - 8
core   0: 3 0x800095aa (0xbfe5)
core   0: 0x800095a2 (0x00002f17) auipc   t5, 0x2
core   0: 3 0x800095a2 (0x00002f17) x30 0x8000b5a2
core   0: 0x800095a6 (0xa43f2f23) sw      gp, -1442(t5)
core   0: 3 0x800095a6 (0xa43f2f23) mem 0x8000b000 0x00000001
core   0: 0x800095aa (0x0000bfe5) c.j     pc - 8
core   0: 3 0x800095aa (0xbfe5)
core   0: 0x800095a2 (0x00002f17) auipc   t5, 0x2
core   0: 3 0x800095a2 (0x00002f17) x30 0x8000b5a2
core   0: 0x800095a6 (0xa43f2f23) sw      gp, -1442(t5)
core   0: 3 0x800095a6 (0xa43f2f23) mem 0x8000b000 0x00000001
core   0: 0x800095aa (0x0000bfe5) c.j     pc - 8
core   0: 3 0x800095aa (0xbfe5)
core   0: 0x800095a2 (0x00002f17) auipc   t5, 0x2
core   0: 3 0x800095a2 (0x00002f17) x30 0x8000b5a2
core   0: 0x800095a6 (0xa43f2f23) sw      gp, -1442(t5)
core   0: 3 0x800095a6 (0xa43f2f23) mem 0x8000b000 0x00000001
core   0: 0x800095aa (0x0000bfe5) c.j     pc - 8
core   0: 3 0x800095aa (0xbfe5)
core   0: 0x800095a2 (0x00002f17) auipc   t5, 0x2
core   0: 3 0x800095a2 (0x00002f17) x30 0x8000b5a2
core   0: 0x800095a6 (0xa43f2f23) sw      gp, -1442(t5)
core   0: 3 0x800095a6 (0xa43f2f23) mem 0x8000b000 0x00000001
core   0: 0x800095aa (0x0000bfe5) c.j     pc - 8
core   0: 3 0x800095aa (0xbfe5)
core   0: 0x800095a2 (0x00002f17) auipc   t5, 0x2
core   0: 3 0x800095a2 (0x00002f17) x30 0x8000b5a2
core   0: 0x800095a6 (0xa43f2f23) sw      gp, -1442(t5)
core   0: 3 0x800095a6 (0xa43f2f23) mem 0x8000b000 0x00000001
core   0: 0x800095aa (0x0000bfe5) c.j     pc - 8
core   0: 3 0x800095aa (0xbfe5)
core   0: 0x800095a2 (0x00002f17) auipc   t5, 0x2
core   0: 3 0x800095a2 (0x00002f17) x30 0x8000b5a2
core   0: 0x800095a6 (0xa43f2f23) sw      gp, -1442(t5)
core   0: 3 0x800095a6 (0xa43f2f23) mem 0x8000b000 0x00000001
core   0: 0x800095aa (0x0000bfe5) c.j     pc - 8
core   0: 3 0x800095aa (0xbfe5)
core   0: 0x800095a2 (0x00002f17) auipc   t5, 0x2
core   0: 3 0x800095a2 (0x00002f17) x30 0x8000b5a2
core   0: 0x800095a6 (0xa43f2f23) sw      gp, -1442(t5)
core   0: 3 0x800095a6 (0xa43f2f23) mem 0x8000b000 0x00000001
core   0: 0x800095aa (0x0000bfe5) c.j     pc - 8
core   0: 3 0x800095aa (0xbfe5)
core   0: 0x800095a2 (0x00002f17) auipc   t5, 0x2
core   0: 3 0x800095a2 (0x00002f17) x30 0x8000b5a2
core   0: 0x800095a6 (0xa43f2f23) sw      gp, -1442(t5)
core   0: 3 0x800095a6 (0xa43f2f23) mem 0x8000b000 0x00000001
core   0: 0x800095aa (0x0000bfe5) c.j     pc - 8
core   0: 3 0x800095aa (0xbfe5)
core   0: 0x800095a2 (0x00002f17) auipc   t5, 0x2
core   0: 3 0x800095a2 (0x00002f17) x30 0x8000b5a2
core   0: 0x800095a6 (0xa43f2f23) sw      gp, -1442(t5)
core   0: 3 0x800095a6 (0xa43f2f23) mem 0x8000b000 0x00000001
core   0: 0x800095aa (0x0000bfe5) c.j     pc - 8
core   0: 3 0x800095aa (0xbfe5)
core   0: 0x800095a2 (0x00002f17) auipc   t5, 0x2
core   0: 3 0x800095a2 (0x00002f17) x30 0x8000b5a2
core   0: 0x800095a6 (0xa43f2f23) sw      gp, -1442(t5)
core   0: 3 0x800095a6 (0xa43f2f23) mem 0x8000b000 0x00000001
core   0: 0x800095aa (0x0000bfe5) c.j     pc - 8
core   0: 3 0x800095aa (0xbfe5)
core   0: 0x800095a2 (0x00002f17) auipc   t5, 0x2
core   0: 3 0x800095a2 (0x00002f17) x30 0x8000b5a2
core   0: 0x800095a6 (0xa43f2f23) sw      gp, -1442(t5)
core   0: 3 0x800095a6 (0xa43f2f23) mem 0x8000b000 0x00000001
core   0: 0x800095aa (0x0000bfe5) c.j     pc - 8
core   0: 3 0x800095aa (0xbfe5)
core   0: 0x800095a2 (0x00002f17) auipc   t5, 0x2
core   0: 3 0x800095a2 (0x00002f17) x30 0x8000b5a2
core   0: 0x800095a6 (0xa43f2f23) sw      gp, -1442(t5)
core   0: 3 0x800095a6 (0xa43f2f23) mem 0x8000b000 0x00000001
core   0: 0x800095aa (0x0000bfe5) c.j     pc - 8
core   0: 3 0x800095aa (0xbfe5)
core   0: 0x800095a2 (0x00002f17) auipc   t5, 0x2
core   0: 3 0x800095a2 (0x00002f17) x30 0x8000b5a2
core   0: 0x800095a6 (0xa43f2f23) sw      gp, -1442(t5)
core   0: 3 0x800095a6 (0xa43f2f23) mem 0x8000b000 0x00000001
core   0: 0x800095aa (0x0000bfe5) c.j     pc - 8
core   0: 3 0x800095aa (0xbfe5)
core   0: 0x800095a2 (0x00002f17) auipc   t5, 0x2
core   0: 3 0x800095a2 (0x00002f17) x30 0x8000b5a2
core   0: 0x800095a6 (0xa43f2f23) sw      gp, -1442(t5)
core   0: 3 0x800095a6 (0xa43f2f23) mem 0x8000b000 0x00000001
core   0: 0x800095aa (0x0000bfe5) c.j     pc - 8
core   0: 3 0x800095aa (0xbfe5)
core   0: 0x800095a2 (0x00002f17) auipc   t5, 0x2
core   0: 3 0x800095a2 (0x00002f17) x30 0x8000b5a2
core   0: 0x800095a6 (0xa43f2f23) sw      gp, -1442(t5)
core   0: 3 0x800095a6 (0xa43f2f23) mem 0x8000b000 0x00000001
core   0: 0x800095aa (0x0000bfe5) c.j     pc - 8
core   0: 3 0x800095aa (0xbfe5)
core   0: 0x800095a2 (0x00002f17) auipc   t5, 0x2
core   0: 3 0x800095a2 (0x00002f17) x30 0x8000b5a2
core   0: 0x800095a6 (0xa43f2f23) sw      gp, -1442(t5)
core   0: 3 0x800095a6 (0xa43f2f23) mem 0x8000b000 0x00000001
core   0: 0x800095aa (0x0000bfe5) c.j     pc - 8
core   0: 3 0x800095aa (0xbfe5)
core   0: 0x800095a2 (0x00002f17) auipc   t5, 0x2
core   0: 3 0x800095a2 (0x00002f17) x30 0x8000b5a2
core   0: 0x800095a6 (0xa43f2f23) sw      gp, -1442(t5)
core   0: 3 0x800095a6 (0xa43f2f23) mem 0x8000b000 0x00000001
core   0: 0x800095aa (0x0000bfe5) c.j     pc - 8
core   0: 3 0x800095aa (0xbfe5)
core   0: 0x800095a2 (0x00002f17) auipc   t5, 0x2
core   0: 3 0x800095a2 (0x00002f17) x30 0x8000b5a2
core   0: 0x800095a6 (0xa43f2f23) sw      gp, -1442(t5)
core   0: 3 0x800095a6 (0xa43f2f23) mem 0x8000b000 0x00000001
core   0: 0x800095aa (0x0000bfe5) c.j     pc - 8
core   0: 3 0x800095aa (0xbfe5)
core   0: 0x800095a2 (0x00002f17) auipc   t5, 0x2
core   0: 3 0x800095a2 (0x00002f17) x30 0x8000b5a2
core   0: 0x800095a6 (0xa43f2f23) sw      gp, -1442(t5)
core   0: 3 0x800095a6 (0xa43f2f23) mem 0x8000b000 0x00000001
core   0: 0x800095aa (0x0000bfe5) c.j     pc - 8
core   0: 3 0x800095aa (0xbfe5)
core   0: 0x800095a2 (0x00002f17) auipc   t5, 0x2
core   0: 3 0x800095a2 (0x00002f17) x30 0x8000b5a2
core   0: 0x800095a6 (0xa43f2f23) sw      gp, -1442(t5)
core   0: 3 0x800095a6 (0xa43f2f23) mem 0x8000b000 0x00000001
core   0: 0x800095aa (0x0000bfe5) c.j     pc - 8
core   0: 3 0x800095aa (0xbfe5)
core   0: 0x800095a2 (0x00002f17) auipc   t5, 0x2
core   0: 3 0x800095a2 (0x00002f17) x30 0x8000b5a2
core   0: 0x800095a6 (0xa43f2f23) sw      gp, -1442(t5)
core   0: 3 0x800095a6 (0xa43f2f23) mem 0x8000b000 0x00000001
core   0: 0x800095aa (0x0000bfe5) c.j     pc - 8
core   0: 3 0x800095aa (0xbfe5)
core   0: 0x800095a2 (0x00002f17) auipc   t5, 0x2
core   0: 3 0x800095a2 (0x00002f17) x30 0x8000b5a2
core   0: 0x800095a6 (0xa43f2f23) sw      gp, -1442(t5)
core   0: 3 0x800095a6 (0xa43f2f23) mem 0x8000b000 0x00000001
core   0: 0x800095aa (0x0000bfe5) c.j     pc - 8
core   0: 3 0x800095aa (0xbfe5)
core   0: 0x800095a2 (0x00002f17) auipc   t5, 0x2
core   0: 3 0x800095a2 (0x00002f17) x30 0x8000b5a2
core   0: 0x800095a6 (0xa43f2f23) sw      gp, -1442(t5)
core   0: 3 0x800095a6 (0xa43f2f23) mem 0x8000b000 0x00000001
core   0: 0x800095aa (0x0000bfe5) c.j     pc - 8
core   0: 3 0x800095aa (0xbfe5)
core   0: 0x800095a2 (0x00002f17) auipc   t5, 0x2
core   0: 3 0x800095a2 (0x00002f17) x30 0x8000b5a2
core   0: 0x800095a6 (0xa43f2f23) sw      gp, -1442(t5)
core   0: 3 0x800095a6 (0xa43f2f23) mem 0x8000b000 0x00000001
core   0: 0x800095aa (0x0000bfe5) c.j     pc - 8
core   0: 3 0x800095aa (0xbfe5)
core   0: 0x800095a2 (0x00002f17) auipc   t5, 0x2
core   0: 3 0x800095a2 (0x00002f17) x30 0x8000b5a2
core   0: 0x800095a6 (0xa43f2f23) sw      gp, -1442(t5)
core   0: 3 0x800095a6 (0xa43f2f23) mem 0x8000b000 0x00000001
core   0: 0x800095aa (0x0000bfe5) c.j     pc - 8
core   0: 3 0x800095aa (0xbfe5)
core   0: 0x800095a2 (0x00002f17) auipc   t5, 0x2
core   0: 3 0x800095a2 (0x00002f17) x30 0x8000b5a2
core   0: 0x800095a6 (0xa43f2f23) sw      gp, -1442(t5)
core   0: 3 0x800095a6 (0xa43f2f23) mem 0x8000b000 0x00000001
core   0: 0x800095aa (0x0000bfe5) c.j     pc - 8
core   0: 3 0x800095aa (0xbfe5)
core   0: 0x800095a2 (0x00002f17) auipc   t5, 0x2
core   0: 3 0x800095a2 (0x00002f17) x30 0x8000b5a2
core   0: 0x800095a6 (0xa43f2f23) sw      gp, -1442(t5)
core   0: 3 0x800095a6 (0xa43f2f23) mem 0x8000b000 0x00000001
core   0: 0x800095aa (0x0000bfe5) c.j     pc - 8
core   0: 3 0x800095aa (0xbfe5)
core   0: 0x800095a2 (0x00002f17) auipc   t5, 0x2
core   0: 3 0x800095a2 (0x00002f17) x30 0x8000b5a2
core   0: 0x800095a6 (0xa43f2f23) sw      gp, -1442(t5)
core   0: 3 0x800095a6 (0xa43f2f23) mem 0x8000b000 0x00000001
core   0: 0x800095aa (0x0000bfe5) c.j     pc - 8
core   0: 3 0x800095aa (0xbfe5)
core   0: 0x800095a2 (0x00002f17) auipc   t5, 0x2
core   0: 3 0x800095a2 (0x00002f17) x30 0x8000b5a2
core   0: 0x800095a6 (0xa43f2f23) sw      gp, -1442(t5)
core   0: 3 0x800095a6 (0xa43f2f23) mem 0x8000b000 0x00000001
core   0: 0x800095aa (0x0000bfe5) c.j     pc - 8
core   0: 3 0x800095aa (0xbfe5)
core   0: 0x800095a2 (0x00002f17) auipc   t5, 0x2
core   0: 3 0x800095a2 (0x00002f17) x30 0x8000b5a2
core   0: 0x800095a6 (0xa43f2f23) sw      gp, -1442(t5)
core   0: 3 0x800095a6 (0xa43f2f23) mem 0x8000b000 0x00000001
core   0: 0x800095aa (0x0000bfe5) c.j     pc - 8
core   0: 3 0x800095aa (0xbfe5)
core   0: 0x800095a2 (0x00002f17) auipc   t5, 0x2
core   0: 3 0x800095a2 (0x00002f17) x30 0x8000b5a2
core   0: 0x800095a6 (0xa43f2f23) sw      gp, -1442(t5)
core   0: 3 0x800095a6 (0xa43f2f23) mem 0x8000b000 0x00000001
core   0: 0x800095aa (0x0000bfe5) c.j     pc - 8
core   0: 3 0x800095aa (0xbfe5)
core   0: 0x800095a2 (0x00002f17) auipc   t5, 0x2
core   0: 3 0x800095a2 (0x00002f17) x30 0x8000b5a2
core   0: 0x800095a6 (0xa43f2f23) sw      gp, -1442(t5)
core   0: 3 0x800095a6 (0xa43f2f23) mem 0x8000b000 0x00000001
core   0: 0x800095aa (0x0000bfe5) c.j     pc - 8
core   0: 3 0x800095aa (0xbfe5)
core   0: 0x800095a2 (0x00002f17) auipc   t5, 0x2
core   0: 3 0x800095a2 (0x00002f17) x30 0x8000b5a2
core   0: 0x800095a6 (0xa43f2f23) sw      gp, -1442(t5)
core   0: 3 0x800095a6 (0xa43f2f23) mem 0x8000b000 0x00000001
core   0: 0x800095aa (0x0000bfe5) c.j     pc - 8
core   0: 3 0x800095aa (0xbfe5)
core   0: 0x800095a2 (0x00002f17) auipc   t5, 0x2
core   0: 3 0x800095a2 (0x00002f17) x30 0x8000b5a2
core   0: 0x800095a6 (0xa43f2f23) sw      gp, -1442(t5)
core   0: 3 0x800095a6 (0xa43f2f23) mem 0x8000b000 0x00000001
core   0: 0x800095aa (0x0000bfe5) c.j     pc - 8
core   0: 3 0x800095aa (0xbfe5)
core   0: 0x800095a2 (0x00002f17) auipc   t5, 0x2
core   0: 3 0x800095a2 (0x00002f17) x30 0x8000b5a2
core   0: 0x800095a6 (0xa43f2f23) sw      gp, -1442(t5)
core   0: 3 0x800095a6 (0xa43f2f23) mem 0x8000b000 0x00000001
core   0: 0x800095aa (0x0000bfe5) c.j     pc - 8
core   0: 3 0x800095aa (0xbfe5)
core   0: 0x800095a2 (0x00002f17) auipc   t5, 0x2
core   0: 3 0x800095a2 (0x00002f17) x30 0x8000b5a2
core   0: 0x800095a6 (0xa43f2f23) sw      gp, -1442(t5)
core   0: 3 0x800095a6 (0xa43f2f23) mem 0x8000b000 0x00000001
core   0: 0x800095aa (0x0000bfe5) c.j     pc - 8
core   0: 3 0x800095aa (0xbfe5)
core   0: 0x800095a2 (0x00002f17) auipc   t5, 0x2
core   0: 3 0x800095a2 (0x00002f17) x30 0x8000b5a2
core   0: 0x800095a6 (0xa43f2f23) sw      gp, -1442(t5)
core   0: 3 0x800095a6 (0xa43f2f23) mem 0x8000b000 0x00000001
core   0: 0x800095aa (0x0000bfe5) c.j     pc - 8
core   0: 3 0x800095aa (0xbfe5)
core   0: 0x800095a2 (0x00002f17) auipc   t5, 0x2
core   0: 3 0x800095a2 (0x00002f17) x30 0x8000b5a2
core   0: 0x800095a6 (0xa43f2f23) sw      gp, -1442(t5)
core   0: 3 0x800095a6 (0xa43f2f23) mem 0x8000b000 0x00000001
core   0: 0x800095aa (0x0000bfe5) c.j     pc - 8
core   0: 3 0x800095aa (0xbfe5)
core   0: 0x800095a2 (0x00002f17) auipc   t5, 0x2
core   0: 3 0x800095a2 (0x00002f17) x30 0x8000b5a2
core   0: 0x800095a6 (0xa43f2f23) sw      gp, -1442(t5)
core   0: 3 0x800095a6 (0xa43f2f23) mem 0x8000b000 0x00000001
core   0: 0x800095aa (0x0000bfe5) c.j     pc - 8
core   0: 3 0x800095aa (0xbfe5)
core   0: 0x800095a2 (0x00002f17) auipc   t5, 0x2
core   0: 3 0x800095a2 (0x00002f17) x30 0x8000b5a2
core   0: 0x800095a6 (0xa43f2f23) sw      gp, -1442(t5)
core   0: 3 0x800095a6 (0xa43f2f23) mem 0x8000b000 0x00000001
core   0: 0x800095aa (0x0000bfe5) c.j     pc - 8
core   0: 3 0x800095aa (0xbfe5)
core   0: 0x800095a2 (0x00002f17) auipc   t5, 0x2
core   0: 3 0x800095a2 (0x00002f17) x30 0x8000b5a2
core   0: 0x800095a6 (0xa43f2f23) sw      gp, -1442(t5)
core   0: 3 0x800095a6 (0xa43f2f23) mem 0x8000b000 0x00000001
core   0: 0x800095aa (0x0000bfe5) c.j     pc - 8
core   0: 3 0x800095aa (0xbfe5)
core   0: 0x800095a2 (0x00002f17) auipc   t5, 0x2
core   0: 3 0x800095a2 (0x00002f17) x30 0x8000b5a2
core   0: 0x800095a6 (0xa43f2f23) sw      gp, -1442(t5)
core   0: 3 0x800095a6 (0xa43f2f23) mem 0x8000b000 0x00000001
core   0: 0x800095aa (0x0000bfe5) c.j     pc - 8
core   0: 3 0x800095aa (0xbfe5)
core   0: 0x800095a2 (0x00002f17) auipc   t5, 0x2
core   0: 3 0x800095a2 (0x00002f17) x30 0x8000b5a2
core   0: 0x800095a6 (0xa43f2f23) sw      gp, -1442(t5)
core   0: 3 0x800095a6 (0xa43f2f23) mem 0x8000b000 0x00000001
core   0: 0x800095aa (0x0000bfe5) c.j     pc - 8
core   0: 3 0x800095aa (0xbfe5)
core   0: 0x800095a2 (0x00002f17) auipc   t5, 0x2
core   0: 3 0x800095a2 (0x00002f17) x30 0x8000b5a2
core   0: 0x800095a6 (0xa43f2f23) sw      gp, -1442(t5)
core   0: 3 0x800095a6 (0xa43f2f23) mem 0x8000b000 0x00000001
core   0: 0x800095aa (0x0000bfe5) c.j     pc - 8
core   0: 3 0x800095aa (0xbfe5)
core   0: 0x800095a2 (0x00002f17) auipc   t5, 0x2
core   0: 3 0x800095a2 (0x00002f17) x30 0x8000b5a2
core   0: 0x800095a6 (0xa43f2f23) sw      gp, -1442(t5)
core   0: 3 0x800095a6 (0xa43f2f23) mem 0x8000b000 0x00000001
core   0: 0x800095aa (0x0000bfe5) c.j     pc - 8
core   0: 3 0x800095aa (0xbfe5)
core   0: 0x800095a2 (0x00002f17) auipc   t5, 0x2
core   0: 3 0x800095a2 (0x00002f17) x30 0x8000b5a2
core   0: 0x800095a6 (0xa43f2f23) sw      gp, -1442(t5)
core   0: 3 0x800095a6 (0xa43f2f23) mem 0x8000b000 0x00000001
core   0: 0x800095aa (0x0000bfe5) c.j     pc - 8
core   0: 3 0x800095aa (0xbfe5)
core   0: 0x800095a2 (0x00002f17) auipc   t5, 0x2
core   0: 3 0x800095a2 (0x00002f17) x30 0x8000b5a2
core   0: 0x800095a6 (0xa43f2f23) sw      gp, -1442(t5)
core   0: 3 0x800095a6 (0xa43f2f23) mem 0x8000b000 0x00000001
core   0: 0x800095aa (0x0000bfe5) c.j     pc - 8
core   0: 3 0x800095aa (0xbfe5)
core   0: 0x800095a2 (0x00002f17) auipc   t5, 0x2
core   0: 3 0x800095a2 (0x00002f17) x30 0x8000b5a2
core   0: 0x800095a6 (0xa43f2f23) sw      gp, -1442(t5)
core   0: 3 0x800095a6 (0xa43f2f23) mem 0x8000b000 0x00000001
core   0: 0x800095aa (0x0000bfe5) c.j     pc - 8
core   0: 3 0x800095aa (0xbfe5)
core   0: 0x800095a2 (0x00002f17) auipc   t5, 0x2
core   0: 3 0x800095a2 (0x00002f17) x30 0x8000b5a2
core   0: 0x800095a6 (0xa43f2f23) sw      gp, -1442(t5)
core   0: 3 0x800095a6 (0xa43f2f23) mem 0x8000b000 0x00000001
core   0: 0x800095aa (0x0000bfe5) c.j     pc - 8
core   0: 3 0x800095aa (0xbfe5)
core   0: 0x800095a2 (0x00002f17) auipc   t5, 0x2
core   0: 3 0x800095a2 (0x00002f17) x30 0x8000b5a2
core   0: 0x800095a6 (0xa43f2f23) sw      gp, -1442(t5)
core   0: 3 0x800095a6 (0xa43f2f23) mem 0x8000b000 0x00000001
core   0: 0x800095aa (0x0000bfe5) c.j     pc - 8
core   0: 3 0x800095aa (0xbfe5)
core   0: 0x800095a2 (0x00002f17) auipc   t5, 0x2
core   0: 3 0x800095a2 (0x00002f17) x30 0x8000b5a2
core   0: 0x800095a6 (0xa43f2f23) sw      gp, -1442(t5)
core   0: 3 0x800095a6 (0xa43f2f23) mem 0x8000b000 0x00000001
core   0: 0x800095aa (0x0000bfe5) c.j     pc - 8
core   0: 3 0x800095aa (0xbfe5)
core   0: 0x800095a2 (0x00002f17) auipc   t5, 0x2
core   0: 3 0x800095a2 (0x00002f17) x30 0x8000b5a2
core   0: 0x800095a6 (0xa43f2f23) sw      gp, -1442(t5)
core   0: 3 0x800095a6 (0xa43f2f23) mem 0x8000b000 0x00000001
core   0: 0x800095aa (0x0000bfe5) c.j     pc - 8
core   0: 3 0x800095aa (0xbfe5)
core   0: 0x800095a2 (0x00002f17) auipc   t5, 0x2
core   0: 3 0x800095a2 (0x00002f17) x30 0x8000b5a2
core   0: 0x800095a6 (0xa43f2f23) sw      gp, -1442(t5)
core   0: 3 0x800095a6 (0xa43f2f23) mem 0x8000b000 0x00000001
core   0: 0x800095aa (0x0000bfe5) c.j     pc - 8
core   0: 3 0x800095aa (0xbfe5)
core   0: 0x800095a2 (0x00002f17) auipc   t5, 0x2
core   0: 3 0x800095a2 (0x00002f17) x30 0x8000b5a2
core   0: 0x800095a6 (0xa43f2f23) sw      gp, -1442(t5)
core   0: 3 0x800095a6 (0xa43f2f23) mem 0x8000b000 0x00000001
core   0: 0x800095aa (0x0000bfe5) c.j     pc - 8
core   0: 3 0x800095aa (0xbfe5)
core   0: 0x800095a2 (0x00002f17) auipc   t5, 0x2
core   0: 3 0x800095a2 (0x00002f17) x30 0x8000b5a2
core   0: 0x800095a6 (0xa43f2f23) sw      gp, -1442(t5)
core   0: 3 0x800095a6 (0xa43f2f23) mem 0x8000b000 0x00000001
core   0: 0x800095aa (0x0000bfe5) c.j     pc - 8
core   0: 3 0x800095aa (0xbfe5)
core   0: 0x800095a2 (0x00002f17) auipc   t5, 0x2
core   0: 3 0x800095a2 (0x00002f17) x30 0x8000b5a2
core   0: 0x800095a6 (0xa43f2f23) sw      gp, -1442(t5)
core   0: 3 0x800095a6 (0xa43f2f23) mem 0x8000b000 0x00000001
core   0: 0x800095aa (0x0000bfe5) c.j     pc - 8
core   0: 3 0x800095aa (0xbfe5)
core   0: 0x800095a2 (0x00002f17) auipc   t5, 0x2
core   0: 3 0x800095a2 (0x00002f17) x30 0x8000b5a2
core   0: 0x800095a6 (0xa43f2f23) sw      gp, -1442(t5)
core   0: 3 0x800095a6 (0xa43f2f23) mem 0x8000b000 0x00000001
core   0: 0x800095aa (0x0000bfe5) c.j     pc - 8
core   0: 3 0x800095aa (0xbfe5)
core   0: 0x800095a2 (0x00002f17) auipc   t5, 0x2
core   0: 3 0x800095a2 (0x00002f17) x30 0x8000b5a2
core   0: 0x800095a6 (0xa43f2f23) sw      gp, -1442(t5)
core   0: 3 0x800095a6 (0xa43f2f23) mem 0x8000b000 0x00000001
core   0: 0x800095aa (0x0000bfe5) c.j     pc - 8
core   0: 3 0x800095aa (0xbfe5)
core   0: 0x800095a2 (0x00002f17) auipc   t5, 0x2
core   0: 3 0x800095a2 (0x00002f17) x30 0x8000b5a2
core   0: 0x800095a6 (0xa43f2f23) sw      gp, -1442(t5)
core   0: 3 0x800095a6 (0xa43f2f23) mem 0x8000b000 0x00000001
core   0: 0x800095aa (0x0000bfe5) c.j     pc - 8
core   0: 3 0x800095aa (0xbfe5)
core   0: 0x800095a2 (0x00002f17) auipc   t5, 0x2
core   0: 3 0x800095a2 (0x00002f17) x30 0x8000b5a2
core   0: 0x800095a6 (0xa43f2f23) sw      gp, -1442(t5)
core   0: 3 0x800095a6 (0xa43f2f23) mem 0x8000b000 0x00000001
core   0: 0x800095aa (0x0000bfe5) c.j     pc - 8
core   0: 3 0x800095aa (0xbfe5)
core   0: 0x800095a2 (0x00002f17) auipc   t5, 0x2
core   0: 3 0x800095a2 (0x00002f17) x30 0x8000b5a2
core   0: 0x800095a6 (0xa43f2f23) sw      gp, -1442(t5)
core   0: 3 0x800095a6 (0xa43f2f23) mem 0x8000b000 0x00000001
core   0: 0x800095aa (0x0000bfe5) c.j     pc - 8
core   0: 3 0x800095aa (0xbfe5)
core   0: 0x800095a2 (0x00002f17) auipc   t5, 0x2
core   0: 3 0x800095a2 (0x00002f17) x30 0x8000b5a2
core   0: 0x800095a6 (0xa43f2f23) sw      gp, -1442(t5)
core   0: 3 0x800095a6 (0xa43f2f23) mem 0x8000b000 0x00000001
core   0: 0x800095aa (0x0000bfe5) c.j     pc - 8
core   0: 3 0x800095aa (0xbfe5)
core   0: 0x800095a2 (0x00002f17) auipc   t5, 0x2
core   0: 3 0x800095a2 (0x00002f17) x30 0x8000b5a2
core   0: 0x800095a6 (0xa43f2f23) sw      gp, -1442(t5)
core   0: 3 0x800095a6 (0xa43f2f23) mem 0x8000b000 0x00000001
core   0: 0x800095aa (0x0000bfe5) c.j     pc - 8
core   0: 3 0x800095aa (0xbfe5)
core   0: 0x800095a2 (0x00002f17) auipc   t5, 0x2
core   0: 3 0x800095a2 (0x00002f17) x30 0x8000b5a2
core   0: 0x800095a6 (0xa43f2f23) sw      gp, -1442(t5)
core   0: 3 0x800095a6 (0xa43f2f23) mem 0x8000b000 0x00000001
core   0: 0x800095aa (0x0000bfe5) c.j     pc - 8
core   0: 3 0x800095aa (0xbfe5)
core   0: 0x800095a2 (0x00002f17) auipc   t5, 0x2
core   0: 3 0x800095a2 (0x00002f17) x30 0x8000b5a2
core   0: 0x800095a6 (0xa43f2f23) sw      gp, -1442(t5)
core   0: 3 0x800095a6 (0xa43f2f23) mem 0x8000b000 0x00000001
core   0: 0x800095aa (0x0000bfe5) c.j     pc - 8
core   0: 3 0x800095aa (0xbfe5)
core   0: 0x800095a2 (0x00002f17) auipc   t5, 0x2
core   0: 3 0x800095a2 (0x00002f17) x30 0x8000b5a2
core   0: 0x800095a6 (0xa43f2f23) sw      gp, -1442(t5)
core   0: 3 0x800095a6 (0xa43f2f23) mem 0x8000b000 0x00000001
core   0: 0x800095aa (0x0000bfe5) c.j     pc - 8
core   0: 3 0x800095aa (0xbfe5)
core   0: 0x800095a2 (0x00002f17) auipc   t5, 0x2
core   0: 3 0x800095a2 (0x00002f17) x30 0x8000b5a2
core   0: 0x800095a6 (0xa43f2f23) sw      gp, -1442(t5)
core   0: 3 0x800095a6 (0xa43f2f23) mem 0x8000b000 0x00000001
core   0: 0x800095aa (0x0000bfe5) c.j     pc - 8
core   0: 3 0x800095aa (0xbfe5)
core   0: 0x800095a2 (0x00002f17) auipc   t5, 0x2
core   0: 3 0x800095a2 (0x00002f17) x30 0x8000b5a2
core   0: 0x800095a6 (0xa43f2f23) sw      gp, -1442(t5)
core   0: 3 0x800095a6 (0xa43f2f23) mem 0x8000b000 0x00000001
core   0: 0x800095aa (0x0000bfe5) c.j     pc - 8
core   0: 3 0x800095aa (0xbfe5)
core   0: 0x800095a2 (0x00002f17) auipc   t5, 0x2
core   0: 3 0x800095a2 (0x00002f17) x30 0x8000b5a2
core   0: 0x800095a6 (0xa43f2f23) sw      gp, -1442(t5)
core   0: 3 0x800095a6 (0xa43f2f23) mem 0x8000b000 0x00000001
core   0: 0x800095aa (0x0000bfe5) c.j     pc - 8
core   0: 3 0x800095aa (0xbfe5)
core   0: 0x800095a2 (0x00002f17) auipc   t5, 0x2
core   0: 3 0x800095a2 (0x00002f17) x30 0x8000b5a2
core   0: 0x800095a6 (0xa43f2f23) sw      gp, -1442(t5)
core   0: 3 0x800095a6 (0xa43f2f23) mem 0x8000b000 0x00000001
core   0: 0x800095aa (0x0000bfe5) c.j     pc - 8
core   0: 3 0x800095aa (0xbfe5)
core   0: 0x800095a2 (0x00002f17) auipc   t5, 0x2
core   0: 3 0x800095a2 (0x00002f17) x30 0x8000b5a2
core   0: 0x800095a6 (0xa43f2f23) sw      gp, -1442(t5)
core   0: 3 0x800095a6 (0xa43f2f23) mem 0x8000b000 0x00000001
core   0: 0x800095aa (0x0000bfe5) c.j     pc - 8
core   0: 3 0x800095aa (0xbfe5)
core   0: 0x800095a2 (0x00002f17) auipc   t5, 0x2
core   0: 3 0x800095a2 (0x00002f17) x30 0x8000b5a2
core   0: 0x800095a6 (0xa43f2f23) sw      gp, -1442(t5)
core   0: 3 0x800095a6 (0xa43f2f23) mem 0x8000b000 0x00000001
core   0: 0x800095aa (0x0000bfe5) c.j     pc - 8
core   0: 3 0x800095aa (0xbfe5)
core   0: 0x800095a2 (0x00002f17) auipc   t5, 0x2
core   0: 3 0x800095a2 (0x00002f17) x30 0x8000b5a2
core   0: 0x800095a6 (0xa43f2f23) sw      gp, -1442(t5)
core   0: 3 0x800095a6 (0xa43f2f23) mem 0x8000b000 0x00000001
core   0: 0x800095aa (0x0000bfe5) c.j     pc - 8
core   0: 3 0x800095aa (0xbfe5)
core   0: 0x800095a2 (0x00002f17) auipc   t5, 0x2
core   0: 3 0x800095a2 (0x00002f17) x30 0x8000b5a2
core   0: 0x800095a6 (0xa43f2f23) sw      gp, -1442(t5)
core   0: 3 0x800095a6 (0xa43f2f23) mem 0x8000b000 0x00000001
core   0: 0x800095aa (0x0000bfe5) c.j     pc - 8
core   0: 3 0x800095aa (0xbfe5)
core   0: 0x800095a2 (0x00002f17) auipc   t5, 0x2
core   0: 3 0x800095a2 (0x00002f17) x30 0x8000b5a2
core   0: 0x800095a6 (0xa43f2f23) sw      gp, -1442(t5)
core   0: 3 0x800095a6 (0xa43f2f23) mem 0x8000b000 0x00000001
core   0: 0x800095aa (0x0000bfe5) c.j     pc - 8
core   0: 3 0x800095aa (0xbfe5)
core   0: 0x800095a2 (0x00002f17) auipc   t5, 0x2
core   0: 3 0x800095a2 (0x00002f17) x30 0x8000b5a2
core   0: 0x800095a6 (0xa43f2f23) sw      gp, -1442(t5)
core   0: 3 0x800095a6 (0xa43f2f23) mem 0x8000b000 0x00000001
core   0: 0x800095aa (0x0000bfe5) c.j     pc - 8
core   0: 3 0x800095aa (0xbfe5)
core   0: 0x800095a2 (0x00002f17) auipc   t5, 0x2
core   0: 3 0x800095a2 (0x00002f17) x30 0x8000b5a2
core   0: 0x800095a6 (0xa43f2f23) sw      gp, -1442(t5)
core   0: 3 0x800095a6 (0xa43f2f23) mem 0x8000b000 0x00000001
core   0: 0x800095aa (0x0000bfe5) c.j     pc - 8
core   0: 3 0x800095aa (0xbfe5)
core   0: 0x800095a2 (0x00002f17) auipc   t5, 0x2
core   0: 3 0x800095a2 (0x00002f17) x30 0x8000b5a2
core   0: 0x800095a6 (0xa43f2f23) sw      gp, -1442(t5)
core   0: 3 0x800095a6 (0xa43f2f23) mem 0x8000b000 0x00000001
core   0: 0x800095aa (0x0000bfe5) c.j     pc - 8
core   0: 3 0x800095aa (0xbfe5)
core   0: 0x800095a2 (0x00002f17) auipc   t5, 0x2
core   0: 3 0x800095a2 (0x00002f17) x30 0x8000b5a2
core   0: 0x800095a6 (0xa43f2f23) sw      gp, -1442(t5)
core   0: 3 0x800095a6 (0xa43f2f23) mem 0x8000b000 0x00000001
core   0: 0x800095aa (0x0000bfe5) c.j     pc - 8
core   0: 3 0x800095aa (0xbfe5)
core   0: 0x800095a2 (0x00002f17) auipc   t5, 0x2
core   0: 3 0x800095a2 (0x00002f17) x30 0x8000b5a2
core   0: 0x800095a6 (0xa43f2f23) sw      gp, -1442(t5)
core   0: 3 0x800095a6 (0xa43f2f23) mem 0x8000b000 0x00000001
core   0: 0x800095aa (0x0000bfe5) c.j     pc - 8
core   0: 3 0x800095aa (0xbfe5)
core   0: 0x800095a2 (0x00002f17) auipc   t5, 0x2
core   0: 3 0x800095a2 (0x00002f17) x30 0x8000b5a2
core   0: 0x800095a6 (0xa43f2f23) sw      gp, -1442(t5)
core   0: 3 0x800095a6 (0xa43f2f23) mem 0x8000b000 0x00000001
core   0: 0x800095aa (0x0000bfe5) c.j     pc - 8
core   0: 3 0x800095aa (0xbfe5)
core   0: 0x800095a2 (0x00002f17) auipc   t5, 0x2
core   0: 3 0x800095a2 (0x00002f17) x30 0x8000b5a2
core   0: 0x800095a6 (0xa43f2f23) sw      gp, -1442(t5)
core   0: 3 0x800095a6 (0xa43f2f23) mem 0x8000b000 0x00000001
core   0: 0x800095aa (0x0000bfe5) c.j     pc - 8
core   0: 3 0x800095aa (0xbfe5)
core   0: 0x800095a2 (0x00002f17) auipc   t5, 0x2
core   0: 3 0x800095a2 (0x00002f17) x30 0x8000b5a2
core   0: 0x800095a6 (0xa43f2f23) sw      gp, -1442(t5)
core   0: 3 0x800095a6 (0xa43f2f23) mem 0x8000b000 0x00000001
core   0: 0x800095aa (0x0000bfe5) c.j     pc - 8
core   0: 3 0x800095aa (0xbfe5)
core   0: 0x800095a2 (0x00002f17) auipc   t5, 0x2
core   0: 3 0x800095a2 (0x00002f17) x30 0x8000b5a2
core   0: 0x800095a6 (0xa43f2f23) sw      gp, -1442(t5)
core   0: 3 0x800095a6 (0xa43f2f23) mem 0x8000b000 0x00000001
core   0: 0x800095aa (0x0000bfe5) c.j     pc - 8
core   0: 3 0x800095aa (0xbfe5)
core   0: 0x800095a2 (0x00002f17) auipc   t5, 0x2
core   0: 3 0x800095a2 (0x00002f17) x30 0x8000b5a2
core   0: 0x800095a6 (0xa43f2f23) sw      gp, -1442(t5)
core   0: 3 0x800095a6 (0xa43f2f23) mem 0x8000b000 0x00000001
core   0: 0x800095aa (0x0000bfe5) c.j     pc - 8
core   0: 3 0x800095aa (0xbfe5)
core   0: 0x800095a2 (0x00002f17) auipc   t5, 0x2
core   0: 3 0x800095a2 (0x00002f17) x30 0x8000b5a2
core   0: 0x800095a6 (0xa43f2f23) sw      gp, -1442(t5)
core   0: 3 0x800095a6 (0xa43f2f23) mem 0x8000b000 0x00000001
core   0: 0x800095aa (0x0000bfe5) c.j     pc - 8
core   0: 3 0x800095aa (0xbfe5)
core   0: 0x800095a2 (0x00002f17) auipc   t5, 0x2
core   0: 3 0x800095a2 (0x00002f17) x30 0x8000b5a2
core   0: 0x800095a6 (0xa43f2f23) sw      gp, -1442(t5)
core   0: 3 0x800095a6 (0xa43f2f23) mem 0x8000b000 0x00000001
core   0: 0x800095aa (0x0000bfe5) c.j     pc - 8
core   0: 3 0x800095aa (0xbfe5)
core   0: 0x800095a2 (0x00002f17) auipc   t5, 0x2
core   0: 3 0x800095a2 (0x00002f17) x30 0x8000b5a2
core   0: 0x800095a6 (0xa43f2f23) sw      gp, -1442(t5)
core   0: 3 0x800095a6 (0xa43f2f23) mem 0x8000b000 0x00000001
core   0: 0x800095aa (0x0000bfe5) c.j     pc - 8
core   0: 3 0x800095aa (0xbfe5)
core   0: 0x800095a2 (0x00002f17) auipc   t5, 0x2
core   0: 3 0x800095a2 (0x00002f17) x30 0x8000b5a2
core   0: 0x800095a6 (0xa43f2f23) sw      gp, -1442(t5)
core   0: 3 0x800095a6 (0xa43f2f23) mem 0x8000b000 0x00000001
core   0: 0x800095aa (0x0000bfe5) c.j     pc - 8
core   0: 3 0x800095aa (0xbfe5)
core   0: 0x800095a2 (0x00002f17) auipc   t5, 0x2
core   0: 3 0x800095a2 (0x00002f17) x30 0x8000b5a2
core   0: 0x800095a6 (0xa43f2f23) sw      gp, -1442(t5)
core   0: 3 0x800095a6 (0xa43f2f23) mem 0x8000b000 0x00000001
core   0: 0x800095aa (0x0000bfe5) c.j     pc - 8
core   0: 3 0x800095aa (0xbfe5)
core   0: 0x800095a2 (0x00002f17) auipc   t5, 0x2
core   0: 3 0x800095a2 (0x00002f17) x30 0x8000b5a2
core   0: 0x800095a6 (0xa43f2f23) sw      gp, -1442(t5)
core   0: 3 0x800095a6 (0xa43f2f23) mem 0x8000b000 0x00000001
core   0: 0x800095aa (0x0000bfe5) c.j     pc - 8
core   0: 3 0x800095aa (0xbfe5)
core   0: 0x800095a2 (0x00002f17) auipc   t5, 0x2
core   0: 3 0x800095a2 (0x00002f17) x30 0x8000b5a2
core   0: 0x800095a6 (0xa43f2f23) sw      gp, -1442(t5)
core   0: 3 0x800095a6 (0xa43f2f23) mem 0x8000b000 0x00000001
core   0: 0x800095aa (0x0000bfe5) c.j     pc - 8
core   0: 3 0x800095aa (0xbfe5)
core   0: 0x800095a2 (0x00002f17) auipc   t5, 0x2
core   0: 3 0x800095a2 (0x00002f17) x30 0x8000b5a2
core   0: 0x800095a6 (0xa43f2f23) sw      gp, -1442(t5)
core   0: 3 0x800095a6 (0xa43f2f23) mem 0x8000b000 0x00000001
core   0: 0x800095aa (0x0000bfe5) c.j     pc - 8
core   0: 3 0x800095aa (0xbfe5)
core   0: 0x800095a2 (0x00002f17) auipc   t5, 0x2
core   0: 3 0x800095a2 (0x00002f17) x30 0x8000b5a2
core   0: 0x800095a6 (0xa43f2f23) sw      gp, -1442(t5)
core   0: 3 0x800095a6 (0xa43f2f23) mem 0x8000b000 0x00000001
core   0: 0x800095aa (0x0000bfe5) c.j     pc - 8
core   0: 3 0x800095aa (0xbfe5)
core   0: 0x800095a2 (0x00002f17) auipc   t5, 0x2
core   0: 3 0x800095a2 (0x00002f17) x30 0x8000b5a2
core   0: 0x800095a6 (0xa43f2f23) sw      gp, -1442(t5)
core   0: 3 0x800095a6 (0xa43f2f23) mem 0x8000b000 0x00000001
core   0: 0x800095aa (0x0000bfe5) c.j     pc - 8
core   0: 3 0x800095aa (0xbfe5)
core   0: 0x800095a2 (0x00002f17) auipc   t5, 0x2
core   0: 3 0x800095a2 (0x00002f17) x30 0x8000b5a2
core   0: 0x800095a6 (0xa43f2f23) sw      gp, -1442(t5)
core   0: 3 0x800095a6 (0xa43f2f23) mem 0x8000b000 0x00000001
core   0: 0x800095aa (0x0000bfe5) c.j     pc - 8
core   0: 3 0x800095aa (0xbfe5)
core   0: 0x800095a2 (0x00002f17) auipc   t5, 0x2
core   0: 3 0x800095a2 (0x00002f17) x30 0x8000b5a2
core   0: 0x800095a6 (0xa43f2f23) sw      gp, -1442(t5)
core   0: 3 0x800095a6 (0xa43f2f23) mem 0x8000b000 0x00000001
core   0: 0x800095aa (0x0000bfe5) c.j     pc - 8
core   0: 3 0x800095aa (0xbfe5)
core   0: 0x800095a2 (0x00002f17) auipc   t5, 0x2
core   0: 3 0x800095a2 (0x00002f17) x30 0x8000b5a2
core   0: 0x800095a6 (0xa43f2f23) sw      gp, -1442(t5)
core   0: 3 0x800095a6 (0xa43f2f23) mem 0x8000b000 0x00000001
core   0: 0x800095aa (0x0000bfe5) c.j     pc - 8
core   0: 3 0x800095aa (0xbfe5)
core   0: 0x800095a2 (0x00002f17) auipc   t5, 0x2
core   0: 3 0x800095a2 (0x00002f17) x30 0x8000b5a2
core   0: 0x800095a6 (0xa43f2f23) sw      gp, -1442(t5)
core   0: 3 0x800095a6 (0xa43f2f23) mem 0x8000b000 0x00000001
core   0: 0x800095aa (0x0000bfe5) c.j     pc - 8
core   0: 3 0x800095aa (0xbfe5)
core   0: 0x800095a2 (0x00002f17) auipc   t5, 0x2
core   0: 3 0x800095a2 (0x00002f17) x30 0x8000b5a2
core   0: 0x800095a6 (0xa43f2f23) sw      gp, -1442(t5)
core   0: 3 0x800095a6 (0xa43f2f23) mem 0x8000b000 0x00000001
core   0: 0x800095aa (0x0000bfe5) c.j     pc - 8
core   0: 3 0x800095aa (0xbfe5)
core   0: 0x800095a2 (0x00002f17) auipc   t5, 0x2
core   0: 3 0x800095a2 (0x00002f17) x30 0x8000b5a2
core   0: 0x800095a6 (0xa43f2f23) sw      gp, -1442(t5)
core   0: 3 0x800095a6 (0xa43f2f23) mem 0x8000b000 0x00000001
core   0: 0x800095aa (0x0000bfe5) c.j     pc - 8
core   0: 3 0x800095aa (0xbfe5)
core   0: 0x800095a2 (0x00002f17) auipc   t5, 0x2
core   0: 3 0x800095a2 (0x00002f17) x30 0x8000b5a2
core   0: 0x800095a6 (0xa43f2f23) sw      gp, -1442(t5)
core   0: 3 0x800095a6 (0xa43f2f23) mem 0x8000b000 0x00000001
core   0: 0x800095aa (0x0000bfe5) c.j     pc - 8
core   0: 3 0x800095aa (0xbfe5)
core   0: 0x800095a2 (0x00002f17) auipc   t5, 0x2
core   0: 3 0x800095a2 (0x00002f17) x30 0x8000b5a2
core   0: 0x800095a6 (0xa43f2f23) sw      gp, -1442(t5)
core   0: 3 0x800095a6 (0xa43f2f23) mem 0x8000b000 0x00000001
core   0: 0x800095aa (0x0000bfe5) c.j     pc - 8
core   0: 3 0x800095aa (0xbfe5)
core   0: 0x800095a2 (0x00002f17) auipc   t5, 0x2
core   0: 3 0x800095a2 (0x00002f17) x30 0x8000b5a2
core   0: 0x800095a6 (0xa43f2f23) sw      gp, -1442(t5)
core   0: 3 0x800095a6 (0xa43f2f23) mem 0x8000b000 0x00000001
core   0: 0x800095aa (0x0000bfe5) c.j     pc - 8
core   0: 3 0x800095aa (0xbfe5)
core   0: 0x800095a2 (0x00002f17) auipc   t5, 0x2
core   0: 3 0x800095a2 (0x00002f17) x30 0x8000b5a2
core   0: 0x800095a6 (0xa43f2f23) sw      gp, -1442(t5)
core   0: 3 0x800095a6 (0xa43f2f23) mem 0x8000b000 0x00000001
core   0: 0x800095aa (0x0000bfe5) c.j     pc - 8
core   0: 3 0x800095aa (0xbfe5)
core   0: 0x800095a2 (0x00002f17) auipc   t5, 0x2
core   0: 3 0x800095a2 (0x00002f17) x30 0x8000b5a2
core   0: 0x800095a6 (0xa43f2f23) sw      gp, -1442(t5)
core   0: 3 0x800095a6 (0xa43f2f23) mem 0x8000b000 0x00000001
core   0: 0x800095aa (0x0000bfe5) c.j     pc - 8
core   0: 3 0x800095aa (0xbfe5)
core   0: 0x800095a2 (0x00002f17) auipc   t5, 0x2
core   0: 3 0x800095a2 (0x00002f17) x30 0x8000b5a2
core   0: 0x800095a6 (0xa43f2f23) sw      gp, -1442(t5)
core   0: 3 0x800095a6 (0xa43f2f23) mem 0x8000b000 0x00000001
core   0: 0x800095aa (0x0000bfe5) c.j     pc - 8
core   0: 3 0x800095aa (0xbfe5)
core   0: 0x800095a2 (0x00002f17) auipc   t5, 0x2
core   0: 3 0x800095a2 (0x00002f17) x30 0x8000b5a2
core   0: 0x800095a6 (0xa43f2f23) sw      gp, -1442(t5)
core   0: 3 0x800095a6 (0xa43f2f23) mem 0x8000b000 0x00000001
core   0: 0x800095aa (0x0000bfe5) c.j     pc - 8
core   0: 3 0x800095aa (0xbfe5)
core   0: 0x800095a2 (0x00002f17) auipc   t5, 0x2
core   0: 3 0x800095a2 (0x00002f17) x30 0x8000b5a2
core   0: 0x800095a6 (0xa43f2f23) sw      gp, -1442(t5)
core   0: 3 0x800095a6 (0xa43f2f23) mem 0x8000b000 0x00000001
core   0: 0x800095aa (0x0000bfe5) c.j     pc - 8
core   0: 3 0x800095aa (0xbfe5)
core   0: 0x800095a2 (0x00002f17) auipc   t5, 0x2
core   0: 3 0x800095a2 (0x00002f17) x30 0x8000b5a2
core   0: 0x800095a6 (0xa43f2f23) sw      gp, -1442(t5)
core   0: 3 0x800095a6 (0xa43f2f23) mem 0x8000b000 0x00000001
core   0: 0x800095aa (0x0000bfe5) c.j     pc - 8
core   0: 3 0x800095aa (0xbfe5)
core   0: 0x800095a2 (0x00002f17) auipc   t5, 0x2
core   0: 3 0x800095a2 (0x00002f17) x30 0x8000b5a2
core   0: 0x800095a6 (0xa43f2f23) sw      gp, -1442(t5)
core   0: 3 0x800095a6 (0xa43f2f23) mem 0x8000b000 0x00000001
core   0: 0x800095aa (0x0000bfe5) c.j     pc - 8
core   0: 3 0x800095aa (0xbfe5)
core   0: 0x800095a2 (0x00002f17) auipc   t5, 0x2
core   0: 3 0x800095a2 (0x00002f17) x30 0x8000b5a2
core   0: 0x800095a6 (0xa43f2f23) sw      gp, -1442(t5)
core   0: 3 0x800095a6 (0xa43f2f23) mem 0x8000b000 0x00000001
core   0: 0x800095aa (0x0000bfe5) c.j     pc - 8
core   0: 3 0x800095aa (0xbfe5)
core   0: 0x800095a2 (0x00002f17) auipc   t5, 0x2
core   0: 3 0x800095a2 (0x00002f17) x30 0x8000b5a2
core   0: 0x800095a6 (0xa43f2f23) sw      gp, -1442(t5)
core   0: 3 0x800095a6 (0xa43f2f23) mem 0x8000b000 0x00000001
core   0: 0x800095aa (0x0000bfe5) c.j     pc - 8
core   0: 3 0x800095aa (0xbfe5)
core   0: 0x800095a2 (0x00002f17) auipc   t5, 0x2
core   0: 3 0x800095a2 (0x00002f17) x30 0x8000b5a2
core   0: 0x800095a6 (0xa43f2f23) sw      gp, -1442(t5)
core   0: 3 0x800095a6 (0xa43f2f23) mem 0x8000b000 0x00000001
core   0: 0x800095aa (0x0000bfe5) c.j     pc - 8
core   0: 3 0x800095aa (0xbfe5)
core   0: 0x800095a2 (0x00002f17) auipc   t5, 0x2
core   0: 3 0x800095a2 (0x00002f17) x30 0x8000b5a2
core   0: 0x800095a6 (0xa43f2f23) sw      gp, -1442(t5)
core   0: 3 0x800095a6 (0xa43f2f23) mem 0x8000b000 0x00000001
core   0: 0x800095aa (0x0000bfe5) c.j     pc - 8
core   0: 3 0x800095aa (0xbfe5)
core   0: 0x800095a2 (0x00002f17) auipc   t5, 0x2
core   0: 3 0x800095a2 (0x00002f17) x30 0x8000b5a2
core   0: 0x800095a6 (0xa43f2f23) sw      gp, -1442(t5)
core   0: 3 0x800095a6 (0xa43f2f23) mem 0x8000b000 0x00000001
core   0: 0x800095aa (0x0000bfe5) c.j     pc - 8
core   0: 3 0x800095aa (0xbfe5)
core   0: 0x800095a2 (0x00002f17) auipc   t5, 0x2
core   0: 3 0x800095a2 (0x00002f17) x30 0x8000b5a2
core   0: 0x800095a6 (0xa43f2f23) sw      gp, -1442(t5)
core   0: 3 0x800095a6 (0xa43f2f23) mem 0x8000b000 0x00000001
core   0: 0x800095aa (0x0000bfe5) c.j     pc - 8
core   0: 3 0x800095aa (0xbfe5)
core   0: 0x800095a2 (0x00002f17) auipc   t5, 0x2
core   0: 3 0x800095a2 (0x00002f17) x30 0x8000b5a2
core   0: 0x800095a6 (0xa43f2f23) sw      gp, -1442(t5)
core   0: 3 0x800095a6 (0xa43f2f23) mem 0x8000b000 0x00000001
core   0: 0x800095aa (0x0000bfe5) c.j     pc - 8
core   0: 3 0x800095aa (0xbfe5)
core   0: 0x800095a2 (0x00002f17) auipc   t5, 0x2
core   0: 3 0x800095a2 (0x00002f17) x30 0x8000b5a2
core   0: 0x800095a6 (0xa43f2f23) sw      gp, -1442(t5)
core   0: 3 0x800095a6 (0xa43f2f23) mem 0x8000b000 0x00000001
core   0: 0x800095aa (0x0000bfe5) c.j     pc - 8
core   0: 3 0x800095aa (0xbfe5)
core   0: 0x800095a2 (0x00002f17) auipc   t5, 0x2
core   0: 3 0x800095a2 (0x00002f17) x30 0x8000b5a2
core   0: 0x800095a6 (0xa43f2f23) sw      gp, -1442(t5)
core   0: 3 0x800095a6 (0xa43f2f23) mem 0x8000b000 0x00000001
core   0: 0x800095aa (0x0000bfe5) c.j     pc - 8
core   0: 3 0x800095aa (0xbfe5)
core   0: 0x800095a2 (0x00002f17) auipc   t5, 0x2
core   0: 3 0x800095a2 (0x00002f17) x30 0x8000b5a2
core   0: 0x800095a6 (0xa43f2f23) sw      gp, -1442(t5)
core   0: 3 0x800095a6 (0xa43f2f23) mem 0x8000b000 0x00000001
core   0: 0x800095aa (0x0000bfe5) c.j     pc - 8
core   0: 3 0x800095aa (0xbfe5)
core   0: 0x800095a2 (0x00002f17) auipc   t5, 0x2
core   0: 3 0x800095a2 (0x00002f17) x30 0x8000b5a2
core   0: 0x800095a6 (0xa43f2f23) sw      gp, -1442(t5)
core   0: 3 0x800095a6 (0xa43f2f23) mem 0x8000b000 0x00000001
core   0: 0x800095aa (0x0000bfe5) c.j     pc - 8
core   0: 3 0x800095aa (0xbfe5)
core   0: 0x800095a2 (0x00002f17) auipc   t5, 0x2
core   0: 3 0x800095a2 (0x00002f17) x30 0x8000b5a2
core   0: 0x800095a6 (0xa43f2f23) sw      gp, -1442(t5)
core   0: 3 0x800095a6 (0xa43f2f23) mem 0x8000b000 0x00000001
core   0: 0x800095aa (0x0000bfe5) c.j     pc - 8
core   0: 3 0x800095aa (0xbfe5)
core   0: 0x800095a2 (0x00002f17) auipc   t5, 0x2
core   0: 3 0x800095a2 (0x00002f17) x30 0x8000b5a2
core   0: 0x800095a6 (0xa43f2f23) sw      gp, -1442(t5)
core   0: 3 0x800095a6 (0xa43f2f23) mem 0x8000b000 0x00000001
core   0: 0x800095aa (0x0000bfe5) c.j     pc - 8
core   0: 3 0x800095aa (0xbfe5)
core   0: 0x800095a2 (0x00002f17) auipc   t5, 0x2
core   0: 3 0x800095a2 (0x00002f17) x30 0x8000b5a2
core   0: 0x800095a6 (0xa43f2f23) sw      gp, -1442(t5)
core   0: 3 0x800095a6 (0xa43f2f23) mem 0x8000b000 0x00000001
core   0: 0x800095aa (0x0000bfe5) c.j     pc - 8
core   0: 3 0x800095aa (0xbfe5)
core   0: 0x800095a2 (0x00002f17) auipc   t5, 0x2
core   0: 3 0x800095a2 (0x00002f17) x30 0x8000b5a2
core   0: 0x800095a6 (0xa43f2f23) sw      gp, -1442(t5)
core   0: 3 0x800095a6 (0xa43f2f23) mem 0x8000b000 0x00000001
core   0: 0x800095aa (0x0000bfe5) c.j     pc - 8
core   0: 3 0x800095aa (0xbfe5)
core   0: 0x800095a2 (0x00002f17) auipc   t5, 0x2
core   0: 3 0x800095a2 (0x00002f17) x30 0x8000b5a2
core   0: 0x800095a6 (0xa43f2f23) sw      gp, -1442(t5)
core   0: 3 0x800095a6 (0xa43f2f23) mem 0x8000b000 0x00000001
core   0: 0x800095aa (0x0000bfe5) c.j     pc - 8
core   0: 3 0x800095aa (0xbfe5)
core   0: 0x800095a2 (0x00002f17) auipc   t5, 0x2
core   0: 3 0x800095a2 (0x00002f17) x30 0x8000b5a2
core   0: 0x800095a6 (0xa43f2f23) sw      gp, -1442(t5)
core   0: 3 0x800095a6 (0xa43f2f23) mem 0x8000b000 0x00000001
core   0: 0x800095aa (0x0000bfe5) c.j     pc - 8
core   0: 3 0x800095aa (0xbfe5)
core   0: 0x800095a2 (0x00002f17) auipc   t5, 0x2
core   0: 3 0x800095a2 (0x00002f17) x30 0x8000b5a2
core   0: 0x800095a6 (0xa43f2f23) sw      gp, -1442(t5)
core   0: 3 0x800095a6 (0xa43f2f23) mem 0x8000b000 0x00000001
core   0: 0x800095aa (0x0000bfe5) c.j     pc - 8
core   0: 3 0x800095aa (0xbfe5)
core   0: 0x800095a2 (0x00002f17) auipc   t5, 0x2
core   0: 3 0x800095a2 (0x00002f17) x30 0x8000b5a2
core   0: 0x800095a6 (0xa43f2f23) sw      gp, -1442(t5)
core   0: 3 0x800095a6 (0xa43f2f23) mem 0x8000b000 0x00000001
core   0: 0x800095aa (0x0000bfe5) c.j     pc - 8
core   0: 3 0x800095aa (0xbfe5)
core   0: 0x800095a2 (0x00002f17) auipc   t5, 0x2
core   0: 3 0x800095a2 (0x00002f17) x30 0x8000b5a2
core   0: 0x800095a6 (0xa43f2f23) sw      gp, -1442(t5)
core   0: 3 0x800095a6 (0xa43f2f23) mem 0x8000b000 0x00000001
core   0: 0x800095aa (0x0000bfe5) c.j     pc - 8
core   0: 3 0x800095aa (0xbfe5)
core   0: 0x800095a2 (0x00002f17) auipc   t5, 0x2
core   0: 3 0x800095a2 (0x00002f17) x30 0x8000b5a2
core   0: 0x800095a6 (0xa43f2f23) sw      gp, -1442(t5)
core   0: 3 0x800095a6 (0xa43f2f23) mem 0x8000b000 0x00000001
core   0: 0x800095aa (0x0000bfe5) c.j     pc - 8
core   0: 3 0x800095aa (0xbfe5)
core   0: 0x800095a2 (0x00002f17) auipc   t5, 0x2
core   0: 3 0x800095a2 (0x00002f17) x30 0x8000b5a2
core   0: 0x800095a6 (0xa43f2f23) sw      gp, -1442(t5)
core   0: 3 0x800095a6 (0xa43f2f23) mem 0x8000b000 0x00000001
core   0: 0x800095aa (0x0000bfe5) c.j     pc - 8
core   0: 3 0x800095aa (0xbfe5)
core   0: 0x800095a2 (0x00002f17) auipc   t5, 0x2
core   0: 3 0x800095a2 (0x00002f17) x30 0x8000b5a2
core   0: 0x800095a6 (0xa43f2f23) sw      gp, -1442(t5)
core   0: 3 0x800095a6 (0xa43f2f23) mem 0x8000b000 0x00000001
core   0: 0x800095aa (0x0000bfe5) c.j     pc - 8
core   0: 3 0x800095aa (0xbfe5)
core   0: 0x800095a2 (0x00002f17) auipc   t5, 0x2
core   0: 3 0x800095a2 (0x00002f17) x30 0x8000b5a2
core   0: 0x800095a6 (0xa43f2f23) sw      gp, -1442(t5)
core   0: 3 0x800095a6 (0xa43f2f23) mem 0x8000b000 0x00000001
core   0: 0x800095aa (0x0000bfe5) c.j     pc - 8
core   0: 3 0x800095aa (0xbfe5)
core   0: 0x800095a2 (0x00002f17) auipc   t5, 0x2
core   0: 3 0x800095a2 (0x00002f17) x30 0x8000b5a2
core   0: 0x800095a6 (0xa43f2f23) sw      gp, -1442(t5)
core   0: 3 0x800095a6 (0xa43f2f23) mem 0x8000b000 0x00000001
core   0: 0x800095aa (0x0000bfe5) c.j     pc - 8
core   0: 3 0x800095aa (0xbfe5)
core   0: 0x800095a2 (0x00002f17) auipc   t5, 0x2
core   0: 3 0x800095a2 (0x00002f17) x30 0x8000b5a2
core   0: 0x800095a6 (0xa43f2f23) sw      gp, -1442(t5)
core   0: 3 0x800095a6 (0xa43f2f23) mem 0x8000b000 0x00000001
core   0: 0x800095aa (0x0000bfe5) c.j     pc - 8
core   0: 3 0x800095aa (0xbfe5)
core   0: 0x800095a2 (0x00002f17) auipc   t5, 0x2
core   0: 3 0x800095a2 (0x00002f17) x30 0x8000b5a2
core   0: 0x800095a6 (0xa43f2f23) sw      gp, -1442(t5)
core   0: 3 0x800095a6 (0xa43f2f23) mem 0x8000b000 0x00000001
core   0: 0x800095aa (0x0000bfe5) c.j     pc - 8
core   0: 3 0x800095aa (0xbfe5)
core   0: 0x800095a2 (0x00002f17) auipc   t5, 0x2
core   0: 3 0x800095a2 (0x00002f17) x30 0x8000b5a2
core   0: 0x800095a6 (0xa43f2f23) sw      gp, -1442(t5)
core   0: 3 0x800095a6 (0xa43f2f23) mem 0x8000b000 0x00000001
core   0: 0x800095aa (0x0000bfe5) c.j     pc - 8
core   0: 3 0x800095aa (0xbfe5)
core   0: 0x800095a2 (0x00002f17) auipc   t5, 0x2
core   0: 3 0x800095a2 (0x00002f17) x30 0x8000b5a2
core   0: 0x800095a6 (0xa43f2f23) sw      gp, -1442(t5)
core   0: 3 0x800095a6 (0xa43f2f23) mem 0x8000b000 0x00000001
core   0: 0x800095aa (0x0000bfe5) c.j     pc - 8
core   0: 3 0x800095aa (0xbfe5)
core   0: 0x800095a2 (0x00002f17) auipc   t5, 0x2
core   0: 3 0x800095a2 (0x00002f17) x30 0x8000b5a2
core   0: 0x800095a6 (0xa43f2f23) sw      gp, -1442(t5)
core   0: 3 0x800095a6 (0xa43f2f23) mem 0x8000b000 0x00000001
core   0: 0x800095aa (0x0000bfe5) c.j     pc - 8
core   0: 3 0x800095aa (0xbfe5)
core   0: 0x800095a2 (0x00002f17) auipc   t5, 0x2
core   0: 3 0x800095a2 (0x00002f17) x30 0x8000b5a2
core   0: 0x800095a6 (0xa43f2f23) sw      gp, -1442(t5)
core   0: 3 0x800095a6 (0xa43f2f23) mem 0x8000b000 0x00000001
core   0: 0x800095aa (0x0000bfe5) c.j     pc - 8
core   0: 3 0x800095aa (0xbfe5)
core   0: 0x800095a2 (0x00002f17) auipc   t5, 0x2
core   0: 3 0x800095a2 (0x00002f17) x30 0x8000b5a2
core   0: 0x800095a6 (0xa43f2f23) sw      gp, -1442(t5)
core   0: 3 0x800095a6 (0xa43f2f23) mem 0x8000b000 0x00000001
core   0: 0x800095aa (0x0000bfe5) c.j     pc - 8
core   0: 3 0x800095aa (0xbfe5)
core   0: 0x800095a2 (0x00002f17) auipc   t5, 0x2
core   0: 3 0x800095a2 (0x00002f17) x30 0x8000b5a2
core   0: 0x800095a6 (0xa43f2f23) sw      gp, -1442(t5)
core   0: 3 0x800095a6 (0xa43f2f23) mem 0x8000b000 0x00000001
core   0: 0x800095aa (0x0000bfe5) c.j     pc - 8
core   0: 3 0x800095aa (0xbfe5)
core   0: 0x800095a2 (0x00002f17) auipc   t5, 0x2
core   0: 3 0x800095a2 (0x00002f17) x30 0x8000b5a2
core   0: 0x800095a6 (0xa43f2f23) sw      gp, -1442(t5)
core   0: 3 0x800095a6 (0xa43f2f23) mem 0x8000b000 0x00000001
core   0: 0x800095aa (0x0000bfe5) c.j     pc - 8
core   0: 3 0x800095aa (0xbfe5)
core   0: 0x800095a2 (0x00002f17) auipc   t5, 0x2
core   0: 3 0x800095a2 (0x00002f17) x30 0x8000b5a2
core   0: 0x800095a6 (0xa43f2f23) sw      gp, -1442(t5)
core   0: 3 0x800095a6 (0xa43f2f23) mem 0x8000b000 0x00000001
core   0: 0x800095aa (0x0000bfe5) c.j     pc - 8
core   0: 3 0x800095aa (0xbfe5)
core   0: 0x800095a2 (0x00002f17) auipc   t5, 0x2
core   0: 3 0x800095a2 (0x00002f17) x30 0x8000b5a2
core   0: 0x800095a6 (0xa43f2f23) sw      gp, -1442(t5)
core   0: 3 0x800095a6 (0xa43f2f23) mem 0x8000b000 0x00000001
core   0: 0x800095aa (0x0000bfe5) c.j     pc - 8
core   0: 3 0x800095aa (0xbfe5)
core   0: 0x800095a2 (0x00002f17) auipc   t5, 0x2
core   0: 3 0x800095a2 (0x00002f17) x30 0x8000b5a2
core   0: 0x800095a6 (0xa43f2f23) sw      gp, -1442(t5)
core   0: 3 0x800095a6 (0xa43f2f23) mem 0x8000b000 0x00000001
core   0: 0x800095aa (0x0000bfe5) c.j     pc - 8
core   0: 3 0x800095aa (0xbfe5)
core   0: 0x800095a2 (0x00002f17) auipc   t5, 0x2
core   0: 3 0x800095a2 (0x00002f17) x30 0x8000b5a2
core   0: 0x800095a6 (0xa43f2f23) sw      gp, -1442(t5)
core   0: 3 0x800095a6 (0xa43f2f23) mem 0x8000b000 0x00000001
core   0: 0x800095aa (0x0000bfe5) c.j     pc - 8
core   0: 3 0x800095aa (0xbfe5)
core   0: 0x800095a2 (0x00002f17) auipc   t5, 0x2
core   0: 3 0x800095a2 (0x00002f17) x30 0x8000b5a2
core   0: 0x800095a6 (0xa43f2f23) sw      gp, -1442(t5)
core   0: 3 0x800095a6 (0xa43f2f23) mem 0x8000b000 0x00000001
core   0: 0x800095aa (0x0000bfe5) c.j     pc - 8
core   0: 3 0x800095aa (0xbfe5)
core   0: 0x800095a2 (0x00002f17) auipc   t5, 0x2
core   0: 3 0x800095a2 (0x00002f17) x30 0x8000b5a2
core   0: 0x800095a6 (0xa43f2f23) sw      gp, -1442(t5)
core   0: 3 0x800095a6 (0xa43f2f23) mem 0x8000b000 0x00000001
core   0: 0x800095aa (0x0000bfe5) c.j     pc - 8
core   0: 3 0x800095aa (0xbfe5)
core   0: 0x800095a2 (0x00002f17) auipc   t5, 0x2
core   0: 3 0x800095a2 (0x00002f17) x30 0x8000b5a2
core   0: 0x800095a6 (0xa43f2f23) sw      gp, -1442(t5)
core   0: 3 0x800095a6 (0xa43f2f23) mem 0x8000b000 0x00000001
core   0: 0x800095aa (0x0000bfe5) c.j     pc - 8
core   0: 3 0x800095aa (0xbfe5)
core   0: 0x800095a2 (0x00002f17) auipc   t5, 0x2
core   0: 3 0x800095a2 (0x00002f17) x30 0x8000b5a2
core   0: 0x800095a6 (0xa43f2f23) sw      gp, -1442(t5)
core   0: 3 0x800095a6 (0xa43f2f23) mem 0x8000b000 0x00000001
core   0: 0x800095aa (0x0000bfe5) c.j     pc - 8
core   0: 3 0x800095aa (0xbfe5)
core   0: 0x800095a2 (0x00002f17) auipc   t5, 0x2
core   0: 3 0x800095a2 (0x00002f17) x30 0x8000b5a2
core   0: 0x800095a6 (0xa43f2f23) sw      gp, -1442(t5)
core   0: 3 0x800095a6 (0xa43f2f23) mem 0x8000b000 0x00000001
core   0: 0x800095aa (0x0000bfe5) c.j     pc - 8
core   0: 3 0x800095aa (0xbfe5)
core   0: 0x800095a2 (0x00002f17) auipc   t5, 0x2
core   0: 3 0x800095a2 (0x00002f17) x30 0x8000b5a2
core   0: 0x800095a6 (0xa43f2f23) sw      gp, -1442(t5)
core   0: 3 0x800095a6 (0xa43f2f23) mem 0x8000b000 0x00000001
core   0: 0x800095aa (0x0000bfe5) c.j     pc - 8
core   0: 3 0x800095aa (0xbfe5)
core   0: 0x800095a2 (0x00002f17) auipc   t5, 0x2
core   0: 3 0x800095a2 (0x00002f17) x30 0x8000b5a2
core   0: 0x800095a6 (0xa43f2f23) sw      gp, -1442(t5)
core   0: 3 0x800095a6 (0xa43f2f23) mem 0x8000b000 0x00000001
core   0: 0x800095aa (0x0000bfe5) c.j     pc - 8
core   0: 3 0x800095aa (0xbfe5)
core   0: 0x800095a2 (0x00002f17) auipc   t5, 0x2
core   0: 3 0x800095a2 (0x00002f17) x30 0x8000b5a2
core   0: 0x800095a6 (0xa43f2f23) sw      gp, -1442(t5)
core   0: 3 0x800095a6 (0xa43f2f23) mem 0x8000b000 0x00000001
core   0: 0x800095aa (0x0000bfe5) c.j     pc - 8
core   0: 3 0x800095aa (0xbfe5)
core   0: 0x800095a2 (0x00002f17) auipc   t5, 0x2
core   0: 3 0x800095a2 (0x00002f17) x30 0x8000b5a2
core   0: 0x800095a6 (0xa43f2f23) sw      gp, -1442(t5)
core   0: 3 0x800095a6 (0xa43f2f23) mem 0x8000b000 0x00000001
core   0: 0x800095aa (0x0000bfe5) c.j     pc - 8
core   0: 3 0x800095aa (0xbfe5)
core   0: 0x800095a2 (0x00002f17) auipc   t5, 0x2
core   0: 3 0x800095a2 (0x00002f17) x30 0x8000b5a2
core   0: 0x800095a6 (0xa43f2f23) sw      gp, -1442(t5)
core   0: 3 0x800095a6 (0xa43f2f23) mem 0x8000b000 0x00000001
core   0: 0x800095aa (0x0000bfe5) c.j     pc - 8
core   0: 3 0x800095aa (0xbfe5)
core   0: 0x800095a2 (0x00002f17) auipc   t5, 0x2
core   0: 3 0x800095a2 (0x00002f17) x30 0x8000b5a2
core   0: 0x800095a6 (0xa43f2f23) sw      gp, -1442(t5)
core   0: 3 0x800095a6 (0xa43f2f23) mem 0x8000b000 0x00000001
core   0: 0x800095aa (0x0000bfe5) c.j     pc - 8
core   0: 3 0x800095aa (0xbfe5)
core   0: 0x800095a2 (0x00002f17) auipc   t5, 0x2
core   0: 3 0x800095a2 (0x00002f17) x30 0x8000b5a2
core   0: 0x800095a6 (0xa43f2f23) sw      gp, -1442(t5)
core   0: 3 0x800095a6 (0xa43f2f23) mem 0x8000b000 0x00000001
core   0: 0x800095aa (0x0000bfe5) c.j     pc - 8
core   0: 3 0x800095aa (0xbfe5)
core   0: 0x800095a2 (0x00002f17) auipc   t5, 0x2
core   0: 3 0x800095a2 (0x00002f17) x30 0x8000b5a2
core   0: 0x800095a6 (0xa43f2f23) sw      gp, -1442(t5)
core   0: 3 0x800095a6 (0xa43f2f23) mem 0x8000b000 0x00000001
core   0: 0x800095aa (0x0000bfe5) c.j     pc - 8
core   0: 3 0x800095aa (0xbfe5)
core   0: 0x800095a2 (0x00002f17) auipc   t5, 0x2
core   0: 3 0x800095a2 (0x00002f17) x30 0x8000b5a2
core   0: 0x800095a6 (0xa43f2f23) sw      gp, -1442(t5)
core   0: 3 0x800095a6 (0xa43f2f23) mem 0x8000b000 0x00000001
core   0: 0x800095aa (0x0000bfe5) c.j     pc - 8
core   0: 3 0x800095aa (0xbfe5)
core   0: 0x800095a2 (0x00002f17) auipc   t5, 0x2
core   0: 3 0x800095a2 (0x00002f17) x30 0x8000b5a2
core   0: 0x800095a6 (0xa43f2f23) sw      gp, -1442(t5)
core   0: 3 0x800095a6 (0xa43f2f23) mem 0x8000b000 0x00000001
core   0: 0x800095aa (0x0000bfe5) c.j     pc - 8
core   0: 3 0x800095aa (0xbfe5)
core   0: 0x800095a2 (0x00002f17) auipc   t5, 0x2
core   0: 3 0x800095a2 (0x00002f17) x30 0x8000b5a2
core   0: 0x800095a6 (0xa43f2f23) sw      gp, -1442(t5)
core   0: 3 0x800095a6 (0xa43f2f23) mem 0x8000b000 0x00000001
core   0: 0x800095aa (0x0000bfe5) c.j     pc - 8
core   0: 3 0x800095aa (0xbfe5)
core   0: 0x800095a2 (0x00002f17) auipc   t5, 0x2
core   0: 3 0x800095a2 (0x00002f17) x30 0x8000b5a2
core   0: 0x800095a6 (0xa43f2f23) sw      gp, -1442(t5)
core   0: 3 0x800095a6 (0xa43f2f23) mem 0x8000b000 0x00000001
core   0: 0x800095aa (0x0000bfe5) c.j     pc - 8
core   0: 3 0x800095aa (0xbfe5)
core   0: 0x800095a2 (0x00002f17) auipc   t5, 0x2
core   0: 3 0x800095a2 (0x00002f17) x30 0x8000b5a2
core   0: 0x800095a6 (0xa43f2f23) sw      gp, -1442(t5)
core   0: 3 0x800095a6 (0xa43f2f23) mem 0x8000b000 0x00000001
core   0: 0x800095aa (0x0000bfe5) c.j     pc - 8
core   0: 3 0x800095aa (0xbfe5)
core   0: 0x800095a2 (0x00002f17) auipc   t5, 0x2
core   0: 3 0x800095a2 (0x00002f17) x30 0x8000b5a2
core   0: 0x800095a6 (0xa43f2f23) sw      gp, -1442(t5)
core   0: 3 0x800095a6 (0xa43f2f23) mem 0x8000b000 0x00000001
core   0: 0x800095aa (0x0000bfe5) c.j     pc - 8
core   0: 3 0x800095aa (0xbfe5)
core   0: 0x800095a2 (0x00002f17) auipc   t5, 0x2
core   0: 3 0x800095a2 (0x00002f17) x30 0x8000b5a2
core   0: 0x800095a6 (0xa43f2f23) sw      gp, -1442(t5)
core   0: 3 0x800095a6 (0xa43f2f23) mem 0x8000b000 0x00000001
core   0: 0x800095aa (0x0000bfe5) c.j     pc - 8
core   0: 3 0x800095aa (0xbfe5)
core   0: 0x800095a2 (0x00002f17) auipc   t5, 0x2
core   0: 3 0x800095a2 (0x00002f17) x30 0x8000b5a2
core   0: 0x800095a6 (0xa43f2f23) sw      gp, -1442(t5)
core   0: 3 0x800095a6 (0xa43f2f23) mem 0x8000b000 0x00000001
core   0: 0x800095aa (0x0000bfe5) c.j     pc - 8
core   0: 3 0x800095aa (0xbfe5)
core   0: 0x800095a2 (0x00002f17) auipc   t5, 0x2
core   0: 3 0x800095a2 (0x00002f17) x30 0x8000b5a2
core   0: 0x800095a6 (0xa43f2f23) sw      gp, -1442(t5)
core   0: 3 0x800095a6 (0xa43f2f23) mem 0x8000b000 0x00000001
core   0: 0x800095aa (0x0000bfe5) c.j     pc - 8
core   0: 3 0x800095aa (0xbfe5)
core   0: 0x800095a2 (0x00002f17) auipc   t5, 0x2
core   0: 3 0x800095a2 (0x00002f17) x30 0x8000b5a2
core   0: 0x800095a6 (0xa43f2f23) sw      gp, -1442(t5)
core   0: 3 0x800095a6 (0xa43f2f23) mem 0x8000b000 0x00000001
core   0: 0x800095aa (0x0000bfe5) c.j     pc - 8
core   0: 3 0x800095aa (0xbfe5)
core   0: 0x800095a2 (0x00002f17) auipc   t5, 0x2
core   0: 3 0x800095a2 (0x00002f17) x30 0x8000b5a2
core   0: 0x800095a6 (0xa43f2f23) sw      gp, -1442(t5)
core   0: 3 0x800095a6 (0xa43f2f23) mem 0x8000b000 0x00000001
core   0: 0x800095aa (0x0000bfe5) c.j     pc - 8
core   0: 3 0x800095aa (0xbfe5)
core   0: 0x800095a2 (0x00002f17) auipc   t5, 0x2
core   0: 3 0x800095a2 (0x00002f17) x30 0x8000b5a2
core   0: 0x800095a6 (0xa43f2f23) sw      gp, -1442(t5)
core   0: 3 0x800095a6 (0xa43f2f23) mem 0x8000b000 0x00000001
core   0: 0x800095aa (0x0000bfe5) c.j     pc - 8
core   0: 3 0x800095aa (0xbfe5)
core   0: 0x800095a2 (0x00002f17) auipc   t5, 0x2
core   0: 3 0x800095a2 (0x00002f17) x30 0x8000b5a2
core   0: 0x800095a6 (0xa43f2f23) sw      gp, -1442(t5)
core   0: 3 0x800095a6 (0xa43f2f23) mem 0x8000b000 0x00000001
core   0: 0x800095aa (0x0000bfe5) c.j     pc - 8
core   0: 3 0x800095aa (0xbfe5)
core   0: 0x800095a2 (0x00002f17) auipc   t5, 0x2
core   0: 3 0x800095a2 (0x00002f17) x30 0x8000b5a2
core   0: 0x800095a6 (0xa43f2f23) sw      gp, -1442(t5)
core   0: 3 0x800095a6 (0xa43f2f23) mem 0x8000b000 0x00000001
core   0: 0x800095aa (0x0000bfe5) c.j     pc - 8
core   0: 3 0x800095aa (0xbfe5)
core   0: 0x800095a2 (0x00002f17) auipc   t5, 0x2
core   0: 3 0x800095a2 (0x00002f17) x30 0x8000b5a2
core   0: 0x800095a6 (0xa43f2f23) sw      gp, -1442(t5)
core   0: 3 0x800095a6 (0xa43f2f23) mem 0x8000b000 0x00000001
core   0: 0x800095aa (0x0000bfe5) c.j     pc - 8
core   0: 3 0x800095aa (0xbfe5)
core   0: 0x800095a2 (0x00002f17) auipc   t5, 0x2
core   0: 3 0x800095a2 (0x00002f17) x30 0x8000b5a2
core   0: 0x800095a6 (0xa43f2f23) sw      gp, -1442(t5)
core   0: 3 0x800095a6 (0xa43f2f23) mem 0x8000b000 0x00000001
core   0: 0x800095aa (0x0000bfe5) c.j     pc - 8
core   0: 3 0x800095aa (0xbfe5)
core   0: 0x800095a2 (0x00002f17) auipc   t5, 0x2
core   0: 3 0x800095a2 (0x00002f17) x30 0x8000b5a2
core   0: 0x800095a6 (0xa43f2f23) sw      gp, -1442(t5)
core   0: 3 0x800095a6 (0xa43f2f23) mem 0x8000b000 0x00000001
core   0: 0x800095aa (0x0000bfe5) c.j     pc - 8
core   0: 3 0x800095aa (0xbfe5)
core   0: 0x800095a2 (0x00002f17) auipc   t5, 0x2
core   0: 3 0x800095a2 (0x00002f17) x30 0x8000b5a2
core   0: 0x800095a6 (0xa43f2f23) sw      gp, -1442(t5)
core   0: 3 0x800095a6 (0xa43f2f23) mem 0x8000b000 0x00000001
core   0: 0x800095aa (0x0000bfe5) c.j     pc - 8
core   0: 3 0x800095aa (0xbfe5)
core   0: 0x800095a2 (0x00002f17) auipc   t5, 0x2
core   0: 3 0x800095a2 (0x00002f17) x30 0x8000b5a2
core   0: 0x800095a6 (0xa43f2f23) sw      gp, -1442(t5)
core   0: 3 0x800095a6 (0xa43f2f23) mem 0x8000b000 0x00000001
core   0: 0x800095aa (0x0000bfe5) c.j     pc - 8
core   0: 3 0x800095aa (0xbfe5)
core   0: 0x800095a2 (0x00002f17) auipc   t5, 0x2
core   0: 3 0x800095a2 (0x00002f17) x30 0x8000b5a2
core   0: 0x800095a6 (0xa43f2f23) sw      gp, -1442(t5)
core   0: 3 0x800095a6 (0xa43f2f23) mem 0x8000b000 0x00000001
core   0: 0x800095aa (0x0000bfe5) c.j     pc - 8
core   0: 3 0x800095aa (0xbfe5)
core   0: 0x800095a2 (0x00002f17) auipc   t5, 0x2
core   0: 3 0x800095a2 (0x00002f17) x30 0x8000b5a2
core   0: 0x800095a6 (0xa43f2f23) sw      gp, -1442(t5)
core   0: 3 0x800095a6 (0xa43f2f23) mem 0x8000b000 0x00000001
core   0: 0x800095aa (0x0000bfe5) c.j     pc - 8
core   0: 3 0x800095aa (0xbfe5)
core   0: 0x800095a2 (0x00002f17) auipc   t5, 0x2
core   0: 3 0x800095a2 (0x00002f17) x30 0x8000b5a2
core   0: 0x800095a6 (0xa43f2f23) sw      gp, -1442(t5)
core   0: 3 0x800095a6 (0xa43f2f23) mem 0x8000b000 0x00000001
core   0: 0x800095aa (0x0000bfe5) c.j     pc - 8
core   0: 3 0x800095aa (0xbfe5)
core   0: 0x800095a2 (0x00002f17) auipc   t5, 0x2
core   0: 3 0x800095a2 (0x00002f17) x30 0x8000b5a2
core   0: 0x800095a6 (0xa43f2f23) sw      gp, -1442(t5)
core   0: 3 0x800095a6 (0xa43f2f23) mem 0x8000b000 0x00000001
core   0: 0x800095aa (0x0000bfe5) c.j     pc - 8
core   0: 3 0x800095aa (0xbfe5)
core   0: 0x800095a2 (0x00002f17) auipc   t5, 0x2
core   0: 3 0x800095a2 (0x00002f17) x30 0x8000b5a2
core   0: 0x800095a6 (0xa43f2f23) sw      gp, -1442(t5)
core   0: 3 0x800095a6 (0xa43f2f23) mem 0x8000b000 0x00000001
core   0: 0x800095aa (0x0000bfe5) c.j     pc - 8
core   0: 3 0x800095aa (0xbfe5)
core   0: 0x800095a2 (0x00002f17) auipc   t5, 0x2
core   0: 3 0x800095a2 (0x00002f17) x30 0x8000b5a2
core   0: 0x800095a6 (0xa43f2f23) sw      gp, -1442(t5)
core   0: 3 0x800095a6 (0xa43f2f23) mem 0x8000b000 0x00000001
core   0: 0x800095aa (0x0000bfe5) c.j     pc - 8
core   0: 3 0x800095aa (0xbfe5)
core   0: 0x800095a2 (0x00002f17) auipc   t5, 0x2
core   0: 3 0x800095a2 (0x00002f17) x30 0x8000b5a2
core   0: 0x800095a6 (0xa43f2f23) sw      gp, -1442(t5)
core   0: 3 0x800095a6 (0xa43f2f23) mem 0x8000b000 0x00000001
core   0: 0x800095aa (0x0000bfe5) c.j     pc - 8
core   0: 3 0x800095aa (0xbfe5)
core   0: 0x800095a2 (0x00002f17) auipc   t5, 0x2
core   0: 3 0x800095a2 (0x00002f17) x30 0x8000b5a2
core   0: 0x800095a6 (0xa43f2f23) sw      gp, -1442(t5)
core   0: 3 0x800095a6 (0xa43f2f23) mem 0x8000b000 0x00000001
core   0: 0x800095aa (0x0000bfe5) c.j     pc - 8
core   0: 3 0x800095aa (0xbfe5)
core   0: 0x800095a2 (0x00002f17) auipc   t5, 0x2
core   0: 3 0x800095a2 (0x00002f17) x30 0x8000b5a2
core   0: 0x800095a6 (0xa43f2f23) sw      gp, -1442(t5)
core   0: 3 0x800095a6 (0xa43f2f23) mem 0x8000b000 0x00000001
core   0: 0x800095aa (0x0000bfe5) c.j     pc - 8
core   0: 3 0x800095aa (0xbfe5)
core   0: 0x800095a2 (0x00002f17) auipc   t5, 0x2
core   0: 3 0x800095a2 (0x00002f17) x30 0x8000b5a2
core   0: 0x800095a6 (0xa43f2f23) sw      gp, -1442(t5)
core   0: 3 0x800095a6 (0xa43f2f23) mem 0x8000b000 0x00000001
core   0: 0x800095aa (0x0000bfe5) c.j     pc - 8
core   0: 3 0x800095aa (0xbfe5)
core   0: 0x800095a2 (0x00002f17) auipc   t5, 0x2
core   0: 3 0x800095a2 (0x00002f17) x30 0x8000b5a2
core   0: 0x800095a6 (0xa43f2f23) sw      gp, -1442(t5)
core   0: 3 0x800095a6 (0xa43f2f23) mem 0x8000b000 0x00000001
core   0: 0x800095aa (0x0000bfe5) c.j     pc - 8
core   0: 3 0x800095aa (0xbfe5)
core   0: 0x800095a2 (0x00002f17) auipc   t5, 0x2
core   0: 3 0x800095a2 (0x00002f17) x30 0x8000b5a2
core   0: 0x800095a6 (0xa43f2f23) sw      gp, -1442(t5)
core   0: 3 0x800095a6 (0xa43f2f23) mem 0x8000b000 0x00000001
core   0: 0x800095aa (0x0000bfe5) c.j     pc - 8
core   0: 3 0x800095aa (0xbfe5)
core   0: 0x800095a2 (0x00002f17) auipc   t5, 0x2
core   0: 3 0x800095a2 (0x00002f17) x30 0x8000b5a2
core   0: 0x800095a6 (0xa43f2f23) sw      gp, -1442(t5)
core   0: 3 0x800095a6 (0xa43f2f23) mem 0x8000b000 0x00000001
core   0: 0x800095aa (0x0000bfe5) c.j     pc - 8
core   0: 3 0x800095aa (0xbfe5)
core   0: 0x800095a2 (0x00002f17) auipc   t5, 0x2
core   0: 3 0x800095a2 (0x00002f17) x30 0x8000b5a2
core   0: 0x800095a6 (0xa43f2f23) sw      gp, -1442(t5)
core   0: 3 0x800095a6 (0xa43f2f23) mem 0x8000b000 0x00000001
core   0: 0x800095aa (0x0000bfe5) c.j     pc - 8
core   0: 3 0x800095aa (0xbfe5)
core   0: 0x800095a2 (0x00002f17) auipc   t5, 0x2
core   0: 3 0x800095a2 (0x00002f17) x30 0x8000b5a2
core   0: 0x800095a6 (0xa43f2f23) sw      gp, -1442(t5)
core   0: 3 0x800095a6 (0xa43f2f23) mem 0x8000b000 0x00000001
core   0: 0x800095aa (0x0000bfe5) c.j     pc - 8
core   0: 3 0x800095aa (0xbfe5)
core   0: 0x800095a2 (0x00002f17) auipc   t5, 0x2
core   0: 3 0x800095a2 (0x00002f17) x30 0x8000b5a2
core   0: 0x800095a6 (0xa43f2f23) sw      gp, -1442(t5)
core   0: 3 0x800095a6 (0xa43f2f23) mem 0x8000b000 0x00000001
core   0: 0x800095aa (0x0000bfe5) c.j     pc - 8
core   0: 3 0x800095aa (0xbfe5)
core   0: 0x800095a2 (0x00002f17) auipc   t5, 0x2
core   0: 3 0x800095a2 (0x00002f17) x30 0x8000b5a2
core   0: 0x800095a6 (0xa43f2f23) sw      gp, -1442(t5)
core   0: 3 0x800095a6 (0xa43f2f23) mem 0x8000b000 0x00000001
core   0: 0x800095aa (0x0000bfe5) c.j     pc - 8
core   0: 3 0x800095aa (0xbfe5)
core   0: 0x800095a2 (0x00002f17) auipc   t5, 0x2
core   0: 3 0x800095a2 (0x00002f17) x30 0x8000b5a2
core   0: 0x800095a6 (0xa43f2f23) sw      gp, -1442(t5)
core   0: 3 0x800095a6 (0xa43f2f23) mem 0x8000b000 0x00000001
core   0: 0x800095aa (0x0000bfe5) c.j     pc - 8
core   0: 3 0x800095aa (0xbfe5)
core   0: 0x800095a2 (0x00002f17) auipc   t5, 0x2
core   0: 3 0x800095a2 (0x00002f17) x30 0x8000b5a2
core   0: 0x800095a6 (0xa43f2f23) sw      gp, -1442(t5)
core   0: 3 0x800095a6 (0xa43f2f23) mem 0x8000b000 0x00000001
core   0: 0x800095aa (0x0000bfe5) c.j     pc - 8
core   0: 3 0x800095aa (0xbfe5)
core   0: 0x800095a2 (0x00002f17) auipc   t5, 0x2
core   0: 3 0x800095a2 (0x00002f17) x30 0x8000b5a2
core   0: 0x800095a6 (0xa43f2f23) sw      gp, -1442(t5)
core   0: 3 0x800095a6 (0xa43f2f23) mem 0x8000b000 0x00000001
core   0: 0x800095aa (0x0000bfe5) c.j     pc - 8
core   0: 3 0x800095aa (0xbfe5)
core   0: 0x800095a2 (0x00002f17) auipc   t5, 0x2
core   0: 3 0x800095a2 (0x00002f17) x30 0x8000b5a2
core   0: 0x800095a6 (0xa43f2f23) sw      gp, -1442(t5)
core   0: 3 0x800095a6 (0xa43f2f23) mem 0x8000b000 0x00000001
core   0: 0x800095aa (0x0000bfe5) c.j     pc - 8
core   0: 3 0x800095aa (0xbfe5)
core   0: 0x800095a2 (0x00002f17) auipc   t5, 0x2
core   0: 3 0x800095a2 (0x00002f17) x30 0x8000b5a2
core   0: 0x800095a6 (0xa43f2f23) sw      gp, -1442(t5)
core   0: 3 0x800095a6 (0xa43f2f23) mem 0x8000b000 0x00000001
core   0: 0x800095aa (0x0000bfe5) c.j     pc - 8
core   0: 3 0x800095aa (0xbfe5)
core   0: 0x800095a2 (0x00002f17) auipc   t5, 0x2
core   0: 3 0x800095a2 (0x00002f17) x30 0x8000b5a2
core   0: 0x800095a6 (0xa43f2f23) sw      gp, -1442(t5)
core   0: 3 0x800095a6 (0xa43f2f23) mem 0x8000b000 0x00000001
core   0: 0x800095aa (0x0000bfe5) c.j     pc - 8
core   0: 3 0x800095aa (0xbfe5)
core   0: 0x800095a2 (0x00002f17) auipc   t5, 0x2
core   0: 3 0x800095a2 (0x00002f17) x30 0x8000b5a2
core   0: 0x800095a6 (0xa43f2f23) sw      gp, -1442(t5)
core   0: 3 0x800095a6 (0xa43f2f23) mem 0x8000b000 0x00000001
core   0: 0x800095aa (0x0000bfe5) c.j     pc - 8
core   0: 3 0x800095aa (0xbfe5)
core   0: 0x800095a2 (0x00002f17) auipc   t5, 0x2
core   0: 3 0x800095a2 (0x00002f17) x30 0x8000b5a2
core   0: 0x800095a6 (0xa43f2f23) sw      gp, -1442(t5)
core   0: 3 0x800095a6 (0xa43f2f23) mem 0x8000b000 0x00000001
core   0: 0x800095aa (0x0000bfe5) c.j     pc - 8
core   0: 3 0x800095aa (0xbfe5)
core   0: 0x800095a2 (0x00002f17) auipc   t5, 0x2
core   0: 3 0x800095a2 (0x00002f17) x30 0x8000b5a2
core   0: 0x800095a6 (0xa43f2f23) sw      gp, -1442(t5)
core   0: 3 0x800095a6 (0xa43f2f23) mem 0x8000b000 0x00000001
core   0: 0x800095aa (0x0000bfe5) c.j     pc - 8
core   0: 3 0x800095aa (0xbfe5)
core   0: 0x800095a2 (0x00002f17) auipc   t5, 0x2
core   0: 3 0x800095a2 (0x00002f17) x30 0x8000b5a2
core   0: 0x800095a6 (0xa43f2f23) sw      gp, -1442(t5)
core   0: 3 0x800095a6 (0xa43f2f23) mem 0x8000b000 0x00000001
core   0: 0x800095aa (0x0000bfe5) c.j     pc - 8
core   0: 3 0x800095aa (0xbfe5)
core   0: 0x800095a2 (0x00002f17) auipc   t5, 0x2
core   0: 3 0x800095a2 (0x00002f17) x30 0x8000b5a2
core   0: 0x800095a6 (0xa43f2f23) sw      gp, -1442(t5)
core   0: 3 0x800095a6 (0xa43f2f23) mem 0x8000b000 0x00000001
core   0: 0x800095aa (0x0000bfe5) c.j     pc - 8
core   0: 3 0x800095aa (0xbfe5)
core   0: 0x800095a2 (0x00002f17) auipc   t5, 0x2
core   0: 3 0x800095a2 (0x00002f17) x30 0x8000b5a2
core   0: 0x800095a6 (0xa43f2f23) sw      gp, -1442(t5)
core   0: 3 0x800095a6 (0xa43f2f23) mem 0x8000b000 0x00000001
core   0: 0x800095aa (0x0000bfe5) c.j     pc - 8
core   0: 3 0x800095aa (0xbfe5)
core   0: 0x800095a2 (0x00002f17) auipc   t5, 0x2
core   0: 3 0x800095a2 (0x00002f17) x30 0x8000b5a2
core   0: 0x800095a6 (0xa43f2f23) sw      gp, -1442(t5)
core   0: 3 0x800095a6 (0xa43f2f23) mem 0x8000b000 0x00000001
core   0: 0x800095aa (0x0000bfe5) c.j     pc - 8
core   0: 3 0x800095aa (0xbfe5)
core   0: 0x800095a2 (0x00002f17) auipc   t5, 0x2
core   0: 3 0x800095a2 (0x00002f17) x30 0x8000b5a2
core   0: 0x800095a6 (0xa43f2f23) sw      gp, -1442(t5)
core   0: 3 0x800095a6 (0xa43f2f23) mem 0x8000b000 0x00000001
core   0: 0x800095aa (0x0000bfe5) c.j     pc - 8
core   0: 3 0x800095aa (0xbfe5)
core   0: 0x800095a2 (0x00002f17) auipc   t5, 0x2
core   0: 3 0x800095a2 (0x00002f17) x30 0x8000b5a2
core   0: 0x800095a6 (0xa43f2f23) sw      gp, -1442(t5)
core   0: 3 0x800095a6 (0xa43f2f23) mem 0x8000b000 0x00000001
core   0: 0x800095aa (0x0000bfe5) c.j     pc - 8
core   0: 3 0x800095aa (0xbfe5)
core   0: 0x800095a2 (0x00002f17) auipc   t5, 0x2
core   0: 3 0x800095a2 (0x00002f17) x30 0x8000b5a2
core   0: 0x800095a6 (0xa43f2f23) sw      gp, -1442(t5)
core   0: 3 0x800095a6 (0xa43f2f23) mem 0x8000b000 0x00000001
core   0: 0x800095aa (0x0000bfe5) c.j     pc - 8
core   0: 3 0x800095aa (0xbfe5)
core   0: 0x800095a2 (0x00002f17) auipc   t5, 0x2
core   0: 3 0x800095a2 (0x00002f17) x30 0x8000b5a2
core   0: 0x800095a6 (0xa43f2f23) sw      gp, -1442(t5)
core   0: 3 0x800095a6 (0xa43f2f23) mem 0x8000b000 0x00000001
core   0: 0x800095aa (0x0000bfe5) c.j     pc - 8
core   0: 3 0x800095aa (0xbfe5)
core   0: 0x800095a2 (0x00002f17) auipc   t5, 0x2
core   0: 3 0x800095a2 (0x00002f17) x30 0x8000b5a2
core   0: 0x800095a6 (0xa43f2f23) sw      gp, -1442(t5)
core   0: 3 0x800095a6 (0xa43f2f23) mem 0x8000b000 0x00000001
core   0: 0x800095aa (0x0000bfe5) c.j     pc - 8
core   0: 3 0x800095aa (0xbfe5)
core   0: 0x800095a2 (0x00002f17) auipc   t5, 0x2
core   0: 3 0x800095a2 (0x00002f17) x30 0x8000b5a2
core   0: 0x800095a6 (0xa43f2f23) sw      gp, -1442(t5)
core   0: 3 0x800095a6 (0xa43f2f23) mem 0x8000b000 0x00000001
core   0: 0x800095aa (0x0000bfe5) c.j     pc - 8
core   0: 3 0x800095aa (0xbfe5)
core   0: 0x800095a2 (0x00002f17) auipc   t5, 0x2
core   0: 3 0x800095a2 (0x00002f17) x30 0x8000b5a2
core   0: 0x800095a6 (0xa43f2f23) sw      gp, -1442(t5)
core   0: 3 0x800095a6 (0xa43f2f23) mem 0x8000b000 0x00000001
core   0: 0x800095aa (0x0000bfe5) c.j     pc - 8
core   0: 3 0x800095aa (0xbfe5)
core   0: 0x800095a2 (0x00002f17) auipc   t5, 0x2
core   0: 3 0x800095a2 (0x00002f17) x30 0x8000b5a2
core   0: 0x800095a6 (0xa43f2f23) sw      gp, -1442(t5)
core   0: 3 0x800095a6 (0xa43f2f23) mem 0x8000b000 0x00000001
core   0: 0x800095aa (0x0000bfe5) c.j     pc - 8
core   0: 3 0x800095aa (0xbfe5)
core   0: 0x800095a2 (0x00002f17) auipc   t5, 0x2
core   0: 3 0x800095a2 (0x00002f17) x30 0x8000b5a2
core   0: 0x800095a6 (0xa43f2f23) sw      gp, -1442(t5)
core   0: 3 0x800095a6 (0xa43f2f23) mem 0x8000b000 0x00000001
core   0: 0x800095aa (0x0000bfe5) c.j     pc - 8
core   0: 3 0x800095aa (0xbfe5)
core   0: 0x800095a2 (0x00002f17) auipc   t5, 0x2
core   0: 3 0x800095a2 (0x00002f17) x30 0x8000b5a2
core   0: 0x800095a6 (0xa43f2f23) sw      gp, -1442(t5)
core   0: 3 0x800095a6 (0xa43f2f23) mem 0x8000b000 0x00000001
core   0: 0x800095aa (0x0000bfe5) c.j     pc - 8
core   0: 3 0x800095aa (0xbfe5)
core   0: 0x800095a2 (0x00002f17) auipc   t5, 0x2
core   0: 3 0x800095a2 (0x00002f17) x30 0x8000b5a2
core   0: 0x800095a6 (0xa43f2f23) sw      gp, -1442(t5)
core   0: 3 0x800095a6 (0xa43f2f23) mem 0x8000b000 0x00000001
core   0: 0x800095aa (0x0000bfe5) c.j     pc - 8
core   0: 3 0x800095aa (0xbfe5)
core   0: 0x800095a2 (0x00002f17) auipc   t5, 0x2
core   0: 3 0x800095a2 (0x00002f17) x30 0x8000b5a2
core   0: 0x800095a6 (0xa43f2f23) sw      gp, -1442(t5)
core   0: 3 0x800095a6 (0xa43f2f23) mem 0x8000b000 0x00000001
core   0: 0x800095aa (0x0000bfe5) c.j     pc - 8
core   0: 3 0x800095aa (0xbfe5)
core   0: 0x800095a2 (0x00002f17) auipc   t5, 0x2
core   0: 3 0x800095a2 (0x00002f17) x30 0x8000b5a2
core   0: 0x800095a6 (0xa43f2f23) sw      gp, -1442(t5)
core   0: 3 0x800095a6 (0xa43f2f23) mem 0x8000b000 0x00000001
core   0: 0x800095aa (0x0000bfe5) c.j     pc - 8
core   0: 3 0x800095aa (0xbfe5)
core   0: 0x800095a2 (0x00002f17) auipc   t5, 0x2
core   0: 3 0x800095a2 (0x00002f17) x30 0x8000b5a2
core   0: 0x800095a6 (0xa43f2f23) sw      gp, -1442(t5)
core   0: 3 0x800095a6 (0xa43f2f23) mem 0x8000b000 0x00000001
core   0: 0x800095aa (0x0000bfe5) c.j     pc - 8
core   0: 3 0x800095aa (0xbfe5)
core   0: 0x800095a2 (0x00002f17) auipc   t5, 0x2
core   0: 3 0x800095a2 (0x00002f17) x30 0x8000b5a2
core   0: 0x800095a6 (0xa43f2f23) sw      gp, -1442(t5)
core   0: 3 0x800095a6 (0xa43f2f23) mem 0x8000b000 0x00000001
core   0: 0x800095aa (0x0000bfe5) c.j     pc - 8
core   0: 3 0x800095aa (0xbfe5)
core   0: 0x800095a2 (0x00002f17) auipc   t5, 0x2
core   0: 3 0x800095a2 (0x00002f17) x30 0x8000b5a2
core   0: 0x800095a6 (0xa43f2f23) sw      gp, -1442(t5)
core   0: 3 0x800095a6 (0xa43f2f23) mem 0x8000b000 0x00000001
core   0: 0x800095aa (0x0000bfe5) c.j     pc - 8
core   0: 3 0x800095aa (0xbfe5)
core   0: 0x800095a2 (0x00002f17) auipc   t5, 0x2
core   0: 3 0x800095a2 (0x00002f17) x30 0x8000b5a2
core   0: 0x800095a6 (0xa43f2f23) sw      gp, -1442(t5)
core   0: 3 0x800095a6 (0xa43f2f23) mem 0x8000b000 0x00000001
core   0: 0x800095aa (0x0000bfe5) c.j     pc - 8
core   0: 3 0x800095aa (0xbfe5)
core   0: 0x800095a2 (0x00002f17) auipc   t5, 0x2
core   0: 3 0x800095a2 (0x00002f17) x30 0x8000b5a2
core   0: 0x800095a6 (0xa43f2f23) sw      gp, -1442(t5)
core   0: 3 0x800095a6 (0xa43f2f23) mem 0x8000b000 0x00000001
core   0: 0x800095aa (0x0000bfe5) c.j     pc - 8
core   0: 3 0x800095aa (0xbfe5)
core   0: 0x800095a2 (0x00002f17) auipc   t5, 0x2
core   0: 3 0x800095a2 (0x00002f17) x30 0x8000b5a2
core   0: 0x800095a6 (0xa43f2f23) sw      gp, -1442(t5)
core   0: 3 0x800095a6 (0xa43f2f23) mem 0x8000b000 0x00000001
core   0: 0x800095aa (0x0000bfe5) c.j     pc - 8
core   0: 3 0x800095aa (0xbfe5)
core   0: 0x800095a2 (0x00002f17) auipc   t5, 0x2
core   0: 3 0x800095a2 (0x00002f17) x30 0x8000b5a2
core   0: 0x800095a6 (0xa43f2f23) sw      gp, -1442(t5)
core   0: 3 0x800095a6 (0xa43f2f23) mem 0x8000b000 0x00000001
core   0: 0x800095aa (0x0000bfe5) c.j     pc - 8
core   0: 3 0x800095aa (0xbfe5)
core   0: 0x800095a2 (0x00002f17) auipc   t5, 0x2
core   0: 3 0x800095a2 (0x00002f17) x30 0x8000b5a2
core   0: 0x800095a6 (0xa43f2f23) sw      gp, -1442(t5)
core   0: 3 0x800095a6 (0xa43f2f23) mem 0x8000b000 0x00000001
core   0: 0x800095aa (0x0000bfe5) c.j     pc - 8
core   0: 3 0x800095aa (0xbfe5)
core   0: 0x800095a2 (0x00002f17) auipc   t5, 0x2
core   0: 3 0x800095a2 (0x00002f17) x30 0x8000b5a2
core   0: 0x800095a6 (0xa43f2f23) sw      gp, -1442(t5)
core   0: 3 0x800095a6 (0xa43f2f23) mem 0x8000b000 0x00000001
core   0: 0x800095aa (0x0000bfe5) c.j     pc - 8
core   0: 3 0x800095aa (0xbfe5)
core   0: 0x800095a2 (0x00002f17) auipc   t5, 0x2
core   0: 3 0x800095a2 (0x00002f17) x30 0x8000b5a2
core   0: 0x800095a6 (0xa43f2f23) sw      gp, -1442(t5)
core   0: 3 0x800095a6 (0xa43f2f23) mem 0x8000b000 0x00000001
core   0: 0x800095aa (0x0000bfe5) c.j     pc - 8
core   0: 3 0x800095aa (0xbfe5)
core   0: 0x800095a2 (0x00002f17) auipc   t5, 0x2
core   0: 3 0x800095a2 (0x00002f17) x30 0x8000b5a2
core   0: 0x800095a6 (0xa43f2f23) sw      gp, -1442(t5)
core   0: 3 0x800095a6 (0xa43f2f23) mem 0x8000b000 0x00000001
core   0: 0x800095aa (0x0000bfe5) c.j     pc - 8
core   0: 3 0x800095aa (0xbfe5)
core   0: 0x800095a2 (0x00002f17) auipc   t5, 0x2
core   0: 3 0x800095a2 (0x00002f17) x30 0x8000b5a2
core   0: 0x800095a6 (0xa43f2f23) sw      gp, -1442(t5)
core   0: 3 0x800095a6 (0xa43f2f23) mem 0x8000b000 0x00000001
core   0: 0x800095aa (0x0000bfe5) c.j     pc - 8
core   0: 3 0x800095aa (0xbfe5)
core   0: 0x800095a2 (0x00002f17) auipc   t5, 0x2
core   0: 3 0x800095a2 (0x00002f17) x30 0x8000b5a2
core   0: 0x800095a6 (0xa43f2f23) sw      gp, -1442(t5)
core   0: 3 0x800095a6 (0xa43f2f23) mem 0x8000b000 0x00000001
core   0: 0x800095aa (0x0000bfe5) c.j     pc - 8
core   0: 3 0x800095aa (0xbfe5)
core   0: 0x800095a2 (0x00002f17) auipc   t5, 0x2
core   0: 3 0x800095a2 (0x00002f17) x30 0x8000b5a2
core   0: 0x800095a6 (0xa43f2f23) sw      gp, -1442(t5)
core   0: 3 0x800095a6 (0xa43f2f23) mem 0x8000b000 0x00000001
core   0: 0x800095aa (0x0000bfe5) c.j     pc - 8
core   0: 3 0x800095aa (0xbfe5)
core   0: 0x800095a2 (0x00002f17) auipc   t5, 0x2
core   0: 3 0x800095a2 (0x00002f17) x30 0x8000b5a2
core   0: 0x800095a6 (0xa43f2f23) sw      gp, -1442(t5)
core   0: 3 0x800095a6 (0xa43f2f23) mem 0x8000b000 0x00000001
core   0: 0x800095aa (0x0000bfe5) c.j     pc - 8
core   0: 3 0x800095aa (0xbfe5)
core   0: 0x800095a2 (0x00002f17) auipc   t5, 0x2
core   0: 3 0x800095a2 (0x00002f17) x30 0x8000b5a2
core   0: 0x800095a6 (0xa43f2f23) sw      gp, -1442(t5)
core   0: 3 0x800095a6 (0xa43f2f23) mem 0x8000b000 0x00000001
core   0: 0x800095aa (0x0000bfe5) c.j     pc - 8
core   0: 3 0x800095aa (0xbfe5)
core   0: 0x800095a2 (0x00002f17) auipc   t5, 0x2
core   0: 3 0x800095a2 (0x00002f17) x30 0x8000b5a2
core   0: 0x800095a6 (0xa43f2f23) sw      gp, -1442(t5)
core   0: 3 0x800095a6 (0xa43f2f23) mem 0x8000b000 0x00000001
core   0: 0x800095aa (0x0000bfe5) c.j     pc - 8
core   0: 3 0x800095aa (0xbfe5)
core   0: 0x800095a2 (0x00002f17) auipc   t5, 0x2
core   0: 3 0x800095a2 (0x00002f17) x30 0x8000b5a2
core   0: 0x800095a6 (0xa43f2f23) sw      gp, -1442(t5)
core   0: 3 0x800095a6 (0xa43f2f23) mem 0x8000b000 0x00000001
core   0: 0x800095aa (0x0000bfe5) c.j     pc - 8
core   0: 3 0x800095aa (0xbfe5)
core   0: 0x800095a2 (0x00002f17) auipc   t5, 0x2
core   0: 3 0x800095a2 (0x00002f17) x30 0x8000b5a2
core   0: 0x800095a6 (0xa43f2f23) sw      gp, -1442(t5)
core   0: 3 0x800095a6 (0xa43f2f23) mem 0x8000b000 0x00000001
core   0: 0x800095aa (0x0000bfe5) c.j     pc - 8
core   0: 3 0x800095aa (0xbfe5)
core   0: 0x800095a2 (0x00002f17) auipc   t5, 0x2
core   0: 3 0x800095a2 (0x00002f17) x30 0x8000b5a2
core   0: 0x800095a6 (0xa43f2f23) sw      gp, -1442(t5)
core   0: 3 0x800095a6 (0xa43f2f23) mem 0x8000b000 0x00000001
core   0: 0x800095aa (0x0000bfe5) c.j     pc - 8
core   0: 3 0x800095aa (0xbfe5)
core   0: 0x800095a2 (0x00002f17) auipc   t5, 0x2
core   0: 3 0x800095a2 (0x00002f17) x30 0x8000b5a2
core   0: 0x800095a6 (0xa43f2f23) sw      gp, -1442(t5)
core   0: 3 0x800095a6 (0xa43f2f23) mem 0x8000b000 0x00000001
core   0: 0x800095aa (0x0000bfe5) c.j     pc - 8
core   0: 3 0x800095aa (0xbfe5)
core   0: 0x800095a2 (0x00002f17) auipc   t5, 0x2
core   0: 3 0x800095a2 (0x00002f17) x30 0x8000b5a2
core   0: 0x800095a6 (0xa43f2f23) sw      gp, -1442(t5)
core   0: 3 0x800095a6 (0xa43f2f23) mem 0x8000b000 0x00000001
core   0: 0x800095aa (0x0000bfe5) c.j     pc - 8
core   0: 3 0x800095aa (0xbfe5)
core   0: 0x800095a2 (0x00002f17) auipc   t5, 0x2
core   0: 3 0x800095a2 (0x00002f17) x30 0x8000b5a2
core   0: 0x800095a6 (0xa43f2f23) sw      gp, -1442(t5)
core   0: 3 0x800095a6 (0xa43f2f23) mem 0x8000b000 0x00000001
core   0: 0x800095aa (0x0000bfe5) c.j     pc - 8
core   0: 3 0x800095aa (0xbfe5)
core   0: 0x800095a2 (0x00002f17) auipc   t5, 0x2
core   0: 3 0x800095a2 (0x00002f17) x30 0x8000b5a2
core   0: 0x800095a6 (0xa43f2f23) sw      gp, -1442(t5)
core   0: 3 0x800095a6 (0xa43f2f23) mem 0x8000b000 0x00000001
core   0: 0x800095aa (0x0000bfe5) c.j     pc - 8
core   0: 3 0x800095aa (0xbfe5)
core   0: 0x800095a2 (0x00002f17) auipc   t5, 0x2
core   0: 3 0x800095a2 (0x00002f17) x30 0x8000b5a2
core   0: 0x800095a6 (0xa43f2f23) sw      gp, -1442(t5)
core   0: 3 0x800095a6 (0xa43f2f23) mem 0x8000b000 0x00000001
core   0: 0x800095aa (0x0000bfe5) c.j     pc - 8
core   0: 3 0x800095aa (0xbfe5)
core   0: 0x800095a2 (0x00002f17) auipc   t5, 0x2
core   0: 3 0x800095a2 (0x00002f17) x30 0x8000b5a2
core   0: 0x800095a6 (0xa43f2f23) sw      gp, -1442(t5)
core   0: 3 0x800095a6 (0xa43f2f23) mem 0x8000b000 0x00000001
core   0: 0x800095aa (0x0000bfe5) c.j     pc - 8
core   0: 3 0x800095aa (0xbfe5)
core   0: 0x800095a2 (0x00002f17) auipc   t5, 0x2
core   0: 3 0x800095a2 (0x00002f17) x30 0x8000b5a2
core   0: 0x800095a6 (0xa43f2f23) sw      gp, -1442(t5)
core   0: 3 0x800095a6 (0xa43f2f23) mem 0x8000b000 0x00000001
core   0: 0x800095aa (0x0000bfe5) c.j     pc - 8
core   0: 3 0x800095aa (0xbfe5)
core   0: 0x800095a2 (0x00002f17) auipc   t5, 0x2
core   0: 3 0x800095a2 (0x00002f17) x30 0x8000b5a2
core   0: 0x800095a6 (0xa43f2f23) sw      gp, -1442(t5)
core   0: 3 0x800095a6 (0xa43f2f23) mem 0x8000b000 0x00000001
core   0: 0x800095aa (0x0000bfe5) c.j     pc - 8
core   0: 3 0x800095aa (0xbfe5)
core   0: 0x800095a2 (0x00002f17) auipc   t5, 0x2
core   0: 3 0x800095a2 (0x00002f17) x30 0x8000b5a2
core   0: 0x800095a6 (0xa43f2f23) sw      gp, -1442(t5)
core   0: 3 0x800095a6 (0xa43f2f23) mem 0x8000b000 0x00000001
core   0: 0x800095aa (0x0000bfe5) c.j     pc - 8
core   0: 3 0x800095aa (0xbfe5)
core   0: 0x800095a2 (0x00002f17) auipc   t5, 0x2
core   0: 3 0x800095a2 (0x00002f17) x30 0x8000b5a2
core   0: 0x800095a6 (0xa43f2f23) sw      gp, -1442(t5)
core   0: 3 0x800095a6 (0xa43f2f23) mem 0x8000b000 0x00000001
core   0: 0x800095aa (0x0000bfe5) c.j     pc - 8
core   0: 3 0x800095aa (0xbfe5)
core   0: 0x800095a2 (0x00002f17) auipc   t5, 0x2
core   0: 3 0x800095a2 (0x00002f17) x30 0x8000b5a2
core   0: 0x800095a6 (0xa43f2f23) sw      gp, -1442(t5)
core   0: 3 0x800095a6 (0xa43f2f23) mem 0x8000b000 0x00000001
core   0: 0x800095aa (0x0000bfe5) c.j     pc - 8
core   0: 3 0x800095aa (0xbfe5)
core   0: 0x800095a2 (0x00002f17) auipc   t5, 0x2
core   0: 3 0x800095a2 (0x00002f17) x30 0x8000b5a2
core   0: 0x800095a6 (0xa43f2f23) sw      gp, -1442(t5)
core   0: 3 0x800095a6 (0xa43f2f23) mem 0x8000b000 0x00000001
core   0: 0x800095aa (0x0000bfe5) c.j     pc - 8
core   0: 3 0x800095aa (0xbfe5)
core   0: 0x800095a2 (0x00002f17) auipc   t5, 0x2
core   0: 3 0x800095a2 (0x00002f17) x30 0x8000b5a2
core   0: 0x800095a6 (0xa43f2f23) sw      gp, -1442(t5)
core   0: 3 0x800095a6 (0xa43f2f23) mem 0x8000b000 0x00000001
core   0: 0x800095aa (0x0000bfe5) c.j     pc - 8
core   0: 3 0x800095aa (0xbfe5)
core   0: 0x800095a2 (0x00002f17) auipc   t5, 0x2
core   0: 3 0x800095a2 (0x00002f17) x30 0x8000b5a2
core   0: 0x800095a6 (0xa43f2f23) sw      gp, -1442(t5)
core   0: 3 0x800095a6 (0xa43f2f23) mem 0x8000b000 0x00000001
core   0: 0x800095aa (0x0000bfe5) c.j     pc - 8
core   0: 3 0x800095aa (0xbfe5)
core   0: 0x800095a2 (0x00002f17) auipc   t5, 0x2
core   0: 3 0x800095a2 (0x00002f17) x30 0x8000b5a2
core   0: 0x800095a6 (0xa43f2f23) sw      gp, -1442(t5)
core   0: 3 0x800095a6 (0xa43f2f23) mem 0x8000b000 0x00000001
core   0: 0x800095aa (0x0000bfe5) c.j     pc - 8
core   0: 3 0x800095aa (0xbfe5)
core   0: 0x800095a2 (0x00002f17) auipc   t5, 0x2
core   0: 3 0x800095a2 (0x00002f17) x30 0x8000b5a2
core   0: 0x800095a6 (0xa43f2f23) sw      gp, -1442(t5)
core   0: 3 0x800095a6 (0xa43f2f23) mem 0x8000b000 0x00000001
core   0: 0x800095aa (0x0000bfe5) c.j     pc - 8
core   0: 3 0x800095aa (0xbfe5)
core   0: 0x800095a2 (0x00002f17) auipc   t5, 0x2
core   0: 3 0x800095a2 (0x00002f17) x30 0x8000b5a2
core   0: 0x800095a6 (0xa43f2f23) sw      gp, -1442(t5)
core   0: 3 0x800095a6 (0xa43f2f23) mem 0x8000b000 0x00000001
core   0: 0x800095aa (0x0000bfe5) c.j     pc - 8
core   0: 3 0x800095aa (0xbfe5)
core   0: 0x800095a2 (0x00002f17) auipc   t5, 0x2
core   0: 3 0x800095a2 (0x00002f17) x30 0x8000b5a2
core   0: 0x800095a6 (0xa43f2f23) sw      gp, -1442(t5)
core   0: 3 0x800095a6 (0xa43f2f23) mem 0x8000b000 0x00000001
core   0: 0x800095aa (0x0000bfe5) c.j     pc - 8
core   0: 3 0x800095aa (0xbfe5)
core   0: 0x800095a2 (0x00002f17) auipc   t5, 0x2
core   0: 3 0x800095a2 (0x00002f17) x30 0x8000b5a2
core   0: 0x800095a6 (0xa43f2f23) sw      gp, -1442(t5)
core   0: 3 0x800095a6 (0xa43f2f23) mem 0x8000b000 0x00000001
core   0: 0x800095aa (0x0000bfe5) c.j     pc - 8
core   0: 3 0x800095aa (0xbfe5)
core   0: 0x800095a2 (0x00002f17) auipc   t5, 0x2
core   0: 3 0x800095a2 (0x00002f17) x30 0x8000b5a2
core   0: 0x800095a6 (0xa43f2f23) sw      gp, -1442(t5)
core   0: 3 0x800095a6 (0xa43f2f23) mem 0x8000b000 0x00000001
core   0: 0x800095aa (0x0000bfe5) c.j     pc - 8
core   0: 3 0x800095aa (0xbfe5)
core   0: 0x800095a2 (0x00002f17) auipc   t5, 0x2
core   0: 3 0x800095a2 (0x00002f17) x30 0x8000b5a2
core   0: 0x800095a6 (0xa43f2f23) sw      gp, -1442(t5)
core   0: 3 0x800095a6 (0xa43f2f23) mem 0x8000b000 0x00000001
core   0: 0x800095aa (0x0000bfe5) c.j     pc - 8
core   0: 3 0x800095aa (0xbfe5)
core   0: 0x800095a2 (0x00002f17) auipc   t5, 0x2
core   0: 3 0x800095a2 (0x00002f17) x30 0x8000b5a2
core   0: 0x800095a6 (0xa43f2f23) sw      gp, -1442(t5)
core   0: 3 0x800095a6 (0xa43f2f23) mem 0x8000b000 0x00000001
core   0: 0x800095aa (0x0000bfe5) c.j     pc - 8
core   0: 3 0x800095aa (0xbfe5)
core   0: 0x800095a2 (0x00002f17) auipc   t5, 0x2
core   0: 3 0x800095a2 (0x00002f17) x30 0x8000b5a2
core   0: 0x800095a6 (0xa43f2f23) sw      gp, -1442(t5)
core   0: 3 0x800095a6 (0xa43f2f23) mem 0x8000b000 0x00000001
core   0: 0x800095aa (0x0000bfe5) c.j     pc - 8
core   0: 3 0x800095aa (0xbfe5)
core   0: 0x800095a2 (0x00002f17) auipc   t5, 0x2
core   0: 3 0x800095a2 (0x00002f17) x30 0x8000b5a2
core   0: 0x800095a6 (0xa43f2f23) sw      gp, -1442(t5)
core   0: 3 0x800095a6 (0xa43f2f23) mem 0x8000b000 0x00000001
core   0: 0x800095aa (0x0000bfe5) c.j     pc - 8
core   0: 3 0x800095aa (0xbfe5)
core   0: 0x800095a2 (0x00002f17) auipc   t5, 0x2
core   0: 3 0x800095a2 (0x00002f17) x30 0x8000b5a2
core   0: 0x800095a6 (0xa43f2f23) sw      gp, -1442(t5)
core   0: 3 0x800095a6 (0xa43f2f23) mem 0x8000b000 0x00000001
core   0: 0x800095aa (0x0000bfe5) c.j     pc - 8
core   0: 3 0x800095aa (0xbfe5)
core   0: 0x800095a2 (0x00002f17) auipc   t5, 0x2
core   0: 3 0x800095a2 (0x00002f17) x30 0x8000b5a2
core   0: 0x800095a6 (0xa43f2f23) sw      gp, -1442(t5)
core   0: 3 0x800095a6 (0xa43f2f23) mem 0x8000b000 0x00000001
core   0: 0x800095aa (0x0000bfe5) c.j     pc - 8
core   0: 3 0x800095aa (0xbfe5)
core   0: 0x800095a2 (0x00002f17) auipc   t5, 0x2
core   0: 3 0x800095a2 (0x00002f17) x30 0x8000b5a2
core   0: 0x800095a6 (0xa43f2f23) sw      gp, -1442(t5)
core   0: 3 0x800095a6 (0xa43f2f23) mem 0x8000b000 0x00000001
core   0: 0x800095aa (0x0000bfe5) c.j     pc - 8
core   0: 3 0x800095aa (0xbfe5)
core   0: 0x800095a2 (0x00002f17) auipc   t5, 0x2
core   0: 3 0x800095a2 (0x00002f17) x30 0x8000b5a2
core   0: 0x800095a6 (0xa43f2f23) sw      gp, -1442(t5)
core   0: 3 0x800095a6 (0xa43f2f23) mem 0x8000b000 0x00000001
core   0: 0x800095aa (0x0000bfe5) c.j     pc - 8
core   0: 3 0x800095aa (0xbfe5)
core   0: 0x800095a2 (0x00002f17) auipc   t5, 0x2
core   0: 3 0x800095a2 (0x00002f17) x30 0x8000b5a2
core   0: 0x800095a6 (0xa43f2f23) sw      gp, -1442(t5)
core   0: 3 0x800095a6 (0xa43f2f23) mem 0x8000b000 0x00000001
core   0: 0x800095aa (0x0000bfe5) c.j     pc - 8
core   0: 3 0x800095aa (0xbfe5)
core   0: 0x800095a2 (0x00002f17) auipc   t5, 0x2
core   0: 3 0x800095a2 (0x00002f17) x30 0x8000b5a2
core   0: 0x800095a6 (0xa43f2f23) sw      gp, -1442(t5)
core   0: 3 0x800095a6 (0xa43f2f23) mem 0x8000b000 0x00000001
core   0: 0x800095aa (0x0000bfe5) c.j     pc - 8
core   0: 3 0x800095aa (0xbfe5)
core   0: 0x800095a2 (0x00002f17) auipc   t5, 0x2
core   0: 3 0x800095a2 (0x00002f17) x30 0x8000b5a2
core   0: 0x800095a6 (0xa43f2f23) sw      gp, -1442(t5)
core   0: 3 0x800095a6 (0xa43f2f23) mem 0x8000b000 0x00000001
core   0: 0x800095aa (0x0000bfe5) c.j     pc - 8
core   0: 3 0x800095aa (0xbfe5)
core   0: 0x800095a2 (0x00002f17) auipc   t5, 0x2
core   0: 3 0x800095a2 (0x00002f17) x30 0x8000b5a2
core   0: 0x800095a6 (0xa43f2f23) sw      gp, -1442(t5)
core   0: 3 0x800095a6 (0xa43f2f23) mem 0x8000b000 0x00000001
core   0: 0x800095aa (0x0000bfe5) c.j     pc - 8
core   0: 3 0x800095aa (0xbfe5)
core   0: 0x800095a2 (0x00002f17) auipc   t5, 0x2
core   0: 3 0x800095a2 (0x00002f17) x30 0x8000b5a2
core   0: 0x800095a6 (0xa43f2f23) sw      gp, -1442(t5)
core   0: 3 0x800095a6 (0xa43f2f23) mem 0x8000b000 0x00000001
core   0: 0x800095aa (0x0000bfe5) c.j     pc - 8
core   0: 3 0x800095aa (0xbfe5)
core   0: 0x800095a2 (0x00002f17) auipc   t5, 0x2
core   0: 3 0x800095a2 (0x00002f17) x30 0x8000b5a2
core   0: 0x800095a6 (0xa43f2f23) sw      gp, -1442(t5)
core   0: 3 0x800095a6 (0xa43f2f23) mem 0x8000b000 0x00000001
core   0: 0x800095aa (0x0000bfe5) c.j     pc - 8
core   0: 3 0x800095aa (0xbfe5)
core   0: 0x800095a2 (0x00002f17) auipc   t5, 0x2
core   0: 3 0x800095a2 (0x00002f17) x30 0x8000b5a2
core   0: 0x800095a6 (0xa43f2f23) sw      gp, -1442(t5)
core   0: 3 0x800095a6 (0xa43f2f23) mem 0x8000b000 0x00000001
core   0: 0x800095aa (0x0000bfe5) c.j     pc - 8
core   0: 3 0x800095aa (0xbfe5)
core   0: 0x800095a2 (0x00002f17) auipc   t5, 0x2
core   0: 3 0x800095a2 (0x00002f17) x30 0x8000b5a2
core   0: 0x800095a6 (0xa43f2f23) sw      gp, -1442(t5)
core   0: 3 0x800095a6 (0xa43f2f23) mem 0x8000b000 0x00000001
core   0: 0x800095aa (0x0000bfe5) c.j     pc - 8
core   0: 3 0x800095aa (0xbfe5)
core   0: 0x800095a2 (0x00002f17) auipc   t5, 0x2
core   0: 3 0x800095a2 (0x00002f17) x30 0x8000b5a2
core   0: 0x800095a6 (0xa43f2f23) sw      gp, -1442(t5)
core   0: 3 0x800095a6 (0xa43f2f23) mem 0x8000b000 0x00000001
core   0: 0x800095aa (0x0000bfe5) c.j     pc - 8
core   0: 3 0x800095aa (0xbfe5)
core   0: 0x800095a2 (0x00002f17) auipc   t5, 0x2
core   0: 3 0x800095a2 (0x00002f17) x30 0x8000b5a2
core   0: 0x800095a6 (0xa43f2f23) sw      gp, -1442(t5)
core   0: 3 0x800095a6 (0xa43f2f23) mem 0x8000b000 0x00000001
core   0: 0x800095aa (0x0000bfe5) c.j     pc - 8
core   0: 3 0x800095aa (0xbfe5)
core   0: 0x800095a2 (0x00002f17) auipc   t5, 0x2
core   0: 3 0x800095a2 (0x00002f17) x30 0x8000b5a2
core   0: 0x800095a6 (0xa43f2f23) sw      gp, -1442(t5)
core   0: 3 0x800095a6 (0xa43f2f23) mem 0x8000b000 0x00000001
core   0: 0x800095aa (0x0000bfe5) c.j     pc - 8
core   0: 3 0x800095aa (0xbfe5)
core   0: 0x800095a2 (0x00002f17) auipc   t5, 0x2
core   0: 3 0x800095a2 (0x00002f17) x30 0x8000b5a2
core   0: 0x800095a6 (0xa43f2f23) sw      gp, -1442(t5)
core   0: 3 0x800095a6 (0xa43f2f23) mem 0x8000b000 0x00000001
core   0: 0x800095aa (0x0000bfe5) c.j     pc - 8
core   0: 3 0x800095aa (0xbfe5)
core   0: 0x800095a2 (0x00002f17) auipc   t5, 0x2
core   0: 3 0x800095a2 (0x00002f17) x30 0x8000b5a2
core   0: 0x800095a6 (0xa43f2f23) sw      gp, -1442(t5)
core   0: 3 0x800095a6 (0xa43f2f23) mem 0x8000b000 0x00000001
core   0: 0x800095aa (0x0000bfe5) c.j     pc - 8
core   0: 3 0x800095aa (0xbfe5)
core   0: 0x800095a2 (0x00002f17) auipc   t5, 0x2
core   0: 3 0x800095a2 (0x00002f17) x30 0x8000b5a2
core   0: 0x800095a6 (0xa43f2f23) sw      gp, -1442(t5)
core   0: 3 0x800095a6 (0xa43f2f23) mem 0x8000b000 0x00000001
core   0: 0x800095aa (0x0000bfe5) c.j     pc - 8
core   0: 3 0x800095aa (0xbfe5)
core   0: 0x800095a2 (0x00002f17) auipc   t5, 0x2
core   0: 3 0x800095a2 (0x00002f17) x30 0x8000b5a2
core   0: 0x800095a6 (0xa43f2f23) sw      gp, -1442(t5)
core   0: 3 0x800095a6 (0xa43f2f23) mem 0x8000b000 0x00000001
core   0: 0x800095aa (0x0000bfe5) c.j     pc - 8
core   0: 3 0x800095aa (0xbfe5)
core   0: 0x800095a2 (0x00002f17) auipc   t5, 0x2
core   0: 3 0x800095a2 (0x00002f17) x30 0x8000b5a2
core   0: 0x800095a6 (0xa43f2f23) sw      gp, -1442(t5)
core   0: 3 0x800095a6 (0xa43f2f23) mem 0x8000b000 0x00000001
core   0: 0x800095aa (0x0000bfe5) c.j     pc - 8
core   0: 3 0x800095aa (0xbfe5)
core   0: 0x800095a2 (0x00002f17) auipc   t5, 0x2
core   0: 3 0x800095a2 (0x00002f17) x30 0x8000b5a2
core   0: 0x800095a6 (0xa43f2f23) sw      gp, -1442(t5)
core   0: 3 0x800095a6 (0xa43f2f23) mem 0x8000b000 0x00000001
core   0: 0x800095aa (0x0000bfe5) c.j     pc - 8
core   0: 3 0x800095aa (0xbfe5)
core   0: 0x800095a2 (0x00002f17) auipc   t5, 0x2
core   0: 3 0x800095a2 (0x00002f17) x30 0x8000b5a2
core   0: 0x800095a6 (0xa43f2f23) sw      gp, -1442(t5)
core   0: 3 0x800095a6 (0xa43f2f23) mem 0x8000b000 0x00000001
core   0: 0x800095aa (0x0000bfe5) c.j     pc - 8
core   0: 3 0x800095aa (0xbfe5)
core   0: 0x800095a2 (0x00002f17) auipc   t5, 0x2
core   0: 3 0x800095a2 (0x00002f17) x30 0x8000b5a2
core   0: 0x800095a6 (0xa43f2f23) sw      gp, -1442(t5)
core   0: 3 0x800095a6 (0xa43f2f23) mem 0x8000b000 0x00000001
core   0: 0x800095aa (0x0000bfe5) c.j     pc - 8
core   0: 3 0x800095aa (0xbfe5)
core   0: 0x800095a2 (0x00002f17) auipc   t5, 0x2
core   0: 3 0x800095a2 (0x00002f17) x30 0x8000b5a2
core   0: 0x800095a6 (0xa43f2f23) sw      gp, -1442(t5)
core   0: 3 0x800095a6 (0xa43f2f23) mem 0x8000b000 0x00000001
core   0: 0x800095aa (0x0000bfe5) c.j     pc - 8
core   0: 3 0x800095aa (0xbfe5)
core   0: 0x800095a2 (0x00002f17) auipc   t5, 0x2
core   0: 3 0x800095a2 (0x00002f17) x30 0x8000b5a2
core   0: 0x800095a6 (0xa43f2f23) sw      gp, -1442(t5)
core   0: 3 0x800095a6 (0xa43f2f23) mem 0x8000b000 0x00000001
core   0: 0x800095aa (0x0000bfe5) c.j     pc - 8
core   0: 3 0x800095aa (0xbfe5)
core   0: 0x800095a2 (0x00002f17) auipc   t5, 0x2
core   0: 3 0x800095a2 (0x00002f17) x30 0x8000b5a2
core   0: 0x800095a6 (0xa43f2f23) sw      gp, -1442(t5)
core   0: 3 0x800095a6 (0xa43f2f23) mem 0x8000b000 0x00000001
core   0: 0x800095aa (0x0000bfe5) c.j     pc - 8
core   0: 3 0x800095aa (0xbfe5)
core   0: 0x800095a2 (0x00002f17) auipc   t5, 0x2
core   0: 3 0x800095a2 (0x00002f17) x30 0x8000b5a2
core   0: 0x800095a6 (0xa43f2f23) sw      gp, -1442(t5)
core   0: 3 0x800095a6 (0xa43f2f23) mem 0x8000b000 0x00000001
core   0: 0x800095aa (0x0000bfe5) c.j     pc - 8
core   0: 3 0x800095aa (0xbfe5)
core   0: 0x800095a2 (0x00002f17) auipc   t5, 0x2
core   0: 3 0x800095a2 (0x00002f17) x30 0x8000b5a2
core   0: 0x800095a6 (0xa43f2f23) sw      gp, -1442(t5)
core   0: 3 0x800095a6 (0xa43f2f23) mem 0x8000b000 0x00000001
core   0: 0x800095aa (0x0000bfe5) c.j     pc - 8
core   0: 3 0x800095aa (0xbfe5)
core   0: 0x800095a2 (0x00002f17) auipc   t5, 0x2
core   0: 3 0x800095a2 (0x00002f17) x30 0x8000b5a2
core   0: 0x800095a6 (0xa43f2f23) sw      gp, -1442(t5)
core   0: 3 0x800095a6 (0xa43f2f23) mem 0x8000b000 0x00000001
core   0: 0x800095aa (0x0000bfe5) c.j     pc - 8
core   0: 3 0x800095aa (0xbfe5)
core   0: 0x800095a2 (0x00002f17) auipc   t5, 0x2
core   0: 3 0x800095a2 (0x00002f17) x30 0x8000b5a2
core   0: 0x800095a6 (0xa43f2f23) sw      gp, -1442(t5)
core   0: 3 0x800095a6 (0xa43f2f23) mem 0x8000b000 0x00000001
core   0: 0x800095aa (0x0000bfe5) c.j     pc - 8
core   0: 3 0x800095aa (0xbfe5)
core   0: 0x800095a2 (0x00002f17) auipc   t5, 0x2
core   0: 3 0x800095a2 (0x00002f17) x30 0x8000b5a2
core   0: 0x800095a6 (0xa43f2f23) sw      gp, -1442(t5)
core   0: 3 0x800095a6 (0xa43f2f23) mem 0x8000b000 0x00000001
core   0: 0x800095aa (0x0000bfe5) c.j     pc - 8
core   0: 3 0x800095aa (0xbfe5)
core   0: 0x800095a2 (0x00002f17) auipc   t5, 0x2
core   0: 3 0x800095a2 (0x00002f17) x30 0x8000b5a2
core   0: 0x800095a6 (0xa43f2f23) sw      gp, -1442(t5)
core   0: 3 0x800095a6 (0xa43f2f23) mem 0x8000b000 0x00000001
core   0: 0x800095aa (0x0000bfe5) c.j     pc - 8
core   0: 3 0x800095aa (0xbfe5)
core   0: 0x800095a2 (0x00002f17) auipc   t5, 0x2
core   0: 3 0x800095a2 (0x00002f17) x30 0x8000b5a2
core   0: 0x800095a6 (0xa43f2f23) sw      gp, -1442(t5)
core   0: 3 0x800095a6 (0xa43f2f23) mem 0x8000b000 0x00000001
core   0: 0x800095aa (0x0000bfe5) c.j     pc - 8
core   0: 3 0x800095aa (0xbfe5)
core   0: 0x800095a2 (0x00002f17) auipc   t5, 0x2
core   0: 3 0x800095a2 (0x00002f17) x30 0x8000b5a2
core   0: 0x800095a6 (0xa43f2f23) sw      gp, -1442(t5)
core   0: 3 0x800095a6 (0xa43f2f23) mem 0x8000b000 0x00000001
core   0: 0x800095aa (0x0000bfe5) c.j     pc - 8
core   0: 3 0x800095aa (0xbfe5)
core   0: 0x800095a2 (0x00002f17) auipc   t5, 0x2
core   0: 3 0x800095a2 (0x00002f17) x30 0x8000b5a2
core   0: 0x800095a6 (0xa43f2f23) sw      gp, -1442(t5)
core   0: 3 0x800095a6 (0xa43f2f23) mem 0x8000b000 0x00000001
core   0: 0x800095aa (0x0000bfe5) c.j     pc - 8
core   0: 3 0x800095aa (0xbfe5)
core   0: 0x800095a2 (0x00002f17) auipc   t5, 0x2
core   0: 3 0x800095a2 (0x00002f17) x30 0x8000b5a2
core   0: 0x800095a6 (0xa43f2f23) sw      gp, -1442(t5)
core   0: 3 0x800095a6 (0xa43f2f23) mem 0x8000b000 0x00000001
core   0: 0x800095aa (0x0000bfe5) c.j     pc - 8
core   0: 3 0x800095aa (0xbfe5)
core   0: 0x800095a2 (0x00002f17) auipc   t5, 0x2
core   0: 3 0x800095a2 (0x00002f17) x30 0x8000b5a2
core   0: 0x800095a6 (0xa43f2f23) sw      gp, -1442(t5)
core   0: 3 0x800095a6 (0xa43f2f23) mem 0x8000b000 0x00000001
core   0: 0x800095aa (0x0000bfe5) c.j     pc - 8
core   0: 3 0x800095aa (0xbfe5)
core   0: 0x800095a2 (0x00002f17) auipc   t5, 0x2
core   0: 3 0x800095a2 (0x00002f17) x30 0x8000b5a2
core   0: 0x800095a6 (0xa43f2f23) sw      gp, -1442(t5)
core   0: 3 0x800095a6 (0xa43f2f23) mem 0x8000b000 0x00000001
core   0: 0x800095aa (0x0000bfe5) c.j     pc - 8
core   0: 3 0x800095aa (0xbfe5)
core   0: 0x800095a2 (0x00002f17) auipc   t5, 0x2
core   0: 3 0x800095a2 (0x00002f17) x30 0x8000b5a2
core   0: 0x800095a6 (0xa43f2f23) sw      gp, -1442(t5)
core   0: 3 0x800095a6 (0xa43f2f23) mem 0x8000b000 0x00000001
core   0: 0x800095aa (0x0000bfe5) c.j     pc - 8
core   0: 3 0x800095aa (0xbfe5)
core   0: 0x800095a2 (0x00002f17) auipc   t5, 0x2
core   0: 3 0x800095a2 (0x00002f17) x30 0x8000b5a2
core   0: 0x800095a6 (0xa43f2f23) sw      gp, -1442(t5)
core   0: 3 0x800095a6 (0xa43f2f23) mem 0x8000b000 0x00000001
core   0: 0x800095aa (0x0000bfe5) c.j     pc - 8
core   0: 3 0x800095aa (0xbfe5)
core   0: 0x800095a2 (0x00002f17) auipc   t5, 0x2
core   0: 3 0x800095a2 (0x00002f17) x30 0x8000b5a2
core   0: 0x800095a6 (0xa43f2f23) sw      gp, -1442(t5)
core   0: 3 0x800095a6 (0xa43f2f23) mem 0x8000b000 0x00000001
core   0: 0x800095aa (0x0000bfe5) c.j     pc - 8
core   0: 3 0x800095aa (0xbfe5)
core   0: 0x800095a2 (0x00002f17) auipc   t5, 0x2
core   0: 3 0x800095a2 (0x00002f17) x30 0x8000b5a2
core   0: 0x800095a6 (0xa43f2f23) sw      gp, -1442(t5)
core   0: 3 0x800095a6 (0xa43f2f23) mem 0x8000b000 0x00000001
core   0: 0x800095aa (0x0000bfe5) c.j     pc - 8
core   0: 3 0x800095aa (0xbfe5)
core   0: 0x800095a2 (0x00002f17) auipc   t5, 0x2
core   0: 3 0x800095a2 (0x00002f17) x30 0x8000b5a2
core   0: 0x800095a6 (0xa43f2f23) sw      gp, -1442(t5)
core   0: 3 0x800095a6 (0xa43f2f23) mem 0x8000b000 0x00000001
core   0: 0x800095aa (0x0000bfe5) c.j     pc - 8
core   0: 3 0x800095aa (0xbfe5)
core   0: 0x800095a2 (0x00002f17) auipc   t5, 0x2
core   0: 3 0x800095a2 (0x00002f17) x30 0x8000b5a2
core   0: 0x800095a6 (0xa43f2f23) sw      gp, -1442(t5)
core   0: 3 0x800095a6 (0xa43f2f23) mem 0x8000b000 0x00000001
core   0: 0x800095aa (0x0000bfe5) c.j     pc - 8
core   0: 3 0x800095aa (0xbfe5)
core   0: 0x800095a2 (0x00002f17) auipc   t5, 0x2
core   0: 3 0x800095a2 (0x00002f17) x30 0x8000b5a2
core   0: 0x800095a6 (0xa43f2f23) sw      gp, -1442(t5)
core   0: 3 0x800095a6 (0xa43f2f23) mem 0x8000b000 0x00000001
core   0: 0x800095aa (0x0000bfe5) c.j     pc - 8
core   0: 3 0x800095aa (0xbfe5)
core   0: 0x800095a2 (0x00002f17) auipc   t5, 0x2
core   0: 3 0x800095a2 (0x00002f17) x30 0x8000b5a2
core   0: 0x800095a6 (0xa43f2f23) sw      gp, -1442(t5)
core   0: 3 0x800095a6 (0xa43f2f23) mem 0x8000b000 0x00000001
core   0: 0x800095aa (0x0000bfe5) c.j     pc - 8
core   0: 3 0x800095aa (0xbfe5)
core   0: 0x800095a2 (0x00002f17) auipc   t5, 0x2
core   0: 3 0x800095a2 (0x00002f17) x30 0x8000b5a2
core   0: 0x800095a6 (0xa43f2f23) sw      gp, -1442(t5)
core   0: 3 0x800095a6 (0xa43f2f23) mem 0x8000b000 0x00000001
core   0: 0x800095aa (0x0000bfe5) c.j     pc - 8
core   0: 3 0x800095aa (0xbfe5)
core   0: 0x800095a2 (0x00002f17) auipc   t5, 0x2
core   0: 3 0x800095a2 (0x00002f17) x30 0x8000b5a2
core   0: 0x800095a6 (0xa43f2f23) sw      gp, -1442(t5)
core   0: 3 0x800095a6 (0xa43f2f23) mem 0x8000b000 0x00000001
core   0: 0x800095aa (0x0000bfe5) c.j     pc - 8
core   0: 3 0x800095aa (0xbfe5)
core   0: 0x800095a2 (0x00002f17) auipc   t5, 0x2
core   0: 3 0x800095a2 (0x00002f17) x30 0x8000b5a2
core   0: 0x800095a6 (0xa43f2f23) sw      gp, -1442(t5)
core   0: 3 0x800095a6 (0xa43f2f23) mem 0x8000b000 0x00000001
core   0: 0x800095aa (0x0000bfe5) c.j     pc - 8
core   0: 3 0x800095aa (0xbfe5)
core   0: 0x800095a2 (0x00002f17) auipc   t5, 0x2
core   0: 3 0x800095a2 (0x00002f17) x30 0x8000b5a2
core   0: 0x800095a6 (0xa43f2f23) sw      gp, -1442(t5)
core   0: 3 0x800095a6 (0xa43f2f23) mem 0x8000b000 0x00000001
core   0: 0x800095aa (0x0000bfe5) c.j     pc - 8
core   0: 3 0x800095aa (0xbfe5)
core   0: 0x800095a2 (0x00002f17) auipc   t5, 0x2
core   0: 3 0x800095a2 (0x00002f17) x30 0x8000b5a2
core   0: 0x800095a6 (0xa43f2f23) sw      gp, -1442(t5)
core   0: 3 0x800095a6 (0xa43f2f23) mem 0x8000b000 0x00000001
core   0: 0x800095aa (0x0000bfe5) c.j     pc - 8
core   0: 3 0x800095aa (0xbfe5)
core   0: 0x800095a2 (0x00002f17) auipc   t5, 0x2
core   0: 3 0x800095a2 (0x00002f17) x30 0x8000b5a2
core   0: 0x800095a6 (0xa43f2f23) sw      gp, -1442(t5)
core   0: 3 0x800095a6 (0xa43f2f23) mem 0x8000b000 0x00000001
core   0: 0x800095aa (0x0000bfe5) c.j     pc - 8
core   0: 3 0x800095aa (0xbfe5)
core   0: 0x800095a2 (0x00002f17) auipc   t5, 0x2
core   0: 3 0x800095a2 (0x00002f17) x30 0x8000b5a2
core   0: 0x800095a6 (0xa43f2f23) sw      gp, -1442(t5)
core   0: 3 0x800095a6 (0xa43f2f23) mem 0x8000b000 0x00000001
core   0: 0x800095aa (0x0000bfe5) c.j     pc - 8
core   0: 3 0x800095aa (0xbfe5)
core   0: 0x800095a2 (0x00002f17) auipc   t5, 0x2
core   0: 3 0x800095a2 (0x00002f17) x30 0x8000b5a2
core   0: 0x800095a6 (0xa43f2f23) sw      gp, -1442(t5)
core   0: 3 0x800095a6 (0xa43f2f23) mem 0x8000b000 0x00000001
core   0: 0x800095aa (0x0000bfe5) c.j     pc - 8
core   0: 3 0x800095aa (0xbfe5)
core   0: 0x800095a2 (0x00002f17) auipc   t5, 0x2
core   0: 3 0x800095a2 (0x00002f17) x30 0x8000b5a2
core   0: 0x800095a6 (0xa43f2f23) sw      gp, -1442(t5)
core   0: 3 0x800095a6 (0xa43f2f23) mem 0x8000b000 0x00000001
core   0: 0x800095aa (0x0000bfe5) c.j     pc - 8
core   0: 3 0x800095aa (0xbfe5)
core   0: 0x800095a2 (0x00002f17) auipc   t5, 0x2
core   0: 3 0x800095a2 (0x00002f17) x30 0x8000b5a2
core   0: 0x800095a6 (0xa43f2f23) sw      gp, -1442(t5)
core   0: 3 0x800095a6 (0xa43f2f23) mem 0x8000b000 0x00000001
core   0: 0x800095aa (0x0000bfe5) c.j     pc - 8
core   0: 3 0x800095aa (0xbfe5)
core   0: 0x800095a2 (0x00002f17) auipc   t5, 0x2
core   0: 3 0x800095a2 (0x00002f17) x30 0x8000b5a2
core   0: 0x800095a6 (0xa43f2f23) sw      gp, -1442(t5)
core   0: 3 0x800095a6 (0xa43f2f23) mem 0x8000b000 0x00000001
core   0: 0x800095aa (0x0000bfe5) c.j     pc - 8
core   0: 3 0x800095aa (0xbfe5)
core   0: 0x800095a2 (0x00002f17) auipc   t5, 0x2
core   0: 3 0x800095a2 (0x00002f17) x30 0x8000b5a2
core   0: 0x800095a6 (0xa43f2f23) sw      gp, -1442(t5)
core   0: 3 0x800095a6 (0xa43f2f23) mem 0x8000b000 0x00000001
core   0: 0x800095aa (0x0000bfe5) c.j     pc - 8
core   0: 3 0x800095aa (0xbfe5)
core   0: 0x800095a2 (0x00002f17) auipc   t5, 0x2
core   0: 3 0x800095a2 (0x00002f17) x30 0x8000b5a2
core   0: 0x800095a6 (0xa43f2f23) sw      gp, -1442(t5)
core   0: 3 0x800095a6 (0xa43f2f23) mem 0x8000b000 0x00000001
core   0: 0x800095aa (0x0000bfe5) c.j     pc - 8
core   0: 3 0x800095aa (0xbfe5)
core   0: 0x800095a2 (0x00002f17) auipc   t5, 0x2
core   0: 3 0x800095a2 (0x00002f17) x30 0x8000b5a2
core   0: 0x800095a6 (0xa43f2f23) sw      gp, -1442(t5)
core   0: 3 0x800095a6 (0xa43f2f23) mem 0x8000b000 0x00000001
core   0: 0x800095aa (0x0000bfe5) c.j     pc - 8
core   0: 3 0x800095aa (0xbfe5)
core   0: 0x800095a2 (0x00002f17) auipc   t5, 0x2
core   0: 3 0x800095a2 (0x00002f17) x30 0x8000b5a2
core   0: 0x800095a6 (0xa43f2f23) sw      gp, -1442(t5)
core   0: 3 0x800095a6 (0xa43f2f23) mem 0x8000b000 0x00000001
core   0: 0x800095aa (0x0000bfe5) c.j     pc - 8
core   0: 3 0x800095aa (0xbfe5)
core   0: 0x800095a2 (0x00002f17) auipc   t5, 0x2
core   0: 3 0x800095a2 (0x00002f17) x30 0x8000b5a2
core   0: 0x800095a6 (0xa43f2f23) sw      gp, -1442(t5)
core   0: 3 0x800095a6 (0xa43f2f23) mem 0x8000b000 0x00000001
core   0: 0x800095aa (0x0000bfe5) c.j     pc - 8
core   0: 3 0x800095aa (0xbfe5)
core   0: 0x800095a2 (0x00002f17) auipc   t5, 0x2
core   0: 3 0x800095a2 (0x00002f17) x30 0x8000b5a2
core   0: 0x800095a6 (0xa43f2f23) sw      gp, -1442(t5)
core   0: 3 0x800095a6 (0xa43f2f23) mem 0x8000b000 0x00000001
core   0: 0x800095aa (0x0000bfe5) c.j     pc - 8
core   0: 3 0x800095aa (0xbfe5)
core   0: 0x800095a2 (0x00002f17) auipc   t5, 0x2
core   0: 3 0x800095a2 (0x00002f17) x30 0x8000b5a2
core   0: 0x800095a6 (0xa43f2f23) sw      gp, -1442(t5)
core   0: 3 0x800095a6 (0xa43f2f23) mem 0x8000b000 0x00000001
core   0: 0x800095aa (0x0000bfe5) c.j     pc - 8
core   0: 3 0x800095aa (0xbfe5)
core   0: 0x800095a2 (0x00002f17) auipc   t5, 0x2
core   0: 3 0x800095a2 (0x00002f17) x30 0x8000b5a2
core   0: 0x800095a6 (0xa43f2f23) sw      gp, -1442(t5)
core   0: 3 0x800095a6 (0xa43f2f23) mem 0x8000b000 0x00000001
core   0: 0x800095aa (0x0000bfe5) c.j     pc - 8
core   0: 3 0x800095aa (0xbfe5)
core   0: 0x800095a2 (0x00002f17) auipc   t5, 0x2
core   0: 3 0x800095a2 (0x00002f17) x30 0x8000b5a2
core   0: 0x800095a6 (0xa43f2f23) sw      gp, -1442(t5)
core   0: 3 0x800095a6 (0xa43f2f23) mem 0x8000b000 0x00000001
core   0: 0x800095aa (0x0000bfe5) c.j     pc - 8
core   0: 3 0x800095aa (0xbfe5)
core   0: 0x800095a2 (0x00002f17) auipc   t5, 0x2
core   0: 3 0x800095a2 (0x00002f17) x30 0x8000b5a2
core   0: 0x800095a6 (0xa43f2f23) sw      gp, -1442(t5)
core   0: 3 0x800095a6 (0xa43f2f23) mem 0x8000b000 0x00000001
core   0: 0x800095aa (0x0000bfe5) c.j     pc - 8
core   0: 3 0x800095aa (0xbfe5)
core   0: 0x800095a2 (0x00002f17) auipc   t5, 0x2
core   0: 3 0x800095a2 (0x00002f17) x30 0x8000b5a2
core   0: 0x800095a6 (0xa43f2f23) sw      gp, -1442(t5)
core   0: 3 0x800095a6 (0xa43f2f23) mem 0x8000b000 0x00000001
core   0: 0x800095aa (0x0000bfe5) c.j     pc - 8
core   0: 3 0x800095aa (0xbfe5)
core   0: 0x800095a2 (0x00002f17) auipc   t5, 0x2
core   0: 3 0x800095a2 (0x00002f17) x30 0x8000b5a2
core   0: 0x800095a6 (0xa43f2f23) sw      gp, -1442(t5)
core   0: 3 0x800095a6 (0xa43f2f23) mem 0x8000b000 0x00000001
core   0: 0x800095aa (0x0000bfe5) c.j     pc - 8
core   0: 3 0x800095aa (0xbfe5)
core   0: 0x800095a2 (0x00002f17) auipc   t5, 0x2
core   0: 3 0x800095a2 (0x00002f17) x30 0x8000b5a2
core   0: 0x800095a6 (0xa43f2f23) sw      gp, -1442(t5)
core   0: 3 0x800095a6 (0xa43f2f23) mem 0x8000b000 0x00000001
core   0: 0x800095aa (0x0000bfe5) c.j     pc - 8
core   0: 3 0x800095aa (0xbfe5)
core   0: 0x800095a2 (0x00002f17) auipc   t5, 0x2
core   0: 3 0x800095a2 (0x00002f17) x30 0x8000b5a2
core   0: 0x800095a6 (0xa43f2f23) sw      gp, -1442(t5)
core   0: 3 0x800095a6 (0xa43f2f23) mem 0x8000b000 0x00000001
core   0: 0x800095aa (0x0000bfe5) c.j     pc - 8
core   0: 3 0x800095aa (0xbfe5)
core   0: 0x800095a2 (0x00002f17) auipc   t5, 0x2
core   0: 3 0x800095a2 (0x00002f17) x30 0x8000b5a2
core   0: 0x800095a6 (0xa43f2f23) sw      gp, -1442(t5)
core   0: 3 0x800095a6 (0xa43f2f23) mem 0x8000b000 0x00000001
core   0: 0x800095aa (0x0000bfe5) c.j     pc - 8
core   0: 3 0x800095aa (0xbfe5)
core   0: 0x800095a2 (0x00002f17) auipc   t5, 0x2
core   0: 3 0x800095a2 (0x00002f17) x30 0x8000b5a2
core   0: 0x800095a6 (0xa43f2f23) sw      gp, -1442(t5)
core   0: 3 0x800095a6 (0xa43f2f23) mem 0x8000b000 0x00000001
core   0: 0x800095aa (0x0000bfe5) c.j     pc - 8
core   0: 3 0x800095aa (0xbfe5)
core   0: 0x800095a2 (0x00002f17) auipc   t5, 0x2
core   0: 3 0x800095a2 (0x00002f17) x30 0x8000b5a2
core   0: 0x800095a6 (0xa43f2f23) sw      gp, -1442(t5)
core   0: 3 0x800095a6 (0xa43f2f23) mem 0x8000b000 0x00000001
core   0: 0x800095aa (0x0000bfe5) c.j     pc - 8
core   0: 3 0x800095aa (0xbfe5)
core   0: 0x800095a2 (0x00002f17) auipc   t5, 0x2
core   0: 3 0x800095a2 (0x00002f17) x30 0x8000b5a2
core   0: 0x800095a6 (0xa43f2f23) sw      gp, -1442(t5)
core   0: 3 0x800095a6 (0xa43f2f23) mem 0x8000b000 0x00000001
core   0: 0x800095aa (0x0000bfe5) c.j     pc - 8
core   0: 3 0x800095aa (0xbfe5)
core   0: 0x800095a2 (0x00002f17) auipc   t5, 0x2
core   0: 3 0x800095a2 (0x00002f17) x30 0x8000b5a2
core   0: 0x800095a6 (0xa43f2f23) sw      gp, -1442(t5)
core   0: 3 0x800095a6 (0xa43f2f23) mem 0x8000b000 0x00000001
core   0: 0x800095aa (0x0000bfe5) c.j     pc - 8
core   0: 3 0x800095aa (0xbfe5)
core   0: 0x800095a2 (0x00002f17) auipc   t5, 0x2
core   0: 3 0x800095a2 (0x00002f17) x30 0x8000b5a2
core   0: 0x800095a6 (0xa43f2f23) sw      gp, -1442(t5)
core   0: 3 0x800095a6 (0xa43f2f23) mem 0x8000b000 0x00000001
core   0: 0x800095aa (0x0000bfe5) c.j     pc - 8
core   0: 3 0x800095aa (0xbfe5)
core   0: 0x800095a2 (0x00002f17) auipc   t5, 0x2
core   0: 3 0x800095a2 (0x00002f17) x30 0x8000b5a2
core   0: 0x800095a6 (0xa43f2f23) sw      gp, -1442(t5)
core   0: 3 0x800095a6 (0xa43f2f23) mem 0x8000b000 0x00000001
core   0: 0x800095aa (0x0000bfe5) c.j     pc - 8
core   0: 3 0x800095aa (0xbfe5)
core   0: 0x800095a2 (0x00002f17) auipc   t5, 0x2
core   0: 3 0x800095a2 (0x00002f17) x30 0x8000b5a2
core   0: 0x800095a6 (0xa43f2f23) sw      gp, -1442(t5)
core   0: 3 0x800095a6 (0xa43f2f23) mem 0x8000b000 0x00000001
core   0: 0x800095aa (0x0000bfe5) c.j     pc - 8
core   0: 3 0x800095aa (0xbfe5)
core   0: 0x800095a2 (0x00002f17) auipc   t5, 0x2
core   0: 3 0x800095a2 (0x00002f17) x30 0x8000b5a2
core   0: 0x800095a6 (0xa43f2f23) sw      gp, -1442(t5)
core   0: 3 0x800095a6 (0xa43f2f23) mem 0x8000b000 0x00000001
core   0: 0x800095aa (0x0000bfe5) c.j     pc - 8
core   0: 3 0x800095aa (0xbfe5)
core   0: 0x800095a2 (0x00002f17) auipc   t5, 0x2
core   0: 3 0x800095a2 (0x00002f17) x30 0x8000b5a2
core   0: 0x800095a6 (0xa43f2f23) sw      gp, -1442(t5)
core   0: 3 0x800095a6 (0xa43f2f23) mem 0x8000b000 0x00000001
core   0: 0x800095aa (0x0000bfe5) c.j     pc - 8
core   0: 3 0x800095aa (0xbfe5)
core   0: 0x800095a2 (0x00002f17) auipc   t5, 0x2
core   0: 3 0x800095a2 (0x00002f17) x30 0x8000b5a2
core   0: 0x800095a6 (0xa43f2f23) sw      gp, -1442(t5)
core   0: 3 0x800095a6 (0xa43f2f23) mem 0x8000b000 0x00000001
core   0: 0x800095aa (0x0000bfe5) c.j     pc - 8
core   0: 3 0x800095aa (0xbfe5)
core   0: 0x800095a2 (0x00002f17) auipc   t5, 0x2
core   0: 3 0x800095a2 (0x00002f17) x30 0x8000b5a2
core   0: 0x800095a6 (0xa43f2f23) sw      gp, -1442(t5)
core   0: 3 0x800095a6 (0xa43f2f23) mem 0x8000b000 0x00000001
core   0: 0x800095aa (0x0000bfe5) c.j     pc - 8
core   0: 3 0x800095aa (0xbfe5)
core   0: 0x800095a2 (0x00002f17) auipc   t5, 0x2
core   0: 3 0x800095a2 (0x00002f17) x30 0x8000b5a2
core   0: 0x800095a6 (0xa43f2f23) sw      gp, -1442(t5)
core   0: 3 0x800095a6 (0xa43f2f23) mem 0x8000b000 0x00000001
core   0: 0x800095aa (0x0000bfe5) c.j     pc - 8
core   0: 3 0x800095aa (0xbfe5)
core   0: 0x800095a2 (0x00002f17) auipc   t5, 0x2
core   0: 3 0x800095a2 (0x00002f17) x30 0x8000b5a2
core   0: 0x800095a6 (0xa43f2f23) sw      gp, -1442(t5)
core   0: 3 0x800095a6 (0xa43f2f23) mem 0x8000b000 0x00000001
core   0: 0x800095aa (0x0000bfe5) c.j     pc - 8
core   0: 3 0x800095aa (0xbfe5)
core   0: 0x800095a2 (0x00002f17) auipc   t5, 0x2
core   0: 3 0x800095a2 (0x00002f17) x30 0x8000b5a2
core   0: 0x800095a6 (0xa43f2f23) sw      gp, -1442(t5)
core   0: 3 0x800095a6 (0xa43f2f23) mem 0x8000b000 0x00000001
core   0: 0x800095aa (0x0000bfe5) c.j     pc - 8
core   0: 3 0x800095aa (0xbfe5)
core   0: 0x800095a2 (0x00002f17) auipc   t5, 0x2
core   0: 3 0x800095a2 (0x00002f17) x30 0x8000b5a2
core   0: 0x800095a6 (0xa43f2f23) sw      gp, -1442(t5)
core   0: 3 0x800095a6 (0xa43f2f23) mem 0x8000b000 0x00000001
core   0: 0x800095aa (0x0000bfe5) c.j     pc - 8
core   0: 3 0x800095aa (0xbfe5)
core   0: 0x800095a2 (0x00002f17) auipc   t5, 0x2
core   0: 3 0x800095a2 (0x00002f17) x30 0x8000b5a2
core   0: 0x800095a6 (0xa43f2f23) sw      gp, -1442(t5)
core   0: 3 0x800095a6 (0xa43f2f23) mem 0x8000b000 0x00000001
core   0: 0x800095aa (0x0000bfe5) c.j     pc - 8
core   0: 3 0x800095aa (0xbfe5)
core   0: 0x800095a2 (0x00002f17) auipc   t5, 0x2
core   0: 3 0x800095a2 (0x00002f17) x30 0x8000b5a2
core   0: 0x800095a6 (0xa43f2f23) sw      gp, -1442(t5)
core   0: 3 0x800095a6 (0xa43f2f23) mem 0x8000b000 0x00000001
core   0: 0x800095aa (0x0000bfe5) c.j     pc - 8
core   0: 3 0x800095aa (0xbfe5)
core   0: 0x800095a2 (0x00002f17) auipc   t5, 0x2
core   0: 3 0x800095a2 (0x00002f17) x30 0x8000b5a2
core   0: 0x800095a6 (0xa43f2f23) sw      gp, -1442(t5)
core   0: 3 0x800095a6 (0xa43f2f23) mem 0x8000b000 0x00000001
core   0: 0x800095aa (0x0000bfe5) c.j     pc - 8
core   0: 3 0x800095aa (0xbfe5)
core   0: 0x800095a2 (0x00002f17) auipc   t5, 0x2
core   0: 3 0x800095a2 (0x00002f17) x30 0x8000b5a2
core   0: 0x800095a6 (0xa43f2f23) sw      gp, -1442(t5)
core   0: 3 0x800095a6 (0xa43f2f23) mem 0x8000b000 0x00000001
core   0: 0x800095aa (0x0000bfe5) c.j     pc - 8
core   0: 3 0x800095aa (0xbfe5)
core   0: 0x800095a2 (0x00002f17) auipc   t5, 0x2
core   0: 3 0x800095a2 (0x00002f17) x30 0x8000b5a2
core   0: 0x800095a6 (0xa43f2f23) sw      gp, -1442(t5)
core   0: 3 0x800095a6 (0xa43f2f23) mem 0x8000b000 0x00000001
core   0: 0x800095aa (0x0000bfe5) c.j     pc - 8
core   0: 3 0x800095aa (0xbfe5)
core   0: 0x800095a2 (0x00002f17) auipc   t5, 0x2
core   0: 3 0x800095a2 (0x00002f17) x30 0x8000b5a2
core   0: 0x800095a6 (0xa43f2f23) sw      gp, -1442(t5)
core   0: 3 0x800095a6 (0xa43f2f23) mem 0x8000b000 0x00000001
core   0: 0x800095aa (0x0000bfe5) c.j     pc - 8
core   0: 3 0x800095aa (0xbfe5)
core   0: 0x800095a2 (0x00002f17) auipc   t5, 0x2
core   0: 3 0x800095a2 (0x00002f17) x30 0x8000b5a2
core   0: 0x800095a6 (0xa43f2f23) sw      gp, -1442(t5)
core   0: 3 0x800095a6 (0xa43f2f23) mem 0x8000b000 0x00000001
core   0: 0x800095aa (0x0000bfe5) c.j     pc - 8
core   0: 3 0x800095aa (0xbfe5)
core   0: 0x800095a2 (0x00002f17) auipc   t5, 0x2
core   0: 3 0x800095a2 (0x00002f17) x30 0x8000b5a2
core   0: 0x800095a6 (0xa43f2f23) sw      gp, -1442(t5)
core   0: 3 0x800095a6 (0xa43f2f23) mem 0x8000b000 0x00000001
core   0: 0x800095aa (0x0000bfe5) c.j     pc - 8
core   0: 3 0x800095aa (0xbfe5)
core   0: 0x800095a2 (0x00002f17) auipc   t5, 0x2
core   0: 3 0x800095a2 (0x00002f17) x30 0x8000b5a2
core   0: 0x800095a6 (0xa43f2f23) sw      gp, -1442(t5)
core   0: 3 0x800095a6 (0xa43f2f23) mem 0x8000b000 0x00000001
core   0: 0x800095aa (0x0000bfe5) c.j     pc - 8
core   0: 3 0x800095aa (0xbfe5)
core   0: 0x800095a2 (0x00002f17) auipc   t5, 0x2
core   0: 3 0x800095a2 (0x00002f17) x30 0x8000b5a2
core   0: 0x800095a6 (0xa43f2f23) sw      gp, -1442(t5)
core   0: 3 0x800095a6 (0xa43f2f23) mem 0x8000b000 0x00000001
core   0: 0x800095aa (0x0000bfe5) c.j     pc - 8
core   0: 3 0x800095aa (0xbfe5)
core   0: 0x800095a2 (0x00002f17) auipc   t5, 0x2
core   0: 3 0x800095a2 (0x00002f17) x30 0x8000b5a2
core   0: 0x800095a6 (0xa43f2f23) sw      gp, -1442(t5)
core   0: 3 0x800095a6 (0xa43f2f23) mem 0x8000b000 0x00000001
core   0: 0x800095aa (0x0000bfe5) c.j     pc - 8
core   0: 3 0x800095aa (0xbfe5)
core   0: 0x800095a2 (0x00002f17) auipc   t5, 0x2
core   0: 3 0x800095a2 (0x00002f17) x30 0x8000b5a2
core   0: 0x800095a6 (0xa43f2f23) sw      gp, -1442(t5)
core   0: 3 0x800095a6 (0xa43f2f23) mem 0x8000b000 0x00000001
core   0: 0x800095aa (0x0000bfe5) c.j     pc - 8
core   0: 3 0x800095aa (0xbfe5)
core   0: 0x800095a2 (0x00002f17) auipc   t5, 0x2
core   0: 3 0x800095a2 (0x00002f17) x30 0x8000b5a2
core   0: 0x800095a6 (0xa43f2f23) sw      gp, -1442(t5)
core   0: 3 0x800095a6 (0xa43f2f23) mem 0x8000b000 0x00000001
core   0: 0x800095aa (0x0000bfe5) c.j     pc - 8
core   0: 3 0x800095aa (0xbfe5)
core   0: 0x800095a2 (0x00002f17) auipc   t5, 0x2
core   0: 3 0x800095a2 (0x00002f17) x30 0x8000b5a2
core   0: 0x800095a6 (0xa43f2f23) sw      gp, -1442(t5)
core   0: 3 0x800095a6 (0xa43f2f23) mem 0x8000b000 0x00000001
core   0: 0x800095aa (0x0000bfe5) c.j     pc - 8
core   0: 3 0x800095aa (0xbfe5)
core   0: 0x800095a2 (0x00002f17) auipc   t5, 0x2
core   0: 3 0x800095a2 (0x00002f17) x30 0x8000b5a2
core   0: 0x800095a6 (0xa43f2f23) sw      gp, -1442(t5)
core   0: 3 0x800095a6 (0xa43f2f23) mem 0x8000b000 0x00000001
core   0: 0x800095aa (0x0000bfe5) c.j     pc - 8
core   0: 3 0x800095aa (0xbfe5)
core   0: 0x800095a2 (0x00002f17) auipc   t5, 0x2
core   0: 3 0x800095a2 (0x00002f17) x30 0x8000b5a2
core   0: 0x800095a6 (0xa43f2f23) sw      gp, -1442(t5)
core   0: 3 0x800095a6 (0xa43f2f23) mem 0x8000b000 0x00000001
core   0: 0x800095aa (0x0000bfe5) c.j     pc - 8
core   0: 3 0x800095aa (0xbfe5)
core   0: 0x800095a2 (0x00002f17) auipc   t5, 0x2
core   0: 3 0x800095a2 (0x00002f17) x30 0x8000b5a2
core   0: 0x800095a6 (0xa43f2f23) sw      gp, -1442(t5)
core   0: 3 0x800095a6 (0xa43f2f23) mem 0x8000b000 0x00000001
core   0: 0x800095aa (0x0000bfe5) c.j     pc - 8
core   0: 3 0x800095aa (0xbfe5)
core   0: 0x800095a2 (0x00002f17) auipc   t5, 0x2
core   0: 3 0x800095a2 (0x00002f17) x30 0x8000b5a2
core   0: 0x800095a6 (0xa43f2f23) sw      gp, -1442(t5)
core   0: 3 0x800095a6 (0xa43f2f23) mem 0x8000b000 0x00000001
core   0: 0x800095aa (0x0000bfe5) c.j     pc - 8
core   0: 3 0x800095aa (0xbfe5)
core   0: 0x800095a2 (0x00002f17) auipc   t5, 0x2
core   0: 3 0x800095a2 (0x00002f17) x30 0x8000b5a2
core   0: 0x800095a6 (0xa43f2f23) sw      gp, -1442(t5)
core   0: 3 0x800095a6 (0xa43f2f23) mem 0x8000b000 0x00000001
core   0: 0x800095aa (0x0000bfe5) c.j     pc - 8
core   0: 3 0x800095aa (0xbfe5)
core   0: 0x800095a2 (0x00002f17) auipc   t5, 0x2
core   0: 3 0x800095a2 (0x00002f17) x30 0x8000b5a2
core   0: 0x800095a6 (0xa43f2f23) sw      gp, -1442(t5)
core   0: 3 0x800095a6 (0xa43f2f23) mem 0x8000b000 0x00000001
core   0: 0x800095aa (0x0000bfe5) c.j     pc - 8
core   0: 3 0x800095aa (0xbfe5)
core   0: 0x800095a2 (0x00002f17) auipc   t5, 0x2
core   0: 3 0x800095a2 (0x00002f17) x30 0x8000b5a2
core   0: 0x800095a6 (0xa43f2f23) sw      gp, -1442(t5)
core   0: 3 0x800095a6 (0xa43f2f23) mem 0x8000b000 0x00000001
core   0: 0x800095aa (0x0000bfe5) c.j     pc - 8
core   0: 3 0x800095aa (0xbfe5)
core   0: 0x800095a2 (0x00002f17) auipc   t5, 0x2
core   0: 3 0x800095a2 (0x00002f17) x30 0x8000b5a2
core   0: 0x800095a6 (0xa43f2f23) sw      gp, -1442(t5)
core   0: 3 0x800095a6 (0xa43f2f23) mem 0x8000b000 0x00000001
core   0: 0x800095aa (0x0000bfe5) c.j     pc - 8
core   0: 3 0x800095aa (0xbfe5)
core   0: 0x800095a2 (0x00002f17) auipc   t5, 0x2
core   0: 3 0x800095a2 (0x00002f17) x30 0x8000b5a2
core   0: 0x800095a6 (0xa43f2f23) sw      gp, -1442(t5)
core   0: 3 0x800095a6 (0xa43f2f23) mem 0x8000b000 0x00000001
core   0: 0x800095aa (0x0000bfe5) c.j     pc - 8
core   0: 3 0x800095aa (0xbfe5)
core   0: 0x800095a2 (0x00002f17) auipc   t5, 0x2
core   0: 3 0x800095a2 (0x00002f17) x30 0x8000b5a2
core   0: 0x800095a6 (0xa43f2f23) sw      gp, -1442(t5)
core   0: 3 0x800095a6 (0xa43f2f23) mem 0x8000b000 0x00000001
core   0: 0x800095aa (0x0000bfe5) c.j     pc - 8
core   0: 3 0x800095aa (0xbfe5)
core   0: 0x800095a2 (0x00002f17) auipc   t5, 0x2
core   0: 3 0x800095a2 (0x00002f17) x30 0x8000b5a2
core   0: 0x800095a6 (0xa43f2f23) sw      gp, -1442(t5)
core   0: 3 0x800095a6 (0xa43f2f23) mem 0x8000b000 0x00000001
core   0: 0x800095aa (0x0000bfe5) c.j     pc - 8
core   0: 3 0x800095aa (0xbfe5)
core   0: 0x800095a2 (0x00002f17) auipc   t5, 0x2
core   0: 3 0x800095a2 (0x00002f17) x30 0x8000b5a2
core   0: 0x800095a6 (0xa43f2f23) sw      gp, -1442(t5)
core   0: 3 0x800095a6 (0xa43f2f23) mem 0x8000b000 0x00000001
core   0: 0x800095aa (0x0000bfe5) c.j     pc - 8
core   0: 3 0x800095aa (0xbfe5)
core   0: 0x800095a2 (0x00002f17) auipc   t5, 0x2
core   0: 3 0x800095a2 (0x00002f17) x30 0x8000b5a2
core   0: 0x800095a6 (0xa43f2f23) sw      gp, -1442(t5)
core   0: 3 0x800095a6 (0xa43f2f23) mem 0x8000b000 0x00000001
core   0: 0x800095aa (0x0000bfe5) c.j     pc - 8
core   0: 3 0x800095aa (0xbfe5)
core   0: 0x800095a2 (0x00002f17) auipc   t5, 0x2
core   0: 3 0x800095a2 (0x00002f17) x30 0x8000b5a2
core   0: 0x800095a6 (0xa43f2f23) sw      gp, -1442(t5)
core   0: 3 0x800095a6 (0xa43f2f23) mem 0x8000b000 0x00000001
core   0: 0x800095aa (0x0000bfe5) c.j     pc - 8
core   0: 3 0x800095aa (0xbfe5)
core   0: 0x800095a2 (0x00002f17) auipc   t5, 0x2
core   0: 3 0x800095a2 (0x00002f17) x30 0x8000b5a2
core   0: 0x800095a6 (0xa43f2f23) sw      gp, -1442(t5)
core   0: 3 0x800095a6 (0xa43f2f23) mem 0x8000b000 0x00000001
core   0: 0x800095aa (0x0000bfe5) c.j     pc - 8
core   0: 3 0x800095aa (0xbfe5)
core   0: 0x800095a2 (0x00002f17) auipc   t5, 0x2
core   0: 3 0x800095a2 (0x00002f17) x30 0x8000b5a2
core   0: 0x800095a6 (0xa43f2f23) sw      gp, -1442(t5)
core   0: 3 0x800095a6 (0xa43f2f23) mem 0x8000b000 0x00000001
core   0: 0x800095aa (0x0000bfe5) c.j     pc - 8
core   0: 3 0x800095aa (0xbfe5)
core   0: 0x800095a2 (0x00002f17) auipc   t5, 0x2
core   0: 3 0x800095a2 (0x00002f17) x30 0x8000b5a2
core   0: 0x800095a6 (0xa43f2f23) sw      gp, -1442(t5)
core   0: 3 0x800095a6 (0xa43f2f23) mem 0x8000b000 0x00000001
core   0: 0x800095aa (0x0000bfe5) c.j     pc - 8
core   0: 3 0x800095aa (0xbfe5)
core   0: 0x800095a2 (0x00002f17) auipc   t5, 0x2
core   0: 3 0x800095a2 (0x00002f17) x30 0x8000b5a2
core   0: 0x800095a6 (0xa43f2f23) sw      gp, -1442(t5)
core   0: 3 0x800095a6 (0xa43f2f23) mem 0x8000b000 0x00000001
core   0: 0x800095aa (0x0000bfe5) c.j     pc - 8
core   0: 3 0x800095aa (0xbfe5)
core   0: 0x800095a2 (0x00002f17) auipc   t5, 0x2
core   0: 3 0x800095a2 (0x00002f17) x30 0x8000b5a2
core   0: 0x800095a6 (0xa43f2f23) sw      gp, -1442(t5)
core   0: 3 0x800095a6 (0xa43f2f23) mem 0x8000b000 0x00000001
core   0: 0x800095aa (0x0000bfe5) c.j     pc - 8
core   0: 3 0x800095aa (0xbfe5)
core   0: 0x800095a2 (0x00002f17) auipc   t5, 0x2
core   0: 3 0x800095a2 (0x00002f17) x30 0x8000b5a2
core   0: 0x800095a6 (0xa43f2f23) sw      gp, -1442(t5)
core   0: 3 0x800095a6 (0xa43f2f23) mem 0x8000b000 0x00000001
core   0: 0x800095aa (0x0000bfe5) c.j     pc - 8
core   0: 3 0x800095aa (0xbfe5)
core   0: 0x800095a2 (0x00002f17) auipc   t5, 0x2
core   0: 3 0x800095a2 (0x00002f17) x30 0x8000b5a2
core   0: 0x800095a6 (0xa43f2f23) sw      gp, -1442(t5)
core   0: 3 0x800095a6 (0xa43f2f23) mem 0x8000b000 0x00000001
core   0: 0x800095aa (0x0000bfe5) c.j     pc - 8
core   0: 3 0x800095aa (0xbfe5)
core   0: 0x800095a2 (0x00002f17) auipc   t5, 0x2
core   0: 3 0x800095a2 (0x00002f17) x30 0x8000b5a2
core   0: 0x800095a6 (0xa43f2f23) sw      gp, -1442(t5)
core   0: 3 0x800095a6 (0xa43f2f23) mem 0x8000b000 0x00000001
core   0: 0x800095aa (0x0000bfe5) c.j     pc - 8
core   0: 3 0x800095aa (0xbfe5)
core   0: 0x800095a2 (0x00002f17) auipc   t5, 0x2
core   0: 3 0x800095a2 (0x00002f17) x30 0x8000b5a2
core   0: 0x800095a6 (0xa43f2f23) sw      gp, -1442(t5)
core   0: 3 0x800095a6 (0xa43f2f23) mem 0x8000b000 0x00000001
core   0: 0x800095aa (0x0000bfe5) c.j     pc - 8
core   0: 3 0x800095aa (0xbfe5)
core   0: 0x800095a2 (0x00002f17) auipc   t5, 0x2
core   0: 3 0x800095a2 (0x00002f17) x30 0x8000b5a2
core   0: 0x800095a6 (0xa43f2f23) sw      gp, -1442(t5)
core   0: 3 0x800095a6 (0xa43f2f23) mem 0x8000b000 0x00000001
core   0: 0x800095aa (0x0000bfe5) c.j     pc - 8
core   0: 3 0x800095aa (0xbfe5)
core   0: 0x800095a2 (0x00002f17) auipc   t5, 0x2
core   0: 3 0x800095a2 (0x00002f17) x30 0x8000b5a2
core   0: 0x800095a6 (0xa43f2f23) sw      gp, -1442(t5)
core   0: 3 0x800095a6 (0xa43f2f23) mem 0x8000b000 0x00000001
core   0: 0x800095aa (0x0000bfe5) c.j     pc - 8
core   0: 3 0x800095aa (0xbfe5)
core   0: 0x800095a2 (0x00002f17) auipc   t5, 0x2
core   0: 3 0x800095a2 (0x00002f17) x30 0x8000b5a2
core   0: 0x800095a6 (0xa43f2f23) sw      gp, -1442(t5)
core   0: 3 0x800095a6 (0xa43f2f23) mem 0x8000b000 0x00000001
core   0: 0x800095aa (0x0000bfe5) c.j     pc - 8
core   0: 3 0x800095aa (0xbfe5)
core   0: 0x800095a2 (0x00002f17) auipc   t5, 0x2
core   0: 3 0x800095a2 (0x00002f17) x30 0x8000b5a2
core   0: 0x800095a6 (0xa43f2f23) sw      gp, -1442(t5)
core   0: 3 0x800095a6 (0xa43f2f23) mem 0x8000b000 0x00000001
core   0: 0x800095aa (0x0000bfe5) c.j     pc - 8
core   0: 3 0x800095aa (0xbfe5)
core   0: 0x800095a2 (0x00002f17) auipc   t5, 0x2
core   0: 3 0x800095a2 (0x00002f17) x30 0x8000b5a2
core   0: 0x800095a6 (0xa43f2f23) sw      gp, -1442(t5)
core   0: 3 0x800095a6 (0xa43f2f23) mem 0x8000b000 0x00000001
core   0: 0x800095aa (0x0000bfe5) c.j     pc - 8
core   0: 3 0x800095aa (0xbfe5)
core   0: 0x800095a2 (0x00002f17) auipc   t5, 0x2
core   0: 3 0x800095a2 (0x00002f17) x30 0x8000b5a2
core   0: 0x800095a6 (0xa43f2f23) sw      gp, -1442(t5)
core   0: 3 0x800095a6 (0xa43f2f23) mem 0x8000b000 0x00000001
core   0: 0x800095aa (0x0000bfe5) c.j     pc - 8
core   0: 3 0x800095aa (0xbfe5)
core   0: 0x800095a2 (0x00002f17) auipc   t5, 0x2
core   0: 3 0x800095a2 (0x00002f17) x30 0x8000b5a2
core   0: 0x800095a6 (0xa43f2f23) sw      gp, -1442(t5)
core   0: 3 0x800095a6 (0xa43f2f23) mem 0x8000b000 0x00000001
core   0: 0x800095aa (0x0000bfe5) c.j     pc - 8
core   0: 3 0x800095aa (0xbfe5)
core   0: 0x800095a2 (0x00002f17) auipc   t5, 0x2
core   0: 3 0x800095a2 (0x00002f17) x30 0x8000b5a2
core   0: 0x800095a6 (0xa43f2f23) sw      gp, -1442(t5)
core   0: 3 0x800095a6 (0xa43f2f23) mem 0x8000b000 0x00000001
core   0: 0x800095aa (0x0000bfe5) c.j     pc - 8
core   0: 3 0x800095aa (0xbfe5)
core   0: 0x800095a2 (0x00002f17) auipc   t5, 0x2
core   0: 3 0x800095a2 (0x00002f17) x30 0x8000b5a2
core   0: 0x800095a6 (0xa43f2f23) sw      gp, -1442(t5)
core   0: 3 0x800095a6 (0xa43f2f23) mem 0x8000b000 0x00000001
core   0: 0x800095aa (0x0000bfe5) c.j     pc - 8
core   0: 3 0x800095aa (0xbfe5)
core   0: 0x800095a2 (0x00002f17) auipc   t5, 0x2
core   0: 3 0x800095a2 (0x00002f17) x30 0x8000b5a2
core   0: 0x800095a6 (0xa43f2f23) sw      gp, -1442(t5)
core   0: 3 0x800095a6 (0xa43f2f23) mem 0x8000b000 0x00000001
core   0: 0x800095aa (0x0000bfe5) c.j     pc - 8
core   0: 3 0x800095aa (0xbfe5)
core   0: 0x800095a2 (0x00002f17) auipc   t5, 0x2
core   0: 3 0x800095a2 (0x00002f17) x30 0x8000b5a2
core   0: 0x800095a6 (0xa43f2f23) sw      gp, -1442(t5)
core   0: 3 0x800095a6 (0xa43f2f23) mem 0x8000b000 0x00000001
core   0: 0x800095aa (0x0000bfe5) c.j     pc - 8
core   0: 3 0x800095aa (0xbfe5)
core   0: 0x800095a2 (0x00002f17) auipc   t5, 0x2
core   0: 3 0x800095a2 (0x00002f17) x30 0x8000b5a2
core   0: 0x800095a6 (0xa43f2f23) sw      gp, -1442(t5)
core   0: 3 0x800095a6 (0xa43f2f23) mem 0x8000b000 0x00000001
core   0: 0x800095aa (0x0000bfe5) c.j     pc - 8
core   0: 3 0x800095aa (0xbfe5)
core   0: 0x800095a2 (0x00002f17) auipc   t5, 0x2
core   0: 3 0x800095a2 (0x00002f17) x30 0x8000b5a2
core   0: 0x800095a6 (0xa43f2f23) sw      gp, -1442(t5)
core   0: 3 0x800095a6 (0xa43f2f23) mem 0x8000b000 0x00000001
core   0: 0x800095aa (0x0000bfe5) c.j     pc - 8
core   0: 3 0x800095aa (0xbfe5)
core   0: 0x800095a2 (0x00002f17) auipc   t5, 0x2
core   0: 3 0x800095a2 (0x00002f17) x30 0x8000b5a2
core   0: 0x800095a6 (0xa43f2f23) sw      gp, -1442(t5)
core   0: 3 0x800095a6 (0xa43f2f23) mem 0x8000b000 0x00000001
core   0: 0x800095aa (0x0000bfe5) c.j     pc - 8
core   0: 3 0x800095aa (0xbfe5)
core   0: 0x800095a2 (0x00002f17) auipc   t5, 0x2
core   0: 3 0x800095a2 (0x00002f17) x30 0x8000b5a2
core   0: 0x800095a6 (0xa43f2f23) sw      gp, -1442(t5)
core   0: 3 0x800095a6 (0xa43f2f23) mem 0x8000b000 0x00000001
core   0: 0x800095aa (0x0000bfe5) c.j     pc - 8
core   0: 3 0x800095aa (0xbfe5)
core   0: 0x800095a2 (0x00002f17) auipc   t5, 0x2
core   0: 3 0x800095a2 (0x00002f17) x30 0x8000b5a2
core   0: 0x800095a6 (0xa43f2f23) sw      gp, -1442(t5)
core   0: 3 0x800095a6 (0xa43f2f23) mem 0x8000b000 0x00000001
core   0: 0x800095aa (0x0000bfe5) c.j     pc - 8
core   0: 3 0x800095aa (0xbfe5)
core   0: 0x800095a2 (0x00002f17) auipc   t5, 0x2
core   0: 3 0x800095a2 (0x00002f17) x30 0x8000b5a2
core   0: 0x800095a6 (0xa43f2f23) sw      gp, -1442(t5)
core   0: 3 0x800095a6 (0xa43f2f23) mem 0x8000b000 0x00000001
core   0: 0x800095aa (0x0000bfe5) c.j     pc - 8
core   0: 3 0x800095aa (0xbfe5)
core   0: 0x800095a2 (0x00002f17) auipc   t5, 0x2
core   0: 3 0x800095a2 (0x00002f17) x30 0x8000b5a2
core   0: 0x800095a6 (0xa43f2f23) sw      gp, -1442(t5)
core   0: 3 0x800095a6 (0xa43f2f23) mem 0x8000b000 0x00000001
core   0: 0x800095aa (0x0000bfe5) c.j     pc - 8
core   0: 3 0x800095aa (0xbfe5)
core   0: 0x800095a2 (0x00002f17) auipc   t5, 0x2
core   0: 3 0x800095a2 (0x00002f17) x30 0x8000b5a2
core   0: 0x800095a6 (0xa43f2f23) sw      gp, -1442(t5)
core   0: 3 0x800095a6 (0xa43f2f23) mem 0x8000b000 0x00000001
core   0: 0x800095aa (0x0000bfe5) c.j     pc - 8
core   0: 3 0x800095aa (0xbfe5)
core   0: 0x800095a2 (0x00002f17) auipc   t5, 0x2
core   0: 3 0x800095a2 (0x00002f17) x30 0x8000b5a2
core   0: 0x800095a6 (0xa43f2f23) sw      gp, -1442(t5)
core   0: 3 0x800095a6 (0xa43f2f23) mem 0x8000b000 0x00000001
core   0: 0x800095aa (0x0000bfe5) c.j     pc - 8
core   0: 3 0x800095aa (0xbfe5)
core   0: 0x800095a2 (0x00002f17) auipc   t5, 0x2
core   0: 3 0x800095a2 (0x00002f17) x30 0x8000b5a2
core   0: 0x800095a6 (0xa43f2f23) sw      gp, -1442(t5)
core   0: 3 0x800095a6 (0xa43f2f23) mem 0x8000b000 0x00000001
core   0: 0x800095aa (0x0000bfe5) c.j     pc - 8
core   0: 3 0x800095aa (0xbfe5)
core   0: 0x800095a2 (0x00002f17) auipc   t5, 0x2
core   0: 3 0x800095a2 (0x00002f17) x30 0x8000b5a2
core   0: 0x800095a6 (0xa43f2f23) sw      gp, -1442(t5)
core   0: 3 0x800095a6 (0xa43f2f23) mem 0x8000b000 0x00000001
core   0: 0x800095aa (0x0000bfe5) c.j     pc - 8
core   0: 3 0x800095aa (0xbfe5)
core   0: 0x800095a2 (0x00002f17) auipc   t5, 0x2
core   0: 3 0x800095a2 (0x00002f17) x30 0x8000b5a2
core   0: 0x800095a6 (0xa43f2f23) sw      gp, -1442(t5)
core   0: 3 0x800095a6 (0xa43f2f23) mem 0x8000b000 0x00000001
core   0: 0x800095aa (0x0000bfe5) c.j     pc - 8
core   0: 3 0x800095aa (0xbfe5)
core   0: 0x800095a2 (0x00002f17) auipc   t5, 0x2
core   0: 3 0x800095a2 (0x00002f17) x30 0x8000b5a2
core   0: 0x800095a6 (0xa43f2f23) sw      gp, -1442(t5)
core   0: 3 0x800095a6 (0xa43f2f23) mem 0x8000b000 0x00000001
core   0: 0x800095aa (0x0000bfe5) c.j     pc - 8
core   0: 3 0x800095aa (0xbfe5)
core   0: 0x800095a2 (0x00002f17) auipc   t5, 0x2
core   0: 3 0x800095a2 (0x00002f17) x30 0x8000b5a2
core   0: 0x800095a6 (0xa43f2f23) sw      gp, -1442(t5)
core   0: 3 0x800095a6 (0xa43f2f23) mem 0x8000b000 0x00000001
core   0: 0x800095aa (0x0000bfe5) c.j     pc - 8
core   0: 3 0x800095aa (0xbfe5)
core   0: 0x800095a2 (0x00002f17) auipc   t5, 0x2
core   0: 3 0x800095a2 (0x00002f17) x30 0x8000b5a2
core   0: 0x800095a6 (0xa43f2f23) sw      gp, -1442(t5)
core   0: 3 0x800095a6 (0xa43f2f23) mem 0x8000b000 0x00000001
core   0: 0x800095aa (0x0000bfe5) c.j     pc - 8
core   0: 3 0x800095aa (0xbfe5)
core   0: 0x800095a2 (0x00002f17) auipc   t5, 0x2
core   0: 3 0x800095a2 (0x00002f17) x30 0x8000b5a2
core   0: 0x800095a6 (0xa43f2f23) sw      gp, -1442(t5)
core   0: 3 0x800095a6 (0xa43f2f23) mem 0x8000b000 0x00000001
core   0: 0x800095aa (0x0000bfe5) c.j     pc - 8
core   0: 3 0x800095aa (0xbfe5)
core   0: 0x800095a2 (0x00002f17) auipc   t5, 0x2
core   0: 3 0x800095a2 (0x00002f17) x30 0x8000b5a2
core   0: 0x800095a6 (0xa43f2f23) sw      gp, -1442(t5)
core   0: 3 0x800095a6 (0xa43f2f23) mem 0x8000b000 0x00000001
core   0: 0x800095aa (0x0000bfe5) c.j     pc - 8
core   0: 3 0x800095aa (0xbfe5)
core   0: 0x800095a2 (0x00002f17) auipc   t5, 0x2
core   0: 3 0x800095a2 (0x00002f17) x30 0x8000b5a2
core   0: 0x800095a6 (0xa43f2f23) sw      gp, -1442(t5)
core   0: 3 0x800095a6 (0xa43f2f23) mem 0x8000b000 0x00000001
core   0: 0x800095aa (0x0000bfe5) c.j     pc - 8
core   0: 3 0x800095aa (0xbfe5)
core   0: 0x800095a2 (0x00002f17) auipc   t5, 0x2
core   0: 3 0x800095a2 (0x00002f17) x30 0x8000b5a2
core   0: 0x800095a6 (0xa43f2f23) sw      gp, -1442(t5)
core   0: 3 0x800095a6 (0xa43f2f23) mem 0x8000b000 0x00000001
core   0: 0x800095aa (0x0000bfe5) c.j     pc - 8
core   0: 3 0x800095aa (0xbfe5)
core   0: 0x800095a2 (0x00002f17) auipc   t5, 0x2
core   0: 3 0x800095a2 (0x00002f17) x30 0x8000b5a2
core   0: 0x800095a6 (0xa43f2f23) sw      gp, -1442(t5)
core   0: 3 0x800095a6 (0xa43f2f23) mem 0x8000b000 0x00000001
core   0: 0x800095aa (0x0000bfe5) c.j     pc - 8
core   0: 3 0x800095aa (0xbfe5)
core   0: 0x800095a2 (0x00002f17) auipc   t5, 0x2
core   0: 3 0x800095a2 (0x00002f17) x30 0x8000b5a2
core   0: 0x800095a6 (0xa43f2f23) sw      gp, -1442(t5)
core   0: 3 0x800095a6 (0xa43f2f23) mem 0x8000b000 0x00000001
core   0: 0x800095aa (0x0000bfe5) c.j     pc - 8
core   0: 3 0x800095aa (0xbfe5)
core   0: 0x800095a2 (0x00002f17) auipc   t5, 0x2
core   0: 3 0x800095a2 (0x00002f17) x30 0x8000b5a2
core   0: 0x800095a6 (0xa43f2f23) sw      gp, -1442(t5)
core   0: 3 0x800095a6 (0xa43f2f23) mem 0x8000b000 0x00000001
core   0: 0x800095aa (0x0000bfe5) c.j     pc - 8
core   0: 3 0x800095aa (0xbfe5)
core   0: 0x800095a2 (0x00002f17) auipc   t5, 0x2
core   0: 3 0x800095a2 (0x00002f17) x30 0x8000b5a2
core   0: 0x800095a6 (0xa43f2f23) sw      gp, -1442(t5)
core   0: 3 0x800095a6 (0xa43f2f23) mem 0x8000b000 0x00000001
core   0: 0x800095aa (0x0000bfe5) c.j     pc - 8
core   0: 3 0x800095aa (0xbfe5)
core   0: 0x800095a2 (0x00002f17) auipc   t5, 0x2
core   0: 3 0x800095a2 (0x00002f17) x30 0x8000b5a2
core   0: 0x800095a6 (0xa43f2f23) sw      gp, -1442(t5)
core   0: 3 0x800095a6 (0xa43f2f23) mem 0x8000b000 0x00000001
core   0: 0x800095aa (0x0000bfe5) c.j     pc - 8
core   0: 3 0x800095aa (0xbfe5)
core   0: 0x800095a2 (0x00002f17) auipc   t5, 0x2
core   0: 3 0x800095a2 (0x00002f17) x30 0x8000b5a2
core   0: 0x800095a6 (0xa43f2f23) sw      gp, -1442(t5)
core   0: 3 0x800095a6 (0xa43f2f23) mem 0x8000b000 0x00000001
core   0: 0x800095aa (0x0000bfe5) c.j     pc - 8
core   0: 3 0x800095aa (0xbfe5)
core   0: 0x800095a2 (0x00002f17) auipc   t5, 0x2
core   0: 3 0x800095a2 (0x00002f17) x30 0x8000b5a2
core   0: 0x800095a6 (0xa43f2f23) sw      gp, -1442(t5)
core   0: 3 0x800095a6 (0xa43f2f23) mem 0x8000b000 0x00000001
core   0: 0x800095aa (0x0000bfe5) c.j     pc - 8
core   0: 3 0x800095aa (0xbfe5)
core   0: 0x800095a2 (0x00002f17) auipc   t5, 0x2
core   0: 3 0x800095a2 (0x00002f17) x30 0x8000b5a2
core   0: 0x800095a6 (0xa43f2f23) sw      gp, -1442(t5)
core   0: 3 0x800095a6 (0xa43f2f23) mem 0x8000b000 0x00000001
core   0: 0x800095aa (0x0000bfe5) c.j     pc - 8
core   0: 3 0x800095aa (0xbfe5)
core   0: 0x800095a2 (0x00002f17) auipc   t5, 0x2
core   0: 3 0x800095a2 (0x00002f17) x30 0x8000b5a2
core   0: 0x800095a6 (0xa43f2f23) sw      gp, -1442(t5)
core   0: 3 0x800095a6 (0xa43f2f23) mem 0x8000b000 0x00000001
core   0: 0x800095aa (0x0000bfe5) c.j     pc - 8
core   0: 3 0x800095aa (0xbfe5)
core   0: 0x800095a2 (0x00002f17) auipc   t5, 0x2
core   0: 3 0x800095a2 (0x00002f17) x30 0x8000b5a2
core   0: 0x800095a6 (0xa43f2f23) sw      gp, -1442(t5)
core   0: 3 0x800095a6 (0xa43f2f23) mem 0x8000b000 0x00000001
core   0: 0x800095aa (0x0000bfe5) c.j     pc - 8
core   0: 3 0x800095aa (0xbfe5)
core   0: 0x800095a2 (0x00002f17) auipc   t5, 0x2
core   0: 3 0x800095a2 (0x00002f17) x30 0x8000b5a2
core   0: 0x800095a6 (0xa43f2f23) sw      gp, -1442(t5)
core   0: 3 0x800095a6 (0xa43f2f23) mem 0x8000b000 0x00000001
core   0: 0x800095aa (0x0000bfe5) c.j     pc - 8
core   0: 3 0x800095aa (0xbfe5)
core   0: 0x800095a2 (0x00002f17) auipc   t5, 0x2
core   0: 3 0x800095a2 (0x00002f17) x30 0x8000b5a2
core   0: 0x800095a6 (0xa43f2f23) sw      gp, -1442(t5)
core   0: 3 0x800095a6 (0xa43f2f23) mem 0x8000b000 0x00000001
core   0: 0x800095aa (0x0000bfe5) c.j     pc - 8
core   0: 3 0x800095aa (0xbfe5)
core   0: 0x800095a2 (0x00002f17) auipc   t5, 0x2
core   0: 3 0x800095a2 (0x00002f17) x30 0x8000b5a2
core   0: 0x800095a6 (0xa43f2f23) sw      gp, -1442(t5)
core   0: 3 0x800095a6 (0xa43f2f23) mem 0x8000b000 0x00000001
core   0: 0x800095aa (0x0000bfe5) c.j     pc - 8
core   0: 3 0x800095aa (0xbfe5)
core   0: 0x800095a2 (0x00002f17) auipc   t5, 0x2
core   0: 3 0x800095a2 (0x00002f17) x30 0x8000b5a2
core   0: 0x800095a6 (0xa43f2f23) sw      gp, -1442(t5)
core   0: 3 0x800095a6 (0xa43f2f23) mem 0x8000b000 0x00000001
core   0: 0x800095aa (0x0000bfe5) c.j     pc - 8
core   0: 3 0x800095aa (0xbfe5)
core   0: 0x800095a2 (0x00002f17) auipc   t5, 0x2
core   0: 3 0x800095a2 (0x00002f17) x30 0x8000b5a2
core   0: 0x800095a6 (0xa43f2f23) sw      gp, -1442(t5)
core   0: 3 0x800095a6 (0xa43f2f23) mem 0x8000b000 0x00000001
core   0: 0x800095aa (0x0000bfe5) c.j     pc - 8
core   0: 3 0x800095aa (0xbfe5)
core   0: 0x800095a2 (0x00002f17) auipc   t5, 0x2
core   0: 3 0x800095a2 (0x00002f17) x30 0x8000b5a2
core   0: 0x800095a6 (0xa43f2f23) sw      gp, -1442(t5)
core   0: 3 0x800095a6 (0xa43f2f23) mem 0x8000b000 0x00000001
core   0: 0x800095aa (0x0000bfe5) c.j     pc - 8
core   0: 3 0x800095aa (0xbfe5)
core   0: 0x800095a2 (0x00002f17) auipc   t5, 0x2
core   0: 3 0x800095a2 (0x00002f17) x30 0x8000b5a2
core   0: 0x800095a6 (0xa43f2f23) sw      gp, -1442(t5)
core   0: 3 0x800095a6 (0xa43f2f23) mem 0x8000b000 0x00000001
core   0: 0x800095aa (0x0000bfe5) c.j     pc - 8
core   0: 3 0x800095aa (0xbfe5)
core   0: 0x800095a2 (0x00002f17) auipc   t5, 0x2
core   0: 3 0x800095a2 (0x00002f17) x30 0x8000b5a2
core   0: 0x800095a6 (0xa43f2f23) sw      gp, -1442(t5)
core   0: 3 0x800095a6 (0xa43f2f23) mem 0x8000b000 0x00000001
core   0: 0x800095aa (0x0000bfe5) c.j     pc - 8
core   0: 3 0x800095aa (0xbfe5)
core   0: 0x800095a2 (0x00002f17) auipc   t5, 0x2
core   0: 3 0x800095a2 (0x00002f17) x30 0x8000b5a2
core   0: 0x800095a6 (0xa43f2f23) sw      gp, -1442(t5)
core   0: 3 0x800095a6 (0xa43f2f23) mem 0x8000b000 0x00000001
core   0: 0x800095aa (0x0000bfe5) c.j     pc - 8
core   0: 3 0x800095aa (0xbfe5)
core   0: 0x800095a2 (0x00002f17) auipc   t5, 0x2
core   0: 3 0x800095a2 (0x00002f17) x30 0x8000b5a2
core   0: 0x800095a6 (0xa43f2f23) sw      gp, -1442(t5)
core   0: 3 0x800095a6 (0xa43f2f23) mem 0x8000b000 0x00000001
core   0: 0x800095aa (0x0000bfe5) c.j     pc - 8
core   0: 3 0x800095aa (0xbfe5)
core   0: 0x800095a2 (0x00002f17) auipc   t5, 0x2
core   0: 3 0x800095a2 (0x00002f17) x30 0x8000b5a2
core   0: 0x800095a6 (0xa43f2f23) sw      gp, -1442(t5)
core   0: 3 0x800095a6 (0xa43f2f23) mem 0x8000b000 0x00000001
core   0: 0x800095aa (0x0000bfe5) c.j     pc - 8
core   0: 3 0x800095aa (0xbfe5)
core   0: 0x800095a2 (0x00002f17) auipc   t5, 0x2
core   0: 3 0x800095a2 (0x00002f17) x30 0x8000b5a2
core   0: 0x800095a6 (0xa43f2f23) sw      gp, -1442(t5)
core   0: 3 0x800095a6 (0xa43f2f23) mem 0x8000b000 0x00000001
core   0: 0x800095aa (0x0000bfe5) c.j     pc - 8
core   0: 3 0x800095aa (0xbfe5)
core   0: 0x800095a2 (0x00002f17) auipc   t5, 0x2
core   0: 3 0x800095a2 (0x00002f17) x30 0x8000b5a2
core   0: 0x800095a6 (0xa43f2f23) sw      gp, -1442(t5)
core   0: 3 0x800095a6 (0xa43f2f23) mem 0x8000b000 0x00000001
core   0: 0x800095aa (0x0000bfe5) c.j     pc - 8
core   0: 3 0x800095aa (0xbfe5)
core   0: 0x800095a2 (0x00002f17) auipc   t5, 0x2
core   0: 3 0x800095a2 (0x00002f17) x30 0x8000b5a2
core   0: 0x800095a6 (0xa43f2f23) sw      gp, -1442(t5)
core   0: 3 0x800095a6 (0xa43f2f23) mem 0x8000b000 0x00000001
core   0: 0x800095aa (0x0000bfe5) c.j     pc - 8
core   0: 3 0x800095aa (0xbfe5)
core   0: 0x800095a2 (0x00002f17) auipc   t5, 0x2
core   0: 3 0x800095a2 (0x00002f17) x30 0x8000b5a2
core   0: 0x800095a6 (0xa43f2f23) sw      gp, -1442(t5)
core   0: 3 0x800095a6 (0xa43f2f23) mem 0x8000b000 0x00000001
core   0: 0x800095aa (0x0000bfe5) c.j     pc - 8
core   0: 3 0x800095aa (0xbfe5)
core   0: 0x800095a2 (0x00002f17) auipc   t5, 0x2
core   0: 3 0x800095a2 (0x00002f17) x30 0x8000b5a2
core   0: 0x800095a6 (0xa43f2f23) sw      gp, -1442(t5)
core   0: 3 0x800095a6 (0xa43f2f23) mem 0x8000b000 0x00000001
core   0: 0x800095aa (0x0000bfe5) c.j     pc - 8
core   0: 3 0x800095aa (0xbfe5)
core   0: 0x800095a2 (0x00002f17) auipc   t5, 0x2
core   0: 3 0x800095a2 (0x00002f17) x30 0x8000b5a2
core   0: 0x800095a6 (0xa43f2f23) sw      gp, -1442(t5)
core   0: 3 0x800095a6 (0xa43f2f23) mem 0x8000b000 0x00000001
core   0: 0x800095aa (0x0000bfe5) c.j     pc - 8
core   0: 3 0x800095aa (0xbfe5)
core   0: 0x800095a2 (0x00002f17) auipc   t5, 0x2
core   0: 3 0x800095a2 (0x00002f17) x30 0x8000b5a2
core   0: 0x800095a6 (0xa43f2f23) sw      gp, -1442(t5)
core   0: 3 0x800095a6 (0xa43f2f23) mem 0x8000b000 0x00000001
core   0: 0x800095aa (0x0000bfe5) c.j     pc - 8
core   0: 3 0x800095aa (0xbfe5)
core   0: 0x800095a2 (0x00002f17) auipc   t5, 0x2
core   0: 3 0x800095a2 (0x00002f17) x30 0x8000b5a2
core   0: 0x800095a6 (0xa43f2f23) sw      gp, -1442(t5)
core   0: 3 0x800095a6 (0xa43f2f23) mem 0x8000b000 0x00000001
core   0: 0x800095aa (0x0000bfe5) c.j     pc - 8
core   0: 3 0x800095aa (0xbfe5)
core   0: 0x800095a2 (0x00002f17) auipc   t5, 0x2
core   0: 3 0x800095a2 (0x00002f17) x30 0x8000b5a2
core   0: 0x800095a6 (0xa43f2f23) sw      gp, -1442(t5)
core   0: 3 0x800095a6 (0xa43f2f23) mem 0x8000b000 0x00000001
core   0: 0x800095aa (0x0000bfe5) c.j     pc - 8
core   0: 3 0x800095aa (0xbfe5)
core   0: 0x800095a2 (0x00002f17) auipc   t5, 0x2
core   0: 3 0x800095a2 (0x00002f17) x30 0x8000b5a2
core   0: 0x800095a6 (0xa43f2f23) sw      gp, -1442(t5)
core   0: 3 0x800095a6 (0xa43f2f23) mem 0x8000b000 0x00000001
core   0: 0x800095aa (0x0000bfe5) c.j     pc - 8
core   0: 3 0x800095aa (0xbfe5)
core   0: 0x800095a2 (0x00002f17) auipc   t5, 0x2
core   0: 3 0x800095a2 (0x00002f17) x30 0x8000b5a2
core   0: 0x800095a6 (0xa43f2f23) sw      gp, -1442(t5)
core   0: 3 0x800095a6 (0xa43f2f23) mem 0x8000b000 0x00000001
core   0: 0x800095aa (0x0000bfe5) c.j     pc - 8
core   0: 3 0x800095aa (0xbfe5)
core   0: 0x800095a2 (0x00002f17) auipc   t5, 0x2
core   0: 3 0x800095a2 (0x00002f17) x30 0x8000b5a2
core   0: 0x800095a6 (0xa43f2f23) sw      gp, -1442(t5)
core   0: 3 0x800095a6 (0xa43f2f23) mem 0x8000b000 0x00000001
core   0: 0x800095aa (0x0000bfe5) c.j     pc - 8
core   0: 3 0x800095aa (0xbfe5)
core   0: 0x800095a2 (0x00002f17) auipc   t5, 0x2
core   0: 3 0x800095a2 (0x00002f17) x30 0x8000b5a2
core   0: 0x800095a6 (0xa43f2f23) sw      gp, -1442(t5)
core   0: 3 0x800095a6 (0xa43f2f23) mem 0x8000b000 0x00000001
core   0: 0x800095aa (0x0000bfe5) c.j     pc - 8
core   0: 3 0x800095aa (0xbfe5)
core   0: 0x800095a2 (0x00002f17) auipc   t5, 0x2
core   0: 3 0x800095a2 (0x00002f17) x30 0x8000b5a2
core   0: 0x800095a6 (0xa43f2f23) sw      gp, -1442(t5)
core   0: 3 0x800095a6 (0xa43f2f23) mem 0x8000b000 0x00000001
core   0: 0x800095aa (0x0000bfe5) c.j     pc - 8
core   0: 3 0x800095aa (0xbfe5)
core   0: 0x800095a2 (0x00002f17) auipc   t5, 0x2
core   0: 3 0x800095a2 (0x00002f17) x30 0x8000b5a2
core   0: 0x800095a6 (0xa43f2f23) sw      gp, -1442(t5)
core   0: 3 0x800095a6 (0xa43f2f23) mem 0x8000b000 0x00000001
core   0: 0x800095aa (0x0000bfe5) c.j     pc - 8
core   0: 3 0x800095aa (0xbfe5)
core   0: 0x800095a2 (0x00002f17) auipc   t5, 0x2
core   0: 3 0x800095a2 (0x00002f17) x30 0x8000b5a2
core   0: 0x800095a6 (0xa43f2f23) sw      gp, -1442(t5)
core   0: 3 0x800095a6 (0xa43f2f23) mem 0x8000b000 0x00000001
core   0: 0x800095aa (0x0000bfe5) c.j     pc - 8
core   0: 3 0x800095aa (0xbfe5)
core   0: 0x800095a2 (0x00002f17) auipc   t5, 0x2
core   0: 3 0x800095a2 (0x00002f17) x30 0x8000b5a2
core   0: 0x800095a6 (0xa43f2f23) sw      gp, -1442(t5)
core   0: 3 0x800095a6 (0xa43f2f23) mem 0x8000b000 0x00000001
core   0: 0x800095aa (0x0000bfe5) c.j     pc - 8
core   0: 3 0x800095aa (0xbfe5)
core   0: 0x800095a2 (0x00002f17) auipc   t5, 0x2
core   0: 3 0x800095a2 (0x00002f17) x30 0x8000b5a2
core   0: 0x800095a6 (0xa43f2f23) sw      gp, -1442(t5)
core   0: 3 0x800095a6 (0xa43f2f23) mem 0x8000b000 0x00000001
core   0: 0x800095aa (0x0000bfe5) c.j     pc - 8
core   0: 3 0x800095aa (0xbfe5)
core   0: 0x800095a2 (0x00002f17) auipc   t5, 0x2
core   0: 3 0x800095a2 (0x00002f17) x30 0x8000b5a2
core   0: 0x800095a6 (0xa43f2f23) sw      gp, -1442(t5)
core   0: 3 0x800095a6 (0xa43f2f23) mem 0x8000b000 0x00000001
core   0: 0x800095aa (0x0000bfe5) c.j     pc - 8
core   0: 3 0x800095aa (0xbfe5)
core   0: 0x800095a2 (0x00002f17) auipc   t5, 0x2
core   0: 3 0x800095a2 (0x00002f17) x30 0x8000b5a2
core   0: 0x800095a6 (0xa43f2f23) sw      gp, -1442(t5)
core   0: 3 0x800095a6 (0xa43f2f23) mem 0x8000b000 0x00000001
core   0: 0x800095aa (0x0000bfe5) c.j     pc - 8
core   0: 3 0x800095aa (0xbfe5)
core   0: 0x800095a2 (0x00002f17) auipc   t5, 0x2
core   0: 3 0x800095a2 (0x00002f17) x30 0x8000b5a2
core   0: 0x800095a6 (0xa43f2f23) sw      gp, -1442(t5)
core   0: 3 0x800095a6 (0xa43f2f23) mem 0x8000b000 0x00000001
core   0: 0x800095aa (0x0000bfe5) c.j     pc - 8
core   0: 3 0x800095aa (0xbfe5)
core   0: 0x800095a2 (0x00002f17) auipc   t5, 0x2
core   0: 3 0x800095a2 (0x00002f17) x30 0x8000b5a2
core   0: 0x800095a6 (0xa43f2f23) sw      gp, -1442(t5)
core   0: 3 0x800095a6 (0xa43f2f23) mem 0x8000b000 0x00000001
core   0: 0x800095aa (0x0000bfe5) c.j     pc - 8
core   0: 3 0x800095aa (0xbfe5)
core   0: 0x800095a2 (0x00002f17) auipc   t5, 0x2
core   0: 3 0x800095a2 (0x00002f17) x30 0x8000b5a2
core   0: 0x800095a6 (0xa43f2f23) sw      gp, -1442(t5)
core   0: 3 0x800095a6 (0xa43f2f23) mem 0x8000b000 0x00000001
core   0: 0x800095aa (0x0000bfe5) c.j     pc - 8
core   0: 3 0x800095aa (0xbfe5)
core   0: 0x800095a2 (0x00002f17) auipc   t5, 0x2
core   0: 3 0x800095a2 (0x00002f17) x30 0x8000b5a2
core   0: 0x800095a6 (0xa43f2f23) sw      gp, -1442(t5)
core   0: 3 0x800095a6 (0xa43f2f23) mem 0x8000b000 0x00000001
core   0: 0x800095aa (0x0000bfe5) c.j     pc - 8
core   0: 3 0x800095aa (0xbfe5)
core   0: 0x800095a2 (0x00002f17) auipc   t5, 0x2
core   0: 3 0x800095a2 (0x00002f17) x30 0x8000b5a2
core   0: 0x800095a6 (0xa43f2f23) sw      gp, -1442(t5)
core   0: 3 0x800095a6 (0xa43f2f23) mem 0x8000b000 0x00000001
core   0: 0x800095aa (0x0000bfe5) c.j     pc - 8
core   0: 3 0x800095aa (0xbfe5)
core   0: 0x800095a2 (0x00002f17) auipc   t5, 0x2
core   0: 3 0x800095a2 (0x00002f17) x30 0x8000b5a2
core   0: 0x800095a6 (0xa43f2f23) sw      gp, -1442(t5)
core   0: 3 0x800095a6 (0xa43f2f23) mem 0x8000b000 0x00000001
core   0: 0x800095aa (0x0000bfe5) c.j     pc - 8
core   0: 3 0x800095aa (0xbfe5)
core   0: 0x800095a2 (0x00002f17) auipc   t5, 0x2
core   0: 3 0x800095a2 (0x00002f17) x30 0x8000b5a2
core   0: 0x800095a6 (0xa43f2f23) sw      gp, -1442(t5)
core   0: 3 0x800095a6 (0xa43f2f23) mem 0x8000b000 0x00000001
core   0: 0x800095aa (0x0000bfe5) c.j     pc - 8
core   0: 3 0x800095aa (0xbfe5)
core   0: 0x800095a2 (0x00002f17) auipc   t5, 0x2
core   0: 3 0x800095a2 (0x00002f17) x30 0x8000b5a2
core   0: 0x800095a6 (0xa43f2f23) sw      gp, -1442(t5)
core   0: 3 0x800095a6 (0xa43f2f23) mem 0x8000b000 0x00000001
core   0: 0x800095aa (0x0000bfe5) c.j     pc - 8
core   0: 3 0x800095aa (0xbfe5)
core   0: 0x800095a2 (0x00002f17) auipc   t5, 0x2
core   0: 3 0x800095a2 (0x00002f17) x30 0x8000b5a2
core   0: 0x800095a6 (0xa43f2f23) sw      gp, -1442(t5)
core   0: 3 0x800095a6 (0xa43f2f23) mem 0x8000b000 0x00000001
core   0: 0x800095aa (0x0000bfe5) c.j     pc - 8
core   0: 3 0x800095aa (0xbfe5)
core   0: 0x800095a2 (0x00002f17) auipc   t5, 0x2
core   0: 3 0x800095a2 (0x00002f17) x30 0x8000b5a2
core   0: 0x800095a6 (0xa43f2f23) sw      gp, -1442(t5)
core   0: 3 0x800095a6 (0xa43f2f23) mem 0x8000b000 0x00000001
core   0: 0x800095aa (0x0000bfe5) c.j     pc - 8
core   0: 3 0x800095aa (0xbfe5)
core   0: 0x800095a2 (0x00002f17) auipc   t5, 0x2
core   0: 3 0x800095a2 (0x00002f17) x30 0x8000b5a2
core   0: 0x800095a6 (0xa43f2f23) sw      gp, -1442(t5)
core   0: 3 0x800095a6 (0xa43f2f23) mem 0x8000b000 0x00000001
core   0: 0x800095aa (0x0000bfe5) c.j     pc - 8
core   0: 3 0x800095aa (0xbfe5)
core   0: 0x800095a2 (0x00002f17) auipc   t5, 0x2
core   0: 3 0x800095a2 (0x00002f17) x30 0x8000b5a2
core   0: 0x800095a6 (0xa43f2f23) sw      gp, -1442(t5)
core   0: 3 0x800095a6 (0xa43f2f23) mem 0x8000b000 0x00000001
core   0: 0x800095aa (0x0000bfe5) c.j     pc - 8
core   0: 3 0x800095aa (0xbfe5)
core   0: 0x800095a2 (0x00002f17) auipc   t5, 0x2
core   0: 3 0x800095a2 (0x00002f17) x30 0x8000b5a2
core   0: 0x800095a6 (0xa43f2f23) sw      gp, -1442(t5)
core   0: 3 0x800095a6 (0xa43f2f23) mem 0x8000b000 0x00000001
core   0: 0x800095aa (0x0000bfe5) c.j     pc - 8
core   0: 3 0x800095aa (0xbfe5)
core   0: 0x800095a2 (0x00002f17) auipc   t5, 0x2
core   0: 3 0x800095a2 (0x00002f17) x30 0x8000b5a2
core   0: 0x800095a6 (0xa43f2f23) sw      gp, -1442(t5)
core   0: 3 0x800095a6 (0xa43f2f23) mem 0x8000b000 0x00000001
core   0: 0x800095aa (0x0000bfe5) c.j     pc - 8
core   0: 3 0x800095aa (0xbfe5)
core   0: 0x800095a2 (0x00002f17) auipc   t5, 0x2
core   0: 3 0x800095a2 (0x00002f17) x30 0x8000b5a2
core   0: 0x800095a6 (0xa43f2f23) sw      gp, -1442(t5)
core   0: 3 0x800095a6 (0xa43f2f23) mem 0x8000b000 0x00000001
core   0: 0x800095aa (0x0000bfe5) c.j     pc - 8
core   0: 3 0x800095aa (0xbfe5)
core   0: 0x800095a2 (0x00002f17) auipc   t5, 0x2
core   0: 3 0x800095a2 (0x00002f17) x30 0x8000b5a2
core   0: 0x800095a6 (0xa43f2f23) sw      gp, -1442(t5)
core   0: 3 0x800095a6 (0xa43f2f23) mem 0x8000b000 0x00000001
core   0: 0x800095aa (0x0000bfe5) c.j     pc - 8
core   0: 3 0x800095aa (0xbfe5)
core   0: 0x800095a2 (0x00002f17) auipc   t5, 0x2
core   0: 3 0x800095a2 (0x00002f17) x30 0x8000b5a2
core   0: 0x800095a6 (0xa43f2f23) sw      gp, -1442(t5)
core   0: 3 0x800095a6 (0xa43f2f23) mem 0x8000b000 0x00000001
core   0: 0x800095aa (0x0000bfe5) c.j     pc - 8
core   0: 3 0x800095aa (0xbfe5)
core   0: 0x800095a2 (0x00002f17) auipc   t5, 0x2
core   0: 3 0x800095a2 (0x00002f17) x30 0x8000b5a2
core   0: 0x800095a6 (0xa43f2f23) sw      gp, -1442(t5)
core   0: 3 0x800095a6 (0xa43f2f23) mem 0x8000b000 0x00000001
core   0: 0x800095aa (0x0000bfe5) c.j     pc - 8
core   0: 3 0x800095aa (0xbfe5)
core   0: 0x800095a2 (0x00002f17) auipc   t5, 0x2
core   0: 3 0x800095a2 (0x00002f17) x30 0x8000b5a2
core   0: 0x800095a6 (0xa43f2f23) sw      gp, -1442(t5)
core   0: 3 0x800095a6 (0xa43f2f23) mem 0x8000b000 0x00000001
core   0: 0x800095aa (0x0000bfe5) c.j     pc - 8
core   0: 3 0x800095aa (0xbfe5)
core   0: 0x800095a2 (0x00002f17) auipc   t5, 0x2
core   0: 3 0x800095a2 (0x00002f17) x30 0x8000b5a2
core   0: 0x800095a6 (0xa43f2f23) sw      gp, -1442(t5)
core   0: 3 0x800095a6 (0xa43f2f23) mem 0x8000b000 0x00000001
core   0: 0x800095aa (0x0000bfe5) c.j     pc - 8
core   0: 3 0x800095aa (0xbfe5)
core   0: 0x800095a2 (0x00002f17) auipc   t5, 0x2
core   0: 3 0x800095a2 (0x00002f17) x30 0x8000b5a2
core   0: 0x800095a6 (0xa43f2f23) sw      gp, -1442(t5)
core   0: 3 0x800095a6 (0xa43f2f23) mem 0x8000b000 0x00000001
core   0: 0x800095aa (0x0000bfe5) c.j     pc - 8
core   0: 3 0x800095aa (0xbfe5)
core   0: 0x800095a2 (0x00002f17) auipc   t5, 0x2
core   0: 3 0x800095a2 (0x00002f17) x30 0x8000b5a2
core   0: 0x800095a6 (0xa43f2f23) sw      gp, -1442(t5)
core   0: 3 0x800095a6 (0xa43f2f23) mem 0x8000b000 0x00000001
core   0: 0x800095aa (0x0000bfe5) c.j     pc - 8
core   0: 3 0x800095aa (0xbfe5)
core   0: 0x800095a2 (0x00002f17) auipc   t5, 0x2
core   0: 3 0x800095a2 (0x00002f17) x30 0x8000b5a2
core   0: 0x800095a6 (0xa43f2f23) sw      gp, -1442(t5)
core   0: 3 0x800095a6 (0xa43f2f23) mem 0x8000b000 0x00000001
core   0: 0x800095aa (0x0000bfe5) c.j     pc - 8
core   0: 3 0x800095aa (0xbfe5)
core   0: 0x800095a2 (0x00002f17) auipc   t5, 0x2
core   0: 3 0x800095a2 (0x00002f17) x30 0x8000b5a2
core   0: 0x800095a6 (0xa43f2f23) sw      gp, -1442(t5)
core   0: 3 0x800095a6 (0xa43f2f23) mem 0x8000b000 0x00000001
core   0: 0x800095aa (0x0000bfe5) c.j     pc - 8
core   0: 3 0x800095aa (0xbfe5)
core   0: 0x800095a2 (0x00002f17) auipc   t5, 0x2
core   0: 3 0x800095a2 (0x00002f17) x30 0x8000b5a2
core   0: 0x800095a6 (0xa43f2f23) sw      gp, -1442(t5)
core   0: 3 0x800095a6 (0xa43f2f23) mem 0x8000b000 0x00000001
core   0: 0x800095aa (0x0000bfe5) c.j     pc - 8
core   0: 3 0x800095aa (0xbfe5)
core   0: 0x800095a2 (0x00002f17) auipc   t5, 0x2
core   0: 3 0x800095a2 (0x00002f17) x30 0x8000b5a2
core   0: 0x800095a6 (0xa43f2f23) sw      gp, -1442(t5)
core   0: 3 0x800095a6 (0xa43f2f23) mem 0x8000b000 0x00000001
core   0: 0x800095aa (0x0000bfe5) c.j     pc - 8
core   0: 3 0x800095aa (0xbfe5)
core   0: 0x800095a2 (0x00002f17) auipc   t5, 0x2
core   0: 3 0x800095a2 (0x00002f17) x30 0x8000b5a2
core   0: 0x800095a6 (0xa43f2f23) sw      gp, -1442(t5)
core   0: 3 0x800095a6 (0xa43f2f23) mem 0x8000b000 0x00000001
core   0: 0x800095aa (0x0000bfe5) c.j     pc - 8
core   0: 3 0x800095aa (0xbfe5)
core   0: 0x800095a2 (0x00002f17) auipc   t5, 0x2
core   0: 3 0x800095a2 (0x00002f17) x30 0x8000b5a2
core   0: 0x800095a6 (0xa43f2f23) sw      gp, -1442(t5)
core   0: 3 0x800095a6 (0xa43f2f23) mem 0x8000b000 0x00000001
core   0: 0x800095aa (0x0000bfe5) c.j     pc - 8
core   0: 3 0x800095aa (0xbfe5)
core   0: 0x800095a2 (0x00002f17) auipc   t5, 0x2
core   0: 3 0x800095a2 (0x00002f17) x30 0x8000b5a2
core   0: 0x800095a6 (0xa43f2f23) sw      gp, -1442(t5)
core   0: 3 0x800095a6 (0xa43f2f23) mem 0x8000b000 0x00000001
core   0: 0x800095aa (0x0000bfe5) c.j     pc - 8
core   0: 3 0x800095aa (0xbfe5)
core   0: 0x800095a2 (0x00002f17) auipc   t5, 0x2
core   0: 3 0x800095a2 (0x00002f17) x30 0x8000b5a2
core   0: 0x800095a6 (0xa43f2f23) sw      gp, -1442(t5)
core   0: 3 0x800095a6 (0xa43f2f23) mem 0x8000b000 0x00000001
core   0: 0x800095aa (0x0000bfe5) c.j     pc - 8
core   0: 3 0x800095aa (0xbfe5)
core   0: 0x800095a2 (0x00002f17) auipc   t5, 0x2
core   0: 3 0x800095a2 (0x00002f17) x30 0x8000b5a2
core   0: 0x800095a6 (0xa43f2f23) sw      gp, -1442(t5)
core   0: 3 0x800095a6 (0xa43f2f23) mem 0x8000b000 0x00000001
core   0: 0x800095aa (0x0000bfe5) c.j     pc - 8
core   0: 3 0x800095aa (0xbfe5)
core   0: 0x800095a2 (0x00002f17) auipc   t5, 0x2
core   0: 3 0x800095a2 (0x00002f17) x30 0x8000b5a2
core   0: 0x800095a6 (0xa43f2f23) sw      gp, -1442(t5)
core   0: 3 0x800095a6 (0xa43f2f23) mem 0x8000b000 0x00000001
core   0: 0x800095aa (0x0000bfe5) c.j     pc - 8
core   0: 3 0x800095aa (0xbfe5)
core   0: 0x800095a2 (0x00002f17) auipc   t5, 0x2
core   0: 3 0x800095a2 (0x00002f17) x30 0x8000b5a2
core   0: 0x800095a6 (0xa43f2f23) sw      gp, -1442(t5)
core   0: 3 0x800095a6 (0xa43f2f23) mem 0x8000b000 0x00000001
core   0: 0x800095aa (0x0000bfe5) c.j     pc - 8
core   0: 3 0x800095aa (0xbfe5)
core   0: 0x800095a2 (0x00002f17) auipc   t5, 0x2
core   0: 3 0x800095a2 (0x00002f17) x30 0x8000b5a2
core   0: 0x800095a6 (0xa43f2f23) sw      gp, -1442(t5)
core   0: 3 0x800095a6 (0xa43f2f23) mem 0x8000b000 0x00000001
core   0: 0x800095aa (0x0000bfe5) c.j     pc - 8
core   0: 3 0x800095aa (0xbfe5)
core   0: 0x800095a2 (0x00002f17) auipc   t5, 0x2
core   0: 3 0x800095a2 (0x00002f17) x30 0x8000b5a2
core   0: 0x800095a6 (0xa43f2f23) sw      gp, -1442(t5)
core   0: 3 0x800095a6 (0xa43f2f23) mem 0x8000b000 0x00000001
core   0: 0x800095aa (0x0000bfe5) c.j     pc - 8
core   0: 3 0x800095aa (0xbfe5)
core   0: 0x800095a2 (0x00002f17) auipc   t5, 0x2
core   0: 3 0x800095a2 (0x00002f17) x30 0x8000b5a2
core   0: 0x800095a6 (0xa43f2f23) sw      gp, -1442(t5)
core   0: 3 0x800095a6 (0xa43f2f23) mem 0x8000b000 0x00000001
core   0: 0x800095aa (0x0000bfe5) c.j     pc - 8
core   0: 3 0x800095aa (0xbfe5)
core   0: 0x800095a2 (0x00002f17) auipc   t5, 0x2
core   0: 3 0x800095a2 (0x00002f17) x30 0x8000b5a2
core   0: 0x800095a6 (0xa43f2f23) sw      gp, -1442(t5)
core   0: 3 0x800095a6 (0xa43f2f23) mem 0x8000b000 0x00000001
core   0: 0x800095aa (0x0000bfe5) c.j     pc - 8
core   0: 3 0x800095aa (0xbfe5)
core   0: 0x800095a2 (0x00002f17) auipc   t5, 0x2
core   0: 3 0x800095a2 (0x00002f17) x30 0x8000b5a2
core   0: 0x800095a6 (0xa43f2f23) sw      gp, -1442(t5)
core   0: 3 0x800095a6 (0xa43f2f23) mem 0x8000b000 0x00000001
core   0: 0x800095aa (0x0000bfe5) c.j     pc - 8
core   0: 3 0x800095aa (0xbfe5)
core   0: 0x800095a2 (0x00002f17) auipc   t5, 0x2
core   0: 3 0x800095a2 (0x00002f17) x30 0x8000b5a2
core   0: 0x800095a6 (0xa43f2f23) sw      gp, -1442(t5)
core   0: 3 0x800095a6 (0xa43f2f23) mem 0x8000b000 0x00000001
core   0: 0x800095aa (0x0000bfe5) c.j     pc - 8
core   0: 3 0x800095aa (0xbfe5)
core   0: 0x800095a2 (0x00002f17) auipc   t5, 0x2
core   0: 3 0x800095a2 (0x00002f17) x30 0x8000b5a2
core   0: 0x800095a6 (0xa43f2f23) sw      gp, -1442(t5)
core   0: 3 0x800095a6 (0xa43f2f23) mem 0x8000b000 0x00000001
core   0: 0x800095aa (0x0000bfe5) c.j     pc - 8
core   0: 3 0x800095aa (0xbfe5)
core   0: 0x800095a2 (0x00002f17) auipc   t5, 0x2
core   0: 3 0x800095a2 (0x00002f17) x30 0x8000b5a2
core   0: 0x800095a6 (0xa43f2f23) sw      gp, -1442(t5)
core   0: 3 0x800095a6 (0xa43f2f23) mem 0x8000b000 0x00000001
core   0: 0x800095aa (0x0000bfe5) c.j     pc - 8
core   0: 3 0x800095aa (0xbfe5)
core   0: 0x800095a2 (0x00002f17) auipc   t5, 0x2
core   0: 3 0x800095a2 (0x00002f17) x30 0x8000b5a2
core   0: 0x800095a6 (0xa43f2f23) sw      gp, -1442(t5)
core   0: 3 0x800095a6 (0xa43f2f23) mem 0x8000b000 0x00000001
core   0: 0x800095aa (0x0000bfe5) c.j     pc - 8
core   0: 3 0x800095aa (0xbfe5)
core   0: 0x800095a2 (0x00002f17) auipc   t5, 0x2
core   0: 3 0x800095a2 (0x00002f17) x30 0x8000b5a2
core   0: 0x800095a6 (0xa43f2f23) sw      gp, -1442(t5)
core   0: 3 0x800095a6 (0xa43f2f23) mem 0x8000b000 0x00000001
core   0: 0x800095aa (0x0000bfe5) c.j     pc - 8
core   0: 3 0x800095aa (0xbfe5)
core   0: 0x800095a2 (0x00002f17) auipc   t5, 0x2
core   0: 3 0x800095a2 (0x00002f17) x30 0x8000b5a2
core   0: 0x800095a6 (0xa43f2f23) sw      gp, -1442(t5)
core   0: 3 0x800095a6 (0xa43f2f23) mem 0x8000b000 0x00000001
core   0: 0x800095aa (0x0000bfe5) c.j     pc - 8
core   0: 3 0x800095aa (0xbfe5)
core   0: 0x800095a2 (0x00002f17) auipc   t5, 0x2
core   0: 3 0x800095a2 (0x00002f17) x30 0x8000b5a2
core   0: 0x800095a6 (0xa43f2f23) sw      gp, -1442(t5)
core   0: 3 0x800095a6 (0xa43f2f23) mem 0x8000b000 0x00000001
core   0: 0x800095aa (0x0000bfe5) c.j     pc - 8
core   0: 3 0x800095aa (0xbfe5)
core   0: 0x800095a2 (0x00002f17) auipc   t5, 0x2
core   0: 3 0x800095a2 (0x00002f17) x30 0x8000b5a2
core   0: 0x800095a6 (0xa43f2f23) sw      gp, -1442(t5)
core   0: 3 0x800095a6 (0xa43f2f23) mem 0x8000b000 0x00000001
core   0: 0x800095aa (0x0000bfe5) c.j     pc - 8
core   0: 3 0x800095aa (0xbfe5)
core   0: 0x800095a2 (0x00002f17) auipc   t5, 0x2
core   0: 3 0x800095a2 (0x00002f17) x30 0x8000b5a2
core   0: 0x800095a6 (0xa43f2f23) sw      gp, -1442(t5)
core   0: 3 0x800095a6 (0xa43f2f23) mem 0x8000b000 0x00000001
core   0: 0x800095aa (0x0000bfe5) c.j     pc - 8
core   0: 3 0x800095aa (0xbfe5)
core   0: 0x800095a2 (0x00002f17) auipc   t5, 0x2
core   0: 3 0x800095a2 (0x00002f17) x30 0x8000b5a2
core   0: 0x800095a6 (0xa43f2f23) sw      gp, -1442(t5)
core   0: 3 0x800095a6 (0xa43f2f23) mem 0x8000b000 0x00000001
core   0: 0x800095aa (0x0000bfe5) c.j     pc - 8
core   0: 3 0x800095aa (0xbfe5)
core   0: 0x800095a2 (0x00002f17) auipc   t5, 0x2
core   0: 3 0x800095a2 (0x00002f17) x30 0x8000b5a2
core   0: 0x800095a6 (0xa43f2f23) sw      gp, -1442(t5)
core   0: 3 0x800095a6 (0xa43f2f23) mem 0x8000b000 0x00000001
core   0: 0x800095aa (0x0000bfe5) c.j     pc - 8
core   0: 3 0x800095aa (0xbfe5)
core   0: 0x800095a2 (0x00002f17) auipc   t5, 0x2
core   0: 3 0x800095a2 (0x00002f17) x30 0x8000b5a2
core   0: 0x800095a6 (0xa43f2f23) sw      gp, -1442(t5)
core   0: 3 0x800095a6 (0xa43f2f23) mem 0x8000b000 0x00000001
core   0: 0x800095aa (0x0000bfe5) c.j     pc - 8
core   0: 3 0x800095aa (0xbfe5)
core   0: 0x800095a2 (0x00002f17) auipc   t5, 0x2
core   0: 3 0x800095a2 (0x00002f17) x30 0x8000b5a2
core   0: 0x800095a6 (0xa43f2f23) sw      gp, -1442(t5)
core   0: 3 0x800095a6 (0xa43f2f23) mem 0x8000b000 0x00000001
core   0: 0x800095aa (0x0000bfe5) c.j     pc - 8
core   0: 3 0x800095aa (0xbfe5)
core   0: 0x800095a2 (0x00002f17) auipc   t5, 0x2
core   0: 3 0x800095a2 (0x00002f17) x30 0x8000b5a2
core   0: 0x800095a6 (0xa43f2f23) sw      gp, -1442(t5)
core   0: 3 0x800095a6 (0xa43f2f23) mem 0x8000b000 0x00000001
core   0: 0x800095aa (0x0000bfe5) c.j     pc - 8
core   0: 3 0x800095aa (0xbfe5)
core   0: 0x800095a2 (0x00002f17) auipc   t5, 0x2
core   0: 3 0x800095a2 (0x00002f17) x30 0x8000b5a2
core   0: 0x800095a6 (0xa43f2f23) sw      gp, -1442(t5)
core   0: 3 0x800095a6 (0xa43f2f23) mem 0x8000b000 0x00000001
core   0: 0x800095aa (0x0000bfe5) c.j     pc - 8
core   0: 3 0x800095aa (0xbfe5)
core   0: 0x800095a2 (0x00002f17) auipc   t5, 0x2
core   0: 3 0x800095a2 (0x00002f17) x30 0x8000b5a2
core   0: 0x800095a6 (0xa43f2f23) sw      gp, -1442(t5)
core   0: 3 0x800095a6 (0xa43f2f23) mem 0x8000b000 0x00000001
core   0: 0x800095aa (0x0000bfe5) c.j     pc - 8
core   0: 3 0x800095aa (0xbfe5)
core   0: 0x800095a2 (0x00002f17) auipc   t5, 0x2
core   0: 3 0x800095a2 (0x00002f17) x30 0x8000b5a2
core   0: 0x800095a6 (0xa43f2f23) sw      gp, -1442(t5)
core   0: 3 0x800095a6 (0xa43f2f23) mem 0x8000b000 0x00000001
core   0: 0x800095aa (0x0000bfe5) c.j     pc - 8
core   0: 3 0x800095aa (0xbfe5)
core   0: 0x800095a2 (0x00002f17) auipc   t5, 0x2
core   0: 3 0x800095a2 (0x00002f17) x30 0x8000b5a2
core   0: 0x800095a6 (0xa43f2f23) sw      gp, -1442(t5)
core   0: 3 0x800095a6 (0xa43f2f23) mem 0x8000b000 0x00000001
core   0: 0x800095aa (0x0000bfe5) c.j     pc - 8
core   0: 3 0x800095aa (0xbfe5)
core   0: 0x800095a2 (0x00002f17) auipc   t5, 0x2
core   0: 3 0x800095a2 (0x00002f17) x30 0x8000b5a2
core   0: 0x800095a6 (0xa43f2f23) sw      gp, -1442(t5)
core   0: 3 0x800095a6 (0xa43f2f23) mem 0x8000b000 0x00000001
core   0: 0x800095aa (0x0000bfe5) c.j     pc - 8
core   0: 3 0x800095aa (0xbfe5)
core   0: 0x800095a2 (0x00002f17) auipc   t5, 0x2
core   0: 3 0x800095a2 (0x00002f17) x30 0x8000b5a2
core   0: 0x800095a6 (0xa43f2f23) sw      gp, -1442(t5)
core   0: 3 0x800095a6 (0xa43f2f23) mem 0x8000b000 0x00000001
core   0: 0x800095aa (0x0000bfe5) c.j     pc - 8
core   0: 3 0x800095aa (0xbfe5)
core   0: 0x800095a2 (0x00002f17) auipc   t5, 0x2
core   0: 3 0x800095a2 (0x00002f17) x30 0x8000b5a2
core   0: 0x800095a6 (0xa43f2f23) sw      gp, -1442(t5)
core   0: 3 0x800095a6 (0xa43f2f23) mem 0x8000b000 0x00000001
core   0: 0x800095aa (0x0000bfe5) c.j     pc - 8
core   0: 3 0x800095aa (0xbfe5)
core   0: 0x800095a2 (0x00002f17) auipc   t5, 0x2
core   0: 3 0x800095a2 (0x00002f17) x30 0x8000b5a2
core   0: 0x800095a6 (0xa43f2f23) sw      gp, -1442(t5)
core   0: 3 0x800095a6 (0xa43f2f23) mem 0x8000b000 0x00000001
core   0: 0x800095aa (0x0000bfe5) c.j     pc - 8
core   0: 3 0x800095aa (0xbfe5)
core   0: 0x800095a2 (0x00002f17) auipc   t5, 0x2
core   0: 3 0x800095a2 (0x00002f17) x30 0x8000b5a2
core   0: 0x800095a6 (0xa43f2f23) sw      gp, -1442(t5)
core   0: 3 0x800095a6 (0xa43f2f23) mem 0x8000b000 0x00000001
core   0: 0x800095aa (0x0000bfe5) c.j     pc - 8
core   0: 3 0x800095aa (0xbfe5)
core   0: 0x800095a2 (0x00002f17) auipc   t5, 0x2
core   0: 3 0x800095a2 (0x00002f17) x30 0x8000b5a2
core   0: 0x800095a6 (0xa43f2f23) sw      gp, -1442(t5)
core   0: 3 0x800095a6 (0xa43f2f23) mem 0x8000b000 0x00000001
core   0: 0x800095aa (0x0000bfe5) c.j     pc - 8
core   0: 3 0x800095aa (0xbfe5)
core   0: 0x800095a2 (0x00002f17) auipc   t5, 0x2
core   0: 3 0x800095a2 (0x00002f17) x30 0x8000b5a2
core   0: 0x800095a6 (0xa43f2f23) sw      gp, -1442(t5)
core   0: 3 0x800095a6 (0xa43f2f23) mem 0x8000b000 0x00000001
core   0: 0x800095aa (0x0000bfe5) c.j     pc - 8
core   0: 3 0x800095aa (0xbfe5)
core   0: 0x800095a2 (0x00002f17) auipc   t5, 0x2
core   0: 3 0x800095a2 (0x00002f17) x30 0x8000b5a2
core   0: 0x800095a6 (0xa43f2f23) sw      gp, -1442(t5)
core   0: 3 0x800095a6 (0xa43f2f23) mem 0x8000b000 0x00000001
core   0: 0x800095aa (0x0000bfe5) c.j     pc - 8
core   0: 3 0x800095aa (0xbfe5)
core   0: 0x800095a2 (0x00002f17) auipc   t5, 0x2
core   0: 3 0x800095a2 (0x00002f17) x30 0x8000b5a2
core   0: 0x800095a6 (0xa43f2f23) sw      gp, -1442(t5)
core   0: 3 0x800095a6 (0xa43f2f23) mem 0x8000b000 0x00000001
core   0: 0x800095aa (0x0000bfe5) c.j     pc - 8
core   0: 3 0x800095aa (0xbfe5)
core   0: 0x800095a2 (0x00002f17) auipc   t5, 0x2
core   0: 3 0x800095a2 (0x00002f17) x30 0x8000b5a2
core   0: 0x800095a6 (0xa43f2f23) sw      gp, -1442(t5)
core   0: 3 0x800095a6 (0xa43f2f23) mem 0x8000b000 0x00000001
core   0: 0x800095aa (0x0000bfe5) c.j     pc - 8
core   0: 3 0x800095aa (0xbfe5)
core   0: 0x800095a2 (0x00002f17) auipc   t5, 0x2
core   0: 3 0x800095a2 (0x00002f17) x30 0x8000b5a2
core   0: 0x800095a6 (0xa43f2f23) sw      gp, -1442(t5)
core   0: 3 0x800095a6 (0xa43f2f23) mem 0x8000b000 0x00000001
core   0: 0x800095aa (0x0000bfe5) c.j     pc - 8
core   0: 3 0x800095aa (0xbfe5)
core   0: 0x800095a2 (0x00002f17) auipc   t5, 0x2
core   0: 3 0x800095a2 (0x00002f17) x30 0x8000b5a2
core   0: 0x800095a6 (0xa43f2f23) sw      gp, -1442(t5)
core   0: 3 0x800095a6 (0xa43f2f23) mem 0x8000b000 0x00000001
core   0: 0x800095aa (0x0000bfe5) c.j     pc - 8
core   0: 3 0x800095aa (0xbfe5)
core   0: 0x800095a2 (0x00002f17) auipc   t5, 0x2
core   0: 3 0x800095a2 (0x00002f17) x30 0x8000b5a2
core   0: 0x800095a6 (0xa43f2f23) sw      gp, -1442(t5)
core   0: 3 0x800095a6 (0xa43f2f23) mem 0x8000b000 0x00000001
core   0: 0x800095aa (0x0000bfe5) c.j     pc - 8
core   0: 3 0x800095aa (0xbfe5)
core   0: 0x800095a2 (0x00002f17) auipc   t5, 0x2
core   0: 3 0x800095a2 (0x00002f17) x30 0x8000b5a2
core   0: 0x800095a6 (0xa43f2f23) sw      gp, -1442(t5)
core   0: 3 0x800095a6 (0xa43f2f23) mem 0x8000b000 0x00000001
core   0: 0x800095aa (0x0000bfe5) c.j     pc - 8
core   0: 3 0x800095aa (0xbfe5)
core   0: 0x800095a2 (0x00002f17) auipc   t5, 0x2
core   0: 3 0x800095a2 (0x00002f17) x30 0x8000b5a2
core   0: 0x800095a6 (0xa43f2f23) sw      gp, -1442(t5)
core   0: 3 0x800095a6 (0xa43f2f23) mem 0x8000b000 0x00000001
core   0: 0x800095aa (0x0000bfe5) c.j     pc - 8
core   0: 3 0x800095aa (0xbfe5)
core   0: 0x800095a2 (0x00002f17) auipc   t5, 0x2
core   0: 3 0x800095a2 (0x00002f17) x30 0x8000b5a2
core   0: 0x800095a6 (0xa43f2f23) sw      gp, -1442(t5)
core   0: 3 0x800095a6 (0xa43f2f23) mem 0x8000b000 0x00000001
core   0: 0x800095aa (0x0000bfe5) c.j     pc - 8
core   0: 3 0x800095aa (0xbfe5)
core   0: 0x800095a2 (0x00002f17) auipc   t5, 0x2
core   0: 3 0x800095a2 (0x00002f17) x30 0x8000b5a2
core   0: 0x800095a6 (0xa43f2f23) sw      gp, -1442(t5)
core   0: 3 0x800095a6 (0xa43f2f23) mem 0x8000b000 0x00000001
core   0: 0x800095aa (0x0000bfe5) c.j     pc - 8
core   0: 3 0x800095aa (0xbfe5)
core   0: 0x800095a2 (0x00002f17) auipc   t5, 0x2
core   0: 3 0x800095a2 (0x00002f17) x30 0x8000b5a2
core   0: 0x800095a6 (0xa43f2f23) sw      gp, -1442(t5)
core   0: 3 0x800095a6 (0xa43f2f23) mem 0x8000b000 0x00000001
core   0: 0x800095aa (0x0000bfe5) c.j     pc - 8
core   0: 3 0x800095aa (0xbfe5)
core   0: 0x800095a2 (0x00002f17) auipc   t5, 0x2
core   0: 3 0x800095a2 (0x00002f17) x30 0x8000b5a2
core   0: 0x800095a6 (0xa43f2f23) sw      gp, -1442(t5)
core   0: 3 0x800095a6 (0xa43f2f23) mem 0x8000b000 0x00000001
core   0: 0x800095aa (0x0000bfe5) c.j     pc - 8
core   0: 3 0x800095aa (0xbfe5)
core   0: 0x800095a2 (0x00002f17) auipc   t5, 0x2
core   0: 3 0x800095a2 (0x00002f17) x30 0x8000b5a2
core   0: 0x800095a6 (0xa43f2f23) sw      gp, -1442(t5)
core   0: 3 0x800095a6 (0xa43f2f23) mem 0x8000b000 0x00000001
core   0: 0x800095aa (0x0000bfe5) c.j     pc - 8
core   0: 3 0x800095aa (0xbfe5)
core   0: 0x800095a2 (0x00002f17) auipc   t5, 0x2
core   0: 3 0x800095a2 (0x00002f17) x30 0x8000b5a2
core   0: 0x800095a6 (0xa43f2f23) sw      gp, -1442(t5)
core   0: 3 0x800095a6 (0xa43f2f23) mem 0x8000b000 0x00000001
core   0: 0x800095aa (0x0000bfe5) c.j     pc - 8
core   0: 3 0x800095aa (0xbfe5)
core   0: 0x800095a2 (0x00002f17) auipc   t5, 0x2
core   0: 3 0x800095a2 (0x00002f17) x30 0x8000b5a2
core   0: 0x800095a6 (0xa43f2f23) sw      gp, -1442(t5)
core   0: 3 0x800095a6 (0xa43f2f23) mem 0x8000b000 0x00000001
core   0: 0x800095aa (0x0000bfe5) c.j     pc - 8
core   0: 3 0x800095aa (0xbfe5)
core   0: 0x800095a2 (0x00002f17) auipc   t5, 0x2
core   0: 3 0x800095a2 (0x00002f17) x30 0x8000b5a2
core   0: 0x800095a6 (0xa43f2f23) sw      gp, -1442(t5)
core   0: 3 0x800095a6 (0xa43f2f23) mem 0x8000b000 0x00000001
core   0: 0x800095aa (0x0000bfe5) c.j     pc - 8
core   0: 3 0x800095aa (0xbfe5)
core   0: 0x800095a2 (0x00002f17) auipc   t5, 0x2
core   0: 3 0x800095a2 (0x00002f17) x30 0x8000b5a2
core   0: 0x800095a6 (0xa43f2f23) sw      gp, -1442(t5)
core   0: 3 0x800095a6 (0xa43f2f23) mem 0x8000b000 0x00000001
core   0: 0x800095aa (0x0000bfe5) c.j     pc - 8
core   0: 3 0x800095aa (0xbfe5)
core   0: 0x800095a2 (0x00002f17) auipc   t5, 0x2
core   0: 3 0x800095a2 (0x00002f17) x30 0x8000b5a2
core   0: 0x800095a6 (0xa43f2f23) sw      gp, -1442(t5)
core   0: 3 0x800095a6 (0xa43f2f23) mem 0x8000b000 0x00000001
core   0: 0x800095aa (0x0000bfe5) c.j     pc - 8
core   0: 3 0x800095aa (0xbfe5)
core   0: 0x800095a2 (0x00002f17) auipc   t5, 0x2
core   0: 3 0x800095a2 (0x00002f17) x30 0x8000b5a2
core   0: 0x800095a6 (0xa43f2f23) sw      gp, -1442(t5)
core   0: 3 0x800095a6 (0xa43f2f23) mem 0x8000b000 0x00000001
core   0: 0x800095aa (0x0000bfe5) c.j     pc - 8
core   0: 3 0x800095aa (0xbfe5)
core   0: 0x800095a2 (0x00002f17) auipc   t5, 0x2
core   0: 3 0x800095a2 (0x00002f17) x30 0x8000b5a2
core   0: 0x800095a6 (0xa43f2f23) sw      gp, -1442(t5)
core   0: 3 0x800095a6 (0xa43f2f23) mem 0x8000b000 0x00000001
core   0: 0x800095aa (0x0000bfe5) c.j     pc - 8
core   0: 3 0x800095aa (0xbfe5)
core   0: 0x800095a2 (0x00002f17) auipc   t5, 0x2
core   0: 3 0x800095a2 (0x00002f17) x30 0x8000b5a2
core   0: 0x800095a6 (0xa43f2f23) sw      gp, -1442(t5)
core   0: 3 0x800095a6 (0xa43f2f23) mem 0x8000b000 0x00000001
core   0: 0x800095aa (0x0000bfe5) c.j     pc - 8
core   0: 3 0x800095aa (0xbfe5)
core   0: 0x800095a2 (0x00002f17) auipc   t5, 0x2
core   0: 3 0x800095a2 (0x00002f17) x30 0x8000b5a2
core   0: 0x800095a6 (0xa43f2f23) sw      gp, -1442(t5)
core   0: 3 0x800095a6 (0xa43f2f23) mem 0x8000b000 0x00000001
core   0: 0x800095aa (0x0000bfe5) c.j     pc - 8
core   0: 3 0x800095aa (0xbfe5)
core   0: 0x800095a2 (0x00002f17) auipc   t5, 0x2
core   0: 3 0x800095a2 (0x00002f17) x30 0x8000b5a2
core   0: 0x800095a6 (0xa43f2f23) sw      gp, -1442(t5)
core   0: 3 0x800095a6 (0xa43f2f23) mem 0x8000b000 0x00000001
core   0: 0x800095aa (0x0000bfe5) c.j     pc - 8
core   0: 3 0x800095aa (0xbfe5)
core   0: 0x800095a2 (0x00002f17) auipc   t5, 0x2
core   0: 3 0x800095a2 (0x00002f17) x30 0x8000b5a2
core   0: 0x800095a6 (0xa43f2f23) sw      gp, -1442(t5)
core   0: 3 0x800095a6 (0xa43f2f23) mem 0x8000b000 0x00000001
core   0: 0x800095aa (0x0000bfe5) c.j     pc - 8
core   0: 3 0x800095aa (0xbfe5)
core   0: 0x800095a2 (0x00002f17) auipc   t5, 0x2
core   0: 3 0x800095a2 (0x00002f17) x30 0x8000b5a2
core   0: 0x800095a6 (0xa43f2f23) sw      gp, -1442(t5)
core   0: 3 0x800095a6 (0xa43f2f23) mem 0x8000b000 0x00000001
core   0: 0x800095aa (0x0000bfe5) c.j     pc - 8
core   0: 3 0x800095aa (0xbfe5)
core   0: 0x800095a2 (0x00002f17) auipc   t5, 0x2
core   0: 3 0x800095a2 (0x00002f17) x30 0x8000b5a2
core   0: 0x800095a6 (0xa43f2f23) sw      gp, -1442(t5)
core   0: 3 0x800095a6 (0xa43f2f23) mem 0x8000b000 0x00000001
core   0: 0x800095aa (0x0000bfe5) c.j     pc - 8
core   0: 3 0x800095aa (0xbfe5)
core   0: 0x800095a2 (0x00002f17) auipc   t5, 0x2
core   0: 3 0x800095a2 (0x00002f17) x30 0x8000b5a2
core   0: 0x800095a6 (0xa43f2f23) sw      gp, -1442(t5)
core   0: 3 0x800095a6 (0xa43f2f23) mem 0x8000b000 0x00000001
core   0: 0x800095aa (0x0000bfe5) c.j     pc - 8
core   0: 3 0x800095aa (0xbfe5)
core   0: 0x800095a2 (0x00002f17) auipc   t5, 0x2
core   0: 3 0x800095a2 (0x00002f17) x30 0x8000b5a2
core   0: 0x800095a6 (0xa43f2f23) sw      gp, -1442(t5)
core   0: 3 0x800095a6 (0xa43f2f23) mem 0x8000b000 0x00000001
core   0: 0x800095aa (0x0000bfe5) c.j     pc - 8
core   0: 3 0x800095aa (0xbfe5)
core   0: 0x800095a2 (0x00002f17) auipc   t5, 0x2
core   0: 3 0x800095a2 (0x00002f17) x30 0x8000b5a2
core   0: 0x800095a6 (0xa43f2f23) sw      gp, -1442(t5)
core   0: 3 0x800095a6 (0xa43f2f23) mem 0x8000b000 0x00000001
core   0: 0x800095aa (0x0000bfe5) c.j     pc - 8
core   0: 3 0x800095aa (0xbfe5)
core   0: 0x800095a2 (0x00002f17) auipc   t5, 0x2
core   0: 3 0x800095a2 (0x00002f17) x30 0x8000b5a2
core   0: 0x800095a6 (0xa43f2f23) sw      gp, -1442(t5)
core   0: 3 0x800095a6 (0xa43f2f23) mem 0x8000b000 0x00000001
core   0: 0x800095aa (0x0000bfe5) c.j     pc - 8
core   0: 3 0x800095aa (0xbfe5)
core   0: 0x800095a2 (0x00002f17) auipc   t5, 0x2
core   0: 3 0x800095a2 (0x00002f17) x30 0x8000b5a2
core   0: 0x800095a6 (0xa43f2f23) sw      gp, -1442(t5)
core   0: 3 0x800095a6 (0xa43f2f23) mem 0x8000b000 0x00000001
core   0: 0x800095aa (0x0000bfe5) c.j     pc - 8
core   0: 3 0x800095aa (0xbfe5)
core   0: 0x800095a2 (0x00002f17) auipc   t5, 0x2
core   0: 3 0x800095a2 (0x00002f17) x30 0x8000b5a2
core   0: 0x800095a6 (0xa43f2f23) sw      gp, -1442(t5)
core   0: 3 0x800095a6 (0xa43f2f23) mem 0x8000b000 0x00000001
core   0: 0x800095aa (0x0000bfe5) c.j     pc - 8
core   0: 3 0x800095aa (0xbfe5)
core   0: 0x800095a2 (0x00002f17) auipc   t5, 0x2
core   0: 3 0x800095a2 (0x00002f17) x30 0x8000b5a2
core   0: 0x800095a6 (0xa43f2f23) sw      gp, -1442(t5)
core   0: 3 0x800095a6 (0xa43f2f23) mem 0x8000b000 0x00000001
core   0: 0x800095aa (0x0000bfe5) c.j     pc - 8
core   0: 3 0x800095aa (0xbfe5)
core   0: 0x800095a2 (0x00002f17) auipc   t5, 0x2
core   0: 3 0x800095a2 (0x00002f17) x30 0x8000b5a2
core   0: 0x800095a6 (0xa43f2f23) sw      gp, -1442(t5)
core   0: 3 0x800095a6 (0xa43f2f23) mem 0x8000b000 0x00000001
core   0: 0x800095aa (0x0000bfe5) c.j     pc - 8
core   0: 3 0x800095aa (0xbfe5)
core   0: 0x800095a2 (0x00002f17) auipc   t5, 0x2
core   0: 3 0x800095a2 (0x00002f17) x30 0x8000b5a2
core   0: 0x800095a6 (0xa43f2f23) sw      gp, -1442(t5)
core   0: 3 0x800095a6 (0xa43f2f23) mem 0x8000b000 0x00000001
core   0: 0x800095aa (0x0000bfe5) c.j     pc - 8
core   0: 3 0x800095aa (0xbfe5)
core   0: 0x800095a2 (0x00002f17) auipc   t5, 0x2
core   0: 3 0x800095a2 (0x00002f17) x30 0x8000b5a2
core   0: 0x800095a6 (0xa43f2f23) sw      gp, -1442(t5)
core   0: 3 0x800095a6 (0xa43f2f23) mem 0x8000b000 0x00000001
core   0: 0x800095aa (0x0000bfe5) c.j     pc - 8
core   0: 3 0x800095aa (0xbfe5)
core   0: 0x800095a2 (0x00002f17) auipc   t5, 0x2
core   0: 3 0x800095a2 (0x00002f17) x30 0x8000b5a2
core   0: 0x800095a6 (0xa43f2f23) sw      gp, -1442(t5)
core   0: 3 0x800095a6 (0xa43f2f23) mem 0x8000b000 0x00000001
core   0: 0x800095aa (0x0000bfe5) c.j     pc - 8
core   0: 3 0x800095aa (0xbfe5)
core   0: 0x800095a2 (0x00002f17) auipc   t5, 0x2
core   0: 3 0x800095a2 (0x00002f17) x30 0x8000b5a2
core   0: 0x800095a6 (0xa43f2f23) sw      gp, -1442(t5)
core   0: 3 0x800095a6 (0xa43f2f23) mem 0x8000b000 0x00000001
core   0: 0x800095aa (0x0000bfe5) c.j     pc - 8
core   0: 3 0x800095aa (0xbfe5)
core   0: 0x800095a2 (0x00002f17) auipc   t5, 0x2
core   0: 3 0x800095a2 (0x00002f17) x30 0x8000b5a2
core   0: 0x800095a6 (0xa43f2f23) sw      gp, -1442(t5)
core   0: 3 0x800095a6 (0xa43f2f23) mem 0x8000b000 0x00000001
core   0: 0x800095aa (0x0000bfe5) c.j     pc - 8
core   0: 3 0x800095aa (0xbfe5)
core   0: 0x800095a2 (0x00002f17) auipc   t5, 0x2
core   0: 3 0x800095a2 (0x00002f17) x30 0x8000b5a2
core   0: 0x800095a6 (0xa43f2f23) sw      gp, -1442(t5)
core   0: 3 0x800095a6 (0xa43f2f23) mem 0x8000b000 0x00000001
core   0: 0x800095aa (0x0000bfe5) c.j     pc - 8
core   0: 3 0x800095aa (0xbfe5)
core   0: 0x800095a2 (0x00002f17) auipc   t5, 0x2
core   0: 3 0x800095a2 (0x00002f17) x30 0x8000b5a2
core   0: 0x800095a6 (0xa43f2f23) sw      gp, -1442(t5)
core   0: 3 0x800095a6 (0xa43f2f23) mem 0x8000b000 0x00000001
core   0: 0x800095aa (0x0000bfe5) c.j     pc - 8
core   0: 3 0x800095aa (0xbfe5)
core   0: 0x800095a2 (0x00002f17) auipc   t5, 0x2
core   0: 3 0x800095a2 (0x00002f17) x30 0x8000b5a2
core   0: 0x800095a6 (0xa43f2f23) sw      gp, -1442(t5)
core   0: 3 0x800095a6 (0xa43f2f23) mem 0x8000b000 0x00000001
core   0: 0x800095aa (0x0000bfe5) c.j     pc - 8
core   0: 3 0x800095aa (0xbfe5)
core   0: 0x800095a2 (0x00002f17) auipc   t5, 0x2
core   0: 3 0x800095a2 (0x00002f17) x30 0x8000b5a2
core   0: 0x800095a6 (0xa43f2f23) sw      gp, -1442(t5)
core   0: 3 0x800095a6 (0xa43f2f23) mem 0x8000b000 0x00000001
core   0: 0x800095aa (0x0000bfe5) c.j     pc - 8
core   0: 3 0x800095aa (0xbfe5)
core   0: 0x800095a2 (0x00002f17) auipc   t5, 0x2
core   0: 3 0x800095a2 (0x00002f17) x30 0x8000b5a2
core   0: 0x800095a6 (0xa43f2f23) sw      gp, -1442(t5)
core   0: 3 0x800095a6 (0xa43f2f23) mem 0x8000b000 0x00000001
core   0: 0x800095aa (0x0000bfe5) c.j     pc - 8
core   0: 3 0x800095aa (0xbfe5)
core   0: 0x800095a2 (0x00002f17) auipc   t5, 0x2
core   0: 3 0x800095a2 (0x00002f17) x30 0x8000b5a2
core   0: 0x800095a6 (0xa43f2f23) sw      gp, -1442(t5)
core   0: 3 0x800095a6 (0xa43f2f23) mem 0x8000b000 0x00000001
core   0: 0x800095aa (0x0000bfe5) c.j     pc - 8
core   0: 3 0x800095aa (0xbfe5)
core   0: 0x800095a2 (0x00002f17) auipc   t5, 0x2
core   0: 3 0x800095a2 (0x00002f17) x30 0x8000b5a2
core   0: 0x800095a6 (0xa43f2f23) sw      gp, -1442(t5)
core   0: 3 0x800095a6 (0xa43f2f23) mem 0x8000b000 0x00000001
core   0: 0x800095aa (0x0000bfe5) c.j     pc - 8
core   0: 3 0x800095aa (0xbfe5)
core   0: 0x800095a2 (0x00002f17) auipc   t5, 0x2
core   0: 3 0x800095a2 (0x00002f17) x30 0x8000b5a2
core   0: 0x800095a6 (0xa43f2f23) sw      gp, -1442(t5)
core   0: 3 0x800095a6 (0xa43f2f23) mem 0x8000b000 0x00000001
core   0: 0x800095aa (0x0000bfe5) c.j     pc - 8
core   0: 3 0x800095aa (0xbfe5)
core   0: 0x800095a2 (0x00002f17) auipc   t5, 0x2
core   0: 3 0x800095a2 (0x00002f17) x30 0x8000b5a2
core   0: 0x800095a6 (0xa43f2f23) sw      gp, -1442(t5)
core   0: 3 0x800095a6 (0xa43f2f23) mem 0x8000b000 0x00000001
core   0: 0x800095aa (0x0000bfe5) c.j     pc - 8
core   0: 3 0x800095aa (0xbfe5)
core   0: 0x800095a2 (0x00002f17) auipc   t5, 0x2
core   0: 3 0x800095a2 (0x00002f17) x30 0x8000b5a2
core   0: 0x800095a6 (0xa43f2f23) sw      gp, -1442(t5)
core   0: 3 0x800095a6 (0xa43f2f23) mem 0x8000b000 0x00000001
core   0: 0x800095aa (0x0000bfe5) c.j     pc - 8
core   0: 3 0x800095aa (0xbfe5)
core   0: 0x800095a2 (0x00002f17) auipc   t5, 0x2
core   0: 3 0x800095a2 (0x00002f17) x30 0x8000b5a2
core   0: 0x800095a6 (0xa43f2f23) sw      gp, -1442(t5)
core   0: 3 0x800095a6 (0xa43f2f23) mem 0x8000b000 0x00000001
core   0: 0x800095aa (0x0000bfe5) c.j     pc - 8
core   0: 3 0x800095aa (0xbfe5)
core   0: 0x800095a2 (0x00002f17) auipc   t5, 0x2
core   0: 3 0x800095a2 (0x00002f17) x30 0x8000b5a2
core   0: 0x800095a6 (0xa43f2f23) sw      gp, -1442(t5)
core   0: 3 0x800095a6 (0xa43f2f23) mem 0x8000b000 0x00000001
core   0: 0x800095aa (0x0000bfe5) c.j     pc - 8
core   0: 3 0x800095aa (0xbfe5)
core   0: 0x800095a2 (0x00002f17) auipc   t5, 0x2
core   0: 3 0x800095a2 (0x00002f17) x30 0x8000b5a2
core   0: 0x800095a6 (0xa43f2f23) sw      gp, -1442(t5)
core   0: 3 0x800095a6 (0xa43f2f23) mem 0x8000b000 0x00000001
core   0: 0x800095aa (0x0000bfe5) c.j     pc - 8
core   0: 3 0x800095aa (0xbfe5)
core   0: 0x800095a2 (0x00002f17) auipc   t5, 0x2
core   0: 3 0x800095a2 (0x00002f17) x30 0x8000b5a2
core   0: 0x800095a6 (0xa43f2f23) sw      gp, -1442(t5)
core   0: 3 0x800095a6 (0xa43f2f23) mem 0x8000b000 0x00000001
core   0: 0x800095aa (0x0000bfe5) c.j     pc - 8
core   0: 3 0x800095aa (0xbfe5)
core   0: 0x800095a2 (0x00002f17) auipc   t5, 0x2
core   0: 3 0x800095a2 (0x00002f17) x30 0x8000b5a2
core   0: 0x800095a6 (0xa43f2f23) sw      gp, -1442(t5)
core   0: 3 0x800095a6 (0xa43f2f23) mem 0x8000b000 0x00000001
core   0: 0x800095aa (0x0000bfe5) c.j     pc - 8
core   0: 3 0x800095aa (0xbfe5)
core   0: 0x800095a2 (0x00002f17) auipc   t5, 0x2
core   0: 3 0x800095a2 (0x00002f17) x30 0x8000b5a2
core   0: 0x800095a6 (0xa43f2f23) sw      gp, -1442(t5)
core   0: 3 0x800095a6 (0xa43f2f23) mem 0x8000b000 0x00000001
core   0: 0x800095aa (0x0000bfe5) c.j     pc - 8
core   0: 3 0x800095aa (0xbfe5)
core   0: 0x800095a2 (0x00002f17) auipc   t5, 0x2
core   0: 3 0x800095a2 (0x00002f17) x30 0x8000b5a2
core   0: 0x800095a6 (0xa43f2f23) sw      gp, -1442(t5)
core   0: 3 0x800095a6 (0xa43f2f23) mem 0x8000b000 0x00000001
core   0: 0x800095aa (0x0000bfe5) c.j     pc - 8
core   0: 3 0x800095aa (0xbfe5)
core   0: 0x800095a2 (0x00002f17) auipc   t5, 0x2
core   0: 3 0x800095a2 (0x00002f17) x30 0x8000b5a2
core   0: 0x800095a6 (0xa43f2f23) sw      gp, -1442(t5)
core   0: 3 0x800095a6 (0xa43f2f23) mem 0x8000b000 0x00000001
core   0: 0x800095aa (0x0000bfe5) c.j     pc - 8
core   0: 3 0x800095aa (0xbfe5)
core   0: 0x800095a2 (0x00002f17) auipc   t5, 0x2
core   0: 3 0x800095a2 (0x00002f17) x30 0x8000b5a2
core   0: 0x800095a6 (0xa43f2f23) sw      gp, -1442(t5)
core   0: 3 0x800095a6 (0xa43f2f23) mem 0x8000b000 0x00000001
core   0: 0x800095aa (0x0000bfe5) c.j     pc - 8
core   0: 3 0x800095aa (0xbfe5)
core   0: 0x800095a2 (0x00002f17) auipc   t5, 0x2
core   0: 3 0x800095a2 (0x00002f17) x30 0x8000b5a2
core   0: 0x800095a6 (0xa43f2f23) sw      gp, -1442(t5)
core   0: 3 0x800095a6 (0xa43f2f23) mem 0x8000b000 0x00000001
core   0: 0x800095aa (0x0000bfe5) c.j     pc - 8
core   0: 3 0x800095aa (0xbfe5)
core   0: 0x800095a2 (0x00002f17) auipc   t5, 0x2
core   0: 3 0x800095a2 (0x00002f17) x30 0x8000b5a2
core   0: 0x800095a6 (0xa43f2f23) sw      gp, -1442(t5)
core   0: 3 0x800095a6 (0xa43f2f23) mem 0x8000b000 0x00000001
core   0: 0x800095aa (0x0000bfe5) c.j     pc - 8
core   0: 3 0x800095aa (0xbfe5)
core   0: 0x800095a2 (0x00002f17) auipc   t5, 0x2
core   0: 3 0x800095a2 (0x00002f17) x30 0x8000b5a2
core   0: 0x800095a6 (0xa43f2f23) sw      gp, -1442(t5)
core   0: 3 0x800095a6 (0xa43f2f23) mem 0x8000b000 0x00000001
core   0: 0x800095aa (0x0000bfe5) c.j     pc - 8
core   0: 3 0x800095aa (0xbfe5)
core   0: 0x800095a2 (0x00002f17) auipc   t5, 0x2
core   0: 3 0x800095a2 (0x00002f17) x30 0x8000b5a2
core   0: 0x800095a6 (0xa43f2f23) sw      gp, -1442(t5)
core   0: 3 0x800095a6 (0xa43f2f23) mem 0x8000b000 0x00000001
core   0: 0x800095aa (0x0000bfe5) c.j     pc - 8
core   0: 3 0x800095aa (0xbfe5)
core   0: 0x800095a2 (0x00002f17) auipc   t5, 0x2
core   0: 3 0x800095a2 (0x00002f17) x30 0x8000b5a2
core   0: 0x800095a6 (0xa43f2f23) sw      gp, -1442(t5)
core   0: 3 0x800095a6 (0xa43f2f23) mem 0x8000b000 0x00000001
core   0: 0x800095aa (0x0000bfe5) c.j     pc - 8
core   0: 3 0x800095aa (0xbfe5)
core   0: 0x800095a2 (0x00002f17) auipc   t5, 0x2
core   0: 3 0x800095a2 (0x00002f17) x30 0x8000b5a2
core   0: 0x800095a6 (0xa43f2f23) sw      gp, -1442(t5)
core   0: 3 0x800095a6 (0xa43f2f23) mem 0x8000b000 0x00000001
core   0: 0x800095aa (0x0000bfe5) c.j     pc - 8
core   0: 3 0x800095aa (0xbfe5)
core   0: 0x800095a2 (0x00002f17) auipc   t5, 0x2
core   0: 3 0x800095a2 (0x00002f17) x30 0x8000b5a2
core   0: 0x800095a6 (0xa43f2f23) sw      gp, -1442(t5)
core   0: 3 0x800095a6 (0xa43f2f23) mem 0x8000b000 0x00000001
core   0: 0x800095aa (0x0000bfe5) c.j     pc - 8
core   0: 3 0x800095aa (0xbfe5)
core   0: 0x800095a2 (0x00002f17) auipc   t5, 0x2
core   0: 3 0x800095a2 (0x00002f17) x30 0x8000b5a2
core   0: 0x800095a6 (0xa43f2f23) sw      gp, -1442(t5)
core   0: 3 0x800095a6 (0xa43f2f23) mem 0x8000b000 0x00000001
core   0: 0x800095aa (0x0000bfe5) c.j     pc - 8
core   0: 3 0x800095aa (0xbfe5)
core   0: 0x800095a2 (0x00002f17) auipc   t5, 0x2
core   0: 3 0x800095a2 (0x00002f17) x30 0x8000b5a2
core   0: 0x800095a6 (0xa43f2f23) sw      gp, -1442(t5)
core   0: 3 0x800095a6 (0xa43f2f23) mem 0x8000b000 0x00000001
core   0: 0x800095aa (0x0000bfe5) c.j     pc - 8
core   0: 3 0x800095aa (0xbfe5)
core   0: 0x800095a2 (0x00002f17) auipc   t5, 0x2
core   0: 3 0x800095a2 (0x00002f17) x30 0x8000b5a2
core   0: 0x800095a6 (0xa43f2f23) sw      gp, -1442(t5)
core   0: 3 0x800095a6 (0xa43f2f23) mem 0x8000b000 0x00000001
core   0: 0x800095aa (0x0000bfe5) c.j     pc - 8
core   0: 3 0x800095aa (0xbfe5)
core   0: 0x800095a2 (0x00002f17) auipc   t5, 0x2
core   0: 3 0x800095a2 (0x00002f17) x30 0x8000b5a2
core   0: 0x800095a6 (0xa43f2f23) sw      gp, -1442(t5)
core   0: 3 0x800095a6 (0xa43f2f23) mem 0x8000b000 0x00000001
core   0: 0x800095aa (0x0000bfe5) c.j     pc - 8
core   0: 3 0x800095aa (0xbfe5)
core   0: 0x800095a2 (0x00002f17) auipc   t5, 0x2
core   0: 3 0x800095a2 (0x00002f17) x30 0x8000b5a2
core   0: 0x800095a6 (0xa43f2f23) sw      gp, -1442(t5)
core   0: 3 0x800095a6 (0xa43f2f23) mem 0x8000b000 0x00000001
core   0: 0x800095aa (0x0000bfe5) c.j     pc - 8
core   0: 3 0x800095aa (0xbfe5)
core   0: 0x800095a2 (0x00002f17) auipc   t5, 0x2
core   0: 3 0x800095a2 (0x00002f17) x30 0x8000b5a2
core   0: 0x800095a6 (0xa43f2f23) sw      gp, -1442(t5)
core   0: 3 0x800095a6 (0xa43f2f23) mem 0x8000b000 0x00000001
core   0: 0x800095aa (0x0000bfe5) c.j     pc - 8
core   0: 3 0x800095aa (0xbfe5)
core   0: 0x800095a2 (0x00002f17) auipc   t5, 0x2
core   0: 3 0x800095a2 (0x00002f17) x30 0x8000b5a2
core   0: 0x800095a6 (0xa43f2f23) sw      gp, -1442(t5)
core   0: 3 0x800095a6 (0xa43f2f23) mem 0x8000b000 0x00000001
core   0: 0x800095aa (0x0000bfe5) c.j     pc - 8
core   0: 3 0x800095aa (0xbfe5)
core   0: 0x800095a2 (0x00002f17) auipc   t5, 0x2
core   0: 3 0x800095a2 (0x00002f17) x30 0x8000b5a2
core   0: 0x800095a6 (0xa43f2f23) sw      gp, -1442(t5)
core   0: 3 0x800095a6 (0xa43f2f23) mem 0x8000b000 0x00000001
core   0: 0x800095aa (0x0000bfe5) c.j     pc - 8
core   0: 3 0x800095aa (0xbfe5)
core   0: 0x800095a2 (0x00002f17) auipc   t5, 0x2
core   0: 3 0x800095a2 (0x00002f17) x30 0x8000b5a2
core   0: 0x800095a6 (0xa43f2f23) sw      gp, -1442(t5)
core   0: 3 0x800095a6 (0xa43f2f23) mem 0x8000b000 0x00000001
core   0: 0x800095aa (0x0000bfe5) c.j     pc - 8
core   0: 3 0x800095aa (0xbfe5)
core   0: 0x800095a2 (0x00002f17) auipc   t5, 0x2
core   0: 3 0x800095a2 (0x00002f17) x30 0x8000b5a2
core   0: 0x800095a6 (0xa43f2f23) sw      gp, -1442(t5)
core   0: 3 0x800095a6 (0xa43f2f23) mem 0x8000b000 0x00000001
core   0: 0x800095aa (0x0000bfe5) c.j     pc - 8
core   0: 3 0x800095aa (0xbfe5)
core   0: 0x800095a2 (0x00002f17) auipc   t5, 0x2
core   0: 3 0x800095a2 (0x00002f17) x30 0x8000b5a2
core   0: 0x800095a6 (0xa43f2f23) sw      gp, -1442(t5)
core   0: 3 0x800095a6 (0xa43f2f23) mem 0x8000b000 0x00000001
core   0: 0x800095aa (0x0000bfe5) c.j     pc - 8
core   0: 3 0x800095aa (0xbfe5)
core   0: 0x800095a2 (0x00002f17) auipc   t5, 0x2
core   0: 3 0x800095a2 (0x00002f17) x30 0x8000b5a2
core   0: 0x800095a6 (0xa43f2f23) sw      gp, -1442(t5)
core   0: 3 0x800095a6 (0xa43f2f23) mem 0x8000b000 0x00000001
core   0: 0x800095aa (0x0000bfe5) c.j     pc - 8
core   0: 3 0x800095aa (0xbfe5)
core   0: 0x800095a2 (0x00002f17) auipc   t5, 0x2
core   0: 3 0x800095a2 (0x00002f17) x30 0x8000b5a2
core   0: 0x800095a6 (0xa43f2f23) sw      gp, -1442(t5)
core   0: 3 0x800095a6 (0xa43f2f23) mem 0x8000b000 0x00000001
core   0: 0x800095aa (0x0000bfe5) c.j     pc - 8
core   0: 3 0x800095aa (0xbfe5)
core   0: 0x800095a2 (0x00002f17) auipc   t5, 0x2
core   0: 3 0x800095a2 (0x00002f17) x30 0x8000b5a2
core   0: 0x800095a6 (0xa43f2f23) sw      gp, -1442(t5)
core   0: 3 0x800095a6 (0xa43f2f23) mem 0x8000b000 0x00000001
core   0: 0x800095aa (0x0000bfe5) c.j     pc - 8
core   0: 3 0x800095aa (0xbfe5)
core   0: 0x800095a2 (0x00002f17) auipc   t5, 0x2
core   0: 3 0x800095a2 (0x00002f17) x30 0x8000b5a2
core   0: 0x800095a6 (0xa43f2f23) sw      gp, -1442(t5)
core   0: 3 0x800095a6 (0xa43f2f23) mem 0x8000b000 0x00000001
core   0: 0x800095aa (0x0000bfe5) c.j     pc - 8
core   0: 3 0x800095aa (0xbfe5)
core   0: 0x800095a2 (0x00002f17) auipc   t5, 0x2
core   0: 3 0x800095a2 (0x00002f17) x30 0x8000b5a2
core   0: 0x800095a6 (0xa43f2f23) sw      gp, -1442(t5)
core   0: 3 0x800095a6 (0xa43f2f23) mem 0x8000b000 0x00000001
core   0: 0x800095aa (0x0000bfe5) c.j     pc - 8
core   0: 3 0x800095aa (0xbfe5)
core   0: 0x800095a2 (0x00002f17) auipc   t5, 0x2
core   0: 3 0x800095a2 (0x00002f17) x30 0x8000b5a2
core   0: 0x800095a6 (0xa43f2f23) sw      gp, -1442(t5)
core   0: 3 0x800095a6 (0xa43f2f23) mem 0x8000b000 0x00000001
core   0: 0x800095aa (0x0000bfe5) c.j     pc - 8
core   0: 3 0x800095aa (0xbfe5)
core   0: 0x800095a2 (0x00002f17) auipc   t5, 0x2
core   0: 3 0x800095a2 (0x00002f17) x30 0x8000b5a2
core   0: 0x800095a6 (0xa43f2f23) sw      gp, -1442(t5)
core   0: 3 0x800095a6 (0xa43f2f23) mem 0x8000b000 0x00000001
core   0: 0x800095aa (0x0000bfe5) c.j     pc - 8
core   0: 3 0x800095aa (0xbfe5)
core   0: 0x800095a2 (0x00002f17) auipc   t5, 0x2
core   0: 3 0x800095a2 (0x00002f17) x30 0x8000b5a2
core   0: 0x800095a6 (0xa43f2f23) sw      gp, -1442(t5)
core   0: 3 0x800095a6 (0xa43f2f23) mem 0x8000b000 0x00000001
core   0: 0x800095aa (0x0000bfe5) c.j     pc - 8
core   0: 3 0x800095aa (0xbfe5)
core   0: 0x800095a2 (0x00002f17) auipc   t5, 0x2
core   0: 3 0x800095a2 (0x00002f17) x30 0x8000b5a2
core   0: 0x800095a6 (0xa43f2f23) sw      gp, -1442(t5)
core   0: 3 0x800095a6 (0xa43f2f23) mem 0x8000b000 0x00000001
core   0: 0x800095aa (0x0000bfe5) c.j     pc - 8
core   0: 3 0x800095aa (0xbfe5)
core   0: 0x800095a2 (0x00002f17) auipc   t5, 0x2
core   0: 3 0x800095a2 (0x00002f17) x30 0x8000b5a2
core   0: 0x800095a6 (0xa43f2f23) sw      gp, -1442(t5)
core   0: 3 0x800095a6 (0xa43f2f23) mem 0x8000b000 0x00000001
core   0: 0x800095aa (0x0000bfe5) c.j     pc - 8
core   0: 3 0x800095aa (0xbfe5)
core   0: 0x800095a2 (0x00002f17) auipc   t5, 0x2
core   0: 3 0x800095a2 (0x00002f17) x30 0x8000b5a2
core   0: 0x800095a6 (0xa43f2f23) sw      gp, -1442(t5)
core   0: 3 0x800095a6 (0xa43f2f23) mem 0x8000b000 0x00000001
core   0: 0x800095aa (0x0000bfe5) c.j     pc - 8
core   0: 3 0x800095aa (0xbfe5)
core   0: 0x800095a2 (0x00002f17) auipc   t5, 0x2
core   0: 3 0x800095a2 (0x00002f17) x30 0x8000b5a2
core   0: 0x800095a6 (0xa43f2f23) sw      gp, -1442(t5)
core   0: 3 0x800095a6 (0xa43f2f23) mem 0x8000b000 0x00000001
core   0: 0x800095aa (0x0000bfe5) c.j     pc - 8
core   0: 3 0x800095aa (0xbfe5)
core   0: 0x800095a2 (0x00002f17) auipc   t5, 0x2
core   0: 3 0x800095a2 (0x00002f17) x30 0x8000b5a2
core   0: 0x800095a6 (0xa43f2f23) sw      gp, -1442(t5)
core   0: 3 0x800095a6 (0xa43f2f23) mem 0x8000b000 0x00000001
core   0: 0x800095aa (0x0000bfe5) c.j     pc - 8
core   0: 3 0x800095aa (0xbfe5)
core   0: 0x800095a2 (0x00002f17) auipc   t5, 0x2
core   0: 3 0x800095a2 (0x00002f17) x30 0x8000b5a2
core   0: 0x800095a6 (0xa43f2f23) sw      gp, -1442(t5)
core   0: 3 0x800095a6 (0xa43f2f23) mem 0x8000b000 0x00000001
core   0: 0x800095aa (0x0000bfe5) c.j     pc - 8
core   0: 3 0x800095aa (0xbfe5)
core   0: 0x800095a2 (0x00002f17) auipc   t5, 0x2
core   0: 3 0x800095a2 (0x00002f17) x30 0x8000b5a2
core   0: 0x800095a6 (0xa43f2f23) sw      gp, -1442(t5)
core   0: 3 0x800095a6 (0xa43f2f23) mem 0x8000b000 0x00000001
core   0: 0x800095aa (0x0000bfe5) c.j     pc - 8
core   0: 3 0x800095aa (0xbfe5)
core   0: 0x800095a2 (0x00002f17) auipc   t5, 0x2
core   0: 3 0x800095a2 (0x00002f17) x30 0x8000b5a2
core   0: 0x800095a6 (0xa43f2f23) sw      gp, -1442(t5)
core   0: 3 0x800095a6 (0xa43f2f23) mem 0x8000b000 0x00000001
core   0: 0x800095aa (0x0000bfe5) c.j     pc - 8
core   0: 3 0x800095aa (0xbfe5)
core   0: 0x800095a2 (0x00002f17) auipc   t5, 0x2
core   0: 3 0x800095a2 (0x00002f17) x30 0x8000b5a2
core   0: 0x800095a6 (0xa43f2f23) sw      gp, -1442(t5)
core   0: 3 0x800095a6 (0xa43f2f23) mem 0x8000b000 0x00000001
core   0: 0x800095aa (0x0000bfe5) c.j     pc - 8
core   0: 3 0x800095aa (0xbfe5)
core   0: 0x800095a2 (0x00002f17) auipc   t5, 0x2
core   0: 3 0x800095a2 (0x00002f17) x30 0x8000b5a2
core   0: 0x800095a6 (0xa43f2f23) sw      gp, -1442(t5)
core   0: 3 0x800095a6 (0xa43f2f23) mem 0x8000b000 0x00000001
core   0: 0x800095aa (0x0000bfe5) c.j     pc - 8
core   0: 3 0x800095aa (0xbfe5)
core   0: 0x800095a2 (0x00002f17) auipc   t5, 0x2
core   0: 3 0x800095a2 (0x00002f17) x30 0x8000b5a2
core   0: 0x800095a6 (0xa43f2f23) sw      gp, -1442(t5)
core   0: 3 0x800095a6 (0xa43f2f23) mem 0x8000b000 0x00000001
core   0: 0x800095aa (0x0000bfe5) c.j     pc - 8
core   0: 3 0x800095aa (0xbfe5)
core   0: 0x800095a2 (0x00002f17) auipc   t5, 0x2
core   0: 3 0x800095a2 (0x00002f17) x30 0x8000b5a2
core   0: 0x800095a6 (0xa43f2f23) sw      gp, -1442(t5)
core   0: 3 0x800095a6 (0xa43f2f23) mem 0x8000b000 0x00000001
core   0: 0x800095aa (0x0000bfe5) c.j     pc - 8
core   0: 3 0x800095aa (0xbfe5)
core   0: 0x800095a2 (0x00002f17) auipc   t5, 0x2
core   0: 3 0x800095a2 (0x00002f17) x30 0x8000b5a2
core   0: 0x800095a6 (0xa43f2f23) sw      gp, -1442(t5)
core   0: 3 0x800095a6 (0xa43f2f23) mem 0x8000b000 0x00000001
core   0: 0x800095aa (0x0000bfe5) c.j     pc - 8
core   0: 3 0x800095aa (0xbfe5)
core   0: 0x800095a2 (0x00002f17) auipc   t5, 0x2
core   0: 3 0x800095a2 (0x00002f17) x30 0x8000b5a2
core   0: 0x800095a6 (0xa43f2f23) sw      gp, -1442(t5)
core   0: 3 0x800095a6 (0xa43f2f23) mem 0x8000b000 0x00000001
core   0: 0x800095aa (0x0000bfe5) c.j     pc - 8
core   0: 3 0x800095aa (0xbfe5)
core   0: 0x800095a2 (0x00002f17) auipc   t5, 0x2
core   0: 3 0x800095a2 (0x00002f17) x30 0x8000b5a2
core   0: 0x800095a6 (0xa43f2f23) sw      gp, -1442(t5)
core   0: 3 0x800095a6 (0xa43f2f23) mem 0x8000b000 0x00000001
core   0: 0x800095aa (0x0000bfe5) c.j     pc - 8
core   0: 3 0x800095aa (0xbfe5)
core   0: 0x800095a2 (0x00002f17) auipc   t5, 0x2
core   0: 3 0x800095a2 (0x00002f17) x30 0x8000b5a2
core   0: 0x800095a6 (0xa43f2f23) sw      gp, -1442(t5)
core   0: 3 0x800095a6 (0xa43f2f23) mem 0x8000b000 0x00000001
core   0: 0x800095aa (0x0000bfe5) c.j     pc - 8
core   0: 3 0x800095aa (0xbfe5)
core   0: 0x800095a2 (0x00002f17) auipc   t5, 0x2
core   0: 3 0x800095a2 (0x00002f17) x30 0x8000b5a2
core   0: 0x800095a6 (0xa43f2f23) sw      gp, -1442(t5)
core   0: 3 0x800095a6 (0xa43f2f23) mem 0x8000b000 0x00000001
core   0: 0x800095aa (0x0000bfe5) c.j     pc - 8
core   0: 3 0x800095aa (0xbfe5)
core   0: 0x800095a2 (0x00002f17) auipc   t5, 0x2
core   0: 3 0x800095a2 (0x00002f17) x30 0x8000b5a2
core   0: 0x800095a6 (0xa43f2f23) sw      gp, -1442(t5)
core   0: 3 0x800095a6 (0xa43f2f23) mem 0x8000b000 0x00000001
core   0: 0x800095aa (0x0000bfe5) c.j     pc - 8
core   0: 3 0x800095aa (0xbfe5)
core   0: 0x800095a2 (0x00002f17) auipc   t5, 0x2
core   0: 3 0x800095a2 (0x00002f17) x30 0x8000b5a2
core   0: 0x800095a6 (0xa43f2f23) sw      gp, -1442(t5)
core   0: 3 0x800095a6 (0xa43f2f23) mem 0x8000b000 0x00000001
core   0: 0x800095aa (0x0000bfe5) c.j     pc - 8
core   0: 3 0x800095aa (0xbfe5)
core   0: 0x800095a2 (0x00002f17) auipc   t5, 0x2
core   0: 3 0x800095a2 (0x00002f17) x30 0x8000b5a2
core   0: 0x800095a6 (0xa43f2f23) sw      gp, -1442(t5)
core   0: 3 0x800095a6 (0xa43f2f23) mem 0x8000b000 0x00000001
core   0: 0x800095aa (0x0000bfe5) c.j     pc - 8
core   0: 3 0x800095aa (0xbfe5)
core   0: 0x800095a2 (0x00002f17) auipc   t5, 0x2
core   0: 3 0x800095a2 (0x00002f17) x30 0x8000b5a2
core   0: 0x800095a6 (0xa43f2f23) sw      gp, -1442(t5)
core   0: 3 0x800095a6 (0xa43f2f23) mem 0x8000b000 0x00000001
core   0: 0x800095aa (0x0000bfe5) c.j     pc - 8
core   0: 3 0x800095aa (0xbfe5)
core   0: 0x800095a2 (0x00002f17) auipc   t5, 0x2
core   0: 3 0x800095a2 (0x00002f17) x30 0x8000b5a2
core   0: 0x800095a6 (0xa43f2f23) sw      gp, -1442(t5)
core   0: 3 0x800095a6 (0xa43f2f23) mem 0x8000b000 0x00000001
core   0: 0x800095aa (0x0000bfe5) c.j     pc - 8
core   0: 3 0x800095aa (0xbfe5)
core   0: 0x800095a2 (0x00002f17) auipc   t5, 0x2
core   0: 3 0x800095a2 (0x00002f17) x30 0x8000b5a2
core   0: 0x800095a6 (0xa43f2f23) sw      gp, -1442(t5)
core   0: 3 0x800095a6 (0xa43f2f23) mem 0x8000b000 0x00000001
core   0: 0x800095aa (0x0000bfe5) c.j     pc - 8
core   0: 3 0x800095aa (0xbfe5)
core   0: 0x800095a2 (0x00002f17) auipc   t5, 0x2
core   0: 3 0x800095a2 (0x00002f17) x30 0x8000b5a2
core   0: 0x800095a6 (0xa43f2f23) sw      gp, -1442(t5)
core   0: 3 0x800095a6 (0xa43f2f23) mem 0x8000b000 0x00000001
core   0: 0x800095aa (0x0000bfe5) c.j     pc - 8
core   0: 3 0x800095aa (0xbfe5)
core   0: 0x800095a2 (0x00002f17) auipc   t5, 0x2
core   0: 3 0x800095a2 (0x00002f17) x30 0x8000b5a2
core   0: 0x800095a6 (0xa43f2f23) sw      gp, -1442(t5)
core   0: 3 0x800095a6 (0xa43f2f23) mem 0x8000b000 0x00000001
core   0: 0x800095aa (0x0000bfe5) c.j     pc - 8
core   0: 3 0x800095aa (0xbfe5)
core   0: 0x800095a2 (0x00002f17) auipc   t5, 0x2
core   0: 3 0x800095a2 (0x00002f17) x30 0x8000b5a2
core   0: 0x800095a6 (0xa43f2f23) sw      gp, -1442(t5)
core   0: 3 0x800095a6 (0xa43f2f23) mem 0x8000b000 0x00000001
core   0: 0x800095aa (0x0000bfe5) c.j     pc - 8
core   0: 3 0x800095aa (0xbfe5)
core   0: 0x800095a2 (0x00002f17) auipc   t5, 0x2
core   0: 3 0x800095a2 (0x00002f17) x30 0x8000b5a2
core   0: 0x800095a6 (0xa43f2f23) sw      gp, -1442(t5)
core   0: 3 0x800095a6 (0xa43f2f23) mem 0x8000b000 0x00000001
core   0: 0x800095aa (0x0000bfe5) c.j     pc - 8
core   0: 3 0x800095aa (0xbfe5)
core   0: 0x800095a2 (0x00002f17) auipc   t5, 0x2
core   0: 3 0x800095a2 (0x00002f17) x30 0x8000b5a2
core   0: 0x800095a6 (0xa43f2f23) sw      gp, -1442(t5)
core   0: 3 0x800095a6 (0xa43f2f23) mem 0x8000b000 0x00000001
core   0: 0x800095aa (0x0000bfe5) c.j     pc - 8
core   0: 3 0x800095aa (0xbfe5)
core   0: 0x800095a2 (0x00002f17) auipc   t5, 0x2
core   0: 3 0x800095a2 (0x00002f17) x30 0x8000b5a2
core   0: 0x800095a6 (0xa43f2f23) sw      gp, -1442(t5)
core   0: 3 0x800095a6 (0xa43f2f23) mem 0x8000b000 0x00000001
core   0: 0x800095aa (0x0000bfe5) c.j     pc - 8
core   0: 3 0x800095aa (0xbfe5)
core   0: 0x800095a2 (0x00002f17) auipc   t5, 0x2
core   0: 3 0x800095a2 (0x00002f17) x30 0x8000b5a2
core   0: 0x800095a6 (0xa43f2f23) sw      gp, -1442(t5)
core   0: 3 0x800095a6 (0xa43f2f23) mem 0x8000b000 0x00000001
core   0: 0x800095aa (0x0000bfe5) c.j     pc - 8
core   0: 3 0x800095aa (0xbfe5)
core   0: 0x800095a2 (0x00002f17) auipc   t5, 0x2
core   0: 3 0x800095a2 (0x00002f17) x30 0x8000b5a2
core   0: 0x800095a6 (0xa43f2f23) sw      gp, -1442(t5)
core   0: 3 0x800095a6 (0xa43f2f23) mem 0x8000b000 0x00000001
core   0: 0x800095aa (0x0000bfe5) c.j     pc - 8
core   0: 3 0x800095aa (0xbfe5)
core   0: 0x800095a2 (0x00002f17) auipc   t5, 0x2
core   0: 3 0x800095a2 (0x00002f17) x30 0x8000b5a2
core   0: 0x800095a6 (0xa43f2f23) sw      gp, -1442(t5)
core   0: 3 0x800095a6 (0xa43f2f23) mem 0x8000b000 0x00000001
core   0: 0x800095aa (0x0000bfe5) c.j     pc - 8
core   0: 3 0x800095aa (0xbfe5)
core   0: 0x800095a2 (0x00002f17) auipc   t5, 0x2
core   0: 3 0x800095a2 (0x00002f17) x30 0x8000b5a2
core   0: 0x800095a6 (0xa43f2f23) sw      gp, -1442(t5)
core   0: 3 0x800095a6 (0xa43f2f23) mem 0x8000b000 0x00000001
core   0: 0x800095aa (0x0000bfe5) c.j     pc - 8
core   0: 3 0x800095aa (0xbfe5)
core   0: 0x800095a2 (0x00002f17) auipc   t5, 0x2
core   0: 3 0x800095a2 (0x00002f17) x30 0x8000b5a2
core   0: 0x800095a6 (0xa43f2f23) sw      gp, -1442(t5)
core   0: 3 0x800095a6 (0xa43f2f23) mem 0x8000b000 0x00000001
core   0: 0x800095aa (0x0000bfe5) c.j     pc - 8
core   0: 3 0x800095aa (0xbfe5)
core   0: 0x800095a2 (0x00002f17) auipc   t5, 0x2
core   0: 3 0x800095a2 (0x00002f17) x30 0x8000b5a2
core   0: 0x800095a6 (0xa43f2f23) sw      gp, -1442(t5)
core   0: 3 0x800095a6 (0xa43f2f23) mem 0x8000b000 0x00000001
core   0: 0x800095aa (0x0000bfe5) c.j     pc - 8
core   0: 3 0x800095aa (0xbfe5)
core   0: 0x800095a2 (0x00002f17) auipc   t5, 0x2
core   0: 3 0x800095a2 (0x00002f17) x30 0x8000b5a2
core   0: 0x800095a6 (0xa43f2f23) sw      gp, -1442(t5)
core   0: 3 0x800095a6 (0xa43f2f23) mem 0x8000b000 0x00000001
core   0: 0x800095aa (0x0000bfe5) c.j     pc - 8
core   0: 3 0x800095aa (0xbfe5)
core   0: 0x800095a2 (0x00002f17) auipc   t5, 0x2
core   0: 3 0x800095a2 (0x00002f17) x30 0x8000b5a2
core   0: 0x800095a6 (0xa43f2f23) sw      gp, -1442(t5)
core   0: 3 0x800095a6 (0xa43f2f23) mem 0x8000b000 0x00000001
core   0: 0x800095aa (0x0000bfe5) c.j     pc - 8
core   0: 3 0x800095aa (0xbfe5)
core   0: 0x800095a2 (0x00002f17) auipc   t5, 0x2
core   0: 3 0x800095a2 (0x00002f17) x30 0x8000b5a2
core   0: 0x800095a6 (0xa43f2f23) sw      gp, -1442(t5)
core   0: 3 0x800095a6 (0xa43f2f23) mem 0x8000b000 0x00000001
core   0: 0x800095aa (0x0000bfe5) c.j     pc - 8
core   0: 3 0x800095aa (0xbfe5)
core   0: 0x800095a2 (0x00002f17) auipc   t5, 0x2
core   0: 3 0x800095a2 (0x00002f17) x30 0x8000b5a2
core   0: 0x800095a6 (0xa43f2f23) sw      gp, -1442(t5)
core   0: 3 0x800095a6 (0xa43f2f23) mem 0x8000b000 0x00000001
core   0: 0x800095aa (0x0000bfe5) c.j     pc - 8
core   0: 3 0x800095aa (0xbfe5)
core   0: 0x800095a2 (0x00002f17) auipc   t5, 0x2
core   0: 3 0x800095a2 (0x00002f17) x30 0x8000b5a2
core   0: 0x800095a6 (0xa43f2f23) sw      gp, -1442(t5)
core   0: 3 0x800095a6 (0xa43f2f23) mem 0x8000b000 0x00000001
core   0: 0x800095aa (0x0000bfe5) c.j     pc - 8
core   0: 3 0x800095aa (0xbfe5)
core   0: 0x800095a2 (0x00002f17) auipc   t5, 0x2
core   0: 3 0x800095a2 (0x00002f17) x30 0x8000b5a2
core   0: 0x800095a6 (0xa43f2f23) sw      gp, -1442(t5)
core   0: 3 0x800095a6 (0xa43f2f23) mem 0x8000b000 0x00000001
core   0: 0x800095aa (0x0000bfe5) c.j     pc - 8
core   0: 3 0x800095aa (0xbfe5)
core   0: 0x800095a2 (0x00002f17) auipc   t5, 0x2
core   0: 3 0x800095a2 (0x00002f17) x30 0x8000b5a2
core   0: 0x800095a6 (0xa43f2f23) sw      gp, -1442(t5)
core   0: 3 0x800095a6 (0xa43f2f23) mem 0x8000b000 0x00000001
core   0: 0x800095aa (0x0000bfe5) c.j     pc - 8
core   0: 3 0x800095aa (0xbfe5)
core   0: 0x800095a2 (0x00002f17) auipc   t5, 0x2
core   0: 3 0x800095a2 (0x00002f17) x30 0x8000b5a2
core   0: 0x800095a6 (0xa43f2f23) sw      gp, -1442(t5)
core   0: 3 0x800095a6 (0xa43f2f23) mem 0x8000b000 0x00000001
core   0: 0x800095aa (0x0000bfe5) c.j     pc - 8
core   0: 3 0x800095aa (0xbfe5)
core   0: 0x800095a2 (0x00002f17) auipc   t5, 0x2
core   0: 3 0x800095a2 (0x00002f17) x30 0x8000b5a2
core   0: 0x800095a6 (0xa43f2f23) sw      gp, -1442(t5)
core   0: 3 0x800095a6 (0xa43f2f23) mem 0x8000b000 0x00000001
core   0: 0x800095aa (0x0000bfe5) c.j     pc - 8
core   0: 3 0x800095aa (0xbfe5)
core   0: 0x800095a2 (0x00002f17) auipc   t5, 0x2
core   0: 3 0x800095a2 (0x00002f17) x30 0x8000b5a2
core   0: 0x800095a6 (0xa43f2f23) sw      gp, -1442(t5)
core   0: 3 0x800095a6 (0xa43f2f23) mem 0x8000b000 0x00000001
core   0: 0x800095aa (0x0000bfe5) c.j     pc - 8
core   0: 3 0x800095aa (0xbfe5)
core   0: 0x800095a2 (0x00002f17) auipc   t5, 0x2
core   0: 3 0x800095a2 (0x00002f17) x30 0x8000b5a2
core   0: 0x800095a6 (0xa43f2f23) sw      gp, -1442(t5)
core   0: 3 0x800095a6 (0xa43f2f23) mem 0x8000b000 0x00000001
core   0: 0x800095aa (0x0000bfe5) c.j     pc - 8
core   0: 3 0x800095aa (0xbfe5)
core   0: 0x800095a2 (0x00002f17) auipc   t5, 0x2
core   0: 3 0x800095a2 (0x00002f17) x30 0x8000b5a2
core   0: 0x800095a6 (0xa43f2f23) sw      gp, -1442(t5)
core   0: 3 0x800095a6 (0xa43f2f23) mem 0x8000b000 0x00000001
core   0: 0x800095aa (0x0000bfe5) c.j     pc - 8
core   0: 3 0x800095aa (0xbfe5)
core   0: 0x800095a2 (0x00002f17) auipc   t5, 0x2
core   0: 3 0x800095a2 (0x00002f17) x30 0x8000b5a2
core   0: 0x800095a6 (0xa43f2f23) sw      gp, -1442(t5)
core   0: 3 0x800095a6 (0xa43f2f23) mem 0x8000b000 0x00000001
core   0: 0x800095aa (0x0000bfe5) c.j     pc - 8
core   0: 3 0x800095aa (0xbfe5)
core   0: 0x800095a2 (0x00002f17) auipc   t5, 0x2
core   0: 3 0x800095a2 (0x00002f17) x30 0x8000b5a2
core   0: 0x800095a6 (0xa43f2f23) sw      gp, -1442(t5)
core   0: 3 0x800095a6 (0xa43f2f23) mem 0x8000b000 0x00000001
core   0: 0x800095aa (0x0000bfe5) c.j     pc - 8
core   0: 3 0x800095aa (0xbfe5)
core   0: 0x800095a2 (0x00002f17) auipc   t5, 0x2
core   0: 3 0x800095a2 (0x00002f17) x30 0x8000b5a2
core   0: 0x800095a6 (0xa43f2f23) sw      gp, -1442(t5)
core   0: 3 0x800095a6 (0xa43f2f23) mem 0x8000b000 0x00000001
core   0: 0x800095aa (0x0000bfe5) c.j     pc - 8
core   0: 3 0x800095aa (0xbfe5)
core   0: 0x800095a2 (0x00002f17) auipc   t5, 0x2
core   0: 3 0x800095a2 (0x00002f17) x30 0x8000b5a2
core   0: 0x800095a6 (0xa43f2f23) sw      gp, -1442(t5)
core   0: 3 0x800095a6 (0xa43f2f23) mem 0x8000b000 0x00000001
core   0: 0x800095aa (0x0000bfe5) c.j     pc - 8
core   0: 3 0x800095aa (0xbfe5)
core   0: 0x800095a2 (0x00002f17) auipc   t5, 0x2
core   0: 3 0x800095a2 (0x00002f17) x30 0x8000b5a2
core   0: 0x800095a6 (0xa43f2f23) sw      gp, -1442(t5)
core   0: 3 0x800095a6 (0xa43f2f23) mem 0x8000b000 0x00000001
core   0: 0x800095aa (0x0000bfe5) c.j     pc - 8
core   0: 3 0x800095aa (0xbfe5)
core   0: 0x800095a2 (0x00002f17) auipc   t5, 0x2
core   0: 3 0x800095a2 (0x00002f17) x30 0x8000b5a2
core   0: 0x800095a6 (0xa43f2f23) sw      gp, -1442(t5)
core   0: 3 0x800095a6 (0xa43f2f23) mem 0x8000b000 0x00000001
core   0: 0x800095aa (0x0000bfe5) c.j     pc - 8
core   0: 3 0x800095aa (0xbfe5)
core   0: 0x800095a2 (0x00002f17) auipc   t5, 0x2
core   0: 3 0x800095a2 (0x00002f17) x30 0x8000b5a2
core   0: 0x800095a6 (0xa43f2f23) sw      gp, -1442(t5)
core   0: 3 0x800095a6 (0xa43f2f23) mem 0x8000b000 0x00000001
core   0: 0x800095aa (0x0000bfe5) c.j     pc - 8
core   0: 3 0x800095aa (0xbfe5)
core   0: 0x800095a2 (0x00002f17) auipc   t5, 0x2
core   0: 3 0x800095a2 (0x00002f17) x30 0x8000b5a2
core   0: 0x800095a6 (0xa43f2f23) sw      gp, -1442(t5)
core   0: 3 0x800095a6 (0xa43f2f23) mem 0x8000b000 0x00000001
core   0: 0x800095aa (0x0000bfe5) c.j     pc - 8
core   0: 3 0x800095aa (0xbfe5)
core   0: 0x800095a2 (0x00002f17) auipc   t5, 0x2
core   0: 3 0x800095a2 (0x00002f17) x30 0x8000b5a2
core   0: 0x800095a6 (0xa43f2f23) sw      gp, -1442(t5)
core   0: 3 0x800095a6 (0xa43f2f23) mem 0x8000b000 0x00000001
core   0: 0x800095aa (0x0000bfe5) c.j     pc - 8
core   0: 3 0x800095aa (0xbfe5)
core   0: 0x800095a2 (0x00002f17) auipc   t5, 0x2
core   0: 3 0x800095a2 (0x00002f17) x30 0x8000b5a2
core   0: 0x800095a6 (0xa43f2f23) sw      gp, -1442(t5)
core   0: 3 0x800095a6 (0xa43f2f23) mem 0x8000b000 0x00000001
core   0: 0x800095aa (0x0000bfe5) c.j     pc - 8
core   0: 3 0x800095aa (0xbfe5)
core   0: 0x800095a2 (0x00002f17) auipc   t5, 0x2
core   0: 3 0x800095a2 (0x00002f17) x30 0x8000b5a2
core   0: 0x800095a6 (0xa43f2f23) sw      gp, -1442(t5)
core   0: 3 0x800095a6 (0xa43f2f23) mem 0x8000b000 0x00000001
core   0: 0x800095aa (0x0000bfe5) c.j     pc - 8
core   0: 3 0x800095aa (0xbfe5)
core   0: 0x800095a2 (0x00002f17) auipc   t5, 0x2
core   0: 3 0x800095a2 (0x00002f17) x30 0x8000b5a2
core   0: 0x800095a6 (0xa43f2f23) sw      gp, -1442(t5)
core   0: 3 0x800095a6 (0xa43f2f23) mem 0x8000b000 0x00000001
core   0: 0x800095aa (0x0000bfe5) c.j     pc - 8
core   0: 3 0x800095aa (0xbfe5)
core   0: 0x800095a2 (0x00002f17) auipc   t5, 0x2
core   0: 3 0x800095a2 (0x00002f17) x30 0x8000b5a2
core   0: 0x800095a6 (0xa43f2f23) sw      gp, -1442(t5)
core   0: 3 0x800095a6 (0xa43f2f23) mem 0x8000b000 0x00000001
core   0: 0x800095aa (0x0000bfe5) c.j     pc - 8
core   0: 3 0x800095aa (0xbfe5)
core   0: 0x800095a2 (0x00002f17) auipc   t5, 0x2
core   0: 3 0x800095a2 (0x00002f17) x30 0x8000b5a2
core   0: 0x800095a6 (0xa43f2f23) sw      gp, -1442(t5)
core   0: 3 0x800095a6 (0xa43f2f23) mem 0x8000b000 0x00000001
core   0: 0x800095aa (0x0000bfe5) c.j     pc - 8
core   0: 3 0x800095aa (0xbfe5)
core   0: 0x800095a2 (0x00002f17) auipc   t5, 0x2
core   0: 3 0x800095a2 (0x00002f17) x30 0x8000b5a2
core   0: 0x800095a6 (0xa43f2f23) sw      gp, -1442(t5)
core   0: 3 0x800095a6 (0xa43f2f23) mem 0x8000b000 0x00000001
core   0: 0x800095aa (0x0000bfe5) c.j     pc - 8
core   0: 3 0x800095aa (0xbfe5)
core   0: 0x800095a2 (0x00002f17) auipc   t5, 0x2
core   0: 3 0x800095a2 (0x00002f17) x30 0x8000b5a2
core   0: 0x800095a6 (0xa43f2f23) sw      gp, -1442(t5)
core   0: 3 0x800095a6 (0xa43f2f23) mem 0x8000b000 0x00000001
core   0: 0x800095aa (0x0000bfe5) c.j     pc - 8
core   0: 3 0x800095aa (0xbfe5)
core   0: 0x800095a2 (0x00002f17) auipc   t5, 0x2
core   0: 3 0x800095a2 (0x00002f17) x30 0x8000b5a2
core   0: 0x800095a6 (0xa43f2f23) sw      gp, -1442(t5)
core   0: 3 0x800095a6 (0xa43f2f23) mem 0x8000b000 0x00000001
core   0: 0x800095aa (0x0000bfe5) c.j     pc - 8
core   0: 3 0x800095aa (0xbfe5)
core   0: 0x800095a2 (0x00002f17) auipc   t5, 0x2
core   0: 3 0x800095a2 (0x00002f17) x30 0x8000b5a2
core   0: 0x800095a6 (0xa43f2f23) sw      gp, -1442(t5)
core   0: 3 0x800095a6 (0xa43f2f23) mem 0x8000b000 0x00000001
core   0: 0x800095aa (0x0000bfe5) c.j     pc - 8
core   0: 3 0x800095aa (0xbfe5)
core   0: 0x800095a2 (0x00002f17) auipc   t5, 0x2
core   0: 3 0x800095a2 (0x00002f17) x30 0x8000b5a2
core   0: 0x800095a6 (0xa43f2f23) sw      gp, -1442(t5)
core   0: 3 0x800095a6 (0xa43f2f23) mem 0x8000b000 0x00000001
core   0: 0x800095aa (0x0000bfe5) c.j     pc - 8
core   0: 3 0x800095aa (0xbfe5)
core   0: 0x800095a2 (0x00002f17) auipc   t5, 0x2
core   0: 3 0x800095a2 (0x00002f17) x30 0x8000b5a2
core   0: 0x800095a6 (0xa43f2f23) sw      gp, -1442(t5)
core   0: 3 0x800095a6 (0xa43f2f23) mem 0x8000b000 0x00000001
core   0: 0x800095aa (0x0000bfe5) c.j     pc - 8
core   0: 3 0x800095aa (0xbfe5)
core   0: 0x800095a2 (0x00002f17) auipc   t5, 0x2
core   0: 3 0x800095a2 (0x00002f17) x30 0x8000b5a2
core   0: 0x800095a6 (0xa43f2f23) sw      gp, -1442(t5)
core   0: 3 0x800095a6 (0xa43f2f23) mem 0x8000b000 0x00000001
core   0: 0x800095aa (0x0000bfe5) c.j     pc - 8
core   0: 3 0x800095aa (0xbfe5)
core   0: 0x800095a2 (0x00002f17) auipc   t5, 0x2
core   0: 3 0x800095a2 (0x00002f17) x30 0x8000b5a2
core   0: 0x800095a6 (0xa43f2f23) sw      gp, -1442(t5)
core   0: 3 0x800095a6 (0xa43f2f23) mem 0x8000b000 0x00000001
core   0: 0x800095aa (0x0000bfe5) c.j     pc - 8
core   0: 3 0x800095aa (0xbfe5)
core   0: 0x800095a2 (0x00002f17) auipc   t5, 0x2
core   0: 3 0x800095a2 (0x00002f17) x30 0x8000b5a2
core   0: 0x800095a6 (0xa43f2f23) sw      gp, -1442(t5)
core   0: 3 0x800095a6 (0xa43f2f23) mem 0x8000b000 0x00000001
core   0: 0x800095aa (0x0000bfe5) c.j     pc - 8
core   0: 3 0x800095aa (0xbfe5)
core   0: 0x800095a2 (0x00002f17) auipc   t5, 0x2
core   0: 3 0x800095a2 (0x00002f17) x30 0x8000b5a2
core   0: 0x800095a6 (0xa43f2f23) sw      gp, -1442(t5)
core   0: 3 0x800095a6 (0xa43f2f23) mem 0x8000b000 0x00000001
core   0: 0x800095aa (0x0000bfe5) c.j     pc - 8
core   0: 3 0x800095aa (0xbfe5)
core   0: 0x800095a2 (0x00002f17) auipc   t5, 0x2
core   0: 3 0x800095a2 (0x00002f17) x30 0x8000b5a2
core   0: 0x800095a6 (0xa43f2f23) sw      gp, -1442(t5)
core   0: 3 0x800095a6 (0xa43f2f23) mem 0x8000b000 0x00000001
core   0: 0x800095aa (0x0000bfe5) c.j     pc - 8
core   0: 3 0x800095aa (0xbfe5)
core   0: 0x800095a2 (0x00002f17) auipc   t5, 0x2
core   0: 3 0x800095a2 (0x00002f17) x30 0x8000b5a2
core   0: 0x800095a6 (0xa43f2f23) sw      gp, -1442(t5)
core   0: 3 0x800095a6 (0xa43f2f23) mem 0x8000b000 0x00000001
core   0: 0x800095aa (0x0000bfe5) c.j     pc - 8
core   0: 3 0x800095aa (0xbfe5)
core   0: 0x800095a2 (0x00002f17) auipc   t5, 0x2
core   0: 3 0x800095a2 (0x00002f17) x30 0x8000b5a2
core   0: 0x800095a6 (0xa43f2f23) sw      gp, -1442(t5)
core   0: 3 0x800095a6 (0xa43f2f23) mem 0x8000b000 0x00000001
core   0: 0x800095aa (0x0000bfe5) c.j     pc - 8
core   0: 3 0x800095aa (0xbfe5)
core   0: 0x800095a2 (0x00002f17) auipc   t5, 0x2
core   0: 3 0x800095a2 (0x00002f17) x30 0x8000b5a2
core   0: 0x800095a6 (0xa43f2f23) sw      gp, -1442(t5)
core   0: 3 0x800095a6 (0xa43f2f23) mem 0x8000b000 0x00000001
core   0: 0x800095aa (0x0000bfe5) c.j     pc - 8
core   0: 3 0x800095aa (0xbfe5)
core   0: 0x800095a2 (0x00002f17) auipc   t5, 0x2
core   0: 3 0x800095a2 (0x00002f17) x30 0x8000b5a2
core   0: 0x800095a6 (0xa43f2f23) sw      gp, -1442(t5)
core   0: 3 0x800095a6 (0xa43f2f23) mem 0x8000b000 0x00000001
core   0: 0x800095aa (0x0000bfe5) c.j     pc - 8
core   0: 3 0x800095aa (0xbfe5)
core   0: 0x800095a2 (0x00002f17) auipc   t5, 0x2
core   0: 3 0x800095a2 (0x00002f17) x30 0x8000b5a2
core   0: 0x800095a6 (0xa43f2f23) sw      gp, -1442(t5)
core   0: 3 0x800095a6 (0xa43f2f23) mem 0x8000b000 0x00000001
core   0: 0x800095aa (0x0000bfe5) c.j     pc - 8
core   0: 3 0x800095aa (0xbfe5)
core   0: 0x800095a2 (0x00002f17) auipc   t5, 0x2
core   0: 3 0x800095a2 (0x00002f17) x30 0x8000b5a2
core   0: 0x800095a6 (0xa43f2f23) sw      gp, -1442(t5)
core   0: 3 0x800095a6 (0xa43f2f23) mem 0x8000b000 0x00000001
core   0: 0x800095aa (0x0000bfe5) c.j     pc - 8
core   0: 3 0x800095aa (0xbfe5)
core   0: 0x800095a2 (0x00002f17) auipc   t5, 0x2
core   0: 3 0x800095a2 (0x00002f17) x30 0x8000b5a2
core   0: 0x800095a6 (0xa43f2f23) sw      gp, -1442(t5)
core   0: 3 0x800095a6 (0xa43f2f23) mem 0x8000b000 0x00000001
core   0: 0x800095aa (0x0000bfe5) c.j     pc - 8
core   0: 3 0x800095aa (0xbfe5)
core   0: 0x800095a2 (0x00002f17) auipc   t5, 0x2
core   0: 3 0x800095a2 (0x00002f17) x30 0x8000b5a2
core   0: 0x800095a6 (0xa43f2f23) sw      gp, -1442(t5)
core   0: 3 0x800095a6 (0xa43f2f23) mem 0x8000b000 0x00000001
core   0: 0x800095aa (0x0000bfe5) c.j     pc - 8
core   0: 3 0x800095aa (0xbfe5)
core   0: 0x800095a2 (0x00002f17) auipc   t5, 0x2
core   0: 3 0x800095a2 (0x00002f17) x30 0x8000b5a2
core   0: 0x800095a6 (0xa43f2f23) sw      gp, -1442(t5)
core   0: 3 0x800095a6 (0xa43f2f23) mem 0x8000b000 0x00000001
core   0: 0x800095aa (0x0000bfe5) c.j     pc - 8
core   0: 3 0x800095aa (0xbfe5)
core   0: 0x800095a2 (0x00002f17) auipc   t5, 0x2
core   0: 3 0x800095a2 (0x00002f17) x30 0x8000b5a2
core   0: 0x800095a6 (0xa43f2f23) sw      gp, -1442(t5)
core   0: 3 0x800095a6 (0xa43f2f23) mem 0x8000b000 0x00000001
core   0: 0x800095aa (0x0000bfe5) c.j     pc - 8
core   0: 3 0x800095aa (0xbfe5)
core   0: 0x800095a2 (0x00002f17) auipc   t5, 0x2
core   0: 3 0x800095a2 (0x00002f17) x30 0x8000b5a2
core   0: 0x800095a6 (0xa43f2f23) sw      gp, -1442(t5)
core   0: 3 0x800095a6 (0xa43f2f23) mem 0x8000b000 0x00000001
core   0: 0x800095aa (0x0000bfe5) c.j     pc - 8
core   0: 3 0x800095aa (0xbfe5)
core   0: 0x800095a2 (0x00002f17) auipc   t5, 0x2
core   0: 3 0x800095a2 (0x00002f17) x30 0x8000b5a2
core   0: 0x800095a6 (0xa43f2f23) sw      gp, -1442(t5)
core   0: 3 0x800095a6 (0xa43f2f23) mem 0x8000b000 0x00000001
core   0: 0x800095aa (0x0000bfe5) c.j     pc - 8
core   0: 3 0x800095aa (0xbfe5)
core   0: 0x800095a2 (0x00002f17) auipc   t5, 0x2
core   0: 3 0x800095a2 (0x00002f17) x30 0x8000b5a2
core   0: 0x800095a6 (0xa43f2f23) sw      gp, -1442(t5)
core   0: 3 0x800095a6 (0xa43f2f23) mem 0x8000b000 0x00000001
core   0: 0x800095aa (0x0000bfe5) c.j     pc - 8
core   0: 3 0x800095aa (0xbfe5)
core   0: 0x800095a2 (0x00002f17) auipc   t5, 0x2
core   0: 3 0x800095a2 (0x00002f17) x30 0x8000b5a2
core   0: 0x800095a6 (0xa43f2f23) sw      gp, -1442(t5)
core   0: 3 0x800095a6 (0xa43f2f23) mem 0x8000b000 0x00000001
core   0: 0x800095aa (0x0000bfe5) c.j     pc - 8
core   0: 3 0x800095aa (0xbfe5)
core   0: 0x800095a2 (0x00002f17) auipc   t5, 0x2
core   0: 3 0x800095a2 (0x00002f17) x30 0x8000b5a2
core   0: 0x800095a6 (0xa43f2f23) sw      gp, -1442(t5)
core   0: 3 0x800095a6 (0xa43f2f23) mem 0x8000b000 0x00000001
core   0: 0x800095aa (0x0000bfe5) c.j     pc - 8
core   0: 3 0x800095aa (0xbfe5)
core   0: 0x800095a2 (0x00002f17) auipc   t5, 0x2
core   0: 3 0x800095a2 (0x00002f17) x30 0x8000b5a2
core   0: 0x800095a6 (0xa43f2f23) sw      gp, -1442(t5)
core   0: 3 0x800095a6 (0xa43f2f23) mem 0x8000b000 0x00000001
core   0: 0x800095aa (0x0000bfe5) c.j     pc - 8
core   0: 3 0x800095aa (0xbfe5)
core   0: 0x800095a2 (0x00002f17) auipc   t5, 0x2
core   0: 3 0x800095a2 (0x00002f17) x30 0x8000b5a2
core   0: 0x800095a6 (0xa43f2f23) sw      gp, -1442(t5)
core   0: 3 0x800095a6 (0xa43f2f23) mem 0x8000b000 0x00000001
core   0: 0x800095aa (0x0000bfe5) c.j     pc - 8
core   0: 3 0x800095aa (0xbfe5)
core   0: 0x800095a2 (0x00002f17) auipc   t5, 0x2
core   0: 3 0x800095a2 (0x00002f17) x30 0x8000b5a2
core   0: 0x800095a6 (0xa43f2f23) sw      gp, -1442(t5)
core   0: 3 0x800095a6 (0xa43f2f23) mem 0x8000b000 0x00000001
core   0: 0x800095aa (0x0000bfe5) c.j     pc - 8
core   0: 3 0x800095aa (0xbfe5)
core   0: 0x800095a2 (0x00002f17) auipc   t5, 0x2
core   0: 3 0x800095a2 (0x00002f17) x30 0x8000b5a2
core   0: 0x800095a6 (0xa43f2f23) sw      gp, -1442(t5)
core   0: 3 0x800095a6 (0xa43f2f23) mem 0x8000b000 0x00000001
core   0: 0x800095aa (0x0000bfe5) c.j     pc - 8
core   0: 3 0x800095aa (0xbfe5)
core   0: 0x800095a2 (0x00002f17) auipc   t5, 0x2
core   0: 3 0x800095a2 (0x00002f17) x30 0x8000b5a2
core   0: 0x800095a6 (0xa43f2f23) sw      gp, -1442(t5)
core   0: 3 0x800095a6 (0xa43f2f23) mem 0x8000b000 0x00000001
core   0: 0x800095aa (0x0000bfe5) c.j     pc - 8
core   0: 3 0x800095aa (0xbfe5)
core   0: 0x800095a2 (0x00002f17) auipc   t5, 0x2
core   0: 3 0x800095a2 (0x00002f17) x30 0x8000b5a2
core   0: 0x800095a6 (0xa43f2f23) sw      gp, -1442(t5)
core   0: 3 0x800095a6 (0xa43f2f23) mem 0x8000b000 0x00000001
core   0: 0x800095aa (0x0000bfe5) c.j     pc - 8
core   0: 3 0x800095aa (0xbfe5)
core   0: 0x800095a2 (0x00002f17) auipc   t5, 0x2
core   0: 3 0x800095a2 (0x00002f17) x30 0x8000b5a2
core   0: 0x800095a6 (0xa43f2f23) sw      gp, -1442(t5)
core   0: 3 0x800095a6 (0xa43f2f23) mem 0x8000b000 0x00000001
core   0: 0x800095aa (0x0000bfe5) c.j     pc - 8
core   0: 3 0x800095aa (0xbfe5)
core   0: 0x800095a2 (0x00002f17) auipc   t5, 0x2
core   0: 3 0x800095a2 (0x00002f17) x30 0x8000b5a2
core   0: 0x800095a6 (0xa43f2f23) sw      gp, -1442(t5)
core   0: 3 0x800095a6 (0xa43f2f23) mem 0x8000b000 0x00000001
core   0: 0x800095aa (0x0000bfe5) c.j     pc - 8
core   0: 3 0x800095aa (0xbfe5)
core   0: 0x800095a2 (0x00002f17) auipc   t5, 0x2
core   0: 3 0x800095a2 (0x00002f17) x30 0x8000b5a2
core   0: 0x800095a6 (0xa43f2f23) sw      gp, -1442(t5)
core   0: 3 0x800095a6 (0xa43f2f23) mem 0x8000b000 0x00000001
core   0: 0x800095aa (0x0000bfe5) c.j     pc - 8
core   0: 3 0x800095aa (0xbfe5)
core   0: 0x800095a2 (0x00002f17) auipc   t5, 0x2
core   0: 3 0x800095a2 (0x00002f17) x30 0x8000b5a2
core   0: 0x800095a6 (0xa43f2f23) sw      gp, -1442(t5)
core   0: 3 0x800095a6 (0xa43f2f23) mem 0x8000b000 0x00000001
core   0: 0x800095aa (0x0000bfe5) c.j     pc - 8
core   0: 3 0x800095aa (0xbfe5)
core   0: 0x800095a2 (0x00002f17) auipc   t5, 0x2
core   0: 3 0x800095a2 (0x00002f17) x30 0x8000b5a2
core   0: 0x800095a6 (0xa43f2f23) sw      gp, -1442(t5)
core   0: 3 0x800095a6 (0xa43f2f23) mem 0x8000b000 0x00000001
core   0: 0x800095aa (0x0000bfe5) c.j     pc - 8
core   0: 3 0x800095aa (0xbfe5)
core   0: 0x800095a2 (0x00002f17) auipc   t5, 0x2
core   0: 3 0x800095a2 (0x00002f17) x30 0x8000b5a2
core   0: 0x800095a6 (0xa43f2f23) sw      gp, -1442(t5)
core   0: 3 0x800095a6 (0xa43f2f23) mem 0x8000b000 0x00000001
core   0: 0x800095aa (0x0000bfe5) c.j     pc - 8
core   0: 3 0x800095aa (0xbfe5)
core   0: 0x800095a2 (0x00002f17) auipc   t5, 0x2
core   0: 3 0x800095a2 (0x00002f17) x30 0x8000b5a2
core   0: 0x800095a6 (0xa43f2f23) sw      gp, -1442(t5)
core   0: 3 0x800095a6 (0xa43f2f23) mem 0x8000b000 0x00000001
core   0: 0x800095aa (0x0000bfe5) c.j     pc - 8
core   0: 3 0x800095aa (0xbfe5)
core   0: 0x800095a2 (0x00002f17) auipc   t5, 0x2
core   0: 3 0x800095a2 (0x00002f17) x30 0x8000b5a2
core   0: 0x800095a6 (0xa43f2f23) sw      gp, -1442(t5)
core   0: 3 0x800095a6 (0xa43f2f23) mem 0x8000b000 0x00000001
core   0: 0x800095aa (0x0000bfe5) c.j     pc - 8
core   0: 3 0x800095aa (0xbfe5)
core   0: 0x800095a2 (0x00002f17) auipc   t5, 0x2
core   0: 3 0x800095a2 (0x00002f17) x30 0x8000b5a2
core   0: 0x800095a6 (0xa43f2f23) sw      gp, -1442(t5)
core   0: 3 0x800095a6 (0xa43f2f23) mem 0x8000b000 0x00000001
core   0: 0x800095aa (0x0000bfe5) c.j     pc - 8
core   0: 3 0x800095aa (0xbfe5)
core   0: 0x800095a2 (0x00002f17) auipc   t5, 0x2
core   0: 3 0x800095a2 (0x00002f17) x30 0x8000b5a2
core   0: 0x800095a6 (0xa43f2f23) sw      gp, -1442(t5)
core   0: 3 0x800095a6 (0xa43f2f23) mem 0x8000b000 0x00000001
core   0: 0x800095aa (0x0000bfe5) c.j     pc - 8
core   0: 3 0x800095aa (0xbfe5)
core   0: 0x800095a2 (0x00002f17) auipc   t5, 0x2
core   0: 3 0x800095a2 (0x00002f17) x30 0x8000b5a2
core   0: 0x800095a6 (0xa43f2f23) sw      gp, -1442(t5)
core   0: 3 0x800095a6 (0xa43f2f23) mem 0x8000b000 0x00000001
core   0: 0x800095aa (0x0000bfe5) c.j     pc - 8
core   0: 3 0x800095aa (0xbfe5)
core   0: 0x800095a2 (0x00002f17) auipc   t5, 0x2
core   0: 3 0x800095a2 (0x00002f17) x30 0x8000b5a2
core   0: 0x800095a6 (0xa43f2f23) sw      gp, -1442(t5)
core   0: 3 0x800095a6 (0xa43f2f23) mem 0x8000b000 0x00000001
core   0: 0x800095aa (0x0000bfe5) c.j     pc - 8
core   0: 3 0x800095aa (0xbfe5)
core   0: 0x800095a2 (0x00002f17) auipc   t5, 0x2
core   0: 3 0x800095a2 (0x00002f17) x30 0x8000b5a2
core   0: 0x800095a6 (0xa43f2f23) sw      gp, -1442(t5)
core   0: 3 0x800095a6 (0xa43f2f23) mem 0x8000b000 0x00000001
core   0: 0x800095aa (0x0000bfe5) c.j     pc - 8
core   0: 3 0x800095aa (0xbfe5)
core   0: 0x800095a2 (0x00002f17) auipc   t5, 0x2
core   0: 3 0x800095a2 (0x00002f17) x30 0x8000b5a2
core   0: 0x800095a6 (0xa43f2f23) sw      gp, -1442(t5)
core   0: 3 0x800095a6 (0xa43f2f23) mem 0x8000b000 0x00000001
core   0: 0x800095aa (0x0000bfe5) c.j     pc - 8
core   0: 3 0x800095aa (0xbfe5)
core   0: 0x800095a2 (0x00002f17) auipc   t5, 0x2
core   0: 3 0x800095a2 (0x00002f17) x30 0x8000b5a2
core   0: 0x800095a6 (0xa43f2f23) sw      gp, -1442(t5)
core   0: 3 0x800095a6 (0xa43f2f23) mem 0x8000b000 0x00000001
core   0: 0x800095aa (0x0000bfe5) c.j     pc - 8
core   0: 3 0x800095aa (0xbfe5)
core   0: 0x800095a2 (0x00002f17) auipc   t5, 0x2
core   0: 3 0x800095a2 (0x00002f17) x30 0x8000b5a2
core   0: 0x800095a6 (0xa43f2f23) sw      gp, -1442(t5)
core   0: 3 0x800095a6 (0xa43f2f23) mem 0x8000b000 0x00000001
core   0: 0x800095aa (0x0000bfe5) c.j     pc - 8
core   0: 3 0x800095aa (0xbfe5)
core   0: 0x800095a2 (0x00002f17) auipc   t5, 0x2
core   0: 3 0x800095a2 (0x00002f17) x30 0x8000b5a2
core   0: 0x800095a6 (0xa43f2f23) sw      gp, -1442(t5)
core   0: 3 0x800095a6 (0xa43f2f23) mem 0x8000b000 0x00000001
core   0: 0x800095aa (0x0000bfe5) c.j     pc - 8
core   0: 3 0x800095aa (0xbfe5)
core   0: 0x800095a2 (0x00002f17) auipc   t5, 0x2
core   0: 3 0x800095a2 (0x00002f17) x30 0x8000b5a2
core   0: 0x800095a6 (0xa43f2f23) sw      gp, -1442(t5)
core   0: 3 0x800095a6 (0xa43f2f23) mem 0x8000b000 0x00000001
core   0: 0x800095aa (0x0000bfe5) c.j     pc - 8
core   0: 3 0x800095aa (0xbfe5)
core   0: 0x800095a2 (0x00002f17) auipc   t5, 0x2
core   0: 3 0x800095a2 (0x00002f17) x30 0x8000b5a2
core   0: 0x800095a6 (0xa43f2f23) sw      gp, -1442(t5)
core   0: 3 0x800095a6 (0xa43f2f23) mem 0x8000b000 0x00000001
core   0: 0x800095aa (0x0000bfe5) c.j     pc - 8
core   0: 3 0x800095aa (0xbfe5)
core   0: 0x800095a2 (0x00002f17) auipc   t5, 0x2
core   0: 3 0x800095a2 (0x00002f17) x30 0x8000b5a2
core   0: 0x800095a6 (0xa43f2f23) sw      gp, -1442(t5)
core   0: 3 0x800095a6 (0xa43f2f23) mem 0x8000b000 0x00000001
core   0: 0x800095aa (0x0000bfe5) c.j     pc - 8
core   0: 3 0x800095aa (0xbfe5)
core   0: 0x800095a2 (0x00002f17) auipc   t5, 0x2
core   0: 3 0x800095a2 (0x00002f17) x30 0x8000b5a2
core   0: 0x800095a6 (0xa43f2f23) sw      gp, -1442(t5)
core   0: 3 0x800095a6 (0xa43f2f23) mem 0x8000b000 0x00000001
core   0: 0x800095aa (0x0000bfe5) c.j     pc - 8
core   0: 3 0x800095aa (0xbfe5)
core   0: 0x800095a2 (0x00002f17) auipc   t5, 0x2
core   0: 3 0x800095a2 (0x00002f17) x30 0x8000b5a2
core   0: 0x800095a6 (0xa43f2f23) sw      gp, -1442(t5)
core   0: 3 0x800095a6 (0xa43f2f23) mem 0x8000b000 0x00000001
core   0: 0x800095aa (0x0000bfe5) c.j     pc - 8
core   0: 3 0x800095aa (0xbfe5)
core   0: 0x800095a2 (0x00002f17) auipc   t5, 0x2
core   0: 3 0x800095a2 (0x00002f17) x30 0x8000b5a2
core   0: 0x800095a6 (0xa43f2f23) sw      gp, -1442(t5)
core   0: 3 0x800095a6 (0xa43f2f23) mem 0x8000b000 0x00000001
core   0: 0x800095aa (0x0000bfe5) c.j     pc - 8
core   0: 3 0x800095aa (0xbfe5)
core   0: 0x800095a2 (0x00002f17) auipc   t5, 0x2
core   0: 3 0x800095a2 (0x00002f17) x30 0x8000b5a2
core   0: 0x800095a6 (0xa43f2f23) sw      gp, -1442(t5)
core   0: 3 0x800095a6 (0xa43f2f23) mem 0x8000b000 0x00000001
core   0: 0x800095aa (0x0000bfe5) c.j     pc - 8
core   0: 3 0x800095aa (0xbfe5)
core   0: 0x800095a2 (0x00002f17) auipc   t5, 0x2
core   0: 3 0x800095a2 (0x00002f17) x30 0x8000b5a2
core   0: 0x800095a6 (0xa43f2f23) sw      gp, -1442(t5)
core   0: 3 0x800095a6 (0xa43f2f23) mem 0x8000b000 0x00000001
core   0: 0x800095aa (0x0000bfe5) c.j     pc - 8
core   0: 3 0x800095aa (0xbfe5)
core   0: 0x800095a2 (0x00002f17) auipc   t5, 0x2
core   0: 3 0x800095a2 (0x00002f17) x30 0x8000b5a2
core   0: 0x800095a6 (0xa43f2f23) sw      gp, -1442(t5)
core   0: 3 0x800095a6 (0xa43f2f23) mem 0x8000b000 0x00000001
core   0: 0x800095aa (0x0000bfe5) c.j     pc - 8
core   0: 3 0x800095aa (0xbfe5)
core   0: 0x800095a2 (0x00002f17) auipc   t5, 0x2
core   0: 3 0x800095a2 (0x00002f17) x30 0x8000b5a2
core   0: 0x800095a6 (0xa43f2f23) sw      gp, -1442(t5)
core   0: 3 0x800095a6 (0xa43f2f23) mem 0x8000b000 0x00000001
core   0: 0x800095aa (0x0000bfe5) c.j     pc - 8
core   0: 3 0x800095aa (0xbfe5)
core   0: 0x800095a2 (0x00002f17) auipc   t5, 0x2
core   0: 3 0x800095a2 (0x00002f17) x30 0x8000b5a2
core   0: 0x800095a6 (0xa43f2f23) sw      gp, -1442(t5)
core   0: 3 0x800095a6 (0xa43f2f23) mem 0x8000b000 0x00000001
core   0: 0x800095aa (0x0000bfe5) c.j     pc - 8
core   0: 3 0x800095aa (0xbfe5)
core   0: 0x800095a2 (0x00002f17) auipc   t5, 0x2
core   0: 3 0x800095a2 (0x00002f17) x30 0x8000b5a2
core   0: 0x800095a6 (0xa43f2f23) sw      gp, -1442(t5)
core   0: 3 0x800095a6 (0xa43f2f23) mem 0x8000b000 0x00000001
core   0: 0x800095aa (0x0000bfe5) c.j     pc - 8
core   0: 3 0x800095aa (0xbfe5)
core   0: 0x800095a2 (0x00002f17) auipc   t5, 0x2
core   0: 3 0x800095a2 (0x00002f17) x30 0x8000b5a2
core   0: 0x800095a6 (0xa43f2f23) sw      gp, -1442(t5)
core   0: 3 0x800095a6 (0xa43f2f23) mem 0x8000b000 0x00000001
core   0: 0x800095aa (0x0000bfe5) c.j     pc - 8
core   0: 3 0x800095aa (0xbfe5)
core   0: 0x800095a2 (0x00002f17) auipc   t5, 0x2
core   0: 3 0x800095a2 (0x00002f17) x30 0x8000b5a2
core   0: 0x800095a6 (0xa43f2f23) sw      gp, -1442(t5)
core   0: 3 0x800095a6 (0xa43f2f23) mem 0x8000b000 0x00000001
core   0: 0x800095aa (0x0000bfe5) c.j     pc - 8
core   0: 3 0x800095aa (0xbfe5)
core   0: 0x800095a2 (0x00002f17) auipc   t5, 0x2
core   0: 3 0x800095a2 (0x00002f17) x30 0x8000b5a2
core   0: 0x800095a6 (0xa43f2f23) sw      gp, -1442(t5)
core   0: 3 0x800095a6 (0xa43f2f23) mem 0x8000b000 0x00000001
core   0: 0x800095aa (0x0000bfe5) c.j     pc - 8
core   0: 3 0x800095aa (0xbfe5)
core   0: 0x800095a2 (0x00002f17) auipc   t5, 0x2
core   0: 3 0x800095a2 (0x00002f17) x30 0x8000b5a2
core   0: 0x800095a6 (0xa43f2f23) sw      gp, -1442(t5)
core   0: 3 0x800095a6 (0xa43f2f23) mem 0x8000b000 0x00000001
core   0: 0x800095aa (0x0000bfe5) c.j     pc - 8
core   0: 3 0x800095aa (0xbfe5)
core   0: 0x800095a2 (0x00002f17) auipc   t5, 0x2
core   0: 3 0x800095a2 (0x00002f17) x30 0x8000b5a2
core   0: 0x800095a6 (0xa43f2f23) sw      gp, -1442(t5)
core   0: 3 0x800095a6 (0xa43f2f23) mem 0x8000b000 0x00000001
core   0: 0x800095aa (0x0000bfe5) c.j     pc - 8
core   0: 3 0x800095aa (0xbfe5)
core   0: 0x800095a2 (0x00002f17) auipc   t5, 0x2
core   0: 3 0x800095a2 (0x00002f17) x30 0x8000b5a2
core   0: 0x800095a6 (0xa43f2f23) sw      gp, -1442(t5)
core   0: 3 0x800095a6 (0xa43f2f23) mem 0x8000b000 0x00000001
core   0: 0x800095aa (0x0000bfe5) c.j     pc - 8
core   0: 3 0x800095aa (0xbfe5)
core   0: 0x800095a2 (0x00002f17) auipc   t5, 0x2
core   0: 3 0x800095a2 (0x00002f17) x30 0x8000b5a2
core   0: 0x800095a6 (0xa43f2f23) sw      gp, -1442(t5)
core   0: 3 0x800095a6 (0xa43f2f23) mem 0x8000b000 0x00000001
core   0: 0x800095aa (0x0000bfe5) c.j     pc - 8
core   0: 3 0x800095aa (0xbfe5)
core   0: 0x800095a2 (0x00002f17) auipc   t5, 0x2
core   0: 3 0x800095a2 (0x00002f17) x30 0x8000b5a2
core   0: 0x800095a6 (0xa43f2f23) sw      gp, -1442(t5)
core   0: 3 0x800095a6 (0xa43f2f23) mem 0x8000b000 0x00000001
core   0: 0x800095aa (0x0000bfe5) c.j     pc - 8
core   0: 3 0x800095aa (0xbfe5)
core   0: 0x800095a2 (0x00002f17) auipc   t5, 0x2
core   0: 3 0x800095a2 (0x00002f17) x30 0x8000b5a2
core   0: 0x800095a6 (0xa43f2f23) sw      gp, -1442(t5)
core   0: 3 0x800095a6 (0xa43f2f23) mem 0x8000b000 0x00000001
core   0: 0x800095aa (0x0000bfe5) c.j     pc - 8
core   0: 3 0x800095aa (0xbfe5)
core   0: 0x800095a2 (0x00002f17) auipc   t5, 0x2
core   0: 3 0x800095a2 (0x00002f17) x30 0x8000b5a2
core   0: 0x800095a6 (0xa43f2f23) sw      gp, -1442(t5)
core   0: 3 0x800095a6 (0xa43f2f23) mem 0x8000b000 0x00000001
core   0: 0x800095aa (0x0000bfe5) c.j     pc - 8
core   0: 3 0x800095aa (0xbfe5)
core   0: 0x800095a2 (0x00002f17) auipc   t5, 0x2
core   0: 3 0x800095a2 (0x00002f17) x30 0x8000b5a2
core   0: 0x800095a6 (0xa43f2f23) sw      gp, -1442(t5)
core   0: 3 0x800095a6 (0xa43f2f23) mem 0x8000b000 0x00000001
core   0: 0x800095aa (0x0000bfe5) c.j     pc - 8
core   0: 3 0x800095aa (0xbfe5)
core   0: 0x800095a2 (0x00002f17) auipc   t5, 0x2
core   0: 3 0x800095a2 (0x00002f17) x30 0x8000b5a2
core   0: 0x800095a6 (0xa43f2f23) sw      gp, -1442(t5)
core   0: 3 0x800095a6 (0xa43f2f23) mem 0x8000b000 0x00000001
core   0: 0x800095aa (0x0000bfe5) c.j     pc - 8
core   0: 3 0x800095aa (0xbfe5)
core   0: 0x800095a2 (0x00002f17) auipc   t5, 0x2
core   0: 3 0x800095a2 (0x00002f17) x30 0x8000b5a2
core   0: 0x800095a6 (0xa43f2f23) sw      gp, -1442(t5)
core   0: 3 0x800095a6 (0xa43f2f23) mem 0x8000b000 0x00000001
core   0: 0x800095aa (0x0000bfe5) c.j     pc - 8
core   0: 3 0x800095aa (0xbfe5)
core   0: 0x800095a2 (0x00002f17) auipc   t5, 0x2
core   0: 3 0x800095a2 (0x00002f17) x30 0x8000b5a2
core   0: 0x800095a6 (0xa43f2f23) sw      gp, -1442(t5)
core   0: 3 0x800095a6 (0xa43f2f23) mem 0x8000b000 0x00000001
core   0: 0x800095aa (0x0000bfe5) c.j     pc - 8
core   0: 3 0x800095aa (0xbfe5)
core   0: 0x800095a2 (0x00002f17) auipc   t5, 0x2
core   0: 3 0x800095a2 (0x00002f17) x30 0x8000b5a2
core   0: 0x800095a6 (0xa43f2f23) sw      gp, -1442(t5)
core   0: 3 0x800095a6 (0xa43f2f23) mem 0x8000b000 0x00000001
core   0: 0x800095aa (0x0000bfe5) c.j     pc - 8
core   0: 3 0x800095aa (0xbfe5)
core   0: 0x800095a2 (0x00002f17) auipc   t5, 0x2
core   0: 3 0x800095a2 (0x00002f17) x30 0x8000b5a2
core   0: 0x800095a6 (0xa43f2f23) sw      gp, -1442(t5)
core   0: 3 0x800095a6 (0xa43f2f23) mem 0x8000b000 0x00000001
core   0: 0x800095aa (0x0000bfe5) c.j     pc - 8
core   0: 3 0x800095aa (0xbfe5)
core   0: 0x800095a2 (0x00002f17) auipc   t5, 0x2
core   0: 3 0x800095a2 (0x00002f17) x30 0x8000b5a2
core   0: 0x800095a6 (0xa43f2f23) sw      gp, -1442(t5)
core   0: 3 0x800095a6 (0xa43f2f23) mem 0x8000b000 0x00000001
core   0: 0x800095aa (0x0000bfe5) c.j     pc - 8
core   0: 3 0x800095aa (0xbfe5)
core   0: 0x800095a2 (0x00002f17) auipc   t5, 0x2
core   0: 3 0x800095a2 (0x00002f17) x30 0x8000b5a2
core   0: 0x800095a6 (0xa43f2f23) sw      gp, -1442(t5)
core   0: 3 0x800095a6 (0xa43f2f23) mem 0x8000b000 0x00000001
core   0: 0x800095aa (0x0000bfe5) c.j     pc - 8
core   0: 3 0x800095aa (0xbfe5)
core   0: 0x800095a2 (0x00002f17) auipc   t5, 0x2
core   0: 3 0x800095a2 (0x00002f17) x30 0x8000b5a2
core   0: 0x800095a6 (0xa43f2f23) sw      gp, -1442(t5)
core   0: 3 0x800095a6 (0xa43f2f23) mem 0x8000b000 0x00000001
core   0: 0x800095aa (0x0000bfe5) c.j     pc - 8
core   0: 3 0x800095aa (0xbfe5)
core   0: 0x800095a2 (0x00002f17) auipc   t5, 0x2
core   0: 3 0x800095a2 (0x00002f17) x30 0x8000b5a2
core   0: 0x800095a6 (0xa43f2f23) sw      gp, -1442(t5)
core   0: 3 0x800095a6 (0xa43f2f23) mem 0x8000b000 0x00000001
core   0: 0x800095aa (0x0000bfe5) c.j     pc - 8
core   0: 3 0x800095aa (0xbfe5)
core   0: 0x800095a2 (0x00002f17) auipc   t5, 0x2
core   0: 3 0x800095a2 (0x00002f17) x30 0x8000b5a2
core   0: 0x800095a6 (0xa43f2f23) sw      gp, -1442(t5)
core   0: 3 0x800095a6 (0xa43f2f23) mem 0x8000b000 0x00000001
core   0: 0x800095aa (0x0000bfe5) c.j     pc - 8
core   0: 3 0x800095aa (0xbfe5)
core   0: 0x800095a2 (0x00002f17) auipc   t5, 0x2
core   0: 3 0x800095a2 (0x00002f17) x30 0x8000b5a2
core   0: 0x800095a6 (0xa43f2f23) sw      gp, -1442(t5)
core   0: 3 0x800095a6 (0xa43f2f23) mem 0x8000b000 0x00000001
core   0: 0x800095aa (0x0000bfe5) c.j     pc - 8
core   0: 3 0x800095aa (0xbfe5)
core   0: 0x800095a2 (0x00002f17) auipc   t5, 0x2
core   0: 3 0x800095a2 (0x00002f17) x30 0x8000b5a2
core   0: 0x800095a6 (0xa43f2f23) sw      gp, -1442(t5)
core   0: 3 0x800095a6 (0xa43f2f23) mem 0x8000b000 0x00000001
core   0: 0x800095aa (0x0000bfe5) c.j     pc - 8
core   0: 3 0x800095aa (0xbfe5)
core   0: 0x800095a2 (0x00002f17) auipc   t5, 0x2
core   0: 3 0x800095a2 (0x00002f17) x30 0x8000b5a2
core   0: 0x800095a6 (0xa43f2f23) sw      gp, -1442(t5)
core   0: 3 0x800095a6 (0xa43f2f23) mem 0x8000b000 0x00000001
core   0: 0x800095aa (0x0000bfe5) c.j     pc - 8
core   0: 3 0x800095aa (0xbfe5)
core   0: 0x800095a2 (0x00002f17) auipc   t5, 0x2
core   0: 3 0x800095a2 (0x00002f17) x30 0x8000b5a2
core   0: 0x800095a6 (0xa43f2f23) sw      gp, -1442(t5)
core   0: 3 0x800095a6 (0xa43f2f23) mem 0x8000b000 0x00000001
core   0: 0x800095aa (0x0000bfe5) c.j     pc - 8
core   0: 3 0x800095aa (0xbfe5)
core   0: 0x800095a2 (0x00002f17) auipc   t5, 0x2
core   0: 3 0x800095a2 (0x00002f17) x30 0x8000b5a2
core   0: 0x800095a6 (0xa43f2f23) sw      gp, -1442(t5)
core   0: 3 0x800095a6 (0xa43f2f23) mem 0x8000b000 0x00000001
core   0: 0x800095aa (0x0000bfe5) c.j     pc - 8
core   0: 3 0x800095aa (0xbfe5)
core   0: 0x800095a2 (0x00002f17) auipc   t5, 0x2
core   0: 3 0x800095a2 (0x00002f17) x30 0x8000b5a2
core   0: 0x800095a6 (0xa43f2f23) sw      gp, -1442(t5)
core   0: 3 0x800095a6 (0xa43f2f23) mem 0x8000b000 0x00000001
core   0: 0x800095aa (0x0000bfe5) c.j     pc - 8
core   0: 3 0x800095aa (0xbfe5)
core   0: 0x800095a2 (0x00002f17) auipc   t5, 0x2
core   0: 3 0x800095a2 (0x00002f17) x30 0x8000b5a2
core   0: 0x800095a6 (0xa43f2f23) sw      gp, -1442(t5)
core   0: 3 0x800095a6 (0xa43f2f23) mem 0x8000b000 0x00000001
core   0: 0x800095aa (0x0000bfe5) c.j     pc - 8
core   0: 3 0x800095aa (0xbfe5)
core   0: 0x800095a2 (0x00002f17) auipc   t5, 0x2
core   0: 3 0x800095a2 (0x00002f17) x30 0x8000b5a2
core   0: 0x800095a6 (0xa43f2f23) sw      gp, -1442(t5)
core   0: 3 0x800095a6 (0xa43f2f23) mem 0x8000b000 0x00000001
core   0: 0x800095aa (0x0000bfe5) c.j     pc - 8
core   0: 3 0x800095aa (0xbfe5)
core   0: 0x800095a2 (0x00002f17) auipc   t5, 0x2
core   0: 3 0x800095a2 (0x00002f17) x30 0x8000b5a2
core   0: 0x800095a6 (0xa43f2f23) sw      gp, -1442(t5)
core   0: 3 0x800095a6 (0xa43f2f23) mem 0x8000b000 0x00000001
core   0: 0x800095aa (0x0000bfe5) c.j     pc - 8
core   0: 3 0x800095aa (0xbfe5)
core   0: 0x800095a2 (0x00002f17) auipc   t5, 0x2
core   0: 3 0x800095a2 (0x00002f17) x30 0x8000b5a2
core   0: 0x800095a6 (0xa43f2f23) sw      gp, -1442(t5)
core   0: 3 0x800095a6 (0xa43f2f23) mem 0x8000b000 0x00000001
core   0: 0x800095aa (0x0000bfe5) c.j     pc - 8
core   0: 3 0x800095aa (0xbfe5)
core   0: 0x800095a2 (0x00002f17) auipc   t5, 0x2
core   0: 3 0x800095a2 (0x00002f17) x30 0x8000b5a2
core   0: 0x800095a6 (0xa43f2f23) sw      gp, -1442(t5)
core   0: 3 0x800095a6 (0xa43f2f23) mem 0x8000b000 0x00000001
core   0: 0x800095aa (0x0000bfe5) c.j     pc - 8
core   0: 3 0x800095aa (0xbfe5)
core   0: 0x800095a2 (0x00002f17) auipc   t5, 0x2
core   0: 3 0x800095a2 (0x00002f17) x30 0x8000b5a2
core   0: 0x800095a6 (0xa43f2f23) sw      gp, -1442(t5)
core   0: 3 0x800095a6 (0xa43f2f23) mem 0x8000b000 0x00000001
core   0: 0x800095aa (0x0000bfe5) c.j     pc - 8
core   0: 3 0x800095aa (0xbfe5)
core   0: 0x800095a2 (0x00002f17) auipc   t5, 0x2
core   0: 3 0x800095a2 (0x00002f17) x30 0x8000b5a2
core   0: 0x800095a6 (0xa43f2f23) sw      gp, -1442(t5)
core   0: 3 0x800095a6 (0xa43f2f23) mem 0x8000b000 0x00000001
core   0: 0x800095aa (0x0000bfe5) c.j     pc - 8
core   0: 3 0x800095aa (0xbfe5)
core   0: 0x800095a2 (0x00002f17) auipc   t5, 0x2
core   0: 3 0x800095a2 (0x00002f17) x30 0x8000b5a2
core   0: 0x800095a6 (0xa43f2f23) sw      gp, -1442(t5)
core   0: 3 0x800095a6 (0xa43f2f23) mem 0x8000b000 0x00000001
core   0: 0x800095aa (0x0000bfe5) c.j     pc - 8
core   0: 3 0x800095aa (0xbfe5)
core   0: 0x800095a2 (0x00002f17) auipc   t5, 0x2
core   0: 3 0x800095a2 (0x00002f17) x30 0x8000b5a2
core   0: 0x800095a6 (0xa43f2f23) sw      gp, -1442(t5)
core   0: 3 0x800095a6 (0xa43f2f23) mem 0x8000b000 0x00000001
core   0: 0x800095aa (0x0000bfe5) c.j     pc - 8
core   0: 3 0x800095aa (0xbfe5)
core   0: 0x800095a2 (0x00002f17) auipc   t5, 0x2
core   0: 3 0x800095a2 (0x00002f17) x30 0x8000b5a2
core   0: 0x800095a6 (0xa43f2f23) sw      gp, -1442(t5)
core   0: 3 0x800095a6 (0xa43f2f23) mem 0x8000b000 0x00000001
core   0: 0x800095aa (0x0000bfe5) c.j     pc - 8
core   0: 3 0x800095aa (0xbfe5)
core   0: 0x800095a2 (0x00002f17) auipc   t5, 0x2
core   0: 3 0x800095a2 (0x00002f17) x30 0x8000b5a2
core   0: 0x800095a6 (0xa43f2f23) sw      gp, -1442(t5)
core   0: 3 0x800095a6 (0xa43f2f23) mem 0x8000b000 0x00000001
core   0: 0x800095aa (0x0000bfe5) c.j     pc - 8
core   0: 3 0x800095aa (0xbfe5)
core   0: 0x800095a2 (0x00002f17) auipc   t5, 0x2
core   0: 3 0x800095a2 (0x00002f17) x30 0x8000b5a2
core   0: 0x800095a6 (0xa43f2f23) sw      gp, -1442(t5)
core   0: 3 0x800095a6 (0xa43f2f23) mem 0x8000b000 0x00000001
core   0: 0x800095aa (0x0000bfe5) c.j     pc - 8
core   0: 3 0x800095aa (0xbfe5)
core   0: 0x800095a2 (0x00002f17) auipc   t5, 0x2
core   0: 3 0x800095a2 (0x00002f17) x30 0x8000b5a2
core   0: 0x800095a6 (0xa43f2f23) sw      gp, -1442(t5)
core   0: 3 0x800095a6 (0xa43f2f23) mem 0x8000b000 0x00000001
core   0: 0x800095aa (0x0000bfe5) c.j     pc - 8
core   0: 3 0x800095aa (0xbfe5)
core   0: 0x800095a2 (0x00002f17) auipc   t5, 0x2
core   0: 3 0x800095a2 (0x00002f17) x30 0x8000b5a2
core   0: 0x800095a6 (0xa43f2f23) sw      gp, -1442(t5)
core   0: 3 0x800095a6 (0xa43f2f23) mem 0x8000b000 0x00000001
core   0: 0x800095aa (0x0000bfe5) c.j     pc - 8
core   0: 3 0x800095aa (0xbfe5)
core   0: 0x800095a2 (0x00002f17) auipc   t5, 0x2
core   0: 3 0x800095a2 (0x00002f17) x30 0x8000b5a2
core   0: 0x800095a6 (0xa43f2f23) sw      gp, -1442(t5)
core   0: 3 0x800095a6 (0xa43f2f23) mem 0x8000b000 0x00000001
core   0: 0x800095aa (0x0000bfe5) c.j     pc - 8
core   0: 3 0x800095aa (0xbfe5)
core   0: 0x800095a2 (0x00002f17) auipc   t5, 0x2
core   0: 3 0x800095a2 (0x00002f17) x30 0x8000b5a2
core   0: 0x800095a6 (0xa43f2f23) sw      gp, -1442(t5)
core   0: 3 0x800095a6 (0xa43f2f23) mem 0x8000b000 0x00000001
core   0: 0x800095aa (0x0000bfe5) c.j     pc - 8
core   0: 3 0x800095aa (0xbfe5)
core   0: 0x800095a2 (0x00002f17) auipc   t5, 0x2
core   0: 3 0x800095a2 (0x00002f17) x30 0x8000b5a2
core   0: 0x800095a6 (0xa43f2f23) sw      gp, -1442(t5)
core   0: 3 0x800095a6 (0xa43f2f23) mem 0x8000b000 0x00000001
core   0: 0x800095aa (0x0000bfe5) c.j     pc - 8
core   0: 3 0x800095aa (0xbfe5)
core   0: 0x800095a2 (0x00002f17) auipc   t5, 0x2
core   0: 3 0x800095a2 (0x00002f17) x30 0x8000b5a2
core   0: 0x800095a6 (0xa43f2f23) sw      gp, -1442(t5)
core   0: 3 0x800095a6 (0xa43f2f23) mem 0x8000b000 0x00000001
core   0: 0x800095aa (0x0000bfe5) c.j     pc - 8
core   0: 3 0x800095aa (0xbfe5)
core   0: 0x800095a2 (0x00002f17) auipc   t5, 0x2
core   0: 3 0x800095a2 (0x00002f17) x30 0x8000b5a2
core   0: 0x800095a6 (0xa43f2f23) sw      gp, -1442(t5)
core   0: 3 0x800095a6 (0xa43f2f23) mem 0x8000b000 0x00000001
core   0: 0x800095aa (0x0000bfe5) c.j     pc - 8
core   0: 3 0x800095aa (0xbfe5)
core   0: 0x800095a2 (0x00002f17) auipc   t5, 0x2
core   0: 3 0x800095a2 (0x00002f17) x30 0x8000b5a2
core   0: 0x800095a6 (0xa43f2f23) sw      gp, -1442(t5)
core   0: 3 0x800095a6 (0xa43f2f23) mem 0x8000b000 0x00000001
core   0: 0x800095aa (0x0000bfe5) c.j     pc - 8
core   0: 3 0x800095aa (0xbfe5)
core   0: 0x800095a2 (0x00002f17) auipc   t5, 0x2
core   0: 3 0x800095a2 (0x00002f17) x30 0x8000b5a2
core   0: 0x800095a6 (0xa43f2f23) sw      gp, -1442(t5)
core   0: 3 0x800095a6 (0xa43f2f23) mem 0x8000b000 0x00000001
core   0: 0x800095aa (0x0000bfe5) c.j     pc - 8
core   0: 3 0x800095aa (0xbfe5)
core   0: 0x800095a2 (0x00002f17) auipc   t5, 0x2
core   0: 3 0x800095a2 (0x00002f17) x30 0x8000b5a2
core   0: 0x800095a6 (0xa43f2f23) sw      gp, -1442(t5)
core   0: 3 0x800095a6 (0xa43f2f23) mem 0x8000b000 0x00000001
core   0: 0x800095aa (0x0000bfe5) c.j     pc - 8
core   0: 3 0x800095aa (0xbfe5)
core   0: 0x800095a2 (0x00002f17) auipc   t5, 0x2
core   0: 3 0x800095a2 (0x00002f17) x30 0x8000b5a2
core   0: 0x800095a6 (0xa43f2f23) sw      gp, -1442(t5)
core   0: 3 0x800095a6 (0xa43f2f23) mem 0x8000b000 0x00000001
core   0: 0x800095aa (0x0000bfe5) c.j     pc - 8
core   0: 3 0x800095aa (0xbfe5)
core   0: 0x800095a2 (0x00002f17) auipc   t5, 0x2
core   0: 3 0x800095a2 (0x00002f17) x30 0x8000b5a2
core   0: 0x800095a6 (0xa43f2f23) sw      gp, -1442(t5)
core   0: 3 0x800095a6 (0xa43f2f23) mem 0x8000b000 0x00000001
core   0: 0x800095aa (0x0000bfe5) c.j     pc - 8
core   0: 3 0x800095aa (0xbfe5)
core   0: 0x800095a2 (0x00002f17) auipc   t5, 0x2
core   0: 3 0x800095a2 (0x00002f17) x30 0x8000b5a2
core   0: 0x800095a6 (0xa43f2f23) sw      gp, -1442(t5)
core   0: 3 0x800095a6 (0xa43f2f23) mem 0x8000b000 0x00000001
core   0: 0x800095aa (0x0000bfe5) c.j     pc - 8
core   0: 3 0x800095aa (0xbfe5)
core   0: 0x800095a2 (0x00002f17) auipc   t5, 0x2
core   0: 3 0x800095a2 (0x00002f17) x30 0x8000b5a2
core   0: 0x800095a6 (0xa43f2f23) sw      gp, -1442(t5)
core   0: 3 0x800095a6 (0xa43f2f23) mem 0x8000b000 0x00000001
core   0: 0x800095aa (0x0000bfe5) c.j     pc - 8
core   0: 3 0x800095aa (0xbfe5)
core   0: 0x800095a2 (0x00002f17) auipc   t5, 0x2
core   0: 3 0x800095a2 (0x00002f17) x30 0x8000b5a2
core   0: 0x800095a6 (0xa43f2f23) sw      gp, -1442(t5)
core   0: 3 0x800095a6 (0xa43f2f23) mem 0x8000b000 0x00000001
core   0: 0x800095aa (0x0000bfe5) c.j     pc - 8
core   0: 3 0x800095aa (0xbfe5)
core   0: 0x800095a2 (0x00002f17) auipc   t5, 0x2
core   0: 3 0x800095a2 (0x00002f17) x30 0x8000b5a2
core   0: 0x800095a6 (0xa43f2f23) sw      gp, -1442(t5)
core   0: 3 0x800095a6 (0xa43f2f23) mem 0x8000b000 0x00000001
core   0: 0x800095aa (0x0000bfe5) c.j     pc - 8
core   0: 3 0x800095aa (0xbfe5)
core   0: 0x800095a2 (0x00002f17) auipc   t5, 0x2
core   0: 3 0x800095a2 (0x00002f17) x30 0x8000b5a2
core   0: 0x800095a6 (0xa43f2f23) sw      gp, -1442(t5)
core   0: 3 0x800095a6 (0xa43f2f23) mem 0x8000b000 0x00000001
core   0: 0x800095aa (0x0000bfe5) c.j     pc - 8
core   0: 3 0x800095aa (0xbfe5)
core   0: 0x800095a2 (0x00002f17) auipc   t5, 0x2
core   0: 3 0x800095a2 (0x00002f17) x30 0x8000b5a2
core   0: 0x800095a6 (0xa43f2f23) sw      gp, -1442(t5)
core   0: 3 0x800095a6 (0xa43f2f23) mem 0x8000b000 0x00000001
core   0: 0x800095aa (0x0000bfe5) c.j     pc - 8
core   0: 3 0x800095aa (0xbfe5)
core   0: 0x800095a2 (0x00002f17) auipc   t5, 0x2
core   0: 3 0x800095a2 (0x00002f17) x30 0x8000b5a2
core   0: 0x800095a6 (0xa43f2f23) sw      gp, -1442(t5)
core   0: 3 0x800095a6 (0xa43f2f23) mem 0x8000b000 0x00000001
core   0: 0x800095aa (0x0000bfe5) c.j     pc - 8
core   0: 3 0x800095aa (0xbfe5)
core   0: 0x800095a2 (0x00002f17) auipc   t5, 0x2
core   0: 3 0x800095a2 (0x00002f17) x30 0x8000b5a2
core   0: 0x800095a6 (0xa43f2f23) sw      gp, -1442(t5)
core   0: 3 0x800095a6 (0xa43f2f23) mem 0x8000b000 0x00000001
core   0: 0x800095aa (0x0000bfe5) c.j     pc - 8
core   0: 3 0x800095aa (0xbfe5)
core   0: 0x800095a2 (0x00002f17) auipc   t5, 0x2
core   0: 3 0x800095a2 (0x00002f17) x30 0x8000b5a2
core   0: 0x800095a6 (0xa43f2f23) sw      gp, -1442(t5)
core   0: 3 0x800095a6 (0xa43f2f23) mem 0x8000b000 0x00000001
core   0: 0x800095aa (0x0000bfe5) c.j     pc - 8
core   0: 3 0x800095aa (0xbfe5)
core   0: 0x800095a2 (0x00002f17) auipc   t5, 0x2
core   0: 3 0x800095a2 (0x00002f17) x30 0x8000b5a2
core   0: 0x800095a6 (0xa43f2f23) sw      gp, -1442(t5)
core   0: 3 0x800095a6 (0xa43f2f23) mem 0x8000b000 0x00000001
core   0: 0x800095aa (0x0000bfe5) c.j     pc - 8
core   0: 3 0x800095aa (0xbfe5)
core   0: 0x800095a2 (0x00002f17) auipc   t5, 0x2
core   0: 3 0x800095a2 (0x00002f17) x30 0x8000b5a2
core   0: 0x800095a6 (0xa43f2f23) sw      gp, -1442(t5)
core   0: 3 0x800095a6 (0xa43f2f23) mem 0x8000b000 0x00000001
core   0: 0x800095aa (0x0000bfe5) c.j     pc - 8
core   0: 3 0x800095aa (0xbfe5)
core   0: 0x800095a2 (0x00002f17) auipc   t5, 0x2
core   0: 3 0x800095a2 (0x00002f17) x30 0x8000b5a2
core   0: 0x800095a6 (0xa43f2f23) sw      gp, -1442(t5)
core   0: 3 0x800095a6 (0xa43f2f23) mem 0x8000b000 0x00000001
core   0: 0x800095aa (0x0000bfe5) c.j     pc - 8
core   0: 3 0x800095aa (0xbfe5)
core   0: 0x800095a2 (0x00002f17) auipc   t5, 0x2
core   0: 3 0x800095a2 (0x00002f17) x30 0x8000b5a2
core   0: 0x800095a6 (0xa43f2f23) sw      gp, -1442(t5)
core   0: 3 0x800095a6 (0xa43f2f23) mem 0x8000b000 0x00000001
core   0: 0x800095aa (0x0000bfe5) c.j     pc - 8
core   0: 3 0x800095aa (0xbfe5)
core   0: 0x800095a2 (0x00002f17) auipc   t5, 0x2
core   0: 3 0x800095a2 (0x00002f17) x30 0x8000b5a2
core   0: 0x800095a6 (0xa43f2f23) sw      gp, -1442(t5)
core   0: 3 0x800095a6 (0xa43f2f23) mem 0x8000b000 0x00000001
core   0: 0x800095aa (0x0000bfe5) c.j     pc - 8
core   0: 3 0x800095aa (0xbfe5)
core   0: 0x800095a2 (0x00002f17) auipc   t5, 0x2
core   0: 3 0x800095a2 (0x00002f17) x30 0x8000b5a2
core   0: 0x800095a6 (0xa43f2f23) sw      gp, -1442(t5)
core   0: 3 0x800095a6 (0xa43f2f23) mem 0x8000b000 0x00000001
core   0: 0x800095aa (0x0000bfe5) c.j     pc - 8
core   0: 3 0x800095aa (0xbfe5)
core   0: 0x800095a2 (0x00002f17) auipc   t5, 0x2
core   0: 3 0x800095a2 (0x00002f17) x30 0x8000b5a2
core   0: 0x800095a6 (0xa43f2f23) sw      gp, -1442(t5)
core   0: 3 0x800095a6 (0xa43f2f23) mem 0x8000b000 0x00000001
core   0: 0x800095aa (0x0000bfe5) c.j     pc - 8
core   0: 3 0x800095aa (0xbfe5)
core   0: 0x800095a2 (0x00002f17) auipc   t5, 0x2
core   0: 3 0x800095a2 (0x00002f17) x30 0x8000b5a2
core   0: 0x800095a6 (0xa43f2f23) sw      gp, -1442(t5)
core   0: 3 0x800095a6 (0xa43f2f23) mem 0x8000b000 0x00000001
core   0: 0x800095aa (0x0000bfe5) c.j     pc - 8
core   0: 3 0x800095aa (0xbfe5)
core   0: 0x800095a2 (0x00002f17) auipc   t5, 0x2
core   0: 3 0x800095a2 (0x00002f17) x30 0x8000b5a2
core   0: 0x800095a6 (0xa43f2f23) sw      gp, -1442(t5)
core   0: 3 0x800095a6 (0xa43f2f23) mem 0x8000b000 0x00000001
core   0: 0x800095aa (0x0000bfe5) c.j     pc - 8
core   0: 3 0x800095aa (0xbfe5)
core   0: 0x800095a2 (0x00002f17) auipc   t5, 0x2
core   0: 3 0x800095a2 (0x00002f17) x30 0x8000b5a2
core   0: 0x800095a6 (0xa43f2f23) sw      gp, -1442(t5)
core   0: 3 0x800095a6 (0xa43f2f23) mem 0x8000b000 0x00000001
core   0: 0x800095aa (0x0000bfe5) c.j     pc - 8
core   0: 3 0x800095aa (0xbfe5)
core   0: 0x800095a2 (0x00002f17) auipc   t5, 0x2
core   0: 3 0x800095a2 (0x00002f17) x30 0x8000b5a2
core   0: 0x800095a6 (0xa43f2f23) sw      gp, -1442(t5)
core   0: 3 0x800095a6 (0xa43f2f23) mem 0x8000b000 0x00000001
core   0: 0x800095aa (0x0000bfe5) c.j     pc - 8
core   0: 3 0x800095aa (0xbfe5)
core   0: 0x800095a2 (0x00002f17) auipc   t5, 0x2
core   0: 3 0x800095a2 (0x00002f17) x30 0x8000b5a2
core   0: 0x800095a6 (0xa43f2f23) sw      gp, -1442(t5)
core   0: 3 0x800095a6 (0xa43f2f23) mem 0x8000b000 0x00000001
core   0: 0x800095aa (0x0000bfe5) c.j     pc - 8
core   0: 3 0x800095aa (0xbfe5)
core   0: 0x800095a2 (0x00002f17) auipc   t5, 0x2
core   0: 3 0x800095a2 (0x00002f17) x30 0x8000b5a2
core   0: 0x800095a6 (0xa43f2f23) sw      gp, -1442(t5)
core   0: 3 0x800095a6 (0xa43f2f23) mem 0x8000b000 0x00000001
core   0: 0x800095aa (0x0000bfe5) c.j     pc - 8
core   0: 3 0x800095aa (0xbfe5)
core   0: 0x800095a2 (0x00002f17) auipc   t5, 0x2
core   0: 3 0x800095a2 (0x00002f17) x30 0x8000b5a2
core   0: 0x800095a6 (0xa43f2f23) sw      gp, -1442(t5)
core   0: 3 0x800095a6 (0xa43f2f23) mem 0x8000b000 0x00000001
core   0: 0x800095aa (0x0000bfe5) c.j     pc - 8
core   0: 3 0x800095aa (0xbfe5)
core   0: 0x800095a2 (0x00002f17) auipc   t5, 0x2
core   0: 3 0x800095a2 (0x00002f17) x30 0x8000b5a2
core   0: 0x800095a6 (0xa43f2f23) sw      gp, -1442(t5)
core   0: 3 0x800095a6 (0xa43f2f23) mem 0x8000b000 0x00000001
core   0: 0x800095aa (0x0000bfe5) c.j     pc - 8
core   0: 3 0x800095aa (0xbfe5)
core   0: 0x800095a2 (0x00002f17) auipc   t5, 0x2
core   0: 3 0x800095a2 (0x00002f17) x30 0x8000b5a2
core   0: 0x800095a6 (0xa43f2f23) sw      gp, -1442(t5)
core   0: 3 0x800095a6 (0xa43f2f23) mem 0x8000b000 0x00000001
core   0: 0x800095aa (0x0000bfe5) c.j     pc - 8
core   0: 3 0x800095aa (0xbfe5)
core   0: 0x800095a2 (0x00002f17) auipc   t5, 0x2
core   0: 3 0x800095a2 (0x00002f17) x30 0x8000b5a2
core   0: 0x800095a6 (0xa43f2f23) sw      gp, -1442(t5)
core   0: 3 0x800095a6 (0xa43f2f23) mem 0x8000b000 0x00000001
core   0: 0x800095aa (0x0000bfe5) c.j     pc - 8
core   0: 3 0x800095aa (0xbfe5)
core   0: 0x800095a2 (0x00002f17) auipc   t5, 0x2
core   0: 3 0x800095a2 (0x00002f17) x30 0x8000b5a2
core   0: 0x800095a6 (0xa43f2f23) sw      gp, -1442(t5)
core   0: 3 0x800095a6 (0xa43f2f23) mem 0x8000b000 0x00000001
core   0: 0x800095aa (0x0000bfe5) c.j     pc - 8
core   0: 3 0x800095aa (0xbfe5)
core   0: 0x800095a2 (0x00002f17) auipc   t5, 0x2
core   0: 3 0x800095a2 (0x00002f17) x30 0x8000b5a2
core   0: 0x800095a6 (0xa43f2f23) sw      gp, -1442(t5)
core   0: 3 0x800095a6 (0xa43f2f23) mem 0x8000b000 0x00000001
core   0: 0x800095aa (0x0000bfe5) c.j     pc - 8
core   0: 3 0x800095aa (0xbfe5)
core   0: 0x800095a2 (0x00002f17) auipc   t5, 0x2
core   0: 3 0x800095a2 (0x00002f17) x30 0x8000b5a2
core   0: 0x800095a6 (0xa43f2f23) sw      gp, -1442(t5)
core   0: 3 0x800095a6 (0xa43f2f23) mem 0x8000b000 0x00000001
core   0: 0x800095aa (0x0000bfe5) c.j     pc - 8
core   0: 3 0x800095aa (0xbfe5)
core   0: 0x800095a2 (0x00002f17) auipc   t5, 0x2
core   0: 3 0x800095a2 (0x00002f17) x30 0x8000b5a2
core   0: 0x800095a6 (0xa43f2f23) sw      gp, -1442(t5)
core   0: 3 0x800095a6 (0xa43f2f23) mem 0x8000b000 0x00000001
core   0: 0x800095aa (0x0000bfe5) c.j     pc - 8
core   0: 3 0x800095aa (0xbfe5)
core   0: 0x800095a2 (0x00002f17) auipc   t5, 0x2
core   0: 3 0x800095a2 (0x00002f17) x30 0x8000b5a2
core   0: 0x800095a6 (0xa43f2f23) sw      gp, -1442(t5)
core   0: 3 0x800095a6 (0xa43f2f23) mem 0x8000b000 0x00000001
core   0: 0x800095aa (0x0000bfe5) c.j     pc - 8
core   0: 3 0x800095aa (0xbfe5)
core   0: 0x800095a2 (0x00002f17) auipc   t5, 0x2
core   0: 3 0x800095a2 (0x00002f17) x30 0x8000b5a2
core   0: 0x800095a6 (0xa43f2f23) sw      gp, -1442(t5)
core   0: 3 0x800095a6 (0xa43f2f23) mem 0x8000b000 0x00000001
core   0: 0x800095aa (0x0000bfe5) c.j     pc - 8
core   0: 3 0x800095aa (0xbfe5)
core   0: 0x800095a2 (0x00002f17) auipc   t5, 0x2
core   0: 3 0x800095a2 (0x00002f17) x30 0x8000b5a2
core   0: 0x800095a6 (0xa43f2f23) sw      gp, -1442(t5)
core   0: 3 0x800095a6 (0xa43f2f23) mem 0x8000b000 0x00000001
core   0: 0x800095aa (0x0000bfe5) c.j     pc - 8
core   0: 3 0x800095aa (0xbfe5)
core   0: 0x800095a2 (0x00002f17) auipc   t5, 0x2
core   0: 3 0x800095a2 (0x00002f17) x30 0x8000b5a2
core   0: 0x800095a6 (0xa43f2f23) sw      gp, -1442(t5)
core   0: 3 0x800095a6 (0xa43f2f23) mem 0x8000b000 0x00000001
core   0: 0x800095aa (0x0000bfe5) c.j     pc - 8
core   0: 3 0x800095aa (0xbfe5)
core   0: 0x800095a2 (0x00002f17) auipc   t5, 0x2
core   0: 3 0x800095a2 (0x00002f17) x30 0x8000b5a2
core   0: 0x800095a6 (0xa43f2f23) sw      gp, -1442(t5)
core   0: 3 0x800095a6 (0xa43f2f23) mem 0x8000b000 0x00000001
core   0: 0x800095aa (0x0000bfe5) c.j     pc - 8
core   0: 3 0x800095aa (0xbfe5)
core   0: 0x800095a2 (0x00002f17) auipc   t5, 0x2
core   0: 3 0x800095a2 (0x00002f17) x30 0x8000b5a2
core   0: 0x800095a6 (0xa43f2f23) sw      gp, -1442(t5)
core   0: 3 0x800095a6 (0xa43f2f23) mem 0x8000b000 0x00000001
core   0: 0x800095aa (0x0000bfe5) c.j     pc - 8
core   0: 3 0x800095aa (0xbfe5)
core   0: 0x800095a2 (0x00002f17) auipc   t5, 0x2
core   0: 3 0x800095a2 (0x00002f17) x30 0x8000b5a2
core   0: 0x800095a6 (0xa43f2f23) sw      gp, -1442(t5)
core   0: 3 0x800095a6 (0xa43f2f23) mem 0x8000b000 0x00000001
core   0: 0x800095aa (0x0000bfe5) c.j     pc - 8
core   0: 3 0x800095aa (0xbfe5)
core   0: 0x800095a2 (0x00002f17) auipc   t5, 0x2
core   0: 3 0x800095a2 (0x00002f17) x30 0x8000b5a2
core   0: 0x800095a6 (0xa43f2f23) sw      gp, -1442(t5)
core   0: 3 0x800095a6 (0xa43f2f23) mem 0x8000b000 0x00000001
core   0: 0x800095aa (0x0000bfe5) c.j     pc - 8
core   0: 3 0x800095aa (0xbfe5)
core   0: 0x800095a2 (0x00002f17) auipc   t5, 0x2
core   0: 3 0x800095a2 (0x00002f17) x30 0x8000b5a2
core   0: 0x800095a6 (0xa43f2f23) sw      gp, -1442(t5)
core   0: 3 0x800095a6 (0xa43f2f23) mem 0x8000b000 0x00000001
core   0: 0x800095aa (0x0000bfe5) c.j     pc - 8
core   0: 3 0x800095aa (0xbfe5)
core   0: 0x800095a2 (0x00002f17) auipc   t5, 0x2
core   0: 3 0x800095a2 (0x00002f17) x30 0x8000b5a2
core   0: 0x800095a6 (0xa43f2f23) sw      gp, -1442(t5)
core   0: 3 0x800095a6 (0xa43f2f23) mem 0x8000b000 0x00000001
core   0: 0x800095aa (0x0000bfe5) c.j     pc - 8
core   0: 3 0x800095aa (0xbfe5)
core   0: 0x800095a2 (0x00002f17) auipc   t5, 0x2
core   0: 3 0x800095a2 (0x00002f17) x30 0x8000b5a2
core   0: 0x800095a6 (0xa43f2f23) sw      gp, -1442(t5)
core   0: 3 0x800095a6 (0xa43f2f23) mem 0x8000b000 0x00000001
core   0: 0x800095aa (0x0000bfe5) c.j     pc - 8
core   0: 3 0x800095aa (0xbfe5)
core   0: 0x800095a2 (0x00002f17) auipc   t5, 0x2
core   0: 3 0x800095a2 (0x00002f17) x30 0x8000b5a2
core   0: 0x800095a6 (0xa43f2f23) sw      gp, -1442(t5)
core   0: 3 0x800095a6 (0xa43f2f23) mem 0x8000b000 0x00000001
core   0: 0x800095aa (0x0000bfe5) c.j     pc - 8
core   0: 3 0x800095aa (0xbfe5)
core   0: 0x800095a2 (0x00002f17) auipc   t5, 0x2
core   0: 3 0x800095a2 (0x00002f17) x30 0x8000b5a2
core   0: 0x800095a6 (0xa43f2f23) sw      gp, -1442(t5)
core   0: 3 0x800095a6 (0xa43f2f23) mem 0x8000b000 0x00000001
core   0: 0x800095aa (0x0000bfe5) c.j     pc - 8
core   0: 3 0x800095aa (0xbfe5)
core   0: 0x800095a2 (0x00002f17) auipc   t5, 0x2
core   0: 3 0x800095a2 (0x00002f17) x30 0x8000b5a2
core   0: 0x800095a6 (0xa43f2f23) sw      gp, -1442(t5)
core   0: 3 0x800095a6 (0xa43f2f23) mem 0x8000b000 0x00000001
core   0: 0x800095aa (0x0000bfe5) c.j     pc - 8
core   0: 3 0x800095aa (0xbfe5)
core   0: 0x800095a2 (0x00002f17) auipc   t5, 0x2
core   0: 3 0x800095a2 (0x00002f17) x30 0x8000b5a2
core   0: 0x800095a6 (0xa43f2f23) sw      gp, -1442(t5)
core   0: 3 0x800095a6 (0xa43f2f23) mem 0x8000b000 0x00000001
core   0: 0x800095aa (0x0000bfe5) c.j     pc - 8
core   0: 3 0x800095aa (0xbfe5)
core   0: 0x800095a2 (0x00002f17) auipc   t5, 0x2
core   0: 3 0x800095a2 (0x00002f17) x30 0x8000b5a2
core   0: 0x800095a6 (0xa43f2f23) sw      gp, -1442(t5)
core   0: 3 0x800095a6 (0xa43f2f23) mem 0x8000b000 0x00000001
core   0: 0x800095aa (0x0000bfe5) c.j     pc - 8
core   0: 3 0x800095aa (0xbfe5)
core   0: 0x800095a2 (0x00002f17) auipc   t5, 0x2
core   0: 3 0x800095a2 (0x00002f17) x30 0x8000b5a2
core   0: 0x800095a6 (0xa43f2f23) sw      gp, -1442(t5)
core   0: 3 0x800095a6 (0xa43f2f23) mem 0x8000b000 0x00000001
core   0: 0x800095aa (0x0000bfe5) c.j     pc - 8
core   0: 3 0x800095aa (0xbfe5)
core   0: 0x800095a2 (0x00002f17) auipc   t5, 0x2
core   0: 3 0x800095a2 (0x00002f17) x30 0x8000b5a2
core   0: 0x800095a6 (0xa43f2f23) sw      gp, -1442(t5)
core   0: 3 0x800095a6 (0xa43f2f23) mem 0x8000b000 0x00000001
core   0: 0x800095aa (0x0000bfe5) c.j     pc - 8
core   0: 3 0x800095aa (0xbfe5)
core   0: 0x800095a2 (0x00002f17) auipc   t5, 0x2
core   0: 3 0x800095a2 (0x00002f17) x30 0x8000b5a2
core   0: 0x800095a6 (0xa43f2f23) sw      gp, -1442(t5)
core   0: 3 0x800095a6 (0xa43f2f23) mem 0x8000b000 0x00000001
core   0: 0x800095aa (0x0000bfe5) c.j     pc - 8
core   0: 3 0x800095aa (0xbfe5)
core   0: 0x800095a2 (0x00002f17) auipc   t5, 0x2
core   0: 3 0x800095a2 (0x00002f17) x30 0x8000b5a2
core   0: 0x800095a6 (0xa43f2f23) sw      gp, -1442(t5)
core   0: 3 0x800095a6 (0xa43f2f23) mem 0x8000b000 0x00000001
core   0: 0x800095aa (0x0000bfe5) c.j     pc - 8
core   0: 3 0x800095aa (0xbfe5)
core   0: 0x800095a2 (0x00002f17) auipc   t5, 0x2
core   0: 3 0x800095a2 (0x00002f17) x30 0x8000b5a2
core   0: 0x800095a6 (0xa43f2f23) sw      gp, -1442(t5)
core   0: 3 0x800095a6 (0xa43f2f23) mem 0x8000b000 0x00000001
core   0: 0x800095aa (0x0000bfe5) c.j     pc - 8
core   0: 3 0x800095aa (0xbfe5)
core   0: 0x800095a2 (0x00002f17) auipc   t5, 0x2
core   0: 3 0x800095a2 (0x00002f17) x30 0x8000b5a2
core   0: 0x800095a6 (0xa43f2f23) sw      gp, -1442(t5)
core   0: 3 0x800095a6 (0xa43f2f23) mem 0x8000b000 0x00000001
core   0: 0x800095aa (0x0000bfe5) c.j     pc - 8
core   0: 3 0x800095aa (0xbfe5)
core   0: 0x800095a2 (0x00002f17) auipc   t5, 0x2
core   0: 3 0x800095a2 (0x00002f17) x30 0x8000b5a2
core   0: 0x800095a6 (0xa43f2f23) sw      gp, -1442(t5)
core   0: 3 0x800095a6 (0xa43f2f23) mem 0x8000b000 0x00000001
core   0: 0x800095aa (0x0000bfe5) c.j     pc - 8
core   0: 3 0x800095aa (0xbfe5)
core   0: 0x800095a2 (0x00002f17) auipc   t5, 0x2
core   0: 3 0x800095a2 (0x00002f17) x30 0x8000b5a2
core   0: 0x800095a6 (0xa43f2f23) sw      gp, -1442(t5)
core   0: 3 0x800095a6 (0xa43f2f23) mem 0x8000b000 0x00000001
core   0: 0x800095aa (0x0000bfe5) c.j     pc - 8
core   0: 3 0x800095aa (0xbfe5)
core   0: 0x800095a2 (0x00002f17) auipc   t5, 0x2
core   0: 3 0x800095a2 (0x00002f17) x30 0x8000b5a2
core   0: 0x800095a6 (0xa43f2f23) sw      gp, -1442(t5)
core   0: 3 0x800095a6 (0xa43f2f23) mem 0x8000b000 0x00000001
core   0: 0x800095aa (0x0000bfe5) c.j     pc - 8
core   0: 3 0x800095aa (0xbfe5)
core   0: 0x800095a2 (0x00002f17) auipc   t5, 0x2
core   0: 3 0x800095a2 (0x00002f17) x30 0x8000b5a2
core   0: 0x800095a6 (0xa43f2f23) sw      gp, -1442(t5)
core   0: 3 0x800095a6 (0xa43f2f23) mem 0x8000b000 0x00000001
core   0: 0x800095aa (0x0000bfe5) c.j     pc - 8
core   0: 3 0x800095aa (0xbfe5)
core   0: 0x800095a2 (0x00002f17) auipc   t5, 0x2
core   0: 3 0x800095a2 (0x00002f17) x30 0x8000b5a2
core   0: 0x800095a6 (0xa43f2f23) sw      gp, -1442(t5)
core   0: 3 0x800095a6 (0xa43f2f23) mem 0x8000b000 0x00000001
core   0: 0x800095aa (0x0000bfe5) c.j     pc - 8
core   0: 3 0x800095aa (0xbfe5)
core   0: 0x800095a2 (0x00002f17) auipc   t5, 0x2
core   0: 3 0x800095a2 (0x00002f17) x30 0x8000b5a2
core   0: 0x800095a6 (0xa43f2f23) sw      gp, -1442(t5)
core   0: 3 0x800095a6 (0xa43f2f23) mem 0x8000b000 0x00000001
core   0: 0x800095aa (0x0000bfe5) c.j     pc - 8
core   0: 3 0x800095aa (0xbfe5)
core   0: 0x800095a2 (0x00002f17) auipc   t5, 0x2
core   0: 3 0x800095a2 (0x00002f17) x30 0x8000b5a2
core   0: 0x800095a6 (0xa43f2f23) sw      gp, -1442(t5)
core   0: 3 0x800095a6 (0xa43f2f23) mem 0x8000b000 0x00000001
core   0: 0x800095aa (0x0000bfe5) c.j     pc - 8
core   0: 3 0x800095aa (0xbfe5)
core   0: 0x800095a2 (0x00002f17) auipc   t5, 0x2
core   0: 3 0x800095a2 (0x00002f17) x30 0x8000b5a2
core   0: 0x800095a6 (0xa43f2f23) sw      gp, -1442(t5)
core   0: 3 0x800095a6 (0xa43f2f23) mem 0x8000b000 0x00000001
core   0: 0x800095aa (0x0000bfe5) c.j     pc - 8
core   0: 3 0x800095aa (0xbfe5)
core   0: 0x800095a2 (0x00002f17) auipc   t5, 0x2
core   0: 3 0x800095a2 (0x00002f17) x30 0x8000b5a2
core   0: 0x800095a6 (0xa43f2f23) sw      gp, -1442(t5)
core   0: 3 0x800095a6 (0xa43f2f23) mem 0x8000b000 0x00000001
core   0: 0x800095aa (0x0000bfe5) c.j     pc - 8
core   0: 3 0x800095aa (0xbfe5)
core   0: 0x800095a2 (0x00002f17) auipc   t5, 0x2
core   0: 3 0x800095a2 (0x00002f17) x30 0x8000b5a2
core   0: 0x800095a6 (0xa43f2f23) sw      gp, -1442(t5)
core   0: 3 0x800095a6 (0xa43f2f23) mem 0x8000b000 0x00000001
core   0: 0x800095aa (0x0000bfe5) c.j     pc - 8
core   0: 3 0x800095aa (0xbfe5)
core   0: 0x800095a2 (0x00002f17) auipc   t5, 0x2
core   0: 3 0x800095a2 (0x00002f17) x30 0x8000b5a2
core   0: 0x800095a6 (0xa43f2f23) sw      gp, -1442(t5)
core   0: 3 0x800095a6 (0xa43f2f23) mem 0x8000b000 0x00000001
core   0: 0x800095aa (0x0000bfe5) c.j     pc - 8
core   0: 3 0x800095aa (0xbfe5)
core   0: 0x800095a2 (0x00002f17) auipc   t5, 0x2
core   0: 3 0x800095a2 (0x00002f17) x30 0x8000b5a2
core   0: 0x800095a6 (0xa43f2f23) sw      gp, -1442(t5)
core   0: 3 0x800095a6 (0xa43f2f23) mem 0x8000b000 0x00000001
core   0: 0x800095aa (0x0000bfe5) c.j     pc - 8
core   0: 3 0x800095aa (0xbfe5)
core   0: 0x800095a2 (0x00002f17) auipc   t5, 0x2
core   0: 3 0x800095a2 (0x00002f17) x30 0x8000b5a2
core   0: 0x800095a6 (0xa43f2f23) sw      gp, -1442(t5)
core   0: 3 0x800095a6 (0xa43f2f23) mem 0x8000b000 0x00000001
core   0: 0x800095aa (0x0000bfe5) c.j     pc - 8
core   0: 3 0x800095aa (0xbfe5)
core   0: 0x800095a2 (0x00002f17) auipc   t5, 0x2
core   0: 3 0x800095a2 (0x00002f17) x30 0x8000b5a2
core   0: 0x800095a6 (0xa43f2f23) sw      gp, -1442(t5)
core   0: 3 0x800095a6 (0xa43f2f23) mem 0x8000b000 0x00000001
core   0: 0x800095aa (0x0000bfe5) c.j     pc - 8
core   0: 3 0x800095aa (0xbfe5)
core   0: 0x800095a2 (0x00002f17) auipc   t5, 0x2
core   0: 3 0x800095a2 (0x00002f17) x30 0x8000b5a2
core   0: 0x800095a6 (0xa43f2f23) sw      gp, -1442(t5)
core   0: 3 0x800095a6 (0xa43f2f23) mem 0x8000b000 0x00000001
core   0: 0x800095aa (0x0000bfe5) c.j     pc - 8
core   0: 3 0x800095aa (0xbfe5)
core   0: 0x800095a2 (0x00002f17) auipc   t5, 0x2
core   0: 3 0x800095a2 (0x00002f17) x30 0x8000b5a2
core   0: 0x800095a6 (0xa43f2f23) sw      gp, -1442(t5)
core   0: 3 0x800095a6 (0xa43f2f23) mem 0x8000b000 0x00000001
core   0: 0x800095aa (0x0000bfe5) c.j     pc - 8
core   0: 3 0x800095aa (0xbfe5)
core   0: 0x800095a2 (0x00002f17) auipc   t5, 0x2
core   0: 3 0x800095a2 (0x00002f17) x30 0x8000b5a2
core   0: 0x800095a6 (0xa43f2f23) sw      gp, -1442(t5)
core   0: 3 0x800095a6 (0xa43f2f23) mem 0x8000b000 0x00000001
core   0: 0x800095aa (0x0000bfe5) c.j     pc - 8
core   0: 3 0x800095aa (0xbfe5)
core   0: 0x800095a2 (0x00002f17) auipc   t5, 0x2
core   0: 3 0x800095a2 (0x00002f17) x30 0x8000b5a2
core   0: 0x800095a6 (0xa43f2f23) sw      gp, -1442(t5)
core   0: 3 0x800095a6 (0xa43f2f23) mem 0x8000b000 0x00000001
core   0: 0x800095aa (0x0000bfe5) c.j     pc - 8
core   0: 3 0x800095aa (0xbfe5)
core   0: 0x800095a2 (0x00002f17) auipc   t5, 0x2
core   0: 3 0x800095a2 (0x00002f17) x30 0x8000b5a2
core   0: 0x800095a6 (0xa43f2f23) sw      gp, -1442(t5)
core   0: 3 0x800095a6 (0xa43f2f23) mem 0x8000b000 0x00000001
core   0: 0x800095aa (0x0000bfe5) c.j     pc - 8
core   0: 3 0x800095aa (0xbfe5)
core   0: 0x800095a2 (0x00002f17) auipc   t5, 0x2
core   0: 3 0x800095a2 (0x00002f17) x30 0x8000b5a2
core   0: 0x800095a6 (0xa43f2f23) sw      gp, -1442(t5)
core   0: 3 0x800095a6 (0xa43f2f23) mem 0x8000b000 0x00000001
core   0: 0x800095aa (0x0000bfe5) c.j     pc - 8
core   0: 3 0x800095aa (0xbfe5)
core   0: 0x800095a2 (0x00002f17) auipc   t5, 0x2
core   0: 3 0x800095a2 (0x00002f17) x30 0x8000b5a2
core   0: 0x800095a6 (0xa43f2f23) sw      gp, -1442(t5)
core   0: 3 0x800095a6 (0xa43f2f23) mem 0x8000b000 0x00000001
core   0: 0x800095aa (0x0000bfe5) c.j     pc - 8
core   0: 3 0x800095aa (0xbfe5)
core   0: 0x800095a2 (0x00002f17) auipc   t5, 0x2
core   0: 3 0x800095a2 (0x00002f17) x30 0x8000b5a2
core   0: 0x800095a6 (0xa43f2f23) sw      gp, -1442(t5)
core   0: 3 0x800095a6 (0xa43f2f23) mem 0x8000b000 0x00000001
core   0: 0x800095aa (0x0000bfe5) c.j     pc - 8
core   0: 3 0x800095aa (0xbfe5)
core   0: 0x800095a2 (0x00002f17) auipc   t5, 0x2
core   0: 3 0x800095a2 (0x00002f17) x30 0x8000b5a2
core   0: 0x800095a6 (0xa43f2f23) sw      gp, -1442(t5)
core   0: 3 0x800095a6 (0xa43f2f23) mem 0x8000b000 0x00000001
core   0: 0x800095aa (0x0000bfe5) c.j     pc - 8
core   0: 3 0x800095aa (0xbfe5)
core   0: 0x800095a2 (0x00002f17) auipc   t5, 0x2
core   0: 3 0x800095a2 (0x00002f17) x30 0x8000b5a2
core   0: 0x800095a6 (0xa43f2f23) sw      gp, -1442(t5)
core   0: 3 0x800095a6 (0xa43f2f23) mem 0x8000b000 0x00000001
core   0: 0x800095aa (0x0000bfe5) c.j     pc - 8
core   0: 3 0x800095aa (0xbfe5)
core   0: 0x800095a2 (0x00002f17) auipc   t5, 0x2
core   0: 3 0x800095a2 (0x00002f17) x30 0x8000b5a2
core   0: 0x800095a6 (0xa43f2f23) sw      gp, -1442(t5)
core   0: 3 0x800095a6 (0xa43f2f23) mem 0x8000b000 0x00000001
core   0: 0x800095aa (0x0000bfe5) c.j     pc - 8
core   0: 3 0x800095aa (0xbfe5)
core   0: 0x800095a2 (0x00002f17) auipc   t5, 0x2
core   0: 3 0x800095a2 (0x00002f17) x30 0x8000b5a2
core   0: 0x800095a6 (0xa43f2f23) sw      gp, -1442(t5)
core   0: 3 0x800095a6 (0xa43f2f23) mem 0x8000b000 0x00000001
core   0: 0x800095aa (0x0000bfe5) c.j     pc - 8
core   0: 3 0x800095aa (0xbfe5)
core   0: 0x800095a2 (0x00002f17) auipc   t5, 0x2
core   0: 3 0x800095a2 (0x00002f17) x30 0x8000b5a2
core   0: 0x800095a6 (0xa43f2f23) sw      gp, -1442(t5)
core   0: 3 0x800095a6 (0xa43f2f23) mem 0x8000b000 0x00000001
core   0: 0x800095aa (0x0000bfe5) c.j     pc - 8
core   0: 3 0x800095aa (0xbfe5)
core   0: 0x800095a2 (0x00002f17) auipc   t5, 0x2
core   0: 3 0x800095a2 (0x00002f17) x30 0x8000b5a2
core   0: 0x800095a6 (0xa43f2f23) sw      gp, -1442(t5)
core   0: 3 0x800095a6 (0xa43f2f23) mem 0x8000b000 0x00000001
core   0: 0x800095aa (0x0000bfe5) c.j     pc - 8
core   0: 3 0x800095aa (0xbfe5)
core   0: 0x800095a2 (0x00002f17) auipc   t5, 0x2
core   0: 3 0x800095a2 (0x00002f17) x30 0x8000b5a2
core   0: 0x800095a6 (0xa43f2f23) sw      gp, -1442(t5)
core   0: 3 0x800095a6 (0xa43f2f23) mem 0x8000b000 0x00000001
core   0: 0x800095aa (0x0000bfe5) c.j     pc - 8
core   0: 3 0x800095aa (0xbfe5)
core   0: 0x800095a2 (0x00002f17) auipc   t5, 0x2
core   0: 3 0x800095a2 (0x00002f17) x30 0x8000b5a2
core   0: 0x800095a6 (0xa43f2f23) sw      gp, -1442(t5)
core   0: 3 0x800095a6 (0xa43f2f23) mem 0x8000b000 0x00000001
core   0: 0x800095aa (0x0000bfe5) c.j     pc - 8
core   0: 3 0x800095aa (0xbfe5)
core   0: 0x800095a2 (0x00002f17) auipc   t5, 0x2
core   0: 3 0x800095a2 (0x00002f17) x30 0x8000b5a2
core   0: 0x800095a6 (0xa43f2f23) sw      gp, -1442(t5)
core   0: 3 0x800095a6 (0xa43f2f23) mem 0x8000b000 0x00000001
core   0: 0x800095aa (0x0000bfe5) c.j     pc - 8
core   0: 3 0x800095aa (0xbfe5)
core   0: 0x800095a2 (0x00002f17) auipc   t5, 0x2
core   0: 3 0x800095a2 (0x00002f17) x30 0x8000b5a2
core   0: 0x800095a6 (0xa43f2f23) sw      gp, -1442(t5)
core   0: 3 0x800095a6 (0xa43f2f23) mem 0x8000b000 0x00000001
core   0: 0x800095aa (0x0000bfe5) c.j     pc - 8
core   0: 3 0x800095aa (0xbfe5)
core   0: 0x800095a2 (0x00002f17) auipc   t5, 0x2
core   0: 3 0x800095a2 (0x00002f17) x30 0x8000b5a2
core   0: 0x800095a6 (0xa43f2f23) sw      gp, -1442(t5)
core   0: 3 0x800095a6 (0xa43f2f23) mem 0x8000b000 0x00000001
core   0: 0x800095aa (0x0000bfe5) c.j     pc - 8
core   0: 3 0x800095aa (0xbfe5)
core   0: 0x800095a2 (0x00002f17) auipc   t5, 0x2
core   0: 3 0x800095a2 (0x00002f17) x30 0x8000b5a2
core   0: 0x800095a6 (0xa43f2f23) sw      gp, -1442(t5)
core   0: 3 0x800095a6 (0xa43f2f23) mem 0x8000b000 0x00000001
core   0: 0x800095aa (0x0000bfe5) c.j     pc - 8
core   0: 3 0x800095aa (0xbfe5)
core   0: 0x800095a2 (0x00002f17) auipc   t5, 0x2
core   0: 3 0x800095a2 (0x00002f17) x30 0x8000b5a2
core   0: 0x800095a6 (0xa43f2f23) sw      gp, -1442(t5)
core   0: 3 0x800095a6 (0xa43f2f23) mem 0x8000b000 0x00000001
core   0: 0x800095aa (0x0000bfe5) c.j     pc - 8
core   0: 3 0x800095aa (0xbfe5)
core   0: 0x800095a2 (0x00002f17) auipc   t5, 0x2
core   0: 3 0x800095a2 (0x00002f17) x30 0x8000b5a2
core   0: 0x800095a6 (0xa43f2f23) sw      gp, -1442(t5)
core   0: 3 0x800095a6 (0xa43f2f23) mem 0x8000b000 0x00000001
core   0: 0x800095aa (0x0000bfe5) c.j     pc - 8
core   0: 3 0x800095aa (0xbfe5)
core   0: 0x800095a2 (0x00002f17) auipc   t5, 0x2
core   0: 3 0x800095a2 (0x00002f17) x30 0x8000b5a2
core   0: 0x800095a6 (0xa43f2f23) sw      gp, -1442(t5)
core   0: 3 0x800095a6 (0xa43f2f23) mem 0x8000b000 0x00000001
core   0: 0x800095aa (0x0000bfe5) c.j     pc - 8
core   0: 3 0x800095aa (0xbfe5)
core   0: 0x800095a2 (0x00002f17) auipc   t5, 0x2
core   0: 3 0x800095a2 (0x00002f17) x30 0x8000b5a2
core   0: 0x800095a6 (0xa43f2f23) sw      gp, -1442(t5)
core   0: 3 0x800095a6 (0xa43f2f23) mem 0x8000b000 0x00000001
core   0: 0x800095aa (0x0000bfe5) c.j     pc - 8
core   0: 3 0x800095aa (0xbfe5)
core   0: 0x800095a2 (0x00002f17) auipc   t5, 0x2
core   0: 3 0x800095a2 (0x00002f17) x30 0x8000b5a2
core   0: 0x800095a6 (0xa43f2f23) sw      gp, -1442(t5)
core   0: 3 0x800095a6 (0xa43f2f23) mem 0x8000b000 0x00000001
core   0: 0x800095aa (0x0000bfe5) c.j     pc - 8
core   0: 3 0x800095aa (0xbfe5)
core   0: 0x800095a2 (0x00002f17) auipc   t5, 0x2
core   0: 3 0x800095a2 (0x00002f17) x30 0x8000b5a2
core   0: 0x800095a6 (0xa43f2f23) sw      gp, -1442(t5)
core   0: 3 0x800095a6 (0xa43f2f23) mem 0x8000b000 0x00000001
core   0: 0x800095aa (0x0000bfe5) c.j     pc - 8
core   0: 3 0x800095aa (0xbfe5)
core   0: 0x800095a2 (0x00002f17) auipc   t5, 0x2
core   0: 3 0x800095a2 (0x00002f17) x30 0x8000b5a2
core   0: 0x800095a6 (0xa43f2f23) sw      gp, -1442(t5)
core   0: 3 0x800095a6 (0xa43f2f23) mem 0x8000b000 0x00000001
core   0: 0x800095aa (0x0000bfe5) c.j     pc - 8
core   0: 3 0x800095aa (0xbfe5)
core   0: 0x800095a2 (0x00002f17) auipc   t5, 0x2
core   0: 3 0x800095a2 (0x00002f17) x30 0x8000b5a2
core   0: 0x800095a6 (0xa43f2f23) sw      gp, -1442(t5)
core   0: 3 0x800095a6 (0xa43f2f23) mem 0x8000b000 0x00000001
core   0: 0x800095aa (0x0000bfe5) c.j     pc - 8
core   0: 3 0x800095aa (0xbfe5)
core   0: 0x800095a2 (0x00002f17) auipc   t5, 0x2
core   0: 3 0x800095a2 (0x00002f17) x30 0x8000b5a2
core   0: 0x800095a6 (0xa43f2f23) sw      gp, -1442(t5)
core   0: 3 0x800095a6 (0xa43f2f23) mem 0x8000b000 0x00000001
core   0: 0x800095aa (0x0000bfe5) c.j     pc - 8
core   0: 3 0x800095aa (0xbfe5)
core   0: 0x800095a2 (0x00002f17) auipc   t5, 0x2
core   0: 3 0x800095a2 (0x00002f17) x30 0x8000b5a2
core   0: 0x800095a6 (0xa43f2f23) sw      gp, -1442(t5)
core   0: 3 0x800095a6 (0xa43f2f23) mem 0x8000b000 0x00000001
core   0: 0x800095aa (0x0000bfe5) c.j     pc - 8
core   0: 3 0x800095aa (0xbfe5)
core   0: 0x800095a2 (0x00002f17) auipc   t5, 0x2
core   0: 3 0x800095a2 (0x00002f17) x30 0x8000b5a2
core   0: 0x800095a6 (0xa43f2f23) sw      gp, -1442(t5)
core   0: 3 0x800095a6 (0xa43f2f23) mem 0x8000b000 0x00000001
core   0: 0x800095aa (0x0000bfe5) c.j     pc - 8
core   0: 3 0x800095aa (0xbfe5)
core   0: 0x800095a2 (0x00002f17) auipc   t5, 0x2
core   0: 3 0x800095a2 (0x00002f17) x30 0x8000b5a2
core   0: 0x800095a6 (0xa43f2f23) sw      gp, -1442(t5)
core   0: 3 0x800095a6 (0xa43f2f23) mem 0x8000b000 0x00000001
core   0: 0x800095aa (0x0000bfe5) c.j     pc - 8
core   0: 3 0x800095aa (0xbfe5)
core   0: 0x800095a2 (0x00002f17) auipc   t5, 0x2
core   0: 3 0x800095a2 (0x00002f17) x30 0x8000b5a2
core   0: 0x800095a6 (0xa43f2f23) sw      gp, -1442(t5)
core   0: 3 0x800095a6 (0xa43f2f23) mem 0x8000b000 0x00000001
core   0: 0x800095aa (0x0000bfe5) c.j     pc - 8
core   0: 3 0x800095aa (0xbfe5)
core   0: 0x800095a2 (0x00002f17) auipc   t5, 0x2
core   0: 3 0x800095a2 (0x00002f17) x30 0x8000b5a2
core   0: 0x800095a6 (0xa43f2f23) sw      gp, -1442(t5)
core   0: 3 0x800095a6 (0xa43f2f23) mem 0x8000b000 0x00000001
core   0: 0x800095aa (0x0000bfe5) c.j     pc - 8
core   0: 3 0x800095aa (0xbfe5)
core   0: 0x800095a2 (0x00002f17) auipc   t5, 0x2
core   0: 3 0x800095a2 (0x00002f17) x30 0x8000b5a2
core   0: 0x800095a6 (0xa43f2f23) sw      gp, -1442(t5)
core   0: 3 0x800095a6 (0xa43f2f23) mem 0x8000b000 0x00000001
core   0: 0x800095aa (0x0000bfe5) c.j     pc - 8
core   0: 3 0x800095aa (0xbfe5)
core   0: 0x800095a2 (0x00002f17) auipc   t5, 0x2
core   0: 3 0x800095a2 (0x00002f17) x30 0x8000b5a2
core   0: 0x800095a6 (0xa43f2f23) sw      gp, -1442(t5)
core   0: 3 0x800095a6 (0xa43f2f23) mem 0x8000b000 0x00000001
core   0: 0x800095aa (0x0000bfe5) c.j     pc - 8
core   0: 3 0x800095aa (0xbfe5)
core   0: 0x800095a2 (0x00002f17) auipc   t5, 0x2
core   0: 3 0x800095a2 (0x00002f17) x30 0x8000b5a2
core   0: 0x800095a6 (0xa43f2f23) sw      gp, -1442(t5)
core   0: 3 0x800095a6 (0xa43f2f23) mem 0x8000b000 0x00000001
core   0: 0x800095aa (0x0000bfe5) c.j     pc - 8
core   0: 3 0x800095aa (0xbfe5)
core   0: 0x800095a2 (0x00002f17) auipc   t5, 0x2
core   0: 3 0x800095a2 (0x00002f17) x30 0x8000b5a2
core   0: 0x800095a6 (0xa43f2f23) sw      gp, -1442(t5)
core   0: 3 0x800095a6 (0xa43f2f23) mem 0x8000b000 0x00000001
core   0: 0x800095aa (0x0000bfe5) c.j     pc - 8
core   0: 3 0x800095aa (0xbfe5)
core   0: 0x800095a2 (0x00002f17) auipc   t5, 0x2
core   0: 3 0x800095a2 (0x00002f17) x30 0x8000b5a2
core   0: 0x800095a6 (0xa43f2f23) sw      gp, -1442(t5)
core   0: 3 0x800095a6 (0xa43f2f23) mem 0x8000b000 0x00000001
core   0: 0x800095aa (0x0000bfe5) c.j     pc - 8
core   0: 3 0x800095aa (0xbfe5)
core   0: 0x800095a2 (0x00002f17) auipc   t5, 0x2
core   0: 3 0x800095a2 (0x00002f17) x30 0x8000b5a2
core   0: 0x800095a6 (0xa43f2f23) sw      gp, -1442(t5)
core   0: 3 0x800095a6 (0xa43f2f23) mem 0x8000b000 0x00000001
core   0: 0x800095aa (0x0000bfe5) c.j     pc - 8
core   0: 3 0x800095aa (0xbfe5)
core   0: 0x800095a2 (0x00002f17) auipc   t5, 0x2
core   0: 3 0x800095a2 (0x00002f17) x30 0x8000b5a2
core   0: 0x800095a6 (0xa43f2f23) sw      gp, -1442(t5)
core   0: 3 0x800095a6 (0xa43f2f23) mem 0x8000b000 0x00000001
core   0: 0x800095aa (0x0000bfe5) c.j     pc - 8
core   0: 3 0x800095aa (0xbfe5)
core   0: 0x800095a2 (0x00002f17) auipc   t5, 0x2
core   0: 3 0x800095a2 (0x00002f17) x30 0x8000b5a2
core   0: 0x800095a6 (0xa43f2f23) sw      gp, -1442(t5)
core   0: 3 0x800095a6 (0xa43f2f23) mem 0x8000b000 0x00000001
core   0: 0x800095aa (0x0000bfe5) c.j     pc - 8
core   0: 3 0x800095aa (0xbfe5)
core   0: 0x800095a2 (0x00002f17) auipc   t5, 0x2
core   0: 3 0x800095a2 (0x00002f17) x30 0x8000b5a2
core   0: 0x800095a6 (0xa43f2f23) sw      gp, -1442(t5)
core   0: 3 0x800095a6 (0xa43f2f23) mem 0x8000b000 0x00000001
core   0: 0x800095aa (0x0000bfe5) c.j     pc - 8
core   0: 3 0x800095aa (0xbfe5)
core   0: 0x800095a2 (0x00002f17) auipc   t5, 0x2
core   0: 3 0x800095a2 (0x00002f17) x30 0x8000b5a2
core   0: 0x800095a6 (0xa43f2f23) sw      gp, -1442(t5)
core   0: 3 0x800095a6 (0xa43f2f23) mem 0x8000b000 0x00000001
core   0: 0x800095aa (0x0000bfe5) c.j     pc - 8
core   0: 3 0x800095aa (0xbfe5)
core   0: 0x800095a2 (0x00002f17) auipc   t5, 0x2
core   0: 3 0x800095a2 (0x00002f17) x30 0x8000b5a2
core   0: 0x800095a6 (0xa43f2f23) sw      gp, -1442(t5)
core   0: 3 0x800095a6 (0xa43f2f23) mem 0x8000b000 0x00000001
core   0: 0x800095aa (0x0000bfe5) c.j     pc - 8
core   0: 3 0x800095aa (0xbfe5)
core   0: 0x800095a2 (0x00002f17) auipc   t5, 0x2
core   0: 3 0x800095a2 (0x00002f17) x30 0x8000b5a2
core   0: 0x800095a6 (0xa43f2f23) sw      gp, -1442(t5)
core   0: 3 0x800095a6 (0xa43f2f23) mem 0x8000b000 0x00000001
core   0: 0x800095aa (0x0000bfe5) c.j     pc - 8
core   0: 3 0x800095aa (0xbfe5)
core   0: 0x800095a2 (0x00002f17) auipc   t5, 0x2
core   0: 3 0x800095a2 (0x00002f17) x30 0x8000b5a2
core   0: 0x800095a6 (0xa43f2f23) sw      gp, -1442(t5)
core   0: 3 0x800095a6 (0xa43f2f23) mem 0x8000b000 0x00000001
core   0: 0x800095aa (0x0000bfe5) c.j     pc - 8
core   0: 3 0x800095aa (0xbfe5)
core   0: 0x800095a2 (0x00002f17) auipc   t5, 0x2
core   0: 3 0x800095a2 (0x00002f17) x30 0x8000b5a2
core   0: 0x800095a6 (0xa43f2f23) sw      gp, -1442(t5)
core   0: 3 0x800095a6 (0xa43f2f23) mem 0x8000b000 0x00000001
core   0: 0x800095aa (0x0000bfe5) c.j     pc - 8
core   0: 3 0x800095aa (0xbfe5)
core   0: 0x800095a2 (0x00002f17) auipc   t5, 0x2
core   0: 3 0x800095a2 (0x00002f17) x30 0x8000b5a2
core   0: 0x800095a6 (0xa43f2f23) sw      gp, -1442(t5)
core   0: 3 0x800095a6 (0xa43f2f23) mem 0x8000b000 0x00000001
core   0: 0x800095aa (0x0000bfe5) c.j     pc - 8
core   0: 3 0x800095aa (0xbfe5)
core   0: 0x800095a2 (0x00002f17) auipc   t5, 0x2
core   0: 3 0x800095a2 (0x00002f17) x30 0x8000b5a2
core   0: 0x800095a6 (0xa43f2f23) sw      gp, -1442(t5)
core   0: 3 0x800095a6 (0xa43f2f23) mem 0x8000b000 0x00000001
core   0: 0x800095aa (0x0000bfe5) c.j     pc - 8
core   0: 3 0x800095aa (0xbfe5)
core   0: 0x800095a2 (0x00002f17) auipc   t5, 0x2
core   0: 3 0x800095a2 (0x00002f17) x30 0x8000b5a2
core   0: 0x800095a6 (0xa43f2f23) sw      gp, -1442(t5)
core   0: 3 0x800095a6 (0xa43f2f23) mem 0x8000b000 0x00000001
core   0: 0x800095aa (0x0000bfe5) c.j     pc - 8
core   0: 3 0x800095aa (0xbfe5)
core   0: 0x800095a2 (0x00002f17) auipc   t5, 0x2
core   0: 3 0x800095a2 (0x00002f17) x30 0x8000b5a2
core   0: 0x800095a6 (0xa43f2f23) sw      gp, -1442(t5)
core   0: 3 0x800095a6 (0xa43f2f23) mem 0x8000b000 0x00000001
core   0: 0x800095aa (0x0000bfe5) c.j     pc - 8
core   0: 3 0x800095aa (0xbfe5)
core   0: 0x800095a2 (0x00002f17) auipc   t5, 0x2
core   0: 3 0x800095a2 (0x00002f17) x30 0x8000b5a2
core   0: 0x800095a6 (0xa43f2f23) sw      gp, -1442(t5)
core   0: 3 0x800095a6 (0xa43f2f23) mem 0x8000b000 0x00000001
core   0: 0x800095aa (0x0000bfe5) c.j     pc - 8
core   0: 3 0x800095aa (0xbfe5)
core   0: 0x800095a2 (0x00002f17) auipc   t5, 0x2
core   0: 3 0x800095a2 (0x00002f17) x30 0x8000b5a2
core   0: 0x800095a6 (0xa43f2f23) sw      gp, -1442(t5)
core   0: 3 0x800095a6 (0xa43f2f23) mem 0x8000b000 0x00000001
core   0: 0x800095aa (0x0000bfe5) c.j     pc - 8
core   0: 3 0x800095aa (0xbfe5)
core   0: 0x800095a2 (0x00002f17) auipc   t5, 0x2
core   0: 3 0x800095a2 (0x00002f17) x30 0x8000b5a2
core   0: 0x800095a6 (0xa43f2f23) sw      gp, -1442(t5)
core   0: 3 0x800095a6 (0xa43f2f23) mem 0x8000b000 0x00000001
core   0: 0x800095aa (0x0000bfe5) c.j     pc - 8
core   0: 3 0x800095aa (0xbfe5)
core   0: 0x800095a2 (0x00002f17) auipc   t5, 0x2
core   0: 3 0x800095a2 (0x00002f17) x30 0x8000b5a2
core   0: 0x800095a6 (0xa43f2f23) sw      gp, -1442(t5)
core   0: 3 0x800095a6 (0xa43f2f23) mem 0x8000b000 0x00000001
core   0: 0x800095aa (0x0000bfe5) c.j     pc - 8
core   0: 3 0x800095aa (0xbfe5)
core   0: 0x800095a2 (0x00002f17) auipc   t5, 0x2
core   0: 3 0x800095a2 (0x00002f17) x30 0x8000b5a2
core   0: 0x800095a6 (0xa43f2f23) sw      gp, -1442(t5)
core   0: 3 0x800095a6 (0xa43f2f23) mem 0x8000b000 0x00000001
core   0: 0x800095aa (0x0000bfe5) c.j     pc - 8
core   0: 3 0x800095aa (0xbfe5)
core   0: 0x800095a2 (0x00002f17) auipc   t5, 0x2
core   0: 3 0x800095a2 (0x00002f17) x30 0x8000b5a2
core   0: 0x800095a6 (0xa43f2f23) sw      gp, -1442(t5)
core   0: 3 0x800095a6 (0xa43f2f23) mem 0x8000b000 0x00000001
core   0: 0x800095aa (0x0000bfe5) c.j     pc - 8
core   0: 3 0x800095aa (0xbfe5)
core   0: 0x800095a2 (0x00002f17) auipc   t5, 0x2
core   0: 3 0x800095a2 (0x00002f17) x30 0x8000b5a2
core   0: 0x800095a6 (0xa43f2f23) sw      gp, -1442(t5)
core   0: 3 0x800095a6 (0xa43f2f23) mem 0x8000b000 0x00000001
core   0: 0x800095aa (0x0000bfe5) c.j     pc - 8
core   0: 3 0x800095aa (0xbfe5)
core   0: 0x800095a2 (0x00002f17) auipc   t5, 0x2
core   0: 3 0x800095a2 (0x00002f17) x30 0x8000b5a2
core   0: 0x800095a6 (0xa43f2f23) sw      gp, -1442(t5)
core   0: 3 0x800095a6 (0xa43f2f23) mem 0x8000b000 0x00000001
core   0: 0x800095aa (0x0000bfe5) c.j     pc - 8
core   0: 3 0x800095aa (0xbfe5)
core   0: 0x800095a2 (0x00002f17) auipc   t5, 0x2
core   0: 3 0x800095a2 (0x00002f17) x30 0x8000b5a2
core   0: 0x800095a6 (0xa43f2f23) sw      gp, -1442(t5)
core   0: 3 0x800095a6 (0xa43f2f23) mem 0x8000b000 0x00000001
core   0: 0x800095aa (0x0000bfe5) c.j     pc - 8
core   0: 3 0x800095aa (0xbfe5)
core   0: 0x800095a2 (0x00002f17) auipc   t5, 0x2
core   0: 3 0x800095a2 (0x00002f17) x30 0x8000b5a2
core   0: 0x800095a6 (0xa43f2f23) sw      gp, -1442(t5)
core   0: 3 0x800095a6 (0xa43f2f23) mem 0x8000b000 0x00000001
core   0: 0x800095aa (0x0000bfe5) c.j     pc - 8
core   0: 3 0x800095aa (0xbfe5)
core   0: 0x800095a2 (0x00002f17) auipc   t5, 0x2
core   0: 3 0x800095a2 (0x00002f17) x30 0x8000b5a2
core   0: 0x800095a6 (0xa43f2f23) sw      gp, -1442(t5)
core   0: 3 0x800095a6 (0xa43f2f23) mem 0x8000b000 0x00000001
core   0: 0x800095aa (0x0000bfe5) c.j     pc - 8
core   0: 3 0x800095aa (0xbfe5)
core   0: 0x800095a2 (0x00002f17) auipc   t5, 0x2
core   0: 3 0x800095a2 (0x00002f17) x30 0x8000b5a2
core   0: 0x800095a6 (0xa43f2f23) sw      gp, -1442(t5)
core   0: 3 0x800095a6 (0xa43f2f23) mem 0x8000b000 0x00000001
core   0: 0x800095aa (0x0000bfe5) c.j     pc - 8
core   0: 3 0x800095aa (0xbfe5)
core   0: 0x800095a2 (0x00002f17) auipc   t5, 0x2
core   0: 3 0x800095a2 (0x00002f17) x30 0x8000b5a2
core   0: 0x800095a6 (0xa43f2f23) sw      gp, -1442(t5)
core   0: 3 0x800095a6 (0xa43f2f23) mem 0x8000b000 0x00000001
core   0: 0x800095aa (0x0000bfe5) c.j     pc - 8
core   0: 3 0x800095aa (0xbfe5)
core   0: 0x800095a2 (0x00002f17) auipc   t5, 0x2
core   0: 3 0x800095a2 (0x00002f17) x30 0x8000b5a2
core   0: 0x800095a6 (0xa43f2f23) sw      gp, -1442(t5)
core   0: 3 0x800095a6 (0xa43f2f23) mem 0x8000b000 0x00000001
core   0: 0x800095aa (0x0000bfe5) c.j     pc - 8
core   0: 3 0x800095aa (0xbfe5)
core   0: 0x800095a2 (0x00002f17) auipc   t5, 0x2
core   0: 3 0x800095a2 (0x00002f17) x30 0x8000b5a2
core   0: 0x800095a6 (0xa43f2f23) sw      gp, -1442(t5)
core   0: 3 0x800095a6 (0xa43f2f23) mem 0x8000b000 0x00000001
core   0: 0x800095aa (0x0000bfe5) c.j     pc - 8
core   0: 3 0x800095aa (0xbfe5)
core   0: 0x800095a2 (0x00002f17) auipc   t5, 0x2
core   0: 3 0x800095a2 (0x00002f17) x30 0x8000b5a2
core   0: 0x800095a6 (0xa43f2f23) sw      gp, -1442(t5)
core   0: 3 0x800095a6 (0xa43f2f23) mem 0x8000b000 0x00000001
core   0: 0x800095aa (0x0000bfe5) c.j     pc - 8
core   0: 3 0x800095aa (0xbfe5)
core   0: 0x800095a2 (0x00002f17) auipc   t5, 0x2
core   0: 3 0x800095a2 (0x00002f17) x30 0x8000b5a2
core   0: 0x800095a6 (0xa43f2f23) sw      gp, -1442(t5)
core   0: 3 0x800095a6 (0xa43f2f23) mem 0x8000b000 0x00000001
core   0: 0x800095aa (0x0000bfe5) c.j     pc - 8
core   0: 3 0x800095aa (0xbfe5)
core   0: 0x800095a2 (0x00002f17) auipc   t5, 0x2
core   0: 3 0x800095a2 (0x00002f17) x30 0x8000b5a2
core   0: 0x800095a6 (0xa43f2f23) sw      gp, -1442(t5)
core   0: 3 0x800095a6 (0xa43f2f23) mem 0x8000b000 0x00000001
core   0: 0x800095aa (0x0000bfe5) c.j     pc - 8
core   0: 3 0x800095aa (0xbfe5)
core   0: 0x800095a2 (0x00002f17) auipc   t5, 0x2
core   0: 3 0x800095a2 (0x00002f17) x30 0x8000b5a2
core   0: 0x800095a6 (0xa43f2f23) sw      gp, -1442(t5)
core   0: 3 0x800095a6 (0xa43f2f23) mem 0x8000b000 0x00000001
core   0: 0x800095aa (0x0000bfe5) c.j     pc - 8
core   0: 3 0x800095aa (0xbfe5)
core   0: 0x800095a2 (0x00002f17) auipc   t5, 0x2
core   0: 3 0x800095a2 (0x00002f17) x30 0x8000b5a2
core   0: 0x800095a6 (0xa43f2f23) sw      gp, -1442(t5)
core   0: 3 0x800095a6 (0xa43f2f23) mem 0x8000b000 0x00000001
core   0: 0x800095aa (0x0000bfe5) c.j     pc - 8
core   0: 3 0x800095aa (0xbfe5)
core   0: 0x800095a2 (0x00002f17) auipc   t5, 0x2
core   0: 3 0x800095a2 (0x00002f17) x30 0x8000b5a2
core   0: 0x800095a6 (0xa43f2f23) sw      gp, -1442(t5)
core   0: 3 0x800095a6 (0xa43f2f23) mem 0x8000b000 0x00000001
core   0: 0x800095aa (0x0000bfe5) c.j     pc - 8
core   0: 3 0x800095aa (0xbfe5)
core   0: 0x800095a2 (0x00002f17) auipc   t5, 0x2
core   0: 3 0x800095a2 (0x00002f17) x30 0x8000b5a2
core   0: 0x800095a6 (0xa43f2f23) sw      gp, -1442(t5)
core   0: 3 0x800095a6 (0xa43f2f23) mem 0x8000b000 0x00000001
core   0: 0x800095aa (0x0000bfe5) c.j     pc - 8
core   0: 3 0x800095aa (0xbfe5)
core   0: 0x800095a2 (0x00002f17) auipc   t5, 0x2
core   0: 3 0x800095a2 (0x00002f17) x30 0x8000b5a2
core   0: 0x800095a6 (0xa43f2f23) sw      gp, -1442(t5)
core   0: 3 0x800095a6 (0xa43f2f23) mem 0x8000b000 0x00000001
core   0: 0x800095aa (0x0000bfe5) c.j     pc - 8
core   0: 3 0x800095aa (0xbfe5)
core   0: 0x800095a2 (0x00002f17) auipc   t5, 0x2
core   0: 3 0x800095a2 (0x00002f17) x30 0x8000b5a2
core   0: 0x800095a6 (0xa43f2f23) sw      gp, -1442(t5)
core   0: 3 0x800095a6 (0xa43f2f23) mem 0x8000b000 0x00000001
core   0: 0x800095aa (0x0000bfe5) c.j     pc - 8
core   0: 3 0x800095aa (0xbfe5)
core   0: 0x800095a2 (0x00002f17) auipc   t5, 0x2
core   0: 3 0x800095a2 (0x00002f17) x30 0x8000b5a2
core   0: 0x800095a6 (0xa43f2f23) sw      gp, -1442(t5)
core   0: 3 0x800095a6 (0xa43f2f23) mem 0x8000b000 0x00000001
core   0: 0x800095aa (0x0000bfe5) c.j     pc - 8
core   0: 3 0x800095aa (0xbfe5)
core   0: 0x800095a2 (0x00002f17) auipc   t5, 0x2
core   0: 3 0x800095a2 (0x00002f17) x30 0x8000b5a2
core   0: 0x800095a6 (0xa43f2f23) sw      gp, -1442(t5)
core   0: 3 0x800095a6 (0xa43f2f23) mem 0x8000b000 0x00000001
core   0: 0x800095aa (0x0000bfe5) c.j     pc - 8
core   0: 3 0x800095aa (0xbfe5)
core   0: 0x800095a2 (0x00002f17) auipc   t5, 0x2
core   0: 3 0x800095a2 (0x00002f17) x30 0x8000b5a2
core   0: 0x800095a6 (0xa43f2f23) sw      gp, -1442(t5)
core   0: 3 0x800095a6 (0xa43f2f23) mem 0x8000b000 0x00000001
core   0: 0x800095aa (0x0000bfe5) c.j     pc - 8
core   0: 3 0x800095aa (0xbfe5)
core   0: 0x800095a2 (0x00002f17) auipc   t5, 0x2
core   0: 3 0x800095a2 (0x00002f17) x30 0x8000b5a2
core   0: 0x800095a6 (0xa43f2f23) sw      gp, -1442(t5)
core   0: 3 0x800095a6 (0xa43f2f23) mem 0x8000b000 0x00000001
core   0: 0x800095aa (0x0000bfe5) c.j     pc - 8
core   0: 3 0x800095aa (0xbfe5)
core   0: 0x800095a2 (0x00002f17) auipc   t5, 0x2
core   0: 3 0x800095a2 (0x00002f17) x30 0x8000b5a2
core   0: 0x800095a6 (0xa43f2f23) sw      gp, -1442(t5)
core   0: 3 0x800095a6 (0xa43f2f23) mem 0x8000b000 0x00000001
core   0: 0x800095aa (0x0000bfe5) c.j     pc - 8
core   0: 3 0x800095aa (0xbfe5)
core   0: 0x800095a2 (0x00002f17) auipc   t5, 0x2
core   0: 3 0x800095a2 (0x00002f17) x30 0x8000b5a2
core   0: 0x800095a6 (0xa43f2f23) sw      gp, -1442(t5)
core   0: 3 0x800095a6 (0xa43f2f23) mem 0x8000b000 0x00000001
core   0: 0x800095aa (0x0000bfe5) c.j     pc - 8
core   0: 3 0x800095aa (0xbfe5)
core   0: 0x800095a2 (0x00002f17) auipc   t5, 0x2
core   0: 3 0x800095a2 (0x00002f17) x30 0x8000b5a2
core   0: 0x800095a6 (0xa43f2f23) sw      gp, -1442(t5)
core   0: 3 0x800095a6 (0xa43f2f23) mem 0x8000b000 0x00000001
core   0: 0x800095aa (0x0000bfe5) c.j     pc - 8
core   0: 3 0x800095aa (0xbfe5)
core   0: 0x800095a2 (0x00002f17) auipc   t5, 0x2
core   0: 3 0x800095a2 (0x00002f17) x30 0x8000b5a2
core   0: 0x800095a6 (0xa43f2f23) sw      gp, -1442(t5)
core   0: 3 0x800095a6 (0xa43f2f23) mem 0x8000b000 0x00000001
core   0: 0x800095aa (0x0000bfe5) c.j     pc - 8
core   0: 3 0x800095aa (0xbfe5)
core   0: 0x800095a2 (0x00002f17) auipc   t5, 0x2
core   0: 3 0x800095a2 (0x00002f17) x30 0x8000b5a2
core   0: 0x800095a6 (0xa43f2f23) sw      gp, -1442(t5)
core   0: 3 0x800095a6 (0xa43f2f23) mem 0x8000b000 0x00000001
core   0: 0x800095aa (0x0000bfe5) c.j     pc - 8
core   0: 3 0x800095aa (0xbfe5)
core   0: 0x800095a2 (0x00002f17) auipc   t5, 0x2
core   0: 3 0x800095a2 (0x00002f17) x30 0x8000b5a2
core   0: 0x800095a6 (0xa43f2f23) sw      gp, -1442(t5)
core   0: 3 0x800095a6 (0xa43f2f23) mem 0x8000b000 0x00000001
core   0: 0x800095aa (0x0000bfe5) c.j     pc - 8
core   0: 3 0x800095aa (0xbfe5)
core   0: 0x800095a2 (0x00002f17) auipc   t5, 0x2
core   0: 3 0x800095a2 (0x00002f17) x30 0x8000b5a2
core   0: 0x800095a6 (0xa43f2f23) sw      gp, -1442(t5)
core   0: 3 0x800095a6 (0xa43f2f23) mem 0x8000b000 0x00000001
core   0: 0x800095aa (0x0000bfe5) c.j     pc - 8
core   0: 3 0x800095aa (0xbfe5)
core   0: 0x800095a2 (0x00002f17) auipc   t5, 0x2
core   0: 3 0x800095a2 (0x00002f17) x30 0x8000b5a2
core   0: 0x800095a6 (0xa43f2f23) sw      gp, -1442(t5)
core   0: 3 0x800095a6 (0xa43f2f23) mem 0x8000b000 0x00000001
core   0: 0x800095aa (0x0000bfe5) c.j     pc - 8
core   0: 3 0x800095aa (0xbfe5)
core   0: 0x800095a2 (0x00002f17) auipc   t5, 0x2
core   0: 3 0x800095a2 (0x00002f17) x30 0x8000b5a2
core   0: 0x800095a6 (0xa43f2f23) sw      gp, -1442(t5)
core   0: 3 0x800095a6 (0xa43f2f23) mem 0x8000b000 0x00000001
core   0: 0x800095aa (0x0000bfe5) c.j     pc - 8
core   0: 3 0x800095aa (0xbfe5)
core   0: 0x800095a2 (0x00002f17) auipc   t5, 0x2
core   0: 3 0x800095a2 (0x00002f17) x30 0x8000b5a2
core   0: 0x800095a6 (0xa43f2f23) sw      gp, -1442(t5)
core   0: 3 0x800095a6 (0xa43f2f23) mem 0x8000b000 0x00000001
core   0: 0x800095aa (0x0000bfe5) c.j     pc - 8
core   0: 3 0x800095aa (0xbfe5)
core   0: 0x800095a2 (0x00002f17) auipc   t5, 0x2
core   0: 3 0x800095a2 (0x00002f17) x30 0x8000b5a2
core   0: 0x800095a6 (0xa43f2f23) sw      gp, -1442(t5)
core   0: 3 0x800095a6 (0xa43f2f23) mem 0x8000b000 0x00000001
core   0: 0x800095aa (0x0000bfe5) c.j     pc - 8
core   0: 3 0x800095aa (0xbfe5)
core   0: 0x800095a2 (0x00002f17) auipc   t5, 0x2
core   0: 3 0x800095a2 (0x00002f17) x30 0x8000b5a2
core   0: 0x800095a6 (0xa43f2f23) sw      gp, -1442(t5)
core   0: 3 0x800095a6 (0xa43f2f23) mem 0x8000b000 0x00000001
core   0: 0x800095aa (0x0000bfe5) c.j     pc - 8
core   0: 3 0x800095aa (0xbfe5)
core   0: 0x800095a2 (0x00002f17) auipc   t5, 0x2
core   0: 3 0x800095a2 (0x00002f17) x30 0x8000b5a2
core   0: 0x800095a6 (0xa43f2f23) sw      gp, -1442(t5)
core   0: 3 0x800095a6 (0xa43f2f23) mem 0x8000b000 0x00000001
core   0: 0x800095aa (0x0000bfe5) c.j     pc - 8
core   0: 3 0x800095aa (0xbfe5)
core   0: 0x800095a2 (0x00002f17) auipc   t5, 0x2
core   0: 3 0x800095a2 (0x00002f17) x30 0x8000b5a2
core   0: 0x800095a6 (0xa43f2f23) sw      gp, -1442(t5)
core   0: 3 0x800095a6 (0xa43f2f23) mem 0x8000b000 0x00000001
core   0: 0x800095aa (0x0000bfe5) c.j     pc - 8
core   0: 3 0x800095aa (0xbfe5)
core   0: 0x800095a2 (0x00002f17) auipc   t5, 0x2
core   0: 3 0x800095a2 (0x00002f17) x30 0x8000b5a2
core   0: 0x800095a6 (0xa43f2f23) sw      gp, -1442(t5)
core   0: 3 0x800095a6 (0xa43f2f23) mem 0x8000b000 0x00000001
core   0: 0x800095aa (0x0000bfe5) c.j     pc - 8
core   0: 3 0x800095aa (0xbfe5)
core   0: 0x800095a2 (0x00002f17) auipc   t5, 0x2
core   0: 3 0x800095a2 (0x00002f17) x30 0x8000b5a2
core   0: 0x800095a6 (0xa43f2f23) sw      gp, -1442(t5)
core   0: 3 0x800095a6 (0xa43f2f23) mem 0x8000b000 0x00000001
core   0: 0x800095aa (0x0000bfe5) c.j     pc - 8
core   0: 3 0x800095aa (0xbfe5)
core   0: 0x800095a2 (0x00002f17) auipc   t5, 0x2
core   0: 3 0x800095a2 (0x00002f17) x30 0x8000b5a2
core   0: 0x800095a6 (0xa43f2f23) sw      gp, -1442(t5)
core   0: 3 0x800095a6 (0xa43f2f23) mem 0x8000b000 0x00000001
core   0: 0x800095aa (0x0000bfe5) c.j     pc - 8
core   0: 3 0x800095aa (0xbfe5)
core   0: 0x800095a2 (0x00002f17) auipc   t5, 0x2
core   0: 3 0x800095a2 (0x00002f17) x30 0x8000b5a2
core   0: 0x800095a6 (0xa43f2f23) sw      gp, -1442(t5)
core   0: 3 0x800095a6 (0xa43f2f23) mem 0x8000b000 0x00000001
core   0: 0x800095aa (0x0000bfe5) c.j     pc - 8
core   0: 3 0x800095aa (0xbfe5)
core   0: 0x800095a2 (0x00002f17) auipc   t5, 0x2
core   0: 3 0x800095a2 (0x00002f17) x30 0x8000b5a2
core   0: 0x800095a6 (0xa43f2f23) sw      gp, -1442(t5)
core   0: 3 0x800095a6 (0xa43f2f23) mem 0x8000b000 0x00000001
core   0: 0x800095aa (0x0000bfe5) c.j     pc - 8
core   0: 3 0x800095aa (0xbfe5)
core   0: 0x800095a2 (0x00002f17) auipc   t5, 0x2
core   0: 3 0x800095a2 (0x00002f17) x30 0x8000b5a2
core   0: 0x800095a6 (0xa43f2f23) sw      gp, -1442(t5)
core   0: 3 0x800095a6 (0xa43f2f23) mem 0x8000b000 0x00000001
core   0: 0x800095aa (0x0000bfe5) c.j     pc - 8
core   0: 3 0x800095aa (0xbfe5)
core   0: 0x800095a2 (0x00002f17) auipc   t5, 0x2
core   0: 3 0x800095a2 (0x00002f17) x30 0x8000b5a2
core   0: 0x800095a6 (0xa43f2f23) sw      gp, -1442(t5)
core   0: 3 0x800095a6 (0xa43f2f23) mem 0x8000b000 0x00000001
core   0: 0x800095aa (0x0000bfe5) c.j     pc - 8
core   0: 3 0x800095aa (0xbfe5)
core   0: 0x800095a2 (0x00002f17) auipc   t5, 0x2
core   0: 3 0x800095a2 (0x00002f17) x30 0x8000b5a2
core   0: 0x800095a6 (0xa43f2f23) sw      gp, -1442(t5)
core   0: 3 0x800095a6 (0xa43f2f23) mem 0x8000b000 0x00000001
core   0: 0x800095aa (0x0000bfe5) c.j     pc - 8
core   0: 3 0x800095aa (0xbfe5)
core   0: 0x800095a2 (0x00002f17) auipc   t5, 0x2
core   0: 3 0x800095a2 (0x00002f17) x30 0x8000b5a2
core   0: 0x800095a6 (0xa43f2f23) sw      gp, -1442(t5)
core   0: 3 0x800095a6 (0xa43f2f23) mem 0x8000b000 0x00000001
core   0: 0x800095aa (0x0000bfe5) c.j     pc - 8
core   0: 3 0x800095aa (0xbfe5)
core   0: 0x800095a2 (0x00002f17) auipc   t5, 0x2
core   0: 3 0x800095a2 (0x00002f17) x30 0x8000b5a2
core   0: 0x800095a6 (0xa43f2f23) sw      gp, -1442(t5)
core   0: 3 0x800095a6 (0xa43f2f23) mem 0x8000b000 0x00000001
core   0: 0x800095aa (0x0000bfe5) c.j     pc - 8
core   0: 3 0x800095aa (0xbfe5)
core   0: 0x800095a2 (0x00002f17) auipc   t5, 0x2
core   0: 3 0x800095a2 (0x00002f17) x30 0x8000b5a2
core   0: 0x800095a6 (0xa43f2f23) sw      gp, -1442(t5)
core   0: 3 0x800095a6 (0xa43f2f23) mem 0x8000b000 0x00000001
core   0: 0x800095aa (0x0000bfe5) c.j     pc - 8
core   0: 3 0x800095aa (0xbfe5)
core   0: 0x800095a2 (0x00002f17) auipc   t5, 0x2
core   0: 3 0x800095a2 (0x00002f17) x30 0x8000b5a2
core   0: 0x800095a6 (0xa43f2f23) sw      gp, -1442(t5)
core   0: 3 0x800095a6 (0xa43f2f23) mem 0x8000b000 0x00000001
core   0: 0x800095aa (0x0000bfe5) c.j     pc - 8
core   0: 3 0x800095aa (0xbfe5)
core   0: 0x800095a2 (0x00002f17) auipc   t5, 0x2
core   0: 3 0x800095a2 (0x00002f17) x30 0x8000b5a2
core   0: 0x800095a6 (0xa43f2f23) sw      gp, -1442(t5)
core   0: 3 0x800095a6 (0xa43f2f23) mem 0x8000b000 0x00000001
core   0: 0x800095aa (0x0000bfe5) c.j     pc - 8
core   0: 3 0x800095aa (0xbfe5)
core   0: 0x800095a2 (0x00002f17) auipc   t5, 0x2
core   0: 3 0x800095a2 (0x00002f17) x30 0x8000b5a2
core   0: 0x800095a6 (0xa43f2f23) sw      gp, -1442(t5)
core   0: 3 0x800095a6 (0xa43f2f23) mem 0x8000b000 0x00000001
core   0: 0x800095aa (0x0000bfe5) c.j     pc - 8
core   0: 3 0x800095aa (0xbfe5)
core   0: 0x800095a2 (0x00002f17) auipc   t5, 0x2
core   0: 3 0x800095a2 (0x00002f17) x30 0x8000b5a2
core   0: 0x800095a6 (0xa43f2f23) sw      gp, -1442(t5)
core   0: 3 0x800095a6 (0xa43f2f23) mem 0x8000b000 0x00000001
core   0: 0x800095aa (0x0000bfe5) c.j     pc - 8
core   0: 3 0x800095aa (0xbfe5)
core   0: 0x800095a2 (0x00002f17) auipc   t5, 0x2
core   0: 3 0x800095a2 (0x00002f17) x30 0x8000b5a2
core   0: 0x800095a6 (0xa43f2f23) sw      gp, -1442(t5)
core   0: 3 0x800095a6 (0xa43f2f23) mem 0x8000b000 0x00000001
core   0: 0x800095aa (0x0000bfe5) c.j     pc - 8
core   0: 3 0x800095aa (0xbfe5)
core   0: 0x800095a2 (0x00002f17) auipc   t5, 0x2
core   0: 3 0x800095a2 (0x00002f17) x30 0x8000b5a2
core   0: 0x800095a6 (0xa43f2f23) sw      gp, -1442(t5)
core   0: 3 0x800095a6 (0xa43f2f23) mem 0x8000b000 0x00000001
core   0: 0x800095aa (0x0000bfe5) c.j     pc - 8
core   0: 3 0x800095aa (0xbfe5)
core   0: 0x800095a2 (0x00002f17) auipc   t5, 0x2
core   0: 3 0x800095a2 (0x00002f17) x30 0x8000b5a2
core   0: 0x800095a6 (0xa43f2f23) sw      gp, -1442(t5)
core   0: 3 0x800095a6 (0xa43f2f23) mem 0x8000b000 0x00000001
core   0: 0x800095aa (0x0000bfe5) c.j     pc - 8
core   0: 3 0x800095aa (0xbfe5)
core   0: 0x800095a2 (0x00002f17) auipc   t5, 0x2
core   0: 3 0x800095a2 (0x00002f17) x30 0x8000b5a2
core   0: 0x800095a6 (0xa43f2f23) sw      gp, -1442(t5)
core   0: 3 0x800095a6 (0xa43f2f23) mem 0x8000b000 0x00000001
core   0: 0x800095aa (0x0000bfe5) c.j     pc - 8
core   0: 3 0x800095aa (0xbfe5)
core   0: 0x800095a2 (0x00002f17) auipc   t5, 0x2
core   0: 3 0x800095a2 (0x00002f17) x30 0x8000b5a2
core   0: 0x800095a6 (0xa43f2f23) sw      gp, -1442(t5)
core   0: 3 0x800095a6 (0xa43f2f23) mem 0x8000b000 0x00000001
core   0: 0x800095aa (0x0000bfe5) c.j     pc - 8
core   0: 3 0x800095aa (0xbfe5)
core   0: 0x800095a2 (0x00002f17) auipc   t5, 0x2
core   0: 3 0x800095a2 (0x00002f17) x30 0x8000b5a2
core   0: 0x800095a6 (0xa43f2f23) sw      gp, -1442(t5)
core   0: 3 0x800095a6 (0xa43f2f23) mem 0x8000b000 0x00000001
core   0: 0x800095aa (0x0000bfe5) c.j     pc - 8
core   0: 3 0x800095aa (0xbfe5)
core   0: 0x800095a2 (0x00002f17) auipc   t5, 0x2
core   0: 3 0x800095a2 (0x00002f17) x30 0x8000b5a2
core   0: 0x800095a6 (0xa43f2f23) sw      gp, -1442(t5)
core   0: 3 0x800095a6 (0xa43f2f23) mem 0x8000b000 0x00000001
core   0: 0x800095aa (0x0000bfe5) c.j     pc - 8
core   0: 3 0x800095aa (0xbfe5)
core   0: 0x800095a2 (0x00002f17) auipc   t5, 0x2
core   0: 3 0x800095a2 (0x00002f17) x30 0x8000b5a2
core   0: 0x800095a6 (0xa43f2f23) sw      gp, -1442(t5)
core   0: 3 0x800095a6 (0xa43f2f23) mem 0x8000b000 0x00000001
core   0: 0x800095aa (0x0000bfe5) c.j     pc - 8
core   0: 3 0x800095aa (0xbfe5)
core   0: 0x800095a2 (0x00002f17) auipc   t5, 0x2
core   0: 3 0x800095a2 (0x00002f17) x30 0x8000b5a2
core   0: 0x800095a6 (0xa43f2f23) sw      gp, -1442(t5)
core   0: 3 0x800095a6 (0xa43f2f23) mem 0x8000b000 0x00000001
core   0: 0x800095aa (0x0000bfe5) c.j     pc - 8
core   0: 3 0x800095aa (0xbfe5)
core   0: 0x800095a2 (0x00002f17) auipc   t5, 0x2
core   0: 3 0x800095a2 (0x00002f17) x30 0x8000b5a2
core   0: 0x800095a6 (0xa43f2f23) sw      gp, -1442(t5)
core   0: 3 0x800095a6 (0xa43f2f23) mem 0x8000b000 0x00000001
core   0: 0x800095aa (0x0000bfe5) c.j     pc - 8
core   0: 3 0x800095aa (0xbfe5)
core   0: 0x800095a2 (0x00002f17) auipc   t5, 0x2
core   0: 3 0x800095a2 (0x00002f17) x30 0x8000b5a2
core   0: 0x800095a6 (0xa43f2f23) sw      gp, -1442(t5)
core   0: 3 0x800095a6 (0xa43f2f23) mem 0x8000b000 0x00000001
core   0: 0x800095aa (0x0000bfe5) c.j     pc - 8
core   0: 3 0x800095aa (0xbfe5)
core   0: 0x800095a2 (0x00002f17) auipc   t5, 0x2
core   0: 3 0x800095a2 (0x00002f17) x30 0x8000b5a2
core   0: 0x800095a6 (0xa43f2f23) sw      gp, -1442(t5)
core   0: 3 0x800095a6 (0xa43f2f23) mem 0x8000b000 0x00000001
core   0: 0x800095aa (0x0000bfe5) c.j     pc - 8
core   0: 3 0x800095aa (0xbfe5)
core   0: 0x800095a2 (0x00002f17) auipc   t5, 0x2
core   0: 3 0x800095a2 (0x00002f17) x30 0x8000b5a2
core   0: 0x800095a6 (0xa43f2f23) sw      gp, -1442(t5)
core   0: 3 0x800095a6 (0xa43f2f23) mem 0x8000b000 0x00000001
core   0: 0x800095aa (0x0000bfe5) c.j     pc - 8
core   0: 3 0x800095aa (0xbfe5)
core   0: 0x800095a2 (0x00002f17) auipc   t5, 0x2
core   0: 3 0x800095a2 (0x00002f17) x30 0x8000b5a2
core   0: 0x800095a6 (0xa43f2f23) sw      gp, -1442(t5)
core   0: 3 0x800095a6 (0xa43f2f23) mem 0x8000b000 0x00000001
core   0: 0x800095aa (0x0000bfe5) c.j     pc - 8
core   0: 3 0x800095aa (0xbfe5)
core   0: 0x800095a2 (0x00002f17) auipc   t5, 0x2
core   0: 3 0x800095a2 (0x00002f17) x30 0x8000b5a2
core   0: 0x800095a6 (0xa43f2f23) sw      gp, -1442(t5)
core   0: 3 0x800095a6 (0xa43f2f23) mem 0x8000b000 0x00000001
core   0: 0x800095aa (0x0000bfe5) c.j     pc - 8
core   0: 3 0x800095aa (0xbfe5)
core   0: 0x800095a2 (0x00002f17) auipc   t5, 0x2
core   0: 3 0x800095a2 (0x00002f17) x30 0x8000b5a2
core   0: 0x800095a6 (0xa43f2f23) sw      gp, -1442(t5)
core   0: 3 0x800095a6 (0xa43f2f23) mem 0x8000b000 0x00000001
core   0: 0x800095aa (0x0000bfe5) c.j     pc - 8
core   0: 3 0x800095aa (0xbfe5)
core   0: 0x800095a2 (0x00002f17) auipc   t5, 0x2
core   0: 3 0x800095a2 (0x00002f17) x30 0x8000b5a2
core   0: 0x800095a6 (0xa43f2f23) sw      gp, -1442(t5)
core   0: 3 0x800095a6 (0xa43f2f23) mem 0x8000b000 0x00000001
core   0: 0x800095aa (0x0000bfe5) c.j     pc - 8
core   0: 3 0x800095aa (0xbfe5)
core   0: 0x800095a2 (0x00002f17) auipc   t5, 0x2
core   0: 3 0x800095a2 (0x00002f17) x30 0x8000b5a2
core   0: 0x800095a6 (0xa43f2f23) sw      gp, -1442(t5)
core   0: 3 0x800095a6 (0xa43f2f23) mem 0x8000b000 0x00000001
core   0: 0x800095aa (0x0000bfe5) c.j     pc - 8
core   0: 3 0x800095aa (0xbfe5)
core   0: 0x800095a2 (0x00002f17) auipc   t5, 0x2
core   0: 3 0x800095a2 (0x00002f17) x30 0x8000b5a2
core   0: 0x800095a6 (0xa43f2f23) sw      gp, -1442(t5)
core   0: 3 0x800095a6 (0xa43f2f23) mem 0x8000b000 0x00000001
core   0: 0x800095aa (0x0000bfe5) c.j     pc - 8
core   0: 3 0x800095aa (0xbfe5)
core   0: 0x800095a2 (0x00002f17) auipc   t5, 0x2
core   0: 3 0x800095a2 (0x00002f17) x30 0x8000b5a2
core   0: 0x800095a6 (0xa43f2f23) sw      gp, -1442(t5)
core   0: 3 0x800095a6 (0xa43f2f23) mem 0x8000b000 0x00000001
core   0: 0x800095aa (0x0000bfe5) c.j     pc - 8
core   0: 3 0x800095aa (0xbfe5)
core   0: 0x800095a2 (0x00002f17) auipc   t5, 0x2
core   0: 3 0x800095a2 (0x00002f17) x30 0x8000b5a2
core   0: 0x800095a6 (0xa43f2f23) sw      gp, -1442(t5)
core   0: 3 0x800095a6 (0xa43f2f23) mem 0x8000b000 0x00000001
core   0: 0x800095aa (0x0000bfe5) c.j     pc - 8
core   0: 3 0x800095aa (0xbfe5)
core   0: 0x800095a2 (0x00002f17) auipc   t5, 0x2
core   0: 3 0x800095a2 (0x00002f17) x30 0x8000b5a2
core   0: 0x800095a6 (0xa43f2f23) sw      gp, -1442(t5)
core   0: 3 0x800095a6 (0xa43f2f23) mem 0x8000b000 0x00000001
core   0: 0x800095aa (0x0000bfe5) c.j     pc - 8
core   0: 3 0x800095aa (0xbfe5)
core   0: 0x800095a2 (0x00002f17) auipc   t5, 0x2
core   0: 3 0x800095a2 (0x00002f17) x30 0x8000b5a2
core   0: 0x800095a6 (0xa43f2f23) sw      gp, -1442(t5)
core   0: 3 0x800095a6 (0xa43f2f23) mem 0x8000b000 0x00000001
core   0: 0x800095aa (0x0000bfe5) c.j     pc - 8
core   0: 3 0x800095aa (0xbfe5)
core   0: 0x800095a2 (0x00002f17) auipc   t5, 0x2
core   0: 3 0x800095a2 (0x00002f17) x30 0x8000b5a2
core   0: 0x800095a6 (0xa43f2f23) sw      gp, -1442(t5)
core   0: 3 0x800095a6 (0xa43f2f23) mem 0x8000b000 0x00000001
core   0: 0x800095aa (0x0000bfe5) c.j     pc - 8
core   0: 3 0x800095aa (0xbfe5)
core   0: 0x800095a2 (0x00002f17) auipc   t5, 0x2
core   0: 3 0x800095a2 (0x00002f17) x30 0x8000b5a2
core   0: 0x800095a6 (0xa43f2f23) sw      gp, -1442(t5)
core   0: 3 0x800095a6 (0xa43f2f23) mem 0x8000b000 0x00000001
core   0: 0x800095aa (0x0000bfe5) c.j     pc - 8
core   0: 3 0x800095aa (0xbfe5)
core   0: 0x800095a2 (0x00002f17) auipc   t5, 0x2
core   0: 3 0x800095a2 (0x00002f17) x30 0x8000b5a2
core   0: 0x800095a6 (0xa43f2f23) sw      gp, -1442(t5)
core   0: 3 0x800095a6 (0xa43f2f23) mem 0x8000b000 0x00000001
core   0: 0x800095aa (0x0000bfe5) c.j     pc - 8
core   0: 3 0x800095aa (0xbfe5)
core   0: 0x800095a2 (0x00002f17) auipc   t5, 0x2
core   0: 3 0x800095a2 (0x00002f17) x30 0x8000b5a2
core   0: 0x800095a6 (0xa43f2f23) sw      gp, -1442(t5)
core   0: 3 0x800095a6 (0xa43f2f23) mem 0x8000b000 0x00000001
core   0: 0x800095aa (0x0000bfe5) c.j     pc - 8
core   0: 3 0x800095aa (0xbfe5)
core   0: 0x800095a2 (0x00002f17) auipc   t5, 0x2
core   0: 3 0x800095a2 (0x00002f17) x30 0x8000b5a2
core   0: 0x800095a6 (0xa43f2f23) sw      gp, -1442(t5)
core   0: 3 0x800095a6 (0xa43f2f23) mem 0x8000b000 0x00000001
core   0: 0x800095aa (0x0000bfe5) c.j     pc - 8
core   0: 3 0x800095aa (0xbfe5)
core   0: 0x800095a2 (0x00002f17) auipc   t5, 0x2
core   0: 3 0x800095a2 (0x00002f17) x30 0x8000b5a2
core   0: 0x800095a6 (0xa43f2f23) sw      gp, -1442(t5)
core   0: 3 0x800095a6 (0xa43f2f23) mem 0x8000b000 0x00000001
core   0: 0x800095aa (0x0000bfe5) c.j     pc - 8
core   0: 3 0x800095aa (0xbfe5)
core   0: 0x800095a2 (0x00002f17) auipc   t5, 0x2
core   0: 3 0x800095a2 (0x00002f17) x30 0x8000b5a2
core   0: 0x800095a6 (0xa43f2f23) sw      gp, -1442(t5)
core   0: 3 0x800095a6 (0xa43f2f23) mem 0x8000b000 0x00000001
core   0: 0x800095aa (0x0000bfe5) c.j     pc - 8
core   0: 3 0x800095aa (0xbfe5)
core   0: 0x800095a2 (0x00002f17) auipc   t5, 0x2
core   0: 3 0x800095a2 (0x00002f17) x30 0x8000b5a2
core   0: 0x800095a6 (0xa43f2f23) sw      gp, -1442(t5)
core   0: 3 0x800095a6 (0xa43f2f23) mem 0x8000b000 0x00000001
core   0: 0x800095aa (0x0000bfe5) c.j     pc - 8
core   0: 3 0x800095aa (0xbfe5)
core   0: 0x800095a2 (0x00002f17) auipc   t5, 0x2
core   0: 3 0x800095a2 (0x00002f17) x30 0x8000b5a2
core   0: 0x800095a6 (0xa43f2f23) sw      gp, -1442(t5)
core   0: 3 0x800095a6 (0xa43f2f23) mem 0x8000b000 0x00000001
core   0: 0x800095aa (0x0000bfe5) c.j     pc - 8
core   0: 3 0x800095aa (0xbfe5)
core   0: 0x800095a2 (0x00002f17) auipc   t5, 0x2
core   0: 3 0x800095a2 (0x00002f17) x30 0x8000b5a2
core   0: 0x800095a6 (0xa43f2f23) sw      gp, -1442(t5)
core   0: 3 0x800095a6 (0xa43f2f23) mem 0x8000b000 0x00000001
core   0: 0x800095aa (0x0000bfe5) c.j     pc - 8
core   0: 3 0x800095aa (0xbfe5)
core   0: 0x800095a2 (0x00002f17) auipc   t5, 0x2
core   0: 3 0x800095a2 (0x00002f17) x30 0x8000b5a2
core   0: 0x800095a6 (0xa43f2f23) sw      gp, -1442(t5)
core   0: 3 0x800095a6 (0xa43f2f23) mem 0x8000b000 0x00000001
core   0: 0x800095aa (0x0000bfe5) c.j     pc - 8
core   0: 3 0x800095aa (0xbfe5)
core   0: 0x800095a2 (0x00002f17) auipc   t5, 0x2
core   0: 3 0x800095a2 (0x00002f17) x30 0x8000b5a2
core   0: 0x800095a6 (0xa43f2f23) sw      gp, -1442(t5)
core   0: 3 0x800095a6 (0xa43f2f23) mem 0x8000b000 0x00000001
core   0: 0x800095aa (0x0000bfe5) c.j     pc - 8
core   0: 3 0x800095aa (0xbfe5)
core   0: 0x800095a2 (0x00002f17) auipc   t5, 0x2
core   0: 3 0x800095a2 (0x00002f17) x30 0x8000b5a2
core   0: 0x800095a6 (0xa43f2f23) sw      gp, -1442(t5)
core   0: 3 0x800095a6 (0xa43f2f23) mem 0x8000b000 0x00000001
core   0: 0x800095aa (0x0000bfe5) c.j     pc - 8
core   0: 3 0x800095aa (0xbfe5)
core   0: 0x800095a2 (0x00002f17) auipc   t5, 0x2
core   0: 3 0x800095a2 (0x00002f17) x30 0x8000b5a2
core   0: 0x800095a6 (0xa43f2f23) sw      gp, -1442(t5)
core   0: 3 0x800095a6 (0xa43f2f23) mem 0x8000b000 0x00000001
core   0: 0x800095aa (0x0000bfe5) c.j     pc - 8
core   0: 3 0x800095aa (0xbfe5)
core   0: 0x800095a2 (0x00002f17) auipc   t5, 0x2
core   0: 3 0x800095a2 (0x00002f17) x30 0x8000b5a2
core   0: 0x800095a6 (0xa43f2f23) sw      gp, -1442(t5)
core   0: 3 0x800095a6 (0xa43f2f23) mem 0x8000b000 0x00000001
core   0: 0x800095aa (0x0000bfe5) c.j     pc - 8
core   0: 3 0x800095aa (0xbfe5)
core   0: 0x800095a2 (0x00002f17) auipc   t5, 0x2
core   0: 3 0x800095a2 (0x00002f17) x30 0x8000b5a2
core   0: 0x800095a6 (0xa43f2f23) sw      gp, -1442(t5)
core   0: 3 0x800095a6 (0xa43f2f23) mem 0x8000b000 0x00000001
core   0: 0x800095aa (0x0000bfe5) c.j     pc - 8
core   0: 3 0x800095aa (0xbfe5)
core   0: 0x800095a2 (0x00002f17) auipc   t5, 0x2
core   0: 3 0x800095a2 (0x00002f17) x30 0x8000b5a2
core   0: 0x800095a6 (0xa43f2f23) sw      gp, -1442(t5)
core   0: 3 0x800095a6 (0xa43f2f23) mem 0x8000b000 0x00000001
core   0: 0x800095aa (0x0000bfe5) c.j     pc - 8
core   0: 3 0x800095aa (0xbfe5)
core   0: 0x800095a2 (0x00002f17) auipc   t5, 0x2
core   0: 3 0x800095a2 (0x00002f17) x30 0x8000b5a2
core   0: 0x800095a6 (0xa43f2f23) sw      gp, -1442(t5)
core   0: 3 0x800095a6 (0xa43f2f23) mem 0x8000b000 0x00000001
core   0: 0x800095aa (0x0000bfe5) c.j     pc - 8
core   0: 3 0x800095aa (0xbfe5)
core   0: 0x800095a2 (0x00002f17) auipc   t5, 0x2
core   0: 3 0x800095a2 (0x00002f17) x30 0x8000b5a2
core   0: 0x800095a6 (0xa43f2f23) sw      gp, -1442(t5)
core   0: 3 0x800095a6 (0xa43f2f23) mem 0x8000b000 0x00000001
core   0: 0x800095aa (0x0000bfe5) c.j     pc - 8
core   0: 3 0x800095aa (0xbfe5)
core   0: 0x800095a2 (0x00002f17) auipc   t5, 0x2
core   0: 3 0x800095a2 (0x00002f17) x30 0x8000b5a2
core   0: 0x800095a6 (0xa43f2f23) sw      gp, -1442(t5)
core   0: 3 0x800095a6 (0xa43f2f23) mem 0x8000b000 0x00000001
core   0: 0x800095aa (0x0000bfe5) c.j     pc - 8
core   0: 3 0x800095aa (0xbfe5)
core   0: 0x800095a2 (0x00002f17) auipc   t5, 0x2
core   0: 3 0x800095a2 (0x00002f17) x30 0x8000b5a2
core   0: 0x800095a6 (0xa43f2f23) sw      gp, -1442(t5)
core   0: 3 0x800095a6 (0xa43f2f23) mem 0x8000b000 0x00000001
core   0: 0x800095aa (0x0000bfe5) c.j     pc - 8
core   0: 3 0x800095aa (0xbfe5)
core   0: 0x800095a2 (0x00002f17) auipc   t5, 0x2
core   0: 3 0x800095a2 (0x00002f17) x30 0x8000b5a2
core   0: 0x800095a6 (0xa43f2f23) sw      gp, -1442(t5)
core   0: 3 0x800095a6 (0xa43f2f23) mem 0x8000b000 0x00000001
core   0: 0x800095aa (0x0000bfe5) c.j     pc - 8
core   0: 3 0x800095aa (0xbfe5)
core   0: 0x800095a2 (0x00002f17) auipc   t5, 0x2
core   0: 3 0x800095a2 (0x00002f17) x30 0x8000b5a2
core   0: 0x800095a6 (0xa43f2f23) sw      gp, -1442(t5)
core   0: 3 0x800095a6 (0xa43f2f23) mem 0x8000b000 0x00000001
core   0: 0x800095aa (0x0000bfe5) c.j     pc - 8
core   0: 3 0x800095aa (0xbfe5)
core   0: 0x800095a2 (0x00002f17) auipc   t5, 0x2
core   0: 3 0x800095a2 (0x00002f17) x30 0x8000b5a2
core   0: 0x800095a6 (0xa43f2f23) sw      gp, -1442(t5)
core   0: 3 0x800095a6 (0xa43f2f23) mem 0x8000b000 0x00000001
core   0: 0x800095aa (0x0000bfe5) c.j     pc - 8
core   0: 3 0x800095aa (0xbfe5)
core   0: 0x800095a2 (0x00002f17) auipc   t5, 0x2
core   0: 3 0x800095a2 (0x00002f17) x30 0x8000b5a2
core   0: 0x800095a6 (0xa43f2f23) sw      gp, -1442(t5)
core   0: 3 0x800095a6 (0xa43f2f23) mem 0x8000b000 0x00000001
core   0: 0x800095aa (0x0000bfe5) c.j     pc - 8
core   0: 3 0x800095aa (0xbfe5)
core   0: 0x800095a2 (0x00002f17) auipc   t5, 0x2
core   0: 3 0x800095a2 (0x00002f17) x30 0x8000b5a2
core   0: 0x800095a6 (0xa43f2f23) sw      gp, -1442(t5)
core   0: 3 0x800095a6 (0xa43f2f23) mem 0x8000b000 0x00000001
core   0: 0x800095aa (0x0000bfe5) c.j     pc - 8
core   0: 3 0x800095aa (0xbfe5)
core   0: 0x800095a2 (0x00002f17) auipc   t5, 0x2
core   0: 3 0x800095a2 (0x00002f17) x30 0x8000b5a2
core   0: 0x800095a6 (0xa43f2f23) sw      gp, -1442(t5)
core   0: 3 0x800095a6 (0xa43f2f23) mem 0x8000b000 0x00000001
core   0: 0x800095aa (0x0000bfe5) c.j     pc - 8
core   0: 3 0x800095aa (0xbfe5)
core   0: 0x800095a2 (0x00002f17) auipc   t5, 0x2
core   0: 3 0x800095a2 (0x00002f17) x30 0x8000b5a2
core   0: 0x800095a6 (0xa43f2f23) sw      gp, -1442(t5)
core   0: 3 0x800095a6 (0xa43f2f23) mem 0x8000b000 0x00000001
core   0: 0x800095aa (0x0000bfe5) c.j     pc - 8
core   0: 3 0x800095aa (0xbfe5)
core   0: 0x800095a2 (0x00002f17) auipc   t5, 0x2
core   0: 3 0x800095a2 (0x00002f17) x30 0x8000b5a2
core   0: 0x800095a6 (0xa43f2f23) sw      gp, -1442(t5)
core   0: 3 0x800095a6 (0xa43f2f23) mem 0x8000b000 0x00000001
core   0: 0x800095aa (0x0000bfe5) c.j     pc - 8
core   0: 3 0x800095aa (0xbfe5)
core   0: 0x800095a2 (0x00002f17) auipc   t5, 0x2
core   0: 3 0x800095a2 (0x00002f17) x30 0x8000b5a2
core   0: 0x800095a6 (0xa43f2f23) sw      gp, -1442(t5)
core   0: 3 0x800095a6 (0xa43f2f23) mem 0x8000b000 0x00000001
core   0: 0x800095aa (0x0000bfe5) c.j     pc - 8
core   0: 3 0x800095aa (0xbfe5)
core   0: 0x800095a2 (0x00002f17) auipc   t5, 0x2
core   0: 3 0x800095a2 (0x00002f17) x30 0x8000b5a2
core   0: 0x800095a6 (0xa43f2f23) sw      gp, -1442(t5)
core   0: 3 0x800095a6 (0xa43f2f23) mem 0x8000b000 0x00000001
core   0: 0x800095aa (0x0000bfe5) c.j     pc - 8
core   0: 3 0x800095aa (0xbfe5)
core   0: 0x800095a2 (0x00002f17) auipc   t5, 0x2
core   0: 3 0x800095a2 (0x00002f17) x30 0x8000b5a2
core   0: 0x800095a6 (0xa43f2f23) sw      gp, -1442(t5)
core   0: 3 0x800095a6 (0xa43f2f23) mem 0x8000b000 0x00000001
core   0: 0x800095aa (0x0000bfe5) c.j     pc - 8
core   0: 3 0x800095aa (0xbfe5)
core   0: 0x800095a2 (0x00002f17) auipc   t5, 0x2
core   0: 3 0x800095a2 (0x00002f17) x30 0x8000b5a2
core   0: 0x800095a6 (0xa43f2f23) sw      gp, -1442(t5)
core   0: 3 0x800095a6 (0xa43f2f23) mem 0x8000b000 0x00000001
core   0: 0x800095aa (0x0000bfe5) c.j     pc - 8
core   0: 3 0x800095aa (0xbfe5)
core   0: 0x800095a2 (0x00002f17) auipc   t5, 0x2
core   0: 3 0x800095a2 (0x00002f17) x30 0x8000b5a2
core   0: 0x800095a6 (0xa43f2f23) sw      gp, -1442(t5)
core   0: 3 0x800095a6 (0xa43f2f23) mem 0x8000b000 0x00000001
core   0: 0x800095aa (0x0000bfe5) c.j     pc - 8
core   0: 3 0x800095aa (0xbfe5)
core   0: 0x800095a2 (0x00002f17) auipc   t5, 0x2
core   0: 3 0x800095a2 (0x00002f17) x30 0x8000b5a2
core   0: 0x800095a6 (0xa43f2f23) sw      gp, -1442(t5)
core   0: 3 0x800095a6 (0xa43f2f23) mem 0x8000b000 0x00000001
core   0: 0x800095aa (0x0000bfe5) c.j     pc - 8
core   0: 3 0x800095aa (0xbfe5)
core   0: 0x800095a2 (0x00002f17) auipc   t5, 0x2
core   0: 3 0x800095a2 (0x00002f17) x30 0x8000b5a2
core   0: 0x800095a6 (0xa43f2f23) sw      gp, -1442(t5)
core   0: 3 0x800095a6 (0xa43f2f23) mem 0x8000b000 0x00000001
core   0: 0x800095aa (0x0000bfe5) c.j     pc - 8
core   0: 3 0x800095aa (0xbfe5)
core   0: 0x800095a2 (0x00002f17) auipc   t5, 0x2
core   0: 3 0x800095a2 (0x00002f17) x30 0x8000b5a2
core   0: 0x800095a6 (0xa43f2f23) sw      gp, -1442(t5)
core   0: 3 0x800095a6 (0xa43f2f23) mem 0x8000b000 0x00000001
core   0: 0x800095aa (0x0000bfe5) c.j     pc - 8
core   0: 3 0x800095aa (0xbfe5)
core   0: 0x800095a2 (0x00002f17) auipc   t5, 0x2
core   0: 3 0x800095a2 (0x00002f17) x30 0x8000b5a2
core   0: 0x800095a6 (0xa43f2f23) sw      gp, -1442(t5)
core   0: 3 0x800095a6 (0xa43f2f23) mem 0x8000b000 0x00000001
core   0: 0x800095aa (0x0000bfe5) c.j     pc - 8
core   0: 3 0x800095aa (0xbfe5)
core   0: 0x800095a2 (0x00002f17) auipc   t5, 0x2
core   0: 3 0x800095a2 (0x00002f17) x30 0x8000b5a2
core   0: 0x800095a6 (0xa43f2f23) sw      gp, -1442(t5)
core   0: 3 0x800095a6 (0xa43f2f23) mem 0x8000b000 0x00000001
core   0: 0x800095aa (0x0000bfe5) c.j     pc - 8
core   0: 3 0x800095aa (0xbfe5)
core   0: 0x800095a2 (0x00002f17) auipc   t5, 0x2
core   0: 3 0x800095a2 (0x00002f17) x30 0x8000b5a2
core   0: 0x800095a6 (0xa43f2f23) sw      gp, -1442(t5)
core   0: 3 0x800095a6 (0xa43f2f23) mem 0x8000b000 0x00000001
core   0: 0x800095aa (0x0000bfe5) c.j     pc - 8
core   0: 3 0x800095aa (0xbfe5)
core   0: 0x800095a2 (0x00002f17) auipc   t5, 0x2
core   0: 3 0x800095a2 (0x00002f17) x30 0x8000b5a2
core   0: 0x800095a6 (0xa43f2f23) sw      gp, -1442(t5)
core   0: 3 0x800095a6 (0xa43f2f23) mem 0x8000b000 0x00000001
core   0: 0x800095aa (0x0000bfe5) c.j     pc - 8
core   0: 3 0x800095aa (0xbfe5)
core   0: 0x800095a2 (0x00002f17) auipc   t5, 0x2
core   0: 3 0x800095a2 (0x00002f17) x30 0x8000b5a2
core   0: 0x800095a6 (0xa43f2f23) sw      gp, -1442(t5)
core   0: 3 0x800095a6 (0xa43f2f23) mem 0x8000b000 0x00000001
core   0: 0x800095aa (0x0000bfe5) c.j     pc - 8
core   0: 3 0x800095aa (0xbfe5)
core   0: 0x800095a2 (0x00002f17) auipc   t5, 0x2
core   0: 3 0x800095a2 (0x00002f17) x30 0x8000b5a2
core   0: 0x800095a6 (0xa43f2f23) sw      gp, -1442(t5)
core   0: 3 0x800095a6 (0xa43f2f23) mem 0x8000b000 0x00000001
core   0: 0x800095aa (0x0000bfe5) c.j     pc - 8
core   0: 3 0x800095aa (0xbfe5)
core   0: 0x800095a2 (0x00002f17) auipc   t5, 0x2
core   0: 3 0x800095a2 (0x00002f17) x30 0x8000b5a2
core   0: 0x800095a6 (0xa43f2f23) sw      gp, -1442(t5)
core   0: 3 0x800095a6 (0xa43f2f23) mem 0x8000b000 0x00000001
core   0: 0x800095aa (0x0000bfe5) c.j     pc - 8
core   0: 3 0x800095aa (0xbfe5)
core   0: 0x800095a2 (0x00002f17) auipc   t5, 0x2
core   0: 3 0x800095a2 (0x00002f17) x30 0x8000b5a2
core   0: 0x800095a6 (0xa43f2f23) sw      gp, -1442(t5)
core   0: 3 0x800095a6 (0xa43f2f23) mem 0x8000b000 0x00000001
core   0: 0x800095aa (0x0000bfe5) c.j     pc - 8
core   0: 3 0x800095aa (0xbfe5)
core   0: 0x800095a2 (0x00002f17) auipc   t5, 0x2
core   0: 3 0x800095a2 (0x00002f17) x30 0x8000b5a2
core   0: 0x800095a6 (0xa43f2f23) sw      gp, -1442(t5)
core   0: 3 0x800095a6 (0xa43f2f23) mem 0x8000b000 0x00000001
core   0: 0x800095aa (0x0000bfe5) c.j     pc - 8
core   0: 3 0x800095aa (0xbfe5)
core   0: 0x800095a2 (0x00002f17) auipc   t5, 0x2
core   0: 3 0x800095a2 (0x00002f17) x30 0x8000b5a2
core   0: 0x800095a6 (0xa43f2f23) sw      gp, -1442(t5)
core   0: 3 0x800095a6 (0xa43f2f23) mem 0x8000b000 0x00000001
core   0: 0x800095aa (0x0000bfe5) c.j     pc - 8
core   0: 3 0x800095aa (0xbfe5)
core   0: 0x800095a2 (0x00002f17) auipc   t5, 0x2
core   0: 3 0x800095a2 (0x00002f17) x30 0x8000b5a2
core   0: 0x800095a6 (0xa43f2f23) sw      gp, -1442(t5)
core   0: 3 0x800095a6 (0xa43f2f23) mem 0x8000b000 0x00000001
core   0: 0x800095aa (0x0000bfe5) c.j     pc - 8
core   0: 3 0x800095aa (0xbfe5)
core   0: 0x800095a2 (0x00002f17) auipc   t5, 0x2
core   0: 3 0x800095a2 (0x00002f17) x30 0x8000b5a2
core   0: 0x800095a6 (0xa43f2f23) sw      gp, -1442(t5)
core   0: 3 0x800095a6 (0xa43f2f23) mem 0x8000b000 0x00000001
core   0: 0x800095aa (0x0000bfe5) c.j     pc - 8
core   0: 3 0x800095aa (0xbfe5)
core   0: 0x800095a2 (0x00002f17) auipc   t5, 0x2
core   0: 3 0x800095a2 (0x00002f17) x30 0x8000b5a2
core   0: 0x800095a6 (0xa43f2f23) sw      gp, -1442(t5)
core   0: 3 0x800095a6 (0xa43f2f23) mem 0x8000b000 0x00000001
core   0: 0x800095aa (0x0000bfe5) c.j     pc - 8
core   0: 3 0x800095aa (0xbfe5)
core   0: 0x800095a2 (0x00002f17) auipc   t5, 0x2
core   0: 3 0x800095a2 (0x00002f17) x30 0x8000b5a2
core   0: 0x800095a6 (0xa43f2f23) sw      gp, -1442(t5)
core   0: 3 0x800095a6 (0xa43f2f23) mem 0x8000b000 0x00000001
core   0: 0x800095aa (0x0000bfe5) c.j     pc - 8
core   0: 3 0x800095aa (0xbfe5)
core   0: 0x800095a2 (0x00002f17) auipc   t5, 0x2
core   0: 3 0x800095a2 (0x00002f17) x30 0x8000b5a2
core   0: 0x800095a6 (0xa43f2f23) sw      gp, -1442(t5)
core   0: 3 0x800095a6 (0xa43f2f23) mem 0x8000b000 0x00000001
core   0: 0x800095aa (0x0000bfe5) c.j     pc - 8
core   0: 3 0x800095aa (0xbfe5)
core   0: 0x800095a2 (0x00002f17) auipc   t5, 0x2
core   0: 3 0x800095a2 (0x00002f17) x30 0x8000b5a2
core   0: 0x800095a6 (0xa43f2f23) sw      gp, -1442(t5)
core   0: 3 0x800095a6 (0xa43f2f23) mem 0x8000b000 0x00000001
core   0: 0x800095aa (0x0000bfe5) c.j     pc - 8
core   0: 3 0x800095aa (0xbfe5)
core   0: 0x800095a2 (0x00002f17) auipc   t5, 0x2
core   0: 3 0x800095a2 (0x00002f17) x30 0x8000b5a2
core   0: 0x800095a6 (0xa43f2f23) sw      gp, -1442(t5)
core   0: 3 0x800095a6 (0xa43f2f23) mem 0x8000b000 0x00000001
core   0: 0x800095aa (0x0000bfe5) c.j     pc - 8
core   0: 3 0x800095aa (0xbfe5)
core   0: 0x800095a2 (0x00002f17) auipc   t5, 0x2
core   0: 3 0x800095a2 (0x00002f17) x30 0x8000b5a2
core   0: 0x800095a6 (0xa43f2f23) sw      gp, -1442(t5)
core   0: 3 0x800095a6 (0xa43f2f23) mem 0x8000b000 0x00000001
core   0: 0x800095aa (0x0000bfe5) c.j     pc - 8
core   0: 3 0x800095aa (0xbfe5)
core   0: 0x800095a2 (0x00002f17) auipc   t5, 0x2
core   0: 3 0x800095a2 (0x00002f17) x30 0x8000b5a2
core   0: 0x800095a6 (0xa43f2f23) sw      gp, -1442(t5)
core   0: 3 0x800095a6 (0xa43f2f23) mem 0x8000b000 0x00000001
core   0: 0x800095aa (0x0000bfe5) c.j     pc - 8
core   0: 3 0x800095aa (0xbfe5)
core   0: 0x800095a2 (0x00002f17) auipc   t5, 0x2
core   0: 3 0x800095a2 (0x00002f17) x30 0x8000b5a2
core   0: 0x800095a6 (0xa43f2f23) sw      gp, -1442(t5)
core   0: 3 0x800095a6 (0xa43f2f23) mem 0x8000b000 0x00000001
core   0: 0x800095aa (0x0000bfe5) c.j     pc - 8
core   0: 3 0x800095aa (0xbfe5)
core   0: 0x800095a2 (0x00002f17) auipc   t5, 0x2
core   0: 3 0x800095a2 (0x00002f17) x30 0x8000b5a2
core   0: 0x800095a6 (0xa43f2f23) sw      gp, -1442(t5)
core   0: 3 0x800095a6 (0xa43f2f23) mem 0x8000b000 0x00000001
core   0: 0x800095aa (0x0000bfe5) c.j     pc - 8
core   0: 3 0x800095aa (0xbfe5)
core   0: 0x800095a2 (0x00002f17) auipc   t5, 0x2
core   0: 3 0x800095a2 (0x00002f17) x30 0x8000b5a2
core   0: 0x800095a6 (0xa43f2f23) sw      gp, -1442(t5)
core   0: 3 0x800095a6 (0xa43f2f23) mem 0x8000b000 0x00000001
core   0: 0x800095aa (0x0000bfe5) c.j     pc - 8
core   0: 3 0x800095aa (0xbfe5)
core   0: 0x800095a2 (0x00002f17) auipc   t5, 0x2
core   0: 3 0x800095a2 (0x00002f17) x30 0x8000b5a2
core   0: 0x800095a6 (0xa43f2f23) sw      gp, -1442(t5)
core   0: 3 0x800095a6 (0xa43f2f23) mem 0x8000b000 0x00000001
core   0: 0x800095aa (0x0000bfe5) c.j     pc - 8
core   0: 3 0x800095aa (0xbfe5)
core   0: 0x800095a2 (0x00002f17) auipc   t5, 0x2
core   0: 3 0x800095a2 (0x00002f17) x30 0x8000b5a2
core   0: 0x800095a6 (0xa43f2f23) sw      gp, -1442(t5)
core   0: 3 0x800095a6 (0xa43f2f23) mem 0x8000b000 0x00000001
core   0: 0x800095aa (0x0000bfe5) c.j     pc - 8
core   0: 3 0x800095aa (0xbfe5)
core   0: 0x800095a2 (0x00002f17) auipc   t5, 0x2
core   0: 3 0x800095a2 (0x00002f17) x30 0x8000b5a2
core   0: 0x800095a6 (0xa43f2f23) sw      gp, -1442(t5)
core   0: 3 0x800095a6 (0xa43f2f23) mem 0x8000b000 0x00000001
core   0: 0x800095aa (0x0000bfe5) c.j     pc - 8
core   0: 3 0x800095aa (0xbfe5)
core   0: 0x800095a2 (0x00002f17) auipc   t5, 0x2
core   0: 3 0x800095a2 (0x00002f17) x30 0x8000b5a2
core   0: 0x800095a6 (0xa43f2f23) sw      gp, -1442(t5)
core   0: 3 0x800095a6 (0xa43f2f23) mem 0x8000b000 0x00000001
core   0: 0x800095aa (0x0000bfe5) c.j     pc - 8
core   0: 3 0x800095aa (0xbfe5)
core   0: 0x800095a2 (0x00002f17) auipc   t5, 0x2
core   0: 3 0x800095a2 (0x00002f17) x30 0x8000b5a2
core   0: 0x800095a6 (0xa43f2f23) sw      gp, -1442(t5)
core   0: 3 0x800095a6 (0xa43f2f23) mem 0x8000b000 0x00000001
core   0: 0x800095aa (0x0000bfe5) c.j     pc - 8
core   0: 3 0x800095aa (0xbfe5)
core   0: 0x800095a2 (0x00002f17) auipc   t5, 0x2
core   0: 3 0x800095a2 (0x00002f17) x30 0x8000b5a2
core   0: 0x800095a6 (0xa43f2f23) sw      gp, -1442(t5)
core   0: 3 0x800095a6 (0xa43f2f23) mem 0x8000b000 0x00000001
core   0: 0x800095aa (0x0000bfe5) c.j     pc - 8
core   0: 3 0x800095aa (0xbfe5)
core   0: 0x800095a2 (0x00002f17) auipc   t5, 0x2
core   0: 3 0x800095a2 (0x00002f17) x30 0x8000b5a2
core   0: 0x800095a6 (0xa43f2f23) sw      gp, -1442(t5)
core   0: 3 0x800095a6 (0xa43f2f23) mem 0x8000b000 0x00000001
core   0: 0x800095aa (0x0000bfe5) c.j     pc - 8
core   0: 3 0x800095aa (0xbfe5)
core   0: 0x800095a2 (0x00002f17) auipc   t5, 0x2
core   0: 3 0x800095a2 (0x00002f17) x30 0x8000b5a2
core   0: 0x800095a6 (0xa43f2f23) sw      gp, -1442(t5)
core   0: 3 0x800095a6 (0xa43f2f23) mem 0x8000b000 0x00000001
core   0: 0x800095aa (0x0000bfe5) c.j     pc - 8
core   0: 3 0x800095aa (0xbfe5)
core   0: 0x800095a2 (0x00002f17) auipc   t5, 0x2
core   0: 3 0x800095a2 (0x00002f17) x30 0x8000b5a2
core   0: 0x800095a6 (0xa43f2f23) sw      gp, -1442(t5)
core   0: 3 0x800095a6 (0xa43f2f23) mem 0x8000b000 0x00000001
core   0: 0x800095aa (0x0000bfe5) c.j     pc - 8
core   0: 3 0x800095aa (0xbfe5)
core   0: 0x800095a2 (0x00002f17) auipc   t5, 0x2
core   0: 3 0x800095a2 (0x00002f17) x30 0x8000b5a2
core   0: 0x800095a6 (0xa43f2f23) sw      gp, -1442(t5)
core   0: 3 0x800095a6 (0xa43f2f23) mem 0x8000b000 0x00000001
core   0: 0x800095aa (0x0000bfe5) c.j     pc - 8
core   0: 3 0x800095aa (0xbfe5)
core   0: 0x800095a2 (0x00002f17) auipc   t5, 0x2
core   0: 3 0x800095a2 (0x00002f17) x30 0x8000b5a2
core   0: 0x800095a6 (0xa43f2f23) sw      gp, -1442(t5)
core   0: 3 0x800095a6 (0xa43f2f23) mem 0x8000b000 0x00000001
core   0: 0x800095aa (0x0000bfe5) c.j     pc - 8
core   0: 3 0x800095aa (0xbfe5)
core   0: 0x800095a2 (0x00002f17) auipc   t5, 0x2
core   0: 3 0x800095a2 (0x00002f17) x30 0x8000b5a2
core   0: 0x800095a6 (0xa43f2f23) sw      gp, -1442(t5)
core   0: 3 0x800095a6 (0xa43f2f23) mem 0x8000b000 0x00000001
core   0: 0x800095aa (0x0000bfe5) c.j     pc - 8
core   0: 3 0x800095aa (0xbfe5)
core   0: 0x800095a2 (0x00002f17) auipc   t5, 0x2
core   0: 3 0x800095a2 (0x00002f17) x30 0x8000b5a2
core   0: 0x800095a6 (0xa43f2f23) sw      gp, -1442(t5)
core   0: 3 0x800095a6 (0xa43f2f23) mem 0x8000b000 0x00000001
core   0: 0x800095aa (0x0000bfe5) c.j     pc - 8
core   0: 3 0x800095aa (0xbfe5)
core   0: 0x800095a2 (0x00002f17) auipc   t5, 0x2
core   0: 3 0x800095a2 (0x00002f17) x30 0x8000b5a2
core   0: 0x800095a6 (0xa43f2f23) sw      gp, -1442(t5)
core   0: 3 0x800095a6 (0xa43f2f23) mem 0x8000b000 0x00000001
core   0: 0x800095aa (0x0000bfe5) c.j     pc - 8
core   0: 3 0x800095aa (0xbfe5)
core   0: 0x800095a2 (0x00002f17) auipc   t5, 0x2
core   0: 3 0x800095a2 (0x00002f17) x30 0x8000b5a2
core   0: 0x800095a6 (0xa43f2f23) sw      gp, -1442(t5)
core   0: 3 0x800095a6 (0xa43f2f23) mem 0x8000b000 0x00000001
core   0: 0x800095aa (0x0000bfe5) c.j     pc - 8
core   0: 3 0x800095aa (0xbfe5)
core   0: 0x800095a2 (0x00002f17) auipc   t5, 0x2
core   0: 3 0x800095a2 (0x00002f17) x30 0x8000b5a2
core   0: 0x800095a6 (0xa43f2f23) sw      gp, -1442(t5)
core   0: 3 0x800095a6 (0xa43f2f23) mem 0x8000b000 0x00000001
core   0: 0x800095aa (0x0000bfe5) c.j     pc - 8
core   0: 3 0x800095aa (0xbfe5)
core   0: 0x800095a2 (0x00002f17) auipc   t5, 0x2
core   0: 3 0x800095a2 (0x00002f17) x30 0x8000b5a2
core   0: 0x800095a6 (0xa43f2f23) sw      gp, -1442(t5)
core   0: 3 0x800095a6 (0xa43f2f23) mem 0x8000b000 0x00000001
core   0: 0x800095aa (0x0000bfe5) c.j     pc - 8
core   0: 3 0x800095aa (0xbfe5)
core   0: 0x800095a2 (0x00002f17) auipc   t5, 0x2
core   0: 3 0x800095a2 (0x00002f17) x30 0x8000b5a2
core   0: 0x800095a6 (0xa43f2f23) sw      gp, -1442(t5)
core   0: 3 0x800095a6 (0xa43f2f23) mem 0x8000b000 0x00000001
core   0: 0x800095aa (0x0000bfe5) c.j     pc - 8
core   0: 3 0x800095aa (0xbfe5)
core   0: 0x800095a2 (0x00002f17) auipc   t5, 0x2
core   0: 3 0x800095a2 (0x00002f17) x30 0x8000b5a2
core   0: 0x800095a6 (0xa43f2f23) sw      gp, -1442(t5)
core   0: 3 0x800095a6 (0xa43f2f23) mem 0x8000b000 0x00000001
core   0: 0x800095aa (0x0000bfe5) c.j     pc - 8
core   0: 3 0x800095aa (0xbfe5)
core   0: 0x800095a2 (0x00002f17) auipc   t5, 0x2
core   0: 3 0x800095a2 (0x00002f17) x30 0x8000b5a2
core   0: 0x800095a6 (0xa43f2f23) sw      gp, -1442(t5)
core   0: 3 0x800095a6 (0xa43f2f23) mem 0x8000b000 0x00000001
core   0: 0x800095aa (0x0000bfe5) c.j     pc - 8
core   0: 3 0x800095aa (0xbfe5)
core   0: 0x800095a2 (0x00002f17) auipc   t5, 0x2
core   0: 3 0x800095a2 (0x00002f17) x30 0x8000b5a2
core   0: 0x800095a6 (0xa43f2f23) sw      gp, -1442(t5)
core   0: 3 0x800095a6 (0xa43f2f23) mem 0x8000b000 0x00000001
core   0: 0x800095aa (0x0000bfe5) c.j     pc - 8
core   0: 3 0x800095aa (0xbfe5)
core   0: 0x800095a2 (0x00002f17) auipc   t5, 0x2
core   0: 3 0x800095a2 (0x00002f17) x30 0x8000b5a2
core   0: 0x800095a6 (0xa43f2f23) sw      gp, -1442(t5)
core   0: 3 0x800095a6 (0xa43f2f23) mem 0x8000b000 0x00000001
core   0: 0x800095aa (0x0000bfe5) c.j     pc - 8
core   0: 3 0x800095aa (0xbfe5)
core   0: 0x800095a2 (0x00002f17) auipc   t5, 0x2
core   0: 3 0x800095a2 (0x00002f17) x30 0x8000b5a2
core   0: 0x800095a6 (0xa43f2f23) sw      gp, -1442(t5)
core   0: 3 0x800095a6 (0xa43f2f23) mem 0x8000b000 0x00000001
core   0: 0x800095aa (0x0000bfe5) c.j     pc - 8
core   0: 3 0x800095aa (0xbfe5)
core   0: 0x800095a2 (0x00002f17) auipc   t5, 0x2
core   0: 3 0x800095a2 (0x00002f17) x30 0x8000b5a2
core   0: 0x800095a6 (0xa43f2f23) sw      gp, -1442(t5)
core   0: 3 0x800095a6 (0xa43f2f23) mem 0x8000b000 0x00000001
core   0: 0x800095aa (0x0000bfe5) c.j     pc - 8
core   0: 3 0x800095aa (0xbfe5)
core   0: 0x800095a2 (0x00002f17) auipc   t5, 0x2
core   0: 3 0x800095a2 (0x00002f17) x30 0x8000b5a2
core   0: 0x800095a6 (0xa43f2f23) sw      gp, -1442(t5)
core   0: 3 0x800095a6 (0xa43f2f23) mem 0x8000b000 0x00000001
core   0: 0x800095aa (0x0000bfe5) c.j     pc - 8
core   0: 3 0x800095aa (0xbfe5)
core   0: 0x800095a2 (0x00002f17) auipc   t5, 0x2
core   0: 3 0x800095a2 (0x00002f17) x30 0x8000b5a2
core   0: 0x800095a6 (0xa43f2f23) sw      gp, -1442(t5)
core   0: 3 0x800095a6 (0xa43f2f23) mem 0x8000b000 0x00000001
core   0: 0x800095aa (0x0000bfe5) c.j     pc - 8
core   0: 3 0x800095aa (0xbfe5)
core   0: 0x800095a2 (0x00002f17) auipc   t5, 0x2
core   0: 3 0x800095a2 (0x00002f17) x30 0x8000b5a2
core   0: 0x800095a6 (0xa43f2f23) sw      gp, -1442(t5)
core   0: 3 0x800095a6 (0xa43f2f23) mem 0x8000b000 0x00000001
core   0: 0x800095aa (0x0000bfe5) c.j     pc - 8
core   0: 3 0x800095aa (0xbfe5)
core   0: 0x800095a2 (0x00002f17) auipc   t5, 0x2
core   0: 3 0x800095a2 (0x00002f17) x30 0x8000b5a2
core   0: 0x800095a6 (0xa43f2f23) sw      gp, -1442(t5)
core   0: 3 0x800095a6 (0xa43f2f23) mem 0x8000b000 0x00000001
core   0: 0x800095aa (0x0000bfe5) c.j     pc - 8
core   0: 3 0x800095aa (0xbfe5)
core   0: 0x800095a2 (0x00002f17) auipc   t5, 0x2
core   0: 3 0x800095a2 (0x00002f17) x30 0x8000b5a2
core   0: 0x800095a6 (0xa43f2f23) sw      gp, -1442(t5)
core   0: 3 0x800095a6 (0xa43f2f23) mem 0x8000b000 0x00000001
core   0: 0x800095aa (0x0000bfe5) c.j     pc - 8
core   0: 3 0x800095aa (0xbfe5)
core   0: 0x800095a2 (0x00002f17) auipc   t5, 0x2
core   0: 3 0x800095a2 (0x00002f17) x30 0x8000b5a2
core   0: 0x800095a6 (0xa43f2f23) sw      gp, -1442(t5)
core   0: 3 0x800095a6 (0xa43f2f23) mem 0x8000b000 0x00000001
core   0: 0x800095aa (0x0000bfe5) c.j     pc - 8
core   0: 3 0x800095aa (0xbfe5)
core   0: 0x800095a2 (0x00002f17) auipc   t5, 0x2
core   0: 3 0x800095a2 (0x00002f17) x30 0x8000b5a2
core   0: 0x800095a6 (0xa43f2f23) sw      gp, -1442(t5)
core   0: 3 0x800095a6 (0xa43f2f23) mem 0x8000b000 0x00000001
core   0: 0x800095aa (0x0000bfe5) c.j     pc - 8
core   0: 3 0x800095aa (0xbfe5)
core   0: 0x800095a2 (0x00002f17) auipc   t5, 0x2
core   0: 3 0x800095a2 (0x00002f17) x30 0x8000b5a2
core   0: 0x800095a6 (0xa43f2f23) sw      gp, -1442(t5)
core   0: 3 0x800095a6 (0xa43f2f23) mem 0x8000b000 0x00000001
core   0: 0x800095aa (0x0000bfe5) c.j     pc - 8
core   0: 3 0x800095aa (0xbfe5)
core   0: 0x800095a2 (0x00002f17) auipc   t5, 0x2
core   0: 3 0x800095a2 (0x00002f17) x30 0x8000b5a2
core   0: 0x800095a6 (0xa43f2f23) sw      gp, -1442(t5)
core   0: 3 0x800095a6 (0xa43f2f23) mem 0x8000b000 0x00000001
core   0: 0x800095aa (0x0000bfe5) c.j     pc - 8
core   0: 3 0x800095aa (0xbfe5)
core   0: 0x800095a2 (0x00002f17) auipc   t5, 0x2
core   0: 3 0x800095a2 (0x00002f17) x30 0x8000b5a2
core   0: 0x800095a6 (0xa43f2f23) sw      gp, -1442(t5)
core   0: 3 0x800095a6 (0xa43f2f23) mem 0x8000b000 0x00000001
core   0: 0x800095aa (0x0000bfe5) c.j     pc - 8
core   0: 3 0x800095aa (0xbfe5)
core   0: 0x800095a2 (0x00002f17) auipc   t5, 0x2
core   0: 3 0x800095a2 (0x00002f17) x30 0x8000b5a2
core   0: 0x800095a6 (0xa43f2f23) sw      gp, -1442(t5)
core   0: 3 0x800095a6 (0xa43f2f23) mem 0x8000b000 0x00000001
core   0: 0x800095aa (0x0000bfe5) c.j     pc - 8
core   0: 3 0x800095aa (0xbfe5)
core   0: 0x800095a2 (0x00002f17) auipc   t5, 0x2
core   0: 3 0x800095a2 (0x00002f17) x30 0x8000b5a2
core   0: 0x800095a6 (0xa43f2f23) sw      gp, -1442(t5)
core   0: 3 0x800095a6 (0xa43f2f23) mem 0x8000b000 0x00000001
core   0: 0x800095aa (0x0000bfe5) c.j     pc - 8
core   0: 3 0x800095aa (0xbfe5)
core   0: 0x800095a2 (0x00002f17) auipc   t5, 0x2
core   0: 3 0x800095a2 (0x00002f17) x30 0x8000b5a2
core   0: 0x800095a6 (0xa43f2f23) sw      gp, -1442(t5)
core   0: 3 0x800095a6 (0xa43f2f23) mem 0x8000b000 0x00000001
core   0: 0x800095aa (0x0000bfe5) c.j     pc - 8
core   0: 3 0x800095aa (0xbfe5)
core   0: 0x800095a2 (0x00002f17) auipc   t5, 0x2
core   0: 3 0x800095a2 (0x00002f17) x30 0x8000b5a2
core   0: 0x800095a6 (0xa43f2f23) sw      gp, -1442(t5)
core   0: 3 0x800095a6 (0xa43f2f23) mem 0x8000b000 0x00000001
core   0: 0x800095aa (0x0000bfe5) c.j     pc - 8
core   0: 3 0x800095aa (0xbfe5)
core   0: 0x800095a2 (0x00002f17) auipc   t5, 0x2
core   0: 3 0x800095a2 (0x00002f17) x30 0x8000b5a2
core   0: 0x800095a6 (0xa43f2f23) sw      gp, -1442(t5)
core   0: 3 0x800095a6 (0xa43f2f23) mem 0x8000b000 0x00000001
core   0: 0x800095aa (0x0000bfe5) c.j     pc - 8
core   0: 3 0x800095aa (0xbfe5)
core   0: 0x800095a2 (0x00002f17) auipc   t5, 0x2
core   0: 3 0x800095a2 (0x00002f17) x30 0x8000b5a2
core   0: 0x800095a6 (0xa43f2f23) sw      gp, -1442(t5)
core   0: 3 0x800095a6 (0xa43f2f23) mem 0x8000b000 0x00000001
core   0: 0x800095aa (0x0000bfe5) c.j     pc - 8
core   0: 3 0x800095aa (0xbfe5)
core   0: 0x800095a2 (0x00002f17) auipc   t5, 0x2
core   0: 3 0x800095a2 (0x00002f17) x30 0x8000b5a2
core   0: 0x800095a6 (0xa43f2f23) sw      gp, -1442(t5)
core   0: 3 0x800095a6 (0xa43f2f23) mem 0x8000b000 0x00000001
core   0: 0x800095aa (0x0000bfe5) c.j     pc - 8
core   0: 3 0x800095aa (0xbfe5)
core   0: 0x800095a2 (0x00002f17) auipc   t5, 0x2
core   0: 3 0x800095a2 (0x00002f17) x30 0x8000b5a2
core   0: 0x800095a6 (0xa43f2f23) sw      gp, -1442(t5)
core   0: 3 0x800095a6 (0xa43f2f23) mem 0x8000b000 0x00000001
core   0: 0x800095aa (0x0000bfe5) c.j     pc - 8
core   0: 3 0x800095aa (0xbfe5)
core   0: 0x800095a2 (0x00002f17) auipc   t5, 0x2
core   0: 3 0x800095a2 (0x00002f17) x30 0x8000b5a2
core   0: 0x800095a6 (0xa43f2f23) sw      gp, -1442(t5)
core   0: 3 0x800095a6 (0xa43f2f23) mem 0x8000b000 0x00000001
core   0: 0x800095aa (0x0000bfe5) c.j     pc - 8
core   0: 3 0x800095aa (0xbfe5)
core   0: 0x800095a2 (0x00002f17) auipc   t5, 0x2
core   0: 3 0x800095a2 (0x00002f17) x30 0x8000b5a2
core   0: 0x800095a6 (0xa43f2f23) sw      gp, -1442(t5)
core   0: 3 0x800095a6 (0xa43f2f23) mem 0x8000b000 0x00000001
core   0: 0x800095aa (0x0000bfe5) c.j     pc - 8
core   0: 3 0x800095aa (0xbfe5)
core   0: 0x800095a2 (0x00002f17) auipc   t5, 0x2
core   0: 3 0x800095a2 (0x00002f17) x30 0x8000b5a2
core   0: 0x800095a6 (0xa43f2f23) sw      gp, -1442(t5)
core   0: 3 0x800095a6 (0xa43f2f23) mem 0x8000b000 0x00000001
core   0: 0x800095aa (0x0000bfe5) c.j     pc - 8
core   0: 3 0x800095aa (0xbfe5)
core   0: 0x800095a2 (0x00002f17) auipc   t5, 0x2
core   0: 3 0x800095a2 (0x00002f17) x30 0x8000b5a2
core   0: 0x800095a6 (0xa43f2f23) sw      gp, -1442(t5)
core   0: 3 0x800095a6 (0xa43f2f23) mem 0x8000b000 0x00000001
core   0: 0x800095aa (0x0000bfe5) c.j     pc - 8
core   0: 3 0x800095aa (0xbfe5)
core   0: 0x800095a2 (0x00002f17) auipc   t5, 0x2
core   0: 3 0x800095a2 (0x00002f17) x30 0x8000b5a2
core   0: 0x800095a6 (0xa43f2f23) sw      gp, -1442(t5)
core   0: 3 0x800095a6 (0xa43f2f23) mem 0x8000b000 0x00000001
core   0: 0x800095aa (0x0000bfe5) c.j     pc - 8
core   0: 3 0x800095aa (0xbfe5)
core   0: 0x800095a2 (0x00002f17) auipc   t5, 0x2
core   0: 3 0x800095a2 (0x00002f17) x30 0x8000b5a2
core   0: 0x800095a6 (0xa43f2f23) sw      gp, -1442(t5)
core   0: 3 0x800095a6 (0xa43f2f23) mem 0x8000b000 0x00000001
core   0: 0x800095aa (0x0000bfe5) c.j     pc - 8
core   0: 3 0x800095aa (0xbfe5)
core   0: 0x800095a2 (0x00002f17) auipc   t5, 0x2
core   0: 3 0x800095a2 (0x00002f17) x30 0x8000b5a2
core   0: 0x800095a6 (0xa43f2f23) sw      gp, -1442(t5)
core   0: 3 0x800095a6 (0xa43f2f23) mem 0x8000b000 0x00000001
core   0: 0x800095aa (0x0000bfe5) c.j     pc - 8
core   0: 3 0x800095aa (0xbfe5)
core   0: 0x800095a2 (0x00002f17) auipc   t5, 0x2
core   0: 3 0x800095a2 (0x00002f17) x30 0x8000b5a2
core   0: 0x800095a6 (0xa43f2f23) sw      gp, -1442(t5)
core   0: 3 0x800095a6 (0xa43f2f23) mem 0x8000b000 0x00000001
core   0: 0x800095aa (0x0000bfe5) c.j     pc - 8
core   0: 3 0x800095aa (0xbfe5)
core   0: 0x800095a2 (0x00002f17) auipc   t5, 0x2
core   0: 3 0x800095a2 (0x00002f17) x30 0x8000b5a2
core   0: 0x800095a6 (0xa43f2f23) sw      gp, -1442(t5)
core   0: 3 0x800095a6 (0xa43f2f23) mem 0x8000b000 0x00000001
core   0: 0x800095aa (0x0000bfe5) c.j     pc - 8
core   0: 3 0x800095aa (0xbfe5)
core   0: 0x800095a2 (0x00002f17) auipc   t5, 0x2
core   0: 3 0x800095a2 (0x00002f17) x30 0x8000b5a2
core   0: 0x800095a6 (0xa43f2f23) sw      gp, -1442(t5)
core   0: 3 0x800095a6 (0xa43f2f23) mem 0x8000b000 0x00000001
core   0: 0x800095aa (0x0000bfe5) c.j     pc - 8
core   0: 3 0x800095aa (0xbfe5)
core   0: 0x800095a2 (0x00002f17) auipc   t5, 0x2
core   0: 3 0x800095a2 (0x00002f17) x30 0x8000b5a2
core   0: 0x800095a6 (0xa43f2f23) sw      gp, -1442(t5)
core   0: 3 0x800095a6 (0xa43f2f23) mem 0x8000b000 0x00000001
core   0: 0x800095aa (0x0000bfe5) c.j     pc - 8
core   0: 3 0x800095aa (0xbfe5)
core   0: 0x800095a2 (0x00002f17) auipc   t5, 0x2
core   0: 3 0x800095a2 (0x00002f17) x30 0x8000b5a2
core   0: 0x800095a6 (0xa43f2f23) sw      gp, -1442(t5)
core   0: 3 0x800095a6 (0xa43f2f23) mem 0x8000b000 0x00000001
core   0: 0x800095aa (0x0000bfe5) c.j     pc - 8
core   0: 3 0x800095aa (0xbfe5)
core   0: 0x800095a2 (0x00002f17) auipc   t5, 0x2
core   0: 3 0x800095a2 (0x00002f17) x30 0x8000b5a2
core   0: 0x800095a6 (0xa43f2f23) sw      gp, -1442(t5)
core   0: 3 0x800095a6 (0xa43f2f23) mem 0x8000b000 0x00000001
core   0: 0x800095aa (0x0000bfe5) c.j     pc - 8
core   0: 3 0x800095aa (0xbfe5)
core   0: 0x800095a2 (0x00002f17) auipc   t5, 0x2
core   0: 3 0x800095a2 (0x00002f17) x30 0x8000b5a2
core   0: 0x800095a6 (0xa43f2f23) sw      gp, -1442(t5)
core   0: 3 0x800095a6 (0xa43f2f23) mem 0x8000b000 0x00000001
core   0: 0x800095aa (0x0000bfe5) c.j     pc - 8
core   0: 3 0x800095aa (0xbfe5)
core   0: 0x800095a2 (0x00002f17) auipc   t5, 0x2
core   0: 3 0x800095a2 (0x00002f17) x30 0x8000b5a2
core   0: 0x800095a6 (0xa43f2f23) sw      gp, -1442(t5)
core   0: 3 0x800095a6 (0xa43f2f23) mem 0x8000b000 0x00000001
core   0: 0x800095aa (0x0000bfe5) c.j     pc - 8
core   0: 3 0x800095aa (0xbfe5)
core   0: 0x800095a2 (0x00002f17) auipc   t5, 0x2
core   0: 3 0x800095a2 (0x00002f17) x30 0x8000b5a2
core   0: 0x800095a6 (0xa43f2f23) sw      gp, -1442(t5)
core   0: 3 0x800095a6 (0xa43f2f23) mem 0x8000b000 0x00000001
core   0: 0x800095aa (0x0000bfe5) c.j     pc - 8
core   0: 3 0x800095aa (0xbfe5)
core   0: 0x800095a2 (0x00002f17) auipc   t5, 0x2
core   0: 3 0x800095a2 (0x00002f17) x30 0x8000b5a2
core   0: 0x800095a6 (0xa43f2f23) sw      gp, -1442(t5)
core   0: 3 0x800095a6 (0xa43f2f23) mem 0x8000b000 0x00000001
core   0: 0x800095aa (0x0000bfe5) c.j     pc - 8
core   0: 3 0x800095aa (0xbfe5)
core   0: 0x800095a2 (0x00002f17) auipc   t5, 0x2
core   0: 3 0x800095a2 (0x00002f17) x30 0x8000b5a2
core   0: 0x800095a6 (0xa43f2f23) sw      gp, -1442(t5)
core   0: 3 0x800095a6 (0xa43f2f23) mem 0x8000b000 0x00000001
core   0: 0x800095aa (0x0000bfe5) c.j     pc - 8
core   0: 3 0x800095aa (0xbfe5)
core   0: 0x800095a2 (0x00002f17) auipc   t5, 0x2
core   0: 3 0x800095a2 (0x00002f17) x30 0x8000b5a2
core   0: 0x800095a6 (0xa43f2f23) sw      gp, -1442(t5)
core   0: 3 0x800095a6 (0xa43f2f23) mem 0x8000b000 0x00000001
core   0: 0x800095aa (0x0000bfe5) c.j     pc - 8
core   0: 3 0x800095aa (0xbfe5)
core   0: 0x800095a2 (0x00002f17) auipc   t5, 0x2
core   0: 3 0x800095a2 (0x00002f17) x30 0x8000b5a2
core   0: 0x800095a6 (0xa43f2f23) sw      gp, -1442(t5)
core   0: 3 0x800095a6 (0xa43f2f23) mem 0x8000b000 0x00000001
core   0: 0x800095aa (0x0000bfe5) c.j     pc - 8
core   0: 3 0x800095aa (0xbfe5)
core   0: 0x800095a2 (0x00002f17) auipc   t5, 0x2
core   0: 3 0x800095a2 (0x00002f17) x30 0x8000b5a2
core   0: 0x800095a6 (0xa43f2f23) sw      gp, -1442(t5)
core   0: 3 0x800095a6 (0xa43f2f23) mem 0x8000b000 0x00000001
core   0: 0x800095aa (0x0000bfe5) c.j     pc - 8
core   0: 3 0x800095aa (0xbfe5)
core   0: 0x800095a2 (0x00002f17) auipc   t5, 0x2
core   0: 3 0x800095a2 (0x00002f17) x30 0x8000b5a2
core   0: 0x800095a6 (0xa43f2f23) sw      gp, -1442(t5)
core   0: 3 0x800095a6 (0xa43f2f23) mem 0x8000b000 0x00000001
core   0: 0x800095aa (0x0000bfe5) c.j     pc - 8
core   0: 3 0x800095aa (0xbfe5)
core   0: 0x800095a2 (0x00002f17) auipc   t5, 0x2
core   0: 3 0x800095a2 (0x00002f17) x30 0x8000b5a2
core   0: 0x800095a6 (0xa43f2f23) sw      gp, -1442(t5)
core   0: 3 0x800095a6 (0xa43f2f23) mem 0x8000b000 0x00000001
core   0: 0x800095aa (0x0000bfe5) c.j     pc - 8
core   0: 3 0x800095aa (0xbfe5)
core   0: 0x800095a2 (0x00002f17) auipc   t5, 0x2
core   0: 3 0x800095a2 (0x00002f17) x30 0x8000b5a2
core   0: 0x800095a6 (0xa43f2f23) sw      gp, -1442(t5)
core   0: 3 0x800095a6 (0xa43f2f23) mem 0x8000b000 0x00000001
core   0: 0x800095aa (0x0000bfe5) c.j     pc - 8
core   0: 3 0x800095aa (0xbfe5)
core   0: 0x800095a2 (0x00002f17) auipc   t5, 0x2
core   0: 3 0x800095a2 (0x00002f17) x30 0x8000b5a2
core   0: 0x800095a6 (0xa43f2f23) sw      gp, -1442(t5)
core   0: 3 0x800095a6 (0xa43f2f23) mem 0x8000b000 0x00000001
core   0: 0x800095aa (0x0000bfe5) c.j     pc - 8
core   0: 3 0x800095aa (0xbfe5)
core   0: 0x800095a2 (0x00002f17) auipc   t5, 0x2
core   0: 3 0x800095a2 (0x00002f17) x30 0x8000b5a2
core   0: 0x800095a6 (0xa43f2f23) sw      gp, -1442(t5)
core   0: 3 0x800095a6 (0xa43f2f23) mem 0x8000b000 0x00000001
core   0: 0x800095aa (0x0000bfe5) c.j     pc - 8
core   0: 3 0x800095aa (0xbfe5)
core   0: 0x800095a2 (0x00002f17) auipc   t5, 0x2
core   0: 3 0x800095a2 (0x00002f17) x30 0x8000b5a2
core   0: 0x800095a6 (0xa43f2f23) sw      gp, -1442(t5)
core   0: 3 0x800095a6 (0xa43f2f23) mem 0x8000b000 0x00000001
core   0: 0x800095aa (0x0000bfe5) c.j     pc - 8
core   0: 3 0x800095aa (0xbfe5)
core   0: 0x800095a2 (0x00002f17) auipc   t5, 0x2
core   0: 3 0x800095a2 (0x00002f17) x30 0x8000b5a2
core   0: 0x800095a6 (0xa43f2f23) sw      gp, -1442(t5)
core   0: 3 0x800095a6 (0xa43f2f23) mem 0x8000b000 0x00000001
core   0: 0x800095aa (0x0000bfe5) c.j     pc - 8
core   0: 3 0x800095aa (0xbfe5)
core   0: 0x800095a2 (0x00002f17) auipc   t5, 0x2
core   0: 3 0x800095a2 (0x00002f17) x30 0x8000b5a2
core   0: 0x800095a6 (0xa43f2f23) sw      gp, -1442(t5)
core   0: 3 0x800095a6 (0xa43f2f23) mem 0x8000b000 0x00000001
core   0: 0x800095aa (0x0000bfe5) c.j     pc - 8
core   0: 3 0x800095aa (0xbfe5)
core   0: 0x800095a2 (0x00002f17) auipc   t5, 0x2
core   0: 3 0x800095a2 (0x00002f17) x30 0x8000b5a2
core   0: 0x800095a6 (0xa43f2f23) sw      gp, -1442(t5)
core   0: 3 0x800095a6 (0xa43f2f23) mem 0x8000b000 0x00000001
core   0: 0x800095aa (0x0000bfe5) c.j     pc - 8
core   0: 3 0x800095aa (0xbfe5)
core   0: 0x800095a2 (0x00002f17) auipc   t5, 0x2
core   0: 3 0x800095a2 (0x00002f17) x30 0x8000b5a2
core   0: 0x800095a6 (0xa43f2f23) sw      gp, -1442(t5)
core   0: 3 0x800095a6 (0xa43f2f23) mem 0x8000b000 0x00000001
core   0: 0x800095aa (0x0000bfe5) c.j     pc - 8
core   0: 3 0x800095aa (0xbfe5)
core   0: 0x800095a2 (0x00002f17) auipc   t5, 0x2
core   0: 3 0x800095a2 (0x00002f17) x30 0x8000b5a2
core   0: 0x800095a6 (0xa43f2f23) sw      gp, -1442(t5)
core   0: 3 0x800095a6 (0xa43f2f23) mem 0x8000b000 0x00000001
core   0: 0x800095aa (0x0000bfe5) c.j     pc - 8
core   0: 3 0x800095aa (0xbfe5)
core   0: 0x800095a2 (0x00002f17) auipc   t5, 0x2
core   0: 3 0x800095a2 (0x00002f17) x30 0x8000b5a2
core   0: 0x800095a6 (0xa43f2f23) sw      gp, -1442(t5)
core   0: 3 0x800095a6 (0xa43f2f23) mem 0x8000b000 0x00000001
core   0: 0x800095aa (0x0000bfe5) c.j     pc - 8
core   0: 3 0x800095aa (0xbfe5)
core   0: 0x800095a2 (0x00002f17) auipc   t5, 0x2
core   0: 3 0x800095a2 (0x00002f17) x30 0x8000b5a2
core   0: 0x800095a6 (0xa43f2f23) sw      gp, -1442(t5)
core   0: 3 0x800095a6 (0xa43f2f23) mem 0x8000b000 0x00000001
core   0: 0x800095aa (0x0000bfe5) c.j     pc - 8
core   0: 3 0x800095aa (0xbfe5)
core   0: 0x800095a2 (0x00002f17) auipc   t5, 0x2
core   0: 3 0x800095a2 (0x00002f17) x30 0x8000b5a2
core   0: 0x800095a6 (0xa43f2f23) sw      gp, -1442(t5)
core   0: 3 0x800095a6 (0xa43f2f23) mem 0x8000b000 0x00000001
core   0: 0x800095aa (0x0000bfe5) c.j     pc - 8
core   0: 3 0x800095aa (0xbfe5)
core   0: 0x800095a2 (0x00002f17) auipc   t5, 0x2
core   0: 3 0x800095a2 (0x00002f17) x30 0x8000b5a2
core   0: 0x800095a6 (0xa43f2f23) sw      gp, -1442(t5)
core   0: 3 0x800095a6 (0xa43f2f23) mem 0x8000b000 0x00000001
core   0: 0x800095aa (0x0000bfe5) c.j     pc - 8
core   0: 3 0x800095aa (0xbfe5)
core   0: 0x800095a2 (0x00002f17) auipc   t5, 0x2
core   0: 3 0x800095a2 (0x00002f17) x30 0x8000b5a2
core   0: 0x800095a6 (0xa43f2f23) sw      gp, -1442(t5)
core   0: 3 0x800095a6 (0xa43f2f23) mem 0x8000b000 0x00000001
core   0: 0x800095aa (0x0000bfe5) c.j     pc - 8
core   0: 3 0x800095aa (0xbfe5)
core   0: 0x800095a2 (0x00002f17) auipc   t5, 0x2
core   0: 3 0x800095a2 (0x00002f17) x30 0x8000b5a2
core   0: 0x800095a6 (0xa43f2f23) sw      gp, -1442(t5)
core   0: 3 0x800095a6 (0xa43f2f23) mem 0x8000b000 0x00000001
core   0: 0x800095aa (0x0000bfe5) c.j     pc - 8
core   0: 3 0x800095aa (0xbfe5)
core   0: 0x800095a2 (0x00002f17) auipc   t5, 0x2
core   0: 3 0x800095a2 (0x00002f17) x30 0x8000b5a2
core   0: 0x800095a6 (0xa43f2f23) sw      gp, -1442(t5)
core   0: 3 0x800095a6 (0xa43f2f23) mem 0x8000b000 0x00000001
core   0: 0x800095aa (0x0000bfe5) c.j     pc - 8
core   0: 3 0x800095aa (0xbfe5)
core   0: 0x800095a2 (0x00002f17) auipc   t5, 0x2
core   0: 3 0x800095a2 (0x00002f17) x30 0x8000b5a2
core   0: 0x800095a6 (0xa43f2f23) sw      gp, -1442(t5)
core   0: 3 0x800095a6 (0xa43f2f23) mem 0x8000b000 0x00000001
core   0: 0x800095aa (0x0000bfe5) c.j     pc - 8
core   0: 3 0x800095aa (0xbfe5)
core   0: 0x800095a2 (0x00002f17) auipc   t5, 0x2
core   0: 3 0x800095a2 (0x00002f17) x30 0x8000b5a2
core   0: 0x800095a6 (0xa43f2f23) sw      gp, -1442(t5)
core   0: 3 0x800095a6 (0xa43f2f23) mem 0x8000b000 0x00000001
core   0: 0x800095aa (0x0000bfe5) c.j     pc - 8
core   0: 3 0x800095aa (0xbfe5)
core   0: 0x800095a2 (0x00002f17) auipc   t5, 0x2
core   0: 3 0x800095a2 (0x00002f17) x30 0x8000b5a2
core   0: 0x800095a6 (0xa43f2f23) sw      gp, -1442(t5)
core   0: 3 0x800095a6 (0xa43f2f23) mem 0x8000b000 0x00000001
core   0: 0x800095aa (0x0000bfe5) c.j     pc - 8
core   0: 3 0x800095aa (0xbfe5)
core   0: 0x800095a2 (0x00002f17) auipc   t5, 0x2
core   0: 3 0x800095a2 (0x00002f17) x30 0x8000b5a2
core   0: 0x800095a6 (0xa43f2f23) sw      gp, -1442(t5)
core   0: 3 0x800095a6 (0xa43f2f23) mem 0x8000b000 0x00000001
core   0: 0x800095aa (0x0000bfe5) c.j     pc - 8
core   0: 3 0x800095aa (0xbfe5)
core   0: 0x800095a2 (0x00002f17) auipc   t5, 0x2
core   0: 3 0x800095a2 (0x00002f17) x30 0x8000b5a2
core   0: 0x800095a6 (0xa43f2f23) sw      gp, -1442(t5)
core   0: 3 0x800095a6 (0xa43f2f23) mem 0x8000b000 0x00000001
core   0: 0x800095aa (0x0000bfe5) c.j     pc - 8
core   0: 3 0x800095aa (0xbfe5)
core   0: 0x800095a2 (0x00002f17) auipc   t5, 0x2
core   0: 3 0x800095a2 (0x00002f17) x30 0x8000b5a2
core   0: 0x800095a6 (0xa43f2f23) sw      gp, -1442(t5)
core   0: 3 0x800095a6 (0xa43f2f23) mem 0x8000b000 0x00000001
core   0: 0x800095aa (0x0000bfe5) c.j     pc - 8
core   0: 3 0x800095aa (0xbfe5)
core   0: 0x800095a2 (0x00002f17) auipc   t5, 0x2
core   0: 3 0x800095a2 (0x00002f17) x30 0x8000b5a2
core   0: 0x800095a6 (0xa43f2f23) sw      gp, -1442(t5)
core   0: 3 0x800095a6 (0xa43f2f23) mem 0x8000b000 0x00000001
core   0: 0x800095aa (0x0000bfe5) c.j     pc - 8
core   0: 3 0x800095aa (0xbfe5)
core   0: 0x800095a2 (0x00002f17) auipc   t5, 0x2
core   0: 3 0x800095a2 (0x00002f17) x30 0x8000b5a2
core   0: 0x800095a6 (0xa43f2f23) sw      gp, -1442(t5)
core   0: 3 0x800095a6 (0xa43f2f23) mem 0x8000b000 0x00000001
core   0: 0x800095aa (0x0000bfe5) c.j     pc - 8
core   0: 3 0x800095aa (0xbfe5)
core   0: 0x800095a2 (0x00002f17) auipc   t5, 0x2
core   0: 3 0x800095a2 (0x00002f17) x30 0x8000b5a2
core   0: 0x800095a6 (0xa43f2f23) sw      gp, -1442(t5)
core   0: 3 0x800095a6 (0xa43f2f23) mem 0x8000b000 0x00000001
core   0: 0x800095aa (0x0000bfe5) c.j     pc - 8
core   0: 3 0x800095aa (0xbfe5)
core   0: 0x800095a2 (0x00002f17) auipc   t5, 0x2
core   0: 3 0x800095a2 (0x00002f17) x30 0x8000b5a2
core   0: 0x800095a6 (0xa43f2f23) sw      gp, -1442(t5)
core   0: 3 0x800095a6 (0xa43f2f23) mem 0x8000b000 0x00000001
core   0: 0x800095aa (0x0000bfe5) c.j     pc - 8
core   0: 3 0x800095aa (0xbfe5)
core   0: 0x800095a2 (0x00002f17) auipc   t5, 0x2
core   0: 3 0x800095a2 (0x00002f17) x30 0x8000b5a2
core   0: 0x800095a6 (0xa43f2f23) sw      gp, -1442(t5)
core   0: 3 0x800095a6 (0xa43f2f23) mem 0x8000b000 0x00000001
core   0: 0x800095aa (0x0000bfe5) c.j     pc - 8
core   0: 3 0x800095aa (0xbfe5)
core   0: 0x800095a2 (0x00002f17) auipc   t5, 0x2
core   0: 3 0x800095a2 (0x00002f17) x30 0x8000b5a2
core   0: 0x800095a6 (0xa43f2f23) sw      gp, -1442(t5)
core   0: 3 0x800095a6 (0xa43f2f23) mem 0x8000b000 0x00000001
core   0: 0x800095aa (0x0000bfe5) c.j     pc - 8
core   0: 3 0x800095aa (0xbfe5)
core   0: 0x800095a2 (0x00002f17) auipc   t5, 0x2
core   0: 3 0x800095a2 (0x00002f17) x30 0x8000b5a2
core   0: 0x800095a6 (0xa43f2f23) sw      gp, -1442(t5)
core   0: 3 0x800095a6 (0xa43f2f23) mem 0x8000b000 0x00000001
core   0: 0x800095aa (0x0000bfe5) c.j     pc - 8
core   0: 3 0x800095aa (0xbfe5)
core   0: 0x800095a2 (0x00002f17) auipc   t5, 0x2
core   0: 3 0x800095a2 (0x00002f17) x30 0x8000b5a2
core   0: 0x800095a6 (0xa43f2f23) sw      gp, -1442(t5)
core   0: 3 0x800095a6 (0xa43f2f23) mem 0x8000b000 0x00000001
core   0: 0x800095aa (0x0000bfe5) c.j     pc - 8
core   0: 3 0x800095aa (0xbfe5)
core   0: 0x800095a2 (0x00002f17) auipc   t5, 0x2
core   0: 3 0x800095a2 (0x00002f17) x30 0x8000b5a2
core   0: 0x800095a6 (0xa43f2f23) sw      gp, -1442(t5)
core   0: 3 0x800095a6 (0xa43f2f23) mem 0x8000b000 0x00000001
core   0: 0x800095aa (0x0000bfe5) c.j     pc - 8
core   0: 3 0x800095aa (0xbfe5)
core   0: 0x800095a2 (0x00002f17) auipc   t5, 0x2
core   0: 3 0x800095a2 (0x00002f17) x30 0x8000b5a2
core   0: 0x800095a6 (0xa43f2f23) sw      gp, -1442(t5)
core   0: 3 0x800095a6 (0xa43f2f23) mem 0x8000b000 0x00000001
core   0: 0x800095aa (0x0000bfe5) c.j     pc - 8
core   0: 3 0x800095aa (0xbfe5)
core   0: 0x800095a2 (0x00002f17) auipc   t5, 0x2
core   0: 3 0x800095a2 (0x00002f17) x30 0x8000b5a2
core   0: 0x800095a6 (0xa43f2f23) sw      gp, -1442(t5)
core   0: 3 0x800095a6 (0xa43f2f23) mem 0x8000b000 0x00000001
core   0: 0x800095aa (0x0000bfe5) c.j     pc - 8
core   0: 3 0x800095aa (0xbfe5)
core   0: 0x800095a2 (0x00002f17) auipc   t5, 0x2
core   0: 3 0x800095a2 (0x00002f17) x30 0x8000b5a2
core   0: 0x800095a6 (0xa43f2f23) sw      gp, -1442(t5)
core   0: 3 0x800095a6 (0xa43f2f23) mem 0x8000b000 0x00000001
core   0: 0x800095aa (0x0000bfe5) c.j     pc - 8
core   0: 3 0x800095aa (0xbfe5)
core   0: 0x800095a2 (0x00002f17) auipc   t5, 0x2
core   0: 3 0x800095a2 (0x00002f17) x30 0x8000b5a2
core   0: 0x800095a6 (0xa43f2f23) sw      gp, -1442(t5)
core   0: 3 0x800095a6 (0xa43f2f23) mem 0x8000b000 0x00000001
core   0: 0x800095aa (0x0000bfe5) c.j     pc - 8
core   0: 3 0x800095aa (0xbfe5)
core   0: 0x800095a2 (0x00002f17) auipc   t5, 0x2
core   0: 3 0x800095a2 (0x00002f17) x30 0x8000b5a2
core   0: 0x800095a6 (0xa43f2f23) sw      gp, -1442(t5)
core   0: 3 0x800095a6 (0xa43f2f23) mem 0x8000b000 0x00000001
core   0: 0x800095aa (0x0000bfe5) c.j     pc - 8
core   0: 3 0x800095aa (0xbfe5)
core   0: 0x800095a2 (0x00002f17) auipc   t5, 0x2
core   0: 3 0x800095a2 (0x00002f17) x30 0x8000b5a2
core   0: 0x800095a6 (0xa43f2f23) sw      gp, -1442(t5)
core   0: 3 0x800095a6 (0xa43f2f23) mem 0x8000b000 0x00000001
core   0: 0x800095aa (0x0000bfe5) c.j     pc - 8
core   0: 3 0x800095aa (0xbfe5)
core   0: 0x800095a2 (0x00002f17) auipc   t5, 0x2
core   0: 3 0x800095a2 (0x00002f17) x30 0x8000b5a2
core   0: 0x800095a6 (0xa43f2f23) sw      gp, -1442(t5)
core   0: 3 0x800095a6 (0xa43f2f23) mem 0x8000b000 0x00000001
core   0: 0x800095aa (0x0000bfe5) c.j     pc - 8
core   0: 3 0x800095aa (0xbfe5)
core   0: 0x800095a2 (0x00002f17) auipc   t5, 0x2
core   0: 3 0x800095a2 (0x00002f17) x30 0x8000b5a2
core   0: 0x800095a6 (0xa43f2f23) sw      gp, -1442(t5)
core   0: 3 0x800095a6 (0xa43f2f23) mem 0x8000b000 0x00000001
core   0: 0x800095aa (0x0000bfe5) c.j     pc - 8
core   0: 3 0x800095aa (0xbfe5)
core   0: 0x800095a2 (0x00002f17) auipc   t5, 0x2
core   0: 3 0x800095a2 (0x00002f17) x30 0x8000b5a2
core   0: 0x800095a6 (0xa43f2f23) sw      gp, -1442(t5)
core   0: 3 0x800095a6 (0xa43f2f23) mem 0x8000b000 0x00000001
core   0: 0x800095aa (0x0000bfe5) c.j     pc - 8
core   0: 3 0x800095aa (0xbfe5)
core   0: 0x800095a2 (0x00002f17) auipc   t5, 0x2
core   0: 3 0x800095a2 (0x00002f17) x30 0x8000b5a2
core   0: 0x800095a6 (0xa43f2f23) sw      gp, -1442(t5)
core   0: 3 0x800095a6 (0xa43f2f23) mem 0x8000b000 0x00000001
core   0: 0x800095aa (0x0000bfe5) c.j     pc - 8
core   0: 3 0x800095aa (0xbfe5)
core   0: 0x800095a2 (0x00002f17) auipc   t5, 0x2
core   0: 3 0x800095a2 (0x00002f17) x30 0x8000b5a2
core   0: 0x800095a6 (0xa43f2f23) sw      gp, -1442(t5)
core   0: 3 0x800095a6 (0xa43f2f23) mem 0x8000b000 0x00000001
core   0: 0x800095aa (0x0000bfe5) c.j     pc - 8
core   0: 3 0x800095aa (0xbfe5)
core   0: 0x800095a2 (0x00002f17) auipc   t5, 0x2
core   0: 3 0x800095a2 (0x00002f17) x30 0x8000b5a2
core   0: 0x800095a6 (0xa43f2f23) sw      gp, -1442(t5)
core   0: 3 0x800095a6 (0xa43f2f23) mem 0x8000b000 0x00000001
core   0: 0x800095aa (0x0000bfe5) c.j     pc - 8
core   0: 3 0x800095aa (0xbfe5)
core   0: 0x800095a2 (0x00002f17) auipc   t5, 0x2
core   0: 3 0x800095a2 (0x00002f17) x30 0x8000b5a2
core   0: 0x800095a6 (0xa43f2f23) sw      gp, -1442(t5)
core   0: 3 0x800095a6 (0xa43f2f23) mem 0x8000b000 0x00000001
core   0: 0x800095aa (0x0000bfe5) c.j     pc - 8
core   0: 3 0x800095aa (0xbfe5)
core   0: 0x800095a2 (0x00002f17) auipc   t5, 0x2
core   0: 3 0x800095a2 (0x00002f17) x30 0x8000b5a2
core   0: 0x800095a6 (0xa43f2f23) sw      gp, -1442(t5)
core   0: 3 0x800095a6 (0xa43f2f23) mem 0x8000b000 0x00000001
core   0: 0x800095aa (0x0000bfe5) c.j     pc - 8
core   0: 3 0x800095aa (0xbfe5)
core   0: 0x800095a2 (0x00002f17) auipc   t5, 0x2
core   0: 3 0x800095a2 (0x00002f17) x30 0x8000b5a2
core   0: 0x800095a6 (0xa43f2f23) sw      gp, -1442(t5)
core   0: 3 0x800095a6 (0xa43f2f23) mem 0x8000b000 0x00000001
core   0: 0x800095aa (0x0000bfe5) c.j     pc - 8
core   0: 3 0x800095aa (0xbfe5)
core   0: 0x800095a2 (0x00002f17) auipc   t5, 0x2
core   0: 3 0x800095a2 (0x00002f17) x30 0x8000b5a2
core   0: 0x800095a6 (0xa43f2f23) sw      gp, -1442(t5)
core   0: 3 0x800095a6 (0xa43f2f23) mem 0x8000b000 0x00000001
core   0: 0x800095aa (0x0000bfe5) c.j     pc - 8
core   0: 3 0x800095aa (0xbfe5)
core   0: 0x800095a2 (0x00002f17) auipc   t5, 0x2
core   0: 3 0x800095a2 (0x00002f17) x30 0x8000b5a2
core   0: 0x800095a6 (0xa43f2f23) sw      gp, -1442(t5)
core   0: 3 0x800095a6 (0xa43f2f23) mem 0x8000b000 0x00000001
core   0: 0x800095aa (0x0000bfe5) c.j     pc - 8
core   0: 3 0x800095aa (0xbfe5)
core   0: 0x800095a2 (0x00002f17) auipc   t5, 0x2
core   0: 3 0x800095a2 (0x00002f17) x30 0x8000b5a2
core   0: 0x800095a6 (0xa43f2f23) sw      gp, -1442(t5)
core   0: 3 0x800095a6 (0xa43f2f23) mem 0x8000b000 0x00000001
core   0: 0x800095aa (0x0000bfe5) c.j     pc - 8
core   0: 3 0x800095aa (0xbfe5)
core   0: 0x800095a2 (0x00002f17) auipc   t5, 0x2
core   0: 3 0x800095a2 (0x00002f17) x30 0x8000b5a2
core   0: 0x800095a6 (0xa43f2f23) sw      gp, -1442(t5)
core   0: 3 0x800095a6 (0xa43f2f23) mem 0x8000b000 0x00000001
core   0: 0x800095aa (0x0000bfe5) c.j     pc - 8
core   0: 3 0x800095aa (0xbfe5)
core   0: 0x800095a2 (0x00002f17) auipc   t5, 0x2
core   0: 3 0x800095a2 (0x00002f17) x30 0x8000b5a2
core   0: 0x800095a6 (0xa43f2f23) sw      gp, -1442(t5)
core   0: 3 0x800095a6 (0xa43f2f23) mem 0x8000b000 0x00000001
core   0: 0x800095aa (0x0000bfe5) c.j     pc - 8
core   0: 3 0x800095aa (0xbfe5)
core   0: 0x800095a2 (0x00002f17) auipc   t5, 0x2
core   0: 3 0x800095a2 (0x00002f17) x30 0x8000b5a2
core   0: 0x800095a6 (0xa43f2f23) sw      gp, -1442(t5)
core   0: 3 0x800095a6 (0xa43f2f23) mem 0x8000b000 0x00000001
core   0: 0x800095aa (0x0000bfe5) c.j     pc - 8
core   0: 3 0x800095aa (0xbfe5)
core   0: 0x800095a2 (0x00002f17) auipc   t5, 0x2
core   0: 3 0x800095a2 (0x00002f17) x30 0x8000b5a2
core   0: 0x800095a6 (0xa43f2f23) sw      gp, -1442(t5)
core   0: 3 0x800095a6 (0xa43f2f23) mem 0x8000b000 0x00000001
core   0: 0x800095aa (0x0000bfe5) c.j     pc - 8
core   0: 3 0x800095aa (0xbfe5)
core   0: 0x800095a2 (0x00002f17) auipc   t5, 0x2
core   0: 3 0x800095a2 (0x00002f17) x30 0x8000b5a2
core   0: 0x800095a6 (0xa43f2f23) sw      gp, -1442(t5)
core   0: 3 0x800095a6 (0xa43f2f23) mem 0x8000b000 0x00000001
core   0: 0x800095aa (0x0000bfe5) c.j     pc - 8
core   0: 3 0x800095aa (0xbfe5)
core   0: 0x800095a2 (0x00002f17) auipc   t5, 0x2
core   0: 3 0x800095a2 (0x00002f17) x30 0x8000b5a2
core   0: 0x800095a6 (0xa43f2f23) sw      gp, -1442(t5)
core   0: 3 0x800095a6 (0xa43f2f23) mem 0x8000b000 0x00000001
core   0: 0x800095aa (0x0000bfe5) c.j     pc - 8
core   0: 3 0x800095aa (0xbfe5)
core   0: 0x800095a2 (0x00002f17) auipc   t5, 0x2
core   0: 3 0x800095a2 (0x00002f17) x30 0x8000b5a2
core   0: 0x800095a6 (0xa43f2f23) sw      gp, -1442(t5)
core   0: 3 0x800095a6 (0xa43f2f23) mem 0x8000b000 0x00000001
core   0: 0x800095aa (0x0000bfe5) c.j     pc - 8
core   0: 3 0x800095aa (0xbfe5)
core   0: 0x800095a2 (0x00002f17) auipc   t5, 0x2
core   0: 3 0x800095a2 (0x00002f17) x30 0x8000b5a2
core   0: 0x800095a6 (0xa43f2f23) sw      gp, -1442(t5)
core   0: 3 0x800095a6 (0xa43f2f23) mem 0x8000b000 0x00000001
core   0: 0x800095aa (0x0000bfe5) c.j     pc - 8
core   0: 3 0x800095aa (0xbfe5)
core   0: 0x800095a2 (0x00002f17) auipc   t5, 0x2
core   0: 3 0x800095a2 (0x00002f17) x30 0x8000b5a2
core   0: 0x800095a6 (0xa43f2f23) sw      gp, -1442(t5)
core   0: 3 0x800095a6 (0xa43f2f23) mem 0x8000b000 0x00000001
core   0: 0x800095aa (0x0000bfe5) c.j     pc - 8
core   0: 3 0x800095aa (0xbfe5)
core   0: 0x800095a2 (0x00002f17) auipc   t5, 0x2
core   0: 3 0x800095a2 (0x00002f17) x30 0x8000b5a2
core   0: 0x800095a6 (0xa43f2f23) sw      gp, -1442(t5)
core   0: 3 0x800095a6 (0xa43f2f23) mem 0x8000b000 0x00000001
core   0: 0x800095aa (0x0000bfe5) c.j     pc - 8
core   0: 3 0x800095aa (0xbfe5)
core   0: 0x800095a2 (0x00002f17) auipc   t5, 0x2
core   0: 3 0x800095a2 (0x00002f17) x30 0x8000b5a2
core   0: 0x800095a6 (0xa43f2f23) sw      gp, -1442(t5)
core   0: 3 0x800095a6 (0xa43f2f23) mem 0x8000b000 0x00000001
core   0: 0x800095aa (0x0000bfe5) c.j     pc - 8
core   0: 3 0x800095aa (0xbfe5)
core   0: 0x800095a2 (0x00002f17) auipc   t5, 0x2
core   0: 3 0x800095a2 (0x00002f17) x30 0x8000b5a2
core   0: 0x800095a6 (0xa43f2f23) sw      gp, -1442(t5)
core   0: 3 0x800095a6 (0xa43f2f23) mem 0x8000b000 0x00000001
core   0: 0x800095aa (0x0000bfe5) c.j     pc - 8
core   0: 3 0x800095aa (0xbfe5)
core   0: 0x800095a2 (0x00002f17) auipc   t5, 0x2
core   0: 3 0x800095a2 (0x00002f17) x30 0x8000b5a2
core   0: 0x800095a6 (0xa43f2f23) sw      gp, -1442(t5)
core   0: 3 0x800095a6 (0xa43f2f23) mem 0x8000b000 0x00000001
core   0: 0x800095aa (0x0000bfe5) c.j     pc - 8
core   0: 3 0x800095aa (0xbfe5)
core   0: 0x800095a2 (0x00002f17) auipc   t5, 0x2
core   0: 3 0x800095a2 (0x00002f17) x30 0x8000b5a2
core   0: 0x800095a6 (0xa43f2f23) sw      gp, -1442(t5)
core   0: 3 0x800095a6 (0xa43f2f23) mem 0x8000b000 0x00000001
core   0: 0x800095aa (0x0000bfe5) c.j     pc - 8
core   0: 3 0x800095aa (0xbfe5)
core   0: 0x800095a2 (0x00002f17) auipc   t5, 0x2
core   0: 3 0x800095a2 (0x00002f17) x30 0x8000b5a2
core   0: 0x800095a6 (0xa43f2f23) sw      gp, -1442(t5)
core   0: 3 0x800095a6 (0xa43f2f23) mem 0x8000b000 0x00000001
core   0: 0x800095aa (0x0000bfe5) c.j     pc - 8
core   0: 3 0x800095aa (0xbfe5)
core   0: 0x800095a2 (0x00002f17) auipc   t5, 0x2
core   0: 3 0x800095a2 (0x00002f17) x30 0x8000b5a2
core   0: 0x800095a6 (0xa43f2f23) sw      gp, -1442(t5)
core   0: 3 0x800095a6 (0xa43f2f23) mem 0x8000b000 0x00000001
core   0: 0x800095aa (0x0000bfe5) c.j     pc - 8
core   0: 3 0x800095aa (0xbfe5)
core   0: 0x800095a2 (0x00002f17) auipc   t5, 0x2
core   0: 3 0x800095a2 (0x00002f17) x30 0x8000b5a2
core   0: 0x800095a6 (0xa43f2f23) sw      gp, -1442(t5)
core   0: 3 0x800095a6 (0xa43f2f23) mem 0x8000b000 0x00000001
core   0: 0x800095aa (0x0000bfe5) c.j     pc - 8
core   0: 3 0x800095aa (0xbfe5)
core   0: 0x800095a2 (0x00002f17) auipc   t5, 0x2
core   0: 3 0x800095a2 (0x00002f17) x30 0x8000b5a2
core   0: 0x800095a6 (0xa43f2f23) sw      gp, -1442(t5)
core   0: 3 0x800095a6 (0xa43f2f23) mem 0x8000b000 0x00000001
core   0: 0x800095aa (0x0000bfe5) c.j     pc - 8
core   0: 3 0x800095aa (0xbfe5)
core   0: 0x800095a2 (0x00002f17) auipc   t5, 0x2
core   0: 3 0x800095a2 (0x00002f17) x30 0x8000b5a2
core   0: 0x800095a6 (0xa43f2f23) sw      gp, -1442(t5)
core   0: 3 0x800095a6 (0xa43f2f23) mem 0x8000b000 0x00000001
core   0: 0x800095aa (0x0000bfe5) c.j     pc - 8
core   0: 3 0x800095aa (0xbfe5)
core   0: 0x800095a2 (0x00002f17) auipc   t5, 0x2
core   0: 3 0x800095a2 (0x00002f17) x30 0x8000b5a2
core   0: 0x800095a6 (0xa43f2f23) sw      gp, -1442(t5)
core   0: 3 0x800095a6 (0xa43f2f23) mem 0x8000b000 0x00000001
core   0: 0x800095aa (0x0000bfe5) c.j     pc - 8
core   0: 3 0x800095aa (0xbfe5)
core   0: 0x800095a2 (0x00002f17) auipc   t5, 0x2
core   0: 3 0x800095a2 (0x00002f17) x30 0x8000b5a2
core   0: 0x800095a6 (0xa43f2f23) sw      gp, -1442(t5)
core   0: 3 0x800095a6 (0xa43f2f23) mem 0x8000b000 0x00000001
core   0: 0x800095aa (0x0000bfe5) c.j     pc - 8
core   0: 3 0x800095aa (0xbfe5)
core   0: 0x800095a2 (0x00002f17) auipc   t5, 0x2
core   0: 3 0x800095a2 (0x00002f17) x30 0x8000b5a2
core   0: 0x800095a6 (0xa43f2f23) sw      gp, -1442(t5)
core   0: 3 0x800095a6 (0xa43f2f23) mem 0x8000b000 0x00000001
core   0: 0x800095aa (0x0000bfe5) c.j     pc - 8
core   0: 3 0x800095aa (0xbfe5)
core   0: 0x800095a2 (0x00002f17) auipc   t5, 0x2
core   0: 3 0x800095a2 (0x00002f17) x30 0x8000b5a2
core   0: 0x800095a6 (0xa43f2f23) sw      gp, -1442(t5)
core   0: 3 0x800095a6 (0xa43f2f23) mem 0x8000b000 0x00000001
core   0: 0x800095aa (0x0000bfe5) c.j     pc - 8
core   0: 3 0x800095aa (0xbfe5)
core   0: 0x800095a2 (0x00002f17) auipc   t5, 0x2
core   0: 3 0x800095a2 (0x00002f17) x30 0x8000b5a2
core   0: 0x800095a6 (0xa43f2f23) sw      gp, -1442(t5)
core   0: 3 0x800095a6 (0xa43f2f23) mem 0x8000b000 0x00000001
core   0: 0x800095aa (0x0000bfe5) c.j     pc - 8
core   0: 3 0x800095aa (0xbfe5)
core   0: 0x800095a2 (0x00002f17) auipc   t5, 0x2
core   0: 3 0x800095a2 (0x00002f17) x30 0x8000b5a2
core   0: 0x800095a6 (0xa43f2f23) sw      gp, -1442(t5)
core   0: 3 0x800095a6 (0xa43f2f23) mem 0x8000b000 0x00000001
core   0: 0x800095aa (0x0000bfe5) c.j     pc - 8
core   0: 3 0x800095aa (0xbfe5)
core   0: 0x800095a2 (0x00002f17) auipc   t5, 0x2
core   0: 3 0x800095a2 (0x00002f17) x30 0x8000b5a2
core   0: 0x800095a6 (0xa43f2f23) sw      gp, -1442(t5)
core   0: 3 0x800095a6 (0xa43f2f23) mem 0x8000b000 0x00000001
core   0: 0x800095aa (0x0000bfe5) c.j     pc - 8
core   0: 3 0x800095aa (0xbfe5)
core   0: 0x800095a2 (0x00002f17) auipc   t5, 0x2
core   0: 3 0x800095a2 (0x00002f17) x30 0x8000b5a2
core   0: 0x800095a6 (0xa43f2f23) sw      gp, -1442(t5)
core   0: 3 0x800095a6 (0xa43f2f23) mem 0x8000b000 0x00000001
core   0: 0x800095aa (0x0000bfe5) c.j     pc - 8
core   0: 3 0x800095aa (0xbfe5)
core   0: 0x800095a2 (0x00002f17) auipc   t5, 0x2
core   0: 3 0x800095a2 (0x00002f17) x30 0x8000b5a2
core   0: 0x800095a6 (0xa43f2f23) sw      gp, -1442(t5)
core   0: 3 0x800095a6 (0xa43f2f23) mem 0x8000b000 0x00000001
core   0: 0x800095aa (0x0000bfe5) c.j     pc - 8
core   0: 3 0x800095aa (0xbfe5)
core   0: 0x800095a2 (0x00002f17) auipc   t5, 0x2
core   0: 3 0x800095a2 (0x00002f17) x30 0x8000b5a2
core   0: 0x800095a6 (0xa43f2f23) sw      gp, -1442(t5)
core   0: 3 0x800095a6 (0xa43f2f23) mem 0x8000b000 0x00000001
core   0: 0x800095aa (0x0000bfe5) c.j     pc - 8
core   0: 3 0x800095aa (0xbfe5)
core   0: 0x800095a2 (0x00002f17) auipc   t5, 0x2
core   0: 3 0x800095a2 (0x00002f17) x30 0x8000b5a2
core   0: 0x800095a6 (0xa43f2f23) sw      gp, -1442(t5)
core   0: 3 0x800095a6 (0xa43f2f23) mem 0x8000b000 0x00000001
core   0: 0x800095aa (0x0000bfe5) c.j     pc - 8
core   0: 3 0x800095aa (0xbfe5)
core   0: 0x800095a2 (0x00002f17) auipc   t5, 0x2
core   0: 3 0x800095a2 (0x00002f17) x30 0x8000b5a2
core   0: 0x800095a6 (0xa43f2f23) sw      gp, -1442(t5)
core   0: 3 0x800095a6 (0xa43f2f23) mem 0x8000b000 0x00000001
core   0: 0x800095aa (0x0000bfe5) c.j     pc - 8
core   0: 3 0x800095aa (0xbfe5)
core   0: 0x800095a2 (0x00002f17) auipc   t5, 0x2
core   0: 3 0x800095a2 (0x00002f17) x30 0x8000b5a2
core   0: 0x800095a6 (0xa43f2f23) sw      gp, -1442(t5)
core   0: 3 0x800095a6 (0xa43f2f23) mem 0x8000b000 0x00000001
core   0: 0x800095aa (0x0000bfe5) c.j     pc - 8
core   0: 3 0x800095aa (0xbfe5)
core   0: 0x800095a2 (0x00002f17) auipc   t5, 0x2
core   0: 3 0x800095a2 (0x00002f17) x30 0x8000b5a2
core   0: 0x800095a6 (0xa43f2f23) sw      gp, -1442(t5)
core   0: 3 0x800095a6 (0xa43f2f23) mem 0x8000b000 0x00000001
core   0: 0x800095aa (0x0000bfe5) c.j     pc - 8
core   0: 3 0x800095aa (0xbfe5)
core   0: 0x800095a2 (0x00002f17) auipc   t5, 0x2
core   0: 3 0x800095a2 (0x00002f17) x30 0x8000b5a2
core   0: 0x800095a6 (0xa43f2f23) sw      gp, -1442(t5)
core   0: 3 0x800095a6 (0xa43f2f23) mem 0x8000b000 0x00000001
core   0: 0x800095aa (0x0000bfe5) c.j     pc - 8
core   0: 3 0x800095aa (0xbfe5)
core   0: 0x800095a2 (0x00002f17) auipc   t5, 0x2
core   0: 3 0x800095a2 (0x00002f17) x30 0x8000b5a2
core   0: 0x800095a6 (0xa43f2f23) sw      gp, -1442(t5)
core   0: 3 0x800095a6 (0xa43f2f23) mem 0x8000b000 0x00000001
core   0: 0x800095aa (0x0000bfe5) c.j     pc - 8
core   0: 3 0x800095aa (0xbfe5)
core   0: 0x800095a2 (0x00002f17) auipc   t5, 0x2
core   0: 3 0x800095a2 (0x00002f17) x30 0x8000b5a2
core   0: 0x800095a6 (0xa43f2f23) sw      gp, -1442(t5)
core   0: 3 0x800095a6 (0xa43f2f23) mem 0x8000b000 0x00000001
core   0: 0x800095aa (0x0000bfe5) c.j     pc - 8
core   0: 3 0x800095aa (0xbfe5)
core   0: 0x800095a2 (0x00002f17) auipc   t5, 0x2
core   0: 3 0x800095a2 (0x00002f17) x30 0x8000b5a2
core   0: 0x800095a6 (0xa43f2f23) sw      gp, -1442(t5)
core   0: 3 0x800095a6 (0xa43f2f23) mem 0x8000b000 0x00000001
core   0: 0x800095aa (0x0000bfe5) c.j     pc - 8
core   0: 3 0x800095aa (0xbfe5)
core   0: 0x800095a2 (0x00002f17) auipc   t5, 0x2
core   0: 3 0x800095a2 (0x00002f17) x30 0x8000b5a2
core   0: 0x800095a6 (0xa43f2f23) sw      gp, -1442(t5)
core   0: 3 0x800095a6 (0xa43f2f23) mem 0x8000b000 0x00000001
core   0: 0x800095aa (0x0000bfe5) c.j     pc - 8
core   0: 3 0x800095aa (0xbfe5)
core   0: 0x800095a2 (0x00002f17) auipc   t5, 0x2
core   0: 3 0x800095a2 (0x00002f17) x30 0x8000b5a2
core   0: 0x800095a6 (0xa43f2f23) sw      gp, -1442(t5)
core   0: 3 0x800095a6 (0xa43f2f23) mem 0x8000b000 0x00000001
core   0: 0x800095aa (0x0000bfe5) c.j     pc - 8
core   0: 3 0x800095aa (0xbfe5)
core   0: 0x800095a2 (0x00002f17) auipc   t5, 0x2
core   0: 3 0x800095a2 (0x00002f17) x30 0x8000b5a2
core   0: 0x800095a6 (0xa43f2f23) sw      gp, -1442(t5)
core   0: 3 0x800095a6 (0xa43f2f23) mem 0x8000b000 0x00000001
core   0: 0x800095aa (0x0000bfe5) c.j     pc - 8
core   0: 3 0x800095aa (0xbfe5)
core   0: 0x800095a2 (0x00002f17) auipc   t5, 0x2
core   0: 3 0x800095a2 (0x00002f17) x30 0x8000b5a2
core   0: 0x800095a6 (0xa43f2f23) sw      gp, -1442(t5)
core   0: 3 0x800095a6 (0xa43f2f23) mem 0x8000b000 0x00000001
core   0: 0x800095aa (0x0000bfe5) c.j     pc - 8
core   0: 3 0x800095aa (0xbfe5)
core   0: 0x800095a2 (0x00002f17) auipc   t5, 0x2
core   0: 3 0x800095a2 (0x00002f17) x30 0x8000b5a2
core   0: 0x800095a6 (0xa43f2f23) sw      gp, -1442(t5)
core   0: 3 0x800095a6 (0xa43f2f23) mem 0x8000b000 0x00000001
core   0: 0x800095aa (0x0000bfe5) c.j     pc - 8
core   0: 3 0x800095aa (0xbfe5)
core   0: 0x800095a2 (0x00002f17) auipc   t5, 0x2
core   0: 3 0x800095a2 (0x00002f17) x30 0x8000b5a2
core   0: 0x800095a6 (0xa43f2f23) sw      gp, -1442(t5)
core   0: 3 0x800095a6 (0xa43f2f23) mem 0x8000b000 0x00000001
core   0: 0x800095aa (0x0000bfe5) c.j     pc - 8
core   0: 3 0x800095aa (0xbfe5)
core   0: 0x800095a2 (0x00002f17) auipc   t5, 0x2
core   0: 3 0x800095a2 (0x00002f17) x30 0x8000b5a2
core   0: 0x800095a6 (0xa43f2f23) sw      gp, -1442(t5)
core   0: 3 0x800095a6 (0xa43f2f23) mem 0x8000b000 0x00000001
core   0: 0x800095aa (0x0000bfe5) c.j     pc - 8
core   0: 3 0x800095aa (0xbfe5)
core   0: 0x800095a2 (0x00002f17) auipc   t5, 0x2
core   0: 3 0x800095a2 (0x00002f17) x30 0x8000b5a2
core   0: 0x800095a6 (0xa43f2f23) sw      gp, -1442(t5)
core   0: 3 0x800095a6 (0xa43f2f23) mem 0x8000b000 0x00000001
core   0: 0x800095aa (0x0000bfe5) c.j     pc - 8
core   0: 3 0x800095aa (0xbfe5)
core   0: 0x800095a2 (0x00002f17) auipc   t5, 0x2
core   0: 3 0x800095a2 (0x00002f17) x30 0x8000b5a2
core   0: 0x800095a6 (0xa43f2f23) sw      gp, -1442(t5)
core   0: 3 0x800095a6 (0xa43f2f23) mem 0x8000b000 0x00000001
core   0: 0x800095aa (0x0000bfe5) c.j     pc - 8
core   0: 3 0x800095aa (0xbfe5)
core   0: 0x800095a2 (0x00002f17) auipc   t5, 0x2
core   0: 3 0x800095a2 (0x00002f17) x30 0x8000b5a2
core   0: 0x800095a6 (0xa43f2f23) sw      gp, -1442(t5)
core   0: 3 0x800095a6 (0xa43f2f23) mem 0x8000b000 0x00000001
core   0: 0x800095aa (0x0000bfe5) c.j     pc - 8
core   0: 3 0x800095aa (0xbfe5)
core   0: 0x800095a2 (0x00002f17) auipc   t5, 0x2
core   0: 3 0x800095a2 (0x00002f17) x30 0x8000b5a2
core   0: 0x800095a6 (0xa43f2f23) sw      gp, -1442(t5)
core   0: 3 0x800095a6 (0xa43f2f23) mem 0x8000b000 0x00000001
core   0: 0x800095aa (0x0000bfe5) c.j     pc - 8
core   0: 3 0x800095aa (0xbfe5)
core   0: 0x800095a2 (0x00002f17) auipc   t5, 0x2
core   0: 3 0x800095a2 (0x00002f17) x30 0x8000b5a2
core   0: 0x800095a6 (0xa43f2f23) sw      gp, -1442(t5)
core   0: 3 0x800095a6 (0xa43f2f23) mem 0x8000b000 0x00000001
core   0: 0x800095aa (0x0000bfe5) c.j     pc - 8
core   0: 3 0x800095aa (0xbfe5)
core   0: 0x800095a2 (0x00002f17) auipc   t5, 0x2
core   0: 3 0x800095a2 (0x00002f17) x30 0x8000b5a2
core   0: 0x800095a6 (0xa43f2f23) sw      gp, -1442(t5)
core   0: 3 0x800095a6 (0xa43f2f23) mem 0x8000b000 0x00000001
core   0: 0x800095aa (0x0000bfe5) c.j     pc - 8
core   0: 3 0x800095aa (0xbfe5)
core   0: 0x800095a2 (0x00002f17) auipc   t5, 0x2
core   0: 3 0x800095a2 (0x00002f17) x30 0x8000b5a2
core   0: 0x800095a6 (0xa43f2f23) sw      gp, -1442(t5)
core   0: 3 0x800095a6 (0xa43f2f23) mem 0x8000b000 0x00000001
core   0: 0x800095aa (0x0000bfe5) c.j     pc - 8
core   0: 3 0x800095aa (0xbfe5)
core   0: 0x800095a2 (0x00002f17) auipc   t5, 0x2
core   0: 3 0x800095a2 (0x00002f17) x30 0x8000b5a2
core   0: 0x800095a6 (0xa43f2f23) sw      gp, -1442(t5)
core   0: 3 0x800095a6 (0xa43f2f23) mem 0x8000b000 0x00000001
core   0: 0x800095aa (0x0000bfe5) c.j     pc - 8
core   0: 3 0x800095aa (0xbfe5)
core   0: 0x800095a2 (0x00002f17) auipc   t5, 0x2
core   0: 3 0x800095a2 (0x00002f17) x30 0x8000b5a2
core   0: 0x800095a6 (0xa43f2f23) sw      gp, -1442(t5)
core   0: 3 0x800095a6 (0xa43f2f23) mem 0x8000b000 0x00000001
core   0: 0x800095aa (0x0000bfe5) c.j     pc - 8
core   0: 3 0x800095aa (0xbfe5)
core   0: 0x800095a2 (0x00002f17) auipc   t5, 0x2
core   0: 3 0x800095a2 (0x00002f17) x30 0x8000b5a2
core   0: 0x800095a6 (0xa43f2f23) sw      gp, -1442(t5)
core   0: 3 0x800095a6 (0xa43f2f23) mem 0x8000b000 0x00000001
core   0: 0x800095aa (0x0000bfe5) c.j     pc - 8
core   0: 3 0x800095aa (0xbfe5)
core   0: 0x800095a2 (0x00002f17) auipc   t5, 0x2
core   0: 3 0x800095a2 (0x00002f17) x30 0x8000b5a2
core   0: 0x800095a6 (0xa43f2f23) sw      gp, -1442(t5)
core   0: 3 0x800095a6 (0xa43f2f23) mem 0x8000b000 0x00000001
core   0: 0x800095aa (0x0000bfe5) c.j     pc - 8
core   0: 3 0x800095aa (0xbfe5)
core   0: 0x800095a2 (0x00002f17) auipc   t5, 0x2
core   0: 3 0x800095a2 (0x00002f17) x30 0x8000b5a2
core   0: 0x800095a6 (0xa43f2f23) sw      gp, -1442(t5)
core   0: 3 0x800095a6 (0xa43f2f23) mem 0x8000b000 0x00000001
core   0: 0x800095aa (0x0000bfe5) c.j     pc - 8
core   0: 3 0x800095aa (0xbfe5)
core   0: 0x800095a2 (0x00002f17) auipc   t5, 0x2
core   0: 3 0x800095a2 (0x00002f17) x30 0x8000b5a2
core   0: 0x800095a6 (0xa43f2f23) sw      gp, -1442(t5)
core   0: 3 0x800095a6 (0xa43f2f23) mem 0x8000b000 0x00000001
core   0: 0x800095aa (0x0000bfe5) c.j     pc - 8
core   0: 3 0x800095aa (0xbfe5)
core   0: 0x800095a2 (0x00002f17) auipc   t5, 0x2
core   0: 3 0x800095a2 (0x00002f17) x30 0x8000b5a2
core   0: 0x800095a6 (0xa43f2f23) sw      gp, -1442(t5)
core   0: 3 0x800095a6 (0xa43f2f23) mem 0x8000b000 0x00000001
core   0: 0x800095aa (0x0000bfe5) c.j     pc - 8
core   0: 3 0x800095aa (0xbfe5)
core   0: 0x800095a2 (0x00002f17) auipc   t5, 0x2
core   0: 3 0x800095a2 (0x00002f17) x30 0x8000b5a2
core   0: 0x800095a6 (0xa43f2f23) sw      gp, -1442(t5)
core   0: 3 0x800095a6 (0xa43f2f23) mem 0x8000b000 0x00000001
core   0: 0x800095aa (0x0000bfe5) c.j     pc - 8
core   0: 3 0x800095aa (0xbfe5)
core   0: 0x800095a2 (0x00002f17) auipc   t5, 0x2
core   0: 3 0x800095a2 (0x00002f17) x30 0x8000b5a2
core   0: 0x800095a6 (0xa43f2f23) sw      gp, -1442(t5)
core   0: 3 0x800095a6 (0xa43f2f23) mem 0x8000b000 0x00000001
core   0: 0x800095aa (0x0000bfe5) c.j     pc - 8
core   0: 3 0x800095aa (0xbfe5)
core   0: 0x800095a2 (0x00002f17) auipc   t5, 0x2
core   0: 3 0x800095a2 (0x00002f17) x30 0x8000b5a2
core   0: 0x800095a6 (0xa43f2f23) sw      gp, -1442(t5)
core   0: 3 0x800095a6 (0xa43f2f23) mem 0x8000b000 0x00000001
core   0: 0x800095aa (0x0000bfe5) c.j     pc - 8
core   0: 3 0x800095aa (0xbfe5)
core   0: 0x800095a2 (0x00002f17) auipc   t5, 0x2
core   0: 3 0x800095a2 (0x00002f17) x30 0x8000b5a2
core   0: 0x800095a6 (0xa43f2f23) sw      gp, -1442(t5)
core   0: 3 0x800095a6 (0xa43f2f23) mem 0x8000b000 0x00000001
core   0: 0x800095aa (0x0000bfe5) c.j     pc - 8
core   0: 3 0x800095aa (0xbfe5)
core   0: 0x800095a2 (0x00002f17) auipc   t5, 0x2
core   0: 3 0x800095a2 (0x00002f17) x30 0x8000b5a2
core   0: 0x800095a6 (0xa43f2f23) sw      gp, -1442(t5)
core   0: 3 0x800095a6 (0xa43f2f23) mem 0x8000b000 0x00000001
core   0: 0x800095aa (0x0000bfe5) c.j     pc - 8
core   0: 3 0x800095aa (0xbfe5)
core   0: 0x800095a2 (0x00002f17) auipc   t5, 0x2
core   0: 3 0x800095a2 (0x00002f17) x30 0x8000b5a2
core   0: 0x800095a6 (0xa43f2f23) sw      gp, -1442(t5)
core   0: 3 0x800095a6 (0xa43f2f23) mem 0x8000b000 0x00000001
core   0: 0x800095aa (0x0000bfe5) c.j     pc - 8
core   0: 3 0x800095aa (0xbfe5)
core   0: 0x800095a2 (0x00002f17) auipc   t5, 0x2
core   0: 3 0x800095a2 (0x00002f17) x30 0x8000b5a2
core   0: 0x800095a6 (0xa43f2f23) sw      gp, -1442(t5)
core   0: 3 0x800095a6 (0xa43f2f23) mem 0x8000b000 0x00000001
core   0: 0x800095aa (0x0000bfe5) c.j     pc - 8
core   0: 3 0x800095aa (0xbfe5)
core   0: 0x800095a2 (0x00002f17) auipc   t5, 0x2
core   0: 3 0x800095a2 (0x00002f17) x30 0x8000b5a2
core   0: 0x800095a6 (0xa43f2f23) sw      gp, -1442(t5)
core   0: 3 0x800095a6 (0xa43f2f23) mem 0x8000b000 0x00000001
core   0: 0x800095aa (0x0000bfe5) c.j     pc - 8
core   0: 3 0x800095aa (0xbfe5)
core   0: 0x800095a2 (0x00002f17) auipc   t5, 0x2
core   0: 3 0x800095a2 (0x00002f17) x30 0x8000b5a2
core   0: 0x800095a6 (0xa43f2f23) sw      gp, -1442(t5)
core   0: 3 0x800095a6 (0xa43f2f23) mem 0x8000b000 0x00000001
core   0: 0x800095aa (0x0000bfe5) c.j     pc - 8
core   0: 3 0x800095aa (0xbfe5)
core   0: 0x800095a2 (0x00002f17) auipc   t5, 0x2
core   0: 3 0x800095a2 (0x00002f17) x30 0x8000b5a2
core   0: 0x800095a6 (0xa43f2f23) sw      gp, -1442(t5)
core   0: 3 0x800095a6 (0xa43f2f23) mem 0x8000b000 0x00000001
core   0: 0x800095aa (0x0000bfe5) c.j     pc - 8
core   0: 3 0x800095aa (0xbfe5)
core   0: 0x800095a2 (0x00002f17) auipc   t5, 0x2
core   0: 3 0x800095a2 (0x00002f17) x30 0x8000b5a2
core   0: 0x800095a6 (0xa43f2f23) sw      gp, -1442(t5)
core   0: 3 0x800095a6 (0xa43f2f23) mem 0x8000b000 0x00000001
core   0: 0x800095aa (0x0000bfe5) c.j     pc - 8
core   0: 3 0x800095aa (0xbfe5)
core   0: 0x800095a2 (0x00002f17) auipc   t5, 0x2
core   0: 3 0x800095a2 (0x00002f17) x30 0x8000b5a2
core   0: 0x800095a6 (0xa43f2f23) sw      gp, -1442(t5)
core   0: 3 0x800095a6 (0xa43f2f23) mem 0x8000b000 0x00000001
core   0: 0x800095aa (0x0000bfe5) c.j     pc - 8
core   0: 3 0x800095aa (0xbfe5)
core   0: 0x800095a2 (0x00002f17) auipc   t5, 0x2
core   0: 3 0x800095a2 (0x00002f17) x30 0x8000b5a2
core   0: 0x800095a6 (0xa43f2f23) sw      gp, -1442(t5)
core   0: 3 0x800095a6 (0xa43f2f23) mem 0x8000b000 0x00000001
core   0: 0x800095aa (0x0000bfe5) c.j     pc - 8
core   0: 3 0x800095aa (0xbfe5)
core   0: 0x800095a2 (0x00002f17) auipc   t5, 0x2
core   0: 3 0x800095a2 (0x00002f17) x30 0x8000b5a2
core   0: 0x800095a6 (0xa43f2f23) sw      gp, -1442(t5)
core   0: 3 0x800095a6 (0xa43f2f23) mem 0x8000b000 0x00000001
core   0: 0x800095aa (0x0000bfe5) c.j     pc - 8
core   0: 3 0x800095aa (0xbfe5)
core   0: 0x800095a2 (0x00002f17) auipc   t5, 0x2
core   0: 3 0x800095a2 (0x00002f17) x30 0x8000b5a2
core   0: 0x800095a6 (0xa43f2f23) sw      gp, -1442(t5)
core   0: 3 0x800095a6 (0xa43f2f23) mem 0x8000b000 0x00000001
core   0: 0x800095aa (0x0000bfe5) c.j     pc - 8
core   0: 3 0x800095aa (0xbfe5)
core   0: 0x800095a2 (0x00002f17) auipc   t5, 0x2
core   0: 3 0x800095a2 (0x00002f17) x30 0x8000b5a2
core   0: 0x800095a6 (0xa43f2f23) sw      gp, -1442(t5)
core   0: 3 0x800095a6 (0xa43f2f23) mem 0x8000b000 0x00000001
core   0: 0x800095aa (0x0000bfe5) c.j     pc - 8
core   0: 3 0x800095aa (0xbfe5)
core   0: 0x800095a2 (0x00002f17) auipc   t5, 0x2
core   0: 3 0x800095a2 (0x00002f17) x30 0x8000b5a2
core   0: 0x800095a6 (0xa43f2f23) sw      gp, -1442(t5)
core   0: 3 0x800095a6 (0xa43f2f23) mem 0x8000b000 0x00000001
core   0: 0x800095aa (0x0000bfe5) c.j     pc - 8
core   0: 3 0x800095aa (0xbfe5)
core   0: 0x800095a2 (0x00002f17) auipc   t5, 0x2
core   0: 3 0x800095a2 (0x00002f17) x30 0x8000b5a2
core   0: 0x800095a6 (0xa43f2f23) sw      gp, -1442(t5)
core   0: 3 0x800095a6 (0xa43f2f23) mem 0x8000b000 0x00000001
core   0: 0x800095aa (0x0000bfe5) c.j     pc - 8
core   0: 3 0x800095aa (0xbfe5)
core   0: 0x800095a2 (0x00002f17) auipc   t5, 0x2
core   0: 3 0x800095a2 (0x00002f17) x30 0x8000b5a2
core   0: 0x800095a6 (0xa43f2f23) sw      gp, -1442(t5)
core   0: 3 0x800095a6 (0xa43f2f23) mem 0x8000b000 0x00000001
core   0: 0x800095aa (0x0000bfe5) c.j     pc - 8
core   0: 3 0x800095aa (0xbfe5)
core   0: 0x800095a2 (0x00002f17) auipc   t5, 0x2
core   0: 3 0x800095a2 (0x00002f17) x30 0x8000b5a2
core   0: 0x800095a6 (0xa43f2f23) sw      gp, -1442(t5)
core   0: 3 0x800095a6 (0xa43f2f23) mem 0x8000b000 0x00000001
core   0: 0x800095aa (0x0000bfe5) c.j     pc - 8
core   0: 3 0x800095aa (0xbfe5)
core   0: 0x800095a2 (0x00002f17) auipc   t5, 0x2
core   0: 3 0x800095a2 (0x00002f17) x30 0x8000b5a2
core   0: 0x800095a6 (0xa43f2f23) sw      gp, -1442(t5)
core   0: 3 0x800095a6 (0xa43f2f23) mem 0x8000b000 0x00000001
core   0: 0x800095aa (0x0000bfe5) c.j     pc - 8
core   0: 3 0x800095aa (0xbfe5)
core   0: 0x800095a2 (0x00002f17) auipc   t5, 0x2
core   0: 3 0x800095a2 (0x00002f17) x30 0x8000b5a2
core   0: 0x800095a6 (0xa43f2f23) sw      gp, -1442(t5)
core   0: 3 0x800095a6 (0xa43f2f23) mem 0x8000b000 0x00000001
core   0: 0x800095aa (0x0000bfe5) c.j     pc - 8
core   0: 3 0x800095aa (0xbfe5)
core   0: 0x800095a2 (0x00002f17) auipc   t5, 0x2
core   0: 3 0x800095a2 (0x00002f17) x30 0x8000b5a2
core   0: 0x800095a6 (0xa43f2f23) sw      gp, -1442(t5)
core   0: 3 0x800095a6 (0xa43f2f23) mem 0x8000b000 0x00000001
core   0: 0x800095aa (0x0000bfe5) c.j     pc - 8
core   0: 3 0x800095aa (0xbfe5)
core   0: 0x800095a2 (0x00002f17) auipc   t5, 0x2
core   0: 3 0x800095a2 (0x00002f17) x30 0x8000b5a2
core   0: 0x800095a6 (0xa43f2f23) sw      gp, -1442(t5)
core   0: 3 0x800095a6 (0xa43f2f23) mem 0x8000b000 0x00000001
core   0: 0x800095aa (0x0000bfe5) c.j     pc - 8
core   0: 3 0x800095aa (0xbfe5)
core   0: 0x800095a2 (0x00002f17) auipc   t5, 0x2
core   0: 3 0x800095a2 (0x00002f17) x30 0x8000b5a2
core   0: 0x800095a6 (0xa43f2f23) sw      gp, -1442(t5)
core   0: 3 0x800095a6 (0xa43f2f23) mem 0x8000b000 0x00000001
core   0: 0x800095aa (0x0000bfe5) c.j     pc - 8
core   0: 3 0x800095aa (0xbfe5)
core   0: 0x800095a2 (0x00002f17) auipc   t5, 0x2
core   0: 3 0x800095a2 (0x00002f17) x30 0x8000b5a2
core   0: 0x800095a6 (0xa43f2f23) sw      gp, -1442(t5)
core   0: 3 0x800095a6 (0xa43f2f23) mem 0x8000b000 0x00000001
core   0: 0x800095aa (0x0000bfe5) c.j     pc - 8
core   0: 3 0x800095aa (0xbfe5)
core   0: 0x800095a2 (0x00002f17) auipc   t5, 0x2
core   0: 3 0x800095a2 (0x00002f17) x30 0x8000b5a2
core   0: 0x800095a6 (0xa43f2f23) sw      gp, -1442(t5)
core   0: 3 0x800095a6 (0xa43f2f23) mem 0x8000b000 0x00000001
core   0: 0x800095aa (0x0000bfe5) c.j     pc - 8
core   0: 3 0x800095aa (0xbfe5)
core   0: 0x800095a2 (0x00002f17) auipc   t5, 0x2
core   0: 3 0x800095a2 (0x00002f17) x30 0x8000b5a2
core   0: 0x800095a6 (0xa43f2f23) sw      gp, -1442(t5)
core   0: 3 0x800095a6 (0xa43f2f23) mem 0x8000b000 0x00000001
core   0: 0x800095aa (0x0000bfe5) c.j     pc - 8
core   0: 3 0x800095aa (0xbfe5)
core   0: 0x800095a2 (0x00002f17) auipc   t5, 0x2
core   0: 3 0x800095a2 (0x00002f17) x30 0x8000b5a2
core   0: 0x800095a6 (0xa43f2f23) sw      gp, -1442(t5)
core   0: 3 0x800095a6 (0xa43f2f23) mem 0x8000b000 0x00000001
core   0: 0x800095aa (0x0000bfe5) c.j     pc - 8
core   0: 3 0x800095aa (0xbfe5)
core   0: 0x800095a2 (0x00002f17) auipc   t5, 0x2
core   0: 3 0x800095a2 (0x00002f17) x30 0x8000b5a2
core   0: 0x800095a6 (0xa43f2f23) sw      gp, -1442(t5)
core   0: 3 0x800095a6 (0xa43f2f23) mem 0x8000b000 0x00000001
core   0: 0x800095aa (0x0000bfe5) c.j     pc - 8
core   0: 3 0x800095aa (0xbfe5)
core   0: 0x800095a2 (0x00002f17) auipc   t5, 0x2
core   0: 3 0x800095a2 (0x00002f17) x30 0x8000b5a2
core   0: 0x800095a6 (0xa43f2f23) sw      gp, -1442(t5)
core   0: 3 0x800095a6 (0xa43f2f23) mem 0x8000b000 0x00000001
core   0: 0x800095aa (0x0000bfe5) c.j     pc - 8
core   0: 3 0x800095aa (0xbfe5)
core   0: 0x800095a2 (0x00002f17) auipc   t5, 0x2
core   0: 3 0x800095a2 (0x00002f17) x30 0x8000b5a2
core   0: 0x800095a6 (0xa43f2f23) sw      gp, -1442(t5)
core   0: 3 0x800095a6 (0xa43f2f23) mem 0x8000b000 0x00000001
core   0: 0x800095aa (0x0000bfe5) c.j     pc - 8
core   0: 3 0x800095aa (0xbfe5)
core   0: 0x800095a2 (0x00002f17) auipc   t5, 0x2
core   0: 3 0x800095a2 (0x00002f17) x30 0x8000b5a2
core   0: 0x800095a6 (0xa43f2f23) sw      gp, -1442(t5)
core   0: 3 0x800095a6 (0xa43f2f23) mem 0x8000b000 0x00000001
core   0: 0x800095aa (0x0000bfe5) c.j     pc - 8
core   0: 3 0x800095aa (0xbfe5)
core   0: 0x800095a2 (0x00002f17) auipc   t5, 0x2
core   0: 3 0x800095a2 (0x00002f17) x30 0x8000b5a2
core   0: 0x800095a6 (0xa43f2f23) sw      gp, -1442(t5)
core   0: 3 0x800095a6 (0xa43f2f23) mem 0x8000b000 0x00000001
core   0: 0x800095aa (0x0000bfe5) c.j     pc - 8
core   0: 3 0x800095aa (0xbfe5)
core   0: 0x800095a2 (0x00002f17) auipc   t5, 0x2
core   0: 3 0x800095a2 (0x00002f17) x30 0x8000b5a2
core   0: 0x800095a6 (0xa43f2f23) sw      gp, -1442(t5)
core   0: 3 0x800095a6 (0xa43f2f23) mem 0x8000b000 0x00000001
core   0: 0x800095aa (0x0000bfe5) c.j     pc - 8
core   0: 3 0x800095aa (0xbfe5)
core   0: 0x800095a2 (0x00002f17) auipc   t5, 0x2
core   0: 3 0x800095a2 (0x00002f17) x30 0x8000b5a2
core   0: 0x800095a6 (0xa43f2f23) sw      gp, -1442(t5)
core   0: 3 0x800095a6 (0xa43f2f23) mem 0x8000b000 0x00000001
core   0: 0x800095aa (0x0000bfe5) c.j     pc - 8
core   0: 3 0x800095aa (0xbfe5)
core   0: 0x800095a2 (0x00002f17) auipc   t5, 0x2
core   0: 3 0x800095a2 (0x00002f17) x30 0x8000b5a2
core   0: 0x800095a6 (0xa43f2f23) sw      gp, -1442(t5)
core   0: 3 0x800095a6 (0xa43f2f23) mem 0x8000b000 0x00000001
core   0: 0x800095aa (0x0000bfe5) c.j     pc - 8
core   0: 3 0x800095aa (0xbfe5)
core   0: 0x800095a2 (0x00002f17) auipc   t5, 0x2
core   0: 3 0x800095a2 (0x00002f17) x30 0x8000b5a2
core   0: 0x800095a6 (0xa43f2f23) sw      gp, -1442(t5)
core   0: 3 0x800095a6 (0xa43f2f23) mem 0x8000b000 0x00000001
core   0: 0x800095aa (0x0000bfe5) c.j     pc - 8
core   0: 3 0x800095aa (0xbfe5)
core   0: 0x800095a2 (0x00002f17) auipc   t5, 0x2
core   0: 3 0x800095a2 (0x00002f17) x30 0x8000b5a2
core   0: 0x800095a6 (0xa43f2f23) sw      gp, -1442(t5)
core   0: 3 0x800095a6 (0xa43f2f23) mem 0x8000b000 0x00000001
core   0: 0x800095aa (0x0000bfe5) c.j     pc - 8
core   0: 3 0x800095aa (0xbfe5)
core   0: 0x800095a2 (0x00002f17) auipc   t5, 0x2
core   0: 3 0x800095a2 (0x00002f17) x30 0x8000b5a2
core   0: 0x800095a6 (0xa43f2f23) sw      gp, -1442(t5)
core   0: 3 0x800095a6 (0xa43f2f23) mem 0x8000b000 0x00000001
core   0: 0x800095aa (0x0000bfe5) c.j     pc - 8
core   0: 3 0x800095aa (0xbfe5)
core   0: 0x800095a2 (0x00002f17) auipc   t5, 0x2
core   0: 3 0x800095a2 (0x00002f17) x30 0x8000b5a2
core   0: 0x800095a6 (0xa43f2f23) sw      gp, -1442(t5)
core   0: 3 0x800095a6 (0xa43f2f23) mem 0x8000b000 0x00000001
core   0: 0x800095aa (0x0000bfe5) c.j     pc - 8
core   0: 3 0x800095aa (0xbfe5)
core   0: 0x800095a2 (0x00002f17) auipc   t5, 0x2
core   0: 3 0x800095a2 (0x00002f17) x30 0x8000b5a2
core   0: 0x800095a6 (0xa43f2f23) sw      gp, -1442(t5)
core   0: 3 0x800095a6 (0xa43f2f23) mem 0x8000b000 0x00000001
core   0: 0x800095aa (0x0000bfe5) c.j     pc - 8
core   0: 3 0x800095aa (0xbfe5)
core   0: 0x800095a2 (0x00002f17) auipc   t5, 0x2
core   0: 3 0x800095a2 (0x00002f17) x30 0x8000b5a2
core   0: 0x800095a6 (0xa43f2f23) sw      gp, -1442(t5)
core   0: 3 0x800095a6 (0xa43f2f23) mem 0x8000b000 0x00000001
core   0: 0x800095aa (0x0000bfe5) c.j     pc - 8
core   0: 3 0x800095aa (0xbfe5)
core   0: 0x800095a2 (0x00002f17) auipc   t5, 0x2
core   0: 3 0x800095a2 (0x00002f17) x30 0x8000b5a2
core   0: 0x800095a6 (0xa43f2f23) sw      gp, -1442(t5)
core   0: 3 0x800095a6 (0xa43f2f23) mem 0x8000b000 0x00000001
core   0: 0x800095aa (0x0000bfe5) c.j     pc - 8
core   0: 3 0x800095aa (0xbfe5)
core   0: 0x800095a2 (0x00002f17) auipc   t5, 0x2
core   0: 3 0x800095a2 (0x00002f17) x30 0x8000b5a2
core   0: 0x800095a6 (0xa43f2f23) sw      gp, -1442(t5)
core   0: 3 0x800095a6 (0xa43f2f23) mem 0x8000b000 0x00000001
core   0: 0x800095aa (0x0000bfe5) c.j     pc - 8
core   0: 3 0x800095aa (0xbfe5)
core   0: 0x800095a2 (0x00002f17) auipc   t5, 0x2
core   0: 3 0x800095a2 (0x00002f17) x30 0x8000b5a2
core   0: 0x800095a6 (0xa43f2f23) sw      gp, -1442(t5)
core   0: 3 0x800095a6 (0xa43f2f23) mem 0x8000b000 0x00000001
core   0: 0x800095aa (0x0000bfe5) c.j     pc - 8
core   0: 3 0x800095aa (0xbfe5)
core   0: 0x800095a2 (0x00002f17) auipc   t5, 0x2
core   0: 3 0x800095a2 (0x00002f17) x30 0x8000b5a2
core   0: 0x800095a6 (0xa43f2f23) sw      gp, -1442(t5)
core   0: 3 0x800095a6 (0xa43f2f23) mem 0x8000b000 0x00000001
core   0: 0x800095aa (0x0000bfe5) c.j     pc - 8
core   0: 3 0x800095aa (0xbfe5)
core   0: 0x800095a2 (0x00002f17) auipc   t5, 0x2
core   0: 3 0x800095a2 (0x00002f17) x30 0x8000b5a2
core   0: 0x800095a6 (0xa43f2f23) sw      gp, -1442(t5)
core   0: 3 0x800095a6 (0xa43f2f23) mem 0x8000b000 0x00000001
core   0: 0x800095aa (0x0000bfe5) c.j     pc - 8
core   0: 3 0x800095aa (0xbfe5)
core   0: 0x800095a2 (0x00002f17) auipc   t5, 0x2
core   0: 3 0x800095a2 (0x00002f17) x30 0x8000b5a2
core   0: 0x800095a6 (0xa43f2f23) sw      gp, -1442(t5)
core   0: 3 0x800095a6 (0xa43f2f23) mem 0x8000b000 0x00000001
core   0: 0x800095aa (0x0000bfe5) c.j     pc - 8
core   0: 3 0x800095aa (0xbfe5)
core   0: 0x800095a2 (0x00002f17) auipc   t5, 0x2
core   0: 3 0x800095a2 (0x00002f17) x30 0x8000b5a2
core   0: 0x800095a6 (0xa43f2f23) sw      gp, -1442(t5)
core   0: 3 0x800095a6 (0xa43f2f23) mem 0x8000b000 0x00000001
core   0: 0x800095aa (0x0000bfe5) c.j     pc - 8
core   0: 3 0x800095aa (0xbfe5)
core   0: 0x800095a2 (0x00002f17) auipc   t5, 0x2
core   0: 3 0x800095a2 (0x00002f17) x30 0x8000b5a2
core   0: 0x800095a6 (0xa43f2f23) sw      gp, -1442(t5)
core   0: 3 0x800095a6 (0xa43f2f23) mem 0x8000b000 0x00000001
core   0: 0x800095aa (0x0000bfe5) c.j     pc - 8
core   0: 3 0x800095aa (0xbfe5)
core   0: 0x800095a2 (0x00002f17) auipc   t5, 0x2
core   0: 3 0x800095a2 (0x00002f17) x30 0x8000b5a2
core   0: 0x800095a6 (0xa43f2f23) sw      gp, -1442(t5)
core   0: 3 0x800095a6 (0xa43f2f23) mem 0x8000b000 0x00000001
core   0: 0x800095aa (0x0000bfe5) c.j     pc - 8
core   0: 3 0x800095aa (0xbfe5)
core   0: 0x800095a2 (0x00002f17) auipc   t5, 0x2
core   0: 3 0x800095a2 (0x00002f17) x30 0x8000b5a2
core   0: 0x800095a6 (0xa43f2f23) sw      gp, -1442(t5)
core   0: 3 0x800095a6 (0xa43f2f23) mem 0x8000b000 0x00000001
core   0: 0x800095aa (0x0000bfe5) c.j     pc - 8
core   0: 3 0x800095aa (0xbfe5)
core   0: 0x800095a2 (0x00002f17) auipc   t5, 0x2
core   0: 3 0x800095a2 (0x00002f17) x30 0x8000b5a2
core   0: 0x800095a6 (0xa43f2f23) sw      gp, -1442(t5)
core   0: 3 0x800095a6 (0xa43f2f23) mem 0x8000b000 0x00000001
core   0: 0x800095aa (0x0000bfe5) c.j     pc - 8
core   0: 3 0x800095aa (0xbfe5)
core   0: 0x800095a2 (0x00002f17) auipc   t5, 0x2
core   0: 3 0x800095a2 (0x00002f17) x30 0x8000b5a2
core   0: 0x800095a6 (0xa43f2f23) sw      gp, -1442(t5)
core   0: 3 0x800095a6 (0xa43f2f23) mem 0x8000b000 0x00000001
core   0: 0x800095aa (0x0000bfe5) c.j     pc - 8
core   0: 3 0x800095aa (0xbfe5)
core   0: 0x800095a2 (0x00002f17) auipc   t5, 0x2
core   0: 3 0x800095a2 (0x00002f17) x30 0x8000b5a2
core   0: 0x800095a6 (0xa43f2f23) sw      gp, -1442(t5)
core   0: 3 0x800095a6 (0xa43f2f23) mem 0x8000b000 0x00000001
core   0: 0x800095aa (0x0000bfe5) c.j     pc - 8
core   0: 3 0x800095aa (0xbfe5)
core   0: 0x800095a2 (0x00002f17) auipc   t5, 0x2
core   0: 3 0x800095a2 (0x00002f17) x30 0x8000b5a2
core   0: 0x800095a6 (0xa43f2f23) sw      gp, -1442(t5)
core   0: 3 0x800095a6 (0xa43f2f23) mem 0x8000b000 0x00000001
core   0: 0x800095aa (0x0000bfe5) c.j     pc - 8
core   0: 3 0x800095aa (0xbfe5)
core   0: 0x800095a2 (0x00002f17) auipc   t5, 0x2
core   0: 3 0x800095a2 (0x00002f17) x30 0x8000b5a2
core   0: 0x800095a6 (0xa43f2f23) sw      gp, -1442(t5)
core   0: 3 0x800095a6 (0xa43f2f23) mem 0x8000b000 0x00000001
core   0: 0x800095aa (0x0000bfe5) c.j     pc - 8
core   0: 3 0x800095aa (0xbfe5)
core   0: 0x800095a2 (0x00002f17) auipc   t5, 0x2
core   0: 3 0x800095a2 (0x00002f17) x30 0x8000b5a2
core   0: 0x800095a6 (0xa43f2f23) sw      gp, -1442(t5)
core   0: 3 0x800095a6 (0xa43f2f23) mem 0x8000b000 0x00000001
core   0: 0x800095aa (0x0000bfe5) c.j     pc - 8
core   0: 3 0x800095aa (0xbfe5)
core   0: 0x800095a2 (0x00002f17) auipc   t5, 0x2
core   0: 3 0x800095a2 (0x00002f17) x30 0x8000b5a2
core   0: 0x800095a6 (0xa43f2f23) sw      gp, -1442(t5)
core   0: 3 0x800095a6 (0xa43f2f23) mem 0x8000b000 0x00000001
core   0: 0x800095aa (0x0000bfe5) c.j     pc - 8
core   0: 3 0x800095aa (0xbfe5)
core   0: 0x800095a2 (0x00002f17) auipc   t5, 0x2
core   0: 3 0x800095a2 (0x00002f17) x30 0x8000b5a2
core   0: 0x800095a6 (0xa43f2f23) sw      gp, -1442(t5)
core   0: 3 0x800095a6 (0xa43f2f23) mem 0x8000b000 0x00000001
core   0: 0x800095aa (0x0000bfe5) c.j     pc - 8
core   0: 3 0x800095aa (0xbfe5)
core   0: 0x800095a2 (0x00002f17) auipc   t5, 0x2
core   0: 3 0x800095a2 (0x00002f17) x30 0x8000b5a2
core   0: 0x800095a6 (0xa43f2f23) sw      gp, -1442(t5)
core   0: 3 0x800095a6 (0xa43f2f23) mem 0x8000b000 0x00000001
core   0: 0x800095aa (0x0000bfe5) c.j     pc - 8
core   0: 3 0x800095aa (0xbfe5)
core   0: 0x800095a2 (0x00002f17) auipc   t5, 0x2
core   0: 3 0x800095a2 (0x00002f17) x30 0x8000b5a2
core   0: 0x800095a6 (0xa43f2f23) sw      gp, -1442(t5)
core   0: 3 0x800095a6 (0xa43f2f23) mem 0x8000b000 0x00000001
core   0: 0x800095aa (0x0000bfe5) c.j     pc - 8
core   0: 3 0x800095aa (0xbfe5)
core   0: 0x800095a2 (0x00002f17) auipc   t5, 0x2
core   0: 3 0x800095a2 (0x00002f17) x30 0x8000b5a2
core   0: 0x800095a6 (0xa43f2f23) sw      gp, -1442(t5)
core   0: 3 0x800095a6 (0xa43f2f23) mem 0x8000b000 0x00000001
core   0: 0x800095aa (0x0000bfe5) c.j     pc - 8
core   0: 3 0x800095aa (0xbfe5)
core   0: 0x800095a2 (0x00002f17) auipc   t5, 0x2
core   0: 3 0x800095a2 (0x00002f17) x30 0x8000b5a2
core   0: 0x800095a6 (0xa43f2f23) sw      gp, -1442(t5)
core   0: 3 0x800095a6 (0xa43f2f23) mem 0x8000b000 0x00000001
core   0: 0x800095aa (0x0000bfe5) c.j     pc - 8
core   0: 3 0x800095aa (0xbfe5)
core   0: 0x800095a2 (0x00002f17) auipc   t5, 0x2
core   0: 3 0x800095a2 (0x00002f17) x30 0x8000b5a2
core   0: 0x800095a6 (0xa43f2f23) sw      gp, -1442(t5)
core   0: 3 0x800095a6 (0xa43f2f23) mem 0x8000b000 0x00000001
core   0: 0x800095aa (0x0000bfe5) c.j     pc - 8
core   0: 3 0x800095aa (0xbfe5)
core   0: 0x800095a2 (0x00002f17) auipc   t5, 0x2
core   0: 3 0x800095a2 (0x00002f17) x30 0x8000b5a2
core   0: 0x800095a6 (0xa43f2f23) sw      gp, -1442(t5)
core   0: 3 0x800095a6 (0xa43f2f23) mem 0x8000b000 0x00000001
core   0: 0x800095aa (0x0000bfe5) c.j     pc - 8
core   0: 3 0x800095aa (0xbfe5)
core   0: 0x800095a2 (0x00002f17) auipc   t5, 0x2
core   0: 3 0x800095a2 (0x00002f17) x30 0x8000b5a2
core   0: 0x800095a6 (0xa43f2f23) sw      gp, -1442(t5)
core   0: 3 0x800095a6 (0xa43f2f23) mem 0x8000b000 0x00000001
core   0: 0x800095aa (0x0000bfe5) c.j     pc - 8
core   0: 3 0x800095aa (0xbfe5)
core   0: 0x800095a2 (0x00002f17) auipc   t5, 0x2
core   0: 3 0x800095a2 (0x00002f17) x30 0x8000b5a2
core   0: 0x800095a6 (0xa43f2f23) sw      gp, -1442(t5)
core   0: 3 0x800095a6 (0xa43f2f23) mem 0x8000b000 0x00000001
core   0: 0x800095aa (0x0000bfe5) c.j     pc - 8
core   0: 3 0x800095aa (0xbfe5)
core   0: 0x800095a2 (0x00002f17) auipc   t5, 0x2
core   0: 3 0x800095a2 (0x00002f17) x30 0x8000b5a2
core   0: 0x800095a6 (0xa43f2f23) sw      gp, -1442(t5)
core   0: 3 0x800095a6 (0xa43f2f23) mem 0x8000b000 0x00000001
core   0: 0x800095aa (0x0000bfe5) c.j     pc - 8
core   0: 3 0x800095aa (0xbfe5)
core   0: 0x800095a2 (0x00002f17) auipc   t5, 0x2
core   0: 3 0x800095a2 (0x00002f17) x30 0x8000b5a2
core   0: 0x800095a6 (0xa43f2f23) sw      gp, -1442(t5)
core   0: 3 0x800095a6 (0xa43f2f23) mem 0x8000b000 0x00000001
core   0: 0x800095aa (0x0000bfe5) c.j     pc - 8
core   0: 3 0x800095aa (0xbfe5)
core   0: 0x800095a2 (0x00002f17) auipc   t5, 0x2
core   0: 3 0x800095a2 (0x00002f17) x30 0x8000b5a2
core   0: 0x800095a6 (0xa43f2f23) sw      gp, -1442(t5)
core   0: 3 0x800095a6 (0xa43f2f23) mem 0x8000b000 0x00000001
core   0: 0x800095aa (0x0000bfe5) c.j     pc - 8
core   0: 3 0x800095aa (0xbfe5)
core   0: 0x800095a2 (0x00002f17) auipc   t5, 0x2
core   0: 3 0x800095a2 (0x00002f17) x30 0x8000b5a2
core   0: 0x800095a6 (0xa43f2f23) sw      gp, -1442(t5)
core   0: 3 0x800095a6 (0xa43f2f23) mem 0x8000b000 0x00000001
core   0: 0x800095aa (0x0000bfe5) c.j     pc - 8
core   0: 3 0x800095aa (0xbfe5)
core   0: 0x800095a2 (0x00002f17) auipc   t5, 0x2
core   0: 3 0x800095a2 (0x00002f17) x30 0x8000b5a2
core   0: 0x800095a6 (0xa43f2f23) sw      gp, -1442(t5)
core   0: 3 0x800095a6 (0xa43f2f23) mem 0x8000b000 0x00000001
core   0: 0x800095aa (0x0000bfe5) c.j     pc - 8
core   0: 3 0x800095aa (0xbfe5)
core   0: 0x800095a2 (0x00002f17) auipc   t5, 0x2
core   0: 3 0x800095a2 (0x00002f17) x30 0x8000b5a2
core   0: 0x800095a6 (0xa43f2f23) sw      gp, -1442(t5)
core   0: 3 0x800095a6 (0xa43f2f23) mem 0x8000b000 0x00000001
core   0: 0x800095aa (0x0000bfe5) c.j     pc - 8
core   0: 3 0x800095aa (0xbfe5)
core   0: 0x800095a2 (0x00002f17) auipc   t5, 0x2
core   0: 3 0x800095a2 (0x00002f17) x30 0x8000b5a2
core   0: 0x800095a6 (0xa43f2f23) sw      gp, -1442(t5)
core   0: 3 0x800095a6 (0xa43f2f23) mem 0x8000b000 0x00000001
core   0: 0x800095aa (0x0000bfe5) c.j     pc - 8
core   0: 3 0x800095aa (0xbfe5)
core   0: 0x800095a2 (0x00002f17) auipc   t5, 0x2
core   0: 3 0x800095a2 (0x00002f17) x30 0x8000b5a2
core   0: 0x800095a6 (0xa43f2f23) sw      gp, -1442(t5)
core   0: 3 0x800095a6 (0xa43f2f23) mem 0x8000b000 0x00000001
core   0: 0x800095aa (0x0000bfe5) c.j     pc - 8
core   0: 3 0x800095aa (0xbfe5)
core   0: 0x800095a2 (0x00002f17) auipc   t5, 0x2
core   0: 3 0x800095a2 (0x00002f17) x30 0x8000b5a2
core   0: 0x800095a6 (0xa43f2f23) sw      gp, -1442(t5)
core   0: 3 0x800095a6 (0xa43f2f23) mem 0x8000b000 0x00000001
core   0: 0x800095aa (0x0000bfe5) c.j     pc - 8
core   0: 3 0x800095aa (0xbfe5)
core   0: 0x800095a2 (0x00002f17) auipc   t5, 0x2
core   0: 3 0x800095a2 (0x00002f17) x30 0x8000b5a2
core   0: 0x800095a6 (0xa43f2f23) sw      gp, -1442(t5)
core   0: 3 0x800095a6 (0xa43f2f23) mem 0x8000b000 0x00000001
core   0: 0x800095aa (0x0000bfe5) c.j     pc - 8
core   0: 3 0x800095aa (0xbfe5)
core   0: 0x800095a2 (0x00002f17) auipc   t5, 0x2
core   0: 3 0x800095a2 (0x00002f17) x30 0x8000b5a2
core   0: 0x800095a6 (0xa43f2f23) sw      gp, -1442(t5)
core   0: 3 0x800095a6 (0xa43f2f23) mem 0x8000b000 0x00000001
core   0: 0x800095aa (0x0000bfe5) c.j     pc - 8
core   0: 3 0x800095aa (0xbfe5)
core   0: 0x800095a2 (0x00002f17) auipc   t5, 0x2
core   0: 3 0x800095a2 (0x00002f17) x30 0x8000b5a2
core   0: 0x800095a6 (0xa43f2f23) sw      gp, -1442(t5)
core   0: 3 0x800095a6 (0xa43f2f23) mem 0x8000b000 0x00000001
core   0: 0x800095aa (0x0000bfe5) c.j     pc - 8
core   0: 3 0x800095aa (0xbfe5)
core   0: 0x800095a2 (0x00002f17) auipc   t5, 0x2
core   0: 3 0x800095a2 (0x00002f17) x30 0x8000b5a2
core   0: 0x800095a6 (0xa43f2f23) sw      gp, -1442(t5)
core   0: 3 0x800095a6 (0xa43f2f23) mem 0x8000b000 0x00000001
core   0: 0x800095aa (0x0000bfe5) c.j     pc - 8
core   0: 3 0x800095aa (0xbfe5)
core   0: 0x800095a2 (0x00002f17) auipc   t5, 0x2
core   0: 3 0x800095a2 (0x00002f17) x30 0x8000b5a2
core   0: 0x800095a6 (0xa43f2f23) sw      gp, -1442(t5)
core   0: 3 0x800095a6 (0xa43f2f23) mem 0x8000b000 0x00000001
