core   0: 0x00001000 (0x00000297) auipc   t0, 0x0
core   0: 3 0x00001000 (0x00000297) x 5 0x00001000
core   0: 0x00001004 (0x02028593) addi    a1, t0, 32
core   0: 3 0x00001004 (0x02028593) x11 0x00001020
core   0: 0x00001008 (0xf1402573) csrr    a0, mhartid
core   0: 3 0x00001008 (0xf1402573) x10 0x00000000
core   0: 0x0000100c (0x0182a283) lw      t0, 24(t0)
core   0: 3 0x0000100c (0x0182a283) x 5 0x80000000 mem 0x00001018
core   0: 0x00001010 (0x00028067) jr      t0
core   0: 3 0x00001010 (0x00028067)
core   0: 0x80000000 (0xf14022f3) csrr    t0, mhartid
core   0: 3 0x80000000 (0xf14022f3) x 5 0x00000000
core   0: 0x80000004 (0x00004301) c.li    t1, 0
core   0: 3 0x80000004 (0x4301) x 6 0x00000000
core   0: 0x80000006 (0x00628263) beq     t0, t1, pc + 4
core   0: 3 0x80000006 (0x00628263)
core   0: 0x8000000a (0x00000f17) auipc   t5, 0x0
core   0: 3 0x8000000a (0x00000f17) x30 0x8000000a
core   0: 0x8000000e (0x00cf0f13) addi    t5, t5, 12
core   0: 3 0x8000000e (0x00cf0f13) x30 0x80000016
core   0: 0x80000012 (0x000f0067) jr      t5
core   0: 3 0x80000012 (0x000f0067)
core   0: 0x80000016 (0x400012b7) lui     t0, 0x40001
core   0: 3 0x80000016 (0x400012b7) x 5 0x40001000
core   0: 0x8000001a (0x10428293) addi    t0, t0, 260
core   0: 3 0x8000001a (0x10428293) x 5 0x40001104
core   0: 0x8000001e (0x30129073) csrw    misa, t0
core   0: 3 0x8000001e (0x30129073) c769_misa 0x40141104
core   0: 0x80000022 (0x0002d597) auipc   a1, 0x2d
core   0: 3 0x80000022 (0x0002d597) x11 0x8002d022
core   0: 0x80000026 (0xcc258593) addi    a1, a1, -830
core   0: 3 0x80000026 (0xcc258593) x11 0x8002cce4
core   0: 0x8000002a (0x00012297) auipc   t0, 0x12
core   0: 3 0x8000002a (0x00012297) x 5 0x8001202a
core   0: 0x8000002e (0x52e28293) addi    t0, t0, 1326
core   0: 3 0x8000002e (0x52e28293) x 5 0x80012558
core   0: 0x80000032 (0x0002e293) ori     t0, t0, 0
core   0: 3 0x80000032 (0x0002e293) x 5 0x80012558
core   0: 0x80000036 (0x30529073) csrw    mtvec, t0
core   0: 3 0x80000036 (0x30529073) c773_mtvec 0x80012558
core   0: 0x8000003a (0x00000297) auipc   t0, 0x0
core   0: 3 0x8000003a (0x00000297) x 5 0x8000003a
core   0: 0x8000003e (0x02428293) addi    t0, t0, 36
core   0: 3 0x8000003e (0x02428293) x 5 0x8000005e
core   0: 0x80000042 (0x34129073) csrw    mepc, t0
core   0: 3 0x80000042 (0x34129073) c833_mepc 0x8000005e
core   0: 0x80000046 (0x00000001) c.nop
core   0: 3 0x80000046 (0x0001)
core   0: 0x80000048 (0x000022b7) lui     t0, 0x2
core   0: 3 0x80000048 (0x000022b7) x 5 0x00002000
core   0: 0x8000004c (0x80028293) addi    t0, t0, -2048
core   0: 3 0x8000004c (0x80028293) x 5 0x00001800
core   0: 0x80000050 (0x30029073) csrw    mstatus, t0
core   0: 3 0x80000050 (0x30029073) c768_mstatus 0x00001800
core   0: 0x80000054 (0x00004281) c.li    t0, 0
core   0: 3 0x80000054 (0x4281) x 5 0x00000000
core   0: 0x80000056 (0x30429073) csrw    mie, t0
core   0: 3 0x80000056 (0x30429073) c772_mie 0x00000000
core   0: 0x8000005a (0x30200073) mret
core   0: 3 0x8000005a (0x30200073) c768_mstatus 0x00000080
core   0: >>>>  init
core   0: 0x8000005e (0x2e130037) lui     zero, 0x2e130
core   0: 3 0x8000005e (0x2e130037)
core   0: 0x80000062 (0x96c00013) li      zero, -1684
core   0: 3 0x80000062 (0x96c00013)
core   0: 0x80000066 (0x6cd710b7) lui     ra, 0x6cd71
core   0: 3 0x80000066 (0x6cd710b7) x 1 0x6cd71000
core   0: 0x8000006a (0x3e908093) addi    ra, ra, 1001
core   0: 3 0x8000006a (0x3e908093) x 1 0x6cd713e9
core   0: 0x8000006e (0x00004125) c.li    sp, 9
core   0: 3 0x8000006e (0x4125) x 2 0x00000009
core   0: 0x80000070 (0x000041b5) c.li    gp, 13
core   0: 3 0x80000070 (0x41b5) x 3 0x0000000d
core   0: 0x80000072 (0xfedb8237) lui     tp, 0xfedb8
core   0: 3 0x80000072 (0xfedb8237) x 4 0xfedb8000
core   0: 0x80000076 (0xdfd20213) addi    tp, tp, -515
core   0: 3 0x80000076 (0xdfd20213) x 4 0xfedb7dfd
core   0: 0x8000007a (0x800002b7) lui     t0, 0x80000
core   0: 3 0x8000007a (0x800002b7) x 5 0x80000000
core   0: 0x8000007e (0x74c38337) lui     t1, 0x74c38
core   0: 3 0x8000007e (0x74c38337) x 6 0x74c38000
core   0: 0x80000082 (0xff930313) addi    t1, t1, -7
core   0: 3 0x80000082 (0xff930313) x 6 0x74c37ff9
core   0: 0x80000086 (0x000043b1) c.li    t2, 12
core   0: 3 0x80000086 (0x43b1) x 7 0x0000000c
core   0: 0x80000088 (0x80000437) lui     s0, 0x80000
core   0: 3 0x80000088 (0x80000437) x 8 0x80000000
core   0: 0x8000008c (0xdc3544b7) lui     s1, 0xdc354
core   0: 3 0x8000008c (0xdc3544b7) x 9 0xdc354000
core   0: 0x80000090 (0xec848493) addi    s1, s1, -312
core   0: 3 0x80000090 (0xec848493) x 9 0xdc353ec8
core   0: 0x80000094 (0x00004521) c.li    a0, 8
core   0: 3 0x80000094 (0x4521) x10 0x00000008
core   0: 0x80000096 (0x00004605) c.li    a2, 1
core   0: 3 0x80000096 (0x4605) x12 0x00000001
core   0: 0x80000098 (0xfccde6b7) lui     a3, 0xfccde
core   0: 3 0x80000098 (0xfccde6b7) x13 0xfccde000
core   0: 0x8000009c (0xd5968693) addi    a3, a3, -679
core   0: 3 0x8000009c (0xd5968693) x13 0xfccddd59
core   0: 0x800000a0 (0xa6b9a7b7) lui     a5, 0xa6b9a
core   0: 3 0x800000a0 (0xa6b9a7b7) x15 0xa6b9a000
core   0: 0x800000a4 (0x85d78793) addi    a5, a5, -1955
core   0: 3 0x800000a4 (0x85d78793) x15 0xa6b9985d
core   0: 0x800000a8 (0x00004801) c.li    a6, 0
core   0: 3 0x800000a8 (0x4801) x16 0x00000000
core   0: 0x800000aa (0x00004881) c.li    a7, 0
core   0: 3 0x800000aa (0x4881) x17 0x00000000
core   0: 0x800000ac (0x0000490d) c.li    s2, 3
core   0: 3 0x800000ac (0x490d) x18 0x00000003
core   0: 0x800000ae (0x0000498d) c.li    s3, 3
core   0: 3 0x800000ae (0x498d) x19 0x00000003
core   0: 0x800000b0 (0x00004a01) c.li    s4, 0
core   0: 3 0x800000b0 (0x4a01) x20 0x00000000
core   0: 0x800000b2 (0x00004a81) c.li    s5, 0
core   0: 3 0x800000b2 (0x4a81) x21 0x00000000
core   0: 0x800000b4 (0xf06efb37) lui     s6, 0xf06ef
core   0: 3 0x800000b4 (0xf06efb37) x22 0xf06ef000
core   0: 0x800000b8 (0x240b0b13) addi    s6, s6, 576
core   0: 3 0x800000b8 (0x240b0b13) x22 0xf06ef240
core   0: 0x800000bc (0x80000bb7) lui     s7, 0x80000
core   0: 3 0x800000bc (0x80000bb7) x23 0x80000000
core   0: 0x800000c0 (0x00004c29) c.li    s8, 10
core   0: 3 0x800000c0 (0x4c29) x24 0x0000000a
core   0: 0x800000c2 (0x00004c8d) c.li    s9, 3
core   0: 3 0x800000c2 (0x4c8d) x25 0x00000003
core   0: 0x800000c4 (0x4a4a3d37) lui     s10, 0x4a4a3
core   0: 3 0x800000c4 (0x4a4a3d37) x26 0x4a4a3000
core   0: 0x800000c8 (0x1a4d0d13) addi    s10, s10, 420
core   0: 3 0x800000c8 (0x1a4d0d13) x26 0x4a4a31a4
core   0: 0x800000cc (0xf3c51db7) lui     s11, 0xf3c51
core   0: 3 0x800000cc (0xf3c51db7) x27 0xf3c51000
core   0: 0x800000d0 (0xfc7d8d93) addi    s11, s11, -57
core   0: 3 0x800000d0 (0xfc7d8d93) x27 0xf3c50fc7
core   0: 0x800000d4 (0x00004e01) c.li    t3, 0
core   0: 3 0x800000d4 (0x4e01) x28 0x00000000
core   0: 0x800000d6 (0x2b9b6eb7) lui     t4, 0x2b9b6
core   0: 3 0x800000d6 (0x2b9b6eb7) x29 0x2b9b6000
core   0: 0x800000da (0x367e8e93) addi    t4, t4, 871
core   0: 3 0x800000da (0x367e8e93) x29 0x2b9b6367
core   0: 0x800000de (0x80000f37) lui     t5, 0x80000
core   0: 3 0x800000de (0x80000f37) x30 0x80000000
core   0: 0x800000e2 (0x00004f8d) c.li    t6, 3
core   0: 3 0x800000e2 (0x4f8d) x31 0x00000003
core   0: 0x800000e4 (0x00029717) auipc   a4, 0x29
core   0: 3 0x800000e4 (0x00029717) x14 0x800290e4
core   0: 0x800000e8 (0xd8070713) addi    a4, a4, -640
core   0: 3 0x800000e8 (0xd8070713) x14 0x80028e64
core   0: 0x800000ec (0x00013097) auipc   ra, 0x13
core   0: 3 0x800000ec (0x00013097) x 1 0x800130ec
core   0: 0x800000f0 (0x72608093) addi    ra, ra, 1830
core   0: 3 0x800000f0 (0x72608093) x 1 0x80013812
core   0: 0x800000f4 (0xfe60c683) lbu     a3, -26(ra)
core   0: 3 0x800000f4 (0xfe60c683) x13 0x00000000 mem 0x800137f8
core   0: 0x800000f8 (0x02d0c303) lbu     t1, 45(ra)
core   0: 3 0x800000f8 (0x02d0c303) x 6 0x00000000 mem 0x8001383f
core   0: 0x800000fc (0x00508723) sb      t0, 14(ra)
core   0: 3 0x800000fc (0x00508723) mem 0x80013820 0x0
core   0: 0x80000100 (0x0000717d) c.addi16sp sp, -16
core   0: 3 0x80000100 (0x717d) x 2 0xfffffff9
core   0: 0x80000102 (0x00e0c603) lbu     a2, 14(ra)
core   0: 3 0x80000102 (0x00e0c603) x12 0x00000000 mem 0x80013820
core   0: 0x80000106 (0x00e0c303) lbu     t1, 14(ra)
core   0: 3 0x80000106 (0x00e0c303) x 6 0x00000000 mem 0x80013820
core   0: 0x8000010a (0x003557b3) srl     a5, a0, gp
core   0: 3 0x8000010a (0x003557b3) x15 0x00000000
core   0: 0x8000010e (0xfc00d503) lhu     a0, -64(ra)
core   0: 3 0x8000010e (0xfc00d503) x10 0x00000000 mem 0x800137d2
core   0: 0x80000112 (0x0165d113) srli    sp, a1, 22
core   0: 3 0x80000112 (0x0165d113) x 2 0x00000200
core   0: 0x80000116 (0x02f08b83) lb      s7, 47(ra)
core   0: 3 0x80000116 (0x02f08b83) x23 0x00000000 mem 0x80013841
core   0: 0x8000011a (0x03956eb3) rem     t4, a0, s9
core   0: 3 0x8000011a (0x03956eb3) x29 0x00000000
core   0: 0x8000011e (0x03b08003) lb      zero, 59(ra)
core   0: 3 0x8000011e (0x03b08003) mem 0x8001384d
core   0: 0x80000122 (0xfe00cc03) lbu     s8, -32(ra)
core   0: 3 0x80000122 (0xfe00cc03) x24 0x00000000 mem 0x800137f2
core   0: 0x80000126 (0xffc08423) sb      t3, -24(ra)
core   0: 3 0x80000126 (0xffc08423) mem 0x800137fa 0x0
core   0: 0x8000012a (0xfed09423) sh      a3, -24(ra)
core   0: 3 0x8000012a (0xfed09423) mem 0x800137fa 0x0000
core   0: 0x8000012e (0xfe808383) lb      t2, -24(ra)
core   0: 3 0x8000012e (0xfe808383) x 7 0x00000000 mem 0x800137fa
core   0: 0x80000132 (0xfeb09423) sh      a1, -24(ra)
core   0: 3 0x80000132 (0xfeb09423) mem 0x800137fa 0xcce4
core   0: 0x80000136 (0xfe80d203) lhu     tp, -24(ra)
core   0: 3 0x80000136 (0xfe80d203) x 4 0x0000cce4 mem 0x800137fa
core   0: 0x8000013a (0x000083e1) c.srli  a5, 24
core   0: 3 0x8000013a (0x83e1) x15 0x00000000
core   0: 0x8000013c (0x7f633c13) sltiu   s8, t1, 2038
core   0: 3 0x8000013c (0x7f633c13) x24 0x00000001
core   0: 0x80000140 (0xfcb0ca83) lbu     s5, -53(ra)
core   0: 3 0x80000140 (0xfcb0ca83) x21 0x00000000 mem 0x800137dd
core   0: 0x80000144 (0xff50a523) sw      s5, -22(ra)
core   0: 3 0x80000144 (0xff50a523) mem 0x800137fc 0x00000000
core   0: 0x80000148 (0xfea0d303) lhu     t1, -22(ra)
core   0: 3 0x80000148 (0xfea0d303) x 6 0x00000000 mem 0x800137fc
core   0: 0x8000014c (0x00013397) auipc   t2, 0x13
core   0: 3 0x8000014c (0x00013397) x 7 0x8001314c
core   0: 0x80000150 (0xf8338393) addi    t2, t2, -125
core   0: 3 0x80000150 (0xf8338393) x 7 0x800130cf
core   0: 0x80000154 (0x06139ea3) sh      ra, 125(t2)
core   0: 3 0x80000154 (0x06139ea3) mem 0x8001314c 0x3812
core   0: 0x80000158 (0x07d3a503) lw      a0, 125(t2)
core   0: 3 0x80000158 (0x07d3a503) x10 0x00003812 mem 0x8001314c
core   0: 0x8000015c (0x000001e2) c.slli  gp, 24
core   0: 3 0x8000015c (0x01e2) x 3 0x0d000000
core   0: 0x8000015e (0x0a43cb03) lbu     s6, 164(t2)
core   0: 3 0x8000015e (0x0a43cb03) x22 0x00000000 mem 0x80013173
core   0: 0x80000162 (0x0633ca83) lbu     s5, 99(t2)
core   0: 3 0x80000162 (0x0633ca83) x21 0x00000000 mem 0x80013132
core   0: 0x80000166 (0x06d391a3) sh      a3, 99(t2)
core   0: 3 0x80000166 (0x06d391a3) mem 0x80013132 0x0000
core   0: 0x8000016a (0x0953df83) lhu     t6, 149(t2)
core   0: 3 0x8000016a (0x0953df83) x31 0x00000000 mem 0x80013164
core   0: 0x8000016e (0xfa438d23) sb      tp, -70(t2)
core   0: 3 0x8000016e (0xfa438d23) mem 0x80013089 0xe4
core   0: 0x80000172 (0xfb338d23) sb      s3, -70(t2)
core   0: 3 0x80000172 (0xfb338d23) mem 0x80013089 0x3
core   0: 0x80000176 (0x0673d803) lhu     a6, 103(t2)
core   0: 3 0x80000176 (0x0673d803) x16 0x00000000 mem 0x80013136
core   0: 0x8000017a (0x000087a5) c.srai  a5, 9
core   0: 3 0x8000017a (0x87a5) x15 0x00000000
core   0: 0x8000017c (0x02e38423) sb      a4, 40(t2)
core   0: 3 0x8000017c (0x02e38423) mem 0x800130f7 0x64
core   0: 0x80000180 (0x0a438623) sb      tp, 172(t2)
core   0: 3 0x80000180 (0x0a438623) mem 0x8001317b 0xe4
core   0: 0x80000184 (0x00599bb3) sll     s7, s3, t0
core   0: 3 0x80000184 (0x00599bb3) x23 0x00000003
core   0: 0x80000188 (0x05338083) lb      ra, 83(t2)
core   0: 3 0x80000188 (0x05338083) x 1 0x00000000 mem 0x80013122
core   0: 0x8000018c (0x0cb39e03) lh      t3, 203(t2)
core   0: 3 0x8000018c (0x0cb39e03) x28 0x00000000 mem 0x8001319a
core   0: 0x80000190 (0x00006295) c.lui   t0, 0x5
core   0: 3 0x80000190 (0x6295) x 5 0x00005000
core   0: 0x80000192 (0x0e3390a3) sh      gp, 225(t2)
core   0: 3 0x80000192 (0x0e3390a3) mem 0x800131b0 0x0000
core   0: 0x80000196 (0x0e638c03) lb      s8, 230(t2)
core   0: 3 0x80000196 (0x0e638c03) x24 0x00000000 mem 0x800131b5
core   0: 0x8000019a (0x010f7e33) and     t3, t5, a6
core   0: 3 0x8000019a (0x010f7e33) x28 0x00000000
core   0: 0x8000019e (0x0000717d) c.addi16sp sp, -16
core   0: 3 0x8000019e (0x717d) x 2 0x000001f0
core   0: 0x800001a0 (0x0e63c103) lbu     sp, 230(t2)
core   0: 3 0x800001a0 (0x0e63c103) x 2 0x00000000 mem 0x800131b5
core   0: 0x800001a4 (0x0193a603) lw      a2, 25(t2)
core   0: 3 0x800001a4 (0x0193a603) x12 0x00000000 mem 0x800130e8
core   0: 0x800001a8 (0x0001d817) auipc   a6, 0x1d
core   0: 3 0x800001a8 (0x0001d817) x16 0x8001d1a8
core   0: 0x800001ac (0xc2080813) addi    a6, a6, -992
core   0: 3 0x800001ac (0xc2080813) x16 0x8001cdc8
core   0: 0x800001b0 (0x09885c03) lhu     s8, 152(a6)
core   0: 3 0x800001b0 (0x09885c03) x24 0x00000000 mem 0x8001ce60
core   0: 0x800001b4 (0xf8e85883) lhu     a7, -114(a6)
core   0: 3 0x800001b4 (0xf8e85883) x17 0x00000000 mem 0x8001cd56
core   0: 0x800001b8 (0x00014b97) auipc   s7, 0x14
core   0: 3 0x800001b8 (0x00014b97) x23 0x800141b8
core   0: 0x800001bc (0xb68b8b93) addi    s7, s7, -1176
core   0: 3 0x800001bc (0xb68b8b93) x23 0x80013d20
core   0: 0x800001c0 (0x010b8f83) lb      t6, 16(s7)
core   0: 3 0x800001c0 (0x010b8f83) x31 0x00000000 mem 0x80013d30
core   0: 0x800001c4 (0xf6284d03) lbu     s10, -158(a6)
core   0: 3 0x800001c4 (0xf6284d03) x26 0x00000000 mem 0x8001cd2a
core   0: 0x800001c8 (0x025b83a3) sb      t0, 39(s7)
core   0: 3 0x800001c8 (0x025b83a3) mem 0x80013d47 0x0
core   0: 0x800001cc (0x0d480f23) sb      s4, 222(a6)
core   0: 3 0x800001cc (0x0d480f23) mem 0x8001cea6 0x0
core   0: 0x800001d0 (0x020b85a3) sb      zero, 43(s7)
core   0: 3 0x800001d0 (0x020b85a3) mem 0x80013d4b 0x0
core   0: 0x800001d4 (0xfd5ba023) sw      s5, -64(s7)
core   0: 3 0x800001d4 (0xfd5ba023) mem 0x80013ce0 0x00000000
core   0: 0x800001d8 (0x03f80e03) lb      t3, 63(a6)
core   0: 3 0x800001d8 (0x03f80e03) x28 0x00000000 mem 0x8001ce07
core   0: 0x800001dc (0x032bc183) lbu     gp, 50(s7)
core   0: 3 0x800001dc (0x032bc183) x 3 0x00000000 mem 0x80013d52
core   0: 0x800001e0 (0xfc6bd003) lhu     zero, -58(s7)
core   0: 3 0x800001e0 (0xfc6bd003) mem 0x80013ce6
core   0: 0x800001e4 (0x0c884783) lbu     a5, 200(a6)
core   0: 3 0x800001e4 (0x0c884783) x15 0x00000000 mem 0x8001ce90
core   0: 0x800001e8 (0xff4b9983) lh      s3, -12(s7)
core   0: 3 0x800001e8 (0xff4b9983) x19 0x00000000 mem 0x80013d14
core   0: 0x800001ec (0x008baf83) lw      t6, 8(s7)
core   0: 3 0x800001ec (0x008baf83) x31 0x00000000 mem 0x80013d28
core   0: 0x800001f0 (0x0db84503) lbu     a0, 219(a6)
core   0: 3 0x800001f0 (0x0db84503) x10 0x00000000 mem 0x8001cea3
core   0: 0x800001f4 (0x05c85303) lhu     t1, 92(a6)
core   0: 3 0x800001f4 (0x05c85303) x 6 0x00000000 mem 0x8001ce24
core   0: 0x800001f8 (0xf17806a3) sb      s7, -243(a6)
core   0: 3 0x800001f8 (0xf17806a3) mem 0x8001ccd5 0x20
core   0: 0x800001fc (0x00013297) auipc   t0, 0x13
core   0: 3 0x800001fc (0x00013297) x 5 0x800131fc
core   0: 0x80000200 (0xfd128293) addi    t0, t0, -47
core   0: 3 0x80000200 (0xfd128293) x 5 0x800131cd
core   0: 0x80000204 (0x00013b17) auipc   s6, 0x13
core   0: 3 0x80000204 (0x00013b17) x22 0x80013204
core   0: 0x80000208 (0xfc6b0b13) addi    s6, s6, -58
core   0: 3 0x80000208 (0xfc6b0b13) x22 0x800131ca
core   0: 0x8000020c (0x00b2a603) lw      a2, 11(t0)
core   0: 3 0x8000020c (0x00b2a603) x12 0x00000000 mem 0x800131d8
core   0: 0x80000210 (0xf16b09a3) sb      s6, -237(s6)
core   0: 3 0x80000210 (0xf16b09a3) mem 0x800130dd 0xca
core   0: 0x80000214 (0x0d5b1f23) sh      s5, 222(s6)
core   0: 3 0x80000214 (0x0d5b1f23) mem 0x800132a8 0x0000
core   0: 0x80000218 (0x0a32ca83) lbu     s5, 163(t0)
core   0: 3 0x80000218 (0x0a32ca83) x21 0x00000000 mem 0x80013270
core   0: 0x8000021c (0xf37b1523) sh      s7, -214(s6)
core   0: 3 0x8000021c (0xf37b1523) mem 0x800130f4 0x3d20
core   0: 0x80000220 (0x0a9b4d03) lbu     s10, 169(s6)
core   0: 3 0x80000220 (0x0a9b4d03) x26 0x00000000 mem 0x80013273
core   0: 0x80000224 (0xf832cf83) lbu     t6, -125(t0)
core   0: 3 0x80000224 (0xf832cf83) x31 0x00000000 mem 0x80013150
core   0: 0x80000228 (0x00729803) lh      a6, 7(t0)
core   0: 3 0x80000228 (0x00729803) x16 0x00000000 mem 0x800131d4
core   0: 0x8000022c (0xf6a28f83) lb      t6, -150(t0)
core   0: 3 0x8000022c (0xf6a28f83) x31 0x00000000 mem 0x80013137
core   0: 0x80000230 (0x014b0903) lb      s2, 20(s6)
core   0: 3 0x80000230 (0x014b0903) x18 0x00000000 mem 0x800131de
core   0: 0x80000234 (0x00013817) auipc   a6, 0x13
core   0: 3 0x80000234 (0x00013817) x16 0x80013234
core   0: 0x80000238 (0x6ce80813) addi    a6, a6, 1742
core   0: 3 0x80000238 (0x6ce80813) x16 0x80013902
core   0: 0x8000023c (0x703fff93) andi    t6, t6, 1795
core   0: 3 0x8000023c (0x703fff93) x31 0x00000000
core   0: 0x80000240 (0x0000888d) c.andi  s1, 3
core   0: 3 0x80000240 (0x888d) x 9 0x00000000
core   0: 0x80000242 (0x92f36c13) ori     s8, t1, -1745
core   0: 3 0x80000242 (0x92f36c13) x24 0xfffff92f
core   0: 0x80000246 (0x4c28eb93) ori     s7, a7, 1218
core   0: 3 0x80000246 (0x4c28eb93) x23 0x000004c2
core   0: 0x8000024a (0x00984b03) lbu     s6, 9(a6)
core   0: 3 0x8000024a (0x00984b03) x22 0x00000000 mem 0x8001390b
core   0: 0x8000024e (0x4188db93) srai    s7, a7, 24
core   0: 3 0x8000024e (0x4188db93) x23 0x00000000
core   0: 0x80000252 (0xab15fa13) andi    s4, a1, -1359
core   0: 3 0x80000252 (0xab15fa13) x20 0x8002c8a0
core   0: 0x80000256 (0x41a83893) sltiu   a7, a6, 1050
core   0: 3 0x80000256 (0x41a83893) x17 0x00000000
core   0: 0x8000025a (0x019591b3) sll     gp, a1, s9
core   0: 3 0x8000025a (0x019591b3) x 3 0x00166720
core   0: 0x8000025e (0x00cf0e33) add     t3, t5, a2
core   0: 3 0x8000025e (0x00cf0e33) x28 0x80000000
core   0: 0x80000262 (0x037bb1b3) mulhu   gp, s7, s7
core   0: 3 0x80000262 (0x037bb1b3) x 3 0x00000000
core   0: 0x80000266 (0xff180003) lb      zero, -15(a6)
core   0: 3 0x80000266 (0xff180003) mem 0x800138f3
core   0: 0x8000026a (0xfe381c23) sh      gp, -8(a6)
core   0: 3 0x8000026a (0xfe381c23) mem 0x800138fa 0x0000
core   0: 0x8000026e (0x0000147d) c.addi  s0, -1
core   0: 3 0x8000026e (0x147d) x 8 0x7fffffff
core   0: 0x80000270 (0x032b0933) mul     s2, s6, s2
core   0: 3 0x80000270 (0x032b0933) x18 0x00000000
core   0: 0x80000274 (0x00008cf9) c.and   s1, a4
core   0: 3 0x80000274 (0x8cf9) x 9 0x00000000
core   0: 0x80000276 (0x02313ab3) mulhu   s5, sp, gp
core   0: 3 0x80000276 (0x02313ab3) x21 0x00000000
core   0: 0x8000027a (0x0000100f) fence.i
core   0: 3 0x8000027a (0x0000100f)
core   0: 0x8000027e (0xffd80103) lb      sp, -3(a6)
core   0: 3 0x8000027e (0xffd80103) x 2 0x00000000 mem 0x800138ff
core   0: 0x80000282 (0x03933e33) mulhu   t3, t1, s9
core   0: 3 0x80000282 (0x03933e33) x28 0x00000000
core   0: 0x80000286 (0x01081623) sh      a6, 12(a6)
core   0: 3 0x80000286 (0x01081623) mem 0x8001390e 0x3902
core   0: 0x8000028a (0x01680823) sb      s6, 16(a6)
core   0: 3 0x8000028a (0x01680823) mem 0x80013912 0x0
core   0: 0x8000028e (0x03d4a617) auipc   a2, 0x3d4a
core   0: 3 0x8000028e (0x03d4a617) x12 0x83d4a28e
core   0: 0x80000292 (0x00980e83) lb      t4, 9(a6)
core   0: 3 0x80000292 (0x00980e83) x29 0x00000000 mem 0x8001390b
core   0: 0x80000296 (0xff184883) lbu     a7, -15(a6)
core   0: 3 0x80000296 (0xff184883) x17 0x00000000 mem 0x800138f3
core   0: 0x8000029a (0xfff84303) lbu     t1, -1(a6)
core   0: 3 0x8000029a (0xfff84303) x 6 0x00000000 mem 0x80013901
core   0: 0x8000029e (0x00780d03) lb      s10, 7(a6)
core   0: 3 0x8000029e (0x00780d03) x26 0x00000000 mem 0x80013909
core   0: 0x800002a2 (0x00008d1d) c.sub   a0, a5
core   0: 3 0x800002a2 (0x8d1d) x10 0x00000000
core   0: 0x800002a4 (0x00784d83) lbu     s11, 7(a6)
core   0: 3 0x800002a4 (0x00784d83) x27 0x00000000 mem 0x80013909
core   0: 0x800002a8 (0x00000b56) c.slli  s6, 21
core   0: 3 0x800002a8 (0x0b56) x22 0x00000000
core   0: 0x800002aa (0x41a25793) srai    a5, tp, 26
core   0: 3 0x800002aa (0x41a25793) x15 0x00000000
core   0: 0x800002ae (0x0000717d) c.addi16sp sp, -16
core   0: 3 0x800002ae (0x717d) x 2 0xfffffff0
core   0: 0x800002b0 (0x00380d03) lb      s10, 3(a6)
core   0: 3 0x800002b0 (0x00380d03) x26 0x00000000 mem 0x80013905
core   0: 0x800002b4 (0x4009d8b3) sra     a7, s3, zero
core   0: 3 0x800002b4 (0x4009d8b3) x17 0x00000000
core   0: 0x800002b8 (0xff681603) lh      a2, -10(a6)
core   0: 3 0x800002b8 (0xff681603) x12 0x00000000 mem 0x800138f8
core   0: 0x800002bc (0x01370eb3) add     t4, a4, s3
core   0: 3 0x800002bc (0x01370eb3) x29 0x80028e64
core   0: 0x800002c0 (0x00000310) c.addi4spn a2, sp, 384
core   0: 3 0x800002c0 (0x0310) x12 0x00000170
core   0: 0x800002c2 (0xfee81f23) sh      a4, -2(a6)
core   0: 3 0x800002c2 (0xfee81f23) mem 0x80013900 0x8e64
core   0: 0x800002c6 (0x00580c83) lb      s9, 5(a6)
core   0: 3 0x800002c6 (0x00580c83) x25 0x00000000 mem 0x80013907
core   0: 0x800002ca (0x00022997) auipc   s3, 0x22
core   0: 3 0x800002ca (0x00022997) x19 0x800222ca
core   0: 0x800002ce (0x7c898993) addi    s3, s3, 1992
core   0: 3 0x800002ce (0x7c898993) x19 0x80022a92
core   0: 0x800002d2 (0xc1598203) lb      tp, -1003(s3)
core   0: 3 0x800002d2 (0xc1598203) x 4 0x00000000 mem 0x800226a7
core   0: 0x800002d6 (0x32f98c23) sb      a5, 824(s3)
core   0: 3 0x800002d6 (0x32f98c23) mem 0x80022dca 0x0
core   0: 0x800002da (0x1bbda297) auipc   t0, 0x1bbda
core   0: 3 0x800002da (0x1bbda297) x 5 0x9bbda2da
core   0: 0x800002de (0x000017fd) c.addi  a5, -1
core   0: 3 0x800002de (0x17fd) x15 0xffffffff
core   0: 0x800002e0 (0x000098fa) c.add   a7, t5
core   0: 3 0x800002e0 (0x98fa) x17 0x80000000
core   0: 0x800002e2 (0xf1a99003) lh      zero, -230(s3)
core   0: 3 0x800002e2 (0xf1a99003) mem 0x800229ac
core   0: 0x800002e6 (0x58822d13) slti    s10, tp, 1416
core   0: 3 0x800002e6 (0x58822d13) x26 0x00000001
core   0: 0x800002ea (0x2529af23) sw      s2, 606(s3)
core   0: 3 0x800002ea (0x2529af23) mem 0x80022cf0 0x00000000
core   0: 0x800002ee (0x80898823) sb      s0, -2032(s3)
core   0: 3 0x800002ee (0x80898823) mem 0x800222a2 0xff
core   0: 0x800002f2 (0x00006c29) c.lui   s8, 0xa
core   0: 3 0x800002f2 (0x6c29) x24 0x0000a000
core   0: 0x800002f4 (0xd679a323) sw      t2, -666(s3)
core   0: 3 0x800002f4 (0xd679a323) mem 0x800227f8 0x800130cf
core   0: 0x800002f8 (0x00000001) c.nop
core   0: 3 0x800002f8 (0x0001)
core   0: 0x800002fa (0x41c704b3) sub     s1, a4, t3
core   0: 3 0x800002fa (0x41c704b3) x 9 0x80028e64
core   0: 0x800002fe (0x000011fd) c.addi  gp, -1
core   0: 3 0x800002fe (0x11fd) x 3 0xffffffff
core   0: 0x80000300 (0x014a9c93) slli    s9, s5, 20
core   0: 3 0x80000300 (0x014a9c93) x25 0x00000000
core   0: 0x80000304 (0x00000001) c.nop
core   0: 3 0x80000304 (0x0001)
core   0: 0x80000306 (0x4129dd33) sra     s10, s3, s2
core   0: 3 0x80000306 (0x4129dd33) x26 0x80022a92
core   0: 0x8000030a (0x7a79c783) lbu     a5, 1959(s3)
core   0: 3 0x8000030a (0x7a79c783) x15 0x00000000 mem 0x80023239
core   0: 0x8000030e (0x0065b233) sltu    tp, a1, t1
core   0: 3 0x8000030e (0x0065b233) x 4 0x00000000
core   0: 0x80000312 (0x000057fd) c.li    a5, -1
core   0: 3 0x80000312 (0x57fd) x15 0xffffffff
core   0: 0x80000314 (0x44d9c303) lbu     t1, 1101(s3)
core   0: 3 0x80000314 (0x44d9c303) x 6 0x00000000 mem 0x80022edf
core   0: 0x80000318 (0xf6e98223) sb      a4, -156(s3)
core   0: 3 0x80000318 (0xf6e98223) mem 0x800229f6 0x64
core   0: 0x8000031c (0x00000829) c.addi  a6, 10
core   0: 3 0x8000031c (0x0829) x16 0x8001390c
core   0: 0x8000031e (0x0000884a) c.mv    a6, s2
core   0: 3 0x8000031e (0x884a) x16 0x00000000
core   0: 0x80000320 (0x40175313) srai    t1, a4, 1
core   0: 3 0x80000320 (0x40175313) x 6 0xc0014732
core   0: 0x80000324 (0x64d98603) lb      a2, 1613(s3)
core   0: 3 0x80000324 (0x64d98603) x12 0x00000000 mem 0x800230df
core   0: 0x80000328 (0xa229c603) lbu     a2, -1502(s3)
core   0: 3 0x80000328 (0xa229c603) x12 0x00000000 mem 0x800224b4
core   0: 0x8000032c (0xbb3984a3) sb      s3, -1111(s3)
core   0: 3 0x8000032c (0xbb3984a3) mem 0x8002263b 0x92
core   0: 0x80000330 (0x19a99d03) lh      s10, 410(s3)
core   0: 3 0x80000330 (0x19a99d03) x26 0x00000000 mem 0x80022c2c
core   0: 0x80000334 (0x2be98ca3) sb      t5, 697(s3)
core   0: 3 0x80000334 (0x2be98ca3) mem 0x80022d4b 0x0
core   0: 0x80000338 (0x03af0e33) mul     t3, t5, s10
core   0: 3 0x80000338 (0x03af0e33) x28 0x00000000
core   0: 0x8000033c (0x00008611) c.srai  a2, 4
core   0: 3 0x8000033c (0x8611) x12 0x00000000
core   0: 0x8000033e (0x3f499f83) lh      t6, 1012(s3)
core   0: 3 0x8000033e (0x3f499f83) x31 0x00000000 mem 0x80022e86
core   0: 0x80000342 (0x1b699383) lh      t2, 438(s3)
core   0: 3 0x80000342 (0x1b699383) x 7 0x00000000 mem 0x80022c48
core   0: 0x80000346 (0xa78df193) andi    gp, s11, -1416
core   0: 3 0x80000346 (0xa78df193) x 3 0x00000000
core   0: 0x8000034a (0xccb989a3) sb      a1, -813(s3)
core   0: 3 0x8000034a (0xccb989a3) mem 0x80022765 0xe4
core   0: 0x8000034e (0xab498423) sb      s4, -1368(s3)
core   0: 3 0x8000034e (0xab498423) mem 0x8002253a 0xa0
core   0: 0x80000352 (0x99c98b83) lb      s7, -1636(s3)
core   0: 3 0x80000352 (0x99c98b83) x23 0x00000000 mem 0x8002242e
core   0: 0x80000356 (0x0000717d) c.addi16sp sp, -16
core   0: 3 0x80000356 (0x717d) x 2 0xffffffe0
core   0: 0x80000358 (0x0369bdb3) mulhu   s11, s3, s6
core   0: 3 0x80000358 (0x0369bdb3) x27 0x00000000
core   0: 0x8000035c (0xf8299503) lh      a0, -126(s3)
core   0: 3 0x8000035c (0xf8299503) x10 0x00000000 mem 0x80022a14
core   0: 0x80000360 (0x8f2e5b17) auipc   s6, 0x8f2e5
core   0: 3 0x80000360 (0x8f2e5b17) x22 0x0f2e5360
core   0: 0x80000364 (0x0000100f) fence.i
core   0: 3 0x80000364 (0x0000100f)
core   0: 0x80000368 (0x43a9cf83) lbu     t6, 1082(s3)
core   0: 3 0x80000368 (0x43a9cf83) x31 0x00000000 mem 0x80022ecc
core   0: 0x8000036c (0x0ce984a3) sb      a4, 201(s3)
core   0: 3 0x8000036c (0x0ce984a3) mem 0x80022b5b 0x64
core   0: 0x80000370 (0x74b78493) addi    s1, a5, 1867
core   0: 3 0x80000370 (0x74b78493) x 9 0x0000074a
core   0: 0x80000374 (0x0294e3b3) rem     t2, s1, s1
core   0: 3 0x80000374 (0x0294e3b3) x 7 0x00000000
core   0: 0x80000378 (0x0084a333) slt     t1, s1, s0
core   0: 3 0x80000378 (0x0084a333) x 6 0x00000001
core   0: 0x8000037c (0x00000d9c) c.addi4spn a5, sp, 720
core   0: 3 0x8000037c (0x0d9c) x15 0x000002b0
core   0: 0x8000037e (0xeb998f83) lb      t6, -327(s3)
core   0: 3 0x8000037e (0xeb998f83) x31 0x00000000 mem 0x8002294b
core   0: 0x80000382 (0x01244633) xor     a2, s0, s2
core   0: 3 0x80000382 (0x01244633) x12 0x7fffffff
core   0: 0x80000386 (0x0000100f) fence.i
core   0: 3 0x80000386 (0x0000100f)
core   0: 0x8000038a (0x2909c903) lbu     s2, 656(s3)
core   0: 3 0x8000038a (0x2909c903) x18 0x00000000 mem 0x80022d22
core   0: 0x8000038e (0x00013d97) auipc   s11, 0x13
core   0: 3 0x8000038e (0x00013d97) x27 0x8001338e
core   0: 0x80000392 (0x360d8d93) addi    s11, s11, 864
core   0: 3 0x80000392 (0x360d8d93) x27 0x800136ee
core   0: 0x80000396 (0xc0df6113) ori     sp, t5, -1011
core   0: 3 0x80000396 (0xc0df6113) x 2 0xfffffc0d
core   0: 0x8000039a (0xfe2da303) lw      t1, -30(s11)
core   0: 3 0x8000039a (0xfe2da303) x 6 0x00000000 mem 0x800136d0
core   0: 0x8000039e (0x00009832) c.add   a6, a2
core   0: 3 0x8000039e (0x9832) x16 0x7fffffff
core   0: 0x800003a0 (0x00008fa1) c.xor   a5, s0
core   0: 3 0x800003a0 (0x8fa1) x15 0x7ffffd4f
core   0: 0x800003a2 (0x0000127d) c.addi  tp, -1
core   0: 3 0x800003a2 (0x127d) x 4 0xffffffff
core   0: 0x800003a4 (0x015b7b33) and     s6, s6, s5
core   0: 3 0x800003a4 (0x015b7b33) x22 0x00000000
core   0: 0x800003a8 (0x02edc203) lbu     tp, 46(s11)
core   0: 3 0x800003a8 (0x02edc203) x 4 0x00000000 mem 0x8001371c
core   0: 0x800003ac (0x0000100f) fence.i
core   0: 3 0x800003ac (0x0000100f)
core   0: 0x800003b0 (0xfd0dca83) lbu     s5, -48(s11)
core   0: 3 0x800003b0 (0xfd0dca83) x21 0x00000000 mem 0x800136be
core   0: 0x800003b4 (0x00000001) c.nop
core   0: 3 0x800003b4 (0x0001)
core   0: 0x800003b6 (0x01fc96b3) sll     a3, s9, t6
core   0: 3 0x800003b6 (0x01fc96b3) x13 0x00000000
core   0: 0x800003ba (0xfd8dc883) lbu     a7, -40(s11)
core   0: 3 0x800003ba (0xfd8dc883) x17 0x00000000 mem 0x800136c6
core   0: 0x800003be (0xff4d8803) lb      a6, -12(s11)
core   0: 3 0x800003be (0xff4d8803) x16 0x00000000 mem 0x800136e2
core   0: 0x800003c2 (0x00e60233) add     tp, a2, a4
core   0: 3 0x800003c2 (0x00e60233) x 4 0x00028e63
core   0: 0x800003c6 (0x00000001) c.nop
core   0: 3 0x800003c6 (0x0001)
core   0: 0x800003c8 (0x017c9fb3) sll     t6, s9, s7
core   0: 3 0x800003c8 (0x017c9fb3) x31 0x00000000
core   0: 0x800003cc (0x008dde03) lhu     t3, 8(s11)
core   0: 3 0x800003cc (0x008dde03) x28 0x00000000 mem 0x800136f6
core   0: 0x800003d0 (0xff1dc983) lbu     s3, -15(s11)
core   0: 3 0x800003d0 (0xff1dc983) x19 0x00000000 mem 0x800136df
core   0: 0x800003d4 (0x41138c33) sub     s8, t2, a7
core   0: 3 0x800003d4 (0x41138c33) x24 0x00000000
core   0: 0x800003d8 (0xfc6d8883) lb      a7, -58(s11)
core   0: 3 0x800003d8 (0xfc6d8883) x17 0x00000000 mem 0x800136b4
core   0: 0x800003dc (0x000003b6) c.slli  t2, 13
core   0: 3 0x800003dc (0x03b6) x 7 0x00000000
core   0: 0x800003de (0x0000717d) c.addi16sp sp, -16
core   0: 3 0x800003de (0x717d) x 2 0xfffffbfd
core   0: 0x800003e0 (0x032d9503) lh      a0, 50(s11)
core   0: 3 0x800003e0 (0x032d9503) x10 0x00000000 mem 0x80013720
core   0: 0x800003e4 (0x0000987d) c.andi  s0, -1
core   0: 3 0x800003e4 (0x987d) x 8 0x7fffffff
core   0: 0x800003e6 (0x01f92533) slt     a0, s2, t6
core   0: 3 0x800003e6 (0x01f92533) x10 0x00000000
core   0: 0x800003ea (0xeffa0013) addi    zero, s4, -257
core   0: 3 0x800003ea (0xeffa0013)
core   0: 0x800003ee (0x03dd9523) sh      t4, 42(s11)
core   0: 3 0x800003ee (0x03dd9523) mem 0x80013718 0x8e64
core   0: 0x800003f2 (0x026d9723) sh      t1, 46(s11)
core   0: 3 0x800003f2 (0x026d9723) mem 0x8001371c 0x0000
core   0: 0x800003f6 (0xfc7dc183) lbu     gp, -57(s11)
core   0: 3 0x800003f6 (0xfc7dc183) x 3 0x00000000 mem 0x800136b5
core   0: 0x800003fa (0x00bce033) or      zero, s9, a1
core   0: 3 0x800003fa (0x00bce033)
core   0: 0x800003fe (0x02add003) lhu     zero, 42(s11)
core   0: 3 0x800003fe (0x02add003) mem 0x80013718
core   0: 0x80000402 (0x001d8283) lb      t0, 1(s11)
core   0: 3 0x80000402 (0x001d8283) x 5 0x00000000 mem 0x800136ef
core   0: 0x80000406 (0x026dc683) lbu     a3, 38(s11)
core   0: 3 0x80000406 (0x026dc683) x13 0x00000000 mem 0x80013714
core   0: 0x8000040a (0x00008edd) c.or    a3, a5
core   0: 3 0x8000040a (0x8edd) x13 0x7ffffd4f
core   0: 0x8000040c (0x022d81a3) sb      sp, 35(s11)
core   0: 3 0x8000040c (0x022d81a3) mem 0x80013711 0xfd
core   0: 0x80000410 (0x02ed8aa3) sb      a4, 53(s11)
core   0: 3 0x80000410 (0x02ed8aa3) mem 0x80013723 0x64
core   0: 0x80000414 (0x0001a797) auipc   a5, 0x1a
core   0: 3 0x80000414 (0x0001a797) x15 0x8001a414
core   0: 0x80000418 (0xa0978793) addi    a5, a5, -1527
core   0: 3 0x80000418 (0xa0978793) x15 0x80019e1d
core   0: 0x8000041c (0x00008a91) c.andi  a3, 4
core   0: 3 0x8000041c (0x8a91) x13 0x00000004
core   0: 0x8000041e (0x00008cbd) c.xor   s1, a5
core   0: 3 0x8000041e (0x8cbd) x 9 0x80019957
core   0: 0x80000420 (0xfd978a03) lb      s4, -39(a5)
core   0: 3 0x80000420 (0xfd978a03) x20 0x00000000 mem 0x80019df6
core   0: 0x80000424 (0x00009122) c.add   sp, s0
core   0: 3 0x80000424 (0x9122) x 2 0x7ffffbfc
core   0: 0x80000426 (0xfec7c803) lbu     a6, -20(a5)
core   0: 3 0x80000426 (0xfec7c803) x16 0x00000000 mem 0x80019e09
core   0: 0x8000042a (0x00f7d683) lhu     a3, 15(a5)
core   0: 3 0x8000042a (0x00f7d683) x13 0x00000000 mem 0x80019e2c
core   0: 0x8000042e (0xfdb7c603) lbu     a2, -37(a5)
core   0: 3 0x8000042e (0xfdb7c603) x12 0x00000000 mem 0x80019df8
core   0: 0x80000432 (0xab8b3a37) lui     s4, 0xab8b3
core   0: 3 0x80000432 (0xab8b3a37) x20 0xab8b3000
core   0: 0x80000436 (0x01c7cf83) lbu     t6, 28(a5)
core   0: 3 0x80000436 (0x01c7cf83) x31 0x00000000 mem 0x80019e39
core   0: 0x8000043a (0x01e7cf83) lbu     t6, 30(a5)
core   0: 3 0x8000043a (0x01e7cf83) x31 0x00000000 mem 0x80019e3b
core   0: 0x8000043e (0xbde72e13) slti    t3, a4, -1058
core   0: 3 0x8000043e (0xbde72e13) x28 0x00000001
core   0: 0x80000442 (0xf5d60d93) addi    s11, a2, -163
core   0: 3 0x80000442 (0xf5d60d93) x27 0xffffff5d
core   0: 0x80000446 (0x72e83213) sltiu   tp, a6, 1838
core   0: 3 0x80000446 (0x72e83213) x 4 0x00000001
core   0: 0x8000044a (0x0ff0000f) fence   iorw,iorw
core   0: 3 0x8000044a (0x0ff0000f)
core   0: 0x8000044e (0x03b78323) sb      s11, 38(a5)
core   0: 3 0x8000044e (0x03b78323) mem 0x80019e43 0x5d
core   0: 0x80000452 (0x0000021e) c.slli  tp, 7
core   0: 3 0x80000452 (0x021e) x 4 0x00000080
core   0: 0x80000454 (0x02d20833) mul     a6, tp, a3
core   0: 3 0x80000454 (0x02d20833) x16 0x00000000
core   0: 0x80000458 (0x0000100f) fence.i
core   0: 3 0x80000458 (0x0000100f)
core   0: 0x8000045c (0xfff79da3) sh      t6, -5(a5)
core   0: 3 0x8000045c (0xfff79da3) mem 0x80019e18 0x0000
core   0: 0x80000460 (0xfd678da3) sb      s6, -37(a5)
core   0: 3 0x80000460 (0xfd678da3) mem 0x80019df8 0x0
core   0: 0x80000464 (0xfe27c503) lbu     a0, -30(a5)
core   0: 3 0x80000464 (0xfe27c503) x10 0x00000000 mem 0x80019dff
core   0: 0x80000468 (0x0407c883) lbu     a7, 64(a5)
core   0: 3 0x80000468 (0x0407c883) x17 0x00000000 mem 0x80019e5d
core   0: 0x8000046c (0x00008d5d) c.or    a0, a5
core   0: 3 0x8000046c (0x8d5d) x10 0x80019e1d
core   0: 0x8000046e (0x00d584b3) add     s1, a1, a3
core   0: 3 0x8000046e (0x00d584b3) x 9 0x8002cce4
core   0: 0x80000472 (0x0ff0000f) fence   iorw,iorw
core   0: 3 0x80000472 (0x0ff0000f)
core   0: 0x80000476 (0x00008e99) c.sub   a3, a4
core   0: 3 0x80000476 (0x8e99) x13 0x7ffd719c
core   0: 0x80000478 (0xf31d4097) auipc   ra, 0xf31d4
core   0: 3 0x80000478 (0xf31d4097) x 1 0x731d4478
core   0: 0x8000047c (0x0257c303) lbu     t1, 37(a5)
core   0: 3 0x8000047c (0x0257c303) x 6 0x00000000 mem 0x80019e42
core   0: 0x80000480 (0x00e7b3b3) sltu    t2, a5, a4
core   0: 3 0x80000480 (0x00e7b3b3) x 7 0x00000001
core   0: 0x80000484 (0x866bc017) auipc   zero, 0x866bc
core   0: 3 0x80000484 (0x866bc017)
core   0: 0x80000488 (0x00008ee9) c.and   a3, a0
core   0: 3 0x80000488 (0x8ee9) x13 0x0001101c
core   0: 0x8000048a (0x00633133) sltu    sp, t1, t1
core   0: 3 0x8000048a (0x00633133) x 2 0x00000000
core   0: 0x8000048e (0x02042833) mulhsu  a6, s0, zero
core   0: 3 0x8000048e (0x02042833) x16 0x00000000
core   0: 0x80000492 (0x03878fa3) sb      s8, 63(a5)
core   0: 3 0x80000492 (0x03878fa3) mem 0x80019e5c 0x0
core   0: 0x80000496 (0x00013117) auipc   sp, 0x13
core   0: 3 0x80000496 (0x00013117) x 2 0x80013496
core   0: 0x8000049a (0x72110113) addi    sp, sp, 1825
core   0: 3 0x8000049a (0x72110113) x 2 0x80013bb7
core   0: 0x8000049e (0x22810283) lb      t0, 552(sp)
core   0: 3 0x8000049e (0x22810283) x 5 0x00000000 mem 0x80013ddf
core   0: 0x800004a2 (0x2d114283) lbu     t0, 721(sp)
core   0: 3 0x800004a2 (0x2d114283) x 5 0x00000000 mem 0x80013e88
core   0: 0x800004a6 (0x000061a9) c.lui   gp, 0xa
core   0: 3 0x800004a6 (0x61a9) x 3 0x0000a000
core   0: 0x800004a8 (0xa158a513) slti    a0, a7, -1515
core   0: 3 0x800004a8 (0xa158a513) x10 0x00000000
core   0: 0x800004ac (0xa2d10223) sb      a3, -1500(sp)
core   0: 3 0x800004ac (0xa2d10223) mem 0x800135db 0x1c
core   0: 0x800004b0 (0x00d25fb3) srl     t6, tp, a3
core   0: 3 0x800004b0 (0x00d25fb3) x31 0x00000000
core   0: 0x800004b4 (0x00006c9d) c.lui   s9, 0x7
core   0: 3 0x800004b4 (0x6c9d) x25 0x00007000
core   0: 0x800004b6 (0x00008e66) c.mv    t3, s9
core   0: 3 0x800004b6 (0x8e66) x28 0x00007000
core   0: 0x800004b8 (0x9e510b23) sb      t0, -1546(sp)
core   0: 3 0x800004b8 (0x9e510b23) mem 0x800135ad 0x0
core   0: 0x800004bc (0x00000001) c.nop
core   0: 3 0x800004bc (0x0001)
core   0: 0x800004be (0x00008621) c.srai  a2, 8
core   0: 3 0x800004be (0x8621) x12 0x00000000
core   0: 0x800004c0 (0x40511183) lh      gp, 1029(sp)
core   0: 3 0x800004c0 (0x40511183) x 3 0x00000000 mem 0x80013fbc
core   0: 0x800004c4 (0xdc7111a3) sh      t2, -573(sp)
core   0: 3 0x800004c4 (0xdc7111a3) mem 0x8001397a 0x0001
core   0: 0x800004c8 (0xbe663213) sltiu   tp, a2, -1050
core   0: 3 0x800004c8 (0xbe663213) x 4 0x00000001
core   0: 0x800004cc (0x3dc14503) lbu     a0, 988(sp)
core   0: 3 0x800004cc (0x3dc14503) x10 0x00000000 mem 0x80013f93
core   0: 0x800004d0 (0x413ed313) srai    t1, t4, 19
core   0: 3 0x800004d0 (0x413ed313) x 6 0xfffff000
core   0: 0x800004d4 (0x85d10723) sb      t4, -1970(sp)
core   0: 3 0x800004d4 (0x85d10723) mem 0x80013405 0x64
core   0: 0x800004d8 (0x07e10983) lb      s3, 126(sp)
core   0: 3 0x800004d8 (0x07e10983) x19 0x00000000 mem 0x80013c35
core   0: 0x800004dc (0x45610d83) lb      s11, 1110(sp)
core   0: 3 0x800004dc (0x45610d83) x27 0x00000000 mem 0x8001400d
core   0: 0x800004e0 (0xe4910ea3) sb      s1, -419(sp)
core   0: 3 0x800004e0 (0xe4910ea3) mem 0x80013a14 0xe4
core   0: 0x800004e4 (0xfbe10023) sb      t5, -96(sp)
core   0: 3 0x800004e4 (0xfbe10023) mem 0x80013b57 0x0
core   0: 0x800004e8 (0x00009f9e) c.add   t6, t2
core   0: 3 0x800004e8 (0x9f9e) x31 0x00000001
core   0: 0x800004ea (0x8d610f23) sb      s6, -1826(sp)
core   0: 3 0x800004ea (0x8d610f23) mem 0x80013495 0x0
core   0: 0x800004ee (0xcab14003) lbu     zero, -853(sp)
core   0: 3 0x800004ee (0xcab14003) mem 0x80013862
core   0: 0x800004f2 (0x00000001) c.nop
core   0: 3 0x800004f2 (0x0001)
core   0: 0x800004f4 (0x03bc57b3) divu    a5, s8, s11
core   0: 3 0x800004f4 (0x03bc57b3) x15 0xffffffff
core   0: 0x800004f8 (0x0077f2b3) and     t0, a5, t2
core   0: 3 0x800004f8 (0x0077f2b3) x 5 0x00000001
core   0: 0x800004fc (0x89810183) lb      gp, -1896(sp)
core   0: 3 0x800004fc (0x89810183) x 3 0x00000000 mem 0x8001344f
core   0: 0x80000500 (0x15610a83) lb      s5, 342(sp)
core   0: 3 0x80000500 (0x15610a83) x21 0x00000000 mem 0x80013d0d
core   0: 0x80000504 (0x37711b03) lh      s6, 887(sp)
core   0: 3 0x80000504 (0x37711b03) x22 0x00000000 mem 0x80013f2e
core   0: 0x80000508 (0x40110d03) lb      s10, 1025(sp)
core   0: 3 0x80000508 (0x40110d03) x26 0x00000000 mem 0x80013fb8
core   0: 0x8000050c (0x8ac10603) lb      a2, -1876(sp)
core   0: 3 0x8000050c (0x8ac10603) x12 0x00000000 mem 0x80013463
core   0: 0x80000510 (0x93b11f83) lh      t6, -1733(sp)
core   0: 3 0x80000510 (0x93b11f83) x31 0x00000000 mem 0x800134f2
core   0: 0x80000514 (0x033ffe33) remu    t3, t6, s3
core   0: 3 0x80000514 (0x033ffe33) x28 0x00000000
core   0: 0x80000518 (0x00008e41) c.or    a2, s0
core   0: 3 0x80000518 (0x8e41) x12 0x7fffffff
core   0: 0x8000051a (0x00008e1d) c.sub   a2, a5
core   0: 3 0x8000051a (0x8e1d) x12 0x80000000
core   0: 0x8000051c (0x18e10723) sb      a4, 398(sp)
core   0: 3 0x8000051c (0x18e10723) mem 0x80013d45 0x64
core   0: 0x80000520 (0x01b107a3) sb      s11, 15(sp)
core   0: 3 0x80000520 (0x01b107a3) mem 0x80013bc6 0x0
core   0: 0x80000524 (0x3e614883) lbu     a7, 998(sp)
core   0: 3 0x80000524 (0x3e614883) x17 0x00000000 mem 0x80013f9d
core   0: 0x80000528 (0x03f17433) remu    s0, sp, t6
core   0: 3 0x80000528 (0x03f17433) x 8 0x80013bb7
core   0: 0x8000052c (0xd70124a3) sw      a6, -663(sp)
core   0: 3 0x8000052c (0xd70124a3) mem 0x80013920 0x00000000
core   0: 0x80000530 (0xb9410303) lb      t1, -1132(sp)
core   0: 3 0x80000530 (0xb9410303) x 6 0x00000000 mem 0x8001374b
core   0: 0x80000534 (0x00014197) auipc   gp, 0x14
core   0: 3 0x80000534 (0x00014197) x 3 0x80014534
core   0: 0x80000538 (0xa9918193) addi    gp, gp, -1383
core   0: 3 0x80000538 (0xa9918193) x 3 0x80013fcd
core   0: 0x8000053c (0xfa919083) lh      ra, -87(gp)
core   0: 3 0x8000053c (0xfa919083) x 1 0x00000000 mem 0x80013f76
core   0: 0x80000540 (0xfb41ce03) lbu     t3, -76(gp)
core   0: 3 0x80000540 (0xfb41ce03) x28 0x00000000 mem 0x80013f81
core   0: 0x80000544 (0xf3f19d83) lh      s11, -193(gp)
core   0: 3 0x80000544 (0xf3f19d83) x27 0x00000000 mem 0x80013f0c
core   0: 0x80000548 (0x01879213) slli    tp, a5, 24
core   0: 3 0x80000548 (0x01879213) x 4 0xff000000
core   0: 0x8000054c (0x023603b3) mul     t2, a2, gp
core   0: 3 0x8000054c (0x023603b3) x 7 0x80000000
core   0: 0x80000550 (0x00000fc2) c.slli  t6, 16
core   0: 3 0x80000550 (0x0fc2) x31 0x00000000
core   0: 0x80000552 (0x0000100f) fence.i
core   0: 3 0x80000552 (0x0000100f)
core   0: 0x80000556 (0x0441c203) lbu     tp, 68(gp)
core   0: 3 0x80000556 (0x0441c203) x 4 0x00000000 mem 0x80014011
core   0: 0x8000055a (0x01b720b3) slt     ra, a4, s11
core   0: 3 0x8000055a (0x01b720b3) x 1 0x00000001
core   0: 0x8000055e (0x019cd133) srl     sp, s9, s9
core   0: 3 0x8000055e (0x019cd133) x 2 0x00007000
core   0: 0x80000562 (0x03c1c383) lbu     t2, 60(gp)
core   0: 3 0x80000562 (0x03c1c383) x 7 0x00000000 mem 0x80014009
core   0: 0x80000566 (0x00bc93b3) sll     t2, s9, a1
core   0: 3 0x80000566 (0x00bc93b3) x 7 0x00070000
core   0: 0x8000056a (0x0334e7b3) rem     a5, s1, s3
core   0: 3 0x8000056a (0x0334e7b3) x15 0x8002cce4
core   0: 0x8000056e (0x03a3d8b3) divu    a7, t2, s10
core   0: 3 0x8000056e (0x03a3d8b3) x17 0xffffffff
core   0: 0x80000572 (0xf0218d03) lb      s10, -254(gp)
core   0: 3 0x80000572 (0xf0218d03) x26 0x00000000 mem 0x80013ecf
core   0: 0x80000576 (0x04d18a03) lb      s4, 77(gp)
core   0: 3 0x80000576 (0x04d18a03) x20 0x00000000 mem 0x8001401a
core   0: 0x8000057a (0x4111d333) sra     t1, gp, a7
core   0: 3 0x8000057a (0x4111d333) x 6 0xffffffff
core   0: 0x8000057e (0x028698b3) mulh    a7, a3, s0
core   0: 3 0x8000057e (0x028698b3) x17 0xffff77f3
core   0: 0x80000582 (0x0000100f) fence.i
core   0: 3 0x80000582 (0x0000100f)
core   0: 0x80000586 (0xb2d6b493) sltiu   s1, a3, -1235
core   0: 3 0x80000586 (0xb2d6b493) x 9 0x00000001
core   0: 0x8000058a (0x05018723) sb      a6, 78(gp)
core   0: 3 0x8000058a (0x05018723) mem 0x8001401b 0x0
core   0: 0x8000058e (0x02877c33) remu    s8, a4, s0
core   0: 3 0x8000058e (0x02877c33) x24 0x000152ad
core   0: 0x80000592 (0xf5d1d103) lhu     sp, -163(gp)
core   0: 3 0x80000592 (0xf5d1d103) x 2 0x00000000 mem 0x80013f2a
core   0: 0x80000596 (0x0291cc03) lbu     s8, 41(gp)
core   0: 3 0x80000596 (0x0291cc03) x24 0x00000000 mem 0x80013ff6
core   0: 0x8000059a (0x23b50893) addi    a7, a0, 571
core   0: 3 0x8000059a (0x23b50893) x17 0x0000023b
core   0: 0x8000059e (0x0331d2b3) divu    t0, gp, s3
core   0: 3 0x8000059e (0x0331d2b3) x 5 0xffffffff
core   0: 0x800005a2 (0x00008c9d) c.sub   s1, a5
core   0: 3 0x800005a2 (0x8c9d) x 9 0x7ffd331d
core   0: 0x800005a4 (0x0131bfb3) sltu    t6, gp, s3
core   0: 3 0x800005a4 (0x0131bfb3) x31 0x00000000
core   0: 0x800005a8 (0x012b1493) slli    s1, s6, 18
core   0: 3 0x800005a8 (0x012b1493) x 9 0x00000000
core   0: 0x800005ac (0xf4a1c303) lbu     t1, -182(gp)
core   0: 3 0x800005ac (0xf4a1c303) x 6 0x00000000 mem 0x80013f17
core   0: 0x800005b0 (0x00008fa5) c.xor   a5, s1
core   0: 3 0x800005b0 (0x8fa5) x15 0x8002cce4
core   0: 0x800005b2 (0xf3218d23) sb      s2, -198(gp)
core   0: 3 0x800005b2 (0xf3218d23) mem 0x80013f07 0x0
core   0: 0x800005b6 (0x00013897) auipc   a7, 0x13
core   0: 3 0x800005b6 (0x00013897) x17 0x800135b6
core   0: 0x800005ba (0xbe488893) addi    a7, a7, -1052
core   0: 3 0x800005ba (0xbe488893) x17 0x8001319a
core   0: 0x800005be (0x00988a03) lb      s4, 9(a7)
core   0: 3 0x800005be (0x00988a03) x20 0x00000000 mem 0x800131a3
core   0: 0x800005c2 (0x00017c17) auipc   s8, 0x17
core   0: 3 0x800005c2 (0x00017c17) x24 0x800175c2
core   0: 0x800005c6 (0xa43c0c13) addi    s8, s8, -1469
core   0: 3 0x800005c6 (0xa43c0c13) x24 0x80017005
core   0: 0x800005ca (0xffa8d383) lhu     t2, -6(a7)
core   0: 3 0x800005ca (0xffa8d383) x 7 0x00000000 mem 0x80013194
core   0: 0x800005ce (0x031c1d83) lh      s11, 49(s8)
core   0: 3 0x800005ce (0x031c1d83) x27 0x00000000 mem 0x80017036
core   0: 0x800005d2 (0x0108d783) lhu     a5, 16(a7)
core   0: 3 0x800005d2 (0x0108d783) x15 0x00000000 mem 0x800131aa
core   0: 0x800005d6 (0xff088903) lb      s2, -16(a7)
core   0: 3 0x800005d6 (0xff088903) x18 0x00000000 mem 0x8001318a
core   0: 0x800005da (0x00088723) sb      zero, 14(a7)
core   0: 3 0x800005da (0x00088723) mem 0x800131a8 0x0
core   0: 0x800005de (0x01bc0f23) sb      s11, 30(s8)
core   0: 3 0x800005de (0x01bc0f23) mem 0x80017023 0x0
core   0: 0x800005e2 (0x00288323) sb      sp, 6(a7)
core   0: 3 0x800005e2 (0x00288323) mem 0x800131a0 0x0
core   0: 0x800005e6 (0xf5ec0fa3) sb      t5, -161(s8)
core   0: 3 0x800005e6 (0xf5ec0fa3) mem 0x80016f64 0x0
core   0: 0x800005ea (0x00f881a3) sb      a5, 3(a7)
core   0: 3 0x800005ea (0x00f881a3) mem 0x8001319d 0x0
core   0: 0x800005ee (0x0a2c0b23) sb      sp, 182(s8)
core   0: 3 0x800005ee (0x0a2c0b23) mem 0x800170bb 0x0
core   0: 0x800005f2 (0x0108cd03) lbu     s10, 16(a7)
core   0: 3 0x800005f2 (0x0108cd03) x26 0x00000000 mem 0x800131aa
core   0: 0x800005f6 (0xf1ec0ba3) sb      t5, -233(s8)
core   0: 3 0x800005f6 (0xf1ec0ba3) mem 0x80016f1c 0x0
core   0: 0x800005fa (0xff48cb03) lbu     s6, -12(a7)
core   0: 3 0x800005fa (0xff48cb03) x22 0x00000000 mem 0x8001318e
core   0: 0x800005fe (0x00016117) auipc   sp, 0x16
core   0: 3 0x800005fe (0x00016117) x 2 0x800165fe
core   0: 0x80000602 (0x6da10113) addi    sp, sp, 1754
core   0: 3 0x80000602 (0x6da10113) x 2 0x80016cd8
core   0: 0x80000606 (0xfe211b23) sh      sp, -10(sp)
core   0: 3 0x80000606 (0xfe211b23) mem 0x80016cce 0x6cd8
core   0: 0x8000060a (0x003e18b3) sll     a7, t3, gp
core   0: 3 0x8000060a (0x003e18b3) x17 0x00000000
core   0: 0x8000060e (0x00000e2a) c.slli  t3, 10
core   0: 3 0x8000060e (0x0e2a) x28 0x00000000
core   0: 0x80000610 (0x00008e3d) c.xor   a2, a5
core   0: 3 0x80000610 (0x8e3d) x12 0x80000000
core   0: 0x80000612 (0xff611403) lh      s0, -10(sp)
core   0: 3 0x80000612 (0xff611403) x 8 0x00006cd8 mem 0x80016cce
core   0: 0x80000616 (0xff811b23) sh      s8, -10(sp)
core   0: 3 0x80000616 (0xff811b23) mem 0x80016cce 0x7005
core   0: 0x8000061a (0xff610d83) lb      s11, -10(sp)
core   0: 3 0x8000061a (0xff610d83) x27 0x00000005 mem 0x80016cce
core   0: 0x8000061e (0x0000197d) c.addi  s2, -1
core   0: 3 0x8000061e (0x197d) x18 0xffffffff
core   0: 0x80000620 (0xff610c03) lb      s8, -10(sp)
core   0: 3 0x80000620 (0xff610c03) x24 0x00000005 mem 0x80016cce
core   0: 0x80000624 (0xff611183) lh      gp, -10(sp)
core   0: 3 0x80000624 (0xff611183) x 3 0x00007005 mem 0x80016cce
core   0: 0x80000628 (0xfcb10983) lb      s3, -53(sp)
core   0: 3 0x80000628 (0xfcb10983) x19 0x00000000 mem 0x80016ca3
core   0: 0x8000062c (0xfc0105a3) sb      zero, -53(sp)
core   0: 3 0x8000062c (0xfc0105a3) mem 0x80016ca3 0x0
core   0: 0x80000630 (0x00000001) c.nop
core   0: 3 0x80000630 (0x0001)
core   0: 0x80000632 (0xfcb14e03) lbu     t3, -53(sp)
core   0: 3 0x80000632 (0xfcb14e03) x28 0x00000000 mem 0x80016ca3
core   0: 0x80000636 (0x413980b3) sub     ra, s3, s3
core   0: 3 0x80000636 (0x413980b3) x 1 0x00000000
core   0: 0x8000063a (0xfcb14883) lbu     a7, -53(sp)
core   0: 3 0x8000063a (0xfcb14883) x17 0x00000000 mem 0x80016ca3
core   0: 0x8000063e (0xfc214b83) lbu     s7, -62(sp)
core   0: 3 0x8000063e (0xfc214b83) x23 0x00000000 mem 0x80016c9a
core   0: 0x80000642 (0xff510c83) lb      s9, -11(sp)
core   0: 3 0x80000642 (0xff510c83) x25 0x00000000 mem 0x80016ccd
core   0: 0x80000646 (0x007e12b3) sll     t0, t3, t2
core   0: 3 0x80000646 (0x007e12b3) x 5 0x00000000
core   0: 0x8000064a (0xff514a83) lbu     s5, -11(sp)
core   0: 3 0x8000064a (0xff514a83) x21 0x00000000 mem 0x80016ccd
core   0: 0x8000064e (0xff210aa3) sb      s2, -11(sp)
core   0: 3 0x8000064e (0xff210aa3) mem 0x80016ccd 0xff
core   0: 0x80000652 (0x00013917) auipc   s2, 0x13
core   0: 3 0x80000652 (0x00013917) x18 0x80013652
core   0: 0x80000656 (0x75a90913) addi    s2, s2, 1882
core   0: 3 0x80000656 (0x75a90913) x18 0x80013dac
core   0: 0x8000065a (0xae894683) lbu     a3, -1304(s2)
core   0: 3 0x8000065a (0xae894683) x13 0x00000000 mem 0x80013894
core   0: 0x8000065e (0x0242c233) div     tp, t0, tp
core   0: 3 0x8000065e (0x0242c233) x 4 0xffffffff
core   0: 0x80000662 (0xb7490023) sb      s4, -1184(s2)
core   0: 3 0x80000662 (0xb7490023) mem 0x8001390c 0x0
core   0: 0x80000666 (0x00000001) c.nop
core   0: 3 0x80000666 (0x0001)
core   0: 0x80000668 (0x015cfd33) and     s10, s9, s5
core   0: 3 0x80000668 (0x015cfd33) x26 0x00000000
core   0: 0x8000066c (0xb3c03513) sltiu   a0, zero, -1220
core   0: 3 0x8000066c (0xb3c03513) x10 0x00000001
core   0: 0x80000670 (0x0f691323) sh      s6, 230(s2)
core   0: 3 0x80000670 (0x0f691323) mem 0x80013e92 0x0000
core   0: 0x80000674 (0x0be95e03) lhu     t3, 190(s2)
core   0: 3 0x80000674 (0x0be95e03) x28 0x00000000 mem 0x80013e6a
core   0: 0x80000678 (0xbb095d03) lhu     s10, -1104(s2)
core   0: 3 0x80000678 (0xbb095d03) x26 0x00000000 mem 0x8001395c
core   0: 0x8000067c (0x2c813113) sltiu   sp, sp, 712
core   0: 3 0x8000067c (0x2c813113) x 2 0x00000000
core   0: 0x80000680 (0xc8194a03) lbu     s4, -895(s2)
core   0: 3 0x80000680 (0xc8194a03) x20 0x00000000 mem 0x80013a2d
core   0: 0x80000684 (0xe9f90923) sb      t6, -366(s2)
core   0: 3 0x80000684 (0xe9f90923) mem 0x80013c3e 0x0
core   0: 0x80000688 (0xfb394303) lbu     t1, -77(s2)
core   0: 3 0x80000688 (0xfb394303) x 6 0x00000000 mem 0x80013d5f
core   0: 0x8000068c (0x01c457b3) srl     a5, s0, t3
core   0: 3 0x8000068c (0x01c457b3) x15 0x00006cd8
core   0: 0x80000690 (0xb8c90fa3) sb      a2, -1121(s2)
core   0: 3 0x80000690 (0xb8c90fa3) mem 0x8001394b 0x0
core   0: 0x80000694 (0xe2191a23) sh      ra, -460(s2)
core   0: 3 0x80000694 (0xe2191a23) mem 0x80013be0 0x0000
core   0: 0x80000698 (0x01d81113) slli    sp, a6, 29
core   0: 3 0x80000698 (0x01d81113) x 2 0x00000000
core   0: 0x8000069c (0xc18bc893) xori    a7, s7, -1000
core   0: 3 0x8000069c (0xc18bc893) x17 0xfffffc18
core   0: 0x800006a0 (0xc3d94c03) lbu     s8, -963(s2)
core   0: 3 0x800006a0 (0xc3d94c03) x24 0x00000000 mem 0x800139e9
core   0: 0x800006a4 (0x00000001) c.nop
core   0: 3 0x800006a4 (0x0001)
core   0: 0x800006a6 (0x95890e23) sb      s8, -1700(s2)
core   0: 3 0x800006a6 (0x95890e23) mem 0x80013708 0x0
core   0: 0x800006aa (0x80890223) sb      s0, -2044(s2)
core   0: 3 0x800006aa (0x80890223) mem 0x800135b0 0xd8
core   0: 0x800006ae (0x00006b19) c.lui   s6, 0x6
core   0: 3 0x800006ae (0x6b19) x22 0x00006000
core   0: 0x800006b0 (0x00000c99) c.addi  s9, 6
core   0: 3 0x800006b0 (0x0c99) x25 0x00000006
core   0: 0x800006b2 (0x02a14833) div     a6, sp, a0
core   0: 3 0x800006b2 (0x02a14833) x16 0x00000000
core   0: 0x800006b6 (0xc4b90723) sb      a1, -946(s2)
core   0: 3 0x800006b6 (0xc4b90723) mem 0x800139fa 0xe4
core   0: 0x800006ba (0xc0092203) lw      tp, -1024(s2)
core   0: 3 0x800006ba (0xc0092203) x 4 0x00000000 mem 0x800139ac
core   0: 0x800006be (0x0000137d) c.addi  t1, -1
core   0: 3 0x800006be (0x137d) x 6 0xffffffff
core   0: 0x800006c0 (0x26090103) lb      sp, 608(s2)
core   0: 3 0x800006c0 (0x26090103) x 2 0x00000000 mem 0x8001400c
core   0: 0x800006c4 (0xfa490123) sb      tp, -94(s2)
core   0: 3 0x800006c4 (0xfa490123) mem 0x80013d4e 0x0
core   0: 0x800006c8 (0xa5091983) lh      s3, -1456(s2)
core   0: 3 0x800006c8 (0xa5091983) x19 0x00000000 mem 0x800137fc
core   0: 0x800006cc (0x9ed8a193) slti    gp, a7, -1555
core   0: 3 0x800006cc (0x9ed8a193) x 3 0x00000000
core   0: 0x800006d0 (0xccc92c03) lw      s8, -820(s2)
core   0: 3 0x800006d0 (0xccc92c03) x24 0x00000000 mem 0x80013a78
core   0: 0x800006d4 (0xbba90f23) sb      s10, -1090(s2)
core   0: 3 0x800006d4 (0xbba90f23) mem 0x8001396a 0x0
core   0: 0x800006d8 (0xd0390da3) sb      gp, -741(s2)
core   0: 3 0x800006d8 (0xd0390da3) mem 0x80013ac7 0x0
core   0: 0x800006dc (0x00013b97) auipc   s7, 0x13
core   0: 3 0x800006dc (0x00013b97) x23 0x800136dc
core   0: 0x800006e0 (0x357b8b93) addi    s7, s7, 855
core   0: 3 0x800006e0 (0x357b8b93) x23 0x80013a33
core   0: 0x800006e4 (0x007b9203) lh      tp, 7(s7)
core   0: 3 0x800006e4 (0x007b9203) x 4 0x00000000 mem 0x80013a3a
core   0: 0x800006e8 (0xfcfb8983) lb      s3, -49(s7)
core   0: 3 0x800006e8 (0xfcfb8983) x19 0x00000000 mem 0x80013a02
core   0: 0x800006ec (0xfd3b8ca3) sb      s3, -39(s7)
core   0: 3 0x800006ec (0xfd3b8ca3) mem 0x80013a0c 0x0
core   0: 0x800006f0 (0x01bb9e83) lh      t4, 27(s7)
core   0: 3 0x800006f0 (0x01bb9e83) x29 0x00000000 mem 0x80013a4e
core   0: 0x800006f4 (0x00089933) sll     s2, a7, zero
core   0: 3 0x800006f4 (0x00089933) x18 0xfffffc18
core   0: 0x800006f8 (0x034b8f23) sb      s4, 62(s7)
core   0: 3 0x800006f8 (0x034b8f23) mem 0x80013a71 0x0
core   0: 0x800006fc (0x014bcd83) lbu     s11, 20(s7)
core   0: 3 0x800006fc (0x014bcd83) x27 0x00000000 mem 0x80013a47
core   0: 0x80000700 (0x032b8483) lb      s1, 50(s7)
core   0: 3 0x80000700 (0x032b8483) x 9 0x00000000 mem 0x80013a65
core   0: 0x80000704 (0x03fb8923) sb      t6, 50(s7)
core   0: 3 0x80000704 (0x03fb8923) mem 0x80013a65 0x0
core   0: 0x80000708 (0x020b95a3) sh      zero, 43(s7)
core   0: 3 0x80000708 (0x020b95a3) mem 0x80013a5e 0x0000
core   0: 0x8000070c (0x02bb8303) lb      t1, 43(s7)
core   0: 3 0x8000070c (0x02bb8303) x 6 0x00000000 mem 0x80013a5e
core   0: 0x80000710 (0x009b89a3) sb      s1, 19(s7)
core   0: 3 0x80000710 (0x009b89a3) mem 0x80013a46 0x0
core   0: 0x80000714 (0xfedba203) lw      tp, -19(s7)
core   0: 3 0x80000714 (0xfedba203) x 4 0x00000000 mem 0x80013a20
core   0: 0x80000718 (0xff7b9ba3) sh      s7, -9(s7)
core   0: 3 0x80000718 (0xff7b9ba3) mem 0x80013a2a 0x3a33
core   0: 0x8000071c (0x006b8623) sb      t1, 12(s7)
core   0: 3 0x8000071c (0x006b8623) mem 0x80013a3f 0x0
core   0: 0x80000720 (0x00013f97) auipc   t6, 0x13
core   0: 3 0x80000720 (0x00013f97) x31 0x80013720
core   0: 0x80000724 (0x3eaf8f93) addi    t6, t6, 1002
core   0: 3 0x80000724 (0x3eaf8f93) x31 0x80013b0a
core   0: 0x80000728 (0x004f9823) sh      tp, 16(t6)
core   0: 3 0x80000728 (0x004f9823) mem 0x80013b1a 0x0000
core   0: 0x8000072c (0x00000001) c.nop
core   0: 3 0x8000072c (0x0001)
core   0: 0x8000072e (0x010fcd03) lbu     s10, 16(t6)
core   0: 3 0x8000072e (0x010fcd03) x26 0x00000000 mem 0x80013b1a
core   0: 0x80000732 (0x010fdd83) lhu     s11, 16(t6)
core   0: 3 0x80000732 (0x010fdd83) x27 0x00000000 mem 0x80013b1a
core   0: 0x80000736 (0x032f8b03) lb      s6, 50(t6)
core   0: 3 0x80000736 (0x032f8b03) x22 0x00000000 mem 0x80013b3c
core   0: 0x8000073a (0x00365a13) srli    s4, a2, 3
core   0: 3 0x8000073a (0x00365a13) x20 0x10000000
core   0: 0x8000073e (0xfc9f8803) lb      a6, -55(t6)
core   0: 3 0x8000073e (0xfc9f8803) x16 0x00000000 mem 0x80013ad3
core   0: 0x80000742 (0x035f8983) lb      s3, 53(t6)
core   0: 3 0x80000742 (0x035f8983) x19 0x00000000 mem 0x80013b3f
core   0: 0x80000746 (0x00755333) srl     t1, a0, t2
core   0: 3 0x80000746 (0x00755333) x 6 0x00000001
core   0: 0x8000074a (0x026fa883) lw      a7, 38(t6)
core   0: 3 0x8000074a (0x026fa883) x17 0x00000000 mem 0x80013b30
core   0: 0x8000074e (0xff8f8ea3) sb      s8, -3(t6)
core   0: 3 0x8000074e (0xff8f8ea3) mem 0x80013b07 0x0
core   0: 0x80000752 (0xfcef8283) lb      t0, -50(t6)
core   0: 3 0x80000752 (0xfcef8283) x 5 0x00000000 mem 0x80013ad8
core   0: 0x80000756 (0x008fc203) lbu     tp, 8(t6)
core   0: 3 0x80000756 (0x008fc203) x 4 0x00000000 mem 0x80013b12
core   0: 0x8000075a (0xfe6f8e03) lb      t3, -26(t6)
core   0: 3 0x8000075a (0xfe6f8e03) x28 0x00000000 mem 0x80013af0
core   0: 0x8000075e (0xfe6fa183) lw      gp, -26(t6)
core   0: 3 0x8000075e (0xfe6fa183) x 3 0x00000000 mem 0x80013af0
core   0: 0x80000762 (0xfcef80a3) sb      a4, -63(t6)
core   0: 3 0x80000762 (0xfcef80a3) mem 0x80013acb 0x64
core   0: 0x80000766 (0x033f8503) lb      a0, 51(t6)
core   0: 3 0x80000766 (0x033f8503) x10 0x00000000 mem 0x80013b3d
core   0: 0x8000076a (0x00021997) auipc   s3, 0x21
core   0: 3 0x8000076a (0x00021997) x19 0x8002176a
core   0: 0x8000076e (0xbfd98993) addi    s3, s3, -1027
core   0: 3 0x8000076e (0xbfd98993) x19 0x80021367
core   0: 0x80000772 (0x00013517) auipc   a0, 0x13
core   0: 3 0x80000772 (0x00013517) x10 0x80013772
core   0: 0x80000776 (0x9e950513) addi    a0, a0, -1559
core   0: 3 0x80000776 (0x9e950513) x10 0x8001315b
core   0: 0x8000077a (0x002992a3) sh      sp, 5(s3)
core   0: 3 0x8000077a (0x002992a3) mem 0x8002136c 0x0000
core   0: 0x8000077e (0xff755f83) lhu     t6, -9(a0)
core   0: 3 0x8000077e (0xff755f83) x31 0x00000000 mem 0x80013152
core   0: 0x80000782 (0xff09cf83) lbu     t6, -16(s3)
core   0: 3 0x80000782 (0xff09cf83) x31 0x00000000 mem 0x80021357
core   0: 0x80000786 (0x07399883) lh      a7, 115(s3)
core   0: 3 0x80000786 (0x07399883) x17 0x00000000 mem 0x800213da
core   0: 0x8000078a (0xfdc510a3) sh      t3, -63(a0)
core   0: 3 0x8000078a (0xfdc510a3) mem 0x8001311c 0x0000
core   0: 0x8000078e (0x07a9ca03) lbu     s4, 122(s3)
core   0: 3 0x8000078e (0x07a9ca03) x20 0x00000000 mem 0x800213e1
core   0: 0x80000792 (0x07f99ba3) sh      t6, 119(s3)
core   0: 3 0x80000792 (0x07f99ba3) mem 0x800213de 0x0000
core   0: 0x80000796 (0x01b51803) lh      a6, 27(a0)
core   0: 3 0x80000796 (0x01b51803) x16 0x00000000 mem 0x80013176
core   0: 0x8000079a (0x05498b23) sb      s4, 86(s3)
core   0: 3 0x8000079a (0x05498b23) mem 0x800213bd 0x0
core   0: 0x8000079e (0x0339c483) lbu     s1, 51(s3)
core   0: 3 0x8000079e (0x0339c483) x 9 0x00000000 mem 0x8002139a
core   0: 0x800007a2 (0x0bc98403) lb      s0, 188(s3)
core   0: 3 0x800007a2 (0x0bc98403) x 8 0x00000000 mem 0x80021423
core   0: 0x800007a6 (0xffc50f83) lb      t6, -4(a0)
core   0: 3 0x800007a6 (0xffc50f83) x31 0x00000000 mem 0x80013157
core   0: 0x800007aa (0x02150883) lb      a7, 33(a0)
core   0: 3 0x800007aa (0x02150883) x17 0x00000000 mem 0x8001317c
core   0: 0x800007ae (0x00013d97) auipc   s11, 0x13
core   0: 3 0x800007ae (0x00013d97) x27 0x800137ae
core   0: 0x800007b2 (0x9ded8d93) addi    s11, s11, -1570
core   0: 3 0x800007b2 (0x9ded8d93) x27 0x8001318c
core   0: 0x800007b6 (0x007da023) sw      t2, 0(s11)
core   0: 3 0x800007b6 (0x007da023) mem 0x8001318c 0x00000000
core   0: 0x800007ba (0x000da983) lw      s3, 0(s11)
core   0: 3 0x800007ba (0x000da983) x19 0x00000000 mem 0x8001318c
core   0: 0x800007be (0x00dd8003) lb      zero, 13(s11)
core   0: 3 0x800007be (0x00dd8003) mem 0x80013199
core   0: 0x800007c2 (0xff6d8ca3) sb      s6, -7(s11)
core   0: 3 0x800007c2 (0xff6d8ca3) mem 0x80013185 0x0
core   0: 0x800007c6 (0xff9dcb03) lbu     s6, -7(s11)
core   0: 3 0x800007c6 (0xff9dcb03) x22 0x00000000 mem 0x80013185
core   0: 0x800007ca (0xfe2d8ca3) sb      sp, -7(s11)
core   0: 3 0x800007ca (0xfe2d8ca3) mem 0x80013185 0x0
core   0: 0x800007ce (0x03bf02b3) mul     t0, t5, s11
core   0: 3 0x800007ce (0x03bf02b3) x 5 0x00000000
core   0: 0x800007d2 (0xfe7d9c23) sh      t2, -8(s11)
core   0: 3 0x800007d2 (0xfe7d9c23) mem 0x80013184 0x0000
core   0: 0x800007d6 (0x00bd8023) sb      a1, 0(s11)
core   0: 3 0x800007d6 (0x00bd8023) mem 0x8001318c 0xe4
core   0: 0x800007da (0xff9d9823) sh      s9, -16(s11)
core   0: 3 0x800007da (0xff9d9823) mem 0x8001317c 0x0006
core   0: 0x800007de (0xff3dcd03) lbu     s10, -13(s11)
core   0: 3 0x800007de (0xff3dcd03) x26 0x00000000 mem 0x8001317f
core   0: 0x800007e2 (0x0347a533) mulhsu  a0, a5, s4
core   0: 3 0x800007e2 (0x0347a533) x10 0x00000000
core   0: 0x800007e6 (0x00fd8423) sb      a5, 8(s11)
core   0: 3 0x800007e6 (0x00fd8423) mem 0x80013194 0xd8
core   0: 0x800007ea (0x00008095) c.srli  s1, 5
core   0: 3 0x800007ea (0x8095) x 9 0x00000000
core   0: 0x800007ec (0x019d9323) sh      s9, 6(s11)
core   0: 3 0x800007ec (0x019d9323) mem 0x80013192 0x0006
core   0: 0x800007f0 (0xff8dc483) lbu     s1, -8(s11)
core   0: 3 0x800007f0 (0xff8dc483) x 9 0x00000000 mem 0x80013184
core   0: 0x800007f4 (0x09082513) slti    a0, a6, 144
core   0: 3 0x800007f4 (0x09082513) x10 0x00000001
core   0: 0x800007f8 (0x03192333) mulhsu  t1, s2, a7
core   0: 3 0x800007f8 (0x03192333) x 6 0x00000000
core   0: 0x800007fc (0xfffd8503) lb      a0, -1(s11)
core   0: 3 0x800007fc (0xfffd8503) x10 0x00000000 mem 0x8001318b
core   0: 0x80000800 (0xfe6d89a3) sb      t1, -13(s11)
core   0: 3 0x80000800 (0xfe6d89a3) mem 0x8001317f 0x0
core   0: 0x80000804 (0x0001c697) auipc   a3, 0x1c
core   0: 3 0x80000804 (0x0001c697) x13 0x8001c804
core   0: 0x80000808 (0x93568693) addi    a3, a3, -1739
core   0: 3 0x80000808 (0x93568693) x13 0x8001c139
core   0: 0x8000080c (0x03268423) sb      s2, 40(a3)
core   0: 3 0x8000080c (0x03268423) mem 0x8001c161 0x18
core   0: 0x80000810 (0x00001904) c.addi4spn s1, sp, 176
core   0: 3 0x80000810 (0x1904) x 9 0x000000b0
core   0: 0x80000812 (0x00f69a83) lh      s5, 15(a3)
core   0: 3 0x80000812 (0x00f69a83) x21 0x00000000 mem 0x8001c148
core   0: 0x80000816 (0xfcd683a3) sb      a3, -57(a3)
core   0: 3 0x80000816 (0xfcd683a3) mem 0x8001c100 0x39
core   0: 0x8000081a (0xff56dc03) lhu     s8, -11(a3)
core   0: 3 0x8000081a (0xff56dc03) x24 0x00000000 mem 0x8001c12e
core   0: 0x8000081e (0xff86ce83) lbu     t4, -8(a3)
core   0: 3 0x8000081e (0xff86ce83) x29 0x00000000 mem 0x8001c131
core   0: 0x80000822 (0x65203d13) sltiu   s10, zero, 1618
core   0: 3 0x80000822 (0x65203d13) x26 0x00000001
core   0: 0x80000826 (0x415c5113) srai    sp, s8, 21
core   0: 3 0x80000826 (0x415c5113) x 2 0x00000000
core   0: 0x8000082a (0xfe76ca83) lbu     s5, -25(a3)
core   0: 3 0x8000082a (0xfe76ca83) x21 0x00000000 mem 0x8001c120
core   0: 0x8000082e (0xfe6973b7) lui     t2, 0xfe697
core   0: 3 0x8000082e (0xfe6973b7) x 7 0xfe697000
core   0: 0x80000832 (0xdfd83117) auipc   sp, 0xdfd83
core   0: 3 0x80000832 (0xdfd83117) x 2 0x5fd83832
core   0: 0x80000836 (0x017d0fb3) add     t6, s10, s7
core   0: 3 0x80000836 (0x017d0fb3) x31 0x80013a34
core   0: 0x8000083a (0xfc968ba3) sb      s1, -41(a3)
core   0: 3 0x8000083a (0xfc968ba3) mem 0x8001c110 0xb0
core   0: 0x8000083e (0x0136a503) lw      a0, 19(a3)
core   0: 3 0x8000083e (0x0136a503) x10 0x00000000 mem 0x8001c14c
core   0: 0x80000842 (0xfdd69e03) lh      t3, -35(a3)
core   0: 3 0x80000842 (0xfdd69e03) x28 0x00000000 mem 0x8001c116
core   0: 0x80000846 (0x0000187d) c.addi  a6, -1
core   0: 3 0x80000846 (0x187d) x16 0xffffffff
core   0: 0x80000848 (0x00008b95) c.andi  a5, 5
core   0: 3 0x80000848 (0x8b95) x15 0x00000000
core   0: 0x8000084a (0x00006531) c.lui   a0, 0xc
core   0: 3 0x8000084a (0x6531) x10 0x0000c000
core   0: 0x8000084c (0xfd16d883) lhu     a7, -47(a3)
core   0: 3 0x8000084c (0xfd16d883) x17 0x00000000 mem 0x8001c10a
core   0: 0x80000850 (0x41ca09b3) sub     s3, s4, t3
core   0: 3 0x80000850 (0x41ca09b3) x19 0x00000000
core   0: 0x80000854 (0xfc368183) lb      gp, -61(a3)
core   0: 3 0x80000854 (0xfc368183) x 3 0x00000000 mem 0x8001c0fc
core   0: 0x80000858 (0x02068d23) sb      zero, 58(a3)
core   0: 3 0x80000858 (0x02068d23) mem 0x8001c173 0x0
core   0: 0x8000085c (0x2b037193) andi    gp, t1, 688
core   0: 3 0x8000085c (0x2b037193) x 3 0x00000000
core   0: 0x80000860 (0xfe6688a3) sb      t1, -15(a3)
core   0: 3 0x80000860 (0xfe6688a3) mem 0x8001c12a 0x0
core   0: 0x80000864 (0x03468a03) lb      s4, 52(a3)
core   0: 3 0x80000864 (0x03468a03) x20 0x00000000 mem 0x8001c16d
core   0: 0x80000868 (0x03b6cd03) lbu     s10, 59(a3)
core   0: 3 0x80000868 (0x03b6cd03) x26 0x00000000 mem 0x8001c174
core   0: 0x8000086c (0x00fdf8b3) and     a7, s11, a5
core   0: 3 0x8000086c (0x00fdf8b3) x17 0x00000000
core   0: 0x80000870 (0xfc468403) lb      s0, -60(a3)
core   0: 3 0x80000870 (0xfc468403) x 8 0x00000000 mem 0x8001c0fd
core   0: 0x80000874 (0x02f6c883) lbu     a7, 47(a3)
core   0: 3 0x80000874 (0x02f6c883) x17 0x00000000 mem 0x8001c168
core   0: 0x80000878 (0x40eadc13) srai    s8, s5, 14
core   0: 3 0x80000878 (0x40eadc13) x24 0x00000000
core   0: 0x8000087c (0x01c68223) sb      t3, 4(a3)
core   0: 3 0x8000087c (0x01c68223) mem 0x8001c13d 0x0
core   0: 0x80000880 (0x00001808) c.addi4spn a0, sp, 48
core   0: 3 0x80000880 (0x1808) x10 0x5fd83862
core   0: 0x80000882 (0x00004529) c.li    a0, 10
core   0: 3 0x80000882 (0x4529) x10 0x0000000a
core   0: 0x80000884 (0x02ad4033) div     zero, s10, a0
core   0: 3 0x80000884 (0x02ad4033)
core   0: 0x80000888 (0x02e68523) sb      a4, 42(a3)
core   0: 3 0x80000888 (0x02e68523) mem 0x8001c163 0x64
core   0: 0x8000088c (0x00b687a3) sb      a1, 15(a3)
core   0: 3 0x8000088c (0x00b687a3) mem 0x8001c148 0xe4
core   0: 0x80000890 (0xfc16c003) lbu     zero, -63(a3)
core   0: 3 0x80000890 (0xfc16c003) mem 0x8001c0fa
core   0: 0x80000894 (0x0206c783) lbu     a5, 32(a3)
core   0: 3 0x80000894 (0x0206c783) x15 0x00000000 mem 0x8001c159
core   0: 0x80000898 (0xfd668c83) lb      s9, -42(a3)
core   0: 3 0x80000898 (0xfd668c83) x25 0x00000000 mem 0x8001c10f
core   0: 0x8000089c (0xeadfc913) xori    s2, t6, -339
core   0: 3 0x8000089c (0xeadfc913) x18 0x7ffec499
core   0: 0x800008a0 (0x004b31b3) sltu    gp, s6, tp
core   0: 3 0x800008a0 (0x004b31b3) x 3 0x00000000
core   0: 0x800008a4 (0x02268283) lb      t0, 34(a3)
core   0: 3 0x800008a4 (0x02268283) x 5 0x00000000 mem 0x8001c15b
core   0: 0x800008a8 (0x4cd92793) slti    a5, s2, 1229
core   0: 3 0x800008a8 (0x4cd92793) x15 0x00000000
core   0: 0x800008ac (0xffb696a3) sh      s11, -19(a3)
core   0: 3 0x800008ac (0xffb696a3) mem 0x8001c126 0x318c
core   0: 0x800008b0 (0x00013117) auipc   sp, 0x13
core   0: 3 0x800008b0 (0x00013117) x 2 0x800138b0
core   0: 0x800008b4 (0x72610113) addi    sp, sp, 1830
core   0: 3 0x800008b4 (0x72610113) x 2 0x80013fd6
core   0: 0x800008b8 (0x0120e2b3) or      t0, ra, s2
core   0: 3 0x800008b8 (0x0120e2b3) x 5 0x7ffec499
core   0: 0x800008bc (0x00f14c03) lbu     s8, 15(sp)
core   0: 3 0x800008bc (0x00f14c03) x24 0x00000000 mem 0x80013fe5
core   0: 0x800008c0 (0x40b30b33) sub     s6, t1, a1
core   0: 3 0x800008c0 (0x40b30b33) x22 0x7ffd331c
core   0: 0x800008c4 (0x40c40333) sub     t1, s0, a2
core   0: 3 0x800008c4 (0x40c40333) x 6 0x80000000
core   0: 0x800008c8 (0xff311e23) sh      s3, -4(sp)
core   0: 3 0x800008c8 (0xff311e23) mem 0x80013fd2 0x0000
core   0: 0x800008cc (0x2404af93) slti    t6, s1, 576
core   0: 3 0x800008cc (0x2404af93) x31 0x00000001
core   0: 0x800008d0 (0x0235d533) divu    a0, a1, gp
core   0: 3 0x800008d0 (0x0235d533) x10 0xffffffff
core   0: 0x800008d4 (0xff514c83) lbu     s9, -11(sp)
core   0: 3 0x800008d4 (0xff514c83) x25 0x00000000 mem 0x80013fcb
core   0: 0x800008d8 (0x00f11323) sh      a5, 6(sp)
core   0: 3 0x800008d8 (0x00f11323) mem 0x80013fdc 0x0000
core   0: 0x800008dc (0x02f0c633) div     a2, ra, a5
core   0: 3 0x800008dc (0x02f0c633) x12 0xffffffff
core   0: 0x800008e0 (0xfe710ca3) sb      t2, -7(sp)
core   0: 3 0x800008e0 (0xfe710ca3) mem 0x80013fcf 0x0
core   0: 0x800008e4 (0xff514b83) lbu     s7, -11(sp)
core   0: 3 0x800008e4 (0xff514b83) x23 0x00000000 mem 0x80013fcb
core   0: 0x800008e8 (0x4a468313) addi    t1, a3, 1188
core   0: 3 0x800008e8 (0x4a468313) x 6 0x8001c5dd
core   0: 0x800008ec (0x84c54313) xori    t1, a0, -1972
core   0: 3 0x800008ec (0x84c54313) x 6 0x000007b3
core   0: 0x800008f0 (0xfec10ca3) sb      a2, -7(sp)
core   0: 3 0x800008f0 (0xfec10ca3) mem 0x80013fcf 0xff
core   0: 0x800008f4 (0x00814d83) lbu     s11, 8(sp)
core   0: 3 0x800008f4 (0x00814d83) x27 0x00000000 mem 0x80013fde
core   0: 0x800008f8 (0xfe610ea3) sb      t1, -3(sp)
core   0: 3 0x800008f8 (0xfe610ea3) mem 0x80013fd3 0xb3
core   0: 0x800008fc (0x0233a0b3) mulhsu  ra, t2, gp
core   0: 3 0x800008fc (0x0233a0b3) x 1 0x00000000
core   0: 0x80000900 (0x000064f1) c.lui   s1, 0x1c
core   0: 3 0x80000900 (0x64f1) x 9 0x0001c000
core   0: 0x80000902 (0x01befa33) and     s4, t4, s11
core   0: 3 0x80000902 (0x01befa33) x20 0x00000000
core   0: 0x80000906 (0x0385f8b3) remu    a7, a1, s8
core   0: 3 0x80000906 (0x0385f8b3) x17 0x8002cce4
core   0: 0x8000090a (0xfee10ba3) sb      a4, -9(sp)
core   0: 3 0x8000090a (0xfee10ba3) mem 0x80013fcd 0x64
core   0: 0x8000090e (0x0072d913) srli    s2, t0, 7
core   0: 3 0x8000090e (0x0072d913) x18 0x00fffd89
core   0: 0x80000912 (0x00314f83) lbu     t6, 3(sp)
core   0: 3 0x80000912 (0x00314f83) x31 0x00000000 mem 0x80013fd9
core   0: 0x80000916 (0x00811203) lh      tp, 8(sp)
core   0: 3 0x80000916 (0x00811203) x 4 0x00000000 mem 0x80013fde
core   0: 0x8000091a (0xffb14003) lbu     zero, -5(sp)
core   0: 3 0x8000091a (0xffb14003) mem 0x80013fd1
core   0: 0x8000091e (0x00013a97) auipc   s5, 0x13
core   0: 3 0x8000091e (0x00013a97) x21 0x8001391e
core   0: 0x80000922 (0x6f7a8a93) addi    s5, s5, 1783
core   0: 3 0x80000922 (0x6f7a8a93) x21 0x80014015
core   0: 0x80000926 (0x00000001) c.nop
core   0: 3 0x80000926 (0x0001)
core   0: 0x80000928 (0xffaac183) lbu     gp, -6(s5)
core   0: 3 0x80000928 (0xffaac183) x 3 0x00000000 mem 0x8001400f
core   0: 0x8000092c (0xfe6a8d23) sb      t1, -6(s5)
core   0: 3 0x8000092c (0xfe6a8d23) mem 0x8001400f 0xb3
core   0: 0x80000930 (0xffaac803) lbu     a6, -6(s5)
core   0: 3 0x80000930 (0xffaac803) x16 0x000000b3 mem 0x8001400f
core   0: 0x80000934 (0x40eed933) sra     s2, t4, a4
core   0: 3 0x80000934 (0x40eed933) x18 0x00000000
core   0: 0x80000938 (0xff2a8d23) sb      s2, -6(s5)
core   0: 3 0x80000938 (0xff2a8d23) mem 0x8001400f 0x0
core   0: 0x8000093c (0xffaac783) lbu     a5, -6(s5)
core   0: 3 0x8000093c (0xffaac783) x15 0x00000000 mem 0x8001400f
core   0: 0x80000940 (0xfe3a8d23) sb      gp, -6(s5)
core   0: 3 0x80000940 (0xfe3a8d23) mem 0x8001400f 0x0
core   0: 0x80000944 (0xfeda8d23) sb      a3, -6(s5)
core   0: 3 0x80000944 (0xfeda8d23) mem 0x8001400f 0x39
core   0: 0x80000948 (0x03137e33) remu    t3, t1, a7
core   0: 3 0x80000948 (0x03137e33) x28 0x000007b3
core   0: 0x8000094c (0x00006511) c.lui   a0, 0x4
core   0: 3 0x8000094c (0x6511) x10 0x00004000
core   0: 0x8000094e (0xffaa8683) lb      a3, -6(s5)
core   0: 3 0x8000094e (0xffaa8683) x13 0x00000039 mem 0x8001400f
core   0: 0x80000952 (0xffaa8e03) lb      t3, -6(s5)
core   0: 3 0x80000952 (0xffaa8e03) x28 0x00000039 mem 0x8001400f
core   0: 0x80000956 (0xffaac383) lbu     t2, -6(s5)
core   0: 3 0x80000956 (0xffaac383) x 7 0x00000039 mem 0x8001400f
core   0: 0x8000095a (0x40e78bb3) sub     s7, a5, a4
core   0: 3 0x8000095a (0x40e78bb3) x23 0x7ffd719c
core   0: 0x8000095e (0xfe2a8d23) sb      sp, -6(s5)
core   0: 3 0x8000095e (0xfe2a8d23) mem 0x8001400f 0xd6
core   0: 0x80000962 (0xffaacd83) lbu     s11, -6(s5)
core   0: 3 0x80000962 (0xffaacd83) x27 0x000000d6 mem 0x8001400f
core   0: 0x80000966 (0xfe7a8d23) sb      t2, -6(s5)
core   0: 3 0x80000966 (0xfe7a8d23) mem 0x8001400f 0x39
core   0: 0x8000096a (0xffaa8203) lb      tp, -6(s5)
core   0: 3 0x8000096a (0xffaa8203) x 4 0x00000039 mem 0x8001400f
core   0: 0x8000096e (0xffaacd83) lbu     s11, -6(s5)
core   0: 3 0x8000096e (0xffaacd83) x27 0x00000039 mem 0x8001400f
core   0: 0x80000972 (0xfe2a8d23) sb      sp, -6(s5)
core   0: 3 0x80000972 (0xfe2a8d23) mem 0x8001400f 0xd6
core   0: 0x80000976 (0xf2428313) addi    t1, t0, -220
core   0: 3 0x80000976 (0xf2428313) x 6 0x7ffec3bd
core   0: 0x8000097a (0xfeaa8d23) sb      a0, -6(s5)
core   0: 3 0x8000097a (0xfeaa8d23) mem 0x8001400f 0x0
core   0: 0x8000097e (0xffaacf83) lbu     t6, -6(s5)
core   0: 3 0x8000097e (0xffaacf83) x31 0x00000000 mem 0x8001400f
core   0: 0x80000982 (0x00013417) auipc   s0, 0x13
core   0: 3 0x80000982 (0x00013417) x 8 0x80013982
core   0: 0x80000986 (0x4fa40413) addi    s0, s0, 1274
core   0: 3 0x80000986 (0x4fa40413) x 8 0x80013e7c
core   0: 0x8000098a (0x00a99c13) slli    s8, s3, 10
core   0: 3 0x8000098a (0x00a99c13) x24 0x00000000
core   0: 0x8000098e (0x00001604) c.addi4spn s1, sp, 800
core   0: 3 0x8000098e (0x1604) x 9 0x800142f6
core   0: 0x80000990 (0x00008c85) c.sub   s1, s1
core   0: 3 0x80000990 (0x8c85) x 9 0x00000000
core   0: 0x80000992 (0x4b38c513) xori    a0, a7, 1203
core   0: 3 0x80000992 (0x4b38c513) x10 0x8002c857
core   0: 0x80000996 (0xffa44103) lbu     sp, -6(s0)
core   0: 3 0x80000996 (0xffa44103) x 2 0x00000000 mem 0x80013e76
core   0: 0x8000099a (0x01844783) lbu     a5, 24(s0)
core   0: 3 0x8000099a (0x01844783) x15 0x00000000 mem 0x80013e94
core   0: 0x8000099e (0xfd140283) lb      t0, -47(s0)
core   0: 3 0x8000099e (0xfd140283) x 5 0x00000000 mem 0x80013e4d
core   0: 0x800009a2 (0xffc45783) lhu     a5, -4(s0)
core   0: 3 0x800009a2 (0xffc45783) x15 0x00000000 mem 0x80013e78
core   0: 0x800009a6 (0x0000517d) c.li    sp, -1
core   0: 3 0x800009a6 (0x517d) x 2 0xffffffff
core   0: 0x800009a8 (0x7debb693) sltiu   a3, s7, 2014
core   0: 3 0x800009a8 (0x7debb693) x13 0x00000000
core   0: 0x800009ac (0x972a6513) ori     a0, s4, -1678
core   0: 3 0x800009ac (0x972a6513) x10 0xfffff972
core   0: 0x800009b0 (0x00240323) sb      sp, 6(s0)
core   0: 3 0x800009b0 (0x00240323) mem 0x80013e82 0xff
core   0: 0x800009b4 (0x410b8633) sub     a2, s7, a6
core   0: 3 0x800009b4 (0x410b8633) x12 0x7ffd70e9
core   0: 0x800009b8 (0x004a1fb3) sll     t6, s4, tp
core   0: 3 0x800009b8 (0x004a1fb3) x31 0x00000000
core   0: 0x800009bc (0x019a1113) slli    sp, s4, 25
core   0: 3 0x800009bc (0x019a1113) x 2 0x00000000
core   0: 0x800009c0 (0x02544603) lbu     a2, 37(s0)
core   0: 3 0x800009c0 (0x02544603) x12 0x00000000 mem 0x80013ea1
core   0: 0x800009c4 (0x00005450) c.lw    a2, 44(s0)
core   0: 3 0x800009c4 (0x5450) x12 0x00000000 mem 0x80013ea8
core   0: 0x800009c6 (0x40fa8ab3) sub     s5, s5, a5
core   0: 3 0x800009c6 (0x40fa8ab3) x21 0x80014015
core   0: 0x800009ca (0x038403a3) sb      s8, 39(s0)
core   0: 3 0x800009ca (0x038403a3) mem 0x80013ea3 0x0
core   0: 0x800009ce (0x0314d8b3) divu    a7, s1, a7
core   0: 3 0x800009ce (0x0314d8b3) x17 0x00000000
core   0: 0x800009d2 (0x00d82633) slt     a2, a6, a3
core   0: 3 0x800009d2 (0x00d82633) x12 0x00000000
core   0: 0x800009d6 (0x022553b3) divu    t2, a0, sp
core   0: 3 0x800009d6 (0x022553b3) x 7 0xffffffff
core   0: 0x800009da (0x00006125) c.addi16sp sp, 96
core   0: 3 0x800009da (0x6125) x 2 0x00000060
core   0: 0x800009dc (0xfc440b83) lb      s7, -60(s0)
core   0: 3 0x800009dc (0xfc440b83) x23 0x00000000 mem 0x80013e40
core   0: 0x800009e0 (0x00fdbd33) sltu    s10, s11, a5
core   0: 3 0x800009e0 (0x00fdbd33) x26 0x00000000
core   0: 0x800009e4 (0xfe940fa3) sb      s1, -1(s0)
core   0: 3 0x800009e4 (0xfe940fa3) mem 0x80013e7b 0x0
core   0: 0x800009e8 (0xdc79f393) andi    t2, s3, -569
core   0: 3 0x800009e8 (0xdc79f393) x 7 0x00000000
core   0: 0x800009ec (0xc5bc7893) andi    a7, s8, -933
core   0: 3 0x800009ec (0xc5bc7893) x17 0x00000000
core   0: 0x800009f0 (0x01b40983) lb      s3, 27(s0)
core   0: 3 0x800009f0 (0x01b40983) x19 0x00000000 mem 0x80013e97
core   0: 0x800009f4 (0xfd641d83) lh      s11, -42(s0)
core   0: 3 0x800009f4 (0xfd641d83) x27 0x00000000 mem 0x80013e52
core   0: 0x800009f8 (0x01e26fb3) or      t6, tp, t5
core   0: 3 0x800009f8 (0x01e26fb3) x31 0x80000039
core   0: 0x800009fc (0xfdf41623) sh      t6, -52(s0)
core   0: 3 0x800009fc (0xfdf41623) mem 0x80013e48 0x0039
core   0: 0x80000a00 (0x02945533) divu    a0, s0, s1
core   0: 3 0x80000a00 (0x02945533) x10 0xffffffff
core   0: 0x80000a04 (0x0000717d) c.addi16sp sp, -16
core   0: 3 0x80000a04 (0x717d) x 2 0x00000050
core   0: 0x80000a06 (0x0170adb3) slt     s11, ra, s7
core   0: 3 0x80000a06 (0x0170adb3) x27 0x00000000
core   0: 0x80000a0a (0x00cdf8b3) and     a7, s11, a2
core   0: 3 0x80000a0a (0x00cdf8b3) x17 0x00000000
core   0: 0x80000a0e (0x03f40333) mul     t1, s0, t6
core   0: 3 0x80000a0e (0x03f40333) x 6 0x8046e99c
core   0: 0x80000a12 (0xfdf40503) lb      a0, -33(s0)
core   0: 3 0x80000a12 (0xfdf40503) x10 0x00000000 mem 0x80013e5b
core   0: 0x80000a16 (0x0000100f) fence.i
core   0: 3 0x80000a16 (0x0000100f)
core   0: 0x80000a1a (0x00008175) c.srli  a0, 29
core   0: 3 0x80000a1a (0x8175) x10 0x00000000
core   0: 0x80000a1c (0x01645e83) lhu     t4, 22(s0)
core   0: 3 0x80000a1c (0x01645e83) x29 0x00000000 mem 0x80013e92
core   0: 0x80000a20 (0x00013d17) auipc   s10, 0x13
core   0: 3 0x80000a20 (0x00013d17) x26 0x80013a20
core   0: 0x80000a24 (0xf5fd0d13) addi    s10, s10, -161
core   0: 3 0x80000a24 (0xf5fd0d13) x26 0x8001397f
core   0: 0x80000a28 (0x071d0d83) lb      s11, 113(s10)
core   0: 3 0x80000a28 (0x071d0d83) x27 0x00000000 mem 0x800139f0
core   0: 0x80000a2c (0x00008ad1) c.andi  a3, 20
core   0: 3 0x80000a2c (0x8ad1) x13 0x00000000
core   0: 0x80000a2e (0x0b1d1683) lh      a3, 177(s10)
core   0: 3 0x80000a2e (0x0b1d1683) x13 0x00000000 mem 0x80013a30
core   0: 0x80000a32 (0x0d9d0ea3) sb      s9, 221(s10)
core   0: 3 0x80000a32 (0x0d9d0ea3) mem 0x80013a5c 0x0
core   0: 0x80000a36 (0x0ddd2b03) lw      s6, 221(s10)
core   0: 3 0x80000a36 (0x0ddd2b03) x22 0x00000000 mem 0x80013a5c
core   0: 0x80000a3a (0x00000001) c.nop
core   0: 3 0x80000a3a (0x0001)
core   0: 0x80000a3c (0x0ddd4283) lbu     t0, 221(s10)
core   0: 3 0x80000a3c (0x0ddd4283) x 5 0x00000000 mem 0x80013a5c
core   0: 0x80000a40 (0x01ea1f93) slli    t6, s4, 30
core   0: 3 0x80000a40 (0x01ea1f93) x31 0x00000000
core   0: 0x80000a44 (0x0ddd2603) lw      a2, 221(s10)
core   0: 3 0x80000a44 (0x0ddd2603) x12 0x00000000 mem 0x80013a5c
core   0: 0x80000a48 (0xf3bd1d83) lh      s11, -197(s10)
core   0: 3 0x80000a48 (0xf3bd1d83) x27 0x00000000 mem 0x800138ba
core   0: 0x80000a4c (0xf80d4283) lbu     t0, -128(s10)
core   0: 3 0x80000a4c (0xf80d4283) x 5 0x00000000 mem 0x800138ff
core   0: 0x80000a50 (0xf5bd5c83) lhu     s9, -165(s10)
core   0: 3 0x80000a50 (0xf5bd5c83) x25 0x00000000 mem 0x800138da
core   0: 0x80000a54 (0x090d4003) lbu     zero, 144(s10)
core   0: 3 0x80000a54 (0x090d4003) mem 0x80013a0f
core   0: 0x80000a58 (0x00023117) auipc   sp, 0x23
core   0: 3 0x80000a58 (0x00023117) x 2 0x80023a58
core   0: 0x80000a5c (0x9f610113) addi    sp, sp, -1546
core   0: 3 0x80000a5c (0x9f610113) x 2 0x8002344e
core   0: 0x80000a60 (0xff910003) lb      zero, -7(sp)
core   0: 3 0x80000a60 (0xff910003) mem 0x80023447
core   0: 0x80000a64 (0xff910a03) lb      s4, -7(sp)
core   0: 3 0x80000a64 (0xff910a03) x20 0x00000000 mem 0x80023447
core   0: 0x80000a68 (0xe9d8eb13) ori     s6, a7, -355
core   0: 3 0x80000a68 (0xe9d8eb13) x22 0xfffffe9d
core   0: 0x80000a6c (0xff910003) lb      zero, -7(sp)
core   0: 3 0x80000a6c (0xff910003) mem 0x80023447
core   0: 0x80000a70 (0xff910603) lb      a2, -7(sp)
core   0: 3 0x80000a70 (0xff910603) x12 0x00000000 mem 0x80023447
core   0: 0x80000a74 (0xfec10ca3) sb      a2, -7(sp)
core   0: 3 0x80000a74 (0xfec10ca3) mem 0x80023447 0x0
core   0: 0x80000a78 (0x00710203) lb      tp, 7(sp)
core   0: 3 0x80000a78 (0x00710203) x 4 0x00000000 mem 0x80023455
core   0: 0x80000a7c (0x00714803) lbu     a6, 7(sp)
core   0: 3 0x80000a7c (0x00714803) x16 0x00000000 mem 0x80023455
core   0: 0x80000a80 (0x000086e9) c.srai  a3, 26
core   0: 3 0x80000a80 (0x86e9) x13 0x00000000
core   0: 0x80000a82 (0xaedef693) andi    a3, t4, -1299
core   0: 3 0x80000a82 (0xaedef693) x13 0x00000000
core   0: 0x80000a86 (0x01015003) lhu     zero, 16(sp)
core   0: 3 0x80000a86 (0x01015003) mem 0x8002345e
core   0: 0x80000a8a (0x01910823) sb      s9, 16(sp)
core   0: 3 0x80000a8a (0x01910823) mem 0x8002345e 0x0
core   0: 0x80000a8e (0x01010c83) lb      s9, 16(sp)
core   0: 3 0x80000a8e (0x01010c83) x25 0x00000000 mem 0x8002345e
core   0: 0x80000a92 (0x01010b83) lb      s7, 16(sp)
core   0: 3 0x80000a92 (0x01010b83) x23 0x00000000 mem 0x8002345e
core   0: 0x80000a96 (0x00f10823) sb      a5, 16(sp)
core   0: 3 0x80000a96 (0x00f10823) mem 0x8002345e 0x0
core   0: 0x80000a9a (0x00e14d03) lbu     s10, 14(sp)
core   0: 3 0x80000a9a (0x00e14d03) x26 0x00000000 mem 0x8002345c
core   0: 0x80000a9e (0x00013117) auipc   sp, 0x13
core   0: 3 0x80000a9e (0x00013117) x 2 0x80013a9e
core   0: 0x80000aa2 (0xc7510113) addi    sp, sp, -907
core   0: 3 0x80000aa2 (0xc7510113) x 2 0x80013713
core   0: 0x80000aa6 (0xa0f2f313) andi    t1, t0, -1521
core   0: 3 0x80000aa6 (0xa0f2f313) x 6 0x00000000
core   0: 0x80000aaa (0x03e2c7b3) div     a5, t0, t5
core   0: 3 0x80000aaa (0x03e2c7b3) x15 0x00000000
core   0: 0x80000aae (0x00008f81) c.sub   a5, s0
core   0: 3 0x80000aae (0x8f81) x15 0x7ffec184
core   0: 0x80000ab0 (0x038437b3) mulhu   a5, s0, s8
core   0: 3 0x80000ab0 (0x038437b3) x15 0x00000000
core   0: 0x80000ab4 (0x0098a033) slt     zero, a7, s1
core   0: 3 0x80000ab4 (0x0098a033)
core   0: 0x80000ab8 (0x005e9633) sll     a2, t4, t0
core   0: 3 0x80000ab8 (0x005e9633) x12 0x00000000
core   0: 0x80000abc (0x03581633) mulh    a2, a6, s5
core   0: 3 0x80000abc (0x03581633) x12 0x00000000
core   0: 0x80000ac0 (0x000069ad) c.lui   s3, 0xb
core   0: 3 0x80000ac0 (0x69ad) x19 0x0000b000
core   0: 0x80000ac2 (0xb6b10213) addi    tp, sp, -1173
core   0: 3 0x80000ac2 (0xb6b10213) x 4 0x8001327e
core   0: 0x80000ac6 (0x01ff2533) slt     a0, t5, t6
core   0: 3 0x80000ac6 (0x01ff2533) x10 0x00000001
core   0: 0x80000aca (0xfd010683) lb      a3, -48(sp)
core   0: 3 0x80000aca (0xfd010683) x13 0x00000000 mem 0x800136e3
core   0: 0x80000ace (0x02b11603) lh      a2, 43(sp)
core   0: 3 0x80000ace (0x02b11603) x12 0x00000000 mem 0x8001373e
core   0: 0x80000ad2 (0x00e14503) lbu     a0, 14(sp)
core   0: 3 0x80000ad2 (0x00e14503) x10 0x00000000 mem 0x80013721
core   0: 0x80000ad6 (0x00835913) srli    s2, t1, 8
core   0: 3 0x80000ad6 (0x00835913) x18 0x00000000
core   0: 0x80000ada (0x0000682d) c.lui   a6, 0xb
core   0: 3 0x80000ada (0x682d) x16 0x0000b000
core   0: 0x80000adc (0xfcf14083) lbu     ra, -49(sp)
core   0: 3 0x80000adc (0xfcf14083) x 1 0x00000000 mem 0x800136e2
core   0: 0x80000ae0 (0x03bd6ab3) rem     s5, s10, s11
core   0: 3 0x80000ae0 (0x03bd6ab3) x21 0x00000000
core   0: 0x80000ae4 (0xfec10723) sb      a2, -18(sp)
core   0: 3 0x80000ae4 (0xfec10723) mem 0x80013701 0x0
core   0: 0x80000ae8 (0x02b10da3) sb      a1, 59(sp)
core   0: 3 0x80000ae8 (0x02b10da3) mem 0x8001374e 0xe4
core   0: 0x80000aec (0x02f2a8b3) mulhsu  a7, t0, a5
core   0: 3 0x80000aec (0x02f2a8b3) x17 0x00000000
core   0: 0x80000af0 (0xffb15a03) lhu     s4, -5(sp)
core   0: 3 0x80000af0 (0xffb15a03) x20 0x00000000 mem 0x8001370e
core   0: 0x80000af4 (0x00a14803) lbu     a6, 10(sp)
core   0: 3 0x80000af4 (0x00a14803) x16 0x00000000 mem 0x8001371d
core   0: 0x80000af8 (0x03b10223) sb      s11, 36(sp)
core   0: 3 0x80000af8 (0x03b10223) mem 0x80013737 0x0
core   0: 0x80000afc (0x03ae4ab3) div     s5, t3, s10
core   0: 3 0x80000afc (0x03ae4ab3) x21 0xffffffff
core   0: 0x80000b00 (0xfec10003) lb      zero, -20(sp)
core   0: 3 0x80000b00 (0xfec10003) mem 0x800136ff
core   0: 0x80000b04 (0x000080dd) c.srli  s1, 23
core   0: 3 0x80000b04 (0x80dd) x 9 0x00000000
core   0: 0x80000b06 (0x000083d5) c.srli  a5, 21
core   0: 3 0x80000b06 (0x83d5) x15 0x00000000
core   0: 0x80000b08 (0x02014e03) lbu     t3, 32(sp)
core   0: 3 0x80000b08 (0x02014e03) x28 0x00000000 mem 0x80013733
core   0: 0x80000b0c (0x00008fc1) c.or    a5, s0
core   0: 3 0x80000b0c (0x8fc1) x15 0x80013e7c
core   0: 0x80000b0e (0x02c14903) lbu     s2, 44(sp)
core   0: 3 0x80000b0e (0x02c14903) x18 0x00000000 mem 0x8001373f
core   0: 0x80000b12 (0x00008131) c.srli  a0, 12
core   0: 3 0x80000b12 (0x8131) x10 0x00000000
core   0: 0x80000b14 (0x02b738b3) mulhu   a7, a4, a1
core   0: 3 0x80000b14 (0x02b738b3) x17 0x4002adab
core   0: 0x80000b18 (0xfc311003) lh      zero, -61(sp)
core   0: 3 0x80000b18 (0xfc311003) mem 0x800136d6
core   0: 0x80000b1c (0x03914e83) lbu     t4, 57(sp)
core   0: 3 0x80000b1c (0x03914e83) x29 0x00000000 mem 0x8001374c
core   0: 0x80000b20 (0x0385bdb3) mulhu   s11, a1, s8
core   0: 3 0x80000b20 (0x0385bdb3) x27 0x00000000
core   0: 0x80000b24 (0x00008c95) c.sub   s1, a3
core   0: 3 0x80000b24 (0x8c95) x 9 0x00000000
core   0: 0x80000b26 (0x039231b3) mulhu   gp, tp, s9
core   0: 3 0x80000b26 (0x039231b3) x 3 0x00000000
core   0: 0x80000b2a (0x00acbeb3) sltu    t4, s9, a0
core   0: 3 0x80000b2a (0x00acbeb3) x29 0x00000000
core   0: 0x80000b2e (0x01a10003) lb      zero, 26(sp)
core   0: 3 0x80000b2e (0x01a10003) mem 0x8001372d
core   0: 0x80000b32 (0x012126a3) sw      s2, 13(sp)
core   0: 3 0x80000b32 (0x012126a3) mem 0x80013720 0x00000000
core   0: 0x80000b36 (0x03210d83) lb      s11, 50(sp)
core   0: 3 0x80000b36 (0x03210d83) x27 0x00000000 mem 0x80013745
core   0: 0x80000b3a (0x0ff0000f) fence   iorw,iorw
core   0: 3 0x80000b3a (0x0ff0000f)
core   0: 0x80000b3e (0xfe5115a3) sh      t0, -21(sp)
core   0: 3 0x80000b3e (0xfe5115a3) mem 0x800136fe 0x0000
core   0: 0x80000b42 (0x00013317) auipc   t1, 0x13
core   0: 3 0x80000b42 (0x00013317) x 6 0x80013b42
core   0: 0x80000b46 (0x15d30313) addi    t1, t1, 349
core   0: 3 0x80000b46 (0x15d30313) x 6 0x80013c9f
core   0: 0x80000b4a (0x02e218b3) mulh    a7, tp, a4
core   0: 3 0x80000b4a (0x02e218b3) x17 0x3ffe1f92
core   0: 0x80000b4e (0x0000997d) c.andi  a0, -1
core   0: 3 0x80000b4e (0x997d) x10 0x00000000
core   0: 0x80000b50 (0x00000001) c.nop
core   0: 3 0x80000b50 (0x0001)
core   0: 0x80000b52 (0x0ff0000f) fence   iorw,iorw
core   0: 3 0x80000b52 (0x0ff0000f)
core   0: 0x80000b56 (0x01981a13) slli    s4, a6, 25
core   0: 3 0x80000b56 (0x01981a13) x20 0x00000000
core   0: 0x80000b5a (0xffb30b03) lb      s6, -5(t1)
core   0: 3 0x80000b5a (0xffb30b03) x22 0x00000000 mem 0x80013c9a
core   0: 0x80000b5e (0x00008389) c.srli  a5, 2
core   0: 3 0x80000b5e (0x8389) x15 0x20004f9f
core   0: 0x80000b60 (0x01f313a3) sh      t6, 7(t1)
core   0: 3 0x80000b60 (0x01f313a3) mem 0x80013ca6 0x0000
core   0: 0x80000b64 (0x02142b33) mulhsu  s6, s0, ra
core   0: 3 0x80000b64 (0x02142b33) x22 0x00000000
core   0: 0x80000b68 (0x0ff0000f) fence   iorw,iorw
core   0: 3 0x80000b68 (0x0ff0000f)
core   0: 0x80000b6c (0x7848ea93) ori     s5, a7, 1924
core   0: 3 0x80000b6c (0x7848ea93) x21 0x3ffe1f96
core   0: 0x80000b70 (0x00009b3e) c.add   s6, a5
core   0: 3 0x80000b70 (0x9b3e) x22 0x20004f9f
core   0: 0x80000b72 (0x00562233) slt     tp, a2, t0
core   0: 3 0x80000b72 (0x00562233) x 4 0x00000000
core   0: 0x80000b76 (0x00009a7d) c.andi  a2, -1
core   0: 3 0x80000b76 (0x9a7d) x12 0x00000000
core   0: 0x80000b78 (0x00131c03) lh      s8, 1(t1)
core   0: 3 0x80000b78 (0x00131c03) x24 0x00000000 mem 0x80013ca0
core   0: 0x80000b7c (0x00735003) lhu     zero, 7(t1)
core   0: 3 0x80000b7c (0x00735003) mem 0x80013ca6
core   0: 0x80000b80 (0x4035d113) srai    sp, a1, 3
core   0: 3 0x80000b80 (0x4035d113) x 2 0xf000599c
core   0: 0x80000b84 (0xcd41f893) andi    a7, gp, -812
core   0: 3 0x80000b84 (0xcd41f893) x17 0x00000000
core   0: 0x80000b88 (0xff9309a3) sb      s9, -13(t1)
core   0: 3 0x80000b88 (0xff9309a3) mem 0x80013c92 0x0
core   0: 0x80000b8c (0x3a0bb937) lui     s2, 0x3a0bb
core   0: 3 0x80000b8c (0x3a0bb937) x18 0x3a0bb000
core   0: 0x80000b90 (0x00000001) c.nop
core   0: 3 0x80000b90 (0x0001)
core   0: 0x80000b92 (0x7ec710b7) lui     ra, 0x7ec71
core   0: 3 0x80000b92 (0x7ec710b7) x 1 0x7ec71000
core   0: 0x80000b96 (0x00009386) c.add   t2, ra
core   0: 3 0x80000b96 (0x9386) x 7 0x7ec71000
core   0: 0x80000b98 (0x00630d03) lb      s10, 6(t1)
core   0: 3 0x80000b98 (0x00630d03) x26 0x00000000 mem 0x80013ca5
core   0: 0x80000b9c (0x01d06633) or      a2, zero, t4
core   0: 3 0x80000b9c (0x01d06633) x12 0x00000000
core   0: 0x80000ba0 (0xffb35483) lhu     s1, -5(t1)
core   0: 3 0x80000ba0 (0xffb35483) x 9 0x00000000 mem 0x80013c9a
core   0: 0x80000ba4 (0x00c2cfb3) xor     t6, t0, a2
core   0: 3 0x80000ba4 (0x00c2cfb3) x31 0x00000000
core   0: 0x80000ba8 (0x0000100f) fence.i
core   0: 3 0x80000ba8 (0x0000100f)
core   0: 0x80000bac (0x00008c81) c.sub   s1, s0
core   0: 3 0x80000bac (0x8c81) x 9 0x7ffec184
core   0: 0x80000bae (0x00008c09) c.sub   s0, a0
core   0: 3 0x80000bae (0x8c09) x 8 0x80013e7c
core   0: 0x80000bb0 (0x120e7413) andi    s0, t3, 288
core   0: 3 0x80000bb0 (0x120e7413) x 8 0x00000000
core   0: 0x80000bb4 (0x00932e83) lw      t4, 9(t1)
core   0: 3 0x80000bb4 (0x00932e83) x29 0x00000000 mem 0x80013ca8
core   0: 0x80000bb8 (0xfee328a3) sw      a4, -15(t1)
core   0: 3 0x80000bb8 (0xfee328a3) mem 0x80013c90 0x80028e64
core   0: 0x80000bbc (0x01f00c33) add     s8, zero, t6
core   0: 3 0x80000bbc (0x01f00c33) x24 0x00000000
core   0: 0x80000bc0 (0x02abaa33) mulhsu  s4, s7, a0
core   0: 3 0x80000bc0 (0x02abaa33) x20 0x00000000
core   0: 0x80000bc4 (0x000084cd) c.srai  s1, 19
core   0: 3 0x80000bc4 (0x84cd) x 9 0x00000fff
core   0: 0x80000bc6 (0x018315a3) sh      s8, 11(t1)
core   0: 3 0x80000bc6 (0x018315a3) mem 0x80013caa 0x0000
core   0: 0x80000bca (0x00023797) auipc   a5, 0x23
core   0: 3 0x80000bca (0x00023797) x15 0x80023bca
core   0: 0x80000bce (0x25378793) addi    a5, a5, 595
core   0: 3 0x80000bce (0x25378793) x15 0x80023e1d
core   0: 0x80000bd2 (0x00012517) auipc   a0, 0x12
core   0: 3 0x80000bd2 (0x00012517) x10 0x80012bd2
core   0: 0x80000bd6 (0x62050513) addi    a0, a0, 1568
core   0: 3 0x80000bd6 (0x62050513) x10 0x800131f2
core   0: 0x80000bda (0x027785a3) sb      t2, 43(a5)
core   0: 3 0x80000bda (0x027785a3) mem 0x80023e48 0x0
core   0: 0x80000bde (0x07950c83) lb      s9, 121(a0)
core   0: 3 0x80000bde (0x07950c83) x25 0x00000000 mem 0x8001326b
core   0: 0x80000be2 (0x04d78c23) sb      a3, 88(a5)
core   0: 3 0x80000be2 (0x04d78c23) mem 0x80023e75 0x0
core   0: 0x80000be6 (0xfc2506a3) sb      sp, -51(a0)
core   0: 3 0x80000be6 (0xfc2506a3) mem 0x800131bf 0x9c
core   0: 0x80000bea (0x07150ba3) sb      a7, 119(a0)
core   0: 3 0x80000bea (0x07150ba3) mem 0x80013269 0x0
core   0: 0x80000bee (0x05350203) lb      tp, 83(a0)
core   0: 3 0x80000bee (0x05350203) x 4 0x00000000 mem 0x80013245
core   0: 0x80000bf2 (0xf3050d83) lb      s11, -208(a0)
core   0: 3 0x80000bf2 (0xf3050d83) x27 0x00000000 mem 0x80013122
core   0: 0x80000bf6 (0x0b87a9a3) sw      s8, 179(a5)
core   0: 3 0x80000bf6 (0x0b87a9a3) mem 0x80023ed0 0x00000000
core   0: 0x80000bfa (0xfc979da3) sh      s1, -37(a5)
core   0: 3 0x80000bfa (0xfc979da3) mem 0x80023df8 0x0fff
core   0: 0x80000bfe (0x075509a3) sb      s5, 115(a0)
core   0: 3 0x80000bfe (0x075509a3) mem 0x80013265 0x96
core   0: 0x80000c02 (0x03f54c03) lbu     s8, 63(a0)
core   0: 3 0x80000c02 (0x03f54c03) x24 0x00000000 mem 0x80013231
core   0: 0x80000c06 (0xff578683) lb      a3, -11(a5)
core   0: 3 0x80000c06 (0xff578683) x13 0x00000000 mem 0x80023e12
core   0: 0x80000c0a (0x0a97ce03) lbu     t3, 169(a5)
core   0: 3 0x80000c0a (0x0a97ce03) x28 0x00000000 mem 0x80023ec6
core   0: 0x80000c0e (0x00013117) auipc   sp, 0x13
core   0: 3 0x80000c0e (0x00013117) x 2 0x80013c0e
core   0: 0x80000c12 (0xb8110113) addi    sp, sp, -1151
core   0: 3 0x80000c12 (0xb8110113) x 2 0x8001378f
core   0: 0x80000c16 (0xa1db0493) addi    s1, s6, -1507
core   0: 3 0x80000c16 (0xa1db0493) x 9 0x200049bc
core   0: 0x80000c1a (0xfcb124a3) sw      a1, -55(sp)
core   0: 3 0x80000c1a (0xfcb124a3) mem 0x80013758 0x8002cce4
core   0: 0x80000c1e (0x00d10823) sb      a3, 16(sp)
core   0: 3 0x80000c1e (0x00d10823) mem 0x8001379f 0x0
core   0: 0x80000c22 (0x01610403) lb      s0, 22(sp)
core   0: 3 0x80000c22 (0x01610403) x 8 0x00000000 mem 0x800137a5
core   0: 0x80000c26 (0x41fd8033) sub     zero, s11, t6
core   0: 3 0x80000c26 (0x41fd8033)
core   0: 0x80000c2a (0xa760e393) ori     t2, ra, -1418
core   0: 3 0x80000c2a (0xa760e393) x 7 0xfffffa76
core   0: 0x80000c2e (0x025120a3) sw      t0, 33(sp)
core   0: 3 0x80000c2e (0x025120a3) mem 0x800137b0 0x00000000
core   0: 0x80000c32 (0x02310b23) sb      gp, 54(sp)
core   0: 3 0x80000c32 (0x02310b23) mem 0x800137c5 0x0
core   0: 0x80000c36 (0xfc112a83) lw      s5, -63(sp)
core   0: 3 0x80000c36 (0xfc112a83) x21 0x00000000 mem 0x80013750
core   0: 0x80000c3a (0xfdd102a3) sb      t4, -59(sp)
core   0: 3 0x80000c3a (0xfdd102a3) mem 0x80013754 0x0
core   0: 0x80000c3e (0xfd710c23) sb      s7, -40(sp)
core   0: 3 0x80000c3e (0xfd710c23) mem 0x80013767 0x0
core   0: 0x80000c42 (0x4138db13) srai    s6, a7, 19
core   0: 3 0x80000c42 (0x4138db13) x22 0x00000000
core   0: 0x80000c46 (0x00008f9a) c.mv    t6, t1
core   0: 3 0x80000c46 (0x8f9a) x31 0x80013c9f
core   0: 0x80000c48 (0x000086d9) c.srai  a3, 22
core   0: 3 0x80000c48 (0x86d9) x13 0x00000000
core   0: 0x80000c4a (0x03a14203) lbu     tp, 58(sp)
core   0: 3 0x80000c4a (0x03a14203) x 4 0x00000000 mem 0x800137c9
core   0: 0x80000c4e (0x00000001) c.nop
core   0: 3 0x80000c4e (0x0001)
core   0: 0x80000c50 (0xff010d23) sb      a6, -6(sp)
core   0: 3 0x80000c50 (0xff010d23) mem 0x80013789 0x0
core   0: 0x80000c54 (0x4037d533) sra     a0, a5, gp
core   0: 3 0x80000c54 (0x4037d533) x10 0x80023e1d
core   0: 0x80000c58 (0x00f106a3) sb      a5, 13(sp)
core   0: 3 0x80000c58 (0x00f106a3) mem 0x8001379c 0x1d
core   0: 0x80000c5c (0xff910783) lb      a5, -7(sp)
core   0: 3 0x80000c5c (0xff910783) x15 0x00000000 mem 0x80013788
core   0: 0x80000c60 (0x00008cb1) c.xor   s1, a2
core   0: 3 0x80000c60 (0x8cb1) x 9 0x200049bc
core   0: 0x80000c62 (0xfce14903) lbu     s2, -50(sp)
core   0: 3 0x80000c62 (0xfce14903) x18 0x00000000 mem 0x8001375d
core   0: 0x80000c66 (0x40bd5a33) sra     s4, s10, a1
core   0: 3 0x80000c66 (0x40bd5a33) x20 0x00000000
core   0: 0x80000c6a (0xfd5117a3) sh      s5, -49(sp)
core   0: 3 0x80000c6a (0xfd5117a3) mem 0x8001375e 0x0000
core   0: 0x80000c6e (0x01ce1513) slli    a0, t3, 28
core   0: 3 0x80000c6e (0x01ce1513) x10 0x00000000
core   0: 0x80000c72 (0x0091c433) xor     s0, gp, s1
core   0: 3 0x80000c72 (0x0091c433) x 8 0x200049bc
core   0: 0x80000c76 (0x0000036e) c.slli  t1, 27
core   0: 3 0x80000c76 (0x036e) x 6 0xf8000000
core   0: 0x80000c78 (0xfd010323) sb      a6, -58(sp)
core   0: 3 0x80000c78 (0xfd010323) mem 0x80013755 0x0
core   0: 0x80000c7c (0x014114a3) sh      s4, 9(sp)
core   0: 3 0x80000c7c (0x014114a3) mem 0x80013798 0x0000
core   0: 0x80000c80 (0x00e10a83) lb      s5, 14(sp)
core   0: 3 0x80000c80 (0x00e10a83) x21 0x00000000 mem 0x8001379d
core   0: 0x80000c84 (0x02d11e83) lh      t4, 45(sp)
core   0: 3 0x80000c84 (0x02d11e83) x29 0x00000000 mem 0x800137bc
core   0: 0x80000c88 (0x01237bb3) and     s7, t1, s2
core   0: 3 0x80000c88 (0x01237bb3) x23 0x00000000
core   0: 0x80000c8c (0x00008472) c.mv    s0, t3
core   0: 3 0x80000c8c (0x8472) x 8 0x00000000
core   0: 0x80000c8e (0xfe410da3) sb      tp, -5(sp)
core   0: 3 0x80000c8e (0xfe410da3) mem 0x8001378a 0x0
core   0: 0x80000c92 (0x00004905) c.li    s2, 1
core   0: 3 0x80000c92 (0x4905) x18 0x00000001
core   0: 0x80000c94 (0xfd814883) lbu     a7, -40(sp)
core   0: 3 0x80000c94 (0xfd814883) x17 0x00000000 mem 0x80013767
core   0: 0x80000c98 (0x02614783) lbu     a5, 38(sp)
core   0: 3 0x80000c98 (0x02614783) x15 0x00000000 mem 0x800137b5
core   0: 0x80000c9c (0xfcb11203) lh      tp, -53(sp)
core   0: 3 0x80000c9c (0xfcb11203) x 4 0xffff8002 mem 0x8001375a
core   0: 0x80000ca0 (0x03511783) lh      a5, 53(sp)
core   0: 3 0x80000ca0 (0x03511783) x15 0x00000000 mem 0x800137c4
core   0: 0x80000ca4 (0x02a126a3) sw      a0, 45(sp)
core   0: 3 0x80000ca4 (0x02a126a3) mem 0x800137bc 0x00000000
core   0: 0x80000ca8 (0x00b1cab3) xor     s5, gp, a1
core   0: 3 0x80000ca8 (0x00b1cab3) x21 0x8002cce4
core   0: 0x80000cac (0x014c5333) srl     t1, s8, s4
core   0: 3 0x80000cac (0x014c5333) x 6 0x00000000
core   0: 0x80000cb0 (0x00008035) c.srli  s0, 13
core   0: 3 0x80000cb0 (0x8035) x 8 0x00000000
core   0: 0x80000cb2 (0x41395cb3) sra     s9, s2, s3
core   0: 3 0x80000cb2 (0x41395cb3) x25 0x00000001
core   0: 0x80000cb6 (0x03610823) sb      s6, 48(sp)
core   0: 3 0x80000cb6 (0x03610823) mem 0x800137bf 0x0
core   0: 0x80000cba (0xfd111d83) lh      s11, -47(sp)
core   0: 3 0x80000cba (0xfd111d83) x27 0x00000000 mem 0x80013760
core   0: 0x80000cbe (0x00910423) sb      s1, 8(sp)
core   0: 3 0x80000cbe (0x00910423) mem 0x80013797 0xbc
core   0: 0x80000cc2 (0x8a492a13) slti    s4, s2, -1884
core   0: 3 0x80000cc2 (0x8a492a13) x20 0x00000000
core   0: 0x80000cc6 (0x03315883) lhu     a7, 51(sp)
core   0: 3 0x80000cc6 (0x03315883) x17 0x00000000 mem 0x800137c2
core   0: 0x80000cca (0x03f29633) mulh    a2, t0, t6
core   0: 3 0x80000cca (0x03f29633) x12 0x00000000
core   0: 0x80000cce (0xfc4102a3) sb      tp, -59(sp)
core   0: 3 0x80000cce (0xfc4102a3) mem 0x80013754 0x2
core   0: 0x80000cd2 (0x00013117) auipc   sp, 0x13
core   0: 3 0x80000cd2 (0x00013117) x 2 0x80013cd2
core   0: 0x80000cd6 (0x1fa10113) addi    sp, sp, 506
core   0: 3 0x80000cd6 (0x1fa10113) x 2 0x80013ecc
core   0: 0x80000cda (0xc8137e17) auipc   t3, 0xc8137
core   0: 3 0x80000cda (0xc8137e17) x28 0x48137cda
core   0: 0x80000cde (0x8b716d93) ori     s11, sp, -1865
core   0: 3 0x80000cde (0x8b716d93) x27 0xfffffeff
core   0: 0x80000ce2 (0x03310a83) lb      s5, 51(sp)
core   0: 3 0x80000ce2 (0x03310a83) x21 0x00000000 mem 0x80013eff
core   0: 0x80000ce6 (0x02b14083) lbu     ra, 43(sp)
core   0: 3 0x80000ce6 (0x02b14083) x 1 0x00000000 mem 0x80013ef7
core   0: 0x80000cea (0x01096e33) or      t3, s2, a6
core   0: 3 0x80000cea (0x01096e33) x28 0x00000001
core   0: 0x80000cee (0x0221b6b3) mulhu   a3, gp, sp
core   0: 3 0x80000cee (0x0221b6b3) x13 0x00000000
core   0: 0x80000cf2 (0x25755797) auipc   a5, 0x25755
core   0: 3 0x80000cf2 (0x25755797) x15 0xa5755cf2
core   0: 0x80000cf6 (0x7c9c2693) slti    a3, s8, 1993
core   0: 3 0x80000cf6 (0x7c9c2693) x13 0x00000001
core   0: 0x80000cfa (0x83f63a93) sltiu   s5, a2, -1985
core   0: 3 0x80000cfa (0x83f63a93) x21 0x00000001
core   0: 0x80000cfe (0x00114a33) xor     s4, sp, ra
core   0: 3 0x80000cfe (0x00114a33) x20 0x80013ecc
core   0: 0x80000d02 (0x00c8fc33) and     s8, a7, a2
core   0: 3 0x80000d02 (0x00c8fc33) x24 0x00000000
core   0: 0x80000d06 (0x02d1fa33) remu    s4, gp, a3
core   0: 3 0x80000d06 (0x02d1fa33) x20 0x00000000
core   0: 0x80000d0a (0x012f90b3) sll     ra, t6, s2
core   0: 3 0x80000d0a (0x012f90b3) x 1 0x0002793e
core   0: 0x80000d0e (0x7b6e8313) addi    t1, t4, 1974
core   0: 3 0x80000d0e (0x7b6e8313) x 6 0x000007b6
core   0: 0x80000d12 (0xd39a0037) lui     zero, 0xd39a0
core   0: 3 0x80000d12 (0xd39a0037)
core   0: 0x80000d16 (0xfd810f23) sb      s8, -34(sp)
core   0: 3 0x80000d16 (0xfd810f23) mem 0x80013eaa 0x0
core   0: 0x80000d1a (0x0000c09e) c.swsp  t2, 64(sp)
core   0: 3 0x80000d1a (0xc09e) mem 0x80013f0c 0xfffffa76
core   0: 0x80000d1c (0x00008c2d) c.xor   s0, a1
core   0: 3 0x80000d1c (0x8c2d) x 8 0x8002cce4
core   0: 0x80000d1e (0x00008d09) c.sub   a0, a0
core   0: 3 0x80000d1e (0x8d09) x10 0x00000000
core   0: 0x80000d20 (0x0076c633) xor     a2, a3, t2
core   0: 3 0x80000d20 (0x0076c633) x12 0xfffffa77
core   0: 0x80000d24 (0x038ad933) divu    s2, s5, s8
core   0: 3 0x80000d24 (0x038ad933) x18 0xffffffff
core   0: 0x80000d28 (0x0000d03a) c.swsp  a4, 32(sp)
core   0: 3 0x80000d28 (0xd03a) mem 0x80013eec 0x80028e64
core   0: 0x80000d2a (0x0000d646) c.swsp  a7, 44(sp)
core   0: 3 0x80000d2a (0xd646) mem 0x80013ef8 0x00000000
core   0: 0x80000d2c (0x02d14083) lbu     ra, 45(sp)
core   0: 3 0x80000d2c (0x02d14083) x 1 0x00000000 mem 0x80013ef9
core   0: 0x80000d30 (0xfe211803) lh      a6, -30(sp)
core   0: 3 0x80000d30 (0xfe211803) x16 0x00000000 mem 0x80013eae
core   0: 0x80000d34 (0x000017fd) c.addi  a5, -1
core   0: 3 0x80000d34 (0x17fd) x15 0xa5755cf1
core   0: 0x80000d36 (0xfdd10da3) sb      t4, -37(sp)
core   0: 3 0x80000d36 (0xfdd10da3) mem 0x80013ea7 0x0
core   0: 0x80000d3a (0x035ae333) rem     t1, s5, s5
core   0: 3 0x80000d3a (0x035ae333) x 6 0x00000000
core   0: 0x80000d3e (0x41018bb3) sub     s7, gp, a6
core   0: 3 0x80000d3e (0x41018bb3) x23 0x00000000
core   0: 0x80000d42 (0xfd210ba3) sb      s2, -41(sp)
core   0: 3 0x80000d42 (0xfd210ba3) mem 0x80013ea3 0xff
core   0: 0x80000d46 (0xff611d83) lh      s11, -10(sp)
core   0: 3 0x80000d46 (0xff611d83) x27 0x00000000 mem 0x80013ec2
core   0: 0x80000d4a (0x020e9033) mulh    zero, t4, zero
core   0: 3 0x80000d4a (0x020e9033)
core   0: 0x80000d4e (0x03d51033) mulh    zero, a0, t4
core   0: 3 0x80000d4e (0x03d51033)
core   0: 0x80000d52 (0x0075e7b3) or      a5, a1, t2
core   0: 3 0x80000d52 (0x0075e7b3) x15 0xfffffef6
core   0: 0x80000d56 (0xfdf10883) lb      a7, -33(sp)
core   0: 3 0x80000d56 (0xfdf10883) x17 0x00000000 mem 0x80013eab
core   0: 0x80000d5a (0x00004f91) c.li    t6, 4
core   0: 3 0x80000d5a (0x4f91) x31 0x00000004
core   0: 0x80000d5c (0xfcd14a03) lbu     s4, -51(sp)
core   0: 3 0x80000d5c (0xfcd14a03) x20 0x00000000 mem 0x80013e99
core   0: 0x80000d60 (0x00009f96) c.add   t6, t0
core   0: 3 0x80000d60 (0x9f96) x31 0x00000004
core   0: 0x80000d62 (0x0ff0000f) fence   iorw,iorw
core   0: 3 0x80000d62 (0x0ff0000f)
core   0: 0x80000d66 (0xfd411e83) lh      t4, -44(sp)
core   0: 3 0x80000d66 (0xfd411e83) x29 0x00000000 mem 0x80013ea0
core   0: 0x80000d6a (0x02914d83) lbu     s11, 41(sp)
core   0: 3 0x80000d6a (0x02914d83) x27 0x00000000 mem 0x80013ef5
core   0: 0x80000d6e (0xfcd14083) lbu     ra, -51(sp)
core   0: 3 0x80000d6e (0xfcd14083) x 1 0x00000000 mem 0x80013e99
core   0: 0x80000d72 (0xfd810923) sb      s8, -46(sp)
core   0: 3 0x80000d72 (0xfd810923) mem 0x80013e9e 0x0
core   0: 0x80000d76 (0x00b22433) slt     s0, tp, a1
core   0: 3 0x80000d76 (0x00b22433) x 8 0x00000000
core   0: 0x80000d7a (0x00009bfd) c.andi  a5, -1
core   0: 3 0x80000d7a (0x9bfd) x15 0xfffffef6
core   0: 0x80000d7c (0x01eecab3) xor     s5, t4, t5
core   0: 3 0x80000d7c (0x01eecab3) x21 0x80000000
core   0: 0x80000d80 (0x00005792) c.lwsp  a5, 36(sp)
core   0: 3 0x80000d80 (0x5792) x15 0x00000000 mem 0x80013ef0
core   0: 0x80000d82 (0xfd9103a3) sb      s9, -57(sp)
core   0: 3 0x80000d82 (0xfd9103a3) mem 0x80013e93 0x1
core   0: 0x80000d86 (0xfea101a3) sb      a0, -29(sp)
core   0: 3 0x80000d86 (0xfea101a3) mem 0x80013eaf 0x0
core   0: 0x80000d8a (0x00013117) auipc   sp, 0x13
core   0: 3 0x80000d8a (0x00013117) x 2 0x80013d8a
core   0: 0x80000d8e (0x18a10113) addi    sp, sp, 394
core   0: 3 0x80000d8e (0x18a10113) x 2 0x80013f14
core   0: 0x80000d92 (0x00004932) c.lwsp  s2, 12(sp)
core   0: 3 0x80000d92 (0x4932) x18 0x00000000 mem 0x80013f20
core   0: 0x80000d94 (0x01215003) lhu     zero, 18(sp)
core   0: 3 0x80000d94 (0x01215003) mem 0x80013f26
core   0: 0x80000d98 (0x03da69b3) rem     s3, s4, t4
core   0: 3 0x80000d98 (0x03da69b3) x19 0x00000000
core   0: 0x80000d9c (0x0012b433) sltu    s0, t0, ra
core   0: 3 0x80000d9c (0x0012b433) x 8 0x00000000
core   0: 0x80000da0 (0xfd5105a3) sb      s5, -53(sp)
core   0: 3 0x80000da0 (0xfd5105a3) mem 0x80013edf 0x0
core   0: 0x80000da4 (0xffc10123) sb      t3, -30(sp)
core   0: 3 0x80000da4 (0xffc10123) mem 0x80013ef6 0x1
core   0: 0x80000da8 (0x02d107a3) sb      a3, 47(sp)
core   0: 3 0x80000da8 (0x02d107a3) mem 0x80013f43 0x1
core   0: 0x80000dac (0x02710723) sb      t2, 46(sp)
core   0: 3 0x80000dac (0x02710723) mem 0x80013f42 0x76
core   0: 0x80000db0 (0x00005342) c.lwsp  t1, 48(sp)
core   0: 3 0x80000db0 (0x5342) x 6 0x00000000 mem 0x80013f44
core   0: 0x80000db2 (0x00008ab6) c.mv    s5, a3
core   0: 3 0x80000db2 (0x8ab6) x21 0x00000001
core   0: 0x80000db4 (0xfc611483) lh      s1, -58(sp)
core   0: 3 0x80000db4 (0xfc611483) x 9 0x00000000 mem 0x80013eda
core   0: 0x80000db8 (0xfe711a23) sh      t2, -12(sp)
core   0: 3 0x80000db8 (0xfe711a23) mem 0x80013f08 0xfa76
core   0: 0x80000dbc (0x02e10503) lb      a0, 46(sp)
core   0: 3 0x80000dbc (0x02e10503) x10 0x00000076 mem 0x80013f42
core   0: 0x80000dc0 (0x03a637b3) mulhu   a5, a2, s10
core   0: 3 0x80000dc0 (0x03a637b3) x15 0x00000000
core   0: 0x80000dc4 (0xfe8106a3) sb      s0, -19(sp)
core   0: 3 0x80000dc4 (0xfe8106a3) mem 0x80013f01 0x0
core   0: 0x80000dc8 (0x002b8c33) add     s8, s7, sp
core   0: 3 0x80000dc8 (0x002b8c33) x24 0x80013f14
core   0: 0x80000dcc (0x000087de) c.mv    a5, s7
core   0: 3 0x80000dcc (0x87de) x15 0x00000000
core   0: 0x80000dce (0x02410da3) sb      tp, 59(sp)
core   0: 3 0x80000dce (0x02410da3) mem 0x80013f4f 0x2
core   0: 0x80000dd2 (0x015b6633) or      a2, s6, s5
core   0: 3 0x80000dd2 (0x015b6633) x12 0x00000001
core   0: 0x80000dd6 (0x014dd993) srli    s3, s11, 20
core   0: 3 0x80000dd6 (0x014dd993) x19 0x00000000
core   0: 0x80000dda (0x02b101a3) sb      a1, 35(sp)
core   0: 3 0x80000dda (0x02b101a3) mem 0x80013f37 0xe4
core   0: 0x80000dde (0xfcb14203) lbu     tp, -53(sp)
core   0: 3 0x80000dde (0xfcb14203) x 4 0x00000000 mem 0x80013edf
core   0: 0x80000de2 (0xff114883) lbu     a7, -15(sp)
core   0: 3 0x80000de2 (0xff114883) x17 0x00000000 mem 0x80013f05
core   0: 0x80000de6 (0x00000001) c.nop
core   0: 3 0x80000de6 (0x0001)
core   0: 0x80000de8 (0xfcb14283) lbu     t0, -53(sp)
core   0: 3 0x80000de8 (0xfcb14283) x 5 0x00000000 mem 0x80013edf
core   0: 0x80000dec (0x614e0b13) addi    s6, t3, 1556
core   0: 3 0x80000dec (0x614e0b13) x22 0x00000615
core   0: 0x80000df0 (0x00008e1d) c.sub   a2, a5
core   0: 3 0x80000df0 (0x8e1d) x12 0x00000001
core   0: 0x80000df2 (0x03711f23) sh      s7, 62(sp)
core   0: 3 0x80000df2 (0x03711f23) mem 0x80013f52 0x0000
core   0: 0x80000df6 (0x03714b83) lbu     s7, 55(sp)
core   0: 3 0x80000df6 (0x03714b83) x23 0x00000000 mem 0x80013f4b
core   0: 0x80000dfa (0x00016117) auipc   sp, 0x16
core   0: 3 0x80000dfa (0x00016117) x 2 0x80016dfa
core   0: 0x80000dfe (0xd8f10113) addi    sp, sp, -625
core   0: 3 0x80000dfe (0xd8f10113) x 2 0x80016b89
core   0: 0x80000e02 (0x03eca2b3) mulhsu  t0, s9, t5
core   0: 3 0x80000e02 (0x03eca2b3) x 5 0x00000000
core   0: 0x80000e06 (0x428119a3) sh      s0, 1075(sp)
core   0: 3 0x80000e06 (0x428119a3) mem 0x80016fbc 0x0000
core   0: 0x80000e0a (0x000007a5) c.addi  a5, 9
core   0: 3 0x80000e0a (0x07a5) x15 0x00000009
core   0: 0x80000e0c (0x00008ecd) c.or    a3, a1
core   0: 3 0x80000e0c (0x8ecd) x13 0x8002cce5
core   0: 0x80000e0e (0x0ff0000f) fence   iorw,iorw
core   0: 3 0x80000e0e (0x0ff0000f)
core   0: 0x80000e12 (0x47510223) sb      s5, 1124(sp)
core   0: 3 0x80000e12 (0x47510223) mem 0x80016fed 0x1
core   0: 0x80000e16 (0x28e10b03) lb      s6, 654(sp)
core   0: 3 0x80000e16 (0x28e10b03) x22 0x00000000 mem 0x80016e17
core   0: 0x80000e1a (0x00000001) c.nop
core   0: 3 0x80000e1a (0x0001)
core   0: 0x80000e1c (0x37210983) lb      s3, 882(sp)
core   0: 3 0x80000e1c (0x37210983) x19 0x00000000 mem 0x80016efb
core   0: 0x80000e20 (0x015fed33) or      s10, t6, s5
core   0: 3 0x80000e20 (0x015fed33) x26 0x00000005
core   0: 0x80000e24 (0x000058fd) c.li    a7, -1
core   0: 3 0x80000e24 (0x58fd) x17 0xffffffff
core   0: 0x80000e26 (0x0ec14403) lbu     s0, 236(sp)
core   0: 3 0x80000e26 (0x0ec14403) x 8 0x00000000 mem 0x80016c75
core   0: 0x80000e2a (0x00000d4a) c.slli  s10, 18
core   0: 3 0x80000e2a (0x0d4a) x26 0x00140000
core   0: 0x80000e2c (0x7c310aa3) sb      gp, 2005(sp)
core   0: 3 0x80000e2c (0x7c310aa3) mem 0x8001735e 0x0
core   0: 0x80000e30 (0x6fe10c83) lb      s9, 1790(sp)
core   0: 3 0x80000e30 (0x6fe10c83) x25 0x00000000 mem 0x80017287
core   0: 0x80000e34 (0x8e614b03) lbu     s6, -1818(sp)
core   0: 3 0x80000e34 (0x8e614b03) x22 0x00000000 mem 0x8001646f
core   0: 0x80000e38 (0x42515b03) lhu     s6, 1061(sp)
core   0: 3 0x80000e38 (0x42515b03) x22 0x00000000 mem 0x80016fae
core   0: 0x80000e3c (0x6dc10aa3) sb      t3, 1749(sp)
core   0: 3 0x80000e3c (0x6dc10aa3) mem 0x8001725e 0x1
core   0: 0x80000e40 (0x87911c03) lh      s8, -1927(sp)
core   0: 3 0x80000e40 (0x87911c03) x24 0x00000000 mem 0x80016402
core   0: 0x80000e44 (0xc6f10223) sb      a5, -924(sp)
core   0: 3 0x80000e44 (0xc6f10223) mem 0x800167ed 0x9
core   0: 0x80000e48 (0xebc10a83) lb      s5, -324(sp)
core   0: 3 0x80000e48 (0xebc10a83) x21 0x00000000 mem 0x80016a45
core   0: 0x80000e4c (0x2fd10223) sb      t4, 740(sp)
core   0: 3 0x80000e4c (0x2fd10223) mem 0x80016e6d 0x0
core   0: 0x80000e50 (0x4d2111a3) sh      s2, 1219(sp)
core   0: 3 0x80000e50 (0x4d2111a3) mem 0x8001704c 0x0000
core   0: 0x80000e54 (0x2b7df793) andi    a5, s11, 695
core   0: 3 0x80000e54 (0x2b7df793) x15 0x00000000
core   0: 0x80000e58 (0x5e210c83) lb      s9, 1506(sp)
core   0: 3 0x80000e58 (0x5e210c83) x25 0x00000000 mem 0x8001716b
core   0: 0x80000e5c (0xe9010b83) lb      s7, -368(sp)
core   0: 3 0x80000e5c (0xe9010b83) x23 0x00000000 mem 0x80016a19
core   0: 0x80000e60 (0x79a10c03) lb      s8, 1946(sp)
core   0: 3 0x80000e60 (0x79a10c03) x24 0x00000000 mem 0x80017323
core   0: 0x80000e64 (0x7fc10b23) sb      t3, 2038(sp)
core   0: 3 0x80000e64 (0x7fc10b23) mem 0x8001737f 0x1
core   0: 0x80000e68 (0x0ff0000f) fence   iorw,iorw
core   0: 3 0x80000e68 (0x0ff0000f)
core   0: 0x80000e6c (0x5a311383) lh      t2, 1443(sp)
core   0: 3 0x80000e6c (0x5a311383) x 7 0x00000000 mem 0x8001712c
core   0: 0x80000e70 (0xdfc14503) lbu     a0, -516(sp)
core   0: 3 0x80000e70 (0xdfc14503) x10 0x00000000 mem 0x80016985
core   0: 0x80000e74 (0x7ee10d83) lb      s11, 2030(sp)
core   0: 3 0x80000e74 (0x7ee10d83) x27 0x00000000 mem 0x80017377
core   0: 0x80000e78 (0x00008afd) c.andi  a3, 31
core   0: 3 0x80000e78 (0x8afd) x13 0x00000005
core   0: 0x80000e7a (0x68010023) sb      zero, 1664(sp)
core   0: 3 0x80000e7a (0x68010023) mem 0x80017209 0x0
core   0: 0x80000e7e (0xdb1125a3) sw      a7, -597(sp)
core   0: 3 0x80000e7e (0xdb1125a3) mem 0x80016934 0xffffffff
core   0: 0x80000e82 (0x98711aa3) sh      t2, -1643(sp)
core   0: 3 0x80000e82 (0x98711aa3) mem 0x8001651e 0x0000
core   0: 0x80000e86 (0x2f010683) lb      a3, 752(sp)
core   0: 3 0x80000e86 (0x2f010683) x13 0x00000000 mem 0x80016e79
core   0: 0x80000e8a (0x77d14283) lbu     t0, 1917(sp)
core   0: 3 0x80000e8a (0x77d14283) x 5 0x00000000 mem 0x80017306
core   0: 0x80000e8e (0x3cc10303) lb      t1, 972(sp)
core   0: 3 0x80000e8e (0x3cc10303) x 6 0x00000000 mem 0x80016f55
core   0: 0x80000e92 (0x1d010083) lb      ra, 464(sp)
core   0: 3 0x80000e92 (0x1d010083) x 1 0x00000000 mem 0x80016d59
core   0: 0x80000e96 (0x01ebfeb3) and     t4, s7, t5
core   0: 3 0x80000e96 (0x01ebfeb3) x29 0x00000000
core   0: 0x80000e9a (0xe2210a03) lb      s4, -478(sp)
core   0: 3 0x80000e9a (0xe2210a03) x20 0x00000000 mem 0x800169ab
core   0: 0x80000e9e (0x0001df97) auipc   t6, 0x1d
core   0: 3 0x80000e9e (0x0001df97) x31 0x8001de9e
core   0: 0x80000ea2 (0x60af8f93) addi    t6, t6, 1546
core   0: 3 0x80000ea2 (0x60af8f93) x31 0x8001e4a8
core   0: 0x80000ea6 (0x01efc603) lbu     a2, 30(t6)
core   0: 3 0x80000ea6 (0x01efc603) x12 0x00000000 mem 0x8001e4c6
core   0: 0x80000eaa (0x01efda03) lhu     s4, 30(t6)
core   0: 3 0x80000eaa (0x01efda03) x20 0x00000000 mem 0x8001e4c6
core   0: 0x80000eae (0x00008fd9) c.or    a5, a4
core   0: 3 0x80000eae (0x8fd9) x15 0x80028e64
core   0: 0x80000eb0 (0x00ff8f23) sb      a5, 30(t6)
core   0: 3 0x80000eb0 (0x00ff8f23) mem 0x8001e4c6 0x64
core   0: 0x80000eb4 (0x01ef9b83) lh      s7, 30(t6)
core   0: 3 0x80000eb4 (0x01ef9b83) x23 0x00000064 mem 0x8001e4c6
core   0: 0x80000eb8 (0xfd0f88a3) sb      a6, -47(t6)
core   0: 3 0x80000eb8 (0xfd0f88a3) mem 0x8001e479 0x0
core   0: 0x80000ebc (0x7c82f297) auipc   t0, 0x7c82f
core   0: 3 0x80000ebc (0x7c82f297) x 5 0xfc82febc
core   0: 0x80000ec0 (0xfd1f8b03) lb      s6, -47(t6)
core   0: 3 0x80000ec0 (0xfd1f8b03) x22 0x00000000 mem 0x8001e479
core   0: 0x80000ec4 (0x02d0f333) remu    t1, ra, a3
core   0: 3 0x80000ec4 (0x02d0f333) x 6 0x00000000
core   0: 0x80000ec8 (0xfd1f8003) lb      zero, -47(t6)
core   0: 3 0x80000ec8 (0xfd1f8003) mem 0x8001e479
core   0: 0x80000ecc (0x022f9023) sh      sp, 32(t6)
core   0: 3 0x80000ecc (0x022f9023) mem 0x8001e4c8 0x6b89
core   0: 0x80000ed0 (0x020fa383) lw      t2, 32(t6)
core   0: 3 0x80000ed0 (0x020fa383) x 7 0x00006b89 mem 0x8001e4c8
core   0: 0x80000ed4 (0x009f8883) lb      a7, 9(t6)
core   0: 3 0x80000ed4 (0x009f8883) x17 0x00000000 mem 0x8001e4b1
core   0: 0x80000ed8 (0x009f8283) lb      t0, 9(t6)
core   0: 3 0x80000ed8 (0x009f8283) x 5 0x00000000 mem 0x8001e4b1
core   0: 0x80000edc (0x009f8983) lb      s3, 9(t6)
core   0: 3 0x80000edc (0x009f8983) x19 0x00000000 mem 0x8001e4b1
core   0: 0x80000ee0 (0x3fe3c193) xori    gp, t2, 1022
core   0: 3 0x80000ee0 (0x3fe3c193) x 3 0x00006877
core   0: 0x80000ee4 (0x009fc203) lbu     tp, 9(t6)
core   0: 3 0x80000ee4 (0x009fc203) x 4 0x00000000 mem 0x8001e4b1
core   0: 0x80000ee8 (0x02efc903) lbu     s2, 46(t6)
core   0: 3 0x80000ee8 (0x02efc903) x18 0x00000000 mem 0x8001e4d6
core   0: 0x80000eec (0xfc4f88a3) sb      tp, -47(t6)
core   0: 3 0x80000eec (0xfc4f88a3) mem 0x8001e479 0x0
core   0: 0x80000ef0 (0xfd1fc503) lbu     a0, -47(t6)
core   0: 3 0x80000ef0 (0xfd1fc503) x10 0x00000000 mem 0x8001e479
core   0: 0x80000ef4 (0x0001e317) auipc   t1, 0x1e
core   0: 3 0x80000ef4 (0x0001e317) x 6 0x8001eef4
core   0: 0x80000ef8 (0x6ef30313) addi    t1, t1, 1775
core   0: 3 0x80000ef8 (0x6ef30313) x 6 0x8001f5e3
core   0: 0x80000efc (0x00000001) c.nop
core   0: 3 0x80000efc (0x0001)
core   0: 0x80000efe (0x03530803) lb      a6, 53(t1)
core   0: 3 0x80000efe (0x03530803) x16 0x00000000 mem 0x8001f618
core   0: 0x80000f02 (0x02762533) mulhsu  a0, a2, t2
core   0: 3 0x80000f02 (0x02762533) x10 0x00000000
core   0: 0x80000f06 (0x41f95d13) srai    s10, s2, 31
core   0: 3 0x80000f06 (0x41f95d13) x26 0x00000000
core   0: 0x80000f0a (0x01030f83) lb      t6, 16(t1)
core   0: 3 0x80000f0a (0x01030f83) x31 0x00000000 mem 0x8001f5f3
core   0: 0x80000f0e (0x640b8a93) addi    s5, s7, 1600
core   0: 3 0x80000f0e (0x640b8a93) x21 0x000006a4
core   0: 0x80000f12 (0xfe830b23) sb      s0, -10(t1)
core   0: 3 0x80000f12 (0xfe830b23) mem 0x8001f5d9 0x0
core   0: 0x80000f16 (0x02a30d83) lb      s11, 42(t1)
core   0: 3 0x80000f16 (0x02a30d83) x27 0x00000000 mem 0x8001f60d
core   0: 0x80000f1a (0x00008e09) c.sub   a2, a0
core   0: 3 0x80000f1a (0x8e09) x12 0x00000000
core   0: 0x80000f1c (0x3d88fe93) andi    t4, a7, 984
core   0: 3 0x80000f1c (0x3d88fe93) x29 0x00000000
core   0: 0x80000f20 (0xffc30623) sb      t3, -20(t1)
core   0: 3 0x80000f20 (0xffc30623) mem 0x8001f5cf 0x1
core   0: 0x80000f24 (0x00d34b03) lbu     s6, 13(t1)
core   0: 3 0x80000f24 (0x00d34b03) x22 0x00000000 mem 0x8001f5f0
core   0: 0x80000f28 (0x01b30323) sb      s11, 6(t1)
core   0: 3 0x80000f28 (0x01b30323) mem 0x8001f5e9 0x0
core   0: 0x80000f2c (0x00f71d33) sll     s10, a4, a5
core   0: 3 0x80000f2c (0x00f71d33) x26 0x0028e640
core   0: 0x80000f30 (0x00730103) lb      sp, 7(t1)
core   0: 3 0x80000f30 (0x00730103) x 2 0x00000000 mem 0x8001f5ea
core   0: 0x80000f34 (0xfd131803) lh      a6, -47(t1)
core   0: 3 0x80000f34 (0xfd131803) x16 0x00000000 mem 0x8001f5b4
core   0: 0x80000f38 (0xfd430183) lb      gp, -44(t1)
core   0: 3 0x80000f38 (0xfd430183) x 3 0x00000000 mem 0x8001f5b7
core   0: 0x80000f3c (0xffc34983) lbu     s3, -4(t1)
core   0: 3 0x80000f3c (0xffc34983) x19 0x00000000 mem 0x8001f5df
core   0: 0x80000f40 (0x016c0eb3) add     t4, s8, s6
core   0: 3 0x80000f40 (0x016c0eb3) x29 0x00000000
core   0: 0x80000f44 (0x03e30383) lb      t2, 62(t1)
core   0: 3 0x80000f44 (0x03e30383) x 7 0x00000000 mem 0x8001f621
core   0: 0x80000f48 (0x03230503) lb      a0, 50(t1)
core   0: 3 0x80000f48 (0x03230503) x10 0x00000000 mem 0x8001f615
core   0: 0x80000f4c (0xf67b0793) addi    a5, s6, -153
core   0: 3 0x80000f4c (0xf67b0793) x15 0xffffff67
core   0: 0x80000f50 (0x028303a3) sb      s0, 39(t1)
core   0: 3 0x80000f50 (0x028303a3) mem 0x8001f60a 0x0
core   0: 0x80000f54 (0x01ab6cb3) or      s9, s6, s10
core   0: 3 0x80000f54 (0x01ab6cb3) x25 0x0028e640
core   0: 0x80000f58 (0x03230f23) sb      s2, 62(t1)
core   0: 3 0x80000f58 (0x03230f23) mem 0x8001f621 0x0
core   0: 0x80000f5c (0x01830e03) lb      t3, 24(t1)
core   0: 3 0x80000f5c (0x01830e03) x28 0x00000000 mem 0x8001f5fb
core   0: 0x80000f60 (0x00530a03) lb      s4, 5(t1)
core   0: 3 0x80000f60 (0x00530a03) x20 0x00000000 mem 0x8001f5e8
core   0: 0x80000f64 (0xfef35c03) lhu     s8, -17(t1)
core   0: 3 0x80000f64 (0xfef35c03) x24 0x00000000 mem 0x8001f5d2
core   0: 0x80000f68 (0x01034a03) lbu     s4, 16(t1)
core   0: 3 0x80000f68 (0x01034a03) x20 0x00000000 mem 0x8001f5f3
core   0: 0x80000f6c (0x03634203) lbu     tp, 54(t1)
core   0: 3 0x80000f6c (0x03634203) x 4 0x00000000 mem 0x8001f619
core   0: 0x80000f70 (0xfd930123) sb      s9, -62(t1)
core   0: 3 0x80000f70 (0xfd930123) mem 0x8001f5a5 0x40
core   0: 0x80000f74 (0x02935b83) lhu     s7, 41(t1)
core   0: 3 0x80000f74 (0x02935b83) x23 0x00000000 mem 0x8001f60c
core   0: 0x80000f78 (0x00012517) auipc   a0, 0x12
core   0: 3 0x80000f78 (0x00012517) x10 0x80012f78
core   0: 0x80000f7c (0x50c50513) addi    a0, a0, 1292
core   0: 3 0x80000f7c (0x50c50513) x10 0x80013484
core   0: 0x80000f80 (0x00550483) lb      s1, 5(a0)
core   0: 3 0x80000f80 (0x00550483) x 9 0x00000000 mem 0x80013489
core   0: 0x80000f84 (0x016502a3) sb      s6, 5(a0)
core   0: 3 0x80000f84 (0x016502a3) mem 0x80013489 0x0
core   0: 0x80000f88 (0x000506a3) sb      zero, 13(a0)
core   0: 3 0x80000f88 (0x000506a3) mem 0x80013491 0x0
core   0: 0x80000f8c (0x00d54c83) lbu     s9, 13(a0)
core   0: 3 0x80000f8c (0x00d54c83) x25 0x00000000 mem 0x80013491
core   0: 0x80000f90 (0x00350b83) lb      s7, 3(a0)
core   0: 3 0x80000f90 (0x00350b83) x23 0x00000000 mem 0x80013487
core   0: 0x80000f94 (0x01d50323) sb      t4, 6(a0)
core   0: 3 0x80000f94 (0x01d50323) mem 0x8001348a 0x0
core   0: 0x80000f98 (0x012507a3) sb      s2, 15(a0)
core   0: 3 0x80000f98 (0x012507a3) mem 0x80013493 0x0
core   0: 0x80000f9c (0xfef50923) sb      a5, -14(a0)
core   0: 3 0x80000f9c (0xfef50923) mem 0x80013476 0x67
core   0: 0x80000fa0 (0x002503a3) sb      sp, 7(a0)
core   0: 3 0x80000fa0 (0x002503a3) mem 0x8001348b 0x0
core   0: 0x80000fa4 (0xffb50303) lb      t1, -5(a0)
core   0: 3 0x80000fa4 (0xffb50303) x 6 0x00000000 mem 0x8001347f
core   0: 0x80000fa8 (0x015503a3) sb      s5, 7(a0)
core   0: 3 0x80000fa8 (0x015503a3) mem 0x8001348b 0xa4
core   0: 0x80000fac (0x02535bb3) divu    s7, t1, t0
core   0: 3 0x80000fac (0x02535bb3) x23 0xffffffff
core   0: 0x80000fb0 (0x003503a3) sb      gp, 7(a0)
core   0: 3 0x80000fb0 (0x003503a3) mem 0x8001348b 0x0
core   0: 0x80000fb4 (0xffa50fa3) sb      s10, -1(a0)
core   0: 3 0x80000fb4 (0xffa50fa3) mem 0x80013483 0x40
core   0: 0x80000fb8 (0x00d54883) lbu     a7, 13(a0)
core   0: 3 0x80000fb8 (0x00d54883) x17 0x00000000 mem 0x80013491
core   0: 0x80000fbc (0x00d50a03) lb      s4, 13(a0)
core   0: 3 0x80000fbc (0x00d50a03) x20 0x00000000 mem 0x80013491
core   0: 0x80000fc0 (0x00d54c03) lbu     s8, 13(a0)
core   0: 3 0x80000fc0 (0x00d54c03) x24 0x00000000 mem 0x80013491
core   0: 0x80000fc4 (0x0ec88093) addi    ra, a7, 236
core   0: 3 0x80000fc4 (0x0ec88093) x 1 0x000000ec
core   0: 0x80000fc8 (0xfff50283) lb      t0, -1(a0)
core   0: 3 0x80000fc8 (0xfff50283) x 5 0x00000040 mem 0x80013483
core   0: 0x80000fcc (0xff050fa3) sb      a6, -1(a0)
core   0: 3 0x80000fcc (0xff050fa3) mem 0x80013483 0x0
core   0: 0x80000fd0 (0xfff54d03) lbu     s10, -1(a0)
core   0: 3 0x80000fd0 (0xfff54d03) x26 0x00000000 mem 0x80013483
core   0: 0x80000fd4 (0xffc51e83) lh      t4, -4(a0)
core   0: 3 0x80000fd4 (0xffc51e83) x29 0x00000000 mem 0x80013480
core   0: 0x80000fd8 (0x00012117) auipc   sp, 0x12
core   0: 3 0x80000fd8 (0x00012117) x 2 0x80012fd8
core   0: 0x80000fdc (0x57410113) addi    sp, sp, 1396
core   0: 3 0x80000fdc (0x57410113) x 2 0x8001354c
core   0: 0x80000fe0 (0x02d46433) rem     s0, s0, a3
core   0: 3 0x80000fe0 (0x02d46433) x 8 0x00000000
core   0: 0x80000fe4 (0x00710d03) lb      s10, 7(sp)
core   0: 3 0x80000fe4 (0x00710d03) x26 0x00000000 mem 0x80013553
core   0: 0x80000fe8 (0x00f4beb3) sltu    t4, s1, a5
core   0: 3 0x80000fe8 (0x00f4beb3) x29 0x00000001
core   0: 0x80000fec (0x00214603) lbu     a2, 2(sp)
core   0: 3 0x80000fec (0x00214603) x12 0x00000000 mem 0x8001354e
core   0: 0x80000ff0 (0x03dd1a33) mulh    s4, s10, t4
core   0: 3 0x80000ff0 (0x03dd1a33) x20 0x00000000
core   0: 0x80000ff4 (0x031c2cb3) mulhsu  s9, s8, a7
core   0: 3 0x80000ff4 (0x031c2cb3) x25 0x00000000
core   0: 0x80000ff8 (0x00e10303) lb      t1, 14(sp)
core   0: 3 0x80000ff8 (0x00e10303) x 6 0x00000000 mem 0x8001355a
core   0: 0x80000ffc (0x00000001) c.nop
core   0: 3 0x80000ffc (0x0001)
core   0: 0x80000ffe (0xff110e83) lb      t4, -15(sp)
core   0: 3 0x80000ffe (0xff110e83) x29 0x00000000 mem 0x8001353d
core   0: 0x80001002 (0x023c7a33) remu    s4, s8, gp
core   0: 3 0x80001002 (0x023c7a33) x20 0x00000000
core   0: 0x80001006 (0xffa14003) lbu     zero, -6(sp)
core   0: 3 0x80001006 (0xffa14003) mem 0x80013546
core   0: 0x8000100a (0x6a5aca13) xori    s4, s5, 1701
core   0: 3 0x8000100a (0x6a5aca13) x20 0x00000001
core   0: 0x8000100e (0x010105a3) sb      a6, 11(sp)
core   0: 3 0x8000100e (0x010105a3) mem 0x80013557 0x0
core   0: 0x80001012 (0xff514883) lbu     a7, -11(sp)
core   0: 3 0x80001012 (0xff514883) x17 0x00000000 mem 0x80013541
core   0: 0x80001016 (0x02a503b3) mul     t2, a0, a0
core   0: 3 0x80001016 (0x02a503b3) x 7 0x73cde410
core   0: 0x8000101a (0x2730e513) ori     a0, ra, 627
core   0: 3 0x8000101a (0x2730e513) x10 0x000002ff
core   0: 0x8000101e (0xff910783) lb      a5, -7(sp)
core   0: 3 0x8000101e (0xff910783) x15 0x00000000 mem 0x80013545
core   0: 0x80001022 (0x00910203) lb      tp, 9(sp)
core   0: 3 0x80001022 (0x00910203) x 4 0x00000000 mem 0x80013555
core   0: 0x80001026 (0x006d7a33) and     s4, s10, t1
core   0: 3 0x80001026 (0x006d7a33) x20 0x00000000
core   0: 0x8000102a (0x00008e5d) c.or    a2, a5
core   0: 3 0x8000102a (0x8e5d) x12 0x00000000
core   0: 0x8000102c (0x03b5ba33) mulhu   s4, a1, s11
core   0: 3 0x8000102c (0x03b5ba33) x20 0x00000000
core   0: 0x80001030 (0x0073b933) sltu    s2, t2, t2
core   0: 3 0x80001030 (0x0073b933) x18 0x00000000
core   0: 0x80001034 (0x01f104a3) sb      t6, 9(sp)
core   0: 3 0x80001034 (0x01f104a3) mem 0x80013555 0x0
core   0: 0x80001038 (0x00000001) c.nop
core   0: 3 0x80001038 (0x0001)
core   0: 0x8000103a (0x00215503) lhu     a0, 2(sp)
core   0: 3 0x8000103a (0x00215503) x10 0x00000000 mem 0x8001354e
core   0: 0x8000103e (0x00714b03) lbu     s6, 7(sp)
core   0: 3 0x8000103e (0x00714b03) x22 0x00000000 mem 0x80013553
core   0: 0x80001042 (0x038e0033) mul     zero, t3, s8
core   0: 3 0x80001042 (0x038e0033)
core   0: 0x80001046 (0x00215b03) lhu     s6, 2(sp)
core   0: 3 0x80001046 (0x00215b03) x22 0x00000000 mem 0x8001354e
core   0: 0x8000104a (0x017796b3) sll     a3, a5, s7
core   0: 3 0x8000104a (0x017796b3) x13 0x00000000
core   0: 0x8000104e (0xff012b03) lw      s6, -16(sp)
core   0: 3 0x8000104e (0xff012b03) x22 0x00000000 mem 0x8001353c
core   0: 0x80001052 (0x00008e29) c.xor   a2, a0
core   0: 3 0x80001052 (0x8e29) x12 0x00000000
core   0: 0x80001054 (0x00009226) c.add   tp, s1
core   0: 3 0x80001054 (0x9226) x 4 0x00000000
core   0: 0x80001056 (0x000066a1) c.lui   a3, 0x8
core   0: 3 0x80001056 (0x66a1) x13 0x00008000
core   0: 0x80001058 (0xced9bfb7) lui     t6, 0xced9b
core   0: 3 0x80001058 (0xced9bfb7) x31 0xced9b000
core   0: 0x8000105c (0x0000960e) c.add   a2, gp
core   0: 3 0x8000105c (0x960e) x12 0x00000000
core   0: 0x8000105e (0xff415183) lhu     gp, -12(sp)
core   0: 3 0x8000105e (0xff415183) x 3 0x00000000 mem 0x80013540
core   0: 0x80001062 (0x000044c2) c.lwsp  s1, 16(sp)
core   0: 3 0x80001062 (0x44c2) x 9 0x00000000 mem 0x8001355c
core   0: 0x80001064 (0xfff10003) lb      zero, -1(sp)
core   0: 3 0x80001064 (0xfff10003) mem 0x8001354b
core   0: 0x80001068 (0xffc15e83) lhu     t4, -4(sp)
core   0: 3 0x80001068 (0xffc15e83) x29 0x00000000 mem 0x80013548
core   0: 0x8000106c (0xff215603) lhu     a2, -14(sp)
core   0: 3 0x8000106c (0xff215603) x12 0x00000000 mem 0x8001353e
core   0: 0x80001070 (0x02c677b3) remu    a5, a2, a2
core   0: 3 0x80001070 (0x02c677b3) x15 0x00000000
core   0: 0x80001074 (0xff914e03) lbu     t3, -7(sp)
core   0: 3 0x80001074 (0xff914e03) x28 0x00000000 mem 0x80013545
core   0: 0x80001078 (0x00d10183) lb      gp, 13(sp)
core   0: 3 0x80001078 (0x00d10183) x 3 0x00000000 mem 0x80013559
core   0: 0x8000107c (0x00013c97) auipc   s9, 0x13
core   0: 3 0x8000107c (0x00013c97) x25 0x8001407c
core   0: 0x80001080 (0x981c8c93) addi    s9, s9, -1663
core   0: 3 0x80001080 (0x981c8c93) x25 0x800139fd
core   0: 0x80001084 (0x00013b17) auipc   s6, 0x13
core   0: 3 0x80001084 (0x00013b17) x22 0x80014084
core   0: 0x80001088 (0xaa7b0b13) addi    s6, s6, -1369
core   0: 3 0x80001088 (0xaa7b0b13) x22 0x80013b2b
core   0: 0x8000108c (0x00012a97) auipc   s5, 0x12
core   0: 3 0x8000108c (0x00012a97) x21 0x8001308c
core   0: 0x80001090 (0x1a7a8a93) addi    s5, s5, 423
core   0: 3 0x80001090 (0x1a7a8a93) x21 0x80013233
core   0: 0x80001094 (0x00013e97) auipc   t4, 0x13
core   0: 3 0x80001094 (0x00013e97) x29 0x80014094
core   0: 0x80001098 (0xbdee8e93) addi    t4, t4, -1058
core   0: 3 0x80001098 (0xbdee8e93) x29 0x80013c72
core   0: 0x8000109c (0xfd0cada3) sw      a6, -37(s9)
core   0: 3 0x8000109c (0xfd0cada3) mem 0x800139d8 0x00000000
core   0: 0x800010a0 (0x370e8483) lb      s1, 880(t4)
core   0: 3 0x800010a0 (0x370e8483) x 9 0x00000000 mem 0x80013fe2
core   0: 0x800010a4 (0xd84edb83) lhu     s7, -636(t4)
core   0: 3 0x800010a4 (0xd84edb83) x23 0x00000000 mem 0x800139f6
core   0: 0x800010a8 (0x00012997) auipc   s3, 0x12
core   0: 3 0x800010a8 (0x00012997) x19 0x800130a8
core   0: 0x800010ac (0x0a198993) addi    s3, s3, 161
core   0: 3 0x800010ac (0x0a198993) x19 0x80013149
core   0: 0x800010b0 (0x8d3ec783) lbu     a5, -1837(t4)
core   0: 3 0x800010b0 (0x8d3ec783) x15 0x00000000 mem 0x80013545
core   0: 0x800010b4 (0x48cb19a3) sh      a2, 1171(s6)
core   0: 3 0x800010b4 (0x48cb19a3) mem 0x80013fbe 0x0000
core   0: 0x800010b8 (0x049c8323) sb      s1, 70(s9)
core   0: 3 0x800010b8 (0x049c8323) mem 0x80013a43 0x0
core   0: 0x800010bc (0x0e4c8423) sb      tp, 232(s9)
core   0: 3 0x800010bc (0x0e4c8423) mem 0x80013ae5 0x0
core   0: 0x800010c0 (0xa3ee8283) lb      t0, -1474(t4)
core   0: 3 0x800010c0 (0xa3ee8283) x 5 0x00000000 mem 0x800136b0
core   0: 0x800010c4 (0x0e5cde03) lhu     t3, 229(s9)
core   0: 3 0x800010c4 (0x0e5cde03) x28 0x00000000 mem 0x80013ae2
core   0: 0x800010c8 (0x5a3aa6a3) sw      gp, 1453(s5)
core   0: 3 0x800010c8 (0x5a3aa6a3) mem 0x800137e0 0x00000000
core   0: 0x800010cc (0x0f699ea3) sh      s6, 253(s3)
core   0: 3 0x800010cc (0x0f699ea3) mem 0x80013246 0x3b2b
core   0: 0x800010d0 (0xeb3ea123) sw      s3, -350(t4)
core   0: 3 0x800010d0 (0xeb3ea123) mem 0x80013b14 0x80013149
core   0: 0x800010d4 (0x03199303) lh      t1, 49(s3)
core   0: 3 0x800010d4 (0x03199303) x 6 0xffffe400 mem 0x8001317a
core   0: 0x800010d8 (0x13db1903) lh      s2, 317(s6)
core   0: 3 0x800010d8 (0x13db1903) x18 0x00000000 mem 0x80013c68
core   0: 0x800010dc (0x990e8423) sb      a6, -1656(t4)
core   0: 3 0x800010dc (0x990e8423) mem 0x800135fa 0x0
core   0: 0x800010e0 (0x36aa8423) sb      a0, 872(s5)
core   0: 3 0x800010e0 (0x36aa8423) mem 0x8001359b 0x0
core   0: 0x800010e4 (0xa72b2aa3) sw      s2, -1419(s6)
core   0: 3 0x800010e4 (0xa72b2aa3) mem 0x800135a0 0x00000000
core   0: 0x800010e8 (0xff1c8d83) lb      s11, -15(s9)
core   0: 3 0x800010e8 (0xff1c8d83) x27 0x00000000 mem 0x800139ee
core   0: 0x800010ec (0x552a8423) sb      s2, 1352(s5)
core   0: 3 0x800010ec (0x552a8423) mem 0x8001377b 0x0
core   0: 0x800010f0 (0x94fe9123) sh      a5, -1726(t4)
core   0: 3 0x800010f0 (0x94fe9123) mem 0x800135b4 0x0000
core   0: 0x800010f4 (0x838e9283) lh      t0, -1992(t4)
core   0: 3 0x800010f4 (0x838e9283) x 5 0x00000000 mem 0x800134aa
core   0: 0x800010f8 (0x404b0123) sb      tp, 1026(s6)
core   0: 3 0x800010f8 (0x404b0123) mem 0x80013f2d 0x0
core   0: 0x800010fc (0xacae9d03) lh      s10, -1334(t4)
core   0: 3 0x800010fc (0xacae9d03) x26 0x00000000 mem 0x8001373c
core   0: 0x80001100 (0x08898e03) lb      t3, 136(s3)
core   0: 3 0x80001100 (0x08898e03) x28 0x00000000 mem 0x800131d1
core   0: 0x80001104 (0x436a8823) sb      s6, 1072(s5)
core   0: 3 0x80001104 (0x436a8823) mem 0x80013663 0x2b
core   0: 0x80001108 (0x41cac603) lbu     a2, 1052(s5)
core   0: 3 0x80001108 (0x41cac603) x12 0x00000000 mem 0x8001364f
core   0: 0x8000110c (0x08b9dd03) lhu     s10, 139(s3)
core   0: 3 0x8000110c (0x08b9dd03) x26 0x00000000 mem 0x800131d4
core   0: 0x80001110 (0x8e8e9103) lh      sp, -1816(t4)
core   0: 3 0x80001110 (0x8e8e9103) x 2 0x00000000 mem 0x8001355a
core   0: 0x80001114 (0x0b698f83) lb      t6, 182(s3)
core   0: 3 0x80001114 (0x0b698f83) x31 0x00000000 mem 0x800131ff
core   0: 0x80001118 (0x4dab4483) lbu     s1, 1242(s6)
core   0: 3 0x80001118 (0x4dab4483) x 9 0x00000000 mem 0x80014005
core   0: 0x8000111c (0x02b98023) sb      a1, 32(s3)
core   0: 3 0x8000111c (0x02b98023) mem 0x80013169 0xe4
core   0: 0x80001120 (0x00012917) auipc   s2, 0x12
core   0: 3 0x80001120 (0x00012917) x18 0x80013120
core   0: 0x80001124 (0x5a690913) addi    s2, s2, 1446
core   0: 3 0x80001124 (0x5a690913) x18 0x800136c6
core   0: 0x80001128 (0xf9191c23) sh      a7, -104(s2)
core   0: 3 0x80001128 (0xf9191c23) mem 0x8001365e 0x0000
core   0: 0x8000112c (0xf9894803) lbu     a6, -104(s2)
core   0: 3 0x8000112c (0xf9894803) x16 0x00000000 mem 0x8001365e
core   0: 0x80001130 (0x26590c83) lb      s9, 613(s2)
core   0: 3 0x80001130 (0x26590c83) x25 0x00000000 mem 0x8001392b
core   0: 0x80001134 (0x26594a83) lbu     s5, 613(s2)
core   0: 3 0x80001134 (0x26594a83) x21 0x00000000 mem 0x8001392b
core   0: 0x80001138 (0x26590003) lb      zero, 613(s2)
core   0: 3 0x80001138 (0x26590003) mem 0x8001392b
core   0: 0x8000113c (0xc37902a3) sb      s7, -987(s2)
core   0: 3 0x8000113c (0xc37902a3) mem 0x800132eb 0x0
core   0: 0x80001140 (0xc2590003) lb      zero, -987(s2)
core   0: 3 0x80001140 (0xc2590003) mem 0x800132eb
core   0: 0x80001144 (0x00b458b3) srl     a7, s0, a1
core   0: 3 0x80001144 (0x00b458b3) x17 0x00000000
core   0: 0x80001148 (0x00008f85) c.sub   a5, s1
core   0: 3 0x80001148 (0x8f85) x15 0x00000000
core   0: 0x8000114a (0x1d190483) lb      s1, 465(s2)
core   0: 3 0x8000114a (0x1d190483) x 9 0x00000000 mem 0x80013897
core   0: 0x8000114e (0x63c94803) lbu     a6, 1596(s2)
core   0: 3 0x8000114e (0x63c94803) x16 0x00000000 mem 0x80013d02
core   0: 0x80001152 (0x63c91383) lh      t2, 1596(s2)
core   0: 3 0x80001152 (0x63c91383) x 7 0x00000000 mem 0x80013d02
core   0: 0x80001156 (0x01521433) sll     s0, tp, s5
core   0: 3 0x80001156 (0x01521433) x 8 0x00000000
core   0: 0x8000115a (0x63c90a83) lb      s5, 1596(s2)
core   0: 3 0x8000115a (0x63c90a83) x21 0x00000000 mem 0x80013d02
core   0: 0x8000115e (0x09a92923) sw      s10, 146(s2)
core   0: 3 0x8000115e (0x09a92923) mem 0x80013758 0x00000000
core   0: 0x80001162 (0x08c92923) sw      a2, 146(s2)
core   0: 3 0x80001162 (0x08c92923) mem 0x80013758 0x00000000
core   0: 0x80001166 (0x00008291) c.srli  a3, 4
core   0: 3 0x80001166 (0x8291) x13 0x00000800
core   0: 0x80001168 (0xbf294383) lbu     t2, -1038(s2)
core   0: 3 0x80001168 (0xbf294383) x 7 0x00000000 mem 0x800132b8
core   0: 0x8000116c (0xbf294383) lbu     t2, -1038(s2)
core   0: 3 0x8000116c (0xbf294383) x 7 0x00000000 mem 0x800132b8
core   0: 0x80001170 (0x00021917) auipc   s2, 0x21
core   0: 3 0x80001170 (0x00021917) x18 0x80022170
core   0: 0x80001174 (0x7b090913) addi    s2, s2, 1968
core   0: 3 0x80001174 (0x7b090913) x18 0x80022920
core   0: 0x80001178 (0x035933b3) mulhu   t2, s2, s5
core   0: 3 0x80001178 (0x035933b3) x 7 0x00000000
core   0: 0x8000117c (0x029905a3) sb      s1, 43(s2)
core   0: 3 0x8000117c (0x029905a3) mem 0x8002294b 0x0
core   0: 0x80001180 (0x00008971) c.andi  a0, 28
core   0: 3 0x80001180 (0x8971) x10 0x00000000
core   0: 0x80001182 (0x00006845) c.lui   a6, 0x11
core   0: 3 0x80001182 (0x6845) x16 0x00011000
core   0: 0x80001184 (0x07290fa3) sb      s2, 127(s2)
core   0: 3 0x80001184 (0x07290fa3) mem 0x8002299f 0x20
core   0: 0x80001188 (0xfd892003) lw      zero, -40(s2)
core   0: 3 0x80001188 (0xfd892003) mem 0x800228f8
core   0: 0x8000118c (0xfc6909a3) sb      t1, -45(s2)
core   0: 3 0x8000118c (0xfc6909a3) mem 0x800228f3 0x0
core   0: 0x80001190 (0x0000038d) c.addi  t2, 3
core   0: 3 0x80001190 (0x038d) x 7 0x00000003
core   0: 0x80001192 (0xf1b90c83) lb      s9, -229(s2)
core   0: 3 0x80001192 (0xf1b90c83) x25 0x00000000 mem 0x8002283b
core   0: 0x80001196 (0x02ca5433) divu    s0, s4, a2
core   0: 3 0x80001196 (0x02ca5433) x 8 0xffffffff
core   0: 0x8000119a (0x08092203) lw      tp, 128(s2)
core   0: 3 0x8000119a (0x08092203) x 4 0x00000000 mem 0x800229a0
core   0: 0x8000119e (0x0e495483) lhu     s1, 228(s2)
core   0: 3 0x8000119e (0x0e495483) x 9 0x00000000 mem 0x80022a04
core   0: 0x800011a2 (0xfa591623) sh      t0, -84(s2)
core   0: 3 0x800011a2 (0xfa591623) mem 0x800228cc 0x0000
core   0: 0x800011a6 (0x0ec90823) sb      a2, 240(s2)
core   0: 3 0x800011a6 (0x0ec90823) mem 0x80022a10 0x0
core   0: 0x800011aa (0xfc6908a3) sb      t1, -47(s2)
core   0: 3 0x800011aa (0xfc6908a3) mem 0x800228f1 0x0
core   0: 0x800011ae (0x00000001) c.nop
core   0: 3 0x800011ae (0x0001)
core   0: 0x800011b0 (0xbd14b393) sltiu   t2, s1, -1071
core   0: 3 0x800011b0 (0xbd14b393) x 7 0x00000001
core   0: 0x800011b4 (0x00005d7d) c.li    s10, -1
core   0: 3 0x800011b4 (0x5d7d) x26 0xffffffff
core   0: 0x800011b6 (0xf3f94f83) lbu     t6, -193(s2)
core   0: 3 0x800011b6 (0xf3f94f83) x31 0x00000000 mem 0x8002285f
core   0: 0x800011ba (0xf3490e03) lb      t3, -204(s2)
core   0: 3 0x800011ba (0xf3490e03) x28 0x00000000 mem 0x80022854
core   0: 0x800011be (0x073622b7) lui     t0, 0x7362
core   0: 3 0x800011be (0x073622b7) x 5 0x07362000
core   0: 0x800011c2 (0xfd790b03) lb      s6, -41(s2)
core   0: 3 0x800011c2 (0xfd790b03) x22 0x00000000 mem 0x800228f7
core   0: 0x800011c6 (0x04492f83) lw      t6, 68(s2)
core   0: 3 0x800011c6 (0x04492f83) x31 0x00000000 mem 0x80022964
core   0: 0x800011ca (0x01b0dc33) srl     s8, ra, s11
core   0: 3 0x800011ca (0x01b0dc33) x24 0x000000ec
core   0: 0x800011ce (0xf3194283) lbu     t0, -207(s2)
core   0: 3 0x800011ce (0xf3194283) x 5 0x00000000 mem 0x80022851
core   0: 0x800011d2 (0x07790603) lb      a2, 119(s2)
core   0: 3 0x800011d2 (0x07790603) x12 0x00000000 mem 0x80022997
core   0: 0x800011d6 (0x00008ffd) c.and   a5, a5
core   0: 3 0x800011d6 (0x8ffd) x15 0x00000000
core   0: 0x800011d8 (0x04f90c83) lb      s9, 79(s2)
core   0: 3 0x800011d8 (0x04f90c83) x25 0x00000000 mem 0x8002296f
core   0: 0x800011dc (0xf9e90383) lb      t2, -98(s2)
core   0: 3 0x800011dc (0xf9e90383) x 7 0x00000000 mem 0x800228be
core   0: 0x800011e0 (0x08994183) lbu     gp, 137(s2)
core   0: 3 0x800011e0 (0x08994183) x 3 0x00000000 mem 0x800229a9
core   0: 0x800011e4 (0xfab94303) lbu     t1, -85(s2)
core   0: 3 0x800011e4 (0xfab94303) x 6 0x00000000 mem 0x800228cb
core   0: 0x800011e8 (0x417f81b3) sub     gp, t6, s7
core   0: 3 0x800011e8 (0x417f81b3) x 3 0x00000000
core   0: 0x800011ec (0xf2295c03) lhu     s8, -222(s2)
core   0: 3 0x800011ec (0xf2295c03) x24 0x00000000 mem 0x80022842
core   0: 0x800011f0 (0x00013097) auipc   ra, 0x13
core   0: 3 0x800011f0 (0x00013097) x 1 0x800141f0
core   0: 0x800011f4 (0x94208093) addi    ra, ra, -1726
core   0: 3 0x800011f4 (0x94208093) x 1 0x80013b32
core   0: 0x800011f8 (0x02a0aa83) lw      s5, 42(ra)
core   0: 3 0x800011f8 (0x02a0aa83) x21 0x00000000 mem 0x80013b5c
core   0: 0x800011fc (0x02a0c683) lbu     a3, 42(ra)
core   0: 3 0x800011fc (0x02a0c683) x13 0x00000000 mem 0x80013b5c
core   0: 0x80001200 (0x03e08523) sb      t5, 42(ra)
core   0: 3 0x80001200 (0x03e08523) mem 0x80013b5c 0x0
core   0: 0x80001204 (0x02a08b03) lb      s6, 42(ra)
core   0: 3 0x80001204 (0x02a08b03) x22 0x00000000 mem 0x80013b5c
core   0: 0x80001208 (0x02a0c483) lbu     s1, 42(ra)
core   0: 3 0x80001208 (0x02a0c483) x 9 0x00000000 mem 0x80013b5c
core   0: 0x8000120c (0x02c09523) sh      a2, 42(ra)
core   0: 3 0x8000120c (0x02c09523) mem 0x80013b5c 0x0000
core   0: 0x80001210 (0x02a0ad03) lw      s10, 42(ra)
core   0: 3 0x80001210 (0x02a0ad03) x26 0x00000000 mem 0x80013b5c
core   0: 0x80001214 (0xff608883) lb      a7, -10(ra)
core   0: 3 0x80001214 (0xff608883) x17 0x00000000 mem 0x80013b28
core   0: 0x80001218 (0xff60ac03) lw      s8, -10(ra)
core   0: 3 0x80001218 (0xff60ac03) x24 0x00000000 mem 0x80013b28
core   0: 0x8000121c (0xff60d203) lhu     tp, -10(ra)
core   0: 3 0x8000121c (0xff60d203) x 4 0x00000000 mem 0x80013b28
core   0: 0x80001220 (0xfc908503) lb      a0, -55(ra)
core   0: 3 0x80001220 (0xfc908503) x10 0x00000000 mem 0x80013afb
core   0: 0x80001224 (0x00008c25) c.xor   s0, s1
core   0: 3 0x80001224 (0x8c25) x 8 0xffffffff
core   0: 0x80001226 (0x0170c503) lbu     a0, 23(ra)
core   0: 3 0x80001226 (0x0170c503) x10 0x00000000 mem 0x80013b49
core   0: 0x8000122a (0x00308ba3) sb      gp, 23(ra)
core   0: 3 0x8000122a (0x00308ba3) mem 0x80013b49 0x0
core   0: 0x8000122e (0x00608ba3) sb      t1, 23(ra)
core   0: 3 0x8000122e (0x00608ba3) mem 0x80013b49 0x0
core   0: 0x80001232 (0x0170c483) lbu     s1, 23(ra)
core   0: 3 0x80001232 (0x0170c483) x 9 0x00000000 mem 0x80013b49
core   0: 0x80001236 (0x01f08ba3) sb      t6, 23(ra)
core   0: 3 0x80001236 (0x01f08ba3) mem 0x80013b49 0x0
core   0: 0x8000123a (0x0200d103) lhu     sp, 32(ra)
core   0: 3 0x8000123a (0x0200d103) x 2 0x00000000 mem 0x80013b52
core   0: 0x8000123e (0x02009303) lh      t1, 32(ra)
core   0: 3 0x8000123e (0x02009303) x 6 0x00000000 mem 0x80013b52
core   0: 0x80001242 (0x02808023) sb      s0, 32(ra)
core   0: 3 0x80001242 (0x02808023) mem 0x80013b52 0xff
core   0: 0x80001246 (0x03609023) sh      s6, 32(ra)
core   0: 3 0x80001246 (0x03609023) mem 0x80013b52 0x0000
core   0: 0x8000124a (0x0001ce97) auipc   t4, 0x1c
core   0: 3 0x8000124a (0x0001ce97) x29 0x8001d24a
core   0: 0x8000124e (0x802e8e93) addi    t4, t4, -2046
core   0: 3 0x8000124e (0x802e8e93) x29 0x8001ca4c
core   0: 0x80001252 (0xffeecd03) lbu     s10, -2(t4)
core   0: 3 0x80001252 (0xffeecd03) x26 0x00000000 mem 0x8001ca4a
core   0: 0x80001256 (0x036c8ab3) mul     s5, s9, s6
core   0: 3 0x80001256 (0x036c8ab3) x21 0x00000000
core   0: 0x8000125a (0xff2e9f23) sh      s2, -2(t4)
core   0: 3 0x8000125a (0xff2e9f23) mem 0x8001ca4a 0x2920
core   0: 0x8000125e (0x00fea423) sw      a5, 8(t4)
core   0: 3 0x8000125e (0x00fea423) mem 0x8001ca54 0x00000000
core   0: 0x80001262 (0x008ea803) lw      a6, 8(t4)
core   0: 3 0x80001262 (0x008ea803) x16 0x00000000 mem 0x8001ca54
core   0: 0x80001266 (0x01de9423) sh      t4, 8(t4)
core   0: 3 0x80001266 (0x01de9423) mem 0x8001ca54 0xca4c
core   0: 0x8000126a (0x00ee9423) sh      a4, 8(t4)
core   0: 3 0x8000126a (0x00ee9423) mem 0x8001ca54 0x8e64
core   0: 0x8000126e (0x008e8c83) lb      s9, 8(t4)
core   0: 3 0x8000126e (0x008e8c83) x25 0x00000064 mem 0x8001ca54
core   0: 0x80001272 (0x011ea423) sw      a7, 8(t4)
core   0: 3 0x80001272 (0x011ea423) mem 0x8001ca54 0x00000000
core   0: 0x80001276 (0x008ed483) lhu     s1, 8(t4)
core   0: 3 0x80001276 (0x008ed483) x 9 0x00000000 mem 0x8001ca54
core   0: 0x8000127a (0x03fb96b3) mulh    a3, s7, t6
core   0: 3 0x8000127a (0x03fb96b3) x13 0x00000000
core   0: 0x8000127e (0x000011fd) c.addi  gp, -1
core   0: 3 0x8000127e (0x11fd) x 3 0xffffffff
core   0: 0x80001280 (0xff9ec483) lbu     s1, -7(t4)
core   0: 3 0x80001280 (0xff9ec483) x 9 0x00000000 mem 0x8001ca45
core   0: 0x80001284 (0x00008af5) c.andi  a3, 29
core   0: 3 0x80001284 (0x8af5) x13 0x00000000
core   0: 0x80001286 (0xd44c0493) addi    s1, s8, -700
core   0: 3 0x80001286 (0xd44c0493) x 9 0xfffffd44
core   0: 0x8000128a (0xff9ec603) lbu     a2, -7(t4)
core   0: 3 0x8000128a (0xff9ec603) x12 0x00000000 mem 0x8001ca45
core   0: 0x8000128e (0x0000100f) fence.i
core   0: 3 0x8000128e (0x0000100f)
core   0: 0x80001292 (0x0000844e) c.mv    s0, s3
core   0: 3 0x80001292 (0x844e) x 8 0x80013149
core   0: 0x80001294 (0xfece8ca3) sb      a2, -7(t4)
core   0: 3 0x80001294 (0xfece8ca3) mem 0x8001ca45 0x0
core   0: 0x80001298 (0x003e8323) sb      gp, 6(t4)
core   0: 3 0x80001298 (0x003e8323) mem 0x8001ca52 0xff
core   0: 0x8000129c (0x0001df97) auipc   t6, 0x1d
core   0: 3 0x8000129c (0x0001df97) x31 0x8001e29c
core   0: 0x800012a0 (0x1fcf8f93) addi    t6, t6, 508
core   0: 3 0x800012a0 (0x1fcf8f93) x31 0x8001e498
core   0: 0x800012a4 (0xe90f8423) sb      a6, -376(t6)
core   0: 3 0x800012a4 (0xe90f8423) mem 0x8001e320 0x0
core   0: 0x800012a8 (0x00008935) c.andi  a0, 13
core   0: 3 0x800012a8 (0x8935) x10 0x00000000
core   0: 0x800012aa (0x5b3cee93) ori     t4, s9, 1459
core   0: 3 0x800012aa (0x5b3cee93) x29 0x000005f7
core   0: 0x800012ae (0x58ff8403) lb      s0, 1423(t6)
core   0: 3 0x800012ae (0x58ff8403) x 8 0x00000000 mem 0x8001ea27
core   0: 0x800012b2 (0xc80f8603) lb      a2, -896(t6)
core   0: 3 0x800012b2 (0xc80f8603) x12 0x00000000 mem 0x8001e118
core   0: 0x800012b6 (0xa093ed93) ori     s11, t2, -1527
core   0: 3 0x800012b6 (0xa093ed93) x27 0xfffffa09
core   0: 0x800012ba (0x4b3fc003) lbu     zero, 1203(t6)
core   0: 3 0x800012ba (0x4b3fc003) mem 0x8001e94b
core   0: 0x800012be (0x9b7fac23) sw      s7, -1608(t6)
core   0: 3 0x800012be (0x9b7fac23) mem 0x8001de50 0x00000000
core   0: 0x800012c2 (0xceaf8ca3) sb      a0, -775(t6)
core   0: 3 0x800012c2 (0xceaf8ca3) mem 0x8001e191 0x0
core   0: 0x800012c6 (0x67df8e23) sb      t4, 1660(t6)
core   0: 3 0x800012c6 (0x67df8e23) mem 0x8001eb14 0xf7
core   0: 0x800012ca (0x00e39113) slli    sp, t2, 14
core   0: 3 0x800012ca (0x00e39113) x 2 0x00000000
core   0: 0x800012ce (0xe80f9c83) lh      s9, -384(t6)
core   0: 3 0x800012ce (0xe80f9c83) x25 0x00000000 mem 0x8001e318
core   0: 0x800012d2 (0x063f9d23) sh      gp, 122(t6)
core   0: 3 0x800012d2 (0x063f9d23) mem 0x8001e512 0xffff
core   0: 0x800012d6 (0xa07fc983) lbu     s3, -1529(t6)
core   0: 3 0x800012d6 (0xa07fc983) x19 0x00000000 mem 0x8001de9f
core   0: 0x800012da (0x02812033) mulhsu  zero, sp, s0
core   0: 3 0x800012da (0x02812033)
core   0: 0x800012de (0xc12fd483) lhu     s1, -1006(t6)
core   0: 3 0x800012de (0xc12fd483) x 9 0x00000000 mem 0x8001e0aa
core   0: 0x800012e2 (0x12df9423) sh      a3, 296(t6)
core   0: 3 0x800012e2 (0x12df9423) mem 0x8001e5c0 0x0000
core   0: 0x800012e6 (0x0000100f) fence.i
core   0: 3 0x800012e6 (0x0000100f)
core   0: 0x800012ea (0x00006cfd) c.lui   s9, 0x1f
core   0: 3 0x800012ea (0x6cfd) x25 0x0001f000
core   0: 0x800012ec (0x358fc183) lbu     gp, 856(t6)
core   0: 3 0x800012ec (0x358fc183) x 3 0x00000000 mem 0x8001e7f0
core   0: 0x800012f0 (0xbd2f8d83) lb      s11, -1070(t6)
core   0: 3 0x800012f0 (0xbd2f8d83) x27 0x00000000 mem 0x8001e06a
core   0: 0x800012f4 (0x01118333) add     t1, gp, a7
core   0: 3 0x800012f4 (0x01118333) x 6 0x00000000
core   0: 0x800012f8 (0x3d6fd483) lhu     s1, 982(t6)
core   0: 3 0x800012f8 (0x3d6fd483) x 9 0x00000000 mem 0x8001e86e
core   0: 0x800012fc (0x6a3f8783) lb      a5, 1699(t6)
core   0: 3 0x800012fc (0x6a3f8783) x15 0x00000000 mem 0x8001eb3b
core   0: 0x80001300 (0x00001390) c.addi4spn a2, sp, 480
core   0: 3 0x80001300 (0x1390) x12 0x000001e0
core   0: 0x80001302 (0x41afcb03) lbu     s6, 1050(t6)
core   0: 3 0x80001302 (0x41afcb03) x22 0x00000000 mem 0x8001e8b2
core   0: 0x80001306 (0x295f8ba3) sb      s5, 663(t6)
core   0: 3 0x80001306 (0x295f8ba3) mem 0x8001e72f 0x0
core   0: 0x8000130a (0x00008c7d) c.and   s0, a5
core   0: 3 0x8000130a (0x8c7d) x 8 0x00000000
core   0: 0x8000130c (0x017a4bb3) xor     s7, s4, s7
core   0: 3 0x8000130c (0x017a4bb3) x23 0x00000000
core   0: 0x80001310 (0x1a3fae23) sw      gp, 444(t6)
core   0: 3 0x80001310 (0x1a3fae23) mem 0x8001e654 0x00000000
core   0: 0x80001314 (0x0033e633) or      a2, t2, gp
core   0: 3 0x80001314 (0x0033e633) x12 0x00000000
core   0: 0x80001318 (0x0ff0000f) fence   iorw,iorw
core   0: 3 0x80001318 (0x0ff0000f)
core   0: 0x8000131c (0x000087ce) c.mv    a5, s3
core   0: 3 0x8000131c (0x87ce) x15 0x00000000
core   0: 0x8000131e (0xf38f8623) sb      s8, -212(t6)
core   0: 3 0x8000131e (0xf38f8623) mem 0x8001e3c4 0x0
core   0: 0x80001322 (0x17dfc883) lbu     a7, 381(t6)
core   0: 3 0x80001322 (0x17dfc883) x17 0x00000000 mem 0x8001e615
core   0: 0x80001326 (0xa75fc983) lbu     s3, -1419(t6)
core   0: 3 0x80001326 (0xa75fc983) x19 0x00000000 mem 0x8001df0d
core   0: 0x8000132a (0x00006441) c.lui   s0, 0x10
core   0: 3 0x8000132a (0x6441) x 8 0x00010000
core   0: 0x8000132c (0x82557e93) andi    t4, a0, -2011
core   0: 3 0x8000132c (0x82557e93) x29 0x00000000
core   0: 0x80001330 (0xd55f8083) lb      ra, -683(t6)
core   0: 3 0x80001330 (0xd55f8083) x 1 0x00000000 mem 0x8001e1ed
core   0: 0x80001334 (0xd52a2893) slti    a7, s4, -686
core   0: 3 0x80001334 (0xd52a2893) x17 0x00000000
core   0: 0x80001338 (0x00280d33) add     s10, a6, sp
core   0: 3 0x80001338 (0x00280d33) x26 0x00000000
core   0: 0x8000133c (0x318f9d23) sh      s8, 794(t6)
core   0: 3 0x8000133c (0x318f9d23) mem 0x8001e7b2 0x0000
core   0: 0x80001340 (0x2f1f8303) lb      t1, 753(t6)
core   0: 3 0x80001340 (0x2f1f8303) x 6 0x00000000 mem 0x8001e789
core   0: 0x80001344 (0x350f8383) lb      t2, 848(t6)
core   0: 3 0x80001344 (0x350f8383) x 7 0x00000000 mem 0x8001e7e8
core   0: 0x80001348 (0x605fc603) lbu     a2, 1541(t6)
core   0: 3 0x80001348 (0x605fc603) x12 0x00000000 mem 0x8001ea9d
core   0: 0x8000134c (0x5a9fca83) lbu     s5, 1449(t6)
core   0: 3 0x8000134c (0x5a9fca83) x21 0x00000000 mem 0x8001ea41
core   0: 0x80001350 (0x00000001) c.nop
core   0: 3 0x80001350 (0x0001)
core   0: 0x80001352 (0x41f188b3) sub     a7, gp, t6
core   0: 3 0x80001352 (0x41f188b3) x17 0x7ffe1b68
core   0: 0x80001356 (0x59df80a3) sb      t4, 1409(t6)
core   0: 3 0x80001356 (0x59df80a3) mem 0x8001ea19 0x0
core   0: 0x8000135a (0xa80f8ba3) sb      zero, -1385(t6)
core   0: 3 0x8000135a (0xa80f8ba3) mem 0x8001df2f 0x0
core   0: 0x8000135e (0x0001e797) auipc   a5, 0x1e
core   0: 3 0x8000135e (0x0001e797) x15 0x8001f35e
core   0: 0x80001362 (0x97b78793) addi    a5, a5, -1669
core   0: 3 0x80001362 (0x97b78793) x15 0x8001ecd9
core   0: 0x80001366 (0x03678d23) sb      s6, 58(a5)
core   0: 3 0x80001366 (0x03678d23) mem 0x8001ed13 0x0
core   0: 0x8000136a (0xfce78c03) lb      s8, -50(a5)
core   0: 3 0x8000136a (0xfce78c03) x24 0x00000000 mem 0x8001eca7
core   0: 0x8000136e (0x00009646) c.add   a2, a7
core   0: 3 0x8000136e (0x9646) x12 0x7ffe1b68
core   0: 0x80001370 (0xfce78a03) lb      s4, -50(a5)
core   0: 3 0x80001370 (0xfce78a03) x20 0x00000000 mem 0x8001eca7
core   0: 0x80001374 (0xfda78723) sb      s10, -50(a5)
core   0: 3 0x80001374 (0xfda78723) mem 0x8001eca7 0x0
core   0: 0x80001378 (0x146570b7) lui     ra, 0x14657
core   0: 3 0x80001378 (0x146570b7) x 1 0x14657000
core   0: 0x8000137c (0xfce78103) lb      sp, -50(a5)
core   0: 3 0x8000137c (0xfce78103) x 2 0x00000000 mem 0x8001eca7
core   0: 0x80001380 (0xfcb78723) sb      a1, -50(a5)
core   0: 3 0x80001380 (0xfcb78723) mem 0x8001eca7 0xe4
core   0: 0x80001384 (0xfce7c903) lbu     s2, -50(a5)
core   0: 3 0x80001384 (0xfce7c903) x18 0x000000e4 mem 0x8001eca7
core   0: 0x80001388 (0xfce7c003) lbu     zero, -50(a5)
core   0: 3 0x80001388 (0xfce7c003) mem 0x8001eca7
core   0: 0x8000138c (0xfef79183) lh      gp, -17(a5)
core   0: 3 0x8000138c (0xfef79183) x 3 0x00000000 mem 0x8001ecc8
core   0: 0x80001390 (0xfef7cf83) lbu     t6, -17(a5)
core   0: 3 0x80001390 (0xfef7cf83) x31 0x00000000 mem 0x8001ecc8
core   0: 0x80001394 (0x00012997) auipc   s3, 0x12
core   0: 3 0x80001394 (0x00012997) x19 0x80013394
core   0: 0x80001398 (0x64b98993) addi    s3, s3, 1611
core   0: 3 0x80001398 (0x64b98993) x19 0x800139df
core   0: 0x8000139c (0x00018d17) auipc   s10, 0x18
core   0: 3 0x8000139c (0x00018d17) x26 0x8001939c
core   0: 0x800013a0 (0x8f6d0d13) addi    s10, s10, -1802
core   0: 3 0x800013a0 (0x8f6d0d13) x26 0x80018c92
core   0: 0x800013a4 (0xfc19aa03) lw      s4, -63(s3)
core   0: 3 0x800013a4 (0xfc19aa03) x20 0x00000000 mem 0x800139a0
core   0: 0x800013a8 (0x016d1a23) sh      s6, 20(s10)
core   0: 3 0x800013a8 (0x016d1a23) mem 0x80018ca6 0x0000
core   0: 0x800013ac (0xfd799483) lh      s1, -41(s3)
core   0: 3 0x800013ac (0xfd799483) x 9 0x00000000 mem 0x800139b6
core   0: 0x800013b0 (0xfd7d0d83) lb      s11, -41(s10)
core   0: 3 0x800013b0 (0xfd7d0d83) x27 0x00000000 mem 0x80018c69
core   0: 0x800013b4 (0xff398423) sb      s3, -24(s3)
core   0: 3 0x800013b4 (0xff398423) mem 0x800139c7 0xdf
core   0: 0x800013b8 (0x049d0023) sb      s1, 64(s10)
core   0: 3 0x800013b8 (0x049d0023) mem 0x80018cd2 0x0
core   0: 0x800013bc (0x01098c03) lb      s8, 16(s3)
core   0: 3 0x800013bc (0x01098c03) x24 0x00000000 mem 0x800139ef
core   0: 0x800013c0 (0xfc798123) sb      t2, -62(s3)
core   0: 3 0x800013c0 (0xfc798123) mem 0x800139a1 0x0
core   0: 0x800013c4 (0x00dd0023) sb      a3, 0(s10)
core   0: 3 0x800013c4 (0x00dd0023) mem 0x80018c92 0x0
core   0: 0x800013c8 (0x02b99f83) lh      t6, 43(s3)
core   0: 3 0x800013c8 (0x02b99f83) x31 0x00000000 mem 0x80013a0a
core   0: 0x800013cc (0x004d0d23) sb      tp, 26(s10)
core   0: 3 0x800013cc (0x004d0d23) mem 0x80018cac 0x0
core   0: 0x800013d0 (0x033d4d83) lbu     s11, 51(s10)
core   0: 3 0x800013d0 (0x033d4d83) x27 0x00000000 mem 0x80018cc5
core   0: 0x800013d4 (0xfeb98723) sb      a1, -18(s3)
core   0: 3 0x800013d4 (0xfeb98723) mem 0x800139cd 0xe4
core   0: 0x800013d8 (0xfc4d2923) sw      tp, -46(s10)
core   0: 3 0x800013d8 (0xfc4d2923) mem 0x80018c64 0x00000000
core   0: 0x800013dc (0x00012517) auipc   a0, 0x12
core   0: 3 0x800013dc (0x00012517) x10 0x800133dc
core   0: 0x800013e0 (0xeac50513) addi    a0, a0, -340
core   0: 3 0x800013e0 (0xeac50513) x10 0x80013288
core   0: 0x800013e4 (0x0d9502a3) sb      s9, 197(a0)
core   0: 3 0x800013e4 (0x0d9502a3) mem 0x8001334d 0x0
core   0: 0x800013e8 (0xf5354783) lbu     a5, -173(a0)
core   0: 3 0x800013e8 (0xf5354783) x15 0x00000000 mem 0x800131db
core   0: 0x800013ec (0x07451623) sh      s4, 108(a0)
core   0: 3 0x800013ec (0x07451623) mem 0x800132f4 0x0000
core   0: 0x800013f0 (0xf93509a3) sb      s3, -109(a0)
core   0: 3 0x800013f0 (0xf93509a3) mem 0x8001321b 0xdf
core   0: 0x800013f4 (0x000040c1) c.li    ra, 16
core   0: 3 0x800013f4 (0x40c1) x 1 0x00000010
core   0: 0x800013f6 (0x022b7433) remu    s0, s6, sp
core   0: 3 0x800013f6 (0x022b7433) x 8 0x00000000
core   0: 0x800013fa (0x08460c93) addi    s9, a2, 132
core   0: 3 0x800013fa (0x08460c93) x25 0x7ffe1bec
core   0: 0x800013fe (0x00008c31) c.xor   s0, a2
core   0: 3 0x800013fe (0x8c31) x 8 0x7ffe1b68
core   0: 0x80001400 (0xa0d11197) auipc   gp, 0xa0d11
core   0: 3 0x80001400 (0xa0d11197) x 3 0x20d12400
core   0: 0x80001404 (0xf0b54383) lbu     t2, -245(a0)
core   0: 3 0x80001404 (0xf0b54383) x 7 0x00000000 mem 0x80013193
core   0: 0x80001408 (0x00009346) c.add   t1, a7
core   0: 3 0x80001408 (0x9346) x 6 0x7ffe1b68
core   0: 0x8000140a (0xf2750a03) lb      s4, -217(a0)
core   0: 3 0x8000140a (0xf2750a03) x20 0x00000000 mem 0x800131af
core   0: 0x8000140e (0x00000001) c.nop
core   0: 3 0x8000140e (0x0001)
core   0: 0x80001410 (0x00a82b33) slt     s6, a6, a0
core   0: 3 0x80001410 (0x00a82b33) x22 0x00000000
core   0: 0x80001414 (0xf8051983) lh      s3, -128(a0)
core   0: 3 0x80001414 (0xf8051983) x19 0x00000000 mem 0x80013208
core   0: 0x80001418 (0xf4e55783) lhu     a5, -178(a0)
core   0: 3 0x80001418 (0xf4e55783) x15 0x00000000 mem 0x800131d6
core   0: 0x8000141c (0xf9b54403) lbu     s0, -101(a0)
core   0: 3 0x8000141c (0xf9b54403) x 8 0x00000000 mem 0x80013223
core   0: 0x80001420 (0x519a4693) xori    a3, s4, 1305
core   0: 3 0x80001420 (0x519a4693) x13 0x00000519
core   0: 0x80001424 (0x09450783) lb      a5, 148(a0)
core   0: 3 0x80001424 (0x09450783) x15 0x00000000 mem 0x8001331c
core   0: 0x80001428 (0x0000615d) c.addi16sp sp, 432
core   0: 3 0x80001428 (0x615d) x 2 0x000001b0
core   0: 0x8000142a (0x3370bb37) lui     s6, 0x3370b
core   0: 3 0x8000142a (0x3370bb37) x22 0x3370b000
core   0: 0x8000142e (0xfa150aa3) sb      ra, -75(a0)
core   0: 3 0x8000142e (0xfa150aa3) mem 0x8001323d 0x10
core   0: 0x80001432 (0x06350403) lb      s0, 99(a0)
core   0: 3 0x80001432 (0x06350403) x 8 0x00000000 mem 0x800132eb
core   0: 0x80001436 (0x064503a3) sb      tp, 103(a0)
core   0: 3 0x80001436 (0x064503a3) mem 0x800132ef 0x0
core   0: 0x8000143a (0xf1450a23) sb      s4, -236(a0)
core   0: 3 0x8000143a (0xf1450a23) mem 0x8001319c 0x0
core   0: 0x8000143e (0x01df36b3) sltu    a3, t5, t4
core   0: 3 0x8000143e (0x01df36b3) x13 0x00000000
core   0: 0x80001442 (0x000082e5) c.srli  a3, 25
core   0: 3 0x80001442 (0x82e5) x13 0x00000000
core   0: 0x80001444 (0x00e55e83) lhu     t4, 14(a0)
core   0: 3 0x80001444 (0x00e55e83) x29 0x00000000 mem 0x80013296
core   0: 0x80001448 (0x0df500a3) sb      t6, 193(a0)
core   0: 3 0x80001448 (0x0df500a3) mem 0x80013349 0x0
core   0: 0x8000144c (0x0ff0000f) fence   iorw,iorw
core   0: 3 0x8000144c (0x0ff0000f)
core   0: 0x80001450 (0x00008279) c.srli  a2, 30
core   0: 3 0x80001450 (0x8279) x12 0x00000001
core   0: 0x80001452 (0x0c850523) sb      s0, 202(a0)
core   0: 3 0x80001452 (0x0c850523) mem 0x80013352 0x0
core   0: 0x80001456 (0x010c8d33) add     s10, s9, a6
core   0: 3 0x80001456 (0x010c8d33) x26 0x7ffe1bec
core   0: 0x8000145a (0x0df50d83) lb      s11, 223(a0)
core   0: 3 0x8000145a (0x0df50d83) x27 0x00000000 mem 0x80013367
core   0: 0x8000145e (0x00012d97) auipc   s11, 0x12
core   0: 3 0x8000145e (0x00012d97) x27 0x8001345e
core   0: 0x80001462 (0x77cd8d93) addi    s11, s11, 1916
core   0: 3 0x80001462 (0x77cd8d93) x27 0x80013bda
core   0: 0x80001466 (0x033d9923) sh      s3, 50(s11)
core   0: 3 0x80001466 (0x033d9923) mem 0x80013c0c 0x0000
core   0: 0x8000146a (0xfe9da723) sw      s1, -18(s11)
core   0: 3 0x8000146a (0xfe9da723) mem 0x80013bc8 0x00000000
core   0: 0x8000146e (0x024d76b3) remu    a3, s10, tp
core   0: 3 0x8000146e (0x024d76b3) x13 0x7ffe1bec
core   0: 0x80001472 (0xffcda723) sw      t3, -18(s11)
core   0: 3 0x80001472 (0xffcda723) mem 0x80013bc8 0x00000000
core   0: 0x80001476 (0x00009bfd) c.andi  a5, -1
core   0: 3 0x80001476 (0x9bfd) x15 0x00000000
core   0: 0x80001478 (0x024dd983) lhu     s3, 36(s11)
core   0: 3 0x80001478 (0x024dd983) x19 0x00000000 mem 0x80013bfe
core   0: 0x8000147c (0x024dd203) lhu     tp, 36(s11)
core   0: 3 0x8000147c (0x024dd203) x 4 0x00000000 mem 0x80013bfe
core   0: 0x80001480 (0x024dd903) lhu     s2, 36(s11)
core   0: 3 0x80001480 (0x024dd903) x18 0x00000000 mem 0x80013bfe
core   0: 0x80001484 (0x036d8223) sb      s6, 36(s11)
core   0: 3 0x80001484 (0x036d8223) mem 0x80013bfe 0x0
core   0: 0x80001488 (0x029d8223) sb      s1, 36(s11)
core   0: 3 0x80001488 (0x029d8223) mem 0x80013bfe 0x0
core   0: 0x8000148c (0x024dde03) lhu     t3, 36(s11)
core   0: 3 0x8000148c (0x024dde03) x28 0x00000000 mem 0x80013bfe
core   0: 0x80001490 (0x017d8483) lb      s1, 23(s11)
core   0: 3 0x80001490 (0x017d8483) x 9 0x00000000 mem 0x80013bf1
core   0: 0x80001494 (0x017dc103) lbu     sp, 23(s11)
core   0: 3 0x80001494 (0x017dc103) x 2 0x00000000 mem 0x80013bf1
core   0: 0x80001498 (0xfdada483) lw      s1, -38(s11)
core   0: 3 0x80001498 (0xfdada483) x 9 0x00000000 mem 0x80013bb4
core   0: 0x8000149c (0x022d8ea3) sb      sp, 61(s11)
core   0: 3 0x8000149c (0x022d8ea3) mem 0x80013c17 0x0
core   0: 0x800014a0 (0x03dd8603) lb      a2, 61(s11)
core   0: 3 0x800014a0 (0x03dd8603) x12 0x00000000 mem 0x80013c17
core   0: 0x800014a4 (0x03dd8f83) lb      t6, 61(s11)
core   0: 3 0x800014a4 (0x03dd8f83) x31 0x00000000 mem 0x80013c17
core   0: 0x800014a8 (0x03ddc003) lbu     zero, 61(s11)
core   0: 3 0x800014a8 (0x03ddc003) mem 0x80013c17
core   0: 0x800014ac (0x014ddc03) lhu     s8, 20(s11)
core   0: 3 0x800014ac (0x014ddc03) x24 0x00000000 mem 0x80013bee
core   0: 0x800014b0 (0x014ddb83) lhu     s7, 20(s11)
core   0: 3 0x800014b0 (0x014ddb83) x23 0x00000000 mem 0x80013bee
core   0: 0x800014b4 (0x00012f97) auipc   t6, 0x12
core   0: 3 0x800014b4 (0x00012f97) x31 0x800134b4
core   0: 0x800014b8 (0xee1f8f93) addi    t6, t6, -287
core   0: 3 0x800014b8 (0xee1f8f93) x31 0x80013395
core   0: 0x800014bc (0x00012417) auipc   s0, 0x12
core   0: 3 0x800014bc (0x00012417) x 8 0x800134bc
core   0: 0x800014c0 (0x4d140413) addi    s0, s0, 1233
core   0: 3 0x800014c0 (0x4d140413) x 8 0x8001398d
core   0: 0x800014c4 (0x5cd40d83) lb      s11, 1485(s0)
core   0: 3 0x800014c4 (0x5cd40d83) x27 0x00000000 mem 0x80013f5a
core   0: 0x800014c8 (0x00012e97) auipc   t4, 0x12
core   0: 3 0x800014c8 (0x00012e97) x29 0x800134c8
core   0: 0x800014cc (0x5f6e8e93) addi    t4, t4, 1526
core   0: 3 0x800014cc (0x5f6e8e93) x29 0x80013abe
core   0: 0x800014d0 (0x56e44203) lbu     tp, 1390(s0)
core   0: 3 0x800014d0 (0x56e44203) x 4 0x00000000 mem 0x80013efb
core   0: 0x800014d4 (0x0ece9d23) sh      a2, 250(t4)
core   0: 3 0x800014d4 (0x0ece9d23) mem 0x80013bb8 0x0000
core   0: 0x800014d8 (0x050fcc83) lbu     s9, 80(t6)
core   0: 3 0x800014d8 (0x050fcc83) x25 0x00000000 mem 0x800133e5
core   0: 0x800014dc (0xc7044603) lbu     a2, -912(s0)
core   0: 3 0x800014dc (0xc7044603) x12 0x00000000 mem 0x800135fd
core   0: 0x800014e0 (0x0c7e8283) lb      t0, 199(t4)
core   0: 3 0x800014e0 (0x0c7e8283) x 5 0x00000000 mem 0x80013b85
core   0: 0x800014e4 (0xa2c44d03) lbu     s10, -1492(s0)
core   0: 3 0x800014e4 (0xa2c44d03) x26 0x00000000 mem 0x800133b9
core   0: 0x800014e8 (0x02ce9a83) lh      s5, 44(t4)
core   0: 3 0x800014e8 (0x02ce9a83) x21 0x00000000 mem 0x80013aea
core   0: 0x800014ec (0xd1b402a3) sb      s11, -763(s0)
core   0: 3 0x800014ec (0xd1b402a3) mem 0x80013692 0x0
core   0: 0x800014f0 (0xf18f8303) lb      t1, -232(t6)
core   0: 3 0x800014f0 (0xf18f8303) x 6 0x00000000 mem 0x800132ad
core   0: 0x800014f4 (0x9fe44d83) lbu     s11, -1538(s0)
core   0: 3 0x800014f4 (0x9fe44d83) x27 0x00000000 mem 0x8001338b
core   0: 0x800014f8 (0xf41fc483) lbu     s1, -191(t6)
core   0: 3 0x800014f8 (0xf41fc483) x 9 0x00000000 mem 0x800132d6
core   0: 0x800014fc (0xec840923) sb      s0, -302(s0)
core   0: 3 0x800014fc (0xec840923) mem 0x8001385f 0x8d
core   0: 0x80001500 (0x98c40203) lb      tp, -1652(s0)
core   0: 3 0x80001500 (0x98c40203) x 4 0x00000000 mem 0x80013319
core   0: 0x80001504 (0x02ce9023) sh      a2, 32(t4)
core   0: 3 0x80001504 (0x02ce9023) mem 0x80013ade 0x0000
core   0: 0x80001508 (0x09540423) sb      s5, 136(s0)
core   0: 3 0x80001508 (0x09540423) mem 0x80013a15 0x0
core   0: 0x8000150c (0xef8406a3) sb      s8, -275(s0)
core   0: 3 0x8000150c (0xef8406a3) mem 0x8001387a 0x0
core   0: 0x80001510 (0x055f8b83) lb      s7, 85(t6)
core   0: 3 0x80001510 (0x055f8b83) x23 0x00000000 mem 0x800133ea
core   0: 0x80001514 (0x062fc603) lbu     a2, 98(t6)
core   0: 3 0x80001514 (0x062fc603) x12 0x00000000 mem 0x800133f7
core   0: 0x80001518 (0xf90eab23) sw      a6, -106(t4)
core   0: 3 0x80001518 (0xf90eab23) mem 0x80013a54 0x00000000
core   0: 0x8000151c (0x00012097) auipc   ra, 0x12
core   0: 3 0x8000151c (0x00012097) x 1 0x8001351c
core   0: 0x80001520 (0x14e08093) addi    ra, ra, 334
core   0: 3 0x80001520 (0x14e08093) x 1 0x8001366a
core   0: 0x80001524 (0x00015f97) auipc   t6, 0x15
core   0: 3 0x80001524 (0x00015f97) x31 0x80016524
core   0: 0x80001528 (0x83ef8f93) addi    t6, t6, -1986
core   0: 3 0x80001528 (0x83ef8f93) x31 0x80015d62
core   0: 0x8000152c (0x59e08623) sb      t5, 1420(ra)
core   0: 3 0x8000152c (0x59e08623) mem 0x80013bf6 0x0
core   0: 0x80001530 (0x3a0f9e23) sh      zero, 956(t6)
core   0: 3 0x80001530 (0x3a0f9e23) mem 0x8001611e 0x0000
core   0: 0x80001534 (0xe6efab03) lw      s6, -402(t6)
core   0: 3 0x80001534 (0xe6efab03) x22 0x00000000 mem 0x80015bd0
core   0: 0x80001538 (0xc0908603) lb      a2, -1015(ra)
core   0: 3 0x80001538 (0xc0908603) x12 0x00000000 mem 0x80013273
core   0: 0x8000153c (0x5d408003) lb      zero, 1492(ra)
core   0: 3 0x8000153c (0x5d408003) mem 0x80013c3e
core   0: 0x80001540 (0xe39f8b83) lb      s7, -455(t6)
core   0: 3 0x80001540 (0xe39f8b83) x23 0x00000000 mem 0x80015b9b
core   0: 0x80001544 (0x6d809e03) lh      t3, 1752(ra)
core   0: 3 0x80001544 (0x6d809e03) x28 0x00000000 mem 0x80013d42
core   0: 0x80001548 (0x6fe09503) lh      a0, 1790(ra)
core   0: 3 0x80001548 (0x6fe09503) x10 0x00000000 mem 0x80013d68
core   0: 0x8000154c (0xe35fc103) lbu     sp, -459(t6)
core   0: 3 0x8000154c (0xe35fc103) x 2 0x00000000 mem 0x80015b97
core   0: 0x80001550 (0xc0afab83) lw      s7, -1014(t6)
core   0: 3 0x80001550 (0xc0afab83) x23 0x00000000 mem 0x8001596c
core   0: 0x80001554 (0xfce080a3) sb      a4, -63(ra)
core   0: 3 0x80001554 (0xfce080a3) mem 0x8001362b 0x64
core   0: 0x80001558 (0x434f9523) sh      s4, 1066(t6)
core   0: 3 0x80001558 (0x434f9523) mem 0x8001618c 0x0000
core   0: 0x8000155c (0x51408003) lb      zero, 1300(ra)
core   0: 3 0x8000155c (0x51408003) mem 0x80013b7e
core   0: 0x80001560 (0x3a8f8e03) lb      t3, 936(t6)
core   0: 3 0x80001560 (0x3a8f8e03) x28 0x00000000 mem 0x8001610a
core   0: 0x80001564 (0xa50088a3) sb      a6, -1455(ra)
core   0: 3 0x80001564 (0xa50088a3) mem 0x800130bb 0x0
core   0: 0x80001568 (0x961fc103) lbu     sp, -1695(t6)
core   0: 3 0x80001568 (0x961fc103) x 2 0x00000000 mem 0x800156c3
core   0: 0x8000156c (0x5a5fc803) lbu     a6, 1445(t6)
core   0: 3 0x8000156c (0x5a5fc803) x16 0x00000000 mem 0x80016307
core   0: 0x80001570 (0x00013117) auipc   sp, 0x13
core   0: 3 0x80001570 (0x00013117) x 2 0x80014570
core   0: 0x80001574 (0x9db10113) addi    sp, sp, -1573
core   0: 3 0x80001574 (0x9db10113) x 2 0x80013f4b
core   0: 0x80001578 (0xfd410203) lb      tp, -44(sp)
core   0: 3 0x80001578 (0xfd410203) x 4 0x00000000 mem 0x80013f1f
core   0: 0x8000157c (0xfc910a23) sb      s1, -44(sp)
core   0: 3 0x8000157c (0xfc910a23) mem 0x80013f1f 0x0
core   0: 0x80001580 (0xfd410003) lb      zero, -44(sp)
core   0: 3 0x80001580 (0xfd410003) mem 0x80013f1f
core   0: 0x80001584 (0xfd414b03) lbu     s6, -44(sp)
core   0: 3 0x80001584 (0xfd414b03) x22 0x00000000 mem 0x80013f1f
core   0: 0x80001588 (0xfc610a23) sb      t1, -44(sp)
core   0: 3 0x80001588 (0xfc610a23) mem 0x80013f1f 0x0
core   0: 0x8000158c (0x45293b93) sltiu   s7, s2, 1106
core   0: 3 0x8000158c (0x45293b93) x23 0x00000001
core   0: 0x80001590 (0xfd110a23) sb      a7, -44(sp)
core   0: 3 0x80001590 (0xfd110a23) mem 0x80013f1f 0x68
core   0: 0x80001594 (0xfd414483) lbu     s1, -44(sp)
core   0: 3 0x80001594 (0xfd414483) x 9 0x00000068 mem 0x80013f1f
core   0: 0x80001598 (0xfd410983) lb      s3, -44(sp)
core   0: 3 0x80001598 (0xfd410983) x19 0x00000068 mem 0x80013f1f
core   0: 0x8000159c (0xfdb10a23) sb      s11, -44(sp)
core   0: 3 0x8000159c (0xfdb10a23) mem 0x80013f1f 0x0
core   0: 0x800015a0 (0xfc110a23) sb      ra, -44(sp)
core   0: 3 0x800015a0 (0xfc110a23) mem 0x80013f1f 0x6a
core   0: 0x800015a4 (0xfc610a23) sb      t1, -44(sp)
core   0: 3 0x800015a4 (0xfc610a23) mem 0x80013f1f 0x0
core   0: 0x800015a8 (0xfd410903) lb      s2, -44(sp)
core   0: 3 0x800015a8 (0xfd410903) x18 0x00000000 mem 0x80013f1f
core   0: 0x800015ac (0xfd410a23) sb      s4, -44(sp)
core   0: 3 0x800015ac (0xfd410a23) mem 0x80013f1f 0x0
core   0: 0x800015b0 (0xfd414203) lbu     tp, -44(sp)
core   0: 3 0x800015b0 (0xfd414203) x 4 0x00000000 mem 0x80013f1f
core   0: 0x800015b4 (0xfc610a23) sb      t1, -44(sp)
core   0: 3 0x800015b4 (0xfc610a23) mem 0x80013f1f 0x0
core   0: 0x800015b8 (0xfd410203) lb      tp, -44(sp)
core   0: 3 0x800015b8 (0xfd410203) x 4 0x00000000 mem 0x80013f1f
core   0: 0x800015bc (0x00012917) auipc   s2, 0x12
core   0: 3 0x800015bc (0x00012917) x18 0x800135bc
core   0: 0x800015c0 (0x6d890913) addi    s2, s2, 1752
core   0: 3 0x800015c0 (0x6d890913) x18 0x80013c94
core   0: 0x800015c4 (0x00e82533) slt     a0, a6, a4
core   0: 3 0x800015c4 (0x00e82533) x10 0x00000000
core   0: 0x800015c8 (0xa350ea13) ori     s4, ra, -1483
core   0: 3 0x800015c8 (0xa350ea13) x20 0xfffffe7f
core   0: 0x800015cc (0x00691e83) lh      t4, 6(s2)
core   0: 3 0x800015cc (0x00691e83) x29 0x00000000 mem 0x80013c9a
core   0: 0x800015d0 (0x00009d5e) c.add   s10, s7
core   0: 3 0x800015d0 (0x9d5e) x26 0x00000001
core   0: 0x800015d2 (0x01d90323) sb      t4, 6(s2)
core   0: 3 0x800015d2 (0x01d90323) mem 0x80013c9a 0x0
core   0: 0x800015d6 (0x00695803) lhu     a6, 6(s2)
core   0: 3 0x800015d6 (0x00695803) x16 0x00000000 mem 0x80013c9a
core   0: 0x800015da (0x01291323) sh      s2, 6(s2)
core   0: 3 0x800015da (0x01291323) mem 0x80013c9a 0x3c94
core   0: 0x800015de (0x00191323) sh      ra, 6(s2)
core   0: 3 0x800015de (0x00191323) mem 0x80013c9a 0x366a
core   0: 0x800015e2 (0x00f90323) sb      a5, 6(s2)
core   0: 3 0x800015e2 (0x00f90323) mem 0x80013c9a 0x0
core   0: 0x800015e6 (0x00694303) lbu     t1, 6(s2)
core   0: 3 0x800015e6 (0x00694303) x 6 0x00000000 mem 0x80013c9a
core   0: 0x800015ea (0x00694183) lbu     gp, 6(s2)
core   0: 3 0x800015ea (0x00694183) x 3 0x00000000 mem 0x80013c9a
core   0: 0x800015ee (0x00490323) sb      tp, 6(s2)
core   0: 3 0x800015ee (0x00490323) mem 0x80013c9a 0x0
core   0: 0x800015f2 (0x00529cb3) sll     s9, t0, t0
core   0: 3 0x800015f2 (0x00529cb3) x25 0x00000000
core   0: 0x800015f6 (0x00490323) sb      tp, 6(s2)
core   0: 3 0x800015f6 (0x00490323) mem 0x80013c9a 0x0
core   0: 0x800015fa (0x40f9dd13) srai    s10, s3, 15
core   0: 3 0x800015fa (0x40f9dd13) x26 0x00000000
core   0: 0x800015fe (0x01990323) sb      s9, 6(s2)
core   0: 3 0x800015fe (0x01990323) mem 0x80013c9a 0x0
core   0: 0x80001602 (0x0ff0000f) fence   iorw,iorw
core   0: 3 0x80001602 (0x0ff0000f)
core   0: 0x80001606 (0x01a91323) sh      s10, 6(s2)
core   0: 3 0x80001606 (0x01a91323) mem 0x80013c9a 0x0000
core   0: 0x8000160a (0x01790323) sb      s7, 6(s2)
core   0: 3 0x8000160a (0x01790323) mem 0x80013c9a 0x1
core   0: 0x8000160e (0x00695483) lhu     s1, 6(s2)
core   0: 3 0x8000160e (0x00695483) x 9 0x00000001 mem 0x80013c9a
core   0: 0x80001612 (0x00691683) lh      a3, 6(s2)
core   0: 3 0x80001612 (0x00691683) x13 0x00000001 mem 0x80013c9a
core   0: 0x80001616 (0x00695c83) lhu     s9, 6(s2)
core   0: 3 0x80001616 (0x00695c83) x25 0x00000001 mem 0x80013c9a
core   0: 0x8000161a (0x01c91323) sh      t3, 6(s2)
core   0: 3 0x8000161a (0x01c91323) mem 0x80013c9a 0x0000
core   0: 0x8000161e (0x00c91323) sh      a2, 6(s2)
core   0: 3 0x8000161e (0x00c91323) mem 0x80013c9a 0x0000
core   0: 0x80001622 (0x00013097) auipc   ra, 0x13
core   0: 3 0x80001622 (0x00013097) x 1 0x80014622
core   0: 0x80001626 (0x66d08093) addi    ra, ra, 1645
core   0: 3 0x80001626 (0x66d08093) x 1 0x80014c8f
core   0: 0x8000162a (0x00016e17) auipc   t3, 0x16
core   0: 3 0x8000162a (0x00016e17) x28 0x8001762a
core   0: 0x8000162e (0x831e0e13) addi    t3, t3, -1999
core   0: 3 0x8000162e (0x831e0e13) x28 0x80016e5b
core   0: 0x80001632 (0x00020a17) auipc   s4, 0x20
core   0: 3 0x80001632 (0x00020a17) x20 0x80021632
core   0: 0x80001636 (0xd9ea0a13) addi    s4, s4, -610
core   0: 3 0x80001636 (0xd9ea0a13) x20 0x800213d0
core   0: 0x8000163a (0xfdb09aa3) sh      s11, -43(ra)
core   0: 3 0x8000163a (0xfdb09aa3) mem 0x80014c64 0x0000
core   0: 0x8000163e (0x013a2823) sw      s3, 16(s4)
core   0: 3 0x8000163e (0x013a2823) mem 0x800213e0 0x00000068
core   0: 0x80001642 (0x00014217) auipc   tp, 0x14
core   0: 3 0x80001642 (0x00014217) x 4 0x80015642
core   0: 0x80001646 (0x1a620213) addi    tp, tp, 422
core   0: 3 0x80001646 (0x1a620213) x 4 0x800157e8
core   0: 0x8000164a (0xdb420503) lb      a0, -588(tp)
core   0: 3 0x8000164a (0xdb420503) x10 0x00000000 mem 0x8001559c
core   0: 0x8000164e (0x00021397) auipc   t2, 0x21
core   0: 3 0x8000164e (0x00021397) x 7 0x8002264e
core   0: 0x80001652 (0x11938393) addi    t2, t2, 281
core   0: 3 0x80001652 (0x11938393) x 7 0x80022767
core   0: 0x80001656 (0x040a4783) lbu     a5, 64(s4)
core   0: 3 0x80001656 (0x040a4783) x15 0x00000000 mem 0x80021410
core   0: 0x8000165a (0xffc24183) lbu     gp, -4(tp)
core   0: 3 0x8000165a (0xffc24183) x 3 0x00000000 mem 0x800157e4
core   0: 0x8000165e (0xf73089a3) sb      s3, -141(ra)
core   0: 3 0x8000165e (0xf73089a3) mem 0x80014c02 0x68
core   0: 0x80001662 (0xfdea0e83) lb      t4, -34(s4)
core   0: 3 0x80001662 (0xfdea0e83) x29 0x00000000 mem 0x800213ae
core   0: 0x80001666 (0xf9d380a3) sb      t4, -127(t2)
core   0: 3 0x80001666 (0xf9d380a3) mem 0x800226e8 0x0
core   0: 0x8000166a (0xf18e4483) lbu     s1, -232(t3)
core   0: 3 0x8000166a (0xf18e4483) x 9 0x00000000 mem 0x80016d73
core   0: 0x8000166e (0x08008b03) lb      s6, 128(ra)
core   0: 3 0x8000166e (0x08008b03) x22 0x00000000 mem 0x80014d0f
core   0: 0x80001672 (0xf590c503) lbu     a0, -167(ra)
core   0: 3 0x80001672 (0xf590c503) x10 0x00000000 mem 0x80014be8
core   0: 0x80001676 (0x095e5003) lhu     zero, 149(t3)
core   0: 3 0x80001676 (0x095e5003) mem 0x80016ef0
core   0: 0x8000167a (0xfb638683) lb      a3, -74(t2)
core   0: 3 0x8000167a (0xfb638683) x13 0x00000000 mem 0x8002271d
core   0: 0x8000167e (0x07408683) lb      a3, 116(ra)
core   0: 3 0x8000167e (0x07408683) x13 0x00000000 mem 0x80014d03
core   0: 0x80001682 (0xf7639fa3) sh      s6, -129(t2)
core   0: 3 0x80001682 (0xf7639fa3) mem 0x800226e6 0x0000
core   0: 0x80001686 (0x8e524c83) lbu     s9, -1819(tp)
core   0: 3 0x80001686 (0x8e524c83) x25 0x00000000 mem 0x800150cd
core   0: 0x8000168a (0xfeda0503) lb      a0, -19(s4)
core   0: 3 0x8000168a (0xfeda0503) x10 0x00000000 mem 0x800213bd
core   0: 0x8000168e (0x4a724103) lbu     sp, 1191(tp)
core   0: 3 0x8000168e (0x4a724103) x 2 0x00000000 mem 0x80015c8f
core   0: 0x80001692 (0x06f38ea3) sb      a5, 125(t2)
core   0: 3 0x80001692 (0x06f38ea3) mem 0x800227e4 0x0
core   0: 0x80001696 (0xb2524103) lbu     sp, -1243(tp)
core   0: 3 0x80001696 (0xb2524103) x 2 0x00000000 mem 0x8001530d
core   0: 0x8000169a (0xf7ae09a3) sb      s10, -141(t3)
core   0: 3 0x8000169a (0xf7ae09a3) mem 0x80016dce 0x0
core   0: 0x8000169e (0xfd9a4403) lbu     s0, -39(s4)
core   0: 3 0x8000169e (0xfd9a4403) x 8 0x00000000 mem 0x800213a9
core   0: 0x800016a2 (0xfeb3da83) lhu     s5, -21(t2)
core   0: 3 0x800016a2 (0xfeb3da83) x21 0x00000000 mem 0x80022752
core   0: 0x800016a6 (0x0bde4a83) lbu     s5, 189(t3)
core   0: 3 0x800016a6 (0x0bde4a83) x21 0x00000000 mem 0x80016f18
core   0: 0x800016aa (0x0e438d03) lb      s10, 228(t2)
core   0: 3 0x800016aa (0x0e438d03) x26 0x00000000 mem 0x8002284b
core   0: 0x800016ae (0xf15399a3) sh      s5, -237(t2)
core   0: 3 0x800016ae (0xf15399a3) mem 0x8002267a 0x0000
core   0: 0x800016b2 (0x57a25303) lhu     t1, 1402(tp)
core   0: 3 0x800016b2 (0x57a25303) x 6 0x00000000 mem 0x80015d62
core   0: 0x800016b6 (0x00aa0003) lb      zero, 10(s4)
core   0: 3 0x800016b6 (0x00aa0003) mem 0x800213da
core   0: 0x800016ba (0x24420f23) sb      tp, 606(tp)
core   0: 3 0x800016ba (0x24420f23) mem 0x80015a46 0xe8
core   0: 0x800016be (0xf98e0723) sb      s8, -114(t3)
core   0: 3 0x800016be (0xf98e0723) mem 0x80016de9 0x0
core   0: 0x800016c2 (0xf8f38fa3) sb      a5, -97(t2)
core   0: 3 0x800016c2 (0xf8f38fa3) mem 0x80022706 0x0
core   0: 0x800016c6 (0x54f20683) lb      a3, 1359(tp)
core   0: 3 0x800016c6 (0x54f20683) x13 0x00000000 mem 0x80015d37
core   0: 0x800016ca (0xffaa4483) lbu     s1, -6(s4)
core   0: 3 0x800016ca (0xffaa4483) x 9 0x00000000 mem 0x800213ca
core   0: 0x800016ce (0x0da3a8a3) sw      s10, 209(t2)
core   0: 3 0x800016ce (0x0da3a8a3) mem 0x80022838 0x00000000
core   0: 0x800016d2 (0x034e0e23) sb      s4, 60(t3)
core   0: 3 0x800016d2 (0x034e0e23) mem 0x80016e97 0xd0
core   0: 0x800016d6 (0xfcf08623) sb      a5, -52(ra)
core   0: 3 0x800016d6 (0xfcf08623) mem 0x80014c5b 0x0
core   0: 0x800016da (0xf8ee4483) lbu     s1, -114(t3)
core   0: 3 0x800016da (0xf8ee4483) x 9 0x00000000 mem 0x80016de9
core   0: 0x800016de (0x0d7e0603) lb      a2, 215(t3)
core   0: 3 0x800016de (0x0d7e0603) x12 0x00000000 mem 0x80016f32
core   0: 0x800016e2 (0xd5d22c23) sw      t4, -680(tp)
core   0: 3 0x800016e2 (0xd5d22c23) mem 0x80015540 0x00000000
core   0: 0x800016e6 (0x00012197) auipc   gp, 0x12
core   0: 3 0x800016e6 (0x00012197) x 3 0x800136e6
core   0: 0x800016ea (0xeed18193) addi    gp, gp, -275
core   0: 3 0x800016ea (0xeed18193) x 3 0x800135d3
core   0: 0x800016ee (0x08718d23) sb      t2, 154(gp)
core   0: 3 0x800016ee (0x08718d23) mem 0x8001366d 0x67
core   0: 0x800016f2 (0xfff19a83) lh      s5, -1(gp)
core   0: 3 0x800016f2 (0xfff19a83) x21 0x00000000 mem 0x800135d2
core   0: 0x800016f6 (0xf0f18fa3) sb      a5, -225(gp)
core   0: 3 0x800016f6 (0xf0f18fa3) mem 0x800134f2 0x0
core   0: 0x800016fa (0x0000822d) c.srli  a2, 11
core   0: 3 0x800016fa (0x822d) x12 0x00000000
core   0: 0x800016fc (0xf0b18fa3) sb      a1, -225(gp)
core   0: 3 0x800016fc (0xf0b18fa3) mem 0x800134f2 0xe4
core   0: 0x80001700 (0x00000001) c.nop
core   0: 3 0x80001700 (0x0001)
core   0: 0x80001702 (0xf0c18fa3) sb      a2, -225(gp)
core   0: 3 0x80001702 (0xf0c18fa3) mem 0x800134f2 0x0
core   0: 0x80001706 (0xf0218fa3) sb      sp, -225(gp)
core   0: 3 0x80001706 (0xf0218fa3) mem 0x800134f2 0x0
core   0: 0x8000170a (0x0b61c683) lbu     a3, 182(gp)
core   0: 3 0x8000170a (0x0b61c683) x13 0x00000000 mem 0x80013689
core   0: 0x8000170e (0xff519fa3) sh      s5, -1(gp)
core   0: 3 0x8000170e (0xff519fa3) mem 0x800135d2 0x0000
core   0: 0x80001712 (0xfff1c503) lbu     a0, -1(gp)
core   0: 3 0x80001712 (0xfff1c503) x10 0x00000000 mem 0x800135d2
core   0: 0x80001716 (0xfff18e03) lb      t3, -1(gp)
core   0: 3 0x80001716 (0xfff18e03) x28 0x00000000 mem 0x800135d2
core   0: 0x8000171a (0xff118fa3) sb      a7, -1(gp)
core   0: 3 0x8000171a (0xff118fa3) mem 0x800135d2 0x68
core   0: 0x8000171e (0xfff19783) lh      a5, -1(gp)
core   0: 3 0x8000171e (0xfff19783) x15 0x00000068 mem 0x800135d2
core   0: 0x80001722 (0x00af1793) slli    a5, t5, 10
core   0: 3 0x80001722 (0x00af1793) x15 0x00000000
core   0: 0x80001726 (0xffb19fa3) sh      s11, -1(gp)
core   0: 3 0x80001726 (0xffb19fa3) mem 0x800135d2 0x0000
core   0: 0x8000172a (0x09e18083) lb      ra, 158(gp)
core   0: 3 0x8000172a (0x09e18083) x 1 0x00000000 mem 0x80013671
core   0: 0x8000172e (0x09e18e03) lb      t3, 158(gp)
core   0: 3 0x8000172e (0x09e18e03) x28 0x00000000 mem 0x80013671
core   0: 0x80001732 (0x09e1c683) lbu     a3, 158(gp)
core   0: 3 0x80001732 (0x09e1c683) x13 0x00000000 mem 0x80013671
core   0: 0x80001736 (0xfee183a3) sb      a4, -25(gp)
core   0: 3 0x80001736 (0xfee183a3) mem 0x800135ba 0x64
core   0: 0x8000173a (0xfed193a3) sh      a3, -25(gp)
core   0: 3 0x8000173a (0xfed193a3) mem 0x800135ba 0x0000
core   0: 0x8000173e (0xfe718983) lb      s3, -25(gp)
core   0: 3 0x8000173e (0xfe718983) x19 0x00000000 mem 0x800135ba
core   0: 0x80001742 (0x00012417) auipc   s0, 0x12
core   0: 3 0x80001742 (0x00012417) x 8 0x80013742
core   0: 0x80001746 (0x12e40413) addi    s0, s0, 302
core   0: 3 0x80001746 (0x12e40413) x 8 0x80013870
core   0: 0x8000174a (0xff140d23) sb      a7, -6(s0)
core   0: 3 0x8000174a (0xff140d23) mem 0x8001386a 0x68
core   0: 0x8000174e (0x41f957b3) sra     a5, s2, t6
core   0: 3 0x8000174e (0x41f957b3) x15 0xe0004f25
core   0: 0x80001752 (0x00041523) sh      zero, 10(s0)
core   0: 3 0x80001752 (0x00041523) mem 0x8001387a 0x0000
core   0: 0x80001756 (0x00000df2) c.slli  s11, 28
core   0: 3 0x80001756 (0x0df2) x27 0x00000000
core   0: 0x80001758 (0x00004008) c.lw    a0, 0(s0)
core   0: 3 0x80001758 (0x4008) x10 0x00000000 mem 0x80013870
core   0: 0x8000175a (0x000091f6) c.add   gp, t4
core   0: 3 0x8000175a (0x91f6) x 3 0x800135d3
core   0: 0x8000175c (0x00006169) c.addi16sp sp, 208
core   0: 3 0x8000175c (0x6169) x 2 0x000000d0
core   0: 0x8000175e (0xff842303) lw      t1, -8(s0)
core   0: 3 0x8000175e (0xff842303) x 6 0x00680000 mem 0x80013868
core   0: 0x80001762 (0x41305eb3) sra     t4, zero, s3
core   0: 3 0x80001762 (0x41305eb3) x29 0x00000000
core   0: 0x80001766 (0x0000079a) c.slli  a5, 6
core   0: 3 0x80001766 (0x079a) x15 0x0013c940
core   0: 0x80001768 (0x000097e6) c.add   a5, s9
core   0: 3 0x80001768 (0x97e6) x15 0x0013c940
core   0: 0x8000176a (0x00000fe2) c.slli  t6, 24
core   0: 3 0x8000176a (0x0fe2) x31 0x62000000
core   0: 0x8000176c (0x00000001) c.nop
core   0: 3 0x8000176c (0x0001)
core   0: 0x8000176e (0x01b401a3) sb      s11, 3(s0)
core   0: 3 0x8000176e (0x01b401a3) mem 0x80013873 0x0
core   0: 0x80001772 (0x006407a3) sb      t1, 15(s0)
core   0: 3 0x80001772 (0x006407a3) mem 0x8001387f 0x0
core   0: 0x80001776 (0xfb14b513) sltiu   a0, s1, -79
core   0: 3 0x80001776 (0xfb14b513) x10 0x00000001
core   0: 0x8000177a (0xff340e03) lb      t3, -13(s0)
core   0: 3 0x8000177a (0xff340e03) x28 0x00000000 mem 0x80013863
core   0: 0x8000177e (0x039e8933) mul     s2, t4, s9
core   0: 3 0x8000177e (0x039e8933) x18 0x00000000
core   0: 0x80001782 (0xffe44483) lbu     s1, -2(s0)
core   0: 3 0x80001782 (0xffe44483) x 9 0x00000000 mem 0x8001386e
core   0: 0x80001786 (0x00645803) lhu     a6, 6(s0)
core   0: 3 0x80001786 (0x00645803) x16 0x00000000 mem 0x80013876
core   0: 0x8000178a (0x00d40d83) lb      s11, 13(s0)
core   0: 3 0x8000178a (0x00d40d83) x27 0x00000000 mem 0x8001387d
core   0: 0x8000178e (0x032f96b3) mulh    a3, t6, s2
core   0: 3 0x8000178e (0x032f96b3) x13 0x00000000
core   0: 0x80001792 (0x022a36b3) mulhu   a3, s4, sp
core   0: 3 0x80001792 (0x022a36b3) x13 0x00000068
core   0: 0x80001796 (0x01bfbfb3) sltu    t6, t6, s11
core   0: 3 0x80001796 (0x01bfbfb3) x31 0x00000000
core   0: 0x8000179a (0x027963b3) rem     t2, s2, t2
core   0: 3 0x8000179a (0x027963b3) x 7 0x00000000
core   0: 0x8000179e (0xff241303) lh      t1, -14(s0)
core   0: 3 0x8000179e (0xff241303) x 6 0x00000000 mem 0x80013862
core   0: 0x800017a2 (0x01094c33) xor     s8, s2, a6
core   0: 3 0x800017a2 (0x01094c33) x24 0x00000000
core   0: 0x800017a6 (0x00000810) c.addi4spn a2, sp, 16
core   0: 3 0x800017a6 (0x0810) x12 0x000000e0
core   0: 0x800017a8 (0x0000c058) c.sw    a4, 4(s0)
core   0: 3 0x800017a8 (0xc058) mem 0x80013874 0x80028e64
core   0: 0x800017aa (0x00b40083) lb      ra, 11(s0)
core   0: 3 0x800017aa (0x00b40083) x 1 0x00000000 mem 0x8001387b
core   0: 0x800017ae (0x00c45783) lhu     a5, 12(s0)
core   0: 3 0x800017ae (0x00c45783) x15 0x00000000 mem 0x8001387c
core   0: 0x800017b2 (0x40fe5e33) sra     t3, t3, a5
core   0: 3 0x800017b2 (0x40fe5e33) x28 0x00000000
core   0: 0x800017b6 (0x41305193) srai    gp, zero, 19
core   0: 3 0x800017b6 (0x41305193) x 3 0x00000000
core   0: 0x800017ba (0x00340683) lb      a3, 3(s0)
core   0: 3 0x800017ba (0x00340683) x13 0x00000000 mem 0x80013873
core   0: 0x800017be (0x00000001) c.nop
core   0: 3 0x800017be (0x0001)
core   0: 0x800017c0 (0x00009bba) c.add   s7, a4
core   0: 3 0x800017c0 (0x9bba) x23 0x80028e65
core   0: 0x800017c2 (0x00245c03) lhu     s8, 2(s0)
core   0: 3 0x800017c2 (0x00245c03) x24 0x00000000 mem 0x80013872
core   0: 0x800017c6 (0x00f44803) lbu     a6, 15(s0)
core   0: 3 0x800017c6 (0x00f44803) x16 0x00000000 mem 0x8001387f
core   0: 0x800017ca (0x0001a7b3) slt     a5, gp, zero
core   0: 3 0x800017ca (0x0001a7b3) x15 0x00000000
core   0: 0x800017ce (0x0ff0000f) fence   iorw,iorw
core   0: 3 0x800017ce (0x0ff0000f)
core   0: 0x800017d2 (0x00000bd6) c.slli  s7, 21
core   0: 3 0x800017d2 (0x0bd6) x23 0xcca00000
core   0: 0x800017d4 (0xff340483) lb      s1, -13(s0)
core   0: 3 0x800017d4 (0xff340483) x 9 0x00000000 mem 0x80013863
core   0: 0x800017d8 (0x3d286b17) auipc   s6, 0x3d286
core   0: 3 0x800017d8 (0x3d286b17) x22 0xbd2877d8
core   0: 0x800017dc (0xee3aaf93) slti    t6, s5, -285
core   0: 3 0x800017dc (0xee3aaf93) x31 0x00000000
core   0: 0x800017e0 (0x00000001) c.nop
core   0: 3 0x800017e0 (0x0001)
core   0: 0x800017e2 (0xff245e03) lhu     t3, -14(s0)
core   0: 3 0x800017e2 (0xff245e03) x28 0x00000000 mem 0x80013862
core   0: 0x800017e6 (0x00e45003) lhu     zero, 14(s0)
core   0: 3 0x800017e6 (0x00e45003) mem 0x8001387e
core   0: 0x800017ea (0x01040c03) lb      s8, 16(s0)
core   0: 3 0x800017ea (0x01040c03) x24 0x00000000 mem 0x80013880
core   0: 0x800017ee (0x00004829) c.li    a6, 10
core   0: 3 0x800017ee (0x4829) x16 0x0000000a
core   0: 0x800017f0 (0xff944103) lbu     sp, -7(s0)
core   0: 3 0x800017f0 (0xff944103) x 2 0x00000000 mem 0x80013869
core   0: 0x800017f4 (0x00b40a83) lb      s5, 11(s0)
core   0: 3 0x800017f4 (0x00b40a83) x21 0x00000000 mem 0x8001387b
core   0: 0x800017f8 (0x0001c117) auipc   sp, 0x1c
core   0: 3 0x800017f8 (0x0001c117) x 2 0x8001d7f8
core   0: 0x800017fc (0xa9310113) addi    sp, sp, -1389
core   0: 3 0x800017fc (0xa9310113) x 2 0x8001d28b
core   0: 0x80001800 (0x19414d03) lbu     s10, 404(sp)
core   0: 3 0x80001800 (0x19414d03) x26 0x00000000 mem 0x8001d41f
core   0: 0x80001804 (0x8b010b03) lb      s6, -1872(sp)
core   0: 3 0x80001804 (0x8b010b03) x22 0x00000000 mem 0x8001cb3b
core   0: 0x80001808 (0x59711783) lh      a5, 1431(sp)
core   0: 3 0x80001808 (0x59711783) x15 0x00000000 mem 0x8001d822
core   0: 0x8000180c (0x59715503) lhu     a0, 1431(sp)
core   0: 3 0x8000180c (0x59715503) x10 0x00000000 mem 0x8001d822
core   0: 0x80001810 (0x59715f83) lhu     t6, 1431(sp)
core   0: 3 0x80001810 (0x59715f83) x31 0x00000000 mem 0x8001d822
core   0: 0x80001814 (0x59711483) lh      s1, 1431(sp)
core   0: 3 0x80001814 (0x59711483) x 9 0x00000000 mem 0x8001d822
core   0: 0x80001818 (0x59714483) lbu     s1, 1431(sp)
core   0: 3 0x80001818 (0x59714483) x 9 0x00000000 mem 0x8001d822
core   0: 0x8000181c (0xae010423) sb      zero, -1304(sp)
core   0: 3 0x8000181c (0xae010423) mem 0x8001cd73 0x0
core   0: 0x80001820 (0xaee10423) sb      a4, -1304(sp)
core   0: 3 0x80001820 (0xaee10423) mem 0x8001cd73 0x64
core   0: 0x80001824 (0xae810783) lb      a5, -1304(sp)
core   0: 3 0x80001824 (0xae810783) x15 0x00000064 mem 0x8001cd73
core   0: 0x80001828 (0xaf710423) sb      s7, -1304(sp)
core   0: 3 0x80001828 (0xaf710423) mem 0x8001cd73 0x0
core   0: 0x8000182c (0x00000001) c.nop
core   0: 3 0x8000182c (0x0001)
core   0: 0x8000182e (0xae814b03) lbu     s6, -1304(sp)
core   0: 3 0x8000182e (0xae814b03) x22 0x00000000 mem 0x8001cd73
core   0: 0x80001832 (0x00022417) auipc   s0, 0x22
core   0: 3 0x80001832 (0x00022417) x 8 0x80023832
core   0: 0x80001836 (0xd1a40413) addi    s0, s0, -742
core   0: 3 0x80001836 (0xd1a40413) x 8 0x8002354c
core   0: 0x8000183a (0xf4c44183) lbu     gp, -180(s0)
core   0: 3 0x8000183a (0xf4c44183) x 3 0x00000000 mem 0x80023498
core   0: 0x8000183e (0x0d144503) lbu     a0, 209(s0)
core   0: 3 0x8000183e (0x0d144503) x10 0x00000000 mem 0x8002361d
core   0: 0x80001842 (0xf6944183) lbu     gp, -151(s0)
core   0: 3 0x80001842 (0xf6944183) x 3 0x00000000 mem 0x800234b5
core   0: 0x80001846 (0xf9d40603) lb      a2, -99(s0)
core   0: 3 0x80001846 (0xf9d40603) x12 0x00000000 mem 0x800234e9
core   0: 0x8000184a (0x018d3293) sltiu   t0, s10, 24
core   0: 3 0x8000184a (0x018d3293) x 5 0x00000001
core   0: 0x8000184e (0xf9c41a03) lh      s4, -100(s0)
core   0: 3 0x8000184e (0xf9c41a03) x20 0x00000000 mem 0x800234e8
core   0: 0x80001852 (0x0fe41083) lh      ra, 254(s0)
core   0: 3 0x80001852 (0x0fe41083) x 1 0x00000000 mem 0x8002364a
core   0: 0x80001856 (0x0fe41603) lh      a2, 254(s0)
core   0: 3 0x80001856 (0x0fe41603) x12 0x00000000 mem 0x8002364a
core   0: 0x8000185a (0x01331633) sll     a2, t1, s3
core   0: 3 0x8000185a (0x01331633) x12 0x00000000
core   0: 0x8000185e (0xfb540b03) lb      s6, -75(s0)
core   0: 3 0x8000185e (0xfb540b03) x22 0x00000000 mem 0x80023501
core   0: 0x80001862 (0x0000717d) c.addi16sp sp, -16
core   0: 3 0x80001862 (0x717d) x 2 0x8001d27b
core   0: 0x80001864 (0x0ff40a83) lb      s5, 255(s0)
core   0: 3 0x80001864 (0x0ff40a83) x21 0x00000000 mem 0x8002364b
core   0: 0x80001868 (0x05044503) lbu     a0, 80(s0)
core   0: 3 0x80001868 (0x05044503) x10 0x00000000 mem 0x8002359c
core   0: 0x8000186c (0xf8342423) sw      gp, -120(s0)
core   0: 3 0x8000186c (0xf8342423) mem 0x800234d4 0x00000000
core   0: 0x80001870 (0xf9a41423) sh      s10, -120(s0)
core   0: 3 0x80001870 (0xf9a41423) mem 0x800234d4 0x0000
core   0: 0x80001874 (0x00008e15) c.sub   a2, a3
core   0: 3 0x80001874 (0x8e15) x12 0x00000000
core   0: 0x80001876 (0xf7544c83) lbu     s9, -139(s0)
core   0: 3 0x80001876 (0xf7544c83) x25 0x00000000 mem 0x800234c1
core   0: 0x8000187a (0xf7340aa3) sb      s3, -139(s0)
core   0: 3 0x8000187a (0xf7340aa3) mem 0x800234c1 0x0
core   0: 0x8000187e (0x09842b83) lw      s7, 152(s0)
core   0: 3 0x8000187e (0x09842b83) x23 0x00000000 mem 0x800235e4
core   0: 0x80001882 (0xff544e83) lbu     t4, -11(s0)
core   0: 3 0x80001882 (0xff544e83) x29 0x00000000 mem 0x80023541
core   0: 0x80001886 (0xfd040aa3) sb      a6, -43(s0)
core   0: 3 0x80001886 (0xfd040aa3) mem 0x80023521 0xa
core   0: 0x8000188a (0xffc41c23) sh      t3, -8(s0)
core   0: 3 0x8000188a (0xffc41c23) mem 0x80023544 0x0000
core   0: 0x8000188e (0x00012d17) auipc   s10, 0x12
core   0: 3 0x8000188e (0x00012d17) x26 0x8001388e
core   0: 0x80001892 (0xcd1d0d13) addi    s10, s10, -815
core   0: 3 0x80001892 (0xcd1d0d13) x26 0x8001355f
core   0: 0x80001896 (0x0f7d28a3) sw      s7, 241(s10)
core   0: 3 0x80001896 (0x0f7d28a3) mem 0x80013650 0x00000000
core   0: 0x8000189a (0x00020c17) auipc   s8, 0x20
core   0: 3 0x8000189a (0x00020c17) x24 0x8002189a
core   0: 0x8000189e (0x250c0c13) addi    s8, s8, 592
core   0: 3 0x8000189e (0x250c0c13) x24 0x80021aea
core   0: 0x800018a2 (0xf37d0a83) lb      s5, -201(s10)
core   0: 3 0x800018a2 (0xf37d0a83) x21 0x00000000 mem 0x80013496
core   0: 0x800018a6 (0x003c4903) lbu     s2, 3(s8)
core   0: 3 0x800018a6 (0x003c4903) x18 0x00000000 mem 0x80021aed
core   0: 0x800018aa (0xfd2d0a23) sb      s2, -44(s10)
core   0: 3 0x800018aa (0xfd2d0a23) mem 0x80013533 0x0
core   0: 0x800018ae (0xfe3c2b23) sw      gp, -10(s8)
core   0: 3 0x800018ae (0xfe3c2b23) mem 0x80021ae0 0x00000000
core   0: 0x800018b2 (0xff2c5303) lhu     t1, -14(s8)
core   0: 3 0x800018b2 (0xff2c5303) x 6 0x00000000 mem 0x80021adc
core   0: 0x800018b6 (0xf0fd5083) lhu     ra, -241(s10)
core   0: 3 0x800018b6 (0xf0fd5083) x 1 0x00000000 mem 0x8001346e
core   0: 0x800018ba (0x001c0903) lb      s2, 1(s8)
core   0: 3 0x800018ba (0x001c0903) x18 0x00000000 mem 0x80021aeb
core   0: 0x800018be (0x00fc4a83) lbu     s5, 15(s8)
core   0: 3 0x800018be (0x00fc4a83) x21 0x00000000 mem 0x80021af9
core   0: 0x800018c2 (0x014d4003) lbu     zero, 20(s10)
core   0: 3 0x800018c2 (0x014d4003) mem 0x80013573
core   0: 0x800018c6 (0x000c1223) sh      zero, 4(s8)
core   0: 3 0x800018c6 (0x000c1223) mem 0x80021aee 0x0000
core   0: 0x800018ca (0x077d4d83) lbu     s11, 119(s10)
core   0: 3 0x800018ca (0x077d4d83) x27 0x00000000 mem 0x800135d6
core   0: 0x800018ce (0x004c0623) sb      tp, 12(s8)
core   0: 3 0x800018ce (0x004c0623) mem 0x80021af6 0xe8
core   0: 0x800018d2 (0x00012797) auipc   a5, 0x12
core   0: 3 0x800018d2 (0x00012797) x15 0x800138d2
core   0: 0x800018d6 (0x40478793) addi    a5, a5, 1028
core   0: 3 0x800018d6 (0x40478793) x15 0x80013cd6
core   0: 0x800018da (0x0f578f83) lb      t6, 245(a5)
core   0: 3 0x800018da (0x0f578f83) x31 0x00000000 mem 0x80013dcb
core   0: 0x800018de (0x0f578f83) lb      t6, 245(a5)
core   0: 3 0x800018de (0x0f578f83) x31 0x00000000 mem 0x80013dcb
core   0: 0x800018e2 (0x0e678aa3) sb      t1, 245(a5)
core   0: 3 0x800018e2 (0x0e678aa3) mem 0x80013dcb 0x0
core   0: 0x800018e6 (0x0f578003) lb      zero, 245(a5)
core   0: 3 0x800018e6 (0x0f578003) mem 0x80013dcb
core   0: 0x800018ea (0x0f578183) lb      gp, 245(a5)
core   0: 3 0x800018ea (0x0f578183) x 3 0x00000000 mem 0x80013dcb
core   0: 0x800018ee (0x0f578d03) lb      s10, 245(a5)
core   0: 3 0x800018ee (0x0f578d03) x26 0x00000000 mem 0x80013dcb
core   0: 0x800018f2 (0x00008ce9) c.and   s1, a0
core   0: 3 0x800018f2 (0x8ce9) x 9 0x00000000
core   0: 0x800018f4 (0x0fa78aa3) sb      s10, 245(a5)
core   0: 3 0x800018f4 (0x0fa78aa3) mem 0x80013dcb 0x0
core   0: 0x800018f8 (0x0f57c303) lbu     t1, 245(a5)
core   0: 3 0x800018f8 (0x0f57c303) x 6 0x00000000 mem 0x80013dcb
core   0: 0x800018fc (0x0f57c183) lbu     gp, 245(a5)
core   0: 3 0x800018fc (0x0f57c183) x 3 0x00000000 mem 0x80013dcb
core   0: 0x80001900 (0x0f578603) lb      a2, 245(a5)
core   0: 3 0x80001900 (0x0f578603) x12 0x00000000 mem 0x80013dcb
core   0: 0x80001904 (0x0f578283) lb      t0, 245(a5)
core   0: 3 0x80001904 (0x0f578283) x 5 0x00000000 mem 0x80013dcb
core   0: 0x80001908 (0x0f578903) lb      s2, 245(a5)
core   0: 3 0x80001908 (0x0f578903) x18 0x00000000 mem 0x80013dcb
core   0: 0x8000190c (0x0f57cc03) lbu     s8, 245(a5)
core   0: 3 0x8000190c (0x0f57cc03) x24 0x00000000 mem 0x80013dcb
core   0: 0x80001910 (0x0f57c603) lbu     a2, 245(a5)
core   0: 3 0x80001910 (0x0f57c603) x12 0x00000000 mem 0x80013dcb
core   0: 0x80001914 (0x0e578aa3) sb      t0, 245(a5)
core   0: 3 0x80001914 (0x0e578aa3) mem 0x80013dcb 0x0
core   0: 0x80001918 (0x0f57c983) lbu     s3, 245(a5)
core   0: 3 0x80001918 (0x0f57c983) x19 0x00000000 mem 0x80013dcb
core   0: 0x8000191c (0x0f578c03) lb      s8, 245(a5)
core   0: 3 0x8000191c (0x0f578c03) x24 0x00000000 mem 0x80013dcb
core   0: 0x80001920 (0xf8f78c03) lb      s8, -113(a5)
core   0: 3 0x80001920 (0xf8f78c03) x24 0x00000000 mem 0x80013c65
core   0: 0x80001924 (0xf8f7ca83) lbu     s5, -113(a5)
core   0: 3 0x80001924 (0xf8f7ca83) x21 0x00000000 mem 0x80013c65
core   0: 0x80001928 (0x00021417) auipc   s0, 0x21
core   0: 3 0x80001928 (0x00021417) x 8 0x80022928
core   0: 0x8000192c (0xd0b40413) addi    s0, s0, -757
core   0: 3 0x8000192c (0xd0b40413) x 8 0x80022633
core   0: 0x80001930 (0x00008965) c.andi  a0, 25
core   0: 3 0x80001930 (0x8965) x10 0x00000000
core   0: 0x80001932 (0x4001d7b3) sra     a5, gp, zero
core   0: 3 0x80001932 (0x4001d7b3) x15 0x00000000
core   0: 0x80001936 (0xd77ce097) auipc   ra, 0xd77ce
core   0: 3 0x80001936 (0xd77ce097) x 1 0x577cf936
core   0: 0x8000193a (0xe7840ba3) sb      s8, -393(s0)
core   0: 3 0x8000193a (0xe7840ba3) mem 0x800224aa 0x0
core   0: 0x8000193e (0x00000514) c.addi4spn a3, sp, 640
core   0: 3 0x8000193e (0x0514) x13 0x8001d4fb
core   0: 0x80001940 (0x45a417a3) sh      s10, 1103(s0)
core   0: 3 0x80001940 (0x45a417a3) mem 0x80022a82 0x0000
core   0: 0x80001944 (0x03a38533) mul     a0, t2, s10
core   0: 3 0x80001944 (0x03a38533) x10 0x00000000
core   0: 0x80001948 (0xc9d41383) lh      t2, -867(s0)
core   0: 3 0x80001948 (0xc9d41383) x 7 0x00000000 mem 0x800222d0
core   0: 0x8000194c (0x031ed1b3) divu    gp, t4, a7
core   0: 3 0x8000194c (0x031ed1b3) x 3 0x00000000
core   0: 0x80001950 (0x00049233) sll     tp, s1, zero
core   0: 3 0x80001950 (0x00049233) x 4 0x00000000
core   0: 0x80001954 (0xd2f45483) lhu     s1, -721(s0)
core   0: 3 0x80001954 (0xd2f45483) x 9 0x00000000 mem 0x80022362
core   0: 0x80001958 (0x12541f83) lh      t6, 293(s0)
core   0: 3 0x80001958 (0x12541f83) x31 0x00000000 mem 0x80022758
core   0: 0x8000195c (0x15b42ea3) sw      s11, 349(s0)
core   0: 3 0x8000195c (0x15b42ea3) mem 0x80022790 0x00000000
core   0: 0x80001960 (0x00008cd9) c.or    s1, a4
core   0: 3 0x80001960 (0x8cd9) x 9 0x80028e64
core   0: 0x80001962 (0x027246b3) div     a3, tp, t2
core   0: 3 0x80001962 (0x027246b3) x13 0xffffffff
core   0: 0x80001966 (0x12c40a03) lb      s4, 300(s0)
core   0: 3 0x80001966 (0x12c40a03) x20 0x00000000 mem 0x8002275f
core   0: 0x8000196a (0x02040003) lb      zero, 32(s0)
core   0: 3 0x8000196a (0x02040003) mem 0x80022653
core   0: 0x8000196e (0x000092a6) c.add   t0, s1
core   0: 3 0x8000196e (0x92a6) x 5 0x80028e64
core   0: 0x80001970 (0xb90422a3) sw      a6, -1147(s0)
core   0: 3 0x80001970 (0xb90422a3) mem 0x800221b8 0x0000000a
core   0: 0x80001974 (0x01c250b3) srl     ra, tp, t3
core   0: 3 0x80001974 (0x01c250b3) x 1 0x00000000
core   0: 0x80001978 (0x000099ce) c.add   s3, s3
core   0: 3 0x80001978 (0x99ce) x19 0x00000000
core   0: 0x8000197a (0x9b740503) lb      a0, -1609(s0)
core   0: 3 0x8000197a (0x9b740503) x10 0x00000000 mem 0x80021fea
core   0: 0x8000197e (0x72142683) lw      a3, 1825(s0)
core   0: 3 0x8000197e (0x72142683) x13 0x00000000 mem 0x80022d54
core   0: 0x80001982 (0x030a1633) mulh    a2, s4, a6
core   0: 3 0x80001982 (0x030a1633) x12 0x00000000
core   0: 0x80001986 (0x90c40603) lb      a2, -1780(s0)
core   0: 3 0x80001986 (0x90c40603) x12 0x00000000 mem 0x80021f3f
core   0: 0x8000198a (0x4ec40483) lb      s1, 1260(s0)
core   0: 3 0x8000198a (0x4ec40483) x 9 0x00000000 mem 0x80022b1f
core   0: 0x8000198e (0x40648633) sub     a2, s1, t1
core   0: 3 0x8000198e (0x40648633) x12 0x00000000
core   0: 0x80001992 (0x38e44203) lbu     tp, 910(s0)
core   0: 3 0x80001992 (0x38e44203) x 4 0x00000000 mem 0x800229c1
core   0: 0x80001996 (0x000086d6) c.mv    a3, s5
core   0: 3 0x80001996 (0x86d6) x13 0x00000000
core   0: 0x80001998 (0x804099b7) lui     s3, 0x80409
core   0: 3 0x80001998 (0x804099b7) x19 0x80409000
core   0: 0x8000199c (0x6f740803) lb      a6, 1783(s0)
core   0: 3 0x8000199c (0x6f740803) x16 0x00000000 mem 0x80022d2a
core   0: 0x800019a0 (0xb1444a03) lbu     s4, -1260(s0)
core   0: 3 0x800019a0 (0xb1444a03) x20 0x00000000 mem 0x80022147
core   0: 0x800019a4 (0x0000808d) c.srli  s1, 3
core   0: 3 0x800019a4 (0x808d) x 9 0x00000000
core   0: 0x800019a6 (0x0bd45183) lhu     gp, 189(s0)
core   0: 3 0x800019a6 (0x0bd45183) x 3 0x00000000 mem 0x800226f0
core   0: 0x800019aa (0x00015317) auipc   t1, 0x15
core   0: 3 0x800019aa (0x00015317) x 6 0x800169aa
core   0: 0x800019ae (0xa7030313) addi    t1, t1, -1424
core   0: 3 0x800019ae (0xa7030313) x 6 0x8001641a
core   0: 0x800019b2 (0x76817a93) andi    s5, sp, 1896
core   0: 3 0x800019b2 (0x76817a93) x21 0x00000268
core   0: 0x800019b6 (0x3739c113) xori    sp, s3, 883
core   0: 3 0x800019b6 (0x3739c113) x 2 0x80409373
core   0: 0x800019ba (0x00659e13) slli    t3, a1, 6
core   0: 3 0x800019ba (0x00659e13) x28 0x00b33900
core   0: 0x800019be (0x02435483) lhu     s1, 36(t1)
core   0: 3 0x800019be (0x02435483) x 9 0x00000000 mem 0x8001643e
core   0: 0x800019c2 (0x00008521) c.srai  a0, 8
core   0: 3 0x800019c2 (0x8521) x10 0x00000000
core   0: 0x800019c4 (0x01f7d293) srli    t0, a5, 31
core   0: 3 0x800019c4 (0x01f7d293) x 5 0x00000000
core   0: 0x800019c8 (0x008300a3) sb      s0, 1(t1)
core   0: 3 0x800019c8 (0x008300a3) mem 0x8001641b 0x33
core   0: 0x800019cc (0xfdc34483) lbu     s1, -36(t1)
core   0: 3 0x800019cc (0xfdc34483) x 9 0x00000000 mem 0x800163f6
core   0: 0x800019d0 (0xfca34783) lbu     a5, -54(t1)
core   0: 3 0x800019d0 (0xfca34783) x15 0x00000000 mem 0x800163e4
core   0: 0x800019d4 (0x405e07b3) sub     a5, t3, t0
core   0: 3 0x800019d4 (0x405e07b3) x15 0x00b33900
core   0: 0x800019d8 (0xff730903) lb      s2, -9(t1)
core   0: 3 0x800019d8 (0xff730903) x18 0x00000000 mem 0x80016411
core   0: 0x800019dc (0xfc435f83) lhu     t6, -60(t1)
core   0: 3 0x800019dc (0xfc435f83) x31 0x00000000 mem 0x800163de
core   0: 0x800019e0 (0xeb8b6a13) ori     s4, s6, -328
core   0: 3 0x800019e0 (0xeb8b6a13) x20 0xfffffeb8
core   0: 0x800019e4 (0xfc730c23) sb      t2, -40(t1)
core   0: 3 0x800019e4 (0xfc730c23) mem 0x800163f2 0x0
core   0: 0x800019e8 (0xf1c29e17) auipc   t3, 0xf1c29
core   0: 3 0x800019e8 (0xf1c29e17) x28 0x71c2a9e8
core   0: 0x800019ec (0x031f2bb3) mulhsu  s7, t5, a7
core   0: 3 0x800019ec (0x031f2bb3) x23 0xc000f24c
core   0: 0x800019f0 (0x0068d233) srl     tp, a7, t1
core   0: 3 0x800019f0 (0x0068d233) x 4 0x0000001f
core   0: 0x800019f4 (0x02c34783) lbu     a5, 44(t1)
core   0: 3 0x800019f4 (0x02c34783) x15 0x00000000 mem 0x80016446
core   0: 0x800019f8 (0x00f34383) lbu     t2, 15(t1)
core   0: 3 0x800019f8 (0x00f34383) x 7 0x00000000 mem 0x80016429
core   0: 0x800019fc (0x0ff0000f) fence   iorw,iorw
core   0: 3 0x800019fc (0x0ff0000f)
core   0: 0x80001a00 (0xfde302a3) sb      t5, -59(t1)
core   0: 3 0x80001a00 (0xfde302a3) mem 0x800163df 0x0
core   0: 0x80001a04 (0x00009bfd) c.andi  a5, -1
core   0: 3 0x80001a04 (0x9bfd) x15 0x00000000
core   0: 0x80001a06 (0x01c34503) lbu     a0, 28(t1)
core   0: 3 0x80001a06 (0x01c34503) x10 0x00000000 mem 0x80016436
core   0: 0x80001a0a (0x405e5c93) srai    s9, t3, 5
core   0: 3 0x80001a0a (0x405e5c93) x25 0x038e154f
core   0: 0x80001a0e (0x00008d05) c.sub   a0, s1
core   0: 3 0x80001a0e (0x8d05) x10 0x00000000
core   0: 0x80001a10 (0x02b31023) sh      a1, 32(t1)
core   0: 3 0x80001a10 (0x02b31023) mem 0x8001643a 0xcce4
core   0: 0x80001a14 (0xfda34c83) lbu     s9, -38(t1)
core   0: 3 0x80001a14 (0xfda34c83) x25 0x00000000 mem 0x800163f4
core   0: 0x80001a18 (0x01930c83) lb      s9, 25(t1)
core   0: 3 0x80001a18 (0x01930c83) x25 0x00000000 mem 0x80016433
core   0: 0x80001a1c (0x03984cb3) div     s9, a6, s9
core   0: 3 0x80001a1c (0x03984cb3) x25 0xffffffff
core   0: 0x80001a20 (0xfc132f23) sw      ra, -34(t1)
core   0: 3 0x80001a20 (0xfc132f23) mem 0x800163f8 0x00000000
core   0: 0x80001a24 (0xfec30003) lb      zero, -20(t1)
core   0: 3 0x80001a24 (0xfec30003) mem 0x80016406
core   0: 0x80001a28 (0x0ff0000f) fence   iorw,iorw
core   0: 3 0x80001a28 (0x0ff0000f)
core   0: 0x80001a2c (0xff831783) lh      a5, -8(t1)
core   0: 3 0x80001a2c (0xff831783) x15 0x00000000 mem 0x80016412
core   0: 0x80001a30 (0x00008441) c.srai  s0, 16
core   0: 3 0x80001a30 (0x8441) x 8 0xffff8002
core   0: 0x80001a32 (0x03730c83) lb      s9, 55(t1)
core   0: 3 0x80001a32 (0x03730c83) x25 0x00000000 mem 0x80016451
core   0: 0x80001a36 (0x0ff0000f) fence   iorw,iorw
core   0: 3 0x80001a36 (0x0ff0000f)
core   0: 0x80001a3a (0x03700fb3) mul     t6, zero, s7
core   0: 3 0x80001a3a (0x03700fb3) x31 0x00000000
core   0: 0x80001a3e (0x000010fd) c.addi  ra, -1
core   0: 3 0x80001a3e (0x10fd) x 1 0xffffffff
core   0: 0x80001a40 (0x02c35a83) lhu     s5, 44(t1)
core   0: 3 0x80001a40 (0x02c35a83) x21 0x00000000 mem 0x80016446
core   0: 0x80001a44 (0x00000001) c.nop
core   0: 3 0x80001a44 (0x0001)
core   0: 0x80001a46 (0xff230f23) sb      s2, -2(t1)
core   0: 3 0x80001a46 (0xff230f23) mem 0x80016418 0x0
core   0: 0x80001a4a (0xfed30603) lb      a2, -19(t1)
core   0: 3 0x80001a4a (0xfed30603) x12 0x00000000 mem 0x80016407
core   0: 0x80001a4e (0x02a35e03) lhu     t3, 42(t1)
core   0: 3 0x80001a4e (0x02a35e03) x28 0x00000000 mem 0x80016444
core   0: 0x80001a52 (0x00000001) c.nop
core   0: 3 0x80001a52 (0x0001)
core   0: 0x80001a54 (0xff630283) lb      t0, -10(t1)
core   0: 3 0x80001a54 (0xff630283) x 5 0x00000000 mem 0x80016410
core   0: 0x80001a58 (0x000040e9) c.li    ra, 26
core   0: 3 0x80001a58 (0x40e9) x 1 0x0000001a
core   0: 0x80001a5a (0x0000121c) c.addi4spn a5, sp, 288
core   0: 3 0x80001a5a (0x121c) x15 0x80409493
core   0: 0x80001a5c (0xff930783) lb      a5, -7(t1)
core   0: 3 0x80001a5c (0xff930783) x15 0x00000000 mem 0x80016413
core   0: 0x80001a60 (0xffd30fa3) sb      t4, -1(t1)
core   0: 3 0x80001a60 (0xffd30fa3) mem 0x80016419 0x0
core   0: 0x80001a64 (0x0342c4b3) div     s1, t0, s4
core   0: 3 0x80001a64 (0x0342c4b3) x 9 0x00000000
core   0: 0x80001a68 (0xfdf30b03) lb      s6, -33(t1)
core   0: 3 0x80001a68 (0xfdf30b03) x22 0x00000000 mem 0x800163f9
core   0: 0x80001a6c (0x02834c03) lbu     s8, 40(t1)
core   0: 3 0x80001a6c (0x02834c03) x24 0x00000000 mem 0x80016442
core   0: 0x80001a70 (0x00008d5d) c.or    a0, a5
core   0: 3 0x80001a70 (0x8d5d) x10 0x00000000
core   0: 0x80001a72 (0x02934803) lbu     a6, 41(t1)
core   0: 3 0x80001a72 (0x02934803) x16 0x00000000 mem 0x80016443
core   0: 0x80001a76 (0x00009bfd) c.andi  a5, -1
core   0: 3 0x80001a76 (0x9bfd) x15 0x00000000
core   0: 0x80001a78 (0xfea31c23) sh      a0, -8(t1)
core   0: 3 0x80001a78 (0xfea31c23) mem 0x80016412 0x0000
core   0: 0x80001a7c (0x00012a17) auipc   s4, 0x12
core   0: 3 0x80001a7c (0x00012a17) x20 0x80013a7c
core   0: 0x80001a80 (0x3b4a0a13) addi    s4, s4, 948
core   0: 3 0x80001a80 (0x3b4a0a13) x20 0x80013e30
core   0: 0x80001a84 (0x0ff0000f) fence   iorw,iorw
core   0: 3 0x80001a84 (0x0ff0000f)
core   0: 0x80001a88 (0x022a0603) lb      a2, 34(s4)
core   0: 3 0x80001a88 (0x022a0603) x12 0x00000000 mem 0x80013e52
core   0: 0x80001a8c (0x03bbcd33) div     s10, s7, s11
core   0: 3 0x80001a8c (0x03bbcd33) x26 0xffffffff
core   0: 0x80001a90 (0x02c59433) mulh    s0, a1, a2
core   0: 3 0x80001a90 (0x02c59433) x 8 0x00000000
core   0: 0x80001a94 (0x93c84613) xori    a2, a6, -1732
core   0: 3 0x80001a94 (0x93c84613) x12 0xfffff93c
core   0: 0x80001a98 (0x03aa0c23) sb      s10, 56(s4)
core   0: 3 0x80001a98 (0x03aa0c23) mem 0x80013e68 0xff
core   0: 0x80001a9c (0xfcba4783) lbu     a5, -53(s4)
core   0: 3 0x80001a9c (0xfcba4783) x15 0x00000000 mem 0x80013dfb
core   0: 0x80001aa0 (0xffda0d83) lb      s11, -3(s4)
core   0: 3 0x80001aa0 (0xffda0d83) x27 0x00000000 mem 0x80013e2d
core   0: 0x80001aa4 (0x033ca1b3) mulhsu  gp, s9, s3
core   0: 3 0x80001aa4 (0x033ca1b3) x 3 0x00000000
core   0: 0x80001aa8 (0x00004dc1) c.li    s11, 16
core   0: 3 0x80001aa8 (0x4dc1) x27 0x00000010
core   0: 0x80001aaa (0xfd9a4983) lbu     s3, -39(s4)
core   0: 3 0x80001aaa (0xfd9a4983) x19 0x00000000 mem 0x80013e09
core   0: 0x80001aae (0xfd7a0323) sb      s7, -58(s4)
core   0: 3 0x80001aae (0xfd7a0323) mem 0x80013df6 0x4c
core   0: 0x80001ab2 (0x000e3933) sltu    s2, t3, zero
core   0: 3 0x80001ab2 (0x000e3933) x18 0x00000000
core   0: 0x80001ab6 (0xfd3a0f83) lb      t6, -45(s4)
core   0: 3 0x80001ab6 (0xfd3a0f83) x31 0x00000000 mem 0x80013e03
core   0: 0x80001aba (0x00da4983) lbu     s3, 13(s4)
core   0: 3 0x80001aba (0x00da4983) x19 0x00000000 mem 0x80013e3d
core   0: 0x80001abe (0xffea5403) lhu     s0, -2(s4)
core   0: 3 0x80001abe (0xffea5403) x 8 0x00000000 mem 0x80013e2e
core   0: 0x80001ac2 (0x0022b833) sltu    a6, t0, sp
core   0: 3 0x80001ac2 (0x0022b833) x16 0x00000001
core   0: 0x80001ac6 (0xed1df493) andi    s1, s11, -303
core   0: 3 0x80001ac6 (0xed1df493) x 9 0x00000010
core   0: 0x80001aca (0xffca0d23) sb      t3, -6(s4)
core   0: 3 0x80001aca (0xffca0d23) mem 0x80013e2a 0x0
core   0: 0x80001ace (0xfd2a0223) sb      s2, -60(s4)
core   0: 3 0x80001ace (0xfd2a0223) mem 0x80013df4 0x0
core   0: 0x80001ad2 (0x00000b55) c.addi  s6, 21
core   0: 3 0x80001ad2 (0x0b55) x22 0x00000015
core   0: 0x80001ad4 (0x00009bfd) c.andi  a5, -1
core   0: 3 0x80001ad4 (0x9bfd) x15 0x00000000
core   0: 0x80001ad6 (0x0000717d) c.addi16sp sp, -16
core   0: 3 0x80001ad6 (0x717d) x 2 0x80409363
core   0: 0x80001ad8 (0x59148893) addi    a7, s1, 1425
core   0: 3 0x80001ad8 (0x59148893) x17 0x000005a1
core   0: 0x80001adc (0xfc2a0e23) sb      sp, -36(s4)
core   0: 3 0x80001adc (0xfc2a0e23) mem 0x80013e0c 0x63
core   0: 0x80001ae0 (0xfe8a5403) lhu     s0, -24(s4)
core   0: 3 0x80001ae0 (0xfe8a5403) x 8 0x00000000 mem 0x80013e18
core   0: 0x80001ae4 (0x00000001) c.nop
core   0: 3 0x80001ae4 (0x0001)
core   0: 0x80001ae6 (0x5f312117) auipc   sp, 0x5f312
core   0: 3 0x80001ae6 (0x5f312117) x 2 0xdf313ae6
core   0: 0x80001aea (0x00000832) c.slli  a6, 12
core   0: 3 0x80001aea (0x0832) x16 0x00001000
core   0: 0x80001aec (0x5d833393) sltiu   t2, t1, 1496
core   0: 3 0x80001aec (0x5d833393) x 7 0x00000000
core   0: 0x80001af0 (0x01b61993) slli    s3, a2, 27
core   0: 3 0x80001af0 (0x01b61993) x19 0xe0000000
core   0: 0x80001af4 (0x024a1b23) sh      tp, 54(s4)
core   0: 3 0x80001af4 (0x024a1b23) mem 0x80013e66 0x001f
core   0: 0x80001af8 (0x00012317) auipc   t1, 0x12
core   0: 3 0x80001af8 (0x00012317) x 6 0x80013af8
core   0: 0x80001afc (0x8f830313) addi    t1, t1, -1800
core   0: 3 0x80001afc (0x8f830313) x 6 0x800133f0
core   0: 0x80001b00 (0xff334183) lbu     gp, -13(t1)
core   0: 3 0x80001b00 (0xff334183) x 3 0x00000000 mem 0x800133e3
core   0: 0x80001b04 (0x00d30203) lb      tp, 13(t1)
core   0: 3 0x80001b04 (0x00d30203) x 4 0x00000000 mem 0x800133fd
core   0: 0x80001b08 (0x00e31483) lh      s1, 14(t1)
core   0: 3 0x80001b08 (0x00e31483) x 9 0x00000000 mem 0x800133fe
core   0: 0x80001b0c (0xff134e03) lbu     t3, -15(t1)
core   0: 3 0x80001b0c (0xff134e03) x28 0x00000000 mem 0x800133e1
core   0: 0x80001b10 (0xfe8308a3) sb      s0, -15(t1)
core   0: 3 0x80001b10 (0xfe8308a3) mem 0x800133e1 0x0
core   0: 0x80001b14 (0xff130003) lb      zero, -15(t1)
core   0: 3 0x80001b14 (0xff130003) mem 0x800133e1
core   0: 0x80001b18 (0x000087aa) c.mv    a5, a0
core   0: 3 0x80001b18 (0x87aa) x15 0x00000000
core   0: 0x80001b1a (0x38779fb7) lui     t6, 0x38779
core   0: 3 0x80001b1a (0x38779fb7) x31 0x38779000
core   0: 0x80001b1e (0xff130803) lb      a6, -15(t1)
core   0: 3 0x80001b1e (0xff130803) x16 0x00000000 mem 0x800133e1
core   0: 0x80001b22 (0x02b313b3) mulh    t2, t1, a1
core   0: 3 0x80001b22 (0x02b313b3) x 7 0x3ffdff99
core   0: 0x80001b26 (0x00004a3d) c.li    s4, 15
core   0: 3 0x80001b26 (0x4a3d) x20 0x0000000f
core   0: 0x80001b28 (0x01c3cbb3) xor     s7, t2, t3
core   0: 3 0x80001b28 (0x01c3cbb3) x23 0x3ffdff99
core   0: 0x80001b2c (0xff134c83) lbu     s9, -15(t1)
core   0: 3 0x80001b2c (0xff134c83) x25 0x00000000 mem 0x800133e1
core   0: 0x80001b30 (0xffa30ba3) sb      s10, -9(t1)
core   0: 3 0x80001b30 (0xffa30ba3) mem 0x800133e7 0xff
core   0: 0x80001b34 (0xff734783) lbu     a5, -9(t1)
core   0: 3 0x80001b34 (0xff734783) x15 0x000000ff mem 0x800133e7
core   0: 0x80001b38 (0xff030ba3) sb      a6, -9(t1)
core   0: 3 0x80001b38 (0xff030ba3) mem 0x800133e7 0x0
core   0: 0x80001b3c (0xff734183) lbu     gp, -9(t1)
core   0: 3 0x80001b3c (0xff734183) x 3 0x00000000 mem 0x800133e7
core   0: 0x80001b40 (0xfe630ba3) sb      t1, -9(t1)
core   0: 3 0x80001b40 (0xfe630ba3) mem 0x800133e7 0xf0
core   0: 0x80001b44 (0xfff34083) lbu     ra, -1(t1)
core   0: 3 0x80001b44 (0xfff34083) x 1 0x00000000 mem 0x800133ef
core   0: 0x80001b48 (0x0001fb17) auipc   s6, 0x1f
core   0: 3 0x80001b48 (0x0001fb17) x22 0x80020b48
core   0: 0x80001b4c (0xcdbb0b13) addi    s6, s6, -805
core   0: 3 0x80001b4c (0xcdbb0b13) x22 0x80020823
core   0: 0x80001b50 (0x0234be33) mulhu   t3, s1, gp
core   0: 3 0x80001b50 (0x0234be33) x28 0x00000000
core   0: 0x80001b54 (0x017b0323) sb      s7, 6(s6)
core   0: 3 0x80001b54 (0x017b0323) mem 0x80020829 0x99
core   0: 0x80001b58 (0x0000854d) c.srai  a0, 19
core   0: 3 0x80001b58 (0x854d) x10 0x00000000
core   0: 0x80001b5a (0x006b0b83) lb      s7, 6(s6)
core   0: 3 0x80001b5a (0x006b0b83) x23 0xffffff99 mem 0x80020829
core   0: 0x80001b5e (0x003b5603) lhu     a2, 3(s6)
core   0: 3 0x80001b5e (0x003b5603) x12 0x00000000 mem 0x80020826
core   0: 0x80001b62 (0x00bb4003) lbu     zero, 11(s6)
core   0: 3 0x80001b62 (0x00bb4003) mem 0x8002082e
core   0: 0x80001b66 (0x000b05a3) sb      zero, 11(s6)
core   0: 3 0x80001b66 (0x000b05a3) mem 0x8002082e 0x0
core   0: 0x80001b6a (0x00bb1d83) lh      s11, 11(s6)
core   0: 3 0x80001b6a (0x00bb1d83) x27 0x00000000 mem 0x8002082e
core   0: 0x80001b6e (0x00bb5803) lhu     a6, 11(s6)
core   0: 3 0x80001b6e (0x00bb5803) x16 0x00000000 mem 0x8002082e
core   0: 0x80001b72 (0x007b5803) lhu     a6, 7(s6)
core   0: 3 0x80001b72 (0x007b5803) x16 0x00000000 mem 0x8002082a
core   0: 0x80001b76 (0xffeb4783) lbu     a5, -2(s6)
core   0: 3 0x80001b76 (0xffeb4783) x15 0x00000000 mem 0x80020821
core   0: 0x80001b7a (0xff5b4303) lbu     t1, -11(s6)
core   0: 3 0x80001b7a (0xff5b4303) x 6 0x00000000 mem 0x80020818
core   0: 0x80001b7e (0xff5b0d23) sb      s5, -6(s6)
core   0: 3 0x80001b7e (0xff5b0d23) mem 0x8002081d 0x0
core   0: 0x80001b82 (0x000080d5) c.srli  s1, 21
core   0: 3 0x80001b82 (0x80d5) x 9 0x00000000
core   0: 0x80001b84 (0xff6b4683) lbu     a3, -10(s6)
core   0: 3 0x80001b84 (0xff6b4683) x13 0x00000000 mem 0x80020819
core   0: 0x80001b88 (0xff6b0483) lb      s1, -10(s6)
core   0: 3 0x80001b88 (0xff6b0483) x 9 0x00000000 mem 0x80020819
core   0: 0x80001b8c (0xffcb0283) lb      t0, -4(s6)
core   0: 3 0x80001b8c (0xffcb0283) x 5 0x00000000 mem 0x8002081f
core   0: 0x80001b90 (0x0000982e) c.add   a6, a1
core   0: 3 0x80001b90 (0x982e) x16 0x8002cce4
core   0: 0x80001b92 (0xffcb0a83) lb      s5, -4(s6)
core   0: 3 0x80001b92 (0xffcb0a83) x21 0x00000000 mem 0x8002081f
core   0: 0x80001b96 (0xffcb0683) lb      a3, -4(s6)
core   0: 3 0x80001b96 (0xffcb0683) x13 0x00000000 mem 0x8002081f
core   0: 0x80001b9a (0xffcb0283) lb      t0, -4(s6)
core   0: 3 0x80001b9a (0xffcb0283) x 5 0x00000000 mem 0x8002081f
core   0: 0x80001b9e (0x00cb0803) lb      a6, 12(s6)
core   0: 3 0x80001b9e (0x00cb0803) x16 0x00000000 mem 0x8002082f
core   0: 0x80001ba2 (0xfffb1783) lh      a5, -1(s6)
core   0: 3 0x80001ba2 (0xfffb1783) x15 0x00000000 mem 0x80020822
core   0: 0x80001ba6 (0xffeb4c03) lbu     s8, -2(s6)
core   0: 3 0x80001ba6 (0xffeb4c03) x24 0x00000000 mem 0x80020821
core   0: 0x80001baa (0x00012897) auipc   a7, 0x12
core   0: 3 0x80001baa (0x00012897) x17 0x80013baa
core   0: 0x80001bae (0xb4188893) addi    a7, a7, -1215
core   0: 3 0x80001bae (0xb4188893) x17 0x800136eb
core   0: 0x80001bb2 (0x3fd88ba3) sb      t4, 1015(a7)
core   0: 3 0x80001bb2 (0x3fd88ba3) mem 0x80013ae2 0x0
core   0: 0x80001bb6 (0x02439b33) mulh    s6, t2, tp
core   0: 3 0x80001bb6 (0x02439b33) x22 0x00000000
core   0: 0x80001bba (0x3e688ba3) sb      t1, 1015(a7)
core   0: 3 0x80001bba (0x3e688ba3) mem 0x80013ae2 0x0
core   0: 0x80001bbe (0x3f78ce83) lbu     t4, 1015(a7)
core   0: 3 0x80001bbe (0x3f78ce83) x29 0x00000000 mem 0x80013ae2
core   0: 0x80001bc2 (0x3e088ba3) sb      zero, 1015(a7)
core   0: 3 0x80001bc2 (0x3e088ba3) mem 0x80013ae2 0x0
core   0: 0x80001bc6 (0x3f788783) lb      a5, 1015(a7)
core   0: 3 0x80001bc6 (0x3f788783) x15 0x00000000 mem 0x80013ae2
core   0: 0x80001bca (0x3f788c83) lb      s9, 1015(a7)
core   0: 3 0x80001bca (0x3f788c83) x25 0x00000000 mem 0x80013ae2
core   0: 0x80001bce (0x3f78cf83) lbu     t6, 1015(a7)
core   0: 3 0x80001bce (0x3f78cf83) x31 0x00000000 mem 0x80013ae2
core   0: 0x80001bd2 (0x00a536b3) sltu    a3, a0, a0
core   0: 3 0x80001bd2 (0x00a536b3) x13 0x00000000
core   0: 0x80001bd6 (0x3f78d403) lhu     s0, 1015(a7)
core   0: 3 0x80001bd6 (0x3f78d403) x 8 0x00000000 mem 0x80013ae2
core   0: 0x80001bda (0x3f788a03) lb      s4, 1015(a7)
core   0: 3 0x80001bda (0x3f788a03) x20 0x00000000 mem 0x80013ae2
core   0: 0x80001bde (0x3f789983) lh      s3, 1015(a7)
core   0: 3 0x80001bde (0x3f789983) x19 0x00000000 mem 0x80013ae2
core   0: 0x80001be2 (0x3f789803) lh      a6, 1015(a7)
core   0: 3 0x80001be2 (0x3f789803) x16 0x00000000 mem 0x80013ae2
core   0: 0x80001be6 (0x3f78dc83) lhu     s9, 1015(a7)
core   0: 3 0x80001be6 (0x3f78dc83) x25 0x00000000 mem 0x80013ae2
core   0: 0x80001bea (0x3f788f83) lb      t6, 1015(a7)
core   0: 3 0x80001bea (0x3f788f83) x31 0x00000000 mem 0x80013ae2
core   0: 0x80001bee (0x3f78cd03) lbu     s10, 1015(a7)
core   0: 3 0x80001bee (0x3f78cd03) x26 0x00000000 mem 0x80013ae2
core   0: 0x80001bf2 (0x3f788c03) lb      s8, 1015(a7)
core   0: 3 0x80001bf2 (0x3f788c03) x24 0x00000000 mem 0x80013ae2
core   0: 0x80001bf6 (0x3f488ba3) sb      s4, 1015(a7)
core   0: 3 0x80001bf6 (0x3f488ba3) mem 0x80013ae2 0x0
core   0: 0x80001bfa (0x3f78c203) lbu     tp, 1015(a7)
core   0: 3 0x80001bfa (0x3f78c203) x 4 0x00000000 mem 0x80013ae2
core   0: 0x80001bfe (0x3f789603) lh      a2, 1015(a7)
core   0: 3 0x80001bfe (0x3f789603) x12 0x00000000 mem 0x80013ae2
core   0: 0x80001c02 (0x00020117) auipc   sp, 0x20
core   0: 3 0x80001c02 (0x00020117) x 2 0x80021c02
core   0: 0x80001c06 (0x5b910113) addi    sp, sp, 1465
core   0: 3 0x80001c06 (0x5b910113) x 2 0x800221bb
core   0: 0x80001c0a (0x00010723) sb      zero, 14(sp)
core   0: 3 0x80001c0a (0x00010723) mem 0x800221c9 0x0
core   0: 0x80001c0e (0x039437b3) mulhu   a5, s0, s9
core   0: 3 0x80001c0e (0x039437b3) x15 0x00000000
core   0: 0x80001c12 (0x01eabeb3) sltu    t4, s5, t5
core   0: 3 0x80001c12 (0x01eabeb3) x29 0x00000001
core   0: 0x80001c16 (0x00000001) c.nop
core   0: 3 0x80001c16 (0x0001)
core   0: 0x80001c18 (0xfec10ca3) sb      a2, -7(sp)
core   0: 3 0x80001c18 (0xfec10ca3) mem 0x800221b4 0x0
core   0: 0x80001c1c (0xff610ea3) sb      s6, -3(sp)
core   0: 3 0x80001c1c (0xff610ea3) mem 0x800221b8 0x0
core   0: 0x80001c20 (0xcad27393) andi    t2, tp, -851
core   0: 3 0x80001c20 (0xcad27393) x 7 0x00000000
core   0: 0x80001c24 (0x00008159) c.srli  a0, 22
core   0: 3 0x80001c24 (0x8159) x10 0x00000000
core   0: 0x80001c26 (0x419ddbb3) sra     s7, s11, s9
core   0: 3 0x80001c26 (0x419ddbb3) x23 0x00000000
core   0: 0x80001c2a (0xfff10a83) lb      s5, -1(sp)
core   0: 3 0x80001c2a (0xfff10a83) x21 0x00000000 mem 0x800221ba
core   0: 0x80001c2e (0x00610e03) lb      t3, 6(sp)
core   0: 3 0x80001c2e (0x00610e03) x28 0x00000000 mem 0x800221c1
core   0: 0x80001c32 (0x02c77233) remu    tp, a4, a2
core   0: 3 0x80001c32 (0x02c77233) x 4 0x80028e64
core   0: 0x80001c36 (0x03ed94b3) mulh    s1, s11, t5
core   0: 3 0x80001c36 (0x03ed94b3) x 9 0x00000000
core   0: 0x80001c3a (0xff715503) lhu     a0, -9(sp)
core   0: 3 0x80001c3a (0xff715503) x10 0x00000000 mem 0x800221b2
core   0: 0x80001c3e (0xfaddcf93) xori    t6, s11, -83
core   0: 3 0x80001c3e (0xfaddcf93) x31 0xffffffad
core   0: 0x80001c42 (0x012049b3) xor     s3, zero, s2
core   0: 3 0x80001c42 (0x012049b3) x19 0x00000000
core   0: 0x80001c46 (0x00004b71) c.li    s6, 28
core   0: 3 0x80001c46 (0x4b71) x22 0x0000001c
core   0: 0x80001c48 (0x0000100f) fence.i
core   0: 3 0x80001c48 (0x0000100f)
core   0: 0x80001c4c (0x0000997d) c.andi  a0, -1
core   0: 3 0x80001c4c (0x997d) x10 0x00000000
core   0: 0x80001c4e (0x003ae3b3) or      t2, s5, gp
core   0: 3 0x80001c4e (0x003ae3b3) x 7 0x00000000
core   0: 0x80001c52 (0x00c69e93) slli    t4, a3, 12
core   0: 3 0x80001c52 (0x00c69e93) x29 0x00000000
core   0: 0x80001c56 (0xffb10803) lb      a6, -5(sp)
core   0: 3 0x80001c56 (0xffb10803) x16 0x00000000 mem 0x800221b6
core   0: 0x80001c5a (0xff810a03) lb      s4, -8(sp)
core   0: 3 0x80001c5a (0xff810a03) x20 0x00000000 mem 0x800221b3
core   0: 0x80001c5e (0x00000001) c.nop
core   0: 3 0x80001c5e (0x0001)
core   0: 0x80001c60 (0x01176233) or      tp, a4, a7
core   0: 3 0x80001c60 (0x01176233) x 4 0x8003beef
core   0: 0x80001c64 (0x01710223) sb      s7, 4(sp)
core   0: 3 0x80001c64 (0x01710223) mem 0x800221bf 0x0
core   0: 0x80001c68 (0x0084d913) srli    s2, s1, 8
core   0: 3 0x80001c68 (0x0084d913) x18 0x00000000
core   0: 0x80001c6c (0x00414003) lbu     zero, 4(sp)
core   0: 3 0x80001c6c (0x00414003) mem 0x800221bf
core   0: 0x80001c70 (0xff515783) lhu     a5, -11(sp)
core   0: 3 0x80001c70 (0xff515783) x15 0x00000000 mem 0x800221b0
core   0: 0x80001c74 (0x0206aa33) mulhsu  s4, a3, zero
core   0: 3 0x80001c74 (0x0206aa33) x20 0x00000000
core   0: 0x80001c78 (0x03ae9eb3) mulh    t4, t4, s10
core   0: 3 0x80001c78 (0x03ae9eb3) x29 0x00000000
core   0: 0x80001c7c (0x01554933) xor     s2, a0, s5
core   0: 3 0x80001c7c (0x01554933) x18 0x00000000
core   0: 0x80001c80 (0x00008fc5) c.or    a5, s1
core   0: 3 0x80001c80 (0x8fc5) x15 0x00000000
core   0: 0x80001c82 (0x012237b3) sltu    a5, tp, s2
core   0: 3 0x80001c82 (0x012237b3) x15 0x00000000
core   0: 0x80001c86 (0x02364d33) div     s10, a2, gp
core   0: 3 0x80001c86 (0x02364d33) x26 0xffffffff
core   0: 0x80001c8a (0x00008e35) c.xor   a2, a3
core   0: 3 0x80001c8a (0x8e35) x12 0x00000000
core   0: 0x80001c8c (0x001106a3) sb      ra, 13(sp)
core   0: 3 0x80001c8c (0x001106a3) mem 0x800221c8 0x0
core   0: 0x80001c90 (0xfea10d23) sb      a0, -6(sp)
core   0: 3 0x80001c90 (0xfea10d23) mem 0x800221b5 0x0
core   0: 0x80001c94 (0xe79a44b7) lui     s1, 0xe79a4
core   0: 3 0x80001c94 (0xe79a44b7) x 9 0xe79a4000
core   0: 0x80001c98 (0x018107a3) sb      s8, 15(sp)
core   0: 3 0x80001c98 (0x018107a3) mem 0x800221ca 0x0
core   0: 0x80001c9c (0x00012617) auipc   a2, 0x12
core   0: 3 0x80001c9c (0x00012617) x12 0x80013c9c
core   0: 0x80001ca0 (0xa1c60613) addi    a2, a2, -1508
core   0: 3 0x80001ca0 (0xa1c60613) x12 0x800136b8
core   0: 0x80001ca4 (0x000051fd) c.li    gp, -1
core   0: 3 0x80001ca4 (0x51fd) x 3 0xffffffff
core   0: 0x80001ca6 (0x00b60b03) lb      s6, 11(a2)
core   0: 3 0x80001ca6 (0x00b60b03) x22 0x00000000 mem 0x800136c3
core   0: 0x80001caa (0x00b64d03) lbu     s10, 11(a2)
core   0: 3 0x80001caa (0x00b64d03) x26 0x00000000 mem 0x800136c3
core   0: 0x80001cae (0xffe61783) lh      a5, -2(a2)
core   0: 3 0x80001cae (0xffe61783) x15 0x00000000 mem 0x800136b6
core   0: 0x80001cb2 (0x00000001) c.nop
core   0: 3 0x80001cb2 (0x0001)
core   0: 0x80001cb4 (0x0000c608) c.sw    a0, 8(a2)
core   0: 3 0x80001cb4 (0xc608) mem 0x800136c0 0x00000000
core   0: 0x80001cb6 (0xffb64a03) lbu     s4, -5(a2)
core   0: 3 0x80001cb6 (0xffb64a03) x20 0x00000000 mem 0x800136b3
core   0: 0x80001cba (0x002ca2b3) slt     t0, s9, sp
core   0: 3 0x80001cba (0x002ca2b3) x 5 0x00000000
core   0: 0x80001cbe (0x0001bc33) sltu    s8, gp, zero
core   0: 3 0x80001cbe (0x0001bc33) x24 0x00000000
core   0: 0x80001cc2 (0xff060483) lb      s1, -16(a2)
core   0: 3 0x80001cc2 (0xff060483) x 9 0x00000000 mem 0x800136a8
core   0: 0x80001cc6 (0xff061783) lh      a5, -16(a2)
core   0: 3 0x80001cc6 (0xff061783) x15 0x00000000 mem 0x800136a8
core   0: 0x80001cca (0xff065303) lhu     t1, -16(a2)
core   0: 3 0x80001cca (0xff065303) x 6 0x00000000 mem 0x800136a8
core   0: 0x80001cce (0x0000100f) fence.i
core   0: 3 0x80001cce (0x0000100f)
core   0: 0x80001cd2 (0x0ff0000f) fence   iorw,iorw
core   0: 3 0x80001cd2 (0x0ff0000f)
core   0: 0x80001cd6 (0x01362223) sw      s3, 4(a2)
core   0: 3 0x80001cd6 (0x01362223) mem 0x800136bc 0x00000000
core   0: 0x80001cda (0x00008ff5) c.and   a5, a3
core   0: 3 0x80001cda (0x8ff5) x15 0x00000000
core   0: 0x80001cdc (0x01b606a3) sb      s11, 13(a2)
core   0: 3 0x80001cdc (0x01b606a3) mem 0x800136c5 0x0
core   0: 0x80001ce0 (0xff861e03) lh      t3, -8(a2)
core   0: 3 0x80001ce0 (0xff861e03) x28 0x00000000 mem 0x800136b0
core   0: 0x80001ce4 (0x00364903) lbu     s2, 3(a2)
core   0: 3 0x80001ce4 (0x00364903) x18 0x00000000 mem 0x800136bb
core   0: 0x80001ce8 (0xff265b83) lhu     s7, -14(a2)
core   0: 3 0x80001ce8 (0xff265b83) x23 0x00000000 mem 0x800136aa
core   0: 0x80001cec (0xfec60923) sb      a2, -14(a2)
core   0: 3 0x80001cec (0xfec60923) mem 0x800136aa 0xb8
core   0: 0x80001cf0 (0x00964b83) lbu     s7, 9(a2)
core   0: 3 0x80001cf0 (0x00964b83) x23 0x00000000 mem 0x800136c1
core   0: 0x80001cf4 (0x00018e17) auipc   t3, 0x18
core   0: 3 0x80001cf4 (0x00018e17) x28 0x80019cf4
core   0: 0x80001cf8 (0xcfce0e13) addi    t3, t3, -772
core   0: 3 0x80001cf8 (0xcfce0e13) x28 0x800199f0
core   0: 0x80001cfc (0x00000fa5) c.addi  t6, 9
core   0: 3 0x80001cfc (0x0fa5) x31 0xffffffb6
core   0: 0x80001cfe (0x03a7fa33) remu    s4, a5, s10
core   0: 3 0x80001cfe (0x03a7fa33) x20 0x00000000
core   0: 0x80001d02 (0x408588b3) sub     a7, a1, s0
core   0: 3 0x80001d02 (0x408588b3) x17 0x8002cce4
core   0: 0x80001d06 (0x01ce1b23) sh      t3, 22(t3)
core   0: 3 0x80001d06 (0x01ce1b23) mem 0x80019a06 0x99f0
core   0: 0x80001d0a (0xff1e0da3) sb      a7, -5(t3)
core   0: 3 0x80001d0a (0xff1e0da3) mem 0x800199eb 0xe4
core   0: 0x80001d0e (0x01d92233) slt     tp, s2, t4
core   0: 3 0x80001d0e (0x01d92233) x 4 0x00000000
core   0: 0x80001d12 (0x00008c2a) c.mv    s8, a0
core   0: 3 0x80001d12 (0x8c2a) x24 0x00000000
core   0: 0x80001d14 (0x0392ac33) mulhsu  s8, t0, s9
core   0: 3 0x80001d14 (0x0392ac33) x24 0x00000000
core   0: 0x80001d18 (0xfede0603) lb      a2, -19(t3)
core   0: 3 0x80001d18 (0xfede0603) x12 0x00000000 mem 0x800199dd
core   0: 0x80001d1c (0x00008251) c.srli  a2, 20
core   0: 3 0x80001d1c (0x8251) x12 0x00000000
core   0: 0x80001d1e (0x022e5503) lhu     a0, 34(t3)
core   0: 3 0x80001d1e (0x022e5503) x10 0x00000000 mem 0x80019a12
core   0: 0x80001d22 (0xe1160b13) addi    s6, a2, -495
core   0: 3 0x80001d22 (0xe1160b13) x22 0xfffffe11
core   0: 0x80001d26 (0xfede2823) sw      a3, -16(t3)
core   0: 3 0x80001d26 (0xfede2823) mem 0x800199e0 0x00000000
core   0: 0x80001d2a (0x9d703313) sltiu   t1, zero, -1577
core   0: 3 0x80001d2a (0x9d703313) x 6 0x00000001
core   0: 0x80001d2e (0x030bf133) remu    sp, s7, a6
core   0: 3 0x80001d2e (0x030bf133) x 2 0x00000000
core   0: 0x80001d32 (0xfc2e0003) lb      zero, -62(t3)
core   0: 3 0x80001d32 (0xfc2e0003) mem 0x800199b2
core   0: 0x80001d36 (0x03334cb3) div     s9, t1, s3
core   0: 3 0x80001d36 (0x03334cb3) x25 0xffffffff
core   0: 0x80001d3a (0x00006fed) c.lui   t6, 0x1b
core   0: 3 0x80001d3a (0x6fed) x31 0x0001b000
core   0: 0x80001d3c (0x01ee4883) lbu     a7, 30(t3)
core   0: 3 0x80001d3c (0x01ee4883) x17 0x00000000 mem 0x80019a0e
core   0: 0x80001d40 (0x024e04a3) sb      tp, 41(t3)
core   0: 3 0x80001d40 (0x024e04a3) mem 0x80019a19 0x0
core   0: 0x80001d44 (0x03ee1803) lh      a6, 62(t3)
core   0: 3 0x80001d44 (0x03ee1803) x16 0x00000000 mem 0x80019a2e
core   0: 0x80001d48 (0x9bf4aa13) slti    s4, s1, -1601
core   0: 3 0x80001d48 (0x9bf4aa13) x20 0x00000000
core   0: 0x80001d4c (0x000007b5) c.addi  a5, 13
core   0: 3 0x80001d4c (0x07b5) x15 0x0000000d
core   0: 0x80001d4e (0x00437c33) and     s8, t1, tp
core   0: 3 0x80001d4e (0x00437c33) x24 0x00000000
core   0: 0x80001d52 (0xff5e0e83) lb      t4, -11(t3)
core   0: 3 0x80001d52 (0xff5e0e83) x29 0x00000000 mem 0x800199e5
core   0: 0x80001d56 (0x00000daa) c.slli  s11, 10
core   0: 3 0x80001d56 (0x0daa) x27 0x00000000
core   0: 0x80001d58 (0x321be213) ori     tp, s7, 801
core   0: 3 0x80001d58 (0x321be213) x 4 0x00000321
core   0: 0x80001d5c (0x01d96cb3) or      s9, s2, t4
core   0: 3 0x80001d5c (0x01d96cb3) x25 0x00000000
core   0: 0x80001d60 (0x00008565) c.srai  a0, 25
core   0: 3 0x80001d60 (0x8565) x10 0x00000000
core   0: 0x80001d62 (0x0190d513) srli    a0, ra, 25
core   0: 3 0x80001d62 (0x0190d513) x10 0x00000000
core   0: 0x80001d66 (0x00000001) c.nop
core   0: 3 0x80001d66 (0x0001)
core   0: 0x80001d68 (0x031e0a23) sb      a7, 52(t3)
core   0: 3 0x80001d68 (0x031e0a23) mem 0x80019a24 0x0
core   0: 0x80001d6c (0xfc9e0803) lb      a6, -55(t3)
core   0: 3 0x80001d6c (0xfc9e0803) x16 0x00000000 mem 0x800199b9
core   0: 0x80001d70 (0x0058f8b3) and     a7, a7, t0
core   0: 3 0x80001d70 (0x0058f8b3) x17 0x00000000
core   0: 0x80001d74 (0x01ae4303) lbu     t1, 26(t3)
core   0: 3 0x80001d74 (0x01ae4303) x 6 0x00000000 mem 0x80019a0a
core   0: 0x80001d78 (0xffbe4183) lbu     gp, -5(t3)
core   0: 3 0x80001d78 (0xffbe4183) x 3 0x000000e4 mem 0x800199eb
core   0: 0x80001d7c (0xff6e1e83) lh      t4, -10(t3)
core   0: 3 0x80001d7c (0xff6e1e83) x29 0x00000000 mem 0x800199e6
core   0: 0x80001d80 (0x01ee7233) and     tp, t3, t5
core   0: 3 0x80001d80 (0x01ee7233) x 4 0x80000000
core   0: 0x80001d84 (0x03f28333) mul     t1, t0, t6
core   0: 3 0x80001d84 (0x03f28333) x 6 0x00000000
core   0: 0x80001d88 (0x031e03a3) sb      a7, 39(t3)
core   0: 3 0x80001d88 (0x031e03a3) mem 0x80019a17 0x0
core   0: 0x80001d8c (0x00000ace) c.slli  s5, 19
core   0: 3 0x80001d8c (0x0ace) x21 0x00000000
core   0: 0x80001d8e (0x014763b3) or      t2, a4, s4
core   0: 3 0x80001d8e (0x014763b3) x 7 0x80028e64
core   0: 0x80001d92 (0xfe3e0d03) lb      s10, -29(t3)
core   0: 3 0x80001d92 (0xfe3e0d03) x26 0x00000000 mem 0x800199d3
core   0: 0x80001d96 (0x00011297) auipc   t0, 0x11
core   0: 3 0x80001d96 (0x00011297) x 5 0x80012d96
core   0: 0x80001d9a (0x3d628293) addi    t0, t0, 982
core   0: 3 0x80001d9a (0x3d628293) x 5 0x8001316c
core   0: 0x80001d9e (0x0142a903) lw      s2, 20(t0)
core   0: 3 0x80001d9e (0x0142a903) x18 0x00000000 mem 0x80013180
core   0: 0x80001da2 (0x01428a03) lb      s4, 20(t0)
core   0: 3 0x80001da2 (0x01428a03) x20 0x00000000 mem 0x80013180
core   0: 0x80001da6 (0xffc2ca83) lbu     s5, -4(t0)
core   0: 3 0x80001da6 (0xffc2ca83) x21 0x00000000 mem 0x80013168
core   0: 0x80001daa (0xffc2df83) lhu     t6, -4(t0)
core   0: 3 0x80001daa (0xffc2df83) x31 0x0000e400 mem 0x80013168
core   0: 0x80001dae (0xfcc2a783) lw      a5, -52(t0)
core   0: 3 0x80001dae (0xfcc2a783) x15 0x00000000 mem 0x80013138
core   0: 0x80001db2 (0xfc32ce03) lbu     t3, -61(t0)
core   0: 3 0x80001db2 (0xfc32ce03) x28 0x00000000 mem 0x8001312f
core   0: 0x80001db6 (0x0000100f) fence.i
core   0: 3 0x80001db6 (0x0000100f)
core   0: 0x80001dba (0xfce2a423) sw      a4, -56(t0)
core   0: 3 0x80001dba (0xfce2a423) mem 0x80013134 0x80028e64
core   0: 0x80001dbe (0xfc828383) lb      t2, -56(t0)
core   0: 3 0x80001dbe (0xfc828383) x 7 0x00000064 mem 0x80013134
core   0: 0x80001dc2 (0xfc82de83) lhu     t4, -56(t0)
core   0: 3 0x80001dc2 (0xfc82de83) x29 0x00008e64 mem 0x80013134
core   0: 0x80001dc6 (0xff428ca3) sb      s4, -7(t0)
core   0: 3 0x80001dc6 (0xff428ca3) mem 0x80013165 0x0
core   0: 0x80001dca (0xff628ca3) sb      s6, -7(t0)
core   0: 3 0x80001dca (0xff628ca3) mem 0x80013165 0x11
core   0: 0x80001dce (0xff328ca3) sb      s3, -7(t0)
core   0: 3 0x80001dce (0xff328ca3) mem 0x80013165 0x0
core   0: 0x80001dd2 (0x0002a103) lw      sp, 0(t0)
core   0: 3 0x80001dd2 (0x0002a103) x 2 0x00000000 mem 0x8001316c
core   0: 0x80001dd6 (0x00029103) lh      sp, 0(t0)
core   0: 3 0x80001dd6 (0x00029103) x 2 0x00000000 mem 0x8001316c
core   0: 0x80001dda (0x0132d533) srl     a0, t0, s3
core   0: 3 0x80001dda (0x0132d533) x10 0x8001316c
core   0: 0x80001dde (0x00b28ba3) sb      a1, 23(t0)
core   0: 3 0x80001dde (0x00b28ba3) mem 0x80013183 0xe4
core   0: 0x80001de2 (0x0172cc83) lbu     s9, 23(t0)
core   0: 3 0x80001de2 (0x0172cc83) x25 0x000000e4 mem 0x80013183
core   0: 0x80001de6 (0x01728383) lb      t2, 23(t0)
core   0: 3 0x80001de6 (0x01728383) x 7 0xffffffe4 mem 0x80013183
core   0: 0x80001dea (0x0001d797) auipc   a5, 0x1d
core   0: 3 0x80001dea (0x0001d797) x15 0x8001edea
core   0: 0x80001dee (0xfd478793) addi    a5, a5, -44
core   0: 3 0x80001dee (0xfd478793) x15 0x8001edbe
core   0: 0x80001df2 (0x00015917) auipc   s2, 0x15
core   0: 3 0x80001df2 (0x00015917) x18 0x80016df2
core   0: 0x80001df6 (0x4c090913) addi    s2, s2, 1216
core   0: 3 0x80001df6 (0x4c090913) x18 0x800172b2
core   0: 0x80001dfa (0x50895483) lhu     s1, 1288(s2)
core   0: 3 0x80001dfa (0x50895483) x 9 0x00000000 mem 0x800177ba
core   0: 0x80001dfe (0x00019617) auipc   a2, 0x19
core   0: 3 0x80001dfe (0x00019617) x12 0x8001adfe
core   0: 0x80001e02 (0xf2560613) addi    a2, a2, -219
core   0: 3 0x80001e02 (0xf2560613) x12 0x8001ad23
core   0: 0x80001e06 (0x00015e97) auipc   t4, 0x15
core   0: 3 0x80001e06 (0x00015e97) x29 0x80016e06
core   0: 0x80001e0a (0xb63e8e93) addi    t4, t4, -1181
core   0: 3 0x80001e0a (0xb63e8e93) x29 0x80016969
core   0: 0x80001e0e (0xfb2909a3) sb      s2, -77(s2)
core   0: 3 0x80001e0e (0xfb2909a3) mem 0x80017265 0xb2
core   0: 0x80001e12 (0x008e8823) sb      s0, 16(t4)
core   0: 3 0x80001e12 (0x008e8823) mem 0x80016979 0x0
core   0: 0x80001e16 (0x00018297) auipc   t0, 0x18
core   0: 3 0x80001e16 (0x00018297) x 5 0x80019e16
core   0: 0x80001e1a (0x10928293) addi    t0, t0, 265
core   0: 3 0x80001e1a (0x10928293) x 5 0x80019f1f
core   0: 0x80001e1e (0x003e9083) lh      ra, 3(t4)
core   0: 3 0x80001e1e (0x003e9083) x 1 0x00000000 mem 0x8001696c
core   0: 0x80001e22 (0x04678a83) lb      s5, 70(a5)
core   0: 3 0x80001e22 (0x04678a83) x21 0x00000000 mem 0x8001ee04
core   0: 0x80001e26 (0x96d904a3) sb      a3, -1687(s2)
core   0: 3 0x80001e26 (0x96d904a3) mem 0x80016c1b 0x0
core   0: 0x80001e2a (0xb9194683) lbu     a3, -1135(s2)
core   0: 3 0x80001e2a (0xb9194683) x13 0x00000000 mem 0x80016e43
core   0: 0x80001e2e (0x08079d83) lh      s11, 128(a5)
core   0: 3 0x80001e2e (0x08079d83) x27 0x00000000 mem 0x8001ee3e
core   0: 0x80001e32 (0xf6891103) lh      sp, -152(s2)
core   0: 3 0x80001e32 (0xf6891103) x 2 0x00000000 mem 0x8001721a
core   0: 0x80001e36 (0xf7860203) lb      tp, -136(a2)
core   0: 3 0x80001e36 (0xf7860203) x 4 0x00000000 mem 0x8001ac9b
core   0: 0x80001e3a (0xf0d79f23) sh      a3, -226(a5)
core   0: 3 0x80001e3a (0xf0d79f23) mem 0x8001ecdc 0x0000
core   0: 0x80001e3e (0x05960023) sb      s9, 64(a2)
core   0: 3 0x80001e3e (0x05960023) mem 0x8001ad63 0xe4
core   0: 0x80001e42 (0x008e8303) lb      t1, 8(t4)
core   0: 3 0x80001e42 (0x008e8303) x 6 0x00000000 mem 0x80016971
core   0: 0x80001e46 (0x03228403) lb      s0, 50(t0)
core   0: 3 0x80001e46 (0x03228403) x 8 0x00000000 mem 0x80019f51
core   0: 0x80001e4a (0x0e879d03) lh      s10, 232(a5)
core   0: 3 0x80001e4a (0x0e879d03) x26 0x00000000 mem 0x8001eea6
core   0: 0x80001e4e (0x02a7c183) lbu     gp, 42(a5)
core   0: 3 0x80001e4e (0x02a7c183) x 3 0x00000000 mem 0x8001ede8
core   0: 0x80001e52 (0xfcb28123) sb      a1, -62(t0)
core   0: 3 0x80001e52 (0xfcb28123) mem 0x80019ee1 0xe4
core   0: 0x80001e56 (0xfc860103) lb      sp, -56(a2)
core   0: 3 0x80001e56 (0xfc860103) x 2 0x00000000 mem 0x8001aceb
core   0: 0x80001e5a (0xff5ecf83) lbu     t6, -11(t4)
core   0: 3 0x80001e5a (0xff5ecf83) x31 0x00000000 mem 0x8001695e
core   0: 0x80001e5e (0x06b60503) lb      a0, 107(a2)
core   0: 3 0x80001e5e (0x06b60503) x10 0x00000000 mem 0x8001ad8e
core   0: 0x80001e62 (0x0242ca83) lbu     s5, 36(t0)
core   0: 3 0x80001e62 (0x0242ca83) x21 0x00000000 mem 0x80019f43
core   0: 0x80001e66 (0x01478ea3) sb      s4, 29(a5)
core   0: 3 0x80001e66 (0x01478ea3) mem 0x8001eddb 0x0
core   0: 0x80001e6a (0x09860303) lb      t1, 152(a2)
core   0: 3 0x80001e6a (0x09860303) x 6 0x00000000 mem 0x8001adbb
core   0: 0x80001e6e (0xf6f60503) lb      a0, -145(a2)
core   0: 3 0x80001e6e (0xf6f60503) x10 0x00000000 mem 0x8001ac92
core   0: 0x80001e72 (0xcfe92683) lw      a3, -770(s2)
core   0: 3 0x80001e72 (0xcfe92683) x13 0x00000000 mem 0x80016fb0
core   0: 0x80001e76 (0x53894183) lbu     gp, 1336(s2)
core   0: 3 0x80001e76 (0x53894183) x 3 0x00000000 mem 0x800177ea
core   0: 0x80001e7a (0xff22c203) lbu     tp, -14(t0)
core   0: 3 0x80001e7a (0xff22c203) x 4 0x00000000 mem 0x80019f11
core   0: 0x80001e7e (0xff9293a3) sh      s9, -25(t0)
core   0: 3 0x80001e7e (0xff9293a3) mem 0x80019f06 0x00e4
core   0: 0x80001e82 (0xfe460b03) lb      s6, -28(a2)
core   0: 3 0x80001e82 (0xfe460b03) x22 0x00000000 mem 0x8001ad07
core   0: 0x80001e86 (0x00de9e03) lh      t3, 13(t4)
core   0: 3 0x80001e86 (0x00de9e03) x28 0x00000000 mem 0x80016976
core   0: 0x80001e8a (0x0172a2a3) sw      s7, 5(t0)
core   0: 3 0x80001e8a (0x0172a2a3) mem 0x80019f24 0x00000000
core   0: 0x80001e8e (0x02879983) lh      s3, 40(a5)
core   0: 3 0x80001e8e (0x02879983) x19 0x00000000 mem 0x8001ede6
core   0: 0x80001e92 (0x0fb60623) sb      s11, 236(a2)
core   0: 3 0x80001e92 (0x0fb60623) mem 0x8001ae0f 0x0
core   0: 0x80001e96 (0x005289a3) sb      t0, 19(t0)
core   0: 3 0x80001e96 (0x005289a3) mem 0x80019f32 0x1f
core   0: 0x80001e9a (0x05264d03) lbu     s10, 82(a2)
core   0: 3 0x80001e9a (0x05264d03) x26 0x00000000 mem 0x8001ad75
core   0: 0x80001e9e (0x78d94483) lbu     s1, 1933(s2)
core   0: 3 0x80001e9e (0x78d94483) x 9 0x00000000 mem 0x80017a3f
core   0: 0x80001ea2 (0xff3e8f83) lb      t6, -13(t4)
core   0: 3 0x80001ea2 (0xff3e8f83) x31 0x00000000 mem 0x8001695c
core   0: 0x80001ea6 (0x00ce8203) lb      tp, 12(t4)
core   0: 3 0x80001ea6 (0x00ce8203) x 4 0x00000000 mem 0x80016975
core   0: 0x80001eaa (0x01f290a3) sh      t6, 1(t0)
core   0: 3 0x80001eaa (0x01f290a3) mem 0x80019f20 0x0000
core   0: 0x80001eae (0x95b90a03) lb      s4, -1701(s2)
core   0: 3 0x80001eae (0x95b90a03) x20 0x00000000 mem 0x80016c0d
core   0: 0x80001eb2 (0xf6178003) lb      zero, -159(a5)
core   0: 3 0x80001eb2 (0xf6178003) mem 0x8001ed1f
core   0: 0x80001eb6 (0x00012797) auipc   a5, 0x12
core   0: 3 0x80001eb6 (0x00012797) x15 0x80013eb6
core   0: 0x80001eba (0xf0a78793) addi    a5, a5, -246
core   0: 3 0x80001eba (0xf0a78793) x15 0x80013dc0
core   0: 0x80001ebe (0xfce7cd83) lbu     s11, -50(a5)
core   0: 3 0x80001ebe (0xfce7cd83) x27 0x00000000 mem 0x80013d8e
core   0: 0x80001ec2 (0x01f0f333) and     t1, ra, t6
core   0: 3 0x80001ec2 (0x01f0f333) x 6 0x00000000
core   0: 0x80001ec6 (0xfce7cb83) lbu     s7, -50(a5)
core   0: 3 0x80001ec6 (0xfce7cb83) x23 0x00000000 mem 0x80013d8e
core   0: 0x80001eca (0xfce78c83) lb      s9, -50(a5)
core   0: 3 0x80001eca (0xfce78c83) x25 0x00000000 mem 0x80013d8e
core   0: 0x80001ece (0x03578fa3) sb      s5, 63(a5)
core   0: 3 0x80001ece (0x03578fa3) mem 0x80013dff 0x0
core   0: 0x80001ed2 (0x021619b3) mulh    s3, a2, ra
core   0: 3 0x80001ed2 (0x021619b3) x19 0x00000000
core   0: 0x80001ed6 (0x03f7cf83) lbu     t6, 63(a5)
core   0: 3 0x80001ed6 (0x03f7cf83) x31 0x00000000 mem 0x80013dff
core   0: 0x80001eda (0x02578fa3) sb      t0, 63(a5)
core   0: 3 0x80001eda (0x02578fa3) mem 0x80013dff 0x1f
core   0: 0x80001ede (0x000009fd) c.addi  s3, 31
core   0: 3 0x80001ede (0x09fd) x19 0x0000001f
core   0: 0x80001ee0 (0x000060dd) c.lui   ra, 0x17
core   0: 3 0x80001ee0 (0x60dd) x 1 0x00017000
core   0: 0x80001ee2 (0x03f7c803) lbu     a6, 63(a5)
core   0: 3 0x80001ee2 (0x03f7c803) x16 0x0000001f mem 0x80013dff
core   0: 0x80001ee6 (0x03f78103) lb      sp, 63(a5)
core   0: 3 0x80001ee6 (0x03f78103) x 2 0x0000001f mem 0x80013dff
core   0: 0x80001eea (0x03578fa3) sb      s5, 63(a5)
core   0: 3 0x80001eea (0x03578fa3) mem 0x80013dff 0x0
core   0: 0x80001eee (0x03f78383) lb      t2, 63(a5)
core   0: 3 0x80001eee (0x03f78383) x 7 0x00000000 mem 0x80013dff
core   0: 0x80001ef2 (0x0001c117) auipc   sp, 0x1c
core   0: 3 0x80001ef2 (0x0001c117) x 2 0x8001def2
core   0: 0x80001ef6 (0xdb410113) addi    sp, sp, -588
core   0: 3 0x80001ef6 (0xdb410113) x 2 0x8001dca6
core   0: 0x80001efa (0x00000001) c.nop
core   0: 3 0x80001efa (0x0001)
core   0: 0x80001efc (0xf4d102a3) sb      a3, -187(sp)
core   0: 3 0x80001efc (0xf4d102a3) mem 0x8001dbeb 0x0
core   0: 0x80001f00 (0x00008e71) c.and   a2, a2
core   0: 3 0x80001f00 (0x8e71) x12 0x8001ad23
core   0: 0x80001f02 (0x00610483) lb      s1, 6(sp)
core   0: 3 0x80001f02 (0x00610483) x 9 0x00000000 mem 0x8001dcac
core   0: 0x80001f06 (0x0a914883) lbu     a7, 169(sp)
core   0: 3 0x80001f06 (0x0a914883) x17 0x00000000 mem 0x8001dd4f
core   0: 0x80001f0a (0x0a910883) lb      a7, 169(sp)
core   0: 3 0x80001f0a (0x0a910883) x17 0x00000000 mem 0x8001dd4f
core   0: 0x80001f0e (0x00000001) c.nop
core   0: 3 0x80001f0e (0x0001)
core   0: 0x80001f10 (0x0a910083) lb      ra, 169(sp)
core   0: 3 0x80001f10 (0x0a910083) x 1 0x00000000 mem 0x8001dd4f
core   0: 0x80001f14 (0x0ce10b03) lb      s6, 206(sp)
core   0: 3 0x80001f14 (0x0ce10b03) x22 0x00000000 mem 0x8001dd74
core   0: 0x80001f18 (0x0ce14603) lbu     a2, 206(sp)
core   0: 3 0x80001f18 (0x0ce14603) x12 0x00000000 mem 0x8001dd74
core   0: 0x80001f1c (0x0be10923) sb      t5, 178(sp)
core   0: 3 0x80001f1c (0x0be10923) mem 0x8001dd58 0x0
core   0: 0x80001f20 (0x40718633) sub     a2, gp, t2
core   0: 3 0x80001f20 (0x40718633) x12 0x00000000
core   0: 0x80001f24 (0x0b210b83) lb      s7, 178(sp)
core   0: 3 0x80001f24 (0x0b210b83) x23 0x00000000 mem 0x8001dd58
core   0: 0x80001f28 (0x0b714903) lbu     s2, 183(sp)
core   0: 3 0x80001f28 (0x0b714903) x18 0x00000000 mem 0x8001dd5d
core   0: 0x80001f2c (0x09812123) sw      s8, 130(sp)
core   0: 3 0x80001f2c (0x09812123) mem 0x8001dd28 0x00000000
core   0: 0x80001f30 (0xf6b14283) lbu     t0, -149(sp)
core   0: 3 0x80001f30 (0xf6b14283) x 5 0x00000000 mem 0x8001dc11
core   0: 0x80001f34 (0x0f411d03) lh      s10, 244(sp)
core   0: 3 0x80001f34 (0x0f411d03) x26 0x00000000 mem 0x8001dd9a
core   0: 0x80001f38 (0x0f411283) lh      t0, 244(sp)
core   0: 3 0x80001f38 (0x0f411283) x 5 0x00000000 mem 0x8001dd9a
core   0: 0x80001f3c (0x000ed313) srli    t1, t4, 0
core   0: 3 0x80001f3c (0x000ed313) x 6 0x80016969
core   0: 0x80001f40 (0x5790bd13) sltiu   s10, ra, 1401
core   0: 3 0x80001f40 (0x5790bd13) x26 0x00000001
core   0: 0x80001f44 (0x0000060e) c.slli  a2, 3
core   0: 3 0x80001f44 (0x060e) x12 0x00000000
core   0: 0x80001f46 (0x06c11223) sh      a2, 100(sp)
core   0: 3 0x80001f46 (0x06c11223) mem 0x8001dd0a 0x0000
core   0: 0x80001f4a (0x00013817) auipc   a6, 0x13
core   0: 3 0x80001f4a (0x00013817) x16 0x80014f4a
core   0: 0x80001f4e (0x65480813) addi    a6, a6, 1620
core   0: 3 0x80001f4e (0x65480813) x16 0x8001559e
core   0: 0x80001f52 (0x000098fd) c.andi  s1, -1
core   0: 3 0x80001f52 (0x98fd) x 9 0x00000000
core   0: 0x80001f54 (0x00008d55) c.or    a0, a3
core   0: 3 0x80001f54 (0x8d55) x10 0x00000000
core   0: 0x80001f56 (0x0d181123) sh      a7, 194(a6)
core   0: 3 0x80001f56 (0x0d181123) mem 0x80015660 0x0000
core   0: 0x80001f5a (0x407cd6b3) sra     a3, s9, t2
core   0: 3 0x80001f5a (0x407cd6b3) x13 0x00000000
core   0: 0x80001f5e (0xecd5ad93) slti    s11, a1, -307
core   0: 3 0x80001f5e (0xecd5ad93) x27 0x00000001
core   0: 0x80001f62 (0x07880e03) lb      t3, 120(a6)
core   0: 3 0x80001f62 (0x07880e03) x28 0x00000000 mem 0x80015616
core   0: 0x80001f66 (0x02139fb3) mulh    t6, t2, ra
core   0: 3 0x80001f66 (0x02139fb3) x31 0x00000000
core   0: 0x80001f6a (0xf0980ba3) sb      s1, -233(a6)
core   0: 3 0x80001f6a (0xf0980ba3) mem 0x800154b5 0x0
core   0: 0x80001f6e (0x088807a3) sb      s0, 143(a6)
core   0: 3 0x80001f6e (0x088807a3) mem 0x8001562d 0x0
core   0: 0x80001f72 (0x00000001) c.nop
core   0: 3 0x80001f72 (0x0001)
core   0: 0x80001f74 (0x07380483) lb      s1, 115(a6)
core   0: 3 0x80001f74 (0x07380483) x 9 0x00000000 mem 0x80015611
core   0: 0x80001f78 (0x03ddd7b3) divu    a5, s11, t4
core   0: 3 0x80001f78 (0x03ddd7b3) x15 0x00000000
core   0: 0x80001f7c (0x0ff0000f) fence   iorw,iorw
core   0: 3 0x80001f7c (0x0ff0000f)
core   0: 0x80001f80 (0xffc80ea3) sb      t3, -3(a6)
core   0: 3 0x80001f80 (0xffc80ea3) mem 0x8001559b 0x0
core   0: 0x80001f84 (0xf8c80183) lb      gp, -116(a6)
core   0: 3 0x80001f84 (0xf8c80183) x 3 0x00000000 mem 0x8001552a
core   0: 0x80001f88 (0x0000867d) c.srai  a2, 31
core   0: 3 0x80001f88 (0x867d) x12 0x00000000
core   0: 0x80001f8a (0x00008c89) c.sub   s1, a0
core   0: 3 0x80001f8a (0x8c89) x 9 0x00000000
core   0: 0x80001f8c (0x0ab80e23) sb      a1, 188(a6)
core   0: 3 0x80001f8c (0x0ab80e23) mem 0x8001565a 0xe4
core   0: 0x80001f90 (0x03e68ab3) mul     s5, a3, t5
core   0: 3 0x80001f90 (0x03e68ab3) x21 0x00000000
core   0: 0x80001f94 (0x0d980c83) lb      s9, 217(a6)
core   0: 3 0x80001f94 (0x0d980c83) x25 0x00000000 mem 0x80015677
core   0: 0x80001f98 (0x01fb7eb3) and     t4, s6, t6
core   0: 3 0x80001f98 (0x01fb7eb3) x29 0x00000000
core   0: 0x80001f9c (0x02ec99b3) mulh    s3, s9, a4
core   0: 3 0x80001f9c (0x02ec99b3) x19 0x00000000
core   0: 0x80001fa0 (0x00004ad1) c.li    s5, 20
core   0: 3 0x80001fa0 (0x4ad1) x21 0x00000014
core   0: 0x80001fa2 (0xfd580e23) sb      s5, -36(a6)
core   0: 3 0x80001fa2 (0xfd580e23) mem 0x8001557a 0x14
core   0: 0x80001fa6 (0x0ac84403) lbu     s0, 172(a6)
core   0: 3 0x80001fa6 (0x0ac84403) x 8 0x00000000 mem 0x8001564a
core   0: 0x80001faa (0x095808a3) sb      s5, 145(a6)
core   0: 3 0x80001faa (0x095808a3) mem 0x8001562f 0x14
core   0: 0x80001fae (0x0000100f) fence.i
core   0: 3 0x80001fae (0x0000100f)
core   0: 0x80001fb2 (0x0b180a03) lb      s4, 177(a6)
core   0: 3 0x80001fb2 (0x0b180a03) x20 0x00000000 mem 0x8001564f
core   0: 0x80001fb6 (0x000080a9) c.srli  s1, 10
core   0: 3 0x80001fb6 (0x80a9) x 9 0x00000000
core   0: 0x80001fb8 (0x01f1a133) slt     sp, gp, t6
core   0: 3 0x80001fb8 (0x01f1a133) x 2 0x00000000
core   0: 0x80001fbc (0xf6184883) lbu     a7, -159(a6)
core   0: 3 0x80001fbc (0xf6184883) x17 0x00000000 mem 0x800154ff
core   0: 0x80001fc0 (0xf7080823) sb      a6, -144(a6)
core   0: 3 0x80001fc0 (0xf7080823) mem 0x8001550e 0x9e
core   0: 0x80001fc4 (0x04480983) lb      s3, 68(a6)
core   0: 3 0x80001fc4 (0x04480983) x19 0x00000000 mem 0x800155e2
core   0: 0x80001fc8 (0x00011817) auipc   a6, 0x11
core   0: 3 0x80001fc8 (0x00011817) x16 0x80012fc8
core   0: 0x80001fcc (0x09f80813) addi    a6, a6, 159
core   0: 3 0x80001fcc (0x09f80813) x16 0x80013067
core   0: 0x80001fd0 (0x00012097) auipc   ra, 0x12
core   0: 3 0x80001fd0 (0x00012097) x 1 0x80013fd0
core   0: 0x80001fd4 (0xb2d08093) addi    ra, ra, -1235
core   0: 3 0x80001fd4 (0xb2d08093) x 1 0x80013afd
core   0: 0x80001fd8 (0x00012297) auipc   t0, 0x12
core   0: 3 0x80001fd8 (0x00012297) x 5 0x80013fd8
core   0: 0x80001fdc (0xa2b28293) addi    t0, t0, -1493
core   0: 3 0x80001fdc (0xa2b28293) x 5 0x80013a03
core   0: 0x80001fe0 (0xffd09983) lh      s3, -3(ra)
core   0: 3 0x80001fe0 (0xffd09983) x19 0x00000000 mem 0x80013afa
core   0: 0x80001fe4 (0x47d2cc83) lbu     s9, 1149(t0)
core   0: 3 0x80001fe4 (0x47d2cc83) x25 0x00000000 mem 0x80013e80
core   0: 0x80001fe8 (0x0e508523) sb      t0, 234(ra)
core   0: 3 0x80001fe8 (0x0e508523) mem 0x80013be7 0x3
core   0: 0x80001fec (0x40628003) lb      zero, 1030(t0)
core   0: 3 0x80001fec (0x40628003) mem 0x80013e09
core   0: 0x80001ff0 (0x0de80e03) lb      t3, 222(a6)
core   0: 3 0x80001ff0 (0x0de80e03) x28 0x00000000 mem 0x80013145
core   0: 0x80001ff4 (0x0e808ea3) sb      s0, 253(ra)
core   0: 3 0x80001ff4 (0x0e808ea3) mem 0x80013bfa 0x0
core   0: 0x80001ff8 (0x04208783) lb      a5, 66(ra)
core   0: 3 0x80001ff8 (0x04208783) x15 0x00000000 mem 0x80013b3f
core   0: 0x80001ffc (0x0ba80503) lb      a0, 186(a6)
core   0: 3 0x80001ffc (0x0ba80503) x10 0x00000000 mem 0x80013121
core   0: 0x80002000 (0xfb628c03) lb      s8, -74(t0)
core   0: 3 0x80002000 (0xfb628c03) x24 0x00000000 mem 0x800139b9
core   0: 0x80002004 (0x0fc813a3) sh      t3, 231(a6)
core   0: 3 0x80002004 (0x0fc813a3) mem 0x8001314e 0x0000
core   0: 0x80002008 (0x01628103) lb      sp, 22(t0)
core   0: 3 0x80002008 (0x01628103) x 2 0x00000000 mem 0x80013a19
core   0: 0x8000200c (0x02b0a983) lw      s3, 43(ra)
core   0: 3 0x8000200c (0x02b0a983) x19 0x00000000 mem 0x80013b28
core   0: 0x80002010 (0x2772ca03) lbu     s4, 631(t0)
core   0: 3 0x80002010 (0x2772ca03) x20 0x00000000 mem 0x80013c7a
core   0: 0x80002014 (0xf2208723) sb      sp, -210(ra)
core   0: 3 0x80002014 (0xf2208723) mem 0x80013a2b 0x0
core   0: 0x80002018 (0x15d29ba3) sh      t4, 343(t0)
core   0: 3 0x80002018 (0x15d29ba3) mem 0x80013b5a 0x0000
core   0: 0x8000201c (0xf600c003) lbu     zero, -160(ra)
core   0: 3 0x8000201c (0xf600c003) mem 0x80013a5d
core   0: 0x80002020 (0x0200cd83) lbu     s11, 32(ra)
core   0: 3 0x80002020 (0x0200cd83) x27 0x00000000 mem 0x80013b1d
core   0: 0x80002024 (0x0b284183) lbu     gp, 178(a6)
core   0: 3 0x80002024 (0x0b284183) x 3 0x00000000 mem 0x80013119
core   0: 0x80002028 (0xbe92cc83) lbu     s9, -1047(t0)
core   0: 3 0x80002028 (0xbe92cc83) x25 0x00000000 mem 0x800135ec
core   0: 0x8000202c (0x01680303) lb      t1, 22(a6)
core   0: 3 0x8000202c (0x01680303) x 6 0x00000000 mem 0x8001307d
core   0: 0x80002030 (0xfec80d83) lb      s11, -20(a6)
core   0: 3 0x80002030 (0xfec80d83) x27 0x00000000 mem 0x80013053
core   0: 0x80002034 (0xf382c903) lbu     s2, -200(t0)
core   0: 3 0x80002034 (0xf382c903) x18 0x00000000 mem 0x8001393b
core   0: 0x80002038 (0xfeb802a3) sb      a1, -27(a6)
core   0: 3 0x80002038 (0xfeb802a3) mem 0x8001304c 0xe4
core   0: 0x8000203c (0xfeb80c23) sb      a1, -8(a6)
core   0: 3 0x8000203c (0xfeb80c23) mem 0x8001305f 0xe4
core   0: 0x80002040 (0x04408e83) lb      t4, 68(ra)
core   0: 3 0x80002040 (0x04408e83) x29 0x00000000 mem 0x80013b41
core   0: 0x80002044 (0x00011c17) auipc   s8, 0x11
core   0: 3 0x80002044 (0x00011c17) x24 0x80013044
core   0: 0x80002048 (0x3f7c0c13) addi    s8, s8, 1015
core   0: 3 0x80002048 (0x3f7c0c13) x24 0x8001343b
core   0: 0x8000204c (0x0307e433) rem     s0, a5, a6
core   0: 3 0x8000204c (0x0307e433) x 8 0x00000000
core   0: 0x80002050 (0x00008efd) c.and   a3, a5
core   0: 3 0x80002050 (0x8efd) x13 0x00000000
core   0: 0x80002052 (0x0505e617) auipc   a2, 0x505e
core   0: 3 0x80002052 (0x0505e617) x12 0x85060052
core   0: 0x80002056 (0x005c1483) lh      s1, 5(s8)
core   0: 3 0x80002056 (0x005c1483) x 9 0x00000000 mem 0x80013440
core   0: 0x8000205a (0x009c1283) lh      t0, 9(s8)
core   0: 3 0x8000205a (0x009c1283) x 5 0x00000000 mem 0x80013444
core   0: 0x8000205e (0x62648613) addi    a2, s1, 1574
core   0: 3 0x8000205e (0x62648613) x12 0x00000626
core   0: 0x80002062 (0x03186193) ori     gp, a6, 49
core   0: 3 0x80002062 (0x03186193) x 3 0x80013077
core   0: 0x80002066 (0x00009cc6) c.add   s9, a7
core   0: 3 0x80002066 (0x9cc6) x25 0x00000000
core   0: 0x80002068 (0xfe1c2aa3) sw      ra, -11(s8)
core   0: 3 0x80002068 (0xfe1c2aa3) mem 0x80013430 0x80013afd
core   0: 0x8000206c (0x0210c4b3) div     s1, ra, ra
core   0: 3 0x8000206c (0x0210c4b3) x 9 0x00000001
core   0: 0x80002070 (0xc11b8837) lui     a6, 0xc11b8
core   0: 3 0x80002070 (0xc11b8837) x16 0xc11b8000
core   0: 0x80002074 (0xffac4c83) lbu     s9, -6(s8)
core   0: 3 0x80002074 (0xffac4c83) x25 0x00000000 mem 0x80013435
core   0: 0x80002078 (0x00008e2d) c.xor   a2, a1
core   0: 3 0x80002078 (0x8e2d) x12 0x8002cac2
core   0: 0x8000207a (0x0ff0000f) fence   iorw,iorw
core   0: 3 0x8000207a (0x0ff0000f)
core   0: 0x8000207e (0x02638eb3) mul     t4, t2, t1
core   0: 3 0x8000207e (0x02638eb3) x29 0x00000000
core   0: 0x80002082 (0x00bc11a3) sh      a1, 3(s8)
core   0: 3 0x80002082 (0x00bc11a3) mem 0x8001343e 0xcce4
core   0: 0x80002086 (0x00b25ab3) srl     s5, tp, a1
core   0: 3 0x80002086 (0x00b25ab3) x21 0x00000000
core   0: 0x8000208a (0x00006171) c.addi16sp sp, 336
core   0: 3 0x8000208a (0x6171) x 2 0x00000150
core   0: 0x8000208c (0x00ec4903) lbu     s2, 14(s8)
core   0: 3 0x8000208c (0x00ec4903) x18 0x00000000 mem 0x80013449
core   0: 0x80002090 (0x00001d88) c.addi4spn a0, sp, 752
core   0: 3 0x80002090 (0x1d88) x10 0x00000440
core   0: 0x80002092 (0x01ec26a3) sw      t5, 13(s8)
core   0: 3 0x80002092 (0x01ec26a3) mem 0x80013448 0x80000000
core   0: 0x80002096 (0x019c1013) slli    zero, s8, 25
core   0: 3 0x80002096 (0x019c1013)
core   0: 0x8000209a (0xff6c4903) lbu     s2, -10(s8)
core   0: 3 0x8000209a (0xff6c4903) x18 0x0000003a mem 0x80013431
core   0: 0x8000209e (0x017c0423) sb      s7, 8(s8)
core   0: 3 0x8000209e (0x017c0423) mem 0x80013443 0x0
core   0: 0x800020a2 (0x00ee7e33) and     t3, t3, a4
core   0: 3 0x800020a2 (0x00ee7e33) x28 0x00000000
core   0: 0x800020a6 (0x006c0723) sb      t1, 14(s8)
core   0: 3 0x800020a6 (0x006c0723) mem 0x80013449 0x0
core   0: 0x800020aa (0x00006215) c.lui   tp, 0x5
core   0: 3 0x800020aa (0x6215) x 4 0x00005000
core   0: 0x800020ac (0x00008ee5) c.and   a3, s1
core   0: 3 0x800020ac (0x8ee5) x13 0x00000000
core   0: 0x800020ae (0xff2c1ca3) sh      s2, -7(s8)
core   0: 3 0x800020ae (0xff2c1ca3) mem 0x80013434 0x003a
core   0: 0x800020b2 (0x00395133) srl     sp, s2, gp
core   0: 3 0x800020b2 (0x00395133) x 2 0x00000000
core   0: 0x800020b6 (0x0377ddb3) divu    s11, a5, s7
core   0: 3 0x800020b6 (0x0377ddb3) x27 0xffffffff
core   0: 0x800020ba (0xfebc0a23) sb      a1, -12(s8)
core   0: 3 0x800020ba (0xfebc0a23) mem 0x8001342f 0xe4
core   0: 0x800020be (0x00fc0383) lb      t2, 15(s8)
core   0: 3 0x800020be (0x00fc0383) x 7 0x00000000 mem 0x8001344a
core   0: 0x800020c2 (0x01c788b3) add     a7, a5, t3
core   0: 3 0x800020c2 (0x01c788b3) x17 0x00000000
core   0: 0x800020c6 (0x03d2e233) rem     tp, t0, t4
core   0: 3 0x800020c6 (0x03d2e233) x 4 0x00000000
core   0: 0x800020ca (0x0000127d) c.addi  tp, -1
core   0: 3 0x800020ca (0x127d) x 4 0xffffffff
core   0: 0x800020cc (0x00bd2433) slt     s0, s10, a1
core   0: 3 0x800020cc (0x00bd2433) x 8 0x00000000
core   0: 0x800020d0 (0xff9c2503) lw      a0, -7(s8)
core   0: 3 0x800020d0 (0xff9c2503) x10 0x0000003a mem 0x80013434
core   0: 0x800020d4 (0x02f1b633) mulhu   a2, gp, a5
core   0: 3 0x800020d4 (0x02f1b633) x12 0x00000000
core   0: 0x800020d8 (0x02fbb7b3) mulhu   a5, s7, a5
core   0: 3 0x800020d8 (0x02fbb7b3) x15 0x00000000
core   0: 0x800020dc (0x01a86533) or      a0, a6, s10
core   0: 3 0x800020dc (0x01a86533) x10 0xc11b8001
core   0: 0x800020e0 (0x00000265) c.addi  tp, 25
core   0: 3 0x800020e0 (0x0265) x 4 0x00000018
core   0: 0x800020e2 (0x00008e01) c.sub   a2, s0
core   0: 3 0x800020e2 (0x8e01) x12 0x00000000
core   0: 0x800020e4 (0x003c4d03) lbu     s10, 3(s8)
core   0: 3 0x800020e4 (0x003c4d03) x26 0x000000e4 mem 0x8001343e
core   0: 0x800020e8 (0x00011d97) auipc   s11, 0x11
core   0: 3 0x800020e8 (0x00011d97) x27 0x800130e8
core   0: 0x800020ec (0x7d7d8d93) addi    s11, s11, 2007
core   0: 3 0x800020ec (0x7d7d8d93) x27 0x800138bf
core   0: 0x800020f0 (0x00fd9303) lh      t1, 15(s11)
core   0: 3 0x800020f0 (0x00fd9303) x 6 0x00000000 mem 0x800138ce
core   0: 0x800020f4 (0xffbd9103) lh      sp, -5(s11)
core   0: 3 0x800020f4 (0xffbd9103) x 2 0x00000000 mem 0x800138ba
core   0: 0x800020f8 (0x006dc683) lbu     a3, 6(s11)
core   0: 3 0x800020f8 (0x006dc683) x13 0x00000000 mem 0x800138c5
core   0: 0x800020fc (0x03d42bb3) mulhsu  s7, s0, t4
core   0: 3 0x800020fc (0x03d42bb3) x23 0x00000000
core   0: 0x80002100 (0x01bd8223) sb      s11, 4(s11)
core   0: 3 0x80002100 (0x01bd8223) mem 0x800138c3 0xbf
core   0: 0x80002104 (0x001f9a93) slli    s5, t6, 1
core   0: 3 0x80002104 (0x001f9a93) x21 0x00000000
core   0: 0x80002108 (0x03191433) mulh    s0, s2, a7
core   0: 3 0x80002108 (0x03191433) x 8 0x00000000
core   0: 0x8000210c (0x009d9e03) lh      t3, 9(s11)
core   0: 3 0x8000210c (0x009d9e03) x28 0x00000000 mem 0x800138c8
core   0: 0x80002110 (0xff9d9483) lh      s1, -7(s11)
core   0: 3 0x80002110 (0xff9d9483) x 9 0x00000000 mem 0x800138b8
core   0: 0x80002114 (0x009611b3) sll     gp, a2, s1
core   0: 3 0x80002114 (0x009611b3) x 3 0x00000000
core   0: 0x80002118 (0xff6d8603) lb      a2, -10(s11)
core   0: 3 0x80002118 (0xff6d8603) x12 0x00000000 mem 0x800138b5
core   0: 0x8000211c (0xff5d8c03) lb      s8, -11(s11)
core   0: 3 0x8000211c (0xff5d8c03) x24 0x00000000 mem 0x800138b4
core   0: 0x80002120 (0x001d84a3) sb      ra, 9(s11)
core   0: 3 0x80002120 (0x001d84a3) mem 0x800138c8 0xfd
core   0: 0x80002124 (0x0000937a) c.add   t1, t5
core   0: 3 0x80002124 (0x937a) x 6 0x80000000
core   0: 0x80002126 (0x003dd283) lhu     t0, 3(s11)
core   0: 3 0x80002126 (0x003dd283) x 5 0x0000bf00 mem 0x800138c2
core   0: 0x8000212a (0x00585033) srl     zero, a6, t0
core   0: 3 0x8000212a (0x00585033)
core   0: 0x8000212e (0x005dde03) lhu     t3, 5(s11)
core   0: 3 0x8000212e (0x005dde03) x28 0x00000000 mem 0x800138c4
core   0: 0x80002132 (0x00bd9e03) lh      t3, 11(s11)
core   0: 3 0x80002132 (0x00bd9e03) x28 0x00000000 mem 0x800138ca
core   0: 0x80002136 (0x00008e1d) c.sub   a2, a5
core   0: 3 0x80002136 (0x8e1d) x12 0x00000000
core   0: 0x80002138 (0xff6d8a03) lb      s4, -10(s11)
core   0: 3 0x80002138 (0xff6d8a03) x20 0x00000000 mem 0x800138b5
core   0: 0x8000213c (0x010dc903) lbu     s2, 16(s11)
core   0: 3 0x8000213c (0x010dc903) x18 0x00000000 mem 0x800138cf
core   0: 0x80002140 (0x00ee5393) srli    t2, t3, 14
core   0: 3 0x80002140 (0x00ee5393) x 7 0x00000000
core   0: 0x80002144 (0x40d35e93) srai    t4, t1, 13
core   0: 3 0x80002144 (0x40d35e93) x29 0xfffc0000
core   0: 0x80002148 (0xffad8783) lb      a5, -6(s11)
core   0: 3 0x80002148 (0xffad8783) x15 0x00000000 mem 0x800138b9
core   0: 0x8000214c (0x00008d59) c.or    a0, a4
core   0: 3 0x8000214c (0x8d59) x10 0xc11b8e65
core   0: 0x8000214e (0xfffd8f83) lb      t6, -1(s11)
core   0: 3 0x8000214e (0xfffd8f83) x31 0x00000000 mem 0x800138be
core   0: 0x80002152 (0x00dd9183) lh      gp, 13(s11)
core   0: 3 0x80002152 (0x00dd9183) x 3 0x00000000 mem 0x800138cc
core   0: 0x80002156 (0x02378ab3) mul     s5, a5, gp
core   0: 3 0x80002156 (0x02378ab3) x21 0x00000000
core   0: 0x8000215a (0x02c073b3) remu    t2, zero, a2
core   0: 3 0x8000215a (0x02c073b3) x 7 0x00000000
core   0: 0x8000215e (0x03839933) mulh    s2, t2, s8
core   0: 3 0x8000215e (0x03839933) x18 0x00000000
core   0: 0x80002162 (0x018d97a3) sh      s8, 15(s11)
core   0: 3 0x80002162 (0x018d97a3) mem 0x800138ce 0x0000
core   0: 0x80002166 (0x010d8683) lb      a3, 16(s11)
core   0: 3 0x80002166 (0x010d8683) x13 0x00000000 mem 0x800138cf
core   0: 0x8000216a (0x0000087e) c.slli  a6, 31
core   0: 3 0x8000216a (0x087e) x16 0x00000000
core   0: 0x8000216c (0xffbdc983) lbu     s3, -5(s11)
core   0: 3 0x8000216c (0xffbdc983) x19 0x00000000 mem 0x800138ba
core   0: 0x80002170 (0xac4bb813) sltiu   a6, s7, -1340
core   0: 3 0x80002170 (0xac4bb813) x16 0x00000001
core   0: 0x80002174 (0x0000197d) c.addi  s2, -1
core   0: 3 0x80002174 (0x197d) x18 0xffffffff
core   0: 0x80002176 (0x016d8623) sb      s6, 12(s11)
core   0: 3 0x80002176 (0x016d8623) mem 0x800138cb 0x0
core   0: 0x8000217a (0x0000717d) c.addi16sp sp, -16
core   0: 3 0x8000217a (0x717d) x 2 0xfffffff0
core   0: 0x8000217c (0x039ab7b3) mulhu   a5, s5, s9
core   0: 3 0x8000217c (0x039ab7b3) x15 0x00000000
core   0: 0x80002180 (0xffadc183) lbu     gp, -6(s11)
core   0: 3 0x80002180 (0xffadc183) x 3 0x00000000 mem 0x800138b9
core   0: 0x80002184 (0x005d8783) lb      a5, 5(s11)
core   0: 3 0x80002184 (0x005d8783) x15 0x00000000 mem 0x800138c4
core   0: 0x80002188 (0x0000895a) c.mv    s2, s6
core   0: 3 0x80002188 (0x895a) x18 0x00000000
core   0: 0x8000218a (0x004dc983) lbu     s3, 4(s11)
core   0: 3 0x8000218a (0x004dc983) x19 0x000000bf mem 0x800138c3
core   0: 0x8000218e (0xfe4d8da3) sb      tp, -5(s11)
core   0: 3 0x8000218e (0xfe4d8da3) mem 0x800138ba 0x18
core   0: 0x80002192 (0x00011617) auipc   a2, 0x11
core   0: 3 0x80002192 (0x00011617) x12 0x80013192
core   0: 0x80002196 (0xfd860613) addi    a2, a2, -40
core   0: 3 0x80002196 (0xfd860613) x12 0x8001316a
core   0: 0x8000219a (0xfe160883) lb      a7, -31(a2)
core   0: 3 0x8000219a (0xfe160883) x17 0x00000000 mem 0x8001314b
core   0: 0x8000219e (0xfec600a3) sb      a2, -31(a2)
core   0: 3 0x8000219e (0xfec600a3) mem 0x8001314b 0x6a
core   0: 0x800021a2 (0xff0605a3) sb      a6, -21(a2)
core   0: 3 0x800021a2 (0xff0605a3) mem 0x80013155 0x1
core   0: 0x800021a6 (0x02b64a03) lbu     s4, 43(a2)
core   0: 3 0x800021a6 (0x02b64a03) x20 0x00000000 mem 0x80013195
core   0: 0x800021aa (0xff864083) lbu     ra, -8(a2)
core   0: 3 0x800021aa (0xff864083) x 1 0x00000000 mem 0x80013162
core   0: 0x800021ae (0xfd160e83) lb      t4, -47(a2)
core   0: 3 0x800021ae (0xfd160e83) x29 0x00000000 mem 0x8001313b
core   0: 0x800021b2 (0xfd164d03) lbu     s10, -47(a2)
core   0: 3 0x800021b2 (0xfd164d03) x26 0x00000000 mem 0x8001313b
core   0: 0x800021b6 (0x02d61d23) sh      a3, 58(a2)
core   0: 3 0x800021b6 (0x02d61d23) mem 0x800131a4 0x0000
core   0: 0x800021ba (0x03bc29b3) mulhsu  s3, s8, s11
core   0: 3 0x800021ba (0x03bc29b3) x19 0x00000000
core   0: 0x800021be (0xff160823) sb      a7, -16(a2)
core   0: 3 0x800021be (0xff160823) mem 0x8001315a 0x0
core   0: 0x800021c2 (0xff064683) lbu     a3, -16(a2)
core   0: 3 0x800021c2 (0xff064683) x13 0x00000000 mem 0x8001315a
core   0: 0x800021c6 (0xff065e03) lhu     t3, -16(a2)
core   0: 3 0x800021c6 (0xff065e03) x28 0x00000000 mem 0x8001315a
core   0: 0x800021ca (0xfeb60823) sb      a1, -16(a2)
core   0: 3 0x800021ca (0xfeb60823) mem 0x8001315a 0xe4
core   0: 0x800021ce (0x00019a97) auipc   s5, 0x19
core   0: 3 0x800021ce (0x00019a97) x21 0x8001b1ce
core   0: 0x800021d2 (0x2eca8a93) addi    s5, s5, 748
core   0: 3 0x800021d2 (0x2eca8a93) x21 0x8001b4ba
core   0: 0x800021d6 (0xff5ac783) lbu     a5, -11(s5)
core   0: 3 0x800021d6 (0xff5ac783) x15 0x00000000 mem 0x8001b4af
core   0: 0x800021da (0xff1a8aa3) sb      a7, -11(s5)
core   0: 3 0x800021da (0xff1a8aa3) mem 0x8001b4af 0x0
core   0: 0x800021de (0xff5ac903) lbu     s2, -11(s5)
core   0: 3 0x800021de (0xff5ac903) x18 0x00000000 mem 0x8001b4af
core   0: 0x800021e2 (0xff5ace03) lbu     t3, -11(s5)
core   0: 3 0x800021e2 (0xff5ace03) x28 0x00000000 mem 0x8001b4af
core   0: 0x800021e6 (0xff5a8f83) lb      t6, -11(s5)
core   0: 3 0x800021e6 (0xff5a8f83) x31 0x00000000 mem 0x8001b4af
core   0: 0x800021ea (0xff5ace03) lbu     t3, -11(s5)
core   0: 3 0x800021ea (0xff5ace03) x28 0x00000000 mem 0x8001b4af
core   0: 0x800021ee (0xff5ac283) lbu     t0, -11(s5)
core   0: 3 0x800021ee (0xff5ac283) x 5 0x00000000 mem 0x8001b4af
core   0: 0x800021f2 (0xff5a8e03) lb      t3, -11(s5)
core   0: 3 0x800021f2 (0xff5a8e03) x28 0x00000000 mem 0x8001b4af
core   0: 0x800021f6 (0xff5ac183) lbu     gp, -11(s5)
core   0: 3 0x800021f6 (0xff5ac183) x 3 0x00000000 mem 0x8001b4af
core   0: 0x800021fa (0xff5a8b03) lb      s6, -11(s5)
core   0: 3 0x800021fa (0xff5a8b03) x22 0x00000000 mem 0x8001b4af
core   0: 0x800021fe (0xfe2a8aa3) sb      sp, -11(s5)
core   0: 3 0x800021fe (0xfe2a8aa3) mem 0x8001b4af 0xf0
core   0: 0x80002202 (0x00008d45) c.or    a0, s1
core   0: 3 0x80002202 (0x8d45) x10 0xc11b8e65
core   0: 0x80002204 (0xff5ac483) lbu     s1, -11(s5)
core   0: 3 0x80002204 (0xff5ac483) x 9 0x000000f0 mem 0x8001b4af
core   0: 0x80002208 (0xff5a8283) lb      t0, -11(s5)
core   0: 3 0x80002208 (0xff5a8283) x 5 0xfffffff0 mem 0x8001b4af
core   0: 0x8000220c (0x00a6f033) and     zero, a3, a0
core   0: 3 0x8000220c (0x00a6f033)
core   0: 0x80002210 (0xff5a8203) lb      tp, -11(s5)
core   0: 3 0x80002210 (0xff5a8203) x 4 0xfffffff0 mem 0x8001b4af
core   0: 0x80002214 (0xff7a8aa3) sb      s7, -11(s5)
core   0: 3 0x80002214 (0xff7a8aa3) mem 0x8001b4af 0x0
core   0: 0x80002218 (0x02875033) divu    zero, a4, s0
core   0: 3 0x80002218 (0x02875033)
core   0: 0x8000221c (0xff5a8383) lb      t2, -11(s5)
core   0: 3 0x8000221c (0xff5a8383) x 7 0x00000000 mem 0x8001b4af
core   0: 0x80002220 (0xff5a8903) lb      s2, -11(s5)
core   0: 3 0x80002220 (0xff5a8903) x18 0x00000000 mem 0x8001b4af
core   0: 0x80002224 (0xb1b62637) lui     a2, 0xb1b62
core   0: 3 0x80002224 (0xb1b62637) x12 0xb1b62000
core   0: 0x80002228 (0xff5a8f83) lb      t6, -11(s5)
core   0: 3 0x80002228 (0xff5a8f83) x31 0x00000000 mem 0x8001b4af
core   0: 0x8000222c (0xff5a8383) lb      t2, -11(s5)
core   0: 3 0x8000222c (0xff5a8383) x 7 0x00000000 mem 0x8001b4af
core   0: 0x80002230 (0x00020497) auipc   s1, 0x20
core   0: 3 0x80002230 (0x00020497) x 9 0x80022230
core   0: 0x80002234 (0x9bd48493) addi    s1, s1, -1603
core   0: 3 0x80002234 (0x9bd48493) x 9 0x80021bed
core   0: 0x80002238 (0x03a48503) lb      a0, 58(s1)
core   0: 3 0x80002238 (0x03a48503) x10 0x00000000 mem 0x80021c27
core   0: 0x8000223c (0x03a48c03) lb      s8, 58(s1)
core   0: 3 0x8000223c (0x03a48c03) x24 0x00000000 mem 0x80021c27
core   0: 0x80002240 (0xc821b513) sltiu   a0, gp, -894
core   0: 3 0x80002240 (0xc821b513) x10 0x00000001
core   0: 0x80002244 (0x03548d23) sb      s5, 58(s1)
core   0: 3 0x80002244 (0x03548d23) mem 0x80021c27 0xba
core   0: 0x80002248 (0xdd093f93) sltiu   t6, s2, -560
core   0: 3 0x80002248 (0xdd093f93) x31 0x00000001
core   0: 0x8000224c (0xfc14c203) lbu     tp, -63(s1)
core   0: 3 0x8000224c (0xfc14c203) x 4 0x00000000 mem 0x80021bae
core   0: 0x80002250 (0xfdc490a3) sh      t3, -63(s1)
core   0: 3 0x80002250 (0xfdc490a3) mem 0x80021bae 0x0000
core   0: 0x80002254 (0xfc148503) lb      a0, -63(s1)
core   0: 3 0x80002254 (0xfc148503) x10 0x00000000 mem 0x80021bae
core   0: 0x80002258 (0xfc149303) lh      t1, -63(s1)
core   0: 3 0x80002258 (0xfc149303) x 6 0x00000000 mem 0x80021bae
core   0: 0x8000225c (0x0004c503) lbu     a0, 0(s1)
core   0: 3 0x8000225c (0x0004c503) x10 0x00000000 mem 0x80021bed
core   0: 0x80002260 (0x00549383) lh      t2, 5(s1)
core   0: 3 0x80002260 (0x00549383) x 7 0x00000000 mem 0x80021bf2
core   0: 0x80002264 (0x01a492a3) sh      s10, 5(s1)
core   0: 3 0x80002264 (0x01a492a3) mem 0x80021bf2 0x0000
core   0: 0x80002268 (0x2d12e793) ori     a5, t0, 721
core   0: 3 0x80002268 (0x2d12e793) x15 0xfffffff1
core   0: 0x8000226c (0xfd448c03) lb      s8, -44(s1)
core   0: 3 0x8000226c (0xfd448c03) x24 0x00000000 mem 0x80021bc1
core   0: 0x80002270 (0xfd448f83) lb      t6, -44(s1)
core   0: 3 0x80002270 (0xfd448f83) x31 0x00000000 mem 0x80021bc1
core   0: 0x80002274 (0x00ea1c13) slli    s8, s4, 14
core   0: 3 0x80002274 (0x00ea1c13) x24 0x00000000
core   0: 0x80002278 (0xfd44c203) lbu     tp, -44(s1)
core   0: 3 0x80002278 (0xfd44c203) x 4 0x00000000 mem 0x80021bc1
core   0: 0x8000227c (0xfd448e03) lb      t3, -44(s1)
core   0: 3 0x8000227c (0xfd448e03) x28 0x00000000 mem 0x80021bc1
core   0: 0x80002280 (0x021489a3) sb      ra, 51(s1)
core   0: 3 0x80002280 (0x021489a3) mem 0x80021c20 0x0
core   0: 0x80002284 (0x03348383) lb      t2, 51(s1)
core   0: 3 0x80002284 (0x03348383) x 7 0x00000000 mem 0x80021c20
core   0: 0x80002288 (0x0334af83) lw      t6, 51(s1)
core   0: 3 0x80002288 (0x0334af83) x31 0x00000000 mem 0x80021c20
core   0: 0x8000228c (0x03349e03) lh      t3, 51(s1)
core   0: 3 0x8000228c (0x03349e03) x28 0x00000000 mem 0x80021c20
core   0: 0x80002290 (0x00011117) auipc   sp, 0x11
core   0: 3 0x80002290 (0x00011117) x 2 0x80013290
core   0: 0x80002294 (0x1ea10113) addi    sp, sp, 490
core   0: 3 0x80002294 (0x1ea10113) x 2 0x8001347a
core   0: 0x80002298 (0x00c10323) sb      a2, 6(sp)
core   0: 3 0x80002298 (0x00c10323) mem 0x80013480 0x0
core   0: 0x8000229c (0x00310083) lb      ra, 3(sp)
core   0: 3 0x8000229c (0x00310083) x 1 0x00000000 mem 0x8001347d
core   0: 0x800022a0 (0x01310423) sb      s3, 8(sp)
core   0: 3 0x800022a0 (0x01310423) mem 0x80013482 0x0
core   0: 0x800022a4 (0x0074ccb3) xor     s9, s1, t2
core   0: 3 0x800022a4 (0x0074ccb3) x25 0x80021bed
core   0: 0x800022a8 (0x00000001) c.nop
core   0: 3 0x800022a8 (0x0001)
core   0: 0x800022aa (0xfed12923) sw      a3, -14(sp)
core   0: 3 0x800022aa (0xfed12923) mem 0x8001346c 0x00000000
core   0: 0x800022ae (0x00005b7d) c.li    s6, -1
core   0: 3 0x800022ae (0x5b7d) x22 0xffffffff
core   0: 0x800022b0 (0x00b14983) lbu     s3, 11(sp)
core   0: 3 0x800022b0 (0x00b14983) x19 0x00000000 mem 0x80013485
core   0: 0x800022b4 (0x02647333) remu    t1, s0, t1
core   0: 3 0x800022b4 (0x02647333) x 6 0x00000000
core   0: 0x800022b8 (0x0141c033) xor     zero, gp, s4
core   0: 3 0x800022b8 (0x0141c033)
core   0: 0x800022bc (0x00008c09) c.sub   s0, a0
core   0: 3 0x800022bc (0x8c09) x 8 0x00000000
core   0: 0x800022be (0xffe10a83) lb      s5, -2(sp)
core   0: 3 0x800022be (0xffe10a83) x21 0x00000000 mem 0x80013478
core   0: 0x800022c2 (0xff610b23) sb      s6, -10(sp)
core   0: 3 0x800022c2 (0xff610b23) mem 0x80013470 0xff
core   0: 0x800022c6 (0x00008d29) c.xor   a0, a0
core   0: 3 0x800022c6 (0x8d29) x10 0x00000000
core   0: 0x800022c8 (0x00000e19) c.addi  t3, 6
core   0: 3 0x800022c8 (0x0e19) x28 0x00000006
core   0: 0x800022ca (0x904d8b13) addi    s6, s11, -1788
core   0: 3 0x800022ca (0x904d8b13) x22 0x800131c3
core   0: 0x800022ce (0xfe910da3) sb      s1, -5(sp)
core   0: 3 0x800022ce (0xfe910da3) mem 0x80013475 0xed
core   0: 0x800022d2 (0x41f589b3) sub     s3, a1, t6
core   0: 3 0x800022d2 (0x41f589b3) x19 0x8002cce4
core   0: 0x800022d6 (0xff615903) lhu     s2, -10(sp)
core   0: 3 0x800022d6 (0xff615903) x18 0x000000ff mem 0x80013470
core   0: 0x800022da (0x00008c39) c.xor   s0, a4
core   0: 3 0x800022da (0x8c39) x 8 0x80028e64
core   0: 0x800022dc (0x00714903) lbu     s2, 7(sp)
core   0: 3 0x800022dc (0x00714903) x18 0x00000000 mem 0x80013481
core   0: 0x800022e0 (0x390f0513) addi    a0, t5, 912
core   0: 3 0x800022e0 (0x390f0513) x10 0x80000390
core   0: 0x800022e4 (0x00008fc5) c.or    a5, s1
core   0: 3 0x800022e4 (0x8fc5) x15 0xfffffffd
core   0: 0x800022e6 (0x40735a13) srai    s4, t1, 7
core   0: 3 0x800022e6 (0x40735a13) x20 0x00000000
core   0: 0x800022ea (0x00182333) slt     t1, a6, ra
core   0: 3 0x800022ea (0x00182333) x 6 0x00000000
core   0: 0x800022ee (0x0ff0000f) fence   iorw,iorw
core   0: 3 0x800022ee (0x0ff0000f)
core   0: 0x800022f2 (0x0000100f) fence.i
core   0: 3 0x800022f2 (0x0000100f)
core   0: 0x800022f6 (0xfe110fa3) sb      ra, -1(sp)
core   0: 3 0x800022f6 (0xfe110fa3) mem 0x80013479 0x0
core   0: 0x800022fa (0x00008d3d) c.xor   a0, a5
core   0: 3 0x800022fa (0x8d3d) x10 0x7ffffc6d
core   0: 0x800022fc (0x00008d3e) c.mv    s10, a5
core   0: 3 0x800022fc (0x8d3e) x26 0xfffffffd
core   0: 0x800022fe (0x00000001) c.nop
core   0: 3 0x800022fe (0x0001)
core   0: 0x80002300 (0xff510923) sb      s5, -14(sp)
core   0: 3 0x80002300 (0xff510923) mem 0x8001346c 0x0
core   0: 0x80002304 (0x00011997) auipc   s3, 0x11
core   0: 3 0x80002304 (0x00011997) x19 0x80013304
core   0: 0x80002308 (0x4b698993) addi    s3, s3, 1206
core   0: 3 0x80002308 (0x4b698993) x19 0x800137ba
core   0: 0x8000230c (0x00012c17) auipc   s8, 0x12
core   0: 3 0x8000230c (0x00012c17) x24 0x8001430c
core   0: 0x80002310 (0xce4c0c13) addi    s8, s8, -796
core   0: 3 0x80002310 (0xce4c0c13) x24 0x80013ff0
core   0: 0x80002314 (0x00e99803) lh      a6, 14(s3)
core   0: 3 0x80002314 (0x00e99803) x16 0x00000000 mem 0x800137c8
core   0: 0x80002318 (0x00011117) auipc   sp, 0x11
core   0: 3 0x80002318 (0x00011117) x 2 0x80013318
core   0: 0x8000231c (0x13d10113) addi    sp, sp, 317
core   0: 3 0x8000231c (0x13d10113) x 2 0x80013455
core   0: 0x80002320 (0xfeec5083) lhu     ra, -18(s8)
core   0: 3 0x80002320 (0xfeec5083) x 1 0x00000000 mem 0x80013fde
core   0: 0x80002324 (0x00f9a523) sw      a5, 10(s3)
core   0: 3 0x80002324 (0x00f9a523) mem 0x800137c4 0xfffffffd
core   0: 0x80002328 (0x00b98603) lb      a2, 11(s3)
core   0: 3 0x80002328 (0x00b98603) x12 0xffffffff mem 0x800137c5
core   0: 0x8000232c (0x02fc4403) lbu     s0, 47(s8)
core   0: 3 0x8000232c (0x02fc4403) x 8 0x00000000 mem 0x8001401f
core   0: 0x80002330 (0xff79cf83) lbu     t6, -9(s3)
core   0: 3 0x80002330 (0xff79cf83) x31 0x00000000 mem 0x800137b1
core   0: 0x80002334 (0x00011797) auipc   a5, 0x11
core   0: 3 0x80002334 (0x00011797) x15 0x80013334
core   0: 0x80002338 (0xe0d78793) addi    a5, a5, -499
core   0: 3 0x80002338 (0xe0d78793) x15 0x80013141
core   0: 0x8000233c (0xffb9c183) lbu     gp, -5(s3)
core   0: 3 0x8000233c (0xffb9c183) x 3 0x00000000 mem 0x800137b5
core   0: 0x80002340 (0x03ac1e03) lh      t3, 58(s8)
core   0: 3 0x80002340 (0x03ac1e03) x28 0x00000000 mem 0x8001402a
core   0: 0x80002344 (0x01098b83) lb      s7, 16(s3)
core   0: 3 0x80002344 (0x01098b83) x23 0x00000000 mem 0x800137ca
core   0: 0x80002348 (0x009c0ba3) sb      s1, 23(s8)
core   0: 3 0x80002348 (0x009c0ba3) mem 0x80014007 0xed
core   0: 0x8000234c (0x3de788a3) sb      t5, 977(a5)
core   0: 3 0x8000234c (0x3de788a3) mem 0x80013512 0x0
core   0: 0x80002350 (0xfcb12883) lw      a7, -53(sp)
core   0: 3 0x80002350 (0xfcb12883) x17 0x00000000 mem 0x80013420
core   0: 0x80002354 (0xff4c2183) lw      gp, -12(s8)
core   0: 3 0x80002354 (0xff4c2183) x 3 0x00000000 mem 0x80013fe4
core   0: 0x80002358 (0x32678e83) lb      t4, 806(a5)
core   0: 3 0x80002358 (0x32678e83) x29 0x00000000 mem 0x80013467
core   0: 0x8000235c (0xfd410d23) sb      s4, -38(sp)
core   0: 3 0x8000235c (0xfd410d23) mem 0x8001342f 0x0
core   0: 0x80002360 (0x5a579d83) lh      s11, 1445(a5)
core   0: 3 0x80002360 (0x5a579d83) x27 0x00000000 mem 0x800136e6
core   0: 0x80002364 (0x007c1123) sh      t2, 2(s8)
core   0: 3 0x80002364 (0x007c1123) mem 0x80013ff2 0x0000
core   0: 0x80002368 (0xfec115a3) sh      a2, -21(sp)
core   0: 3 0x80002368 (0xfec115a3) mem 0x80013440 0xffff
core   0: 0x8000236c (0xf9b78423) sb      s11, -120(a5)
core   0: 3 0x8000236c (0xf9b78423) mem 0x800130c9 0x0
core   0: 0x80002370 (0x00a99e03) lh      t3, 10(s3)
core   0: 3 0x80002370 (0x00a99e03) x28 0xfffffffd mem 0x800137c4
core   0: 0x80002374 (0x00210123) sb      sp, 2(sp)
core   0: 3 0x80002374 (0x00210123) mem 0x80013457 0x55
core   0: 0x80002378 (0x004c0503) lb      a0, 4(s8)
core   0: 3 0x80002378 (0x004c0503) x10 0x00000000 mem 0x80013ff4
core   0: 0x8000237c (0x03310d83) lb      s11, 51(sp)
core   0: 3 0x8000237c (0x03310d83) x27 0x00000000 mem 0x80013488
core   0: 0x80002380 (0x00598483) lb      s1, 5(s3)
core   0: 3 0x80002380 (0x00598483) x 9 0x00000000 mem 0x800137bf
core   0: 0x80002384 (0x06278e03) lb      t3, 98(a5)
core   0: 3 0x80002384 (0x06278e03) x28 0x00000000 mem 0x800131a3
core   0: 0x80002388 (0x2017c003) lbu     zero, 513(a5)
core   0: 3 0x80002388 (0x2017c003) mem 0x80013342
core   0: 0x8000238c (0xfca14e83) lbu     t4, -54(sp)
core   0: 3 0x8000238c (0xfca14e83) x29 0x00000000 mem 0x8001341f
core   0: 0x80002390 (0xfef10883) lb      a7, -17(sp)
core   0: 3 0x80002390 (0xfef10883) x17 0x00000000 mem 0x80013444
core   0: 0x80002394 (0xfffc0f83) lb      t6, -1(s8)
core   0: 3 0x80002394 (0xfffc0f83) x31 0x00000000 mem 0x80013fef
core   0: 0x80002398 (0x02e10283) lb      t0, 46(sp)
core   0: 3 0x80002398 (0x02e10283) x 5 0x00000000 mem 0x80013483
core   0: 0x8000239c (0x040c5a03) lhu     s4, 64(s8)
core   0: 3 0x8000239c (0x040c5a03) x20 0x00000000 mem 0x80014030
core   0: 0x800023a0 (0x1d07c083) lbu     ra, 464(a5)
core   0: 3 0x800023a0 (0x1d07c083) x 1 0x00000000 mem 0x80013311
core   0: 0x800023a4 (0x00d98483) lb      s1, 13(s3)
core   0: 3 0x800023a4 (0x00d98483) x 9 0xffffffff mem 0x800137c7
core   0: 0x800023a8 (0x61c79fa3) sh      t3, 1567(a5)
core   0: 3 0x800023a8 (0x61c79fa3) mem 0x80013760 0x0000
core   0: 0x800023ac (0x01210883) lb      a7, 18(sp)
core   0: 3 0x800023ac (0x01210883) x17 0x00000000 mem 0x80013467
core   0: 0x800023b0 (0x03ac1403) lh      s0, 58(s8)
core   0: 3 0x800023b0 (0x03ac1403) x 8 0x00000000 mem 0x8001402a
core   0: 0x800023b4 (0x00016197) auipc   gp, 0x16
core   0: 3 0x800023b4 (0x00016197) x 3 0x800183b4
core   0: 0x800023b8 (0x56c18193) addi    gp, gp, 1388
core   0: 3 0x800023b8 (0x56c18193) x 3 0x80018920
core   0: 0x800023bc (0x0001b997) auipc   s3, 0x1b
core   0: 3 0x800023bc (0x0001b997) x19 0x8001d3bc
core   0: 0x800023c0 (0x44898993) addi    s3, s3, 1096
core   0: 3 0x800023c0 (0x44898993) x19 0x8001d804
core   0: 0x800023c4 (0x0001ca97) auipc   s5, 0x1c
core   0: 3 0x800023c4 (0x0001ca97) x21 0x8001e3c4
core   0: 0x800023c8 (0x0e6a8a93) addi    s5, s5, 230
core   0: 3 0x800023c8 (0x0e6a8a93) x21 0x8001e4aa
core   0: 0x800023cc (0xaa718d03) lb      s10, -1369(gp)
core   0: 3 0x800023cc (0xaa718d03) x26 0x00000000 mem 0x800183c7
core   0: 0x800023d0 (0xfad98e23) sb      a3, -68(s3)
core   0: 3 0x800023d0 (0xfad98e23) mem 0x8001d7c0 0x0
core   0: 0x800023d4 (0x239a81a3) sb      s9, 547(s5)
core   0: 3 0x800023d4 (0x239a81a3) mem 0x8001e6cd 0xed
core   0: 0x800023d8 (0x5d8a9423) sh      s8, 1480(s5)
core   0: 3 0x800023d8 (0x5d8a9423) mem 0x8001ea72 0x3ff0
core   0: 0x800023dc (0xfeb98b03) lb      s6, -21(s3)
core   0: 3 0x800023dc (0xfeb98b03) x22 0x00000000 mem 0x8001d7ef
core   0: 0x800023e0 (0x0d79cd03) lbu     s10, 215(s3)
core   0: 3 0x800023e0 (0x0d79cd03) x26 0x00000000 mem 0x8001d8db
core   0: 0x800023e4 (0xb0e1d383) lhu     t2, -1266(gp)
core   0: 3 0x800023e4 (0xb0e1d383) x 7 0x00000000 mem 0x8001842e
core   0: 0x800023e8 (0xf19acd83) lbu     s11, -231(s5)
core   0: 3 0x800023e8 (0xf19acd83) x27 0x00000000 mem 0x8001e3c3
core   0: 0x800023ec (0xf08980a3) sb      s0, -255(s3)
core   0: 3 0x800023ec (0xf08980a3) mem 0x8001d705 0x0
core   0: 0x800023f0 (0x05ca8823) sb      t3, 80(s5)
core   0: 3 0x800023f0 (0x05ca8823) mem 0x8001e4fa 0x0
core   0: 0x800023f4 (0x8c718683) lb      a3, -1849(gp)
core   0: 3 0x800023f4 (0x8c718683) x13 0x00000000 mem 0x800181e7
core   0: 0x800023f8 (0x5daa8a03) lb      s4, 1498(s5)
core   0: 3 0x800023f8 (0x5daa8a03) x20 0x00000000 mem 0x8001ea84
core   0: 0x800023fc (0xf3699a23) sh      s6, -204(s3)
core   0: 3 0x800023fc (0xf3699a23) mem 0x8001d738 0x0000
core   0: 0x80002400 (0x3421c403) lbu     s0, 834(gp)
core   0: 3 0x80002400 (0x3421c403) x 8 0x00000000 mem 0x80018c62
core   0: 0x80002404 (0x001a8903) lb      s2, 1(s5)
core   0: 3 0x80002404 (0x001a8903) x18 0x00000000 mem 0x8001e4ab
core   0: 0x80002408 (0x3841cc83) lbu     s9, 900(gp)
core   0: 3 0x80002408 (0x3841cc83) x25 0x00000000 mem 0x80018ca4
core   0: 0x8000240c (0x89c1dd03) lhu     s10, -1892(gp)
core   0: 3 0x8000240c (0x89c1dd03) x26 0x00000000 mem 0x800181bc
core   0: 0x80002410 (0xfde980a3) sb      t5, -63(s3)
core   0: 3 0x80002410 (0xfde980a3) mem 0x8001d7c5 0x0
core   0: 0x80002414 (0x31fa8e03) lb      t3, 799(s5)
core   0: 3 0x80002414 (0x31fa8e03) x28 0x00000000 mem 0x8001e7c9
core   0: 0x80002418 (0x00c9c903) lbu     s2, 12(s3)
core   0: 3 0x80002418 (0x00c9c903) x18 0x00000000 mem 0x8001d810
core   0: 0x8000241c (0x0281a483) lw      s1, 40(gp)
core   0: 3 0x8000241c (0x0281a483) x 9 0x00000000 mem 0x80018948
core   0: 0x80002420 (0x878ad483) lhu     s1, -1928(s5)
core   0: 3 0x80002420 (0x878ad483) x 9 0x00000000 mem 0x8001dd22
core   0: 0x80002424 (0xfca9d783) lhu     a5, -54(s3)
core   0: 3 0x80002424 (0xfca9d783) x15 0x00000000 mem 0x8001d7ce
core   0: 0x80002428 (0x0a219d03) lh      s10, 162(gp)
core   0: 3 0x80002428 (0x0a219d03) x26 0x00000000 mem 0x800189c2
core   0: 0x8000242c (0x840a88a3) sb      zero, -1967(s5)
core   0: 3 0x8000242c (0x840a88a3) mem 0x8001dcfb 0x0
core   0: 0x80002430 (0x00011117) auipc   sp, 0x11
core   0: 3 0x80002430 (0x00011117) x 2 0x80013430
core   0: 0x80002434 (0xc3a10113) addi    sp, sp, -966
core   0: 3 0x80002434 (0xc3a10113) x 2 0x8001306a
core   0: 0x80002438 (0x418b5193) srai    gp, s6, 24
core   0: 3 0x80002438 (0x418b5193) x 3 0x00000000
core   0: 0x8000243c (0x00000e49) c.addi  t3, 18
core   0: 3 0x8000243c (0x0e49) x28 0x00000012
core   0: 0x8000243e (0x691de097) auipc   ra, 0x691de
core   0: 3 0x8000243e (0x691de097) x 1 0xe91e043e
core   0: 0x80002442 (0x085107a3) sb      t0, 143(sp)
core   0: 3 0x80002442 (0x085107a3) mem 0x800130f9 0x0
core   0: 0x80002446 (0x4c410f83) lb      t6, 1220(sp)
core   0: 3 0x80002446 (0x4c410f83) x31 0x00000000 mem 0x8001352e
core   0: 0x8000244a (0x00875d93) srli    s11, a4, 8
core   0: 3 0x8000244a (0x00875d93) x27 0x0080028e
core   0: 0x8000244e (0x00008fa5) c.xor   a5, s1
core   0: 3 0x8000244e (0x8fa5) x15 0x00000000
core   0: 0x80002450 (0x00008399) c.srli  a5, 6
core   0: 3 0x80002450 (0x8399) x15 0x00000000
core   0: 0x80002452 (0xeca8bc93) sltiu   s9, a7, -310
core   0: 3 0x80002452 (0xeca8bc93) x25 0x00000001
core   0: 0x80002456 (0x035cdb33) divu    s6, s9, s5
core   0: 3 0x80002456 (0x035cdb33) x22 0x00000000
core   0: 0x8000245a (0x0af10803) lb      a6, 175(sp)
core   0: 3 0x8000245a (0x0af10803) x16 0x00000000 mem 0x80013119
core   0: 0x8000245e (0x56a10623) sb      a0, 1388(sp)
core   0: 3 0x8000245e (0x56a10623) mem 0x800135d6 0x0
core   0: 0x80002462 (0x00006bd9) c.lui   s7, 0x16
core   0: 3 0x80002462 (0x6bd9) x23 0x00016000
core   0: 0x80002464 (0x012adb13) srli    s6, s5, 18
core   0: 3 0x80002464 (0x012adb13) x22 0x00002000
core   0: 0x80002468 (0x23310383) lb      t2, 563(sp)
core   0: 3 0x80002468 (0x23310383) x 7 0x00000000 mem 0x8001329d
core   0: 0x8000246c (0x40475493) srai    s1, a4, 4
core   0: 3 0x8000246c (0x40475493) x 9 0xf80028e6
core   0: 0x80002470 (0x00000001) c.nop
core   0: 3 0x80002470 (0x0001)
core   0: 0x80002472 (0x03859cb3) mulh    s9, a1, s8
core   0: 3 0x80002472 (0x03859cb3) x25 0x3ffdf999
core   0: 0x80002476 (0x00000fa2) c.slli  t6, 8
core   0: 3 0x80002476 (0x0fa2) x31 0x00000000
core   0: 0x80002478 (0x74e14303) lbu     t1, 1870(sp)
core   0: 3 0x80002478 (0x74e14303) x 6 0x00000000 mem 0x800137b8
core   0: 0x8000247c (0x145ba617) auipc   a2, 0x145ba
core   0: 3 0x8000247c (0x145ba617) x12 0x945bc47c
core   0: 0x80002480 (0x000092ca) c.add   t0, s2
core   0: 3 0x80002480 (0x92ca) x 5 0x00000000
core   0: 0x80002482 (0x41095fb3) sra     t6, s2, a6
core   0: 3 0x80002482 (0x41095fb3) x31 0x00000000
core   0: 0x80002486 (0x4002d213) srai    tp, t0, 0
core   0: 3 0x80002486 (0x4002d213) x 4 0x00000000
core   0: 0x8000248a (0x78212503) lw      a0, 1922(sp)
core   0: 3 0x8000248a (0x78212503) x10 0x00000000 mem 0x800137ec
core   0: 0x8000248e (0x20e97493) andi    s1, s2, 526
core   0: 3 0x8000248e (0x20e97493) x 9 0x00000000
core   0: 0x80002492 (0x0097aab3) slt     s5, a5, s1
core   0: 3 0x80002492 (0x0097aab3) x21 0x00000000
core   0: 0x80002496 (0x0000100f) fence.i
core   0: 3 0x80002496 (0x0000100f)
core   0: 0x8000249a (0xee7e3a17) auipc   s4, 0xee7e3
core   0: 3 0x8000249a (0xee7e3a17) x20 0x6e7e549a
core   0: 0x8000249e (0x61411c83) lh      s9, 1556(sp)
core   0: 3 0x8000249e (0x61411c83) x25 0x00000000 mem 0x8001367e
core   0: 0x800024a2 (0x00a589b3) add     s3, a1, a0
core   0: 3 0x800024a2 (0x00a589b3) x19 0x8002cce4
core   0: 0x800024a6 (0x62010503) lb      a0, 1568(sp)
core   0: 3 0x800024a6 (0x62010503) x10 0x00000000 mem 0x8001368a
core   0: 0x800024aa (0x01b8d933) srl     s2, a7, s11
core   0: 3 0x800024aa (0x01b8d933) x18 0x00000000
core   0: 0x800024ae (0x1a111023) sh      ra, 416(sp)
core   0: 3 0x800024ae (0x1a111023) mem 0x8001320a 0x043e
core   0: 0x800024b2 (0x17110403) lb      s0, 369(sp)
core   0: 3 0x800024b2 (0x17110403) x 8 0x00000000 mem 0x800131db
core   0: 0x800024b6 (0x41110aa3) sb      a7, 1045(sp)
core   0: 3 0x800024b6 (0x41110aa3) mem 0x8001347f 0x0
core   0: 0x800024ba (0x00000001) c.nop
core   0: 3 0x800024ba (0x0001)
core   0: 0x800024bc (0x589100a3) sb      s1, 1409(sp)
core   0: 3 0x800024bc (0x589100a3) mem 0x800135eb 0x0
core   0: 0x800024c0 (0x243102a3) sb      gp, 581(sp)
core   0: 3 0x800024c0 (0x243102a3) mem 0x800132af 0x0
core   0: 0x800024c4 (0x54c15d03) lhu     s10, 1356(sp)
core   0: 3 0x800024c4 (0x54c15d03) x26 0x00000000 mem 0x800135b6
core   0: 0x800024c8 (0x4fa15183) lhu     gp, 1274(sp)
core   0: 3 0x800024c8 (0x4fa15183) x 3 0x00000000 mem 0x80013564
core   0: 0x800024cc (0x46d14283) lbu     t0, 1133(sp)
core   0: 3 0x800024cc (0x46d14283) x 5 0x00000000 mem 0x800134d7
core   0: 0x800024d0 (0xab3a6693) ori     a3, s4, -1357
core   0: 3 0x800024d0 (0xab3a6693) x13 0xfffffebb
core   0: 0x800024d4 (0x6d412923) sw      s4, 1746(sp)
core   0: 3 0x800024d4 (0x6d412923) mem 0x8001373c 0x6e7e549a
core   0: 0x800024d8 (0x0001d117) auipc   sp, 0x1d
core   0: 3 0x800024d8 (0x0001d117) x 2 0x8001f4d8
core   0: 0x800024dc (0x52610113) addi    sp, sp, 1318
core   0: 3 0x800024dc (0x52610113) x 2 0x8001f9fe
core   0: 0x800024e0 (0xf3a15903) lhu     s2, -198(sp)
core   0: 3 0x800024e0 (0xf3a15903) x18 0x00000000 mem 0x8001f938
core   0: 0x800024e4 (0xf3a11983) lh      s3, -198(sp)
core   0: 3 0x800024e4 (0xf3a11983) x19 0x00000000 mem 0x8001f938
core   0: 0x800024e8 (0xf3a11e03) lh      t3, -198(sp)
core   0: 3 0x800024e8 (0xf3a11e03) x28 0x00000000 mem 0x8001f938
core   0: 0x800024ec (0x06610403) lb      s0, 102(sp)
core   0: 3 0x800024ec (0x06610403) x 8 0x00000000 mem 0x8001fa64
core   0: 0x800024f0 (0x06614803) lbu     a6, 102(sp)
core   0: 3 0x800024f0 (0x06614803) x16 0x00000000 mem 0x8001fa64
core   0: 0x800024f4 (0x06610a03) lb      s4, 102(sp)
core   0: 3 0x800024f4 (0x06610a03) x20 0x00000000 mem 0x8001fa64
core   0: 0x800024f8 (0x02810783) lb      a5, 40(sp)
core   0: 3 0x800024f8 (0x02810783) x15 0x00000000 mem 0x8001fa26
core   0: 0x800024fc (0x01835913) srli    s2, t1, 24
core   0: 3 0x800024fc (0x01835913) x18 0x00000000
core   0: 0x80002500 (0x02010423) sb      zero, 40(sp)
core   0: 3 0x80002500 (0x02010423) mem 0x8001fa26 0x0
core   0: 0x80002504 (0x02814f83) lbu     t6, 40(sp)
core   0: 3 0x80002504 (0x02814f83) x31 0x00000000 mem 0x8001fa26
core   0: 0x80002508 (0x03e11423) sh      t5, 40(sp)
core   0: 3 0x80002508 (0x03e11423) mem 0x8001fa26 0x0000
core   0: 0x8000250c (0x02811383) lh      t2, 40(sp)
core   0: 3 0x8000250c (0x02811383) x 7 0x00000000 mem 0x8001fa26
core   0: 0x80002510 (0x03e10423) sb      t5, 40(sp)
core   0: 3 0x80002510 (0x03e10423) mem 0x8001fa26 0x0
core   0: 0x80002514 (0x09b14e03) lbu     t3, 155(sp)
core   0: 3 0x80002514 (0x09b14e03) x28 0x00000000 mem 0x8001fa99
core   0: 0x80002518 (0x00012997) auipc   s3, 0x12
core   0: 3 0x80002518 (0x00012997) x19 0x80014518
core   0: 0x8000251c (0x37998993) addi    s3, s3, 889
core   0: 3 0x8000251c (0x37998993) x19 0x80014891
core   0: 0x80002520 (0xc579c103) lbu     sp, -937(s3)
core   0: 3 0x80002520 (0xc579c103) x 2 0x00000000 mem 0x800144e8
core   0: 0x80002524 (0xd209cc03) lbu     s8, -736(s3)
core   0: 3 0x80002524 (0xd209cc03) x24 0x00000000 mem 0x800145b1
core   0: 0x80002528 (0x01389813) slli    a6, a7, 19
core   0: 3 0x80002528 (0x01389813) x16 0x00000000
core   0: 0x8000252c (0x0080d193) srli    gp, ra, 8
core   0: 3 0x8000252c (0x0080d193) x 3 0x00e91e04
core   0: 0x80002530 (0xedd98a83) lb      s5, -291(s3)
core   0: 3 0x80002530 (0xedd98a83) x21 0x00000000 mem 0x8001476e
core   0: 0x80002534 (0x9319c203) lbu     tp, -1743(s3)
core   0: 3 0x80002534 (0x9319c203) x 4 0x00000000 mem 0x800141c2
core   0: 0x80002538 (0x4f09c883) lbu     a7, 1264(s3)
core   0: 3 0x80002538 (0x4f09c883) x17 0x00000000 mem 0x80014d81
core   0: 0x8000253c (0xcd89c903) lbu     s2, -808(s3)
core   0: 3 0x8000253c (0xcd89c903) x18 0x00000000 mem 0x80014569
core   0: 0x80002540 (0x407d8c33) sub     s8, s11, t2
core   0: 3 0x80002540 (0x407d8c33) x24 0x0080028e
core   0: 0x80002544 (0x4c998f83) lb      t6, 1225(s3)
core   0: 3 0x80002544 (0x4c998f83) x31 0x00000000 mem 0x80014d5a
core   0: 0x80002548 (0xae598123) sb      t0, -1310(s3)
core   0: 3 0x80002548 (0xae598123) mem 0x80014373 0x0
core   0: 0x8000254c (0x8cf983a3) sb      a5, -1849(s3)
core   0: 3 0x8000254c (0x8cf983a3) mem 0x80014158 0x0
core   0: 0x80002550 (0x33398523) sb      s3, 810(s3)
core   0: 3 0x80002550 (0x33398523) mem 0x80014bbb 0x91
core   0: 0x80002554 (0x3cb9d803) lhu     a6, 971(s3)
core   0: 3 0x80002554 (0x3cb9d803) x16 0x00000000 mem 0x80014c5c
core   0: 0x80002558 (0x2bd9d203) lhu     tp, 701(s3)
core   0: 3 0x80002558 (0x2bd9d203) x 4 0x00000000 mem 0x80014b4e
core   0: 0x8000255c (0x5c598923) sb      t0, 1490(s3)
core   0: 3 0x8000255c (0x5c598923) mem 0x80014e63 0x0
core   0: 0x80002560 (0x7454bdb7) lui     s11, 0x7454b
core   0: 3 0x80002560 (0x7454bdb7) x27 0x7454b000
core   0: 0x80002564 (0x025312b3) mulh    t0, t1, t0
core   0: 3 0x80002564 (0x025312b3) x 5 0x00000000
core   0: 0x80002568 (0x70298223) sb      sp, 1796(s3)
core   0: 3 0x80002568 (0x70298223) mem 0x80014f95 0x0
core   0: 0x8000256c (0xa0d98883) lb      a7, -1523(s3)
core   0: 3 0x8000256c (0xa0d98883) x17 0x00000000 mem 0x8001429e
core   0: 0x80002570 (0x1a898123) sb      s0, 418(s3)
core   0: 3 0x80002570 (0x1a898123) mem 0x80014a33 0x0
core   0: 0x80002574 (0xe4e24493) xori    s1, tp, -434
core   0: 3 0x80002574 (0xe4e24493) x 9 0xfffffe4e
core   0: 0x80002578 (0xc3f9a1a3) sw      t6, -989(s3)
core   0: 3 0x80002578 (0xc3f9a1a3) mem 0x800144b4 0x00000000
core   0: 0x8000257c (0x0ff0000f) fence   iorw,iorw
core   0: 3 0x8000257c (0x0ff0000f)
core   0: 0x80002580 (0x54c9c103) lbu     sp, 1356(s3)
core   0: 3 0x80002580 (0x54c9c103) x 2 0x00000000 mem 0x80014ddd
core   0: 0x80002584 (0xbb098a03) lb      s4, -1104(s3)
core   0: 3 0x80002584 (0xbb098a03) x20 0x00000000 mem 0x80014441
core   0: 0x80002588 (0x03b34db3) div     s11, t1, s11
core   0: 3 0x80002588 (0x03b34db3) x27 0x00000000
core   0: 0x8000258c (0x6c498d03) lb      s10, 1732(s3)
core   0: 3 0x8000258c (0x6c498d03) x26 0x00000000 mem 0x80014f55
core   0: 0x80002590 (0xf7f98783) lb      a5, -129(s3)
core   0: 3 0x80002590 (0xf7f98783) x15 0x00000000 mem 0x80014810
core   0: 0x80002594 (0xecf99ba3) sh      a5, -297(s3)
core   0: 3 0x80002594 (0xecf99ba3) mem 0x80014768 0x0000
core   0: 0x80002598 (0x29c98003) lb      zero, 668(s3)
core   0: 3 0x80002598 (0x29c98003) mem 0x80014b2d
core   0: 0x8000259c (0xe489ada3) sw      s0, -421(s3)
core   0: 3 0x8000259c (0xe489ada3) mem 0x800146ec 0x00000000
core   0: 0x800025a0 (0x415cd433) sra     s0, s9, s5
core   0: 3 0x800025a0 (0x415cd433) x 8 0x00000000
core   0: 0x800025a4 (0x5cc9c283) lbu     t0, 1484(s3)
core   0: 3 0x800025a4 (0x5cc9c283) x 5 0x00000000 mem 0x80014e5d
core   0: 0x800025a8 (0x1d89a7a3) sw      s8, 463(s3)
core   0: 3 0x800025a8 (0x1d89a7a3) mem 0x80014a60 0x0080028e
core   0: 0x800025ac (0xced98283) lb      t0, -787(s3)
core   0: 3 0x800025ac (0xced98283) x 5 0x00000000 mem 0x8001457e
core   0: 0x800025b0 (0x84999403) lh      s0, -1975(s3)
core   0: 3 0x800025b0 (0x84999403) x 8 0x00000000 mem 0x800140da
core   0: 0x800025b4 (0x00008e09) c.sub   a2, a0
core   0: 3 0x800025b4 (0x8e09) x12 0x945bc47c
core   0: 0x800025b6 (0x00008642) c.mv    a2, a6
core   0: 3 0x800025b6 (0x8642) x12 0x00000000
core   0: 0x800025b8 (0x000067a1) c.lui   a5, 0x8
core   0: 3 0x800025b8 (0x67a1) x15 0x00008000
core   0: 0x800025ba (0x39198b23) sb      a7, 918(s3)
core   0: 3 0x800025ba (0x39198b23) mem 0x80014c27 0x0
core   0: 0x800025be (0x8b69ce03) lbu     t3, -1866(s3)
core   0: 3 0x800025be (0x8b69ce03) x28 0x00000000 mem 0x80014147
core   0: 0x800025c2 (0x00011a17) auipc   s4, 0x11
core   0: 3 0x800025c2 (0x00011a17) x20 0x800135c2
core   0: 0x800025c6 (0x250a0a13) addi    s4, s4, 592
core   0: 3 0x800025c6 (0x250a0a13) x20 0x80013812
core   0: 0x800025ca (0x0381ccb3) div     s9, gp, s8
core   0: 3 0x800025ca (0x0381ccb3) x25 0x00000001
core   0: 0x800025ce (0x0cfa0f23) sb      a5, 222(s4)
core   0: 3 0x800025ce (0x0cfa0f23) mem 0x800138f0 0x0
core   0: 0x800025d2 (0x047a0303) lb      t1, 71(s4)
core   0: 3 0x800025d2 (0x047a0303) x 6 0x00000000 mem 0x80013859
core   0: 0x800025d6 (0x723a4d83) lbu     s11, 1827(s4)
core   0: 3 0x800025d6 (0x723a4d83) x27 0x00000000 mem 0x80013f35
core   0: 0x800025da (0x850a0983) lb      s3, -1968(s4)
core   0: 3 0x800025da (0x850a0983) x19 0x00000000 mem 0x80013062
core   0: 0x800025de (0x9c1a4003) lbu     zero, -1599(s4)
core   0: 3 0x800025de (0x9c1a4003) mem 0x800131d3
core   0: 0x800025e2 (0x00009a7d) c.andi  a2, -1
core   0: 3 0x800025e2 (0x9a7d) x12 0x00000000
core   0: 0x800025e4 (0x29ba00a3) sb      s11, 641(s4)
core   0: 3 0x800025e4 (0x29ba00a3) mem 0x80013a93 0x0
core   0: 0x800025e8 (0x7b1a0c03) lb      s8, 1969(s4)
core   0: 3 0x800025e8 (0x7b1a0c03) x24 0x00000000 mem 0x80013fc3
core   0: 0x800025ec (0x053a0283) lb      t0, 83(s4)
core   0: 3 0x800025ec (0x053a0283) x 5 0x00000000 mem 0x80013865
core   0: 0x800025f0 (0xd3fa0983) lb      s3, -705(s4)
core   0: 3 0x800025f0 (0xd3fa0983) x19 0x00000000 mem 0x80013551
core   0: 0x800025f4 (0x4b3a4303) lbu     t1, 1203(s4)
core   0: 3 0x800025f4 (0x4b3a4303) x 6 0x00000000 mem 0x80013cc5
core   0: 0x800025f8 (0x01884fb3) xor     t6, a6, s8
core   0: 3 0x800025f8 (0x01884fb3) x31 0x00000000
core   0: 0x800025fc (0x4bda09a3) sb      t4, 1203(s4)
core   0: 3 0x800025fc (0x4bda09a3) mem 0x80013cc5 0x0
core   0: 0x80002600 (0x03e7dc33) divu    s8, a5, t5
core   0: 3 0x80002600 (0x03e7dc33) x24 0x00000000
core   0: 0x80002604 (0xcaba4403) lbu     s0, -853(s4)
core   0: 3 0x80002604 (0xcaba4403) x 8 0x00000000 mem 0x800134bd
core   0: 0x80002608 (0x0fca5003) lhu     zero, 252(s4)
core   0: 3 0x80002608 (0x0fca5003) mem 0x8001390e
core   0: 0x8000260c (0x00011317) auipc   t1, 0x11
core   0: 3 0x8000260c (0x00011317) x 6 0x8001360c
core   0: 0x80002610 (0xe4030313) addi    t1, t1, -448
core   0: 3 0x80002610 (0xe4030313) x 6 0x8001344c
core   0: 0x80002614 (0xf9035e83) lhu     t4, -112(t1)
core   0: 3 0x80002614 (0xf9035e83) x29 0x00000000 mem 0x800133dc
core   0: 0x80002618 (0x00019f97) auipc   t6, 0x19
core   0: 3 0x80002618 (0x00019f97) x31 0x8001b618
core   0: 0x8000261c (0xeabf8f93) addi    t6, t6, -341
core   0: 3 0x8000261c (0xeabf8f93) x31 0x8001b4c3
core   0: 0x80002620 (0xd22302a3) sb      sp, -731(t1)
core   0: 3 0x80002620 (0xd22302a3) mem 0x80013171 0x0
core   0: 0x80002624 (0x1c8f89a3) sb      s0, 467(t6)
core   0: 3 0x80002624 (0x1c8f89a3) mem 0x8001b696 0x0
core   0: 0x80002628 (0x02ef8623) sb      a4, 44(t6)
core   0: 3 0x80002628 (0x02ef8623) mem 0x8001b4ef 0x64
core   0: 0x8000262c (0xa0bf8723) sb      a1, -1522(t6)
core   0: 3 0x8000262c (0xa0bf8723) mem 0x8001aed1 0xe4
core   0: 0x80002630 (0xe01f9503) lh      a0, -511(t6)
core   0: 3 0x80002630 (0xe01f9503) x10 0x00000000 mem 0x8001b2c4
core   0: 0x80002634 (0xa64f8423) sb      tp, -1432(t6)
core   0: 3 0x80002634 (0xa64f8423) mem 0x8001af2b 0x0
core   0: 0x80002638 (0xfad30d83) lb      s11, -83(t1)
core   0: 3 0x80002638 (0xfad30d83) x27 0x00000000 mem 0x800133f9
core   0: 0x8000263c (0x9ebf84a3) sb      a1, -1559(t6)
core   0: 3 0x8000263c (0x9ebf84a3) mem 0x8001aeac 0xe4
core   0: 0x80002640 (0x34430003) lb      zero, 836(t1)
core   0: 3 0x80002640 (0x34430003) mem 0x80013790
core   0: 0x80002644 (0xdd9fa503) lw      a0, -551(t6)
core   0: 3 0x80002644 (0xdd9fa503) x10 0x00000000 mem 0x8001b29c
core   0: 0x80002648 (0x03b34083) lbu     ra, 59(t1)
core   0: 3 0x80002648 (0x03b34083) x 1 0x00000000 mem 0x80013487
core   0: 0x8000264c (0x09031603) lh      a2, 144(t1)
core   0: 3 0x8000264c (0x09031603) x12 0x00000000 mem 0x800134dc
core   0: 0x80002650 (0x0001f117) auipc   sp, 0x1f
core   0: 3 0x80002650 (0x0001f117) x 2 0x80021650
core   0: 0x80002654 (0x99b10113) addi    sp, sp, -1637
core   0: 3 0x80002654 (0x99b10113) x 2 0x80020feb
core   0: 0x80002658 (0x01e58b33) add     s6, a1, t5
core   0: 3 0x80002658 (0x01e58b33) x22 0x0002cce4
core   0: 0x8000265c (0x015128a3) sw      s5, 17(sp)
core   0: 3 0x8000265c (0x015128a3) mem 0x80020ffc 0x00000000
core   0: 0x80002660 (0x019108a3) sb      s9, 17(sp)
core   0: 3 0x80002660 (0x019108a3) mem 0x80020ffc 0x1
core   0: 0x80002664 (0x00008e5d) c.or    a2, a5
core   0: 3 0x80002664 (0x8e5d) x12 0x00008000
core   0: 0x80002666 (0x03f10903) lb      s2, 63(sp)
core   0: 3 0x80002666 (0x03f10903) x18 0x00000000 mem 0x8002102a
core   0: 0x8000266a (0x03f44633) div     a2, s0, t6
core   0: 3 0x8000266a (0x03f44633) x12 0x00000000
core   0: 0x8000266e (0xfc210283) lb      t0, -62(sp)
core   0: 3 0x8000266e (0xfc210283) x 5 0x00000000 mem 0x80020fad
core   0: 0x80002672 (0xfc210603) lb      a2, -62(sp)
core   0: 3 0x80002672 (0xfc210603) x12 0x00000000 mem 0x80020fad
core   0: 0x80002676 (0x038f54b3) divu    s1, t5, s8
core   0: 3 0x80002676 (0x038f54b3) x 9 0xffffffff
core   0: 0x8000267a (0x007117a3) sh      t2, 15(sp)
core   0: 3 0x8000267a (0x007117a3) mem 0x80020ffa 0x0000
core   0: 0x8000267e (0x3694aeb7) lui     t4, 0x3694a
core   0: 3 0x8000267e (0x3694aeb7) x29 0x3694a000
core   0: 0x80002682 (0x00f11503) lh      a0, 15(sp)
core   0: 3 0x80002682 (0x00f11503) x10 0x00000000 mem 0x80020ffa
core   0: 0x80002686 (0x00f14483) lbu     s1, 15(sp)
core   0: 3 0x80002686 (0x00f14483) x 9 0x00000000 mem 0x80020ffa
core   0: 0x8000268a (0xffa14903) lbu     s2, -6(sp)
core   0: 3 0x8000268a (0xffa14903) x18 0x00000000 mem 0x80020fe5
core   0: 0x8000268e (0xfe315003) lhu     zero, -29(sp)
core   0: 3 0x8000268e (0xfe315003) mem 0x80020fce
core   0: 0x80002692 (0xfd512283) lw      t0, -43(sp)
core   0: 3 0x80002692 (0xfd512283) x 5 0x00000000 mem 0x80020fc0
core   0: 0x80002696 (0xfca12aa3) sw      a0, -43(sp)
core   0: 3 0x80002696 (0xfca12aa3) mem 0x80020fc0 0x00000000
core   0: 0x8000269a (0x40d392b7) lui     t0, 0x40d39
core   0: 3 0x8000269a (0x40d392b7) x 5 0x40d39000
core   0: 0x8000269e (0xfdb12aa3) sw      s11, -43(sp)
core   0: 3 0x8000269e (0xfdb12aa3) mem 0x80020fc0 0x00000000
core   0: 0x800026a2 (0x01c118a3) sh      t3, 17(sp)
core   0: 3 0x800026a2 (0x01c118a3) mem 0x80020ffc 0x0000
core   0: 0x800026a6 (0x01114b03) lbu     s6, 17(sp)
core   0: 3 0x800026a6 (0x01114b03) x22 0x00000000 mem 0x80020ffc
core   0: 0x800026aa (0x01114083) lbu     ra, 17(sp)
core   0: 3 0x800026aa (0x01114083) x 1 0x00000000 mem 0x80020ffc
core   0: 0x800026ae (0x01115003) lhu     zero, 17(sp)
core   0: 3 0x800026ae (0x01115003) mem 0x80020ffc
core   0: 0x800026b2 (0x00017097) auipc   ra, 0x17
core   0: 3 0x800026b2 (0x00017097) x 1 0x800196b2
core   0: 0x800026b6 (0x1dc08093) addi    ra, ra, 476
core   0: 3 0x800026b6 (0x1dc08093) x 1 0x8001988e
core   0: 0x800026ba (0xfcd0c883) lbu     a7, -51(ra)
core   0: 3 0x800026ba (0xfcd0c883) x17 0x00000000 mem 0x8001985b
core   0: 0x800026be (0xfcd08903) lb      s2, -51(ra)
core   0: 3 0x800026be (0xfcd08903) x18 0x00000000 mem 0x8001985b
core   0: 0x800026c2 (0x00808c23) sb      s0, 24(ra)
core   0: 3 0x800026c2 (0x00808c23) mem 0x800198a6 0x0
core   0: 0x800026c6 (0x02108b83) lb      s7, 33(ra)
core   0: 3 0x800026c6 (0x02108b83) x23 0x00000000 mem 0x800198af
core   0: 0x800026ca (0x037080a3) sb      s7, 33(ra)
core   0: 3 0x800026ca (0x037080a3) mem 0x800198af 0x0
core   0: 0x800026ce (0xfcf08ba3) sb      a5, -41(ra)
core   0: 3 0x800026ce (0xfcf08ba3) mem 0x80019865 0x0
core   0: 0x800026d2 (0x00a0ad23) sw      a0, 26(ra)
core   0: 3 0x800026d2 (0x00a0ad23) mem 0x800198a8 0x00000000
core   0: 0x800026d6 (0x00008ff9) c.and   a5, a4
core   0: 3 0x800026d6 (0x8ff9) x15 0x00008000
core   0: 0x800026d8 (0x01109d23) sh      a7, 26(ra)
core   0: 3 0x800026d8 (0x01109d23) mem 0x800198a8 0x0000
core   0: 0x800026dc (0x40b35513) srai    a0, t1, 11
core   0: 3 0x800026dc (0x40b35513) x10 0xfff00026
core   0: 0x800026e0 (0x01a0cb03) lbu     s6, 26(ra)
core   0: 3 0x800026e0 (0x01a0cb03) x22 0x00000000 mem 0x800198a8
core   0: 0x800026e4 (0x01a08403) lb      s0, 26(ra)
core   0: 3 0x800026e4 (0x01a08403) x 8 0x00000000 mem 0x800198a8
core   0: 0x800026e8 (0x01b09d23) sh      s11, 26(ra)
core   0: 3 0x800026e8 (0x01b09d23) mem 0x800198a8 0x0000
core   0: 0x800026ec (0x030085a3) sb      a6, 43(ra)
core   0: 3 0x800026ec (0x030085a3) mem 0x800198b9 0x0
core   0: 0x800026f0 (0x037085a3) sb      s7, 43(ra)
core   0: 3 0x800026f0 (0x037085a3) mem 0x800198b9 0x0
core   0: 0x800026f4 (0x016b5193) srli    gp, s6, 22
core   0: 3 0x800026f4 (0x016b5193) x 3 0x00000000
core   0: 0x800026f8 (0x02b0c403) lbu     s0, 43(ra)
core   0: 3 0x800026f8 (0x02b0c403) x 8 0x00000000 mem 0x800198b9
core   0: 0x800026fc (0xfd508c23) sb      s5, -40(ra)
core   0: 3 0x800026fc (0xfd508c23) mem 0x80019866 0x0
core   0: 0x80002700 (0xfd809c03) lh      s8, -40(ra)
core   0: 3 0x80002700 (0xfd809c03) x24 0x00000000 mem 0x80019866
core   0: 0x80002704 (0x00011117) auipc   sp, 0x11
core   0: 3 0x80002704 (0x00011117) x 2 0x80013704
core   0: 0x80002708 (0xa3910113) addi    sp, sp, -1479
core   0: 3 0x80002708 (0xa3910113) x 2 0x8001313d
core   0: 0x8000270c (0xf8b10923) sb      a1, -110(sp)
core   0: 3 0x8000270c (0xf8b10923) mem 0x800130cf 0xe4
core   0: 0x80002710 (0x03e4dbb3) divu    s7, s1, t5
core   0: 3 0x80002710 (0x03e4dbb3) x23 0x00000000
core   0: 0x80002714 (0x0c814303) lbu     t1, 200(sp)
core   0: 3 0x80002714 (0x0c814303) x 6 0x00000000 mem 0x80013205
core   0: 0x80002718 (0x08f10883) lb      a7, 143(sp)
core   0: 3 0x80002718 (0x08f10883) x17 0x00000000 mem 0x800131cc
core   0: 0x8000271c (0xfba14a03) lbu     s4, -70(sp)
core   0: 3 0x8000271c (0xfba14a03) x20 0x00000064 mem 0x800130f7
core   0: 0x80002720 (0x07f11083) lh      ra, 127(sp)
core   0: 3 0x80002720 (0x07f11083) x 1 0x00000000 mem 0x800131bc
core   0: 0x80002724 (0x07f12c03) lw      s8, 127(sp)
core   0: 3 0x80002724 (0x07f12c03) x24 0x9c000000 mem 0x800131bc
core   0: 0x80002728 (0x0394da33) divu    s4, s1, s9
core   0: 3 0x80002728 (0x0394da33) x20 0x00000000
core   0: 0x8000272c (0xf4c10323) sb      a2, -186(sp)
core   0: 3 0x8000272c (0xf4c10323) mem 0x80013083 0x0
core   0: 0x80002730 (0xf4610323) sb      t1, -186(sp)
core   0: 3 0x80002730 (0xf4610323) mem 0x80013083 0x0
core   0: 0x80002734 (0xf4510323) sb      t0, -186(sp)
core   0: 3 0x80002734 (0xf4510323) mem 0x80013083 0x0
core   0: 0x80002738 (0x0b510923) sb      s5, 178(sp)
core   0: 3 0x80002738 (0x0b510923) mem 0x800131ef 0x0
core   0: 0x8000273c (0x00a45db3) srl     s11, s0, a0
core   0: 3 0x8000273c (0x00a45db3) x27 0x00000000
core   0: 0x80002740 (0x0a510923) sb      t0, 178(sp)
core   0: 3 0x80002740 (0x0a510923) mem 0x800131ef 0x0
core   0: 0x80002744 (0x0b210503) lb      a0, 178(sp)
core   0: 3 0x80002744 (0x0b210503) x10 0x00000000 mem 0x800131ef
core   0: 0x80002748 (0x0b210783) lb      a5, 178(sp)
core   0: 3 0x80002748 (0x0b210783) x15 0x00000000 mem 0x800131ef
core   0: 0x8000274c (0xf2614b03) lbu     s6, -218(sp)
core   0: 3 0x8000274c (0xf2614b03) x22 0x00000000 mem 0x80013063
core   0: 0x80002750 (0xf2614883) lbu     a7, -218(sp)
core   0: 3 0x80002750 (0xf2614883) x17 0x00000000 mem 0x80013063
core   0: 0x80002754 (0x08614983) lbu     s3, 134(sp)
core   0: 3 0x80002754 (0x08614983) x19 0x00000000 mem 0x800131c3
core   0: 0x80002758 (0x0f711ea3) sh      s7, 253(sp)
core   0: 3 0x80002758 (0x0f711ea3) mem 0x8001323a 0x0000
core   0: 0x8000275c (0x035031b3) mulhu   gp, zero, s5
core   0: 3 0x8000275c (0x035031b3) x 3 0x00000000
core   0: 0x80002760 (0x0fd10503) lb      a0, 253(sp)
core   0: 3 0x80002760 (0x0fd10503) x10 0x00000000 mem 0x8001323a
core   0: 0x80002764 (0x0ea10ea3) sb      a0, 253(sp)
core   0: 3 0x80002764 (0x0ea10ea3) mem 0x8001323a 0x0
core   0: 0x80002768 (0x0a310083) lb      ra, 163(sp)
core   0: 3 0x80002768 (0x0a310083) x 1 0x00000000 mem 0x800131e0
core   0: 0x8000276c (0x00011617) auipc   a2, 0x11
core   0: 3 0x8000276c (0x00011617) x12 0x8001376c
core   0: 0x80002770 (0x8e560613) addi    a2, a2, -1819
core   0: 3 0x80002770 (0x8e560613) x12 0x80013051
core   0: 0x80002774 (0x00008d2d) c.xor   a0, a1
core   0: 3 0x80002774 (0x8d2d) x10 0x8002cce4
core   0: 0x80002776 (0x40dad793) srai    a5, s5, 13
core   0: 3 0x80002776 (0x40dad793) x15 0x00000000
core   0: 0x8000277a (0x0141d3b3) srl     t2, gp, s4
core   0: 3 0x8000277a (0x0141d3b3) x 7 0x00000000
core   0: 0x8000277e (0x0f860a23) sb      s8, 244(a2)
core   0: 3 0x8000277e (0x0f860a23) mem 0x80013145 0x0
core   0: 0x80002782 (0x00008531) c.srai  a0, 12
core   0: 3 0x80002782 (0x8531) x10 0xfff8002c
core   0: 0x80002784 (0x0b762103) lw      sp, 183(a2)
core   0: 3 0x80002784 (0x0b762103) x 2 0x00000000 mem 0x80013108
core   0: 0x80002788 (0x68b68313) addi    t1, a3, 1675
core   0: 3 0x80002788 (0x68b68313) x 6 0x00000546
core   0: 0x8000278c (0x0b765483) lhu     s1, 183(a2)
core   0: 3 0x8000278c (0x0b765483) x 9 0x00000000 mem 0x80013108
core   0: 0x80002790 (0x03320e33) mul     t3, tp, s3
core   0: 3 0x80002790 (0x03320e33) x28 0x00000000
core   0: 0x80002794 (0x0b461ba3) sh      s4, 183(a2)
core   0: 3 0x80002794 (0x0b461ba3) mem 0x80013108 0x0000
core   0: 0x80002798 (0x02f65f83) lhu     t6, 47(a2)
core   0: 3 0x80002798 (0x02f65f83) x31 0x00000000 mem 0x80013080
core   0: 0x8000279c (0x02f64383) lbu     t2, 47(a2)
core   0: 3 0x8000279c (0x02f64383) x 7 0x00000000 mem 0x80013080
core   0: 0x800027a0 (0x030627a3) sw      a6, 47(a2)
core   0: 3 0x800027a0 (0x030627a3) mem 0x80013080 0x00000000
core   0: 0x800027a4 (0x025607a3) sb      t0, 47(a2)
core   0: 3 0x800027a4 (0x025607a3) mem 0x80013080 0x0
core   0: 0x800027a8 (0x00006155) c.addi16sp sp, 304
core   0: 3 0x800027a8 (0x6155) x 2 0x00000130
core   0: 0x800027aa (0x02f61083) lh      ra, 47(a2)
core   0: 3 0x800027aa (0x02f61083) x 1 0x00000000 mem 0x80013080
core   0: 0x800027ae (0x02f61b83) lh      s7, 47(a2)
core   0: 3 0x800027ae (0x02f61b83) x23 0x00000000 mem 0x80013080
core   0: 0x800027b2 (0x021617a3) sh      ra, 47(a2)
core   0: 3 0x800027b2 (0x021617a3) mem 0x80013080 0x0000
core   0: 0x800027b6 (0x00021a17) auipc   s4, 0x21
core   0: 3 0x800027b6 (0x00021a17) x20 0x800237b6
core   0: 0x800027ba (0x9e8a0a13) addi    s4, s4, -1560
core   0: 3 0x800027ba (0x9e8a0a13) x20 0x8002319e
core   0: 0x800027be (0xff81f113) andi    sp, gp, -8
core   0: 3 0x800027be (0xff81f113) x 2 0x00000000
core   0: 0x800027c2 (0x00006159) c.addi16sp sp, 400
core   0: 3 0x800027c2 (0x6159) x 2 0x00000190
core   0: 0x800027c4 (0x0218e8b3) rem     a7, a7, ra
core   0: 3 0x800027c4 (0x0218e8b3) x17 0x00000000
core   0: 0x800027c8 (0x03c909b3) mul     s3, s2, t3
core   0: 3 0x800027c8 (0x03c909b3) x19 0x00000000
core   0: 0x800027cc (0xff2a5203) lhu     tp, -14(s4)
core   0: 3 0x800027cc (0xff2a5203) x 4 0x00000000 mem 0x80023190
core   0: 0x800027d0 (0x00189b33) sll     s6, a7, ra
core   0: 3 0x800027d0 (0x00189b33) x22 0x00000000
core   0: 0x800027d4 (0x013a1823) sh      s3, 16(s4)
core   0: 3 0x800027d4 (0x013a1823) mem 0x800231ae 0x0000
core   0: 0x800027d8 (0x00000001) c.nop
core   0: 3 0x800027d8 (0x0001)
core   0: 0x800027da (0x03839533) mulh    a0, t2, s8
core   0: 3 0x800027da (0x03839533) x10 0x00000000
core   0: 0x800027de (0x00006699) c.lui   a3, 0x6
core   0: 3 0x800027de (0x6699) x13 0x00006000
core   0: 0x800027e0 (0x012a0623) sb      s2, 12(s4)
core   0: 3 0x800027e0 (0x012a0623) mem 0x800231aa 0x0
core   0: 0x800027e4 (0xff3a4003) lbu     zero, -13(s4)
core   0: 3 0x800027e4 (0xff3a4003) mem 0x80023191
core   0: 0x800027e8 (0xcf86ad13) slti    s10, a3, -776
core   0: 3 0x800027e8 (0xcf86ad13) x26 0x00000000
core   0: 0x800027ec (0x5af0e413) ori     s0, ra, 1455
core   0: 3 0x800027ec (0x5af0e413) x 8 0x000005af
core   0: 0x800027f0 (0xff6a1683) lh      a3, -10(s4)
core   0: 3 0x800027f0 (0xff6a1683) x13 0x00000000 mem 0x80023194
core   0: 0x800027f4 (0xffda0da3) sb      t4, -5(s4)
core   0: 3 0x800027f4 (0xffda0da3) mem 0x80023199 0x0
core   0: 0x800027f8 (0x009a0483) lb      s1, 9(s4)
core   0: 3 0x800027f8 (0x009a0483) x 9 0x00000000 mem 0x800231a7
core   0: 0x800027fc (0x0068f233) and     tp, a7, t1
core   0: 3 0x800027fc (0x0068f233) x 4 0x00000000
core   0: 0x80002800 (0x00be2db3) slt     s11, t3, a1
core   0: 3 0x80002800 (0x00be2db3) x27 0x00000000
core   0: 0x80002804 (0x0165f433) and     s0, a1, s6
core   0: 3 0x80002804 (0x0165f433) x 8 0x00000000
core   0: 0x80002808 (0xffea1803) lh      a6, -2(s4)
core   0: 3 0x80002808 (0xffea1803) x16 0x00000000 mem 0x8002319c
core   0: 0x8000280c (0x00008d09) c.sub   a0, a0
core   0: 3 0x8000280c (0x8d09) x10 0x00000000
core   0: 0x8000280e (0xff4a0683) lb      a3, -12(s4)
core   0: 3 0x8000280e (0xff4a0683) x13 0x00000000 mem 0x80023192
core   0: 0x80002812 (0x34f5e993) ori     s3, a1, 847
core   0: 3 0x80002812 (0x34f5e993) x19 0x8002cfef
core   0: 0x80002816 (0x00aa0603) lb      a2, 10(s4)
core   0: 3 0x80002816 (0x00aa0603) x12 0x00000000 mem 0x800231a8
core   0: 0x8000281a (0x000098fd) c.andi  s1, -1
core   0: 3 0x8000281a (0x98fd) x 9 0x00000000
core   0: 0x8000281c (0xfefa2f23) sw      a5, -2(s4)
core   0: 3 0x8000281c (0xfefa2f23) mem 0x8002319c 0x00000000
core   0: 0x80002820 (0x0000100f) fence.i
core   0: 3 0x80002820 (0x0000100f)
core   0: 0x80002824 (0x011cee33) or      t3, s9, a7
core   0: 3 0x80002824 (0x011cee33) x28 0x00000001
core   0: 0x80002828 (0xfffa4e03) lbu     t3, -1(s4)
core   0: 3 0x80002828 (0xfffa4e03) x28 0x00000000 mem 0x8002319d
core   0: 0x8000282c (0x003a1423) sh      gp, 8(s4)
core   0: 3 0x8000282c (0x003a1423) mem 0x800231a6 0x0000
core   0: 0x80002830 (0x00011117) auipc   sp, 0x11
core   0: 3 0x80002830 (0x00011117) x 2 0x80013830
core   0: 0x80002834 (0xe8610113) addi    sp, sp, -378
core   0: 3 0x80002834 (0xe8610113) x 2 0x800136b6
core   0: 0x80002838 (0xdbe92a93) slti    s5, s2, -578
core   0: 3 0x80002838 (0xdbe92a93) x21 0x00000000
core   0: 0x8000283c (0x04e15483) lhu     s1, 78(sp)
core   0: 3 0x8000283c (0x04e15483) x 9 0x00000000 mem 0x80013704
core   0: 0x80002840 (0x002eec33) or      s8, t4, sp
core   0: 3 0x80002840 (0x002eec33) x24 0xb695b6b6
core   0: 0x80002844 (0xf3810423) sb      s8, -216(sp)
core   0: 3 0x80002844 (0xf3810423) mem 0x800135de 0xb6
core   0: 0x80002848 (0xf2815003) lhu     zero, -216(sp)
core   0: 3 0x80002848 (0xf2815003) mem 0x800135de
core   0: 0x8000284c (0x09d105a3) sb      t4, 139(sp)
core   0: 3 0x8000284c (0x09d105a3) mem 0x80013741 0x0
core   0: 0x80002850 (0x08b14403) lbu     s0, 139(sp)
core   0: 3 0x80002850 (0x08b14403) x 8 0x00000000 mem 0x80013741
core   0: 0x80002854 (0x0084fd33) and     s10, s1, s0
core   0: 3 0x80002854 (0x0084fd33) x26 0x00000000
core   0: 0x80002858 (0x08b10b83) lb      s7, 139(sp)
core   0: 3 0x80002858 (0x08b10b83) x23 0x00000000 mem 0x80013741
core   0: 0x8000285c (0x08b14183) lbu     gp, 139(sp)
core   0: 3 0x8000285c (0x08b14183) x 3 0x00000000 mem 0x80013741
core   0: 0x80002860 (0x00229833) sll     a6, t0, sp
core   0: 3 0x80002860 (0x00229833) x16 0x00000000
core   0: 0x80002864 (0x09d105a3) sb      t4, 139(sp)
core   0: 3 0x80002864 (0x09d105a3) mem 0x80013741 0x0
core   0: 0x80002868 (0x08b10803) lb      a6, 139(sp)
core   0: 3 0x80002868 (0x08b10803) x16 0x00000000 mem 0x80013741
core   0: 0x8000286c (0x08b10483) lb      s1, 139(sp)
core   0: 3 0x8000286c (0x08b10483) x 9 0x00000000 mem 0x80013741
core   0: 0x80002870 (0x08b10783) lb      a5, 139(sp)
core   0: 3 0x80002870 (0x08b10783) x15 0x00000000 mem 0x80013741
core   0: 0x80002874 (0xfe810b23) sb      s0, -10(sp)
core   0: 3 0x80002874 (0xfe810b23) mem 0x800136ac 0x0
core   0: 0x80002878 (0xf5414a83) lbu     s5, -172(sp)
core   0: 3 0x80002878 (0xf5414a83) x21 0x00000000 mem 0x8001360a
core   0: 0x8000287c (0x00010217) auipc   tp, 0x10
core   0: 3 0x8000287c (0x00010217) x 4 0x8001287c
core   0: 0x80002880 (0x7dc20213) addi    tp, tp, 2012
core   0: 3 0x80002880 (0x7dc20213) x 4 0x80013058
core   0: 0x80002884 (0xffc20083) lb      ra, -4(tp)
core   0: 3 0x80002884 (0xffc20083) x 1 0x00000000 mem 0x80013054
core   0: 0x80002888 (0xc7180b13) addi    s6, a6, -911
core   0: 3 0x80002888 (0xc7180b13) x22 0xfffffc71
core   0: 0x8000288c (0x22643d13) sltiu   s10, s0, 550
core   0: 3 0x8000288c (0x22643d13) x26 0x00000001
core   0: 0x80002890 (0xfea20ba3) sb      a0, -9(tp)
core   0: 3 0x80002890 (0xfea20ba3) mem 0x8001304f 0x0
core   0: 0x80002894 (0x03896e33) rem     t3, s2, s8
core   0: 3 0x80002894 (0x03896e33) x28 0x00000000
core   0: 0x80002898 (0x02b53433) mulhu   s0, a0, a1
core   0: 3 0x80002898 (0x02b53433) x 8 0x00000000
core   0: 0x8000289c (0x01db74b3) and     s1, s6, t4
core   0: 3 0x8000289c (0x01db74b3) x 9 0x3694a000
core   0: 0x800028a0 (0x289e4493) xori    s1, t3, 649
core   0: 3 0x800028a0 (0x289e4493) x 9 0x00000289
core   0: 0x800028a4 (0x02432333) mulhsu  t1, t1, tp
core   0: 3 0x800028a4 (0x02432333) x 6 0x000002a3
core   0: 0x800028a8 (0x00006b39) c.lui   s6, 0xe
core   0: 3 0x800028a8 (0x6b39) x22 0x0000e000
core   0: 0x800028aa (0x035fee33) rem     t3, t6, s5
core   0: 3 0x800028aa (0x035fee33) x28 0x00000000
core   0: 0x800028ae (0x000018fd) c.addi  a7, -1
core   0: 3 0x800028ae (0x18fd) x17 0xffffffff
core   0: 0x800028b0 (0x01d8d313) srli    t1, a7, 29
core   0: 3 0x800028b0 (0x01d8d313) x 6 0x00000007
core   0: 0x800028b4 (0x00001efd) c.addi  t4, -1
core   0: 3 0x800028b4 (0x1efd) x29 0x36949fff
core   0: 0x800028b6 (0x01c203a3) sb      t3, 7(tp)
core   0: 3 0x800028b6 (0x01c203a3) mem 0x8001305f 0x0
core   0: 0x800028ba (0x00092d33) slt     s10, s2, zero
core   0: 3 0x800028ba (0x00092d33) x26 0x00000000
core   0: 0x800028be (0x016daa33) slt     s4, s11, s6
core   0: 3 0x800028be (0x016daa33) x20 0x00000001
core   0: 0x800028c2 (0x0ff0000f) fence   iorw,iorw
core   0: 3 0x800028c2 (0x0ff0000f)
core   0: 0x800028c6 (0x000082fd) c.srli  a3, 31
core   0: 3 0x800028c6 (0x82fd) x13 0x00000000
core   0: 0x800028c8 (0xe4cbab13) slti    s6, s7, -436
core   0: 3 0x800028c8 (0xe4cbab13) x22 0x00000000
core   0: 0x800028cc (0x51ee01b7) lui     gp, 0x51ee0
core   0: 3 0x800028cc (0x51ee01b7) x 3 0x51ee0000
core   0: 0x800028d0 (0x00a20a03) lb      s4, 10(tp)
core   0: 3 0x800028d0 (0x00a20a03) x20 0x00000000 mem 0x80013062
core   0: 0x800028d4 (0x0383b6b3) mulhu   a3, t2, s8
core   0: 3 0x800028d4 (0x0383b6b3) x13 0x00000000
core   0: 0x800028d8 (0x017a2e33) slt     t3, s4, s7
core   0: 3 0x800028d8 (0x017a2e33) x28 0x00000000
core   0: 0x800028dc (0x00006665) c.lui   a2, 0x19
core   0: 3 0x800028dc (0x6665) x12 0x00019000
core   0: 0x800028de (0x02eac2b3) div     t0, s5, a4
core   0: 3 0x800028de (0x02eac2b3) x 5 0x00000000
core   0: 0x800028e2 (0x00020d03) lb      s10, 0(tp)
core   0: 3 0x800028e2 (0x00020d03) x26 0x00000000 mem 0x80013058
core   0: 0x800028e6 (0x00b20e83) lb      t4, 11(tp)
core   0: 3 0x800028e6 (0x00b20e83) x29 0x00000000 mem 0x80013063
core   0: 0x800028ea (0x00224503) lbu     a0, 2(tp)
core   0: 3 0x800028ea (0x00224503) x10 0x00000000 mem 0x8001305a
core   0: 0x800028ee (0xffd20e83) lb      t4, -3(tp)
core   0: 3 0x800028ee (0xffd20e83) x29 0x00000000 mem 0x80013055
core   0: 0x800028f2 (0xfe4208a3) sb      tp, -15(tp)
core   0: 3 0x800028f2 (0xfe4208a3) mem 0x80013049 0x58
core   0: 0x800028f6 (0x01bc1613) slli    a2, s8, 27
core   0: 3 0x800028f6 (0x01bc1613) x12 0xb0000000
core   0: 0x800028fa (0x0ff0000f) fence   iorw,iorw
core   0: 3 0x800028fa (0x0ff0000f)
core   0: 0x800028fe (0x00006aa9) c.lui   s5, 0xa
core   0: 3 0x800028fe (0x6aa9) x21 0x0000a000
core   0: 0x80002900 (0x7554ec93) ori     s9, s1, 1877
core   0: 3 0x80002900 (0x7554ec93) x25 0x000007dd
core   0: 0x80002904 (0xff124503) lbu     a0, -15(tp)
core   0: 3 0x80002904 (0xff124503) x10 0x00000058 mem 0x80013049
core   0: 0x80002908 (0x00008d35) c.xor   a0, a3
core   0: 3 0x80002908 (0x8d35) x10 0x00000058
core   0: 0x8000290a (0x00020723) sb      zero, 14(tp)
core   0: 3 0x8000290a (0x00020723) mem 0x80013066 0x0
core   0: 0x8000290e (0x00011897) auipc   a7, 0x11
core   0: 3 0x8000290e (0x00011897) x17 0x8001390e
core   0: 0x80002912 (0x02a88893) addi    a7, a7, 42
core   0: 3 0x80002912 (0x02a88893) x17 0x80013938
core   0: 0x80002916 (0xf4589123) sh      t0, -190(a7)
core   0: 3 0x80002916 (0xf4589123) mem 0x8001387a 0x0000
core   0: 0x8000291a (0xe148ce83) lbu     t4, -492(a7)
core   0: 3 0x8000291a (0xe148ce83) x29 0x00000000 mem 0x8001374c
core   0: 0x8000291e (0xb5d884a3) sb      t4, -1207(a7)
core   0: 3 0x8000291e (0xb5d884a3) mem 0x80013481 0x0
core   0: 0x80002922 (0x98b88083) lb      ra, -1653(a7)
core   0: 3 0x80002922 (0x98b88083) x 1 0x00000000 mem 0x800132c3
core   0: 0x80002926 (0x1c8d3393) sltiu   t2, s10, 456
core   0: 3 0x80002926 (0x1c8d3393) x 7 0x00000001
core   0: 0x8000292a (0xd47882a3) sb      t2, -699(a7)
core   0: 3 0x8000292a (0xd47882a3) mem 0x8001367d 0x1
core   0: 0x8000292e (0x6b3885a3) sb      s3, 1707(a7)
core   0: 3 0x8000292e (0x6b3885a3) mem 0x80013fe3 0xef
core   0: 0x80002932 (0x00746533) or      a0, s0, t2
core   0: 3 0x80002932 (0x00746533) x10 0x00000001
core   0: 0x80002936 (0x09488103) lb      sp, 148(a7)
core   0: 3 0x80002936 (0x09488103) x 2 0x00000000 mem 0x800139cc
core   0: 0x8000293a (0x36988683) lb      a3, 873(a7)
core   0: 3 0x8000293a (0x36988683) x13 0x00000000 mem 0x80013ca1
core   0: 0x8000293e (0x0328a223) sw      s2, 36(a7)
core   0: 3 0x8000293e (0x0328a223) mem 0x8001395c 0x00000000
core   0: 0x80002942 (0x4e31b793) sltiu   a5, gp, 1251
core   0: 3 0x80002942 (0x4e31b793) x15 0x00000000
core   0: 0x80002946 (0x0780e993) ori     s3, ra, 120
core   0: 3 0x80002946 (0x0780e993) x19 0x00000078
core   0: 0x8000294a (0x02488483) lb      s1, 36(a7)
core   0: 3 0x8000294a (0x02488483) x 9 0x00000000 mem 0x8001395c
core   0: 0x8000294e (0xcbf882a3) sb      t6, -859(a7)
core   0: 3 0x8000294e (0xcbf882a3) mem 0x800135dd 0x0
core   0: 0x80002952 (0x8268c203) lbu     tp, -2010(a7)
core   0: 3 0x80002952 (0x8268c203) x 4 0x00000000 mem 0x8001315e
core   0: 0x80002956 (0x02db6f93) ori     t6, s6, 45
core   0: 3 0x80002956 (0x02db6f93) x31 0x0000002d
core   0: 0x8000295a (0x8268c283) lbu     t0, -2010(a7)
core   0: 3 0x8000295a (0x8268c283) x 5 0x00000000 mem 0x8001315e
core   0: 0x8000295e (0x0b588783) lb      a5, 181(a7)
core   0: 3 0x8000295e (0x0b588783) x15 0x00000000 mem 0x800139ed
core   0: 0x80002962 (0x00011297) auipc   t0, 0x11
core   0: 3 0x80002962 (0x00011297) x 5 0x80013962
core   0: 0x80002966 (0x07128293) addi    t0, t0, 113
core   0: 3 0x80002966 (0x07128293) x 5 0x800139d3
core   0: 0x8000296a (0x018288a3) sb      s8, 17(t0)
core   0: 3 0x8000296a (0x018288a3) mem 0x800139e4 0xb6
core   0: 0x8000296e (0x00011e97) auipc   t4, 0x11
core   0: 3 0x8000296e (0x00011e97) x29 0x8001396e
core   0: 0x80002972 (0xdece8e93) addi    t4, t4, -532
core   0: 3 0x80002972 (0xdece8e93) x29 0x8001375a
core   0: 0x80002976 (0x0132cd03) lbu     s10, 19(t0)
core   0: 3 0x80002976 (0x0132cd03) x26 0x00000000 mem 0x800139e6
core   0: 0x8000297a (0xff12dc83) lhu     s9, -15(t0)
core   0: 3 0x8000297a (0xff12dc83) x25 0x00000000 mem 0x800139c4
core   0: 0x8000297e (0x00011117) auipc   sp, 0x11
core   0: 3 0x8000297e (0x00011117) x 2 0x8001397e
core   0: 0x80002982 (0x1b010113) addi    sp, sp, 432
core   0: 3 0x80002982 (0x1b010113) x 2 0x80013b2e
core   0: 0x80002986 (0x00011917) auipc   s2, 0x11
core   0: 3 0x80002986 (0x00011917) x18 0x80013986
core   0: 0x8000298a (0x5d490913) addi    s2, s2, 1492
core   0: 3 0x8000298a (0x5d490913) x18 0x80013f5a
core   0: 0x8000298e (0xf64e8ba3) sb      tp, -137(t4)
core   0: 3 0x8000298e (0xf64e8ba3) mem 0x800136d1 0x0
core   0: 0x80002992 (0xfdf10b03) lb      s6, -33(sp)
core   0: 3 0x80002992 (0xfdf10b03) x22 0x00000000 mem 0x80013b0d
core   0: 0x80002996 (0xf8b94503) lbu     a0, -117(s2)
core   0: 3 0x80002996 (0xf8b94503) x10 0x00000000 mem 0x80013ee5
core   0: 0x8000299a (0x00011e17) auipc   t3, 0x11
core   0: 3 0x8000299a (0x00011e17) x28 0x8001399a
core   0: 0x8000299e (0xffae0e13) addi    t3, t3, -6
core   0: 3 0x8000299e (0xffae0e13) x28 0x80013994
core   0: 0x800029a2 (0xfee106a3) sb      a4, -19(sp)
core   0: 3 0x800029a2 (0xfee106a3) mem 0x80013b1b 0x64
core   0: 0x800029a6 (0xf45e8ea3) sb      t0, -163(t4)
core   0: 3 0x800029a6 (0xf45e8ea3) mem 0x800136b7 0xd3
core   0: 0x800029aa (0xfe52d503) lhu     a0, -27(t0)
core   0: 3 0x800029aa (0xfe52d503) x10 0x00000000 mem 0x800139b8
core   0: 0x800029ae (0x0d8ed003) lhu     zero, 216(t4)
core   0: 3 0x800029ae (0x0d8ed003) mem 0x80013832
core   0: 0x800029b2 (0xfff94303) lbu     t1, -1(s2)
core   0: 3 0x800029b2 (0xfff94303) x 6 0x00000000 mem 0x80013f59
core   0: 0x800029b6 (0xff2e83a3) sb      s2, -25(t4)
core   0: 3 0x800029b6 (0xff2e83a3) mem 0x80013741 0x5a
core   0: 0x800029ba (0x09794d83) lbu     s11, 151(s2)
core   0: 3 0x800029ba (0x09794d83) x27 0x00000000 mem 0x80013ff1
core   0: 0x800029be (0x0c7906a3) sb      t2, 205(s2)
core   0: 3 0x800029be (0x0c7906a3) mem 0x80014027 0x1
core   0: 0x800029c2 (0x01be0a03) lb      s4, 27(t3)
core   0: 3 0x800029c2 (0x01be0a03) x20 0x00000000 mem 0x800139af
core   0: 0x800029c6 (0xfe510603) lb      a2, -27(sp)
core   0: 3 0x800029c6 (0xfe510603) x12 0x00000000 mem 0x80013b13
core   0: 0x800029ca (0x03ae2623) sw      s10, 44(t3)
core   0: 3 0x800029ca (0x03ae2623) mem 0x800139c0 0x00000000
core   0: 0x800029ce (0x02c28203) lb      tp, 44(t0)
core   0: 3 0x800029ce (0x02c28203) x 4 0x00000000 mem 0x800139ff
core   0: 0x800029d2 (0x0cbe9f23) sh      a1, 222(t4)
core   0: 3 0x800029d2 (0x0cbe9f23) mem 0x80013838 0xcce4
core   0: 0x800029d6 (0x00212003) lw      zero, 2(sp)
core   0: 3 0x800029d6 (0x00212003) mem 0x80013b30
core   0: 0x800029da (0x0fbec303) lbu     t1, 251(t4)
core   0: 3 0x800029da (0x0fbec303) x 6 0x00000000 mem 0x80013855
core   0: 0x800029de (0xffb11a23) sh      s11, -12(sp)
core   0: 3 0x800029de (0xffb11a23) mem 0x80013b22 0x0000
core   0: 0x800029e2 (0xfec12923) sw      a2, -14(sp)
core   0: 3 0x800029e2 (0xfec12923) mem 0x80013b20 0x00000000
core   0: 0x800029e6 (0x02ee04a3) sb      a4, 41(t3)
core   0: 3 0x800029e6 (0x02ee04a3) mem 0x800139bd 0x64
core   0: 0x800029ea (0xff828883) lb      a7, -8(t0)
core   0: 3 0x800029ea (0xff828883) x17 0x00000000 mem 0x800139cb
core   0: 0x800029ee (0x01ae4b83) lbu     s7, 26(t3)
core   0: 3 0x800029ee (0x01ae4b83) x23 0x00000000 mem 0x800139ae
core   0: 0x800029f2 (0xfce28c23) sb      a4, -40(t0)
core   0: 3 0x800029f2 (0xfce28c23) mem 0x800139ab 0x64
core   0: 0x800029f6 (0x03de1e23) sh      t4, 60(t3)
core   0: 3 0x800029f6 (0x03de1e23) mem 0x800139d0 0x375a
core   0: 0x800029fa (0xf5ae88a3) sb      s10, -175(t4)
core   0: 3 0x800029fa (0xf5ae88a3) mem 0x800136ab 0x0
core   0: 0x800029fe (0x020e1883) lh      a7, 32(t3)
core   0: 3 0x800029fe (0x020e1883) x17 0x00000000 mem 0x800139b4
core   0: 0x80002a02 (0xfcde4303) lbu     t1, -51(t3)
core   0: 3 0x80002a02 (0xfcde4303) x 6 0x00000000 mem 0x80013961
core   0: 0x80002a06 (0x019ecb83) lbu     s7, 25(t4)
core   0: 3 0x80002a06 (0x019ecb83) x23 0x00000000 mem 0x80013773
core   0: 0x80002a0a (0xfc12d003) lhu     zero, -63(t0)
core   0: 3 0x80002a0a (0xfc12d003) mem 0x80013994
core   0: 0x80002a0e (0x078ed603) lhu     a2, 120(t4)
core   0: 3 0x80002a0e (0x078ed603) x12 0x00000000 mem 0x800137d2
core   0: 0x80002a12 (0x030280a3) sb      a6, 33(t0)
core   0: 3 0x80002a12 (0x030280a3) mem 0x800139f4 0x0
core   0: 0x80002a16 (0x06a95883) lhu     a7, 106(s2)
core   0: 3 0x80002a16 (0x06a95883) x17 0x00000000 mem 0x80013fc4
core   0: 0x80002a1a (0x00014a97) auipc   s5, 0x14
core   0: 3 0x80002a1a (0x00014a97) x21 0x80016a1a
core   0: 0x80002a1e (0xd0ea8a93) addi    s5, s5, -754
core   0: 3 0x80002a1e (0xd0ea8a93) x21 0x80016728
core   0: 0x80002a22 (0x00ea8323) sb      a4, 6(s5)
core   0: 3 0x80002a22 (0x00ea8323) mem 0x8001672e 0x64
core   0: 0x80002a26 (0x083c0e93) addi    t4, s8, 131
core   0: 3 0x80002a26 (0x083c0e93) x29 0xb695b739
core   0: 0x80002a2a (0x01f31213) slli    tp, t1, 31
core   0: 3 0x80002a2a (0x01f31213) x 4 0x00000000
core   0: 0x80002a2e (0xff1a8ea3) sb      a7, -3(s5)
core   0: 3 0x80002a2e (0xff1a8ea3) mem 0x80016725 0x0
core   0: 0x80002a32 (0x009a8503) lb      a0, 9(s5)
core   0: 3 0x80002a32 (0x009a8503) x10 0x00000000 mem 0x80016731
core   0: 0x80002a36 (0x01da9723) sh      t4, 14(s5)
core   0: 3 0x80002a36 (0x01da9723) mem 0x80016736 0xb739
core   0: 0x80002a3a (0xf2fa2193) slti    gp, s4, -209
core   0: 3 0x80002a3a (0xf2fa2193) x 3 0x00000000
core   0: 0x80002a3e (0xff0ac883) lbu     a7, -16(s5)
core   0: 3 0x80002a3e (0xff0ac883) x17 0x00000000 mem 0x80016718
core   0: 0x80002a42 (0x03ec44b3) div     s1, s8, t5
core   0: 3 0x80002a42 (0x03ec44b3) x 9 0x00000000
core   0: 0x80002a46 (0x019a84a3) sb      s9, 9(s5)
core   0: 3 0x80002a46 (0x019a84a3) mem 0x80016731 0x0
core   0: 0x80002a4a (0x00ba8123) sb      a1, 2(s5)
core   0: 3 0x80002a4a (0x00ba8123) mem 0x8001672a 0xe4
core   0: 0x80002a4e (0x01fa8623) sb      t6, 12(s5)
core   0: 3 0x80002a4e (0x01fa8623) mem 0x80016734 0x2d
core   0: 0x80002a52 (0xfe4a8ca3) sb      tp, -7(s5)
core   0: 3 0x80002a52 (0xfe4a8ca3) mem 0x80016721 0x0
core   0: 0x80002a56 (0x00aca233) slt     tp, s9, a0
core   0: 3 0x80002a56 (0x00aca233) x 4 0x00000000
core   0: 0x80002a5a (0x00002c33) slt     s8, zero, zero
core   0: 3 0x80002a5a (0x00002c33) x24 0x00000000
core   0: 0x80002a5e (0xff4a9983) lh      s3, -12(s5)
core   0: 3 0x80002a5e (0xff4a9983) x19 0x00000000 mem 0x8001671c
core   0: 0x80002a62 (0xfe0a8f23) sb      zero, -2(s5)
core   0: 3 0x80002a62 (0xfe0a8f23) mem 0x80016726 0x0
core   0: 0x80002a66 (0x005ac983) lbu     s3, 5(s5)
core   0: 3 0x80002a66 (0x005ac983) x19 0x00000000 mem 0x8001672d
core   0: 0x80002a6a (0x0000954a) c.add   a0, s2
core   0: 3 0x80002a6a (0x954a) x10 0x80013f5a
core   0: 0x80002a6c (0x0ff0000f) fence   iorw,iorw
core   0: 3 0x80002a6c (0x0ff0000f)
core   0: 0x80002a70 (0xff9acc03) lbu     s8, -7(s5)
core   0: 3 0x80002a70 (0xff9acc03) x24 0x00000000 mem 0x80016721
core   0: 0x80002a74 (0xffba8da3) sb      s11, -5(s5)
core   0: 3 0x80002a74 (0xffba8da3) mem 0x80016723 0x0
core   0: 0x80002a78 (0xfffac383) lbu     t2, -1(s5)
core   0: 3 0x80002a78 (0xfffac383) x 7 0x00000000 mem 0x80016727
core   0: 0x80002a7c (0xff9a8f83) lb      t6, -7(s5)
core   0: 3 0x80002a7c (0xff9a8f83) x31 0x00000000 mem 0x80016721
core   0: 0x80002a80 (0x007ac283) lbu     t0, 7(s5)
core   0: 3 0x80002a80 (0x007ac283) x 5 0x00000000 mem 0x8001672f
core   0: 0x80002a84 (0x014fa533) slt     a0, t6, s4
core   0: 3 0x80002a84 (0x014fa533) x10 0x00000000
core   0: 0x80002a88 (0x012aa223) sw      s2, 4(s5)
core   0: 3 0x80002a88 (0x012aa223) mem 0x8001672c 0x80013f5a
core   0: 0x80002a8c (0xff8a9103) lh      sp, -8(s5)
core   0: 3 0x80002a8c (0xff8a9103) x 2 0x00000000 mem 0x80016720
core   0: 0x80002a90 (0x000057fd) c.li    a5, -1
core   0: 3 0x80002a90 (0x57fd) x15 0xffffffff
core   0: 0x80002a92 (0x0000017a) c.slli  sp, 30
core   0: 3 0x80002a92 (0x017a) x 2 0x00000000
core   0: 0x80002a94 (0x001a8b03) lb      s6, 1(s5)
core   0: 3 0x80002a94 (0x001a8b03) x22 0x00000000 mem 0x80016729
core   0: 0x80002a98 (0x0019c133) xor     sp, s3, ra
core   0: 3 0x80002a98 (0x0019c133) x 2 0x00000000
core   0: 0x80002a9c (0x00006515) c.lui   a0, 0x5
core   0: 3 0x80002a9c (0x6515) x10 0x00005000
core   0: 0x80002a9e (0x00008d61) c.and   a0, s0
core   0: 3 0x80002a9e (0x8d61) x10 0x00000000
core   0: 0x80002aa0 (0xff0a8ba3) sb      a6, -9(s5)
core   0: 3 0x80002aa0 (0xff0a8ba3) mem 0x8001671f 0x0
core   0: 0x80002aa4 (0x0ff0000f) fence   iorw,iorw
core   0: 3 0x80002aa4 (0x0ff0000f)
core   0: 0x80002aa8 (0x009acb83) lbu     s7, 9(s5)
core   0: 3 0x80002aa8 (0x009acb83) x23 0x00000000 mem 0x80016731
core   0: 0x80002aac (0x002a8683) lb      a3, 2(s5)
core   0: 3 0x80002aac (0x002a8683) x13 0xffffffe4 mem 0x8001672a
core   0: 0x80002ab0 (0x00000001) c.nop
core   0: 3 0x80002ab0 (0x0001)
core   0: 0x80002ab2 (0x4c1a2f93) slti    t6, s4, 1217
core   0: 3 0x80002ab2 (0x4c1a2f93) x31 0x00000001
core   0: 0x80002ab6 (0x409e5f93) srai    t6, t3, 9
core   0: 3 0x80002ab6 (0x409e5f93) x31 0xffc0009c
core   0: 0x80002aba (0x00fa8403) lb      s0, 15(s5)
core   0: 3 0x80002aba (0x00fa8403) x 8 0xffffffb7 mem 0x80016737
core   0: 0x80002abe (0x029ef133) remu    sp, t4, s1
core   0: 3 0x80002abe (0x029ef133) x 2 0xb695b739
core   0: 0x80002ac2 (0x011de0b3) or      ra, s11, a7
core   0: 3 0x80002ac2 (0x011de0b3) x 1 0x00000000
core   0: 0x80002ac6 (0xff6ad783) lhu     a5, -10(s5)
core   0: 3 0x80002ac6 (0xff6ad783) x15 0x00000000 mem 0x8001671e
core   0: 0x80002aca (0x41088e33) sub     t3, a7, a6
core   0: 3 0x80002aca (0x41088e33) x28 0x00000000
core   0: 0x80002ace (0x01da85a3) sb      t4, 11(s5)
core   0: 3 0x80002ace (0x01da85a3) mem 0x80016733 0x39
core   0: 0x80002ad2 (0x0000885a) c.mv    a6, s6
core   0: 3 0x80002ad2 (0x885a) x16 0x00000000
core   0: 0x80002ad4 (0xfffa9b23) sh      t6, -10(s5)
core   0: 3 0x80002ad4 (0xfffa9b23) mem 0x8001671e 0x009c
core   0: 0x80002ad8 (0x00011997) auipc   s3, 0x11
core   0: 3 0x80002ad8 (0x00011997) x19 0x80013ad8
core   0: 0x80002adc (0x25498993) addi    s3, s3, 596
core   0: 3 0x80002adc (0x25498993) x19 0x80013d2c
core   0: 0x80002ae0 (0x0000717d) c.addi16sp sp, -16
core   0: 3 0x80002ae0 (0x717d) x 2 0xb695b729
core   0: 0x80002ae2 (0x0179c203) lbu     tp, 23(s3)
core   0: 3 0x80002ae2 (0x0179c203) x 4 0x00000000 mem 0x80013d43
core   0: 0x80002ae6 (0xfdb98f83) lb      t6, -37(s3)
core   0: 3 0x80002ae6 (0xfdb98f83) x31 0x00000000 mem 0x80013d07
core   0: 0x80002aea (0x0169de83) lhu     t4, 22(s3)
core   0: 3 0x80002aea (0x0169de83) x29 0x00000000 mem 0x80013d42
core   0: 0x80002aee (0x0169d683) lhu     a3, 22(s3)
core   0: 3 0x80002aee (0x0169d683) x13 0x00000000 mem 0x80013d42
core   0: 0x80002af2 (0x00d99b23) sh      a3, 22(s3)
core   0: 3 0x80002af2 (0x00d99b23) mem 0x80013d42 0x0000
core   0: 0x80002af6 (0x03298503) lb      a0, 50(s3)
core   0: 3 0x80002af6 (0x03298503) x10 0x00000000 mem 0x80013d5e
core   0: 0x80002afa (0xffb9c803) lbu     a6, -5(s3)
core   0: 3 0x80002afa (0xffb9c803) x16 0x00000000 mem 0x80013d27
core   0: 0x80002afe (0xfca9db83) lhu     s7, -54(s3)
core   0: 3 0x80002afe (0xfca9db83) x23 0x00000000 mem 0x80013cf6
core   0: 0x80002b02 (0xfca9c303) lbu     t1, -54(s3)
core   0: 3 0x80002b02 (0xfca9c303) x 6 0x00000000 mem 0x80013cf6
core   0: 0x80002b06 (0xfca9d303) lhu     t1, -54(s3)
core   0: 3 0x80002b06 (0xfca9d303) x 6 0x00000000 mem 0x80013cf6
core   0: 0x80002b0a (0x03d05633) divu    a2, zero, t4
core   0: 3 0x80002b0a (0x03d05633) x12 0xffffffff
core   0: 0x80002b0e (0x03b9c683) lbu     a3, 59(s3)
core   0: 3 0x80002b0e (0x03b9c683) x13 0x00000000 mem 0x80013d67
core   0: 0x80002b12 (0xfcf98503) lb      a0, -49(s3)
core   0: 3 0x80002b12 (0xfcf98503) x10 0x00000000 mem 0x80013cfb
core   0: 0x80002b16 (0xfcf9c103) lbu     sp, -49(s3)
core   0: 3 0x80002b16 (0xfcf9c103) x 2 0x00000000 mem 0x80013cfb
core   0: 0x80002b1a (0x02cd7033) remu    zero, s10, a2
core   0: 3 0x80002b1a (0x02cd7033)
core   0: 0x80002b1e (0xfcf98203) lb      tp, -49(s3)
core   0: 3 0x80002b1e (0xfcf98203) x 4 0x00000000 mem 0x80013cfb
core   0: 0x80002b22 (0xfd89a483) lw      s1, -40(s3)
core   0: 3 0x80002b22 (0xfd89a483) x 9 0x00000000 mem 0x80013d04
core   0: 0x80002b26 (0xfd898083) lb      ra, -40(s3)
core   0: 3 0x80002b26 (0xfd898083) x 1 0x00000000 mem 0x80013d04
core   0: 0x80002b2a (0xfdc9ac23) sw      t3, -40(s3)
core   0: 3 0x80002b2a (0xfdc9ac23) mem 0x80013d04 0x00000000
core   0: 0x80002b2e (0x03b99323) sh      s11, 38(s3)
core   0: 3 0x80002b2e (0x03b99323) mem 0x80013d52 0x0000
core   0: 0x80002b32 (0x01398aa3) sb      s3, 21(s3)
core   0: 3 0x80002b32 (0x01398aa3) mem 0x80013d41 0x2c
core   0: 0x80002b36 (0x00011d17) auipc   s10, 0x11
core   0: 3 0x80002b36 (0x00011d17) x26 0x80013b36
core   0: 0x80002b3a (0xea6d0d13) addi    s10, s10, -346
core   0: 3 0x80002b3a (0xea6d0d13) x26 0x800139dc
core   0: 0x80002b3e (0x0ff0000f) fence   iorw,iorw
core   0: 3 0x80002b3e (0x0ff0000f)
core   0: 0x80002b42 (0x3d2d4103) lbu     sp, 978(s10)
core   0: 3 0x80002b42 (0x3d2d4103) x 2 0x00000000 mem 0x80013dae
core   0: 0x80002b46 (0x034a64b3) rem     s1, s4, s4
core   0: 3 0x80002b46 (0x034a64b3) x 9 0x00000000
core   0: 0x80002b4a (0x00cace33) xor     t3, s5, a2
core   0: 3 0x80002b4a (0x00cace33) x28 0x7ffe98d7
core   0: 0x80002b4e (0x00001bfd) c.addi  s7, -1
core   0: 3 0x80002b4e (0x1bfd) x23 0xffffffff
core   0: 0x80002b50 (0x00008fc5) c.or    a5, s1
core   0: 3 0x80002b50 (0x8fc5) x15 0x00000000
core   0: 0x80002b52 (0x006cec33) or      s8, s9, t1
core   0: 3 0x80002b52 (0x006cec33) x24 0x00000000
core   0: 0x80002b56 (0x034d1783) lh      a5, 52(s10)
core   0: 3 0x80002b56 (0x034d1783) x15 0x00000000 mem 0x80013a10
core   0: 0x80002b5a (0x01751293) slli    t0, a0, 23
core   0: 3 0x80002b5a (0x01751293) x 5 0x00000000
core   0: 0x80002b5e (0x513aeb93) ori     s7, s5, 1299
core   0: 3 0x80002b5e (0x513aeb93) x23 0x8001673b
core   0: 0x80002b62 (0x01606533) or      a0, zero, s6
core   0: 3 0x80002b62 (0x01606533) x10 0x00000000
core   0: 0x80002b66 (0x00008f81) c.sub   a5, s0
core   0: 3 0x80002b66 (0x8f81) x15 0x00000049
core   0: 0x80002b68 (0xfa3d1d23) sh      gp, -70(s10)
core   0: 3 0x80002b68 (0xfa3d1d23) mem 0x80013996 0x0000
core   0: 0x80002b6c (0x9d044997) auipc   s3, 0x9d044
core   0: 3 0x80002b6c (0x9d044997) x19 0x1d046b6c
core   0: 0x80002b70 (0x02a646b3) div     a3, a2, a0
core   0: 3 0x80002b70 (0x02a646b3) x13 0xffffffff
core   0: 0x80002b74 (0xb41d0b03) lb      s6, -1215(s10)
core   0: 3 0x80002b74 (0xb41d0b03) x22 0x00000000 mem 0x8001351d
core   0: 0x80002b78 (0x00d25e13) srli    t3, tp, 13
core   0: 3 0x80002b78 (0x00d25e13) x28 0x00000000
core   0: 0x80002b7c (0x03835233) divu    tp, t1, s8
core   0: 3 0x80002b7c (0x03835233) x 4 0xffffffff
core   0: 0x80002b80 (0x01c55233) srl     tp, a0, t3
core   0: 3 0x80002b80 (0x01c55233) x 4 0x00000000
core   0: 0x80002b84 (0x002da933) slt     s2, s11, sp
core   0: 3 0x80002b84 (0x002da933) x18 0x00000000
core   0: 0x80002b88 (0x006264b3) or      s1, tp, t1
core   0: 3 0x80002b88 (0x006264b3) x 9 0x00000000
core   0: 0x80002b8c (0x6cd76e93) ori     t4, a4, 1741
core   0: 3 0x80002b8c (0x6cd76e93) x29 0x80028eed
core   0: 0x80002b90 (0xb93d0a83) lb      s5, -1133(s10)
core   0: 3 0x80002b90 (0xb93d0a83) x21 0x00000000 mem 0x8001356f
core   0: 0x80002b94 (0xb0c2a293) slti    t0, t0, -1268
core   0: 3 0x80002b94 (0xb0c2a293) x 5 0x00000000
core   0: 0x80002b98 (0x00b08b33) add     s6, ra, a1
core   0: 3 0x80002b98 (0x00b08b33) x22 0x8002cce4
core   0: 0x80002b9c (0x239d0c83) lb      s9, 569(s10)
core   0: 3 0x80002b9c (0x239d0c83) x25 0x00000000 mem 0x80013c15
core   0: 0x80002ba0 (0x0e9d4683) lbu     a3, 233(s10)
core   0: 3 0x80002ba0 (0x0e9d4683) x13 0x00000000 mem 0x80013ac5
core   0: 0x80002ba4 (0x03039833) mulh    a6, t2, a6
core   0: 3 0x80002ba4 (0x03039833) x16 0x00000000
core   0: 0x80002ba8 (0x00008f81) c.sub   a5, s0
core   0: 3 0x80002ba8 (0x8f81) x15 0x00000092
core   0: 0x80002baa (0xbe0d0d83) lb      s11, -1056(s10)
core   0: 3 0x80002baa (0xbe0d0d83) x27 0x00000000 mem 0x800135bc
core   0: 0x80002bae (0x00000001) c.nop
core   0: 3 0x80002bae (0x0001)
core   0: 0x80002bb0 (0x20fd2c23) sw      a5, 536(s10)
core   0: 3 0x80002bb0 (0x20fd2c23) mem 0x80013bf4 0x00000092
core   0: 0x80002bb4 (0x467c3793) sltiu   a5, s8, 1127
core   0: 3 0x80002bb4 (0x467c3793) x15 0x00000001
core   0: 0x80002bb8 (0x0000810d) c.srli  a0, 3
core   0: 3 0x80002bb8 (0x810d) x10 0x00000000
core   0: 0x80002bba (0x00008d1d) c.sub   a0, a5
core   0: 3 0x80002bba (0x8d1d) x10 0xffffffff
core   0: 0x80002bbc (0x36fd4b83) lbu     s7, 879(s10)
core   0: 3 0x80002bbc (0x36fd4b83) x23 0x00000000 mem 0x80013d4b
core   0: 0x80002bc0 (0x31ad5603) lhu     a2, 794(s10)
core   0: 3 0x80002bc0 (0x31ad5603) x12 0x00000000 mem 0x80013cf6
core   0: 0x80002bc4 (0x01072b33) slt     s6, a4, a6
core   0: 3 0x80002bc4 (0x01072b33) x22 0x00000001
core   0: 0x80002bc8 (0xc37d4d83) lbu     s11, -969(s10)
core   0: 3 0x80002bc8 (0xc37d4d83) x27 0x00000000 mem 0x80013613
core   0: 0x80002bcc (0xd02d0803) lb      a6, -766(s10)
core   0: 3 0x80002bcc (0xd02d0803) x16 0x00000000 mem 0x800136de
core   0: 0x80002bd0 (0x00011e17) auipc   t3, 0x11
core   0: 3 0x80002bd0 (0x00011e17) x28 0x80013bd0
core   0: 0x80002bd4 (0xebce0e13) addi    t3, t3, -324
core   0: 3 0x80002bd4 (0xebce0e13) x28 0x80013a8c
core   0: 0x80002bd8 (0x01ce2903) lw      s2, 28(t3)
core   0: 3 0x80002bd8 (0x01ce2903) x18 0x00000000 mem 0x80013aa8
core   0: 0x80002bdc (0x02a3b933) mulhu   s2, t2, a0
core   0: 3 0x80002bdc (0x02a3b933) x18 0x00000000
core   0: 0x80002be0 (0x019e0e23) sb      s9, 28(t3)
core   0: 3 0x80002be0 (0x019e0e23) mem 0x80013aa8 0x0
core   0: 0x80002be4 (0x01ce2f83) lw      t6, 28(t3)
core   0: 3 0x80002be4 (0x01ce2f83) x31 0x00000000 mem 0x80013aa8
core   0: 0x80002be8 (0x01ce1a83) lh      s5, 28(t3)
core   0: 3 0x80002be8 (0x01ce1a83) x21 0x00000000 mem 0x80013aa8
core   0: 0x80002bec (0x01ce2503) lw      a0, 28(t3)
core   0: 3 0x80002bec (0x01ce2503) x10 0x00000000 mem 0x80013aa8
core   0: 0x80002bf0 (0x01ce4783) lbu     a5, 28(t3)
core   0: 3 0x80002bf0 (0x01ce4783) x15 0x00000000 mem 0x80013aa8
core   0: 0x80002bf4 (0x015e2e23) sw      s5, 28(t3)
core   0: 3 0x80002bf4 (0x015e2e23) mem 0x80013aa8 0x00000000
core   0: 0x80002bf8 (0x009e2e23) sw      s1, 28(t3)
core   0: 3 0x80002bf8 (0x009e2e23) mem 0x80013aa8 0x00000000
core   0: 0x80002bfc (0x01ce4a03) lbu     s4, 28(t3)
core   0: 3 0x80002bfc (0x01ce4a03) x20 0x00000000 mem 0x80013aa8
core   0: 0x80002c00 (0x01ce5603) lhu     a2, 28(t3)
core   0: 3 0x80002c00 (0x01ce5603) x12 0x00000000 mem 0x80013aa8
core   0: 0x80002c04 (0x00011c97) auipc   s9, 0x11
core   0: 3 0x80002c04 (0x00011c97) x25 0x80013c04
core   0: 0x80002c08 (0xae3c8c93) addi    s9, s9, -1309
core   0: 3 0x80002c08 (0xae3c8c93) x25 0x800136e7
core   0: 0x80002c0c (0x2ebc8923) sb      a1, 754(s9)
core   0: 3 0x80002c0c (0x2ebc8923) mem 0x800139d9 0xe4
core   0: 0x80002c10 (0x00ef12b3) sll     t0, t5, a4
core   0: 3 0x80002c10 (0x00ef12b3) x 5 0x00000000
core   0: 0x80002c14 (0x461c93a3) sh      ra, 1127(s9)
core   0: 3 0x80002c14 (0x461c93a3) mem 0x80013b4e 0x0000
core   0: 0x80002c18 (0x8325ee13) ori     t3, a1, -1998
core   0: 3 0x80002c18 (0x8325ee13) x28 0xfffffcf6
core   0: 0x80002c1c (0x035f1b33) mulh    s6, t5, s5
core   0: 3 0x80002c1c (0x035f1b33) x22 0x00000000
core   0: 0x80002c20 (0xea3c8923) sb      gp, -334(s9)
core   0: 3 0x80002c20 (0xea3c8923) mem 0x80013599 0x0
core   0: 0x80002c24 (0x0377c633) div     a2, a5, s7
core   0: 3 0x80002c24 (0x0377c633) x12 0xffffffff
core   0: 0x80002c28 (0xf39aaa93) slti    s5, s5, -199
core   0: 3 0x80002c28 (0xf39aaa93) x21 0x00000000
core   0: 0x80002c2c (0xa5507317) auipc   t1, 0xa5507
core   0: 3 0x80002c2c (0xa5507317) x 6 0x25509c2c
core   0: 0x80002c30 (0x406dd933) sra     s2, s11, t1
core   0: 3 0x80002c30 (0x406dd933) x18 0x00000000
core   0: 0x80002c34 (0x00008d2d) c.xor   a0, a1
core   0: 3 0x80002c34 (0x8d2d) x10 0x8002cce4
core   0: 0x80002c36 (0x0098b833) sltu    a6, a7, s1
core   0: 3 0x80002c36 (0x0098b833) x16 0x00000000
core   0: 0x80002c3a (0x00008529) c.srai  a0, 10
core   0: 3 0x80002c3a (0x8529) x10 0xffe000b3
core   0: 0x80002c3c (0x01e6abb3) slt     s7, a3, t5
core   0: 3 0x80002c3c (0x01e6abb3) x23 0x00000000
core   0: 0x80002c40 (0x04cfcb93) xori    s7, t6, 76
core   0: 3 0x80002c40 (0x04cfcb93) x23 0x0000004c
core   0: 0x80002c44 (0x41ccd633) sra     a2, s9, t3
core   0: 3 0x80002c44 (0x41ccd633) x12 0xfffffe00
core   0: 0x80002c48 (0xe4dca203) lw      tp, -435(s9)
core   0: 3 0x80002c48 (0xe4dca203) x 4 0x00000000 mem 0x80013534
core   0: 0x80002c4c (0x41fc5193) srai    gp, s8, 31
core   0: 3 0x80002c4c (0x41fc5193) x 3 0x00000000
core   0: 0x80002c50 (0x795c8b23) sb      s5, 1942(s9)
core   0: 3 0x80002c50 (0x795c8b23) mem 0x80013e7d 0x0
core   0: 0x80002c54 (0x00000ad1) c.addi  s5, 20
core   0: 3 0x80002c54 (0x0ad1) x21 0x00000014
core   0: 0x80002c56 (0x00008cb9) c.xor   s1, a4
core   0: 3 0x80002c56 (0x8cb9) x 9 0x80028e64
core   0: 0x80002c58 (0x01c40a33) add     s4, s0, t3
core   0: 3 0x80002c58 (0x01c40a33) x20 0xfffffcad
core   0: 0x80002c5c (0x01bd88b3) add     a7, s11, s11
core   0: 3 0x80002c5c (0x01bd88b3) x17 0x00000000
core   0: 0x80002c60 (0x00bc2633) slt     a2, s8, a1
core   0: 3 0x80002c60 (0x00bc2633) x12 0x00000000
core   0: 0x80002c64 (0x96bc97a3) sh      a1, -1681(s9)
core   0: 3 0x80002c64 (0x96bc97a3) mem 0x80013056 0xcce4
core   0: 0x80002c68 (0x5bec8e23) sb      t5, 1468(s9)
core   0: 3 0x80002c68 (0x5bec8e23) mem 0x80013ca3 0x0
core   0: 0x80002c6c (0x0000157d) c.addi  a0, -1
core   0: 3 0x80002c6c (0x157d) x10 0xffe000b2
core   0: 0x80002c6e (0xa50c8c23) sb      a6, -1448(s9)
core   0: 3 0x80002c6e (0xa50c8c23) mem 0x8001313f 0x0
core   0: 0x80002c72 (0x6cfc8a03) lb      s4, 1743(s9)
core   0: 3 0x80002c72 (0x6cfc8a03) x20 0x00000000 mem 0x80013db6
core   0: 0x80002c76 (0x03c35eb3) divu    t4, t1, t3
core   0: 3 0x80002c76 (0x03c35eb3) x29 0x00000000
core   0: 0x80002c7a (0x00539333) sll     t1, t2, t0
core   0: 3 0x80002c7a (0x00539333) x 6 0x00000000
core   0: 0x80002c7e (0x00a96433) or      s0, s2, a0
core   0: 3 0x80002c7e (0x00a96433) x 8 0xffe000b2
core   0: 0x80002c82 (0x02b0c333) div     t1, ra, a1
core   0: 3 0x80002c82 (0x02b0c333) x 6 0x00000000
core   0: 0x80002c86 (0x42bc8083) lb      ra, 1067(s9)
core   0: 3 0x80002c86 (0x42bc8083) x 1 0x00000000 mem 0x80013b12
core   0: 0x80002c8a (0x00000276) c.slli  tp, 29
core   0: 3 0x80002c8a (0x0276) x 4 0x00000000
core   0: 0x80002c8c (0x94810393) addi    t2, sp, -1720
core   0: 3 0x80002c8c (0x94810393) x 7 0xfffff948
core   0: 0x80002c90 (0x07accd03) lbu     s10, 122(s9)
core   0: 3 0x80002c90 (0x07accd03) x26 0x00000000 mem 0x80013761
core   0: 0x80002c94 (0x0376d8b3) divu    a7, a3, s7
core   0: 3 0x80002c94 (0x0376d8b3) x17 0x00000000
core   0: 0x80002c98 (0xa03c86a3) sb      gp, -1523(s9)
core   0: 3 0x80002c98 (0xa03c86a3) mem 0x800130f4 0x0
core   0: 0x80002c9c (0x0001a117) auipc   sp, 0x1a
core   0: 3 0x80002c9c (0x0001a117) x 2 0x8001cc9c
core   0: 0x80002ca0 (0x23c10113) addi    sp, sp, 572
core   0: 3 0x80002ca0 (0x23c10113) x 2 0x8001ced8
core   0: 0x80002ca4 (0x00000001) c.nop
core   0: 3 0x80002ca4 (0x0001)
core   0: 0x80002ca6 (0x00229513) slli    a0, t0, 2
core   0: 3 0x80002ca6 (0x00229513) x10 0x00000000
core   0: 0x80002caa (0x3371f193) andi    gp, gp, 823
core   0: 3 0x80002caa (0x3371f193) x 3 0x00000000
core   0: 0x80002cae (0x0283c0b3) div     ra, t2, s0
core   0: 3 0x80002cae (0x0283c0b3) x 1 0x00000000
core   0: 0x80002cb2 (0x65012b13) slti    s6, sp, 1616
core   0: 3 0x80002cb2 (0x65012b13) x22 0x00000001
core   0: 0x80002cb6 (0x09510623) sb      s5, 140(sp)
core   0: 3 0x80002cb6 (0x09510623) mem 0x8001cf64 0x14
core   0: 0x80002cba (0xf4a12e23) sw      a0, -164(sp)
core   0: 3 0x80002cba (0xf4a12e23) mem 0x8001ce34 0x00000000
core   0: 0x80002cbe (0x0f110003) lb      zero, 241(sp)
core   0: 3 0x80002cbe (0x0f110003) mem 0x8001cfc9
core   0: 0x80002cc2 (0x00711413) slli    s0, sp, 7
core   0: 3 0x80002cc2 (0x00711413) x 8 0x00e76c00
core   0: 0x80002cc6 (0xfe815403) lhu     s0, -24(sp)
core   0: 3 0x80002cc6 (0xfe815403) x 8 0x00000000 mem 0x8001cec0
core   0: 0x80002cca (0x023df8b3) remu    a7, s11, gp
core   0: 3 0x80002cca (0x023df8b3) x17 0x00000000
core   0: 0x80002cce (0x0ff0000f) fence   iorw,iorw
core   0: 3 0x80002cce (0x0ff0000f)
core   0: 0x80002cd2 (0x036a60b3) rem     ra, s4, s6
core   0: 3 0x80002cd2 (0x036a60b3) x 1 0x00000000
core   0: 0x80002cd6 (0xf5910f83) lb      t6, -167(sp)
core   0: 3 0x80002cd6 (0xf5910f83) x31 0x00000000 mem 0x8001ce31
core   0: 0x80002cda (0x05c109a3) sb      t3, 83(sp)
core   0: 3 0x80002cda (0x05c109a3) mem 0x8001cf2b 0xf6
core   0: 0x80002cde (0x0000c49e) c.swsp  t2, 72(sp)
core   0: 3 0x80002cde (0xc49e) mem 0x8001cf20 0xfffff948
core   0: 0x80002ce0 (0x00008dda) c.mv    s11, s6
core   0: 3 0x80002ce0 (0x8dda) x27 0x00000001
core   0: 0x80002ce2 (0x00719093) slli    ra, gp, 7
core   0: 3 0x80002ce2 (0x00719093) x 1 0x00000000
core   0: 0x80002ce6 (0x0000527d) c.li    tp, -1
core   0: 3 0x80002ce6 (0x527d) x 4 0xffffffff
core   0: 0x80002ce8 (0xf8e14483) lbu     s1, -114(sp)
core   0: 3 0x80002ce8 (0xf8e14483) x 9 0x00000000 mem 0x8001ce66
core   0: 0x80002cec (0x0fa11e83) lh      t4, 250(sp)
core   0: 3 0x80002cec (0x0fa11e83) x29 0x00000000 mem 0x8001cfd2
core   0: 0x80002cf0 (0xfbb10803) lb      a6, -69(sp)
core   0: 3 0x80002cf0 (0xfbb10803) x16 0x00000000 mem 0x8001ce93
core   0: 0x80002cf4 (0x019fd0b3) srl     ra, t6, s9
core   0: 3 0x80002cf4 (0x019fd0b3) x 1 0x00000000
core   0: 0x80002cf8 (0x00008d61) c.and   a0, s0
core   0: 3 0x80002cf8 (0x8d61) x10 0x00000000
core   0: 0x80002cfa (0x00329993) slli    s3, t0, 3
core   0: 3 0x80002cfa (0x00329993) x19 0x00000000
core   0: 0x80002cfe (0x000098ea) c.add   a7, s10
core   0: 3 0x80002cfe (0x98ea) x17 0x00000000
core   0: 0x80002d00 (0x01225fb3) srl     t6, tp, s2
core   0: 3 0x80002d00 (0x01225fb3) x31 0xffffffff
core   0: 0x80002d04 (0x01dca933) slt     s2, s9, t4
core   0: 3 0x80002d04 (0x01dca933) x18 0x00000001
core   0: 0x80002d08 (0x00000001) c.nop
core   0: 3 0x80002d08 (0x0001)
core   0: 0x80002d0a (0x0000dbca) c.swsp  s2, 244(sp)
core   0: 3 0x80002d0a (0xdbca) mem 0x8001cfcc 0x00000001
core   0: 0x80002d0c (0xf7011123) sh      a6, -158(sp)
core   0: 3 0x80002d0c (0xf7011123) mem 0x8001ce3a 0x0000
core   0: 0x80002d10 (0x0000824d) c.srli  a2, 19
core   0: 3 0x80002d10 (0x824d) x12 0x00000000
core   0: 0x80002d12 (0xf1314203) lbu     tp, -237(sp)
core   0: 3 0x80002d12 (0xf1314203) x 4 0x00000000 mem 0x8001cdeb
core   0: 0x80002d16 (0xf4d14903) lbu     s2, -179(sp)
core   0: 3 0x80002d16 (0xf4d14903) x18 0x00000000 mem 0x8001ce25
core   0: 0x80002d1a (0xf2c14603) lbu     a2, -212(sp)
core   0: 3 0x80002d1a (0xf2c14603) x12 0x00000000 mem 0x8001ce04
core   0: 0x80002d1e (0x00008bcd) c.andi  a5, 19
core   0: 3 0x80002d1e (0x8bcd) x15 0x00000000
core   0: 0x80002d20 (0x09211483) lh      s1, 146(sp)
core   0: 3 0x80002d20 (0x09211483) x 9 0x00000000 mem 0x8001cf6a
core   0: 0x80002d24 (0x0000d466) c.swsp  s9, 40(sp)
core   0: 3 0x80002d24 (0xd466) mem 0x8001cf00 0x800136e7
core   0: 0x80002d26 (0x000049f2) c.lwsp  s3, 28(sp)
core   0: 3 0x80002d26 (0x49f2) x19 0x00000000 mem 0x8001cef4
core   0: 0x80002d28 (0x0be10483) lb      s1, 190(sp)
core   0: 3 0x80002d28 (0x0be10483) x 9 0x00000000 mem 0x8001cf96
core   0: 0x80002d2c (0xf9910423) sb      s9, -120(sp)
core   0: 3 0x80002d2c (0xf9910423) mem 0x8001ce60 0xe7
core   0: 0x80002d30 (0x02611783) lh      a5, 38(sp)
core   0: 3 0x80002d30 (0x02611783) x15 0x00000000 mem 0x8001cefe
core   0: 0x80002d34 (0x00005946) c.lwsp  s2, 112(sp)
core   0: 3 0x80002d34 (0x5946) x18 0x00000000 mem 0x8001cf48
core   0: 0x80002d36 (0x0319a033) mulhsu  zero, s3, a7
core   0: 3 0x80002d36 (0x0319a033)
core   0: 0x80002d3a (0xfc7105a3) sb      t2, -53(sp)
core   0: 3 0x80002d3a (0xfc7105a3) mem 0x8001cea3 0x48
core   0: 0x80002d3e (0x06e0b093) sltiu   ra, ra, 110
core   0: 3 0x80002d3e (0x06e0b093) x 1 0x00000001
core   0: 0x80002d42 (0x09314e83) lbu     t4, 147(sp)
core   0: 3 0x80002d42 (0x09314e83) x29 0x00000000 mem 0x8001cf6b
core   0: 0x80002d46 (0xfc910283) lb      t0, -55(sp)
core   0: 3 0x80002d46 (0xfc910283) x 5 0x00000000 mem 0x8001cea1
core   0: 0x80002d4a (0xf4030c93) addi    s9, t1, -192
core   0: 3 0x80002d4a (0xf4030c93) x25 0xffffff40
core   0: 0x80002d4e (0x004e87b3) add     a5, t4, tp
core   0: 3 0x80002d4e (0x004e87b3) x15 0x00000000
core   0: 0x80002d52 (0x65d8a913) slti    s2, a7, 1629
core   0: 3 0x80002d52 (0x65d8a913) x18 0x00000001
core   0: 0x80002d56 (0x0c814183) lbu     gp, 200(sp)
core   0: 3 0x80002d56 (0x0c814183) x 3 0x00000000 mem 0x8001cfa0
core   0: 0x80002d5a (0xf3714d83) lbu     s11, -201(sp)
core   0: 3 0x80002d5a (0xf3714d83) x27 0x00000000 mem 0x8001ce0f
core   0: 0x80002d5e (0x54c477b7) lui     a5, 0x54c47
core   0: 3 0x80002d5e (0x54c477b7) x15 0x54c47000
core   0: 0x80002d62 (0x0000100f) fence.i
core   0: 3 0x80002d62 (0x0000100f)
core   0: 0x80002d66 (0x03ead2b3) divu    t0, s5, t5
core   0: 3 0x80002d66 (0x03ead2b3) x 5 0x00000000
core   0: 0x80002d6a (0xfc011403) lh      s0, -64(sp)
core   0: 3 0x80002d6a (0xfc011403) x 8 0x00000000 mem 0x8001ce98
core   0: 0x80002d6e (0x0001b817) auipc   a6, 0x1b
core   0: 3 0x80002d6e (0x0001b817) x16 0x8001dd6e
core   0: 0x80002d72 (0x5f380813) addi    a6, a6, 1523
core   0: 3 0x80002d72 (0x5f380813) x16 0x8001e361
core   0: 0x80002d76 (0xffc80e03) lb      t3, -4(a6)
core   0: 3 0x80002d76 (0xffc80e03) x28 0x00000000 mem 0x8001e35d
core   0: 0x80002d7a (0x00e84d83) lbu     s11, 14(a6)
core   0: 3 0x80002d7a (0x00e84d83) x27 0x00000000 mem 0x8001e36f
core   0: 0x80002d7e (0x00e84503) lbu     a0, 14(a6)
core   0: 3 0x80002d7e (0x00e84503) x10 0x00000000 mem 0x8001e36f
core   0: 0x80002d82 (0x01280723) sb      s2, 14(a6)
core   0: 3 0x80002d82 (0x01280723) mem 0x8001e36f 0x1
core   0: 0x80002d86 (0x00e80b03) lb      s6, 14(a6)
core   0: 3 0x80002d86 (0x00e80b03) x22 0x00000001 mem 0x8001e36f
core   0: 0x80002d8a (0x00580723) sb      t0, 14(a6)
core   0: 3 0x80002d8a (0x00580723) mem 0x8001e36f 0x0
core   0: 0x80002d8e (0x00e80a03) lb      s4, 14(a6)
core   0: 3 0x80002d8e (0x00e80a03) x20 0x00000000 mem 0x8001e36f
core   0: 0x80002d92 (0x00e80723) sb      a4, 14(a6)
core   0: 3 0x80002d92 (0x00e80723) mem 0x8001e36f 0x64
core   0: 0x80002d96 (0x01a80723) sb      s10, 14(a6)
core   0: 3 0x80002d96 (0x01a80723) mem 0x8001e36f 0x0
core   0: 0x80002d9a (0xff684603) lbu     a2, -10(a6)
core   0: 3 0x80002d9a (0xff684603) x12 0x00000000 mem 0x8001e357
core   0: 0x80002d9e (0xff684203) lbu     tp, -10(a6)
core   0: 3 0x80002d9e (0xff684203) x 4 0x00000000 mem 0x8001e357
core   0: 0x80002da2 (0x00005c7d) c.li    s8, -1
core   0: 3 0x80002da2 (0x5c7d) x24 0xffffffff
core   0: 0x80002da4 (0xff381a03) lh      s4, -13(a6)
core   0: 3 0x80002da4 (0xff381a03) x20 0x00000000 mem 0x8001e354
core   0: 0x80002da8 (0xff480083) lb      ra, -12(a6)
core   0: 3 0x80002da8 (0xff480083) x 1 0x00000000 mem 0x8001e355
core   0: 0x80002dac (0x02fe1d33) mulh    s10, t3, a5
core   0: 3 0x80002dac (0x02fe1d33) x26 0x00000000
core   0: 0x80002db0 (0xfea80a23) sb      a0, -12(a6)
core   0: 3 0x80002db0 (0xfea80a23) mem 0x8001e355 0x0
core   0: 0x80002db4 (0x0001c117) auipc   sp, 0x1c
core   0: 3 0x80002db4 (0x0001c117) x 2 0x8001edb4
core   0: 0x80002db8 (0x34d10113) addi    sp, sp, 845
core   0: 3 0x80002db8 (0x34d10113) x 2 0x8001f101
core   0: 0x80002dbc (0xf9312403) lw      s0, -109(sp)
core   0: 3 0x80002dbc (0xf9312403) x 8 0x00000000 mem 0x8001f094
core   0: 0x80002dc0 (0xf9310303) lb      t1, -109(sp)
core   0: 3 0x80002dc0 (0xf9310303) x 6 0x00000000 mem 0x8001f094
core   0: 0x80002dc4 (0x414f0db3) sub     s11, t5, s4
core   0: 3 0x80002dc4 (0x414f0db3) x27 0x80000000
core   0: 0x80002dc8 (0x05510183) lb      gp, 85(sp)
core   0: 3 0x80002dc8 (0x05510183) x 3 0x00000000 mem 0x8001f156
core   0: 0x80002dcc (0x05511183) lh      gp, 85(sp)
core   0: 3 0x80002dcc (0x05511183) x 3 0x00000000 mem 0x8001f156
core   0: 0x80002dd0 (0x05511603) lh      a2, 85(sp)
core   0: 3 0x80002dd0 (0x05511603) x12 0x00000000 mem 0x8001f156
core   0: 0x80002dd4 (0x05514f83) lbu     t6, 85(sp)
core   0: 3 0x80002dd4 (0x05514f83) x31 0x00000000 mem 0x8001f156
core   0: 0x80002dd8 (0x05510783) lb      a5, 85(sp)
core   0: 3 0x80002dd8 (0x05510783) x15 0x00000000 mem 0x8001f156
core   0: 0x80002ddc (0x05514803) lbu     a6, 85(sp)
core   0: 3 0x80002ddc (0x05514803) x16 0x00000000 mem 0x8001f156
core   0: 0x80002de0 (0x07d14983) lbu     s3, 125(sp)
core   0: 3 0x80002de0 (0x07d14983) x19 0x00000000 mem 0x8001f17e
core   0: 0x80002de4 (0x07d15c83) lhu     s9, 125(sp)
core   0: 3 0x80002de4 (0x07d15c83) x25 0x00000000 mem 0x8001f17e
core   0: 0x80002de8 (0x000069dd) c.lui   s3, 0x17
core   0: 3 0x80002de8 (0x69dd) x19 0x00017000
core   0: 0x80002dea (0x07110ea3) sb      a7, 125(sp)
core   0: 3 0x80002dea (0x07110ea3) mem 0x8001f17e 0x0
core   0: 0x80002dee (0x07d15383) lhu     t2, 125(sp)
core   0: 3 0x80002dee (0x07d15383) x 7 0x00000000 mem 0x8001f17e
core   0: 0x80002df2 (0x0000969a) c.add   a3, t1
core   0: 3 0x80002df2 (0x969a) x13 0x00000000
core   0: 0x80002df4 (0x07d11983) lh      s3, 125(sp)
core   0: 3 0x80002df4 (0x07d11983) x19 0x00000000 mem 0x8001f17e
core   0: 0x80002df8 (0x07d14f83) lbu     t6, 125(sp)
core   0: 3 0x80002df8 (0x07d14f83) x31 0x00000000 mem 0x8001f17e
core   0: 0x80002dfc (0xc7834d37) lui     s10, 0xc7834
core   0: 3 0x80002dfc (0xc7834d37) x26 0xc7834000
core   0: 0x80002e00 (0x06511ea3) sh      t0, 125(sp)
core   0: 3 0x80002e00 (0x06511ea3) mem 0x8001f17e 0x0000
core   0: 0x80002e04 (0x06610ea3) sb      t1, 125(sp)
core   0: 3 0x80002e04 (0x06610ea3) mem 0x8001f17e 0x0
core   0: 0x80002e08 (0x07d14c03) lbu     s8, 125(sp)
core   0: 3 0x80002e08 (0x07d14c03) x24 0x00000000 mem 0x8001f17e
core   0: 0x80002e0c (0x07e10ea3) sb      t5, 125(sp)
core   0: 3 0x80002e0c (0x07e10ea3) mem 0x8001f17e 0x0
core   0: 0x80002e10 (0x00008059) c.srli  s0, 22
core   0: 3 0x80002e10 (0x8059) x 8 0x00000000
core   0: 0x80002e12 (0x07d15783) lhu     a5, 125(sp)
core   0: 3 0x80002e12 (0x07d15783) x15 0x00000000 mem 0x8001f17e
core   0: 0x80002e16 (0x00010117) auipc   sp, 0x10
core   0: 3 0x80002e16 (0x00010117) x 2 0x80012e16
core   0: 0x80002e1a (0x41a10113) addi    sp, sp, 1050
core   0: 3 0x80002e1a (0x41a10113) x 2 0x80013230
core   0: 0x80002e1e (0x4fb10003) lb      zero, 1275(sp)
core   0: 3 0x80002e1e (0x4fb10003) mem 0x8001372b
core   0: 0x80002e22 (0x0ca10083) lb      ra, 202(sp)
core   0: 3 0x80002e22 (0x0ca10083) x 1 0x00000000 mem 0x800132fa
core   0: 0x80002e26 (0x0ff0000f) fence   iorw,iorw
core   0: 3 0x80002e26 (0x0ff0000f)
core   0: 0x80002e2a (0x13615483) lhu     s1, 310(sp)
core   0: 3 0x80002e2a (0x13615483) x 9 0x00000000 mem 0x80013366
core   0: 0x80002e2e (0x022361b3) rem     gp, t1, sp
core   0: 3 0x80002e2e (0x022361b3) x 3 0x00000000
core   0: 0x80002e32 (0x00008d09) c.sub   a0, a0
core   0: 3 0x80002e32 (0x8d09) x10 0x00000000
core   0: 0x80002e34 (0x8df80617) auipc   a2, 0x8df80
core   0: 3 0x80002e34 (0x8df80617) x12 0x0df82e34
core   0: 0x80002e38 (0x45911023) sh      s9, 1088(sp)
core   0: 3 0x80002e38 (0x45911023) mem 0x80013670 0x0000
core   0: 0x80002e3c (0x000003e5) c.addi  t2, 25
core   0: 3 0x80002e3c (0x03e5) x 7 0x00000019
core   0: 0x80002e3e (0x68211f83) lh      t6, 1666(sp)
core   0: 3 0x80002e3e (0x68211f83) x31 0x00000000 mem 0x800138b2
core   0: 0x80002e42 (0x41cc59b3) sra     s3, s8, t3
core   0: 3 0x80002e42 (0x41cc59b3) x19 0x00000000
core   0: 0x80002e46 (0x00bf58b3) srl     a7, t5, a1
core   0: 3 0x80002e46 (0x00bf58b3) x17 0x08000000
core   0: 0x80002e4a (0x35111b23) sh      a7, 854(sp)
core   0: 3 0x80002e4a (0x35111b23) mem 0x80013586 0x0000
core   0: 0x80002e4e (0xf8452d13) slti    s10, a0, -124
core   0: 3 0x80002e4e (0xf8452d13) x26 0x00000000
core   0: 0x80002e52 (0x1a90fd93) andi    s11, ra, 425
core   0: 3 0x80002e52 (0x1a90fd93) x27 0x00000000
core   0: 0x80002e56 (0x0ff0000f) fence   iorw,iorw
core   0: 3 0x80002e56 (0x0ff0000f)
core   0: 0x80002e5a (0x6bc3c693) xori    a3, t2, 1724
core   0: 3 0x80002e5a (0x6bc3c693) x13 0x000006a5
core   0: 0x80002e5e (0x56810623) sb      s0, 1388(sp)
core   0: 3 0x80002e5e (0x56810623) mem 0x8001379c 0x0
core   0: 0x80002e62 (0x3ae103a3) sb      a4, 935(sp)
core   0: 3 0x80002e62 (0x3ae103a3) mem 0x800135d7 0x64
core   0: 0x80002e66 (0x4b414683) lbu     a3, 1204(sp)
core   0: 3 0x80002e66 (0x4b414683) x13 0x00000000 mem 0x800136e4
core   0: 0x80002e6a (0x022393b3) mulh    t2, t2, sp
core   0: 3 0x80002e6a (0x022393b3) x 7 0xfffffff3
core   0: 0x80002e6e (0x56f11b23) sh      a5, 1398(sp)
core   0: 3 0x80002e6e (0x56f11b23) mem 0x800137a6 0x0000
core   0: 0x80002e72 (0x000098fe) c.add   a7, t6
core   0: 3 0x80002e72 (0x98fe) x17 0x08000000
core   0: 0x80002e74 (0x450f8617) auipc   a2, 0x450f8
core   0: 3 0x80002e74 (0x450f8617) x12 0xc50fae74
core   0: 0x80002e78 (0x01b10c03) lb      s8, 27(sp)
core   0: 3 0x80002e78 (0x01b10c03) x24 0x00000000 mem 0x8001324b
core   0: 0x80002e7c (0x05d10f83) lb      t6, 93(sp)
core   0: 3 0x80002e7c (0x05d10f83) x31 0x00000000 mem 0x8001328d
core   0: 0x80002e80 (0x00010817) auipc   a6, 0x10
core   0: 3 0x80002e80 (0x00010817) x16 0x80012e80
core   0: 0x80002e84 (0x4f280813) addi    a6, a6, 1266
core   0: 3 0x80002e84 (0x4f280813) x16 0x80013372
core   0: 0x80002e88 (0x00011617) auipc   a2, 0x11
core   0: 3 0x80002e88 (0x00011617) x12 0x80013e88
core   0: 0x80002e8c (0x09860613) addi    a2, a2, 152
core   0: 3 0x80002e8c (0x09860613) x12 0x80013f20
core   0: 0x80002e90 (0x00010917) auipc   s2, 0x10
core   0: 3 0x80002e90 (0x00010917) x18 0x80012e90
core   0: 0x80002e94 (0x35f90913) addi    s2, s2, 863
core   0: 3 0x80002e94 (0x35f90913) x18 0x800131ef
core   0: 0x80002e98 (0x00010e97) auipc   t4, 0x10
core   0: 3 0x80002e98 (0x00010e97) x29 0x80012e98
core   0: 0x80002e9c (0x23de8e93) addi    t4, t4, 573
core   0: 3 0x80002e9c (0x23de8e93) x29 0x800130d5
core   0: 0x80002ea0 (0xffa90683) lb      a3, -6(s2)
core   0: 3 0x80002ea0 (0xffa90683) x13 0x00000000 mem 0x800131e9
core   0: 0x80002ea4 (0xfed61923) sh      a3, -14(a2)
core   0: 3 0x80002ea4 (0xfed61923) mem 0x80013f12 0x0000
core   0: 0x80002ea8 (0x00010097) auipc   ra, 0x10
core   0: 3 0x80002ea8 (0x00010097) x 1 0x80012ea8
core   0: 0x80002eac (0x51b08093) addi    ra, ra, 1307
core   0: 3 0x80002eac (0x51b08093) x 1 0x800133c3
core   0: 0x80002eb0 (0x0b181223) sh      a7, 164(a6)
core   0: 3 0x80002eb0 (0x0b181223) mem 0x80013416 0x0000
core   0: 0x80002eb4 (0xff862b03) lw      s6, -8(a2)
core   0: 3 0x80002eb4 (0xff862b03) x22 0x00000000 mem 0x80013f18
core   0: 0x80002eb8 (0x3cb0db83) lhu     s7, 971(ra)
core   0: 3 0x80002eb8 (0x3cb0db83) x23 0x00000000 mem 0x8001378e
core   0: 0x80002ebc (0x005912a3) sh      t0, 5(s2)
core   0: 3 0x80002ebc (0x005912a3) mem 0x800131f4 0x0000
core   0: 0x80002ec0 (0x00560f83) lb      t6, 5(a2)
core   0: 3 0x80002ec0 (0x00560f83) x31 0x00000000 mem 0x80013f25
core   0: 0x80002ec4 (0x001ec683) lbu     a3, 1(t4)
core   0: 3 0x80002ec4 (0x001ec683) x13 0x00000000 mem 0x800130d6
core   0: 0x80002ec8 (0x73508d03) lb      s10, 1845(ra)
core   0: 3 0x80002ec8 (0x73508d03) x26 0x00000000 mem 0x80013af8
core   0: 0x80002ecc (0xff462e03) lw      t3, -12(a2)
core   0: 3 0x80002ecc (0xff462e03) x28 0x00000000 mem 0x80013f14
core   0: 0x80002ed0 (0xff391a03) lh      s4, -13(s2)
core   0: 3 0x80002ed0 (0xff391a03) x20 0x00000000 mem 0x800131e2
core   0: 0x80002ed4 (0xff890783) lb      a5, -8(s2)
core   0: 3 0x80002ed4 (0xff890783) x15 0x00000000 mem 0x800131e7
core   0: 0x80002ed8 (0x64e0c003) lbu     zero, 1614(ra)
core   0: 3 0x80002ed8 (0x64e0c003) mem 0x80013a11
core   0: 0x80002edc (0x00661003) lh      zero, 6(a2)
core   0: 3 0x80002edc (0x00661003) mem 0x80013f26
core   0: 0x80002ee0 (0x00192003) lw      zero, 1(s2)
core   0: 3 0x80002ee0 (0x00192003) mem 0x800131f0
core   0: 0x80002ee4 (0x07a82323) sw      s10, 102(a6)
core   0: 3 0x80002ee4 (0x07a82323) mem 0x800133d8 0x00000000
core   0: 0x80002ee8 (0x28b08d23) sb      a1, 666(ra)
core   0: 3 0x80002ee8 (0x28b08d23) mem 0x8001365d 0xe4
core   0: 0x80002eec (0xff690683) lb      a3, -10(s2)
core   0: 3 0x80002eec (0xff690683) x13 0x00000000 mem 0x800131e5
core   0: 0x80002ef0 (0xf920c683) lbu     a3, -110(ra)
core   0: 3 0x80002ef0 (0xf920c683) x13 0x00000000 mem 0x80013355
core   0: 0x80002ef4 (0xf2c81623) sh      a2, -212(a6)
core   0: 3 0x80002ef4 (0xf2c81623) mem 0x8001329e 0x3f20
core   0: 0x80002ef8 (0x0b885a83) lhu     s5, 184(a6)
core   0: 3 0x80002ef8 (0x0b885a83) x21 0x00000000 mem 0x8001342a
core   0: 0x80002efc (0xff594a03) lbu     s4, -11(s2)
core   0: 3 0x80002efc (0xff594a03) x20 0x00000000 mem 0x800131e4
core   0: 0x80002f00 (0xfd384203) lbu     tp, -45(a6)
core   0: 3 0x80002f00 (0xfd384203) x 4 0x00000000 mem 0x80013345
core   0: 0x80002f04 (0xffc94283) lbu     t0, -4(s2)
core   0: 3 0x80002f04 (0xffc94283) x 5 0x00000000 mem 0x800131eb
core   0: 0x80002f08 (0xfffed183) lhu     gp, -1(t4)
core   0: 3 0x80002f08 (0xfffed183) x 3 0x00000000 mem 0x800130d4
core   0: 0x80002f0c (0x00e64c03) lbu     s8, 14(a2)
core   0: 3 0x80002f0c (0x00e64c03) x24 0x00000000 mem 0x80013f2e
core   0: 0x80002f10 (0xf6484383) lbu     t2, -156(a6)
core   0: 3 0x80002f10 (0xf6484383) x 7 0x00000000 mem 0x800132d6
core   0: 0x80002f14 (0x46a08923) sb      a0, 1138(ra)
core   0: 3 0x80002f14 (0x46a08923) mem 0x80013835 0x0
core   0: 0x80002f18 (0x00be8523) sb      a1, 10(t4)
core   0: 3 0x80002f18 (0x00be8523) mem 0x800130df 0xe4
core   0: 0x80002f1c (0x012604a3) sb      s2, 9(a2)
core   0: 3 0x80002f1c (0x012604a3) mem 0x80013f29 0xef
core   0: 0x80002f20 (0xffb90503) lb      a0, -5(s2)
core   0: 3 0x80002f20 (0xffb90503) x10 0x00000000 mem 0x800131ea
core   0: 0x80002f24 (0xffce8503) lb      a0, -4(t4)
core   0: 3 0x80002f24 (0xffce8503) x10 0x00000000 mem 0x800130d1
core   0: 0x80002f28 (0xfe4e80a3) sb      tp, -31(t4)
core   0: 3 0x80002f28 (0xfe4e80a3) mem 0x800130b6 0x0
core   0: 0x80002f2c (0xd9c0aaa3) sw      t3, -619(ra)
core   0: 3 0x80002f2c (0xd9c0aaa3) mem 0x80013158 0x00000000
core   0: 0x80002f30 (0x35e08f23) sb      t5, 862(ra)
core   0: 3 0x80002f30 (0x35e08f23) mem 0x80013721 0x0
core   0: 0x80002f34 (0xe4308a23) sb      gp, -428(ra)
core   0: 3 0x80002f34 (0xe4308a23) mem 0x80013217 0x0
core   0: 0x80002f38 (0x00011917) auipc   s2, 0x11
core   0: 3 0x80002f38 (0x00011917) x18 0x80013f38
core   0: 0x80002f3c (0x00290913) addi    s2, s2, 2
core   0: 3 0x80002f3c (0x00290913) x18 0x80013f3a
core   0: 0x80002f40 (0x01b905a3) sb      s11, 11(s2)
core   0: 3 0x80002f40 (0x01b905a3) mem 0x80013f45 0x0
core   0: 0x80002f44 (0x02785ab3) divu    s5, a6, t2
core   0: 3 0x80002f44 (0x02785ab3) x21 0xffffffff
core   0: 0x80002f48 (0x018905a3) sb      s8, 11(s2)
core   0: 3 0x80002f48 (0x018905a3) mem 0x80013f45 0x0
core   0: 0x80002f4c (0x00df0633) add     a2, t5, a3
core   0: 3 0x80002f4c (0x00df0633) x12 0x80000000
core   0: 0x80002f50 (0x00c95a83) lhu     s5, 12(s2)
core   0: 3 0x80002f50 (0x00c95a83) x21 0x00000000 mem 0x80013f46
core   0: 0x80002f54 (0x00c95003) lhu     zero, 12(s2)
core   0: 3 0x80002f54 (0x00c95003) mem 0x80013f46
core   0: 0x80002f58 (0x00891623) sh      s0, 12(s2)
core   0: 3 0x80002f58 (0x00891623) mem 0x80013f46 0x0000
core   0: 0x80002f5c (0x000e1233) sll     tp, t3, zero
core   0: 3 0x80002f5c (0x000e1233) x 4 0x00000000
core   0: 0x80002f60 (0x00594383) lbu     t2, 5(s2)
core   0: 3 0x80002f60 (0x00594383) x 7 0x00000000 mem 0x80013f3f
core   0: 0x80002f64 (0xff291203) lh      tp, -14(s2)
core   0: 3 0x80002f64 (0xff291203) x 4 0x00000000 mem 0x80013f2c
core   0: 0x80002f68 (0x015f7db3) and     s11, t5, s5
core   0: 3 0x80002f68 (0x015f7db3) x27 0x00000000
core   0: 0x80002f6c (0xff590003) lb      zero, -11(s2)
core   0: 3 0x80002f6c (0xff590003) mem 0x80013f2f
core   0: 0x80002f70 (0xffd90ba3) sb      t4, -9(s2)
core   0: 3 0x80002f70 (0xffd90ba3) mem 0x80013f31 0xd5
core   0: 0x80002f74 (0xff794d83) lbu     s11, -9(s2)
core   0: 3 0x80002f74 (0xff794d83) x27 0x000000d5 mem 0x80013f31
core   0: 0x80002f78 (0xff790a83) lb      s5, -9(s2)
core   0: 3 0x80002f78 (0xff790a83) x21 0xffffffd5 mem 0x80013f31
core   0: 0x80002f7c (0xfe190ba3) sb      ra, -9(s2)
core   0: 3 0x80002f7c (0xfe190ba3) mem 0x80013f31 0xc3
core   0: 0x80002f80 (0x00495503) lhu     a0, 4(s2)
core   0: 3 0x80002f80 (0x00495503) x10 0x00000000 mem 0x80013f3e
core   0: 0x80002f84 (0xffe90aa3) sb      t5, -11(s2)
core   0: 3 0x80002f84 (0xffe90aa3) mem 0x80013f2f 0x0
core   0: 0x80002f88 (0x00000001) c.nop
core   0: 3 0x80002f88 (0x0001)
core   0: 0x80002f8a (0xff691503) lh      a0, -10(s2)
core   0: 3 0x80002f8a (0xff691503) x10 0xffffc300 mem 0x80013f30
core   0: 0x80002f8e (0xff594a83) lbu     s5, -11(s2)
core   0: 3 0x80002f8e (0xff594a83) x21 0x00000000 mem 0x80013f2f
core   0: 0x80002f92 (0xff594983) lbu     s3, -11(s2)
core   0: 3 0x80002f92 (0xff594983) x19 0x00000000 mem 0x80013f2f
core   0: 0x80002f96 (0x0a914337) lui     t1, 0xa914
core   0: 3 0x80002f96 (0x0a914337) x 6 0x0a914000
core   0: 0x80002f9a (0xffd90aa3) sb      t4, -11(s2)
core   0: 3 0x80002f9a (0xffd90aa3) mem 0x80013f2f 0xd5
core   0: 0x80002f9e (0x00011117) auipc   sp, 0x11
core   0: 3 0x80002f9e (0x00011117) x 2 0x80013f9e
core   0: 0x80002fa2 (0xa7210113) addi    sp, sp, -1422
core   0: 3 0x80002fa2 (0xa7210113) x 2 0x80013a10
core   0: 0x80002fa6 (0x01bdfeb3) and     t4, s11, s11
core   0: 3 0x80002fa6 (0x01bdfeb3) x29 0x000000d5
core   0: 0x80002faa (0x00000001) c.nop
core   0: 3 0x80002faa (0x0001)
core   0: 0x80002fac (0x861fca13) xori    s4, t6, -1951
core   0: 3 0x80002fac (0x861fca13) x20 0xfffff861
core   0: 0x80002fb0 (0x01fc7233) and     tp, s8, t6
core   0: 3 0x80002fb0 (0x01fc7233) x 4 0x00000000
core   0: 0x80002fb4 (0x40e589b3) sub     s3, a1, a4
core   0: 3 0x80002fb4 (0x40e589b3) x19 0x00003e80
core   0: 0x80002fb8 (0x3ce10a83) lb      s5, 974(sp)
core   0: 3 0x80002fb8 (0x3ce10a83) x21 0x00000000 mem 0x80013dde
core   0: 0x80002fbc (0x3b6100a3) sb      s6, 929(sp)
core   0: 3 0x80002fbc (0x3b6100a3) mem 0x80013db1 0x0
core   0: 0x80002fc0 (0x0000197d) c.addi  s2, -1
core   0: 3 0x80002fc0 (0x197d) x18 0x80013f39
core   0: 0x80002fc2 (0xded14a03) lbu     s4, -531(sp)
core   0: 3 0x80002fc2 (0xded14a03) x20 0x00000000 mem 0x800137fd
core   0: 0x80002fc6 (0x60a12623) sw      a0, 1548(sp)
core   0: 3 0x80002fc6 (0x60a12623) mem 0x8001401c 0xffffc300
core   0: 0x80002fca (0x0f210f23) sb      s2, 254(sp)
core   0: 3 0x80002fca (0x0f210f23) mem 0x80013b0e 0x39
core   0: 0x80002fce (0x82e103a3) sb      a4, -2009(sp)
core   0: 3 0x80002fce (0x82e103a3) mem 0x80013237 0x64
core   0: 0x80002fd2 (0x1be8cc93) xori    s9, a7, 446
core   0: 3 0x80002fd2 (0x1be8cc93) x25 0x080001be
core   0: 0x80002fd6 (0x02a039b3) mulhu   s3, zero, a0
core   0: 3 0x80002fd6 (0x02a039b3) x19 0x00000000
core   0: 0x80002fda (0x25b4b313) sltiu   t1, s1, 603
core   0: 3 0x80002fda (0x25b4b313) x 6 0x00000001
core   0: 0x80002fde (0x86c14d03) lbu     s10, -1940(sp)
core   0: 3 0x80002fde (0x86c14d03) x26 0x00000000 mem 0x8001327c
core   0: 0x80002fe2 (0x779a0c13) addi    s8, s4, 1913
core   0: 3 0x80002fe2 (0x779a0c13) x24 0x00000779
core   0: 0x80002fe6 (0x99b10c83) lb      s9, -1637(sp)
core   0: 3 0x80002fe6 (0x99b10c83) x25 0x00000000 mem 0x800133ab
core   0: 0x80002fea (0x8a815c83) lhu     s9, -1880(sp)
core   0: 3 0x80002fea (0x8a815c83) x25 0x00000000 mem 0x800132b8
core   0: 0x80002fee (0x02c7d933) divu    s2, a5, a2
core   0: 3 0x80002fee (0x02c7d933) x18 0x00000000
core   0: 0x80002ff2 (0x3d914503) lbu     a0, 985(sp)
core   0: 3 0x80002ff2 (0x3d914503) x10 0x00000000 mem 0x80013de9
core   0: 0x80002ff6 (0x0ed14303) lbu     t1, 237(sp)
core   0: 3 0x80002ff6 (0x0ed14303) x 6 0x00000000 mem 0x80013afd
core   0: 0x80002ffa (0x03eac233) div     tp, s5, t5
core   0: 3 0x80002ffa (0x03eac233) x 4 0x00000000
core   0: 0x80002ffe (0x4184d233) sra     tp, s1, s8
core   0: 3 0x80002ffe (0x4184d233) x 4 0x00000000
core   0: 0x80003002 (0xff514d83) lbu     s11, -11(sp)
core   0: 3 0x80003002 (0xff514d83) x27 0x00000000 mem 0x80013a05
core   0: 0x80003006 (0x8b110ca3) sb      a7, -1863(sp)
core   0: 3 0x80003006 (0x8b110ca3) mem 0x800132c9 0x0
core   0: 0x8000300a (0x00008141) c.srli  a0, 16
core   0: 3 0x8000300a (0x8141) x10 0x00000000
core   0: 0x8000300c (0x01b10a83) lb      s5, 27(sp)
core   0: 3 0x8000300c (0x01b10a83) x21 0x00000000 mem 0x80013a2b
core   0: 0x80003010 (0x00178db3) add     s11, a5, ra
core   0: 3 0x80003010 (0x00178db3) x27 0x800133c3
core   0: 0x80003014 (0xd6a10123) sb      a0, -670(sp)
core   0: 3 0x80003014 (0xd6a10123) mem 0x80013772 0x0
core   0: 0x80003018 (0xb1415f83) lhu     t6, -1260(sp)
core   0: 3 0x80003018 (0xb1415f83) x31 0x00000000 mem 0x80013524
core   0: 0x8000301c (0x3d910803) lb      a6, 985(sp)
core   0: 3 0x8000301c (0x3d910803) x16 0x00000000 mem 0x80013de9
core   0: 0x80003020 (0x85314b03) lbu     s6, -1965(sp)
core   0: 3 0x80003020 (0x85314b03) x22 0x00000000 mem 0x80013263
core   0: 0x80003024 (0xc83103a3) sb      gp, -889(sp)
core   0: 3 0x80003024 (0xc83103a3) mem 0x80013697 0x0
core   0: 0x80003028 (0x00000001) c.nop
core   0: 3 0x80003028 (0x0001)
core   0: 0x8000302a (0x19815183) lhu     gp, 408(sp)
core   0: 3 0x8000302a (0x19815183) x 3 0x00000000 mem 0x80013ba8
core   0: 0x8000302e (0x0000100f) fence.i
core   0: 3 0x8000302e (0x0000100f)
core   0: 0x80003032 (0x42312a23) sw      gp, 1076(sp)
core   0: 3 0x80003032 (0x42312a23) mem 0x80013e44 0x00000000
core   0: 0x80003036 (0x8fd11423) sh      t4, -1816(sp)
core   0: 3 0x80003036 (0x8fd11423) mem 0x800132f8 0x00d5
core   0: 0x8000303a (0xd4414b03) lbu     s6, -700(sp)
core   0: 3 0x8000303a (0xd4414b03) x22 0x00000002 mem 0x80013754
core   0: 0x8000303e (0x000080c6) c.mv    ra, a7
core   0: 3 0x8000303e (0x80c6) x 1 0x08000000
core   0: 0x80003040 (0xa2610a03) lb      s4, -1498(sp)
core   0: 3 0x80003040 (0xa2610a03) x20 0x00000000 mem 0x80013436
core   0: 0x80003044 (0x0000100f) fence.i
core   0: 3 0x80003044 (0x0000100f)
core   0: 0x80003048 (0xbbd10a23) sb      t4, -1100(sp)
core   0: 3 0x80003048 (0xbbd10a23) mem 0x800135c4 0xd5
core   0: 0x8000304c (0xeda14e83) lbu     t4, -294(sp)
core   0: 3 0x8000304c (0xeda14e83) x29 0x00000000 mem 0x800138ea
core   0: 0x80003050 (0x0000100f) fence.i
core   0: 3 0x80003050 (0x0000100f)
core   0: 0x80003054 (0x04b14183) lbu     gp, 75(sp)
core   0: 3 0x80003054 (0x04b14183) x 3 0x00000000 mem 0x80013a5b
core   0: 0x80003058 (0x02525b33) divu    s6, tp, t0
core   0: 3 0x80003058 (0x02525b33) x22 0xffffffff
core   0: 0x8000305c (0x00008c01) c.sub   s0, s0
core   0: 3 0x8000305c (0x8c01) x 8 0x00000000
core   0: 0x8000305e (0x0000ca66) c.swsp  s9, 20(sp)
core   0: 3 0x8000305e (0xca66) mem 0x80013a24 0x00000000
core   0: 0x80003060 (0x0001dc97) auipc   s9, 0x1d
core   0: 3 0x80003060 (0x0001dc97) x25 0x80020060
core   0: 0x80003064 (0x800c8c93) addi    s9, s9, -2048
core   0: 3 0x80003064 (0x800c8c93) x25 0x8001f860
core   0: 0x80003068 (0xca7e6493) ori     s1, t3, -857
core   0: 3 0x80003068 (0xca7e6493) x 9 0xfffffca7
core   0: 0x8000306c (0x0dbca623) sw      s11, 204(s9)
core   0: 3 0x8000306c (0x0dbca623) mem 0x8001f92c 0x800133c3
core   0: 0x80003070 (0x06cc8da3) sb      a2, 123(s9)
core   0: 3 0x80003070 (0x06cc8da3) mem 0x8001f8db 0x0
core   0: 0x80003074 (0xf97c9623) sh      s7, -116(s9)
core   0: 3 0x80003074 (0xf97c9623) mem 0x8001f7ec 0x0000
core   0: 0x80003078 (0x00000bc9) c.addi  s7, 18
core   0: 3 0x80003078 (0x0bc9) x23 0x00000012
core   0: 0x8000307a (0x12f204b7) lui     s1, 0x12f20
core   0: 3 0x8000307a (0x12f204b7) x 9 0x12f20000
core   0: 0x8000307e (0x0000849d) c.srai  s1, 7
core   0: 3 0x8000307e (0x849d) x 9 0x0025e400
core   0: 0x80003080 (0x039cc003) lbu     zero, 57(s9)
core   0: 3 0x80003080 (0x039cc003) mem 0x8001f899
core   0: 0x80003084 (0x00008c51) c.or    s0, a2
core   0: 3 0x80003084 (0x8c51) x 8 0x80000000
core   0: 0x80003086 (0x016d1bb3) sll     s7, s10, s6
core   0: 3 0x80003086 (0x016d1bb3) x23 0x00000000
core   0: 0x8000308a (0xf89c8303) lb      t1, -119(s9)
core   0: 3 0x8000308a (0xf89c8303) x 6 0x00000000 mem 0x8001f7e9
core   0: 0x8000308e (0x038c85a3) sb      s8, 43(s9)
core   0: 3 0x8000308e (0x038c85a3) mem 0x8001f88b 0x79
core   0: 0x80003092 (0x000362b3) or      t0, t1, zero
core   0: 3 0x80003092 (0x000362b3) x 5 0x00000000
core   0: 0x80003096 (0x00008c5d) c.or    s0, a5
core   0: 3 0x80003096 (0x8c5d) x 8 0x80000000
core   0: 0x80003098 (0x035c4c33) div     s8, s8, s5
core   0: 3 0x80003098 (0x035c4c33) x24 0xffffffff
core   0: 0x8000309c (0x000093f2) c.add   t2, t3
core   0: 3 0x8000309c (0x93f2) x 7 0x00000000
core   0: 0x8000309e (0x00008f81) c.sub   a5, s0
core   0: 3 0x8000309e (0x8f81) x15 0x80000000
core   0: 0x800030a0 (0x00006109) c.addi16sp sp, 128
core   0: 3 0x800030a0 (0x6109) x 2 0x80013a90
core   0: 0x800030a2 (0xf60c8ca3) sb      zero, -135(s9)
core   0: 3 0x800030a2 (0xf60c8ca3) mem 0x8001f7d9 0x0
core   0: 0x800030a6 (0xa8036437) lui     s0, 0xa8036
core   0: 3 0x800030a6 (0xa8036437) x 8 0xa8036000
core   0: 0x800030aa (0x01bcc483) lbu     s1, 27(s9)
core   0: 3 0x800030aa (0x01bcc483) x 9 0x00000000 mem 0x8001f87b
core   0: 0x800030ae (0xfd7c8a03) lb      s4, -41(s9)
core   0: 3 0x800030ae (0xfd7c8a03) x20 0x00000000 mem 0x8001f837
core   0: 0x800030b2 (0x0064d113) srli    sp, s1, 6
core   0: 3 0x800030b2 (0x0064d113) x 2 0x00000000
core   0: 0x800030b6 (0x4074de13) srai    t3, s1, 7
core   0: 3 0x800030b6 (0x4074de13) x28 0x00000000
core   0: 0x800030ba (0x0ff0000f) fence   iorw,iorw
core   0: 3 0x800030ba (0x0ff0000f)
core   0: 0x800030be (0x000082d5) c.srli  a3, 21
core   0: 3 0x800030be (0x82d5) x13 0x00000000
core   0: 0x800030c0 (0x005c7a33) and     s4, s8, t0
core   0: 3 0x800030c0 (0x005c7a33) x20 0x00000000
core   0: 0x800030c4 (0x00000001) c.nop
core   0: 3 0x800030c4 (0x0001)
core   0: 0x800030c6 (0x039670b3) remu    ra, a2, s9
core   0: 3 0x800030c6 (0x039670b3) x 1 0x80000000
core   0: 0x800030ca (0x0173d033) srl     zero, t2, s7
core   0: 3 0x800030ca (0x0173d033)
core   0: 0x800030ce (0x00006c4d) c.lui   s8, 0x13
core   0: 3 0x800030ce (0x6c4d) x24 0x00013000
core   0: 0x800030d0 (0x002ec333) xor     t1, t4, sp
core   0: 3 0x800030d0 (0x002ec333) x 6 0x00000000
core   0: 0x800030d4 (0x011a9fb3) sll     t6, s5, a7
core   0: 3 0x800030d4 (0x011a9fb3) x31 0x00000000
core   0: 0x800030d8 (0x00006121) c.addi16sp sp, 64
core   0: 3 0x800030d8 (0x6121) x 2 0x00000040
core   0: 0x800030da (0x00fc9a23) sh      a5, 20(s9)
core   0: 3 0x800030da (0x00fc9a23) mem 0x8001f874 0x0000
core   0: 0x800030de (0xfcacd303) lhu     t1, -54(s9)
core   0: 3 0x800030de (0xfcacd303) x 6 0x00000000 mem 0x8001f82a
core   0: 0x800030e2 (0x044cab83) lw      s7, 68(s9)
core   0: 3 0x800030e2 (0x044cab83) x23 0x00000000 mem 0x8001f8a4
core   0: 0x800030e6 (0x0246e933) rem     s2, a3, tp
core   0: 3 0x800030e6 (0x0246e933) x18 0x00000000
core   0: 0x800030ea (0xfefc8003) lb      zero, -17(s9)
core   0: 3 0x800030ea (0xfefc8003) mem 0x8001f84f
core   0: 0x800030ee (0x0e2cdc03) lhu     s8, 226(s9)
core   0: 3 0x800030ee (0x0e2cdc03) x24 0x00000000 mem 0x8001f942
core   0: 0x800030f2 (0x0000517d) c.li    sp, -1
core   0: 3 0x800030f2 (0x517d) x 2 0xffffffff
core   0: 0x800030f4 (0x3deb2517) auipc   a0, 0x3deb2
core   0: 3 0x800030f4 (0x3deb2517) x10 0xbdeb50f4
core   0: 0x800030f8 (0x0169c8b3) xor     a7, s3, s6
core   0: 3 0x800030f8 (0x0169c8b3) x17 0xffffffff
core   0: 0x800030fc (0x0a2cd103) lhu     sp, 162(s9)
core   0: 3 0x800030fc (0x0a2cd103) x 2 0x00000000 mem 0x8001f902
core   0: 0x80003100 (0x07ec9203) lh      tp, 126(s9)
core   0: 3 0x80003100 (0x07ec9203) x 4 0x00000000 mem 0x8001f8de
core   0: 0x80003104 (0x027ffe33) remu    t3, t6, t2
core   0: 3 0x80003104 (0x027ffe33) x28 0x00000000
core   0: 0x80003108 (0x0f4c9983) lh      s3, 244(s9)
core   0: 3 0x80003108 (0x0f4c9983) x19 0x00000000 mem 0x8001f954
core   0: 0x8000310c (0xfa5cc303) lbu     t1, -91(s9)
core   0: 3 0x8000310c (0xfa5cc303) x 6 0x00000000 mem 0x8001f805
core   0: 0x80003110 (0x00010117) auipc   sp, 0x10
core   0: 3 0x80003110 (0x00010117) x 2 0x80013110
core   0: 0x80003114 (0x65310113) addi    sp, sp, 1619
core   0: 3 0x80003114 (0x65310113) x 2 0x80013763
core   0: 0x80003118 (0x2f810903) lb      s2, 760(sp)
core   0: 3 0x80003118 (0x2f810903) x18 0x00000000 mem 0x80013a5b
core   0: 0x8000311c (0x2f814683) lbu     a3, 760(sp)
core   0: 3 0x8000311c (0x2f814683) x13 0x00000000 mem 0x80013a5b
core   0: 0x80003120 (0x2f810803) lb      a6, 760(sp)
core   0: 3 0x80003120 (0x2f810803) x16 0x00000000 mem 0x80013a5b
core   0: 0x80003124 (0x2e410c23) sb      tp, 760(sp)
core   0: 3 0x80003124 (0x2e410c23) mem 0x80013a5b 0x0
core   0: 0x80003128 (0x2f510c23) sb      s5, 760(sp)
core   0: 3 0x80003128 (0x2f510c23) mem 0x80013a5b 0x0
core   0: 0x8000312c (0x00008fe5) c.and   a5, s1
core   0: 3 0x8000312c (0x8fe5) x15 0x00000000
core   0: 0x8000312e (0x52410203) lb      tp, 1316(sp)
core   0: 3 0x8000312e (0x52410203) x 4 0x00000000 mem 0x80013c87
core   0: 0x80003132 (0x41f9d633) sra     a2, s3, t6
core   0: 3 0x80003132 (0x41f9d633) x12 0x00000000
core   0: 0x80003136 (0x4e910a23) sb      s1, 1268(sp)
core   0: 3 0x80003136 (0x4e910a23) mem 0x80013c57 0x0
core   0: 0x8000313a (0x4f410d83) lb      s11, 1268(sp)
core   0: 3 0x8000313a (0x4f410d83) x27 0x00000000 mem 0x80013c57
core   0: 0x8000313e (0x4e810a23) sb      s0, 1268(sp)
core   0: 3 0x8000313e (0x4e810a23) mem 0x80013c57 0x0
core   0: 0x80003142 (0x4f410f83) lb      t6, 1268(sp)
core   0: 3 0x80003142 (0x4f410f83) x31 0x00000000 mem 0x80013c57
core   0: 0x80003146 (0x41f656b3) sra     a3, a2, t6
core   0: 3 0x80003146 (0x41f656b3) x13 0x00000000
core   0: 0x8000314a (0x000099d2) c.add   s3, s4
core   0: 3 0x8000314a (0x99d2) x19 0x00000000
core   0: 0x8000314c (0x0000100f) fence.i
core   0: 3 0x8000314c (0x0000100f)
core   0: 0x80003150 (0x4ea10a23) sb      a0, 1268(sp)
core   0: 3 0x80003150 (0x4ea10a23) mem 0x80013c57 0xf4
core   0: 0x80003154 (0x4f410283) lb      t0, 1268(sp)
core   0: 3 0x80003154 (0x4f410283) x 5 0xfffffff4 mem 0x80013c57
core   0: 0x80003158 (0x4f414283) lbu     t0, 1268(sp)
core   0: 3 0x80003158 (0x4f414283) x 5 0x000000f4 mem 0x80013c57
core   0: 0x8000315c (0x20810303) lb      t1, 520(sp)
core   0: 3 0x8000315c (0x20810303) x 6 0x00000000 mem 0x8001396b
core   0: 0x80003160 (0x20814083) lbu     ra, 520(sp)
core   0: 3 0x80003160 (0x20814083) x 1 0x00000000 mem 0x8001396b
core   0: 0x80003164 (0x01c25a33) srl     s4, tp, t3
core   0: 3 0x80003164 (0x01c25a33) x20 0x00000000
core   0: 0x80003168 (0x00008a19) c.andi  a2, 6
core   0: 3 0x80003168 (0x8a19) x12 0x00000000
core   0: 0x8000316a (0x21f10423) sb      t6, 520(sp)
core   0: 3 0x8000316a (0x21f10423) mem 0x8001396b 0x0
core   0: 0x8000316e (0x20810683) lb      a3, 520(sp)
core   0: 3 0x8000316e (0x20810683) x13 0x00000000 mem 0x8001396b
core   0: 0x80003172 (0xa0214083) lbu     ra, -1534(sp)
core   0: 3 0x80003172 (0xa0214083) x 1 0x00000000 mem 0x80013165
core   0: 0x80003176 (0xa0410123) sb      tp, -1534(sp)
core   0: 3 0x80003176 (0xa0410123) mem 0x80013165 0x0
core   0: 0x8000317a (0xa0610123) sb      t1, -1534(sp)
core   0: 3 0x8000317a (0xa0610123) mem 0x80013165 0x0
core   0: 0x8000317e (0x00011217) auipc   tp, 0x11
core   0: 3 0x8000317e (0x00011217) x 4 0x8001417e
core   0: 0x80003182 (0xe9c20213) addi    tp, tp, -356
core   0: 3 0x80003182 (0xe9c20213) x 4 0x8001401a
core   0: 0x80003186 (0x00021417) auipc   s0, 0x21
core   0: 3 0x80003186 (0x00021417) x 8 0x80024186
core   0: 0x8000318a (0xb5340413) addi    s0, s0, -1197
core   0: 3 0x8000318a (0xb5340413) x 8 0x80023cd9
core   0: 0x8000318e (0x02924c83) lbu     s9, 41(tp)
core   0: 3 0x8000318e (0x02924c83) x25 0x00000000 mem 0x80014043
core   0: 0x80003192 (0xffe25603) lhu     a2, -2(tp)
core   0: 3 0x80003192 (0xffe25603) x12 0x00000000 mem 0x80014018
core   0: 0x80003196 (0x8a644503) lbu     a0, -1882(s0)
core   0: 3 0x80003196 (0x8a644503) x10 0x00000000 mem 0x8002357f
core   0: 0x8000319a (0xfdd202a3) sb      t4, -59(tp)
core   0: 3 0x8000319a (0xfdd202a3) mem 0x80013fdf 0x0
core   0: 0x8000319e (0x8fa40883) lb      a7, -1798(s0)
core   0: 3 0x8000319e (0x8fa40883) x17 0x00000000 mem 0x800235d3
core   0: 0x800031a2 (0xfd820e83) lb      t4, -40(tp)
core   0: 3 0x800031a2 (0xfd820e83) x29 0x00000000 mem 0x80013ff2
core   0: 0x800031a6 (0x09044f83) lbu     t6, 144(s0)
core   0: 3 0x800031a6 (0x09044f83) x31 0x00000000 mem 0x80023d69
core   0: 0x800031aa (0xa3c40a83) lb      s5, -1476(s0)
core   0: 3 0x800031aa (0xa3c40a83) x21 0x00000000 mem 0x80023715
core   0: 0x800031ae (0x01b24d03) lbu     s10, 27(tp)
core   0: 3 0x800031ae (0x01b24d03) x26 0x00000000 mem 0x80014035
core   0: 0x800031b2 (0x16b41883) lh      a7, 363(s0)
core   0: 3 0x800031b2 (0x16b41883) x17 0x00000000 mem 0x80023e44
core   0: 0x800031b6 (0xaee40783) lb      a5, -1298(s0)
core   0: 3 0x800031b6 (0xaee40783) x15 0x00000000 mem 0x800237c7
core   0: 0x800031ba (0xb9b408a3) sb      s11, -1135(s0)
core   0: 3 0x800031ba (0xb9b408a3) mem 0x8002386a 0x0
core   0: 0x800031be (0xc3c40c83) lb      s9, -964(s0)
core   0: 3 0x800031be (0xc3c40c83) x25 0x00000000 mem 0x80023915
core   0: 0x800031c2 (0x00011817) auipc   a6, 0x11
core   0: 3 0x800031c2 (0x00011817) x16 0x800141c2
core   0: 0x800031c6 (0xb6180813) addi    a6, a6, -1183
core   0: 3 0x800031c6 (0xb6180813) x16 0x80013d23
core   0: 0x800031ca (0x034ce7b3) rem     a5, s9, s4
core   0: 3 0x800031ca (0x034ce7b3) x15 0x00000000
core   0: 0x800031ce (0x006e5033) srl     zero, t3, t1
core   0: 3 0x800031ce (0x006e5033)
core   0: 0x800031d2 (0x04084d03) lbu     s10, 64(a6)
core   0: 3 0x800031d2 (0x04084d03) x26 0x00000000 mem 0x80013d63
core   0: 0x800031d6 (0xffd807a3) sb      t4, -17(a6)
core   0: 3 0x800031d6 (0xffd807a3) mem 0x80013d12 0x0
core   0: 0x800031da (0x000083b9) c.srli  a5, 14
core   0: 3 0x800031da (0x83b9) x15 0x00000000
core   0: 0x800031dc (0x00008bed) c.andi  a5, 27
core   0: 3 0x800031dc (0x8bed) x15 0x00000000
core   0: 0x800031de (0x41ffd2b3) sra     t0, t6, t6
core   0: 3 0x800031de (0x41ffd2b3) x 5 0x00000000
core   0: 0x800031e2 (0x02e41233) mulh    tp, s0, a4
core   0: 3 0x800031e2 (0x02e41233) x 4 0x3ffd9a67
core   0: 0x800031e6 (0xfd680fa3) sb      s6, -33(a6)
core   0: 3 0x800031e6 (0xfd680fa3) mem 0x80013d02 0xff
core   0: 0x800031ea (0x0ff0000f) fence   iorw,iorw
core   0: 3 0x800031ea (0x0ff0000f)
core   0: 0x800031ee (0x000000ce) c.slli  ra, 19
core   0: 3 0x800031ee (0x00ce) x 1 0x00000000
core   0: 0x800031f0 (0x41ef5533) sra     a0, t5, t5
core   0: 3 0x800031f0 (0x41ef5533) x10 0x80000000
core   0: 0x800031f4 (0x03385403) lhu     s0, 51(a6)
core   0: 3 0x800031f4 (0x03385403) x 8 0x00000000 mem 0x80013d56
core   0: 0x800031f8 (0x00001a9c) c.addi4spn a5, sp, 368
core   0: 3 0x800031f8 (0x1a9c) x15 0x800138d3
core   0: 0x800031fa (0x00008791) c.srai  a5, 4
core   0: 3 0x800031fa (0x8791) x15 0xf800138d
core   0: 0x800031fc (0x00384a03) lbu     s4, 3(a6)
core   0: 3 0x800031fc (0x00384a03) x20 0x00000000 mem 0x80013d26
core   0: 0x80003200 (0xfd684783) lbu     a5, -42(a6)
core   0: 3 0x80003200 (0xfd684783) x15 0x00000000 mem 0x80013cf9
core   0: 0x80003204 (0x0198dc33) srl     s8, a7, s9
core   0: 3 0x80003204 (0x0198dc33) x24 0x00000000
core   0: 0x80003208 (0xa5a56693) ori     a3, a0, -1446
core   0: 3 0x80003208 (0xa5a56693) x13 0xfffffa5a
core   0: 0x8000320c (0x02d80b23) sb      a3, 54(a6)
core   0: 3 0x8000320c (0x02d80b23) mem 0x80013d59 0x5a
core   0: 0x80003210 (0x00008245) c.srli  a2, 17
core   0: 3 0x80003210 (0x8245) x12 0x00000000
core   0: 0x80003212 (0xfee816a3) sh      a4, -19(a6)
core   0: 3 0x80003212 (0xfee816a3) mem 0x80013d10 0x8e64
core   0: 0x80003216 (0x01db54b3) srl     s1, s6, t4
core   0: 3 0x80003216 (0x01db54b3) x 9 0xffffffff
core   0: 0x8000321a (0x410702b3) sub     t0, a4, a6
core   0: 3 0x8000321a (0x410702b3) x 5 0x00015141
core   0: 0x8000321e (0x01c8de13) srli    t3, a7, 28
core   0: 3 0x8000321e (0x01c8de13) x28 0x00000000
core   0: 0x80003222 (0x023811a3) sh      gp, 35(a6)
core   0: 3 0x80003222 (0x023811a3) mem 0x80013d46 0x0000
core   0: 0x80003226 (0x00008cad) c.xor   s1, a1
core   0: 3 0x80003226 (0x8cad) x 9 0x7ffd331b
core   0: 0x80003228 (0xfd780303) lb      t1, -41(a6)
core   0: 3 0x80003228 (0xfd780303) x 6 0x00000000 mem 0x80013cfa
core   0: 0x8000322c (0x0001e997) auipc   s3, 0x1e
core   0: 3 0x8000322c (0x0001e997) x19 0x8002122c
core   0: 0x80003230 (0xd6298993) addi    s3, s3, -670
core   0: 3 0x80003230 (0xd6298993) x19 0x80020f8e
core   0: 0x80003234 (0xcf898a83) lb      s5, -776(s3)
core   0: 3 0x80003234 (0xcf898a83) x21 0x00000000 mem 0x80020c86
core   0: 0x80003238 (0x0001a517) auipc   a0, 0x1a
core   0: 3 0x80003238 (0x0001a517) x10 0x8001d238
core   0: 0x8000323c (0xb5e50513) addi    a0, a0, -1186
core   0: 3 0x8000323c (0xb5e50513) x10 0x8001cd96
core   0: 0x80003240 (0x0001b217) auipc   tp, 0x1b
core   0: 3 0x80003240 (0x0001b217) x 4 0x8001e240
core   0: 0x80003244 (0xfef20213) addi    tp, tp, -17
core   0: 3 0x80003244 (0xfef20213) x 4 0x8001e22f
core   0: 0x80003248 (0xf1e55d83) lhu     s11, -226(a0)
core   0: 3 0x80003248 (0xf1e55d83) x27 0x00000000 mem 0x8001ccb4
core   0: 0x8000324c (0x00019817) auipc   a6, 0x19
core   0: 3 0x8000324c (0x00019817) x16 0x8001c24c
core   0: 0x80003250 (0xdbd80813) addi    a6, a6, -579
core   0: 3 0x80003250 (0xdbd80813) x16 0x8001c009
core   0: 0x80003254 (0x01154183) lbu     gp, 17(a0)
core   0: 3 0x80003254 (0x01154183) x 3 0x00000000 mem 0x8001cda7
core   0: 0x80003258 (0x00981303) lh      t1, 9(a6)
core   0: 3 0x80003258 (0x00981303) x 6 0x00000000 mem 0x8001c012
core   0: 0x8000325c (0x00020e83) lb      t4, 0(tp)
core   0: 3 0x8000325c (0x00020e83) x29 0x00000000 mem 0x8001e22f
core   0: 0x80003260 (0x46998c83) lb      s9, 1129(s3)
core   0: 3 0x80003260 (0x46998c83) x25 0x00000000 mem 0x800213f7
core   0: 0x80003264 (0x24498023) sb      tp, 576(s3)
core   0: 3 0x80003264 (0x24498023) mem 0x800211ce 0x2f
core   0: 0x80003268 (0xf6798823) sb      t2, -144(s3)
core   0: 3 0x80003268 (0xf6798823) mem 0x80020efe 0x0
core   0: 0x8000326c (0x3809cd03) lbu     s10, 896(s3)
core   0: 3 0x8000326c (0x3809cd03) x26 0x00000000 mem 0x8002130e
core   0: 0x80003270 (0xffa84003) lbu     zero, -6(a6)
core   0: 3 0x80003270 (0xffa84003) mem 0x8001c003
core   0: 0x80003274 (0x00684603) lbu     a2, 6(a6)
core   0: 3 0x80003274 (0x00684603) x12 0x00000000 mem 0x8001c00f
core   0: 0x80003278 (0x0ee505a3) sb      a4, 235(a0)
core   0: 3 0x80003278 (0x0ee505a3) mem 0x8001ce81 0x64
core   0: 0x8000327c (0x06f54903) lbu     s2, 111(a0)
core   0: 3 0x8000327c (0x06f54903) x18 0x00000000 mem 0x8001ce05
core   0: 0x80003280 (0x00f800a3) sb      a5, 1(a6)
core   0: 3 0x80003280 (0x00f800a3) mem 0x8001c00a 0x0
core   0: 0x80003284 (0x0a251d83) lh      s11, 162(a0)
core   0: 3 0x80003284 (0x0a251d83) x27 0x00000000 mem 0x8001ce38
core   0: 0x80003288 (0x67498383) lb      t2, 1652(s3)
core   0: 3 0x80003288 (0x67498383) x 7 0x00000000 mem 0x80021602
core   0: 0x8000328c (0x00d827a3) sw      a3, 15(a6)
core   0: 3 0x8000328c (0x00d827a3) mem 0x8001c018 0xfffffa5a
core   0: 0x80003290 (0xf3451403) lh      s0, -204(a0)
core   0: 3 0x80003290 (0xf3451403) x 8 0x00000000 mem 0x8001ccca
core   0: 0x80003294 (0x00284403) lbu     s0, 2(a6)
core   0: 3 0x80003294 (0x00284403) x 8 0x00000000 mem 0x8001c00b
core   0: 0x80003298 (0xdf89ca03) lbu     s4, -520(s3)
core   0: 3 0x80003298 (0xdf89ca03) x20 0x00000000 mem 0x80020d86
core   0: 0x8000329c (0x31e9cb03) lbu     s6, 798(s3)
core   0: 3 0x8000329c (0x31e9cb03) x22 0x00000000 mem 0x800212ac
core   0: 0x800032a0 (0xffb20b23) sb      s11, -10(tp)
core   0: 3 0x800032a0 (0xffb20b23) mem 0x8001e225 0x0
core   0: 0x800032a4 (0xff824c03) lbu     s8, -8(tp)
core   0: 3 0x800032a4 (0xff824c03) x24 0x00000000 mem 0x8001e227
core   0: 0x800032a8 (0xff480903) lb      s2, -12(a6)
core   0: 3 0x800032a8 (0xff480903) x18 0x00000000 mem 0x8001bffd
core   0: 0x800032ac (0x0d354003) lbu     zero, 211(a0)
core   0: 3 0x800032ac (0x0d354003) mem 0x8001ce69
core   0: 0x800032b0 (0xfe120fa3) sb      ra, -1(tp)
core   0: 3 0x800032b0 (0xfe120fa3) mem 0x8001e22e 0x0
core   0: 0x800032b4 (0xf2b50103) lb      sp, -213(a0)
core   0: 3 0x800032b4 (0xf2b50103) x 2 0x00000000 mem 0x8001ccc1
core   0: 0x800032b8 (0x00c24603) lbu     a2, 12(tp)
core   0: 3 0x800032b8 (0x00c24603) x12 0x00000000 mem 0x8001e23b
core   0: 0x800032bc (0x3c89dc03) lhu     s8, 968(s3)
core   0: 3 0x800032bc (0x3c89dc03) x24 0x00000000 mem 0x80021356
core   0: 0x800032c0 (0x00015897) auipc   a7, 0x15
core   0: 3 0x800032c0 (0x00015897) x17 0x800182c0
core   0: 0x800032c4 (0xd6e88893) addi    a7, a7, -658
core   0: 3 0x800032c4 (0xd6e88893) x17 0x8001802e
core   0: 0x800032c8 (0x00011117) auipc   sp, 0x11
core   0: 3 0x800032c8 (0x00011117) x 2 0x800142c8
core   0: 0x800032cc (0x4ea10113) addi    sp, sp, 1258
core   0: 3 0x800032cc (0x4ea10113) x 2 0x800147b2
core   0: 0x800032d0 (0x6b810c83) lb      s9, 1720(sp)
core   0: 3 0x800032d0 (0x6b810c83) x25 0x00000000 mem 0x80014e6a
core   0: 0x800032d4 (0x00018797) auipc   a5, 0x18
core   0: 3 0x800032d4 (0x00018797) x15 0x8001b2d4
core   0: 0x800032d8 (0x37578793) addi    a5, a5, 885
core   0: 3 0x800032d8 (0x37578793) x15 0x8001b649
core   0: 0x800032dc (0xff288303) lb      t1, -14(a7)
core   0: 3 0x800032dc (0xff288303) x 6 0x00000000 mem 0x80018020
core   0: 0x800032e0 (0x00012517) auipc   a0, 0x12
core   0: 3 0x800032e0 (0x00012517) x10 0x800152e0
core   0: 0x800032e4 (0xf9750513) addi    a0, a0, -105
core   0: 3 0x800032e4 (0xf9750513) x10 0x80015277
core   0: 0x800032e8 (0x48d10b03) lb      s6, 1165(sp)
core   0: 3 0x800032e8 (0x48d10b03) x22 0x00000000 mem 0x80014c3f
core   0: 0x800032ec (0x0001a397) auipc   t2, 0x1a
core   0: 3 0x800032ec (0x0001a397) x 7 0x8001d2ec
core   0: 0x800032f0 (0x55238393) addi    t2, t2, 1362
core   0: 3 0x800032f0 (0x55238393) x 7 0x8001d83e
core   0: 0x800032f4 (0xc3410ca3) sb      s4, -967(sp)
core   0: 3 0x800032f4 (0xc3410ca3) mem 0x800143eb 0x0
core   0: 0x800032f8 (0xfe6885a3) sb      t1, -21(a7)
core   0: 3 0x800032f8 (0xfe6885a3) mem 0x80018019 0x0
core   0: 0x800032fc (0xd4454903) lbu     s2, -700(a0)
core   0: 3 0x800032fc (0xd4454903) x18 0x00000000 mem 0x80014fbb
core   0: 0x80003300 (0xc9412923) sw      s4, -878(sp)
core   0: 3 0x80003300 (0xc9412923) mem 0x80014444 0x00000000
core   0: 0x80003304 (0xe5b38da3) sb      s11, -421(t2)
core   0: 3 0x80003304 (0xe5b38da3) mem 0x8001d699 0x0
core   0: 0x80003308 (0x0017c083) lbu     ra, 1(a5)
core   0: 3 0x80003308 (0x0017c083) x 1 0x00000000 mem 0x8001b64a
core   0: 0x8000330c (0xff77dd03) lhu     s10, -9(a5)
core   0: 3 0x8000330c (0xff77dd03) x26 0x00000000 mem 0x8001b640
core   0: 0x80003310 (0x00e88f83) lb      t6, 14(a7)
core   0: 3 0x80003310 (0x00e88f83) x31 0x00000000 mem 0x8001803c
core   0: 0x80003314 (0x00d78423) sb      a3, 8(a5)
core   0: 3 0x80003314 (0x00d78423) mem 0x8001b651 0x5a
core   0: 0x80003318 (0x027886a3) sb      t2, 45(a7)
core   0: 3 0x80003318 (0x027886a3) mem 0x8001805b 0x3e
core   0: 0x8000331c (0x00478403) lb      s0, 4(a5)
core   0: 3 0x8000331c (0x00478403) x 8 0x00000000 mem 0x8001b64d
core   0: 0x80003320 (0xafb51303) lh      t1, -1285(a0)
core   0: 3 0x80003320 (0xafb51303) x 6 0x00000000 mem 0x80014d72
core   0: 0x80003324 (0x25a12523) sw      s10, 586(sp)
core   0: 3 0x80003324 (0x25a12523) mem 0x800149fc 0x00000000
core   0: 0x80003328 (0xd7f54b83) lbu     s7, -641(a0)
core   0: 3 0x80003328 (0xd7f54b83) x23 0x00000000 mem 0x80014ff6
core   0: 0x8000332c (0x03b88b83) lb      s7, 59(a7)
core   0: 3 0x8000332c (0x03b88b83) x23 0x00000000 mem 0x80018069
core   0: 0x80003330 (0x24c10e23) sb      a2, 604(sp)
core   0: 3 0x80003330 (0x24c10e23) mem 0x80014a0e 0x0
core   0: 0x80003334 (0x05f10083) lb      ra, 95(sp)
core   0: 3 0x80003334 (0x05f10083) x 1 0x00000000 mem 0x80014811
core   0: 0x80003338 (0x20039003) lh      zero, 512(t2)
core   0: 3 0x80003338 (0x20039003) mem 0x8001da3e
core   0: 0x8000333c (0xb923a983) lw      s3, -1134(t2)
core   0: 3 0x8000333c (0xb923a983) x19 0x00000000 mem 0x8001d3d0
core   0: 0x80003340 (0x77c50183) lb      gp, 1916(a0)
core   0: 3 0x80003340 (0x77c50183) x 3 0x00000000 mem 0x800159f3
core   0: 0x80003344 (0xc9e50e03) lb      t3, -866(a0)
core   0: 3 0x80003344 (0xc9e50e03) x28 0x00000000 mem 0x80014f15
core   0: 0x80003348 (0x45439803) lh      a6, 1108(t2)
core   0: 3 0x80003348 (0x45439803) x16 0x00000000 mem 0x8001dc92
core   0: 0x8000334c (0x00e89003) lh      zero, 14(a7)
core   0: 3 0x8000334c (0x00e89003) mem 0x8001803c
core   0: 0x80003350 (0x16850b03) lb      s6, 360(a0)
core   0: 3 0x80003350 (0x16850b03) x22 0x00000000 mem 0x800153df
core   0: 0x80003354 (0xfc289003) lh      zero, -62(a7)
core   0: 3 0x80003354 (0xfc289003) mem 0x80017ff0
core   0: 0x80003358 (0x6be3c983) lbu     s3, 1726(t2)
core   0: 3 0x80003358 (0x6be3c983) x19 0x00000000 mem 0x8001defc
core   0: 0x8000335c (0xc1438223) sb      s4, -1020(t2)
core   0: 3 0x8000335c (0xc1438223) mem 0x8001d442 0x0
core   0: 0x80003360 (0xd6138c03) lb      s8, -671(t2)
core   0: 3 0x80003360 (0xd6138c03) x24 0x00000000 mem 0x8001d59f
core   0: 0x80003364 (0x9a511723) sh      t0, -1618(sp)
core   0: 3 0x80003364 (0x9a511723) mem 0x80014160 0x5141
core   0: 0x80003368 (0x5d755d03) lhu     s10, 1495(a0)
core   0: 3 0x80003368 (0x5d755d03) x26 0x00000000 mem 0x8001584e
core   0: 0x8000336c (0x7f238ca3) sb      s2, 2041(t2)
core   0: 3 0x8000336c (0x7f238ca3) mem 0x8001e037 0x0
core   0: 0x80003370 (0x46e15403) lhu     s0, 1134(sp)
core   0: 3 0x80003370 (0x46e15403) x 8 0x00000000 mem 0x80014c20
core   0: 0x80003374 (0x0097cd83) lbu     s11, 9(a5)
core   0: 3 0x80003374 (0x0097cd83) x27 0x00000000 mem 0x8001b652
core   0: 0x80003378 (0x0c23ac03) lw      s8, 194(t2)
core   0: 3 0x80003378 (0x0c23ac03) x24 0x00000000 mem 0x8001d900
core   0: 0x8000337c (0x0017d183) lhu     gp, 1(a5)
core   0: 3 0x8000337c (0x0017d183) x 3 0x00000000 mem 0x8001b64a
core   0: 0x80003380 (0xc4650803) lb      a6, -954(a0)
core   0: 3 0x80003380 (0xc4650803) x16 0x00000000 mem 0x80014ebd
core   0: 0x80003384 (0x01088523) sb      a6, 10(a7)
core   0: 3 0x80003384 (0x01088523) mem 0x80018038 0x0
core   0: 0x80003388 (0x00018d97) auipc   s11, 0x18
core   0: 3 0x80003388 (0x00018d97) x27 0x8001b388
core   0: 0x8000338c (0xa89d8d93) addi    s11, s11, -1399
core   0: 3 0x8000338c (0xa89d8d93) x27 0x8001ae11
core   0: 0x80003390 (0xfeed8e23) sb      a4, -4(s11)
core   0: 3 0x80003390 (0xfeed8e23) mem 0x8001ae0d 0x64
core   0: 0x80003394 (0x9d925e17) auipc   t3, 0x9d925
core   0: 3 0x80003394 (0x9d925e17) x28 0x1d928394
core   0: 0x80003398 (0xffcd8f83) lb      t6, -4(s11)
core   0: 3 0x80003398 (0xffcd8f83) x31 0x00000064 mem 0x8001ae0d
core   0: 0x8000339c (0xfe1d8e23) sb      ra, -4(s11)
core   0: 3 0x8000339c (0xfe1d8e23) mem 0x8001ae0d 0x0
core   0: 0x800033a0 (0x00008635) c.srai  a2, 13
core   0: 3 0x800033a0 (0x8635) x12 0x00000000
core   0: 0x800033a2 (0xffcdc103) lbu     sp, -4(s11)
core   0: 3 0x800033a2 (0xffcdc103) x 2 0x00000000 mem 0x8001ae0d
core   0: 0x800033a6 (0x008d8523) sb      s0, 10(s11)
core   0: 3 0x800033a6 (0x008d8523) mem 0x8001ae1b 0x0
core   0: 0x800033aa (0x01ad8523) sb      s10, 10(s11)
core   0: 3 0x800033aa (0x01ad8523) mem 0x8001ae1b 0x0
core   0: 0x800033ae (0x00adcc83) lbu     s9, 10(s11)
core   0: 3 0x800033ae (0x00adcc83) x25 0x00000000 mem 0x8001ae1b
core   0: 0x800033b2 (0x028187b3) mul     a5, gp, s0
core   0: 3 0x800033b2 (0x028187b3) x15 0x00000000
core   0: 0x800033b6 (0x00bd8d03) lb      s10, 11(s11)
core   0: 3 0x800033b6 (0x00bd8d03) x26 0x00000000 mem 0x8001ae1c
core   0: 0x800033ba (0x009dcb03) lbu     s6, 9(s11)
core   0: 3 0x800033ba (0x009dcb03) x22 0x00000000 mem 0x8001ae1a
core   0: 0x800033be (0x00ad94a3) sh      a0, 9(s11)
core   0: 3 0x800033be (0x00ad94a3) mem 0x8001ae1a 0x5277
core   0: 0x800033c2 (0xffcd8a83) lb      s5, -4(s11)
core   0: 3 0x800033c2 (0xffcd8a83) x21 0x00000000 mem 0x8001ae0d
core   0: 0x800033c6 (0xffcdc983) lbu     s3, -4(s11)
core   0: 3 0x800033c6 (0xffcdc983) x19 0x00000000 mem 0x8001ae0d
core   0: 0x800033ca (0x0001c497) auipc   s1, 0x1c
core   0: 3 0x800033ca (0x0001c497) x 9 0x8001f3ca
core   0: 0x800033ce (0x34448493) addi    s1, s1, 836
core   0: 3 0x800033ce (0x34448493) x 9 0x8001f70e
core   0: 0x800033d2 (0x00020397) auipc   t2, 0x20
core   0: 3 0x800033d2 (0x00020397) x 7 0x800233d2
core   0: 0x800033d6 (0xdb038393) addi    t2, t2, -592
core   0: 3 0x800033d6 (0xdb038393) x 7 0x80023182
core   0: 0x800033da (0x00012617) auipc   a2, 0x12
core   0: 3 0x800033da (0x00012617) x12 0x800153da
core   0: 0x800033de (0x42f60613) addi    a2, a2, 1071
core   0: 3 0x800033de (0x42f60613) x12 0x80015809
core   0: 0x800033e2 (0x00564783) lbu     a5, 5(a2)
core   0: 3 0x800033e2 (0x00564783) x15 0x00000000 mem 0x8001580e
core   0: 0x800033e6 (0xff948d23) sb      s9, -6(s1)
core   0: 3 0x800033e6 (0xff948d23) mem 0x8001f708 0x0
core   0: 0x800033ea (0x00138d03) lb      s10, 1(t2)
core   0: 3 0x800033ea (0x00138d03) x26 0x00000000 mem 0x80023183
core   0: 0x800033ee (0x00d65c83) lhu     s9, 13(a2)
core   0: 3 0x800033ee (0x00d65c83) x25 0x00000000 mem 0x80015816
core   0: 0x800033f2 (0x00538783) lb      a5, 5(t2)
core   0: 3 0x800033f2 (0x00538783) x15 0x00000000 mem 0x80023187
core   0: 0x800033f6 (0xffd3c903) lbu     s2, -3(t2)
core   0: 3 0x800033f6 (0xffd3c903) x18 0x00000000 mem 0x8002317f
core   0: 0x800033fa (0xff348ba3) sb      s3, -9(s1)
core   0: 3 0x800033fa (0xff348ba3) mem 0x8001f705 0x0
core   0: 0x800033fe (0x00d48303) lb      t1, 13(s1)
core   0: 3 0x800033fe (0x00d48303) x 6 0x00000000 mem 0x8001f71b
core   0: 0x80003402 (0xffd38c83) lb      s9, -3(t2)
core   0: 3 0x80003402 (0xffd38c83) x25 0x00000000 mem 0x8002317f
core   0: 0x80003406 (0x00b62a83) lw      s5, 11(a2)
core   0: 3 0x80003406 (0x00b62a83) x21 0x00000000 mem 0x80015814
core   0: 0x8000340a (0x00018e97) auipc   t4, 0x18
core   0: 3 0x8000340a (0x00018e97) x29 0x8001b40a
core   0: 0x8000340e (0xe0ae8e93) addi    t4, t4, -502
core   0: 3 0x8000340e (0xe0ae8e93) x29 0x8001b214
core   0: 0x80003412 (0xf56eca83) lbu     s5, -170(t4)
core   0: 3 0x80003412 (0xf56eca83) x21 0x00000000 mem 0x8001b16a
core   0: 0x80003416 (0xff448183) lb      gp, -12(s1)
core   0: 3 0x80003416 (0xff448183) x 3 0x00000000 mem 0x8001f702
core   0: 0x8000341a (0x02de8503) lb      a0, 45(t4)
core   0: 3 0x8000341a (0x02de8503) x10 0x00000000 mem 0x8001b241
core   0: 0x8000341e (0xffb38aa3) sb      s11, -11(t2)
core   0: 3 0x8000341e (0xffb38aa3) mem 0x80023177 0x11
core   0: 0x80003422 (0xff564183) lbu     gp, -11(a2)
core   0: 3 0x80003422 (0xff564183) x 3 0x00000000 mem 0x800157fe
core   0: 0x80003426 (0x0094cb03) lbu     s6, 9(s1)
core   0: 3 0x80003426 (0x0094cb03) x22 0x00000000 mem 0x8001f717
core   0: 0x8000342a (0x07ae8fa3) sb      s10, 127(t4)
core   0: 3 0x8000342a (0x07ae8fa3) mem 0x8001b293 0x0
core   0: 0x8000342e (0xfff61c83) lh      s9, -1(a2)
core   0: 3 0x8000342e (0xfff61c83) x25 0x00000000 mem 0x80015808
core   0: 0x80003432 (0x0194a523) sw      s9, 10(s1)
core   0: 3 0x80003432 (0x0194a523) mem 0x8001f718 0x00000000
core   0: 0x80003436 (0xff3489a3) sb      s3, -13(s1)
core   0: 3 0x80003436 (0xff3489a3) mem 0x8001f701 0x0
core   0: 0x8000343a (0x00560523) sb      t0, 10(a2)
core   0: 3 0x8000343a (0x00560523) mem 0x80015813 0x41
core   0: 0x8000343e (0xf15e8183) lb      gp, -235(t4)
core   0: 3 0x8000343e (0xf15e8183) x 3 0x00000000 mem 0x8001b129
core   0: 0x80003442 (0xff660b83) lb      s7, -10(a2)
core   0: 3 0x80003442 (0xff660b83) x23 0x00000000 mem 0x800157ff
core   0: 0x80003446 (0xf2de8b83) lb      s7, -211(t4)
core   0: 3 0x80003446 (0xf2de8b83) x23 0x00000000 mem 0x8001b141
core   0: 0x8000344a (0xff238aa3) sb      s2, -11(t2)
core   0: 3 0x8000344a (0xff238aa3) mem 0x80023177 0x0
core   0: 0x8000344e (0x00e64903) lbu     s2, 14(a2)
core   0: 3 0x8000344e (0x00e64903) x18 0x00000000 mem 0x80015817
core   0: 0x80003452 (0x00948083) lb      ra, 9(s1)
core   0: 3 0x80003452 (0x00948083) x 1 0x00000000 mem 0x8001f717
core   0: 0x80003456 (0x00016117) auipc   sp, 0x16
core   0: 3 0x80003456 (0x00016117) x 2 0x80019456
core   0: 0x8000345a (0xe0e10113) addi    sp, sp, -498
core   0: 3 0x8000345a (0xe0e10113) x 2 0x80019264
core   0: 0x8000345e (0xfd811183) lh      gp, -40(sp)
core   0: 3 0x8000345e (0xfd811183) x 3 0x00000000 mem 0x8001923c
core   0: 0x80003462 (0xff611b23) sh      s6, -10(sp)
core   0: 3 0x80003462 (0xff611b23) mem 0x8001925a 0x0000
core   0: 0x80003466 (0x0000100f) fence.i
core   0: 3 0x80003466 (0x0000100f)
core   0: 0x8000346a (0x02e11183) lh      gp, 46(sp)
core   0: 3 0x8000346a (0x02e11183) x 3 0x00000000 mem 0x80019292
core   0: 0x8000346e (0x031a5033) divu    zero, s4, a7
core   0: 3 0x8000346e (0x031a5033)
core   0: 0x80003472 (0x00008ba1) c.andi  a5, 8
core   0: 3 0x80003472 (0x8ba1) x15 0x00000000
core   0: 0x80003474 (0xfcd10f83) lb      t6, -51(sp)
core   0: 3 0x80003474 (0xfcd10f83) x31 0x00000000 mem 0x80019231
core   0: 0x80003478 (0x00008c5d) c.or    s0, a5
core   0: 3 0x80003478 (0x8c5d) x 8 0x00000000
core   0: 0x8000347a (0x02c102a3) sb      a2, 37(sp)
core   0: 3 0x8000347a (0x02c102a3) mem 0x80019289 0x9
core   0: 0x8000347e (0x404782b3) sub     t0, a5, tp
core   0: 3 0x8000347e (0x404782b3) x 5 0x7ffe1dd1
core   0: 0x80003482 (0x00210fa3) sb      sp, 31(sp)
core   0: 3 0x80003482 (0x00210fa3) mem 0x80019283 0x64
core   0: 0x80003486 (0x00514303) lbu     t1, 5(sp)
core   0: 3 0x80003486 (0x00514303) x 6 0x00000000 mem 0x80019269
core   0: 0x8000348a (0x02514a83) lbu     s5, 37(sp)
core   0: 3 0x8000348a (0x02514a83) x21 0x00000009 mem 0x80019289
core   0: 0x8000348e (0xfed100a3) sb      a3, -31(sp)
core   0: 3 0x8000348e (0xfed100a3) mem 0x80019245 0x5a
core   0: 0x80003492 (0xff910303) lb      t1, -7(sp)
core   0: 3 0x80003492 (0xff910303) x 6 0x00000000 mem 0x8001925d
core   0: 0x80003496 (0x00000001) c.nop
core   0: 3 0x80003496 (0x0001)
core   0: 0x80003498 (0x00008ba1) c.andi  a5, 8
core   0: 3 0x80003498 (0x8ba1) x15 0x00000000
core   0: 0x8000349a (0xfcf10403) lb      s0, -49(sp)
core   0: 3 0x8000349a (0xfcf10403) x 8 0x00000000 mem 0x80019233
core   0: 0x8000349e (0x00008206) c.mv    tp, ra
core   0: 3 0x8000349e (0x8206) x 4 0x00000000
core   0: 0x800034a0 (0x00004342) c.lwsp  t1, 16(sp)
core   0: 3 0x800034a0 (0x4342) x 6 0x00000000 mem 0x80019274
core   0: 0x800034a2 (0x000c8033) add     zero, s9, zero
core   0: 3 0x800034a2 (0x000c8033)
core   0: 0x800034a6 (0xfde15503) lhu     a0, -34(sp)
core   0: 3 0x800034a6 (0xfde15503) x10 0x00000000 mem 0x80019242
core   0: 0x800034aa (0x018081b3) add     gp, ra, s8
core   0: 3 0x800034aa (0x018081b3) x 3 0x00000000
core   0: 0x800034ae (0xfff10da3) sb      t6, -5(sp)
core   0: 3 0x800034ae (0xfff10da3) mem 0x8001925f 0x0
core   0: 0x800034b2 (0x00008fa1) c.xor   a5, s0
core   0: 3 0x800034b2 (0x8fa1) x15 0x00000000
core   0: 0x800034b4 (0xff011a83) lh      s5, -16(sp)
core   0: 3 0x800034b4 (0xff011a83) x21 0x00000000 mem 0x80019254
core   0: 0x800034b8 (0xff314203) lbu     tp, -13(sp)
core   0: 3 0x800034b8 (0xff314203) x 4 0x00000000 mem 0x80019257
core   0: 0x800034bc (0x017101a3) sb      s7, 3(sp)
core   0: 3 0x800034bc (0x017101a3) mem 0x80019267 0x0
core   0: 0x800034c0 (0xfe811203) lh      tp, -24(sp)
core   0: 3 0x800034c0 (0xfe811203) x 4 0x00000000 mem 0x8001924c
core   0: 0x800034c4 (0xfeb10d83) lb      s11, -21(sp)
core   0: 3 0x800034c4 (0xfeb10d83) x27 0x00000000 mem 0x8001924f
core   0: 0x800034c8 (0x001ee633) or      a2, t4, ra
core   0: 3 0x800034c8 (0x001ee633) x12 0x8001b214
core   0: 0x800034cc (0x01110fa3) sb      a7, 31(sp)
core   0: 3 0x800034cc (0x01110fa3) mem 0x80019283 0x2e
core   0: 0x800034d0 (0x407bd193) srai    gp, s7, 7
core   0: 3 0x800034d0 (0x407bd193) x 3 0x00000000
core   0: 0x800034d4 (0x02b14303) lbu     t1, 43(sp)
core   0: 3 0x800034d4 (0x02b14303) x 6 0x00000000 mem 0x8001928f
core   0: 0x800034d8 (0xff011a83) lh      s5, -16(sp)
core   0: 3 0x800034d8 (0xff011a83) x21 0x00000000 mem 0x80019254
core   0: 0x800034dc (0x00010697) auipc   a3, 0x10
core   0: 3 0x800034dc (0x00010697) x13 0x800134dc
core   0: 0x800034e0 (0x6e368693) addi    a3, a3, 1763
core   0: 3 0x800034e0 (0x6e368693) x13 0x80013bbf
core   0: 0x800034e4 (0xe1468a23) sb      s4, -492(a3)
core   0: 3 0x800034e4 (0xe1468a23) mem 0x800139d3 0x0
core   0: 0x800034e8 (0xdae68323) sb      a4, -602(a3)
core   0: 3 0x800034e8 (0xdae68323) mem 0x80013965 0x64
core   0: 0x800034ec (0x00020917) auipc   s2, 0x20
core   0: 3 0x800034ec (0x00020917) x18 0x800234ec
core   0: 0x800034f0 (0xda090913) addi    s2, s2, -608
core   0: 3 0x800034f0 (0xda090913) x18 0x8002328c
core   0: 0x800034f4 (0xfe394103) lbu     sp, -29(s2)
core   0: 3 0x800034f4 (0xfe394103) x 2 0x00000000 mem 0x8002326f
core   0: 0x800034f8 (0x3c26c603) lbu     a2, 962(a3)
core   0: 3 0x800034f8 (0x3c26c603) x12 0x00000000 mem 0x80013f81
core   0: 0x800034fc (0x1d568523) sb      s5, 458(a3)
core   0: 3 0x800034fc (0x1d568523) mem 0x80013d89 0x0
core   0: 0x80003500 (0x00f90303) lb      t1, 15(s2)
core   0: 3 0x80003500 (0x00f90303) x 6 0x00000000 mem 0x8002329b
core   0: 0x80003504 (0xfc495e03) lhu     t3, -60(s2)
core   0: 3 0x80003504 (0xfc495e03) x28 0x00000000 mem 0x80023250
core   0: 0x80003508 (0xffa95303) lhu     t1, -6(s2)
core   0: 3 0x80003508 (0xffa95303) x 6 0x00000000 mem 0x80023286
core   0: 0x8000350c (0x0a191623) sh      ra, 172(s2)
core   0: 3 0x8000350c (0x0a191623) mem 0x80023338 0x0000
core   0: 0x80003510 (0xde36db03) lhu     s6, -541(a3)
core   0: 3 0x80003510 (0xde36db03) x22 0x00000000 mem 0x800139a2
core   0: 0x80003514 (0x04690303) lb      t1, 70(s2)
core   0: 3 0x80003514 (0x04690303) x 6 0x00000000 mem 0x800232d2
core   0: 0x80003518 (0x0ba91923) sh      s10, 178(s2)
core   0: 3 0x80003518 (0x0ba91923) mem 0x8002333e 0x0000
core   0: 0x8000351c (0x26b68823) sb      a1, 624(a3)
core   0: 3 0x8000351c (0x26b68823) mem 0x80013e2f 0xe4
core   0: 0x80003520 (0x0ab91c23) sh      a1, 184(s2)
core   0: 3 0x80003520 (0x0ab91c23) mem 0x80023344 0xcce4
core   0: 0x80003524 (0xfc568003) lb      zero, -59(a3)
core   0: 3 0x80003524 (0xfc568003) mem 0x80013b84
core   0: 0x80003528 (0xf9092d03) lw      s10, -112(s2)
core   0: 3 0x80003528 (0xf9092d03) x26 0x00000000 mem 0x8002321c
core   0: 0x8000352c (0xf7194403) lbu     s0, -143(s2)
core   0: 3 0x8000352c (0xf7194403) x 8 0x00000000 mem 0x800231fd
core   0: 0x80003530 (0x00010697) auipc   a3, 0x10
core   0: 3 0x80003530 (0x00010697) x13 0x80013530
core   0: 0x80003534 (0xfea68693) addi    a3, a3, -22
core   0: 3 0x80003534 (0xfea68693) x13 0x8001351a
core   0: 0x80003538 (0x00010a17) auipc   s4, 0x10
core   0: 3 0x80003538 (0x00010a17) x20 0x80013538
core   0: 0x8000353c (0x7d1a0a13) addi    s4, s4, 2001
core   0: 3 0x8000353c (0x7d1a0a13) x20 0x80013d09
core   0: 0x80003540 (0x7906d403) lhu     s0, 1936(a3)
core   0: 3 0x80003540 (0x7906d403) x 8 0x00000000 mem 0x80013caa
core   0: 0x80003544 (0xeb069e23) sh      a6, -324(a3)
core   0: 3 0x80003544 (0xeb069e23) mem 0x800133d6 0x0000
core   0: 0x80003548 (0x09ea0b03) lb      s6, 158(s4)
core   0: 3 0x80003548 (0x09ea0b03) x22 0x00000000 mem 0x80013da7
core   0: 0x8000354c (0xcf5687a3) sb      s5, -785(a3)
core   0: 3 0x8000354c (0xcf5687a3) mem 0x80013209 0x0
core   0: 0x80003550 (0xc32a4b03) lbu     s6, -974(s4)
core   0: 3 0x80003550 (0xc32a4b03) x22 0x00000000 mem 0x8001393b
core   0: 0x80003554 (0x19868503) lb      a0, 408(a3)
core   0: 3 0x80003554 (0x19868503) x10 0x00000000 mem 0x800136b2
core   0: 0x80003558 (0xf28a0803) lb      a6, -216(s4)
core   0: 3 0x80003558 (0xf28a0803) x16 0x00000000 mem 0x80013c31
core   0: 0x8000355c (0xc1ea4e03) lbu     t3, -994(s4)
core   0: 3 0x8000355c (0xc1ea4e03) x28 0x00000000 mem 0x80013927
core   0: 0x80003560 (0x160a4503) lbu     a0, 352(s4)
core   0: 3 0x80003560 (0x160a4503) x10 0x00000000 mem 0x80013e69
core   0: 0x80003564 (0x1dda0023) sb      t4, 448(s4)
core   0: 3 0x80003564 (0x1dda0023) mem 0x80013ec9 0x14
core   0: 0x80003568 (0xd0068203) lb      tp, -768(a3)
core   0: 3 0x80003568 (0xd0068203) x 4 0x00000000 mem 0x8001321a
core   0: 0x8000356c (0x1ada1ea3) sh      a3, 445(s4)
core   0: 3 0x8000356c (0x1ada1ea3) mem 0x80013ec6 0x351a
core   0: 0x80003570 (0x0dba0323) sb      s11, 198(s4)
core   0: 3 0x80003570 (0x0dba0323) mem 0x80013dcf 0x0
core   0: 0x80003574 (0x00010a97) auipc   s5, 0x10
core   0: 3 0x80003574 (0x00010a97) x21 0x80013574
core   0: 0x80003578 (0x0eba8a93) addi    s5, s5, 235
core   0: 3 0x80003578 (0x0eba8a93) x21 0x8001365f
core   0: 0x8000357c (0x00000990) c.addi4spn a2, sp, 208
core   0: 3 0x8000357c (0x0990) x12 0x000000d0
core   0: 0x8000357e (0x02c23b33) mulhu   s6, tp, a2
core   0: 3 0x8000357e (0x02c23b33) x22 0x00000000
core   0: 0x80003582 (0xfe4a9da3) sh      tp, -5(s5)
core   0: 3 0x80003582 (0xfe4a9da3) mem 0x8001365a 0x0000
core   0: 0x80003586 (0xfffa8a23) sb      t6, -12(s5)
core   0: 3 0x80003586 (0xfffa8a23) mem 0x80013653 0x0
core   0: 0x8000358a (0x00c35e33) srl     t3, t1, a2
core   0: 3 0x8000358a (0x00c35e33) x28 0x00000000
core   0: 0x8000358e (0xfcda93a3) sh      a3, -57(s5)
core   0: 3 0x8000358e (0xfcda93a3) mem 0x80013626 0x351a
core   0: 0x80003592 (0xfc3ac183) lbu     gp, -61(s5)
core   0: 3 0x80003592 (0xfc3ac183) x 3 0x00000000 mem 0x80013622
core   0: 0x80003596 (0x00000001) c.nop
core   0: 3 0x80003596 (0x0001)
core   0: 0x80003598 (0xfe0a8903) lb      s2, -32(s5)
core   0: 3 0x80003598 (0xfe0a8903) x18 0x00000000 mem 0x8001363f
core   0: 0x8000359c (0xd8d57313) andi    t1, a0, -627
core   0: 3 0x8000359c (0xd8d57313) x 6 0x00000000
core   0: 0x800035a0 (0x014ac983) lbu     s3, 20(s5)
core   0: 3 0x800035a0 (0x014ac983) x19 0x00000000 mem 0x80013673
core   0: 0x800035a4 (0x02cac083) lbu     ra, 44(s5)
core   0: 3 0x800035a4 (0x02cac083) x 1 0x00000000 mem 0x8001368b
core   0: 0x800035a8 (0x002d1093) slli    ra, s10, 2
core   0: 3 0x800035a8 (0x002d1093) x 1 0x00000000
core   0: 0x800035ac (0x01bac803) lbu     a6, 27(s5)
core   0: 3 0x800035ac (0x01bac803) x16 0x00000000 mem 0x8001367a
core   0: 0x800035b0 (0x0101dbb3) srl     s7, gp, a6
core   0: 3 0x800035b0 (0x0101dbb3) x23 0x00000000
core   0: 0x800035b4 (0x0ff0000f) fence   iorw,iorw
core   0: 3 0x800035b4 (0x0ff0000f)
core   0: 0x800035b8 (0x039a8783) lb      a5, 57(s5)
core   0: 3 0x800035b8 (0x039a8783) x15 0x00000000 mem 0x80013698
core   0: 0x800035bc (0x9b542993) slti    s3, s0, -1611
core   0: 3 0x800035bc (0x9b542993) x19 0x00000000
core   0: 0x800035c0 (0x035aac83) lw      s9, 53(s5)
core   0: 3 0x800035c0 (0x035aac83) x25 0x00000000 mem 0x80013694
core   0: 0x800035c4 (0x0049de13) srli    t3, s3, 4
core   0: 3 0x800035c4 (0x0049de13) x28 0x00000000
core   0: 0x800035c8 (0x01dabbb3) sltu    s7, s5, t4
core   0: 3 0x800035c8 (0x01dabbb3) x23 0x00000001
core   0: 0x800035cc (0xfdfac203) lbu     tp, -33(s5)
core   0: 3 0x800035cc (0xfdfac203) x 4 0x00000000 mem 0x8001363e
core   0: 0x800035d0 (0x41220533) sub     a0, tp, s2
core   0: 3 0x800035d0 (0x41220533) x10 0x00000000
core   0: 0x800035d4 (0x00000001) c.nop
core   0: 3 0x800035d4 (0x0001)
core   0: 0x800035d6 (0x0000802d) c.srli  s0, 11
core   0: 3 0x800035d6 (0x802d) x 8 0x00000000
core   0: 0x800035d8 (0x01c05633) srl     a2, zero, t3
core   0: 3 0x800035d8 (0x01c05633) x12 0x00000000
core   0: 0x800035dc (0xfc4ac803) lbu     a6, -60(s5)
core   0: 3 0x800035dc (0xfc4ac803) x16 0x00000000 mem 0x80013623
core   0: 0x800035e0 (0x00013517) auipc   a0, 0x13
core   0: 3 0x800035e0 (0x00013517) x10 0x800165e0
core   0: 0x800035e4 (0x51350513) addi    a0, a0, 1299
core   0: 3 0x800035e4 (0x51350513) x10 0x80016af3
core   0: 0x800035e8 (0xff650b03) lb      s6, -10(a0)
core   0: 3 0x800035e8 (0xff650b03) x22 0x00000000 mem 0x80016ae9
core   0: 0x800035ec (0xff154983) lbu     s3, -15(a0)
core   0: 3 0x800035ec (0xff154983) x19 0x00000000 mem 0x80016ae4
core   0: 0x800035f0 (0x004517a3) sh      tp, 15(a0)
core   0: 3 0x800035f0 (0x004517a3) mem 0x80016b02 0x0000
core   0: 0x800035f4 (0xfe050b23) sb      zero, -10(a0)
core   0: 3 0x800035f4 (0xfe050b23) mem 0x80016ae9 0x0
core   0: 0x800035f8 (0x8788a413) slti    s0, a7, -1928
core   0: 3 0x800035f8 (0x8788a413) x 8 0x00000001
core   0: 0x800035fc (0x0227b0b3) mulhu   ra, a5, sp
core   0: 3 0x800035fc (0x0227b0b3) x 1 0x00000000
core   0: 0x80003600 (0xffd52ca3) sw      t4, -7(a0)
core   0: 3 0x80003600 (0xffd52ca3) mem 0x80016aec 0x8001b214
core   0: 0x80003604 (0x00b55303) lhu     t1, 11(a0)
core   0: 3 0x80003604 (0x00b55303) x 6 0x00000000 mem 0x80016afe
core   0: 0x80003608 (0x033b0933) mul     s2, s6, s3
core   0: 3 0x80003608 (0x033b0933) x18 0x00000000
core   0: 0x8000360c (0x00550a03) lb      s4, 5(a0)
core   0: 3 0x8000360c (0x00550a03) x20 0x00000000 mem 0x80016af8
core   0: 0x80003610 (0xffc54783) lbu     a5, -4(a0)
core   0: 3 0x80003610 (0xffc54783) x15 0x00000080 mem 0x80016aef
core   0: 0x80003614 (0x0315b833) mulhu   a6, a1, a7
core   0: 3 0x80003614 (0x0315b833) x16 0x4002268d
core   0: 0x80003618 (0x00e54b03) lbu     s6, 14(a0)
core   0: 3 0x80003618 (0x00e54b03) x22 0x00000000 mem 0x80016b01
core   0: 0x8000361c (0xfe950b23) sb      s1, -10(a0)
core   0: 3 0x8000361c (0xfe950b23) mem 0x80016ae9 0xe
core   0: 0x80003620 (0x00450b03) lb      s6, 4(a0)
core   0: 3 0x80003620 (0x00450b03) x22 0x00000000 mem 0x80016af7
core   0: 0x80003624 (0x00250403) lb      s0, 2(a0)
core   0: 3 0x80003624 (0x00250403) x 8 0x00000000 mem 0x80016af5
core   0: 0x80003628 (0x00554683) lbu     a3, 5(a0)
core   0: 3 0x80003628 (0x00554683) x13 0x00000000 mem 0x80016af8
core   0: 0x8000362c (0xff050a03) lb      s4, -16(a0)
core   0: 3 0x8000362c (0xff050a03) x20 0x00000000 mem 0x80016ae3
core   0: 0x80003630 (0x02cfe133) rem     sp, t6, a2
core   0: 3 0x80003630 (0x02cfe133) x 2 0x00000000
core   0: 0x80003634 (0xffe54083) lbu     ra, -2(a0)
core   0: 3 0x80003634 (0xffe54083) x 1 0x00000000 mem 0x80016af1
core   0: 0x80003638 (0x00b50023) sb      a1, 0(a0)
core   0: 3 0x80003638 (0x00b50023) mem 0x80016af3 0xe4
core   0: 0x8000363c (0xfe051aa3) sh      zero, -11(a0)
core   0: 3 0x8000363c (0xfe051aa3) mem 0x80016ae8 0x0000
core   0: 0x80003640 (0xfff54903) lbu     s2, -1(a0)
core   0: 3 0x80003640 (0xfff54903) x18 0x00000000 mem 0x80016af2
core   0: 0x80003644 (0x0000845d) c.srai  s0, 23
core   0: 3 0x80003644 (0x845d) x 8 0x00000000
core   0: 0x80003646 (0x00751083) lh      ra, 7(a0)
core   0: 3 0x80003646 (0x00751083) x 1 0x00000000 mem 0x80016afa
core   0: 0x8000364a (0x00008c35) c.xor   s0, a3
core   0: 3 0x8000364a (0x8c35) x 8 0x00000000
core   0: 0x8000364c (0x03357db3) remu    s11, a0, s3
core   0: 3 0x8000364c (0x03357db3) x27 0x80016af3
core   0: 0x80003650 (0x00008fa9) c.xor   a5, a0
core   0: 3 0x80003650 (0x8fa9) x15 0x80016a73
core   0: 0x80003652 (0x013a1933) sll     s2, s4, s3
core   0: 3 0x80003652 (0x013a1933) x18 0x00000000
core   0: 0x80003656 (0x02ccce33) div     t3, s9, a2
core   0: 3 0x80003656 (0x02ccce33) x28 0xffffffff
core   0: 0x8000365a (0x413cde13) srai    t3, s9, 19
core   0: 3 0x8000365a (0x413cde13) x28 0x00000000
core   0: 0x8000365e (0xff350e23) sb      s3, -4(a0)
core   0: 3 0x8000365e (0xff350e23) mem 0x80016aef 0x0
core   0: 0x80003662 (0xffa54803) lbu     a6, -6(a0)
core   0: 3 0x80003662 (0xffa54803) x16 0x000000b2 mem 0x80016aed
core   0: 0x80003666 (0xfe850f23) sb      s0, -2(a0)
core   0: 3 0x80003666 (0xfe850f23) mem 0x80016af1 0x0
core   0: 0x8000366a (0xffc50383) lb      t2, -4(a0)
core   0: 3 0x8000366a (0xffc50383) x 7 0x00000000 mem 0x80016aef
core   0: 0x8000366e (0x00105f93) srli    t6, zero, 1
core   0: 3 0x8000366e (0x00105f93) x31 0x00000000
core   0: 0x80003672 (0xff850923) sb      s8, -14(a0)
core   0: 3 0x80003672 (0xff850923) mem 0x80016ae5 0x0
core   0: 0x80003676 (0x00010397) auipc   t2, 0x10
core   0: 3 0x80003676 (0x00010397) x 7 0x80013676
core   0: 0x8000367a (0x09a38393) addi    t2, t2, 154
core   0: 3 0x8000367a (0x09a38393) x 7 0x80013710
core   0: 0x8000367e (0xfeb39923) sh      a1, -14(t2)
core   0: 3 0x8000367e (0xfeb39923) mem 0x80013702 0xcce4
core   0: 0x80003682 (0xfe338aa3) sb      gp, -11(t2)
core   0: 3 0x80003682 (0xfe338aa3) mem 0x80013705 0x0
core   0: 0x80003686 (0xfee38aa3) sb      a4, -11(t2)
core   0: 3 0x80003686 (0xfee38aa3) mem 0x80013705 0x64
core   0: 0x8000368a (0x00008c3d) c.xor   s0, a5
core   0: 3 0x8000368a (0x8c3d) x 8 0x80016a73
core   0: 0x8000368c (0x00f39823) sh      a5, 16(t2)
core   0: 3 0x8000368c (0x00f39823) mem 0x80013720 0x6a73
core   0: 0x80003690 (0x02d07c33) remu    s8, zero, a3
core   0: 3 0x80003690 (0x02d07c33) x24 0x00000000
core   0: 0x80003694 (0x01038103) lb      sp, 16(t2)
core   0: 3 0x80003694 (0x01038103) x 2 0x00000073 mem 0x80013720
core   0: 0x80003698 (0x0113a823) sw      a7, 16(t2)
core   0: 3 0x80003698 (0x0113a823) mem 0x80013720 0x8001802e
core   0: 0x8000369c (0x00d38103) lb      sp, 13(t2)
core   0: 3 0x8000369c (0x00d38103) x 2 0x00000000 mem 0x8001371d
core   0: 0x800036a0 (0x01e386a3) sb      t5, 13(t2)
core   0: 3 0x800036a0 (0x01e386a3) mem 0x8001371d 0x0
core   0: 0x800036a4 (0x0013a223) sw      ra, 4(t2)
core   0: 3 0x800036a4 (0x0013a223) mem 0x80013714 0x00000000
core   0: 0x800036a8 (0x4043d793) srai    a5, t2, 4
core   0: 3 0x800036a8 (0x4043d793) x15 0xf8001371
core   0: 0x800036ac (0x014cbbb3) sltu    s7, s9, s4
core   0: 3 0x800036ac (0x014cbbb3) x23 0x00000000
core   0: 0x800036b0 (0x0043a103) lw      sp, 4(t2)
core   0: 3 0x800036b0 (0x0043a103) x 2 0x00000000 mem 0x80013714
core   0: 0x800036b4 (0x00008eba) c.mv    t4, a4
core   0: 3 0x800036b4 (0x8eba) x29 0x80028e64
core   0: 0x800036b6 (0x00dc4cb3) xor     s9, s8, a3
core   0: 3 0x800036b6 (0x00dc4cb3) x25 0x00000000
core   0: 0x800036ba (0x00639223) sh      t1, 4(t2)
core   0: 3 0x800036ba (0x00639223) mem 0x80013714 0x0000
core   0: 0x800036be (0x41785133) sra     sp, a6, s7
core   0: 3 0x800036be (0x41785133) x 2 0x000000b2
core   0: 0x800036c2 (0x0043a603) lw      a2, 4(t2)
core   0: 3 0x800036c2 (0x0043a603) x12 0x00000000 mem 0x80013714
core   0: 0x800036c6 (0xff13c283) lbu     t0, -15(t2)
core   0: 3 0x800036c6 (0xff13c283) x 5 0x00000000 mem 0x80013701
core   0: 0x800036ca (0x00538903) lb      s2, 5(t2)
core   0: 3 0x800036ca (0x00538903) x18 0x00000000 mem 0x80013715
core   0: 0x800036ce (0x00019497) auipc   s1, 0x19
core   0: 3 0x800036ce (0x00019497) x 9 0x8001c6ce
core   0: 0x800036d2 (0xaca48493) addi    s1, s1, -1334
core   0: 3 0x800036d2 (0xaca48493) x 9 0x8001c198
core   0: 0x800036d6 (0xffe4d103) lhu     sp, -2(s1)
core   0: 3 0x800036d6 (0xffe4d103) x 2 0x00000000 mem 0x8001c196
core   0: 0x800036da (0x001485a3) sb      ra, 11(s1)
core   0: 3 0x800036da (0x001485a3) mem 0x8001c1a3 0x0
core   0: 0x800036de (0x016020b3) slt     ra, zero, s6
core   0: 3 0x800036de (0x016020b3) x 1 0x00000000
core   0: 0x800036e2 (0x0163d7b3) srl     a5, t2, s6
core   0: 3 0x800036e2 (0x0163d7b3) x15 0x80013710
core   0: 0x800036e6 (0x000093d6) c.add   t2, s5
core   0: 3 0x800036e6 (0x93d6) x 7 0x00026d6f
core   0: 0x800036e8 (0x1e617437) lui     s0, 0x1e617
core   0: 3 0x800036e8 (0x1e617437) x 8 0x1e617000
core   0: 0x800036ec (0x02a8cfb3) div     t6, a7, a0
core   0: 3 0x800036ec (0x02a8cfb3) x31 0x00000000
core   0: 0x800036f0 (0xffd4cc83) lbu     s9, -3(s1)
core   0: 3 0x800036f0 (0xffd4cc83) x25 0x00000000 mem 0x8001c195
core   0: 0x800036f4 (0xa4e98693) addi    a3, s3, -1458
core   0: 3 0x800036f4 (0xa4e98693) x13 0xfffffa4e
core   0: 0x800036f8 (0xbfbc3913) sltiu   s2, s8, -1029
core   0: 3 0x800036f8 (0xbfbc3913) x18 0x00000001
core   0: 0x800036fc (0xff64d683) lhu     a3, -10(s1)
core   0: 3 0x800036fc (0xff64d683) x13 0x00000000 mem 0x8001c18e
core   0: 0x80003700 (0x00008ff1) c.and   a5, a2
core   0: 3 0x80003700 (0x8ff1) x15 0x00000000
core   0: 0x80003702 (0xfe149923) sh      ra, -14(s1)
core   0: 3 0x80003702 (0xfe149923) mem 0x8001c18a 0x0000
core   0: 0x80003706 (0x00009312) c.add   t1, tp
core   0: 3 0x80003706 (0x9312) x 6 0x00000000
core   0: 0x80003708 (0x00000001) c.nop
core   0: 3 0x80003708 (0x0001)
core   0: 0x8000370a (0x0354bab3) mulhu   s5, s1, s5
core   0: 3 0x8000370a (0x0354bab3) x21 0x40017bfd
core   0: 0x8000370e (0x009482a3) sb      s1, 5(s1)
core   0: 3 0x8000370e (0x009482a3) mem 0x8001c19d 0x98
core   0: 0x80003712 (0x25903513) sltiu   a0, zero, 601
core   0: 3 0x80003712 (0x25903513) x10 0x00000001
core   0: 0x80003716 (0x021c3933) mulhu   s2, s8, ra
core   0: 3 0x80003716 (0x021c3933) x18 0x00000000
core   0: 0x8000371a (0x00e6f1b3) and     gp, a3, a4
core   0: 3 0x8000371a (0x00e6f1b3) x 3 0x00000000
core   0: 0x8000371e (0x01448123) sb      s4, 2(s1)
core   0: 3 0x8000371e (0x01448123) mem 0x8001c19a 0x0
core   0: 0x80003722 (0xff648003) lb      zero, -10(s1)
core   0: 3 0x80003722 (0xff648003) mem 0x8001c18e
core   0: 0x80003726 (0xffc48fa3) sb      t3, -1(s1)
core   0: 3 0x80003726 (0xffc48fa3) mem 0x8001c197 0x0
core   0: 0x8000372a (0xffd48ea3) sb      t4, -3(s1)
core   0: 3 0x8000372a (0xffd48ea3) mem 0x8001c195 0x64
core   0: 0x8000372e (0x00e481a3) sb      a4, 3(s1)
core   0: 3 0x8000372e (0x00e481a3) mem 0x8001c19b 0x64
core   0: 0x80003732 (0x018f9bb3) sll     s7, t6, s8
core   0: 3 0x80003732 (0x018f9bb3) x23 0x00000000
core   0: 0x80003736 (0x004484a3) sb      tp, 9(s1)
core   0: 3 0x80003736 (0x004484a3) mem 0x8001c1a1 0x0
core   0: 0x8000373a (0x000001d6) c.slli  gp, 21
core   0: 3 0x8000373a (0x01d6) x 3 0x00000000
core   0: 0x8000373c (0xfe248da3) sb      sp, -5(s1)
core   0: 3 0x8000373c (0xfe248da3) mem 0x8001c193 0x0
core   0: 0x80003740 (0xff94cf83) lbu     t6, -7(s1)
core   0: 3 0x80003740 (0xff94cf83) x31 0x00000000 mem 0x8001c191
core   0: 0x80003744 (0x00006b89) c.lui   s7, 0x2
core   0: 3 0x80003744 (0x6b89) x23 0x00002000
core   0: 0x80003746 (0xffa48883) lb      a7, -6(s1)
core   0: 3 0x80003746 (0xffa48883) x17 0x00000000 mem 0x8001c192
core   0: 0x8000374a (0x00ca5c93) srli    s9, s4, 12
core   0: 3 0x8000374a (0x00ca5c93) x25 0x00000000
core   0: 0x8000374e (0x99e27513) andi    a0, tp, -1634
core   0: 3 0x8000374e (0x99e27513) x10 0x00000000
core   0: 0x80003752 (0x03b6b3b3) mulhu   t2, a3, s11
core   0: 3 0x80003752 (0x03b6b3b3) x 7 0x00000000
core   0: 0x80003756 (0x0374be33) mulhu   t3, s1, s7
core   0: 3 0x80003756 (0x0374be33) x28 0x00001000
core   0: 0x8000375a (0xff948383) lb      t2, -7(s1)
core   0: 3 0x8000375a (0xff948383) x 7 0x00000000 mem 0x8001c191
core   0: 0x8000375e (0x67614897) auipc   a7, 0x67614
core   0: 3 0x8000375e (0x67614897) x17 0xe761775e
core   0: 0x80003762 (0x9ec94b13) xori    s6, s2, -1556
core   0: 3 0x80003762 (0x9ec94b13) x22 0xfffff9ec
core   0: 0x80003766 (0x02f8abb3) mulhsu  s7, a7, a5
core   0: 3 0x80003766 (0x02f8abb3) x23 0x00000000
core   0: 0x8000376a (0x03217db3) remu    s11, sp, s2
core   0: 3 0x8000376a (0x03217db3) x27 0x00000000
core   0: 0x8000376e (0x002482a3) sb      sp, 5(s1)
core   0: 3 0x8000376e (0x002482a3) mem 0x8001c19d 0x0
core   0: 0x80003772 (0x0001c117) auipc   sp, 0x1c
core   0: 3 0x80003772 (0x0001c117) x 2 0x8001f772
core   0: 0x80003776 (0x43c10113) addi    sp, sp, 1084
core   0: 3 0x80003776 (0x43c10113) x 2 0x8001fbae
core   0: 0x8000377a (0x23012123) sw      a6, 546(sp)
core   0: 3 0x8000377a (0x23012123) mem 0x8001fdd0 0x000000b2
core   0: 0x8000377e (0x22212183) lw      gp, 546(sp)
core   0: 3 0x8000377e (0x22212183) x 3 0x000000b2 mem 0x8001fdd0
core   0: 0x80003782 (0x22212123) sw      sp, 546(sp)
core   0: 3 0x80003782 (0x22212123) mem 0x8001fdd0 0x8001fbae
core   0: 0x80003786 (0x22212903) lw      s2, 546(sp)
core   0: 3 0x80003786 (0x22212903) x18 0x8001fbae mem 0x8001fdd0
core   0: 0x8000378a (0x22215083) lhu     ra, 546(sp)
core   0: 3 0x8000378a (0x22215083) x 1 0x0000fbae mem 0x8001fdd0
core   0: 0x8000378e (0x22211603) lh      a2, 546(sp)
core   0: 3 0x8000378e (0x22211603) x12 0xfffffbae mem 0x8001fdd0
core   0: 0x80003792 (0x00000001) c.nop
core   0: 3 0x80003792 (0x0001)
core   0: 0x80003794 (0x22214b03) lbu     s6, 546(sp)
core   0: 3 0x80003794 (0x22214b03) x22 0x000000ae mem 0x8001fdd0
core   0: 0x80003798 (0x22212803) lw      a6, 546(sp)
core   0: 3 0x80003798 (0x22212803) x16 0x8001fbae mem 0x8001fdd0
core   0: 0x8000379c (0x22210c03) lb      s8, 546(sp)
core   0: 3 0x8000379c (0x22210c03) x24 0xffffffae mem 0x8001fdd0
core   0: 0x800037a0 (0x22214303) lbu     t1, 546(sp)
core   0: 3 0x800037a0 (0x22214303) x 6 0x000000ae mem 0x8001fdd0
core   0: 0x800037a4 (0x22212503) lw      a0, 546(sp)
core   0: 3 0x800037a4 (0x22212503) x10 0x8001fbae mem 0x8001fdd0
core   0: 0x800037a8 (0x22215d83) lhu     s11, 546(sp)
core   0: 3 0x800037a8 (0x22215d83) x27 0x0000fbae mem 0x8001fdd0
core   0: 0x800037ac (0x8f214603) lbu     a2, -1806(sp)
core   0: 3 0x800037ac (0x8f214603) x12 0x00000000 mem 0x8001f4a0
core   0: 0x800037b0 (0x8fc10923) sb      t3, -1806(sp)
core   0: 3 0x800037b0 (0x8fc10923) mem 0x8001f4a0 0x0
core   0: 0x800037b4 (0x8fc10923) sb      t3, -1806(sp)
core   0: 3 0x800037b4 (0x8fc10923) mem 0x8001f4a0 0x0
core   0: 0x800037b8 (0x8f212503) lw      a0, -1806(sp)
core   0: 3 0x800037b8 (0x8f212503) x10 0x00000000 mem 0x8001f4a0
core   0: 0x800037bc (0x00012317) auipc   t1, 0x12
core   0: 3 0x800037bc (0x00012317) x 6 0x800157bc
core   0: 0x800037c0 (0x8e030313) addi    t1, t1, -1824
core   0: 3 0x800037c0 (0x8e030313) x 6 0x8001509c
core   0: 0x800037c4 (0x0001b617) auipc   a2, 0x1b
core   0: 3 0x800037c4 (0x0001b617) x12 0x8001e7c4
core   0: 0x800037c8 (0xc0460613) addi    a2, a2, -1020
core   0: 3 0x800037c8 (0xc0460613) x12 0x8001e3c8
core   0: 0x800037cc (0x00560883) lb      a7, 5(a2)
core   0: 3 0x800037cc (0x00560883) x17 0x00000000 mem 0x8001e3cd
core   0: 0x800037d0 (0xf9f34903) lbu     s2, -97(t1)
core   0: 3 0x800037d0 (0xf9f34903) x18 0x00000000 mem 0x8001503b
core   0: 0x800037d4 (0xfee60a23) sb      a4, -12(a2)
core   0: 3 0x800037d4 (0xfee60a23) mem 0x8001e3bc 0x64
core   0: 0x800037d8 (0xfd230103) lb      sp, -46(t1)
core   0: 3 0x800037d8 (0xfd230103) x 2 0x00000000 mem 0x8001506e
core   0: 0x800037dc (0xf8b31d23) sh      a1, -102(t1)
core   0: 3 0x800037dc (0xf8b31d23) mem 0x80015036 0xcce4
core   0: 0x800037e0 (0xfeb60aa3) sb      a1, -11(a2)
core   0: 3 0x800037e0 (0xfeb60aa3) mem 0x8001e3bd 0xe4
core   0: 0x800037e4 (0x06334803) lbu     a6, 99(t1)
core   0: 3 0x800037e4 (0x06334803) x16 0x00000000 mem 0x800150ff
core   0: 0x800037e8 (0xffb61d23) sh      s11, -6(a2)
core   0: 3 0x800037e8 (0xffb61d23) mem 0x8001e3c2 0xfbae
core   0: 0x800037ec (0xf8230723) sb      sp, -114(t1)
core   0: 3 0x800037ec (0xf8230723) mem 0x8001502a 0x0
core   0: 0x800037f0 (0xf2d30623) sb      a3, -212(t1)
core   0: 3 0x800037f0 (0xf2d30623) mem 0x80014fc8 0x0
core   0: 0x800037f4 (0xff262823) sw      s2, -16(a2)
core   0: 3 0x800037f4 (0xff262823) mem 0x8001e3b8 0x00000000
core   0: 0x800037f8 (0xfe262e23) sw      sp, -4(a2)
core   0: 3 0x800037f8 (0xfe262e23) mem 0x8001e3c4 0x00000000
core   0: 0x800037fc (0xfc734783) lbu     a5, -57(t1)
core   0: 3 0x800037fc (0xfc734783) x15 0x00000000 mem 0x80015063
core   0: 0x80003800 (0x00004254) c.lw    a3, 4(a2)
core   0: 3 0x80003800 (0x4254) x13 0x00000000 mem 0x8001e3cc
core   0: 0x80003802 (0x0b430883) lb      a7, 180(t1)
core   0: 3 0x80003802 (0x0b430883) x17 0x00000000 mem 0x80015150
core   0: 0x80003806 (0xffc60783) lb      a5, -4(a2)
core   0: 3 0x80003806 (0xffc60783) x15 0x00000000 mem 0x8001e3c4
core   0: 0x8000380a (0x00b60e03) lb      t3, 11(a2)
core   0: 3 0x8000380a (0x00b60e03) x28 0x00000000 mem 0x8001e3d3
core   0: 0x8000380e (0x00010397) auipc   t2, 0x10
core   0: 3 0x8000380e (0x00010397) x 7 0x8001380e
core   0: 0x80003812 (0xf7138393) addi    t2, t2, -143
core   0: 3 0x80003812 (0xf7138393) x 7 0x8001377f
core   0: 0x80003816 (0x00010097) auipc   ra, 0x10
core   0: 3 0x80003816 (0x00010097) x 1 0x80013816
core   0: 0x8000381a (0x65a08093) addi    ra, ra, 1626
core   0: 3 0x8000381a (0x65a08093) x 1 0x80013e70
core   0: 0x8000381e (0x00010217) auipc   tp, 0x10
core   0: 3 0x8000381e (0x00010217) x 4 0x8001381e
core   0: 0x80003822 (0x2e020213) addi    tp, tp, 736
core   0: 3 0x80003822 (0x2e020213) x 4 0x80013afe
core   0: 0x80003826 (0x00f3dc03) lhu     s8, 15(t2)
core   0: 3 0x80003826 (0x00f3dc03) x24 0x00000000 mem 0x8001378e
core   0: 0x8000382a (0x00010617) auipc   a2, 0x10
core   0: 3 0x8000382a (0x00010617) x12 0x8001382a
core   0: 0x8000382e (0xf2b60613) addi    a2, a2, -213
core   0: 3 0x8000382e (0xf2b60613) x12 0x80013755
core   0: 0x80003832 (0x00010f97) auipc   t6, 0x10
core   0: 3 0x80003832 (0x00010f97) x31 0x80013832
core   0: 0x80003836 (0x250f8f93) addi    t6, t6, 592
core   0: 3 0x80003836 (0x250f8f93) x31 0x80013a82
core   0: 0x8000383a (0x036206a3) sb      s6, 45(tp)
core   0: 3 0x8000383a (0x036206a3) mem 0x80013b2b 0xae
core   0: 0x8000383e (0x00d3dd03) lhu     s10, 13(t2)
core   0: 3 0x8000383e (0x00d3dd03) x26 0x00000000 mem 0x8001378c
core   0: 0x80003842 (0xf9f62b03) lw      s6, -97(a2)
core   0: 3 0x80003842 (0xf9f62b03) x22 0x00000000 mem 0x800136f4
core   0: 0x80003846 (0x0043c103) lbu     sp, 4(t2)
core   0: 3 0x80003846 (0x0043c103) x 2 0x00000000 mem 0x80013783
core   0: 0x8000384a (0xf4e60923) sb      a4, -174(a2)
core   0: 3 0x8000384a (0xf4e60923) mem 0x800136a7 0x64
core   0: 0x8000384e (0xcfc0a883) lw      a7, -772(ra)
core   0: 3 0x8000384e (0xcfc0a883) x17 0x00000000 mem 0x80013b6c
core   0: 0x80003852 (0x02b24283) lbu     t0, 43(tp)
core   0: 3 0x80003852 (0x02b24283) x 5 0x00000000 mem 0x80013b29
core   0: 0x80003856 (0x02220a23) sb      sp, 52(tp)
core   0: 3 0x80003856 (0x02220a23) mem 0x80013b32 0x0
core   0: 0x8000385a (0xedd08803) lb      a6, -291(ra)
core   0: 3 0x8000385a (0xedd08803) x16 0x00000000 mem 0x80013d4d
core   0: 0x8000385e (0x02b65483) lhu     s1, 43(a2)
core   0: 3 0x8000385e (0x02b65483) x 9 0x00000000 mem 0x80013780
core   0: 0x80003862 (0xfb561183) lh      gp, -75(a2)
core   0: 3 0x80003862 (0xfb561183) x 3 0x00000000 mem 0x8001370a
core   0: 0x80003866 (0x02621f23) sh      t1, 62(tp)
core   0: 3 0x80003866 (0x02621f23) mem 0x80013b3c 0x509c
core   0: 0x8000386a (0x05af8003) lb      zero, 90(t6)
core   0: 3 0x8000386a (0x05af8003) mem 0x80013adc
core   0: 0x8000386e (0x01438123) sb      s4, 2(t2)
core   0: 3 0x8000386e (0x01438123) mem 0x80013781 0x0
core   0: 0x80003872 (0x07a60783) lb      a5, 122(a2)
core   0: 3 0x80003872 (0x07a60783) x15 0x00000000 mem 0x800137cf
core   0: 0x80003876 (0x063f85a3) sb      gp, 107(t6)
core   0: 3 0x80003876 (0x063f85a3) mem 0x80013aed 0x0
core   0: 0x8000387a (0x01538523) sb      s5, 10(t2)
core   0: 3 0x8000387a (0x01538523) mem 0x80013789 0xfd
core   0: 0x8000387e (0xf18f8503) lb      a0, -232(t6)
core   0: 3 0x8000387e (0xf18f8503) x10 0x00000000 mem 0x8001399a
core   0: 0x80003882 (0xfcb65e03) lhu     t3, -53(a2)
core   0: 3 0x80003882 (0xfcb65e03) x28 0x0000802e mem 0x80013720
core   0: 0x80003886 (0xfe120003) lb      zero, -31(tp)
core   0: 3 0x80003886 (0xfe120003) mem 0x80013adf
core   0: 0x8000388a (0xe7b09023) sh      s11, -416(ra)
core   0: 3 0x8000388a (0xe7b09023) mem 0x80013cd0 0xfbae
core   0: 0x8000388e (0xfd920e03) lb      t3, -39(tp)
core   0: 3 0x8000388e (0xfd920e03) x28 0x00000000 mem 0x80013ad7
core   0: 0x80003892 (0x03df87a3) sb      t4, 47(t6)
core   0: 3 0x80003892 (0x03df87a3) mem 0x80013ab1 0x64
core   0: 0x80003896 (0x00238d03) lb      s10, 2(t2)
core   0: 3 0x80003896 (0x00238d03) x26 0x00000000 mem 0x80013781
core   0: 0x8000389a (0xab70c103) lbu     sp, -1353(ra)
core   0: 3 0x8000389a (0xab70c103) x 2 0x00000000 mem 0x80013927
core   0: 0x8000389e (0x004f83a3) sb      tp, 7(t6)
core   0: 3 0x8000389e (0x004f83a3) mem 0x80013a89 0xfe
core   0: 0x800038a2 (0x01122923) sw      a7, 18(tp)
core   0: 3 0x800038a2 (0x01122923) mem 0x80013b10 0x00000000
core   0: 0x800038a6 (0xf04f8c83) lb      s9, -252(t6)
core   0: 3 0x800038a6 (0xf04f8c83) x25 0x00000000 mem 0x80013986
core   0: 0x800038aa (0xf6bfc283) lbu     t0, -149(t6)
core   0: 3 0x800038aa (0xf6bfc283) x 5 0x00000000 mem 0x800139ed
core   0: 0x800038ae (0xf2d083a3) sb      a3, -217(ra)
core   0: 3 0x800038ae (0xf2d083a3) mem 0x80013d97 0x0
core   0: 0x800038b2 (0x00f3c903) lbu     s2, 15(t2)
core   0: 3 0x800038b2 (0x00f3c903) x18 0x00000000 mem 0x8001378e
core   0: 0x800038b6 (0xe15081a3) sb      s5, -509(ra)
core   0: 3 0x800038b6 (0xe15081a3) mem 0x80013c73 0xfd
core   0: 0x800038ba (0xf74fc003) lbu     zero, -140(t6)
core   0: 3 0x800038ba (0xf74fc003) mem 0x800139f6
core   0: 0x800038be (0x01b20c83) lb      s9, 27(tp)
core   0: 3 0x800038be (0x01b20c83) x25 0x00000000 mem 0x80013b19
core   0: 0x800038c2 (0x93c09e03) lh      t3, -1732(ra)
core   0: 3 0x800038c2 (0x93c09e03) x28 0x00000000 mem 0x800137ac
core   0: 0x800038c6 (0x0c0608a3) sb      zero, 209(a2)
core   0: 3 0x800038c6 (0x0c0608a3) mem 0x80013826 0x0
core   0: 0x800038ca (0x00e38b83) lb      s7, 14(t2)
core   0: 3 0x800038ca (0x00e38b83) x23 0x00000000 mem 0x8001378d
core   0: 0x800038ce (0x06e64403) lbu     s0, 110(a2)
core   0: 3 0x800038ce (0x06e64403) x 8 0x00000000 mem 0x800137c3
core   0: 0x800038d2 (0x06c64303) lbu     t1, 108(a2)
core   0: 3 0x800038d2 (0x06c64303) x 6 0x00000000 mem 0x800137c1
core   0: 0x800038d6 (0xfc560b83) lb      s7, -59(a2)
core   0: 3 0x800038d6 (0xfc560b83) x23 0x00000000 mem 0x8001371a
core   0: 0x800038da (0x105087a3) sb      t0, 271(ra)
core   0: 3 0x800038da (0x105087a3) mem 0x80013f7f 0x0
core   0: 0x800038de (0xff621e03) lh      t3, -10(tp)
core   0: 3 0x800038de (0xff621e03) x28 0x00000000 mem 0x80013af4
core   0: 0x800038e2 (0xf52fce83) lbu     t4, -174(t6)
core   0: 3 0x800038e2 (0xf52fce83) x29 0x00000000 mem 0x800139d4
core   0: 0x800038e6 (0x03e21623) sh      t5, 44(tp)
core   0: 3 0x800038e6 (0x03e21623) mem 0x80013b2a 0x0000
core   0: 0x800038ea (0x00018e17) auipc   t3, 0x18
core   0: 3 0x800038ea (0x00018e17) x28 0x8001b8ea
core   0: 0x800038ee (0xca0e0e13) addi    t3, t3, -864
core   0: 3 0x800038ee (0xca0e0e13) x28 0x8001b58a
core   0: 0x800038f2 (0x00ae2483) lw      s1, 10(t3)
core   0: 3 0x800038f2 (0x00ae2483) x 9 0x00000000 mem 0x8001b594
core   0: 0x800038f6 (0xff3e0403) lb      s0, -13(t3)
core   0: 3 0x800038f6 (0xff3e0403) x 8 0x00000000 mem 0x8001b57d
core   0: 0x800038fa (0x00008edd) c.or    a3, a5
core   0: 3 0x800038fa (0x8edd) x13 0x00000000
core   0: 0x800038fc (0xff4e1603) lh      a2, -12(t3)
core   0: 3 0x800038fc (0xff4e1603) x12 0x00000000 mem 0x8001b57e
core   0: 0x80003900 (0x00008d55) c.or    a0, a3
core   0: 3 0x80003900 (0x8d55) x10 0x00000000
core   0: 0x80003902 (0x00008c5d) c.or    s0, a5
core   0: 3 0x80003902 (0x8c5d) x 8 0x00000000
core   0: 0x80003904 (0x36010e93) addi    t4, sp, 864
core   0: 3 0x80003904 (0x36010e93) x29 0x00000360
core   0: 0x80003908 (0x01424b33) xor     s6, tp, s4
core   0: 3 0x80003908 (0x01424b33) x22 0x80013afe
core   0: 0x8000390c (0x02e736b3) mulhu   a3, a4, a4
core   0: 3 0x8000390c (0x02e736b3) x13 0x40028e6a
core   0: 0x80003910 (0x00006539) c.lui   a0, 0xe
core   0: 3 0x80003910 (0x6539) x10 0x0000e000
core   0: 0x80003912 (0x03825a33) divu    s4, tp, s8
core   0: 3 0x80003912 (0x03825a33) x20 0xffffffff
core   0: 0x80003916 (0xffde0083) lb      ra, -3(t3)
core   0: 3 0x80003916 (0xffde0083) x 1 0x00000000 mem 0x8001b587
core   0: 0x8000391a (0x3f933493) sltiu   s1, t1, 1017
core   0: 3 0x8000391a (0x3f933493) x 9 0x00000001
core   0: 0x8000391e (0x008e1b03) lh      s6, 8(t3)
core   0: 3 0x8000391e (0x008e1b03) x22 0x00000000 mem 0x8001b592
core   0: 0x80003922 (0x004e4b83) lbu     s7, 4(t3)
core   0: 3 0x80003922 (0x004e4b83) x23 0x00000000 mem 0x8001b58e
core   0: 0x80003926 (0x00a5a933) slt     s2, a1, a0
core   0: 3 0x80003926 (0x00a5a933) x18 0x00000001
core   0: 0x8000392a (0x00c416b3) sll     a3, s0, a2
core   0: 3 0x8000392a (0x00c416b3) x13 0x00000000
core   0: 0x8000392e (0xf802f913) andi    s2, t0, -128
core   0: 3 0x8000392e (0xf802f913) x18 0x00000000
core   0: 0x80003932 (0xfefe2923) sw      a5, -14(t3)
core   0: 3 0x80003932 (0xfefe2923) mem 0x8001b57c 0x00000000
core   0: 0x80003936 (0xff4e5483) lhu     s1, -12(t3)
core   0: 3 0x80003936 (0xff4e5483) x 9 0x00000000 mem 0x8001b57e
core   0: 0x8000393a (0x4197dd13) srai    s10, a5, 25
core   0: 3 0x8000393a (0x4197dd13) x26 0x00000000
core   0: 0x8000393e (0xff5e08a3) sb      s5, -15(t3)
core   0: 3 0x8000393e (0xff5e08a3) mem 0x8001b57b 0xfd
core   0: 0x80003942 (0x00008245) c.srli  a2, 17
core   0: 3 0x80003942 (0x8245) x12 0x00000000
core   0: 0x80003944 (0x036df3b3) remu    t2, s11, s6
core   0: 3 0x80003944 (0x036df3b3) x 7 0x0000fbae
core   0: 0x80003948 (0x00008c99) c.sub   s1, a4
core   0: 3 0x80003948 (0x8c99) x 9 0x7ffd719c
core   0: 0x8000394a (0xff1e0e83) lb      t4, -15(t3)
core   0: 3 0x8000394a (0xff1e0e83) x29 0xfffffffd mem 0x8001b57b
core   0: 0x8000394e (0x03a1ceb3) div     t4, gp, s10
core   0: 3 0x8000394e (0x03a1ceb3) x29 0xffffffff
core   0: 0x80003952 (0xfeee0da3) sb      a4, -5(t3)
core   0: 3 0x80003952 (0xfeee0da3) mem 0x8001b585 0x64
core   0: 0x80003956 (0x007e0303) lb      t1, 7(t3)
core   0: 3 0x80003956 (0x007e0303) x 6 0x00000000 mem 0x8001b591
core   0: 0x8000395a (0x00a151b3) srl     gp, sp, a0
core   0: 3 0x8000395a (0x00a151b3) x 3 0x00000000
core   0: 0x8000395e (0x00008e41) c.or    a2, s0
core   0: 3 0x8000395e (0x8e41) x12 0x00000000
core   0: 0x80003960 (0x003e0783) lb      a5, 3(t3)
core   0: 3 0x80003960 (0x003e0783) x15 0x00000000 mem 0x8001b58d
core   0: 0x80003964 (0x03061033) mulh    zero, a2, a6
core   0: 3 0x80003964 (0x03061033)
core   0: 0x80003968 (0x407a5213) srai    tp, s4, 7
core   0: 3 0x80003968 (0x407a5213) x 4 0xffffffff
core   0: 0x8000396c (0x0000717d) c.addi16sp sp, -16
core   0: 3 0x8000396c (0x717d) x 2 0xfffffff0
core   0: 0x8000396e (0xff9e1e23) sh      s9, -4(t3)
core   0: 3 0x8000396e (0xff9e1e23) mem 0x8001b586 0x0000
core   0: 0x80003972 (0x00ce0283) lb      t0, 12(t3)
core   0: 3 0x80003972 (0x00ce0283) x 5 0x00000000 mem 0x8001b596
core   0: 0x80003976 (0xffce0983) lb      s3, -4(t3)
core   0: 3 0x80003976 (0xffce0983) x19 0x00000000 mem 0x8001b586
core   0: 0x8000397a (0x00de0403) lb      s0, 13(t3)
core   0: 3 0x8000397a (0x00de0403) x 8 0x00000000 mem 0x8001b597
core   0: 0x8000397e (0x00000aaa) c.slli  s5, 10
core   0: 3 0x8000397e (0x0aaa) x21 0x05eff400
core   0: 0x80003980 (0x00008e35) c.xor   a2, a3
core   0: 3 0x80003980 (0x8e35) x12 0x00000000
core   0: 0x80003982 (0xff8e0a23) sb      s8, -12(t3)
core   0: 3 0x80003982 (0xff8e0a23) mem 0x8001b57e 0x0
core   0: 0x80003986 (0x03e5f833) remu    a6, a1, t5
core   0: 3 0x80003986 (0x03e5f833) x16 0x0002cce4
core   0: 0x8000398a (0xff8e5403) lhu     s0, -8(t3)
core   0: 3 0x8000398a (0xff8e5403) x 8 0x00000000 mem 0x8001b582
core   0: 0x8000398e (0xfe5e0f23) sb      t0, -2(t3)
core   0: 3 0x8000398e (0xfe5e0f23) mem 0x8001b588 0x0
core   0: 0x80003992 (0x00be4d83) lbu     s11, 11(t3)
core   0: 3 0x80003992 (0x00be4d83) x27 0x00000000 mem 0x8001b595
core   0: 0x80003996 (0xff6e4683) lbu     a3, -10(t3)
core   0: 3 0x80003996 (0xff6e4683) x13 0x00000000 mem 0x8001b580
core   0: 0x8000399a (0x00008f91) c.sub   a5, a2
core   0: 3 0x8000399a (0x8f91) x15 0x00000000
core   0: 0x8000399c (0x01a90a33) add     s4, s2, s10
core   0: 3 0x8000399c (0x01a90a33) x20 0x00000000
core   0: 0x800039a0 (0x1140fa93) andi    s5, ra, 276
core   0: 3 0x800039a0 (0x1140fa93) x21 0x00000000
core   0: 0x800039a4 (0x010f57b3) srl     a5, t5, a6
core   0: 3 0x800039a4 (0x010f57b3) x15 0x08000000
core   0: 0x800039a8 (0x0000849d) c.srai  s1, 7
core   0: 3 0x800039a8 (0x849d) x 9 0x00fffae3
core   0: 0x800039aa (0x010e4603) lbu     a2, 16(t3)
core   0: 3 0x800039aa (0x010e4603) x12 0x00000000 mem 0x8001b59a
core   0: 0x800039ae (0xfe1e08a3) sb      ra, -15(t3)
core   0: 3 0x800039ae (0xfe1e08a3) mem 0x8001b57b 0x0
core   0: 0x800039b2 (0x00be4d83) lbu     s11, 11(t3)
core   0: 3 0x800039b2 (0x00be4d83) x27 0x00000000 mem 0x8001b595
core   0: 0x800039b6 (0x0001c697) auipc   a3, 0x1c
core   0: 3 0x800039b6 (0x0001c697) x13 0x8001f9b6
core   0: 0x800039ba (0xcfc68693) addi    a3, a3, -772
core   0: 3 0x800039ba (0xcfc68693) x13 0x8001f6b2
core   0: 0x800039be (0x00668803) lb      a6, 6(a3)
core   0: 3 0x800039be (0x00668803) x16 0x00000000 mem 0x8001f6b8
core   0: 0x800039c2 (0xfee68fa3) sb      a4, -1(a3)
core   0: 3 0x800039c2 (0xfee68fa3) mem 0x8001f6b1 0x64
core   0: 0x800039c6 (0x033a4433) div     s0, s4, s3
core   0: 3 0x800039c6 (0x033a4433) x 8 0xffffffff
core   0: 0x800039ca (0xff46c783) lbu     a5, -12(a3)
core   0: 3 0x800039ca (0xff46c783) x15 0x00000000 mem 0x8001f6a6
core   0: 0x800039ce (0x0000811d) c.srli  a0, 7
core   0: 3 0x800039ce (0x811d) x10 0x000001c0
core   0: 0x800039d0 (0xfe069a23) sh      zero, -12(a3)
core   0: 3 0x800039d0 (0xfe069a23) mem 0x8001f6a6 0x0000
core   0: 0x800039d4 (0x1d877413) andi    s0, a4, 472
core   0: 3 0x800039d4 (0x1d877413) x 8 0x00000040
core   0: 0x800039d8 (0x00006809) c.lui   a6, 0x2
core   0: 3 0x800039d8 (0x6809) x16 0x00002000
core   0: 0x800039da (0xffc69403) lh      s0, -4(a3)
core   0: 3 0x800039da (0xffc69403) x 8 0x00000000 mem 0x8001f6ae
core   0: 0x800039de (0xff06d883) lhu     a7, -16(a3)
core   0: 3 0x800039de (0xff06d883) x17 0x00000000 mem 0x8001f6a2
core   0: 0x800039e2 (0x00008475) c.srai  s0, 29
core   0: 3 0x800039e2 (0x8475) x 8 0x00000000
core   0: 0x800039e4 (0x034fe3b3) rem     t2, t6, s4
core   0: 3 0x800039e4 (0x034fe3b3) x 7 0x80013a82
core   0: 0x800039e8 (0x00000001) c.nop
core   0: 3 0x800039e8 (0x0001)
core   0: 0x800039ea (0xff968aa3) sb      s9, -11(a3)
core   0: 3 0x800039ea (0xff968aa3) mem 0x8001f6a7 0x0
core   0: 0x800039ee (0x00008bd1) c.andi  a5, 20
core   0: 3 0x800039ee (0x8bd1) x15 0x00000000
core   0: 0x800039f0 (0xff16cd03) lbu     s10, -15(a3)
core   0: 3 0x800039f0 (0xff16cd03) x26 0x00000000 mem 0x8001f6a3
core   0: 0x800039f4 (0xffc6c983) lbu     s3, -4(a3)
core   0: 3 0x800039f4 (0xffc6c983) x19 0x00000000 mem 0x8001f6ae
core   0: 0x800039f8 (0x583d1937) lui     s2, 0x583d1
core   0: 3 0x800039f8 (0x583d1937) x18 0x583d1000
core   0: 0x800039fc (0xf94ac893) xori    a7, s5, -108
core   0: 3 0x800039fc (0xf94ac893) x17 0xffffff94
core   0: 0x80003a00 (0x02948e33) mul     t3, s1, s1
core   0: 3 0x80003a00 (0x02948e33) x28 0xc61a2549
core   0: 0x80003a04 (0x00c6cb83) lbu     s7, 12(a3)
core   0: 3 0x80003a04 (0x00c6cb83) x23 0x00000000 mem 0x8001f6be
core   0: 0x80003a08 (0x00004c91) c.li    s9, 4
core   0: 3 0x80003a08 (0x4c91) x25 0x00000004
core   0: 0x80003a0a (0x000062c9) c.lui   t0, 0x12
core   0: 3 0x80003a0a (0x62c9) x 5 0x00012000
core   0: 0x80003a0c (0xfe868ea3) sb      s0, -3(a3)
core   0: 3 0x80003a0c (0xfe868ea3) mem 0x8001f6af 0x0
core   0: 0x80003a10 (0x00000001) c.nop
core   0: 3 0x80003a10 (0x0001)
core   0: 0x80003a12 (0x00005afd) c.li    s5, -1
core   0: 3 0x80003a12 (0x5afd) x21 0xffffffff
core   0: 0x80003a14 (0x00ae8d33) add     s10, t4, a0
core   0: 3 0x80003a14 (0x00ae8d33) x26 0x000001bf
core   0: 0x80003a18 (0xff16cc03) lbu     s8, -15(a3)
core   0: 3 0x80003a18 (0xff16cc03) x24 0x00000000 mem 0x8001f6a3
core   0: 0x80003a1c (0x00000136) c.slli  sp, 13
core   0: 3 0x80003a1c (0x0136) x 2 0xfffe0000
core   0: 0x80003a1e (0x009687a3) sb      s1, 15(a3)
core   0: 3 0x80003a1e (0x009687a3) mem 0x8001f6c1 0xe3
core   0: 0x80003a22 (0xffc69a23) sh      t3, -12(a3)
core   0: 3 0x80003a22 (0xffc69a23) mem 0x8001f6a6 0x2549
core   0: 0x80003a26 (0x8351e113) ori     sp, gp, -1995
core   0: 3 0x80003a26 (0x8351e113) x 2 0xfffff835
core   0: 0x80003a2a (0xffe69f83) lh      t6, -2(a3)
core   0: 3 0x80003a2a (0xffe69f83) x31 0x00006400 mem 0x8001f6b0
core   0: 0x80003a2e (0x00a6ab83) lw      s7, 10(a3)
core   0: 3 0x80003a2e (0x00a6ab83) x23 0x00000000 mem 0x8001f6bc
core   0: 0x80003a32 (0x0036c083) lbu     ra, 3(a3)
core   0: 3 0x80003a32 (0x0036c083) x 1 0x00000000 mem 0x8001f6b5
core   0: 0x80003a36 (0xfef69c23) sh      a5, -8(a3)
core   0: 3 0x80003a36 (0xfef69c23) mem 0x8001f6aa 0x0000
core   0: 0x80003a3a (0xff76c883) lbu     a7, -9(a3)
core   0: 3 0x80003a3a (0xff76c883) x17 0x00000000 mem 0x8001f6a9
core   0: 0x80003a3e (0x0096c883) lbu     a7, 9(a3)
core   0: 3 0x80003a3e (0x0096c883) x17 0x00000000 mem 0x8001f6bb
core   0: 0x80003a42 (0x037b83b3) mul     t2, s7, s7
core   0: 3 0x80003a42 (0x037b83b3) x 7 0x00000000
core   0: 0x80003a46 (0x00000001) c.nop
core   0: 3 0x80003a46 (0x0001)
core   0: 0x80003a48 (0xb2278413) addi    s0, a5, -1246
core   0: 3 0x80003a48 (0xb2278413) x 8 0xfffffb22
core   0: 0x80003a4c (0x00008c45) c.or    s0, s1
core   0: 3 0x80003a4c (0x8c45) x 8 0xfffffbe3
core   0: 0x80003a4e (0xfeb68ba3) sb      a1, -9(a3)
core   0: 3 0x80003a4e (0xfeb68ba3) mem 0x8001f6a9 0xe4
core   0: 0x80003a52 (0xc05e7493) andi    s1, t3, -1019
core   0: 3 0x80003a52 (0xc05e7493) x 9 0xc61a2401
core   0: 0x80003a56 (0xfef68ca3) sb      a5, -7(a3)
core   0: 3 0x80003a56 (0xfef68ca3) mem 0x8001f6ab 0x0
core   0: 0x80003a5a (0x5fb7a193) slti    gp, a5, 1531
core   0: 3 0x80003a5a (0x5fb7a193) x 3 0x00000001
core   0: 0x80003a5e (0x41410133) sub     sp, sp, s4
core   0: 3 0x80003a5e (0x41410133) x 2 0xfffff835
core   0: 0x80003a62 (0xabb76793) ori     a5, a4, -1349
core   0: 3 0x80003a62 (0xabb76793) x15 0xfffffeff
core   0: 0x80003a66 (0x00741013) slli    zero, s0, 7
core   0: 3 0x80003a66 (0x00741013)
core   0: 0x80003a6a (0x0000100f) fence.i
core   0: 3 0x80003a6a (0x0000100f)
core   0: 0x80003a6e (0x00c68003) lb      zero, 12(a3)
core   0: 3 0x80003a6e (0x00c68003) mem 0x8001f6be
core   0: 0x80003a72 (0xffe69183) lh      gp, -2(a3)
core   0: 3 0x80003a72 (0xffe69183) x 3 0x00006400 mem 0x8001f6b0
core   0: 0x80003a76 (0x00010297) auipc   t0, 0x10
core   0: 3 0x80003a76 (0x00010297) x 5 0x80013a76
core   0: 0x80003a7a (0xc3328293) addi    t0, t0, -973
core   0: 3 0x80003a7a (0xc3328293) x 5 0x800136a9
core   0: 0x80003a7e (0xfe028b83) lb      s7, -32(t0)
core   0: 3 0x80003a7e (0xfe028b83) x23 0x00000000 mem 0x80013689
core   0: 0x80003a82 (0xfe02c883) lbu     a7, -32(t0)
core   0: 3 0x80003a82 (0xfe02c883) x17 0x00000000 mem 0x80013689
core   0: 0x80003a86 (0x03f2cd03) lbu     s10, 63(t0)
core   0: 3 0x80003a86 (0x03f2cd03) x26 0x00000000 mem 0x800136e8
core   0: 0x80003a8a (0x03f2a803) lw      a6, 63(t0)
core   0: 3 0x80003a8a (0x03f2a803) x16 0x00000000 mem 0x800136e8
core   0: 0x80003a8e (0x00729983) lh      s3, 7(t0)
core   0: 3 0x80003a8e (0x00729983) x19 0x00000000 mem 0x800136b0
core   0: 0x80003a92 (0x01503233) snez    tp, s5
core   0: 3 0x80003a92 (0x01503233) x 4 0x00000001
core   0: 0x80003a96 (0x00729c83) lh      s9, 7(t0)
core   0: 3 0x80003a96 (0x00729c83) x25 0x00000000 mem 0x800136b0
core   0: 0x80003a9a (0x0072a783) lw      a5, 7(t0)
core   0: 3 0x80003a9a (0x0072a783) x15 0x00000000 mem 0x800136b0
core   0: 0x80003a9e (0x03828c03) lb      s8, 56(t0)
core   0: 3 0x80003a9e (0x03828c03) x24 0x00000000 mem 0x800136e1
core   0: 0x80003aa2 (0x00057a33) and     s4, a0, zero
core   0: 3 0x80003aa2 (0x00057a33) x20 0x00000000
core   0: 0x80003aa6 (0x03828483) lb      s1, 56(t0)
core   0: 3 0x80003aa6 (0x03828483) x 9 0x00000000 mem 0x800136e1
core   0: 0x80003aaa (0xfe928e03) lb      t3, -23(t0)
core   0: 3 0x80003aaa (0xfe928e03) x28 0x00000000 mem 0x80013692
core   0: 0x80003aae (0x00cee6b3) or      a3, t4, a2
core   0: 3 0x80003aae (0x00cee6b3) x13 0xffffffff
core   0: 0x80003ab2 (0xfeb284a3) sb      a1, -23(t0)
core   0: 3 0x80003ab2 (0xfeb284a3) mem 0x80013692 0xe4
core   0: 0x80003ab6 (0xff62ce03) lbu     t3, -10(t0)
core   0: 3 0x80003ab6 (0xff62ce03) x28 0x00000000 mem 0x8001369f
core   0: 0x80003aba (0xfd62ce03) lbu     t3, -42(t0)
core   0: 3 0x80003aba (0xfd62ce03) x28 0x00000000 mem 0x8001367f
core   0: 0x80003abe (0x00010117) auipc   sp, 0x10
core   0: 3 0x80003abe (0x00010117) x 2 0x80013abe
core   0: 0x80003ac2 (0xd5210113) addi    sp, sp, -686
core   0: 3 0x80003ac2 (0xd5210113) x 2 0x80013810
core   0: 0x80003ac6 (0x00006add) c.lui   s5, 0x17
core   0: 3 0x80003ac6 (0x6add) x21 0x00017000
core   0: 0x80003ac8 (0x0ff0000f) fence   iorw,iorw
core   0: 3 0x80003ac8 (0x0ff0000f)
core   0: 0x80003acc (0x03ed7fb3) remu    t6, s10, t5
core   0: 3 0x80003acc (0x03ed7fb3) x31 0x00000000
core   0: 0x80003ad0 (0x01e11c03) lh      s8, 30(sp)
core   0: 3 0x80003ad0 (0x01e11c03) x24 0x00000000 mem 0x8001382e
core   0: 0x80003ad4 (0xc804b193) sltiu   gp, s1, -896
core   0: 3 0x80003ad4 (0xc804b193) x 3 0x00000001
core   0: 0x80003ad8 (0x0000f033) and     zero, ra, zero
core   0: 3 0x80003ad8 (0x0000f033)
core   0: 0x80003adc (0x013e6d33) or      s10, t3, s3
core   0: 3 0x80003adc (0x013e6d33) x26 0x00000000
core   0: 0x80003ae0 (0x4543ed13) ori     s10, t2, 1108
core   0: 3 0x80003ae0 (0x4543ed13) x26 0x00000454
core   0: 0x80003ae4 (0x417ddf93) srai    t6, s11, 23
core   0: 3 0x80003ae4 (0x417ddf93) x31 0x00000000
core   0: 0x80003ae8 (0x00c5d533) srl     a0, a1, a2
core   0: 3 0x80003ae8 (0x00c5d533) x10 0x8002cce4
core   0: 0x80003aec (0xfe710da3) sb      t2, -5(sp)
core   0: 3 0x80003aec (0xfe710da3) mem 0x8001380b 0x0
core   0: 0x80003af0 (0x71379317) auipc   t1, 0x71379
core   0: 3 0x80003af0 (0x71379317) x 6 0xf137caf0
core   0: 0x80003af4 (0x025837b3) mulhu   a5, a6, t0
core   0: 3 0x80003af4 (0x025837b3) x15 0x00000000
core   0: 0x80003af8 (0x02ddfd33) remu    s10, s11, a3
core   0: 3 0x80003af8 (0x02ddfd33) x26 0x00000000
core   0: 0x80003afc (0x01e11a03) lh      s4, 30(sp)
core   0: 3 0x80003afc (0x01e11a03) x20 0x00000000 mem 0x8001382e
core   0: 0x80003b00 (0x000008c6) c.slli  a7, 17
core   0: 3 0x80003b00 (0x08c6) x17 0x00000000
core   0: 0x80003b02 (0x0021b033) sltu    zero, gp, sp
core   0: 3 0x80003b02 (0x0021b033)
core   0: 0x80003b06 (0x01c7b233) sltu    tp, a5, t3
core   0: 3 0x80003b06 (0x01c7b233) x 4 0x00000000
core   0: 0x80003b0a (0x03f10ca3) sb      t6, 57(sp)
core   0: 3 0x80003b0a (0x03f10ca3) mem 0x80013849 0x0
core   0: 0x80003b0e (0x00789d13) slli    s10, a7, 7
core   0: 3 0x80003b0e (0x00789d13) x26 0x00000000
core   0: 0x80003b12 (0xfff14883) lbu     a7, -1(sp)
core   0: 3 0x80003b12 (0xfff14883) x17 0x00000000 mem 0x8001380f
core   0: 0x80003b16 (0x03a7c2b3) div     t0, a5, s10
core   0: 3 0x80003b16 (0x03a7c2b3) x 5 0xffffffff
core   0: 0x80003b1a (0x00000572) c.slli  a0, 28
core   0: 3 0x80003b1a (0x0572) x10 0x40000000
core   0: 0x80003b1c (0x03819e33) mulh    t3, gp, s8
core   0: 3 0x80003b1c (0x03819e33) x28 0x00000000
core   0: 0x80003b20 (0x40f68b33) sub     s6, a3, a5
core   0: 3 0x80003b20 (0x40f68b33) x22 0xffffffff
core   0: 0x80003b24 (0x20a6ad97) auipc   s11, 0x20a6a
core   0: 3 0x80003b24 (0x20a6ad97) x27 0xa0a6db24
core   0: 0x80003b28 (0x03d105a3) sb      t4, 43(sp)
core   0: 3 0x80003b28 (0x03d105a3) mem 0x8001383b 0xff
core   0: 0x80003b2c (0x01f3c4b3) xor     s1, t2, t6
core   0: 3 0x80003b2c (0x01f3c4b3) x 9 0x00000000
core   0: 0x80003b30 (0x40dc86b3) sub     a3, s9, a3
core   0: 3 0x80003b30 (0x40dc86b3) x13 0x00000001
core   0: 0x80003b34 (0x022106a3) sb      sp, 45(sp)
core   0: 3 0x80003b34 (0x022106a3) mem 0x8001383d 0x10
core   0: 0x80003b38 (0xfd414083) lbu     ra, -44(sp)
core   0: 3 0x80003b38 (0xfd414083) x 1 0x00000000 mem 0x800137e4
core   0: 0x80003b3c (0x83c94213) xori    tp, s2, -1988
core   0: 3 0x80003b3c (0x83c94213) x 4 0xa7c2e83c
core   0: 0x80003b40 (0x00006bcd) c.lui   s7, 0x13
core   0: 3 0x80003b40 (0x6bcd) x23 0x00013000
core   0: 0x80003b42 (0x03c2e633) rem     a2, t0, t3
core   0: 3 0x80003b42 (0x03c2e633) x12 0xffffffff
core   0: 0x80003b46 (0xfa69e813) ori     a6, s3, -90
core   0: 3 0x80003b46 (0xfa69e813) x16 0xffffffa6
core   0: 0x80003b4a (0x00e15e83) lhu     t4, 14(sp)
core   0: 3 0x80003b4a (0x00e15e83) x29 0x00000000 mem 0x8001381e
core   0: 0x80003b4e (0x400e5513) srai    a0, t3, 0
core   0: 3 0x80003b4e (0x400e5513) x10 0x00000000
core   0: 0x80003b52 (0x02989bb3) mulh    s7, a7, s1
core   0: 3 0x80003b52 (0x02989bb3) x23 0x00000000
core   0: 0x80003b56 (0x02714403) lbu     s0, 39(sp)
core   0: 3 0x80003b56 (0x02714403) x 8 0x00000000 mem 0x80013837
core   0: 0x80003b5a (0x00010e97) auipc   t4, 0x10
core   0: 3 0x80003b5a (0x00010e97) x29 0x80013b5a
core   0: 0x80003b5e (0x19ce8e93) addi    t4, t4, 412
core   0: 3 0x80003b5e (0x19ce8e93) x29 0x80013cf6
core   0: 0x80003b62 (0x00010197) auipc   gp, 0x10
core   0: 3 0x80003b62 (0x00010197) x 3 0x80013b62
core   0: 0x80003b66 (0x9f418193) addi    gp, gp, -1548
core   0: 3 0x80003b66 (0x9f418193) x 3 0x80013556
core   0: 0x80003b6a (0x02918ea3) sb      s1, 61(gp)
core   0: 3 0x80003b6a (0x02918ea3) mem 0x80013593 0x0
core   0: 0x80003b6e (0xffcecc03) lbu     s8, -4(t4)
core   0: 3 0x80003b6e (0xffcecc03) x24 0x00000000 mem 0x80013cf2
core   0: 0x80003b72 (0x00010b97) auipc   s7, 0x10
core   0: 3 0x80003b72 (0x00010b97) x23 0x80013b72
core   0: 0x80003b76 (0x217b8b93) addi    s7, s7, 535
core   0: 3 0x80003b76 (0x217b8b93) x23 0x80013d89
core   0: 0x80003b7a (0x006b8a23) sb      t1, 20(s7)
core   0: 3 0x80003b7a (0x006b8a23) mem 0x80013d9d 0xf0
core   0: 0x80003b7e (0xfcb18d83) lb      s11, -53(gp)
core   0: 3 0x80003b7e (0xfcb18d83) x27 0x00000000 mem 0x80013521
core   0: 0x80003b82 (0x00bb94a3) sh      a1, 9(s7)
core   0: 3 0x80003b82 (0x00bb94a3) mem 0x80013d92 0xcce4
core   0: 0x80003b86 (0x00de9423) sh      a3, 8(t4)
core   0: 3 0x80003b86 (0x00de9423) mem 0x80013cfe 0x0001
core   0: 0x80003b8a (0x009ec803) lbu     a6, 9(t4)
core   0: 3 0x80003b8a (0x009ec803) x16 0x00000000 mem 0x80013cff
core   0: 0x80003b8e (0xff5186a3) sb      s5, -19(gp)
core   0: 3 0x80003b8e (0xff5186a3) mem 0x80013543 0x0
core   0: 0x80003b92 (0x006ed983) lhu     s3, 6(t4)
core   0: 3 0x80003b92 (0x006ed983) x19 0x00000000 mem 0x80013cfc
core   0: 0x80003b96 (0xfe8b8823) sb      s0, -16(s7)
core   0: 3 0x80003b96 (0xfe8b8823) mem 0x80013d79 0x0
core   0: 0x80003b9a (0xfe21c303) lbu     t1, -30(gp)
core   0: 3 0x80003b9a (0xfe21c303) x 6 0x00000000 mem 0x80013538
core   0: 0x80003b9e (0xffe1c503) lbu     a0, -2(gp)
core   0: 3 0x80003b9e (0xffe1c503) x10 0x00000000 mem 0x80013554
core   0: 0x80003ba2 (0xfdcb8303) lb      t1, -36(s7)
core   0: 3 0x80003ba2 (0xfdcb8303) x 6 0x00000000 mem 0x80013d65
core   0: 0x80003ba6 (0x03fb8983) lb      s3, 63(s7)
core   0: 3 0x80003ba6 (0x03fb8983) x19 0x00000000 mem 0x80013dc8
core   0: 0x80003baa (0xfce18c83) lb      s9, -50(gp)
core   0: 3 0x80003baa (0xfce18c83) x25 0x00000000 mem 0x80013524
core   0: 0x80003bae (0xff41c203) lbu     tp, -12(gp)
core   0: 3 0x80003bae (0xff41c203) x 4 0x00000000 mem 0x8001354a
core   0: 0x80003bb2 (0x002b81a3) sb      sp, 3(s7)
core   0: 3 0x80003bb2 (0x002b81a3) mem 0x80013d8c 0x10
core   0: 0x80003bb6 (0x01218623) sb      s2, 12(gp)
core   0: 3 0x80003bb6 (0x01218623) mem 0x80013562 0x0
core   0: 0x80003bba (0xfdaba9a3) sw      s10, -45(s7)
core   0: 3 0x80003bba (0xfdaba9a3) mem 0x80013d5c 0x00000000
core   0: 0x80003bbe (0x006ecb03) lbu     s6, 6(t4)
core   0: 3 0x80003bbe (0x006ecb03) x22 0x00000000 mem 0x80013cfc
core   0: 0x80003bc2 (0xff4ecd03) lbu     s10, -12(t4)
core   0: 3 0x80003bc2 (0xff4ecd03) x26 0x00000000 mem 0x80013cea
core   0: 0x80003bc6 (0x006ea083) lw      ra, 6(t4)
core   0: 3 0x80003bc6 (0x006ea083) x 1 0x00010000 mem 0x80013cfc
core   0: 0x80003bca (0xfdbbafa3) sw      s11, -33(s7)
core   0: 3 0x80003bca (0xfdbbafa3) mem 0x80013d68 0x00000000
core   0: 0x80003bce (0xff2e8923) sb      s2, -14(t4)
core   0: 3 0x80003bce (0xff2e8923) mem 0x80013ce8 0x0
core   0: 0x80003bd2 (0x00c18783) lb      a5, 12(gp)
core   0: 3 0x80003bd2 (0x00c18783) x15 0x00000000 mem 0x80013562
core   0: 0x80003bd6 (0xff0e9d03) lh      s10, -16(t4)
core   0: 3 0x80003bd6 (0xff0e9d03) x26 0x00000000 mem 0x80013ce6
core   0: 0x80003bda (0x01a184a3) sb      s10, 9(gp)
core   0: 3 0x80003bda (0x01a184a3) mem 0x8001355f 0x0
core   0: 0x80003bde (0x040b8a83) lb      s5, 64(s7)
core   0: 3 0x80003bde (0x040b8a83) x21 0x00000000 mem 0x80013dc9
core   0: 0x80003be2 (0xfc3bcf83) lbu     t6, -61(s7)
core   0: 3 0x80003be2 (0xfc3bcf83) x31 0x00000000 mem 0x80013d4c
core   0: 0x80003be6 (0x00010117) auipc   sp, 0x10
core   0: 3 0x80003be6 (0x00010117) x 2 0x80013be6
core   0: 0x80003bea (0xcaf10113) addi    sp, sp, -849
core   0: 3 0x80003bea (0xcaf10113) x 2 0x80013895
core   0: 0x80003bee (0xaba10783) lb      a5, -1350(sp)
core   0: 3 0x80003bee (0xaba10783) x15 0x00000000 mem 0x8001334f
core   0: 0x80003bf2 (0x35910603) lb      a2, 857(sp)
core   0: 3 0x80003bf2 (0x35910603) x12 0x00000000 mem 0x80013bee
core   0: 0x80003bf6 (0x03e24cb3) div     s9, tp, t5
core   0: 3 0x80003bf6 (0x03e24cb3) x25 0x00000000
core   0: 0x80003bfa (0x02184633) div     a2, a6, ra
core   0: 3 0x80003bfa (0x02184633) x12 0x00000000
core   0: 0x80003bfe (0x8fe10403) lb      s0, -1794(sp)
core   0: 3 0x80003bfe (0x8fe10403) x 8 0x00000000 mem 0x80013193
core   0: 0x80003c02 (0x4a1129a3) sw      ra, 1203(sp)
core   0: 3 0x80003c02 (0x4a1129a3) mem 0x80013d48 0x00010000
core   0: 0x80003c06 (0x8cc10d83) lb      s11, -1844(sp)
core   0: 3 0x80003c06 (0x8cc10d83) x27 0x00000000 mem 0x80013161
core   0: 0x80003c0a (0x00000001) c.nop
core   0: 3 0x80003c0a (0x0001)
core   0: 0x80003c0c (0x33110603) lb      a2, 817(sp)
core   0: 3 0x80003c0c (0x33110603) x12 0x00000000 mem 0x80013bc6
core   0: 0x80003c10 (0x02ff2a33) mulhsu  s4, t5, a5
core   0: 3 0x80003c10 (0x02ff2a33) x20 0x00000000
core   0: 0x80003c14 (0x01dfccb3) xor     s9, t6, t4
core   0: 3 0x80003c14 (0x01dfccb3) x25 0x80013cf6
core   0: 0x80003c18 (0xf7312c83) lw      s9, -141(sp)
core   0: 3 0x80003c18 (0xf7312c83) x25 0x00000000 mem 0x80013808
core   0: 0x80003c1c (0x000004aa) c.slli  s1, 10
core   0: 3 0x80003c1c (0x04aa) x 9 0x00000000
core   0: 0x80003c1e (0xb7814a83) lbu     s5, -1160(sp)
core   0: 3 0x80003c1e (0xb7814a83) x21 0x00000000 mem 0x8001340d
core   0: 0x80003c22 (0x89c14283) lbu     t0, -1892(sp)
core   0: 3 0x80003c22 (0x89c14283) x 5 0x00000000 mem 0x80013131
core   0: 0x80003c26 (0xc368fd93) andi    s11, a7, -970
core   0: 3 0x80003c26 (0xc368fd93) x27 0x00000000
core   0: 0x80003c2a (0x022ccc33) div     s8, s9, sp
core   0: 3 0x80003c2a (0x022ccc33) x24 0x00000000
core   0: 0x80003c2e (0x19910b23) sb      s9, 406(sp)
core   0: 3 0x80003c2e (0x19910b23) mem 0x80013a2b 0x0
core   0: 0x80003c32 (0x01d100a3) sb      t4, 1(sp)
core   0: 3 0x80003c32 (0x01d100a3) mem 0x80013896 0xf6
core   0: 0x80003c36 (0x0ff0000f) fence   iorw,iorw
core   0: 3 0x80003c36 (0x0ff0000f)
core   0: 0x80003c3a (0xba210aa3) sb      sp, -1099(sp)
core   0: 3 0x80003c3a (0xba210aa3) mem 0x8001344a 0x95
core   0: 0x80003c3e (0x3b115283) lhu     t0, 945(sp)
core   0: 3 0x80003c3e (0x3b115283) x 5 0x00000000 mem 0x80013c46
core   0: 0x80003c42 (0x03ebe2b3) rem     t0, s7, t5
core   0: 3 0x80003c42 (0x03ebe2b3) x 5 0x80013d89
core   0: 0x80003c46 (0xbd210323) sb      s2, -1082(sp)
core   0: 3 0x80003c46 (0xbd210323) mem 0x8001345b 0x0
core   0: 0x80003c4a (0xae714083) lbu     ra, -1305(sp)
core   0: 3 0x80003c4a (0xae714083) x 1 0x00000000 mem 0x8001337c
core   0: 0x80003c4e (0x00000001) c.nop
core   0: 3 0x80003c4e (0x0001)
core   0: 0x80003c50 (0x01361c33) sll     s8, a2, s3
core   0: 3 0x80003c50 (0x01361c33) x24 0x00000000
core   0: 0x80003c54 (0xd3110883) lb      a7, -719(sp)
core   0: 3 0x80003c54 (0xd3110883) x17 0x00000000 mem 0x800135c6
core   0: 0x80003c58 (0x018071b3) and     gp, zero, s8
core   0: 3 0x80003c58 (0x018071b3) x 3 0x00000000
core   0: 0x80003c5c (0x67014203) lbu     tp, 1648(sp)
core   0: 3 0x80003c5c (0x67014203) x 4 0x00000000 mem 0x80013f05
core   0: 0x80003c60 (0xbf214603) lbu     a2, -1038(sp)
core   0: 3 0x80003c60 (0xbf214603) x12 0x00000000 mem 0x80013487
core   0: 0x80003c64 (0x43510d23) sb      s5, 1082(sp)
core   0: 3 0x80003c64 (0x43510d23) mem 0x80013ccf 0x0
core   0: 0x80003c68 (0x05c110a3) sh      t3, 65(sp)
core   0: 3 0x80003c68 (0x05c110a3) mem 0x800138d6 0x0000
core   0: 0x80003c6c (0x5a710b83) lb      s7, 1447(sp)
core   0: 3 0x80003c6c (0x5a710b83) x23 0x00000000 mem 0x80013e3c
core   0: 0x80003c70 (0x032dbeb3) mulhu   t4, s11, s2
core   0: 3 0x80003c70 (0x032dbeb3) x29 0x00000000
core   0: 0x80003c74 (0x995109a3) sb      s5, -1645(sp)
core   0: 3 0x80003c74 (0x995109a3) mem 0x80013228 0x0
core   0: 0x80003c78 (0x5bf114a3) sh      t6, 1449(sp)
core   0: 3 0x80003c78 (0x5bf114a3) mem 0x80013e3e 0x0000
core   0: 0x80003c7c (0xbee14603) lbu     a2, -1042(sp)
core   0: 3 0x80003c7c (0xbee14603) x12 0x00000000 mem 0x80013483
core   0: 0x80003c80 (0x02ce2db3) mulhsu  s11, t3, a2
core   0: 3 0x80003c80 (0x02ce2db3) x27 0x00000000
core   0: 0x80003c84 (0x01cd5e33) srl     t3, s10, t3
core   0: 3 0x80003c84 (0x01cd5e33) x28 0x00000000
core   0: 0x80003c88 (0x000087a1) c.srai  a5, 8
core   0: 3 0x80003c88 (0x87a1) x15 0x00000000
core   0: 0x80003c8a (0x3e3110a3) sh      gp, 993(sp)
core   0: 3 0x80003c8a (0x3e3110a3) mem 0x80013c76 0x0000
core   0: 0x80003c8e (0x9fe10d03) lb      s10, -1538(sp)
core   0: 3 0x80003c8e (0x9fe10d03) x26 0x00000000 mem 0x80013293
core   0: 0x80003c92 (0x03114f83) lbu     t6, 49(sp)
core   0: 3 0x80003c92 (0x03114f83) x31 0x00000000 mem 0x800138c6
core   0: 0x80003c96 (0x00000001) c.nop
core   0: 3 0x80003c96 (0x0001)
core   0: 0x80003c98 (0x00008089) c.srli  s1, 2
core   0: 3 0x80003c98 (0x8089) x 9 0x00000000
core   0: 0x80003c9a (0x00006279) c.lui   tp, 0x1e
core   0: 3 0x80003c9a (0x6279) x 4 0x0001e000
core   0: 0x80003c9c (0x00280033) add     zero, a6, sp
core   0: 3 0x80003c9c (0x00280033)
core   0: 0x80003ca0 (0x03b55eb3) divu    t4, a0, s11
core   0: 3 0x80003ca0 (0x03b55eb3) x29 0xffffffff
core   0: 0x80003ca4 (0x55a62493) slti    s1, a2, 1370
core   0: 3 0x80003ca4 (0x55a62493) x 9 0x00000001
core   0: 0x80003ca8 (0x04e10d83) lb      s11, 78(sp)
core   0: 3 0x80003ca8 (0x04e10d83) x27 0x00000000 mem 0x800138e3
core   0: 0x80003cac (0x03e004b3) mul     s1, zero, t5
core   0: 3 0x80003cac (0x03e004b3) x 9 0x00000000
core   0: 0x80003cb0 (0xba712d83) lw      s11, -1113(sp)
core   0: 3 0x80003cb0 (0xba712d83) x27 0xcce40000 mem 0x8001343c
core   0: 0x80003cb4 (0x0001fb17) auipc   s6, 0x1f
core   0: 3 0x80003cb4 (0x0001fb17) x22 0x80022cb4
core   0: 0x80003cb8 (0xfdfb0b13) addi    s6, s6, -33
core   0: 3 0x80003cb8 (0xfdfb0b13) x22 0x80022c93
core   0: 0x80003cbc (0x00010317) auipc   t1, 0x10
core   0: 3 0x80003cbc (0x00010317) x 6 0x80013cbc
core   0: 0x80003cc0 (0x19130313) addi    t1, t1, 401
core   0: 3 0x80003cc0 (0x19130313) x 6 0x80013e4d
core   0: 0x80003cc4 (0xf6eb4883) lbu     a7, -146(s6)
core   0: 3 0x80003cc4 (0xf6eb4883) x17 0x00000000 mem 0x80022c01
core   0: 0x80003cc8 (0xf7eb0323) sb      t5, -154(s6)
core   0: 3 0x80003cc8 (0xf7eb0323) mem 0x80022bf9 0x0
core   0: 0x80003ccc (0xc0234c83) lbu     s9, -1022(t1)
core   0: 3 0x80003ccc (0xc0234c83) x25 0x00000000 mem 0x80013a4f
core   0: 0x80003cd0 (0x9a834203) lbu     tp, -1624(t1)
core   0: 3 0x80003cd0 (0x9a834203) x 4 0x00000000 mem 0x800137f5
core   0: 0x80003cd4 (0xf18b4883) lbu     a7, -232(s6)
core   0: 3 0x80003cd4 (0xf18b4883) x17 0x00000000 mem 0x80022bab
core   0: 0x80003cd8 (0x0be34903) lbu     s2, 190(t1)
core   0: 3 0x80003cd8 (0x0be34903) x18 0x00000000 mem 0x80013f0b
core   0: 0x80003cdc (0x072b0783) lb      a5, 114(s6)
core   0: 3 0x80003cdc (0x072b0783) x15 0x00000000 mem 0x80022d05
core   0: 0x80003ce0 (0x85d327a3) sw      t4, -1969(t1)
core   0: 3 0x80003ce0 (0x85d327a3) mem 0x8001369c 0xffffffff
core   0: 0x80003ce4 (0x065b2d03) lw      s10, 101(s6)
core   0: 3 0x80003ce4 (0x065b2d03) x26 0x00000000 mem 0x80022cf8
core   0: 0x80003ce8 (0x9f030b23) sb      a6, -1546(t1)
core   0: 3 0x80003ce8 (0x9f030b23) mem 0x80013843 0x0
core   0: 0x80003cec (0x08c34d03) lbu     s10, 140(t1)
core   0: 3 0x80003cec (0x08c34d03) x26 0x00000000 mem 0x80013ed9
core   0: 0x80003cf0 (0x0f5b03a3) sb      s5, 231(s6)
core   0: 3 0x80003cf0 (0x0f5b03a3) mem 0x80022d7a 0x0
core   0: 0x80003cf4 (0x0f3b10a3) sh      s3, 225(s6)
core   0: 3 0x80003cf4 (0x0f3b10a3) mem 0x80022d74 0x0000
core   0: 0x80003cf8 (0x9c2306a3) sb      sp, -1587(t1)
core   0: 3 0x80003cf8 (0x9c2306a3) mem 0x8001381a 0x95
core   0: 0x80003cfc (0xfa9b0823) sb      s1, -80(s6)
core   0: 3 0x80003cfc (0xfa9b0823) mem 0x80022c43 0x0
core   0: 0x80003d00 (0xc3d306a3) sb      t4, -979(t1)
core   0: 3 0x80003d00 (0xc3d306a3) mem 0x80013a7a 0xff
core   0: 0x80003d04 (0x00010117) auipc   sp, 0x10
core   0: 3 0x80003d04 (0x00010117) x 2 0x80013d04
core   0: 0x80003d08 (0x2e710113) addi    sp, sp, 743
core   0: 3 0x80003d08 (0x2e710113) x 2 0x80013feb
core   0: 0x80003d0c (0x00000dea) c.slli  s11, 26
core   0: 3 0x80003d0c (0x0dea) x27 0x00000000
core   0: 0x80003d0e (0x03722233) mulhsu  tp, tp, s7
core   0: 3 0x80003d0e (0x03722233) x 4 0x00000000
core   0: 0x80003d12 (0x00009e9a) c.add   t4, t1
core   0: 3 0x80003d12 (0x9e9a) x29 0x80013e4c
core   0: 0x80003d14 (0xf3014483) lbu     s1, -208(sp)
core   0: 3 0x80003d14 (0xf3014483) x 9 0x00000000 mem 0x80013f1b
core   0: 0x80003d18 (0xfb110903) lb      s2, -79(sp)
core   0: 3 0x80003d18 (0xfb110903) x18 0x00000000 mem 0x80013f9c
core   0: 0x80003d1c (0x03731b33) mulh    s6, t1, s7
core   0: 3 0x80003d1c (0x03731b33) x22 0x00000000
core   0: 0x80003d20 (0xf5b11d83) lh      s11, -165(sp)
core   0: 3 0x80003d20 (0xf5b11d83) x27 0x00000000 mem 0x80013f46
core   0: 0x80003d24 (0x03601933) mulh    s2, zero, s6
core   0: 3 0x80003d24 (0x03601933) x18 0x00000000
core   0: 0x80003d28 (0xf9e107a3) sb      t5, -113(sp)
core   0: 3 0x80003d28 (0xf9e107a3) mem 0x80013f7a 0x0
core   0: 0x80003d2c (0xfcc14303) lbu     t1, -52(sp)
core   0: 3 0x80003d2c (0xfcc14303) x 6 0x00000000 mem 0x80013fb7
core   0: 0x80003d30 (0x03a19233) mulh    tp, gp, s10
core   0: 3 0x80003d30 (0x03a19233) x 4 0x00000000
core   0: 0x80003d34 (0xfce11aa3) sh      a4, -43(sp)
core   0: 3 0x80003d34 (0xfce11aa3) mem 0x80013fc0 0x8e64
core   0: 0x80003d38 (0x02810223) sb      s0, 36(sp)
core   0: 3 0x80003d38 (0x02810223) mem 0x8001400f 0x0
core   0: 0x80003d3c (0x00c55693) srli    a3, a0, 12
core   0: 3 0x80003d3c (0x00c55693) x13 0x00000000
core   0: 0x80003d40 (0x408ed433) sra     s0, t4, s0
core   0: 3 0x80003d40 (0x408ed433) x 8 0x80013e4c
core   0: 0x80003d44 (0x00008ff9) c.and   a5, a4
core   0: 3 0x80003d44 (0x8ff9) x15 0x00000000
core   0: 0x80003d46 (0x0a2d0913) addi    s2, s10, 162
core   0: 3 0x80003d46 (0x0a2d0913) x18 0x000000a2
core   0: 0x80003d4a (0x00008555) c.srai  a0, 21
core   0: 3 0x80003d4a (0x8555) x10 0x00000000
core   0: 0x80003d4c (0x00000001) c.nop
core   0: 3 0x80003d4c (0x0001)
core   0: 0x80003d4e (0xfdc11ba3) sh      t3, -41(sp)
core   0: 3 0x80003d4e (0xfdc11ba3) mem 0x80013fc2 0x0000
core   0: 0x80003d52 (0x9add0793) addi    a5, s10, -1619
core   0: 3 0x80003d52 (0x9add0793) x15 0xfffff9ad
core   0: 0x80003d56 (0x9e582513) slti    a0, a6, -1563
core   0: 3 0x80003d56 (0x9e582513) x10 0x00000000
core   0: 0x80003d5a (0x02511da3) sh      t0, 59(sp)
core   0: 3 0x80003d5a (0x02511da3) mem 0x80014026 0x3d89
core   0: 0x80003d5e (0x00008269) c.srli  a2, 26
core   0: 3 0x80003d5e (0x8269) x12 0x00000000
core   0: 0x80003d60 (0x01510283) lb      t0, 21(sp)
core   0: 3 0x80003d60 (0x01510283) x 5 0x00000000 mem 0x80014000
core   0: 0x80003d64 (0x029cafb3) mulhsu  t6, s9, s1
core   0: 3 0x80003d64 (0x029cafb3) x31 0x00000000
core   0: 0x80003d68 (0x4125d493) srai    s1, a1, 18
core   0: 3 0x80003d68 (0x4125d493) x 9 0xffffe000
core   0: 0x80003d6c (0x00210b03) lb      s6, 2(sp)
core   0: 3 0x80003d6c (0x00210b03) x22 0x00000000 mem 0x80013fed
core   0: 0x80003d70 (0x0176b933) sltu    s2, a3, s7
core   0: 3 0x80003d70 (0x0176b933) x18 0x00000000
core   0: 0x80003d74 (0x4f804513) xori    a0, zero, 1272
core   0: 3 0x80003d74 (0x4f804513) x10 0x000004f8
core   0: 0x80003d78 (0x67c0eb13) ori     s6, ra, 1660
core   0: 3 0x80003d78 (0x67c0eb13) x22 0x0000067c
core   0: 0x80003d7c (0x0000100f) fence.i
core   0: 3 0x80003d7c (0x0000100f)
core   0: 0x80003d80 (0xfb610c83) lb      s9, -74(sp)
core   0: 3 0x80003d80 (0xfb610c83) x25 0x00000000 mem 0x80013fa1
core   0: 0x80003d84 (0x02f22633) mulhsu  a2, tp, a5
core   0: 3 0x80003d84 (0x02f22633) x12 0x00000000
core   0: 0x80003d88 (0x00000001) c.nop
core   0: 3 0x80003d88 (0x0001)
core   0: 0x80003d8a (0xfae14b03) lbu     s6, -82(sp)
core   0: 3 0x80003d8a (0xfae14b03) x22 0x00000000 mem 0x80013f99
core   0: 0x80003d8e (0xf6d120a3) sw      a3, -159(sp)
core   0: 3 0x80003d8e (0xf6d120a3) mem 0x80013f4c 0x00000000
core   0: 0x80003d92 (0xf8814e03) lbu     t3, -120(sp)
core   0: 3 0x80003d92 (0xf8814e03) x28 0x00000000 mem 0x80013f73
core   0: 0x80003d96 (0x01131fb3) sll     t6, t1, a7
core   0: 3 0x80003d96 (0x01131fb3) x31 0x00000000
core   0: 0x80003d9a (0xf6a10723) sb      a0, -146(sp)
core   0: 3 0x80003d9a (0xf6a10723) mem 0x80013f59 0xf8
core   0: 0x80003d9e (0x5261c317) auipc   t1, 0x5261c
core   0: 3 0x80003d9e (0x5261c317) x 6 0xd261fd9e
core   0: 0x80003da2 (0xfef14283) lbu     t0, -17(sp)
core   0: 3 0x80003da2 (0xfef14283) x 5 0x00000000 mem 0x80013fda
core   0: 0x80003da6 (0xf2010323) sb      zero, -218(sp)
core   0: 3 0x80003da6 (0xf2010323) mem 0x80013f11 0x0
core   0: 0x80003daa (0x04711f83) lh      t6, 71(sp)
core   0: 3 0x80003daa (0x04711f83) x31 0x00000000 mem 0x80014032
core   0: 0x80003dae (0x0001a817) auipc   a6, 0x1a
core   0: 3 0x80003dae (0x0001a817) x16 0x8001ddae
core   0: 0x80003db2 (0x35c80813) addi    a6, a6, 860
core   0: 3 0x80003db2 (0x35c80813) x16 0x8001e10a
core   0: 0x80003db6 (0x52e809a3) sb      a4, 1331(a6)
core   0: 3 0x80003db6 (0x52e809a3) mem 0x8001e63d 0x64
core   0: 0x80003dba (0x4ab80b23) sb      a1, 1206(a6)
core   0: 3 0x80003dba (0x4ab80b23) mem 0x8001e5c0 0xe4
core   0: 0x80003dbe (0xdb3808a3) sb      s3, -591(a6)
core   0: 3 0x80003dbe (0xdb3808a3) mem 0x8001debb 0x0
core   0: 0x80003dc2 (0xdb180603) lb      a2, -591(a6)
core   0: 3 0x80003dc2 (0xdb180603) x12 0x00000000 mem 0x8001debb
core   0: 0x80003dc6 (0xf6c81903) lh      s2, -148(a6)
core   0: 3 0x80003dc6 (0xf6c81903) x18 0x00000000 mem 0x8001e076
core   0: 0x80003dca (0xe0e807a3) sb      a4, -497(a6)
core   0: 3 0x80003dca (0xe0e807a3) mem 0x8001df19 0x64
core   0: 0x80003dce (0x02c80283) lb      t0, 44(a6)
core   0: 3 0x80003dce (0x02c80283) x 5 0x00000000 mem 0x8001e136
core   0: 0x80003dd2 (0x00008d09) c.sub   a0, a0
core   0: 3 0x80003dd2 (0x8d09) x10 0x00000000
core   0: 0x80003dd4 (0x02c81883) lh      a7, 44(a6)
core   0: 3 0x80003dd4 (0x02c81883) x17 0x00000000 mem 0x8001e136
core   0: 0x80003dd8 (0x012934b3) sltu    s1, s2, s2
core   0: 3 0x80003dd8 (0x012934b3) x 9 0x00000000
core   0: 0x80003ddc (0x04180a83) lb      s5, 65(a6)
core   0: 3 0x80003ddc (0x04180a83) x21 0x00000000 mem 0x8001e14b
core   0: 0x80003de0 (0x00000001) c.nop
core   0: 3 0x80003de0 (0x0001)
core   0: 0x80003de2 (0x5e180a83) lb      s5, 1505(a6)
core   0: 3 0x80003de2 (0x5e180a83) x21 0x00000000 mem 0x8001e6eb
core   0: 0x80003de6 (0xcde801a3) sb      t5, -829(a6)
core   0: 3 0x80003de6 (0xcde801a3) mem 0x8001ddcd 0x0
core   0: 0x80003dea (0x00008eb1) c.xor   a3, a2
core   0: 3 0x80003dea (0x8eb1) x13 0x00000000
core   0: 0x80003dec (0x95685b03) lhu     s6, -1706(a6)
core   0: 3 0x80003dec (0x95685b03) x22 0x00000000 mem 0x8001da60
core   0: 0x80003df0 (0xd3a85a83) lhu     s5, -710(a6)
core   0: 3 0x80003df0 (0xd3a85a83) x21 0x00000000 mem 0x8001de44
core   0: 0x80003df4 (0x036634b3) mulhu   s1, a2, s6
core   0: 3 0x80003df4 (0x036634b3) x 9 0x00000000
core   0: 0x80003df8 (0xd3980d23) sb      s9, -710(a6)
core   0: 3 0x80003df8 (0xd3980d23) mem 0x8001de44 0x0
core   0: 0x80003dfc (0xd3a80983) lb      s3, -710(a6)
core   0: 3 0x80003dfc (0xd3a80983) x19 0x00000000 mem 0x8001de44
core   0: 0x80003e00 (0x00014e17) auipc   t3, 0x14
core   0: 3 0x80003e00 (0x00014e17) x28 0x80017e00
core   0: 0x80003e04 (0xe1ce0e13) addi    t3, t3, -484
core   0: 3 0x80003e04 (0xe1ce0e13) x28 0x80017c1c
core   0: 0x80003e08 (0x00f01a93) slli    s5, zero, 15
core   0: 3 0x80003e08 (0x00f01a93) x21 0x00000000
core   0: 0x80003e0c (0x07be4483) lbu     s1, 123(t3)
core   0: 3 0x80003e0c (0x07be4483) x 9 0x00000000 mem 0x80017c97
core   0: 0x80003e10 (0x00525b13) srli    s6, tp, 5
core   0: 3 0x80003e10 (0x00525b13) x22 0x00000000
core   0: 0x80003e14 (0xf50e2c03) lw      s8, -176(t3)
core   0: 3 0x80003e14 (0xf50e2c03) x24 0x00000000 mem 0x80017b6c
core   0: 0x80003e18 (0xf67e4a83) lbu     s5, -153(t3)
core   0: 3 0x80003e18 (0xf67e4a83) x21 0x00000000 mem 0x80017b83
core   0: 0x80003e1c (0x00ebe533) or      a0, s7, a4
core   0: 3 0x80003e1c (0x00ebe533) x10 0x80028e64
core   0: 0x80003e20 (0x018e0e83) lb      t4, 24(t3)
core   0: 3 0x80003e20 (0x018e0e83) x29 0x00000000 mem 0x80017c34
core   0: 0x80003e24 (0x00be1c23) sh      a1, 24(t3)
core   0: 3 0x80003e24 (0x00be1c23) mem 0x80017c34 0xcce4
core   0: 0x80003e28 (0x011a8bb3) add     s7, s5, a7
core   0: 3 0x80003e28 (0x011a8bb3) x23 0x00000000
core   0: 0x80003e2c (0x018e2203) lw      tp, 24(t3)
core   0: 3 0x80003e2c (0x018e2203) x 4 0x0000cce4 mem 0x80017c34
core   0: 0x80003e30 (0x0c9e0283) lb      t0, 201(t3)
core   0: 3 0x80003e30 (0x0c9e0283) x 5 0x00000000 mem 0x80017ce5
core   0: 0x80003e34 (0x061e0a03) lb      s4, 97(t3)
core   0: 3 0x80003e34 (0x061e0a03) x20 0x00000000 mem 0x80017c7d
core   0: 0x80003e38 (0x061e4983) lbu     s3, 97(t3)
core   0: 3 0x80003e38 (0x061e4983) x19 0x00000000 mem 0x80017c7d
core   0: 0x80003e3c (0xf74e2603) lw      a2, -140(t3)
core   0: 3 0x80003e3c (0xf74e2603) x12 0x00000000 mem 0x80017b90
core   0: 0x80003e40 (0xfe1e1b23) sh      ra, -10(t3)
core   0: 3 0x80003e40 (0xfe1e1b23) mem 0x80017c12 0x0000
core   0: 0x80003e44 (0xf42e0b83) lb      s7, -190(t3)
core   0: 3 0x80003e44 (0xf42e0b83) x23 0x00000000 mem 0x80017b5e
core   0: 0x80003e48 (0x00008e21) c.xor   a2, s0
core   0: 3 0x80003e48 (0x8e21) x12 0x80013e4c
core   0: 0x80003e4a (0x01966b33) or      s6, a2, s9
core   0: 3 0x80003e4a (0x01966b33) x22 0x80013e4c
core   0: 0x80003e4e (0xf42e5603) lhu     a2, -190(t3)
core   0: 3 0x80003e4e (0xf42e5603) x12 0x00000000 mem 0x80017b5e
core   0: 0x80003e52 (0x003e4403) lbu     s0, 3(t3)
core   0: 3 0x80003e52 (0x003e4403) x 8 0x00000000 mem 0x80017c1f
core   0: 0x80003e56 (0x002e01a3) sb      sp, 3(t3)
core   0: 3 0x80003e56 (0x002e01a3) mem 0x80017c1f 0xeb
core   0: 0x80003e5a (0x00009fb2) c.add   t6, a2
core   0: 3 0x80003e5a (0x9fb2) x31 0x00000000
core   0: 0x80003e5c (0x0d5e0aa3) sb      s5, 213(t3)
core   0: 3 0x80003e5c (0x0d5e0aa3) mem 0x80017cf1 0x0
core   0: 0x80003e60 (0x05de0f83) lb      t6, 93(t3)
core   0: 3 0x80003e60 (0x05de0f83) x31 0x00000000 mem 0x80017c79
core   0: 0x80003e64 (0x00010917) auipc   s2, 0x10
core   0: 3 0x80003e64 (0x00010917) x18 0x80013e64
core   0: 0x80003e68 (0xb3590913) addi    s2, s2, -1227
core   0: 3 0x80003e68 (0xb3590913) x18 0x80013999
core   0: 0x80003e6c (0x0000717d) c.addi16sp sp, -16
core   0: 3 0x80003e6c (0x717d) x 2 0x80013fdb
core   0: 0x80003e6e (0x555a4093) xori    ra, s4, 1365
core   0: 3 0x80003e6e (0x555a4093) x 1 0x00000555
core   0: 0x80003e72 (0xfe990da3) sb      s1, -5(s2)
core   0: 3 0x80003e72 (0xfe990da3) mem 0x80013994 0x0
core   0: 0x80003e76 (0x00b3f333) and     t1, t2, a1
core   0: 3 0x80003e76 (0x00b3f333) x 6 0x00000000
core   0: 0x80003e7a (0x01781d13) slli    s10, a6, 23
core   0: 3 0x80003e7a (0x01781d13) x26 0x85000000
core   0: 0x80003e7e (0x00001388) c.addi4spn a0, sp, 480
core   0: 3 0x80003e7e (0x1388) x10 0x800141bb
core   0: 0x80003e80 (0x03d20bb3) mul     s7, tp, t4
core   0: 3 0x80003e80 (0x03d20bb3) x23 0x00000000
core   0: 0x80003e84 (0x033c3ab3) mulhu   s5, s8, s3
core   0: 3 0x80003e84 (0x033c3ab3) x21 0x00000000
core   0: 0x80003e88 (0x004899b3) sll     s3, a7, tp
core   0: 3 0x80003e88 (0x004899b3) x19 0x00000000
core   0: 0x80003e8c (0x019f6833) or      a6, t5, s9
core   0: 3 0x80003e8c (0x019f6833) x16 0x80000000
core   0: 0x80003e90 (0x005729b3) slt     s3, a4, t0
core   0: 3 0x80003e90 (0x005729b3) x19 0x00000001
core   0: 0x80003e94 (0x01e912a3) sh      t5, 5(s2)
core   0: 3 0x80003e94 (0x01e912a3) mem 0x8001399e 0x0000
core   0: 0x80003e98 (0xfe790d23) sb      t2, -6(s2)
core   0: 3 0x80003e98 (0xfe790d23) mem 0x80013993 0x0
core   0: 0x80003e9c (0x01290123) sb      s2, 2(s2)
core   0: 3 0x80003e9c (0x01290123) mem 0x8001399b 0x99
core   0: 0x80003ea0 (0x00831c93) slli    s9, t1, 8
core   0: 3 0x80003ea0 (0x00831c93) x25 0x00000000
core   0: 0x80003ea4 (0x00001bfd) c.addi  s7, -1
core   0: 3 0x80003ea4 (0x1bfd) x23 0xffffffff
core   0: 0x80003ea6 (0xff0a3313) sltiu   t1, s4, -16
core   0: 3 0x80003ea6 (0xff0a3313) x 6 0x00000001
core   0: 0x80003eaa (0x00694603) lbu     a2, 6(s2)
core   0: 3 0x80003eaa (0x00694603) x12 0x00000000 mem 0x8001399f
core   0: 0x80003eae (0x00009ce2) c.add   s9, s8
core   0: 3 0x80003eae (0x9ce2) x25 0x00000000
core   0: 0x80003eb0 (0xffc90ea3) sb      t3, -3(s2)
core   0: 3 0x80003eb0 (0xffc90ea3) mem 0x80013996 0x1c
core   0: 0x80003eb4 (0x02fd09b3) mul     s3, s10, a5
core   0: 3 0x80003eb4 (0x02fd09b3) x19 0xe1000000
core   0: 0x80003eb8 (0x03d89233) mulh    tp, a7, t4
core   0: 3 0x80003eb8 (0x03d89233) x 4 0x00000000
core   0: 0x80003ebc (0x9c637113) andi    sp, t1, -1594
core   0: 3 0x80003ebc (0x9c637113) x 2 0x00000000
core   0: 0x80003ec0 (0xfea90ca3) sb      a0, -7(s2)
core   0: 3 0x80003ec0 (0xfea90ca3) mem 0x80013992 0xbb
core   0: 0x80003ec4 (0x125b7893) andi    a7, s6, 293
core   0: 3 0x80003ec4 (0x125b7893) x17 0x00000004
core   0: 0x80003ec8 (0xffe90783) lb      a5, -2(s2)
core   0: 3 0x80003ec8 (0xffe90783) x15 0x00000000 mem 0x80013997
core   0: 0x80003ecc (0xff591003) lh      zero, -11(s2)
core   0: 3 0x80003ecc (0xff591003) mem 0x8001398e
core   0: 0x80003ed0 (0x0000717d) c.addi16sp sp, -16
core   0: 3 0x80003ed0 (0x717d) x 2 0xfffffff0
core   0: 0x80003ed2 (0x037e1b33) mulh    s6, t3, s7
core   0: 3 0x80003ed2 (0x037e1b33) x22 0x00000000
core   0: 0x80003ed6 (0xff995883) lhu     a7, -7(s2)
core   0: 3 0x80003ed6 (0xff995883) x17 0x000000bb mem 0x80013992
core   0: 0x80003eda (0x0000100f) fence.i
core   0: 3 0x80003eda (0x0000100f)
core   0: 0x80003ede (0x00289a93) slli    s5, a7, 2
core   0: 3 0x80003ede (0x00289a93) x21 0x000002ec
core   0: 0x80003ee2 (0x00e921a3) sw      a4, 3(s2)
core   0: 3 0x80003ee2 (0x00e921a3) mem 0x8001399c 0x80028e64
core   0: 0x80003ee6 (0x41d75993) srai    s3, a4, 29
core   0: 3 0x80003ee6 (0x41d75993) x19 0xfffffffc
core   0: 0x80003eea (0x00008cf5) c.and   s1, a3
core   0: 3 0x80003eea (0x8cf5) x 9 0x00000000
core   0: 0x80003eec (0x00191e83) lh      t4, 1(s2)
core   0: 3 0x80003eec (0x00191e83) x29 0xffff9900 mem 0x8001399a
core   0: 0x80003ef0 (0xffc94403) lbu     s0, -4(s2)
core   0: 3 0x80003ef0 (0xffc94403) x 8 0x00000000 mem 0x80013995
core   0: 0x80003ef4 (0x01690823) sb      s6, 16(s2)
core   0: 3 0x80003ef4 (0x01690823) mem 0x800139a9 0x0
core   0: 0x80003ef8 (0xff494103) lbu     sp, -12(s2)
core   0: 3 0x80003ef8 (0xff494103) x 2 0x00000000 mem 0x8001398d
core   0: 0x80003efc (0x00004091) c.li    ra, 4
core   0: 3 0x80003efc (0x4091) x 1 0x00000004
core   0: 0x80003efe (0x039a92b3) mulh    t0, s5, s9
core   0: 3 0x80003efe (0x039a92b3) x 5 0x00000000
core   0: 0x80003f02 (0x00a90203) lb      tp, 10(s2)
core   0: 3 0x80003f02 (0x00a90203) x 4 0x00000000 mem 0x800139a3
core   0: 0x80003f06 (0xffb92683) lw      a3, -5(s2)
core   0: 3 0x80003f06 (0xffb92683) x13 0x001c0000 mem 0x80013994
core   0: 0x80003f0a (0x00008b7e) c.mv    s6, t6
core   0: 3 0x80003f0a (0x8b7e) x22 0x00000000
core   0: 0x80003f0c (0xffd90803) lb      a6, -3(s2)
core   0: 3 0x80003f0c (0xffd90803) x16 0x0000001c mem 0x80013996
core   0: 0x80003f10 (0x00a90503) lb      a0, 10(s2)
core   0: 3 0x80003f10 (0x00a90503) x10 0x00000000 mem 0x800139a3
core   0: 0x80003f14 (0x00890103) lb      sp, 8(s2)
core   0: 3 0x80003f14 (0x00890103) x 2 0x00000000 mem 0x800139a1
core   0: 0x80003f18 (0x01490123) sb      s4, 2(s2)
core   0: 3 0x80003f18 (0x01490123) mem 0x8001399b 0x0
core   0: 0x80003f1c (0x00011117) auipc   sp, 0x11
core   0: 3 0x80003f1c (0x00011117) x 2 0x80014f1c
core   0: 0x80003f20 (0x21e10113) addi    sp, sp, 542
core   0: 3 0x80003f20 (0x21e10113) x 2 0x8001513a
core   0: 0x80003f24 (0x07614e83) lbu     t4, 118(sp)
core   0: 3 0x80003f24 (0x07614e83) x29 0x00000000 mem 0x800151b0
core   0: 0x80003f28 (0x07614483) lbu     s1, 118(sp)
core   0: 3 0x80003f28 (0x07614483) x 9 0x00000000 mem 0x800151b0
core   0: 0x80003f2c (0x00008c8d) c.sub   s1, a1
core   0: 3 0x80003f2c (0x8c8d) x 9 0x7ffd331c
core   0: 0x80003f2e (0x07611a03) lh      s4, 118(sp)
core   0: 3 0x80003f2e (0x07611a03) x20 0x00000000 mem 0x800151b0
core   0: 0x80003f32 (0x00008525) c.srai  a0, 9
core   0: 3 0x80003f32 (0x8525) x10 0x00000000
core   0: 0x80003f34 (0x07615203) lhu     tp, 118(sp)
core   0: 3 0x80003f34 (0x07615203) x 4 0x00000000 mem 0x800151b0
core   0: 0x80003f38 (0x07615283) lhu     t0, 118(sp)
core   0: 3 0x80003f38 (0x07615283) x 5 0x00000000 mem 0x800151b0
core   0: 0x80003f3c (0x07612c83) lw      s9, 118(sp)
core   0: 3 0x80003f3c (0x07612c83) x25 0x00000000 mem 0x800151b0
core   0: 0x80003f40 (0x0ff0000f) fence   iorw,iorw
core   0: 3 0x80003f40 (0x0ff0000f)
core   0: 0x80003f44 (0xda0f8213) addi    tp, t6, -608
core   0: 3 0x80003f44 (0xda0f8213) x 4 0xfffffda0
core   0: 0x80003f48 (0x07611183) lh      gp, 118(sp)
core   0: 3 0x80003f48 (0x07611183) x 3 0x00000000 mem 0x800151b0
core   0: 0x80003f4c (0x06812b23) sw      s0, 118(sp)
core   0: 3 0x80003f4c (0x06812b23) mem 0x800151b0 0x00000000
core   0: 0x80003f50 (0x07611603) lh      a2, 118(sp)
core   0: 3 0x80003f50 (0x07611603) x12 0x00000000 mem 0x800151b0
core   0: 0x80003f54 (0x0f311623) sh      s3, 236(sp)
core   0: 3 0x80003f54 (0x0f311623) mem 0x80015226 0xfffc
core   0: 0x80003f58 (0x05b14a83) lbu     s5, 91(sp)
core   0: 3 0x80003f58 (0x05b14a83) x21 0x00000000 mem 0x80015195
core   0: 0x80003f5c (0xfc014d03) lbu     s10, -64(sp)
core   0: 3 0x80003f5c (0xfc014d03) x26 0x00000000 mem 0x800150fa
core   0: 0x80003f60 (0x04710a03) lb      s4, 71(sp)
core   0: 3 0x80003f60 (0x04710a03) x20 0x00000000 mem 0x80015181
core   0: 0x80003f64 (0x04710603) lb      a2, 71(sp)
core   0: 3 0x80003f64 (0x04710603) x12 0x00000000 mem 0x80015181
core   0: 0x80003f68 (0x00008fad) c.xor   a5, a1
core   0: 3 0x80003f68 (0x8fad) x15 0x8002cce4
core   0: 0x80003f6a (0xfd212e83) lw      t4, -46(sp)
core   0: 3 0x80003f6a (0xfd212e83) x29 0x00000000 mem 0x8001510c
core   0: 0x80003f6e (0x01811803) lh      a6, 24(sp)
core   0: 3 0x80003f6e (0x01811803) x16 0x00000000 mem 0x80015152
core   0: 0x80003f72 (0x00008ff9) c.and   a5, a4
core   0: 3 0x80003f72 (0x8ff9) x15 0x80028c64
core   0: 0x80003f74 (0xfc710d03) lb      s10, -57(sp)
core   0: 3 0x80003f74 (0xfc710d03) x26 0x00000000 mem 0x80015101
core   0: 0x80003f78 (0xf2a12b03) lw      s6, -214(sp)
core   0: 3 0x80003f78 (0xf2a12b03) x22 0x00000000 mem 0x80015064
core   0: 0x80003f7c (0x0000f817) auipc   a6, 0xf
core   0: 3 0x80003f7c (0x0000f817) x16 0x80012f7c
core   0: 0x80003f80 (0x5e180813) addi    a6, a6, 1505
core   0: 3 0x80003f80 (0x5e180813) x16 0x8001355d
core   0: 0x80003f84 (0x0bd81083) lh      ra, 189(a6)
core   0: 3 0x80003f84 (0x0bd81083) x 1 0x00000000 mem 0x8001361a
core   0: 0x80003f88 (0xfd784383) lbu     t2, -41(a6)
core   0: 3 0x80003f88 (0xfd784383) x 7 0x00000000 mem 0x80013534
core   0: 0x80003f8c (0xf0284b03) lbu     s6, -254(a6)
core   0: 3 0x80003f8c (0xf0284b03) x22 0x00000000 mem 0x8001345f
core   0: 0x80003f90 (0xf4284303) lbu     t1, -190(a6)
core   0: 3 0x80003f90 (0xf4284303) x 6 0x00000000 mem 0x8001349f
core   0: 0x80003f94 (0xf8680103) lb      sp, -122(a6)
core   0: 3 0x80003f94 (0xf8680103) x 2 0x00000000 mem 0x800134e3
core   0: 0x80003f98 (0xf8680883) lb      a7, -122(a6)
core   0: 3 0x80003f98 (0xf8680883) x17 0x00000000 mem 0x800134e3
core   0: 0x80003f9c (0xf7488297) auipc   t0, 0xf7488
core   0: 3 0x80003f9c (0xf7488297) x 5 0x7748bf9c
core   0: 0x80003fa0 (0x0bd80483) lb      s1, 189(a6)
core   0: 3 0x80003fa0 (0x0bd80483) x 9 0x00000000 mem 0x8001361a
core   0: 0x80003fa4 (0x0a080ea3) sb      zero, 189(a6)
core   0: 3 0x80003fa4 (0x0a080ea3) mem 0x8001361a 0x0
core   0: 0x80003fa8 (0xf1c809a3) sb      t3, -237(a6)
core   0: 3 0x80003fa8 (0xf1c809a3) mem 0x80013470 0x1c
core   0: 0x80003fac (0x0a63bb13) sltiu   s6, t2, 166
core   0: 3 0x80003fac (0x0a63bb13) x22 0x00000001
core   0: 0x80003fb0 (0xf1384b03) lbu     s6, -237(a6)
core   0: 3 0x80003fb0 (0xf1384b03) x22 0x0000001c mem 0x80013470
core   0: 0x80003fb4 (0x0e480983) lb      s3, 228(a6)
core   0: 3 0x80003fb4 (0x0e480983) x19 0x00000000 mem 0x80013641
core   0: 0x80003fb8 (0x04d80d83) lb      s11, 77(a6)
core   0: 3 0x80003fb8 (0x04d80d83) x27 0x00000000 mem 0x800135aa
core   0: 0x80003fbc (0x04d80603) lb      a2, 77(a6)
core   0: 3 0x80003fbc (0x04d80603) x12 0x00000000 mem 0x800135aa
core   0: 0x80003fc0 (0x04d81e83) lh      t4, 77(a6)
core   0: 3 0x80003fc0 (0x04d81e83) x29 0x00000000 mem 0x800135aa
core   0: 0x80003fc4 (0x03c0d233) divu    tp, ra, t3
core   0: 3 0x80003fc4 (0x03c0d233) x 4 0x00000000
core   0: 0x80003fc8 (0x04d84d03) lbu     s10, 77(a6)
core   0: 3 0x80003fc8 (0x04d84d03) x26 0x00000000 mem 0x800135aa
core   0: 0x80003fcc (0xfaa80083) lb      ra, -86(a6)
core   0: 3 0x80003fcc (0xfaa80083) x 1 0x00000000 mem 0x80013507
core   0: 0x80003fd0 (0x08680103) lb      sp, 134(a6)
core   0: 3 0x80003fd0 (0x08680103) x 2 0x00000000 mem 0x800135e3
core   0: 0x80003fd4 (0x00018317) auipc   t1, 0x18
core   0: 3 0x80003fd4 (0x00018317) x 6 0x8001bfd4
core   0: 0x80003fd8 (0xbd630313) addi    t1, t1, -1066
core   0: 3 0x80003fd8 (0xbd630313) x 6 0x8001bbaa
core   0: 0x80003fdc (0x001059b3) srl     s3, zero, ra
core   0: 3 0x80003fdc (0x001059b3) x19 0x00000000
core   0: 0x80003fe0 (0x00008fe1) c.and   a5, s0
core   0: 3 0x80003fe0 (0x8fe1) x15 0x00000000
core   0: 0x80003fe2 (0x0fb30c23) sb      s11, 248(t1)
core   0: 3 0x80003fe2 (0x0fb30c23) mem 0x8001bca2 0x0
core   0: 0x80003fe6 (0xfae30ba3) sb      a4, -73(t1)
core   0: 3 0x80003fe6 (0xfae30ba3) mem 0x8001bb61 0x64
core   0: 0x80003fea (0x09630003) lb      zero, 150(t1)
core   0: 3 0x80003fea (0x09630003) mem 0x8001bc40
core   0: 0x80003fee (0x08732f23) sw      t2, 158(t1)
core   0: 3 0x80003fee (0x08732f23) mem 0x8001bc48 0x00000000
core   0: 0x80003ff2 (0x09e35f83) lhu     t6, 158(t1)
core   0: 3 0x80003ff2 (0x09e35f83) x31 0x00000000 mem 0x8001bc48
core   0: 0x80003ff6 (0x07530a03) lb      s4, 117(t1)
core   0: 3 0x80003ff6 (0x07530a03) x20 0x00000000 mem 0x8001bc1f
core   0: 0x80003ffa (0x01942d33) slt     s10, s0, s9
core   0: 3 0x80003ffa (0x01942d33) x26 0x00000000
core   0: 0x80003ffe (0x07534c83) lbu     s9, 117(t1)
core   0: 3 0x80003ffe (0x07534c83) x25 0x00000000 mem 0x8001bc1f
core   0: 0x80004002 (0x0041e233) or      tp, gp, tp
core   0: 3 0x80004002 (0x0041e233) x 4 0x00000000
core   0: 0x80004006 (0xf1e32523) sw      t5, -246(t1)
core   0: 3 0x80004006 (0xf1e32523) mem 0x8001bab4 0x80000000
core   0: 0x8000400a (0x02c31183) lh      gp, 44(t1)
core   0: 3 0x8000400a (0x02c31183) x 3 0x00000000 mem 0x8001bbd6
core   0: 0x8000400e (0xfb530b83) lb      s7, -75(t1)
core   0: 3 0x8000400e (0xfb530b83) x23 0x00000000 mem 0x8001bb5f
core   0: 0x80004012 (0x04934003) lbu     zero, 73(t1)
core   0: 3 0x80004012 (0x04934003) mem 0x8001bbf3
core   0: 0x80004016 (0x04530823) sb      t0, 80(t1)
core   0: 3 0x80004016 (0x04530823) mem 0x8001bbfa 0x9c
core   0: 0x8000401a (0x02030423) sb      zero, 40(t1)
core   0: 3 0x8000401a (0x02030423) mem 0x8001bbd2 0x0
core   0: 0x8000401e (0x01f31893) slli    a7, t1, 31
core   0: 3 0x8000401e (0x01f31893) x17 0x00000000
core   0: 0x80004022 (0xfda31203) lh      tp, -38(t1)
core   0: 3 0x80004022 (0xfda31203) x 4 0x00000000 mem 0x8001bb84
core   0: 0x80004026 (0xf7031483) lh      s1, -144(t1)
core   0: 3 0x80004026 (0xf7031483) x 9 0x00000000 mem 0x8001bb1a
core   0: 0x8000402a (0x0001a117) auipc   sp, 0x1a
core   0: 3 0x8000402a (0x0001a117) x 2 0x8001e02a
core   0: 0x8000402e (0x08910113) addi    sp, sp, 137
core   0: 3 0x8000402e (0x08910113) x 2 0x8001e0b3
core   0: 0x80004032 (0x818d4413) xori    s0, s10, -2024
core   0: 3 0x80004032 (0x818d4413) x 8 0xfffff818
core   0: 0x80004036 (0x00315903) lhu     s2, 3(sp)
core   0: 3 0x80004036 (0x00315903) x18 0x00000000 mem 0x8001e0b6
core   0: 0x8000403a (0x00515303) lhu     t1, 5(sp)
core   0: 3 0x8000403a (0x00515303) x 6 0x00000000 mem 0x8001e0b8
core   0: 0x8000403e (0x00004691) c.li    a3, 4
core   0: 3 0x8000403e (0x4691) x13 0x00000004
core   0: 0x80004040 (0x000084c9) c.srai  s1, 18
core   0: 3 0x80004040 (0x84c9) x 9 0x00000000
core   0: 0x80004042 (0x00008c9d) c.sub   s1, a5
core   0: 3 0x80004042 (0x8c9d) x 9 0x00000000
core   0: 0x80004044 (0x01014d03) lbu     s10, 16(sp)
core   0: 3 0x80004044 (0x01014d03) x26 0x00000000 mem 0x8001e0c3
core   0: 0x80004048 (0xff414d03) lbu     s10, -12(sp)
core   0: 3 0x80004048 (0xff414d03) x26 0x00000000 mem 0x8001e0a7
core   0: 0x8000404c (0x01a10723) sb      s10, 14(sp)
core   0: 3 0x8000404c (0x01a10723) mem 0x8001e0c1 0x0
core   0: 0x80004050 (0x0ff0000f) fence   iorw,iorw
core   0: 3 0x80004050 (0x0ff0000f)
core   0: 0x80004054 (0x0253a933) mulhsu  s2, t2, t0
core   0: 3 0x80004054 (0x0253a933) x18 0x00000000
core   0: 0x80004058 (0x00673533) sltu    a0, a4, t1
core   0: 3 0x80004058 (0x00673533) x10 0x00000000
core   0: 0x8000405c (0x03a92933) mulhsu  s2, s2, s10
core   0: 3 0x8000405c (0x03a92933) x18 0x00000000
core   0: 0x80004060 (0xc475a793) slti    a5, a1, -953
core   0: 3 0x80004060 (0xc475a793) x15 0x00000001
core   0: 0x80004064 (0x000008a2) c.slli  a7, 8
core   0: 3 0x80004064 (0x08a2) x17 0x00000000
core   0: 0x80004066 (0x01f10423) sb      t6, 8(sp)
core   0: 3 0x80004066 (0x01f10423) mem 0x8001e0bb 0x0
core   0: 0x8000406a (0x41568ab3) sub     s5, a3, s5
core   0: 3 0x8000406a (0x41568ab3) x21 0x00000004
core   0: 0x8000406e (0x000067a1) c.lui   a5, 0x8
core   0: 3 0x8000406e (0x67a1) x15 0x00008000
core   0: 0x80004070 (0xff910803) lb      a6, -7(sp)
core   0: 3 0x80004070 (0xff910803) x16 0x00000000 mem 0x8001e0ac
core   0: 0x80004074 (0x000084f9) c.srai  s1, 30
core   0: 3 0x80004074 (0x84f9) x 9 0x00000000
core   0: 0x80004076 (0x00889233) sll     tp, a7, s0
core   0: 3 0x80004076 (0x00889233) x 4 0x00000000
core   0: 0x8000407a (0x0000838e) c.mv    t2, gp
core   0: 3 0x8000407a (0x838e) x 7 0x00000000
core   0: 0x8000407c (0xffb14e83) lbu     t4, -5(sp)
core   0: 3 0x8000407c (0xffb14e83) x29 0x00000000 mem 0x8001e0ae
core   0: 0x80004080 (0xfeb12aa3) sw      a1, -11(sp)
core   0: 3 0x80004080 (0xfeb12aa3) mem 0x8001e0a8 0x8002cce4
core   0: 0x80004084 (0x00009a7d) c.andi  a2, -1
core   0: 3 0x80004084 (0x9a7d) x12 0x00000000
core   0: 0x80004086 (0x031c3a33) mulhu   s4, s8, a7
core   0: 3 0x80004086 (0x031c3a33) x20 0x00000000
core   0: 0x8000408a (0x7c812493) slti    s1, sp, 1992
core   0: 3 0x8000408a (0x7c812493) x 9 0x00000001
core   0: 0x8000408e (0x00a10223) sb      a0, 4(sp)
core   0: 3 0x8000408e (0x00a10223) mem 0x8001e0b7 0x0
core   0: 0x80004092 (0x000092a2) c.add   t0, s0
core   0: 3 0x80004092 (0x92a2) x 5 0x7748b7b4
core   0: 0x80004094 (0x00310e03) lb      t3, 3(sp)
core   0: 3 0x80004094 (0x00310e03) x28 0x00000000 mem 0x8001e0b6
core   0: 0x80004098 (0xff410b83) lb      s7, -12(sp)
core   0: 3 0x80004098 (0xff410b83) x23 0x00000000 mem 0x8001e0a7
core   0: 0x8000409c (0x00d15b03) lhu     s6, 13(sp)
core   0: 3 0x8000409c (0x00d15b03) x22 0x00000000 mem 0x8001e0c0
core   0: 0x800040a0 (0xff510283) lb      t0, -11(sp)
core   0: 3 0x800040a0 (0xff510283) x 5 0xffffffe4 mem 0x8001e0a8
core   0: 0x800040a4 (0xffe14b83) lbu     s7, -2(sp)
core   0: 3 0x800040a4 (0xffe14b83) x23 0x00000000 mem 0x8001e0b1
core   0: 0x800040a8 (0xff014e03) lbu     t3, -16(sp)
core   0: 3 0x800040a8 (0xff014e03) x28 0x00000000 mem 0x8001e0a3
core   0: 0x800040ac (0x00010a17) auipc   s4, 0x10
core   0: 3 0x800040ac (0x00010a17) x20 0x800140ac
core   0: 0x800040b0 (0xc33a0a13) addi    s4, s4, -973
core   0: 3 0x800040b0 (0xc33a0a13) x20 0x80013cdf
core   0: 0x800040b4 (0xff3a5503) lhu     a0, -13(s4)
core   0: 3 0x800040b4 (0xff3a5503) x10 0x00000000 mem 0x80013cd2
core   0: 0x800040b8 (0x014a0e03) lb      t3, 20(s4)
core   0: 3 0x800040b8 (0x014a0e03) x28 0x00000000 mem 0x80013cf3
core   0: 0x800040bc (0x00000001) c.nop
core   0: 3 0x800040bc (0x0001)
core   0: 0x800040be (0x03ca4483) lbu     s1, 60(s4)
core   0: 3 0x800040be (0x03ca4483) x 9 0x00000000 mem 0x80013d1b
core   0: 0x800040c2 (0xfd5a1783) lh      a5, -43(s4)
core   0: 3 0x800040c2 (0xfd5a1783) x15 0x00000000 mem 0x80013cb4
core   0: 0x800040c6 (0x000084ed) c.srai  s1, 27
core   0: 3 0x800040c6 (0x84ed) x 9 0x00000000
core   0: 0x800040c8 (0xff0a0083) lb      ra, -16(s4)
core   0: 3 0x800040c8 (0xff0a0083) x 1 0x00000000 mem 0x80013ccf
core   0: 0x800040cc (0xfdfa0383) lb      t2, -33(s4)
core   0: 3 0x800040cc (0xfdfa0383) x 7 0x00000000 mem 0x80013cbe
core   0: 0x800040d0 (0x039cde33) divu    t3, s9, s9
core   0: 3 0x800040d0 (0x039cde33) x28 0xffffffff
core   0: 0x800040d4 (0x03da0533) mul     a0, s4, t4
core   0: 3 0x800040d4 (0x03da0533) x10 0x00000000
core   0: 0x800040d8 (0xfdea0d83) lb      s11, -34(s4)
core   0: 3 0x800040d8 (0xfdea0d83) x27 0x00000000 mem 0x80013cbd
core   0: 0x800040dc (0x409dfa93) andi    s5, s11, 1033
core   0: 3 0x800040dc (0x409dfa93) x21 0x00000000
core   0: 0x800040e0 (0x97f66b93) ori     s7, a2, -1665
core   0: 3 0x800040e0 (0x97f66b93) x23 0xfffff97f
core   0: 0x800040e4 (0x006a0783) lb      a5, 6(s4)
core   0: 3 0x800040e4 (0x006a0783) x15 0x00000000 mem 0x80013ce5
core   0: 0x800040e8 (0xfeea4183) lbu     gp, -18(s4)
core   0: 3 0x800040e8 (0xfeea4183) x 3 0x00000000 mem 0x80013ccd
core   0: 0x800040ec (0x0206adb3) mulhsu  s11, a3, zero
core   0: 3 0x800040ec (0x0206adb3) x27 0x00000000
core   0: 0x800040f0 (0x41dad7b3) sra     a5, s5, t4
core   0: 3 0x800040f0 (0x41dad7b3) x15 0x00000000
core   0: 0x800040f4 (0x0000894d) c.andi  a0, 19
core   0: 3 0x800040f4 (0x894d) x10 0x00000000
core   0: 0x800040f6 (0x03ea0b23) sb      t5, 54(s4)
core   0: 3 0x800040f6 (0x03ea0b23) mem 0x80013d15 0x0
core   0: 0x800040fa (0x029c2c33) mulhsu  s8, s8, s1
core   0: 3 0x800040fa (0x029c2c33) x24 0x00000000
core   0: 0x800040fe (0x026bc9b3) div     s3, s7, t1
core   0: 3 0x800040fe (0x026bc9b3) x19 0xffffffff
core   0: 0x80004102 (0x01ea26a3) sw      t5, 13(s4)
core   0: 3 0x80004102 (0x01ea26a3) mem 0x80013cec 0x80000000
core   0: 0x80004106 (0x0000987d) c.andi  s0, -1
core   0: 3 0x80004106 (0x987d) x 8 0xfffff818
core   0: 0x80004108 (0x0aa27f93) andi    t6, tp, 170
core   0: 3 0x80004108 (0x0aa27f93) x31 0x00000000
core   0: 0x8000410c (0xfd5a1d83) lh      s11, -43(s4)
core   0: 3 0x8000410c (0xfd5a1d83) x27 0x00000000 mem 0x80013cb4
core   0: 0x80004110 (0x00011817) auipc   a6, 0x11
core   0: 3 0x80004110 (0x00011817) x16 0x80015110
core   0: 0x80004114 (0x2ea80813) addi    a6, a6, 746
core   0: 3 0x80004114 (0x2ea80813) x16 0x800153fa
core   0: 0x80004118 (0x0000fe97) auipc   t4, 0xf
core   0: 3 0x80004118 (0x0000fe97) x29 0x80013118
core   0: 0x8000411c (0x723e8e93) addi    t4, t4, 1827
core   0: 3 0x8000411c (0x723e8e93) x29 0x8001383b
core   0: 0x80004120 (0x90e84d83) lbu     s11, -1778(a6)
core   0: 3 0x80004120 (0x90e84d83) x27 0x00000000 mem 0x80014d08
core   0: 0x80004124 (0x5f381023) sh      s3, 1504(a6)
core   0: 3 0x80004124 (0x5f381023) mem 0x800159da 0xffff
core   0: 0x80004128 (0xe99eaa83) lw      s5, -359(t4)
core   0: 3 0x80004128 (0xe99eaa83) x21 0x00000000 mem 0x800136d4
core   0: 0x8000412c (0x21284283) lbu     t0, 530(a6)
core   0: 3 0x8000412c (0x21284283) x 5 0x00000000 mem 0x8001560c
core   0: 0x80004130 (0x97380ba3) sb      s3, -1673(a6)
core   0: 3 0x80004130 (0x97380ba3) mem 0x80014d71 0xff
core   0: 0x80004134 (0x5cf81f23) sh      a5, 1502(a6)
core   0: 3 0x80004134 (0x5cf81f23) mem 0x800159d8 0x0000
core   0: 0x80004138 (0x412ec783) lbu     a5, 1042(t4)
core   0: 3 0x80004138 (0x412ec783) x15 0x00000000 mem 0x80013c4d
core   0: 0x8000413c (0x83282183) lw      gp, -1998(a6)
core   0: 3 0x8000413c (0x83282183) x 3 0x00000000 mem 0x80014c2c
core   0: 0x80004140 (0xe94ec503) lbu     a0, -364(t4)
core   0: 3 0x80004140 (0xe94ec503) x10 0x00000000 mem 0x800136cf
core   0: 0x80004144 (0x83881503) lh      a0, -1992(a6)
core   0: 3 0x80004144 (0x83881503) x10 0x00000000 mem 0x80014c32
core   0: 0x80004148 (0x94081303) lh      t1, -1728(a6)
core   0: 3 0x80004148 (0x94081303) x 6 0x00000000 mem 0x80014d3a
core   0: 0x8000414c (0xd19ec083) lbu     ra, -743(t4)
core   0: 3 0x8000414c (0xd19ec083) x 1 0x00000000 mem 0x80013554
core   0: 0x80004150 (0x15c84d03) lbu     s10, 348(a6)
core   0: 3 0x80004150 (0x15c84d03) x26 0x00000000 mem 0x80015556
core   0: 0x80004154 (0x08a85303) lhu     t1, 138(a6)
core   0: 3 0x80004154 (0x08a85303) x 6 0x00000000 mem 0x80015484
core   0: 0x80004158 (0xd79edd03) lhu     s10, -647(t4)
core   0: 3 0x80004158 (0xd79edd03) x26 0x00000000 mem 0x800135b4
core   0: 0x8000415c (0x00013117) auipc   sp, 0x13
core   0: 3 0x8000415c (0x00013117) x 2 0x8001715c
core   0: 0x80004160 (0x6e410113) addi    sp, sp, 1764
core   0: 3 0x80004160 (0x6e410113) x 2 0x80017840
core   0: 0x80004164 (0x2d611b23) sh      s6, 726(sp)
core   0: 3 0x80004164 (0x2d611b23) mem 0x80017b16 0x0000
core   0: 0x80004168 (0xe92103a3) sb      s2, -377(sp)
core   0: 3 0x80004168 (0xe92103a3) mem 0x800176c7 0x0
core   0: 0x8000416c (0x91f10423) sb      t6, -1784(sp)
core   0: 3 0x8000416c (0x91f10423) mem 0x80017148 0x0
core   0: 0x80004170 (0xcfdea193) slti    gp, t4, -771
core   0: 3 0x80004170 (0xcfdea193) x 3 0x00000001
core   0: 0x80004174 (0x005370b3) and     ra, t1, t0
core   0: 3 0x80004174 (0x005370b3) x 1 0x00000000
core   0: 0x80004178 (0xd1714383) lbu     t2, -745(sp)
core   0: 3 0x80004178 (0xd1714383) x 7 0x00000000 mem 0x80017557
core   0: 0x8000417c (0xf5710d23) sb      s7, -166(sp)
core   0: 3 0x8000417c (0xf5710d23) mem 0x8001779a 0x7f
core   0: 0x80004180 (0x0000100f) fence.i
core   0: 3 0x80004180 (0x0000100f)
core   0: 0x80004184 (0xd3110d83) lb      s11, -719(sp)
core   0: 3 0x80004184 (0xd3110d83) x27 0x00000000 mem 0x80017571
core   0: 0x80004188 (0x419f8cb3) sub     s9, t6, s9
core   0: 3 0x80004188 (0x419f8cb3) x25 0x00000000
core   0: 0x8000418c (0x34f106a3) sb      a5, 845(sp)
core   0: 3 0x8000418c (0x34f106a3) mem 0x80017b8d 0x0
core   0: 0x80004190 (0xe4210e03) lb      t3, -446(sp)
core   0: 3 0x80004190 (0xe4210e03) x28 0x00000000 mem 0x80017682
core   0: 0x80004194 (0x00008c9d) c.sub   s1, a5
core   0: 3 0x80004194 (0x8c9d) x 9 0x00000000
core   0: 0x80004196 (0xf6410183) lb      gp, -156(sp)
core   0: 3 0x80004196 (0xf6410183) x 3 0x00000000 mem 0x800177a4
core   0: 0x8000419a (0xc0f10a03) lb      s4, -1009(sp)
core   0: 3 0x8000419a (0xc0f10a03) x20 0x00000000 mem 0x8001744f
core   0: 0x8000419e (0x0000527d) c.li    tp, -1
core   0: 3 0x8000419e (0x527d) x 4 0xffffffff
core   0: 0x800041a0 (0x94110423) sb      ra, -1720(sp)
core   0: 3 0x800041a0 (0x94110423) mem 0x80017188 0x0
core   0: 0x800041a4 (0x03c3e0b3) rem     ra, t2, t3
core   0: 3 0x800041a4 (0x03c3e0b3) x 1 0x00000000
core   0: 0x800041a8 (0x00000001) c.nop
core   0: 3 0x800041a8 (0x0001)
core   0: 0x800041aa (0xb4c10da3) sb      a2, -1189(sp)
core   0: 3 0x800041aa (0xb4c10da3) mem 0x8001739b 0x0
core   0: 0x800041ae (0xb2c15683) lhu     a3, -1236(sp)
core   0: 3 0x800041ae (0xb2c15683) x13 0x00000000 mem 0x8001736c
core   0: 0x800041b2 (0x48314303) lbu     t1, 1155(sp)
core   0: 3 0x800041b2 (0x48314303) x 6 0x00000000 mem 0x80017cc3
core   0: 0x800041b6 (0xfb810aa3) sb      s8, -75(sp)
core   0: 3 0x800041b6 (0xfb810aa3) mem 0x800177f5 0x0
core   0: 0x800041ba (0x01aeaab3) slt     s5, t4, s10
core   0: 3 0x800041ba (0x01aeaab3) x21 0x00000001
core   0: 0x800041be (0x96d94b93) xori    s7, s2, -1683
core   0: 3 0x800041be (0x96d94b93) x23 0xfffff96d
core   0: 0x800041c2 (0x000080ae) c.mv    ra, a1
core   0: 3 0x800041c2 (0x80ae) x 1 0x8002cce4
core   0: 0x800041c4 (0x17110fa3) sb      a7, 383(sp)
core   0: 3 0x800041c4 (0x17110fa3) mem 0x800179bf 0x0
core   0: 0x800041c8 (0x1e114603) lbu     a2, 481(sp)
core   0: 3 0x800041c8 (0x1e114603) x12 0x00000000 mem 0x80017a21
core   0: 0x800041cc (0x62211e83) lh      t4, 1570(sp)
core   0: 3 0x800041cc (0x62211e83) x29 0x00000000 mem 0x80017e62
core   0: 0x800041d0 (0x73496613) ori     a2, s2, 1844
core   0: 3 0x800041d0 (0x73496613) x12 0x00000734
core   0: 0x800041d4 (0x41114783) lbu     a5, 1041(sp)
core   0: 3 0x800041d4 (0x41114783) x15 0x00000000 mem 0x80017c51
core   0: 0x800041d8 (0x0ff0000f) fence   iorw,iorw
core   0: 3 0x800041d8 (0x0ff0000f)
core   0: 0x800041dc (0xd6b10ca3) sb      a1, -647(sp)
core   0: 3 0x800041dc (0xd6b10ca3) mem 0x800175b9 0xe4
core   0: 0x800041e0 (0x00566533) or      a0, a2, t0
core   0: 3 0x800041e0 (0x00566533) x10 0x00000734
core   0: 0x800041e4 (0x10e11023) sh      a4, 256(sp)
core   0: 3 0x800041e4 (0x10e11023) mem 0x80017940 0x8e64
core   0: 0x800041e8 (0xa1d14683) lbu     a3, -1507(sp)
core   0: 3 0x800041e8 (0xa1d14683) x13 0x00000000 mem 0x8001725d
core   0: 0x800041ec (0x00000412) c.slli  s0, 4
core   0: 3 0x800041ec (0x0412) x 8 0xffff8180
core   0: 0x800041ee (0x02d13333) mulhu   t1, sp, a3
core   0: 3 0x800041ee (0x02d13333) x 6 0x00000000
core   0: 0x800041f2 (0x00005c7d) c.li    s8, -1
core   0: 3 0x800041f2 (0x5c7d) x24 0xffffffff
core   0: 0x800041f4 (0x0039cdb3) xor     s11, s3, gp
core   0: 3 0x800041f4 (0x0039cdb3) x27 0xffffffff
core   0: 0x800041f8 (0x028042b3) div     t0, zero, s0
core   0: 3 0x800041f8 (0x028042b3) x 5 0x00000000
core   0: 0x800041fc (0x9a911a23) sh      s1, -1612(sp)
core   0: 3 0x800041fc (0x9a911a23) mem 0x800171f4 0x0000
core   0: 0x80004200 (0x00010c17) auipc   s8, 0x10
core   0: 3 0x80004200 (0x00010c17) x24 0x80014200
core   0: 0x80004204 (0x830c0c13) addi    s8, s8, -2000
core   0: 3 0x80004204 (0x830c0c13) x24 0x80013a30
core   0: 0x80004208 (0x0001b297) auipc   t0, 0x1b
core   0: 3 0x80004208 (0x0001b297) x 5 0x8001f208
core   0: 0x8000420c (0x31c28293) addi    t0, t0, 796
core   0: 3 0x8000420c (0x31c28293) x 5 0x8001f524
core   0: 0x80004210 (0xff1c4d83) lbu     s11, -15(s8)
core   0: 3 0x80004210 (0xff1c4d83) x27 0x00000000 mem 0x80013a21
core   0: 0x80004214 (0x00828783) lb      a5, 8(t0)
core   0: 3 0x80004214 (0x00828783) x15 0x00000000 mem 0x8001f52c
core   0: 0x80004218 (0x01d28303) lb      t1, 29(t0)
core   0: 3 0x80004218 (0x01d28303) x 6 0x00000000 mem 0x8001f541
core   0: 0x8000421c (0xfefc0c23) sb      a5, -8(s8)
core   0: 3 0x8000421c (0xfefc0c23) mem 0x80013a28 0x0
core   0: 0x80004220 (0x00c2a623) sw      a2, 12(t0)
core   0: 3 0x80004220 (0x00c2a623) mem 0x8001f530 0x00000734
core   0: 0x80004224 (0xff0c2e03) lw      t3, -16(s8)
core   0: 3 0x80004224 (0xff0c2e03) x28 0x00000000 mem 0x80013a20
core   0: 0x80004228 (0xffec4c83) lbu     s9, -2(s8)
core   0: 3 0x80004228 (0xffec4c83) x25 0x00000000 mem 0x80013a2e
core   0: 0x8000422c (0xfff2c983) lbu     s3, -1(t0)
core   0: 3 0x8000422c (0xfff2c983) x19 0x00000000 mem 0x8001f523
core   0: 0x80004230 (0xffbc4a03) lbu     s4, -5(s8)
core   0: 3 0x80004230 (0xffbc4a03) x20 0x00000000 mem 0x80013a2b
core   0: 0x80004234 (0xffcc08a3) sb      t3, -15(s8)
core   0: 3 0x80004234 (0xffcc08a3) mem 0x80013a21 0x0
core   0: 0x80004238 (0x00dc4183) lbu     gp, 13(s8)
core   0: 3 0x80004238 (0x00dc4183) x 3 0x00000000 mem 0x80013a3d
core   0: 0x8000423c (0x005c02a3) sb      t0, 5(s8)
core   0: 3 0x8000423c (0x005c02a3) mem 0x80013a35 0x24
core   0: 0x80004240 (0xff128403) lb      s0, -15(t0)
core   0: 3 0x80004240 (0xff128403) x 8 0x00000000 mem 0x8001f515
core   0: 0x80004244 (0x01bc1523) sh      s11, 10(s8)
core   0: 3 0x80004244 (0x01bc1523) mem 0x80013a3a 0x0000
core   0: 0x80004248 (0xfe12ca03) lbu     s4, -31(t0)
core   0: 3 0x80004248 (0xfe12ca03) x20 0x00000000 mem 0x8001f505
core   0: 0x8000424c (0x01ac1023) sh      s10, 0(s8)
core   0: 3 0x8000424c (0x01ac1023) mem 0x80013a30 0x0000
core   0: 0x80004250 (0x00010d97) auipc   s11, 0x10
core   0: 3 0x80004250 (0x00010d97) x27 0x80014250
core   0: 0x80004254 (0xc99d8d93) addi    s11, s11, -871
core   0: 3 0x80004254 (0xc99d8d93) x27 0x80013ee9
core   0: 0x80004258 (0x00008285) c.srli  a3, 1
core   0: 3 0x80004258 (0x8285) x13 0x00000000
core   0: 0x8000425a (0x027da403) lw      s0, 39(s11)
core   0: 3 0x8000425a (0x027da403) x 8 0x00000000 mem 0x80013f10
core   0: 0x8000425e (0x99488797) auipc   a5, 0x99488
core   0: 3 0x8000425e (0x99488797) x15 0x1948c25e
core   0: 0x80004262 (0x0000f633) and     a2, ra, zero
core   0: 3 0x80004262 (0x0000f633) x12 0x00000000
core   0: 0x80004266 (0x027d8483) lb      s1, 39(s11)
core   0: 3 0x80004266 (0x027d8483) x 9 0x00000000 mem 0x80013f10
core   0: 0x8000426a (0x4af3b213) sltiu   tp, t2, 1199
core   0: 3 0x8000426a (0x4af3b213) x 4 0x00000001
core   0: 0x8000426e (0x0e6dce03) lbu     t3, 230(s11)
core   0: 3 0x8000426e (0x0e6dce03) x28 0x000000ff mem 0x80013fcf
core   0: 0x80004272 (0xf3cdcf83) lbu     t6, -196(s11)
core   0: 3 0x80004272 (0xf3cdcf83) x31 0x00000000 mem 0x80013e25
core   0: 0x80004276 (0x01e90b33) add     s6, s2, t5
core   0: 3 0x80004276 (0x01e90b33) x22 0x80000000
core   0: 0x8000427a (0x410bd513) srai    a0, s7, 16
core   0: 3 0x8000427a (0x410bd513) x10 0xffffffff
core   0: 0x8000427e (0x05cdcc83) lbu     s9, 92(s11)
core   0: 3 0x8000427e (0x05cdcc83) x25 0x00000000 mem 0x80013f45
core   0: 0x80004282 (0x064d82a3) sb      tp, 101(s11)
core   0: 3 0x80004282 (0x064d82a3) mem 0x80013f4e 0x1
core   0: 0x80004286 (0x04bd8da3) sb      a1, 91(s11)
core   0: 3 0x80004286 (0x04bd8da3) mem 0x80013f44 0xe4
core   0: 0x8000428a (0x0bed93a3) sh      t5, 167(s11)
core   0: 3 0x8000428a (0x0bed93a3) mem 0x80013f90 0x0000
core   0: 0x8000428e (0x6fcce913) ori     s2, s9, 1788
core   0: 3 0x8000428e (0x6fcce913) x18 0x000006fc
core   0: 0x80004292 (0x0ddddf83) lhu     t6, 221(s11)
core   0: 3 0x80004292 (0x0ddddf83) x31 0x00000000 mem 0x80013fc6
core   0: 0x80004296 (0x03771a33) mulh    s4, a4, s7
core   0: 3 0x80004296 (0x03771a33) x20 0x00000349
core   0: 0x8000429a (0x03e2aab3) mulhsu  s5, t0, t5
core   0: 3 0x8000429a (0x03e2aab3) x21 0xc000fa92
core   0: 0x8000429e (0x0216fe33) remu    t3, a3, ra
core   0: 3 0x8000429e (0x0216fe33) x28 0x00000000
core   0: 0x800042a2 (0xfb3d9203) lh      tp, -77(s11)
core   0: 3 0x800042a2 (0xfb3d9203) x 4 0x00000000 mem 0x80013e9c
core   0: 0x800042a6 (0x041d8d03) lb      s10, 65(s11)
core   0: 3 0x800042a6 (0x041d8d03) x26 0x00000000 mem 0x80013f2a
core   0: 0x800042aa (0x000084d1) c.srai  s1, 20
core   0: 3 0x800042aa (0x84d1) x 9 0x00000000
core   0: 0x800042ac (0x00000612) c.slli  a2, 4
core   0: 3 0x800042ac (0x0612) x12 0x00000000
core   0: 0x800042ae (0x0000654d) c.lui   a0, 0x13
core   0: 3 0x800042ae (0x654d) x10 0x00013000
core   0: 0x800042b0 (0xf5fd9fa3) sh      t6, -161(s11)
core   0: 3 0x800042b0 (0xf5fd9fa3) mem 0x80013e48 0x0000
core   0: 0x800042b4 (0x0b7da3a3) sw      s7, 167(s11)
core   0: 3 0x800042b4 (0x0b7da3a3) mem 0x80013f90 0xfffff96d
core   0: 0x800042b8 (0x051f3d13) sltiu   s10, t5, 81
core   0: 3 0x800042b8 (0x051f3d13) x26 0x00000000
core   0: 0x800042bc (0xff6dc883) lbu     a7, -10(s11)
core   0: 3 0x800042bc (0xff6dc883) x17 0x00000000 mem 0x80013edf
core   0: 0x800042c0 (0x01259fb3) sll     t6, a1, s2
core   0: 3 0x800042c0 (0x01259fb3) x31 0x40000000
core   0: 0x800042c4 (0x067d8923) sb      t2, 114(s11)
core   0: 3 0x800042c4 (0x067d8923) mem 0x80013f5b 0x0
core   0: 0x800042c8 (0x085d8a23) sb      t0, 148(s11)
core   0: 3 0x800042c8 (0x085d8a23) mem 0x80013f7d 0x24
core   0: 0x800042cc (0x00000001) c.nop
core   0: 3 0x800042cc (0x0001)
core   0: 0x800042ce (0xf83da183) lw      gp, -125(s11)
core   0: 3 0x800042ce (0xf83da183) x 3 0x00000000 mem 0x80013e6c
core   0: 0x800042d2 (0xa39da293) slti    t0, s11, -1479
core   0: 3 0x800042d2 (0xa39da293) x 5 0x00000001
core   0: 0x800042d6 (0x087d97a3) sh      t2, 143(s11)
core   0: 3 0x800042d6 (0x087d97a3) mem 0x80013f78 0x0000
core   0: 0x800042da (0xf7fda003) lw      zero, -129(s11)
core   0: 3 0x800042da (0xf7fda003) mem 0x80013e68
core   0: 0x800042de (0xfe6d8803) lb      a6, -26(s11)
core   0: 3 0x800042de (0xfe6d8803) x16 0x00000000 mem 0x80013ecf
core   0: 0x800042e2 (0x0ffd8e23) sb      t6, 252(s11)
core   0: 3 0x800042e2 (0x0ffd8e23) mem 0x80013fe5 0x0
core   0: 0x800042e6 (0x7caa9e37) lui     t3, 0x7caa9
core   0: 3 0x800042e6 (0x7caa9e37) x28 0x7caa9000
core   0: 0x800042ea (0x00008511) c.srai  a0, 4
core   0: 3 0x800042ea (0x8511) x10 0x00001300
core   0: 0x800042ec (0x00008ef9) c.and   a3, a4
core   0: 3 0x800042ec (0x8ef9) x13 0x00000000
core   0: 0x800042ee (0xfaddc503) lbu     a0, -83(s11)
core   0: 3 0x800042ee (0xfaddc503) x10 0x00000000 mem 0x80013e96
core   0: 0x800042f2 (0x089d8523) sb      s1, 138(s11)
core   0: 3 0x800042f2 (0x089d8523) mem 0x80013f73 0x0
core   0: 0x800042f6 (0x0ff0000f) fence   iorw,iorw
core   0: 3 0x800042f6 (0x0ff0000f)
core   0: 0x800042fa (0xf78d8903) lb      s2, -136(s11)
core   0: 3 0x800042fa (0xf78d8903) x18 0x00000000 mem 0x80013e61
core   0: 0x800042fe (0x00010c17) auipc   s8, 0x10
core   0: 3 0x800042fe (0x00010c17) x24 0x800142fe
core   0: 0x80004302 (0xc7cc0c13) addi    s8, s8, -900
core   0: 3 0x80004302 (0xc7cc0c13) x24 0x80013f7a
core   0: 0x80004306 (0x002b1d13) slli    s10, s6, 2
core   0: 3 0x80004306 (0x002b1d13) x26 0x00000000
core   0: 0x8000430a (0x010279b3) and     s3, tp, a6
core   0: 3 0x8000430a (0x010279b3) x19 0x00000000
core   0: 0x8000430e (0xcf9c1823) sh      s9, -784(s8)
core   0: 3 0x8000430e (0xcf9c1823) mem 0x80013c6a 0x0000
core   0: 0x80004312 (0x855c4e03) lbu     t3, -1963(s8)
core   0: 3 0x80004312 (0x855c4e03) x28 0x00000000 mem 0x800137cf
core   0: 0x80004316 (0x00000b36) c.slli  s6, 13
core   0: 3 0x80004316 (0x0b36) x22 0x00000000
core   0: 0x80004318 (0x0bbc4883) lbu     a7, 187(s8)
core   0: 3 0x80004318 (0x0bbc4883) x17 0x00000000 mem 0x80014035
core   0: 0x8000431c (0x050c5883) lhu     a7, 80(s8)
core   0: 3 0x8000431c (0x050c5883) x17 0x00000000 mem 0x80013fca
core   0: 0x80004320 (0xa4ac4403) lbu     s0, -1462(s8)
core   0: 3 0x80004320 (0xa4ac4403) x 8 0x00000000 mem 0x800139c4
core   0: 0x80004324 (0x423ea293) slti    t0, t4, 1059
core   0: 3 0x80004324 (0x423ea293) x 5 0x00000001
core   0: 0x80004328 (0x0a7c0603) lb      a2, 167(s8)
core   0: 3 0x80004328 (0x0a7c0603) x12 0x00000000 mem 0x80014021
core   0: 0x8000432c (0x000081c2) c.mv    gp, a6
core   0: 3 0x8000432c (0x81c2) x 3 0x00000000
core   0: 0x8000432e (0xacdc4803) lbu     a6, -1331(s8)
core   0: 3 0x8000432e (0xacdc4803) x16 0x00000000 mem 0x80013a47
core   0: 0x80004332 (0x5231c513) xori    a0, gp, 1315
core   0: 3 0x80004332 (0x5231c513) x10 0x00000523
core   0: 0x80004336 (0x00005afd) c.li    s5, -1
core   0: 3 0x80004336 (0x5afd) x21 0xffffffff
core   0: 0x80004338 (0x00008fdd) c.or    a5, a5
core   0: 3 0x80004338 (0x8fdd) x15 0x1948c25e
core   0: 0x8000433a (0xbd4c5103) lhu     sp, -1068(s8)
core   0: 3 0x8000433a (0xbd4c5103) x 2 0x00000000 mem 0x80013b4e
core   0: 0x8000433e (0xc4bc0aa3) sb      a1, -939(s8)
core   0: 3 0x8000433e (0xc4bc0aa3) mem 0x80013bcf 0xe4
core   0: 0x80004342 (0x00006b15) c.lui   s6, 0x5
core   0: 3 0x80004342 (0x6b15) x22 0x00005000
core   0: 0x80004344 (0x066c3d93) sltiu   s11, s8, 102
core   0: 3 0x80004344 (0x066c3d93) x27 0x00000000
core   0: 0x80004348 (0xd5dc0903) lb      s2, -675(s8)
core   0: 3 0x80004348 (0xd5dc0903) x18 0x00000000 mem 0x80013cd7
core   0: 0x8000434c (0xfecc4b83) lbu     s7, -20(s8)
core   0: 3 0x8000434c (0xfecc4b83) x23 0x00000000 mem 0x80013f66
core   0: 0x80004350 (0x00008491) c.srai  s1, 4
core   0: 3 0x80004350 (0x8491) x 9 0x00000000
core   0: 0x80004352 (0xbf4da513) slti    a0, s11, -1036
core   0: 3 0x80004352 (0xbf4da513) x10 0x00000000
core   0: 0x80004356 (0x00008d61) c.and   a0, s0
core   0: 3 0x80004356 (0x8d61) x10 0x00000000
core   0: 0x80004358 (0x066c02a3) sb      t1, 101(s8)
core   0: 3 0x80004358 (0x066c02a3) mem 0x80013fdf 0x0
core   0: 0x8000435c (0xcf4c5803) lhu     a6, -780(s8)
core   0: 3 0x8000435c (0xcf4c5803) x16 0x00000000 mem 0x80013c6e
core   0: 0x80004360 (0xb05c0f83) lb      t6, -1275(s8)
core   0: 3 0x80004360 (0xb05c0f83) x31 0x00000000 mem 0x80013a7f
core   0: 0x80004364 (0x039eb8b3) mulhu   a7, t4, s9
core   0: 3 0x80004364 (0x039eb8b3) x17 0x00000000
core   0: 0x80004368 (0x000090f2) c.add   ra, t3
core   0: 3 0x80004368 (0x90f2) x 1 0x8002cce4
core   0: 0x8000436a (0x00001dfd) c.addi  s11, -1
core   0: 3 0x8000436a (0x1dfd) x27 0xffffffff
core   0: 0x8000436c (0xff4c1003) lh      zero, -12(s8)
core   0: 3 0x8000436c (0xff4c1003) mem 0x80013f6e
core   0: 0x80004370 (0x01f11513) slli    a0, sp, 31
core   0: 3 0x80004370 (0x01f11513) x10 0x00000000
core   0: 0x80004374 (0x031c0ea3) sb      a7, 61(s8)
core   0: 3 0x80004374 (0x031c0ea3) mem 0x80013fb7 0x0
core   0: 0x80004378 (0x00006d79) c.lui   s10, 0x1e
core   0: 3 0x80004378 (0x6d79) x26 0x0001e000
core   0: 0x8000437a (0xc21c4003) lbu     zero, -991(s8)
core   0: 3 0x8000437a (0xc21c4003) mem 0x80013b9b
core   0: 0x8000437e (0x00c606b3) add     a3, a2, a2
core   0: 3 0x8000437e (0x00c606b3) x13 0x00000000
core   0: 0x80004382 (0xd79c4483) lbu     s1, -647(s8)
core   0: 3 0x80004382 (0xd79c4483) x 9 0x00000000 mem 0x80013cf3
core   0: 0x80004386 (0xfabc0503) lb      a0, -85(s8)
core   0: 3 0x80004386 (0xfabc0503) x10 0x00000000 mem 0x80013f25
core   0: 0x8000438a (0x0089e3b3) or      t2, s3, s0
core   0: 3 0x8000438a (0x0089e3b3) x 7 0x00000000
core   0: 0x8000438e (0x40e5d0b3) sra     ra, a1, a4
core   0: 3 0x8000438e (0x40e5d0b3) x 1 0xf8002cce
core   0: 0x80004392 (0xb9cbc793) xori    a5, s7, -1124
core   0: 3 0x80004392 (0xb9cbc793) x15 0xfffffb9c
core   0: 0x80004396 (0x0000883d) c.andi  s0, 15
core   0: 3 0x80004396 (0x883d) x 8 0x00000000
core   0: 0x80004398 (0x4bbd4d13) xori    s10, s10, 1211
core   0: 3 0x80004398 (0x4bbd4d13) x26 0x0001e4bb
core   0: 0x8000439c (0x800c4783) lbu     a5, -2048(s8)
core   0: 3 0x8000439c (0x800c4783) x15 0x00000000 mem 0x8001377a
core   0: 0x800043a0 (0x9a073b93) sltiu   s7, a4, -1632
core   0: 3 0x800043a0 (0x9a073b93) x23 0x00000001
core   0: 0x800043a4 (0x1a4ff013) andi    zero, t6, 420
core   0: 3 0x800043a4 (0x1a4ff013)
core   0: 0x800043a8 (0x908c5303) lhu     t1, -1784(s8)
core   0: 3 0x800043a8 (0x908c5303) x 6 0x00000000 mem 0x80013882
core   0: 0x800043ac (0xcecc0d03) lb      s10, -788(s8)
core   0: 3 0x800043ac (0xcecc0d03) x26 0x00000000 mem 0x80013c66
core   0: 0x800043b0 (0xc41c4f83) lbu     t6, -959(s8)
core   0: 3 0x800043b0 (0xc41c4f83) x31 0x00000000 mem 0x80013bbb
core   0: 0x800043b4 (0xef0c0803) lb      a6, -272(s8)
core   0: 3 0x800043b4 (0xef0c0803) x16 0x00000000 mem 0x80013e6a
core   0: 0x800043b8 (0x0001f997) auipc   s3, 0x1f
core   0: 3 0x800043b8 (0x0001f997) x19 0x800233b8
core   0: 0x800043bc (0xe9298993) addi    s3, s3, -366
core   0: 3 0x800043bc (0xe9298993) x19 0x8002324a
core   0: 0x800043c0 (0xfe998d23) sb      s1, -6(s3)
core   0: 3 0x800043c0 (0xfe998d23) mem 0x80023244 0x0
core   0: 0x800043c4 (0x00198d83) lb      s11, 1(s3)
core   0: 3 0x800043c4 (0x00198d83) x27 0x00000000 mem 0x8002324b
core   0: 0x800043c8 (0x00c980a3) sb      a2, 1(s3)
core   0: 3 0x800043c8 (0x00c980a3) mem 0x8002324b 0x0
core   0: 0x800043cc (0x00198a03) lb      s4, 1(s3)
core   0: 3 0x800043cc (0x00198a03) x20 0x00000000 mem 0x8002324b
core   0: 0x800043d0 (0x0029c303) lbu     t1, 2(s3)
core   0: 3 0x800043d0 (0x0029c303) x 6 0x00000000 mem 0x8002324c
core   0: 0x800043d4 (0x00a98223) sb      a0, 4(s3)
core   0: 3 0x800043d4 (0x00a98223) mem 0x8002324e 0x0
core   0: 0x800043d8 (0xffb9c483) lbu     s1, -5(s3)
core   0: 3 0x800043d8 (0xffb9c483) x 9 0x00000000 mem 0x80023245
core   0: 0x800043dc (0xff69d503) lhu     a0, -10(s3)
core   0: 3 0x800043dc (0xff69d503) x10 0x00000000 mem 0x80023240
core   0: 0x800043e0 (0xfe899b23) sh      s0, -10(s3)
core   0: 3 0x800043e0 (0xfe899b23) mem 0x80023240 0x0000
core   0: 0x800043e4 (0xff198b23) sb      a7, -10(s3)
core   0: 3 0x800043e4 (0xff198b23) mem 0x80023240 0x0
core   0: 0x800043e8 (0xffe9ca03) lbu     s4, -2(s3)
core   0: 3 0x800043e8 (0xffe9ca03) x20 0x00000000 mem 0x80023248
core   0: 0x800043ec (0xffe9a603) lw      a2, -2(s3)
core   0: 3 0x800043ec (0xffe9a603) x12 0x00000000 mem 0x80023248
core   0: 0x800043f0 (0xffb99f23) sh      s11, -2(s3)
core   0: 3 0x800043f0 (0xffb99f23) mem 0x80023248 0x0000
core   0: 0x800043f4 (0xe251fe93) andi    t4, gp, -475
core   0: 3 0x800043f4 (0xe251fe93) x29 0x00000000
core   0: 0x800043f8 (0xff398183) lb      gp, -13(s3)
core   0: 3 0x800043f8 (0xff398183) x 3 0x00000000 mem 0x8002323d
core   0: 0x800043fc (0x01098e03) lb      t3, 16(s3)
core   0: 3 0x800043fc (0x01098e03) x28 0x00000000 mem 0x8002325a
core   0: 0x80004400 (0x0109c683) lbu     a3, 16(s3)
core   0: 3 0x80004400 (0x0109c683) x13 0x00000000 mem 0x8002325a
core   0: 0x80004404 (0x0109ce03) lbu     t3, 16(s3)
core   0: 3 0x80004404 (0x0109ce03) x28 0x00000000 mem 0x8002325a
core   0: 0x80004408 (0xfe798ea3) sb      t2, -3(s3)
core   0: 3 0x80004408 (0xfe798ea3) mem 0x80023247 0x0
core   0: 0x8000440c (0x00c98683) lb      a3, 12(s3)
core   0: 3 0x8000440c (0x00c98683) x13 0x00000000 mem 0x80023256
core   0: 0x80004410 (0x0000f117) auipc   sp, 0xf
core   0: 3 0x80004410 (0x0000f117) x 2 0x80013410
core   0: 0x80004414 (0x41610113) addi    sp, sp, 1046
core   0: 3 0x80004414 (0x41610113) x 2 0x80013826
core   0: 0x80004418 (0x41b989b3) sub     s3, s3, s11
core   0: 3 0x80004418 (0x41b989b3) x19 0x8002324a
core   0: 0x8000441c (0x00006819) c.lui   a6, 0x6
core   0: 3 0x8000441c (0x6819) x16 0x00006000
core   0: 0x8000441e (0x00000222) c.slli  tp, 8
core   0: 3 0x8000441e (0x0222) x 4 0x00000000
core   0: 0x80004420 (0x00009556) c.add   a0, s5
core   0: 3 0x80004420 (0x9556) x10 0xffffffff
core   0: 0x80004422 (0x411ed093) srai    ra, t4, 17
core   0: 3 0x80004422 (0x411ed093) x 1 0x00000000
core   0: 0x80004426 (0x01910a03) lb      s4, 25(sp)
core   0: 3 0x80004426 (0x01910a03) x20 0x00000000 mem 0x8001383f
core   0: 0x8000442a (0x0052f833) and     a6, t0, t0
core   0: 3 0x8000442a (0x0052f833) x16 0x00000001
core   0: 0x8000442e (0xfe814083) lbu     ra, -24(sp)
core   0: 3 0x8000442e (0xfe814083) x 1 0x00000000 mem 0x8001380e
core   0: 0x80004432 (0x0014f533) and     a0, s1, ra
core   0: 3 0x80004432 (0x0014f533) x10 0x00000000
core   0: 0x80004436 (0x02459bb3) mulh    s7, a1, tp
core   0: 3 0x80004436 (0x02459bb3) x23 0x00000000
core   0: 0x8000443a (0x00000001) c.nop
core   0: 3 0x8000443a (0x0001)
core   0: 0x8000443c (0x32eb0a93) addi    s5, s6, 814
core   0: 3 0x8000443c (0x32eb0a93) x21 0x0000532e
core   0: 0x80004440 (0xffc101a3) sb      t3, -29(sp)
core   0: 3 0x80004440 (0xffc101a3) mem 0x80013809 0x0
core   0: 0x80004444 (0x00004be9) c.li    s7, 26
core   0: 3 0x80004444 (0x4be9) x23 0x0000001a
core   0: 0x80004446 (0xff811723) sh      s8, -18(sp)
core   0: 3 0x80004446 (0xff811723) mem 0x80013814 0x3f7a
core   0: 0x8000444a (0x4617eb13) ori     s6, a5, 1121
core   0: 3 0x8000444a (0x4617eb13) x22 0x00000461
core   0: 0x8000444e (0xfc614303) lbu     t1, -58(sp)
core   0: 3 0x8000444e (0xfc614303) x 6 0x00000000 mem 0x800137ec
core   0: 0x80004452 (0xfcd10d83) lb      s11, -51(sp)
core   0: 3 0x80004452 (0xfcd10d83) x27 0x00000000 mem 0x800137f3
core   0: 0x80004456 (0x02d10523) sb      a3, 42(sp)
core   0: 3 0x80004456 (0x02d10523) mem 0x80013850 0x0
core   0: 0x8000445a (0x00008d25) c.xor   a0, s1
core   0: 3 0x8000445a (0x8d25) x10 0x00000000
core   0: 0x8000445c (0x02510ba3) sb      t0, 55(sp)
core   0: 3 0x8000445c (0x02510ba3) mem 0x8001385d 0x1
core   0: 0x80004460 (0xfc810ba3) sb      s0, -41(sp)
core   0: 3 0x80004460 (0xfc810ba3) mem 0x800137fd 0x0
core   0: 0x80004464 (0xfdd10903) lb      s2, -35(sp)
core   0: 3 0x80004464 (0xfdd10903) x18 0x00000000 mem 0x80013803
core   0: 0x80004468 (0x02910c03) lb      s8, 41(sp)
core   0: 3 0x80004468 (0x02910c03) x24 0x00000000 mem 0x8001384f
core   0: 0x8000446c (0x00001b7d) c.addi  s6, -1
core   0: 3 0x8000446c (0x1b7d) x22 0x00000460
core   0: 0x8000446e (0xfd412323) sw      s4, -58(sp)
core   0: 3 0x8000446e (0xfd412323) mem 0x800137ec 0x00000000
core   0: 0x80004472 (0x00006e6d) c.lui   t3, 0x1b
core   0: 3 0x80004472 (0x6e6d) x28 0x0001b000
core   0: 0x80004474 (0xa277aa37) lui     s4, 0xa277a
core   0: 3 0x80004474 (0xa277aa37) x20 0xa277a000
core   0: 0x80004478 (0x2b264913) xori    s2, a2, 690
core   0: 3 0x80004478 (0x2b264913) x18 0x000002b2
core   0: 0x8000447c (0x41b15993) srai    s3, sp, 27
core   0: 3 0x8000447c (0x41b15993) x19 0xfffffff0
core   0: 0x80004480 (0xfc314f83) lbu     t6, -61(sp)
core   0: 3 0x80004480 (0xfc314f83) x31 0x00000000 mem 0x800137e9
core   0: 0x80004484 (0x00000001) c.nop
core   0: 3 0x80004484 (0x0001)
core   0: 0x80004486 (0xffe12c83) lw      s9, -2(sp)
core   0: 3 0x80004486 (0xffe12c83) x25 0x00000000 mem 0x80013824
core   0: 0x8000448a (0xfc410aa3) sb      tp, -43(sp)
core   0: 3 0x8000448a (0xfc410aa3) mem 0x800137fb 0x0
core   0: 0x8000448e (0xfec14c83) lbu     s9, -20(sp)
core   0: 3 0x8000448e (0xfec14c83) x25 0x00000000 mem 0x80013812
core   0: 0x80004492 (0x014f1533) sll     a0, t5, s4
core   0: 3 0x80004492 (0x014f1533) x10 0x80000000
core   0: 0x80004496 (0x0ff0000f) fence   iorw,iorw
core   0: 3 0x80004496 (0x0ff0000f)
core   0: 0x8000449a (0x000062bd) c.lui   t0, 0xf
core   0: 3 0x8000449a (0x62bd) x 5 0x0000f000
core   0: 0x8000449c (0xfc6102a3) sb      t1, -59(sp)
core   0: 3 0x8000449c (0xfc6102a3) mem 0x800137eb 0x0
core   0: 0x800044a0 (0x01b10023) sb      s11, 0(sp)
core   0: 3 0x800044a0 (0x01b10023) mem 0x80013826 0x0
core   0: 0x800044a4 (0x016100a3) sb      s6, 1(sp)
core   0: 3 0x800044a4 (0x016100a3) mem 0x80013827 0x60
core   0: 0x800044a8 (0x01fe9433) sll     s0, t4, t6
core   0: 3 0x800044a8 (0x01fe9433) x 8 0x00000000
core   0: 0x800044ac (0x02eb5ab3) divu    s5, s6, a4
core   0: 3 0x800044ac (0x02eb5ab3) x21 0x00000000
core   0: 0x800044b0 (0xffb14983) lbu     s3, -5(sp)
core   0: 3 0x800044b0 (0xffb14983) x19 0x00000000 mem 0x80013821
core   0: 0x800044b4 (0xfff12d23) sw      t6, -6(sp)
core   0: 3 0x800044b4 (0xfff12d23) mem 0x80013820 0x00000000
core   0: 0x800044b8 (0x02d10403) lb      s0, 45(sp)
core   0: 3 0x800044b8 (0x02d10403) x 8 0x00000000 mem 0x80013853
core   0: 0x800044bc (0xfee15783) lhu     a5, -18(sp)
core   0: 3 0x800044bc (0xfee15783) x15 0x00003f7a mem 0x80013814
core   0: 0x800044c0 (0xfec15883) lhu     a7, -20(sp)
core   0: 3 0x800044c0 (0xfec15883) x17 0x00000000 mem 0x80013812
core   0: 0x800044c4 (0x00011397) auipc   t2, 0x11
core   0: 3 0x800044c4 (0x00011397) x 7 0x800154c4
core   0: 0x800044c8 (0xbd538393) addi    t2, t2, -1067
core   0: 3 0x800044c8 (0xbd538393) x 7 0x80015099
core   0: 0x800044cc (0xfe03c183) lbu     gp, -32(t2)
core   0: 3 0x800044cc (0xfe03c183) x 3 0x00000000 mem 0x80015079
core   0: 0x800044d0 (0x02f38183) lb      gp, 47(t2)
core   0: 3 0x800044d0 (0x02f38183) x 3 0x00000000 mem 0x800150c8
core   0: 0x800044d4 (0x02f38683) lb      a3, 47(t2)
core   0: 3 0x800044d4 (0x02f38683) x13 0x00000000 mem 0x800150c8
core   0: 0x800044d8 (0xfd83c183) lbu     gp, -40(t2)
core   0: 3 0x800044d8 (0xfd83c183) x 3 0x00000000 mem 0x80015071
core   0: 0x800044dc (0x0043ca83) lbu     s5, 4(t2)
core   0: 3 0x800044dc (0x0043ca83) x21 0x00000000 mem 0x8001509d
core   0: 0x800044e0 (0x00438783) lb      a5, 4(t2)
core   0: 3 0x800044e0 (0x00438783) x15 0x00000000 mem 0x8001509d
core   0: 0x800044e4 (0x00438883) lb      a7, 4(t2)
core   0: 3 0x800044e4 (0x00438883) x17 0x00000000 mem 0x8001509d
core   0: 0x800044e8 (0x02c38a23) sb      a2, 52(t2)
core   0: 3 0x800044e8 (0x02c38a23) mem 0x800150cd 0x0
core   0: 0x800044ec (0x007391a3) sh      t2, 3(t2)
core   0: 3 0x800044ec (0x007391a3) mem 0x8001509c 0x5099
core   0: 0x800044f0 (0x00339483) lh      s1, 3(t2)
core   0: 3 0x800044f0 (0x00339483) x 9 0x00005099 mem 0x8001509c
core   0: 0x800044f4 (0x03339303) lh      t1, 51(t2)
core   0: 3 0x800044f4 (0x03339303) x 6 0x00000000 mem 0x800150cc
core   0: 0x800044f8 (0x40b002b3) sub     t0, zero, a1
core   0: 3 0x800044f8 (0x40b002b3) x 5 0x7ffd331c
core   0: 0x800044fc (0x02d3a9a3) sw      a3, 51(t2)
core   0: 3 0x800044fc (0x02d3a9a3) mem 0x800150cc 0x00000000
core   0: 0x80004500 (0x03c3a7a3) sw      t3, 47(t2)
core   0: 3 0x80004500 (0x03c3a7a3) mem 0x800150c8 0x0001b000
core   0: 0x80004504 (0x02f38e03) lb      t3, 47(t2)
core   0: 3 0x80004504 (0x02f38e03) x28 0x00000000 mem 0x800150c8
core   0: 0x80004508 (0x02f387a3) sb      a5, 47(t2)
core   0: 3 0x80004508 (0x02f387a3) mem 0x800150c8 0x0
core   0: 0x8000450c (0x00a38da3) sb      a0, 27(t2)
core   0: 3 0x8000450c (0x00a38da3) mem 0x800150b4 0x0
core   0: 0x80004510 (0x01b3c603) lbu     a2, 27(t2)
core   0: 3 0x80004510 (0x01b3c603) x12 0x00000000 mem 0x800150b4
core   0: 0x80004514 (0x01c3ada3) sw      t3, 27(t2)
core   0: 3 0x80004514 (0x01c3ada3) mem 0x800150b4 0x00000000
core   0: 0x80004518 (0x0073cb83) lbu     s7, 7(t2)
core   0: 3 0x80004518 (0x0073cb83) x23 0x00000000 mem 0x800150a0
core   0: 0x8000451c (0x00010417) auipc   s0, 0x10
core   0: 3 0x8000451c (0x00010417) x 8 0x8001451c
core   0: 0x80004520 (0xa3d40413) addi    s0, s0, -1475
core   0: 3 0x80004520 (0xa3d40413) x 8 0x80013f59
core   0: 0x80004524 (0xffa40903) lb      s2, -6(s0)
core   0: 3 0x80004524 (0xffa40903) x18 0x00000000 mem 0x80013f53
core   0: 0x80004528 (0x00b42603) lw      a2, 11(s0)
core   0: 3 0x80004528 (0x00b42603) x12 0x00000000 mem 0x80013f64
core   0: 0x8000452c (0x009089b3) add     s3, ra, s1
core   0: 3 0x8000452c (0x009089b3) x19 0x00005099
core   0: 0x80004530 (0x008415a3) sh      s0, 11(s0)
core   0: 3 0x80004530 (0x008415a3) mem 0x80013f64 0x3f59
core   0: 0x80004534 (0x3a194d13) xori    s10, s2, 929
core   0: 3 0x80004534 (0x3a194d13) x26 0x000003a1
core   0: 0x80004538 (0x002415a3) sh      sp, 11(s0)
core   0: 3 0x80004538 (0x002415a3) mem 0x80013f64 0x3826
core   0: 0x8000453c (0x03391ab3) mulh    s5, s2, s3
core   0: 3 0x8000453c (0x03391ab3) x21 0x00000000
core   0: 0x80004540 (0x00144d03) lbu     s10, 1(s0)
core   0: 3 0x80004540 (0x00144d03) x26 0x00000000 mem 0x80013f5a
core   0: 0x80004544 (0x006400a3) sb      t1, 1(s0)
core   0: 3 0x80004544 (0x006400a3) mem 0x80013f5a 0x0
core   0: 0x80004548 (0x00144183) lbu     gp, 1(s0)
core   0: 3 0x80004548 (0x00144183) x 3 0x00000000 mem 0x80013f5a
core   0: 0x8000454c (0x01e50133) add     sp, a0, t5
core   0: 3 0x8000454c (0x01e50133) x 2 0x00000000
core   0: 0x80004550 (0x00145683) lhu     a3, 1(s0)
core   0: 3 0x80004550 (0x00145683) x13 0x00000000 mem 0x80013f5a
core   0: 0x80004554 (0x00141503) lh      a0, 1(s0)
core   0: 3 0x80004554 (0x00141503) x10 0x00000000 mem 0x80013f5a
core   0: 0x80004558 (0x00d400a3) sb      a3, 1(s0)
core   0: 3 0x80004558 (0x00d400a3) mem 0x80013f5a 0x0
core   0: 0x8000455c (0x01e410a3) sh      t5, 1(s0)
core   0: 3 0x8000455c (0x01e410a3) mem 0x80013f5a 0x0000
core   0: 0x80004560 (0x00144a03) lbu     s4, 1(s0)
core   0: 3 0x80004560 (0x00144a03) x20 0x00000000 mem 0x80013f5a
core   0: 0x80004564 (0x00000001) c.nop
core   0: 3 0x80004564 (0x0001)
core   0: 0x80004566 (0xff240fa3) sb      s2, -1(s0)
core   0: 3 0x80004566 (0xff240fa3) mem 0x80013f58 0x0
core   0: 0x8000456a (0xff942fa3) sw      s9, -1(s0)
core   0: 3 0x8000456a (0xff942fa3) mem 0x80013f58 0x00000000
core   0: 0x8000456e (0x0000f117) auipc   sp, 0xf
core   0: 3 0x8000456e (0x0000f117) x 2 0x8001356e
core   0: 0x80004572 (0xc1610113) addi    sp, sp, -1002
core   0: 3 0x80004572 (0xc1610113) x 2 0x80013184
core   0: 0x80004576 (0x00008e31) c.xor   a2, a2
core   0: 3 0x80004576 (0x8e31) x12 0x00000000
core   0: 0x80004578 (0x02614783) lbu     a5, 38(sp)
core   0: 3 0x80004578 (0x02614783) x15 0x00000000 mem 0x800131aa
core   0: 0x8000457c (0xfe914a83) lbu     s5, -23(sp)
core   0: 3 0x8000457c (0xfe914a83) x21 0x00000000 mem 0x8001316d
core   0: 0x80004580 (0x00008d75) c.and   a0, a3
core   0: 3 0x80004580 (0x8d75) x10 0x00000000
core   0: 0x80004582 (0x00006a5d) c.lui   s4, 0x17
core   0: 3 0x80004582 (0x6a5d) x20 0x00017000
core   0: 0x80004584 (0x00008e49) c.or    a2, a0
core   0: 3 0x80004584 (0x8e49) x12 0x00000000
core   0: 0x80004586 (0xb7260193) addi    gp, a2, -1166
core   0: 3 0x80004586 (0xb7260193) x 3 0xfffffb72
core   0: 0x8000458a (0xf6410303) lb      t1, -156(sp)
core   0: 3 0x8000458a (0xf6410303) x 6 0x00000000 mem 0x800130e8
core   0: 0x8000458e (0x0d310d83) lb      s11, 211(sp)
core   0: 3 0x8000458e (0x0d310d83) x27 0x00000000 mem 0x80013257
core   0: 0x80004592 (0x41e0d2b3) sra     t0, ra, t5
core   0: 3 0x80004592 (0x41e0d2b3) x 5 0x00000000
core   0: 0x80004596 (0xff914283) lbu     t0, -7(sp)
core   0: 3 0x80004596 (0xff914283) x 5 0x00000000 mem 0x8001317d
core   0: 0x8000459a (0x0000100f) fence.i
core   0: 3 0x8000459a (0x0000100f)
core   0: 0x8000459e (0x0fc108a3) sb      t3, 241(sp)
core   0: 3 0x8000459e (0x0fc108a3) mem 0x80013275 0x0
core   0: 0x800045a2 (0x0c514803) lbu     a6, 197(sp)
core   0: 3 0x800045a2 (0x0c514803) x16 0x00000000 mem 0x80013249
core   0: 0x800045a6 (0x028813b3) mulh    t2, a6, s0
core   0: 3 0x800045a6 (0x028813b3) x 7 0x00000000
core   0: 0x800045aa (0x0ce11003) lh      zero, 206(sp)
core   0: 3 0x800045aa (0x0ce11003) mem 0x80013252
core   0: 0x800045ae (0xf2c12003) lw      zero, -212(sp)
core   0: 3 0x800045ae (0xf2c12003) mem 0x800130b0
core   0: 0x800045b2 (0xf4a10903) lb      s2, -182(sp)
core   0: 3 0x800045b2 (0xf4a10903) x18 0x00000000 mem 0x800130ce
core   0: 0x800045b6 (0x00000001) c.nop
core   0: 3 0x800045b6 (0x0001)
core   0: 0x800045b8 (0x02abe7b3) rem     a5, s7, a0
core   0: 3 0x800045b8 (0x02abe7b3) x15 0x00000000
core   0: 0x800045bc (0x09412003) lw      zero, 148(sp)
core   0: 3 0x800045bc (0x09412003) mem 0x80013218
core   0: 0x800045c0 (0x00b67533) and     a0, a2, a1
core   0: 3 0x800045c0 (0x00b67533) x10 0x00000000
core   0: 0x800045c4 (0xfa510f83) lb      t6, -91(sp)
core   0: 3 0x800045c4 (0xfa510f83) x31 0x00000000 mem 0x80013129
core   0: 0x800045c8 (0x06914003) lbu     zero, 105(sp)
core   0: 3 0x800045c8 (0x06914003) mem 0x800131ed
core   0: 0x800045cc (0x01a14203) lbu     tp, 26(sp)
core   0: 3 0x800045cc (0x01a14203) x 4 0x00000000 mem 0x8001319e
core   0: 0x800045d0 (0x00000a22) c.slli  s4, 8
core   0: 3 0x800045d0 (0x0a22) x20 0x01700000
core   0: 0x800045d2 (0xf7b10923) sb      s11, -142(sp)
core   0: 3 0x800045d2 (0xf7b10923) mem 0x800130f6 0x0
core   0: 0x800045d6 (0x0c514183) lbu     gp, 197(sp)
core   0: 3 0x800045d6 (0x0c514183) x 3 0x00000000 mem 0x80013249
core   0: 0x800045da (0x0000548e) c.lwsp  s1, 224(sp)
core   0: 3 0x800045da (0x548e) x 9 0x00009600 mem 0x80013264
core   0: 0x800045dc (0x1f3f2393) slti    t2, t5, 499
core   0: 3 0x800045dc (0x1f3f2393) x 7 0x00000001
core   0: 0x800045e0 (0x000012fd) c.addi  t0, -1
core   0: 3 0x800045e0 (0x12fd) x 5 0xffffffff
core   0: 0x800045e2 (0x012a9293) slli    t0, s5, 18
core   0: 3 0x800045e2 (0x012a9293) x 5 0x00000000
core   0: 0x800045e6 (0xf3812223) sw      s8, -220(sp)
core   0: 3 0x800045e6 (0xf3812223) mem 0x800130a8 0x00000000
core   0: 0x800045ea (0x05e15503) lhu     a0, 94(sp)
core   0: 3 0x800045ea (0x05e15503) x10 0x00000000 mem 0x800131e2
core   0: 0x800045ee (0x403680b3) sub     ra, a3, gp
core   0: 3 0x800045ee (0x403680b3) x 1 0x00000000
core   0: 0x800045f2 (0x0000100f) fence.i
core   0: 3 0x800045f2 (0x0000100f)
core   0: 0x800045f6 (0xf6c15f83) lhu     t6, -148(sp)
core   0: 3 0x800045f6 (0xf6c15f83) x31 0x00000000 mem 0x800130f0
core   0: 0x800045fa (0x000084d6) c.mv    s1, s5
core   0: 3 0x800045fa (0x84d6) x 9 0x00000000
core   0: 0x800045fc (0xfe210a03) lb      s4, -30(sp)
core   0: 3 0x800045fc (0xfe210a03) x20 0x00000000 mem 0x80013166
core   0: 0x80004600 (0x0a410483) lb      s1, 164(sp)
core   0: 3 0x80004600 (0x0a410483) x 9 0x00000000 mem 0x80013228
core   0: 0x80004604 (0x00010117) auipc   sp, 0x10
core   0: 3 0x80004604 (0x00010117) x 2 0x80014604
core   0: 0x80004608 (0x8f810113) addi    sp, sp, -1800
core   0: 3 0x80004608 (0x8f810113) x 2 0x80013efc
core   0: 0x8000460c (0x00d14d03) lbu     s10, 13(sp)
core   0: 3 0x8000460c (0x00d14d03) x26 0x000000fa mem 0x80013f09
core   0: 0x80004610 (0x00a10b03) lb      s6, 10(sp)
core   0: 3 0x80004610 (0x00a10b03) x22 0x00000000 mem 0x80013f06
core   0: 0x80004614 (0xffd14c03) lbu     s8, -3(sp)
core   0: 3 0x80004614 (0xffd14c03) x24 0x00000000 mem 0x80013ef9
core   0: 0x80004618 (0x00008d79) c.and   a0, a4
core   0: 3 0x80004618 (0x8d79) x10 0x00000000
core   0: 0x8000461a (0xff310ca3) sb      s3, -7(sp)
core   0: 3 0x8000461a (0xff310ca3) mem 0x80013ef5 0x99
core   0: 0x8000461e (0xff010c03) lb      s8, -16(sp)
core   0: 3 0x8000461e (0xff010c03) x24 0x00000064 mem 0x80013eec
core   0: 0x80004622 (0x00d14803) lbu     a6, 13(sp)
core   0: 3 0x80004622 (0x00d14803) x16 0x000000fa mem 0x80013f09
core   0: 0x80004626 (0x00004c22) c.lwsp  s8, 8(sp)
core   0: 3 0x80004626 (0x4c22) x24 0x00000000 mem 0x80013f04
core   0: 0x80004628 (0x0133aeb3) slt     t4, t2, s3
core   0: 3 0x80004628 (0x0133aeb3) x29 0x00000001
core   0: 0x8000462c (0x01c9e933) or      s2, s3, t3
core   0: 3 0x8000462c (0x01c9e933) x18 0x00005099
core   0: 0x80004630 (0xff914b83) lbu     s7, -7(sp)
core   0: 3 0x80004630 (0xff914b83) x23 0x00000099 mem 0x80013ef5
core   0: 0x80004634 (0xffb12823) sw      s11, -16(sp)
core   0: 3 0x80004634 (0xffb12823) mem 0x80013eec 0x00000000
core   0: 0x80004638 (0x0133d233) srl     tp, t2, s3
core   0: 3 0x80004638 (0x0133d233) x 4 0x00000000
core   0: 0x8000463c (0xbd897493) andi    s1, s2, -1064
core   0: 3 0x8000463c (0xbd897493) x 9 0x00005098
core   0: 0x80004640 (0xff214b03) lbu     s6, -14(sp)
core   0: 3 0x80004640 (0xff214b03) x22 0x00000000 mem 0x80013eee
core   0: 0x80004644 (0x00008e19) c.sub   a2, a4
core   0: 3 0x80004644 (0x8e19) x12 0x7ffd719c
core   0: 0x80004646 (0x039fc0b3) div     ra, t6, s9
core   0: 3 0x80004646 (0x039fc0b3) x 1 0xffffffff
core   0: 0x8000464a (0x00f14183) lbu     gp, 15(sp)
core   0: 3 0x8000464a (0x00f14183) x 3 0x00000000 mem 0x80013f0b
core   0: 0x8000464e (0xff710483) lb      s1, -9(sp)
core   0: 3 0x8000464e (0xff710483) x 9 0x00000000 mem 0x80013ef3
core   0: 0x80004652 (0x00710d83) lb      s11, 7(sp)
core   0: 3 0x80004652 (0x00710d83) x27 0x00000000 mem 0x80013f03
core   0: 0x80004656 (0x00611123) sh      t1, 2(sp)
core   0: 3 0x80004656 (0x00611123) mem 0x80013efe 0x0000
core   0: 0x8000465a (0x00004a42) c.lwsp  s4, 16(sp)
core   0: 3 0x8000465a (0x4a42) x20 0xfffffa76 mem 0x80013f0c
core   0: 0x8000465c (0x32e8e193) ori     gp, a7, 814
core   0: 3 0x8000465c (0x32e8e193) x 3 0x0000032e
core   0: 0x80004660 (0x00004aa2) c.lwsp  s5, 8(sp)
core   0: 3 0x80004660 (0x4aa2) x21 0x00000000 mem 0x80013f04
core   0: 0x80004662 (0xff614083) lbu     ra, -10(sp)
core   0: 3 0x80004662 (0xff614083) x 1 0x00000000 mem 0x80013ef2
core   0: 0x80004666 (0xff514e03) lbu     t3, -11(sp)
core   0: 3 0x80004666 (0xff514e03) x28 0x00000000 mem 0x80013ef1
core   0: 0x8000466a (0x02e65833) divu    a6, a2, a4
core   0: 3 0x8000466a (0x02e65833) x16 0x00000000
core   0: 0x8000466e (0xff914883) lbu     a7, -7(sp)
core   0: 3 0x8000466e (0xff914883) x17 0x00000099 mem 0x80013ef5
core   0: 0x80004672 (0x00004a22) c.lwsp  s4, 8(sp)
core   0: 3 0x80004672 (0x4a22) x20 0x00000000 mem 0x80013f04
core   0: 0x80004674 (0x00004482) c.lwsp  s1, 0(sp)
core   0: 3 0x80004674 (0x4482) x 9 0x00000000 mem 0x80013efc
core   0: 0x80004676 (0x00314503) lbu     a0, 3(sp)
core   0: 3 0x80004676 (0x00314503) x10 0x00000000 mem 0x80013eff
core   0: 0x8000467a (0x00210f83) lb      t6, 2(sp)
core   0: 3 0x8000467a (0x00210f83) x31 0x00000000 mem 0x80013efe
core   0: 0x8000467e (0x4006de33) sra     t3, a3, zero
core   0: 3 0x8000467e (0x4006de33) x28 0x00000000
core   0: 0x80004682 (0x00004682) c.lwsp  a3, 0(sp)
core   0: 3 0x80004682 (0x4682) x13 0x00000000 mem 0x80013efc
core   0: 0x80004684 (0xffe11783) lh      a5, -2(sp)
core   0: 3 0x80004684 (0xffe11783) x15 0x00000000 mem 0x80013efa
core   0: 0x80004688 (0x0000c042) c.swsp  a6, 0(sp)
core   0: 3 0x80004688 (0xc042) mem 0x80013efc 0x00000000
core   0: 0x8000468a (0xff514683) lbu     a3, -11(sp)
core   0: 3 0x8000468a (0xff514683) x13 0x00000000 mem 0x80013ef1
core   0: 0x8000468e (0x00714803) lbu     a6, 7(sp)
core   0: 3 0x8000468e (0x00714803) x16 0x00000000 mem 0x80013f03
core   0: 0x80004692 (0x0032b933) sltu    s2, t0, gp
core   0: 3 0x80004692 (0x0032b933) x18 0x00000001
core   0: 0x80004696 (0xff110303) lb      t1, -15(sp)
core   0: 3 0x80004696 (0xff110303) x 6 0x00000000 mem 0x80013eed
core   0: 0x8000469a (0xfe110923) sb      ra, -14(sp)
core   0: 3 0x8000469a (0xfe110923) mem 0x80013eee 0x0
core   0: 0x8000469e (0x0000f917) auipc   s2, 0xf
core   0: 3 0x8000469e (0x0000f917) x18 0x8001369e
core   0: 0x800046a2 (0x16a90913) addi    s2, s2, 362
core   0: 3 0x800046a2 (0x16a90913) x18 0x80013808
core   0: 0x800046a6 (0x00000001) c.nop
core   0: 3 0x800046a6 (0x0001)
core   0: 0x800046a8 (0xffb90da3) sb      s11, -5(s2)
core   0: 3 0x800046a8 (0xffb90da3) mem 0x80013803 0x0
core   0: 0x800046ac (0xffb94283) lbu     t0, -5(s2)
core   0: 3 0x800046ac (0xffb94283) x 5 0x00000000 mem 0x80013803
core   0: 0x800046b0 (0x03d50833) mul     a6, a0, t4
core   0: 3 0x800046b0 (0x03d50833) x16 0x00000000
core   0: 0x800046b4 (0xffb90503) lb      a0, -5(s2)
core   0: 3 0x800046b4 (0xffb90503) x10 0x00000000 mem 0x80013803
core   0: 0x800046b8 (0x40dcdc33) sra     s8, s9, a3
core   0: 3 0x800046b8 (0x40dcdc33) x24 0x00000000
core   0: 0x800046bc (0xffb94183) lbu     gp, -5(s2)
core   0: 3 0x800046bc (0xffb94183) x 3 0x00000000 mem 0x80013803
core   0: 0x800046c0 (0xffb94303) lbu     t1, -5(s2)
core   0: 3 0x800046c0 (0xffb94303) x 6 0x00000000 mem 0x80013803
core   0: 0x800046c4 (0xffb90983) lb      s3, -5(s2)
core   0: 3 0x800046c4 (0xffb90983) x19 0x00000000 mem 0x80013803
core   0: 0x800046c8 (0xffb90003) lb      zero, -5(s2)
core   0: 3 0x800046c8 (0xffb90003) mem 0x80013803
core   0: 0x800046cc (0xffb90883) lb      a7, -5(s2)
core   0: 3 0x800046cc (0xffb90883) x17 0x00000000 mem 0x80013803
core   0: 0x800046d0 (0xffb94083) lbu     ra, -5(s2)
core   0: 3 0x800046d0 (0xffb94083) x 1 0x00000000 mem 0x80013803
core   0: 0x800046d4 (0xff690da3) sb      s6, -5(s2)
core   0: 3 0x800046d4 (0xff690da3) mem 0x80013803 0x0
core   0: 0x800046d8 (0xffb90803) lb      a6, -5(s2)
core   0: 3 0x800046d8 (0xffb90803) x16 0x00000000 mem 0x80013803
core   0: 0x800046dc (0x00012097) auipc   ra, 0x12
core   0: 3 0x800046dc (0x00012097) x 1 0x800166dc
core   0: 0x800046e0 (0xe4208093) addi    ra, ra, -446
core   0: 3 0x800046e0 (0xe4208093) x 1 0x8001651e
core   0: 0x800046e4 (0x03d3dfb3) divu    t6, t2, t4
core   0: 3 0x800046e4 (0x03d3dfb3) x31 0x00000001
core   0: 0x800046e8 (0x00008c45) c.or    s0, s1
core   0: 3 0x800046e8 (0x8c45) x 8 0x80013f59
core   0: 0x800046ea (0xfb70a923) sw      s7, -78(ra)
core   0: 3 0x800046ea (0xfb70a923) mem 0x800164d0 0x00000099
core   0: 0x800046ee (0x0c50ef93) ori     t6, ra, 197
core   0: 3 0x800046ee (0x0c50ef93) x31 0x800165df
core   0: 0x800046f2 (0x00000001) c.nop
core   0: 3 0x800046f2 (0x0001)
core   0: 0x800046f4 (0x037cad33) mulhsu  s10, s9, s7
core   0: 3 0x800046f4 (0x037cad33) x26 0x00000000
core   0: 0x800046f8 (0xfd5082a3) sb      s5, -59(ra)
core   0: 3 0x800046f8 (0xfd5082a3) mem 0x800164e3 0x0
core   0: 0x800046fc (0x7cb9a197) auipc   gp, 0x7cb9a
core   0: 3 0x800046fc (0x7cb9a197) x 3 0xfcb9e6fc
core   0: 0x80004700 (0xf5c0d983) lhu     s3, -164(ra)
core   0: 3 0x80004700 (0xf5c0d983) x19 0x00000000 mem 0x8001647a
core   0: 0x80004704 (0xf0108103) lb      sp, -255(ra)
core   0: 3 0x80004704 (0xf0108103) x 2 0x00000000 mem 0x8001641f
core   0: 0x80004708 (0xfbc0ca83) lbu     s5, -68(ra)
core   0: 3 0x80004708 (0xfbc0ca83) x21 0x00000000 mem 0x800164da
core   0: 0x8000470c (0xf3e09403) lh      s0, -194(ra)
core   0: 3 0x8000470c (0xf3e09403) x 8 0x00000000 mem 0x8001645c
core   0: 0x80004710 (0x000ca133) slt     sp, s9, zero
core   0: 3 0x80004710 (0x000ca133) x 2 0x00000000
core   0: 0x80004714 (0x52f0af93) slti    t6, ra, 1327
core   0: 3 0x80004714 (0x52f0af93) x31 0x00000001
core   0: 0x80004718 (0x00009bb6) c.add   s7, a3
core   0: 3 0x80004718 (0x9bb6) x23 0x00000099
core   0: 0x8000471a (0x0ff08803) lb      a6, 255(ra)
core   0: 3 0x8000471a (0x0ff08803) x16 0x00000000 mem 0x8001661d
core   0: 0x8000471e (0x01108ba3) sb      a7, 23(ra)
core   0: 3 0x8000471e (0x01108ba3) mem 0x80016535 0x0
core   0: 0x80004722 (0x04208323) sb      sp, 70(ra)
core   0: 3 0x80004722 (0x04208323) mem 0x80016564 0x0
core   0: 0x80004726 (0x07108283) lb      t0, 113(ra)
core   0: 3 0x80004726 (0x07108283) x 5 0x00000000 mem 0x8001658f
core   0: 0x8000472a (0x570bbf93) sltiu   t6, s7, 1392
core   0: 3 0x8000472a (0x570bbf93) x31 0x00000001
core   0: 0x8000472e (0x0025a433) slt     s0, a1, sp
core   0: 3 0x8000472e (0x0025a433) x 8 0x00000001
core   0: 0x80004732 (0x0039db93) srli    s7, s3, 3
core   0: 3 0x80004732 (0x0039db93) x23 0x00000000
core   0: 0x80004736 (0x000011fd) c.addi  gp, -1
core   0: 3 0x80004736 (0x11fd) x 3 0xfcb9e6fb
core   0: 0x80004738 (0x1000cd03) lbu     s10, 256(ra)
core   0: 3 0x80004738 (0x1000cd03) x26 0x00000000 mem 0x8001661e
core   0: 0x8000473c (0x00008e2d) c.xor   a2, a1
core   0: 3 0x8000473c (0x8e2d) x12 0xffffbd78
core   0: 0x8000473e (0x0ee08983) lb      s3, 238(ra)
core   0: 3 0x8000473e (0x0ee08983) x19 0x00000000 mem 0x8001660c
core   0: 0x80004742 (0x06908023) sb      s1, 96(ra)
core   0: 3 0x80004742 (0x06908023) mem 0x8001657e 0x0
core   0: 0x80004746 (0x95d73b93) sltiu   s7, a4, -1699
core   0: 3 0x80004746 (0x95d73b93) x23 0x00000001
core   0: 0x8000474a (0x0a30ab23) sw      gp, 182(ra)
core   0: 3 0x8000474a (0x0a30ab23) mem 0x800165d4 0xfcb9e6fb
core   0: 0x8000474e (0x004e01b3) add     gp, t3, tp
core   0: 3 0x8000474e (0x004e01b3) x 3 0x00000000
core   0: 0x80004752 (0xfda08ca3) sb      s10, -39(ra)
core   0: 3 0x80004752 (0xfda08ca3) mem 0x800164f7 0x0
core   0: 0x80004756 (0x033569b3) rem     s3, a0, s3
core   0: 3 0x80004756 (0x033569b3) x19 0x00000000
core   0: 0x8000475a (0xf7a08283) lb      t0, -134(ra)
core   0: 3 0x8000475a (0xf7a08283) x 5 0x00000000 mem 0x80016498
core   0: 0x8000475e (0x0c408123) sb      tp, 194(ra)
core   0: 3 0x8000475e (0x0c408123) mem 0x800165e0 0x0
core   0: 0x80004762 (0x00b39113) slli    sp, t2, 11
core   0: 3 0x80004762 (0x00b39113) x 2 0x00000800
core   0: 0x80004766 (0x0370e833) rem     a6, ra, s7
core   0: 3 0x80004766 (0x0370e833) x16 0x00000000
core   0: 0x8000476a (0x0e4082a3) sb      tp, 229(ra)
core   0: 3 0x8000476a (0x0e4082a3) mem 0x80016603 0x0
core   0: 0x8000476e (0xfa708223) sb      t2, -92(ra)
core   0: 3 0x8000476e (0xfa708223) mem 0x800164c2 0x1
core   0: 0x80004772 (0x00008c59) c.or    s0, a4
core   0: 3 0x80004772 (0x8c59) x 8 0x80028e65
core   0: 0x80004774 (0x41055933) sra     s2, a0, a6
core   0: 3 0x80004774 (0x41055933) x18 0x00000000
core   0: 0x80004778 (0x0f408ea3) sb      s4, 253(ra)
core   0: 3 0x80004778 (0x0f408ea3) mem 0x8001661b 0x0
core   0: 0x8000477c (0x029e2db3) mulhsu  s11, t3, s1
core   0: 3 0x8000477c (0x029e2db3) x27 0x00000000
core   0: 0x80004780 (0xf4f0a523) sw      a5, -182(ra)
core   0: 3 0x80004780 (0xf4f0a523) mem 0x80016468 0x00000000
core   0: 0x80004784 (0x00008505) c.srai  a0, 1
core   0: 3 0x80004784 (0x8505) x10 0x00000000
core   0: 0x80004786 (0x0090ca03) lbu     s4, 9(ra)
core   0: 3 0x80004786 (0x0090ca03) x20 0x00000000 mem 0x80016527
core   0: 0x8000478a (0x0000100f) fence.i
core   0: 3 0x8000478a (0x0000100f)
core   0: 0x8000478e (0x02defc33) remu    s8, t4, a3
core   0: 3 0x8000478e (0x02defc33) x24 0x00000001
core   0: 0x80004792 (0xf390c603) lbu     a2, -199(ra)
core   0: 3 0x80004792 (0xf390c603) x12 0x00000000 mem 0x80016457
core   0: 0x80004796 (0x18966897) auipc   a7, 0x18966
core   0: 3 0x80004796 (0x18966897) x17 0x9896a796
core   0: 0x8000479a (0xff10c903) lbu     s2, -15(ra)
core   0: 3 0x8000479a (0xff10c903) x18 0x00000000 mem 0x8001650f
core   0: 0x8000479e (0x0eb08d03) lb      s10, 235(ra)
core   0: 3 0x8000479e (0x0eb08d03) x26 0x00000000 mem 0x80016609
core   0: 0x800047a2 (0x02f08e03) lb      t3, 47(ra)
core   0: 3 0x800047a2 (0x02f08e03) x28 0x00000000 mem 0x8001654d
core   0: 0x800047a6 (0x012082a3) sb      s2, 5(ra)
core   0: 3 0x800047a6 (0x012082a3) mem 0x80016523 0x0
core   0: 0x800047aa (0x00a0a183) lw      gp, 10(ra)
core   0: 3 0x800047aa (0x00a0a183) x 3 0x00000000 mem 0x80016528
core   0: 0x800047ae (0xffc08503) lb      a0, -4(ra)
core   0: 3 0x800047ae (0xffc08503) x10 0x00000000 mem 0x8001651a
core   0: 0x800047b2 (0x0000088a) c.slli  a7, 2
core   0: 3 0x800047b2 (0x088a) x17 0x625a9e58
core   0: 0x800047b4 (0xf4209c03) lh      s8, -190(ra)
core   0: 3 0x800047b4 (0xf4209c03) x24 0x00000000 mem 0x80016460
core   0: 0x800047b8 (0x0001f117) auipc   sp, 0x1f
core   0: 3 0x800047b8 (0x0001f117) x 2 0x800237b8
core   0: 0x800047bc (0xe3710113) addi    sp, sp, -457
core   0: 3 0x800047bc (0xe3710113) x 2 0x800235ef
core   0: 0x800047c0 (0x03614b03) lbu     s6, 54(sp)
core   0: 3 0x800047c0 (0x03614b03) x22 0x00000000 mem 0x80023625
core   0: 0x800047c4 (0x10b80a13) addi    s4, a6, 267
core   0: 3 0x800047c4 (0x10b80a13) x20 0x0000010b
core   0: 0x800047c8 (0xfdc14183) lbu     gp, -36(sp)
core   0: 3 0x800047c8 (0xfdc14183) x 3 0x00000000 mem 0x800235cb
core   0: 0x800047cc (0x00008c01) c.sub   s0, s0
core   0: 3 0x800047cc (0x8c01) x 8 0x00000000
core   0: 0x800047ce (0x01a14003) lbu     zero, 26(sp)
core   0: 3 0x800047ce (0x01a14003) mem 0x80023609
core   0: 0x800047d2 (0x03512303) lw      t1, 53(sp)
core   0: 3 0x800047d2 (0x03512303) x 6 0x00000000 mem 0x80023624
core   0: 0x800047d6 (0x014eefb3) or      t6, t4, s4
core   0: 3 0x800047d6 (0x014eefb3) x31 0x0000010b
core   0: 0x800047da (0x0000035a) c.slli  t1, 22
core   0: 3 0x800047da (0x035a) x 6 0x00000000
core   0: 0x800047dc (0x01c2a8b3) slt     a7, t0, t3
core   0: 3 0x800047dc (0x01c2a8b3) x17 0x00000000
core   0: 0x800047e0 (0x01410e23) sb      s4, 28(sp)
core   0: 3 0x800047e0 (0x01410e23) mem 0x8002360b 0xb
core   0: 0x800047e4 (0xdcf98513) addi    a0, s3, -561
core   0: 3 0x800047e4 (0xdcf98513) x10 0xfffffdcf
core   0: 0x800047e8 (0x00810883) lb      a7, 8(sp)
core   0: 3 0x800047e8 (0x00810883) x17 0x00000000 mem 0x800235f7
core   0: 0x800047ec (0x01eaedb3) or      s11, s5, t5
core   0: 3 0x800047ec (0x01eaedb3) x27 0x80000000
core   0: 0x800047f0 (0xfe414e83) lbu     t4, -28(sp)
core   0: 3 0x800047f0 (0xfe414e83) x29 0x00000000 mem 0x800235d3
core   0: 0x800047f4 (0x7ef28793) addi    a5, t0, 2031
core   0: 3 0x800047f4 (0x7ef28793) x15 0x000007ef
core   0: 0x800047f8 (0x004aa333) slt     t1, s5, tp
core   0: 3 0x800047f8 (0x004aa333) x 6 0x00000000
core   0: 0x800047fc (0x00008e21) c.xor   a2, s0
core   0: 3 0x800047fc (0x8e21) x12 0x00000000
core   0: 0x800047fe (0xff410883) lb      a7, -12(sp)
core   0: 3 0x800047fe (0xff410883) x17 0x00000000 mem 0x800235e3
core   0: 0x80004802 (0xfed10823) sb      a3, -16(sp)
core   0: 3 0x80004802 (0xfed10823) mem 0x800235df 0x0
core   0: 0x80004806 (0x0000863a) c.mv    a2, a4
core   0: 3 0x80004806 (0x863a) x12 0x80028e64
core   0: 0x80004808 (0x01410223) sb      s4, 4(sp)
core   0: 3 0x80004808 (0x01410223) mem 0x800235f3 0xb
core   0: 0x8000480c (0xff810b03) lb      s6, -8(sp)
core   0: 3 0x8000480c (0xff810b03) x22 0x00000000 mem 0x800235e7
core   0: 0x80004810 (0xfd214783) lbu     a5, -46(sp)
core   0: 3 0x80004810 (0xfd214783) x15 0x00000000 mem 0x800235c1
core   0: 0x80004814 (0xfc715b83) lhu     s7, -57(sp)
core   0: 3 0x80004814 (0xfc715b83) x23 0x00000000 mem 0x800235b6
core   0: 0x80004818 (0x02c10c23) sb      a2, 56(sp)
core   0: 3 0x80004818 (0x02c10c23) mem 0x80023627 0x64
core   0: 0x8000481c (0x030128a3) sw      a6, 49(sp)
core   0: 3 0x8000481c (0x030128a3) mem 0x80023620 0x00000000
core   0: 0x80004820 (0x031cd433) divu    s0, s9, a7
core   0: 3 0x80004820 (0x031cd433) x 8 0xffffffff
core   0: 0x80004824 (0x00000001) c.nop
core   0: 3 0x80004824 (0x0001)
core   0: 0x80004826 (0x00000d5a) c.slli  s10, 22
core   0: 3 0x80004826 (0x0d5a) x26 0x00000000
core   0: 0x80004828 (0xfcb12aa3) sw      a1, -43(sp)
core   0: 3 0x80004828 (0xfcb12aa3) mem 0x800235c4 0x8002cce4
core   0: 0x8000482c (0x0123e033) or      zero, t2, s2
core   0: 3 0x8000482c (0x0123e033)
core   0: 0x80004830 (0x00b15183) lhu     gp, 11(sp)
core   0: 3 0x80004830 (0x00b15183) x 3 0x00000000 mem 0x800235fa
core   0: 0x80004834 (0x03e37db3) remu    s11, t1, t5
core   0: 3 0x80004834 (0x03e37db3) x27 0x00000000
core   0: 0x80004838 (0xe3b4ce13) xori    t3, s1, -453
core   0: 3 0x80004838 (0xe3b4ce13) x28 0xfffffe3b
core   0: 0x8000483c (0xfdd14683) lbu     a3, -35(sp)
core   0: 3 0x8000483c (0xfdd14683) x13 0x00000000 mem 0x800235cc
core   0: 0x80004840 (0xafa27437) lui     s0, 0xafa27
core   0: 3 0x80004840 (0xafa27437) x 8 0xafa27000
core   0: 0x80004844 (0x01010803) lb      a6, 16(sp)
core   0: 3 0x80004844 (0x01010803) x16 0x00000000 mem 0x800235ff
core   0: 0x80004848 (0x03a112a3) sh      s10, 37(sp)
core   0: 3 0x80004848 (0x03a112a3) mem 0x80023614 0x0000
core   0: 0x8000484c (0x00004471) c.li    s0, 28
core   0: 3 0x8000484c (0x4471) x 8 0x0000001c
core   0: 0x8000484e (0x00c7d433) srl     s0, a5, a2
core   0: 3 0x8000484e (0x00c7d433) x 8 0x00000000
core   0: 0x80004852 (0x029108a3) sb      s1, 49(sp)
core   0: 3 0x80004852 (0x029108a3) mem 0x80023620 0x0
core   0: 0x80004856 (0x03410303) lb      t1, 52(sp)
core   0: 3 0x80004856 (0x03410303) x 6 0x00000000 mem 0x80023623
core   0: 0x8000485a (0xffb11f83) lh      t6, -5(sp)
core   0: 3 0x8000485a (0xffb11f83) x31 0x00000000 mem 0x800235ea
core   0: 0x8000485e (0x00010917) auipc   s2, 0x10
core   0: 3 0x8000485e (0x00010917) x18 0x8001485e
core   0: 0x80004862 (0x09090913) addi    s2, s2, 144
core   0: 3 0x80004862 (0x09090913) x18 0x800148ee
core   0: 0x80004866 (0x03594d83) lbu     s11, 53(s2)
core   0: 3 0x80004866 (0x03594d83) x27 0x00000000 mem 0x80014923
core   0: 0x8000486a (0x01891b83) lh      s7, 24(s2)
core   0: 3 0x8000486a (0x01891b83) x23 0x00000000 mem 0x80014906
core   0: 0x8000486e (0x01895a03) lhu     s4, 24(s2)
core   0: 3 0x8000486e (0x01895a03) x20 0x00000000 mem 0x80014906
core   0: 0x80004872 (0x00d94e83) lbu     t4, 13(s2)
core   0: 3 0x80004872 (0x00d94e83) x29 0x00000000 mem 0x800148fb
core   0: 0x80004876 (0x000906a3) sb      zero, 13(s2)
core   0: 3 0x80004876 (0x000906a3) mem 0x800148fb 0x0
core   0: 0x8000487a (0x00d94603) lbu     a2, 13(s2)
core   0: 3 0x8000487a (0x00d94603) x12 0x00000000 mem 0x800148fb
core   0: 0x8000487e (0x00d90803) lb      a6, 13(s2)
core   0: 3 0x8000487e (0x00d90803) x16 0x00000000 mem 0x800148fb
core   0: 0x80004882 (0xfea90e03) lb      t3, -22(s2)
core   0: 3 0x80004882 (0xfea90e03) x28 0x00000000 mem 0x800148d8
core   0: 0x80004886 (0xfe391523) sh      gp, -22(s2)
core   0: 3 0x80004886 (0xfe391523) mem 0x800148d8 0x0000
core   0: 0x8000488a (0xfe091523) sh      zero, -22(s2)
core   0: 3 0x8000488a (0xfe091523) mem 0x800148d8 0x0000
core   0: 0x8000488e (0x03a92c83) lw      s9, 58(s2)
core   0: 3 0x8000488e (0x03a92c83) x25 0x00000000 mem 0x80014928
core   0: 0x80004892 (0x02992d23) sw      s1, 58(s2)
core   0: 3 0x80004892 (0x02992d23) mem 0x80014928 0x00000000
core   0: 0x80004896 (0x03e92d23) sw      t5, 58(s2)
core   0: 3 0x80004896 (0x03e92d23) mem 0x80014928 0x80000000
core   0: 0x8000489a (0x00009afd) c.andi  a3, -1
core   0: 3 0x8000489a (0x9afd) x13 0x00000000
core   0: 0x8000489c (0x02791d23) sh      t2, 58(s2)
core   0: 3 0x8000489c (0x02791d23) mem 0x80014928 0x0001
core   0: 0x800048a0 (0x03a94183) lbu     gp, 58(s2)
core   0: 3 0x800048a0 (0x03a94183) x 3 0x00000001 mem 0x80014928
core   0: 0x800048a4 (0xff990383) lb      t2, -7(s2)
core   0: 3 0x800048a4 (0xff990383) x 7 0x00000000 mem 0x800148e7
core   0: 0x800048a8 (0x00013097) auipc   ra, 0x13
core   0: 3 0x800048a8 (0x00013097) x 1 0x800178a8
core   0: 0x800048ac (0xe8c08093) addi    ra, ra, -372
core   0: 3 0x800048ac (0xe8c08093) x 1 0x80017734
core   0: 0x800048b0 (0x0000100f) fence.i
core   0: 3 0x800048b0 (0x0000100f)
core   0: 0x800048b4 (0xfff08c83) lb      s9, -1(ra)
core   0: 3 0x800048b4 (0xfff08c83) x25 0x00000000 mem 0x80017733
core   0: 0x800048b8 (0x0000557d) c.li    a0, -1
core   0: 3 0x800048b8 (0x557d) x10 0xffffffff
core   0: 0x800048ba (0x0000100f) fence.i
core   0: 3 0x800048ba (0x0000100f)
core   0: 0x800048be (0xff809383) lh      t2, -8(ra)
core   0: 3 0x800048be (0xff809383) x 7 0x00000000 mem 0x8001772c
core   0: 0x800048c2 (0xff908e23) sb      s9, -4(ra)
core   0: 3 0x800048c2 (0xff908e23) mem 0x80017730 0x0
core   0: 0x800048c6 (0x01c45893) srli    a7, s0, 28
core   0: 3 0x800048c6 (0x01c45893) x17 0x00000000
core   0: 0x800048ca (0x0000100f) fence.i
core   0: 3 0x800048ca (0x0000100f)
core   0: 0x800048ce (0x038874b3) remu    s1, a6, s8
core   0: 3 0x800048ce (0x038874b3) x 9 0x00000000
core   0: 0x800048d2 (0x00008635) c.srai  a2, 13
core   0: 3 0x800048d2 (0x8635) x12 0x00000000
core   0: 0x800048d4 (0x00209c83) lh      s9, 2(ra)
core   0: 3 0x800048d4 (0x00209c83) x25 0x00000000 mem 0x80017736
core   0: 0x800048d8 (0x00c08523) sb      a2, 10(ra)
core   0: 3 0x800048d8 (0x00c08523) mem 0x8001773e 0x0
core   0: 0x800048dc (0x415cd033) sra     zero, s9, s5
core   0: 3 0x800048dc (0x415cd033)
core   0: 0x800048e0 (0x00008149) c.srli  a0, 18
core   0: 3 0x800048e0 (0x8149) x10 0x00003fff
core   0: 0x800048e2 (0x00b0cc83) lbu     s9, 11(ra)
core   0: 3 0x800048e2 (0x00b0cc83) x25 0x00000000 mem 0x8001773f
core   0: 0x800048e6 (0x00006179) c.addi16sp sp, 464
core   0: 3 0x800048e6 (0x6179) x 2 0x800237bf
core   0: 0x800048e8 (0x0362ea33) rem     s4, t0, s6
core   0: 3 0x800048e8 (0x0362ea33) x20 0x00000000
core   0: 0x800048ec (0x00508383) lb      t2, 5(ra)
core   0: 3 0x800048ec (0x00508383) x 7 0x00000000 mem 0x80017739
core   0: 0x800048f0 (0xf3b7a113) slti    sp, a5, -197
core   0: 3 0x800048f0 (0xf3b7a113) x 2 0x00000000
core   0: 0x800048f4 (0x00d08e83) lb      t4, 13(ra)
core   0: 3 0x800048f4 (0x00d08e83) x29 0x00000000 mem 0x80017741
core   0: 0x800048f8 (0x00008fe9) c.and   a5, a0
core   0: 3 0x800048f8 (0x8fe9) x15 0x00000000
core   0: 0x800048fa (0x00c0c183) lbu     gp, 12(ra)
core   0: 3 0x800048fa (0x00c0c183) x 3 0x00000000 mem 0x80017740
core   0: 0x800048fe (0x0087fd97) auipc   s11, 0x87f
core   0: 3 0x800048fe (0x0087fd97) x27 0x808838fe
core   0: 0x80004902 (0x0000100f) fence.i
core   0: 3 0x80004902 (0x0000100f)
core   0: 0x80004906 (0x00387433) and     s0, a6, gp
core   0: 3 0x80004906 (0x00387433) x 8 0x00000000
core   0: 0x8000490a (0x00001c7d) c.addi  s8, -1
core   0: 3 0x8000490a (0x1c7d) x24 0xffffffff
core   0: 0x8000490c (0x0090c783) lbu     a5, 9(ra)
core   0: 3 0x8000490c (0x0090c783) x15 0x00000000 mem 0x8001773d
core   0: 0x80004910 (0x00a09723) sh      a0, 14(ra)
core   0: 3 0x80004910 (0x00a09723) mem 0x80017742 0x3fff
core   0: 0x80004914 (0xfe008da3) sb      zero, -5(ra)
core   0: 3 0x80004914 (0xfe008da3) mem 0x8001772f 0x0
core   0: 0x80004918 (0x00908c03) lb      s8, 9(ra)
core   0: 3 0x80004918 (0x00908c03) x24 0x00000000 mem 0x8001773d
core   0: 0x8000491c (0x00008cc9) c.or    s1, a0
core   0: 3 0x8000491c (0x8cc9) x 9 0x00003fff
core   0: 0x8000491e (0x4062d993) srai    s3, t0, 6
core   0: 3 0x8000491e (0x4062d993) x19 0x00000000
core   0: 0x80004922 (0xffb088a3) sb      s11, -15(ra)
core   0: 3 0x80004922 (0xffb088a3) mem 0x80017725 0xfe
core   0: 0x80004926 (0x003ca333) slt     t1, s9, gp
core   0: 3 0x80004926 (0x003ca333) x 6 0x00000000
core   0: 0x8000492a (0xff50ca03) lbu     s4, -11(ra)
core   0: 3 0x8000492a (0xff50ca03) x20 0x00000000 mem 0x80017729
core   0: 0x8000492e (0x00e09223) sh      a4, 4(ra)
core   0: 3 0x8000492e (0x00e09223) mem 0x80017738 0x8e64
core   0: 0x80004932 (0x0150a423) sw      s5, 8(ra)
core   0: 3 0x80004932 (0x0150a423) mem 0x8001773c 0x00000000
core   0: 0x80004936 (0xff308e83) lb      t4, -13(ra)
core   0: 3 0x80004936 (0xff308e83) x29 0x00000000 mem 0x80017727
core   0: 0x8000493a (0x00000de5) c.addi  s11, 25
core   0: 3 0x8000493a (0x0de5) x27 0x80883917
core   0: 0x8000493c (0x0000100f) fence.i
core   0: 3 0x8000493c (0x0000100f)
core   0: 0x80004940 (0xffd08fa3) sb      t4, -1(ra)
core   0: 3 0x80004940 (0xffd08fa3) mem 0x80017733 0x0
core   0: 0x80004944 (0x018084a3) sb      s8, 9(ra)
core   0: 3 0x80004944 (0x018084a3) mem 0x8001773d 0x0
core   0: 0x80004948 (0x00008d75) c.and   a0, a3
core   0: 3 0x80004948 (0x8d75) x10 0x00000000
core   0: 0x8000494a (0x0020cc83) lbu     s9, 2(ra)
core   0: 3 0x8000494a (0x0020cc83) x25 0x00000000 mem 0x80017736
core   0: 0x8000494e (0x00b08783) lb      a5, 11(ra)
core   0: 3 0x8000494e (0x00b08783) x15 0x00000000 mem 0x8001773f
core   0: 0x80004952 (0xfee0a823) sw      a4, -16(ra)
core   0: 3 0x80004952 (0xfee0a823) mem 0x80017724 0x80028e64
core   0: 0x80004956 (0x00a08b03) lb      s6, 10(ra)
core   0: 3 0x80004956 (0x00a08b03) x22 0x00000000 mem 0x8001773e
core   0: 0x8000495a (0x002c8033) add     zero, s9, sp
core   0: 3 0x8000495a (0x002c8033)
core   0: 0x8000495e (0x0000867d) c.srai  a2, 31
core   0: 3 0x8000495e (0x867d) x12 0x00000000
core   0: 0x80004960 (0x015082a3) sb      s5, 5(ra)
core   0: 3 0x80004960 (0x015082a3) mem 0x80017739 0x0
core   0: 0x80004964 (0x0040ca83) lbu     s5, 4(ra)
core   0: 3 0x80004964 (0x0040ca83) x21 0x00000064 mem 0x80017738
core   0: 0x80004968 (0x0000f117) auipc   sp, 0xf
core   0: 3 0x80004968 (0x0000f117) x 2 0x80013968
core   0: 0x8000496c (0x4b310113) addi    sp, sp, 1203
core   0: 3 0x8000496c (0x4b310113) x 2 0x80013e1b
core   0: 0x80004970 (0xfe910423) sb      s1, -24(sp)
core   0: 3 0x80004970 (0xfe910423) mem 0x80013e03 0xff
core   0: 0x80004974 (0x00fddbb3) srl     s7, s11, a5
core   0: 3 0x80004974 (0x00fddbb3) x23 0x80883917
core   0: 0x80004978 (0x00cfc333) xor     t1, t6, a2
core   0: 3 0x80004978 (0x00cfc333) x 6 0x00000000
core   0: 0x8000497c (0x00c10e23) sb      a2, 28(sp)
core   0: 3 0x8000497c (0x00c10e23) mem 0x80013e37 0x0
core   0: 0x80004980 (0x013b4533) xor     a0, s6, s3
core   0: 3 0x80004980 (0x013b4533) x10 0x00000000
core   0: 0x80004984 (0xfc410603) lb      a2, -60(sp)
core   0: 3 0x80004984 (0xfc410603) x12 0x00000000 mem 0x80013ddf
core   0: 0x80004988 (0x020117a3) sh      zero, 47(sp)
core   0: 3 0x80004988 (0x020117a3) mem 0x80013e4a 0x0000
core   0: 0x8000498c (0xfed10d23) sb      a3, -6(sp)
core   0: 3 0x8000498c (0xfed10d23) mem 0x80013e15 0x0
core   0: 0x80004990 (0x00008ee9) c.and   a3, a0
core   0: 3 0x80004990 (0x8ee9) x13 0x00000000
core   0: 0x80004992 (0x014124a3) sw      s4, 9(sp)
core   0: 3 0x80004992 (0x014124a3) mem 0x80013e24 0x00000000
core   0: 0x80004996 (0xff610683) lb      a3, -10(sp)
core   0: 3 0x80004996 (0xff610683) x13 0x00000000 mem 0x80013e11
core   0: 0x8000499a (0x00000001) c.nop
core   0: 3 0x8000499a (0x0001)
core   0: 0x8000499c (0x01d2ccb3) xor     s9, t0, t4
core   0: 3 0x8000499c (0x01d2ccb3) x25 0x00000000
core   0: 0x800049a0 (0xba1620b7) lui     ra, 0xba162
core   0: 3 0x800049a0 (0xba1620b7) x 1 0xba162000
core   0: 0x800049a4 (0x026ef933) remu    s2, t4, t1
core   0: 3 0x800049a4 (0x026ef933) x18 0x00000000
core   0: 0x800049a8 (0x02711303) lh      t1, 39(sp)
core   0: 3 0x800049a8 (0x02711303) x 6 0x00000000 mem 0x80013e42
core   0: 0x800049ac (0x03138033) mul     zero, t2, a7
core   0: 3 0x800049ac (0x03138033)
core   0: 0x800049b0 (0x00008cbd) c.xor   s1, a5
core   0: 3 0x800049b0 (0x8cbd) x 9 0x00003fff
core   0: 0x800049b2 (0xfdf14b03) lbu     s6, -33(sp)
core   0: 3 0x800049b2 (0xfdf14b03) x22 0x00000000 mem 0x80013dfa
core   0: 0x800049b6 (0x007a2bb3) slt     s7, s4, t2
core   0: 3 0x800049b6 (0x007a2bb3) x23 0x00000000
core   0: 0x800049ba (0x03510123) sb      s5, 34(sp)
core   0: 3 0x800049ba (0x03510123) mem 0x80013e3d 0x64
core   0: 0x800049be (0xfce10403) lb      s0, -50(sp)
core   0: 3 0x800049be (0xfce10403) x 8 0x00000000 mem 0x80013de9
core   0: 0x800049c2 (0xfcf10823) sb      a5, -48(sp)
core   0: 3 0x800049c2 (0xfcf10823) mem 0x80013deb 0x0
core   0: 0x800049c6 (0x02114503) lbu     a0, 33(sp)
core   0: 3 0x800049c6 (0x02114503) x10 0x00000000 mem 0x80013e3c
core   0: 0x800049ca (0x00014117) auipc   sp, 0x14
core   0: 3 0x800049ca (0x00014117) x 2 0x800189ca
core   0: 0x800049ce (0x02c10113) addi    sp, sp, 44
core   0: 3 0x800049ce (0x02c10113) x 2 0x800189f6
core   0: 0x800049d2 (0x02310283) lb      t0, 35(sp)
core   0: 3 0x800049d2 (0x02310283) x 5 0x00000000 mem 0x80018a19
core   0: 0x800049d6 (0x02314883) lbu     a7, 35(sp)
core   0: 3 0x800049d6 (0x02314883) x17 0x00000000 mem 0x80018a19
core   0: 0x800049da (0x0062acb3) slt     s9, t0, t1
core   0: 3 0x800049da (0x0062acb3) x25 0x00000000
core   0: 0x800049de (0x02a10183) lb      gp, 42(sp)
core   0: 3 0x800049de (0x02a10183) x 3 0x00000000 mem 0x80018a20
core   0: 0x800049e2 (0x00008d7d) c.and   a0, a5
core   0: 3 0x800049e2 (0x8d7d) x10 0x00000000
core   0: 0x800049e4 (0xfd612b03) lw      s6, -42(sp)
core   0: 3 0x800049e4 (0xfd612b03) x22 0x00000000 mem 0x800189cc
core   0: 0x800049e8 (0x00000001) c.nop
core   0: 3 0x800049e8 (0x0001)
core   0: 0x800049ea (0xfd114203) lbu     tp, -47(sp)
core   0: 3 0x800049ea (0xfd114203) x 4 0x00000000 mem 0x800189c7
core   0: 0x800049ee (0x00008471) c.srai  s0, 28
core   0: 3 0x800049ee (0x8471) x 8 0x00000000
core   0: 0x800049f0 (0xfdc10123) sb      t3, -62(sp)
core   0: 3 0x800049f0 (0xfdc10123) mem 0x800189b8 0x0
core   0: 0x800049f4 (0xfcc14d03) lbu     s10, -52(sp)
core   0: 3 0x800049f4 (0xfcc14d03) x26 0x00000000 mem 0x800189c2
core   0: 0x800049f8 (0x3237f293) andi    t0, a5, 803
core   0: 3 0x800049f8 (0x3237f293) x 5 0x00000000
core   0: 0x800049fc (0x019799b3) sll     s3, a5, s9
core   0: 3 0x800049fc (0x019799b3) x19 0x00000000
core   0: 0x80004a00 (0x01f12323) sw      t6, 6(sp)
core   0: 3 0x80004a00 (0x01f12323) mem 0x800189fc 0x00000000
core   0: 0x80004a04 (0xff210783) lb      a5, -14(sp)
core   0: 3 0x80004a04 (0xff210783) x15 0x00000000 mem 0x800189e8
core   0: 0x80004a08 (0xff314303) lbu     t1, -13(sp)
core   0: 3 0x80004a08 (0xff314303) x 6 0x00000000 mem 0x800189e9
core   0: 0x80004a0c (0xfc314d83) lbu     s11, -61(sp)
core   0: 3 0x80004a0c (0xfc314d83) x27 0x00000000 mem 0x800189b9
core   0: 0x80004a10 (0x0280cbb3) div     s7, ra, s0
core   0: 3 0x80004a10 (0x0280cbb3) x23 0xffffffff
core   0: 0x80004a14 (0x03ef01b3) mul     gp, t5, t5
core   0: 3 0x80004a14 (0x03ef01b3) x 3 0x00000000
core   0: 0x80004a18 (0x419f0d33) sub     s10, t5, s9
core   0: 3 0x80004a18 (0x419f0d33) x26 0x80000000
core   0: 0x80004a1c (0x01a10c83) lb      s9, 26(sp)
core   0: 3 0x80004a1c (0x01a10c83) x25 0x00000000 mem 0x80018a10
core   0: 0x80004a20 (0x00714303) lbu     t1, 7(sp)
core   0: 3 0x80004a20 (0x00714303) x 6 0x00000000 mem 0x800189fd
core   0: 0x80004a24 (0xfea10da3) sb      a0, -5(sp)
core   0: 3 0x80004a24 (0xfea10da3) mem 0x800189f1 0x0
core   0: 0x80004a28 (0xfdf14403) lbu     s0, -33(sp)
core   0: 3 0x80004a28 (0xfdf14403) x 8 0x00000000 mem 0x800189d5
core   0: 0x80004a2c (0x01814203) lbu     tp, 24(sp)
core   0: 3 0x80004a2c (0x01814203) x 4 0x00000000 mem 0x80018a0e
core   0: 0x80004a30 (0x03d468b3) rem     a7, s0, t4
core   0: 3 0x80004a30 (0x03d468b3) x17 0x00000000
core   0: 0x80004a34 (0xfcf10083) lb      ra, -49(sp)
core   0: 3 0x80004a34 (0xfcf10083) x 1 0x00000000 mem 0x800189c5
core   0: 0x80004a38 (0xfc510e03) lb      t3, -59(sp)
core   0: 3 0x80004a38 (0xfc510e03) x28 0x00000000 mem 0x800189bb
core   0: 0x80004a3c (0x4047d3b3) sra     t2, a5, tp
core   0: 3 0x80004a3c (0x4047d3b3) x 7 0x00000000
core   0: 0x80004a40 (0xff110d83) lb      s11, -15(sp)
core   0: 3 0x80004a40 (0xff110d83) x27 0x00000000 mem 0x800189e7
core   0: 0x80004a44 (0x011e2d33) slt     s10, t3, a7
core   0: 3 0x80004a44 (0x011e2d33) x26 0x00000000
core   0: 0x80004a48 (0x00008f81) c.sub   a5, s0
core   0: 3 0x80004a48 (0x8f81) x15 0x00000000
core   0: 0x80004a4a (0xfce105a3) sb      a4, -53(sp)
core   0: 3 0x80004a4a (0xfce105a3) mem 0x800189c1 0x64
core   0: 0x80004a4e (0xfef14883) lbu     a7, -17(sp)
core   0: 3 0x80004a4e (0xfef14883) x17 0x00000000 mem 0x800189e5
core   0: 0x80004a52 (0x00004fd5) c.li    t6, 21
core   0: 3 0x80004a52 (0x4fd5) x31 0x00000015
core   0: 0x80004a54 (0x0000053e) c.slli  a0, 15
core   0: 3 0x80004a54 (0x053e) x10 0x00000000
core   0: 0x80004a56 (0x00008eb1) c.xor   a3, a2
core   0: 3 0x80004a56 (0x8eb1) x13 0x00000000
core   0: 0x80004a58 (0xfcf14183) lbu     gp, -49(sp)
core   0: 3 0x80004a58 (0xfcf14183) x 3 0x00000000 mem 0x800189c5
core   0: 0x80004a5c (0x03d14003) lbu     zero, 61(sp)
core   0: 3 0x80004a5c (0x03d14003) mem 0x80018a33
core   0: 0x80004a60 (0x01173e33) sltu    t3, a4, a7
core   0: 3 0x80004a60 (0x01173e33) x28 0x00000000
core   0: 0x80004a64 (0xff014883) lbu     a7, -16(sp)
core   0: 3 0x80004a64 (0xff014883) x17 0x00000000 mem 0x800189e6
core   0: 0x80004a68 (0x01d82933) slt     s2, a6, t4
core   0: 3 0x80004a68 (0x01d82933) x18 0x00000000
core   0: 0x80004a6c (0x02310023) sb      gp, 32(sp)
core   0: 3 0x80004a6c (0x02310023) mem 0x80018a16 0x0
core   0: 0x80004a70 (0xff514483) lbu     s1, -11(sp)
core   0: 3 0x80004a70 (0xff514483) x 9 0x00000000 mem 0x800189eb
core   0: 0x80004a74 (0x03f367b3) rem     a5, t1, t6
core   0: 3 0x80004a74 (0x03f367b3) x15 0x00000000
core   0: 0x80004a78 (0xa7232613) slti    a2, t1, -1422
core   0: 3 0x80004a78 (0xa7232613) x12 0x00000000
core   0: 0x80004a7c (0x9a077293) andi    t0, a4, -1632
core   0: 3 0x80004a7c (0x9a077293) x 5 0x80028820
core   0: 0x80004a80 (0x1d9b3a13) sltiu   s4, s6, 473
core   0: 3 0x80004a80 (0x1d9b3a13) x20 0x00000001
core   0: 0x80004a84 (0x008a9d93) slli    s11, s5, 8
core   0: 3 0x80004a84 (0x008a9d93) x27 0x00006400
core   0: 0x80004a88 (0x01c102a3) sb      t3, 5(sp)
core   0: 3 0x80004a88 (0x01c102a3) mem 0x800189fb 0x0
core   0: 0x80004a8c (0xfe310903) lb      s2, -29(sp)
core   0: 3 0x80004a8c (0xfe310903) x18 0x00000000 mem 0x800189d9
core   0: 0x80004a90 (0x00006fd9) c.lui   t6, 0x16
core   0: 3 0x80004a90 (0x6fd9) x31 0x00016000
core   0: 0x80004a92 (0xffa11023) sh      s10, -32(sp)
core   0: 3 0x80004a92 (0xffa11023) mem 0x800189d6 0x0000
core   0: 0x80004a96 (0xfc5106a3) sb      t0, -51(sp)
core   0: 3 0x80004a96 (0xfc5106a3) mem 0x800189c3 0x20
core   0: 0x80004a9a (0x0000f117) auipc   sp, 0xf
core   0: 3 0x80004a9a (0x0000f117) x 2 0x80013a9a
core   0: 0x80004a9e (0x1ad10113) addi    sp, sp, 429
core   0: 3 0x80004a9e (0x1ad10113) x 2 0x80013c47
core   0: 0x80004aa2 (0x000097b6) c.add   a5, a3
core   0: 3 0x80004aa2 (0x97b6) x15 0x00000000
core   0: 0x80004aa4 (0x01d11483) lh      s1, 29(sp)
core   0: 3 0x80004aa4 (0x01d11483) x 9 0x00000000 mem 0x80013c64
core   0: 0x80004aa8 (0x00e12ea3) sw      a4, 29(sp)
core   0: 3 0x80004aa8 (0x00e12ea3) mem 0x80013c64 0x80028e64
core   0: 0x80004aac (0x40ea8533) sub     a0, s5, a4
core   0: 3 0x80004aac (0x40ea8533) x10 0x7ffd7200
core   0: 0x80004ab0 (0x00814503) lbu     a0, 8(sp)
core   0: 3 0x80004ab0 (0x00814503) x10 0x00000000 mem 0x80013c4f
core   0: 0x80004ab4 (0xfcd14783) lbu     a5, -51(sp)
core   0: 3 0x80004ab4 (0xfcd14783) x15 0x00000000 mem 0x80013c14
core   0: 0x80004ab8 (0xfd6116a3) sh      s6, -51(sp)
core   0: 3 0x80004ab8 (0xfd6116a3) mem 0x80013c14 0x0000
core   0: 0x80004abc (0xfcd10403) lb      s0, -51(sp)
core   0: 3 0x80004abc (0xfcd10403) x 8 0x00000000 mem 0x80013c14
core   0: 0x80004ac0 (0x00d10ea3) sb      a3, 29(sp)
core   0: 3 0x80004ac0 (0x00d10ea3) mem 0x80013c64 0x0
core   0: 0x80004ac4 (0xfee10e03) lb      t3, -18(sp)
core   0: 3 0x80004ac4 (0xfee10e03) x28 0x00000000 mem 0x80013c35
core   0: 0x80004ac8 (0x03d10383) lb      t2, 61(sp)
core   0: 3 0x80004ac8 (0x03d10383) x 7 0x00000000 mem 0x80013c84
core   0: 0x80004acc (0x02210ea3) sb      sp, 61(sp)
core   0: 3 0x80004acc (0x02210ea3) mem 0x80013c84 0x47
core   0: 0x80004ad0 (0x00008e61) c.and   a2, s0
core   0: 3 0x80004ad0 (0x8e61) x12 0x00000000
core   0: 0x80004ad2 (0x008cce33) xor     t3, s9, s0
core   0: 3 0x80004ad2 (0x008cce33) x28 0x00000000
core   0: 0x80004ad6 (0x03311ea3) sh      s3, 61(sp)
core   0: 3 0x80004ad6 (0x03311ea3) mem 0x80013c84 0x0000
core   0: 0x80004ada (0xfcd12e03) lw      t3, -51(sp)
core   0: 3 0x80004ada (0xfcd12e03) x28 0x00000000 mem 0x80013c14
core   0: 0x80004ade (0xfcd12d03) lw      s10, -51(sp)
core   0: 3 0x80004ade (0xfcd12d03) x26 0x00000000 mem 0x80013c14
core   0: 0x80004ae2 (0x00912303) lw      t1, 9(sp)
core   0: 3 0x80004ae2 (0x00912303) x 6 0x00000000 mem 0x80013c50
core   0: 0x80004ae6 (0xfed10723) sb      a3, -18(sp)
core   0: 3 0x80004ae6 (0xfed10723) mem 0x80013c35 0x0
core   0: 0x80004aea (0x03926ab3) rem     s5, tp, s9
core   0: 3 0x80004aea (0x03926ab3) x21 0x00000000
core   0: 0x80004aee (0x03914203) lbu     tp, 57(sp)
core   0: 3 0x80004aee (0x03914203) x 4 0x00000000 mem 0x80013c80
core   0: 0x80004af2 (0x037be6b3) rem     a3, s7, s7
core   0: 3 0x80004af2 (0x037be6b3) x13 0x00000000
core   0: 0x80004af6 (0x03211ca3) sh      s2, 57(sp)
core   0: 3 0x80004af6 (0x03211ca3) mem 0x80013c80 0x0000
core   0: 0x80004afa (0xff610123) sb      s6, -30(sp)
core   0: 3 0x80004afa (0xff610123) mem 0x80013c29 0x0
core   0: 0x80004afe (0x00013317) auipc   t1, 0x13
core   0: 3 0x80004afe (0x00013317) x 6 0x80017afe
core   0: 0x80004b02 (0x3cf30313) addi    t1, t1, 975
core   0: 3 0x80004b02 (0x3cf30313) x 6 0x80017ecd
core   0: 0x80004b06 (0x00230723) sb      sp, 14(t1)
core   0: 3 0x80004b06 (0x00230723) mem 0x80017edb 0x47
core   0: 0x80004b0a (0x00335083) lhu     ra, 3(t1)
core   0: 3 0x80004b0a (0x00335083) x 1 0x00000000 mem 0x80017ed0
core   0: 0x80004b0e (0x00b31c83) lh      s9, 11(t1)
core   0: 3 0x80004b0e (0x00b31c83) x25 0x00000000 mem 0x80017ed8
core   0: 0x80004b12 (0xffc34083) lbu     ra, -4(t1)
core   0: 3 0x80004b12 (0xffc34083) x 1 0x00000000 mem 0x80017ec9
core   0: 0x80004b16 (0x00830a03) lb      s4, 8(t1)
core   0: 3 0x80004b16 (0x00830a03) x20 0x00000000 mem 0x80017ed5
core   0: 0x80004b1a (0xffb318a3) sh      s11, -15(t1)
core   0: 3 0x80004b1a (0xffb318a3) mem 0x80017ebe 0x6400
core   0: 0x80004b1e (0x00f30283) lb      t0, 15(t1)
core   0: 3 0x80004b1e (0x00f30283) x 5 0x00000000 mem 0x80017edc
core   0: 0x80004b22 (0x00734183) lbu     gp, 7(t1)
core   0: 3 0x80004b22 (0x00734183) x 3 0x00000000 mem 0x80017ed4
core   0: 0x80004b26 (0xffd30083) lb      ra, -3(t1)
core   0: 3 0x80004b26 (0xffd30083) x 1 0x00000000 mem 0x80017eca
core   0: 0x80004b2a (0xfe930fa3) sb      s1, -1(t1)
core   0: 3 0x80004b2a (0xfe930fa3) mem 0x80017ecc 0x0
core   0: 0x80004b2e (0x00006d61) c.lui   s10, 0x18
core   0: 3 0x80004b2e (0x6d61) x26 0x00018000
core   0: 0x80004b30 (0x00008d0d) c.sub   a0, a1
core   0: 3 0x80004b30 (0x8d0d) x10 0x7ffd331c
core   0: 0x80004b32 (0x003321a3) sw      gp, 3(t1)
core   0: 3 0x80004b32 (0x003321a3) mem 0x80017ed0 0x00000000
core   0: 0x80004b36 (0x00034483) lbu     s1, 0(t1)
core   0: 3 0x80004b36 (0x00034483) x 9 0x00000000 mem 0x80017ecd
core   0: 0x80004b3a (0x8fc7fb97) auipc   s7, 0x8fc7f
core   0: 3 0x80004b3a (0x8fc7fb97) x23 0x0fc83b3a
core   0: 0x80004b3e (0x00f89b33) sll     s6, a7, a5
core   0: 3 0x80004b3e (0x00f89b33) x22 0x00000000
core   0: 0x80004b42 (0xffd31ba3) sh      t4, -9(t1)
core   0: 3 0x80004b42 (0xffd31ba3) mem 0x80017ec4 0x0000
core   0: 0x80004b46 (0xfe632ba3) sw      t1, -9(t1)
core   0: 3 0x80004b46 (0xfe632ba3) mem 0x80017ec4 0x80017ecd
core   0: 0x80004b4a (0xff732c03) lw      s8, -9(t1)
core   0: 3 0x80004b4a (0xff732c03) x24 0x80017ecd mem 0x80017ec4
core   0: 0x80004b4e (0x0000100f) fence.i
core   0: 3 0x80004b4e (0x0000100f)
core   0: 0x80004b52 (0x40a55cb3) sra     s9, a0, a0
core   0: 3 0x80004b52 (0x40a55cb3) x25 0x00000007
core   0: 0x80004b56 (0xff335203) lhu     tp, -13(t1)
core   0: 3 0x80004b56 (0xff335203) x 4 0x00000000 mem 0x80017ec0
core   0: 0x80004b5a (0x00b32e83) lw      t4, 11(t1)
core   0: 3 0x80004b5a (0x00b32e83) x29 0x47000000 mem 0x80017ed8
core   0: 0x80004b5e (0xff230b03) lb      s6, -14(t1)
core   0: 3 0x80004b5e (0xff230b03) x22 0x00000064 mem 0x80017ebf
core   0: 0x80004b62 (0xfef30da3) sb      a5, -5(t1)
core   0: 3 0x80004b62 (0xfef30da3) mem 0x80017ec8 0x0
core   0: 0x80004b66 (0x00230c83) lb      s9, 2(t1)
core   0: 3 0x80004b66 (0x00230c83) x25 0x00000000 mem 0x80017ecf
core   0: 0x80004b6a (0x00030b03) lb      s6, 0(t1)
core   0: 3 0x80004b6a (0x00030b03) x22 0x00000000 mem 0x80017ecd
core   0: 0x80004b6e (0x01030803) lb      a6, 16(t1)
core   0: 3 0x80004b6e (0x01030803) x16 0x00000000 mem 0x80017edd
core   0: 0x80004b72 (0xff335403) lhu     s0, -13(t1)
core   0: 3 0x80004b72 (0xff335403) x 8 0x00000000 mem 0x80017ec0
core   0: 0x80004b76 (0xff230183) lb      gp, -14(t1)
core   0: 3 0x80004b76 (0xff230183) x 3 0x00000064 mem 0x80017ebf
core   0: 0x80004b7a (0x32d8a613) slti    a2, a7, 813
core   0: 3 0x80004b7a (0x32d8a613) x12 0x00000001
core   0: 0x80004b7e (0x01e9f433) and     s0, s3, t5
core   0: 3 0x80004b7e (0x01e9f433) x 8 0x00000000
core   0: 0x80004b82 (0x02c55d33) divu    s10, a0, a2
core   0: 3 0x80004b82 (0x02c55d33) x26 0x7ffd331c
core   0: 0x80004b86 (0x00730523) sb      t2, 10(t1)
core   0: 3 0x80004b86 (0x00730523) mem 0x80017ed7 0x0
core   0: 0x80004b8a (0x027720b3) mulhsu  ra, a4, t2
core   0: 3 0x80004b8a (0x027720b3) x 1 0x00000000
core   0: 0x80004b8e (0xff831ea3) sh      s8, -3(t1)
core   0: 3 0x80004b8e (0xff831ea3) mem 0x80017eca 0x7ecd
core   0: 0x80004b92 (0x00737d33) and     s10, t1, t2
core   0: 3 0x80004b92 (0x00737d33) x26 0x00000000
core   0: 0x80004b96 (0x00006111) c.addi16sp sp, 256
core   0: 3 0x80004b96 (0x6111) x 2 0x80013d47
core   0: 0x80004b98 (0x00008cd5) c.or    s1, a3
core   0: 3 0x80004b98 (0x8cd5) x 9 0x00000000
core   0: 0x80004b9a (0xb016ae93) slti    t4, a3, -1279
core   0: 3 0x80004b9a (0xb016ae93) x29 0x00000000
core   0: 0x80004b9e (0x012325a3) sw      s2, 11(t1)
core   0: 3 0x80004b9e (0x012325a3) mem 0x80017ed8 0x00000000
core   0: 0x80004ba2 (0x0356de33) divu    t3, a3, s5
core   0: 3 0x80004ba2 (0x0356de33) x28 0xffffffff
core   0: 0x80004ba6 (0xff731003) lh      zero, -9(t1)
core   0: 3 0x80004ba6 (0xff731003) mem 0x80017ec4
core   0: 0x80004baa (0x00008e91) c.sub   a3, a2
core   0: 3 0x80004baa (0x8e91) x13 0xffffffff
core   0: 0x80004bac (0x0308aab3) mulhsu  s5, a7, a6
core   0: 3 0x80004bac (0x0308aab3) x21 0x00000000
core   0: 0x80004bb0 (0x00834883) lbu     a7, 8(t1)
core   0: 3 0x80004bb0 (0x00834883) x17 0x00000000 mem 0x80017ed5
core   0: 0x80004bb4 (0x00010117) auipc   sp, 0x10
core   0: 3 0x80004bb4 (0x00010117) x 2 0x80014bb4
core   0: 0x80004bb8 (0x5bd10113) addi    sp, sp, 1469
core   0: 3 0x80004bb8 (0x5bd10113) x 2 0x80015171
core   0: 0x80004bbc (0xffa10683) lb      a3, -6(sp)
core   0: 3 0x80004bbc (0xffa10683) x13 0x00000000 mem 0x8001516b
core   0: 0x80004bc0 (0xffc10c23) sb      t3, -8(sp)
core   0: 3 0x80004bc0 (0xffc10c23) mem 0x80015169 0xff
core   0: 0x80004bc4 (0x00909333) sll     t1, ra, s1
core   0: 3 0x80004bc4 (0x00909333) x 6 0x00000000
core   0: 0x80004bc8 (0x00610403) lb      s0, 6(sp)
core   0: 3 0x80004bc8 (0x00610403) x 8 0x00000000 mem 0x80015177
core   0: 0x80004bcc (0x01410323) sb      s4, 6(sp)
core   0: 3 0x80004bcc (0x01410323) mem 0x80015177 0x0
core   0: 0x80004bd0 (0x00000001) c.nop
core   0: 3 0x80004bd0 (0x0001)
core   0: 0x80004bd2 (0x02c3a7b3) mulhsu  a5, t2, a2
core   0: 3 0x80004bd2 (0x02c3a7b3) x15 0x00000000
core   0: 0x80004bd6 (0x01b10323) sb      s11, 6(sp)
core   0: 3 0x80004bd6 (0x01b10323) mem 0x80015177 0x0
core   0: 0x80004bda (0x01410323) sb      s4, 6(sp)
core   0: 3 0x80004bda (0x01410323) mem 0x80015177 0x0
core   0: 0x80004bde (0x00715283) lhu     t0, 7(sp)
core   0: 3 0x80004bde (0x00715283) x 5 0x00000000 mem 0x80015178
core   0: 0x80004be2 (0x00715283) lhu     t0, 7(sp)
core   0: 3 0x80004be2 (0x00715283) x 5 0x00000000 mem 0x80015178
core   0: 0x80004be6 (0x008c8d33) add     s10, s9, s0
core   0: 3 0x80004be6 (0x008c8d33) x26 0x00000000
core   0: 0x80004bea (0x00710603) lb      a2, 7(sp)
core   0: 3 0x80004bea (0x00710603) x12 0x00000000 mem 0x80015178
core   0: 0x80004bee (0x00715f83) lhu     t6, 7(sp)
core   0: 3 0x80004bee (0x00715f83) x31 0x00000000 mem 0x80015178
core   0: 0x80004bf2 (0x03350533) mul     a0, a0, s3
core   0: 3 0x80004bf2 (0x03350533) x10 0x00000000
core   0: 0x80004bf6 (0x01a103a3) sb      s10, 7(sp)
core   0: 3 0x80004bf6 (0x01a103a3) mem 0x80015178 0x0
core   0: 0x80004bfa (0x00710603) lb      a2, 7(sp)
core   0: 3 0x80004bfa (0x00710603) x12 0x00000000 mem 0x80015178
core   0: 0x80004bfe (0x00711483) lh      s1, 7(sp)
core   0: 3 0x80004bfe (0x00711483) x 9 0x00000000 mem 0x80015178
core   0: 0x80004c02 (0x00f103a3) sb      a5, 7(sp)
core   0: 3 0x80004c02 (0x00f103a3) mem 0x80015178 0x0
core   0: 0x80004c06 (0x00008eaa) c.mv    t4, a0
core   0: 3 0x80004c06 (0x8eaa) x29 0x00000000
core   0: 0x80004c08 (0x00715d83) lhu     s11, 7(sp)
core   0: 3 0x80004c08 (0x00715d83) x27 0x00000000 mem 0x80015178
core   0: 0x80004c0c (0x00711203) lh      tp, 7(sp)
core   0: 3 0x80004c0c (0x00711203) x 4 0x00000000 mem 0x80015178
core   0: 0x80004c10 (0x0001d217) auipc   tp, 0x1d
core   0: 3 0x80004c10 (0x0001d217) x 4 0x80021c10
core   0: 0x80004c14 (0xfb420213) addi    tp, tp, -76
core   0: 3 0x80004c14 (0xfb420213) x 4 0x80021bc4
core   0: 0x80004c18 (0xfff20c23) sb      t6, -8(tp)
core   0: 3 0x80004c18 (0xfff20c23) mem 0x80021bbc 0x0
core   0: 0x80004c1c (0x0000f417) auipc   s0, 0xf
core   0: 3 0x80004c1c (0x0000f417) x 8 0x80013c1c
core   0: 0x80004c20 (0xb9540413) addi    s0, s0, -1131
core   0: 3 0x80004c20 (0xb9540413) x 8 0x800137b1
core   0: 0x80004c24 (0xfeb208a3) sb      a1, -15(tp)
core   0: 3 0x80004c24 (0xfeb208a3) mem 0x80021bb5 0xe4
core   0: 0x80004c28 (0x04444183) lbu     gp, 68(s0)
core   0: 3 0x80004c28 (0x04444183) x 3 0x00000000 mem 0x800137f5
core   0: 0x80004c2c (0x00021623) sh      zero, 12(tp)
core   0: 3 0x80004c2c (0x00021623) mem 0x80021bd0 0x0000
core   0: 0x80004c30 (0xff422003) lw      zero, -12(tp)
core   0: 3 0x80004c30 (0xff422003) mem 0x80021bb8
core   0: 0x80004c34 (0x08d416a3) sh      a3, 141(s0)
core   0: 3 0x80004c34 (0x08d416a3) mem 0x8001383e 0x0000
core   0: 0x80004c38 (0x00720303) lb      t1, 7(tp)
core   0: 3 0x80004c38 (0x00720303) x 6 0x00000000 mem 0x80021bcb
core   0: 0x80004c3c (0x0cf41483) lh      s1, 207(s0)
core   0: 3 0x80004c3c (0x0cf41483) x 9 0x00000000 mem 0x80013880
core   0: 0x80004c40 (0xf5b41b83) lh      s7, -165(s0)
core   0: 3 0x80004c40 (0xf5b41b83) x23 0x00000000 mem 0x8001370c
core   0: 0x80004c44 (0xff320c03) lb      s8, -13(tp)
core   0: 3 0x80004c44 (0xff320c03) x24 0x00000000 mem 0x80021bb7
core   0: 0x80004c48 (0x01044c03) lbu     s8, 16(s0)
core   0: 3 0x80004c48 (0x01044c03) x24 0x00000000 mem 0x800137c1
core   0: 0x80004c4c (0xff625503) lhu     a0, -10(tp)
core   0: 3 0x80004c4c (0xff625503) x10 0x00000000 mem 0x80021bba
core   0: 0x80004c50 (0x00020483) lb      s1, 0(tp)
core   0: 3 0x80004c50 (0x00020483) x 9 0x00000000 mem 0x80021bc4
core   0: 0x80004c54 (0x00220503) lb      a0, 2(tp)
core   0: 3 0x80004c54 (0x00220503) x10 0x00000000 mem 0x80021bc6
core   0: 0x80004c58 (0x0001bc17) auipc   s8, 0x1b
core   0: 3 0x80004c58 (0x0001bc17) x24 0x8001fc58
core   0: 0x80004c5c (0x48ac0c13) addi    s8, s8, 1162
core   0: 3 0x80004c5c (0x48ac0c13) x24 0x800200e2
core   0: 0x80004c60 (0x03fc0e03) lb      t3, 63(s8)
core   0: 3 0x80004c60 (0x03fc0e03) x28 0x00000000 mem 0x80020121
core   0: 0x80004c64 (0x03fc0383) lb      t2, 63(s8)
core   0: 3 0x80004c64 (0x03fc0383) x 7 0x00000000 mem 0x80020121
core   0: 0x80004c68 (0x00229a33) sll     s4, t0, sp
core   0: 3 0x80004c68 (0x00229a33) x20 0x00000000
core   0: 0x80004c6c (0x41d10433) sub     s0, sp, t4
core   0: 3 0x80004c6c (0x41d10433) x 8 0x80015171
core   0: 0x80004c70 (0x03fc4803) lbu     a6, 63(s8)
core   0: 3 0x80004c70 (0x03fc4803) x16 0x00000000 mem 0x80020121
core   0: 0x80004c74 (0x028c0fa3) sb      s0, 63(s8)
core   0: 3 0x80004c74 (0x028c0fa3) mem 0x80020121 0x71
core   0: 0x80004c78 (0x037c0fa3) sb      s7, 63(s8)
core   0: 3 0x80004c78 (0x037c0fa3) mem 0x80020121 0x0
core   0: 0x80004c7c (0x03fc0a83) lb      s5, 63(s8)
core   0: 3 0x80004c7c (0x03fc0a83) x21 0x00000000 mem 0x80020121
core   0: 0x80004c80 (0x0000854d) c.srai  a0, 19
core   0: 3 0x80004c80 (0x854d) x10 0x00000000
core   0: 0x80004c82 (0x5f8c0513) addi    a0, s8, 1528
core   0: 3 0x80004c82 (0x5f8c0513) x10 0x800206da
core   0: 0x80004c86 (0x02fc86b3) mul     a3, s9, a5
core   0: 3 0x80004c86 (0x02fc86b3) x13 0x00000000
core   0: 0x80004c8a (0x03fc0f83) lb      t6, 63(s8)
core   0: 3 0x80004c8a (0x03fc0f83) x31 0x00000000 mem 0x80020121
core   0: 0x80004c8e (0x02cc0fa3) sb      a2, 63(s8)
core   0: 3 0x80004c8e (0x02cc0fa3) mem 0x80020121 0x0
core   0: 0x80004c92 (0x02ac0fa3) sb      a0, 63(s8)
core   0: 3 0x80004c92 (0x02ac0fa3) mem 0x80020121 0xda
core   0: 0x80004c96 (0x03fc4083) lbu     ra, 63(s8)
core   0: 3 0x80004c96 (0x03fc4083) x 1 0x000000da mem 0x80020121
core   0: 0x80004c9a (0x03fc4c83) lbu     s9, 63(s8)
core   0: 3 0x80004c9a (0x03fc4c83) x25 0x000000da mem 0x80020121
core   0: 0x80004c9e (0x03fc4f83) lbu     t6, 63(s8)
core   0: 3 0x80004c9e (0x03fc4f83) x31 0x000000da mem 0x80020121
core   0: 0x80004ca2 (0x03fc4b03) lbu     s6, 63(s8)
core   0: 3 0x80004ca2 (0x03fc4b03) x22 0x000000da mem 0x80020121
core   0: 0x80004ca6 (0x03fc4083) lbu     ra, 63(s8)
core   0: 3 0x80004ca6 (0x03fc4083) x 1 0x000000da mem 0x80020121
core   0: 0x80004caa (0x03fc4903) lbu     s2, 63(s8)
core   0: 3 0x80004caa (0x03fc4903) x18 0x000000da mem 0x80020121
core   0: 0x80004cae (0x025c86b3) mul     a3, s9, t0
core   0: 3 0x80004cae (0x025c86b3) x13 0x00000000
core   0: 0x80004cb2 (0x03fc4503) lbu     a0, 63(s8)
core   0: 3 0x80004cb2 (0x03fc4503) x10 0x000000da mem 0x80020121
core   0: 0x80004cb6 (0x027c0fa3) sb      t2, 63(s8)
core   0: 3 0x80004cb6 (0x027c0fa3) mem 0x80020121 0x0
core   0: 0x80004cba (0x03fc0383) lb      t2, 63(s8)
core   0: 3 0x80004cba (0x03fc0383) x 7 0x00000000 mem 0x80020121
core   0: 0x80004cbe (0x03fc0a03) lb      s4, 63(s8)
core   0: 3 0x80004cbe (0x03fc0a03) x20 0x00000000 mem 0x80020121
core   0: 0x80004cc2 (0x025c0fa3) sb      t0, 63(s8)
core   0: 3 0x80004cc2 (0x025c0fa3) mem 0x80020121 0x0
core   0: 0x80004cc6 (0x0000e197) auipc   gp, 0xe
core   0: 3 0x80004cc6 (0x0000e197) x 3 0x80012cc6
core   0: 0x80004cca (0x46b18193) addi    gp, gp, 1131
core   0: 3 0x80004cca (0x46b18193) x 3 0x80013131
core   0: 0x80004cce (0xfcf18a83) lb      s5, -49(gp)
core   0: 3 0x80004cce (0xfcf18a83) x21 0x00000000 mem 0x80013100
core   0: 0x80004cd2 (0x0000eb97) auipc   s7, 0xe
core   0: 3 0x80004cd2 (0x0000eb97) x23 0x80012cd2
core   0: 0x80004cd6 (0x707b8b93) addi    s7, s7, 1799
core   0: 3 0x80004cd6 (0x707b8b93) x23 0x800133d9
core   0: 0x80004cda (0x0000e997) auipc   s3, 0xe
core   0: 3 0x80004cda (0x0000e997) x19 0x80012cda
core   0: 0x80004cde (0x4a898993) addi    s3, s3, 1192
core   0: 3 0x80004cde (0x4a898993) x19 0x80013182
core   0: 0x80004ce2 (0xfc4b8c83) lb      s9, -60(s7)
core   0: 3 0x80004ce2 (0xfc4b8c83) x25 0x00000000 mem 0x8001339d
core   0: 0x80004ce6 (0x0221c303) lbu     t1, 34(gp)
core   0: 3 0x80004ce6 (0x0221c303) x 6 0x00000000 mem 0x80013153
core   0: 0x80004cea (0xfc718223) sb      t2, -60(gp)
core   0: 3 0x80004cea (0xfc718223) mem 0x800130f5 0x0
core   0: 0x80004cee (0x2d0983a3) sb      a6, 711(s3)
core   0: 3 0x80004cee (0x2d0983a3) mem 0x80013449 0x0
core   0: 0x80004cf2 (0x7a198a03) lb      s4, 1953(s3)
core   0: 3 0x80004cf2 (0x7a198a03) x20 0x00000000 mem 0x80013923
core   0: 0x80004cf6 (0x010b8ea3) sb      a6, 29(s7)
core   0: 3 0x80004cf6 (0x010b8ea3) mem 0x800133f6 0x0
core   0: 0x80004cfa (0xfcdbcc03) lbu     s8, -51(s7)
core   0: 3 0x80004cfa (0xfcdbcc03) x24 0x00000000 mem 0x800133a6
core   0: 0x80004cfe (0x2f898d03) lb      s10, 760(s3)
core   0: 3 0x80004cfe (0x2f898d03) x26 0x00000000 mem 0x8001347a
core   0: 0x80004d02 (0x01d19ea3) sh      t4, 29(gp)
core   0: 3 0x80004d02 (0x01d19ea3) mem 0x8001314e 0x0000
core   0: 0x80004d06 (0x5949d503) lhu     a0, 1428(s3)
core   0: 3 0x80004d06 (0x5949d503) x10 0x00000000 mem 0x80013716
core   0: 0x80004d0a (0x68798923) sb      t2, 1682(s3)
core   0: 3 0x80004d0a (0x68798923) mem 0x80013814 0x0
core   0: 0x80004d0e (0xfd2bc883) lbu     a7, -46(s7)
core   0: 3 0x80004d0e (0xfd2bc883) x17 0x00000000 mem 0x800133ab
core   0: 0x80004d12 (0xfd41a5a3) sw      s4, -53(gp)
core   0: 3 0x80004d12 (0xfd41a5a3) mem 0x800130fc 0x00000000
core   0: 0x80004d16 (0xff218323) sb      s2, -26(gp)
core   0: 3 0x80004d16 (0xff218323) mem 0x80013117 0xda
core   0: 0x80004d1a (0xffdb8423) sb      t4, -24(s7)
core   0: 3 0x80004d1a (0xffdb8423) mem 0x800133c1 0x0
core   0: 0x80004d1e (0x06d98d83) lb      s11, 109(s3)
core   0: 3 0x80004d1e (0x06d98d83) x27 0x00000000 mem 0x800131ef
core   0: 0x80004d22 (0xfc618003) lb      zero, -58(gp)
core   0: 3 0x80004d22 (0xfc618003) mem 0x800130f7
core   0: 0x80004d26 (0x29999523) sh      s9, 650(s3)
core   0: 3 0x80004d26 (0x29999523) mem 0x8001340c 0x0000
core   0: 0x80004d2a (0x030b8b23) sb      a6, 54(s7)
core   0: 3 0x80004d2a (0x030b8b23) mem 0x8001340f 0x0
core   0: 0x80004d2e (0x03918ca3) sb      s9, 57(gp)
core   0: 3 0x80004d2e (0x03918ca3) mem 0x8001316a 0x0
core   0: 0x80004d32 (0x6109d083) lhu     ra, 1552(s3)
core   0: 3 0x80004d32 (0x6109d083) x 1 0x00000000 mem 0x80013792
core   0: 0x80004d36 (0x56a98ea3) sb      a0, 1405(s3)
core   0: 3 0x80004d36 (0x56a98ea3) mem 0x800136ff 0x0
core   0: 0x80004d3a (0xfffbc303) lbu     t1, -1(s7)
core   0: 3 0x80004d3a (0xfffbc303) x 6 0x00000000 mem 0x800133d8
core   0: 0x80004d3e (0x3f898623) sb      s8, 1004(s3)
core   0: 3 0x80004d3e (0x3f898623) mem 0x8001356e 0x0
core   0: 0x80004d42 (0x02bb8883) lb      a7, 43(s7)
core   0: 3 0x80004d42 (0x02bb8883) x17 0x00000000 mem 0x80013404
core   0: 0x80004d46 (0x0000f197) auipc   gp, 0xf
core   0: 3 0x80004d46 (0x0000f197) x 3 0x80013d46
core   0: 0x80004d4a (0xc0218193) addi    gp, gp, -1022
core   0: 3 0x80004d4a (0xc0218193) x 3 0x80013948
core   0: 0x80004d4e (0x10819903) lh      s2, 264(gp)
core   0: 3 0x80004d4e (0x10819903) x18 0x00000000 mem 0x80013a50
core   0: 0x80004d52 (0x10819783) lh      a5, 264(gp)
core   0: 3 0x80004d52 (0x10819783) x15 0x00000000 mem 0x80013a50
core   0: 0x80004d56 (0x1081de83) lhu     t4, 264(gp)
core   0: 3 0x80004d56 (0x1081de83) x29 0x00000000 mem 0x80013a50
core   0: 0x80004d5a (0x08b18a23) sb      a1, 148(gp)
core   0: 3 0x80004d5a (0x08b18a23) mem 0x800139dc 0xe4
core   0: 0x80004d5e (0xa9918a03) lb      s4, -1383(gp)
core   0: 3 0x80004d5e (0xa9918a03) x20 0x00000000 mem 0x800133e1
core   0: 0x80004d62 (0xa991cb03) lbu     s6, -1383(gp)
core   0: 3 0x80004d62 (0xa991cb03) x22 0x00000000 mem 0x800133e1
core   0: 0x80004d66 (0xa991c303) lbu     t1, -1383(gp)
core   0: 3 0x80004d66 (0xa991c303) x 6 0x00000000 mem 0x800133e1
core   0: 0x80004d6a (0x01aee633) or      a2, t4, s10
core   0: 3 0x80004d6a (0x01aee633) x12 0x00000000
core   0: 0x80004d6e (0xa9918683) lb      a3, -1383(gp)
core   0: 3 0x80004d6e (0xa9918683) x13 0x00000000 mem 0x800133e1
core   0: 0x80004d72 (0x00006849) c.lui   a6, 0x12
core   0: 3 0x80004d72 (0x6849) x16 0x00012000
core   0: 0x80004d74 (0xa991ce83) lbu     t4, -1383(gp)
core   0: 3 0x80004d74 (0xa991ce83) x29 0x00000000 mem 0x800133e1
core   0: 0x80004d78 (0x00008cc1) c.or    s1, s0
core   0: 3 0x80004d78 (0x8cc1) x 9 0x80015171
core   0: 0x80004d7a (0x56818483) lb      s1, 1384(gp)
core   0: 3 0x80004d7a (0x56818483) x 9 0x00000000 mem 0x80013eb0
core   0: 0x80004d7e (0xff4d2a93) slti    s5, s10, -12
core   0: 3 0x80004d7e (0xff4d2a93) x21 0x00000000
core   0: 0x80004d82 (0x57718423) sb      s7, 1384(gp)
core   0: 3 0x80004d82 (0x57718423) mem 0x80013eb0 0xd9
core   0: 0x80004d86 (0xd6d18803) lb      a6, -659(gp)
core   0: 3 0x80004d86 (0xd6d18803) x16 0x00000000 mem 0x800136b5
core   0: 0x80004d8a (0xacfcc913) xori    s2, s9, -1329
core   0: 3 0x80004d8a (0xacfcc913) x18 0xfffffacf
core   0: 0x80004d8e (0x00bdcbb3) xor     s7, s11, a1
core   0: 3 0x80004d8e (0x00bdcbb3) x23 0x8002cce4
core   0: 0x80004d92 (0xd7c186a3) sb      t3, -659(gp)
core   0: 3 0x80004d92 (0xd7c186a3) mem 0x800136b5 0x0
core   0: 0x80004d96 (0x6561de03) lhu     t3, 1622(gp)
core   0: 3 0x80004d96 (0x6561de03) x28 0x00000000 mem 0x80013f9e
core   0: 0x80004d9a (0x02d726b3) mulhsu  a3, a4, a3
core   0: 3 0x80004d9a (0x02d726b3) x13 0x00000000
core   0: 0x80004d9e (0xf7918fa3) sb      s9, -129(gp)
core   0: 3 0x80004d9e (0xf7918fa3) mem 0x800138c7 0x0
core   0: 0x80004da2 (0xf6718fa3) sb      t2, -129(gp)
core   0: 3 0x80004da2 (0xf6718fa3) mem 0x800138c7 0x0
core   0: 0x80004da6 (0xf7f1cb83) lbu     s7, -129(gp)
core   0: 3 0x80004da6 (0xf7f1cb83) x23 0x00000000 mem 0x800138c7
core   0: 0x80004daa (0x24018d03) lb      s10, 576(gp)
core   0: 3 0x80004daa (0x24018d03) x26 0x00000000 mem 0x80013b88
core   0: 0x80004dae (0x0000f097) auipc   ra, 0xf
core   0: 3 0x80004dae (0x0000f097) x 1 0x80013dae
core   0: 0x80004db2 (0x18b08093) addi    ra, ra, 395
core   0: 3 0x80004db2 (0x18b08093) x 1 0x80013f39
core   0: 0x80004db6 (0x0001bd97) auipc   s11, 0x1b
core   0: 3 0x80004db6 (0x0001bd97) x27 0x8001fdb6
core   0: 0x80004dba (0xcadd8d93) addi    s11, s11, -851
core   0: 3 0x80004dba (0xcadd8d93) x27 0x8001fa63
core   0: 0x80004dbe (0xf880cd03) lbu     s10, -120(ra)
core   0: 3 0x80004dbe (0xf880cd03) x26 0x00000000 mem 0x80013ec1
core   0: 0x80004dc2 (0x00ddde03) lhu     t3, 13(s11)
core   0: 3 0x80004dc2 (0x00ddde03) x28 0x00000000 mem 0x8001fa70
core   0: 0x80004dc6 (0xff208d23) sb      s2, -6(ra)
core   0: 3 0x80004dc6 (0xff208d23) mem 0x80013f33 0xcf
core   0: 0x80004dca (0x000dcf83) lbu     t6, 0(s11)
core   0: 3 0x80004dca (0x000dcf83) x31 0x00000000 mem 0x8001fa63
core   0: 0x80004dce (0x00dd8903) lb      s2, 13(s11)
core   0: 3 0x80004dce (0x00dd8903) x18 0x00000000 mem 0x8001fa70
core   0: 0x80004dd2 (0xfeb08183) lb      gp, -21(ra)
core   0: 3 0x80004dd2 (0xfeb08183) x 3 0x00000000 mem 0x80013f24
core   0: 0x80004dd6 (0xf4309e83) lh      t4, -189(ra)
core   0: 3 0x80004dd6 (0xf4309e83) x29 0x00000000 mem 0x80013e7c
core   0: 0x80004dda (0xfb509803) lh      a6, -75(ra)
core   0: 3 0x80004dda (0xfb509803) x16 0x00000000 mem 0x80013eee
core   0: 0x80004dde (0xff7dde03) lhu     t3, -9(s11)
core   0: 3 0x80004dde (0xff7dde03) x28 0x00000000 mem 0x8001fa5a
core   0: 0x80004de2 (0x007dc403) lbu     s0, 7(s11)
core   0: 3 0x80004de2 (0x007dc403) x 8 0x00000000 mem 0x8001fa6a
core   0: 0x80004de6 (0x07c08723) sb      t3, 110(ra)
core   0: 3 0x80004de6 (0x07c08723) mem 0x80013fa7 0x0
core   0: 0x80004dea (0xfb80c183) lbu     gp, -72(ra)
core   0: 3 0x80004dea (0xfb80c183) x 3 0x00000000 mem 0x80013ef1
core   0: 0x80004dee (0x06408183) lb      gp, 100(ra)
core   0: 3 0x80004dee (0x06408183) x 3 0x00000000 mem 0x80013f9d
core   0: 0x80004df2 (0x002d8683) lb      a3, 2(s11)
core   0: 3 0x80004df2 (0x002d8683) x13 0x00000000 mem 0x8001fa65
core   0: 0x80004df6 (0x0aa096a3) sh      a0, 173(ra)
core   0: 3 0x80004df6 (0x0aa096a3) mem 0x80013fe6 0x0000
core   0: 0x80004dfa (0xff0dcb83) lbu     s7, -16(s11)
core   0: 3 0x80004dfa (0xff0dcb83) x23 0x00000000 mem 0x8001fa53
core   0: 0x80004dfe (0x00fdcc83) lbu     s9, 15(s11)
core   0: 3 0x80004dfe (0x00fdcc83) x25 0x00000000 mem 0x8001fa72
core   0: 0x80004e02 (0x005d82a3) sb      t0, 5(s11)
core   0: 3 0x80004e02 (0x005d82a3) mem 0x8001fa68 0x0
core   0: 0x80004e06 (0xfd30a9a3) sw      s3, -45(ra)
core   0: 3 0x80004e06 (0xfd30a9a3) mem 0x80013f0c 0x80013182
core   0: 0x80004e0a (0x0001b117) auipc   sp, 0x1b
core   0: 3 0x80004e0a (0x0001b117) x 2 0x8001fe0a
core   0: 0x80004e0e (0x47110113) addi    sp, sp, 1137
core   0: 3 0x80004e0e (0x47110113) x 2 0x8002027b
core   0: 0x80004e12 (0x00008fbd) c.xor   a5, a5
core   0: 3 0x80004e12 (0x8fbd) x15 0x00000000
core   0: 0x80004e14 (0x00006ba5) c.lui   s7, 0x9
core   0: 3 0x80004e14 (0x6ba5) x23 0x00009000
core   0: 0x80004e16 (0x00000001) c.nop
core   0: 3 0x80004e16 (0x0001)
core   0: 0x80004e18 (0x076106a3) sb      s6, 109(sp)
core   0: 3 0x80004e18 (0x076106a3) mem 0x800202e8 0x0
core   0: 0x80004e1c (0xfd915f83) lhu     t6, -39(sp)
core   0: 3 0x80004e1c (0xfd915f83) x31 0x00000000 mem 0x80020254
core   0: 0x80004e20 (0x0f314d03) lbu     s10, 243(sp)
core   0: 3 0x80004e20 (0x0f314d03) x26 0x00000000 mem 0x8002036e
core   0: 0x80004e24 (0xf90122a3) sw      a6, -123(sp)
core   0: 3 0x80004e24 (0xf90122a3) mem 0x80020200 0x00000000
core   0: 0x80004e28 (0xf2c10183) lb      gp, -212(sp)
core   0: 3 0x80004e28 (0xf2c10183) x 3 0x00000000 mem 0x800201a7
core   0: 0x80004e2c (0x016f9793) slli    a5, t6, 22
core   0: 3 0x80004e2c (0x016f9793) x15 0x00000000
core   0: 0x80004e30 (0x0c711083) lh      ra, 199(sp)
core   0: 3 0x80004e30 (0x0c711083) x 1 0x00000000 mem 0x80020342
core   0: 0x80004e34 (0x01df5a33) srl     s4, t5, t4
core   0: 3 0x80004e34 (0x01df5a33) x20 0x80000000
core   0: 0x80004e38 (0x00008e39) c.xor   a2, a4
core   0: 3 0x80004e38 (0x8e39) x12 0x80028e64
core   0: 0x80004e3a (0x03e10783) lb      a5, 62(sp)
core   0: 3 0x80004e3a (0x03e10783) x15 0x00000000 mem 0x800202b9
core   0: 0x80004e3e (0x06e14203) lbu     tp, 110(sp)
core   0: 3 0x80004e3e (0x06e14203) x 4 0x00000000 mem 0x800202e9
core   0: 0x80004e42 (0x016627b3) slt     a5, a2, s6
core   0: 3 0x80004e42 (0x016627b3) x15 0x00000001
core   0: 0x80004e46 (0xfc310c83) lb      s9, -61(sp)
core   0: 3 0x80004e46 (0xfc310c83) x25 0x00000000 mem 0x8002023e
core   0: 0x80004e4a (0x47103513) sltiu   a0, zero, 1137
core   0: 3 0x80004e4a (0x47103513) x10 0x00000001
core   0: 0x80004e4e (0xf1c14783) lbu     a5, -228(sp)
core   0: 3 0x80004e4e (0xf1c14783) x15 0x00000000 mem 0x80020197
core   0: 0x80004e52 (0xfaa10903) lb      s2, -86(sp)
core   0: 3 0x80004e52 (0xfaa10903) x18 0x00000000 mem 0x80020225
core   0: 0x80004e56 (0x08410b83) lb      s7, 132(sp)
core   0: 3 0x80004e56 (0x08410b83) x23 0x00000000 mem 0x800202ff
core   0: 0x80004e5a (0xf3310903) lb      s2, -205(sp)
core   0: 3 0x80004e5a (0xf3310903) x18 0x00000000 mem 0x800201ae
core   0: 0x80004e5e (0x07014383) lbu     t2, 112(sp)
core   0: 3 0x80004e5e (0x07014383) x 7 0x00000000 mem 0x800202eb
core   0: 0x80004e62 (0x00009bfd) c.andi  a5, -1
core   0: 3 0x80004e62 (0x9bfd) x15 0x00000000
core   0: 0x80004e64 (0x00008e36) c.mv    t3, a3
core   0: 3 0x80004e64 (0x8e36) x28 0x00000000
core   0: 0x80004e66 (0x00009bfd) c.andi  a5, -1
core   0: 3 0x80004e66 (0x9bfd) x15 0x00000000
core   0: 0x80004e68 (0x02142433) mulhsu  s0, s0, ra
core   0: 3 0x80004e68 (0x02142433) x 8 0x00000000
core   0: 0x80004e6c (0x0ef126a3) sw      a5, 237(sp)
core   0: 3 0x80004e6c (0x0ef126a3) mem 0x80020368 0x00000000
core   0: 0x80004e70 (0x01dd3333) sltu    t1, s10, t4
core   0: 3 0x80004e70 (0x01dd3333) x 6 0x00000000
core   0: 0x80004e74 (0x09a14083) lbu     ra, 154(sp)
core   0: 3 0x80004e74 (0x09a14083) x 1 0x00000000 mem 0x80020315
core   0: 0x80004e78 (0x09c14c83) lbu     s9, 156(sp)
core   0: 3 0x80004e78 (0x09c14c83) x25 0x00000000 mem 0x80020317
core   0: 0x80004e7c (0x00006335) c.lui   t1, 0xd
core   0: 3 0x80004e7c (0x6335) x 6 0x0000d000
core   0: 0x80004e7e (0x0a214503) lbu     a0, 162(sp)
core   0: 3 0x80004e7e (0x0a214503) x10 0x00000000 mem 0x8002031d
core   0: 0x80004e82 (0x031a3d33) mulhu   s10, s4, a7
core   0: 3 0x80004e82 (0x031a3d33) x26 0x00000000
core   0: 0x80004e86 (0x03baddb3) divu    s11, s5, s11
core   0: 3 0x80004e86 (0x03baddb3) x27 0x00000000
core   0: 0x80004e8a (0x0ff0000f) fence   iorw,iorw
core   0: 3 0x80004e8a (0x0ff0000f)
core   0: 0x80004e8e (0x0a610723) sb      t1, 174(sp)
core   0: 3 0x80004e8e (0x0a610723) mem 0x80020329 0x0
core   0: 0x80004e92 (0x0000964e) c.add   a2, s3
core   0: 3 0x80004e92 (0x964e) x12 0x0003bfe6
core   0: 0x80004e94 (0xf8614603) lbu     a2, -122(sp)
core   0: 3 0x80004e94 (0xf8614603) x12 0x00000000 mem 0x80020201
core   0: 0x80004e98 (0x0c3113a3) sh      gp, 199(sp)
core   0: 3 0x80004e98 (0x0c3113a3) mem 0x80020342 0x0000
core   0: 0x80004e9c (0x07acf893) andi    a7, s9, 122
core   0: 3 0x80004e9c (0x07acf893) x17 0x00000000
core   0: 0x80004ea0 (0x0b714783) lbu     a5, 183(sp)
core   0: 3 0x80004ea0 (0x0b714783) x15 0x00000000 mem 0x80020332
core   0: 0x80004ea4 (0x00000001) c.nop
core   0: 3 0x80004ea4 (0x0001)
core   0: 0x80004ea6 (0xfba10c23) sb      s10, -72(sp)
core   0: 3 0x80004ea6 (0xfba10c23) mem 0x80020233 0x0
core   0: 0x80004eaa (0x0377ba33) mulhu   s4, a5, s7
core   0: 3 0x80004eaa (0x0377ba33) x20 0x00000000
core   0: 0x80004eae (0x02c55433) divu    s0, a0, a2
core   0: 3 0x80004eae (0x02c55433) x 8 0xffffffff
core   0: 0x80004eb2 (0xf6014183) lbu     gp, -160(sp)
core   0: 3 0x80004eb2 (0xf6014183) x 3 0x00000000 mem 0x800201db
core   0: 0x80004eb6 (0x035f4d33) div     s10, t5, s5
core   0: 3 0x80004eb6 (0x035f4d33) x26 0xffffffff
core   0: 0x80004eba (0xfd115183) lhu     gp, -47(sp)
core   0: 3 0x80004eba (0xfd115183) x 3 0x00000000 mem 0x8002024c
core   0: 0x80004ebe (0x0e510d83) lb      s11, 229(sp)
core   0: 3 0x80004ebe (0x0e510d83) x27 0x00000000 mem 0x80020360
core   0: 0x80004ec2 (0x8be32513) slti    a0, t1, -1858
core   0: 3 0x80004ec2 (0x8be32513) x10 0x00000000
core   0: 0x80004ec6 (0x0137c8b3) xor     a7, a5, s3
core   0: 3 0x80004ec6 (0x0137c8b3) x17 0x80013182
core   0: 0x80004eca (0xfd0102a3) sb      a6, -59(sp)
core   0: 3 0x80004eca (0xfd0102a3) mem 0x80020240 0x0
core   0: 0x80004ece (0x03410923) sb      s4, 50(sp)
core   0: 3 0x80004ece (0x03410923) mem 0x800202ad 0x0
core   0: 0x80004ed2 (0xf8010d23) sb      zero, -102(sp)
core   0: 3 0x80004ed2 (0xf8010d23) mem 0x80020215 0x0
core   0: 0x80004ed6 (0xb3218517) auipc   a0, 0xb3218
core   0: 3 0x80004ed6 (0xb3218517) x10 0x3321ced6
core   0: 0x80004eda (0x00008e25) c.xor   a2, s1
core   0: 3 0x80004eda (0x8e25) x12 0x00000000
core   0: 0x80004edc (0x01810aa3) sb      s8, 21(sp)
core   0: 3 0x80004edc (0x01810aa3) mem 0x80020290 0x0
core   0: 0x80004ee0 (0x0000f197) auipc   gp, 0xf
core   0: 3 0x80004ee0 (0x0000f197) x 3 0x80013ee0
core   0: 0x80004ee4 (0xb7418193) addi    gp, gp, -1164
core   0: 3 0x80004ee4 (0xb7418193) x 3 0x80013a54
core   0: 0x80004ee8 (0xfc718203) lb      tp, -57(gp)
core   0: 3 0x80004ee8 (0xfc718203) x 4 0x00000000 mem 0x80013a1b
core   0: 0x80004eec (0x02649eb3) mulh    t4, s1, t1
core   0: 3 0x80004eec (0x02649eb3) x29 0x00000000
core   0: 0x80004ef0 (0x2045b813) sltiu   a6, a1, 516
core   0: 3 0x80004ef0 (0x2045b813) x16 0x00000000
core   0: 0x80004ef4 (0xffe19c23) sh      t5, -8(gp)
core   0: 3 0x80004ef4 (0xffe19c23) mem 0x80013a4c 0x0000
core   0: 0x80004ef8 (0x00365f93) srli    t6, a2, 3
core   0: 3 0x80004ef8 (0x00365f93) x31 0x00000000
core   0: 0x80004efc (0x01a33fb3) sltu    t6, t1, s10
core   0: 3 0x80004efc (0x01a33fb3) x31 0x00000001
core   0: 0x80004f00 (0x57bdf817) auipc   a6, 0x57bdf
core   0: 3 0x80004f00 (0x57bdf817) x16 0xd7be3f00
core   0: 0x80004f04 (0x00118483) lb      s1, 1(gp)
core   0: 3 0x80004f04 (0x00118483) x 9 0x00000000 mem 0x80013a55
core   0: 0x80004f08 (0x0101c603) lbu     a2, 16(gp)
core   0: 3 0x80004f08 (0x0101c603) x12 0x00000000 mem 0x80013a64
core   0: 0x80004f0c (0x00008fa5) c.xor   a5, s1
core   0: 3 0x80004f0c (0x8fa5) x15 0x00000000
core   0: 0x80004f0e (0x0391ce83) lbu     t4, 57(gp)
core   0: 3 0x80004f0e (0x0391ce83) x29 0x00000000 mem 0x80013a8d
core   0: 0x80004f12 (0x03318ca3) sb      s3, 57(gp)
core   0: 3 0x80004f12 (0x03318ca3) mem 0x80013a8d 0x82
core   0: 0x80004f16 (0xfdf1a823) sw      t6, -48(gp)
core   0: 3 0x80004f16 (0xfdf1a823) mem 0x80013a24 0x00000001
core   0: 0x80004f1a (0x00000001) c.nop
core   0: 3 0x80004f1a (0x0001)
core   0: 0x80004f1c (0xff81d403) lhu     s0, -8(gp)
core   0: 3 0x80004f1c (0xff81d403) x 8 0x00000000 mem 0x80013a4c
core   0: 0x80004f20 (0x00001a80) c.addi4spn s0, sp, 368
core   0: 3 0x80004f20 (0x1a80) x 8 0x800203eb
core   0: 0x80004f22 (0xfdb18623) sb      s11, -52(gp)
core   0: 3 0x80004f22 (0xfdb18623) mem 0x80013a20 0x0
core   0: 0x80004f26 (0xfee186a3) sb      a4, -19(gp)
core   0: 3 0x80004f26 (0xfee186a3) mem 0x80013a41 0x64
core   0: 0x80004f2a (0xfda18b03) lb      s6, -38(gp)
core   0: 3 0x80004f2a (0xfda18b03) x22 0x00000000 mem 0x80013a2e
core   0: 0x80004f2e (0x41f68fb3) sub     t6, a3, t6
core   0: 3 0x80004f2e (0x41f68fb3) x31 0xffffffff
core   0: 0x80004f32 (0x02931433) mulh    s0, t1, s1
core   0: 3 0x80004f32 (0x02931433) x 8 0x00000000
core   0: 0x80004f36 (0x030c8233) mul     tp, s9, a6
core   0: 3 0x80004f36 (0x030c8233) x 4 0x00000000
core   0: 0x80004f3a (0x90e25937) lui     s2, 0x90e25
core   0: 3 0x80004f3a (0x90e25937) x18 0x90e25000
core   0: 0x80004f3e (0x6ce9e693) ori     a3, s3, 1742
core   0: 3 0x80004f3e (0x6ce9e693) x13 0x800137ce
core   0: 0x80004f42 (0xfe81a403) lw      s0, -24(gp)
core   0: 3 0x80004f42 (0xfe81a403) x 8 0x00000000 mem 0x80013a3c
core   0: 0x80004f46 (0x03960633) mul     a2, a2, s9
core   0: 3 0x80004f46 (0x03960633) x12 0x00000000
core   0: 0x80004f4a (0x02615033) divu    zero, sp, t1
core   0: 3 0x80004f4a (0x02615033)
core   0: 0x80004f4e (0x03819383) lh      t2, 56(gp)
core   0: 3 0x80004f4e (0x03819383) x 7 0xffff8200 mem 0x80013a8c
core   0: 0x80004f52 (0x0121c983) lbu     s3, 18(gp)
core   0: 3 0x80004f52 (0x0121c983) x19 0x00000000 mem 0x80013a66
core   0: 0x80004f56 (0x00008cbd) c.xor   s1, a5
core   0: 3 0x80004f56 (0x8cbd) x 9 0x00000000
core   0: 0x80004f58 (0x00006de1) c.lui   s11, 0x18
core   0: 3 0x80004f58 (0x6de1) x27 0x00018000
core   0: 0x80004f5a (0x02e18103) lb      sp, 46(gp)
core   0: 3 0x80004f5a (0x02e18103) x 2 0x00000000 mem 0x80013a82
core   0: 0x80004f5e (0x0ff0000f) fence   iorw,iorw
core   0: 3 0x80004f5e (0x0ff0000f)
core   0: 0x80004f62 (0x00318ba3) sb      gp, 23(gp)
core   0: 3 0x80004f62 (0x00318ba3) mem 0x80013a6b 0x54
core   0: 0x80004f66 (0x02818c03) lb      s8, 40(gp)
core   0: 3 0x80004f66 (0x02818c03) x24 0x00000000 mem 0x80013a7c
core   0: 0x80004f6a (0x0343a4b3) mulhsu  s1, t2, s4
core   0: 3 0x80004f6a (0x0343a4b3) x 9 0x00000000
core   0: 0x80004f6e (0x02419723) sh      tp, 46(gp)
core   0: 3 0x80004f6e (0x02419723) mem 0x80013a82 0x0000
core   0: 0x80004f72 (0xfd11ca03) lbu     s4, -47(gp)
core   0: 3 0x80004f72 (0xfd11ca03) x20 0x00000000 mem 0x80013a25
core   0: 0x80004f76 (0xb8477ab7) lui     s5, 0xb8477
core   0: 3 0x80004f76 (0xb8477ab7) x21 0xb8477000
core   0: 0x80004f7a (0x03d18803) lb      a6, 61(gp)
core   0: 3 0x80004f7a (0x03d18803) x16 0x00000000 mem 0x80013a91
core   0: 0x80004f7e (0xe4752e13) slti    t3, a0, -441
core   0: 3 0x80004f7e (0xe4752e13) x28 0x00000000
core   0: 0x80004f82 (0x0011c303) lbu     t1, 1(gp)
core   0: 3 0x80004f82 (0x0011c303) x 6 0x00000000 mem 0x80013a55
core   0: 0x80004f86 (0x00b18503) lb      a0, 11(gp)
core   0: 3 0x80004f86 (0x00b18503) x10 0x00000000 mem 0x80013a5f
core   0: 0x80004f8a (0x02de7333) remu    t1, t3, a3
core   0: 3 0x80004f8a (0x02de7333) x 6 0x00000000
core   0: 0x80004f8e (0xfc01c803) lbu     a6, -64(gp)
core   0: 3 0x80004f8e (0xfc01c803) x16 0x000000e4 mem 0x80013a14
core   0: 0x80004f92 (0x00010817) auipc   a6, 0x10
core   0: 3 0x80004f92 (0x00010817) x16 0x80014f92
core   0: 0x80004f96 (0x8bd80813) addi    a6, a6, -1859
core   0: 3 0x80004f96 (0x8bd80813) x16 0x8001484f
core   0: 0x80004f9a (0x00d80903) lb      s2, 13(a6)
core   0: 3 0x80004f9a (0x00d80903) x18 0x00000000 mem 0x8001485c
core   0: 0x80004f9e (0x00a80823) sb      a0, 16(a6)
core   0: 3 0x80004f9e (0x00a80823) mem 0x8001485f 0x0
core   0: 0x80004fa2 (0x0000ee17) auipc   t3, 0xe
core   0: 3 0x80004fa2 (0x0000ee17) x28 0x80012fa2
core   0: 0x80004fa6 (0x32fe0e13) addi    t3, t3, 815
core   0: 3 0x80004fa6 (0x32fe0e13) x28 0x800132d1
core   0: 0x80004faa (0x013807a3) sb      s3, 15(a6)
core   0: 3 0x80004faa (0x013807a3) mem 0x8001485e 0x0
core   0: 0x80004fae (0x5dae4a03) lbu     s4, 1498(t3)
core   0: 3 0x80004fae (0x5dae4a03) x20 0x00000000 mem 0x800138ab
core   0: 0x80004fb2 (0xffe80083) lb      ra, -2(a6)
core   0: 3 0x80004fb2 (0xffe80083) x 1 0x00000000 mem 0x8001484d
core   0: 0x80004fb6 (0x221e0c23) sb      ra, 568(t3)
core   0: 3 0x80004fb6 (0x221e0c23) mem 0x80013509 0x0
core   0: 0x80004fba (0xfe980ea3) sb      s1, -3(a6)
core   0: 3 0x80004fba (0xfe980ea3) mem 0x8001484c 0x0
core   0: 0x80004fbe (0x00984a83) lbu     s5, 9(a6)
core   0: 3 0x80004fbe (0x00984a83) x21 0x00000000 mem 0x80014858
core   0: 0x80004fc2 (0xff385883) lhu     a7, -13(a6)
core   0: 3 0x80004fc2 (0xff385883) x17 0x00000000 mem 0x80014842
core   0: 0x80004fc6 (0xefde4983) lbu     s3, -259(t3)
core   0: 3 0x80004fc6 (0xefde4983) x19 0x00000000 mem 0x800131ce
core   0: 0x80004fca (0x63be10a3) sh      s11, 1569(t3)
core   0: 3 0x80004fca (0x63be10a3) mem 0x800138f2 0x8000
core   0: 0x80004fce (0x01a812a3) sh      s10, 5(a6)
core   0: 3 0x80004fce (0x01a812a3) mem 0x80014854 0xffff
core   0: 0x80004fd2 (0xff480d03) lb      s10, -12(a6)
core   0: 3 0x80004fd2 (0xff480d03) x26 0x00000000 mem 0x80014843
core   0: 0x80004fd6 (0x6e7e5d03) lhu     s10, 1767(t3)
core   0: 3 0x80004fd6 (0x6e7e5d03) x26 0x00000000 mem 0x800139b8
core   0: 0x80004fda (0xff884303) lbu     t1, -8(a6)
core   0: 3 0x80004fda (0xff884303) x 6 0x00000000 mem 0x80014847
core   0: 0x80004fde (0x263e1903) lh      s2, 611(t3)
core   0: 3 0x80004fde (0x263e1903) x18 0x00000000 mem 0x80013534
core   0: 0x80004fe2 (0x0000e197) auipc   gp, 0xe
core   0: 3 0x80004fe2 (0x0000e197) x 3 0x80012fe2
core   0: 0x80004fe6 (0x13c18193) addi    gp, gp, 316
core   0: 3 0x80004fe6 (0x13c18193) x 3 0x8001311e
core   0: 0x80004fea (0x0001e897) auipc   a7, 0x1e
core   0: 3 0x80004fea (0x0001e897) x17 0x80022fea
core   0: 0x80004fee (0x9c388893) addi    a7, a7, -1597
core   0: 3 0x80004fee (0x9c388893) x17 0x800229ad
core   0: 0x80004ff2 (0xfe518aa3) sb      t0, -11(gp)
core   0: 3 0x80004ff2 (0xfe518aa3) mem 0x80013113 0x0
core   0: 0x80004ff6 (0x94688ea3) sb      t1, -1699(a7)
core   0: 3 0x80004ff6 (0x94688ea3) mem 0x8002230a 0x0
core   0: 0x80004ffa (0xfe419823) sh      tp, -16(gp)
core   0: 3 0x80004ffa (0xfe419823) mem 0x8001310e 0x0000
core   0: 0x80004ffe (0x0011cf83) lbu     t6, 1(gp)
core   0: 3 0x80004ffe (0x0011cf83) x31 0x00000000 mem 0x8001311f
core   0: 0x80005002 (0x80b8aa03) lw      s4, -2037(a7)
core   0: 3 0x80005002 (0x80b8aa03) x20 0x00000000 mem 0x800221b8
core   0: 0x80005006 (0x6fb8d903) lhu     s2, 1787(a7)
core   0: 3 0x80005006 (0x6fb8d903) x18 0x00000000 mem 0x800230a8
core   0: 0x8000500a (0xd3d88823) sb      t4, -720(a7)
core   0: 3 0x8000500a (0xd3d88823) mem 0x800226dd 0x0
core   0: 0x8000500e (0xfe518ba3) sb      t0, -9(gp)
core   0: 3 0x8000500e (0xfe518ba3) mem 0x80013115 0x0
core   0: 0x80005012 (0x0021c403) lbu     s0, 2(gp)
core   0: 3 0x80005012 (0x0021c403) x 8 0x00000000 mem 0x80013120
core   0: 0x80005016 (0xafb889a3) sb      s11, -1293(a7)
core   0: 3 0x80005016 (0xafb889a3) mem 0x800224a0 0x0
core   0: 0x8000501a (0xff518103) lb      sp, -11(gp)
core   0: 3 0x8000501a (0xff518103) x 2 0x00000000 mem 0x80013113
core   0: 0x8000501e (0x00a1de03) lhu     t3, 10(gp)
core   0: 3 0x8000501e (0x00a1de03) x28 0x00000000 mem 0x80013128
core   0: 0x80005022 (0xef38d983) lhu     s3, -269(a7)
core   0: 3 0x80005022 (0xef38d983) x19 0x00000000 mem 0x800228a0
core   0: 0x80005026 (0x7de88503) lb      a0, 2014(a7)
core   0: 3 0x80005026 (0x7de88503) x10 0x00000000 mem 0x8002318b
core   0: 0x8000502a (0x000185a3) sb      zero, 11(gp)
core   0: 3 0x8000502a (0x000185a3) mem 0x80013129 0x0
core   0: 0x8000502e (0xfe088c83) lb      s9, -32(a7)
core   0: 3 0x8000502e (0xfe088c83) x25 0x00000000 mem 0x8002298d
core   0: 0x80005032 (0xffe1a983) lw      s3, -2(gp)
core   0: 3 0x80005032 (0xffe1a983) x19 0x00000000 mem 0x8001311c
core   0: 0x80005036 (0x0000f117) auipc   sp, 0xf
core   0: 3 0x80005036 (0x0000f117) x 2 0x80014036
core   0: 0x8000503a (0x12210113) addi    sp, sp, 290
core   0: 3 0x8000503a (0x12210113) x 2 0x80014158
core   0: 0x8000503e (0x00710803) lb      a6, 7(sp)
core   0: 3 0x8000503e (0x00710803) x16 0x00000000 mem 0x8001415f
core   0: 0x80005042 (0x00008d2d) c.xor   a0, a1
core   0: 3 0x80005042 (0x8d2d) x10 0x8002cce4
core   0: 0x80005044 (0xff012683) lw      a3, -16(sp)
core   0: 3 0x80005044 (0xff012683) x13 0x00000000 mem 0x80014148
core   0: 0x80005048 (0x0179c033) xor     zero, s3, s7
core   0: 3 0x80005048 (0x0179c033)
core   0: 0x8000504c (0x00d10c83) lb      s9, 13(sp)
core   0: 3 0x8000504c (0x00d10c83) x25 0x00000000 mem 0x80014165
core   0: 0x80005050 (0x00910b03) lb      s6, 9(sp)
core   0: 3 0x80005050 (0x00910b03) x22 0x00000051 mem 0x80014161
core   0: 0x80005054 (0x000087de) c.mv    a5, s7
core   0: 3 0x80005054 (0x87de) x15 0x00000000
core   0: 0x80005056 (0x00211a03) lh      s4, 2(sp)
core   0: 3 0x80005056 (0x00211a03) x20 0x00000000 mem 0x8001415a
core   0: 0x8000505a (0xff411a83) lh      s5, -12(sp)
core   0: 3 0x8000505a (0xff411a83) x21 0x00000000 mem 0x8001414c
core   0: 0x8000505e (0xff415003) lhu     zero, -12(sp)
core   0: 3 0x8000505e (0xff415003) mem 0x8001414c
core   0: 0x80005062 (0x54751437) lui     s0, 0x54751
core   0: 3 0x80005062 (0x54751437) x 8 0x54751000
core   0: 0x80005066 (0x02c85933) divu    s2, a6, a2
core   0: 3 0x80005066 (0x02c85933) x18 0xffffffff
core   0: 0x8000506a (0x00008635) c.srai  a2, 13
core   0: 3 0x8000506a (0x8635) x12 0x00000000
core   0: 0x8000506c (0x00110883) lb      a7, 1(sp)
core   0: 3 0x8000506c (0x00110883) x17 0x00000000 mem 0x80014159
core   0: 0x80005070 (0xfe512823) sw      t0, -16(sp)
core   0: 3 0x80005070 (0xfe512823) mem 0x80014148 0x00000000
core   0: 0x80005074 (0x0ff0000f) fence   iorw,iorw
core   0: 3 0x80005074 (0x0ff0000f)
core   0: 0x80005078 (0x00314c03) lbu     s8, 3(sp)
core   0: 3 0x80005078 (0x00314c03) x24 0x00000000 mem 0x8001415b
core   0: 0x8000507c (0x00004622) c.lwsp  a2, 8(sp)
core   0: 3 0x8000507c (0x4622) x12 0x00005141 mem 0x80014160
core   0: 0x8000507e (0x0000fc97) auipc   s9, 0xf
core   0: 3 0x8000507e (0x0000fc97) x25 0x8001407e
core   0: 0x80005082 (0xcf8c8c93) addi    s9, s9, -776
core   0: 3 0x80005082 (0xcf8c8c93) x25 0x80013d76
core   0: 0x80005086 (0x5c89c393) xori    t2, s3, 1480
core   0: 3 0x80005086 (0x5c89c393) x 7 0x000005c8
core   0: 0x8000508a (0x14cc8003) lb      zero, 332(s9)
core   0: 3 0x8000508a (0x14cc8003) mem 0x80013ec2
core   0: 0x8000508e (0x14ccd803) lhu     a6, 332(s9)
core   0: 3 0x8000508e (0x14ccd803) x16 0x00000000 mem 0x80013ec2
core   0: 0x80005092 (0x14cc8e03) lb      t3, 332(s9)
core   0: 3 0x80005092 (0x14cc8e03) x28 0x00000000 mem 0x80013ec2
core   0: 0x80005096 (0xd12cc003) lbu     zero, -750(s9)
core   0: 3 0x80005096 (0xd12cc003) mem 0x80013a88
core   0: 0x8000509a (0xd4ac9c23) sh      a0, -680(s9)
core   0: 3 0x8000509a (0xd4ac9c23) mem 0x80013ace 0xcce4
core   0: 0x8000509e (0x000080bd) c.srli  s1, 15
core   0: 3 0x8000509e (0x80bd) x 9 0x00000000
core   0: 0x800050a0 (0xd42c9c23) sh      sp, -680(s9)
core   0: 3 0x800050a0 (0xd42c9c23) mem 0x80013ace 0x4158
core   0: 0x800050a4 (0x214c8603) lb      a2, 532(s9)
core   0: 3 0x800050a4 (0x214c8603) x12 0x00000000 mem 0x80013f8a
core   0: 0x800050a8 (0x00008ce5) c.and   s1, s1
core   0: 3 0x800050a8 (0x8ce5) x 9 0x00000000
core   0: 0x800050aa (0x86fc8403) lb      s0, -1937(s9)
core   0: 3 0x800050aa (0x86fc8403) x 8 0x00000000 mem 0x800135e5
core   0: 0x800050ae (0x863c87a3) sb      gp, -1937(s9)
core   0: 3 0x800050ae (0x863c87a3) mem 0x800135e5 0x1e
core   0: 0x800050b2 (0x00008165) c.srli  a0, 25
core   0: 3 0x800050b2 (0x8165) x10 0x00000040
core   0: 0x800050b4 (0x263c8ca3) sb      gp, 633(s9)
core   0: 3 0x800050b4 (0x263c8ca3) mem 0x80013fef 0x1e
core   0: 0x800050b8 (0x275c8ca3) sb      s5, 633(s9)
core   0: 3 0x800050b8 (0x275c8ca3) mem 0x80013fef 0x0
core   0: 0x800050bc (0x15cc8e03) lb      t3, 348(s9)
core   0: 3 0x800050bc (0x15cc8e03) x28 0x00000000 mem 0x80013ed2
core   0: 0x800050c0 (0x011d5393) srli    t2, s10, 17
core   0: 3 0x800050c0 (0x011d5393) x 7 0x00000000
core   0: 0x800050c4 (0x15ccd103) lhu     sp, 348(s9)
core   0: 3 0x800050c4 (0x15ccd103) x 2 0x00000000 mem 0x80013ed2
core   0: 0x800050c8 (0x0000127d) c.addi  tp, -1
core   0: 3 0x800050c8 (0x127d) x 4 0xffffffff
core   0: 0x800050ca (0x15cc8a03) lb      s4, 348(s9)
core   0: 3 0x800050ca (0x15cc8a03) x20 0x00000000 mem 0x80013ed2
core   0: 0x800050ce (0x952cc883) lbu     a7, -1710(s9)
core   0: 3 0x800050ce (0x952cc883) x17 0x00000000 mem 0x800136c8
core   0: 0x800050d2 (0x01c00d33) add     s10, zero, t3
core   0: 3 0x800050d2 (0x01c00d33) x26 0x00000000
core   0: 0x800050d6 (0xdf4c9823) sh      s4, -528(s9)
core   0: 3 0x800050d6 (0xdf4c9823) mem 0x80013b66 0x0000
core   0: 0x800050da (0xdf0c8903) lb      s2, -528(s9)
core   0: 3 0x800050da (0xdf0c8903) x18 0x00000000 mem 0x80013b66
core   0: 0x800050de (0x0000ea17) auipc   s4, 0xe
core   0: 3 0x800050de (0x0000ea17) x20 0x800130de
core   0: 0x800050e2 (0x417a0a13) addi    s4, s4, 1047
core   0: 3 0x800050e2 (0x417a0a13) x20 0x800134f5
core   0: 0x800050e6 (0x00ca0823) sb      a2, 16(s4)
core   0: 3 0x800050e6 (0x00ca0823) mem 0x80013505 0x0
core   0: 0x800050ea (0x000a0b03) lb      s6, 0(s4)
core   0: 3 0x800050ea (0x000a0b03) x22 0x00000000 mem 0x800134f5
core   0: 0x800050ee (0xd1689e97) auipc   t4, 0xd1689
core   0: 3 0x800050ee (0xd1689e97) x29 0x5168e0ee
core   0: 0x800050f2 (0x016a5e93) srli    t4, s4, 22
core   0: 3 0x800050f2 (0x016a5e93) x29 0x00000200
core   0: 0x800050f6 (0xff4a0783) lb      a5, -12(s4)
core   0: 3 0x800050f6 (0xff4a0783) x15 0x00000000 mem 0x800134e9
core   0: 0x800050fa (0x0000032e) c.slli  t1, 11
core   0: 3 0x800050fa (0x032e) x 6 0x00000000
core   0: 0x800050fc (0x00ea0c03) lb      s8, 14(s4)
core   0: 3 0x800050fc (0x00ea0c03) x24 0x00000000 mem 0x80013503
core   0: 0x80005100 (0xffca0303) lb      t1, -4(s4)
core   0: 3 0x80005100 (0xffca0303) x 6 0x00000000 mem 0x800134f1
core   0: 0x80005104 (0xffea0283) lb      t0, -2(s4)
core   0: 3 0x80005104 (0xffea0283) x 5 0x00000000 mem 0x800134f3
core   0: 0x80005108 (0xff8a4d03) lbu     s10, -8(s4)
core   0: 3 0x80005108 (0xff8a4d03) x26 0x00000000 mem 0x800134ed
core   0: 0x8000510c (0x01cc2ab3) slt     s5, s8, t3
core   0: 3 0x8000510c (0x01cc2ab3) x21 0x00000000
core   0: 0x80005110 (0x00da5903) lhu     s2, 13(s4)
core   0: 3 0x80005110 (0x00da5903) x18 0x00000000 mem 0x80013502
core   0: 0x80005114 (0xffda1003) lh      zero, -3(s4)
core   0: 3 0x80005114 (0xffda1003) mem 0x800134f2
core   0: 0x80005118 (0x01ba0623) sb      s11, 12(s4)
core   0: 3 0x80005118 (0x01ba0623) mem 0x80013501 0x0
core   0: 0x8000511c (0x03b711b3) mulh    gp, a4, s11
core   0: 3 0x8000511c (0x03b711b3) x 3 0xffff4003
core   0: 0x80005120 (0x030131b3) mulhu   gp, sp, a6
core   0: 3 0x80005120 (0x030131b3) x 3 0x00000000
core   0: 0x80005124 (0x0060e2b3) or      t0, ra, t1
core   0: 3 0x80005124 (0x0060e2b3) x 5 0x00000000
core   0: 0x80005128 (0xff5a0503) lb      a0, -11(s4)
core   0: 3 0x80005128 (0xff5a0503) x10 0x00000000 mem 0x800134ea
core   0: 0x8000512c (0x0000e117) auipc   sp, 0xe
core   0: 3 0x8000512c (0x0000e117) x 2 0x8001312c
core   0: 0x80005130 (0x12c10113) addi    sp, sp, 300
core   0: 3 0x80005130 (0x12c10113) x 2 0x80013258
core   0: 0x80005134 (0x3c211303) lh      t1, 962(sp)
core   0: 3 0x80005134 (0x3c211303) x 6 0x00000000 mem 0x8001361a
core   0: 0x80005138 (0x00495813) srli    a6, s2, 4
core   0: 3 0x80005138 (0x00495813) x16 0x00000000
core   0: 0x8000513c (0x3c210b03) lb      s6, 962(sp)
core   0: 3 0x8000513c (0x3c210b03) x22 0x00000000 mem 0x8001361a
core   0: 0x80005140 (0x0075d8b3) srl     a7, a1, t2
core   0: 3 0x80005140 (0x0075d8b3) x17 0x8002cce4
core   0: 0x80005144 (0xb4d50813) addi    a6, a0, -1203
core   0: 3 0x80005144 (0xb4d50813) x16 0xfffffb4d
core   0: 0x80005148 (0x3c215f83) lhu     t6, 962(sp)
core   0: 3 0x80005148 (0x3c215f83) x31 0x00000000 mem 0x8001361a
core   0: 0x8000514c (0x3c215b83) lhu     s7, 962(sp)
core   0: 3 0x8000514c (0x3c215b83) x23 0x00000000 mem 0x8001361a
core   0: 0x80005150 (0x3c211c83) lh      s9, 962(sp)
core   0: 3 0x80005150 (0x3c211c83) x25 0x00000000 mem 0x8001361a
core   0: 0x80005154 (0xb71ee293) ori     t0, t4, -1167
core   0: 3 0x80005154 (0xb71ee293) x 5 0xfffffb71
core   0: 0x80005158 (0x3c214003) lbu     zero, 962(sp)
core   0: 3 0x80005158 (0x3c214003) mem 0x8001361a
core   0: 0x8000515c (0x6f114903) lbu     s2, 1777(sp)
core   0: 3 0x8000515c (0x6f114903) x18 0x00000000 mem 0x80013949
core   0: 0x80005160 (0x6f110e03) lb      t3, 1777(sp)
core   0: 3 0x80005160 (0x6f110e03) x28 0x00000000 mem 0x80013949
core   0: 0x80005164 (0x6f114083) lbu     ra, 1777(sp)
core   0: 3 0x80005164 (0x6f114083) x 1 0x00000000 mem 0x80013949
core   0: 0x80005168 (0x6e7108a3) sb      t2, 1777(sp)
core   0: 3 0x80005168 (0x6e7108a3) mem 0x80013949 0x0
core   0: 0x8000516c (0x78610b23) sb      t1, 1942(sp)
core   0: 3 0x8000516c (0x78610b23) mem 0x800139ee 0x0
core   0: 0x80005170 (0x79611983) lh      s3, 1942(sp)
core   0: 3 0x80005170 (0x79611983) x19 0x00000000 mem 0x800139ee
core   0: 0x80005174 (0x79611f83) lh      t6, 1942(sp)
core   0: 3 0x80005174 (0x79611f83) x31 0x00000000 mem 0x800139ee
core   0: 0x80005178 (0x79611683) lh      a3, 1942(sp)
core   0: 3 0x80005178 (0x79611683) x13 0x00000000 mem 0x800139ee
core   0: 0x8000517c (0x79615803) lhu     a6, 1942(sp)
core   0: 3 0x8000517c (0x79615803) x16 0x00000000 mem 0x800139ee
core   0: 0x80005180 (0x79614283) lbu     t0, 1942(sp)
core   0: 3 0x80005180 (0x79614283) x 5 0x00000000 mem 0x800139ee
core   0: 0x80005184 (0x0001e997) auipc   s3, 0x1e
core   0: 3 0x80005184 (0x0001e997) x19 0x80023184
core   0: 0x80005188 (0x1e398993) addi    s3, s3, 483
core   0: 3 0x80005188 (0x1e398993) x19 0x80023367
core   0: 0x8000518c (0x0000fd17) auipc   s10, 0xf
core   0: 3 0x8000518c (0x0000fd17) x26 0x8001418c
core   0: 0x80005190 (0xafad0d13) addi    s10, s10, -1286
core   0: 3 0x80005190 (0xafad0d13) x26 0x80013c86
core   0: 0x80005194 (0xfd7d0c83) lb      s9, -41(s10)
core   0: 3 0x80005194 (0xfd7d0c83) x25 0x00000000 mem 0x80013c5d
core   0: 0x80005198 (0xfced4e03) lbu     t3, -50(s10)
core   0: 3 0x80005198 (0xfced4e03) x28 0x00000000 mem 0x80013c54
core   0: 0x8000519c (0xe0f99da3) sh      a5, -485(s3)
core   0: 3 0x8000519c (0xe0f99da3) mem 0x80023182 0x0000
core   0: 0x800051a0 (0xff8d0083) lb      ra, -8(s10)
core   0: 3 0x800051a0 (0xff8d0083) x 1 0x00000000 mem 0x80013c7e
core   0: 0x800051a4 (0x032d0823) sb      s2, 48(s10)
core   0: 3 0x800051a4 (0x032d0823) mem 0x80013cb6 0x0
core   0: 0x800051a8 (0x9e298c83) lb      s9, -1566(s3)
core   0: 3 0x800051a8 (0x9e298c83) x25 0x00000000 mem 0x80022d49
core   0: 0x800051ac (0xfe3d0383) lb      t2, -29(s10)
core   0: 3 0x800051ac (0xfe3d0383) x 7 0x00000000 mem 0x80013c69
core   0: 0x800051b0 (0xd1998e23) sb      s9, -740(s3)
core   0: 3 0x800051b0 (0xd1998e23) mem 0x80023083 0x0
core   0: 0x800051b4 (0x036d2003) lw      zero, 54(s10)
core   0: 3 0x800051b4 (0x036d2003) mem 0x80013cbc
core   0: 0x800051b8 (0xffdd08a3) sb      t4, -15(s10)
core   0: 3 0x800051b8 (0xffdd08a3) mem 0x80013c77 0x0
core   0: 0x800051bc (0x93b9cd83) lbu     s11, -1733(s3)
core   0: 3 0x800051bc (0x93b9cd83) x27 0x00000000 mem 0x80022ca2
core   0: 0x800051c0 (0xfd5d4b83) lbu     s7, -43(s10)
core   0: 3 0x800051c0 (0xfd5d4b83) x23 0x00000000 mem 0x80013c5b
core   0: 0x800051c4 (0x96898a83) lb      s5, -1688(s3)
core   0: 3 0x800051c4 (0x96898a83) x21 0x00000000 mem 0x80022ccf
core   0: 0x800051c8 (0x4549c803) lbu     a6, 1108(s3)
core   0: 3 0x800051c8 (0x4549c803) x16 0x00000000 mem 0x800237bb
core   0: 0x800051cc (0xffcd1623) sh      t3, -20(s10)
core   0: 3 0x800051cc (0xffcd1623) mem 0x80013c72 0x0000
core   0: 0x800051d0 (0xb619d503) lhu     a0, -1183(s3)
core   0: 3 0x800051d0 (0xb619d503) x10 0x00000000 mem 0x80022ec8
core   0: 0x800051d4 (0x025d0c83) lb      s9, 37(s10)
core   0: 3 0x800051d4 (0x025d0c83) x25 0x00000000 mem 0x80013cab
core   0: 0x800051d8 (0x94c98283) lb      t0, -1716(s3)
core   0: 3 0x800051d8 (0x94c98283) x 5 0x00000000 mem 0x80022cb3
core   0: 0x800051dc (0x9e799083) lh      ra, -1561(s3)
core   0: 3 0x800051dc (0x9e799083) x 1 0x00000000 mem 0x80022d4e
core   0: 0x800051e0 (0x0000e117) auipc   sp, 0xe
core   0: 3 0x800051e0 (0x0000e117) x 2 0x800131e0
core   0: 0x800051e4 (0x63010113) addi    sp, sp, 1584
core   0: 3 0x800051e4 (0x63010113) x 2 0x80013810
core   0: 0x800051e8 (0x4b710403) lb      s0, 1207(sp)
core   0: 3 0x800051e8 (0x4b710403) x 8 0x00000000 mem 0x80013cc7
core   0: 0x800051ec (0x4a310ba3) sb      gp, 1207(sp)
core   0: 3 0x800051ec (0x4a310ba3) mem 0x80013cc7 0x0
core   0: 0x800051f0 (0xff814083) lbu     ra, -8(sp)
core   0: 3 0x800051f0 (0xff814083) x 1 0x00000000 mem 0x80013808
core   0: 0x800051f4 (0xff712c23) sw      s7, -8(sp)
core   0: 3 0x800051f4 (0xff712c23) mem 0x80013808 0x00000000
core   0: 0x800051f8 (0x4b014403) lbu     s0, 1200(sp)
core   0: 3 0x800051f8 (0x4b014403) x 8 0x00000000 mem 0x80013cc0
core   0: 0x800051fc (0x4bf10823) sb      t6, 1200(sp)
core   0: 3 0x800051fc (0x4bf10823) mem 0x80013cc0 0x0
core   0: 0x80005200 (0x9c210183) lb      gp, -1598(sp)
core   0: 3 0x80005200 (0x9c210183) x 3 0x00000000 mem 0x800131d2
core   0: 0x80005204 (0x5ec104a3) sb      a2, 1513(sp)
core   0: 3 0x80005204 (0x5ec104a3) mem 0x80013df9 0x0
core   0: 0x80005208 (0x017adc33) srl     s8, s5, s7
core   0: 3 0x80005208 (0x017adc33) x24 0x00000000
core   0: 0x8000520c (0x3ff10e83) lb      t4, 1023(sp)
core   0: 3 0x8000520c (0x3ff10e83) x29 0x00000000 mem 0x80013c0f
core   0: 0x80005210 (0x4a011783) lh      a5, 1184(sp)
core   0: 3 0x80005210 (0x4a011783) x15 0x00000000 mem 0x80013cb0
core   0: 0x80005214 (0x7a910003) lb      zero, 1961(sp)
core   0: 3 0x80005214 (0x7a910003) mem 0x80013fb9
core   0: 0x80005218 (0x7a914883) lbu     a7, 1961(sp)
core   0: 3 0x80005218 (0x7a914883) x17 0x00000000 mem 0x80013fb9
core   0: 0x8000521c (0xff712223) sw      s7, -28(sp)
core   0: 3 0x8000521c (0xff712223) mem 0x800137f4 0x00000000
core   0: 0x80005220 (0x318102a3) sb      s8, 773(sp)
core   0: 3 0x80005220 (0x318102a3) mem 0x80013b15 0x0
core   0: 0x80005224 (0x317102a3) sb      s7, 773(sp)
core   0: 3 0x80005224 (0x317102a3) mem 0x80013b15 0x0
core   0: 0x80005228 (0xb1f11923) sh      t6, -1262(sp)
core   0: 3 0x80005228 (0xb1f11923) mem 0x80013322 0x0000
core   0: 0x8000522c (0xb1215403) lhu     s0, -1262(sp)
core   0: 3 0x8000522c (0xb1215403) x 8 0x00000000 mem 0x80013322
core   0: 0x80005230 (0x00008789) c.srai  a5, 2
core   0: 3 0x80005230 (0x8789) x15 0x00000000
core   0: 0x80005232 (0xb1211c03) lh      s8, -1262(sp)
core   0: 3 0x80005232 (0xb1211c03) x24 0x00000000 mem 0x80013322
core   0: 0x80005236 (0x7be10ea3) sb      t5, 1981(sp)
core   0: 3 0x80005236 (0x7be10ea3) mem 0x80013fcd 0x0
core   0: 0x8000523a (0x2a370193) addi    gp, a4, 675
core   0: 3 0x8000523a (0x2a370193) x 3 0x80029107
core   0: 0x8000523e (0x0000851d) c.srai  a0, 7
core   0: 3 0x8000523e (0x851d) x10 0x00000000
core   0: 0x80005240 (0x00008fb9) c.xor   a5, a4
core   0: 3 0x80005240 (0x8fb9) x15 0x80028e64
core   0: 0x80005242 (0xaea7b513) sltiu   a0, a5, -1302
core   0: 3 0x80005242 (0xaea7b513) x10 0x00000001
core   0: 0x80005246 (0x012891b3) sll     gp, a7, s2
core   0: 3 0x80005246 (0x012891b3) x 3 0x00000000
core   0: 0x8000524a (0x00001194) c.addi4spn a3, sp, 224
core   0: 3 0x8000524a (0x1194) x13 0x800138f0
core   0: 0x8000524c (0x00008e65) c.and   a2, s1
core   0: 3 0x8000524c (0x8e65) x12 0x00000000
core   0: 0x8000524e (0x00e18033) add     zero, gp, a4
core   0: 3 0x8000524e (0x00e18033)
core   0: 0x80005252 (0xfe08c513) xori    a0, a7, -32
core   0: 3 0x80005252 (0xfe08c513) x10 0xffffffe0
core   0: 0x80005256 (0x001ce563) bltu    s9, ra, pc + 10
core   0: 3 0x80005256 (0x001ce563)
core   0: 0x8000525a (0x00000001) c.nop
core   0: 3 0x8000525a (0x0001)
core   0: 0x8000525c (0x03928163) beq     t0, s9, pc + 34
core   0: 3 0x8000525c (0x03928163)
core   0: 0x8000527e (0x8cd12497) auipc   s1, 0x8cd12
core   0: 3 0x8000527e (0x8cd12497) x 9 0x0cd1727e
core   0: 0x80005282 (0xa17ff613) andi    a2, t6, -1513
core   0: 3 0x80005282 (0xa17ff613) x12 0x00000000
core   0: 0x80005286 (0x033070b3) remu    ra, zero, s3
core   0: 3 0x80005286 (0x033070b3) x 1 0x00000000
core   0: 0x8000528a (0x9af4bb13) sltiu   s6, s1, -1617
core   0: 3 0x8000528a (0x9af4bb13) x22 0x00000001
core   0: 0x8000528e (0x03381533) mulh    a0, a6, s3
core   0: 3 0x8000528e (0x03381533) x10 0x00000000
core   0: 0x80005292 (0x00000186) c.slli  gp, 1
core   0: 3 0x80005292 (0x0186) x 3 0x00000000
core   0: 0x80005294 (0x00000001) c.nop
core   0: 3 0x80005294 (0x0001)
core   0: 0x80005296 (0x00001208) c.addi4spn a0, sp, 288
core   0: 3 0x80005296 (0x1208) x10 0x80013930
core   0: 0x80005298 (0x0000eb99) c.bnez  a5, pc + 22
core   0: 3 0x80005298 (0xeb99)
core   0: 0x800052ae (0x00cf9b93) slli    s7, t6, 12
core   0: 3 0x800052ae (0x00cf9b93) x23 0x00000000
core   0: 0x800052b2 (0x01e78333) add     t1, a5, t5
core   0: 3 0x800052b2 (0x01e78333) x 6 0x00028e64
core   0: 0x800052b6 (0x0000ed0d) c.bnez  a0, pc + 58
core   0: 3 0x800052b6 (0xed0d)
core   0: 0x800052f0 (0x00008d41) c.or    a0, s0
core   0: 3 0x800052f0 (0x8d41) x10 0x80013930
core   0: 0x800052f2 (0x00dbe3b3) or      t2, s7, a3
core   0: 3 0x800052f2 (0x00dbe3b3) x 7 0x800138f0
core   0: 0x800052f6 (0x0000100f) fence.i
core   0: 3 0x800052f6 (0x0000100f)
core   0: 0x800052fa (0xcf184413) xori    s0, a6, -783
core   0: 3 0x800052fa (0xcf184413) x 8 0xfffffcf1
core   0: 0x800052fe (0xa78b2793) slti    a5, s6, -1416
core   0: 3 0x800052fe (0xa78b2793) x15 0x00000000
core   0: 0x80005302 (0x7fbea193) slti    gp, t4, 2043
core   0: 3 0x80005302 (0x7fbea193) x 3 0x00000001
core   0: 0x80005306 (0x00008cdd) c.or    s1, a5
core   0: 3 0x80005306 (0x8cdd) x 9 0x0cd1727e
core   0: 0x80005308 (0x03d5ab33) mulhsu  s6, a1, t4
core   0: 3 0x80005308 (0x03d5ab33) x22 0x00000000
core   0: 0x8000530c (0x99528793) addi    a5, t0, -1643
core   0: 3 0x8000530c (0x99528793) x15 0xfffff995
core   0: 0x80005310 (0x017291b3) sll     gp, t0, s7
core   0: 3 0x80005310 (0x017291b3) x 3 0x00000000
core   0: 0x80005314 (0x00000d4d) c.addi  s10, 19
core   0: 3 0x80005314 (0x0d4d) x26 0x80013c99
core   0: 0x80005316 (0x00002c17) auipc   s8, 0x2
core   0: 3 0x80005316 (0x00002c17) x24 0x80007316
core   0: 0x8000531a (0xae4c0c13) addi    s8, s8, -1308
core   0: 3 0x8000531a (0xae4c0c13) x24 0x80006dfa
core   0: 0x8000531e (0x000008be) c.slli  a7, 15
core   0: 3 0x8000531e (0x08be) x17 0x00000000
core   0: 0x80005320 (0x000014fd) c.addi  s1, -1
core   0: 3 0x80005320 (0x14fd) x 9 0x0cd1727d
core   0: 0x80005322 (0x0088d8b3) srl     a7, a7, s0
core   0: 3 0x80005322 (0x0088d8b3) x17 0x00000000
core   0: 0x80005326 (0x030706b3) mul     a3, a4, a6
core   0: 3 0x80005326 (0x030706b3) x13 0x00000000
core   0: 0x8000532a (0x3d4c0c13) addi    s8, s8, 980
core   0: 3 0x8000532a (0x3d4c0c13) x24 0x800071ce
core   0: 0x8000532e (0x01279463) bne     a5, s2, pc + 8
core   0: 3 0x8000532e (0x01279463)
core   0: 0x80005336 (0xc2cc0267) jalr    tp, s8, -980
core   0: 3 0x80005336 (0xc2cc0267) x 4 0x8000533a
core   0: 0x80006dfa (0x02a4e933) rem     s2, s1, a0
core   0: 3 0x80006dfa (0x02a4e933) x18 0x0cd1727d
core   0: 0x80006dfe (0x00001751) c.addi  a4, -12
core   0: 3 0x80006dfe (0x1751) x14 0x80028e58
core   0: 0x80006e00 (0x00472223) sw      tp, 4(a4)
core   0: 3 0x80006e00 (0x00472223) mem 0x80028e5c 0x8000533a
core   0: 0x80006e04 (0x00000b9c) c.addi4spn a5, sp, 464
core   0: 3 0x80006e04 (0x0b9c) x15 0x800139e0
core   0: 0x80006e06 (0x00008969) c.andi  a0, 26
core   0: 3 0x80006e06 (0x8969) x10 0x00000010
core   0: 0x80006e08 (0x00000001) c.nop
core   0: 3 0x80006e08 (0x0001)
core   0: 0x80006e0a (0x00017917) auipc   s2, 0x17
core   0: 3 0x80006e0a (0x00017917) x18 0x8001de0a
core   0: 0x80006e0e (0x0c590913) addi    s2, s2, 197
core   0: 3 0x80006e0e (0x0c590913) x18 0x8001decf
core   0: 0x80006e12 (0x0c4919a3) sh      tp, 211(s2)
core   0: 3 0x80006e12 (0x0c4919a3) mem 0x8001dfa2 0x533a
core   0: 0x80006e16 (0x00008151) c.srli  a0, 20
core   0: 3 0x80006e16 (0x8151) x10 0x00000000
core   0: 0x80006e18 (0x03f68033) mul     zero, a3, t6
core   0: 3 0x80006e18 (0x03f68033)
core   0: 0x80006e1c (0x02494a03) lbu     s4, 36(s2)
core   0: 3 0x80006e1c (0x02494a03) x20 0x00000000 mem 0x8001def3
core   0: 0x80006e20 (0xfff95f83) lhu     t6, -1(s2)
core   0: 3 0x80006e20 (0xfff95f83) x31 0x00000000 mem 0x8001dece
core   0: 0x80006e24 (0xff591fa3) sh      s5, -1(s2)
core   0: 3 0x80006e24 (0xff591fa3) mem 0x8001dece 0x0000
core   0: 0x80006e28 (0xfff94b83) lbu     s7, -1(s2)
core   0: 3 0x80006e28 (0xfff94b83) x23 0x00000000 mem 0x8001dece
core   0: 0x80006e2c (0xfed90fa3) sb      a3, -1(s2)
core   0: 3 0x80006e2c (0xfed90fa3) mem 0x8001dece 0x0
core   0: 0x80006e30 (0xfff91c83) lh      s9, -1(s2)
core   0: 3 0x80006e30 (0xfff91c83) x25 0x00000000 mem 0x8001dece
core   0: 0x80006e34 (0xff791fa3) sh      s7, -1(s2)
core   0: 3 0x80006e34 (0xff791fa3) mem 0x8001dece 0x0000
core   0: 0x80006e38 (0x0000829d) c.srli  a3, 7
core   0: 3 0x80006e38 (0x829d) x13 0x00000000
core   0: 0x80006e3a (0xfff90303) lb      t1, -1(s2)
core   0: 3 0x80006e3a (0xfff90303) x 6 0x00000000 mem 0x8001dece
core   0: 0x80006e3e (0xfe690fa3) sb      t1, -1(s2)
core   0: 3 0x80006e3e (0xfe690fa3) mem 0x8001dece 0x0
core   0: 0x80006e42 (0xfff91b83) lh      s7, -1(s2)
core   0: 3 0x80006e42 (0xfff91b83) x23 0x00000000 mem 0x8001dece
core   0: 0x80006e46 (0x01c15d93) srli    s11, sp, 28
core   0: 3 0x80006e46 (0x01c15d93) x27 0x00000008
core   0: 0x80006e4a (0xfff91383) lh      t2, -1(s2)
core   0: 3 0x80006e4a (0xfff91383) x 7 0x00000000 mem 0x8001dece
core   0: 0x80006e4e (0xff691fa3) sh      s6, -1(s2)
core   0: 3 0x80006e4e (0xff691fa3) mem 0x8001dece 0x0000
core   0: 0x80006e52 (0xff691fa3) sh      s6, -1(s2)
core   0: 3 0x80006e52 (0xff691fa3) mem 0x8001dece 0x0000
core   0: 0x80006e56 (0x0007d813) srli    a6, a5, 0
core   0: 3 0x80006e56 (0x0007d813) x16 0x800139e0
core   0: 0x80006e5a (0xfff94183) lbu     gp, -1(s2)
core   0: 3 0x80006e5a (0xfff94183) x 3 0x00000000 mem 0x8001dece
core   0: 0x80006e5e (0xff191fa3) sh      a7, -1(s2)
core   0: 3 0x80006e5e (0xff191fa3) mem 0x8001dece 0x0000
core   0: 0x80006e62 (0x03d506b3) mul     a3, a0, t4
core   0: 3 0x80006e62 (0x03d506b3) x13 0x00000000
core   0: 0x80006e66 (0xfff91283) lh      t0, -1(s2)
core   0: 3 0x80006e66 (0xfff91283) x 5 0x00000000 mem 0x8001dece
core   0: 0x80006e6a (0x0001bc97) auipc   s9, 0x1b
core   0: 3 0x80006e6a (0x0001bc97) x25 0x80021e6a
core   0: 0x80006e6e (0xf3bc8c93) addi    s9, s9, -197
core   0: 3 0x80006e6e (0xf3bc8c93) x25 0x80021da5
core   0: 0x80006e72 (0x001c9183) lh      gp, 1(s9)
core   0: 3 0x80006e72 (0x001c9183) x 3 0x00000000 mem 0x80021da6
core   0: 0x80006e76 (0xff9c9aa3) sh      s9, -11(s9)
core   0: 3 0x80006e76 (0xff9c9aa3) mem 0x80021d9a 0x1da5
core   0: 0x80006e7a (0x41d780b3) sub     ra, a5, t4
core   0: 3 0x80006e7a (0x41d780b3) x 1 0x800139e0
core   0: 0x80006e7e (0xff3cc183) lbu     gp, -13(s9)
core   0: 3 0x80006e7e (0xff3cc183) x 3 0x00000000 mem 0x80021d98
core   0: 0x80006e82 (0x032f6e33) rem     t3, t5, s2
core   0: 3 0x80006e82 (0x032f6e33) x28 0xfffe2131
core   0: 0x80006e86 (0x0000717d) c.addi16sp sp, -16
core   0: 3 0x80006e86 (0x717d) x 2 0x80013800
core   0: 0x80006e88 (0xff6cc403) lbu     s0, -10(s9)
core   0: 3 0x80006e88 (0xff6cc403) x 8 0x0000001d mem 0x80021d9b
core   0: 0x80006e8c (0x00008cc1) c.or    s1, s0
core   0: 3 0x80006e8c (0x8cc1) x 9 0x0cd1727d
core   0: 0x80006e8e (0x00bccd83) lbu     s11, 11(s9)
core   0: 3 0x80006e8e (0x00bccd83) x27 0x00000000 mem 0x80021db0
core   0: 0x80006e92 (0x00008cd1) c.or    s1, a2
core   0: 3 0x80006e92 (0x8cd1) x 9 0x0cd1727d
core   0: 0x80006e94 (0x008cc283) lbu     t0, 8(s9)
core   0: 3 0x80006e94 (0x008cc283) x 5 0x00000000 mem 0x80021dad
core   0: 0x80006e98 (0xff7c8b83) lb      s7, -9(s9)
core   0: 3 0x80006e98 (0xff7c8b83) x23 0x00000000 mem 0x80021d9c
core   0: 0x80006e9c (0xff0c8b23) sb      a6, -10(s9)
core   0: 3 0x80006e9c (0xff0c8b23) mem 0x80021d9b 0xe0
core   0: 0x80006ea0 (0xff0c8a03) lb      s4, -16(s9)
core   0: 3 0x80006ea0 (0xff0c8a03) x20 0x00000000 mem 0x80021d95
core   0: 0x80006ea4 (0xff6c8d03) lb      s10, -10(s9)
core   0: 3 0x80006ea4 (0xff6c8d03) x26 0xffffffe0 mem 0x80021d9b
core   0: 0x80006ea8 (0xfecc88a3) sb      a2, -15(s9)
core   0: 3 0x80006ea8 (0xfecc88a3) mem 0x80021d96 0x0
core   0: 0x80006eac (0x00eccd83) lbu     s11, 14(s9)
core   0: 3 0x80006eac (0x00eccd83) x27 0x00000000 mem 0x80021db3
core   0: 0x80006eb0 (0x002c8f83) lb      t6, 2(s9)
core   0: 3 0x80006eb0 (0x002c8f83) x31 0x00000000 mem 0x80021da7
core   0: 0x80006eb4 (0x010c8303) lb      t1, 16(s9)
core   0: 3 0x80006eb4 (0x010c8303) x 6 0x00000000 mem 0x80021db5
core   0: 0x80006eb8 (0xfe5c89a3) sb      t0, -13(s9)
core   0: 3 0x80006eb8 (0xfe5c89a3) mem 0x80021d98 0x0
core   0: 0x80006ebc (0x00bcca03) lbu     s4, 11(s9)
core   0: 3 0x80006ebc (0x00bcca03) x20 0x00000000 mem 0x80021db0
core   0: 0x80006ec0 (0xffec8303) lb      t1, -2(s9)
core   0: 3 0x80006ec0 (0xffec8303) x 6 0x00000000 mem 0x80021da3
core   0: 0x80006ec4 (0x0ff0000f) fence   iorw,iorw
core   0: 3 0x80006ec4 (0x0ff0000f)
core   0: 0x80006ec8 (0x007cd283) lhu     t0, 7(s9)
core   0: 3 0x80006ec8 (0x007cd283) x 5 0x00000000 mem 0x80021dac
core   0: 0x80006ecc (0x02a443b3) div     t2, s0, a0
core   0: 3 0x80006ecc (0x02a443b3) x 7 0xffffffff
core   0: 0x80006ed0 (0xf3ecbd13) sltiu   s10, s9, -194
core   0: 3 0x80006ed0 (0xf3ecbd13) x26 0x00000001
core   0: 0x80006ed4 (0x00dc8823) sb      a3, 16(s9)
core   0: 3 0x80006ed4 (0x00dc8823) mem 0x80021db5 0x0
core   0: 0x80006ed8 (0x03ceb9b3) mulhu   s3, t4, t3
core   0: 3 0x80006ed8 (0x03ceb9b3) x19 0x00000000
core   0: 0x80006edc (0xf627b393) sltiu   t2, a5, -158
core   0: 3 0x80006edc (0xf627b393) x 7 0x00000001
core   0: 0x80006ee0 (0x003c8023) sb      gp, 0(s9)
core   0: 3 0x80006ee0 (0x003c8023) mem 0x80021da5 0x0
core   0: 0x80006ee4 (0xffaccb03) lbu     s6, -6(s9)
core   0: 3 0x80006ee4 (0xffaccb03) x22 0x00000000 mem 0x80021d9f
core   0: 0x80006ee8 (0x1a37c613) xori    a2, a5, 419
core   0: 3 0x80006ee8 (0x1a37c613) x12 0x80013843
core   0: 0x80006eec (0x004c8383) lb      t2, 4(s9)
core   0: 3 0x80006eec (0x004c8383) x 7 0x00000000 mem 0x80021da9
core   0: 0x80006ef0 (0xb9d86013) ori     zero, a6, -1123
core   0: 3 0x80006ef0 (0xb9d86013)
core   0: 0x80006ef4 (0xff3c8e83) lb      t4, -13(s9)
core   0: 3 0x80006ef4 (0xff3c8e83) x29 0x00000000 mem 0x80021d98
core   0: 0x80006ef8 (0xfe7c9ca3) sh      t2, -7(s9)
core   0: 3 0x80006ef8 (0xfe7c9ca3) mem 0x80021d9e 0x0000
core   0: 0x80006efc (0x006ca3a3) sw      t1, 7(s9)
core   0: 3 0x80006efc (0x006ca3a3) mem 0x80021dac 0x00000000
core   0: 0x80006f00 (0x00acca03) lbu     s4, 10(s9)
core   0: 3 0x80006f00 (0x00acca03) x20 0x00000000 mem 0x80021daf
core   0: 0x80006f04 (0x005c9e03) lh      t3, 5(s9)
core   0: 3 0x80006f04 (0x005c9e03) x28 0x00000000 mem 0x80021daa
core   0: 0x80006f08 (0x00009a16) c.add   s4, t0
core   0: 3 0x80006f08 (0x9a16) x20 0x00000000
core   0: 0x80006f0a (0x02a2ac33) mulhsu  s8, t0, a0
core   0: 3 0x80006f0a (0x02a2ac33) x24 0x00000000
core   0: 0x80006f0e (0x01fc96a3) sh      t6, 13(s9)
core   0: 3 0x80006f0e (0x01fc96a3) mem 0x80021db2 0x0000
core   0: 0x80006f12 (0xff9c9da3) sh      s9, -5(s9)
core   0: 3 0x80006f12 (0xff9c9da3) mem 0x80021da0 0x1da5
core   0: 0x80006f16 (0xff7cd803) lhu     a6, -9(s9)
core   0: 3 0x80006f16 (0xff7cd803) x16 0x00000000 mem 0x80021d9c
core   0: 0x80006f1a (0x0000c697) auipc   a3, 0xc
core   0: 3 0x80006f1a (0x0000c697) x13 0x80012f1a
core   0: 0x80006f1e (0x3fb68693) addi    a3, a3, 1019
core   0: 3 0x80006f1e (0x3fb68693) x13 0x80013315
core   0: 0x80006f22 (0x08868103) lb      sp, 136(a3)
core   0: 3 0x80006f22 (0x08868103) x 2 0x00000000 mem 0x8001339d
core   0: 0x80006f26 (0x40a48b33) sub     s6, s1, a0
core   0: 3 0x80006f26 (0x40a48b33) x22 0x0cd1727d
core   0: 0x80006f2a (0xfe668a03) lb      s4, -26(a3)
core   0: 3 0x80006f2a (0xfe668a03) x20 0x00000000 mem 0x800132fb
core   0: 0x80006f2e (0x01f5adb3) slt     s11, a1, t6
core   0: 3 0x80006f2e (0x01f5adb3) x27 0x00000001
core   0: 0x80006f32 (0x5e32ef93) ori     t6, t0, 1507
core   0: 3 0x80006f32 (0x5e32ef93) x31 0x000005e3
core   0: 0x80006f36 (0x01668e23) sb      s6, 28(a3)
core   0: 3 0x80006f36 (0x01668e23) mem 0x80013331 0x7d
core   0: 0x80006f3a (0x416ed233) sra     tp, t4, s6
core   0: 3 0x80006f3a (0x416ed233) x 4 0x00000000
core   0: 0x80006f3e (0x03df22b3) mulhsu  t0, t5, t4
core   0: 3 0x80006f3e (0x03df22b3) x 5 0x00000000
core   0: 0x80006f42 (0x00000896) c.slli  a7, 5
core   0: 3 0x80006f42 (0x0896) x17 0x00000000
core   0: 0x80006f44 (0xf796de03) lhu     t3, -135(a3)
core   0: 3 0x80006f44 (0xf796de03) x28 0x00000000 mem 0x8001328e
core   0: 0x80006f48 (0x00797eb3) and     t4, s2, t2
core   0: 3 0x80006f48 (0x00797eb3) x29 0x00000000
core   0: 0x80006f4c (0x005d2cb3) slt     s9, s10, t0
core   0: 3 0x80006f4c (0x005d2cb3) x25 0x00000000
core   0: 0x80006f50 (0x0013bdb3) sltu    s11, t2, ra
core   0: 3 0x80006f50 (0x0013bdb3) x27 0x00000001
core   0: 0x80006f54 (0x02639033) mulh    zero, t2, t1
core   0: 3 0x80006f54 (0x02639033)
core   0: 0x80006f58 (0x000063b9) c.lui   t2, 0xe
core   0: 3 0x80006f58 (0x63b9) x 7 0x0000e000
core   0: 0x80006f5a (0x00008859) c.andi  s0, 22
core   0: 3 0x80006f5a (0x8859) x 8 0x00000014
core   0: 0x80006f5c (0xb4d86b13) ori     s6, a6, -1203
core   0: 3 0x80006f5c (0xb4d86b13) x22 0xfffffb4d
core   0: 0x80006f60 (0x0e969e83) lh      t4, 233(a3)
core   0: 3 0x80006f60 (0x0e969e83) x29 0x00000000 mem 0x800133fe
core   0: 0x80006f64 (0xce594137) lui     sp, 0xce594
core   0: 3 0x80006f64 (0xce594137) x 2 0xce594000
core   0: 0x80006f68 (0xace20493) addi    s1, tp, -1330
core   0: 3 0x80006f68 (0xace20493) x 9 0xffffface
core   0: 0x80006f6c (0xf5868b23) sb      s8, -170(a3)
core   0: 3 0x80006f6c (0xf5868b23) mem 0x8001326b 0x0
core   0: 0x80006f70 (0x000083b1) c.srli  a5, 12
core   0: 3 0x80006f70 (0x83b1) x15 0x00080013
core   0: 0x80006f72 (0x0ea68b83) lb      s7, 234(a3)
core   0: 3 0x80006f72 (0x0ea68b83) x23 0x00000000 mem 0x800133ff
core   0: 0x80006f76 (0x0aa68c03) lb      s8, 170(a3)
core   0: 3 0x80006f76 (0x0aa68c03) x24 0x00000000 mem 0x800133bf
core   0: 0x80006f7a (0x0f5681a3) sb      s5, 227(a3)
core   0: 3 0x80006f7a (0x0f5681a3) mem 0x800133f8 0x0
core   0: 0x80006f7e (0xfd068103) lb      sp, -48(a3)
core   0: 3 0x80006f7e (0xfd068103) x 2 0x00000000 mem 0x800132e5
core   0: 0x80006f82 (0x02411433) mulh    s0, sp, tp
core   0: 3 0x80006f82 (0x02411433) x 8 0x00000000
core   0: 0x80006f86 (0xf2c68fa3) sb      a2, -193(a3)
core   0: 3 0x80006f86 (0xf2c68fa3) mem 0x80013254 0x43
core   0: 0x80006f8a (0x852c2c93) slti    s9, s8, -1966
core   0: 3 0x80006f8a (0x852c2c93) x25 0x00000000
core   0: 0x80006f8e (0xce44fd93) andi    s11, s1, -796
core   0: 3 0x80006f8e (0xce44fd93) x27 0xfffff8c4
core   0: 0x80006f92 (0x00000001) c.nop
core   0: 3 0x80006f92 (0x0001)
core   0: 0x80006f94 (0x018ac533) xor     a0, s5, s8
core   0: 3 0x80006f94 (0x018ac533) x10 0x00000000
core   0: 0x80006f98 (0x0269b2b3) mulhu   t0, s3, t1
core   0: 3 0x80006f98 (0x0269b2b3) x 5 0x00000000
core   0: 0x80006f9c (0xf9e68a83) lb      s5, -98(a3)
core   0: 3 0x80006f9c (0xf9e68a83) x21 0x00000000 mem 0x800132b3
core   0: 0x80006fa0 (0xfed69c83) lh      s9, -19(a3)
core   0: 3 0x80006fa0 (0xfed69c83) x25 0x00000000 mem 0x80013302
core   0: 0x80006fa4 (0x0000100f) fence.i
core   0: 3 0x80006fa4 (0x0000100f)
core   0: 0x80006fa8 (0xff76c503) lbu     a0, -9(a3)
core   0: 3 0x80006fa8 (0xff76c503) x10 0x00000000 mem 0x8001330c
core   0: 0x80006fac (0x00008f81) c.sub   a5, s0
core   0: 3 0x80006fac (0x8f81) x15 0x00080013
core   0: 0x80006fae (0x00009c8e) c.add   s9, gp
core   0: 3 0x80006fae (0x9c8e) x25 0x00000000
core   0: 0x80006fb0 (0xf8668383) lb      t2, -122(a3)
core   0: 3 0x80006fb0 (0xf8668383) x 7 0x00000000 mem 0x8001329b
core   0: 0x80006fb4 (0xfd86c003) lbu     zero, -40(a3)
core   0: 3 0x80006fb4 (0xfd86c003) mem 0x800132ed
core   0: 0x80006fb8 (0x02799333) mulh    t1, s3, t2
core   0: 3 0x80006fb8 (0x02799333) x 6 0x00000000
core   0: 0x80006fbc (0x03169603) lh      a2, 49(a3)
core   0: 3 0x80006fbc (0x03169603) x12 0x00000000 mem 0x80013346
core   0: 0x80006fc0 (0x09168303) lb      t1, 145(a3)
core   0: 3 0x80006fc0 (0x09168303) x 6 0x00000000 mem 0x800133a6
core   0: 0x80006fc4 (0xfa568da3) sb      t0, -69(a3)
core   0: 3 0x80006fc4 (0xfa568da3) mem 0x800132d0 0x0
core   0: 0x80006fc8 (0x00000d88) c.addi4spn a0, sp, 720
core   0: 3 0x80006fc8 (0x0d88) x10 0x000002d0
core   0: 0x80006fca (0xfc169a83) lh      s5, -63(a3)
core   0: 3 0x80006fca (0xfc169a83) x21 0x00000000 mem 0x800132d6
core   0: 0x80006fce (0x0d66cd03) lbu     s10, 214(a3)
core   0: 3 0x80006fce (0x0d66cd03) x26 0x00000000 mem 0x800133eb
core   0: 0x80006fd2 (0x03568e03) lb      t3, 53(a3)
core   0: 3 0x80006fd2 (0x03568e03) x28 0x00000000 mem 0x8001334a
core   0: 0x80006fd6 (0x0001d117) auipc   sp, 0x1d
core   0: 3 0x80006fd6 (0x0001d117) x 2 0x80023fd6
core   0: 0x80006fda (0x8b210113) addi    sp, sp, -1870
core   0: 3 0x80006fda (0x8b210113) x 2 0x80023888
core   0: 0x80006fde (0xff211f83) lh      t6, -14(sp)
core   0: 3 0x80006fde (0xff211f83) x31 0x00000000 mem 0x8002387a
core   0: 0x80006fe2 (0xff910b03) lb      s6, -7(sp)
core   0: 3 0x80006fe2 (0xff910b03) x22 0x00000000 mem 0x80023881
core   0: 0x80006fe6 (0x00710783) lb      a5, 7(sp)
core   0: 3 0x80006fe6 (0x00710783) x15 0x00000000 mem 0x8002388f
core   0: 0x80006fea (0x01c67b33) and     s6, a2, t3
core   0: 3 0x80006fea (0x01c67b33) x22 0x00000000
core   0: 0x80006fee (0x015103a3) sb      s5, 7(sp)
core   0: 3 0x80006fee (0x015103a3) mem 0x8002388f 0x0
core   0: 0x80006ff2 (0x00714883) lbu     a7, 7(sp)
core   0: 3 0x80006ff2 (0x00714883) x17 0x00000000 mem 0x8002388f
core   0: 0x80006ff6 (0x00514a03) lbu     s4, 5(sp)
core   0: 3 0x80006ff6 (0x00514a03) x20 0x00000000 mem 0x8002388d
core   0: 0x80006ffa (0x71728313) addi    t1, t0, 1815
core   0: 3 0x80006ffa (0x71728313) x 6 0x00000717
core   0: 0x80006ffe (0x00510d03) lb      s10, 5(sp)
core   0: 3 0x80006ffe (0x00510d03) x26 0x00000000 mem 0x8002388d
core   0: 0x80007002 (0x8b3a4e13) xori    t3, s4, -1869
core   0: 3 0x80007002 (0x8b3a4e13) x28 0xfffff8b3
core   0: 0x80007006 (0x00510a03) lb      s4, 5(sp)
core   0: 3 0x80007006 (0x00510a03) x20 0x00000000 mem 0x8002388d
core   0: 0x8000700a (0xfe411c23) sh      tp, -8(sp)
core   0: 3 0x8000700a (0xfe411c23) mem 0x80023880 0x0000
core   0: 0x8000700e (0xff814a83) lbu     s5, -8(sp)
core   0: 3 0x8000700e (0xff814a83) x21 0x00000000 mem 0x80023880
core   0: 0x80007012 (0xff811503) lh      a0, -8(sp)
core   0: 3 0x80007012 (0xff811503) x10 0x00000000 mem 0x80023880
core   0: 0x80007016 (0xfed12c23) sw      a3, -8(sp)
core   0: 3 0x80007016 (0xfed12c23) mem 0x80023880 0x80013315
core   0: 0x8000701a (0xff810083) lb      ra, -8(sp)
core   0: 3 0x8000701a (0xff810083) x 1 0x00000015 mem 0x80023880
core   0: 0x8000701e (0x0000c21a) c.swsp  t1, 4(sp)
core   0: 3 0x8000701e (0xc21a) mem 0x8002388c 0x00000717
core   0: 0x80007020 (0x0000c097) auipc   ra, 0xc
core   0: 3 0x80007020 (0x0000c097) x 1 0x80013020
core   0: 0x80007024 (0x36608093) addi    ra, ra, 870
core   0: 3 0x80007024 (0x36608093) x 1 0x80013386
core   0: 0x80007028 (0xff10ce03) lbu     t3, -15(ra)
core   0: 3 0x80007028 (0xff10ce03) x28 0x00000000 mem 0x80013377
core   0: 0x8000702c (0xff4088a3) sb      s4, -15(ra)
core   0: 3 0x8000702c (0xff4088a3) mem 0x80013377 0x0
core   0: 0x80007030 (0x01351d33) sll     s10, a0, s3
core   0: 3 0x80007030 (0x01351d33) x26 0x00000000
core   0: 0x80007034 (0xffe088a3) sb      t5, -15(ra)
core   0: 3 0x80007034 (0xffe088a3) mem 0x80013377 0x0
core   0: 0x80007038 (0xff10c303) lbu     t1, -15(ra)
core   0: 3 0x80007038 (0xff10c303) x 6 0x00000000 mem 0x80013377
core   0: 0x8000703c (0x00008d45) c.or    a0, s1
core   0: 3 0x8000703c (0x8d45) x10 0xffffface
core   0: 0x8000703e (0x4013d033) sra     zero, t2, ra
core   0: 3 0x8000703e (0x4013d033)
core   0: 0x80007042 (0x40455193) srai    gp, a0, 4
core   0: 3 0x80007042 (0x40455193) x 3 0xffffffac
core   0: 0x80007046 (0xffc09283) lh      t0, -4(ra)
core   0: 3 0x80007046 (0xffc09283) x 5 0x00000000 mem 0x80013382
core   0: 0x8000704a (0xffc0dd03) lhu     s10, -4(ra)
core   0: 3 0x8000704a (0xffc0dd03) x26 0x00000000 mem 0x80013382
core   0: 0x8000704e (0xffd09e23) sh      t4, -4(ra)
core   0: 3 0x8000704e (0xffd09e23) mem 0x80013382 0x0000
core   0: 0x80007052 (0x0020c303) lbu     t1, 2(ra)
core   0: 3 0x80007052 (0x0020c303) x 6 0x00000000 mem 0x80013388
core   0: 0x80007056 (0x00409d83) lh      s11, 4(ra)
core   0: 3 0x80007056 (0x00409d83) x27 0x00000000 mem 0x8001338a
core   0: 0x8000705a (0x00000bfa) c.slli  s7, 30
core   0: 3 0x8000705a (0x0bfa) x23 0x00000000
core   0: 0x8000705c (0x027b0c33) mul     s8, s6, t2
core   0: 3 0x8000705c (0x027b0c33) x24 0x00000000
core   0: 0x80007060 (0x0000100f) fence.i
core   0: 3 0x80007060 (0x0000100f)
core   0: 0x80007064 (0x009086a3) sb      s1, 13(ra)
core   0: 3 0x80007064 (0x009086a3) mem 0x80013393 0xce
core   0: 0x80007068 (0x0000d117) auipc   sp, 0xd
core   0: 3 0x80007068 (0x0000d117) x 2 0x80014068
core   0: 0x8000706c (0xce310113) addi    sp, sp, -797
core   0: 3 0x8000706c (0xce310113) x 2 0x80013d4b
core   0: 0x80007070 (0xce510383) lb      t2, -795(sp)
core   0: 3 0x80007070 (0xce510383) x 7 0x00000000 mem 0x80013a30
core   0: 0x80007074 (0xaeb103a3) sb      a1, -1305(sp)
core   0: 3 0x80007074 (0xaeb103a3) mem 0x80013832 0xe4
core   0: 0x80007078 (0x2c912a83) lw      s5, 713(sp)
core   0: 3 0x80007078 (0x2c912a83) x21 0x00000000 mem 0x80014014
core   0: 0x8000707c (0xad610983) lb      s3, -1322(sp)
core   0: 3 0x8000707c (0xad610983) x19 0x00000000 mem 0x80013821
core   0: 0x80007080 (0x03c09233) mulh    tp, ra, t3
core   0: 3 0x80007080 (0x03c09233) x 4 0x00000000
core   0: 0x80007084 (0xf4b14f83) lbu     t6, -181(sp)
core   0: 3 0x80007084 (0xf4b14f83) x31 0x00000000 mem 0x80013c96
core   0: 0x80007088 (0x60473a93) sltiu   s5, a4, 1540
core   0: 3 0x80007088 (0x60473a93) x21 0x00000000
core   0: 0x8000708c (0xb5d14483) lbu     s1, -1187(sp)
core   0: 3 0x8000708c (0xb5d14483) x 9 0x00000000 mem 0x800138a8
core   0: 0x80007090 (0x0f314983) lbu     s3, 243(sp)
core   0: 3 0x80007090 (0x0f314983) x19 0x00000000 mem 0x80013e3e
core   0: 0x80007094 (0xfb610803) lb      a6, -74(sp)
core   0: 3 0x80007094 (0xfb610803) x16 0x00000000 mem 0x80013d01
core   0: 0x80007098 (0x00008979) c.andi  a0, 30
core   0: 3 0x80007098 (0x8979) x10 0x0000000e
core   0: 0x8000709a (0x00008cdd) c.or    s1, a5
core   0: 3 0x8000709a (0x8cdd) x 9 0x00000000
core   0: 0x8000709c (0xbf310ca3) sb      s3, -1031(sp)
core   0: 3 0x8000709c (0xbf310ca3) mem 0x80013944 0x0
core   0: 0x800070a0 (0xbe410723) sb      tp, -1042(sp)
core   0: 3 0x800070a0 (0xbe410723) mem 0x80013939 0x0
core   0: 0x800070a4 (0xc9410603) lb      a2, -876(sp)
core   0: 3 0x800070a4 (0xc9410603) x12 0x00000000 mem 0x800139df
core   0: 0x800070a8 (0x03486ab3) rem     s5, a6, s4
core   0: 3 0x800070a8 (0x03486ab3) x21 0x00000000
core   0: 0x800070ac (0x00008d3d) c.xor   a0, a5
core   0: 3 0x800070ac (0x8d3d) x10 0x0000000e
core   0: 0x800070ae (0x8e810083) lb      ra, -1816(sp)
core   0: 3 0x800070ae (0x8e810083) x 1 0x00000000 mem 0x80013633
core   0: 0x800070b2 (0xb9a10d23) sb      s10, -1126(sp)
core   0: 3 0x800070b2 (0xb9a10d23) mem 0x800138e5 0x0
core   0: 0x800070b6 (0x81710f23) sb      s7, -2018(sp)
core   0: 3 0x800070b6 (0x81710f23) mem 0x80013569 0x0
core   0: 0x800070ba (0x0000100f) fence.i
core   0: 3 0x800070ba (0x0000100f)
core   0: 0x800070be (0x26110983) lb      s3, 609(sp)
core   0: 3 0x800070be (0x26110983) x19 0x00000000 mem 0x80013fac
core   0: 0x800070c2 (0xb3e10003) lb      zero, -1218(sp)
core   0: 3 0x800070c2 (0xb3e10003) mem 0x80013889
core   0: 0x800070c6 (0xee410f23) sb      tp, -258(sp)
core   0: 3 0x800070c6 (0xee410f23) mem 0x80013c49 0x0
core   0: 0x800070ca (0x26b115a3) sh      a1, 619(sp)
core   0: 3 0x800070ca (0x26b115a3) mem 0x80013fb6 0xcce4
core   0: 0x800070ce (0xf9b10523) sb      s11, -118(sp)
core   0: 3 0x800070ce (0xf9b10523) mem 0x80013cd5 0x0
core   0: 0x800070d2 (0x00008925) c.andi  a0, 9
core   0: 3 0x800070d2 (0x8925) x10 0x00000008
core   0: 0x800070d4 (0x2cf14a03) lbu     s4, 719(sp)
core   0: 3 0x800070d4 (0x2cf14a03) x20 0x00000000 mem 0x8001401a
core   0: 0x800070d8 (0x0000828a) c.mv    t0, sp
core   0: 3 0x800070d8 (0x828a) x 5 0x80013d4b
core   0: 0x800070da (0xd7715483) lhu     s1, -649(sp)
core   0: 3 0x800070da (0xd7715483) x 9 0x00000000 mem 0x80013ac2
core   0: 0x800070de (0xe5614383) lbu     t2, -426(sp)
core   0: 3 0x800070de (0xe5614383) x 7 0x00000000 mem 0x80013ba1
core   0: 0x800070e2 (0xdf112f83) lw      t6, -527(sp)
core   0: 3 0x800070e2 (0xdf112f83) x31 0x0000509c mem 0x80013b3c
core   0: 0x800070e6 (0x41ef03b3) sub     t2, t5, t5
core   0: 3 0x800070e6 (0x41ef03b3) x 7 0x00000000
core   0: 0x800070ea (0x08810083) lb      ra, 136(sp)
core   0: 3 0x800070ea (0x08810083) x 1 0x00000000 mem 0x80013dd3
core   0: 0x800070ee (0xda8112a3) sh      s0, -603(sp)
core   0: 3 0x800070ee (0xda8112a3) mem 0x80013af0 0x0000
core   0: 0x800070f2 (0x0238fe33) remu    t3, a7, gp
core   0: 3 0x800070f2 (0x0238fe33) x28 0x00000000
core   0: 0x800070f6 (0x08010fa3) sb      zero, 159(sp)
core   0: 3 0x800070f6 (0x08010fa3) mem 0x80013dea 0x0
core   0: 0x800070fa (0x14c14083) lbu     ra, 332(sp)
core   0: 3 0x800070fa (0x14c14083) x 1 0x00000000 mem 0x80013e97
core   0: 0x800070fe (0x0031bbb3) sltu    s7, gp, gp
core   0: 3 0x800070fe (0x0031bbb3) x23 0x00000000
core   0: 0x80007102 (0x03a48533) mul     a0, s1, s10
core   0: 3 0x80007102 (0x03a48533) x10 0x00000000
core   0: 0x80007106 (0x00008c11) c.sub   s0, a2
core   0: 3 0x80007106 (0x8c11) x 8 0x00000000
core   0: 0x80007108 (0xf4710803) lb      a6, -185(sp)
core   0: 3 0x80007108 (0xf4710803) x16 0x00000002 mem 0x80013c92
core   0: 0x8000710c (0xfd414e03) lbu     t3, -44(sp)
core   0: 3 0x8000710c (0xfd414e03) x28 0x00000000 mem 0x80013d1f
core   0: 0x80007110 (0x0000ce17) auipc   t3, 0xc
core   0: 3 0x80007110 (0x0000ce17) x28 0x80013110
core   0: 0x80007114 (0x2efe0e13) addi    t3, t3, 751
core   0: 3 0x80007114 (0x2efe0e13) x28 0x800133ff
core   0: 0x80007118 (0xaa5e3c93) sltiu   s9, t3, -1371
core   0: 3 0x80007118 (0xaa5e3c93) x25 0x00000001
core   0: 0x8000711c (0x000087f2) c.mv    a5, t3
core   0: 3 0x8000711c (0x87f2) x15 0x800133ff
core   0: 0x8000711e (0x01eb8433) add     s0, s7, t5
core   0: 3 0x8000711e (0x01eb8433) x 8 0x80000000
core   0: 0x80007122 (0x0000882e) c.mv    a6, a1
core   0: 3 0x80007122 (0x882e) x16 0x8002cce4
core   0: 0x80007124 (0x0e3e5103) lhu     sp, 227(t3)
core   0: 3 0x80007124 (0x0e3e5103) x 2 0x00000000 mem 0x800134e2
core   0: 0x80007128 (0x00008c8a) c.mv    s9, sp
core   0: 3 0x80007128 (0x8c8a) x25 0x00000000
core   0: 0x8000712a (0x00459a13) slli    s4, a1, 4
core   0: 3 0x8000712a (0x00459a13) x20 0x002cce40
core   0: 0x8000712e (0xf27e18a3) sh      t2, -207(t3)
core   0: 3 0x8000712e (0xf27e18a3) mem 0x80013330 0x0000
core   0: 0x80007132 (0x056e4103) lbu     sp, 86(t3)
core   0: 3 0x80007132 (0x056e4103) x 2 0x00000000 mem 0x80013455
core   0: 0x80007136 (0x02fe5983) lhu     s3, 47(t3)
core   0: 3 0x80007136 (0x02fe5983) x19 0x00000000 mem 0x8001342e
core   0: 0x8000713a (0x00000001) c.nop
core   0: 3 0x8000713a (0x0001)
core   0: 0x8000713c (0x013419b3) sll     s3, s0, s3
core   0: 3 0x8000713c (0x013419b3) x19 0x80000000
core   0: 0x80007140 (0x007b0433) add     s0, s6, t2
core   0: 3 0x80007140 (0x007b0433) x 8 0x00000000
core   0: 0x80007144 (0x00004219) c.li    tp, 6
core   0: 3 0x80007144 (0x4219) x 4 0x00000006
core   0: 0x80007146 (0xfade0a23) sb      a3, -76(t3)
core   0: 3 0x80007146 (0xfade0a23) mem 0x800133b3 0x15
core   0: 0x8000714a (0xf17e1d03) lh      s10, -233(t3)
core   0: 3 0x8000714a (0xf17e1d03) x26 0x00000000 mem 0x80013316
core   0: 0x8000714e (0x00008fb5) c.xor   a5, a3
core   0: 3 0x8000714e (0x8fb5) x15 0x000000ea
core   0: 0x80007150 (0xfc6e0d03) lb      s10, -58(t3)
core   0: 3 0x80007150 (0xfc6e0d03) x26 0x00000000 mem 0x800133c5
core   0: 0x80007154 (0x00008e11) c.sub   a2, a2
core   0: 3 0x80007154 (0x8e11) x12 0x00000000
core   0: 0x80007156 (0xbdddcb13) xori    s6, s11, -1059
core   0: 3 0x80007156 (0xbdddcb13) x22 0xfffffbdd
core   0: 0x8000715a (0x00000c32) c.slli  s8, 12
core   0: 3 0x8000715a (0x0c32) x24 0x00000000
core   0: 0x8000715c (0x0169ed33) or      s10, s3, s6
core   0: 3 0x8000715c (0x0169ed33) x26 0xfffffbdd
core   0: 0x80007160 (0xf45e0023) sb      t0, -192(t3)
core   0: 3 0x80007160 (0xf45e0023) mem 0x8001333f 0x4b
core   0: 0x80007164 (0xf3b7e393) ori     t2, a5, -197
core   0: 3 0x80007164 (0xf3b7e393) x 7 0xfffffffb
core   0: 0x80007168 (0x09ce0a03) lb      s4, 156(t3)
core   0: 3 0x80007168 (0x09ce0a03) x20 0x00000000 mem 0x8001349b
core   0: 0x8000716c (0x001a6a33) or      s4, s4, ra
core   0: 3 0x8000716c (0x001a6a33) x20 0x00000000
core   0: 0x80007170 (0xfeee0a83) lb      s5, -18(t3)
core   0: 3 0x80007170 (0xfeee0a83) x21 0x00000000 mem 0x800133ed
core   0: 0x80007174 (0xce874393) xori    t2, a4, -792
core   0: 3 0x80007174 (0xce874393) x 7 0x7ffd72b0
core   0: 0x80007178 (0xdd96cf93) xori    t6, a3, -551
core   0: 3 0x80007178 (0xdd96cf93) x31 0x7ffececc
core   0: 0x8000717c (0x008047b3) xor     a5, zero, s0
core   0: 3 0x8000717c (0x008047b3) x15 0x00000000
core   0: 0x80007180 (0x00000001) c.nop
core   0: 3 0x80007180 (0x0001)
core   0: 0x80007182 (0xffde1e83) lh      t4, -3(t3)
core   0: 3 0x80007182 (0xffde1e83) x29 0x00000000 mem 0x800133fc
core   0: 0x80007186 (0xf5ae0303) lb      t1, -166(t3)
core   0: 3 0x80007186 (0xf5ae0303) x 6 0x00000000 mem 0x80013359
core   0: 0x8000718a (0x00000388) c.addi4spn a0, sp, 448
core   0: 3 0x8000718a (0x0388) x10 0x000001c0
core   0: 0x8000718c (0x00b2b533) sltu    a0, t0, a1
core   0: 3 0x8000718c (0x00b2b533) x10 0x00000001
core   0: 0x80007190 (0xfd7e5783) lhu     a5, -41(t3)
core   0: 3 0x80007190 (0xfd7e5783) x15 0x00000000 mem 0x800133d6
core   0: 0x80007194 (0x00009b7a) c.add   s6, t5
core   0: 3 0x80007194 (0x9b7a) x22 0x7ffffbdd
core   0: 0x80007196 (0x00218cb3) add     s9, gp, sp
core   0: 3 0x80007196 (0x00218cb3) x25 0xffffffac
core   0: 0x8000719a (0xbbb96b37) lui     s6, 0xbbb96
core   0: 3 0x8000719a (0xbbb96b37) x22 0xbbb96000
core   0: 0x8000719e (0x019f9433) sll     s0, t6, s9
core   0: 3 0x8000719e (0x019f9433) x 8 0xececc000
core   0: 0x800071a2 (0xf0fe0e83) lb      t4, -241(t3)
core   0: 3 0x800071a2 (0xf0fe0e83) x29 0x00000000 mem 0x8001330e
core   0: 0x800071a6 (0x45038193) addi    gp, t2, 1104
core   0: 3 0x800071a6 (0x45038193) x 3 0x7ffd7700
core   0: 0x800071aa (0x043e1a83) lh      s5, 67(t3)
core   0: 3 0x800071aa (0x043e1a83) x21 0x00000000 mem 0x80013442
core   0: 0x800071ae (0x0001c517) auipc   a0, 0x1c
core   0: 3 0x800071ae (0x0001c517) x10 0x800231ae
core   0: 0x800071b2 (0x79b50513) addi    a0, a0, 1947
core   0: 3 0x800071b2 (0x79b50513) x10 0x80023949
core   0: 0x800071b6 (0x415b0933) sub     s2, s6, s5
core   0: 3 0x800071b6 (0x415b0933) x18 0xbbb96000
core   0: 0x800071ba (0xe1c54783) lbu     a5, -484(a0)
core   0: 3 0x800071ba (0xe1c54783) x15 0x00000000 mem 0x80023765
core   0: 0x800071be (0x01f98d33) add     s10, s3, t6
core   0: 3 0x800071be (0x01f98d33) x26 0xfffececc
core   0: 0x800071c2 (0xe7350623) sb      s3, -404(a0)
core   0: 3 0x800071c2 (0xe7350623) mem 0x800237b5 0x0
core   0: 0x800071c6 (0xd8d55d83) lhu     s11, -627(a0)
core   0: 3 0x800071c6 (0xd8d55d83) x27 0x00000000 mem 0x800236d6
core   0: 0x800071ca (0xb6650683) lb      a3, -1178(a0)
core   0: 3 0x800071ca (0xb6650683) x13 0x00000000 mem 0x800234af
core   0: 0x800071ce (0x024394b3) mulh    s1, t2, tp
core   0: 3 0x800071ce (0x024394b3) x 9 0x00000002
core   0: 0x800071d2 (0x0000987d) c.andi  s0, -1
core   0: 3 0x800071d2 (0x987d) x 8 0xececc000
core   0: 0x800071d4 (0x3e554883) lbu     a7, 997(a0)
core   0: 3 0x800071d4 (0x3e554883) x17 0x00000000 mem 0x80023d2e
core   0: 0x800071d8 (0xb36be793) ori     a5, s7, -1226
core   0: 3 0x800071d8 (0xb36be793) x15 0xfffffb36
core   0: 0x800071dc (0x0ff0000f) fence   iorw,iorw
core   0: 3 0x800071dc (0x0ff0000f)
core   0: 0x800071e0 (0x00649933) sll     s2, s1, t1
core   0: 3 0x800071e0 (0x00649933) x18 0x00000002
core   0: 0x800071e4 (0xedb54d83) lbu     s11, -293(a0)
core   0: 3 0x800071e4 (0xedb54d83) x27 0x00000000 mem 0x80023824
core   0: 0x800071e8 (0x98751e83) lh      t4, -1657(a0)
core   0: 3 0x800071e8 (0x98751e83) x29 0x00000000 mem 0x800232d0
core   0: 0x800071ec (0x019f5313) srli    t1, t5, 25
core   0: 3 0x800071ec (0x019f5313) x 6 0x00000040
core   0: 0x800071f0 (0x00c60bb3) add     s7, a2, a2
core   0: 3 0x800071f0 (0x00c60bb3) x23 0x00000000
core   0: 0x800071f4 (0x02a394b3) mulh    s1, t2, a0
core   0: 3 0x800071f4 (0x02a394b3) x 9 0xc0026346
core   0: 0x800071f8 (0x021c1d33) mulh    s10, s8, ra
core   0: 3 0x800071f8 (0x021c1d33) x26 0x00000000
core   0: 0x800071fc (0x12a50d03) lb      s10, 298(a0)
core   0: 3 0x800071fc (0x12a50d03) x26 0x00000000 mem 0x80023a73
core   0: 0x80007200 (0x60cec693) xori    a3, t4, 1548
core   0: 3 0x80007200 (0x60cec693) x13 0x0000060c
core   0: 0x80007204 (0x51355403) lhu     s0, 1299(a0)
core   0: 3 0x80007204 (0x51355403) x 8 0x00000000 mem 0x80023e5c
core   0: 0x80007208 (0x0f352da3) sw      s3, 251(a0)
core   0: 3 0x80007208 (0x0f352da3) mem 0x80023a44 0x80000000
core   0: 0x8000720c (0x020442b3) div     t0, s0, zero
core   0: 3 0x8000720c (0x020442b3) x 5 0xffffffff
core   0: 0x80007210 (0x01481093) slli    ra, a6, 20
core   0: 3 0x80007210 (0x01481093) x 1 0xce400000
core   0: 0x80007214 (0x03d090b3) mulh    ra, ra, t4
core   0: 3 0x80007214 (0x03d090b3) x 1 0x00000000
core   0: 0x80007218 (0x000080f9) c.srli  s1, 30
core   0: 3 0x80007218 (0x80f9) x 9 0x00000003
core   0: 0x8000721a (0xf0e50b83) lb      s7, -242(a0)
core   0: 3 0x8000721a (0xf0e50b83) x23 0x00000000 mem 0x80023857
core   0: 0x8000721e (0x0000d197) auipc   gp, 0xd
core   0: 3 0x8000721e (0x0000d197) x 3 0x8001421e
core   0: 0x80007222 (0xb8518193) addi    gp, gp, -1147
core   0: 3 0x80007222 (0xb8518193) x 3 0x80013da3
core   0: 0x80007226 (0x03e1ce03) lbu     t3, 62(gp)
core   0: 3 0x80007226 (0x03e1ce03) x28 0x00000000 mem 0x80013de1
core   0: 0x8000722a (0x03418923) sb      s4, 50(gp)
core   0: 3 0x8000722a (0x03418923) mem 0x80013dd5 0x0
core   0: 0x8000722e (0x03c1c803) lbu     a6, 60(gp)
core   0: 3 0x8000722e (0x03c1c803) x16 0x00000000 mem 0x80013ddf
core   0: 0x80007232 (0xff818083) lb      ra, -8(gp)
core   0: 3 0x80007232 (0xff818083) x 1 0x00000000 mem 0x80013d9b
core   0: 0x80007236 (0x0079d113) srli    sp, s3, 7
core   0: 3 0x80007236 (0x0079d113) x 2 0x01000000
core   0: 0x8000723a (0x029194a3) sh      s1, 41(gp)
core   0: 3 0x8000723a (0x029194a3) mem 0x80013dcc 0x0003
core   0: 0x8000723e (0x013da9b3) slt     s3, s11, s3
core   0: 3 0x8000723e (0x013da9b3) x19 0x00000000
core   0: 0x80007242 (0x02c1a4a3) sw      a2, 41(gp)
core   0: 3 0x80007242 (0x02c1a4a3) mem 0x80013dcc 0x00000000
core   0: 0x80007246 (0xfde1c283) lbu     t0, -34(gp)
core   0: 3 0x80007246 (0xfde1c283) x 5 0x00000000 mem 0x80013d81
core   0: 0x8000724a (0xfdb18483) lb      s1, -37(gp)
core   0: 3 0x8000724a (0xfdb18483) x 9 0x00000000 mem 0x80013d7e
core   0: 0x8000724e (0x2b9f3897) auipc   a7, 0x2b9f3
core   0: 3 0x8000724e (0x2b9f3897) x17 0xab9fa24e
core   0: 0x80007252 (0xfcc1c883) lbu     a7, -52(gp)
core   0: 3 0x80007252 (0xfcc1c883) x17 0x00000000 mem 0x80013d6f
core   0: 0x80007256 (0x01f18923) sb      t6, 18(gp)
core   0: 3 0x80007256 (0x01f18923) mem 0x80013db5 0xcc
core   0: 0x8000725a (0x01c1ce83) lbu     t4, 28(gp)
core   0: 3 0x8000725a (0x01c1ce83) x29 0x00000000 mem 0x80013dbf
core   0: 0x8000725e (0x01c18103) lb      sp, 28(gp)
core   0: 3 0x8000725e (0x01c18103) x 2 0x00000000 mem 0x80013dbf
core   0: 0x80007262 (0x00818e23) sb      s0, 28(gp)
core   0: 3 0x80007262 (0x00818e23) mem 0x80013dbf 0x0
core   0: 0x80007266 (0x03218483) lb      s1, 50(gp)
core   0: 3 0x80007266 (0x03218483) x 9 0x00000000 mem 0x80013dd5
core   0: 0x8000726a (0xfcf1cc03) lbu     s8, -49(gp)
core   0: 3 0x8000726a (0xfcf1cc03) x24 0x00000000 mem 0x80013d72
core   0: 0x8000726e (0x037fdbb3) divu    s7, t6, s7
core   0: 3 0x8000726e (0x037fdbb3) x23 0xffffffff
core   0: 0x80007272 (0x00008289) c.srli  a3, 2
core   0: 3 0x80007272 (0x8289) x13 0x00000183
core   0: 0x80007274 (0x00008e11) c.sub   a2, a2
core   0: 3 0x80007274 (0x8e11) x12 0x00000000
core   0: 0x80007276 (0xfce197a3) sh      a4, -49(gp)
core   0: 3 0x80007276 (0xfce197a3) mem 0x80013d72 0x8e58
core   0: 0x8000727a (0x00008d01) c.sub   a0, s0
core   0: 3 0x8000727a (0x8d01) x10 0x80023949
core   0: 0x8000727c (0xfc3197a3) sh      gp, -49(gp)
core   0: 3 0x8000727c (0xfc3197a3) mem 0x80013d72 0x3da3
core   0: 0x80007280 (0x0000c697) auipc   a3, 0xc
core   0: 3 0x80007280 (0x0000c697) x13 0x80013280
core   0: 0x80007284 (0x01868693) addi    a3, a3, 24
core   0: 3 0x80007284 (0x01868693) x13 0x80013298
core   0: 0x80007288 (0x01aadc13) srli    s8, s5, 26
core   0: 3 0x80007288 (0x01aadc13) x24 0x00000000
core   0: 0x8000728c (0xfd168483) lb      s1, -47(a3)
core   0: 3 0x8000728c (0xfd168483) x 9 0x00000000 mem 0x80013269
core   0: 0x80007290 (0x00000001) c.nop
core   0: 3 0x80007290 (0x0001)
core   0: 0x80007292 (0x01adc333) xor     t1, s11, s10
core   0: 3 0x80007292 (0x01adc333) x 6 0x00000000
core   0: 0x80007296 (0xfd669823) sh      s6, -48(a3)
core   0: 3 0x80007296 (0xfd669823) mem 0x80013268 0x6000
core   0: 0x8000729a (0xfc26cd03) lbu     s10, -62(a3)
core   0: 3 0x8000729a (0xfc26cd03) x26 0x00000000 mem 0x8001325a
core   0: 0x8000729e (0x90247613) andi    a2, s0, -1790
core   0: 3 0x8000729e (0x90247613) x12 0x00000000
core   0: 0x800072a2 (0xfc269183) lh      gp, -62(a3)
core   0: 3 0x800072a2 (0xfc269183) x 3 0x00000000 mem 0x8001325a
core   0: 0x800072a6 (0x00000536) c.slli  a0, 13
core   0: 3 0x800072a6 (0x0536) x10 0x47292000
core   0: 0x800072a8 (0xfc269f83) lh      t6, -62(a3)
core   0: 3 0x800072a8 (0xfc269f83) x31 0x00000000 mem 0x8001325a
core   0: 0x800072ac (0xfec68983) lb      s3, -20(a3)
core   0: 3 0x800072ac (0xfec68983) x19 0x00000000 mem 0x80013284
core   0: 0x800072b0 (0x136db993) sltiu   s3, s11, 310
core   0: 3 0x800072b0 (0x136db993) x19 0x00000001
core   0: 0x800072b4 (0xfe0689a3) sb      zero, -13(a3)
core   0: 3 0x800072b4 (0xfe0689a3) mem 0x8001328b 0x0
core   0: 0x800072b8 (0x03768783) lb      a5, 55(a3)
core   0: 3 0x800072b8 (0x03768783) x15 0x00000000 mem 0x800132cf
core   0: 0x800072bc (0x01568983) lb      s3, 21(a3)
core   0: 3 0x800072bc (0x01568983) x19 0x00000000 mem 0x800132ad
core   0: 0x800072c0 (0x000042a4) c.lw    s1, 64(a3)
core   0: 3 0x800072c0 (0x42a4) x 9 0x00000000 mem 0x800132d8
core   0: 0x800072c2 (0x0250f533) remu    a0, ra, t0
core   0: 3 0x800072c2 (0x0250f533) x10 0x00000000
core   0: 0x800072c6 (0x26ef7d13) andi    s10, t5, 622
core   0: 3 0x800072c6 (0x26ef7d13) x26 0x00000000
core   0: 0x800072ca (0x03704533) div     a0, zero, s7
core   0: 3 0x800072ca (0x03704533) x10 0x00000000
core   0: 0x800072ce (0xfdb68e83) lb      t4, -37(a3)
core   0: 3 0x800072ce (0xfdb68e83) x29 0x00000000 mem 0x80013273
core   0: 0x800072d2 (0x9cd9a213) slti    tp, s3, -1587
core   0: 3 0x800072d2 (0x9cd9a213) x 4 0x00000000
core   0: 0x800072d6 (0x008d9913) slli    s2, s11, 8
core   0: 3 0x800072d6 (0x008d9913) x18 0x00000000
core   0: 0x800072da (0x0246d203) lhu     tp, 36(a3)
core   0: 3 0x800072da (0x0246d203) x 4 0x00000000 mem 0x800132bc
core   0: 0x800072de (0x00db1b93) slli    s7, s6, 13
core   0: 3 0x800072de (0x00db1b93) x23 0x2c000000
core   0: 0x800072e2 (0x03768c83) lb      s9, 55(a3)
core   0: 3 0x800072e2 (0x03768c83) x25 0x00000000 mem 0x800132cf
core   0: 0x800072e6 (0x000042a0) c.lw    s0, 64(a3)
core   0: 3 0x800072e6 (0x42a0) x 8 0x00000000 mem 0x800132d8
core   0: 0x800072e8 (0xffc6d383) lhu     t2, -4(a3)
core   0: 3 0x800072e8 (0xffc6d383) x 7 0x00000000 mem 0x80013294
core   0: 0x800072ec (0x039d7e33) remu    t3, s10, s9
core   0: 3 0x800072ec (0x039d7e33) x28 0x00000000
core   0: 0x800072f0 (0x00008265) c.srli  a2, 25
core   0: 3 0x800072f0 (0x8265) x12 0x00000000
core   0: 0x800072f2 (0x00006125) c.addi16sp sp, 96
core   0: 3 0x800072f2 (0x6125) x 2 0x00000060
core   0: 0x800072f4 (0x00008ff5) c.and   a5, a3
core   0: 3 0x800072f4 (0x8ff5) x15 0x00000000
core   0: 0x800072f6 (0xfd26de83) lhu     t4, -46(a3)
core   0: 3 0x800072f6 (0xfd26de83) x29 0x00000000 mem 0x8001326a
core   0: 0x800072fa (0x413ad433) sra     s0, s5, s3
core   0: 3 0x800072fa (0x413ad433) x 8 0x00000000
core   0: 0x800072fe (0x00008c8e) c.mv    s9, gp
core   0: 3 0x800072fe (0x8c8e) x25 0x00000000
core   0: 0x80007300 (0x00008d71) c.and   a0, a2
core   0: 3 0x80007300 (0x8d71) x10 0x00000000
core   0: 0x80007302 (0x41045193) srai    gp, s0, 16
core   0: 3 0x80007302 (0x41045193) x 3 0x00000000
core   0: 0x80007306 (0xfea69923) sh      a0, -14(a3)
core   0: 3 0x80007306 (0xfea69923) mem 0x8001328a 0x0000
core   0: 0x8000730a (0xfd168303) lb      t1, -47(a3)
core   0: 3 0x8000730a (0xfd168303) x 6 0x00000060 mem 0x80013269
core   0: 0x8000730e (0x02dd3233) mulhu   tp, s10, a3
core   0: 3 0x8000730e (0x02dd3233) x 4 0x00000000
core   0: 0x80007312 (0x00368603) lb      a2, 3(a3)
core   0: 3 0x80007312 (0x00368603) x12 0x00000000 mem 0x8001329b
core   0: 0x80007316 (0x02733833) mulhu   a6, t1, t2
core   0: 3 0x80007316 (0x02733833) x16 0x00000000
core   0: 0x8000731a (0xff56a623) sw      s5, -20(a3)
core   0: 3 0x8000731a (0xff56a623) mem 0x80013284 0x00000000
core   0: 0x8000731e (0x12a1e337) lui     t1, 0x12a1e
core   0: 3 0x8000731e (0x12a1e337) x 6 0x12a1e000
core   0: 0x80007322 (0x7ec73c37) lui     s8, 0x7ec73
core   0: 3 0x80007322 (0x7ec73c37) x24 0x7ec73000
core   0: 0x80007326 (0x68e4e393) ori     t2, s1, 1678
core   0: 3 0x80007326 (0x68e4e393) x 7 0x0000068e
core   0: 0x8000732a (0xfd46c803) lbu     a6, -44(a3)
core   0: 3 0x8000732a (0xfd46c803) x16 0x00000000 mem 0x8001326c
core   0: 0x8000732e (0xfe16c503) lbu     a0, -31(a3)
core   0: 3 0x8000732e (0xfe16c503) x10 0x00000000 mem 0x80013279
core   0: 0x80007332 (0xfe468183) lb      gp, -28(a3)
core   0: 3 0x80007332 (0xfe468183) x 3 0x00000000 mem 0x8001327c
core   0: 0x80007336 (0x012684a3) sb      s2, 9(a3)
core   0: 3 0x80007336 (0x012684a3) mem 0x800132a1 0x0
core   0: 0x8000733a (0x0001cc17) auipc   s8, 0x1c
core   0: 3 0x8000733a (0x0001cc17) x24 0x8002333a
core   0: 0x8000733e (0x5c8c0c13) addi    s8, s8, 1480
core   0: 3 0x8000733e (0x5c8c0c13) x24 0x80023902
core   0: 0x80007342 (0x00006925) c.lui   s2, 0x9
core   0: 3 0x80007342 (0x6925) x18 0x00009000
core   0: 0x80007344 (0x7914e013) ori     zero, s1, 1937
core   0: 3 0x80007344 (0x7914e013)
core   0: 0x80007348 (0x00008e85) c.sub   a3, s1
core   0: 3 0x80007348 (0x8e85) x13 0x80013298
core   0: 0x8000734a (0xfcac2083) lw      ra, -54(s8)
core   0: 3 0x8000734a (0xfcac2083) x 1 0x00000000 mem 0x800238cc
core   0: 0x8000734e (0x010c07a3) sb      a6, 15(s8)
core   0: 3 0x8000734e (0x010c07a3) mem 0x80023911 0x0
core   0: 0x80007352 (0xfdbc02a3) sb      s11, -59(s8)
core   0: 3 0x80007352 (0xfdbc02a3) mem 0x800238c7 0x0
core   0: 0x80007356 (0x024c0ca3) sb      tp, 57(s8)
core   0: 3 0x80007356 (0x024c0ca3) mem 0x8002393b 0x0
core   0: 0x8000735a (0x01ac1a23) sh      s10, 20(s8)
core   0: 3 0x8000735a (0x01ac1a23) mem 0x80023916 0x0000
core   0: 0x8000735e (0x018c8533) add     a0, s9, s8
core   0: 3 0x8000735e (0x018c8533) x10 0x80023902
core   0: 0x80007362 (0x00008ca5) c.xor   s1, s1
core   0: 3 0x80007362 (0x8ca5) x 9 0x00000000
core   0: 0x80007364 (0x00008e3d) c.xor   a2, a5
core   0: 3 0x80007364 (0x8e3d) x12 0x00000000
core   0: 0x80007366 (0x00dc0a23) sb      a3, 20(s8)
core   0: 3 0x80007366 (0x00dc0a23) mem 0x80023916 0x98
core   0: 0x8000736a (0x02fc4b03) lbu     s6, 47(s8)
core   0: 3 0x8000736a (0x02fc4b03) x22 0x00000000 mem 0x80023931
core   0: 0x8000736e (0xfecc4d83) lbu     s11, -20(s8)
core   0: 3 0x8000736e (0xfecc4d83) x27 0x00000000 mem 0x800238ee
core   0: 0x80007372 (0x408603b3) sub     t2, a2, s0
core   0: 3 0x80007372 (0x408603b3) x 7 0x00000000
core   0: 0x80007376 (0xfcdc0003) lb      zero, -51(s8)
core   0: 3 0x80007376 (0xfcdc0003) mem 0x800238cf
core   0: 0x8000737a (0xfedc0d03) lb      s10, -19(s8)
core   0: 3 0x8000737a (0xfedc0d03) x26 0x00000000 mem 0x800238ef
core   0: 0x8000737e (0xfd3c4783) lbu     a5, -45(s8)
core   0: 3 0x8000737e (0xfd3c4783) x15 0x00000000 mem 0x800238d5
core   0: 0x80007382 (0x0000c117) auipc   sp, 0xc
core   0: 3 0x80007382 (0x0000c117) x 2 0x80013382
core   0: 0x80007386 (0xf9d10113) addi    sp, sp, -99
core   0: 3 0x80007386 (0xf9d10113) x 2 0x8001331f
core   0: 0x8000738a (0x0ca14f83) lbu     t6, 202(sp)
core   0: 3 0x8000738a (0x0ca14f83) x31 0x00000000 mem 0x800133e9
core   0: 0x8000738e (0x5fc81db7) lui     s11, 0x5fc81
core   0: 3 0x8000738e (0x5fc81db7) x27 0x5fc81000
core   0: 0x80007392 (0xf6410903) lb      s2, -156(sp)
core   0: 3 0x80007392 (0xf6410903) x18 0x00000000 mem 0x80013283
core   0: 0x80007396 (0xf6410f83) lb      t6, -156(sp)
core   0: 3 0x80007396 (0xf6410f83) x31 0x00000000 mem 0x80013283
core   0: 0x8000739a (0xfd715183) lhu     gp, -41(sp)
core   0: 3 0x8000739a (0xfd715183) x 3 0x00000000 mem 0x800132f6
core   0: 0x8000739e (0x4b7ce313) ori     t1, s9, 1207
core   0: 3 0x8000739e (0x4b7ce313) x 6 0x000004b7
core   0: 0x800073a2 (0x0ef10123) sb      a5, 226(sp)
core   0: 3 0x800073a2 (0x0ef10123) mem 0x80013401 0x0
core   0: 0x800073a6 (0xf5010a83) lb      s5, -176(sp)
core   0: 3 0x800073a6 (0xf5010a83) x21 0x00000000 mem 0x8001326f
core   0: 0x800073aa (0xf5210823) sb      s2, -176(sp)
core   0: 3 0x800073aa (0xf5210823) mem 0x8001326f 0x0
core   0: 0x800073ae (0x0a010023) sb      zero, 160(sp)
core   0: 3 0x800073ae (0x0a010023) mem 0x800133bf 0x0
core   0: 0x800073b2 (0x02d122a3) sw      a3, 37(sp)
core   0: 3 0x800073b2 (0x02d122a3) mem 0x80013344 0x80013298
core   0: 0x800073b6 (0xfcd12803) lw      a6, -51(sp)
core   0: 3 0x800073b6 (0xfcd12803) x16 0x00000000 mem 0x800132ec
core   0: 0x800073ba (0xf0014983) lbu     s3, -256(sp)
core   0: 3 0x800073ba (0xf0014983) x19 0x00000000 mem 0x8001321f
core   0: 0x800073be (0x00016917) auipc   s2, 0x16
core   0: 3 0x800073be (0x00016917) x18 0x8001d3be
core   0: 0x800073c2 (0x76190913) addi    s2, s2, 1889
core   0: 3 0x800073c2 (0x76190913) x18 0x8001db1f
core   0: 0x800073c6 (0x0000cf97) auipc   t6, 0xc
core   0: 3 0x800073c6 (0x0000cf97) x31 0x800133c6
core   0: 0x800073ca (0xf25f8f93) addi    t6, t6, -219
core   0: 3 0x800073ca (0xf25f8f93) x31 0x800132eb
core   0: 0x800073ce (0xf8990983) lb      s3, -119(s2)
core   0: 3 0x800073ce (0xf8990983) x19 0x00000000 mem 0x8001daa8
core   0: 0x800073d2 (0x0e191b03) lh      s6, 225(s2)
core   0: 3 0x800073d2 (0x0e191b03) x22 0x00000000 mem 0x8001dc00
core   0: 0x800073d6 (0xff7fd783) lhu     a5, -9(t6)
core   0: 3 0x800073d6 (0xff7fd783) x15 0x00000000 mem 0x800132e2
core   0: 0x800073da (0x01b91b03) lh      s6, 27(s2)
core   0: 3 0x800073da (0x01b91b03) x22 0x00000000 mem 0x8001db3a
core   0: 0x800073de (0xfe0f8d23) sb      zero, -6(t6)
core   0: 3 0x800073de (0xfe0f8d23) mem 0x800132e5 0x0
core   0: 0x800073e2 (0x02890b83) lb      s7, 40(s2)
core   0: 3 0x800073e2 (0x02890b83) x23 0x00000000 mem 0x8001db47
core   0: 0x800073e6 (0x002f8823) sb      sp, 16(t6)
core   0: 3 0x800073e6 (0x002f8823) mem 0x800132fb 0x1f
core   0: 0x800073ea (0xf0b90e03) lb      t3, -245(s2)
core   0: 3 0x800073ea (0xf0b90e03) x28 0x00000000 mem 0x8001da2a
core   0: 0x800073ee (0x00291ca3) sh      sp, 25(s2)
core   0: 3 0x800073ee (0x00291ca3) mem 0x8001db38 0x331f
core   0: 0x800073f2 (0x00bfd803) lhu     a6, 11(t6)
core   0: 3 0x800073f2 (0x00bfd803) x16 0x00000000 mem 0x800132f6
core   0: 0x800073f6 (0xf5494b03) lbu     s6, -172(s2)
core   0: 3 0x800073f6 (0xf5494b03) x22 0x00000000 mem 0x8001da73
core   0: 0x800073fa (0x00bfd483) lhu     s1, 11(t6)
core   0: 3 0x800073fa (0x00bfd483) x 9 0x00000000 mem 0x800132f6
core   0: 0x800073fe (0xffdfde83) lhu     t4, -3(t6)
core   0: 3 0x800073fe (0xffdfde83) x29 0x00000000 mem 0x800132e8
core   0: 0x80007402 (0x0ec90223) sb      a2, 228(s2)
core   0: 3 0x80007402 (0x0ec90223) mem 0x8001dc03 0x0
core   0: 0x80007406 (0xf4490203) lb      tp, -188(s2)
core   0: 3 0x80007406 (0xf4490203) x 4 0x00000000 mem 0x8001da63
core   0: 0x8000740a (0xff7f8a23) sb      s7, -12(t6)
core   0: 3 0x8000740a (0xff7f8a23) mem 0x800132df 0x0
core   0: 0x8000740e (0x0001c917) auipc   s2, 0x1c
core   0: 3 0x8000740e (0x0001c917) x18 0x8002340e
core   0: 0x80007412 (0xebf90913) addi    s2, s2, -321
core   0: 3 0x80007412 (0xebf90913) x18 0x800232cd
core   0: 0x80007416 (0x00013117) auipc   sp, 0x13
core   0: 3 0x80007416 (0x00013117) x 2 0x8001a416
core   0: 0x8000741a (0xd7110113) addi    sp, sp, -655
core   0: 3 0x8000741a (0xd7110113) x 2 0x8001a187
core   0: 0x8000741e (0x00013617) auipc   a2, 0x13
core   0: 3 0x8000741e (0x00013617) x12 0x8001a41e
core   0: 0x80007422 (0x60c60613) addi    a2, a2, 1548
core   0: 3 0x80007422 (0x60c60613) x12 0x8001aa2a
core   0: 0x80007426 (0x00014797) auipc   a5, 0x14
core   0: 3 0x80007426 (0x00014797) x15 0x8001b426
core   0: 0x8000742a (0xd3578793) addi    a5, a5, -715
core   0: 3 0x8000742a (0xd3578793) x15 0x8001b15b
core   0: 0x8000742e (0x0097cf83) lbu     t6, 9(a5)
core   0: 3 0x8000742e (0x0097cf83) x31 0x00000000 mem 0x8001b164
core   0: 0x80007432 (0x00016e17) auipc   t3, 0x16
core   0: 3 0x80007432 (0x00016e17) x28 0x8001d432
core   0: 0x80007436 (0x60de0e13) addi    t3, t3, 1549
core   0: 3 0x80007436 (0x60de0e13) x28 0x8001da3f
core   0: 0x8000743a (0x00b79003) lh      zero, 11(a5)
core   0: 3 0x8000743a (0x00b79003) mem 0x8001b166
core   0: 0x8000743e (0x00a10683) lb      a3, 10(sp)
core   0: 3 0x8000743e (0x00a10683) x13 0x00000000 mem 0x8001a191
core   0: 0x80007442 (0x7de62883) lw      a7, 2014(a2)
core   0: 3 0x80007442 (0x7de62883) x17 0x00000000 mem 0x8001b208
core   0: 0x80007446 (0xfe3919a3) sh      gp, -13(s2)
core   0: 3 0x80007446 (0xfe3919a3) mem 0x800232c0 0x0000
core   0: 0x8000744a (0x1dc60983) lb      s3, 476(a2)
core   0: 3 0x8000744a (0x1dc60983) x19 0x00000000 mem 0x8001ac06
core   0: 0x8000744e (0xffe7c083) lbu     ra, -2(a5)
core   0: 3 0x8000744e (0xffe7c083) x 1 0x00000000 mem 0x8001b159
core   0: 0x80007452 (0x005e5503) lhu     a0, 5(t3)
core   0: 3 0x80007452 (0x005e5503) x10 0x00000000 mem 0x8001da44
core   0: 0x80007456 (0x00a90183) lb      gp, 10(s2)
core   0: 3 0x80007456 (0x00a90183) x 3 0x00000000 mem 0x800232d7
core   0: 0x8000745a (0xfcb78823) sb      a1, -48(a5)
core   0: 3 0x8000745a (0xfcb78823) mem 0x8001b12b 0xe4
core   0: 0x8000745e (0xfe0e4c03) lbu     s8, -32(t3)
core   0: 3 0x8000745e (0xfe0e4c03) x24 0x00000000 mem 0x8001da1f
core   0: 0x80007462 (0x02412ea3) sw      tp, 61(sp)
core   0: 3 0x80007462 (0x02412ea3) mem 0x8001a1c4 0x00000000
core   0: 0x80007466 (0x41f60183) lb      gp, 1055(a2)
core   0: 3 0x80007466 (0x41f60183) x 3 0x00000000 mem 0x8001ae49
core   0: 0x8000746a (0x00690023) sb      t1, 0(s2)
core   0: 3 0x8000746a (0x00690023) mem 0x800232cd 0xb7
core   0: 0x8000746e (0xfff92fa3) sw      t6, -1(s2)
core   0: 3 0x8000746e (0xfff92fa3) mem 0x800232cc 0x00000000
core   0: 0x80007472 (0xfece0423) sb      a2, -24(t3)
core   0: 3 0x80007472 (0xfece0423) mem 0x8001da27 0x2a
core   0: 0x80007476 (0xfee7c383) lbu     t2, -18(a5)
core   0: 3 0x80007476 (0xfee7c383) x 7 0x00000000 mem 0x8001b149
core   0: 0x8000747a (0x0b260c03) lb      s8, 178(a2)
core   0: 3 0x8000747a (0x0b260c03) x24 0x00000000 mem 0x8001aadc
core   0: 0x8000747e (0x011126a3) sw      a7, 13(sp)
core   0: 3 0x8000747e (0x011126a3) mem 0x8001a194 0x00000000
core   0: 0x80007482 (0xfee10523) sb      a4, -22(sp)
core   0: 3 0x80007482 (0xfee10523) mem 0x8001a171 0x58
core   0: 0x80007486 (0x019e2f83) lw      t6, 25(t3)
core   0: 3 0x80007486 (0x019e2f83) x31 0x00000000 mem 0x8001da58
core   0: 0x8000748a (0x03b10e83) lb      t4, 59(sp)
core   0: 3 0x8000748a (0x03b10e83) x29 0x00000000 mem 0x8001a1c2
core   0: 0x8000748e (0x01a927a3) sw      s10, 15(s2)
core   0: 3 0x8000748e (0x01a927a3) mem 0x800232dc 0x00000000
core   0: 0x80007492 (0x01112b03) lw      s6, 17(sp)
core   0: 3 0x80007492 (0x01112b03) x22 0x00000000 mem 0x8001a198
core   0: 0x80007496 (0x026782a3) sb      t1, 37(a5)
core   0: 3 0x80007496 (0x026782a3) mem 0x8001b180 0xb7
core   0: 0x8000749a (0x05178023) sb      a7, 64(a5)
core   0: 3 0x8000749a (0x05178023) mem 0x8001b19b 0x0
core   0: 0x8000749e (0xfc5e03a3) sb      t0, -57(t3)
core   0: 3 0x8000749e (0xfc5e03a3) mem 0x8001da06 0x0
core   0: 0x800074a2 (0x0177db03) lhu     s6, 23(a5)
core   0: 3 0x800074a2 (0x0177db03) x22 0x00000000 mem 0x8001b172
core   0: 0x800074a6 (0xfe1908a3) sb      ra, -15(s2)
core   0: 3 0x800074a6 (0xfe1908a3) mem 0x800232be 0x0
core   0: 0x800074aa (0x00be1183) lh      gp, 11(t3)
core   0: 3 0x800074aa (0x00be1183) x 3 0x00000000 mem 0x8001da4a
core   0: 0x800074ae (0x01e78c23) sb      t5, 24(a5)
core   0: 3 0x800074ae (0x01e78c23) mem 0x8001b173 0x0
core   0: 0x800074b2 (0x00978923) sb      s1, 18(a5)
core   0: 3 0x800074b2 (0x00978923) mem 0x8001b16d 0x0
core   0: 0x800074b6 (0x00be1503) lh      a0, 11(t3)
core   0: 3 0x800074b6 (0x00be1503) x10 0x00000000 mem 0x8001da4a
core   0: 0x800074ba (0x01090c83) lb      s9, 16(s2)
core   0: 3 0x800074ba (0x01090c83) x25 0x00000000 mem 0x800232dd
core   0: 0x800074be (0x5a264003) lbu     zero, 1442(a2)
core   0: 3 0x800074be (0x5a264003) mem 0x8001afcc
core   0: 0x800074c2 (0x03be4683) lbu     a3, 59(t3)
core   0: 3 0x800074c2 (0x03be4683) x13 0x00000000 mem 0x8001da7a
core   0: 0x800074c6 (0x0000c117) auipc   sp, 0xc
core   0: 3 0x800074c6 (0x0000c117) x 2 0x800134c6
core   0: 0x800074ca (0xcb710113) addi    sp, sp, -841
core   0: 3 0x800074ca (0xcb710113) x 2 0x8001317d
core   0: 0x800074ce (0x01510983) lb      s3, 21(sp)
core   0: 3 0x800074ce (0x01510983) x19 0x00000006 mem 0x80013192
core   0: 0x800074d2 (0xfd914e83) lbu     t4, -39(sp)
core   0: 3 0x800074d2 (0xfd914e83) x29 0x00000000 mem 0x80013156
core   0: 0x800074d6 (0x00008566) c.mv    a0, s9
core   0: 3 0x800074d6 (0x8566) x10 0x00000000
core   0: 0x800074d8 (0x03d118a3) sh      t4, 49(sp)
core   0: 3 0x800074d8 (0x03d118a3) mem 0x800131ae 0x0000
core   0: 0x800074dc (0x00915203) lhu     tp, 9(sp)
core   0: 3 0x800074dc (0x00915203) x 4 0x00000000 mem 0x80013186
core   0: 0x800074e0 (0x02414283) lbu     t0, 36(sp)
core   0: 3 0x800074e0 (0x02414283) x 5 0x00000000 mem 0x800131a1
core   0: 0x800074e4 (0x00000001) c.nop
core   0: 3 0x800074e4 (0x0001)
core   0: 0x800074e6 (0x0386c2b3) div     t0, a3, s8
core   0: 3 0x800074e6 (0x0386c2b3) x 5 0xffffffff
core   0: 0x800074ea (0x00008015) c.srli  s0, 5
core   0: 3 0x800074ea (0x8015) x 8 0x00000000
core   0: 0x800074ec (0xfed15503) lhu     a0, -19(sp)
core   0: 3 0x800074ec (0xfed15503) x10 0x00000000 mem 0x8001316a
core   0: 0x800074f0 (0x00008fad) c.xor   a5, a1
core   0: 3 0x800074f0 (0x8fad) x15 0x00037dbf
core   0: 0x800074f2 (0x40688633) sub     a2, a7, t1
core   0: 3 0x800074f2 (0x40688633) x12 0xfffffb49
core   0: 0x800074f6 (0x03d11ca3) sh      t4, 57(sp)
core   0: 3 0x800074f6 (0x03d11ca3) mem 0x800131b6 0x0000
core   0: 0x800074fa (0xfe210483) lb      s1, -30(sp)
core   0: 3 0x800074fa (0xfe210483) x 9 0x00000000 mem 0x8001315f
core   0: 0x800074fe (0x00000a3e) c.slli  s4, 15
core   0: 3 0x800074fe (0x0a3e) x20 0x00000000
core   0: 0x80007500 (0xfef14903) lbu     s2, -17(sp)
core   0: 3 0x80007500 (0xfef14903) x18 0x00000000 mem 0x8001316c
core   0: 0x80007504 (0x000069b1) c.lui   s3, 0xc
core   0: 3 0x80007504 (0x69b1) x19 0x0000c000
core   0: 0x80007506 (0x0394de33) divu    t3, s1, s9
core   0: 3 0x80007506 (0x0394de33) x28 0xffffffff
core   0: 0x8000750a (0x612e6513) ori     a0, t3, 1554
core   0: 3 0x8000750a (0x612e6513) x10 0xffffffff
core   0: 0x8000750e (0x0000935a) c.add   t1, s6
core   0: 3 0x8000750e (0x935a) x 6 0x000004b7
core   0: 0x80007510 (0x0317a333) mulhsu  t1, a5, a7
core   0: 3 0x80007510 (0x0317a333) x 6 0x00000000
core   0: 0x80007514 (0x00008e51) c.or    a2, a2
core   0: 3 0x80007514 (0x8e51) x12 0xfffffb49
core   0: 0x80007516 (0xdf1d7093) andi    ra, s10, -527
core   0: 3 0x80007516 (0xdf1d7093) x 1 0x00000000
core   0: 0x8000751a (0xfeb12503) lw      a0, -21(sp)
core   0: 3 0x8000751a (0xfeb12503) x10 0x0000e400 mem 0x80013168
core   0: 0x8000751e (0x01c7deb3) srl     t4, a5, t3
core   0: 3 0x8000751e (0x01c7deb3) x29 0x00000000
core   0: 0x80007522 (0xffc11da3) sh      t3, -5(sp)
core   0: 3 0x80007522 (0xffc11da3) mem 0x80013178 0xffff
core   0: 0x80007526 (0xfcb10423) sb      a1, -56(sp)
core   0: 3 0x80007526 (0xfcb10423) mem 0x80013145 0xe4
core   0: 0x8000752a (0x03779833) mulh    a6, a5, s7
core   0: 3 0x8000752a (0x03779833) x16 0x00000000
core   0: 0x8000752e (0x00008fd1) c.or    a5, a2
core   0: 3 0x8000752e (0x8fd1) x15 0xffffffff
core   0: 0x80007530 (0x00a10723) sb      a0, 14(sp)
core   0: 3 0x80007530 (0x00a10723) mem 0x8001318b 0x0
core   0: 0x80007534 (0x00008ad9) c.andi  a3, 22
core   0: 3 0x80007534 (0x8ad9) x13 0x00000000
core   0: 0x80007536 (0x02910b23) sb      s1, 54(sp)
core   0: 3 0x80007536 (0x02910b23) mem 0x800131b3 0x0
core   0: 0x8000753a (0x4128d513) srai    a0, a7, 18
core   0: 3 0x8000753a (0x4128d513) x10 0x00000000
core   0: 0x8000753e (0x01928433) add     s0, t0, s9
core   0: 3 0x8000753e (0x01928433) x 8 0xffffffff
core   0: 0x80007542 (0x0000622d) c.lui   tp, 0xb
core   0: 3 0x80007542 (0x622d) x 4 0x0000b000
core   0: 0x80007544 (0xfc810f23) sb      s0, -34(sp)
core   0: 3 0x80007544 (0xfc810f23) mem 0x8001315b 0xff
core   0: 0x80007548 (0xfcd11983) lh      s3, -51(sp)
core   0: 3 0x80007548 (0xfcd11983) x19 0x00006a00 mem 0x8001314a
core   0: 0x8000754c (0x03814483) lbu     s1, 56(sp)
core   0: 3 0x8000754c (0x03814483) x 9 0x00000000 mem 0x800131b5
core   0: 0x80007550 (0x0000ca17) auipc   s4, 0xc
core   0: 3 0x80007550 (0x0000ca17) x20 0x80013550
core   0: 0x80007554 (0x127a0a13) addi    s4, s4, 295
core   0: 3 0x80007554 (0x127a0a13) x20 0x80013677
core   0: 0x80007558 (0x018a08a3) sb      s8, 17(s4)
core   0: 3 0x80007558 (0x018a08a3) mem 0x80013688 0x0
core   0: 0x8000755c (0x032a4b83) lbu     s7, 50(s4)
core   0: 3 0x8000755c (0x032a4b83) x23 0x00000000 mem 0x800136a9
core   0: 0x80007560 (0xffda2c83) lw      s9, -3(s4)
core   0: 3 0x80007560 (0xffda2c83) x25 0x00000000 mem 0x80013674
core   0: 0x80007564 (0x00000b3a) c.slli  s6, 14
core   0: 3 0x80007564 (0x0b3a) x22 0x00000000
core   0: 0x80007566 (0xfefa2ea3) sw      a5, -3(s4)
core   0: 3 0x80007566 (0xfefa2ea3) mem 0x80013674 0xffffffff
core   0: 0x8000756a (0xffda0383) lb      t2, -3(s4)
core   0: 3 0x8000756a (0xffda0383) x 7 0xffffffff mem 0x80013674
core   0: 0x8000756e (0x023a0f23) sb      gp, 62(s4)
core   0: 3 0x8000756e (0x023a0f23) mem 0x800136b5 0x0
core   0: 0x80007572 (0xfcba0283) lb      t0, -53(s4)
core   0: 3 0x80007572 (0xfcba0283) x 5 0x00000000 mem 0x80013642
core   0: 0x80007576 (0x017a0d23) sb      s7, 26(s4)
core   0: 3 0x80007576 (0x017a0d23) mem 0x80013691 0x0
core   0: 0x8000757a (0x0000960a) c.add   a2, sp
core   0: 3 0x8000757a (0x960a) x12 0x80012cc6
core   0: 0x8000757c (0x017a5003) lhu     zero, 23(s4)
core   0: 3 0x8000757c (0x017a5003) mem 0x8001368e
core   0: 0x80007580 (0x017a0683) lb      a3, 23(s4)
core   0: 3 0x80007580 (0x017a0683) x13 0x00000000 mem 0x8001368e
core   0: 0x80007584 (0x026a0783) lb      a5, 38(s4)
core   0: 3 0x80007584 (0x026a0783) x15 0xffffffff mem 0x8001369d
core   0: 0x80007588 (0x00aa4403) lbu     s0, 10(s4)
core   0: 3 0x80007588 (0x00aa4403) x 8 0x00000000 mem 0x80013681
core   0: 0x8000758c (0x0000ca17) auipc   s4, 0xc
core   0: 3 0x8000758c (0x0000ca17) x20 0x8001358c
core   0: 0x80007590 (0xcf9a0a13) addi    s4, s4, -775
core   0: 3 0x80007590 (0xcf9a0a13) x20 0x80013285
core   0: 0x80007594 (0x0ff0000f) fence   iorw,iorw
core   0: 3 0x80007594 (0x0ff0000f)
core   0: 0x80007598 (0x01da0f23) sb      t4, 30(s4)
core   0: 3 0x80007598 (0x01da0f23) mem 0x800132a3 0x0
core   0: 0x8000759c (0xfcca4303) lbu     t1, -52(s4)
core   0: 3 0x8000759c (0xfcca4303) x 6 0x00000000 mem 0x80013251
core   0: 0x800075a0 (0x02ea4d83) lbu     s11, 46(s4)
core   0: 3 0x800075a0 (0x02ea4d83) x27 0x00000000 mem 0x800132b3
core   0: 0x800075a4 (0xfe6a0f83) lb      t6, -26(s4)
core   0: 3 0x800075a4 (0xfe6a0f83) x31 0x00000000 mem 0x8001326b
core   0: 0x800075a8 (0x02ba2783) lw      a5, 43(s4)
core   0: 3 0x800075a8 (0x02ba2783) x15 0x00000000 mem 0x800132b0
core   0: 0x800075ac (0x0000997d) c.andi  a0, -1
core   0: 3 0x800075ac (0x997d) x10 0x00000000
core   0: 0x800075ae (0x00009bfd) c.andi  a5, -1
core   0: 3 0x800075ae (0x9bfd) x15 0x00000000
core   0: 0x800075b0 (0x014a4103) lbu     sp, 20(s4)
core   0: 3 0x800075b0 (0x014a4103) x 2 0x00000000 mem 0x80013299
core   0: 0x800075b4 (0xe825e513) ori     a0, a1, -382
core   0: 3 0x800075b4 (0xe825e513) x10 0xfffffee6
core   0: 0x800075b8 (0x01ea4903) lbu     s2, 30(s4)
core   0: 3 0x800075b8 (0x01ea4903) x18 0x00000000 mem 0x800132a3
core   0: 0x800075bc (0xde1d6b93) ori     s7, s10, -543
core   0: 3 0x800075bc (0xde1d6b93) x23 0xfffffde1
core   0: 0x800075c0 (0x032a0e03) lb      t3, 50(s4)
core   0: 3 0x800075c0 (0x032a0e03) x28 0x00000000 mem 0x800132b7
core   0: 0x800075c4 (0xfe9a5d03) lhu     s10, -23(s4)
core   0: 3 0x800075c4 (0xfe9a5d03) x26 0x00000000 mem 0x8001326e
core   0: 0x800075c8 (0x019a21a3) sw      s9, 3(s4)
core   0: 3 0x800075c8 (0x019a21a3) mem 0x80013288 0x00000000
core   0: 0x800075cc (0x00008fc9) c.or    a5, a0
core   0: 3 0x800075cc (0x8fc9) x15 0xfffffee6
core   0: 0x800075ce (0x000002a6) c.slli  t0, 9
core   0: 3 0x800075ce (0x02a6) x 5 0x00000000
core   0: 0x800075d0 (0xfeba0783) lb      a5, -21(s4)
core   0: 3 0x800075d0 (0xfeba0783) x15 0x00000000 mem 0x80013270
core   0: 0x800075d4 (0xfb977493) andi    s1, a4, -71
core   0: 3 0x800075d4 (0xfb977493) x 9 0x80028e18
core   0: 0x800075d8 (0x41388fb3) sub     t6, a7, s3
core   0: 3 0x800075d8 (0x41388fb3) x31 0xffff9600
core   0: 0x800075dc (0xff7a2103) lw      sp, -9(s4)
core   0: 3 0x800075dc (0xff7a2103) x 2 0x00000000 mem 0x8001327c
core   0: 0x800075e0 (0xfdfa5503) lhu     a0, -33(s4)
core   0: 3 0x800075e0 (0xfdfa5503) x10 0x00009600 mem 0x80013264
core   0: 0x800075e4 (0xffca4983) lbu     s3, -4(s4)
core   0: 3 0x800075e4 (0xffca4983) x19 0x00000000 mem 0x80013281
core   0: 0x800075e8 (0x00001e7d) c.addi  t3, -1
core   0: 3 0x800075e8 (0x1e7d) x28 0xffffffff
core   0: 0x800075ea (0x0000100f) fence.i
core   0: 3 0x800075ea (0x0000100f)
core   0: 0x800075ee (0x012a0b83) lb      s7, 18(s4)
core   0: 3 0x800075ee (0x012a0b83) x23 0x00000000 mem 0x80013297
core   0: 0x800075f2 (0xda0941b7) lui     gp, 0xda094
core   0: 3 0x800075f2 (0xda0941b7) x 3 0xda094000
core   0: 0x800075f6 (0x016a4a83) lbu     s5, 22(s4)
core   0: 3 0x800075f6 (0x016a4a83) x21 0x00000000 mem 0x8001329b
core   0: 0x800075fa (0x007a0823) sb      t2, 16(s4)
core   0: 3 0x800075fa (0x007a0823) mem 0x80013295 0xff
core   0: 0x800075fe (0xffba4203) lbu     tp, -5(s4)
core   0: 3 0x800075fe (0xffba4203) x 4 0x00000000 mem 0x80013280
core   0: 0x80007602 (0x4030d493) srai    s1, ra, 3
core   0: 3 0x80007602 (0x4030d493) x 9 0x00000000
core   0: 0x80007606 (0x0000100f) fence.i
core   0: 3 0x80007606 (0x0000100f)
core   0: 0x8000760a (0xfe0a4883) lbu     a7, -32(s4)
core   0: 3 0x8000760a (0xfe0a4883) x17 0x00000096 mem 0x80013265
core   0: 0x8000760e (0xff0a0f23) sb      a6, -2(s4)
core   0: 3 0x8000760e (0xff0a0f23) mem 0x80013283 0x0
core   0: 0x80007612 (0x005a4403) lbu     s0, 5(s4)
core   0: 3 0x80007612 (0x005a4403) x 8 0x00000000 mem 0x8001328a
core   0: 0x80007616 (0x41bb5013) srai    zero, s6, 27
core   0: 3 0x80007616 (0x41bb5013)
core   0: 0x8000761a (0x01af4fb3) xor     t6, t5, s10
core   0: 3 0x8000761a (0x01af4fb3) x31 0x80000000
core   0: 0x8000761e (0x02e97b33) remu    s6, s2, a4
core   0: 3 0x8000761e (0x02e97b33) x22 0x00000000
core   0: 0x80007622 (0x00000001) c.nop
core   0: 3 0x80007622 (0x0001)
core   0: 0x80007624 (0x00008ecd) c.or    a3, a1
core   0: 3 0x80007624 (0x8ecd) x13 0x8002cce4
core   0: 0x80007626 (0x001a0d23) sb      ra, 26(s4)
core   0: 3 0x80007626 (0x001a0d23) mem 0x8001329f 0x0
core   0: 0x8000762a (0x026a0e23) sb      t1, 60(s4)
core   0: 3 0x8000762a (0x026a0e23) mem 0x800132c1 0x0
core   0: 0x8000762e (0x0000c117) auipc   sp, 0xc
core   0: 3 0x8000762e (0x0000c117) x 2 0x8001362e
core   0: 0x80007632 (0x62510113) addi    sp, sp, 1573
core   0: 3 0x80007632 (0x62510113) x 2 0x80013c53
core   0: 0x80007636 (0x017102a3) sb      s7, 5(sp)
core   0: 3 0x80007636 (0x017102a3) mem 0x80013c58 0x0
core   0: 0x8000763a (0x00000001) c.nop
core   0: 3 0x8000763a (0x0001)
core   0: 0x8000763c (0x00515383) lhu     t2, 5(sp)
core   0: 3 0x8000763c (0x00515383) x 7 0x00000000 mem 0x80013c58
core   0: 0x80007640 (0x005122a3) sw      t0, 5(sp)
core   0: 3 0x80007640 (0x005122a3) mem 0x80013c58 0x00000000
core   0: 0x80007644 (0x00515d03) lhu     s10, 5(sp)
core   0: 3 0x80007644 (0x00515d03) x26 0x00000000 mem 0x80013c58
core   0: 0x80007648 (0x00512c83) lw      s9, 5(sp)
core   0: 3 0x80007648 (0x00512c83) x25 0x00000000 mem 0x80013c58
core   0: 0x8000764c (0x01b102a3) sb      s11, 5(sp)
core   0: 3 0x8000764c (0x01b102a3) mem 0x80013c58 0x0
core   0: 0x80007650 (0x001112a3) sh      ra, 5(sp)
core   0: 3 0x80007650 (0x001112a3) mem 0x80013c58 0x0000
core   0: 0x80007654 (0x02014503) lbu     a0, 32(sp)
core   0: 3 0x80007654 (0x02014503) x10 0x00000000 mem 0x80013c73
core   0: 0x80007658 (0x02010303) lb      t1, 32(sp)
core   0: 3 0x80007658 (0x02010303) x 6 0x00000000 mem 0x80013c73
core   0: 0x8000765c (0x02014a03) lbu     s4, 32(sp)
core   0: 3 0x8000765c (0x02014a03) x20 0x00000000 mem 0x80013c73
core   0: 0x80007660 (0x02010283) lb      t0, 32(sp)
core   0: 3 0x80007660 (0x02010283) x 5 0x00000000 mem 0x80013c73
core   0: 0x80007664 (0x0000828d) c.srli  a3, 3
core   0: 3 0x80007664 (0x828d) x13 0x1000599c
core   0: 0x80007666 (0x02010023) sb      zero, 32(sp)
core   0: 3 0x80007666 (0x02010023) mem 0x80013c73 0x0
core   0: 0x8000766a (0x02010a83) lb      s5, 32(sp)
core   0: 3 0x8000766a (0x02010a83) x21 0x00000000 mem 0x80013c73
core   0: 0x8000766e (0x02014803) lbu     a6, 32(sp)
core   0: 3 0x8000766e (0x02014803) x16 0x00000000 mem 0x80013c73
core   0: 0x80007672 (0x00008ce5) c.and   s1, s1
core   0: 3 0x80007672 (0x8ce5) x 9 0x00000000
core   0: 0x80007674 (0xfd6113a3) sh      s6, -57(sp)
core   0: 3 0x80007674 (0xfd6113a3) mem 0x80013c1a 0x0000
core   0: 0x80007678 (0xff115183) lhu     gp, -15(sp)
core   0: 3 0x80007678 (0xff115183) x 3 0x00000000 mem 0x80013c44
core   0: 0x8000767c (0xff4118a3) sh      s4, -15(sp)
core   0: 3 0x8000767c (0xff4118a3) mem 0x80013c44 0x0000
core   0: 0x80007680 (0x00cc5313) srli    t1, s8, 12
core   0: 3 0x80007680 (0x00cc5313) x 6 0x00000000
core   0: 0x80007684 (0xfff15683) lhu     a3, -1(sp)
core   0: 3 0x80007684 (0xfff15683) x13 0x00000000 mem 0x80013c52
core   0: 0x80007688 (0x00012117) auipc   sp, 0x12
core   0: 3 0x80007688 (0x00012117) x 2 0x80019688
core   0: 0x8000768c (0x3db10113) addi    sp, sp, 987
core   0: 3 0x8000768c (0x3db10113) x 2 0x80019a63
core   0: 0x80007690 (0x016b1293) slli    t0, s6, 22
core   0: 3 0x80007690 (0x016b1293) x 5 0x00000000
core   0: 0x80007694 (0x4023d893) srai    a7, t2, 2
core   0: 3 0x80007694 (0x4023d893) x17 0x00000000
core   0: 0x80007698 (0x008bb9b3) sltu    s3, s7, s0
core   0: 3 0x80007698 (0x008bb9b3) x19 0x00000000
core   0: 0x8000769c (0x09310d03) lb      s10, 147(sp)
core   0: 3 0x8000769c (0x09310d03) x26 0x00000000 mem 0x80019af6
core   0: 0x800076a0 (0x0000100f) fence.i
core   0: 3 0x800076a0 (0x0000100f)
core   0: 0x800076a4 (0x4c010383) lb      t2, 1216(sp)
core   0: 3 0x800076a4 (0x4c010383) x 7 0x00000000 mem 0x80019f23
core   0: 0x800076a8 (0x887126a3) sw      t2, -1907(sp)
core   0: 3 0x800076a8 (0x887126a3) mem 0x800192f0 0x00000000
core   0: 0x800076ac (0x38512003) lw      zero, 901(sp)
core   0: 3 0x800076ac (0x38512003) mem 0x80019de8
core   0: 0x800076b0 (0x0d014b03) lbu     s6, 208(sp)
core   0: 3 0x800076b0 (0x0d014b03) x22 0x00000000 mem 0x80019b33
core   0: 0x800076b4 (0x00009b5a) c.add   s6, s6
core   0: 3 0x800076b4 (0x9b5a) x22 0x00000000
core   0: 0x800076b6 (0x000096da) c.add   a3, s6
core   0: 3 0x800076b6 (0x96da) x13 0x00000000
core   0: 0x800076b8 (0x9ad101a3) sb      a3, -1629(sp)
core   0: 3 0x800076b8 (0x9ad101a3) mem 0x80019406 0x0
core   0: 0x800076bc (0x00008d09) c.sub   a0, a0
core   0: 3 0x800076bc (0x8d09) x10 0x00000000
core   0: 0x800076be (0xeb711a03) lh      s4, -329(sp)
core   0: 3 0x800076be (0xeb711a03) x20 0x00000000 mem 0x8001991a
core   0: 0x800076c2 (0x98e23413) sltiu   s0, tp, -1650
core   0: 3 0x800076c2 (0x98e23413) x 8 0x00000001
core   0: 0x800076c6 (0x00186db3) or      s11, a6, ra
core   0: 3 0x800076c6 (0x00186db3) x27 0x00000000
core   0: 0x800076ca (0xb4d5ed13) ori     s10, a1, -1203
core   0: 3 0x800076ca (0xb4d5ed13) x26 0xffffffed
core   0: 0x800076ce (0x026672b3) remu    t0, a2, t1
core   0: 3 0x800076ce (0x026672b3) x 5 0x80012cc6
core   0: 0x800076d2 (0x00008aba) c.mv    s5, a4
core   0: 3 0x800076d2 (0x8aba) x21 0x80028e58
core   0: 0x800076d4 (0x03afb933) mulhu   s2, t6, s10
core   0: 3 0x800076d4 (0x03afb933) x18 0x7ffffff6
core   0: 0x800076d8 (0x02c34333) div     t1, t1, a2
core   0: 3 0x800076d8 (0x02c34333) x 6 0x00000000
core   0: 0x800076dc (0x07d12ea3) sw      t4, 125(sp)
core   0: 3 0x800076dc (0x07d12ea3) mem 0x80019ae0 0x00000000
core   0: 0x800076e0 (0xdab15603) lhu     a2, -597(sp)
core   0: 3 0x800076e0 (0xdab15603) x12 0x00000000 mem 0x8001980e
core   0: 0x800076e4 (0x0059f7b3) and     a5, s3, t0
core   0: 3 0x800076e4 (0x0059f7b3) x15 0x00000000
core   0: 0x800076e8 (0xffc14303) lbu     t1, -4(sp)
core   0: 3 0x800076e8 (0xffc14303) x 6 0x00000000 mem 0x80019a5f
core   0: 0x800076ec (0x5f9111a3) sh      s9, 1507(sp)
core   0: 3 0x800076ec (0x5f9111a3) mem 0x8001a046 0x0000
core   0: 0x800076f0 (0x0000100f) fence.i
core   0: 3 0x800076f0 (0x0000100f)
core   0: 0x800076f4 (0xfaa14d03) lbu     s10, -86(sp)
core   0: 3 0x800076f4 (0xfaa14d03) x26 0x00000000 mem 0x80019a0d
core   0: 0x800076f8 (0x00008c7e) c.mv    s8, t6
core   0: 3 0x800076f8 (0x8c7e) x24 0x80000000
core   0: 0x800076fa (0x24c11aa3) sh      a2, 597(sp)
core   0: 3 0x800076fa (0x24c11aa3) mem 0x80019cb8 0x0000
core   0: 0x800076fe (0x48014283) lbu     t0, 1152(sp)
core   0: 3 0x800076fe (0x48014283) x 5 0x00000000 mem 0x80019ee3
core   0: 0x80007702 (0x005071b3) and     gp, zero, t0
core   0: 3 0x80007702 (0x005071b3) x 3 0x00000000
core   0: 0x80007706 (0x72a3ed17) auipc   s10, 0x72a3e
core   0: 3 0x80007706 (0x72a3ed17) x26 0xf2a45706
core   0: 0x8000770a (0x91210083) lb      ra, -1774(sp)
core   0: 3 0x8000770a (0x91210083) x 1 0x00000000 mem 0x80019375
core   0: 0x8000770e (0x00008511) c.srai  a0, 4
core   0: 3 0x8000770e (0x8511) x10 0x00000000
core   0: 0x80007710 (0xa2914a83) lbu     s5, -1495(sp)
core   0: 3 0x80007710 (0xa2914a83) x21 0x00000000 mem 0x8001948c
core   0: 0x80007714 (0x0000c197) auipc   gp, 0xc
core   0: 3 0x80007714 (0x0000c197) x 3 0x80013714
core   0: 0x80007718 (0x2f918193) addi    gp, gp, 761
core   0: 3 0x80007718 (0x2f918193) x 3 0x80013a0d
core   0: 0x8000771c (0x0000ce97) auipc   t4, 0xc
core   0: 3 0x8000771c (0x0000ce97) x29 0x8001371c
core   0: 0x80007720 (0x46ae8e93) addi    t4, t4, 1130
core   0: 3 0x80007720 (0x46ae8e93) x29 0x80013b86
core   0: 0x80007724 (0x0000c697) auipc   a3, 0xc
core   0: 3 0x80007724 (0x0000c697) x13 0x80013724
core   0: 0x80007728 (0x94668693) addi    a3, a3, -1722
core   0: 3 0x80007728 (0x94668693) x13 0x8001306a
core   0: 0x8000772c (0x0000c497) auipc   s1, 0xc
core   0: 3 0x8000772c (0x0000c497) x 9 0x8001372c
core   0: 0x80007730 (0xff548493) addi    s1, s1, -11
core   0: 3 0x80007730 (0xff548493) x 9 0x80013721
core   0: 0x80007734 (0x0bc1cc03) lbu     s8, 188(gp)
core   0: 3 0x80007734 (0x0bc1cc03) x24 0x00000000 mem 0x80013ac9
core   0: 0x80007738 (0xf0b4c503) lbu     a0, -245(s1)
core   0: 3 0x80007738 (0xf0b4c503) x10 0x00000000 mem 0x8001362c
core   0: 0x8000773c (0xfac48e03) lb      t3, -84(s1)
core   0: 3 0x8000773c (0xfac48e03) x28 0x00000000 mem 0x800136cd
core   0: 0x80007740 (0x0000c117) auipc   sp, 0xc
core   0: 3 0x80007740 (0x0000c117) x 2 0x80013740
core   0: 0x80007744 (0x49a10113) addi    sp, sp, 1178
core   0: 3 0x80007744 (0x49a10113) x 2 0x80013bda
core   0: 0x80007748 (0xfffe8383) lb      t2, -1(t4)
core   0: 3 0x80007748 (0xfffe8383) x 7 0x00000000 mem 0x80013b85
core   0: 0x8000774c (0x005687a3) sb      t0, 15(a3)
core   0: 3 0x8000774c (0x005687a3) mem 0x80013079 0x0
core   0: 0x80007750 (0x007e8903) lb      s2, 7(t4)
core   0: 3 0x80007750 (0x007e8903) x18 0x00000000 mem 0x80013b8d
core   0: 0x80007754 (0x09a199a3) sh      s10, 147(gp)
core   0: 3 0x80007754 (0x09a199a3) mem 0x80013aa0 0x5706
core   0: 0x80007758 (0xffe689a3) sb      t5, -13(a3)
core   0: 3 0x80007758 (0xffe689a3) mem 0x8001305d 0x0
core   0: 0x8000775c (0x06318fa3) sb      gp, 127(gp)
core   0: 3 0x8000775c (0x06318fa3) mem 0x80013a8c 0xd
core   0: 0x80007760 (0x09519fa3) sh      s5, 159(gp)
core   0: 3 0x80007760 (0x09519fa3) mem 0x80013aac 0x0000
core   0: 0x80007764 (0xfce10ba3) sb      a4, -41(sp)
core   0: 3 0x80007764 (0xfce10ba3) mem 0x80013bb1 0x58
core   0: 0x80007768 (0xfff68783) lb      a5, -1(a3)
core   0: 3 0x80007768 (0xfff68783) x15 0x00000000 mem 0x80013069
core   0: 0x8000776c (0x01e15883) lhu     a7, 30(sp)
core   0: 3 0x8000776c (0x01e15883) x17 0x00000000 mem 0x80013bf8
core   0: 0x80007770 (0xff568d83) lb      s11, -11(a3)
core   0: 3 0x80007770 (0xff568d83) x27 0x00000000 mem 0x8001305f
core   0: 0x80007774 (0x013e8723) sb      s3, 14(t4)
core   0: 3 0x80007774 (0x013e8723) mem 0x80013b94 0x0
core   0: 0x80007778 (0x00218fa3) sb      sp, 31(gp)
core   0: 3 0x80007778 (0x00218fa3) mem 0x80013a2c 0xda
core   0: 0x8000777c (0x0d719303) lh      t1, 215(gp)
core   0: 3 0x8000777c (0x0d719303) x 6 0x00000000 mem 0x80013ae4
core   0: 0x80007780 (0x01068403) lb      s0, 16(a3)
core   0: 3 0x80007780 (0x01068403) x 8 0x00000000 mem 0x8001307a
core   0: 0x80007784 (0x09048f83) lb      t6, 144(s1)
core   0: 3 0x80007784 (0x09048f83) x31 0x00000000 mem 0x800137b1
core   0: 0x80007788 (0x00511223) sh      t0, 4(sp)
core   0: 3 0x80007788 (0x00511223) mem 0x80013bde 0x0000
core   0: 0x8000778c (0x00648c83) lb      s9, 6(s1)
core   0: 3 0x8000778c (0x00648c83) x25 0x00000000 mem 0x80013727
core   0: 0x80007790 (0x00b6c083) lbu     ra, 11(a3)
core   0: 3 0x80007790 (0x00b6c083) x 1 0x00000000 mem 0x80013075
core   0: 0x80007794 (0x03114a83) lbu     s5, 49(sp)
core   0: 3 0x80007794 (0x03114a83) x21 0x00000000 mem 0x80013c0b
core   0: 0x80007798 (0xff9ec403) lbu     s0, -7(t4)
core   0: 3 0x80007798 (0xff9ec403) x 8 0x00000000 mem 0x80013b7f
core   0: 0x8000779c (0xf24181a3) sb      tp, -221(gp)
core   0: 3 0x8000779c (0xf24181a3) mem 0x80013930 0x0
core   0: 0x800077a0 (0x02e10e03) lb      t3, 46(sp)
core   0: 3 0x800077a0 (0x02e10e03) x28 0x00000000 mem 0x80013c08
core   0: 0x800077a4 (0x006e9f83) lh      t6, 6(t4)
core   0: 3 0x800077a4 (0x006e9f83) x31 0x00000000 mem 0x80013b8c
core   0: 0x800077a8 (0x00d6c803) lbu     a6, 13(a3)
core   0: 3 0x800077a8 (0x00d6c803) x16 0x00000000 mem 0x80013077
core   0: 0x800077ac (0x0bc4cc83) lbu     s9, 188(s1)
core   0: 3 0x800077ac (0x0bc4cc83) x25 0x00000000 mem 0x800137dd
core   0: 0x800077b0 (0x009ec303) lbu     t1, 9(t4)
core   0: 3 0x800077b0 (0x009ec303) x 6 0x00000000 mem 0x80013b8f
core   0: 0x800077b4 (0x00011b97) auipc   s7, 0x11
core   0: 3 0x800077b4 (0x00011b97) x23 0x800187b4
core   0: 0x800077b8 (0x609b8b93) addi    s7, s7, 1545
core   0: 3 0x800077b8 (0x609b8b93) x23 0x80018dbd
core   0: 0x800077bc (0x0f8b8023) sb      s8, 224(s7)
core   0: 3 0x800077bc (0x0f8b8023) mem 0x80018e9d 0x0
core   0: 0x800077c0 (0x05ab8a03) lb      s4, 90(s7)
core   0: 3 0x800077c0 (0x05ab8a03) x20 0x00000000 mem 0x80018e17
core   0: 0x800077c4 (0x0ffbc603) lbu     a2, 255(s7)
core   0: 3 0x800077c4 (0x0ffbc603) x12 0x00000000 mem 0x80018ebc
core   0: 0x800077c8 (0x0e1b8fa3) sb      ra, 255(s7)
core   0: 3 0x800077c8 (0x0e1b8fa3) mem 0x80018ebc 0x0
core   0: 0x800077cc (0x0ffbcd03) lbu     s10, 255(s7)
core   0: 3 0x800077cc (0x0ffbcd03) x26 0x00000000 mem 0x80018ebc
core   0: 0x800077d0 (0x03fbcb03) lbu     s6, 63(s7)
core   0: 3 0x800077d0 (0x03fbcb03) x22 0x00000000 mem 0x80018dfc
core   0: 0x800077d4 (0xf08b8603) lb      a2, -248(s7)
core   0: 3 0x800077d4 (0xf08b8603) x12 0x00000000 mem 0x80018cc5
core   0: 0x800077d8 (0x063b8523) sb      gp, 106(s7)
core   0: 3 0x800077d8 (0x063b8523) mem 0x80018e27 0xd
core   0: 0x800077dc (0x00b57db3) and     s11, a0, a1
core   0: 3 0x800077dc (0x00b57db3) x27 0x00000000
core   0: 0x800077e0 (0x070b8523) sb      a6, 106(s7)
core   0: 3 0x800077e0 (0x070b8523) mem 0x80018e27 0x0
core   0: 0x800077e4 (0xfdeb8903) lb      s2, -34(s7)
core   0: 3 0x800077e4 (0xfdeb8903) x18 0x00000000 mem 0x80018d9b
core   0: 0x800077e8 (0x00000808) c.addi4spn a0, sp, 16
core   0: 3 0x800077e8 (0x0808) x10 0x80013bea
core   0: 0x800077ea (0x00008e89) c.sub   a3, a0
core   0: 3 0x800077ea (0x8e89) x13 0xfffff480
core   0: 0x800077ec (0xfdebc503) lbu     a0, -34(s7)
core   0: 3 0x800077ec (0xfdebc503) x10 0x00000000 mem 0x80018d9b
core   0: 0x800077f0 (0xfd9b8f23) sb      s9, -34(s7)
core   0: 3 0x800077f0 (0xfd9b8f23) mem 0x80018d9b 0x0
core   0: 0x800077f4 (0xfdebcf83) lbu     t6, -34(s7)
core   0: 3 0x800077f4 (0xfdebcf83) x31 0x00000000 mem 0x80018d9b
core   0: 0x800077f8 (0x01399b13) slli    s6, s3, 19
core   0: 3 0x800077f8 (0x01399b13) x22 0x00000000
core   0: 0x800077fc (0xfdeb8003) lb      zero, -34(s7)
core   0: 3 0x800077fc (0xfdeb8003) mem 0x80018d9b
core   0: 0x80007800 (0x0f6b9fa3) sh      s6, 255(s7)
core   0: 3 0x80007800 (0x0f6b9fa3) mem 0x80018ebc 0x0000
core   0: 0x80007804 (0x0000ce97) auipc   t4, 0xc
core   0: 3 0x80007804 (0x0000ce97) x29 0x80013804
core   0: 0x80007808 (0xc60e8e93) addi    t4, t4, -928
core   0: 3 0x80007808 (0xc60e8e93) x29 0x80013464
core   0: 0x8000780c (0xfece85a3) sb      a2, -21(t4)
core   0: 3 0x8000780c (0xfece85a3) mem 0x8001344f 0x0
core   0: 0x80007810 (0x0000cc97) auipc   s9, 0xc
core   0: 3 0x80007810 (0x0000cc97) x25 0x80013810
core   0: 0x80007814 (0xa98c8c93) addi    s9, s9, -1384
core   0: 3 0x80007814 (0xa98c8c93) x25 0x800132a8
core   0: 0x80007818 (0x034cab03) lw      s6, 52(s9)
core   0: 3 0x80007818 (0x034cab03) x22 0x00000000 mem 0x800132dc
core   0: 0x8000781c (0x06fea223) sw      a5, 100(t4)
core   0: 3 0x8000781c (0x06fea223) mem 0x800134c8 0x00000000
core   0: 0x80007820 (0x096c9683) lh      a3, 150(s9)
core   0: 3 0x80007820 (0x096c9683) x13 0x00004b00 mem 0x8001333e
core   0: 0x80007824 (0x02ce8ca3) sb      a2, 57(t4)
core   0: 3 0x80007824 (0x02ce8ca3) mem 0x8001349d 0x0
core   0: 0x80007828 (0x070c8f23) sb      a6, 126(s9)
core   0: 3 0x80007828 (0x070c8f23) mem 0x80013326 0x0
core   0: 0x8000782c (0xf6bc8483) lb      s1, -149(s9)
core   0: 3 0x8000782c (0xf6bc8483) x 9 0x00000000 mem 0x80013213
core   0: 0x80007830 (0x0dacc283) lbu     t0, 218(s9)
core   0: 3 0x80007830 (0x0dacc283) x 5 0x00000000 mem 0x80013382
core   0: 0x80007834 (0xf70c8003) lb      zero, -144(s9)
core   0: 3 0x80007834 (0xf70c8003) mem 0x80013218
core   0: 0x80007838 (0xf73e8603) lb      a2, -141(t4)
core   0: 3 0x80007838 (0xf73e8603) x12 0x00000000 mem 0x800133d7
core   0: 0x8000783c (0x0c2e85a3) sb      sp, 203(t4)
core   0: 3 0x8000783c (0x0c2e85a3) mem 0x8001352f 0xda
core   0: 0x80007840 (0x0efe85a3) sb      a5, 235(t4)
core   0: 3 0x80007840 (0x0efe85a3) mem 0x8001354f 0x0
core   0: 0x80007844 (0xf93e9323) sh      s3, -122(t4)
core   0: 3 0x80007844 (0xf93e9323) mem 0x800133ea 0x0000
core   0: 0x80007848 (0x00ee8983) lb      s3, 14(t4)
core   0: 3 0x80007848 (0x00ee8983) x19 0x00000000 mem 0x80013472
core   0: 0x8000784c (0x0000c997) auipc   s3, 0xc
core   0: 3 0x8000784c (0x0000c997) x19 0x8001384c
core   0: 0x80007850 (0x72a98993) addi    s3, s3, 1834
core   0: 3 0x80007850 (0x72a98993) x19 0x80013f76
core   0: 0x80007854 (0x004bc833) xor     a6, s7, tp
core   0: 3 0x80007854 (0x004bc833) x16 0x80018dbd
core   0: 0x80007858 (0x417207b3) sub     a5, tp, s7
core   0: 3 0x80007858 (0x417207b3) x15 0x7ffe7243
core   0: 0x8000785c (0x01276333) or      t1, a4, s2
core   0: 3 0x8000785c (0x01276333) x 6 0x80028e58
core   0: 0x80007860 (0x04198903) lb      s2, 65(s3)
core   0: 3 0x80007860 (0x04198903) x18 0xffffffcc mem 0x80013fb7
core   0: 0x80007864 (0x0031c2b3) xor     t0, gp, gp
core   0: 3 0x80007864 (0x0031c2b3) x 5 0x00000000
core   0: 0x80007868 (0x0000613d) c.addi16sp sp, 480
core   0: 3 0x80007868 (0x613d) x 2 0x80013dba
core   0: 0x8000786a (0x28180413) addi    s0, a6, 641
core   0: 3 0x8000786a (0x28180413) x 8 0x8001903e
core   0: 0x8000786e (0xf509d103) lhu     sp, -176(s3)
core   0: 3 0x8000786e (0xf509d103) x 2 0x0000351a mem 0x80013ec6
core   0: 0x80007872 (0xfba9c483) lbu     s1, -70(s3)
core   0: 3 0x80007872 (0xfba9c483) x 9 0x00000000 mem 0x80013f30
core   0: 0x80007876 (0x001f33b3) sltu    t2, t5, ra
core   0: 3 0x80007876 (0x001f33b3) x 7 0x00000000
core   0: 0x8000787a (0x02500d33) mul     s10, zero, t0
core   0: 3 0x8000787a (0x02500d33) x26 0x00000000
core   0: 0x8000787e (0x000010fd) c.addi  ra, -1
core   0: 3 0x8000787e (0x10fd) x 1 0xffffffff
core   0: 0x80007880 (0x0d798223) sb      s7, 196(s3)
core   0: 3 0x80007880 (0x0d798223) mem 0x8001403a 0xbd
core   0: 0x80007884 (0x02d2f4b3) remu    s1, t0, a3
core   0: 3 0x80007884 (0x02d2f4b3) x 9 0x00000000
core   0: 0x80007888 (0x013bcb33) xor     s6, s7, s3
core   0: 3 0x80007888 (0x013bcb33) x22 0x0000b2cb
core   0: 0x8000788c (0x05099303) lh      t1, 80(s3)
core   0: 3 0x8000788c (0x05099303) x 6 0x00000000 mem 0x80013fc6
core   0: 0x80007890 (0xfbc97e17) auipc   t3, 0xfbc97
core   0: 3 0x80007890 (0xfbc97e17) x28 0x7bc9e890
core   0: 0x80007894 (0x05d98ea3) sb      t4, 93(s3)
core   0: 3 0x80007894 (0x05d98ea3) mem 0x80013fd3 0x64
core   0: 0x80007898 (0x01a59533) sll     a0, a1, s10
core   0: 3 0x80007898 (0x01a59533) x10 0x8002cce4
core   0: 0x8000789c (0x00006df5) c.lui   s11, 0x1d
core   0: 3 0x8000789c (0x6df5) x27 0x0001d000
core   0: 0x8000789e (0x00008275) c.srli  a2, 29
core   0: 3 0x8000789e (0x8275) x12 0x00000000
core   0: 0x800078a0 (0x0000100f) fence.i
core   0: 3 0x800078a0 (0x0000100f)
core   0: 0x800078a4 (0xf809a723) sw      zero, -114(s3)
core   0: 3 0x800078a4 (0xf809a723) mem 0x80013f04 0x00000000
core   0: 0x800078a8 (0xfc3986a3) sb      gp, -51(s3)
core   0: 3 0x800078a8 (0xfc3986a3) mem 0x80013f43 0xd
core   0: 0x800078ac (0x02f98ba3) sb      a5, 55(s3)
core   0: 3 0x800078ac (0x02f98ba3) mem 0x80013fad 0x43
core   0: 0x800078b0 (0xff69de83) lhu     t4, -10(s3)
core   0: 3 0x800078b0 (0xff69de83) x29 0x00000000 mem 0x80013f6c
core   0: 0x800078b4 (0x00a01eb3) sll     t4, zero, a0
core   0: 3 0x800078b4 (0x00a01eb3) x29 0x00000000
core   0: 0x800078b8 (0xfd89c883) lbu     a7, -40(s3)
core   0: 3 0x800078b8 (0xfd89c883) x17 0x00000001 mem 0x80013f4e
core   0: 0x800078bc (0xf8198383) lb      t2, -127(s3)
core   0: 3 0x800078bc (0xf8198383) x 7 0x00000000 mem 0x80013ef7
core   0: 0x800078c0 (0x9c6b8913) addi    s2, s7, -1594
core   0: 3 0x800078c0 (0x9c6b8913) x18 0x80018783
core   0: 0x800078c4 (0x0cf98903) lb      s2, 207(s3)
core   0: 3 0x800078c4 (0x0cf98903) x18 0x00000000 mem 0x80014045
core   0: 0x800078c8 (0xf5799f23) sh      s7, -162(s3)
core   0: 3 0x800078c8 (0xf5799f23) mem 0x80013ed4 0x8dbd
core   0: 0x800078cc (0x0001b297) auipc   t0, 0x1b
core   0: 3 0x800078cc (0x0001b297) x 5 0x800228cc
core   0: 0x800078d0 (0x78728293) addi    t0, t0, 1927
core   0: 3 0x800078d0 (0x78728293) x 5 0x80023053
core   0: 0x800078d4 (0x02916933) rem     s2, sp, s1
core   0: 3 0x800078d4 (0x02916933) x18 0x0000351a
core   0: 0x800078d8 (0xdbe2cb83) lbu     s7, -578(t0)
core   0: 3 0x800078d8 (0xdbe2cb83) x23 0x00000000 mem 0x80022e11
core   0: 0x800078dc (0xd252c783) lbu     a5, -731(t0)
core   0: 3 0x800078dc (0xd252c783) x15 0x00000000 mem 0x80022d78
core   0: 0x800078e0 (0x0034dc13) srli    s8, s1, 3
core   0: 3 0x800078e0 (0x0034dc13) x24 0x00000000
core   0: 0x800078e4 (0x7352c783) lbu     a5, 1845(t0)
core   0: 3 0x800078e4 (0x7352c783) x15 0x00000000 mem 0x80023788
core   0: 0x800078e8 (0x29c28e23) sb      t3, 668(t0)
core   0: 3 0x800078e8 (0x29c28e23) mem 0x800232ef 0x90
core   0: 0x800078ec (0x000083fd) c.srli  a5, 31
core   0: 3 0x800078ec (0x83fd) x15 0x00000000
core   0: 0x800078ee (0x00006b9d) c.lui   s7, 0x7
core   0: 3 0x800078ee (0x6b9d) x23 0x00007000
core   0: 0x800078f0 (0xe927ba93) sltiu   s5, a5, -366
core   0: 3 0x800078f0 (0xe927ba93) x21 0x00000001
core   0: 0x800078f4 (0xcf728d03) lb      s10, -777(t0)
core   0: 3 0x800078f4 (0xcf728d03) x26 0x00000000 mem 0x80022d4a
core   0: 0x800078f8 (0x7ee2cc03) lbu     s8, 2030(t0)
core   0: 3 0x800078f8 (0x7ee2cc03) x24 0x00000000 mem 0x80023841
core   0: 0x800078fc (0x84328d03) lb      s10, -1981(t0)
core   0: 3 0x800078fc (0x84328d03) x26 0x00000000 mem 0x80022896
core   0: 0x80007900 (0x92f2d003) lhu     zero, -1745(t0)
core   0: 3 0x80007900 (0x92f2d003) mem 0x80022982
core   0: 0x80007904 (0x8d7292a3) sh      s7, -1851(t0)
core   0: 3 0x80007904 (0x8d7292a3) mem 0x80022918 0x7000
core   0: 0x80007908 (0xbb628723) sb      s6, -1106(t0)
core   0: 3 0x80007908 (0xbb628723) mem 0x80022c01 0xcb
core   0: 0x8000790c (0x74b28123) sb      a1, 1858(t0)
core   0: 3 0x8000790c (0x74b28123) mem 0x80023795 0xe4
core   0: 0x80007910 (0x01dc9093) slli    ra, s9, 29
core   0: 3 0x80007910 (0x01dc9093) x 1 0x00000000
core   0: 0x80007914 (0x028b0033) mul     zero, s6, s0
core   0: 3 0x80007914 (0x028b0033)
core   0: 0x80007918 (0x00eed093) srli    ra, t4, 14
core   0: 3 0x80007918 (0x00eed093) x 1 0x00000000
core   0: 0x8000791c (0x00a4ae33) slt     t3, s1, a0
core   0: 3 0x8000791c (0x00a4ae33) x28 0x00000000
core   0: 0x80007920 (0x6ce28983) lb      s3, 1742(t0)
core   0: 3 0x80007920 (0x6ce28983) x19 0x00000000 mem 0x80023721
core   0: 0x80007924 (0x85228c03) lb      s8, -1966(t0)
core   0: 3 0x80007924 (0x85228c03) x24 0x00000000 mem 0x800228a5
core   0: 0x80007928 (0x6fb2d083) lhu     ra, 1787(t0)
core   0: 3 0x80007928 (0x6fb2d083) x 1 0x00000000 mem 0x8002374e
core   0: 0x8000792c (0x61d2ae83) lw      t4, 1565(t0)
core   0: 3 0x8000792c (0x61d2ae83) x29 0x00000000 mem 0x80023670
core   0: 0x80007930 (0x2ff28e03) lb      t3, 767(t0)
core   0: 3 0x80007930 (0x2ff28e03) x28 0x00000000 mem 0x80023352
core   0: 0x80007934 (0x3402c083) lbu     ra, 832(t0)
core   0: 3 0x80007934 (0x3402c083) x 1 0x00000000 mem 0x80023393
core   0: 0x80007938 (0x9e028b03) lb      s6, -1568(t0)
core   0: 3 0x80007938 (0x9e028b03) x22 0x00000000 mem 0x80022a33
core   0: 0x8000793c (0xd212af83) lw      t6, -735(t0)
core   0: 3 0x8000793c (0xd212af83) x31 0x00000000 mem 0x80022d74
core   0: 0x80007940 (0xea028903) lb      s2, -352(t0)
core   0: 3 0x80007940 (0xea028903) x18 0x00000000 mem 0x80022ef3
core   0: 0x80007944 (0x1772d483) lhu     s1, 375(t0)
core   0: 3 0x80007944 (0x1772d483) x 9 0x00000000 mem 0x800231ca
core   0: 0x80007948 (0x0a529683) lh      a3, 165(t0)
core   0: 3 0x80007948 (0x0a529683) x13 0x00000000 mem 0x800230f8
core   0: 0x8000794c (0x4a82aca3) sw      s0, 1209(t0)
core   0: 3 0x8000794c (0x4a82aca3) mem 0x8002350c 0x8001903e
core   0: 0x80007950 (0xfc32c483) lbu     s1, -61(t0)
core   0: 3 0x80007950 (0xfc32c483) x 9 0x00000000 mem 0x80023016
core   0: 0x80007954 (0xba3288a3) sb      gp, -1103(t0)
core   0: 3 0x80007954 (0xba3288a3) mem 0x80022c04 0xd
core   0: 0x80007958 (0x027286a3) sb      t2, 45(t0)
core   0: 3 0x80007958 (0x027286a3) mem 0x80023080 0x0
core   0: 0x8000795c (0x00008eb1) c.xor   a3, a2
core   0: 3 0x8000795c (0x8eb1) x13 0x00000000
core   0: 0x8000795e (0x00009afd) c.andi  a3, -1
core   0: 3 0x8000795e (0x9afd) x13 0x00000000
core   0: 0x80007960 (0x0170cab3) xor     s5, ra, s7
core   0: 3 0x80007960 (0x0170cab3) x21 0x00007000
core   0: 0x80007964 (0x46128f23) sb      ra, 1150(t0)
core   0: 3 0x80007964 (0x46128f23) mem 0x800234d1 0x0
core   0: 0x80007968 (0x18828203) lb      tp, 392(t0)
core   0: 3 0x80007968 (0x18828203) x 4 0x00000000 mem 0x800231db
core   0: 0x8000796c (0x0000051e) c.slli  a0, 7
core   0: 3 0x8000796c (0x051e) x10 0x01667200
core   0: 0x8000796e (0xc372da03) lhu     s4, -969(t0)
core   0: 3 0x8000796e (0xc372da03) x20 0x00000000 mem 0x80022c8a
core   0: 0x80007972 (0x03828783) lb      a5, 56(t0)
core   0: 3 0x80007972 (0x03828783) x15 0x00000000 mem 0x8002308b
core   0: 0x80007976 (0x0000dd17) auipc   s10, 0xd
core   0: 3 0x80007976 (0x0000dd17) x26 0x80014976
core   0: 0x8000797a (0x851d0d13) addi    s10, s10, -1967
core   0: 3 0x8000797a (0x851d0d13) x26 0x800141c7
core   0: 0x8000797e (0x00019b17) auipc   s6, 0x19
core   0: 3 0x8000797e (0x00019b17) x22 0x8002097e
core   0: 0x80007982 (0x29ab0b13) addi    s6, s6, 666
core   0: 3 0x80007982 (0x29ab0b13) x22 0x80020c18
core   0: 0x80007986 (0x00019897) auipc   a7, 0x19
core   0: 3 0x80007986 (0x00019897) x17 0x80020986
core   0: 0x8000798a (0xfa988893) addi    a7, a7, -87
core   0: 3 0x8000798a (0xfa988893) x17 0x8002092f
core   0: 0x8000798e (0xfd9d4d83) lbu     s11, -39(s10)
core   0: 3 0x8000798e (0xfd9d4d83) x27 0x00000000 mem 0x800141a0
core   0: 0x80007992 (0xfc288503) lb      a0, -62(a7)
core   0: 3 0x80007992 (0xfc288503) x10 0x00000000 mem 0x800208f1
core   0: 0x80007996 (0x00018097) auipc   ra, 0x18
core   0: 3 0x80007996 (0x00018097) x 1 0x8001f996
core   0: 0x8000799a (0xa2508093) addi    ra, ra, -1499
core   0: 3 0x8000799a (0xa2508093) x 1 0x8001f3bb
core   0: 0x8000799e (0xf4c08b83) lb      s7, -180(ra)
core   0: 3 0x8000799e (0xf4c08b83) x23 0x00000000 mem 0x8001f307
core   0: 0x800079a2 (0x01e882a3) sb      t5, 5(a7)
core   0: 3 0x800079a2 (0x01e882a3) mem 0x80020934 0x0
core   0: 0x800079a6 (0x00010f97) auipc   t6, 0x10
core   0: 3 0x800079a6 (0x00010f97) x31 0x800179a6
core   0: 0x800079aa (0x999f8f93) addi    t6, t6, -1639
core   0: 3 0x800079aa (0x999f8f93) x31 0x8001733f
core   0: 0x800079ae (0xf2a0ca03) lbu     s4, -214(ra)
core   0: 3 0x800079ae (0xf2a0ca03) x20 0x00000000 mem 0x8001f2e5
core   0: 0x800079b2 (0x03ed0903) lb      s2, 62(s10)
core   0: 3 0x800079b2 (0x03ed0903) x18 0x00000000 mem 0x80014205
core   0: 0x800079b6 (0xf0408d23) sb      tp, -230(ra)
core   0: 3 0x800079b6 (0xf0408d23) mem 0x8001f2d5 0x0
core   0: 0x800079ba (0xfedd2983) lw      s3, -19(s10)
core   0: 3 0x800079ba (0xfedd2983) x19 0x00000000 mem 0x800141b4
core   0: 0x800079be (0x5fff9683) lh      a3, 1535(t6)
core   0: 3 0x800079be (0x5fff9683) x13 0x00000000 mem 0x8001793e
core   0: 0x800079c2 (0x0db09303) lh      t1, 219(ra)
core   0: 3 0x800079c2 (0x0db09303) x 6 0x00000000 mem 0x8001f496
core   0: 0x800079c6 (0x081b0723) sb      ra, 142(s6)
core   0: 3 0x800079c6 (0x081b0723) mem 0x80020ca6 0xbb
core   0: 0x800079ca (0x057b4783) lbu     a5, 87(s6)
core   0: 3 0x800079ca (0x057b4783) x15 0x00000000 mem 0x80020c6f
core   0: 0x800079ce (0x01e88e03) lb      t3, 30(a7)
core   0: 3 0x800079ce (0x01e88e03) x28 0x00000000 mem 0x8002094d
core   0: 0x800079d2 (0x03b88423) sb      s11, 40(a7)
core   0: 3 0x800079d2 (0x03b88423) mem 0x80020957 0x0
core   0: 0x800079d6 (0xf57b2e23) sw      s7, -164(s6)
core   0: 3 0x800079d6 (0xf57b2e23) mem 0x80020b74 0x00000000
core   0: 0x800079da (0xff7d0483) lb      s1, -9(s10)
core   0: 3 0x800079da (0xff7d0483) x 9 0x00000000 mem 0x800141be
core   0: 0x800079de (0xf5b087a3) sb      s11, -177(ra)
core   0: 3 0x800079de (0xf5b087a3) mem 0x8001f30a 0x0
core   0: 0x800079e2 (0xc55fc003) lbu     zero, -939(t6)
core   0: 3 0x800079e2 (0xc55fc003) mem 0x80016f94
core   0: 0x800079e6 (0xffd8d903) lhu     s2, -3(a7)
core   0: 3 0x800079e6 (0xffd8d903) x18 0x00000000 mem 0x8002092c
core   0: 0x800079ea (0xffbd1903) lh      s2, -5(s10)
core   0: 3 0x800079ea (0xffbd1903) x18 0x00000000 mem 0x800141c2
core   0: 0x800079ee (0x0bcb03a3) sb      t3, 167(s6)
core   0: 3 0x800079ee (0x0bcb03a3) mem 0x80020cbf 0x0
core   0: 0x800079f2 (0xfd5d1b83) lh      s7, -43(s10)
core   0: 3 0x800079f2 (0xfd5d1b83) x23 0x00000000 mem 0x8001419c
core   0: 0x800079f6 (0xf71b0223) sb      a7, -156(s6)
core   0: 3 0x800079f6 (0xf71b0223) mem 0x80020b7c 0x2f
core   0: 0x800079fa (0xfdad0923) sb      s10, -46(s10)
core   0: 3 0x800079fa (0xfdad0923) mem 0x80014199 0xc7
core   0: 0x800079fe (0x0820c503) lbu     a0, 130(ra)
core   0: 3 0x800079fe (0x0820c503) x10 0x00000000 mem 0x8001f43d
core   0: 0x80007a02 (0xb0dfc783) lbu     a5, -1267(t6)
core   0: 3 0x80007a02 (0xb0dfc783) x15 0x00000000 mem 0x80016e4c
core   0: 0x80007a06 (0xf8608a83) lb      s5, -122(ra)
core   0: 3 0x80007a06 (0xf8608a83) x21 0x00000000 mem 0x8001f341
core   0: 0x80007a0a (0x0108cc03) lbu     s8, 16(a7)
core   0: 3 0x80007a0a (0x0108cc03) x24 0x00000000 mem 0x8002093f
core   0: 0x80007a0e (0xb2cfce03) lbu     t3, -1236(t6)
core   0: 3 0x80007a0e (0xb2cfce03) x28 0x00000000 mem 0x80016e6b
core   0: 0x80007a12 (0xcf6fa6a3) sw      s6, -787(t6)
core   0: 3 0x80007a12 (0xcf6fa6a3) mem 0x8001702c 0x80020c18
core   0: 0x80007a16 (0xfbeb5783) lhu     a5, -66(s6)
core   0: 3 0x80007a16 (0xfbeb5783) x15 0x00000000 mem 0x80020bd6
core   0: 0x80007a1a (0x0d9b0983) lb      s3, 217(s6)
core   0: 3 0x80007a1a (0x0d9b0983) x19 0x00000000 mem 0x80020cf1
core   0: 0x80007a1e (0x02f88a03) lb      s4, 47(a7)
core   0: 3 0x80007a1e (0x02f88a03) x20 0x00000000 mem 0x8002095e
core   0: 0x80007a22 (0x0e6b5303) lhu     t1, 230(s6)
core   0: 3 0x80007a22 (0x0e6b5303) x 6 0x00000000 mem 0x80020cfe
core   0: 0x80007a26 (0xfee88f23) sb      a4, -2(a7)
core   0: 3 0x80007a26 (0xfee88f23) mem 0x8002092d 0x58
core   0: 0x80007a2a (0xf7808103) lb      sp, -136(ra)
core   0: 3 0x80007a2a (0xf7808103) x 2 0x00000000 mem 0x8001f333
core   0: 0x80007a2e (0xf9008303) lb      t1, -112(ra)
core   0: 3 0x80007a2e (0xf9008303) x 6 0x00000000 mem 0x8001f34b
core   0: 0x80007a32 (0x8d2fc303) lbu     t1, -1838(t6)
core   0: 3 0x80007a32 (0x8d2fc303) x 6 0x00000000 mem 0x80016c11
core   0: 0x80007a36 (0x00688283) lb      t0, 6(a7)
core   0: 3 0x80007a36 (0x00688283) x 5 0x00000000 mem 0x80020935
core   0: 0x80007a3a (0x09c08223) sb      t3, 132(ra)
core   0: 3 0x80007a3a (0x09c08223) mem 0x8001f43f 0x0
core   0: 0x80007a3e (0xfcdd5a83) lhu     s5, -51(s10)
core   0: 3 0x80007a3e (0xfcdd5a83) x21 0x00000000 mem 0x80014194
core   0: 0x80007a42 (0x027d0b23) sb      t2, 54(s10)
core   0: 3 0x80007a42 (0x027d0b23) mem 0x800141fd 0x0
core   0: 0x80007a46 (0x0f7b4903) lbu     s2, 247(s6)
core   0: 3 0x80007a46 (0x0f7b4903) x18 0x00000000 mem 0x80020d0f
core   0: 0x80007a4a (0x468f8fa3) sb      s0, 1151(t6)
core   0: 3 0x80007a4a (0x468f8fa3) mem 0x800177be 0x3e
core   0: 0x80007a4e (0x0000b117) auipc   sp, 0xb
core   0: 3 0x80007a4e (0x0000b117) x 2 0x80012a4e
core   0: 0x80007a52 (0x7fb10113) addi    sp, sp, 2043
core   0: 3 0x80007a52 (0x7fb10113) x 2 0x80013249
core   0: 0x80007a56 (0xff810203) lb      tp, -8(sp)
core   0: 3 0x80007a56 (0xff810203) x 4 0x00000000 mem 0x80013241
core   0: 0x80007a5a (0xff810c23) sb      s8, -8(sp)
core   0: 3 0x80007a5a (0xff810c23) mem 0x80013241 0x0
core   0: 0x80007a5e (0x1bee8e93) addi    t4, t4, 446
core   0: 3 0x80007a5e (0x1bee8e93) x29 0x000001be
core   0: 0x80007a62 (0xff810483) lb      s1, -8(sp)
core   0: 3 0x80007a62 (0xff810483) x 9 0x00000000 mem 0x80013241
core   0: 0x80007a66 (0xff810383) lb      t2, -8(sp)
core   0: 3 0x80007a66 (0xff810383) x 7 0x00000000 mem 0x80013241
core   0: 0x80007a6a (0x4006d293) srai    t0, a3, 0
core   0: 3 0x80007a6a (0x4006d293) x 5 0x00000000
core   0: 0x80007a6e (0xff814483) lbu     s1, -8(sp)
core   0: 3 0x80007a6e (0xff814483) x 9 0x00000000 mem 0x80013241
core   0: 0x80007a72 (0xfe810c23) sb      s0, -8(sp)
core   0: 3 0x80007a72 (0xfe810c23) mem 0x80013241 0x3e
core   0: 0x80007a76 (0xff814203) lbu     tp, -8(sp)
core   0: 3 0x80007a76 (0xff814203) x 4 0x0000003e mem 0x80013241
core   0: 0x80007a7a (0x9dff1437) lui     s0, 0x9dff1
core   0: 3 0x80007a7a (0x9dff1437) x 8 0x9dff1000
core   0: 0x80007a7e (0xff814983) lbu     s3, -8(sp)
core   0: 3 0x80007a7e (0xff814983) x19 0x0000003e mem 0x80013241
core   0: 0x80007a82 (0xff810983) lb      s3, -8(sp)
core   0: 3 0x80007a82 (0xff810983) x19 0x0000003e mem 0x80013241
core   0: 0x80007a86 (0xfeb10c23) sb      a1, -8(sp)
core   0: 3 0x80007a86 (0xfeb10c23) mem 0x80013241 0xe4
core   0: 0x80007a8a (0xff814483) lbu     s1, -8(sp)
core   0: 3 0x80007a8a (0xff814483) x 9 0x000000e4 mem 0x80013241
core   0: 0x80007a8e (0xff810503) lb      a0, -8(sp)
core   0: 3 0x80007a8e (0xff810503) x10 0xffffffe4 mem 0x80013241
core   0: 0x80007a92 (0xfe510c23) sb      t0, -8(sp)
core   0: 3 0x80007a92 (0xfe510c23) mem 0x80013241 0x0
core   0: 0x80007a96 (0xff910c23) sb      s9, -8(sp)
core   0: 3 0x80007a96 (0xff910c23) mem 0x80013241 0xa8
core   0: 0x80007a9a (0xff810c83) lb      s9, -8(sp)
core   0: 3 0x80007a9a (0xff810c83) x25 0xffffffa8 mem 0x80013241
core   0: 0x80007a9e (0x0000f117) auipc   sp, 0xf
core   0: 3 0x80007a9e (0x0000f117) x 2 0x80016a9e
core   0: 0x80007aa2 (0x28510113) addi    sp, sp, 645
core   0: 3 0x80007aa2 (0x28510113) x 2 0x80016d23
core   0: 0x80007aa6 (0x05a10d83) lb      s11, 90(sp)
core   0: 3 0x80007aa6 (0x05a10d83) x27 0x00000000 mem 0x80016d7d
core   0: 0x80007aaa (0x05a10203) lb      tp, 90(sp)
core   0: 3 0x80007aaa (0x05a10203) x 4 0x00000000 mem 0x80016d7d
core   0: 0x80007aae (0x03fd5d33) divu    s10, s10, t6
core   0: 3 0x80007aae (0x03fd5d33) x26 0x00000000
core   0: 0x80007ab2 (0x05210d23) sb      s2, 90(sp)
core   0: 3 0x80007ab2 (0x05210d23) mem 0x80016d7d 0x0
core   0: 0x80007ab6 (0x05a10183) lb      gp, 90(sp)
core   0: 3 0x80007ab6 (0x05a10183) x 3 0x00000000 mem 0x80016d7d
core   0: 0x80007aba (0x01a10203) lb      tp, 26(sp)
core   0: 3 0x80007aba (0x01a10203) x 4 0x00000000 mem 0x80016d3d
core   0: 0x80007abe (0x01a14903) lbu     s2, 26(sp)
core   0: 3 0x80007abe (0x01a14903) x18 0x00000000 mem 0x80016d3d
core   0: 0x80007ac2 (0x01a14203) lbu     tp, 26(sp)
core   0: 3 0x80007ac2 (0x01a14203) x 4 0x00000000 mem 0x80016d3d
core   0: 0x80007ac6 (0x00000001) c.nop
core   0: 3 0x80007ac6 (0x0001)
core   0: 0x80007ac8 (0x01a14c83) lbu     s9, 26(sp)
core   0: 3 0x80007ac8 (0x01a14c83) x25 0x00000000 mem 0x80016d3d
core   0: 0x80007acc (0x0000825e) c.mv    tp, s7
core   0: 3 0x80007acc (0x825e) x 4 0x00000000
core   0: 0x80007ace (0x00004ecd) c.li    t4, 19
core   0: 3 0x80007ace (0x4ecd) x29 0x00000013
core   0: 0x80007ad0 (0x128a8813) addi    a6, s5, 296
core   0: 3 0x80007ad0 (0x128a8813) x16 0x00000128
core   0: 0x80007ad4 (0x000086ed) c.srai  a3, 27
core   0: 3 0x80007ad4 (0x86ed) x13 0x00000000
core   0: 0x80007ad6 (0x01a10d03) lb      s10, 26(sp)
core   0: 3 0x80007ad6 (0x01a10d03) x26 0x00000000 mem 0x80016d3d
core   0: 0x80007ada (0x00a10d23) sb      a0, 26(sp)
core   0: 3 0x80007ada (0x00a10d23) mem 0x80016d3d 0xe4
core   0: 0x80007ade (0x00011a97) auipc   s5, 0x11
core   0: 3 0x80007ade (0x00011a97) x21 0x80018ade
core   0: 0x80007ae2 (0xaa2a8a93) addi    s5, s5, -1374
core   0: 3 0x80007ae2 (0xaa2a8a93) x21 0x80018580
core   0: 0x80007ae6 (0x00008c31) c.xor   s0, a2
core   0: 3 0x80007ae6 (0x8c31) x 8 0x9dff1000
core   0: 0x80007ae8 (0xf68a9603) lh      a2, -152(s5)
core   0: 3 0x80007ae8 (0xf68a9603) x12 0x00000000 mem 0x800184e8
core   0: 0x80007aec (0x0011f533) and     a0, gp, ra
core   0: 3 0x80007aec (0x0011f533) x10 0x00000000
core   0: 0x80007af0 (0xf80a80a3) sb      zero, -127(s5)
core   0: 3 0x80007af0 (0xf80a80a3) mem 0x80018501 0x0
core   0: 0x80007af4 (0xfcba9623) sh      a1, -52(s5)
core   0: 3 0x80007af4 (0xfcba9623) mem 0x8001854c 0xcce4
core   0: 0x80007af8 (0x07ea8c83) lb      s9, 126(s5)
core   0: 3 0x80007af8 (0x07ea8c83) x25 0x00000000 mem 0x800185fe
core   0: 0x80007afc (0xfffa86a3) sb      t6, -19(s5)
core   0: 3 0x80007afc (0xfffa86a3) mem 0x8001856d 0x3f
core   0: 0x80007b00 (0x0000612d) c.addi16sp sp, 224
core   0: 3 0x80007b00 (0x612d) x 2 0x80016e03
core   0: 0x80007b02 (0x0d4a8603) lb      a2, 212(s5)
core   0: 3 0x80007b02 (0x0d4a8603) x12 0x00000000 mem 0x80018654
core   0: 0x80007b06 (0xf40947b7) lui     a5, 0xf4094
core   0: 3 0x80007b06 (0xf40947b7) x15 0xf4094000
core   0: 0x80007b0a (0xfaca9823) sh      a2, -80(s5)
core   0: 3 0x80007b0a (0xfaca9823) mem 0x80018530 0x0000
core   0: 0x80007b0e (0x096ad983) lhu     s3, 150(s5)
core   0: 3 0x80007b0e (0x096ad983) x19 0x00000000 mem 0x80018616
core   0: 0x80007b12 (0x0a0a9d23) sh      zero, 186(s5)
core   0: 3 0x80007b12 (0x0a0a9d23) mem 0x8001863a 0x0000
core   0: 0x80007b16 (0x23bebb93) sltiu   s7, t4, 571
core   0: 3 0x80007b16 (0x23bebb93) x23 0x00000001
core   0: 0x80007b1a (0x00008b81) c.andi  a5, 0
core   0: 3 0x80007b1a (0x8b81) x15 0x00000000
core   0: 0x80007b1c (0x017d7333) and     t1, s10, s7
core   0: 3 0x80007b1c (0x017d7333) x 6 0x00000000
core   0: 0x80007b20 (0xf82a8e03) lb      t3, -126(s5)
core   0: 3 0x80007b20 (0xf82a8e03) x28 0x00000000 mem 0x80018502
core   0: 0x80007b24 (0x00000001) c.nop
core   0: 3 0x80007b24 (0x0001)
core   0: 0x80007b26 (0xf8fac503) lbu     a0, -113(s5)
core   0: 3 0x80007b26 (0xf8fac503) x10 0x00000000 mem 0x8001850f
core   0: 0x80007b2a (0x000aaa03) lw      s4, 0(s5)
core   0: 3 0x80007b2a (0x000aaa03) x20 0x00000000 mem 0x80018580
core   0: 0x80007b2e (0x094ac503) lbu     a0, 148(s5)
core   0: 3 0x80007b2e (0x094ac503) x10 0x00000000 mem 0x80018614
core   0: 0x80007b32 (0xf60a9f23) sh      zero, -130(s5)
core   0: 3 0x80007b32 (0xf60a9f23) mem 0x800184fe 0x0000
core   0: 0x80007b36 (0xf87a8e83) lb      t4, -121(s5)
core   0: 3 0x80007b36 (0xf87a8e83) x29 0x00000000 mem 0x80018507
core   0: 0x80007b3a (0xf8fa89a3) sb      a5, -109(s5)
core   0: 3 0x80007b3a (0xf8fa89a3) mem 0x80018513 0x0
core   0: 0x80007b3e (0x000090f2) c.add   ra, t3
core   0: 3 0x80007b3e (0x90f2) x 1 0x8001f3bb
core   0: 0x80007b40 (0x0ffa8423) sb      t6, 232(s5)
core   0: 3 0x80007b40 (0x0ffa8423) mem 0x80018668 0x3f
core   0: 0x80007b44 (0x1e5a9317) auipc   t1, 0x1e5a9
core   0: 3 0x80007b44 (0x1e5a9317) x 6 0x9e5b0b44
core   0: 0x80007b48 (0x0000717d) c.addi16sp sp, -16
core   0: 3 0x80007b48 (0x717d) x 2 0x80016df3
core   0: 0x80007b4a (0xfe0acd83) lbu     s11, -32(s5)
core   0: 3 0x80007b4a (0xfe0acd83) x27 0x00000000 mem 0x80018560
core   0: 0x80007b4e (0x07ea9503) lh      a0, 126(s5)
core   0: 3 0x80007b4e (0x07ea9503) x10 0x00000000 mem 0x800185fe
core   0: 0x80007b52 (0x0000100f) fence.i
core   0: 3 0x80007b52 (0x0000100f)
core   0: 0x80007b56 (0x1f4b3097) auipc   ra, 0x1f4b3
core   0: 3 0x80007b56 (0x1f4b3097) x 1 0x9f4bab56
core   0: 0x80007b5a (0x0039e2b3) or      t0, s3, gp
core   0: 3 0x80007b5a (0x0039e2b3) x 5 0x00000000
core   0: 0x80007b5e (0x02bacc83) lbu     s9, 43(s5)
core   0: 3 0x80007b5e (0x02bacc83) x25 0x00000000 mem 0x800185ab
core   0: 0x80007b62 (0x00001a10) c.addi4spn a2, sp, 304
core   0: 3 0x80007b62 (0x1a10) x12 0x80016f23
core   0: 0x80007b64 (0xfa3a8783) lb      a5, -93(s5)
core   0: 3 0x80007b64 (0xfa3a8783) x15 0x00000000 mem 0x80018523
core   0: 0x80007b68 (0x011aa833) slt     a6, s5, a7
core   0: 3 0x80007b68 (0x011aa833) x16 0x00000001
core   0: 0x80007b6c (0xe4156f93) ori     t6, a0, -447
core   0: 3 0x80007b6c (0xe4156f93) x31 0xfffffe41
core   0: 0x80007b70 (0x03aa83a3) sb      s10, 39(s5)
core   0: 3 0x80007b70 (0x03aa83a3) mem 0x800185a7 0x0
core   0: 0x80007b74 (0x072a83a3) sb      s2, 103(s5)
core   0: 3 0x80007b74 (0x072a83a3) mem 0x800185e7 0x0
core   0: 0x80007b78 (0xf56a9c23) sh      s6, -168(s5)
core   0: 3 0x80007b78 (0xf56a9c23) mem 0x800184d8 0x0c18
core   0: 0x80007b7c (0x0d9acf83) lbu     t6, 217(s5)
core   0: 3 0x80007b7c (0x0d9acf83) x31 0x00000000 mem 0x80018659
core   0: 0x80007b80 (0x039acf83) lbu     t6, 57(s5)
core   0: 3 0x80007b80 (0x039acf83) x31 0x00000000 mem 0x800185b9
core   0: 0x80007b84 (0x03c1ecb3) rem     s9, gp, t3
core   0: 3 0x80007b84 (0x03c1ecb3) x25 0x00000000
core   0: 0x80007b88 (0x07ead403) lhu     s0, 126(s5)
core   0: 3 0x80007b88 (0x07ead403) x 8 0x00000000 mem 0x800185fe
core   0: 0x80007b8c (0x00011117) auipc   sp, 0x11
core   0: 3 0x80007b8c (0x00011117) x 2 0x80018b8c
core   0: 0x80007b90 (0xa3b10113) addi    sp, sp, -1477
core   0: 3 0x80007b90 (0xa3b10113) x 2 0x800185c7
core   0: 0x80007b94 (0x10f108a3) sb      a5, 273(sp)
core   0: 3 0x80007b94 (0x10f108a3) mem 0x800186d8 0x0
core   0: 0x80007b98 (0x00173db3) sltu    s11, a4, ra
core   0: 3 0x80007b98 (0x00173db3) x27 0x00000001
core   0: 0x80007b9c (0x0ff0000f) fence   iorw,iorw
core   0: 3 0x80007b9c (0x0ff0000f)
core   0: 0x80007ba0 (0x000080d5) c.srli  s1, 21
core   0: 3 0x80007ba0 (0x80d5) x 9 0x00000000
core   0: 0x80007ba2 (0xbaa10503) lb      a0, -1110(sp)
core   0: 3 0x80007ba2 (0xbaa10503) x10 0x00000000 mem 0x80018171
core   0: 0x80007ba6 (0xe2d10023) sb      a3, -480(sp)
core   0: 3 0x80007ba6 (0xe2d10023) mem 0x800183e7 0x0
core   0: 0x80007baa (0xd0b10323) sb      a1, -762(sp)
core   0: 3 0x80007baa (0xd0b10323) mem 0x800182cd 0xe4
core   0: 0x80007bae (0x5d410b23) sb      s4, 1494(sp)
core   0: 3 0x80007bae (0x5d410b23) mem 0x80018b9d 0x0
core   0: 0x80007bb2 (0x00699c33) sll     s8, s3, t1
core   0: 3 0x80007bb2 (0x00699c33) x24 0x00000000
core   0: 0x80007bb6 (0x000a20b3) slt     ra, s4, zero
core   0: 3 0x80007bb6 (0x000a20b3) x 1 0x00000000
core   0: 0x80007bba (0x01ae31b3) sltu    gp, t3, s10
core   0: 3 0x80007bba (0x01ae31b3) x 3 0x00000000
core   0: 0x80007bbe (0x93d10183) lb      gp, -1731(sp)
core   0: 3 0x80007bbe (0x93d10183) x 3 0x00000000 mem 0x80017f04
core   0: 0x80007bc2 (0x709111a3) sh      s1, 1795(sp)
core   0: 3 0x80007bc2 (0x709111a3) mem 0x80018cca 0x0000
core   0: 0x80007bc6 (0x7fa14683) lbu     a3, 2042(sp)
core   0: 3 0x80007bc6 (0x7fa14683) x13 0x00000000 mem 0x80018dc1
core   0: 0x80007bca (0x01c79613) slli    a2, a5, 28
core   0: 3 0x80007bca (0x01c79613) x12 0x00000000
core   0: 0x80007bce (0x10a117a3) sh      a0, 271(sp)
core   0: 3 0x80007bce (0x10a117a3) mem 0x800186d6 0x0000
core   0: 0x80007bd2 (0x9bf10a03) lb      s4, -1601(sp)
core   0: 3 0x80007bd2 (0x9bf10a03) x20 0x00000000 mem 0x80017f86
core   0: 0x80007bd6 (0x5a814783) lbu     a5, 1448(sp)
core   0: 3 0x80007bd6 (0x5a814783) x15 0x00000000 mem 0x80018b6f
core   0: 0x80007bda (0x3a8102a3) sb      s0, 933(sp)
core   0: 3 0x80007bda (0x3a8102a3) mem 0x8001896c 0x0
core   0: 0x80007bde (0x07914403) lbu     s0, 121(sp)
core   0: 3 0x80007bde (0x07914403) x 8 0x00000000 mem 0x80018640
core   0: 0x80007be2 (0x7aa14c83) lbu     s9, 1962(sp)
core   0: 3 0x80007be2 (0x7aa14c83) x25 0x00000000 mem 0x80018d71
core   0: 0x80007be6 (0x91d10f83) lb      t6, -1763(sp)
core   0: 3 0x80007be6 (0x91d10f83) x31 0x00000000 mem 0x80017ee4
core   0: 0x80007bea (0xa3814c03) lbu     s8, -1480(sp)
core   0: 3 0x80007bea (0xa3814c03) x24 0x00000000 mem 0x80017fff
core   0: 0x80007bee (0x000084f1) c.srai  s1, 28
core   0: 3 0x80007bee (0x84f1) x 9 0x00000000
core   0: 0x80007bf0 (0x0129e4b3) or      s1, s3, s2
core   0: 3 0x80007bf0 (0x0129e4b3) x 9 0x00000000
core   0: 0x80007bf4 (0x433e8cb7) lui     s9, 0x433e8
core   0: 3 0x80007bf4 (0x433e8cb7) x25 0x433e8000
core   0: 0x80007bf8 (0xf1e10a03) lb      s4, -226(sp)
core   0: 3 0x80007bf8 (0xf1e10a03) x20 0x00000000 mem 0x800184e5
core   0: 0x80007bfc (0x1d410d03) lb      s10, 468(sp)
core   0: 3 0x80007bfc (0x1d410d03) x26 0x00000000 mem 0x8001879b
core   0: 0x80007c00 (0xae210523) sb      sp, -1302(sp)
core   0: 3 0x80007c00 (0xae210523) mem 0x800180b1 0xc7
core   0: 0x80007c04 (0x87810723) sb      s8, -1938(sp)
core   0: 3 0x80007c04 (0x87810723) mem 0x80017e35 0x0
core   0: 0x80007c08 (0xb2f10123) sb      a5, -1246(sp)
core   0: 3 0x80007c08 (0xb2f10123) mem 0x800180e9 0x0
core   0: 0x80007c0c (0x9852ca13) xori    s4, t0, -1659
core   0: 3 0x80007c0c (0x9852ca13) x20 0xfffff985
core   0: 0x80007c10 (0x00009b12) c.add   s6, tp
core   0: 3 0x80007c10 (0x9b12) x22 0x80020c18
core   0: 0x80007c12 (0x00000001) c.nop
core   0: 3 0x80007c12 (0x0001)
core   0: 0x80007c14 (0xe7515203) lhu     tp, -395(sp)
core   0: 3 0x80007c14 (0xe7515203) x 4 0x00000000 mem 0x8001843c
core   0: 0x80007c18 (0xee414a83) lbu     s5, -284(sp)
core   0: 3 0x80007c18 (0xee414a83) x21 0x00000000 mem 0x800184ab
core   0: 0x80007c1c (0x0000b117) auipc   sp, 0xb
core   0: 3 0x80007c1c (0x0000b117) x 2 0x80012c1c
core   0: 0x80007c20 (0x6b410113) addi    sp, sp, 1716
core   0: 3 0x80007c20 (0x6b410113) x 2 0x800132d0
core   0: 0x80007c24 (0x00008ad9) c.andi  a3, 22
core   0: 3 0x80007c24 (0x8ad9) x13 0x00000000
core   0: 0x80007c26 (0xff814303) lbu     t1, -8(sp)
core   0: 3 0x80007c26 (0xff814303) x 6 0x00000000 mem 0x800132c8
core   0: 0x80007c2a (0x01937533) and     a0, t1, s9
core   0: 3 0x80007c2a (0x01937533) x10 0x00000000
core   0: 0x80007c2e (0x00611903) lh      s2, 6(sp)
core   0: 3 0x80007c2e (0x00611903) x18 0x00000000 mem 0x800132d6
core   0: 0x80007c32 (0x0268a7b3) mulhsu  a5, a7, t1
core   0: 3 0x80007c32 (0x0268a7b3) x15 0x00000000
core   0: 0x80007c36 (0x000042a2) c.lwsp  t0, 8(sp)
core   0: 3 0x80007c36 (0x42a2) x 5 0x00000000 mem 0x800132d8
core   0: 0x80007c38 (0x002c3a33) sltu    s4, s8, sp
core   0: 3 0x80007c38 (0x002c3a33) x20 0x00000001
core   0: 0x80007c3c (0xff510d23) sb      s5, -6(sp)
core   0: 3 0x80007c3c (0xff510d23) mem 0x800132ca 0x0
core   0: 0x80007c40 (0x026e9333) mulh    t1, t4, t1
core   0: 3 0x80007c40 (0x026e9333) x 6 0x00000000
core   0: 0x80007c44 (0x00d10183) lb      gp, 13(sp)
core   0: 3 0x80007c44 (0x00d10183) x 3 0x00000000 mem 0x800132dd
core   0: 0x80007c48 (0xffa11a03) lh      s4, -6(sp)
core   0: 3 0x80007c48 (0xffa11a03) x20 0x00000000 mem 0x800132ca
core   0: 0x80007c4c (0x01aa14b3) sll     s1, s4, s10
core   0: 3 0x80007c4c (0x01aa14b3) x 9 0x00000000
core   0: 0x80007c50 (0x00775313) srli    t1, a4, 7
core   0: 3 0x80007c50 (0x00775313) x 6 0x0100051c
core   0: 0x80007c54 (0x00004d22) c.lwsp  s10, 8(sp)
core   0: 3 0x80007c54 (0x4d22) x26 0x00000000 mem 0x800132d8
core   0: 0x80007c56 (0x03518233) mul     tp, gp, s5
core   0: 3 0x80007c56 (0x03518233) x 4 0x00000000
core   0: 0x80007c5a (0xff910fa3) sb      s9, -1(sp)
core   0: 3 0x80007c5a (0xff910fa3) mem 0x800132cf 0x0
core   0: 0x80007c5e (0x00008cb5) c.xor   s1, a3
core   0: 3 0x80007c5e (0x8cb5) x 9 0x00000000
core   0: 0x80007c60 (0x02b2c533) div     a0, t0, a1
core   0: 3 0x80007c60 (0x02b2c533) x10 0x00000000
core   0: 0x80007c64 (0x038c31b3) mulhu   gp, s8, s8
core   0: 3 0x80007c64 (0x038c31b3) x 3 0x00000000
core   0: 0x80007c68 (0x00f10903) lb      s2, 15(sp)
core   0: 3 0x80007c68 (0x00f10903) x18 0x00000000 mem 0x800132df
core   0: 0x80007c6c (0x00009892) c.add   a7, tp
core   0: 3 0x80007c6c (0x9892) x17 0x8002092f
core   0: 0x80007c6e (0x00008d71) c.and   a0, a2
core   0: 3 0x80007c6e (0x8d71) x10 0x00000000
core   0: 0x80007c70 (0x000086d9) c.srai  a3, 22
core   0: 3 0x80007c70 (0x86d9) x13 0x00000000
core   0: 0x80007c72 (0xdd0f0217) auipc   tp, 0xdd0f0
core   0: 3 0x80007c72 (0xdd0f0217) x 4 0x5d0f7c72
core   0: 0x80007c76 (0xff514903) lbu     s2, -11(sp)
core   0: 3 0x80007c76 (0xff514903) x18 0x00000000 mem 0x800132c5
core   0: 0x80007c7a (0x030de533) rem     a0, s11, a6
core   0: 3 0x80007c7a (0x030de533) x10 0x00000000
core   0: 0x80007c7e (0xffd10d83) lb      s11, -3(sp)
core   0: 3 0x80007c7e (0xffd10d83) x27 0x00000000 mem 0x800132cd
core   0: 0x80007c82 (0x03e734b3) mulhu   s1, a4, t5
core   0: 3 0x80007c82 (0x03e734b3) x 9 0x4001472c
core   0: 0x80007c86 (0x33e97293) andi    t0, s2, 830
core   0: 3 0x80007c86 (0x33e97293) x 5 0x00000000
core   0: 0x80007c8a (0x414cda33) sra     s4, s9, s4
core   0: 3 0x80007c8a (0x414cda33) x20 0x433e8000
core   0: 0x80007c8e (0x00009606) c.add   a2, ra
core   0: 3 0x80007c8e (0x9606) x12 0x00000000
core   0: 0x80007c90 (0x00009c6a) c.add   s8, s10
core   0: 3 0x80007c90 (0x9c6a) x24 0x00000000
core   0: 0x80007c92 (0x000044c2) c.lwsp  s1, 16(sp)
core   0: 3 0x80007c92 (0x44c2) x 9 0x00000000 mem 0x800132e0
core   0: 0x80007c94 (0x000040a1) c.li    ra, 8
core   0: 3 0x80007c94 (0x40a1) x 1 0x00000008
core   0: 0x80007c96 (0x00214883) lbu     a7, 2(sp)
core   0: 3 0x80007c96 (0x00214883) x17 0x00000000 mem 0x800132d2
core   0: 0x80007c9a (0x000088d9) c.andi  s1, 22
core   0: 3 0x80007c9a (0x88d9) x 9 0x00000000
core   0: 0x80007c9c (0x00004812) c.lwsp  a6, 4(sp)
core   0: 3 0x80007c9c (0x4812) x16 0x00000000 mem 0x800132d4
core   0: 0x80007c9e (0x0000dd17) auipc   s10, 0xd
core   0: 3 0x80007c9e (0x0000dd17) x26 0x80014c9e
core   0: 0x80007ca2 (0x38bd0d13) addi    s10, s10, 907
core   0: 3 0x80007ca2 (0x38bd0d13) x26 0x80015029
core   0: 0x80007ca6 (0xff6d4e03) lbu     t3, -10(s10)
core   0: 3 0x80007ca6 (0xff6d4e03) x28 0x00000000 mem 0x8001501f
core   0: 0x80007caa (0x0000c297) auipc   t0, 0xc
core   0: 3 0x80007caa (0x0000c297) x 5 0x80013caa
core   0: 0x80007cae (0x34528293) addi    t0, t0, 837
core   0: 3 0x80007cae (0x34528293) x 5 0x80013fef
core   0: 0x80007cb2 (0x050d0b83) lb      s7, 80(s10)
core   0: 3 0x80007cb2 (0x050d0b83) x23 0x00000000 mem 0x80015079
core   0: 0x80007cb6 (0xd5f282a3) sb      t6, -699(t0)
core   0: 3 0x80007cb6 (0xd5f282a3) mem 0x80013d34 0x0
core   0: 0x80007cba (0x01ad4c03) lbu     s8, 26(s10)
core   0: 3 0x80007cba (0x01ad4c03) x24 0x00000000 mem 0x80015043
core   0: 0x80007cbe (0xd2828683) lb      a3, -728(t0)
core   0: 3 0x80007cbe (0xd2828683) x13 0x00000000 mem 0x80013d17
core   0: 0x80007cc2 (0x8682cb83) lbu     s7, -1944(t0)
core   0: 3 0x80007cc2 (0x8682cb83) x23 0x00000000 mem 0x80013857
core   0: 0x80007cc6 (0x0c8d4403) lbu     s0, 200(s10)
core   0: 3 0x80007cc6 (0x0c8d4403) x 8 0x00000000 mem 0x800150f1
core   0: 0x80007cca (0x03fd0203) lb      tp, 63(s10)
core   0: 3 0x80007cca (0x03fd0203) x 4 0x00000000 mem 0x80015068
core   0: 0x80007cce (0x84e28d23) sb      a4, -1958(t0)
core   0: 3 0x80007cce (0x84e28d23) mem 0x80013849 0x58
core   0: 0x80007cd2 (0xf06d4203) lbu     tp, -250(s10)
core   0: 3 0x80007cd2 (0xf06d4203) x 4 0x00000000 mem 0x80014f2f
core   0: 0x80007cd6 (0x06bd0d23) sb      a1, 122(s10)
core   0: 3 0x80007cd6 (0x06bd0d23) mem 0x800150a3 0xe4
core   0: 0x80007cda (0x036d04a3) sb      s6, 41(s10)
core   0: 3 0x80007cda (0x036d04a3) mem 0x80015052 0x18
core   0: 0x80007cde (0x88c2a0a3) sw      a2, -1919(t0)
core   0: 3 0x80007cde (0x88c2a0a3) mem 0x80013870 0x00000000
core   0: 0x80007ce2 (0x00015117) auipc   sp, 0x15
core   0: 3 0x80007ce2 (0x00015117) x 2 0x8001cce2
core   0: 0x80007ce6 (0x47410113) addi    sp, sp, 1140
core   0: 3 0x80007ce6 (0x47410113) x 2 0x8001d156
core   0: 0x80007cea (0x02b197b3) mulh    a5, gp, a1
core   0: 3 0x80007cea (0x02b197b3) x15 0x00000000
core   0: 0x80007cee (0xfc612603) lw      a2, -58(sp)
core   0: 3 0x80007cee (0xfc612603) x12 0x00000000 mem 0x8001d11c
core   0: 0x80007cf2 (0xfbd10283) lb      t0, -67(sp)
core   0: 3 0x80007cf2 (0xfbd10283) x 5 0x00000000 mem 0x8001d113
core   0: 0x80007cf6 (0x0f815683) lhu     a3, 248(sp)
core   0: 3 0x80007cf6 (0x0f815683) x13 0x00000000 mem 0x8001d24e
core   0: 0x80007cfa (0x0ff0000f) fence   iorw,iorw
core   0: 3 0x80007cfa (0x0ff0000f)
core   0: 0x80007cfe (0x02918c33) mul     s8, gp, s1
core   0: 3 0x80007cfe (0x02918c33) x24 0x00000000
core   0: 0x80007d02 (0xf73100a3) sb      s3, -159(sp)
core   0: 3 0x80007d02 (0xf73100a3) mem 0x8001d0b7 0x0
core   0: 0x80007d06 (0x0355d833) divu    a6, a1, s5
core   0: 3 0x80007d06 (0x0355d833) x16 0xffffffff
core   0: 0x80007d0a (0x000b1093) slli    ra, s6, 0
core   0: 3 0x80007d0a (0x000b1093) x 1 0x80020c18
core   0: 0x80007d0e (0x04b10083) lb      ra, 75(sp)
core   0: 3 0x80007d0e (0x04b10083) x 1 0x00000000 mem 0x8001d1a1
core   0: 0x80007d12 (0x04b10503) lb      a0, 75(sp)
core   0: 3 0x80007d12 (0x04b10503) x10 0x00000000 mem 0x8001d1a1
core   0: 0x80007d16 (0x03a10f83) lb      t6, 58(sp)
core   0: 3 0x80007d16 (0x03a10f83) x31 0x00000000 mem 0x8001d190
core   0: 0x80007d1a (0x03a11d23) sh      s10, 58(sp)
core   0: 3 0x80007d1a (0x03a11d23) mem 0x8001d190 0x5029
core   0: 0x80007d1e (0x03a12683) lw      a3, 58(sp)
core   0: 3 0x80007d1e (0x03a12683) x13 0x00005029 mem 0x8001d190
core   0: 0x80007d22 (0x03a14083) lbu     ra, 58(sp)
core   0: 3 0x80007d22 (0x03a14083) x 1 0x00000029 mem 0x8001d190
core   0: 0x80007d26 (0xf5c10d03) lb      s10, -164(sp)
core   0: 3 0x80007d26 (0xf5c10d03) x26 0x00000000 mem 0x8001d0b2
core   0: 0x80007d2a (0x2ba34b93) xori    s7, t1, 698
core   0: 3 0x80007d2a (0x2ba34b93) x23 0x010007a6
core   0: 0x80007d2e (0x002a1b33) sll     s6, s4, sp
core   0: 3 0x80007d2e (0x002a1b33) x22 0x00000000
core   0: 0x80007d32 (0xf5c15303) lhu     t1, -164(sp)
core   0: 3 0x80007d32 (0xf5c15303) x 6 0x00000000 mem 0x8001d0b2
core   0: 0x80007d36 (0x0000b117) auipc   sp, 0xb
core   0: 3 0x80007d36 (0x0000b117) x 2 0x80012d36
core   0: 0x80007d3a (0x73810113) addi    sp, sp, 1848
core   0: 3 0x80007d3a (0x73810113) x 2 0x8001346e
core   0: 0x80007d3e (0xf9310903) lb      s2, -109(sp)
core   0: 3 0x80007d3e (0xf9310903) x18 0x00000000 mem 0x80013401
core   0: 0x80007d42 (0x0000824d) c.srli  a2, 19
core   0: 3 0x80007d42 (0x824d) x12 0x00000000
core   0: 0x80007d44 (0xf9314383) lbu     t2, -109(sp)
core   0: 3 0x80007d44 (0xf9314383) x 7 0x00000000 mem 0x80013401
core   0: 0x80007d48 (0x00001e7d) c.addi  t3, -1
core   0: 3 0x80007d48 (0x1e7d) x28 0xffffffff
core   0: 0x80007d4a (0x07b11323) sh      s11, 102(sp)
core   0: 3 0x80007d4a (0x07b11323) mem 0x800134d4 0x0000
core   0: 0x80007d4e (0xfd510783) lb      a5, -43(sp)
core   0: 3 0x80007d4e (0xfd510783) x15 0x00000000 mem 0x80013443
core   0: 0x80007d52 (0x0a814403) lbu     s0, 168(sp)
core   0: 3 0x80007d52 (0x0a814403) x 8 0x00000000 mem 0x80013516
core   0: 0x80007d56 (0x0cd103a3) sb      a3, 199(sp)
core   0: 3 0x80007d56 (0x0cd103a3) mem 0x80013535 0x29
core   0: 0x80007d5a (0x06913db7) lui     s11, 0x6913
core   0: 3 0x80007d5a (0x06913db7) x27 0x06913000
core   0: 0x80007d5e (0x03e15e33) divu    t3, sp, t5
core   0: 3 0x80007d5e (0x03e15e33) x28 0x00000001
core   0: 0x80007d62 (0x019f6333) or      t1, t5, s9
core   0: 3 0x80007d62 (0x019f6333) x 6 0xc33e8000
core   0: 0x80007d66 (0x0f610e23) sb      s6, 252(sp)
core   0: 3 0x80007d66 (0x0f610e23) mem 0x8001356a 0x0
core   0: 0x80007d6a (0x00810503) lb      a0, 8(sp)
core   0: 3 0x80007d6a (0x00810503) x10 0x00000067 mem 0x80013476
core   0: 0x80007d6e (0x01010423) sb      a6, 8(sp)
core   0: 3 0x80007d6e (0x01010423) mem 0x80013476 0xff
core   0: 0x80007d72 (0x0ed108a3) sb      a3, 241(sp)
core   0: 3 0x80007d72 (0x0ed108a3) mem 0x8001355f 0x29
core   0: 0x80007d76 (0x0000c517) auipc   a0, 0xc
core   0: 3 0x80007d76 (0x0000c517) x10 0x80013d76
core   0: 0x80007d7a (0x95c50513) addi    a0, a0, -1700
core   0: 3 0x80007d7a (0x95c50513) x10 0x800136d2
core   0: 0x80007d7e (0x40a081b3) sub     gp, ra, a0
core   0: 3 0x80007d7e (0x40a081b3) x 3 0x7ffec957
core   0: 0x80007d82 (0x00e51b83) lh      s7, 14(a0)
core   0: 3 0x80007d82 (0x00e51b83) x23 0x00000000 mem 0x800136e0
core   0: 0x80007d86 (0x00950e03) lb      t3, 9(a0)
core   0: 3 0x80007d86 (0x00950e03) x28 0x00000000 mem 0x800136db
core   0: 0x80007d8a (0x00152323) sw      ra, 6(a0)
core   0: 3 0x80007d8a (0x00152323) mem 0x800136d8 0x00000029
core   0: 0x80007d8e (0x0104dfb3) srl     t6, s1, a6
core   0: 3 0x80007d8e (0x0104dfb3) x31 0x00000000
core   0: 0x80007d92 (0xff451c03) lh      s8, -12(a0)
core   0: 3 0x80007d92 (0xff451c03) x24 0x00000000 mem 0x800136c6
core   0: 0x80007d96 (0xffb54903) lbu     s2, -5(a0)
core   0: 3 0x80007d96 (0xffb54903) x18 0x00000000 mem 0x800136cd
core   0: 0x80007d9a (0x00c50423) sb      a2, 8(a0)
core   0: 3 0x80007d9a (0x00c50423) mem 0x800136da 0x0
core   0: 0x80007d9e (0x000087ed) c.srai  a5, 27
core   0: 3 0x80007d9e (0x87ed) x15 0x00000000
core   0: 0x80007da0 (0x4684c093) xori    ra, s1, 1128
core   0: 3 0x80007da0 (0x4684c093) x 1 0x00000468
core   0: 0x80007da4 (0x00008cf5) c.and   s1, a3
core   0: 3 0x80007da4 (0x8cf5) x 9 0x00000000
core   0: 0x80007da6 (0x00251823) sh      sp, 16(a0)
core   0: 3 0x80007da6 (0x00251823) mem 0x800136e2 0x346e
core   0: 0x80007daa (0xff350403) lb      s0, -13(a0)
core   0: 3 0x80007daa (0xff350403) x 8 0x00000000 mem 0x800136c5
core   0: 0x80007dae (0x00008029) c.srli  s0, 10
core   0: 3 0x80007dae (0x8029) x 8 0x00000000
core   0: 0x80007db0 (0x005bceb3) xor     t4, s7, t0
core   0: 3 0x80007db0 (0x005bceb3) x29 0x00000000
core   0: 0x80007db4 (0xfe951e23) sh      s1, -4(a0)
core   0: 3 0x80007db4 (0xfe951e23) mem 0x800136ce 0x0000
core   0: 0x80007db8 (0x0000100f) fence.i
core   0: 3 0x80007db8 (0x0000100f)
core   0: 0x80007dbc (0x0000987d) c.andi  s0, -1
core   0: 3 0x80007dbc (0x987d) x 8 0x00000000
core   0: 0x80007dbe (0x0331f2b3) remu    t0, gp, s3
core   0: 3 0x80007dbe (0x0331f2b3) x 5 0x7ffec957
core   0: 0x80007dc2 (0x00006b61) c.lui   s6, 0x18
core   0: 3 0x80007dc2 (0x6b61) x22 0x00018000
core   0: 0x80007dc4 (0x00c51283) lh      t0, 12(a0)
core   0: 3 0x80007dc4 (0x00c51283) x 5 0x00000000 mem 0x800136de
core   0: 0x80007dc8 (0xfff54183) lbu     gp, -1(a0)
core   0: 3 0x80007dc8 (0xfff54183) x 3 0x00000000 mem 0x800136d1
core   0: 0x80007dcc (0x000db633) sltu    a2, s11, zero
core   0: 3 0x80007dcc (0x000db633) x12 0x00000000
core   0: 0x80007dd0 (0xffe52183) lw      gp, -2(a0)
core   0: 3 0x80007dd0 (0xffe52183) x 3 0x00000000 mem 0x800136d0
core   0: 0x80007dd4 (0xffe52403) lw      s0, -2(a0)
core   0: 3 0x80007dd4 (0xffe52403) x 8 0x00000000 mem 0x800136d0
core   0: 0x80007dd8 (0x00008221) c.srli  a2, 8
core   0: 3 0x80007dd8 (0x8221) x12 0x00000000
core   0: 0x80007dda (0xff754403) lbu     s0, -9(a0)
core   0: 3 0x80007dda (0xff754403) x 8 0x00000000 mem 0x800136c9
core   0: 0x80007dde (0xfe351f23) sh      gp, -2(a0)
core   0: 3 0x80007dde (0xfe351f23) mem 0x800136d0 0x0000
core   0: 0x80007de2 (0xff154903) lbu     s2, -15(a0)
core   0: 3 0x80007de2 (0xff154903) x18 0x00000000 mem 0x800136c3
core   0: 0x80007de6 (0x00a954b3) srl     s1, s2, a0
core   0: 3 0x80007de6 (0x00a954b3) x 9 0x00000000
core   0: 0x80007dea (0x0000717d) c.addi16sp sp, -16
core   0: 3 0x80007dea (0x717d) x 2 0x8001345e
core   0: 0x80007dec (0x0ff0000f) fence   iorw,iorw
core   0: 3 0x80007dec (0x0ff0000f)
core   0: 0x80007df0 (0x00350183) lb      gp, 3(a0)
core   0: 3 0x80007df0 (0x00350183) x 3 0x00000000 mem 0x800136d5
core   0: 0x80007df4 (0x00f50183) lb      gp, 15(a0)
core   0: 3 0x80007df4 (0x00f50183) x 3 0x00000000 mem 0x800136e1
core   0: 0x80007df8 (0x01583233) sltu    tp, a6, s5
core   0: 3 0x80007df8 (0x01583233) x 4 0x00000000
core   0: 0x80007dfc (0x00750283) lb      t0, 7(a0)
core   0: 3 0x80007dfc (0x00750283) x 5 0x00000000 mem 0x800136d9
core   0: 0x80007e00 (0xfef509a3) sb      a5, -13(a0)
core   0: 3 0x80007e00 (0xfef509a3) mem 0x800136c5 0x0
core   0: 0x80007e04 (0xfe850d23) sb      s0, -6(a0)
core   0: 3 0x80007e04 (0xfe850d23) mem 0x800136cc 0x0
core   0: 0x80007e08 (0x0000987d) c.andi  s0, -1
core   0: 3 0x80007e08 (0x987d) x 8 0x00000000
core   0: 0x80007e0a (0x00006c7d) c.lui   s8, 0x1f
core   0: 3 0x80007e0a (0x6c7d) x24 0x0001f000
core   0: 0x80007e0c (0x00651a83) lh      s5, 6(a0)
core   0: 3 0x80007e0c (0x00651a83) x21 0x00000029 mem 0x800136d8
core   0: 0x80007e10 (0x00000001) c.nop
core   0: 3 0x80007e10 (0x0001)
core   0: 0x80007e12 (0x00950903) lb      s2, 9(a0)
core   0: 3 0x80007e12 (0x00950903) x18 0x00000000 mem 0x800136db
core   0: 0x80007e16 (0x00000b9c) c.addi4spn a5, sp, 464
core   0: 3 0x80007e16 (0x0b9c) x15 0x8001362e
core   0: 0x80007e18 (0x02491cb3) mulh    s9, s2, tp
core   0: 3 0x80007e18 (0x02491cb3) x25 0x00000000
core   0: 0x80007e1c (0x00b503a3) sb      a1, 7(a0)
core   0: 3 0x80007e1c (0x00b503a3) mem 0x800136d9 0xe4
core   0: 0x80007e20 (0x00754a03) lbu     s4, 7(a0)
core   0: 3 0x80007e20 (0x00754a03) x20 0x000000e4 mem 0x800136d9
core   0: 0x80007e24 (0x00001b04) c.addi4spn s1, sp, 432
core   0: 3 0x80007e24 (0x1b04) x 9 0x8001360e
core   0: 0x80007e26 (0x01ded433) srl     s0, t4, t4
core   0: 3 0x80007e26 (0x01ded433) x 8 0x00000000
core   0: 0x80007e2a (0xfff54d03) lbu     s10, -1(a0)
core   0: 3 0x80007e2a (0xfff54d03) x26 0x00000000 mem 0x800136d1
core   0: 0x80007e2e (0x01e50423) sb      t5, 8(a0)
core   0: 3 0x80007e2e (0x01e50423) mem 0x800136da 0x0
core   0: 0x80007e32 (0xff650203) lb      tp, -10(a0)
core   0: 3 0x80007e32 (0xff650203) x 4 0x00000000 mem 0x800136c8
core   0: 0x80007e36 (0x0001c897) auipc   a7, 0x1c
core   0: 3 0x80007e36 (0x0001c897) x17 0x80023e36
core   0: 0x80007e3a (0xc8988893) addi    a7, a7, -887
core   0: 3 0x80007e3a (0xc8988893) x17 0x80023abf
core   0: 0x80007e3e (0xf7e8ca03) lbu     s4, -130(a7)
core   0: 3 0x80007e3e (0xf7e8ca03) x20 0x00000000 mem 0x80023a3d
core   0: 0x80007e42 (0xf7e8c203) lbu     tp, -130(a7)
core   0: 3 0x80007e42 (0xf7e8c203) x 4 0x00000000 mem 0x80023a3d
core   0: 0x80007e46 (0x02988023) sb      s1, 32(a7)
core   0: 3 0x80007e46 (0x02988023) mem 0x80023adf 0xe
core   0: 0x80007e4a (0x02088b03) lb      s6, 32(a7)
core   0: 3 0x80007e4a (0x02088b03) x22 0x0000000e mem 0x80023adf
core   0: 0x80007e4e (0x03088023) sb      a6, 32(a7)
core   0: 3 0x80007e4e (0x03088023) mem 0x80023adf 0xff
core   0: 0x80007e52 (0x02088803) lb      a6, 32(a7)
core   0: 3 0x80007e52 (0x02088803) x16 0xffffffff mem 0x80023adf
core   0: 0x80007e56 (0x02088023) sb      zero, 32(a7)
core   0: 3 0x80007e56 (0x02088023) mem 0x80023adf 0x0
core   0: 0x80007e5a (0x02088003) lb      zero, 32(a7)
core   0: 3 0x80007e5a (0x02088003) mem 0x80023adf
core   0: 0x80007e5e (0x02088783) lb      a5, 32(a7)
core   0: 3 0x80007e5e (0x02088783) x15 0x00000000 mem 0x80023adf
core   0: 0x80007e62 (0x0000717d) c.addi16sp sp, -16
core   0: 3 0x80007e62 (0x717d) x 2 0x8001344e
core   0: 0x80007e64 (0x030e8ab3) mul     s5, t4, a6
core   0: 3 0x80007e64 (0x030e8ab3) x21 0x00000000
core   0: 0x80007e68 (0x03088d23) sb      a6, 58(a7)
core   0: 3 0x80007e68 (0x03088d23) mem 0x80023af9 0xff
core   0: 0x80007e6c (0x05888983) lb      s3, 88(a7)
core   0: 3 0x80007e6c (0x05888983) x19 0x00000000 mem 0x80023b17
core   0: 0x80007e70 (0x0588c783) lbu     a5, 88(a7)
core   0: 3 0x80007e70 (0x0588c783) x15 0x00000000 mem 0x80023b17
core   0: 0x80007e74 (0x07188923) sb      a7, 114(a7)
core   0: 3 0x80007e74 (0x07188923) mem 0x80023b31 0xbf
core   0: 0x80007e78 (0xd01c3e13) sltiu   t3, s8, -767
core   0: 3 0x80007e78 (0xd01c3e13) x28 0x00000001
core   0: 0x80007e7c (0x00000e16) c.slli  t3, 5
core   0: 3 0x80007e7c (0x0e16) x28 0x00000020
core   0: 0x80007e7e (0x0728cf83) lbu     t6, 114(a7)
core   0: 3 0x80007e7e (0x0728cf83) x31 0x000000bf mem 0x80023b31
core   0: 0x80007e82 (0x07288603) lb      a2, 114(a7)
core   0: 3 0x80007e82 (0x07288603) x12 0xffffffbf mem 0x80023b31
core   0: 0x80007e86 (0x07288783) lb      a5, 114(a7)
core   0: 3 0x80007e86 (0x07288783) x15 0xffffffbf mem 0x80023b31
core   0: 0x80007e8a (0x07288483) lb      s1, 114(a7)
core   0: 3 0x80007e8a (0x07288483) x 9 0xffffffbf mem 0x80023b31
core   0: 0x80007e8e (0x06288923) sb      sp, 114(a7)
core   0: 3 0x80007e8e (0x06288923) mem 0x80023b31 0x4e
core   0: 0x80007e92 (0x00014397) auipc   t2, 0x14
core   0: 3 0x80007e92 (0x00014397) x 7 0x8001be92
core   0: 0x80007e96 (0xf2838393) addi    t2, t2, -216
core   0: 3 0x80007e96 (0xf2838393) x 7 0x8001bdba
core   0: 0x80007e9a (0xf7a3d283) lhu     t0, -134(t2)
core   0: 3 0x80007e9a (0xf7a3d283) x 5 0x00000000 mem 0x8001bd34
core   0: 0x80007e9e (0x0000ca97) auipc   s5, 0xc
core   0: 3 0x80007e9e (0x0000ca97) x21 0x80013e9e
core   0: 0x80007ea2 (0xedba8a93) addi    s5, s5, -293
core   0: 3 0x80007ea2 (0xedba8a93) x21 0x80013d79
core   0: 0x80007ea6 (0x01ea8123) sb      t5, 2(s5)
core   0: 3 0x80007ea6 (0x01ea8123) mem 0x80013d7b 0x0
core   0: 0x80007eaa (0xffaac783) lbu     a5, -6(s5)
core   0: 3 0x80007eaa (0xffaac783) x15 0x0000003d mem 0x80013d73
core   0: 0x80007eae (0x0913c783) lbu     a5, 145(t2)
core   0: 3 0x80007eae (0x0913c783) x15 0x00000000 mem 0x8001be4b
core   0: 0x80007eb2 (0x05d3c203) lbu     tp, 93(t2)
core   0: 3 0x80007eb2 (0x05d3c203) x 4 0x00000000 mem 0x8001be17
core   0: 0x80007eb6 (0x0a239203) lh      tp, 162(t2)
core   0: 3 0x80007eb6 (0x0a239203) x 4 0x00000000 mem 0x8001be5c
core   0: 0x80007eba (0x018a92a3) sh      s8, 5(s5)
core   0: 3 0x80007eba (0x018a92a3) mem 0x80013d7e 0xf000
core   0: 0x80007ebe (0x07b38b83) lb      s7, 123(t2)
core   0: 3 0x80007ebe (0x07b38b83) x23 0x00000000 mem 0x8001be35
core   0: 0x80007ec2 (0xff6ac603) lbu     a2, -10(s5)
core   0: 3 0x80007ec2 (0xff6ac603) x12 0x00000000 mem 0x80013d6f
core   0: 0x80007ec6 (0x0cd386a3) sb      a3, 205(t2)
core   0: 3 0x80007ec6 (0x0cd386a3) mem 0x8001be87 0x29
core   0: 0x80007eca (0x006a8883) lb      a7, 6(s5)
core   0: 3 0x80007eca (0x006a8883) x17 0xfffffff0 mem 0x80013d7f
core   0: 0x80007ece (0xff2a8883) lb      a7, -14(s5)
core   0: 3 0x80007ece (0xff2a8883) x17 0x00000000 mem 0x80013d6b
core   0: 0x80007ed2 (0x08439803) lh      a6, 132(t2)
core   0: 3 0x80007ed2 (0x08439803) x16 0x00000000 mem 0x8001be3e
core   0: 0x80007ed6 (0xff1a8c83) lb      s9, -15(s5)
core   0: 3 0x80007ed6 (0xff1a8c83) x25 0x00000000 mem 0x80013d6a
core   0: 0x80007eda (0xfea3d803) lhu     a6, -22(t2)
core   0: 3 0x80007eda (0xfea3d803) x16 0x00000000 mem 0x8001bda4
core   0: 0x80007ede (0x00ea8983) lb      s3, 14(s5)
core   0: 3 0x80007ede (0x00ea8983) x19 0x00000000 mem 0x80013d87
core   0: 0x80007ee2 (0xf2b3a323) sw      a1, -218(t2)
core   0: 3 0x80007ee2 (0xf2b3a323) mem 0x8001bce0 0x8002cce4
core   0: 0x80007ee6 (0x0000cf97) auipc   t6, 0xc
core   0: 3 0x80007ee6 (0x0000cf97) x31 0x80013ee6
core   0: 0x80007eea (0xd17f8f93) addi    t6, t6, -745
core   0: 3 0x80007eea (0xd17f8f93) x31 0x80013bfd
core   0: 0x80007eee (0x0001bd17) auipc   s10, 0x1b
core   0: 3 0x80007eee (0x0001bd17) x26 0x80022eee
core   0: 0x80007ef2 (0x974d0d13) addi    s10, s10, -1676
core   0: 3 0x80007ef2 (0x974d0d13) x26 0x80022862
core   0: 0x80007ef6 (0xfdcf83a3) sb      t3, -57(t6)
core   0: 3 0x80007ef6 (0xfdcf83a3) mem 0x80013bc4 0x20
core   0: 0x80007efa (0xe02d00a3) sb      sp, -511(s10)
core   0: 3 0x80007efa (0xe02d00a3) mem 0x80022663 0x4e
core   0: 0x80007efe (0x0f5d03a3) sb      s5, 231(s10)
core   0: 3 0x80007efe (0x0f5d03a3) mem 0x80022949 0x79
core   0: 0x80007f02 (0x016fc883) lbu     a7, 22(t6)
core   0: 3 0x80007f02 (0x016fc883) x17 0x00000000 mem 0x80013c13
core   0: 0x80007f06 (0xe2ad2003) lw      zero, -470(s10)
core   0: 3 0x80007f06 (0xe2ad2003) mem 0x8002268c
core   0: 0x80007f0a (0x0cdd09a3) sb      a3, 211(s10)
core   0: 3 0x80007f0a (0x0cdd09a3) mem 0x80022935 0x29
core   0: 0x80007f0e (0x00ff9003) lh      zero, 15(t6)
core   0: 3 0x80007f0e (0x00ff9003) mem 0x80013c0c
core   0: 0x80007f12 (0xfebf8903) lb      s2, -21(t6)
core   0: 3 0x80007f12 (0xfebf8903) x18 0x00000000 mem 0x80013be8
core   0: 0x80007f16 (0xfe8fc803) lbu     a6, -24(t6)
core   0: 3 0x80007f16 (0xfe8fc803) x16 0x00000000 mem 0x80013be5
core   0: 0x80007f1a (0xfd6f8c03) lb      s8, -42(t6)
core   0: 3 0x80007f1a (0xfd6f8c03) x24 0x00000000 mem 0x80013bd3
core   0: 0x80007f1e (0xab4d4203) lbu     tp, -1356(s10)
core   0: 3 0x80007f1e (0xab4d4203) x 4 0x00000000 mem 0x80022316
core   0: 0x80007f22 (0x009fc883) lbu     a7, 9(t6)
core   0: 3 0x80007f22 (0x009fc883) x17 0x00000000 mem 0x80013c06
core   0: 0x80007f26 (0xf90d0783) lb      a5, -112(s10)
core   0: 3 0x80007f26 (0xf90d0783) x15 0x00000000 mem 0x800227f2
core   0: 0x80007f2a (0xfb1d4d83) lbu     s11, -79(s10)
core   0: 3 0x80007f2a (0xfb1d4d83) x27 0x00000000 mem 0x80022813
core   0: 0x80007f2e (0xfe9f8223) sb      s1, -28(t6)
core   0: 3 0x80007f2e (0xfe9f8223) mem 0x80013be1 0xbf
core   0: 0x80007f32 (0x0000d117) auipc   sp, 0xd
core   0: 3 0x80007f32 (0x0000d117) x 2 0x80014f32
core   0: 0x80007f36 (0x13710113) addi    sp, sp, 311
core   0: 3 0x80007f36 (0x13710113) x 2 0x80015069
core   0: 0x80007f3a (0x047108a3) sb      t2, 81(sp)
core   0: 3 0x80007f3a (0x047108a3) mem 0x800150ba 0xba
core   0: 0x80007f3e (0x059118a3) sh      s9, 81(sp)
core   0: 3 0x80007f3e (0x059118a3) mem 0x800150ba 0x0000
core   0: 0x80007f42 (0x05110503) lb      a0, 81(sp)
core   0: 3 0x80007f42 (0x05110503) x10 0x00000000 mem 0x800150ba
core   0: 0x80007f46 (0x05115803) lhu     a6, 81(sp)
core   0: 3 0x80007f46 (0x05115803) x16 0x00000000 mem 0x800150ba
core   0: 0x80007f4a (0x00000001) c.nop
core   0: 3 0x80007f4a (0x0001)
core   0: 0x80007f4c (0x05111c03) lh      s8, 81(sp)
core   0: 3 0x80007f4c (0x05111c03) x24 0x00000000 mem 0x800150ba
core   0: 0x80007f50 (0x05110d03) lb      s10, 81(sp)
core   0: 3 0x80007f50 (0x05110d03) x26 0x00000000 mem 0x800150ba
core   0: 0x80007f54 (0x05110d83) lb      s11, 81(sp)
core   0: 3 0x80007f54 (0x05110d83) x27 0x00000000 mem 0x800150ba
core   0: 0x80007f58 (0x01659513) slli    a0, a1, 22
core   0: 3 0x80007f58 (0x01659513) x10 0x39000000
core   0: 0x80007f5c (0x05111303) lh      t1, 81(sp)
core   0: 3 0x80007f5c (0x05111303) x 6 0x00000000 mem 0x800150ba
core   0: 0x80007f60 (0x05114503) lbu     a0, 81(sp)
core   0: 3 0x80007f60 (0x05114503) x10 0x00000000 mem 0x800150ba
core   0: 0x80007f64 (0x05115183) lhu     gp, 81(sp)
core   0: 3 0x80007f64 (0x05115183) x 3 0x00000000 mem 0x800150ba
core   0: 0x80007f68 (0x05115503) lhu     a0, 81(sp)
core   0: 3 0x80007f68 (0x05115503) x10 0x00000000 mem 0x800150ba
core   0: 0x80007f6c (0x05115303) lhu     t1, 81(sp)
core   0: 3 0x80007f6c (0x05115303) x 6 0x00000000 mem 0x800150ba
core   0: 0x80007f70 (0x05111983) lh      s3, 81(sp)
core   0: 3 0x80007f70 (0x05111983) x19 0x00000000 mem 0x800150ba
core   0: 0x80007f74 (0x05114383) lbu     t2, 81(sp)
core   0: 3 0x80007f74 (0x05114383) x 7 0x00000000 mem 0x800150ba
core   0: 0x80007f78 (0x05115183) lhu     gp, 81(sp)
core   0: 3 0x80007f78 (0x05115183) x 3 0x00000000 mem 0x800150ba
core   0: 0x80007f7c (0x05110d03) lb      s10, 81(sp)
core   0: 3 0x80007f7c (0x05110d03) x26 0x00000000 mem 0x800150ba
core   0: 0x80007f80 (0x05111183) lh      gp, 81(sp)
core   0: 3 0x80007f80 (0x05111183) x 3 0x00000000 mem 0x800150ba
core   0: 0x80007f84 (0x04b118a3) sh      a1, 81(sp)
core   0: 3 0x80007f84 (0x04b118a3) mem 0x800150ba 0xcce4
core   0: 0x80007f88 (0x00012c17) auipc   s8, 0x12
core   0: 3 0x80007f88 (0x00012c17) x24 0x80019f88
core   0: 0x80007f8c (0x3b4c0c13) addi    s8, s8, 948
core   0: 3 0x80007f8c (0x3b4c0c13) x24 0x8001a33c
core   0: 0x80007f90 (0x00000971) c.addi  s2, 28
core   0: 3 0x80007f90 (0x0971) x18 0x0000001c
core   0: 0x80007f92 (0xb38c04a3) sb      s8, -1239(s8)
core   0: 3 0x80007f92 (0xb38c04a3) mem 0x80019e65 0x3c
core   0: 0x80007f96 (0x03d4dbb3) divu    s7, s1, t4
core   0: 3 0x80007f96 (0x03d4dbb3) x23 0xffffffff
core   0: 0x80007f9a (0x2cac1d03) lh      s10, 714(s8)
core   0: 3 0x80007f9a (0x2cac1d03) x26 0x00000000 mem 0x8001a606
core   0: 0x80007f9e (0x01b7d413) srli    s0, a5, 27
core   0: 3 0x80007f9e (0x01b7d413) x 8 0x00000000
core   0: 0x80007fa2 (0x00004d69) c.li    s10, 26
core   0: 3 0x80007fa2 (0x4d69) x26 0x0000001a
core   0: 0x80007fa4 (0x0e4c0323) sb      tp, 230(s8)
core   0: 3 0x80007fa4 (0x0e4c0323) mem 0x8001a422 0x0
core   0: 0x80007fa8 (0x00b89d13) slli    s10, a7, 11
core   0: 3 0x80007fa8 (0x00b89d13) x26 0x00000000
core   0: 0x80007fac (0x00009322) c.add   t1, s0
core   0: 3 0x80007fac (0x9322) x 6 0x00000000
core   0: 0x80007fae (0x8fdc06a3) sb      t4, -1811(s8)
core   0: 3 0x80007fae (0x8fdc06a3) mem 0x80019c29 0x0
core   0: 0x80007fb2 (0xbabc0983) lb      s3, -1109(s8)
core   0: 3 0x80007fb2 (0xbabc0983) x19 0x00000000 mem 0x80019ee7
core   0: 0x80007fb6 (0x00009fea) c.add   t6, s10
core   0: 3 0x80007fb6 (0x9fea) x31 0x80013bfd
core   0: 0x80007fb8 (0x79ac02a3) sb      s10, 1925(s8)
core   0: 3 0x80007fb8 (0x79ac02a3) mem 0x8001aac1 0x0
core   0: 0x80007fbc (0x118c5e03) lhu     t3, 280(s8)
core   0: 3 0x80007fbc (0x118c5e03) x28 0x00000000 mem 0x8001a454
core   0: 0x80007fc0 (0x035aa833) mulhsu  a6, s5, s5
core   0: 3 0x80007fc0 (0x035aa833) x16 0xc0000001
core   0: 0x80007fc4 (0x35bc4603) lbu     a2, 859(s8)
core   0: 3 0x80007fc4 (0x35bc4603) x12 0x00000000 mem 0x8001a697
core   0: 0x80007fc8 (0x00008c75) c.and   s0, a3
core   0: 3 0x80007fc8 (0x8c75) x 8 0x00000000
core   0: 0x80007fca (0x2aa34a13) xori    s4, t1, 682
core   0: 3 0x80007fca (0x2aa34a13) x20 0x000002aa
core   0: 0x80007fce (0x7a7c4217) auipc   tp, 0x7a7c4
core   0: 3 0x80007fce (0x7a7c4217) x 4 0xfa7cbfce
core   0: 0x80007fd2 (0x00000001) c.nop
core   0: 3 0x80007fd2 (0x0001)
core   0: 0x80007fd4 (0x41d3d093) srai    ra, t2, 29
core   0: 3 0x80007fd4 (0x41d3d093) x 1 0x00000000
core   0: 0x80007fd8 (0x01eb9c93) slli    s9, s7, 30
core   0: 3 0x80007fd8 (0x01eb9c93) x25 0xc0000000
core   0: 0x80007fdc (0x8b5c0783) lb      a5, -1867(s8)
core   0: 3 0x80007fdc (0x8b5c0783) x15 0x00000000 mem 0x80019bf1
core   0: 0x80007fe0 (0x267c0d03) lb      s10, 615(s8)
core   0: 3 0x80007fe0 (0x267c0d03) x26 0x00000000 mem 0x8001a5a3
core   0: 0x80007fe4 (0x434c0d03) lb      s10, 1076(s8)
core   0: 3 0x80007fe4 (0x434c0d03) x26 0x00000000 mem 0x8001a770
core   0: 0x80007fe8 (0x872c4b03) lbu     s6, -1934(s8)
core   0: 3 0x80007fe8 (0x872c4b03) x22 0x00000000 mem 0x80019bae
core   0: 0x80007fec (0xcd3c4b83) lbu     s7, -813(s8)
core   0: 3 0x80007fec (0xcd3c4b83) x23 0x00000000 mem 0x8001a00f
core   0: 0x80007ff0 (0x000c0e33) add     t3, s8, zero
core   0: 3 0x80007ff0 (0x000c0e33) x28 0x8001a33c
core   0: 0x80007ff4 (0x366c5483) lhu     s1, 870(s8)
core   0: 3 0x80007ff4 (0x366c5483) x 9 0x00000000 mem 0x8001a6a2
core   0: 0x80007ff8 (0xbe1c0403) lb      s0, -1055(s8)
core   0: 3 0x80007ff8 (0xbe1c0403) x 8 0x00000000 mem 0x80019f1d
core   0: 0x80007ffc (0x180c08a3) sb      zero, 401(s8)
core   0: 3 0x80007ffc (0x180c08a3) mem 0x8001a4cd 0x0
core   0: 0x80008000 (0x820c2803) lw      a6, -2016(s8)
core   0: 3 0x80008000 (0x820c2803) x16 0x00000000 mem 0x80019b5c
core   0: 0x80008004 (0x4197d313) srai    t1, a5, 25
core   0: 3 0x80008004 (0x4197d313) x 6 0x00000000
core   0: 0x80008008 (0x85ec2e23) sw      t5, -1956(s8)
core   0: 3 0x80008008 (0x85ec2e23) mem 0x80019b98 0x80000000
core   0: 0x8000800c (0x69ad6193) ori     gp, s10, 1690
core   0: 3 0x8000800c (0x69ad6193) x 3 0x0000069a
core   0: 0x80008010 (0x000096c2) c.add   a3, a6
core   0: 3 0x80008010 (0x96c2) x13 0x00005029
core   0: 0x80008012 (0x526c5083) lhu     ra, 1318(s8)
core   0: 3 0x80008012 (0x526c5083) x 1 0x00000000 mem 0x8001a862
core   0: 0x80008016 (0x00000001) c.nop
core   0: 3 0x80008016 (0x0001)
core   0: 0x80008018 (0x00e6ad13) slti    s10, a3, 14
core   0: 3 0x80008018 (0x00e6ad13) x26 0x00000000
core   0: 0x8000801c (0x0000187d) c.addi  a6, -1
core   0: 3 0x8000801c (0x187d) x16 0xffffffff
core   0: 0x8000801e (0x13ec0ba3) sb      t5, 311(s8)
core   0: 3 0x8000801e (0x13ec0ba3) mem 0x8001a473 0x0
core   0: 0x80008022 (0x3bd13493) sltiu   s1, sp, 957
core   0: 3 0x80008022 (0x3bd13493) x 9 0x00000000
core   0: 0x80008026 (0x01f781b3) add     gp, a5, t6
core   0: 3 0x80008026 (0x01f781b3) x 3 0x80013bfd
core   0: 0x8000802a (0x286c5f83) lhu     t6, 646(s8)
core   0: 3 0x8000802a (0x286c5f83) x31 0x00000000 mem 0x8001a5c2
core   0: 0x8000802e (0x0000b517) auipc   a0, 0xb
core   0: 3 0x8000802e (0x0000b517) x10 0x8001302e
core   0: 0x80008032 (0x08650513) addi    a0, a0, 134
core   0: 3 0x80008032 (0x08650513) x10 0x800130b4
core   0: 0x80008036 (0x56c50883) lb      a7, 1388(a0)
core   0: 3 0x80008036 (0x56c50883) x17 0x00000000 mem 0x80013620
core   0: 0x8000803a (0x00008e79) c.and   a2, a4
core   0: 3 0x8000803a (0x8e79) x12 0x00000000
core   0: 0x8000803c (0x00004365) c.li    t1, 25
core   0: 3 0x8000803c (0x4365) x 6 0x00000019
core   0: 0x8000803e (0x02c09233) mulh    tp, ra, a2
core   0: 3 0x8000803e (0x02c09233) x 4 0x00000000
core   0: 0x80008042 (0x00004aa5) c.li    s5, 9
core   0: 3 0x80008042 (0x4aa5) x21 0x00000009
core   0: 0x80008044 (0x00006135) c.addi16sp sp, 352
core   0: 3 0x80008044 (0x6135) x 2 0x800151c9
core   0: 0x80008046 (0x1d550783) lb      a5, 469(a0)
core   0: 3 0x80008046 (0x1d550783) x15 0x00000000 mem 0x80013289
core   0: 0x8000804a (0x00008c69) c.and   s0, a0
core   0: 3 0x8000804a (0x8c69) x 8 0x00000000
core   0: 0x8000804c (0x000080b9) c.srli  s1, 14
core   0: 3 0x8000804c (0x80b9) x 9 0x00000000
core   0: 0x8000804e (0x00006135) c.addi16sp sp, 352
core   0: 3 0x8000804e (0x6135) x 2 0x80015329
core   0: 0x80008050 (0x009d67b3) or      a5, s10, s1
core   0: 3 0x80008050 (0x009d67b3) x15 0x00000000
core   0: 0x80008054 (0x01251723) sh      s2, 14(a0)
core   0: 3 0x80008054 (0x01251723) mem 0x800130c2 0x001c
core   0: 0x80008058 (0x01f6d493) srli    s1, a3, 31
core   0: 3 0x80008058 (0x01f6d493) x 9 0x00000000
core   0: 0x8000805c (0x00008025) c.srli  s0, 9
core   0: 3 0x8000805c (0x8025) x 8 0x00000000
core   0: 0x8000805e (0x08f50983) lb      s3, 143(a0)
core   0: 3 0x8000805e (0x08f50983) x19 0x00000000 mem 0x80013143
core   0: 0x80008062 (0xe2636613) ori     a2, t1, -474
core   0: 3 0x80008062 (0xe2636613) x12 0xfffffe3f
core   0: 0x80008066 (0x026badb3) mulhsu  s11, s7, t1
core   0: 3 0x80008066 (0x026badb3) x27 0x00000000
core   0: 0x8000806a (0x57a509a3) sb      s10, 1395(a0)
core   0: 3 0x8000806a (0x57a509a3) mem 0x80013627 0x0
core   0: 0x8000806e (0xe6568093) addi    ra, a3, -411
core   0: 3 0x8000806e (0xe6568093) x 1 0x00004e8e
core   0: 0x80008072 (0x5df50f23) sb      t6, 1502(a0)
core   0: 3 0x80008072 (0x5df50f23) mem 0x80013692 0x0
core   0: 0x80008076 (0x03570fb3) mul     t6, a4, s5
core   0: 3 0x80008076 (0x03570fb3) x31 0x80170118
core   0: 0x8000807a (0x6d552823) sw      s5, 1744(a0)
core   0: 3 0x8000807a (0x6d552823) mem 0x80013784 0x00000009
core   0: 0x8000807e (0x3d250983) lb      s3, 978(a0)
core   0: 3 0x8000807e (0x3d250983) x19 0x00000000 mem 0x80013486
core   0: 0x80008082 (0xfaf50023) sb      a5, -96(a0)
core   0: 3 0x80008082 (0xfaf50023) mem 0x80013054 0x0
core   0: 0x80008086 (0x0000100f) fence.i
core   0: 3 0x80008086 (0x0000100f)
core   0: 0x8000808a (0x19554103) lbu     sp, 405(a0)
core   0: 3 0x8000808a (0x19554103) x 2 0x00000000 mem 0x80013249
core   0: 0x8000808e (0x0000be97) auipc   t4, 0xb
core   0: 3 0x8000808e (0x0000be97) x29 0x8001308e
core   0: 0x80008092 (0x509e8e93) addi    t4, t4, 1289
core   0: 3 0x80008092 (0x509e8e93) x29 0x80013597
core   0: 0x80008096 (0x00bec683) lbu     a3, 11(t4)
core   0: 3 0x80008096 (0x00bec683) x13 0x00000000 mem 0x800135a2
core   0: 0x8000809a (0x03a146b3) div     a3, sp, s10
core   0: 3 0x8000809a (0x03a146b3) x13 0xffffffff
core   0: 0x8000809e (0x71c02d93) slti    s11, zero, 1820
core   0: 3 0x8000809e (0x71c02d93) x27 0x00000001
core   0: 0x800080a2 (0x00becf83) lbu     t6, 11(t4)
core   0: 3 0x800080a2 (0x00becf83) x31 0x00000000 mem 0x800135a2
core   0: 0x800080a6 (0x002e8b03) lb      s6, 2(t4)
core   0: 3 0x800080a6 (0x002e8b03) x22 0x00000000 mem 0x80013599
core   0: 0x800080aa (0xff6ecb83) lbu     s7, -10(t4)
core   0: 3 0x800080aa (0xff6ecb83) x23 0x00000000 mem 0x8001358d
core   0: 0x800080ae (0x00008fa1) c.xor   a5, s0
core   0: 3 0x800080ae (0x8fa1) x15 0x00000000
core   0: 0x800080b0 (0x00009bfd) c.andi  a5, -1
core   0: 3 0x800080b0 (0x9bfd) x15 0x00000000
core   0: 0x800080b2 (0x004ece03) lbu     t3, 4(t4)
core   0: 3 0x800080b2 (0x004ece03) x28 0x00000000 mem 0x8001359b
core   0: 0x800080b6 (0x01de8223) sb      t4, 4(t4)
core   0: 3 0x800080b6 (0x01de8223) mem 0x8001359b 0x97
core   0: 0x800080ba (0x00eec003) lbu     zero, 14(t4)
core   0: 3 0x800080ba (0x00eec003) mem 0x800135a5
core   0: 0x800080be (0xff3e8823) sb      s3, -16(t4)
core   0: 3 0x800080be (0xff3e8823) mem 0x80013587 0x0
core   0: 0x800080c2 (0xff0e8e03) lb      t3, -16(t4)
core   0: 3 0x800080c2 (0xff0e8e03) x28 0x00000000 mem 0x80013587
core   0: 0x800080c6 (0xfefe8823) sb      a5, -16(t4)
core   0: 3 0x800080c6 (0xfefe8823) mem 0x80013587 0x0
core   0: 0x800080ca (0x0000c517) auipc   a0, 0xc
core   0: 3 0x800080ca (0x0000c517) x10 0x800140ca
core   0: 0x800080ce (0x0e950513) addi    a0, a0, 233
core   0: 3 0x800080ce (0x0e950513) x10 0x800141b3
core   0: 0x800080d2 (0xfbd52203) lw      tp, -67(a0)
core   0: 3 0x800080d2 (0xfbd52203) x 4 0x00000000 mem 0x80014170
core   0: 0x800080d6 (0xfeb50e23) sb      a1, -4(a0)
core   0: 3 0x800080d6 (0xfeb50e23) mem 0x800141af 0xe4
core   0: 0x800080da (0x00f8cfb3) xor     t6, a7, a5
core   0: 3 0x800080da (0x00f8cfb3) x31 0x00000000
core   0: 0x800080de (0x00006115) c.addi16sp sp, 288
core   0: 3 0x800080de (0x6115) x 2 0x00000120
core   0: 0x800080e0 (0xff5505a3) sb      s5, -21(a0)
core   0: 3 0x800080e0 (0xff5505a3) mem 0x8001419e 0x9
core   0: 0x800080e4 (0xfc654383) lbu     t2, -58(a0)
core   0: 3 0x800080e4 (0xfc654383) x 7 0x00000000 mem 0x80014179
core   0: 0x800080e8 (0xf2b51f83) lh      t6, -213(a0)
core   0: 3 0x800080e8 (0xf2b51f83) x31 0x00000000 mem 0x800140de
core   0: 0x800080ec (0x014d1793) slli    a5, s10, 20
core   0: 3 0x800080ec (0x014d1793) x15 0x00000000
core   0: 0x800080f0 (0xf9952903) lw      s2, -103(a0)
core   0: 3 0x800080f0 (0xf9952903) x18 0x00000000 mem 0x8001414c
core   0: 0x800080f4 (0x0de50283) lb      t0, 222(a0)
core   0: 3 0x800080f4 (0x0de50283) x 5 0x00000000 mem 0x80014291
core   0: 0x800080f8 (0xf9a50aa3) sb      s10, -107(a0)
core   0: 3 0x800080f8 (0xf9a50aa3) mem 0x80014148 0x0
core   0: 0x800080fc (0xf7b54e83) lbu     t4, -133(a0)
core   0: 3 0x800080fc (0xf7b54e83) x29 0x00000000 mem 0x8001412e
core   0: 0x80008100 (0x0a4506a3) sb      tp, 173(a0)
core   0: 3 0x80008100 (0x0a4506a3) mem 0x80014260 0x0
core   0: 0x80008104 (0x0de50603) lb      a2, 222(a0)
core   0: 3 0x80008104 (0x0de50603) x12 0x00000000 mem 0x80014291
core   0: 0x80008108 (0x05650103) lb      sp, 86(a0)
core   0: 3 0x80008108 (0x05650103) x 2 0x00000000 mem 0x80014209
core   0: 0x8000810c (0x003cecb3) or      s9, s9, gp
core   0: 3 0x8000810c (0x003cecb3) x25 0xc0013bfd
core   0: 0x80008110 (0x0000717d) c.addi16sp sp, -16
core   0: 3 0x80008110 (0x717d) x 2 0xfffffff0
core   0: 0x80008112 (0x03a27333) remu    t1, tp, s10
core   0: 3 0x80008112 (0x03a27333) x 6 0x00000000
core   0: 0x80008116 (0x0b650a03) lb      s4, 182(a0)
core   0: 3 0x80008116 (0x0b650a03) x20 0x00000000 mem 0x80014269
core   0: 0x8000811a (0xf6355383) lhu     t2, -157(a0)
core   0: 3 0x8000811a (0xf6355383) x 7 0x00000000 mem 0x80014116
core   0: 0x8000811e (0xf7454c03) lbu     s8, -140(a0)
core   0: 3 0x8000811e (0xf7454c03) x24 0x00000000 mem 0x80014127
core   0: 0x80008122 (0x0bb51d03) lh      s10, 187(a0)
core   0: 3 0x80008122 (0x0bb51d03) x26 0x00000000 mem 0x8001426e
core   0: 0x80008126 (0x0ff0000f) fence   iorw,iorw
core   0: 3 0x80008126 (0x0ff0000f)
core   0: 0x8000812a (0x0c750a03) lb      s4, 199(a0)
core   0: 3 0x8000812a (0x0c750a03) x20 0x00000000 mem 0x8001427a
core   0: 0x8000812e (0xf68509a3) sb      s0, -141(a0)
core   0: 3 0x8000812e (0xf68509a3) mem 0x80014126 0x0
core   0: 0x80008132 (0x05654783) lbu     a5, 86(a0)
core   0: 3 0x80008132 (0x05654783) x15 0x00000000 mem 0x80014209
core   0: 0x80008136 (0x05550423) sb      s5, 72(a0)
core   0: 3 0x80008136 (0x05550423) mem 0x800141fb 0x9
core   0: 0x8000813a (0x0ff0000f) fence   iorw,iorw
core   0: 3 0x8000813a (0x0ff0000f)
core   0: 0x8000813e (0x002389b3) add     s3, t2, sp
core   0: 3 0x8000813e (0x002389b3) x19 0xfffffff0
core   0: 0x80008142 (0x00f141b3) xor     gp, sp, a5
core   0: 3 0x80008142 (0x00f141b3) x 3 0xfffffff0
core   0: 0x80008146 (0x00b50aa3) sb      a1, 21(a0)
core   0: 3 0x80008146 (0x00b50aa3) mem 0x800141c8 0xe4
core   0: 0x8000814a (0xf7355783) lhu     a5, -141(a0)
core   0: 3 0x8000814a (0xf7355783) x15 0x00000000 mem 0x80014126
core   0: 0x8000814e (0xf5550183) lb      gp, -171(a0)
core   0: 3 0x8000814e (0xf5550183) x 3 0x00000000 mem 0x80014108
core   0: 0x80008152 (0x09f51c03) lh      s8, 159(a0)
core   0: 3 0x80008152 (0x09f51c03) x24 0x00000000 mem 0x80014252
core   0: 0x80008156 (0x032510a3) sh      s2, 33(a0)
core   0: 3 0x80008156 (0x032510a3) mem 0x800141d4 0x0000
core   0: 0x8000815a (0x02d6b633) mulhu   a2, a3, a3
core   0: 3 0x8000815a (0x02d6b633) x12 0xfffffffe
core   0: 0x8000815e (0x04f51683) lh      a3, 79(a0)
core   0: 3 0x8000815e (0x04f51683) x13 0x00000000 mem 0x80014202
core   0: 0x80008162 (0x00019c17) auipc   s8, 0x19
core   0: 3 0x80008162 (0x00019c17) x24 0x80021162
core   0: 0x80008166 (0x135c0c13) addi    s8, s8, 309
core   0: 3 0x80008166 (0x135c0c13) x24 0x80021297
core   0: 0x8000816a (0xea2c4c83) lbu     s9, -350(s8)
core   0: 3 0x8000816a (0xea2c4c83) x25 0x00000000 mem 0x80021139
core   0: 0x8000816e (0x5a0c0003) lb      zero, 1440(s8)
core   0: 3 0x8000816e (0x5a0c0003) mem 0x80021837
core   0: 0x80008172 (0x00000eed) c.addi  t4, 27
core   0: 3 0x80008172 (0x0eed) x29 0x0000001b
core   0: 0x80008174 (0x187c4b03) lbu     s6, 391(s8)
core   0: 3 0x80008174 (0x187c4b03) x22 0x00000000 mem 0x8002141e
core   0: 0x80008178 (0x5f7c4683) lbu     a3, 1527(s8)
core   0: 3 0x80008178 (0x5f7c4683) x13 0x00000000 mem 0x8002188e
core   0: 0x8000817c (0x76bc4803) lbu     a6, 1899(s8)
core   0: 3 0x8000817c (0x76bc4803) x16 0x00000000 mem 0x80021a02
core   0: 0x80008180 (0x06fc0783) lb      a5, 111(s8)
core   0: 3 0x80008180 (0x06fc0783) x15 0x00000000 mem 0x80021306
core   0: 0x80008184 (0x00008f9d) c.sub   a5, a5
core   0: 3 0x80008184 (0x8f9d) x15 0x00000000
core   0: 0x80008186 (0x6d4c4403) lbu     s0, 1748(s8)
core   0: 3 0x80008186 (0x6d4c4403) x 8 0x00000000 mem 0x8002196b
core   0: 0x8000818a (0x7d2c0983) lb      s3, 2002(s8)
core   0: 3 0x8000818a (0x7d2c0983) x19 0x00000000 mem 0x80021a69
core   0: 0x8000818e (0x00000276) c.slli  tp, 29
core   0: 3 0x8000818e (0x0276) x 4 0x00000000
core   0: 0x80008190 (0x069c0403) lb      s0, 105(s8)
core   0: 3 0x80008190 (0x069c0403) x 8 0x00000000 mem 0x80021300
core   0: 0x80008194 (0x649c0023) sb      s1, 1600(s8)
core   0: 3 0x80008194 (0x649c0023) mem 0x800218d7 0x0
core   0: 0x80008198 (0x03f4e3b3) rem     t2, s1, t6
core   0: 3 0x80008198 (0x03f4e3b3) x 7 0x00000000
core   0: 0x8000819c (0x114c4683) lbu     a3, 276(s8)
core   0: 3 0x8000819c (0x114c4683) x13 0x00000000 mem 0x800213ab
core   0: 0x800081a0 (0x00491533) sll     a0, s2, tp
core   0: 3 0x800081a0 (0x00491533) x10 0x00000000
core   0: 0x800081a4 (0x216c17a3) sh      s6, 527(s8)
core   0: 3 0x800081a4 (0x216c17a3) mem 0x800214a6 0x0000
core   0: 0x800081a8 (0xedbc0623) sb      s11, -308(s8)
core   0: 3 0x800081a8 (0xedbc0623) mem 0x80021163 0x1
core   0: 0x800081ac (0xf2bc0283) lb      t0, -213(s8)
core   0: 3 0x800081ac (0xf2bc0283) x 5 0x00000000 mem 0x800211c2
core   0: 0x800081b0 (0xb5c28213) addi    tp, t0, -1188
core   0: 3 0x800081b0 (0xb5c28213) x 4 0xfffffb5c
core   0: 0x800081b4 (0x12cc4d03) lbu     s10, 300(s8)
core   0: 3 0x800081b4 (0x12cc4d03) x26 0x00000000 mem 0x800213c3
core   0: 0x800081b8 (0x590c0603) lb      a2, 1424(s8)
core   0: 3 0x800081b8 (0x590c0603) x12 0x00000000 mem 0x80021827
core   0: 0x800081bc (0xfa6c4783) lbu     a5, -90(s8)
core   0: 3 0x800081bc (0xfa6c4783) x15 0x00000000 mem 0x8002123d
core   0: 0x800081c0 (0x72ec1aa3) sh      a4, 1845(s8)
core   0: 3 0x800081c0 (0x72ec1aa3) mem 0x800219cc 0x8e58
core   0: 0x800081c4 (0x000057fd) c.li    a5, -1
core   0: 3 0x800081c4 (0x57fd) x15 0xffffffff
core   0: 0x800081c6 (0x00b357b3) srl     a5, t1, a1
core   0: 3 0x800081c6 (0x00b357b3) x15 0x00000000
core   0: 0x800081ca (0xa14c4403) lbu     s0, -1516(s8)
core   0: 3 0x800081ca (0xa14c4403) x 8 0x00000000 mem 0x80020cab
core   0: 0x800081ce (0x01848bb3) add     s7, s1, s8
core   0: 3 0x800081ce (0x01848bb3) x23 0x80021297
core   0: 0x800081d2 (0x793c1003) lh      zero, 1939(s8)
core   0: 3 0x800081d2 (0x793c1003) mem 0x80021a2a
core   0: 0x800081d6 (0x41ec0603) lb      a2, 1054(s8)
core   0: 3 0x800081d6 (0x41ec0603) x12 0x00000000 mem 0x800216b5
core   0: 0x800081da (0x0ff0000f) fence   iorw,iorw
core   0: 3 0x800081da (0x0ff0000f)
core   0: 0x800081de (0x000083b1) c.srli  a5, 12
core   0: 3 0x800081de (0x83b1) x15 0x00000000
core   0: 0x800081e0 (0x00008fe5) c.and   a5, s1
core   0: 3 0x800081e0 (0x8fe5) x15 0x00000000
core   0: 0x800081e2 (0x00b87033) and     zero, a6, a1
core   0: 3 0x800081e2 (0x00b87033)
core   0: 0x800081e6 (0x9d5c0e23) sb      s5, -1572(s8)
core   0: 3 0x800081e6 (0x9d5c0e23) mem 0x80020c73 0x9
core   0: 0x800081ea (0x0c4c4003) lbu     zero, 196(s8)
core   0: 3 0x800081ea (0x0c4c4003) mem 0x8002135b
core   0: 0x800081ee (0x000064f5) c.lui   s1, 0x1d
core   0: 3 0x800081ee (0x64f5) x 9 0x0001d000
core   0: 0x800081f0 (0xaacc11a3) sh      a2, -1373(s8)
core   0: 3 0x800081f0 (0xaacc11a3) mem 0x80020d3a 0x0000
core   0: 0x800081f4 (0x0000100f) fence.i
core   0: 3 0x800081f4 (0x0000100f)
core   0: 0x800081f8 (0x0ff0000f) fence   iorw,iorw
core   0: 3 0x800081f8 (0x0ff0000f)
core   0: 0x800081fc (0xc76c4983) lbu     s3, -906(s8)
core   0: 3 0x800081fc (0xc76c4983) x19 0x00000000 mem 0x80020f0d
core   0: 0x80008200 (0x5e2c0003) lb      zero, 1506(s8)
core   0: 3 0x80008200 (0x5e2c0003) mem 0x80021879
core   0: 0x80008204 (0x6eec0b23) sb      a4, 1782(s8)
core   0: 3 0x80008204 (0x6eec0b23) mem 0x8002198d 0x58
core   0: 0x80008208 (0x02664a33) div     s4, a2, t1
core   0: 3 0x80008208 (0x02664a33) x20 0xffffffff
core   0: 0x8000820c (0x0000717d) c.addi16sp sp, -16
core   0: 3 0x8000820c (0x717d) x 2 0xffffffe0
core   0: 0x8000820e (0x00009d52) c.add   s10, s4
core   0: 3 0x8000820e (0x9d52) x26 0xffffffff
core   0: 0x80008210 (0x03e02333) mulhsu  t1, zero, t5
core   0: 3 0x80008210 (0x03e02333) x 6 0x00000000
core   0: 0x80008214 (0x6b3c0aa3) sb      s3, 1717(s8)
core   0: 3 0x80008214 (0x6b3c0aa3) mem 0x8002194c 0x0
core   0: 0x80008218 (0x23ec0b03) lb      s6, 574(s8)
core   0: 3 0x80008218 (0x23ec0b03) x22 0x00000000 mem 0x800214d5
core   0: 0x8000821c (0x0000c117) auipc   sp, 0xc
core   0: 3 0x8000821c (0x0000c117) x 2 0x8001421c
core   0: 0x80008220 (0xa8910113) addi    sp, sp, -1399
core   0: 3 0x80008220 (0xa8910113) x 2 0x80013ca5
core   0: 0x80008224 (0x02714b83) lbu     s7, 39(sp)
core   0: 3 0x80008224 (0x02714b83) x23 0x00000000 mem 0x80013ccc
core   0: 0x80008228 (0x03e4c2b3) div     t0, s1, t5
core   0: 3 0x80008228 (0x03e4c2b3) x 5 0x00000000
core   0: 0x8000822c (0x00dc7433) and     s0, s8, a3
core   0: 3 0x8000822c (0x00dc7433) x 8 0x00000000
core   0: 0x80008230 (0x03312fa3) sw      s3, 63(sp)
core   0: 3 0x80008230 (0x03312fa3) mem 0x80013ce4 0x00000000
core   0: 0x80008234 (0x00008559) c.srai  a0, 22
core   0: 3 0x80008234 (0x8559) x10 0x00000000
core   0: 0x80008236 (0x02410ea3) sb      tp, 61(sp)
core   0: 3 0x80008236 (0x02410ea3) mem 0x80013ce2 0x5c
core   0: 0x8000823a (0xfe710823) sb      t2, -16(sp)
core   0: 3 0x8000823a (0xfe710823) mem 0x80013c95 0x0
core   0: 0x8000823e (0xfc014183) lbu     gp, -64(sp)
core   0: 3 0x8000823e (0xfc014183) x 3 0x0000008e mem 0x80013c65
core   0: 0x80008242 (0x013eb333) sltu    t1, t4, s3
core   0: 3 0x80008242 (0x013eb333) x 6 0x00000000
core   0: 0x80008246 (0x000001fa) c.slli  gp, 30
core   0: 3 0x80008246 (0x01fa) x 3 0x80000000
core   0: 0x80008248 (0xff210c83) lb      s9, -14(sp)
core   0: 3 0x80008248 (0xff210c83) x25 0x00000000 mem 0x80013c97
core   0: 0x8000824c (0xfcb11503) lh      a0, -53(sp)
core   0: 3 0x8000824c (0xfcb11503) x10 0x00000000 mem 0x80013c70
core   0: 0x80008250 (0x000ad793) srli    a5, s5, 0
core   0: 3 0x80008250 (0x000ad793) x15 0x00000009
core   0: 0x80008254 (0x02c367b3) rem     a5, t1, a2
core   0: 3 0x80008254 (0x02c367b3) x15 0x00000000
core   0: 0x80008258 (0xfcb11283) lh      t0, -53(sp)
core   0: 3 0x80008258 (0xfcb11283) x 5 0x00000000 mem 0x80013c70
core   0: 0x8000825c (0xff612ba3) sw      s6, -9(sp)
core   0: 3 0x8000825c (0xff612ba3) mem 0x80013c9c 0x00000000
core   0: 0x80008260 (0xfcb10c23) sb      a1, -40(sp)
core   0: 3 0x80008260 (0xfcb10c23) mem 0x80013c7d 0xe4
core   0: 0x80008264 (0x00d9b233) sltu    tp, s3, a3
core   0: 3 0x80008264 (0x00d9b233) x 4 0x00000000
core   0: 0x80008268 (0x40f181b3) sub     gp, gp, a5
core   0: 3 0x80008268 (0x40f181b3) x 3 0x80000000
core   0: 0x8000826c (0x0eae9cb7) lui     s9, 0xeae9
core   0: 3 0x8000826c (0x0eae9cb7) x25 0x0eae9000
core   0: 0x80008270 (0xfd910303) lb      t1, -39(sp)
core   0: 3 0x80008270 (0xfd910303) x 6 0x00000000 mem 0x80013c7e
core   0: 0x80008274 (0xff410223) sb      s4, -28(sp)
core   0: 3 0x80008274 (0xff410223) mem 0x80013c89 0xff
core   0: 0x80008278 (0x0ff0000f) fence   iorw,iorw
core   0: 3 0x80008278 (0x0ff0000f)
core   0: 0x8000827c (0x03414e83) lbu     t4, 52(sp)
core   0: 3 0x8000827c (0x03414e83) x29 0x00000000 mem 0x80013cd9
core   0: 0x80008280 (0xfe511e03) lh      t3, -27(sp)
core   0: 3 0x80008280 (0xfe511e03) x28 0x00000000 mem 0x80013c8a
core   0: 0x80008284 (0x00008cc1) c.or    s1, s0
core   0: 3 0x80008284 (0x8cc1) x 9 0x0001d000
core   0: 0x80008286 (0x031c9633) mulh    a2, s9, a7
core   0: 3 0x80008286 (0x031c9633) x12 0x00000000
core   0: 0x8000828a (0xfcd15e83) lhu     t4, -51(sp)
core   0: 3 0x8000828a (0xfcd15e83) x29 0x00000000 mem 0x80013c72
core   0: 0x8000828e (0x01210303) lb      t1, 18(sp)
core   0: 3 0x8000828e (0x01210303) x 6 0x00000000 mem 0x80013cb7
core   0: 0x80008292 (0xfcc14503) lbu     a0, -52(sp)
core   0: 3 0x80008292 (0xfcc14503) x10 0x00000000 mem 0x80013c71
core   0: 0x80008296 (0xffe14c03) lbu     s8, -2(sp)
core   0: 3 0x80008296 (0xffe14c03) x24 0x00000000 mem 0x80013ca3
core   0: 0x8000829a (0xfed11303) lh      t1, -19(sp)
core   0: 3 0x8000829a (0xfed11303) x 6 0xffff8002 mem 0x80013c92
core   0: 0x8000829e (0xd3063093) sltiu   ra, a2, -720
core   0: 3 0x8000829e (0xd3063093) x 1 0x00000001
core   0: 0x800082a2 (0xfda10a23) sb      s10, -44(sp)
core   0: 3 0x800082a2 (0xfda10a23) mem 0x80013c79 0xff
core   0: 0x800082a6 (0x339e6b93) ori     s7, t3, 825
core   0: 3 0x800082a6 (0x339e6b93) x23 0x00000339
core   0: 0x800082aa (0x00810b23) sb      s0, 22(sp)
core   0: 3 0x800082aa (0x00810b23) mem 0x80013cbb 0x0
core   0: 0x800082ae (0x00a64db3) xor     s11, a2, a0
core   0: 3 0x800082ae (0x00a64db3) x27 0x00000000
core   0: 0x800082b2 (0xfe0109a3) sb      zero, -13(sp)
core   0: 3 0x800082b2 (0xfe0109a3) mem 0x80013c98 0x0
core   0: 0x800082b6 (0x01bc3033) sltu    zero, s8, s11
core   0: 3 0x800082b6 (0x01bc3033)
core   0: 0x800082ba (0x008beeb3) or      t4, s7, s0
core   0: 3 0x800082ba (0x008beeb3) x29 0x00000339
core   0: 0x800082be (0xfb020b17) auipc   s6, 0xfb020
core   0: 3 0x800082be (0xfb020b17) x22 0x7b0282be
core   0: 0x800082c2 (0x03311403) lh      s0, 51(sp)
core   0: 3 0x800082c2 (0x03311403) x 8 0x00000000 mem 0x80013cd8
core   0: 0x800082c6 (0x03ec34b3) mulhu   s1, s8, t5
core   0: 3 0x800082c6 (0x03ec34b3) x 9 0x00000000
core   0: 0x800082ca (0x03e14203) lbu     tp, 62(sp)
core   0: 3 0x800082ca (0x03e14203) x 4 0x00000000 mem 0x80013ce3
core   0: 0x800082ce (0x03a14183) lbu     gp, 58(sp)
core   0: 3 0x800082ce (0x03a14183) x 3 0x00000000 mem 0x80013cdf
core   0: 0x800082d2 (0x00312683) lw      a3, 3(sp)
core   0: 3 0x800082d2 (0x00312683) x13 0x00000000 mem 0x80013ca8
core   0: 0x800082d6 (0x03110ea3) sb      a7, 61(sp)
core   0: 3 0x800082d6 (0x03110ea3) mem 0x80013ce2 0x0
core   0: 0x800082da (0x03e10a23) sb      t5, 52(sp)
core   0: 3 0x800082da (0x03e10a23) mem 0x80013cd9 0x0
core   0: 0x800082de (0x0001a397) auipc   t2, 0x1a
core   0: 3 0x800082de (0x0001a397) x 7 0x800222de
core   0: 0x800082e2 (0x60b38393) addi    t2, t2, 1547
core   0: 3 0x800082e2 (0x60b38393) x 7 0x800228e9
core   0: 0x800082e6 (0x2943c183) lbu     gp, 660(t2)
core   0: 3 0x800082e6 (0x2943c183) x 3 0x00000000 mem 0x80022b7d
core   0: 0x800082ea (0x0000b797) auipc   a5, 0xb
core   0: 3 0x800082ea (0x0000b797) x15 0x800132ea
core   0: 0x800082ee (0xe4178793) addi    a5, a5, -447
core   0: 3 0x800082ee (0xe4178793) x15 0x8001312b
core   0: 0x800082f2 (0x21038223) sb      a6, 516(t2)
core   0: 3 0x800082f2 (0x21038223) mem 0x80022aed 0x0
core   0: 0x800082f6 (0xfc07c103) lbu     sp, -64(a5)
core   0: 3 0x800082f6 (0xfc07c103) x 2 0x00000000 mem 0x800130eb
core   0: 0x800082fa (0x0027cf83) lbu     t6, 2(a5)
core   0: 3 0x800082fa (0x0027cf83) x31 0x00000000 mem 0x8001312d
core   0: 0x800082fe (0x147380a3) sb      t2, 321(t2)
core   0: 3 0x800082fe (0x147380a3) mem 0x80022a2a 0xe9
core   0: 0x80008302 (0x04878423) sb      s0, 72(a5)
core   0: 3 0x80008302 (0x04878423) mem 0x80013173 0x0
core   0: 0x80008306 (0x5d138283) lb      t0, 1489(t2)
core   0: 3 0x80008306 (0x5d138283) x 5 0x00000000 mem 0x80022eba
core   0: 0x8000830a (0xf5338da3) sb      s3, -165(t2)
core   0: 3 0x8000830a (0xf5338da3) mem 0x80022844 0x0
core   0: 0x8000830e (0xf6278c83) lb      s9, -158(a5)
core   0: 3 0x8000830e (0xf6278c83) x25 0x00000000 mem 0x8001308d
core   0: 0x80008312 (0x7be3c403) lbu     s0, 1982(t2)
core   0: 3 0x80008312 (0x7be3c403) x 8 0x00000000 mem 0x800230a7
core   0: 0x80008316 (0x05678b23) sb      s6, 86(a5)
core   0: 3 0x80008316 (0x05678b23) mem 0x80013181 0xbe
core   0: 0x8000831a (0x3df3a603) lw      a2, 991(t2)
core   0: 3 0x8000831a (0x3df3a603) x12 0x00000000 mem 0x80022cc8
core   0: 0x8000831e (0x0297c003) lbu     zero, 41(a5)
core   0: 3 0x8000831e (0x0297c003) mem 0x80013154
core   0: 0x80008322 (0xb3a39aa3) sh      s10, -1227(t2)
core   0: 3 0x80008322 (0xb3a39aa3) mem 0x8002241e 0xffff
core   0: 0x80008326 (0x09078c03) lb      s8, 144(a5)
core   0: 3 0x80008326 (0x09078c03) x24 0x00000000 mem 0x800131bb
core   0: 0x8000832a (0x5f13c603) lbu     a2, 1521(t2)
core   0: 3 0x8000832a (0x5f13c603) x12 0x00000000 mem 0x80022eda
core   0: 0x8000832e (0x0fd78003) lb      zero, 253(a5)
core   0: 3 0x8000832e (0x0fd78003) mem 0x80013228
core   0: 0x80008332 (0xbd23ca03) lbu     s4, -1070(t2)
core   0: 3 0x80008332 (0xbd23ca03) x20 0x00000000 mem 0x800224bb
core   0: 0x80008336 (0x0000ce17) auipc   t3, 0xc
core   0: 3 0x80008336 (0x0000ce17) x28 0x80014336
core   0: 0x8000833a (0xbade0e13) addi    t3, t3, -1107
core   0: 3 0x8000833a (0xbade0e13) x28 0x80013ee3
core   0: 0x8000833e (0xf69e2883) lw      a7, -151(t3)
core   0: 3 0x8000833e (0xf69e2883) x17 0x00000000 mem 0x80013e4c
core   0: 0x80008342 (0xf3be1083) lh      ra, -197(t3)
core   0: 3 0x80008342 (0xf3be1083) x 1 0x00000000 mem 0x80013e1e
core   0: 0x80008346 (0xf56e0323) sb      s6, -186(t3)
core   0: 3 0x80008346 (0xf56e0323) mem 0x80013e29 0xbe
core   0: 0x8000834a (0xf46e0983) lb      s3, -186(t3)
core   0: 3 0x8000834a (0xf46e0983) x19 0xffffffbe mem 0x80013e29
core   0: 0x8000834e (0xf46e0a03) lb      s4, -186(t3)
core   0: 3 0x8000834e (0xf46e0a03) x20 0xffffffbe mem 0x80013e29
core   0: 0x80008352 (0xfa9e2203) lw      tp, -87(t3)
core   0: 3 0x80008352 (0xfa9e2203) x 4 0x00000000 mem 0x80013e8c
core   0: 0x80008356 (0xfbce04a3) sb      t3, -87(t3)
core   0: 3 0x80008356 (0xfbce04a3) mem 0x80013e8c 0xe3
core   0: 0x8000835a (0xfb3e24a3) sw      s3, -87(t3)
core   0: 3 0x8000835a (0xfb3e24a3) mem 0x80013e8c 0xffffffbe
core   0: 0x8000835e (0xfdfe0b23) sb      t6, -42(t3)
core   0: 3 0x8000835e (0xfdfe0b23) mem 0x80013eb9 0x0
core   0: 0x80008362 (0xfd6e0783) lb      a5, -42(t3)
core   0: 3 0x80008362 (0xfd6e0783) x15 0x00000000 mem 0x80013eb9
core   0: 0x80008366 (0x04be4383) lbu     t2, 75(t3)
core   0: 3 0x80008366 (0x04be4383) x 7 0x00000000 mem 0x80013f2e
core   0: 0x8000836a (0x00008d35) c.xor   a0, a3
core   0: 3 0x8000836a (0x8d35) x10 0x00000000
core   0: 0x8000836c (0x011e0d23) sb      a7, 26(t3)
core   0: 3 0x8000836c (0x011e0d23) mem 0x80013efd 0x0
core   0: 0x80008370 (0x01ae0083) lb      ra, 26(t3)
core   0: 3 0x80008370 (0x01ae0083) x 1 0x00000000 mem 0x80013efd
core   0: 0x80008374 (0xb3f98c93) addi    s9, s3, -1217
core   0: 3 0x80008374 (0xb3f98c93) x25 0xfffffafd
core   0: 0x80008378 (0x009e2203) lw      tp, 9(t3)
core   0: 3 0x80008378 (0x009e2203) x 4 0x00000000 mem 0x80013eec
core   0: 0x8000837c (0x009e2783) lw      a5, 9(t3)
core   0: 3 0x8000837c (0x009e2783) x15 0x00000000 mem 0x80013eec
core   0: 0x80008380 (0x00d06433) or      s0, zero, a3
core   0: 3 0x80008380 (0x00d06433) x 8 0x00000000
core   0: 0x80008384 (0xf93e1e83) lh      t4, -109(t3)
core   0: 3 0x80008384 (0xf93e1e83) x29 0x00000000 mem 0x80013e76
core   0: 0x80008388 (0x0000b117) auipc   sp, 0xb
core   0: 3 0x80008388 (0x0000b117) x 2 0x80013388
core   0: 0x8000838c (0xf5610113) addi    sp, sp, -170
core   0: 3 0x8000838c (0xf5610113) x 2 0x800132de
core   0: 0x80008390 (0xffd10f83) lb      t6, -3(sp)
core   0: 3 0x80008390 (0xffd10f83) x31 0x00000000 mem 0x800132db
core   0: 0x80008394 (0xfff14e03) lbu     t3, -1(sp)
core   0: 3 0x80008394 (0xfff14e03) x28 0x00000000 mem 0x800132dd
core   0: 0x80008398 (0x00f10603) lb      a2, 15(sp)
core   0: 3 0x80008398 (0x00f10603) x12 0x00000000 mem 0x800132ed
core   0: 0x8000839c (0x00b9d8b3) srl     a7, s3, a1
core   0: 3 0x8000839c (0x00b9d8b3) x17 0x0ffffffb
core   0: 0x800083a0 (0x00000001) c.nop
core   0: 3 0x800083a0 (0x0001)
core   0: 0x800083a2 (0xffb10ca3) sb      s11, -7(sp)
core   0: 3 0x800083a2 (0xffb10ca3) mem 0x800132d7 0x0
core   0: 0x800083a6 (0xff510ca3) sb      s5, -7(sp)
core   0: 3 0x800083a6 (0xff510ca3) mem 0x800132d7 0x9
core   0: 0x800083aa (0xff914f83) lbu     t6, -7(sp)
core   0: 3 0x800083aa (0xff914f83) x31 0x00000009 mem 0x800132d7
core   0: 0x800083ae (0xff910e03) lb      t3, -7(sp)
core   0: 3 0x800083ae (0xff910e03) x28 0x00000009 mem 0x800132d7
core   0: 0x800083b2 (0xff110303) lb      t1, -15(sp)
core   0: 3 0x800083b2 (0xff110303) x 6 0x00000000 mem 0x800132cf
core   0: 0x800083b6 (0x016101a3) sb      s6, 3(sp)
core   0: 3 0x800083b6 (0x016101a3) mem 0x800132e1 0xbe
core   0: 0x800083ba (0xff811923) sh      s8, -14(sp)
core   0: 3 0x800083ba (0xff811923) mem 0x800132d0 0x0000
core   0: 0x800083be (0x414cd533) sra     a0, s9, s4
core   0: 3 0x800083be (0x414cd533) x10 0xffffffff
core   0: 0x800083c2 (0xfff14283) lbu     t0, -1(sp)
core   0: 3 0x800083c2 (0xfff14283) x 5 0x00000000 mem 0x800132dd
core   0: 0x800083c6 (0x00510283) lb      t0, 5(sp)
core   0: 3 0x800083c6 (0x00510283) x 5 0x00000000 mem 0x800132e3
core   0: 0x800083ca (0x00514183) lbu     gp, 5(sp)
core   0: 3 0x800083ca (0x00514183) x 3 0x00000000 mem 0x800132e3
core   0: 0x800083ce (0x00d102a3) sb      a3, 5(sp)
core   0: 3 0x800083ce (0x00d102a3) mem 0x800132e3 0x0
core   0: 0x800083d2 (0xffe11303) lh      t1, -2(sp)
core   0: 3 0x800083d2 (0xffe11303) x 6 0x00000000 mem 0x800132dc
core   0: 0x800083d6 (0xffe14d03) lbu     s10, -2(sp)
core   0: 3 0x800083d6 (0xffe14d03) x26 0x00000000 mem 0x800132dc
core   0: 0x800083da (0x00af7db3) and     s11, t5, a0
core   0: 3 0x800083da (0x00af7db3) x27 0x80000000
core   0: 0x800083de (0x00415d03) lhu     s10, 4(sp)
core   0: 3 0x800083de (0x00415d03) x26 0x00000000 mem 0x800132e2
core   0: 0x800083e2 (0xffe11683) lh      a3, -2(sp)
core   0: 3 0x800083e2 (0xffe11683) x13 0x00000000 mem 0x800132dc
core   0: 0x800083e6 (0x0001b117) auipc   sp, 0x1b
core   0: 3 0x800083e6 (0x0001b117) x 2 0x800233e6
core   0: 0x800083ea (0x3e910113) addi    sp, sp, 1001
core   0: 3 0x800083ea (0x3e910113) x 2 0x800237cf
core   0: 0x800083ee (0x009f2533) slt     a0, t5, s1
core   0: 3 0x800083ee (0x009f2533) x10 0x00000001
core   0: 0x800083f2 (0x41fadd93) srai    s11, s5, 31
core   0: 3 0x800083f2 (0x41fadd93) x27 0x00000000
core   0: 0x800083f6 (0xffd11603) lh      a2, -3(sp)
core   0: 3 0x800083f6 (0xffd11603) x12 0x00000000 mem 0x800237cc
core   0: 0x800083fa (0xffd12d83) lw      s11, -3(sp)
core   0: 3 0x800083fa (0xffd12d83) x27 0x00000000 mem 0x800237cc
core   0: 0x800083fe (0x00810c83) lb      s9, 8(sp)
core   0: 3 0x800083fe (0x00810c83) x25 0x00000000 mem 0x800237d7
core   0: 0x80008402 (0x00610823) sb      t1, 16(sp)
core   0: 3 0x80008402 (0x00610823) mem 0x800237df 0x0
core   0: 0x80008406 (0xff910b23) sb      s9, -10(sp)
core   0: 3 0x80008406 (0xff910b23) mem 0x800237c5 0x0
core   0: 0x8000840a (0x00008f91) c.sub   a5, a2
core   0: 3 0x8000840a (0x8f91) x15 0x00000000
core   0: 0x8000840c (0x01010d83) lb      s11, 16(sp)
core   0: 3 0x8000840c (0x01010d83) x27 0x00000000 mem 0x800237df
core   0: 0x80008410 (0x01064b33) xor     s6, a2, a6
core   0: 3 0x80008410 (0x01064b33) x22 0x00000000
core   0: 0x80008414 (0x01a115a3) sh      s10, 11(sp)
core   0: 3 0x80008414 (0x01a115a3) mem 0x800237da 0x0000
core   0: 0x80008418 (0x8cbecc37) lui     s8, 0x8cbec
core   0: 3 0x80008418 (0x8cbecc37) x24 0x8cbec000
core   0: 0x8000841c (0x00112883) lw      a7, 1(sp)
core   0: 3 0x8000841c (0x00112883) x17 0x00000000 mem 0x800237d0
core   0: 0x80008420 (0xff614903) lbu     s2, -10(sp)
core   0: 3 0x80008420 (0xff614903) x18 0x00000000 mem 0x800237c5
core   0: 0x80008424 (0x01014e03) lbu     t3, 16(sp)
core   0: 3 0x80008424 (0x01014e03) x28 0x00000000 mem 0x800237df
core   0: 0x80008428 (0x01306e33) or      t3, zero, s3
core   0: 3 0x80008428 (0x01306e33) x28 0xffffffbe
core   0: 0x8000842c (0x00010d03) lb      s10, 0(sp)
core   0: 3 0x8000842c (0x00010d03) x26 0x00000000 mem 0x800237cf
core   0: 0x80008430 (0x00000001) c.nop
core   0: 3 0x80008430 (0x0001)
core   0: 0x80008432 (0x0000100f) fence.i
core   0: 3 0x80008432 (0x0000100f)
core   0: 0x80008436 (0x3b98cf93) xori    t6, a7, 953
core   0: 3 0x80008436 (0x3b98cf93) x31 0x000003b9
core   0: 0x8000843a (0xff414303) lbu     t1, -12(sp)
core   0: 3 0x8000843a (0xff414303) x 6 0x00000000 mem 0x800237c3
core   0: 0x8000843e (0x414d0b33) sub     s6, s10, s4
core   0: 3 0x8000843e (0x414d0b33) x22 0x00000042
core   0: 0x80008442 (0x00410323) sb      tp, 6(sp)
core   0: 3 0x80008442 (0x00410323) mem 0x800237d5 0x0
core   0: 0x80008446 (0x00008799) c.srai  a5, 6
core   0: 3 0x80008446 (0x8799) x15 0x00000000
core   0: 0x80008448 (0x014b0bb3) add     s7, s6, s4
core   0: 3 0x80008448 (0x014b0bb3) x23 0x00000000
core   0: 0x8000844c (0x00005afd) c.li    s5, -1
core   0: 3 0x8000844c (0x5afd) x21 0xffffffff
core   0: 0x8000844e (0xfe411fa3) sh      tp, -1(sp)
core   0: 3 0x8000844e (0xfe411fa3) mem 0x800237ce 0x0000
core   0: 0x80008452 (0xff610c23) sb      s6, -8(sp)
core   0: 3 0x80008452 (0xff610c23) mem 0x800237c7 0x42
core   0: 0x80008456 (0x015106a3) sb      s5, 13(sp)
core   0: 3 0x80008456 (0x015106a3) mem 0x800237dc 0xff
core   0: 0x8000845a (0x00e111a3) sh      a4, 3(sp)
core   0: 3 0x8000845a (0x00e111a3) mem 0x800237d2 0x8e58
core   0: 0x8000845e (0x01010823) sb      a6, 16(sp)
core   0: 3 0x8000845e (0x01010823) mem 0x800237df 0x0
core   0: 0x80008462 (0xff610f23) sb      s6, -2(sp)
core   0: 3 0x80008462 (0xff610f23) mem 0x800237cd 0x42
core   0: 0x80008466 (0x00c14d03) lbu     s10, 12(sp)
core   0: 3 0x80008466 (0x00c14d03) x26 0x00000000 mem 0x800237db
core   0: 0x8000846a (0xff512083) lw      ra, -11(sp)
core   0: 3 0x8000846a (0xff512083) x 1 0x42000000 mem 0x800237c4
core   0: 0x8000846e (0x000b1693) slli    a3, s6, 0
core   0: 3 0x8000846e (0x000b1693) x13 0x00000042
core   0: 0x80008472 (0x01ad42b3) xor     t0, s10, s10
core   0: 3 0x80008472 (0x01ad42b3) x 5 0x00000000
core   0: 0x80008476 (0xff610203) lb      tp, -10(sp)
core   0: 3 0x80008476 (0xff610203) x 4 0x00000000 mem 0x800237c5
core   0: 0x8000847a (0x0000b417) auipc   s0, 0xb
core   0: 3 0x8000847a (0x0000b417) x 8 0x8001347a
core   0: 0x8000847e (0x44a40413) addi    s0, s0, 1098
core   0: 3 0x8000847e (0x44a40413) x 8 0x800138c4
core   0: 0x80008482 (0xffa41e03) lh      t3, -6(s0)
core   0: 3 0x80008482 (0xffa41e03) x28 0x00000000 mem 0x800138be
core   0: 0x80008486 (0xff944303) lbu     t1, -7(s0)
core   0: 3 0x80008486 (0xff944303) x 6 0x00000000 mem 0x800138bd
core   0: 0x8000848a (0xff240ca3) sb      s2, -7(s0)
core   0: 3 0x8000848a (0xff240ca3) mem 0x800138bd 0x0
core   0: 0x8000848e (0x00e41e03) lh      t3, 14(s0)
core   0: 3 0x8000848e (0x00e41e03) x28 0x00000000 mem 0x800138d2
core   0: 0x80008492 (0x0000c010) c.sw    a2, 0(s0)
core   0: 3 0x80008492 (0xc010) mem 0x800138c4 0x00000000
core   0: 0x80008494 (0x00042903) lw      s2, 0(s0)
core   0: 3 0x80008494 (0x00042903) x18 0x00000000 mem 0x800138c4
core   0: 0x80008498 (0x00744183) lbu     gp, 7(s0)
core   0: 3 0x80008498 (0x00744183) x 3 0x00000000 mem 0x800138cb
core   0: 0x8000849c (0xff644683) lbu     a3, -10(s0)
core   0: 3 0x8000849c (0xff644683) x13 0x00000018 mem 0x800138ba
core   0: 0x800084a0 (0xff641b03) lh      s6, -10(s0)
core   0: 3 0x800084a0 (0xff641b03) x22 0x00000018 mem 0x800138ba
core   0: 0x800084a4 (0x036c91b3) mulh    gp, s9, s6
core   0: 3 0x800084a4 (0x036c91b3) x 3 0x00000000
core   0: 0x800084a8 (0xffa40783) lb      a5, -6(s0)
core   0: 3 0x800084a8 (0xffa40783) x15 0x00000000 mem 0x800138be
core   0: 0x800084ac (0xffa41a03) lh      s4, -6(s0)
core   0: 3 0x800084ac (0xffa41a03) x20 0x00000000 mem 0x800138be
core   0: 0x800084b0 (0x0000b997) auipc   s3, 0xb
core   0: 3 0x800084b0 (0x0000b997) x19 0x800134b0
core   0: 0x800084b4 (0xcbd98993) addi    s3, s3, -835
core   0: 3 0x800084b4 (0xcbd98993) x19 0x8001316d
core   0: 0x800084b8 (0x000067a5) c.lui   a5, 0x9
core   0: 3 0x800084b8 (0x67a5) x15 0x00009000
core   0: 0x800084ba (0x04a98e23) sb      a0, 92(s3)
core   0: 3 0x800084ba (0x04a98e23) mem 0x800131c9 0x1
core   0: 0x800084be (0xf919d503) lhu     a0, -111(s3)
core   0: 3 0x800084be (0xf919d503) x10 0x00000000 mem 0x800130fe
core   0: 0x800084c2 (0xf9198083) lb      ra, -111(s3)
core   0: 3 0x800084c2 (0xf9198083) x 1 0x00000000 mem 0x800130fe
core   0: 0x800084c6 (0xf919cb83) lbu     s7, -111(s3)
core   0: 3 0x800084c6 (0xf919cb83) x23 0x00000000 mem 0x800130fe
core   0: 0x800084ca (0xf919dd83) lhu     s11, -111(s3)
core   0: 3 0x800084ca (0xf919dd83) x27 0x00000000 mem 0x800130fe
core   0: 0x800084ce (0x000082b1) c.srli  a3, 12
core   0: 3 0x800084ce (0x82b1) x13 0x00000000
core   0: 0x800084d0 (0x4b498c03) lb      s8, 1204(s3)
core   0: 3 0x800084d0 (0x4b498c03) x24 0x00000000 mem 0x80013621
core   0: 0x800084d4 (0x2e399383) lh      t2, 739(s3)
core   0: 3 0x800084d4 (0x2e399383) x 7 0x00000000 mem 0x80013450
core   0: 0x800084d8 (0x7d098a83) lb      s5, 2000(s3)
core   0: 3 0x800084d8 (0x7d098a83) x21 0x00000000 mem 0x8001393d
core   0: 0x800084dc (0x7d09c903) lbu     s2, 2000(s3)
core   0: 3 0x800084dc (0x7d09c903) x18 0x00000000 mem 0x8001393d
core   0: 0x800084e0 (0x53398ca3) sb      s3, 1337(s3)
core   0: 3 0x800084e0 (0x53398ca3) mem 0x800136a6 0x6d
core   0: 0x800084e4 (0xb5363c13) sltiu   s8, a2, -1197
core   0: 3 0x800084e4 (0xb5363c13) x24 0x00000001
core   0: 0x800084e8 (0x53999103) lh      sp, 1337(s3)
core   0: 3 0x800084e8 (0x53999103) x 2 0x0000646d mem 0x800136a6
core   0: 0x800084ec (0x52999ca3) sh      s1, 1337(s3)
core   0: 3 0x800084ec (0x52999ca3) mem 0x800136a6 0x0000
core   0: 0x800084f0 (0x53198ca3) sb      a7, 1337(s3)
core   0: 3 0x800084f0 (0x53198ca3) mem 0x800136a6 0x0
core   0: 0x800084f4 (0x0156ceb3) xor     t4, a3, s5
core   0: 3 0x800084f4 (0x0156ceb3) x29 0x00000000
core   0: 0x800084f8 (0x53998a83) lb      s5, 1337(s3)
core   0: 3 0x800084f8 (0x53998a83) x21 0x00000000 mem 0x800136a6
core   0: 0x800084fc (0x53998883) lb      a7, 1337(s3)
core   0: 3 0x800084fc (0x53998883) x17 0x00000000 mem 0x800136a6
core   0: 0x80008500 (0x5399dd03) lhu     s10, 1337(s3)
core   0: 3 0x80008500 (0x5399dd03) x26 0x00000000 mem 0x800136a6
core   0: 0x80008504 (0x00060333) add     t1, a2, zero
core   0: 3 0x80008504 (0x00060333) x 6 0x00000000
core   0: 0x80008508 (0x53999103) lh      sp, 1337(s3)
core   0: 3 0x80008508 (0x53999103) x 2 0x00000000 mem 0x800136a6
core   0: 0x8000850c (0x0000bb97) auipc   s7, 0xb
core   0: 3 0x8000850c (0x0000bb97) x23 0x8001350c
core   0: 0x80008510 (0x7d0b8b93) addi    s7, s7, 2000
core   0: 3 0x80008510 (0x7d0b8b93) x23 0x80013cdc
core   0: 0x80008514 (0x0000b497) auipc   s1, 0xb
core   0: 3 0x80008514 (0x0000b497) x 9 0x80013514
core   0: 0x80008518 (0x28848493) addi    s1, s1, 648
core   0: 3 0x80008518 (0x28848493) x 9 0x8001379c
core   0: 0x8000851c (0x0000b997) auipc   s3, 0xb
core   0: 3 0x8000851c (0x0000b997) x19 0x8001351c
core   0: 0x80008520 (0x48098993) addi    s3, s3, 1152
core   0: 3 0x80008520 (0x48098993) x19 0x8001399c
core   0: 0x80008524 (0xff4bdd83) lhu     s11, -12(s7)
core   0: 3 0x80008524 (0xff4bdd83) x27 0x0000fbae mem 0x80013cd0
core   0: 0x80008528 (0xff149b23) sh      a7, -10(s1)
core   0: 3 0x80008528 (0xff149b23) mem 0x80013792 0x0000
core   0: 0x8000852c (0xff5b8c83) lb      s9, -11(s7)
core   0: 3 0x8000852c (0xff5b8c83) x25 0xfffffffb mem 0x80013cd1
core   0: 0x80008530 (0x37398403) lb      s0, 883(s3)
core   0: 3 0x80008530 (0x37398403) x 8 0x00000000 mem 0x80013d0f
core   0: 0x80008534 (0xfcd4cc83) lbu     s9, -51(s1)
core   0: 3 0x80008534 (0xfcd4cc83) x25 0x00000000 mem 0x80013769
core   0: 0x80008538 (0xff0b89a3) sb      a6, -13(s7)
core   0: 3 0x80008538 (0xff0b89a3) mem 0x80013ccf 0x0
core   0: 0x8000853c (0x54a9cc83) lbu     s9, 1354(s3)
core   0: 3 0x8000853c (0x54a9cc83) x25 0x00000000 mem 0x80013ee6
core   0: 0x80008540 (0xff5bca03) lbu     s4, -11(s7)
core   0: 3 0x80008540 (0xff5bca03) x20 0x000000fb mem 0x80013cd1
core   0: 0x80008544 (0x427986a3) sb      t2, 1069(s3)
core   0: 3 0x80008544 (0x427986a3) mem 0x80013dc9 0x0
core   0: 0x80008548 (0xffb48b03) lb      s6, -5(s1)
core   0: 3 0x80008548 (0xffb48b03) x22 0xffffffbc mem 0x80013797
core   0: 0x8000854c (0x01eb9823) sh      t5, 16(s7)
core   0: 3 0x8000854c (0x01eb9823) mem 0x80013cec 0x0000
core   0: 0x80008550 (0xab398d23) sb      s3, -1350(s3)
core   0: 3 0x80008550 (0xab398d23) mem 0x80013456 0x9c
core   0: 0x80008554 (0x00cb9903) lh      s2, 12(s7)
core   0: 3 0x80008554 (0x00cb9903) x18 0x00000000 mem 0x80013ce8
core   0: 0x80008558 (0x99f9c903) lbu     s2, -1633(s3)
core   0: 3 0x80008558 (0x99f9c903) x18 0x00000000 mem 0x8001333b
core   0: 0x8000855c (0xd29982a3) sb      s1, -731(s3)
core   0: 3 0x8000855c (0xd29982a3) mem 0x800136c1 0x9c
core   0: 0x80008560 (0x0394cd83) lbu     s11, 57(s1)
core   0: 3 0x80008560 (0x0394cd83) x27 0x00000000 mem 0x800137d5
core   0: 0x80008564 (0x000bd403) lhu     s0, 0(s7)
core   0: 3 0x80008564 (0x000bd403) x 8 0x00000000 mem 0x80013cdc
core   0: 0x80008568 (0x01249323) sh      s2, 6(s1)
core   0: 3 0x80008568 (0x01249323) mem 0x800137a2 0x0000
core   0: 0x8000856c (0xfed4ca03) lbu     s4, -19(s1)
core   0: 3 0x8000856c (0xfed4ca03) x20 0x000000fd mem 0x80013789
core   0: 0x80008570 (0xfebb8b23) sb      a1, -10(s7)
core   0: 3 0x80008570 (0xfebb8b23) mem 0x80013cd2 0xe4
core   0: 0x80008574 (0xffd48b03) lb      s6, -3(s1)
core   0: 3 0x80008574 (0xffd48b03) x22 0x00000000 mem 0x80013799
core   0: 0x80008578 (0x005bc603) lbu     a2, 5(s7)
core   0: 3 0x80008578 (0x005bc603) x12 0x00000000 mem 0x80013ce1
core   0: 0x8000857c (0x02d4c683) lbu     a3, 45(s1)
core   0: 3 0x8000857c (0x02d4c683) x13 0x00000000 mem 0x800137c9
core   0: 0x80008580 (0xcc698e03) lb      t3, -826(s3)
core   0: 3 0x80008580 (0xcc698e03) x28 0x00000000 mem 0x80013662
core   0: 0x80008584 (0xfe948103) lb      sp, -23(s1)
core   0: 3 0x80008584 (0xfe948103) x 2 0x00000000 mem 0x80013785
core   0: 0x80008588 (0x0000bc97) auipc   s9, 0xb
core   0: 3 0x80008588 (0x0000bc97) x25 0x80013588
core   0: 0x8000858c (0xd0fc8c93) addi    s9, s9, -753
core   0: 3 0x8000858c (0xd0fc8c93) x25 0x80013297
core   0: 0x80008590 (0x0001a797) auipc   a5, 0x1a
core   0: 3 0x80008590 (0x0001a797) x15 0x80022590
core   0: 0x80008594 (0x61078793) addi    a5, a5, 1552
core   0: 3 0x80008594 (0x61078793) x15 0x80022ba0
core   0: 0x80008598 (0x016c87a3) sb      s6, 15(s9)
core   0: 3 0x80008598 (0x016c87a3) mem 0x800132a6 0x0
core   0: 0x8000859c (0x038cce83) lbu     t4, 56(s9)
core   0: 3 0x8000859c (0x038cce83) x29 0x00000000 mem 0x800132cf
core   0: 0x800085a0 (0x07678d83) lb      s11, 118(a5)
core   0: 3 0x800085a0 (0x07678d83) x27 0x00000000 mem 0x80022c16
core   0: 0x800085a4 (0x013c9003) lh      zero, 19(s9)
core   0: 3 0x800085a4 (0x013c9003) mem 0x800132aa
core   0: 0x800085a8 (0x07b78aa3) sb      s11, 117(a5)
core   0: 3 0x800085a8 (0x07b78aa3) mem 0x80022c15 0x0
core   0: 0x800085ac (0x0067a823) sw      t1, 16(a5)
core   0: 3 0x800085ac (0x0067a823) mem 0x80022bb0 0x00000000
core   0: 0x800085b0 (0xfdec8f23) sb      t5, -34(s9)
core   0: 3 0x800085b0 (0xfdec8f23) mem 0x80013275 0x0
core   0: 0x800085b4 (0xfdecca03) lbu     s4, -34(s9)
core   0: 3 0x800085b4 (0xfdecca03) x20 0x00000000 mem 0x80013275
core   0: 0x800085b8 (0x0357cb03) lbu     s6, 53(a5)
core   0: 3 0x800085b8 (0x0357cb03) x22 0x00000000 mem 0x80022bd5
core   0: 0x800085bc (0xff7c99a3) sh      s7, -13(s9)
core   0: 3 0x800085bc (0xff7c99a3) mem 0x8001328a 0x3cdc
core   0: 0x800085c0 (0xff4cce83) lbu     t4, -12(s9)
core   0: 3 0x800085c0 (0xff4cce83) x29 0x0000003c mem 0x8001328b
core   0: 0x800085c4 (0x002c8623) sb      sp, 12(s9)
core   0: 3 0x800085c4 (0x002c8623) mem 0x800132a3 0x0
core   0: 0x800085c8 (0xfc7c9803) lh      a6, -57(s9)
core   0: 3 0x800085c8 (0xfc7c9803) x16 0x00000000 mem 0x8001325e
core   0: 0x800085cc (0xfe4c8483) lb      s1, -28(s9)
core   0: 3 0x800085cc (0xfe4c8483) x 9 0x00000000 mem 0x8001327b
core   0: 0x800085d0 (0xf8a78683) lb      a3, -118(a5)
core   0: 3 0x800085d0 (0xf8a78683) x13 0x00000000 mem 0x80022b2a
core   0: 0x800085d4 (0x0000b197) auipc   gp, 0xb
core   0: 3 0x800085d4 (0x0000b197) x 3 0x800135d4
core   0: 0x800085d8 (0x7a318193) addi    gp, gp, 1955
core   0: 3 0x800085d8 (0x7a318193) x 3 0x80013d77
core   0: 0x800085dc (0xeb6e8613) addi    a2, t4, -330
core   0: 3 0x800085dc (0xeb6e8613) x12 0xfffffef2
core   0: 0x800085e0 (0xf5f194a3) sh      t6, -183(gp)
core   0: 3 0x800085e0 (0xf5f194a3) mem 0x80013cc0 0x03b9
core   0: 0x800085e4 (0x099188a3) sb      s9, 145(gp)
core   0: 3 0x800085e4 (0x099188a3) mem 0x80013e08 0x97
core   0: 0x800085e8 (0x00474eb3) xor     t4, a4, tp
core   0: 3 0x800085e8 (0x00474eb3) x29 0x80028e58
core   0: 0x800085ec (0x69a96a13) ori     s4, s2, 1690
core   0: 3 0x800085ec (0x69a96a13) x20 0x0000069a
core   0: 0x800085f0 (0x01342b33) slt     s6, s0, s3
core   0: 3 0x800085f0 (0x01342b33) x22 0x00000000
core   0: 0x800085f4 (0xfc918b03) lb      s6, -55(gp)
core   0: 3 0x800085f4 (0xfc918b03) x22 0x00000000 mem 0x80013d40
core   0: 0x800085f8 (0x0dd1c883) lbu     a7, 221(gp)
core   0: 3 0x800085f8 (0x0dd1c883) x17 0x00000000 mem 0x80013e54
core   0: 0x800085fc (0x06b1c783) lbu     a5, 107(gp)
core   0: 3 0x800085fc (0x06b1c783) x15 0x00000000 mem 0x80013de2
core   0: 0x80008600 (0xfd21c403) lbu     s0, -46(gp)
core   0: 3 0x80008600 (0xfd21c403) x 8 0x00000000 mem 0x80013d49
core   0: 0x80008604 (0x0196dd93) srli    s11, a3, 25
core   0: 3 0x80008604 (0x0196dd93) x27 0x00000000
core   0: 0x80008608 (0xf0418523) sb      tp, -246(gp)
core   0: 3 0x80008608 (0xf0418523) mem 0x80013c81 0x0
core   0: 0x8000860c (0x00008352) c.mv    t1, s4
core   0: 3 0x8000860c (0x8352) x 6 0x0000069a
core   0: 0x8000860e (0x0000109c) c.addi4spn a5, sp, 96
core   0: 3 0x8000860e (0x109c) x15 0x00000060
core   0: 0x80008610 (0x00008025) c.srli  s0, 9
core   0: 3 0x80008610 (0x8025) x 8 0x00000000
core   0: 0x80008612 (0x05c18a83) lb      s5, 92(gp)
core   0: 3 0x80008612 (0x05c18a83) x21 0x00000000 mem 0x80013dd3
core   0: 0x80008616 (0x00008e75) c.and   a2, a3
core   0: 3 0x80008616 (0x8e75) x12 0x00000000
core   0: 0x80008618 (0xf5218903) lb      s2, -174(gp)
core   0: 3 0x80008618 (0xf5218903) x18 0x00000000 mem 0x80013cc9
core   0: 0x8000861c (0x02818603) lb      a2, 40(gp)
core   0: 3 0x8000861c (0x02818603) x12 0x00000000 mem 0x80013d9f
core   0: 0x80008620 (0x0055eab3) or      s5, a1, t0
core   0: 3 0x80008620 (0x0055eab3) x21 0x8002cce4
core   0: 0x80008624 (0x00004851) c.li    a6, 20
core   0: 3 0x80008624 (0x4851) x16 0x00000014
core   0: 0x80008626 (0x00479233) sll     tp, a5, tp
core   0: 3 0x80008626 (0x00479233) x 4 0x00000060
core   0: 0x8000862a (0x09818523) sb      s8, 138(gp)
core   0: 3 0x8000862a (0x09818523) mem 0x80013e01 0x1
core   0: 0x8000862e (0x0ff0000f) fence   iorw,iorw
core   0: 3 0x8000862e (0x0ff0000f)
core   0: 0x80008632 (0x0811c103) lbu     sp, 129(gp)
core   0: 3 0x80008632 (0x0811c103) x 2 0x00000000 mem 0x80013df8
core   0: 0x80008636 (0x0000717d) c.addi16sp sp, -16
core   0: 3 0x80008636 (0x717d) x 2 0xfffffff0
core   0: 0x80008638 (0xfac187a3) sb      a2, -81(gp)
core   0: 3 0x80008638 (0xfac187a3) mem 0x80013d26 0x0
core   0: 0x8000863c (0x0021c883) lbu     a7, 2(gp)
core   0: 3 0x8000863c (0x0021c883) x17 0x00000000 mem 0x80013d79
core   0: 0x80008640 (0x026af0b3) remu    ra, s5, t1
core   0: 3 0x80008640 (0x026af0b3) x 1 0x00000674
core   0: 0x80008644 (0x05d19c83) lh      s9, 93(gp)
core   0: 3 0x80008644 (0x05d19c83) x25 0x00000000 mem 0x80013dd4
core   0: 0x80008648 (0xff219ba3) sh      s2, -9(gp)
core   0: 3 0x80008648 (0xff219ba3) mem 0x80013d6e 0x0000
core   0: 0x8000864c (0x40dd8833) sub     a6, s11, a3
core   0: 3 0x8000864c (0x40dd8833) x16 0x00000000
core   0: 0x80008650 (0x00008c45) c.or    s0, s1
core   0: 3 0x80008650 (0x8c45) x 8 0x00000000
core   0: 0x80008652 (0x00000001) c.nop
core   0: 3 0x80008652 (0x0001)
core   0: 0x80008654 (0x08819ca3) sh      s0, 153(gp)
core   0: 3 0x80008654 (0x08819ca3) mem 0x80013e10 0x0000
core   0: 0x80008658 (0x00000001) c.nop
core   0: 3 0x80008658 (0x0001)
core   0: 0x8000865a (0x000084c5) c.srai  s1, 17
core   0: 3 0x8000865a (0x84c5) x 9 0x00000000
core   0: 0x8000865c (0x00008cb9) c.xor   s1, a4
core   0: 3 0x8000865c (0x8cb9) x 9 0x80028e58
core   0: 0x8000865e (0x0d61c003) lbu     zero, 214(gp)
core   0: 3 0x8000865e (0x0d61c003) mem 0x80013e4d
core   0: 0x80008662 (0xf4519d03) lh      s10, -187(gp)
core   0: 3 0x80008662 (0xf4519d03) x26 0x00000000 mem 0x80013cbc
core   0: 0x80008666 (0x0d218e03) lb      t3, 210(gp)
core   0: 3 0x80008666 (0x0d218e03) x28 0x00000000 mem 0x80013e49
core   0: 0x8000866a (0x0000ba97) auipc   s5, 0xb
core   0: 3 0x8000866a (0x0000ba97) x21 0x8001366a
core   0: 0x8000866e (0xa85a8a93) addi    s5, s5, -1403
core   0: 3 0x8000866e (0xa85a8a93) x21 0x800130ef
core   0: 0x80008672 (0x715aad83) lw      s11, 1813(s5)
core   0: 3 0x80008672 (0x715aad83) x27 0x00000000 mem 0x80013804
core   0: 0x80008676 (0x673adc03) lhu     s8, 1651(s5)
core   0: 3 0x80008676 (0x673adc03) x24 0x00000000 mem 0x80013762
core   0: 0x8000867a (0x02ff5133) divu    sp, t5, a5
core   0: 3 0x8000867a (0x02ff5133) x 2 0x01555555
core   0: 0x8000867e (0x67fa89a3) sb      t6, 1651(s5)
core   0: 3 0x8000867e (0x67fa89a3) mem 0x80013762 0xb9
core   0: 0x80008682 (0x198a8403) lb      s0, 408(s5)
core   0: 3 0x80008682 (0x198a8403) x 8 0x00000000 mem 0x80013287
core   0: 0x80008686 (0x19ba8c23) sb      s11, 408(s5)
core   0: 3 0x80008686 (0x19ba8c23) mem 0x80013287 0x0
core   0: 0x8000868a (0x008e5b33) srl     s6, t3, s0
core   0: 3 0x8000868a (0x008e5b33) x22 0x00000000
core   0: 0x8000868e (0x031722b3) mulhsu  t0, a4, a7
core   0: 3 0x8000868e (0x031722b3) x 5 0x00000000
core   0: 0x80008692 (0x198a8e03) lb      t3, 408(s5)
core   0: 3 0x80008692 (0x198a8e03) x28 0x00000000 mem 0x80013287
core   0: 0x80008696 (0x198acf83) lbu     t6, 408(s5)
core   0: 3 0x80008696 (0x198acf83) x31 0x00000000 mem 0x80013287
core   0: 0x8000869a (0x005ee033) or      zero, t4, t0
core   0: 3 0x8000869a (0x005ee033)
core   0: 0x8000869e (0xfafad003) lhu     zero, -81(s5)
core   0: 3 0x8000869e (0xfafad003) mem 0x8001309e
core   0: 0x800086a2 (0x1635b493) sltiu   s1, a1, 355
core   0: 3 0x800086a2 (0x1635b493) x 9 0x00000000
core   0: 0x800086a6 (0x3d5a8c23) sb      s5, 984(s5)
core   0: 3 0x800086a6 (0x3d5a8c23) mem 0x800134c7 0xef
core   0: 0x800086aa (0x3d8acd03) lbu     s10, 984(s5)
core   0: 3 0x800086aa (0x3d8acd03) x26 0x000000ef mem 0x800134c7
core   0: 0x800086ae (0x2cfa8683) lb      a3, 719(s5)
core   0: 3 0x800086ae (0x2cfa8683) x13 0x00000000 mem 0x800133be
core   0: 0x800086b2 (0x12fa9ca3) sh      a5, 313(s5)
core   0: 3 0x800086b2 (0x12fa9ca3) mem 0x80013228 0x0060
core   0: 0x800086b6 (0x0000fa97) auipc   s5, 0xf
core   0: 3 0x800086b6 (0x0000fa97) x21 0x800176b6
core   0: 0x800086ba (0xea9a8a93) addi    s5, s5, -343
core   0: 3 0x800086ba (0xea9a8a93) x21 0x8001755f
core   0: 0x800086be (0x704ac483) lbu     s1, 1796(s5)
core   0: 3 0x800086be (0x704ac483) x 9 0x00000000 mem 0x80017c63
core   0: 0x800086c2 (0x71aa8223) sb      s10, 1796(s5)
core   0: 3 0x800086c2 (0x71aa8223) mem 0x80017c63 0xef
core   0: 0x800086c6 (0x704a8b83) lb      s7, 1796(s5)
core   0: 3 0x800086c6 (0x704a8b83) x23 0xffffffef mem 0x80017c63
core   0: 0x800086ca (0x711a8223) sb      a7, 1796(s5)
core   0: 3 0x800086ca (0x711a8223) mem 0x80017c63 0x0
core   0: 0x800086ce (0x704ace83) lbu     t4, 1796(s5)
core   0: 3 0x800086ce (0x704ace83) x29 0x00000000 mem 0x80017c63
core   0: 0x800086d2 (0x704a8b03) lb      s6, 1796(s5)
core   0: 3 0x800086d2 (0x704a8b03) x22 0x00000000 mem 0x80017c63
core   0: 0x800086d6 (0x704a8c03) lb      s8, 1796(s5)
core   0: 3 0x800086d6 (0x704a8c03) x24 0x00000000 mem 0x80017c63
core   0: 0x800086da (0x704a8e03) lb      t3, 1796(s5)
core   0: 3 0x800086da (0x704a8e03) x28 0x00000000 mem 0x80017c63
core   0: 0x800086de (0x704a8003) lb      zero, 1796(s5)
core   0: 3 0x800086de (0x704a8003) mem 0x80017c63
core   0: 0x800086e2 (0x70fa8223) sb      a5, 1796(s5)
core   0: 3 0x800086e2 (0x70fa8223) mem 0x80017c63 0x60
core   0: 0x800086e6 (0x01187133) and     sp, a6, a7
core   0: 3 0x800086e6 (0x01187133) x 2 0x00000000
core   0: 0x800086ea (0x704acf83) lbu     t6, 1796(s5)
core   0: 3 0x800086ea (0x704acf83) x31 0x00000060 mem 0x80017c63
core   0: 0x800086ee (0x704ac183) lbu     gp, 1796(s5)
core   0: 3 0x800086ee (0x704ac183) x 3 0x00000060 mem 0x80017c63
core   0: 0x800086f2 (0x704ac503) lbu     a0, 1796(s5)
core   0: 3 0x800086f2 (0x704ac503) x10 0x00000060 mem 0x80017c63
core   0: 0x800086f6 (0x0000b417) auipc   s0, 0xb
core   0: 3 0x800086f6 (0x0000b417) x 8 0x800136f6
core   0: 0x800086fa (0x40f40413) addi    s0, s0, 1039
core   0: 3 0x800086fa (0x40f40413) x 8 0x80013b05
core   0: 0x800086fe (0x00044c03) lbu     s8, 0(s0)
core   0: 3 0x800086fe (0x00044c03) x24 0x00000000 mem 0x80013b05
core   0: 0x80008702 (0x0000537d) c.li    t1, -1
core   0: 3 0x80008702 (0x537d) x 6 0xffffffff
core   0: 0x80008704 (0x03e38b33) mul     s6, t2, t5
core   0: 3 0x80008704 (0x03e38b33) x22 0x00000000
core   0: 0x80008708 (0x00844a03) lbu     s4, 8(s0)
core   0: 3 0x80008708 (0x00844a03) x20 0x00000000 mem 0x80013b0d
core   0: 0x8000870c (0x016fd793) srli    a5, t6, 22
core   0: 3 0x8000870c (0x016fd793) x15 0x00000000
core   0: 0x80008710 (0x00000001) c.nop
core   0: 3 0x80008710 (0x0001)
core   0: 0x80008712 (0x00008e9d) c.sub   a3, a5
core   0: 3 0x80008712 (0x8e9d) x13 0x00000000
core   0: 0x80008714 (0x00840323) sb      s0, 6(s0)
core   0: 3 0x80008714 (0x00840323) mem 0x80013b0b 0x5
core   0: 0x80008718 (0x000087b5) c.srai  a5, 13
core   0: 3 0x80008718 (0x87b5) x15 0x00000000
core   0: 0x8000871a (0x7423c013) xori    zero, t2, 1858
core   0: 3 0x8000871a (0x7423c013)
core   0: 0x8000871e (0x0000013a) c.slli  sp, 14
core   0: 3 0x8000871e (0x013a) x 2 0x00000000
core   0: 0x80008720 (0x00b45b03) lhu     s6, 11(s0)
core   0: 3 0x80008720 (0x00b45b03) x22 0x00000000 mem 0x80013b10
core   0: 0x80008724 (0x00f42783) lw      a5, 15(s0)
core   0: 3 0x80008724 (0x00f42783) x15 0x80010049 mem 0x80013b14
core   0: 0x80008728 (0x01f412a3) sh      t6, 5(s0)
core   0: 3 0x80008728 (0x01f412a3) mem 0x80013b0a 0x0060
core   0: 0x8000872c (0xff244083) lbu     ra, -14(s0)
core   0: 3 0x8000872c (0xff244083) x 1 0x00000000 mem 0x80013af7
core   0: 0x80008730 (0xe5af6893) ori     a7, t5, -422
core   0: 3 0x80008730 (0xe5af6893) x17 0xfffffe5a
core   0: 0x80008734 (0x41990833) sub     a6, s2, s9
core   0: 3 0x80008734 (0x41990833) x16 0x00000000
core   0: 0x80008738 (0x00008e55) c.or    a2, a3
core   0: 3 0x80008738 (0x8e55) x12 0x00000000
core   0: 0x8000873a (0xff344883) lbu     a7, -13(s0)
core   0: 3 0x8000873a (0xff344883) x17 0x00000000 mem 0x80013af8
core   0: 0x8000873e (0x0000100f) fence.i
core   0: 3 0x8000873e (0x0000100f)
core   0: 0x80008742 (0xffa40183) lb      gp, -6(s0)
core   0: 3 0x80008742 (0xffa40183) x 3 0x00000000 mem 0x80013aff
core   0: 0x80008746 (0x016bb9b3) sltu    s3, s7, s6
core   0: 3 0x80008746 (0x016bb9b3) x19 0x00000000
core   0: 0x8000874a (0x01b40123) sb      s11, 2(s0)
core   0: 3 0x8000874a (0x01b40123) mem 0x80013b07 0x0
core   0: 0x8000874e (0x00440083) lb      ra, 4(s0)
core   0: 3 0x8000874e (0x00440083) x 1 0x00000000 mem 0x80013b09
core   0: 0x80008752 (0x44ddf213) andi    tp, s11, 1101
core   0: 3 0x80008752 (0x44ddf213) x 4 0x00000000
core   0: 0x80008756 (0xffe40f23) sb      t5, -2(s0)
core   0: 3 0x80008756 (0xffe40f23) mem 0x80013b03 0x0
core   0: 0x8000875a (0x00008d39) c.xor   a0, a4
core   0: 3 0x8000875a (0x8d39) x10 0x80028e38
core   0: 0x8000875c (0xff840c83) lb      s9, -8(s0)
core   0: 3 0x8000875c (0xff840c83) x25 0x00000000 mem 0x80013afd
core   0: 0x80008760 (0x000004ea) c.slli  s1, 26
core   0: 3 0x80008760 (0x04ea) x 9 0x00000000
core   0: 0x80008762 (0xffe40783) lb      a5, -2(s0)
core   0: 3 0x80008762 (0xffe40783) x15 0x00000000 mem 0x80013b03
core   0: 0x80008766 (0x020ac7b3) div     a5, s5, zero
core   0: 3 0x80008766 (0x020ac7b3) x15 0xffffffff
core   0: 0x8000876a (0x00545483) lhu     s1, 5(s0)
core   0: 3 0x8000876a (0x00545483) x 9 0x00000060 mem 0x80013b0a
core   0: 0x8000876e (0x00c40803) lb      a6, 12(s0)
core   0: 3 0x8000876e (0x00c40803) x16 0x00000000 mem 0x80013b11
core   0: 0x80008772 (0x0ff0000f) fence   iorw,iorw
core   0: 3 0x80008772 (0x0ff0000f)
core   0: 0x80008776 (0x000004ce) c.slli  s1, 19
core   0: 3 0x80008776 (0x04ce) x 9 0x03000000
core   0: 0x80008778 (0x036411b3) mulh    gp, s0, s6
core   0: 3 0x80008778 (0x036411b3) x 3 0x00000000
core   0: 0x8000877c (0x00840d03) lb      s10, 8(s0)
core   0: 3 0x8000877c (0x00840d03) x26 0x00000000 mem 0x80013b0d
core   0: 0x80008780 (0x00c44283) lbu     t0, 12(s0)
core   0: 3 0x80008780 (0x00c44283) x 5 0x00000000 mem 0x80013b11
core   0: 0x80008784 (0x0001a917) auipc   s2, 0x1a
core   0: 3 0x80008784 (0x0001a917) x18 0x80022784
core   0: 0x80008788 (0xc2290913) addi    s2, s2, -990
core   0: 3 0x80008788 (0xc2290913) x18 0x800223a6
core   0: 0x8000878c (0xfff94603) lbu     a2, -1(s2)
core   0: 3 0x8000878c (0xfff94603) x12 0x00000000 mem 0x800223a5
core   0: 0x80008790 (0x00295283) lhu     t0, 2(s2)
core   0: 3 0x80008790 (0x00295283) x 5 0x00000000 mem 0x800223a8
core   0: 0x80008794 (0x00e90803) lb      a6, 14(s2)
core   0: 3 0x80008794 (0x00e90803) x16 0x00000000 mem 0x800223b4
core   0: 0x80008798 (0x00891983) lh      s3, 8(s2)
core   0: 3 0x80008798 (0x00891983) x19 0x00000000 mem 0x800223ae
core   0: 0x8000879c (0xff3908a3) sb      s3, -15(s2)
core   0: 3 0x8000879c (0xff3908a3) mem 0x80022397 0x0
core   0: 0x800087a0 (0xff194c03) lbu     s8, -15(s2)
core   0: 3 0x800087a0 (0xff194c03) x24 0x00000000 mem 0x80022397
core   0: 0x800087a4 (0x00a90003) lb      zero, 10(s2)
core   0: 3 0x800087a4 (0x00a90003) mem 0x800223b0
core   0: 0x800087a8 (0x004329b3) slt     s3, t1, tp
core   0: 3 0x800087a8 (0x004329b3) x19 0x00000001
core   0: 0x800087ac (0x01091523) sh      a6, 10(s2)
core   0: 3 0x800087ac (0x01091523) mem 0x800223b0 0x0000
core   0: 0x800087b0 (0x01290523) sb      s2, 10(s2)
core   0: 3 0x800087b0 (0x01290523) mem 0x800223b0 0xa6
core   0: 0x800087b4 (0x00194803) lbu     a6, 1(s2)
core   0: 3 0x800087b4 (0x00194803) x16 0x00000000 mem 0x800223a7
core   0: 0x800087b8 (0x00994283) lbu     t0, 9(s2)
core   0: 3 0x800087b8 (0x00994283) x 5 0x00000000 mem 0x800223af
core   0: 0x800087bc (0x000063e5) c.lui   t2, 0x19
core   0: 3 0x800087bc (0x63e5) x 7 0x00019000
core   0: 0x800087be (0x002902a3) sb      sp, 5(s2)
core   0: 3 0x800087be (0x002902a3) mem 0x800223ab 0x0
core   0: 0x800087c2 (0x00990723) sb      s1, 14(s2)
core   0: 3 0x800087c2 (0x00990723) mem 0x800223b4 0x0
core   0: 0x800087c6 (0xff190783) lb      a5, -15(s2)
core   0: 3 0x800087c6 (0xff190783) x15 0x00000000 mem 0x80022397
core   0: 0x800087ca (0xff091203) lh      tp, -16(s2)
core   0: 3 0x800087ca (0xff091203) x 4 0x00000000 mem 0x80022396
core   0: 0x800087ce (0x01490523) sb      s4, 10(s2)
core   0: 3 0x800087ce (0x01490523) mem 0x800223b0 0x0
core   0: 0x800087d2 (0xfe492923) sw      tp, -14(s2)
core   0: 3 0x800087d2 (0xfe492923) mem 0x80022398 0x00000000
core   0: 0x800087d6 (0xfe192b23) sw      ra, -10(s2)
core   0: 3 0x800087d6 (0xfe192b23) mem 0x8002239c 0x00000000
core   0: 0x800087da (0x0000b097) auipc   ra, 0xb
core   0: 3 0x800087da (0x0000b097) x 1 0x800137da
core   0: 0x800087de (0x41d08093) addi    ra, ra, 1053
core   0: 3 0x800087de (0x41d08093) x 1 0x80013bf7
core   0: 0x800087e2 (0x0000b617) auipc   a2, 0xb
core   0: 3 0x800087e2 (0x0000b617) x12 0x800137e2
core   0: 0x800087e6 (0x5bf60613) addi    a2, a2, 1471
core   0: 3 0x800087e6 (0x5bf60613) x12 0x80013da1
core   0: 0x800087ea (0x0000be97) auipc   t4, 0xb
core   0: 3 0x800087ea (0x0000be97) x29 0x800137ea
core   0: 0x800087ee (0x339e8e93) addi    t4, t4, 825
core   0: 3 0x800087ee (0x339e8e93) x29 0x80013b23
core   0: 0x800087f2 (0x0000b417) auipc   s0, 0xb
core   0: 3 0x800087f2 (0x0000b417) x 8 0x800137f2
core   0: 0x800087f6 (0xa1240413) addi    s0, s0, -1518
core   0: 3 0x800087f6 (0xa1240413) x 8 0x80013204
core   0: 0x800087fa (0xf4d606a3) sb      a3, -179(a2)
core   0: 3 0x800087fa (0xf4d606a3) mem 0x80013cee 0x0
core   0: 0x800087fe (0x5d540183) lb      gp, 1493(s0)
core   0: 3 0x800087fe (0x5d540183) x 3 0x00000000 mem 0x800137d9
core   0: 0x80008802 (0x012ece03) lbu     t3, 18(t4)
core   0: 3 0x80008802 (0x012ece03) x28 0x00000000 mem 0x80013b35
core   0: 0x80008806 (0x5e340923) sb      gp, 1522(s0)
core   0: 3 0x80008806 (0x5e340923) mem 0x800137f6 0x0
core   0: 0x8000880a (0xf5a602a3) sb      s10, -187(a2)
core   0: 3 0x8000880a (0xf5a602a3) mem 0x80013ce6 0x0
core   0: 0x8000880e (0x1d640da3) sb      s6, 475(s0)
core   0: 3 0x8000880e (0x1d640da3) mem 0x800133df 0x0
core   0: 0x80008812 (0x0000b297) auipc   t0, 0xb
core   0: 3 0x80008812 (0x0000b297) x 5 0x80013812
core   0: 0x80008816 (0x76528293) addi    t0, t0, 1893
core   0: 3 0x80008816 (0x76528293) x 5 0x80013f77
core   0: 0x8000881a (0x14e40203) lb      tp, 334(s0)
core   0: 3 0x8000881a (0x14e40203) x 4 0x00000000 mem 0x80013352
core   0: 0x8000881e (0x000e8fa3) sb      zero, 31(t4)
core   0: 3 0x8000881e (0x000e8fa3) mem 0x80013b42 0x0
core   0: 0x80008822 (0x33d0de03) lhu     t3, 829(ra)
core   0: 3 0x80008822 (0x33d0de03) x28 0x00000000 mem 0x80013f34
core   0: 0x80008826 (0xfeae8383) lb      t2, -22(t4)
core   0: 3 0x80008826 (0xfeae8383) x 7 0x00000000 mem 0x80013b0d
core   0: 0x8000882a (0x2a10a4a3) sw      ra, 681(ra)
core   0: 3 0x8000882a (0x2a10a4a3) mem 0x80013ea0 0x80013bf7
core   0: 0x8000882e (0xad62c803) lbu     a6, -1322(t0)
core   0: 3 0x8000882e (0xad62c803) x16 0x00000000 mem 0x80013a4d
core   0: 0x80008832 (0xf0961903) lh      s2, -247(a2)
core   0: 3 0x80008832 (0xf0961903) x18 0x00000000 mem 0x80013caa
core   0: 0x80008836 (0xfd9607a3) sb      s9, -49(a2)
core   0: 3 0x80008836 (0xfd9607a3) mem 0x80013d70 0x0
core   0: 0x8000883a (0x9a909803) lh      a6, -1623(ra)
core   0: 3 0x8000883a (0x9a909803) x16 0x00000000 mem 0x800135a0
core   0: 0x8000883e (0x684407a3) sb      tp, 1679(s0)
core   0: 3 0x8000883e (0x684407a3) mem 0x80013893 0x0
core   0: 0x80008842 (0x7f141c23) sh      a7, 2040(s0)
core   0: 3 0x80008842 (0x7f141c23) mem 0x800139fc 0x0000
core   0: 0x80008846 (0x2e10a903) lw      s2, 737(ra)
core   0: 3 0x80008846 (0x2e10a903) x18 0x00000000 mem 0x80013ed8
core   0: 0x8000884a (0x66c40e23) sb      a2, 1660(s0)
core   0: 3 0x8000884a (0x66c40e23) mem 0x80013880 0xa1
core   0: 0x8000884e (0x006e8d83) lb      s11, 6(t4)
core   0: 3 0x8000884e (0x006e8d83) x27 0x00000000 mem 0x80013b29
core   0: 0x80008852 (0xd3329f83) lh      t6, -717(t0)
core   0: 3 0x80008852 (0xd3329f83) x31 0x00000000 mem 0x80013caa
core   0: 0x80008856 (0xffbec383) lbu     t2, -5(t4)
core   0: 3 0x80008856 (0xffbec383) x 7 0x00000000 mem 0x80013b1e
core   0: 0x8000885a (0xece2a4a3) sw      a4, -311(t0)
core   0: 3 0x8000885a (0xece2a4a3) mem 0x80013e40 0x80028e58
core   0: 0x8000885e (0xe2f2d183) lhu     gp, -465(t0)
core   0: 3 0x8000885e (0xe2f2d183) x 3 0x00000000 mem 0x80013da6
core   0: 0x80008862 (0xf3d64003) lbu     zero, -195(a2)
core   0: 3 0x80008862 (0xf3d64003) mem 0x80013cde
core   0: 0x80008866 (0x0e30a0a3) sw      gp, 225(ra)
core   0: 3 0x80008866 (0x0e30a0a3) mem 0x80013cd8 0x00000000
core   0: 0x8000886a (0x9bf09c83) lh      s9, -1601(ra)
core   0: 3 0x8000886a (0x9bf09c83) x25 0x00000000 mem 0x800135b6
core   0: 0x8000886e (0x02e45f83) lhu     t6, 46(s0)
core   0: 3 0x8000886e (0x02e45f83) x31 0x00000000 mem 0x80013232
core   0: 0x80008872 (0x2ee44903) lbu     s2, 750(s0)
core   0: 3 0x80008872 (0x2ee44903) x18 0x00000000 mem 0x800134f2
core   0: 0x80008876 (0xf2528d03) lb      s10, -219(t0)
core   0: 3 0x80008876 (0xf2528d03) x26 0x00000000 mem 0x80013e9c
core   0: 0x8000887a (0x0000ba17) auipc   s4, 0xb
core   0: 3 0x8000887a (0x0000ba17) x20 0x8001387a
core   0: 0x8000887e (0xba2a0a13) addi    s4, s4, -1118
core   0: 3 0x8000887e (0xba2a0a13) x20 0x8001341c
core   0: 0x80008882 (0xfdba4883) lbu     a7, -37(s4)
core   0: 3 0x80008882 (0xfdba4883) x17 0x00000000 mem 0x800133f7
core   0: 0x80008886 (0xfc1a0da3) sb      ra, -37(s4)
core   0: 3 0x80008886 (0xfc1a0da3) mem 0x800133f7 0xf7
core   0: 0x8000888a (0xfc2a0da3) sb      sp, -37(s4)
core   0: 3 0x8000888a (0xfc2a0da3) mem 0x800133f7 0x0
core   0: 0x8000888e (0xfdba4d83) lbu     s11, -37(s4)
core   0: 3 0x8000888e (0xfdba4d83) x27 0x00000000 mem 0x800133f7
core   0: 0x80008892 (0x019b5e33) srl     t3, s6, s9
core   0: 3 0x80008892 (0x019b5e33) x28 0x00000000
core   0: 0x80008896 (0xfdaa0da3) sb      s10, -37(s4)
core   0: 3 0x80008896 (0xfdaa0da3) mem 0x800133f7 0x0
core   0: 0x8000889a (0x0018c833) xor     a6, a7, ra
core   0: 3 0x8000889a (0x0018c833) x16 0x80013bf7
core   0: 0x8000889e (0x022a4883) lbu     a7, 34(s4)
core   0: 3 0x8000889e (0x022a4883) x17 0x000000e4 mem 0x8001343e
core   0: 0x800088a2 (0x022a1f83) lh      t6, 34(s4)
core   0: 3 0x800088a2 (0x022a1f83) x31 0xffffcce4 mem 0x8001343e
core   0: 0x800088a6 (0x028a0303) lb      t1, 40(s4)
core   0: 3 0x800088a6 (0x028a0303) x 6 0x00000000 mem 0x80013444
core   0: 0x800088aa (0xcc342513) slti    a0, s0, -829
core   0: 3 0x800088aa (0xcc342513) x10 0x00000001
core   0: 0x800088ae (0x028a2a83) lw      s5, 40(s4)
core   0: 3 0x800088ae (0x028a2a83) x21 0x00000000 mem 0x80013444
core   0: 0x800088b2 (0x02ea0423) sb      a4, 40(s4)
core   0: 3 0x800088b2 (0x02ea0423) mem 0x80013444 0x58
core   0: 0x800088b6 (0x03ea0423) sb      t5, 40(s4)
core   0: 3 0x800088b6 (0x03ea0423) mem 0x80013444 0x0
core   0: 0x800088ba (0x028a1303) lh      t1, 40(s4)
core   0: 3 0x800088ba (0x028a1303) x 6 0x00000000 mem 0x80013444
core   0: 0x800088be (0x0282f033) remu    zero, t0, s0
core   0: 3 0x800088be (0x0282f033)
core   0: 0x800088c2 (0x01da4203) lbu     tp, 29(s4)
core   0: 3 0x800088c2 (0x01da4203) x 4 0x00000000 mem 0x80013439
core   0: 0x800088c6 (0x0000b117) auipc   sp, 0xb
core   0: 3 0x800088c6 (0x0000b117) x 2 0x800138c6
core   0: 0x800088ca (0x87710113) addi    sp, sp, -1929
core   0: 3 0x800088ca (0x87710113) x 2 0x8001313d
core   0: 0x800088ce (0x01814403) lbu     s0, 24(sp)
core   0: 3 0x800088ce (0x01814403) x 8 0x00000001 mem 0x80013155
core   0: 0x800088d2 (0x01d10c23) sb      t4, 24(sp)
core   0: 3 0x800088d2 (0x01d10c23) mem 0x80013155 0x23
core   0: 0x800088d6 (0x01810d03) lb      s10, 24(sp)
core   0: 3 0x800088d6 (0x01810d03) x26 0x00000023 mem 0x80013155
core   0: 0x800088da (0x01110c23) sb      a7, 24(sp)
core   0: 3 0x800088da (0x01110c23) mem 0x80013155 0xe4
core   0: 0x800088de (0x01010c23) sb      a6, 24(sp)
core   0: 3 0x800088de (0x01010c23) mem 0x80013155 0xf7
core   0: 0x800088e2 (0x00010c23) sb      zero, 24(sp)
core   0: 3 0x800088e2 (0x00010c23) mem 0x80013155 0x0
core   0: 0x800088e6 (0xffb10823) sb      s11, -16(sp)
core   0: 3 0x800088e6 (0xffb10823) mem 0x8001312d 0x0
core   0: 0x800088ea (0xff014a83) lbu     s5, -16(sp)
core   0: 3 0x800088ea (0xff014a83) x21 0x00000000 mem 0x8001312d
core   0: 0x800088ee (0x036a6633) rem     a2, s4, s6
core   0: 3 0x800088ee (0x036a6633) x12 0x8001341c
core   0: 0x800088f2 (0xff014083) lbu     ra, -16(sp)
core   0: 3 0x800088f2 (0xff014083) x 1 0x00000000 mem 0x8001312d
core   0: 0x800088f6 (0xfeb11a83) lh      s5, -21(sp)
core   0: 3 0x800088f6 (0xfeb11a83) x21 0x00000000 mem 0x80013128
core   0: 0x800088fa (0x0000c497) auipc   s1, 0xc
core   0: 3 0x800088fa (0x0000c497) x 9 0x800148fa
core   0: 0x800088fe (0x1cb48493) addi    s1, s1, 459
core   0: 3 0x800088fe (0x1cb48493) x 9 0x80014ac5
core   0: 0x80008902 (0x4040d033) sra     zero, ra, tp
core   0: 3 0x80008902 (0x4040d033)
core   0: 0x80008906 (0x03360d33) mul     s10, a2, s3
core   0: 3 0x80008906 (0x03360d33) x26 0x8001341c
core   0: 0x8000890a (0x01798133) add     sp, s3, s7
core   0: 3 0x8000890a (0x01798133) x 2 0xfffffff0
core   0: 0x8000890e (0x0d548023) sb      s5, 192(s1)
core   0: 3 0x8000890e (0x0d548023) mem 0x80014b85 0x0
core   0: 0x80008912 (0x02ff70b3) remu    ra, t5, a5
core   0: 3 0x80008912 (0x02ff70b3) x 1 0x80000000
core   0: 0x80008916 (0xe8325217) auipc   tp, 0xe8325
core   0: 3 0x80008916 (0xe8325217) x 4 0x6832d916
core   0: 0x8000891a (0xf2e48b03) lb      s6, -210(s1)
core   0: 3 0x8000891a (0xf2e48b03) x22 0x00000000 mem 0x800149f3
core   0: 0x8000891e (0xf644cf83) lbu     t6, -156(s1)
core   0: 3 0x8000891e (0xf644cf83) x31 0x00000000 mem 0x80014a29
core   0: 0x80008922 (0x00008d35) c.xor   a0, a3
core   0: 3 0x80008922 (0x8d35) x10 0x00000001
core   0: 0x80008924 (0x0ff0000f) fence   iorw,iorw
core   0: 3 0x80008924 (0x0ff0000f)
core   0: 0x80008928 (0x4fbfcd93) xori    s11, t6, 1275
core   0: 3 0x80008928 (0x4fbfcd93) x27 0x000004fb
core   0: 0x8000892c (0xf5b48b23) sb      s11, -170(s1)
core   0: 3 0x8000892c (0xf5b48b23) mem 0x80014a1b 0xfb
core   0: 0x80008930 (0x406e0cb3) sub     s9, t3, t1
core   0: 3 0x80008930 (0x406e0cb3) x25 0x00000000
core   0: 0x80008934 (0x41fb5113) srai    sp, s6, 31
core   0: 3 0x80008934 (0x41fb5113) x 2 0x00000000
core   0: 0x80008938 (0x021150b3) divu    ra, sp, ra
core   0: 3 0x80008938 (0x021150b3) x 1 0x00000000
core   0: 0x8000893c (0x2e80c2b7) lui     t0, 0x2e80c
core   0: 3 0x8000893c (0x2e80c2b7) x 5 0x2e80c000
core   0: 0x80008940 (0x005853b3) srl     t2, a6, t0
core   0: 3 0x80008940 (0x005853b3) x 7 0x80013bf7
core   0: 0x80008944 (0x413a8e33) sub     t3, s5, s3
core   0: 3 0x80008944 (0x413a8e33) x28 0xffffffff
core   0: 0x80008948 (0xfc448783) lb      a5, -60(s1)
core   0: 3 0x80008948 (0xfc448783) x15 0x00000000 mem 0x80014a89
core   0: 0x8000894c (0x0398eab3) rem     s5, a7, s9
core   0: 3 0x8000894c (0x0398eab3) x21 0x000000e4
core   0: 0x80008950 (0x01d14eb3) xor     t4, sp, t4
core   0: 3 0x80008950 (0x01d14eb3) x29 0x80013b23
core   0: 0x80008954 (0x00bff9b3) and     s3, t6, a1
core   0: 3 0x80008954 (0x00bff9b3) x19 0x00000000
core   0: 0x80008958 (0x40a55933) sra     s2, a0, a0
core   0: 3 0x80008958 (0x40a55933) x18 0x00000000
core   0: 0x8000895c (0x02648a03) lb      s4, 38(s1)
core   0: 3 0x8000895c (0x02648a03) x20 0x00000000 mem 0x80014aeb
core   0: 0x80008960 (0x0324fc33) remu    s8, s1, s2
core   0: 3 0x80008960 (0x0324fc33) x24 0x80014ac5
core   0: 0x80008964 (0x00000001) c.nop
core   0: 3 0x80008964 (0x0001)
core   0: 0x80008966 (0x07a48ca3) sb      s10, 121(s1)
core   0: 3 0x80008966 (0x07a48ca3) mem 0x80014b3e 0x1c
core   0: 0x8000896a (0x034b5db3) divu    s11, s6, s4
core   0: 3 0x8000896a (0x034b5db3) x27 0xffffffff
core   0: 0x8000896e (0x0366a533) mulhsu  a0, a3, s6
core   0: 3 0x8000896e (0x0366a533) x10 0x00000000
core   0: 0x80008972 (0xf7648323) sb      s6, -154(s1)
core   0: 3 0x80008972 (0xf7648323) mem 0x80014a2b 0x0
core   0: 0x80008976 (0x01b15cb3) srl     s9, sp, s11
core   0: 3 0x80008976 (0x01b15cb3) x25 0x00000000
core   0: 0x8000897a (0x00da9c93) slli    s9, s5, 13
core   0: 3 0x8000897a (0x00da9c93) x25 0x001c8000
core   0: 0x8000897e (0x02fa8b33) mul     s6, s5, a5
core   0: 3 0x8000897e (0x02fa8b33) x22 0x00000000
core   0: 0x80008982 (0x09d4d103) lhu     sp, 157(s1)
core   0: 3 0x80008982 (0x09d4d103) x 2 0x00000000 mem 0x80014b62
core   0: 0x80008986 (0xfb549783) lh      a5, -75(s1)
core   0: 3 0x80008986 (0xfb549783) x15 0x00000000 mem 0x80014a7a
core   0: 0x8000898a (0x60c63c93) sltiu   s9, a2, 1548
core   0: 3 0x8000898a (0x60c63c93) x25 0x00000000
core   0: 0x8000898e (0xf584cc03) lbu     s8, -168(s1)
core   0: 3 0x8000898e (0xf584cc03) x24 0x00000000 mem 0x80014a1d
core   0: 0x80008992 (0x0000b117) auipc   sp, 0xb
core   0: 3 0x80008992 (0x0000b117) x 2 0x80013992
core   0: 0x80008996 (0x36a10113) addi    sp, sp, 874
core   0: 3 0x80008996 (0x36a10113) x 2 0x80013cfc
core   0: 0x8000899a (0x0f3107a3) sb      s3, 239(sp)
core   0: 3 0x8000899a (0x0f3107a3) mem 0x80013deb 0x0
core   0: 0x8000899e (0x0a1100a3) sb      ra, 161(sp)
core   0: 3 0x8000899e (0x0a1100a3) mem 0x80013d9d 0x0
core   0: 0x800089a2 (0x00008d5d) c.or    a0, a5
core   0: 3 0x800089a2 (0x8d5d) x10 0x00000000
core   0: 0x800089a4 (0xfe514803) lbu     a6, -27(sp)
core   0: 3 0x800089a4 (0xfe514803) x16 0x00000000 mem 0x80013ce1
core   0: 0x800089a8 (0x002ab7b3) sltu    a5, s5, sp
core   0: 3 0x800089a8 (0x002ab7b3) x15 0x00000001
core   0: 0x800089ac (0xfa211603) lh      a2, -94(sp)
core   0: 3 0x800089ac (0xfa211603) x12 0x00000000 mem 0x80013c9e
core   0: 0x800089b0 (0x00008519) c.srai  a0, 6
core   0: 3 0x800089b0 (0x8519) x10 0x00000000
core   0: 0x800089b2 (0x0c714803) lbu     a6, 199(sp)
core   0: 3 0x800089b2 (0x0c714803) x16 0x00000000 mem 0x80013dc3
core   0: 0x800089b6 (0xfa814983) lbu     s3, -88(sp)
core   0: 3 0x800089b6 (0xfa814983) x19 0x00000000 mem 0x80013ca4
core   0: 0x800089ba (0x00000001) c.nop
core   0: 3 0x800089ba (0x0001)
core   0: 0x800089bc (0x0a815883) lhu     a7, 168(sp)
core   0: 3 0x800089bc (0x0a815883) x17 0x00000000 mem 0x80013da4
core   0: 0x800089c0 (0x0bd14183) lbu     gp, 189(sp)
core   0: 3 0x800089c0 (0x0bd14183) x 3 0x00000000 mem 0x80013db9
core   0: 0x800089c4 (0x07e14c83) lbu     s9, 126(sp)
core   0: 3 0x800089c4 (0x07e14c83) x25 0x00000000 mem 0x80013d7a
core   0: 0x800089c8 (0x00000eb2) c.slli  t4, 12
core   0: 3 0x800089c8 (0x0eb2) x29 0x13b23000
core   0: 0x800089ca (0xfe015f83) lhu     t6, -32(sp)
core   0: 3 0x800089ca (0xfe015f83) x31 0x00000000 mem 0x80013cdc
core   0: 0x800089ce (0x0db10a03) lb      s4, 219(sp)
core   0: 3 0x800089ce (0x0db10a03) x20 0x00000000 mem 0x80013dd7
core   0: 0x800089d2 (0x05010523) sb      a6, 74(sp)
core   0: 3 0x800089d2 (0x05010523) mem 0x80013d46 0x0
core   0: 0x800089d6 (0x7f20e813) ori     a6, ra, 2034
core   0: 3 0x800089d6 (0x7f20e813) x16 0x000007f2
core   0: 0x800089da (0xfd615783) lhu     a5, -42(sp)
core   0: 3 0x800089da (0xfd615783) x15 0x000000e4 mem 0x80013cd2
core   0: 0x800089de (0xf4214383) lbu     t2, -190(sp)
core   0: 3 0x800089de (0xf4214383) x 7 0x00000000 mem 0x80013c3e
core   0: 0x800089e2 (0xf07a3c13) sltiu   s8, s4, -249
core   0: 3 0x800089e2 (0xf07a3c13) x24 0x00000001
core   0: 0x800089e6 (0x01610f83) lb      t6, 22(sp)
core   0: 3 0x800089e6 (0x01610f83) x31 0x00000000 mem 0x80013d12
core   0: 0x800089ea (0xf4710fa3) sb      t2, -161(sp)
core   0: 3 0x800089ea (0xf4710fa3) mem 0x80013c5b 0x0
core   0: 0x800089ee (0xf9215d83) lhu     s11, -110(sp)
core   0: 3 0x800089ee (0xf9215d83) x27 0x00000000 mem 0x80013c8e
core   0: 0x800089f2 (0xfec11d23) sh      a2, -6(sp)
core   0: 3 0x800089f2 (0xfec11d23) mem 0x80013cf6 0x0000
core   0: 0x800089f6 (0x0f811b83) lh      s7, 248(sp)
core   0: 3 0x800089f6 (0x0f811b83) x23 0x00000000 mem 0x80013df4
core   0: 0x800089fa (0x01fb0c93) addi    s9, s6, 31
core   0: 3 0x800089fa (0x01fb0c93) x25 0x0000001f
core   0: 0x800089fe (0xf5910d03) lb      s10, -167(sp)
core   0: 3 0x800089fe (0xf5910d03) x26 0x00000000 mem 0x80013c55
core   0: 0x80008a02 (0x0000d61e) c.swsp  t2, 44(sp)
core   0: 3 0x80008a02 (0xd61e) mem 0x80013d28 0x00000000
core   0: 0x80008a04 (0xf3d14983) lbu     s3, -195(sp)
core   0: 3 0x80008a04 (0xf3d14983) x19 0x00000000 mem 0x80013c39
core   0: 0x80008a08 (0xf70101a3) sb      a6, -157(sp)
core   0: 3 0x80008a08 (0xf70101a3) mem 0x80013c5f 0xf2
core   0: 0x80008a0c (0x0b710003) lb      zero, 183(sp)
core   0: 3 0x80008a0c (0x0b710003) mem 0x80013db3
core   0: 0x80008a10 (0x00008095) c.srli  s1, 5
core   0: 3 0x80008a10 (0x8095) x 9 0x04000a56
core   0: 0x80008a12 (0x0c910aa3) sb      s1, 213(sp)
core   0: 3 0x80008a12 (0x0c910aa3) mem 0x80013dd1 0x56
core   0: 0x80008a16 (0x03ef0a33) mul     s4, t5, t5
core   0: 3 0x80008a16 (0x03ef0a33) x20 0x00000000
core   0: 0x80008a1a (0xfb7100a3) sb      s7, -95(sp)
core   0: 3 0x80008a1a (0xfb7100a3) mem 0x80013c9d 0x0
core   0: 0x80008a1e (0x00008685) c.srai  a3, 1
core   0: 3 0x80008a1e (0x8685) x13 0x00000000
core   0: 0x80008a20 (0xff811183) lh      gp, -8(sp)
core   0: 3 0x80008a20 (0xff811183) x 3 0x00000000 mem 0x80013cf4
core   0: 0x80008a24 (0x00f25d33) srl     s10, tp, a5
core   0: 3 0x80008a24 (0x00f25d33) x26 0x06832d91
core   0: 0x80008a28 (0x01e11603) lh      a2, 30(sp)
core   0: 3 0x80008a28 (0x01e11603) x12 0x00000000 mem 0x80013d1a
core   0: 0x80008a2c (0x00008c8d) c.sub   s1, a1
core   0: 3 0x80008a2c (0x8c8d) x 9 0x83fd3d72
core   0: 0x80008a2e (0xf4a10e83) lb      t4, -182(sp)
core   0: 3 0x80008a2e (0xf4a10e83) x29 0x00000000 mem 0x80013c46
core   0: 0x80008a32 (0x0001ac97) auipc   s9, 0x1a
core   0: 3 0x80008a32 (0x0001ac97) x25 0x80022a32
core   0: 0x80008a36 (0x6aec8c93) addi    s9, s9, 1710
core   0: 3 0x80008a36 (0x6aec8c93) x25 0x800230e0
core   0: 0x80008a3a (0x00018f97) auipc   t6, 0x18
core   0: 3 0x80008a3a (0x00018f97) x31 0x80020a3a
core   0: 0x80008a3e (0xec8f8f93) addi    t6, t6, -312
core   0: 3 0x80008a3e (0xec8f8f93) x31 0x80020902
core   0: 0x80008a42 (0x00019b97) auipc   s7, 0x19
core   0: 3 0x80008a42 (0x00019b97) x23 0x80021a42
core   0: 0x80008a46 (0x2feb8b93) addi    s7, s7, 766
core   0: 3 0x80008a46 (0x2feb8b93) x23 0x80021d40
core   0: 0x80008a4a (0x16fbc883) lbu     a7, 367(s7)
core   0: 3 0x80008a4a (0x16fbc883) x17 0x00000000 mem 0x80021eaf
core   0: 0x80008a4e (0x0001b997) auipc   s3, 0x1b
core   0: 3 0x80008a4e (0x0001b997) x19 0x80023a4e
core   0: 0x80008a52 (0xf8f98993) addi    s3, s3, -113
core   0: 3 0x80008a52 (0xf8f98993) x19 0x800239dd
core   0: 0x80008a56 (0x004fd083) lhu     ra, 4(t6)
core   0: 3 0x80008a56 (0x004fd083) x 1 0x00000000 mem 0x80020906
core   0: 0x80008a5a (0xfd7cce83) lbu     t4, -41(s9)
core   0: 3 0x80008a5a (0xfd7cce83) x29 0x00000000 mem 0x800230b7
core   0: 0x80008a5e (0x0000d797) auipc   a5, 0xd
core   0: 3 0x80008a5e (0x0000d797) x15 0x80015a5e
core   0: 0x80008a62 (0xd1278793) addi    a5, a5, -750
core   0: 3 0x80008a62 (0xd1278793) x15 0x80015770
core   0: 0x80008a66 (0x019cc383) lbu     t2, 25(s9)
core   0: 3 0x80008a66 (0x019cc383) x 7 0x00000000 mem 0x800230f9
core   0: 0x80008a6a (0x86db8683) lb      a3, -1939(s7)
core   0: 3 0x80008a6a (0x86db8683) x13 0x00000000 mem 0x800215ad
core   0: 0x80008a6e (0xff3f8ca3) sb      s3, -7(t6)
core   0: 3 0x80008a6e (0xff3f8ca3) mem 0x800208fb 0xdd
core   0: 0x80008a72 (0xfcf98623) sb      a5, -52(s3)
core   0: 3 0x80008a72 (0xfcf98623) mem 0x800239a9 0x70
core   0: 0x80008a76 (0x031c8283) lb      t0, 49(s9)
core   0: 3 0x80008a76 (0x031c8283) x 5 0x00000000 mem 0x80023111
core   0: 0x80008a7a (0xfdd79023) sh      t4, -64(a5)
core   0: 3 0x80008a7a (0xfdd79023) mem 0x80015730 0x0000
core   0: 0x80008a7e (0x891bc883) lbu     a7, -1903(s7)
core   0: 3 0x80008a7e (0x891bc883) x17 0x00000000 mem 0x800215d1
core   0: 0x80008a82 (0xfed78383) lb      t2, -19(a5)
core   0: 3 0x80008a82 (0xfed78383) x 7 0x00000000 mem 0x8001575d
core   0: 0x80008a86 (0xfc178ca3) sb      ra, -39(a5)
core   0: 3 0x80008a86 (0xfc178ca3) mem 0x80015749 0x0
core   0: 0x80008a8a (0xf5d99d03) lh      s10, -163(s3)
core   0: 3 0x80008a8a (0xf5d99d03) x26 0x00000000 mem 0x8002393a
core   0: 0x80008a8e (0xff7f8ea3) sb      s7, -3(t6)
core   0: 3 0x80008a8e (0xff7f8ea3) mem 0x800208ff 0x40
core   0: 0x80008a92 (0xfce9c903) lbu     s2, -50(s3)
core   0: 3 0x80008a92 (0xfce9c903) x18 0x00000000 mem 0x800239ab
core   0: 0x80008a96 (0xfc77c603) lbu     a2, -57(a5)
core   0: 3 0x80008a96 (0xfc77c603) x12 0x00000000 mem 0x80015737
core   0: 0x80008a9a (0xab4bcd03) lbu     s10, -1356(s7)
core   0: 3 0x80008a9a (0xab4bcd03) x26 0x00000000 mem 0x800217f4
core   0: 0x80008a9e (0xf0198ea3) sb      ra, -227(s3)
core   0: 3 0x80008a9e (0xf0198ea3) mem 0x800238fa 0x0
core   0: 0x80008aa2 (0x02fccd83) lbu     s11, 47(s9)
core   0: 3 0x80008aa2 (0x02fccd83) x27 0x00000000 mem 0x8002310f
core   0: 0x80008aa6 (0x01e79b23) sh      t5, 22(a5)
core   0: 3 0x80008aa6 (0x01e79b23) mem 0x80015786 0x0000
core   0: 0x80008aaa (0x0247c503) lbu     a0, 36(a5)
core   0: 3 0x80008aaa (0x0247c503) x10 0x00000000 mem 0x80015794
core   0: 0x80008aae (0x985b9423) sh      t0, -1656(s7)
core   0: 3 0x80008aae (0x985b9423) mem 0x800216c8 0x0000
core   0: 0x80008ab2 (0x555b8b03) lb      s6, 1365(s7)
core   0: 3 0x80008ab2 (0x555b8b03) x22 0x00000000 mem 0x80022295
core   0: 0x80008ab6 (0x007fcb03) lbu     s6, 7(t6)
core   0: 3 0x80008ab6 (0x007fcb03) x22 0x00000000 mem 0x80020909
core   0: 0x80008aba (0x01f7c383) lbu     t2, 31(a5)
core   0: 3 0x80008aba (0x01f7c383) x 7 0x00000000 mem 0x8001578f
core   0: 0x80008abe (0xff5f8403) lb      s0, -11(t6)
core   0: 3 0x80008abe (0xff5f8403) x 8 0x00000000 mem 0x800208f7
core   0: 0x80008ac2 (0xfc6cdd83) lhu     s11, -58(s9)
core   0: 3 0x80008ac2 (0xfc6cdd83) x27 0x00000000 mem 0x800230a6
core   0: 0x80008ac6 (0xfc4b9e03) lh      t3, -60(s7)
core   0: 3 0x80008ac6 (0xfc4b9e03) x28 0x00000000 mem 0x80021d04
core   0: 0x80008aca (0xfebf9f23) sh      a1, -2(t6)
core   0: 3 0x80008aca (0xfebf9f23) mem 0x80020900 0xcce4
core   0: 0x80008ace (0xff0fcd83) lbu     s11, -16(t6)
core   0: 3 0x80008ace (0xff0fcd83) x27 0x00000000 mem 0x800208f2
core   0: 0x80008ad2 (0xfcfc81a3) sb      a5, -61(s9)
core   0: 3 0x80008ad2 (0xfcfc81a3) mem 0x800230a3 0x70
core   0: 0x80008ad6 (0xff0f8b23) sb      a6, -10(t6)
core   0: 3 0x80008ad6 (0xff0f8b23) mem 0x800208f8 0xf2
core   0: 0x80008ada (0xfdcc8ca3) sb      t3, -39(s9)
core   0: 3 0x80008ada (0xfdcc8ca3) mem 0x800230b9 0x0
core   0: 0x80008ade (0x03bc8103) lb      sp, 59(s9)
core   0: 3 0x80008ade (0x03bc8103) x 2 0x00000000 mem 0x8002311b
core   0: 0x80008ae2 (0xf63b8da3) sb      gp, -133(s7)
core   0: 3 0x80008ae2 (0xf63b8da3) mem 0x80021cbb 0x0
core   0: 0x80008ae6 (0xf5798903) lb      s2, -169(s3)
core   0: 3 0x80008ae6 (0xf5798903) x18 0x00000000 mem 0x80023934
core   0: 0x80008aea (0x0367c803) lbu     a6, 54(a5)
core   0: 3 0x80008aea (0x0367c803) x16 0x00000000 mem 0x800157a6
core   0: 0x80008aee (0x0001b097) auipc   ra, 0x1b
core   0: 3 0x80008aee (0x0001b097) x 1 0x80023aee
core   0: 0x80008af2 (0x2e208093) addi    ra, ra, 738
core   0: 3 0x80008af2 (0x2e208093) x 1 0x80023dd0
core   0: 0x80008af6 (0x00f914b3) sll     s1, s2, a5
core   0: 3 0x80008af6 (0x00f914b3) x 9 0x00000000
core   0: 0x80008afa (0x410b01b3) sub     gp, s6, a6
core   0: 3 0x80008afa (0x410b01b3) x 3 0x00000000
core   0: 0x80008afe (0x0ff0000f) fence   iorw,iorw
core   0: 3 0x80008afe (0x0ff0000f)
core   0: 0x80008b02 (0xff1080a3) sb      a7, -31(ra)
core   0: 3 0x80008b02 (0xff1080a3) mem 0x80023db1 0x0
core   0: 0x80008b06 (0x00005afd) c.li    s5, -1
core   0: 3 0x80008b06 (0x5afd) x21 0xffffffff
core   0: 0x80008b08 (0xfde0cd83) lbu     s11, -34(ra)
core   0: 3 0x80008b08 (0xfde0cd83) x27 0x00000000 mem 0x80023dae
core   0: 0x80008b0c (0xff00ce83) lbu     t4, -16(ra)
core   0: 3 0x80008b0c (0xff00ce83) x29 0x00000000 mem 0x80023dc0
core   0: 0x80008b10 (0x7ef65a37) lui     s4, 0x7ef65
core   0: 3 0x80008b10 (0x7ef65a37) x20 0x7ef65000
core   0: 0x80008b14 (0x03a0c103) lbu     sp, 58(ra)
core   0: 3 0x80008b14 (0x03a0c103) x 2 0x00000000 mem 0x80023e0a
core   0: 0x80008b18 (0x40fbd613) srai    a2, s7, 15
core   0: 3 0x80008b18 (0x40fbd613) x12 0xffff0004
core   0: 0x80008b1c (0x01d05113) srli    sp, zero, 29
core   0: 3 0x80008b1c (0x01d05113) x 2 0x00000000
core   0: 0x80008b20 (0x01b08ba3) sb      s11, 23(ra)
core   0: 3 0x80008b20 (0x01b08ba3) mem 0x80023de7 0x0
core   0: 0x80008b24 (0x018e9e33) sll     t3, t4, s8
core   0: 3 0x80008b24 (0x018e9e33) x28 0x00000000
core   0: 0x80008b28 (0x014de1b3) or      gp, s11, s4
core   0: 3 0x80008b28 (0x014de1b3) x 3 0x7ef65000
core   0: 0x80008b2c (0xcfc6ea13) ori     s4, a3, -772
core   0: 3 0x80008b2c (0xcfc6ea13) x20 0xfffffcfc
core   0: 0x80008b30 (0x00000a16) c.slli  s4, 5
core   0: 3 0x80008b30 (0x0a16) x20 0xffff9f80
core   0: 0x80008b32 (0x00005afd) c.li    s5, -1
core   0: 3 0x80008b32 (0x5afd) x21 0xffffffff
core   0: 0x80008b34 (0xf936fb93) andi    s7, a3, -109
core   0: 3 0x80008b34 (0xf936fb93) x23 0x00000000
core   0: 0x80008b38 (0x03d08b03) lb      s6, 61(ra)
core   0: 3 0x80008b38 (0x03d08b03) x22 0x00000000 mem 0x80023e0d
core   0: 0x80008b3c (0xfdb08003) lb      zero, -37(ra)
core   0: 3 0x80008b3c (0xfdb08003) mem 0x80023dab
core   0: 0x80008b40 (0xfe408803) lb      a6, -28(ra)
core   0: 3 0x80008b40 (0xfe408803) x16 0x00000000 mem 0x80023db4
core   0: 0x80008b44 (0x01a952b3) srl     t0, s2, s10
core   0: 3 0x80008b44 (0x01a952b3) x 5 0x00000000
core   0: 0x80008b48 (0x00645d13) srli    s10, s0, 6
core   0: 3 0x80008b48 (0x00645d13) x26 0x00000000
core   0: 0x80008b4c (0xfe80ce03) lbu     t3, -24(ra)
core   0: 3 0x80008b4c (0xfe80ce03) x28 0x00000000 mem 0x80023db8
core   0: 0x80008b50 (0x0130c803) lbu     a6, 19(ra)
core   0: 3 0x80008b50 (0x0130c803) x16 0x00000000 mem 0x80023de3
core   0: 0x80008b54 (0x41655f93) srai    t6, a0, 22
core   0: 3 0x80008b54 (0x41655f93) x31 0x00000000
core   0: 0x80008b58 (0x0100a223) sw      a6, 4(ra)
core   0: 3 0x80008b58 (0x0100a223) mem 0x80023dd4 0x00000000
core   0: 0x80008b5c (0xffd0c683) lbu     a3, -3(ra)
core   0: 3 0x80008b5c (0xffd0c683) x13 0x00000000 mem 0x80023dcd
core   0: 0x80008b60 (0xfd708783) lb      a5, -41(ra)
core   0: 3 0x80008b60 (0xfd708783) x15 0x00000000 mem 0x80023da7
core   0: 0x80008b64 (0x00709b23) sh      t2, 22(ra)
core   0: 3 0x80008b64 (0x00709b23) mem 0x80023de6 0x0000
core   0: 0x80008b68 (0x006cd133) srl     sp, s9, t1
core   0: 3 0x80008b68 (0x006cd133) x 2 0x800230e0
core   0: 0x80008b6c (0x00208e83) lb      t4, 2(ra)
core   0: 3 0x80008b6c (0x00208e83) x29 0x00000000 mem 0x80023dd2
core   0: 0x80008b70 (0x03508983) lb      s3, 53(ra)
core   0: 3 0x80008b70 (0x03508983) x19 0x00000000 mem 0x80023e05
core   0: 0x80008b74 (0x0000e117) auipc   sp, 0xe
core   0: 3 0x80008b74 (0x0000e117) x 2 0x80016b74
core   0: 0x80008b78 (0x55210113) addi    sp, sp, 1362
core   0: 3 0x80008b78 (0x55210113) x 2 0x800170c6
core   0: 0x80008b7c (0x00495013) srli    zero, s2, 4
core   0: 3 0x80008b7c (0x00495013)
core   0: 0x80008b80 (0x03146ab3) rem     s5, s0, a7
core   0: 3 0x80008b80 (0x03146ab3) x21 0x00000000
core   0: 0x80008b84 (0x0ac14003) lbu     zero, 172(sp)
core   0: 3 0x80008b84 (0x0ac14003) mem 0x80017172
core   0: 0x80008b88 (0x081106a3) sb      ra, 141(sp)
core   0: 3 0x80008b88 (0x081106a3) mem 0x80017153 0xd0
core   0: 0x80008b8c (0xf8d10a83) lb      s5, -115(sp)
core   0: 3 0x80008b8c (0xf8d10a83) x21 0x00000000 mem 0x80017053
core   0: 0x80008b90 (0x0000893a) c.mv    s2, a4
core   0: 3 0x80008b90 (0x893a) x18 0x80028e58
core   0: 0x80008b92 (0x04210003) lb      zero, 66(sp)
core   0: 3 0x80008b92 (0x04210003) mem 0x80017108
core   0: 0x80008b96 (0x036be533) rem     a0, s7, s6
core   0: 3 0x80008b96 (0x036be533) x10 0x00000000
core   0: 0x80008b9a (0xfa110423) sb      ra, -88(sp)
core   0: 3 0x80008b9a (0xfa110423) mem 0x8001706e 0xd0
core   0: 0x80008b9e (0xfe714e83) lbu     t4, -25(sp)
core   0: 3 0x80008b9e (0xfe714e83) x29 0x00000000 mem 0x800170ad
core   0: 0x80008ba2 (0xafc0c513) xori    a0, ra, -1284
core   0: 3 0x80008ba2 (0xafc0c513) x10 0x7ffdc72c
core   0: 0x80008ba6 (0x31ee2793) slti    a5, t3, 798
core   0: 3 0x80008ba6 (0x31ee2793) x15 0x00000001
core   0: 0x80008baa (0x000084b5) c.srai  s1, 13
core   0: 3 0x80008baa (0x84b5) x 9 0x00000000
core   0: 0x80008bac (0x00008111) c.srli  a0, 4
core   0: 3 0x80008bac (0x8111) x10 0x07ffdc72
core   0: 0x80008bae (0x01a95b93) srli    s7, s2, 26
core   0: 3 0x80008bae (0x01a95b93) x23 0x00000020
core   0: 0x80008bb2 (0x000091be) c.add   gp, a5
core   0: 3 0x80008bb2 (0x91be) x 3 0x7ef65001
core   0: 0x80008bb4 (0x03e32e33) mulhsu  t3, t1, t5
core   0: 3 0x80008bb4 (0x03e32e33) x28 0x00000000
core   0: 0x80008bb8 (0x00000001) c.nop
core   0: 3 0x80008bb8 (0x0001)
core   0: 0x80008bba (0x008d3933) sltu    s2, s10, s0
core   0: 3 0x80008bba (0x008d3933) x18 0x00000000
core   0: 0x80008bbe (0x013ccd33) xor     s10, s9, s3
core   0: 3 0x80008bbe (0x013ccd33) x26 0x800230e0
core   0: 0x80008bc2 (0x03bdf833) remu    a6, s11, s11
core   0: 3 0x80008bc2 (0x03bdf833) x16 0x00000000
core   0: 0x80008bc6 (0x0de11f23) sh      t5, 222(sp)
core   0: 3 0x80008bc6 (0x0de11f23) mem 0x800171a4 0x0000
core   0: 0x80008bca (0x0000100f) fence.i
core   0: 3 0x80008bca (0x0000100f)
core   0: 0x80008bce (0x08314283) lbu     t0, 131(sp)
core   0: 3 0x80008bce (0x08314283) x 5 0x00000000 mem 0x80017149
core   0: 0x80008bd2 (0x00001b7d) c.addi  s6, -1
core   0: 3 0x80008bd2 (0x1b7d) x22 0xffffffff
core   0: 0x80008bd4 (0x00008fd5) c.or    a5, a3
core   0: 3 0x80008bd4 (0x8fd5) x15 0x00000001
core   0: 0x80008bd6 (0x00008431) c.srai  s0, 12
core   0: 3 0x80008bd6 (0x8431) x 8 0x00000000
core   0: 0x80008bd8 (0x001722b3) slt     t0, a4, ra
core   0: 3 0x80008bd8 (0x001722b3) x 5 0x00000000
core   0: 0x80008bdc (0xfa9bc617) auipc   a2, 0xfa9bc
core   0: 3 0x80008bdc (0xfa9bc617) x12 0x7a9c4bdc
core   0: 0x80008be0 (0xfb212a83) lw      s5, -78(sp)
core   0: 3 0x80008be0 (0xfb212a83) x21 0x00000000 mem 0x80017078
core   0: 0x80008be4 (0x0c314a83) lbu     s5, 195(sp)
core   0: 3 0x80008be4 (0x0c314a83) x21 0x00000000 mem 0x80017189
core   0: 0x80008be8 (0xf6d14183) lbu     gp, -147(sp)
core   0: 3 0x80008be8 (0xf6d14183) x 3 0x00000000 mem 0x80017033
core   0: 0x80008bec (0x0aa12403) lw      s0, 170(sp)
core   0: 3 0x80008bec (0x0aa12403) x 8 0x00000000 mem 0x80017170
core   0: 0x80008bf0 (0x00000001) c.nop
core   0: 3 0x80008bf0 (0x0001)
core   0: 0x80008bf2 (0x068108a3) sb      s0, 113(sp)
core   0: 3 0x80008bf2 (0x068108a3) mem 0x80017137 0x0
core   0: 0x80008bf6 (0x00011a17) auipc   s4, 0x11
core   0: 3 0x80008bf6 (0x00011a17) x20 0x80019bf6
core   0: 0x80008bfa (0xbcda0a13) addi    s4, s4, -1075
core   0: 3 0x80008bfa (0xbcda0a13) x20 0x800197c3
core   0: 0x80008bfe (0x00008ee9) c.and   a3, a0
core   0: 3 0x80008bfe (0x8ee9) x13 0x00000000
core   0: 0x80008c00 (0x03a23bb3) mulhu   s7, tp, s10
core   0: 3 0x80008c00 (0x03a23bb3) x23 0x341a50d5
core   0: 0x80008c04 (0x08ea4b03) lbu     s6, 142(s4)
core   0: 3 0x80008c04 (0x08ea4b03) x22 0x00000000 mem 0x80019851
core   0: 0x80008c08 (0x08ea0183) lb      gp, 142(s4)
core   0: 3 0x80008c08 (0x08ea0183) x 3 0x00000000 mem 0x80019851
core   0: 0x80008c0c (0x000087c1) c.srai  a5, 16
core   0: 3 0x80008c0c (0x87c1) x15 0x00000000
core   0: 0x80008c0e (0x00000001) c.nop
core   0: 3 0x80008c0e (0x0001)
core   0: 0x80008c10 (0x08ea0723) sb      a4, 142(s4)
core   0: 3 0x80008c10 (0x08ea0723) mem 0x80019851 0x58
core   0: 0x80008c14 (0x08ea4183) lbu     gp, 142(s4)
core   0: 3 0x80008c14 (0x08ea4183) x 3 0x00000058 mem 0x80019851
core   0: 0x80008c18 (0x09fa0723) sb      t6, 142(s4)
core   0: 3 0x80008c18 (0x09fa0723) mem 0x80019851 0x0
core   0: 0x80008c1c (0x0fda1b03) lh      s6, 253(s4)
core   0: 3 0x80008c1c (0x0fda1b03) x22 0x00000000 mem 0x800198c0
core   0: 0x80008c20 (0x0c2a4903) lbu     s2, 194(s4)
core   0: 3 0x80008c20 (0x0c2a4903) x18 0x00000000 mem 0x80019885
core   0: 0x80008c24 (0xfffa4d83) lbu     s11, -1(s4)
core   0: 3 0x80008c24 (0xfffa4d83) x27 0x00000000 mem 0x800197c2
core   0: 0x80008c28 (0x0ff0000f) fence   iorw,iorw
core   0: 3 0x80008c28 (0x0ff0000f)
core   0: 0x80008c2c (0x00000780) c.addi4spn s0, sp, 960
core   0: 3 0x80008c2c (0x0780) x 8 0x80017486
core   0: 0x80008c2e (0x000051fd) c.li    gp, -1
core   0: 3 0x80008c2e (0x51fd) x 3 0xffffffff
core   0: 0x80008c30 (0x005a5b03) lhu     s6, 5(s4)
core   0: 3 0x80008c30 (0x005a5b03) x22 0x00000000 mem 0x800197c8
core   0: 0x80008c34 (0x02ea0423) sb      a4, 40(s4)
core   0: 3 0x80008c34 (0x02ea0423) mem 0x800197eb 0x58
core   0: 0x80008c38 (0x028a0003) lb      zero, 40(s4)
core   0: 3 0x80008c38 (0x028a0003) mem 0x800197eb
core   0: 0x80008c3c (0xf0da5203) lhu     tp, -243(s4)
core   0: 3 0x80008c3c (0xf0da5203) x 4 0x00000000 mem 0x800196d0
core   0: 0x80008c40 (0xfc0a0323) sb      zero, -58(s4)
core   0: 3 0x80008c40 (0xfc0a0323) mem 0x80019789 0x0
core   0: 0x80008c44 (0xfd8a0323) sb      s8, -58(s4)
core   0: 3 0x80008c44 (0xfd8a0323) mem 0x80019789 0x1
core   0: 0x80008c48 (0xfc6a0783) lb      a5, -58(s4)
core   0: 3 0x80008c48 (0xfc6a0783) x15 0x00000001 mem 0x80019789
core   0: 0x80008c4c (0x0000a117) auipc   sp, 0xa
core   0: 3 0x80008c4c (0x0000a117) x 2 0x80012c4c
core   0: 0x80008c50 (0x4bd10113) addi    sp, sp, 1213
core   0: 3 0x80008c50 (0x4bd10113) x 2 0x80013109
core   0: 0x80008c54 (0x03810783) lb      a5, 56(sp)
core   0: 3 0x80008c54 (0x03810783) x15 0x00000000 mem 0x80013141
core   0: 0x80008c58 (0x03814283) lbu     t0, 56(sp)
core   0: 3 0x80008c58 (0x03814283) x 5 0x00000000 mem 0x80013141
core   0: 0x80008c5c (0x03814d83) lbu     s11, 56(sp)
core   0: 3 0x80008c5c (0x03814d83) x27 0x00000000 mem 0x80013141
core   0: 0x80008c60 (0x00009eee) c.add   t4, s11
core   0: 3 0x80008c60 (0x9eee) x29 0x00000000
core   0: 0x80008c62 (0xfe810123) sb      s0, -30(sp)
core   0: 3 0x80008c62 (0xfe810123) mem 0x800130eb 0x86
core   0: 0x80008c66 (0xfe214603) lbu     a2, -30(sp)
core   0: 3 0x80008c66 (0xfe214603) x12 0x00000086 mem 0x800130eb
core   0: 0x80008c6a (0xfe710123) sb      t2, -30(sp)
core   0: 3 0x80008c6a (0xfe710123) mem 0x800130eb 0x0
core   0: 0x80008c6e (0xfe210803) lb      a6, -30(sp)
core   0: 3 0x80008c6e (0xfe210803) x16 0x00000000 mem 0x800130eb
core   0: 0x80008c72 (0x00008d55) c.or    a0, a3
core   0: 3 0x80008c72 (0x8d55) x10 0x07ffdc72
core   0: 0x80008c74 (0xfe214b03) lbu     s6, -30(sp)
core   0: 3 0x80008c74 (0xfe214b03) x22 0x00000000 mem 0x800130eb
core   0: 0x80008c78 (0xfe210123) sb      sp, -30(sp)
core   0: 3 0x80008c78 (0xfe210123) mem 0x800130eb 0x9
core   0: 0x80008c7c (0x00000001) c.nop
core   0: 3 0x80008c7c (0x0001)
core   0: 0x80008c7e (0x012c99b3) sll     s3, s9, s2
core   0: 3 0x80008c7e (0x012c99b3) x19 0x800230e0
core   0: 0x80008c82 (0xfe214d83) lbu     s11, -30(sp)
core   0: 3 0x80008c82 (0xfe214d83) x27 0x00000009 mem 0x800130eb
core   0: 0x80008c86 (0xfff10123) sb      t6, -30(sp)
core   0: 3 0x80008c86 (0xfff10123) mem 0x800130eb 0x0
core   0: 0x80008c8a (0x00000ff2) c.slli  t6, 28
core   0: 3 0x80008c8a (0x0ff2) x31 0x00000000
core   0: 0x80008c8c (0xfe210483) lb      s1, -30(sp)
core   0: 3 0x80008c8c (0xfe210483) x 9 0x00000000 mem 0x800130eb
core   0: 0x80008c90 (0x80e33213) sltiu   tp, t1, -2034
core   0: 3 0x80008c90 (0x80e33213) x 4 0x00000001
core   0: 0x80008c94 (0x00008cb5) c.xor   s1, a3
core   0: 3 0x80008c94 (0x8cb5) x 9 0x00000000
core   0: 0x80008c96 (0x03c14903) lbu     s2, 60(sp)
core   0: 3 0x80008c96 (0x03c14903) x18 0x000000e4 mem 0x80013145
core   0: 0x80008c9a (0x02610e23) sb      t1, 60(sp)
core   0: 3 0x80008c9a (0x02610e23) mem 0x80013145 0x0
core   0: 0x80008c9e (0xfc910283) lb      t0, -55(sp)
core   0: 3 0x80008c9e (0xfc910283) x 5 0x00000000 mem 0x800130d2
core   0: 0x80008ca2 (0xffe110a3) sh      t5, -31(sp)
core   0: 3 0x80008ca2 (0xffe110a3) mem 0x800130ea 0x0000
core   0: 0x80008ca6 (0x0000be97) auipc   t4, 0xb
core   0: 3 0x80008ca6 (0x0000be97) x29 0x80013ca6
core   0: 0x80008caa (0xa99e8e93) addi    t4, t4, -1383
core   0: 3 0x80008caa (0xa99e8e93) x29 0x8001373f
core   0: 0x80008cae (0x65eec003) lbu     zero, 1630(t4)
core   0: 3 0x80008cae (0x65eec003) mem 0x80013d9d
core   0: 0x80008cb2 (0x0000ea97) auipc   s5, 0xe
core   0: 3 0x80008cb2 (0x0000ea97) x21 0x80016cb2
core   0: 0x80008cb6 (0xc5ca8a93) addi    s5, s5, -932
core   0: 3 0x80008cb6 (0xc5ca8a93) x21 0x8001690e
core   0: 0x80008cba (0xe1fe8823) sb      t6, -496(t4)
core   0: 3 0x80008cba (0xe1fe8823) mem 0x8001354f 0x0
core   0: 0x80008cbe (0x30ce90a3) sh      a2, 769(t4)
core   0: 3 0x80008cbe (0x30ce90a3) mem 0x80013a40 0x0086
core   0: 0x80008cc2 (0x200e8483) lb      s1, 512(t4)
core   0: 3 0x80008cc2 (0x200e8483) x 9 0x00000000 mem 0x8001393f
core   0: 0x80008cc6 (0xff2aab83) lw      s7, -14(s5)
core   0: 3 0x80008cc6 (0xff2aab83) x23 0x00000000 mem 0x80016900
core   0: 0x80008cca (0xe41e97a3) sh      ra, -433(t4)
core   0: 3 0x80008cca (0xe41e97a3) mem 0x8001358e 0x3dd0
core   0: 0x80008cce (0xfd7a9223) sh      s7, -60(s5)
core   0: 3 0x80008cce (0xfd7a9223) mem 0x800168d2 0x0000
core   0: 0x80008cd2 (0x014a87a3) sb      s4, 15(s5)
core   0: 3 0x80008cd2 (0x014a87a3) mem 0x8001691d 0xc3
core   0: 0x80008cd6 (0x740e8023) sb      zero, 1856(t4)
core   0: 3 0x80008cd6 (0x740e8023) mem 0x80013e7f 0x0
core   0: 0x80008cda (0x023ac083) lbu     ra, 35(s5)
core   0: 3 0x80008cda (0x023ac083) x 1 0x00000000 mem 0x80016931
core   0: 0x80008cde (0x040adf83) lhu     t6, 64(s5)
core   0: 3 0x80008cde (0x040adf83) x31 0x00000000 mem 0x8001694e
core   0: 0x80008ce2 (0x27aecd03) lbu     s10, 634(t4)
core   0: 3 0x80008ce2 (0x27aecd03) x26 0x00000000 mem 0x800139b9
core   0: 0x80008ce6 (0x649e8a03) lb      s4, 1609(t4)
core   0: 3 0x80008ce6 (0x649e8a03) x20 0x00000000 mem 0x80013d88
core   0: 0x80008cea (0xfe7a87a3) sb      t2, -17(s5)
core   0: 3 0x80008cea (0xfe7a87a3) mem 0x800168fd 0x0
core   0: 0x80008cee (0xdd8e8b83) lb      s7, -552(t4)
core   0: 3 0x80008cee (0xdd8e8b83) x23 0x00000000 mem 0x80013517
core   0: 0x80008cf2 (0x0efed203) lhu     tp, 239(t4)
core   0: 3 0x80008cf2 (0x0efed203) x 4 0x00000000 mem 0x8001382e
core   0: 0x80008cf6 (0x040a9683) lh      a3, 64(s5)
core   0: 3 0x80008cf6 (0x040a9683) x13 0x00000000 mem 0x8001694e
core   0: 0x80008cfa (0x00010517) auipc   a0, 0x10
core   0: 3 0x80008cfa (0x00010517) x10 0x80018cfa
core   0: 0x80008cfe (0xd9150513) addi    a0, a0, -623
core   0: 3 0x80008cfe (0xd9150513) x10 0x80018a8b
core   0: 0x80008d02 (0x01954783) lbu     a5, 25(a0)
core   0: 3 0x80008d02 (0x01954783) x15 0x00000000 mem 0x80018aa4
core   0: 0x80008d06 (0x0000881d) c.andi  s0, 7
core   0: 3 0x80008d06 (0x881d) x 8 0x00000006
core   0: 0x80008d08 (0x01c50ca3) sb      t3, 25(a0)
core   0: 3 0x80008d08 (0x01c50ca3) mem 0x80018aa4 0x0
core   0: 0x80008d0c (0x87033d13) sltiu   s10, t1, -1936
core   0: 3 0x80008d0c (0x87033d13) x26 0x00000001
core   0: 0x80008d10 (0x01750a23) sb      s7, 20(a0)
core   0: 3 0x80008d10 (0x01750a23) mem 0x80018a9f 0x0
core   0: 0x80008d14 (0x03a50523) sb      s10, 42(a0)
core   0: 3 0x80008d14 (0x03a50523) mem 0x80018ab5 0x1
core   0: 0x80008d18 (0x02a50783) lb      a5, 42(a0)
core   0: 3 0x80008d18 (0x02a50783) x15 0x00000001 mem 0x80018ab5
core   0: 0x80008d1c (0x03350523) sb      s3, 42(a0)
core   0: 3 0x80008d1c (0x03350523) mem 0x80018ab5 0xe0
core   0: 0x80008d20 (0x03c50523) sb      t3, 42(a0)
core   0: 3 0x80008d20 (0x03c50523) mem 0x80018ab5 0x0
core   0: 0x80008d24 (0x02a54083) lbu     ra, 42(a0)
core   0: 3 0x80008d24 (0x02a54083) x 1 0x00000000 mem 0x80018ab5
core   0: 0x80008d28 (0x02a50a83) lb      s5, 42(a0)
core   0: 3 0x80008d28 (0x02a50a83) x21 0x00000000 mem 0x80018ab5
core   0: 0x80008d2c (0x03e50523) sb      t5, 42(a0)
core   0: 3 0x80008d2c (0x03e50523) mem 0x80018ab5 0x0
core   0: 0x80008d30 (0x03d50523) sb      t4, 42(a0)
core   0: 3 0x80008d30 (0x03d50523) mem 0x80018ab5 0x3f
core   0: 0x80008d34 (0x0000100f) fence.i
core   0: 3 0x80008d34 (0x0000100f)
core   0: 0x80008d38 (0x02a50e03) lb      t3, 42(a0)
core   0: 3 0x80008d38 (0x02a50e03) x28 0x0000003f mem 0x80018ab5
core   0: 0x80008d3c (0x01054483) lbu     s1, 16(a0)
core   0: 3 0x80008d3c (0x01054483) x 9 0x00000000 mem 0x80018a9b
core   0: 0x80008d40 (0x01050883) lb      a7, 16(a0)
core   0: 3 0x80008d40 (0x01050883) x17 0x00000000 mem 0x80018a9b
core   0: 0x80008d44 (0xb5369797) auipc   a5, 0xb5369
core   0: 3 0x80008d44 (0xb5369797) x15 0x35371d44
core   0: 0x80008d48 (0x0ff0000f) fence   iorw,iorw
core   0: 3 0x80008d48 (0x0ff0000f)
core   0: 0x80008d4c (0x01050603) lb      a2, 16(a0)
core   0: 3 0x80008d4c (0x01050603) x12 0x00000000 mem 0x80018a9b
core   0: 0x80008d50 (0x0000b117) auipc   sp, 0xb
core   0: 3 0x80008d50 (0x0000b117) x 2 0x80013d50
core   0: 0x80008d54 (0xc9a10113) addi    sp, sp, -870
core   0: 3 0x80008d54 (0xc9a10113) x 2 0x800139ea
core   0: 0x80008d58 (0x03314e03) lbu     t3, 51(sp)
core   0: 3 0x80008d58 (0x03314e03) x28 0x00000000 mem 0x80013a1d
core   0: 0x80008d5c (0xffc15183) lhu     gp, -4(sp)
core   0: 3 0x80008d5c (0xffc15183) x 3 0x00000000 mem 0x800139e6
core   0: 0x80008d60 (0x029108a3) sb      s1, 49(sp)
core   0: 3 0x80008d60 (0x029108a3) mem 0x80013a1b 0x0
core   0: 0x80008d64 (0x00000001) c.nop
core   0: 3 0x80008d64 (0x0001)
core   0: 0x80008d66 (0x61770537) lui     a0, 0x61770
core   0: 3 0x80008d66 (0x61770537) x10 0x61770000
core   0: 0x80008d6a (0x00510303) lb      t1, 5(sp)
core   0: 3 0x80008d6a (0x00510303) x 6 0x00000000 mem 0x800139ef
core   0: 0x80008d6e (0x024bbc33) mulhu   s8, s7, tp
core   0: 3 0x80008d6e (0x024bbc33) x24 0x00000000
core   0: 0x80008d72 (0x0ff0000f) fence   iorw,iorw
core   0: 3 0x80008d72 (0x0ff0000f)
core   0: 0x80008d76 (0xfdc12523) sw      t3, -54(sp)
core   0: 3 0x80008d76 (0xfdc12523) mem 0x800139b4 0x00000000
core   0: 0x80008d7a (0x00008fe5) c.and   a5, s1
core   0: 3 0x80008d7a (0x8fe5) x15 0x00000000
core   0: 0x80008d7c (0xfdc14a03) lbu     s4, -36(sp)
core   0: 3 0x80008d7c (0xfdc14a03) x20 0x00000000 mem 0x800139c6
core   0: 0x80008d80 (0x00f3b1b3) sltu    gp, t2, a5
core   0: 3 0x80008d80 (0x00f3b1b3) x 3 0x00000000
core   0: 0x80008d84 (0xfdc11603) lh      a2, -36(sp)
core   0: 3 0x80008d84 (0xfdc11603) x12 0xffffdf00 mem 0x800139c6
core   0: 0x80008d88 (0x000003f2) c.slli  t2, 28
core   0: 3 0x80008d88 (0x03f2) x 7 0x00000000
core   0: 0x80008d8a (0x00415483) lhu     s1, 4(sp)
core   0: 3 0x80008d8a (0x00415483) x 9 0x00000000 mem 0x800139ee
core   0: 0x80008d8e (0x02d14003) lbu     zero, 45(sp)
core   0: 3 0x80008d8e (0x02d14003) mem 0x80013a17
core   0: 0x80008d92 (0xfcc11283) lh      t0, -52(sp)
core   0: 3 0x80008d92 (0xfcc11283) x 5 0x00000000 mem 0x800139b6
core   0: 0x80008d96 (0x03310323) sb      s3, 38(sp)
core   0: 3 0x80008d96 (0x03310323) mem 0x80013a10 0xe0
core   0: 0x80008d9a (0x02612903) lw      s2, 38(sp)
core   0: 3 0x80008d9a (0x02612903) x18 0x000000e0 mem 0x80013a10
core   0: 0x80008d9e (0x0000c031) c.beqz  s0, pc + 68
core   0: 3 0x80008d9e (0xc031)
core   0: 0x80008da0 (0x00077093) andi    ra, a4, 0
core   0: 3 0x80008da0 (0x00077093) x 1 0x00000000
core   0: 0x80008da4 (0x03436833) rem     a6, t1, s4
core   0: 3 0x80008da4 (0x03436833) x16 0x00000000
core   0: 0x80008da8 (0xfd591797) auipc   a5, 0xfd591
core   0: 3 0x80008da8 (0xfd591797) x15 0x7d599da8
core   0: 0x80008dac (0xb474cb13) xori    s6, s1, -1209
core   0: 3 0x80008dac (0xb474cb13) x22 0xfffffb47
core   0: 0x80008db0 (0x00000001) c.nop
core   0: 3 0x80008db0 (0x0001)
core   0: 0x80008db2 (0x02776863) bltu    a4, t2, pc + 48
core   0: 3 0x80008db2 (0x02776863)
core   0: 0x80008db6 (0x00fd1a63) bne     s10, a5, pc + 20
core   0: 3 0x80008db6 (0x00fd1a63)
core   0: 0x80008dca (0x002f9613) slli    a2, t6, 2
core   0: 3 0x80008dca (0x002f9613) x12 0x00000000
core   0: 0x80008dce (0x00008eed) c.and   a3, a1
core   0: 3 0x80008dce (0x8eed) x13 0x00000000
core   0: 0x80008dd0 (0x00df3fb3) sltu    t6, t5, a3
core   0: 3 0x80008dd0 (0x00df3fb3) x31 0x00000000
core   0: 0x80008dd4 (0x245c6113) ori     sp, s8, 581
core   0: 3 0x80008dd4 (0x245c6113) x 2 0x00000245
core   0: 0x80008dd8 (0x0000100f) fence.i
core   0: 3 0x80008dd8 (0x0000100f)
core   0: 0x80008ddc (0x00b21363) bne     tp, a1, pc + 6
core   0: 3 0x80008ddc (0x00b21363)
core   0: 0x80008de2 (0x025be533) rem     a0, s7, t0
core   0: 3 0x80008de2 (0x025be533) x10 0x00000000
core   0: 0x80008de6 (0x00878033) add     zero, a5, s0
core   0: 3 0x80008de6 (0x00878033)
core   0: 0x80008dea (0x0000717d) c.addi16sp sp, -16
core   0: 3 0x80008dea (0x717d) x 2 0x00000235
core   0: 0x80008dec (0x0ff0000f) fence   iorw,iorw
core   0: 3 0x80008dec (0x0ff0000f)
core   0: 0x80008df0 (0x032d4263) blt     s10, s2, pc + 36
core   0: 3 0x80008df0 (0x032d4263)
core   0: 0x80008e14 (0x0ff0000f) fence   iorw,iorw
core   0: 3 0x80008e14 (0x0ff0000f)
core   0: 0x80008e18 (0x01b83233) sltu    tp, a6, s11
core   0: 3 0x80008e18 (0x01b83233) x 4 0x00000001
core   0: 0x80008e1c (0x022c7333) remu    t1, s8, sp
core   0: 3 0x80008e1c (0x022c7333) x 6 0x00000000
core   0: 0x80008e20 (0x14bbc413) xori    s0, s7, 331
core   0: 3 0x80008e20 (0x14bbc413) x 8 0x0000014b
core   0: 0x80008e24 (0x028fec33) rem     s8, t6, s0
core   0: 3 0x80008e24 (0x028fec33) x24 0x00000000
core   0: 0x80008e28 (0x410d54b3) sra     s1, s10, a6
core   0: 3 0x80008e28 (0x410d54b3) x 9 0x00000001
core   0: 0x80008e2c (0x00507ab3) and     s5, zero, t0
core   0: 3 0x80008e2c (0x00507ab3) x21 0x00000000
core   0: 0x80008e30 (0x0000100f) fence.i
core   0: 3 0x80008e30 (0x0000100f)
core   0: 0x80008e34 (0x0000852e) c.mv    a0, a1
core   0: 3 0x80008e34 (0x852e) x10 0x8002cce4
core   0: 0x80008e36 (0x00009d62) c.add   s10, s8
core   0: 3 0x80008e36 (0x9d62) x26 0x00000001
core   0: 0x80008e38 (0x11fc6017) auipc   zero, 0x11fc6
core   0: 3 0x80008e38 (0x11fc6017)
core   0: 0x80008e3c (0x033f4663) blt     t5, s3, pc + 44
core   0: 3 0x80008e3c (0x033f4663)
core   0: 0x80008e68 (0x00008cd1) c.or    s1, a2
core   0: 3 0x80008e68 (0x8cd1) x 9 0x00000001
core   0: 0x80008e6a (0x632b7a93) andi    s5, s6, 1586
core   0: 3 0x80008e6a (0x632b7a93) x21 0x00000202
core   0: 0x80008e6e (0x00000001) c.nop
core   0: 3 0x80008e6e (0x0001)
core   0: 0x80008e70 (0x00009d7a) c.add   s10, t5
core   0: 3 0x80008e70 (0x9d7a) x26 0x80000001
core   0: 0x80008e72 (0x026b7633) remu    a2, s6, t1
core   0: 3 0x80008e72 (0x026b7633) x12 0xfffffb47
core   0: 0x80008e76 (0x03b0c833) div     a6, ra, s11
core   0: 3 0x80008e76 (0x03b0c833) x16 0x00000000
core   0: 0x80008e7a (0x00008fe6) c.mv    t6, s9
core   0: 3 0x80008e7a (0x8fe6) x31 0x800230e0
core   0: 0x80008e7c (0x00009cee) c.add   s9, s11
core   0: 3 0x80008e7c (0x9cee) x25 0x800230e9
core   0: 0x80008e7e (0x0000100f) fence.i
core   0: 3 0x80008e7e (0x0000100f)
core   0: 0x80008e82 (0x035c4c33) div     s8, s8, s5
core   0: 3 0x80008e82 (0x035c4c33) x24 0x00000000
core   0: 0x80008e86 (0x00008005) c.srli  s0, 1
core   0: 3 0x80008e86 (0x8005) x 8 0x000000a5
core   0: 0x80008e88 (0x000061b9) c.lui   gp, 0xe
core   0: 3 0x80008e88 (0x61b9) x 3 0x0000e000
core   0: 0x80008e8a (0x01f9df63) bge     s3, t6, pc + 30
core   0: 3 0x80008e8a (0x01f9df63)
core   0: 0x80008ea8 (0x03afdf63) bge     t6, s10, pc + 62
core   0: 3 0x80008ea8 (0x03afdf63)
core   0: 0x80008ee6 (0x00000f9c) c.addi4spn a5, sp, 976
core   0: 3 0x80008ee6 (0x0f9c) x15 0x00000605
core   0: 0x80008ee8 (0x00008d21) c.xor   a0, s0
core   0: 3 0x80008ee8 (0x8d21) x10 0x8002cc41
core   0: 0x80008eea (0x02c15133) divu    sp, sp, a2
core   0: 3 0x80008eea (0x02c15133) x 2 0x00000000
core   0: 0x80008eee (0x00008fd5) c.or    a5, a3
core   0: 3 0x80008eee (0x8fd5) x15 0x00000605
core   0: 0x80008ef0 (0x94472c13) slti    s8, a4, -1724
core   0: 3 0x80008ef0 (0x94472c13) x24 0x00000001
core   0: 0x80008ef4 (0x0000100f) fence.i
core   0: 3 0x80008ef4 (0x0000100f)
core   0: 0x80008ef8 (0x00000001) c.nop
core   0: 3 0x80008ef8 (0x0001)
core   0: 0x80008efa (0x00008206) c.mv    tp, ra
core   0: 3 0x80008efa (0x8206) x 4 0x00000000
core   0: 0x80008efc (0x024c8d63) beq     s9, tp, pc + 58
core   0: 3 0x80008efc (0x024c8d63)
core   0: 0x80008f00 (0x0000eb8d) c.bnez  a5, pc + 50
core   0: 3 0x80008f00 (0xeb8d)
core   0: 0x80008f32 (0x002b52b3) srl     t0, s6, sp
core   0: 3 0x80008f32 (0x002b52b3) x 5 0xfffffb47
core   0: 0x80008f36 (0x00000001) c.nop
core   0: 3 0x80008f36 (0x0001)
core   0: 0x80008f38 (0x00008edd) c.or    a3, a5
core   0: 3 0x80008f38 (0x8edd) x13 0x00000605
core   0: 0x80008f3a (0xba7dad93) slti    s11, s11, -1113
core   0: 3 0x80008f3a (0xba7dad93) x27 0x00000000
core   0: 0x80008f3e (0x035d7d33) remu    s10, s10, s5
core   0: 3 0x80008f3e (0x035d7d33) x26 0x00000183
core   0: 0x80008f42 (0x00fe8563) beq     t4, a5, pc + 10
core   0: 3 0x80008f42 (0x00fe8563)
core   0: 0x80008f46 (0x00006a21) c.lui   s4, 0x8
core   0: 3 0x80008f46 (0x6a21) x20 0x00008000
core   0: 0x80008f48 (0x00f46bb3) or      s7, s0, a5
core   0: 3 0x80008f48 (0x00f46bb3) x23 0x000006a5
core   0: 0x80008f4c (0x00000d5a) c.slli  s10, 22
core   0: 3 0x80008f4c (0x0d5a) x26 0x60c00000
core   0: 0x80008f4e (0x01a67a63) bgeu    a2, s10, pc + 20
core   0: 3 0x80008f4e (0x01a67a63)
core   0: 0x80008f62 (0x00009962) c.add   s2, s8
core   0: 3 0x80008f62 (0x9962) x18 0x000000e1
core   0: 0x80008f64 (0x00008fad) c.xor   a5, a1
core   0: 3 0x80008f64 (0x8fad) x15 0x8002cae1
core   0: 0x80008f66 (0x00008821) c.andi  s0, 8
core   0: 3 0x80008f66 (0x8821) x 8 0x00000000
core   0: 0x80008f68 (0x00008659) c.srai  a2, 22
core   0: 3 0x80008f68 (0x8659) x12 0xffffffff
core   0: 0x80008f6a (0x0000100f) fence.i
core   0: 3 0x80008f6a (0x0000100f)
core   0: 0x80008f6e (0x0293bb33) mulhu   s6, t2, s1
core   0: 3 0x80008f6e (0x0293bb33) x22 0x00000000
core   0: 0x80008f72 (0x417a0033) sub     zero, s4, s7
core   0: 3 0x80008f72 (0x417a0033)
core   0: 0x80008f76 (0x00009312) c.add   t1, tp
core   0: 3 0x80008f76 (0x9312) x 6 0x00000000
core   0: 0x80008f78 (0x0820c413) xori    s0, ra, 130
core   0: 3 0x80008f78 (0x0820c413) x 8 0x00000082
core   0: 0x80008f7c (0x0000587d) c.li    a6, -1
core   0: 3 0x80008f7c (0x587d) x16 0xffffffff
core   0: 0x80008f7e (0x00001090) c.addi4spn a2, sp, 96
core   0: 3 0x80008f7e (0x1090) x12 0x00000060
core   0: 0x80008f80 (0xbfb3f613) andi    a2, t2, -1029
core   0: 3 0x80008f80 (0xbfb3f613) x12 0x00000000
core   0: 0x80008f84 (0x0ff0000f) fence   iorw,iorw
core   0: 3 0x80008f84 (0x0ff0000f)
core   0: 0x80008f88 (0x0fcde463) bltu    s11, t3, pc + 232
core   0: 3 0x80008f88 (0x0fcde463)
core   0: 0x80008f8c (0x01381613) slli    a2, a6, 19
core   0: 3 0x80008f8c (0x01381613) x12 0xfff80000
core   0: 0x80008f90 (0x00008a96) c.mv    s5, t0
core   0: 3 0x80008f90 (0x8a96) x21 0xfffffb47
core   0: 0x80008f92 (0x000082d1) c.srli  a3, 20
core   0: 3 0x80008f92 (0x82d1) x13 0x00000000
core   0: 0x80008f94 (0x0000b117) auipc   sp, 0xb
core   0: 3 0x80008f94 (0x0000b117) x 2 0x80013f94
core   0: 0x80008f98 (0xe6a10113) addi    sp, sp, -406
core   0: 3 0x80008f98 (0xe6a10113) x 2 0x80013dfe
core   0: 0x80008f9c (0xff214783) lbu     a5, -14(sp)
core   0: 3 0x80008f9c (0xff214783) x15 0x00000000 mem 0x80013df0
core   0: 0x80008fa0 (0xff310f83) lb      t6, -13(sp)
core   0: 3 0x80008fa0 (0xff310f83) x31 0x00000000 mem 0x80013df1
core   0: 0x80008fa4 (0xdced2d93) slti    s11, s10, -562
core   0: 3 0x80008fa4 (0xdced2d93) x27 0x00000000
core   0: 0x80008fa8 (0x00006d6d) c.lui   s10, 0x1b
core   0: 3 0x80008fa8 (0x6d6d) x26 0x0001b000
core   0: 0x80008faa (0x002a8e33) add     t3, s5, sp
core   0: 3 0x80008faa (0x002a8e33) x28 0x80013945
core   0: 0x80008fae (0x00009bfd) c.andi  a5, -1
core   0: 3 0x80008fae (0x9bfd) x15 0x00000000
core   0: 0x80008fb0 (0xff411c83) lh      s9, -12(sp)
core   0: 3 0x80008fb0 (0xff411c83) x25 0x00000000 mem 0x80013df2
core   0: 0x80008fb4 (0xf97abe93) sltiu   t4, s5, -105
core   0: 3 0x80008fb4 (0xf97abe93) x29 0x00000001
core   0: 0x80008fb8 (0x00c10783) lb      a5, 12(sp)
core   0: 3 0x80008fb8 (0x00c10783) x15 0x00000000 mem 0x80013e0a
core   0: 0x80008fbc (0x00114b83) lbu     s7, 1(sp)
core   0: 3 0x80008fbc (0x00114b83) x23 0x00000000 mem 0x80013dff
core   0: 0x80008fc0 (0x00f14a03) lbu     s4, 15(sp)
core   0: 3 0x80008fc0 (0x00f14a03) x20 0x00000000 mem 0x80013e0d
core   0: 0x80008fc4 (0x00d14903) lbu     s2, 13(sp)
core   0: 3 0x80008fc4 (0x00d14903) x18 0x00000000 mem 0x80013e0b
core   0: 0x80008fc8 (0xfff10503) lb      a0, -1(sp)
core   0: 3 0x80008fc8 (0xfff10503) x10 0x00000000 mem 0x80013dfd
core   0: 0x80008fcc (0x28136513) ori     a0, t1, 641
core   0: 3 0x80008fcc (0x28136513) x10 0x00000281
core   0: 0x80008fd0 (0x00008c11) c.sub   s0, a2
core   0: 3 0x80008fd0 (0x8c11) x 8 0x00080082
core   0: 0x80008fd2 (0x0231f033) remu    zero, gp, gp
core   0: 3 0x80008fd2 (0x0231f033)
core   0: 0x80008fd6 (0x00008fc1) c.or    a5, s0
core   0: 3 0x80008fd6 (0x8fc1) x15 0x00080082
core   0: 0x80008fd8 (0x00a12523) sw      a0, 10(sp)
core   0: 3 0x80008fd8 (0x00a12523) mem 0x80013e08 0x00000281
core   0: 0x80008fdc (0x00008ce9) c.and   s1, a0
core   0: 3 0x80008fdc (0x8ce9) x 9 0x00000001
core   0: 0x80008fde (0x010decb3) or      s9, s11, a6
core   0: 3 0x80008fde (0x010decb3) x25 0xffffffff
core   0: 0x80008fe2 (0x01010403) lb      s0, 16(sp)
core   0: 3 0x80008fe2 (0x01010403) x 8 0x00000000 mem 0x80013e0e
core   0: 0x80008fe6 (0xff614183) lbu     gp, -10(sp)
core   0: 3 0x80008fe6 (0xff614183) x 3 0x00000000 mem 0x80013df4
core   0: 0x80008fea (0xca849317) auipc   t1, 0xca849
core   0: 3 0x80008fea (0xca849317) x 6 0x4a851fea
core   0: 0x80008fee (0x00114503) lbu     a0, 1(sp)
core   0: 3 0x80008fee (0x00114503) x10 0x00000000 mem 0x80013dff
core   0: 0x80008ff2 (0x033621b3) mulhsu  gp, a2, s3
core   0: 3 0x80008ff2 (0x033621b3) x 3 0xfffbffee
core   0: 0x80008ff6 (0xffa10da3) sb      s10, -5(sp)
core   0: 3 0x80008ff6 (0xffa10da3) mem 0x80013df9 0x0
core   0: 0x80008ffa (0x0000127d) c.addi  tp, -1
core   0: 3 0x80008ffa (0x127d) x 4 0xffffffff
core   0: 0x80008ffc (0x11b5b213) sltiu   tp, a1, 283
core   0: 3 0x80008ffc (0x11b5b213) x 4 0x00000000
core   0: 0x80009000 (0x003e6933) or      s2, t3, gp
core   0: 3 0x80009000 (0x003e6933) x18 0xfffbffef
core   0: 0x80009004 (0x00008c7d) c.and   s0, a5
core   0: 3 0x80009004 (0x8c7d) x 8 0x00000000
core   0: 0x80009006 (0xfff10a03) lb      s4, -1(sp)
core   0: 3 0x80009006 (0xfff10a03) x20 0x00000000 mem 0x80013dfd
core   0: 0x8000900a (0xea298413) addi    s0, s3, -350
core   0: 3 0x8000900a (0xea298413) x 8 0x80022f82
core   0: 0x8000900e (0xffb10383) lb      t2, -5(sp)
core   0: 3 0x8000900e (0xffb10383) x 7 0x00000000 mem 0x80013df9
core   0: 0x80009012 (0xffa15483) lhu     s1, -6(sp)
core   0: 3 0x80009012 (0xffa15483) x 9 0x00000000 mem 0x80013df8
core   0: 0x80009016 (0x00810303) lb      t1, 8(sp)
core   0: 3 0x80009016 (0x00810303) x 6 0x00000000 mem 0x80013e06
core   0: 0x8000901a (0x000102a3) sb      zero, 5(sp)
core   0: 3 0x8000901a (0x000102a3) mem 0x80013e03 0x0
core   0: 0x8000901e (0x00911623) sh      s1, 12(sp)
core   0: 3 0x8000901e (0x00911623) mem 0x80013e0a 0x0000
core   0: 0x80009022 (0x039e51b3) divu    gp, t3, s9
core   0: 3 0x80009022 (0x039e51b3) x 3 0x00000000
core   0: 0x80009026 (0x01010183) lb      gp, 16(sp)
core   0: 3 0x80009026 (0x01010183) x 3 0x00000000 mem 0x80013e0e
core   0: 0x8000902a (0xfef10da3) sb      a5, -5(sp)
core   0: 3 0x8000902a (0xfef10da3) mem 0x80013df9 0x82
core   0: 0x8000902e (0x02a39fb3) mulh    t6, t2, a0
core   0: 3 0x8000902e (0x02a39fb3) x31 0x00000000
core   0: 0x80009032 (0x635cb313) sltiu   t1, s9, 1589
core   0: 3 0x80009032 (0x635cb313) x 6 0x00000000
core   0: 0x80009036 (0xfe010fa3) sb      zero, -1(sp)
core   0: 3 0x80009036 (0xfe010fa3) mem 0x80013dfd 0x0
core   0: 0x8000903a (0xff314503) lbu     a0, -13(sp)
core   0: 3 0x8000903a (0xff314503) x10 0x00000000 mem 0x80013df1
core   0: 0x8000903e (0x0000100f) fence.i
core   0: 3 0x8000903e (0x0000100f)
core   0: 0x80009042 (0x00931e93) slli    t4, t1, 9
core   0: 3 0x80009042 (0x00931e93) x29 0x00000000
core   0: 0x80009046 (0xba133cb7) lui     s9, 0xba133
core   0: 3 0x80009046 (0xba133cb7) x25 0xba133000
core   0: 0x8000904a (0x00e104a3) sb      a4, 9(sp)
core   0: 3 0x8000904a (0x00e104a3) mem 0x80013e07 0x58
core   0: 0x8000904e (0x017a0233) add     tp, s4, s7
core   0: 3 0x8000904e (0x017a0233) x 4 0x00000000
core   0: 0x80009052 (0x00d10b03) lb      s6, 13(sp)
core   0: 3 0x80009052 (0x00d10b03) x22 0x00000000 mem 0x80013e0b
core   0: 0x80009056 (0x00008911) c.andi  a0, 4
core   0: 3 0x80009056 (0x8911) x10 0x00000000
core   0: 0x80009058 (0x00211193) slli    gp, sp, 2
core   0: 3 0x80009058 (0x00211193) x 3 0x0004f7f8
core   0: 0x8000905c (0x0ff0000f) fence   iorw,iorw
core   0: 3 0x8000905c (0x0ff0000f)
core   0: 0x80009060 (0x013104a3) sb      s3, 9(sp)
core   0: 3 0x80009060 (0x013104a3) mem 0x80013e07 0xe0
core   0: 0x80009064 (0x00008f89) c.sub   a5, a0
core   0: 3 0x80009064 (0x8f89) x15 0x00080082
core   0: 0x80009066 (0xff810e03) lb      t3, -8(sp)
core   0: 3 0x80009066 (0xff810e03) x28 0x0000004c mem 0x80013df6
core   0: 0x8000906a (0x87d4b313) sltiu   t1, s1, -1923
core   0: 3 0x8000906a (0x87d4b313) x 6 0x00000001
core   0: 0x8000906e (0x000063ad) c.lui   t2, 0xb
core   0: 3 0x8000906e (0x63ad) x 7 0x0000b000
core   0: 0x80009070 (0x01715db3) srl     s11, sp, s7
core   0: 3 0x80009070 (0x01715db3) x27 0x80013dfe
core   0: 0x80009074 (0x02041ab3) mulh    s5, s0, zero
core   0: 3 0x80009074 (0x02041ab3) x21 0x00000000
core   0: 0x80009078 (0x00008169) c.srli  a0, 26
core   0: 3 0x80009078 (0x8169) x10 0x00000000
core   0: 0x8000907a (0x00a04ab3) xor     s5, zero, a0
core   0: 3 0x8000907a (0x00a04ab3) x21 0x00000000
core   0: 0x8000907e (0x00009b96) c.add   s7, t0
core   0: 3 0x8000907e (0x9b96) x23 0xfffffb47
core   0: 0x80009080 (0x0000942a) c.add   s0, a0
core   0: 3 0x80009080 (0x942a) x 8 0x80022f82
core   0: 0x80009082 (0x03be0433) mul     s0, t3, s11
core   0: 3 0x80009082 (0x03be0433) x 8 0x005e6768
core   0: 0x80009086 (0x00006149) c.addi16sp sp, 144
core   0: 3 0x80009086 (0x6149) x 2 0x80013e8e
core   0: 0x80009088 (0x03296c63) bltu    s2, s2, pc + 56
core   0: 3 0x80009088 (0x03296c63)
core   0: 0x8000908c (0x00000a69) c.addi  s4, 26
core   0: 3 0x8000908c (0x0a69) x20 0x0000001a
core   0: 0x8000908e (0x7665a013) slti    zero, a1, 1894
core   0: 3 0x8000908e (0x7665a013)
core   0: 0x80009092 (0xf7994093) xori    ra, s2, -135
core   0: 3 0x80009092 (0xf7994093) x 1 0x00040096
core   0: 0x80009096 (0x4e880897) auipc   a7, 0x4e880
core   0: 3 0x80009096 (0x4e880897) x17 0xce889096
core   0: 0x8000909a (0x00009406) c.add   s0, ra
core   0: 3 0x8000909a (0x9406) x 8 0x006267fe
core   0: 0x8000909c (0x00006e61) c.lui   t3, 0x18
core   0: 3 0x8000909c (0x6e61) x28 0x00018000
core   0: 0x8000909e (0x000087a1) c.srai  a5, 8
core   0: 3 0x8000909e (0x87a1) x15 0x00000800
core   0: 0x800090a0 (0x02b2d633) divu    a2, t0, a1
core   0: 3 0x800090a0 (0x02b2d633) x12 0x00000001
core   0: 0x800090a4 (0x02dd57b3) divu    a5, s10, a3
core   0: 3 0x800090a4 (0x02dd57b3) x15 0xffffffff
core   0: 0x800090a8 (0x6c963313) sltiu   t1, a2, 1737
core   0: 3 0x800090a8 (0x6c963313) x 6 0x00000001
core   0: 0x800090ac (0x0166e263) bltu    a3, s6, pc + 4
core   0: 3 0x800090ac (0x0166e263)
core   0: 0x800090b0 (0x029934b3) mulhu   s1, s2, s1
core   0: 3 0x800090b0 (0x029934b3) x 9 0x00000000
core   0: 0x800090b4 (0x0145d393) srli    t2, a1, 20
core   0: 3 0x800090b4 (0x0145d393) x 7 0x00000800
core   0: 0x800090b8 (0x02efb433) mulhu   s0, t6, a4
core   0: 3 0x800090b8 (0x02efb433) x 8 0x00000000
core   0: 0x800090bc (0xf337ca13) xori    s4, a5, -205
core   0: 3 0x800090bc (0xf337ca13) x20 0x000000cc
core   0: 0x800090c0 (0x0000717d) c.addi16sp sp, -16
core   0: 3 0x800090c0 (0x717d) x 2 0x80013e7e
core   0: 0x800090c2 (0xd1267793) andi    a5, a2, -750
core   0: 3 0x800090c2 (0xd1267793) x15 0x00000000
core   0: 0x800090c6 (0x0000c901) c.beqz  a0, pc + 16
core   0: 3 0x800090c6 (0xc901)
core   0: 0x800090d6 (0x002640b3) xor     ra, a2, sp
core   0: 3 0x800090d6 (0x002640b3) x 1 0x80013e7f
core   0: 0x800090da (0x0000616d) c.addi16sp sp, 240
core   0: 3 0x800090da (0x616d) x 2 0x80013f6e
core   0: 0x800090dc (0x03c1e633) rem     a2, gp, t3
core   0: 3 0x800090dc (0x03c1e633) x12 0x000077f8
core   0: 0x800090e0 (0x000086b5) c.srai  a3, 13
core   0: 3 0x800090e0 (0x86b5) x13 0x00000000
core   0: 0x800090e2 (0x00005cfd) c.li    s9, -1
core   0: 3 0x800090e2 (0x5cfd) x25 0xffffffff
core   0: 0x800090e4 (0x007a01b3) add     gp, s4, t2
core   0: 3 0x800090e4 (0x007a01b3) x 3 0x000008cc
core   0: 0x800090e8 (0x02ebe333) rem     t1, s7, a4
core   0: 3 0x800090e8 (0x02ebe333) x 6 0xfffffb47
core   0: 0x800090ec (0x023e8db3) mul     s11, t4, gp
core   0: 3 0x800090ec (0x023e8db3) x27 0x00000000
core   0: 0x800090f0 (0x02bbabb3) mulhsu  s7, s7, a1
core   0: 3 0x800090f0 (0x02bbabb3) x23 0xfffffda3
core   0: 0x800090f4 (0xae053313) sltiu   t1, a0, -1312
core   0: 3 0x800090f4 (0xae053313) x 6 0x00000001
core   0: 0x800090f8 (0x020de8b3) rem     a7, s11, zero
core   0: 3 0x800090f8 (0x020de8b3) x17 0x00000000
core   0: 0x800090fc (0x016776b3) and     a3, a4, s6
core   0: 3 0x800090fc (0x016776b3) x13 0x00000000
core   0: 0x80009100 (0x0ff0000f) fence   iorw,iorw
core   0: 3 0x80009100 (0x0ff0000f)
core   0: 0x80009104 (0x0044bcb3) sltu    s9, s1, tp
core   0: 3 0x80009104 (0x0044bcb3) x25 0x00000000
core   0: 0x80009108 (0x40d2d513) srai    a0, t0, 13
core   0: 3 0x80009108 (0x40d2d513) x10 0xffffffff
core   0: 0x8000910c (0x009453b3) srl     t2, s0, s1
core   0: 3 0x8000910c (0x009453b3) x 7 0x00000000
core   0: 0x80009110 (0x81f06c13) ori     s8, zero, -2017
core   0: 3 0x80009110 (0x81f06c13) x24 0xfffff81f
core   0: 0x80009114 (0x03e75663) bge     a4, t5, pc + 44
core   0: 3 0x80009114 (0x03e75663)
core   0: 0x80009140 (0x02d536b3) mulhu   a3, a0, a3
core   0: 3 0x80009140 (0x02d536b3) x13 0x00000000
core   0: 0x80009144 (0x0000828a) c.mv    t0, sp
core   0: 3 0x80009144 (0x828a) x 5 0x80013f6e
core   0: 0x80009146 (0x02c40b63) beq     s0, a2, pc + 54
core   0: 3 0x80009146 (0x02c40b63)
core   0: 0x8000914a (0x039b5fb3) divu    t6, s6, s9
core   0: 3 0x8000914a (0x039b5fb3) x31 0xffffffff
core   0: 0x8000914e (0x039fd963) bge     t6, s9, pc + 50
core   0: 3 0x8000914e (0x039fd963)
core   0: 0x80009152 (0x004b88b3) add     a7, s7, tp
core   0: 3 0x80009152 (0x004b88b3) x17 0xfffffda3
core   0: 0x80009156 (0x01265e33) srl     t3, a2, s2
core   0: 3 0x80009156 (0x01265e33) x28 0x00000000
core   0: 0x8000915a (0x01b7b7b3) sltu    a5, a5, s11
core   0: 3 0x8000915a (0x01b7b7b3) x15 0x00000000
core   0: 0x8000915e (0x66d6cd93) xori    s11, a3, 1645
core   0: 3 0x8000915e (0x66d6cd93) x27 0x0000066d
core   0: 0x80009162 (0x53df7c97) auipc   s9, 0x53df7
core   0: 3 0x80009162 (0x53df7c97) x25 0xd3e00162
core   0: 0x80009166 (0x026c9c33) mulh    s8, s9, t1
core   0: 3 0x80009166 (0x026c9c33) x24 0xffffffff
core   0: 0x8000916a (0x03c81d33) mulh    s10, a6, t3
core   0: 3 0x8000916a (0x03c81d33) x26 0x00000000
core   0: 0x8000916e (0x40d25db3) sra     s11, tp, a3
core   0: 3 0x8000916e (0x40d25db3) x27 0x00000000
core   0: 0x80009172 (0x0000e911) c.bnez  a0, pc + 20
core   0: 3 0x80009172 (0xe911)
core   0: 0x80009186 (0x02d0d933) divu    s2, ra, a3
core   0: 3 0x80009186 (0x02d0d933) x18 0xffffffff
core   0: 0x8000918a (0x41b10033) sub     zero, sp, s11
core   0: 3 0x8000918a (0x41b10033)
core   0: 0x8000918e (0x00008d21) c.xor   a0, s0
core   0: 3 0x8000918e (0x8d21) x10 0xffffffff
core   0: 0x80009190 (0x00008ff5) c.and   a5, a3
core   0: 3 0x80009190 (0x8ff5) x15 0x00000000
core   0: 0x80009192 (0x000082c2) c.mv    t0, a6
core   0: 3 0x80009192 (0x82c2) x 5 0xffffffff
core   0: 0x80009194 (0x0000096e) c.slli  s2, 27
core   0: 3 0x80009194 (0x096e) x18 0xf8000000
core   0: 0x80009196 (0x00008d42) c.mv    s10, a6
core   0: 3 0x80009196 (0x8d42) x26 0xffffffff
core   0: 0x80009198 (0x01fa6433) or      s0, s4, t6
core   0: 3 0x80009198 (0x01fa6433) x 8 0xffffffff
core   0: 0x8000919c (0x03ec10b3) mulh    ra, s8, t5
core   0: 3 0x8000919c (0x03ec10b3) x 1 0x00000000
core   0: 0x800091a0 (0x009be0b3) or      ra, s7, s1
core   0: 3 0x800091a0 (0x009be0b3) x 1 0xfffffda3
core   0: 0x800091a4 (0x00008151) c.srli  a0, 20
core   0: 3 0x800091a4 (0x8151) x10 0x00000fff
core   0: 0x800091a6 (0x02d1e363) bltu    gp, a3, pc + 38
core   0: 3 0x800091a6 (0x02d1e363)
core   0: 0x800091aa (0x02f76763) bltu    a4, a5, pc + 46
core   0: 3 0x800091aa (0x02f76763)
core   0: 0x800091ae (0x00c71763) bne     a4, a2, pc + 14
core   0: 3 0x800091ae (0x00c71763)
core   0: 0x800091bc (0x91bff913) andi    s2, t6, -1765
core   0: 3 0x800091bc (0x91bff913) x18 0xfffff91b
core   0: 0x800091c0 (0xd58fe693) ori     a3, t6, -680
core   0: 3 0x800091c0 (0xd58fe693) x13 0xffffffff
core   0: 0x800091c4 (0x01ff9333) sll     t1, t6, t6
core   0: 3 0x800091c4 (0x01ff9333) x 6 0x80000000
core   0: 0x800091c8 (0x00a39a13) slli    s4, t2, 10
core   0: 3 0x800091c8 (0x00a39a13) x20 0x00000000
core   0: 0x800091cc (0x00000001) c.nop
core   0: 3 0x800091cc (0x0001)
core   0: 0x800091ce (0x00008c6d) c.and   s0, a1
core   0: 3 0x800091ce (0x8c6d) x 8 0x8002cce4
core   0: 0x800091d0 (0x8975c117) auipc   sp, 0x8975c
core   0: 3 0x800091d0 (0x8975c117) x 2 0x097651d0
core   0: 0x800091d4 (0xc264e493) ori     s1, s1, -986
core   0: 3 0x800091d4 (0xc264e493) x 9 0xfffffc26
core   0: 0x800091d8 (0x00005bfd) c.li    s7, -1
core   0: 3 0x800091d8 (0x5bfd) x23 0xffffffff
core   0: 0x800091da (0x0000191c) c.addi4spn a5, sp, 176
core   0: 3 0x800091da (0x191c) x15 0x09765280
core   0: 0x800091dc (0x0000c005) c.beqz  s0, pc + 32
core   0: 3 0x800091dc (0xc005)
core   0: 0x800091de (0x0436f163) bgeu    a3, gp, pc + 66
core   0: 3 0x800091de (0x0436f163)
core   0: 0x80009220 (0x0373ee63) bltu    t2, s7, pc + 60
core   0: 3 0x80009220 (0x0373ee63)
core   0: 0x8000925c (0x02ff3133) mulhu   sp, t5, a5
core   0: 3 0x8000925c (0x02ff3133) x 2 0x04bb2940
core   0: 0x80009260 (0x025e2633) mulhsu  a2, t3, t0
core   0: 3 0x80009260 (0x025e2633) x12 0x00000000
core   0: 0x80009264 (0x00008161) c.srli  a0, 24
core   0: 3 0x80009264 (0x8161) x10 0x00000000
core   0: 0x80009266 (0x00004b8d) c.li    s7, 3
core   0: 3 0x80009266 (0x4b8d) x23 0x00000003
core   0: 0x80009268 (0x03566633) rem     a2, a2, s5
core   0: 3 0x80009268 (0x03566633) x12 0x00000000
core   0: 0x8000926c (0x00008d29) c.xor   a0, a0
core   0: 3 0x8000926c (0x8d29) x10 0x00000000
core   0: 0x8000926e (0x00b82933) slt     s2, a6, a1
core   0: 3 0x8000926e (0x00b82933) x18 0x00000000
core   0: 0x80009272 (0x01a40233) add     tp, s0, s10
core   0: 3 0x80009272 (0x01a40233) x 4 0x8002cce3
core   0: 0x80009276 (0x0216bfb3) mulhu   t6, a3, ra
core   0: 3 0x80009276 (0x0216bfb3) x31 0xfffffda2
core   0: 0x8000927a (0x0000961a) c.add   a2, t1
core   0: 3 0x8000927a (0x961a) x12 0x80000000
core   0: 0x8000927c (0x0219a233) mulhsu  tp, s3, ra
core   0: 3 0x8000927c (0x0219a233) x 4 0x8002320e
core   0: 0x80009280 (0x00265133) srl     sp, a2, sp
core   0: 3 0x80009280 (0x00265133) x 2 0x80000000
core   0: 0x80009284 (0x00987133) and     sp, a6, s1
core   0: 3 0x80009284 (0x00987133) x 2 0xfffffc26
core   0: 0x80009288 (0x0327aa33) mulhsu  s4, a5, s2
core   0: 3 0x80009288 (0x0327aa33) x20 0x00000000
core   0: 0x8000928c (0x03bb8e33) mul     t3, s7, s11
core   0: 3 0x8000928c (0x03bb8e33) x28 0x00000000
core   0: 0x80009290 (0x00008d4d) c.or    a0, a1
core   0: 3 0x80009290 (0x8d4d) x10 0x8002cce4
core   0: 0x80009292 (0x41b6d413) srai    s0, a3, 27
core   0: 3 0x80009292 (0x41b6d413) x 8 0xffffffff
core   0: 0x80009296 (0x00000549) c.addi  a0, 18
core   0: 3 0x80009296 (0x0549) x10 0x8002ccf6
core   0: 0x80009298 (0xc8704393) xori    t2, zero, -889
core   0: 3 0x80009298 (0xc8704393) x 7 0xfffffc87
core   0: 0x8000929c (0x00009e52) c.add   t3, s4
core   0: 3 0x8000929c (0x9e52) x28 0x00000000
core   0: 0x8000929e (0x0350e1b3) rem     gp, ra, s5
core   0: 3 0x8000929e (0x0350e1b3) x 3 0xfffffda3
core   0: 0x800092a2 (0x0000100f) fence.i
core   0: 3 0x800092a2 (0x0000100f)
core   0: 0x800092a6 (0x00000001) c.nop
core   0: 3 0x800092a6 (0x0001)
core   0: 0x800092a8 (0x403a5cb3) sra     s9, s4, gp
core   0: 3 0x800092a8 (0x403a5cb3) x25 0x00000000
core   0: 0x800092ac (0x0000841d) c.srai  s0, 7
core   0: 3 0x800092ac (0x841d) x 8 0xffffffff
core   0: 0x800092ae (0x0044fc63) bgeu    s1, tp, pc + 24
core   0: 3 0x800092ae (0x0044fc63)
core   0: 0x800092c6 (0x033fcdb3) div     s11, t6, s3
core   0: 3 0x800092c6 (0x033fcdb3) x27 0x00000000
core   0: 0x800092ca (0x0326f0b3) remu    ra, a3, s2
core   0: 3 0x800092ca (0x0326f0b3) x 1 0xffffffff
core   0: 0x800092ce (0x00ec52b3) srl     t0, s8, a4
core   0: 3 0x800092ce (0x00ec52b3) x 5 0x000000ff
core   0: 0x800092d2 (0x0000717d) c.addi16sp sp, -16
core   0: 3 0x800092d2 (0x717d) x 2 0xfffffc16
core   0: 0x800092d4 (0x01671663) bne     a4, s6, pc + 12
core   0: 3 0x800092d4 (0x01671663)
core   0: 0x800092e0 (0x00008af9) c.andi  a3, 30
core   0: 3 0x800092e0 (0x8af9) x13 0x0000001e
core   0: 0x800092e2 (0x01f6d093) srli    ra, a3, 31
core   0: 3 0x800092e2 (0x01f6d093) x 1 0x00000000
core   0: 0x800092e6 (0x01015e33) srl     t3, sp, a6
core   0: 3 0x800092e6 (0x01015e33) x28 0x00000001
core   0: 0x800092ea (0x1244ff93) andi    t6, s1, 292
core   0: 3 0x800092ea (0x1244ff93) x31 0x00000024
core   0: 0x800092ee (0x02b64d17) auipc   s10, 0x2b64
core   0: 3 0x800092ee (0x02b64d17) x26 0x82b6d2ee
core   0: 0x800092f2 (0x00a47fb3) and     t6, s0, a0
core   0: 3 0x800092f2 (0x00a47fb3) x31 0x8002ccf6
core   0: 0x800092f6 (0x0beee137) lui     sp, 0xbeee
core   0: 3 0x800092f6 (0x0beee137) x 2 0x0beee000
core   0: 0x800092fa (0xe96f0213) addi    tp, t5, -362
core   0: 3 0x800092fa (0xe96f0213) x 4 0x7ffffe96
core   0: 0x800092fe (0x03c50433) mul     s0, a0, t3
core   0: 3 0x800092fe (0x03c50433) x 8 0x8002ccf6
core   0: 0x80009302 (0x012a9893) slli    a7, s5, 18
core   0: 3 0x80009302 (0x012a9893) x17 0x00000000
core   0: 0x80009306 (0x032d0bb3) mul     s7, s10, s2
core   0: 3 0x80009306 (0x032d0bb3) x23 0x00000000
core   0: 0x8000930a (0x00bed3b3) srl     t2, t4, a1
core   0: 3 0x8000930a (0x00bed3b3) x 7 0x00000000
core   0: 0x8000930e (0x0094ea33) or      s4, s1, s1
core   0: 3 0x8000930e (0x0094ea33) x20 0xfffffc26
core   0: 0x80009312 (0x41c904b3) sub     s1, s2, t3
core   0: 3 0x80009312 (0x41c904b3) x 9 0xffffffff
core   0: 0x80009316 (0x5dd64793) xori    a5, a2, 1501
core   0: 3 0x80009316 (0x5dd64793) x15 0x800005dd
core   0: 0x8000931a (0x00949613) slli    a2, s1, 9
core   0: 3 0x8000931a (0x00949613) x12 0xfffffe00
core   0: 0x8000931e (0x920e9237) lui     tp, 0x920e9
core   0: 3 0x8000931e (0x920e9237) x 4 0x920e9000
core   0: 0x80009322 (0x00969db3) sll     s11, a3, s1
core   0: 3 0x80009322 (0x00969db3) x27 0x00000000
core   0: 0x80009326 (0x02e6f033) remu    zero, a3, a4
core   0: 3 0x80009326 (0x02e6f033)
core   0: 0x8000932a (0x41810d33) sub     s10, sp, s8
core   0: 3 0x8000932a (0x41810d33) x26 0x0beee001
core   0: 0x8000932e (0x00b49e63) bne     s1, a1, pc + 28
core   0: 3 0x8000932e (0x00b49e63)
core   0: 0x8000934a (0x02f0fd33) remu    s10, ra, a5
core   0: 3 0x8000934a (0x02f0fd33) x26 0x00000000
core   0: 0x8000934e (0x00008d19) c.sub   a0, a4
core   0: 3 0x8000934e (0x8d19) x10 0x00003e9e
core   0: 0x80009350 (0x03d9f433) remu    s0, s3, t4
core   0: 3 0x80009350 (0x03d9f433) x 8 0x800230e0
core   0: 0x80009354 (0x005fd293) srli    t0, t6, 5
core   0: 3 0x80009354 (0x005fd293) x 5 0x04001667
core   0: 0x80009358 (0xe2ece393) ori     t2, s9, -466
core   0: 3 0x80009358 (0xe2ece393) x 7 0xfffffe2e
core   0: 0x8000935c (0x01595633) srl     a2, s2, s5
core   0: 3 0x8000935c (0x01595633) x12 0x00000000
core   0: 0x80009360 (0x00909233) sll     tp, ra, s1
core   0: 3 0x80009360 (0x00909233) x 4 0x00000000
core   0: 0x80009364 (0x401dd9b3) sra     s3, s11, ra
core   0: 3 0x80009364 (0x401dd9b3) x19 0x00000000
core   0: 0x80009368 (0x035ad963) bge     s5, s5, pc + 50
core   0: 3 0x80009368 (0x035ad963)
core   0: 0x8000939a (0x0079c263) blt     s3, t2, pc + 4
core   0: 3 0x8000939a (0x0079c263)
core   0: 0x8000939e (0x40ec5233) sra     tp, s8, a4
core   0: 3 0x8000939e (0x40ec5233) x 4 0xffffffff
core   0: 0x800093a2 (0x01cb5e33) srl     t3, s6, t3
core   0: 3 0x800093a2 (0x01cb5e33) x28 0x00000000
core   0: 0x800093a6 (0xe44afe13) andi    t3, s5, -444
core   0: 3 0x800093a6 (0xe44afe13) x28 0x00000000
core   0: 0x800093aa (0x4e3a6a93) ori     s5, s4, 1251
core   0: 3 0x800093aa (0x4e3a6a93) x21 0xfffffce7
core   0: 0x800093ae (0x03743d33) mulhu   s10, s0, s7
core   0: 3 0x800093ae (0x03743d33) x26 0x00000000
core   0: 0x800093b2 (0x02108563) beq     ra, ra, pc + 42
core   0: 3 0x800093b2 (0x02108563)
core   0: 0x800093dc (0x038448b3) div     a7, s0, s8
core   0: 3 0x800093dc (0x038448b3) x17 0x7ffdcf20
core   0: 0x800093e0 (0x02dafab3) remu    s5, s5, a3
core   0: 3 0x800093e0 (0x02dafab3) x21 0x00000003
core   0: 0x800093e4 (0x006e0033) add     zero, t3, t1
core   0: 3 0x800093e4 (0x006e0033)
core   0: 0x800093e8 (0x0000cd11) c.beqz  a0, pc + 28
core   0: 3 0x800093e8 (0xcd11)
core   0: 0x800093ea (0x00d7c8b3) xor     a7, a5, a3
core   0: 3 0x800093ea (0x00d7c8b3) x17 0x800005c3
core   0: 0x800093ee (0x0ff0000f) fence   iorw,iorw
core   0: 3 0x800093ee (0x0ff0000f)
core   0: 0x800093f2 (0x0097f133) and     sp, a5, s1
core   0: 3 0x800093f2 (0x0097f133) x 2 0x800005dd
core   0: 0x800093f6 (0x417c0d33) sub     s10, s8, s7
core   0: 3 0x800093f6 (0x417c0d33) x26 0xffffffff
core   0: 0x800093fa (0x0068d963) bge     a7, t1, pc + 18
core   0: 3 0x800093fa (0x0068d963)
core   0: 0x8000940c (0x00008616) c.mv    a2, t0
core   0: 3 0x8000940c (0x8616) x12 0x04001667
core   0: 0x8000940e (0x0000cff1) c.beqz  a5, pc + 220
core   0: 3 0x8000940e (0xcff1)
core   0: 0x80009410 (0x00009a7d) c.andi  a2, -1
core   0: 3 0x80009410 (0x9a7d) x12 0x04001667
core   0: 0x80009412 (0x03ffb1b3) mulhu   gp, t6, t6
core   0: 3 0x80009412 (0x03ffb1b3) x 3 0x4002ccfd
core   0: 0x80009416 (0x0ce9f863) bgeu    s3, a4, pc + 208
core   0: 3 0x80009416 (0x0ce9f863)
core   0: 0x8000941a (0x0000a117) auipc   sp, 0xa
core   0: 3 0x8000941a (0x0000a117) x 2 0x8001341a
core   0: 0x8000941e (0x2d810113) addi    sp, sp, 728
core   0: 3 0x8000941e (0x2d810113) x 2 0x800136f2
core   0: 0x80009422 (0x40898633) sub     a2, s3, s0
core   0: 3 0x80009422 (0x40898633) x12 0x7ffdcf20
core   0: 0x80009426 (0xd2011603) lh      a2, -736(sp)
core   0: 3 0x80009426 (0xd2011603) x12 0x00000000 mem 0x80013412
core   0: 0x8000942a (0x2fe14c83) lbu     s9, 766(sp)
core   0: 3 0x8000942a (0x2fe14c83) x25 0x00000000 mem 0x800139f0
core   0: 0x8000942e (0xb7210ba3) sb      s2, -1161(sp)
core   0: 3 0x8000942e (0xb7210ba3) mem 0x80013269 0x0
core   0: 0x80009432 (0x7e310f83) lb      t6, 2019(sp)
core   0: 3 0x80009432 (0x7e310f83) x31 0xffffff8d mem 0x80013ed5
core   0: 0x80009436 (0x58d10783) lb      a5, 1421(sp)
core   0: 3 0x80009436 (0x58d10783) x15 0x00000000 mem 0x80013c7f
core   0: 0x8000943a (0x28110383) lb      t2, 641(sp)
core   0: 3 0x8000943a (0x28110383) x 7 0x00000000 mem 0x80013973
core   0: 0x8000943e (0xe4c14c03) lbu     s8, -436(sp)
core   0: 3 0x8000943e (0xe4c14c03) x24 0x00000000 mem 0x8001353e
core   0: 0x80009442 (0x0ff0000f) fence   iorw,iorw
core   0: 3 0x80009442 (0x0ff0000f)
core   0: 0x80009446 (0x97c43393) sltiu   t2, s0, -1668
core   0: 3 0x80009446 (0x97c43393) x 7 0x00000001
core   0: 0x8000944a (0x40fb5933) sra     s2, s6, a5
core   0: 3 0x8000944a (0x40fb5933) x18 0x00000000
core   0: 0x8000944e (0x0000100f) fence.i
core   0: 3 0x8000944e (0x0000100f)
core   0: 0x80009452 (0xbf7109a3) sb      s7, -1037(sp)
core   0: 3 0x80009452 (0xbf7109a3) mem 0x800132e5 0x0
core   0: 0x80009456 (0x035a7cb3) remu    s9, s4, s5
core   0: 3 0x80009456 (0x035a7cb3) x25 0x00000002
core   0: 0x8000945a (0x00009ff2) c.add   t6, t3
core   0: 3 0x8000945a (0x9ff2) x31 0xffffff8d
core   0: 0x8000945c (0x00000001) c.nop
core   0: 3 0x8000945c (0x0001)
core   0: 0x8000945e (0x02a33533) mulhu   a0, t1, a0
core   0: 3 0x8000945e (0x02a33533) x10 0x00001f4f
core   0: 0x80009462 (0x47410a83) lb      s5, 1140(sp)
core   0: 3 0x80009462 (0x47410a83) x21 0x00000000 mem 0x80013b66
core   0: 0x80009466 (0xe0110923) sb      ra, -494(sp)
core   0: 3 0x80009466 (0xe0110923) mem 0x80013504 0x0
core   0: 0x8000946a (0xbcc10423) sb      a2, -1080(sp)
core   0: 3 0x8000946a (0xbcc10423) mem 0x800132ba 0x0
core   0: 0x8000946e (0x393108a3) sb      s3, 913(sp)
core   0: 3 0x8000946e (0x393108a3) mem 0x80013a83 0x0
core   0: 0x80009472 (0x022b9233) mulh    tp, s7, sp
core   0: 3 0x80009472 (0x022b9233) x 4 0x00000000
core   0: 0x80009476 (0xdd011623) sh      a6, -564(sp)
core   0: 3 0x80009476 (0xdd011623) mem 0x800134be 0xffff
core   0: 0x8000947a (0x02700033) mul     zero, zero, t2
core   0: 3 0x8000947a (0x02700033)
core   0: 0x8000947e (0x037ab0b3) mulhu   ra, s5, s7
core   0: 3 0x8000947e (0x037ab0b3) x 1 0x00000000
core   0: 0x80009482 (0x011c3333) sltu    t1, s8, a7
core   0: 3 0x80009482 (0x011c3333) x 6 0x00000001
core   0: 0x80009486 (0x00008c41) c.or    s0, s0
core   0: 3 0x80009486 (0x8c41) x 8 0x800230e0
core   0: 0x80009488 (0x000083b1) c.srli  a5, 12
core   0: 3 0x80009488 (0x83b1) x15 0x00000000
core   0: 0x8000948a (0x40a85d93) srai    s11, a6, 10
core   0: 3 0x8000948a (0x40a85d93) x27 0xffffffff
core   0: 0x8000948e (0xcbe11c83) lh      s9, -834(sp)
core   0: 3 0x8000948e (0xcbe11c83) x25 0x00000000 mem 0x800133b0
core   0: 0x80009492 (0xc2215683) lhu     a3, -990(sp)
core   0: 3 0x80009492 (0xc2215683) x13 0x00000000 mem 0x80013314
core   0: 0x80009496 (0x71410c23) sb      s4, 1816(sp)
core   0: 3 0x80009496 (0x71410c23) mem 0x80013e0a 0x26
core   0: 0x8000949a (0x01d22833) slt     a6, tp, t4
core   0: 3 0x8000949a (0x01d22833) x16 0x00000000
core   0: 0x8000949e (0xf74087b7) lui     a5, 0xf7408
core   0: 3 0x8000949e (0xf74087b7) x15 0xf7408000
core   0: 0x800094a2 (0x0ba14383) lbu     t2, 186(sp)
core   0: 3 0x800094a2 (0x0ba14383) x 7 0x00000000 mem 0x800137ac
core   0: 0x800094a6 (0xe8d14183) lbu     gp, -371(sp)
core   0: 3 0x800094a6 (0xe8d14183) x 3 0x00000000 mem 0x8001357f
core   0: 0x800094aa (0x00987033) and     zero, a6, s1
core   0: 3 0x800094aa (0x00987033)
core   0: 0x800094ae (0x40685eb3) sra     t4, a6, t1
core   0: 3 0x800094ae (0x40685eb3) x29 0x00000000
core   0: 0x800094b2 (0x7de10023) sb      t5, 1984(sp)
core   0: 3 0x800094b2 (0x7de10023) mem 0x80013eb2 0x0
core   0: 0x800094b6 (0x38e10503) lb      a0, 910(sp)
core   0: 3 0x800094b6 (0x38e10503) x10 0x00000000 mem 0x80013a80
core   0: 0x800094ba (0x00009bfd) c.andi  a5, -1
core   0: 3 0x800094ba (0x9bfd) x15 0xf7408000
core   0: 0x800094bc (0xb4811223) sh      s0, -1212(sp)
core   0: 3 0x800094bc (0xb4811223) mem 0x80013236 0x30e0
core   0: 0x800094c0 (0x00c9ec33) or      s8, s3, a2
core   0: 3 0x800094c0 (0x00c9ec33) x24 0x00000000
core   0: 0x800094c4 (0x1f110c23) sb      a7, 504(sp)
core   0: 3 0x800094c4 (0x1f110c23) mem 0x800138ea 0xc3
core   0: 0x800094c8 (0x17c11483) lh      s1, 380(sp)
core   0: 3 0x800094c8 (0x17c11483) x 9 0x00000000 mem 0x8001386e
core   0: 0x800094cc (0x7cf10283) lb      t0, 1999(sp)
core   0: 3 0x800094cc (0x7cf10283) x 5 0x00000000 mem 0x80013ec1
core   0: 0x800094d0 (0xae210d03) lb      s10, -1310(sp)
core   0: 3 0x800094d0 (0xae210d03) x26 0x00000000 mem 0x800131d4
core   0: 0x800094d4 (0x15f101a3) sb      t6, 323(sp)
core   0: 3 0x800094d4 (0x15f101a3) mem 0x80013835 0x8d
core   0: 0x800094d8 (0x01bc9e13) slli    t3, s9, 27
core   0: 3 0x800094d8 (0x01bc9e13) x28 0x00000000
core   0: 0x800094dc (0x16e15d83) lhu     s11, 366(sp)
core   0: 3 0x800094dc (0x16e15d83) x27 0x00000000 mem 0x80013860
core   0: 0x800094e0 (0xa2210623) sb      sp, -1492(sp)
core   0: 3 0x800094e0 (0xa2210623) mem 0x8001311e 0xf2
core   0: 0x800094e4 (0x0000c38d) c.beqz  a5, pc + 34
core   0: 3 0x800094e4 (0xc38d)
core   0: 0x800094e6 (0x01c51663) bne     a0, t3, pc + 12
core   0: 3 0x800094e6 (0x01c51663)
core   0: 0x800094ea (0xecef7937) lui     s2, 0xecef7
core   0: 3 0x800094ea (0xecef7937) x18 0xecef7000
core   0: 0x800094ee (0x40335d33) sra     s10, t1, gp
core   0: 3 0x800094ee (0x40335d33) x26 0x00000001
core   0: 0x800094f2 (0x2ea08e93) addi    t4, ra, 746
core   0: 3 0x800094f2 (0x2ea08e93) x29 0x000002ea
core   0: 0x800094f6 (0x013e74b3) and     s1, t3, s3
core   0: 3 0x800094f6 (0x013e74b3) x 9 0x00000000
core   0: 0x800094fa (0x0000c109) c.beqz  a0, pc + 2
core   0: 3 0x800094fa (0xc109)
core   0: 0x800094fc (0x01c1d833) srl     a6, gp, t3
core   0: 3 0x800094fc (0x01c1d833) x16 0x00000000
core   0: 0x80009500 (0x0000e38d) c.bnez  a5, pc + 34
core   0: 3 0x80009500 (0xe38d)
core   0: 0x80009522 (0x00473e33) sltu    t3, a4, tp
core   0: 3 0x80009522 (0x00473e33) x28 0x00000000
core   0: 0x80009526 (0x0000100f) fence.i
core   0: 3 0x80009526 (0x0000100f)
core   0: 0x8000952a (0x01a56633) or      a2, a0, s10
core   0: 3 0x8000952a (0x01a56633) x12 0x00000001
core   0: 0x8000952e (0x01a106b3) add     a3, sp, s10
core   0: 3 0x8000952e (0x01a106b3) x13 0x800136f3
core   0: 0x80009532 (0x0000ca09) c.beqz  a2, pc + 18
core   0: 3 0x80009532 (0xca09)
core   0: 0x80009534 (0x00000001) c.nop
core   0: 3 0x80009534 (0x0001)
core   0: 0x80009536 (0x401fdb93) srai    s7, t6, 1
core   0: 3 0x80009536 (0x401fdb93) x23 0xffffffc6
core   0: 0x8000953a (0x00000001) c.nop
core   0: 3 0x8000953a (0x0001)
core   0: 0x8000953c (0x0000ce19) c.beqz  a2, pc + 30
core   0: 3 0x8000953c (0xce19)
core   0: 0x8000953e (0xbc948a13) addi    s4, s1, -1079
core   0: 3 0x8000953e (0xbc948a13) x20 0xfffffbc9
core   0: 0x80009542 (0x00000001) c.nop
core   0: 3 0x80009542 (0x0001)
core   0: 0x80009544 (0x00c25b13) srli    s6, tp, 12
core   0: 3 0x80009544 (0x00c25b13) x22 0x00000000
core   0: 0x80009548 (0x0197d463) bge     a5, s9, pc + 8
core   0: 3 0x80009548 (0x0197d463)
core   0: 0x8000954c (0x0171f7b3) and     a5, gp, s7
core   0: 3 0x8000954c (0x0171f7b3) x15 0x00000000
core   0: 0x80009550 (0x00008f85) c.sub   a5, s1
core   0: 3 0x80009550 (0x8f85) x15 0x00000000
core   0: 0x80009552 (0x41d35ab3) sra     s5, t1, t4
core   0: 3 0x80009552 (0x41d35ab3) x21 0x00000000
core   0: 0x80009556 (0x00196833) or      a6, s2, ra
core   0: 3 0x80009556 (0x00196833) x16 0xecef7000
core   0: 0x8000955a (0x00000001) c.nop
core   0: 3 0x8000955a (0x0001)
core   0: 0x8000955c (0x0000e809) c.bnez  s0, pc + 18
core   0: 3 0x8000955c (0xe809)
core   0: 0x8000956e (0xff59d897) auipc   a7, 0xff59d
core   0: 3 0x8000956e (0xff59d897) x17 0x7f5a656e
core   0: 0x80009572 (0x030dff63) bgeu    s11, a6, pc + 62
core   0: 3 0x80009572 (0x030dff63)
core   0: 0x80009576 (0x000088ed) c.andi  s1, 27
core   0: 3 0x80009576 (0x88ed) x 9 0x00000000
core   0: 0x80009578 (0x00009826) c.add   a6, s1
core   0: 3 0x80009578 (0x9826) x16 0xecef7000
core   0: 0x8000957a (0xd0b6cb93) xori    s7, a3, -757
core   0: 3 0x8000957a (0xd0b6cb93) x23 0x7ffecbf8
core   0: 0x8000957e (0x00008c11) c.sub   s0, a2
core   0: 3 0x8000957e (0x8c11) x 8 0x800230df
core   0: 0x80009580 (0x4005d093) srai    ra, a1, 0
core   0: 3 0x80009580 (0x4005d093) x 1 0x8002cce4
core   0: 0x80009584 (0x9eccb313) sltiu   t1, s9, -1556
core   0: 3 0x80009584 (0x9eccb313) x 6 0x00000001
core   0: 0x80009588 (0x24036913) ori     s2, t1, 576
core   0: 3 0x80009588 (0x24036913) x18 0x00000241
core   0: 0x8000958c (0x03268e93) addi    t4, a3, 50
core   0: 3 0x8000958c (0x03268e93) x29 0x80013725
core   0: 0x80009590 (0x00008d71) c.and   a0, a2
core   0: 3 0x80009590 (0x8d71) x10 0x00000000
core   0: 0x80009592 (0x01f8c6b3) xor     a3, a7, t6
core   0: 3 0x80009592 (0x01f8c6b3) x13 0x80a59ae3
core   0: 0x80009596 (0x014abdb3) sltu    s11, s5, s4
core   0: 3 0x80009596 (0x014abdb3) x27 0x00000001
core   0: 0x8000959a (0x03ea4563) blt     s4, t5, pc + 42
core   0: 3 0x8000959a (0x03ea4563)
core   0: 0x8000959e (0x00008099) c.srli  s1, 6
core   0: 3 0x8000959e (0x8099) x 9 0x00000000
core   0: 0x800095a0 (0x00437863) bgeu    t1, tp, pc + 16
core   0: 3 0x800095a0 (0x00437863)
core   0: 0x800095b0 (0x00008b3e) c.mv    s6, a5
core   0: 3 0x800095b0 (0x8b3e) x22 0x00000000
core   0: 0x800095b2 (0x0000100f) fence.i
core   0: 3 0x800095b2 (0x0000100f)
core   0: 0x800095b6 (0x41f25e33) sra     t3, tp, t6
core   0: 3 0x800095b6 (0x41f25e33) x28 0x00000000
core   0: 0x800095ba (0x0000e105) c.bnez  a0, pc + 32
core   0: 3 0x800095ba (0xe105)
core   0: 0x800095bc (0x918c7c37) lui     s8, 0x918c7
core   0: 3 0x800095bc (0x918c7c37) x24 0x918c7000
core   0: 0x800095c0 (0x00104963) blt     zero, ra, pc + 18
core   0: 3 0x800095c0 (0x00104963)
core   0: 0x800095c4 (0x23942493) slti    s1, s0, 569
core   0: 3 0x800095c4 (0x23942493) x 9 0x00000001
core   0: 0x800095c8 (0x0000c129) c.beqz  a0, pc + 66
core   0: 3 0x800095c8 (0xc129)
core   0: 0x8000960a (0x00000001) c.nop
core   0: 3 0x8000960a (0x0001)
core   0: 0x8000960c (0x00b19a33) sll     s4, gp, a1
core   0: 3 0x8000960c (0x00b19a33) x20 0x00000000
core   0: 0x80009610 (0x0000717d) c.addi16sp sp, -16
core   0: 3 0x80009610 (0x717d) x 2 0x800136e2
core   0: 0x80009612 (0x00a15cb3) srl     s9, sp, a0
core   0: 3 0x80009612 (0x00a15cb3) x25 0x800136e2
core   0: 0x80009616 (0x41095633) sra     a2, s2, a6
core   0: 3 0x80009616 (0x41095633) x12 0x00000241
core   0: 0x8000961a (0xef1c4d93) xori    s11, s8, -271
core   0: 3 0x8000961a (0xef1c4d93) x27 0x6e738ef1
core   0: 0x8000961e (0x0320c763) blt     ra, s2, pc + 46
core   0: 3 0x8000961e (0x0320c763)
core   0: 0x8000964c (0x00008665) c.srai  a2, 25
core   0: 3 0x8000964c (0x8665) x12 0x00000000
core   0: 0x8000964e (0x0ff0000f) fence   iorw,iorw
core   0: 3 0x8000964e (0x0ff0000f)
core   0: 0x80009652 (0x0000848d) c.srai  s1, 3
core   0: 3 0x80009652 (0x848d) x 9 0x00000000
core   0: 0x80009654 (0xfeb58bb7) lui     s7, 0xfeb58
core   0: 3 0x80009654 (0xfeb58bb7) x23 0xfeb58000
core   0: 0x80009658 (0x00009d12) c.add   s10, tp
core   0: 3 0x80009658 (0x9d12) x26 0x00000001
core   0: 0x8000965a (0x00001e14) c.addi4spn a3, sp, 816
core   0: 3 0x8000965a (0x1e14) x13 0x80013a12
core   0: 0x8000965c (0x03697e63) bgeu    s2, s6, pc + 60
core   0: 3 0x8000965c (0x03697e63)
core   0: 0x80009698 (0x437e6eb7) lui     t4, 0x437e6
core   0: 3 0x80009698 (0x437e6eb7) x29 0x437e6000
core   0: 0x8000969c (0x00008346) c.mv    t1, a7
core   0: 3 0x8000969c (0x8346) x 6 0x7f5a656e
core   0: 0x8000969e (0x0192c563) blt     t0, s9, pc + 10
core   0: 3 0x8000969e (0x0192c563)
core   0: 0x800096a2 (0x40d407b3) sub     a5, s0, a3
core   0: 3 0x800096a2 (0x40d407b3) x15 0x0000f6cd
core   0: 0x800096a6 (0x00008ce5) c.and   s1, s1
core   0: 3 0x800096a6 (0x8ce5) x 9 0x00000000
core   0: 0x800096a8 (0x00006785) c.lui   a5, 0x1
core   0: 3 0x800096a8 (0x6785) x15 0x00001000
core   0: 0x800096aa (0xb7877493) andi    s1, a4, -1160
core   0: 3 0x800096aa (0xb7877493) x 9 0x80028a58
core   0: 0x800096ae (0x000087ad) c.srai  a5, 11
core   0: 3 0x800096ae (0x87ad) x15 0x00000002
core   0: 0x800096b0 (0x0103b533) sltu    a0, t2, a6
core   0: 3 0x800096b0 (0x0103b533) x10 0x00000001
core   0: 0x800096b4 (0x02e7c4b3) div     s1, a5, a4
core   0: 3 0x800096b4 (0x02e7c4b3) x 9 0x00000000
core   0: 0x800096b8 (0x021d4f63) blt     s10, ra, pc + 62
core   0: 3 0x800096b8 (0x021d4f63)
core   0: 0x800096bc (0x0000e099) c.bnez  s1, pc + 6
core   0: 3 0x800096bc (0xe099)
core   0: 0x800096be (0x027fea33) rem     s4, t6, t2
core   0: 3 0x800096be (0x027fea33) x20 0xffffff8d
core   0: 0x800096c2 (0x03e96063) bltu    s2, t5, pc + 32
core   0: 3 0x800096c2 (0x03e96063)
core   0: 0x800096e2 (0x000080c1) c.srli  s1, 16
core   0: 3 0x800096e2 (0x80c1) x 9 0x00000000
core   0: 0x800096e4 (0x083f47b7) lui     a5, 0x83f4
core   0: 3 0x800096e4 (0x083f47b7) x15 0x083f4000
core   0: 0x800096e8 (0x7af76193) ori     gp, a4, 1967
core   0: 3 0x800096e8 (0x7af76193) x 3 0x80028fff
core   0: 0x800096ec (0x00597e63) bgeu    s2, t0, pc + 28
core   0: 3 0x800096ec (0x00597e63)
core   0: 0x80009708 (0x00008455) c.srai  s0, 21
core   0: 3 0x80009708 (0x8455) x 8 0xfffffc00
core   0: 0x8000970a (0x0000c69d) c.beqz  a3, pc + 46
core   0: 3 0x8000970a (0xc69d)
core   0: 0x8000970c (0x0317c7b3) div     a5, a5, a7
core   0: 3 0x8000970c (0x0317c7b3) x15 0x00000000
core   0: 0x80009710 (0x03f51bb3) mulh    s7, a0, t6
core   0: 3 0x80009710 (0x03f51bb3) x23 0xffffffff
core   0: 0x80009714 (0x00008f81) c.sub   a5, s0
core   0: 3 0x80009714 (0x8f81) x15 0x00000400
core   0: 0x80009716 (0x4cc88613) addi    a2, a7, 1228
core   0: 3 0x80009716 (0x4cc88613) x12 0x7f5a6a3a
core   0: 0x8000971a (0x0000099c) c.addi4spn a5, sp, 208
core   0: 3 0x8000971a (0x099c) x15 0x800137b2
core   0: 0x8000971c (0x000a90b3) sll     ra, s5, zero
core   0: 3 0x8000971c (0x000a90b3) x 1 0x00000000
core   0: 0x80009720 (0xd6a32ab7) lui     s5, 0xd6a32
core   0: 3 0x80009720 (0xd6a32ab7) x21 0xd6a32000
core   0: 0x80009724 (0x004c5e63) bge     s8, tp, pc + 28
core   0: 3 0x80009724 (0x004c5e63)
core   0: 0x80009728 (0x00000ce2) c.slli  s9, 24
core   0: 3 0x80009728 (0x0ce2) x25 0xe2000000
core   0: 0x8000972a (0x00c92b33) slt     s6, s2, a2
core   0: 3 0x8000972a (0x00c92b33) x22 0x00000001
core   0: 0x8000972e (0x79b02013) slti    zero, zero, 1947
core   0: 3 0x8000972e (0x79b02013)
core   0: 0x80009732 (0x000009f5) c.addi  s3, 29
core   0: 3 0x80009732 (0x09f5) x19 0x0000001d
core   0: 0x80009734 (0x0ff0000f) fence   iorw,iorw
core   0: 3 0x80009734 (0x0ff0000f)
core   0: 0x80009738 (0x0000e909) c.bnez  a0, pc + 18
core   0: 3 0x80009738 (0xe909)
core   0: 0x8000974a (0x02f0a933) mulhsu  s2, ra, a5
core   0: 3 0x8000974a (0x02f0a933) x18 0x00000000
core   0: 0x8000974e (0x0000100f) fence.i
core   0: 3 0x8000974e (0x0000100f)
core   0: 0x80009752 (0x0000c08d) c.beqz  s1, pc + 34
core   0: 3 0x80009752 (0xc08d)
core   0: 0x80009774 (0x026600b3) mul     ra, a2, t1
core   0: 3 0x80009774 (0x026600b3) x 1 0x832686ec
core   0: 0x80009778 (0x00006aed) c.lui   s5, 0x1b
core   0: 3 0x80009778 (0x6aed) x21 0x0001b000
core   0: 0x8000977a (0x01493333) sltu    t1, s2, s4
core   0: 3 0x8000977a (0x01493333) x 6 0x00000001
core   0: 0x8000977e (0x00000001) c.nop
core   0: 3 0x8000977e (0x0001)
core   0: 0x80009780 (0x00000001) c.nop
core   0: 3 0x80009780 (0x0001)
core   0: 0x80009782 (0x01fcd793) srli    a5, s9, 31
core   0: 3 0x80009782 (0x01fcd793) x15 0x00000001
core   0: 0x80009786 (0x056b6e63) bltu    s6, s6, pc + 92
core   0: 3 0x80009786 (0x056b6e63)
core   0: 0x8000978a (0x0000e901) c.bnez  a0, pc + 16
core   0: 3 0x8000978a (0xe901)
core   0: 0x8000979a (0x00000001) c.nop
core   0: 3 0x8000979a (0x0001)
core   0: 0x8000979c (0x012f4263) blt     t5, s2, pc + 4
core   0: 3 0x8000979c (0x012f4263)
core   0: 0x800097a0 (0x01431bb3) sll     s7, t1, s4
core   0: 3 0x800097a0 (0x01431bb3) x23 0x00002000
core   0: 0x800097a4 (0x00138833) add     a6, t2, ra
core   0: 3 0x800097a4 (0x00138833) x16 0x832686ec
core   0: 0x800097a8 (0x032c1b63) bne     s8, s2, pc + 54
core   0: 3 0x800097a8 (0x032c1b63)
core   0: 0x800097de (0x0000100f) fence.i
core   0: 3 0x800097de (0x0000100f)
core   0: 0x800097e2 (0x05dafb63) bgeu    s5, t4, pc + 86
core   0: 3 0x800097e2 (0x05dafb63)
core   0: 0x800097e6 (0x007651b3) srl     gp, a2, t2
core   0: 3 0x800097e6 (0x007651b3) x 3 0x7f5a6a3a
core   0: 0x800097ea (0x00b957b3) srl     a5, s2, a1
core   0: 3 0x800097ea (0x00b957b3) x15 0x00000000
core   0: 0x800097ee (0x03782633) mulhsu  a2, a6, s7
core   0: 3 0x800097ee (0x03782633) x12 0xfffff064
core   0: 0x800097f2 (0x000096f6) c.add   a3, t4
core   0: 3 0x800097f2 (0x96f6) x13 0xc37f9a12
core   0: 0x800097f4 (0x0000100f) fence.i
core   0: 3 0x800097f4 (0x0000100f)
core   0: 0x800097f8 (0x96d7f293) andi    t0, a5, -1683
core   0: 3 0x800097f8 (0x96d7f293) x 5 0x00000000
core   0: 0x800097fc (0x00489133) sll     sp, a7, tp
core   0: 3 0x800097fc (0x00489133) x 2 0x7f5a656e
core   0: 0x80009800 (0x00008499) c.srai  s1, 6
core   0: 3 0x80009800 (0x8499) x 9 0x00000000
core   0: 0x80009802 (0x02e74d63) blt     a4, a4, pc + 58
core   0: 3 0x80009802 (0x02e74d63)
core   0: 0x80009806 (0x746c6c93) ori     s9, s8, 1862
core   0: 3 0x80009806 (0x746c6c93) x25 0x918c7746
core   0: 0x8000980a (0x0038ffb3) and     t6, a7, gp
core   0: 3 0x8000980a (0x0038ffb3) x31 0x7f5a602a
core   0: 0x8000980e (0x0000100f) fence.i
core   0: 3 0x8000980e (0x0000100f)
core   0: 0x80009812 (0x0263f6b3) remu    a3, t2, t1
core   0: 3 0x80009812 (0x0263f6b3) x13 0x00000000
core   0: 0x80009816 (0x0236b9b3) mulhu   s3, a3, gp
core   0: 3 0x80009816 (0x0236b9b3) x19 0x00000000
core   0: 0x8000981a (0x00008d09) c.sub   a0, a0
core   0: 3 0x8000981a (0x8d09) x10 0x00000000
core   0: 0x8000981c (0x00008ccd) c.or    s1, a1
core   0: 3 0x8000981c (0x8ccd) x 9 0x8002cce4
core   0: 0x8000981e (0x0001d013) srli    zero, gp, 0
core   0: 3 0x8000981e (0x0001d013)
core   0: 0x80009822 (0x00008549) c.srai  a0, 18
core   0: 3 0x80009822 (0x8549) x10 0x00000000
core   0: 0x80009824 (0xe8dd2d13) slti    s10, s10, -371
core   0: 3 0x80009824 (0xe8dd2d13) x26 0x00000000
core   0: 0x80009828 (0x00008e29) c.xor   a2, a0
core   0: 3 0x80009828 (0x8e29) x12 0xfffff064
core   0: 0x8000982a (0x00000001) c.nop
core   0: 3 0x8000982a (0x0001)
core   0: 0x8000982c (0x2960826f) jal     tp, pc + 0x8296
core   0: 3 0x8000982c (0x2960826f) x 4 0x80009830
core   0: 0x80011ac2 (0x00da7263) bgeu    s4, a3, pc + 4
core   0: 3 0x80011ac2 (0x00da7263)
core   0: 0x80011ac6 (0x00001711) c.addi  a4, -28
core   0: 3 0x80011ac6 (0x1711) x14 0x80028e3c
core   0: 0x80011ac8 (0x00009e2a) c.add   t3, a0
core   0: 3 0x80011ac8 (0x9e2a) x28 0x00000000
core   0: 0x80011aca (0x145b99b7) lui     s3, 0x145b9
core   0: 3 0x80011aca (0x145b99b7) x19 0x145b9000
core   0: 0x80011ace (0x0141d2b3) srl     t0, gp, s4
core   0: 3 0x80011ace (0x0141d2b3) x 5 0x0003fad3
core   0: 0x80011ad2 (0xf6480d13) addi    s10, a6, -156
core   0: 3 0x80011ad2 (0xf6480d13) x26 0x83268650
core   0: 0x80011ad6 (0x03ccd033) divu    zero, s9, t3
core   0: 3 0x80011ad6 (0x03ccd033)
core   0: 0x80011ada (0x00472223) sw      tp, 4(a4)
core   0: 3 0x80011ada (0x00472223) mem 0x80028e40 0x80009830
core   0: 0x80011ade (0x02fdb633) mulhu   a2, s11, a5
core   0: 3 0x80011ade (0x02fdb633) x12 0x00000000
core   0: 0x80011ae2 (0x00af46b3) xor     a3, t5, a0
core   0: 3 0x80011ae2 (0x00af46b3) x13 0x80000000
core   0: 0x80011ae6 (0x00008cd9) c.or    s1, a4
core   0: 3 0x80011ae6 (0x8cd9) x 9 0x8002cefc
core   0: 0x80011ae8 (0x00002617) auipc   a2, 0x2
core   0: 3 0x80011ae8 (0x00002617) x12 0x80013ae8
core   0: 0x80011aec (0xb3960613) addi    a2, a2, -1223
core   0: 3 0x80011aec (0xb3960613) x12 0x80013621
core   0: 0x80011af0 (0x00000001) c.nop
core   0: 3 0x80011af0 (0x0001)
core   0: 0x80011af2 (0x0193d413) srli    s0, t2, 25
core   0: 3 0x80011af2 (0x0193d413) x 8 0x00000000
core   0: 0x80011af6 (0x22760493) addi    s1, a2, 551
core   0: 3 0x80011af6 (0x22760493) x 9 0x80013848
core   0: 0x80011afa (0x01dae6b3) or      a3, s5, t4
core   0: 3 0x80011afa (0x01dae6b3) x13 0x437ff000
core   0: 0x80011afe (0x0000100f) fence.i
core   0: 3 0x80011afe (0x0000100f)
core   0: 0x80011b02 (0xffa64783) lbu     a5, -6(a2)
core   0: 3 0x80011b02 (0xffa64783) x15 0x00000000 mem 0x8001361b
core   0: 0x80011b06 (0x0112bb33) sltu    s6, t0, a7
core   0: 3 0x80011b06 (0x0112bb33) x22 0x00000001
core   0: 0x80011b0a (0xff765203) lhu     tp, -9(a2)
core   0: 3 0x80011b0a (0xff765203) x 4 0x00000000 mem 0x80013618
core   0: 0x80011b0e (0x01064d03) lbu     s10, 16(a2)
core   0: 3 0x80011b0e (0x01064d03) x26 0x00000000 mem 0x80013631
core   0: 0x80011b12 (0x0082e9b3) or      s3, t0, s0
core   0: 3 0x80011b12 (0x0082e9b3) x19 0x0003fad3
core   0: 0x80011b16 (0xff8608a3) sb      s8, -15(a2)
core   0: 3 0x80011b16 (0xff8608a3) mem 0x80013612 0x0
core   0: 0x80011b1a (0x00a60783) lb      a5, 10(a2)
core   0: 3 0x80011b1a (0x00a60783) x15 0x00000064 mem 0x8001362b
core   0: 0x80011b1e (0x000082f9) c.srli  a3, 30
core   0: 3 0x80011b1e (0x82f9) x13 0x00000001
core   0: 0x80011b20 (0xd5b12f93) slti    t6, sp, -677
core   0: 3 0x80011b20 (0xd5b12f93) x31 0x00000000
core   0: 0x80011b24 (0xa8200413) li      s0, -1406
core   0: 3 0x80011b24 (0xa8200413) x 8 0xfffffa82
core   0: 0x80011b28 (0x00000bf1) c.addi  s7, 28
core   0: 3 0x80011b28 (0x0bf1) x23 0x0000201c
core   0: 0x80011b2a (0x403c88b3) sub     a7, s9, gp
core   0: 3 0x80011b2a (0x403c88b3) x17 0x12320d0c
core   0: 0x80011b2e (0x01e60223) sb      t5, 4(a2)
core   0: 3 0x80011b2e (0x01e60223) mem 0x80013625 0x0
core   0: 0x80011b32 (0x00000dde) c.slli  s11, 23
core   0: 3 0x80011b32 (0x0dde) x27 0x78800000
core   0: 0x80011b34 (0x00260b03) lb      s6, 2(a2)
core   0: 3 0x80011b34 (0x00260b03) x22 0x00000000 mem 0x80013623
core   0: 0x80011b38 (0xfe260e23) sb      sp, -4(a2)
core   0: 3 0x80011b38 (0xfe260e23) mem 0x8001361d 0x6e
core   0: 0x80011b3c (0x0000883d) c.andi  s0, 15
core   0: 3 0x80011b3c (0x883d) x 8 0x00000002
core   0: 0x80011b3e (0x00001514) c.addi4spn a3, sp, 672
core   0: 3 0x80011b3e (0x1514) x13 0x7f5a680e
core   0: 0x80011b40 (0x00a60623) sb      a0, 12(a2)
core   0: 3 0x80011b40 (0x00a60623) mem 0x8001362d 0x0
core   0: 0x80011b44 (0x00c612a3) sh      a2, 5(a2)
core   0: 3 0x80011b44 (0x00c612a3) mem 0x80013626 0x3621
core   0: 0x80011b48 (0x0000147d) c.addi  s0, -1
core   0: 3 0x80011b48 (0x147d) x 8 0x00000001
core   0: 0x80011b4a (0xff364d03) lbu     s10, -13(a2)
core   0: 3 0x80011b4a (0xff364d03) x26 0x00000000 mem 0x80013614
core   0: 0x80011b4e (0x00002a17) auipc   s4, 0x2
core   0: 3 0x80011b4e (0x00002a17) x20 0x80013b4e
core   0: 0x80011b52 (0x97aa0a13) addi    s4, s4, -1670
core   0: 3 0x80011b52 (0x97aa0a13) x20 0x800134c8
core   0: 0x80011b56 (0xf17a0e03) lb      t3, -233(s4)
core   0: 3 0x80011b56 (0xf17a0e03) x28 0x00000000 mem 0x800133df
core   0: 0x80011b5a (0xf29a0323) sb      s1, -218(s4)
core   0: 3 0x80011b5a (0xf29a0323) mem 0x800133ee 0x48
core   0: 0x80011b5e (0x095a4283) lbu     t0, 149(s4)
core   0: 3 0x80011b5e (0x095a4283) x 5 0x00000000 mem 0x8001355d
core   0: 0x80011b62 (0x0e3a4f83) lbu     t6, 227(s4)
core   0: 3 0x80011b62 (0x0e3a4f83) x31 0x00000000 mem 0x800135ab
core   0: 0x80011b66 (0xf94a1203) lh      tp, -108(s4)
core   0: 3 0x80011b66 (0xf94a1203) x 4 0x00000000 mem 0x8001345c
core   0: 0x80011b6a (0xf81a0183) lb      gp, -127(s4)
core   0: 3 0x80011b6a (0xf81a0183) x 3 0x00000000 mem 0x80013449
core   0: 0x80011b6e (0x06aa0aa3) sb      a0, 117(s4)
core   0: 3 0x80011b6e (0x06aa0aa3) mem 0x8001353d 0x0
core   0: 0x80011b72 (0x0ff0000f) fence   iorw,iorw
core   0: 3 0x80011b72 (0x0ff0000f)
core   0: 0x80011b76 (0x075a4303) lbu     t1, 117(s4)
core   0: 3 0x80011b76 (0x075a4303) x 6 0x00000000 mem 0x8001353d
core   0: 0x80011b7a (0xfb4a4f83) lbu     t6, -76(s4)
core   0: 3 0x80011b7a (0xfb4a4f83) x31 0x00000000 mem 0x8001347c
core   0: 0x80011b7e (0xf4ba4e03) lbu     t3, -181(s4)
core   0: 3 0x80011b7e (0xf4ba4e03) x28 0x00000000 mem 0x80013413
core   0: 0x80011b82 (0xfbda0c83) lb      s9, -67(s4)
core   0: 3 0x80011b82 (0xfbda0c83) x25 0x00000000 mem 0x80013485
core   0: 0x80011b86 (0xfbda4b83) lbu     s7, -67(s4)
core   0: 3 0x80011b86 (0xfbda4b83) x23 0x00000000 mem 0x80013485
core   0: 0x80011b8a (0x0187d513) srli    a0, a5, 24
core   0: 3 0x80011b8a (0x0187d513) x10 0x00000000
core   0: 0x80011b8e (0x08da4003) lbu     zero, 141(s4)
core   0: 3 0x80011b8e (0x08da4003) mem 0x80013555
core   0: 0x80011b92 (0x03ba0c03) lb      s8, 59(s4)
core   0: 3 0x80011b92 (0x03ba0c03) x24 0x00000000 mem 0x80013503
core   0: 0x80011b96 (0xfc0a5f83) lhu     t6, -64(s4)
core   0: 3 0x80011b96 (0xfc0a5f83) x31 0x00000000 mem 0x80013488
core   0: 0x80011b9a (0xfc0a1283) lh      t0, -64(s4)
core   0: 3 0x80011b9a (0xfc0a1283) x 5 0x00000000 mem 0x80013488
core   0: 0x80011b9e (0x004c9633) sll     a2, s9, tp
core   0: 3 0x80011b9e (0x004c9633) x12 0x00000000
core   0: 0x80011ba2 (0x03675d33) divu    s10, a4, s6
core   0: 3 0x80011ba2 (0x03675d33) x26 0xffffffff
core   0: 0x80011ba6 (0x00008cc5) c.or    s1, s1
core   0: 3 0x80011ba6 (0x8cc5) x 9 0x80013848
core   0: 0x80011ba8 (0x0c9a4e03) lbu     t3, 201(s4)
core   0: 3 0x80011ba8 (0x0c9a4e03) x28 0x00000000 mem 0x80013591
core   0: 0x80011bac (0x00006135) c.addi16sp sp, 352
core   0: 3 0x80011bac (0x6135) x 2 0x7f5a66ce
core   0: 0x80011bae (0x00009d1e) c.add   s10, t2
core   0: 3 0x80011bae (0x9d1e) x26 0xffffffff
core   0: 0x80011bb0 (0x0000e28d) c.bnez  a3, pc + 34
core   0: 3 0x80011bb0 (0xe28d)
core   0: 0x80011bd2 (0x0010f1b3) and     gp, ra, ra
core   0: 3 0x80011bd2 (0x0010f1b3) x 3 0x832686ec
core   0: 0x80011bd6 (0x00000001) c.nop
core   0: 3 0x80011bd6 (0x0001)
core   0: 0x80011bd8 (0x00000001) c.nop
core   0: 3 0x80011bd8 (0x0001)
core   0: 0x80011bda (0x017fd9b3) srl     s3, t6, s7
core   0: 3 0x80011bda (0x017fd9b3) x19 0x00000000
core   0: 0x80011bde (0x02ef5863) bge     t5, a4, pc + 48
core   0: 3 0x80011bde (0x02ef5863)
core   0: 0x80011be2 (0x00008cf5) c.and   s1, a3
core   0: 3 0x80011be2 (0x8cf5) x 9 0x00002808
core   0: 0x80011be4 (0x00008d6d) c.and   a0, a1
core   0: 3 0x80011be4 (0x8d6d) x10 0x00000000
core   0: 0x80011be6 (0x039c94b3) mulh    s1, s9, s9
core   0: 3 0x80011be6 (0x039c94b3) x 9 0x00000000
core   0: 0x80011bea (0x03a5fd13) andi    s10, a1, 58
core   0: 3 0x80011bea (0x03a5fd13) x26 0x00000020
core   0: 0x80011bee (0x033c9563) bne     s9, s3, pc + 42
core   0: 3 0x80011bee (0x033c9563)
core   0: 0x80011bf2 (0x00008cc2) c.mv    s9, a6
core   0: 3 0x80011bf2 (0x8cc2) x25 0x832686ec
core   0: 0x80011bf4 (0x02f137b3) mulhu   a5, sp, a5
core   0: 3 0x80011bf4 (0x02f137b3) x15 0x00000031
core   0: 0x80011bf8 (0x874d6513) ori     a0, s10, -1932
core   0: 3 0x80011bf8 (0x874d6513) x10 0xfffff874
core   0: 0x80011bfc (0x00000392) c.slli  t2, 4
core   0: 3 0x80011bfc (0x0392) x 7 0x00000000
core   0: 0x80011bfe (0x027be1b3) rem     gp, s7, t2
core   0: 3 0x80011bfe (0x027be1b3) x 3 0x00000000
core   0: 0x80011c02 (0x02a54163) blt     a0, a0, pc + 34
core   0: 3 0x80011c02 (0x02a54163)
core   0: 0x80011c06 (0x00009152) c.add   sp, s4
core   0: 3 0x80011c06 (0x9152) x 2 0xff5b9b96
core   0: 0x80011c08 (0x00d6bfb3) sltu    t6, a3, a3
core   0: 3 0x80011c08 (0x00d6bfb3) x31 0x00000000
core   0: 0x80011c0c (0x0000e409) c.bnez  s0, pc + 10
core   0: 3 0x80011c0c (0xe409)
core   0: 0x80011c16 (0x00008e79) c.and   a2, a4
core   0: 3 0x80011c16 (0x8e79) x12 0x00000000
core   0: 0x80011c18 (0x0000e611) c.bnez  a2, pc + 12
core   0: 3 0x80011c18 (0xe611)
core   0: 0x80011c1a (0x000098fd) c.andi  s1, -1
core   0: 3 0x80011c1a (0x98fd) x 9 0x00000000
core   0: 0x80011c1c (0x025b7b33) remu    s6, s6, t0
core   0: 3 0x80011c1c (0x025b7b33) x22 0x00000000
core   0: 0x80011c20 (0x41165633) sra     a2, a2, a7
core   0: 3 0x80011c20 (0x41165633) x12 0x00000000
core   0: 0x80011c24 (0x01ab22b3) slt     t0, s6, s10
core   0: 3 0x80011c24 (0x01ab22b3) x 5 0x00000001
core   0: 0x80011c28 (0x0ff0000f) fence   iorw,iorw
core   0: 3 0x80011c28 (0x0ff0000f)
core   0: 0x80011c2c (0x00472203) lw      tp, 4(a4)
core   0: 3 0x80011c2c (0x00472203) x 4 0x80009830 mem 0x80028e40
core   0: 0x80011c30 (0x00008e11) c.sub   a2, a2
core   0: 3 0x80011c30 (0x8e11) x12 0x00000000
core   0: 0x80011c32 (0x00000771) c.addi  a4, 28
core   0: 3 0x80011c32 (0x0771) x14 0x80028e58
core   0: 0x80011c34 (0x4169dc13) srai    s8, s3, 22
core   0: 3 0x80011c34 (0x4169dc13) x24 0x00000000
core   0: 0x80011c38 (0x00120493) addi    s1, tp, 1
core   0: 3 0x80011c38 (0x00120493) x 9 0x80009831
core   0: 0x80011c3c (0x00009482) c.jalr  s1
core   0: 3 0x80011c3c (0x9482) x 1 0x80011c3e
core   0: 0x80009830 (0x01bb5fb3) srl     t6, s6, s11
core   0: 3 0x80009830 (0x01bb5fb3) x31 0x00000000
core   0: 0x80009834 (0x0000839a) c.mv    t2, t1
core   0: 3 0x80009834 (0x839a) x 7 0x00000000
core   0: 0x80009836 (0x0000ed15) c.bnez  a0, pc + 60
core   0: 3 0x80009836 (0xed15)
core   0: 0x80009872 (0x019df6b3) and     a3, s11, s9
core   0: 3 0x80009872 (0x019df6b3) x13 0x00000000
core   0: 0x80009876 (0x00006319) c.lui   t1, 0x6
core   0: 3 0x80009876 (0x6319) x 6 0x00006000
core   0: 0x80009878 (0x02402433) mulhsu  s0, zero, tp
core   0: 3 0x80009878 (0x02402433) x 8 0x00000000
core   0: 0x8000987c (0x0000717d) c.addi16sp sp, -16
core   0: 3 0x8000987c (0x717d) x 2 0xff5b9b86
core   0: 0x8000987e (0x417689b3) sub     s3, a3, s7
core   0: 3 0x8000987e (0x417689b3) x19 0x00000000
core   0: 0x80009882 (0x000083dd) c.srli  a5, 23
core   0: 3 0x80009882 (0x83dd) x15 0x00000000
core   0: 0x80009884 (0x0395fb33) remu    s6, a1, s9
core   0: 3 0x80009884 (0x0395fb33) x22 0x8002cce4
core   0: 0x80009888 (0x0275fb33) remu    s6, a1, t2
core   0: 3 0x80009888 (0x0275fb33) x22 0x8002cce4
core   0: 0x8000988c (0x0000100f) fence.i
core   0: 3 0x8000988c (0x0000100f)
core   0: 0x80009890 (0x02de4563) blt     t3, a3, pc + 42
core   0: 3 0x80009890 (0x02de4563)
core   0: 0x80009894 (0x402ddd93) srai    s11, s11, 2
core   0: 3 0x80009894 (0x402ddd93) x27 0x1e200000
core   0: 0x80009898 (0x028e3b33) mulhu   s6, t3, s0
core   0: 3 0x80009898 (0x028e3b33) x22 0x00000000
core   0: 0x8000989c (0x0000997d) c.andi  a0, -1
core   0: 3 0x8000989c (0x997d) x10 0xfffff874
core   0: 0x8000989e (0x01f259b3) srl     s3, tp, t6
core   0: 3 0x8000989e (0x01f259b3) x19 0x80009830
core   0: 0x800098a2 (0x03a1d763) bge     gp, s10, pc + 46
core   0: 3 0x800098a2 (0x03a1d763)
core   0: 0x800098a6 (0xaf91f517) auipc   a0, 0xaf91f
core   0: 3 0x800098a6 (0xaf91f517) x10 0x2f9288a6
core   0: 0x800098aa (0x020cefb3) rem     t6, s9, zero
core   0: 3 0x800098aa (0x020cefb3) x31 0x832686ec
core   0: 0x800098ae (0x01d64b93) xori    s7, a2, 29
core   0: 3 0x800098ae (0x01d64b93) x23 0x0000001d
core   0: 0x800098b2 (0x00008ada) c.mv    s5, s6
core   0: 3 0x800098b2 (0x8ada) x21 0x00000000
core   0: 0x800098b4 (0x012320b3) slt     ra, t1, s2
core   0: 3 0x800098b4 (0x012320b3) x 1 0x00000000
core   0: 0x800098b8 (0x00006609) c.lui   a2, 0x2
core   0: 3 0x800098b8 (0x6609) x12 0x00002000
core   0: 0x800098ba (0x030a4b63) blt     s4, a6, pc + 54
core   0: 3 0x800098ba (0x030a4b63)
core   0: 0x800098f0 (0x003f0e63) beq     t5, gp, pc + 28
core   0: 3 0x800098f0 (0x003f0e63)
core   0: 0x800098f4 (0x0000094e) c.slli  s2, 19
core   0: 3 0x800098f4 (0x094e) x18 0x00000000
core   0: 0x800098f6 (0x406cd1b3) sra     gp, s9, t1
core   0: 3 0x800098f6 (0x406cd1b3) x 3 0x832686ec
core   0: 0x800098fa (0xc22d8b13) addi    s6, s11, -990
core   0: 3 0x800098fa (0xc22d8b13) x22 0x1e1ffc22
core   0: 0x800098fe (0x00a87763) bgeu    a6, a0, pc + 14
core   0: 3 0x800098fe (0x00a87763)
core   0: 0x8000990c (0x00686ab3) or      s5, a6, t1
core   0: 3 0x8000990c (0x00686ab3) x21 0x8326e6ec
core   0: 0x80009910 (0x00008fd9) c.or    a5, a4
core   0: 3 0x80009910 (0x8fd9) x15 0x80028e58
core   0: 0x80009912 (0x00472203) lw      tp, 4(a4)
core   0: 3 0x80009912 (0x00472203) x 4 0x8000533a mem 0x80028e5c
core   0: 0x80009916 (0x41bd5333) sra     t1, s10, s11
core   0: 3 0x80009916 (0x41bd5333) x 6 0x00000020
core   0: 0x8000991a (0x0ff0000f) fence   iorw,iorw
core   0: 3 0x8000991a (0x0ff0000f)
core   0: 0x8000991e (0x00000731) c.addi  a4, 12
core   0: 3 0x8000991e (0x0731) x14 0x80028e64
core   0: 0x80009920 (0x83538e93) addi    t4, t2, -1995
core   0: 3 0x80009920 (0x83538e93) x29 0xfffff835
core   0: 0x80009924 (0x00008ced) c.and   s1, a1
core   0: 3 0x80009924 (0x8ced) x 9 0x80008820
core   0: 0x80009926 (0x000087ad) c.srai  a5, 11
core   0: 3 0x80009926 (0x87ad) x15 0xfff00051
core   0: 0x80009928 (0x01bb50b3) srl     ra, s6, s11
core   0: 3 0x80009928 (0x01bb50b3) x 1 0x1e1ffc22
core   0: 0x8000992c (0x01f8c3b3) xor     t2, a7, t6
core   0: 3 0x8000992c (0x01f8c3b3) x 7 0x91148be0
core   0: 0x80009930 (0x02983633) mulhu   a2, a6, s1
core   0: 3 0x80009930 (0x02983633) x12 0x41938932
core   0: 0x80009934 (0x00020693) mv      a3, tp
core   0: 3 0x80009934 (0x00020693) x13 0x8000533a
core   0: 0x80009938 (0x000686e7) jalr    a3, a3, 0
core   0: 3 0x80009938 (0x000686e7) x13 0x8000993c
core   0: 0x8000533a (0x00001000) c.addi4spn s0, sp, 32
core   0: 3 0x8000533a (0x1000) x 8 0xff5b9ba6
core   0: 0x8000533c (0x039110b3) mulh    ra, sp, s9
core   0: 3 0x8000533c (0x039110b3) x 1 0x00502c52
core   0: 0x80005340 (0xb3d0b997) auipc   s3, 0xb3d0b
core   0: 3 0x80005340 (0xb3d0b997) x19 0x33d10340
core   0: 0x80005344 (0x00b687b3) add     a5, a3, a1
core   0: 3 0x80005344 (0x00b687b3) x15 0x00036620
core   0: 0x80005348 (0x00000c9c) c.addi4spn a5, sp, 592
core   0: 3 0x80005348 (0x0c9c) x15 0xff5b9dd6
core   0: 0x8000534a (0x02c28863) beq     t0, a2, pc + 48
core   0: 3 0x8000534a (0x02c28863)
core   0: 0x8000534e (0x00d71013) slli    zero, a4, 13
core   0: 3 0x8000534e (0x00d71013)
core   0: 0x80005352 (0x4142ddb3) sra     s11, t0, s4
core   0: 3 0x80005352 (0x4142ddb3) x27 0x00000000
core   0: 0x80005356 (0xf0222d13) slti    s10, tp, -254
core   0: 3 0x80005356 (0xf0222d13) x26 0x00000001
core   0: 0x8000535a (0x00008af9) c.andi  a3, 30
core   0: 3 0x8000535a (0x8af9) x13 0x0000001c
core   0: 0x8000535c (0x000086c6) c.mv    a3, a7
core   0: 3 0x8000535c (0x86c6) x13 0x12320d0c
core   0: 0x8000535e (0x035fcb33) div     s6, t6, s5
core   0: 3 0x8000535e (0x035fcb33) x22 0x00000001
core   0: 0x80005362 (0x02695cb3) divu    s9, s2, t1
core   0: 3 0x80005362 (0x02695cb3) x25 0x00000000
core   0: 0x80005366 (0x00c5abb3) slt     s7, a1, a2
core   0: 3 0x80005366 (0x00c5abb3) x23 0x00000001
core   0: 0x8000536a (0x020af833) remu    a6, s5, zero
core   0: 3 0x8000536a (0x020af833) x16 0x8326e6ec
core   0: 0x8000536e (0x41cd5f93) srai    t6, s10, 28
core   0: 3 0x8000536e (0x41cd5f93) x31 0x00000000
core   0: 0x80005372 (0x03fb2b33) mulhsu  s6, s6, t6
core   0: 3 0x80005372 (0x03fb2b33) x22 0x00000000
core   0: 0x80005376 (0x0203edb3) rem     s11, t2, zero
core   0: 3 0x80005376 (0x0203edb3) x27 0x91148be0
core   0: 0x8000537a (0x030bae33) mulhsu  t3, s7, a6
core   0: 3 0x8000537a (0x030bae33) x28 0x00000000
core   0: 0x8000537e (0x00006139) c.addi16sp sp, 448
core   0: 3 0x8000537e (0x6139) x 2 0xff5b9d46
core   0: 0x80005380 (0x0000100f) fence.i
core   0: 3 0x80005380 (0x0000100f)
core   0: 0x80005384 (0x0006f9b3) and     s3, a3, zero
core   0: 3 0x80005384 (0x0006f9b3) x19 0x00000000
core   0: 0x80005388 (0x03b0d863) bge     ra, s11, pc + 48
core   0: 3 0x80005388 (0x03b0d863)
core   0: 0x800053b8 (0x4061db93) srai    s7, gp, 6
core   0: 3 0x800053b8 (0x4061db93) x23 0xfe0c9a1b
core   0: 0x800053bc (0x01326833) or      a6, tp, s3
core   0: 3 0x800053bc (0x01326833) x16 0x8000533a
core   0: 0x800053c0 (0x931eaa13) slti    s4, t4, -1743
core   0: 3 0x800053c0 (0x931eaa13) x20 0x00000001
core   0: 0x800053c4 (0xc2dfbb97) auipc   s7, 0xc2dfb
core   0: 3 0x800053c4 (0xc2dfbb97) x23 0x42e003c4
core   0: 0x800053c8 (0x0060cd33) xor     s10, ra, t1
core   0: 3 0x800053c8 (0x0060cd33) x26 0x00502c72
core   0: 0x800053cc (0x40668e33) sub     t3, a3, t1
core   0: 3 0x800053cc (0x40668e33) x28 0x12320cec
core   0: 0x800053d0 (0x000084a1) c.srai  s1, 8
core   0: 3 0x800053d0 (0x84a1) x 9 0xff800088
core   0: 0x800053d2 (0x00195db3) srl     s11, s2, ra
core   0: 3 0x800053d2 (0x00195db3) x27 0x00000000
core   0: 0x800053d6 (0x033613b3) mulh    t2, a2, s3
core   0: 3 0x800053d6 (0x033613b3) x 7 0x00000000
core   0: 0x800053da (0x0000cb89) c.beqz  a5, pc + 18
core   0: 3 0x800053da (0xcb89)
core   0: 0x800053dc (0x00e03033) snez    zero, a4
core   0: 3 0x800053dc (0x00e03033)
core   0: 0x800053e0 (0x41f68133) sub     sp, a3, t6
core   0: 3 0x800053e0 (0x41f68133) x 2 0x12320d0c
core   0: 0x800053e4 (0x02678433) mul     s0, a5, t1
core   0: 3 0x800053e4 (0x02678433) x 8 0xeb73bac0
core   0: 0x800053e8 (0x033c97b3) mulh    a5, s9, s3
core   0: 3 0x800053e8 (0x033c97b3) x15 0x00000000
core   0: 0x800053ec (0x01d44e63) blt     s0, t4, pc + 28
core   0: 3 0x800053ec (0x01d44e63)
core   0: 0x80005408 (0x41215e13) srai    t3, sp, 18
core   0: 3 0x80005408 (0x41215e13) x28 0x0000048c
core   0: 0x8000540c (0x03002633) mulhsu  a2, zero, a6
core   0: 3 0x8000540c (0x03002633) x12 0x00000000
core   0: 0x80005410 (0x000080ae) c.mv    ra, a1
core   0: 3 0x80005410 (0x80ae) x 1 0x8002cce4
core   0: 0x80005412 (0x000098fd) c.andi  s1, -1
core   0: 3 0x80005412 (0x98fd) x 9 0xff800088
core   0: 0x80005414 (0x000084f2) c.mv    s1, t3
core   0: 3 0x80005414 (0x84f2) x 9 0x0000048c
core   0: 0x80005416 (0x0000883e) c.mv    a6, a5
core   0: 3 0x80005416 (0x883e) x16 0x00000000
core   0: 0x80005418 (0x01194433) xor     s0, s2, a7
core   0: 3 0x80005418 (0x01194433) x 8 0x12320d0c
core   0: 0x8000541c (0x00000e75) c.addi  t3, 29
core   0: 3 0x8000541c (0x0e75) x28 0x000004a9
core   0: 0x8000541e (0x0000137d) c.addi  t1, -1
core   0: 3 0x8000541e (0x137d) x 6 0x0000001f
core   0: 0x80005420 (0x01c5a7b3) slt     a5, a1, t3
core   0: 3 0x80005420 (0x01c5a7b3) x15 0x00000001
core   0: 0x80005424 (0x02ed6663) bltu    s10, a4, pc + 44
core   0: 3 0x80005424 (0x02ed6663)
core   0: 0x80005450 (0x00fa6863) bltu    s4, a5, pc + 16
core   0: 3 0x80005450 (0x00fa6863)
core   0: 0x80005454 (0x000001a2) c.slli  gp, 8
core   0: 3 0x80005454 (0x01a2) x 3 0x2686ec00
core   0: 0x80005456 (0x030b3c33) mulhu   s8, s6, a6
core   0: 3 0x80005456 (0x030b3c33) x24 0x00000000
core   0: 0x8000545a (0x00008ee1) c.and   a3, s0
core   0: 3 0x8000545a (0x8ee1) x13 0x12320d0c
core   0: 0x8000545c (0x01032133) slt     sp, t1, a6
core   0: 3 0x8000545c (0x01032133) x 2 0x00000000
core   0: 0x80005460 (0x0718d563) bge     a7, a7, pc + 106
core   0: 3 0x80005460 (0x0718d563)
core   0: 0x800054ca (0x00008091) c.srli  s1, 4
core   0: 3 0x800054ca (0x8091) x 9 0x00000048
core   0: 0x800054cc (0x00000d9e) c.slli  s11, 7
core   0: 3 0x800054cc (0x0d9e) x27 0x00000000
core   0: 0x800054ce (0x05137c63) bgeu    t1, a7, pc + 88
core   0: 3 0x800054ce (0x05137c63)
core   0: 0x800054d2 (0x00002a97) auipc   s5, 0x2
core   0: 3 0x800054d2 (0x00002a97) x21 0x800074d2
core   0: 0x800054d6 (0x928a8a93) addi    s5, s5, -1752
core   0: 3 0x800054d6 (0x928a8a93) x21 0x80006dfa
core   0: 0x800054da (0x000086b1) c.srai  a3, 12
core   0: 3 0x800054da (0x86b1) x13 0x00012320
core   0: 0x800054dc (0xc35a8a93) addi    s5, s5, -971
core   0: 3 0x800054dc (0xc35a8a93) x21 0x80006a2f
core   0: 0x800054e0 (0x00008485) c.srai  s1, 1
core   0: 3 0x800054e0 (0x8485) x 9 0x00000024
core   0: 0x800054e2 (0x02425e33) divu    t3, tp, tp
core   0: 3 0x800054e2 (0x02425e33) x28 0x00000001
core   0: 0x800054e6 (0x5a0cee93) ori     t4, s9, 1440
core   0: 3 0x800054e6 (0x5a0cee93) x29 0x000005a0
core   0: 0x800054ea (0x03c256b3) divu    a3, tp, t3
core   0: 3 0x800054ea (0x03c256b3) x13 0x8000533a
core   0: 0x800054ee (0x03746e33) rem     t3, s0, s7
core   0: 3 0x800054ee (0x03746e33) x28 0x12320d0c
core   0: 0x800054f2 (0x3cba8267) jalr    tp, s5, 971
core   0: 3 0x800054f2 (0x3cba8267) x 4 0x800054f6
core   0: 0x80006dfa (0x02a4e933) rem     s2, s1, a0
core   0: 3 0x80006dfa (0x02a4e933) x18 0x00000024
core   0: 0x80006dfe (0x00001751) c.addi  a4, -12
core   0: 3 0x80006dfe (0x1751) x14 0x80028e58
core   0: 0x80006e00 (0x00472223) sw      tp, 4(a4)
core   0: 3 0x80006e00 (0x00472223) mem 0x80028e5c 0x800054f6
core   0: 0x80006e04 (0x00000b9c) c.addi4spn a5, sp, 464
core   0: 3 0x80006e04 (0x0b9c) x15 0x000001d0
core   0: 0x80006e06 (0x00008969) c.andi  a0, 26
core   0: 3 0x80006e06 (0x8969) x10 0x00000002
core   0: 0x80006e08 (0x00000001) c.nop
core   0: 3 0x80006e08 (0x0001)
core   0: 0x80006e0a (0x00017917) auipc   s2, 0x17
core   0: 3 0x80006e0a (0x00017917) x18 0x8001de0a
core   0: 0x80006e0e (0x0c590913) addi    s2, s2, 197
core   0: 3 0x80006e0e (0x0c590913) x18 0x8001decf
core   0: 0x80006e12 (0x0c4919a3) sh      tp, 211(s2)
core   0: 3 0x80006e12 (0x0c4919a3) mem 0x8001dfa2 0x54f6
core   0: 0x80006e16 (0x00008151) c.srli  a0, 20
core   0: 3 0x80006e16 (0x8151) x10 0x00000000
core   0: 0x80006e18 (0x03f68033) mul     zero, a3, t6
core   0: 3 0x80006e18 (0x03f68033)
core   0: 0x80006e1c (0x02494a03) lbu     s4, 36(s2)
core   0: 3 0x80006e1c (0x02494a03) x20 0x00000000 mem 0x8001def3
core   0: 0x80006e20 (0xfff95f83) lhu     t6, -1(s2)
core   0: 3 0x80006e20 (0xfff95f83) x31 0x00000000 mem 0x8001dece
core   0: 0x80006e24 (0xff591fa3) sh      s5, -1(s2)
core   0: 3 0x80006e24 (0xff591fa3) mem 0x8001dece 0x6a2f
core   0: 0x80006e28 (0xfff94b83) lbu     s7, -1(s2)
core   0: 3 0x80006e28 (0xfff94b83) x23 0x0000002f mem 0x8001dece
core   0: 0x80006e2c (0xfed90fa3) sb      a3, -1(s2)
core   0: 3 0x80006e2c (0xfed90fa3) mem 0x8001dece 0x3a
core   0: 0x80006e30 (0xfff91c83) lh      s9, -1(s2)
core   0: 3 0x80006e30 (0xfff91c83) x25 0x00006a3a mem 0x8001dece
core   0: 0x80006e34 (0xff791fa3) sh      s7, -1(s2)
core   0: 3 0x80006e34 (0xff791fa3) mem 0x8001dece 0x002f
core   0: 0x80006e38 (0x0000829d) c.srli  a3, 7
core   0: 3 0x80006e38 (0x829d) x13 0x010000a6
core   0: 0x80006e3a (0xfff90303) lb      t1, -1(s2)
core   0: 3 0x80006e3a (0xfff90303) x 6 0x0000002f mem 0x8001dece
core   0: 0x80006e3e (0xfe690fa3) sb      t1, -1(s2)
core   0: 3 0x80006e3e (0xfe690fa3) mem 0x8001dece 0x2f
core   0: 0x80006e42 (0xfff91b83) lh      s7, -1(s2)
core   0: 3 0x80006e42 (0xfff91b83) x23 0x0000002f mem 0x8001dece
core   0: 0x80006e46 (0x01c15d93) srli    s11, sp, 28
core   0: 3 0x80006e46 (0x01c15d93) x27 0x00000000
core   0: 0x80006e4a (0xfff91383) lh      t2, -1(s2)
core   0: 3 0x80006e4a (0xfff91383) x 7 0x0000002f mem 0x8001dece
core   0: 0x80006e4e (0xff691fa3) sh      s6, -1(s2)
core   0: 3 0x80006e4e (0xff691fa3) mem 0x8001dece 0x0000
core   0: 0x80006e52 (0xff691fa3) sh      s6, -1(s2)
core   0: 3 0x80006e52 (0xff691fa3) mem 0x8001dece 0x0000
core   0: 0x80006e56 (0x0007d813) srli    a6, a5, 0
core   0: 3 0x80006e56 (0x0007d813) x16 0x000001d0
core   0: 0x80006e5a (0xfff94183) lbu     gp, -1(s2)
core   0: 3 0x80006e5a (0xfff94183) x 3 0x00000000 mem 0x8001dece
core   0: 0x80006e5e (0xff191fa3) sh      a7, -1(s2)
core   0: 3 0x80006e5e (0xff191fa3) mem 0x8001dece 0x0d0c
core   0: 0x80006e62 (0x03d506b3) mul     a3, a0, t4
core   0: 3 0x80006e62 (0x03d506b3) x13 0x00000000
core   0: 0x80006e66 (0xfff91283) lh      t0, -1(s2)
core   0: 3 0x80006e66 (0xfff91283) x 5 0x00000d0c mem 0x8001dece
core   0: 0x80006e6a (0x0001bc97) auipc   s9, 0x1b
core   0: 3 0x80006e6a (0x0001bc97) x25 0x80021e6a
core   0: 0x80006e6e (0xf3bc8c93) addi    s9, s9, -197
core   0: 3 0x80006e6e (0xf3bc8c93) x25 0x80021da5
core   0: 0x80006e72 (0x001c9183) lh      gp, 1(s9)
core   0: 3 0x80006e72 (0x001c9183) x 3 0x00000000 mem 0x80021da6
core   0: 0x80006e76 (0xff9c9aa3) sh      s9, -11(s9)
core   0: 3 0x80006e76 (0xff9c9aa3) mem 0x80021d9a 0x1da5
core   0: 0x80006e7a (0x41d780b3) sub     ra, a5, t4
core   0: 3 0x80006e7a (0x41d780b3) x 1 0xfffffc30
core   0: 0x80006e7e (0xff3cc183) lbu     gp, -13(s9)
core   0: 3 0x80006e7e (0xff3cc183) x 3 0x00000000 mem 0x80021d98
core   0: 0x80006e82 (0x032f6e33) rem     t3, t5, s2
core   0: 3 0x80006e82 (0x032f6e33) x28 0xfffe2131
core   0: 0x80006e86 (0x0000717d) c.addi16sp sp, -16
core   0: 3 0x80006e86 (0x717d) x 2 0xfffffff0
core   0: 0x80006e88 (0xff6cc403) lbu     s0, -10(s9)
core   0: 3 0x80006e88 (0xff6cc403) x 8 0x0000001d mem 0x80021d9b
core   0: 0x80006e8c (0x00008cc1) c.or    s1, s0
core   0: 3 0x80006e8c (0x8cc1) x 9 0x0000003d
core   0: 0x80006e8e (0x00bccd83) lbu     s11, 11(s9)
core   0: 3 0x80006e8e (0x00bccd83) x27 0x00000000 mem 0x80021db0
core   0: 0x80006e92 (0x00008cd1) c.or    s1, a2
core   0: 3 0x80006e92 (0x8cd1) x 9 0x0000003d
core   0: 0x80006e94 (0x008cc283) lbu     t0, 8(s9)
core   0: 3 0x80006e94 (0x008cc283) x 5 0x00000000 mem 0x80021dad
core   0: 0x80006e98 (0xff7c8b83) lb      s7, -9(s9)
core   0: 3 0x80006e98 (0xff7c8b83) x23 0x00000000 mem 0x80021d9c
core   0: 0x80006e9c (0xff0c8b23) sb      a6, -10(s9)
core   0: 3 0x80006e9c (0xff0c8b23) mem 0x80021d9b 0xd0
core   0: 0x80006ea0 (0xff0c8a03) lb      s4, -16(s9)
core   0: 3 0x80006ea0 (0xff0c8a03) x20 0x00000000 mem 0x80021d95
core   0: 0x80006ea4 (0xff6c8d03) lb      s10, -10(s9)
core   0: 3 0x80006ea4 (0xff6c8d03) x26 0xffffffd0 mem 0x80021d9b
core   0: 0x80006ea8 (0xfecc88a3) sb      a2, -15(s9)
core   0: 3 0x80006ea8 (0xfecc88a3) mem 0x80021d96 0x0
core   0: 0x80006eac (0x00eccd83) lbu     s11, 14(s9)
core   0: 3 0x80006eac (0x00eccd83) x27 0x00000000 mem 0x80021db3
core   0: 0x80006eb0 (0x002c8f83) lb      t6, 2(s9)
core   0: 3 0x80006eb0 (0x002c8f83) x31 0x00000000 mem 0x80021da7
core   0: 0x80006eb4 (0x010c8303) lb      t1, 16(s9)
core   0: 3 0x80006eb4 (0x010c8303) x 6 0x00000000 mem 0x80021db5
core   0: 0x80006eb8 (0xfe5c89a3) sb      t0, -13(s9)
core   0: 3 0x80006eb8 (0xfe5c89a3) mem 0x80021d98 0x0
core   0: 0x80006ebc (0x00bcca03) lbu     s4, 11(s9)
core   0: 3 0x80006ebc (0x00bcca03) x20 0x00000000 mem 0x80021db0
core   0: 0x80006ec0 (0xffec8303) lb      t1, -2(s9)
core   0: 3 0x80006ec0 (0xffec8303) x 6 0x00000000 mem 0x80021da3
core   0: 0x80006ec4 (0x0ff0000f) fence   iorw,iorw
core   0: 3 0x80006ec4 (0x0ff0000f)
core   0: 0x80006ec8 (0x007cd283) lhu     t0, 7(s9)
core   0: 3 0x80006ec8 (0x007cd283) x 5 0x00000000 mem 0x80021dac
core   0: 0x80006ecc (0x02a443b3) div     t2, s0, a0
core   0: 3 0x80006ecc (0x02a443b3) x 7 0xffffffff
core   0: 0x80006ed0 (0xf3ecbd13) sltiu   s10, s9, -194
core   0: 3 0x80006ed0 (0xf3ecbd13) x26 0x00000001
core   0: 0x80006ed4 (0x00dc8823) sb      a3, 16(s9)
core   0: 3 0x80006ed4 (0x00dc8823) mem 0x80021db5 0x0
core   0: 0x80006ed8 (0x03ceb9b3) mulhu   s3, t4, t3
core   0: 3 0x80006ed8 (0x03ceb9b3) x19 0x0000059f
core   0: 0x80006edc (0xf627b393) sltiu   t2, a5, -158
core   0: 3 0x80006edc (0xf627b393) x 7 0x00000001
core   0: 0x80006ee0 (0x003c8023) sb      gp, 0(s9)
core   0: 3 0x80006ee0 (0x003c8023) mem 0x80021da5 0x0
core   0: 0x80006ee4 (0xffaccb03) lbu     s6, -6(s9)
core   0: 3 0x80006ee4 (0xffaccb03) x22 0x00000000 mem 0x80021d9f
core   0: 0x80006ee8 (0x1a37c613) xori    a2, a5, 419
core   0: 3 0x80006ee8 (0x1a37c613) x12 0x00000073
core   0: 0x80006eec (0x004c8383) lb      t2, 4(s9)
core   0: 3 0x80006eec (0x004c8383) x 7 0x00000000 mem 0x80021da9
core   0: 0x80006ef0 (0xb9d86013) ori     zero, a6, -1123
core   0: 3 0x80006ef0 (0xb9d86013)
core   0: 0x80006ef4 (0xff3c8e83) lb      t4, -13(s9)
core   0: 3 0x80006ef4 (0xff3c8e83) x29 0x00000000 mem 0x80021d98
core   0: 0x80006ef8 (0xfe7c9ca3) sh      t2, -7(s9)
core   0: 3 0x80006ef8 (0xfe7c9ca3) mem 0x80021d9e 0x0000
core   0: 0x80006efc (0x006ca3a3) sw      t1, 7(s9)
core   0: 3 0x80006efc (0x006ca3a3) mem 0x80021dac 0x00000000
core   0: 0x80006f00 (0x00acca03) lbu     s4, 10(s9)
core   0: 3 0x80006f00 (0x00acca03) x20 0x00000000 mem 0x80021daf
core   0: 0x80006f04 (0x005c9e03) lh      t3, 5(s9)
core   0: 3 0x80006f04 (0x005c9e03) x28 0x00000000 mem 0x80021daa
core   0: 0x80006f08 (0x00009a16) c.add   s4, t0
core   0: 3 0x80006f08 (0x9a16) x20 0x00000000
core   0: 0x80006f0a (0x02a2ac33) mulhsu  s8, t0, a0
core   0: 3 0x80006f0a (0x02a2ac33) x24 0x00000000
core   0: 0x80006f0e (0x01fc96a3) sh      t6, 13(s9)
core   0: 3 0x80006f0e (0x01fc96a3) mem 0x80021db2 0x0000
core   0: 0x80006f12 (0xff9c9da3) sh      s9, -5(s9)
core   0: 3 0x80006f12 (0xff9c9da3) mem 0x80021da0 0x1da5
core   0: 0x80006f16 (0xff7cd803) lhu     a6, -9(s9)
core   0: 3 0x80006f16 (0xff7cd803) x16 0x00000000 mem 0x80021d9c
core   0: 0x80006f1a (0x0000c697) auipc   a3, 0xc
core   0: 3 0x80006f1a (0x0000c697) x13 0x80012f1a
core   0: 0x80006f1e (0x3fb68693) addi    a3, a3, 1019
core   0: 3 0x80006f1e (0x3fb68693) x13 0x80013315
core   0: 0x80006f22 (0x08868103) lb      sp, 136(a3)
core   0: 3 0x80006f22 (0x08868103) x 2 0x00000000 mem 0x8001339d
core   0: 0x80006f26 (0x40a48b33) sub     s6, s1, a0
core   0: 3 0x80006f26 (0x40a48b33) x22 0x0000003d
core   0: 0x80006f2a (0xfe668a03) lb      s4, -26(a3)
core   0: 3 0x80006f2a (0xfe668a03) x20 0x0000001f mem 0x800132fb
core   0: 0x80006f2e (0x01f5adb3) slt     s11, a1, t6
core   0: 3 0x80006f2e (0x01f5adb3) x27 0x00000001
core   0: 0x80006f32 (0x5e32ef93) ori     t6, t0, 1507
core   0: 3 0x80006f32 (0x5e32ef93) x31 0x000005e3
core   0: 0x80006f36 (0x01668e23) sb      s6, 28(a3)
core   0: 3 0x80006f36 (0x01668e23) mem 0x80013331 0x3d
core   0: 0x80006f3a (0x416ed233) sra     tp, t4, s6
core   0: 3 0x80006f3a (0x416ed233) x 4 0x00000000
core   0: 0x80006f3e (0x03df22b3) mulhsu  t0, t5, t4
core   0: 3 0x80006f3e (0x03df22b3) x 5 0x00000000
core   0: 0x80006f42 (0x00000896) c.slli  a7, 5
core   0: 3 0x80006f42 (0x0896) x17 0x4641a180
core   0: 0x80006f44 (0xf796de03) lhu     t3, -135(a3)
core   0: 3 0x80006f44 (0xf796de03) x28 0x00000000 mem 0x8001328e
core   0: 0x80006f48 (0x00797eb3) and     t4, s2, t2
core   0: 3 0x80006f48 (0x00797eb3) x29 0x00000000
core   0: 0x80006f4c (0x005d2cb3) slt     s9, s10, t0
core   0: 3 0x80006f4c (0x005d2cb3) x25 0x00000000
core   0: 0x80006f50 (0x0013bdb3) sltu    s11, t2, ra
core   0: 3 0x80006f50 (0x0013bdb3) x27 0x00000001
core   0: 0x80006f54 (0x02639033) mulh    zero, t2, t1
core   0: 3 0x80006f54 (0x02639033)
core   0: 0x80006f58 (0x000063b9) c.lui   t2, 0xe
core   0: 3 0x80006f58 (0x63b9) x 7 0x0000e000
core   0: 0x80006f5a (0x00008859) c.andi  s0, 22
core   0: 3 0x80006f5a (0x8859) x 8 0x00000014
core   0: 0x80006f5c (0xb4d86b13) ori     s6, a6, -1203
core   0: 3 0x80006f5c (0xb4d86b13) x22 0xfffffb4d
core   0: 0x80006f60 (0x0e969e83) lh      t4, 233(a3)
core   0: 3 0x80006f60 (0x0e969e83) x29 0x00000000 mem 0x800133fe
core   0: 0x80006f64 (0xce594137) lui     sp, 0xce594
core   0: 3 0x80006f64 (0xce594137) x 2 0xce594000
core   0: 0x80006f68 (0xace20493) addi    s1, tp, -1330
core   0: 3 0x80006f68 (0xace20493) x 9 0xffffface
core   0: 0x80006f6c (0xf5868b23) sb      s8, -170(a3)
core   0: 3 0x80006f6c (0xf5868b23) mem 0x8001326b 0x0
core   0: 0x80006f70 (0x000083b1) c.srli  a5, 12
core   0: 3 0x80006f70 (0x83b1) x15 0x00000000
core   0: 0x80006f72 (0x0ea68b83) lb      s7, 234(a3)
core   0: 3 0x80006f72 (0x0ea68b83) x23 0x00000000 mem 0x800133ff
core   0: 0x80006f76 (0x0aa68c03) lb      s8, 170(a3)
core   0: 3 0x80006f76 (0x0aa68c03) x24 0x00000000 mem 0x800133bf
core   0: 0x80006f7a (0x0f5681a3) sb      s5, 227(a3)
core   0: 3 0x80006f7a (0x0f5681a3) mem 0x800133f8 0x2f
core   0: 0x80006f7e (0xfd068103) lb      sp, -48(a3)
core   0: 3 0x80006f7e (0xfd068103) x 2 0x00000000 mem 0x800132e5
core   0: 0x80006f82 (0x02411433) mulh    s0, sp, tp
core   0: 3 0x80006f82 (0x02411433) x 8 0x00000000
core   0: 0x80006f86 (0xf2c68fa3) sb      a2, -193(a3)
core   0: 3 0x80006f86 (0xf2c68fa3) mem 0x80013254 0x73
core   0: 0x80006f8a (0x852c2c93) slti    s9, s8, -1966
core   0: 3 0x80006f8a (0x852c2c93) x25 0x00000000
core   0: 0x80006f8e (0xce44fd93) andi    s11, s1, -796
core   0: 3 0x80006f8e (0xce44fd93) x27 0xfffff8c4
core   0: 0x80006f92 (0x00000001) c.nop
core   0: 3 0x80006f92 (0x0001)
core   0: 0x80006f94 (0x018ac533) xor     a0, s5, s8
core   0: 3 0x80006f94 (0x018ac533) x10 0x80006a2f
core   0: 0x80006f98 (0x0269b2b3) mulhu   t0, s3, t1
core   0: 3 0x80006f98 (0x0269b2b3) x 5 0x00000000
core   0: 0x80006f9c (0xf9e68a83) lb      s5, -98(a3)
core   0: 3 0x80006f9c (0xf9e68a83) x21 0x00000000 mem 0x800132b3
core   0: 0x80006fa0 (0xfed69c83) lh      s9, -19(a3)
core   0: 3 0x80006fa0 (0xfed69c83) x25 0x00000000 mem 0x80013302
core   0: 0x80006fa4 (0x0000100f) fence.i
core   0: 3 0x80006fa4 (0x0000100f)
core   0: 0x80006fa8 (0xff76c503) lbu     a0, -9(a3)
core   0: 3 0x80006fa8 (0xff76c503) x10 0x00000000 mem 0x8001330c
core   0: 0x80006fac (0x00008f81) c.sub   a5, s0
core   0: 3 0x80006fac (0x8f81) x15 0x00000000
core   0: 0x80006fae (0x00009c8e) c.add   s9, gp
core   0: 3 0x80006fae (0x9c8e) x25 0x00000000
core   0: 0x80006fb0 (0xf8668383) lb      t2, -122(a3)
core   0: 3 0x80006fb0 (0xf8668383) x 7 0x00000000 mem 0x8001329b
core   0: 0x80006fb4 (0xfd86c003) lbu     zero, -40(a3)
core   0: 3 0x80006fb4 (0xfd86c003) mem 0x800132ed
core   0: 0x80006fb8 (0x02799333) mulh    t1, s3, t2
core   0: 3 0x80006fb8 (0x02799333) x 6 0x00000000
core   0: 0x80006fbc (0x03169603) lh      a2, 49(a3)
core   0: 3 0x80006fbc (0x03169603) x12 0xffff8001 mem 0x80013346
core   0: 0x80006fc0 (0x09168303) lb      t1, 145(a3)
core   0: 3 0x80006fc0 (0x09168303) x 6 0x00000000 mem 0x800133a6
core   0: 0x80006fc4 (0xfa568da3) sb      t0, -69(a3)
core   0: 3 0x80006fc4 (0xfa568da3) mem 0x800132d0 0x0
core   0: 0x80006fc8 (0x00000d88) c.addi4spn a0, sp, 720
core   0: 3 0x80006fc8 (0x0d88) x10 0x000002d0
core   0: 0x80006fca (0xfc169a83) lh      s5, -63(a3)
core   0: 3 0x80006fca (0xfc169a83) x21 0x00000900 mem 0x800132d6
core   0: 0x80006fce (0x0d66cd03) lbu     s10, 214(a3)
core   0: 3 0x80006fce (0x0d66cd03) x26 0x00000000 mem 0x800133eb
core   0: 0x80006fd2 (0x03568e03) lb      t3, 53(a3)
core   0: 3 0x80006fd2 (0x03568e03) x28 0x00000000 mem 0x8001334a
core   0: 0x80006fd6 (0x0001d117) auipc   sp, 0x1d
core   0: 3 0x80006fd6 (0x0001d117) x 2 0x80023fd6
core   0: 0x80006fda (0x8b210113) addi    sp, sp, -1870
core   0: 3 0x80006fda (0x8b210113) x 2 0x80023888
core   0: 0x80006fde (0xff211f83) lh      t6, -14(sp)
core   0: 3 0x80006fde (0xff211f83) x31 0x00000000 mem 0x8002387a
core   0: 0x80006fe2 (0xff910b03) lb      s6, -7(sp)
core   0: 3 0x80006fe2 (0xff910b03) x22 0x00000033 mem 0x80023881
core   0: 0x80006fe6 (0x00710783) lb      a5, 7(sp)
core   0: 3 0x80006fe6 (0x00710783) x15 0x00000000 mem 0x8002388f
core   0: 0x80006fea (0x01c67b33) and     s6, a2, t3
core   0: 3 0x80006fea (0x01c67b33) x22 0x00000000
core   0: 0x80006fee (0x015103a3) sb      s5, 7(sp)
core   0: 3 0x80006fee (0x015103a3) mem 0x8002388f 0x0
core   0: 0x80006ff2 (0x00714883) lbu     a7, 7(sp)
core   0: 3 0x80006ff2 (0x00714883) x17 0x00000000 mem 0x8002388f
core   0: 0x80006ff6 (0x00514a03) lbu     s4, 5(sp)
core   0: 3 0x80006ff6 (0x00514a03) x20 0x00000007 mem 0x8002388d
core   0: 0x80006ffa (0x71728313) addi    t1, t0, 1815
core   0: 3 0x80006ffa (0x71728313) x 6 0x00000717
core   0: 0x80006ffe (0x00510d03) lb      s10, 5(sp)
core   0: 3 0x80006ffe (0x00510d03) x26 0x00000007 mem 0x8002388d
core   0: 0x80007002 (0x8b3a4e13) xori    t3, s4, -1869
core   0: 3 0x80007002 (0x8b3a4e13) x28 0xfffff8b4
core   0: 0x80007006 (0x00510a03) lb      s4, 5(sp)
core   0: 3 0x80007006 (0x00510a03) x20 0x00000007 mem 0x8002388d
core   0: 0x8000700a (0xfe411c23) sh      tp, -8(sp)
core   0: 3 0x8000700a (0xfe411c23) mem 0x80023880 0x0000
core   0: 0x8000700e (0xff814a83) lbu     s5, -8(sp)
core   0: 3 0x8000700e (0xff814a83) x21 0x00000000 mem 0x80023880
core   0: 0x80007012 (0xff811503) lh      a0, -8(sp)
core   0: 3 0x80007012 (0xff811503) x10 0x00000000 mem 0x80023880
core   0: 0x80007016 (0xfed12c23) sw      a3, -8(sp)
core   0: 3 0x80007016 (0xfed12c23) mem 0x80023880 0x80013315
core   0: 0x8000701a (0xff810083) lb      ra, -8(sp)
core   0: 3 0x8000701a (0xff810083) x 1 0x00000015 mem 0x80023880
core   0: 0x8000701e (0x0000c21a) c.swsp  t1, 4(sp)
core   0: 3 0x8000701e (0xc21a) mem 0x8002388c 0x00000717
core   0: 0x80007020 (0x0000c097) auipc   ra, 0xc
core   0: 3 0x80007020 (0x0000c097) x 1 0x80013020
core   0: 0x80007024 (0x36608093) addi    ra, ra, 870
core   0: 3 0x80007024 (0x36608093) x 1 0x80013386
core   0: 0x80007028 (0xff10ce03) lbu     t3, -15(ra)
core   0: 3 0x80007028 (0xff10ce03) x28 0x00000000 mem 0x80013377
core   0: 0x8000702c (0xff4088a3) sb      s4, -15(ra)
core   0: 3 0x8000702c (0xff4088a3) mem 0x80013377 0x7
core   0: 0x80007030 (0x01351d33) sll     s10, a0, s3
core   0: 3 0x80007030 (0x01351d33) x26 0x00000000
core   0: 0x80007034 (0xffe088a3) sb      t5, -15(ra)
core   0: 3 0x80007034 (0xffe088a3) mem 0x80013377 0x0
core   0: 0x80007038 (0xff10c303) lbu     t1, -15(ra)
core   0: 3 0x80007038 (0xff10c303) x 6 0x00000000 mem 0x80013377
core   0: 0x8000703c (0x00008d45) c.or    a0, s1
core   0: 3 0x8000703c (0x8d45) x10 0xffffface
core   0: 0x8000703e (0x4013d033) sra     zero, t2, ra
core   0: 3 0x8000703e (0x4013d033)
core   0: 0x80007042 (0x40455193) srai    gp, a0, 4
core   0: 3 0x80007042 (0x40455193) x 3 0xffffffac
core   0: 0x80007046 (0xffc09283) lh      t0, -4(ra)
core   0: 3 0x80007046 (0xffc09283) x 5 0x00000000 mem 0x80013382
core   0: 0x8000704a (0xffc0dd03) lhu     s10, -4(ra)
core   0: 3 0x8000704a (0xffc0dd03) x26 0x00000000 mem 0x80013382
core   0: 0x8000704e (0xffd09e23) sh      t4, -4(ra)
core   0: 3 0x8000704e (0xffd09e23) mem 0x80013382 0x0000
core   0: 0x80007052 (0x0020c303) lbu     t1, 2(ra)
core   0: 3 0x80007052 (0x0020c303) x 6 0x00000000 mem 0x80013388
core   0: 0x80007056 (0x00409d83) lh      s11, 4(ra)
core   0: 3 0x80007056 (0x00409d83) x27 0x00000000 mem 0x8001338a
core   0: 0x8000705a (0x00000bfa) c.slli  s7, 30
core   0: 3 0x8000705a (0x0bfa) x23 0x00000000
core   0: 0x8000705c (0x027b0c33) mul     s8, s6, t2
core   0: 3 0x8000705c (0x027b0c33) x24 0x00000000
core   0: 0x80007060 (0x0000100f) fence.i
core   0: 3 0x80007060 (0x0000100f)
core   0: 0x80007064 (0x009086a3) sb      s1, 13(ra)
core   0: 3 0x80007064 (0x009086a3) mem 0x80013393 0xce
core   0: 0x80007068 (0x0000d117) auipc   sp, 0xd
core   0: 3 0x80007068 (0x0000d117) x 2 0x80014068
core   0: 0x8000706c (0xce310113) addi    sp, sp, -797
core   0: 3 0x8000706c (0xce310113) x 2 0x80013d4b
core   0: 0x80007070 (0xce510383) lb      t2, -795(sp)
core   0: 3 0x80007070 (0xce510383) x 7 0x00000000 mem 0x80013a30
core   0: 0x80007074 (0xaeb103a3) sb      a1, -1305(sp)
core   0: 3 0x80007074 (0xaeb103a3) mem 0x80013832 0xe4
core   0: 0x80007078 (0x2c912a83) lw      s5, 713(sp)
core   0: 3 0x80007078 (0x2c912a83) x21 0x00000000 mem 0x80014014
core   0: 0x8000707c (0xad610983) lb      s3, -1322(sp)
core   0: 3 0x8000707c (0xad610983) x19 0x00000000 mem 0x80013821
core   0: 0x80007080 (0x03c09233) mulh    tp, ra, t3
core   0: 3 0x80007080 (0x03c09233) x 4 0x00000000
core   0: 0x80007084 (0xf4b14f83) lbu     t6, -181(sp)
core   0: 3 0x80007084 (0xf4b14f83) x31 0x00000000 mem 0x80013c96
core   0: 0x80007088 (0x60473a93) sltiu   s5, a4, 1540
core   0: 3 0x80007088 (0x60473a93) x21 0x00000000
core   0: 0x8000708c (0xb5d14483) lbu     s1, -1187(sp)
core   0: 3 0x8000708c (0xb5d14483) x 9 0x00000000 mem 0x800138a8
core   0: 0x80007090 (0x0f314983) lbu     s3, 243(sp)
core   0: 3 0x80007090 (0x0f314983) x19 0x00000000 mem 0x80013e3e
core   0: 0x80007094 (0xfb610803) lb      a6, -74(sp)
core   0: 3 0x80007094 (0xfb610803) x16 0x00000000 mem 0x80013d01
core   0: 0x80007098 (0x00008979) c.andi  a0, 30
core   0: 3 0x80007098 (0x8979) x10 0x0000000e
core   0: 0x8000709a (0x00008cdd) c.or    s1, a5
core   0: 3 0x8000709a (0x8cdd) x 9 0x00000000
core   0: 0x8000709c (0xbf310ca3) sb      s3, -1031(sp)
core   0: 3 0x8000709c (0xbf310ca3) mem 0x80013944 0x0
core   0: 0x800070a0 (0xbe410723) sb      tp, -1042(sp)
core   0: 3 0x800070a0 (0xbe410723) mem 0x80013939 0x0
core   0: 0x800070a4 (0xc9410603) lb      a2, -876(sp)
core   0: 3 0x800070a4 (0xc9410603) x12 0x00000000 mem 0x800139df
core   0: 0x800070a8 (0x03486ab3) rem     s5, a6, s4
core   0: 3 0x800070a8 (0x03486ab3) x21 0x00000000
core   0: 0x800070ac (0x00008d3d) c.xor   a0, a5
core   0: 3 0x800070ac (0x8d3d) x10 0x0000000e
core   0: 0x800070ae (0x8e810083) lb      ra, -1816(sp)
core   0: 3 0x800070ae (0x8e810083) x 1 0x00000000 mem 0x80013633
core   0: 0x800070b2 (0xb9a10d23) sb      s10, -1126(sp)
core   0: 3 0x800070b2 (0xb9a10d23) mem 0x800138e5 0x0
core   0: 0x800070b6 (0x81710f23) sb      s7, -2018(sp)
core   0: 3 0x800070b6 (0x81710f23) mem 0x80013569 0x0
core   0: 0x800070ba (0x0000100f) fence.i
core   0: 3 0x800070ba (0x0000100f)
core   0: 0x800070be (0x26110983) lb      s3, 609(sp)
core   0: 3 0x800070be (0x26110983) x19 0x00000000 mem 0x80013fac
core   0: 0x800070c2 (0xb3e10003) lb      zero, -1218(sp)
core   0: 3 0x800070c2 (0xb3e10003) mem 0x80013889
core   0: 0x800070c6 (0xee410f23) sb      tp, -258(sp)
core   0: 3 0x800070c6 (0xee410f23) mem 0x80013c49 0x0
core   0: 0x800070ca (0x26b115a3) sh      a1, 619(sp)
core   0: 3 0x800070ca (0x26b115a3) mem 0x80013fb6 0xcce4
core   0: 0x800070ce (0xf9b10523) sb      s11, -118(sp)
core   0: 3 0x800070ce (0xf9b10523) mem 0x80013cd5 0x0
core   0: 0x800070d2 (0x00008925) c.andi  a0, 9
core   0: 3 0x800070d2 (0x8925) x10 0x00000008
core   0: 0x800070d4 (0x2cf14a03) lbu     s4, 719(sp)
core   0: 3 0x800070d4 (0x2cf14a03) x20 0x00000000 mem 0x8001401a
core   0: 0x800070d8 (0x0000828a) c.mv    t0, sp
core   0: 3 0x800070d8 (0x828a) x 5 0x80013d4b
core   0: 0x800070da (0xd7715483) lhu     s1, -649(sp)
core   0: 3 0x800070da (0xd7715483) x 9 0x00000000 mem 0x80013ac2
core   0: 0x800070de (0xe5614383) lbu     t2, -426(sp)
core   0: 3 0x800070de (0xe5614383) x 7 0x00000000 mem 0x80013ba1
core   0: 0x800070e2 (0xdf112f83) lw      t6, -527(sp)
core   0: 3 0x800070e2 (0xdf112f83) x31 0x0000509c mem 0x80013b3c
core   0: 0x800070e6 (0x41ef03b3) sub     t2, t5, t5
core   0: 3 0x800070e6 (0x41ef03b3) x 7 0x00000000
core   0: 0x800070ea (0x08810083) lb      ra, 136(sp)
core   0: 3 0x800070ea (0x08810083) x 1 0x00000000 mem 0x80013dd3
core   0: 0x800070ee (0xda8112a3) sh      s0, -603(sp)
core   0: 3 0x800070ee (0xda8112a3) mem 0x80013af0 0x0000
core   0: 0x800070f2 (0x0238fe33) remu    t3, a7, gp
core   0: 3 0x800070f2 (0x0238fe33) x28 0x00000000
core   0: 0x800070f6 (0x08010fa3) sb      zero, 159(sp)
core   0: 3 0x800070f6 (0x08010fa3) mem 0x80013dea 0x0
core   0: 0x800070fa (0x14c14083) lbu     ra, 332(sp)
core   0: 3 0x800070fa (0x14c14083) x 1 0x00000000 mem 0x80013e97
core   0: 0x800070fe (0x0031bbb3) sltu    s7, gp, gp
core   0: 3 0x800070fe (0x0031bbb3) x23 0x00000000
core   0: 0x80007102 (0x03a48533) mul     a0, s1, s10
core   0: 3 0x80007102 (0x03a48533) x10 0x00000000
core   0: 0x80007106 (0x00008c11) c.sub   s0, a2
core   0: 3 0x80007106 (0x8c11) x 8 0x00000000
core   0: 0x80007108 (0xf4710803) lb      a6, -185(sp)
core   0: 3 0x80007108 (0xf4710803) x16 0x00000002 mem 0x80013c92
core   0: 0x8000710c (0xfd414e03) lbu     t3, -44(sp)
core   0: 3 0x8000710c (0xfd414e03) x28 0x00000000 mem 0x80013d1f
core   0: 0x80007110 (0x0000ce17) auipc   t3, 0xc
core   0: 3 0x80007110 (0x0000ce17) x28 0x80013110
core   0: 0x80007114 (0x2efe0e13) addi    t3, t3, 751
core   0: 3 0x80007114 (0x2efe0e13) x28 0x800133ff
core   0: 0x80007118 (0xaa5e3c93) sltiu   s9, t3, -1371
core   0: 3 0x80007118 (0xaa5e3c93) x25 0x00000001
core   0: 0x8000711c (0x000087f2) c.mv    a5, t3
core   0: 3 0x8000711c (0x87f2) x15 0x800133ff
core   0: 0x8000711e (0x01eb8433) add     s0, s7, t5
core   0: 3 0x8000711e (0x01eb8433) x 8 0x80000000
core   0: 0x80007122 (0x0000882e) c.mv    a6, a1
core   0: 3 0x80007122 (0x882e) x16 0x8002cce4
core   0: 0x80007124 (0x0e3e5103) lhu     sp, 227(t3)
core   0: 3 0x80007124 (0x0e3e5103) x 2 0x00000000 mem 0x800134e2
core   0: 0x80007128 (0x00008c8a) c.mv    s9, sp
core   0: 3 0x80007128 (0x8c8a) x25 0x00000000
core   0: 0x8000712a (0x00459a13) slli    s4, a1, 4
core   0: 3 0x8000712a (0x00459a13) x20 0x002cce40
core   0: 0x8000712e (0xf27e18a3) sh      t2, -207(t3)
core   0: 3 0x8000712e (0xf27e18a3) mem 0x80013330 0x0000
core   0: 0x80007132 (0x056e4103) lbu     sp, 86(t3)
core   0: 3 0x80007132 (0x056e4103) x 2 0x00000000 mem 0x80013455
core   0: 0x80007136 (0x02fe5983) lhu     s3, 47(t3)
core   0: 3 0x80007136 (0x02fe5983) x19 0x00000000 mem 0x8001342e
core   0: 0x8000713a (0x00000001) c.nop
core   0: 3 0x8000713a (0x0001)
core   0: 0x8000713c (0x013419b3) sll     s3, s0, s3
core   0: 3 0x8000713c (0x013419b3) x19 0x80000000
core   0: 0x80007140 (0x007b0433) add     s0, s6, t2
core   0: 3 0x80007140 (0x007b0433) x 8 0x00000000
core   0: 0x80007144 (0x00004219) c.li    tp, 6
core   0: 3 0x80007144 (0x4219) x 4 0x00000006
core   0: 0x80007146 (0xfade0a23) sb      a3, -76(t3)
core   0: 3 0x80007146 (0xfade0a23) mem 0x800133b3 0x15
core   0: 0x8000714a (0xf17e1d03) lh      s10, -233(t3)
core   0: 3 0x8000714a (0xf17e1d03) x26 0x00000000 mem 0x80013316
core   0: 0x8000714e (0x00008fb5) c.xor   a5, a3
core   0: 3 0x8000714e (0x8fb5) x15 0x000000ea
core   0: 0x80007150 (0xfc6e0d03) lb      s10, -58(t3)
core   0: 3 0x80007150 (0xfc6e0d03) x26 0x00000000 mem 0x800133c5
core   0: 0x80007154 (0x00008e11) c.sub   a2, a2
core   0: 3 0x80007154 (0x8e11) x12 0x00000000
core   0: 0x80007156 (0xbdddcb13) xori    s6, s11, -1059
core   0: 3 0x80007156 (0xbdddcb13) x22 0xfffffbdd
core   0: 0x8000715a (0x00000c32) c.slli  s8, 12
core   0: 3 0x8000715a (0x0c32) x24 0x00000000
core   0: 0x8000715c (0x0169ed33) or      s10, s3, s6
core   0: 3 0x8000715c (0x0169ed33) x26 0xfffffbdd
core   0: 0x80007160 (0xf45e0023) sb      t0, -192(t3)
core   0: 3 0x80007160 (0xf45e0023) mem 0x8001333f 0x4b
core   0: 0x80007164 (0xf3b7e393) ori     t2, a5, -197
core   0: 3 0x80007164 (0xf3b7e393) x 7 0xfffffffb
core   0: 0x80007168 (0x09ce0a03) lb      s4, 156(t3)
core   0: 3 0x80007168 (0x09ce0a03) x20 0x00000000 mem 0x8001349b
core   0: 0x8000716c (0x001a6a33) or      s4, s4, ra
core   0: 3 0x8000716c (0x001a6a33) x20 0x00000000
core   0: 0x80007170 (0xfeee0a83) lb      s5, -18(t3)
core   0: 3 0x80007170 (0xfeee0a83) x21 0x00000000 mem 0x800133ed
core   0: 0x80007174 (0xce874393) xori    t2, a4, -792
core   0: 3 0x80007174 (0xce874393) x 7 0x7ffd72b0
core   0: 0x80007178 (0xdd96cf93) xori    t6, a3, -551
core   0: 3 0x80007178 (0xdd96cf93) x31 0x7ffececc
core   0: 0x8000717c (0x008047b3) xor     a5, zero, s0
core   0: 3 0x8000717c (0x008047b3) x15 0x00000000
core   0: 0x80007180 (0x00000001) c.nop
core   0: 3 0x80007180 (0x0001)
core   0: 0x80007182 (0xffde1e83) lh      t4, -3(t3)
core   0: 3 0x80007182 (0xffde1e83) x29 0x00000000 mem 0x800133fc
core   0: 0x80007186 (0xf5ae0303) lb      t1, -166(t3)
core   0: 3 0x80007186 (0xf5ae0303) x 6 0x00000000 mem 0x80013359
core   0: 0x8000718a (0x00000388) c.addi4spn a0, sp, 448
core   0: 3 0x8000718a (0x0388) x10 0x000001c0
core   0: 0x8000718c (0x00b2b533) sltu    a0, t0, a1
core   0: 3 0x8000718c (0x00b2b533) x10 0x00000001
core   0: 0x80007190 (0xfd7e5783) lhu     a5, -41(t3)
core   0: 3 0x80007190 (0xfd7e5783) x15 0x00000000 mem 0x800133d6
core   0: 0x80007194 (0x00009b7a) c.add   s6, t5
core   0: 3 0x80007194 (0x9b7a) x22 0x7ffffbdd
core   0: 0x80007196 (0x00218cb3) add     s9, gp, sp
core   0: 3 0x80007196 (0x00218cb3) x25 0xffffffac
core   0: 0x8000719a (0xbbb96b37) lui     s6, 0xbbb96
core   0: 3 0x8000719a (0xbbb96b37) x22 0xbbb96000
core   0: 0x8000719e (0x019f9433) sll     s0, t6, s9
core   0: 3 0x8000719e (0x019f9433) x 8 0xececc000
core   0: 0x800071a2 (0xf0fe0e83) lb      t4, -241(t3)
core   0: 3 0x800071a2 (0xf0fe0e83) x29 0x00000000 mem 0x8001330e
core   0: 0x800071a6 (0x45038193) addi    gp, t2, 1104
core   0: 3 0x800071a6 (0x45038193) x 3 0x7ffd7700
core   0: 0x800071aa (0x043e1a83) lh      s5, 67(t3)
core   0: 3 0x800071aa (0x043e1a83) x21 0x00000000 mem 0x80013442
core   0: 0x800071ae (0x0001c517) auipc   a0, 0x1c
core   0: 3 0x800071ae (0x0001c517) x10 0x800231ae
core   0: 0x800071b2 (0x79b50513) addi    a0, a0, 1947
core   0: 3 0x800071b2 (0x79b50513) x10 0x80023949
core   0: 0x800071b6 (0x415b0933) sub     s2, s6, s5
core   0: 3 0x800071b6 (0x415b0933) x18 0xbbb96000
core   0: 0x800071ba (0xe1c54783) lbu     a5, -484(a0)
core   0: 3 0x800071ba (0xe1c54783) x15 0x00000000 mem 0x80023765
core   0: 0x800071be (0x01f98d33) add     s10, s3, t6
core   0: 3 0x800071be (0x01f98d33) x26 0xfffececc
core   0: 0x800071c2 (0xe7350623) sb      s3, -404(a0)
core   0: 3 0x800071c2 (0xe7350623) mem 0x800237b5 0x0
core   0: 0x800071c6 (0xd8d55d83) lhu     s11, -627(a0)
core   0: 3 0x800071c6 (0xd8d55d83) x27 0x00000000 mem 0x800236d6
core   0: 0x800071ca (0xb6650683) lb      a3, -1178(a0)
core   0: 3 0x800071ca (0xb6650683) x13 0x00000000 mem 0x800234af
core   0: 0x800071ce (0x024394b3) mulh    s1, t2, tp
core   0: 3 0x800071ce (0x024394b3) x 9 0x00000002
core   0: 0x800071d2 (0x0000987d) c.andi  s0, -1
core   0: 3 0x800071d2 (0x987d) x 8 0xececc000
core   0: 0x800071d4 (0x3e554883) lbu     a7, 997(a0)
core   0: 3 0x800071d4 (0x3e554883) x17 0x00000000 mem 0x80023d2e
core   0: 0x800071d8 (0xb36be793) ori     a5, s7, -1226
core   0: 3 0x800071d8 (0xb36be793) x15 0xfffffb36
core   0: 0x800071dc (0x0ff0000f) fence   iorw,iorw
core   0: 3 0x800071dc (0x0ff0000f)
core   0: 0x800071e0 (0x00649933) sll     s2, s1, t1
core   0: 3 0x800071e0 (0x00649933) x18 0x00000002
core   0: 0x800071e4 (0xedb54d83) lbu     s11, -293(a0)
core   0: 3 0x800071e4 (0xedb54d83) x27 0x00000000 mem 0x80023824
core   0: 0x800071e8 (0x98751e83) lh      t4, -1657(a0)
core   0: 3 0x800071e8 (0x98751e83) x29 0x00000000 mem 0x800232d0
core   0: 0x800071ec (0x019f5313) srli    t1, t5, 25
core   0: 3 0x800071ec (0x019f5313) x 6 0x00000040
core   0: 0x800071f0 (0x00c60bb3) add     s7, a2, a2
core   0: 3 0x800071f0 (0x00c60bb3) x23 0x00000000
core   0: 0x800071f4 (0x02a394b3) mulh    s1, t2, a0
core   0: 3 0x800071f4 (0x02a394b3) x 9 0xc0026346
core   0: 0x800071f8 (0x021c1d33) mulh    s10, s8, ra
core   0: 3 0x800071f8 (0x021c1d33) x26 0x00000000
core   0: 0x800071fc (0x12a50d03) lb      s10, 298(a0)
core   0: 3 0x800071fc (0x12a50d03) x26 0x00000000 mem 0x80023a73
core   0: 0x80007200 (0x60cec693) xori    a3, t4, 1548
core   0: 3 0x80007200 (0x60cec693) x13 0x0000060c
core   0: 0x80007204 (0x51355403) lhu     s0, 1299(a0)
core   0: 3 0x80007204 (0x51355403) x 8 0x00000000 mem 0x80023e5c
core   0: 0x80007208 (0x0f352da3) sw      s3, 251(a0)
core   0: 3 0x80007208 (0x0f352da3) mem 0x80023a44 0x80000000
core   0: 0x8000720c (0x020442b3) div     t0, s0, zero
core   0: 3 0x8000720c (0x020442b3) x 5 0xffffffff
core   0: 0x80007210 (0x01481093) slli    ra, a6, 20
core   0: 3 0x80007210 (0x01481093) x 1 0xce400000
core   0: 0x80007214 (0x03d090b3) mulh    ra, ra, t4
core   0: 3 0x80007214 (0x03d090b3) x 1 0x00000000
core   0: 0x80007218 (0x000080f9) c.srli  s1, 30
core   0: 3 0x80007218 (0x80f9) x 9 0x00000003
core   0: 0x8000721a (0xf0e50b83) lb      s7, -242(a0)
core   0: 3 0x8000721a (0xf0e50b83) x23 0x00000000 mem 0x80023857
core   0: 0x8000721e (0x0000d197) auipc   gp, 0xd
core   0: 3 0x8000721e (0x0000d197) x 3 0x8001421e
core   0: 0x80007222 (0xb8518193) addi    gp, gp, -1147
core   0: 3 0x80007222 (0xb8518193) x 3 0x80013da3
core   0: 0x80007226 (0x03e1ce03) lbu     t3, 62(gp)
core   0: 3 0x80007226 (0x03e1ce03) x28 0x00000000 mem 0x80013de1
core   0: 0x8000722a (0x03418923) sb      s4, 50(gp)
core   0: 3 0x8000722a (0x03418923) mem 0x80013dd5 0x0
core   0: 0x8000722e (0x03c1c803) lbu     a6, 60(gp)
core   0: 3 0x8000722e (0x03c1c803) x16 0x00000000 mem 0x80013ddf
core   0: 0x80007232 (0xff818083) lb      ra, -8(gp)
core   0: 3 0x80007232 (0xff818083) x 1 0x00000000 mem 0x80013d9b
core   0: 0x80007236 (0x0079d113) srli    sp, s3, 7
core   0: 3 0x80007236 (0x0079d113) x 2 0x01000000
core   0: 0x8000723a (0x029194a3) sh      s1, 41(gp)
core   0: 3 0x8000723a (0x029194a3) mem 0x80013dcc 0x0003
core   0: 0x8000723e (0x013da9b3) slt     s3, s11, s3
core   0: 3 0x8000723e (0x013da9b3) x19 0x00000000
core   0: 0x80007242 (0x02c1a4a3) sw      a2, 41(gp)
core   0: 3 0x80007242 (0x02c1a4a3) mem 0x80013dcc 0x00000000
core   0: 0x80007246 (0xfde1c283) lbu     t0, -34(gp)
core   0: 3 0x80007246 (0xfde1c283) x 5 0x00000000 mem 0x80013d81
core   0: 0x8000724a (0xfdb18483) lb      s1, -37(gp)
core   0: 3 0x8000724a (0xfdb18483) x 9 0x00000000 mem 0x80013d7e
core   0: 0x8000724e (0x2b9f3897) auipc   a7, 0x2b9f3
core   0: 3 0x8000724e (0x2b9f3897) x17 0xab9fa24e
core   0: 0x80007252 (0xfcc1c883) lbu     a7, -52(gp)
core   0: 3 0x80007252 (0xfcc1c883) x17 0x00000000 mem 0x80013d6f
core   0: 0x80007256 (0x01f18923) sb      t6, 18(gp)
core   0: 3 0x80007256 (0x01f18923) mem 0x80013db5 0xcc
core   0: 0x8000725a (0x01c1ce83) lbu     t4, 28(gp)
core   0: 3 0x8000725a (0x01c1ce83) x29 0x00000000 mem 0x80013dbf
core   0: 0x8000725e (0x01c18103) lb      sp, 28(gp)
core   0: 3 0x8000725e (0x01c18103) x 2 0x00000000 mem 0x80013dbf
core   0: 0x80007262 (0x00818e23) sb      s0, 28(gp)
core   0: 3 0x80007262 (0x00818e23) mem 0x80013dbf 0x0
core   0: 0x80007266 (0x03218483) lb      s1, 50(gp)
core   0: 3 0x80007266 (0x03218483) x 9 0x00000000 mem 0x80013dd5
core   0: 0x8000726a (0xfcf1cc03) lbu     s8, -49(gp)
core   0: 3 0x8000726a (0xfcf1cc03) x24 0x000000a3 mem 0x80013d72
core   0: 0x8000726e (0x037fdbb3) divu    s7, t6, s7
core   0: 3 0x8000726e (0x037fdbb3) x23 0xffffffff
core   0: 0x80007272 (0x00008289) c.srli  a3, 2
core   0: 3 0x80007272 (0x8289) x13 0x00000183
core   0: 0x80007274 (0x00008e11) c.sub   a2, a2
core   0: 3 0x80007274 (0x8e11) x12 0x00000000
core   0: 0x80007276 (0xfce197a3) sh      a4, -49(gp)
core   0: 3 0x80007276 (0xfce197a3) mem 0x80013d72 0x8e58
core   0: 0x8000727a (0x00008d01) c.sub   a0, s0
core   0: 3 0x8000727a (0x8d01) x10 0x80023949
core   0: 0x8000727c (0xfc3197a3) sh      gp, -49(gp)
core   0: 3 0x8000727c (0xfc3197a3) mem 0x80013d72 0x3da3
core   0: 0x80007280 (0x0000c697) auipc   a3, 0xc
core   0: 3 0x80007280 (0x0000c697) x13 0x80013280
core   0: 0x80007284 (0x01868693) addi    a3, a3, 24
core   0: 3 0x80007284 (0x01868693) x13 0x80013298
core   0: 0x80007288 (0x01aadc13) srli    s8, s5, 26
core   0: 3 0x80007288 (0x01aadc13) x24 0x00000000
core   0: 0x8000728c (0xfd168483) lb      s1, -47(a3)
core   0: 3 0x8000728c (0xfd168483) x 9 0x00000000 mem 0x80013269
core   0: 0x80007290 (0x00000001) c.nop
core   0: 3 0x80007290 (0x0001)
core   0: 0x80007292 (0x01adc333) xor     t1, s11, s10
core   0: 3 0x80007292 (0x01adc333) x 6 0x00000000
core   0: 0x80007296 (0xfd669823) sh      s6, -48(a3)
core   0: 3 0x80007296 (0xfd669823) mem 0x80013268 0x6000
core   0: 0x8000729a (0xfc26cd03) lbu     s10, -62(a3)
core   0: 3 0x8000729a (0xfc26cd03) x26 0x00000000 mem 0x8001325a
core   0: 0x8000729e (0x90247613) andi    a2, s0, -1790
core   0: 3 0x8000729e (0x90247613) x12 0x00000000
core   0: 0x800072a2 (0xfc269183) lh      gp, -62(a3)
core   0: 3 0x800072a2 (0xfc269183) x 3 0x00000000 mem 0x8001325a
core   0: 0x800072a6 (0x00000536) c.slli  a0, 13
core   0: 3 0x800072a6 (0x0536) x10 0x47292000
core   0: 0x800072a8 (0xfc269f83) lh      t6, -62(a3)
core   0: 3 0x800072a8 (0xfc269f83) x31 0x00000000 mem 0x8001325a
core   0: 0x800072ac (0xfec68983) lb      s3, -20(a3)
core   0: 3 0x800072ac (0xfec68983) x19 0x00000000 mem 0x80013284
core   0: 0x800072b0 (0x136db993) sltiu   s3, s11, 310
core   0: 3 0x800072b0 (0x136db993) x19 0x00000001
core   0: 0x800072b4 (0xfe0689a3) sb      zero, -13(a3)
core   0: 3 0x800072b4 (0xfe0689a3) mem 0x8001328b 0x0
core   0: 0x800072b8 (0x03768783) lb      a5, 55(a3)
core   0: 3 0x800072b8 (0x03768783) x15 0x00000000 mem 0x800132cf
core   0: 0x800072bc (0x01568983) lb      s3, 21(a3)
core   0: 3 0x800072bc (0x01568983) x19 0x00000000 mem 0x800132ad
core   0: 0x800072c0 (0x000042a4) c.lw    s1, 64(a3)
core   0: 3 0x800072c0 (0x42a4) x 9 0x00000000 mem 0x800132d8
core   0: 0x800072c2 (0x0250f533) remu    a0, ra, t0
core   0: 3 0x800072c2 (0x0250f533) x10 0x00000000
core   0: 0x800072c6 (0x26ef7d13) andi    s10, t5, 622
core   0: 3 0x800072c6 (0x26ef7d13) x26 0x00000000
core   0: 0x800072ca (0x03704533) div     a0, zero, s7
core   0: 3 0x800072ca (0x03704533) x10 0x00000000
core   0: 0x800072ce (0xfdb68e83) lb      t4, -37(a3)
core   0: 3 0x800072ce (0xfdb68e83) x29 0x00000000 mem 0x80013273
core   0: 0x800072d2 (0x9cd9a213) slti    tp, s3, -1587
core   0: 3 0x800072d2 (0x9cd9a213) x 4 0x00000000
core   0: 0x800072d6 (0x008d9913) slli    s2, s11, 8
core   0: 3 0x800072d6 (0x008d9913) x18 0x00000000
core   0: 0x800072da (0x0246d203) lhu     tp, 36(a3)
core   0: 3 0x800072da (0x0246d203) x 4 0x00000000 mem 0x800132bc
core   0: 0x800072de (0x00db1b93) slli    s7, s6, 13
core   0: 3 0x800072de (0x00db1b93) x23 0x2c000000
core   0: 0x800072e2 (0x03768c83) lb      s9, 55(a3)
core   0: 3 0x800072e2 (0x03768c83) x25 0x00000000 mem 0x800132cf
core   0: 0x800072e6 (0x000042a0) c.lw    s0, 64(a3)
core   0: 3 0x800072e6 (0x42a0) x 8 0x00000000 mem 0x800132d8
core   0: 0x800072e8 (0xffc6d383) lhu     t2, -4(a3)
core   0: 3 0x800072e8 (0xffc6d383) x 7 0x0000ff00 mem 0x80013294
core   0: 0x800072ec (0x039d7e33) remu    t3, s10, s9
core   0: 3 0x800072ec (0x039d7e33) x28 0x00000000
core   0: 0x800072f0 (0x00008265) c.srli  a2, 25
core   0: 3 0x800072f0 (0x8265) x12 0x00000000
core   0: 0x800072f2 (0x00006125) c.addi16sp sp, 96
core   0: 3 0x800072f2 (0x6125) x 2 0x00000060
core   0: 0x800072f4 (0x00008ff5) c.and   a5, a3
core   0: 3 0x800072f4 (0x8ff5) x15 0x00000000
core   0: 0x800072f6 (0xfd26de83) lhu     t4, -46(a3)
core   0: 3 0x800072f6 (0xfd26de83) x29 0x00000000 mem 0x8001326a
core   0: 0x800072fa (0x413ad433) sra     s0, s5, s3
core   0: 3 0x800072fa (0x413ad433) x 8 0x00000000
core   0: 0x800072fe (0x00008c8e) c.mv    s9, gp
core   0: 3 0x800072fe (0x8c8e) x25 0x00000000
core   0: 0x80007300 (0x00008d71) c.and   a0, a2
core   0: 3 0x80007300 (0x8d71) x10 0x00000000
core   0: 0x80007302 (0x41045193) srai    gp, s0, 16
core   0: 3 0x80007302 (0x41045193) x 3 0x00000000
core   0: 0x80007306 (0xfea69923) sh      a0, -14(a3)
core   0: 3 0x80007306 (0xfea69923) mem 0x8001328a 0x0000
core   0: 0x8000730a (0xfd168303) lb      t1, -47(a3)
core   0: 3 0x8000730a (0xfd168303) x 6 0x00000060 mem 0x80013269
core   0: 0x8000730e (0x02dd3233) mulhu   tp, s10, a3
core   0: 3 0x8000730e (0x02dd3233) x 4 0x00000000
core   0: 0x80007312 (0x00368603) lb      a2, 3(a3)
core   0: 3 0x80007312 (0x00368603) x12 0x00000000 mem 0x8001329b
core   0: 0x80007316 (0x02733833) mulhu   a6, t1, t2
core   0: 3 0x80007316 (0x02733833) x16 0x00000000
core   0: 0x8000731a (0xff56a623) sw      s5, -20(a3)
core   0: 3 0x8000731a (0xff56a623) mem 0x80013284 0x00000000
core   0: 0x8000731e (0x12a1e337) lui     t1, 0x12a1e
core   0: 3 0x8000731e (0x12a1e337) x 6 0x12a1e000
core   0: 0x80007322 (0x7ec73c37) lui     s8, 0x7ec73
core   0: 3 0x80007322 (0x7ec73c37) x24 0x7ec73000
core   0: 0x80007326 (0x68e4e393) ori     t2, s1, 1678
core   0: 3 0x80007326 (0x68e4e393) x 7 0x0000068e
core   0: 0x8000732a (0xfd46c803) lbu     a6, -44(a3)
core   0: 3 0x8000732a (0xfd46c803) x16 0x00000000 mem 0x8001326c
core   0: 0x8000732e (0xfe16c503) lbu     a0, -31(a3)
core   0: 3 0x8000732e (0xfe16c503) x10 0x00000000 mem 0x80013279
core   0: 0x80007332 (0xfe468183) lb      gp, -28(a3)
core   0: 3 0x80007332 (0xfe468183) x 3 0x00000000 mem 0x8001327c
core   0: 0x80007336 (0x012684a3) sb      s2, 9(a3)
core   0: 3 0x80007336 (0x012684a3) mem 0x800132a1 0x0
core   0: 0x8000733a (0x0001cc17) auipc   s8, 0x1c
core   0: 3 0x8000733a (0x0001cc17) x24 0x8002333a
core   0: 0x8000733e (0x5c8c0c13) addi    s8, s8, 1480
core   0: 3 0x8000733e (0x5c8c0c13) x24 0x80023902
core   0: 0x80007342 (0x00006925) c.lui   s2, 0x9
core   0: 3 0x80007342 (0x6925) x18 0x00009000
core   0: 0x80007344 (0x7914e013) ori     zero, s1, 1937
core   0: 3 0x80007344 (0x7914e013)
core   0: 0x80007348 (0x00008e85) c.sub   a3, s1
core   0: 3 0x80007348 (0x8e85) x13 0x80013298
core   0: 0x8000734a (0xfcac2083) lw      ra, -54(s8)
core   0: 3 0x8000734a (0xfcac2083) x 1 0x00000000 mem 0x800238cc
core   0: 0x8000734e (0x010c07a3) sb      a6, 15(s8)
core   0: 3 0x8000734e (0x010c07a3) mem 0x80023911 0x0
core   0: 0x80007352 (0xfdbc02a3) sb      s11, -59(s8)
core   0: 3 0x80007352 (0xfdbc02a3) mem 0x800238c7 0x0
core   0: 0x80007356 (0x024c0ca3) sb      tp, 57(s8)
core   0: 3 0x80007356 (0x024c0ca3) mem 0x8002393b 0x0
core   0: 0x8000735a (0x01ac1a23) sh      s10, 20(s8)
core   0: 3 0x8000735a (0x01ac1a23) mem 0x80023916 0x0000
core   0: 0x8000735e (0x018c8533) add     a0, s9, s8
core   0: 3 0x8000735e (0x018c8533) x10 0x80023902
core   0: 0x80007362 (0x00008ca5) c.xor   s1, s1
core   0: 3 0x80007362 (0x8ca5) x 9 0x00000000
core   0: 0x80007364 (0x00008e3d) c.xor   a2, a5
core   0: 3 0x80007364 (0x8e3d) x12 0x00000000
core   0: 0x80007366 (0x00dc0a23) sb      a3, 20(s8)
core   0: 3 0x80007366 (0x00dc0a23) mem 0x80023916 0x98
core   0: 0x8000736a (0x02fc4b03) lbu     s6, 47(s8)
core   0: 3 0x8000736a (0x02fc4b03) x22 0x00000000 mem 0x80023931
core   0: 0x8000736e (0xfecc4d83) lbu     s11, -20(s8)
core   0: 3 0x8000736e (0xfecc4d83) x27 0x00000000 mem 0x800238ee
core   0: 0x80007372 (0x408603b3) sub     t2, a2, s0
core   0: 3 0x80007372 (0x408603b3) x 7 0x00000000
core   0: 0x80007376 (0xfcdc0003) lb      zero, -51(s8)
core   0: 3 0x80007376 (0xfcdc0003) mem 0x800238cf
core   0: 0x8000737a (0xfedc0d03) lb      s10, -19(s8)
core   0: 3 0x8000737a (0xfedc0d03) x26 0x00000000 mem 0x800238ef
core   0: 0x8000737e (0xfd3c4783) lbu     a5, -45(s8)
core   0: 3 0x8000737e (0xfd3c4783) x15 0x00000000 mem 0x800238d5
core   0: 0x80007382 (0x0000c117) auipc   sp, 0xc
core   0: 3 0x80007382 (0x0000c117) x 2 0x80013382
core   0: 0x80007386 (0xf9d10113) addi    sp, sp, -99
core   0: 3 0x80007386 (0xf9d10113) x 2 0x8001331f
core   0: 0x8000738a (0x0ca14f83) lbu     t6, 202(sp)
core   0: 3 0x8000738a (0x0ca14f83) x31 0x00000000 mem 0x800133e9
core   0: 0x8000738e (0x5fc81db7) lui     s11, 0x5fc81
core   0: 3 0x8000738e (0x5fc81db7) x27 0x5fc81000
core   0: 0x80007392 (0xf6410903) lb      s2, -156(sp)
core   0: 3 0x80007392 (0xf6410903) x18 0x00000000 mem 0x80013283
core   0: 0x80007396 (0xf6410f83) lb      t6, -156(sp)
core   0: 3 0x80007396 (0xf6410f83) x31 0x00000000 mem 0x80013283
core   0: 0x8000739a (0xfd715183) lhu     gp, -41(sp)
core   0: 3 0x8000739a (0xfd715183) x 3 0x00000000 mem 0x800132f6
core   0: 0x8000739e (0x4b7ce313) ori     t1, s9, 1207
core   0: 3 0x8000739e (0x4b7ce313) x 6 0x000004b7
core   0: 0x800073a2 (0x0ef10123) sb      a5, 226(sp)
core   0: 3 0x800073a2 (0x0ef10123) mem 0x80013401 0x0
core   0: 0x800073a6 (0xf5010a83) lb      s5, -176(sp)
core   0: 3 0x800073a6 (0xf5010a83) x21 0x00000000 mem 0x8001326f
core   0: 0x800073aa (0xf5210823) sb      s2, -176(sp)
core   0: 3 0x800073aa (0xf5210823) mem 0x8001326f 0x0
core   0: 0x800073ae (0x0a010023) sb      zero, 160(sp)
core   0: 3 0x800073ae (0x0a010023) mem 0x800133bf 0x0
core   0: 0x800073b2 (0x02d122a3) sw      a3, 37(sp)
core   0: 3 0x800073b2 (0x02d122a3) mem 0x80013344 0x80013298
core   0: 0x800073b6 (0xfcd12803) lw      a6, -51(sp)
core   0: 3 0x800073b6 (0xfcd12803) x16 0x00000000 mem 0x800132ec
core   0: 0x800073ba (0xf0014983) lbu     s3, -256(sp)
core   0: 3 0x800073ba (0xf0014983) x19 0x00000000 mem 0x8001321f
core   0: 0x800073be (0x00016917) auipc   s2, 0x16
core   0: 3 0x800073be (0x00016917) x18 0x8001d3be
core   0: 0x800073c2 (0x76190913) addi    s2, s2, 1889
core   0: 3 0x800073c2 (0x76190913) x18 0x8001db1f
core   0: 0x800073c6 (0x0000cf97) auipc   t6, 0xc
core   0: 3 0x800073c6 (0x0000cf97) x31 0x800133c6
core   0: 0x800073ca (0xf25f8f93) addi    t6, t6, -219
core   0: 3 0x800073ca (0xf25f8f93) x31 0x800132eb
core   0: 0x800073ce (0xf8990983) lb      s3, -119(s2)
core   0: 3 0x800073ce (0xf8990983) x19 0x00000000 mem 0x8001daa8
core   0: 0x800073d2 (0x0e191b03) lh      s6, 225(s2)
core   0: 3 0x800073d2 (0x0e191b03) x22 0x00000000 mem 0x8001dc00
core   0: 0x800073d6 (0xff7fd783) lhu     a5, -9(t6)
core   0: 3 0x800073d6 (0xff7fd783) x15 0x00000000 mem 0x800132e2
core   0: 0x800073da (0x01b91b03) lh      s6, 27(s2)
core   0: 3 0x800073da (0x01b91b03) x22 0x00000000 mem 0x8001db3a
core   0: 0x800073de (0xfe0f8d23) sb      zero, -6(t6)
core   0: 3 0x800073de (0xfe0f8d23) mem 0x800132e5 0x0
core   0: 0x800073e2 (0x02890b83) lb      s7, 40(s2)
core   0: 3 0x800073e2 (0x02890b83) x23 0x00000000 mem 0x8001db47
core   0: 0x800073e6 (0x002f8823) sb      sp, 16(t6)
core   0: 3 0x800073e6 (0x002f8823) mem 0x800132fb 0x1f
core   0: 0x800073ea (0xf0b90e03) lb      t3, -245(s2)
core   0: 3 0x800073ea (0xf0b90e03) x28 0x00000000 mem 0x8001da2a
core   0: 0x800073ee (0x00291ca3) sh      sp, 25(s2)
core   0: 3 0x800073ee (0x00291ca3) mem 0x8001db38 0x331f
core   0: 0x800073f2 (0x00bfd803) lhu     a6, 11(t6)
core   0: 3 0x800073f2 (0x00bfd803) x16 0x00000000 mem 0x800132f6
core   0: 0x800073f6 (0xf5494b03) lbu     s6, -172(s2)
core   0: 3 0x800073f6 (0xf5494b03) x22 0x00000000 mem 0x8001da73
core   0: 0x800073fa (0x00bfd483) lhu     s1, 11(t6)
core   0: 3 0x800073fa (0x00bfd483) x 9 0x00000000 mem 0x800132f6
core   0: 0x800073fe (0xffdfde83) lhu     t4, -3(t6)
core   0: 3 0x800073fe (0xffdfde83) x29 0x00000000 mem 0x800132e8
core   0: 0x80007402 (0x0ec90223) sb      a2, 228(s2)
core   0: 3 0x80007402 (0x0ec90223) mem 0x8001dc03 0x0
core   0: 0x80007406 (0xf4490203) lb      tp, -188(s2)
core   0: 3 0x80007406 (0xf4490203) x 4 0x00000000 mem 0x8001da63
core   0: 0x8000740a (0xff7f8a23) sb      s7, -12(t6)
core   0: 3 0x8000740a (0xff7f8a23) mem 0x800132df 0x0
core   0: 0x8000740e (0x0001c917) auipc   s2, 0x1c
core   0: 3 0x8000740e (0x0001c917) x18 0x8002340e
core   0: 0x80007412 (0xebf90913) addi    s2, s2, -321
core   0: 3 0x80007412 (0xebf90913) x18 0x800232cd
core   0: 0x80007416 (0x00013117) auipc   sp, 0x13
core   0: 3 0x80007416 (0x00013117) x 2 0x8001a416
core   0: 0x8000741a (0xd7110113) addi    sp, sp, -655
core   0: 3 0x8000741a (0xd7110113) x 2 0x8001a187
core   0: 0x8000741e (0x00013617) auipc   a2, 0x13
core   0: 3 0x8000741e (0x00013617) x12 0x8001a41e
core   0: 0x80007422 (0x60c60613) addi    a2, a2, 1548
core   0: 3 0x80007422 (0x60c60613) x12 0x8001aa2a
core   0: 0x80007426 (0x00014797) auipc   a5, 0x14
core   0: 3 0x80007426 (0x00014797) x15 0x8001b426
core   0: 0x8000742a (0xd3578793) addi    a5, a5, -715
core   0: 3 0x8000742a (0xd3578793) x15 0x8001b15b
core   0: 0x8000742e (0x0097cf83) lbu     t6, 9(a5)
core   0: 3 0x8000742e (0x0097cf83) x31 0x00000000 mem 0x8001b164
core   0: 0x80007432 (0x00016e17) auipc   t3, 0x16
core   0: 3 0x80007432 (0x00016e17) x28 0x8001d432
core   0: 0x80007436 (0x60de0e13) addi    t3, t3, 1549
core   0: 3 0x80007436 (0x60de0e13) x28 0x8001da3f
core   0: 0x8000743a (0x00b79003) lh      zero, 11(a5)
core   0: 3 0x8000743a (0x00b79003) mem 0x8001b166
core   0: 0x8000743e (0x00a10683) lb      a3, 10(sp)
core   0: 3 0x8000743e (0x00a10683) x13 0x00000000 mem 0x8001a191
core   0: 0x80007442 (0x7de62883) lw      a7, 2014(a2)
core   0: 3 0x80007442 (0x7de62883) x17 0x00000000 mem 0x8001b208
core   0: 0x80007446 (0xfe3919a3) sh      gp, -13(s2)
core   0: 3 0x80007446 (0xfe3919a3) mem 0x800232c0 0x0000
core   0: 0x8000744a (0x1dc60983) lb      s3, 476(a2)
core   0: 3 0x8000744a (0x1dc60983) x19 0x00000000 mem 0x8001ac06
core   0: 0x8000744e (0xffe7c083) lbu     ra, -2(a5)
core   0: 3 0x8000744e (0xffe7c083) x 1 0x00000000 mem 0x8001b159
core   0: 0x80007452 (0x005e5503) lhu     a0, 5(t3)
core   0: 3 0x80007452 (0x005e5503) x10 0x00000000 mem 0x8001da44
core   0: 0x80007456 (0x00a90183) lb      gp, 10(s2)
core   0: 3 0x80007456 (0x00a90183) x 3 0x00000000 mem 0x800232d7
core   0: 0x8000745a (0xfcb78823) sb      a1, -48(a5)
core   0: 3 0x8000745a (0xfcb78823) mem 0x8001b12b 0xe4
core   0: 0x8000745e (0xfe0e4c03) lbu     s8, -32(t3)
core   0: 3 0x8000745e (0xfe0e4c03) x24 0x00000000 mem 0x8001da1f
core   0: 0x80007462 (0x02412ea3) sw      tp, 61(sp)
core   0: 3 0x80007462 (0x02412ea3) mem 0x8001a1c4 0x00000000
core   0: 0x80007466 (0x41f60183) lb      gp, 1055(a2)
core   0: 3 0x80007466 (0x41f60183) x 3 0x00000000 mem 0x8001ae49
core   0: 0x8000746a (0x00690023) sb      t1, 0(s2)
core   0: 3 0x8000746a (0x00690023) mem 0x800232cd 0xb7
core   0: 0x8000746e (0xfff92fa3) sw      t6, -1(s2)
core   0: 3 0x8000746e (0xfff92fa3) mem 0x800232cc 0x00000000
core   0: 0x80007472 (0xfece0423) sb      a2, -24(t3)
core   0: 3 0x80007472 (0xfece0423) mem 0x8001da27 0x2a
core   0: 0x80007476 (0xfee7c383) lbu     t2, -18(a5)
core   0: 3 0x80007476 (0xfee7c383) x 7 0x00000000 mem 0x8001b149
core   0: 0x8000747a (0x0b260c03) lb      s8, 178(a2)
core   0: 3 0x8000747a (0x0b260c03) x24 0x00000000 mem 0x8001aadc
core   0: 0x8000747e (0x011126a3) sw      a7, 13(sp)
core   0: 3 0x8000747e (0x011126a3) mem 0x8001a194 0x00000000
core   0: 0x80007482 (0xfee10523) sb      a4, -22(sp)
core   0: 3 0x80007482 (0xfee10523) mem 0x8001a171 0x58
core   0: 0x80007486 (0x019e2f83) lw      t6, 25(t3)
core   0: 3 0x80007486 (0x019e2f83) x31 0x00000000 mem 0x8001da58
core   0: 0x8000748a (0x03b10e83) lb      t4, 59(sp)
core   0: 3 0x8000748a (0x03b10e83) x29 0x00000000 mem 0x8001a1c2
core   0: 0x8000748e (0x01a927a3) sw      s10, 15(s2)
core   0: 3 0x8000748e (0x01a927a3) mem 0x800232dc 0x00000000
core   0: 0x80007492 (0x01112b03) lw      s6, 17(sp)
core   0: 3 0x80007492 (0x01112b03) x22 0x00000000 mem 0x8001a198
core   0: 0x80007496 (0x026782a3) sb      t1, 37(a5)
core   0: 3 0x80007496 (0x026782a3) mem 0x8001b180 0xb7
core   0: 0x8000749a (0x05178023) sb      a7, 64(a5)
core   0: 3 0x8000749a (0x05178023) mem 0x8001b19b 0x0
core   0: 0x8000749e (0xfc5e03a3) sb      t0, -57(t3)
core   0: 3 0x8000749e (0xfc5e03a3) mem 0x8001da06 0x0
core   0: 0x800074a2 (0x0177db03) lhu     s6, 23(a5)
core   0: 3 0x800074a2 (0x0177db03) x22 0x00000000 mem 0x8001b172
core   0: 0x800074a6 (0xfe1908a3) sb      ra, -15(s2)
core   0: 3 0x800074a6 (0xfe1908a3) mem 0x800232be 0x0
core   0: 0x800074aa (0x00be1183) lh      gp, 11(t3)
core   0: 3 0x800074aa (0x00be1183) x 3 0x00000000 mem 0x8001da4a
core   0: 0x800074ae (0x01e78c23) sb      t5, 24(a5)
core   0: 3 0x800074ae (0x01e78c23) mem 0x8001b173 0x0
core   0: 0x800074b2 (0x00978923) sb      s1, 18(a5)
core   0: 3 0x800074b2 (0x00978923) mem 0x8001b16d 0x0
core   0: 0x800074b6 (0x00be1503) lh      a0, 11(t3)
core   0: 3 0x800074b6 (0x00be1503) x10 0x00000000 mem 0x8001da4a
core   0: 0x800074ba (0x01090c83) lb      s9, 16(s2)
core   0: 3 0x800074ba (0x01090c83) x25 0x00000000 mem 0x800232dd
core   0: 0x800074be (0x5a264003) lbu     zero, 1442(a2)
core   0: 3 0x800074be (0x5a264003) mem 0x8001afcc
core   0: 0x800074c2 (0x03be4683) lbu     a3, 59(t3)
core   0: 3 0x800074c2 (0x03be4683) x13 0x00000000 mem 0x8001da7a
core   0: 0x800074c6 (0x0000c117) auipc   sp, 0xc
core   0: 3 0x800074c6 (0x0000c117) x 2 0x800134c6
core   0: 0x800074ca (0xcb710113) addi    sp, sp, -841
core   0: 3 0x800074ca (0xcb710113) x 2 0x8001317d
core   0: 0x800074ce (0x01510983) lb      s3, 21(sp)
core   0: 3 0x800074ce (0x01510983) x19 0x00000006 mem 0x80013192
core   0: 0x800074d2 (0xfd914e83) lbu     t4, -39(sp)
core   0: 3 0x800074d2 (0xfd914e83) x29 0x00000000 mem 0x80013156
core   0: 0x800074d6 (0x00008566) c.mv    a0, s9
core   0: 3 0x800074d6 (0x8566) x10 0x00000000
core   0: 0x800074d8 (0x03d118a3) sh      t4, 49(sp)
core   0: 3 0x800074d8 (0x03d118a3) mem 0x800131ae 0x0000
core   0: 0x800074dc (0x00915203) lhu     tp, 9(sp)
core   0: 3 0x800074dc (0x00915203) x 4 0x00000000 mem 0x80013186
core   0: 0x800074e0 (0x02414283) lbu     t0, 36(sp)
core   0: 3 0x800074e0 (0x02414283) x 5 0x00000000 mem 0x800131a1
core   0: 0x800074e4 (0x00000001) c.nop
core   0: 3 0x800074e4 (0x0001)
core   0: 0x800074e6 (0x0386c2b3) div     t0, a3, s8
core   0: 3 0x800074e6 (0x0386c2b3) x 5 0xffffffff
core   0: 0x800074ea (0x00008015) c.srli  s0, 5
core   0: 3 0x800074ea (0x8015) x 8 0x00000000
core   0: 0x800074ec (0xfed15503) lhu     a0, -19(sp)
core   0: 3 0x800074ec (0xfed15503) x10 0x00000000 mem 0x8001316a
core   0: 0x800074f0 (0x00008fad) c.xor   a5, a1
core   0: 3 0x800074f0 (0x8fad) x15 0x00037dbf
core   0: 0x800074f2 (0x40688633) sub     a2, a7, t1
core   0: 3 0x800074f2 (0x40688633) x12 0xfffffb49
core   0: 0x800074f6 (0x03d11ca3) sh      t4, 57(sp)
core   0: 3 0x800074f6 (0x03d11ca3) mem 0x800131b6 0x0000
core   0: 0x800074fa (0xfe210483) lb      s1, -30(sp)
core   0: 3 0x800074fa (0xfe210483) x 9 0x00000000 mem 0x8001315f
core   0: 0x800074fe (0x00000a3e) c.slli  s4, 15
core   0: 3 0x800074fe (0x0a3e) x20 0x00000000
core   0: 0x80007500 (0xfef14903) lbu     s2, -17(sp)
core   0: 3 0x80007500 (0xfef14903) x18 0x00000000 mem 0x8001316c
core   0: 0x80007504 (0x000069b1) c.lui   s3, 0xc
core   0: 3 0x80007504 (0x69b1) x19 0x0000c000
core   0: 0x80007506 (0x0394de33) divu    t3, s1, s9
core   0: 3 0x80007506 (0x0394de33) x28 0xffffffff
core   0: 0x8000750a (0x612e6513) ori     a0, t3, 1554
core   0: 3 0x8000750a (0x612e6513) x10 0xffffffff
core   0: 0x8000750e (0x0000935a) c.add   t1, s6
core   0: 3 0x8000750e (0x935a) x 6 0x000004b7
core   0: 0x80007510 (0x0317a333) mulhsu  t1, a5, a7
core   0: 3 0x80007510 (0x0317a333) x 6 0x00000000
core   0: 0x80007514 (0x00008e51) c.or    a2, a2
core   0: 3 0x80007514 (0x8e51) x12 0xfffffb49
core   0: 0x80007516 (0xdf1d7093) andi    ra, s10, -527
core   0: 3 0x80007516 (0xdf1d7093) x 1 0x00000000
core   0: 0x8000751a (0xfeb12503) lw      a0, -21(sp)
core   0: 3 0x8000751a (0xfeb12503) x10 0x0000e400 mem 0x80013168
core   0: 0x8000751e (0x01c7deb3) srl     t4, a5, t3
core   0: 3 0x8000751e (0x01c7deb3) x29 0x00000000
core   0: 0x80007522 (0xffc11da3) sh      t3, -5(sp)
core   0: 3 0x80007522 (0xffc11da3) mem 0x80013178 0xffff
core   0: 0x80007526 (0xfcb10423) sb      a1, -56(sp)
core   0: 3 0x80007526 (0xfcb10423) mem 0x80013145 0xe4
core   0: 0x8000752a (0x03779833) mulh    a6, a5, s7
core   0: 3 0x8000752a (0x03779833) x16 0x00000000
core   0: 0x8000752e (0x00008fd1) c.or    a5, a2
core   0: 3 0x8000752e (0x8fd1) x15 0xffffffff
core   0: 0x80007530 (0x00a10723) sb      a0, 14(sp)
core   0: 3 0x80007530 (0x00a10723) mem 0x8001318b 0x0
core   0: 0x80007534 (0x00008ad9) c.andi  a3, 22
core   0: 3 0x80007534 (0x8ad9) x13 0x00000000
core   0: 0x80007536 (0x02910b23) sb      s1, 54(sp)
core   0: 3 0x80007536 (0x02910b23) mem 0x800131b3 0x0
core   0: 0x8000753a (0x4128d513) srai    a0, a7, 18
core   0: 3 0x8000753a (0x4128d513) x10 0x00000000
core   0: 0x8000753e (0x01928433) add     s0, t0, s9
core   0: 3 0x8000753e (0x01928433) x 8 0xffffffff
core   0: 0x80007542 (0x0000622d) c.lui   tp, 0xb
core   0: 3 0x80007542 (0x622d) x 4 0x0000b000
core   0: 0x80007544 (0xfc810f23) sb      s0, -34(sp)
core   0: 3 0x80007544 (0xfc810f23) mem 0x8001315b 0xff
core   0: 0x80007548 (0xfcd11983) lh      s3, -51(sp)
core   0: 3 0x80007548 (0xfcd11983) x19 0x00006a00 mem 0x8001314a
core   0: 0x8000754c (0x03814483) lbu     s1, 56(sp)
core   0: 3 0x8000754c (0x03814483) x 9 0x00000000 mem 0x800131b5
core   0: 0x80007550 (0x0000ca17) auipc   s4, 0xc
core   0: 3 0x80007550 (0x0000ca17) x20 0x80013550
core   0: 0x80007554 (0x127a0a13) addi    s4, s4, 295
core   0: 3 0x80007554 (0x127a0a13) x20 0x80013677
core   0: 0x80007558 (0x018a08a3) sb      s8, 17(s4)
core   0: 3 0x80007558 (0x018a08a3) mem 0x80013688 0x0
core   0: 0x8000755c (0x032a4b83) lbu     s7, 50(s4)
core   0: 3 0x8000755c (0x032a4b83) x23 0x00000000 mem 0x800136a9
core   0: 0x80007560 (0xffda2c83) lw      s9, -3(s4)
core   0: 3 0x80007560 (0xffda2c83) x25 0xffffffff mem 0x80013674
core   0: 0x80007564 (0x00000b3a) c.slli  s6, 14
core   0: 3 0x80007564 (0x0b3a) x22 0x00000000
core   0: 0x80007566 (0xfefa2ea3) sw      a5, -3(s4)
core   0: 3 0x80007566 (0xfefa2ea3) mem 0x80013674 0xffffffff
core   0: 0x8000756a (0xffda0383) lb      t2, -3(s4)
core   0: 3 0x8000756a (0xffda0383) x 7 0xffffffff mem 0x80013674
core   0: 0x8000756e (0x023a0f23) sb      gp, 62(s4)
core   0: 3 0x8000756e (0x023a0f23) mem 0x800136b5 0x0
core   0: 0x80007572 (0xfcba0283) lb      t0, -53(s4)
core   0: 3 0x80007572 (0xfcba0283) x 5 0x00000000 mem 0x80013642
core   0: 0x80007576 (0x017a0d23) sb      s7, 26(s4)
core   0: 3 0x80007576 (0x017a0d23) mem 0x80013691 0x0
core   0: 0x8000757a (0x0000960a) c.add   a2, sp
core   0: 3 0x8000757a (0x960a) x12 0x80012cc6
core   0: 0x8000757c (0x017a5003) lhu     zero, 23(s4)
core   0: 3 0x8000757c (0x017a5003) mem 0x8001368e
core   0: 0x80007580 (0x017a0683) lb      a3, 23(s4)
core   0: 3 0x80007580 (0x017a0683) x13 0x00000000 mem 0x8001368e
core   0: 0x80007584 (0x026a0783) lb      a5, 38(s4)
core   0: 3 0x80007584 (0x026a0783) x15 0xffffffff mem 0x8001369d
core   0: 0x80007588 (0x00aa4403) lbu     s0, 10(s4)
core   0: 3 0x80007588 (0x00aa4403) x 8 0x00000000 mem 0x80013681
core   0: 0x8000758c (0x0000ca17) auipc   s4, 0xc
core   0: 3 0x8000758c (0x0000ca17) x20 0x8001358c
core   0: 0x80007590 (0xcf9a0a13) addi    s4, s4, -775
core   0: 3 0x80007590 (0xcf9a0a13) x20 0x80013285
core   0: 0x80007594 (0x0ff0000f) fence   iorw,iorw
core   0: 3 0x80007594 (0x0ff0000f)
core   0: 0x80007598 (0x01da0f23) sb      t4, 30(s4)
core   0: 3 0x80007598 (0x01da0f23) mem 0x800132a3 0x0
core   0: 0x8000759c (0xfcca4303) lbu     t1, -52(s4)
core   0: 3 0x8000759c (0xfcca4303) x 6 0x00000000 mem 0x80013251
core   0: 0x800075a0 (0x02ea4d83) lbu     s11, 46(s4)
core   0: 3 0x800075a0 (0x02ea4d83) x27 0x00000000 mem 0x800132b3
core   0: 0x800075a4 (0xfe6a0f83) lb      t6, -26(s4)
core   0: 3 0x800075a4 (0xfe6a0f83) x31 0x00000000 mem 0x8001326b
core   0: 0x800075a8 (0x02ba2783) lw      a5, 43(s4)
core   0: 3 0x800075a8 (0x02ba2783) x15 0x00000000 mem 0x800132b0
core   0: 0x800075ac (0x0000997d) c.andi  a0, -1
core   0: 3 0x800075ac (0x997d) x10 0x00000000
core   0: 0x800075ae (0x00009bfd) c.andi  a5, -1
core   0: 3 0x800075ae (0x9bfd) x15 0x00000000
core   0: 0x800075b0 (0x014a4103) lbu     sp, 20(s4)
core   0: 3 0x800075b0 (0x014a4103) x 2 0x00000000 mem 0x80013299
core   0: 0x800075b4 (0xe825e513) ori     a0, a1, -382
core   0: 3 0x800075b4 (0xe825e513) x10 0xfffffee6
core   0: 0x800075b8 (0x01ea4903) lbu     s2, 30(s4)
core   0: 3 0x800075b8 (0x01ea4903) x18 0x00000000 mem 0x800132a3
core   0: 0x800075bc (0xde1d6b93) ori     s7, s10, -543
core   0: 3 0x800075bc (0xde1d6b93) x23 0xfffffde1
core   0: 0x800075c0 (0x032a0e03) lb      t3, 50(s4)
core   0: 3 0x800075c0 (0x032a0e03) x28 0x00000000 mem 0x800132b7
core   0: 0x800075c4 (0xfe9a5d03) lhu     s10, -23(s4)
core   0: 3 0x800075c4 (0xfe9a5d03) x26 0x00000000 mem 0x8001326e
core   0: 0x800075c8 (0x019a21a3) sw      s9, 3(s4)
core   0: 3 0x800075c8 (0x019a21a3) mem 0x80013288 0xffffffff
core   0: 0x800075cc (0x00008fc9) c.or    a5, a0
core   0: 3 0x800075cc (0x8fc9) x15 0xfffffee6
core   0: 0x800075ce (0x000002a6) c.slli  t0, 9
core   0: 3 0x800075ce (0x02a6) x 5 0x00000000
core   0: 0x800075d0 (0xfeba0783) lb      a5, -21(s4)
core   0: 3 0x800075d0 (0xfeba0783) x15 0x00000000 mem 0x80013270
core   0: 0x800075d4 (0xfb977493) andi    s1, a4, -71
core   0: 3 0x800075d4 (0xfb977493) x 9 0x80028e18
core   0: 0x800075d8 (0x41388fb3) sub     t6, a7, s3
core   0: 3 0x800075d8 (0x41388fb3) x31 0xffff9600
core   0: 0x800075dc (0xff7a2103) lw      sp, -9(s4)
core   0: 3 0x800075dc (0xff7a2103) x 2 0x00000000 mem 0x8001327c
core   0: 0x800075e0 (0xfdfa5503) lhu     a0, -33(s4)
core   0: 3 0x800075e0 (0xfdfa5503) x10 0x00009600 mem 0x80013264
core   0: 0x800075e4 (0xffca4983) lbu     s3, -4(s4)
core   0: 3 0x800075e4 (0xffca4983) x19 0x00000000 mem 0x80013281
core   0: 0x800075e8 (0x00001e7d) c.addi  t3, -1
core   0: 3 0x800075e8 (0x1e7d) x28 0xffffffff
core   0: 0x800075ea (0x0000100f) fence.i
core   0: 3 0x800075ea (0x0000100f)
core   0: 0x800075ee (0x012a0b83) lb      s7, 18(s4)
core   0: 3 0x800075ee (0x012a0b83) x23 0x00000000 mem 0x80013297
core   0: 0x800075f2 (0xda0941b7) lui     gp, 0xda094
core   0: 3 0x800075f2 (0xda0941b7) x 3 0xda094000
core   0: 0x800075f6 (0x016a4a83) lbu     s5, 22(s4)
core   0: 3 0x800075f6 (0x016a4a83) x21 0x00000000 mem 0x8001329b
core   0: 0x800075fa (0x007a0823) sb      t2, 16(s4)
core   0: 3 0x800075fa (0x007a0823) mem 0x80013295 0xff
core   0: 0x800075fe (0xffba4203) lbu     tp, -5(s4)
core   0: 3 0x800075fe (0xffba4203) x 4 0x00000000 mem 0x80013280
core   0: 0x80007602 (0x4030d493) srai    s1, ra, 3
core   0: 3 0x80007602 (0x4030d493) x 9 0x00000000
core   0: 0x80007606 (0x0000100f) fence.i
core   0: 3 0x80007606 (0x0000100f)
core   0: 0x8000760a (0xfe0a4883) lbu     a7, -32(s4)
core   0: 3 0x8000760a (0xfe0a4883) x17 0x00000096 mem 0x80013265
core   0: 0x8000760e (0xff0a0f23) sb      a6, -2(s4)
core   0: 3 0x8000760e (0xff0a0f23) mem 0x80013283 0x0
core   0: 0x80007612 (0x005a4403) lbu     s0, 5(s4)
core   0: 3 0x80007612 (0x005a4403) x 8 0x000000ff mem 0x8001328a
core   0: 0x80007616 (0x41bb5013) srai    zero, s6, 27
core   0: 3 0x80007616 (0x41bb5013)
core   0: 0x8000761a (0x01af4fb3) xor     t6, t5, s10
core   0: 3 0x8000761a (0x01af4fb3) x31 0x80000000
core   0: 0x8000761e (0x02e97b33) remu    s6, s2, a4
core   0: 3 0x8000761e (0x02e97b33) x22 0x00000000
core   0: 0x80007622 (0x00000001) c.nop
core   0: 3 0x80007622 (0x0001)
core   0: 0x80007624 (0x00008ecd) c.or    a3, a1
core   0: 3 0x80007624 (0x8ecd) x13 0x8002cce4
core   0: 0x80007626 (0x001a0d23) sb      ra, 26(s4)
core   0: 3 0x80007626 (0x001a0d23) mem 0x8001329f 0x0
core   0: 0x8000762a (0x026a0e23) sb      t1, 60(s4)
core   0: 3 0x8000762a (0x026a0e23) mem 0x800132c1 0x0
core   0: 0x8000762e (0x0000c117) auipc   sp, 0xc
core   0: 3 0x8000762e (0x0000c117) x 2 0x8001362e
core   0: 0x80007632 (0x62510113) addi    sp, sp, 1573
core   0: 3 0x80007632 (0x62510113) x 2 0x80013c53
core   0: 0x80007636 (0x017102a3) sb      s7, 5(sp)
core   0: 3 0x80007636 (0x017102a3) mem 0x80013c58 0x0
core   0: 0x8000763a (0x00000001) c.nop
core   0: 3 0x8000763a (0x0001)
core   0: 0x8000763c (0x00515383) lhu     t2, 5(sp)
core   0: 3 0x8000763c (0x00515383) x 7 0x00000000 mem 0x80013c58
core   0: 0x80007640 (0x005122a3) sw      t0, 5(sp)
core   0: 3 0x80007640 (0x005122a3) mem 0x80013c58 0x00000000
core   0: 0x80007644 (0x00515d03) lhu     s10, 5(sp)
core   0: 3 0x80007644 (0x00515d03) x26 0x00000000 mem 0x80013c58
core   0: 0x80007648 (0x00512c83) lw      s9, 5(sp)
core   0: 3 0x80007648 (0x00512c83) x25 0x00000000 mem 0x80013c58
core   0: 0x8000764c (0x01b102a3) sb      s11, 5(sp)
core   0: 3 0x8000764c (0x01b102a3) mem 0x80013c58 0x0
core   0: 0x80007650 (0x001112a3) sh      ra, 5(sp)
core   0: 3 0x80007650 (0x001112a3) mem 0x80013c58 0x0000
core   0: 0x80007654 (0x02014503) lbu     a0, 32(sp)
core   0: 3 0x80007654 (0x02014503) x10 0x00000000 mem 0x80013c73
core   0: 0x80007658 (0x02010303) lb      t1, 32(sp)
core   0: 3 0x80007658 (0x02010303) x 6 0x00000000 mem 0x80013c73
core   0: 0x8000765c (0x02014a03) lbu     s4, 32(sp)
core   0: 3 0x8000765c (0x02014a03) x20 0x00000000 mem 0x80013c73
core   0: 0x80007660 (0x02010283) lb      t0, 32(sp)
core   0: 3 0x80007660 (0x02010283) x 5 0x00000000 mem 0x80013c73
core   0: 0x80007664 (0x0000828d) c.srli  a3, 3
core   0: 3 0x80007664 (0x828d) x13 0x1000599c
core   0: 0x80007666 (0x02010023) sb      zero, 32(sp)
core   0: 3 0x80007666 (0x02010023) mem 0x80013c73 0x0
core   0: 0x8000766a (0x02010a83) lb      s5, 32(sp)
core   0: 3 0x8000766a (0x02010a83) x21 0x00000000 mem 0x80013c73
core   0: 0x8000766e (0x02014803) lbu     a6, 32(sp)
core   0: 3 0x8000766e (0x02014803) x16 0x00000000 mem 0x80013c73
core   0: 0x80007672 (0x00008ce5) c.and   s1, s1
core   0: 3 0x80007672 (0x8ce5) x 9 0x00000000
core   0: 0x80007674 (0xfd6113a3) sh      s6, -57(sp)
core   0: 3 0x80007674 (0xfd6113a3) mem 0x80013c1a 0x0000
core   0: 0x80007678 (0xff115183) lhu     gp, -15(sp)
core   0: 3 0x80007678 (0xff115183) x 3 0x00000000 mem 0x80013c44
core   0: 0x8000767c (0xff4118a3) sh      s4, -15(sp)
core   0: 3 0x8000767c (0xff4118a3) mem 0x80013c44 0x0000
core   0: 0x80007680 (0x00cc5313) srli    t1, s8, 12
core   0: 3 0x80007680 (0x00cc5313) x 6 0x00000000
core   0: 0x80007684 (0xfff15683) lhu     a3, -1(sp)
core   0: 3 0x80007684 (0xfff15683) x13 0x00000000 mem 0x80013c52
core   0: 0x80007688 (0x00012117) auipc   sp, 0x12
core   0: 3 0x80007688 (0x00012117) x 2 0x80019688
core   0: 0x8000768c (0x3db10113) addi    sp, sp, 987
core   0: 3 0x8000768c (0x3db10113) x 2 0x80019a63
core   0: 0x80007690 (0x016b1293) slli    t0, s6, 22
core   0: 3 0x80007690 (0x016b1293) x 5 0x00000000
core   0: 0x80007694 (0x4023d893) srai    a7, t2, 2
core   0: 3 0x80007694 (0x4023d893) x17 0x00000000
core   0: 0x80007698 (0x008bb9b3) sltu    s3, s7, s0
core   0: 3 0x80007698 (0x008bb9b3) x19 0x00000001
core   0: 0x8000769c (0x09310d03) lb      s10, 147(sp)
core   0: 3 0x8000769c (0x09310d03) x26 0x00000000 mem 0x80019af6
core   0: 0x800076a0 (0x0000100f) fence.i
core   0: 3 0x800076a0 (0x0000100f)
core   0: 0x800076a4 (0x4c010383) lb      t2, 1216(sp)
core   0: 3 0x800076a4 (0x4c010383) x 7 0x00000000 mem 0x80019f23
core   0: 0x800076a8 (0x887126a3) sw      t2, -1907(sp)
core   0: 3 0x800076a8 (0x887126a3) mem 0x800192f0 0x00000000
core   0: 0x800076ac (0x38512003) lw      zero, 901(sp)
core   0: 3 0x800076ac (0x38512003) mem 0x80019de8
core   0: 0x800076b0 (0x0d014b03) lbu     s6, 208(sp)
core   0: 3 0x800076b0 (0x0d014b03) x22 0x00000000 mem 0x80019b33
core   0: 0x800076b4 (0x00009b5a) c.add   s6, s6
core   0: 3 0x800076b4 (0x9b5a) x22 0x00000000
core   0: 0x800076b6 (0x000096da) c.add   a3, s6
core   0: 3 0x800076b6 (0x96da) x13 0x00000000
core   0: 0x800076b8 (0x9ad101a3) sb      a3, -1629(sp)
core   0: 3 0x800076b8 (0x9ad101a3) mem 0x80019406 0x0
core   0: 0x800076bc (0x00008d09) c.sub   a0, a0
core   0: 3 0x800076bc (0x8d09) x10 0x00000000
core   0: 0x800076be (0xeb711a03) lh      s4, -329(sp)
core   0: 3 0x800076be (0xeb711a03) x20 0x00000000 mem 0x8001991a
core   0: 0x800076c2 (0x98e23413) sltiu   s0, tp, -1650
core   0: 3 0x800076c2 (0x98e23413) x 8 0x00000001
core   0: 0x800076c6 (0x00186db3) or      s11, a6, ra
core   0: 3 0x800076c6 (0x00186db3) x27 0x00000000
core   0: 0x800076ca (0xb4d5ed13) ori     s10, a1, -1203
core   0: 3 0x800076ca (0xb4d5ed13) x26 0xffffffed
core   0: 0x800076ce (0x026672b3) remu    t0, a2, t1
core   0: 3 0x800076ce (0x026672b3) x 5 0x80012cc6
core   0: 0x800076d2 (0x00008aba) c.mv    s5, a4
core   0: 3 0x800076d2 (0x8aba) x21 0x80028e58
core   0: 0x800076d4 (0x03afb933) mulhu   s2, t6, s10
core   0: 3 0x800076d4 (0x03afb933) x18 0x7ffffff6
core   0: 0x800076d8 (0x02c34333) div     t1, t1, a2
core   0: 3 0x800076d8 (0x02c34333) x 6 0x00000000
core   0: 0x800076dc (0x07d12ea3) sw      t4, 125(sp)
core   0: 3 0x800076dc (0x07d12ea3) mem 0x80019ae0 0x00000000
core   0: 0x800076e0 (0xdab15603) lhu     a2, -597(sp)
core   0: 3 0x800076e0 (0xdab15603) x12 0x00000000 mem 0x8001980e
core   0: 0x800076e4 (0x0059f7b3) and     a5, s3, t0
core   0: 3 0x800076e4 (0x0059f7b3) x15 0x00000000
core   0: 0x800076e8 (0xffc14303) lbu     t1, -4(sp)
core   0: 3 0x800076e8 (0xffc14303) x 6 0x00000000 mem 0x80019a5f
core   0: 0x800076ec (0x5f9111a3) sh      s9, 1507(sp)
core   0: 3 0x800076ec (0x5f9111a3) mem 0x8001a046 0x0000
core   0: 0x800076f0 (0x0000100f) fence.i
core   0: 3 0x800076f0 (0x0000100f)
core   0: 0x800076f4 (0xfaa14d03) lbu     s10, -86(sp)
core   0: 3 0x800076f4 (0xfaa14d03) x26 0x00000000 mem 0x80019a0d
core   0: 0x800076f8 (0x00008c7e) c.mv    s8, t6
core   0: 3 0x800076f8 (0x8c7e) x24 0x80000000
core   0: 0x800076fa (0x24c11aa3) sh      a2, 597(sp)
core   0: 3 0x800076fa (0x24c11aa3) mem 0x80019cb8 0x0000
core   0: 0x800076fe (0x48014283) lbu     t0, 1152(sp)
core   0: 3 0x800076fe (0x48014283) x 5 0x00000000 mem 0x80019ee3
core   0: 0x80007702 (0x005071b3) and     gp, zero, t0
core   0: 3 0x80007702 (0x005071b3) x 3 0x00000000
core   0: 0x80007706 (0x72a3ed17) auipc   s10, 0x72a3e
core   0: 3 0x80007706 (0x72a3ed17) x26 0xf2a45706
core   0: 0x8000770a (0x91210083) lb      ra, -1774(sp)
core   0: 3 0x8000770a (0x91210083) x 1 0x00000000 mem 0x80019375
core   0: 0x8000770e (0x00008511) c.srai  a0, 4
core   0: 3 0x8000770e (0x8511) x10 0x00000000
core   0: 0x80007710 (0xa2914a83) lbu     s5, -1495(sp)
core   0: 3 0x80007710 (0xa2914a83) x21 0x00000000 mem 0x8001948c
core   0: 0x80007714 (0x0000c197) auipc   gp, 0xc
core   0: 3 0x80007714 (0x0000c197) x 3 0x80013714
core   0: 0x80007718 (0x2f918193) addi    gp, gp, 761
core   0: 3 0x80007718 (0x2f918193) x 3 0x80013a0d
core   0: 0x8000771c (0x0000ce97) auipc   t4, 0xc
core   0: 3 0x8000771c (0x0000ce97) x29 0x8001371c
core   0: 0x80007720 (0x46ae8e93) addi    t4, t4, 1130
core   0: 3 0x80007720 (0x46ae8e93) x29 0x80013b86
core   0: 0x80007724 (0x0000c697) auipc   a3, 0xc
core   0: 3 0x80007724 (0x0000c697) x13 0x80013724
core   0: 0x80007728 (0x94668693) addi    a3, a3, -1722
core   0: 3 0x80007728 (0x94668693) x13 0x8001306a
core   0: 0x8000772c (0x0000c497) auipc   s1, 0xc
core   0: 3 0x8000772c (0x0000c497) x 9 0x8001372c
core   0: 0x80007730 (0xff548493) addi    s1, s1, -11
core   0: 3 0x80007730 (0xff548493) x 9 0x80013721
core   0: 0x80007734 (0x0bc1cc03) lbu     s8, 188(gp)
core   0: 3 0x80007734 (0x0bc1cc03) x24 0x00000000 mem 0x80013ac9
core   0: 0x80007738 (0xf0b4c503) lbu     a0, -245(s1)
core   0: 3 0x80007738 (0xf0b4c503) x10 0x00000000 mem 0x8001362c
core   0: 0x8000773c (0xfac48e03) lb      t3, -84(s1)
core   0: 3 0x8000773c (0xfac48e03) x28 0x00000000 mem 0x800136cd
core   0: 0x80007740 (0x0000c117) auipc   sp, 0xc
core   0: 3 0x80007740 (0x0000c117) x 2 0x80013740
core   0: 0x80007744 (0x49a10113) addi    sp, sp, 1178
core   0: 3 0x80007744 (0x49a10113) x 2 0x80013bda
core   0: 0x80007748 (0xfffe8383) lb      t2, -1(t4)
core   0: 3 0x80007748 (0xfffe8383) x 7 0x00000000 mem 0x80013b85
core   0: 0x8000774c (0x005687a3) sb      t0, 15(a3)
core   0: 3 0x8000774c (0x005687a3) mem 0x80013079 0x0
core   0: 0x80007750 (0x007e8903) lb      s2, 7(t4)
core   0: 3 0x80007750 (0x007e8903) x18 0x00000000 mem 0x80013b8d
core   0: 0x80007754 (0x09a199a3) sh      s10, 147(gp)
core   0: 3 0x80007754 (0x09a199a3) mem 0x80013aa0 0x5706
core   0: 0x80007758 (0xffe689a3) sb      t5, -13(a3)
core   0: 3 0x80007758 (0xffe689a3) mem 0x8001305d 0x0
core   0: 0x8000775c (0x06318fa3) sb      gp, 127(gp)
core   0: 3 0x8000775c (0x06318fa3) mem 0x80013a8c 0xd
core   0: 0x80007760 (0x09519fa3) sh      s5, 159(gp)
core   0: 3 0x80007760 (0x09519fa3) mem 0x80013aac 0x0000
core   0: 0x80007764 (0xfce10ba3) sb      a4, -41(sp)
core   0: 3 0x80007764 (0xfce10ba3) mem 0x80013bb1 0x58
core   0: 0x80007768 (0xfff68783) lb      a5, -1(a3)
core   0: 3 0x80007768 (0xfff68783) x15 0x00000000 mem 0x80013069
core   0: 0x8000776c (0x01e15883) lhu     a7, 30(sp)
core   0: 3 0x8000776c (0x01e15883) x17 0x00000000 mem 0x80013bf8
core   0: 0x80007770 (0xff568d83) lb      s11, -11(a3)
core   0: 3 0x80007770 (0xff568d83) x27 0x00000000 mem 0x8001305f
core   0: 0x80007774 (0x013e8723) sb      s3, 14(t4)
core   0: 3 0x80007774 (0x013e8723) mem 0x80013b94 0x1
core   0: 0x80007778 (0x00218fa3) sb      sp, 31(gp)
core   0: 3 0x80007778 (0x00218fa3) mem 0x80013a2c 0xda
core   0: 0x8000777c (0x0d719303) lh      t1, 215(gp)
core   0: 3 0x8000777c (0x0d719303) x 6 0x00000000 mem 0x80013ae4
core   0: 0x80007780 (0x01068403) lb      s0, 16(a3)
core   0: 3 0x80007780 (0x01068403) x 8 0x00000000 mem 0x8001307a
core   0: 0x80007784 (0x09048f83) lb      t6, 144(s1)
core   0: 3 0x80007784 (0x09048f83) x31 0x00000000 mem 0x800137b1
core   0: 0x80007788 (0x00511223) sh      t0, 4(sp)
core   0: 3 0x80007788 (0x00511223) mem 0x80013bde 0x0000
core   0: 0x8000778c (0x00648c83) lb      s9, 6(s1)
core   0: 3 0x8000778c (0x00648c83) x25 0x00000000 mem 0x80013727
core   0: 0x80007790 (0x00b6c083) lbu     ra, 11(a3)
core   0: 3 0x80007790 (0x00b6c083) x 1 0x00000000 mem 0x80013075
core   0: 0x80007794 (0x03114a83) lbu     s5, 49(sp)
core   0: 3 0x80007794 (0x03114a83) x21 0x00000000 mem 0x80013c0b
core   0: 0x80007798 (0xff9ec403) lbu     s0, -7(t4)
core   0: 3 0x80007798 (0xff9ec403) x 8 0x00000000 mem 0x80013b7f
core   0: 0x8000779c (0xf24181a3) sb      tp, -221(gp)
core   0: 3 0x8000779c (0xf24181a3) mem 0x80013930 0x0
core   0: 0x800077a0 (0x02e10e03) lb      t3, 46(sp)
core   0: 3 0x800077a0 (0x02e10e03) x28 0x00000000 mem 0x80013c08
core   0: 0x800077a4 (0x006e9f83) lh      t6, 6(t4)
core   0: 3 0x800077a4 (0x006e9f83) x31 0x00000000 mem 0x80013b8c
core   0: 0x800077a8 (0x00d6c803) lbu     a6, 13(a3)
core   0: 3 0x800077a8 (0x00d6c803) x16 0x00000000 mem 0x80013077
core   0: 0x800077ac (0x0bc4cc83) lbu     s9, 188(s1)
core   0: 3 0x800077ac (0x0bc4cc83) x25 0x00000000 mem 0x800137dd
core   0: 0x800077b0 (0x009ec303) lbu     t1, 9(t4)
core   0: 3 0x800077b0 (0x009ec303) x 6 0x00000000 mem 0x80013b8f
core   0: 0x800077b4 (0x00011b97) auipc   s7, 0x11
core   0: 3 0x800077b4 (0x00011b97) x23 0x800187b4
core   0: 0x800077b8 (0x609b8b93) addi    s7, s7, 1545
core   0: 3 0x800077b8 (0x609b8b93) x23 0x80018dbd
core   0: 0x800077bc (0x0f8b8023) sb      s8, 224(s7)
core   0: 3 0x800077bc (0x0f8b8023) mem 0x80018e9d 0x0
core   0: 0x800077c0 (0x05ab8a03) lb      s4, 90(s7)
core   0: 3 0x800077c0 (0x05ab8a03) x20 0x00000000 mem 0x80018e17
core   0: 0x800077c4 (0x0ffbc603) lbu     a2, 255(s7)
core   0: 3 0x800077c4 (0x0ffbc603) x12 0x00000000 mem 0x80018ebc
core   0: 0x800077c8 (0x0e1b8fa3) sb      ra, 255(s7)
core   0: 3 0x800077c8 (0x0e1b8fa3) mem 0x80018ebc 0x0
core   0: 0x800077cc (0x0ffbcd03) lbu     s10, 255(s7)
core   0: 3 0x800077cc (0x0ffbcd03) x26 0x00000000 mem 0x80018ebc
core   0: 0x800077d0 (0x03fbcb03) lbu     s6, 63(s7)
core   0: 3 0x800077d0 (0x03fbcb03) x22 0x00000000 mem 0x80018dfc
core   0: 0x800077d4 (0xf08b8603) lb      a2, -248(s7)
core   0: 3 0x800077d4 (0xf08b8603) x12 0x00000000 mem 0x80018cc5
core   0: 0x800077d8 (0x063b8523) sb      gp, 106(s7)
core   0: 3 0x800077d8 (0x063b8523) mem 0x80018e27 0xd
core   0: 0x800077dc (0x00b57db3) and     s11, a0, a1
core   0: 3 0x800077dc (0x00b57db3) x27 0x00000000
core   0: 0x800077e0 (0x070b8523) sb      a6, 106(s7)
core   0: 3 0x800077e0 (0x070b8523) mem 0x80018e27 0x0
core   0: 0x800077e4 (0xfdeb8903) lb      s2, -34(s7)
core   0: 3 0x800077e4 (0xfdeb8903) x18 0x00000000 mem 0x80018d9b
core   0: 0x800077e8 (0x00000808) c.addi4spn a0, sp, 16
core   0: 3 0x800077e8 (0x0808) x10 0x80013bea
core   0: 0x800077ea (0x00008e89) c.sub   a3, a0
core   0: 3 0x800077ea (0x8e89) x13 0xfffff480
core   0: 0x800077ec (0xfdebc503) lbu     a0, -34(s7)
core   0: 3 0x800077ec (0xfdebc503) x10 0x00000000 mem 0x80018d9b
core   0: 0x800077f0 (0xfd9b8f23) sb      s9, -34(s7)
core   0: 3 0x800077f0 (0xfd9b8f23) mem 0x80018d9b 0x0
core   0: 0x800077f4 (0xfdebcf83) lbu     t6, -34(s7)
core   0: 3 0x800077f4 (0xfdebcf83) x31 0x00000000 mem 0x80018d9b
core   0: 0x800077f8 (0x01399b13) slli    s6, s3, 19
core   0: 3 0x800077f8 (0x01399b13) x22 0x00080000
core   0: 0x800077fc (0xfdeb8003) lb      zero, -34(s7)
core   0: 3 0x800077fc (0xfdeb8003) mem 0x80018d9b
core   0: 0x80007800 (0x0f6b9fa3) sh      s6, 255(s7)
core   0: 3 0x80007800 (0x0f6b9fa3) mem 0x80018ebc 0x0000
core   0: 0x80007804 (0x0000ce97) auipc   t4, 0xc
core   0: 3 0x80007804 (0x0000ce97) x29 0x80013804
core   0: 0x80007808 (0xc60e8e93) addi    t4, t4, -928
core   0: 3 0x80007808 (0xc60e8e93) x29 0x80013464
core   0: 0x8000780c (0xfece85a3) sb      a2, -21(t4)
core   0: 3 0x8000780c (0xfece85a3) mem 0x8001344f 0x0
core   0: 0x80007810 (0x0000cc97) auipc   s9, 0xc
core   0: 3 0x80007810 (0x0000cc97) x25 0x80013810
core   0: 0x80007814 (0xa98c8c93) addi    s9, s9, -1384
core   0: 3 0x80007814 (0xa98c8c93) x25 0x800132a8
core   0: 0x80007818 (0x034cab03) lw      s6, 52(s9)
core   0: 3 0x80007818 (0x034cab03) x22 0x00000000 mem 0x800132dc
core   0: 0x8000781c (0x06fea223) sw      a5, 100(t4)
core   0: 3 0x8000781c (0x06fea223) mem 0x800134c8 0x00000000
core   0: 0x80007820 (0x096c9683) lh      a3, 150(s9)
core   0: 3 0x80007820 (0x096c9683) x13 0x00004b00 mem 0x8001333e
core   0: 0x80007824 (0x02ce8ca3) sb      a2, 57(t4)
core   0: 3 0x80007824 (0x02ce8ca3) mem 0x8001349d 0x0
core   0: 0x80007828 (0x070c8f23) sb      a6, 126(s9)
core   0: 3 0x80007828 (0x070c8f23) mem 0x80013326 0x0
core   0: 0x8000782c (0xf6bc8483) lb      s1, -149(s9)
core   0: 3 0x8000782c (0xf6bc8483) x 9 0x00000000 mem 0x80013213
core   0: 0x80007830 (0x0dacc283) lbu     t0, 218(s9)
core   0: 3 0x80007830 (0x0dacc283) x 5 0x00000000 mem 0x80013382
core   0: 0x80007834 (0xf70c8003) lb      zero, -144(s9)
core   0: 3 0x80007834 (0xf70c8003) mem 0x80013218
core   0: 0x80007838 (0xf73e8603) lb      a2, -141(t4)
core   0: 3 0x80007838 (0xf73e8603) x12 0x00000000 mem 0x800133d7
core   0: 0x8000783c (0x0c2e85a3) sb      sp, 203(t4)
core   0: 3 0x8000783c (0x0c2e85a3) mem 0x8001352f 0xda
core   0: 0x80007840 (0x0efe85a3) sb      a5, 235(t4)
core   0: 3 0x80007840 (0x0efe85a3) mem 0x8001354f 0x0
core   0: 0x80007844 (0xf93e9323) sh      s3, -122(t4)
core   0: 3 0x80007844 (0xf93e9323) mem 0x800133ea 0x0001
core   0: 0x80007848 (0x00ee8983) lb      s3, 14(t4)
core   0: 3 0x80007848 (0x00ee8983) x19 0x00000000 mem 0x80013472
core   0: 0x8000784c (0x0000c997) auipc   s3, 0xc
core   0: 3 0x8000784c (0x0000c997) x19 0x8001384c
core   0: 0x80007850 (0x72a98993) addi    s3, s3, 1834
core   0: 3 0x80007850 (0x72a98993) x19 0x80013f76
core   0: 0x80007854 (0x004bc833) xor     a6, s7, tp
core   0: 3 0x80007854 (0x004bc833) x16 0x80018dbd
core   0: 0x80007858 (0x417207b3) sub     a5, tp, s7
core   0: 3 0x80007858 (0x417207b3) x15 0x7ffe7243
core   0: 0x8000785c (0x01276333) or      t1, a4, s2
core   0: 3 0x8000785c (0x01276333) x 6 0x80028e58
core   0: 0x80007860 (0x04198903) lb      s2, 65(s3)
core   0: 3 0x80007860 (0x04198903) x18 0xffffffcc mem 0x80013fb7
core   0: 0x80007864 (0x0031c2b3) xor     t0, gp, gp
core   0: 3 0x80007864 (0x0031c2b3) x 5 0x00000000
core   0: 0x80007868 (0x0000613d) c.addi16sp sp, 480
core   0: 3 0x80007868 (0x613d) x 2 0x80013dba
core   0: 0x8000786a (0x28180413) addi    s0, a6, 641
core   0: 3 0x8000786a (0x28180413) x 8 0x8001903e
core   0: 0x8000786e (0xf509d103) lhu     sp, -176(s3)
core   0: 3 0x8000786e (0xf509d103) x 2 0x0000351a mem 0x80013ec6
core   0: 0x80007872 (0xfba9c483) lbu     s1, -70(s3)
core   0: 3 0x80007872 (0xfba9c483) x 9 0x00000000 mem 0x80013f30
core   0: 0x80007876 (0x001f33b3) sltu    t2, t5, ra
core   0: 3 0x80007876 (0x001f33b3) x 7 0x00000000
core   0: 0x8000787a (0x02500d33) mul     s10, zero, t0
core   0: 3 0x8000787a (0x02500d33) x26 0x00000000
core   0: 0x8000787e (0x000010fd) c.addi  ra, -1
core   0: 3 0x8000787e (0x10fd) x 1 0xffffffff
core   0: 0x80007880 (0x0d798223) sb      s7, 196(s3)
core   0: 3 0x80007880 (0x0d798223) mem 0x8001403a 0xbd
core   0: 0x80007884 (0x02d2f4b3) remu    s1, t0, a3
core   0: 3 0x80007884 (0x02d2f4b3) x 9 0x00000000
core   0: 0x80007888 (0x013bcb33) xor     s6, s7, s3
core   0: 3 0x80007888 (0x013bcb33) x22 0x0000b2cb
core   0: 0x8000788c (0x05099303) lh      t1, 80(s3)
core   0: 3 0x8000788c (0x05099303) x 6 0x00000000 mem 0x80013fc6
core   0: 0x80007890 (0xfbc97e17) auipc   t3, 0xfbc97
core   0: 3 0x80007890 (0xfbc97e17) x28 0x7bc9e890
core   0: 0x80007894 (0x05d98ea3) sb      t4, 93(s3)
core   0: 3 0x80007894 (0x05d98ea3) mem 0x80013fd3 0x64
core   0: 0x80007898 (0x01a59533) sll     a0, a1, s10
core   0: 3 0x80007898 (0x01a59533) x10 0x8002cce4
core   0: 0x8000789c (0x00006df5) c.lui   s11, 0x1d
core   0: 3 0x8000789c (0x6df5) x27 0x0001d000
core   0: 0x8000789e (0x00008275) c.srli  a2, 29
core   0: 3 0x8000789e (0x8275) x12 0x00000000
core   0: 0x800078a0 (0x0000100f) fence.i
core   0: 3 0x800078a0 (0x0000100f)
core   0: 0x800078a4 (0xf809a723) sw      zero, -114(s3)
core   0: 3 0x800078a4 (0xf809a723) mem 0x80013f04 0x00000000
core   0: 0x800078a8 (0xfc3986a3) sb      gp, -51(s3)
core   0: 3 0x800078a8 (0xfc3986a3) mem 0x80013f43 0xd
core   0: 0x800078ac (0x02f98ba3) sb      a5, 55(s3)
core   0: 3 0x800078ac (0x02f98ba3) mem 0x80013fad 0x43
core   0: 0x800078b0 (0xff69de83) lhu     t4, -10(s3)
core   0: 3 0x800078b0 (0xff69de83) x29 0x00000000 mem 0x80013f6c
core   0: 0x800078b4 (0x00a01eb3) sll     t4, zero, a0
core   0: 3 0x800078b4 (0x00a01eb3) x29 0x00000000
core   0: 0x800078b8 (0xfd89c883) lbu     a7, -40(s3)
core   0: 3 0x800078b8 (0xfd89c883) x17 0x00000001 mem 0x80013f4e
core   0: 0x800078bc (0xf8198383) lb      t2, -127(s3)
core   0: 3 0x800078bc (0xf8198383) x 7 0x00000000 mem 0x80013ef7
core   0: 0x800078c0 (0x9c6b8913) addi    s2, s7, -1594
core   0: 3 0x800078c0 (0x9c6b8913) x18 0x80018783
core   0: 0x800078c4 (0x0cf98903) lb      s2, 207(s3)
core   0: 3 0x800078c4 (0x0cf98903) x18 0x00000000 mem 0x80014045
core   0: 0x800078c8 (0xf5799f23) sh      s7, -162(s3)
core   0: 3 0x800078c8 (0xf5799f23) mem 0x80013ed4 0x8dbd
core   0: 0x800078cc (0x0001b297) auipc   t0, 0x1b
core   0: 3 0x800078cc (0x0001b297) x 5 0x800228cc
core   0: 0x800078d0 (0x78728293) addi    t0, t0, 1927
core   0: 3 0x800078d0 (0x78728293) x 5 0x80023053
core   0: 0x800078d4 (0x02916933) rem     s2, sp, s1
core   0: 3 0x800078d4 (0x02916933) x18 0x0000351a
core   0: 0x800078d8 (0xdbe2cb83) lbu     s7, -578(t0)
core   0: 3 0x800078d8 (0xdbe2cb83) x23 0x00000000 mem 0x80022e11
core   0: 0x800078dc (0xd252c783) lbu     a5, -731(t0)
core   0: 3 0x800078dc (0xd252c783) x15 0x00000000 mem 0x80022d78
core   0: 0x800078e0 (0x0034dc13) srli    s8, s1, 3
core   0: 3 0x800078e0 (0x0034dc13) x24 0x00000000
core   0: 0x800078e4 (0x7352c783) lbu     a5, 1845(t0)
core   0: 3 0x800078e4 (0x7352c783) x15 0x00000000 mem 0x80023788
core   0: 0x800078e8 (0x29c28e23) sb      t3, 668(t0)
core   0: 3 0x800078e8 (0x29c28e23) mem 0x800232ef 0x90
core   0: 0x800078ec (0x000083fd) c.srli  a5, 31
core   0: 3 0x800078ec (0x83fd) x15 0x00000000
core   0: 0x800078ee (0x00006b9d) c.lui   s7, 0x7
core   0: 3 0x800078ee (0x6b9d) x23 0x00007000
core   0: 0x800078f0 (0xe927ba93) sltiu   s5, a5, -366
core   0: 3 0x800078f0 (0xe927ba93) x21 0x00000001
core   0: 0x800078f4 (0xcf728d03) lb      s10, -777(t0)
core   0: 3 0x800078f4 (0xcf728d03) x26 0x00000000 mem 0x80022d4a
core   0: 0x800078f8 (0x7ee2cc03) lbu     s8, 2030(t0)
core   0: 3 0x800078f8 (0x7ee2cc03) x24 0x00000000 mem 0x80023841
core   0: 0x800078fc (0x84328d03) lb      s10, -1981(t0)
core   0: 3 0x800078fc (0x84328d03) x26 0x00000000 mem 0x80022896
core   0: 0x80007900 (0x92f2d003) lhu     zero, -1745(t0)
core   0: 3 0x80007900 (0x92f2d003) mem 0x80022982
core   0: 0x80007904 (0x8d7292a3) sh      s7, -1851(t0)
core   0: 3 0x80007904 (0x8d7292a3) mem 0x80022918 0x7000
core   0: 0x80007908 (0xbb628723) sb      s6, -1106(t0)
core   0: 3 0x80007908 (0xbb628723) mem 0x80022c01 0xcb
core   0: 0x8000790c (0x74b28123) sb      a1, 1858(t0)
core   0: 3 0x8000790c (0x74b28123) mem 0x80023795 0xe4
core   0: 0x80007910 (0x01dc9093) slli    ra, s9, 29
core   0: 3 0x80007910 (0x01dc9093) x 1 0x00000000
core   0: 0x80007914 (0x028b0033) mul     zero, s6, s0
core   0: 3 0x80007914 (0x028b0033)
core   0: 0x80007918 (0x00eed093) srli    ra, t4, 14
core   0: 3 0x80007918 (0x00eed093) x 1 0x00000000
core   0: 0x8000791c (0x00a4ae33) slt     t3, s1, a0
core   0: 3 0x8000791c (0x00a4ae33) x28 0x00000000
core   0: 0x80007920 (0x6ce28983) lb      s3, 1742(t0)
core   0: 3 0x80007920 (0x6ce28983) x19 0x00000000 mem 0x80023721
core   0: 0x80007924 (0x85228c03) lb      s8, -1966(t0)
core   0: 3 0x80007924 (0x85228c03) x24 0x00000000 mem 0x800228a5
core   0: 0x80007928 (0x6fb2d083) lhu     ra, 1787(t0)
core   0: 3 0x80007928 (0x6fb2d083) x 1 0x00000000 mem 0x8002374e
core   0: 0x8000792c (0x61d2ae83) lw      t4, 1565(t0)
core   0: 3 0x8000792c (0x61d2ae83) x29 0x00000000 mem 0x80023670
core   0: 0x80007930 (0x2ff28e03) lb      t3, 767(t0)
core   0: 3 0x80007930 (0x2ff28e03) x28 0x00000000 mem 0x80023352
core   0: 0x80007934 (0x3402c083) lbu     ra, 832(t0)
core   0: 3 0x80007934 (0x3402c083) x 1 0x00000000 mem 0x80023393
core   0: 0x80007938 (0x9e028b03) lb      s6, -1568(t0)
core   0: 3 0x80007938 (0x9e028b03) x22 0x00000000 mem 0x80022a33
core   0: 0x8000793c (0xd212af83) lw      t6, -735(t0)
core   0: 3 0x8000793c (0xd212af83) x31 0x00000000 mem 0x80022d74
core   0: 0x80007940 (0xea028903) lb      s2, -352(t0)
core   0: 3 0x80007940 (0xea028903) x18 0x00000000 mem 0x80022ef3
core   0: 0x80007944 (0x1772d483) lhu     s1, 375(t0)
core   0: 3 0x80007944 (0x1772d483) x 9 0x00000000 mem 0x800231ca
core   0: 0x80007948 (0x0a529683) lh      a3, 165(t0)
core   0: 3 0x80007948 (0x0a529683) x13 0x00000000 mem 0x800230f8
core   0: 0x8000794c (0x4a82aca3) sw      s0, 1209(t0)
core   0: 3 0x8000794c (0x4a82aca3) mem 0x8002350c 0x8001903e
core   0: 0x80007950 (0xfc32c483) lbu     s1, -61(t0)
core   0: 3 0x80007950 (0xfc32c483) x 9 0x00000000 mem 0x80023016
core   0: 0x80007954 (0xba3288a3) sb      gp, -1103(t0)
core   0: 3 0x80007954 (0xba3288a3) mem 0x80022c04 0xd
core   0: 0x80007958 (0x027286a3) sb      t2, 45(t0)
core   0: 3 0x80007958 (0x027286a3) mem 0x80023080 0x0
core   0: 0x8000795c (0x00008eb1) c.xor   a3, a2
core   0: 3 0x8000795c (0x8eb1) x13 0x00000000
core   0: 0x8000795e (0x00009afd) c.andi  a3, -1
core   0: 3 0x8000795e (0x9afd) x13 0x00000000
core   0: 0x80007960 (0x0170cab3) xor     s5, ra, s7
core   0: 3 0x80007960 (0x0170cab3) x21 0x00007000
core   0: 0x80007964 (0x46128f23) sb      ra, 1150(t0)
core   0: 3 0x80007964 (0x46128f23) mem 0x800234d1 0x0
core   0: 0x80007968 (0x18828203) lb      tp, 392(t0)
core   0: 3 0x80007968 (0x18828203) x 4 0x00000000 mem 0x800231db
core   0: 0x8000796c (0x0000051e) c.slli  a0, 7
core   0: 3 0x8000796c (0x051e) x10 0x01667200
core   0: 0x8000796e (0xc372da03) lhu     s4, -969(t0)
core   0: 3 0x8000796e (0xc372da03) x20 0x00000000 mem 0x80022c8a
core   0: 0x80007972 (0x03828783) lb      a5, 56(t0)
core   0: 3 0x80007972 (0x03828783) x15 0x00000000 mem 0x8002308b
core   0: 0x80007976 (0x0000dd17) auipc   s10, 0xd
core   0: 3 0x80007976 (0x0000dd17) x26 0x80014976
core   0: 0x8000797a (0x851d0d13) addi    s10, s10, -1967
core   0: 3 0x8000797a (0x851d0d13) x26 0x800141c7
core   0: 0x8000797e (0x00019b17) auipc   s6, 0x19
core   0: 3 0x8000797e (0x00019b17) x22 0x8002097e
core   0: 0x80007982 (0x29ab0b13) addi    s6, s6, 666
core   0: 3 0x80007982 (0x29ab0b13) x22 0x80020c18
core   0: 0x80007986 (0x00019897) auipc   a7, 0x19
core   0: 3 0x80007986 (0x00019897) x17 0x80020986
core   0: 0x8000798a (0xfa988893) addi    a7, a7, -87
core   0: 3 0x8000798a (0xfa988893) x17 0x8002092f
core   0: 0x8000798e (0xfd9d4d83) lbu     s11, -39(s10)
core   0: 3 0x8000798e (0xfd9d4d83) x27 0x00000000 mem 0x800141a0
core   0: 0x80007992 (0xfc288503) lb      a0, -62(a7)
core   0: 3 0x80007992 (0xfc288503) x10 0x00000000 mem 0x800208f1
core   0: 0x80007996 (0x00018097) auipc   ra, 0x18
core   0: 3 0x80007996 (0x00018097) x 1 0x8001f996
core   0: 0x8000799a (0xa2508093) addi    ra, ra, -1499
core   0: 3 0x8000799a (0xa2508093) x 1 0x8001f3bb
core   0: 0x8000799e (0xf4c08b83) lb      s7, -180(ra)
core   0: 3 0x8000799e (0xf4c08b83) x23 0x00000000 mem 0x8001f307
core   0: 0x800079a2 (0x01e882a3) sb      t5, 5(a7)
core   0: 3 0x800079a2 (0x01e882a3) mem 0x80020934 0x0
core   0: 0x800079a6 (0x00010f97) auipc   t6, 0x10
core   0: 3 0x800079a6 (0x00010f97) x31 0x800179a6
core   0: 0x800079aa (0x999f8f93) addi    t6, t6, -1639
core   0: 3 0x800079aa (0x999f8f93) x31 0x8001733f
core   0: 0x800079ae (0xf2a0ca03) lbu     s4, -214(ra)
core   0: 3 0x800079ae (0xf2a0ca03) x20 0x00000000 mem 0x8001f2e5
core   0: 0x800079b2 (0x03ed0903) lb      s2, 62(s10)
core   0: 3 0x800079b2 (0x03ed0903) x18 0x00000000 mem 0x80014205
core   0: 0x800079b6 (0xf0408d23) sb      tp, -230(ra)
core   0: 3 0x800079b6 (0xf0408d23) mem 0x8001f2d5 0x0
core   0: 0x800079ba (0xfedd2983) lw      s3, -19(s10)
core   0: 3 0x800079ba (0xfedd2983) x19 0x00000000 mem 0x800141b4
core   0: 0x800079be (0x5fff9683) lh      a3, 1535(t6)
core   0: 3 0x800079be (0x5fff9683) x13 0x00000000 mem 0x8001793e
core   0: 0x800079c2 (0x0db09303) lh      t1, 219(ra)
core   0: 3 0x800079c2 (0x0db09303) x 6 0x00000000 mem 0x8001f496
core   0: 0x800079c6 (0x081b0723) sb      ra, 142(s6)
core   0: 3 0x800079c6 (0x081b0723) mem 0x80020ca6 0xbb
core   0: 0x800079ca (0x057b4783) lbu     a5, 87(s6)
core   0: 3 0x800079ca (0x057b4783) x15 0x00000000 mem 0x80020c6f
core   0: 0x800079ce (0x01e88e03) lb      t3, 30(a7)
core   0: 3 0x800079ce (0x01e88e03) x28 0x00000000 mem 0x8002094d
core   0: 0x800079d2 (0x03b88423) sb      s11, 40(a7)
core   0: 3 0x800079d2 (0x03b88423) mem 0x80020957 0x0
core   0: 0x800079d6 (0xf57b2e23) sw      s7, -164(s6)
core   0: 3 0x800079d6 (0xf57b2e23) mem 0x80020b74 0x00000000
core   0: 0x800079da (0xff7d0483) lb      s1, -9(s10)
core   0: 3 0x800079da (0xff7d0483) x 9 0x00000000 mem 0x800141be
core   0: 0x800079de (0xf5b087a3) sb      s11, -177(ra)
core   0: 3 0x800079de (0xf5b087a3) mem 0x8001f30a 0x0
core   0: 0x800079e2 (0xc55fc003) lbu     zero, -939(t6)
core   0: 3 0x800079e2 (0xc55fc003) mem 0x80016f94
core   0: 0x800079e6 (0xffd8d903) lhu     s2, -3(a7)
core   0: 3 0x800079e6 (0xffd8d903) x18 0x00005800 mem 0x8002092c
core   0: 0x800079ea (0xffbd1903) lh      s2, -5(s10)
core   0: 3 0x800079ea (0xffbd1903) x18 0x00000000 mem 0x800141c2
core   0: 0x800079ee (0x0bcb03a3) sb      t3, 167(s6)
core   0: 3 0x800079ee (0x0bcb03a3) mem 0x80020cbf 0x0
core   0: 0x800079f2 (0xfd5d1b83) lh      s7, -43(s10)
core   0: 3 0x800079f2 (0xfd5d1b83) x23 0x00000000 mem 0x8001419c
core   0: 0x800079f6 (0xf71b0223) sb      a7, -156(s6)
core   0: 3 0x800079f6 (0xf71b0223) mem 0x80020b7c 0x2f
core   0: 0x800079fa (0xfdad0923) sb      s10, -46(s10)
core   0: 3 0x800079fa (0xfdad0923) mem 0x80014199 0xc7
core   0: 0x800079fe (0x0820c503) lbu     a0, 130(ra)
core   0: 3 0x800079fe (0x0820c503) x10 0x00000000 mem 0x8001f43d
core   0: 0x80007a02 (0xb0dfc783) lbu     a5, -1267(t6)
core   0: 3 0x80007a02 (0xb0dfc783) x15 0x00000000 mem 0x80016e4c
core   0: 0x80007a06 (0xf8608a83) lb      s5, -122(ra)
core   0: 3 0x80007a06 (0xf8608a83) x21 0x00000000 mem 0x8001f341
core   0: 0x80007a0a (0x0108cc03) lbu     s8, 16(a7)
core   0: 3 0x80007a0a (0x0108cc03) x24 0x00000000 mem 0x8002093f
core   0: 0x80007a0e (0xb2cfce03) lbu     t3, -1236(t6)
core   0: 3 0x80007a0e (0xb2cfce03) x28 0x00000000 mem 0x80016e6b
core   0: 0x80007a12 (0xcf6fa6a3) sw      s6, -787(t6)
core   0: 3 0x80007a12 (0xcf6fa6a3) mem 0x8001702c 0x80020c18
core   0: 0x80007a16 (0xfbeb5783) lhu     a5, -66(s6)
core   0: 3 0x80007a16 (0xfbeb5783) x15 0x00000000 mem 0x80020bd6
core   0: 0x80007a1a (0x0d9b0983) lb      s3, 217(s6)
core   0: 3 0x80007a1a (0x0d9b0983) x19 0x00000000 mem 0x80020cf1
core   0: 0x80007a1e (0x02f88a03) lb      s4, 47(a7)
core   0: 3 0x80007a1e (0x02f88a03) x20 0x00000000 mem 0x8002095e
core   0: 0x80007a22 (0x0e6b5303) lhu     t1, 230(s6)
core   0: 3 0x80007a22 (0x0e6b5303) x 6 0x00000000 mem 0x80020cfe
core   0: 0x80007a26 (0xfee88f23) sb      a4, -2(a7)
core   0: 3 0x80007a26 (0xfee88f23) mem 0x8002092d 0x58
core   0: 0x80007a2a (0xf7808103) lb      sp, -136(ra)
core   0: 3 0x80007a2a (0xf7808103) x 2 0x00000000 mem 0x8001f333
core   0: 0x80007a2e (0xf9008303) lb      t1, -112(ra)
core   0: 3 0x80007a2e (0xf9008303) x 6 0x00000000 mem 0x8001f34b
core   0: 0x80007a32 (0x8d2fc303) lbu     t1, -1838(t6)
core   0: 3 0x80007a32 (0x8d2fc303) x 6 0x00000000 mem 0x80016c11
core   0: 0x80007a36 (0x00688283) lb      t0, 6(a7)
core   0: 3 0x80007a36 (0x00688283) x 5 0x00000000 mem 0x80020935
core   0: 0x80007a3a (0x09c08223) sb      t3, 132(ra)
core   0: 3 0x80007a3a (0x09c08223) mem 0x8001f43f 0x0
core   0: 0x80007a3e (0xfcdd5a83) lhu     s5, -51(s10)
core   0: 3 0x80007a3e (0xfcdd5a83) x21 0x00000000 mem 0x80014194
core   0: 0x80007a42 (0x027d0b23) sb      t2, 54(s10)
core   0: 3 0x80007a42 (0x027d0b23) mem 0x800141fd 0x0
core   0: 0x80007a46 (0x0f7b4903) lbu     s2, 247(s6)
core   0: 3 0x80007a46 (0x0f7b4903) x18 0x00000000 mem 0x80020d0f
core   0: 0x80007a4a (0x468f8fa3) sb      s0, 1151(t6)
core   0: 3 0x80007a4a (0x468f8fa3) mem 0x800177be 0x3e
core   0: 0x80007a4e (0x0000b117) auipc   sp, 0xb
core   0: 3 0x80007a4e (0x0000b117) x 2 0x80012a4e
core   0: 0x80007a52 (0x7fb10113) addi    sp, sp, 2043
core   0: 3 0x80007a52 (0x7fb10113) x 2 0x80013249
core   0: 0x80007a56 (0xff810203) lb      tp, -8(sp)
core   0: 3 0x80007a56 (0xff810203) x 4 0xffffffa8 mem 0x80013241
core   0: 0x80007a5a (0xff810c23) sb      s8, -8(sp)
core   0: 3 0x80007a5a (0xff810c23) mem 0x80013241 0x0
core   0: 0x80007a5e (0x1bee8e93) addi    t4, t4, 446
core   0: 3 0x80007a5e (0x1bee8e93) x29 0x000001be
core   0: 0x80007a62 (0xff810483) lb      s1, -8(sp)
core   0: 3 0x80007a62 (0xff810483) x 9 0x00000000 mem 0x80013241
core   0: 0x80007a66 (0xff810383) lb      t2, -8(sp)
core   0: 3 0x80007a66 (0xff810383) x 7 0x00000000 mem 0x80013241
core   0: 0x80007a6a (0x4006d293) srai    t0, a3, 0
core   0: 3 0x80007a6a (0x4006d293) x 5 0x00000000
core   0: 0x80007a6e (0xff814483) lbu     s1, -8(sp)
core   0: 3 0x80007a6e (0xff814483) x 9 0x00000000 mem 0x80013241
core   0: 0x80007a72 (0xfe810c23) sb      s0, -8(sp)
core   0: 3 0x80007a72 (0xfe810c23) mem 0x80013241 0x3e
core   0: 0x80007a76 (0xff814203) lbu     tp, -8(sp)
core   0: 3 0x80007a76 (0xff814203) x 4 0x0000003e mem 0x80013241
core   0: 0x80007a7a (0x9dff1437) lui     s0, 0x9dff1
core   0: 3 0x80007a7a (0x9dff1437) x 8 0x9dff1000
core   0: 0x80007a7e (0xff814983) lbu     s3, -8(sp)
core   0: 3 0x80007a7e (0xff814983) x19 0x0000003e mem 0x80013241
core   0: 0x80007a82 (0xff810983) lb      s3, -8(sp)
core   0: 3 0x80007a82 (0xff810983) x19 0x0000003e mem 0x80013241
core   0: 0x80007a86 (0xfeb10c23) sb      a1, -8(sp)
core   0: 3 0x80007a86 (0xfeb10c23) mem 0x80013241 0xe4
core   0: 0x80007a8a (0xff814483) lbu     s1, -8(sp)
core   0: 3 0x80007a8a (0xff814483) x 9 0x000000e4 mem 0x80013241
core   0: 0x80007a8e (0xff810503) lb      a0, -8(sp)
core   0: 3 0x80007a8e (0xff810503) x10 0xffffffe4 mem 0x80013241
core   0: 0x80007a92 (0xfe510c23) sb      t0, -8(sp)
core   0: 3 0x80007a92 (0xfe510c23) mem 0x80013241 0x0
core   0: 0x80007a96 (0xff910c23) sb      s9, -8(sp)
core   0: 3 0x80007a96 (0xff910c23) mem 0x80013241 0xa8
core   0: 0x80007a9a (0xff810c83) lb      s9, -8(sp)
core   0: 3 0x80007a9a (0xff810c83) x25 0xffffffa8 mem 0x80013241
core   0: 0x80007a9e (0x0000f117) auipc   sp, 0xf
core   0: 3 0x80007a9e (0x0000f117) x 2 0x80016a9e
core   0: 0x80007aa2 (0x28510113) addi    sp, sp, 645
core   0: 3 0x80007aa2 (0x28510113) x 2 0x80016d23
core   0: 0x80007aa6 (0x05a10d83) lb      s11, 90(sp)
core   0: 3 0x80007aa6 (0x05a10d83) x27 0x00000000 mem 0x80016d7d
core   0: 0x80007aaa (0x05a10203) lb      tp, 90(sp)
core   0: 3 0x80007aaa (0x05a10203) x 4 0x00000000 mem 0x80016d7d
core   0: 0x80007aae (0x03fd5d33) divu    s10, s10, t6
core   0: 3 0x80007aae (0x03fd5d33) x26 0x00000000
core   0: 0x80007ab2 (0x05210d23) sb      s2, 90(sp)
core   0: 3 0x80007ab2 (0x05210d23) mem 0x80016d7d 0x0
core   0: 0x80007ab6 (0x05a10183) lb      gp, 90(sp)
core   0: 3 0x80007ab6 (0x05a10183) x 3 0x00000000 mem 0x80016d7d
core   0: 0x80007aba (0x01a10203) lb      tp, 26(sp)
core   0: 3 0x80007aba (0x01a10203) x 4 0xffffffe4 mem 0x80016d3d
core   0: 0x80007abe (0x01a14903) lbu     s2, 26(sp)
core   0: 3 0x80007abe (0x01a14903) x18 0x000000e4 mem 0x80016d3d
core   0: 0x80007ac2 (0x01a14203) lbu     tp, 26(sp)
core   0: 3 0x80007ac2 (0x01a14203) x 4 0x000000e4 mem 0x80016d3d
core   0: 0x80007ac6 (0x00000001) c.nop
core   0: 3 0x80007ac6 (0x0001)
core   0: 0x80007ac8 (0x01a14c83) lbu     s9, 26(sp)
core   0: 3 0x80007ac8 (0x01a14c83) x25 0x000000e4 mem 0x80016d3d
core   0: 0x80007acc (0x0000825e) c.mv    tp, s7
core   0: 3 0x80007acc (0x825e) x 4 0x00000000
core   0: 0x80007ace (0x00004ecd) c.li    t4, 19
core   0: 3 0x80007ace (0x4ecd) x29 0x00000013
core   0: 0x80007ad0 (0x128a8813) addi    a6, s5, 296
core   0: 3 0x80007ad0 (0x128a8813) x16 0x00000128
core   0: 0x80007ad4 (0x000086ed) c.srai  a3, 27
core   0: 3 0x80007ad4 (0x86ed) x13 0x00000000
core   0: 0x80007ad6 (0x01a10d03) lb      s10, 26(sp)
core   0: 3 0x80007ad6 (0x01a10d03) x26 0xffffffe4 mem 0x80016d3d
core   0: 0x80007ada (0x00a10d23) sb      a0, 26(sp)
core   0: 3 0x80007ada (0x00a10d23) mem 0x80016d3d 0xe4
core   0: 0x80007ade (0x00011a97) auipc   s5, 0x11
core   0: 3 0x80007ade (0x00011a97) x21 0x80018ade
core   0: 0x80007ae2 (0xaa2a8a93) addi    s5, s5, -1374
core   0: 3 0x80007ae2 (0xaa2a8a93) x21 0x80018580
core   0: 0x80007ae6 (0x00008c31) c.xor   s0, a2
core   0: 3 0x80007ae6 (0x8c31) x 8 0x9dff1000
core   0: 0x80007ae8 (0xf68a9603) lh      a2, -152(s5)
core   0: 3 0x80007ae8 (0xf68a9603) x12 0x00000000 mem 0x800184e8
core   0: 0x80007aec (0x0011f533) and     a0, gp, ra
core   0: 3 0x80007aec (0x0011f533) x10 0x00000000
core   0: 0x80007af0 (0xf80a80a3) sb      zero, -127(s5)
core   0: 3 0x80007af0 (0xf80a80a3) mem 0x80018501 0x0
core   0: 0x80007af4 (0xfcba9623) sh      a1, -52(s5)
core   0: 3 0x80007af4 (0xfcba9623) mem 0x8001854c 0xcce4
core   0: 0x80007af8 (0x07ea8c83) lb      s9, 126(s5)
core   0: 3 0x80007af8 (0x07ea8c83) x25 0x00000000 mem 0x800185fe
core   0: 0x80007afc (0xfffa86a3) sb      t6, -19(s5)
core   0: 3 0x80007afc (0xfffa86a3) mem 0x8001856d 0x3f
core   0: 0x80007b00 (0x0000612d) c.addi16sp sp, 224
core   0: 3 0x80007b00 (0x612d) x 2 0x80016e03
core   0: 0x80007b02 (0x0d4a8603) lb      a2, 212(s5)
core   0: 3 0x80007b02 (0x0d4a8603) x12 0x00000000 mem 0x80018654
core   0: 0x80007b06 (0xf40947b7) lui     a5, 0xf4094
core   0: 3 0x80007b06 (0xf40947b7) x15 0xf4094000
core   0: 0x80007b0a (0xfaca9823) sh      a2, -80(s5)
core   0: 3 0x80007b0a (0xfaca9823) mem 0x80018530 0x0000
core   0: 0x80007b0e (0x096ad983) lhu     s3, 150(s5)
core   0: 3 0x80007b0e (0x096ad983) x19 0x00000000 mem 0x80018616
core   0: 0x80007b12 (0x0a0a9d23) sh      zero, 186(s5)
core   0: 3 0x80007b12 (0x0a0a9d23) mem 0x8001863a 0x0000
core   0: 0x80007b16 (0x23bebb93) sltiu   s7, t4, 571
core   0: 3 0x80007b16 (0x23bebb93) x23 0x00000001
core   0: 0x80007b1a (0x00008b81) c.andi  a5, 0
core   0: 3 0x80007b1a (0x8b81) x15 0x00000000
core   0: 0x80007b1c (0x017d7333) and     t1, s10, s7
core   0: 3 0x80007b1c (0x017d7333) x 6 0x00000000
core   0: 0x80007b20 (0xf82a8e03) lb      t3, -126(s5)
core   0: 3 0x80007b20 (0xf82a8e03) x28 0x00000000 mem 0x80018502
core   0: 0x80007b24 (0x00000001) c.nop
core   0: 3 0x80007b24 (0x0001)
core   0: 0x80007b26 (0xf8fac503) lbu     a0, -113(s5)
core   0: 3 0x80007b26 (0xf8fac503) x10 0x00000000 mem 0x8001850f
core   0: 0x80007b2a (0x000aaa03) lw      s4, 0(s5)
core   0: 3 0x80007b2a (0x000aaa03) x20 0x00000000 mem 0x80018580
core   0: 0x80007b2e (0x094ac503) lbu     a0, 148(s5)
core   0: 3 0x80007b2e (0x094ac503) x10 0x00000000 mem 0x80018614
core   0: 0x80007b32 (0xf60a9f23) sh      zero, -130(s5)
core   0: 3 0x80007b32 (0xf60a9f23) mem 0x800184fe 0x0000
core   0: 0x80007b36 (0xf87a8e83) lb      t4, -121(s5)
core   0: 3 0x80007b36 (0xf87a8e83) x29 0x00000000 mem 0x80018507
core   0: 0x80007b3a (0xf8fa89a3) sb      a5, -109(s5)
core   0: 3 0x80007b3a (0xf8fa89a3) mem 0x80018513 0x0
core   0: 0x80007b3e (0x000090f2) c.add   ra, t3
core   0: 3 0x80007b3e (0x90f2) x 1 0x8001f3bb
core   0: 0x80007b40 (0x0ffa8423) sb      t6, 232(s5)
core   0: 3 0x80007b40 (0x0ffa8423) mem 0x80018668 0x3f
core   0: 0x80007b44 (0x1e5a9317) auipc   t1, 0x1e5a9
core   0: 3 0x80007b44 (0x1e5a9317) x 6 0x9e5b0b44
core   0: 0x80007b48 (0x0000717d) c.addi16sp sp, -16
core   0: 3 0x80007b48 (0x717d) x 2 0x80016df3
core   0: 0x80007b4a (0xfe0acd83) lbu     s11, -32(s5)
core   0: 3 0x80007b4a (0xfe0acd83) x27 0x00000000 mem 0x80018560
core   0: 0x80007b4e (0x07ea9503) lh      a0, 126(s5)
core   0: 3 0x80007b4e (0x07ea9503) x10 0x00000000 mem 0x800185fe
core   0: 0x80007b52 (0x0000100f) fence.i
core   0: 3 0x80007b52 (0x0000100f)
core   0: 0x80007b56 (0x1f4b3097) auipc   ra, 0x1f4b3
core   0: 3 0x80007b56 (0x1f4b3097) x 1 0x9f4bab56
core   0: 0x80007b5a (0x0039e2b3) or      t0, s3, gp
core   0: 3 0x80007b5a (0x0039e2b3) x 5 0x00000000
core   0: 0x80007b5e (0x02bacc83) lbu     s9, 43(s5)
core   0: 3 0x80007b5e (0x02bacc83) x25 0x00000000 mem 0x800185ab
core   0: 0x80007b62 (0x00001a10) c.addi4spn a2, sp, 304
core   0: 3 0x80007b62 (0x1a10) x12 0x80016f23
core   0: 0x80007b64 (0xfa3a8783) lb      a5, -93(s5)
core   0: 3 0x80007b64 (0xfa3a8783) x15 0x00000000 mem 0x80018523
core   0: 0x80007b68 (0x011aa833) slt     a6, s5, a7
core   0: 3 0x80007b68 (0x011aa833) x16 0x00000001
core   0: 0x80007b6c (0xe4156f93) ori     t6, a0, -447
core   0: 3 0x80007b6c (0xe4156f93) x31 0xfffffe41
core   0: 0x80007b70 (0x03aa83a3) sb      s10, 39(s5)
core   0: 3 0x80007b70 (0x03aa83a3) mem 0x800185a7 0xe4
core   0: 0x80007b74 (0x072a83a3) sb      s2, 103(s5)
core   0: 3 0x80007b74 (0x072a83a3) mem 0x800185e7 0xe4
core   0: 0x80007b78 (0xf56a9c23) sh      s6, -168(s5)
core   0: 3 0x80007b78 (0xf56a9c23) mem 0x800184d8 0x0c18
core   0: 0x80007b7c (0x0d9acf83) lbu     t6, 217(s5)
core   0: 3 0x80007b7c (0x0d9acf83) x31 0x00000000 mem 0x80018659
core   0: 0x80007b80 (0x039acf83) lbu     t6, 57(s5)
core   0: 3 0x80007b80 (0x039acf83) x31 0x00000000 mem 0x800185b9
core   0: 0x80007b84 (0x03c1ecb3) rem     s9, gp, t3
core   0: 3 0x80007b84 (0x03c1ecb3) x25 0x00000000
core   0: 0x80007b88 (0x07ead403) lhu     s0, 126(s5)
core   0: 3 0x80007b88 (0x07ead403) x 8 0x00000000 mem 0x800185fe
core   0: 0x80007b8c (0x00011117) auipc   sp, 0x11
core   0: 3 0x80007b8c (0x00011117) x 2 0x80018b8c
core   0: 0x80007b90 (0xa3b10113) addi    sp, sp, -1477
core   0: 3 0x80007b90 (0xa3b10113) x 2 0x800185c7
core   0: 0x80007b94 (0x10f108a3) sb      a5, 273(sp)
core   0: 3 0x80007b94 (0x10f108a3) mem 0x800186d8 0x0
core   0: 0x80007b98 (0x00173db3) sltu    s11, a4, ra
core   0: 3 0x80007b98 (0x00173db3) x27 0x00000001
core   0: 0x80007b9c (0x0ff0000f) fence   iorw,iorw
core   0: 3 0x80007b9c (0x0ff0000f)
core   0: 0x80007ba0 (0x000080d5) c.srli  s1, 21
core   0: 3 0x80007ba0 (0x80d5) x 9 0x00000000
core   0: 0x80007ba2 (0xbaa10503) lb      a0, -1110(sp)
core   0: 3 0x80007ba2 (0xbaa10503) x10 0x00000000 mem 0x80018171
core   0: 0x80007ba6 (0xe2d10023) sb      a3, -480(sp)
core   0: 3 0x80007ba6 (0xe2d10023) mem 0x800183e7 0x0
core   0: 0x80007baa (0xd0b10323) sb      a1, -762(sp)
core   0: 3 0x80007baa (0xd0b10323) mem 0x800182cd 0xe4
core   0: 0x80007bae (0x5d410b23) sb      s4, 1494(sp)
core   0: 3 0x80007bae (0x5d410b23) mem 0x80018b9d 0x0
core   0: 0x80007bb2 (0x00699c33) sll     s8, s3, t1
core   0: 3 0x80007bb2 (0x00699c33) x24 0x00000000
core   0: 0x80007bb6 (0x000a20b3) slt     ra, s4, zero
core   0: 3 0x80007bb6 (0x000a20b3) x 1 0x00000000
core   0: 0x80007bba (0x01ae31b3) sltu    gp, t3, s10
core   0: 3 0x80007bba (0x01ae31b3) x 3 0x00000001
core   0: 0x80007bbe (0x93d10183) lb      gp, -1731(sp)
core   0: 3 0x80007bbe (0x93d10183) x 3 0x00000000 mem 0x80017f04
core   0: 0x80007bc2 (0x709111a3) sh      s1, 1795(sp)
core   0: 3 0x80007bc2 (0x709111a3) mem 0x80018cca 0x0000
core   0: 0x80007bc6 (0x7fa14683) lbu     a3, 2042(sp)
core   0: 3 0x80007bc6 (0x7fa14683) x13 0x00000000 mem 0x80018dc1
core   0: 0x80007bca (0x01c79613) slli    a2, a5, 28
core   0: 3 0x80007bca (0x01c79613) x12 0x00000000
core   0: 0x80007bce (0x10a117a3) sh      a0, 271(sp)
core   0: 3 0x80007bce (0x10a117a3) mem 0x800186d6 0x0000
core   0: 0x80007bd2 (0x9bf10a03) lb      s4, -1601(sp)
core   0: 3 0x80007bd2 (0x9bf10a03) x20 0x00000000 mem 0x80017f86
core   0: 0x80007bd6 (0x5a814783) lbu     a5, 1448(sp)
core   0: 3 0x80007bd6 (0x5a814783) x15 0x00000000 mem 0x80018b6f
core   0: 0x80007bda (0x3a8102a3) sb      s0, 933(sp)
core   0: 3 0x80007bda (0x3a8102a3) mem 0x8001896c 0x0
core   0: 0x80007bde (0x07914403) lbu     s0, 121(sp)
core   0: 3 0x80007bde (0x07914403) x 8 0x00000000 mem 0x80018640
core   0: 0x80007be2 (0x7aa14c83) lbu     s9, 1962(sp)
core   0: 3 0x80007be2 (0x7aa14c83) x25 0x00000000 mem 0x80018d71
core   0: 0x80007be6 (0x91d10f83) lb      t6, -1763(sp)
core   0: 3 0x80007be6 (0x91d10f83) x31 0x00000000 mem 0x80017ee4
core   0: 0x80007bea (0xa3814c03) lbu     s8, -1480(sp)
core   0: 3 0x80007bea (0xa3814c03) x24 0x00000000 mem 0x80017fff
core   0: 0x80007bee (0x000084f1) c.srai  s1, 28
core   0: 3 0x80007bee (0x84f1) x 9 0x00000000
core   0: 0x80007bf0 (0x0129e4b3) or      s1, s3, s2
core   0: 3 0x80007bf0 (0x0129e4b3) x 9 0x000000e4
core   0: 0x80007bf4 (0x433e8cb7) lui     s9, 0x433e8
core   0: 3 0x80007bf4 (0x433e8cb7) x25 0x433e8000
core   0: 0x80007bf8 (0xf1e10a03) lb      s4, -226(sp)
core   0: 3 0x80007bf8 (0xf1e10a03) x20 0x00000000 mem 0x800184e5
core   0: 0x80007bfc (0x1d410d03) lb      s10, 468(sp)
core   0: 3 0x80007bfc (0x1d410d03) x26 0x00000000 mem 0x8001879b
core   0: 0x80007c00 (0xae210523) sb      sp, -1302(sp)
core   0: 3 0x80007c00 (0xae210523) mem 0x800180b1 0xc7
core   0: 0x80007c04 (0x87810723) sb      s8, -1938(sp)
core   0: 3 0x80007c04 (0x87810723) mem 0x80017e35 0x0
core   0: 0x80007c08 (0xb2f10123) sb      a5, -1246(sp)
core   0: 3 0x80007c08 (0xb2f10123) mem 0x800180e9 0x0
core   0: 0x80007c0c (0x9852ca13) xori    s4, t0, -1659
core   0: 3 0x80007c0c (0x9852ca13) x20 0xfffff985
core   0: 0x80007c10 (0x00009b12) c.add   s6, tp
core   0: 3 0x80007c10 (0x9b12) x22 0x80020c18
core   0: 0x80007c12 (0x00000001) c.nop
core   0: 3 0x80007c12 (0x0001)
core   0: 0x80007c14 (0xe7515203) lhu     tp, -395(sp)
core   0: 3 0x80007c14 (0xe7515203) x 4 0x00000000 mem 0x8001843c
core   0: 0x80007c18 (0xee414a83) lbu     s5, -284(sp)
core   0: 3 0x80007c18 (0xee414a83) x21 0x00000000 mem 0x800184ab
core   0: 0x80007c1c (0x0000b117) auipc   sp, 0xb
core   0: 3 0x80007c1c (0x0000b117) x 2 0x80012c1c
core   0: 0x80007c20 (0x6b410113) addi    sp, sp, 1716
core   0: 3 0x80007c20 (0x6b410113) x 2 0x800132d0
core   0: 0x80007c24 (0x00008ad9) c.andi  a3, 22
core   0: 3 0x80007c24 (0x8ad9) x13 0x00000000
core   0: 0x80007c26 (0xff814303) lbu     t1, -8(sp)
core   0: 3 0x80007c26 (0xff814303) x 6 0x00000000 mem 0x800132c8
core   0: 0x80007c2a (0x01937533) and     a0, t1, s9
core   0: 3 0x80007c2a (0x01937533) x10 0x00000000
core   0: 0x80007c2e (0x00611903) lh      s2, 6(sp)
core   0: 3 0x80007c2e (0x00611903) x18 0x00000900 mem 0x800132d6
core   0: 0x80007c32 (0x0268a7b3) mulhsu  a5, a7, t1
core   0: 3 0x80007c32 (0x0268a7b3) x15 0x00000000
core   0: 0x80007c36 (0x000042a2) c.lwsp  t0, 8(sp)
core   0: 3 0x80007c36 (0x42a2) x 5 0x00000000 mem 0x800132d8
core   0: 0x80007c38 (0x002c3a33) sltu    s4, s8, sp
core   0: 3 0x80007c38 (0x002c3a33) x20 0x00000001
core   0: 0x80007c3c (0xff510d23) sb      s5, -6(sp)
core   0: 3 0x80007c3c (0xff510d23) mem 0x800132ca 0x0
core   0: 0x80007c40 (0x026e9333) mulh    t1, t4, t1
core   0: 3 0x80007c40 (0x026e9333) x 6 0x00000000
core   0: 0x80007c44 (0x00d10183) lb      gp, 13(sp)
core   0: 3 0x80007c44 (0x00d10183) x 3 0x00000000 mem 0x800132dd
core   0: 0x80007c48 (0xffa11a03) lh      s4, -6(sp)
core   0: 3 0x80007c48 (0xffa11a03) x20 0x00000000 mem 0x800132ca
core   0: 0x80007c4c (0x01aa14b3) sll     s1, s4, s10
core   0: 3 0x80007c4c (0x01aa14b3) x 9 0x00000000
core   0: 0x80007c50 (0x00775313) srli    t1, a4, 7
core   0: 3 0x80007c50 (0x00775313) x 6 0x0100051c
core   0: 0x80007c54 (0x00004d22) c.lwsp  s10, 8(sp)
core   0: 3 0x80007c54 (0x4d22) x26 0x00000000 mem 0x800132d8
core   0: 0x80007c56 (0x03518233) mul     tp, gp, s5
core   0: 3 0x80007c56 (0x03518233) x 4 0x00000000
core   0: 0x80007c5a (0xff910fa3) sb      s9, -1(sp)
core   0: 3 0x80007c5a (0xff910fa3) mem 0x800132cf 0x0
core   0: 0x80007c5e (0x00008cb5) c.xor   s1, a3
core   0: 3 0x80007c5e (0x8cb5) x 9 0x00000000
core   0: 0x80007c60 (0x02b2c533) div     a0, t0, a1
core   0: 3 0x80007c60 (0x02b2c533) x10 0x00000000
core   0: 0x80007c64 (0x038c31b3) mulhu   gp, s8, s8
core   0: 3 0x80007c64 (0x038c31b3) x 3 0x00000000
core   0: 0x80007c68 (0x00f10903) lb      s2, 15(sp)
core   0: 3 0x80007c68 (0x00f10903) x18 0x00000000 mem 0x800132df
core   0: 0x80007c6c (0x00009892) c.add   a7, tp
core   0: 3 0x80007c6c (0x9892) x17 0x8002092f
core   0: 0x80007c6e (0x00008d71) c.and   a0, a2
core   0: 3 0x80007c6e (0x8d71) x10 0x00000000
core   0: 0x80007c70 (0x000086d9) c.srai  a3, 22
core   0: 3 0x80007c70 (0x86d9) x13 0x00000000
core   0: 0x80007c72 (0xdd0f0217) auipc   tp, 0xdd0f0
core   0: 3 0x80007c72 (0xdd0f0217) x 4 0x5d0f7c72
core   0: 0x80007c76 (0xff514903) lbu     s2, -11(sp)
core   0: 3 0x80007c76 (0xff514903) x18 0x00000000 mem 0x800132c5
core   0: 0x80007c7a (0x030de533) rem     a0, s11, a6
core   0: 3 0x80007c7a (0x030de533) x10 0x00000000
core   0: 0x80007c7e (0xffd10d83) lb      s11, -3(sp)
core   0: 3 0x80007c7e (0xffd10d83) x27 0x00000000 mem 0x800132cd
core   0: 0x80007c82 (0x03e734b3) mulhu   s1, a4, t5
core   0: 3 0x80007c82 (0x03e734b3) x 9 0x4001472c
core   0: 0x80007c86 (0x33e97293) andi    t0, s2, 830
core   0: 3 0x80007c86 (0x33e97293) x 5 0x00000000
core   0: 0x80007c8a (0x414cda33) sra     s4, s9, s4
core   0: 3 0x80007c8a (0x414cda33) x20 0x433e8000
core   0: 0x80007c8e (0x00009606) c.add   a2, ra
core   0: 3 0x80007c8e (0x9606) x12 0x00000000
core   0: 0x80007c90 (0x00009c6a) c.add   s8, s10
core   0: 3 0x80007c90 (0x9c6a) x24 0x00000000
core   0: 0x80007c92 (0x000044c2) c.lwsp  s1, 16(sp)
core   0: 3 0x80007c92 (0x44c2) x 9 0x0000be00 mem 0x800132e0
core   0: 0x80007c94 (0x000040a1) c.li    ra, 8
core   0: 3 0x80007c94 (0x40a1) x 1 0x00000008
core   0: 0x80007c96 (0x00214883) lbu     a7, 2(sp)
core   0: 3 0x80007c96 (0x00214883) x17 0x00000000 mem 0x800132d2
core   0: 0x80007c9a (0x000088d9) c.andi  s1, 22
core   0: 3 0x80007c9a (0x88d9) x 9 0x00000000
core   0: 0x80007c9c (0x00004812) c.lwsp  a6, 4(sp)
core   0: 3 0x80007c9c (0x4812) x16 0x09000000 mem 0x800132d4
core   0: 0x80007c9e (0x0000dd17) auipc   s10, 0xd
core   0: 3 0x80007c9e (0x0000dd17) x26 0x80014c9e
core   0: 0x80007ca2 (0x38bd0d13) addi    s10, s10, 907
core   0: 3 0x80007ca2 (0x38bd0d13) x26 0x80015029
core   0: 0x80007ca6 (0xff6d4e03) lbu     t3, -10(s10)
core   0: 3 0x80007ca6 (0xff6d4e03) x28 0x00000000 mem 0x8001501f
core   0: 0x80007caa (0x0000c297) auipc   t0, 0xc
core   0: 3 0x80007caa (0x0000c297) x 5 0x80013caa
core   0: 0x80007cae (0x34528293) addi    t0, t0, 837
core   0: 3 0x80007cae (0x34528293) x 5 0x80013fef
core   0: 0x80007cb2 (0x050d0b83) lb      s7, 80(s10)
core   0: 3 0x80007cb2 (0x050d0b83) x23 0x00000000 mem 0x80015079
core   0: 0x80007cb6 (0xd5f282a3) sb      t6, -699(t0)
core   0: 3 0x80007cb6 (0xd5f282a3) mem 0x80013d34 0x0
core   0: 0x80007cba (0x01ad4c03) lbu     s8, 26(s10)
core   0: 3 0x80007cba (0x01ad4c03) x24 0x00000000 mem 0x80015043
core   0: 0x80007cbe (0xd2828683) lb      a3, -728(t0)
core   0: 3 0x80007cbe (0xd2828683) x13 0x00000000 mem 0x80013d17
core   0: 0x80007cc2 (0x8682cb83) lbu     s7, -1944(t0)
core   0: 3 0x80007cc2 (0x8682cb83) x23 0x00000000 mem 0x80013857
core   0: 0x80007cc6 (0x0c8d4403) lbu     s0, 200(s10)
core   0: 3 0x80007cc6 (0x0c8d4403) x 8 0x00000000 mem 0x800150f1
core   0: 0x80007cca (0x03fd0203) lb      tp, 63(s10)
core   0: 3 0x80007cca (0x03fd0203) x 4 0x00000000 mem 0x80015068
core   0: 0x80007cce (0x84e28d23) sb      a4, -1958(t0)
core   0: 3 0x80007cce (0x84e28d23) mem 0x80013849 0x58
core   0: 0x80007cd2 (0xf06d4203) lbu     tp, -250(s10)
core   0: 3 0x80007cd2 (0xf06d4203) x 4 0x00000000 mem 0x80014f2f
core   0: 0x80007cd6 (0x06bd0d23) sb      a1, 122(s10)
core   0: 3 0x80007cd6 (0x06bd0d23) mem 0x800150a3 0xe4
core   0: 0x80007cda (0x036d04a3) sb      s6, 41(s10)
core   0: 3 0x80007cda (0x036d04a3) mem 0x80015052 0x18
core   0: 0x80007cde (0x88c2a0a3) sw      a2, -1919(t0)
core   0: 3 0x80007cde (0x88c2a0a3) mem 0x80013870 0x00000000
core   0: 0x80007ce2 (0x00015117) auipc   sp, 0x15
core   0: 3 0x80007ce2 (0x00015117) x 2 0x8001cce2
core   0: 0x80007ce6 (0x47410113) addi    sp, sp, 1140
core   0: 3 0x80007ce6 (0x47410113) x 2 0x8001d156
core   0: 0x80007cea (0x02b197b3) mulh    a5, gp, a1
core   0: 3 0x80007cea (0x02b197b3) x15 0x00000000
core   0: 0x80007cee (0xfc612603) lw      a2, -58(sp)
core   0: 3 0x80007cee (0xfc612603) x12 0x00000000 mem 0x8001d11c
core   0: 0x80007cf2 (0xfbd10283) lb      t0, -67(sp)
core   0: 3 0x80007cf2 (0xfbd10283) x 5 0x00000000 mem 0x8001d113
core   0: 0x80007cf6 (0x0f815683) lhu     a3, 248(sp)
core   0: 3 0x80007cf6 (0x0f815683) x13 0x00000000 mem 0x8001d24e
core   0: 0x80007cfa (0x0ff0000f) fence   iorw,iorw
core   0: 3 0x80007cfa (0x0ff0000f)
core   0: 0x80007cfe (0x02918c33) mul     s8, gp, s1
core   0: 3 0x80007cfe (0x02918c33) x24 0x00000000
core   0: 0x80007d02 (0xf73100a3) sb      s3, -159(sp)
core   0: 3 0x80007d02 (0xf73100a3) mem 0x8001d0b7 0x0
core   0: 0x80007d06 (0x0355d833) divu    a6, a1, s5
core   0: 3 0x80007d06 (0x0355d833) x16 0xffffffff
core   0: 0x80007d0a (0x000b1093) slli    ra, s6, 0
core   0: 3 0x80007d0a (0x000b1093) x 1 0x80020c18
core   0: 0x80007d0e (0x04b10083) lb      ra, 75(sp)
core   0: 3 0x80007d0e (0x04b10083) x 1 0x00000000 mem 0x8001d1a1
core   0: 0x80007d12 (0x04b10503) lb      a0, 75(sp)
core   0: 3 0x80007d12 (0x04b10503) x10 0x00000000 mem 0x8001d1a1
core   0: 0x80007d16 (0x03a10f83) lb      t6, 58(sp)
core   0: 3 0x80007d16 (0x03a10f83) x31 0x00000029 mem 0x8001d190
core   0: 0x80007d1a (0x03a11d23) sh      s10, 58(sp)
core   0: 3 0x80007d1a (0x03a11d23) mem 0x8001d190 0x5029
core   0: 0x80007d1e (0x03a12683) lw      a3, 58(sp)
core   0: 3 0x80007d1e (0x03a12683) x13 0x00005029 mem 0x8001d190
core   0: 0x80007d22 (0x03a14083) lbu     ra, 58(sp)
core   0: 3 0x80007d22 (0x03a14083) x 1 0x00000029 mem 0x8001d190
core   0: 0x80007d26 (0xf5c10d03) lb      s10, -164(sp)
core   0: 3 0x80007d26 (0xf5c10d03) x26 0x00000000 mem 0x8001d0b2
core   0: 0x80007d2a (0x2ba34b93) xori    s7, t1, 698
core   0: 3 0x80007d2a (0x2ba34b93) x23 0x010007a6
core   0: 0x80007d2e (0x002a1b33) sll     s6, s4, sp
core   0: 3 0x80007d2e (0x002a1b33) x22 0x00000000
core   0: 0x80007d32 (0xf5c15303) lhu     t1, -164(sp)
core   0: 3 0x80007d32 (0xf5c15303) x 6 0x00000000 mem 0x8001d0b2
core   0: 0x80007d36 (0x0000b117) auipc   sp, 0xb
core   0: 3 0x80007d36 (0x0000b117) x 2 0x80012d36
core   0: 0x80007d3a (0x73810113) addi    sp, sp, 1848
core   0: 3 0x80007d3a (0x73810113) x 2 0x8001346e
core   0: 0x80007d3e (0xf9310903) lb      s2, -109(sp)
core   0: 3 0x80007d3e (0xf9310903) x18 0x00000000 mem 0x80013401
core   0: 0x80007d42 (0x0000824d) c.srli  a2, 19
core   0: 3 0x80007d42 (0x824d) x12 0x00000000
core   0: 0x80007d44 (0xf9314383) lbu     t2, -109(sp)
core   0: 3 0x80007d44 (0xf9314383) x 7 0x00000000 mem 0x80013401
core   0: 0x80007d48 (0x00001e7d) c.addi  t3, -1
core   0: 3 0x80007d48 (0x1e7d) x28 0xffffffff
core   0: 0x80007d4a (0x07b11323) sh      s11, 102(sp)
core   0: 3 0x80007d4a (0x07b11323) mem 0x800134d4 0x0000
core   0: 0x80007d4e (0xfd510783) lb      a5, -43(sp)
core   0: 3 0x80007d4e (0xfd510783) x15 0x00000000 mem 0x80013443
core   0: 0x80007d52 (0x0a814403) lbu     s0, 168(sp)
core   0: 3 0x80007d52 (0x0a814403) x 8 0x00000000 mem 0x80013516
core   0: 0x80007d56 (0x0cd103a3) sb      a3, 199(sp)
core   0: 3 0x80007d56 (0x0cd103a3) mem 0x80013535 0x29
core   0: 0x80007d5a (0x06913db7) lui     s11, 0x6913
core   0: 3 0x80007d5a (0x06913db7) x27 0x06913000
core   0: 0x80007d5e (0x03e15e33) divu    t3, sp, t5
core   0: 3 0x80007d5e (0x03e15e33) x28 0x00000001
core   0: 0x80007d62 (0x019f6333) or      t1, t5, s9
core   0: 3 0x80007d62 (0x019f6333) x 6 0xc33e8000
core   0: 0x80007d66 (0x0f610e23) sb      s6, 252(sp)
core   0: 3 0x80007d66 (0x0f610e23) mem 0x8001356a 0x0
core   0: 0x80007d6a (0x00810503) lb      a0, 8(sp)
core   0: 3 0x80007d6a (0x00810503) x10 0xffffffff mem 0x80013476
core   0: 0x80007d6e (0x01010423) sb      a6, 8(sp)
core   0: 3 0x80007d6e (0x01010423) mem 0x80013476 0xff
core   0: 0x80007d72 (0x0ed108a3) sb      a3, 241(sp)
core   0: 3 0x80007d72 (0x0ed108a3) mem 0x8001355f 0x29
core   0: 0x80007d76 (0x0000c517) auipc   a0, 0xc
core   0: 3 0x80007d76 (0x0000c517) x10 0x80013d76
core   0: 0x80007d7a (0x95c50513) addi    a0, a0, -1700
core   0: 3 0x80007d7a (0x95c50513) x10 0x800136d2
core   0: 0x80007d7e (0x40a081b3) sub     gp, ra, a0
core   0: 3 0x80007d7e (0x40a081b3) x 3 0x7ffec957
core   0: 0x80007d82 (0x00e51b83) lh      s7, 14(a0)
core   0: 3 0x80007d82 (0x00e51b83) x23 0x00000000 mem 0x800136e0
core   0: 0x80007d86 (0x00950e03) lb      t3, 9(a0)
core   0: 3 0x80007d86 (0x00950e03) x28 0x00000000 mem 0x800136db
core   0: 0x80007d8a (0x00152323) sw      ra, 6(a0)
core   0: 3 0x80007d8a (0x00152323) mem 0x800136d8 0x00000029
core   0: 0x80007d8e (0x0104dfb3) srl     t6, s1, a6
core   0: 3 0x80007d8e (0x0104dfb3) x31 0x00000000
core   0: 0x80007d92 (0xff451c03) lh      s8, -12(a0)
core   0: 3 0x80007d92 (0xff451c03) x24 0x00000000 mem 0x800136c6
core   0: 0x80007d96 (0xffb54903) lbu     s2, -5(a0)
core   0: 3 0x80007d96 (0xffb54903) x18 0x00000000 mem 0x800136cd
core   0: 0x80007d9a (0x00c50423) sb      a2, 8(a0)
core   0: 3 0x80007d9a (0x00c50423) mem 0x800136da 0x0
core   0: 0x80007d9e (0x000087ed) c.srai  a5, 27
core   0: 3 0x80007d9e (0x87ed) x15 0x00000000
core   0: 0x80007da0 (0x4684c093) xori    ra, s1, 1128
core   0: 3 0x80007da0 (0x4684c093) x 1 0x00000468
core   0: 0x80007da4 (0x00008cf5) c.and   s1, a3
core   0: 3 0x80007da4 (0x8cf5) x 9 0x00000000
core   0: 0x80007da6 (0x00251823) sh      sp, 16(a0)
core   0: 3 0x80007da6 (0x00251823) mem 0x800136e2 0x346e
core   0: 0x80007daa (0xff350403) lb      s0, -13(a0)
core   0: 3 0x80007daa (0xff350403) x 8 0x00000000 mem 0x800136c5
core   0: 0x80007dae (0x00008029) c.srli  s0, 10
core   0: 3 0x80007dae (0x8029) x 8 0x00000000
core   0: 0x80007db0 (0x005bceb3) xor     t4, s7, t0
core   0: 3 0x80007db0 (0x005bceb3) x29 0x00000000
core   0: 0x80007db4 (0xfe951e23) sh      s1, -4(a0)
core   0: 3 0x80007db4 (0xfe951e23) mem 0x800136ce 0x0000
core   0: 0x80007db8 (0x0000100f) fence.i
core   0: 3 0x80007db8 (0x0000100f)
core   0: 0x80007dbc (0x0000987d) c.andi  s0, -1
core   0: 3 0x80007dbc (0x987d) x 8 0x00000000
core   0: 0x80007dbe (0x0331f2b3) remu    t0, gp, s3
core   0: 3 0x80007dbe (0x0331f2b3) x 5 0x7ffec957
core   0: 0x80007dc2 (0x00006b61) c.lui   s6, 0x18
core   0: 3 0x80007dc2 (0x6b61) x22 0x00018000
core   0: 0x80007dc4 (0x00c51283) lh      t0, 12(a0)
core   0: 3 0x80007dc4 (0x00c51283) x 5 0x00000000 mem 0x800136de
core   0: 0x80007dc8 (0xfff54183) lbu     gp, -1(a0)
core   0: 3 0x80007dc8 (0xfff54183) x 3 0x00000000 mem 0x800136d1
core   0: 0x80007dcc (0x000db633) sltu    a2, s11, zero
core   0: 3 0x80007dcc (0x000db633) x12 0x00000000
core   0: 0x80007dd0 (0xffe52183) lw      gp, -2(a0)
core   0: 3 0x80007dd0 (0xffe52183) x 3 0x00000000 mem 0x800136d0
core   0: 0x80007dd4 (0xffe52403) lw      s0, -2(a0)
core   0: 3 0x80007dd4 (0xffe52403) x 8 0x00000000 mem 0x800136d0
core   0: 0x80007dd8 (0x00008221) c.srli  a2, 8
core   0: 3 0x80007dd8 (0x8221) x12 0x00000000
core   0: 0x80007dda (0xff754403) lbu     s0, -9(a0)
core   0: 3 0x80007dda (0xff754403) x 8 0x00000000 mem 0x800136c9
core   0: 0x80007dde (0xfe351f23) sh      gp, -2(a0)
core   0: 3 0x80007dde (0xfe351f23) mem 0x800136d0 0x0000
core   0: 0x80007de2 (0xff154903) lbu     s2, -15(a0)
core   0: 3 0x80007de2 (0xff154903) x18 0x00000000 mem 0x800136c3
core   0: 0x80007de6 (0x00a954b3) srl     s1, s2, a0
core   0: 3 0x80007de6 (0x00a954b3) x 9 0x00000000
core   0: 0x80007dea (0x0000717d) c.addi16sp sp, -16
core   0: 3 0x80007dea (0x717d) x 2 0x8001345e
core   0: 0x80007dec (0x0ff0000f) fence   iorw,iorw
core   0: 3 0x80007dec (0x0ff0000f)
core   0: 0x80007df0 (0x00350183) lb      gp, 3(a0)
core   0: 3 0x80007df0 (0x00350183) x 3 0x00000000 mem 0x800136d5
core   0: 0x80007df4 (0x00f50183) lb      gp, 15(a0)
core   0: 3 0x80007df4 (0x00f50183) x 3 0x00000000 mem 0x800136e1
core   0: 0x80007df8 (0x01583233) sltu    tp, a6, s5
core   0: 3 0x80007df8 (0x01583233) x 4 0x00000000
core   0: 0x80007dfc (0x00750283) lb      t0, 7(a0)
core   0: 3 0x80007dfc (0x00750283) x 5 0x00000000 mem 0x800136d9
core   0: 0x80007e00 (0xfef509a3) sb      a5, -13(a0)
core   0: 3 0x80007e00 (0xfef509a3) mem 0x800136c5 0x0
core   0: 0x80007e04 (0xfe850d23) sb      s0, -6(a0)
core   0: 3 0x80007e04 (0xfe850d23) mem 0x800136cc 0x0
core   0: 0x80007e08 (0x0000987d) c.andi  s0, -1
core   0: 3 0x80007e08 (0x987d) x 8 0x00000000
core   0: 0x80007e0a (0x00006c7d) c.lui   s8, 0x1f
core   0: 3 0x80007e0a (0x6c7d) x24 0x0001f000
core   0: 0x80007e0c (0x00651a83) lh      s5, 6(a0)
core   0: 3 0x80007e0c (0x00651a83) x21 0x00000029 mem 0x800136d8
core   0: 0x80007e10 (0x00000001) c.nop
core   0: 3 0x80007e10 (0x0001)
core   0: 0x80007e12 (0x00950903) lb      s2, 9(a0)
core   0: 3 0x80007e12 (0x00950903) x18 0x00000000 mem 0x800136db
core   0: 0x80007e16 (0x00000b9c) c.addi4spn a5, sp, 464
core   0: 3 0x80007e16 (0x0b9c) x15 0x8001362e
core   0: 0x80007e18 (0x02491cb3) mulh    s9, s2, tp
core   0: 3 0x80007e18 (0x02491cb3) x25 0x00000000
core   0: 0x80007e1c (0x00b503a3) sb      a1, 7(a0)
core   0: 3 0x80007e1c (0x00b503a3) mem 0x800136d9 0xe4
core   0: 0x80007e20 (0x00754a03) lbu     s4, 7(a0)
core   0: 3 0x80007e20 (0x00754a03) x20 0x000000e4 mem 0x800136d9
core   0: 0x80007e24 (0x00001b04) c.addi4spn s1, sp, 432
core   0: 3 0x80007e24 (0x1b04) x 9 0x8001360e
core   0: 0x80007e26 (0x01ded433) srl     s0, t4, t4
core   0: 3 0x80007e26 (0x01ded433) x 8 0x00000000
core   0: 0x80007e2a (0xfff54d03) lbu     s10, -1(a0)
core   0: 3 0x80007e2a (0xfff54d03) x26 0x00000000 mem 0x800136d1
core   0: 0x80007e2e (0x01e50423) sb      t5, 8(a0)
core   0: 3 0x80007e2e (0x01e50423) mem 0x800136da 0x0
core   0: 0x80007e32 (0xff650203) lb      tp, -10(a0)
core   0: 3 0x80007e32 (0xff650203) x 4 0x00000000 mem 0x800136c8
core   0: 0x80007e36 (0x0001c897) auipc   a7, 0x1c
core   0: 3 0x80007e36 (0x0001c897) x17 0x80023e36
core   0: 0x80007e3a (0xc8988893) addi    a7, a7, -887
core   0: 3 0x80007e3a (0xc8988893) x17 0x80023abf
core   0: 0x80007e3e (0xf7e8ca03) lbu     s4, -130(a7)
core   0: 3 0x80007e3e (0xf7e8ca03) x20 0x00000000 mem 0x80023a3d
core   0: 0x80007e42 (0xf7e8c203) lbu     tp, -130(a7)
core   0: 3 0x80007e42 (0xf7e8c203) x 4 0x00000000 mem 0x80023a3d
core   0: 0x80007e46 (0x02988023) sb      s1, 32(a7)
core   0: 3 0x80007e46 (0x02988023) mem 0x80023adf 0xe
core   0: 0x80007e4a (0x02088b03) lb      s6, 32(a7)
core   0: 3 0x80007e4a (0x02088b03) x22 0x0000000e mem 0x80023adf
core   0: 0x80007e4e (0x03088023) sb      a6, 32(a7)
core   0: 3 0x80007e4e (0x03088023) mem 0x80023adf 0xff
core   0: 0x80007e52 (0x02088803) lb      a6, 32(a7)
core   0: 3 0x80007e52 (0x02088803) x16 0xffffffff mem 0x80023adf
core   0: 0x80007e56 (0x02088023) sb      zero, 32(a7)
core   0: 3 0x80007e56 (0x02088023) mem 0x80023adf 0x0
core   0: 0x80007e5a (0x02088003) lb      zero, 32(a7)
core   0: 3 0x80007e5a (0x02088003) mem 0x80023adf
core   0: 0x80007e5e (0x02088783) lb      a5, 32(a7)
core   0: 3 0x80007e5e (0x02088783) x15 0x00000000 mem 0x80023adf
core   0: 0x80007e62 (0x0000717d) c.addi16sp sp, -16
core   0: 3 0x80007e62 (0x717d) x 2 0x8001344e
core   0: 0x80007e64 (0x030e8ab3) mul     s5, t4, a6
core   0: 3 0x80007e64 (0x030e8ab3) x21 0x00000000
core   0: 0x80007e68 (0x03088d23) sb      a6, 58(a7)
core   0: 3 0x80007e68 (0x03088d23) mem 0x80023af9 0xff
core   0: 0x80007e6c (0x05888983) lb      s3, 88(a7)
core   0: 3 0x80007e6c (0x05888983) x19 0x00000000 mem 0x80023b17
core   0: 0x80007e70 (0x0588c783) lbu     a5, 88(a7)
core   0: 3 0x80007e70 (0x0588c783) x15 0x00000000 mem 0x80023b17
core   0: 0x80007e74 (0x07188923) sb      a7, 114(a7)
core   0: 3 0x80007e74 (0x07188923) mem 0x80023b31 0xbf
core   0: 0x80007e78 (0xd01c3e13) sltiu   t3, s8, -767
core   0: 3 0x80007e78 (0xd01c3e13) x28 0x00000001
core   0: 0x80007e7c (0x00000e16) c.slli  t3, 5
core   0: 3 0x80007e7c (0x0e16) x28 0x00000020
core   0: 0x80007e7e (0x0728cf83) lbu     t6, 114(a7)
core   0: 3 0x80007e7e (0x0728cf83) x31 0x000000bf mem 0x80023b31
core   0: 0x80007e82 (0x07288603) lb      a2, 114(a7)
core   0: 3 0x80007e82 (0x07288603) x12 0xffffffbf mem 0x80023b31
core   0: 0x80007e86 (0x07288783) lb      a5, 114(a7)
core   0: 3 0x80007e86 (0x07288783) x15 0xffffffbf mem 0x80023b31
core   0: 0x80007e8a (0x07288483) lb      s1, 114(a7)
core   0: 3 0x80007e8a (0x07288483) x 9 0xffffffbf mem 0x80023b31
core   0: 0x80007e8e (0x06288923) sb      sp, 114(a7)
core   0: 3 0x80007e8e (0x06288923) mem 0x80023b31 0x4e
core   0: 0x80007e92 (0x00014397) auipc   t2, 0x14
core   0: 3 0x80007e92 (0x00014397) x 7 0x8001be92
core   0: 0x80007e96 (0xf2838393) addi    t2, t2, -216
core   0: 3 0x80007e96 (0xf2838393) x 7 0x8001bdba
core   0: 0x80007e9a (0xf7a3d283) lhu     t0, -134(t2)
core   0: 3 0x80007e9a (0xf7a3d283) x 5 0x00000000 mem 0x8001bd34
core   0: 0x80007e9e (0x0000ca97) auipc   s5, 0xc
core   0: 3 0x80007e9e (0x0000ca97) x21 0x80013e9e
core   0: 0x80007ea2 (0xedba8a93) addi    s5, s5, -293
core   0: 3 0x80007ea2 (0xedba8a93) x21 0x80013d79
core   0: 0x80007ea6 (0x01ea8123) sb      t5, 2(s5)
core   0: 3 0x80007ea6 (0x01ea8123) mem 0x80013d7b 0x0
core   0: 0x80007eaa (0xffaac783) lbu     a5, -6(s5)
core   0: 3 0x80007eaa (0xffaac783) x15 0x0000003d mem 0x80013d73
core   0: 0x80007eae (0x0913c783) lbu     a5, 145(t2)
core   0: 3 0x80007eae (0x0913c783) x15 0x00000000 mem 0x8001be4b
core   0: 0x80007eb2 (0x05d3c203) lbu     tp, 93(t2)
core   0: 3 0x80007eb2 (0x05d3c203) x 4 0x00000000 mem 0x8001be17
core   0: 0x80007eb6 (0x0a239203) lh      tp, 162(t2)
core   0: 3 0x80007eb6 (0x0a239203) x 4 0x00000000 mem 0x8001be5c
core   0: 0x80007eba (0x018a92a3) sh      s8, 5(s5)
core   0: 3 0x80007eba (0x018a92a3) mem 0x80013d7e 0xf000
core   0: 0x80007ebe (0x07b38b83) lb      s7, 123(t2)
core   0: 3 0x80007ebe (0x07b38b83) x23 0x00000000 mem 0x8001be35
core   0: 0x80007ec2 (0xff6ac603) lbu     a2, -10(s5)
core   0: 3 0x80007ec2 (0xff6ac603) x12 0x00000000 mem 0x80013d6f
core   0: 0x80007ec6 (0x0cd386a3) sb      a3, 205(t2)
core   0: 3 0x80007ec6 (0x0cd386a3) mem 0x8001be87 0x29
core   0: 0x80007eca (0x006a8883) lb      a7, 6(s5)
core   0: 3 0x80007eca (0x006a8883) x17 0xfffffff0 mem 0x80013d7f
core   0: 0x80007ece (0xff2a8883) lb      a7, -14(s5)
core   0: 3 0x80007ece (0xff2a8883) x17 0x00000000 mem 0x80013d6b
core   0: 0x80007ed2 (0x08439803) lh      a6, 132(t2)
core   0: 3 0x80007ed2 (0x08439803) x16 0x00000000 mem 0x8001be3e
core   0: 0x80007ed6 (0xff1a8c83) lb      s9, -15(s5)
core   0: 3 0x80007ed6 (0xff1a8c83) x25 0x00000000 mem 0x80013d6a
core   0: 0x80007eda (0xfea3d803) lhu     a6, -22(t2)
core   0: 3 0x80007eda (0xfea3d803) x16 0x00000000 mem 0x8001bda4
core   0: 0x80007ede (0x00ea8983) lb      s3, 14(s5)
core   0: 3 0x80007ede (0x00ea8983) x19 0x00000000 mem 0x80013d87
core   0: 0x80007ee2 (0xf2b3a323) sw      a1, -218(t2)
core   0: 3 0x80007ee2 (0xf2b3a323) mem 0x8001bce0 0x8002cce4
core   0: 0x80007ee6 (0x0000cf97) auipc   t6, 0xc
core   0: 3 0x80007ee6 (0x0000cf97) x31 0x80013ee6
core   0: 0x80007eea (0xd17f8f93) addi    t6, t6, -745
core   0: 3 0x80007eea (0xd17f8f93) x31 0x80013bfd
core   0: 0x80007eee (0x0001bd17) auipc   s10, 0x1b
core   0: 3 0x80007eee (0x0001bd17) x26 0x80022eee
core   0: 0x80007ef2 (0x974d0d13) addi    s10, s10, -1676
core   0: 3 0x80007ef2 (0x974d0d13) x26 0x80022862
core   0: 0x80007ef6 (0xfdcf83a3) sb      t3, -57(t6)
core   0: 3 0x80007ef6 (0xfdcf83a3) mem 0x80013bc4 0x20
core   0: 0x80007efa (0xe02d00a3) sb      sp, -511(s10)
core   0: 3 0x80007efa (0xe02d00a3) mem 0x80022663 0x4e
core   0: 0x80007efe (0x0f5d03a3) sb      s5, 231(s10)
core   0: 3 0x80007efe (0x0f5d03a3) mem 0x80022949 0x79
core   0: 0x80007f02 (0x016fc883) lbu     a7, 22(t6)
core   0: 3 0x80007f02 (0x016fc883) x17 0x00000000 mem 0x80013c13
core   0: 0x80007f06 (0xe2ad2003) lw      zero, -470(s10)
core   0: 3 0x80007f06 (0xe2ad2003) mem 0x8002268c
core   0: 0x80007f0a (0x0cdd09a3) sb      a3, 211(s10)
core   0: 3 0x80007f0a (0x0cdd09a3) mem 0x80022935 0x29
core   0: 0x80007f0e (0x00ff9003) lh      zero, 15(t6)
core   0: 3 0x80007f0e (0x00ff9003) mem 0x80013c0c
core   0: 0x80007f12 (0xfebf8903) lb      s2, -21(t6)
core   0: 3 0x80007f12 (0xfebf8903) x18 0x00000000 mem 0x80013be8
core   0: 0x80007f16 (0xfe8fc803) lbu     a6, -24(t6)
core   0: 3 0x80007f16 (0xfe8fc803) x16 0x00000000 mem 0x80013be5
core   0: 0x80007f1a (0xfd6f8c03) lb      s8, -42(t6)
core   0: 3 0x80007f1a (0xfd6f8c03) x24 0x00000000 mem 0x80013bd3
core   0: 0x80007f1e (0xab4d4203) lbu     tp, -1356(s10)
core   0: 3 0x80007f1e (0xab4d4203) x 4 0x00000000 mem 0x80022316
core   0: 0x80007f22 (0x009fc883) lbu     a7, 9(t6)
core   0: 3 0x80007f22 (0x009fc883) x17 0x00000000 mem 0x80013c06
core   0: 0x80007f26 (0xf90d0783) lb      a5, -112(s10)
core   0: 3 0x80007f26 (0xf90d0783) x15 0x00000000 mem 0x800227f2
core   0: 0x80007f2a (0xfb1d4d83) lbu     s11, -79(s10)
core   0: 3 0x80007f2a (0xfb1d4d83) x27 0x00000000 mem 0x80022813
core   0: 0x80007f2e (0xfe9f8223) sb      s1, -28(t6)
core   0: 3 0x80007f2e (0xfe9f8223) mem 0x80013be1 0xbf
core   0: 0x80007f32 (0x0000d117) auipc   sp, 0xd
core   0: 3 0x80007f32 (0x0000d117) x 2 0x80014f32
core   0: 0x80007f36 (0x13710113) addi    sp, sp, 311
core   0: 3 0x80007f36 (0x13710113) x 2 0x80015069
core   0: 0x80007f3a (0x047108a3) sb      t2, 81(sp)
core   0: 3 0x80007f3a (0x047108a3) mem 0x800150ba 0xba
core   0: 0x80007f3e (0x059118a3) sh      s9, 81(sp)
core   0: 3 0x80007f3e (0x059118a3) mem 0x800150ba 0x0000
core   0: 0x80007f42 (0x05110503) lb      a0, 81(sp)
core   0: 3 0x80007f42 (0x05110503) x10 0x00000000 mem 0x800150ba
core   0: 0x80007f46 (0x05115803) lhu     a6, 81(sp)
core   0: 3 0x80007f46 (0x05115803) x16 0x00000000 mem 0x800150ba
core   0: 0x80007f4a (0x00000001) c.nop
core   0: 3 0x80007f4a (0x0001)
core   0: 0x80007f4c (0x05111c03) lh      s8, 81(sp)
core   0: 3 0x80007f4c (0x05111c03) x24 0x00000000 mem 0x800150ba
core   0: 0x80007f50 (0x05110d03) lb      s10, 81(sp)
core   0: 3 0x80007f50 (0x05110d03) x26 0x00000000 mem 0x800150ba
core   0: 0x80007f54 (0x05110d83) lb      s11, 81(sp)
core   0: 3 0x80007f54 (0x05110d83) x27 0x00000000 mem 0x800150ba
core   0: 0x80007f58 (0x01659513) slli    a0, a1, 22
core   0: 3 0x80007f58 (0x01659513) x10 0x39000000
core   0: 0x80007f5c (0x05111303) lh      t1, 81(sp)
core   0: 3 0x80007f5c (0x05111303) x 6 0x00000000 mem 0x800150ba
core   0: 0x80007f60 (0x05114503) lbu     a0, 81(sp)
core   0: 3 0x80007f60 (0x05114503) x10 0x00000000 mem 0x800150ba
core   0: 0x80007f64 (0x05115183) lhu     gp, 81(sp)
core   0: 3 0x80007f64 (0x05115183) x 3 0x00000000 mem 0x800150ba
core   0: 0x80007f68 (0x05115503) lhu     a0, 81(sp)
core   0: 3 0x80007f68 (0x05115503) x10 0x00000000 mem 0x800150ba
core   0: 0x80007f6c (0x05115303) lhu     t1, 81(sp)
core   0: 3 0x80007f6c (0x05115303) x 6 0x00000000 mem 0x800150ba
core   0: 0x80007f70 (0x05111983) lh      s3, 81(sp)
core   0: 3 0x80007f70 (0x05111983) x19 0x00000000 mem 0x800150ba
core   0: 0x80007f74 (0x05114383) lbu     t2, 81(sp)
core   0: 3 0x80007f74 (0x05114383) x 7 0x00000000 mem 0x800150ba
core   0: 0x80007f78 (0x05115183) lhu     gp, 81(sp)
core   0: 3 0x80007f78 (0x05115183) x 3 0x00000000 mem 0x800150ba
core   0: 0x80007f7c (0x05110d03) lb      s10, 81(sp)
core   0: 3 0x80007f7c (0x05110d03) x26 0x00000000 mem 0x800150ba
core   0: 0x80007f80 (0x05111183) lh      gp, 81(sp)
core   0: 3 0x80007f80 (0x05111183) x 3 0x00000000 mem 0x800150ba
core   0: 0x80007f84 (0x04b118a3) sh      a1, 81(sp)
core   0: 3 0x80007f84 (0x04b118a3) mem 0x800150ba 0xcce4
core   0: 0x80007f88 (0x00012c17) auipc   s8, 0x12
core   0: 3 0x80007f88 (0x00012c17) x24 0x80019f88
core   0: 0x80007f8c (0x3b4c0c13) addi    s8, s8, 948
core   0: 3 0x80007f8c (0x3b4c0c13) x24 0x8001a33c
core   0: 0x80007f90 (0x00000971) c.addi  s2, 28
core   0: 3 0x80007f90 (0x0971) x18 0x0000001c
core   0: 0x80007f92 (0xb38c04a3) sb      s8, -1239(s8)
core   0: 3 0x80007f92 (0xb38c04a3) mem 0x80019e65 0x3c
core   0: 0x80007f96 (0x03d4dbb3) divu    s7, s1, t4
core   0: 3 0x80007f96 (0x03d4dbb3) x23 0xffffffff
core   0: 0x80007f9a (0x2cac1d03) lh      s10, 714(s8)
core   0: 3 0x80007f9a (0x2cac1d03) x26 0x00000000 mem 0x8001a606
core   0: 0x80007f9e (0x01b7d413) srli    s0, a5, 27
core   0: 3 0x80007f9e (0x01b7d413) x 8 0x00000000
core   0: 0x80007fa2 (0x00004d69) c.li    s10, 26
core   0: 3 0x80007fa2 (0x4d69) x26 0x0000001a
core   0: 0x80007fa4 (0x0e4c0323) sb      tp, 230(s8)
core   0: 3 0x80007fa4 (0x0e4c0323) mem 0x8001a422 0x0
core   0: 0x80007fa8 (0x00b89d13) slli    s10, a7, 11
core   0: 3 0x80007fa8 (0x00b89d13) x26 0x00000000
core   0: 0x80007fac (0x00009322) c.add   t1, s0
core   0: 3 0x80007fac (0x9322) x 6 0x00000000
core   0: 0x80007fae (0x8fdc06a3) sb      t4, -1811(s8)
core   0: 3 0x80007fae (0x8fdc06a3) mem 0x80019c29 0x0
core   0: 0x80007fb2 (0xbabc0983) lb      s3, -1109(s8)
core   0: 3 0x80007fb2 (0xbabc0983) x19 0x00000000 mem 0x80019ee7
core   0: 0x80007fb6 (0x00009fea) c.add   t6, s10
core   0: 3 0x80007fb6 (0x9fea) x31 0x80013bfd
core   0: 0x80007fb8 (0x79ac02a3) sb      s10, 1925(s8)
core   0: 3 0x80007fb8 (0x79ac02a3) mem 0x8001aac1 0x0
core   0: 0x80007fbc (0x118c5e03) lhu     t3, 280(s8)
core   0: 3 0x80007fbc (0x118c5e03) x28 0x00000000 mem 0x8001a454
core   0: 0x80007fc0 (0x035aa833) mulhsu  a6, s5, s5
core   0: 3 0x80007fc0 (0x035aa833) x16 0xc0000001
core   0: 0x80007fc4 (0x35bc4603) lbu     a2, 859(s8)
core   0: 3 0x80007fc4 (0x35bc4603) x12 0x00000000 mem 0x8001a697
core   0: 0x80007fc8 (0x00008c75) c.and   s0, a3
core   0: 3 0x80007fc8 (0x8c75) x 8 0x00000000
core   0: 0x80007fca (0x2aa34a13) xori    s4, t1, 682
core   0: 3 0x80007fca (0x2aa34a13) x20 0x000002aa
core   0: 0x80007fce (0x7a7c4217) auipc   tp, 0x7a7c4
core   0: 3 0x80007fce (0x7a7c4217) x 4 0xfa7cbfce
core   0: 0x80007fd2 (0x00000001) c.nop
core   0: 3 0x80007fd2 (0x0001)
core   0: 0x80007fd4 (0x41d3d093) srai    ra, t2, 29
core   0: 3 0x80007fd4 (0x41d3d093) x 1 0x00000000
core   0: 0x80007fd8 (0x01eb9c93) slli    s9, s7, 30
core   0: 3 0x80007fd8 (0x01eb9c93) x25 0xc0000000
core   0: 0x80007fdc (0x8b5c0783) lb      a5, -1867(s8)
core   0: 3 0x80007fdc (0x8b5c0783) x15 0x00000000 mem 0x80019bf1
core   0: 0x80007fe0 (0x267c0d03) lb      s10, 615(s8)
core   0: 3 0x80007fe0 (0x267c0d03) x26 0x00000000 mem 0x8001a5a3
core   0: 0x80007fe4 (0x434c0d03) lb      s10, 1076(s8)
core   0: 3 0x80007fe4 (0x434c0d03) x26 0x00000000 mem 0x8001a770
core   0: 0x80007fe8 (0x872c4b03) lbu     s6, -1934(s8)
core   0: 3 0x80007fe8 (0x872c4b03) x22 0x00000000 mem 0x80019bae
core   0: 0x80007fec (0xcd3c4b83) lbu     s7, -813(s8)
core   0: 3 0x80007fec (0xcd3c4b83) x23 0x00000000 mem 0x8001a00f
core   0: 0x80007ff0 (0x000c0e33) add     t3, s8, zero
core   0: 3 0x80007ff0 (0x000c0e33) x28 0x8001a33c
core   0: 0x80007ff4 (0x366c5483) lhu     s1, 870(s8)
core   0: 3 0x80007ff4 (0x366c5483) x 9 0x00000000 mem 0x8001a6a2
core   0: 0x80007ff8 (0xbe1c0403) lb      s0, -1055(s8)
core   0: 3 0x80007ff8 (0xbe1c0403) x 8 0x00000000 mem 0x80019f1d
core   0: 0x80007ffc (0x180c08a3) sb      zero, 401(s8)
core   0: 3 0x80007ffc (0x180c08a3) mem 0x8001a4cd 0x0
core   0: 0x80008000 (0x820c2803) lw      a6, -2016(s8)
core   0: 3 0x80008000 (0x820c2803) x16 0x00000000 mem 0x80019b5c
core   0: 0x80008004 (0x4197d313) srai    t1, a5, 25
core   0: 3 0x80008004 (0x4197d313) x 6 0x00000000
core   0: 0x80008008 (0x85ec2e23) sw      t5, -1956(s8)
core   0: 3 0x80008008 (0x85ec2e23) mem 0x80019b98 0x80000000
core   0: 0x8000800c (0x69ad6193) ori     gp, s10, 1690
core   0: 3 0x8000800c (0x69ad6193) x 3 0x0000069a
core   0: 0x80008010 (0x000096c2) c.add   a3, a6
core   0: 3 0x80008010 (0x96c2) x13 0x00005029
core   0: 0x80008012 (0x526c5083) lhu     ra, 1318(s8)
core   0: 3 0x80008012 (0x526c5083) x 1 0x00000000 mem 0x8001a862
core   0: 0x80008016 (0x00000001) c.nop
core   0: 3 0x80008016 (0x0001)
core   0: 0x80008018 (0x00e6ad13) slti    s10, a3, 14
core   0: 3 0x80008018 (0x00e6ad13) x26 0x00000000
core   0: 0x8000801c (0x0000187d) c.addi  a6, -1
core   0: 3 0x8000801c (0x187d) x16 0xffffffff
core   0: 0x8000801e (0x13ec0ba3) sb      t5, 311(s8)
core   0: 3 0x8000801e (0x13ec0ba3) mem 0x8001a473 0x0
core   0: 0x80008022 (0x3bd13493) sltiu   s1, sp, 957
core   0: 3 0x80008022 (0x3bd13493) x 9 0x00000000
core   0: 0x80008026 (0x01f781b3) add     gp, a5, t6
core   0: 3 0x80008026 (0x01f781b3) x 3 0x80013bfd
core   0: 0x8000802a (0x286c5f83) lhu     t6, 646(s8)
core   0: 3 0x8000802a (0x286c5f83) x31 0x00000000 mem 0x8001a5c2
core   0: 0x8000802e (0x0000b517) auipc   a0, 0xb
core   0: 3 0x8000802e (0x0000b517) x10 0x8001302e
core   0: 0x80008032 (0x08650513) addi    a0, a0, 134
core   0: 3 0x80008032 (0x08650513) x10 0x800130b4
core   0: 0x80008036 (0x56c50883) lb      a7, 1388(a0)
core   0: 3 0x80008036 (0x56c50883) x17 0x00000000 mem 0x80013620
core   0: 0x8000803a (0x00008e79) c.and   a2, a4
core   0: 3 0x8000803a (0x8e79) x12 0x00000000
core   0: 0x8000803c (0x00004365) c.li    t1, 25
core   0: 3 0x8000803c (0x4365) x 6 0x00000019
core   0: 0x8000803e (0x02c09233) mulh    tp, ra, a2
core   0: 3 0x8000803e (0x02c09233) x 4 0x00000000
core   0: 0x80008042 (0x00004aa5) c.li    s5, 9
core   0: 3 0x80008042 (0x4aa5) x21 0x00000009
core   0: 0x80008044 (0x00006135) c.addi16sp sp, 352
core   0: 3 0x80008044 (0x6135) x 2 0x800151c9
core   0: 0x80008046 (0x1d550783) lb      a5, 469(a0)
core   0: 3 0x80008046 (0x1d550783) x15 0xffffffff mem 0x80013289
core   0: 0x8000804a (0x00008c69) c.and   s0, a0
core   0: 3 0x8000804a (0x8c69) x 8 0x00000000
core   0: 0x8000804c (0x000080b9) c.srli  s1, 14
core   0: 3 0x8000804c (0x80b9) x 9 0x00000000
core   0: 0x8000804e (0x00006135) c.addi16sp sp, 352
core   0: 3 0x8000804e (0x6135) x 2 0x80015329
core   0: 0x80008050 (0x009d67b3) or      a5, s10, s1
core   0: 3 0x80008050 (0x009d67b3) x15 0x00000000
core   0: 0x80008054 (0x01251723) sh      s2, 14(a0)
core   0: 3 0x80008054 (0x01251723) mem 0x800130c2 0x001c
core   0: 0x80008058 (0x01f6d493) srli    s1, a3, 31
core   0: 3 0x80008058 (0x01f6d493) x 9 0x00000000
core   0: 0x8000805c (0x00008025) c.srli  s0, 9
core   0: 3 0x8000805c (0x8025) x 8 0x00000000
core   0: 0x8000805e (0x08f50983) lb      s3, 143(a0)
core   0: 3 0x8000805e (0x08f50983) x19 0x00000000 mem 0x80013143
core   0: 0x80008062 (0xe2636613) ori     a2, t1, -474
core   0: 3 0x80008062 (0xe2636613) x12 0xfffffe3f
core   0: 0x80008066 (0x026badb3) mulhsu  s11, s7, t1
core   0: 3 0x80008066 (0x026badb3) x27 0x00000000
core   0: 0x8000806a (0x57a509a3) sb      s10, 1395(a0)
core   0: 3 0x8000806a (0x57a509a3) mem 0x80013627 0x0
core   0: 0x8000806e (0xe6568093) addi    ra, a3, -411
core   0: 3 0x8000806e (0xe6568093) x 1 0x00004e8e
core   0: 0x80008072 (0x5df50f23) sb      t6, 1502(a0)
core   0: 3 0x80008072 (0x5df50f23) mem 0x80013692 0x0
core   0: 0x80008076 (0x03570fb3) mul     t6, a4, s5
core   0: 3 0x80008076 (0x03570fb3) x31 0x80170118
core   0: 0x8000807a (0x6d552823) sw      s5, 1744(a0)
core   0: 3 0x8000807a (0x6d552823) mem 0x80013784 0x00000009
core   0: 0x8000807e (0x3d250983) lb      s3, 978(a0)
core   0: 3 0x8000807e (0x3d250983) x19 0x00000000 mem 0x80013486
core   0: 0x80008082 (0xfaf50023) sb      a5, -96(a0)
core   0: 3 0x80008082 (0xfaf50023) mem 0x80013054 0x0
core   0: 0x80008086 (0x0000100f) fence.i
core   0: 3 0x80008086 (0x0000100f)
core   0: 0x8000808a (0x19554103) lbu     sp, 405(a0)
core   0: 3 0x8000808a (0x19554103) x 2 0x00000000 mem 0x80013249
core   0: 0x8000808e (0x0000be97) auipc   t4, 0xb
core   0: 3 0x8000808e (0x0000be97) x29 0x8001308e
core   0: 0x80008092 (0x509e8e93) addi    t4, t4, 1289
core   0: 3 0x80008092 (0x509e8e93) x29 0x80013597
core   0: 0x80008096 (0x00bec683) lbu     a3, 11(t4)
core   0: 3 0x80008096 (0x00bec683) x13 0x00000000 mem 0x800135a2
core   0: 0x8000809a (0x03a146b3) div     a3, sp, s10
core   0: 3 0x8000809a (0x03a146b3) x13 0xffffffff
core   0: 0x8000809e (0x71c02d93) slti    s11, zero, 1820
core   0: 3 0x8000809e (0x71c02d93) x27 0x00000001
core   0: 0x800080a2 (0x00becf83) lbu     t6, 11(t4)
core   0: 3 0x800080a2 (0x00becf83) x31 0x00000000 mem 0x800135a2
core   0: 0x800080a6 (0x002e8b03) lb      s6, 2(t4)
core   0: 3 0x800080a6 (0x002e8b03) x22 0x00000000 mem 0x80013599
core   0: 0x800080aa (0xff6ecb83) lbu     s7, -10(t4)
core   0: 3 0x800080aa (0xff6ecb83) x23 0x00000000 mem 0x8001358d
core   0: 0x800080ae (0x00008fa1) c.xor   a5, s0
core   0: 3 0x800080ae (0x8fa1) x15 0x00000000
core   0: 0x800080b0 (0x00009bfd) c.andi  a5, -1
core   0: 3 0x800080b0 (0x9bfd) x15 0x00000000
core   0: 0x800080b2 (0x004ece03) lbu     t3, 4(t4)
core   0: 3 0x800080b2 (0x004ece03) x28 0x00000097 mem 0x8001359b
core   0: 0x800080b6 (0x01de8223) sb      t4, 4(t4)
core   0: 3 0x800080b6 (0x01de8223) mem 0x8001359b 0x97
core   0: 0x800080ba (0x00eec003) lbu     zero, 14(t4)
core   0: 3 0x800080ba (0x00eec003) mem 0x800135a5
core   0: 0x800080be (0xff3e8823) sb      s3, -16(t4)
core   0: 3 0x800080be (0xff3e8823) mem 0x80013587 0x0
core   0: 0x800080c2 (0xff0e8e03) lb      t3, -16(t4)
core   0: 3 0x800080c2 (0xff0e8e03) x28 0x00000000 mem 0x80013587
core   0: 0x800080c6 (0xfefe8823) sb      a5, -16(t4)
core   0: 3 0x800080c6 (0xfefe8823) mem 0x80013587 0x0
core   0: 0x800080ca (0x0000c517) auipc   a0, 0xc
core   0: 3 0x800080ca (0x0000c517) x10 0x800140ca
core   0: 0x800080ce (0x0e950513) addi    a0, a0, 233
core   0: 3 0x800080ce (0x0e950513) x10 0x800141b3
core   0: 0x800080d2 (0xfbd52203) lw      tp, -67(a0)
core   0: 3 0x800080d2 (0xfbd52203) x 4 0x00000000 mem 0x80014170
core   0: 0x800080d6 (0xfeb50e23) sb      a1, -4(a0)
core   0: 3 0x800080d6 (0xfeb50e23) mem 0x800141af 0xe4
core   0: 0x800080da (0x00f8cfb3) xor     t6, a7, a5
core   0: 3 0x800080da (0x00f8cfb3) x31 0x00000000
core   0: 0x800080de (0x00006115) c.addi16sp sp, 288
core   0: 3 0x800080de (0x6115) x 2 0x00000120
core   0: 0x800080e0 (0xff5505a3) sb      s5, -21(a0)
core   0: 3 0x800080e0 (0xff5505a3) mem 0x8001419e 0x9
core   0: 0x800080e4 (0xfc654383) lbu     t2, -58(a0)
core   0: 3 0x800080e4 (0xfc654383) x 7 0x00000000 mem 0x80014179
core   0: 0x800080e8 (0xf2b51f83) lh      t6, -213(a0)
core   0: 3 0x800080e8 (0xf2b51f83) x31 0x00000000 mem 0x800140de
core   0: 0x800080ec (0x014d1793) slli    a5, s10, 20
core   0: 3 0x800080ec (0x014d1793) x15 0x00000000
core   0: 0x800080f0 (0xf9952903) lw      s2, -103(a0)
core   0: 3 0x800080f0 (0xf9952903) x18 0x00000000 mem 0x8001414c
core   0: 0x800080f4 (0x0de50283) lb      t0, 222(a0)
core   0: 3 0x800080f4 (0x0de50283) x 5 0x00000000 mem 0x80014291
core   0: 0x800080f8 (0xf9a50aa3) sb      s10, -107(a0)
core   0: 3 0x800080f8 (0xf9a50aa3) mem 0x80014148 0x0
core   0: 0x800080fc (0xf7b54e83) lbu     t4, -133(a0)
core   0: 3 0x800080fc (0xf7b54e83) x29 0x00000000 mem 0x8001412e
core   0: 0x80008100 (0x0a4506a3) sb      tp, 173(a0)
core   0: 3 0x80008100 (0x0a4506a3) mem 0x80014260 0x0
core   0: 0x80008104 (0x0de50603) lb      a2, 222(a0)
core   0: 3 0x80008104 (0x0de50603) x12 0x00000000 mem 0x80014291
core   0: 0x80008108 (0x05650103) lb      sp, 86(a0)
core   0: 3 0x80008108 (0x05650103) x 2 0x00000000 mem 0x80014209
core   0: 0x8000810c (0x003cecb3) or      s9, s9, gp
core   0: 3 0x8000810c (0x003cecb3) x25 0xc0013bfd
core   0: 0x80008110 (0x0000717d) c.addi16sp sp, -16
core   0: 3 0x80008110 (0x717d) x 2 0xfffffff0
core   0: 0x80008112 (0x03a27333) remu    t1, tp, s10
core   0: 3 0x80008112 (0x03a27333) x 6 0x00000000
core   0: 0x80008116 (0x0b650a03) lb      s4, 182(a0)
core   0: 3 0x80008116 (0x0b650a03) x20 0x00000000 mem 0x80014269
core   0: 0x8000811a (0xf6355383) lhu     t2, -157(a0)
core   0: 3 0x8000811a (0xf6355383) x 7 0x00000000 mem 0x80014116
core   0: 0x8000811e (0xf7454c03) lbu     s8, -140(a0)
core   0: 3 0x8000811e (0xf7454c03) x24 0x00000000 mem 0x80014127
core   0: 0x80008122 (0x0bb51d03) lh      s10, 187(a0)
core   0: 3 0x80008122 (0x0bb51d03) x26 0x00000000 mem 0x8001426e
core   0: 0x80008126 (0x0ff0000f) fence   iorw,iorw
core   0: 3 0x80008126 (0x0ff0000f)
core   0: 0x8000812a (0x0c750a03) lb      s4, 199(a0)
core   0: 3 0x8000812a (0x0c750a03) x20 0x00000000 mem 0x8001427a
core   0: 0x8000812e (0xf68509a3) sb      s0, -141(a0)
core   0: 3 0x8000812e (0xf68509a3) mem 0x80014126 0x0
core   0: 0x80008132 (0x05654783) lbu     a5, 86(a0)
core   0: 3 0x80008132 (0x05654783) x15 0x00000000 mem 0x80014209
core   0: 0x80008136 (0x05550423) sb      s5, 72(a0)
core   0: 3 0x80008136 (0x05550423) mem 0x800141fb 0x9
core   0: 0x8000813a (0x0ff0000f) fence   iorw,iorw
core   0: 3 0x8000813a (0x0ff0000f)
core   0: 0x8000813e (0x002389b3) add     s3, t2, sp
core   0: 3 0x8000813e (0x002389b3) x19 0xfffffff0
core   0: 0x80008142 (0x00f141b3) xor     gp, sp, a5
core   0: 3 0x80008142 (0x00f141b3) x 3 0xfffffff0
core   0: 0x80008146 (0x00b50aa3) sb      a1, 21(a0)
core   0: 3 0x80008146 (0x00b50aa3) mem 0x800141c8 0xe4
core   0: 0x8000814a (0xf7355783) lhu     a5, -141(a0)
core   0: 3 0x8000814a (0xf7355783) x15 0x00000000 mem 0x80014126
core   0: 0x8000814e (0xf5550183) lb      gp, -171(a0)
core   0: 3 0x8000814e (0xf5550183) x 3 0x00000000 mem 0x80014108
core   0: 0x80008152 (0x09f51c03) lh      s8, 159(a0)
core   0: 3 0x80008152 (0x09f51c03) x24 0x00000000 mem 0x80014252
core   0: 0x80008156 (0x032510a3) sh      s2, 33(a0)
core   0: 3 0x80008156 (0x032510a3) mem 0x800141d4 0x0000
core   0: 0x8000815a (0x02d6b633) mulhu   a2, a3, a3
core   0: 3 0x8000815a (0x02d6b633) x12 0xfffffffe
core   0: 0x8000815e (0x04f51683) lh      a3, 79(a0)
core   0: 3 0x8000815e (0x04f51683) x13 0x00000000 mem 0x80014202
core   0: 0x80008162 (0x00019c17) auipc   s8, 0x19
core   0: 3 0x80008162 (0x00019c17) x24 0x80021162
core   0: 0x80008166 (0x135c0c13) addi    s8, s8, 309
core   0: 3 0x80008166 (0x135c0c13) x24 0x80021297
core   0: 0x8000816a (0xea2c4c83) lbu     s9, -350(s8)
core   0: 3 0x8000816a (0xea2c4c83) x25 0x00000000 mem 0x80021139
core   0: 0x8000816e (0x5a0c0003) lb      zero, 1440(s8)
core   0: 3 0x8000816e (0x5a0c0003) mem 0x80021837
core   0: 0x80008172 (0x00000eed) c.addi  t4, 27
core   0: 3 0x80008172 (0x0eed) x29 0x0000001b
core   0: 0x80008174 (0x187c4b03) lbu     s6, 391(s8)
core   0: 3 0x80008174 (0x187c4b03) x22 0x00000000 mem 0x8002141e
core   0: 0x80008178 (0x5f7c4683) lbu     a3, 1527(s8)
core   0: 3 0x80008178 (0x5f7c4683) x13 0x00000000 mem 0x8002188e
core   0: 0x8000817c (0x76bc4803) lbu     a6, 1899(s8)
core   0: 3 0x8000817c (0x76bc4803) x16 0x00000000 mem 0x80021a02
core   0: 0x80008180 (0x06fc0783) lb      a5, 111(s8)
core   0: 3 0x80008180 (0x06fc0783) x15 0x00000000 mem 0x80021306
core   0: 0x80008184 (0x00008f9d) c.sub   a5, a5
core   0: 3 0x80008184 (0x8f9d) x15 0x00000000
core   0: 0x80008186 (0x6d4c4403) lbu     s0, 1748(s8)
core   0: 3 0x80008186 (0x6d4c4403) x 8 0x00000000 mem 0x8002196b
core   0: 0x8000818a (0x7d2c0983) lb      s3, 2002(s8)
core   0: 3 0x8000818a (0x7d2c0983) x19 0x00000000 mem 0x80021a69
core   0: 0x8000818e (0x00000276) c.slli  tp, 29
core   0: 3 0x8000818e (0x0276) x 4 0x00000000
core   0: 0x80008190 (0x069c0403) lb      s0, 105(s8)
core   0: 3 0x80008190 (0x069c0403) x 8 0x00000000 mem 0x80021300
core   0: 0x80008194 (0x649c0023) sb      s1, 1600(s8)
core   0: 3 0x80008194 (0x649c0023) mem 0x800218d7 0x0
core   0: 0x80008198 (0x03f4e3b3) rem     t2, s1, t6
core   0: 3 0x80008198 (0x03f4e3b3) x 7 0x00000000
core   0: 0x8000819c (0x114c4683) lbu     a3, 276(s8)
core   0: 3 0x8000819c (0x114c4683) x13 0x00000000 mem 0x800213ab
core   0: 0x800081a0 (0x00491533) sll     a0, s2, tp
core   0: 3 0x800081a0 (0x00491533) x10 0x00000000
core   0: 0x800081a4 (0x216c17a3) sh      s6, 527(s8)
core   0: 3 0x800081a4 (0x216c17a3) mem 0x800214a6 0x0000
core   0: 0x800081a8 (0xedbc0623) sb      s11, -308(s8)
core   0: 3 0x800081a8 (0xedbc0623) mem 0x80021163 0x1
core   0: 0x800081ac (0xf2bc0283) lb      t0, -213(s8)
core   0: 3 0x800081ac (0xf2bc0283) x 5 0x00000000 mem 0x800211c2
core   0: 0x800081b0 (0xb5c28213) addi    tp, t0, -1188
core   0: 3 0x800081b0 (0xb5c28213) x 4 0xfffffb5c
core   0: 0x800081b4 (0x12cc4d03) lbu     s10, 300(s8)
core   0: 3 0x800081b4 (0x12cc4d03) x26 0x00000000 mem 0x800213c3
core   0: 0x800081b8 (0x590c0603) lb      a2, 1424(s8)
core   0: 3 0x800081b8 (0x590c0603) x12 0x00000000 mem 0x80021827
core   0: 0x800081bc (0xfa6c4783) lbu     a5, -90(s8)
core   0: 3 0x800081bc (0xfa6c4783) x15 0x00000000 mem 0x8002123d
core   0: 0x800081c0 (0x72ec1aa3) sh      a4, 1845(s8)
core   0: 3 0x800081c0 (0x72ec1aa3) mem 0x800219cc 0x8e58
core   0: 0x800081c4 (0x000057fd) c.li    a5, -1
core   0: 3 0x800081c4 (0x57fd) x15 0xffffffff
core   0: 0x800081c6 (0x00b357b3) srl     a5, t1, a1
core   0: 3 0x800081c6 (0x00b357b3) x15 0x00000000
core   0: 0x800081ca (0xa14c4403) lbu     s0, -1516(s8)
core   0: 3 0x800081ca (0xa14c4403) x 8 0x00000000 mem 0x80020cab
core   0: 0x800081ce (0x01848bb3) add     s7, s1, s8
core   0: 3 0x800081ce (0x01848bb3) x23 0x80021297
core   0: 0x800081d2 (0x793c1003) lh      zero, 1939(s8)
core   0: 3 0x800081d2 (0x793c1003) mem 0x80021a2a
core   0: 0x800081d6 (0x41ec0603) lb      a2, 1054(s8)
core   0: 3 0x800081d6 (0x41ec0603) x12 0x00000000 mem 0x800216b5
core   0: 0x800081da (0x0ff0000f) fence   iorw,iorw
core   0: 3 0x800081da (0x0ff0000f)
core   0: 0x800081de (0x000083b1) c.srli  a5, 12
core   0: 3 0x800081de (0x83b1) x15 0x00000000
core   0: 0x800081e0 (0x00008fe5) c.and   a5, s1
core   0: 3 0x800081e0 (0x8fe5) x15 0x00000000
core   0: 0x800081e2 (0x00b87033) and     zero, a6, a1
core   0: 3 0x800081e2 (0x00b87033)
core   0: 0x800081e6 (0x9d5c0e23) sb      s5, -1572(s8)
core   0: 3 0x800081e6 (0x9d5c0e23) mem 0x80020c73 0x9
core   0: 0x800081ea (0x0c4c4003) lbu     zero, 196(s8)
core   0: 3 0x800081ea (0x0c4c4003) mem 0x8002135b
core   0: 0x800081ee (0x000064f5) c.lui   s1, 0x1d
core   0: 3 0x800081ee (0x64f5) x 9 0x0001d000
core   0: 0x800081f0 (0xaacc11a3) sh      a2, -1373(s8)
core   0: 3 0x800081f0 (0xaacc11a3) mem 0x80020d3a 0x0000
core   0: 0x800081f4 (0x0000100f) fence.i
core   0: 3 0x800081f4 (0x0000100f)
core   0: 0x800081f8 (0x0ff0000f) fence   iorw,iorw
core   0: 3 0x800081f8 (0x0ff0000f)
core   0: 0x800081fc (0xc76c4983) lbu     s3, -906(s8)
core   0: 3 0x800081fc (0xc76c4983) x19 0x00000000 mem 0x80020f0d
core   0: 0x80008200 (0x5e2c0003) lb      zero, 1506(s8)
core   0: 3 0x80008200 (0x5e2c0003) mem 0x80021879
core   0: 0x80008204 (0x6eec0b23) sb      a4, 1782(s8)
core   0: 3 0x80008204 (0x6eec0b23) mem 0x8002198d 0x58
core   0: 0x80008208 (0x02664a33) div     s4, a2, t1
core   0: 3 0x80008208 (0x02664a33) x20 0xffffffff
core   0: 0x8000820c (0x0000717d) c.addi16sp sp, -16
core   0: 3 0x8000820c (0x717d) x 2 0xffffffe0
core   0: 0x8000820e (0x00009d52) c.add   s10, s4
core   0: 3 0x8000820e (0x9d52) x26 0xffffffff
core   0: 0x80008210 (0x03e02333) mulhsu  t1, zero, t5
core   0: 3 0x80008210 (0x03e02333) x 6 0x00000000
core   0: 0x80008214 (0x6b3c0aa3) sb      s3, 1717(s8)
core   0: 3 0x80008214 (0x6b3c0aa3) mem 0x8002194c 0x0
core   0: 0x80008218 (0x23ec0b03) lb      s6, 574(s8)
core   0: 3 0x80008218 (0x23ec0b03) x22 0x00000000 mem 0x800214d5
core   0: 0x8000821c (0x0000c117) auipc   sp, 0xc
core   0: 3 0x8000821c (0x0000c117) x 2 0x8001421c
core   0: 0x80008220 (0xa8910113) addi    sp, sp, -1399
core   0: 3 0x80008220 (0xa8910113) x 2 0x80013ca5
core   0: 0x80008224 (0x02714b83) lbu     s7, 39(sp)
core   0: 3 0x80008224 (0x02714b83) x23 0x00000000 mem 0x80013ccc
core   0: 0x80008228 (0x03e4c2b3) div     t0, s1, t5
core   0: 3 0x80008228 (0x03e4c2b3) x 5 0x00000000
core   0: 0x8000822c (0x00dc7433) and     s0, s8, a3
core   0: 3 0x8000822c (0x00dc7433) x 8 0x00000000
core   0: 0x80008230 (0x03312fa3) sw      s3, 63(sp)
core   0: 3 0x80008230 (0x03312fa3) mem 0x80013ce4 0x00000000
core   0: 0x80008234 (0x00008559) c.srai  a0, 22
core   0: 3 0x80008234 (0x8559) x10 0x00000000
core   0: 0x80008236 (0x02410ea3) sb      tp, 61(sp)
core   0: 3 0x80008236 (0x02410ea3) mem 0x80013ce2 0x5c
core   0: 0x8000823a (0xfe710823) sb      t2, -16(sp)
core   0: 3 0x8000823a (0xfe710823) mem 0x80013c95 0x0
core   0: 0x8000823e (0xfc014183) lbu     gp, -64(sp)
core   0: 3 0x8000823e (0xfc014183) x 3 0x0000008e mem 0x80013c65
core   0: 0x80008242 (0x013eb333) sltu    t1, t4, s3
core   0: 3 0x80008242 (0x013eb333) x 6 0x00000000
core   0: 0x80008246 (0x000001fa) c.slli  gp, 30
core   0: 3 0x80008246 (0x01fa) x 3 0x80000000
core   0: 0x80008248 (0xff210c83) lb      s9, -14(sp)
core   0: 3 0x80008248 (0xff210c83) x25 0x00000000 mem 0x80013c97
core   0: 0x8000824c (0xfcb11503) lh      a0, -53(sp)
core   0: 3 0x8000824c (0xfcb11503) x10 0x00000000 mem 0x80013c70
core   0: 0x80008250 (0x000ad793) srli    a5, s5, 0
core   0: 3 0x80008250 (0x000ad793) x15 0x00000009
core   0: 0x80008254 (0x02c367b3) rem     a5, t1, a2
core   0: 3 0x80008254 (0x02c367b3) x15 0x00000000
core   0: 0x80008258 (0xfcb11283) lh      t0, -53(sp)
core   0: 3 0x80008258 (0xfcb11283) x 5 0x00000000 mem 0x80013c70
core   0: 0x8000825c (0xff612ba3) sw      s6, -9(sp)
core   0: 3 0x8000825c (0xff612ba3) mem 0x80013c9c 0x00000000
core   0: 0x80008260 (0xfcb10c23) sb      a1, -40(sp)
core   0: 3 0x80008260 (0xfcb10c23) mem 0x80013c7d 0xe4
core   0: 0x80008264 (0x00d9b233) sltu    tp, s3, a3
core   0: 3 0x80008264 (0x00d9b233) x 4 0x00000000
core   0: 0x80008268 (0x40f181b3) sub     gp, gp, a5
core   0: 3 0x80008268 (0x40f181b3) x 3 0x80000000
core   0: 0x8000826c (0x0eae9cb7) lui     s9, 0xeae9
core   0: 3 0x8000826c (0x0eae9cb7) x25 0x0eae9000
core   0: 0x80008270 (0xfd910303) lb      t1, -39(sp)
core   0: 3 0x80008270 (0xfd910303) x 6 0x00000000 mem 0x80013c7e
core   0: 0x80008274 (0xff410223) sb      s4, -28(sp)
core   0: 3 0x80008274 (0xff410223) mem 0x80013c89 0xff
core   0: 0x80008278 (0x0ff0000f) fence   iorw,iorw
core   0: 3 0x80008278 (0x0ff0000f)
core   0: 0x8000827c (0x03414e83) lbu     t4, 52(sp)
core   0: 3 0x8000827c (0x03414e83) x29 0x00000000 mem 0x80013cd9
core   0: 0x80008280 (0xfe511e03) lh      t3, -27(sp)
core   0: 3 0x80008280 (0xfe511e03) x28 0x00000000 mem 0x80013c8a
core   0: 0x80008284 (0x00008cc1) c.or    s1, s0
core   0: 3 0x80008284 (0x8cc1) x 9 0x0001d000
core   0: 0x80008286 (0x031c9633) mulh    a2, s9, a7
core   0: 3 0x80008286 (0x031c9633) x12 0x00000000
core   0: 0x8000828a (0xfcd15e83) lhu     t4, -51(sp)
core   0: 3 0x8000828a (0xfcd15e83) x29 0x00000000 mem 0x80013c72
core   0: 0x8000828e (0x01210303) lb      t1, 18(sp)
core   0: 3 0x8000828e (0x01210303) x 6 0x00000000 mem 0x80013cb7
core   0: 0x80008292 (0xfcc14503) lbu     a0, -52(sp)
core   0: 3 0x80008292 (0xfcc14503) x10 0x00000000 mem 0x80013c71
core   0: 0x80008296 (0xffe14c03) lbu     s8, -2(sp)
core   0: 3 0x80008296 (0xffe14c03) x24 0x00000000 mem 0x80013ca3
core   0: 0x8000829a (0xfed11303) lh      t1, -19(sp)
core   0: 3 0x8000829a (0xfed11303) x 6 0xffff8002 mem 0x80013c92
core   0: 0x8000829e (0xd3063093) sltiu   ra, a2, -720
core   0: 3 0x8000829e (0xd3063093) x 1 0x00000001
core   0: 0x800082a2 (0xfda10a23) sb      s10, -44(sp)
core   0: 3 0x800082a2 (0xfda10a23) mem 0x80013c79 0xff
core   0: 0x800082a6 (0x339e6b93) ori     s7, t3, 825
core   0: 3 0x800082a6 (0x339e6b93) x23 0x00000339
core   0: 0x800082aa (0x00810b23) sb      s0, 22(sp)
core   0: 3 0x800082aa (0x00810b23) mem 0x80013cbb 0x0
core   0: 0x800082ae (0x00a64db3) xor     s11, a2, a0
core   0: 3 0x800082ae (0x00a64db3) x27 0x00000000
core   0: 0x800082b2 (0xfe0109a3) sb      zero, -13(sp)
core   0: 3 0x800082b2 (0xfe0109a3) mem 0x80013c98 0x0
core   0: 0x800082b6 (0x01bc3033) sltu    zero, s8, s11
core   0: 3 0x800082b6 (0x01bc3033)
core   0: 0x800082ba (0x008beeb3) or      t4, s7, s0
core   0: 3 0x800082ba (0x008beeb3) x29 0x00000339
core   0: 0x800082be (0xfb020b17) auipc   s6, 0xfb020
core   0: 3 0x800082be (0xfb020b17) x22 0x7b0282be
core   0: 0x800082c2 (0x03311403) lh      s0, 51(sp)
core   0: 3 0x800082c2 (0x03311403) x 8 0x00000000 mem 0x80013cd8
core   0: 0x800082c6 (0x03ec34b3) mulhu   s1, s8, t5
core   0: 3 0x800082c6 (0x03ec34b3) x 9 0x00000000
core   0: 0x800082ca (0x03e14203) lbu     tp, 62(sp)
core   0: 3 0x800082ca (0x03e14203) x 4 0x00000000 mem 0x80013ce3
core   0: 0x800082ce (0x03a14183) lbu     gp, 58(sp)
core   0: 3 0x800082ce (0x03a14183) x 3 0x00000000 mem 0x80013cdf
core   0: 0x800082d2 (0x00312683) lw      a3, 3(sp)
core   0: 3 0x800082d2 (0x00312683) x13 0x00000000 mem 0x80013ca8
core   0: 0x800082d6 (0x03110ea3) sb      a7, 61(sp)
core   0: 3 0x800082d6 (0x03110ea3) mem 0x80013ce2 0x0
core   0: 0x800082da (0x03e10a23) sb      t5, 52(sp)
core   0: 3 0x800082da (0x03e10a23) mem 0x80013cd9 0x0
core   0: 0x800082de (0x0001a397) auipc   t2, 0x1a
core   0: 3 0x800082de (0x0001a397) x 7 0x800222de
core   0: 0x800082e2 (0x60b38393) addi    t2, t2, 1547
core   0: 3 0x800082e2 (0x60b38393) x 7 0x800228e9
core   0: 0x800082e6 (0x2943c183) lbu     gp, 660(t2)
core   0: 3 0x800082e6 (0x2943c183) x 3 0x00000000 mem 0x80022b7d
core   0: 0x800082ea (0x0000b797) auipc   a5, 0xb
core   0: 3 0x800082ea (0x0000b797) x15 0x800132ea
core   0: 0x800082ee (0xe4178793) addi    a5, a5, -447
core   0: 3 0x800082ee (0xe4178793) x15 0x8001312b
core   0: 0x800082f2 (0x21038223) sb      a6, 516(t2)
core   0: 3 0x800082f2 (0x21038223) mem 0x80022aed 0x0
core   0: 0x800082f6 (0xfc07c103) lbu     sp, -64(a5)
core   0: 3 0x800082f6 (0xfc07c103) x 2 0x00000000 mem 0x800130eb
core   0: 0x800082fa (0x0027cf83) lbu     t6, 2(a5)
core   0: 3 0x800082fa (0x0027cf83) x31 0x00000000 mem 0x8001312d
core   0: 0x800082fe (0x147380a3) sb      t2, 321(t2)
core   0: 3 0x800082fe (0x147380a3) mem 0x80022a2a 0xe9
core   0: 0x80008302 (0x04878423) sb      s0, 72(a5)
core   0: 3 0x80008302 (0x04878423) mem 0x80013173 0x0
core   0: 0x80008306 (0x5d138283) lb      t0, 1489(t2)
core   0: 3 0x80008306 (0x5d138283) x 5 0x00000000 mem 0x80022eba
core   0: 0x8000830a (0xf5338da3) sb      s3, -165(t2)
core   0: 3 0x8000830a (0xf5338da3) mem 0x80022844 0x0
core   0: 0x8000830e (0xf6278c83) lb      s9, -158(a5)
core   0: 3 0x8000830e (0xf6278c83) x25 0x00000000 mem 0x8001308d
core   0: 0x80008312 (0x7be3c403) lbu     s0, 1982(t2)
core   0: 3 0x80008312 (0x7be3c403) x 8 0x00000000 mem 0x800230a7
core   0: 0x80008316 (0x05678b23) sb      s6, 86(a5)
core   0: 3 0x80008316 (0x05678b23) mem 0x80013181 0xbe
core   0: 0x8000831a (0x3df3a603) lw      a2, 991(t2)
core   0: 3 0x8000831a (0x3df3a603) x12 0x00000000 mem 0x80022cc8
core   0: 0x8000831e (0x0297c003) lbu     zero, 41(a5)
core   0: 3 0x8000831e (0x0297c003) mem 0x80013154
core   0: 0x80008322 (0xb3a39aa3) sh      s10, -1227(t2)
core   0: 3 0x80008322 (0xb3a39aa3) mem 0x8002241e 0xffff
core   0: 0x80008326 (0x09078c03) lb      s8, 144(a5)
core   0: 3 0x80008326 (0x09078c03) x24 0x00000000 mem 0x800131bb
core   0: 0x8000832a (0x5f13c603) lbu     a2, 1521(t2)
core   0: 3 0x8000832a (0x5f13c603) x12 0x00000000 mem 0x80022eda
core   0: 0x8000832e (0x0fd78003) lb      zero, 253(a5)
core   0: 3 0x8000832e (0x0fd78003) mem 0x80013228
core   0: 0x80008332 (0xbd23ca03) lbu     s4, -1070(t2)
core   0: 3 0x80008332 (0xbd23ca03) x20 0x00000000 mem 0x800224bb
core   0: 0x80008336 (0x0000ce17) auipc   t3, 0xc
core   0: 3 0x80008336 (0x0000ce17) x28 0x80014336
core   0: 0x8000833a (0xbade0e13) addi    t3, t3, -1107
core   0: 3 0x8000833a (0xbade0e13) x28 0x80013ee3
core   0: 0x8000833e (0xf69e2883) lw      a7, -151(t3)
core   0: 3 0x8000833e (0xf69e2883) x17 0x00000000 mem 0x80013e4c
core   0: 0x80008342 (0xf3be1083) lh      ra, -197(t3)
core   0: 3 0x80008342 (0xf3be1083) x 1 0x00000000 mem 0x80013e1e
core   0: 0x80008346 (0xf56e0323) sb      s6, -186(t3)
core   0: 3 0x80008346 (0xf56e0323) mem 0x80013e29 0xbe
core   0: 0x8000834a (0xf46e0983) lb      s3, -186(t3)
core   0: 3 0x8000834a (0xf46e0983) x19 0xffffffbe mem 0x80013e29
core   0: 0x8000834e (0xf46e0a03) lb      s4, -186(t3)
core   0: 3 0x8000834e (0xf46e0a03) x20 0xffffffbe mem 0x80013e29
core   0: 0x80008352 (0xfa9e2203) lw      tp, -87(t3)
core   0: 3 0x80008352 (0xfa9e2203) x 4 0xffffffbe mem 0x80013e8c
core   0: 0x80008356 (0xfbce04a3) sb      t3, -87(t3)
core   0: 3 0x80008356 (0xfbce04a3) mem 0x80013e8c 0xe3
core   0: 0x8000835a (0xfb3e24a3) sw      s3, -87(t3)
core   0: 3 0x8000835a (0xfb3e24a3) mem 0x80013e8c 0xffffffbe
core   0: 0x8000835e (0xfdfe0b23) sb      t6, -42(t3)
core   0: 3 0x8000835e (0xfdfe0b23) mem 0x80013eb9 0x0
core   0: 0x80008362 (0xfd6e0783) lb      a5, -42(t3)
core   0: 3 0x80008362 (0xfd6e0783) x15 0x00000000 mem 0x80013eb9
core   0: 0x80008366 (0x04be4383) lbu     t2, 75(t3)
core   0: 3 0x80008366 (0x04be4383) x 7 0x00000000 mem 0x80013f2e
core   0: 0x8000836a (0x00008d35) c.xor   a0, a3
core   0: 3 0x8000836a (0x8d35) x10 0x00000000
core   0: 0x8000836c (0x011e0d23) sb      a7, 26(t3)
core   0: 3 0x8000836c (0x011e0d23) mem 0x80013efd 0x0
core   0: 0x80008370 (0x01ae0083) lb      ra, 26(t3)
core   0: 3 0x80008370 (0x01ae0083) x 1 0x00000000 mem 0x80013efd
core   0: 0x80008374 (0xb3f98c93) addi    s9, s3, -1217
core   0: 3 0x80008374 (0xb3f98c93) x25 0xfffffafd
core   0: 0x80008378 (0x009e2203) lw      tp, 9(t3)
core   0: 3 0x80008378 (0x009e2203) x 4 0x00000000 mem 0x80013eec
core   0: 0x8000837c (0x009e2783) lw      a5, 9(t3)
core   0: 3 0x8000837c (0x009e2783) x15 0x00000000 mem 0x80013eec
core   0: 0x80008380 (0x00d06433) or      s0, zero, a3
core   0: 3 0x80008380 (0x00d06433) x 8 0x00000000
core   0: 0x80008384 (0xf93e1e83) lh      t4, -109(t3)
core   0: 3 0x80008384 (0xf93e1e83) x29 0x00000000 mem 0x80013e76
core   0: 0x80008388 (0x0000b117) auipc   sp, 0xb
core   0: 3 0x80008388 (0x0000b117) x 2 0x80013388
core   0: 0x8000838c (0xf5610113) addi    sp, sp, -170
core   0: 3 0x8000838c (0xf5610113) x 2 0x800132de
core   0: 0x80008390 (0xffd10f83) lb      t6, -3(sp)
core   0: 3 0x80008390 (0xffd10f83) x31 0x00000000 mem 0x800132db
core   0: 0x80008394 (0xfff14e03) lbu     t3, -1(sp)
core   0: 3 0x80008394 (0xfff14e03) x28 0x00000000 mem 0x800132dd
core   0: 0x80008398 (0x00f10603) lb      a2, 15(sp)
core   0: 3 0x80008398 (0x00f10603) x12 0x00000000 mem 0x800132ed
core   0: 0x8000839c (0x00b9d8b3) srl     a7, s3, a1
core   0: 3 0x8000839c (0x00b9d8b3) x17 0x0ffffffb
core   0: 0x800083a0 (0x00000001) c.nop
core   0: 3 0x800083a0 (0x0001)
core   0: 0x800083a2 (0xffb10ca3) sb      s11, -7(sp)
core   0: 3 0x800083a2 (0xffb10ca3) mem 0x800132d7 0x0
core   0: 0x800083a6 (0xff510ca3) sb      s5, -7(sp)
core   0: 3 0x800083a6 (0xff510ca3) mem 0x800132d7 0x9
core   0: 0x800083aa (0xff914f83) lbu     t6, -7(sp)
core   0: 3 0x800083aa (0xff914f83) x31 0x00000009 mem 0x800132d7
core   0: 0x800083ae (0xff910e03) lb      t3, -7(sp)
core   0: 3 0x800083ae (0xff910e03) x28 0x00000009 mem 0x800132d7
core   0: 0x800083b2 (0xff110303) lb      t1, -15(sp)
core   0: 3 0x800083b2 (0xff110303) x 6 0x00000000 mem 0x800132cf
core   0: 0x800083b6 (0x016101a3) sb      s6, 3(sp)
core   0: 3 0x800083b6 (0x016101a3) mem 0x800132e1 0xbe
core   0: 0x800083ba (0xff811923) sh      s8, -14(sp)
core   0: 3 0x800083ba (0xff811923) mem 0x800132d0 0x0000
core   0: 0x800083be (0x414cd533) sra     a0, s9, s4
core   0: 3 0x800083be (0x414cd533) x10 0xffffffff
core   0: 0x800083c2 (0xfff14283) lbu     t0, -1(sp)
core   0: 3 0x800083c2 (0xfff14283) x 5 0x00000000 mem 0x800132dd
core   0: 0x800083c6 (0x00510283) lb      t0, 5(sp)
core   0: 3 0x800083c6 (0x00510283) x 5 0x00000000 mem 0x800132e3
core   0: 0x800083ca (0x00514183) lbu     gp, 5(sp)
core   0: 3 0x800083ca (0x00514183) x 3 0x00000000 mem 0x800132e3
core   0: 0x800083ce (0x00d102a3) sb      a3, 5(sp)
core   0: 3 0x800083ce (0x00d102a3) mem 0x800132e3 0x0
core   0: 0x800083d2 (0xffe11303) lh      t1, -2(sp)
core   0: 3 0x800083d2 (0xffe11303) x 6 0x00000000 mem 0x800132dc
core   0: 0x800083d6 (0xffe14d03) lbu     s10, -2(sp)
core   0: 3 0x800083d6 (0xffe14d03) x26 0x00000000 mem 0x800132dc
core   0: 0x800083da (0x00af7db3) and     s11, t5, a0
core   0: 3 0x800083da (0x00af7db3) x27 0x80000000
core   0: 0x800083de (0x00415d03) lhu     s10, 4(sp)
core   0: 3 0x800083de (0x00415d03) x26 0x00000000 mem 0x800132e2
core   0: 0x800083e2 (0xffe11683) lh      a3, -2(sp)
core   0: 3 0x800083e2 (0xffe11683) x13 0x00000000 mem 0x800132dc
core   0: 0x800083e6 (0x0001b117) auipc   sp, 0x1b
core   0: 3 0x800083e6 (0x0001b117) x 2 0x800233e6
core   0: 0x800083ea (0x3e910113) addi    sp, sp, 1001
core   0: 3 0x800083ea (0x3e910113) x 2 0x800237cf
core   0: 0x800083ee (0x009f2533) slt     a0, t5, s1
core   0: 3 0x800083ee (0x009f2533) x10 0x00000001
core   0: 0x800083f2 (0x41fadd93) srai    s11, s5, 31
core   0: 3 0x800083f2 (0x41fadd93) x27 0x00000000
core   0: 0x800083f6 (0xffd11603) lh      a2, -3(sp)
core   0: 3 0x800083f6 (0xffd11603) x12 0x00004200 mem 0x800237cc
core   0: 0x800083fa (0xffd12d83) lw      s11, -3(sp)
core   0: 3 0x800083fa (0xffd12d83) x27 0x00004200 mem 0x800237cc
core   0: 0x800083fe (0x00810c83) lb      s9, 8(sp)
core   0: 3 0x800083fe (0x00810c83) x25 0x00000000 mem 0x800237d7
core   0: 0x80008402 (0x00610823) sb      t1, 16(sp)
core   0: 3 0x80008402 (0x00610823) mem 0x800237df 0x0
core   0: 0x80008406 (0xff910b23) sb      s9, -10(sp)
core   0: 3 0x80008406 (0xff910b23) mem 0x800237c5 0x0
core   0: 0x8000840a (0x00008f91) c.sub   a5, a2
core   0: 3 0x8000840a (0x8f91) x15 0xffffbe00
core   0: 0x8000840c (0x01010d83) lb      s11, 16(sp)
core   0: 3 0x8000840c (0x01010d83) x27 0x00000000 mem 0x800237df
core   0: 0x80008410 (0x01064b33) xor     s6, a2, a6
core   0: 3 0x80008410 (0x01064b33) x22 0x00004200
core   0: 0x80008414 (0x01a115a3) sh      s10, 11(sp)
core   0: 3 0x80008414 (0x01a115a3) mem 0x800237da 0x0000
core   0: 0x80008418 (0x8cbecc37) lui     s8, 0x8cbec
core   0: 3 0x80008418 (0x8cbecc37) x24 0x8cbec000
core   0: 0x8000841c (0x00112883) lw      a7, 1(sp)
core   0: 3 0x8000841c (0x00112883) x17 0x8e580000 mem 0x800237d0
core   0: 0x80008420 (0xff614903) lbu     s2, -10(sp)
core   0: 3 0x80008420 (0xff614903) x18 0x00000000 mem 0x800237c5
core   0: 0x80008424 (0x01014e03) lbu     t3, 16(sp)
core   0: 3 0x80008424 (0x01014e03) x28 0x00000000 mem 0x800237df
core   0: 0x80008428 (0x01306e33) or      t3, zero, s3
core   0: 3 0x80008428 (0x01306e33) x28 0xffffffbe
core   0: 0x8000842c (0x00010d03) lb      s10, 0(sp)
core   0: 3 0x8000842c (0x00010d03) x26 0x00000000 mem 0x800237cf
core   0: 0x80008430 (0x00000001) c.nop
core   0: 3 0x80008430 (0x0001)
core   0: 0x80008432 (0x0000100f) fence.i
core   0: 3 0x80008432 (0x0000100f)
core   0: 0x80008436 (0x3b98cf93) xori    t6, a7, 953
core   0: 3 0x80008436 (0x3b98cf93) x31 0x8e5803b9
core   0: 0x8000843a (0xff414303) lbu     t1, -12(sp)
core   0: 3 0x8000843a (0xff414303) x 6 0x00000000 mem 0x800237c3
core   0: 0x8000843e (0x414d0b33) sub     s6, s10, s4
core   0: 3 0x8000843e (0x414d0b33) x22 0x00000042
core   0: 0x80008442 (0x00410323) sb      tp, 6(sp)
core   0: 3 0x80008442 (0x00410323) mem 0x800237d5 0x0
core   0: 0x80008446 (0x00008799) c.srai  a5, 6
core   0: 3 0x80008446 (0x8799) x15 0xfffffef8
core   0: 0x80008448 (0x014b0bb3) add     s7, s6, s4
core   0: 3 0x80008448 (0x014b0bb3) x23 0x00000000
core   0: 0x8000844c (0x00005afd) c.li    s5, -1
core   0: 3 0x8000844c (0x5afd) x21 0xffffffff
core   0: 0x8000844e (0xfe411fa3) sh      tp, -1(sp)
core   0: 3 0x8000844e (0xfe411fa3) mem 0x800237ce 0x0000
core   0: 0x80008452 (0xff610c23) sb      s6, -8(sp)
core   0: 3 0x80008452 (0xff610c23) mem 0x800237c7 0x42
core   0: 0x80008456 (0x015106a3) sb      s5, 13(sp)
core   0: 3 0x80008456 (0x015106a3) mem 0x800237dc 0xff
core   0: 0x8000845a (0x00e111a3) sh      a4, 3(sp)
core   0: 3 0x8000845a (0x00e111a3) mem 0x800237d2 0x8e58
core   0: 0x8000845e (0x01010823) sb      a6, 16(sp)
core   0: 3 0x8000845e (0x01010823) mem 0x800237df 0x0
core   0: 0x80008462 (0xff610f23) sb      s6, -2(sp)
core   0: 3 0x80008462 (0xff610f23) mem 0x800237cd 0x42
core   0: 0x80008466 (0x00c14d03) lbu     s10, 12(sp)
core   0: 3 0x80008466 (0x00c14d03) x26 0x00000000 mem 0x800237db
core   0: 0x8000846a (0xff512083) lw      ra, -11(sp)
core   0: 3 0x8000846a (0xff512083) x 1 0x42000000 mem 0x800237c4
core   0: 0x8000846e (0x000b1693) slli    a3, s6, 0
core   0: 3 0x8000846e (0x000b1693) x13 0x00000042
core   0: 0x80008472 (0x01ad42b3) xor     t0, s10, s10
core   0: 3 0x80008472 (0x01ad42b3) x 5 0x00000000
core   0: 0x80008476 (0xff610203) lb      tp, -10(sp)
core   0: 3 0x80008476 (0xff610203) x 4 0x00000000 mem 0x800237c5
core   0: 0x8000847a (0x0000b417) auipc   s0, 0xb
core   0: 3 0x8000847a (0x0000b417) x 8 0x8001347a
core   0: 0x8000847e (0x44a40413) addi    s0, s0, 1098
core   0: 3 0x8000847e (0x44a40413) x 8 0x800138c4
core   0: 0x80008482 (0xffa41e03) lh      t3, -6(s0)
core   0: 3 0x80008482 (0xffa41e03) x28 0x00000000 mem 0x800138be
core   0: 0x80008486 (0xff944303) lbu     t1, -7(s0)
core   0: 3 0x80008486 (0xff944303) x 6 0x00000000 mem 0x800138bd
core   0: 0x8000848a (0xff240ca3) sb      s2, -7(s0)
core   0: 3 0x8000848a (0xff240ca3) mem 0x800138bd 0x0
core   0: 0x8000848e (0x00e41e03) lh      t3, 14(s0)
core   0: 3 0x8000848e (0x00e41e03) x28 0x00000000 mem 0x800138d2
core   0: 0x80008492 (0x0000c010) c.sw    a2, 0(s0)
core   0: 3 0x80008492 (0xc010) mem 0x800138c4 0x00004200
core   0: 0x80008494 (0x00042903) lw      s2, 0(s0)
core   0: 3 0x80008494 (0x00042903) x18 0x00004200 mem 0x800138c4
core   0: 0x80008498 (0x00744183) lbu     gp, 7(s0)
core   0: 3 0x80008498 (0x00744183) x 3 0x00000000 mem 0x800138cb
core   0: 0x8000849c (0xff644683) lbu     a3, -10(s0)
core   0: 3 0x8000849c (0xff644683) x13 0x00000018 mem 0x800138ba
core   0: 0x800084a0 (0xff641b03) lh      s6, -10(s0)
core   0: 3 0x800084a0 (0xff641b03) x22 0x00000018 mem 0x800138ba
core   0: 0x800084a4 (0x036c91b3) mulh    gp, s9, s6
core   0: 3 0x800084a4 (0x036c91b3) x 3 0x00000000
core   0: 0x800084a8 (0xffa40783) lb      a5, -6(s0)
core   0: 3 0x800084a8 (0xffa40783) x15 0x00000000 mem 0x800138be
core   0: 0x800084ac (0xffa41a03) lh      s4, -6(s0)
core   0: 3 0x800084ac (0xffa41a03) x20 0x00000000 mem 0x800138be
core   0: 0x800084b0 (0x0000b997) auipc   s3, 0xb
core   0: 3 0x800084b0 (0x0000b997) x19 0x800134b0
core   0: 0x800084b4 (0xcbd98993) addi    s3, s3, -835
core   0: 3 0x800084b4 (0xcbd98993) x19 0x8001316d
core   0: 0x800084b8 (0x000067a5) c.lui   a5, 0x9
core   0: 3 0x800084b8 (0x67a5) x15 0x00009000
core   0: 0x800084ba (0x04a98e23) sb      a0, 92(s3)
core   0: 3 0x800084ba (0x04a98e23) mem 0x800131c9 0x1
core   0: 0x800084be (0xf919d503) lhu     a0, -111(s3)
core   0: 3 0x800084be (0xf919d503) x10 0x00000000 mem 0x800130fe
core   0: 0x800084c2 (0xf9198083) lb      ra, -111(s3)
core   0: 3 0x800084c2 (0xf9198083) x 1 0x00000000 mem 0x800130fe
core   0: 0x800084c6 (0xf919cb83) lbu     s7, -111(s3)
core   0: 3 0x800084c6 (0xf919cb83) x23 0x00000000 mem 0x800130fe
core   0: 0x800084ca (0xf919dd83) lhu     s11, -111(s3)
core   0: 3 0x800084ca (0xf919dd83) x27 0x00000000 mem 0x800130fe
core   0: 0x800084ce (0x000082b1) c.srli  a3, 12
core   0: 3 0x800084ce (0x82b1) x13 0x00000000
core   0: 0x800084d0 (0x4b498c03) lb      s8, 1204(s3)
core   0: 3 0x800084d0 (0x4b498c03) x24 0x00000000 mem 0x80013621
core   0: 0x800084d4 (0x2e399383) lh      t2, 739(s3)
core   0: 3 0x800084d4 (0x2e399383) x 7 0x00000000 mem 0x80013450
core   0: 0x800084d8 (0x7d098a83) lb      s5, 2000(s3)
core   0: 3 0x800084d8 (0x7d098a83) x21 0x00000000 mem 0x8001393d
core   0: 0x800084dc (0x7d09c903) lbu     s2, 2000(s3)
core   0: 3 0x800084dc (0x7d09c903) x18 0x00000000 mem 0x8001393d
core   0: 0x800084e0 (0x53398ca3) sb      s3, 1337(s3)
core   0: 3 0x800084e0 (0x53398ca3) mem 0x800136a6 0x6d
core   0: 0x800084e4 (0xb5363c13) sltiu   s8, a2, -1197
core   0: 3 0x800084e4 (0xb5363c13) x24 0x00000001
core   0: 0x800084e8 (0x53999103) lh      sp, 1337(s3)
core   0: 3 0x800084e8 (0x53999103) x 2 0x0000006d mem 0x800136a6
core   0: 0x800084ec (0x52999ca3) sh      s1, 1337(s3)
core   0: 3 0x800084ec (0x52999ca3) mem 0x800136a6 0x0000
core   0: 0x800084f0 (0x53198ca3) sb      a7, 1337(s3)
core   0: 3 0x800084f0 (0x53198ca3) mem 0x800136a6 0x0
core   0: 0x800084f4 (0x0156ceb3) xor     t4, a3, s5
core   0: 3 0x800084f4 (0x0156ceb3) x29 0x00000000
core   0: 0x800084f8 (0x53998a83) lb      s5, 1337(s3)
core   0: 3 0x800084f8 (0x53998a83) x21 0x00000000 mem 0x800136a6
core   0: 0x800084fc (0x53998883) lb      a7, 1337(s3)
core   0: 3 0x800084fc (0x53998883) x17 0x00000000 mem 0x800136a6
core   0: 0x80008500 (0x5399dd03) lhu     s10, 1337(s3)
core   0: 3 0x80008500 (0x5399dd03) x26 0x00000000 mem 0x800136a6
core   0: 0x80008504 (0x00060333) add     t1, a2, zero
core   0: 3 0x80008504 (0x00060333) x 6 0x00004200
core   0: 0x80008508 (0x53999103) lh      sp, 1337(s3)
core   0: 3 0x80008508 (0x53999103) x 2 0x00000000 mem 0x800136a6
core   0: 0x8000850c (0x0000bb97) auipc   s7, 0xb
core   0: 3 0x8000850c (0x0000bb97) x23 0x8001350c
core   0: 0x80008510 (0x7d0b8b93) addi    s7, s7, 2000
core   0: 3 0x80008510 (0x7d0b8b93) x23 0x80013cdc
core   0: 0x80008514 (0x0000b497) auipc   s1, 0xb
core   0: 3 0x80008514 (0x0000b497) x 9 0x80013514
core   0: 0x80008518 (0x28848493) addi    s1, s1, 648
core   0: 3 0x80008518 (0x28848493) x 9 0x8001379c
core   0: 0x8000851c (0x0000b997) auipc   s3, 0xb
core   0: 3 0x8000851c (0x0000b997) x19 0x8001351c
core   0: 0x80008520 (0x48098993) addi    s3, s3, 1152
core   0: 3 0x80008520 (0x48098993) x19 0x8001399c
core   0: 0x80008524 (0xff4bdd83) lhu     s11, -12(s7)
core   0: 3 0x80008524 (0xff4bdd83) x27 0x0000fbae mem 0x80013cd0
core   0: 0x80008528 (0xff149b23) sh      a7, -10(s1)
core   0: 3 0x80008528 (0xff149b23) mem 0x80013792 0x0000
core   0: 0x8000852c (0xff5b8c83) lb      s9, -11(s7)
core   0: 3 0x8000852c (0xff5b8c83) x25 0xfffffffb mem 0x80013cd1
core   0: 0x80008530 (0x37398403) lb      s0, 883(s3)
core   0: 3 0x80008530 (0x37398403) x 8 0x00000000 mem 0x80013d0f
core   0: 0x80008534 (0xfcd4cc83) lbu     s9, -51(s1)
core   0: 3 0x80008534 (0xfcd4cc83) x25 0x00000000 mem 0x80013769
core   0: 0x80008538 (0xff0b89a3) sb      a6, -13(s7)
core   0: 3 0x80008538 (0xff0b89a3) mem 0x80013ccf 0x0
core   0: 0x8000853c (0x54a9cc83) lbu     s9, 1354(s3)
core   0: 3 0x8000853c (0x54a9cc83) x25 0x00000000 mem 0x80013ee6
core   0: 0x80008540 (0xff5bca03) lbu     s4, -11(s7)
core   0: 3 0x80008540 (0xff5bca03) x20 0x000000fb mem 0x80013cd1
core   0: 0x80008544 (0x427986a3) sb      t2, 1069(s3)
core   0: 3 0x80008544 (0x427986a3) mem 0x80013dc9 0x0
core   0: 0x80008548 (0xffb48b03) lb      s6, -5(s1)
core   0: 3 0x80008548 (0xffb48b03) x22 0xffffffbc mem 0x80013797
core   0: 0x8000854c (0x01eb9823) sh      t5, 16(s7)
core   0: 3 0x8000854c (0x01eb9823) mem 0x80013cec 0x0000
core   0: 0x80008550 (0xab398d23) sb      s3, -1350(s3)
core   0: 3 0x80008550 (0xab398d23) mem 0x80013456 0x9c
core   0: 0x80008554 (0x00cb9903) lh      s2, 12(s7)
core   0: 3 0x80008554 (0x00cb9903) x18 0x00000000 mem 0x80013ce8
core   0: 0x80008558 (0x99f9c903) lbu     s2, -1633(s3)
core   0: 3 0x80008558 (0x99f9c903) x18 0x00000000 mem 0x8001333b
core   0: 0x8000855c (0xd29982a3) sb      s1, -731(s3)
core   0: 3 0x8000855c (0xd29982a3) mem 0x800136c1 0x9c
core   0: 0x80008560 (0x0394cd83) lbu     s11, 57(s1)
core   0: 3 0x80008560 (0x0394cd83) x27 0x00000000 mem 0x800137d5
core   0: 0x80008564 (0x000bd403) lhu     s0, 0(s7)
core   0: 3 0x80008564 (0x000bd403) x 8 0x00000000 mem 0x80013cdc
core   0: 0x80008568 (0x01249323) sh      s2, 6(s1)
core   0: 3 0x80008568 (0x01249323) mem 0x800137a2 0x0000
core   0: 0x8000856c (0xfed4ca03) lbu     s4, -19(s1)
core   0: 3 0x8000856c (0xfed4ca03) x20 0x000000fd mem 0x80013789
core   0: 0x80008570 (0xfebb8b23) sb      a1, -10(s7)
core   0: 3 0x80008570 (0xfebb8b23) mem 0x80013cd2 0xe4
core   0: 0x80008574 (0xffd48b03) lb      s6, -3(s1)
core   0: 3 0x80008574 (0xffd48b03) x22 0x00000000 mem 0x80013799
core   0: 0x80008578 (0x005bc603) lbu     a2, 5(s7)
core   0: 3 0x80008578 (0x005bc603) x12 0x00000000 mem 0x80013ce1
core   0: 0x8000857c (0x02d4c683) lbu     a3, 45(s1)
core   0: 3 0x8000857c (0x02d4c683) x13 0x00000000 mem 0x800137c9
core   0: 0x80008580 (0xcc698e03) lb      t3, -826(s3)
core   0: 3 0x80008580 (0xcc698e03) x28 0x00000000 mem 0x80013662
core   0: 0x80008584 (0xfe948103) lb      sp, -23(s1)
core   0: 3 0x80008584 (0xfe948103) x 2 0x00000000 mem 0x80013785
core   0: 0x80008588 (0x0000bc97) auipc   s9, 0xb
core   0: 3 0x80008588 (0x0000bc97) x25 0x80013588
core   0: 0x8000858c (0xd0fc8c93) addi    s9, s9, -753
core   0: 3 0x8000858c (0xd0fc8c93) x25 0x80013297
core   0: 0x80008590 (0x0001a797) auipc   a5, 0x1a
core   0: 3 0x80008590 (0x0001a797) x15 0x80022590
core   0: 0x80008594 (0x61078793) addi    a5, a5, 1552
core   0: 3 0x80008594 (0x61078793) x15 0x80022ba0
core   0: 0x80008598 (0x016c87a3) sb      s6, 15(s9)
core   0: 3 0x80008598 (0x016c87a3) mem 0x800132a6 0x0
core   0: 0x8000859c (0x038cce83) lbu     t4, 56(s9)
core   0: 3 0x8000859c (0x038cce83) x29 0x00000000 mem 0x800132cf
core   0: 0x800085a0 (0x07678d83) lb      s11, 118(a5)
core   0: 3 0x800085a0 (0x07678d83) x27 0x00000000 mem 0x80022c16
core   0: 0x800085a4 (0x013c9003) lh      zero, 19(s9)
core   0: 3 0x800085a4 (0x013c9003) mem 0x800132aa
core   0: 0x800085a8 (0x07b78aa3) sb      s11, 117(a5)
core   0: 3 0x800085a8 (0x07b78aa3) mem 0x80022c15 0x0
core   0: 0x800085ac (0x0067a823) sw      t1, 16(a5)
core   0: 3 0x800085ac (0x0067a823) mem 0x80022bb0 0x00004200
core   0: 0x800085b0 (0xfdec8f23) sb      t5, -34(s9)
core   0: 3 0x800085b0 (0xfdec8f23) mem 0x80013275 0x0
core   0: 0x800085b4 (0xfdecca03) lbu     s4, -34(s9)
core   0: 3 0x800085b4 (0xfdecca03) x20 0x00000000 mem 0x80013275
core   0: 0x800085b8 (0x0357cb03) lbu     s6, 53(a5)
core   0: 3 0x800085b8 (0x0357cb03) x22 0x00000000 mem 0x80022bd5
core   0: 0x800085bc (0xff7c99a3) sh      s7, -13(s9)
core   0: 3 0x800085bc (0xff7c99a3) mem 0x8001328a 0x3cdc
core   0: 0x800085c0 (0xff4cce83) lbu     t4, -12(s9)
core   0: 3 0x800085c0 (0xff4cce83) x29 0x0000003c mem 0x8001328b
core   0: 0x800085c4 (0x002c8623) sb      sp, 12(s9)
core   0: 3 0x800085c4 (0x002c8623) mem 0x800132a3 0x0
core   0: 0x800085c8 (0xfc7c9803) lh      a6, -57(s9)
core   0: 3 0x800085c8 (0xfc7c9803) x16 0x00000000 mem 0x8001325e
core   0: 0x800085cc (0xfe4c8483) lb      s1, -28(s9)
core   0: 3 0x800085cc (0xfe4c8483) x 9 0x00000000 mem 0x8001327b
core   0: 0x800085d0 (0xf8a78683) lb      a3, -118(a5)
core   0: 3 0x800085d0 (0xf8a78683) x13 0x00000000 mem 0x80022b2a
core   0: 0x800085d4 (0x0000b197) auipc   gp, 0xb
core   0: 3 0x800085d4 (0x0000b197) x 3 0x800135d4
core   0: 0x800085d8 (0x7a318193) addi    gp, gp, 1955
core   0: 3 0x800085d8 (0x7a318193) x 3 0x80013d77
core   0: 0x800085dc (0xeb6e8613) addi    a2, t4, -330
core   0: 3 0x800085dc (0xeb6e8613) x12 0xfffffef2
core   0: 0x800085e0 (0xf5f194a3) sh      t6, -183(gp)
core   0: 3 0x800085e0 (0xf5f194a3) mem 0x80013cc0 0x03b9
core   0: 0x800085e4 (0x099188a3) sb      s9, 145(gp)
core   0: 3 0x800085e4 (0x099188a3) mem 0x80013e08 0x97
core   0: 0x800085e8 (0x00474eb3) xor     t4, a4, tp
core   0: 3 0x800085e8 (0x00474eb3) x29 0x80028e58
core   0: 0x800085ec (0x69a96a13) ori     s4, s2, 1690
core   0: 3 0x800085ec (0x69a96a13) x20 0x0000069a
core   0: 0x800085f0 (0x01342b33) slt     s6, s0, s3
core   0: 3 0x800085f0 (0x01342b33) x22 0x00000000
core   0: 0x800085f4 (0xfc918b03) lb      s6, -55(gp)
core   0: 3 0x800085f4 (0xfc918b03) x22 0x00000000 mem 0x80013d40
core   0: 0x800085f8 (0x0dd1c883) lbu     a7, 221(gp)
core   0: 3 0x800085f8 (0x0dd1c883) x17 0x00000000 mem 0x80013e54
core   0: 0x800085fc (0x06b1c783) lbu     a5, 107(gp)
core   0: 3 0x800085fc (0x06b1c783) x15 0x00000000 mem 0x80013de2
core   0: 0x80008600 (0xfd21c403) lbu     s0, -46(gp)
core   0: 3 0x80008600 (0xfd21c403) x 8 0x00000000 mem 0x80013d49
core   0: 0x80008604 (0x0196dd93) srli    s11, a3, 25
core   0: 3 0x80008604 (0x0196dd93) x27 0x00000000
core   0: 0x80008608 (0xf0418523) sb      tp, -246(gp)
core   0: 3 0x80008608 (0xf0418523) mem 0x80013c81 0x0
core   0: 0x8000860c (0x00008352) c.mv    t1, s4
core   0: 3 0x8000860c (0x8352) x 6 0x0000069a
core   0: 0x8000860e (0x0000109c) c.addi4spn a5, sp, 96
core   0: 3 0x8000860e (0x109c) x15 0x00000060
core   0: 0x80008610 (0x00008025) c.srli  s0, 9
core   0: 3 0x80008610 (0x8025) x 8 0x00000000
core   0: 0x80008612 (0x05c18a83) lb      s5, 92(gp)
core   0: 3 0x80008612 (0x05c18a83) x21 0x00000000 mem 0x80013dd3
core   0: 0x80008616 (0x00008e75) c.and   a2, a3
core   0: 3 0x80008616 (0x8e75) x12 0x00000000
core   0: 0x80008618 (0xf5218903) lb      s2, -174(gp)
core   0: 3 0x80008618 (0xf5218903) x18 0x00000000 mem 0x80013cc9
core   0: 0x8000861c (0x02818603) lb      a2, 40(gp)
core   0: 3 0x8000861c (0x02818603) x12 0x00000000 mem 0x80013d9f
core   0: 0x80008620 (0x0055eab3) or      s5, a1, t0
core   0: 3 0x80008620 (0x0055eab3) x21 0x8002cce4
core   0: 0x80008624 (0x00004851) c.li    a6, 20
core   0: 3 0x80008624 (0x4851) x16 0x00000014
core   0: 0x80008626 (0x00479233) sll     tp, a5, tp
core   0: 3 0x80008626 (0x00479233) x 4 0x00000060
core   0: 0x8000862a (0x09818523) sb      s8, 138(gp)
core   0: 3 0x8000862a (0x09818523) mem 0x80013e01 0x1
core   0: 0x8000862e (0x0ff0000f) fence   iorw,iorw
core   0: 3 0x8000862e (0x0ff0000f)
core   0: 0x80008632 (0x0811c103) lbu     sp, 129(gp)
core   0: 3 0x80008632 (0x0811c103) x 2 0x00000000 mem 0x80013df8
core   0: 0x80008636 (0x0000717d) c.addi16sp sp, -16
core   0: 3 0x80008636 (0x717d) x 2 0xfffffff0
core   0: 0x80008638 (0xfac187a3) sb      a2, -81(gp)
core   0: 3 0x80008638 (0xfac187a3) mem 0x80013d26 0x0
core   0: 0x8000863c (0x0021c883) lbu     a7, 2(gp)
core   0: 3 0x8000863c (0x0021c883) x17 0x00000000 mem 0x80013d79
core   0: 0x80008640 (0x026af0b3) remu    ra, s5, t1
core   0: 3 0x80008640 (0x026af0b3) x 1 0x00000674
core   0: 0x80008644 (0x05d19c83) lh      s9, 93(gp)
core   0: 3 0x80008644 (0x05d19c83) x25 0x00000000 mem 0x80013dd4
core   0: 0x80008648 (0xff219ba3) sh      s2, -9(gp)
core   0: 3 0x80008648 (0xff219ba3) mem 0x80013d6e 0x0000
core   0: 0x8000864c (0x40dd8833) sub     a6, s11, a3
core   0: 3 0x8000864c (0x40dd8833) x16 0x00000000
core   0: 0x80008650 (0x00008c45) c.or    s0, s1
core   0: 3 0x80008650 (0x8c45) x 8 0x00000000
core   0: 0x80008652 (0x00000001) c.nop
core   0: 3 0x80008652 (0x0001)
core   0: 0x80008654 (0x08819ca3) sh      s0, 153(gp)
core   0: 3 0x80008654 (0x08819ca3) mem 0x80013e10 0x0000
core   0: 0x80008658 (0x00000001) c.nop
core   0: 3 0x80008658 (0x0001)
core   0: 0x8000865a (0x000084c5) c.srai  s1, 17
core   0: 3 0x8000865a (0x84c5) x 9 0x00000000
core   0: 0x8000865c (0x00008cb9) c.xor   s1, a4
core   0: 3 0x8000865c (0x8cb9) x 9 0x80028e58
core   0: 0x8000865e (0x0d61c003) lbu     zero, 214(gp)
core   0: 3 0x8000865e (0x0d61c003) mem 0x80013e4d
core   0: 0x80008662 (0xf4519d03) lh      s10, -187(gp)
core   0: 3 0x80008662 (0xf4519d03) x26 0x00000000 mem 0x80013cbc
core   0: 0x80008666 (0x0d218e03) lb      t3, 210(gp)
core   0: 3 0x80008666 (0x0d218e03) x28 0x00000000 mem 0x80013e49
core   0: 0x8000866a (0x0000ba97) auipc   s5, 0xb
core   0: 3 0x8000866a (0x0000ba97) x21 0x8001366a
core   0: 0x8000866e (0xa85a8a93) addi    s5, s5, -1403
core   0: 3 0x8000866e (0xa85a8a93) x21 0x800130ef
core   0: 0x80008672 (0x715aad83) lw      s11, 1813(s5)
core   0: 3 0x80008672 (0x715aad83) x27 0x00000000 mem 0x80013804
core   0: 0x80008676 (0x673adc03) lhu     s8, 1651(s5)
core   0: 3 0x80008676 (0x673adc03) x24 0x000000b9 mem 0x80013762
core   0: 0x8000867a (0x02ff5133) divu    sp, t5, a5
core   0: 3 0x8000867a (0x02ff5133) x 2 0x01555555
core   0: 0x8000867e (0x67fa89a3) sb      t6, 1651(s5)
core   0: 3 0x8000867e (0x67fa89a3) mem 0x80013762 0xb9
core   0: 0x80008682 (0x198a8403) lb      s0, 408(s5)
core   0: 3 0x80008682 (0x198a8403) x 8 0x00000000 mem 0x80013287
core   0: 0x80008686 (0x19ba8c23) sb      s11, 408(s5)
core   0: 3 0x80008686 (0x19ba8c23) mem 0x80013287 0x0
core   0: 0x8000868a (0x008e5b33) srl     s6, t3, s0
core   0: 3 0x8000868a (0x008e5b33) x22 0x00000000
core   0: 0x8000868e (0x031722b3) mulhsu  t0, a4, a7
core   0: 3 0x8000868e (0x031722b3) x 5 0x00000000
core   0: 0x80008692 (0x198a8e03) lb      t3, 408(s5)
core   0: 3 0x80008692 (0x198a8e03) x28 0x00000000 mem 0x80013287
core   0: 0x80008696 (0x198acf83) lbu     t6, 408(s5)
core   0: 3 0x80008696 (0x198acf83) x31 0x00000000 mem 0x80013287
core   0: 0x8000869a (0x005ee033) or      zero, t4, t0
core   0: 3 0x8000869a (0x005ee033)
core   0: 0x8000869e (0xfafad003) lhu     zero, -81(s5)
core   0: 3 0x8000869e (0xfafad003) mem 0x8001309e
core   0: 0x800086a2 (0x1635b493) sltiu   s1, a1, 355
core   0: 3 0x800086a2 (0x1635b493) x 9 0x00000000
core   0: 0x800086a6 (0x3d5a8c23) sb      s5, 984(s5)
core   0: 3 0x800086a6 (0x3d5a8c23) mem 0x800134c7 0xef
core   0: 0x800086aa (0x3d8acd03) lbu     s10, 984(s5)
core   0: 3 0x800086aa (0x3d8acd03) x26 0x000000ef mem 0x800134c7
core   0: 0x800086ae (0x2cfa8683) lb      a3, 719(s5)
core   0: 3 0x800086ae (0x2cfa8683) x13 0x00000000 mem 0x800133be
core   0: 0x800086b2 (0x12fa9ca3) sh      a5, 313(s5)
core   0: 3 0x800086b2 (0x12fa9ca3) mem 0x80013228 0x0060
core   0: 0x800086b6 (0x0000fa97) auipc   s5, 0xf
core   0: 3 0x800086b6 (0x0000fa97) x21 0x800176b6
core   0: 0x800086ba (0xea9a8a93) addi    s5, s5, -343
core   0: 3 0x800086ba (0xea9a8a93) x21 0x8001755f
core   0: 0x800086be (0x704ac483) lbu     s1, 1796(s5)
core   0: 3 0x800086be (0x704ac483) x 9 0x00000060 mem 0x80017c63
core   0: 0x800086c2 (0x71aa8223) sb      s10, 1796(s5)
core   0: 3 0x800086c2 (0x71aa8223) mem 0x80017c63 0xef
core   0: 0x800086c6 (0x704a8b83) lb      s7, 1796(s5)
core   0: 3 0x800086c6 (0x704a8b83) x23 0xffffffef mem 0x80017c63
core   0: 0x800086ca (0x711a8223) sb      a7, 1796(s5)
core   0: 3 0x800086ca (0x711a8223) mem 0x80017c63 0x0
core   0: 0x800086ce (0x704ace83) lbu     t4, 1796(s5)
core   0: 3 0x800086ce (0x704ace83) x29 0x00000000 mem 0x80017c63
core   0: 0x800086d2 (0x704a8b03) lb      s6, 1796(s5)
core   0: 3 0x800086d2 (0x704a8b03) x22 0x00000000 mem 0x80017c63
core   0: 0x800086d6 (0x704a8c03) lb      s8, 1796(s5)
core   0: 3 0x800086d6 (0x704a8c03) x24 0x00000000 mem 0x80017c63
core   0: 0x800086da (0x704a8e03) lb      t3, 1796(s5)
core   0: 3 0x800086da (0x704a8e03) x28 0x00000000 mem 0x80017c63
core   0: 0x800086de (0x704a8003) lb      zero, 1796(s5)
core   0: 3 0x800086de (0x704a8003) mem 0x80017c63
core   0: 0x800086e2 (0x70fa8223) sb      a5, 1796(s5)
core   0: 3 0x800086e2 (0x70fa8223) mem 0x80017c63 0x60
core   0: 0x800086e6 (0x01187133) and     sp, a6, a7
core   0: 3 0x800086e6 (0x01187133) x 2 0x00000000
core   0: 0x800086ea (0x704acf83) lbu     t6, 1796(s5)
core   0: 3 0x800086ea (0x704acf83) x31 0x00000060 mem 0x80017c63
core   0: 0x800086ee (0x704ac183) lbu     gp, 1796(s5)
core   0: 3 0x800086ee (0x704ac183) x 3 0x00000060 mem 0x80017c63
core   0: 0x800086f2 (0x704ac503) lbu     a0, 1796(s5)
core   0: 3 0x800086f2 (0x704ac503) x10 0x00000060 mem 0x80017c63
core   0: 0x800086f6 (0x0000b417) auipc   s0, 0xb
core   0: 3 0x800086f6 (0x0000b417) x 8 0x800136f6
core   0: 0x800086fa (0x40f40413) addi    s0, s0, 1039
core   0: 3 0x800086fa (0x40f40413) x 8 0x80013b05
core   0: 0x800086fe (0x00044c03) lbu     s8, 0(s0)
core   0: 3 0x800086fe (0x00044c03) x24 0x00000000 mem 0x80013b05
core   0: 0x80008702 (0x0000537d) c.li    t1, -1
core   0: 3 0x80008702 (0x537d) x 6 0xffffffff
core   0: 0x80008704 (0x03e38b33) mul     s6, t2, t5
core   0: 3 0x80008704 (0x03e38b33) x22 0x00000000
core   0: 0x80008708 (0x00844a03) lbu     s4, 8(s0)
core   0: 3 0x80008708 (0x00844a03) x20 0x00000000 mem 0x80013b0d
core   0: 0x8000870c (0x016fd793) srli    a5, t6, 22
core   0: 3 0x8000870c (0x016fd793) x15 0x00000000
core   0: 0x80008710 (0x00000001) c.nop
core   0: 3 0x80008710 (0x0001)
core   0: 0x80008712 (0x00008e9d) c.sub   a3, a5
core   0: 3 0x80008712 (0x8e9d) x13 0x00000000
core   0: 0x80008714 (0x00840323) sb      s0, 6(s0)
core   0: 3 0x80008714 (0x00840323) mem 0x80013b0b 0x5
core   0: 0x80008718 (0x000087b5) c.srai  a5, 13
core   0: 3 0x80008718 (0x87b5) x15 0x00000000
core   0: 0x8000871a (0x7423c013) xori    zero, t2, 1858
core   0: 3 0x8000871a (0x7423c013)
core   0: 0x8000871e (0x0000013a) c.slli  sp, 14
core   0: 3 0x8000871e (0x013a) x 2 0x00000000
core   0: 0x80008720 (0x00b45b03) lhu     s6, 11(s0)
core   0: 3 0x80008720 (0x00b45b03) x22 0x00000000 mem 0x80013b10
core   0: 0x80008724 (0x00f42783) lw      a5, 15(s0)
core   0: 3 0x80008724 (0x00f42783) x15 0x80010049 mem 0x80013b14
core   0: 0x80008728 (0x01f412a3) sh      t6, 5(s0)
core   0: 3 0x80008728 (0x01f412a3) mem 0x80013b0a 0x0060
core   0: 0x8000872c (0xff244083) lbu     ra, -14(s0)
core   0: 3 0x8000872c (0xff244083) x 1 0x00000000 mem 0x80013af7
core   0: 0x80008730 (0xe5af6893) ori     a7, t5, -422
core   0: 3 0x80008730 (0xe5af6893) x17 0xfffffe5a
core   0: 0x80008734 (0x41990833) sub     a6, s2, s9
core   0: 3 0x80008734 (0x41990833) x16 0x00000000
core   0: 0x80008738 (0x00008e55) c.or    a2, a3
core   0: 3 0x80008738 (0x8e55) x12 0x00000000
core   0: 0x8000873a (0xff344883) lbu     a7, -13(s0)
core   0: 3 0x8000873a (0xff344883) x17 0x00000000 mem 0x80013af8
core   0: 0x8000873e (0x0000100f) fence.i
core   0: 3 0x8000873e (0x0000100f)
core   0: 0x80008742 (0xffa40183) lb      gp, -6(s0)
core   0: 3 0x80008742 (0xffa40183) x 3 0x00000000 mem 0x80013aff
core   0: 0x80008746 (0x016bb9b3) sltu    s3, s7, s6
core   0: 3 0x80008746 (0x016bb9b3) x19 0x00000000
core   0: 0x8000874a (0x01b40123) sb      s11, 2(s0)
core   0: 3 0x8000874a (0x01b40123) mem 0x80013b07 0x0
core   0: 0x8000874e (0x00440083) lb      ra, 4(s0)
core   0: 3 0x8000874e (0x00440083) x 1 0x00000000 mem 0x80013b09
core   0: 0x80008752 (0x44ddf213) andi    tp, s11, 1101
core   0: 3 0x80008752 (0x44ddf213) x 4 0x00000000
core   0: 0x80008756 (0xffe40f23) sb      t5, -2(s0)
core   0: 3 0x80008756 (0xffe40f23) mem 0x80013b03 0x0
core   0: 0x8000875a (0x00008d39) c.xor   a0, a4
core   0: 3 0x8000875a (0x8d39) x10 0x80028e38
core   0: 0x8000875c (0xff840c83) lb      s9, -8(s0)
core   0: 3 0x8000875c (0xff840c83) x25 0x00000000 mem 0x80013afd
core   0: 0x80008760 (0x000004ea) c.slli  s1, 26
core   0: 3 0x80008760 (0x04ea) x 9 0x80000000
core   0: 0x80008762 (0xffe40783) lb      a5, -2(s0)
core   0: 3 0x80008762 (0xffe40783) x15 0x00000000 mem 0x80013b03
core   0: 0x80008766 (0x020ac7b3) div     a5, s5, zero
core   0: 3 0x80008766 (0x020ac7b3) x15 0xffffffff
core   0: 0x8000876a (0x00545483) lhu     s1, 5(s0)
core   0: 3 0x8000876a (0x00545483) x 9 0x00000060 mem 0x80013b0a
core   0: 0x8000876e (0x00c40803) lb      a6, 12(s0)
core   0: 3 0x8000876e (0x00c40803) x16 0x00000000 mem 0x80013b11
core   0: 0x80008772 (0x0ff0000f) fence   iorw,iorw
core   0: 3 0x80008772 (0x0ff0000f)
core   0: 0x80008776 (0x000004ce) c.slli  s1, 19
core   0: 3 0x80008776 (0x04ce) x 9 0x03000000
core   0: 0x80008778 (0x036411b3) mulh    gp, s0, s6
core   0: 3 0x80008778 (0x036411b3) x 3 0x00000000
core   0: 0x8000877c (0x00840d03) lb      s10, 8(s0)
core   0: 3 0x8000877c (0x00840d03) x26 0x00000000 mem 0x80013b0d
core   0: 0x80008780 (0x00c44283) lbu     t0, 12(s0)
core   0: 3 0x80008780 (0x00c44283) x 5 0x00000000 mem 0x80013b11
core   0: 0x80008784 (0x0001a917) auipc   s2, 0x1a
core   0: 3 0x80008784 (0x0001a917) x18 0x80022784
core   0: 0x80008788 (0xc2290913) addi    s2, s2, -990
core   0: 3 0x80008788 (0xc2290913) x18 0x800223a6
core   0: 0x8000878c (0xfff94603) lbu     a2, -1(s2)
core   0: 3 0x8000878c (0xfff94603) x12 0x00000000 mem 0x800223a5
core   0: 0x80008790 (0x00295283) lhu     t0, 2(s2)
core   0: 3 0x80008790 (0x00295283) x 5 0x00000000 mem 0x800223a8
core   0: 0x80008794 (0x00e90803) lb      a6, 14(s2)
core   0: 3 0x80008794 (0x00e90803) x16 0x00000000 mem 0x800223b4
core   0: 0x80008798 (0x00891983) lh      s3, 8(s2)
core   0: 3 0x80008798 (0x00891983) x19 0x00000000 mem 0x800223ae
core   0: 0x8000879c (0xff3908a3) sb      s3, -15(s2)
core   0: 3 0x8000879c (0xff3908a3) mem 0x80022397 0x0
core   0: 0x800087a0 (0xff194c03) lbu     s8, -15(s2)
core   0: 3 0x800087a0 (0xff194c03) x24 0x00000000 mem 0x80022397
core   0: 0x800087a4 (0x00a90003) lb      zero, 10(s2)
core   0: 3 0x800087a4 (0x00a90003) mem 0x800223b0
core   0: 0x800087a8 (0x004329b3) slt     s3, t1, tp
core   0: 3 0x800087a8 (0x004329b3) x19 0x00000001
core   0: 0x800087ac (0x01091523) sh      a6, 10(s2)
core   0: 3 0x800087ac (0x01091523) mem 0x800223b0 0x0000
core   0: 0x800087b0 (0x01290523) sb      s2, 10(s2)
core   0: 3 0x800087b0 (0x01290523) mem 0x800223b0 0xa6
core   0: 0x800087b4 (0x00194803) lbu     a6, 1(s2)
core   0: 3 0x800087b4 (0x00194803) x16 0x00000000 mem 0x800223a7
core   0: 0x800087b8 (0x00994283) lbu     t0, 9(s2)
core   0: 3 0x800087b8 (0x00994283) x 5 0x00000000 mem 0x800223af
core   0: 0x800087bc (0x000063e5) c.lui   t2, 0x19
core   0: 3 0x800087bc (0x63e5) x 7 0x00019000
core   0: 0x800087be (0x002902a3) sb      sp, 5(s2)
core   0: 3 0x800087be (0x002902a3) mem 0x800223ab 0x0
core   0: 0x800087c2 (0x00990723) sb      s1, 14(s2)
core   0: 3 0x800087c2 (0x00990723) mem 0x800223b4 0x0
core   0: 0x800087c6 (0xff190783) lb      a5, -15(s2)
core   0: 3 0x800087c6 (0xff190783) x15 0x00000000 mem 0x80022397
core   0: 0x800087ca (0xff091203) lh      tp, -16(s2)
core   0: 3 0x800087ca (0xff091203) x 4 0x00000000 mem 0x80022396
core   0: 0x800087ce (0x01490523) sb      s4, 10(s2)
core   0: 3 0x800087ce (0x01490523) mem 0x800223b0 0x0
core   0: 0x800087d2 (0xfe492923) sw      tp, -14(s2)
core   0: 3 0x800087d2 (0xfe492923) mem 0x80022398 0x00000000
core   0: 0x800087d6 (0xfe192b23) sw      ra, -10(s2)
core   0: 3 0x800087d6 (0xfe192b23) mem 0x8002239c 0x00000000
core   0: 0x800087da (0x0000b097) auipc   ra, 0xb
core   0: 3 0x800087da (0x0000b097) x 1 0x800137da
core   0: 0x800087de (0x41d08093) addi    ra, ra, 1053
core   0: 3 0x800087de (0x41d08093) x 1 0x80013bf7
core   0: 0x800087e2 (0x0000b617) auipc   a2, 0xb
core   0: 3 0x800087e2 (0x0000b617) x12 0x800137e2
core   0: 0x800087e6 (0x5bf60613) addi    a2, a2, 1471
core   0: 3 0x800087e6 (0x5bf60613) x12 0x80013da1
core   0: 0x800087ea (0x0000be97) auipc   t4, 0xb
core   0: 3 0x800087ea (0x0000be97) x29 0x800137ea
core   0: 0x800087ee (0x339e8e93) addi    t4, t4, 825
core   0: 3 0x800087ee (0x339e8e93) x29 0x80013b23
core   0: 0x800087f2 (0x0000b417) auipc   s0, 0xb
core   0: 3 0x800087f2 (0x0000b417) x 8 0x800137f2
core   0: 0x800087f6 (0xa1240413) addi    s0, s0, -1518
core   0: 3 0x800087f6 (0xa1240413) x 8 0x80013204
core   0: 0x800087fa (0xf4d606a3) sb      a3, -179(a2)
core   0: 3 0x800087fa (0xf4d606a3) mem 0x80013cee 0x0
core   0: 0x800087fe (0x5d540183) lb      gp, 1493(s0)
core   0: 3 0x800087fe (0x5d540183) x 3 0x00000000 mem 0x800137d9
core   0: 0x80008802 (0x012ece03) lbu     t3, 18(t4)
core   0: 3 0x80008802 (0x012ece03) x28 0x00000000 mem 0x80013b35
core   0: 0x80008806 (0x5e340923) sb      gp, 1522(s0)
core   0: 3 0x80008806 (0x5e340923) mem 0x800137f6 0x0
core   0: 0x8000880a (0xf5a602a3) sb      s10, -187(a2)
core   0: 3 0x8000880a (0xf5a602a3) mem 0x80013ce6 0x0
core   0: 0x8000880e (0x1d640da3) sb      s6, 475(s0)
core   0: 3 0x8000880e (0x1d640da3) mem 0x800133df 0x0
core   0: 0x80008812 (0x0000b297) auipc   t0, 0xb
core   0: 3 0x80008812 (0x0000b297) x 5 0x80013812
core   0: 0x80008816 (0x76528293) addi    t0, t0, 1893
core   0: 3 0x80008816 (0x76528293) x 5 0x80013f77
core   0: 0x8000881a (0x14e40203) lb      tp, 334(s0)
core   0: 3 0x8000881a (0x14e40203) x 4 0x00000000 mem 0x80013352
core   0: 0x8000881e (0x000e8fa3) sb      zero, 31(t4)
core   0: 3 0x8000881e (0x000e8fa3) mem 0x80013b42 0x0
core   0: 0x80008822 (0x33d0de03) lhu     t3, 829(ra)
core   0: 3 0x80008822 (0x33d0de03) x28 0x00000000 mem 0x80013f34
core   0: 0x80008826 (0xfeae8383) lb      t2, -22(t4)
core   0: 3 0x80008826 (0xfeae8383) x 7 0x00000000 mem 0x80013b0d
core   0: 0x8000882a (0x2a10a4a3) sw      ra, 681(ra)
core   0: 3 0x8000882a (0x2a10a4a3) mem 0x80013ea0 0x80013bf7
core   0: 0x8000882e (0xad62c803) lbu     a6, -1322(t0)
core   0: 3 0x8000882e (0xad62c803) x16 0x00000000 mem 0x80013a4d
core   0: 0x80008832 (0xf0961903) lh      s2, -247(a2)
core   0: 3 0x80008832 (0xf0961903) x18 0x00000000 mem 0x80013caa
core   0: 0x80008836 (0xfd9607a3) sb      s9, -49(a2)
core   0: 3 0x80008836 (0xfd9607a3) mem 0x80013d70 0x0
core   0: 0x8000883a (0x9a909803) lh      a6, -1623(ra)
core   0: 3 0x8000883a (0x9a909803) x16 0x00000000 mem 0x800135a0
core   0: 0x8000883e (0x684407a3) sb      tp, 1679(s0)
core   0: 3 0x8000883e (0x684407a3) mem 0x80013893 0x0
core   0: 0x80008842 (0x7f141c23) sh      a7, 2040(s0)
core   0: 3 0x80008842 (0x7f141c23) mem 0x800139fc 0x0000
core   0: 0x80008846 (0x2e10a903) lw      s2, 737(ra)
core   0: 3 0x80008846 (0x2e10a903) x18 0x00000000 mem 0x80013ed8
core   0: 0x8000884a (0x66c40e23) sb      a2, 1660(s0)
core   0: 3 0x8000884a (0x66c40e23) mem 0x80013880 0xa1
core   0: 0x8000884e (0x006e8d83) lb      s11, 6(t4)
core   0: 3 0x8000884e (0x006e8d83) x27 0x00000000 mem 0x80013b29
core   0: 0x80008852 (0xd3329f83) lh      t6, -717(t0)
core   0: 3 0x80008852 (0xd3329f83) x31 0x00000000 mem 0x80013caa
core   0: 0x80008856 (0xffbec383) lbu     t2, -5(t4)
core   0: 3 0x80008856 (0xffbec383) x 7 0x00000000 mem 0x80013b1e
core   0: 0x8000885a (0xece2a4a3) sw      a4, -311(t0)
core   0: 3 0x8000885a (0xece2a4a3) mem 0x80013e40 0x80028e58
core   0: 0x8000885e (0xe2f2d183) lhu     gp, -465(t0)
core   0: 3 0x8000885e (0xe2f2d183) x 3 0x00000000 mem 0x80013da6
core   0: 0x80008862 (0xf3d64003) lbu     zero, -195(a2)
core   0: 3 0x80008862 (0xf3d64003) mem 0x80013cde
core   0: 0x80008866 (0x0e30a0a3) sw      gp, 225(ra)
core   0: 3 0x80008866 (0x0e30a0a3) mem 0x80013cd8 0x00000000
core   0: 0x8000886a (0x9bf09c83) lh      s9, -1601(ra)
core   0: 3 0x8000886a (0x9bf09c83) x25 0x00000000 mem 0x800135b6
core   0: 0x8000886e (0x02e45f83) lhu     t6, 46(s0)
core   0: 3 0x8000886e (0x02e45f83) x31 0x00000000 mem 0x80013232
core   0: 0x80008872 (0x2ee44903) lbu     s2, 750(s0)
core   0: 3 0x80008872 (0x2ee44903) x18 0x00000000 mem 0x800134f2
core   0: 0x80008876 (0xf2528d03) lb      s10, -219(t0)
core   0: 3 0x80008876 (0xf2528d03) x26 0x00000000 mem 0x80013e9c
core   0: 0x8000887a (0x0000ba17) auipc   s4, 0xb
core   0: 3 0x8000887a (0x0000ba17) x20 0x8001387a
core   0: 0x8000887e (0xba2a0a13) addi    s4, s4, -1118
core   0: 3 0x8000887e (0xba2a0a13) x20 0x8001341c
core   0: 0x80008882 (0xfdba4883) lbu     a7, -37(s4)
core   0: 3 0x80008882 (0xfdba4883) x17 0x00000000 mem 0x800133f7
core   0: 0x80008886 (0xfc1a0da3) sb      ra, -37(s4)
core   0: 3 0x80008886 (0xfc1a0da3) mem 0x800133f7 0xf7
core   0: 0x8000888a (0xfc2a0da3) sb      sp, -37(s4)
core   0: 3 0x8000888a (0xfc2a0da3) mem 0x800133f7 0x0
core   0: 0x8000888e (0xfdba4d83) lbu     s11, -37(s4)
core   0: 3 0x8000888e (0xfdba4d83) x27 0x00000000 mem 0x800133f7
core   0: 0x80008892 (0x019b5e33) srl     t3, s6, s9
core   0: 3 0x80008892 (0x019b5e33) x28 0x00000000
core   0: 0x80008896 (0xfdaa0da3) sb      s10, -37(s4)
core   0: 3 0x80008896 (0xfdaa0da3) mem 0x800133f7 0x0
core   0: 0x8000889a (0x0018c833) xor     a6, a7, ra
core   0: 3 0x8000889a (0x0018c833) x16 0x80013bf7
core   0: 0x8000889e (0x022a4883) lbu     a7, 34(s4)
core   0: 3 0x8000889e (0x022a4883) x17 0x000000e4 mem 0x8001343e
core   0: 0x800088a2 (0x022a1f83) lh      t6, 34(s4)
core   0: 3 0x800088a2 (0x022a1f83) x31 0xffffcce4 mem 0x8001343e
core   0: 0x800088a6 (0x028a0303) lb      t1, 40(s4)
core   0: 3 0x800088a6 (0x028a0303) x 6 0x00000000 mem 0x80013444
core   0: 0x800088aa (0xcc342513) slti    a0, s0, -829
core   0: 3 0x800088aa (0xcc342513) x10 0x00000001
core   0: 0x800088ae (0x028a2a83) lw      s5, 40(s4)
core   0: 3 0x800088ae (0x028a2a83) x21 0x00000000 mem 0x80013444
core   0: 0x800088b2 (0x02ea0423) sb      a4, 40(s4)
core   0: 3 0x800088b2 (0x02ea0423) mem 0x80013444 0x58
core   0: 0x800088b6 (0x03ea0423) sb      t5, 40(s4)
core   0: 3 0x800088b6 (0x03ea0423) mem 0x80013444 0x0
core   0: 0x800088ba (0x028a1303) lh      t1, 40(s4)
core   0: 3 0x800088ba (0x028a1303) x 6 0x00000000 mem 0x80013444
core   0: 0x800088be (0x0282f033) remu    zero, t0, s0
core   0: 3 0x800088be (0x0282f033)
core   0: 0x800088c2 (0x01da4203) lbu     tp, 29(s4)
core   0: 3 0x800088c2 (0x01da4203) x 4 0x00000000 mem 0x80013439
core   0: 0x800088c6 (0x0000b117) auipc   sp, 0xb
core   0: 3 0x800088c6 (0x0000b117) x 2 0x800138c6
core   0: 0x800088ca (0x87710113) addi    sp, sp, -1929
core   0: 3 0x800088ca (0x87710113) x 2 0x8001313d
core   0: 0x800088ce (0x01814403) lbu     s0, 24(sp)
core   0: 3 0x800088ce (0x01814403) x 8 0x00000000 mem 0x80013155
core   0: 0x800088d2 (0x01d10c23) sb      t4, 24(sp)
core   0: 3 0x800088d2 (0x01d10c23) mem 0x80013155 0x23
core   0: 0x800088d6 (0x01810d03) lb      s10, 24(sp)
core   0: 3 0x800088d6 (0x01810d03) x26 0x00000023 mem 0x80013155
core   0: 0x800088da (0x01110c23) sb      a7, 24(sp)
core   0: 3 0x800088da (0x01110c23) mem 0x80013155 0xe4
core   0: 0x800088de (0x01010c23) sb      a6, 24(sp)
core   0: 3 0x800088de (0x01010c23) mem 0x80013155 0xf7
core   0: 0x800088e2 (0x00010c23) sb      zero, 24(sp)
core   0: 3 0x800088e2 (0x00010c23) mem 0x80013155 0x0
core   0: 0x800088e6 (0xffb10823) sb      s11, -16(sp)
core   0: 3 0x800088e6 (0xffb10823) mem 0x8001312d 0x0
core   0: 0x800088ea (0xff014a83) lbu     s5, -16(sp)
core   0: 3 0x800088ea (0xff014a83) x21 0x00000000 mem 0x8001312d
core   0: 0x800088ee (0x036a6633) rem     a2, s4, s6
core   0: 3 0x800088ee (0x036a6633) x12 0x8001341c
core   0: 0x800088f2 (0xff014083) lbu     ra, -16(sp)
core   0: 3 0x800088f2 (0xff014083) x 1 0x00000000 mem 0x8001312d
core   0: 0x800088f6 (0xfeb11a83) lh      s5, -21(sp)
core   0: 3 0x800088f6 (0xfeb11a83) x21 0x00000000 mem 0x80013128
core   0: 0x800088fa (0x0000c497) auipc   s1, 0xc
core   0: 3 0x800088fa (0x0000c497) x 9 0x800148fa
core   0: 0x800088fe (0x1cb48493) addi    s1, s1, 459
core   0: 3 0x800088fe (0x1cb48493) x 9 0x80014ac5
core   0: 0x80008902 (0x4040d033) sra     zero, ra, tp
core   0: 3 0x80008902 (0x4040d033)
core   0: 0x80008906 (0x03360d33) mul     s10, a2, s3
core   0: 3 0x80008906 (0x03360d33) x26 0x8001341c
core   0: 0x8000890a (0x01798133) add     sp, s3, s7
core   0: 3 0x8000890a (0x01798133) x 2 0xfffffff0
core   0: 0x8000890e (0x0d548023) sb      s5, 192(s1)
core   0: 3 0x8000890e (0x0d548023) mem 0x80014b85 0x0
core   0: 0x80008912 (0x02ff70b3) remu    ra, t5, a5
core   0: 3 0x80008912 (0x02ff70b3) x 1 0x80000000
core   0: 0x80008916 (0xe8325217) auipc   tp, 0xe8325
core   0: 3 0x80008916 (0xe8325217) x 4 0x6832d916
core   0: 0x8000891a (0xf2e48b03) lb      s6, -210(s1)
core   0: 3 0x8000891a (0xf2e48b03) x22 0x00000000 mem 0x800149f3
core   0: 0x8000891e (0xf644cf83) lbu     t6, -156(s1)
core   0: 3 0x8000891e (0xf644cf83) x31 0x00000000 mem 0x80014a29
core   0: 0x80008922 (0x00008d35) c.xor   a0, a3
core   0: 3 0x80008922 (0x8d35) x10 0x00000001
core   0: 0x80008924 (0x0ff0000f) fence   iorw,iorw
core   0: 3 0x80008924 (0x0ff0000f)
core   0: 0x80008928 (0x4fbfcd93) xori    s11, t6, 1275
core   0: 3 0x80008928 (0x4fbfcd93) x27 0x000004fb
core   0: 0x8000892c (0xf5b48b23) sb      s11, -170(s1)
core   0: 3 0x8000892c (0xf5b48b23) mem 0x80014a1b 0xfb
core   0: 0x80008930 (0x406e0cb3) sub     s9, t3, t1
core   0: 3 0x80008930 (0x406e0cb3) x25 0x00000000
core   0: 0x80008934 (0x41fb5113) srai    sp, s6, 31
core   0: 3 0x80008934 (0x41fb5113) x 2 0x00000000
core   0: 0x80008938 (0x021150b3) divu    ra, sp, ra
core   0: 3 0x80008938 (0x021150b3) x 1 0x00000000
core   0: 0x8000893c (0x2e80c2b7) lui     t0, 0x2e80c
core   0: 3 0x8000893c (0x2e80c2b7) x 5 0x2e80c000
core   0: 0x80008940 (0x005853b3) srl     t2, a6, t0
core   0: 3 0x80008940 (0x005853b3) x 7 0x80013bf7
core   0: 0x80008944 (0x413a8e33) sub     t3, s5, s3
core   0: 3 0x80008944 (0x413a8e33) x28 0xffffffff
core   0: 0x80008948 (0xfc448783) lb      a5, -60(s1)
core   0: 3 0x80008948 (0xfc448783) x15 0x00000000 mem 0x80014a89
core   0: 0x8000894c (0x0398eab3) rem     s5, a7, s9
core   0: 3 0x8000894c (0x0398eab3) x21 0x000000e4
core   0: 0x80008950 (0x01d14eb3) xor     t4, sp, t4
core   0: 3 0x80008950 (0x01d14eb3) x29 0x80013b23
core   0: 0x80008954 (0x00bff9b3) and     s3, t6, a1
core   0: 3 0x80008954 (0x00bff9b3) x19 0x00000000
core   0: 0x80008958 (0x40a55933) sra     s2, a0, a0
core   0: 3 0x80008958 (0x40a55933) x18 0x00000000
core   0: 0x8000895c (0x02648a03) lb      s4, 38(s1)
core   0: 3 0x8000895c (0x02648a03) x20 0x00000000 mem 0x80014aeb
core   0: 0x80008960 (0x0324fc33) remu    s8, s1, s2
core   0: 3 0x80008960 (0x0324fc33) x24 0x80014ac5
core   0: 0x80008964 (0x00000001) c.nop
core   0: 3 0x80008964 (0x0001)
core   0: 0x80008966 (0x07a48ca3) sb      s10, 121(s1)
core   0: 3 0x80008966 (0x07a48ca3) mem 0x80014b3e 0x1c
core   0: 0x8000896a (0x034b5db3) divu    s11, s6, s4
core   0: 3 0x8000896a (0x034b5db3) x27 0xffffffff
core   0: 0x8000896e (0x0366a533) mulhsu  a0, a3, s6
core   0: 3 0x8000896e (0x0366a533) x10 0x00000000
core   0: 0x80008972 (0xf7648323) sb      s6, -154(s1)
core   0: 3 0x80008972 (0xf7648323) mem 0x80014a2b 0x0
core   0: 0x80008976 (0x01b15cb3) srl     s9, sp, s11
core   0: 3 0x80008976 (0x01b15cb3) x25 0x00000000
core   0: 0x8000897a (0x00da9c93) slli    s9, s5, 13
core   0: 3 0x8000897a (0x00da9c93) x25 0x001c8000
core   0: 0x8000897e (0x02fa8b33) mul     s6, s5, a5
core   0: 3 0x8000897e (0x02fa8b33) x22 0x00000000
core   0: 0x80008982 (0x09d4d103) lhu     sp, 157(s1)
core   0: 3 0x80008982 (0x09d4d103) x 2 0x00000000 mem 0x80014b62
core   0: 0x80008986 (0xfb549783) lh      a5, -75(s1)
core   0: 3 0x80008986 (0xfb549783) x15 0x00000000 mem 0x80014a7a
core   0: 0x8000898a (0x60c63c93) sltiu   s9, a2, 1548
core   0: 3 0x8000898a (0x60c63c93) x25 0x00000000
core   0: 0x8000898e (0xf584cc03) lbu     s8, -168(s1)
core   0: 3 0x8000898e (0xf584cc03) x24 0x00000000 mem 0x80014a1d
core   0: 0x80008992 (0x0000b117) auipc   sp, 0xb
core   0: 3 0x80008992 (0x0000b117) x 2 0x80013992
core   0: 0x80008996 (0x36a10113) addi    sp, sp, 874
core   0: 3 0x80008996 (0x36a10113) x 2 0x80013cfc
core   0: 0x8000899a (0x0f3107a3) sb      s3, 239(sp)
core   0: 3 0x8000899a (0x0f3107a3) mem 0x80013deb 0x0
core   0: 0x8000899e (0x0a1100a3) sb      ra, 161(sp)
core   0: 3 0x8000899e (0x0a1100a3) mem 0x80013d9d 0x0
core   0: 0x800089a2 (0x00008d5d) c.or    a0, a5
core   0: 3 0x800089a2 (0x8d5d) x10 0x00000000
core   0: 0x800089a4 (0xfe514803) lbu     a6, -27(sp)
core   0: 3 0x800089a4 (0xfe514803) x16 0x00000000 mem 0x80013ce1
core   0: 0x800089a8 (0x002ab7b3) sltu    a5, s5, sp
core   0: 3 0x800089a8 (0x002ab7b3) x15 0x00000001
core   0: 0x800089ac (0xfa211603) lh      a2, -94(sp)
core   0: 3 0x800089ac (0xfa211603) x12 0x00000000 mem 0x80013c9e
core   0: 0x800089b0 (0x00008519) c.srai  a0, 6
core   0: 3 0x800089b0 (0x8519) x10 0x00000000
core   0: 0x800089b2 (0x0c714803) lbu     a6, 199(sp)
core   0: 3 0x800089b2 (0x0c714803) x16 0x00000000 mem 0x80013dc3
core   0: 0x800089b6 (0xfa814983) lbu     s3, -88(sp)
core   0: 3 0x800089b6 (0xfa814983) x19 0x00000000 mem 0x80013ca4
core   0: 0x800089ba (0x00000001) c.nop
core   0: 3 0x800089ba (0x0001)
core   0: 0x800089bc (0x0a815883) lhu     a7, 168(sp)
core   0: 3 0x800089bc (0x0a815883) x17 0x00000000 mem 0x80013da4
core   0: 0x800089c0 (0x0bd14183) lbu     gp, 189(sp)
core   0: 3 0x800089c0 (0x0bd14183) x 3 0x00000000 mem 0x80013db9
core   0: 0x800089c4 (0x07e14c83) lbu     s9, 126(sp)
core   0: 3 0x800089c4 (0x07e14c83) x25 0x00000000 mem 0x80013d7a
core   0: 0x800089c8 (0x00000eb2) c.slli  t4, 12
core   0: 3 0x800089c8 (0x0eb2) x29 0x13b23000
core   0: 0x800089ca (0xfe015f83) lhu     t6, -32(sp)
core   0: 3 0x800089ca (0xfe015f83) x31 0x00000000 mem 0x80013cdc
core   0: 0x800089ce (0x0db10a03) lb      s4, 219(sp)
core   0: 3 0x800089ce (0x0db10a03) x20 0x00000000 mem 0x80013dd7
core   0: 0x800089d2 (0x05010523) sb      a6, 74(sp)
core   0: 3 0x800089d2 (0x05010523) mem 0x80013d46 0x0
core   0: 0x800089d6 (0x7f20e813) ori     a6, ra, 2034
core   0: 3 0x800089d6 (0x7f20e813) x16 0x000007f2
core   0: 0x800089da (0xfd615783) lhu     a5, -42(sp)
core   0: 3 0x800089da (0xfd615783) x15 0x000000e4 mem 0x80013cd2
core   0: 0x800089de (0xf4214383) lbu     t2, -190(sp)
core   0: 3 0x800089de (0xf4214383) x 7 0x00000000 mem 0x80013c3e
core   0: 0x800089e2 (0xf07a3c13) sltiu   s8, s4, -249
core   0: 3 0x800089e2 (0xf07a3c13) x24 0x00000001
core   0: 0x800089e6 (0x01610f83) lb      t6, 22(sp)
core   0: 3 0x800089e6 (0x01610f83) x31 0x00000000 mem 0x80013d12
core   0: 0x800089ea (0xf4710fa3) sb      t2, -161(sp)
core   0: 3 0x800089ea (0xf4710fa3) mem 0x80013c5b 0x0
core   0: 0x800089ee (0xf9215d83) lhu     s11, -110(sp)
core   0: 3 0x800089ee (0xf9215d83) x27 0x00000000 mem 0x80013c8e
core   0: 0x800089f2 (0xfec11d23) sh      a2, -6(sp)
core   0: 3 0x800089f2 (0xfec11d23) mem 0x80013cf6 0x0000
core   0: 0x800089f6 (0x0f811b83) lh      s7, 248(sp)
core   0: 3 0x800089f6 (0x0f811b83) x23 0x00000000 mem 0x80013df4
core   0: 0x800089fa (0x01fb0c93) addi    s9, s6, 31
core   0: 3 0x800089fa (0x01fb0c93) x25 0x0000001f
core   0: 0x800089fe (0xf5910d03) lb      s10, -167(sp)
core   0: 3 0x800089fe (0xf5910d03) x26 0x00000000 mem 0x80013c55
core   0: 0x80008a02 (0x0000d61e) c.swsp  t2, 44(sp)
core   0: 3 0x80008a02 (0xd61e) mem 0x80013d28 0x00000000
core   0: 0x80008a04 (0xf3d14983) lbu     s3, -195(sp)
core   0: 3 0x80008a04 (0xf3d14983) x19 0x00000000 mem 0x80013c39
core   0: 0x80008a08 (0xf70101a3) sb      a6, -157(sp)
core   0: 3 0x80008a08 (0xf70101a3) mem 0x80013c5f 0xf2
core   0: 0x80008a0c (0x0b710003) lb      zero, 183(sp)
core   0: 3 0x80008a0c (0x0b710003) mem 0x80013db3
core   0: 0x80008a10 (0x00008095) c.srli  s1, 5
core   0: 3 0x80008a10 (0x8095) x 9 0x04000a56
core   0: 0x80008a12 (0x0c910aa3) sb      s1, 213(sp)
core   0: 3 0x80008a12 (0x0c910aa3) mem 0x80013dd1 0x56
core   0: 0x80008a16 (0x03ef0a33) mul     s4, t5, t5
core   0: 3 0x80008a16 (0x03ef0a33) x20 0x00000000
core   0: 0x80008a1a (0xfb7100a3) sb      s7, -95(sp)
core   0: 3 0x80008a1a (0xfb7100a3) mem 0x80013c9d 0x0
core   0: 0x80008a1e (0x00008685) c.srai  a3, 1
core   0: 3 0x80008a1e (0x8685) x13 0x00000000
core   0: 0x80008a20 (0xff811183) lh      gp, -8(sp)
core   0: 3 0x80008a20 (0xff811183) x 3 0x00000000 mem 0x80013cf4
core   0: 0x80008a24 (0x00f25d33) srl     s10, tp, a5
core   0: 3 0x80008a24 (0x00f25d33) x26 0x06832d91
core   0: 0x80008a28 (0x01e11603) lh      a2, 30(sp)
core   0: 3 0x80008a28 (0x01e11603) x12 0x00000000 mem 0x80013d1a
core   0: 0x80008a2c (0x00008c8d) c.sub   s1, a1
core   0: 3 0x80008a2c (0x8c8d) x 9 0x83fd3d72
core   0: 0x80008a2e (0xf4a10e83) lb      t4, -182(sp)
core   0: 3 0x80008a2e (0xf4a10e83) x29 0x00000000 mem 0x80013c46
core   0: 0x80008a32 (0x0001ac97) auipc   s9, 0x1a
core   0: 3 0x80008a32 (0x0001ac97) x25 0x80022a32
core   0: 0x80008a36 (0x6aec8c93) addi    s9, s9, 1710
core   0: 3 0x80008a36 (0x6aec8c93) x25 0x800230e0
core   0: 0x80008a3a (0x00018f97) auipc   t6, 0x18
core   0: 3 0x80008a3a (0x00018f97) x31 0x80020a3a
core   0: 0x80008a3e (0xec8f8f93) addi    t6, t6, -312
core   0: 3 0x80008a3e (0xec8f8f93) x31 0x80020902
core   0: 0x80008a42 (0x00019b97) auipc   s7, 0x19
core   0: 3 0x80008a42 (0x00019b97) x23 0x80021a42
core   0: 0x80008a46 (0x2feb8b93) addi    s7, s7, 766
core   0: 3 0x80008a46 (0x2feb8b93) x23 0x80021d40
core   0: 0x80008a4a (0x16fbc883) lbu     a7, 367(s7)
core   0: 3 0x80008a4a (0x16fbc883) x17 0x00000000 mem 0x80021eaf
core   0: 0x80008a4e (0x0001b997) auipc   s3, 0x1b
core   0: 3 0x80008a4e (0x0001b997) x19 0x80023a4e
core   0: 0x80008a52 (0xf8f98993) addi    s3, s3, -113
core   0: 3 0x80008a52 (0xf8f98993) x19 0x800239dd
core   0: 0x80008a56 (0x004fd083) lhu     ra, 4(t6)
core   0: 3 0x80008a56 (0x004fd083) x 1 0x00000000 mem 0x80020906
core   0: 0x80008a5a (0xfd7cce83) lbu     t4, -41(s9)
core   0: 3 0x80008a5a (0xfd7cce83) x29 0x00000000 mem 0x800230b7
core   0: 0x80008a5e (0x0000d797) auipc   a5, 0xd
core   0: 3 0x80008a5e (0x0000d797) x15 0x80015a5e
core   0: 0x80008a62 (0xd1278793) addi    a5, a5, -750
core   0: 3 0x80008a62 (0xd1278793) x15 0x80015770
core   0: 0x80008a66 (0x019cc383) lbu     t2, 25(s9)
core   0: 3 0x80008a66 (0x019cc383) x 7 0x00000000 mem 0x800230f9
core   0: 0x80008a6a (0x86db8683) lb      a3, -1939(s7)
core   0: 3 0x80008a6a (0x86db8683) x13 0x00000000 mem 0x800215ad
core   0: 0x80008a6e (0xff3f8ca3) sb      s3, -7(t6)
core   0: 3 0x80008a6e (0xff3f8ca3) mem 0x800208fb 0xdd
core   0: 0x80008a72 (0xfcf98623) sb      a5, -52(s3)
core   0: 3 0x80008a72 (0xfcf98623) mem 0x800239a9 0x70
core   0: 0x80008a76 (0x031c8283) lb      t0, 49(s9)
core   0: 3 0x80008a76 (0x031c8283) x 5 0x00000000 mem 0x80023111
core   0: 0x80008a7a (0xfdd79023) sh      t4, -64(a5)
core   0: 3 0x80008a7a (0xfdd79023) mem 0x80015730 0x0000
core   0: 0x80008a7e (0x891bc883) lbu     a7, -1903(s7)
core   0: 3 0x80008a7e (0x891bc883) x17 0x00000000 mem 0x800215d1
core   0: 0x80008a82 (0xfed78383) lb      t2, -19(a5)
core   0: 3 0x80008a82 (0xfed78383) x 7 0x00000000 mem 0x8001575d
core   0: 0x80008a86 (0xfc178ca3) sb      ra, -39(a5)
core   0: 3 0x80008a86 (0xfc178ca3) mem 0x80015749 0x0
core   0: 0x80008a8a (0xf5d99d03) lh      s10, -163(s3)
core   0: 3 0x80008a8a (0xf5d99d03) x26 0x00000000 mem 0x8002393a
core   0: 0x80008a8e (0xff7f8ea3) sb      s7, -3(t6)
core   0: 3 0x80008a8e (0xff7f8ea3) mem 0x800208ff 0x40
core   0: 0x80008a92 (0xfce9c903) lbu     s2, -50(s3)
core   0: 3 0x80008a92 (0xfce9c903) x18 0x00000000 mem 0x800239ab
core   0: 0x80008a96 (0xfc77c603) lbu     a2, -57(a5)
core   0: 3 0x80008a96 (0xfc77c603) x12 0x00000000 mem 0x80015737
core   0: 0x80008a9a (0xab4bcd03) lbu     s10, -1356(s7)
core   0: 3 0x80008a9a (0xab4bcd03) x26 0x00000000 mem 0x800217f4
core   0: 0x80008a9e (0xf0198ea3) sb      ra, -227(s3)
core   0: 3 0x80008a9e (0xf0198ea3) mem 0x800238fa 0x0
core   0: 0x80008aa2 (0x02fccd83) lbu     s11, 47(s9)
core   0: 3 0x80008aa2 (0x02fccd83) x27 0x00000000 mem 0x8002310f
core   0: 0x80008aa6 (0x01e79b23) sh      t5, 22(a5)
core   0: 3 0x80008aa6 (0x01e79b23) mem 0x80015786 0x0000
core   0: 0x80008aaa (0x0247c503) lbu     a0, 36(a5)
core   0: 3 0x80008aaa (0x0247c503) x10 0x00000000 mem 0x80015794
core   0: 0x80008aae (0x985b9423) sh      t0, -1656(s7)
core   0: 3 0x80008aae (0x985b9423) mem 0x800216c8 0x0000
core   0: 0x80008ab2 (0x555b8b03) lb      s6, 1365(s7)
core   0: 3 0x80008ab2 (0x555b8b03) x22 0x00000000 mem 0x80022295
core   0: 0x80008ab6 (0x007fcb03) lbu     s6, 7(t6)
core   0: 3 0x80008ab6 (0x007fcb03) x22 0x00000000 mem 0x80020909
core   0: 0x80008aba (0x01f7c383) lbu     t2, 31(a5)
core   0: 3 0x80008aba (0x01f7c383) x 7 0x00000000 mem 0x8001578f
core   0: 0x80008abe (0xff5f8403) lb      s0, -11(t6)
core   0: 3 0x80008abe (0xff5f8403) x 8 0x00000000 mem 0x800208f7
core   0: 0x80008ac2 (0xfc6cdd83) lhu     s11, -58(s9)
core   0: 3 0x80008ac2 (0xfc6cdd83) x27 0x00000000 mem 0x800230a6
core   0: 0x80008ac6 (0xfc4b9e03) lh      t3, -60(s7)
core   0: 3 0x80008ac6 (0xfc4b9e03) x28 0x00000000 mem 0x80021d04
core   0: 0x80008aca (0xfebf9f23) sh      a1, -2(t6)
core   0: 3 0x80008aca (0xfebf9f23) mem 0x80020900 0xcce4
core   0: 0x80008ace (0xff0fcd83) lbu     s11, -16(t6)
core   0: 3 0x80008ace (0xff0fcd83) x27 0x00000000 mem 0x800208f2
core   0: 0x80008ad2 (0xfcfc81a3) sb      a5, -61(s9)
core   0: 3 0x80008ad2 (0xfcfc81a3) mem 0x800230a3 0x70
core   0: 0x80008ad6 (0xff0f8b23) sb      a6, -10(t6)
core   0: 3 0x80008ad6 (0xff0f8b23) mem 0x800208f8 0xf2
core   0: 0x80008ada (0xfdcc8ca3) sb      t3, -39(s9)
core   0: 3 0x80008ada (0xfdcc8ca3) mem 0x800230b9 0x0
core   0: 0x80008ade (0x03bc8103) lb      sp, 59(s9)
core   0: 3 0x80008ade (0x03bc8103) x 2 0x00000000 mem 0x8002311b
core   0: 0x80008ae2 (0xf63b8da3) sb      gp, -133(s7)
core   0: 3 0x80008ae2 (0xf63b8da3) mem 0x80021cbb 0x0
core   0: 0x80008ae6 (0xf5798903) lb      s2, -169(s3)
core   0: 3 0x80008ae6 (0xf5798903) x18 0x00000000 mem 0x80023934
core   0: 0x80008aea (0x0367c803) lbu     a6, 54(a5)
core   0: 3 0x80008aea (0x0367c803) x16 0x00000000 mem 0x800157a6
core   0: 0x80008aee (0x0001b097) auipc   ra, 0x1b
core   0: 3 0x80008aee (0x0001b097) x 1 0x80023aee
core   0: 0x80008af2 (0x2e208093) addi    ra, ra, 738
core   0: 3 0x80008af2 (0x2e208093) x 1 0x80023dd0
core   0: 0x80008af6 (0x00f914b3) sll     s1, s2, a5
core   0: 3 0x80008af6 (0x00f914b3) x 9 0x00000000
core   0: 0x80008afa (0x410b01b3) sub     gp, s6, a6
core   0: 3 0x80008afa (0x410b01b3) x 3 0x00000000
core   0: 0x80008afe (0x0ff0000f) fence   iorw,iorw
core   0: 3 0x80008afe (0x0ff0000f)
core   0: 0x80008b02 (0xff1080a3) sb      a7, -31(ra)
core   0: 3 0x80008b02 (0xff1080a3) mem 0x80023db1 0x0
core   0: 0x80008b06 (0x00005afd) c.li    s5, -1
core   0: 3 0x80008b06 (0x5afd) x21 0xffffffff
core   0: 0x80008b08 (0xfde0cd83) lbu     s11, -34(ra)
core   0: 3 0x80008b08 (0xfde0cd83) x27 0x00000000 mem 0x80023dae
core   0: 0x80008b0c (0xff00ce83) lbu     t4, -16(ra)
core   0: 3 0x80008b0c (0xff00ce83) x29 0x00000000 mem 0x80023dc0
core   0: 0x80008b10 (0x7ef65a37) lui     s4, 0x7ef65
core   0: 3 0x80008b10 (0x7ef65a37) x20 0x7ef65000
core   0: 0x80008b14 (0x03a0c103) lbu     sp, 58(ra)
core   0: 3 0x80008b14 (0x03a0c103) x 2 0x00000000 mem 0x80023e0a
core   0: 0x80008b18 (0x40fbd613) srai    a2, s7, 15
core   0: 3 0x80008b18 (0x40fbd613) x12 0xffff0004
core   0: 0x80008b1c (0x01d05113) srli    sp, zero, 29
core   0: 3 0x80008b1c (0x01d05113) x 2 0x00000000
core   0: 0x80008b20 (0x01b08ba3) sb      s11, 23(ra)
core   0: 3 0x80008b20 (0x01b08ba3) mem 0x80023de7 0x0
core   0: 0x80008b24 (0x018e9e33) sll     t3, t4, s8
core   0: 3 0x80008b24 (0x018e9e33) x28 0x00000000
core   0: 0x80008b28 (0x014de1b3) or      gp, s11, s4
core   0: 3 0x80008b28 (0x014de1b3) x 3 0x7ef65000
core   0: 0x80008b2c (0xcfc6ea13) ori     s4, a3, -772
core   0: 3 0x80008b2c (0xcfc6ea13) x20 0xfffffcfc
core   0: 0x80008b30 (0x00000a16) c.slli  s4, 5
core   0: 3 0x80008b30 (0x0a16) x20 0xffff9f80
core   0: 0x80008b32 (0x00005afd) c.li    s5, -1
core   0: 3 0x80008b32 (0x5afd) x21 0xffffffff
core   0: 0x80008b34 (0xf936fb93) andi    s7, a3, -109
core   0: 3 0x80008b34 (0xf936fb93) x23 0x00000000
core   0: 0x80008b38 (0x03d08b03) lb      s6, 61(ra)
core   0: 3 0x80008b38 (0x03d08b03) x22 0x00000000 mem 0x80023e0d
core   0: 0x80008b3c (0xfdb08003) lb      zero, -37(ra)
core   0: 3 0x80008b3c (0xfdb08003) mem 0x80023dab
core   0: 0x80008b40 (0xfe408803) lb      a6, -28(ra)
core   0: 3 0x80008b40 (0xfe408803) x16 0x00000000 mem 0x80023db4
core   0: 0x80008b44 (0x01a952b3) srl     t0, s2, s10
core   0: 3 0x80008b44 (0x01a952b3) x 5 0x00000000
core   0: 0x80008b48 (0x00645d13) srli    s10, s0, 6
core   0: 3 0x80008b48 (0x00645d13) x26 0x00000000
core   0: 0x80008b4c (0xfe80ce03) lbu     t3, -24(ra)
core   0: 3 0x80008b4c (0xfe80ce03) x28 0x00000000 mem 0x80023db8
core   0: 0x80008b50 (0x0130c803) lbu     a6, 19(ra)
core   0: 3 0x80008b50 (0x0130c803) x16 0x00000000 mem 0x80023de3
core   0: 0x80008b54 (0x41655f93) srai    t6, a0, 22
core   0: 3 0x80008b54 (0x41655f93) x31 0x00000000
core   0: 0x80008b58 (0x0100a223) sw      a6, 4(ra)
core   0: 3 0x80008b58 (0x0100a223) mem 0x80023dd4 0x00000000
core   0: 0x80008b5c (0xffd0c683) lbu     a3, -3(ra)
core   0: 3 0x80008b5c (0xffd0c683) x13 0x00000000 mem 0x80023dcd
core   0: 0x80008b60 (0xfd708783) lb      a5, -41(ra)
core   0: 3 0x80008b60 (0xfd708783) x15 0x00000000 mem 0x80023da7
core   0: 0x80008b64 (0x00709b23) sh      t2, 22(ra)
core   0: 3 0x80008b64 (0x00709b23) mem 0x80023de6 0x0000
core   0: 0x80008b68 (0x006cd133) srl     sp, s9, t1
core   0: 3 0x80008b68 (0x006cd133) x 2 0x800230e0
core   0: 0x80008b6c (0x00208e83) lb      t4, 2(ra)
core   0: 3 0x80008b6c (0x00208e83) x29 0x00000000 mem 0x80023dd2
core   0: 0x80008b70 (0x03508983) lb      s3, 53(ra)
core   0: 3 0x80008b70 (0x03508983) x19 0x00000000 mem 0x80023e05
core   0: 0x80008b74 (0x0000e117) auipc   sp, 0xe
core   0: 3 0x80008b74 (0x0000e117) x 2 0x80016b74
core   0: 0x80008b78 (0x55210113) addi    sp, sp, 1362
core   0: 3 0x80008b78 (0x55210113) x 2 0x800170c6
core   0: 0x80008b7c (0x00495013) srli    zero, s2, 4
core   0: 3 0x80008b7c (0x00495013)
core   0: 0x80008b80 (0x03146ab3) rem     s5, s0, a7
core   0: 3 0x80008b80 (0x03146ab3) x21 0x00000000
core   0: 0x80008b84 (0x0ac14003) lbu     zero, 172(sp)
core   0: 3 0x80008b84 (0x0ac14003) mem 0x80017172
core   0: 0x80008b88 (0x081106a3) sb      ra, 141(sp)
core   0: 3 0x80008b88 (0x081106a3) mem 0x80017153 0xd0
core   0: 0x80008b8c (0xf8d10a83) lb      s5, -115(sp)
core   0: 3 0x80008b8c (0xf8d10a83) x21 0x00000000 mem 0x80017053
core   0: 0x80008b90 (0x0000893a) c.mv    s2, a4
core   0: 3 0x80008b90 (0x893a) x18 0x80028e58
core   0: 0x80008b92 (0x04210003) lb      zero, 66(sp)
core   0: 3 0x80008b92 (0x04210003) mem 0x80017108
core   0: 0x80008b96 (0x036be533) rem     a0, s7, s6
core   0: 3 0x80008b96 (0x036be533) x10 0x00000000
core   0: 0x80008b9a (0xfa110423) sb      ra, -88(sp)
core   0: 3 0x80008b9a (0xfa110423) mem 0x8001706e 0xd0
core   0: 0x80008b9e (0xfe714e83) lbu     t4, -25(sp)
core   0: 3 0x80008b9e (0xfe714e83) x29 0x00000000 mem 0x800170ad
core   0: 0x80008ba2 (0xafc0c513) xori    a0, ra, -1284
core   0: 3 0x80008ba2 (0xafc0c513) x10 0x7ffdc72c
core   0: 0x80008ba6 (0x31ee2793) slti    a5, t3, 798
core   0: 3 0x80008ba6 (0x31ee2793) x15 0x00000001
core   0: 0x80008baa (0x000084b5) c.srai  s1, 13
core   0: 3 0x80008baa (0x84b5) x 9 0x00000000
core   0: 0x80008bac (0x00008111) c.srli  a0, 4
core   0: 3 0x80008bac (0x8111) x10 0x07ffdc72
core   0: 0x80008bae (0x01a95b93) srli    s7, s2, 26
core   0: 3 0x80008bae (0x01a95b93) x23 0x00000020
core   0: 0x80008bb2 (0x000091be) c.add   gp, a5
core   0: 3 0x80008bb2 (0x91be) x 3 0x7ef65001
core   0: 0x80008bb4 (0x03e32e33) mulhsu  t3, t1, t5
core   0: 3 0x80008bb4 (0x03e32e33) x28 0x00000000
core   0: 0x80008bb8 (0x00000001) c.nop
core   0: 3 0x80008bb8 (0x0001)
core   0: 0x80008bba (0x008d3933) sltu    s2, s10, s0
core   0: 3 0x80008bba (0x008d3933) x18 0x00000000
core   0: 0x80008bbe (0x013ccd33) xor     s10, s9, s3
core   0: 3 0x80008bbe (0x013ccd33) x26 0x800230e0
core   0: 0x80008bc2 (0x03bdf833) remu    a6, s11, s11
core   0: 3 0x80008bc2 (0x03bdf833) x16 0x00000000
core   0: 0x80008bc6 (0x0de11f23) sh      t5, 222(sp)
core   0: 3 0x80008bc6 (0x0de11f23) mem 0x800171a4 0x0000
core   0: 0x80008bca (0x0000100f) fence.i
core   0: 3 0x80008bca (0x0000100f)
core   0: 0x80008bce (0x08314283) lbu     t0, 131(sp)
core   0: 3 0x80008bce (0x08314283) x 5 0x00000000 mem 0x80017149
core   0: 0x80008bd2 (0x00001b7d) c.addi  s6, -1
core   0: 3 0x80008bd2 (0x1b7d) x22 0xffffffff
core   0: 0x80008bd4 (0x00008fd5) c.or    a5, a3
core   0: 3 0x80008bd4 (0x8fd5) x15 0x00000001
core   0: 0x80008bd6 (0x00008431) c.srai  s0, 12
core   0: 3 0x80008bd6 (0x8431) x 8 0x00000000
core   0: 0x80008bd8 (0x001722b3) slt     t0, a4, ra
core   0: 3 0x80008bd8 (0x001722b3) x 5 0x00000000
core   0: 0x80008bdc (0xfa9bc617) auipc   a2, 0xfa9bc
core   0: 3 0x80008bdc (0xfa9bc617) x12 0x7a9c4bdc
core   0: 0x80008be0 (0xfb212a83) lw      s5, -78(sp)
core   0: 3 0x80008be0 (0xfb212a83) x21 0x00000000 mem 0x80017078
core   0: 0x80008be4 (0x0c314a83) lbu     s5, 195(sp)
core   0: 3 0x80008be4 (0x0c314a83) x21 0x00000000 mem 0x80017189
core   0: 0x80008be8 (0xf6d14183) lbu     gp, -147(sp)
core   0: 3 0x80008be8 (0xf6d14183) x 3 0x00000000 mem 0x80017033
core   0: 0x80008bec (0x0aa12403) lw      s0, 170(sp)
core   0: 3 0x80008bec (0x0aa12403) x 8 0x00000000 mem 0x80017170
core   0: 0x80008bf0 (0x00000001) c.nop
core   0: 3 0x80008bf0 (0x0001)
core   0: 0x80008bf2 (0x068108a3) sb      s0, 113(sp)
core   0: 3 0x80008bf2 (0x068108a3) mem 0x80017137 0x0
core   0: 0x80008bf6 (0x00011a17) auipc   s4, 0x11
core   0: 3 0x80008bf6 (0x00011a17) x20 0x80019bf6
core   0: 0x80008bfa (0xbcda0a13) addi    s4, s4, -1075
core   0: 3 0x80008bfa (0xbcda0a13) x20 0x800197c3
core   0: 0x80008bfe (0x00008ee9) c.and   a3, a0
core   0: 3 0x80008bfe (0x8ee9) x13 0x00000000
core   0: 0x80008c00 (0x03a23bb3) mulhu   s7, tp, s10
core   0: 3 0x80008c00 (0x03a23bb3) x23 0x341a50d5
core   0: 0x80008c04 (0x08ea4b03) lbu     s6, 142(s4)
core   0: 3 0x80008c04 (0x08ea4b03) x22 0x00000000 mem 0x80019851
core   0: 0x80008c08 (0x08ea0183) lb      gp, 142(s4)
core   0: 3 0x80008c08 (0x08ea0183) x 3 0x00000000 mem 0x80019851
core   0: 0x80008c0c (0x000087c1) c.srai  a5, 16
core   0: 3 0x80008c0c (0x87c1) x15 0x00000000
core   0: 0x80008c0e (0x00000001) c.nop
core   0: 3 0x80008c0e (0x0001)
core   0: 0x80008c10 (0x08ea0723) sb      a4, 142(s4)
core   0: 3 0x80008c10 (0x08ea0723) mem 0x80019851 0x58
core   0: 0x80008c14 (0x08ea4183) lbu     gp, 142(s4)
core   0: 3 0x80008c14 (0x08ea4183) x 3 0x00000058 mem 0x80019851
core   0: 0x80008c18 (0x09fa0723) sb      t6, 142(s4)
core   0: 3 0x80008c18 (0x09fa0723) mem 0x80019851 0x0
core   0: 0x80008c1c (0x0fda1b03) lh      s6, 253(s4)
core   0: 3 0x80008c1c (0x0fda1b03) x22 0x00000000 mem 0x800198c0
core   0: 0x80008c20 (0x0c2a4903) lbu     s2, 194(s4)
core   0: 3 0x80008c20 (0x0c2a4903) x18 0x00000000 mem 0x80019885
core   0: 0x80008c24 (0xfffa4d83) lbu     s11, -1(s4)
core   0: 3 0x80008c24 (0xfffa4d83) x27 0x00000000 mem 0x800197c2
core   0: 0x80008c28 (0x0ff0000f) fence   iorw,iorw
core   0: 3 0x80008c28 (0x0ff0000f)
core   0: 0x80008c2c (0x00000780) c.addi4spn s0, sp, 960
core   0: 3 0x80008c2c (0x0780) x 8 0x80017486
core   0: 0x80008c2e (0x000051fd) c.li    gp, -1
core   0: 3 0x80008c2e (0x51fd) x 3 0xffffffff
core   0: 0x80008c30 (0x005a5b03) lhu     s6, 5(s4)
core   0: 3 0x80008c30 (0x005a5b03) x22 0x00000000 mem 0x800197c8
core   0: 0x80008c34 (0x02ea0423) sb      a4, 40(s4)
core   0: 3 0x80008c34 (0x02ea0423) mem 0x800197eb 0x58
core   0: 0x80008c38 (0x028a0003) lb      zero, 40(s4)
core   0: 3 0x80008c38 (0x028a0003) mem 0x800197eb
core   0: 0x80008c3c (0xf0da5203) lhu     tp, -243(s4)
core   0: 3 0x80008c3c (0xf0da5203) x 4 0x00000000 mem 0x800196d0
core   0: 0x80008c40 (0xfc0a0323) sb      zero, -58(s4)
core   0: 3 0x80008c40 (0xfc0a0323) mem 0x80019789 0x0
core   0: 0x80008c44 (0xfd8a0323) sb      s8, -58(s4)
core   0: 3 0x80008c44 (0xfd8a0323) mem 0x80019789 0x1
core   0: 0x80008c48 (0xfc6a0783) lb      a5, -58(s4)
core   0: 3 0x80008c48 (0xfc6a0783) x15 0x00000001 mem 0x80019789
core   0: 0x80008c4c (0x0000a117) auipc   sp, 0xa
core   0: 3 0x80008c4c (0x0000a117) x 2 0x80012c4c
core   0: 0x80008c50 (0x4bd10113) addi    sp, sp, 1213
core   0: 3 0x80008c50 (0x4bd10113) x 2 0x80013109
core   0: 0x80008c54 (0x03810783) lb      a5, 56(sp)
core   0: 3 0x80008c54 (0x03810783) x15 0x00000000 mem 0x80013141
core   0: 0x80008c58 (0x03814283) lbu     t0, 56(sp)
core   0: 3 0x80008c58 (0x03814283) x 5 0x00000000 mem 0x80013141
core   0: 0x80008c5c (0x03814d83) lbu     s11, 56(sp)
core   0: 3 0x80008c5c (0x03814d83) x27 0x00000000 mem 0x80013141
core   0: 0x80008c60 (0x00009eee) c.add   t4, s11
core   0: 3 0x80008c60 (0x9eee) x29 0x00000000
core   0: 0x80008c62 (0xfe810123) sb      s0, -30(sp)
core   0: 3 0x80008c62 (0xfe810123) mem 0x800130eb 0x86
core   0: 0x80008c66 (0xfe214603) lbu     a2, -30(sp)
core   0: 3 0x80008c66 (0xfe214603) x12 0x00000086 mem 0x800130eb
core   0: 0x80008c6a (0xfe710123) sb      t2, -30(sp)
core   0: 3 0x80008c6a (0xfe710123) mem 0x800130eb 0x0
core   0: 0x80008c6e (0xfe210803) lb      a6, -30(sp)
core   0: 3 0x80008c6e (0xfe210803) x16 0x00000000 mem 0x800130eb
core   0: 0x80008c72 (0x00008d55) c.or    a0, a3
core   0: 3 0x80008c72 (0x8d55) x10 0x07ffdc72
core   0: 0x80008c74 (0xfe214b03) lbu     s6, -30(sp)
core   0: 3 0x80008c74 (0xfe214b03) x22 0x00000000 mem 0x800130eb
core   0: 0x80008c78 (0xfe210123) sb      sp, -30(sp)
core   0: 3 0x80008c78 (0xfe210123) mem 0x800130eb 0x9
core   0: 0x80008c7c (0x00000001) c.nop
core   0: 3 0x80008c7c (0x0001)
core   0: 0x80008c7e (0x012c99b3) sll     s3, s9, s2
core   0: 3 0x80008c7e (0x012c99b3) x19 0x800230e0
core   0: 0x80008c82 (0xfe214d83) lbu     s11, -30(sp)
core   0: 3 0x80008c82 (0xfe214d83) x27 0x00000009 mem 0x800130eb
core   0: 0x80008c86 (0xfff10123) sb      t6, -30(sp)
core   0: 3 0x80008c86 (0xfff10123) mem 0x800130eb 0x0
core   0: 0x80008c8a (0x00000ff2) c.slli  t6, 28
core   0: 3 0x80008c8a (0x0ff2) x31 0x00000000
core   0: 0x80008c8c (0xfe210483) lb      s1, -30(sp)
core   0: 3 0x80008c8c (0xfe210483) x 9 0x00000000 mem 0x800130eb
core   0: 0x80008c90 (0x80e33213) sltiu   tp, t1, -2034
core   0: 3 0x80008c90 (0x80e33213) x 4 0x00000001
core   0: 0x80008c94 (0x00008cb5) c.xor   s1, a3
core   0: 3 0x80008c94 (0x8cb5) x 9 0x00000000
core   0: 0x80008c96 (0x03c14903) lbu     s2, 60(sp)
core   0: 3 0x80008c96 (0x03c14903) x18 0x000000e4 mem 0x80013145
core   0: 0x80008c9a (0x02610e23) sb      t1, 60(sp)
core   0: 3 0x80008c9a (0x02610e23) mem 0x80013145 0x0
core   0: 0x80008c9e (0xfc910283) lb      t0, -55(sp)
core   0: 3 0x80008c9e (0xfc910283) x 5 0x00000000 mem 0x800130d2
core   0: 0x80008ca2 (0xffe110a3) sh      t5, -31(sp)
core   0: 3 0x80008ca2 (0xffe110a3) mem 0x800130ea 0x0000
core   0: 0x80008ca6 (0x0000be97) auipc   t4, 0xb
core   0: 3 0x80008ca6 (0x0000be97) x29 0x80013ca6
core   0: 0x80008caa (0xa99e8e93) addi    t4, t4, -1383
core   0: 3 0x80008caa (0xa99e8e93) x29 0x8001373f
core   0: 0x80008cae (0x65eec003) lbu     zero, 1630(t4)
core   0: 3 0x80008cae (0x65eec003) mem 0x80013d9d
core   0: 0x80008cb2 (0x0000ea97) auipc   s5, 0xe
core   0: 3 0x80008cb2 (0x0000ea97) x21 0x80016cb2
core   0: 0x80008cb6 (0xc5ca8a93) addi    s5, s5, -932
core   0: 3 0x80008cb6 (0xc5ca8a93) x21 0x8001690e
core   0: 0x80008cba (0xe1fe8823) sb      t6, -496(t4)
core   0: 3 0x80008cba (0xe1fe8823) mem 0x8001354f 0x0
core   0: 0x80008cbe (0x30ce90a3) sh      a2, 769(t4)
core   0: 3 0x80008cbe (0x30ce90a3) mem 0x80013a40 0x0086
core   0: 0x80008cc2 (0x200e8483) lb      s1, 512(t4)
core   0: 3 0x80008cc2 (0x200e8483) x 9 0x00000000 mem 0x8001393f
core   0: 0x80008cc6 (0xff2aab83) lw      s7, -14(s5)
core   0: 3 0x80008cc6 (0xff2aab83) x23 0x00000000 mem 0x80016900
core   0: 0x80008cca (0xe41e97a3) sh      ra, -433(t4)
core   0: 3 0x80008cca (0xe41e97a3) mem 0x8001358e 0x3dd0
core   0: 0x80008cce (0xfd7a9223) sh      s7, -60(s5)
core   0: 3 0x80008cce (0xfd7a9223) mem 0x800168d2 0x0000
core   0: 0x80008cd2 (0x014a87a3) sb      s4, 15(s5)
core   0: 3 0x80008cd2 (0x014a87a3) mem 0x8001691d 0xc3
core   0: 0x80008cd6 (0x740e8023) sb      zero, 1856(t4)
core   0: 3 0x80008cd6 (0x740e8023) mem 0x80013e7f 0x0
core   0: 0x80008cda (0x023ac083) lbu     ra, 35(s5)
core   0: 3 0x80008cda (0x023ac083) x 1 0x00000000 mem 0x80016931
core   0: 0x80008cde (0x040adf83) lhu     t6, 64(s5)
core   0: 3 0x80008cde (0x040adf83) x31 0x00000000 mem 0x8001694e
core   0: 0x80008ce2 (0x27aecd03) lbu     s10, 634(t4)
core   0: 3 0x80008ce2 (0x27aecd03) x26 0x00000000 mem 0x800139b9
core   0: 0x80008ce6 (0x649e8a03) lb      s4, 1609(t4)
core   0: 3 0x80008ce6 (0x649e8a03) x20 0x00000000 mem 0x80013d88
core   0: 0x80008cea (0xfe7a87a3) sb      t2, -17(s5)
core   0: 3 0x80008cea (0xfe7a87a3) mem 0x800168fd 0x0
core   0: 0x80008cee (0xdd8e8b83) lb      s7, -552(t4)
core   0: 3 0x80008cee (0xdd8e8b83) x23 0x00000000 mem 0x80013517
core   0: 0x80008cf2 (0x0efed203) lhu     tp, 239(t4)
core   0: 3 0x80008cf2 (0x0efed203) x 4 0x00000000 mem 0x8001382e
core   0: 0x80008cf6 (0x040a9683) lh      a3, 64(s5)
core   0: 3 0x80008cf6 (0x040a9683) x13 0x00000000 mem 0x8001694e
core   0: 0x80008cfa (0x00010517) auipc   a0, 0x10
core   0: 3 0x80008cfa (0x00010517) x10 0x80018cfa
core   0: 0x80008cfe (0xd9150513) addi    a0, a0, -623
core   0: 3 0x80008cfe (0xd9150513) x10 0x80018a8b
core   0: 0x80008d02 (0x01954783) lbu     a5, 25(a0)
core   0: 3 0x80008d02 (0x01954783) x15 0x00000000 mem 0x80018aa4
core   0: 0x80008d06 (0x0000881d) c.andi  s0, 7
core   0: 3 0x80008d06 (0x881d) x 8 0x00000006
core   0: 0x80008d08 (0x01c50ca3) sb      t3, 25(a0)
core   0: 3 0x80008d08 (0x01c50ca3) mem 0x80018aa4 0x0
core   0: 0x80008d0c (0x87033d13) sltiu   s10, t1, -1936
core   0: 3 0x80008d0c (0x87033d13) x26 0x00000001
core   0: 0x80008d10 (0x01750a23) sb      s7, 20(a0)
core   0: 3 0x80008d10 (0x01750a23) mem 0x80018a9f 0x0
core   0: 0x80008d14 (0x03a50523) sb      s10, 42(a0)
core   0: 3 0x80008d14 (0x03a50523) mem 0x80018ab5 0x1
core   0: 0x80008d18 (0x02a50783) lb      a5, 42(a0)
core   0: 3 0x80008d18 (0x02a50783) x15 0x00000001 mem 0x80018ab5
core   0: 0x80008d1c (0x03350523) sb      s3, 42(a0)
core   0: 3 0x80008d1c (0x03350523) mem 0x80018ab5 0xe0
core   0: 0x80008d20 (0x03c50523) sb      t3, 42(a0)
core   0: 3 0x80008d20 (0x03c50523) mem 0x80018ab5 0x0
core   0: 0x80008d24 (0x02a54083) lbu     ra, 42(a0)
core   0: 3 0x80008d24 (0x02a54083) x 1 0x00000000 mem 0x80018ab5
core   0: 0x80008d28 (0x02a50a83) lb      s5, 42(a0)
core   0: 3 0x80008d28 (0x02a50a83) x21 0x00000000 mem 0x80018ab5
core   0: 0x80008d2c (0x03e50523) sb      t5, 42(a0)
core   0: 3 0x80008d2c (0x03e50523) mem 0x80018ab5 0x0
core   0: 0x80008d30 (0x03d50523) sb      t4, 42(a0)
core   0: 3 0x80008d30 (0x03d50523) mem 0x80018ab5 0x3f
core   0: 0x80008d34 (0x0000100f) fence.i
core   0: 3 0x80008d34 (0x0000100f)
core   0: 0x80008d38 (0x02a50e03) lb      t3, 42(a0)
core   0: 3 0x80008d38 (0x02a50e03) x28 0x0000003f mem 0x80018ab5
core   0: 0x80008d3c (0x01054483) lbu     s1, 16(a0)
core   0: 3 0x80008d3c (0x01054483) x 9 0x00000000 mem 0x80018a9b
core   0: 0x80008d40 (0x01050883) lb      a7, 16(a0)
core   0: 3 0x80008d40 (0x01050883) x17 0x00000000 mem 0x80018a9b
core   0: 0x80008d44 (0xb5369797) auipc   a5, 0xb5369
core   0: 3 0x80008d44 (0xb5369797) x15 0x35371d44
core   0: 0x80008d48 (0x0ff0000f) fence   iorw,iorw
core   0: 3 0x80008d48 (0x0ff0000f)
core   0: 0x80008d4c (0x01050603) lb      a2, 16(a0)
core   0: 3 0x80008d4c (0x01050603) x12 0x00000000 mem 0x80018a9b
core   0: 0x80008d50 (0x0000b117) auipc   sp, 0xb
core   0: 3 0x80008d50 (0x0000b117) x 2 0x80013d50
core   0: 0x80008d54 (0xc9a10113) addi    sp, sp, -870
core   0: 3 0x80008d54 (0xc9a10113) x 2 0x800139ea
core   0: 0x80008d58 (0x03314e03) lbu     t3, 51(sp)
core   0: 3 0x80008d58 (0x03314e03) x28 0x00000000 mem 0x80013a1d
core   0: 0x80008d5c (0xffc15183) lhu     gp, -4(sp)
core   0: 3 0x80008d5c (0xffc15183) x 3 0x00000000 mem 0x800139e6
core   0: 0x80008d60 (0x029108a3) sb      s1, 49(sp)
core   0: 3 0x80008d60 (0x029108a3) mem 0x80013a1b 0x0
core   0: 0x80008d64 (0x00000001) c.nop
core   0: 3 0x80008d64 (0x0001)
core   0: 0x80008d66 (0x61770537) lui     a0, 0x61770
core   0: 3 0x80008d66 (0x61770537) x10 0x61770000
core   0: 0x80008d6a (0x00510303) lb      t1, 5(sp)
core   0: 3 0x80008d6a (0x00510303) x 6 0x00000000 mem 0x800139ef
core   0: 0x80008d6e (0x024bbc33) mulhu   s8, s7, tp
core   0: 3 0x80008d6e (0x024bbc33) x24 0x00000000
core   0: 0x80008d72 (0x0ff0000f) fence   iorw,iorw
core   0: 3 0x80008d72 (0x0ff0000f)
core   0: 0x80008d76 (0xfdc12523) sw      t3, -54(sp)
core   0: 3 0x80008d76 (0xfdc12523) mem 0x800139b4 0x00000000
core   0: 0x80008d7a (0x00008fe5) c.and   a5, s1
core   0: 3 0x80008d7a (0x8fe5) x15 0x00000000
core   0: 0x80008d7c (0xfdc14a03) lbu     s4, -36(sp)
core   0: 3 0x80008d7c (0xfdc14a03) x20 0x00000000 mem 0x800139c6
core   0: 0x80008d80 (0x00f3b1b3) sltu    gp, t2, a5
core   0: 3 0x80008d80 (0x00f3b1b3) x 3 0x00000000
core   0: 0x80008d84 (0xfdc11603) lh      a2, -36(sp)
core   0: 3 0x80008d84 (0xfdc11603) x12 0xffffdf00 mem 0x800139c6
core   0: 0x80008d88 (0x000003f2) c.slli  t2, 28
core   0: 3 0x80008d88 (0x03f2) x 7 0x00000000
core   0: 0x80008d8a (0x00415483) lhu     s1, 4(sp)
core   0: 3 0x80008d8a (0x00415483) x 9 0x00000000 mem 0x800139ee
core   0: 0x80008d8e (0x02d14003) lbu     zero, 45(sp)
core   0: 3 0x80008d8e (0x02d14003) mem 0x80013a17
core   0: 0x80008d92 (0xfcc11283) lh      t0, -52(sp)
core   0: 3 0x80008d92 (0xfcc11283) x 5 0x00000000 mem 0x800139b6
core   0: 0x80008d96 (0x03310323) sb      s3, 38(sp)
core   0: 3 0x80008d96 (0x03310323) mem 0x80013a10 0xe0
core   0: 0x80008d9a (0x02612903) lw      s2, 38(sp)
core   0: 3 0x80008d9a (0x02612903) x18 0x000000e0 mem 0x80013a10
core   0: 0x80008d9e (0x0000c031) c.beqz  s0, pc + 68
core   0: 3 0x80008d9e (0xc031)
core   0: 0x80008da0 (0x00077093) andi    ra, a4, 0
core   0: 3 0x80008da0 (0x00077093) x 1 0x00000000
core   0: 0x80008da4 (0x03436833) rem     a6, t1, s4
core   0: 3 0x80008da4 (0x03436833) x16 0x00000000
core   0: 0x80008da8 (0xfd591797) auipc   a5, 0xfd591
core   0: 3 0x80008da8 (0xfd591797) x15 0x7d599da8
core   0: 0x80008dac (0xb474cb13) xori    s6, s1, -1209
core   0: 3 0x80008dac (0xb474cb13) x22 0xfffffb47
core   0: 0x80008db0 (0x00000001) c.nop
core   0: 3 0x80008db0 (0x0001)
core   0: 0x80008db2 (0x02776863) bltu    a4, t2, pc + 48
core   0: 3 0x80008db2 (0x02776863)
core   0: 0x80008db6 (0x00fd1a63) bne     s10, a5, pc + 20
core   0: 3 0x80008db6 (0x00fd1a63)
core   0: 0x80008dca (0x002f9613) slli    a2, t6, 2
core   0: 3 0x80008dca (0x002f9613) x12 0x00000000
core   0: 0x80008dce (0x00008eed) c.and   a3, a1
core   0: 3 0x80008dce (0x8eed) x13 0x00000000
core   0: 0x80008dd0 (0x00df3fb3) sltu    t6, t5, a3
core   0: 3 0x80008dd0 (0x00df3fb3) x31 0x00000000
core   0: 0x80008dd4 (0x245c6113) ori     sp, s8, 581
core   0: 3 0x80008dd4 (0x245c6113) x 2 0x00000245
core   0: 0x80008dd8 (0x0000100f) fence.i
core   0: 3 0x80008dd8 (0x0000100f)
core   0: 0x80008ddc (0x00b21363) bne     tp, a1, pc + 6
core   0: 3 0x80008ddc (0x00b21363)
core   0: 0x80008de2 (0x025be533) rem     a0, s7, t0
core   0: 3 0x80008de2 (0x025be533) x10 0x00000000
core   0: 0x80008de6 (0x00878033) add     zero, a5, s0
core   0: 3 0x80008de6 (0x00878033)
core   0: 0x80008dea (0x0000717d) c.addi16sp sp, -16
core   0: 3 0x80008dea (0x717d) x 2 0x00000235
core   0: 0x80008dec (0x0ff0000f) fence   iorw,iorw
core   0: 3 0x80008dec (0x0ff0000f)
core   0: 0x80008df0 (0x032d4263) blt     s10, s2, pc + 36
core   0: 3 0x80008df0 (0x032d4263)
core   0: 0x80008e14 (0x0ff0000f) fence   iorw,iorw
core   0: 3 0x80008e14 (0x0ff0000f)
core   0: 0x80008e18 (0x01b83233) sltu    tp, a6, s11
core   0: 3 0x80008e18 (0x01b83233) x 4 0x00000001
core   0: 0x80008e1c (0x022c7333) remu    t1, s8, sp
core   0: 3 0x80008e1c (0x022c7333) x 6 0x00000000
core   0: 0x80008e20 (0x14bbc413) xori    s0, s7, 331
core   0: 3 0x80008e20 (0x14bbc413) x 8 0x0000014b
core   0: 0x80008e24 (0x028fec33) rem     s8, t6, s0
core   0: 3 0x80008e24 (0x028fec33) x24 0x00000000
core   0: 0x80008e28 (0x410d54b3) sra     s1, s10, a6
core   0: 3 0x80008e28 (0x410d54b3) x 9 0x00000001
core   0: 0x80008e2c (0x00507ab3) and     s5, zero, t0
core   0: 3 0x80008e2c (0x00507ab3) x21 0x00000000
core   0: 0x80008e30 (0x0000100f) fence.i
core   0: 3 0x80008e30 (0x0000100f)
core   0: 0x80008e34 (0x0000852e) c.mv    a0, a1
core   0: 3 0x80008e34 (0x852e) x10 0x8002cce4
core   0: 0x80008e36 (0x00009d62) c.add   s10, s8
core   0: 3 0x80008e36 (0x9d62) x26 0x00000001
core   0: 0x80008e38 (0x11fc6017) auipc   zero, 0x11fc6
core   0: 3 0x80008e38 (0x11fc6017)
core   0: 0x80008e3c (0x033f4663) blt     t5, s3, pc + 44
core   0: 3 0x80008e3c (0x033f4663)
core   0: 0x80008e68 (0x00008cd1) c.or    s1, a2
core   0: 3 0x80008e68 (0x8cd1) x 9 0x00000001
core   0: 0x80008e6a (0x632b7a93) andi    s5, s6, 1586
core   0: 3 0x80008e6a (0x632b7a93) x21 0x00000202
core   0: 0x80008e6e (0x00000001) c.nop
core   0: 3 0x80008e6e (0x0001)
core   0: 0x80008e70 (0x00009d7a) c.add   s10, t5
core   0: 3 0x80008e70 (0x9d7a) x26 0x80000001
core   0: 0x80008e72 (0x026b7633) remu    a2, s6, t1
core   0: 3 0x80008e72 (0x026b7633) x12 0xfffffb47
core   0: 0x80008e76 (0x03b0c833) div     a6, ra, s11
core   0: 3 0x80008e76 (0x03b0c833) x16 0x00000000
core   0: 0x80008e7a (0x00008fe6) c.mv    t6, s9
core   0: 3 0x80008e7a (0x8fe6) x31 0x800230e0
core   0: 0x80008e7c (0x00009cee) c.add   s9, s11
core   0: 3 0x80008e7c (0x9cee) x25 0x800230e9
core   0: 0x80008e7e (0x0000100f) fence.i
core   0: 3 0x80008e7e (0x0000100f)
core   0: 0x80008e82 (0x035c4c33) div     s8, s8, s5
core   0: 3 0x80008e82 (0x035c4c33) x24 0x00000000
core   0: 0x80008e86 (0x00008005) c.srli  s0, 1
core   0: 3 0x80008e86 (0x8005) x 8 0x000000a5
core   0: 0x80008e88 (0x000061b9) c.lui   gp, 0xe
core   0: 3 0x80008e88 (0x61b9) x 3 0x0000e000
core   0: 0x80008e8a (0x01f9df63) bge     s3, t6, pc + 30
core   0: 3 0x80008e8a (0x01f9df63)
core   0: 0x80008ea8 (0x03afdf63) bge     t6, s10, pc + 62
core   0: 3 0x80008ea8 (0x03afdf63)
core   0: 0x80008ee6 (0x00000f9c) c.addi4spn a5, sp, 976
core   0: 3 0x80008ee6 (0x0f9c) x15 0x00000605
core   0: 0x80008ee8 (0x00008d21) c.xor   a0, s0
core   0: 3 0x80008ee8 (0x8d21) x10 0x8002cc41
core   0: 0x80008eea (0x02c15133) divu    sp, sp, a2
core   0: 3 0x80008eea (0x02c15133) x 2 0x00000000
core   0: 0x80008eee (0x00008fd5) c.or    a5, a3
core   0: 3 0x80008eee (0x8fd5) x15 0x00000605
core   0: 0x80008ef0 (0x94472c13) slti    s8, a4, -1724
core   0: 3 0x80008ef0 (0x94472c13) x24 0x00000001
core   0: 0x80008ef4 (0x0000100f) fence.i
core   0: 3 0x80008ef4 (0x0000100f)
core   0: 0x80008ef8 (0x00000001) c.nop
core   0: 3 0x80008ef8 (0x0001)
core   0: 0x80008efa (0x00008206) c.mv    tp, ra
core   0: 3 0x80008efa (0x8206) x 4 0x00000000
core   0: 0x80008efc (0x024c8d63) beq     s9, tp, pc + 58
core   0: 3 0x80008efc (0x024c8d63)
core   0: 0x80008f00 (0x0000eb8d) c.bnez  a5, pc + 50
core   0: 3 0x80008f00 (0xeb8d)
core   0: 0x80008f32 (0x002b52b3) srl     t0, s6, sp
core   0: 3 0x80008f32 (0x002b52b3) x 5 0xfffffb47
core   0: 0x80008f36 (0x00000001) c.nop
core   0: 3 0x80008f36 (0x0001)
core   0: 0x80008f38 (0x00008edd) c.or    a3, a5
core   0: 3 0x80008f38 (0x8edd) x13 0x00000605
core   0: 0x80008f3a (0xba7dad93) slti    s11, s11, -1113
core   0: 3 0x80008f3a (0xba7dad93) x27 0x00000000
core   0: 0x80008f3e (0x035d7d33) remu    s10, s10, s5
core   0: 3 0x80008f3e (0x035d7d33) x26 0x00000183
core   0: 0x80008f42 (0x00fe8563) beq     t4, a5, pc + 10
core   0: 3 0x80008f42 (0x00fe8563)
core   0: 0x80008f46 (0x00006a21) c.lui   s4, 0x8
core   0: 3 0x80008f46 (0x6a21) x20 0x00008000
core   0: 0x80008f48 (0x00f46bb3) or      s7, s0, a5
core   0: 3 0x80008f48 (0x00f46bb3) x23 0x000006a5
core   0: 0x80008f4c (0x00000d5a) c.slli  s10, 22
core   0: 3 0x80008f4c (0x0d5a) x26 0x60c00000
core   0: 0x80008f4e (0x01a67a63) bgeu    a2, s10, pc + 20
core   0: 3 0x80008f4e (0x01a67a63)
core   0: 0x80008f62 (0x00009962) c.add   s2, s8
core   0: 3 0x80008f62 (0x9962) x18 0x000000e1
core   0: 0x80008f64 (0x00008fad) c.xor   a5, a1
core   0: 3 0x80008f64 (0x8fad) x15 0x8002cae1
core   0: 0x80008f66 (0x00008821) c.andi  s0, 8
core   0: 3 0x80008f66 (0x8821) x 8 0x00000000
core   0: 0x80008f68 (0x00008659) c.srai  a2, 22
core   0: 3 0x80008f68 (0x8659) x12 0xffffffff
core   0: 0x80008f6a (0x0000100f) fence.i
core   0: 3 0x80008f6a (0x0000100f)
core   0: 0x80008f6e (0x0293bb33) mulhu   s6, t2, s1
core   0: 3 0x80008f6e (0x0293bb33) x22 0x00000000
core   0: 0x80008f72 (0x417a0033) sub     zero, s4, s7
core   0: 3 0x80008f72 (0x417a0033)
core   0: 0x80008f76 (0x00009312) c.add   t1, tp
core   0: 3 0x80008f76 (0x9312) x 6 0x00000000
core   0: 0x80008f78 (0x0820c413) xori    s0, ra, 130
core   0: 3 0x80008f78 (0x0820c413) x 8 0x00000082
core   0: 0x80008f7c (0x0000587d) c.li    a6, -1
core   0: 3 0x80008f7c (0x587d) x16 0xffffffff
core   0: 0x80008f7e (0x00001090) c.addi4spn a2, sp, 96
core   0: 3 0x80008f7e (0x1090) x12 0x00000060
core   0: 0x80008f80 (0xbfb3f613) andi    a2, t2, -1029
core   0: 3 0x80008f80 (0xbfb3f613) x12 0x00000000
core   0: 0x80008f84 (0x0ff0000f) fence   iorw,iorw
core   0: 3 0x80008f84 (0x0ff0000f)
core   0: 0x80008f88 (0x0fcde463) bltu    s11, t3, pc + 232
core   0: 3 0x80008f88 (0x0fcde463)
core   0: 0x80008f8c (0x01381613) slli    a2, a6, 19
core   0: 3 0x80008f8c (0x01381613) x12 0xfff80000
core   0: 0x80008f90 (0x00008a96) c.mv    s5, t0
core   0: 3 0x80008f90 (0x8a96) x21 0xfffffb47
core   0: 0x80008f92 (0x000082d1) c.srli  a3, 20
core   0: 3 0x80008f92 (0x82d1) x13 0x00000000
core   0: 0x80008f94 (0x0000b117) auipc   sp, 0xb
core   0: 3 0x80008f94 (0x0000b117) x 2 0x80013f94
core   0: 0x80008f98 (0xe6a10113) addi    sp, sp, -406
core   0: 3 0x80008f98 (0xe6a10113) x 2 0x80013dfe
core   0: 0x80008f9c (0xff214783) lbu     a5, -14(sp)
core   0: 3 0x80008f9c (0xff214783) x15 0x00000000 mem 0x80013df0
core   0: 0x80008fa0 (0xff310f83) lb      t6, -13(sp)
core   0: 3 0x80008fa0 (0xff310f83) x31 0x00000000 mem 0x80013df1
core   0: 0x80008fa4 (0xdced2d93) slti    s11, s10, -562
core   0: 3 0x80008fa4 (0xdced2d93) x27 0x00000000
core   0: 0x80008fa8 (0x00006d6d) c.lui   s10, 0x1b
core   0: 3 0x80008fa8 (0x6d6d) x26 0x0001b000
core   0: 0x80008faa (0x002a8e33) add     t3, s5, sp
core   0: 3 0x80008faa (0x002a8e33) x28 0x80013945
core   0: 0x80008fae (0x00009bfd) c.andi  a5, -1
core   0: 3 0x80008fae (0x9bfd) x15 0x00000000
core   0: 0x80008fb0 (0xff411c83) lh      s9, -12(sp)
core   0: 3 0x80008fb0 (0xff411c83) x25 0x00000000 mem 0x80013df2
core   0: 0x80008fb4 (0xf97abe93) sltiu   t4, s5, -105
core   0: 3 0x80008fb4 (0xf97abe93) x29 0x00000001
core   0: 0x80008fb8 (0x00c10783) lb      a5, 12(sp)
core   0: 3 0x80008fb8 (0x00c10783) x15 0x00000026 mem 0x80013e0a
core   0: 0x80008fbc (0x00114b83) lbu     s7, 1(sp)
core   0: 3 0x80008fbc (0x00114b83) x23 0x00000000 mem 0x80013dff
core   0: 0x80008fc0 (0x00f14a03) lbu     s4, 15(sp)
core   0: 3 0x80008fc0 (0x00f14a03) x20 0x00000000 mem 0x80013e0d
core   0: 0x80008fc4 (0x00d14903) lbu     s2, 13(sp)
core   0: 3 0x80008fc4 (0x00d14903) x18 0x00000000 mem 0x80013e0b
core   0: 0x80008fc8 (0xfff10503) lb      a0, -1(sp)
core   0: 3 0x80008fc8 (0xfff10503) x10 0x00000000 mem 0x80013dfd
core   0: 0x80008fcc (0x28136513) ori     a0, t1, 641
core   0: 3 0x80008fcc (0x28136513) x10 0x00000281
core   0: 0x80008fd0 (0x00008c11) c.sub   s0, a2
core   0: 3 0x80008fd0 (0x8c11) x 8 0x00080082
core   0: 0x80008fd2 (0x0231f033) remu    zero, gp, gp
core   0: 3 0x80008fd2 (0x0231f033)
core   0: 0x80008fd6 (0x00008fc1) c.or    a5, s0
core   0: 3 0x80008fd6 (0x8fc1) x15 0x000800a6
core   0: 0x80008fd8 (0x00a12523) sw      a0, 10(sp)
core   0: 3 0x80008fd8 (0x00a12523) mem 0x80013e08 0x00000281
core   0: 0x80008fdc (0x00008ce9) c.and   s1, a0
core   0: 3 0x80008fdc (0x8ce9) x 9 0x00000001
core   0: 0x80008fde (0x010decb3) or      s9, s11, a6
core   0: 3 0x80008fde (0x010decb3) x25 0xffffffff
core   0: 0x80008fe2 (0x01010403) lb      s0, 16(sp)
core   0: 3 0x80008fe2 (0x01010403) x 8 0x00000000 mem 0x80013e0e
core   0: 0x80008fe6 (0xff614183) lbu     gp, -10(sp)
core   0: 3 0x80008fe6 (0xff614183) x 3 0x00000000 mem 0x80013df4
core   0: 0x80008fea (0xca849317) auipc   t1, 0xca849
core   0: 3 0x80008fea (0xca849317) x 6 0x4a851fea
core   0: 0x80008fee (0x00114503) lbu     a0, 1(sp)
core   0: 3 0x80008fee (0x00114503) x10 0x00000000 mem 0x80013dff
core   0: 0x80008ff2 (0x033621b3) mulhsu  gp, a2, s3
core   0: 3 0x80008ff2 (0x033621b3) x 3 0xfffbffee
core   0: 0x80008ff6 (0xffa10da3) sb      s10, -5(sp)
core   0: 3 0x80008ff6 (0xffa10da3) mem 0x80013df9 0x0
core   0: 0x80008ffa (0x0000127d) c.addi  tp, -1
core   0: 3 0x80008ffa (0x127d) x 4 0xffffffff
core   0: 0x80008ffc (0x11b5b213) sltiu   tp, a1, 283
core   0: 3 0x80008ffc (0x11b5b213) x 4 0x00000000
core   0: 0x80009000 (0x003e6933) or      s2, t3, gp
core   0: 3 0x80009000 (0x003e6933) x18 0xfffbffef
core   0: 0x80009004 (0x00008c7d) c.and   s0, a5
core   0: 3 0x80009004 (0x8c7d) x 8 0x00000000
core   0: 0x80009006 (0xfff10a03) lb      s4, -1(sp)
core   0: 3 0x80009006 (0xfff10a03) x20 0x00000000 mem 0x80013dfd
core   0: 0x8000900a (0xea298413) addi    s0, s3, -350
core   0: 3 0x8000900a (0xea298413) x 8 0x80022f82
core   0: 0x8000900e (0xffb10383) lb      t2, -5(sp)
core   0: 3 0x8000900e (0xffb10383) x 7 0x00000000 mem 0x80013df9
core   0: 0x80009012 (0xffa15483) lhu     s1, -6(sp)
core   0: 3 0x80009012 (0xffa15483) x 9 0x00000000 mem 0x80013df8
core   0: 0x80009016 (0x00810303) lb      t1, 8(sp)
core   0: 3 0x80009016 (0x00810303) x 6 0x00000000 mem 0x80013e06
core   0: 0x8000901a (0x000102a3) sb      zero, 5(sp)
core   0: 3 0x8000901a (0x000102a3) mem 0x80013e03 0x0
core   0: 0x8000901e (0x00911623) sh      s1, 12(sp)
core   0: 3 0x8000901e (0x00911623) mem 0x80013e0a 0x0000
core   0: 0x80009022 (0x039e51b3) divu    gp, t3, s9
core   0: 3 0x80009022 (0x039e51b3) x 3 0x00000000
core   0: 0x80009026 (0x01010183) lb      gp, 16(sp)
core   0: 3 0x80009026 (0x01010183) x 3 0x00000000 mem 0x80013e0e
core   0: 0x8000902a (0xfef10da3) sb      a5, -5(sp)
core   0: 3 0x8000902a (0xfef10da3) mem 0x80013df9 0xa6
core   0: 0x8000902e (0x02a39fb3) mulh    t6, t2, a0
core   0: 3 0x8000902e (0x02a39fb3) x31 0x00000000
core   0: 0x80009032 (0x635cb313) sltiu   t1, s9, 1589
core   0: 3 0x80009032 (0x635cb313) x 6 0x00000000
core   0: 0x80009036 (0xfe010fa3) sb      zero, -1(sp)
core   0: 3 0x80009036 (0xfe010fa3) mem 0x80013dfd 0x0
core   0: 0x8000903a (0xff314503) lbu     a0, -13(sp)
core   0: 3 0x8000903a (0xff314503) x10 0x00000000 mem 0x80013df1
core   0: 0x8000903e (0x0000100f) fence.i
core   0: 3 0x8000903e (0x0000100f)
core   0: 0x80009042 (0x00931e93) slli    t4, t1, 9
core   0: 3 0x80009042 (0x00931e93) x29 0x00000000
core   0: 0x80009046 (0xba133cb7) lui     s9, 0xba133
core   0: 3 0x80009046 (0xba133cb7) x25 0xba133000
core   0: 0x8000904a (0x00e104a3) sb      a4, 9(sp)
core   0: 3 0x8000904a (0x00e104a3) mem 0x80013e07 0x58
core   0: 0x8000904e (0x017a0233) add     tp, s4, s7
core   0: 3 0x8000904e (0x017a0233) x 4 0x00000000
core   0: 0x80009052 (0x00d10b03) lb      s6, 13(sp)
core   0: 3 0x80009052 (0x00d10b03) x22 0x00000000 mem 0x80013e0b
core   0: 0x80009056 (0x00008911) c.andi  a0, 4
core   0: 3 0x80009056 (0x8911) x10 0x00000000
core   0: 0x80009058 (0x00211193) slli    gp, sp, 2
core   0: 3 0x80009058 (0x00211193) x 3 0x0004f7f8
core   0: 0x8000905c (0x0ff0000f) fence   iorw,iorw
core   0: 3 0x8000905c (0x0ff0000f)
core   0: 0x80009060 (0x013104a3) sb      s3, 9(sp)
core   0: 3 0x80009060 (0x013104a3) mem 0x80013e07 0xe0
core   0: 0x80009064 (0x00008f89) c.sub   a5, a0
core   0: 3 0x80009064 (0x8f89) x15 0x000800a6
core   0: 0x80009066 (0xff810e03) lb      t3, -8(sp)
core   0: 3 0x80009066 (0xff810e03) x28 0x0000004c mem 0x80013df6
core   0: 0x8000906a (0x87d4b313) sltiu   t1, s1, -1923
core   0: 3 0x8000906a (0x87d4b313) x 6 0x00000001
core   0: 0x8000906e (0x000063ad) c.lui   t2, 0xb
core   0: 3 0x8000906e (0x63ad) x 7 0x0000b000
core   0: 0x80009070 (0x01715db3) srl     s11, sp, s7
core   0: 3 0x80009070 (0x01715db3) x27 0x80013dfe
core   0: 0x80009074 (0x02041ab3) mulh    s5, s0, zero
core   0: 3 0x80009074 (0x02041ab3) x21 0x00000000
core   0: 0x80009078 (0x00008169) c.srli  a0, 26
core   0: 3 0x80009078 (0x8169) x10 0x00000000
core   0: 0x8000907a (0x00a04ab3) xor     s5, zero, a0
core   0: 3 0x8000907a (0x00a04ab3) x21 0x00000000
core   0: 0x8000907e (0x00009b96) c.add   s7, t0
core   0: 3 0x8000907e (0x9b96) x23 0xfffffb47
core   0: 0x80009080 (0x0000942a) c.add   s0, a0
core   0: 3 0x80009080 (0x942a) x 8 0x80022f82
core   0: 0x80009082 (0x03be0433) mul     s0, t3, s11
core   0: 3 0x80009082 (0x03be0433) x 8 0x005e6768
core   0: 0x80009086 (0x00006149) c.addi16sp sp, 144
core   0: 3 0x80009086 (0x6149) x 2 0x80013e8e
core   0: 0x80009088 (0x03296c63) bltu    s2, s2, pc + 56
core   0: 3 0x80009088 (0x03296c63)
core   0: 0x8000908c (0x00000a69) c.addi  s4, 26
core   0: 3 0x8000908c (0x0a69) x20 0x0000001a
core   0: 0x8000908e (0x7665a013) slti    zero, a1, 1894
core   0: 3 0x8000908e (0x7665a013)
core   0: 0x80009092 (0xf7994093) xori    ra, s2, -135
core   0: 3 0x80009092 (0xf7994093) x 1 0x00040096
core   0: 0x80009096 (0x4e880897) auipc   a7, 0x4e880
core   0: 3 0x80009096 (0x4e880897) x17 0xce889096
core   0: 0x8000909a (0x00009406) c.add   s0, ra
core   0: 3 0x8000909a (0x9406) x 8 0x006267fe
core   0: 0x8000909c (0x00006e61) c.lui   t3, 0x18
core   0: 3 0x8000909c (0x6e61) x28 0x00018000
core   0: 0x8000909e (0x000087a1) c.srai  a5, 8
core   0: 3 0x8000909e (0x87a1) x15 0x00000800
core   0: 0x800090a0 (0x02b2d633) divu    a2, t0, a1
core   0: 3 0x800090a0 (0x02b2d633) x12 0x00000001
core   0: 0x800090a4 (0x02dd57b3) divu    a5, s10, a3
core   0: 3 0x800090a4 (0x02dd57b3) x15 0xffffffff
core   0: 0x800090a8 (0x6c963313) sltiu   t1, a2, 1737
core   0: 3 0x800090a8 (0x6c963313) x 6 0x00000001
core   0: 0x800090ac (0x0166e263) bltu    a3, s6, pc + 4
core   0: 3 0x800090ac (0x0166e263)
core   0: 0x800090b0 (0x029934b3) mulhu   s1, s2, s1
core   0: 3 0x800090b0 (0x029934b3) x 9 0x00000000
core   0: 0x800090b4 (0x0145d393) srli    t2, a1, 20
core   0: 3 0x800090b4 (0x0145d393) x 7 0x00000800
core   0: 0x800090b8 (0x02efb433) mulhu   s0, t6, a4
core   0: 3 0x800090b8 (0x02efb433) x 8 0x00000000
core   0: 0x800090bc (0xf337ca13) xori    s4, a5, -205
core   0: 3 0x800090bc (0xf337ca13) x20 0x000000cc
core   0: 0x800090c0 (0x0000717d) c.addi16sp sp, -16
core   0: 3 0x800090c0 (0x717d) x 2 0x80013e7e
core   0: 0x800090c2 (0xd1267793) andi    a5, a2, -750
core   0: 3 0x800090c2 (0xd1267793) x15 0x00000000
core   0: 0x800090c6 (0x0000c901) c.beqz  a0, pc + 16
core   0: 3 0x800090c6 (0xc901)
core   0: 0x800090d6 (0x002640b3) xor     ra, a2, sp
core   0: 3 0x800090d6 (0x002640b3) x 1 0x80013e7f
core   0: 0x800090da (0x0000616d) c.addi16sp sp, 240
core   0: 3 0x800090da (0x616d) x 2 0x80013f6e
core   0: 0x800090dc (0x03c1e633) rem     a2, gp, t3
core   0: 3 0x800090dc (0x03c1e633) x12 0x000077f8
core   0: 0x800090e0 (0x000086b5) c.srai  a3, 13
core   0: 3 0x800090e0 (0x86b5) x13 0x00000000
core   0: 0x800090e2 (0x00005cfd) c.li    s9, -1
core   0: 3 0x800090e2 (0x5cfd) x25 0xffffffff
core   0: 0x800090e4 (0x007a01b3) add     gp, s4, t2
core   0: 3 0x800090e4 (0x007a01b3) x 3 0x000008cc
core   0: 0x800090e8 (0x02ebe333) rem     t1, s7, a4
core   0: 3 0x800090e8 (0x02ebe333) x 6 0xfffffb47
core   0: 0x800090ec (0x023e8db3) mul     s11, t4, gp
core   0: 3 0x800090ec (0x023e8db3) x27 0x00000000
core   0: 0x800090f0 (0x02bbabb3) mulhsu  s7, s7, a1
core   0: 3 0x800090f0 (0x02bbabb3) x23 0xfffffda3
core   0: 0x800090f4 (0xae053313) sltiu   t1, a0, -1312
core   0: 3 0x800090f4 (0xae053313) x 6 0x00000001
core   0: 0x800090f8 (0x020de8b3) rem     a7, s11, zero
core   0: 3 0x800090f8 (0x020de8b3) x17 0x00000000
core   0: 0x800090fc (0x016776b3) and     a3, a4, s6
core   0: 3 0x800090fc (0x016776b3) x13 0x00000000
core   0: 0x80009100 (0x0ff0000f) fence   iorw,iorw
core   0: 3 0x80009100 (0x0ff0000f)
core   0: 0x80009104 (0x0044bcb3) sltu    s9, s1, tp
core   0: 3 0x80009104 (0x0044bcb3) x25 0x00000000
core   0: 0x80009108 (0x40d2d513) srai    a0, t0, 13
core   0: 3 0x80009108 (0x40d2d513) x10 0xffffffff
core   0: 0x8000910c (0x009453b3) srl     t2, s0, s1
core   0: 3 0x8000910c (0x009453b3) x 7 0x00000000
core   0: 0x80009110 (0x81f06c13) ori     s8, zero, -2017
core   0: 3 0x80009110 (0x81f06c13) x24 0xfffff81f
core   0: 0x80009114 (0x03e75663) bge     a4, t5, pc + 44
core   0: 3 0x80009114 (0x03e75663)
core   0: 0x80009140 (0x02d536b3) mulhu   a3, a0, a3
core   0: 3 0x80009140 (0x02d536b3) x13 0x00000000
core   0: 0x80009144 (0x0000828a) c.mv    t0, sp
core   0: 3 0x80009144 (0x828a) x 5 0x80013f6e
core   0: 0x80009146 (0x02c40b63) beq     s0, a2, pc + 54
core   0: 3 0x80009146 (0x02c40b63)
core   0: 0x8000914a (0x039b5fb3) divu    t6, s6, s9
core   0: 3 0x8000914a (0x039b5fb3) x31 0xffffffff
core   0: 0x8000914e (0x039fd963) bge     t6, s9, pc + 50
core   0: 3 0x8000914e (0x039fd963)
core   0: 0x80009152 (0x004b88b3) add     a7, s7, tp
core   0: 3 0x80009152 (0x004b88b3) x17 0xfffffda3
core   0: 0x80009156 (0x01265e33) srl     t3, a2, s2
core   0: 3 0x80009156 (0x01265e33) x28 0x00000000
core   0: 0x8000915a (0x01b7b7b3) sltu    a5, a5, s11
core   0: 3 0x8000915a (0x01b7b7b3) x15 0x00000000
core   0: 0x8000915e (0x66d6cd93) xori    s11, a3, 1645
core   0: 3 0x8000915e (0x66d6cd93) x27 0x0000066d
core   0: 0x80009162 (0x53df7c97) auipc   s9, 0x53df7
core   0: 3 0x80009162 (0x53df7c97) x25 0xd3e00162
core   0: 0x80009166 (0x026c9c33) mulh    s8, s9, t1
core   0: 3 0x80009166 (0x026c9c33) x24 0xffffffff
core   0: 0x8000916a (0x03c81d33) mulh    s10, a6, t3
core   0: 3 0x8000916a (0x03c81d33) x26 0x00000000
core   0: 0x8000916e (0x40d25db3) sra     s11, tp, a3
core   0: 3 0x8000916e (0x40d25db3) x27 0x00000000
core   0: 0x80009172 (0x0000e911) c.bnez  a0, pc + 20
core   0: 3 0x80009172 (0xe911)
core   0: 0x80009186 (0x02d0d933) divu    s2, ra, a3
core   0: 3 0x80009186 (0x02d0d933) x18 0xffffffff
core   0: 0x8000918a (0x41b10033) sub     zero, sp, s11
core   0: 3 0x8000918a (0x41b10033)
core   0: 0x8000918e (0x00008d21) c.xor   a0, s0
core   0: 3 0x8000918e (0x8d21) x10 0xffffffff
core   0: 0x80009190 (0x00008ff5) c.and   a5, a3
core   0: 3 0x80009190 (0x8ff5) x15 0x00000000
core   0: 0x80009192 (0x000082c2) c.mv    t0, a6
core   0: 3 0x80009192 (0x82c2) x 5 0xffffffff
core   0: 0x80009194 (0x0000096e) c.slli  s2, 27
core   0: 3 0x80009194 (0x096e) x18 0xf8000000
core   0: 0x80009196 (0x00008d42) c.mv    s10, a6
core   0: 3 0x80009196 (0x8d42) x26 0xffffffff
core   0: 0x80009198 (0x01fa6433) or      s0, s4, t6
core   0: 3 0x80009198 (0x01fa6433) x 8 0xffffffff
core   0: 0x8000919c (0x03ec10b3) mulh    ra, s8, t5
core   0: 3 0x8000919c (0x03ec10b3) x 1 0x00000000
core   0: 0x800091a0 (0x009be0b3) or      ra, s7, s1
core   0: 3 0x800091a0 (0x009be0b3) x 1 0xfffffda3
core   0: 0x800091a4 (0x00008151) c.srli  a0, 20
core   0: 3 0x800091a4 (0x8151) x10 0x00000fff
core   0: 0x800091a6 (0x02d1e363) bltu    gp, a3, pc + 38
core   0: 3 0x800091a6 (0x02d1e363)
core   0: 0x800091aa (0x02f76763) bltu    a4, a5, pc + 46
core   0: 3 0x800091aa (0x02f76763)
core   0: 0x800091ae (0x00c71763) bne     a4, a2, pc + 14
core   0: 3 0x800091ae (0x00c71763)
core   0: 0x800091bc (0x91bff913) andi    s2, t6, -1765
core   0: 3 0x800091bc (0x91bff913) x18 0xfffff91b
core   0: 0x800091c0 (0xd58fe693) ori     a3, t6, -680
core   0: 3 0x800091c0 (0xd58fe693) x13 0xffffffff
core   0: 0x800091c4 (0x01ff9333) sll     t1, t6, t6
core   0: 3 0x800091c4 (0x01ff9333) x 6 0x80000000
core   0: 0x800091c8 (0x00a39a13) slli    s4, t2, 10
core   0: 3 0x800091c8 (0x00a39a13) x20 0x00000000
core   0: 0x800091cc (0x00000001) c.nop
core   0: 3 0x800091cc (0x0001)
core   0: 0x800091ce (0x00008c6d) c.and   s0, a1
core   0: 3 0x800091ce (0x8c6d) x 8 0x8002cce4
core   0: 0x800091d0 (0x8975c117) auipc   sp, 0x8975c
core   0: 3 0x800091d0 (0x8975c117) x 2 0x097651d0
core   0: 0x800091d4 (0xc264e493) ori     s1, s1, -986
core   0: 3 0x800091d4 (0xc264e493) x 9 0xfffffc26
core   0: 0x800091d8 (0x00005bfd) c.li    s7, -1
core   0: 3 0x800091d8 (0x5bfd) x23 0xffffffff
core   0: 0x800091da (0x0000191c) c.addi4spn a5, sp, 176
core   0: 3 0x800091da (0x191c) x15 0x09765280
core   0: 0x800091dc (0x0000c005) c.beqz  s0, pc + 32
core   0: 3 0x800091dc (0xc005)
core   0: 0x800091de (0x0436f163) bgeu    a3, gp, pc + 66
core   0: 3 0x800091de (0x0436f163)
core   0: 0x80009220 (0x0373ee63) bltu    t2, s7, pc + 60
core   0: 3 0x80009220 (0x0373ee63)
core   0: 0x8000925c (0x02ff3133) mulhu   sp, t5, a5
core   0: 3 0x8000925c (0x02ff3133) x 2 0x04bb2940
core   0: 0x80009260 (0x025e2633) mulhsu  a2, t3, t0
core   0: 3 0x80009260 (0x025e2633) x12 0x00000000
core   0: 0x80009264 (0x00008161) c.srli  a0, 24
core   0: 3 0x80009264 (0x8161) x10 0x00000000
core   0: 0x80009266 (0x00004b8d) c.li    s7, 3
core   0: 3 0x80009266 (0x4b8d) x23 0x00000003
core   0: 0x80009268 (0x03566633) rem     a2, a2, s5
core   0: 3 0x80009268 (0x03566633) x12 0x00000000
core   0: 0x8000926c (0x00008d29) c.xor   a0, a0
core   0: 3 0x8000926c (0x8d29) x10 0x00000000
core   0: 0x8000926e (0x00b82933) slt     s2, a6, a1
core   0: 3 0x8000926e (0x00b82933) x18 0x00000000
core   0: 0x80009272 (0x01a40233) add     tp, s0, s10
core   0: 3 0x80009272 (0x01a40233) x 4 0x8002cce3
core   0: 0x80009276 (0x0216bfb3) mulhu   t6, a3, ra
core   0: 3 0x80009276 (0x0216bfb3) x31 0xfffffda2
core   0: 0x8000927a (0x0000961a) c.add   a2, t1
core   0: 3 0x8000927a (0x961a) x12 0x80000000
core   0: 0x8000927c (0x0219a233) mulhsu  tp, s3, ra
core   0: 3 0x8000927c (0x0219a233) x 4 0x8002320e
core   0: 0x80009280 (0x00265133) srl     sp, a2, sp
core   0: 3 0x80009280 (0x00265133) x 2 0x80000000
core   0: 0x80009284 (0x00987133) and     sp, a6, s1
core   0: 3 0x80009284 (0x00987133) x 2 0xfffffc26
core   0: 0x80009288 (0x0327aa33) mulhsu  s4, a5, s2
core   0: 3 0x80009288 (0x0327aa33) x20 0x00000000
core   0: 0x8000928c (0x03bb8e33) mul     t3, s7, s11
core   0: 3 0x8000928c (0x03bb8e33) x28 0x00000000
core   0: 0x80009290 (0x00008d4d) c.or    a0, a1
core   0: 3 0x80009290 (0x8d4d) x10 0x8002cce4
core   0: 0x80009292 (0x41b6d413) srai    s0, a3, 27
core   0: 3 0x80009292 (0x41b6d413) x 8 0xffffffff
core   0: 0x80009296 (0x00000549) c.addi  a0, 18
core   0: 3 0x80009296 (0x0549) x10 0x8002ccf6
core   0: 0x80009298 (0xc8704393) xori    t2, zero, -889
core   0: 3 0x80009298 (0xc8704393) x 7 0xfffffc87
core   0: 0x8000929c (0x00009e52) c.add   t3, s4
core   0: 3 0x8000929c (0x9e52) x28 0x00000000
core   0: 0x8000929e (0x0350e1b3) rem     gp, ra, s5
core   0: 3 0x8000929e (0x0350e1b3) x 3 0xfffffda3
core   0: 0x800092a2 (0x0000100f) fence.i
core   0: 3 0x800092a2 (0x0000100f)
core   0: 0x800092a6 (0x00000001) c.nop
core   0: 3 0x800092a6 (0x0001)
core   0: 0x800092a8 (0x403a5cb3) sra     s9, s4, gp
core   0: 3 0x800092a8 (0x403a5cb3) x25 0x00000000
core   0: 0x800092ac (0x0000841d) c.srai  s0, 7
core   0: 3 0x800092ac (0x841d) x 8 0xffffffff
core   0: 0x800092ae (0x0044fc63) bgeu    s1, tp, pc + 24
core   0: 3 0x800092ae (0x0044fc63)
core   0: 0x800092c6 (0x033fcdb3) div     s11, t6, s3
core   0: 3 0x800092c6 (0x033fcdb3) x27 0x00000000
core   0: 0x800092ca (0x0326f0b3) remu    ra, a3, s2
core   0: 3 0x800092ca (0x0326f0b3) x 1 0xffffffff
core   0: 0x800092ce (0x00ec52b3) srl     t0, s8, a4
core   0: 3 0x800092ce (0x00ec52b3) x 5 0x000000ff
core   0: 0x800092d2 (0x0000717d) c.addi16sp sp, -16
core   0: 3 0x800092d2 (0x717d) x 2 0xfffffc16
core   0: 0x800092d4 (0x01671663) bne     a4, s6, pc + 12
core   0: 3 0x800092d4 (0x01671663)
core   0: 0x800092e0 (0x00008af9) c.andi  a3, 30
core   0: 3 0x800092e0 (0x8af9) x13 0x0000001e
core   0: 0x800092e2 (0x01f6d093) srli    ra, a3, 31
core   0: 3 0x800092e2 (0x01f6d093) x 1 0x00000000
core   0: 0x800092e6 (0x01015e33) srl     t3, sp, a6
core   0: 3 0x800092e6 (0x01015e33) x28 0x00000001
core   0: 0x800092ea (0x1244ff93) andi    t6, s1, 292
core   0: 3 0x800092ea (0x1244ff93) x31 0x00000024
core   0: 0x800092ee (0x02b64d17) auipc   s10, 0x2b64
core   0: 3 0x800092ee (0x02b64d17) x26 0x82b6d2ee
core   0: 0x800092f2 (0x00a47fb3) and     t6, s0, a0
core   0: 3 0x800092f2 (0x00a47fb3) x31 0x8002ccf6
core   0: 0x800092f6 (0x0beee137) lui     sp, 0xbeee
core   0: 3 0x800092f6 (0x0beee137) x 2 0x0beee000
core   0: 0x800092fa (0xe96f0213) addi    tp, t5, -362
core   0: 3 0x800092fa (0xe96f0213) x 4 0x7ffffe96
core   0: 0x800092fe (0x03c50433) mul     s0, a0, t3
core   0: 3 0x800092fe (0x03c50433) x 8 0x8002ccf6
core   0: 0x80009302 (0x012a9893) slli    a7, s5, 18
core   0: 3 0x80009302 (0x012a9893) x17 0x00000000
core   0: 0x80009306 (0x032d0bb3) mul     s7, s10, s2
core   0: 3 0x80009306 (0x032d0bb3) x23 0x00000000
core   0: 0x8000930a (0x00bed3b3) srl     t2, t4, a1
core   0: 3 0x8000930a (0x00bed3b3) x 7 0x00000000
core   0: 0x8000930e (0x0094ea33) or      s4, s1, s1
core   0: 3 0x8000930e (0x0094ea33) x20 0xfffffc26
core   0: 0x80009312 (0x41c904b3) sub     s1, s2, t3
core   0: 3 0x80009312 (0x41c904b3) x 9 0xffffffff
core   0: 0x80009316 (0x5dd64793) xori    a5, a2, 1501
core   0: 3 0x80009316 (0x5dd64793) x15 0x800005dd
core   0: 0x8000931a (0x00949613) slli    a2, s1, 9
core   0: 3 0x8000931a (0x00949613) x12 0xfffffe00
core   0: 0x8000931e (0x920e9237) lui     tp, 0x920e9
core   0: 3 0x8000931e (0x920e9237) x 4 0x920e9000
core   0: 0x80009322 (0x00969db3) sll     s11, a3, s1
core   0: 3 0x80009322 (0x00969db3) x27 0x00000000
core   0: 0x80009326 (0x02e6f033) remu    zero, a3, a4
core   0: 3 0x80009326 (0x02e6f033)
core   0: 0x8000932a (0x41810d33) sub     s10, sp, s8
core   0: 3 0x8000932a (0x41810d33) x26 0x0beee001
core   0: 0x8000932e (0x00b49e63) bne     s1, a1, pc + 28
core   0: 3 0x8000932e (0x00b49e63)
core   0: 0x8000934a (0x02f0fd33) remu    s10, ra, a5
core   0: 3 0x8000934a (0x02f0fd33) x26 0x00000000
core   0: 0x8000934e (0x00008d19) c.sub   a0, a4
core   0: 3 0x8000934e (0x8d19) x10 0x00003e9e
core   0: 0x80009350 (0x03d9f433) remu    s0, s3, t4
core   0: 3 0x80009350 (0x03d9f433) x 8 0x800230e0
core   0: 0x80009354 (0x005fd293) srli    t0, t6, 5
core   0: 3 0x80009354 (0x005fd293) x 5 0x04001667
core   0: 0x80009358 (0xe2ece393) ori     t2, s9, -466
core   0: 3 0x80009358 (0xe2ece393) x 7 0xfffffe2e
core   0: 0x8000935c (0x01595633) srl     a2, s2, s5
core   0: 3 0x8000935c (0x01595633) x12 0x00000000
core   0: 0x80009360 (0x00909233) sll     tp, ra, s1
core   0: 3 0x80009360 (0x00909233) x 4 0x00000000
core   0: 0x80009364 (0x401dd9b3) sra     s3, s11, ra
core   0: 3 0x80009364 (0x401dd9b3) x19 0x00000000
core   0: 0x80009368 (0x035ad963) bge     s5, s5, pc + 50
core   0: 3 0x80009368 (0x035ad963)
core   0: 0x8000939a (0x0079c263) blt     s3, t2, pc + 4
core   0: 3 0x8000939a (0x0079c263)
core   0: 0x8000939e (0x40ec5233) sra     tp, s8, a4
core   0: 3 0x8000939e (0x40ec5233) x 4 0xffffffff
core   0: 0x800093a2 (0x01cb5e33) srl     t3, s6, t3
core   0: 3 0x800093a2 (0x01cb5e33) x28 0x00000000
core   0: 0x800093a6 (0xe44afe13) andi    t3, s5, -444
core   0: 3 0x800093a6 (0xe44afe13) x28 0x00000000
core   0: 0x800093aa (0x4e3a6a93) ori     s5, s4, 1251
core   0: 3 0x800093aa (0x4e3a6a93) x21 0xfffffce7
core   0: 0x800093ae (0x03743d33) mulhu   s10, s0, s7
core   0: 3 0x800093ae (0x03743d33) x26 0x00000000
core   0: 0x800093b2 (0x02108563) beq     ra, ra, pc + 42
core   0: 3 0x800093b2 (0x02108563)
core   0: 0x800093dc (0x038448b3) div     a7, s0, s8
core   0: 3 0x800093dc (0x038448b3) x17 0x7ffdcf20
core   0: 0x800093e0 (0x02dafab3) remu    s5, s5, a3
core   0: 3 0x800093e0 (0x02dafab3) x21 0x00000003
core   0: 0x800093e4 (0x006e0033) add     zero, t3, t1
core   0: 3 0x800093e4 (0x006e0033)
core   0: 0x800093e8 (0x0000cd11) c.beqz  a0, pc + 28
core   0: 3 0x800093e8 (0xcd11)
core   0: 0x800093ea (0x00d7c8b3) xor     a7, a5, a3
core   0: 3 0x800093ea (0x00d7c8b3) x17 0x800005c3
core   0: 0x800093ee (0x0ff0000f) fence   iorw,iorw
core   0: 3 0x800093ee (0x0ff0000f)
core   0: 0x800093f2 (0x0097f133) and     sp, a5, s1
core   0: 3 0x800093f2 (0x0097f133) x 2 0x800005dd
core   0: 0x800093f6 (0x417c0d33) sub     s10, s8, s7
core   0: 3 0x800093f6 (0x417c0d33) x26 0xffffffff
core   0: 0x800093fa (0x0068d963) bge     a7, t1, pc + 18
core   0: 3 0x800093fa (0x0068d963)
core   0: 0x8000940c (0x00008616) c.mv    a2, t0
core   0: 3 0x8000940c (0x8616) x12 0x04001667
core   0: 0x8000940e (0x0000cff1) c.beqz  a5, pc + 220
core   0: 3 0x8000940e (0xcff1)
core   0: 0x80009410 (0x00009a7d) c.andi  a2, -1
core   0: 3 0x80009410 (0x9a7d) x12 0x04001667
core   0: 0x80009412 (0x03ffb1b3) mulhu   gp, t6, t6
core   0: 3 0x80009412 (0x03ffb1b3) x 3 0x4002ccfd
core   0: 0x80009416 (0x0ce9f863) bgeu    s3, a4, pc + 208
core   0: 3 0x80009416 (0x0ce9f863)
core   0: 0x8000941a (0x0000a117) auipc   sp, 0xa
core   0: 3 0x8000941a (0x0000a117) x 2 0x8001341a
core   0: 0x8000941e (0x2d810113) addi    sp, sp, 728
core   0: 3 0x8000941e (0x2d810113) x 2 0x800136f2
core   0: 0x80009422 (0x40898633) sub     a2, s3, s0
core   0: 3 0x80009422 (0x40898633) x12 0x7ffdcf20
core   0: 0x80009426 (0xd2011603) lh      a2, -736(sp)
core   0: 3 0x80009426 (0xd2011603) x12 0x00000000 mem 0x80013412
core   0: 0x8000942a (0x2fe14c83) lbu     s9, 766(sp)
core   0: 3 0x8000942a (0x2fe14c83) x25 0x00000000 mem 0x800139f0
core   0: 0x8000942e (0xb7210ba3) sb      s2, -1161(sp)
core   0: 3 0x8000942e (0xb7210ba3) mem 0x80013269 0x0
core   0: 0x80009432 (0x7e310f83) lb      t6, 2019(sp)
core   0: 3 0x80009432 (0x7e310f83) x31 0xffffff8d mem 0x80013ed5
core   0: 0x80009436 (0x58d10783) lb      a5, 1421(sp)
core   0: 3 0x80009436 (0x58d10783) x15 0x00000000 mem 0x80013c7f
core   0: 0x8000943a (0x28110383) lb      t2, 641(sp)
core   0: 3 0x8000943a (0x28110383) x 7 0x00000000 mem 0x80013973
core   0: 0x8000943e (0xe4c14c03) lbu     s8, -436(sp)
core   0: 3 0x8000943e (0xe4c14c03) x24 0x00000000 mem 0x8001353e
core   0: 0x80009442 (0x0ff0000f) fence   iorw,iorw
core   0: 3 0x80009442 (0x0ff0000f)
core   0: 0x80009446 (0x97c43393) sltiu   t2, s0, -1668
core   0: 3 0x80009446 (0x97c43393) x 7 0x00000001
core   0: 0x8000944a (0x40fb5933) sra     s2, s6, a5
core   0: 3 0x8000944a (0x40fb5933) x18 0x00000000
core   0: 0x8000944e (0x0000100f) fence.i
core   0: 3 0x8000944e (0x0000100f)
core   0: 0x80009452 (0xbf7109a3) sb      s7, -1037(sp)
core   0: 3 0x80009452 (0xbf7109a3) mem 0x800132e5 0x0
core   0: 0x80009456 (0x035a7cb3) remu    s9, s4, s5
core   0: 3 0x80009456 (0x035a7cb3) x25 0x00000002
core   0: 0x8000945a (0x00009ff2) c.add   t6, t3
core   0: 3 0x8000945a (0x9ff2) x31 0xffffff8d
core   0: 0x8000945c (0x00000001) c.nop
core   0: 3 0x8000945c (0x0001)
core   0: 0x8000945e (0x02a33533) mulhu   a0, t1, a0
core   0: 3 0x8000945e (0x02a33533) x10 0x00001f4f
core   0: 0x80009462 (0x47410a83) lb      s5, 1140(sp)
core   0: 3 0x80009462 (0x47410a83) x21 0x00000000 mem 0x80013b66
core   0: 0x80009466 (0xe0110923) sb      ra, -494(sp)
core   0: 3 0x80009466 (0xe0110923) mem 0x80013504 0x0
core   0: 0x8000946a (0xbcc10423) sb      a2, -1080(sp)
core   0: 3 0x8000946a (0xbcc10423) mem 0x800132ba 0x0
core   0: 0x8000946e (0x393108a3) sb      s3, 913(sp)
core   0: 3 0x8000946e (0x393108a3) mem 0x80013a83 0x0
core   0: 0x80009472 (0x022b9233) mulh    tp, s7, sp
core   0: 3 0x80009472 (0x022b9233) x 4 0x00000000
core   0: 0x80009476 (0xdd011623) sh      a6, -564(sp)
core   0: 3 0x80009476 (0xdd011623) mem 0x800134be 0xffff
core   0: 0x8000947a (0x02700033) mul     zero, zero, t2
core   0: 3 0x8000947a (0x02700033)
core   0: 0x8000947e (0x037ab0b3) mulhu   ra, s5, s7
core   0: 3 0x8000947e (0x037ab0b3) x 1 0x00000000
core   0: 0x80009482 (0x011c3333) sltu    t1, s8, a7
core   0: 3 0x80009482 (0x011c3333) x 6 0x00000001
core   0: 0x80009486 (0x00008c41) c.or    s0, s0
core   0: 3 0x80009486 (0x8c41) x 8 0x800230e0
core   0: 0x80009488 (0x000083b1) c.srli  a5, 12
core   0: 3 0x80009488 (0x83b1) x15 0x00000000
core   0: 0x8000948a (0x40a85d93) srai    s11, a6, 10
core   0: 3 0x8000948a (0x40a85d93) x27 0xffffffff
core   0: 0x8000948e (0xcbe11c83) lh      s9, -834(sp)
core   0: 3 0x8000948e (0xcbe11c83) x25 0x00000000 mem 0x800133b0
core   0: 0x80009492 (0xc2215683) lhu     a3, -990(sp)
core   0: 3 0x80009492 (0xc2215683) x13 0x00000000 mem 0x80013314
core   0: 0x80009496 (0x71410c23) sb      s4, 1816(sp)
core   0: 3 0x80009496 (0x71410c23) mem 0x80013e0a 0x26
core   0: 0x8000949a (0x01d22833) slt     a6, tp, t4
core   0: 3 0x8000949a (0x01d22833) x16 0x00000000
core   0: 0x8000949e (0xf74087b7) lui     a5, 0xf7408
core   0: 3 0x8000949e (0xf74087b7) x15 0xf7408000
core   0: 0x800094a2 (0x0ba14383) lbu     t2, 186(sp)
core   0: 3 0x800094a2 (0x0ba14383) x 7 0x00000000 mem 0x800137ac
core   0: 0x800094a6 (0xe8d14183) lbu     gp, -371(sp)
core   0: 3 0x800094a6 (0xe8d14183) x 3 0x00000000 mem 0x8001357f
core   0: 0x800094aa (0x00987033) and     zero, a6, s1
core   0: 3 0x800094aa (0x00987033)
core   0: 0x800094ae (0x40685eb3) sra     t4, a6, t1
core   0: 3 0x800094ae (0x40685eb3) x29 0x00000000
core   0: 0x800094b2 (0x7de10023) sb      t5, 1984(sp)
core   0: 3 0x800094b2 (0x7de10023) mem 0x80013eb2 0x0
core   0: 0x800094b6 (0x38e10503) lb      a0, 910(sp)
core   0: 3 0x800094b6 (0x38e10503) x10 0x00000000 mem 0x80013a80
core   0: 0x800094ba (0x00009bfd) c.andi  a5, -1
core   0: 3 0x800094ba (0x9bfd) x15 0xf7408000
core   0: 0x800094bc (0xb4811223) sh      s0, -1212(sp)
core   0: 3 0x800094bc (0xb4811223) mem 0x80013236 0x30e0
core   0: 0x800094c0 (0x00c9ec33) or      s8, s3, a2
core   0: 3 0x800094c0 (0x00c9ec33) x24 0x00000000
core   0: 0x800094c4 (0x1f110c23) sb      a7, 504(sp)
core   0: 3 0x800094c4 (0x1f110c23) mem 0x800138ea 0xc3
core   0: 0x800094c8 (0x17c11483) lh      s1, 380(sp)
core   0: 3 0x800094c8 (0x17c11483) x 9 0x00000000 mem 0x8001386e
core   0: 0x800094cc (0x7cf10283) lb      t0, 1999(sp)
core   0: 3 0x800094cc (0x7cf10283) x 5 0x00000000 mem 0x80013ec1
core   0: 0x800094d0 (0xae210d03) lb      s10, -1310(sp)
core   0: 3 0x800094d0 (0xae210d03) x26 0x00000000 mem 0x800131d4
core   0: 0x800094d4 (0x15f101a3) sb      t6, 323(sp)
core   0: 3 0x800094d4 (0x15f101a3) mem 0x80013835 0x8d
core   0: 0x800094d8 (0x01bc9e13) slli    t3, s9, 27
core   0: 3 0x800094d8 (0x01bc9e13) x28 0x00000000
core   0: 0x800094dc (0x16e15d83) lhu     s11, 366(sp)
core   0: 3 0x800094dc (0x16e15d83) x27 0x00000000 mem 0x80013860
core   0: 0x800094e0 (0xa2210623) sb      sp, -1492(sp)
core   0: 3 0x800094e0 (0xa2210623) mem 0x8001311e 0xf2
core   0: 0x800094e4 (0x0000c38d) c.beqz  a5, pc + 34
core   0: 3 0x800094e4 (0xc38d)
core   0: 0x800094e6 (0x01c51663) bne     a0, t3, pc + 12
core   0: 3 0x800094e6 (0x01c51663)
core   0: 0x800094ea (0xecef7937) lui     s2, 0xecef7
core   0: 3 0x800094ea (0xecef7937) x18 0xecef7000
core   0: 0x800094ee (0x40335d33) sra     s10, t1, gp
core   0: 3 0x800094ee (0x40335d33) x26 0x00000001
core   0: 0x800094f2 (0x2ea08e93) addi    t4, ra, 746
core   0: 3 0x800094f2 (0x2ea08e93) x29 0x000002ea
core   0: 0x800094f6 (0x013e74b3) and     s1, t3, s3
core   0: 3 0x800094f6 (0x013e74b3) x 9 0x00000000
core   0: 0x800094fa (0x0000c109) c.beqz  a0, pc + 2
core   0: 3 0x800094fa (0xc109)
core   0: 0x800094fc (0x01c1d833) srl     a6, gp, t3
core   0: 3 0x800094fc (0x01c1d833) x16 0x00000000
core   0: 0x80009500 (0x0000e38d) c.bnez  a5, pc + 34
core   0: 3 0x80009500 (0xe38d)
core   0: 0x80009522 (0x00473e33) sltu    t3, a4, tp
core   0: 3 0x80009522 (0x00473e33) x28 0x00000000
core   0: 0x80009526 (0x0000100f) fence.i
core   0: 3 0x80009526 (0x0000100f)
core   0: 0x8000952a (0x01a56633) or      a2, a0, s10
core   0: 3 0x8000952a (0x01a56633) x12 0x00000001
core   0: 0x8000952e (0x01a106b3) add     a3, sp, s10
core   0: 3 0x8000952e (0x01a106b3) x13 0x800136f3
core   0: 0x80009532 (0x0000ca09) c.beqz  a2, pc + 18
core   0: 3 0x80009532 (0xca09)
core   0: 0x80009534 (0x00000001) c.nop
core   0: 3 0x80009534 (0x0001)
core   0: 0x80009536 (0x401fdb93) srai    s7, t6, 1
core   0: 3 0x80009536 (0x401fdb93) x23 0xffffffc6
core   0: 0x8000953a (0x00000001) c.nop
core   0: 3 0x8000953a (0x0001)
core   0: 0x8000953c (0x0000ce19) c.beqz  a2, pc + 30
core   0: 3 0x8000953c (0xce19)
core   0: 0x8000953e (0xbc948a13) addi    s4, s1, -1079
core   0: 3 0x8000953e (0xbc948a13) x20 0xfffffbc9
core   0: 0x80009542 (0x00000001) c.nop
core   0: 3 0x80009542 (0x0001)
core   0: 0x80009544 (0x00c25b13) srli    s6, tp, 12
core   0: 3 0x80009544 (0x00c25b13) x22 0x00000000
core   0: 0x80009548 (0x0197d463) bge     a5, s9, pc + 8
core   0: 3 0x80009548 (0x0197d463)
core   0: 0x8000954c (0x0171f7b3) and     a5, gp, s7
core   0: 3 0x8000954c (0x0171f7b3) x15 0x00000000
core   0: 0x80009550 (0x00008f85) c.sub   a5, s1
core   0: 3 0x80009550 (0x8f85) x15 0x00000000
core   0: 0x80009552 (0x41d35ab3) sra     s5, t1, t4
core   0: 3 0x80009552 (0x41d35ab3) x21 0x00000000
core   0: 0x80009556 (0x00196833) or      a6, s2, ra
core   0: 3 0x80009556 (0x00196833) x16 0xecef7000
core   0: 0x8000955a (0x00000001) c.nop
core   0: 3 0x8000955a (0x0001)
core   0: 0x8000955c (0x0000e809) c.bnez  s0, pc + 18
core   0: 3 0x8000955c (0xe809)
core   0: 0x8000956e (0xff59d897) auipc   a7, 0xff59d
core   0: 3 0x8000956e (0xff59d897) x17 0x7f5a656e
core   0: 0x80009572 (0x030dff63) bgeu    s11, a6, pc + 62
core   0: 3 0x80009572 (0x030dff63)
core   0: 0x80009576 (0x000088ed) c.andi  s1, 27
core   0: 3 0x80009576 (0x88ed) x 9 0x00000000
core   0: 0x80009578 (0x00009826) c.add   a6, s1
core   0: 3 0x80009578 (0x9826) x16 0xecef7000
core   0: 0x8000957a (0xd0b6cb93) xori    s7, a3, -757
core   0: 3 0x8000957a (0xd0b6cb93) x23 0x7ffecbf8
core   0: 0x8000957e (0x00008c11) c.sub   s0, a2
core   0: 3 0x8000957e (0x8c11) x 8 0x800230df
core   0: 0x80009580 (0x4005d093) srai    ra, a1, 0
core   0: 3 0x80009580 (0x4005d093) x 1 0x8002cce4
core   0: 0x80009584 (0x9eccb313) sltiu   t1, s9, -1556
core   0: 3 0x80009584 (0x9eccb313) x 6 0x00000001
core   0: 0x80009588 (0x24036913) ori     s2, t1, 576
core   0: 3 0x80009588 (0x24036913) x18 0x00000241
core   0: 0x8000958c (0x03268e93) addi    t4, a3, 50
core   0: 3 0x8000958c (0x03268e93) x29 0x80013725
core   0: 0x80009590 (0x00008d71) c.and   a0, a2
core   0: 3 0x80009590 (0x8d71) x10 0x00000000
core   0: 0x80009592 (0x01f8c6b3) xor     a3, a7, t6
core   0: 3 0x80009592 (0x01f8c6b3) x13 0x80a59ae3
core   0: 0x80009596 (0x014abdb3) sltu    s11, s5, s4
core   0: 3 0x80009596 (0x014abdb3) x27 0x00000001
core   0: 0x8000959a (0x03ea4563) blt     s4, t5, pc + 42
core   0: 3 0x8000959a (0x03ea4563)
core   0: 0x8000959e (0x00008099) c.srli  s1, 6
core   0: 3 0x8000959e (0x8099) x 9 0x00000000
core   0: 0x800095a0 (0x00437863) bgeu    t1, tp, pc + 16
core   0: 3 0x800095a0 (0x00437863)
core   0: 0x800095b0 (0x00008b3e) c.mv    s6, a5
core   0: 3 0x800095b0 (0x8b3e) x22 0x00000000
core   0: 0x800095b2 (0x0000100f) fence.i
core   0: 3 0x800095b2 (0x0000100f)
core   0: 0x800095b6 (0x41f25e33) sra     t3, tp, t6
core   0: 3 0x800095b6 (0x41f25e33) x28 0x00000000
core   0: 0x800095ba (0x0000e105) c.bnez  a0, pc + 32
core   0: 3 0x800095ba (0xe105)
core   0: 0x800095bc (0x918c7c37) lui     s8, 0x918c7
core   0: 3 0x800095bc (0x918c7c37) x24 0x918c7000
core   0: 0x800095c0 (0x00104963) blt     zero, ra, pc + 18
core   0: 3 0x800095c0 (0x00104963)
core   0: 0x800095c4 (0x23942493) slti    s1, s0, 569
core   0: 3 0x800095c4 (0x23942493) x 9 0x00000001
core   0: 0x800095c8 (0x0000c129) c.beqz  a0, pc + 66
core   0: 3 0x800095c8 (0xc129)
core   0: 0x8000960a (0x00000001) c.nop
core   0: 3 0x8000960a (0x0001)
core   0: 0x8000960c (0x00b19a33) sll     s4, gp, a1
core   0: 3 0x8000960c (0x00b19a33) x20 0x00000000
core   0: 0x80009610 (0x0000717d) c.addi16sp sp, -16
core   0: 3 0x80009610 (0x717d) x 2 0x800136e2
core   0: 0x80009612 (0x00a15cb3) srl     s9, sp, a0
core   0: 3 0x80009612 (0x00a15cb3) x25 0x800136e2
core   0: 0x80009616 (0x41095633) sra     a2, s2, a6
core   0: 3 0x80009616 (0x41095633) x12 0x00000241
core   0: 0x8000961a (0xef1c4d93) xori    s11, s8, -271
core   0: 3 0x8000961a (0xef1c4d93) x27 0x6e738ef1
core   0: 0x8000961e (0x0320c763) blt     ra, s2, pc + 46
core   0: 3 0x8000961e (0x0320c763)
core   0: 0x8000964c (0x00008665) c.srai  a2, 25
core   0: 3 0x8000964c (0x8665) x12 0x00000000
core   0: 0x8000964e (0x0ff0000f) fence   iorw,iorw
core   0: 3 0x8000964e (0x0ff0000f)
core   0: 0x80009652 (0x0000848d) c.srai  s1, 3
core   0: 3 0x80009652 (0x848d) x 9 0x00000000
core   0: 0x80009654 (0xfeb58bb7) lui     s7, 0xfeb58
core   0: 3 0x80009654 (0xfeb58bb7) x23 0xfeb58000
core   0: 0x80009658 (0x00009d12) c.add   s10, tp
core   0: 3 0x80009658 (0x9d12) x26 0x00000001
core   0: 0x8000965a (0x00001e14) c.addi4spn a3, sp, 816
core   0: 3 0x8000965a (0x1e14) x13 0x80013a12
core   0: 0x8000965c (0x03697e63) bgeu    s2, s6, pc + 60
core   0: 3 0x8000965c (0x03697e63)
core   0: 0x80009698 (0x437e6eb7) lui     t4, 0x437e6
core   0: 3 0x80009698 (0x437e6eb7) x29 0x437e6000
core   0: 0x8000969c (0x00008346) c.mv    t1, a7
core   0: 3 0x8000969c (0x8346) x 6 0x7f5a656e
core   0: 0x8000969e (0x0192c563) blt     t0, s9, pc + 10
core   0: 3 0x8000969e (0x0192c563)
core   0: 0x800096a2 (0x40d407b3) sub     a5, s0, a3
core   0: 3 0x800096a2 (0x40d407b3) x15 0x0000f6cd
core   0: 0x800096a6 (0x00008ce5) c.and   s1, s1
core   0: 3 0x800096a6 (0x8ce5) x 9 0x00000000
core   0: 0x800096a8 (0x00006785) c.lui   a5, 0x1
core   0: 3 0x800096a8 (0x6785) x15 0x00001000
core   0: 0x800096aa (0xb7877493) andi    s1, a4, -1160
core   0: 3 0x800096aa (0xb7877493) x 9 0x80028a58
core   0: 0x800096ae (0x000087ad) c.srai  a5, 11
core   0: 3 0x800096ae (0x87ad) x15 0x00000002
core   0: 0x800096b0 (0x0103b533) sltu    a0, t2, a6
core   0: 3 0x800096b0 (0x0103b533) x10 0x00000001
core   0: 0x800096b4 (0x02e7c4b3) div     s1, a5, a4
core   0: 3 0x800096b4 (0x02e7c4b3) x 9 0x00000000
core   0: 0x800096b8 (0x021d4f63) blt     s10, ra, pc + 62
core   0: 3 0x800096b8 (0x021d4f63)
core   0: 0x800096bc (0x0000e099) c.bnez  s1, pc + 6
core   0: 3 0x800096bc (0xe099)
core   0: 0x800096be (0x027fea33) rem     s4, t6, t2
core   0: 3 0x800096be (0x027fea33) x20 0xffffff8d
core   0: 0x800096c2 (0x03e96063) bltu    s2, t5, pc + 32
core   0: 3 0x800096c2 (0x03e96063)
core   0: 0x800096e2 (0x000080c1) c.srli  s1, 16
core   0: 3 0x800096e2 (0x80c1) x 9 0x00000000
core   0: 0x800096e4 (0x083f47b7) lui     a5, 0x83f4
core   0: 3 0x800096e4 (0x083f47b7) x15 0x083f4000
core   0: 0x800096e8 (0x7af76193) ori     gp, a4, 1967
core   0: 3 0x800096e8 (0x7af76193) x 3 0x80028fff
core   0: 0x800096ec (0x00597e63) bgeu    s2, t0, pc + 28
core   0: 3 0x800096ec (0x00597e63)
core   0: 0x80009708 (0x00008455) c.srai  s0, 21
core   0: 3 0x80009708 (0x8455) x 8 0xfffffc00
core   0: 0x8000970a (0x0000c69d) c.beqz  a3, pc + 46
core   0: 3 0x8000970a (0xc69d)
core   0: 0x8000970c (0x0317c7b3) div     a5, a5, a7
core   0: 3 0x8000970c (0x0317c7b3) x15 0x00000000
core   0: 0x80009710 (0x03f51bb3) mulh    s7, a0, t6
core   0: 3 0x80009710 (0x03f51bb3) x23 0xffffffff
core   0: 0x80009714 (0x00008f81) c.sub   a5, s0
core   0: 3 0x80009714 (0x8f81) x15 0x00000400
core   0: 0x80009716 (0x4cc88613) addi    a2, a7, 1228
core   0: 3 0x80009716 (0x4cc88613) x12 0x7f5a6a3a
core   0: 0x8000971a (0x0000099c) c.addi4spn a5, sp, 208
core   0: 3 0x8000971a (0x099c) x15 0x800137b2
core   0: 0x8000971c (0x000a90b3) sll     ra, s5, zero
core   0: 3 0x8000971c (0x000a90b3) x 1 0x00000000
core   0: 0x80009720 (0xd6a32ab7) lui     s5, 0xd6a32
core   0: 3 0x80009720 (0xd6a32ab7) x21 0xd6a32000
core   0: 0x80009724 (0x004c5e63) bge     s8, tp, pc + 28
core   0: 3 0x80009724 (0x004c5e63)
core   0: 0x80009728 (0x00000ce2) c.slli  s9, 24
core   0: 3 0x80009728 (0x0ce2) x25 0xe2000000
core   0: 0x8000972a (0x00c92b33) slt     s6, s2, a2
core   0: 3 0x8000972a (0x00c92b33) x22 0x00000001
core   0: 0x8000972e (0x79b02013) slti    zero, zero, 1947
core   0: 3 0x8000972e (0x79b02013)
core   0: 0x80009732 (0x000009f5) c.addi  s3, 29
core   0: 3 0x80009732 (0x09f5) x19 0x0000001d
core   0: 0x80009734 (0x0ff0000f) fence   iorw,iorw
core   0: 3 0x80009734 (0x0ff0000f)
core   0: 0x80009738 (0x0000e909) c.bnez  a0, pc + 18
core   0: 3 0x80009738 (0xe909)
core   0: 0x8000974a (0x02f0a933) mulhsu  s2, ra, a5
core   0: 3 0x8000974a (0x02f0a933) x18 0x00000000
core   0: 0x8000974e (0x0000100f) fence.i
core   0: 3 0x8000974e (0x0000100f)
core   0: 0x80009752 (0x0000c08d) c.beqz  s1, pc + 34
core   0: 3 0x80009752 (0xc08d)
core   0: 0x80009774 (0x026600b3) mul     ra, a2, t1
core   0: 3 0x80009774 (0x026600b3) x 1 0x832686ec
core   0: 0x80009778 (0x00006aed) c.lui   s5, 0x1b
core   0: 3 0x80009778 (0x6aed) x21 0x0001b000
core   0: 0x8000977a (0x01493333) sltu    t1, s2, s4
core   0: 3 0x8000977a (0x01493333) x 6 0x00000001
core   0: 0x8000977e (0x00000001) c.nop
core   0: 3 0x8000977e (0x0001)
core   0: 0x80009780 (0x00000001) c.nop
core   0: 3 0x80009780 (0x0001)
core   0: 0x80009782 (0x01fcd793) srli    a5, s9, 31
core   0: 3 0x80009782 (0x01fcd793) x15 0x00000001
core   0: 0x80009786 (0x056b6e63) bltu    s6, s6, pc + 92
core   0: 3 0x80009786 (0x056b6e63)
core   0: 0x8000978a (0x0000e901) c.bnez  a0, pc + 16
core   0: 3 0x8000978a (0xe901)
core   0: 0x8000979a (0x00000001) c.nop
core   0: 3 0x8000979a (0x0001)
core   0: 0x8000979c (0x012f4263) blt     t5, s2, pc + 4
core   0: 3 0x8000979c (0x012f4263)
core   0: 0x800097a0 (0x01431bb3) sll     s7, t1, s4
core   0: 3 0x800097a0 (0x01431bb3) x23 0x00002000
core   0: 0x800097a4 (0x00138833) add     a6, t2, ra
core   0: 3 0x800097a4 (0x00138833) x16 0x832686ec
core   0: 0x800097a8 (0x032c1b63) bne     s8, s2, pc + 54
core   0: 3 0x800097a8 (0x032c1b63)
core   0: 0x800097de (0x0000100f) fence.i
core   0: 3 0x800097de (0x0000100f)
core   0: 0x800097e2 (0x05dafb63) bgeu    s5, t4, pc + 86
core   0: 3 0x800097e2 (0x05dafb63)
core   0: 0x800097e6 (0x007651b3) srl     gp, a2, t2
core   0: 3 0x800097e6 (0x007651b3) x 3 0x7f5a6a3a
core   0: 0x800097ea (0x00b957b3) srl     a5, s2, a1
core   0: 3 0x800097ea (0x00b957b3) x15 0x00000000
core   0: 0x800097ee (0x03782633) mulhsu  a2, a6, s7
core   0: 3 0x800097ee (0x03782633) x12 0xfffff064
core   0: 0x800097f2 (0x000096f6) c.add   a3, t4
core   0: 3 0x800097f2 (0x96f6) x13 0xc37f9a12
core   0: 0x800097f4 (0x0000100f) fence.i
core   0: 3 0x800097f4 (0x0000100f)
core   0: 0x800097f8 (0x96d7f293) andi    t0, a5, -1683
core   0: 3 0x800097f8 (0x96d7f293) x 5 0x00000000
core   0: 0x800097fc (0x00489133) sll     sp, a7, tp
core   0: 3 0x800097fc (0x00489133) x 2 0x7f5a656e
core   0: 0x80009800 (0x00008499) c.srai  s1, 6
core   0: 3 0x80009800 (0x8499) x 9 0x00000000
core   0: 0x80009802 (0x02e74d63) blt     a4, a4, pc + 58
core   0: 3 0x80009802 (0x02e74d63)
core   0: 0x80009806 (0x746c6c93) ori     s9, s8, 1862
core   0: 3 0x80009806 (0x746c6c93) x25 0x918c7746
core   0: 0x8000980a (0x0038ffb3) and     t6, a7, gp
core   0: 3 0x8000980a (0x0038ffb3) x31 0x7f5a602a
core   0: 0x8000980e (0x0000100f) fence.i
core   0: 3 0x8000980e (0x0000100f)
core   0: 0x80009812 (0x0263f6b3) remu    a3, t2, t1
core   0: 3 0x80009812 (0x0263f6b3) x13 0x00000000
core   0: 0x80009816 (0x0236b9b3) mulhu   s3, a3, gp
core   0: 3 0x80009816 (0x0236b9b3) x19 0x00000000
core   0: 0x8000981a (0x00008d09) c.sub   a0, a0
core   0: 3 0x8000981a (0x8d09) x10 0x00000000
core   0: 0x8000981c (0x00008ccd) c.or    s1, a1
core   0: 3 0x8000981c (0x8ccd) x 9 0x8002cce4
core   0: 0x8000981e (0x0001d013) srli    zero, gp, 0
core   0: 3 0x8000981e (0x0001d013)
core   0: 0x80009822 (0x00008549) c.srai  a0, 18
core   0: 3 0x80009822 (0x8549) x10 0x00000000
core   0: 0x80009824 (0xe8dd2d13) slti    s10, s10, -371
core   0: 3 0x80009824 (0xe8dd2d13) x26 0x00000000
core   0: 0x80009828 (0x00008e29) c.xor   a2, a0
core   0: 3 0x80009828 (0x8e29) x12 0xfffff064
core   0: 0x8000982a (0x00000001) c.nop
core   0: 3 0x8000982a (0x0001)
core   0: 0x8000982c (0x2960826f) jal     tp, pc + 0x8296
core   0: 3 0x8000982c (0x2960826f) x 4 0x80009830
core   0: 0x80011ac2 (0x00da7263) bgeu    s4, a3, pc + 4
core   0: 3 0x80011ac2 (0x00da7263)
core   0: 0x80011ac6 (0x00001711) c.addi  a4, -28
core   0: 3 0x80011ac6 (0x1711) x14 0x80028e3c
core   0: 0x80011ac8 (0x00009e2a) c.add   t3, a0
core   0: 3 0x80011ac8 (0x9e2a) x28 0x00000000
core   0: 0x80011aca (0x145b99b7) lui     s3, 0x145b9
core   0: 3 0x80011aca (0x145b99b7) x19 0x145b9000
core   0: 0x80011ace (0x0141d2b3) srl     t0, gp, s4
core   0: 3 0x80011ace (0x0141d2b3) x 5 0x0003fad3
core   0: 0x80011ad2 (0xf6480d13) addi    s10, a6, -156
core   0: 3 0x80011ad2 (0xf6480d13) x26 0x83268650
core   0: 0x80011ad6 (0x03ccd033) divu    zero, s9, t3
core   0: 3 0x80011ad6 (0x03ccd033)
core   0: 0x80011ada (0x00472223) sw      tp, 4(a4)
core   0: 3 0x80011ada (0x00472223) mem 0x80028e40 0x80009830
core   0: 0x80011ade (0x02fdb633) mulhu   a2, s11, a5
core   0: 3 0x80011ade (0x02fdb633) x12 0x00000000
core   0: 0x80011ae2 (0x00af46b3) xor     a3, t5, a0
core   0: 3 0x80011ae2 (0x00af46b3) x13 0x80000000
core   0: 0x80011ae6 (0x00008cd9) c.or    s1, a4
core   0: 3 0x80011ae6 (0x8cd9) x 9 0x8002cefc
core   0: 0x80011ae8 (0x00002617) auipc   a2, 0x2
core   0: 3 0x80011ae8 (0x00002617) x12 0x80013ae8
core   0: 0x80011aec (0xb3960613) addi    a2, a2, -1223
core   0: 3 0x80011aec (0xb3960613) x12 0x80013621
core   0: 0x80011af0 (0x00000001) c.nop
core   0: 3 0x80011af0 (0x0001)
core   0: 0x80011af2 (0x0193d413) srli    s0, t2, 25
core   0: 3 0x80011af2 (0x0193d413) x 8 0x00000000
core   0: 0x80011af6 (0x22760493) addi    s1, a2, 551
core   0: 3 0x80011af6 (0x22760493) x 9 0x80013848
core   0: 0x80011afa (0x01dae6b3) or      a3, s5, t4
core   0: 3 0x80011afa (0x01dae6b3) x13 0x437ff000
core   0: 0x80011afe (0x0000100f) fence.i
core   0: 3 0x80011afe (0x0000100f)
core   0: 0x80011b02 (0xffa64783) lbu     a5, -6(a2)
core   0: 3 0x80011b02 (0xffa64783) x15 0x00000000 mem 0x8001361b
core   0: 0x80011b06 (0x0112bb33) sltu    s6, t0, a7
core   0: 3 0x80011b06 (0x0112bb33) x22 0x00000001
core   0: 0x80011b0a (0xff765203) lhu     tp, -9(a2)
core   0: 3 0x80011b0a (0xff765203) x 4 0x00000000 mem 0x80013618
core   0: 0x80011b0e (0x01064d03) lbu     s10, 16(a2)
core   0: 3 0x80011b0e (0x01064d03) x26 0x00000000 mem 0x80013631
core   0: 0x80011b12 (0x0082e9b3) or      s3, t0, s0
core   0: 3 0x80011b12 (0x0082e9b3) x19 0x0003fad3
core   0: 0x80011b16 (0xff8608a3) sb      s8, -15(a2)
core   0: 3 0x80011b16 (0xff8608a3) mem 0x80013612 0x0
core   0: 0x80011b1a (0x00a60783) lb      a5, 10(a2)
core   0: 3 0x80011b1a (0x00a60783) x15 0x00000064 mem 0x8001362b
core   0: 0x80011b1e (0x000082f9) c.srli  a3, 30
core   0: 3 0x80011b1e (0x82f9) x13 0x00000001
core   0: 0x80011b20 (0xd5b12f93) slti    t6, sp, -677
core   0: 3 0x80011b20 (0xd5b12f93) x31 0x00000000
core   0: 0x80011b24 (0xa8200413) li      s0, -1406
core   0: 3 0x80011b24 (0xa8200413) x 8 0xfffffa82
core   0: 0x80011b28 (0x00000bf1) c.addi  s7, 28
core   0: 3 0x80011b28 (0x0bf1) x23 0x0000201c
core   0: 0x80011b2a (0x403c88b3) sub     a7, s9, gp
core   0: 3 0x80011b2a (0x403c88b3) x17 0x12320d0c
core   0: 0x80011b2e (0x01e60223) sb      t5, 4(a2)
core   0: 3 0x80011b2e (0x01e60223) mem 0x80013625 0x0
core   0: 0x80011b32 (0x00000dde) c.slli  s11, 23
core   0: 3 0x80011b32 (0x0dde) x27 0x78800000
core   0: 0x80011b34 (0x00260b03) lb      s6, 2(a2)
core   0: 3 0x80011b34 (0x00260b03) x22 0x00000000 mem 0x80013623
core   0: 0x80011b38 (0xfe260e23) sb      sp, -4(a2)
core   0: 3 0x80011b38 (0xfe260e23) mem 0x8001361d 0x6e
core   0: 0x80011b3c (0x0000883d) c.andi  s0, 15
core   0: 3 0x80011b3c (0x883d) x 8 0x00000002
core   0: 0x80011b3e (0x00001514) c.addi4spn a3, sp, 672
core   0: 3 0x80011b3e (0x1514) x13 0x7f5a680e
core   0: 0x80011b40 (0x00a60623) sb      a0, 12(a2)
core   0: 3 0x80011b40 (0x00a60623) mem 0x8001362d 0x0
core   0: 0x80011b44 (0x00c612a3) sh      a2, 5(a2)
core   0: 3 0x80011b44 (0x00c612a3) mem 0x80013626 0x3621
core   0: 0x80011b48 (0x0000147d) c.addi  s0, -1
core   0: 3 0x80011b48 (0x147d) x 8 0x00000001
core   0: 0x80011b4a (0xff364d03) lbu     s10, -13(a2)
core   0: 3 0x80011b4a (0xff364d03) x26 0x00000000 mem 0x80013614
core   0: 0x80011b4e (0x00002a17) auipc   s4, 0x2
core   0: 3 0x80011b4e (0x00002a17) x20 0x80013b4e
core   0: 0x80011b52 (0x97aa0a13) addi    s4, s4, -1670
core   0: 3 0x80011b52 (0x97aa0a13) x20 0x800134c8
core   0: 0x80011b56 (0xf17a0e03) lb      t3, -233(s4)
core   0: 3 0x80011b56 (0xf17a0e03) x28 0x00000000 mem 0x800133df
core   0: 0x80011b5a (0xf29a0323) sb      s1, -218(s4)
core   0: 3 0x80011b5a (0xf29a0323) mem 0x800133ee 0x48
core   0: 0x80011b5e (0x095a4283) lbu     t0, 149(s4)
core   0: 3 0x80011b5e (0x095a4283) x 5 0x00000000 mem 0x8001355d
core   0: 0x80011b62 (0x0e3a4f83) lbu     t6, 227(s4)
core   0: 3 0x80011b62 (0x0e3a4f83) x31 0x00000000 mem 0x800135ab
core   0: 0x80011b66 (0xf94a1203) lh      tp, -108(s4)
core   0: 3 0x80011b66 (0xf94a1203) x 4 0x00000000 mem 0x8001345c
core   0: 0x80011b6a (0xf81a0183) lb      gp, -127(s4)
core   0: 3 0x80011b6a (0xf81a0183) x 3 0x00000000 mem 0x80013449
core   0: 0x80011b6e (0x06aa0aa3) sb      a0, 117(s4)
core   0: 3 0x80011b6e (0x06aa0aa3) mem 0x8001353d 0x0
core   0: 0x80011b72 (0x0ff0000f) fence   iorw,iorw
core   0: 3 0x80011b72 (0x0ff0000f)
core   0: 0x80011b76 (0x075a4303) lbu     t1, 117(s4)
core   0: 3 0x80011b76 (0x075a4303) x 6 0x00000000 mem 0x8001353d
core   0: 0x80011b7a (0xfb4a4f83) lbu     t6, -76(s4)
core   0: 3 0x80011b7a (0xfb4a4f83) x31 0x00000000 mem 0x8001347c
core   0: 0x80011b7e (0xf4ba4e03) lbu     t3, -181(s4)
core   0: 3 0x80011b7e (0xf4ba4e03) x28 0x00000000 mem 0x80013413
core   0: 0x80011b82 (0xfbda0c83) lb      s9, -67(s4)
core   0: 3 0x80011b82 (0xfbda0c83) x25 0x00000000 mem 0x80013485
core   0: 0x80011b86 (0xfbda4b83) lbu     s7, -67(s4)
core   0: 3 0x80011b86 (0xfbda4b83) x23 0x00000000 mem 0x80013485
core   0: 0x80011b8a (0x0187d513) srli    a0, a5, 24
core   0: 3 0x80011b8a (0x0187d513) x10 0x00000000
core   0: 0x80011b8e (0x08da4003) lbu     zero, 141(s4)
core   0: 3 0x80011b8e (0x08da4003) mem 0x80013555
core   0: 0x80011b92 (0x03ba0c03) lb      s8, 59(s4)
core   0: 3 0x80011b92 (0x03ba0c03) x24 0x00000000 mem 0x80013503
core   0: 0x80011b96 (0xfc0a5f83) lhu     t6, -64(s4)
core   0: 3 0x80011b96 (0xfc0a5f83) x31 0x00000000 mem 0x80013488
core   0: 0x80011b9a (0xfc0a1283) lh      t0, -64(s4)
core   0: 3 0x80011b9a (0xfc0a1283) x 5 0x00000000 mem 0x80013488
core   0: 0x80011b9e (0x004c9633) sll     a2, s9, tp
core   0: 3 0x80011b9e (0x004c9633) x12 0x00000000
core   0: 0x80011ba2 (0x03675d33) divu    s10, a4, s6
core   0: 3 0x80011ba2 (0x03675d33) x26 0xffffffff
core   0: 0x80011ba6 (0x00008cc5) c.or    s1, s1
core   0: 3 0x80011ba6 (0x8cc5) x 9 0x80013848
core   0: 0x80011ba8 (0x0c9a4e03) lbu     t3, 201(s4)
core   0: 3 0x80011ba8 (0x0c9a4e03) x28 0x00000000 mem 0x80013591
core   0: 0x80011bac (0x00006135) c.addi16sp sp, 352
core   0: 3 0x80011bac (0x6135) x 2 0x7f5a66ce
core   0: 0x80011bae (0x00009d1e) c.add   s10, t2
core   0: 3 0x80011bae (0x9d1e) x26 0xffffffff
core   0: 0x80011bb0 (0x0000e28d) c.bnez  a3, pc + 34
core   0: 3 0x80011bb0 (0xe28d)
core   0: 0x80011bd2 (0x0010f1b3) and     gp, ra, ra
core   0: 3 0x80011bd2 (0x0010f1b3) x 3 0x832686ec
core   0: 0x80011bd6 (0x00000001) c.nop
core   0: 3 0x80011bd6 (0x0001)
core   0: 0x80011bd8 (0x00000001) c.nop
core   0: 3 0x80011bd8 (0x0001)
core   0: 0x80011bda (0x017fd9b3) srl     s3, t6, s7
core   0: 3 0x80011bda (0x017fd9b3) x19 0x00000000
core   0: 0x80011bde (0x02ef5863) bge     t5, a4, pc + 48
core   0: 3 0x80011bde (0x02ef5863)
core   0: 0x80011be2 (0x00008cf5) c.and   s1, a3
core   0: 3 0x80011be2 (0x8cf5) x 9 0x00002808
core   0: 0x80011be4 (0x00008d6d) c.and   a0, a1
core   0: 3 0x80011be4 (0x8d6d) x10 0x00000000
core   0: 0x80011be6 (0x039c94b3) mulh    s1, s9, s9
core   0: 3 0x80011be6 (0x039c94b3) x 9 0x00000000
core   0: 0x80011bea (0x03a5fd13) andi    s10, a1, 58
core   0: 3 0x80011bea (0x03a5fd13) x26 0x00000020
core   0: 0x80011bee (0x033c9563) bne     s9, s3, pc + 42
core   0: 3 0x80011bee (0x033c9563)
core   0: 0x80011bf2 (0x00008cc2) c.mv    s9, a6
core   0: 3 0x80011bf2 (0x8cc2) x25 0x832686ec
core   0: 0x80011bf4 (0x02f137b3) mulhu   a5, sp, a5
core   0: 3 0x80011bf4 (0x02f137b3) x15 0x00000031
core   0: 0x80011bf8 (0x874d6513) ori     a0, s10, -1932
core   0: 3 0x80011bf8 (0x874d6513) x10 0xfffff874
core   0: 0x80011bfc (0x00000392) c.slli  t2, 4
core   0: 3 0x80011bfc (0x0392) x 7 0x00000000
core   0: 0x80011bfe (0x027be1b3) rem     gp, s7, t2
core   0: 3 0x80011bfe (0x027be1b3) x 3 0x00000000
core   0: 0x80011c02 (0x02a54163) blt     a0, a0, pc + 34
core   0: 3 0x80011c02 (0x02a54163)
core   0: 0x80011c06 (0x00009152) c.add   sp, s4
core   0: 3 0x80011c06 (0x9152) x 2 0xff5b9b96
core   0: 0x80011c08 (0x00d6bfb3) sltu    t6, a3, a3
core   0: 3 0x80011c08 (0x00d6bfb3) x31 0x00000000
core   0: 0x80011c0c (0x0000e409) c.bnez  s0, pc + 10
core   0: 3 0x80011c0c (0xe409)
core   0: 0x80011c16 (0x00008e79) c.and   a2, a4
core   0: 3 0x80011c16 (0x8e79) x12 0x00000000
core   0: 0x80011c18 (0x0000e611) c.bnez  a2, pc + 12
core   0: 3 0x80011c18 (0xe611)
core   0: 0x80011c1a (0x000098fd) c.andi  s1, -1
core   0: 3 0x80011c1a (0x98fd) x 9 0x00000000
core   0: 0x80011c1c (0x025b7b33) remu    s6, s6, t0
core   0: 3 0x80011c1c (0x025b7b33) x22 0x00000000
core   0: 0x80011c20 (0x41165633) sra     a2, a2, a7
core   0: 3 0x80011c20 (0x41165633) x12 0x00000000
core   0: 0x80011c24 (0x01ab22b3) slt     t0, s6, s10
core   0: 3 0x80011c24 (0x01ab22b3) x 5 0x00000001
core   0: 0x80011c28 (0x0ff0000f) fence   iorw,iorw
core   0: 3 0x80011c28 (0x0ff0000f)
core   0: 0x80011c2c (0x00472203) lw      tp, 4(a4)
core   0: 3 0x80011c2c (0x00472203) x 4 0x80009830 mem 0x80028e40
core   0: 0x80011c30 (0x00008e11) c.sub   a2, a2
core   0: 3 0x80011c30 (0x8e11) x12 0x00000000
core   0: 0x80011c32 (0x00000771) c.addi  a4, 28
core   0: 3 0x80011c32 (0x0771) x14 0x80028e58
core   0: 0x80011c34 (0x4169dc13) srai    s8, s3, 22
core   0: 3 0x80011c34 (0x4169dc13) x24 0x00000000
core   0: 0x80011c38 (0x00120493) addi    s1, tp, 1
core   0: 3 0x80011c38 (0x00120493) x 9 0x80009831
core   0: 0x80011c3c (0x00009482) c.jalr  s1
core   0: 3 0x80011c3c (0x9482) x 1 0x80011c3e
core   0: 0x80009830 (0x01bb5fb3) srl     t6, s6, s11
core   0: 3 0x80009830 (0x01bb5fb3) x31 0x00000000
core   0: 0x80009834 (0x0000839a) c.mv    t2, t1
core   0: 3 0x80009834 (0x839a) x 7 0x00000000
core   0: 0x80009836 (0x0000ed15) c.bnez  a0, pc + 60
core   0: 3 0x80009836 (0xed15)
core   0: 0x80009872 (0x019df6b3) and     a3, s11, s9
core   0: 3 0x80009872 (0x019df6b3) x13 0x00000000
core   0: 0x80009876 (0x00006319) c.lui   t1, 0x6
core   0: 3 0x80009876 (0x6319) x 6 0x00006000
core   0: 0x80009878 (0x02402433) mulhsu  s0, zero, tp
core   0: 3 0x80009878 (0x02402433) x 8 0x00000000
core   0: 0x8000987c (0x0000717d) c.addi16sp sp, -16
core   0: 3 0x8000987c (0x717d) x 2 0xff5b9b86
core   0: 0x8000987e (0x417689b3) sub     s3, a3, s7
core   0: 3 0x8000987e (0x417689b3) x19 0x00000000
core   0: 0x80009882 (0x000083dd) c.srli  a5, 23
core   0: 3 0x80009882 (0x83dd) x15 0x00000000
core   0: 0x80009884 (0x0395fb33) remu    s6, a1, s9
core   0: 3 0x80009884 (0x0395fb33) x22 0x8002cce4
core   0: 0x80009888 (0x0275fb33) remu    s6, a1, t2
core   0: 3 0x80009888 (0x0275fb33) x22 0x8002cce4
core   0: 0x8000988c (0x0000100f) fence.i
core   0: 3 0x8000988c (0x0000100f)
core   0: 0x80009890 (0x02de4563) blt     t3, a3, pc + 42
core   0: 3 0x80009890 (0x02de4563)
core   0: 0x80009894 (0x402ddd93) srai    s11, s11, 2
core   0: 3 0x80009894 (0x402ddd93) x27 0x1e200000
core   0: 0x80009898 (0x028e3b33) mulhu   s6, t3, s0
core   0: 3 0x80009898 (0x028e3b33) x22 0x00000000
core   0: 0x8000989c (0x0000997d) c.andi  a0, -1
core   0: 3 0x8000989c (0x997d) x10 0xfffff874
core   0: 0x8000989e (0x01f259b3) srl     s3, tp, t6
core   0: 3 0x8000989e (0x01f259b3) x19 0x80009830
core   0: 0x800098a2 (0x03a1d763) bge     gp, s10, pc + 46
core   0: 3 0x800098a2 (0x03a1d763)
core   0: 0x800098a6 (0xaf91f517) auipc   a0, 0xaf91f
core   0: 3 0x800098a6 (0xaf91f517) x10 0x2f9288a6
core   0: 0x800098aa (0x020cefb3) rem     t6, s9, zero
core   0: 3 0x800098aa (0x020cefb3) x31 0x832686ec
core   0: 0x800098ae (0x01d64b93) xori    s7, a2, 29
core   0: 3 0x800098ae (0x01d64b93) x23 0x0000001d
core   0: 0x800098b2 (0x00008ada) c.mv    s5, s6
core   0: 3 0x800098b2 (0x8ada) x21 0x00000000
core   0: 0x800098b4 (0x012320b3) slt     ra, t1, s2
core   0: 3 0x800098b4 (0x012320b3) x 1 0x00000000
core   0: 0x800098b8 (0x00006609) c.lui   a2, 0x2
core   0: 3 0x800098b8 (0x6609) x12 0x00002000
core   0: 0x800098ba (0x030a4b63) blt     s4, a6, pc + 54
core   0: 3 0x800098ba (0x030a4b63)
core   0: 0x800098f0 (0x003f0e63) beq     t5, gp, pc + 28
core   0: 3 0x800098f0 (0x003f0e63)
core   0: 0x800098f4 (0x0000094e) c.slli  s2, 19
core   0: 3 0x800098f4 (0x094e) x18 0x00000000
core   0: 0x800098f6 (0x406cd1b3) sra     gp, s9, t1
core   0: 3 0x800098f6 (0x406cd1b3) x 3 0x832686ec
core   0: 0x800098fa (0xc22d8b13) addi    s6, s11, -990
core   0: 3 0x800098fa (0xc22d8b13) x22 0x1e1ffc22
core   0: 0x800098fe (0x00a87763) bgeu    a6, a0, pc + 14
core   0: 3 0x800098fe (0x00a87763)
core   0: 0x8000990c (0x00686ab3) or      s5, a6, t1
core   0: 3 0x8000990c (0x00686ab3) x21 0x8326e6ec
core   0: 0x80009910 (0x00008fd9) c.or    a5, a4
core   0: 3 0x80009910 (0x8fd9) x15 0x80028e58
core   0: 0x80009912 (0x00472203) lw      tp, 4(a4)
core   0: 3 0x80009912 (0x00472203) x 4 0x800054f6 mem 0x80028e5c
core   0: 0x80009916 (0x41bd5333) sra     t1, s10, s11
core   0: 3 0x80009916 (0x41bd5333) x 6 0x00000020
core   0: 0x8000991a (0x0ff0000f) fence   iorw,iorw
core   0: 3 0x8000991a (0x0ff0000f)
core   0: 0x8000991e (0x00000731) c.addi  a4, 12
core   0: 3 0x8000991e (0x0731) x14 0x80028e64
core   0: 0x80009920 (0x83538e93) addi    t4, t2, -1995
core   0: 3 0x80009920 (0x83538e93) x29 0xfffff835
core   0: 0x80009924 (0x00008ced) c.and   s1, a1
core   0: 3 0x80009924 (0x8ced) x 9 0x80008820
core   0: 0x80009926 (0x000087ad) c.srai  a5, 11
core   0: 3 0x80009926 (0x87ad) x15 0xfff00051
core   0: 0x80009928 (0x01bb50b3) srl     ra, s6, s11
core   0: 3 0x80009928 (0x01bb50b3) x 1 0x1e1ffc22
core   0: 0x8000992c (0x01f8c3b3) xor     t2, a7, t6
core   0: 3 0x8000992c (0x01f8c3b3) x 7 0x91148be0
core   0: 0x80009930 (0x02983633) mulhu   a2, a6, s1
core   0: 3 0x80009930 (0x02983633) x12 0x41938932
core   0: 0x80009934 (0x00020693) mv      a3, tp
core   0: 3 0x80009934 (0x00020693) x13 0x800054f6
core   0: 0x80009938 (0x000686e7) jalr    a3, a3, 0
core   0: 3 0x80009938 (0x000686e7) x13 0x8000993c
core   0: 0x800054f6 (0x0033feb3) and     t4, t2, gp
core   0: 3 0x800054f6 (0x0033feb3) x29 0x810482e0
core   0: 0x800054fa (0x00008439) c.srai  s0, 14
core   0: 3 0x800054fa (0x8439) x 8 0x00000000
core   0: 0x800054fc (0x0312fdb3) remu    s11, t0, a7
core   0: 3 0x800054fc (0x0312fdb3) x27 0x00000001
core   0: 0x80005500 (0x02b5acb3) mulhsu  s9, a1, a1
core   0: 3 0x80005500 (0x02b5acb3) x25 0xc0000007
core   0: 0x80005504 (0x40085933) sra     s2, a6, zero
core   0: 3 0x80005504 (0x40085933) x18 0x832686ec
core   0: 0x80005508 (0x036c37b3) mulhu   a5, s8, s6
core   0: 3 0x80005508 (0x036c37b3) x15 0x00000000
core   0: 0x8000550c (0x0255d663) bge     a1, t0, pc + 44
core   0: 3 0x8000550c (0x0255d663)
core   0: 0x80005510 (0x0000841d) c.srai  s0, 7
core   0: 3 0x80005510 (0x841d) x 8 0x00000000
core   0: 0x80005512 (0x0000ca11) c.beqz  a2, pc + 20
core   0: 3 0x80005512 (0xca11)
core   0: 0x80005514 (0x40ab0433) sub     s0, s6, a0
core   0: 3 0x80005514 (0x40ab0433) x 8 0xee8d737c
core   0: 0x80005518 (0x0000100f) fence.i
core   0: 3 0x80005518 (0x0000100f)
core   0: 0x8000551c (0x000003da) c.slli  t2, 22
core   0: 3 0x8000551c (0x03da) x 7 0xf8000000
core   0: 0x8000551e (0x00001a7d) c.addi  s4, -1
core   0: 3 0x8000551e (0x1a7d) x20 0x800134c7
core   0: 0x80005520 (0x00006139) c.addi16sp sp, 448
core   0: 3 0x80005520 (0x6139) x 2 0xff5b9d46
core   0: 0x80005522 (0x01fb5333) srl     t1, s6, t6
core   0: 3 0x80005522 (0x01fb5333) x 6 0x0001e1ff
core   0: 0x80005526 (0xf8167493) andi    s1, a2, -127
core   0: 3 0x80005526 (0xf8167493) x 9 0x41938900
core   0: 0x8000552a (0x000007e6) c.slli  a5, 25
core   0: 3 0x8000552a (0x07e6) x15 0x00000000
core   0: 0x8000552c (0x032931b3) mulhu   gp, s2, s2
core   0: 3 0x8000552c (0x032931b3) x 3 0x433073e1
core   0: 0x80005530 (0x00006175) c.addi16sp sp, 368
core   0: 3 0x80005530 (0x6175) x 2 0xff5b9eb6
core   0: 0x80005532 (0x03acadb3) mulhsu  s11, s9, s10
core   0: 3 0x80005532 (0x03acadb3) x27 0xfffffff8
core   0: 0x80005536 (0x0000c949) c.beqz  a0, pc + 146
core   0: 3 0x80005536 (0xc949)
core   0: 0x80005538 (0x0268d533) divu    a0, a7, t1
core   0: 3 0x80005538 (0x0268d533) x10 0x000009aa
core   0: 0x8000553c (0x00699893) slli    a7, s3, 6
core   0: 3 0x8000553c (0x00699893) x17 0x00260c00
core   0: 0x80005540 (0x01e8ee33) or      t3, a7, t5
core   0: 3 0x80005540 (0x01e8ee33) x28 0x80260c00
core   0: 0x80005544 (0x00008e05) c.sub   a2, s1
core   0: 3 0x80005544 (0x8e05) x12 0x00000032
core   0: 0x80005546 (0x029f7433) remu    s0, t5, s1
core   0: 3 0x80005546 (0x029f7433) x 8 0x3e6c7700
core   0: 0x8000554a (0x034bc133) div     sp, s7, s4
core   0: 3 0x8000554a (0x034bc133) x 2 0x00000000
core   0: 0x8000554e (0x00012117) auipc   sp, 0x12
core   0: 3 0x8000554e (0x00012117) x 2 0x8001754e
core   0: 0x80005552 (0x01210113) addi    sp, sp, 18
core   0: 3 0x80005552 (0x01210113) x 2 0x80017560
core   0: 0x80005556 (0xf1f10303) lb      t1, -225(sp)
core   0: 3 0x80005556 (0xf1f10303) x 6 0x00000000 mem 0x8001747f
core   0: 0x8000555a (0x5e015a83) lhu     s5, 1504(sp)
core   0: 3 0x8000555a (0x5e015a83) x21 0x00000000 mem 0x80017b40
core   0: 0x8000555e (0xdbd14a83) lbu     s5, -579(sp)
core   0: 3 0x8000555e (0xdbd14a83) x21 0x00000000 mem 0x8001731d
core   0: 0x80005562 (0xdae10ea3) sb      a4, -579(sp)
core   0: 3 0x80005562 (0xdae10ea3) mem 0x8001731d 0x64
core   0: 0x80005566 (0xdbb10ea3) sb      s11, -579(sp)
core   0: 3 0x80005566 (0xdbb10ea3) mem 0x8001731d 0xf8
core   0: 0x8000556a (0xdbd10e83) lb      t4, -579(sp)
core   0: 3 0x8000556a (0xdbd10e83) x29 0xfffffff8 mem 0x8001731d
core   0: 0x8000556e (0xdbd14883) lbu     a7, -579(sp)
core   0: 3 0x8000556e (0xdbd14883) x17 0x000000f8 mem 0x8001731d
core   0: 0x80005572 (0x00004529) c.li    a0, 10
core   0: 3 0x80005572 (0x4529) x10 0x0000000a
core   0: 0x80005574 (0xdbd14e03) lbu     t3, -579(sp)
core   0: 3 0x80005574 (0xdbd14e03) x28 0x000000f8 mem 0x8001731d
core   0: 0x80005578 (0x10c11b03) lh      s6, 268(sp)
core   0: 3 0x80005578 (0x10c11b03) x22 0x00000000 mem 0x8001766c
core   0: 0x8000557c (0x00000001) c.nop
core   0: 3 0x8000557c (0x0001)
core   0: 0x8000557e (0x761100a3) sb      ra, 1889(sp)
core   0: 3 0x8000557e (0x761100a3) mem 0x80017cc1 0x22
core   0: 0x80005582 (0x76114303) lbu     t1, 1889(sp)
core   0: 3 0x80005582 (0x76114303) x 6 0x00000022 mem 0x80017cc1
core   0: 0x80005586 (0x76114283) lbu     t0, 1889(sp)
core   0: 3 0x80005586 (0x76114283) x 5 0x00000022 mem 0x80017cc1
core   0: 0x8000558a (0xdcb11123) sh      a1, -574(sp)
core   0: 3 0x8000558a (0xdcb11123) mem 0x80017322 0xcce4
core   0: 0x8000558e (0x54611303) lh      t1, 1350(sp)
core   0: 3 0x8000558e (0x54611303) x 6 0x00000000 mem 0x80017aa6
core   0: 0x80005592 (0x3e514e03) lbu     t3, 997(sp)
core   0: 3 0x80005592 (0x3e514e03) x28 0x00000000 mem 0x80017945
core   0: 0x80005596 (0xfdd14a03) lbu     s4, -35(sp)
core   0: 3 0x80005596 (0xfdd14a03) x20 0x00000000 mem 0x8001753d
core   0: 0x8000559a (0xfdd10f83) lb      t6, -35(sp)
core   0: 3 0x8000559a (0xfdd10f83) x31 0x00000000 mem 0x8001753d
core   0: 0x8000559e (0x004560b3) or      ra, a0, tp
core   0: 3 0x8000559e (0x004560b3) x 1 0x800054fe
core   0: 0x800055a2 (0x00008d9a) c.mv    s11, t1
core   0: 3 0x800055a2 (0x8d9a) x27 0x00000000
core   0: 0x800055a4 (0x0263f9b3) remu    s3, t2, t1
core   0: 3 0x800055a4 (0x0263f9b3) x19 0xf8000000
core   0: 0x800055a8 (0x0310f633) remu    a2, ra, a7
core   0: 3 0x800055a8 (0x0310f633) x12 0x000000f6
core   0: 0x800055ac (0x0000100f) fence.i
core   0: 3 0x800055ac (0x0000100f)
core   0: 0x800055b0 (0x0369c8b3) div     a7, s3, s6
core   0: 3 0x800055b0 (0x0369c8b3) x17 0xffffffff
core   0: 0x800055b4 (0x006e2333) slt     t1, t3, t1
core   0: 3 0x800055b4 (0x006e2333) x 6 0x00000000
core   0: 0x800055b8 (0x025f7cb3) remu    s9, t5, t0
core   0: 3 0x800055b8 (0x025f7cb3) x25 0x0000001a
core   0: 0x800055bc (0x00008d69) c.and   a0, a0
core   0: 3 0x800055bc (0x8d69) x10 0x0000000a
core   0: 0x800055be (0x000081c2) c.mv    gp, a6
core   0: 3 0x800055be (0x81c2) x 3 0x832686ec
core   0: 0x800055c0 (0x0059e2b3) or      t0, s3, t0
core   0: 3 0x800055c0 (0x0059e2b3) x 5 0xf8000022
core   0: 0x800055c4 (0x419eda13) srai    s4, t4, 25
core   0: 3 0x800055c4 (0x419eda13) x20 0xffffffff
core   0: 0x800055c8 (0x00008cf5) c.and   s1, a3
core   0: 3 0x800055c8 (0x8cf5) x 9 0x00008900
core   0: 0x800055ca (0x017eccb3) xor     s9, t4, s7
core   0: 3 0x800055ca (0x017eccb3) x25 0xffffffe5
core   0: 0x800055ce (0x02e40d63) beq     s0, a4, pc + 58
core   0: 3 0x800055ce (0x02e40d63)
core   0: 0x800055d2 (0x00000cce) c.slli  s9, 19
core   0: 3 0x800055d2 (0x0cce) x25 0xff280000
core   0: 0x800055d4 (0x023294b3) mulh    s1, t0, gp
core   0: 3 0x800055d4 (0x023294b3) x 9 0x03e6cbb8
core   0: 0x800055d8 (0x0119afb3) slt     t6, s3, a7
core   0: 3 0x800055d8 (0x0119afb3) x31 0x00000001
core   0: 0x800055dc (0x11194293) xori    t0, s2, 273
core   0: 3 0x800055dc (0x11194293) x 5 0x832687fd
core   0: 0x800055e0 (0x00de0963) beq     t3, a3, pc + 18
core   0: 3 0x800055e0 (0x00de0963)
core   0: 0x800055e4 (0x0282e4b3) rem     s1, t0, s0
core   0: 3 0x800055e4 (0x0282e4b3) x 9 0xffff75fd
core   0: 0x800055e8 (0x00000d1c) c.addi4spn a5, sp, 656
core   0: 3 0x800055e8 (0x0d1c) x15 0x800177f0
core   0: 0x800055ea (0x007e9eb3) sll     t4, t4, t2
core   0: 3 0x800055ea (0x007e9eb3) x29 0xfffffff8
core   0: 0x800055ee (0x02e77363) bgeu    a4, a4, pc + 38
core   0: 3 0x800055ee (0x02e77363)
core   0: 0x80005614 (0x0000852d) c.srai  a0, 11
core   0: 3 0x80005614 (0x852d) x10 0x00000000
core   0: 0x80005616 (0x41fc5193) srai    gp, s8, 31
core   0: 3 0x80005616 (0x41fc5193) x 3 0x00000000
core   0: 0x8000561a (0x0ff0000f) fence   iorw,iorw
core   0: 3 0x8000561a (0x0ff0000f)
core   0: 0x8000561e (0x41d90e33) sub     t3, s2, t4
core   0: 3 0x8000561e (0x41d90e33) x28 0x832686f4
core   0: 0x80005622 (0x03ebee63) bltu    s7, t5, pc + 60
core   0: 3 0x80005622 (0x03ebee63)
core   0: 0x8000565e (0x03abd6b3) divu    a3, s7, s10
core   0: 3 0x8000565e (0x03abd6b3) x13 0x00000000
core   0: 0x80005662 (0x0000411d) c.li    sp, 7
core   0: 3 0x80005662 (0x411d) x 2 0x00000007
core   0: 0x80005664 (0x00397963) bgeu    s2, gp, pc + 18
core   0: 3 0x80005664 (0x00397963)
core   0: 0x80005676 (0x032fb933) mulhu   s2, t6, s2
core   0: 3 0x80005676 (0x032fb933) x18 0x00000000
core   0: 0x8000567a (0x0061dfb3) srl     t6, gp, t1
core   0: 3 0x8000567a (0x0061dfb3) x31 0x00000000
core   0: 0x8000567e (0x00f0b4b3) sltu    s1, ra, a5
core   0: 3 0x8000567e (0x00f0b4b3) x 9 0x00000001
core   0: 0x80005682 (0x020d8fb3) mul     t6, s11, zero
core   0: 3 0x80005682 (0x020d8fb3) x31 0x00000000
core   0: 0x80005686 (0x00008ec1) c.or    a3, s0
core   0: 3 0x80005686 (0x8ec1) x13 0x3e6c7700
core   0: 0x80005688 (0x000082b9) c.srli  a3, 14
core   0: 3 0x80005688 (0x82b9) x13 0x0000f9b1
core   0: 0x8000568a (0x0000997d) c.andi  a0, -1
core   0: 3 0x8000568a (0x997d) x10 0x00000000
core   0: 0x8000568c (0x000084d9) c.srai  s1, 22
core   0: 3 0x8000568c (0x84d9) x 9 0x00000000
core   0: 0x8000568e (0x012f37b3) sltu    a5, t5, s2
core   0: 3 0x8000568e (0x012f37b3) x15 0x00000000
core   0: 0x80005692 (0x01ff6fb3) or      t6, t5, t6
core   0: 3 0x80005692 (0x01ff6fb3) x31 0x80000000
core   0: 0x80005696 (0x00000001) c.nop
core   0: 3 0x80005696 (0x0001)
core   0: 0x80005698 (0x00005ffd) c.li    t6, -1
core   0: 3 0x80005698 (0x5ffd) x31 0xffffffff
core   0: 0x8000569a (0x0000e099) c.bnez  s1, pc + 6
core   0: 3 0x8000569a (0xe099)
core   0: 0x8000569c (0x00000001) c.nop
core   0: 3 0x8000569c (0x0001)
core   0: 0x8000569e (0x0000801d) c.srli  s0, 7
core   0: 3 0x8000569e (0x801d) x 8 0x007cd8ee
core   0: 0x800056a0 (0xb3840693) addi    a3, s0, -1224
core   0: 3 0x800056a0 (0xb3840693) x13 0x007cd426
core   0: 0x800056a4 (0x000001ba) c.slli  gp, 14
core   0: 3 0x800056a4 (0x01ba) x 3 0x00000000
core   0: 0x800056a6 (0x0215f233) remu    tp, a1, ra
core   0: 3 0x800056a6 (0x0215f233) x 4 0x000277e6
core   0: 0x800056aa (0x08797313) andi    t1, s2, 135
core   0: 3 0x800056aa (0x08797313) x 6 0x00000000
core   0: 0x800056ae (0x02b19d63) bne     gp, a1, pc + 58
core   0: 3 0x800056ae (0x02b19d63)
core   0: 0x800056e8 (0x40f95613) srai    a2, s2, 15
core   0: 3 0x800056e8 (0x40f95613) x12 0x00000000
core   0: 0x800056ec (0x6d0d7793) andi    a5, s10, 1744
core   0: 3 0x800056ec (0x6d0d7793) x15 0x00000000
core   0: 0x800056f0 (0x01fd0cb3) add     s9, s10, t6
core   0: 3 0x800056f0 (0x01fd0cb3) x25 0x0000001f
core   0: 0x800056f4 (0x02128e63) beq     t0, ra, pc + 60
core   0: 3 0x800056f4 (0x02128e63)
core   0: 0x800056f8 (0x01e75b13) srli    s6, a4, 30
core   0: 3 0x800056f8 (0x01e75b13) x22 0x00000002
core   0: 0x800056fc (0xc18db613) sltiu   a2, s11, -1000
core   0: 3 0x800056fc (0xc18db613) x12 0x00000001
core   0: 0x80005700 (0x40d90eb3) sub     t4, s2, a3
core   0: 3 0x80005700 (0x40d90eb3) x29 0xff832bda
core   0: 0x80005704 (0x03db5263) bge     s6, t4, pc + 36
core   0: 3 0x80005704 (0x03db5263)
core   0: 0x80005728 (0x0313fb63) bgeu    t2, a7, pc + 54
core   0: 3 0x80005728 (0x0313fb63)
core   0: 0x8000572c (0x00008ff5) c.and   a5, a3
core   0: 3 0x8000572c (0x8ff5) x15 0x00000000
core   0: 0x8000572e (0x00008ae9) c.andi  a3, 26
core   0: 3 0x8000572e (0x8ae9) x13 0x00000002
core   0: 0x80005730 (0x0000717d) c.addi16sp sp, -16
core   0: 3 0x80005730 (0x717d) x 2 0xfffffff7
core   0: 0x80005732 (0x0374e933) rem     s2, s1, s7
core   0: 3 0x80005732 (0x0374e933) x18 0x00000000
core   0: 0x80005736 (0x01c28263) beq     t0, t3, pc + 4
core   0: 3 0x80005736 (0x01c28263)
core   0: 0x8000573a (0x00001afd) c.addi  s5, -1
core   0: 3 0x8000573a (0x1afd) x21 0xffffffff
core   0: 0x8000573c (0x03b2f263) bgeu    t0, s11, pc + 36
core   0: 3 0x8000573c (0x03b2f263)
core   0: 0x80005760 (0x00009bae) c.add   s7, a1
core   0: 3 0x80005760 (0x9bae) x23 0x8002cd01
core   0: 0x80005762 (0x048d0263) beq     s10, s0, pc + 68
core   0: 3 0x80005762 (0x048d0263)
core   0: 0x80005766 (0x01866d63) bltu    a2, s8, pc + 26
core   0: 3 0x80005766 (0x01866d63)
core   0: 0x8000576a (0x6655c413) xori    s0, a1, 1637
core   0: 3 0x8000576a (0x6655c413) x 8 0x8002ca81
core   0: 0x8000576e (0x0ff0000f) fence   iorw,iorw
core   0: 3 0x8000576e (0x0ff0000f)
core   0: 0x80005772 (0x00c31363) bne     t1, a2, pc + 6
core   0: 3 0x80005772 (0x00c31363)
core   0: 0x80005778 (0x02df7eb3) remu    t4, t5, a3
core   0: 3 0x80005778 (0x02df7eb3) x29 0x00000000
core   0: 0x8000577c (0x016d1b33) sll     s6, s10, s6
core   0: 3 0x8000577c (0x016d1b33) x22 0x00000080
core   0: 0x80005780 (0x0ff0000f) fence   iorw,iorw
core   0: 3 0x80005780 (0x0ff0000f)
core   0: 0x80005784 (0x032214b3) mulh    s1, tp, s2
core   0: 3 0x80005784 (0x032214b3) x 9 0x00000000
core   0: 0x80005788 (0x003f56b3) srl     a3, t5, gp
core   0: 3 0x80005788 (0x003f56b3) x13 0x80000000
core   0: 0x8000578c (0x034147b3) div     a5, sp, s4
core   0: 3 0x8000578c (0x034147b3) x15 0x00000009
core   0: 0x80005790 (0x0000717d) c.addi16sp sp, -16
core   0: 3 0x80005790 (0x717d) x 2 0xffffffe7
core   0: 0x80005792 (0x0214c917) auipc   s2, 0x214c
core   0: 3 0x80005792 (0x0214c917) x18 0x82151792
core   0: 0x80005796 (0x016c8c63) beq     s9, s6, pc + 24
core   0: 3 0x80005796 (0x016c8c63)
core   0: 0x8000579a (0x0000171c) c.addi4spn a5, sp, 928
core   0: 3 0x8000579a (0x171c) x15 0x00000387
core   0: 0x8000579c (0x0035ff63) bgeu    a1, gp, pc + 30
core   0: 3 0x8000579c (0x0035ff63)
core   0: 0x800057ba (0x02d158b3) divu    a7, sp, a3
core   0: 3 0x800057ba (0x02d158b3) x17 0x00000001
core   0: 0x800057be (0x024bebb3) rem     s7, s7, tp
core   0: 3 0x800057be (0x024bebb3) x23 0xffffb8dd
core   0: 0x800057c2 (0x3ab3ed93) ori     s11, t2, 939
core   0: 3 0x800057c2 (0x3ab3ed93) x27 0xf80003ab
core   0: 0x800057c6 (0x01bb1413) slli    s0, s6, 27
core   0: 3 0x800057c6 (0x01bb1413) x 8 0x00000000
core   0: 0x800057ca (0xea973013) sltiu   zero, a4, -343
core   0: 3 0x800057ca (0xea973013)
core   0: 0x800057ce (0x40a25513) srai    a0, tp, 10
core   0: 3 0x800057ce (0x40a25513) x10 0x0000009d
core   0: 0x800057d2 (0x000066b1) c.lui   a3, 0xc
core   0: 3 0x800057d2 (0x66b1) x13 0x0000c000
core   0: 0x800057d4 (0x0000100f) fence.i
core   0: 3 0x800057d4 (0x0000100f)
core   0: 0x800057d8 (0xacd202b7) lui     t0, 0xacd20
core   0: 3 0x800057d8 (0xacd202b7) x 5 0xacd20000
core   0: 0x800057dc (0x02310263) beq     sp, gp, pc + 36
core   0: 3 0x800057dc (0x02310263)
core   0: 0x800057e0 (0xab02bc93) sltiu   s9, t0, -1360
core   0: 3 0x800057e0 (0xab02bc93) x25 0x00000001
core   0: 0x800057e4 (0x01a3fab3) and     s5, t2, s10
core   0: 3 0x800057e4 (0x01a3fab3) x21 0x00000000
core   0: 0x800057e8 (0x027e9b33) mulh    s6, t4, t2
core   0: 3 0x800057e8 (0x027e9b33) x22 0x00000000
core   0: 0x800057ec (0x00000001) c.nop
core   0: 3 0x800057ec (0x0001)
core   0: 0x800057ee (0x029edab3) divu    s5, t4, s1
core   0: 3 0x800057ee (0x029edab3) x21 0xffffffff
core   0: 0x800057f2 (0x00008c8d) c.sub   s1, a1
core   0: 3 0x800057f2 (0x8c8d) x 9 0x7ffd331c
core   0: 0x800057f4 (0x0000680d) c.lui   a6, 0x3
core   0: 3 0x800057f4 (0x680d) x16 0x00003000
core   0: 0x800057f6 (0x00008bad) c.andi  a5, 11
core   0: 3 0x800057f6 (0x8bad) x15 0x00000003
core   0: 0x800057f8 (0x00fda333) slt     t1, s11, a5
core   0: 3 0x800057f8 (0x00fda333) x 6 0x00000001
core   0: 0x800057fc (0x00871d93) slli    s11, a4, 8
core   0: 3 0x800057fc (0x00871d93) x27 0x028e6400
core   0: 0x80005800 (0x000086f1) c.srai  a3, 28
core   0: 3 0x80005800 (0x86f1) x13 0x00000000
core   0: 0x80005802 (0x015043b3) xor     t2, zero, s5
core   0: 3 0x80005802 (0x015043b3) x 7 0xffffffff
core   0: 0x80005806 (0x00000b80) c.addi4spn s0, sp, 464
core   0: 3 0x80005806 (0x0b80) x 8 0x000001b7
core   0: 0x80005808 (0x29960293) addi    t0, a2, 665
core   0: 3 0x80005808 (0x29960293) x 5 0x0000029a
core   0: 0x8000580c (0x2eb66513) ori     a0, a2, 747
core   0: 3 0x8000580c (0x2eb66513) x10 0x000002eb
core   0: 0x80005810 (0x017d4533) xor     a0, s10, s7
core   0: 3 0x80005810 (0x017d4533) x10 0xffffb8fd
core   0: 0x80005814 (0x00a85613) srli    a2, a6, 10
core   0: 3 0x80005814 (0x00a85613) x12 0x0000000c
core   0: 0x80005818 (0x0ff0000f) fence   iorw,iorw
core   0: 3 0x80005818 (0x0ff0000f)
core   0: 0x8000581c (0x03eb1163) bne     s6, t5, pc + 34
core   0: 3 0x8000581c (0x03eb1163)
core   0: 0x8000583e (0x00008529) c.srai  a0, 10
core   0: 3 0x8000583e (0x8529) x10 0xffffffee
core   0: 0x80005840 (0x00008659) c.srai  a2, 22
core   0: 3 0x80005840 (0x8659) x12 0x00000000
core   0: 0x80005842 (0x00008ec9) c.or    a3, a0
core   0: 3 0x80005842 (0x8ec9) x13 0xffffffee
core   0: 0x80005844 (0x015a4d33) xor     s10, s4, s5
core   0: 3 0x80005844 (0x015a4d33) x26 0x00000000
core   0: 0x80005848 (0x000087b9) c.srai  a5, 14
core   0: 3 0x80005848 (0x87b9) x15 0x00000000
core   0: 0x8000584a (0x01729013) slli    zero, t0, 23
core   0: 3 0x8000584a (0x01729013)
core   0: 0x8000584e (0x0172df93) srli    t6, t0, 23
core   0: 3 0x8000584e (0x0172df93) x31 0x00000000
core   0: 0x80005852 (0x00c087b3) add     a5, ra, a2
core   0: 3 0x80005852 (0x00c087b3) x15 0x800054fe
core   0: 0x80005856 (0x03f68333) mul     t1, a3, t6
core   0: 3 0x80005856 (0x03f68333) x 6 0x00000000
core   0: 0x8000585a (0x0000717d) c.addi16sp sp, -16
core   0: 3 0x8000585a (0x717d) x 2 0xffffffd7
core   0: 0x8000585c (0x05fd7263) bgeu    s10, t6, pc + 68
core   0: 3 0x8000585c (0x05fd7263)
core   0: 0x800058a0 (0x01048d33) add     s10, s1, a6
core   0: 3 0x800058a0 (0x01048d33) x26 0x7ffd631c
core   0: 0x800058a4 (0x029fd763) bge     t6, s1, pc + 46
core   0: 3 0x800058a4 (0x029fd763)
core   0: 0x800058a8 (0x01d43fb3) sltu    t6, s0, t4
core   0: 3 0x800058a8 (0x01d43fb3) x31 0x00000000
core   0: 0x800058ac (0x03511a63) bne     sp, s5, pc + 52
core   0: 3 0x800058ac (0x03511a63)
core   0: 0x800058e0 (0x03f71fb3) mulh    t6, a4, t6
core   0: 3 0x800058e0 (0x03f71fb3) x31 0x00000000
core   0: 0x800058e4 (0x00008e39) c.xor   a2, a4
core   0: 3 0x800058e4 (0x8e39) x12 0x80028e64
core   0: 0x800058e6 (0x02c67c33) remu    s8, a2, a2
core   0: 3 0x800058e6 (0x02c67c33) x24 0x00000000
core   0: 0x800058ea (0xcd41a013) slti    zero, gp, -812
core   0: 3 0x800058ea (0xcd41a013)
core   0: 0x800058ee (0x00008a01) c.andi  a2, 0
core   0: 3 0x800058ee (0x8a01) x12 0x00000000
core   0: 0x800058f0 (0x0000826d) c.srli  a2, 27
core   0: 3 0x800058f0 (0x826d) x12 0x00000000
core   0: 0x800058f2 (0x00008e89) c.sub   a3, a0
core   0: 3 0x800058f2 (0x8e89) x13 0x00000000
core   0: 0x800058f4 (0x01a678b3) and     a7, a2, s10
core   0: 3 0x800058f4 (0x01a678b3) x17 0x00000000
core   0: 0x800058f8 (0x01977fb3) and     t6, a4, s9
core   0: 3 0x800058f8 (0x01977fb3) x31 0x00000000
core   0: 0x800058fc (0x237eab13) slti    s6, t4, 567
core   0: 3 0x800058fc (0x237eab13) x22 0x00000001
core   0: 0x80005900 (0x0000824d) c.srli  a2, 19
core   0: 3 0x80005900 (0x824d) x12 0x00000000
core   0: 0x80005902 (0xb0c5ab13) slti    s6, a1, -1268
core   0: 3 0x80005902 (0xb0c5ab13) x22 0x00000001
core   0: 0x80005906 (0x01857bb3) and     s7, a0, s8
core   0: 3 0x80005906 (0x01857bb3) x23 0x00000000
core   0: 0x8000590a (0x0000848d) c.srai  s1, 3
core   0: 3 0x8000590a (0x848d) x 9 0x0fffa663
core   0: 0x8000590c (0x857dec13) ori     s8, s11, -1961
core   0: 3 0x8000590c (0x857dec13) x24 0xfffffc57
core   0: 0x80005910 (0x00006351) c.lui   t1, 0x14
core   0: 3 0x80005910 (0x6351) x 6 0x00014000
core   0: 0x80005912 (0x0000100f) fence.i
core   0: 3 0x80005912 (0x0000100f)
core   0: 0x80005916 (0x03956d63) bltu    a0, s9, pc + 58
core   0: 3 0x80005916 (0x03956d63)
core   0: 0x8000591a (0x00008e15) c.sub   a2, a3
core   0: 3 0x8000591a (0x8e15) x12 0x00000000
core   0: 0x8000591c (0x00b57a63) bgeu    a0, a1, pc + 20
core   0: 3 0x8000591c (0x00b57a63)
core   0: 0x80005930 (0x02f31063) bne     t1, a5, pc + 32
core   0: 3 0x80005930 (0x02f31063)
core   0: 0x80005950 (0x028604b3) mul     s1, a2, s0
core   0: 3 0x80005950 (0x028604b3) x 9 0x00000000
core   0: 0x80005954 (0x016d6633) or      a2, s10, s6
core   0: 3 0x80005954 (0x016d6633) x12 0x7ffd631d
core   0: 0x80005958 (0x0000c009) c.beqz  s0, pc + 2
core   0: 3 0x80005958 (0xc009)
core   0: 0x8000595a (0x012322b3) slt     t0, t1, s2
core   0: 3 0x8000595a (0x012322b3) x 5 0x00000000
core   0: 0x8000595e (0x005df0b3) and     ra, s11, t0
core   0: 3 0x8000595e (0x005df0b3) x 1 0x00000000
core   0: 0x80005962 (0x00097db3) and     s11, s2, zero
core   0: 3 0x80005962 (0x00097db3) x27 0x00000000
core   0: 0x80005966 (0x40a55e33) sra     t3, a0, a0
core   0: 3 0x80005966 (0x40a55e33) x28 0xffffffff
core   0: 0x8000596a (0x0000100f) fence.i
core   0: 3 0x8000596a (0x0000100f)
core   0: 0x8000596e (0x02ef4763) blt     t5, a4, pc + 46
core   0: 3 0x8000596e (0x02ef4763)
core   0: 0x8000599c (0x03d4a9b3) mulhsu  s3, s1, t4
core   0: 3 0x8000599c (0x03d4a9b3) x19 0x00000000
core   0: 0x800059a0 (0x020dd033) divu    zero, s11, zero
core   0: 3 0x800059a0 (0x020dd033)
core   0: 0x800059a4 (0x00000e99) c.addi  t4, 6
core   0: 3 0x800059a4 (0x0e99) x29 0x00000006
core   0: 0x800059a6 (0x0ff0000f) fence   iorw,iorw
core   0: 3 0x800059a6 (0x0ff0000f)
core   0: 0x800059aa (0x00001c10) c.addi4spn a2, sp, 560
core   0: 3 0x800059aa (0x1c10) x12 0x00000207
core   0: 0x800059ac (0x03365d33) divu    s10, a2, s3
core   0: 3 0x800059ac (0x03365d33) x26 0xffffffff
core   0: 0x800059b0 (0x00008d15) c.sub   a0, a3
core   0: 3 0x800059b0 (0x8d15) x10 0xffffffee
core   0: 0x800059b2 (0x01b21f93) slli    t6, tp, 27
core   0: 3 0x800059b2 (0x01b21f93) x31 0x30000000
core   0: 0x800059b6 (0x00a0d613) srli    a2, ra, 10
core   0: 3 0x800059b6 (0x00a0d613) x12 0x00000000
core   0: 0x800059ba (0x000058fd) c.li    a7, -1
core   0: 3 0x800059ba (0x58fd) x17 0xffffffff
core   0: 0x800059bc (0x40e15213) srai    tp, sp, 14
core   0: 3 0x800059bc (0x40e15213) x 4 0xffffffff
core   0: 0x800059c0 (0x00008fc9) c.or    a5, a0
core   0: 3 0x800059c0 (0x8fc9) x15 0xfffffffe
core   0: 0x800059c2 (0x361c2693) slti    a3, s8, 865
core   0: 3 0x800059c2 (0x361c2693) x13 0x00000001
core   0: 0x800059c6 (0x015d9d13) slli    s10, s11, 21
core   0: 3 0x800059c6 (0x015d9d13) x26 0x00000000
core   0: 0x800059ca (0x01ac62b3) or      t0, s8, s10
core   0: 3 0x800059ca (0x01ac62b3) x 5 0xfffffc57
core   0: 0x800059ce (0x0000071c) c.addi4spn a5, sp, 896
core   0: 3 0x800059ce (0x071c) x15 0x00000357
core   0: 0x800059d0 (0x00006e09) c.lui   t3, 0x2
core   0: 3 0x800059d0 (0x6e09) x28 0x00002000
core   0: 0x800059d2 (0x0287d533) divu    a0, a5, s0
core   0: 3 0x800059d2 (0x0287d533) x10 0x00000001
core   0: 0x800059d6 (0x0ff0000f) fence   iorw,iorw
core   0: 3 0x800059d6 (0x0ff0000f)
core   0: 0x800059da (0xc9057db7) lui     s11, 0xc9057
core   0: 3 0x800059da (0xc9057db7) x27 0xc9057000
core   0: 0x800059de (0x00790833) add     a6, s2, t2
core   0: 3 0x800059de (0x00790833) x16 0x82151791
core   0: 0x800059e2 (0x000080ea) c.mv    ra, s10
core   0: 3 0x800059e2 (0x80ea) x 1 0x00000000
core   0: 0x800059e4 (0x02b05163) bge     zero, a1, pc + 34
core   0: 3 0x800059e4 (0x02b05163)
core   0: 0x80005a06 (0x00000dca) c.slli  s11, 18
core   0: 3 0x80005a06 (0x0dca) x27 0xc0000000
core   0: 0x80005a08 (0xf61c3eb7) lui     t4, 0xf61c3
core   0: 3 0x80005a08 (0xf61c3eb7) x29 0xf61c3000
core   0: 0x80005a0c (0x40bdd493) srai    s1, s11, 11
core   0: 3 0x80005a0c (0x40bdd493) x 9 0xfff80000
core   0: 0x80005a10 (0x264f3913) sltiu   s2, t5, 612
core   0: 3 0x80005a10 (0x264f3913) x18 0x00000000
core   0: 0x80005a14 (0x00000001) c.nop
core   0: 3 0x80005a14 (0x0001)
core   0: 0x80005a16 (0x785fdcb7) lui     s9, 0x785fd
core   0: 3 0x80005a16 (0x785fdcb7) x25 0x785fd000
core   0: 0x80005a1a (0x01878533) add     a0, a5, s8
core   0: 3 0x80005a1a (0x01878533) x10 0xffffffae
core   0: 0x80005a1e (0x01685d33) srl     s10, a6, s6
core   0: 3 0x80005a1e (0x01685d33) x26 0x410a8bc8
core   0: 0x80005a22 (0x02c668b3) rem     a7, a2, a2
core   0: 3 0x80005a22 (0x02c668b3) x17 0x00000000
core   0: 0x80005a26 (0x7634ee93) ori     t4, s1, 1891
core   0: 3 0x80005a26 (0x7634ee93) x29 0xfff80763
core   0: 0x80005a2a (0x008317b3) sll     a5, t1, s0
core   0: 3 0x80005a2a (0x008317b3) x15 0x00000000
core   0: 0x80005a2e (0x00000001) c.nop
core   0: 3 0x80005a2e (0x0001)
core   0: 0x80005a30 (0x0ff0000f) fence   iorw,iorw
core   0: 3 0x80005a30 (0x0ff0000f)
core   0: 0x80005a34 (0x419ad333) sra     t1, s5, s9
core   0: 3 0x80005a34 (0x419ad333) x 6 0xffffffff
core   0: 0x80005a38 (0x00008fe9) c.and   a5, a0
core   0: 3 0x80005a38 (0x8fe9) x15 0x00000000
core   0: 0x80005a3a (0x0000e0a1) c.bnez  s1, pc + 64
core   0: 3 0x80005a3a (0xe0a1)
core   0: 0x80005a7a (0x000000f2) c.slli  ra, 28
core   0: 3 0x80005a7a (0x00f2) x 1 0x00000000
core   0: 0x80005a7c (0x4ccc7393) andi    t2, s8, 1228
core   0: 3 0x80005a7c (0x4ccc7393) x 7 0x00000444
core   0: 0x80005a80 (0x02018563) beqz    gp, pc + 42
core   0: 3 0x80005a80 (0x02018563)
core   0: 0x80005aaa (0x000082a9) c.srli  a3, 10
core   0: 3 0x80005aaa (0x82a9) x13 0x00000000
core   0: 0x80005aac (0x00008ed9) c.or    a3, a4
core   0: 3 0x80005aac (0x8ed9) x13 0x80028e64
core   0: 0x80005aae (0x00296533) or      a0, s2, sp
core   0: 3 0x80005aae (0x00296533) x10 0xffffffd7
core   0: 0x80005ab2 (0x000090c6) c.add   ra, a7
core   0: 3 0x80005ab2 (0x90c6) x 1 0x00000000
core   0: 0x80005ab4 (0xb6698193) addi    gp, s3, -1178
core   0: 3 0x80005ab4 (0xb6698193) x 3 0xfffffb66
core   0: 0x80005ab8 (0x000ea7b3) slt     a5, t4, zero
core   0: 3 0x80005ab8 (0x000ea7b3) x15 0x00000001
core   0: 0x80005abc (0xe2866337) lui     t1, 0xe2866
core   0: 3 0x80005abc (0xe2866337) x 6 0xe2866000
core   0: 0x80005ac0 (0xd6234d93) xori    s11, t1, -670
core   0: 3 0x80005ac0 (0xd6234d93) x27 0x1d799d62
core   0: 0x80005ac4 (0x00009ffa) c.add   t6, t5
core   0: 3 0x80005ac4 (0x9ffa) x31 0xb0000000
core   0: 0x80005ac6 (0x00009d32) c.add   s10, a2
core   0: 3 0x80005ac6 (0x9d32) x26 0x410a8bc8
core   0: 0x80005ac8 (0x22756313) ori     t1, a0, 551
core   0: 3 0x80005ac8 (0x22756313) x 6 0xfffffff7
core   0: 0x80005acc (0xff37a013) slti    zero, a5, -13
core   0: 3 0x80005acc (0xff37a013)
core   0: 0x80005ad0 (0x00000001) c.nop
core   0: 3 0x80005ad0 (0x0001)
core   0: 0x80005ad2 (0x4a35e313) ori     t1, a1, 1187
core   0: 3 0x80005ad2 (0x4a35e313) x 6 0x8002cce7
core   0: 0x80005ad6 (0xf4e07793) andi    a5, zero, -178
core   0: 3 0x80005ad6 (0xf4e07793) x15 0x00000000
core   0: 0x80005ada (0x018a1a33) sll     s4, s4, s8
core   0: 3 0x80005ada (0x018a1a33) x20 0xff800000
core   0: 0x80005ade (0x02bad133) divu    sp, s5, a1
core   0: 3 0x80005ade (0x02bad133) x 2 0x00000001
core   0: 0x80005ae2 (0x0116e463) bltu    a3, a7, pc + 8
core   0: 3 0x80005ae2 (0x0116e463)
core   0: 0x80005ae6 (0x00712833) slt     a6, sp, t2
core   0: 3 0x80005ae6 (0x00712833) x16 0x00000001
core   0: 0x80005aea (0x005150b3) srl     ra, sp, t0
core   0: 3 0x80005aea (0x005150b3) x 1 0x00000000
core   0: 0x80005aee (0xa6a6c237) lui     tp, 0xa6a6c
core   0: 3 0x80005aee (0xa6a6c237) x 4 0xa6a6c000
core   0: 0x80005af2 (0x00009d62) c.add   s10, s8
core   0: 3 0x80005af2 (0x9d62) x26 0x410a881f
core   0: 0x80005af4 (0x41f8d833) sra     a6, a7, t6
core   0: 3 0x80005af4 (0x41f8d833) x16 0x00000000
core   0: 0x80005af8 (0x01cebfb3) sltu    t6, t4, t3
core   0: 3 0x80005af8 (0x01cebfb3) x31 0x00000000
core   0: 0x80005afc (0x00008d7d) c.and   a0, a5
core   0: 3 0x80005afc (0x8d7d) x10 0x00000000
core   0: 0x80005afe (0x748b12b7) lui     t0, 0x748b1
core   0: 3 0x80005afe (0x748b12b7) x 5 0x748b1000
core   0: 0x80005b02 (0x0000987d) c.andi  s0, -1
core   0: 3 0x80005b02 (0x987d) x 8 0x000001b7
core   0: 0x80005b04 (0x00005cfd) c.li    s9, -1
core   0: 3 0x80005b04 (0x5cfd) x25 0xffffffff
core   0: 0x80005b06 (0x039b7ab3) remu    s5, s6, s9
core   0: 3 0x80005b06 (0x039b7ab3) x21 0x00000001
core   0: 0x80005b0a (0x0000100f) fence.i
core   0: 3 0x80005b0a (0x0000100f)
core   0: 0x80005b0e (0x01522d33) slt     s10, tp, s5
core   0: 3 0x80005b0e (0x01522d33) x26 0x00000001
core   0: 0x80005b12 (0x1da50213) addi    tp, a0, 474
core   0: 3 0x80005b12 (0x1da50213) x 4 0x000001da
core   0: 0x80005b16 (0x41f004b3) sub     s1, zero, t6
core   0: 3 0x80005b16 (0x41f004b3) x 9 0x00000000
core   0: 0x80005b1a (0x00008242) c.mv    tp, a6
core   0: 3 0x80005b1a (0x8242) x 4 0x00000000
core   0: 0x80005b1c (0x571af837) lui     a6, 0x571af
core   0: 3 0x80005b1c (0x571af837) x16 0x571af000
core   0: 0x80005b20 (0x00008a45) c.andi  a2, 17
core   0: 3 0x80005b20 (0x8a45) x12 0x00000000
core   0: 0x80005b22 (0x01666db3) or      s11, a2, s6
core   0: 3 0x80005b22 (0x01666db3) x27 0x00000001
core   0: 0x80005b26 (0x007ab233) sltu    tp, s5, t2
core   0: 3 0x80005b26 (0x007ab233) x 4 0x00000001
core   0: 0x80005b2a (0x0006b2b3) sltu    t0, a3, zero
core   0: 3 0x80005b2a (0x0006b2b3) x 5 0x00000000
core   0: 0x80005b2e (0x02eb6c33) rem     s8, s6, a4
core   0: 3 0x80005b2e (0x02eb6c33) x24 0x00000001
core   0: 0x80005b32 (0x02f3d833) divu    a6, t2, a5
core   0: 3 0x80005b32 (0x02f3d833) x16 0xffffffff
core   0: 0x80005b36 (0x302c2693) slti    a3, s8, 770
core   0: 3 0x80005b36 (0x302c2693) x13 0x00000001
core   0: 0x80005b3a (0x00006a75) c.lui   s4, 0x1d
core   0: 3 0x80005b3a (0x6a75) x20 0x0001d000
core   0: 0x80005b3c (0x00008c3e) c.mv    s8, a5
core   0: 3 0x80005b3c (0x8c3e) x24 0x00000000
core   0: 0x80005b3e (0xe8677993) andi    s3, a4, -378
core   0: 3 0x80005b3e (0xe8677993) x19 0x80028e04
core   0: 0x80005b42 (0x00c9d933) srl     s2, s3, a2
core   0: 3 0x80005b42 (0x00c9d933) x18 0x80028e04
core   0: 0x80005b46 (0x4084d013) srai    zero, s1, 8
core   0: 3 0x80005b46 (0x4084d013)
core   0: 0x80005b4a (0x00008135) c.srli  a0, 13
core   0: 3 0x80005b4a (0x8135) x10 0x00000000
core   0: 0x80005b4c (0x01831033) sll     zero, t1, s8
core   0: 3 0x80005b4c (0x01831033)
core   0: 0x80005b50 (0x00001d7d) c.addi  s10, -1
core   0: 3 0x80005b50 (0x1d7d) x26 0x00000000
core   0: 0x80005b52 (0x000097f2) c.add   a5, t3
core   0: 3 0x80005b52 (0x97f2) x15 0x00002000
core   0: 0x80005b54 (0x0000c385) c.beqz  a5, pc + 32
core   0: 3 0x80005b54 (0xc385)
core   0: 0x80005b56 (0x000e6633) or      a2, t3, zero
core   0: 3 0x80005b56 (0x000e6633) x12 0x00002000
core   0: 0x80005b5a (0x36bb6413) ori     s0, s6, 875
core   0: 3 0x80005b5a (0x36bb6413) x 8 0x0000036b
core   0: 0x80005b5e (0x00008cb1) c.xor   s1, a2
core   0: 3 0x80005b5e (0x8cb1) x 9 0x00002000
core   0: 0x80005b60 (0x00ba09b3) add     s3, s4, a1
core   0: 3 0x80005b60 (0x00ba09b3) x19 0x80049ce4
core   0: 0x80005b64 (0x00008e1d) c.sub   a2, a5
core   0: 3 0x80005b64 (0x8e1d) x12 0x00000000
core   0: 0x80005b66 (0x03823fb3) mulhu   t6, tp, s8
core   0: 3 0x80005b66 (0x03823fb3) x31 0x00000000
core   0: 0x80005b6a (0x0000018e) c.slli  gp, 3
core   0: 3 0x80005b6a (0x018e) x 3 0xffffdb30
core   0: 0x80005b6c (0x00000001) c.nop
core   0: 3 0x80005b6c (0x0001)
core   0: 0x80005b6e (0x00006259) c.lui   tp, 0x16
core   0: 3 0x80005b6e (0x6259) x 4 0x00016000
core   0: 0x80005b70 (0xe3403e13) sltiu   t3, zero, -460
core   0: 3 0x80005b70 (0xe3403e13) x28 0x00000001
core   0: 0x80005b74 (0xff33c493) xori    s1, t2, -13
core   0: 3 0x80005b74 (0xff33c493) x 9 0xfffffbb7
core   0: 0x80005b78 (0x00006125) c.addi16sp sp, 96
core   0: 3 0x80005b78 (0x6125) x 2 0x00000061
core   0: 0x80005b7a (0x00008425) c.srai  s0, 9
core   0: 3 0x80005b7a (0x8425) x 8 0x00000001
core   0: 0x80005b7c (0x00000001) c.nop
core   0: 3 0x80005b7c (0x0001)
core   0: 0x80005b7e (0x01e6ac33) slt     s8, a3, t5
core   0: 3 0x80005b7e (0x01e6ac33) x24 0x00000000
core   0: 0x80005b82 (0x00e05433) srl     s0, zero, a4
core   0: 3 0x80005b82 (0x00e05433) x 8 0x00000000
core   0: 0x80005b86 (0x011d9a13) slli    s4, s11, 17
core   0: 3 0x80005b86 (0x011d9a13) x20 0x00020000
core   0: 0x80005b8a (0x0000157d) c.addi  a0, -1
core   0: 3 0x80005b8a (0x157d) x10 0xffffffff
core   0: 0x80005b8c (0x0000ea81) c.bnez  a3, pc + 16
core   0: 3 0x80005b8c (0xea81)
core   0: 0x80005b9c (0x034350b3) divu    ra, t1, s4
core   0: 3 0x80005b9c (0x034350b3) x 1 0x00004001
core   0: 0x80005ba0 (0x8faa0613) addi    a2, s4, -1798
core   0: 3 0x80005ba0 (0x8faa0613) x12 0x0001f8fa
core   0: 0x80005ba4 (0x00008a65) c.andi  a2, 25
core   0: 3 0x80005ba4 (0x8a65) x12 0x00000018
core   0: 0x80005ba6 (0x027d1a33) mulh    s4, s10, t2
core   0: 3 0x80005ba6 (0x027d1a33) x20 0x00000000
core   0: 0x80005baa (0x00321a93) slli    s5, tp, 3
core   0: 3 0x80005baa (0x00321a93) x21 0x000b0000
core   0: 0x80005bae (0x006132b3) sltu    t0, sp, t1
core   0: 3 0x80005bae (0x006132b3) x 5 0x00000001
core   0: 0x80005bb2 (0x03b34063) blt     t1, s11, pc + 32
core   0: 3 0x80005bb2 (0x03b34063)
core   0: 0x80005bd2 (0x01464b63) blt     a2, s4, pc + 22
core   0: 3 0x80005bd2 (0x01464b63)
core   0: 0x80005bd6 (0x019816b3) sll     a3, a6, s9
core   0: 3 0x80005bd6 (0x019816b3) x13 0x80000000
core   0: 0x80005bda (0x813e8d93) addi    s11, t4, -2029
core   0: 3 0x80005bda (0x813e8d93) x27 0xfff7ff76
core   0: 0x80005bde (0x01518233) add     tp, gp, s5
core   0: 3 0x80005bde (0x01518233) x 4 0x000adb30
core   0: 0x80005be2 (0x00009146) c.add   sp, a7
core   0: 3 0x80005be2 (0x9146) x 2 0x00000061
core   0: 0x80005be4 (0x01c61233) sll     tp, a2, t3
core   0: 3 0x80005be4 (0x01c61233) x 4 0x00000030
core   0: 0x80005be8 (0x00000e7a) c.slli  t3, 30
core   0: 3 0x80005be8 (0x0e7a) x28 0x40000000
core   0: 0x80005bea (0x00008a75) c.andi  a2, 29
core   0: 3 0x80005bea (0x8a75) x12 0x00000018
core   0: 0x80005bec (0x02f28063) beq     t0, a5, pc + 32
core   0: 3 0x80005bec (0x02f28063)
core   0: 0x80005bf0 (0x0278eeb3) rem     t4, a7, t2
core   0: 3 0x80005bf0 (0x0278eeb3) x29 0x00000000
core   0: 0x80005bf4 (0x00000001) c.nop
core   0: 3 0x80005bf4 (0x0001)
core   0: 0x80005bf6 (0x0224c463) blt     s1, sp, pc + 40
core   0: 3 0x80005bf6 (0x0224c463)
core   0: 0x80005c1e (0x0000717d) c.addi16sp sp, -16
core   0: 3 0x80005c1e (0x717d) x 2 0x00000051
core   0: 0x80005c20 (0x029bd9b3) divu    s3, s7, s1
core   0: 3 0x80005c20 (0x029bd9b3) x19 0x00000000
core   0: 0x80005c24 (0x0000c8a5) c.beqz  s1, pc + 112
core   0: 3 0x80005c24 (0xc8a5)
core   0: 0x80005c26 (0x0218cab3) div     s5, a7, ra
core   0: 3 0x80005c26 (0x0218cab3) x21 0x00000000
core   0: 0x80005c2a (0x0000ee31) c.bnez  a2, pc + 92
core   0: 3 0x80005c2a (0xee31)
core   0: 0x80005c86 (0x03c590b3) mulh    ra, a1, t3
core   0: 3 0x80005c86 (0x03c590b3) x 1 0xe000b339
core   0: 0x80005c8a (0x00000001) c.nop
core   0: 3 0x80005c8a (0x0001)
core   0: 0x80005c8c (0x4158d633) sra     a2, a7, s5
core   0: 3 0x80005c8c (0x4158d633) x12 0x00000000
core   0: 0x80005c90 (0x0000e209) c.bnez  a2, pc + 2
core   0: 3 0x80005c90 (0xe209)
core   0: 0x80005c92 (0x0000cd01) c.beqz  a0, pc + 24
core   0: 3 0x80005c92 (0xcd01)
core   0: 0x80005c94 (0xf6a90d13) addi    s10, s2, -150
core   0: 3 0x80005c94 (0xf6a90d13) x26 0x80028d6e
core   0: 0x80005c98 (0x00008e65) c.and   a2, s1
core   0: 3 0x80005c98 (0x8e65) x12 0x00000000
core   0: 0x80005c9a (0x0399c963) blt     s3, s9, pc + 50
core   0: 3 0x80005c9a (0x0399c963)
core   0: 0x80005c9e (0x036f72b3) remu    t0, t5, s6
core   0: 3 0x80005c9e (0x036f72b3) x 5 0x00000000
core   0: 0x80005ca2 (0x101b1317) auipc   t1, 0x101b1
core   0: 3 0x80005ca2 (0x101b1317) x 6 0x901b6ca2
core   0: 0x80005ca6 (0x10f62393) slti    t2, a2, 271
core   0: 3 0x80005ca6 (0x10f62393) x 7 0x00000001
core   0: 0x80005caa (0xff9c2813) slti    a6, s8, -7
core   0: 3 0x80005caa (0xff9c2813) x16 0x00000000
core   0: 0x80005cae (0x00008e25) c.xor   a2, s1
core   0: 3 0x80005cae (0x8e25) x12 0xfffffbb7
core   0: 0x80005cb0 (0x7d102d13) slti    s10, zero, 2001
core   0: 3 0x80005cb0 (0x7d102d13) x26 0x00000001
core   0: 0x80005cb4 (0x03fc0db3) mul     s11, s8, t6
core   0: 3 0x80005cb4 (0x03fc0db3) x27 0x00000000
core   0: 0x80005cb8 (0x000006fa) c.slli  a3, 30
core   0: 3 0x80005cb8 (0x06fa) x13 0x00000000
core   0: 0x80005cba (0x003b5d93) srli    s11, s6, 3
core   0: 3 0x80005cba (0x003b5d93) x27 0x00000000
core   0: 0x80005cbe (0x03bc9563) bne     s9, s11, pc + 42
core   0: 3 0x80005cbe (0x03bc9563)
core   0: 0x80005ce8 (0x00001890) c.addi4spn a2, sp, 112
core   0: 3 0x80005ce8 (0x1890) x12 0x000000c1
core   0: 0x80005cea (0x024d57b3) divu    a5, s10, tp
core   0: 3 0x80005cea (0x024d57b3) x15 0x00000000
core   0: 0x80005cee (0x0000908e) c.add   ra, gp
core   0: 3 0x80005cee (0x908e) x 1 0xe0008e69
core   0: 0x80005cf0 (0x00006419) c.lui   s0, 0x6
core   0: 3 0x80005cf0 (0x6419) x 8 0x00006000
core   0: 0x80005cf2 (0x1a8d80b7) lui     ra, 0x1a8d8
core   0: 3 0x80005cf2 (0x1a8d80b7) x 1 0x1a8d8000
core   0: 0x80005cf6 (0x034a2bb3) mulhsu  s7, s4, s4
core   0: 3 0x80005cf6 (0x034a2bb3) x23 0x00000000
core   0: 0x80005cfa (0x00009842) c.add   a6, a6
core   0: 3 0x80005cfa (0x9842) x16 0x00000000
core   0: 0x80005cfc (0x00008a61) c.andi  a2, 24
core   0: 3 0x80005cfc (0x8a61) x12 0x00000000
core   0: 0x80005cfe (0x0000011e) c.slli  sp, 7
core   0: 3 0x80005cfe (0x011e) x 2 0x00002880
core   0: 0x80005d00 (0x028102b3) mul     t0, sp, s0
core   0: 3 0x80005d00 (0x028102b3) x 5 0x0f300000
core   0: 0x80005d04 (0x03e312b3) mulh    t0, t1, t5
core   0: 3 0x80005d04 (0x03e312b3) x 5 0x37f249af
core   0: 0x80005d08 (0x00b65d13) srli    s10, a2, 11
core   0: 3 0x80005d08 (0x00b65d13) x26 0x00000000
core   0: 0x80005d0c (0x000006de) c.slli  a3, 23
core   0: 3 0x80005d0c (0x06de) x13 0x00000000
core   0: 0x80005d0e (0x00008e6d) c.and   a2, a1
core   0: 3 0x80005d0e (0x8e6d) x12 0x00000000
core   0: 0x80005d10 (0x000082d9) c.srli  a3, 22
core   0: 3 0x80005d10 (0x82d9) x13 0x00000000
core   0: 0x80005d12 (0x0000100f) fence.i
core   0: 3 0x80005d12 (0x0000100f)
core   0: 0x80005d16 (0x00008489) c.srai  s1, 2
core   0: 3 0x80005d16 (0x8489) x 9 0xfffffeed
core   0: 0x80005d18 (0x006a5293) srli    t0, s4, 6
core   0: 3 0x80005d18 (0x006a5293) x 5 0x00000000
core   0: 0x80005d1c (0x002f7133) and     sp, t5, sp
core   0: 3 0x80005d1c (0x002f7133) x 2 0x00000000
core   0: 0x80005d20 (0x000067e1) c.lui   a5, 0x18
core   0: 3 0x80005d20 (0x67e1) x15 0x00018000
core   0: 0x80005d22 (0x0000cd09) c.beqz  a0, pc + 26
core   0: 3 0x80005d22 (0xcd09)
core   0: 0x80005d24 (0x000e5533) srl     a0, t3, zero
core   0: 3 0x80005d24 (0x000e5533) x10 0x40000000
core   0: 0x80005d28 (0x038bcfb3) div     t6, s7, s8
core   0: 3 0x80005d28 (0x038bcfb3) x31 0xffffffff
core   0: 0x80005d2c (0x00edaab3) slt     s5, s11, a4
core   0: 3 0x80005d2c (0x00edaab3) x21 0x00000000
core   0: 0x80005d30 (0x015fd763) bge     t6, s5, pc + 14
core   0: 3 0x80005d30 (0x015fd763)
core   0: 0x80005d34 (0x019d9b13) slli    s6, s11, 25
core   0: 3 0x80005d34 (0x019d9b13) x22 0x00000000
core   0: 0x80005d38 (0x000003e2) c.slli  t2, 24
core   0: 3 0x80005d38 (0x03e2) x 7 0x01000000
core   0: 0x80005d3a (0x000086fd) c.srai  a3, 31
core   0: 3 0x80005d3a (0x86fd) x13 0x00000000
core   0: 0x80005d3c (0x00008ce5) c.and   s1, s1
core   0: 3 0x80005d3c (0x8ce5) x 9 0xfffffeed
core   0: 0x80005d3e (0x00f1d533) srl     a0, gp, a5
core   0: 3 0x80005d3e (0x00f1d533) x10 0xffffdb30
core   0: 0x80005d42 (0xcc5da493) slti    s1, s11, -827
core   0: 3 0x80005d42 (0xcc5da493) x 9 0x00000000
core   0: 0x80005d46 (0x0118fb33) and     s6, a7, a7
core   0: 3 0x80005d46 (0x0118fb33) x22 0x00000000
core   0: 0x80005d4a (0xc50b2c13) slti    s8, s6, -944
core   0: 3 0x80005d4a (0xc50b2c13) x24 0x00000000
core   0: 0x80005d4e (0x01dc4033) xor     zero, s8, t4
core   0: 3 0x80005d4e (0x01dc4033)
core   0: 0x80005d52 (0x00001f94) c.addi4spn a3, sp, 1008
core   0: 3 0x80005d52 (0x1f94) x13 0x000003f0
core   0: 0x80005d54 (0x017c5bb3) srl     s7, s8, s7
core   0: 3 0x80005d54 (0x017c5bb3) x23 0x00000000
core   0: 0x80005d58 (0x002d2eb3) slt     t4, s10, sp
core   0: 3 0x80005d58 (0x002d2eb3) x29 0x00000000
core   0: 0x80005d5c (0x0169d2b3) srl     t0, s3, s6
core   0: 3 0x80005d5c (0x0169d2b3) x 5 0x00000000
core   0: 0x80005d60 (0x00008cc9) c.or    s1, a0
core   0: 3 0x80005d60 (0x8cc9) x 9 0xffffdb30
core   0: 0x80005d62 (0x1f9dd3b7) lui     t2, 0x1f9dd
core   0: 3 0x80005d62 (0x1f9dd3b7) x 7 0x1f9dd000
core   0: 0x80005d66 (0x00008cbd) c.xor   s1, a5
core   0: 3 0x80005d66 (0x8cbd) x 9 0xfffe5b30
core   0: 0x80005d68 (0x00f75b33) srl     s6, a4, a5
core   0: 3 0x80005d68 (0x00f75b33) x22 0x80028e64
core   0: 0x80005d6c (0x00006e4d) c.lui   t3, 0x13
core   0: 3 0x80005d6c (0x6e4d) x28 0x00013000
core   0: 0x80005d6e (0x00008536) c.mv    a0, a3
core   0: 3 0x80005d6e (0x8536) x10 0x000003f0
core   0: 0x80005d70 (0x00000001) c.nop
core   0: 3 0x80005d70 (0x0001)
core   0: 0x80005d72 (0x034529b3) mulhsu  s3, a0, s4
core   0: 3 0x80005d72 (0x034529b3) x19 0x00000000
core   0: 0x80005d76 (0x023e3233) mulhu   tp, t3, gp
core   0: 3 0x80005d76 (0x023e3233) x 4 0x00012fff
core   0: 0x80005d7a (0xc93c6d13) ori     s10, s8, -877
core   0: 3 0x80005d7a (0xc93c6d13) x26 0xfffffc93
core   0: 0x80005d7e (0xab61ed13) ori     s10, gp, -1354
core   0: 3 0x80005d7e (0xab61ed13) x26 0xfffffbb6
core   0: 0x80005d82 (0x01866a33) or      s4, a2, s8
core   0: 3 0x80005d82 (0x01866a33) x20 0x00000000
core   0: 0x80005d86 (0x00008fbd) c.xor   a5, a5
core   0: 3 0x80005d86 (0x8fbd) x15 0x00000000
core   0: 0x80005d88 (0x03269863) bne     a3, s2, pc + 48
core   0: 3 0x80005d88 (0x03269863)
core   0: 0x80005db8 (0x000060f5) c.lui   ra, 0x1d
core   0: 3 0x80005db8 (0x60f5) x 1 0x0001d000
core   0: 0x80005dba (0x02aea333) mulhsu  t1, t4, a0
core   0: 3 0x80005dba (0x02aea333) x 6 0x00000000
core   0: 0x80005dbe (0x00000001) c.nop
core   0: 3 0x80005dbe (0x0001)
core   0: 0x80005dc0 (0x0ff0000f) fence   iorw,iorw
core   0: 3 0x80005dc0 (0x0ff0000f)
core   0: 0x80005dc4 (0x82350e93) addi    t4, a0, -2013
core   0: 3 0x80005dc4 (0x82350e93) x29 0xfffffc13
core   0: 0x80005dc8 (0x035e33b3) mulhu   t2, t3, s5
core   0: 3 0x80005dc8 (0x035e33b3) x 7 0x00000000
core   0: 0x80005dcc (0x00009126) c.add   sp, s1
core   0: 3 0x80005dcc (0x9126) x 2 0xfffe5b30
core   0: 0x80005dce (0x03dfdeb3) divu    t4, t6, t4
core   0: 3 0x80005dce (0x03dfdeb3) x29 0x00000001
core   0: 0x80005dd2 (0x01605663) bge     zero, s6, pc + 12
core   0: 3 0x80005dd2 (0x01605663)
core   0: 0x80005dde (0x40915b33) sra     s6, sp, s1
core   0: 3 0x80005dde (0x40915b33) x22 0xfffffffe
core   0: 0x80005de2 (0x0231c463) blt     gp, gp, pc + 40
core   0: 3 0x80005de2 (0x0231c463)
core   0: 0x80005de6 (0x00009266) c.add   tp, s9
core   0: 3 0x80005de6 (0x9266) x 4 0x00012ffe
core   0: 0x80005de8 (0x0212cc63) blt     t0, ra, pc + 56
core   0: 3 0x80005de8 (0x0212cc63)
core   0: 0x80005e20 (0x41758b33) sub     s6, a1, s7
core   0: 3 0x80005e20 (0x41758b33) x22 0x8002cce4
core   0: 0x80005e24 (0x01e19693) slli    a3, gp, 30
core   0: 3 0x80005e24 (0x01e19693) x13 0x00000000
core   0: 0x80005e28 (0x07eb3e17) auipc   t3, 0x7eb3
core   0: 3 0x80005e28 (0x07eb3e17) x28 0x87eb8e28
core   0: 0x80005e2c (0x00008ca1) c.xor   s1, s0
core   0: 3 0x80005e2c (0x8ca1) x 9 0xfffe3b30
core   0: 0x80005e2e (0x0000c3a1) c.beqz  a5, pc + 64
core   0: 3 0x80005e2e (0xc3a1)
core   0: 0x80005e6e (0x0084b7b3) sltu    a5, s1, s0
core   0: 3 0x80005e6e (0x0084b7b3) x15 0x00000000
core   0: 0x80005e72 (0x00006a49) c.lui   s4, 0x12
core   0: 3 0x80005e72 (0x6a49) x20 0x00012000
core   0: 0x80005e74 (0x0247c6b3) div     a3, a5, tp
core   0: 3 0x80005e74 (0x0247c6b3) x13 0x00000000
core   0: 0x80005e78 (0x00000001) c.nop
core   0: 3 0x80005e78 (0x0001)
core   0: 0x80005e7a (0x01d1ba33) sltu    s4, gp, t4
core   0: 3 0x80005e7a (0x01d1ba33) x20 0x00000000
core   0: 0x80005e7e (0x00008e2d) c.xor   a2, a1
core   0: 3 0x80005e7e (0x8e2d) x12 0x8002cce4
core   0: 0x80005e80 (0x863b7493) andi    s1, s6, -1949
core   0: 3 0x80005e80 (0x863b7493) x 9 0x8002c860
core   0: 0x80005e84 (0x02836333) rem     t1, t1, s0
core   0: 3 0x80005e84 (0x02836333) x 6 0x00000000
core   0: 0x80005e88 (0x312c7093) andi    ra, s8, 786
core   0: 3 0x80005e88 (0x312c7093) x 1 0x00000000
core   0: 0x80005e8c (0x03f557b3) divu    a5, a0, t6
core   0: 3 0x80005e8c (0x03f557b3) x15 0x00000000
core   0: 0x80005e90 (0x6e314013) xori    zero, sp, 1763
core   0: 3 0x80005e90 (0x6e314013)
core   0: 0x80005e94 (0x0000e405) c.bnez  s0, pc + 40
core   0: 3 0x80005e94 (0xe405)
core   0: 0x80005ebc (0x00008d21) c.xor   a0, s0
core   0: 3 0x80005ebc (0x8d21) x10 0x000063f0
core   0: 0x80005ebe (0x02faa9b3) mulhsu  s3, s5, a5
core   0: 3 0x80005ebe (0x02faa9b3) x19 0x00000000
core   0: 0x80005ec2 (0x00008e1d) c.sub   a2, a5
core   0: 3 0x80005ec2 (0x8e1d) x12 0x8002cce4
core   0: 0x80005ec4 (0x00000001) c.nop
core   0: 3 0x80005ec4 (0x0001)
core   0: 0x80005ec6 (0x413d5213) srai    tp, s10, 19
core   0: 3 0x80005ec6 (0x413d5213) x 4 0xffffffff
core   0: 0x80005eca (0x40c6de33) sra     t3, a3, a2
core   0: 3 0x80005eca (0x40c6de33) x28 0x00000000
core   0: 0x80005ece (0x001579b3) and     s3, a0, ra
core   0: 3 0x80005ece (0x001579b3) x19 0x00000000
core   0: 0x80005ed2 (0x00008bd1) c.andi  a5, 20
core   0: 3 0x80005ed2 (0x8bd1) x15 0x00000000
core   0: 0x80005ed4 (0xf0f47893) andi    a7, s0, -241
core   0: 3 0x80005ed4 (0xf0f47893) x17 0x00006000
core   0: 0x80005ed8 (0x00008ce9) c.and   s1, a0
core   0: 3 0x80005ed8 (0x8ce9) x 9 0x00004060
core   0: 0x80005eda (0x402fde13) srai    t3, t6, 2
core   0: 3 0x80005eda (0x402fde13) x28 0xffffffff
core   0: 0x80005ede (0x00000e52) c.slli  t3, 20
core   0: 3 0x80005ede (0x0e52) x28 0xfff00000
core   0: 0x80005ee0 (0x000009d5) c.addi  s3, 21
core   0: 3 0x80005ee0 (0x09d5) x19 0x00000015
core   0: 0x80005ee2 (0x024baeb3) mulhsu  t4, s7, tp
core   0: 3 0x80005ee2 (0x024baeb3) x29 0x00000000
core   0: 0x80005ee6 (0x4142d013) srai    zero, t0, 20
core   0: 3 0x80005ee6 (0x4142d013)
core   0: 0x80005eea (0xafda8293) addi    t0, s5, -1283
core   0: 3 0x80005eea (0xafda8293) x 5 0xfffffafd
core   0: 0x80005eee (0x02e366b3) rem     a3, t1, a4
core   0: 3 0x80005eee (0x02e366b3) x13 0x00000000
core   0: 0x80005ef2 (0x00008e2d) c.xor   a2, a1
core   0: 3 0x80005ef2 (0x8e2d) x12 0x00000000
core   0: 0x80005ef4 (0x417cdfb3) sra     t6, s9, s7
core   0: 3 0x80005ef4 (0x417cdfb3) x31 0xffffffff
core   0: 0x80005ef8 (0x00778963) beq     a5, t2, pc + 18
core   0: 3 0x80005ef8 (0x00778963)
core   0: 0x80005f0a (0xbd984c37) lui     s8, 0xbd984
core   0: 3 0x80005f0a (0xbd984c37) x24 0xbd984000
core   0: 0x80005f0e (0x9a3e8493) addi    s1, t4, -1629
core   0: 3 0x80005f0e (0x9a3e8493) x 9 0xfffff9a3
core   0: 0x80005f12 (0x0254d1b3) divu    gp, s1, t0
core   0: 3 0x80005f12 (0x0254d1b3) x 3 0x00000000
core   0: 0x80005f16 (0x01f424b3) slt     s1, s0, t6
core   0: 3 0x80005f16 (0x01f424b3) x 9 0x00000000
core   0: 0x80005f1a (0x0000997d) c.andi  a0, -1
core   0: 3 0x80005f1a (0x997d) x10 0x000063f0
core   0: 0x80005f1c (0x03120633) mul     a2, tp, a7
core   0: 3 0x80005f1c (0x03120633) x12 0xffffa000
core   0: 0x80005f20 (0x0000c49d) c.beqz  s1, pc + 46
core   0: 3 0x80005f20 (0xc49d)
core   0: 0x80005f4e (0x0ff0000f) fence   iorw,iorw
core   0: 3 0x80005f4e (0x0ff0000f)
core   0: 0x80005f52 (0x407e54b3) sra     s1, t3, t2
core   0: 3 0x80005f52 (0x407e54b3) x 9 0xfff00000
core   0: 0x80005f56 (0x6b5b2913) slti    s2, s6, 1717
core   0: 3 0x80005f56 (0x6b5b2913) x18 0x00000001
core   0: 0x80005f5a (0x025e0d33) mul     s10, t3, t0
core   0: 3 0x80005f5a (0x025e0d33) x26 0x50300000
core   0: 0x80005f5e (0x48178513) addi    a0, a5, 1153
core   0: 3 0x80005f5e (0x48178513) x10 0x00000481
core   0: 0x80005f62 (0x0000100f) fence.i
core   0: 3 0x80005f62 (0x0000100f)
core   0: 0x80005f66 (0x02a48263) beq     s1, a0, pc + 36
core   0: 3 0x80005f66 (0x02a48263)
core   0: 0x80005f6a (0x00000c5a) c.slli  s8, 22
core   0: 3 0x80005f6a (0x0c5a) x24 0x00000000
core   0: 0x80005f6c (0x000082b9) c.srli  a3, 14
core   0: 3 0x80005f6c (0x82b9) x13 0x00000000
core   0: 0x80005f6e (0x0000e91d) c.bnez  a0, pc + 54
core   0: 3 0x80005f6e (0xe91d)
core   0: 0x80005fa4 (0xd6177513) andi    a0, a4, -671
core   0: 3 0x80005fa4 (0xd6177513) x10 0x80028c60
core   0: 0x80005fa8 (0x0140d633) srl     a2, ra, s4
core   0: 3 0x80005fa8 (0x0140d633) x12 0x00000000
core   0: 0x80005fac (0x02c5e133) rem     sp, a1, a2
core   0: 3 0x80005fac (0x02c5e133) x 2 0x8002cce4
core   0: 0x80005fb0 (0x01da88b3) add     a7, s5, t4
core   0: 3 0x80005fb0 (0x01da88b3) x17 0x00000000
core   0: 0x80005fb4 (0x0000ce9d) c.beqz  a3, pc + 62
core   0: 3 0x80005fb4 (0xce9d)
core   0: 0x80005ff2 (0x0290fb63) bgeu    ra, s1, pc + 54
core   0: 3 0x80005ff2 (0x0290fb63)
core   0: 0x80005ff6 (0x00000001) c.nop
core   0: 3 0x80005ff6 (0x0001)
core   0: 0x80005ff8 (0x0000646d) c.lui   s0, 0x1b
core   0: 3 0x80005ff8 (0x646d) x 8 0x0001b000
core   0: 0x80005ffa (0x000083d9) c.srli  a5, 22
core   0: 3 0x80005ffa (0x83d9) x15 0x00000000
core   0: 0x80005ffc (0x54792313) slti    t1, s2, 1351
core   0: 3 0x80005ffc (0x54792313) x 6 0x00000001
core   0: 0x80006000 (0x01ac6b33) or      s6, s8, s10
core   0: 3 0x80006000 (0x01ac6b33) x22 0x50300000
core   0: 0x80006004 (0x00000001) c.nop
core   0: 3 0x80006004 (0x0001)
core   0: 0x80006006 (0x00008f81) c.sub   a5, s0
core   0: 3 0x80006006 (0x8f81) x15 0xfffe5000
core   0: 0x80006008 (0x00000ad5) c.addi  s5, 21
core   0: 3 0x80006008 (0x0ad5) x21 0x00000015
core   0: 0x8000600a (0x000080fe) c.mv    ra, t6
core   0: 3 0x8000600a (0x80fe) x 1 0xffffffff
core   0: 0x8000600c (0x0000161c) c.addi4spn a5, sp, 800
core   0: 3 0x8000600c (0x161c) x15 0x8002d004
core   0: 0x8000600e (0x0035b533) sltu    a0, a1, gp
core   0: 3 0x8000600e (0x0035b533) x10 0x00000000
core   0: 0x80006012 (0x01690a63) beq     s2, s6, pc + 20
core   0: 3 0x80006012 (0x01690a63)
core   0: 0x80006016 (0x0000717d) c.addi16sp sp, -16
core   0: 3 0x80006016 (0x717d) x 2 0x8002ccd4
core   0: 0x80006018 (0x00008c21) c.xor   s0, s0
core   0: 3 0x80006018 (0x8c21) x 8 0x00000000
core   0: 0x8000601a (0x000083d5) c.srli  a5, 21
core   0: 3 0x8000601a (0x83d5) x15 0x00000400
core   0: 0x8000601c (0x0ff0000f) fence   iorw,iorw
core   0: 3 0x8000601c (0x0ff0000f)
core   0: 0x80006020 (0x41805213) srai    tp, zero, 24
core   0: 3 0x80006020 (0x41805213) x 4 0x00000000
core   0: 0x80006024 (0x00001988) c.addi4spn a0, sp, 240
core   0: 3 0x80006024 (0x1988) x10 0x8002cdc4
core   0: 0x80006026 (0x00008ff5) c.and   a5, a3
core   0: 3 0x80006026 (0x8ff5) x15 0x00000000
core   0: 0x80006028 (0x029a1cb3) mulh    s9, s4, s1
core   0: 3 0x80006028 (0x029a1cb3) x25 0x00000000
core   0: 0x8000602c (0x010acb33) xor     s6, s5, a6
core   0: 3 0x8000602c (0x010acb33) x22 0x00000015
core   0: 0x80006030 (0x00e9f463) bgeu    s3, a4, pc + 8
core   0: 3 0x80006030 (0x00e9f463)
core   0: 0x80006034 (0x0047dcb3) srl     s9, a5, tp
core   0: 3 0x80006034 (0x0047dcb3) x25 0x00000000
core   0: 0x80006038 (0x000083f5) c.srli  a5, 29
core   0: 3 0x80006038 (0x83f5) x15 0x00000000
core   0: 0x8000603a (0x41210233) sub     tp, sp, s2
core   0: 3 0x8000603a (0x41210233) x 4 0x8002ccd3
core   0: 0x8000603e (0x00009522) c.add   a0, s0
core   0: 3 0x8000603e (0x9522) x10 0x8002cdc4
core   0: 0x80006040 (0x0121da13) srli    s4, gp, 18
core   0: 3 0x80006040 (0x0121da13) x20 0x00000000
core   0: 0x80006044 (0x00000ff5) c.addi  t6, 29
core   0: 3 0x80006044 (0x0ff5) x31 0x0000001c
core   0: 0x80006046 (0x0000ea15) c.bnez  a2, pc + 52
core   0: 3 0x80006046 (0xea15)
core   0: 0x80006048 (0x41ef5833) sra     a6, t5, t5
core   0: 3 0x80006048 (0x41ef5833) x16 0x80000000
core   0: 0x8000604c (0x00008d65) c.and   a0, s1
core   0: 3 0x8000604c (0x8d65) x10 0x80000000
core   0: 0x8000604e (0x00008a11) c.andi  a2, 4
core   0: 3 0x8000604e (0x8a11) x12 0x00000000
core   0: 0x80006050 (0x00b05963) bge     zero, a1, pc + 18
core   0: 3 0x80006050 (0x00b05963)
core   0: 0x80006062 (0x023ac0b3) div     ra, s5, gp
core   0: 3 0x80006062 (0x023ac0b3) x 1 0xffffffff
core   0: 0x80006066 (0x4146d513) srai    a0, a3, 20
core   0: 3 0x80006066 (0x4146d513) x10 0x00000000
core   0: 0x8000606a (0x04673213) sltiu   tp, a4, 70
core   0: 3 0x8000606a (0x04673213) x 4 0x00000000
core   0: 0x8000606e (0x0469c063) blt     s3, t1, pc + 64
core   0: 3 0x8000606e (0x0469c063)
core   0: 0x80006072 (0x03d537b3) mulhu   a5, a0, t4
core   0: 3 0x80006072 (0x03d537b3) x15 0x00000000
core   0: 0x80006076 (0x0e6d4163) blt     s10, t1, pc + 226
core   0: 3 0x80006076 (0x0e6d4163)
core   0: 0x8000607a (0x011482b3) add     t0, s1, a7
core   0: 3 0x8000607a (0x011482b3) x 5 0xfff00000
core   0: 0x8000607e (0x00009d86) c.add   s11, ra
core   0: 3 0x8000607e (0x9d86) x27 0xffffffff
core   0: 0x80006080 (0x0005ecb3) or      s9, a1, zero
core   0: 3 0x80006080 (0x0005ecb3) x25 0x8002cce4
core   0: 0x80006084 (0x036c8433) mul     s0, s9, s6
core   0: 3 0x80006084 (0x036c8433) x 8 0x803aceb4
core   0: 0x80006088 (0x00008fb5) c.xor   a5, a3
core   0: 3 0x80006088 (0x8fb5) x15 0x00000000
core   0: 0x8000608a (0x03d50bb3) mul     s7, a0, t4
core   0: 3 0x8000608a (0x03d50bb3) x23 0x00000000
core   0: 0x8000608e (0x00008d7d) c.and   a0, a5
core   0: 3 0x8000608e (0x8d7d) x10 0x00000000
core   0: 0x80006090 (0x0000e961) c.bnez  a0, pc + 208
core   0: 3 0x80006090 (0xe961)
core   0: 0x80006092 (0x0165f433) and     s0, a1, s6
core   0: 3 0x80006092 (0x0165f433) x 8 0x00000004
core   0: 0x80006096 (0x00008f89) c.sub   a5, a0
core   0: 3 0x80006096 (0x8f89) x15 0x00000000
core   0: 0x80006098 (0x014ee533) or      a0, t4, s4
core   0: 3 0x80006098 (0x014ee533) x10 0x00000000
core   0: 0x8000609c (0x00b49e13) slli    t3, s1, 11
core   0: 3 0x8000609c (0x00b49e13) x28 0x80000000
core   0: 0x800060a0 (0x975a8013) addi    zero, s5, -1675
core   0: 3 0x800060a0 (0x975a8013)
core   0: 0x800060a4 (0x413a59b3) sra     s3, s4, s3
core   0: 3 0x800060a4 (0x413a59b3) x19 0x00000000
core   0: 0x800060a8 (0x0000c171) c.beqz  a0, pc + 196
core   0: 3 0x800060a8 (0xc171)
core   0: 0x8000616c (0x02f6ae33) mulhsu  t3, a3, a5
core   0: 3 0x8000616c (0x02f6ae33) x28 0x00000000
core   0: 0x80006170 (0x024528b3) mulhsu  a7, a0, tp
core   0: 3 0x80006170 (0x024528b3) x17 0x00000000
core   0: 0x80006174 (0x01dae233) or      tp, s5, t4
core   0: 3 0x80006174 (0x01dae233) x 4 0x00000015
core   0: 0x80006178 (0x024b20b3) mulhsu  ra, s6, tp
core   0: 3 0x80006178 (0x024b20b3) x 1 0x00000000
core   0: 0x8000617c (0x00929633) sll     a2, t0, s1
core   0: 3 0x8000617c (0x00929633) x12 0xfff00000
core   0: 0x80006180 (0x030e9b63) bne     t4, a6, pc + 54
core   0: 3 0x80006180 (0x030e9b63)
core   0: 0x800061b6 (0x412904b3) sub     s1, s2, s2
core   0: 3 0x800061b6 (0x412904b3) x 9 0x00000000
core   0: 0x800061ba (0x00000001) c.nop
core   0: 3 0x800061ba (0x0001)
core   0: 0x800061bc (0x0c16be13) sltiu   t3, a3, 193
core   0: 3 0x800061bc (0x0c16be13) x28 0x00000001
core   0: 0x800061c0 (0x03227a33) remu    s4, tp, s2
core   0: 3 0x800061c0 (0x03227a33) x20 0x00000000
core   0: 0x800061c4 (0x00008c89) c.sub   s1, a0
core   0: 3 0x800061c4 (0x8c89) x 9 0x00000000
core   0: 0x800061c6 (0x0000517d) c.li    sp, -1
core   0: 3 0x800061c6 (0x517d) x 2 0xffffffff
core   0: 0x800061c8 (0x43af7797) auipc   a5, 0x43af7
core   0: 3 0x800061c8 (0x43af7797) x15 0xc3afd1c8
core   0: 0x800061cc (0x3a7a6d13) ori     s10, s4, 935
core   0: 3 0x800061cc (0x3a7a6d13) x26 0x000003a7
core   0: 0x800061d0 (0x023b27b3) mulhsu  a5, s6, gp
core   0: 3 0x800061d0 (0x023b27b3) x15 0x00000000
core   0: 0x800061d4 (0x00000001) c.nop
core   0: 3 0x800061d4 (0x0001)
core   0: 0x800061d6 (0x02f8f633) remu    a2, a7, a5
core   0: 3 0x800061d6 (0x02f8f633) x12 0x00000000
core   0: 0x800061da (0x7476c813) xori    a6, a3, 1863
core   0: 3 0x800061da (0x7476c813) x16 0x00000747
core   0: 0x800061de (0x02893fb3) mulhu   t6, s2, s0
core   0: 3 0x800061de (0x02893fb3) x31 0x00000000
core   0: 0x800061e2 (0x00008d25) c.xor   a0, s1
core   0: 3 0x800061e2 (0x8d25) x10 0x00000000
core   0: 0x800061e4 (0x01aaa7b3) slt     a5, s5, s10
core   0: 3 0x800061e4 (0x01aaa7b3) x15 0x00000001
core   0: 0x800061e8 (0x01076f63) bltu    a4, a6, pc + 30
core   0: 3 0x800061e8 (0x01076f63)
core   0: 0x800061ec (0x41c05d33) sra     s10, zero, t3
core   0: 3 0x800061ec (0x41c05d33) x26 0x00000000
core   0: 0x800061f0 (0x00466963) bltu    a2, tp, pc + 18
core   0: 3 0x800061f0 (0x00466963)
core   0: 0x80006202 (0x001e9133) sll     sp, t4, ra
core   0: 3 0x80006202 (0x001e9133) x 2 0x00000000
core   0: 0x80006206 (0x009d43b3) xor     t2, s10, s1
core   0: 3 0x80006206 (0x009d43b3) x 7 0x00000000
core   0: 0x8000620a (0x011394b3) sll     s1, t2, a7
core   0: 3 0x8000620a (0x011394b3) x 9 0x00000000
core   0: 0x8000620e (0x03e1f063) bgeu    gp, t5, pc + 32
core   0: 3 0x8000620e (0x03e1f063)
core   0: 0x80006212 (0x0000ca09) c.beqz  a2, pc + 18
core   0: 3 0x80006212 (0xca09)
core   0: 0x80006224 (0x02d89163) bne     a7, a3, pc + 34
core   0: 3 0x80006224 (0x02d89163)
core   0: 0x80006228 (0x000086c1) c.srai  a3, 16
core   0: 3 0x80006228 (0x86c1) x13 0x00000000
core   0: 0x8000622a (0x0000ea91) c.bnez  a3, pc + 20
core   0: 3 0x8000622a (0xea91)
core   0: 0x8000622c (0x000087cd) c.srai  a5, 19
core   0: 3 0x8000622c (0x87cd) x15 0x00000000
core   0: 0x8000622e (0x00008cd5) c.or    s1, a3
core   0: 3 0x8000622e (0x8cd5) x 9 0x00000000
core   0: 0x80006230 (0xb6822e13) slti    t3, tp, -1176
core   0: 3 0x80006230 (0xb6822e13) x28 0x00000000
core   0: 0x80006234 (0x0f9bc613) xori    a2, s7, 249
core   0: 3 0x80006234 (0x0f9bc613) x12 0x000000f9
core   0: 0x80006238 (0x0ff0000f) fence   iorw,iorw
core   0: 3 0x80006238 (0x0ff0000f)
core   0: 0x8000623c (0x000080c1) c.srli  s1, 16
core   0: 3 0x8000623c (0x80c1) x 9 0x00000000
core   0: 0x8000623e (0x00008cb5) c.xor   s1, a3
core   0: 3 0x8000623e (0x8cb5) x 9 0x00000000
core   0: 0x80006240 (0x0000cb85) c.beqz  a5, pc + 48
core   0: 3 0x80006240 (0xcb85)
core   0: 0x80006270 (0x24793d13) sltiu   s10, s2, 583
core   0: 3 0x80006270 (0x24793d13) x26 0x00000001
core   0: 0x80006274 (0x00000001) c.nop
core   0: 3 0x80006274 (0x0001)
core   0: 0x80006276 (0x6355ea17) auipc   s4, 0x6355e
core   0: 3 0x80006276 (0x6355ea17) x20 0xe3564276
core   0: 0x8000627a (0x00008fc5) c.or    a5, s1
core   0: 3 0x8000627a (0x8fc5) x15 0x00000000
core   0: 0x8000627c (0x0000567d) c.li    a2, -1
core   0: 3 0x8000627c (0x567d) x12 0xffffffff
core   0: 0x8000627e (0x000080a6) c.mv    ra, s1
core   0: 3 0x8000627e (0x80a6) x 1 0x00000000
core   0: 0x80006280 (0x00000001) c.nop
core   0: 3 0x80006280 (0x0001)
core   0: 0x80006282 (0x033cffb3) remu    t6, s9, s3
core   0: 3 0x80006282 (0x033cffb3) x31 0x8002cce4
core   0: 0x80006286 (0x76238f93) addi    t6, t2, 1890
core   0: 3 0x80006286 (0x76238f93) x31 0x00000762
core   0: 0x8000628a (0x03921b63) bne     tp, s9, pc + 54
core   0: 3 0x8000628a (0x03921b63)
core   0: 0x800062c0 (0x6983e693) ori     a3, t2, 1688
core   0: 3 0x800062c0 (0x6983e693) x13 0x00000698
core   0: 0x800062c4 (0x00000001) c.nop
core   0: 3 0x800062c4 (0x0001)
core   0: 0x800062c6 (0x01ecd963) bge     s9, t5, pc + 18
core   0: 3 0x800062c6 (0x01ecd963)
core   0: 0x800062d8 (0x02ae00b3) mul     ra, t3, a0
core   0: 3 0x800062d8 (0x02ae00b3) x 1 0x00000000
core   0: 0x800062dc (0x72e7e493) ori     s1, a5, 1838
core   0: 3 0x800062dc (0x72e7e493) x 9 0x0000072e
core   0: 0x800062e0 (0x000083d1) c.srli  a5, 20
core   0: 3 0x800062e0 (0x83d1) x15 0x00000000
core   0: 0x800062e2 (0x031a0db3) mul     s11, s4, a7
core   0: 3 0x800062e2 (0x031a0db3) x27 0x00000000
core   0: 0x800062e6 (0x02fc8e63) beq     s9, a5, pc + 60
core   0: 3 0x800062e6 (0x02fc8e63)
core   0: 0x800062ea (0x00008cad) c.xor   s1, a1
core   0: 3 0x800062ea (0x8cad) x 9 0x8002cbca
core   0: 0x800062ec (0x0141e533) or      a0, gp, s4
core   0: 3 0x800062ec (0x0141e533) x10 0xe3564276
core   0: 0x800062f0 (0x41e08533) sub     a0, ra, t5
core   0: 3 0x800062f0 (0x41e08533) x10 0x80000000
core   0: 0x800062f4 (0x00008e4d) c.or    a2, a1
core   0: 3 0x800062f4 (0x8e4d) x12 0xffffffff
core   0: 0x800062f6 (0x000011fd) c.addi  gp, -1
core   0: 3 0x800062f6 (0x11fd) x 3 0xffffffff
core   0: 0x800062f8 (0xf7cae513) ori     a0, s5, -132
core   0: 3 0x800062f8 (0xf7cae513) x10 0xffffff7d
core   0: 0x800062fc (0x00008441) c.srai  s0, 16
core   0: 3 0x800062fc (0x8441) x 8 0x00000000
core   0: 0x800062fe (0x000082f5) c.srli  a3, 29
core   0: 3 0x800062fe (0x82f5) x13 0x00000000
core   0: 0x80006300 (0x0000cb91) c.beqz  a5, pc + 20
core   0: 3 0x80006300 (0xcb91)
core   0: 0x80006314 (0x0187de13) srli    t3, a5, 24
core   0: 3 0x80006314 (0x0187de13) x28 0x00000000
core   0: 0x80006318 (0x00ab0563) beq     s6, a0, pc + 10
core   0: 3 0x80006318 (0x00ab0563)
core   0: 0x8000631c (0x00008e51) c.or    a2, a2
core   0: 3 0x8000631c (0x8e51) x12 0xffffffff
core   0: 0x8000631e (0x01530963) beq     t1, s5, pc + 18
core   0: 3 0x8000631e (0x01530963)
core   0: 0x80006322 (0x03f8d8b3) divu    a7, a7, t6
core   0: 3 0x80006322 (0x03f8d8b3) x17 0x00000000
core   0: 0x80006326 (0x0ff0000f) fence   iorw,iorw
core   0: 3 0x80006326 (0x0ff0000f)
core   0: 0x8000632a (0x0000950a) c.add   a0, sp
core   0: 3 0x8000632a (0x950a) x10 0xffffff7d
core   0: 0x8000632c (0x03139963) bne     t2, a7, pc + 50
core   0: 3 0x8000632c (0x03139963)
core   0: 0x80006330 (0x01a222b3) slt     t0, tp, s10
core   0: 3 0x80006330 (0x01a222b3) x 5 0x00000000
core   0: 0x80006334 (0x010fcd33) xor     s10, t6, a6
core   0: 3 0x80006334 (0x010fcd33) x26 0x00000025
core   0: 0x80006338 (0x71b2e993) ori     s3, t0, 1819
core   0: 3 0x80006338 (0x71b2e993) x19 0x0000071b
core   0: 0x8000633c (0x01420b63) beq     tp, s4, pc + 22
core   0: 3 0x8000633c (0x01420b63)
core   0: 0x80006340 (0x0000cc99) c.beqz  s1, pc + 30
core   0: 3 0x80006340 (0xcc99)
core   0: 0x80006342 (0x00004605) c.li    a2, 1
core   0: 3 0x80006342 (0x4605) x12 0x00000001
core   0: 0x80006344 (0x033388b3) mul     a7, t2, s3
core   0: 3 0x80006344 (0x033388b3) x17 0x00000000
core   0: 0x80006348 (0x00739fb3) sll     t6, t2, t2
core   0: 3 0x80006348 (0x00739fb3) x31 0x00000000
core   0: 0x8000634c (0x00008fe1) c.and   a5, s0
core   0: 3 0x8000634c (0x8fe1) x15 0x00000000
core   0: 0x8000634e (0x02655133) divu    sp, a0, t1
core   0: 3 0x8000634e (0x02655133) x 2 0xffffff7d
core   0: 0x80006352 (0x0000e109) c.bnez  a0, pc + 2
core   0: 3 0x80006352 (0xe109)
core   0: 0x80006354 (0x00006b19) c.lui   s6, 0x6
core   0: 3 0x80006354 (0x6b19) x22 0x00006000
core   0: 0x80006356 (0x00008169) c.srli  a0, 26
core   0: 3 0x80006356 (0x8169) x10 0x0000003f
core   0: 0x80006358 (0x036c2e33) mulhsu  t3, s8, s6
core   0: 3 0x80006358 (0x036c2e33) x28 0x00000000
core   0: 0x8000635c (0x00000611) c.addi  a2, 4
core   0: 3 0x8000635c (0x0611) x12 0x00000005
core   0: 0x8000635e (0x0341d463) bge     gp, s4, pc + 40
core   0: 3 0x8000635e (0x0341d463)
core   0: 0x80006386 (0x02fbe833) rem     a6, s7, a5
core   0: 3 0x80006386 (0x02fbe833) x16 0x00000000
core   0: 0x8000638a (0x0017dc33) srl     s8, a5, ra
core   0: 3 0x8000638a (0x0017dc33) x24 0x00000000
core   0: 0x8000638e (0x00520533) add     a0, tp, t0
core   0: 3 0x8000638e (0x00520533) x10 0x00000015
core   0: 0x80006392 (0x0000895d) c.andi  a0, 23
core   0: 3 0x80006392 (0x895d) x10 0x00000015
core   0: 0x80006394 (0x020fa633) mulhsu  a2, t6, zero
core   0: 3 0x80006394 (0x020fa633) x12 0x00000000
core   0: 0x80006398 (0x03073533) mulhu   a0, a4, a6
core   0: 3 0x80006398 (0x03073533) x10 0x00000000
core   0: 0x8000639c (0x000000d6) c.slli  ra, 21
core   0: 3 0x8000639c (0x00d6) x 1 0x00000000
core   0: 0x8000639e (0x00008cb5) c.xor   s1, a3
core   0: 3 0x8000639e (0x8cb5) x 9 0x8002cbca
core   0: 0x800063a0 (0x00008c2d) c.xor   s0, a1
core   0: 3 0x800063a0 (0x8c2d) x 8 0x8002cce4
core   0: 0x800063a2 (0xdcd3eb93) ori     s7, t2, -563
core   0: 3 0x800063a2 (0xdcd3eb93) x23 0xfffffdcd
core   0: 0x800063a6 (0xa1f9e9b7) lui     s3, 0xa1f9e
core   0: 3 0x800063a6 (0xa1f9e9b7) x19 0xa1f9e000
core   0: 0x800063aa (0x31620f93) addi    t6, tp, 790
core   0: 3 0x800063aa (0x31620f93) x31 0x0000032b
core   0: 0x800063ae (0x000082fd) c.srli  a3, 31
core   0: 3 0x800063ae (0x82fd) x13 0x00000000
core   0: 0x800063b0 (0x01100f63) beq     zero, a7, pc + 30
core   0: 3 0x800063b0 (0x01100f63)
core   0: 0x800063ce (0x03c19963) bne     gp, t3, pc + 50
core   0: 3 0x800063ce (0x03c19963)
core   0: 0x80006400 (0x02a64c13) xori    s8, a2, 42
core   0: 3 0x80006400 (0x02a64c13) x24 0x0000002a
core   0: 0x80006404 (0x00008795) c.srai  a5, 5
core   0: 3 0x80006404 (0x8795) x15 0x00000000
core   0: 0x80006406 (0x000082c9) c.srli  a3, 18
core   0: 3 0x80006406 (0x82c9) x13 0x00000000
core   0: 0x80006408 (0x41ea5233) sra     tp, s4, t5
core   0: 3 0x80006408 (0x41ea5233) x 4 0xe3564276
core   0: 0x8000640c (0x00000001) c.nop
core   0: 3 0x8000640c (0x0001)
core   0: 0x8000640e (0x00008105) c.srli  a0, 1
core   0: 3 0x8000640e (0x8105) x10 0x00000000
core   0: 0x80006410 (0x02cc32b3) mulhu   t0, s8, a2
core   0: 3 0x80006410 (0x02cc32b3) x 5 0x00000000
core   0: 0x80006414 (0xfd5c4b93) xori    s7, s8, -43
core   0: 3 0x80006414 (0xfd5c4b93) x23 0xffffffff
core   0: 0x80006418 (0x0000c919) c.beqz  a0, pc + 22
core   0: 3 0x80006418 (0xc919)
core   0: 0x8000642e (0x007cc963) blt     s9, t2, pc + 18
core   0: 3 0x8000642e (0x007cc963)
core   0: 0x80006440 (0x00008e59) c.or    a2, a4
core   0: 3 0x80006440 (0x8e59) x12 0x80028e64
core   0: 0x80006442 (0x02171c63) bne     a4, ra, pc + 56
core   0: 3 0x80006442 (0x02171c63)
core   0: 0x8000647a (0x0000064a) c.slli  a2, 18
core   0: 3 0x8000647a (0x064a) x12 0x39900000
core   0: 0x8000647c (0x000087f5) c.srai  a5, 29
core   0: 3 0x8000647c (0x87f5) x15 0x00000000
core   0: 0x8000647e (0x000093ae) c.add   t2, a1
core   0: 3 0x8000647e (0x93ae) x 7 0x8002cce4
core   0: 0x80006480 (0x0000ec89) c.bnez  s1, pc + 26
core   0: 3 0x80006480 (0xec89)
core   0: 0x8000649a (0x0000069a) c.slli  a3, 6
core   0: 3 0x8000649a (0x069a) x13 0x00000000
core   0: 0x8000649c (0x00006121) c.addi16sp sp, 64
core   0: 3 0x8000649c (0x6121) x 2 0xffffffbd
core   0: 0x8000649e (0x003c76b3) and     a3, s8, gp
core   0: 3 0x8000649e (0x003c76b3) x13 0x0000002a
core   0: 0x800064a2 (0x0051ad33) slt     s10, gp, t0
core   0: 3 0x800064a2 (0x0051ad33) x26 0x00000001
core   0: 0x800064a6 (0x01fc6b33) or      s6, s8, t6
core   0: 3 0x800064a6 (0x01fc6b33) x22 0x0000032b
core   0: 0x800064aa (0x663bf493) andi    s1, s7, 1635
core   0: 3 0x800064aa (0x663bf493) x 9 0x00000663
core   0: 0x800064ae (0x0171d463) bge     gp, s7, pc + 8
core   0: 3 0x800064ae (0x0171d463)
core   0: 0x800064b6 (0x0000924a) c.add   tp, s2
core   0: 3 0x800064b6 (0x924a) x 4 0xe3564277
core   0: 0x800064b8 (0x00006135) c.addi16sp sp, 352
core   0: 3 0x800064b8 (0x6135) x 2 0x0000011d
core   0: 0x800064ba (0x00009542) c.add   a0, a6
core   0: 3 0x800064ba (0x9542) x10 0x00000000
core   0: 0x800064bc (0x00db89b3) add     s3, s7, a3
core   0: 3 0x800064bc (0x00db89b3) x19 0x00000029
core   0: 0x800064c0 (0x00006df1) c.lui   s11, 0x1c
core   0: 3 0x800064c0 (0x6df1) x27 0x0001c000
core   0: 0x800064c2 (0x410eda13) srai    s4, t4, 16
core   0: 3 0x800064c2 (0x410eda13) x20 0x00000000
core   0: 0x800064c6 (0x00000809) c.addi  a6, 2
core   0: 3 0x800064c6 (0x0809) x16 0x00000002
core   0: 0x800064c8 (0x10078d63) beqz    a5, pc + 282
core   0: 3 0x800064c8 (0x10078d63)
core   0: 0x800065e2 (0x0000c089) c.beqz  s1, pc + 2
core   0: 3 0x800065e2 (0xc089)
core   0: 0x800065e4 (0x0000828d) c.srli  a3, 3
core   0: 3 0x800065e4 (0x828d) x13 0x00000005
core   0: 0x800065e6 (0x03e731b3) mulhu   gp, a4, t5
core   0: 3 0x800065e6 (0x03e731b3) x 3 0x40014732
core   0: 0x800065ea (0x00000001) c.nop
core   0: 3 0x800065ea (0x0001)
core   0: 0x800065ec (0x00536133) or      sp, t1, t0
core   0: 3 0x800065ec (0x00536133) x 2 0x00000001
core   0: 0x800065f0 (0x020ec0b3) div     ra, t4, zero
core   0: 3 0x800065f0 (0x020ec0b3) x 1 0xffffffff
core   0: 0x800065f4 (0x00008159) c.srli  a0, 22
core   0: 3 0x800065f4 (0x8159) x10 0x00000000
core   0: 0x800065f6 (0x0000e499) c.bnez  s1, pc + 14
core   0: 3 0x800065f6 (0xe499)
core   0: 0x80006604 (0x2695b013) sltiu   zero, a1, 617
core   0: 3 0x80006604 (0x2695b013)
core   0: 0x80006608 (0x014a17b3) sll     a5, s4, s4
core   0: 3 0x80006608 (0x014a17b3) x15 0x00000000
core   0: 0x8000660c (0x03162933) mulhsu  s2, a2, a7
core   0: 3 0x8000660c (0x03162933) x18 0x00000000
core   0: 0x80006610 (0x05879163) bne     a5, s8, pc + 66
core   0: 3 0x80006610 (0x05879163)
core   0: 0x80006652 (0x03d1ce63) blt     gp, t4, pc + 60
core   0: 3 0x80006652 (0x03d1ce63)
core   0: 0x80006656 (0x02f434b3) mulhu   s1, s0, a5
core   0: 3 0x80006656 (0x02f434b3) x 9 0x00000000
core   0: 0x8000665a (0x0104dd33) srl     s10, s1, a6
core   0: 3 0x8000665a (0x0104dd33) x26 0x00000000
core   0: 0x8000665e (0x000093be) c.add   t2, a5
core   0: 3 0x8000665e (0x93be) x 7 0x8002cce4
core   0: 0x80006660 (0x00008912) c.mv    s2, tp
core   0: 3 0x80006660 (0x8912) x18 0xe3564277
core   0: 0x80006662 (0x4d918e13) addi    t3, gp, 1241
core   0: 3 0x80006662 (0x4d918e13) x28 0x40014c0b
core   0: 0x80006666 (0x0ff0000f) fence   iorw,iorw
core   0: 3 0x80006666 (0x0ff0000f)
core   0: 0x8000666a (0x419bda33) sra     s4, s7, s9
core   0: 3 0x8000666a (0x419bda33) x20 0xffffffff
core   0: 0x8000666e (0x030124b3) mulhsu  s1, sp, a6
core   0: 3 0x8000666e (0x030124b3) x 9 0x00000000
core   0: 0x80006672 (0x00008ee5) c.and   a3, s1
core   0: 3 0x80006672 (0x8ee5) x13 0x00000000
core   0: 0x80006674 (0x00006975) c.lui   s2, 0x1d
core   0: 3 0x80006674 (0x6975) x18 0x0001d000
core   0: 0x80006676 (0x00001f9c) c.addi4spn a5, sp, 1008
core   0: 3 0x80006676 (0x1f9c) x15 0x000003f1
core   0: 0x80006678 (0x0126fdb3) and     s11, a3, s2
core   0: 3 0x80006678 (0x0126fdb3) x27 0x00000000
core   0: 0x8000667c (0x02bfdc33) divu    s8, t6, a1
core   0: 3 0x8000667c (0x02bfdc33) x24 0x00000000
core   0: 0x80006680 (0x000083bd) c.srli  a5, 15
core   0: 3 0x80006680 (0x83bd) x15 0x00000000
core   0: 0x80006682 (0x0077fdb3) and     s11, a5, t2
core   0: 3 0x80006682 (0x0077fdb3) x27 0x00000000
core   0: 0x80006686 (0x00008fd9) c.or    a5, a4
core   0: 3 0x80006686 (0x8fd9) x15 0x80028e64
core   0: 0x80006688 (0x00008892) c.mv    a7, tp
core   0: 3 0x80006688 (0x8892) x17 0xe3564277
core   0: 0x8000668a (0x03269163) bne     a3, s2, pc + 34
core   0: 3 0x8000668a (0x03269163)
core   0: 0x800066ac (0xfad28913) addi    s2, t0, -83
core   0: 3 0x800066ac (0xfad28913) x18 0xffffffad
core   0: 0x800066b0 (0x02926eb3) rem     t4, tp, s1
core   0: 3 0x800066b0 (0x02926eb3) x29 0xe3564277
core   0: 0x800066b4 (0x03917433) remu    s0, sp, s9
core   0: 3 0x800066b4 (0x03917433) x 8 0x00000001
core   0: 0x800066b8 (0x00000001) c.nop
core   0: 3 0x800066b8 (0x0001)
core   0: 0x800066ba (0x00215193) srli    gp, sp, 2
core   0: 3 0x800066ba (0x00215193) x 3 0x00000000
core   0: 0x800066be (0x1be60093) addi    ra, a2, 446
core   0: 3 0x800066be (0x1be60093) x 1 0x399001be
core   0: 0x800066c2 (0x96b486b7) lui     a3, 0x96b48
core   0: 3 0x800066c2 (0x96b486b7) x13 0x96b48000
core   0: 0x800066c6 (0x31dcf213) andi    tp, s9, 797
core   0: 3 0x800066c6 (0x31dcf213) x 4 0x00000004
core   0: 0x800066ca (0x03091263) bne     s2, a6, pc + 36
core   0: 3 0x800066ca (0x03091263)
core   0: 0x800066ee (0x00000929) c.addi  s2, 10
core   0: 3 0x800066ee (0x0929) x18 0xffffffb7
core   0: 0x800066f0 (0x0000914e) c.add   sp, s3
core   0: 3 0x800066f0 (0x914e) x 2 0x0000002a
core   0: 0x800066f2 (0x09587063) bgeu    a6, s5, pc + 128
core   0: 3 0x800066f2 (0x09587063)
core   0: 0x800066f6 (0x0001ab17) auipc   s6, 0x1a
core   0: 3 0x800066f6 (0x0001ab17) x22 0x800206f6
core   0: 0x800066fa (0x868b0b13) addi    s6, s6, -1944
core   0: 3 0x800066fa (0x868b0b13) x22 0x8001ff5e
core   0: 0x800066fe (0x01db06a3) sb      t4, 13(s6)
core   0: 3 0x800066fe (0x01db06a3) mem 0x8001ff6b 0x77
core   0: 0x80006702 (0x00db0403) lb      s0, 13(s6)
core   0: 3 0x80006702 (0x00db0403) x 8 0x00000077 mem 0x8001ff6b
core   0: 0x80006706 (0x00db4a03) lbu     s4, 13(s6)
core   0: 3 0x80006706 (0x00db4a03) x20 0x00000077 mem 0x8001ff6b
core   0: 0x8000670a (0x001b0483) lb      s1, 1(s6)
core   0: 3 0x8000670a (0x001b0483) x 9 0x00000000 mem 0x8001ff5f
core   0: 0x8000670e (0x001b0a03) lb      s4, 1(s6)
core   0: 3 0x8000670e (0x001b0a03) x20 0x00000000 mem 0x8001ff5f
core   0: 0x80006712 (0xff3b2923) sw      s3, -14(s6)
core   0: 3 0x80006712 (0xff3b2923) mem 0x8001ff50 0x00000029
core   0: 0x80006716 (0x01709933) sll     s2, ra, s7
core   0: 3 0x80006716 (0x01709933) x18 0x00000000
core   0: 0x8000671a (0xff2b4a83) lbu     s5, -14(s6)
core   0: 3 0x8000671a (0xff2b4a83) x21 0x00000029 mem 0x8001ff50
core   0: 0x8000671e (0xffdb4483) lbu     s1, -3(s6)
core   0: 3 0x8000671e (0xffdb4483) x 9 0x00000000 mem 0x8001ff5b
core   0: 0x80006722 (0x03bd54b3) divu    s1, s10, s11
core   0: 3 0x80006722 (0x03bd54b3) x 9 0xffffffff
core   0: 0x80006726 (0xff5b0f23) sb      s5, -2(s6)
core   0: 3 0x80006726 (0xff5b0f23) mem 0x8001ff5c 0x29
core   0: 0x8000672a (0xffeb4083) lbu     ra, -2(s6)
core   0: 3 0x8000672a (0xffeb4083) x 1 0x00000029 mem 0x8001ff5c
core   0: 0x8000672e (0x007b4903) lbu     s2, 7(s6)
core   0: 3 0x8000672e (0x007b4903) x18 0x00000000 mem 0x8001ff65
core   0: 0x80006732 (0x010b5903) lhu     s2, 16(s6)
core   0: 3 0x80006732 (0x010b5903) x18 0x00000000 mem 0x8001ff6e
core   0: 0x80006736 (0x00005e7d) c.li    t3, -1
core   0: 3 0x80006736 (0x5e7d) x28 0xffffffff
core   0: 0x80006738 (0x00db0e03) lb      t3, 13(s6)
core   0: 3 0x80006738 (0x00db0e03) x28 0x00000077 mem 0x8001ff6b
core   0: 0x8000673c (0x414682b3) sub     t0, a3, s4
core   0: 3 0x8000673c (0x414682b3) x 5 0x96b48000
core   0: 0x80006740 (0x00db0783) lb      a5, 13(s6)
core   0: 3 0x80006740 (0x00db0783) x15 0x00000077 mem 0x8001ff6b
core   0: 0x80006744 (0x7e66df97) auipc   t6, 0x7e66d
core   0: 3 0x80006744 (0x7e66df97) x31 0xfe673744
core   0: 0x80006748 (0x0271b4b3) mulhu   s1, gp, t2
core   0: 3 0x80006748 (0x0271b4b3) x 9 0x00000000
core   0: 0x8000674c (0x00e36e33) or      t3, t1, a4
core   0: 3 0x8000674c (0x00e36e33) x28 0x80028e65
core   0: 0x80006750 (0x5b343c97) auipc   s9, 0x5b343
core   0: 3 0x80006750 (0x5b343c97) x25 0xdb349750
core   0: 0x80006754 (0x004739b3) sltu    s3, a4, tp
core   0: 3 0x80006754 (0x004739b3) x19 0x00000000
core   0: 0x80006758 (0x012842b3) xor     t0, a6, s2
core   0: 3 0x80006758 (0x012842b3) x 5 0x00000002
core   0: 0x8000675c (0x000007da) c.slli  a5, 22
core   0: 3 0x8000675c (0x07da) x15 0x1dc00000
core   0: 0x8000675e (0x00709c93) slli    s9, ra, 7
core   0: 3 0x8000675e (0x00709c93) x25 0x00001480
core   0: 0x80006762 (0xaca04913) xori    s2, zero, -1334
core   0: 3 0x80006762 (0xaca04913) x18 0xfffffaca
core   0: 0x80006766 (0x0000100f) fence.i
core   0: 3 0x80006766 (0x0000100f)
core   0: 0x8000676a (0x004bf133) and     sp, s7, tp
core   0: 3 0x8000676a (0x004bf133) x 2 0x00000004
core   0: 0x8000676e (0x0000100f) fence.i
core   0: 3 0x8000676e (0x0000100f)
core   0: 0x80006772 (0x412d01b3) sub     gp, s10, s2
core   0: 3 0x80006772 (0x412d01b3) x 3 0x00000536
core   0: 0x80006776 (0x00000001) c.nop
core   0: 3 0x80006776 (0x0001)
core   0: 0x80006778 (0x0000051e) c.slli  a0, 7
core   0: 3 0x80006778 (0x051e) x10 0x00000000
core   0: 0x8000677a (0x0ff0000f) fence   iorw,iorw
core   0: 3 0x8000677a (0x0ff0000f)
core   0: 0x8000677e (0x0000814d) c.srli  a0, 19
core   0: 3 0x8000677e (0x814d) x10 0x00000000
core   0: 0x80006780 (0xbdce4813) xori    a6, t3, -1060
core   0: 3 0x80006780 (0xbdce4813) x16 0x7ffd75b9
core   0: 0x80006784 (0x02db2db3) mulhsu  s11, s6, a3
core   0: 3 0x80006784 (0x02db2db3) x27 0xb4a6ed09
core   0: 0x80006788 (0x01ed7833) and     a6, s10, t5
core   0: 3 0x80006788 (0x01ed7833) x16 0x00000000
core   0: 0x8000678c (0x0000717d) c.addi16sp sp, -16
core   0: 3 0x8000678c (0x717d) x 2 0xfffffff4
core   0: 0x8000678e (0x000003c2) c.slli  t2, 16
core   0: 3 0x8000678e (0x03c2) x 7 0xcce40000
core   0: 0x80006790 (0x4218ee93) ori     t4, a7, 1057
core   0: 3 0x80006790 (0x4218ee93) x29 0xe3564677
core   0: 0x80006794 (0x03e93833) mulhu   a6, s2, t5
core   0: 3 0x80006794 (0x03e93833) x16 0x7ffffd65
core   0: 0x80006798 (0x00008d5d) c.or    a0, a5
core   0: 3 0x80006798 (0x8d5d) x10 0x1dc00000
core   0: 0x8000679a (0x025a0133) mul     sp, s4, t0
core   0: 3 0x8000679a (0x025a0133) x 2 0x00000000
core   0: 0x8000679e (0x3a4f6013) ori     zero, t5, 932
core   0: 3 0x8000679e (0x3a4f6013)
core   0: 0x800067a2 (0x0000100f) fence.i
core   0: 3 0x800067a2 (0x0000100f)
core   0: 0x800067a6 (0x03da6fb3) rem     t6, s4, t4
core   0: 3 0x800067a6 (0x03da6fb3) x31 0x00000000
core   0: 0x800067aa (0x0ff0000f) fence   iorw,iorw
core   0: 3 0x800067aa (0x0ff0000f)
core   0: 0x800067ae (0x011698b3) sll     a7, a3, a7
core   0: 3 0x800067ae (0x011698b3) x17 0x00000000
core   0: 0x800067b2 (0x000006c1) c.addi  a3, 16
core   0: 3 0x800067b2 (0x06c1) x13 0x96b48010
core   0: 0x800067b4 (0x00933533) sltu    a0, t1, s1
core   0: 3 0x800067b4 (0x00933533) x10 0x00000000
core   0: 0x800067b8 (0x41caddb3) sra     s11, s5, t3
core   0: 3 0x800067b8 (0x41caddb3) x27 0x00000001
core   0: 0x800067bc (0x02c04db3) div     s11, zero, a2
core   0: 3 0x800067bc (0x02c04db3) x27 0x00000000
core   0: 0x800067c0 (0x8d4ded93) ori     s11, s11, -1836
core   0: 3 0x800067c0 (0x8d4ded93) x27 0xfffff8d4
core   0: 0x800067c4 (0x02cf6d33) rem     s10, t5, a2
core   0: 3 0x800067c4 (0x02cf6d33) x26 0xf3200000
core   0: 0x800067c8 (0x01d1d663) bge     gp, t4, pc + 12
core   0: 3 0x800067c8 (0x01d1d663)
core   0: 0x800067d4 (0x0ff0000f) fence   iorw,iorw
core   0: 3 0x800067d4 (0x0ff0000f)
core   0: 0x800067d8 (0x00000808) c.addi4spn a0, sp, 16
core   0: 3 0x800067d8 (0x0808) x10 0x00000010
core   0: 0x800067da (0x01675333) srl     t1, a4, s6
core   0: 3 0x800067da (0x01675333) x 6 0x00000002
core   0: 0x800067de (0x00008ea9) c.xor   a3, a0
core   0: 3 0x800067de (0x8ea9) x13 0x96b48000
core   0: 0x800067e0 (0x03206fb3) rem     t6, zero, s2
core   0: 3 0x800067e0 (0x03206fb3) x31 0x00000000
core   0: 0x800067e4 (0x00000001) c.nop
core   0: 3 0x800067e4 (0x0001)
core   0: 0x800067e6 (0x00013117) auipc   sp, 0x13
core   0: 3 0x800067e6 (0x00013117) x 2 0x800197e6
core   0: 0x800067ea (0xce810113) addi    sp, sp, -792
core   0: 3 0x800067ea (0xce810113) x 2 0x800194ce
core   0: 0x800067ee (0x00008c09) c.sub   s0, a0
core   0: 3 0x800067ee (0x8c09) x 8 0x00000067
core   0: 0x800067f0 (0x0120c533) xor     a0, ra, s2
core   0: 3 0x800067f0 (0x0120c533) x10 0xfffffae3
core   0: 0x800067f4 (0x0142c333) xor     t1, t0, s4
core   0: 3 0x800067f4 (0x0142c333) x 6 0x00000002
core   0: 0x800067f8 (0x00000001) c.nop
core   0: 3 0x800067f8 (0x0001)
core   0: 0x800067fa (0x51d7b813) sltiu   a6, a5, 1309
core   0: 3 0x800067fa (0x51d7b813) x16 0x00000000
core   0: 0x800067fe (0x01b29933) sll     s2, t0, s11
core   0: 3 0x800067fe (0x01b29933) x18 0x00200000
core   0: 0x80006802 (0xf35bd517) auipc   a0, 0xf35bd
core   0: 3 0x80006802 (0xf35bd517) x10 0x735c3802
core   0: 0x80006806 (0x00008d1d) c.sub   a0, a5
core   0: 3 0x80006806 (0x8d1d) x10 0x559c3802
core   0: 0x80006808 (0xbe415903) lhu     s2, -1052(sp)
core   0: 3 0x80006808 (0xbe415903) x18 0x00000000 mem 0x800190b2
core   0: 0x8000680c (0xf4410323) sb      tp, -186(sp)
core   0: 3 0x8000680c (0xf4410323) mem 0x80019414 0x4
core   0: 0x80006810 (0x02ef8cb3) mul     s9, t6, a4
core   0: 3 0x80006810 (0x02ef8cb3) x25 0x00000000
core   0: 0x80006814 (0x00008c8d) c.sub   s1, a1
core   0: 3 0x80006814 (0x8c8d) x 9 0x7ffd331c
core   0: 0x80006816 (0x029842b3) div     t0, a6, s1
core   0: 3 0x80006816 (0x029842b3) x 5 0x00000000
core   0: 0x8000681a (0x3e714683) lbu     a3, 999(sp)
core   0: 3 0x8000681a (0x3e714683) x13 0x00000000 mem 0x800198b5
core   0: 0x8000681e (0x00c294b3) sll     s1, t0, a2
core   0: 3 0x8000681e (0x00c294b3) x 9 0x00000000
core   0: 0x80006822 (0x48310a03) lb      s4, 1155(sp)
core   0: 3 0x80006822 (0x48310a03) x20 0x00000000 mem 0x80019951
core   0: 0x80006826 (0x015117b3) sll     a5, sp, s5
core   0: 3 0x80006826 (0x015117b3) x15 0x03299c00
core   0: 0x8000682a (0x017d8a33) add     s4, s11, s7
core   0: 3 0x8000682a (0x017d8a33) x20 0xfffff8d3
core   0: 0x8000682e (0x03778e33) mul     t3, a5, s7
core   0: 3 0x8000682e (0x03778e33) x28 0xfcd66400
core   0: 0x80006832 (0xeee105a3) sb      a4, -277(sp)
core   0: 3 0x80006832 (0xeee105a3) mem 0x800193b9 0x64
core   0: 0x80006836 (0x01305e13) srli    t3, zero, 19
core   0: 3 0x80006836 (0x01305e13) x28 0x00000000
core   0: 0x8000683a (0x19d10383) lb      t2, 413(sp)
core   0: 3 0x8000683a (0x19d10383) x 7 0x00000000 mem 0x8001966b
core   0: 0x8000683e (0x40f88db3) sub     s11, a7, a5
core   0: 3 0x8000683e (0x40f88db3) x27 0xfcd66400
core   0: 0x80006842 (0x0ff0000f) fence   iorw,iorw
core   0: 3 0x80006842 (0x0ff0000f)
core   0: 0x80006846 (0x00009fe6) c.add   t6, s9
core   0: 3 0x80006846 (0x9fe6) x31 0x00000000
core   0: 0x80006848 (0x87f45217) auipc   tp, 0x87f45
core   0: 3 0x80006848 (0x87f45217) x 4 0x07f4b848
core   0: 0x8000684c (0x62910b03) lb      s6, 1577(sp)
core   0: 3 0x8000684c (0x62910b03) x22 0x00000000 mem 0x80019af7
core   0: 0x80006850 (0x00771d13) slli    s10, a4, 7
core   0: 3 0x80006850 (0x00771d13) x26 0x01473200
core   0: 0x80006854 (0xe5714603) lbu     a2, -425(sp)
core   0: 3 0x80006854 (0xe5714603) x12 0x00000000 mem 0x80019325
core   0: 0x80006858 (0x0265a833) mulhsu  a6, a1, t1
core   0: 3 0x80006858 (0x0265a833) x16 0xffffffff
core   0: 0x8000685c (0xb2510d83) lb      s11, -1243(sp)
core   0: 3 0x8000685c (0xb2510d83) x27 0x00000000 mem 0x80018ff3
core   0: 0x80006860 (0x028cca33) div     s4, s9, s0
core   0: 3 0x80006860 (0x028cca33) x20 0x00000000
core   0: 0x80006864 (0xe3b14503) lbu     a0, -453(sp)
core   0: 3 0x80006864 (0xe3b14503) x10 0x00000000 mem 0x80019309
core   0: 0x80006868 (0x9b538c93) addi    s9, t2, -1611
core   0: 3 0x80006868 (0x9b538c93) x25 0xfffff9b5
core   0: 0x8000686c (0x00008e15) c.sub   a2, a3
core   0: 3 0x8000686c (0x8e15) x12 0x00000000
core   0: 0x8000686e (0x034440b3) div     ra, s0, s4
core   0: 3 0x8000686e (0x034440b3) x 1 0xffffffff
core   0: 0x80006872 (0x00f27333) and     t1, tp, a5
core   0: 3 0x80006872 (0x00f27333) x 6 0x03209800
core   0: 0x80006876 (0x00008399) c.srli  a5, 6
core   0: 3 0x80006876 (0x8399) x15 0x000ca670
core   0: 0x80006878 (0x01e03e33) snez    t3, t5
core   0: 3 0x80006878 (0x01e03e33) x28 0x00000001
core   0: 0x8000687c (0x03e488b3) mul     a7, s1, t5
core   0: 3 0x8000687c (0x03e488b3) x17 0x00000000
core   0: 0x80006880 (0x00b18863) beq     gp, a1, pc + 16
core   0: 3 0x80006880 (0x00b18863)
core   0: 0x80006884 (0x03b49333) mulh    t1, s1, s11
core   0: 3 0x80006884 (0x03b49333) x 6 0x00000000
core   0: 0x80006888 (0xe1622797) auipc   a5, 0xe1622
core   0: 3 0x80006888 (0xe1622797) x15 0x61628888
core   0: 0x8000688c (0x0000717d) c.addi16sp sp, -16
core   0: 3 0x8000688c (0x717d) x 2 0x800194be
core   0: 0x8000688e (0x000049b9) c.li    s3, 14
core   0: 3 0x8000688e (0x49b9) x19 0x0000000e
core   0: 0x80006890 (0x02a82db3) mulhsu  s11, a6, a0
core   0: 3 0x80006890 (0x02a82db3) x27 0x00000000
core   0: 0x80006894 (0x025f22b3) mulhsu  t0, t5, t0
core   0: 3 0x80006894 (0x025f22b3) x 5 0x00000000
core   0: 0x80006898 (0x03fa7363) bgeu    s4, t6, pc + 38
core   0: 3 0x80006898 (0x03fa7363)
core   0: 0x800068be (0x0504d063) bge     s1, a6, pc + 64
core   0: 3 0x800068be (0x0504d063)
core   0: 0x800068fe (0x00006139) c.addi16sp sp, 448
core   0: 3 0x800068fe (0x6139) x 2 0x8001967e
core   0: 0x80006900 (0x00008fee) c.mv    t6, s11
core   0: 3 0x80006900 (0x8fee) x31 0x00000000
core   0: 0x80006902 (0x1894c517) auipc   a0, 0x1894c
core   0: 3 0x80006902 (0x1894c517) x10 0x98952902
core   0: 0x80006906 (0x021a9eb3) mulh    t4, s5, ra
core   0: 3 0x80006906 (0x021a9eb3) x29 0xffffffff
core   0: 0x8000690a (0x03fc6a33) rem     s4, s8, t6
core   0: 3 0x8000690a (0x03fc6a33) x20 0x00000000
core   0: 0x8000690e (0x02a20763) beq     tp, a0, pc + 46
core   0: 3 0x8000690e (0x02a20763)
core   0: 0x80006912 (0x00008672) c.mv    a2, t3
core   0: 3 0x80006912 (0x8672) x12 0x00000001
core   0: 0x80006914 (0xd480efb7) lui     t6, 0xd480e
core   0: 3 0x80006914 (0xd480efb7) x31 0xd480e000
core   0: 0x80006918 (0x41315db3) sra     s11, sp, s3
core   0: 3 0x80006918 (0x41315db3) x27 0xfffe0006
core   0: 0x8000691c (0x00008255) c.srli  a2, 21
core   0: 3 0x8000691c (0x8255) x12 0x00000000
core   0: 0x8000691e (0x000c2933) slt     s2, s8, zero
core   0: 3 0x8000691e (0x000c2933) x18 0x00000000
core   0: 0x80006922 (0xb172ec93) ori     s9, t0, -1257
core   0: 3 0x80006922 (0xb172ec93) x25 0xfffffb17
core   0: 0x80006926 (0x005a2bb3) slt     s7, s4, t0
core   0: 3 0x80006926 (0x005a2bb3) x23 0x00000000
core   0: 0x8000692a (0x41f4d693) srai    a3, s1, 31
core   0: 3 0x8000692a (0x41f4d693) x13 0x00000000
core   0: 0x8000692e (0x025f4e63) blt     t5, t0, pc + 60
core   0: 3 0x8000692e (0x025f4e63)
core   0: 0x8000696a (0x021a5e63) bge     s4, ra, pc + 60
core   0: 3 0x8000696a (0x021a5e63)
core   0: 0x800069a6 (0x00006155) c.addi16sp sp, 304
core   0: 3 0x800069a6 (0x6155) x 2 0x800197ae
core   0: 0x800069a8 (0x00e4bd33) sltu    s10, s1, a4
core   0: 3 0x800069a8 (0x00e4bd33) x26 0x00000001
core   0: 0x800069ac (0x41585d33) sra     s10, a6, s5
core   0: 3 0x800069ac (0x41585d33) x26 0xffffffff
core   0: 0x800069b0 (0x00ee4033) xor     zero, t3, a4
core   0: 3 0x800069b0 (0x00ee4033)
core   0: 0x800069b4 (0x41a88033) sub     zero, a7, s10
core   0: 3 0x800069b4 (0x41a88033)
core   0: 0x800069b8 (0x00272a33) slt     s4, a4, sp
core   0: 3 0x800069b8 (0x00272a33) x20 0x00000000
core   0: 0x800069bc (0x00006131) c.addi16sp sp, 320
core   0: 3 0x800069bc (0x6131) x 2 0x800198ee
core   0: 0x800069be (0x000098fd) c.andi  s1, -1
core   0: 3 0x800069be (0x98fd) x 9 0x00000000
core   0: 0x800069c0 (0x02708c63) beq     ra, t2, pc + 56
core   0: 3 0x800069c0 (0x02708c63)
core   0: 0x800069c4 (0x03056d33) rem     s10, a0, a6
core   0: 3 0x800069c4 (0x03056d33) x26 0x00000000
core   0: 0x800069c8 (0x011b8f63) beq     s7, a7, pc + 30
core   0: 3 0x800069c8 (0x011b8f63)
core   0: 0x800069e6 (0x03128133) mul     sp, t0, a7
core   0: 3 0x800069e6 (0x03128133) x 2 0x00000000
core   0: 0x800069ea (0x008137b3) sltu    a5, sp, s0
core   0: 3 0x800069ea (0x008137b3) x15 0x00000001
core   0: 0x800069ee (0x02076b33) rem     s6, a4, zero
core   0: 3 0x800069ee (0x02076b33) x22 0x80028e64
core   0: 0x800069f2 (0x000010fd) c.addi  ra, -1
core   0: 3 0x800069f2 (0x10fd) x 1 0xfffffffe
core   0: 0x800069f4 (0x008ca7b3) slt     a5, s9, s0
core   0: 3 0x800069f4 (0x008ca7b3) x15 0x00000001
core   0: 0x800069f8 (0x0123b8b3) sltu    a7, t2, s2
core   0: 3 0x800069f8 (0x0123b8b3) x17 0x00000000
core   0: 0x800069fc (0x0183bbb3) sltu    s7, t2, s8
core   0: 3 0x800069fc (0x0183bbb3) x23 0x00000000
core   0: 0x80006a00 (0x669a2e37) lui     t3, 0x669a2
core   0: 3 0x80006a00 (0x669a2e37) x28 0x669a2000
core   0: 0x80006a04 (0x019b7a33) and     s4, s6, s9
core   0: 3 0x80006a04 (0x019b7a33) x20 0x80028a04
core   0: 0x80006a08 (0x8931c917) auipc   s2, 0x8931c
core   0: 3 0x80006a08 (0x8931c917) x18 0x09322a08
core   0: 0x80006a0c (0x0128fab3) and     s5, a7, s2
core   0: 3 0x80006a0c (0x0128fab3) x21 0x00000000
core   0: 0x80006a10 (0x02adaa33) mulhsu  s4, s11, a0
core   0: 3 0x80006a10 (0x02adaa33) x20 0xfffeced9
core   0: 0x80006a14 (0x03a528b3) mulhsu  a7, a0, s10
core   0: 3 0x80006a14 (0x03a528b3) x17 0x00000000
core   0: 0x80006a18 (0xe5308913) addi    s2, ra, -429
core   0: 3 0x80006a18 (0xe5308913) x18 0xfffffe51
core   0: 0x80006a1c (0x0000035a) c.slli  t1, 22
core   0: 3 0x80006a1c (0x035a) x 6 0x00000000
core   0: 0x80006a1e (0x3b50eeb7) lui     t4, 0x3b50e
core   0: 3 0x80006a1e (0x3b50eeb7) x29 0x3b50e000
core   0: 0x80006a22 (0x9b644113) xori    sp, s0, -1610
core   0: 3 0x80006a22 (0x9b644113) x 2 0xfffff9d1
core   0: 0x80006a26 (0x5261a313) slti    t1, gp, 1318
core   0: 3 0x80006a26 (0x5261a313) x 6 0x00000000
core   0: 0x80006a2a (0x018f5263) bge     t5, s8, pc + 4
core   0: 3 0x80006a2a (0x018f5263)
core   0: 0x80006a2e (0x016c9e13) slli    t3, s9, 22
core   0: 3 0x80006a2e (0x016c9e13) x28 0xc5c00000
core   0: 0x80006a32 (0x01328c63) beq     t0, s3, pc + 24
core   0: 3 0x80006a32 (0x01328c63)
core   0: 0x80006a36 (0x01e7e363) bltu    a5, t5, pc + 6
core   0: 3 0x80006a36 (0x01e7e363)
core   0: 0x80006a3c (0x036a9a63) bne     s5, s6, pc + 52
core   0: 3 0x80006a3c (0x036a9a63)
core   0: 0x80006a70 (0x016bf233) and     tp, s7, s6
core   0: 3 0x80006a70 (0x016bf233) x 4 0x00000000
core   0: 0x80006a74 (0x00008091) c.srli  s1, 4
core   0: 3 0x80006a74 (0x8091) x 9 0x00000000
core   0: 0x80006a76 (0x02d3deb3) divu    t4, t2, a3
core   0: 3 0x80006a76 (0x02d3deb3) x29 0xffffffff
core   0: 0x80006a7a (0x0172c033) xor     zero, t0, s7
core   0: 3 0x80006a7a (0x0172c033)
core   0: 0x80006a7e (0x02734833) div     a6, t1, t2
core   0: 3 0x80006a7e (0x02734833) x16 0xffffffff
core   0: 0x80006a82 (0x039c8033) mul     zero, s9, s9
core   0: 3 0x80006a82 (0x039c8033)
core   0: 0x80006a86 (0x000086e5) c.srai  a3, 25
core   0: 3 0x80006a86 (0x86e5) x13 0x00000000
core   0: 0x80006a88 (0x0196d133) srl     sp, a3, s9
core   0: 3 0x80006a88 (0x0196d133) x 2 0x00000000
core   0: 0x80006a8c (0x00008e39) c.xor   a2, a4
core   0: 3 0x80006a8c (0x8e39) x12 0x80028e64
core   0: 0x80006a8e (0x641980b7) lui     ra, 0x64198
core   0: 3 0x80006a8e (0x641980b7) x 1 0x64198000
core   0: 0x80006a92 (0x00000001) c.nop
core   0: 3 0x80006a92 (0x0001)
core   0: 0x80006a94 (0x00000001) c.nop
core   0: 3 0x80006a94 (0x0001)
core   0: 0x80006a96 (0x00008449) c.srai  s0, 18
core   0: 3 0x80006a96 (0x8449) x 8 0x00000000
core   0: 0x80006a98 (0x00bcc563) blt     s9, a1, pc + 10
core   0: 3 0x80006a98 (0x00bcc563)
core   0: 0x80006a9c (0x024233b3) mulhu   t2, tp, tp
core   0: 3 0x80006a9c (0x024233b3) x 7 0x00000000
core   0: 0x80006aa0 (0x0000717d) c.addi16sp sp, -16
core   0: 3 0x80006aa0 (0x717d) x 2 0xfffffff0
core   0: 0x80006aa2 (0x58ef7837) lui     a6, 0x58ef7
core   0: 3 0x80006aa2 (0x58ef7837) x16 0x58ef7000
core   0: 0x80006aa6 (0x035516b3) mulh    a3, a0, s5
core   0: 3 0x80006aa6 (0x035516b3) x13 0x00000000
core   0: 0x80006aaa (0x032f7963) bgeu    t5, s2, pc + 50
core   0: 3 0x80006aaa (0x032f7963)
core   0: 0x80006aae (0x00008d3d) c.xor   a0, a5
core   0: 3 0x80006aae (0x8d3d) x10 0x98952903
core   0: 0x80006ab0 (0x0000c605) c.beqz  a2, pc + 40
core   0: 3 0x80006ab0 (0xc605)
core   0: 0x80006ab2 (0x02bb8563) beq     s7, a1, pc + 42
core   0: 3 0x80006ab2 (0x02bb8563)
core   0: 0x80006ab6 (0x00b4c133) xor     sp, s1, a1
core   0: 3 0x80006ab6 (0x00b4c133) x 2 0x8002cce4
core   0: 0x80006aba (0x00001388) c.addi4spn a0, sp, 480
core   0: 3 0x80006aba (0x1388) x10 0x8002cec4
core   0: 0x80006abc (0xef356613) ori     a2, a0, -269
core   0: 3 0x80006abc (0xef356613) x12 0xfffffef7
core   0: 0x80006ac0 (0x000009de) c.slli  s3, 23
core   0: 3 0x80006ac0 (0x09de) x19 0x07000000
core   0: 0x80006ac2 (0xcf6bbd13) sltiu   s10, s7, -778
core   0: 3 0x80006ac2 (0xcf6bbd13) x26 0x00000001
core   0: 0x80006ac6 (0x005ce9b3) or      s3, s9, t0
core   0: 3 0x80006ac6 (0x005ce9b3) x19 0xfffffb17
core   0: 0x80006aca (0x6c2c0693) addi    a3, s8, 1730
core   0: 3 0x80006aca (0x6c2c0693) x13 0x000006c2
core   0: 0x80006ace (0x0245dd33) divu    s10, a1, tp
core   0: 3 0x80006ace (0x0245dd33) x26 0xffffffff
core   0: 0x80006ad2 (0x000069b1) c.lui   s3, 0xc
core   0: 3 0x80006ad2 (0x69b1) x19 0x0000c000
core   0: 0x80006ad4 (0x090b8363) beq     s7, a6, pc + 134
core   0: 3 0x80006ad4 (0x090b8363)
core   0: 0x80006ad8 (0x00008fd9) c.or    a5, a4
core   0: 3 0x80006ad8 (0x8fd9) x15 0x80028e65
core   0: 0x80006ada (0x00008f89) c.sub   a5, a0
core   0: 3 0x80006ada (0x8f89) x15 0xffffbfa1
core   0: 0x80006adc (0x4089da93) srai    s5, s3, 8
core   0: 3 0x80006adc (0x4089da93) x21 0x000000c0
core   0: 0x80006ae0 (0x00001c7d) c.addi  s8, -1
core   0: 3 0x80006ae0 (0x1c7d) x24 0xffffffff
core   0: 0x80006ae2 (0x0b479463) bne     a5, s4, pc + 168
core   0: 3 0x80006ae2 (0x0b479463)
core   0: 0x80006b8a (0x5ddca513) slti    a0, s9, 1501
core   0: 3 0x80006b8a (0x5ddca513) x10 0x00000001
core   0: 0x80006b8e (0x00000001) c.nop
core   0: 3 0x80006b8e (0x0001)
core   0: 0x80006b90 (0x0000c881) c.beqz  s1, pc + 16
core   0: 3 0x80006b90 (0xc881)
core   0: 0x80006ba0 (0x01b4ca63) blt     s1, s11, pc + 20
core   0: 3 0x80006ba0 (0x01b4ca63)
core   0: 0x80006ba4 (0x415fde13) srai    t3, t6, 21
core   0: 3 0x80006ba4 (0x415fde13) x28 0xfffffea4
core   0: 0x80006ba8 (0x04e6c063) blt     a3, a4, pc + 64
core   0: 3 0x80006ba8 (0x04e6c063)
core   0: 0x80006bac (0x4099da13) srai    s4, s3, 9
core   0: 3 0x80006bac (0x4099da13) x20 0x00000060
core   0: 0x80006bb0 (0x037c9333) mulh    t1, s9, s7
core   0: 3 0x80006bb0 (0x037c9333) x 6 0x00000000
core   0: 0x80006bb4 (0x02d6ea63) bltu    a3, a3, pc + 52
core   0: 3 0x80006bb4 (0x02d6ea63)
core   0: 0x80006bb8 (0xeac38c93) addi    s9, t2, -340
core   0: 3 0x80006bb8 (0xeac38c93) x25 0xfffffeac
core   0: 0x80006bbc (0x03f84163) blt     a6, t6, pc + 34
core   0: 3 0x80006bbc (0x03f84163)
core   0: 0x80006bc0 (0x00009c0e) c.add   s8, gp
core   0: 3 0x80006bc0 (0x9c0e) x24 0x00000535
core   0: 0x80006bc2 (0x9481b413) sltiu   s0, gp, -1720
core   0: 3 0x80006bc2 (0x9481b413) x 8 0x00000001
core   0: 0x80006bc6 (0x0043dd93) srli    s11, t2, 4
core   0: 3 0x80006bc6 (0x0043dd93) x27 0x00000000
core   0: 0x80006bca (0x00183eb3) sltu    t4, a6, ra
core   0: 3 0x80006bca (0x00183eb3) x29 0x00000001
core   0: 0x80006bce (0x00008fd5) c.or    a5, a3
core   0: 3 0x80006bce (0x8fd5) x15 0xffffbfe3
core   0: 0x80006bd0 (0x00001b88) c.addi4spn a0, sp, 496
core   0: 3 0x80006bd0 (0x1b88) x10 0x8002ced4
core   0: 0x80006bd2 (0x0223b933) mulhu   s2, t2, sp
core   0: 3 0x80006bd2 (0x0223b933) x18 0x00000000
core   0: 0x80006bd6 (0x00000104) c.addi4spn s1, sp, 128
core   0: 3 0x80006bd6 (0x0104) x 9 0x8002cd64
core   0: 0x80006bd8 (0x000088b6) c.mv    a7, a3
core   0: 3 0x80006bd8 (0x88b6) x17 0x000006c2
core   0: 0x80006bda (0x29d811b7) lui     gp, 0x29d81
core   0: 3 0x80006bda (0x29d811b7) x 3 0x29d81000
core   0: 0x80006bde (0x000007ce) c.slli  a5, 19
core   0: 3 0x80006bde (0x07ce) x15 0xff180000
core   0: 0x80006be0 (0x01507433) and     s0, zero, s5
core   0: 3 0x80006be0 (0x01507433) x 8 0x00000000
core   0: 0x80006be4 (0x79dbd337) lui     t1, 0x79dbd
core   0: 3 0x80006be4 (0x79dbd337) x 6 0x79dbd000
core   0: 0x80006be8 (0xfcc18393) addi    t2, gp, -52
core   0: 3 0x80006be8 (0xfcc18393) x 7 0x29d80fcc
core   0: 0x80006bec (0x00008ed1) c.or    a3, a2
core   0: 3 0x80006bec (0x8ed1) x13 0xfffffef7
core   0: 0x80006bee (0x013e6f63) bltu    t3, s3, pc + 30
core   0: 3 0x80006bee (0x013e6f63)
core   0: 0x80006bf2 (0x0243b0b3) mulhu   ra, t2, tp
core   0: 3 0x80006bf2 (0x0243b0b3) x 1 0x00000000
core   0: 0x80006bf6 (0x00001914) c.addi4spn a3, sp, 176
core   0: 3 0x80006bf6 (0x1914) x13 0x8002cd94
core   0: 0x80006bf8 (0x528f8e93) addi    t4, t6, 1320
core   0: 3 0x80006bf8 (0x528f8e93) x29 0xd480e528
core   0: 0x80006bfc (0xbf962693) slti    a3, a2, -1031
core   0: 3 0x80006bfc (0xbf962693) x13 0x00000000
core   0: 0x80006c00 (0x01151b33) sll     s6, a0, a7
core   0: 3 0x80006c00 (0x01151b33) x22 0x000b3b50
core   0: 0x80006c04 (0x032bc163) blt     s7, s2, pc + 34
core   0: 3 0x80006c04 (0x032bc163)
core   0: 0x80006c08 (0x000080b9) c.srli  s1, 14
core   0: 3 0x80006c08 (0x80b9) x 9 0x0002000b
core   0: 0x80006c0a (0x00008e39) c.xor   a2, a4
core   0: 3 0x80006c0a (0x8e39) x12 0x7ffd7093
core   0: 0x80006c0c (0x02a96663) bltu    s2, a0, pc + 44
core   0: 3 0x80006c0c (0x02a96663)
core   0: 0x80006c38 (0x0000717d) c.addi16sp sp, -16
core   0: 3 0x80006c38 (0x717d) x 2 0x8002ccd4
core   0: 0x80006c3a (0x02fa4db3) div     s11, s4, a5
core   0: 3 0x80006c3a (0x02fa4db3) x27 0x00000000
core   0: 0x80006c3e (0x3041c213) xori    tp, gp, 772
core   0: 3 0x80006c3e (0x3041c213) x 4 0x29d81304
core   0: 0x80006c42 (0x00004cfd) c.li    s9, 31
core   0: 3 0x80006c42 (0x4cfd) x25 0x0000001f
core   0: 0x80006c44 (0x026accb3) div     s9, s5, t1
core   0: 3 0x80006c44 (0x026accb3) x25 0x00000000
core   0: 0x80006c48 (0x00000fa6) c.slli  t6, 9
core   0: 3 0x80006c48 (0x0fa6) x31 0x01c00000
core   0: 0x80006c4a (0x40860533) sub     a0, a2, s0
core   0: 3 0x80006c4a (0x40860533) x10 0x7ffd7093
core   0: 0x80006c4e (0xd8c93013) sltiu   zero, s2, -628
core   0: 3 0x80006c4e (0xd8c93013)
core   0: 0x80006c52 (0x000013fd) c.addi  t2, -1
core   0: 3 0x80006c52 (0x13fd) x 7 0x29d80fcb
core   0: 0x80006c54 (0x00927233) and     tp, tp, s1
core   0: 3 0x80006c54 (0x00927233) x 4 0x00000000
core   0: 0x80006c58 (0x01bec093) xori    ra, t4, 27
core   0: 3 0x80006c58 (0x01bec093) x 1 0xd480e533
core   0: 0x80006c5c (0x02ca7033) remu    zero, s4, a2
core   0: 3 0x80006c5c (0x02ca7033)
core   0: 0x80006c60 (0x016ede33) srl     t3, t4, s6
core   0: 3 0x80006c60 (0x016ede33) x28 0x0000d480
core   0: 0x80006c64 (0x000082f5) c.srli  a3, 29
core   0: 3 0x80006c64 (0x82f5) x13 0x00000000
core   0: 0x80006c66 (0x00009a42) c.add   s4, a6
core   0: 3 0x80006c66 (0x9a42) x20 0x58ef7060
core   0: 0x80006c68 (0xa1032193) slti    gp, t1, -1520
core   0: 3 0x80006c68 (0xa1032193) x 3 0x00000000
core   0: 0x80006c6c (0x00008ff5) c.and   a5, a3
core   0: 3 0x80006c6c (0x8ff5) x15 0x00000000
core   0: 0x80006c6e (0x000042c9) c.li    t0, 18
core   0: 3 0x80006c6e (0x42c9) x 5 0x00000012
core   0: 0x80006c70 (0x013b43b3) xor     t2, s6, s3
core   0: 3 0x80006c70 (0x013b43b3) x 7 0x000bfb50
core   0: 0x80006c74 (0x00000001) c.nop
core   0: 3 0x80006c74 (0x0001)
core   0: 0x80006c76 (0x00009342) c.add   t1, a6
core   0: 3 0x80006c76 (0x9342) x 6 0xd2cb4000
core   0: 0x80006c78 (0x000098fd) c.andi  s1, -1
core   0: 3 0x80006c78 (0x98fd) x 9 0x0002000b
core   0: 0x80006c7a (0x00000001) c.nop
core   0: 3 0x80006c7a (0x0001)
core   0: 0x80006c7c (0x03cc73b3) remu    t2, s8, t3
core   0: 3 0x80006c7c (0x03cc73b3) x 7 0x00000535
core   0: 0x80006c80 (0x01b45563) bge     s0, s11, pc + 10
core   0: 3 0x80006c80 (0x01b45563)
core   0: 0x80006c8a (0x00006e59) c.lui   t3, 0x16
core   0: 3 0x80006c8a (0x6e59) x28 0x00016000
core   0: 0x80006c8c (0x00004c75) c.li    s8, 29
core   0: 3 0x80006c8c (0x4c75) x24 0x0000001d
core   0: 0x80006c8e (0x00000001) c.nop
core   0: 3 0x80006c8e (0x0001)
core   0: 0x80006c90 (0x0000100f) fence.i
core   0: 3 0x80006c90 (0x0000100f)
core   0: 0x80006c94 (0x40298d33) sub     s10, s3, sp
core   0: 3 0x80006c94 (0x40298d33) x26 0x7ffdf32c
core   0: 0x80006c98 (0x030c4e33) div     t3, s8, a6
core   0: 3 0x80006c98 (0x030c4e33) x28 0x00000000
core   0: 0x80006c9c (0x00dd4963) blt     s10, a3, pc + 18
core   0: 3 0x80006c9c (0x00dd4963)
core   0: 0x80006ca0 (0x0164da13) srli    s4, s1, 22
core   0: 3 0x80006ca0 (0x0164da13) x20 0x00000000
core   0: 0x80006ca4 (0x031cca63) blt     s9, a7, pc + 52
core   0: 3 0x80006ca4 (0x031cca63)
core   0: 0x80006cd8 (0x01d6a0b3) slt     ra, a3, t4
core   0: 3 0x80006cd8 (0x01d6a0b3) x 1 0x00000000
core   0: 0x80006cdc (0x03fcfeb3) remu    t4, s9, t6
core   0: 3 0x80006cdc (0x03fcfeb3) x29 0x00000000
core   0: 0x80006ce0 (0x03a8b2b3) mulhu   t0, a7, s10
core   0: 3 0x80006ce0 (0x03a8b2b3) x 5 0x00000360
core   0: 0x80006ce4 (0xc4e32193) slti    gp, t1, -946
core   0: 3 0x80006ce4 (0xc4e32193) x 3 0x00000001
core   0: 0x80006ce8 (0x00bf5c63) bge     t5, a1, pc + 24
core   0: 3 0x80006ce8 (0x00bf5c63)
core   0: 0x80006cec (0x34277a93) andi    s5, a4, 834
core   0: 3 0x80006cec (0x34277a93) x21 0x00000240
core   0: 0x80006cf0 (0x4099d7b3) sra     a5, s3, s1
core   0: 3 0x80006cf0 (0x4099d7b3) x15 0x00000018
core   0: 0x80006cf4 (0x0141db33) srl     s6, gp, s4
core   0: 3 0x80006cf4 (0x0141db33) x22 0x00000001
core   0: 0x80006cf8 (0x00008169) c.srli  a0, 26
core   0: 3 0x80006cf8 (0x8169) x10 0x0000001f
core   0: 0x80006cfa (0x00000e7a) c.slli  t3, 30
core   0: 3 0x80006cfa (0x0e7a) x28 0x00000000
core   0: 0x80006cfc (0x00006129) c.addi16sp sp, 192
core   0: 3 0x80006cfc (0x6129) x 2 0x8002cd94
core   0: 0x80006cfe (0x00008bc1) c.andi  a5, 16
core   0: 3 0x80006cfe (0x8bc1) x15 0x00000010
core   0: 0x80006d00 (0x01ef4bb3) xor     s7, t5, t5
core   0: 3 0x80006d00 (0x01ef4bb3) x23 0x00000000
core   0: 0x80006d04 (0x41ff5533) sra     a0, t5, t6
core   0: 3 0x80006d04 (0x41ff5533) x10 0x80000000
core   0: 0x80006d08 (0x016ac9b3) xor     s3, s5, s6
core   0: 3 0x80006d08 (0x016ac9b3) x19 0x00000241
core   0: 0x80006d0c (0x0000997d) c.andi  a0, -1
core   0: 3 0x80006d0c (0x997d) x10 0x80000000
core   0: 0x80006d0e (0x0000998a) c.add   s3, sp
core   0: 3 0x80006d0e (0x998a) x19 0x8002cfd5
core   0: 0x80006d10 (0x0000987d) c.andi  s0, -1
core   0: 3 0x80006d10 (0x987d) x 8 0x00000000
core   0: 0x80006d12 (0x5c724393) xori    t2, tp, 1479
core   0: 3 0x80006d12 (0x5c724393) x 7 0x000005c7
core   0: 0x80006d16 (0x00008499) c.srai  s1, 6
core   0: 3 0x80006d16 (0x8499) x 9 0x00000800
core   0: 0x80006d18 (0x008b1a13) slli    s4, s6, 8
core   0: 3 0x80006d18 (0x008b1a13) x20 0x00000100
core   0: 0x80006d1c (0x007c5333) srl     t1, s8, t2
core   0: 3 0x80006d1c (0x007c5333) x 6 0x00000000
core   0: 0x80006d20 (0x000007dd) c.addi  a5, 23
core   0: 3 0x80006d20 (0x07dd) x15 0x00000027
core   0: 0x80006d22 (0x00008d69) c.and   a0, a0
core   0: 3 0x80006d22 (0x8d69) x10 0x80000000
core   0: 0x80006d24 (0x004a5193) srli    gp, s4, 4
core   0: 3 0x80006d24 (0x004a5193) x 3 0x00000010
core   0: 0x80006d28 (0x01058e93) addi    t4, a1, 16
core   0: 3 0x80006d28 (0x01058e93) x29 0x8002ccf4
core   0: 0x80006d2c (0xf92813b7) lui     t2, 0xf9281
core   0: 3 0x80006d2c (0xf92813b7) x 7 0xf9281000
core   0: 0x80006d30 (0x00008afd) c.andi  a3, 31
core   0: 3 0x80006d30 (0x8afd) x13 0x00000000
core   0: 0x80006d32 (0x00006e4d) c.lui   t3, 0x13
core   0: 3 0x80006d32 (0x6e4d) x28 0x00013000
core   0: 0x80006d34 (0x00cf6ab3) or      s5, t5, a2
core   0: 3 0x80006d34 (0x00cf6ab3) x21 0xfffd7093
core   0: 0x80006d38 (0x034c88b3) mul     a7, s9, s4
core   0: 3 0x80006d38 (0x034c88b3) x17 0x00000000
core   0: 0x80006d3c (0xe5f70397) auipc   t2, 0xe5f70
core   0: 3 0x80006d3c (0xe5f70397) x 7 0x65f76d3c
core   0: 0x80006d40 (0x96247b93) andi    s7, s0, -1694
core   0: 3 0x80006d40 (0x96247b93) x23 0x00000000
core   0: 0x80006d44 (0x00008ce9) c.and   s1, a0
core   0: 3 0x80006d44 (0x8ce9) x 9 0x00000000
core   0: 0x80006d46 (0x00009562) c.add   a0, s8
core   0: 3 0x80006d46 (0x9562) x10 0x8000001d
core   0: 0x80006d48 (0x016e1e33) sll     t3, t3, s6
core   0: 3 0x80006d48 (0x016e1e33) x28 0x00026000
core   0: 0x80006d4c (0x0235be33) mulhu   t3, a1, gp
core   0: 3 0x80006d4c (0x0235be33) x28 0x00000008
core   0: 0x80006d50 (0x0173dc13) srli    s8, t2, 23
core   0: 3 0x80006d50 (0x0173dc13) x24 0x000000cb
core   0: 0x80006d54 (0x0150e863) bltu    ra, s5, pc + 16
core   0: 3 0x80006d54 (0x0150e863)
core   0: 0x80006d64 (0x010aea63) bltu    s5, a6, pc + 20
core   0: 3 0x80006d64 (0x010aea63)
core   0: 0x80006d68 (0x0152cbb3) xor     s7, t0, s5
core   0: 3 0x80006d68 (0x0152cbb3) x23 0xfffd73f3
core   0: 0x80006d6c (0x0000527d) c.li    tp, -1
core   0: 3 0x80006d6c (0x527d) x 4 0xffffffff
core   0: 0x80006d6e (0xffe7e893) ori     a7, a5, -2
core   0: 3 0x80006d6e (0xffe7e893) x17 0xffffffff
core   0: 0x80006d72 (0x00000001) c.nop
core   0: 3 0x80006d72 (0x0001)
core   0: 0x80006d74 (0x00ec1233) sll     tp, s8, a4
core   0: 3 0x80006d74 (0x00ec1233) x 4 0x00000cb0
core   0: 0x80006d78 (0x03b36db3) rem     s11, t1, s11
core   0: 3 0x80006d78 (0x03b36db3) x27 0x00000000
core   0: 0x80006d7c (0x00000cb9) c.addi  s9, 14
core   0: 3 0x80006d7c (0x0cb9) x25 0x0000000e
core   0: 0x80006d7e (0x02848563) beq     s1, s0, pc + 42
core   0: 3 0x80006d7e (0x02848563)
core   0: 0x80006da8 (0x00008d71) c.and   a0, a2
core   0: 3 0x80006da8 (0x8d71) x10 0x00000011
core   0: 0x80006daa (0x022f8e63) beq     t6, sp, pc + 60
core   0: 3 0x80006daa (0x022f8e63)
core   0: 0x80006dae (0x41140b33) sub     s6, s0, a7
core   0: 3 0x80006dae (0x41140b33) x22 0x00000001
core   0: 0x80006db2 (0x0365abb3) mulhsu  s7, a1, s6
core   0: 3 0x80006db2 (0x0365abb3) x23 0xffffffff
core   0: 0x80006db6 (0x01245813) srli    a6, s0, 18
core   0: 3 0x80006db6 (0x01245813) x16 0x00000000
core   0: 0x80006dba (0x02c0d6b3) divu    a3, ra, a2
core   0: 3 0x80006dba (0x02c0d6b3) x13 0x00000000
core   0: 0x80006dbe (0x01a981b3) add     gp, s3, s10
core   0: 3 0x80006dbe (0x01a981b3) x 3 0x0000c301
core   0: 0x80006dc2 (0x029f8263) beq     t6, s1, pc + 36
core   0: 3 0x80006dc2 (0x029f8263)
core   0: 0x80006dc6 (0x035a2033) mulhsu  zero, s4, s5
core   0: 3 0x80006dc6 (0x035a2033)
core   0: 0x80006dca (0x00008a6d) c.andi  a2, 27
core   0: 3 0x80006dca (0x8a6d) x12 0x00000013
core   0: 0x80006dcc (0x0126a433) slt     s0, a3, s2
core   0: 3 0x80006dcc (0x0126a433) x 8 0x00000000
core   0: 0x80006dd0 (0x0287bb33) mulhu   s6, a5, s0
core   0: 3 0x80006dd0 (0x0287bb33) x22 0x00000000
core   0: 0x80006dd4 (0x00de0463) beq     t3, a3, pc + 8
core   0: 3 0x80006dd4 (0x00de0463)
core   0: 0x80006dd8 (0x00bf6033) or      zero, t5, a1
core   0: 3 0x80006dd8 (0x00bf6033)
core   0: 0x80006ddc (0x0374a033) mulhsu  zero, s1, s7
core   0: 3 0x80006ddc (0x0374a033)
core   0: 0x80006de0 (0x0ff0000f) fence   iorw,iorw
core   0: 3 0x80006de0 (0x0ff0000f)
core   0: 0x80006de4 (0x00008cc5) c.or    s1, s1
core   0: 3 0x80006de4 (0x8cc5) x 9 0x00000000
core   0: 0x80006de6 (0x0000020d) c.addi  tp, 3
core   0: 3 0x80006de6 (0x020d) x 4 0x00000cb3
core   0: 0x80006de8 (0x00000f17) auipc   t5, 0x0
core   0: 3 0x80006de8 (0x00000f17) x30 0x80006de8
core   0: 0x80006dec (0x00cf0f13) addi    t5, t5, 12
core   0: 3 0x80006dec (0x00cf0f13) x30 0x80006df4
core   0: 0x80006df0 (0x000f0067) jr      t5
core   0: 3 0x80006df0 (0x000f0067)
core   0: 0x80006df4 (0x00004185) c.li    gp, 1
core   0: 3 0x80006df4 (0x4185) x 3 0x00000001
core   0: 0x80006df6 (0x00000073) ecall
core   0: exception trap_machine_ecall, epc 0x80006df6
core   0: >>>>  mtvec_handler
core   0: 0x80012558 (0x000015f1) c.addi  a1, -4
core   0: 3 0x80012558 (0x15f1) x11 0x8002cce0
core   0: 0x8001255a (0x0000c198) c.sw    a4, 0(a1)
core   0: 3 0x8001255a (0xc198) mem 0x8002cce0 0x80028e64
core   0: 0x8001255c (0x00058733) add     a4, a1, zero
core   0: 3 0x8001255c (0x00058733) x14 0x8002cce0
core   0: 0x80012560 (0xf8070713) addi    a4, a4, -128
core   0: 3 0x80012560 (0xf8070713) x14 0x8002cc60
core   0: 0x80012564 (0x00172223) sw      ra, 4(a4)
core   0: 3 0x80012564 (0x00172223) mem 0x8002cc64 0x00000000
core   0: 0x80012568 (0x00272423) sw      sp, 8(a4)
core   0: 3 0x80012568 (0x00272423) mem 0x8002cc68 0x8002cd94
core   0: 0x8001256c (0x00372623) sw      gp, 12(a4)
core   0: 3 0x8001256c (0x00372623) mem 0x8002cc6c 0x00000001
core   0: 0x80012570 (0x00472823) sw      tp, 16(a4)
core   0: 3 0x80012570 (0x00472823) mem 0x8002cc70 0x00000cb3
core   0: 0x80012574 (0x00572a23) sw      t0, 20(a4)
core   0: 3 0x80012574 (0x00572a23) mem 0x8002cc74 0x00000360
core   0: 0x80012578 (0x00672c23) sw      t1, 24(a4)
core   0: 3 0x80012578 (0x00672c23) mem 0x8002cc78 0x00000000
core   0: 0x8001257c (0x00772e23) sw      t2, 28(a4)
core   0: 3 0x8001257c (0x00772e23) mem 0x8002cc7c 0x65f76d3c
core   0: 0x80012580 (0x0000d300) c.sw    s0, 32(a4)
core   0: 3 0x80012580 (0xd300) mem 0x8002cc80 0x00000000
core   0: 0x80012582 (0x0000d344) c.sw    s1, 36(a4)
core   0: 3 0x80012582 (0xd344) mem 0x8002cc84 0x00000000
core   0: 0x80012584 (0x0000d708) c.sw    a0, 40(a4)
core   0: 3 0x80012584 (0xd708) mem 0x8002cc88 0x00000011
core   0: 0x80012586 (0x0000d74c) c.sw    a1, 44(a4)
core   0: 3 0x80012586 (0xd74c) mem 0x8002cc8c 0x8002cce0
core   0: 0x80012588 (0x0000db10) c.sw    a2, 48(a4)
core   0: 3 0x80012588 (0xdb10) mem 0x8002cc90 0x00000013
core   0: 0x8001258a (0x0000db54) c.sw    a3, 52(a4)
core   0: 3 0x8001258a (0xdb54) mem 0x8002cc94 0x00000000
core   0: 0x8001258c (0x0000df18) c.sw    a4, 56(a4)
core   0: 3 0x8001258c (0xdf18) mem 0x8002cc98 0x8002cc60
core   0: 0x8001258e (0x0000df5c) c.sw    a5, 60(a4)
core   0: 3 0x8001258e (0xdf5c) mem 0x8002cc9c 0x00000027
core   0: 0x80012590 (0x05072023) sw      a6, 64(a4)
core   0: 3 0x80012590 (0x05072023) mem 0x8002cca0 0x00000000
core   0: 0x80012594 (0x05172223) sw      a7, 68(a4)
core   0: 3 0x80012594 (0x05172223) mem 0x8002cca4 0xffffffff
core   0: 0x80012598 (0x05272423) sw      s2, 72(a4)
core   0: 3 0x80012598 (0x05272423) mem 0x8002cca8 0x00000000
core   0: 0x8001259c (0x05372623) sw      s3, 76(a4)
core   0: 3 0x8001259c (0x05372623) mem 0x8002ccac 0x8002cfd5
core   0: 0x800125a0 (0x05472823) sw      s4, 80(a4)
core   0: 3 0x800125a0 (0x05472823) mem 0x8002ccb0 0x00000100
core   0: 0x800125a4 (0x05572a23) sw      s5, 84(a4)
core   0: 3 0x800125a4 (0x05572a23) mem 0x8002ccb4 0xfffd7093
core   0: 0x800125a8 (0x05672c23) sw      s6, 88(a4)
core   0: 3 0x800125a8 (0x05672c23) mem 0x8002ccb8 0x00000000
core   0: 0x800125ac (0x05772e23) sw      s7, 92(a4)
core   0: 3 0x800125ac (0x05772e23) mem 0x8002ccbc 0xffffffff
core   0: 0x800125b0 (0x07872023) sw      s8, 96(a4)
core   0: 3 0x800125b0 (0x07872023) mem 0x8002ccc0 0x000000cb
core   0: 0x800125b4 (0x07972223) sw      s9, 100(a4)
core   0: 3 0x800125b4 (0x07972223) mem 0x8002ccc4 0x0000000e
core   0: 0x800125b8 (0x07a72423) sw      s10, 104(a4)
core   0: 3 0x800125b8 (0x07a72423) mem 0x8002ccc8 0x7ffdf32c
core   0: 0x800125bc (0x07b72623) sw      s11, 108(a4)
core   0: 3 0x800125bc (0x07b72623) mem 0x8002cccc 0x00000000
core   0: 0x800125c0 (0x07c72823) sw      t3, 112(a4)
core   0: 3 0x800125c0 (0x07c72823) mem 0x8002ccd0 0x00000008
core   0: 0x800125c4 (0x07d72a23) sw      t4, 116(a4)
core   0: 3 0x800125c4 (0x07d72a23) mem 0x8002ccd4 0x8002ccf4
core   0: 0x800125c8 (0x07e72c23) sw      t5, 120(a4)
core   0: 3 0x800125c8 (0x07e72c23) mem 0x8002ccd8 0x80006df4
core   0: 0x800125cc (0x07f72e23) sw      t6, 124(a4)
core   0: 3 0x800125cc (0x07f72e23) mem 0x8002ccdc 0x01c00000
core   0: 0x800125d0 (0x000705b3) add     a1, a4, zero
core   0: 3 0x800125d0 (0x000705b3) x11 0x8002cc60
core   0: 0x800125d4 (0x300022f3) csrr    t0, mstatus
core   0: 3 0x800125d4 (0x300022f3) x 5 0x00001800
core   0: 0x800125d8 (0x342022f3) csrr    t0, mcause
core   0: 3 0x800125d8 (0x342022f3) x 5 0x0000000b
core   0: 0x800125dc (0x01f2d293) srli    t0, t0, 31
core   0: 3 0x800125dc (0x01f2d293) x 5 0x00000000
core   0: 0x800125e0 (0x38029463) bnez    t0, pc + 904
core   0: 3 0x800125e0 (0x38029463)
core   0: 0x800125e4 (0x341022f3) csrr    t0, mepc
core   0: 3 0x800125e4 (0x341022f3) x 5 0x80006df6
core   0: 0x800125e8 (0x342022f3) csrr    t0, mcause
core   0: 3 0x800125e8 (0x342022f3) x 5 0x0000000b
core   0: 0x800125ec (0x0000498d) c.li    s3, 3
core   0: 3 0x800125ec (0x498d) x19 0x00000003
core   0: 0x800125ee (0x27328263) beq     t0, s3, pc + 612
core   0: 3 0x800125ee (0x27328263)
core   0: 0x800125f2 (0x000049a1) c.li    s3, 8
core   0: 3 0x800125f2 (0x49a1) x19 0x00000008
core   0: 0x800125f4 (0x05328563) beq     t0, s3, pc + 74
core   0: 3 0x800125f4 (0x05328563)
core   0: 0x800125f8 (0x000049a5) c.li    s3, 9
core   0: 3 0x800125f8 (0x49a5) x19 0x00000009
core   0: 0x800125fa (0x05328263) beq     t0, s3, pc + 68
core   0: 3 0x800125fa (0x05328263)
core   0: 0x800125fe (0x000049ad) c.li    s3, 11
core   0: 3 0x800125fe (0x49ad) x19 0x0000000b
core   0: 0x80012600 (0x03328f63) beq     t0, s3, pc + 62
core   0: 3 0x80012600 (0x03328f63)
core   0: 0x8001263e (0xfffee297) auipc   t0, 0xfffee
core   0: 3 0x8001263e (0xfffee297) x 5 0x8000063e
core   0: 0x80012642 (0x9c228293) addi    t0, t0, -1598
core   0: 3 0x80012642 (0x9c228293) x 5 0x80000000
core   0: 0x80012646 (0x0002a023) sw      zero, 0(t0)
core   0: 3 0x80012646 (0x0002a023) mem 0x80000000 0x00000000
core   0: 0x8001264a (0x0012a223) sw      ra, 4(t0)
core   0: 3 0x8001264a (0x0012a223) mem 0x80000004 0x00000000
core   0: 0x8001264e (0x0022a423) sw      sp, 8(t0)
core   0: 3 0x8001264e (0x0022a423) mem 0x80000008 0x8002cd94
core   0: 0x80012652 (0x0032a623) sw      gp, 12(t0)
core   0: 3 0x80012652 (0x0032a623) mem 0x8000000c 0x00000001
core   0: 0x80012656 (0x0042a823) sw      tp, 16(t0)
core   0: 3 0x80012656 (0x0042a823) mem 0x80000010 0x00000cb3
core   0: 0x8001265a (0x0052aa23) sw      t0, 20(t0)
core   0: 3 0x8001265a (0x0052aa23) mem 0x80000014 0x80000000
core   0: 0x8001265e (0x0062ac23) sw      t1, 24(t0)
core   0: 3 0x8001265e (0x0062ac23) mem 0x80000018 0x00000000
core   0: 0x80012662 (0x0072ae23) sw      t2, 28(t0)
core   0: 3 0x80012662 (0x0072ae23) mem 0x8000001c 0x65f76d3c
core   0: 0x80012666 (0x0282a023) sw      s0, 32(t0)
core   0: 3 0x80012666 (0x0282a023) mem 0x80000020 0x00000000
core   0: 0x8001266a (0x0292a223) sw      s1, 36(t0)
core   0: 3 0x8001266a (0x0292a223) mem 0x80000024 0x00000000
core   0: 0x8001266e (0x02a2a423) sw      a0, 40(t0)
core   0: 3 0x8001266e (0x02a2a423) mem 0x80000028 0x00000011
core   0: 0x80012672 (0x02b2a623) sw      a1, 44(t0)
core   0: 3 0x80012672 (0x02b2a623) mem 0x8000002c 0x8002cc60
core   0: 0x80012676 (0x02c2a823) sw      a2, 48(t0)
core   0: 3 0x80012676 (0x02c2a823) mem 0x80000030 0x00000013
core   0: 0x8001267a (0x02d2aa23) sw      a3, 52(t0)
core   0: 3 0x8001267a (0x02d2aa23) mem 0x80000034 0x00000000
core   0: 0x8001267e (0x02e2ac23) sw      a4, 56(t0)
core   0: 3 0x8001267e (0x02e2ac23) mem 0x80000038 0x8002cc60
core   0: 0x80012682 (0x02f2ae23) sw      a5, 60(t0)
core   0: 3 0x80012682 (0x02f2ae23) mem 0x8000003c 0x00000027
core   0: 0x80012686 (0x0502a023) sw      a6, 64(t0)
core   0: 3 0x80012686 (0x0502a023) mem 0x80000040 0x00000000
core   0: 0x8001268a (0x0512a223) sw      a7, 68(t0)
core   0: 3 0x8001268a (0x0512a223) mem 0x80000044 0xffffffff
core   0: 0x8001268e (0x0522a423) sw      s2, 72(t0)
core   0: 3 0x8001268e (0x0522a423) mem 0x80000048 0x00000000
core   0: 0x80012692 (0x0532a623) sw      s3, 76(t0)
core   0: 3 0x80012692 (0x0532a623) mem 0x8000004c 0x0000000b
core   0: 0x80012696 (0x0542a823) sw      s4, 80(t0)
core   0: 3 0x80012696 (0x0542a823) mem 0x80000050 0x00000100
core   0: 0x8001269a (0x0552aa23) sw      s5, 84(t0)
core   0: 3 0x8001269a (0x0552aa23) mem 0x80000054 0xfffd7093
core   0: 0x8001269e (0x0562ac23) sw      s6, 88(t0)
core   0: 3 0x8001269e (0x0562ac23) mem 0x80000058 0x00000000
core   0: 0x800126a2 (0x0572ae23) sw      s7, 92(t0)
core   0: 3 0x800126a2 (0x0572ae23) mem 0x8000005c 0xffffffff
core   0: 0x800126a6 (0x0782a023) sw      s8, 96(t0)
core   0: 3 0x800126a6 (0x0782a023) mem 0x80000060 0x000000cb
core   0: 0x800126aa (0x0792a223) sw      s9, 100(t0)
core   0: 3 0x800126aa (0x0792a223) mem 0x80000064 0x0000000e
core   0: 0x800126ae (0x07a2a423) sw      s10, 104(t0)
core   0: 3 0x800126ae (0x07a2a423) mem 0x80000068 0x7ffdf32c
core   0: 0x800126b2 (0x07b2a623) sw      s11, 108(t0)
core   0: 3 0x800126b2 (0x07b2a623) mem 0x8000006c 0x00000000
core   0: 0x800126b6 (0x07c2a823) sw      t3, 112(t0)
core   0: 3 0x800126b6 (0x07c2a823) mem 0x80000070 0x00000008
core   0: 0x800126ba (0x07d2aa23) sw      t4, 116(t0)
core   0: 3 0x800126ba (0x07d2aa23) mem 0x80000074 0x8002ccf4
core   0: 0x800126be (0x07e2ac23) sw      t5, 120(t0)
core   0: 3 0x800126be (0x07e2ac23) mem 0x80000078 0x80006df4
core   0: 0x800126c2 (0x07f2ae23) sw      t6, 124(t0)
core   0: 3 0x800126c2 (0x07f2ae23) mem 0x8000007c 0x01c00000
core   0: 0x800126c6 (0x00000f17) auipc   t5, 0x0
core   0: 3 0x800126c6 (0x00000f17) x30 0x800126c6
core   0: 0x800126ca (0xe84f0f13) addi    t5, t5, -380
core   0: 3 0x800126ca (0xe84f0f13) x30 0x8001254a
core   0: 0x800126ce (0x000f0067) jr      t5
core   0: 3 0x800126ce (0x000f0067)
core   0: 0x8001254a (0x00001f17) auipc   t5, 0x1
core   0: 3 0x8001254a (0x00001f17) x30 0x8001354a
core   0: 0x8001254e (0xaa3f2b23) sw      gp, -1354(t5)
core   0: 3 0x8001254e (0xaa3f2b23) mem 0x80013000 0x00000001
core   0: 0x80012552 (0x0000bfe5) c.j     pc - 8
core   0: 3 0x80012552 (0xbfe5)
core   0: 0x8001254a (0x00001f17) auipc   t5, 0x1
core   0: 3 0x8001254a (0x00001f17) x30 0x8001354a
core   0: 0x8001254e (0xaa3f2b23) sw      gp, -1354(t5)
core   0: 3 0x8001254e (0xaa3f2b23) mem 0x80013000 0x00000001
core   0: 0x80012552 (0x0000bfe5) c.j     pc - 8
core   0: 3 0x80012552 (0xbfe5)
core   0: 0x8001254a (0x00001f17) auipc   t5, 0x1
core   0: 3 0x8001254a (0x00001f17) x30 0x8001354a
core   0: 0x8001254e (0xaa3f2b23) sw      gp, -1354(t5)
core   0: 3 0x8001254e (0xaa3f2b23) mem 0x80013000 0x00000001
core   0: 0x80012552 (0x0000bfe5) c.j     pc - 8
core   0: 3 0x80012552 (0xbfe5)
core   0: 0x8001254a (0x00001f17) auipc   t5, 0x1
core   0: 3 0x8001254a (0x00001f17) x30 0x8001354a
core   0: 0x8001254e (0xaa3f2b23) sw      gp, -1354(t5)
core   0: 3 0x8001254e (0xaa3f2b23) mem 0x80013000 0x00000001
core   0: 0x80012552 (0x0000bfe5) c.j     pc - 8
core   0: 3 0x80012552 (0xbfe5)
core   0: 0x8001254a (0x00001f17) auipc   t5, 0x1
core   0: 3 0x8001254a (0x00001f17) x30 0x8001354a
core   0: 0x8001254e (0xaa3f2b23) sw      gp, -1354(t5)
core   0: 3 0x8001254e (0xaa3f2b23) mem 0x80013000 0x00000001
core   0: 0x80012552 (0x0000bfe5) c.j     pc - 8
core   0: 3 0x80012552 (0xbfe5)
core   0: 0x8001254a (0x00001f17) auipc   t5, 0x1
core   0: 3 0x8001254a (0x00001f17) x30 0x8001354a
core   0: 0x8001254e (0xaa3f2b23) sw      gp, -1354(t5)
core   0: 3 0x8001254e (0xaa3f2b23) mem 0x80013000 0x00000001
core   0: 0x80012552 (0x0000bfe5) c.j     pc - 8
core   0: 3 0x80012552 (0xbfe5)
core   0: 0x8001254a (0x00001f17) auipc   t5, 0x1
core   0: 3 0x8001254a (0x00001f17) x30 0x8001354a
core   0: 0x8001254e (0xaa3f2b23) sw      gp, -1354(t5)
core   0: 3 0x8001254e (0xaa3f2b23) mem 0x80013000 0x00000001
core   0: 0x80012552 (0x0000bfe5) c.j     pc - 8
core   0: 3 0x80012552 (0xbfe5)
core   0: 0x8001254a (0x00001f17) auipc   t5, 0x1
core   0: 3 0x8001254a (0x00001f17) x30 0x8001354a
core   0: 0x8001254e (0xaa3f2b23) sw      gp, -1354(t5)
core   0: 3 0x8001254e (0xaa3f2b23) mem 0x80013000 0x00000001
core   0: 0x80012552 (0x0000bfe5) c.j     pc - 8
core   0: 3 0x80012552 (0xbfe5)
core   0: 0x8001254a (0x00001f17) auipc   t5, 0x1
core   0: 3 0x8001254a (0x00001f17) x30 0x8001354a
core   0: 0x8001254e (0xaa3f2b23) sw      gp, -1354(t5)
core   0: 3 0x8001254e (0xaa3f2b23) mem 0x80013000 0x00000001
core   0: 0x80012552 (0x0000bfe5) c.j     pc - 8
core   0: 3 0x80012552 (0xbfe5)
core   0: 0x8001254a (0x00001f17) auipc   t5, 0x1
core   0: 3 0x8001254a (0x00001f17) x30 0x8001354a
core   0: 0x8001254e (0xaa3f2b23) sw      gp, -1354(t5)
core   0: 3 0x8001254e (0xaa3f2b23) mem 0x80013000 0x00000001
core   0: 0x80012552 (0x0000bfe5) c.j     pc - 8
core   0: 3 0x80012552 (0xbfe5)
core   0: 0x8001254a (0x00001f17) auipc   t5, 0x1
core   0: 3 0x8001254a (0x00001f17) x30 0x8001354a
core   0: 0x8001254e (0xaa3f2b23) sw      gp, -1354(t5)
core   0: 3 0x8001254e (0xaa3f2b23) mem 0x80013000 0x00000001
core   0: 0x80012552 (0x0000bfe5) c.j     pc - 8
core   0: 3 0x80012552 (0xbfe5)
core   0: 0x8001254a (0x00001f17) auipc   t5, 0x1
core   0: 3 0x8001254a (0x00001f17) x30 0x8001354a
core   0: 0x8001254e (0xaa3f2b23) sw      gp, -1354(t5)
core   0: 3 0x8001254e (0xaa3f2b23) mem 0x80013000 0x00000001
core   0: 0x80012552 (0x0000bfe5) c.j     pc - 8
core   0: 3 0x80012552 (0xbfe5)
core   0: 0x8001254a (0x00001f17) auipc   t5, 0x1
core   0: 3 0x8001254a (0x00001f17) x30 0x8001354a
core   0: 0x8001254e (0xaa3f2b23) sw      gp, -1354(t5)
core   0: 3 0x8001254e (0xaa3f2b23) mem 0x80013000 0x00000001
core   0: 0x80012552 (0x0000bfe5) c.j     pc - 8
core   0: 3 0x80012552 (0xbfe5)
core   0: 0x8001254a (0x00001f17) auipc   t5, 0x1
core   0: 3 0x8001254a (0x00001f17) x30 0x8001354a
core   0: 0x8001254e (0xaa3f2b23) sw      gp, -1354(t5)
core   0: 3 0x8001254e (0xaa3f2b23) mem 0x80013000 0x00000001
core   0: 0x80012552 (0x0000bfe5) c.j     pc - 8
core   0: 3 0x80012552 (0xbfe5)
core   0: 0x8001254a (0x00001f17) auipc   t5, 0x1
core   0: 3 0x8001254a (0x00001f17) x30 0x8001354a
core   0: 0x8001254e (0xaa3f2b23) sw      gp, -1354(t5)
core   0: 3 0x8001254e (0xaa3f2b23) mem 0x80013000 0x00000001
core   0: 0x80012552 (0x0000bfe5) c.j     pc - 8
core   0: 3 0x80012552 (0xbfe5)
core   0: 0x8001254a (0x00001f17) auipc   t5, 0x1
core   0: 3 0x8001254a (0x00001f17) x30 0x8001354a
core   0: 0x8001254e (0xaa3f2b23) sw      gp, -1354(t5)
core   0: 3 0x8001254e (0xaa3f2b23) mem 0x80013000 0x00000001
core   0: 0x80012552 (0x0000bfe5) c.j     pc - 8
core   0: 3 0x80012552 (0xbfe5)
core   0: 0x8001254a (0x00001f17) auipc   t5, 0x1
core   0: 3 0x8001254a (0x00001f17) x30 0x8001354a
core   0: 0x8001254e (0xaa3f2b23) sw      gp, -1354(t5)
core   0: 3 0x8001254e (0xaa3f2b23) mem 0x80013000 0x00000001
core   0: 0x80012552 (0x0000bfe5) c.j     pc - 8
core   0: 3 0x80012552 (0xbfe5)
core   0: 0x8001254a (0x00001f17) auipc   t5, 0x1
core   0: 3 0x8001254a (0x00001f17) x30 0x8001354a
core   0: 0x8001254e (0xaa3f2b23) sw      gp, -1354(t5)
core   0: 3 0x8001254e (0xaa3f2b23) mem 0x80013000 0x00000001
core   0: 0x80012552 (0x0000bfe5) c.j     pc - 8
core   0: 3 0x80012552 (0xbfe5)
core   0: 0x8001254a (0x00001f17) auipc   t5, 0x1
core   0: 3 0x8001254a (0x00001f17) x30 0x8001354a
core   0: 0x8001254e (0xaa3f2b23) sw      gp, -1354(t5)
core   0: 3 0x8001254e (0xaa3f2b23) mem 0x80013000 0x00000001
core   0: 0x80012552 (0x0000bfe5) c.j     pc - 8
core   0: 3 0x80012552 (0xbfe5)
core   0: 0x8001254a (0x00001f17) auipc   t5, 0x1
core   0: 3 0x8001254a (0x00001f17) x30 0x8001354a
core   0: 0x8001254e (0xaa3f2b23) sw      gp, -1354(t5)
core   0: 3 0x8001254e (0xaa3f2b23) mem 0x80013000 0x00000001
core   0: 0x80012552 (0x0000bfe5) c.j     pc - 8
core   0: 3 0x80012552 (0xbfe5)
core   0: 0x8001254a (0x00001f17) auipc   t5, 0x1
core   0: 3 0x8001254a (0x00001f17) x30 0x8001354a
core   0: 0x8001254e (0xaa3f2b23) sw      gp, -1354(t5)
core   0: 3 0x8001254e (0xaa3f2b23) mem 0x80013000 0x00000001
core   0: 0x80012552 (0x0000bfe5) c.j     pc - 8
core   0: 3 0x80012552 (0xbfe5)
core   0: 0x8001254a (0x00001f17) auipc   t5, 0x1
core   0: 3 0x8001254a (0x00001f17) x30 0x8001354a
core   0: 0x8001254e (0xaa3f2b23) sw      gp, -1354(t5)
core   0: 3 0x8001254e (0xaa3f2b23) mem 0x80013000 0x00000001
core   0: 0x80012552 (0x0000bfe5) c.j     pc - 8
core   0: 3 0x80012552 (0xbfe5)
core   0: 0x8001254a (0x00001f17) auipc   t5, 0x1
core   0: 3 0x8001254a (0x00001f17) x30 0x8001354a
core   0: 0x8001254e (0xaa3f2b23) sw      gp, -1354(t5)
core   0: 3 0x8001254e (0xaa3f2b23) mem 0x80013000 0x00000001
core   0: 0x80012552 (0x0000bfe5) c.j     pc - 8
core   0: 3 0x80012552 (0xbfe5)
core   0: 0x8001254a (0x00001f17) auipc   t5, 0x1
core   0: 3 0x8001254a (0x00001f17) x30 0x8001354a
core   0: 0x8001254e (0xaa3f2b23) sw      gp, -1354(t5)
core   0: 3 0x8001254e (0xaa3f2b23) mem 0x80013000 0x00000001
core   0: 0x80012552 (0x0000bfe5) c.j     pc - 8
core   0: 3 0x80012552 (0xbfe5)
core   0: 0x8001254a (0x00001f17) auipc   t5, 0x1
core   0: 3 0x8001254a (0x00001f17) x30 0x8001354a
core   0: 0x8001254e (0xaa3f2b23) sw      gp, -1354(t5)
core   0: 3 0x8001254e (0xaa3f2b23) mem 0x80013000 0x00000001
core   0: 0x80012552 (0x0000bfe5) c.j     pc - 8
core   0: 3 0x80012552 (0xbfe5)
core   0: 0x8001254a (0x00001f17) auipc   t5, 0x1
core   0: 3 0x8001254a (0x00001f17) x30 0x8001354a
core   0: 0x8001254e (0xaa3f2b23) sw      gp, -1354(t5)
core   0: 3 0x8001254e (0xaa3f2b23) mem 0x80013000 0x00000001
core   0: 0x80012552 (0x0000bfe5) c.j     pc - 8
core   0: 3 0x80012552 (0xbfe5)
core   0: 0x8001254a (0x00001f17) auipc   t5, 0x1
core   0: 3 0x8001254a (0x00001f17) x30 0x8001354a
core   0: 0x8001254e (0xaa3f2b23) sw      gp, -1354(t5)
core   0: 3 0x8001254e (0xaa3f2b23) mem 0x80013000 0x00000001
core   0: 0x80012552 (0x0000bfe5) c.j     pc - 8
core   0: 3 0x80012552 (0xbfe5)
core   0: 0x8001254a (0x00001f17) auipc   t5, 0x1
core   0: 3 0x8001254a (0x00001f17) x30 0x8001354a
core   0: 0x8001254e (0xaa3f2b23) sw      gp, -1354(t5)
core   0: 3 0x8001254e (0xaa3f2b23) mem 0x80013000 0x00000001
core   0: 0x80012552 (0x0000bfe5) c.j     pc - 8
core   0: 3 0x80012552 (0xbfe5)
core   0: 0x8001254a (0x00001f17) auipc   t5, 0x1
core   0: 3 0x8001254a (0x00001f17) x30 0x8001354a
core   0: 0x8001254e (0xaa3f2b23) sw      gp, -1354(t5)
core   0: 3 0x8001254e (0xaa3f2b23) mem 0x80013000 0x00000001
core   0: 0x80012552 (0x0000bfe5) c.j     pc - 8
core   0: 3 0x80012552 (0xbfe5)
core   0: 0x8001254a (0x00001f17) auipc   t5, 0x1
core   0: 3 0x8001254a (0x00001f17) x30 0x8001354a
core   0: 0x8001254e (0xaa3f2b23) sw      gp, -1354(t5)
core   0: 3 0x8001254e (0xaa3f2b23) mem 0x80013000 0x00000001
core   0: 0x80012552 (0x0000bfe5) c.j     pc - 8
core   0: 3 0x80012552 (0xbfe5)
core   0: 0x8001254a (0x00001f17) auipc   t5, 0x1
core   0: 3 0x8001254a (0x00001f17) x30 0x8001354a
core   0: 0x8001254e (0xaa3f2b23) sw      gp, -1354(t5)
core   0: 3 0x8001254e (0xaa3f2b23) mem 0x80013000 0x00000001
core   0: 0x80012552 (0x0000bfe5) c.j     pc - 8
core   0: 3 0x80012552 (0xbfe5)
core   0: 0x8001254a (0x00001f17) auipc   t5, 0x1
core   0: 3 0x8001254a (0x00001f17) x30 0x8001354a
core   0: 0x8001254e (0xaa3f2b23) sw      gp, -1354(t5)
core   0: 3 0x8001254e (0xaa3f2b23) mem 0x80013000 0x00000001
core   0: 0x80012552 (0x0000bfe5) c.j     pc - 8
core   0: 3 0x80012552 (0xbfe5)
core   0: 0x8001254a (0x00001f17) auipc   t5, 0x1
core   0: 3 0x8001254a (0x00001f17) x30 0x8001354a
core   0: 0x8001254e (0xaa3f2b23) sw      gp, -1354(t5)
core   0: 3 0x8001254e (0xaa3f2b23) mem 0x80013000 0x00000001
core   0: 0x80012552 (0x0000bfe5) c.j     pc - 8
core   0: 3 0x80012552 (0xbfe5)
core   0: 0x8001254a (0x00001f17) auipc   t5, 0x1
core   0: 3 0x8001254a (0x00001f17) x30 0x8001354a
core   0: 0x8001254e (0xaa3f2b23) sw      gp, -1354(t5)
core   0: 3 0x8001254e (0xaa3f2b23) mem 0x80013000 0x00000001
core   0: 0x80012552 (0x0000bfe5) c.j     pc - 8
core   0: 3 0x80012552 (0xbfe5)
core   0: 0x8001254a (0x00001f17) auipc   t5, 0x1
core   0: 3 0x8001254a (0x00001f17) x30 0x8001354a
core   0: 0x8001254e (0xaa3f2b23) sw      gp, -1354(t5)
core   0: 3 0x8001254e (0xaa3f2b23) mem 0x80013000 0x00000001
core   0: 0x80012552 (0x0000bfe5) c.j     pc - 8
core   0: 3 0x80012552 (0xbfe5)
core   0: 0x8001254a (0x00001f17) auipc   t5, 0x1
core   0: 3 0x8001254a (0x00001f17) x30 0x8001354a
core   0: 0x8001254e (0xaa3f2b23) sw      gp, -1354(t5)
core   0: 3 0x8001254e (0xaa3f2b23) mem 0x80013000 0x00000001
core   0: 0x80012552 (0x0000bfe5) c.j     pc - 8
core   0: 3 0x80012552 (0xbfe5)
core   0: 0x8001254a (0x00001f17) auipc   t5, 0x1
core   0: 3 0x8001254a (0x00001f17) x30 0x8001354a
core   0: 0x8001254e (0xaa3f2b23) sw      gp, -1354(t5)
core   0: 3 0x8001254e (0xaa3f2b23) mem 0x80013000 0x00000001
core   0: 0x80012552 (0x0000bfe5) c.j     pc - 8
core   0: 3 0x80012552 (0xbfe5)
core   0: 0x8001254a (0x00001f17) auipc   t5, 0x1
core   0: 3 0x8001254a (0x00001f17) x30 0x8001354a
core   0: 0x8001254e (0xaa3f2b23) sw      gp, -1354(t5)
core   0: 3 0x8001254e (0xaa3f2b23) mem 0x80013000 0x00000001
core   0: 0x80012552 (0x0000bfe5) c.j     pc - 8
core   0: 3 0x80012552 (0xbfe5)
core   0: 0x8001254a (0x00001f17) auipc   t5, 0x1
core   0: 3 0x8001254a (0x00001f17) x30 0x8001354a
core   0: 0x8001254e (0xaa3f2b23) sw      gp, -1354(t5)
core   0: 3 0x8001254e (0xaa3f2b23) mem 0x80013000 0x00000001
core   0: 0x80012552 (0x0000bfe5) c.j     pc - 8
core   0: 3 0x80012552 (0xbfe5)
core   0: 0x8001254a (0x00001f17) auipc   t5, 0x1
core   0: 3 0x8001254a (0x00001f17) x30 0x8001354a
core   0: 0x8001254e (0xaa3f2b23) sw      gp, -1354(t5)
core   0: 3 0x8001254e (0xaa3f2b23) mem 0x80013000 0x00000001
core   0: 0x80012552 (0x0000bfe5) c.j     pc - 8
core   0: 3 0x80012552 (0xbfe5)
core   0: 0x8001254a (0x00001f17) auipc   t5, 0x1
core   0: 3 0x8001254a (0x00001f17) x30 0x8001354a
core   0: 0x8001254e (0xaa3f2b23) sw      gp, -1354(t5)
core   0: 3 0x8001254e (0xaa3f2b23) mem 0x80013000 0x00000001
core   0: 0x80012552 (0x0000bfe5) c.j     pc - 8
core   0: 3 0x80012552 (0xbfe5)
core   0: 0x8001254a (0x00001f17) auipc   t5, 0x1
core   0: 3 0x8001254a (0x00001f17) x30 0x8001354a
core   0: 0x8001254e (0xaa3f2b23) sw      gp, -1354(t5)
core   0: 3 0x8001254e (0xaa3f2b23) mem 0x80013000 0x00000001
core   0: 0x80012552 (0x0000bfe5) c.j     pc - 8
core   0: 3 0x80012552 (0xbfe5)
core   0: 0x8001254a (0x00001f17) auipc   t5, 0x1
core   0: 3 0x8001254a (0x00001f17) x30 0x8001354a
core   0: 0x8001254e (0xaa3f2b23) sw      gp, -1354(t5)
core   0: 3 0x8001254e (0xaa3f2b23) mem 0x80013000 0x00000001
core   0: 0x80012552 (0x0000bfe5) c.j     pc - 8
core   0: 3 0x80012552 (0xbfe5)
core   0: 0x8001254a (0x00001f17) auipc   t5, 0x1
core   0: 3 0x8001254a (0x00001f17) x30 0x8001354a
core   0: 0x8001254e (0xaa3f2b23) sw      gp, -1354(t5)
core   0: 3 0x8001254e (0xaa3f2b23) mem 0x80013000 0x00000001
core   0: 0x80012552 (0x0000bfe5) c.j     pc - 8
core   0: 3 0x80012552 (0xbfe5)
core   0: 0x8001254a (0x00001f17) auipc   t5, 0x1
core   0: 3 0x8001254a (0x00001f17) x30 0x8001354a
core   0: 0x8001254e (0xaa3f2b23) sw      gp, -1354(t5)
core   0: 3 0x8001254e (0xaa3f2b23) mem 0x80013000 0x00000001
core   0: 0x80012552 (0x0000bfe5) c.j     pc - 8
core   0: 3 0x80012552 (0xbfe5)
core   0: 0x8001254a (0x00001f17) auipc   t5, 0x1
core   0: 3 0x8001254a (0x00001f17) x30 0x8001354a
core   0: 0x8001254e (0xaa3f2b23) sw      gp, -1354(t5)
core   0: 3 0x8001254e (0xaa3f2b23) mem 0x80013000 0x00000001
core   0: 0x80012552 (0x0000bfe5) c.j     pc - 8
core   0: 3 0x80012552 (0xbfe5)
core   0: 0x8001254a (0x00001f17) auipc   t5, 0x1
core   0: 3 0x8001254a (0x00001f17) x30 0x8001354a
core   0: 0x8001254e (0xaa3f2b23) sw      gp, -1354(t5)
core   0: 3 0x8001254e (0xaa3f2b23) mem 0x80013000 0x00000001
core   0: 0x80012552 (0x0000bfe5) c.j     pc - 8
core   0: 3 0x80012552 (0xbfe5)
core   0: 0x8001254a (0x00001f17) auipc   t5, 0x1
core   0: 3 0x8001254a (0x00001f17) x30 0x8001354a
core   0: 0x8001254e (0xaa3f2b23) sw      gp, -1354(t5)
core   0: 3 0x8001254e (0xaa3f2b23) mem 0x80013000 0x00000001
core   0: 0x80012552 (0x0000bfe5) c.j     pc - 8
core   0: 3 0x80012552 (0xbfe5)
core   0: 0x8001254a (0x00001f17) auipc   t5, 0x1
core   0: 3 0x8001254a (0x00001f17) x30 0x8001354a
core   0: 0x8001254e (0xaa3f2b23) sw      gp, -1354(t5)
core   0: 3 0x8001254e (0xaa3f2b23) mem 0x80013000 0x00000001
core   0: 0x80012552 (0x0000bfe5) c.j     pc - 8
core   0: 3 0x80012552 (0xbfe5)
core   0: 0x8001254a (0x00001f17) auipc   t5, 0x1
core   0: 3 0x8001254a (0x00001f17) x30 0x8001354a
core   0: 0x8001254e (0xaa3f2b23) sw      gp, -1354(t5)
core   0: 3 0x8001254e (0xaa3f2b23) mem 0x80013000 0x00000001
core   0: 0x80012552 (0x0000bfe5) c.j     pc - 8
core   0: 3 0x80012552 (0xbfe5)
core   0: 0x8001254a (0x00001f17) auipc   t5, 0x1
core   0: 3 0x8001254a (0x00001f17) x30 0x8001354a
core   0: 0x8001254e (0xaa3f2b23) sw      gp, -1354(t5)
core   0: 3 0x8001254e (0xaa3f2b23) mem 0x80013000 0x00000001
core   0: 0x80012552 (0x0000bfe5) c.j     pc - 8
core   0: 3 0x80012552 (0xbfe5)
core   0: 0x8001254a (0x00001f17) auipc   t5, 0x1
core   0: 3 0x8001254a (0x00001f17) x30 0x8001354a
core   0: 0x8001254e (0xaa3f2b23) sw      gp, -1354(t5)
core   0: 3 0x8001254e (0xaa3f2b23) mem 0x80013000 0x00000001
core   0: 0x80012552 (0x0000bfe5) c.j     pc - 8
core   0: 3 0x80012552 (0xbfe5)
core   0: 0x8001254a (0x00001f17) auipc   t5, 0x1
core   0: 3 0x8001254a (0x00001f17) x30 0x8001354a
core   0: 0x8001254e (0xaa3f2b23) sw      gp, -1354(t5)
core   0: 3 0x8001254e (0xaa3f2b23) mem 0x80013000 0x00000001
core   0: 0x80012552 (0x0000bfe5) c.j     pc - 8
core   0: 3 0x80012552 (0xbfe5)
core   0: 0x8001254a (0x00001f17) auipc   t5, 0x1
core   0: 3 0x8001254a (0x00001f17) x30 0x8001354a
core   0: 0x8001254e (0xaa3f2b23) sw      gp, -1354(t5)
core   0: 3 0x8001254e (0xaa3f2b23) mem 0x80013000 0x00000001
core   0: 0x80012552 (0x0000bfe5) c.j     pc - 8
core   0: 3 0x80012552 (0xbfe5)
core   0: 0x8001254a (0x00001f17) auipc   t5, 0x1
core   0: 3 0x8001254a (0x00001f17) x30 0x8001354a
core   0: 0x8001254e (0xaa3f2b23) sw      gp, -1354(t5)
core   0: 3 0x8001254e (0xaa3f2b23) mem 0x80013000 0x00000001
core   0: 0x80012552 (0x0000bfe5) c.j     pc - 8
core   0: 3 0x80012552 (0xbfe5)
core   0: 0x8001254a (0x00001f17) auipc   t5, 0x1
core   0: 3 0x8001254a (0x00001f17) x30 0x8001354a
core   0: 0x8001254e (0xaa3f2b23) sw      gp, -1354(t5)
core   0: 3 0x8001254e (0xaa3f2b23) mem 0x80013000 0x00000001
core   0: 0x80012552 (0x0000bfe5) c.j     pc - 8
core   0: 3 0x80012552 (0xbfe5)
core   0: 0x8001254a (0x00001f17) auipc   t5, 0x1
core   0: 3 0x8001254a (0x00001f17) x30 0x8001354a
core   0: 0x8001254e (0xaa3f2b23) sw      gp, -1354(t5)
core   0: 3 0x8001254e (0xaa3f2b23) mem 0x80013000 0x00000001
core   0: 0x80012552 (0x0000bfe5) c.j     pc - 8
core   0: 3 0x80012552 (0xbfe5)
core   0: 0x8001254a (0x00001f17) auipc   t5, 0x1
core   0: 3 0x8001254a (0x00001f17) x30 0x8001354a
core   0: 0x8001254e (0xaa3f2b23) sw      gp, -1354(t5)
core   0: 3 0x8001254e (0xaa3f2b23) mem 0x80013000 0x00000001
core   0: 0x80012552 (0x0000bfe5) c.j     pc - 8
core   0: 3 0x80012552 (0xbfe5)
core   0: 0x8001254a (0x00001f17) auipc   t5, 0x1
core   0: 3 0x8001254a (0x00001f17) x30 0x8001354a
core   0: 0x8001254e (0xaa3f2b23) sw      gp, -1354(t5)
core   0: 3 0x8001254e (0xaa3f2b23) mem 0x80013000 0x00000001
core   0: 0x80012552 (0x0000bfe5) c.j     pc - 8
core   0: 3 0x80012552 (0xbfe5)
core   0: 0x8001254a (0x00001f17) auipc   t5, 0x1
core   0: 3 0x8001254a (0x00001f17) x30 0x8001354a
core   0: 0x8001254e (0xaa3f2b23) sw      gp, -1354(t5)
core   0: 3 0x8001254e (0xaa3f2b23) mem 0x80013000 0x00000001
core   0: 0x80012552 (0x0000bfe5) c.j     pc - 8
core   0: 3 0x80012552 (0xbfe5)
core   0: 0x8001254a (0x00001f17) auipc   t5, 0x1
core   0: 3 0x8001254a (0x00001f17) x30 0x8001354a
core   0: 0x8001254e (0xaa3f2b23) sw      gp, -1354(t5)
core   0: 3 0x8001254e (0xaa3f2b23) mem 0x80013000 0x00000001
core   0: 0x80012552 (0x0000bfe5) c.j     pc - 8
core   0: 3 0x80012552 (0xbfe5)
core   0: 0x8001254a (0x00001f17) auipc   t5, 0x1
core   0: 3 0x8001254a (0x00001f17) x30 0x8001354a
core   0: 0x8001254e (0xaa3f2b23) sw      gp, -1354(t5)
core   0: 3 0x8001254e (0xaa3f2b23) mem 0x80013000 0x00000001
core   0: 0x80012552 (0x0000bfe5) c.j     pc - 8
core   0: 3 0x80012552 (0xbfe5)
core   0: 0x8001254a (0x00001f17) auipc   t5, 0x1
core   0: 3 0x8001254a (0x00001f17) x30 0x8001354a
core   0: 0x8001254e (0xaa3f2b23) sw      gp, -1354(t5)
core   0: 3 0x8001254e (0xaa3f2b23) mem 0x80013000 0x00000001
core   0: 0x80012552 (0x0000bfe5) c.j     pc - 8
core   0: 3 0x80012552 (0xbfe5)
core   0: 0x8001254a (0x00001f17) auipc   t5, 0x1
core   0: 3 0x8001254a (0x00001f17) x30 0x8001354a
core   0: 0x8001254e (0xaa3f2b23) sw      gp, -1354(t5)
core   0: 3 0x8001254e (0xaa3f2b23) mem 0x80013000 0x00000001
core   0: 0x80012552 (0x0000bfe5) c.j     pc - 8
core   0: 3 0x80012552 (0xbfe5)
core   0: 0x8001254a (0x00001f17) auipc   t5, 0x1
core   0: 3 0x8001254a (0x00001f17) x30 0x8001354a
core   0: 0x8001254e (0xaa3f2b23) sw      gp, -1354(t5)
core   0: 3 0x8001254e (0xaa3f2b23) mem 0x80013000 0x00000001
core   0: 0x80012552 (0x0000bfe5) c.j     pc - 8
core   0: 3 0x80012552 (0xbfe5)
core   0: 0x8001254a (0x00001f17) auipc   t5, 0x1
core   0: 3 0x8001254a (0x00001f17) x30 0x8001354a
core   0: 0x8001254e (0xaa3f2b23) sw      gp, -1354(t5)
core   0: 3 0x8001254e (0xaa3f2b23) mem 0x80013000 0x00000001
core   0: 0x80012552 (0x0000bfe5) c.j     pc - 8
core   0: 3 0x80012552 (0xbfe5)
core   0: 0x8001254a (0x00001f17) auipc   t5, 0x1
core   0: 3 0x8001254a (0x00001f17) x30 0x8001354a
core   0: 0x8001254e (0xaa3f2b23) sw      gp, -1354(t5)
core   0: 3 0x8001254e (0xaa3f2b23) mem 0x80013000 0x00000001
core   0: 0x80012552 (0x0000bfe5) c.j     pc - 8
core   0: 3 0x80012552 (0xbfe5)
core   0: 0x8001254a (0x00001f17) auipc   t5, 0x1
core   0: 3 0x8001254a (0x00001f17) x30 0x8001354a
core   0: 0x8001254e (0xaa3f2b23) sw      gp, -1354(t5)
core   0: 3 0x8001254e (0xaa3f2b23) mem 0x80013000 0x00000001
core   0: 0x80012552 (0x0000bfe5) c.j     pc - 8
core   0: 3 0x80012552 (0xbfe5)
core   0: 0x8001254a (0x00001f17) auipc   t5, 0x1
core   0: 3 0x8001254a (0x00001f17) x30 0x8001354a
core   0: 0x8001254e (0xaa3f2b23) sw      gp, -1354(t5)
core   0: 3 0x8001254e (0xaa3f2b23) mem 0x80013000 0x00000001
core   0: 0x80012552 (0x0000bfe5) c.j     pc - 8
core   0: 3 0x80012552 (0xbfe5)
core   0: 0x8001254a (0x00001f17) auipc   t5, 0x1
core   0: 3 0x8001254a (0x00001f17) x30 0x8001354a
core   0: 0x8001254e (0xaa3f2b23) sw      gp, -1354(t5)
core   0: 3 0x8001254e (0xaa3f2b23) mem 0x80013000 0x00000001
core   0: 0x80012552 (0x0000bfe5) c.j     pc - 8
core   0: 3 0x80012552 (0xbfe5)
core   0: 0x8001254a (0x00001f17) auipc   t5, 0x1
core   0: 3 0x8001254a (0x00001f17) x30 0x8001354a
core   0: 0x8001254e (0xaa3f2b23) sw      gp, -1354(t5)
core   0: 3 0x8001254e (0xaa3f2b23) mem 0x80013000 0x00000001
core   0: 0x80012552 (0x0000bfe5) c.j     pc - 8
core   0: 3 0x80012552 (0xbfe5)
core   0: 0x8001254a (0x00001f17) auipc   t5, 0x1
core   0: 3 0x8001254a (0x00001f17) x30 0x8001354a
core   0: 0x8001254e (0xaa3f2b23) sw      gp, -1354(t5)
core   0: 3 0x8001254e (0xaa3f2b23) mem 0x80013000 0x00000001
core   0: 0x80012552 (0x0000bfe5) c.j     pc - 8
core   0: 3 0x80012552 (0xbfe5)
core   0: 0x8001254a (0x00001f17) auipc   t5, 0x1
core   0: 3 0x8001254a (0x00001f17) x30 0x8001354a
core   0: 0x8001254e (0xaa3f2b23) sw      gp, -1354(t5)
core   0: 3 0x8001254e (0xaa3f2b23) mem 0x80013000 0x00000001
core   0: 0x80012552 (0x0000bfe5) c.j     pc - 8
core   0: 3 0x80012552 (0xbfe5)
core   0: 0x8001254a (0x00001f17) auipc   t5, 0x1
core   0: 3 0x8001254a (0x00001f17) x30 0x8001354a
core   0: 0x8001254e (0xaa3f2b23) sw      gp, -1354(t5)
core   0: 3 0x8001254e (0xaa3f2b23) mem 0x80013000 0x00000001
core   0: 0x80012552 (0x0000bfe5) c.j     pc - 8
core   0: 3 0x80012552 (0xbfe5)
core   0: 0x8001254a (0x00001f17) auipc   t5, 0x1
core   0: 3 0x8001254a (0x00001f17) x30 0x8001354a
core   0: 0x8001254e (0xaa3f2b23) sw      gp, -1354(t5)
core   0: 3 0x8001254e (0xaa3f2b23) mem 0x80013000 0x00000001
core   0: 0x80012552 (0x0000bfe5) c.j     pc - 8
core   0: 3 0x80012552 (0xbfe5)
core   0: 0x8001254a (0x00001f17) auipc   t5, 0x1
core   0: 3 0x8001254a (0x00001f17) x30 0x8001354a
core   0: 0x8001254e (0xaa3f2b23) sw      gp, -1354(t5)
core   0: 3 0x8001254e (0xaa3f2b23) mem 0x80013000 0x00000001
core   0: 0x80012552 (0x0000bfe5) c.j     pc - 8
core   0: 3 0x80012552 (0xbfe5)
core   0: 0x8001254a (0x00001f17) auipc   t5, 0x1
core   0: 3 0x8001254a (0x00001f17) x30 0x8001354a
core   0: 0x8001254e (0xaa3f2b23) sw      gp, -1354(t5)
core   0: 3 0x8001254e (0xaa3f2b23) mem 0x80013000 0x00000001
core   0: 0x80012552 (0x0000bfe5) c.j     pc - 8
core   0: 3 0x80012552 (0xbfe5)
core   0: 0x8001254a (0x00001f17) auipc   t5, 0x1
core   0: 3 0x8001254a (0x00001f17) x30 0x8001354a
core   0: 0x8001254e (0xaa3f2b23) sw      gp, -1354(t5)
core   0: 3 0x8001254e (0xaa3f2b23) mem 0x80013000 0x00000001
core   0: 0x80012552 (0x0000bfe5) c.j     pc - 8
core   0: 3 0x80012552 (0xbfe5)
core   0: 0x8001254a (0x00001f17) auipc   t5, 0x1
core   0: 3 0x8001254a (0x00001f17) x30 0x8001354a
core   0: 0x8001254e (0xaa3f2b23) sw      gp, -1354(t5)
core   0: 3 0x8001254e (0xaa3f2b23) mem 0x80013000 0x00000001
core   0: 0x80012552 (0x0000bfe5) c.j     pc - 8
core   0: 3 0x80012552 (0xbfe5)
core   0: 0x8001254a (0x00001f17) auipc   t5, 0x1
core   0: 3 0x8001254a (0x00001f17) x30 0x8001354a
core   0: 0x8001254e (0xaa3f2b23) sw      gp, -1354(t5)
core   0: 3 0x8001254e (0xaa3f2b23) mem 0x80013000 0x00000001
core   0: 0x80012552 (0x0000bfe5) c.j     pc - 8
core   0: 3 0x80012552 (0xbfe5)
core   0: 0x8001254a (0x00001f17) auipc   t5, 0x1
core   0: 3 0x8001254a (0x00001f17) x30 0x8001354a
core   0: 0x8001254e (0xaa3f2b23) sw      gp, -1354(t5)
core   0: 3 0x8001254e (0xaa3f2b23) mem 0x80013000 0x00000001
core   0: 0x80012552 (0x0000bfe5) c.j     pc - 8
core   0: 3 0x80012552 (0xbfe5)
core   0: 0x8001254a (0x00001f17) auipc   t5, 0x1
core   0: 3 0x8001254a (0x00001f17) x30 0x8001354a
core   0: 0x8001254e (0xaa3f2b23) sw      gp, -1354(t5)
core   0: 3 0x8001254e (0xaa3f2b23) mem 0x80013000 0x00000001
core   0: 0x80012552 (0x0000bfe5) c.j     pc - 8
core   0: 3 0x80012552 (0xbfe5)
core   0: 0x8001254a (0x00001f17) auipc   t5, 0x1
core   0: 3 0x8001254a (0x00001f17) x30 0x8001354a
core   0: 0x8001254e (0xaa3f2b23) sw      gp, -1354(t5)
core   0: 3 0x8001254e (0xaa3f2b23) mem 0x80013000 0x00000001
core   0: 0x80012552 (0x0000bfe5) c.j     pc - 8
core   0: 3 0x80012552 (0xbfe5)
core   0: 0x8001254a (0x00001f17) auipc   t5, 0x1
core   0: 3 0x8001254a (0x00001f17) x30 0x8001354a
core   0: 0x8001254e (0xaa3f2b23) sw      gp, -1354(t5)
core   0: 3 0x8001254e (0xaa3f2b23) mem 0x80013000 0x00000001
core   0: 0x80012552 (0x0000bfe5) c.j     pc - 8
core   0: 3 0x80012552 (0xbfe5)
core   0: 0x8001254a (0x00001f17) auipc   t5, 0x1
core   0: 3 0x8001254a (0x00001f17) x30 0x8001354a
core   0: 0x8001254e (0xaa3f2b23) sw      gp, -1354(t5)
core   0: 3 0x8001254e (0xaa3f2b23) mem 0x80013000 0x00000001
core   0: 0x80012552 (0x0000bfe5) c.j     pc - 8
core   0: 3 0x80012552 (0xbfe5)
core   0: 0x8001254a (0x00001f17) auipc   t5, 0x1
core   0: 3 0x8001254a (0x00001f17) x30 0x8001354a
core   0: 0x8001254e (0xaa3f2b23) sw      gp, -1354(t5)
core   0: 3 0x8001254e (0xaa3f2b23) mem 0x80013000 0x00000001
core   0: 0x80012552 (0x0000bfe5) c.j     pc - 8
core   0: 3 0x80012552 (0xbfe5)
core   0: 0x8001254a (0x00001f17) auipc   t5, 0x1
core   0: 3 0x8001254a (0x00001f17) x30 0x8001354a
core   0: 0x8001254e (0xaa3f2b23) sw      gp, -1354(t5)
core   0: 3 0x8001254e (0xaa3f2b23) mem 0x80013000 0x00000001
core   0: 0x80012552 (0x0000bfe5) c.j     pc - 8
core   0: 3 0x80012552 (0xbfe5)
core   0: 0x8001254a (0x00001f17) auipc   t5, 0x1
core   0: 3 0x8001254a (0x00001f17) x30 0x8001354a
core   0: 0x8001254e (0xaa3f2b23) sw      gp, -1354(t5)
core   0: 3 0x8001254e (0xaa3f2b23) mem 0x80013000 0x00000001
core   0: 0x80012552 (0x0000bfe5) c.j     pc - 8
core   0: 3 0x80012552 (0xbfe5)
core   0: 0x8001254a (0x00001f17) auipc   t5, 0x1
core   0: 3 0x8001254a (0x00001f17) x30 0x8001354a
core   0: 0x8001254e (0xaa3f2b23) sw      gp, -1354(t5)
core   0: 3 0x8001254e (0xaa3f2b23) mem 0x80013000 0x00000001
core   0: 0x80012552 (0x0000bfe5) c.j     pc - 8
core   0: 3 0x80012552 (0xbfe5)
core   0: 0x8001254a (0x00001f17) auipc   t5, 0x1
core   0: 3 0x8001254a (0x00001f17) x30 0x8001354a
core   0: 0x8001254e (0xaa3f2b23) sw      gp, -1354(t5)
core   0: 3 0x8001254e (0xaa3f2b23) mem 0x80013000 0x00000001
core   0: 0x80012552 (0x0000bfe5) c.j     pc - 8
core   0: 3 0x80012552 (0xbfe5)
core   0: 0x8001254a (0x00001f17) auipc   t5, 0x1
core   0: 3 0x8001254a (0x00001f17) x30 0x8001354a
core   0: 0x8001254e (0xaa3f2b23) sw      gp, -1354(t5)
core   0: 3 0x8001254e (0xaa3f2b23) mem 0x80013000 0x00000001
core   0: 0x80012552 (0x0000bfe5) c.j     pc - 8
core   0: 3 0x80012552 (0xbfe5)
core   0: 0x8001254a (0x00001f17) auipc   t5, 0x1
core   0: 3 0x8001254a (0x00001f17) x30 0x8001354a
core   0: 0x8001254e (0xaa3f2b23) sw      gp, -1354(t5)
core   0: 3 0x8001254e (0xaa3f2b23) mem 0x80013000 0x00000001
core   0: 0x80012552 (0x0000bfe5) c.j     pc - 8
core   0: 3 0x80012552 (0xbfe5)
core   0: 0x8001254a (0x00001f17) auipc   t5, 0x1
core   0: 3 0x8001254a (0x00001f17) x30 0x8001354a
core   0: 0x8001254e (0xaa3f2b23) sw      gp, -1354(t5)
core   0: 3 0x8001254e (0xaa3f2b23) mem 0x80013000 0x00000001
core   0: 0x80012552 (0x0000bfe5) c.j     pc - 8
core   0: 3 0x80012552 (0xbfe5)
core   0: 0x8001254a (0x00001f17) auipc   t5, 0x1
core   0: 3 0x8001254a (0x00001f17) x30 0x8001354a
core   0: 0x8001254e (0xaa3f2b23) sw      gp, -1354(t5)
core   0: 3 0x8001254e (0xaa3f2b23) mem 0x80013000 0x00000001
core   0: 0x80012552 (0x0000bfe5) c.j     pc - 8
core   0: 3 0x80012552 (0xbfe5)
core   0: 0x8001254a (0x00001f17) auipc   t5, 0x1
core   0: 3 0x8001254a (0x00001f17) x30 0x8001354a
core   0: 0x8001254e (0xaa3f2b23) sw      gp, -1354(t5)
core   0: 3 0x8001254e (0xaa3f2b23) mem 0x80013000 0x00000001
core   0: 0x80012552 (0x0000bfe5) c.j     pc - 8
core   0: 3 0x80012552 (0xbfe5)
core   0: 0x8001254a (0x00001f17) auipc   t5, 0x1
core   0: 3 0x8001254a (0x00001f17) x30 0x8001354a
core   0: 0x8001254e (0xaa3f2b23) sw      gp, -1354(t5)
core   0: 3 0x8001254e (0xaa3f2b23) mem 0x80013000 0x00000001
core   0: 0x80012552 (0x0000bfe5) c.j     pc - 8
core   0: 3 0x80012552 (0xbfe5)
core   0: 0x8001254a (0x00001f17) auipc   t5, 0x1
core   0: 3 0x8001254a (0x00001f17) x30 0x8001354a
core   0: 0x8001254e (0xaa3f2b23) sw      gp, -1354(t5)
core   0: 3 0x8001254e (0xaa3f2b23) mem 0x80013000 0x00000001
core   0: 0x80012552 (0x0000bfe5) c.j     pc - 8
core   0: 3 0x80012552 (0xbfe5)
core   0: 0x8001254a (0x00001f17) auipc   t5, 0x1
core   0: 3 0x8001254a (0x00001f17) x30 0x8001354a
core   0: 0x8001254e (0xaa3f2b23) sw      gp, -1354(t5)
core   0: 3 0x8001254e (0xaa3f2b23) mem 0x80013000 0x00000001
core   0: 0x80012552 (0x0000bfe5) c.j     pc - 8
core   0: 3 0x80012552 (0xbfe5)
core   0: 0x8001254a (0x00001f17) auipc   t5, 0x1
core   0: 3 0x8001254a (0x00001f17) x30 0x8001354a
core   0: 0x8001254e (0xaa3f2b23) sw      gp, -1354(t5)
core   0: 3 0x8001254e (0xaa3f2b23) mem 0x80013000 0x00000001
core   0: 0x80012552 (0x0000bfe5) c.j     pc - 8
core   0: 3 0x80012552 (0xbfe5)
core   0: 0x8001254a (0x00001f17) auipc   t5, 0x1
core   0: 3 0x8001254a (0x00001f17) x30 0x8001354a
core   0: 0x8001254e (0xaa3f2b23) sw      gp, -1354(t5)
core   0: 3 0x8001254e (0xaa3f2b23) mem 0x80013000 0x00000001
core   0: 0x80012552 (0x0000bfe5) c.j     pc - 8
core   0: 3 0x80012552 (0xbfe5)
core   0: 0x8001254a (0x00001f17) auipc   t5, 0x1
core   0: 3 0x8001254a (0x00001f17) x30 0x8001354a
core   0: 0x8001254e (0xaa3f2b23) sw      gp, -1354(t5)
core   0: 3 0x8001254e (0xaa3f2b23) mem 0x80013000 0x00000001
core   0: 0x80012552 (0x0000bfe5) c.j     pc - 8
core   0: 3 0x80012552 (0xbfe5)
core   0: 0x8001254a (0x00001f17) auipc   t5, 0x1
core   0: 3 0x8001254a (0x00001f17) x30 0x8001354a
core   0: 0x8001254e (0xaa3f2b23) sw      gp, -1354(t5)
core   0: 3 0x8001254e (0xaa3f2b23) mem 0x80013000 0x00000001
core   0: 0x80012552 (0x0000bfe5) c.j     pc - 8
core   0: 3 0x80012552 (0xbfe5)
core   0: 0x8001254a (0x00001f17) auipc   t5, 0x1
core   0: 3 0x8001254a (0x00001f17) x30 0x8001354a
core   0: 0x8001254e (0xaa3f2b23) sw      gp, -1354(t5)
core   0: 3 0x8001254e (0xaa3f2b23) mem 0x80013000 0x00000001
core   0: 0x80012552 (0x0000bfe5) c.j     pc - 8
core   0: 3 0x80012552 (0xbfe5)
core   0: 0x8001254a (0x00001f17) auipc   t5, 0x1
core   0: 3 0x8001254a (0x00001f17) x30 0x8001354a
core   0: 0x8001254e (0xaa3f2b23) sw      gp, -1354(t5)
core   0: 3 0x8001254e (0xaa3f2b23) mem 0x80013000 0x00000001
core   0: 0x80012552 (0x0000bfe5) c.j     pc - 8
core   0: 3 0x80012552 (0xbfe5)
core   0: 0x8001254a (0x00001f17) auipc   t5, 0x1
core   0: 3 0x8001254a (0x00001f17) x30 0x8001354a
core   0: 0x8001254e (0xaa3f2b23) sw      gp, -1354(t5)
core   0: 3 0x8001254e (0xaa3f2b23) mem 0x80013000 0x00000001
core   0: 0x80012552 (0x0000bfe5) c.j     pc - 8
core   0: 3 0x80012552 (0xbfe5)
core   0: 0x8001254a (0x00001f17) auipc   t5, 0x1
core   0: 3 0x8001254a (0x00001f17) x30 0x8001354a
core   0: 0x8001254e (0xaa3f2b23) sw      gp, -1354(t5)
core   0: 3 0x8001254e (0xaa3f2b23) mem 0x80013000 0x00000001
core   0: 0x80012552 (0x0000bfe5) c.j     pc - 8
core   0: 3 0x80012552 (0xbfe5)
core   0: 0x8001254a (0x00001f17) auipc   t5, 0x1
core   0: 3 0x8001254a (0x00001f17) x30 0x8001354a
core   0: 0x8001254e (0xaa3f2b23) sw      gp, -1354(t5)
core   0: 3 0x8001254e (0xaa3f2b23) mem 0x80013000 0x00000001
core   0: 0x80012552 (0x0000bfe5) c.j     pc - 8
core   0: 3 0x80012552 (0xbfe5)
core   0: 0x8001254a (0x00001f17) auipc   t5, 0x1
core   0: 3 0x8001254a (0x00001f17) x30 0x8001354a
core   0: 0x8001254e (0xaa3f2b23) sw      gp, -1354(t5)
core   0: 3 0x8001254e (0xaa3f2b23) mem 0x80013000 0x00000001
core   0: 0x80012552 (0x0000bfe5) c.j     pc - 8
core   0: 3 0x80012552 (0xbfe5)
core   0: 0x8001254a (0x00001f17) auipc   t5, 0x1
core   0: 3 0x8001254a (0x00001f17) x30 0x8001354a
core   0: 0x8001254e (0xaa3f2b23) sw      gp, -1354(t5)
core   0: 3 0x8001254e (0xaa3f2b23) mem 0x80013000 0x00000001
core   0: 0x80012552 (0x0000bfe5) c.j     pc - 8
core   0: 3 0x80012552 (0xbfe5)
core   0: 0x8001254a (0x00001f17) auipc   t5, 0x1
core   0: 3 0x8001254a (0x00001f17) x30 0x8001354a
core   0: 0x8001254e (0xaa3f2b23) sw      gp, -1354(t5)
core   0: 3 0x8001254e (0xaa3f2b23) mem 0x80013000 0x00000001
core   0: 0x80012552 (0x0000bfe5) c.j     pc - 8
core   0: 3 0x80012552 (0xbfe5)
core   0: 0x8001254a (0x00001f17) auipc   t5, 0x1
core   0: 3 0x8001254a (0x00001f17) x30 0x8001354a
core   0: 0x8001254e (0xaa3f2b23) sw      gp, -1354(t5)
core   0: 3 0x8001254e (0xaa3f2b23) mem 0x80013000 0x00000001
core   0: 0x80012552 (0x0000bfe5) c.j     pc - 8
core   0: 3 0x80012552 (0xbfe5)
core   0: 0x8001254a (0x00001f17) auipc   t5, 0x1
core   0: 3 0x8001254a (0x00001f17) x30 0x8001354a
core   0: 0x8001254e (0xaa3f2b23) sw      gp, -1354(t5)
core   0: 3 0x8001254e (0xaa3f2b23) mem 0x80013000 0x00000001
core   0: 0x80012552 (0x0000bfe5) c.j     pc - 8
core   0: 3 0x80012552 (0xbfe5)
core   0: 0x8001254a (0x00001f17) auipc   t5, 0x1
core   0: 3 0x8001254a (0x00001f17) x30 0x8001354a
core   0: 0x8001254e (0xaa3f2b23) sw      gp, -1354(t5)
core   0: 3 0x8001254e (0xaa3f2b23) mem 0x80013000 0x00000001
core   0: 0x80012552 (0x0000bfe5) c.j     pc - 8
core   0: 3 0x80012552 (0xbfe5)
core   0: 0x8001254a (0x00001f17) auipc   t5, 0x1
core   0: 3 0x8001254a (0x00001f17) x30 0x8001354a
core   0: 0x8001254e (0xaa3f2b23) sw      gp, -1354(t5)
core   0: 3 0x8001254e (0xaa3f2b23) mem 0x80013000 0x00000001
core   0: 0x80012552 (0x0000bfe5) c.j     pc - 8
core   0: 3 0x80012552 (0xbfe5)
core   0: 0x8001254a (0x00001f17) auipc   t5, 0x1
core   0: 3 0x8001254a (0x00001f17) x30 0x8001354a
core   0: 0x8001254e (0xaa3f2b23) sw      gp, -1354(t5)
core   0: 3 0x8001254e (0xaa3f2b23) mem 0x80013000 0x00000001
core   0: 0x80012552 (0x0000bfe5) c.j     pc - 8
core   0: 3 0x80012552 (0xbfe5)
core   0: 0x8001254a (0x00001f17) auipc   t5, 0x1
core   0: 3 0x8001254a (0x00001f17) x30 0x8001354a
core   0: 0x8001254e (0xaa3f2b23) sw      gp, -1354(t5)
core   0: 3 0x8001254e (0xaa3f2b23) mem 0x80013000 0x00000001
core   0: 0x80012552 (0x0000bfe5) c.j     pc - 8
core   0: 3 0x80012552 (0xbfe5)
core   0: 0x8001254a (0x00001f17) auipc   t5, 0x1
core   0: 3 0x8001254a (0x00001f17) x30 0x8001354a
core   0: 0x8001254e (0xaa3f2b23) sw      gp, -1354(t5)
core   0: 3 0x8001254e (0xaa3f2b23) mem 0x80013000 0x00000001
core   0: 0x80012552 (0x0000bfe5) c.j     pc - 8
core   0: 3 0x80012552 (0xbfe5)
core   0: 0x8001254a (0x00001f17) auipc   t5, 0x1
core   0: 3 0x8001254a (0x00001f17) x30 0x8001354a
core   0: 0x8001254e (0xaa3f2b23) sw      gp, -1354(t5)
core   0: 3 0x8001254e (0xaa3f2b23) mem 0x80013000 0x00000001
core   0: 0x80012552 (0x0000bfe5) c.j     pc - 8
core   0: 3 0x80012552 (0xbfe5)
core   0: 0x8001254a (0x00001f17) auipc   t5, 0x1
core   0: 3 0x8001254a (0x00001f17) x30 0x8001354a
core   0: 0x8001254e (0xaa3f2b23) sw      gp, -1354(t5)
core   0: 3 0x8001254e (0xaa3f2b23) mem 0x80013000 0x00000001
core   0: 0x80012552 (0x0000bfe5) c.j     pc - 8
core   0: 3 0x80012552 (0xbfe5)
core   0: 0x8001254a (0x00001f17) auipc   t5, 0x1
core   0: 3 0x8001254a (0x00001f17) x30 0x8001354a
core   0: 0x8001254e (0xaa3f2b23) sw      gp, -1354(t5)
core   0: 3 0x8001254e (0xaa3f2b23) mem 0x80013000 0x00000001
core   0: 0x80012552 (0x0000bfe5) c.j     pc - 8
core   0: 3 0x80012552 (0xbfe5)
core   0: 0x8001254a (0x00001f17) auipc   t5, 0x1
core   0: 3 0x8001254a (0x00001f17) x30 0x8001354a
core   0: 0x8001254e (0xaa3f2b23) sw      gp, -1354(t5)
core   0: 3 0x8001254e (0xaa3f2b23) mem 0x80013000 0x00000001
core   0: 0x80012552 (0x0000bfe5) c.j     pc - 8
core   0: 3 0x80012552 (0xbfe5)
core   0: 0x8001254a (0x00001f17) auipc   t5, 0x1
core   0: 3 0x8001254a (0x00001f17) x30 0x8001354a
core   0: 0x8001254e (0xaa3f2b23) sw      gp, -1354(t5)
core   0: 3 0x8001254e (0xaa3f2b23) mem 0x80013000 0x00000001
core   0: 0x80012552 (0x0000bfe5) c.j     pc - 8
core   0: 3 0x80012552 (0xbfe5)
core   0: 0x8001254a (0x00001f17) auipc   t5, 0x1
core   0: 3 0x8001254a (0x00001f17) x30 0x8001354a
core   0: 0x8001254e (0xaa3f2b23) sw      gp, -1354(t5)
core   0: 3 0x8001254e (0xaa3f2b23) mem 0x80013000 0x00000001
core   0: 0x80012552 (0x0000bfe5) c.j     pc - 8
core   0: 3 0x80012552 (0xbfe5)
core   0: 0x8001254a (0x00001f17) auipc   t5, 0x1
core   0: 3 0x8001254a (0x00001f17) x30 0x8001354a
core   0: 0x8001254e (0xaa3f2b23) sw      gp, -1354(t5)
core   0: 3 0x8001254e (0xaa3f2b23) mem 0x80013000 0x00000001
core   0: 0x80012552 (0x0000bfe5) c.j     pc - 8
core   0: 3 0x80012552 (0xbfe5)
core   0: 0x8001254a (0x00001f17) auipc   t5, 0x1
core   0: 3 0x8001254a (0x00001f17) x30 0x8001354a
core   0: 0x8001254e (0xaa3f2b23) sw      gp, -1354(t5)
core   0: 3 0x8001254e (0xaa3f2b23) mem 0x80013000 0x00000001
core   0: 0x80012552 (0x0000bfe5) c.j     pc - 8
core   0: 3 0x80012552 (0xbfe5)
core   0: 0x8001254a (0x00001f17) auipc   t5, 0x1
core   0: 3 0x8001254a (0x00001f17) x30 0x8001354a
core   0: 0x8001254e (0xaa3f2b23) sw      gp, -1354(t5)
core   0: 3 0x8001254e (0xaa3f2b23) mem 0x80013000 0x00000001
core   0: 0x80012552 (0x0000bfe5) c.j     pc - 8
core   0: 3 0x80012552 (0xbfe5)
core   0: 0x8001254a (0x00001f17) auipc   t5, 0x1
core   0: 3 0x8001254a (0x00001f17) x30 0x8001354a
core   0: 0x8001254e (0xaa3f2b23) sw      gp, -1354(t5)
core   0: 3 0x8001254e (0xaa3f2b23) mem 0x80013000 0x00000001
core   0: 0x80012552 (0x0000bfe5) c.j     pc - 8
core   0: 3 0x80012552 (0xbfe5)
core   0: 0x8001254a (0x00001f17) auipc   t5, 0x1
core   0: 3 0x8001254a (0x00001f17) x30 0x8001354a
core   0: 0x8001254e (0xaa3f2b23) sw      gp, -1354(t5)
core   0: 3 0x8001254e (0xaa3f2b23) mem 0x80013000 0x00000001
core   0: 0x80012552 (0x0000bfe5) c.j     pc - 8
core   0: 3 0x80012552 (0xbfe5)
core   0: 0x8001254a (0x00001f17) auipc   t5, 0x1
core   0: 3 0x8001254a (0x00001f17) x30 0x8001354a
core   0: 0x8001254e (0xaa3f2b23) sw      gp, -1354(t5)
core   0: 3 0x8001254e (0xaa3f2b23) mem 0x80013000 0x00000001
core   0: 0x80012552 (0x0000bfe5) c.j     pc - 8
core   0: 3 0x80012552 (0xbfe5)
core   0: 0x8001254a (0x00001f17) auipc   t5, 0x1
core   0: 3 0x8001254a (0x00001f17) x30 0x8001354a
core   0: 0x8001254e (0xaa3f2b23) sw      gp, -1354(t5)
core   0: 3 0x8001254e (0xaa3f2b23) mem 0x80013000 0x00000001
core   0: 0x80012552 (0x0000bfe5) c.j     pc - 8
core   0: 3 0x80012552 (0xbfe5)
core   0: 0x8001254a (0x00001f17) auipc   t5, 0x1
core   0: 3 0x8001254a (0x00001f17) x30 0x8001354a
core   0: 0x8001254e (0xaa3f2b23) sw      gp, -1354(t5)
core   0: 3 0x8001254e (0xaa3f2b23) mem 0x80013000 0x00000001
core   0: 0x80012552 (0x0000bfe5) c.j     pc - 8
core   0: 3 0x80012552 (0xbfe5)
core   0: 0x8001254a (0x00001f17) auipc   t5, 0x1
core   0: 3 0x8001254a (0x00001f17) x30 0x8001354a
core   0: 0x8001254e (0xaa3f2b23) sw      gp, -1354(t5)
core   0: 3 0x8001254e (0xaa3f2b23) mem 0x80013000 0x00000001
core   0: 0x80012552 (0x0000bfe5) c.j     pc - 8
core   0: 3 0x80012552 (0xbfe5)
core   0: 0x8001254a (0x00001f17) auipc   t5, 0x1
core   0: 3 0x8001254a (0x00001f17) x30 0x8001354a
core   0: 0x8001254e (0xaa3f2b23) sw      gp, -1354(t5)
core   0: 3 0x8001254e (0xaa3f2b23) mem 0x80013000 0x00000001
core   0: 0x80012552 (0x0000bfe5) c.j     pc - 8
core   0: 3 0x80012552 (0xbfe5)
core   0: 0x8001254a (0x00001f17) auipc   t5, 0x1
core   0: 3 0x8001254a (0x00001f17) x30 0x8001354a
core   0: 0x8001254e (0xaa3f2b23) sw      gp, -1354(t5)
core   0: 3 0x8001254e (0xaa3f2b23) mem 0x80013000 0x00000001
core   0: 0x80012552 (0x0000bfe5) c.j     pc - 8
core   0: 3 0x80012552 (0xbfe5)
core   0: 0x8001254a (0x00001f17) auipc   t5, 0x1
core   0: 3 0x8001254a (0x00001f17) x30 0x8001354a
core   0: 0x8001254e (0xaa3f2b23) sw      gp, -1354(t5)
core   0: 3 0x8001254e (0xaa3f2b23) mem 0x80013000 0x00000001
core   0: 0x80012552 (0x0000bfe5) c.j     pc - 8
core   0: 3 0x80012552 (0xbfe5)
core   0: 0x8001254a (0x00001f17) auipc   t5, 0x1
core   0: 3 0x8001254a (0x00001f17) x30 0x8001354a
core   0: 0x8001254e (0xaa3f2b23) sw      gp, -1354(t5)
core   0: 3 0x8001254e (0xaa3f2b23) mem 0x80013000 0x00000001
core   0: 0x80012552 (0x0000bfe5) c.j     pc - 8
core   0: 3 0x80012552 (0xbfe5)
core   0: 0x8001254a (0x00001f17) auipc   t5, 0x1
core   0: 3 0x8001254a (0x00001f17) x30 0x8001354a
core   0: 0x8001254e (0xaa3f2b23) sw      gp, -1354(t5)
core   0: 3 0x8001254e (0xaa3f2b23) mem 0x80013000 0x00000001
core   0: 0x80012552 (0x0000bfe5) c.j     pc - 8
core   0: 3 0x80012552 (0xbfe5)
core   0: 0x8001254a (0x00001f17) auipc   t5, 0x1
core   0: 3 0x8001254a (0x00001f17) x30 0x8001354a
core   0: 0x8001254e (0xaa3f2b23) sw      gp, -1354(t5)
core   0: 3 0x8001254e (0xaa3f2b23) mem 0x80013000 0x00000001
core   0: 0x80012552 (0x0000bfe5) c.j     pc - 8
core   0: 3 0x80012552 (0xbfe5)
core   0: 0x8001254a (0x00001f17) auipc   t5, 0x1
core   0: 3 0x8001254a (0x00001f17) x30 0x8001354a
core   0: 0x8001254e (0xaa3f2b23) sw      gp, -1354(t5)
core   0: 3 0x8001254e (0xaa3f2b23) mem 0x80013000 0x00000001
core   0: 0x80012552 (0x0000bfe5) c.j     pc - 8
core   0: 3 0x80012552 (0xbfe5)
core   0: 0x8001254a (0x00001f17) auipc   t5, 0x1
core   0: 3 0x8001254a (0x00001f17) x30 0x8001354a
core   0: 0x8001254e (0xaa3f2b23) sw      gp, -1354(t5)
core   0: 3 0x8001254e (0xaa3f2b23) mem 0x80013000 0x00000001
core   0: 0x80012552 (0x0000bfe5) c.j     pc - 8
core   0: 3 0x80012552 (0xbfe5)
core   0: 0x8001254a (0x00001f17) auipc   t5, 0x1
core   0: 3 0x8001254a (0x00001f17) x30 0x8001354a
core   0: 0x8001254e (0xaa3f2b23) sw      gp, -1354(t5)
core   0: 3 0x8001254e (0xaa3f2b23) mem 0x80013000 0x00000001
core   0: 0x80012552 (0x0000bfe5) c.j     pc - 8
core   0: 3 0x80012552 (0xbfe5)
core   0: 0x8001254a (0x00001f17) auipc   t5, 0x1
core   0: 3 0x8001254a (0x00001f17) x30 0x8001354a
core   0: 0x8001254e (0xaa3f2b23) sw      gp, -1354(t5)
core   0: 3 0x8001254e (0xaa3f2b23) mem 0x80013000 0x00000001
core   0: 0x80012552 (0x0000bfe5) c.j     pc - 8
core   0: 3 0x80012552 (0xbfe5)
core   0: 0x8001254a (0x00001f17) auipc   t5, 0x1
core   0: 3 0x8001254a (0x00001f17) x30 0x8001354a
core   0: 0x8001254e (0xaa3f2b23) sw      gp, -1354(t5)
core   0: 3 0x8001254e (0xaa3f2b23) mem 0x80013000 0x00000001
core   0: 0x80012552 (0x0000bfe5) c.j     pc - 8
core   0: 3 0x80012552 (0xbfe5)
core   0: 0x8001254a (0x00001f17) auipc   t5, 0x1
core   0: 3 0x8001254a (0x00001f17) x30 0x8001354a
core   0: 0x8001254e (0xaa3f2b23) sw      gp, -1354(t5)
core   0: 3 0x8001254e (0xaa3f2b23) mem 0x80013000 0x00000001
core   0: 0x80012552 (0x0000bfe5) c.j     pc - 8
core   0: 3 0x80012552 (0xbfe5)
core   0: 0x8001254a (0x00001f17) auipc   t5, 0x1
core   0: 3 0x8001254a (0x00001f17) x30 0x8001354a
core   0: 0x8001254e (0xaa3f2b23) sw      gp, -1354(t5)
core   0: 3 0x8001254e (0xaa3f2b23) mem 0x80013000 0x00000001
core   0: 0x80012552 (0x0000bfe5) c.j     pc - 8
core   0: 3 0x80012552 (0xbfe5)
core   0: 0x8001254a (0x00001f17) auipc   t5, 0x1
core   0: 3 0x8001254a (0x00001f17) x30 0x8001354a
core   0: 0x8001254e (0xaa3f2b23) sw      gp, -1354(t5)
core   0: 3 0x8001254e (0xaa3f2b23) mem 0x80013000 0x00000001
core   0: 0x80012552 (0x0000bfe5) c.j     pc - 8
core   0: 3 0x80012552 (0xbfe5)
core   0: 0x8001254a (0x00001f17) auipc   t5, 0x1
core   0: 3 0x8001254a (0x00001f17) x30 0x8001354a
core   0: 0x8001254e (0xaa3f2b23) sw      gp, -1354(t5)
core   0: 3 0x8001254e (0xaa3f2b23) mem 0x80013000 0x00000001
core   0: 0x80012552 (0x0000bfe5) c.j     pc - 8
core   0: 3 0x80012552 (0xbfe5)
core   0: 0x8001254a (0x00001f17) auipc   t5, 0x1
core   0: 3 0x8001254a (0x00001f17) x30 0x8001354a
core   0: 0x8001254e (0xaa3f2b23) sw      gp, -1354(t5)
core   0: 3 0x8001254e (0xaa3f2b23) mem 0x80013000 0x00000001
core   0: 0x80012552 (0x0000bfe5) c.j     pc - 8
core   0: 3 0x80012552 (0xbfe5)
core   0: 0x8001254a (0x00001f17) auipc   t5, 0x1
core   0: 3 0x8001254a (0x00001f17) x30 0x8001354a
core   0: 0x8001254e (0xaa3f2b23) sw      gp, -1354(t5)
core   0: 3 0x8001254e (0xaa3f2b23) mem 0x80013000 0x00000001
core   0: 0x80012552 (0x0000bfe5) c.j     pc - 8
core   0: 3 0x80012552 (0xbfe5)
core   0: 0x8001254a (0x00001f17) auipc   t5, 0x1
core   0: 3 0x8001254a (0x00001f17) x30 0x8001354a
core   0: 0x8001254e (0xaa3f2b23) sw      gp, -1354(t5)
core   0: 3 0x8001254e (0xaa3f2b23) mem 0x80013000 0x00000001
core   0: 0x80012552 (0x0000bfe5) c.j     pc - 8
core   0: 3 0x80012552 (0xbfe5)
core   0: 0x8001254a (0x00001f17) auipc   t5, 0x1
core   0: 3 0x8001254a (0x00001f17) x30 0x8001354a
core   0: 0x8001254e (0xaa3f2b23) sw      gp, -1354(t5)
core   0: 3 0x8001254e (0xaa3f2b23) mem 0x80013000 0x00000001
core   0: 0x80012552 (0x0000bfe5) c.j     pc - 8
core   0: 3 0x80012552 (0xbfe5)
core   0: 0x8001254a (0x00001f17) auipc   t5, 0x1
core   0: 3 0x8001254a (0x00001f17) x30 0x8001354a
core   0: 0x8001254e (0xaa3f2b23) sw      gp, -1354(t5)
core   0: 3 0x8001254e (0xaa3f2b23) mem 0x80013000 0x00000001
core   0: 0x80012552 (0x0000bfe5) c.j     pc - 8
core   0: 3 0x80012552 (0xbfe5)
core   0: 0x8001254a (0x00001f17) auipc   t5, 0x1
core   0: 3 0x8001254a (0x00001f17) x30 0x8001354a
core   0: 0x8001254e (0xaa3f2b23) sw      gp, -1354(t5)
core   0: 3 0x8001254e (0xaa3f2b23) mem 0x80013000 0x00000001
core   0: 0x80012552 (0x0000bfe5) c.j     pc - 8
core   0: 3 0x80012552 (0xbfe5)
core   0: 0x8001254a (0x00001f17) auipc   t5, 0x1
core   0: 3 0x8001254a (0x00001f17) x30 0x8001354a
core   0: 0x8001254e (0xaa3f2b23) sw      gp, -1354(t5)
core   0: 3 0x8001254e (0xaa3f2b23) mem 0x80013000 0x00000001
core   0: 0x80012552 (0x0000bfe5) c.j     pc - 8
core   0: 3 0x80012552 (0xbfe5)
core   0: 0x8001254a (0x00001f17) auipc   t5, 0x1
core   0: 3 0x8001254a (0x00001f17) x30 0x8001354a
core   0: 0x8001254e (0xaa3f2b23) sw      gp, -1354(t5)
core   0: 3 0x8001254e (0xaa3f2b23) mem 0x80013000 0x00000001
core   0: 0x80012552 (0x0000bfe5) c.j     pc - 8
core   0: 3 0x80012552 (0xbfe5)
core   0: 0x8001254a (0x00001f17) auipc   t5, 0x1
core   0: 3 0x8001254a (0x00001f17) x30 0x8001354a
core   0: 0x8001254e (0xaa3f2b23) sw      gp, -1354(t5)
core   0: 3 0x8001254e (0xaa3f2b23) mem 0x80013000 0x00000001
core   0: 0x80012552 (0x0000bfe5) c.j     pc - 8
core   0: 3 0x80012552 (0xbfe5)
core   0: 0x8001254a (0x00001f17) auipc   t5, 0x1
core   0: 3 0x8001254a (0x00001f17) x30 0x8001354a
core   0: 0x8001254e (0xaa3f2b23) sw      gp, -1354(t5)
core   0: 3 0x8001254e (0xaa3f2b23) mem 0x80013000 0x00000001
core   0: 0x80012552 (0x0000bfe5) c.j     pc - 8
core   0: 3 0x80012552 (0xbfe5)
core   0: 0x8001254a (0x00001f17) auipc   t5, 0x1
core   0: 3 0x8001254a (0x00001f17) x30 0x8001354a
core   0: 0x8001254e (0xaa3f2b23) sw      gp, -1354(t5)
core   0: 3 0x8001254e (0xaa3f2b23) mem 0x80013000 0x00000001
core   0: 0x80012552 (0x0000bfe5) c.j     pc - 8
core   0: 3 0x80012552 (0xbfe5)
core   0: 0x8001254a (0x00001f17) auipc   t5, 0x1
core   0: 3 0x8001254a (0x00001f17) x30 0x8001354a
core   0: 0x8001254e (0xaa3f2b23) sw      gp, -1354(t5)
core   0: 3 0x8001254e (0xaa3f2b23) mem 0x80013000 0x00000001
core   0: 0x80012552 (0x0000bfe5) c.j     pc - 8
core   0: 3 0x80012552 (0xbfe5)
core   0: 0x8001254a (0x00001f17) auipc   t5, 0x1
core   0: 3 0x8001254a (0x00001f17) x30 0x8001354a
core   0: 0x8001254e (0xaa3f2b23) sw      gp, -1354(t5)
core   0: 3 0x8001254e (0xaa3f2b23) mem 0x80013000 0x00000001
core   0: 0x80012552 (0x0000bfe5) c.j     pc - 8
core   0: 3 0x80012552 (0xbfe5)
core   0: 0x8001254a (0x00001f17) auipc   t5, 0x1
core   0: 3 0x8001254a (0x00001f17) x30 0x8001354a
core   0: 0x8001254e (0xaa3f2b23) sw      gp, -1354(t5)
core   0: 3 0x8001254e (0xaa3f2b23) mem 0x80013000 0x00000001
core   0: 0x80012552 (0x0000bfe5) c.j     pc - 8
core   0: 3 0x80012552 (0xbfe5)
core   0: 0x8001254a (0x00001f17) auipc   t5, 0x1
core   0: 3 0x8001254a (0x00001f17) x30 0x8001354a
core   0: 0x8001254e (0xaa3f2b23) sw      gp, -1354(t5)
core   0: 3 0x8001254e (0xaa3f2b23) mem 0x80013000 0x00000001
core   0: 0x80012552 (0x0000bfe5) c.j     pc - 8
core   0: 3 0x80012552 (0xbfe5)
core   0: 0x8001254a (0x00001f17) auipc   t5, 0x1
core   0: 3 0x8001254a (0x00001f17) x30 0x8001354a
core   0: 0x8001254e (0xaa3f2b23) sw      gp, -1354(t5)
core   0: 3 0x8001254e (0xaa3f2b23) mem 0x80013000 0x00000001
core   0: 0x80012552 (0x0000bfe5) c.j     pc - 8
core   0: 3 0x80012552 (0xbfe5)
core   0: 0x8001254a (0x00001f17) auipc   t5, 0x1
core   0: 3 0x8001254a (0x00001f17) x30 0x8001354a
core   0: 0x8001254e (0xaa3f2b23) sw      gp, -1354(t5)
core   0: 3 0x8001254e (0xaa3f2b23) mem 0x80013000 0x00000001
core   0: 0x80012552 (0x0000bfe5) c.j     pc - 8
core   0: 3 0x80012552 (0xbfe5)
core   0: 0x8001254a (0x00001f17) auipc   t5, 0x1
core   0: 3 0x8001254a (0x00001f17) x30 0x8001354a
core   0: 0x8001254e (0xaa3f2b23) sw      gp, -1354(t5)
core   0: 3 0x8001254e (0xaa3f2b23) mem 0x80013000 0x00000001
core   0: 0x80012552 (0x0000bfe5) c.j     pc - 8
core   0: 3 0x80012552 (0xbfe5)
core   0: 0x8001254a (0x00001f17) auipc   t5, 0x1
core   0: 3 0x8001254a (0x00001f17) x30 0x8001354a
core   0: 0x8001254e (0xaa3f2b23) sw      gp, -1354(t5)
core   0: 3 0x8001254e (0xaa3f2b23) mem 0x80013000 0x00000001
core   0: 0x80012552 (0x0000bfe5) c.j     pc - 8
core   0: 3 0x80012552 (0xbfe5)
core   0: 0x8001254a (0x00001f17) auipc   t5, 0x1
core   0: 3 0x8001254a (0x00001f17) x30 0x8001354a
core   0: 0x8001254e (0xaa3f2b23) sw      gp, -1354(t5)
core   0: 3 0x8001254e (0xaa3f2b23) mem 0x80013000 0x00000001
core   0: 0x80012552 (0x0000bfe5) c.j     pc - 8
core   0: 3 0x80012552 (0xbfe5)
core   0: 0x8001254a (0x00001f17) auipc   t5, 0x1
core   0: 3 0x8001254a (0x00001f17) x30 0x8001354a
core   0: 0x8001254e (0xaa3f2b23) sw      gp, -1354(t5)
core   0: 3 0x8001254e (0xaa3f2b23) mem 0x80013000 0x00000001
core   0: 0x80012552 (0x0000bfe5) c.j     pc - 8
core   0: 3 0x80012552 (0xbfe5)
core   0: 0x8001254a (0x00001f17) auipc   t5, 0x1
core   0: 3 0x8001254a (0x00001f17) x30 0x8001354a
core   0: 0x8001254e (0xaa3f2b23) sw      gp, -1354(t5)
core   0: 3 0x8001254e (0xaa3f2b23) mem 0x80013000 0x00000001
core   0: 0x80012552 (0x0000bfe5) c.j     pc - 8
core   0: 3 0x80012552 (0xbfe5)
core   0: 0x8001254a (0x00001f17) auipc   t5, 0x1
core   0: 3 0x8001254a (0x00001f17) x30 0x8001354a
core   0: 0x8001254e (0xaa3f2b23) sw      gp, -1354(t5)
core   0: 3 0x8001254e (0xaa3f2b23) mem 0x80013000 0x00000001
core   0: 0x80012552 (0x0000bfe5) c.j     pc - 8
core   0: 3 0x80012552 (0xbfe5)
core   0: 0x8001254a (0x00001f17) auipc   t5, 0x1
core   0: 3 0x8001254a (0x00001f17) x30 0x8001354a
core   0: 0x8001254e (0xaa3f2b23) sw      gp, -1354(t5)
core   0: 3 0x8001254e (0xaa3f2b23) mem 0x80013000 0x00000001
core   0: 0x80012552 (0x0000bfe5) c.j     pc - 8
core   0: 3 0x80012552 (0xbfe5)
core   0: 0x8001254a (0x00001f17) auipc   t5, 0x1
core   0: 3 0x8001254a (0x00001f17) x30 0x8001354a
core   0: 0x8001254e (0xaa3f2b23) sw      gp, -1354(t5)
core   0: 3 0x8001254e (0xaa3f2b23) mem 0x80013000 0x00000001
core   0: 0x80012552 (0x0000bfe5) c.j     pc - 8
core   0: 3 0x80012552 (0xbfe5)
core   0: 0x8001254a (0x00001f17) auipc   t5, 0x1
core   0: 3 0x8001254a (0x00001f17) x30 0x8001354a
core   0: 0x8001254e (0xaa3f2b23) sw      gp, -1354(t5)
core   0: 3 0x8001254e (0xaa3f2b23) mem 0x80013000 0x00000001
core   0: 0x80012552 (0x0000bfe5) c.j     pc - 8
core   0: 3 0x80012552 (0xbfe5)
core   0: 0x8001254a (0x00001f17) auipc   t5, 0x1
core   0: 3 0x8001254a (0x00001f17) x30 0x8001354a
core   0: 0x8001254e (0xaa3f2b23) sw      gp, -1354(t5)
core   0: 3 0x8001254e (0xaa3f2b23) mem 0x80013000 0x00000001
core   0: 0x80012552 (0x0000bfe5) c.j     pc - 8
core   0: 3 0x80012552 (0xbfe5)
core   0: 0x8001254a (0x00001f17) auipc   t5, 0x1
core   0: 3 0x8001254a (0x00001f17) x30 0x8001354a
core   0: 0x8001254e (0xaa3f2b23) sw      gp, -1354(t5)
core   0: 3 0x8001254e (0xaa3f2b23) mem 0x80013000 0x00000001
core   0: 0x80012552 (0x0000bfe5) c.j     pc - 8
core   0: 3 0x80012552 (0xbfe5)
core   0: 0x8001254a (0x00001f17) auipc   t5, 0x1
core   0: 3 0x8001254a (0x00001f17) x30 0x8001354a
core   0: 0x8001254e (0xaa3f2b23) sw      gp, -1354(t5)
core   0: 3 0x8001254e (0xaa3f2b23) mem 0x80013000 0x00000001
core   0: 0x80012552 (0x0000bfe5) c.j     pc - 8
core   0: 3 0x80012552 (0xbfe5)
core   0: 0x8001254a (0x00001f17) auipc   t5, 0x1
core   0: 3 0x8001254a (0x00001f17) x30 0x8001354a
core   0: 0x8001254e (0xaa3f2b23) sw      gp, -1354(t5)
core   0: 3 0x8001254e (0xaa3f2b23) mem 0x80013000 0x00000001
core   0: 0x80012552 (0x0000bfe5) c.j     pc - 8
core   0: 3 0x80012552 (0xbfe5)
core   0: 0x8001254a (0x00001f17) auipc   t5, 0x1
core   0: 3 0x8001254a (0x00001f17) x30 0x8001354a
core   0: 0x8001254e (0xaa3f2b23) sw      gp, -1354(t5)
core   0: 3 0x8001254e (0xaa3f2b23) mem 0x80013000 0x00000001
core   0: 0x80012552 (0x0000bfe5) c.j     pc - 8
core   0: 3 0x80012552 (0xbfe5)
core   0: 0x8001254a (0x00001f17) auipc   t5, 0x1
core   0: 3 0x8001254a (0x00001f17) x30 0x8001354a
core   0: 0x8001254e (0xaa3f2b23) sw      gp, -1354(t5)
core   0: 3 0x8001254e (0xaa3f2b23) mem 0x80013000 0x00000001
core   0: 0x80012552 (0x0000bfe5) c.j     pc - 8
core   0: 3 0x80012552 (0xbfe5)
core   0: 0x8001254a (0x00001f17) auipc   t5, 0x1
core   0: 3 0x8001254a (0x00001f17) x30 0x8001354a
core   0: 0x8001254e (0xaa3f2b23) sw      gp, -1354(t5)
core   0: 3 0x8001254e (0xaa3f2b23) mem 0x80013000 0x00000001
core   0: 0x80012552 (0x0000bfe5) c.j     pc - 8
core   0: 3 0x80012552 (0xbfe5)
core   0: 0x8001254a (0x00001f17) auipc   t5, 0x1
core   0: 3 0x8001254a (0x00001f17) x30 0x8001354a
core   0: 0x8001254e (0xaa3f2b23) sw      gp, -1354(t5)
core   0: 3 0x8001254e (0xaa3f2b23) mem 0x80013000 0x00000001
core   0: 0x80012552 (0x0000bfe5) c.j     pc - 8
core   0: 3 0x80012552 (0xbfe5)
core   0: 0x8001254a (0x00001f17) auipc   t5, 0x1
core   0: 3 0x8001254a (0x00001f17) x30 0x8001354a
core   0: 0x8001254e (0xaa3f2b23) sw      gp, -1354(t5)
core   0: 3 0x8001254e (0xaa3f2b23) mem 0x80013000 0x00000001
core   0: 0x80012552 (0x0000bfe5) c.j     pc - 8
core   0: 3 0x80012552 (0xbfe5)
core   0: 0x8001254a (0x00001f17) auipc   t5, 0x1
core   0: 3 0x8001254a (0x00001f17) x30 0x8001354a
core   0: 0x8001254e (0xaa3f2b23) sw      gp, -1354(t5)
core   0: 3 0x8001254e (0xaa3f2b23) mem 0x80013000 0x00000001
core   0: 0x80012552 (0x0000bfe5) c.j     pc - 8
core   0: 3 0x80012552 (0xbfe5)
core   0: 0x8001254a (0x00001f17) auipc   t5, 0x1
core   0: 3 0x8001254a (0x00001f17) x30 0x8001354a
core   0: 0x8001254e (0xaa3f2b23) sw      gp, -1354(t5)
core   0: 3 0x8001254e (0xaa3f2b23) mem 0x80013000 0x00000001
core   0: 0x80012552 (0x0000bfe5) c.j     pc - 8
core   0: 3 0x80012552 (0xbfe5)
core   0: 0x8001254a (0x00001f17) auipc   t5, 0x1
core   0: 3 0x8001254a (0x00001f17) x30 0x8001354a
core   0: 0x8001254e (0xaa3f2b23) sw      gp, -1354(t5)
core   0: 3 0x8001254e (0xaa3f2b23) mem 0x80013000 0x00000001
core   0: 0x80012552 (0x0000bfe5) c.j     pc - 8
core   0: 3 0x80012552 (0xbfe5)
core   0: 0x8001254a (0x00001f17) auipc   t5, 0x1
core   0: 3 0x8001254a (0x00001f17) x30 0x8001354a
core   0: 0x8001254e (0xaa3f2b23) sw      gp, -1354(t5)
core   0: 3 0x8001254e (0xaa3f2b23) mem 0x80013000 0x00000001
core   0: 0x80012552 (0x0000bfe5) c.j     pc - 8
core   0: 3 0x80012552 (0xbfe5)
core   0: 0x8001254a (0x00001f17) auipc   t5, 0x1
core   0: 3 0x8001254a (0x00001f17) x30 0x8001354a
core   0: 0x8001254e (0xaa3f2b23) sw      gp, -1354(t5)
core   0: 3 0x8001254e (0xaa3f2b23) mem 0x80013000 0x00000001
core   0: 0x80012552 (0x0000bfe5) c.j     pc - 8
core   0: 3 0x80012552 (0xbfe5)
core   0: 0x8001254a (0x00001f17) auipc   t5, 0x1
core   0: 3 0x8001254a (0x00001f17) x30 0x8001354a
core   0: 0x8001254e (0xaa3f2b23) sw      gp, -1354(t5)
core   0: 3 0x8001254e (0xaa3f2b23) mem 0x80013000 0x00000001
core   0: 0x80012552 (0x0000bfe5) c.j     pc - 8
core   0: 3 0x80012552 (0xbfe5)
core   0: 0x8001254a (0x00001f17) auipc   t5, 0x1
core   0: 3 0x8001254a (0x00001f17) x30 0x8001354a
core   0: 0x8001254e (0xaa3f2b23) sw      gp, -1354(t5)
core   0: 3 0x8001254e (0xaa3f2b23) mem 0x80013000 0x00000001
core   0: 0x80012552 (0x0000bfe5) c.j     pc - 8
core   0: 3 0x80012552 (0xbfe5)
core   0: 0x8001254a (0x00001f17) auipc   t5, 0x1
core   0: 3 0x8001254a (0x00001f17) x30 0x8001354a
core   0: 0x8001254e (0xaa3f2b23) sw      gp, -1354(t5)
core   0: 3 0x8001254e (0xaa3f2b23) mem 0x80013000 0x00000001
core   0: 0x80012552 (0x0000bfe5) c.j     pc - 8
core   0: 3 0x80012552 (0xbfe5)
core   0: 0x8001254a (0x00001f17) auipc   t5, 0x1
core   0: 3 0x8001254a (0x00001f17) x30 0x8001354a
core   0: 0x8001254e (0xaa3f2b23) sw      gp, -1354(t5)
core   0: 3 0x8001254e (0xaa3f2b23) mem 0x80013000 0x00000001
core   0: 0x80012552 (0x0000bfe5) c.j     pc - 8
core   0: 3 0x80012552 (0xbfe5)
core   0: 0x8001254a (0x00001f17) auipc   t5, 0x1
core   0: 3 0x8001254a (0x00001f17) x30 0x8001354a
core   0: 0x8001254e (0xaa3f2b23) sw      gp, -1354(t5)
core   0: 3 0x8001254e (0xaa3f2b23) mem 0x80013000 0x00000001
core   0: 0x80012552 (0x0000bfe5) c.j     pc - 8
core   0: 3 0x80012552 (0xbfe5)
core   0: 0x8001254a (0x00001f17) auipc   t5, 0x1
core   0: 3 0x8001254a (0x00001f17) x30 0x8001354a
core   0: 0x8001254e (0xaa3f2b23) sw      gp, -1354(t5)
core   0: 3 0x8001254e (0xaa3f2b23) mem 0x80013000 0x00000001
core   0: 0x80012552 (0x0000bfe5) c.j     pc - 8
core   0: 3 0x80012552 (0xbfe5)
core   0: 0x8001254a (0x00001f17) auipc   t5, 0x1
core   0: 3 0x8001254a (0x00001f17) x30 0x8001354a
core   0: 0x8001254e (0xaa3f2b23) sw      gp, -1354(t5)
core   0: 3 0x8001254e (0xaa3f2b23) mem 0x80013000 0x00000001
core   0: 0x80012552 (0x0000bfe5) c.j     pc - 8
core   0: 3 0x80012552 (0xbfe5)
core   0: 0x8001254a (0x00001f17) auipc   t5, 0x1
core   0: 3 0x8001254a (0x00001f17) x30 0x8001354a
core   0: 0x8001254e (0xaa3f2b23) sw      gp, -1354(t5)
core   0: 3 0x8001254e (0xaa3f2b23) mem 0x80013000 0x00000001
core   0: 0x80012552 (0x0000bfe5) c.j     pc - 8
core   0: 3 0x80012552 (0xbfe5)
core   0: 0x8001254a (0x00001f17) auipc   t5, 0x1
core   0: 3 0x8001254a (0x00001f17) x30 0x8001354a
core   0: 0x8001254e (0xaa3f2b23) sw      gp, -1354(t5)
core   0: 3 0x8001254e (0xaa3f2b23) mem 0x80013000 0x00000001
core   0: 0x80012552 (0x0000bfe5) c.j     pc - 8
core   0: 3 0x80012552 (0xbfe5)
core   0: 0x8001254a (0x00001f17) auipc   t5, 0x1
core   0: 3 0x8001254a (0x00001f17) x30 0x8001354a
core   0: 0x8001254e (0xaa3f2b23) sw      gp, -1354(t5)
core   0: 3 0x8001254e (0xaa3f2b23) mem 0x80013000 0x00000001
core   0: 0x80012552 (0x0000bfe5) c.j     pc - 8
core   0: 3 0x80012552 (0xbfe5)
core   0: 0x8001254a (0x00001f17) auipc   t5, 0x1
core   0: 3 0x8001254a (0x00001f17) x30 0x8001354a
core   0: 0x8001254e (0xaa3f2b23) sw      gp, -1354(t5)
core   0: 3 0x8001254e (0xaa3f2b23) mem 0x80013000 0x00000001
core   0: 0x80012552 (0x0000bfe5) c.j     pc - 8
core   0: 3 0x80012552 (0xbfe5)
core   0: 0x8001254a (0x00001f17) auipc   t5, 0x1
core   0: 3 0x8001254a (0x00001f17) x30 0x8001354a
core   0: 0x8001254e (0xaa3f2b23) sw      gp, -1354(t5)
core   0: 3 0x8001254e (0xaa3f2b23) mem 0x80013000 0x00000001
core   0: 0x80012552 (0x0000bfe5) c.j     pc - 8
core   0: 3 0x80012552 (0xbfe5)
core   0: 0x8001254a (0x00001f17) auipc   t5, 0x1
core   0: 3 0x8001254a (0x00001f17) x30 0x8001354a
core   0: 0x8001254e (0xaa3f2b23) sw      gp, -1354(t5)
core   0: 3 0x8001254e (0xaa3f2b23) mem 0x80013000 0x00000001
core   0: 0x80012552 (0x0000bfe5) c.j     pc - 8
core   0: 3 0x80012552 (0xbfe5)
core   0: 0x8001254a (0x00001f17) auipc   t5, 0x1
core   0: 3 0x8001254a (0x00001f17) x30 0x8001354a
core   0: 0x8001254e (0xaa3f2b23) sw      gp, -1354(t5)
core   0: 3 0x8001254e (0xaa3f2b23) mem 0x80013000 0x00000001
core   0: 0x80012552 (0x0000bfe5) c.j     pc - 8
core   0: 3 0x80012552 (0xbfe5)
core   0: 0x8001254a (0x00001f17) auipc   t5, 0x1
core   0: 3 0x8001254a (0x00001f17) x30 0x8001354a
core   0: 0x8001254e (0xaa3f2b23) sw      gp, -1354(t5)
core   0: 3 0x8001254e (0xaa3f2b23) mem 0x80013000 0x00000001
core   0: 0x80012552 (0x0000bfe5) c.j     pc - 8
core   0: 3 0x80012552 (0xbfe5)
core   0: 0x8001254a (0x00001f17) auipc   t5, 0x1
core   0: 3 0x8001254a (0x00001f17) x30 0x8001354a
core   0: 0x8001254e (0xaa3f2b23) sw      gp, -1354(t5)
core   0: 3 0x8001254e (0xaa3f2b23) mem 0x80013000 0x00000001
core   0: 0x80012552 (0x0000bfe5) c.j     pc - 8
core   0: 3 0x80012552 (0xbfe5)
core   0: 0x8001254a (0x00001f17) auipc   t5, 0x1
core   0: 3 0x8001254a (0x00001f17) x30 0x8001354a
core   0: 0x8001254e (0xaa3f2b23) sw      gp, -1354(t5)
core   0: 3 0x8001254e (0xaa3f2b23) mem 0x80013000 0x00000001
core   0: 0x80012552 (0x0000bfe5) c.j     pc - 8
core   0: 3 0x80012552 (0xbfe5)
core   0: 0x8001254a (0x00001f17) auipc   t5, 0x1
core   0: 3 0x8001254a (0x00001f17) x30 0x8001354a
core   0: 0x8001254e (0xaa3f2b23) sw      gp, -1354(t5)
core   0: 3 0x8001254e (0xaa3f2b23) mem 0x80013000 0x00000001
core   0: 0x80012552 (0x0000bfe5) c.j     pc - 8
core   0: 3 0x80012552 (0xbfe5)
core   0: 0x8001254a (0x00001f17) auipc   t5, 0x1
core   0: 3 0x8001254a (0x00001f17) x30 0x8001354a
core   0: 0x8001254e (0xaa3f2b23) sw      gp, -1354(t5)
core   0: 3 0x8001254e (0xaa3f2b23) mem 0x80013000 0x00000001
core   0: 0x80012552 (0x0000bfe5) c.j     pc - 8
core   0: 3 0x80012552 (0xbfe5)
core   0: 0x8001254a (0x00001f17) auipc   t5, 0x1
core   0: 3 0x8001254a (0x00001f17) x30 0x8001354a
core   0: 0x8001254e (0xaa3f2b23) sw      gp, -1354(t5)
core   0: 3 0x8001254e (0xaa3f2b23) mem 0x80013000 0x00000001
core   0: 0x80012552 (0x0000bfe5) c.j     pc - 8
core   0: 3 0x80012552 (0xbfe5)
core   0: 0x8001254a (0x00001f17) auipc   t5, 0x1
core   0: 3 0x8001254a (0x00001f17) x30 0x8001354a
core   0: 0x8001254e (0xaa3f2b23) sw      gp, -1354(t5)
core   0: 3 0x8001254e (0xaa3f2b23) mem 0x80013000 0x00000001
core   0: 0x80012552 (0x0000bfe5) c.j     pc - 8
core   0: 3 0x80012552 (0xbfe5)
core   0: 0x8001254a (0x00001f17) auipc   t5, 0x1
core   0: 3 0x8001254a (0x00001f17) x30 0x8001354a
core   0: 0x8001254e (0xaa3f2b23) sw      gp, -1354(t5)
core   0: 3 0x8001254e (0xaa3f2b23) mem 0x80013000 0x00000001
core   0: 0x80012552 (0x0000bfe5) c.j     pc - 8
core   0: 3 0x80012552 (0xbfe5)
core   0: 0x8001254a (0x00001f17) auipc   t5, 0x1
core   0: 3 0x8001254a (0x00001f17) x30 0x8001354a
core   0: 0x8001254e (0xaa3f2b23) sw      gp, -1354(t5)
core   0: 3 0x8001254e (0xaa3f2b23) mem 0x80013000 0x00000001
core   0: 0x80012552 (0x0000bfe5) c.j     pc - 8
core   0: 3 0x80012552 (0xbfe5)
core   0: 0x8001254a (0x00001f17) auipc   t5, 0x1
core   0: 3 0x8001254a (0x00001f17) x30 0x8001354a
core   0: 0x8001254e (0xaa3f2b23) sw      gp, -1354(t5)
core   0: 3 0x8001254e (0xaa3f2b23) mem 0x80013000 0x00000001
core   0: 0x80012552 (0x0000bfe5) c.j     pc - 8
core   0: 3 0x80012552 (0xbfe5)
core   0: 0x8001254a (0x00001f17) auipc   t5, 0x1
core   0: 3 0x8001254a (0x00001f17) x30 0x8001354a
core   0: 0x8001254e (0xaa3f2b23) sw      gp, -1354(t5)
core   0: 3 0x8001254e (0xaa3f2b23) mem 0x80013000 0x00000001
core   0: 0x80012552 (0x0000bfe5) c.j     pc - 8
core   0: 3 0x80012552 (0xbfe5)
core   0: 0x8001254a (0x00001f17) auipc   t5, 0x1
core   0: 3 0x8001254a (0x00001f17) x30 0x8001354a
core   0: 0x8001254e (0xaa3f2b23) sw      gp, -1354(t5)
core   0: 3 0x8001254e (0xaa3f2b23) mem 0x80013000 0x00000001
core   0: 0x80012552 (0x0000bfe5) c.j     pc - 8
core   0: 3 0x80012552 (0xbfe5)
core   0: 0x8001254a (0x00001f17) auipc   t5, 0x1
core   0: 3 0x8001254a (0x00001f17) x30 0x8001354a
core   0: 0x8001254e (0xaa3f2b23) sw      gp, -1354(t5)
core   0: 3 0x8001254e (0xaa3f2b23) mem 0x80013000 0x00000001
core   0: 0x80012552 (0x0000bfe5) c.j     pc - 8
core   0: 3 0x80012552 (0xbfe5)
core   0: 0x8001254a (0x00001f17) auipc   t5, 0x1
core   0: 3 0x8001254a (0x00001f17) x30 0x8001354a
core   0: 0x8001254e (0xaa3f2b23) sw      gp, -1354(t5)
core   0: 3 0x8001254e (0xaa3f2b23) mem 0x80013000 0x00000001
core   0: 0x80012552 (0x0000bfe5) c.j     pc - 8
core   0: 3 0x80012552 (0xbfe5)
core   0: 0x8001254a (0x00001f17) auipc   t5, 0x1
core   0: 3 0x8001254a (0x00001f17) x30 0x8001354a
core   0: 0x8001254e (0xaa3f2b23) sw      gp, -1354(t5)
core   0: 3 0x8001254e (0xaa3f2b23) mem 0x80013000 0x00000001
core   0: 0x80012552 (0x0000bfe5) c.j     pc - 8
core   0: 3 0x80012552 (0xbfe5)
core   0: 0x8001254a (0x00001f17) auipc   t5, 0x1
core   0: 3 0x8001254a (0x00001f17) x30 0x8001354a
core   0: 0x8001254e (0xaa3f2b23) sw      gp, -1354(t5)
core   0: 3 0x8001254e (0xaa3f2b23) mem 0x80013000 0x00000001
core   0: 0x80012552 (0x0000bfe5) c.j     pc - 8
core   0: 3 0x80012552 (0xbfe5)
core   0: 0x8001254a (0x00001f17) auipc   t5, 0x1
core   0: 3 0x8001254a (0x00001f17) x30 0x8001354a
core   0: 0x8001254e (0xaa3f2b23) sw      gp, -1354(t5)
core   0: 3 0x8001254e (0xaa3f2b23) mem 0x80013000 0x00000001
core   0: 0x80012552 (0x0000bfe5) c.j     pc - 8
core   0: 3 0x80012552 (0xbfe5)
core   0: 0x8001254a (0x00001f17) auipc   t5, 0x1
core   0: 3 0x8001254a (0x00001f17) x30 0x8001354a
core   0: 0x8001254e (0xaa3f2b23) sw      gp, -1354(t5)
core   0: 3 0x8001254e (0xaa3f2b23) mem 0x80013000 0x00000001
core   0: 0x80012552 (0x0000bfe5) c.j     pc - 8
core   0: 3 0x80012552 (0xbfe5)
core   0: 0x8001254a (0x00001f17) auipc   t5, 0x1
core   0: 3 0x8001254a (0x00001f17) x30 0x8001354a
core   0: 0x8001254e (0xaa3f2b23) sw      gp, -1354(t5)
core   0: 3 0x8001254e (0xaa3f2b23) mem 0x80013000 0x00000001
core   0: 0x80012552 (0x0000bfe5) c.j     pc - 8
core   0: 3 0x80012552 (0xbfe5)
core   0: 0x8001254a (0x00001f17) auipc   t5, 0x1
core   0: 3 0x8001254a (0x00001f17) x30 0x8001354a
core   0: 0x8001254e (0xaa3f2b23) sw      gp, -1354(t5)
core   0: 3 0x8001254e (0xaa3f2b23) mem 0x80013000 0x00000001
core   0: 0x80012552 (0x0000bfe5) c.j     pc - 8
core   0: 3 0x80012552 (0xbfe5)
core   0: 0x8001254a (0x00001f17) auipc   t5, 0x1
core   0: 3 0x8001254a (0x00001f17) x30 0x8001354a
core   0: 0x8001254e (0xaa3f2b23) sw      gp, -1354(t5)
core   0: 3 0x8001254e (0xaa3f2b23) mem 0x80013000 0x00000001
core   0: 0x80012552 (0x0000bfe5) c.j     pc - 8
core   0: 3 0x80012552 (0xbfe5)
core   0: 0x8001254a (0x00001f17) auipc   t5, 0x1
core   0: 3 0x8001254a (0x00001f17) x30 0x8001354a
core   0: 0x8001254e (0xaa3f2b23) sw      gp, -1354(t5)
core   0: 3 0x8001254e (0xaa3f2b23) mem 0x80013000 0x00000001
core   0: 0x80012552 (0x0000bfe5) c.j     pc - 8
core   0: 3 0x80012552 (0xbfe5)
core   0: 0x8001254a (0x00001f17) auipc   t5, 0x1
core   0: 3 0x8001254a (0x00001f17) x30 0x8001354a
core   0: 0x8001254e (0xaa3f2b23) sw      gp, -1354(t5)
core   0: 3 0x8001254e (0xaa3f2b23) mem 0x80013000 0x00000001
core   0: 0x80012552 (0x0000bfe5) c.j     pc - 8
core   0: 3 0x80012552 (0xbfe5)
core   0: 0x8001254a (0x00001f17) auipc   t5, 0x1
core   0: 3 0x8001254a (0x00001f17) x30 0x8001354a
core   0: 0x8001254e (0xaa3f2b23) sw      gp, -1354(t5)
core   0: 3 0x8001254e (0xaa3f2b23) mem 0x80013000 0x00000001
core   0: 0x80012552 (0x0000bfe5) c.j     pc - 8
core   0: 3 0x80012552 (0xbfe5)
core   0: 0x8001254a (0x00001f17) auipc   t5, 0x1
core   0: 3 0x8001254a (0x00001f17) x30 0x8001354a
core   0: 0x8001254e (0xaa3f2b23) sw      gp, -1354(t5)
core   0: 3 0x8001254e (0xaa3f2b23) mem 0x80013000 0x00000001
core   0: 0x80012552 (0x0000bfe5) c.j     pc - 8
core   0: 3 0x80012552 (0xbfe5)
core   0: 0x8001254a (0x00001f17) auipc   t5, 0x1
core   0: 3 0x8001254a (0x00001f17) x30 0x8001354a
core   0: 0x8001254e (0xaa3f2b23) sw      gp, -1354(t5)
core   0: 3 0x8001254e (0xaa3f2b23) mem 0x80013000 0x00000001
core   0: 0x80012552 (0x0000bfe5) c.j     pc - 8
core   0: 3 0x80012552 (0xbfe5)
core   0: 0x8001254a (0x00001f17) auipc   t5, 0x1
core   0: 3 0x8001254a (0x00001f17) x30 0x8001354a
core   0: 0x8001254e (0xaa3f2b23) sw      gp, -1354(t5)
core   0: 3 0x8001254e (0xaa3f2b23) mem 0x80013000 0x00000001
core   0: 0x80012552 (0x0000bfe5) c.j     pc - 8
core   0: 3 0x80012552 (0xbfe5)
core   0: 0x8001254a (0x00001f17) auipc   t5, 0x1
core   0: 3 0x8001254a (0x00001f17) x30 0x8001354a
core   0: 0x8001254e (0xaa3f2b23) sw      gp, -1354(t5)
core   0: 3 0x8001254e (0xaa3f2b23) mem 0x80013000 0x00000001
core   0: 0x80012552 (0x0000bfe5) c.j     pc - 8
core   0: 3 0x80012552 (0xbfe5)
core   0: 0x8001254a (0x00001f17) auipc   t5, 0x1
core   0: 3 0x8001254a (0x00001f17) x30 0x8001354a
core   0: 0x8001254e (0xaa3f2b23) sw      gp, -1354(t5)
core   0: 3 0x8001254e (0xaa3f2b23) mem 0x80013000 0x00000001
core   0: 0x80012552 (0x0000bfe5) c.j     pc - 8
core   0: 3 0x80012552 (0xbfe5)
core   0: 0x8001254a (0x00001f17) auipc   t5, 0x1
core   0: 3 0x8001254a (0x00001f17) x30 0x8001354a
core   0: 0x8001254e (0xaa3f2b23) sw      gp, -1354(t5)
core   0: 3 0x8001254e (0xaa3f2b23) mem 0x80013000 0x00000001
core   0: 0x80012552 (0x0000bfe5) c.j     pc - 8
core   0: 3 0x80012552 (0xbfe5)
core   0: 0x8001254a (0x00001f17) auipc   t5, 0x1
core   0: 3 0x8001254a (0x00001f17) x30 0x8001354a
core   0: 0x8001254e (0xaa3f2b23) sw      gp, -1354(t5)
core   0: 3 0x8001254e (0xaa3f2b23) mem 0x80013000 0x00000001
core   0: 0x80012552 (0x0000bfe5) c.j     pc - 8
core   0: 3 0x80012552 (0xbfe5)
core   0: 0x8001254a (0x00001f17) auipc   t5, 0x1
core   0: 3 0x8001254a (0x00001f17) x30 0x8001354a
core   0: 0x8001254e (0xaa3f2b23) sw      gp, -1354(t5)
core   0: 3 0x8001254e (0xaa3f2b23) mem 0x80013000 0x00000001
core   0: 0x80012552 (0x0000bfe5) c.j     pc - 8
core   0: 3 0x80012552 (0xbfe5)
core   0: 0x8001254a (0x00001f17) auipc   t5, 0x1
core   0: 3 0x8001254a (0x00001f17) x30 0x8001354a
core   0: 0x8001254e (0xaa3f2b23) sw      gp, -1354(t5)
core   0: 3 0x8001254e (0xaa3f2b23) mem 0x80013000 0x00000001
core   0: 0x80012552 (0x0000bfe5) c.j     pc - 8
core   0: 3 0x80012552 (0xbfe5)
core   0: 0x8001254a (0x00001f17) auipc   t5, 0x1
core   0: 3 0x8001254a (0x00001f17) x30 0x8001354a
core   0: 0x8001254e (0xaa3f2b23) sw      gp, -1354(t5)
core   0: 3 0x8001254e (0xaa3f2b23) mem 0x80013000 0x00000001
core   0: 0x80012552 (0x0000bfe5) c.j     pc - 8
core   0: 3 0x80012552 (0xbfe5)
core   0: 0x8001254a (0x00001f17) auipc   t5, 0x1
core   0: 3 0x8001254a (0x00001f17) x30 0x8001354a
core   0: 0x8001254e (0xaa3f2b23) sw      gp, -1354(t5)
core   0: 3 0x8001254e (0xaa3f2b23) mem 0x80013000 0x00000001
core   0: 0x80012552 (0x0000bfe5) c.j     pc - 8
core   0: 3 0x80012552 (0xbfe5)
core   0: 0x8001254a (0x00001f17) auipc   t5, 0x1
core   0: 3 0x8001254a (0x00001f17) x30 0x8001354a
core   0: 0x8001254e (0xaa3f2b23) sw      gp, -1354(t5)
core   0: 3 0x8001254e (0xaa3f2b23) mem 0x80013000 0x00000001
core   0: 0x80012552 (0x0000bfe5) c.j     pc - 8
core   0: 3 0x80012552 (0xbfe5)
core   0: 0x8001254a (0x00001f17) auipc   t5, 0x1
core   0: 3 0x8001254a (0x00001f17) x30 0x8001354a
core   0: 0x8001254e (0xaa3f2b23) sw      gp, -1354(t5)
core   0: 3 0x8001254e (0xaa3f2b23) mem 0x80013000 0x00000001
core   0: 0x80012552 (0x0000bfe5) c.j     pc - 8
core   0: 3 0x80012552 (0xbfe5)
core   0: 0x8001254a (0x00001f17) auipc   t5, 0x1
core   0: 3 0x8001254a (0x00001f17) x30 0x8001354a
core   0: 0x8001254e (0xaa3f2b23) sw      gp, -1354(t5)
core   0: 3 0x8001254e (0xaa3f2b23) mem 0x80013000 0x00000001
core   0: 0x80012552 (0x0000bfe5) c.j     pc - 8
core   0: 3 0x80012552 (0xbfe5)
core   0: 0x8001254a (0x00001f17) auipc   t5, 0x1
core   0: 3 0x8001254a (0x00001f17) x30 0x8001354a
core   0: 0x8001254e (0xaa3f2b23) sw      gp, -1354(t5)
core   0: 3 0x8001254e (0xaa3f2b23) mem 0x80013000 0x00000001
core   0: 0x80012552 (0x0000bfe5) c.j     pc - 8
core   0: 3 0x80012552 (0xbfe5)
core   0: 0x8001254a (0x00001f17) auipc   t5, 0x1
core   0: 3 0x8001254a (0x00001f17) x30 0x8001354a
core   0: 0x8001254e (0xaa3f2b23) sw      gp, -1354(t5)
core   0: 3 0x8001254e (0xaa3f2b23) mem 0x80013000 0x00000001
core   0: 0x80012552 (0x0000bfe5) c.j     pc - 8
core   0: 3 0x80012552 (0xbfe5)
core   0: 0x8001254a (0x00001f17) auipc   t5, 0x1
core   0: 3 0x8001254a (0x00001f17) x30 0x8001354a
core   0: 0x8001254e (0xaa3f2b23) sw      gp, -1354(t5)
core   0: 3 0x8001254e (0xaa3f2b23) mem 0x80013000 0x00000001
core   0: 0x80012552 (0x0000bfe5) c.j     pc - 8
core   0: 3 0x80012552 (0xbfe5)
core   0: 0x8001254a (0x00001f17) auipc   t5, 0x1
core   0: 3 0x8001254a (0x00001f17) x30 0x8001354a
core   0: 0x8001254e (0xaa3f2b23) sw      gp, -1354(t5)
core   0: 3 0x8001254e (0xaa3f2b23) mem 0x80013000 0x00000001
core   0: 0x80012552 (0x0000bfe5) c.j     pc - 8
core   0: 3 0x80012552 (0xbfe5)
core   0: 0x8001254a (0x00001f17) auipc   t5, 0x1
core   0: 3 0x8001254a (0x00001f17) x30 0x8001354a
core   0: 0x8001254e (0xaa3f2b23) sw      gp, -1354(t5)
core   0: 3 0x8001254e (0xaa3f2b23) mem 0x80013000 0x00000001
core   0: 0x80012552 (0x0000bfe5) c.j     pc - 8
core   0: 3 0x80012552 (0xbfe5)
core   0: 0x8001254a (0x00001f17) auipc   t5, 0x1
core   0: 3 0x8001254a (0x00001f17) x30 0x8001354a
core   0: 0x8001254e (0xaa3f2b23) sw      gp, -1354(t5)
core   0: 3 0x8001254e (0xaa3f2b23) mem 0x80013000 0x00000001
core   0: 0x80012552 (0x0000bfe5) c.j     pc - 8
core   0: 3 0x80012552 (0xbfe5)
core   0: 0x8001254a (0x00001f17) auipc   t5, 0x1
core   0: 3 0x8001254a (0x00001f17) x30 0x8001354a
core   0: 0x8001254e (0xaa3f2b23) sw      gp, -1354(t5)
core   0: 3 0x8001254e (0xaa3f2b23) mem 0x80013000 0x00000001
core   0: 0x80012552 (0x0000bfe5) c.j     pc - 8
core   0: 3 0x80012552 (0xbfe5)
core   0: 0x8001254a (0x00001f17) auipc   t5, 0x1
core   0: 3 0x8001254a (0x00001f17) x30 0x8001354a
core   0: 0x8001254e (0xaa3f2b23) sw      gp, -1354(t5)
core   0: 3 0x8001254e (0xaa3f2b23) mem 0x80013000 0x00000001
core   0: 0x80012552 (0x0000bfe5) c.j     pc - 8
core   0: 3 0x80012552 (0xbfe5)
core   0: 0x8001254a (0x00001f17) auipc   t5, 0x1
core   0: 3 0x8001254a (0x00001f17) x30 0x8001354a
core   0: 0x8001254e (0xaa3f2b23) sw      gp, -1354(t5)
core   0: 3 0x8001254e (0xaa3f2b23) mem 0x80013000 0x00000001
core   0: 0x80012552 (0x0000bfe5) c.j     pc - 8
core   0: 3 0x80012552 (0xbfe5)
core   0: 0x8001254a (0x00001f17) auipc   t5, 0x1
core   0: 3 0x8001254a (0x00001f17) x30 0x8001354a
core   0: 0x8001254e (0xaa3f2b23) sw      gp, -1354(t5)
core   0: 3 0x8001254e (0xaa3f2b23) mem 0x80013000 0x00000001
core   0: 0x80012552 (0x0000bfe5) c.j     pc - 8
core   0: 3 0x80012552 (0xbfe5)
core   0: 0x8001254a (0x00001f17) auipc   t5, 0x1
core   0: 3 0x8001254a (0x00001f17) x30 0x8001354a
core   0: 0x8001254e (0xaa3f2b23) sw      gp, -1354(t5)
core   0: 3 0x8001254e (0xaa3f2b23) mem 0x80013000 0x00000001
core   0: 0x80012552 (0x0000bfe5) c.j     pc - 8
core   0: 3 0x80012552 (0xbfe5)
core   0: 0x8001254a (0x00001f17) auipc   t5, 0x1
core   0: 3 0x8001254a (0x00001f17) x30 0x8001354a
core   0: 0x8001254e (0xaa3f2b23) sw      gp, -1354(t5)
core   0: 3 0x8001254e (0xaa3f2b23) mem 0x80013000 0x00000001
core   0: 0x80012552 (0x0000bfe5) c.j     pc - 8
core   0: 3 0x80012552 (0xbfe5)
core   0: 0x8001254a (0x00001f17) auipc   t5, 0x1
core   0: 3 0x8001254a (0x00001f17) x30 0x8001354a
core   0: 0x8001254e (0xaa3f2b23) sw      gp, -1354(t5)
core   0: 3 0x8001254e (0xaa3f2b23) mem 0x80013000 0x00000001
core   0: 0x80012552 (0x0000bfe5) c.j     pc - 8
core   0: 3 0x80012552 (0xbfe5)
core   0: 0x8001254a (0x00001f17) auipc   t5, 0x1
core   0: 3 0x8001254a (0x00001f17) x30 0x8001354a
core   0: 0x8001254e (0xaa3f2b23) sw      gp, -1354(t5)
core   0: 3 0x8001254e (0xaa3f2b23) mem 0x80013000 0x00000001
core   0: 0x80012552 (0x0000bfe5) c.j     pc - 8
core   0: 3 0x80012552 (0xbfe5)
core   0: 0x8001254a (0x00001f17) auipc   t5, 0x1
core   0: 3 0x8001254a (0x00001f17) x30 0x8001354a
core   0: 0x8001254e (0xaa3f2b23) sw      gp, -1354(t5)
core   0: 3 0x8001254e (0xaa3f2b23) mem 0x80013000 0x00000001
core   0: 0x80012552 (0x0000bfe5) c.j     pc - 8
core   0: 3 0x80012552 (0xbfe5)
core   0: 0x8001254a (0x00001f17) auipc   t5, 0x1
core   0: 3 0x8001254a (0x00001f17) x30 0x8001354a
core   0: 0x8001254e (0xaa3f2b23) sw      gp, -1354(t5)
core   0: 3 0x8001254e (0xaa3f2b23) mem 0x80013000 0x00000001
core   0: 0x80012552 (0x0000bfe5) c.j     pc - 8
core   0: 3 0x80012552 (0xbfe5)
core   0: 0x8001254a (0x00001f17) auipc   t5, 0x1
core   0: 3 0x8001254a (0x00001f17) x30 0x8001354a
core   0: 0x8001254e (0xaa3f2b23) sw      gp, -1354(t5)
core   0: 3 0x8001254e (0xaa3f2b23) mem 0x80013000 0x00000001
core   0: 0x80012552 (0x0000bfe5) c.j     pc - 8
core   0: 3 0x80012552 (0xbfe5)
core   0: 0x8001254a (0x00001f17) auipc   t5, 0x1
core   0: 3 0x8001254a (0x00001f17) x30 0x8001354a
core   0: 0x8001254e (0xaa3f2b23) sw      gp, -1354(t5)
core   0: 3 0x8001254e (0xaa3f2b23) mem 0x80013000 0x00000001
core   0: 0x80012552 (0x0000bfe5) c.j     pc - 8
core   0: 3 0x80012552 (0xbfe5)
core   0: 0x8001254a (0x00001f17) auipc   t5, 0x1
core   0: 3 0x8001254a (0x00001f17) x30 0x8001354a
core   0: 0x8001254e (0xaa3f2b23) sw      gp, -1354(t5)
core   0: 3 0x8001254e (0xaa3f2b23) mem 0x80013000 0x00000001
core   0: 0x80012552 (0x0000bfe5) c.j     pc - 8
core   0: 3 0x80012552 (0xbfe5)
core   0: 0x8001254a (0x00001f17) auipc   t5, 0x1
core   0: 3 0x8001254a (0x00001f17) x30 0x8001354a
core   0: 0x8001254e (0xaa3f2b23) sw      gp, -1354(t5)
core   0: 3 0x8001254e (0xaa3f2b23) mem 0x80013000 0x00000001
core   0: 0x80012552 (0x0000bfe5) c.j     pc - 8
core   0: 3 0x80012552 (0xbfe5)
core   0: 0x8001254a (0x00001f17) auipc   t5, 0x1
core   0: 3 0x8001254a (0x00001f17) x30 0x8001354a
core   0: 0x8001254e (0xaa3f2b23) sw      gp, -1354(t5)
core   0: 3 0x8001254e (0xaa3f2b23) mem 0x80013000 0x00000001
core   0: 0x80012552 (0x0000bfe5) c.j     pc - 8
core   0: 3 0x80012552 (0xbfe5)
core   0: 0x8001254a (0x00001f17) auipc   t5, 0x1
core   0: 3 0x8001254a (0x00001f17) x30 0x8001354a
core   0: 0x8001254e (0xaa3f2b23) sw      gp, -1354(t5)
core   0: 3 0x8001254e (0xaa3f2b23) mem 0x80013000 0x00000001
core   0: 0x80012552 (0x0000bfe5) c.j     pc - 8
core   0: 3 0x80012552 (0xbfe5)
core   0: 0x8001254a (0x00001f17) auipc   t5, 0x1
core   0: 3 0x8001254a (0x00001f17) x30 0x8001354a
core   0: 0x8001254e (0xaa3f2b23) sw      gp, -1354(t5)
core   0: 3 0x8001254e (0xaa3f2b23) mem 0x80013000 0x00000001
core   0: 0x80012552 (0x0000bfe5) c.j     pc - 8
core   0: 3 0x80012552 (0xbfe5)
core   0: 0x8001254a (0x00001f17) auipc   t5, 0x1
core   0: 3 0x8001254a (0x00001f17) x30 0x8001354a
core   0: 0x8001254e (0xaa3f2b23) sw      gp, -1354(t5)
core   0: 3 0x8001254e (0xaa3f2b23) mem 0x80013000 0x00000001
core   0: 0x80012552 (0x0000bfe5) c.j     pc - 8
core   0: 3 0x80012552 (0xbfe5)
core   0: 0x8001254a (0x00001f17) auipc   t5, 0x1
core   0: 3 0x8001254a (0x00001f17) x30 0x8001354a
core   0: 0x8001254e (0xaa3f2b23) sw      gp, -1354(t5)
core   0: 3 0x8001254e (0xaa3f2b23) mem 0x80013000 0x00000001
core   0: 0x80012552 (0x0000bfe5) c.j     pc - 8
core   0: 3 0x80012552 (0xbfe5)
core   0: 0x8001254a (0x00001f17) auipc   t5, 0x1
core   0: 3 0x8001254a (0x00001f17) x30 0x8001354a
core   0: 0x8001254e (0xaa3f2b23) sw      gp, -1354(t5)
core   0: 3 0x8001254e (0xaa3f2b23) mem 0x80013000 0x00000001
core   0: 0x80012552 (0x0000bfe5) c.j     pc - 8
core   0: 3 0x80012552 (0xbfe5)
core   0: 0x8001254a (0x00001f17) auipc   t5, 0x1
core   0: 3 0x8001254a (0x00001f17) x30 0x8001354a
core   0: 0x8001254e (0xaa3f2b23) sw      gp, -1354(t5)
core   0: 3 0x8001254e (0xaa3f2b23) mem 0x80013000 0x00000001
core   0: 0x80012552 (0x0000bfe5) c.j     pc - 8
core   0: 3 0x80012552 (0xbfe5)
core   0: 0x8001254a (0x00001f17) auipc   t5, 0x1
core   0: 3 0x8001254a (0x00001f17) x30 0x8001354a
core   0: 0x8001254e (0xaa3f2b23) sw      gp, -1354(t5)
core   0: 3 0x8001254e (0xaa3f2b23) mem 0x80013000 0x00000001
core   0: 0x80012552 (0x0000bfe5) c.j     pc - 8
core   0: 3 0x80012552 (0xbfe5)
core   0: 0x8001254a (0x00001f17) auipc   t5, 0x1
core   0: 3 0x8001254a (0x00001f17) x30 0x8001354a
core   0: 0x8001254e (0xaa3f2b23) sw      gp, -1354(t5)
core   0: 3 0x8001254e (0xaa3f2b23) mem 0x80013000 0x00000001
core   0: 0x80012552 (0x0000bfe5) c.j     pc - 8
core   0: 3 0x80012552 (0xbfe5)
core   0: 0x8001254a (0x00001f17) auipc   t5, 0x1
core   0: 3 0x8001254a (0x00001f17) x30 0x8001354a
core   0: 0x8001254e (0xaa3f2b23) sw      gp, -1354(t5)
core   0: 3 0x8001254e (0xaa3f2b23) mem 0x80013000 0x00000001
core   0: 0x80012552 (0x0000bfe5) c.j     pc - 8
core   0: 3 0x80012552 (0xbfe5)
core   0: 0x8001254a (0x00001f17) auipc   t5, 0x1
core   0: 3 0x8001254a (0x00001f17) x30 0x8001354a
core   0: 0x8001254e (0xaa3f2b23) sw      gp, -1354(t5)
core   0: 3 0x8001254e (0xaa3f2b23) mem 0x80013000 0x00000001
core   0: 0x80012552 (0x0000bfe5) c.j     pc - 8
core   0: 3 0x80012552 (0xbfe5)
core   0: 0x8001254a (0x00001f17) auipc   t5, 0x1
core   0: 3 0x8001254a (0x00001f17) x30 0x8001354a
core   0: 0x8001254e (0xaa3f2b23) sw      gp, -1354(t5)
core   0: 3 0x8001254e (0xaa3f2b23) mem 0x80013000 0x00000001
core   0: 0x80012552 (0x0000bfe5) c.j     pc - 8
core   0: 3 0x80012552 (0xbfe5)
core   0: 0x8001254a (0x00001f17) auipc   t5, 0x1
core   0: 3 0x8001254a (0x00001f17) x30 0x8001354a
core   0: 0x8001254e (0xaa3f2b23) sw      gp, -1354(t5)
core   0: 3 0x8001254e (0xaa3f2b23) mem 0x80013000 0x00000001
core   0: 0x80012552 (0x0000bfe5) c.j     pc - 8
core   0: 3 0x80012552 (0xbfe5)
core   0: 0x8001254a (0x00001f17) auipc   t5, 0x1
core   0: 3 0x8001254a (0x00001f17) x30 0x8001354a
core   0: 0x8001254e (0xaa3f2b23) sw      gp, -1354(t5)
core   0: 3 0x8001254e (0xaa3f2b23) mem 0x80013000 0x00000001
core   0: 0x80012552 (0x0000bfe5) c.j     pc - 8
core   0: 3 0x80012552 (0xbfe5)
core   0: 0x8001254a (0x00001f17) auipc   t5, 0x1
core   0: 3 0x8001254a (0x00001f17) x30 0x8001354a
core   0: 0x8001254e (0xaa3f2b23) sw      gp, -1354(t5)
core   0: 3 0x8001254e (0xaa3f2b23) mem 0x80013000 0x00000001
core   0: 0x80012552 (0x0000bfe5) c.j     pc - 8
core   0: 3 0x80012552 (0xbfe5)
core   0: 0x8001254a (0x00001f17) auipc   t5, 0x1
core   0: 3 0x8001254a (0x00001f17) x30 0x8001354a
core   0: 0x8001254e (0xaa3f2b23) sw      gp, -1354(t5)
core   0: 3 0x8001254e (0xaa3f2b23) mem 0x80013000 0x00000001
core   0: 0x80012552 (0x0000bfe5) c.j     pc - 8
core   0: 3 0x80012552 (0xbfe5)
core   0: 0x8001254a (0x00001f17) auipc   t5, 0x1
core   0: 3 0x8001254a (0x00001f17) x30 0x8001354a
core   0: 0x8001254e (0xaa3f2b23) sw      gp, -1354(t5)
core   0: 3 0x8001254e (0xaa3f2b23) mem 0x80013000 0x00000001
core   0: 0x80012552 (0x0000bfe5) c.j     pc - 8
core   0: 3 0x80012552 (0xbfe5)
core   0: 0x8001254a (0x00001f17) auipc   t5, 0x1
core   0: 3 0x8001254a (0x00001f17) x30 0x8001354a
core   0: 0x8001254e (0xaa3f2b23) sw      gp, -1354(t5)
core   0: 3 0x8001254e (0xaa3f2b23) mem 0x80013000 0x00000001
core   0: 0x80012552 (0x0000bfe5) c.j     pc - 8
core   0: 3 0x80012552 (0xbfe5)
core   0: 0x8001254a (0x00001f17) auipc   t5, 0x1
core   0: 3 0x8001254a (0x00001f17) x30 0x8001354a
core   0: 0x8001254e (0xaa3f2b23) sw      gp, -1354(t5)
core   0: 3 0x8001254e (0xaa3f2b23) mem 0x80013000 0x00000001
core   0: 0x80012552 (0x0000bfe5) c.j     pc - 8
core   0: 3 0x80012552 (0xbfe5)
core   0: 0x8001254a (0x00001f17) auipc   t5, 0x1
core   0: 3 0x8001254a (0x00001f17) x30 0x8001354a
core   0: 0x8001254e (0xaa3f2b23) sw      gp, -1354(t5)
core   0: 3 0x8001254e (0xaa3f2b23) mem 0x80013000 0x00000001
core   0: 0x80012552 (0x0000bfe5) c.j     pc - 8
core   0: 3 0x80012552 (0xbfe5)
core   0: 0x8001254a (0x00001f17) auipc   t5, 0x1
core   0: 3 0x8001254a (0x00001f17) x30 0x8001354a
core   0: 0x8001254e (0xaa3f2b23) sw      gp, -1354(t5)
core   0: 3 0x8001254e (0xaa3f2b23) mem 0x80013000 0x00000001
core   0: 0x80012552 (0x0000bfe5) c.j     pc - 8
core   0: 3 0x80012552 (0xbfe5)
core   0: 0x8001254a (0x00001f17) auipc   t5, 0x1
core   0: 3 0x8001254a (0x00001f17) x30 0x8001354a
core   0: 0x8001254e (0xaa3f2b23) sw      gp, -1354(t5)
core   0: 3 0x8001254e (0xaa3f2b23) mem 0x80013000 0x00000001
core   0: 0x80012552 (0x0000bfe5) c.j     pc - 8
core   0: 3 0x80012552 (0xbfe5)
core   0: 0x8001254a (0x00001f17) auipc   t5, 0x1
core   0: 3 0x8001254a (0x00001f17) x30 0x8001354a
core   0: 0x8001254e (0xaa3f2b23) sw      gp, -1354(t5)
core   0: 3 0x8001254e (0xaa3f2b23) mem 0x80013000 0x00000001
core   0: 0x80012552 (0x0000bfe5) c.j     pc - 8
core   0: 3 0x80012552 (0xbfe5)
core   0: 0x8001254a (0x00001f17) auipc   t5, 0x1
core   0: 3 0x8001254a (0x00001f17) x30 0x8001354a
core   0: 0x8001254e (0xaa3f2b23) sw      gp, -1354(t5)
core   0: 3 0x8001254e (0xaa3f2b23) mem 0x80013000 0x00000001
core   0: 0x80012552 (0x0000bfe5) c.j     pc - 8
core   0: 3 0x80012552 (0xbfe5)
core   0: 0x8001254a (0x00001f17) auipc   t5, 0x1
core   0: 3 0x8001254a (0x00001f17) x30 0x8001354a
core   0: 0x8001254e (0xaa3f2b23) sw      gp, -1354(t5)
core   0: 3 0x8001254e (0xaa3f2b23) mem 0x80013000 0x00000001
core   0: 0x80012552 (0x0000bfe5) c.j     pc - 8
core   0: 3 0x80012552 (0xbfe5)
core   0: 0x8001254a (0x00001f17) auipc   t5, 0x1
core   0: 3 0x8001254a (0x00001f17) x30 0x8001354a
core   0: 0x8001254e (0xaa3f2b23) sw      gp, -1354(t5)
core   0: 3 0x8001254e (0xaa3f2b23) mem 0x80013000 0x00000001
core   0: 0x80012552 (0x0000bfe5) c.j     pc - 8
core   0: 3 0x80012552 (0xbfe5)
core   0: 0x8001254a (0x00001f17) auipc   t5, 0x1
core   0: 3 0x8001254a (0x00001f17) x30 0x8001354a
core   0: 0x8001254e (0xaa3f2b23) sw      gp, -1354(t5)
core   0: 3 0x8001254e (0xaa3f2b23) mem 0x80013000 0x00000001
core   0: 0x80012552 (0x0000bfe5) c.j     pc - 8
core   0: 3 0x80012552 (0xbfe5)
core   0: 0x8001254a (0x00001f17) auipc   t5, 0x1
core   0: 3 0x8001254a (0x00001f17) x30 0x8001354a
core   0: 0x8001254e (0xaa3f2b23) sw      gp, -1354(t5)
core   0: 3 0x8001254e (0xaa3f2b23) mem 0x80013000 0x00000001
core   0: 0x80012552 (0x0000bfe5) c.j     pc - 8
core   0: 3 0x80012552 (0xbfe5)
core   0: 0x8001254a (0x00001f17) auipc   t5, 0x1
core   0: 3 0x8001254a (0x00001f17) x30 0x8001354a
core   0: 0x8001254e (0xaa3f2b23) sw      gp, -1354(t5)
core   0: 3 0x8001254e (0xaa3f2b23) mem 0x80013000 0x00000001
core   0: 0x80012552 (0x0000bfe5) c.j     pc - 8
core   0: 3 0x80012552 (0xbfe5)
core   0: 0x8001254a (0x00001f17) auipc   t5, 0x1
core   0: 3 0x8001254a (0x00001f17) x30 0x8001354a
core   0: 0x8001254e (0xaa3f2b23) sw      gp, -1354(t5)
core   0: 3 0x8001254e (0xaa3f2b23) mem 0x80013000 0x00000001
core   0: 0x80012552 (0x0000bfe5) c.j     pc - 8
core   0: 3 0x80012552 (0xbfe5)
core   0: 0x8001254a (0x00001f17) auipc   t5, 0x1
core   0: 3 0x8001254a (0x00001f17) x30 0x8001354a
core   0: 0x8001254e (0xaa3f2b23) sw      gp, -1354(t5)
core   0: 3 0x8001254e (0xaa3f2b23) mem 0x80013000 0x00000001
core   0: 0x80012552 (0x0000bfe5) c.j     pc - 8
core   0: 3 0x80012552 (0xbfe5)
core   0: 0x8001254a (0x00001f17) auipc   t5, 0x1
core   0: 3 0x8001254a (0x00001f17) x30 0x8001354a
core   0: 0x8001254e (0xaa3f2b23) sw      gp, -1354(t5)
core   0: 3 0x8001254e (0xaa3f2b23) mem 0x80013000 0x00000001
core   0: 0x80012552 (0x0000bfe5) c.j     pc - 8
core   0: 3 0x80012552 (0xbfe5)
core   0: 0x8001254a (0x00001f17) auipc   t5, 0x1
core   0: 3 0x8001254a (0x00001f17) x30 0x8001354a
core   0: 0x8001254e (0xaa3f2b23) sw      gp, -1354(t5)
core   0: 3 0x8001254e (0xaa3f2b23) mem 0x80013000 0x00000001
core   0: 0x80012552 (0x0000bfe5) c.j     pc - 8
core   0: 3 0x80012552 (0xbfe5)
core   0: 0x8001254a (0x00001f17) auipc   t5, 0x1
core   0: 3 0x8001254a (0x00001f17) x30 0x8001354a
core   0: 0x8001254e (0xaa3f2b23) sw      gp, -1354(t5)
core   0: 3 0x8001254e (0xaa3f2b23) mem 0x80013000 0x00000001
core   0: 0x80012552 (0x0000bfe5) c.j     pc - 8
core   0: 3 0x80012552 (0xbfe5)
core   0: 0x8001254a (0x00001f17) auipc   t5, 0x1
core   0: 3 0x8001254a (0x00001f17) x30 0x8001354a
core   0: 0x8001254e (0xaa3f2b23) sw      gp, -1354(t5)
core   0: 3 0x8001254e (0xaa3f2b23) mem 0x80013000 0x00000001
core   0: 0x80012552 (0x0000bfe5) c.j     pc - 8
core   0: 3 0x80012552 (0xbfe5)
core   0: 0x8001254a (0x00001f17) auipc   t5, 0x1
core   0: 3 0x8001254a (0x00001f17) x30 0x8001354a
core   0: 0x8001254e (0xaa3f2b23) sw      gp, -1354(t5)
core   0: 3 0x8001254e (0xaa3f2b23) mem 0x80013000 0x00000001
core   0: 0x80012552 (0x0000bfe5) c.j     pc - 8
core   0: 3 0x80012552 (0xbfe5)
core   0: 0x8001254a (0x00001f17) auipc   t5, 0x1
core   0: 3 0x8001254a (0x00001f17) x30 0x8001354a
core   0: 0x8001254e (0xaa3f2b23) sw      gp, -1354(t5)
core   0: 3 0x8001254e (0xaa3f2b23) mem 0x80013000 0x00000001
core   0: 0x80012552 (0x0000bfe5) c.j     pc - 8
core   0: 3 0x80012552 (0xbfe5)
core   0: 0x8001254a (0x00001f17) auipc   t5, 0x1
core   0: 3 0x8001254a (0x00001f17) x30 0x8001354a
core   0: 0x8001254e (0xaa3f2b23) sw      gp, -1354(t5)
core   0: 3 0x8001254e (0xaa3f2b23) mem 0x80013000 0x00000001
core   0: 0x80012552 (0x0000bfe5) c.j     pc - 8
core   0: 3 0x80012552 (0xbfe5)
core   0: 0x8001254a (0x00001f17) auipc   t5, 0x1
core   0: 3 0x8001254a (0x00001f17) x30 0x8001354a
core   0: 0x8001254e (0xaa3f2b23) sw      gp, -1354(t5)
core   0: 3 0x8001254e (0xaa3f2b23) mem 0x80013000 0x00000001
core   0: 0x80012552 (0x0000bfe5) c.j     pc - 8
core   0: 3 0x80012552 (0xbfe5)
core   0: 0x8001254a (0x00001f17) auipc   t5, 0x1
core   0: 3 0x8001254a (0x00001f17) x30 0x8001354a
core   0: 0x8001254e (0xaa3f2b23) sw      gp, -1354(t5)
core   0: 3 0x8001254e (0xaa3f2b23) mem 0x80013000 0x00000001
core   0: 0x80012552 (0x0000bfe5) c.j     pc - 8
core   0: 3 0x80012552 (0xbfe5)
core   0: 0x8001254a (0x00001f17) auipc   t5, 0x1
core   0: 3 0x8001254a (0x00001f17) x30 0x8001354a
core   0: 0x8001254e (0xaa3f2b23) sw      gp, -1354(t5)
core   0: 3 0x8001254e (0xaa3f2b23) mem 0x80013000 0x00000001
core   0: 0x80012552 (0x0000bfe5) c.j     pc - 8
core   0: 3 0x80012552 (0xbfe5)
core   0: 0x8001254a (0x00001f17) auipc   t5, 0x1
core   0: 3 0x8001254a (0x00001f17) x30 0x8001354a
core   0: 0x8001254e (0xaa3f2b23) sw      gp, -1354(t5)
core   0: 3 0x8001254e (0xaa3f2b23) mem 0x80013000 0x00000001
core   0: 0x80012552 (0x0000bfe5) c.j     pc - 8
core   0: 3 0x80012552 (0xbfe5)
core   0: 0x8001254a (0x00001f17) auipc   t5, 0x1
core   0: 3 0x8001254a (0x00001f17) x30 0x8001354a
core   0: 0x8001254e (0xaa3f2b23) sw      gp, -1354(t5)
core   0: 3 0x8001254e (0xaa3f2b23) mem 0x80013000 0x00000001
core   0: 0x80012552 (0x0000bfe5) c.j     pc - 8
core   0: 3 0x80012552 (0xbfe5)
core   0: 0x8001254a (0x00001f17) auipc   t5, 0x1
core   0: 3 0x8001254a (0x00001f17) x30 0x8001354a
core   0: 0x8001254e (0xaa3f2b23) sw      gp, -1354(t5)
core   0: 3 0x8001254e (0xaa3f2b23) mem 0x80013000 0x00000001
core   0: 0x80012552 (0x0000bfe5) c.j     pc - 8
core   0: 3 0x80012552 (0xbfe5)
core   0: 0x8001254a (0x00001f17) auipc   t5, 0x1
core   0: 3 0x8001254a (0x00001f17) x30 0x8001354a
core   0: 0x8001254e (0xaa3f2b23) sw      gp, -1354(t5)
core   0: 3 0x8001254e (0xaa3f2b23) mem 0x80013000 0x00000001
core   0: 0x80012552 (0x0000bfe5) c.j     pc - 8
core   0: 3 0x80012552 (0xbfe5)
core   0: 0x8001254a (0x00001f17) auipc   t5, 0x1
core   0: 3 0x8001254a (0x00001f17) x30 0x8001354a
core   0: 0x8001254e (0xaa3f2b23) sw      gp, -1354(t5)
core   0: 3 0x8001254e (0xaa3f2b23) mem 0x80013000 0x00000001
core   0: 0x80012552 (0x0000bfe5) c.j     pc - 8
core   0: 3 0x80012552 (0xbfe5)
core   0: 0x8001254a (0x00001f17) auipc   t5, 0x1
core   0: 3 0x8001254a (0x00001f17) x30 0x8001354a
core   0: 0x8001254e (0xaa3f2b23) sw      gp, -1354(t5)
core   0: 3 0x8001254e (0xaa3f2b23) mem 0x80013000 0x00000001
core   0: 0x80012552 (0x0000bfe5) c.j     pc - 8
core   0: 3 0x80012552 (0xbfe5)
core   0: 0x8001254a (0x00001f17) auipc   t5, 0x1
core   0: 3 0x8001254a (0x00001f17) x30 0x8001354a
core   0: 0x8001254e (0xaa3f2b23) sw      gp, -1354(t5)
core   0: 3 0x8001254e (0xaa3f2b23) mem 0x80013000 0x00000001
core   0: 0x80012552 (0x0000bfe5) c.j     pc - 8
core   0: 3 0x80012552 (0xbfe5)
core   0: 0x8001254a (0x00001f17) auipc   t5, 0x1
core   0: 3 0x8001254a (0x00001f17) x30 0x8001354a
core   0: 0x8001254e (0xaa3f2b23) sw      gp, -1354(t5)
core   0: 3 0x8001254e (0xaa3f2b23) mem 0x80013000 0x00000001
core   0: 0x80012552 (0x0000bfe5) c.j     pc - 8
core   0: 3 0x80012552 (0xbfe5)
core   0: 0x8001254a (0x00001f17) auipc   t5, 0x1
core   0: 3 0x8001254a (0x00001f17) x30 0x8001354a
core   0: 0x8001254e (0xaa3f2b23) sw      gp, -1354(t5)
core   0: 3 0x8001254e (0xaa3f2b23) mem 0x80013000 0x00000001
core   0: 0x80012552 (0x0000bfe5) c.j     pc - 8
core   0: 3 0x80012552 (0xbfe5)
core   0: 0x8001254a (0x00001f17) auipc   t5, 0x1
core   0: 3 0x8001254a (0x00001f17) x30 0x8001354a
core   0: 0x8001254e (0xaa3f2b23) sw      gp, -1354(t5)
core   0: 3 0x8001254e (0xaa3f2b23) mem 0x80013000 0x00000001
core   0: 0x80012552 (0x0000bfe5) c.j     pc - 8
core   0: 3 0x80012552 (0xbfe5)
core   0: 0x8001254a (0x00001f17) auipc   t5, 0x1
core   0: 3 0x8001254a (0x00001f17) x30 0x8001354a
core   0: 0x8001254e (0xaa3f2b23) sw      gp, -1354(t5)
core   0: 3 0x8001254e (0xaa3f2b23) mem 0x80013000 0x00000001
core   0: 0x80012552 (0x0000bfe5) c.j     pc - 8
core   0: 3 0x80012552 (0xbfe5)
core   0: 0x8001254a (0x00001f17) auipc   t5, 0x1
core   0: 3 0x8001254a (0x00001f17) x30 0x8001354a
core   0: 0x8001254e (0xaa3f2b23) sw      gp, -1354(t5)
core   0: 3 0x8001254e (0xaa3f2b23) mem 0x80013000 0x00000001
core   0: 0x80012552 (0x0000bfe5) c.j     pc - 8
core   0: 3 0x80012552 (0xbfe5)
core   0: 0x8001254a (0x00001f17) auipc   t5, 0x1
core   0: 3 0x8001254a (0x00001f17) x30 0x8001354a
core   0: 0x8001254e (0xaa3f2b23) sw      gp, -1354(t5)
core   0: 3 0x8001254e (0xaa3f2b23) mem 0x80013000 0x00000001
core   0: 0x80012552 (0x0000bfe5) c.j     pc - 8
core   0: 3 0x80012552 (0xbfe5)
core   0: 0x8001254a (0x00001f17) auipc   t5, 0x1
core   0: 3 0x8001254a (0x00001f17) x30 0x8001354a
core   0: 0x8001254e (0xaa3f2b23) sw      gp, -1354(t5)
core   0: 3 0x8001254e (0xaa3f2b23) mem 0x80013000 0x00000001
core   0: 0x80012552 (0x0000bfe5) c.j     pc - 8
core   0: 3 0x80012552 (0xbfe5)
core   0: 0x8001254a (0x00001f17) auipc   t5, 0x1
core   0: 3 0x8001254a (0x00001f17) x30 0x8001354a
core   0: 0x8001254e (0xaa3f2b23) sw      gp, -1354(t5)
core   0: 3 0x8001254e (0xaa3f2b23) mem 0x80013000 0x00000001
core   0: 0x80012552 (0x0000bfe5) c.j     pc - 8
core   0: 3 0x80012552 (0xbfe5)
core   0: 0x8001254a (0x00001f17) auipc   t5, 0x1
core   0: 3 0x8001254a (0x00001f17) x30 0x8001354a
core   0: 0x8001254e (0xaa3f2b23) sw      gp, -1354(t5)
core   0: 3 0x8001254e (0xaa3f2b23) mem 0x80013000 0x00000001
core   0: 0x80012552 (0x0000bfe5) c.j     pc - 8
core   0: 3 0x80012552 (0xbfe5)
core   0: 0x8001254a (0x00001f17) auipc   t5, 0x1
core   0: 3 0x8001254a (0x00001f17) x30 0x8001354a
core   0: 0x8001254e (0xaa3f2b23) sw      gp, -1354(t5)
core   0: 3 0x8001254e (0xaa3f2b23) mem 0x80013000 0x00000001
core   0: 0x80012552 (0x0000bfe5) c.j     pc - 8
core   0: 3 0x80012552 (0xbfe5)
core   0: 0x8001254a (0x00001f17) auipc   t5, 0x1
core   0: 3 0x8001254a (0x00001f17) x30 0x8001354a
core   0: 0x8001254e (0xaa3f2b23) sw      gp, -1354(t5)
core   0: 3 0x8001254e (0xaa3f2b23) mem 0x80013000 0x00000001
core   0: 0x80012552 (0x0000bfe5) c.j     pc - 8
core   0: 3 0x80012552 (0xbfe5)
core   0: 0x8001254a (0x00001f17) auipc   t5, 0x1
core   0: 3 0x8001254a (0x00001f17) x30 0x8001354a
core   0: 0x8001254e (0xaa3f2b23) sw      gp, -1354(t5)
core   0: 3 0x8001254e (0xaa3f2b23) mem 0x80013000 0x00000001
core   0: 0x80012552 (0x0000bfe5) c.j     pc - 8
core   0: 3 0x80012552 (0xbfe5)
core   0: 0x8001254a (0x00001f17) auipc   t5, 0x1
core   0: 3 0x8001254a (0x00001f17) x30 0x8001354a
core   0: 0x8001254e (0xaa3f2b23) sw      gp, -1354(t5)
core   0: 3 0x8001254e (0xaa3f2b23) mem 0x80013000 0x00000001
core   0: 0x80012552 (0x0000bfe5) c.j     pc - 8
core   0: 3 0x80012552 (0xbfe5)
core   0: 0x8001254a (0x00001f17) auipc   t5, 0x1
core   0: 3 0x8001254a (0x00001f17) x30 0x8001354a
core   0: 0x8001254e (0xaa3f2b23) sw      gp, -1354(t5)
core   0: 3 0x8001254e (0xaa3f2b23) mem 0x80013000 0x00000001
core   0: 0x80012552 (0x0000bfe5) c.j     pc - 8
core   0: 3 0x80012552 (0xbfe5)
core   0: 0x8001254a (0x00001f17) auipc   t5, 0x1
core   0: 3 0x8001254a (0x00001f17) x30 0x8001354a
core   0: 0x8001254e (0xaa3f2b23) sw      gp, -1354(t5)
core   0: 3 0x8001254e (0xaa3f2b23) mem 0x80013000 0x00000001
core   0: 0x80012552 (0x0000bfe5) c.j     pc - 8
core   0: 3 0x80012552 (0xbfe5)
core   0: 0x8001254a (0x00001f17) auipc   t5, 0x1
core   0: 3 0x8001254a (0x00001f17) x30 0x8001354a
core   0: 0x8001254e (0xaa3f2b23) sw      gp, -1354(t5)
core   0: 3 0x8001254e (0xaa3f2b23) mem 0x80013000 0x00000001
core   0: 0x80012552 (0x0000bfe5) c.j     pc - 8
core   0: 3 0x80012552 (0xbfe5)
core   0: 0x8001254a (0x00001f17) auipc   t5, 0x1
core   0: 3 0x8001254a (0x00001f17) x30 0x8001354a
core   0: 0x8001254e (0xaa3f2b23) sw      gp, -1354(t5)
core   0: 3 0x8001254e (0xaa3f2b23) mem 0x80013000 0x00000001
core   0: 0x80012552 (0x0000bfe5) c.j     pc - 8
core   0: 3 0x80012552 (0xbfe5)
core   0: 0x8001254a (0x00001f17) auipc   t5, 0x1
core   0: 3 0x8001254a (0x00001f17) x30 0x8001354a
core   0: 0x8001254e (0xaa3f2b23) sw      gp, -1354(t5)
core   0: 3 0x8001254e (0xaa3f2b23) mem 0x80013000 0x00000001
core   0: 0x80012552 (0x0000bfe5) c.j     pc - 8
core   0: 3 0x80012552 (0xbfe5)
core   0: 0x8001254a (0x00001f17) auipc   t5, 0x1
core   0: 3 0x8001254a (0x00001f17) x30 0x8001354a
core   0: 0x8001254e (0xaa3f2b23) sw      gp, -1354(t5)
core   0: 3 0x8001254e (0xaa3f2b23) mem 0x80013000 0x00000001
core   0: 0x80012552 (0x0000bfe5) c.j     pc - 8
core   0: 3 0x80012552 (0xbfe5)
core   0: 0x8001254a (0x00001f17) auipc   t5, 0x1
core   0: 3 0x8001254a (0x00001f17) x30 0x8001354a
core   0: 0x8001254e (0xaa3f2b23) sw      gp, -1354(t5)
core   0: 3 0x8001254e (0xaa3f2b23) mem 0x80013000 0x00000001
core   0: 0x80012552 (0x0000bfe5) c.j     pc - 8
core   0: 3 0x80012552 (0xbfe5)
core   0: 0x8001254a (0x00001f17) auipc   t5, 0x1
core   0: 3 0x8001254a (0x00001f17) x30 0x8001354a
core   0: 0x8001254e (0xaa3f2b23) sw      gp, -1354(t5)
core   0: 3 0x8001254e (0xaa3f2b23) mem 0x80013000 0x00000001
core   0: 0x80012552 (0x0000bfe5) c.j     pc - 8
core   0: 3 0x80012552 (0xbfe5)
core   0: 0x8001254a (0x00001f17) auipc   t5, 0x1
core   0: 3 0x8001254a (0x00001f17) x30 0x8001354a
core   0: 0x8001254e (0xaa3f2b23) sw      gp, -1354(t5)
core   0: 3 0x8001254e (0xaa3f2b23) mem 0x80013000 0x00000001
core   0: 0x80012552 (0x0000bfe5) c.j     pc - 8
core   0: 3 0x80012552 (0xbfe5)
core   0: 0x8001254a (0x00001f17) auipc   t5, 0x1
core   0: 3 0x8001254a (0x00001f17) x30 0x8001354a
core   0: 0x8001254e (0xaa3f2b23) sw      gp, -1354(t5)
core   0: 3 0x8001254e (0xaa3f2b23) mem 0x80013000 0x00000001
core   0: 0x80012552 (0x0000bfe5) c.j     pc - 8
core   0: 3 0x80012552 (0xbfe5)
core   0: 0x8001254a (0x00001f17) auipc   t5, 0x1
core   0: 3 0x8001254a (0x00001f17) x30 0x8001354a
core   0: 0x8001254e (0xaa3f2b23) sw      gp, -1354(t5)
core   0: 3 0x8001254e (0xaa3f2b23) mem 0x80013000 0x00000001
core   0: 0x80012552 (0x0000bfe5) c.j     pc - 8
core   0: 3 0x80012552 (0xbfe5)
core   0: 0x8001254a (0x00001f17) auipc   t5, 0x1
core   0: 3 0x8001254a (0x00001f17) x30 0x8001354a
core   0: 0x8001254e (0xaa3f2b23) sw      gp, -1354(t5)
core   0: 3 0x8001254e (0xaa3f2b23) mem 0x80013000 0x00000001
core   0: 0x80012552 (0x0000bfe5) c.j     pc - 8
core   0: 3 0x80012552 (0xbfe5)
core   0: 0x8001254a (0x00001f17) auipc   t5, 0x1
core   0: 3 0x8001254a (0x00001f17) x30 0x8001354a
core   0: 0x8001254e (0xaa3f2b23) sw      gp, -1354(t5)
core   0: 3 0x8001254e (0xaa3f2b23) mem 0x80013000 0x00000001
core   0: 0x80012552 (0x0000bfe5) c.j     pc - 8
core   0: 3 0x80012552 (0xbfe5)
core   0: 0x8001254a (0x00001f17) auipc   t5, 0x1
core   0: 3 0x8001254a (0x00001f17) x30 0x8001354a
core   0: 0x8001254e (0xaa3f2b23) sw      gp, -1354(t5)
core   0: 3 0x8001254e (0xaa3f2b23) mem 0x80013000 0x00000001
core   0: 0x80012552 (0x0000bfe5) c.j     pc - 8
core   0: 3 0x80012552 (0xbfe5)
core   0: 0x8001254a (0x00001f17) auipc   t5, 0x1
core   0: 3 0x8001254a (0x00001f17) x30 0x8001354a
core   0: 0x8001254e (0xaa3f2b23) sw      gp, -1354(t5)
core   0: 3 0x8001254e (0xaa3f2b23) mem 0x80013000 0x00000001
core   0: 0x80012552 (0x0000bfe5) c.j     pc - 8
core   0: 3 0x80012552 (0xbfe5)
core   0: 0x8001254a (0x00001f17) auipc   t5, 0x1
core   0: 3 0x8001254a (0x00001f17) x30 0x8001354a
core   0: 0x8001254e (0xaa3f2b23) sw      gp, -1354(t5)
core   0: 3 0x8001254e (0xaa3f2b23) mem 0x80013000 0x00000001
core   0: 0x80012552 (0x0000bfe5) c.j     pc - 8
core   0: 3 0x80012552 (0xbfe5)
core   0: 0x8001254a (0x00001f17) auipc   t5, 0x1
core   0: 3 0x8001254a (0x00001f17) x30 0x8001354a
core   0: 0x8001254e (0xaa3f2b23) sw      gp, -1354(t5)
core   0: 3 0x8001254e (0xaa3f2b23) mem 0x80013000 0x00000001
core   0: 0x80012552 (0x0000bfe5) c.j     pc - 8
core   0: 3 0x80012552 (0xbfe5)
core   0: 0x8001254a (0x00001f17) auipc   t5, 0x1
core   0: 3 0x8001254a (0x00001f17) x30 0x8001354a
core   0: 0x8001254e (0xaa3f2b23) sw      gp, -1354(t5)
core   0: 3 0x8001254e (0xaa3f2b23) mem 0x80013000 0x00000001
core   0: 0x80012552 (0x0000bfe5) c.j     pc - 8
core   0: 3 0x80012552 (0xbfe5)
core   0: 0x8001254a (0x00001f17) auipc   t5, 0x1
core   0: 3 0x8001254a (0x00001f17) x30 0x8001354a
core   0: 0x8001254e (0xaa3f2b23) sw      gp, -1354(t5)
core   0: 3 0x8001254e (0xaa3f2b23) mem 0x80013000 0x00000001
core   0: 0x80012552 (0x0000bfe5) c.j     pc - 8
core   0: 3 0x80012552 (0xbfe5)
core   0: 0x8001254a (0x00001f17) auipc   t5, 0x1
core   0: 3 0x8001254a (0x00001f17) x30 0x8001354a
core   0: 0x8001254e (0xaa3f2b23) sw      gp, -1354(t5)
core   0: 3 0x8001254e (0xaa3f2b23) mem 0x80013000 0x00000001
core   0: 0x80012552 (0x0000bfe5) c.j     pc - 8
core   0: 3 0x80012552 (0xbfe5)
core   0: 0x8001254a (0x00001f17) auipc   t5, 0x1
core   0: 3 0x8001254a (0x00001f17) x30 0x8001354a
core   0: 0x8001254e (0xaa3f2b23) sw      gp, -1354(t5)
core   0: 3 0x8001254e (0xaa3f2b23) mem 0x80013000 0x00000001
core   0: 0x80012552 (0x0000bfe5) c.j     pc - 8
core   0: 3 0x80012552 (0xbfe5)
core   0: 0x8001254a (0x00001f17) auipc   t5, 0x1
core   0: 3 0x8001254a (0x00001f17) x30 0x8001354a
core   0: 0x8001254e (0xaa3f2b23) sw      gp, -1354(t5)
core   0: 3 0x8001254e (0xaa3f2b23) mem 0x80013000 0x00000001
core   0: 0x80012552 (0x0000bfe5) c.j     pc - 8
core   0: 3 0x80012552 (0xbfe5)
core   0: 0x8001254a (0x00001f17) auipc   t5, 0x1
core   0: 3 0x8001254a (0x00001f17) x30 0x8001354a
core   0: 0x8001254e (0xaa3f2b23) sw      gp, -1354(t5)
core   0: 3 0x8001254e (0xaa3f2b23) mem 0x80013000 0x00000001
core   0: 0x80012552 (0x0000bfe5) c.j     pc - 8
core   0: 3 0x80012552 (0xbfe5)
core   0: 0x8001254a (0x00001f17) auipc   t5, 0x1
core   0: 3 0x8001254a (0x00001f17) x30 0x8001354a
core   0: 0x8001254e (0xaa3f2b23) sw      gp, -1354(t5)
core   0: 3 0x8001254e (0xaa3f2b23) mem 0x80013000 0x00000001
core   0: 0x80012552 (0x0000bfe5) c.j     pc - 8
core   0: 3 0x80012552 (0xbfe5)
core   0: 0x8001254a (0x00001f17) auipc   t5, 0x1
core   0: 3 0x8001254a (0x00001f17) x30 0x8001354a
core   0: 0x8001254e (0xaa3f2b23) sw      gp, -1354(t5)
core   0: 3 0x8001254e (0xaa3f2b23) mem 0x80013000 0x00000001
core   0: 0x80012552 (0x0000bfe5) c.j     pc - 8
core   0: 3 0x80012552 (0xbfe5)
core   0: 0x8001254a (0x00001f17) auipc   t5, 0x1
core   0: 3 0x8001254a (0x00001f17) x30 0x8001354a
core   0: 0x8001254e (0xaa3f2b23) sw      gp, -1354(t5)
core   0: 3 0x8001254e (0xaa3f2b23) mem 0x80013000 0x00000001
core   0: 0x80012552 (0x0000bfe5) c.j     pc - 8
core   0: 3 0x80012552 (0xbfe5)
core   0: 0x8001254a (0x00001f17) auipc   t5, 0x1
core   0: 3 0x8001254a (0x00001f17) x30 0x8001354a
core   0: 0x8001254e (0xaa3f2b23) sw      gp, -1354(t5)
core   0: 3 0x8001254e (0xaa3f2b23) mem 0x80013000 0x00000001
core   0: 0x80012552 (0x0000bfe5) c.j     pc - 8
core   0: 3 0x80012552 (0xbfe5)
core   0: 0x8001254a (0x00001f17) auipc   t5, 0x1
core   0: 3 0x8001254a (0x00001f17) x30 0x8001354a
core   0: 0x8001254e (0xaa3f2b23) sw      gp, -1354(t5)
core   0: 3 0x8001254e (0xaa3f2b23) mem 0x80013000 0x00000001
core   0: 0x80012552 (0x0000bfe5) c.j     pc - 8
core   0: 3 0x80012552 (0xbfe5)
core   0: 0x8001254a (0x00001f17) auipc   t5, 0x1
core   0: 3 0x8001254a (0x00001f17) x30 0x8001354a
core   0: 0x8001254e (0xaa3f2b23) sw      gp, -1354(t5)
core   0: 3 0x8001254e (0xaa3f2b23) mem 0x80013000 0x00000001
core   0: 0x80012552 (0x0000bfe5) c.j     pc - 8
core   0: 3 0x80012552 (0xbfe5)
core   0: 0x8001254a (0x00001f17) auipc   t5, 0x1
core   0: 3 0x8001254a (0x00001f17) x30 0x8001354a
core   0: 0x8001254e (0xaa3f2b23) sw      gp, -1354(t5)
core   0: 3 0x8001254e (0xaa3f2b23) mem 0x80013000 0x00000001
core   0: 0x80012552 (0x0000bfe5) c.j     pc - 8
core   0: 3 0x80012552 (0xbfe5)
core   0: 0x8001254a (0x00001f17) auipc   t5, 0x1
core   0: 3 0x8001254a (0x00001f17) x30 0x8001354a
core   0: 0x8001254e (0xaa3f2b23) sw      gp, -1354(t5)
core   0: 3 0x8001254e (0xaa3f2b23) mem 0x80013000 0x00000001
core   0: 0x80012552 (0x0000bfe5) c.j     pc - 8
core   0: 3 0x80012552 (0xbfe5)
core   0: 0x8001254a (0x00001f17) auipc   t5, 0x1
core   0: 3 0x8001254a (0x00001f17) x30 0x8001354a
core   0: 0x8001254e (0xaa3f2b23) sw      gp, -1354(t5)
core   0: 3 0x8001254e (0xaa3f2b23) mem 0x80013000 0x00000001
core   0: 0x80012552 (0x0000bfe5) c.j     pc - 8
core   0: 3 0x80012552 (0xbfe5)
core   0: 0x8001254a (0x00001f17) auipc   t5, 0x1
core   0: 3 0x8001254a (0x00001f17) x30 0x8001354a
core   0: 0x8001254e (0xaa3f2b23) sw      gp, -1354(t5)
core   0: 3 0x8001254e (0xaa3f2b23) mem 0x80013000 0x00000001
core   0: 0x80012552 (0x0000bfe5) c.j     pc - 8
core   0: 3 0x80012552 (0xbfe5)
core   0: 0x8001254a (0x00001f17) auipc   t5, 0x1
core   0: 3 0x8001254a (0x00001f17) x30 0x8001354a
core   0: 0x8001254e (0xaa3f2b23) sw      gp, -1354(t5)
core   0: 3 0x8001254e (0xaa3f2b23) mem 0x80013000 0x00000001
core   0: 0x80012552 (0x0000bfe5) c.j     pc - 8
core   0: 3 0x80012552 (0xbfe5)
core   0: 0x8001254a (0x00001f17) auipc   t5, 0x1
core   0: 3 0x8001254a (0x00001f17) x30 0x8001354a
core   0: 0x8001254e (0xaa3f2b23) sw      gp, -1354(t5)
core   0: 3 0x8001254e (0xaa3f2b23) mem 0x80013000 0x00000001
core   0: 0x80012552 (0x0000bfe5) c.j     pc - 8
core   0: 3 0x80012552 (0xbfe5)
core   0: 0x8001254a (0x00001f17) auipc   t5, 0x1
core   0: 3 0x8001254a (0x00001f17) x30 0x8001354a
core   0: 0x8001254e (0xaa3f2b23) sw      gp, -1354(t5)
core   0: 3 0x8001254e (0xaa3f2b23) mem 0x80013000 0x00000001
core   0: 0x80012552 (0x0000bfe5) c.j     pc - 8
core   0: 3 0x80012552 (0xbfe5)
core   0: 0x8001254a (0x00001f17) auipc   t5, 0x1
core   0: 3 0x8001254a (0x00001f17) x30 0x8001354a
core   0: 0x8001254e (0xaa3f2b23) sw      gp, -1354(t5)
core   0: 3 0x8001254e (0xaa3f2b23) mem 0x80013000 0x00000001
core   0: 0x80012552 (0x0000bfe5) c.j     pc - 8
core   0: 3 0x80012552 (0xbfe5)
core   0: 0x8001254a (0x00001f17) auipc   t5, 0x1
core   0: 3 0x8001254a (0x00001f17) x30 0x8001354a
core   0: 0x8001254e (0xaa3f2b23) sw      gp, -1354(t5)
core   0: 3 0x8001254e (0xaa3f2b23) mem 0x80013000 0x00000001
core   0: 0x80012552 (0x0000bfe5) c.j     pc - 8
core   0: 3 0x80012552 (0xbfe5)
core   0: 0x8001254a (0x00001f17) auipc   t5, 0x1
core   0: 3 0x8001254a (0x00001f17) x30 0x8001354a
core   0: 0x8001254e (0xaa3f2b23) sw      gp, -1354(t5)
core   0: 3 0x8001254e (0xaa3f2b23) mem 0x80013000 0x00000001
core   0: 0x80012552 (0x0000bfe5) c.j     pc - 8
core   0: 3 0x80012552 (0xbfe5)
core   0: 0x8001254a (0x00001f17) auipc   t5, 0x1
core   0: 3 0x8001254a (0x00001f17) x30 0x8001354a
core   0: 0x8001254e (0xaa3f2b23) sw      gp, -1354(t5)
core   0: 3 0x8001254e (0xaa3f2b23) mem 0x80013000 0x00000001
core   0: 0x80012552 (0x0000bfe5) c.j     pc - 8
core   0: 3 0x80012552 (0xbfe5)
core   0: 0x8001254a (0x00001f17) auipc   t5, 0x1
core   0: 3 0x8001254a (0x00001f17) x30 0x8001354a
core   0: 0x8001254e (0xaa3f2b23) sw      gp, -1354(t5)
core   0: 3 0x8001254e (0xaa3f2b23) mem 0x80013000 0x00000001
core   0: 0x80012552 (0x0000bfe5) c.j     pc - 8
core   0: 3 0x80012552 (0xbfe5)
core   0: 0x8001254a (0x00001f17) auipc   t5, 0x1
core   0: 3 0x8001254a (0x00001f17) x30 0x8001354a
core   0: 0x8001254e (0xaa3f2b23) sw      gp, -1354(t5)
core   0: 3 0x8001254e (0xaa3f2b23) mem 0x80013000 0x00000001
core   0: 0x80012552 (0x0000bfe5) c.j     pc - 8
core   0: 3 0x80012552 (0xbfe5)
core   0: 0x8001254a (0x00001f17) auipc   t5, 0x1
core   0: 3 0x8001254a (0x00001f17) x30 0x8001354a
core   0: 0x8001254e (0xaa3f2b23) sw      gp, -1354(t5)
core   0: 3 0x8001254e (0xaa3f2b23) mem 0x80013000 0x00000001
core   0: 0x80012552 (0x0000bfe5) c.j     pc - 8
core   0: 3 0x80012552 (0xbfe5)
core   0: 0x8001254a (0x00001f17) auipc   t5, 0x1
core   0: 3 0x8001254a (0x00001f17) x30 0x8001354a
core   0: 0x8001254e (0xaa3f2b23) sw      gp, -1354(t5)
core   0: 3 0x8001254e (0xaa3f2b23) mem 0x80013000 0x00000001
core   0: 0x80012552 (0x0000bfe5) c.j     pc - 8
core   0: 3 0x80012552 (0xbfe5)
core   0: 0x8001254a (0x00001f17) auipc   t5, 0x1
core   0: 3 0x8001254a (0x00001f17) x30 0x8001354a
core   0: 0x8001254e (0xaa3f2b23) sw      gp, -1354(t5)
core   0: 3 0x8001254e (0xaa3f2b23) mem 0x80013000 0x00000001
core   0: 0x80012552 (0x0000bfe5) c.j     pc - 8
core   0: 3 0x80012552 (0xbfe5)
core   0: 0x8001254a (0x00001f17) auipc   t5, 0x1
core   0: 3 0x8001254a (0x00001f17) x30 0x8001354a
core   0: 0x8001254e (0xaa3f2b23) sw      gp, -1354(t5)
core   0: 3 0x8001254e (0xaa3f2b23) mem 0x80013000 0x00000001
core   0: 0x80012552 (0x0000bfe5) c.j     pc - 8
core   0: 3 0x80012552 (0xbfe5)
core   0: 0x8001254a (0x00001f17) auipc   t5, 0x1
core   0: 3 0x8001254a (0x00001f17) x30 0x8001354a
core   0: 0x8001254e (0xaa3f2b23) sw      gp, -1354(t5)
core   0: 3 0x8001254e (0xaa3f2b23) mem 0x80013000 0x00000001
core   0: 0x80012552 (0x0000bfe5) c.j     pc - 8
core   0: 3 0x80012552 (0xbfe5)
core   0: 0x8001254a (0x00001f17) auipc   t5, 0x1
core   0: 3 0x8001254a (0x00001f17) x30 0x8001354a
core   0: 0x8001254e (0xaa3f2b23) sw      gp, -1354(t5)
core   0: 3 0x8001254e (0xaa3f2b23) mem 0x80013000 0x00000001
core   0: 0x80012552 (0x0000bfe5) c.j     pc - 8
core   0: 3 0x80012552 (0xbfe5)
core   0: 0x8001254a (0x00001f17) auipc   t5, 0x1
core   0: 3 0x8001254a (0x00001f17) x30 0x8001354a
core   0: 0x8001254e (0xaa3f2b23) sw      gp, -1354(t5)
core   0: 3 0x8001254e (0xaa3f2b23) mem 0x80013000 0x00000001
core   0: 0x80012552 (0x0000bfe5) c.j     pc - 8
core   0: 3 0x80012552 (0xbfe5)
core   0: 0x8001254a (0x00001f17) auipc   t5, 0x1
core   0: 3 0x8001254a (0x00001f17) x30 0x8001354a
core   0: 0x8001254e (0xaa3f2b23) sw      gp, -1354(t5)
core   0: 3 0x8001254e (0xaa3f2b23) mem 0x80013000 0x00000001
core   0: 0x80012552 (0x0000bfe5) c.j     pc - 8
core   0: 3 0x80012552 (0xbfe5)
core   0: 0x8001254a (0x00001f17) auipc   t5, 0x1
core   0: 3 0x8001254a (0x00001f17) x30 0x8001354a
core   0: 0x8001254e (0xaa3f2b23) sw      gp, -1354(t5)
core   0: 3 0x8001254e (0xaa3f2b23) mem 0x80013000 0x00000001
core   0: 0x80012552 (0x0000bfe5) c.j     pc - 8
core   0: 3 0x80012552 (0xbfe5)
core   0: 0x8001254a (0x00001f17) auipc   t5, 0x1
core   0: 3 0x8001254a (0x00001f17) x30 0x8001354a
core   0: 0x8001254e (0xaa3f2b23) sw      gp, -1354(t5)
core   0: 3 0x8001254e (0xaa3f2b23) mem 0x80013000 0x00000001
core   0: 0x80012552 (0x0000bfe5) c.j     pc - 8
core   0: 3 0x80012552 (0xbfe5)
core   0: 0x8001254a (0x00001f17) auipc   t5, 0x1
core   0: 3 0x8001254a (0x00001f17) x30 0x8001354a
core   0: 0x8001254e (0xaa3f2b23) sw      gp, -1354(t5)
core   0: 3 0x8001254e (0xaa3f2b23) mem 0x80013000 0x00000001
core   0: 0x80012552 (0x0000bfe5) c.j     pc - 8
core   0: 3 0x80012552 (0xbfe5)
core   0: 0x8001254a (0x00001f17) auipc   t5, 0x1
core   0: 3 0x8001254a (0x00001f17) x30 0x8001354a
core   0: 0x8001254e (0xaa3f2b23) sw      gp, -1354(t5)
core   0: 3 0x8001254e (0xaa3f2b23) mem 0x80013000 0x00000001
core   0: 0x80012552 (0x0000bfe5) c.j     pc - 8
core   0: 3 0x80012552 (0xbfe5)
core   0: 0x8001254a (0x00001f17) auipc   t5, 0x1
core   0: 3 0x8001254a (0x00001f17) x30 0x8001354a
core   0: 0x8001254e (0xaa3f2b23) sw      gp, -1354(t5)
core   0: 3 0x8001254e (0xaa3f2b23) mem 0x80013000 0x00000001
core   0: 0x80012552 (0x0000bfe5) c.j     pc - 8
core   0: 3 0x80012552 (0xbfe5)
core   0: 0x8001254a (0x00001f17) auipc   t5, 0x1
core   0: 3 0x8001254a (0x00001f17) x30 0x8001354a
core   0: 0x8001254e (0xaa3f2b23) sw      gp, -1354(t5)
core   0: 3 0x8001254e (0xaa3f2b23) mem 0x80013000 0x00000001
core   0: 0x80012552 (0x0000bfe5) c.j     pc - 8
core   0: 3 0x80012552 (0xbfe5)
core   0: 0x8001254a (0x00001f17) auipc   t5, 0x1
core   0: 3 0x8001254a (0x00001f17) x30 0x8001354a
core   0: 0x8001254e (0xaa3f2b23) sw      gp, -1354(t5)
core   0: 3 0x8001254e (0xaa3f2b23) mem 0x80013000 0x00000001
core   0: 0x80012552 (0x0000bfe5) c.j     pc - 8
core   0: 3 0x80012552 (0xbfe5)
core   0: 0x8001254a (0x00001f17) auipc   t5, 0x1
core   0: 3 0x8001254a (0x00001f17) x30 0x8001354a
core   0: 0x8001254e (0xaa3f2b23) sw      gp, -1354(t5)
core   0: 3 0x8001254e (0xaa3f2b23) mem 0x80013000 0x00000001
core   0: 0x80012552 (0x0000bfe5) c.j     pc - 8
core   0: 3 0x80012552 (0xbfe5)
core   0: 0x8001254a (0x00001f17) auipc   t5, 0x1
core   0: 3 0x8001254a (0x00001f17) x30 0x8001354a
core   0: 0x8001254e (0xaa3f2b23) sw      gp, -1354(t5)
core   0: 3 0x8001254e (0xaa3f2b23) mem 0x80013000 0x00000001
core   0: 0x80012552 (0x0000bfe5) c.j     pc - 8
core   0: 3 0x80012552 (0xbfe5)
core   0: 0x8001254a (0x00001f17) auipc   t5, 0x1
core   0: 3 0x8001254a (0x00001f17) x30 0x8001354a
core   0: 0x8001254e (0xaa3f2b23) sw      gp, -1354(t5)
core   0: 3 0x8001254e (0xaa3f2b23) mem 0x80013000 0x00000001
core   0: 0x80012552 (0x0000bfe5) c.j     pc - 8
core   0: 3 0x80012552 (0xbfe5)
core   0: 0x8001254a (0x00001f17) auipc   t5, 0x1
core   0: 3 0x8001254a (0x00001f17) x30 0x8001354a
core   0: 0x8001254e (0xaa3f2b23) sw      gp, -1354(t5)
core   0: 3 0x8001254e (0xaa3f2b23) mem 0x80013000 0x00000001
core   0: 0x80012552 (0x0000bfe5) c.j     pc - 8
core   0: 3 0x80012552 (0xbfe5)
core   0: 0x8001254a (0x00001f17) auipc   t5, 0x1
core   0: 3 0x8001254a (0x00001f17) x30 0x8001354a
core   0: 0x8001254e (0xaa3f2b23) sw      gp, -1354(t5)
core   0: 3 0x8001254e (0xaa3f2b23) mem 0x80013000 0x00000001
core   0: 0x80012552 (0x0000bfe5) c.j     pc - 8
core   0: 3 0x80012552 (0xbfe5)
core   0: 0x8001254a (0x00001f17) auipc   t5, 0x1
core   0: 3 0x8001254a (0x00001f17) x30 0x8001354a
core   0: 0x8001254e (0xaa3f2b23) sw      gp, -1354(t5)
core   0: 3 0x8001254e (0xaa3f2b23) mem 0x80013000 0x00000001
core   0: 0x80012552 (0x0000bfe5) c.j     pc - 8
core   0: 3 0x80012552 (0xbfe5)
core   0: 0x8001254a (0x00001f17) auipc   t5, 0x1
core   0: 3 0x8001254a (0x00001f17) x30 0x8001354a
core   0: 0x8001254e (0xaa3f2b23) sw      gp, -1354(t5)
core   0: 3 0x8001254e (0xaa3f2b23) mem 0x80013000 0x00000001
core   0: 0x80012552 (0x0000bfe5) c.j     pc - 8
core   0: 3 0x80012552 (0xbfe5)
core   0: 0x8001254a (0x00001f17) auipc   t5, 0x1
core   0: 3 0x8001254a (0x00001f17) x30 0x8001354a
core   0: 0x8001254e (0xaa3f2b23) sw      gp, -1354(t5)
core   0: 3 0x8001254e (0xaa3f2b23) mem 0x80013000 0x00000001
core   0: 0x80012552 (0x0000bfe5) c.j     pc - 8
core   0: 3 0x80012552 (0xbfe5)
core   0: 0x8001254a (0x00001f17) auipc   t5, 0x1
core   0: 3 0x8001254a (0x00001f17) x30 0x8001354a
core   0: 0x8001254e (0xaa3f2b23) sw      gp, -1354(t5)
core   0: 3 0x8001254e (0xaa3f2b23) mem 0x80013000 0x00000001
core   0: 0x80012552 (0x0000bfe5) c.j     pc - 8
core   0: 3 0x80012552 (0xbfe5)
core   0: 0x8001254a (0x00001f17) auipc   t5, 0x1
core   0: 3 0x8001254a (0x00001f17) x30 0x8001354a
core   0: 0x8001254e (0xaa3f2b23) sw      gp, -1354(t5)
core   0: 3 0x8001254e (0xaa3f2b23) mem 0x80013000 0x00000001
core   0: 0x80012552 (0x0000bfe5) c.j     pc - 8
core   0: 3 0x80012552 (0xbfe5)
core   0: 0x8001254a (0x00001f17) auipc   t5, 0x1
core   0: 3 0x8001254a (0x00001f17) x30 0x8001354a
core   0: 0x8001254e (0xaa3f2b23) sw      gp, -1354(t5)
core   0: 3 0x8001254e (0xaa3f2b23) mem 0x80013000 0x00000001
core   0: 0x80012552 (0x0000bfe5) c.j     pc - 8
core   0: 3 0x80012552 (0xbfe5)
core   0: 0x8001254a (0x00001f17) auipc   t5, 0x1
core   0: 3 0x8001254a (0x00001f17) x30 0x8001354a
core   0: 0x8001254e (0xaa3f2b23) sw      gp, -1354(t5)
core   0: 3 0x8001254e (0xaa3f2b23) mem 0x80013000 0x00000001
core   0: 0x80012552 (0x0000bfe5) c.j     pc - 8
core   0: 3 0x80012552 (0xbfe5)
core   0: 0x8001254a (0x00001f17) auipc   t5, 0x1
core   0: 3 0x8001254a (0x00001f17) x30 0x8001354a
core   0: 0x8001254e (0xaa3f2b23) sw      gp, -1354(t5)
core   0: 3 0x8001254e (0xaa3f2b23) mem 0x80013000 0x00000001
core   0: 0x80012552 (0x0000bfe5) c.j     pc - 8
core   0: 3 0x80012552 (0xbfe5)
core   0: 0x8001254a (0x00001f17) auipc   t5, 0x1
core   0: 3 0x8001254a (0x00001f17) x30 0x8001354a
core   0: 0x8001254e (0xaa3f2b23) sw      gp, -1354(t5)
core   0: 3 0x8001254e (0xaa3f2b23) mem 0x80013000 0x00000001
core   0: 0x80012552 (0x0000bfe5) c.j     pc - 8
core   0: 3 0x80012552 (0xbfe5)
core   0: 0x8001254a (0x00001f17) auipc   t5, 0x1
core   0: 3 0x8001254a (0x00001f17) x30 0x8001354a
core   0: 0x8001254e (0xaa3f2b23) sw      gp, -1354(t5)
core   0: 3 0x8001254e (0xaa3f2b23) mem 0x80013000 0x00000001
core   0: 0x80012552 (0x0000bfe5) c.j     pc - 8
core   0: 3 0x80012552 (0xbfe5)
core   0: 0x8001254a (0x00001f17) auipc   t5, 0x1
core   0: 3 0x8001254a (0x00001f17) x30 0x8001354a
core   0: 0x8001254e (0xaa3f2b23) sw      gp, -1354(t5)
core   0: 3 0x8001254e (0xaa3f2b23) mem 0x80013000 0x00000001
core   0: 0x80012552 (0x0000bfe5) c.j     pc - 8
core   0: 3 0x80012552 (0xbfe5)
core   0: 0x8001254a (0x00001f17) auipc   t5, 0x1
core   0: 3 0x8001254a (0x00001f17) x30 0x8001354a
core   0: 0x8001254e (0xaa3f2b23) sw      gp, -1354(t5)
core   0: 3 0x8001254e (0xaa3f2b23) mem 0x80013000 0x00000001
core   0: 0x80012552 (0x0000bfe5) c.j     pc - 8
core   0: 3 0x80012552 (0xbfe5)
core   0: 0x8001254a (0x00001f17) auipc   t5, 0x1
core   0: 3 0x8001254a (0x00001f17) x30 0x8001354a
core   0: 0x8001254e (0xaa3f2b23) sw      gp, -1354(t5)
core   0: 3 0x8001254e (0xaa3f2b23) mem 0x80013000 0x00000001
core   0: 0x80012552 (0x0000bfe5) c.j     pc - 8
core   0: 3 0x80012552 (0xbfe5)
core   0: 0x8001254a (0x00001f17) auipc   t5, 0x1
core   0: 3 0x8001254a (0x00001f17) x30 0x8001354a
core   0: 0x8001254e (0xaa3f2b23) sw      gp, -1354(t5)
core   0: 3 0x8001254e (0xaa3f2b23) mem 0x80013000 0x00000001
core   0: 0x80012552 (0x0000bfe5) c.j     pc - 8
core   0: 3 0x80012552 (0xbfe5)
core   0: 0x8001254a (0x00001f17) auipc   t5, 0x1
core   0: 3 0x8001254a (0x00001f17) x30 0x8001354a
core   0: 0x8001254e (0xaa3f2b23) sw      gp, -1354(t5)
core   0: 3 0x8001254e (0xaa3f2b23) mem 0x80013000 0x00000001
core   0: 0x80012552 (0x0000bfe5) c.j     pc - 8
core   0: 3 0x80012552 (0xbfe5)
core   0: 0x8001254a (0x00001f17) auipc   t5, 0x1
core   0: 3 0x8001254a (0x00001f17) x30 0x8001354a
core   0: 0x8001254e (0xaa3f2b23) sw      gp, -1354(t5)
core   0: 3 0x8001254e (0xaa3f2b23) mem 0x80013000 0x00000001
core   0: 0x80012552 (0x0000bfe5) c.j     pc - 8
core   0: 3 0x80012552 (0xbfe5)
core   0: 0x8001254a (0x00001f17) auipc   t5, 0x1
core   0: 3 0x8001254a (0x00001f17) x30 0x8001354a
core   0: 0x8001254e (0xaa3f2b23) sw      gp, -1354(t5)
core   0: 3 0x8001254e (0xaa3f2b23) mem 0x80013000 0x00000001
core   0: 0x80012552 (0x0000bfe5) c.j     pc - 8
core   0: 3 0x80012552 (0xbfe5)
core   0: 0x8001254a (0x00001f17) auipc   t5, 0x1
core   0: 3 0x8001254a (0x00001f17) x30 0x8001354a
core   0: 0x8001254e (0xaa3f2b23) sw      gp, -1354(t5)
core   0: 3 0x8001254e (0xaa3f2b23) mem 0x80013000 0x00000001
core   0: 0x80012552 (0x0000bfe5) c.j     pc - 8
core   0: 3 0x80012552 (0xbfe5)
core   0: 0x8001254a (0x00001f17) auipc   t5, 0x1
core   0: 3 0x8001254a (0x00001f17) x30 0x8001354a
core   0: 0x8001254e (0xaa3f2b23) sw      gp, -1354(t5)
core   0: 3 0x8001254e (0xaa3f2b23) mem 0x80013000 0x00000001
core   0: 0x80012552 (0x0000bfe5) c.j     pc - 8
core   0: 3 0x80012552 (0xbfe5)
core   0: 0x8001254a (0x00001f17) auipc   t5, 0x1
core   0: 3 0x8001254a (0x00001f17) x30 0x8001354a
core   0: 0x8001254e (0xaa3f2b23) sw      gp, -1354(t5)
core   0: 3 0x8001254e (0xaa3f2b23) mem 0x80013000 0x00000001
core   0: 0x80012552 (0x0000bfe5) c.j     pc - 8
core   0: 3 0x80012552 (0xbfe5)
core   0: 0x8001254a (0x00001f17) auipc   t5, 0x1
core   0: 3 0x8001254a (0x00001f17) x30 0x8001354a
core   0: 0x8001254e (0xaa3f2b23) sw      gp, -1354(t5)
core   0: 3 0x8001254e (0xaa3f2b23) mem 0x80013000 0x00000001
core   0: 0x80012552 (0x0000bfe5) c.j     pc - 8
core   0: 3 0x80012552 (0xbfe5)
core   0: 0x8001254a (0x00001f17) auipc   t5, 0x1
core   0: 3 0x8001254a (0x00001f17) x30 0x8001354a
core   0: 0x8001254e (0xaa3f2b23) sw      gp, -1354(t5)
core   0: 3 0x8001254e (0xaa3f2b23) mem 0x80013000 0x00000001
core   0: 0x80012552 (0x0000bfe5) c.j     pc - 8
core   0: 3 0x80012552 (0xbfe5)
core   0: 0x8001254a (0x00001f17) auipc   t5, 0x1
core   0: 3 0x8001254a (0x00001f17) x30 0x8001354a
core   0: 0x8001254e (0xaa3f2b23) sw      gp, -1354(t5)
core   0: 3 0x8001254e (0xaa3f2b23) mem 0x80013000 0x00000001
core   0: 0x80012552 (0x0000bfe5) c.j     pc - 8
core   0: 3 0x80012552 (0xbfe5)
core   0: 0x8001254a (0x00001f17) auipc   t5, 0x1
core   0: 3 0x8001254a (0x00001f17) x30 0x8001354a
core   0: 0x8001254e (0xaa3f2b23) sw      gp, -1354(t5)
core   0: 3 0x8001254e (0xaa3f2b23) mem 0x80013000 0x00000001
core   0: 0x80012552 (0x0000bfe5) c.j     pc - 8
core   0: 3 0x80012552 (0xbfe5)
core   0: 0x8001254a (0x00001f17) auipc   t5, 0x1
core   0: 3 0x8001254a (0x00001f17) x30 0x8001354a
core   0: 0x8001254e (0xaa3f2b23) sw      gp, -1354(t5)
core   0: 3 0x8001254e (0xaa3f2b23) mem 0x80013000 0x00000001
core   0: 0x80012552 (0x0000bfe5) c.j     pc - 8
core   0: 3 0x80012552 (0xbfe5)
core   0: 0x8001254a (0x00001f17) auipc   t5, 0x1
core   0: 3 0x8001254a (0x00001f17) x30 0x8001354a
core   0: 0x8001254e (0xaa3f2b23) sw      gp, -1354(t5)
core   0: 3 0x8001254e (0xaa3f2b23) mem 0x80013000 0x00000001
core   0: 0x80012552 (0x0000bfe5) c.j     pc - 8
core   0: 3 0x80012552 (0xbfe5)
core   0: 0x8001254a (0x00001f17) auipc   t5, 0x1
core   0: 3 0x8001254a (0x00001f17) x30 0x8001354a
core   0: 0x8001254e (0xaa3f2b23) sw      gp, -1354(t5)
core   0: 3 0x8001254e (0xaa3f2b23) mem 0x80013000 0x00000001
core   0: 0x80012552 (0x0000bfe5) c.j     pc - 8
core   0: 3 0x80012552 (0xbfe5)
core   0: 0x8001254a (0x00001f17) auipc   t5, 0x1
core   0: 3 0x8001254a (0x00001f17) x30 0x8001354a
core   0: 0x8001254e (0xaa3f2b23) sw      gp, -1354(t5)
core   0: 3 0x8001254e (0xaa3f2b23) mem 0x80013000 0x00000001
core   0: 0x80012552 (0x0000bfe5) c.j     pc - 8
core   0: 3 0x80012552 (0xbfe5)
core   0: 0x8001254a (0x00001f17) auipc   t5, 0x1
core   0: 3 0x8001254a (0x00001f17) x30 0x8001354a
core   0: 0x8001254e (0xaa3f2b23) sw      gp, -1354(t5)
core   0: 3 0x8001254e (0xaa3f2b23) mem 0x80013000 0x00000001
core   0: 0x80012552 (0x0000bfe5) c.j     pc - 8
core   0: 3 0x80012552 (0xbfe5)
core   0: 0x8001254a (0x00001f17) auipc   t5, 0x1
core   0: 3 0x8001254a (0x00001f17) x30 0x8001354a
core   0: 0x8001254e (0xaa3f2b23) sw      gp, -1354(t5)
core   0: 3 0x8001254e (0xaa3f2b23) mem 0x80013000 0x00000001
core   0: 0x80012552 (0x0000bfe5) c.j     pc - 8
core   0: 3 0x80012552 (0xbfe5)
core   0: 0x8001254a (0x00001f17) auipc   t5, 0x1
core   0: 3 0x8001254a (0x00001f17) x30 0x8001354a
core   0: 0x8001254e (0xaa3f2b23) sw      gp, -1354(t5)
core   0: 3 0x8001254e (0xaa3f2b23) mem 0x80013000 0x00000001
core   0: 0x80012552 (0x0000bfe5) c.j     pc - 8
core   0: 3 0x80012552 (0xbfe5)
core   0: 0x8001254a (0x00001f17) auipc   t5, 0x1
core   0: 3 0x8001254a (0x00001f17) x30 0x8001354a
core   0: 0x8001254e (0xaa3f2b23) sw      gp, -1354(t5)
core   0: 3 0x8001254e (0xaa3f2b23) mem 0x80013000 0x00000001
core   0: 0x80012552 (0x0000bfe5) c.j     pc - 8
core   0: 3 0x80012552 (0xbfe5)
core   0: 0x8001254a (0x00001f17) auipc   t5, 0x1
core   0: 3 0x8001254a (0x00001f17) x30 0x8001354a
core   0: 0x8001254e (0xaa3f2b23) sw      gp, -1354(t5)
core   0: 3 0x8001254e (0xaa3f2b23) mem 0x80013000 0x00000001
core   0: 0x80012552 (0x0000bfe5) c.j     pc - 8
core   0: 3 0x80012552 (0xbfe5)
core   0: 0x8001254a (0x00001f17) auipc   t5, 0x1
core   0: 3 0x8001254a (0x00001f17) x30 0x8001354a
core   0: 0x8001254e (0xaa3f2b23) sw      gp, -1354(t5)
core   0: 3 0x8001254e (0xaa3f2b23) mem 0x80013000 0x00000001
core   0: 0x80012552 (0x0000bfe5) c.j     pc - 8
core   0: 3 0x80012552 (0xbfe5)
core   0: 0x8001254a (0x00001f17) auipc   t5, 0x1
core   0: 3 0x8001254a (0x00001f17) x30 0x8001354a
core   0: 0x8001254e (0xaa3f2b23) sw      gp, -1354(t5)
core   0: 3 0x8001254e (0xaa3f2b23) mem 0x80013000 0x00000001
core   0: 0x80012552 (0x0000bfe5) c.j     pc - 8
core   0: 3 0x80012552 (0xbfe5)
core   0: 0x8001254a (0x00001f17) auipc   t5, 0x1
core   0: 3 0x8001254a (0x00001f17) x30 0x8001354a
core   0: 0x8001254e (0xaa3f2b23) sw      gp, -1354(t5)
core   0: 3 0x8001254e (0xaa3f2b23) mem 0x80013000 0x00000001
core   0: 0x80012552 (0x0000bfe5) c.j     pc - 8
core   0: 3 0x80012552 (0xbfe5)
core   0: 0x8001254a (0x00001f17) auipc   t5, 0x1
core   0: 3 0x8001254a (0x00001f17) x30 0x8001354a
core   0: 0x8001254e (0xaa3f2b23) sw      gp, -1354(t5)
core   0: 3 0x8001254e (0xaa3f2b23) mem 0x80013000 0x00000001
core   0: 0x80012552 (0x0000bfe5) c.j     pc - 8
core   0: 3 0x80012552 (0xbfe5)
core   0: 0x8001254a (0x00001f17) auipc   t5, 0x1
core   0: 3 0x8001254a (0x00001f17) x30 0x8001354a
core   0: 0x8001254e (0xaa3f2b23) sw      gp, -1354(t5)
core   0: 3 0x8001254e (0xaa3f2b23) mem 0x80013000 0x00000001
core   0: 0x80012552 (0x0000bfe5) c.j     pc - 8
core   0: 3 0x80012552 (0xbfe5)
core   0: 0x8001254a (0x00001f17) auipc   t5, 0x1
core   0: 3 0x8001254a (0x00001f17) x30 0x8001354a
core   0: 0x8001254e (0xaa3f2b23) sw      gp, -1354(t5)
core   0: 3 0x8001254e (0xaa3f2b23) mem 0x80013000 0x00000001
core   0: 0x80012552 (0x0000bfe5) c.j     pc - 8
core   0: 3 0x80012552 (0xbfe5)
core   0: 0x8001254a (0x00001f17) auipc   t5, 0x1
core   0: 3 0x8001254a (0x00001f17) x30 0x8001354a
core   0: 0x8001254e (0xaa3f2b23) sw      gp, -1354(t5)
core   0: 3 0x8001254e (0xaa3f2b23) mem 0x80013000 0x00000001
core   0: 0x80012552 (0x0000bfe5) c.j     pc - 8
core   0: 3 0x80012552 (0xbfe5)
core   0: 0x8001254a (0x00001f17) auipc   t5, 0x1
core   0: 3 0x8001254a (0x00001f17) x30 0x8001354a
core   0: 0x8001254e (0xaa3f2b23) sw      gp, -1354(t5)
core   0: 3 0x8001254e (0xaa3f2b23) mem 0x80013000 0x00000001
core   0: 0x80012552 (0x0000bfe5) c.j     pc - 8
core   0: 3 0x80012552 (0xbfe5)
core   0: 0x8001254a (0x00001f17) auipc   t5, 0x1
core   0: 3 0x8001254a (0x00001f17) x30 0x8001354a
core   0: 0x8001254e (0xaa3f2b23) sw      gp, -1354(t5)
core   0: 3 0x8001254e (0xaa3f2b23) mem 0x80013000 0x00000001
core   0: 0x80012552 (0x0000bfe5) c.j     pc - 8
core   0: 3 0x80012552 (0xbfe5)
core   0: 0x8001254a (0x00001f17) auipc   t5, 0x1
core   0: 3 0x8001254a (0x00001f17) x30 0x8001354a
core   0: 0x8001254e (0xaa3f2b23) sw      gp, -1354(t5)
core   0: 3 0x8001254e (0xaa3f2b23) mem 0x80013000 0x00000001
core   0: 0x80012552 (0x0000bfe5) c.j     pc - 8
core   0: 3 0x80012552 (0xbfe5)
core   0: 0x8001254a (0x00001f17) auipc   t5, 0x1
core   0: 3 0x8001254a (0x00001f17) x30 0x8001354a
core   0: 0x8001254e (0xaa3f2b23) sw      gp, -1354(t5)
core   0: 3 0x8001254e (0xaa3f2b23) mem 0x80013000 0x00000001
core   0: 0x80012552 (0x0000bfe5) c.j     pc - 8
core   0: 3 0x80012552 (0xbfe5)
core   0: 0x8001254a (0x00001f17) auipc   t5, 0x1
core   0: 3 0x8001254a (0x00001f17) x30 0x8001354a
core   0: 0x8001254e (0xaa3f2b23) sw      gp, -1354(t5)
core   0: 3 0x8001254e (0xaa3f2b23) mem 0x80013000 0x00000001
core   0: 0x80012552 (0x0000bfe5) c.j     pc - 8
core   0: 3 0x80012552 (0xbfe5)
core   0: 0x8001254a (0x00001f17) auipc   t5, 0x1
core   0: 3 0x8001254a (0x00001f17) x30 0x8001354a
core   0: 0x8001254e (0xaa3f2b23) sw      gp, -1354(t5)
core   0: 3 0x8001254e (0xaa3f2b23) mem 0x80013000 0x00000001
core   0: 0x80012552 (0x0000bfe5) c.j     pc - 8
core   0: 3 0x80012552 (0xbfe5)
core   0: 0x8001254a (0x00001f17) auipc   t5, 0x1
core   0: 3 0x8001254a (0x00001f17) x30 0x8001354a
core   0: 0x8001254e (0xaa3f2b23) sw      gp, -1354(t5)
core   0: 3 0x8001254e (0xaa3f2b23) mem 0x80013000 0x00000001
core   0: 0x80012552 (0x0000bfe5) c.j     pc - 8
core   0: 3 0x80012552 (0xbfe5)
core   0: 0x8001254a (0x00001f17) auipc   t5, 0x1
core   0: 3 0x8001254a (0x00001f17) x30 0x8001354a
core   0: 0x8001254e (0xaa3f2b23) sw      gp, -1354(t5)
core   0: 3 0x8001254e (0xaa3f2b23) mem 0x80013000 0x00000001
core   0: 0x80012552 (0x0000bfe5) c.j     pc - 8
core   0: 3 0x80012552 (0xbfe5)
core   0: 0x8001254a (0x00001f17) auipc   t5, 0x1
core   0: 3 0x8001254a (0x00001f17) x30 0x8001354a
core   0: 0x8001254e (0xaa3f2b23) sw      gp, -1354(t5)
core   0: 3 0x8001254e (0xaa3f2b23) mem 0x80013000 0x00000001
core   0: 0x80012552 (0x0000bfe5) c.j     pc - 8
core   0: 3 0x80012552 (0xbfe5)
core   0: 0x8001254a (0x00001f17) auipc   t5, 0x1
core   0: 3 0x8001254a (0x00001f17) x30 0x8001354a
core   0: 0x8001254e (0xaa3f2b23) sw      gp, -1354(t5)
core   0: 3 0x8001254e (0xaa3f2b23) mem 0x80013000 0x00000001
core   0: 0x80012552 (0x0000bfe5) c.j     pc - 8
core   0: 3 0x80012552 (0xbfe5)
core   0: 0x8001254a (0x00001f17) auipc   t5, 0x1
core   0: 3 0x8001254a (0x00001f17) x30 0x8001354a
core   0: 0x8001254e (0xaa3f2b23) sw      gp, -1354(t5)
core   0: 3 0x8001254e (0xaa3f2b23) mem 0x80013000 0x00000001
core   0: 0x80012552 (0x0000bfe5) c.j     pc - 8
core   0: 3 0x80012552 (0xbfe5)
core   0: 0x8001254a (0x00001f17) auipc   t5, 0x1
core   0: 3 0x8001254a (0x00001f17) x30 0x8001354a
core   0: 0x8001254e (0xaa3f2b23) sw      gp, -1354(t5)
core   0: 3 0x8001254e (0xaa3f2b23) mem 0x80013000 0x00000001
core   0: 0x80012552 (0x0000bfe5) c.j     pc - 8
core   0: 3 0x80012552 (0xbfe5)
core   0: 0x8001254a (0x00001f17) auipc   t5, 0x1
core   0: 3 0x8001254a (0x00001f17) x30 0x8001354a
core   0: 0x8001254e (0xaa3f2b23) sw      gp, -1354(t5)
core   0: 3 0x8001254e (0xaa3f2b23) mem 0x80013000 0x00000001
core   0: 0x80012552 (0x0000bfe5) c.j     pc - 8
core   0: 3 0x80012552 (0xbfe5)
core   0: 0x8001254a (0x00001f17) auipc   t5, 0x1
core   0: 3 0x8001254a (0x00001f17) x30 0x8001354a
core   0: 0x8001254e (0xaa3f2b23) sw      gp, -1354(t5)
core   0: 3 0x8001254e (0xaa3f2b23) mem 0x80013000 0x00000001
core   0: 0x80012552 (0x0000bfe5) c.j     pc - 8
core   0: 3 0x80012552 (0xbfe5)
core   0: 0x8001254a (0x00001f17) auipc   t5, 0x1
core   0: 3 0x8001254a (0x00001f17) x30 0x8001354a
core   0: 0x8001254e (0xaa3f2b23) sw      gp, -1354(t5)
core   0: 3 0x8001254e (0xaa3f2b23) mem 0x80013000 0x00000001
core   0: 0x80012552 (0x0000bfe5) c.j     pc - 8
core   0: 3 0x80012552 (0xbfe5)
core   0: 0x8001254a (0x00001f17) auipc   t5, 0x1
core   0: 3 0x8001254a (0x00001f17) x30 0x8001354a
core   0: 0x8001254e (0xaa3f2b23) sw      gp, -1354(t5)
core   0: 3 0x8001254e (0xaa3f2b23) mem 0x80013000 0x00000001
core   0: 0x80012552 (0x0000bfe5) c.j     pc - 8
core   0: 3 0x80012552 (0xbfe5)
core   0: 0x8001254a (0x00001f17) auipc   t5, 0x1
core   0: 3 0x8001254a (0x00001f17) x30 0x8001354a
core   0: 0x8001254e (0xaa3f2b23) sw      gp, -1354(t5)
core   0: 3 0x8001254e (0xaa3f2b23) mem 0x80013000 0x00000001
core   0: 0x80012552 (0x0000bfe5) c.j     pc - 8
core   0: 3 0x80012552 (0xbfe5)
core   0: 0x8001254a (0x00001f17) auipc   t5, 0x1
core   0: 3 0x8001254a (0x00001f17) x30 0x8001354a
core   0: 0x8001254e (0xaa3f2b23) sw      gp, -1354(t5)
core   0: 3 0x8001254e (0xaa3f2b23) mem 0x80013000 0x00000001
core   0: 0x80012552 (0x0000bfe5) c.j     pc - 8
core   0: 3 0x80012552 (0xbfe5)
core   0: 0x8001254a (0x00001f17) auipc   t5, 0x1
core   0: 3 0x8001254a (0x00001f17) x30 0x8001354a
core   0: 0x8001254e (0xaa3f2b23) sw      gp, -1354(t5)
core   0: 3 0x8001254e (0xaa3f2b23) mem 0x80013000 0x00000001
core   0: 0x80012552 (0x0000bfe5) c.j     pc - 8
core   0: 3 0x80012552 (0xbfe5)
core   0: 0x8001254a (0x00001f17) auipc   t5, 0x1
core   0: 3 0x8001254a (0x00001f17) x30 0x8001354a
core   0: 0x8001254e (0xaa3f2b23) sw      gp, -1354(t5)
core   0: 3 0x8001254e (0xaa3f2b23) mem 0x80013000 0x00000001
core   0: 0x80012552 (0x0000bfe5) c.j     pc - 8
core   0: 3 0x80012552 (0xbfe5)
core   0: 0x8001254a (0x00001f17) auipc   t5, 0x1
core   0: 3 0x8001254a (0x00001f17) x30 0x8001354a
core   0: 0x8001254e (0xaa3f2b23) sw      gp, -1354(t5)
core   0: 3 0x8001254e (0xaa3f2b23) mem 0x80013000 0x00000001
core   0: 0x80012552 (0x0000bfe5) c.j     pc - 8
core   0: 3 0x80012552 (0xbfe5)
core   0: 0x8001254a (0x00001f17) auipc   t5, 0x1
core   0: 3 0x8001254a (0x00001f17) x30 0x8001354a
core   0: 0x8001254e (0xaa3f2b23) sw      gp, -1354(t5)
core   0: 3 0x8001254e (0xaa3f2b23) mem 0x80013000 0x00000001
core   0: 0x80012552 (0x0000bfe5) c.j     pc - 8
core   0: 3 0x80012552 (0xbfe5)
core   0: 0x8001254a (0x00001f17) auipc   t5, 0x1
core   0: 3 0x8001254a (0x00001f17) x30 0x8001354a
core   0: 0x8001254e (0xaa3f2b23) sw      gp, -1354(t5)
core   0: 3 0x8001254e (0xaa3f2b23) mem 0x80013000 0x00000001
core   0: 0x80012552 (0x0000bfe5) c.j     pc - 8
core   0: 3 0x80012552 (0xbfe5)
core   0: 0x8001254a (0x00001f17) auipc   t5, 0x1
core   0: 3 0x8001254a (0x00001f17) x30 0x8001354a
core   0: 0x8001254e (0xaa3f2b23) sw      gp, -1354(t5)
core   0: 3 0x8001254e (0xaa3f2b23) mem 0x80013000 0x00000001
core   0: 0x80012552 (0x0000bfe5) c.j     pc - 8
core   0: 3 0x80012552 (0xbfe5)
core   0: 0x8001254a (0x00001f17) auipc   t5, 0x1
core   0: 3 0x8001254a (0x00001f17) x30 0x8001354a
core   0: 0x8001254e (0xaa3f2b23) sw      gp, -1354(t5)
core   0: 3 0x8001254e (0xaa3f2b23) mem 0x80013000 0x00000001
core   0: 0x80012552 (0x0000bfe5) c.j     pc - 8
core   0: 3 0x80012552 (0xbfe5)
core   0: 0x8001254a (0x00001f17) auipc   t5, 0x1
core   0: 3 0x8001254a (0x00001f17) x30 0x8001354a
core   0: 0x8001254e (0xaa3f2b23) sw      gp, -1354(t5)
core   0: 3 0x8001254e (0xaa3f2b23) mem 0x80013000 0x00000001
core   0: 0x80012552 (0x0000bfe5) c.j     pc - 8
core   0: 3 0x80012552 (0xbfe5)
core   0: 0x8001254a (0x00001f17) auipc   t5, 0x1
core   0: 3 0x8001254a (0x00001f17) x30 0x8001354a
core   0: 0x8001254e (0xaa3f2b23) sw      gp, -1354(t5)
core   0: 3 0x8001254e (0xaa3f2b23) mem 0x80013000 0x00000001
core   0: 0x80012552 (0x0000bfe5) c.j     pc - 8
core   0: 3 0x80012552 (0xbfe5)
core   0: 0x8001254a (0x00001f17) auipc   t5, 0x1
core   0: 3 0x8001254a (0x00001f17) x30 0x8001354a
core   0: 0x8001254e (0xaa3f2b23) sw      gp, -1354(t5)
core   0: 3 0x8001254e (0xaa3f2b23) mem 0x80013000 0x00000001
core   0: 0x80012552 (0x0000bfe5) c.j     pc - 8
core   0: 3 0x80012552 (0xbfe5)
core   0: 0x8001254a (0x00001f17) auipc   t5, 0x1
core   0: 3 0x8001254a (0x00001f17) x30 0x8001354a
core   0: 0x8001254e (0xaa3f2b23) sw      gp, -1354(t5)
core   0: 3 0x8001254e (0xaa3f2b23) mem 0x80013000 0x00000001
core   0: 0x80012552 (0x0000bfe5) c.j     pc - 8
core   0: 3 0x80012552 (0xbfe5)
core   0: 0x8001254a (0x00001f17) auipc   t5, 0x1
core   0: 3 0x8001254a (0x00001f17) x30 0x8001354a
core   0: 0x8001254e (0xaa3f2b23) sw      gp, -1354(t5)
core   0: 3 0x8001254e (0xaa3f2b23) mem 0x80013000 0x00000001
core   0: 0x80012552 (0x0000bfe5) c.j     pc - 8
core   0: 3 0x80012552 (0xbfe5)
core   0: 0x8001254a (0x00001f17) auipc   t5, 0x1
core   0: 3 0x8001254a (0x00001f17) x30 0x8001354a
core   0: 0x8001254e (0xaa3f2b23) sw      gp, -1354(t5)
core   0: 3 0x8001254e (0xaa3f2b23) mem 0x80013000 0x00000001
core   0: 0x80012552 (0x0000bfe5) c.j     pc - 8
core   0: 3 0x80012552 (0xbfe5)
core   0: 0x8001254a (0x00001f17) auipc   t5, 0x1
core   0: 3 0x8001254a (0x00001f17) x30 0x8001354a
core   0: 0x8001254e (0xaa3f2b23) sw      gp, -1354(t5)
core   0: 3 0x8001254e (0xaa3f2b23) mem 0x80013000 0x00000001
core   0: 0x80012552 (0x0000bfe5) c.j     pc - 8
core   0: 3 0x80012552 (0xbfe5)
core   0: 0x8001254a (0x00001f17) auipc   t5, 0x1
core   0: 3 0x8001254a (0x00001f17) x30 0x8001354a
core   0: 0x8001254e (0xaa3f2b23) sw      gp, -1354(t5)
core   0: 3 0x8001254e (0xaa3f2b23) mem 0x80013000 0x00000001
core   0: 0x80012552 (0x0000bfe5) c.j     pc - 8
core   0: 3 0x80012552 (0xbfe5)
core   0: 0x8001254a (0x00001f17) auipc   t5, 0x1
core   0: 3 0x8001254a (0x00001f17) x30 0x8001354a
core   0: 0x8001254e (0xaa3f2b23) sw      gp, -1354(t5)
core   0: 3 0x8001254e (0xaa3f2b23) mem 0x80013000 0x00000001
core   0: 0x80012552 (0x0000bfe5) c.j     pc - 8
core   0: 3 0x80012552 (0xbfe5)
core   0: 0x8001254a (0x00001f17) auipc   t5, 0x1
core   0: 3 0x8001254a (0x00001f17) x30 0x8001354a
core   0: 0x8001254e (0xaa3f2b23) sw      gp, -1354(t5)
core   0: 3 0x8001254e (0xaa3f2b23) mem 0x80013000 0x00000001
core   0: 0x80012552 (0x0000bfe5) c.j     pc - 8
core   0: 3 0x80012552 (0xbfe5)
core   0: 0x8001254a (0x00001f17) auipc   t5, 0x1
core   0: 3 0x8001254a (0x00001f17) x30 0x8001354a
core   0: 0x8001254e (0xaa3f2b23) sw      gp, -1354(t5)
core   0: 3 0x8001254e (0xaa3f2b23) mem 0x80013000 0x00000001
core   0: 0x80012552 (0x0000bfe5) c.j     pc - 8
core   0: 3 0x80012552 (0xbfe5)
core   0: 0x8001254a (0x00001f17) auipc   t5, 0x1
core   0: 3 0x8001254a (0x00001f17) x30 0x8001354a
core   0: 0x8001254e (0xaa3f2b23) sw      gp, -1354(t5)
core   0: 3 0x8001254e (0xaa3f2b23) mem 0x80013000 0x00000001
core   0: 0x80012552 (0x0000bfe5) c.j     pc - 8
core   0: 3 0x80012552 (0xbfe5)
core   0: 0x8001254a (0x00001f17) auipc   t5, 0x1
core   0: 3 0x8001254a (0x00001f17) x30 0x8001354a
core   0: 0x8001254e (0xaa3f2b23) sw      gp, -1354(t5)
core   0: 3 0x8001254e (0xaa3f2b23) mem 0x80013000 0x00000001
core   0: 0x80012552 (0x0000bfe5) c.j     pc - 8
core   0: 3 0x80012552 (0xbfe5)
core   0: 0x8001254a (0x00001f17) auipc   t5, 0x1
core   0: 3 0x8001254a (0x00001f17) x30 0x8001354a
core   0: 0x8001254e (0xaa3f2b23) sw      gp, -1354(t5)
core   0: 3 0x8001254e (0xaa3f2b23) mem 0x80013000 0x00000001
core   0: 0x80012552 (0x0000bfe5) c.j     pc - 8
core   0: 3 0x80012552 (0xbfe5)
core   0: 0x8001254a (0x00001f17) auipc   t5, 0x1
core   0: 3 0x8001254a (0x00001f17) x30 0x8001354a
core   0: 0x8001254e (0xaa3f2b23) sw      gp, -1354(t5)
core   0: 3 0x8001254e (0xaa3f2b23) mem 0x80013000 0x00000001
core   0: 0x80012552 (0x0000bfe5) c.j     pc - 8
core   0: 3 0x80012552 (0xbfe5)
core   0: 0x8001254a (0x00001f17) auipc   t5, 0x1
core   0: 3 0x8001254a (0x00001f17) x30 0x8001354a
core   0: 0x8001254e (0xaa3f2b23) sw      gp, -1354(t5)
core   0: 3 0x8001254e (0xaa3f2b23) mem 0x80013000 0x00000001
core   0: 0x80012552 (0x0000bfe5) c.j     pc - 8
core   0: 3 0x80012552 (0xbfe5)
core   0: 0x8001254a (0x00001f17) auipc   t5, 0x1
core   0: 3 0x8001254a (0x00001f17) x30 0x8001354a
core   0: 0x8001254e (0xaa3f2b23) sw      gp, -1354(t5)
core   0: 3 0x8001254e (0xaa3f2b23) mem 0x80013000 0x00000001
core   0: 0x80012552 (0x0000bfe5) c.j     pc - 8
core   0: 3 0x80012552 (0xbfe5)
core   0: 0x8001254a (0x00001f17) auipc   t5, 0x1
core   0: 3 0x8001254a (0x00001f17) x30 0x8001354a
core   0: 0x8001254e (0xaa3f2b23) sw      gp, -1354(t5)
core   0: 3 0x8001254e (0xaa3f2b23) mem 0x80013000 0x00000001
core   0: 0x80012552 (0x0000bfe5) c.j     pc - 8
core   0: 3 0x80012552 (0xbfe5)
core   0: 0x8001254a (0x00001f17) auipc   t5, 0x1
core   0: 3 0x8001254a (0x00001f17) x30 0x8001354a
core   0: 0x8001254e (0xaa3f2b23) sw      gp, -1354(t5)
core   0: 3 0x8001254e (0xaa3f2b23) mem 0x80013000 0x00000001
core   0: 0x80012552 (0x0000bfe5) c.j     pc - 8
core   0: 3 0x80012552 (0xbfe5)
core   0: 0x8001254a (0x00001f17) auipc   t5, 0x1
core   0: 3 0x8001254a (0x00001f17) x30 0x8001354a
core   0: 0x8001254e (0xaa3f2b23) sw      gp, -1354(t5)
core   0: 3 0x8001254e (0xaa3f2b23) mem 0x80013000 0x00000001
core   0: 0x80012552 (0x0000bfe5) c.j     pc - 8
core   0: 3 0x80012552 (0xbfe5)
core   0: 0x8001254a (0x00001f17) auipc   t5, 0x1
core   0: 3 0x8001254a (0x00001f17) x30 0x8001354a
core   0: 0x8001254e (0xaa3f2b23) sw      gp, -1354(t5)
core   0: 3 0x8001254e (0xaa3f2b23) mem 0x80013000 0x00000001
core   0: 0x80012552 (0x0000bfe5) c.j     pc - 8
core   0: 3 0x80012552 (0xbfe5)
core   0: 0x8001254a (0x00001f17) auipc   t5, 0x1
core   0: 3 0x8001254a (0x00001f17) x30 0x8001354a
core   0: 0x8001254e (0xaa3f2b23) sw      gp, -1354(t5)
core   0: 3 0x8001254e (0xaa3f2b23) mem 0x80013000 0x00000001
core   0: 0x80012552 (0x0000bfe5) c.j     pc - 8
core   0: 3 0x80012552 (0xbfe5)
core   0: 0x8001254a (0x00001f17) auipc   t5, 0x1
core   0: 3 0x8001254a (0x00001f17) x30 0x8001354a
core   0: 0x8001254e (0xaa3f2b23) sw      gp, -1354(t5)
core   0: 3 0x8001254e (0xaa3f2b23) mem 0x80013000 0x00000001
core   0: 0x80012552 (0x0000bfe5) c.j     pc - 8
core   0: 3 0x80012552 (0xbfe5)
core   0: 0x8001254a (0x00001f17) auipc   t5, 0x1
core   0: 3 0x8001254a (0x00001f17) x30 0x8001354a
core   0: 0x8001254e (0xaa3f2b23) sw      gp, -1354(t5)
core   0: 3 0x8001254e (0xaa3f2b23) mem 0x80013000 0x00000001
core   0: 0x80012552 (0x0000bfe5) c.j     pc - 8
core   0: 3 0x80012552 (0xbfe5)
core   0: 0x8001254a (0x00001f17) auipc   t5, 0x1
core   0: 3 0x8001254a (0x00001f17) x30 0x8001354a
core   0: 0x8001254e (0xaa3f2b23) sw      gp, -1354(t5)
core   0: 3 0x8001254e (0xaa3f2b23) mem 0x80013000 0x00000001
core   0: 0x80012552 (0x0000bfe5) c.j     pc - 8
core   0: 3 0x80012552 (0xbfe5)
core   0: 0x8001254a (0x00001f17) auipc   t5, 0x1
core   0: 3 0x8001254a (0x00001f17) x30 0x8001354a
core   0: 0x8001254e (0xaa3f2b23) sw      gp, -1354(t5)
core   0: 3 0x8001254e (0xaa3f2b23) mem 0x80013000 0x00000001
core   0: 0x80012552 (0x0000bfe5) c.j     pc - 8
core   0: 3 0x80012552 (0xbfe5)
core   0: 0x8001254a (0x00001f17) auipc   t5, 0x1
core   0: 3 0x8001254a (0x00001f17) x30 0x8001354a
core   0: 0x8001254e (0xaa3f2b23) sw      gp, -1354(t5)
core   0: 3 0x8001254e (0xaa3f2b23) mem 0x80013000 0x00000001
core   0: 0x80012552 (0x0000bfe5) c.j     pc - 8
core   0: 3 0x80012552 (0xbfe5)
core   0: 0x8001254a (0x00001f17) auipc   t5, 0x1
core   0: 3 0x8001254a (0x00001f17) x30 0x8001354a
core   0: 0x8001254e (0xaa3f2b23) sw      gp, -1354(t5)
core   0: 3 0x8001254e (0xaa3f2b23) mem 0x80013000 0x00000001
core   0: 0x80012552 (0x0000bfe5) c.j     pc - 8
core   0: 3 0x80012552 (0xbfe5)
core   0: 0x8001254a (0x00001f17) auipc   t5, 0x1
core   0: 3 0x8001254a (0x00001f17) x30 0x8001354a
core   0: 0x8001254e (0xaa3f2b23) sw      gp, -1354(t5)
core   0: 3 0x8001254e (0xaa3f2b23) mem 0x80013000 0x00000001
core   0: 0x80012552 (0x0000bfe5) c.j     pc - 8
core   0: 3 0x80012552 (0xbfe5)
core   0: 0x8001254a (0x00001f17) auipc   t5, 0x1
core   0: 3 0x8001254a (0x00001f17) x30 0x8001354a
core   0: 0x8001254e (0xaa3f2b23) sw      gp, -1354(t5)
core   0: 3 0x8001254e (0xaa3f2b23) mem 0x80013000 0x00000001
core   0: 0x80012552 (0x0000bfe5) c.j     pc - 8
core   0: 3 0x80012552 (0xbfe5)
core   0: 0x8001254a (0x00001f17) auipc   t5, 0x1
core   0: 3 0x8001254a (0x00001f17) x30 0x8001354a
core   0: 0x8001254e (0xaa3f2b23) sw      gp, -1354(t5)
core   0: 3 0x8001254e (0xaa3f2b23) mem 0x80013000 0x00000001
core   0: 0x80012552 (0x0000bfe5) c.j     pc - 8
core   0: 3 0x80012552 (0xbfe5)
core   0: 0x8001254a (0x00001f17) auipc   t5, 0x1
core   0: 3 0x8001254a (0x00001f17) x30 0x8001354a
core   0: 0x8001254e (0xaa3f2b23) sw      gp, -1354(t5)
core   0: 3 0x8001254e (0xaa3f2b23) mem 0x80013000 0x00000001
core   0: 0x80012552 (0x0000bfe5) c.j     pc - 8
core   0: 3 0x80012552 (0xbfe5)
core   0: 0x8001254a (0x00001f17) auipc   t5, 0x1
core   0: 3 0x8001254a (0x00001f17) x30 0x8001354a
core   0: 0x8001254e (0xaa3f2b23) sw      gp, -1354(t5)
core   0: 3 0x8001254e (0xaa3f2b23) mem 0x80013000 0x00000001
core   0: 0x80012552 (0x0000bfe5) c.j     pc - 8
core   0: 3 0x80012552 (0xbfe5)
core   0: 0x8001254a (0x00001f17) auipc   t5, 0x1
core   0: 3 0x8001254a (0x00001f17) x30 0x8001354a
core   0: 0x8001254e (0xaa3f2b23) sw      gp, -1354(t5)
core   0: 3 0x8001254e (0xaa3f2b23) mem 0x80013000 0x00000001
core   0: 0x80012552 (0x0000bfe5) c.j     pc - 8
core   0: 3 0x80012552 (0xbfe5)
core   0: 0x8001254a (0x00001f17) auipc   t5, 0x1
core   0: 3 0x8001254a (0x00001f17) x30 0x8001354a
core   0: 0x8001254e (0xaa3f2b23) sw      gp, -1354(t5)
core   0: 3 0x8001254e (0xaa3f2b23) mem 0x80013000 0x00000001
core   0: 0x80012552 (0x0000bfe5) c.j     pc - 8
core   0: 3 0x80012552 (0xbfe5)
core   0: 0x8001254a (0x00001f17) auipc   t5, 0x1
core   0: 3 0x8001254a (0x00001f17) x30 0x8001354a
core   0: 0x8001254e (0xaa3f2b23) sw      gp, -1354(t5)
core   0: 3 0x8001254e (0xaa3f2b23) mem 0x80013000 0x00000001
core   0: 0x80012552 (0x0000bfe5) c.j     pc - 8
core   0: 3 0x80012552 (0xbfe5)
core   0: 0x8001254a (0x00001f17) auipc   t5, 0x1
core   0: 3 0x8001254a (0x00001f17) x30 0x8001354a
core   0: 0x8001254e (0xaa3f2b23) sw      gp, -1354(t5)
core   0: 3 0x8001254e (0xaa3f2b23) mem 0x80013000 0x00000001
core   0: 0x80012552 (0x0000bfe5) c.j     pc - 8
core   0: 3 0x80012552 (0xbfe5)
core   0: 0x8001254a (0x00001f17) auipc   t5, 0x1
core   0: 3 0x8001254a (0x00001f17) x30 0x8001354a
core   0: 0x8001254e (0xaa3f2b23) sw      gp, -1354(t5)
core   0: 3 0x8001254e (0xaa3f2b23) mem 0x80013000 0x00000001
core   0: 0x80012552 (0x0000bfe5) c.j     pc - 8
core   0: 3 0x80012552 (0xbfe5)
core   0: 0x8001254a (0x00001f17) auipc   t5, 0x1
core   0: 3 0x8001254a (0x00001f17) x30 0x8001354a
core   0: 0x8001254e (0xaa3f2b23) sw      gp, -1354(t5)
core   0: 3 0x8001254e (0xaa3f2b23) mem 0x80013000 0x00000001
core   0: 0x80012552 (0x0000bfe5) c.j     pc - 8
core   0: 3 0x80012552 (0xbfe5)
core   0: 0x8001254a (0x00001f17) auipc   t5, 0x1
core   0: 3 0x8001254a (0x00001f17) x30 0x8001354a
core   0: 0x8001254e (0xaa3f2b23) sw      gp, -1354(t5)
core   0: 3 0x8001254e (0xaa3f2b23) mem 0x80013000 0x00000001
core   0: 0x80012552 (0x0000bfe5) c.j     pc - 8
core   0: 3 0x80012552 (0xbfe5)
core   0: 0x8001254a (0x00001f17) auipc   t5, 0x1
core   0: 3 0x8001254a (0x00001f17) x30 0x8001354a
core   0: 0x8001254e (0xaa3f2b23) sw      gp, -1354(t5)
core   0: 3 0x8001254e (0xaa3f2b23) mem 0x80013000 0x00000001
core   0: 0x80012552 (0x0000bfe5) c.j     pc - 8
core   0: 3 0x80012552 (0xbfe5)
core   0: 0x8001254a (0x00001f17) auipc   t5, 0x1
core   0: 3 0x8001254a (0x00001f17) x30 0x8001354a
core   0: 0x8001254e (0xaa3f2b23) sw      gp, -1354(t5)
core   0: 3 0x8001254e (0xaa3f2b23) mem 0x80013000 0x00000001
core   0: 0x80012552 (0x0000bfe5) c.j     pc - 8
core   0: 3 0x80012552 (0xbfe5)
core   0: 0x8001254a (0x00001f17) auipc   t5, 0x1
core   0: 3 0x8001254a (0x00001f17) x30 0x8001354a
core   0: 0x8001254e (0xaa3f2b23) sw      gp, -1354(t5)
core   0: 3 0x8001254e (0xaa3f2b23) mem 0x80013000 0x00000001
core   0: 0x80012552 (0x0000bfe5) c.j     pc - 8
core   0: 3 0x80012552 (0xbfe5)
core   0: 0x8001254a (0x00001f17) auipc   t5, 0x1
core   0: 3 0x8001254a (0x00001f17) x30 0x8001354a
core   0: 0x8001254e (0xaa3f2b23) sw      gp, -1354(t5)
core   0: 3 0x8001254e (0xaa3f2b23) mem 0x80013000 0x00000001
core   0: 0x80012552 (0x0000bfe5) c.j     pc - 8
core   0: 3 0x80012552 (0xbfe5)
core   0: 0x8001254a (0x00001f17) auipc   t5, 0x1
core   0: 3 0x8001254a (0x00001f17) x30 0x8001354a
core   0: 0x8001254e (0xaa3f2b23) sw      gp, -1354(t5)
core   0: 3 0x8001254e (0xaa3f2b23) mem 0x80013000 0x00000001
core   0: 0x80012552 (0x0000bfe5) c.j     pc - 8
core   0: 3 0x80012552 (0xbfe5)
core   0: 0x8001254a (0x00001f17) auipc   t5, 0x1
core   0: 3 0x8001254a (0x00001f17) x30 0x8001354a
core   0: 0x8001254e (0xaa3f2b23) sw      gp, -1354(t5)
core   0: 3 0x8001254e (0xaa3f2b23) mem 0x80013000 0x00000001
core   0: 0x80012552 (0x0000bfe5) c.j     pc - 8
core   0: 3 0x80012552 (0xbfe5)
core   0: 0x8001254a (0x00001f17) auipc   t5, 0x1
core   0: 3 0x8001254a (0x00001f17) x30 0x8001354a
core   0: 0x8001254e (0xaa3f2b23) sw      gp, -1354(t5)
core   0: 3 0x8001254e (0xaa3f2b23) mem 0x80013000 0x00000001
core   0: 0x80012552 (0x0000bfe5) c.j     pc - 8
core   0: 3 0x80012552 (0xbfe5)
core   0: 0x8001254a (0x00001f17) auipc   t5, 0x1
core   0: 3 0x8001254a (0x00001f17) x30 0x8001354a
core   0: 0x8001254e (0xaa3f2b23) sw      gp, -1354(t5)
core   0: 3 0x8001254e (0xaa3f2b23) mem 0x80013000 0x00000001
core   0: 0x80012552 (0x0000bfe5) c.j     pc - 8
core   0: 3 0x80012552 (0xbfe5)
core   0: 0x8001254a (0x00001f17) auipc   t5, 0x1
core   0: 3 0x8001254a (0x00001f17) x30 0x8001354a
core   0: 0x8001254e (0xaa3f2b23) sw      gp, -1354(t5)
core   0: 3 0x8001254e (0xaa3f2b23) mem 0x80013000 0x00000001
core   0: 0x80012552 (0x0000bfe5) c.j     pc - 8
core   0: 3 0x80012552 (0xbfe5)
core   0: 0x8001254a (0x00001f17) auipc   t5, 0x1
core   0: 3 0x8001254a (0x00001f17) x30 0x8001354a
core   0: 0x8001254e (0xaa3f2b23) sw      gp, -1354(t5)
core   0: 3 0x8001254e (0xaa3f2b23) mem 0x80013000 0x00000001
core   0: 0x80012552 (0x0000bfe5) c.j     pc - 8
core   0: 3 0x80012552 (0xbfe5)
core   0: 0x8001254a (0x00001f17) auipc   t5, 0x1
core   0: 3 0x8001254a (0x00001f17) x30 0x8001354a
core   0: 0x8001254e (0xaa3f2b23) sw      gp, -1354(t5)
core   0: 3 0x8001254e (0xaa3f2b23) mem 0x80013000 0x00000001
core   0: 0x80012552 (0x0000bfe5) c.j     pc - 8
core   0: 3 0x80012552 (0xbfe5)
core   0: 0x8001254a (0x00001f17) auipc   t5, 0x1
core   0: 3 0x8001254a (0x00001f17) x30 0x8001354a
core   0: 0x8001254e (0xaa3f2b23) sw      gp, -1354(t5)
core   0: 3 0x8001254e (0xaa3f2b23) mem 0x80013000 0x00000001
core   0: 0x80012552 (0x0000bfe5) c.j     pc - 8
core   0: 3 0x80012552 (0xbfe5)
core   0: 0x8001254a (0x00001f17) auipc   t5, 0x1
core   0: 3 0x8001254a (0x00001f17) x30 0x8001354a
core   0: 0x8001254e (0xaa3f2b23) sw      gp, -1354(t5)
core   0: 3 0x8001254e (0xaa3f2b23) mem 0x80013000 0x00000001
core   0: 0x80012552 (0x0000bfe5) c.j     pc - 8
core   0: 3 0x80012552 (0xbfe5)
core   0: 0x8001254a (0x00001f17) auipc   t5, 0x1
core   0: 3 0x8001254a (0x00001f17) x30 0x8001354a
core   0: 0x8001254e (0xaa3f2b23) sw      gp, -1354(t5)
core   0: 3 0x8001254e (0xaa3f2b23) mem 0x80013000 0x00000001
core   0: 0x80012552 (0x0000bfe5) c.j     pc - 8
core   0: 3 0x80012552 (0xbfe5)
core   0: 0x8001254a (0x00001f17) auipc   t5, 0x1
core   0: 3 0x8001254a (0x00001f17) x30 0x8001354a
core   0: 0x8001254e (0xaa3f2b23) sw      gp, -1354(t5)
core   0: 3 0x8001254e (0xaa3f2b23) mem 0x80013000 0x00000001
core   0: 0x80012552 (0x0000bfe5) c.j     pc - 8
core   0: 3 0x80012552 (0xbfe5)
core   0: 0x8001254a (0x00001f17) auipc   t5, 0x1
core   0: 3 0x8001254a (0x00001f17) x30 0x8001354a
core   0: 0x8001254e (0xaa3f2b23) sw      gp, -1354(t5)
core   0: 3 0x8001254e (0xaa3f2b23) mem 0x80013000 0x00000001
core   0: 0x80012552 (0x0000bfe5) c.j     pc - 8
core   0: 3 0x80012552 (0xbfe5)
core   0: 0x8001254a (0x00001f17) auipc   t5, 0x1
core   0: 3 0x8001254a (0x00001f17) x30 0x8001354a
core   0: 0x8001254e (0xaa3f2b23) sw      gp, -1354(t5)
core   0: 3 0x8001254e (0xaa3f2b23) mem 0x80013000 0x00000001
core   0: 0x80012552 (0x0000bfe5) c.j     pc - 8
core   0: 3 0x80012552 (0xbfe5)
core   0: 0x8001254a (0x00001f17) auipc   t5, 0x1
core   0: 3 0x8001254a (0x00001f17) x30 0x8001354a
core   0: 0x8001254e (0xaa3f2b23) sw      gp, -1354(t5)
core   0: 3 0x8001254e (0xaa3f2b23) mem 0x80013000 0x00000001
core   0: 0x80012552 (0x0000bfe5) c.j     pc - 8
core   0: 3 0x80012552 (0xbfe5)
core   0: 0x8001254a (0x00001f17) auipc   t5, 0x1
core   0: 3 0x8001254a (0x00001f17) x30 0x8001354a
core   0: 0x8001254e (0xaa3f2b23) sw      gp, -1354(t5)
core   0: 3 0x8001254e (0xaa3f2b23) mem 0x80013000 0x00000001
core   0: 0x80012552 (0x0000bfe5) c.j     pc - 8
core   0: 3 0x80012552 (0xbfe5)
core   0: 0x8001254a (0x00001f17) auipc   t5, 0x1
core   0: 3 0x8001254a (0x00001f17) x30 0x8001354a
core   0: 0x8001254e (0xaa3f2b23) sw      gp, -1354(t5)
core   0: 3 0x8001254e (0xaa3f2b23) mem 0x80013000 0x00000001
core   0: 0x80012552 (0x0000bfe5) c.j     pc - 8
core   0: 3 0x80012552 (0xbfe5)
core   0: 0x8001254a (0x00001f17) auipc   t5, 0x1
core   0: 3 0x8001254a (0x00001f17) x30 0x8001354a
core   0: 0x8001254e (0xaa3f2b23) sw      gp, -1354(t5)
core   0: 3 0x8001254e (0xaa3f2b23) mem 0x80013000 0x00000001
core   0: 0x80012552 (0x0000bfe5) c.j     pc - 8
core   0: 3 0x80012552 (0xbfe5)
core   0: 0x8001254a (0x00001f17) auipc   t5, 0x1
core   0: 3 0x8001254a (0x00001f17) x30 0x8001354a
core   0: 0x8001254e (0xaa3f2b23) sw      gp, -1354(t5)
core   0: 3 0x8001254e (0xaa3f2b23) mem 0x80013000 0x00000001
core   0: 0x80012552 (0x0000bfe5) c.j     pc - 8
core   0: 3 0x80012552 (0xbfe5)
core   0: 0x8001254a (0x00001f17) auipc   t5, 0x1
core   0: 3 0x8001254a (0x00001f17) x30 0x8001354a
core   0: 0x8001254e (0xaa3f2b23) sw      gp, -1354(t5)
core   0: 3 0x8001254e (0xaa3f2b23) mem 0x80013000 0x00000001
core   0: 0x80012552 (0x0000bfe5) c.j     pc - 8
core   0: 3 0x80012552 (0xbfe5)
core   0: 0x8001254a (0x00001f17) auipc   t5, 0x1
core   0: 3 0x8001254a (0x00001f17) x30 0x8001354a
core   0: 0x8001254e (0xaa3f2b23) sw      gp, -1354(t5)
core   0: 3 0x8001254e (0xaa3f2b23) mem 0x80013000 0x00000001
core   0: 0x80012552 (0x0000bfe5) c.j     pc - 8
core   0: 3 0x80012552 (0xbfe5)
core   0: 0x8001254a (0x00001f17) auipc   t5, 0x1
core   0: 3 0x8001254a (0x00001f17) x30 0x8001354a
core   0: 0x8001254e (0xaa3f2b23) sw      gp, -1354(t5)
core   0: 3 0x8001254e (0xaa3f2b23) mem 0x80013000 0x00000001
core   0: 0x80012552 (0x0000bfe5) c.j     pc - 8
core   0: 3 0x80012552 (0xbfe5)
core   0: 0x8001254a (0x00001f17) auipc   t5, 0x1
core   0: 3 0x8001254a (0x00001f17) x30 0x8001354a
core   0: 0x8001254e (0xaa3f2b23) sw      gp, -1354(t5)
core   0: 3 0x8001254e (0xaa3f2b23) mem 0x80013000 0x00000001
core   0: 0x80012552 (0x0000bfe5) c.j     pc - 8
core   0: 3 0x80012552 (0xbfe5)
core   0: 0x8001254a (0x00001f17) auipc   t5, 0x1
core   0: 3 0x8001254a (0x00001f17) x30 0x8001354a
core   0: 0x8001254e (0xaa3f2b23) sw      gp, -1354(t5)
core   0: 3 0x8001254e (0xaa3f2b23) mem 0x80013000 0x00000001
core   0: 0x80012552 (0x0000bfe5) c.j     pc - 8
core   0: 3 0x80012552 (0xbfe5)
core   0: 0x8001254a (0x00001f17) auipc   t5, 0x1
core   0: 3 0x8001254a (0x00001f17) x30 0x8001354a
core   0: 0x8001254e (0xaa3f2b23) sw      gp, -1354(t5)
core   0: 3 0x8001254e (0xaa3f2b23) mem 0x80013000 0x00000001
core   0: 0x80012552 (0x0000bfe5) c.j     pc - 8
core   0: 3 0x80012552 (0xbfe5)
core   0: 0x8001254a (0x00001f17) auipc   t5, 0x1
core   0: 3 0x8001254a (0x00001f17) x30 0x8001354a
core   0: 0x8001254e (0xaa3f2b23) sw      gp, -1354(t5)
core   0: 3 0x8001254e (0xaa3f2b23) mem 0x80013000 0x00000001
core   0: 0x80012552 (0x0000bfe5) c.j     pc - 8
core   0: 3 0x80012552 (0xbfe5)
core   0: 0x8001254a (0x00001f17) auipc   t5, 0x1
core   0: 3 0x8001254a (0x00001f17) x30 0x8001354a
core   0: 0x8001254e (0xaa3f2b23) sw      gp, -1354(t5)
core   0: 3 0x8001254e (0xaa3f2b23) mem 0x80013000 0x00000001
core   0: 0x80012552 (0x0000bfe5) c.j     pc - 8
core   0: 3 0x80012552 (0xbfe5)
core   0: 0x8001254a (0x00001f17) auipc   t5, 0x1
core   0: 3 0x8001254a (0x00001f17) x30 0x8001354a
core   0: 0x8001254e (0xaa3f2b23) sw      gp, -1354(t5)
core   0: 3 0x8001254e (0xaa3f2b23) mem 0x80013000 0x00000001
core   0: 0x80012552 (0x0000bfe5) c.j     pc - 8
core   0: 3 0x80012552 (0xbfe5)
core   0: 0x8001254a (0x00001f17) auipc   t5, 0x1
core   0: 3 0x8001254a (0x00001f17) x30 0x8001354a
core   0: 0x8001254e (0xaa3f2b23) sw      gp, -1354(t5)
core   0: 3 0x8001254e (0xaa3f2b23) mem 0x80013000 0x00000001
core   0: 0x80012552 (0x0000bfe5) c.j     pc - 8
core   0: 3 0x80012552 (0xbfe5)
core   0: 0x8001254a (0x00001f17) auipc   t5, 0x1
core   0: 3 0x8001254a (0x00001f17) x30 0x8001354a
core   0: 0x8001254e (0xaa3f2b23) sw      gp, -1354(t5)
core   0: 3 0x8001254e (0xaa3f2b23) mem 0x80013000 0x00000001
core   0: 0x80012552 (0x0000bfe5) c.j     pc - 8
core   0: 3 0x80012552 (0xbfe5)
core   0: 0x8001254a (0x00001f17) auipc   t5, 0x1
core   0: 3 0x8001254a (0x00001f17) x30 0x8001354a
core   0: 0x8001254e (0xaa3f2b23) sw      gp, -1354(t5)
core   0: 3 0x8001254e (0xaa3f2b23) mem 0x80013000 0x00000001
core   0: 0x80012552 (0x0000bfe5) c.j     pc - 8
core   0: 3 0x80012552 (0xbfe5)
core   0: 0x8001254a (0x00001f17) auipc   t5, 0x1
core   0: 3 0x8001254a (0x00001f17) x30 0x8001354a
core   0: 0x8001254e (0xaa3f2b23) sw      gp, -1354(t5)
core   0: 3 0x8001254e (0xaa3f2b23) mem 0x80013000 0x00000001
core   0: 0x80012552 (0x0000bfe5) c.j     pc - 8
core   0: 3 0x80012552 (0xbfe5)
core   0: 0x8001254a (0x00001f17) auipc   t5, 0x1
core   0: 3 0x8001254a (0x00001f17) x30 0x8001354a
core   0: 0x8001254e (0xaa3f2b23) sw      gp, -1354(t5)
core   0: 3 0x8001254e (0xaa3f2b23) mem 0x80013000 0x00000001
core   0: 0x80012552 (0x0000bfe5) c.j     pc - 8
core   0: 3 0x80012552 (0xbfe5)
core   0: 0x8001254a (0x00001f17) auipc   t5, 0x1
core   0: 3 0x8001254a (0x00001f17) x30 0x8001354a
core   0: 0x8001254e (0xaa3f2b23) sw      gp, -1354(t5)
core   0: 3 0x8001254e (0xaa3f2b23) mem 0x80013000 0x00000001
core   0: 0x80012552 (0x0000bfe5) c.j     pc - 8
core   0: 3 0x80012552 (0xbfe5)
core   0: 0x8001254a (0x00001f17) auipc   t5, 0x1
core   0: 3 0x8001254a (0x00001f17) x30 0x8001354a
core   0: 0x8001254e (0xaa3f2b23) sw      gp, -1354(t5)
core   0: 3 0x8001254e (0xaa3f2b23) mem 0x80013000 0x00000001
core   0: 0x80012552 (0x0000bfe5) c.j     pc - 8
core   0: 3 0x80012552 (0xbfe5)
core   0: 0x8001254a (0x00001f17) auipc   t5, 0x1
core   0: 3 0x8001254a (0x00001f17) x30 0x8001354a
core   0: 0x8001254e (0xaa3f2b23) sw      gp, -1354(t5)
core   0: 3 0x8001254e (0xaa3f2b23) mem 0x80013000 0x00000001
core   0: 0x80012552 (0x0000bfe5) c.j     pc - 8
core   0: 3 0x80012552 (0xbfe5)
core   0: 0x8001254a (0x00001f17) auipc   t5, 0x1
core   0: 3 0x8001254a (0x00001f17) x30 0x8001354a
core   0: 0x8001254e (0xaa3f2b23) sw      gp, -1354(t5)
core   0: 3 0x8001254e (0xaa3f2b23) mem 0x80013000 0x00000001
core   0: 0x80012552 (0x0000bfe5) c.j     pc - 8
core   0: 3 0x80012552 (0xbfe5)
core   0: 0x8001254a (0x00001f17) auipc   t5, 0x1
core   0: 3 0x8001254a (0x00001f17) x30 0x8001354a
core   0: 0x8001254e (0xaa3f2b23) sw      gp, -1354(t5)
core   0: 3 0x8001254e (0xaa3f2b23) mem 0x80013000 0x00000001
core   0: 0x80012552 (0x0000bfe5) c.j     pc - 8
core   0: 3 0x80012552 (0xbfe5)
core   0: 0x8001254a (0x00001f17) auipc   t5, 0x1
core   0: 3 0x8001254a (0x00001f17) x30 0x8001354a
core   0: 0x8001254e (0xaa3f2b23) sw      gp, -1354(t5)
core   0: 3 0x8001254e (0xaa3f2b23) mem 0x80013000 0x00000001
core   0: 0x80012552 (0x0000bfe5) c.j     pc - 8
core   0: 3 0x80012552 (0xbfe5)
core   0: 0x8001254a (0x00001f17) auipc   t5, 0x1
core   0: 3 0x8001254a (0x00001f17) x30 0x8001354a
core   0: 0x8001254e (0xaa3f2b23) sw      gp, -1354(t5)
core   0: 3 0x8001254e (0xaa3f2b23) mem 0x80013000 0x00000001
core   0: 0x80012552 (0x0000bfe5) c.j     pc - 8
core   0: 3 0x80012552 (0xbfe5)
core   0: 0x8001254a (0x00001f17) auipc   t5, 0x1
core   0: 3 0x8001254a (0x00001f17) x30 0x8001354a
core   0: 0x8001254e (0xaa3f2b23) sw      gp, -1354(t5)
core   0: 3 0x8001254e (0xaa3f2b23) mem 0x80013000 0x00000001
core   0: 0x80012552 (0x0000bfe5) c.j     pc - 8
core   0: 3 0x80012552 (0xbfe5)
core   0: 0x8001254a (0x00001f17) auipc   t5, 0x1
core   0: 3 0x8001254a (0x00001f17) x30 0x8001354a
core   0: 0x8001254e (0xaa3f2b23) sw      gp, -1354(t5)
core   0: 3 0x8001254e (0xaa3f2b23) mem 0x80013000 0x00000001
core   0: 0x80012552 (0x0000bfe5) c.j     pc - 8
core   0: 3 0x80012552 (0xbfe5)
core   0: 0x8001254a (0x00001f17) auipc   t5, 0x1
core   0: 3 0x8001254a (0x00001f17) x30 0x8001354a
core   0: 0x8001254e (0xaa3f2b23) sw      gp, -1354(t5)
core   0: 3 0x8001254e (0xaa3f2b23) mem 0x80013000 0x00000001
core   0: 0x80012552 (0x0000bfe5) c.j     pc - 8
core   0: 3 0x80012552 (0xbfe5)
core   0: 0x8001254a (0x00001f17) auipc   t5, 0x1
core   0: 3 0x8001254a (0x00001f17) x30 0x8001354a
core   0: 0x8001254e (0xaa3f2b23) sw      gp, -1354(t5)
core   0: 3 0x8001254e (0xaa3f2b23) mem 0x80013000 0x00000001
core   0: 0x80012552 (0x0000bfe5) c.j     pc - 8
core   0: 3 0x80012552 (0xbfe5)
core   0: 0x8001254a (0x00001f17) auipc   t5, 0x1
core   0: 3 0x8001254a (0x00001f17) x30 0x8001354a
core   0: 0x8001254e (0xaa3f2b23) sw      gp, -1354(t5)
core   0: 3 0x8001254e (0xaa3f2b23) mem 0x80013000 0x00000001
core   0: 0x80012552 (0x0000bfe5) c.j     pc - 8
core   0: 3 0x80012552 (0xbfe5)
core   0: 0x8001254a (0x00001f17) auipc   t5, 0x1
core   0: 3 0x8001254a (0x00001f17) x30 0x8001354a
core   0: 0x8001254e (0xaa3f2b23) sw      gp, -1354(t5)
core   0: 3 0x8001254e (0xaa3f2b23) mem 0x80013000 0x00000001
core   0: 0x80012552 (0x0000bfe5) c.j     pc - 8
core   0: 3 0x80012552 (0xbfe5)
core   0: 0x8001254a (0x00001f17) auipc   t5, 0x1
core   0: 3 0x8001254a (0x00001f17) x30 0x8001354a
core   0: 0x8001254e (0xaa3f2b23) sw      gp, -1354(t5)
core   0: 3 0x8001254e (0xaa3f2b23) mem 0x80013000 0x00000001
core   0: 0x80012552 (0x0000bfe5) c.j     pc - 8
core   0: 3 0x80012552 (0xbfe5)
core   0: 0x8001254a (0x00001f17) auipc   t5, 0x1
core   0: 3 0x8001254a (0x00001f17) x30 0x8001354a
core   0: 0x8001254e (0xaa3f2b23) sw      gp, -1354(t5)
core   0: 3 0x8001254e (0xaa3f2b23) mem 0x80013000 0x00000001
core   0: 0x80012552 (0x0000bfe5) c.j     pc - 8
core   0: 3 0x80012552 (0xbfe5)
core   0: 0x8001254a (0x00001f17) auipc   t5, 0x1
core   0: 3 0x8001254a (0x00001f17) x30 0x8001354a
core   0: 0x8001254e (0xaa3f2b23) sw      gp, -1354(t5)
core   0: 3 0x8001254e (0xaa3f2b23) mem 0x80013000 0x00000001
core   0: 0x80012552 (0x0000bfe5) c.j     pc - 8
core   0: 3 0x80012552 (0xbfe5)
core   0: 0x8001254a (0x00001f17) auipc   t5, 0x1
core   0: 3 0x8001254a (0x00001f17) x30 0x8001354a
core   0: 0x8001254e (0xaa3f2b23) sw      gp, -1354(t5)
core   0: 3 0x8001254e (0xaa3f2b23) mem 0x80013000 0x00000001
core   0: 0x80012552 (0x0000bfe5) c.j     pc - 8
core   0: 3 0x80012552 (0xbfe5)
core   0: 0x8001254a (0x00001f17) auipc   t5, 0x1
core   0: 3 0x8001254a (0x00001f17) x30 0x8001354a
core   0: 0x8001254e (0xaa3f2b23) sw      gp, -1354(t5)
core   0: 3 0x8001254e (0xaa3f2b23) mem 0x80013000 0x00000001
core   0: 0x80012552 (0x0000bfe5) c.j     pc - 8
core   0: 3 0x80012552 (0xbfe5)
core   0: 0x8001254a (0x00001f17) auipc   t5, 0x1
core   0: 3 0x8001254a (0x00001f17) x30 0x8001354a
core   0: 0x8001254e (0xaa3f2b23) sw      gp, -1354(t5)
core   0: 3 0x8001254e (0xaa3f2b23) mem 0x80013000 0x00000001
core   0: 0x80012552 (0x0000bfe5) c.j     pc - 8
core   0: 3 0x80012552 (0xbfe5)
core   0: 0x8001254a (0x00001f17) auipc   t5, 0x1
core   0: 3 0x8001254a (0x00001f17) x30 0x8001354a
core   0: 0x8001254e (0xaa3f2b23) sw      gp, -1354(t5)
core   0: 3 0x8001254e (0xaa3f2b23) mem 0x80013000 0x00000001
core   0: 0x80012552 (0x0000bfe5) c.j     pc - 8
core   0: 3 0x80012552 (0xbfe5)
core   0: 0x8001254a (0x00001f17) auipc   t5, 0x1
core   0: 3 0x8001254a (0x00001f17) x30 0x8001354a
core   0: 0x8001254e (0xaa3f2b23) sw      gp, -1354(t5)
core   0: 3 0x8001254e (0xaa3f2b23) mem 0x80013000 0x00000001
core   0: 0x80012552 (0x0000bfe5) c.j     pc - 8
core   0: 3 0x80012552 (0xbfe5)
core   0: 0x8001254a (0x00001f17) auipc   t5, 0x1
core   0: 3 0x8001254a (0x00001f17) x30 0x8001354a
core   0: 0x8001254e (0xaa3f2b23) sw      gp, -1354(t5)
core   0: 3 0x8001254e (0xaa3f2b23) mem 0x80013000 0x00000001
core   0: 0x80012552 (0x0000bfe5) c.j     pc - 8
core   0: 3 0x80012552 (0xbfe5)
core   0: 0x8001254a (0x00001f17) auipc   t5, 0x1
core   0: 3 0x8001254a (0x00001f17) x30 0x8001354a
core   0: 0x8001254e (0xaa3f2b23) sw      gp, -1354(t5)
core   0: 3 0x8001254e (0xaa3f2b23) mem 0x80013000 0x00000001
core   0: 0x80012552 (0x0000bfe5) c.j     pc - 8
core   0: 3 0x80012552 (0xbfe5)
core   0: 0x8001254a (0x00001f17) auipc   t5, 0x1
core   0: 3 0x8001254a (0x00001f17) x30 0x8001354a
core   0: 0x8001254e (0xaa3f2b23) sw      gp, -1354(t5)
core   0: 3 0x8001254e (0xaa3f2b23) mem 0x80013000 0x00000001
core   0: 0x80012552 (0x0000bfe5) c.j     pc - 8
core   0: 3 0x80012552 (0xbfe5)
core   0: 0x8001254a (0x00001f17) auipc   t5, 0x1
core   0: 3 0x8001254a (0x00001f17) x30 0x8001354a
core   0: 0x8001254e (0xaa3f2b23) sw      gp, -1354(t5)
core   0: 3 0x8001254e (0xaa3f2b23) mem 0x80013000 0x00000001
core   0: 0x80012552 (0x0000bfe5) c.j     pc - 8
core   0: 3 0x80012552 (0xbfe5)
core   0: 0x8001254a (0x00001f17) auipc   t5, 0x1
core   0: 3 0x8001254a (0x00001f17) x30 0x8001354a
core   0: 0x8001254e (0xaa3f2b23) sw      gp, -1354(t5)
core   0: 3 0x8001254e (0xaa3f2b23) mem 0x80013000 0x00000001
core   0: 0x80012552 (0x0000bfe5) c.j     pc - 8
core   0: 3 0x80012552 (0xbfe5)
core   0: 0x8001254a (0x00001f17) auipc   t5, 0x1
core   0: 3 0x8001254a (0x00001f17) x30 0x8001354a
core   0: 0x8001254e (0xaa3f2b23) sw      gp, -1354(t5)
core   0: 3 0x8001254e (0xaa3f2b23) mem 0x80013000 0x00000001
core   0: 0x80012552 (0x0000bfe5) c.j     pc - 8
core   0: 3 0x80012552 (0xbfe5)
core   0: 0x8001254a (0x00001f17) auipc   t5, 0x1
core   0: 3 0x8001254a (0x00001f17) x30 0x8001354a
core   0: 0x8001254e (0xaa3f2b23) sw      gp, -1354(t5)
core   0: 3 0x8001254e (0xaa3f2b23) mem 0x80013000 0x00000001
core   0: 0x80012552 (0x0000bfe5) c.j     pc - 8
core   0: 3 0x80012552 (0xbfe5)
core   0: 0x8001254a (0x00001f17) auipc   t5, 0x1
core   0: 3 0x8001254a (0x00001f17) x30 0x8001354a
core   0: 0x8001254e (0xaa3f2b23) sw      gp, -1354(t5)
core   0: 3 0x8001254e (0xaa3f2b23) mem 0x80013000 0x00000001
core   0: 0x80012552 (0x0000bfe5) c.j     pc - 8
core   0: 3 0x80012552 (0xbfe5)
core   0: 0x8001254a (0x00001f17) auipc   t5, 0x1
core   0: 3 0x8001254a (0x00001f17) x30 0x8001354a
core   0: 0x8001254e (0xaa3f2b23) sw      gp, -1354(t5)
core   0: 3 0x8001254e (0xaa3f2b23) mem 0x80013000 0x00000001
core   0: 0x80012552 (0x0000bfe5) c.j     pc - 8
core   0: 3 0x80012552 (0xbfe5)
core   0: 0x8001254a (0x00001f17) auipc   t5, 0x1
core   0: 3 0x8001254a (0x00001f17) x30 0x8001354a
core   0: 0x8001254e (0xaa3f2b23) sw      gp, -1354(t5)
core   0: 3 0x8001254e (0xaa3f2b23) mem 0x80013000 0x00000001
core   0: 0x80012552 (0x0000bfe5) c.j     pc - 8
core   0: 3 0x80012552 (0xbfe5)
core   0: 0x8001254a (0x00001f17) auipc   t5, 0x1
core   0: 3 0x8001254a (0x00001f17) x30 0x8001354a
core   0: 0x8001254e (0xaa3f2b23) sw      gp, -1354(t5)
core   0: 3 0x8001254e (0xaa3f2b23) mem 0x80013000 0x00000001
core   0: 0x80012552 (0x0000bfe5) c.j     pc - 8
core   0: 3 0x80012552 (0xbfe5)
core   0: 0x8001254a (0x00001f17) auipc   t5, 0x1
core   0: 3 0x8001254a (0x00001f17) x30 0x8001354a
core   0: 0x8001254e (0xaa3f2b23) sw      gp, -1354(t5)
core   0: 3 0x8001254e (0xaa3f2b23) mem 0x80013000 0x00000001
core   0: 0x80012552 (0x0000bfe5) c.j     pc - 8
core   0: 3 0x80012552 (0xbfe5)
core   0: 0x8001254a (0x00001f17) auipc   t5, 0x1
core   0: 3 0x8001254a (0x00001f17) x30 0x8001354a
core   0: 0x8001254e (0xaa3f2b23) sw      gp, -1354(t5)
core   0: 3 0x8001254e (0xaa3f2b23) mem 0x80013000 0x00000001
core   0: 0x80012552 (0x0000bfe5) c.j     pc - 8
core   0: 3 0x80012552 (0xbfe5)
core   0: 0x8001254a (0x00001f17) auipc   t5, 0x1
core   0: 3 0x8001254a (0x00001f17) x30 0x8001354a
core   0: 0x8001254e (0xaa3f2b23) sw      gp, -1354(t5)
core   0: 3 0x8001254e (0xaa3f2b23) mem 0x80013000 0x00000001
core   0: 0x80012552 (0x0000bfe5) c.j     pc - 8
core   0: 3 0x80012552 (0xbfe5)
core   0: 0x8001254a (0x00001f17) auipc   t5, 0x1
core   0: 3 0x8001254a (0x00001f17) x30 0x8001354a
core   0: 0x8001254e (0xaa3f2b23) sw      gp, -1354(t5)
core   0: 3 0x8001254e (0xaa3f2b23) mem 0x80013000 0x00000001
core   0: 0x80012552 (0x0000bfe5) c.j     pc - 8
core   0: 3 0x80012552 (0xbfe5)
core   0: 0x8001254a (0x00001f17) auipc   t5, 0x1
core   0: 3 0x8001254a (0x00001f17) x30 0x8001354a
core   0: 0x8001254e (0xaa3f2b23) sw      gp, -1354(t5)
core   0: 3 0x8001254e (0xaa3f2b23) mem 0x80013000 0x00000001
core   0: 0x80012552 (0x0000bfe5) c.j     pc - 8
core   0: 3 0x80012552 (0xbfe5)
core   0: 0x8001254a (0x00001f17) auipc   t5, 0x1
core   0: 3 0x8001254a (0x00001f17) x30 0x8001354a
core   0: 0x8001254e (0xaa3f2b23) sw      gp, -1354(t5)
core   0: 3 0x8001254e (0xaa3f2b23) mem 0x80013000 0x00000001
core   0: 0x80012552 (0x0000bfe5) c.j     pc - 8
core   0: 3 0x80012552 (0xbfe5)
core   0: 0x8001254a (0x00001f17) auipc   t5, 0x1
core   0: 3 0x8001254a (0x00001f17) x30 0x8001354a
core   0: 0x8001254e (0xaa3f2b23) sw      gp, -1354(t5)
core   0: 3 0x8001254e (0xaa3f2b23) mem 0x80013000 0x00000001
core   0: 0x80012552 (0x0000bfe5) c.j     pc - 8
core   0: 3 0x80012552 (0xbfe5)
core   0: 0x8001254a (0x00001f17) auipc   t5, 0x1
core   0: 3 0x8001254a (0x00001f17) x30 0x8001354a
core   0: 0x8001254e (0xaa3f2b23) sw      gp, -1354(t5)
core   0: 3 0x8001254e (0xaa3f2b23) mem 0x80013000 0x00000001
core   0: 0x80012552 (0x0000bfe5) c.j     pc - 8
core   0: 3 0x80012552 (0xbfe5)
core   0: 0x8001254a (0x00001f17) auipc   t5, 0x1
core   0: 3 0x8001254a (0x00001f17) x30 0x8001354a
core   0: 0x8001254e (0xaa3f2b23) sw      gp, -1354(t5)
core   0: 3 0x8001254e (0xaa3f2b23) mem 0x80013000 0x00000001
core   0: 0x80012552 (0x0000bfe5) c.j     pc - 8
core   0: 3 0x80012552 (0xbfe5)
core   0: 0x8001254a (0x00001f17) auipc   t5, 0x1
core   0: 3 0x8001254a (0x00001f17) x30 0x8001354a
core   0: 0x8001254e (0xaa3f2b23) sw      gp, -1354(t5)
core   0: 3 0x8001254e (0xaa3f2b23) mem 0x80013000 0x00000001
core   0: 0x80012552 (0x0000bfe5) c.j     pc - 8
core   0: 3 0x80012552 (0xbfe5)
core   0: 0x8001254a (0x00001f17) auipc   t5, 0x1
core   0: 3 0x8001254a (0x00001f17) x30 0x8001354a
core   0: 0x8001254e (0xaa3f2b23) sw      gp, -1354(t5)
core   0: 3 0x8001254e (0xaa3f2b23) mem 0x80013000 0x00000001
core   0: 0x80012552 (0x0000bfe5) c.j     pc - 8
core   0: 3 0x80012552 (0xbfe5)
core   0: 0x8001254a (0x00001f17) auipc   t5, 0x1
core   0: 3 0x8001254a (0x00001f17) x30 0x8001354a
core   0: 0x8001254e (0xaa3f2b23) sw      gp, -1354(t5)
core   0: 3 0x8001254e (0xaa3f2b23) mem 0x80013000 0x00000001
core   0: 0x80012552 (0x0000bfe5) c.j     pc - 8
core   0: 3 0x80012552 (0xbfe5)
core   0: 0x8001254a (0x00001f17) auipc   t5, 0x1
core   0: 3 0x8001254a (0x00001f17) x30 0x8001354a
core   0: 0x8001254e (0xaa3f2b23) sw      gp, -1354(t5)
core   0: 3 0x8001254e (0xaa3f2b23) mem 0x80013000 0x00000001
core   0: 0x80012552 (0x0000bfe5) c.j     pc - 8
core   0: 3 0x80012552 (0xbfe5)
core   0: 0x8001254a (0x00001f17) auipc   t5, 0x1
core   0: 3 0x8001254a (0x00001f17) x30 0x8001354a
core   0: 0x8001254e (0xaa3f2b23) sw      gp, -1354(t5)
core   0: 3 0x8001254e (0xaa3f2b23) mem 0x80013000 0x00000001
core   0: 0x80012552 (0x0000bfe5) c.j     pc - 8
core   0: 3 0x80012552 (0xbfe5)
core   0: 0x8001254a (0x00001f17) auipc   t5, 0x1
core   0: 3 0x8001254a (0x00001f17) x30 0x8001354a
core   0: 0x8001254e (0xaa3f2b23) sw      gp, -1354(t5)
core   0: 3 0x8001254e (0xaa3f2b23) mem 0x80013000 0x00000001
core   0: 0x80012552 (0x0000bfe5) c.j     pc - 8
core   0: 3 0x80012552 (0xbfe5)
core   0: 0x8001254a (0x00001f17) auipc   t5, 0x1
core   0: 3 0x8001254a (0x00001f17) x30 0x8001354a
core   0: 0x8001254e (0xaa3f2b23) sw      gp, -1354(t5)
core   0: 3 0x8001254e (0xaa3f2b23) mem 0x80013000 0x00000001
core   0: 0x80012552 (0x0000bfe5) c.j     pc - 8
core   0: 3 0x80012552 (0xbfe5)
core   0: 0x8001254a (0x00001f17) auipc   t5, 0x1
core   0: 3 0x8001254a (0x00001f17) x30 0x8001354a
core   0: 0x8001254e (0xaa3f2b23) sw      gp, -1354(t5)
core   0: 3 0x8001254e (0xaa3f2b23) mem 0x80013000 0x00000001
core   0: 0x80012552 (0x0000bfe5) c.j     pc - 8
core   0: 3 0x80012552 (0xbfe5)
core   0: 0x8001254a (0x00001f17) auipc   t5, 0x1
core   0: 3 0x8001254a (0x00001f17) x30 0x8001354a
core   0: 0x8001254e (0xaa3f2b23) sw      gp, -1354(t5)
core   0: 3 0x8001254e (0xaa3f2b23) mem 0x80013000 0x00000001
core   0: 0x80012552 (0x0000bfe5) c.j     pc - 8
core   0: 3 0x80012552 (0xbfe5)
core   0: 0x8001254a (0x00001f17) auipc   t5, 0x1
core   0: 3 0x8001254a (0x00001f17) x30 0x8001354a
core   0: 0x8001254e (0xaa3f2b23) sw      gp, -1354(t5)
core   0: 3 0x8001254e (0xaa3f2b23) mem 0x80013000 0x00000001
core   0: 0x80012552 (0x0000bfe5) c.j     pc - 8
core   0: 3 0x80012552 (0xbfe5)
core   0: 0x8001254a (0x00001f17) auipc   t5, 0x1
core   0: 3 0x8001254a (0x00001f17) x30 0x8001354a
core   0: 0x8001254e (0xaa3f2b23) sw      gp, -1354(t5)
core   0: 3 0x8001254e (0xaa3f2b23) mem 0x80013000 0x00000001
core   0: 0x80012552 (0x0000bfe5) c.j     pc - 8
core   0: 3 0x80012552 (0xbfe5)
core   0: 0x8001254a (0x00001f17) auipc   t5, 0x1
core   0: 3 0x8001254a (0x00001f17) x30 0x8001354a
core   0: 0x8001254e (0xaa3f2b23) sw      gp, -1354(t5)
core   0: 3 0x8001254e (0xaa3f2b23) mem 0x80013000 0x00000001
core   0: 0x80012552 (0x0000bfe5) c.j     pc - 8
core   0: 3 0x80012552 (0xbfe5)
core   0: 0x8001254a (0x00001f17) auipc   t5, 0x1
core   0: 3 0x8001254a (0x00001f17) x30 0x8001354a
core   0: 0x8001254e (0xaa3f2b23) sw      gp, -1354(t5)
core   0: 3 0x8001254e (0xaa3f2b23) mem 0x80013000 0x00000001
core   0: 0x80012552 (0x0000bfe5) c.j     pc - 8
core   0: 3 0x80012552 (0xbfe5)
core   0: 0x8001254a (0x00001f17) auipc   t5, 0x1
core   0: 3 0x8001254a (0x00001f17) x30 0x8001354a
core   0: 0x8001254e (0xaa3f2b23) sw      gp, -1354(t5)
core   0: 3 0x8001254e (0xaa3f2b23) mem 0x80013000 0x00000001
core   0: 0x80012552 (0x0000bfe5) c.j     pc - 8
core   0: 3 0x80012552 (0xbfe5)
core   0: 0x8001254a (0x00001f17) auipc   t5, 0x1
core   0: 3 0x8001254a (0x00001f17) x30 0x8001354a
core   0: 0x8001254e (0xaa3f2b23) sw      gp, -1354(t5)
core   0: 3 0x8001254e (0xaa3f2b23) mem 0x80013000 0x00000001
core   0: 0x80012552 (0x0000bfe5) c.j     pc - 8
core   0: 3 0x80012552 (0xbfe5)
core   0: 0x8001254a (0x00001f17) auipc   t5, 0x1
core   0: 3 0x8001254a (0x00001f17) x30 0x8001354a
core   0: 0x8001254e (0xaa3f2b23) sw      gp, -1354(t5)
core   0: 3 0x8001254e (0xaa3f2b23) mem 0x80013000 0x00000001
core   0: 0x80012552 (0x0000bfe5) c.j     pc - 8
core   0: 3 0x80012552 (0xbfe5)
core   0: 0x8001254a (0x00001f17) auipc   t5, 0x1
core   0: 3 0x8001254a (0x00001f17) x30 0x8001354a
core   0: 0x8001254e (0xaa3f2b23) sw      gp, -1354(t5)
core   0: 3 0x8001254e (0xaa3f2b23) mem 0x80013000 0x00000001
core   0: 0x80012552 (0x0000bfe5) c.j     pc - 8
core   0: 3 0x80012552 (0xbfe5)
core   0: 0x8001254a (0x00001f17) auipc   t5, 0x1
core   0: 3 0x8001254a (0x00001f17) x30 0x8001354a
core   0: 0x8001254e (0xaa3f2b23) sw      gp, -1354(t5)
core   0: 3 0x8001254e (0xaa3f2b23) mem 0x80013000 0x00000001
core   0: 0x80012552 (0x0000bfe5) c.j     pc - 8
core   0: 3 0x80012552 (0xbfe5)
core   0: 0x8001254a (0x00001f17) auipc   t5, 0x1
core   0: 3 0x8001254a (0x00001f17) x30 0x8001354a
core   0: 0x8001254e (0xaa3f2b23) sw      gp, -1354(t5)
core   0: 3 0x8001254e (0xaa3f2b23) mem 0x80013000 0x00000001
core   0: 0x80012552 (0x0000bfe5) c.j     pc - 8
core   0: 3 0x80012552 (0xbfe5)
core   0: 0x8001254a (0x00001f17) auipc   t5, 0x1
core   0: 3 0x8001254a (0x00001f17) x30 0x8001354a
core   0: 0x8001254e (0xaa3f2b23) sw      gp, -1354(t5)
core   0: 3 0x8001254e (0xaa3f2b23) mem 0x80013000 0x00000001
core   0: 0x80012552 (0x0000bfe5) c.j     pc - 8
core   0: 3 0x80012552 (0xbfe5)
core   0: 0x8001254a (0x00001f17) auipc   t5, 0x1
core   0: 3 0x8001254a (0x00001f17) x30 0x8001354a
core   0: 0x8001254e (0xaa3f2b23) sw      gp, -1354(t5)
core   0: 3 0x8001254e (0xaa3f2b23) mem 0x80013000 0x00000001
core   0: 0x80012552 (0x0000bfe5) c.j     pc - 8
core   0: 3 0x80012552 (0xbfe5)
core   0: 0x8001254a (0x00001f17) auipc   t5, 0x1
core   0: 3 0x8001254a (0x00001f17) x30 0x8001354a
core   0: 0x8001254e (0xaa3f2b23) sw      gp, -1354(t5)
core   0: 3 0x8001254e (0xaa3f2b23) mem 0x80013000 0x00000001
core   0: 0x80012552 (0x0000bfe5) c.j     pc - 8
core   0: 3 0x80012552 (0xbfe5)
core   0: 0x8001254a (0x00001f17) auipc   t5, 0x1
core   0: 3 0x8001254a (0x00001f17) x30 0x8001354a
core   0: 0x8001254e (0xaa3f2b23) sw      gp, -1354(t5)
core   0: 3 0x8001254e (0xaa3f2b23) mem 0x80013000 0x00000001
core   0: 0x80012552 (0x0000bfe5) c.j     pc - 8
core   0: 3 0x80012552 (0xbfe5)
core   0: 0x8001254a (0x00001f17) auipc   t5, 0x1
core   0: 3 0x8001254a (0x00001f17) x30 0x8001354a
core   0: 0x8001254e (0xaa3f2b23) sw      gp, -1354(t5)
core   0: 3 0x8001254e (0xaa3f2b23) mem 0x80013000 0x00000001
core   0: 0x80012552 (0x0000bfe5) c.j     pc - 8
core   0: 3 0x80012552 (0xbfe5)
core   0: 0x8001254a (0x00001f17) auipc   t5, 0x1
core   0: 3 0x8001254a (0x00001f17) x30 0x8001354a
core   0: 0x8001254e (0xaa3f2b23) sw      gp, -1354(t5)
core   0: 3 0x8001254e (0xaa3f2b23) mem 0x80013000 0x00000001
core   0: 0x80012552 (0x0000bfe5) c.j     pc - 8
core   0: 3 0x80012552 (0xbfe5)
core   0: 0x8001254a (0x00001f17) auipc   t5, 0x1
core   0: 3 0x8001254a (0x00001f17) x30 0x8001354a
core   0: 0x8001254e (0xaa3f2b23) sw      gp, -1354(t5)
core   0: 3 0x8001254e (0xaa3f2b23) mem 0x80013000 0x00000001
core   0: 0x80012552 (0x0000bfe5) c.j     pc - 8
core   0: 3 0x80012552 (0xbfe5)
core   0: 0x8001254a (0x00001f17) auipc   t5, 0x1
core   0: 3 0x8001254a (0x00001f17) x30 0x8001354a
core   0: 0x8001254e (0xaa3f2b23) sw      gp, -1354(t5)
core   0: 3 0x8001254e (0xaa3f2b23) mem 0x80013000 0x00000001
core   0: 0x80012552 (0x0000bfe5) c.j     pc - 8
core   0: 3 0x80012552 (0xbfe5)
core   0: 0x8001254a (0x00001f17) auipc   t5, 0x1
core   0: 3 0x8001254a (0x00001f17) x30 0x8001354a
core   0: 0x8001254e (0xaa3f2b23) sw      gp, -1354(t5)
core   0: 3 0x8001254e (0xaa3f2b23) mem 0x80013000 0x00000001
core   0: 0x80012552 (0x0000bfe5) c.j     pc - 8
core   0: 3 0x80012552 (0xbfe5)
core   0: 0x8001254a (0x00001f17) auipc   t5, 0x1
core   0: 3 0x8001254a (0x00001f17) x30 0x8001354a
core   0: 0x8001254e (0xaa3f2b23) sw      gp, -1354(t5)
core   0: 3 0x8001254e (0xaa3f2b23) mem 0x80013000 0x00000001
core   0: 0x80012552 (0x0000bfe5) c.j     pc - 8
core   0: 3 0x80012552 (0xbfe5)
core   0: 0x8001254a (0x00001f17) auipc   t5, 0x1
core   0: 3 0x8001254a (0x00001f17) x30 0x8001354a
core   0: 0x8001254e (0xaa3f2b23) sw      gp, -1354(t5)
core   0: 3 0x8001254e (0xaa3f2b23) mem 0x80013000 0x00000001
core   0: 0x80012552 (0x0000bfe5) c.j     pc - 8
core   0: 3 0x80012552 (0xbfe5)
core   0: 0x8001254a (0x00001f17) auipc   t5, 0x1
core   0: 3 0x8001254a (0x00001f17) x30 0x8001354a
core   0: 0x8001254e (0xaa3f2b23) sw      gp, -1354(t5)
core   0: 3 0x8001254e (0xaa3f2b23) mem 0x80013000 0x00000001
core   0: 0x80012552 (0x0000bfe5) c.j     pc - 8
core   0: 3 0x80012552 (0xbfe5)
core   0: 0x8001254a (0x00001f17) auipc   t5, 0x1
core   0: 3 0x8001254a (0x00001f17) x30 0x8001354a
core   0: 0x8001254e (0xaa3f2b23) sw      gp, -1354(t5)
core   0: 3 0x8001254e (0xaa3f2b23) mem 0x80013000 0x00000001
core   0: 0x80012552 (0x0000bfe5) c.j     pc - 8
core   0: 3 0x80012552 (0xbfe5)
core   0: 0x8001254a (0x00001f17) auipc   t5, 0x1
core   0: 3 0x8001254a (0x00001f17) x30 0x8001354a
core   0: 0x8001254e (0xaa3f2b23) sw      gp, -1354(t5)
core   0: 3 0x8001254e (0xaa3f2b23) mem 0x80013000 0x00000001
core   0: 0x80012552 (0x0000bfe5) c.j     pc - 8
core   0: 3 0x80012552 (0xbfe5)
core   0: 0x8001254a (0x00001f17) auipc   t5, 0x1
core   0: 3 0x8001254a (0x00001f17) x30 0x8001354a
core   0: 0x8001254e (0xaa3f2b23) sw      gp, -1354(t5)
core   0: 3 0x8001254e (0xaa3f2b23) mem 0x80013000 0x00000001
core   0: 0x80012552 (0x0000bfe5) c.j     pc - 8
core   0: 3 0x80012552 (0xbfe5)
core   0: 0x8001254a (0x00001f17) auipc   t5, 0x1
core   0: 3 0x8001254a (0x00001f17) x30 0x8001354a
core   0: 0x8001254e (0xaa3f2b23) sw      gp, -1354(t5)
core   0: 3 0x8001254e (0xaa3f2b23) mem 0x80013000 0x00000001
core   0: 0x80012552 (0x0000bfe5) c.j     pc - 8
core   0: 3 0x80012552 (0xbfe5)
core   0: 0x8001254a (0x00001f17) auipc   t5, 0x1
core   0: 3 0x8001254a (0x00001f17) x30 0x8001354a
core   0: 0x8001254e (0xaa3f2b23) sw      gp, -1354(t5)
core   0: 3 0x8001254e (0xaa3f2b23) mem 0x80013000 0x00000001
core   0: 0x80012552 (0x0000bfe5) c.j     pc - 8
core   0: 3 0x80012552 (0xbfe5)
core   0: 0x8001254a (0x00001f17) auipc   t5, 0x1
core   0: 3 0x8001254a (0x00001f17) x30 0x8001354a
core   0: 0x8001254e (0xaa3f2b23) sw      gp, -1354(t5)
core   0: 3 0x8001254e (0xaa3f2b23) mem 0x80013000 0x00000001
core   0: 0x80012552 (0x0000bfe5) c.j     pc - 8
core   0: 3 0x80012552 (0xbfe5)
core   0: 0x8001254a (0x00001f17) auipc   t5, 0x1
core   0: 3 0x8001254a (0x00001f17) x30 0x8001354a
core   0: 0x8001254e (0xaa3f2b23) sw      gp, -1354(t5)
core   0: 3 0x8001254e (0xaa3f2b23) mem 0x80013000 0x00000001
core   0: 0x80012552 (0x0000bfe5) c.j     pc - 8
core   0: 3 0x80012552 (0xbfe5)
core   0: 0x8001254a (0x00001f17) auipc   t5, 0x1
core   0: 3 0x8001254a (0x00001f17) x30 0x8001354a
core   0: 0x8001254e (0xaa3f2b23) sw      gp, -1354(t5)
core   0: 3 0x8001254e (0xaa3f2b23) mem 0x80013000 0x00000001
core   0: 0x80012552 (0x0000bfe5) c.j     pc - 8
core   0: 3 0x80012552 (0xbfe5)
core   0: 0x8001254a (0x00001f17) auipc   t5, 0x1
core   0: 3 0x8001254a (0x00001f17) x30 0x8001354a
core   0: 0x8001254e (0xaa3f2b23) sw      gp, -1354(t5)
core   0: 3 0x8001254e (0xaa3f2b23) mem 0x80013000 0x00000001
core   0: 0x80012552 (0x0000bfe5) c.j     pc - 8
core   0: 3 0x80012552 (0xbfe5)
core   0: 0x8001254a (0x00001f17) auipc   t5, 0x1
core   0: 3 0x8001254a (0x00001f17) x30 0x8001354a
core   0: 0x8001254e (0xaa3f2b23) sw      gp, -1354(t5)
core   0: 3 0x8001254e (0xaa3f2b23) mem 0x80013000 0x00000001
core   0: 0x80012552 (0x0000bfe5) c.j     pc - 8
core   0: 3 0x80012552 (0xbfe5)
core   0: 0x8001254a (0x00001f17) auipc   t5, 0x1
core   0: 3 0x8001254a (0x00001f17) x30 0x8001354a
core   0: 0x8001254e (0xaa3f2b23) sw      gp, -1354(t5)
core   0: 3 0x8001254e (0xaa3f2b23) mem 0x80013000 0x00000001
core   0: 0x80012552 (0x0000bfe5) c.j     pc - 8
core   0: 3 0x80012552 (0xbfe5)
core   0: 0x8001254a (0x00001f17) auipc   t5, 0x1
core   0: 3 0x8001254a (0x00001f17) x30 0x8001354a
core   0: 0x8001254e (0xaa3f2b23) sw      gp, -1354(t5)
core   0: 3 0x8001254e (0xaa3f2b23) mem 0x80013000 0x00000001
core   0: 0x80012552 (0x0000bfe5) c.j     pc - 8
core   0: 3 0x80012552 (0xbfe5)
core   0: 0x8001254a (0x00001f17) auipc   t5, 0x1
core   0: 3 0x8001254a (0x00001f17) x30 0x8001354a
core   0: 0x8001254e (0xaa3f2b23) sw      gp, -1354(t5)
core   0: 3 0x8001254e (0xaa3f2b23) mem 0x80013000 0x00000001
core   0: 0x80012552 (0x0000bfe5) c.j     pc - 8
core   0: 3 0x80012552 (0xbfe5)
core   0: 0x8001254a (0x00001f17) auipc   t5, 0x1
core   0: 3 0x8001254a (0x00001f17) x30 0x8001354a
core   0: 0x8001254e (0xaa3f2b23) sw      gp, -1354(t5)
core   0: 3 0x8001254e (0xaa3f2b23) mem 0x80013000 0x00000001
core   0: 0x80012552 (0x0000bfe5) c.j     pc - 8
core   0: 3 0x80012552 (0xbfe5)
core   0: 0x8001254a (0x00001f17) auipc   t5, 0x1
core   0: 3 0x8001254a (0x00001f17) x30 0x8001354a
core   0: 0x8001254e (0xaa3f2b23) sw      gp, -1354(t5)
core   0: 3 0x8001254e (0xaa3f2b23) mem 0x80013000 0x00000001
core   0: 0x80012552 (0x0000bfe5) c.j     pc - 8
core   0: 3 0x80012552 (0xbfe5)
core   0: 0x8001254a (0x00001f17) auipc   t5, 0x1
core   0: 3 0x8001254a (0x00001f17) x30 0x8001354a
core   0: 0x8001254e (0xaa3f2b23) sw      gp, -1354(t5)
core   0: 3 0x8001254e (0xaa3f2b23) mem 0x80013000 0x00000001
core   0: 0x80012552 (0x0000bfe5) c.j     pc - 8
core   0: 3 0x80012552 (0xbfe5)
core   0: 0x8001254a (0x00001f17) auipc   t5, 0x1
core   0: 3 0x8001254a (0x00001f17) x30 0x8001354a
core   0: 0x8001254e (0xaa3f2b23) sw      gp, -1354(t5)
core   0: 3 0x8001254e (0xaa3f2b23) mem 0x80013000 0x00000001
core   0: 0x80012552 (0x0000bfe5) c.j     pc - 8
core   0: 3 0x80012552 (0xbfe5)
core   0: 0x8001254a (0x00001f17) auipc   t5, 0x1
core   0: 3 0x8001254a (0x00001f17) x30 0x8001354a
core   0: 0x8001254e (0xaa3f2b23) sw      gp, -1354(t5)
core   0: 3 0x8001254e (0xaa3f2b23) mem 0x80013000 0x00000001
core   0: 0x80012552 (0x0000bfe5) c.j     pc - 8
core   0: 3 0x80012552 (0xbfe5)
core   0: 0x8001254a (0x00001f17) auipc   t5, 0x1
core   0: 3 0x8001254a (0x00001f17) x30 0x8001354a
core   0: 0x8001254e (0xaa3f2b23) sw      gp, -1354(t5)
core   0: 3 0x8001254e (0xaa3f2b23) mem 0x80013000 0x00000001
core   0: 0x80012552 (0x0000bfe5) c.j     pc - 8
core   0: 3 0x80012552 (0xbfe5)
core   0: 0x8001254a (0x00001f17) auipc   t5, 0x1
core   0: 3 0x8001254a (0x00001f17) x30 0x8001354a
core   0: 0x8001254e (0xaa3f2b23) sw      gp, -1354(t5)
core   0: 3 0x8001254e (0xaa3f2b23) mem 0x80013000 0x00000001
core   0: 0x80012552 (0x0000bfe5) c.j     pc - 8
core   0: 3 0x80012552 (0xbfe5)
core   0: 0x8001254a (0x00001f17) auipc   t5, 0x1
core   0: 3 0x8001254a (0x00001f17) x30 0x8001354a
core   0: 0x8001254e (0xaa3f2b23) sw      gp, -1354(t5)
core   0: 3 0x8001254e (0xaa3f2b23) mem 0x80013000 0x00000001
core   0: 0x80012552 (0x0000bfe5) c.j     pc - 8
core   0: 3 0x80012552 (0xbfe5)
core   0: 0x8001254a (0x00001f17) auipc   t5, 0x1
core   0: 3 0x8001254a (0x00001f17) x30 0x8001354a
core   0: 0x8001254e (0xaa3f2b23) sw      gp, -1354(t5)
core   0: 3 0x8001254e (0xaa3f2b23) mem 0x80013000 0x00000001
core   0: 0x80012552 (0x0000bfe5) c.j     pc - 8
core   0: 3 0x80012552 (0xbfe5)
core   0: 0x8001254a (0x00001f17) auipc   t5, 0x1
core   0: 3 0x8001254a (0x00001f17) x30 0x8001354a
core   0: 0x8001254e (0xaa3f2b23) sw      gp, -1354(t5)
core   0: 3 0x8001254e (0xaa3f2b23) mem 0x80013000 0x00000001
core   0: 0x80012552 (0x0000bfe5) c.j     pc - 8
core   0: 3 0x80012552 (0xbfe5)
core   0: 0x8001254a (0x00001f17) auipc   t5, 0x1
core   0: 3 0x8001254a (0x00001f17) x30 0x8001354a
core   0: 0x8001254e (0xaa3f2b23) sw      gp, -1354(t5)
core   0: 3 0x8001254e (0xaa3f2b23) mem 0x80013000 0x00000001
core   0: 0x80012552 (0x0000bfe5) c.j     pc - 8
core   0: 3 0x80012552 (0xbfe5)
core   0: 0x8001254a (0x00001f17) auipc   t5, 0x1
core   0: 3 0x8001254a (0x00001f17) x30 0x8001354a
core   0: 0x8001254e (0xaa3f2b23) sw      gp, -1354(t5)
core   0: 3 0x8001254e (0xaa3f2b23) mem 0x80013000 0x00000001
core   0: 0x80012552 (0x0000bfe5) c.j     pc - 8
core   0: 3 0x80012552 (0xbfe5)
core   0: 0x8001254a (0x00001f17) auipc   t5, 0x1
core   0: 3 0x8001254a (0x00001f17) x30 0x8001354a
core   0: 0x8001254e (0xaa3f2b23) sw      gp, -1354(t5)
core   0: 3 0x8001254e (0xaa3f2b23) mem 0x80013000 0x00000001
core   0: 0x80012552 (0x0000bfe5) c.j     pc - 8
core   0: 3 0x80012552 (0xbfe5)
core   0: 0x8001254a (0x00001f17) auipc   t5, 0x1
core   0: 3 0x8001254a (0x00001f17) x30 0x8001354a
core   0: 0x8001254e (0xaa3f2b23) sw      gp, -1354(t5)
core   0: 3 0x8001254e (0xaa3f2b23) mem 0x80013000 0x00000001
core   0: 0x80012552 (0x0000bfe5) c.j     pc - 8
core   0: 3 0x80012552 (0xbfe5)
core   0: 0x8001254a (0x00001f17) auipc   t5, 0x1
core   0: 3 0x8001254a (0x00001f17) x30 0x8001354a
core   0: 0x8001254e (0xaa3f2b23) sw      gp, -1354(t5)
core   0: 3 0x8001254e (0xaa3f2b23) mem 0x80013000 0x00000001
core   0: 0x80012552 (0x0000bfe5) c.j     pc - 8
core   0: 3 0x80012552 (0xbfe5)
core   0: 0x8001254a (0x00001f17) auipc   t5, 0x1
core   0: 3 0x8001254a (0x00001f17) x30 0x8001354a
core   0: 0x8001254e (0xaa3f2b23) sw      gp, -1354(t5)
core   0: 3 0x8001254e (0xaa3f2b23) mem 0x80013000 0x00000001
core   0: 0x80012552 (0x0000bfe5) c.j     pc - 8
core   0: 3 0x80012552 (0xbfe5)
core   0: 0x8001254a (0x00001f17) auipc   t5, 0x1
core   0: 3 0x8001254a (0x00001f17) x30 0x8001354a
core   0: 0x8001254e (0xaa3f2b23) sw      gp, -1354(t5)
core   0: 3 0x8001254e (0xaa3f2b23) mem 0x80013000 0x00000001
core   0: 0x80012552 (0x0000bfe5) c.j     pc - 8
core   0: 3 0x80012552 (0xbfe5)
core   0: 0x8001254a (0x00001f17) auipc   t5, 0x1
core   0: 3 0x8001254a (0x00001f17) x30 0x8001354a
core   0: 0x8001254e (0xaa3f2b23) sw      gp, -1354(t5)
core   0: 3 0x8001254e (0xaa3f2b23) mem 0x80013000 0x00000001
core   0: 0x80012552 (0x0000bfe5) c.j     pc - 8
core   0: 3 0x80012552 (0xbfe5)
core   0: 0x8001254a (0x00001f17) auipc   t5, 0x1
core   0: 3 0x8001254a (0x00001f17) x30 0x8001354a
core   0: 0x8001254e (0xaa3f2b23) sw      gp, -1354(t5)
core   0: 3 0x8001254e (0xaa3f2b23) mem 0x80013000 0x00000001
core   0: 0x80012552 (0x0000bfe5) c.j     pc - 8
core   0: 3 0x80012552 (0xbfe5)
core   0: 0x8001254a (0x00001f17) auipc   t5, 0x1
core   0: 3 0x8001254a (0x00001f17) x30 0x8001354a
core   0: 0x8001254e (0xaa3f2b23) sw      gp, -1354(t5)
core   0: 3 0x8001254e (0xaa3f2b23) mem 0x80013000 0x00000001
core   0: 0x80012552 (0x0000bfe5) c.j     pc - 8
core   0: 3 0x80012552 (0xbfe5)
core   0: 0x8001254a (0x00001f17) auipc   t5, 0x1
core   0: 3 0x8001254a (0x00001f17) x30 0x8001354a
core   0: 0x8001254e (0xaa3f2b23) sw      gp, -1354(t5)
core   0: 3 0x8001254e (0xaa3f2b23) mem 0x80013000 0x00000001
core   0: 0x80012552 (0x0000bfe5) c.j     pc - 8
core   0: 3 0x80012552 (0xbfe5)
core   0: 0x8001254a (0x00001f17) auipc   t5, 0x1
core   0: 3 0x8001254a (0x00001f17) x30 0x8001354a
core   0: 0x8001254e (0xaa3f2b23) sw      gp, -1354(t5)
core   0: 3 0x8001254e (0xaa3f2b23) mem 0x80013000 0x00000001
core   0: 0x80012552 (0x0000bfe5) c.j     pc - 8
core   0: 3 0x80012552 (0xbfe5)
core   0: 0x8001254a (0x00001f17) auipc   t5, 0x1
core   0: 3 0x8001254a (0x00001f17) x30 0x8001354a
core   0: 0x8001254e (0xaa3f2b23) sw      gp, -1354(t5)
core   0: 3 0x8001254e (0xaa3f2b23) mem 0x80013000 0x00000001
core   0: 0x80012552 (0x0000bfe5) c.j     pc - 8
core   0: 3 0x80012552 (0xbfe5)
core   0: 0x8001254a (0x00001f17) auipc   t5, 0x1
core   0: 3 0x8001254a (0x00001f17) x30 0x8001354a
core   0: 0x8001254e (0xaa3f2b23) sw      gp, -1354(t5)
core   0: 3 0x8001254e (0xaa3f2b23) mem 0x80013000 0x00000001
core   0: 0x80012552 (0x0000bfe5) c.j     pc - 8
core   0: 3 0x80012552 (0xbfe5)
core   0: 0x8001254a (0x00001f17) auipc   t5, 0x1
core   0: 3 0x8001254a (0x00001f17) x30 0x8001354a
core   0: 0x8001254e (0xaa3f2b23) sw      gp, -1354(t5)
core   0: 3 0x8001254e (0xaa3f2b23) mem 0x80013000 0x00000001
core   0: 0x80012552 (0x0000bfe5) c.j     pc - 8
core   0: 3 0x80012552 (0xbfe5)
core   0: 0x8001254a (0x00001f17) auipc   t5, 0x1
core   0: 3 0x8001254a (0x00001f17) x30 0x8001354a
core   0: 0x8001254e (0xaa3f2b23) sw      gp, -1354(t5)
core   0: 3 0x8001254e (0xaa3f2b23) mem 0x80013000 0x00000001
core   0: 0x80012552 (0x0000bfe5) c.j     pc - 8
core   0: 3 0x80012552 (0xbfe5)
core   0: 0x8001254a (0x00001f17) auipc   t5, 0x1
core   0: 3 0x8001254a (0x00001f17) x30 0x8001354a
core   0: 0x8001254e (0xaa3f2b23) sw      gp, -1354(t5)
core   0: 3 0x8001254e (0xaa3f2b23) mem 0x80013000 0x00000001
core   0: 0x80012552 (0x0000bfe5) c.j     pc - 8
core   0: 3 0x80012552 (0xbfe5)
core   0: 0x8001254a (0x00001f17) auipc   t5, 0x1
core   0: 3 0x8001254a (0x00001f17) x30 0x8001354a
core   0: 0x8001254e (0xaa3f2b23) sw      gp, -1354(t5)
core   0: 3 0x8001254e (0xaa3f2b23) mem 0x80013000 0x00000001
core   0: 0x80012552 (0x0000bfe5) c.j     pc - 8
core   0: 3 0x80012552 (0xbfe5)
core   0: 0x8001254a (0x00001f17) auipc   t5, 0x1
core   0: 3 0x8001254a (0x00001f17) x30 0x8001354a
core   0: 0x8001254e (0xaa3f2b23) sw      gp, -1354(t5)
core   0: 3 0x8001254e (0xaa3f2b23) mem 0x80013000 0x00000001
core   0: 0x80012552 (0x0000bfe5) c.j     pc - 8
core   0: 3 0x80012552 (0xbfe5)
core   0: 0x8001254a (0x00001f17) auipc   t5, 0x1
core   0: 3 0x8001254a (0x00001f17) x30 0x8001354a
core   0: 0x8001254e (0xaa3f2b23) sw      gp, -1354(t5)
core   0: 3 0x8001254e (0xaa3f2b23) mem 0x80013000 0x00000001
core   0: 0x80012552 (0x0000bfe5) c.j     pc - 8
core   0: 3 0x80012552 (0xbfe5)
core   0: 0x8001254a (0x00001f17) auipc   t5, 0x1
core   0: 3 0x8001254a (0x00001f17) x30 0x8001354a
core   0: 0x8001254e (0xaa3f2b23) sw      gp, -1354(t5)
core   0: 3 0x8001254e (0xaa3f2b23) mem 0x80013000 0x00000001
core   0: 0x80012552 (0x0000bfe5) c.j     pc - 8
core   0: 3 0x80012552 (0xbfe5)
core   0: 0x8001254a (0x00001f17) auipc   t5, 0x1
core   0: 3 0x8001254a (0x00001f17) x30 0x8001354a
core   0: 0x8001254e (0xaa3f2b23) sw      gp, -1354(t5)
core   0: 3 0x8001254e (0xaa3f2b23) mem 0x80013000 0x00000001
core   0: 0x80012552 (0x0000bfe5) c.j     pc - 8
core   0: 3 0x80012552 (0xbfe5)
core   0: 0x8001254a (0x00001f17) auipc   t5, 0x1
core   0: 3 0x8001254a (0x00001f17) x30 0x8001354a
core   0: 0x8001254e (0xaa3f2b23) sw      gp, -1354(t5)
core   0: 3 0x8001254e (0xaa3f2b23) mem 0x80013000 0x00000001
core   0: 0x80012552 (0x0000bfe5) c.j     pc - 8
core   0: 3 0x80012552 (0xbfe5)
core   0: 0x8001254a (0x00001f17) auipc   t5, 0x1
core   0: 3 0x8001254a (0x00001f17) x30 0x8001354a
core   0: 0x8001254e (0xaa3f2b23) sw      gp, -1354(t5)
core   0: 3 0x8001254e (0xaa3f2b23) mem 0x80013000 0x00000001
core   0: 0x80012552 (0x0000bfe5) c.j     pc - 8
core   0: 3 0x80012552 (0xbfe5)
core   0: 0x8001254a (0x00001f17) auipc   t5, 0x1
core   0: 3 0x8001254a (0x00001f17) x30 0x8001354a
core   0: 0x8001254e (0xaa3f2b23) sw      gp, -1354(t5)
core   0: 3 0x8001254e (0xaa3f2b23) mem 0x80013000 0x00000001
core   0: 0x80012552 (0x0000bfe5) c.j     pc - 8
core   0: 3 0x80012552 (0xbfe5)
core   0: 0x8001254a (0x00001f17) auipc   t5, 0x1
core   0: 3 0x8001254a (0x00001f17) x30 0x8001354a
core   0: 0x8001254e (0xaa3f2b23) sw      gp, -1354(t5)
core   0: 3 0x8001254e (0xaa3f2b23) mem 0x80013000 0x00000001
core   0: 0x80012552 (0x0000bfe5) c.j     pc - 8
core   0: 3 0x80012552 (0xbfe5)
core   0: 0x8001254a (0x00001f17) auipc   t5, 0x1
core   0: 3 0x8001254a (0x00001f17) x30 0x8001354a
core   0: 0x8001254e (0xaa3f2b23) sw      gp, -1354(t5)
core   0: 3 0x8001254e (0xaa3f2b23) mem 0x80013000 0x00000001
core   0: 0x80012552 (0x0000bfe5) c.j     pc - 8
core   0: 3 0x80012552 (0xbfe5)
core   0: 0x8001254a (0x00001f17) auipc   t5, 0x1
core   0: 3 0x8001254a (0x00001f17) x30 0x8001354a
core   0: 0x8001254e (0xaa3f2b23) sw      gp, -1354(t5)
core   0: 3 0x8001254e (0xaa3f2b23) mem 0x80013000 0x00000001
core   0: 0x80012552 (0x0000bfe5) c.j     pc - 8
core   0: 3 0x80012552 (0xbfe5)
core   0: 0x8001254a (0x00001f17) auipc   t5, 0x1
core   0: 3 0x8001254a (0x00001f17) x30 0x8001354a
core   0: 0x8001254e (0xaa3f2b23) sw      gp, -1354(t5)
core   0: 3 0x8001254e (0xaa3f2b23) mem 0x80013000 0x00000001
core   0: 0x80012552 (0x0000bfe5) c.j     pc - 8
core   0: 3 0x80012552 (0xbfe5)
core   0: 0x8001254a (0x00001f17) auipc   t5, 0x1
core   0: 3 0x8001254a (0x00001f17) x30 0x8001354a
core   0: 0x8001254e (0xaa3f2b23) sw      gp, -1354(t5)
core   0: 3 0x8001254e (0xaa3f2b23) mem 0x80013000 0x00000001
core   0: 0x80012552 (0x0000bfe5) c.j     pc - 8
core   0: 3 0x80012552 (0xbfe5)
core   0: 0x8001254a (0x00001f17) auipc   t5, 0x1
core   0: 3 0x8001254a (0x00001f17) x30 0x8001354a
core   0: 0x8001254e (0xaa3f2b23) sw      gp, -1354(t5)
core   0: 3 0x8001254e (0xaa3f2b23) mem 0x80013000 0x00000001
core   0: 0x80012552 (0x0000bfe5) c.j     pc - 8
core   0: 3 0x80012552 (0xbfe5)
core   0: 0x8001254a (0x00001f17) auipc   t5, 0x1
core   0: 3 0x8001254a (0x00001f17) x30 0x8001354a
core   0: 0x8001254e (0xaa3f2b23) sw      gp, -1354(t5)
core   0: 3 0x8001254e (0xaa3f2b23) mem 0x80013000 0x00000001
core   0: 0x80012552 (0x0000bfe5) c.j     pc - 8
core   0: 3 0x80012552 (0xbfe5)
core   0: 0x8001254a (0x00001f17) auipc   t5, 0x1
core   0: 3 0x8001254a (0x00001f17) x30 0x8001354a
core   0: 0x8001254e (0xaa3f2b23) sw      gp, -1354(t5)
core   0: 3 0x8001254e (0xaa3f2b23) mem 0x80013000 0x00000001
core   0: 0x80012552 (0x0000bfe5) c.j     pc - 8
core   0: 3 0x80012552 (0xbfe5)
core   0: 0x8001254a (0x00001f17) auipc   t5, 0x1
core   0: 3 0x8001254a (0x00001f17) x30 0x8001354a
core   0: 0x8001254e (0xaa3f2b23) sw      gp, -1354(t5)
core   0: 3 0x8001254e (0xaa3f2b23) mem 0x80013000 0x00000001
core   0: 0x80012552 (0x0000bfe5) c.j     pc - 8
core   0: 3 0x80012552 (0xbfe5)
core   0: 0x8001254a (0x00001f17) auipc   t5, 0x1
core   0: 3 0x8001254a (0x00001f17) x30 0x8001354a
core   0: 0x8001254e (0xaa3f2b23) sw      gp, -1354(t5)
core   0: 3 0x8001254e (0xaa3f2b23) mem 0x80013000 0x00000001
core   0: 0x80012552 (0x0000bfe5) c.j     pc - 8
core   0: 3 0x80012552 (0xbfe5)
core   0: 0x8001254a (0x00001f17) auipc   t5, 0x1
core   0: 3 0x8001254a (0x00001f17) x30 0x8001354a
core   0: 0x8001254e (0xaa3f2b23) sw      gp, -1354(t5)
core   0: 3 0x8001254e (0xaa3f2b23) mem 0x80013000 0x00000001
core   0: 0x80012552 (0x0000bfe5) c.j     pc - 8
core   0: 3 0x80012552 (0xbfe5)
core   0: 0x8001254a (0x00001f17) auipc   t5, 0x1
core   0: 3 0x8001254a (0x00001f17) x30 0x8001354a
core   0: 0x8001254e (0xaa3f2b23) sw      gp, -1354(t5)
core   0: 3 0x8001254e (0xaa3f2b23) mem 0x80013000 0x00000001
core   0: 0x80012552 (0x0000bfe5) c.j     pc - 8
core   0: 3 0x80012552 (0xbfe5)
core   0: 0x8001254a (0x00001f17) auipc   t5, 0x1
core   0: 3 0x8001254a (0x00001f17) x30 0x8001354a
core   0: 0x8001254e (0xaa3f2b23) sw      gp, -1354(t5)
core   0: 3 0x8001254e (0xaa3f2b23) mem 0x80013000 0x00000001
core   0: 0x80012552 (0x0000bfe5) c.j     pc - 8
core   0: 3 0x80012552 (0xbfe5)
core   0: 0x8001254a (0x00001f17) auipc   t5, 0x1
core   0: 3 0x8001254a (0x00001f17) x30 0x8001354a
core   0: 0x8001254e (0xaa3f2b23) sw      gp, -1354(t5)
core   0: 3 0x8001254e (0xaa3f2b23) mem 0x80013000 0x00000001
core   0: 0x80012552 (0x0000bfe5) c.j     pc - 8
core   0: 3 0x80012552 (0xbfe5)
core   0: 0x8001254a (0x00001f17) auipc   t5, 0x1
core   0: 3 0x8001254a (0x00001f17) x30 0x8001354a
core   0: 0x8001254e (0xaa3f2b23) sw      gp, -1354(t5)
core   0: 3 0x8001254e (0xaa3f2b23) mem 0x80013000 0x00000001
core   0: 0x80012552 (0x0000bfe5) c.j     pc - 8
core   0: 3 0x80012552 (0xbfe5)
core   0: 0x8001254a (0x00001f17) auipc   t5, 0x1
core   0: 3 0x8001254a (0x00001f17) x30 0x8001354a
core   0: 0x8001254e (0xaa3f2b23) sw      gp, -1354(t5)
core   0: 3 0x8001254e (0xaa3f2b23) mem 0x80013000 0x00000001
core   0: 0x80012552 (0x0000bfe5) c.j     pc - 8
core   0: 3 0x80012552 (0xbfe5)
core   0: 0x8001254a (0x00001f17) auipc   t5, 0x1
core   0: 3 0x8001254a (0x00001f17) x30 0x8001354a
core   0: 0x8001254e (0xaa3f2b23) sw      gp, -1354(t5)
core   0: 3 0x8001254e (0xaa3f2b23) mem 0x80013000 0x00000001
core   0: 0x80012552 (0x0000bfe5) c.j     pc - 8
core   0: 3 0x80012552 (0xbfe5)
core   0: 0x8001254a (0x00001f17) auipc   t5, 0x1
core   0: 3 0x8001254a (0x00001f17) x30 0x8001354a
core   0: 0x8001254e (0xaa3f2b23) sw      gp, -1354(t5)
core   0: 3 0x8001254e (0xaa3f2b23) mem 0x80013000 0x00000001
core   0: 0x80012552 (0x0000bfe5) c.j     pc - 8
core   0: 3 0x80012552 (0xbfe5)
core   0: 0x8001254a (0x00001f17) auipc   t5, 0x1
core   0: 3 0x8001254a (0x00001f17) x30 0x8001354a
core   0: 0x8001254e (0xaa3f2b23) sw      gp, -1354(t5)
core   0: 3 0x8001254e (0xaa3f2b23) mem 0x80013000 0x00000001
core   0: 0x80012552 (0x0000bfe5) c.j     pc - 8
core   0: 3 0x80012552 (0xbfe5)
core   0: 0x8001254a (0x00001f17) auipc   t5, 0x1
core   0: 3 0x8001254a (0x00001f17) x30 0x8001354a
core   0: 0x8001254e (0xaa3f2b23) sw      gp, -1354(t5)
core   0: 3 0x8001254e (0xaa3f2b23) mem 0x80013000 0x00000001
core   0: 0x80012552 (0x0000bfe5) c.j     pc - 8
core   0: 3 0x80012552 (0xbfe5)
core   0: 0x8001254a (0x00001f17) auipc   t5, 0x1
core   0: 3 0x8001254a (0x00001f17) x30 0x8001354a
core   0: 0x8001254e (0xaa3f2b23) sw      gp, -1354(t5)
core   0: 3 0x8001254e (0xaa3f2b23) mem 0x80013000 0x00000001
core   0: 0x80012552 (0x0000bfe5) c.j     pc - 8
core   0: 3 0x80012552 (0xbfe5)
core   0: 0x8001254a (0x00001f17) auipc   t5, 0x1
core   0: 3 0x8001254a (0x00001f17) x30 0x8001354a
core   0: 0x8001254e (0xaa3f2b23) sw      gp, -1354(t5)
core   0: 3 0x8001254e (0xaa3f2b23) mem 0x80013000 0x00000001
core   0: 0x80012552 (0x0000bfe5) c.j     pc - 8
core   0: 3 0x80012552 (0xbfe5)
core   0: 0x8001254a (0x00001f17) auipc   t5, 0x1
core   0: 3 0x8001254a (0x00001f17) x30 0x8001354a
core   0: 0x8001254e (0xaa3f2b23) sw      gp, -1354(t5)
core   0: 3 0x8001254e (0xaa3f2b23) mem 0x80013000 0x00000001
core   0: 0x80012552 (0x0000bfe5) c.j     pc - 8
core   0: 3 0x80012552 (0xbfe5)
core   0: 0x8001254a (0x00001f17) auipc   t5, 0x1
core   0: 3 0x8001254a (0x00001f17) x30 0x8001354a
core   0: 0x8001254e (0xaa3f2b23) sw      gp, -1354(t5)
core   0: 3 0x8001254e (0xaa3f2b23) mem 0x80013000 0x00000001
core   0: 0x80012552 (0x0000bfe5) c.j     pc - 8
core   0: 3 0x80012552 (0xbfe5)
core   0: 0x8001254a (0x00001f17) auipc   t5, 0x1
core   0: 3 0x8001254a (0x00001f17) x30 0x8001354a
core   0: 0x8001254e (0xaa3f2b23) sw      gp, -1354(t5)
core   0: 3 0x8001254e (0xaa3f2b23) mem 0x80013000 0x00000001
core   0: 0x80012552 (0x0000bfe5) c.j     pc - 8
core   0: 3 0x80012552 (0xbfe5)
core   0: 0x8001254a (0x00001f17) auipc   t5, 0x1
core   0: 3 0x8001254a (0x00001f17) x30 0x8001354a
core   0: 0x8001254e (0xaa3f2b23) sw      gp, -1354(t5)
core   0: 3 0x8001254e (0xaa3f2b23) mem 0x80013000 0x00000001
core   0: 0x80012552 (0x0000bfe5) c.j     pc - 8
core   0: 3 0x80012552 (0xbfe5)
core   0: 0x8001254a (0x00001f17) auipc   t5, 0x1
core   0: 3 0x8001254a (0x00001f17) x30 0x8001354a
core   0: 0x8001254e (0xaa3f2b23) sw      gp, -1354(t5)
core   0: 3 0x8001254e (0xaa3f2b23) mem 0x80013000 0x00000001
core   0: 0x80012552 (0x0000bfe5) c.j     pc - 8
core   0: 3 0x80012552 (0xbfe5)
core   0: 0x8001254a (0x00001f17) auipc   t5, 0x1
core   0: 3 0x8001254a (0x00001f17) x30 0x8001354a
core   0: 0x8001254e (0xaa3f2b23) sw      gp, -1354(t5)
core   0: 3 0x8001254e (0xaa3f2b23) mem 0x80013000 0x00000001
core   0: 0x80012552 (0x0000bfe5) c.j     pc - 8
core   0: 3 0x80012552 (0xbfe5)
core   0: 0x8001254a (0x00001f17) auipc   t5, 0x1
core   0: 3 0x8001254a (0x00001f17) x30 0x8001354a
core   0: 0x8001254e (0xaa3f2b23) sw      gp, -1354(t5)
core   0: 3 0x8001254e (0xaa3f2b23) mem 0x80013000 0x00000001
core   0: 0x80012552 (0x0000bfe5) c.j     pc - 8
core   0: 3 0x80012552 (0xbfe5)
core   0: 0x8001254a (0x00001f17) auipc   t5, 0x1
core   0: 3 0x8001254a (0x00001f17) x30 0x8001354a
core   0: 0x8001254e (0xaa3f2b23) sw      gp, -1354(t5)
core   0: 3 0x8001254e (0xaa3f2b23) mem 0x80013000 0x00000001
core   0: 0x80012552 (0x0000bfe5) c.j     pc - 8
core   0: 3 0x80012552 (0xbfe5)
core   0: 0x8001254a (0x00001f17) auipc   t5, 0x1
core   0: 3 0x8001254a (0x00001f17) x30 0x8001354a
core   0: 0x8001254e (0xaa3f2b23) sw      gp, -1354(t5)
core   0: 3 0x8001254e (0xaa3f2b23) mem 0x80013000 0x00000001
core   0: 0x80012552 (0x0000bfe5) c.j     pc - 8
core   0: 3 0x80012552 (0xbfe5)
core   0: 0x8001254a (0x00001f17) auipc   t5, 0x1
core   0: 3 0x8001254a (0x00001f17) x30 0x8001354a
core   0: 0x8001254e (0xaa3f2b23) sw      gp, -1354(t5)
core   0: 3 0x8001254e (0xaa3f2b23) mem 0x80013000 0x00000001
core   0: 0x80012552 (0x0000bfe5) c.j     pc - 8
core   0: 3 0x80012552 (0xbfe5)
core   0: 0x8001254a (0x00001f17) auipc   t5, 0x1
core   0: 3 0x8001254a (0x00001f17) x30 0x8001354a
core   0: 0x8001254e (0xaa3f2b23) sw      gp, -1354(t5)
core   0: 3 0x8001254e (0xaa3f2b23) mem 0x80013000 0x00000001
core   0: 0x80012552 (0x0000bfe5) c.j     pc - 8
core   0: 3 0x80012552 (0xbfe5)
core   0: 0x8001254a (0x00001f17) auipc   t5, 0x1
core   0: 3 0x8001254a (0x00001f17) x30 0x8001354a
core   0: 0x8001254e (0xaa3f2b23) sw      gp, -1354(t5)
core   0: 3 0x8001254e (0xaa3f2b23) mem 0x80013000 0x00000001
core   0: 0x80012552 (0x0000bfe5) c.j     pc - 8
core   0: 3 0x80012552 (0xbfe5)
core   0: 0x8001254a (0x00001f17) auipc   t5, 0x1
core   0: 3 0x8001254a (0x00001f17) x30 0x8001354a
core   0: 0x8001254e (0xaa3f2b23) sw      gp, -1354(t5)
core   0: 3 0x8001254e (0xaa3f2b23) mem 0x80013000 0x00000001
core   0: 0x80012552 (0x0000bfe5) c.j     pc - 8
core   0: 3 0x80012552 (0xbfe5)
core   0: 0x8001254a (0x00001f17) auipc   t5, 0x1
core   0: 3 0x8001254a (0x00001f17) x30 0x8001354a
core   0: 0x8001254e (0xaa3f2b23) sw      gp, -1354(t5)
core   0: 3 0x8001254e (0xaa3f2b23) mem 0x80013000 0x00000001
core   0: 0x80012552 (0x0000bfe5) c.j     pc - 8
core   0: 3 0x80012552 (0xbfe5)
core   0: 0x8001254a (0x00001f17) auipc   t5, 0x1
core   0: 3 0x8001254a (0x00001f17) x30 0x8001354a
core   0: 0x8001254e (0xaa3f2b23) sw      gp, -1354(t5)
core   0: 3 0x8001254e (0xaa3f2b23) mem 0x80013000 0x00000001
core   0: 0x80012552 (0x0000bfe5) c.j     pc - 8
core   0: 3 0x80012552 (0xbfe5)
core   0: 0x8001254a (0x00001f17) auipc   t5, 0x1
core   0: 3 0x8001254a (0x00001f17) x30 0x8001354a
core   0: 0x8001254e (0xaa3f2b23) sw      gp, -1354(t5)
core   0: 3 0x8001254e (0xaa3f2b23) mem 0x80013000 0x00000001
core   0: 0x80012552 (0x0000bfe5) c.j     pc - 8
core   0: 3 0x80012552 (0xbfe5)
core   0: 0x8001254a (0x00001f17) auipc   t5, 0x1
core   0: 3 0x8001254a (0x00001f17) x30 0x8001354a
core   0: 0x8001254e (0xaa3f2b23) sw      gp, -1354(t5)
core   0: 3 0x8001254e (0xaa3f2b23) mem 0x80013000 0x00000001
core   0: 0x80012552 (0x0000bfe5) c.j     pc - 8
core   0: 3 0x80012552 (0xbfe5)
core   0: 0x8001254a (0x00001f17) auipc   t5, 0x1
core   0: 3 0x8001254a (0x00001f17) x30 0x8001354a
core   0: 0x8001254e (0xaa3f2b23) sw      gp, -1354(t5)
core   0: 3 0x8001254e (0xaa3f2b23) mem 0x80013000 0x00000001
core   0: 0x80012552 (0x0000bfe5) c.j     pc - 8
core   0: 3 0x80012552 (0xbfe5)
core   0: 0x8001254a (0x00001f17) auipc   t5, 0x1
core   0: 3 0x8001254a (0x00001f17) x30 0x8001354a
core   0: 0x8001254e (0xaa3f2b23) sw      gp, -1354(t5)
core   0: 3 0x8001254e (0xaa3f2b23) mem 0x80013000 0x00000001
core   0: 0x80012552 (0x0000bfe5) c.j     pc - 8
core   0: 3 0x80012552 (0xbfe5)
core   0: 0x8001254a (0x00001f17) auipc   t5, 0x1
core   0: 3 0x8001254a (0x00001f17) x30 0x8001354a
core   0: 0x8001254e (0xaa3f2b23) sw      gp, -1354(t5)
core   0: 3 0x8001254e (0xaa3f2b23) mem 0x80013000 0x00000001
core   0: 0x80012552 (0x0000bfe5) c.j     pc - 8
core   0: 3 0x80012552 (0xbfe5)
core   0: 0x8001254a (0x00001f17) auipc   t5, 0x1
core   0: 3 0x8001254a (0x00001f17) x30 0x8001354a
core   0: 0x8001254e (0xaa3f2b23) sw      gp, -1354(t5)
core   0: 3 0x8001254e (0xaa3f2b23) mem 0x80013000 0x00000001
core   0: 0x80012552 (0x0000bfe5) c.j     pc - 8
core   0: 3 0x80012552 (0xbfe5)
core   0: 0x8001254a (0x00001f17) auipc   t5, 0x1
core   0: 3 0x8001254a (0x00001f17) x30 0x8001354a
core   0: 0x8001254e (0xaa3f2b23) sw      gp, -1354(t5)
core   0: 3 0x8001254e (0xaa3f2b23) mem 0x80013000 0x00000001
core   0: 0x80012552 (0x0000bfe5) c.j     pc - 8
core   0: 3 0x80012552 (0xbfe5)
core   0: 0x8001254a (0x00001f17) auipc   t5, 0x1
core   0: 3 0x8001254a (0x00001f17) x30 0x8001354a
core   0: 0x8001254e (0xaa3f2b23) sw      gp, -1354(t5)
core   0: 3 0x8001254e (0xaa3f2b23) mem 0x80013000 0x00000001
core   0: 0x80012552 (0x0000bfe5) c.j     pc - 8
core   0: 3 0x80012552 (0xbfe5)
core   0: 0x8001254a (0x00001f17) auipc   t5, 0x1
core   0: 3 0x8001254a (0x00001f17) x30 0x8001354a
core   0: 0x8001254e (0xaa3f2b23) sw      gp, -1354(t5)
core   0: 3 0x8001254e (0xaa3f2b23) mem 0x80013000 0x00000001
core   0: 0x80012552 (0x0000bfe5) c.j     pc - 8
core   0: 3 0x80012552 (0xbfe5)
core   0: 0x8001254a (0x00001f17) auipc   t5, 0x1
core   0: 3 0x8001254a (0x00001f17) x30 0x8001354a
core   0: 0x8001254e (0xaa3f2b23) sw      gp, -1354(t5)
core   0: 3 0x8001254e (0xaa3f2b23) mem 0x80013000 0x00000001
core   0: 0x80012552 (0x0000bfe5) c.j     pc - 8
core   0: 3 0x80012552 (0xbfe5)
core   0: 0x8001254a (0x00001f17) auipc   t5, 0x1
core   0: 3 0x8001254a (0x00001f17) x30 0x8001354a
core   0: 0x8001254e (0xaa3f2b23) sw      gp, -1354(t5)
core   0: 3 0x8001254e (0xaa3f2b23) mem 0x80013000 0x00000001
core   0: 0x80012552 (0x0000bfe5) c.j     pc - 8
core   0: 3 0x80012552 (0xbfe5)
core   0: 0x8001254a (0x00001f17) auipc   t5, 0x1
core   0: 3 0x8001254a (0x00001f17) x30 0x8001354a
core   0: 0x8001254e (0xaa3f2b23) sw      gp, -1354(t5)
core   0: 3 0x8001254e (0xaa3f2b23) mem 0x80013000 0x00000001
core   0: 0x80012552 (0x0000bfe5) c.j     pc - 8
core   0: 3 0x80012552 (0xbfe5)
core   0: 0x8001254a (0x00001f17) auipc   t5, 0x1
core   0: 3 0x8001254a (0x00001f17) x30 0x8001354a
core   0: 0x8001254e (0xaa3f2b23) sw      gp, -1354(t5)
core   0: 3 0x8001254e (0xaa3f2b23) mem 0x80013000 0x00000001
core   0: 0x80012552 (0x0000bfe5) c.j     pc - 8
core   0: 3 0x80012552 (0xbfe5)
core   0: 0x8001254a (0x00001f17) auipc   t5, 0x1
core   0: 3 0x8001254a (0x00001f17) x30 0x8001354a
core   0: 0x8001254e (0xaa3f2b23) sw      gp, -1354(t5)
core   0: 3 0x8001254e (0xaa3f2b23) mem 0x80013000 0x00000001
core   0: 0x80012552 (0x0000bfe5) c.j     pc - 8
core   0: 3 0x80012552 (0xbfe5)
core   0: 0x8001254a (0x00001f17) auipc   t5, 0x1
core   0: 3 0x8001254a (0x00001f17) x30 0x8001354a
core   0: 0x8001254e (0xaa3f2b23) sw      gp, -1354(t5)
core   0: 3 0x8001254e (0xaa3f2b23) mem 0x80013000 0x00000001
core   0: 0x80012552 (0x0000bfe5) c.j     pc - 8
core   0: 3 0x80012552 (0xbfe5)
core   0: 0x8001254a (0x00001f17) auipc   t5, 0x1
core   0: 3 0x8001254a (0x00001f17) x30 0x8001354a
core   0: 0x8001254e (0xaa3f2b23) sw      gp, -1354(t5)
core   0: 3 0x8001254e (0xaa3f2b23) mem 0x80013000 0x00000001
core   0: 0x80012552 (0x0000bfe5) c.j     pc - 8
core   0: 3 0x80012552 (0xbfe5)
core   0: 0x8001254a (0x00001f17) auipc   t5, 0x1
core   0: 3 0x8001254a (0x00001f17) x30 0x8001354a
core   0: 0x8001254e (0xaa3f2b23) sw      gp, -1354(t5)
core   0: 3 0x8001254e (0xaa3f2b23) mem 0x80013000 0x00000001
core   0: 0x80012552 (0x0000bfe5) c.j     pc - 8
core   0: 3 0x80012552 (0xbfe5)
core   0: 0x8001254a (0x00001f17) auipc   t5, 0x1
core   0: 3 0x8001254a (0x00001f17) x30 0x8001354a
core   0: 0x8001254e (0xaa3f2b23) sw      gp, -1354(t5)
core   0: 3 0x8001254e (0xaa3f2b23) mem 0x80013000 0x00000001
core   0: 0x80012552 (0x0000bfe5) c.j     pc - 8
core   0: 3 0x80012552 (0xbfe5)
core   0: 0x8001254a (0x00001f17) auipc   t5, 0x1
core   0: 3 0x8001254a (0x00001f17) x30 0x8001354a
core   0: 0x8001254e (0xaa3f2b23) sw      gp, -1354(t5)
core   0: 3 0x8001254e (0xaa3f2b23) mem 0x80013000 0x00000001
core   0: 0x80012552 (0x0000bfe5) c.j     pc - 8
core   0: 3 0x80012552 (0xbfe5)
core   0: 0x8001254a (0x00001f17) auipc   t5, 0x1
core   0: 3 0x8001254a (0x00001f17) x30 0x8001354a
core   0: 0x8001254e (0xaa3f2b23) sw      gp, -1354(t5)
core   0: 3 0x8001254e (0xaa3f2b23) mem 0x80013000 0x00000001
core   0: 0x80012552 (0x0000bfe5) c.j     pc - 8
core   0: 3 0x80012552 (0xbfe5)
core   0: 0x8001254a (0x00001f17) auipc   t5, 0x1
core   0: 3 0x8001254a (0x00001f17) x30 0x8001354a
core   0: 0x8001254e (0xaa3f2b23) sw      gp, -1354(t5)
core   0: 3 0x8001254e (0xaa3f2b23) mem 0x80013000 0x00000001
core   0: 0x80012552 (0x0000bfe5) c.j     pc - 8
core   0: 3 0x80012552 (0xbfe5)
core   0: 0x8001254a (0x00001f17) auipc   t5, 0x1
core   0: 3 0x8001254a (0x00001f17) x30 0x8001354a
core   0: 0x8001254e (0xaa3f2b23) sw      gp, -1354(t5)
core   0: 3 0x8001254e (0xaa3f2b23) mem 0x80013000 0x00000001
core   0: 0x80012552 (0x0000bfe5) c.j     pc - 8
core   0: 3 0x80012552 (0xbfe5)
core   0: 0x8001254a (0x00001f17) auipc   t5, 0x1
core   0: 3 0x8001254a (0x00001f17) x30 0x8001354a
core   0: 0x8001254e (0xaa3f2b23) sw      gp, -1354(t5)
core   0: 3 0x8001254e (0xaa3f2b23) mem 0x80013000 0x00000001
core   0: 0x80012552 (0x0000bfe5) c.j     pc - 8
core   0: 3 0x80012552 (0xbfe5)
core   0: 0x8001254a (0x00001f17) auipc   t5, 0x1
core   0: 3 0x8001254a (0x00001f17) x30 0x8001354a
core   0: 0x8001254e (0xaa3f2b23) sw      gp, -1354(t5)
core   0: 3 0x8001254e (0xaa3f2b23) mem 0x80013000 0x00000001
core   0: 0x80012552 (0x0000bfe5) c.j     pc - 8
core   0: 3 0x80012552 (0xbfe5)
core   0: 0x8001254a (0x00001f17) auipc   t5, 0x1
core   0: 3 0x8001254a (0x00001f17) x30 0x8001354a
core   0: 0x8001254e (0xaa3f2b23) sw      gp, -1354(t5)
core   0: 3 0x8001254e (0xaa3f2b23) mem 0x80013000 0x00000001
core   0: 0x80012552 (0x0000bfe5) c.j     pc - 8
core   0: 3 0x80012552 (0xbfe5)
core   0: 0x8001254a (0x00001f17) auipc   t5, 0x1
core   0: 3 0x8001254a (0x00001f17) x30 0x8001354a
core   0: 0x8001254e (0xaa3f2b23) sw      gp, -1354(t5)
core   0: 3 0x8001254e (0xaa3f2b23) mem 0x80013000 0x00000001
core   0: 0x80012552 (0x0000bfe5) c.j     pc - 8
core   0: 3 0x80012552 (0xbfe5)
core   0: 0x8001254a (0x00001f17) auipc   t5, 0x1
core   0: 3 0x8001254a (0x00001f17) x30 0x8001354a
core   0: 0x8001254e (0xaa3f2b23) sw      gp, -1354(t5)
core   0: 3 0x8001254e (0xaa3f2b23) mem 0x80013000 0x00000001
core   0: 0x80012552 (0x0000bfe5) c.j     pc - 8
core   0: 3 0x80012552 (0xbfe5)
core   0: 0x8001254a (0x00001f17) auipc   t5, 0x1
core   0: 3 0x8001254a (0x00001f17) x30 0x8001354a
core   0: 0x8001254e (0xaa3f2b23) sw      gp, -1354(t5)
core   0: 3 0x8001254e (0xaa3f2b23) mem 0x80013000 0x00000001
core   0: 0x80012552 (0x0000bfe5) c.j     pc - 8
core   0: 3 0x80012552 (0xbfe5)
core   0: 0x8001254a (0x00001f17) auipc   t5, 0x1
core   0: 3 0x8001254a (0x00001f17) x30 0x8001354a
core   0: 0x8001254e (0xaa3f2b23) sw      gp, -1354(t5)
core   0: 3 0x8001254e (0xaa3f2b23) mem 0x80013000 0x00000001
core   0: 0x80012552 (0x0000bfe5) c.j     pc - 8
core   0: 3 0x80012552 (0xbfe5)
core   0: 0x8001254a (0x00001f17) auipc   t5, 0x1
core   0: 3 0x8001254a (0x00001f17) x30 0x8001354a
core   0: 0x8001254e (0xaa3f2b23) sw      gp, -1354(t5)
core   0: 3 0x8001254e (0xaa3f2b23) mem 0x80013000 0x00000001
core   0: 0x80012552 (0x0000bfe5) c.j     pc - 8
core   0: 3 0x80012552 (0xbfe5)
core   0: 0x8001254a (0x00001f17) auipc   t5, 0x1
core   0: 3 0x8001254a (0x00001f17) x30 0x8001354a
core   0: 0x8001254e (0xaa3f2b23) sw      gp, -1354(t5)
core   0: 3 0x8001254e (0xaa3f2b23) mem 0x80013000 0x00000001
core   0: 0x80012552 (0x0000bfe5) c.j     pc - 8
core   0: 3 0x80012552 (0xbfe5)
core   0: 0x8001254a (0x00001f17) auipc   t5, 0x1
core   0: 3 0x8001254a (0x00001f17) x30 0x8001354a
core   0: 0x8001254e (0xaa3f2b23) sw      gp, -1354(t5)
core   0: 3 0x8001254e (0xaa3f2b23) mem 0x80013000 0x00000001
core   0: 0x80012552 (0x0000bfe5) c.j     pc - 8
core   0: 3 0x80012552 (0xbfe5)
core   0: 0x8001254a (0x00001f17) auipc   t5, 0x1
core   0: 3 0x8001254a (0x00001f17) x30 0x8001354a
core   0: 0x8001254e (0xaa3f2b23) sw      gp, -1354(t5)
core   0: 3 0x8001254e (0xaa3f2b23) mem 0x80013000 0x00000001
core   0: 0x80012552 (0x0000bfe5) c.j     pc - 8
core   0: 3 0x80012552 (0xbfe5)
core   0: 0x8001254a (0x00001f17) auipc   t5, 0x1
core   0: 3 0x8001254a (0x00001f17) x30 0x8001354a
core   0: 0x8001254e (0xaa3f2b23) sw      gp, -1354(t5)
core   0: 3 0x8001254e (0xaa3f2b23) mem 0x80013000 0x00000001
core   0: 0x80012552 (0x0000bfe5) c.j     pc - 8
core   0: 3 0x80012552 (0xbfe5)
core   0: 0x8001254a (0x00001f17) auipc   t5, 0x1
core   0: 3 0x8001254a (0x00001f17) x30 0x8001354a
core   0: 0x8001254e (0xaa3f2b23) sw      gp, -1354(t5)
core   0: 3 0x8001254e (0xaa3f2b23) mem 0x80013000 0x00000001
core   0: 0x80012552 (0x0000bfe5) c.j     pc - 8
core   0: 3 0x80012552 (0xbfe5)
core   0: 0x8001254a (0x00001f17) auipc   t5, 0x1
core   0: 3 0x8001254a (0x00001f17) x30 0x8001354a
core   0: 0x8001254e (0xaa3f2b23) sw      gp, -1354(t5)
core   0: 3 0x8001254e (0xaa3f2b23) mem 0x80013000 0x00000001
core   0: 0x80012552 (0x0000bfe5) c.j     pc - 8
core   0: 3 0x80012552 (0xbfe5)
core   0: 0x8001254a (0x00001f17) auipc   t5, 0x1
core   0: 3 0x8001254a (0x00001f17) x30 0x8001354a
core   0: 0x8001254e (0xaa3f2b23) sw      gp, -1354(t5)
core   0: 3 0x8001254e (0xaa3f2b23) mem 0x80013000 0x00000001
core   0: 0x80012552 (0x0000bfe5) c.j     pc - 8
core   0: 3 0x80012552 (0xbfe5)
core   0: 0x8001254a (0x00001f17) auipc   t5, 0x1
core   0: 3 0x8001254a (0x00001f17) x30 0x8001354a
core   0: 0x8001254e (0xaa3f2b23) sw      gp, -1354(t5)
core   0: 3 0x8001254e (0xaa3f2b23) mem 0x80013000 0x00000001
core   0: 0x80012552 (0x0000bfe5) c.j     pc - 8
core   0: 3 0x80012552 (0xbfe5)
core   0: 0x8001254a (0x00001f17) auipc   t5, 0x1
core   0: 3 0x8001254a (0x00001f17) x30 0x8001354a
core   0: 0x8001254e (0xaa3f2b23) sw      gp, -1354(t5)
core   0: 3 0x8001254e (0xaa3f2b23) mem 0x80013000 0x00000001
core   0: 0x80012552 (0x0000bfe5) c.j     pc - 8
core   0: 3 0x80012552 (0xbfe5)
core   0: 0x8001254a (0x00001f17) auipc   t5, 0x1
core   0: 3 0x8001254a (0x00001f17) x30 0x8001354a
core   0: 0x8001254e (0xaa3f2b23) sw      gp, -1354(t5)
core   0: 3 0x8001254e (0xaa3f2b23) mem 0x80013000 0x00000001
core   0: 0x80012552 (0x0000bfe5) c.j     pc - 8
core   0: 3 0x80012552 (0xbfe5)
core   0: 0x8001254a (0x00001f17) auipc   t5, 0x1
core   0: 3 0x8001254a (0x00001f17) x30 0x8001354a
core   0: 0x8001254e (0xaa3f2b23) sw      gp, -1354(t5)
core   0: 3 0x8001254e (0xaa3f2b23) mem 0x80013000 0x00000001
core   0: 0x80012552 (0x0000bfe5) c.j     pc - 8
core   0: 3 0x80012552 (0xbfe5)
core   0: 0x8001254a (0x00001f17) auipc   t5, 0x1
core   0: 3 0x8001254a (0x00001f17) x30 0x8001354a
core   0: 0x8001254e (0xaa3f2b23) sw      gp, -1354(t5)
core   0: 3 0x8001254e (0xaa3f2b23) mem 0x80013000 0x00000001
core   0: 0x80012552 (0x0000bfe5) c.j     pc - 8
core   0: 3 0x80012552 (0xbfe5)
core   0: 0x8001254a (0x00001f17) auipc   t5, 0x1
core   0: 3 0x8001254a (0x00001f17) x30 0x8001354a
core   0: 0x8001254e (0xaa3f2b23) sw      gp, -1354(t5)
core   0: 3 0x8001254e (0xaa3f2b23) mem 0x80013000 0x00000001
core   0: 0x80012552 (0x0000bfe5) c.j     pc - 8
core   0: 3 0x80012552 (0xbfe5)
core   0: 0x8001254a (0x00001f17) auipc   t5, 0x1
core   0: 3 0x8001254a (0x00001f17) x30 0x8001354a
core   0: 0x8001254e (0xaa3f2b23) sw      gp, -1354(t5)
core   0: 3 0x8001254e (0xaa3f2b23) mem 0x80013000 0x00000001
core   0: 0x80012552 (0x0000bfe5) c.j     pc - 8
core   0: 3 0x80012552 (0xbfe5)
core   0: 0x8001254a (0x00001f17) auipc   t5, 0x1
core   0: 3 0x8001254a (0x00001f17) x30 0x8001354a
core   0: 0x8001254e (0xaa3f2b23) sw      gp, -1354(t5)
core   0: 3 0x8001254e (0xaa3f2b23) mem 0x80013000 0x00000001
core   0: 0x80012552 (0x0000bfe5) c.j     pc - 8
core   0: 3 0x80012552 (0xbfe5)
core   0: 0x8001254a (0x00001f17) auipc   t5, 0x1
core   0: 3 0x8001254a (0x00001f17) x30 0x8001354a
core   0: 0x8001254e (0xaa3f2b23) sw      gp, -1354(t5)
core   0: 3 0x8001254e (0xaa3f2b23) mem 0x80013000 0x00000001
core   0: 0x80012552 (0x0000bfe5) c.j     pc - 8
core   0: 3 0x80012552 (0xbfe5)
core   0: 0x8001254a (0x00001f17) auipc   t5, 0x1
core   0: 3 0x8001254a (0x00001f17) x30 0x8001354a
core   0: 0x8001254e (0xaa3f2b23) sw      gp, -1354(t5)
core   0: 3 0x8001254e (0xaa3f2b23) mem 0x80013000 0x00000001
core   0: 0x80012552 (0x0000bfe5) c.j     pc - 8
core   0: 3 0x80012552 (0xbfe5)
core   0: 0x8001254a (0x00001f17) auipc   t5, 0x1
core   0: 3 0x8001254a (0x00001f17) x30 0x8001354a
core   0: 0x8001254e (0xaa3f2b23) sw      gp, -1354(t5)
core   0: 3 0x8001254e (0xaa3f2b23) mem 0x80013000 0x00000001
core   0: 0x80012552 (0x0000bfe5) c.j     pc - 8
core   0: 3 0x80012552 (0xbfe5)
core   0: 0x8001254a (0x00001f17) auipc   t5, 0x1
core   0: 3 0x8001254a (0x00001f17) x30 0x8001354a
core   0: 0x8001254e (0xaa3f2b23) sw      gp, -1354(t5)
core   0: 3 0x8001254e (0xaa3f2b23) mem 0x80013000 0x00000001
core   0: 0x80012552 (0x0000bfe5) c.j     pc - 8
core   0: 3 0x80012552 (0xbfe5)
core   0: 0x8001254a (0x00001f17) auipc   t5, 0x1
core   0: 3 0x8001254a (0x00001f17) x30 0x8001354a
core   0: 0x8001254e (0xaa3f2b23) sw      gp, -1354(t5)
core   0: 3 0x8001254e (0xaa3f2b23) mem 0x80013000 0x00000001
core   0: 0x80012552 (0x0000bfe5) c.j     pc - 8
core   0: 3 0x80012552 (0xbfe5)
core   0: 0x8001254a (0x00001f17) auipc   t5, 0x1
core   0: 3 0x8001254a (0x00001f17) x30 0x8001354a
core   0: 0x8001254e (0xaa3f2b23) sw      gp, -1354(t5)
core   0: 3 0x8001254e (0xaa3f2b23) mem 0x80013000 0x00000001
core   0: 0x80012552 (0x0000bfe5) c.j     pc - 8
core   0: 3 0x80012552 (0xbfe5)
core   0: 0x8001254a (0x00001f17) auipc   t5, 0x1
core   0: 3 0x8001254a (0x00001f17) x30 0x8001354a
core   0: 0x8001254e (0xaa3f2b23) sw      gp, -1354(t5)
core   0: 3 0x8001254e (0xaa3f2b23) mem 0x80013000 0x00000001
core   0: 0x80012552 (0x0000bfe5) c.j     pc - 8
core   0: 3 0x80012552 (0xbfe5)
core   0: 0x8001254a (0x00001f17) auipc   t5, 0x1
core   0: 3 0x8001254a (0x00001f17) x30 0x8001354a
core   0: 0x8001254e (0xaa3f2b23) sw      gp, -1354(t5)
core   0: 3 0x8001254e (0xaa3f2b23) mem 0x80013000 0x00000001
core   0: 0x80012552 (0x0000bfe5) c.j     pc - 8
core   0: 3 0x80012552 (0xbfe5)
core   0: 0x8001254a (0x00001f17) auipc   t5, 0x1
core   0: 3 0x8001254a (0x00001f17) x30 0x8001354a
core   0: 0x8001254e (0xaa3f2b23) sw      gp, -1354(t5)
core   0: 3 0x8001254e (0xaa3f2b23) mem 0x80013000 0x00000001
core   0: 0x80012552 (0x0000bfe5) c.j     pc - 8
core   0: 3 0x80012552 (0xbfe5)
core   0: 0x8001254a (0x00001f17) auipc   t5, 0x1
core   0: 3 0x8001254a (0x00001f17) x30 0x8001354a
core   0: 0x8001254e (0xaa3f2b23) sw      gp, -1354(t5)
core   0: 3 0x8001254e (0xaa3f2b23) mem 0x80013000 0x00000001
core   0: 0x80012552 (0x0000bfe5) c.j     pc - 8
core   0: 3 0x80012552 (0xbfe5)
core   0: 0x8001254a (0x00001f17) auipc   t5, 0x1
core   0: 3 0x8001254a (0x00001f17) x30 0x8001354a
core   0: 0x8001254e (0xaa3f2b23) sw      gp, -1354(t5)
core   0: 3 0x8001254e (0xaa3f2b23) mem 0x80013000 0x00000001
core   0: 0x80012552 (0x0000bfe5) c.j     pc - 8
core   0: 3 0x80012552 (0xbfe5)
core   0: 0x8001254a (0x00001f17) auipc   t5, 0x1
core   0: 3 0x8001254a (0x00001f17) x30 0x8001354a
core   0: 0x8001254e (0xaa3f2b23) sw      gp, -1354(t5)
core   0: 3 0x8001254e (0xaa3f2b23) mem 0x80013000 0x00000001
core   0: 0x80012552 (0x0000bfe5) c.j     pc - 8
core   0: 3 0x80012552 (0xbfe5)
core   0: 0x8001254a (0x00001f17) auipc   t5, 0x1
core   0: 3 0x8001254a (0x00001f17) x30 0x8001354a
core   0: 0x8001254e (0xaa3f2b23) sw      gp, -1354(t5)
core   0: 3 0x8001254e (0xaa3f2b23) mem 0x80013000 0x00000001
core   0: 0x80012552 (0x0000bfe5) c.j     pc - 8
core   0: 3 0x80012552 (0xbfe5)
core   0: 0x8001254a (0x00001f17) auipc   t5, 0x1
core   0: 3 0x8001254a (0x00001f17) x30 0x8001354a
core   0: 0x8001254e (0xaa3f2b23) sw      gp, -1354(t5)
core   0: 3 0x8001254e (0xaa3f2b23) mem 0x80013000 0x00000001
core   0: 0x80012552 (0x0000bfe5) c.j     pc - 8
core   0: 3 0x80012552 (0xbfe5)
core   0: 0x8001254a (0x00001f17) auipc   t5, 0x1
core   0: 3 0x8001254a (0x00001f17) x30 0x8001354a
core   0: 0x8001254e (0xaa3f2b23) sw      gp, -1354(t5)
core   0: 3 0x8001254e (0xaa3f2b23) mem 0x80013000 0x00000001
core   0: 0x80012552 (0x0000bfe5) c.j     pc - 8
core   0: 3 0x80012552 (0xbfe5)
core   0: 0x8001254a (0x00001f17) auipc   t5, 0x1
core   0: 3 0x8001254a (0x00001f17) x30 0x8001354a
core   0: 0x8001254e (0xaa3f2b23) sw      gp, -1354(t5)
core   0: 3 0x8001254e (0xaa3f2b23) mem 0x80013000 0x00000001
core   0: 0x80012552 (0x0000bfe5) c.j     pc - 8
core   0: 3 0x80012552 (0xbfe5)
core   0: 0x8001254a (0x00001f17) auipc   t5, 0x1
core   0: 3 0x8001254a (0x00001f17) x30 0x8001354a
core   0: 0x8001254e (0xaa3f2b23) sw      gp, -1354(t5)
core   0: 3 0x8001254e (0xaa3f2b23) mem 0x80013000 0x00000001
core   0: 0x80012552 (0x0000bfe5) c.j     pc - 8
core   0: 3 0x80012552 (0xbfe5)
core   0: 0x8001254a (0x00001f17) auipc   t5, 0x1
core   0: 3 0x8001254a (0x00001f17) x30 0x8001354a
core   0: 0x8001254e (0xaa3f2b23) sw      gp, -1354(t5)
core   0: 3 0x8001254e (0xaa3f2b23) mem 0x80013000 0x00000001
core   0: 0x80012552 (0x0000bfe5) c.j     pc - 8
core   0: 3 0x80012552 (0xbfe5)
core   0: 0x8001254a (0x00001f17) auipc   t5, 0x1
core   0: 3 0x8001254a (0x00001f17) x30 0x8001354a
core   0: 0x8001254e (0xaa3f2b23) sw      gp, -1354(t5)
core   0: 3 0x8001254e (0xaa3f2b23) mem 0x80013000 0x00000001
core   0: 0x80012552 (0x0000bfe5) c.j     pc - 8
core   0: 3 0x80012552 (0xbfe5)
core   0: 0x8001254a (0x00001f17) auipc   t5, 0x1
core   0: 3 0x8001254a (0x00001f17) x30 0x8001354a
core   0: 0x8001254e (0xaa3f2b23) sw      gp, -1354(t5)
core   0: 3 0x8001254e (0xaa3f2b23) mem 0x80013000 0x00000001
core   0: 0x80012552 (0x0000bfe5) c.j     pc - 8
core   0: 3 0x80012552 (0xbfe5)
core   0: 0x8001254a (0x00001f17) auipc   t5, 0x1
core   0: 3 0x8001254a (0x00001f17) x30 0x8001354a
core   0: 0x8001254e (0xaa3f2b23) sw      gp, -1354(t5)
core   0: 3 0x8001254e (0xaa3f2b23) mem 0x80013000 0x00000001
core   0: 0x80012552 (0x0000bfe5) c.j     pc - 8
core   0: 3 0x80012552 (0xbfe5)
core   0: 0x8001254a (0x00001f17) auipc   t5, 0x1
core   0: 3 0x8001254a (0x00001f17) x30 0x8001354a
core   0: 0x8001254e (0xaa3f2b23) sw      gp, -1354(t5)
core   0: 3 0x8001254e (0xaa3f2b23) mem 0x80013000 0x00000001
core   0: 0x80012552 (0x0000bfe5) c.j     pc - 8
core   0: 3 0x80012552 (0xbfe5)
core   0: 0x8001254a (0x00001f17) auipc   t5, 0x1
core   0: 3 0x8001254a (0x00001f17) x30 0x8001354a
core   0: 0x8001254e (0xaa3f2b23) sw      gp, -1354(t5)
core   0: 3 0x8001254e (0xaa3f2b23) mem 0x80013000 0x00000001
core   0: 0x80012552 (0x0000bfe5) c.j     pc - 8
core   0: 3 0x80012552 (0xbfe5)
core   0: 0x8001254a (0x00001f17) auipc   t5, 0x1
core   0: 3 0x8001254a (0x00001f17) x30 0x8001354a
core   0: 0x8001254e (0xaa3f2b23) sw      gp, -1354(t5)
core   0: 3 0x8001254e (0xaa3f2b23) mem 0x80013000 0x00000001
core   0: 0x80012552 (0x0000bfe5) c.j     pc - 8
core   0: 3 0x80012552 (0xbfe5)
core   0: 0x8001254a (0x00001f17) auipc   t5, 0x1
core   0: 3 0x8001254a (0x00001f17) x30 0x8001354a
core   0: 0x8001254e (0xaa3f2b23) sw      gp, -1354(t5)
core   0: 3 0x8001254e (0xaa3f2b23) mem 0x80013000 0x00000001
core   0: 0x80012552 (0x0000bfe5) c.j     pc - 8
core   0: 3 0x80012552 (0xbfe5)
core   0: 0x8001254a (0x00001f17) auipc   t5, 0x1
core   0: 3 0x8001254a (0x00001f17) x30 0x8001354a
core   0: 0x8001254e (0xaa3f2b23) sw      gp, -1354(t5)
core   0: 3 0x8001254e (0xaa3f2b23) mem 0x80013000 0x00000001
core   0: 0x80012552 (0x0000bfe5) c.j     pc - 8
core   0: 3 0x80012552 (0xbfe5)
core   0: 0x8001254a (0x00001f17) auipc   t5, 0x1
core   0: 3 0x8001254a (0x00001f17) x30 0x8001354a
core   0: 0x8001254e (0xaa3f2b23) sw      gp, -1354(t5)
core   0: 3 0x8001254e (0xaa3f2b23) mem 0x80013000 0x00000001
core   0: 0x80012552 (0x0000bfe5) c.j     pc - 8
core   0: 3 0x80012552 (0xbfe5)
core   0: 0x8001254a (0x00001f17) auipc   t5, 0x1
core   0: 3 0x8001254a (0x00001f17) x30 0x8001354a
core   0: 0x8001254e (0xaa3f2b23) sw      gp, -1354(t5)
core   0: 3 0x8001254e (0xaa3f2b23) mem 0x80013000 0x00000001
core   0: 0x80012552 (0x0000bfe5) c.j     pc - 8
core   0: 3 0x80012552 (0xbfe5)
core   0: 0x8001254a (0x00001f17) auipc   t5, 0x1
core   0: 3 0x8001254a (0x00001f17) x30 0x8001354a
core   0: 0x8001254e (0xaa3f2b23) sw      gp, -1354(t5)
core   0: 3 0x8001254e (0xaa3f2b23) mem 0x80013000 0x00000001
core   0: 0x80012552 (0x0000bfe5) c.j     pc - 8
core   0: 3 0x80012552 (0xbfe5)
core   0: 0x8001254a (0x00001f17) auipc   t5, 0x1
core   0: 3 0x8001254a (0x00001f17) x30 0x8001354a
core   0: 0x8001254e (0xaa3f2b23) sw      gp, -1354(t5)
core   0: 3 0x8001254e (0xaa3f2b23) mem 0x80013000 0x00000001
core   0: 0x80012552 (0x0000bfe5) c.j     pc - 8
core   0: 3 0x80012552 (0xbfe5)
core   0: 0x8001254a (0x00001f17) auipc   t5, 0x1
core   0: 3 0x8001254a (0x00001f17) x30 0x8001354a
core   0: 0x8001254e (0xaa3f2b23) sw      gp, -1354(t5)
core   0: 3 0x8001254e (0xaa3f2b23) mem 0x80013000 0x00000001
core   0: 0x80012552 (0x0000bfe5) c.j     pc - 8
core   0: 3 0x80012552 (0xbfe5)
core   0: 0x8001254a (0x00001f17) auipc   t5, 0x1
core   0: 3 0x8001254a (0x00001f17) x30 0x8001354a
core   0: 0x8001254e (0xaa3f2b23) sw      gp, -1354(t5)
core   0: 3 0x8001254e (0xaa3f2b23) mem 0x80013000 0x00000001
core   0: 0x80012552 (0x0000bfe5) c.j     pc - 8
core   0: 3 0x80012552 (0xbfe5)
core   0: 0x8001254a (0x00001f17) auipc   t5, 0x1
core   0: 3 0x8001254a (0x00001f17) x30 0x8001354a
core   0: 0x8001254e (0xaa3f2b23) sw      gp, -1354(t5)
core   0: 3 0x8001254e (0xaa3f2b23) mem 0x80013000 0x00000001
core   0: 0x80012552 (0x0000bfe5) c.j     pc - 8
core   0: 3 0x80012552 (0xbfe5)
core   0: 0x8001254a (0x00001f17) auipc   t5, 0x1
core   0: 3 0x8001254a (0x00001f17) x30 0x8001354a
core   0: 0x8001254e (0xaa3f2b23) sw      gp, -1354(t5)
core   0: 3 0x8001254e (0xaa3f2b23) mem 0x80013000 0x00000001
core   0: 0x80012552 (0x0000bfe5) c.j     pc - 8
core   0: 3 0x80012552 (0xbfe5)
core   0: 0x8001254a (0x00001f17) auipc   t5, 0x1
core   0: 3 0x8001254a (0x00001f17) x30 0x8001354a
core   0: 0x8001254e (0xaa3f2b23) sw      gp, -1354(t5)
core   0: 3 0x8001254e (0xaa3f2b23) mem 0x80013000 0x00000001
core   0: 0x80012552 (0x0000bfe5) c.j     pc - 8
core   0: 3 0x80012552 (0xbfe5)
core   0: 0x8001254a (0x00001f17) auipc   t5, 0x1
core   0: 3 0x8001254a (0x00001f17) x30 0x8001354a
core   0: 0x8001254e (0xaa3f2b23) sw      gp, -1354(t5)
core   0: 3 0x8001254e (0xaa3f2b23) mem 0x80013000 0x00000001
core   0: 0x80012552 (0x0000bfe5) c.j     pc - 8
core   0: 3 0x80012552 (0xbfe5)
core   0: 0x8001254a (0x00001f17) auipc   t5, 0x1
core   0: 3 0x8001254a (0x00001f17) x30 0x8001354a
core   0: 0x8001254e (0xaa3f2b23) sw      gp, -1354(t5)
core   0: 3 0x8001254e (0xaa3f2b23) mem 0x80013000 0x00000001
core   0: 0x80012552 (0x0000bfe5) c.j     pc - 8
core   0: 3 0x80012552 (0xbfe5)
core   0: 0x8001254a (0x00001f17) auipc   t5, 0x1
core   0: 3 0x8001254a (0x00001f17) x30 0x8001354a
core   0: 0x8001254e (0xaa3f2b23) sw      gp, -1354(t5)
core   0: 3 0x8001254e (0xaa3f2b23) mem 0x80013000 0x00000001
core   0: 0x80012552 (0x0000bfe5) c.j     pc - 8
core   0: 3 0x80012552 (0xbfe5)
core   0: 0x8001254a (0x00001f17) auipc   t5, 0x1
core   0: 3 0x8001254a (0x00001f17) x30 0x8001354a
core   0: 0x8001254e (0xaa3f2b23) sw      gp, -1354(t5)
core   0: 3 0x8001254e (0xaa3f2b23) mem 0x80013000 0x00000001
core   0: 0x80012552 (0x0000bfe5) c.j     pc - 8
core   0: 3 0x80012552 (0xbfe5)
core   0: 0x8001254a (0x00001f17) auipc   t5, 0x1
core   0: 3 0x8001254a (0x00001f17) x30 0x8001354a
core   0: 0x8001254e (0xaa3f2b23) sw      gp, -1354(t5)
core   0: 3 0x8001254e (0xaa3f2b23) mem 0x80013000 0x00000001
core   0: 0x80012552 (0x0000bfe5) c.j     pc - 8
core   0: 3 0x80012552 (0xbfe5)
core   0: 0x8001254a (0x00001f17) auipc   t5, 0x1
core   0: 3 0x8001254a (0x00001f17) x30 0x8001354a
core   0: 0x8001254e (0xaa3f2b23) sw      gp, -1354(t5)
core   0: 3 0x8001254e (0xaa3f2b23) mem 0x80013000 0x00000001
core   0: 0x80012552 (0x0000bfe5) c.j     pc - 8
core   0: 3 0x80012552 (0xbfe5)
core   0: 0x8001254a (0x00001f17) auipc   t5, 0x1
core   0: 3 0x8001254a (0x00001f17) x30 0x8001354a
core   0: 0x8001254e (0xaa3f2b23) sw      gp, -1354(t5)
core   0: 3 0x8001254e (0xaa3f2b23) mem 0x80013000 0x00000001
core   0: 0x80012552 (0x0000bfe5) c.j     pc - 8
core   0: 3 0x80012552 (0xbfe5)
core   0: 0x8001254a (0x00001f17) auipc   t5, 0x1
core   0: 3 0x8001254a (0x00001f17) x30 0x8001354a
core   0: 0x8001254e (0xaa3f2b23) sw      gp, -1354(t5)
core   0: 3 0x8001254e (0xaa3f2b23) mem 0x80013000 0x00000001
core   0: 0x80012552 (0x0000bfe5) c.j     pc - 8
core   0: 3 0x80012552 (0xbfe5)
core   0: 0x8001254a (0x00001f17) auipc   t5, 0x1
core   0: 3 0x8001254a (0x00001f17) x30 0x8001354a
core   0: 0x8001254e (0xaa3f2b23) sw      gp, -1354(t5)
core   0: 3 0x8001254e (0xaa3f2b23) mem 0x80013000 0x00000001
core   0: 0x80012552 (0x0000bfe5) c.j     pc - 8
core   0: 3 0x80012552 (0xbfe5)
core   0: 0x8001254a (0x00001f17) auipc   t5, 0x1
core   0: 3 0x8001254a (0x00001f17) x30 0x8001354a
core   0: 0x8001254e (0xaa3f2b23) sw      gp, -1354(t5)
core   0: 3 0x8001254e (0xaa3f2b23) mem 0x80013000 0x00000001
core   0: 0x80012552 (0x0000bfe5) c.j     pc - 8
core   0: 3 0x80012552 (0xbfe5)
core   0: 0x8001254a (0x00001f17) auipc   t5, 0x1
core   0: 3 0x8001254a (0x00001f17) x30 0x8001354a
core   0: 0x8001254e (0xaa3f2b23) sw      gp, -1354(t5)
core   0: 3 0x8001254e (0xaa3f2b23) mem 0x80013000 0x00000001
core   0: 0x80012552 (0x0000bfe5) c.j     pc - 8
core   0: 3 0x80012552 (0xbfe5)
core   0: 0x8001254a (0x00001f17) auipc   t5, 0x1
core   0: 3 0x8001254a (0x00001f17) x30 0x8001354a
core   0: 0x8001254e (0xaa3f2b23) sw      gp, -1354(t5)
core   0: 3 0x8001254e (0xaa3f2b23) mem 0x80013000 0x00000001
core   0: 0x80012552 (0x0000bfe5) c.j     pc - 8
core   0: 3 0x80012552 (0xbfe5)
core   0: 0x8001254a (0x00001f17) auipc   t5, 0x1
core   0: 3 0x8001254a (0x00001f17) x30 0x8001354a
core   0: 0x8001254e (0xaa3f2b23) sw      gp, -1354(t5)
core   0: 3 0x8001254e (0xaa3f2b23) mem 0x80013000 0x00000001
core   0: 0x80012552 (0x0000bfe5) c.j     pc - 8
core   0: 3 0x80012552 (0xbfe5)
core   0: 0x8001254a (0x00001f17) auipc   t5, 0x1
core   0: 3 0x8001254a (0x00001f17) x30 0x8001354a
core   0: 0x8001254e (0xaa3f2b23) sw      gp, -1354(t5)
core   0: 3 0x8001254e (0xaa3f2b23) mem 0x80013000 0x00000001
core   0: 0x80012552 (0x0000bfe5) c.j     pc - 8
core   0: 3 0x80012552 (0xbfe5)
core   0: 0x8001254a (0x00001f17) auipc   t5, 0x1
core   0: 3 0x8001254a (0x00001f17) x30 0x8001354a
core   0: 0x8001254e (0xaa3f2b23) sw      gp, -1354(t5)
core   0: 3 0x8001254e (0xaa3f2b23) mem 0x80013000 0x00000001
core   0: 0x80012552 (0x0000bfe5) c.j     pc - 8
core   0: 3 0x80012552 (0xbfe5)
core   0: 0x8001254a (0x00001f17) auipc   t5, 0x1
core   0: 3 0x8001254a (0x00001f17) x30 0x8001354a
core   0: 0x8001254e (0xaa3f2b23) sw      gp, -1354(t5)
core   0: 3 0x8001254e (0xaa3f2b23) mem 0x80013000 0x00000001
core   0: 0x80012552 (0x0000bfe5) c.j     pc - 8
core   0: 3 0x80012552 (0xbfe5)
core   0: 0x8001254a (0x00001f17) auipc   t5, 0x1
core   0: 3 0x8001254a (0x00001f17) x30 0x8001354a
core   0: 0x8001254e (0xaa3f2b23) sw      gp, -1354(t5)
core   0: 3 0x8001254e (0xaa3f2b23) mem 0x80013000 0x00000001
core   0: 0x80012552 (0x0000bfe5) c.j     pc - 8
core   0: 3 0x80012552 (0xbfe5)
core   0: 0x8001254a (0x00001f17) auipc   t5, 0x1
core   0: 3 0x8001254a (0x00001f17) x30 0x8001354a
core   0: 0x8001254e (0xaa3f2b23) sw      gp, -1354(t5)
core   0: 3 0x8001254e (0xaa3f2b23) mem 0x80013000 0x00000001
core   0: 0x80012552 (0x0000bfe5) c.j     pc - 8
core   0: 3 0x80012552 (0xbfe5)
core   0: 0x8001254a (0x00001f17) auipc   t5, 0x1
core   0: 3 0x8001254a (0x00001f17) x30 0x8001354a
core   0: 0x8001254e (0xaa3f2b23) sw      gp, -1354(t5)
core   0: 3 0x8001254e (0xaa3f2b23) mem 0x80013000 0x00000001
core   0: 0x80012552 (0x0000bfe5) c.j     pc - 8
core   0: 3 0x80012552 (0xbfe5)
core   0: 0x8001254a (0x00001f17) auipc   t5, 0x1
core   0: 3 0x8001254a (0x00001f17) x30 0x8001354a
core   0: 0x8001254e (0xaa3f2b23) sw      gp, -1354(t5)
core   0: 3 0x8001254e (0xaa3f2b23) mem 0x80013000 0x00000001
core   0: 0x80012552 (0x0000bfe5) c.j     pc - 8
core   0: 3 0x80012552 (0xbfe5)
core   0: 0x8001254a (0x00001f17) auipc   t5, 0x1
core   0: 3 0x8001254a (0x00001f17) x30 0x8001354a
core   0: 0x8001254e (0xaa3f2b23) sw      gp, -1354(t5)
core   0: 3 0x8001254e (0xaa3f2b23) mem 0x80013000 0x00000001
core   0: 0x80012552 (0x0000bfe5) c.j     pc - 8
core   0: 3 0x80012552 (0xbfe5)
core   0: 0x8001254a (0x00001f17) auipc   t5, 0x1
core   0: 3 0x8001254a (0x00001f17) x30 0x8001354a
core   0: 0x8001254e (0xaa3f2b23) sw      gp, -1354(t5)
core   0: 3 0x8001254e (0xaa3f2b23) mem 0x80013000 0x00000001
core   0: 0x80012552 (0x0000bfe5) c.j     pc - 8
core   0: 3 0x80012552 (0xbfe5)
core   0: 0x8001254a (0x00001f17) auipc   t5, 0x1
core   0: 3 0x8001254a (0x00001f17) x30 0x8001354a
core   0: 0x8001254e (0xaa3f2b23) sw      gp, -1354(t5)
core   0: 3 0x8001254e (0xaa3f2b23) mem 0x80013000 0x00000001
core   0: 0x80012552 (0x0000bfe5) c.j     pc - 8
core   0: 3 0x80012552 (0xbfe5)
core   0: 0x8001254a (0x00001f17) auipc   t5, 0x1
core   0: 3 0x8001254a (0x00001f17) x30 0x8001354a
core   0: 0x8001254e (0xaa3f2b23) sw      gp, -1354(t5)
core   0: 3 0x8001254e (0xaa3f2b23) mem 0x80013000 0x00000001
core   0: 0x80012552 (0x0000bfe5) c.j     pc - 8
core   0: 3 0x80012552 (0xbfe5)
core   0: 0x8001254a (0x00001f17) auipc   t5, 0x1
core   0: 3 0x8001254a (0x00001f17) x30 0x8001354a
core   0: 0x8001254e (0xaa3f2b23) sw      gp, -1354(t5)
core   0: 3 0x8001254e (0xaa3f2b23) mem 0x80013000 0x00000001
core   0: 0x80012552 (0x0000bfe5) c.j     pc - 8
core   0: 3 0x80012552 (0xbfe5)
core   0: 0x8001254a (0x00001f17) auipc   t5, 0x1
core   0: 3 0x8001254a (0x00001f17) x30 0x8001354a
core   0: 0x8001254e (0xaa3f2b23) sw      gp, -1354(t5)
core   0: 3 0x8001254e (0xaa3f2b23) mem 0x80013000 0x00000001
core   0: 0x80012552 (0x0000bfe5) c.j     pc - 8
core   0: 3 0x80012552 (0xbfe5)
core   0: 0x8001254a (0x00001f17) auipc   t5, 0x1
core   0: 3 0x8001254a (0x00001f17) x30 0x8001354a
core   0: 0x8001254e (0xaa3f2b23) sw      gp, -1354(t5)
core   0: 3 0x8001254e (0xaa3f2b23) mem 0x80013000 0x00000001
core   0: 0x80012552 (0x0000bfe5) c.j     pc - 8
core   0: 3 0x80012552 (0xbfe5)
core   0: 0x8001254a (0x00001f17) auipc   t5, 0x1
core   0: 3 0x8001254a (0x00001f17) x30 0x8001354a
core   0: 0x8001254e (0xaa3f2b23) sw      gp, -1354(t5)
core   0: 3 0x8001254e (0xaa3f2b23) mem 0x80013000 0x00000001
core   0: 0x80012552 (0x0000bfe5) c.j     pc - 8
core   0: 3 0x80012552 (0xbfe5)
core   0: 0x8001254a (0x00001f17) auipc   t5, 0x1
core   0: 3 0x8001254a (0x00001f17) x30 0x8001354a
core   0: 0x8001254e (0xaa3f2b23) sw      gp, -1354(t5)
core   0: 3 0x8001254e (0xaa3f2b23) mem 0x80013000 0x00000001
core   0: 0x80012552 (0x0000bfe5) c.j     pc - 8
core   0: 3 0x80012552 (0xbfe5)
core   0: 0x8001254a (0x00001f17) auipc   t5, 0x1
core   0: 3 0x8001254a (0x00001f17) x30 0x8001354a
core   0: 0x8001254e (0xaa3f2b23) sw      gp, -1354(t5)
core   0: 3 0x8001254e (0xaa3f2b23) mem 0x80013000 0x00000001
core   0: 0x80012552 (0x0000bfe5) c.j     pc - 8
core   0: 3 0x80012552 (0xbfe5)
core   0: 0x8001254a (0x00001f17) auipc   t5, 0x1
core   0: 3 0x8001254a (0x00001f17) x30 0x8001354a
core   0: 0x8001254e (0xaa3f2b23) sw      gp, -1354(t5)
core   0: 3 0x8001254e (0xaa3f2b23) mem 0x80013000 0x00000001
core   0: 0x80012552 (0x0000bfe5) c.j     pc - 8
core   0: 3 0x80012552 (0xbfe5)
core   0: 0x8001254a (0x00001f17) auipc   t5, 0x1
core   0: 3 0x8001254a (0x00001f17) x30 0x8001354a
core   0: 0x8001254e (0xaa3f2b23) sw      gp, -1354(t5)
core   0: 3 0x8001254e (0xaa3f2b23) mem 0x80013000 0x00000001
core   0: 0x80012552 (0x0000bfe5) c.j     pc - 8
core   0: 3 0x80012552 (0xbfe5)
core   0: 0x8001254a (0x00001f17) auipc   t5, 0x1
core   0: 3 0x8001254a (0x00001f17) x30 0x8001354a
core   0: 0x8001254e (0xaa3f2b23) sw      gp, -1354(t5)
core   0: 3 0x8001254e (0xaa3f2b23) mem 0x80013000 0x00000001
core   0: 0x80012552 (0x0000bfe5) c.j     pc - 8
core   0: 3 0x80012552 (0xbfe5)
core   0: 0x8001254a (0x00001f17) auipc   t5, 0x1
core   0: 3 0x8001254a (0x00001f17) x30 0x8001354a
core   0: 0x8001254e (0xaa3f2b23) sw      gp, -1354(t5)
core   0: 3 0x8001254e (0xaa3f2b23) mem 0x80013000 0x00000001
core   0: 0x80012552 (0x0000bfe5) c.j     pc - 8
core   0: 3 0x80012552 (0xbfe5)
core   0: 0x8001254a (0x00001f17) auipc   t5, 0x1
core   0: 3 0x8001254a (0x00001f17) x30 0x8001354a
core   0: 0x8001254e (0xaa3f2b23) sw      gp, -1354(t5)
core   0: 3 0x8001254e (0xaa3f2b23) mem 0x80013000 0x00000001
core   0: 0x80012552 (0x0000bfe5) c.j     pc - 8
core   0: 3 0x80012552 (0xbfe5)
core   0: 0x8001254a (0x00001f17) auipc   t5, 0x1
core   0: 3 0x8001254a (0x00001f17) x30 0x8001354a
core   0: 0x8001254e (0xaa3f2b23) sw      gp, -1354(t5)
core   0: 3 0x8001254e (0xaa3f2b23) mem 0x80013000 0x00000001
core   0: 0x80012552 (0x0000bfe5) c.j     pc - 8
core   0: 3 0x80012552 (0xbfe5)
core   0: 0x8001254a (0x00001f17) auipc   t5, 0x1
core   0: 3 0x8001254a (0x00001f17) x30 0x8001354a
core   0: 0x8001254e (0xaa3f2b23) sw      gp, -1354(t5)
core   0: 3 0x8001254e (0xaa3f2b23) mem 0x80013000 0x00000001
core   0: 0x80012552 (0x0000bfe5) c.j     pc - 8
core   0: 3 0x80012552 (0xbfe5)
core   0: 0x8001254a (0x00001f17) auipc   t5, 0x1
core   0: 3 0x8001254a (0x00001f17) x30 0x8001354a
core   0: 0x8001254e (0xaa3f2b23) sw      gp, -1354(t5)
core   0: 3 0x8001254e (0xaa3f2b23) mem 0x80013000 0x00000001
core   0: 0x80012552 (0x0000bfe5) c.j     pc - 8
core   0: 3 0x80012552 (0xbfe5)
core   0: 0x8001254a (0x00001f17) auipc   t5, 0x1
core   0: 3 0x8001254a (0x00001f17) x30 0x8001354a
core   0: 0x8001254e (0xaa3f2b23) sw      gp, -1354(t5)
core   0: 3 0x8001254e (0xaa3f2b23) mem 0x80013000 0x00000001
core   0: 0x80012552 (0x0000bfe5) c.j     pc - 8
core   0: 3 0x80012552 (0xbfe5)
core   0: 0x8001254a (0x00001f17) auipc   t5, 0x1
core   0: 3 0x8001254a (0x00001f17) x30 0x8001354a
core   0: 0x8001254e (0xaa3f2b23) sw      gp, -1354(t5)
core   0: 3 0x8001254e (0xaa3f2b23) mem 0x80013000 0x00000001
core   0: 0x80012552 (0x0000bfe5) c.j     pc - 8
core   0: 3 0x80012552 (0xbfe5)
core   0: 0x8001254a (0x00001f17) auipc   t5, 0x1
core   0: 3 0x8001254a (0x00001f17) x30 0x8001354a
core   0: 0x8001254e (0xaa3f2b23) sw      gp, -1354(t5)
core   0: 3 0x8001254e (0xaa3f2b23) mem 0x80013000 0x00000001
core   0: 0x80012552 (0x0000bfe5) c.j     pc - 8
core   0: 3 0x80012552 (0xbfe5)
core   0: 0x8001254a (0x00001f17) auipc   t5, 0x1
core   0: 3 0x8001254a (0x00001f17) x30 0x8001354a
core   0: 0x8001254e (0xaa3f2b23) sw      gp, -1354(t5)
core   0: 3 0x8001254e (0xaa3f2b23) mem 0x80013000 0x00000001
core   0: 0x80012552 (0x0000bfe5) c.j     pc - 8
core   0: 3 0x80012552 (0xbfe5)
core   0: 0x8001254a (0x00001f17) auipc   t5, 0x1
core   0: 3 0x8001254a (0x00001f17) x30 0x8001354a
core   0: 0x8001254e (0xaa3f2b23) sw      gp, -1354(t5)
core   0: 3 0x8001254e (0xaa3f2b23) mem 0x80013000 0x00000001
core   0: 0x80012552 (0x0000bfe5) c.j     pc - 8
core   0: 3 0x80012552 (0xbfe5)
core   0: 0x8001254a (0x00001f17) auipc   t5, 0x1
core   0: 3 0x8001254a (0x00001f17) x30 0x8001354a
core   0: 0x8001254e (0xaa3f2b23) sw      gp, -1354(t5)
core   0: 3 0x8001254e (0xaa3f2b23) mem 0x80013000 0x00000001
core   0: 0x80012552 (0x0000bfe5) c.j     pc - 8
core   0: 3 0x80012552 (0xbfe5)
core   0: 0x8001254a (0x00001f17) auipc   t5, 0x1
core   0: 3 0x8001254a (0x00001f17) x30 0x8001354a
core   0: 0x8001254e (0xaa3f2b23) sw      gp, -1354(t5)
core   0: 3 0x8001254e (0xaa3f2b23) mem 0x80013000 0x00000001
core   0: 0x80012552 (0x0000bfe5) c.j     pc - 8
core   0: 3 0x80012552 (0xbfe5)
core   0: 0x8001254a (0x00001f17) auipc   t5, 0x1
core   0: 3 0x8001254a (0x00001f17) x30 0x8001354a
core   0: 0x8001254e (0xaa3f2b23) sw      gp, -1354(t5)
core   0: 3 0x8001254e (0xaa3f2b23) mem 0x80013000 0x00000001
core   0: 0x80012552 (0x0000bfe5) c.j     pc - 8
core   0: 3 0x80012552 (0xbfe5)
core   0: 0x8001254a (0x00001f17) auipc   t5, 0x1
core   0: 3 0x8001254a (0x00001f17) x30 0x8001354a
core   0: 0x8001254e (0xaa3f2b23) sw      gp, -1354(t5)
core   0: 3 0x8001254e (0xaa3f2b23) mem 0x80013000 0x00000001
core   0: 0x80012552 (0x0000bfe5) c.j     pc - 8
core   0: 3 0x80012552 (0xbfe5)
core   0: 0x8001254a (0x00001f17) auipc   t5, 0x1
core   0: 3 0x8001254a (0x00001f17) x30 0x8001354a
core   0: 0x8001254e (0xaa3f2b23) sw      gp, -1354(t5)
core   0: 3 0x8001254e (0xaa3f2b23) mem 0x80013000 0x00000001
core   0: 0x80012552 (0x0000bfe5) c.j     pc - 8
core   0: 3 0x80012552 (0xbfe5)
core   0: 0x8001254a (0x00001f17) auipc   t5, 0x1
core   0: 3 0x8001254a (0x00001f17) x30 0x8001354a
core   0: 0x8001254e (0xaa3f2b23) sw      gp, -1354(t5)
core   0: 3 0x8001254e (0xaa3f2b23) mem 0x80013000 0x00000001
core   0: 0x80012552 (0x0000bfe5) c.j     pc - 8
core   0: 3 0x80012552 (0xbfe5)
core   0: 0x8001254a (0x00001f17) auipc   t5, 0x1
core   0: 3 0x8001254a (0x00001f17) x30 0x8001354a
core   0: 0x8001254e (0xaa3f2b23) sw      gp, -1354(t5)
core   0: 3 0x8001254e (0xaa3f2b23) mem 0x80013000 0x00000001
core   0: 0x80012552 (0x0000bfe5) c.j     pc - 8
core   0: 3 0x80012552 (0xbfe5)
core   0: 0x8001254a (0x00001f17) auipc   t5, 0x1
core   0: 3 0x8001254a (0x00001f17) x30 0x8001354a
core   0: 0x8001254e (0xaa3f2b23) sw      gp, -1354(t5)
core   0: 3 0x8001254e (0xaa3f2b23) mem 0x80013000 0x00000001
core   0: 0x80012552 (0x0000bfe5) c.j     pc - 8
core   0: 3 0x80012552 (0xbfe5)
core   0: 0x8001254a (0x00001f17) auipc   t5, 0x1
core   0: 3 0x8001254a (0x00001f17) x30 0x8001354a
core   0: 0x8001254e (0xaa3f2b23) sw      gp, -1354(t5)
core   0: 3 0x8001254e (0xaa3f2b23) mem 0x80013000 0x00000001
core   0: 0x80012552 (0x0000bfe5) c.j     pc - 8
core   0: 3 0x80012552 (0xbfe5)
core   0: 0x8001254a (0x00001f17) auipc   t5, 0x1
core   0: 3 0x8001254a (0x00001f17) x30 0x8001354a
core   0: 0x8001254e (0xaa3f2b23) sw      gp, -1354(t5)
core   0: 3 0x8001254e (0xaa3f2b23) mem 0x80013000 0x00000001
core   0: 0x80012552 (0x0000bfe5) c.j     pc - 8
core   0: 3 0x80012552 (0xbfe5)
core   0: 0x8001254a (0x00001f17) auipc   t5, 0x1
core   0: 3 0x8001254a (0x00001f17) x30 0x8001354a
core   0: 0x8001254e (0xaa3f2b23) sw      gp, -1354(t5)
core   0: 3 0x8001254e (0xaa3f2b23) mem 0x80013000 0x00000001
core   0: 0x80012552 (0x0000bfe5) c.j     pc - 8
core   0: 3 0x80012552 (0xbfe5)
core   0: 0x8001254a (0x00001f17) auipc   t5, 0x1
core   0: 3 0x8001254a (0x00001f17) x30 0x8001354a
core   0: 0x8001254e (0xaa3f2b23) sw      gp, -1354(t5)
core   0: 3 0x8001254e (0xaa3f2b23) mem 0x80013000 0x00000001
core   0: 0x80012552 (0x0000bfe5) c.j     pc - 8
core   0: 3 0x80012552 (0xbfe5)
core   0: 0x8001254a (0x00001f17) auipc   t5, 0x1
core   0: 3 0x8001254a (0x00001f17) x30 0x8001354a
core   0: 0x8001254e (0xaa3f2b23) sw      gp, -1354(t5)
core   0: 3 0x8001254e (0xaa3f2b23) mem 0x80013000 0x00000001
core   0: 0x80012552 (0x0000bfe5) c.j     pc - 8
core   0: 3 0x80012552 (0xbfe5)
core   0: 0x8001254a (0x00001f17) auipc   t5, 0x1
core   0: 3 0x8001254a (0x00001f17) x30 0x8001354a
core   0: 0x8001254e (0xaa3f2b23) sw      gp, -1354(t5)
core   0: 3 0x8001254e (0xaa3f2b23) mem 0x80013000 0x00000001
core   0: 0x80012552 (0x0000bfe5) c.j     pc - 8
core   0: 3 0x80012552 (0xbfe5)
core   0: 0x8001254a (0x00001f17) auipc   t5, 0x1
core   0: 3 0x8001254a (0x00001f17) x30 0x8001354a
core   0: 0x8001254e (0xaa3f2b23) sw      gp, -1354(t5)
core   0: 3 0x8001254e (0xaa3f2b23) mem 0x80013000 0x00000001
core   0: 0x80012552 (0x0000bfe5) c.j     pc - 8
core   0: 3 0x80012552 (0xbfe5)
core   0: 0x8001254a (0x00001f17) auipc   t5, 0x1
core   0: 3 0x8001254a (0x00001f17) x30 0x8001354a
core   0: 0x8001254e (0xaa3f2b23) sw      gp, -1354(t5)
core   0: 3 0x8001254e (0xaa3f2b23) mem 0x80013000 0x00000001
core   0: 0x80012552 (0x0000bfe5) c.j     pc - 8
core   0: 3 0x80012552 (0xbfe5)
core   0: 0x8001254a (0x00001f17) auipc   t5, 0x1
core   0: 3 0x8001254a (0x00001f17) x30 0x8001354a
core   0: 0x8001254e (0xaa3f2b23) sw      gp, -1354(t5)
core   0: 3 0x8001254e (0xaa3f2b23) mem 0x80013000 0x00000001
core   0: 0x80012552 (0x0000bfe5) c.j     pc - 8
core   0: 3 0x80012552 (0xbfe5)
core   0: 0x8001254a (0x00001f17) auipc   t5, 0x1
core   0: 3 0x8001254a (0x00001f17) x30 0x8001354a
core   0: 0x8001254e (0xaa3f2b23) sw      gp, -1354(t5)
core   0: 3 0x8001254e (0xaa3f2b23) mem 0x80013000 0x00000001
core   0: 0x80012552 (0x0000bfe5) c.j     pc - 8
core   0: 3 0x80012552 (0xbfe5)
core   0: 0x8001254a (0x00001f17) auipc   t5, 0x1
core   0: 3 0x8001254a (0x00001f17) x30 0x8001354a
core   0: 0x8001254e (0xaa3f2b23) sw      gp, -1354(t5)
core   0: 3 0x8001254e (0xaa3f2b23) mem 0x80013000 0x00000001
core   0: 0x80012552 (0x0000bfe5) c.j     pc - 8
core   0: 3 0x80012552 (0xbfe5)
core   0: 0x8001254a (0x00001f17) auipc   t5, 0x1
core   0: 3 0x8001254a (0x00001f17) x30 0x8001354a
core   0: 0x8001254e (0xaa3f2b23) sw      gp, -1354(t5)
core   0: 3 0x8001254e (0xaa3f2b23) mem 0x80013000 0x00000001
core   0: 0x80012552 (0x0000bfe5) c.j     pc - 8
core   0: 3 0x80012552 (0xbfe5)
core   0: 0x8001254a (0x00001f17) auipc   t5, 0x1
core   0: 3 0x8001254a (0x00001f17) x30 0x8001354a
core   0: 0x8001254e (0xaa3f2b23) sw      gp, -1354(t5)
core   0: 3 0x8001254e (0xaa3f2b23) mem 0x80013000 0x00000001
core   0: 0x80012552 (0x0000bfe5) c.j     pc - 8
core   0: 3 0x80012552 (0xbfe5)
core   0: 0x8001254a (0x00001f17) auipc   t5, 0x1
core   0: 3 0x8001254a (0x00001f17) x30 0x8001354a
core   0: 0x8001254e (0xaa3f2b23) sw      gp, -1354(t5)
core   0: 3 0x8001254e (0xaa3f2b23) mem 0x80013000 0x00000001
core   0: 0x80012552 (0x0000bfe5) c.j     pc - 8
core   0: 3 0x80012552 (0xbfe5)
core   0: 0x8001254a (0x00001f17) auipc   t5, 0x1
core   0: 3 0x8001254a (0x00001f17) x30 0x8001354a
core   0: 0x8001254e (0xaa3f2b23) sw      gp, -1354(t5)
core   0: 3 0x8001254e (0xaa3f2b23) mem 0x80013000 0x00000001
core   0: 0x80012552 (0x0000bfe5) c.j     pc - 8
core   0: 3 0x80012552 (0xbfe5)
core   0: 0x8001254a (0x00001f17) auipc   t5, 0x1
core   0: 3 0x8001254a (0x00001f17) x30 0x8001354a
core   0: 0x8001254e (0xaa3f2b23) sw      gp, -1354(t5)
core   0: 3 0x8001254e (0xaa3f2b23) mem 0x80013000 0x00000001
core   0: 0x80012552 (0x0000bfe5) c.j     pc - 8
core   0: 3 0x80012552 (0xbfe5)
core   0: 0x8001254a (0x00001f17) auipc   t5, 0x1
core   0: 3 0x8001254a (0x00001f17) x30 0x8001354a
core   0: 0x8001254e (0xaa3f2b23) sw      gp, -1354(t5)
core   0: 3 0x8001254e (0xaa3f2b23) mem 0x80013000 0x00000001
core   0: 0x80012552 (0x0000bfe5) c.j     pc - 8
core   0: 3 0x80012552 (0xbfe5)
core   0: 0x8001254a (0x00001f17) auipc   t5, 0x1
core   0: 3 0x8001254a (0x00001f17) x30 0x8001354a
core   0: 0x8001254e (0xaa3f2b23) sw      gp, -1354(t5)
core   0: 3 0x8001254e (0xaa3f2b23) mem 0x80013000 0x00000001
core   0: 0x80012552 (0x0000bfe5) c.j     pc - 8
core   0: 3 0x80012552 (0xbfe5)
core   0: 0x8001254a (0x00001f17) auipc   t5, 0x1
core   0: 3 0x8001254a (0x00001f17) x30 0x8001354a
core   0: 0x8001254e (0xaa3f2b23) sw      gp, -1354(t5)
core   0: 3 0x8001254e (0xaa3f2b23) mem 0x80013000 0x00000001
core   0: 0x80012552 (0x0000bfe5) c.j     pc - 8
core   0: 3 0x80012552 (0xbfe5)
core   0: 0x8001254a (0x00001f17) auipc   t5, 0x1
core   0: 3 0x8001254a (0x00001f17) x30 0x8001354a
core   0: 0x8001254e (0xaa3f2b23) sw      gp, -1354(t5)
core   0: 3 0x8001254e (0xaa3f2b23) mem 0x80013000 0x00000001
core   0: 0x80012552 (0x0000bfe5) c.j     pc - 8
core   0: 3 0x80012552 (0xbfe5)
core   0: 0x8001254a (0x00001f17) auipc   t5, 0x1
core   0: 3 0x8001254a (0x00001f17) x30 0x8001354a
core   0: 0x8001254e (0xaa3f2b23) sw      gp, -1354(t5)
core   0: 3 0x8001254e (0xaa3f2b23) mem 0x80013000 0x00000001
core   0: 0x80012552 (0x0000bfe5) c.j     pc - 8
core   0: 3 0x80012552 (0xbfe5)
core   0: 0x8001254a (0x00001f17) auipc   t5, 0x1
core   0: 3 0x8001254a (0x00001f17) x30 0x8001354a
core   0: 0x8001254e (0xaa3f2b23) sw      gp, -1354(t5)
core   0: 3 0x8001254e (0xaa3f2b23) mem 0x80013000 0x00000001
core   0: 0x80012552 (0x0000bfe5) c.j     pc - 8
core   0: 3 0x80012552 (0xbfe5)
core   0: 0x8001254a (0x00001f17) auipc   t5, 0x1
core   0: 3 0x8001254a (0x00001f17) x30 0x8001354a
core   0: 0x8001254e (0xaa3f2b23) sw      gp, -1354(t5)
core   0: 3 0x8001254e (0xaa3f2b23) mem 0x80013000 0x00000001
core   0: 0x80012552 (0x0000bfe5) c.j     pc - 8
core   0: 3 0x80012552 (0xbfe5)
core   0: 0x8001254a (0x00001f17) auipc   t5, 0x1
core   0: 3 0x8001254a (0x00001f17) x30 0x8001354a
core   0: 0x8001254e (0xaa3f2b23) sw      gp, -1354(t5)
core   0: 3 0x8001254e (0xaa3f2b23) mem 0x80013000 0x00000001
core   0: 0x80012552 (0x0000bfe5) c.j     pc - 8
core   0: 3 0x80012552 (0xbfe5)
core   0: 0x8001254a (0x00001f17) auipc   t5, 0x1
core   0: 3 0x8001254a (0x00001f17) x30 0x8001354a
core   0: 0x8001254e (0xaa3f2b23) sw      gp, -1354(t5)
core   0: 3 0x8001254e (0xaa3f2b23) mem 0x80013000 0x00000001
core   0: 0x80012552 (0x0000bfe5) c.j     pc - 8
core   0: 3 0x80012552 (0xbfe5)
core   0: 0x8001254a (0x00001f17) auipc   t5, 0x1
core   0: 3 0x8001254a (0x00001f17) x30 0x8001354a
core   0: 0x8001254e (0xaa3f2b23) sw      gp, -1354(t5)
core   0: 3 0x8001254e (0xaa3f2b23) mem 0x80013000 0x00000001
core   0: 0x80012552 (0x0000bfe5) c.j     pc - 8
core   0: 3 0x80012552 (0xbfe5)
core   0: 0x8001254a (0x00001f17) auipc   t5, 0x1
core   0: 3 0x8001254a (0x00001f17) x30 0x8001354a
core   0: 0x8001254e (0xaa3f2b23) sw      gp, -1354(t5)
core   0: 3 0x8001254e (0xaa3f2b23) mem 0x80013000 0x00000001
core   0: 0x80012552 (0x0000bfe5) c.j     pc - 8
core   0: 3 0x80012552 (0xbfe5)
core   0: 0x8001254a (0x00001f17) auipc   t5, 0x1
core   0: 3 0x8001254a (0x00001f17) x30 0x8001354a
core   0: 0x8001254e (0xaa3f2b23) sw      gp, -1354(t5)
core   0: 3 0x8001254e (0xaa3f2b23) mem 0x80013000 0x00000001
core   0: 0x80012552 (0x0000bfe5) c.j     pc - 8
core   0: 3 0x80012552 (0xbfe5)
core   0: 0x8001254a (0x00001f17) auipc   t5, 0x1
core   0: 3 0x8001254a (0x00001f17) x30 0x8001354a
core   0: 0x8001254e (0xaa3f2b23) sw      gp, -1354(t5)
core   0: 3 0x8001254e (0xaa3f2b23) mem 0x80013000 0x00000001
core   0: 0x80012552 (0x0000bfe5) c.j     pc - 8
core   0: 3 0x80012552 (0xbfe5)
core   0: 0x8001254a (0x00001f17) auipc   t5, 0x1
core   0: 3 0x8001254a (0x00001f17) x30 0x8001354a
core   0: 0x8001254e (0xaa3f2b23) sw      gp, -1354(t5)
core   0: 3 0x8001254e (0xaa3f2b23) mem 0x80013000 0x00000001
core   0: 0x80012552 (0x0000bfe5) c.j     pc - 8
core   0: 3 0x80012552 (0xbfe5)
core   0: 0x8001254a (0x00001f17) auipc   t5, 0x1
core   0: 3 0x8001254a (0x00001f17) x30 0x8001354a
core   0: 0x8001254e (0xaa3f2b23) sw      gp, -1354(t5)
core   0: 3 0x8001254e (0xaa3f2b23) mem 0x80013000 0x00000001
core   0: 0x80012552 (0x0000bfe5) c.j     pc - 8
core   0: 3 0x80012552 (0xbfe5)
core   0: 0x8001254a (0x00001f17) auipc   t5, 0x1
core   0: 3 0x8001254a (0x00001f17) x30 0x8001354a
core   0: 0x8001254e (0xaa3f2b23) sw      gp, -1354(t5)
core   0: 3 0x8001254e (0xaa3f2b23) mem 0x80013000 0x00000001
core   0: 0x80012552 (0x0000bfe5) c.j     pc - 8
core   0: 3 0x80012552 (0xbfe5)
core   0: 0x8001254a (0x00001f17) auipc   t5, 0x1
core   0: 3 0x8001254a (0x00001f17) x30 0x8001354a
core   0: 0x8001254e (0xaa3f2b23) sw      gp, -1354(t5)
core   0: 3 0x8001254e (0xaa3f2b23) mem 0x80013000 0x00000001
core   0: 0x80012552 (0x0000bfe5) c.j     pc - 8
core   0: 3 0x80012552 (0xbfe5)
core   0: 0x8001254a (0x00001f17) auipc   t5, 0x1
core   0: 3 0x8001254a (0x00001f17) x30 0x8001354a
core   0: 0x8001254e (0xaa3f2b23) sw      gp, -1354(t5)
core   0: 3 0x8001254e (0xaa3f2b23) mem 0x80013000 0x00000001
core   0: 0x80012552 (0x0000bfe5) c.j     pc - 8
core   0: 3 0x80012552 (0xbfe5)
core   0: 0x8001254a (0x00001f17) auipc   t5, 0x1
core   0: 3 0x8001254a (0x00001f17) x30 0x8001354a
core   0: 0x8001254e (0xaa3f2b23) sw      gp, -1354(t5)
core   0: 3 0x8001254e (0xaa3f2b23) mem 0x80013000 0x00000001
core   0: 0x80012552 (0x0000bfe5) c.j     pc - 8
core   0: 3 0x80012552 (0xbfe5)
core   0: 0x8001254a (0x00001f17) auipc   t5, 0x1
core   0: 3 0x8001254a (0x00001f17) x30 0x8001354a
core   0: 0x8001254e (0xaa3f2b23) sw      gp, -1354(t5)
core   0: 3 0x8001254e (0xaa3f2b23) mem 0x80013000 0x00000001
core   0: 0x80012552 (0x0000bfe5) c.j     pc - 8
core   0: 3 0x80012552 (0xbfe5)
core   0: 0x8001254a (0x00001f17) auipc   t5, 0x1
core   0: 3 0x8001254a (0x00001f17) x30 0x8001354a
core   0: 0x8001254e (0xaa3f2b23) sw      gp, -1354(t5)
core   0: 3 0x8001254e (0xaa3f2b23) mem 0x80013000 0x00000001
core   0: 0x80012552 (0x0000bfe5) c.j     pc - 8
core   0: 3 0x80012552 (0xbfe5)
core   0: 0x8001254a (0x00001f17) auipc   t5, 0x1
core   0: 3 0x8001254a (0x00001f17) x30 0x8001354a
core   0: 0x8001254e (0xaa3f2b23) sw      gp, -1354(t5)
core   0: 3 0x8001254e (0xaa3f2b23) mem 0x80013000 0x00000001
core   0: 0x80012552 (0x0000bfe5) c.j     pc - 8
core   0: 3 0x80012552 (0xbfe5)
core   0: 0x8001254a (0x00001f17) auipc   t5, 0x1
core   0: 3 0x8001254a (0x00001f17) x30 0x8001354a
core   0: 0x8001254e (0xaa3f2b23) sw      gp, -1354(t5)
core   0: 3 0x8001254e (0xaa3f2b23) mem 0x80013000 0x00000001
core   0: 0x80012552 (0x0000bfe5) c.j     pc - 8
core   0: 3 0x80012552 (0xbfe5)
core   0: 0x8001254a (0x00001f17) auipc   t5, 0x1
core   0: 3 0x8001254a (0x00001f17) x30 0x8001354a
core   0: 0x8001254e (0xaa3f2b23) sw      gp, -1354(t5)
core   0: 3 0x8001254e (0xaa3f2b23) mem 0x80013000 0x00000001
core   0: 0x80012552 (0x0000bfe5) c.j     pc - 8
core   0: 3 0x80012552 (0xbfe5)
core   0: 0x8001254a (0x00001f17) auipc   t5, 0x1
core   0: 3 0x8001254a (0x00001f17) x30 0x8001354a
core   0: 0x8001254e (0xaa3f2b23) sw      gp, -1354(t5)
core   0: 3 0x8001254e (0xaa3f2b23) mem 0x80013000 0x00000001
core   0: 0x80012552 (0x0000bfe5) c.j     pc - 8
core   0: 3 0x80012552 (0xbfe5)
core   0: 0x8001254a (0x00001f17) auipc   t5, 0x1
core   0: 3 0x8001254a (0x00001f17) x30 0x8001354a
core   0: 0x8001254e (0xaa3f2b23) sw      gp, -1354(t5)
core   0: 3 0x8001254e (0xaa3f2b23) mem 0x80013000 0x00000001
core   0: 0x80012552 (0x0000bfe5) c.j     pc - 8
core   0: 3 0x80012552 (0xbfe5)
core   0: 0x8001254a (0x00001f17) auipc   t5, 0x1
core   0: 3 0x8001254a (0x00001f17) x30 0x8001354a
core   0: 0x8001254e (0xaa3f2b23) sw      gp, -1354(t5)
core   0: 3 0x8001254e (0xaa3f2b23) mem 0x80013000 0x00000001
core   0: 0x80012552 (0x0000bfe5) c.j     pc - 8
core   0: 3 0x80012552 (0xbfe5)
core   0: 0x8001254a (0x00001f17) auipc   t5, 0x1
core   0: 3 0x8001254a (0x00001f17) x30 0x8001354a
core   0: 0x8001254e (0xaa3f2b23) sw      gp, -1354(t5)
core   0: 3 0x8001254e (0xaa3f2b23) mem 0x80013000 0x00000001
core   0: 0x80012552 (0x0000bfe5) c.j     pc - 8
core   0: 3 0x80012552 (0xbfe5)
core   0: 0x8001254a (0x00001f17) auipc   t5, 0x1
core   0: 3 0x8001254a (0x00001f17) x30 0x8001354a
core   0: 0x8001254e (0xaa3f2b23) sw      gp, -1354(t5)
core   0: 3 0x8001254e (0xaa3f2b23) mem 0x80013000 0x00000001
core   0: 0x80012552 (0x0000bfe5) c.j     pc - 8
core   0: 3 0x80012552 (0xbfe5)
core   0: 0x8001254a (0x00001f17) auipc   t5, 0x1
core   0: 3 0x8001254a (0x00001f17) x30 0x8001354a
core   0: 0x8001254e (0xaa3f2b23) sw      gp, -1354(t5)
core   0: 3 0x8001254e (0xaa3f2b23) mem 0x80013000 0x00000001
core   0: 0x80012552 (0x0000bfe5) c.j     pc - 8
core   0: 3 0x80012552 (0xbfe5)
core   0: 0x8001254a (0x00001f17) auipc   t5, 0x1
core   0: 3 0x8001254a (0x00001f17) x30 0x8001354a
core   0: 0x8001254e (0xaa3f2b23) sw      gp, -1354(t5)
core   0: 3 0x8001254e (0xaa3f2b23) mem 0x80013000 0x00000001
core   0: 0x80012552 (0x0000bfe5) c.j     pc - 8
core   0: 3 0x80012552 (0xbfe5)
core   0: 0x8001254a (0x00001f17) auipc   t5, 0x1
core   0: 3 0x8001254a (0x00001f17) x30 0x8001354a
core   0: 0x8001254e (0xaa3f2b23) sw      gp, -1354(t5)
core   0: 3 0x8001254e (0xaa3f2b23) mem 0x80013000 0x00000001
core   0: 0x80012552 (0x0000bfe5) c.j     pc - 8
core   0: 3 0x80012552 (0xbfe5)
core   0: 0x8001254a (0x00001f17) auipc   t5, 0x1
core   0: 3 0x8001254a (0x00001f17) x30 0x8001354a
core   0: 0x8001254e (0xaa3f2b23) sw      gp, -1354(t5)
core   0: 3 0x8001254e (0xaa3f2b23) mem 0x80013000 0x00000001
core   0: 0x80012552 (0x0000bfe5) c.j     pc - 8
core   0: 3 0x80012552 (0xbfe5)
core   0: 0x8001254a (0x00001f17) auipc   t5, 0x1
core   0: 3 0x8001254a (0x00001f17) x30 0x8001354a
core   0: 0x8001254e (0xaa3f2b23) sw      gp, -1354(t5)
core   0: 3 0x8001254e (0xaa3f2b23) mem 0x80013000 0x00000001
core   0: 0x80012552 (0x0000bfe5) c.j     pc - 8
core   0: 3 0x80012552 (0xbfe5)
core   0: 0x8001254a (0x00001f17) auipc   t5, 0x1
core   0: 3 0x8001254a (0x00001f17) x30 0x8001354a
core   0: 0x8001254e (0xaa3f2b23) sw      gp, -1354(t5)
core   0: 3 0x8001254e (0xaa3f2b23) mem 0x80013000 0x00000001
core   0: 0x80012552 (0x0000bfe5) c.j     pc - 8
core   0: 3 0x80012552 (0xbfe5)
core   0: 0x8001254a (0x00001f17) auipc   t5, 0x1
core   0: 3 0x8001254a (0x00001f17) x30 0x8001354a
core   0: 0x8001254e (0xaa3f2b23) sw      gp, -1354(t5)
core   0: 3 0x8001254e (0xaa3f2b23) mem 0x80013000 0x00000001
core   0: 0x80012552 (0x0000bfe5) c.j     pc - 8
core   0: 3 0x80012552 (0xbfe5)
core   0: 0x8001254a (0x00001f17) auipc   t5, 0x1
core   0: 3 0x8001254a (0x00001f17) x30 0x8001354a
core   0: 0x8001254e (0xaa3f2b23) sw      gp, -1354(t5)
core   0: 3 0x8001254e (0xaa3f2b23) mem 0x80013000 0x00000001
core   0: 0x80012552 (0x0000bfe5) c.j     pc - 8
core   0: 3 0x80012552 (0xbfe5)
core   0: 0x8001254a (0x00001f17) auipc   t5, 0x1
core   0: 3 0x8001254a (0x00001f17) x30 0x8001354a
core   0: 0x8001254e (0xaa3f2b23) sw      gp, -1354(t5)
core   0: 3 0x8001254e (0xaa3f2b23) mem 0x80013000 0x00000001
core   0: 0x80012552 (0x0000bfe5) c.j     pc - 8
core   0: 3 0x80012552 (0xbfe5)
core   0: 0x8001254a (0x00001f17) auipc   t5, 0x1
core   0: 3 0x8001254a (0x00001f17) x30 0x8001354a
core   0: 0x8001254e (0xaa3f2b23) sw      gp, -1354(t5)
core   0: 3 0x8001254e (0xaa3f2b23) mem 0x80013000 0x00000001
core   0: 0x80012552 (0x0000bfe5) c.j     pc - 8
core   0: 3 0x80012552 (0xbfe5)
core   0: 0x8001254a (0x00001f17) auipc   t5, 0x1
core   0: 3 0x8001254a (0x00001f17) x30 0x8001354a
core   0: 0x8001254e (0xaa3f2b23) sw      gp, -1354(t5)
core   0: 3 0x8001254e (0xaa3f2b23) mem 0x80013000 0x00000001
core   0: 0x80012552 (0x0000bfe5) c.j     pc - 8
core   0: 3 0x80012552 (0xbfe5)
core   0: 0x8001254a (0x00001f17) auipc   t5, 0x1
core   0: 3 0x8001254a (0x00001f17) x30 0x8001354a
core   0: 0x8001254e (0xaa3f2b23) sw      gp, -1354(t5)
core   0: 3 0x8001254e (0xaa3f2b23) mem 0x80013000 0x00000001
core   0: 0x80012552 (0x0000bfe5) c.j     pc - 8
core   0: 3 0x80012552 (0xbfe5)
core   0: 0x8001254a (0x00001f17) auipc   t5, 0x1
core   0: 3 0x8001254a (0x00001f17) x30 0x8001354a
core   0: 0x8001254e (0xaa3f2b23) sw      gp, -1354(t5)
core   0: 3 0x8001254e (0xaa3f2b23) mem 0x80013000 0x00000001
core   0: 0x80012552 (0x0000bfe5) c.j     pc - 8
core   0: 3 0x80012552 (0xbfe5)
core   0: 0x8001254a (0x00001f17) auipc   t5, 0x1
core   0: 3 0x8001254a (0x00001f17) x30 0x8001354a
core   0: 0x8001254e (0xaa3f2b23) sw      gp, -1354(t5)
core   0: 3 0x8001254e (0xaa3f2b23) mem 0x80013000 0x00000001
core   0: 0x80012552 (0x0000bfe5) c.j     pc - 8
core   0: 3 0x80012552 (0xbfe5)
core   0: 0x8001254a (0x00001f17) auipc   t5, 0x1
core   0: 3 0x8001254a (0x00001f17) x30 0x8001354a
core   0: 0x8001254e (0xaa3f2b23) sw      gp, -1354(t5)
core   0: 3 0x8001254e (0xaa3f2b23) mem 0x80013000 0x00000001
core   0: 0x80012552 (0x0000bfe5) c.j     pc - 8
core   0: 3 0x80012552 (0xbfe5)
core   0: 0x8001254a (0x00001f17) auipc   t5, 0x1
core   0: 3 0x8001254a (0x00001f17) x30 0x8001354a
core   0: 0x8001254e (0xaa3f2b23) sw      gp, -1354(t5)
core   0: 3 0x8001254e (0xaa3f2b23) mem 0x80013000 0x00000001
core   0: 0x80012552 (0x0000bfe5) c.j     pc - 8
core   0: 3 0x80012552 (0xbfe5)
core   0: 0x8001254a (0x00001f17) auipc   t5, 0x1
core   0: 3 0x8001254a (0x00001f17) x30 0x8001354a
core   0: 0x8001254e (0xaa3f2b23) sw      gp, -1354(t5)
core   0: 3 0x8001254e (0xaa3f2b23) mem 0x80013000 0x00000001
core   0: 0x80012552 (0x0000bfe5) c.j     pc - 8
core   0: 3 0x80012552 (0xbfe5)
core   0: 0x8001254a (0x00001f17) auipc   t5, 0x1
core   0: 3 0x8001254a (0x00001f17) x30 0x8001354a
core   0: 0x8001254e (0xaa3f2b23) sw      gp, -1354(t5)
core   0: 3 0x8001254e (0xaa3f2b23) mem 0x80013000 0x00000001
core   0: 0x80012552 (0x0000bfe5) c.j     pc - 8
core   0: 3 0x80012552 (0xbfe5)
core   0: 0x8001254a (0x00001f17) auipc   t5, 0x1
core   0: 3 0x8001254a (0x00001f17) x30 0x8001354a
core   0: 0x8001254e (0xaa3f2b23) sw      gp, -1354(t5)
core   0: 3 0x8001254e (0xaa3f2b23) mem 0x80013000 0x00000001
core   0: 0x80012552 (0x0000bfe5) c.j     pc - 8
core   0: 3 0x80012552 (0xbfe5)
core   0: 0x8001254a (0x00001f17) auipc   t5, 0x1
core   0: 3 0x8001254a (0x00001f17) x30 0x8001354a
core   0: 0x8001254e (0xaa3f2b23) sw      gp, -1354(t5)
core   0: 3 0x8001254e (0xaa3f2b23) mem 0x80013000 0x00000001
core   0: 0x80012552 (0x0000bfe5) c.j     pc - 8
core   0: 3 0x80012552 (0xbfe5)
core   0: 0x8001254a (0x00001f17) auipc   t5, 0x1
core   0: 3 0x8001254a (0x00001f17) x30 0x8001354a
core   0: 0x8001254e (0xaa3f2b23) sw      gp, -1354(t5)
core   0: 3 0x8001254e (0xaa3f2b23) mem 0x80013000 0x00000001
core   0: 0x80012552 (0x0000bfe5) c.j     pc - 8
core   0: 3 0x80012552 (0xbfe5)
core   0: 0x8001254a (0x00001f17) auipc   t5, 0x1
core   0: 3 0x8001254a (0x00001f17) x30 0x8001354a
core   0: 0x8001254e (0xaa3f2b23) sw      gp, -1354(t5)
core   0: 3 0x8001254e (0xaa3f2b23) mem 0x80013000 0x00000001
core   0: 0x80012552 (0x0000bfe5) c.j     pc - 8
core   0: 3 0x80012552 (0xbfe5)
core   0: 0x8001254a (0x00001f17) auipc   t5, 0x1
core   0: 3 0x8001254a (0x00001f17) x30 0x8001354a
core   0: 0x8001254e (0xaa3f2b23) sw      gp, -1354(t5)
core   0: 3 0x8001254e (0xaa3f2b23) mem 0x80013000 0x00000001
core   0: 0x80012552 (0x0000bfe5) c.j     pc - 8
core   0: 3 0x80012552 (0xbfe5)
core   0: 0x8001254a (0x00001f17) auipc   t5, 0x1
core   0: 3 0x8001254a (0x00001f17) x30 0x8001354a
core   0: 0x8001254e (0xaa3f2b23) sw      gp, -1354(t5)
core   0: 3 0x8001254e (0xaa3f2b23) mem 0x80013000 0x00000001
core   0: 0x80012552 (0x0000bfe5) c.j     pc - 8
core   0: 3 0x80012552 (0xbfe5)
core   0: 0x8001254a (0x00001f17) auipc   t5, 0x1
core   0: 3 0x8001254a (0x00001f17) x30 0x8001354a
core   0: 0x8001254e (0xaa3f2b23) sw      gp, -1354(t5)
core   0: 3 0x8001254e (0xaa3f2b23) mem 0x80013000 0x00000001
core   0: 0x80012552 (0x0000bfe5) c.j     pc - 8
core   0: 3 0x80012552 (0xbfe5)
core   0: 0x8001254a (0x00001f17) auipc   t5, 0x1
core   0: 3 0x8001254a (0x00001f17) x30 0x8001354a
core   0: 0x8001254e (0xaa3f2b23) sw      gp, -1354(t5)
core   0: 3 0x8001254e (0xaa3f2b23) mem 0x80013000 0x00000001
core   0: 0x80012552 (0x0000bfe5) c.j     pc - 8
core   0: 3 0x80012552 (0xbfe5)
core   0: 0x8001254a (0x00001f17) auipc   t5, 0x1
core   0: 3 0x8001254a (0x00001f17) x30 0x8001354a
core   0: 0x8001254e (0xaa3f2b23) sw      gp, -1354(t5)
core   0: 3 0x8001254e (0xaa3f2b23) mem 0x80013000 0x00000001
core   0: 0x80012552 (0x0000bfe5) c.j     pc - 8
core   0: 3 0x80012552 (0xbfe5)
core   0: 0x8001254a (0x00001f17) auipc   t5, 0x1
core   0: 3 0x8001254a (0x00001f17) x30 0x8001354a
core   0: 0x8001254e (0xaa3f2b23) sw      gp, -1354(t5)
core   0: 3 0x8001254e (0xaa3f2b23) mem 0x80013000 0x00000001
core   0: 0x80012552 (0x0000bfe5) c.j     pc - 8
core   0: 3 0x80012552 (0xbfe5)
core   0: 0x8001254a (0x00001f17) auipc   t5, 0x1
core   0: 3 0x8001254a (0x00001f17) x30 0x8001354a
core   0: 0x8001254e (0xaa3f2b23) sw      gp, -1354(t5)
core   0: 3 0x8001254e (0xaa3f2b23) mem 0x80013000 0x00000001
core   0: 0x80012552 (0x0000bfe5) c.j     pc - 8
core   0: 3 0x80012552 (0xbfe5)
core   0: 0x8001254a (0x00001f17) auipc   t5, 0x1
core   0: 3 0x8001254a (0x00001f17) x30 0x8001354a
core   0: 0x8001254e (0xaa3f2b23) sw      gp, -1354(t5)
core   0: 3 0x8001254e (0xaa3f2b23) mem 0x80013000 0x00000001
core   0: 0x80012552 (0x0000bfe5) c.j     pc - 8
core   0: 3 0x80012552 (0xbfe5)
core   0: 0x8001254a (0x00001f17) auipc   t5, 0x1
core   0: 3 0x8001254a (0x00001f17) x30 0x8001354a
core   0: 0x8001254e (0xaa3f2b23) sw      gp, -1354(t5)
core   0: 3 0x8001254e (0xaa3f2b23) mem 0x80013000 0x00000001
core   0: 0x80012552 (0x0000bfe5) c.j     pc - 8
core   0: 3 0x80012552 (0xbfe5)
core   0: 0x8001254a (0x00001f17) auipc   t5, 0x1
core   0: 3 0x8001254a (0x00001f17) x30 0x8001354a
core   0: 0x8001254e (0xaa3f2b23) sw      gp, -1354(t5)
core   0: 3 0x8001254e (0xaa3f2b23) mem 0x80013000 0x00000001
core   0: 0x80012552 (0x0000bfe5) c.j     pc - 8
core   0: 3 0x80012552 (0xbfe5)
core   0: 0x8001254a (0x00001f17) auipc   t5, 0x1
core   0: 3 0x8001254a (0x00001f17) x30 0x8001354a
core   0: 0x8001254e (0xaa3f2b23) sw      gp, -1354(t5)
core   0: 3 0x8001254e (0xaa3f2b23) mem 0x80013000 0x00000001
core   0: 0x80012552 (0x0000bfe5) c.j     pc - 8
core   0: 3 0x80012552 (0xbfe5)
core   0: 0x8001254a (0x00001f17) auipc   t5, 0x1
core   0: 3 0x8001254a (0x00001f17) x30 0x8001354a
core   0: 0x8001254e (0xaa3f2b23) sw      gp, -1354(t5)
core   0: 3 0x8001254e (0xaa3f2b23) mem 0x80013000 0x00000001
core   0: 0x80012552 (0x0000bfe5) c.j     pc - 8
core   0: 3 0x80012552 (0xbfe5)
core   0: 0x8001254a (0x00001f17) auipc   t5, 0x1
core   0: 3 0x8001254a (0x00001f17) x30 0x8001354a
core   0: 0x8001254e (0xaa3f2b23) sw      gp, -1354(t5)
core   0: 3 0x8001254e (0xaa3f2b23) mem 0x80013000 0x00000001
core   0: 0x80012552 (0x0000bfe5) c.j     pc - 8
core   0: 3 0x80012552 (0xbfe5)
core   0: 0x8001254a (0x00001f17) auipc   t5, 0x1
core   0: 3 0x8001254a (0x00001f17) x30 0x8001354a
core   0: 0x8001254e (0xaa3f2b23) sw      gp, -1354(t5)
core   0: 3 0x8001254e (0xaa3f2b23) mem 0x80013000 0x00000001
core   0: 0x80012552 (0x0000bfe5) c.j     pc - 8
core   0: 3 0x80012552 (0xbfe5)
core   0: 0x8001254a (0x00001f17) auipc   t5, 0x1
core   0: 3 0x8001254a (0x00001f17) x30 0x8001354a
core   0: 0x8001254e (0xaa3f2b23) sw      gp, -1354(t5)
core   0: 3 0x8001254e (0xaa3f2b23) mem 0x80013000 0x00000001
core   0: 0x80012552 (0x0000bfe5) c.j     pc - 8
core   0: 3 0x80012552 (0xbfe5)
core   0: 0x8001254a (0x00001f17) auipc   t5, 0x1
core   0: 3 0x8001254a (0x00001f17) x30 0x8001354a
core   0: 0x8001254e (0xaa3f2b23) sw      gp, -1354(t5)
core   0: 3 0x8001254e (0xaa3f2b23) mem 0x80013000 0x00000001
core   0: 0x80012552 (0x0000bfe5) c.j     pc - 8
core   0: 3 0x80012552 (0xbfe5)
core   0: 0x8001254a (0x00001f17) auipc   t5, 0x1
core   0: 3 0x8001254a (0x00001f17) x30 0x8001354a
core   0: 0x8001254e (0xaa3f2b23) sw      gp, -1354(t5)
core   0: 3 0x8001254e (0xaa3f2b23) mem 0x80013000 0x00000001
core   0: 0x80012552 (0x0000bfe5) c.j     pc - 8
core   0: 3 0x80012552 (0xbfe5)
core   0: 0x8001254a (0x00001f17) auipc   t5, 0x1
core   0: 3 0x8001254a (0x00001f17) x30 0x8001354a
core   0: 0x8001254e (0xaa3f2b23) sw      gp, -1354(t5)
core   0: 3 0x8001254e (0xaa3f2b23) mem 0x80013000 0x00000001
core   0: 0x80012552 (0x0000bfe5) c.j     pc - 8
core   0: 3 0x80012552 (0xbfe5)
core   0: 0x8001254a (0x00001f17) auipc   t5, 0x1
core   0: 3 0x8001254a (0x00001f17) x30 0x8001354a
core   0: 0x8001254e (0xaa3f2b23) sw      gp, -1354(t5)
core   0: 3 0x8001254e (0xaa3f2b23) mem 0x80013000 0x00000001
core   0: 0x80012552 (0x0000bfe5) c.j     pc - 8
core   0: 3 0x80012552 (0xbfe5)
core   0: 0x8001254a (0x00001f17) auipc   t5, 0x1
core   0: 3 0x8001254a (0x00001f17) x30 0x8001354a
core   0: 0x8001254e (0xaa3f2b23) sw      gp, -1354(t5)
core   0: 3 0x8001254e (0xaa3f2b23) mem 0x80013000 0x00000001
core   0: 0x80012552 (0x0000bfe5) c.j     pc - 8
core   0: 3 0x80012552 (0xbfe5)
core   0: 0x8001254a (0x00001f17) auipc   t5, 0x1
core   0: 3 0x8001254a (0x00001f17) x30 0x8001354a
core   0: 0x8001254e (0xaa3f2b23) sw      gp, -1354(t5)
core   0: 3 0x8001254e (0xaa3f2b23) mem 0x80013000 0x00000001
core   0: 0x80012552 (0x0000bfe5) c.j     pc - 8
core   0: 3 0x80012552 (0xbfe5)
core   0: 0x8001254a (0x00001f17) auipc   t5, 0x1
core   0: 3 0x8001254a (0x00001f17) x30 0x8001354a
core   0: 0x8001254e (0xaa3f2b23) sw      gp, -1354(t5)
core   0: 3 0x8001254e (0xaa3f2b23) mem 0x80013000 0x00000001
core   0: 0x80012552 (0x0000bfe5) c.j     pc - 8
core   0: 3 0x80012552 (0xbfe5)
core   0: 0x8001254a (0x00001f17) auipc   t5, 0x1
core   0: 3 0x8001254a (0x00001f17) x30 0x8001354a
core   0: 0x8001254e (0xaa3f2b23) sw      gp, -1354(t5)
core   0: 3 0x8001254e (0xaa3f2b23) mem 0x80013000 0x00000001
core   0: 0x80012552 (0x0000bfe5) c.j     pc - 8
core   0: 3 0x80012552 (0xbfe5)
core   0: 0x8001254a (0x00001f17) auipc   t5, 0x1
core   0: 3 0x8001254a (0x00001f17) x30 0x8001354a
core   0: 0x8001254e (0xaa3f2b23) sw      gp, -1354(t5)
core   0: 3 0x8001254e (0xaa3f2b23) mem 0x80013000 0x00000001
core   0: 0x80012552 (0x0000bfe5) c.j     pc - 8
core   0: 3 0x80012552 (0xbfe5)
core   0: 0x8001254a (0x00001f17) auipc   t5, 0x1
core   0: 3 0x8001254a (0x00001f17) x30 0x8001354a
core   0: 0x8001254e (0xaa3f2b23) sw      gp, -1354(t5)
core   0: 3 0x8001254e (0xaa3f2b23) mem 0x80013000 0x00000001
core   0: 0x80012552 (0x0000bfe5) c.j     pc - 8
core   0: 3 0x80012552 (0xbfe5)
core   0: 0x8001254a (0x00001f17) auipc   t5, 0x1
core   0: 3 0x8001254a (0x00001f17) x30 0x8001354a
core   0: 0x8001254e (0xaa3f2b23) sw      gp, -1354(t5)
core   0: 3 0x8001254e (0xaa3f2b23) mem 0x80013000 0x00000001
core   0: 0x80012552 (0x0000bfe5) c.j     pc - 8
core   0: 3 0x80012552 (0xbfe5)
core   0: 0x8001254a (0x00001f17) auipc   t5, 0x1
core   0: 3 0x8001254a (0x00001f17) x30 0x8001354a
core   0: 0x8001254e (0xaa3f2b23) sw      gp, -1354(t5)
core   0: 3 0x8001254e (0xaa3f2b23) mem 0x80013000 0x00000001
core   0: 0x80012552 (0x0000bfe5) c.j     pc - 8
core   0: 3 0x80012552 (0xbfe5)
core   0: 0x8001254a (0x00001f17) auipc   t5, 0x1
core   0: 3 0x8001254a (0x00001f17) x30 0x8001354a
core   0: 0x8001254e (0xaa3f2b23) sw      gp, -1354(t5)
core   0: 3 0x8001254e (0xaa3f2b23) mem 0x80013000 0x00000001
core   0: 0x80012552 (0x0000bfe5) c.j     pc - 8
core   0: 3 0x80012552 (0xbfe5)
core   0: 0x8001254a (0x00001f17) auipc   t5, 0x1
core   0: 3 0x8001254a (0x00001f17) x30 0x8001354a
core   0: 0x8001254e (0xaa3f2b23) sw      gp, -1354(t5)
core   0: 3 0x8001254e (0xaa3f2b23) mem 0x80013000 0x00000001
core   0: 0x80012552 (0x0000bfe5) c.j     pc - 8
core   0: 3 0x80012552 (0xbfe5)
core   0: 0x8001254a (0x00001f17) auipc   t5, 0x1
core   0: 3 0x8001254a (0x00001f17) x30 0x8001354a
core   0: 0x8001254e (0xaa3f2b23) sw      gp, -1354(t5)
core   0: 3 0x8001254e (0xaa3f2b23) mem 0x80013000 0x00000001
core   0: 0x80012552 (0x0000bfe5) c.j     pc - 8
core   0: 3 0x80012552 (0xbfe5)
core   0: 0x8001254a (0x00001f17) auipc   t5, 0x1
core   0: 3 0x8001254a (0x00001f17) x30 0x8001354a
core   0: 0x8001254e (0xaa3f2b23) sw      gp, -1354(t5)
core   0: 3 0x8001254e (0xaa3f2b23) mem 0x80013000 0x00000001
core   0: 0x80012552 (0x0000bfe5) c.j     pc - 8
core   0: 3 0x80012552 (0xbfe5)
core   0: 0x8001254a (0x00001f17) auipc   t5, 0x1
core   0: 3 0x8001254a (0x00001f17) x30 0x8001354a
core   0: 0x8001254e (0xaa3f2b23) sw      gp, -1354(t5)
core   0: 3 0x8001254e (0xaa3f2b23) mem 0x80013000 0x00000001
core   0: 0x80012552 (0x0000bfe5) c.j     pc - 8
core   0: 3 0x80012552 (0xbfe5)
core   0: 0x8001254a (0x00001f17) auipc   t5, 0x1
core   0: 3 0x8001254a (0x00001f17) x30 0x8001354a
core   0: 0x8001254e (0xaa3f2b23) sw      gp, -1354(t5)
core   0: 3 0x8001254e (0xaa3f2b23) mem 0x80013000 0x00000001
core   0: 0x80012552 (0x0000bfe5) c.j     pc - 8
core   0: 3 0x80012552 (0xbfe5)
core   0: 0x8001254a (0x00001f17) auipc   t5, 0x1
core   0: 3 0x8001254a (0x00001f17) x30 0x8001354a
core   0: 0x8001254e (0xaa3f2b23) sw      gp, -1354(t5)
core   0: 3 0x8001254e (0xaa3f2b23) mem 0x80013000 0x00000001
core   0: 0x80012552 (0x0000bfe5) c.j     pc - 8
core   0: 3 0x80012552 (0xbfe5)
core   0: 0x8001254a (0x00001f17) auipc   t5, 0x1
core   0: 3 0x8001254a (0x00001f17) x30 0x8001354a
core   0: 0x8001254e (0xaa3f2b23) sw      gp, -1354(t5)
core   0: 3 0x8001254e (0xaa3f2b23) mem 0x80013000 0x00000001
core   0: 0x80012552 (0x0000bfe5) c.j     pc - 8
core   0: 3 0x80012552 (0xbfe5)
core   0: 0x8001254a (0x00001f17) auipc   t5, 0x1
core   0: 3 0x8001254a (0x00001f17) x30 0x8001354a
core   0: 0x8001254e (0xaa3f2b23) sw      gp, -1354(t5)
core   0: 3 0x8001254e (0xaa3f2b23) mem 0x80013000 0x00000001
core   0: 0x80012552 (0x0000bfe5) c.j     pc - 8
core   0: 3 0x80012552 (0xbfe5)
core   0: 0x8001254a (0x00001f17) auipc   t5, 0x1
core   0: 3 0x8001254a (0x00001f17) x30 0x8001354a
core   0: 0x8001254e (0xaa3f2b23) sw      gp, -1354(t5)
core   0: 3 0x8001254e (0xaa3f2b23) mem 0x80013000 0x00000001
core   0: 0x80012552 (0x0000bfe5) c.j     pc - 8
core   0: 3 0x80012552 (0xbfe5)
core   0: 0x8001254a (0x00001f17) auipc   t5, 0x1
core   0: 3 0x8001254a (0x00001f17) x30 0x8001354a
core   0: 0x8001254e (0xaa3f2b23) sw      gp, -1354(t5)
core   0: 3 0x8001254e (0xaa3f2b23) mem 0x80013000 0x00000001
core   0: 0x80012552 (0x0000bfe5) c.j     pc - 8
core   0: 3 0x80012552 (0xbfe5)
core   0: 0x8001254a (0x00001f17) auipc   t5, 0x1
core   0: 3 0x8001254a (0x00001f17) x30 0x8001354a
core   0: 0x8001254e (0xaa3f2b23) sw      gp, -1354(t5)
core   0: 3 0x8001254e (0xaa3f2b23) mem 0x80013000 0x00000001
core   0: 0x80012552 (0x0000bfe5) c.j     pc - 8
core   0: 3 0x80012552 (0xbfe5)
core   0: 0x8001254a (0x00001f17) auipc   t5, 0x1
core   0: 3 0x8001254a (0x00001f17) x30 0x8001354a
core   0: 0x8001254e (0xaa3f2b23) sw      gp, -1354(t5)
core   0: 3 0x8001254e (0xaa3f2b23) mem 0x80013000 0x00000001
core   0: 0x80012552 (0x0000bfe5) c.j     pc - 8
core   0: 3 0x80012552 (0xbfe5)
core   0: 0x8001254a (0x00001f17) auipc   t5, 0x1
core   0: 3 0x8001254a (0x00001f17) x30 0x8001354a
core   0: 0x8001254e (0xaa3f2b23) sw      gp, -1354(t5)
core   0: 3 0x8001254e (0xaa3f2b23) mem 0x80013000 0x00000001
core   0: 0x80012552 (0x0000bfe5) c.j     pc - 8
core   0: 3 0x80012552 (0xbfe5)
core   0: 0x8001254a (0x00001f17) auipc   t5, 0x1
core   0: 3 0x8001254a (0x00001f17) x30 0x8001354a
core   0: 0x8001254e (0xaa3f2b23) sw      gp, -1354(t5)
core   0: 3 0x8001254e (0xaa3f2b23) mem 0x80013000 0x00000001
core   0: 0x80012552 (0x0000bfe5) c.j     pc - 8
core   0: 3 0x80012552 (0xbfe5)
core   0: 0x8001254a (0x00001f17) auipc   t5, 0x1
core   0: 3 0x8001254a (0x00001f17) x30 0x8001354a
core   0: 0x8001254e (0xaa3f2b23) sw      gp, -1354(t5)
core   0: 3 0x8001254e (0xaa3f2b23) mem 0x80013000 0x00000001
core   0: 0x80012552 (0x0000bfe5) c.j     pc - 8
core   0: 3 0x80012552 (0xbfe5)
core   0: 0x8001254a (0x00001f17) auipc   t5, 0x1
core   0: 3 0x8001254a (0x00001f17) x30 0x8001354a
core   0: 0x8001254e (0xaa3f2b23) sw      gp, -1354(t5)
core   0: 3 0x8001254e (0xaa3f2b23) mem 0x80013000 0x00000001
core   0: 0x80012552 (0x0000bfe5) c.j     pc - 8
core   0: 3 0x80012552 (0xbfe5)
core   0: 0x8001254a (0x00001f17) auipc   t5, 0x1
core   0: 3 0x8001254a (0x00001f17) x30 0x8001354a
core   0: 0x8001254e (0xaa3f2b23) sw      gp, -1354(t5)
core   0: 3 0x8001254e (0xaa3f2b23) mem 0x80013000 0x00000001
core   0: 0x80012552 (0x0000bfe5) c.j     pc - 8
core   0: 3 0x80012552 (0xbfe5)
core   0: 0x8001254a (0x00001f17) auipc   t5, 0x1
core   0: 3 0x8001254a (0x00001f17) x30 0x8001354a
core   0: 0x8001254e (0xaa3f2b23) sw      gp, -1354(t5)
core   0: 3 0x8001254e (0xaa3f2b23) mem 0x80013000 0x00000001
core   0: 0x80012552 (0x0000bfe5) c.j     pc - 8
core   0: 3 0x80012552 (0xbfe5)
core   0: 0x8001254a (0x00001f17) auipc   t5, 0x1
core   0: 3 0x8001254a (0x00001f17) x30 0x8001354a
core   0: 0x8001254e (0xaa3f2b23) sw      gp, -1354(t5)
core   0: 3 0x8001254e (0xaa3f2b23) mem 0x80013000 0x00000001
core   0: 0x80012552 (0x0000bfe5) c.j     pc - 8
core   0: 3 0x80012552 (0xbfe5)
core   0: 0x8001254a (0x00001f17) auipc   t5, 0x1
core   0: 3 0x8001254a (0x00001f17) x30 0x8001354a
core   0: 0x8001254e (0xaa3f2b23) sw      gp, -1354(t5)
core   0: 3 0x8001254e (0xaa3f2b23) mem 0x80013000 0x00000001
core   0: 0x80012552 (0x0000bfe5) c.j     pc - 8
core   0: 3 0x80012552 (0xbfe5)
core   0: 0x8001254a (0x00001f17) auipc   t5, 0x1
core   0: 3 0x8001254a (0x00001f17) x30 0x8001354a
core   0: 0x8001254e (0xaa3f2b23) sw      gp, -1354(t5)
core   0: 3 0x8001254e (0xaa3f2b23) mem 0x80013000 0x00000001
core   0: 0x80012552 (0x0000bfe5) c.j     pc - 8
core   0: 3 0x80012552 (0xbfe5)
core   0: 0x8001254a (0x00001f17) auipc   t5, 0x1
core   0: 3 0x8001254a (0x00001f17) x30 0x8001354a
core   0: 0x8001254e (0xaa3f2b23) sw      gp, -1354(t5)
core   0: 3 0x8001254e (0xaa3f2b23) mem 0x80013000 0x00000001
core   0: 0x80012552 (0x0000bfe5) c.j     pc - 8
core   0: 3 0x80012552 (0xbfe5)
core   0: 0x8001254a (0x00001f17) auipc   t5, 0x1
core   0: 3 0x8001254a (0x00001f17) x30 0x8001354a
core   0: 0x8001254e (0xaa3f2b23) sw      gp, -1354(t5)
core   0: 3 0x8001254e (0xaa3f2b23) mem 0x80013000 0x00000001
core   0: 0x80012552 (0x0000bfe5) c.j     pc - 8
core   0: 3 0x80012552 (0xbfe5)
core   0: 0x8001254a (0x00001f17) auipc   t5, 0x1
core   0: 3 0x8001254a (0x00001f17) x30 0x8001354a
core   0: 0x8001254e (0xaa3f2b23) sw      gp, -1354(t5)
core   0: 3 0x8001254e (0xaa3f2b23) mem 0x80013000 0x00000001
core   0: 0x80012552 (0x0000bfe5) c.j     pc - 8
core   0: 3 0x80012552 (0xbfe5)
core   0: 0x8001254a (0x00001f17) auipc   t5, 0x1
core   0: 3 0x8001254a (0x00001f17) x30 0x8001354a
core   0: 0x8001254e (0xaa3f2b23) sw      gp, -1354(t5)
core   0: 3 0x8001254e (0xaa3f2b23) mem 0x80013000 0x00000001
core   0: 0x80012552 (0x0000bfe5) c.j     pc - 8
core   0: 3 0x80012552 (0xbfe5)
core   0: 0x8001254a (0x00001f17) auipc   t5, 0x1
core   0: 3 0x8001254a (0x00001f17) x30 0x8001354a
core   0: 0x8001254e (0xaa3f2b23) sw      gp, -1354(t5)
core   0: 3 0x8001254e (0xaa3f2b23) mem 0x80013000 0x00000001
core   0: 0x80012552 (0x0000bfe5) c.j     pc - 8
core   0: 3 0x80012552 (0xbfe5)
core   0: 0x8001254a (0x00001f17) auipc   t5, 0x1
core   0: 3 0x8001254a (0x00001f17) x30 0x8001354a
core   0: 0x8001254e (0xaa3f2b23) sw      gp, -1354(t5)
core   0: 3 0x8001254e (0xaa3f2b23) mem 0x80013000 0x00000001
core   0: 0x80012552 (0x0000bfe5) c.j     pc - 8
core   0: 3 0x80012552 (0xbfe5)
core   0: 0x8001254a (0x00001f17) auipc   t5, 0x1
core   0: 3 0x8001254a (0x00001f17) x30 0x8001354a
core   0: 0x8001254e (0xaa3f2b23) sw      gp, -1354(t5)
core   0: 3 0x8001254e (0xaa3f2b23) mem 0x80013000 0x00000001
core   0: 0x80012552 (0x0000bfe5) c.j     pc - 8
core   0: 3 0x80012552 (0xbfe5)
core   0: 0x8001254a (0x00001f17) auipc   t5, 0x1
core   0: 3 0x8001254a (0x00001f17) x30 0x8001354a
core   0: 0x8001254e (0xaa3f2b23) sw      gp, -1354(t5)
core   0: 3 0x8001254e (0xaa3f2b23) mem 0x80013000 0x00000001
core   0: 0x80012552 (0x0000bfe5) c.j     pc - 8
core   0: 3 0x80012552 (0xbfe5)
core   0: 0x8001254a (0x00001f17) auipc   t5, 0x1
core   0: 3 0x8001254a (0x00001f17) x30 0x8001354a
core   0: 0x8001254e (0xaa3f2b23) sw      gp, -1354(t5)
core   0: 3 0x8001254e (0xaa3f2b23) mem 0x80013000 0x00000001
core   0: 0x80012552 (0x0000bfe5) c.j     pc - 8
core   0: 3 0x80012552 (0xbfe5)
core   0: 0x8001254a (0x00001f17) auipc   t5, 0x1
core   0: 3 0x8001254a (0x00001f17) x30 0x8001354a
core   0: 0x8001254e (0xaa3f2b23) sw      gp, -1354(t5)
core   0: 3 0x8001254e (0xaa3f2b23) mem 0x80013000 0x00000001
core   0: 0x80012552 (0x0000bfe5) c.j     pc - 8
core   0: 3 0x80012552 (0xbfe5)
core   0: 0x8001254a (0x00001f17) auipc   t5, 0x1
core   0: 3 0x8001254a (0x00001f17) x30 0x8001354a
core   0: 0x8001254e (0xaa3f2b23) sw      gp, -1354(t5)
core   0: 3 0x8001254e (0xaa3f2b23) mem 0x80013000 0x00000001
core   0: 0x80012552 (0x0000bfe5) c.j     pc - 8
core   0: 3 0x80012552 (0xbfe5)
core   0: 0x8001254a (0x00001f17) auipc   t5, 0x1
core   0: 3 0x8001254a (0x00001f17) x30 0x8001354a
core   0: 0x8001254e (0xaa3f2b23) sw      gp, -1354(t5)
core   0: 3 0x8001254e (0xaa3f2b23) mem 0x80013000 0x00000001
core   0: 0x80012552 (0x0000bfe5) c.j     pc - 8
core   0: 3 0x80012552 (0xbfe5)
core   0: 0x8001254a (0x00001f17) auipc   t5, 0x1
core   0: 3 0x8001254a (0x00001f17) x30 0x8001354a
core   0: 0x8001254e (0xaa3f2b23) sw      gp, -1354(t5)
core   0: 3 0x8001254e (0xaa3f2b23) mem 0x80013000 0x00000001
core   0: 0x80012552 (0x0000bfe5) c.j     pc - 8
core   0: 3 0x80012552 (0xbfe5)
core   0: 0x8001254a (0x00001f17) auipc   t5, 0x1
core   0: 3 0x8001254a (0x00001f17) x30 0x8001354a
core   0: 0x8001254e (0xaa3f2b23) sw      gp, -1354(t5)
core   0: 3 0x8001254e (0xaa3f2b23) mem 0x80013000 0x00000001
core   0: 0x80012552 (0x0000bfe5) c.j     pc - 8
core   0: 3 0x80012552 (0xbfe5)
core   0: 0x8001254a (0x00001f17) auipc   t5, 0x1
core   0: 3 0x8001254a (0x00001f17) x30 0x8001354a
core   0: 0x8001254e (0xaa3f2b23) sw      gp, -1354(t5)
core   0: 3 0x8001254e (0xaa3f2b23) mem 0x80013000 0x00000001
core   0: 0x80012552 (0x0000bfe5) c.j     pc - 8
core   0: 3 0x80012552 (0xbfe5)
core   0: 0x8001254a (0x00001f17) auipc   t5, 0x1
core   0: 3 0x8001254a (0x00001f17) x30 0x8001354a
core   0: 0x8001254e (0xaa3f2b23) sw      gp, -1354(t5)
core   0: 3 0x8001254e (0xaa3f2b23) mem 0x80013000 0x00000001
core   0: 0x80012552 (0x0000bfe5) c.j     pc - 8
core   0: 3 0x80012552 (0xbfe5)
core   0: 0x8001254a (0x00001f17) auipc   t5, 0x1
core   0: 3 0x8001254a (0x00001f17) x30 0x8001354a
core   0: 0x8001254e (0xaa3f2b23) sw      gp, -1354(t5)
core   0: 3 0x8001254e (0xaa3f2b23) mem 0x80013000 0x00000001
core   0: 0x80012552 (0x0000bfe5) c.j     pc - 8
core   0: 3 0x80012552 (0xbfe5)
core   0: 0x8001254a (0x00001f17) auipc   t5, 0x1
core   0: 3 0x8001254a (0x00001f17) x30 0x8001354a
core   0: 0x8001254e (0xaa3f2b23) sw      gp, -1354(t5)
core   0: 3 0x8001254e (0xaa3f2b23) mem 0x80013000 0x00000001
core   0: 0x80012552 (0x0000bfe5) c.j     pc - 8
core   0: 3 0x80012552 (0xbfe5)
core   0: 0x8001254a (0x00001f17) auipc   t5, 0x1
core   0: 3 0x8001254a (0x00001f17) x30 0x8001354a
core   0: 0x8001254e (0xaa3f2b23) sw      gp, -1354(t5)
core   0: 3 0x8001254e (0xaa3f2b23) mem 0x80013000 0x00000001
core   0: 0x80012552 (0x0000bfe5) c.j     pc - 8
core   0: 3 0x80012552 (0xbfe5)
core   0: 0x8001254a (0x00001f17) auipc   t5, 0x1
core   0: 3 0x8001254a (0x00001f17) x30 0x8001354a
core   0: 0x8001254e (0xaa3f2b23) sw      gp, -1354(t5)
core   0: 3 0x8001254e (0xaa3f2b23) mem 0x80013000 0x00000001
core   0: 0x80012552 (0x0000bfe5) c.j     pc - 8
core   0: 3 0x80012552 (0xbfe5)
core   0: 0x8001254a (0x00001f17) auipc   t5, 0x1
core   0: 3 0x8001254a (0x00001f17) x30 0x8001354a
core   0: 0x8001254e (0xaa3f2b23) sw      gp, -1354(t5)
core   0: 3 0x8001254e (0xaa3f2b23) mem 0x80013000 0x00000001
core   0: 0x80012552 (0x0000bfe5) c.j     pc - 8
core   0: 3 0x80012552 (0xbfe5)
core   0: 0x8001254a (0x00001f17) auipc   t5, 0x1
core   0: 3 0x8001254a (0x00001f17) x30 0x8001354a
core   0: 0x8001254e (0xaa3f2b23) sw      gp, -1354(t5)
core   0: 3 0x8001254e (0xaa3f2b23) mem 0x80013000 0x00000001
core   0: 0x80012552 (0x0000bfe5) c.j     pc - 8
core   0: 3 0x80012552 (0xbfe5)
core   0: 0x8001254a (0x00001f17) auipc   t5, 0x1
core   0: 3 0x8001254a (0x00001f17) x30 0x8001354a
core   0: 0x8001254e (0xaa3f2b23) sw      gp, -1354(t5)
core   0: 3 0x8001254e (0xaa3f2b23) mem 0x80013000 0x00000001
core   0: 0x80012552 (0x0000bfe5) c.j     pc - 8
core   0: 3 0x80012552 (0xbfe5)
core   0: 0x8001254a (0x00001f17) auipc   t5, 0x1
core   0: 3 0x8001254a (0x00001f17) x30 0x8001354a
core   0: 0x8001254e (0xaa3f2b23) sw      gp, -1354(t5)
core   0: 3 0x8001254e (0xaa3f2b23) mem 0x80013000 0x00000001
core   0: 0x80012552 (0x0000bfe5) c.j     pc - 8
core   0: 3 0x80012552 (0xbfe5)
core   0: 0x8001254a (0x00001f17) auipc   t5, 0x1
core   0: 3 0x8001254a (0x00001f17) x30 0x8001354a
core   0: 0x8001254e (0xaa3f2b23) sw      gp, -1354(t5)
core   0: 3 0x8001254e (0xaa3f2b23) mem 0x80013000 0x00000001
core   0: 0x80012552 (0x0000bfe5) c.j     pc - 8
core   0: 3 0x80012552 (0xbfe5)
core   0: 0x8001254a (0x00001f17) auipc   t5, 0x1
core   0: 3 0x8001254a (0x00001f17) x30 0x8001354a
core   0: 0x8001254e (0xaa3f2b23) sw      gp, -1354(t5)
core   0: 3 0x8001254e (0xaa3f2b23) mem 0x80013000 0x00000001
core   0: 0x80012552 (0x0000bfe5) c.j     pc - 8
core   0: 3 0x80012552 (0xbfe5)
core   0: 0x8001254a (0x00001f17) auipc   t5, 0x1
core   0: 3 0x8001254a (0x00001f17) x30 0x8001354a
core   0: 0x8001254e (0xaa3f2b23) sw      gp, -1354(t5)
core   0: 3 0x8001254e (0xaa3f2b23) mem 0x80013000 0x00000001
core   0: 0x80012552 (0x0000bfe5) c.j     pc - 8
core   0: 3 0x80012552 (0xbfe5)
core   0: 0x8001254a (0x00001f17) auipc   t5, 0x1
core   0: 3 0x8001254a (0x00001f17) x30 0x8001354a
core   0: 0x8001254e (0xaa3f2b23) sw      gp, -1354(t5)
core   0: 3 0x8001254e (0xaa3f2b23) mem 0x80013000 0x00000001
core   0: 0x80012552 (0x0000bfe5) c.j     pc - 8
core   0: 3 0x80012552 (0xbfe5)
core   0: 0x8001254a (0x00001f17) auipc   t5, 0x1
core   0: 3 0x8001254a (0x00001f17) x30 0x8001354a
core   0: 0x8001254e (0xaa3f2b23) sw      gp, -1354(t5)
core   0: 3 0x8001254e (0xaa3f2b23) mem 0x80013000 0x00000001
core   0: 0x80012552 (0x0000bfe5) c.j     pc - 8
core   0: 3 0x80012552 (0xbfe5)
core   0: 0x8001254a (0x00001f17) auipc   t5, 0x1
core   0: 3 0x8001254a (0x00001f17) x30 0x8001354a
core   0: 0x8001254e (0xaa3f2b23) sw      gp, -1354(t5)
core   0: 3 0x8001254e (0xaa3f2b23) mem 0x80013000 0x00000001
core   0: 0x80012552 (0x0000bfe5) c.j     pc - 8
core   0: 3 0x80012552 (0xbfe5)
core   0: 0x8001254a (0x00001f17) auipc   t5, 0x1
core   0: 3 0x8001254a (0x00001f17) x30 0x8001354a
core   0: 0x8001254e (0xaa3f2b23) sw      gp, -1354(t5)
core   0: 3 0x8001254e (0xaa3f2b23) mem 0x80013000 0x00000001
core   0: 0x80012552 (0x0000bfe5) c.j     pc - 8
core   0: 3 0x80012552 (0xbfe5)
core   0: 0x8001254a (0x00001f17) auipc   t5, 0x1
core   0: 3 0x8001254a (0x00001f17) x30 0x8001354a
core   0: 0x8001254e (0xaa3f2b23) sw      gp, -1354(t5)
core   0: 3 0x8001254e (0xaa3f2b23) mem 0x80013000 0x00000001
core   0: 0x80012552 (0x0000bfe5) c.j     pc - 8
core   0: 3 0x80012552 (0xbfe5)
core   0: 0x8001254a (0x00001f17) auipc   t5, 0x1
core   0: 3 0x8001254a (0x00001f17) x30 0x8001354a
core   0: 0x8001254e (0xaa3f2b23) sw      gp, -1354(t5)
core   0: 3 0x8001254e (0xaa3f2b23) mem 0x80013000 0x00000001
core   0: 0x80012552 (0x0000bfe5) c.j     pc - 8
core   0: 3 0x80012552 (0xbfe5)
core   0: 0x8001254a (0x00001f17) auipc   t5, 0x1
core   0: 3 0x8001254a (0x00001f17) x30 0x8001354a
core   0: 0x8001254e (0xaa3f2b23) sw      gp, -1354(t5)
core   0: 3 0x8001254e (0xaa3f2b23) mem 0x80013000 0x00000001
core   0: 0x80012552 (0x0000bfe5) c.j     pc - 8
core   0: 3 0x80012552 (0xbfe5)
core   0: 0x8001254a (0x00001f17) auipc   t5, 0x1
core   0: 3 0x8001254a (0x00001f17) x30 0x8001354a
core   0: 0x8001254e (0xaa3f2b23) sw      gp, -1354(t5)
core   0: 3 0x8001254e (0xaa3f2b23) mem 0x80013000 0x00000001
core   0: 0x80012552 (0x0000bfe5) c.j     pc - 8
core   0: 3 0x80012552 (0xbfe5)
core   0: 0x8001254a (0x00001f17) auipc   t5, 0x1
core   0: 3 0x8001254a (0x00001f17) x30 0x8001354a
core   0: 0x8001254e (0xaa3f2b23) sw      gp, -1354(t5)
core   0: 3 0x8001254e (0xaa3f2b23) mem 0x80013000 0x00000001
core   0: 0x80012552 (0x0000bfe5) c.j     pc - 8
core   0: 3 0x80012552 (0xbfe5)
core   0: 0x8001254a (0x00001f17) auipc   t5, 0x1
core   0: 3 0x8001254a (0x00001f17) x30 0x8001354a
core   0: 0x8001254e (0xaa3f2b23) sw      gp, -1354(t5)
core   0: 3 0x8001254e (0xaa3f2b23) mem 0x80013000 0x00000001
core   0: 0x80012552 (0x0000bfe5) c.j     pc - 8
core   0: 3 0x80012552 (0xbfe5)
core   0: 0x8001254a (0x00001f17) auipc   t5, 0x1
core   0: 3 0x8001254a (0x00001f17) x30 0x8001354a
core   0: 0x8001254e (0xaa3f2b23) sw      gp, -1354(t5)
core   0: 3 0x8001254e (0xaa3f2b23) mem 0x80013000 0x00000001
core   0: 0x80012552 (0x0000bfe5) c.j     pc - 8
core   0: 3 0x80012552 (0xbfe5)
core   0: 0x8001254a (0x00001f17) auipc   t5, 0x1
core   0: 3 0x8001254a (0x00001f17) x30 0x8001354a
core   0: 0x8001254e (0xaa3f2b23) sw      gp, -1354(t5)
core   0: 3 0x8001254e (0xaa3f2b23) mem 0x80013000 0x00000001
core   0: 0x80012552 (0x0000bfe5) c.j     pc - 8
core   0: 3 0x80012552 (0xbfe5)
core   0: 0x8001254a (0x00001f17) auipc   t5, 0x1
core   0: 3 0x8001254a (0x00001f17) x30 0x8001354a
core   0: 0x8001254e (0xaa3f2b23) sw      gp, -1354(t5)
core   0: 3 0x8001254e (0xaa3f2b23) mem 0x80013000 0x00000001
core   0: 0x80012552 (0x0000bfe5) c.j     pc - 8
core   0: 3 0x80012552 (0xbfe5)
core   0: 0x8001254a (0x00001f17) auipc   t5, 0x1
core   0: 3 0x8001254a (0x00001f17) x30 0x8001354a
core   0: 0x8001254e (0xaa3f2b23) sw      gp, -1354(t5)
core   0: 3 0x8001254e (0xaa3f2b23) mem 0x80013000 0x00000001
core   0: 0x80012552 (0x0000bfe5) c.j     pc - 8
core   0: 3 0x80012552 (0xbfe5)
core   0: 0x8001254a (0x00001f17) auipc   t5, 0x1
core   0: 3 0x8001254a (0x00001f17) x30 0x8001354a
core   0: 0x8001254e (0xaa3f2b23) sw      gp, -1354(t5)
core   0: 3 0x8001254e (0xaa3f2b23) mem 0x80013000 0x00000001
core   0: 0x80012552 (0x0000bfe5) c.j     pc - 8
core   0: 3 0x80012552 (0xbfe5)
core   0: 0x8001254a (0x00001f17) auipc   t5, 0x1
core   0: 3 0x8001254a (0x00001f17) x30 0x8001354a
core   0: 0x8001254e (0xaa3f2b23) sw      gp, -1354(t5)
core   0: 3 0x8001254e (0xaa3f2b23) mem 0x80013000 0x00000001
core   0: 0x80012552 (0x0000bfe5) c.j     pc - 8
core   0: 3 0x80012552 (0xbfe5)
core   0: 0x8001254a (0x00001f17) auipc   t5, 0x1
core   0: 3 0x8001254a (0x00001f17) x30 0x8001354a
core   0: 0x8001254e (0xaa3f2b23) sw      gp, -1354(t5)
core   0: 3 0x8001254e (0xaa3f2b23) mem 0x80013000 0x00000001
core   0: 0x80012552 (0x0000bfe5) c.j     pc - 8
core   0: 3 0x80012552 (0xbfe5)
core   0: 0x8001254a (0x00001f17) auipc   t5, 0x1
core   0: 3 0x8001254a (0x00001f17) x30 0x8001354a
core   0: 0x8001254e (0xaa3f2b23) sw      gp, -1354(t5)
core   0: 3 0x8001254e (0xaa3f2b23) mem 0x80013000 0x00000001
core   0: 0x80012552 (0x0000bfe5) c.j     pc - 8
core   0: 3 0x80012552 (0xbfe5)
core   0: 0x8001254a (0x00001f17) auipc   t5, 0x1
core   0: 3 0x8001254a (0x00001f17) x30 0x8001354a
core   0: 0x8001254e (0xaa3f2b23) sw      gp, -1354(t5)
core   0: 3 0x8001254e (0xaa3f2b23) mem 0x80013000 0x00000001
core   0: 0x80012552 (0x0000bfe5) c.j     pc - 8
core   0: 3 0x80012552 (0xbfe5)
core   0: 0x8001254a (0x00001f17) auipc   t5, 0x1
core   0: 3 0x8001254a (0x00001f17) x30 0x8001354a
core   0: 0x8001254e (0xaa3f2b23) sw      gp, -1354(t5)
core   0: 3 0x8001254e (0xaa3f2b23) mem 0x80013000 0x00000001
core   0: 0x80012552 (0x0000bfe5) c.j     pc - 8
core   0: 3 0x80012552 (0xbfe5)
core   0: 0x8001254a (0x00001f17) auipc   t5, 0x1
core   0: 3 0x8001254a (0x00001f17) x30 0x8001354a
core   0: 0x8001254e (0xaa3f2b23) sw      gp, -1354(t5)
core   0: 3 0x8001254e (0xaa3f2b23) mem 0x80013000 0x00000001
core   0: 0x80012552 (0x0000bfe5) c.j     pc - 8
core   0: 3 0x80012552 (0xbfe5)
core   0: 0x8001254a (0x00001f17) auipc   t5, 0x1
core   0: 3 0x8001254a (0x00001f17) x30 0x8001354a
core   0: 0x8001254e (0xaa3f2b23) sw      gp, -1354(t5)
core   0: 3 0x8001254e (0xaa3f2b23) mem 0x80013000 0x00000001
core   0: 0x80012552 (0x0000bfe5) c.j     pc - 8
core   0: 3 0x80012552 (0xbfe5)
core   0: 0x8001254a (0x00001f17) auipc   t5, 0x1
core   0: 3 0x8001254a (0x00001f17) x30 0x8001354a
core   0: 0x8001254e (0xaa3f2b23) sw      gp, -1354(t5)
core   0: 3 0x8001254e (0xaa3f2b23) mem 0x80013000 0x00000001
core   0: 0x80012552 (0x0000bfe5) c.j     pc - 8
core   0: 3 0x80012552 (0xbfe5)
core   0: 0x8001254a (0x00001f17) auipc   t5, 0x1
core   0: 3 0x8001254a (0x00001f17) x30 0x8001354a
core   0: 0x8001254e (0xaa3f2b23) sw      gp, -1354(t5)
core   0: 3 0x8001254e (0xaa3f2b23) mem 0x80013000 0x00000001
core   0: 0x80012552 (0x0000bfe5) c.j     pc - 8
core   0: 3 0x80012552 (0xbfe5)
core   0: 0x8001254a (0x00001f17) auipc   t5, 0x1
core   0: 3 0x8001254a (0x00001f17) x30 0x8001354a
core   0: 0x8001254e (0xaa3f2b23) sw      gp, -1354(t5)
core   0: 3 0x8001254e (0xaa3f2b23) mem 0x80013000 0x00000001
core   0: 0x80012552 (0x0000bfe5) c.j     pc - 8
core   0: 3 0x80012552 (0xbfe5)
core   0: 0x8001254a (0x00001f17) auipc   t5, 0x1
core   0: 3 0x8001254a (0x00001f17) x30 0x8001354a
core   0: 0x8001254e (0xaa3f2b23) sw      gp, -1354(t5)
core   0: 3 0x8001254e (0xaa3f2b23) mem 0x80013000 0x00000001
core   0: 0x80012552 (0x0000bfe5) c.j     pc - 8
core   0: 3 0x80012552 (0xbfe5)
core   0: 0x8001254a (0x00001f17) auipc   t5, 0x1
core   0: 3 0x8001254a (0x00001f17) x30 0x8001354a
core   0: 0x8001254e (0xaa3f2b23) sw      gp, -1354(t5)
core   0: 3 0x8001254e (0xaa3f2b23) mem 0x80013000 0x00000001
core   0: 0x80012552 (0x0000bfe5) c.j     pc - 8
core   0: 3 0x80012552 (0xbfe5)
core   0: 0x8001254a (0x00001f17) auipc   t5, 0x1
core   0: 3 0x8001254a (0x00001f17) x30 0x8001354a
core   0: 0x8001254e (0xaa3f2b23) sw      gp, -1354(t5)
core   0: 3 0x8001254e (0xaa3f2b23) mem 0x80013000 0x00000001
core   0: 0x80012552 (0x0000bfe5) c.j     pc - 8
core   0: 3 0x80012552 (0xbfe5)
core   0: 0x8001254a (0x00001f17) auipc   t5, 0x1
core   0: 3 0x8001254a (0x00001f17) x30 0x8001354a
core   0: 0x8001254e (0xaa3f2b23) sw      gp, -1354(t5)
core   0: 3 0x8001254e (0xaa3f2b23) mem 0x80013000 0x00000001
core   0: 0x80012552 (0x0000bfe5) c.j     pc - 8
core   0: 3 0x80012552 (0xbfe5)
core   0: 0x8001254a (0x00001f17) auipc   t5, 0x1
core   0: 3 0x8001254a (0x00001f17) x30 0x8001354a
core   0: 0x8001254e (0xaa3f2b23) sw      gp, -1354(t5)
core   0: 3 0x8001254e (0xaa3f2b23) mem 0x80013000 0x00000001
core   0: 0x80012552 (0x0000bfe5) c.j     pc - 8
core   0: 3 0x80012552 (0xbfe5)
core   0: 0x8001254a (0x00001f17) auipc   t5, 0x1
core   0: 3 0x8001254a (0x00001f17) x30 0x8001354a
core   0: 0x8001254e (0xaa3f2b23) sw      gp, -1354(t5)
core   0: 3 0x8001254e (0xaa3f2b23) mem 0x80013000 0x00000001
core   0: 0x80012552 (0x0000bfe5) c.j     pc - 8
core   0: 3 0x80012552 (0xbfe5)
core   0: 0x8001254a (0x00001f17) auipc   t5, 0x1
core   0: 3 0x8001254a (0x00001f17) x30 0x8001354a
core   0: 0x8001254e (0xaa3f2b23) sw      gp, -1354(t5)
core   0: 3 0x8001254e (0xaa3f2b23) mem 0x80013000 0x00000001
core   0: 0x80012552 (0x0000bfe5) c.j     pc - 8
core   0: 3 0x80012552 (0xbfe5)
core   0: 0x8001254a (0x00001f17) auipc   t5, 0x1
core   0: 3 0x8001254a (0x00001f17) x30 0x8001354a
core   0: 0x8001254e (0xaa3f2b23) sw      gp, -1354(t5)
core   0: 3 0x8001254e (0xaa3f2b23) mem 0x80013000 0x00000001
core   0: 0x80012552 (0x0000bfe5) c.j     pc - 8
core   0: 3 0x80012552 (0xbfe5)
core   0: 0x8001254a (0x00001f17) auipc   t5, 0x1
core   0: 3 0x8001254a (0x00001f17) x30 0x8001354a
core   0: 0x8001254e (0xaa3f2b23) sw      gp, -1354(t5)
core   0: 3 0x8001254e (0xaa3f2b23) mem 0x80013000 0x00000001
core   0: 0x80012552 (0x0000bfe5) c.j     pc - 8
core   0: 3 0x80012552 (0xbfe5)
core   0: 0x8001254a (0x00001f17) auipc   t5, 0x1
core   0: 3 0x8001254a (0x00001f17) x30 0x8001354a
core   0: 0x8001254e (0xaa3f2b23) sw      gp, -1354(t5)
core   0: 3 0x8001254e (0xaa3f2b23) mem 0x80013000 0x00000001
core   0: 0x80012552 (0x0000bfe5) c.j     pc - 8
core   0: 3 0x80012552 (0xbfe5)
core   0: 0x8001254a (0x00001f17) auipc   t5, 0x1
core   0: 3 0x8001254a (0x00001f17) x30 0x8001354a
core   0: 0x8001254e (0xaa3f2b23) sw      gp, -1354(t5)
core   0: 3 0x8001254e (0xaa3f2b23) mem 0x80013000 0x00000001
core   0: 0x80012552 (0x0000bfe5) c.j     pc - 8
core   0: 3 0x80012552 (0xbfe5)
core   0: 0x8001254a (0x00001f17) auipc   t5, 0x1
core   0: 3 0x8001254a (0x00001f17) x30 0x8001354a
core   0: 0x8001254e (0xaa3f2b23) sw      gp, -1354(t5)
core   0: 3 0x8001254e (0xaa3f2b23) mem 0x80013000 0x00000001
core   0: 0x80012552 (0x0000bfe5) c.j     pc - 8
core   0: 3 0x80012552 (0xbfe5)
core   0: 0x8001254a (0x00001f17) auipc   t5, 0x1
core   0: 3 0x8001254a (0x00001f17) x30 0x8001354a
core   0: 0x8001254e (0xaa3f2b23) sw      gp, -1354(t5)
core   0: 3 0x8001254e (0xaa3f2b23) mem 0x80013000 0x00000001
core   0: 0x80012552 (0x0000bfe5) c.j     pc - 8
core   0: 3 0x80012552 (0xbfe5)
core   0: 0x8001254a (0x00001f17) auipc   t5, 0x1
core   0: 3 0x8001254a (0x00001f17) x30 0x8001354a
core   0: 0x8001254e (0xaa3f2b23) sw      gp, -1354(t5)
core   0: 3 0x8001254e (0xaa3f2b23) mem 0x80013000 0x00000001
core   0: 0x80012552 (0x0000bfe5) c.j     pc - 8
core   0: 3 0x80012552 (0xbfe5)
core   0: 0x8001254a (0x00001f17) auipc   t5, 0x1
core   0: 3 0x8001254a (0x00001f17) x30 0x8001354a
core   0: 0x8001254e (0xaa3f2b23) sw      gp, -1354(t5)
core   0: 3 0x8001254e (0xaa3f2b23) mem 0x80013000 0x00000001
core   0: 0x80012552 (0x0000bfe5) c.j     pc - 8
core   0: 3 0x80012552 (0xbfe5)
core   0: 0x8001254a (0x00001f17) auipc   t5, 0x1
core   0: 3 0x8001254a (0x00001f17) x30 0x8001354a
core   0: 0x8001254e (0xaa3f2b23) sw      gp, -1354(t5)
core   0: 3 0x8001254e (0xaa3f2b23) mem 0x80013000 0x00000001
core   0: 0x80012552 (0x0000bfe5) c.j     pc - 8
core   0: 3 0x80012552 (0xbfe5)
core   0: 0x8001254a (0x00001f17) auipc   t5, 0x1
core   0: 3 0x8001254a (0x00001f17) x30 0x8001354a
core   0: 0x8001254e (0xaa3f2b23) sw      gp, -1354(t5)
core   0: 3 0x8001254e (0xaa3f2b23) mem 0x80013000 0x00000001
core   0: 0x80012552 (0x0000bfe5) c.j     pc - 8
core   0: 3 0x80012552 (0xbfe5)
core   0: 0x8001254a (0x00001f17) auipc   t5, 0x1
core   0: 3 0x8001254a (0x00001f17) x30 0x8001354a
core   0: 0x8001254e (0xaa3f2b23) sw      gp, -1354(t5)
core   0: 3 0x8001254e (0xaa3f2b23) mem 0x80013000 0x00000001
core   0: 0x80012552 (0x0000bfe5) c.j     pc - 8
core   0: 3 0x80012552 (0xbfe5)
core   0: 0x8001254a (0x00001f17) auipc   t5, 0x1
core   0: 3 0x8001254a (0x00001f17) x30 0x8001354a
core   0: 0x8001254e (0xaa3f2b23) sw      gp, -1354(t5)
core   0: 3 0x8001254e (0xaa3f2b23) mem 0x80013000 0x00000001
core   0: 0x80012552 (0x0000bfe5) c.j     pc - 8
core   0: 3 0x80012552 (0xbfe5)
core   0: 0x8001254a (0x00001f17) auipc   t5, 0x1
core   0: 3 0x8001254a (0x00001f17) x30 0x8001354a
core   0: 0x8001254e (0xaa3f2b23) sw      gp, -1354(t5)
core   0: 3 0x8001254e (0xaa3f2b23) mem 0x80013000 0x00000001
core   0: 0x80012552 (0x0000bfe5) c.j     pc - 8
core   0: 3 0x80012552 (0xbfe5)
core   0: 0x8001254a (0x00001f17) auipc   t5, 0x1
core   0: 3 0x8001254a (0x00001f17) x30 0x8001354a
core   0: 0x8001254e (0xaa3f2b23) sw      gp, -1354(t5)
core   0: 3 0x8001254e (0xaa3f2b23) mem 0x80013000 0x00000001
core   0: 0x80012552 (0x0000bfe5) c.j     pc - 8
core   0: 3 0x80012552 (0xbfe5)
core   0: 0x8001254a (0x00001f17) auipc   t5, 0x1
core   0: 3 0x8001254a (0x00001f17) x30 0x8001354a
core   0: 0x8001254e (0xaa3f2b23) sw      gp, -1354(t5)
core   0: 3 0x8001254e (0xaa3f2b23) mem 0x80013000 0x00000001
core   0: 0x80012552 (0x0000bfe5) c.j     pc - 8
core   0: 3 0x80012552 (0xbfe5)
core   0: 0x8001254a (0x00001f17) auipc   t5, 0x1
core   0: 3 0x8001254a (0x00001f17) x30 0x8001354a
core   0: 0x8001254e (0xaa3f2b23) sw      gp, -1354(t5)
core   0: 3 0x8001254e (0xaa3f2b23) mem 0x80013000 0x00000001
core   0: 0x80012552 (0x0000bfe5) c.j     pc - 8
core   0: 3 0x80012552 (0xbfe5)
core   0: 0x8001254a (0x00001f17) auipc   t5, 0x1
core   0: 3 0x8001254a (0x00001f17) x30 0x8001354a
core   0: 0x8001254e (0xaa3f2b23) sw      gp, -1354(t5)
core   0: 3 0x8001254e (0xaa3f2b23) mem 0x80013000 0x00000001
core   0: 0x80012552 (0x0000bfe5) c.j     pc - 8
core   0: 3 0x80012552 (0xbfe5)
core   0: 0x8001254a (0x00001f17) auipc   t5, 0x1
core   0: 3 0x8001254a (0x00001f17) x30 0x8001354a
core   0: 0x8001254e (0xaa3f2b23) sw      gp, -1354(t5)
core   0: 3 0x8001254e (0xaa3f2b23) mem 0x80013000 0x00000001
core   0: 0x80012552 (0x0000bfe5) c.j     pc - 8
core   0: 3 0x80012552 (0xbfe5)
core   0: 0x8001254a (0x00001f17) auipc   t5, 0x1
core   0: 3 0x8001254a (0x00001f17) x30 0x8001354a
core   0: 0x8001254e (0xaa3f2b23) sw      gp, -1354(t5)
core   0: 3 0x8001254e (0xaa3f2b23) mem 0x80013000 0x00000001
core   0: 0x80012552 (0x0000bfe5) c.j     pc - 8
core   0: 3 0x80012552 (0xbfe5)
core   0: 0x8001254a (0x00001f17) auipc   t5, 0x1
core   0: 3 0x8001254a (0x00001f17) x30 0x8001354a
core   0: 0x8001254e (0xaa3f2b23) sw      gp, -1354(t5)
core   0: 3 0x8001254e (0xaa3f2b23) mem 0x80013000 0x00000001
core   0: 0x80012552 (0x0000bfe5) c.j     pc - 8
core   0: 3 0x80012552 (0xbfe5)
core   0: 0x8001254a (0x00001f17) auipc   t5, 0x1
core   0: 3 0x8001254a (0x00001f17) x30 0x8001354a
core   0: 0x8001254e (0xaa3f2b23) sw      gp, -1354(t5)
core   0: 3 0x8001254e (0xaa3f2b23) mem 0x80013000 0x00000001
core   0: 0x80012552 (0x0000bfe5) c.j     pc - 8
core   0: 3 0x80012552 (0xbfe5)
core   0: 0x8001254a (0x00001f17) auipc   t5, 0x1
core   0: 3 0x8001254a (0x00001f17) x30 0x8001354a
core   0: 0x8001254e (0xaa3f2b23) sw      gp, -1354(t5)
core   0: 3 0x8001254e (0xaa3f2b23) mem 0x80013000 0x00000001
core   0: 0x80012552 (0x0000bfe5) c.j     pc - 8
core   0: 3 0x80012552 (0xbfe5)
core   0: 0x8001254a (0x00001f17) auipc   t5, 0x1
core   0: 3 0x8001254a (0x00001f17) x30 0x8001354a
core   0: 0x8001254e (0xaa3f2b23) sw      gp, -1354(t5)
core   0: 3 0x8001254e (0xaa3f2b23) mem 0x80013000 0x00000001
core   0: 0x80012552 (0x0000bfe5) c.j     pc - 8
core   0: 3 0x80012552 (0xbfe5)
core   0: 0x8001254a (0x00001f17) auipc   t5, 0x1
core   0: 3 0x8001254a (0x00001f17) x30 0x8001354a
core   0: 0x8001254e (0xaa3f2b23) sw      gp, -1354(t5)
core   0: 3 0x8001254e (0xaa3f2b23) mem 0x80013000 0x00000001
core   0: 0x80012552 (0x0000bfe5) c.j     pc - 8
core   0: 3 0x80012552 (0xbfe5)
core   0: 0x8001254a (0x00001f17) auipc   t5, 0x1
core   0: 3 0x8001254a (0x00001f17) x30 0x8001354a
core   0: 0x8001254e (0xaa3f2b23) sw      gp, -1354(t5)
core   0: 3 0x8001254e (0xaa3f2b23) mem 0x80013000 0x00000001
core   0: 0x80012552 (0x0000bfe5) c.j     pc - 8
core   0: 3 0x80012552 (0xbfe5)
core   0: 0x8001254a (0x00001f17) auipc   t5, 0x1
core   0: 3 0x8001254a (0x00001f17) x30 0x8001354a
core   0: 0x8001254e (0xaa3f2b23) sw      gp, -1354(t5)
core   0: 3 0x8001254e (0xaa3f2b23) mem 0x80013000 0x00000001
core   0: 0x80012552 (0x0000bfe5) c.j     pc - 8
core   0: 3 0x80012552 (0xbfe5)
core   0: 0x8001254a (0x00001f17) auipc   t5, 0x1
core   0: 3 0x8001254a (0x00001f17) x30 0x8001354a
core   0: 0x8001254e (0xaa3f2b23) sw      gp, -1354(t5)
core   0: 3 0x8001254e (0xaa3f2b23) mem 0x80013000 0x00000001
core   0: 0x80012552 (0x0000bfe5) c.j     pc - 8
core   0: 3 0x80012552 (0xbfe5)
core   0: 0x8001254a (0x00001f17) auipc   t5, 0x1
core   0: 3 0x8001254a (0x00001f17) x30 0x8001354a
core   0: 0x8001254e (0xaa3f2b23) sw      gp, -1354(t5)
core   0: 3 0x8001254e (0xaa3f2b23) mem 0x80013000 0x00000001
core   0: 0x80012552 (0x0000bfe5) c.j     pc - 8
core   0: 3 0x80012552 (0xbfe5)
core   0: 0x8001254a (0x00001f17) auipc   t5, 0x1
core   0: 3 0x8001254a (0x00001f17) x30 0x8001354a
core   0: 0x8001254e (0xaa3f2b23) sw      gp, -1354(t5)
core   0: 3 0x8001254e (0xaa3f2b23) mem 0x80013000 0x00000001
core   0: 0x80012552 (0x0000bfe5) c.j     pc - 8
core   0: 3 0x80012552 (0xbfe5)
core   0: 0x8001254a (0x00001f17) auipc   t5, 0x1
core   0: 3 0x8001254a (0x00001f17) x30 0x8001354a
core   0: 0x8001254e (0xaa3f2b23) sw      gp, -1354(t5)
core   0: 3 0x8001254e (0xaa3f2b23) mem 0x80013000 0x00000001
core   0: 0x80012552 (0x0000bfe5) c.j     pc - 8
core   0: 3 0x80012552 (0xbfe5)
core   0: 0x8001254a (0x00001f17) auipc   t5, 0x1
core   0: 3 0x8001254a (0x00001f17) x30 0x8001354a
core   0: 0x8001254e (0xaa3f2b23) sw      gp, -1354(t5)
core   0: 3 0x8001254e (0xaa3f2b23) mem 0x80013000 0x00000001
core   0: 0x80012552 (0x0000bfe5) c.j     pc - 8
core   0: 3 0x80012552 (0xbfe5)
core   0: 0x8001254a (0x00001f17) auipc   t5, 0x1
core   0: 3 0x8001254a (0x00001f17) x30 0x8001354a
core   0: 0x8001254e (0xaa3f2b23) sw      gp, -1354(t5)
core   0: 3 0x8001254e (0xaa3f2b23) mem 0x80013000 0x00000001
core   0: 0x80012552 (0x0000bfe5) c.j     pc - 8
core   0: 3 0x80012552 (0xbfe5)
core   0: 0x8001254a (0x00001f17) auipc   t5, 0x1
core   0: 3 0x8001254a (0x00001f17) x30 0x8001354a
core   0: 0x8001254e (0xaa3f2b23) sw      gp, -1354(t5)
core   0: 3 0x8001254e (0xaa3f2b23) mem 0x80013000 0x00000001
core   0: 0x80012552 (0x0000bfe5) c.j     pc - 8
core   0: 3 0x80012552 (0xbfe5)
core   0: 0x8001254a (0x00001f17) auipc   t5, 0x1
core   0: 3 0x8001254a (0x00001f17) x30 0x8001354a
core   0: 0x8001254e (0xaa3f2b23) sw      gp, -1354(t5)
core   0: 3 0x8001254e (0xaa3f2b23) mem 0x80013000 0x00000001
core   0: 0x80012552 (0x0000bfe5) c.j     pc - 8
core   0: 3 0x80012552 (0xbfe5)
core   0: 0x8001254a (0x00001f17) auipc   t5, 0x1
core   0: 3 0x8001254a (0x00001f17) x30 0x8001354a
core   0: 0x8001254e (0xaa3f2b23) sw      gp, -1354(t5)
core   0: 3 0x8001254e (0xaa3f2b23) mem 0x80013000 0x00000001
core   0: 0x80012552 (0x0000bfe5) c.j     pc - 8
core   0: 3 0x80012552 (0xbfe5)
core   0: 0x8001254a (0x00001f17) auipc   t5, 0x1
core   0: 3 0x8001254a (0x00001f17) x30 0x8001354a
core   0: 0x8001254e (0xaa3f2b23) sw      gp, -1354(t5)
core   0: 3 0x8001254e (0xaa3f2b23) mem 0x80013000 0x00000001
core   0: 0x80012552 (0x0000bfe5) c.j     pc - 8
core   0: 3 0x80012552 (0xbfe5)
core   0: 0x8001254a (0x00001f17) auipc   t5, 0x1
core   0: 3 0x8001254a (0x00001f17) x30 0x8001354a
core   0: 0x8001254e (0xaa3f2b23) sw      gp, -1354(t5)
core   0: 3 0x8001254e (0xaa3f2b23) mem 0x80013000 0x00000001
core   0: 0x80012552 (0x0000bfe5) c.j     pc - 8
core   0: 3 0x80012552 (0xbfe5)
core   0: 0x8001254a (0x00001f17) auipc   t5, 0x1
core   0: 3 0x8001254a (0x00001f17) x30 0x8001354a
core   0: 0x8001254e (0xaa3f2b23) sw      gp, -1354(t5)
core   0: 3 0x8001254e (0xaa3f2b23) mem 0x80013000 0x00000001
core   0: 0x80012552 (0x0000bfe5) c.j     pc - 8
core   0: 3 0x80012552 (0xbfe5)
core   0: 0x8001254a (0x00001f17) auipc   t5, 0x1
core   0: 3 0x8001254a (0x00001f17) x30 0x8001354a
core   0: 0x8001254e (0xaa3f2b23) sw      gp, -1354(t5)
core   0: 3 0x8001254e (0xaa3f2b23) mem 0x80013000 0x00000001
core   0: 0x80012552 (0x0000bfe5) c.j     pc - 8
core   0: 3 0x80012552 (0xbfe5)
core   0: 0x8001254a (0x00001f17) auipc   t5, 0x1
core   0: 3 0x8001254a (0x00001f17) x30 0x8001354a
core   0: 0x8001254e (0xaa3f2b23) sw      gp, -1354(t5)
core   0: 3 0x8001254e (0xaa3f2b23) mem 0x80013000 0x00000001
core   0: 0x80012552 (0x0000bfe5) c.j     pc - 8
core   0: 3 0x80012552 (0xbfe5)
core   0: 0x8001254a (0x00001f17) auipc   t5, 0x1
core   0: 3 0x8001254a (0x00001f17) x30 0x8001354a
core   0: 0x8001254e (0xaa3f2b23) sw      gp, -1354(t5)
core   0: 3 0x8001254e (0xaa3f2b23) mem 0x80013000 0x00000001
core   0: 0x80012552 (0x0000bfe5) c.j     pc - 8
core   0: 3 0x80012552 (0xbfe5)
core   0: 0x8001254a (0x00001f17) auipc   t5, 0x1
core   0: 3 0x8001254a (0x00001f17) x30 0x8001354a
core   0: 0x8001254e (0xaa3f2b23) sw      gp, -1354(t5)
core   0: 3 0x8001254e (0xaa3f2b23) mem 0x80013000 0x00000001
core   0: 0x80012552 (0x0000bfe5) c.j     pc - 8
core   0: 3 0x80012552 (0xbfe5)
core   0: 0x8001254a (0x00001f17) auipc   t5, 0x1
core   0: 3 0x8001254a (0x00001f17) x30 0x8001354a
core   0: 0x8001254e (0xaa3f2b23) sw      gp, -1354(t5)
core   0: 3 0x8001254e (0xaa3f2b23) mem 0x80013000 0x00000001
core   0: 0x80012552 (0x0000bfe5) c.j     pc - 8
core   0: 3 0x80012552 (0xbfe5)
core   0: 0x8001254a (0x00001f17) auipc   t5, 0x1
core   0: 3 0x8001254a (0x00001f17) x30 0x8001354a
core   0: 0x8001254e (0xaa3f2b23) sw      gp, -1354(t5)
core   0: 3 0x8001254e (0xaa3f2b23) mem 0x80013000 0x00000001
core   0: 0x80012552 (0x0000bfe5) c.j     pc - 8
core   0: 3 0x80012552 (0xbfe5)
core   0: 0x8001254a (0x00001f17) auipc   t5, 0x1
core   0: 3 0x8001254a (0x00001f17) x30 0x8001354a
core   0: 0x8001254e (0xaa3f2b23) sw      gp, -1354(t5)
core   0: 3 0x8001254e (0xaa3f2b23) mem 0x80013000 0x00000001
core   0: 0x80012552 (0x0000bfe5) c.j     pc - 8
core   0: 3 0x80012552 (0xbfe5)
core   0: 0x8001254a (0x00001f17) auipc   t5, 0x1
core   0: 3 0x8001254a (0x00001f17) x30 0x8001354a
core   0: 0x8001254e (0xaa3f2b23) sw      gp, -1354(t5)
core   0: 3 0x8001254e (0xaa3f2b23) mem 0x80013000 0x00000001
core   0: 0x80012552 (0x0000bfe5) c.j     pc - 8
core   0: 3 0x80012552 (0xbfe5)
core   0: 0x8001254a (0x00001f17) auipc   t5, 0x1
core   0: 3 0x8001254a (0x00001f17) x30 0x8001354a
core   0: 0x8001254e (0xaa3f2b23) sw      gp, -1354(t5)
core   0: 3 0x8001254e (0xaa3f2b23) mem 0x80013000 0x00000001
core   0: 0x80012552 (0x0000bfe5) c.j     pc - 8
core   0: 3 0x80012552 (0xbfe5)
core   0: 0x8001254a (0x00001f17) auipc   t5, 0x1
core   0: 3 0x8001254a (0x00001f17) x30 0x8001354a
core   0: 0x8001254e (0xaa3f2b23) sw      gp, -1354(t5)
core   0: 3 0x8001254e (0xaa3f2b23) mem 0x80013000 0x00000001
core   0: 0x80012552 (0x0000bfe5) c.j     pc - 8
core   0: 3 0x80012552 (0xbfe5)
core   0: 0x8001254a (0x00001f17) auipc   t5, 0x1
core   0: 3 0x8001254a (0x00001f17) x30 0x8001354a
core   0: 0x8001254e (0xaa3f2b23) sw      gp, -1354(t5)
core   0: 3 0x8001254e (0xaa3f2b23) mem 0x80013000 0x00000001
core   0: 0x80012552 (0x0000bfe5) c.j     pc - 8
core   0: 3 0x80012552 (0xbfe5)
core   0: 0x8001254a (0x00001f17) auipc   t5, 0x1
core   0: 3 0x8001254a (0x00001f17) x30 0x8001354a
core   0: 0x8001254e (0xaa3f2b23) sw      gp, -1354(t5)
core   0: 3 0x8001254e (0xaa3f2b23) mem 0x80013000 0x00000001
core   0: 0x80012552 (0x0000bfe5) c.j     pc - 8
core   0: 3 0x80012552 (0xbfe5)
core   0: 0x8001254a (0x00001f17) auipc   t5, 0x1
core   0: 3 0x8001254a (0x00001f17) x30 0x8001354a
core   0: 0x8001254e (0xaa3f2b23) sw      gp, -1354(t5)
core   0: 3 0x8001254e (0xaa3f2b23) mem 0x80013000 0x00000001
core   0: 0x80012552 (0x0000bfe5) c.j     pc - 8
core   0: 3 0x80012552 (0xbfe5)
core   0: 0x8001254a (0x00001f17) auipc   t5, 0x1
core   0: 3 0x8001254a (0x00001f17) x30 0x8001354a
core   0: 0x8001254e (0xaa3f2b23) sw      gp, -1354(t5)
core   0: 3 0x8001254e (0xaa3f2b23) mem 0x80013000 0x00000001
core   0: 0x80012552 (0x0000bfe5) c.j     pc - 8
core   0: 3 0x80012552 (0xbfe5)
core   0: 0x8001254a (0x00001f17) auipc   t5, 0x1
core   0: 3 0x8001254a (0x00001f17) x30 0x8001354a
core   0: 0x8001254e (0xaa3f2b23) sw      gp, -1354(t5)
core   0: 3 0x8001254e (0xaa3f2b23) mem 0x80013000 0x00000001
core   0: 0x80012552 (0x0000bfe5) c.j     pc - 8
core   0: 3 0x80012552 (0xbfe5)
core   0: 0x8001254a (0x00001f17) auipc   t5, 0x1
core   0: 3 0x8001254a (0x00001f17) x30 0x8001354a
core   0: 0x8001254e (0xaa3f2b23) sw      gp, -1354(t5)
core   0: 3 0x8001254e (0xaa3f2b23) mem 0x80013000 0x00000001
core   0: 0x80012552 (0x0000bfe5) c.j     pc - 8
core   0: 3 0x80012552 (0xbfe5)
core   0: 0x8001254a (0x00001f17) auipc   t5, 0x1
core   0: 3 0x8001254a (0x00001f17) x30 0x8001354a
core   0: 0x8001254e (0xaa3f2b23) sw      gp, -1354(t5)
core   0: 3 0x8001254e (0xaa3f2b23) mem 0x80013000 0x00000001
core   0: 0x80012552 (0x0000bfe5) c.j     pc - 8
core   0: 3 0x80012552 (0xbfe5)
core   0: 0x8001254a (0x00001f17) auipc   t5, 0x1
core   0: 3 0x8001254a (0x00001f17) x30 0x8001354a
core   0: 0x8001254e (0xaa3f2b23) sw      gp, -1354(t5)
core   0: 3 0x8001254e (0xaa3f2b23) mem 0x80013000 0x00000001
core   0: 0x80012552 (0x0000bfe5) c.j     pc - 8
core   0: 3 0x80012552 (0xbfe5)
core   0: 0x8001254a (0x00001f17) auipc   t5, 0x1
core   0: 3 0x8001254a (0x00001f17) x30 0x8001354a
core   0: 0x8001254e (0xaa3f2b23) sw      gp, -1354(t5)
core   0: 3 0x8001254e (0xaa3f2b23) mem 0x80013000 0x00000001
core   0: 0x80012552 (0x0000bfe5) c.j     pc - 8
core   0: 3 0x80012552 (0xbfe5)
core   0: 0x8001254a (0x00001f17) auipc   t5, 0x1
core   0: 3 0x8001254a (0x00001f17) x30 0x8001354a
core   0: 0x8001254e (0xaa3f2b23) sw      gp, -1354(t5)
core   0: 3 0x8001254e (0xaa3f2b23) mem 0x80013000 0x00000001
core   0: 0x80012552 (0x0000bfe5) c.j     pc - 8
core   0: 3 0x80012552 (0xbfe5)
core   0: 0x8001254a (0x00001f17) auipc   t5, 0x1
core   0: 3 0x8001254a (0x00001f17) x30 0x8001354a
core   0: 0x8001254e (0xaa3f2b23) sw      gp, -1354(t5)
core   0: 3 0x8001254e (0xaa3f2b23) mem 0x80013000 0x00000001
core   0: 0x80012552 (0x0000bfe5) c.j     pc - 8
core   0: 3 0x80012552 (0xbfe5)
core   0: 0x8001254a (0x00001f17) auipc   t5, 0x1
core   0: 3 0x8001254a (0x00001f17) x30 0x8001354a
core   0: 0x8001254e (0xaa3f2b23) sw      gp, -1354(t5)
core   0: 3 0x8001254e (0xaa3f2b23) mem 0x80013000 0x00000001
core   0: 0x80012552 (0x0000bfe5) c.j     pc - 8
core   0: 3 0x80012552 (0xbfe5)
core   0: 0x8001254a (0x00001f17) auipc   t5, 0x1
core   0: 3 0x8001254a (0x00001f17) x30 0x8001354a
core   0: 0x8001254e (0xaa3f2b23) sw      gp, -1354(t5)
core   0: 3 0x8001254e (0xaa3f2b23) mem 0x80013000 0x00000001
core   0: 0x80012552 (0x0000bfe5) c.j     pc - 8
core   0: 3 0x80012552 (0xbfe5)
core   0: 0x8001254a (0x00001f17) auipc   t5, 0x1
core   0: 3 0x8001254a (0x00001f17) x30 0x8001354a
core   0: 0x8001254e (0xaa3f2b23) sw      gp, -1354(t5)
core   0: 3 0x8001254e (0xaa3f2b23) mem 0x80013000 0x00000001
core   0: 0x80012552 (0x0000bfe5) c.j     pc - 8
core   0: 3 0x80012552 (0xbfe5)
core   0: 0x8001254a (0x00001f17) auipc   t5, 0x1
core   0: 3 0x8001254a (0x00001f17) x30 0x8001354a
core   0: 0x8001254e (0xaa3f2b23) sw      gp, -1354(t5)
core   0: 3 0x8001254e (0xaa3f2b23) mem 0x80013000 0x00000001
core   0: 0x80012552 (0x0000bfe5) c.j     pc - 8
core   0: 3 0x80012552 (0xbfe5)
core   0: 0x8001254a (0x00001f17) auipc   t5, 0x1
core   0: 3 0x8001254a (0x00001f17) x30 0x8001354a
core   0: 0x8001254e (0xaa3f2b23) sw      gp, -1354(t5)
core   0: 3 0x8001254e (0xaa3f2b23) mem 0x80013000 0x00000001
core   0: 0x80012552 (0x0000bfe5) c.j     pc - 8
core   0: 3 0x80012552 (0xbfe5)
core   0: 0x8001254a (0x00001f17) auipc   t5, 0x1
core   0: 3 0x8001254a (0x00001f17) x30 0x8001354a
core   0: 0x8001254e (0xaa3f2b23) sw      gp, -1354(t5)
core   0: 3 0x8001254e (0xaa3f2b23) mem 0x80013000 0x00000001
core   0: 0x80012552 (0x0000bfe5) c.j     pc - 8
core   0: 3 0x80012552 (0xbfe5)
core   0: 0x8001254a (0x00001f17) auipc   t5, 0x1
core   0: 3 0x8001254a (0x00001f17) x30 0x8001354a
core   0: 0x8001254e (0xaa3f2b23) sw      gp, -1354(t5)
core   0: 3 0x8001254e (0xaa3f2b23) mem 0x80013000 0x00000001
core   0: 0x80012552 (0x0000bfe5) c.j     pc - 8
core   0: 3 0x80012552 (0xbfe5)
core   0: 0x8001254a (0x00001f17) auipc   t5, 0x1
core   0: 3 0x8001254a (0x00001f17) x30 0x8001354a
core   0: 0x8001254e (0xaa3f2b23) sw      gp, -1354(t5)
core   0: 3 0x8001254e (0xaa3f2b23) mem 0x80013000 0x00000001
core   0: 0x80012552 (0x0000bfe5) c.j     pc - 8
core   0: 3 0x80012552 (0xbfe5)
core   0: 0x8001254a (0x00001f17) auipc   t5, 0x1
core   0: 3 0x8001254a (0x00001f17) x30 0x8001354a
core   0: 0x8001254e (0xaa3f2b23) sw      gp, -1354(t5)
core   0: 3 0x8001254e (0xaa3f2b23) mem 0x80013000 0x00000001
core   0: 0x80012552 (0x0000bfe5) c.j     pc - 8
core   0: 3 0x80012552 (0xbfe5)
core   0: 0x8001254a (0x00001f17) auipc   t5, 0x1
core   0: 3 0x8001254a (0x00001f17) x30 0x8001354a
core   0: 0x8001254e (0xaa3f2b23) sw      gp, -1354(t5)
core   0: 3 0x8001254e (0xaa3f2b23) mem 0x80013000 0x00000001
core   0: 0x80012552 (0x0000bfe5) c.j     pc - 8
core   0: 3 0x80012552 (0xbfe5)
core   0: 0x8001254a (0x00001f17) auipc   t5, 0x1
core   0: 3 0x8001254a (0x00001f17) x30 0x8001354a
core   0: 0x8001254e (0xaa3f2b23) sw      gp, -1354(t5)
core   0: 3 0x8001254e (0xaa3f2b23) mem 0x80013000 0x00000001
core   0: 0x80012552 (0x0000bfe5) c.j     pc - 8
core   0: 3 0x80012552 (0xbfe5)
core   0: 0x8001254a (0x00001f17) auipc   t5, 0x1
core   0: 3 0x8001254a (0x00001f17) x30 0x8001354a
core   0: 0x8001254e (0xaa3f2b23) sw      gp, -1354(t5)
core   0: 3 0x8001254e (0xaa3f2b23) mem 0x80013000 0x00000001
core   0: 0x80012552 (0x0000bfe5) c.j     pc - 8
core   0: 3 0x80012552 (0xbfe5)
core   0: 0x8001254a (0x00001f17) auipc   t5, 0x1
core   0: 3 0x8001254a (0x00001f17) x30 0x8001354a
core   0: 0x8001254e (0xaa3f2b23) sw      gp, -1354(t5)
core   0: 3 0x8001254e (0xaa3f2b23) mem 0x80013000 0x00000001
core   0: 0x80012552 (0x0000bfe5) c.j     pc - 8
core   0: 3 0x80012552 (0xbfe5)
core   0: 0x8001254a (0x00001f17) auipc   t5, 0x1
core   0: 3 0x8001254a (0x00001f17) x30 0x8001354a
core   0: 0x8001254e (0xaa3f2b23) sw      gp, -1354(t5)
core   0: 3 0x8001254e (0xaa3f2b23) mem 0x80013000 0x00000001
core   0: 0x80012552 (0x0000bfe5) c.j     pc - 8
core   0: 3 0x80012552 (0xbfe5)
core   0: 0x8001254a (0x00001f17) auipc   t5, 0x1
core   0: 3 0x8001254a (0x00001f17) x30 0x8001354a
core   0: 0x8001254e (0xaa3f2b23) sw      gp, -1354(t5)
core   0: 3 0x8001254e (0xaa3f2b23) mem 0x80013000 0x00000001
core   0: 0x80012552 (0x0000bfe5) c.j     pc - 8
core   0: 3 0x80012552 (0xbfe5)
core   0: 0x8001254a (0x00001f17) auipc   t5, 0x1
core   0: 3 0x8001254a (0x00001f17) x30 0x8001354a
core   0: 0x8001254e (0xaa3f2b23) sw      gp, -1354(t5)
core   0: 3 0x8001254e (0xaa3f2b23) mem 0x80013000 0x00000001
core   0: 0x80012552 (0x0000bfe5) c.j     pc - 8
core   0: 3 0x80012552 (0xbfe5)
core   0: 0x8001254a (0x00001f17) auipc   t5, 0x1
core   0: 3 0x8001254a (0x00001f17) x30 0x8001354a
core   0: 0x8001254e (0xaa3f2b23) sw      gp, -1354(t5)
core   0: 3 0x8001254e (0xaa3f2b23) mem 0x80013000 0x00000001
core   0: 0x80012552 (0x0000bfe5) c.j     pc - 8
core   0: 3 0x80012552 (0xbfe5)
core   0: 0x8001254a (0x00001f17) auipc   t5, 0x1
core   0: 3 0x8001254a (0x00001f17) x30 0x8001354a
core   0: 0x8001254e (0xaa3f2b23) sw      gp, -1354(t5)
core   0: 3 0x8001254e (0xaa3f2b23) mem 0x80013000 0x00000001
core   0: 0x80012552 (0x0000bfe5) c.j     pc - 8
core   0: 3 0x80012552 (0xbfe5)
core   0: 0x8001254a (0x00001f17) auipc   t5, 0x1
core   0: 3 0x8001254a (0x00001f17) x30 0x8001354a
core   0: 0x8001254e (0xaa3f2b23) sw      gp, -1354(t5)
core   0: 3 0x8001254e (0xaa3f2b23) mem 0x80013000 0x00000001
core   0: 0x80012552 (0x0000bfe5) c.j     pc - 8
core   0: 3 0x80012552 (0xbfe5)
core   0: 0x8001254a (0x00001f17) auipc   t5, 0x1
core   0: 3 0x8001254a (0x00001f17) x30 0x8001354a
core   0: 0x8001254e (0xaa3f2b23) sw      gp, -1354(t5)
core   0: 3 0x8001254e (0xaa3f2b23) mem 0x80013000 0x00000001
core   0: 0x80012552 (0x0000bfe5) c.j     pc - 8
core   0: 3 0x80012552 (0xbfe5)
core   0: 0x8001254a (0x00001f17) auipc   t5, 0x1
core   0: 3 0x8001254a (0x00001f17) x30 0x8001354a
core   0: 0x8001254e (0xaa3f2b23) sw      gp, -1354(t5)
core   0: 3 0x8001254e (0xaa3f2b23) mem 0x80013000 0x00000001
core   0: 0x80012552 (0x0000bfe5) c.j     pc - 8
core   0: 3 0x80012552 (0xbfe5)
core   0: 0x8001254a (0x00001f17) auipc   t5, 0x1
core   0: 3 0x8001254a (0x00001f17) x30 0x8001354a
core   0: 0x8001254e (0xaa3f2b23) sw      gp, -1354(t5)
core   0: 3 0x8001254e (0xaa3f2b23) mem 0x80013000 0x00000001
core   0: 0x80012552 (0x0000bfe5) c.j     pc - 8
core   0: 3 0x80012552 (0xbfe5)
core   0: 0x8001254a (0x00001f17) auipc   t5, 0x1
core   0: 3 0x8001254a (0x00001f17) x30 0x8001354a
core   0: 0x8001254e (0xaa3f2b23) sw      gp, -1354(t5)
core   0: 3 0x8001254e (0xaa3f2b23) mem 0x80013000 0x00000001
core   0: 0x80012552 (0x0000bfe5) c.j     pc - 8
core   0: 3 0x80012552 (0xbfe5)
core   0: 0x8001254a (0x00001f17) auipc   t5, 0x1
core   0: 3 0x8001254a (0x00001f17) x30 0x8001354a
core   0: 0x8001254e (0xaa3f2b23) sw      gp, -1354(t5)
core   0: 3 0x8001254e (0xaa3f2b23) mem 0x80013000 0x00000001
core   0: 0x80012552 (0x0000bfe5) c.j     pc - 8
core   0: 3 0x80012552 (0xbfe5)
core   0: 0x8001254a (0x00001f17) auipc   t5, 0x1
core   0: 3 0x8001254a (0x00001f17) x30 0x8001354a
core   0: 0x8001254e (0xaa3f2b23) sw      gp, -1354(t5)
core   0: 3 0x8001254e (0xaa3f2b23) mem 0x80013000 0x00000001
core   0: 0x80012552 (0x0000bfe5) c.j     pc - 8
core   0: 3 0x80012552 (0xbfe5)
core   0: 0x8001254a (0x00001f17) auipc   t5, 0x1
core   0: 3 0x8001254a (0x00001f17) x30 0x8001354a
core   0: 0x8001254e (0xaa3f2b23) sw      gp, -1354(t5)
core   0: 3 0x8001254e (0xaa3f2b23) mem 0x80013000 0x00000001
core   0: 0x80012552 (0x0000bfe5) c.j     pc - 8
core   0: 3 0x80012552 (0xbfe5)
core   0: 0x8001254a (0x00001f17) auipc   t5, 0x1
core   0: 3 0x8001254a (0x00001f17) x30 0x8001354a
core   0: 0x8001254e (0xaa3f2b23) sw      gp, -1354(t5)
core   0: 3 0x8001254e (0xaa3f2b23) mem 0x80013000 0x00000001
core   0: 0x80012552 (0x0000bfe5) c.j     pc - 8
core   0: 3 0x80012552 (0xbfe5)
core   0: 0x8001254a (0x00001f17) auipc   t5, 0x1
core   0: 3 0x8001254a (0x00001f17) x30 0x8001354a
core   0: 0x8001254e (0xaa3f2b23) sw      gp, -1354(t5)
core   0: 3 0x8001254e (0xaa3f2b23) mem 0x80013000 0x00000001
core   0: 0x80012552 (0x0000bfe5) c.j     pc - 8
core   0: 3 0x80012552 (0xbfe5)
core   0: 0x8001254a (0x00001f17) auipc   t5, 0x1
core   0: 3 0x8001254a (0x00001f17) x30 0x8001354a
core   0: 0x8001254e (0xaa3f2b23) sw      gp, -1354(t5)
core   0: 3 0x8001254e (0xaa3f2b23) mem 0x80013000 0x00000001
core   0: 0x80012552 (0x0000bfe5) c.j     pc - 8
core   0: 3 0x80012552 (0xbfe5)
core   0: 0x8001254a (0x00001f17) auipc   t5, 0x1
core   0: 3 0x8001254a (0x00001f17) x30 0x8001354a
core   0: 0x8001254e (0xaa3f2b23) sw      gp, -1354(t5)
core   0: 3 0x8001254e (0xaa3f2b23) mem 0x80013000 0x00000001
core   0: 0x80012552 (0x0000bfe5) c.j     pc - 8
core   0: 3 0x80012552 (0xbfe5)
core   0: 0x8001254a (0x00001f17) auipc   t5, 0x1
core   0: 3 0x8001254a (0x00001f17) x30 0x8001354a
core   0: 0x8001254e (0xaa3f2b23) sw      gp, -1354(t5)
core   0: 3 0x8001254e (0xaa3f2b23) mem 0x80013000 0x00000001
core   0: 0x80012552 (0x0000bfe5) c.j     pc - 8
core   0: 3 0x80012552 (0xbfe5)
core   0: 0x8001254a (0x00001f17) auipc   t5, 0x1
core   0: 3 0x8001254a (0x00001f17) x30 0x8001354a
core   0: 0x8001254e (0xaa3f2b23) sw      gp, -1354(t5)
core   0: 3 0x8001254e (0xaa3f2b23) mem 0x80013000 0x00000001
core   0: 0x80012552 (0x0000bfe5) c.j     pc - 8
core   0: 3 0x80012552 (0xbfe5)
core   0: 0x8001254a (0x00001f17) auipc   t5, 0x1
core   0: 3 0x8001254a (0x00001f17) x30 0x8001354a
core   0: 0x8001254e (0xaa3f2b23) sw      gp, -1354(t5)
core   0: 3 0x8001254e (0xaa3f2b23) mem 0x80013000 0x00000001
core   0: 0x80012552 (0x0000bfe5) c.j     pc - 8
core   0: 3 0x80012552 (0xbfe5)
core   0: 0x8001254a (0x00001f17) auipc   t5, 0x1
core   0: 3 0x8001254a (0x00001f17) x30 0x8001354a
core   0: 0x8001254e (0xaa3f2b23) sw      gp, -1354(t5)
core   0: 3 0x8001254e (0xaa3f2b23) mem 0x80013000 0x00000001
core   0: 0x80012552 (0x0000bfe5) c.j     pc - 8
core   0: 3 0x80012552 (0xbfe5)
core   0: 0x8001254a (0x00001f17) auipc   t5, 0x1
core   0: 3 0x8001254a (0x00001f17) x30 0x8001354a
core   0: 0x8001254e (0xaa3f2b23) sw      gp, -1354(t5)
core   0: 3 0x8001254e (0xaa3f2b23) mem 0x80013000 0x00000001
core   0: 0x80012552 (0x0000bfe5) c.j     pc - 8
core   0: 3 0x80012552 (0xbfe5)
core   0: 0x8001254a (0x00001f17) auipc   t5, 0x1
core   0: 3 0x8001254a (0x00001f17) x30 0x8001354a
core   0: 0x8001254e (0xaa3f2b23) sw      gp, -1354(t5)
core   0: 3 0x8001254e (0xaa3f2b23) mem 0x80013000 0x00000001
core   0: 0x80012552 (0x0000bfe5) c.j     pc - 8
core   0: 3 0x80012552 (0xbfe5)
core   0: 0x8001254a (0x00001f17) auipc   t5, 0x1
core   0: 3 0x8001254a (0x00001f17) x30 0x8001354a
core   0: 0x8001254e (0xaa3f2b23) sw      gp, -1354(t5)
core   0: 3 0x8001254e (0xaa3f2b23) mem 0x80013000 0x00000001
core   0: 0x80012552 (0x0000bfe5) c.j     pc - 8
core   0: 3 0x80012552 (0xbfe5)
core   0: 0x8001254a (0x00001f17) auipc   t5, 0x1
core   0: 3 0x8001254a (0x00001f17) x30 0x8001354a
core   0: 0x8001254e (0xaa3f2b23) sw      gp, -1354(t5)
core   0: 3 0x8001254e (0xaa3f2b23) mem 0x80013000 0x00000001
core   0: 0x80012552 (0x0000bfe5) c.j     pc - 8
core   0: 3 0x80012552 (0xbfe5)
core   0: 0x8001254a (0x00001f17) auipc   t5, 0x1
core   0: 3 0x8001254a (0x00001f17) x30 0x8001354a
core   0: 0x8001254e (0xaa3f2b23) sw      gp, -1354(t5)
core   0: 3 0x8001254e (0xaa3f2b23) mem 0x80013000 0x00000001
core   0: 0x80012552 (0x0000bfe5) c.j     pc - 8
core   0: 3 0x80012552 (0xbfe5)
core   0: 0x8001254a (0x00001f17) auipc   t5, 0x1
core   0: 3 0x8001254a (0x00001f17) x30 0x8001354a
core   0: 0x8001254e (0xaa3f2b23) sw      gp, -1354(t5)
core   0: 3 0x8001254e (0xaa3f2b23) mem 0x80013000 0x00000001
core   0: 0x80012552 (0x0000bfe5) c.j     pc - 8
core   0: 3 0x80012552 (0xbfe5)
core   0: 0x8001254a (0x00001f17) auipc   t5, 0x1
core   0: 3 0x8001254a (0x00001f17) x30 0x8001354a
core   0: 0x8001254e (0xaa3f2b23) sw      gp, -1354(t5)
core   0: 3 0x8001254e (0xaa3f2b23) mem 0x80013000 0x00000001
core   0: 0x80012552 (0x0000bfe5) c.j     pc - 8
core   0: 3 0x80012552 (0xbfe5)
core   0: 0x8001254a (0x00001f17) auipc   t5, 0x1
core   0: 3 0x8001254a (0x00001f17) x30 0x8001354a
core   0: 0x8001254e (0xaa3f2b23) sw      gp, -1354(t5)
core   0: 3 0x8001254e (0xaa3f2b23) mem 0x80013000 0x00000001
core   0: 0x80012552 (0x0000bfe5) c.j     pc - 8
core   0: 3 0x80012552 (0xbfe5)
core   0: 0x8001254a (0x00001f17) auipc   t5, 0x1
core   0: 3 0x8001254a (0x00001f17) x30 0x8001354a
core   0: 0x8001254e (0xaa3f2b23) sw      gp, -1354(t5)
core   0: 3 0x8001254e (0xaa3f2b23) mem 0x80013000 0x00000001
core   0: 0x80012552 (0x0000bfe5) c.j     pc - 8
core   0: 3 0x80012552 (0xbfe5)
core   0: 0x8001254a (0x00001f17) auipc   t5, 0x1
core   0: 3 0x8001254a (0x00001f17) x30 0x8001354a
core   0: 0x8001254e (0xaa3f2b23) sw      gp, -1354(t5)
core   0: 3 0x8001254e (0xaa3f2b23) mem 0x80013000 0x00000001
core   0: 0x80012552 (0x0000bfe5) c.j     pc - 8
core   0: 3 0x80012552 (0xbfe5)
core   0: 0x8001254a (0x00001f17) auipc   t5, 0x1
core   0: 3 0x8001254a (0x00001f17) x30 0x8001354a
core   0: 0x8001254e (0xaa3f2b23) sw      gp, -1354(t5)
core   0: 3 0x8001254e (0xaa3f2b23) mem 0x80013000 0x00000001
core   0: 0x80012552 (0x0000bfe5) c.j     pc - 8
core   0: 3 0x80012552 (0xbfe5)
core   0: 0x8001254a (0x00001f17) auipc   t5, 0x1
core   0: 3 0x8001254a (0x00001f17) x30 0x8001354a
core   0: 0x8001254e (0xaa3f2b23) sw      gp, -1354(t5)
core   0: 3 0x8001254e (0xaa3f2b23) mem 0x80013000 0x00000001
core   0: 0x80012552 (0x0000bfe5) c.j     pc - 8
core   0: 3 0x80012552 (0xbfe5)
core   0: 0x8001254a (0x00001f17) auipc   t5, 0x1
core   0: 3 0x8001254a (0x00001f17) x30 0x8001354a
core   0: 0x8001254e (0xaa3f2b23) sw      gp, -1354(t5)
core   0: 3 0x8001254e (0xaa3f2b23) mem 0x80013000 0x00000001
core   0: 0x80012552 (0x0000bfe5) c.j     pc - 8
core   0: 3 0x80012552 (0xbfe5)
core   0: 0x8001254a (0x00001f17) auipc   t5, 0x1
core   0: 3 0x8001254a (0x00001f17) x30 0x8001354a
core   0: 0x8001254e (0xaa3f2b23) sw      gp, -1354(t5)
core   0: 3 0x8001254e (0xaa3f2b23) mem 0x80013000 0x00000001
core   0: 0x80012552 (0x0000bfe5) c.j     pc - 8
core   0: 3 0x80012552 (0xbfe5)
core   0: 0x8001254a (0x00001f17) auipc   t5, 0x1
core   0: 3 0x8001254a (0x00001f17) x30 0x8001354a
core   0: 0x8001254e (0xaa3f2b23) sw      gp, -1354(t5)
core   0: 3 0x8001254e (0xaa3f2b23) mem 0x80013000 0x00000001
core   0: 0x80012552 (0x0000bfe5) c.j     pc - 8
core   0: 3 0x80012552 (0xbfe5)
core   0: 0x8001254a (0x00001f17) auipc   t5, 0x1
core   0: 3 0x8001254a (0x00001f17) x30 0x8001354a
core   0: 0x8001254e (0xaa3f2b23) sw      gp, -1354(t5)
core   0: 3 0x8001254e (0xaa3f2b23) mem 0x80013000 0x00000001
core   0: 0x80012552 (0x0000bfe5) c.j     pc - 8
core   0: 3 0x80012552 (0xbfe5)
core   0: 0x8001254a (0x00001f17) auipc   t5, 0x1
core   0: 3 0x8001254a (0x00001f17) x30 0x8001354a
core   0: 0x8001254e (0xaa3f2b23) sw      gp, -1354(t5)
core   0: 3 0x8001254e (0xaa3f2b23) mem 0x80013000 0x00000001
core   0: 0x80012552 (0x0000bfe5) c.j     pc - 8
core   0: 3 0x80012552 (0xbfe5)
core   0: 0x8001254a (0x00001f17) auipc   t5, 0x1
core   0: 3 0x8001254a (0x00001f17) x30 0x8001354a
core   0: 0x8001254e (0xaa3f2b23) sw      gp, -1354(t5)
core   0: 3 0x8001254e (0xaa3f2b23) mem 0x80013000 0x00000001
core   0: 0x80012552 (0x0000bfe5) c.j     pc - 8
core   0: 3 0x80012552 (0xbfe5)
core   0: 0x8001254a (0x00001f17) auipc   t5, 0x1
core   0: 3 0x8001254a (0x00001f17) x30 0x8001354a
core   0: 0x8001254e (0xaa3f2b23) sw      gp, -1354(t5)
core   0: 3 0x8001254e (0xaa3f2b23) mem 0x80013000 0x00000001
core   0: 0x80012552 (0x0000bfe5) c.j     pc - 8
core   0: 3 0x80012552 (0xbfe5)
core   0: 0x8001254a (0x00001f17) auipc   t5, 0x1
core   0: 3 0x8001254a (0x00001f17) x30 0x8001354a
core   0: 0x8001254e (0xaa3f2b23) sw      gp, -1354(t5)
core   0: 3 0x8001254e (0xaa3f2b23) mem 0x80013000 0x00000001
core   0: 0x80012552 (0x0000bfe5) c.j     pc - 8
core   0: 3 0x80012552 (0xbfe5)
core   0: 0x8001254a (0x00001f17) auipc   t5, 0x1
core   0: 3 0x8001254a (0x00001f17) x30 0x8001354a
core   0: 0x8001254e (0xaa3f2b23) sw      gp, -1354(t5)
core   0: 3 0x8001254e (0xaa3f2b23) mem 0x80013000 0x00000001
core   0: 0x80012552 (0x0000bfe5) c.j     pc - 8
core   0: 3 0x80012552 (0xbfe5)
core   0: 0x8001254a (0x00001f17) auipc   t5, 0x1
core   0: 3 0x8001254a (0x00001f17) x30 0x8001354a
core   0: 0x8001254e (0xaa3f2b23) sw      gp, -1354(t5)
core   0: 3 0x8001254e (0xaa3f2b23) mem 0x80013000 0x00000001
core   0: 0x80012552 (0x0000bfe5) c.j     pc - 8
core   0: 3 0x80012552 (0xbfe5)
core   0: 0x8001254a (0x00001f17) auipc   t5, 0x1
core   0: 3 0x8001254a (0x00001f17) x30 0x8001354a
core   0: 0x8001254e (0xaa3f2b23) sw      gp, -1354(t5)
core   0: 3 0x8001254e (0xaa3f2b23) mem 0x80013000 0x00000001
core   0: 0x80012552 (0x0000bfe5) c.j     pc - 8
core   0: 3 0x80012552 (0xbfe5)
core   0: 0x8001254a (0x00001f17) auipc   t5, 0x1
core   0: 3 0x8001254a (0x00001f17) x30 0x8001354a
core   0: 0x8001254e (0xaa3f2b23) sw      gp, -1354(t5)
core   0: 3 0x8001254e (0xaa3f2b23) mem 0x80013000 0x00000001
core   0: 0x80012552 (0x0000bfe5) c.j     pc - 8
core   0: 3 0x80012552 (0xbfe5)
core   0: 0x8001254a (0x00001f17) auipc   t5, 0x1
core   0: 3 0x8001254a (0x00001f17) x30 0x8001354a
core   0: 0x8001254e (0xaa3f2b23) sw      gp, -1354(t5)
core   0: 3 0x8001254e (0xaa3f2b23) mem 0x80013000 0x00000001
core   0: 0x80012552 (0x0000bfe5) c.j     pc - 8
core   0: 3 0x80012552 (0xbfe5)
core   0: 0x8001254a (0x00001f17) auipc   t5, 0x1
core   0: 3 0x8001254a (0x00001f17) x30 0x8001354a
core   0: 0x8001254e (0xaa3f2b23) sw      gp, -1354(t5)
core   0: 3 0x8001254e (0xaa3f2b23) mem 0x80013000 0x00000001
core   0: 0x80012552 (0x0000bfe5) c.j     pc - 8
core   0: 3 0x80012552 (0xbfe5)
core   0: 0x8001254a (0x00001f17) auipc   t5, 0x1
core   0: 3 0x8001254a (0x00001f17) x30 0x8001354a
core   0: 0x8001254e (0xaa3f2b23) sw      gp, -1354(t5)
core   0: 3 0x8001254e (0xaa3f2b23) mem 0x80013000 0x00000001
core   0: 0x80012552 (0x0000bfe5) c.j     pc - 8
core   0: 3 0x80012552 (0xbfe5)
core   0: 0x8001254a (0x00001f17) auipc   t5, 0x1
core   0: 3 0x8001254a (0x00001f17) x30 0x8001354a
core   0: 0x8001254e (0xaa3f2b23) sw      gp, -1354(t5)
core   0: 3 0x8001254e (0xaa3f2b23) mem 0x80013000 0x00000001
core   0: 0x80012552 (0x0000bfe5) c.j     pc - 8
core   0: 3 0x80012552 (0xbfe5)
core   0: 0x8001254a (0x00001f17) auipc   t5, 0x1
core   0: 3 0x8001254a (0x00001f17) x30 0x8001354a
core   0: 0x8001254e (0xaa3f2b23) sw      gp, -1354(t5)
core   0: 3 0x8001254e (0xaa3f2b23) mem 0x80013000 0x00000001
core   0: 0x80012552 (0x0000bfe5) c.j     pc - 8
core   0: 3 0x80012552 (0xbfe5)
core   0: 0x8001254a (0x00001f17) auipc   t5, 0x1
core   0: 3 0x8001254a (0x00001f17) x30 0x8001354a
core   0: 0x8001254e (0xaa3f2b23) sw      gp, -1354(t5)
core   0: 3 0x8001254e (0xaa3f2b23) mem 0x80013000 0x00000001
core   0: 0x80012552 (0x0000bfe5) c.j     pc - 8
core   0: 3 0x80012552 (0xbfe5)
core   0: 0x8001254a (0x00001f17) auipc   t5, 0x1
core   0: 3 0x8001254a (0x00001f17) x30 0x8001354a
core   0: 0x8001254e (0xaa3f2b23) sw      gp, -1354(t5)
core   0: 3 0x8001254e (0xaa3f2b23) mem 0x80013000 0x00000001
core   0: 0x80012552 (0x0000bfe5) c.j     pc - 8
core   0: 3 0x80012552 (0xbfe5)
core   0: 0x8001254a (0x00001f17) auipc   t5, 0x1
core   0: 3 0x8001254a (0x00001f17) x30 0x8001354a
core   0: 0x8001254e (0xaa3f2b23) sw      gp, -1354(t5)
core   0: 3 0x8001254e (0xaa3f2b23) mem 0x80013000 0x00000001
core   0: 0x80012552 (0x0000bfe5) c.j     pc - 8
core   0: 3 0x80012552 (0xbfe5)
core   0: 0x8001254a (0x00001f17) auipc   t5, 0x1
core   0: 3 0x8001254a (0x00001f17) x30 0x8001354a
core   0: 0x8001254e (0xaa3f2b23) sw      gp, -1354(t5)
core   0: 3 0x8001254e (0xaa3f2b23) mem 0x80013000 0x00000001
core   0: 0x80012552 (0x0000bfe5) c.j     pc - 8
core   0: 3 0x80012552 (0xbfe5)
core   0: 0x8001254a (0x00001f17) auipc   t5, 0x1
core   0: 3 0x8001254a (0x00001f17) x30 0x8001354a
core   0: 0x8001254e (0xaa3f2b23) sw      gp, -1354(t5)
core   0: 3 0x8001254e (0xaa3f2b23) mem 0x80013000 0x00000001
core   0: 0x80012552 (0x0000bfe5) c.j     pc - 8
core   0: 3 0x80012552 (0xbfe5)
core   0: 0x8001254a (0x00001f17) auipc   t5, 0x1
core   0: 3 0x8001254a (0x00001f17) x30 0x8001354a
core   0: 0x8001254e (0xaa3f2b23) sw      gp, -1354(t5)
core   0: 3 0x8001254e (0xaa3f2b23) mem 0x80013000 0x00000001
core   0: 0x80012552 (0x0000bfe5) c.j     pc - 8
core   0: 3 0x80012552 (0xbfe5)
core   0: 0x8001254a (0x00001f17) auipc   t5, 0x1
core   0: 3 0x8001254a (0x00001f17) x30 0x8001354a
core   0: 0x8001254e (0xaa3f2b23) sw      gp, -1354(t5)
core   0: 3 0x8001254e (0xaa3f2b23) mem 0x80013000 0x00000001
core   0: 0x80012552 (0x0000bfe5) c.j     pc - 8
core   0: 3 0x80012552 (0xbfe5)
core   0: 0x8001254a (0x00001f17) auipc   t5, 0x1
core   0: 3 0x8001254a (0x00001f17) x30 0x8001354a
core   0: 0x8001254e (0xaa3f2b23) sw      gp, -1354(t5)
core   0: 3 0x8001254e (0xaa3f2b23) mem 0x80013000 0x00000001
core   0: 0x80012552 (0x0000bfe5) c.j     pc - 8
core   0: 3 0x80012552 (0xbfe5)
core   0: 0x8001254a (0x00001f17) auipc   t5, 0x1
core   0: 3 0x8001254a (0x00001f17) x30 0x8001354a
core   0: 0x8001254e (0xaa3f2b23) sw      gp, -1354(t5)
core   0: 3 0x8001254e (0xaa3f2b23) mem 0x80013000 0x00000001
core   0: 0x80012552 (0x0000bfe5) c.j     pc - 8
core   0: 3 0x80012552 (0xbfe5)
core   0: 0x8001254a (0x00001f17) auipc   t5, 0x1
core   0: 3 0x8001254a (0x00001f17) x30 0x8001354a
core   0: 0x8001254e (0xaa3f2b23) sw      gp, -1354(t5)
core   0: 3 0x8001254e (0xaa3f2b23) mem 0x80013000 0x00000001
core   0: 0x80012552 (0x0000bfe5) c.j     pc - 8
core   0: 3 0x80012552 (0xbfe5)
core   0: 0x8001254a (0x00001f17) auipc   t5, 0x1
core   0: 3 0x8001254a (0x00001f17) x30 0x8001354a
core   0: 0x8001254e (0xaa3f2b23) sw      gp, -1354(t5)
core   0: 3 0x8001254e (0xaa3f2b23) mem 0x80013000 0x00000001
core   0: 0x80012552 (0x0000bfe5) c.j     pc - 8
core   0: 3 0x80012552 (0xbfe5)
core   0: 0x8001254a (0x00001f17) auipc   t5, 0x1
core   0: 3 0x8001254a (0x00001f17) x30 0x8001354a
core   0: 0x8001254e (0xaa3f2b23) sw      gp, -1354(t5)
core   0: 3 0x8001254e (0xaa3f2b23) mem 0x80013000 0x00000001
core   0: 0x80012552 (0x0000bfe5) c.j     pc - 8
core   0: 3 0x80012552 (0xbfe5)
core   0: 0x8001254a (0x00001f17) auipc   t5, 0x1
core   0: 3 0x8001254a (0x00001f17) x30 0x8001354a
core   0: 0x8001254e (0xaa3f2b23) sw      gp, -1354(t5)
core   0: 3 0x8001254e (0xaa3f2b23) mem 0x80013000 0x00000001
core   0: 0x80012552 (0x0000bfe5) c.j     pc - 8
core   0: 3 0x80012552 (0xbfe5)
core   0: 0x8001254a (0x00001f17) auipc   t5, 0x1
core   0: 3 0x8001254a (0x00001f17) x30 0x8001354a
core   0: 0x8001254e (0xaa3f2b23) sw      gp, -1354(t5)
core   0: 3 0x8001254e (0xaa3f2b23) mem 0x80013000 0x00000001
core   0: 0x80012552 (0x0000bfe5) c.j     pc - 8
core   0: 3 0x80012552 (0xbfe5)
core   0: 0x8001254a (0x00001f17) auipc   t5, 0x1
core   0: 3 0x8001254a (0x00001f17) x30 0x8001354a
core   0: 0x8001254e (0xaa3f2b23) sw      gp, -1354(t5)
core   0: 3 0x8001254e (0xaa3f2b23) mem 0x80013000 0x00000001
core   0: 0x80012552 (0x0000bfe5) c.j     pc - 8
core   0: 3 0x80012552 (0xbfe5)
core   0: 0x8001254a (0x00001f17) auipc   t5, 0x1
core   0: 3 0x8001254a (0x00001f17) x30 0x8001354a
core   0: 0x8001254e (0xaa3f2b23) sw      gp, -1354(t5)
core   0: 3 0x8001254e (0xaa3f2b23) mem 0x80013000 0x00000001
core   0: 0x80012552 (0x0000bfe5) c.j     pc - 8
core   0: 3 0x80012552 (0xbfe5)
core   0: 0x8001254a (0x00001f17) auipc   t5, 0x1
core   0: 3 0x8001254a (0x00001f17) x30 0x8001354a
core   0: 0x8001254e (0xaa3f2b23) sw      gp, -1354(t5)
core   0: 3 0x8001254e (0xaa3f2b23) mem 0x80013000 0x00000001
core   0: 0x80012552 (0x0000bfe5) c.j     pc - 8
core   0: 3 0x80012552 (0xbfe5)
core   0: 0x8001254a (0x00001f17) auipc   t5, 0x1
core   0: 3 0x8001254a (0x00001f17) x30 0x8001354a
core   0: 0x8001254e (0xaa3f2b23) sw      gp, -1354(t5)
core   0: 3 0x8001254e (0xaa3f2b23) mem 0x80013000 0x00000001
core   0: 0x80012552 (0x0000bfe5) c.j     pc - 8
core   0: 3 0x80012552 (0xbfe5)
core   0: 0x8001254a (0x00001f17) auipc   t5, 0x1
core   0: 3 0x8001254a (0x00001f17) x30 0x8001354a
core   0: 0x8001254e (0xaa3f2b23) sw      gp, -1354(t5)
core   0: 3 0x8001254e (0xaa3f2b23) mem 0x80013000 0x00000001
core   0: 0x80012552 (0x0000bfe5) c.j     pc - 8
core   0: 3 0x80012552 (0xbfe5)
core   0: 0x8001254a (0x00001f17) auipc   t5, 0x1
core   0: 3 0x8001254a (0x00001f17) x30 0x8001354a
core   0: 0x8001254e (0xaa3f2b23) sw      gp, -1354(t5)
core   0: 3 0x8001254e (0xaa3f2b23) mem 0x80013000 0x00000001
core   0: 0x80012552 (0x0000bfe5) c.j     pc - 8
core   0: 3 0x80012552 (0xbfe5)
core   0: 0x8001254a (0x00001f17) auipc   t5, 0x1
core   0: 3 0x8001254a (0x00001f17) x30 0x8001354a
core   0: 0x8001254e (0xaa3f2b23) sw      gp, -1354(t5)
core   0: 3 0x8001254e (0xaa3f2b23) mem 0x80013000 0x00000001
core   0: 0x80012552 (0x0000bfe5) c.j     pc - 8
core   0: 3 0x80012552 (0xbfe5)
core   0: 0x8001254a (0x00001f17) auipc   t5, 0x1
core   0: 3 0x8001254a (0x00001f17) x30 0x8001354a
core   0: 0x8001254e (0xaa3f2b23) sw      gp, -1354(t5)
core   0: 3 0x8001254e (0xaa3f2b23) mem 0x80013000 0x00000001
core   0: 0x80012552 (0x0000bfe5) c.j     pc - 8
core   0: 3 0x80012552 (0xbfe5)
core   0: 0x8001254a (0x00001f17) auipc   t5, 0x1
core   0: 3 0x8001254a (0x00001f17) x30 0x8001354a
core   0: 0x8001254e (0xaa3f2b23) sw      gp, -1354(t5)
core   0: 3 0x8001254e (0xaa3f2b23) mem 0x80013000 0x00000001
core   0: 0x80012552 (0x0000bfe5) c.j     pc - 8
core   0: 3 0x80012552 (0xbfe5)
core   0: 0x8001254a (0x00001f17) auipc   t5, 0x1
core   0: 3 0x8001254a (0x00001f17) x30 0x8001354a
core   0: 0x8001254e (0xaa3f2b23) sw      gp, -1354(t5)
core   0: 3 0x8001254e (0xaa3f2b23) mem 0x80013000 0x00000001
core   0: 0x80012552 (0x0000bfe5) c.j     pc - 8
core   0: 3 0x80012552 (0xbfe5)
core   0: 0x8001254a (0x00001f17) auipc   t5, 0x1
core   0: 3 0x8001254a (0x00001f17) x30 0x8001354a
core   0: 0x8001254e (0xaa3f2b23) sw      gp, -1354(t5)
core   0: 3 0x8001254e (0xaa3f2b23) mem 0x80013000 0x00000001
core   0: 0x80012552 (0x0000bfe5) c.j     pc - 8
core   0: 3 0x80012552 (0xbfe5)
core   0: 0x8001254a (0x00001f17) auipc   t5, 0x1
core   0: 3 0x8001254a (0x00001f17) x30 0x8001354a
core   0: 0x8001254e (0xaa3f2b23) sw      gp, -1354(t5)
core   0: 3 0x8001254e (0xaa3f2b23) mem 0x80013000 0x00000001
core   0: 0x80012552 (0x0000bfe5) c.j     pc - 8
core   0: 3 0x80012552 (0xbfe5)
core   0: 0x8001254a (0x00001f17) auipc   t5, 0x1
core   0: 3 0x8001254a (0x00001f17) x30 0x8001354a
core   0: 0x8001254e (0xaa3f2b23) sw      gp, -1354(t5)
core   0: 3 0x8001254e (0xaa3f2b23) mem 0x80013000 0x00000001
core   0: 0x80012552 (0x0000bfe5) c.j     pc - 8
core   0: 3 0x80012552 (0xbfe5)
core   0: 0x8001254a (0x00001f17) auipc   t5, 0x1
core   0: 3 0x8001254a (0x00001f17) x30 0x8001354a
core   0: 0x8001254e (0xaa3f2b23) sw      gp, -1354(t5)
core   0: 3 0x8001254e (0xaa3f2b23) mem 0x80013000 0x00000001
core   0: 0x80012552 (0x0000bfe5) c.j     pc - 8
core   0: 3 0x80012552 (0xbfe5)
core   0: 0x8001254a (0x00001f17) auipc   t5, 0x1
core   0: 3 0x8001254a (0x00001f17) x30 0x8001354a
core   0: 0x8001254e (0xaa3f2b23) sw      gp, -1354(t5)
core   0: 3 0x8001254e (0xaa3f2b23) mem 0x80013000 0x00000001
core   0: 0x80012552 (0x0000bfe5) c.j     pc - 8
core   0: 3 0x80012552 (0xbfe5)
core   0: 0x8001254a (0x00001f17) auipc   t5, 0x1
core   0: 3 0x8001254a (0x00001f17) x30 0x8001354a
core   0: 0x8001254e (0xaa3f2b23) sw      gp, -1354(t5)
core   0: 3 0x8001254e (0xaa3f2b23) mem 0x80013000 0x00000001
core   0: 0x80012552 (0x0000bfe5) c.j     pc - 8
core   0: 3 0x80012552 (0xbfe5)
core   0: 0x8001254a (0x00001f17) auipc   t5, 0x1
core   0: 3 0x8001254a (0x00001f17) x30 0x8001354a
core   0: 0x8001254e (0xaa3f2b23) sw      gp, -1354(t5)
core   0: 3 0x8001254e (0xaa3f2b23) mem 0x80013000 0x00000001
core   0: 0x80012552 (0x0000bfe5) c.j     pc - 8
core   0: 3 0x80012552 (0xbfe5)
core   0: 0x8001254a (0x00001f17) auipc   t5, 0x1
core   0: 3 0x8001254a (0x00001f17) x30 0x8001354a
core   0: 0x8001254e (0xaa3f2b23) sw      gp, -1354(t5)
core   0: 3 0x8001254e (0xaa3f2b23) mem 0x80013000 0x00000001
core   0: 0x80012552 (0x0000bfe5) c.j     pc - 8
core   0: 3 0x80012552 (0xbfe5)
core   0: 0x8001254a (0x00001f17) auipc   t5, 0x1
core   0: 3 0x8001254a (0x00001f17) x30 0x8001354a
core   0: 0x8001254e (0xaa3f2b23) sw      gp, -1354(t5)
core   0: 3 0x8001254e (0xaa3f2b23) mem 0x80013000 0x00000001
core   0: 0x80012552 (0x0000bfe5) c.j     pc - 8
core   0: 3 0x80012552 (0xbfe5)
core   0: 0x8001254a (0x00001f17) auipc   t5, 0x1
core   0: 3 0x8001254a (0x00001f17) x30 0x8001354a
core   0: 0x8001254e (0xaa3f2b23) sw      gp, -1354(t5)
core   0: 3 0x8001254e (0xaa3f2b23) mem 0x80013000 0x00000001
core   0: 0x80012552 (0x0000bfe5) c.j     pc - 8
core   0: 3 0x80012552 (0xbfe5)
core   0: 0x8001254a (0x00001f17) auipc   t5, 0x1
core   0: 3 0x8001254a (0x00001f17) x30 0x8001354a
core   0: 0x8001254e (0xaa3f2b23) sw      gp, -1354(t5)
core   0: 3 0x8001254e (0xaa3f2b23) mem 0x80013000 0x00000001
core   0: 0x80012552 (0x0000bfe5) c.j     pc - 8
core   0: 3 0x80012552 (0xbfe5)
core   0: 0x8001254a (0x00001f17) auipc   t5, 0x1
core   0: 3 0x8001254a (0x00001f17) x30 0x8001354a
core   0: 0x8001254e (0xaa3f2b23) sw      gp, -1354(t5)
core   0: 3 0x8001254e (0xaa3f2b23) mem 0x80013000 0x00000001
core   0: 0x80012552 (0x0000bfe5) c.j     pc - 8
core   0: 3 0x80012552 (0xbfe5)
core   0: 0x8001254a (0x00001f17) auipc   t5, 0x1
core   0: 3 0x8001254a (0x00001f17) x30 0x8001354a
core   0: 0x8001254e (0xaa3f2b23) sw      gp, -1354(t5)
core   0: 3 0x8001254e (0xaa3f2b23) mem 0x80013000 0x00000001
core   0: 0x80012552 (0x0000bfe5) c.j     pc - 8
core   0: 3 0x80012552 (0xbfe5)
core   0: 0x8001254a (0x00001f17) auipc   t5, 0x1
core   0: 3 0x8001254a (0x00001f17) x30 0x8001354a
core   0: 0x8001254e (0xaa3f2b23) sw      gp, -1354(t5)
core   0: 3 0x8001254e (0xaa3f2b23) mem 0x80013000 0x00000001
core   0: 0x80012552 (0x0000bfe5) c.j     pc - 8
core   0: 3 0x80012552 (0xbfe5)
core   0: 0x8001254a (0x00001f17) auipc   t5, 0x1
core   0: 3 0x8001254a (0x00001f17) x30 0x8001354a
core   0: 0x8001254e (0xaa3f2b23) sw      gp, -1354(t5)
core   0: 3 0x8001254e (0xaa3f2b23) mem 0x80013000 0x00000001
core   0: 0x80012552 (0x0000bfe5) c.j     pc - 8
core   0: 3 0x80012552 (0xbfe5)
core   0: 0x8001254a (0x00001f17) auipc   t5, 0x1
core   0: 3 0x8001254a (0x00001f17) x30 0x8001354a
core   0: 0x8001254e (0xaa3f2b23) sw      gp, -1354(t5)
core   0: 3 0x8001254e (0xaa3f2b23) mem 0x80013000 0x00000001
core   0: 0x80012552 (0x0000bfe5) c.j     pc - 8
core   0: 3 0x80012552 (0xbfe5)
core   0: 0x8001254a (0x00001f17) auipc   t5, 0x1
core   0: 3 0x8001254a (0x00001f17) x30 0x8001354a
core   0: 0x8001254e (0xaa3f2b23) sw      gp, -1354(t5)
core   0: 3 0x8001254e (0xaa3f2b23) mem 0x80013000 0x00000001
core   0: 0x80012552 (0x0000bfe5) c.j     pc - 8
core   0: 3 0x80012552 (0xbfe5)
core   0: 0x8001254a (0x00001f17) auipc   t5, 0x1
core   0: 3 0x8001254a (0x00001f17) x30 0x8001354a
core   0: 0x8001254e (0xaa3f2b23) sw      gp, -1354(t5)
core   0: 3 0x8001254e (0xaa3f2b23) mem 0x80013000 0x00000001
core   0: 0x80012552 (0x0000bfe5) c.j     pc - 8
core   0: 3 0x80012552 (0xbfe5)
core   0: 0x8001254a (0x00001f17) auipc   t5, 0x1
core   0: 3 0x8001254a (0x00001f17) x30 0x8001354a
core   0: 0x8001254e (0xaa3f2b23) sw      gp, -1354(t5)
core   0: 3 0x8001254e (0xaa3f2b23) mem 0x80013000 0x00000001
core   0: 0x80012552 (0x0000bfe5) c.j     pc - 8
core   0: 3 0x80012552 (0xbfe5)
core   0: 0x8001254a (0x00001f17) auipc   t5, 0x1
core   0: 3 0x8001254a (0x00001f17) x30 0x8001354a
core   0: 0x8001254e (0xaa3f2b23) sw      gp, -1354(t5)
core   0: 3 0x8001254e (0xaa3f2b23) mem 0x80013000 0x00000001
core   0: 0x80012552 (0x0000bfe5) c.j     pc - 8
core   0: 3 0x80012552 (0xbfe5)
core   0: 0x8001254a (0x00001f17) auipc   t5, 0x1
core   0: 3 0x8001254a (0x00001f17) x30 0x8001354a
core   0: 0x8001254e (0xaa3f2b23) sw      gp, -1354(t5)
core   0: 3 0x8001254e (0xaa3f2b23) mem 0x80013000 0x00000001
core   0: 0x80012552 (0x0000bfe5) c.j     pc - 8
core   0: 3 0x80012552 (0xbfe5)
core   0: 0x8001254a (0x00001f17) auipc   t5, 0x1
core   0: 3 0x8001254a (0x00001f17) x30 0x8001354a
core   0: 0x8001254e (0xaa3f2b23) sw      gp, -1354(t5)
core   0: 3 0x8001254e (0xaa3f2b23) mem 0x80013000 0x00000001
core   0: 0x80012552 (0x0000bfe5) c.j     pc - 8
core   0: 3 0x80012552 (0xbfe5)
core   0: 0x8001254a (0x00001f17) auipc   t5, 0x1
core   0: 3 0x8001254a (0x00001f17) x30 0x8001354a
core   0: 0x8001254e (0xaa3f2b23) sw      gp, -1354(t5)
core   0: 3 0x8001254e (0xaa3f2b23) mem 0x80013000 0x00000001
core   0: 0x80012552 (0x0000bfe5) c.j     pc - 8
core   0: 3 0x80012552 (0xbfe5)
core   0: 0x8001254a (0x00001f17) auipc   t5, 0x1
core   0: 3 0x8001254a (0x00001f17) x30 0x8001354a
core   0: 0x8001254e (0xaa3f2b23) sw      gp, -1354(t5)
core   0: 3 0x8001254e (0xaa3f2b23) mem 0x80013000 0x00000001
core   0: 0x80012552 (0x0000bfe5) c.j     pc - 8
core   0: 3 0x80012552 (0xbfe5)
core   0: 0x8001254a (0x00001f17) auipc   t5, 0x1
core   0: 3 0x8001254a (0x00001f17) x30 0x8001354a
core   0: 0x8001254e (0xaa3f2b23) sw      gp, -1354(t5)
core   0: 3 0x8001254e (0xaa3f2b23) mem 0x80013000 0x00000001
core   0: 0x80012552 (0x0000bfe5) c.j     pc - 8
core   0: 3 0x80012552 (0xbfe5)
core   0: 0x8001254a (0x00001f17) auipc   t5, 0x1
core   0: 3 0x8001254a (0x00001f17) x30 0x8001354a
core   0: 0x8001254e (0xaa3f2b23) sw      gp, -1354(t5)
core   0: 3 0x8001254e (0xaa3f2b23) mem 0x80013000 0x00000001
core   0: 0x80012552 (0x0000bfe5) c.j     pc - 8
core   0: 3 0x80012552 (0xbfe5)
core   0: 0x8001254a (0x00001f17) auipc   t5, 0x1
core   0: 3 0x8001254a (0x00001f17) x30 0x8001354a
core   0: 0x8001254e (0xaa3f2b23) sw      gp, -1354(t5)
core   0: 3 0x8001254e (0xaa3f2b23) mem 0x80013000 0x00000001
core   0: 0x80012552 (0x0000bfe5) c.j     pc - 8
core   0: 3 0x80012552 (0xbfe5)
core   0: 0x8001254a (0x00001f17) auipc   t5, 0x1
core   0: 3 0x8001254a (0x00001f17) x30 0x8001354a
core   0: 0x8001254e (0xaa3f2b23) sw      gp, -1354(t5)
core   0: 3 0x8001254e (0xaa3f2b23) mem 0x80013000 0x00000001
core   0: 0x80012552 (0x0000bfe5) c.j     pc - 8
core   0: 3 0x80012552 (0xbfe5)
core   0: 0x8001254a (0x00001f17) auipc   t5, 0x1
core   0: 3 0x8001254a (0x00001f17) x30 0x8001354a
core   0: 0x8001254e (0xaa3f2b23) sw      gp, -1354(t5)
core   0: 3 0x8001254e (0xaa3f2b23) mem 0x80013000 0x00000001
core   0: 0x80012552 (0x0000bfe5) c.j     pc - 8
core   0: 3 0x80012552 (0xbfe5)
core   0: 0x8001254a (0x00001f17) auipc   t5, 0x1
core   0: 3 0x8001254a (0x00001f17) x30 0x8001354a
core   0: 0x8001254e (0xaa3f2b23) sw      gp, -1354(t5)
core   0: 3 0x8001254e (0xaa3f2b23) mem 0x80013000 0x00000001
core   0: 0x80012552 (0x0000bfe5) c.j     pc - 8
core   0: 3 0x80012552 (0xbfe5)
core   0: 0x8001254a (0x00001f17) auipc   t5, 0x1
core   0: 3 0x8001254a (0x00001f17) x30 0x8001354a
core   0: 0x8001254e (0xaa3f2b23) sw      gp, -1354(t5)
core   0: 3 0x8001254e (0xaa3f2b23) mem 0x80013000 0x00000001
core   0: 0x80012552 (0x0000bfe5) c.j     pc - 8
core   0: 3 0x80012552 (0xbfe5)
core   0: 0x8001254a (0x00001f17) auipc   t5, 0x1
core   0: 3 0x8001254a (0x00001f17) x30 0x8001354a
core   0: 0x8001254e (0xaa3f2b23) sw      gp, -1354(t5)
core   0: 3 0x8001254e (0xaa3f2b23) mem 0x80013000 0x00000001
core   0: 0x80012552 (0x0000bfe5) c.j     pc - 8
core   0: 3 0x80012552 (0xbfe5)
core   0: 0x8001254a (0x00001f17) auipc   t5, 0x1
core   0: 3 0x8001254a (0x00001f17) x30 0x8001354a
core   0: 0x8001254e (0xaa3f2b23) sw      gp, -1354(t5)
core   0: 3 0x8001254e (0xaa3f2b23) mem 0x80013000 0x00000001
core   0: 0x80012552 (0x0000bfe5) c.j     pc - 8
core   0: 3 0x80012552 (0xbfe5)
core   0: 0x8001254a (0x00001f17) auipc   t5, 0x1
core   0: 3 0x8001254a (0x00001f17) x30 0x8001354a
core   0: 0x8001254e (0xaa3f2b23) sw      gp, -1354(t5)
core   0: 3 0x8001254e (0xaa3f2b23) mem 0x80013000 0x00000001
core   0: 0x80012552 (0x0000bfe5) c.j     pc - 8
core   0: 3 0x80012552 (0xbfe5)
core   0: 0x8001254a (0x00001f17) auipc   t5, 0x1
core   0: 3 0x8001254a (0x00001f17) x30 0x8001354a
core   0: 0x8001254e (0xaa3f2b23) sw      gp, -1354(t5)
core   0: 3 0x8001254e (0xaa3f2b23) mem 0x80013000 0x00000001
core   0: 0x80012552 (0x0000bfe5) c.j     pc - 8
core   0: 3 0x80012552 (0xbfe5)
core   0: 0x8001254a (0x00001f17) auipc   t5, 0x1
core   0: 3 0x8001254a (0x00001f17) x30 0x8001354a
core   0: 0x8001254e (0xaa3f2b23) sw      gp, -1354(t5)
core   0: 3 0x8001254e (0xaa3f2b23) mem 0x80013000 0x00000001
core   0: 0x80012552 (0x0000bfe5) c.j     pc - 8
core   0: 3 0x80012552 (0xbfe5)
core   0: 0x8001254a (0x00001f17) auipc   t5, 0x1
core   0: 3 0x8001254a (0x00001f17) x30 0x8001354a
core   0: 0x8001254e (0xaa3f2b23) sw      gp, -1354(t5)
core   0: 3 0x8001254e (0xaa3f2b23) mem 0x80013000 0x00000001
core   0: 0x80012552 (0x0000bfe5) c.j     pc - 8
core   0: 3 0x80012552 (0xbfe5)
core   0: 0x8001254a (0x00001f17) auipc   t5, 0x1
core   0: 3 0x8001254a (0x00001f17) x30 0x8001354a
core   0: 0x8001254e (0xaa3f2b23) sw      gp, -1354(t5)
core   0: 3 0x8001254e (0xaa3f2b23) mem 0x80013000 0x00000001
core   0: 0x80012552 (0x0000bfe5) c.j     pc - 8
core   0: 3 0x80012552 (0xbfe5)
core   0: 0x8001254a (0x00001f17) auipc   t5, 0x1
core   0: 3 0x8001254a (0x00001f17) x30 0x8001354a
core   0: 0x8001254e (0xaa3f2b23) sw      gp, -1354(t5)
core   0: 3 0x8001254e (0xaa3f2b23) mem 0x80013000 0x00000001
core   0: 0x80012552 (0x0000bfe5) c.j     pc - 8
core   0: 3 0x80012552 (0xbfe5)
core   0: 0x8001254a (0x00001f17) auipc   t5, 0x1
core   0: 3 0x8001254a (0x00001f17) x30 0x8001354a
core   0: 0x8001254e (0xaa3f2b23) sw      gp, -1354(t5)
core   0: 3 0x8001254e (0xaa3f2b23) mem 0x80013000 0x00000001
core   0: 0x80012552 (0x0000bfe5) c.j     pc - 8
core   0: 3 0x80012552 (0xbfe5)
core   0: 0x8001254a (0x00001f17) auipc   t5, 0x1
core   0: 3 0x8001254a (0x00001f17) x30 0x8001354a
core   0: 0x8001254e (0xaa3f2b23) sw      gp, -1354(t5)
core   0: 3 0x8001254e (0xaa3f2b23) mem 0x80013000 0x00000001
core   0: 0x80012552 (0x0000bfe5) c.j     pc - 8
core   0: 3 0x80012552 (0xbfe5)
core   0: 0x8001254a (0x00001f17) auipc   t5, 0x1
core   0: 3 0x8001254a (0x00001f17) x30 0x8001354a
core   0: 0x8001254e (0xaa3f2b23) sw      gp, -1354(t5)
core   0: 3 0x8001254e (0xaa3f2b23) mem 0x80013000 0x00000001
core   0: 0x80012552 (0x0000bfe5) c.j     pc - 8
core   0: 3 0x80012552 (0xbfe5)
core   0: 0x8001254a (0x00001f17) auipc   t5, 0x1
core   0: 3 0x8001254a (0x00001f17) x30 0x8001354a
core   0: 0x8001254e (0xaa3f2b23) sw      gp, -1354(t5)
core   0: 3 0x8001254e (0xaa3f2b23) mem 0x80013000 0x00000001
core   0: 0x80012552 (0x0000bfe5) c.j     pc - 8
core   0: 3 0x80012552 (0xbfe5)
core   0: 0x8001254a (0x00001f17) auipc   t5, 0x1
core   0: 3 0x8001254a (0x00001f17) x30 0x8001354a
core   0: 0x8001254e (0xaa3f2b23) sw      gp, -1354(t5)
core   0: 3 0x8001254e (0xaa3f2b23) mem 0x80013000 0x00000001
core   0: 0x80012552 (0x0000bfe5) c.j     pc - 8
core   0: 3 0x80012552 (0xbfe5)
core   0: 0x8001254a (0x00001f17) auipc   t5, 0x1
core   0: 3 0x8001254a (0x00001f17) x30 0x8001354a
core   0: 0x8001254e (0xaa3f2b23) sw      gp, -1354(t5)
core   0: 3 0x8001254e (0xaa3f2b23) mem 0x80013000 0x00000001
core   0: 0x80012552 (0x0000bfe5) c.j     pc - 8
core   0: 3 0x80012552 (0xbfe5)
core   0: 0x8001254a (0x00001f17) auipc   t5, 0x1
core   0: 3 0x8001254a (0x00001f17) x30 0x8001354a
core   0: 0x8001254e (0xaa3f2b23) sw      gp, -1354(t5)
core   0: 3 0x8001254e (0xaa3f2b23) mem 0x80013000 0x00000001
core   0: 0x80012552 (0x0000bfe5) c.j     pc - 8
core   0: 3 0x80012552 (0xbfe5)
core   0: 0x8001254a (0x00001f17) auipc   t5, 0x1
core   0: 3 0x8001254a (0x00001f17) x30 0x8001354a
core   0: 0x8001254e (0xaa3f2b23) sw      gp, -1354(t5)
core   0: 3 0x8001254e (0xaa3f2b23) mem 0x80013000 0x00000001
core   0: 0x80012552 (0x0000bfe5) c.j     pc - 8
core   0: 3 0x80012552 (0xbfe5)
core   0: 0x8001254a (0x00001f17) auipc   t5, 0x1
core   0: 3 0x8001254a (0x00001f17) x30 0x8001354a
core   0: 0x8001254e (0xaa3f2b23) sw      gp, -1354(t5)
core   0: 3 0x8001254e (0xaa3f2b23) mem 0x80013000 0x00000001
core   0: 0x80012552 (0x0000bfe5) c.j     pc - 8
core   0: 3 0x80012552 (0xbfe5)
core   0: 0x8001254a (0x00001f17) auipc   t5, 0x1
core   0: 3 0x8001254a (0x00001f17) x30 0x8001354a
core   0: 0x8001254e (0xaa3f2b23) sw      gp, -1354(t5)
core   0: 3 0x8001254e (0xaa3f2b23) mem 0x80013000 0x00000001
core   0: 0x80012552 (0x0000bfe5) c.j     pc - 8
core   0: 3 0x80012552 (0xbfe5)
core   0: 0x8001254a (0x00001f17) auipc   t5, 0x1
core   0: 3 0x8001254a (0x00001f17) x30 0x8001354a
core   0: 0x8001254e (0xaa3f2b23) sw      gp, -1354(t5)
core   0: 3 0x8001254e (0xaa3f2b23) mem 0x80013000 0x00000001
core   0: 0x80012552 (0x0000bfe5) c.j     pc - 8
core   0: 3 0x80012552 (0xbfe5)
core   0: 0x8001254a (0x00001f17) auipc   t5, 0x1
core   0: 3 0x8001254a (0x00001f17) x30 0x8001354a
core   0: 0x8001254e (0xaa3f2b23) sw      gp, -1354(t5)
core   0: 3 0x8001254e (0xaa3f2b23) mem 0x80013000 0x00000001
core   0: 0x80012552 (0x0000bfe5) c.j     pc - 8
core   0: 3 0x80012552 (0xbfe5)
core   0: 0x8001254a (0x00001f17) auipc   t5, 0x1
core   0: 3 0x8001254a (0x00001f17) x30 0x8001354a
core   0: 0x8001254e (0xaa3f2b23) sw      gp, -1354(t5)
core   0: 3 0x8001254e (0xaa3f2b23) mem 0x80013000 0x00000001
core   0: 0x80012552 (0x0000bfe5) c.j     pc - 8
core   0: 3 0x80012552 (0xbfe5)
core   0: 0x8001254a (0x00001f17) auipc   t5, 0x1
core   0: 3 0x8001254a (0x00001f17) x30 0x8001354a
core   0: 0x8001254e (0xaa3f2b23) sw      gp, -1354(t5)
core   0: 3 0x8001254e (0xaa3f2b23) mem 0x80013000 0x00000001
core   0: 0x80012552 (0x0000bfe5) c.j     pc - 8
core   0: 3 0x80012552 (0xbfe5)
core   0: 0x8001254a (0x00001f17) auipc   t5, 0x1
core   0: 3 0x8001254a (0x00001f17) x30 0x8001354a
core   0: 0x8001254e (0xaa3f2b23) sw      gp, -1354(t5)
core   0: 3 0x8001254e (0xaa3f2b23) mem 0x80013000 0x00000001
core   0: 0x80012552 (0x0000bfe5) c.j     pc - 8
core   0: 3 0x80012552 (0xbfe5)
core   0: 0x8001254a (0x00001f17) auipc   t5, 0x1
core   0: 3 0x8001254a (0x00001f17) x30 0x8001354a
core   0: 0x8001254e (0xaa3f2b23) sw      gp, -1354(t5)
core   0: 3 0x8001254e (0xaa3f2b23) mem 0x80013000 0x00000001
core   0: 0x80012552 (0x0000bfe5) c.j     pc - 8
core   0: 3 0x80012552 (0xbfe5)
core   0: 0x8001254a (0x00001f17) auipc   t5, 0x1
core   0: 3 0x8001254a (0x00001f17) x30 0x8001354a
core   0: 0x8001254e (0xaa3f2b23) sw      gp, -1354(t5)
core   0: 3 0x8001254e (0xaa3f2b23) mem 0x80013000 0x00000001
core   0: 0x80012552 (0x0000bfe5) c.j     pc - 8
core   0: 3 0x80012552 (0xbfe5)
core   0: 0x8001254a (0x00001f17) auipc   t5, 0x1
core   0: 3 0x8001254a (0x00001f17) x30 0x8001354a
core   0: 0x8001254e (0xaa3f2b23) sw      gp, -1354(t5)
core   0: 3 0x8001254e (0xaa3f2b23) mem 0x80013000 0x00000001
core   0: 0x80012552 (0x0000bfe5) c.j     pc - 8
core   0: 3 0x80012552 (0xbfe5)
core   0: 0x8001254a (0x00001f17) auipc   t5, 0x1
core   0: 3 0x8001254a (0x00001f17) x30 0x8001354a
core   0: 0x8001254e (0xaa3f2b23) sw      gp, -1354(t5)
core   0: 3 0x8001254e (0xaa3f2b23) mem 0x80013000 0x00000001
core   0: 0x80012552 (0x0000bfe5) c.j     pc - 8
core   0: 3 0x80012552 (0xbfe5)
core   0: 0x8001254a (0x00001f17) auipc   t5, 0x1
core   0: 3 0x8001254a (0x00001f17) x30 0x8001354a
core   0: 0x8001254e (0xaa3f2b23) sw      gp, -1354(t5)
core   0: 3 0x8001254e (0xaa3f2b23) mem 0x80013000 0x00000001
core   0: 0x80012552 (0x0000bfe5) c.j     pc - 8
core   0: 3 0x80012552 (0xbfe5)
core   0: 0x8001254a (0x00001f17) auipc   t5, 0x1
core   0: 3 0x8001254a (0x00001f17) x30 0x8001354a
core   0: 0x8001254e (0xaa3f2b23) sw      gp, -1354(t5)
core   0: 3 0x8001254e (0xaa3f2b23) mem 0x80013000 0x00000001
core   0: 0x80012552 (0x0000bfe5) c.j     pc - 8
core   0: 3 0x80012552 (0xbfe5)
core   0: 0x8001254a (0x00001f17) auipc   t5, 0x1
core   0: 3 0x8001254a (0x00001f17) x30 0x8001354a
core   0: 0x8001254e (0xaa3f2b23) sw      gp, -1354(t5)
core   0: 3 0x8001254e (0xaa3f2b23) mem 0x80013000 0x00000001
core   0: 0x80012552 (0x0000bfe5) c.j     pc - 8
core   0: 3 0x80012552 (0xbfe5)
core   0: 0x8001254a (0x00001f17) auipc   t5, 0x1
core   0: 3 0x8001254a (0x00001f17) x30 0x8001354a
core   0: 0x8001254e (0xaa3f2b23) sw      gp, -1354(t5)
core   0: 3 0x8001254e (0xaa3f2b23) mem 0x80013000 0x00000001
core   0: 0x80012552 (0x0000bfe5) c.j     pc - 8
core   0: 3 0x80012552 (0xbfe5)
core   0: 0x8001254a (0x00001f17) auipc   t5, 0x1
core   0: 3 0x8001254a (0x00001f17) x30 0x8001354a
core   0: 0x8001254e (0xaa3f2b23) sw      gp, -1354(t5)
core   0: 3 0x8001254e (0xaa3f2b23) mem 0x80013000 0x00000001
core   0: 0x80012552 (0x0000bfe5) c.j     pc - 8
core   0: 3 0x80012552 (0xbfe5)
core   0: 0x8001254a (0x00001f17) auipc   t5, 0x1
core   0: 3 0x8001254a (0x00001f17) x30 0x8001354a
core   0: 0x8001254e (0xaa3f2b23) sw      gp, -1354(t5)
core   0: 3 0x8001254e (0xaa3f2b23) mem 0x80013000 0x00000001
core   0: 0x80012552 (0x0000bfe5) c.j     pc - 8
core   0: 3 0x80012552 (0xbfe5)
core   0: 0x8001254a (0x00001f17) auipc   t5, 0x1
core   0: 3 0x8001254a (0x00001f17) x30 0x8001354a
core   0: 0x8001254e (0xaa3f2b23) sw      gp, -1354(t5)
core   0: 3 0x8001254e (0xaa3f2b23) mem 0x80013000 0x00000001
core   0: 0x80012552 (0x0000bfe5) c.j     pc - 8
core   0: 3 0x80012552 (0xbfe5)
core   0: 0x8001254a (0x00001f17) auipc   t5, 0x1
core   0: 3 0x8001254a (0x00001f17) x30 0x8001354a
core   0: 0x8001254e (0xaa3f2b23) sw      gp, -1354(t5)
core   0: 3 0x8001254e (0xaa3f2b23) mem 0x80013000 0x00000001
core   0: 0x80012552 (0x0000bfe5) c.j     pc - 8
core   0: 3 0x80012552 (0xbfe5)
core   0: 0x8001254a (0x00001f17) auipc   t5, 0x1
core   0: 3 0x8001254a (0x00001f17) x30 0x8001354a
core   0: 0x8001254e (0xaa3f2b23) sw      gp, -1354(t5)
core   0: 3 0x8001254e (0xaa3f2b23) mem 0x80013000 0x00000001
core   0: 0x80012552 (0x0000bfe5) c.j     pc - 8
core   0: 3 0x80012552 (0xbfe5)
core   0: 0x8001254a (0x00001f17) auipc   t5, 0x1
core   0: 3 0x8001254a (0x00001f17) x30 0x8001354a
core   0: 0x8001254e (0xaa3f2b23) sw      gp, -1354(t5)
core   0: 3 0x8001254e (0xaa3f2b23) mem 0x80013000 0x00000001
core   0: 0x80012552 (0x0000bfe5) c.j     pc - 8
core   0: 3 0x80012552 (0xbfe5)
core   0: 0x8001254a (0x00001f17) auipc   t5, 0x1
core   0: 3 0x8001254a (0x00001f17) x30 0x8001354a
core   0: 0x8001254e (0xaa3f2b23) sw      gp, -1354(t5)
core   0: 3 0x8001254e (0xaa3f2b23) mem 0x80013000 0x00000001
core   0: 0x80012552 (0x0000bfe5) c.j     pc - 8
core   0: 3 0x80012552 (0xbfe5)
core   0: 0x8001254a (0x00001f17) auipc   t5, 0x1
core   0: 3 0x8001254a (0x00001f17) x30 0x8001354a
core   0: 0x8001254e (0xaa3f2b23) sw      gp, -1354(t5)
core   0: 3 0x8001254e (0xaa3f2b23) mem 0x80013000 0x00000001
core   0: 0x80012552 (0x0000bfe5) c.j     pc - 8
core   0: 3 0x80012552 (0xbfe5)
core   0: 0x8001254a (0x00001f17) auipc   t5, 0x1
core   0: 3 0x8001254a (0x00001f17) x30 0x8001354a
core   0: 0x8001254e (0xaa3f2b23) sw      gp, -1354(t5)
core   0: 3 0x8001254e (0xaa3f2b23) mem 0x80013000 0x00000001
core   0: 0x80012552 (0x0000bfe5) c.j     pc - 8
core   0: 3 0x80012552 (0xbfe5)
core   0: 0x8001254a (0x00001f17) auipc   t5, 0x1
core   0: 3 0x8001254a (0x00001f17) x30 0x8001354a
core   0: 0x8001254e (0xaa3f2b23) sw      gp, -1354(t5)
core   0: 3 0x8001254e (0xaa3f2b23) mem 0x80013000 0x00000001
core   0: 0x80012552 (0x0000bfe5) c.j     pc - 8
core   0: 3 0x80012552 (0xbfe5)
core   0: 0x8001254a (0x00001f17) auipc   t5, 0x1
core   0: 3 0x8001254a (0x00001f17) x30 0x8001354a
core   0: 0x8001254e (0xaa3f2b23) sw      gp, -1354(t5)
core   0: 3 0x8001254e (0xaa3f2b23) mem 0x80013000 0x00000001
core   0: 0x80012552 (0x0000bfe5) c.j     pc - 8
core   0: 3 0x80012552 (0xbfe5)
core   0: 0x8001254a (0x00001f17) auipc   t5, 0x1
core   0: 3 0x8001254a (0x00001f17) x30 0x8001354a
core   0: 0x8001254e (0xaa3f2b23) sw      gp, -1354(t5)
core   0: 3 0x8001254e (0xaa3f2b23) mem 0x80013000 0x00000001
core   0: 0x80012552 (0x0000bfe5) c.j     pc - 8
core   0: 3 0x80012552 (0xbfe5)
core   0: 0x8001254a (0x00001f17) auipc   t5, 0x1
core   0: 3 0x8001254a (0x00001f17) x30 0x8001354a
core   0: 0x8001254e (0xaa3f2b23) sw      gp, -1354(t5)
core   0: 3 0x8001254e (0xaa3f2b23) mem 0x80013000 0x00000001
core   0: 0x80012552 (0x0000bfe5) c.j     pc - 8
core   0: 3 0x80012552 (0xbfe5)
core   0: 0x8001254a (0x00001f17) auipc   t5, 0x1
core   0: 3 0x8001254a (0x00001f17) x30 0x8001354a
core   0: 0x8001254e (0xaa3f2b23) sw      gp, -1354(t5)
core   0: 3 0x8001254e (0xaa3f2b23) mem 0x80013000 0x00000001
core   0: 0x80012552 (0x0000bfe5) c.j     pc - 8
core   0: 3 0x80012552 (0xbfe5)
core   0: 0x8001254a (0x00001f17) auipc   t5, 0x1
core   0: 3 0x8001254a (0x00001f17) x30 0x8001354a
core   0: 0x8001254e (0xaa3f2b23) sw      gp, -1354(t5)
core   0: 3 0x8001254e (0xaa3f2b23) mem 0x80013000 0x00000001
core   0: 0x80012552 (0x0000bfe5) c.j     pc - 8
core   0: 3 0x80012552 (0xbfe5)
core   0: 0x8001254a (0x00001f17) auipc   t5, 0x1
core   0: 3 0x8001254a (0x00001f17) x30 0x8001354a
core   0: 0x8001254e (0xaa3f2b23) sw      gp, -1354(t5)
core   0: 3 0x8001254e (0xaa3f2b23) mem 0x80013000 0x00000001
core   0: 0x80012552 (0x0000bfe5) c.j     pc - 8
core   0: 3 0x80012552 (0xbfe5)
core   0: 0x8001254a (0x00001f17) auipc   t5, 0x1
core   0: 3 0x8001254a (0x00001f17) x30 0x8001354a
core   0: 0x8001254e (0xaa3f2b23) sw      gp, -1354(t5)
core   0: 3 0x8001254e (0xaa3f2b23) mem 0x80013000 0x00000001
core   0: 0x80012552 (0x0000bfe5) c.j     pc - 8
core   0: 3 0x80012552 (0xbfe5)
core   0: 0x8001254a (0x00001f17) auipc   t5, 0x1
core   0: 3 0x8001254a (0x00001f17) x30 0x8001354a
core   0: 0x8001254e (0xaa3f2b23) sw      gp, -1354(t5)
core   0: 3 0x8001254e (0xaa3f2b23) mem 0x80013000 0x00000001
core   0: 0x80012552 (0x0000bfe5) c.j     pc - 8
core   0: 3 0x80012552 (0xbfe5)
core   0: 0x8001254a (0x00001f17) auipc   t5, 0x1
core   0: 3 0x8001254a (0x00001f17) x30 0x8001354a
core   0: 0x8001254e (0xaa3f2b23) sw      gp, -1354(t5)
core   0: 3 0x8001254e (0xaa3f2b23) mem 0x80013000 0x00000001
core   0: 0x80012552 (0x0000bfe5) c.j     pc - 8
core   0: 3 0x80012552 (0xbfe5)
core   0: 0x8001254a (0x00001f17) auipc   t5, 0x1
core   0: 3 0x8001254a (0x00001f17) x30 0x8001354a
core   0: 0x8001254e (0xaa3f2b23) sw      gp, -1354(t5)
core   0: 3 0x8001254e (0xaa3f2b23) mem 0x80013000 0x00000001
core   0: 0x80012552 (0x0000bfe5) c.j     pc - 8
core   0: 3 0x80012552 (0xbfe5)
core   0: 0x8001254a (0x00001f17) auipc   t5, 0x1
core   0: 3 0x8001254a (0x00001f17) x30 0x8001354a
core   0: 0x8001254e (0xaa3f2b23) sw      gp, -1354(t5)
core   0: 3 0x8001254e (0xaa3f2b23) mem 0x80013000 0x00000001
core   0: 0x80012552 (0x0000bfe5) c.j     pc - 8
core   0: 3 0x80012552 (0xbfe5)
core   0: 0x8001254a (0x00001f17) auipc   t5, 0x1
core   0: 3 0x8001254a (0x00001f17) x30 0x8001354a
core   0: 0x8001254e (0xaa3f2b23) sw      gp, -1354(t5)
core   0: 3 0x8001254e (0xaa3f2b23) mem 0x80013000 0x00000001
core   0: 0x80012552 (0x0000bfe5) c.j     pc - 8
core   0: 3 0x80012552 (0xbfe5)
core   0: 0x8001254a (0x00001f17) auipc   t5, 0x1
core   0: 3 0x8001254a (0x00001f17) x30 0x8001354a
core   0: 0x8001254e (0xaa3f2b23) sw      gp, -1354(t5)
core   0: 3 0x8001254e (0xaa3f2b23) mem 0x80013000 0x00000001
core   0: 0x80012552 (0x0000bfe5) c.j     pc - 8
core   0: 3 0x80012552 (0xbfe5)
core   0: 0x8001254a (0x00001f17) auipc   t5, 0x1
core   0: 3 0x8001254a (0x00001f17) x30 0x8001354a
core   0: 0x8001254e (0xaa3f2b23) sw      gp, -1354(t5)
core   0: 3 0x8001254e (0xaa3f2b23) mem 0x80013000 0x00000001
core   0: 0x80012552 (0x0000bfe5) c.j     pc - 8
core   0: 3 0x80012552 (0xbfe5)
core   0: 0x8001254a (0x00001f17) auipc   t5, 0x1
core   0: 3 0x8001254a (0x00001f17) x30 0x8001354a
core   0: 0x8001254e (0xaa3f2b23) sw      gp, -1354(t5)
core   0: 3 0x8001254e (0xaa3f2b23) mem 0x80013000 0x00000001
core   0: 0x80012552 (0x0000bfe5) c.j     pc - 8
core   0: 3 0x80012552 (0xbfe5)
core   0: 0x8001254a (0x00001f17) auipc   t5, 0x1
core   0: 3 0x8001254a (0x00001f17) x30 0x8001354a
core   0: 0x8001254e (0xaa3f2b23) sw      gp, -1354(t5)
core   0: 3 0x8001254e (0xaa3f2b23) mem 0x80013000 0x00000001
core   0: 0x80012552 (0x0000bfe5) c.j     pc - 8
core   0: 3 0x80012552 (0xbfe5)
core   0: 0x8001254a (0x00001f17) auipc   t5, 0x1
core   0: 3 0x8001254a (0x00001f17) x30 0x8001354a
core   0: 0x8001254e (0xaa3f2b23) sw      gp, -1354(t5)
core   0: 3 0x8001254e (0xaa3f2b23) mem 0x80013000 0x00000001
core   0: 0x80012552 (0x0000bfe5) c.j     pc - 8
core   0: 3 0x80012552 (0xbfe5)
core   0: 0x8001254a (0x00001f17) auipc   t5, 0x1
core   0: 3 0x8001254a (0x00001f17) x30 0x8001354a
core   0: 0x8001254e (0xaa3f2b23) sw      gp, -1354(t5)
core   0: 3 0x8001254e (0xaa3f2b23) mem 0x80013000 0x00000001
core   0: 0x80012552 (0x0000bfe5) c.j     pc - 8
core   0: 3 0x80012552 (0xbfe5)
core   0: 0x8001254a (0x00001f17) auipc   t5, 0x1
core   0: 3 0x8001254a (0x00001f17) x30 0x8001354a
core   0: 0x8001254e (0xaa3f2b23) sw      gp, -1354(t5)
core   0: 3 0x8001254e (0xaa3f2b23) mem 0x80013000 0x00000001
core   0: 0x80012552 (0x0000bfe5) c.j     pc - 8
core   0: 3 0x80012552 (0xbfe5)
core   0: 0x8001254a (0x00001f17) auipc   t5, 0x1
core   0: 3 0x8001254a (0x00001f17) x30 0x8001354a
core   0: 0x8001254e (0xaa3f2b23) sw      gp, -1354(t5)
core   0: 3 0x8001254e (0xaa3f2b23) mem 0x80013000 0x00000001
core   0: 0x80012552 (0x0000bfe5) c.j     pc - 8
core   0: 3 0x80012552 (0xbfe5)
core   0: 0x8001254a (0x00001f17) auipc   t5, 0x1
core   0: 3 0x8001254a (0x00001f17) x30 0x8001354a
core   0: 0x8001254e (0xaa3f2b23) sw      gp, -1354(t5)
core   0: 3 0x8001254e (0xaa3f2b23) mem 0x80013000 0x00000001
core   0: 0x80012552 (0x0000bfe5) c.j     pc - 8
core   0: 3 0x80012552 (0xbfe5)
core   0: 0x8001254a (0x00001f17) auipc   t5, 0x1
core   0: 3 0x8001254a (0x00001f17) x30 0x8001354a
core   0: 0x8001254e (0xaa3f2b23) sw      gp, -1354(t5)
core   0: 3 0x8001254e (0xaa3f2b23) mem 0x80013000 0x00000001
core   0: 0x80012552 (0x0000bfe5) c.j     pc - 8
core   0: 3 0x80012552 (0xbfe5)
core   0: 0x8001254a (0x00001f17) auipc   t5, 0x1
core   0: 3 0x8001254a (0x00001f17) x30 0x8001354a
core   0: 0x8001254e (0xaa3f2b23) sw      gp, -1354(t5)
core   0: 3 0x8001254e (0xaa3f2b23) mem 0x80013000 0x00000001
core   0: 0x80012552 (0x0000bfe5) c.j     pc - 8
core   0: 3 0x80012552 (0xbfe5)
core   0: 0x8001254a (0x00001f17) auipc   t5, 0x1
core   0: 3 0x8001254a (0x00001f17) x30 0x8001354a
core   0: 0x8001254e (0xaa3f2b23) sw      gp, -1354(t5)
core   0: 3 0x8001254e (0xaa3f2b23) mem 0x80013000 0x00000001
core   0: 0x80012552 (0x0000bfe5) c.j     pc - 8
core   0: 3 0x80012552 (0xbfe5)
core   0: 0x8001254a (0x00001f17) auipc   t5, 0x1
core   0: 3 0x8001254a (0x00001f17) x30 0x8001354a
core   0: 0x8001254e (0xaa3f2b23) sw      gp, -1354(t5)
core   0: 3 0x8001254e (0xaa3f2b23) mem 0x80013000 0x00000001
core   0: 0x80012552 (0x0000bfe5) c.j     pc - 8
core   0: 3 0x80012552 (0xbfe5)
core   0: 0x8001254a (0x00001f17) auipc   t5, 0x1
core   0: 3 0x8001254a (0x00001f17) x30 0x8001354a
core   0: 0x8001254e (0xaa3f2b23) sw      gp, -1354(t5)
core   0: 3 0x8001254e (0xaa3f2b23) mem 0x80013000 0x00000001
core   0: 0x80012552 (0x0000bfe5) c.j     pc - 8
core   0: 3 0x80012552 (0xbfe5)
core   0: 0x8001254a (0x00001f17) auipc   t5, 0x1
core   0: 3 0x8001254a (0x00001f17) x30 0x8001354a
core   0: 0x8001254e (0xaa3f2b23) sw      gp, -1354(t5)
core   0: 3 0x8001254e (0xaa3f2b23) mem 0x80013000 0x00000001
core   0: 0x80012552 (0x0000bfe5) c.j     pc - 8
core   0: 3 0x80012552 (0xbfe5)
core   0: 0x8001254a (0x00001f17) auipc   t5, 0x1
core   0: 3 0x8001254a (0x00001f17) x30 0x8001354a
core   0: 0x8001254e (0xaa3f2b23) sw      gp, -1354(t5)
core   0: 3 0x8001254e (0xaa3f2b23) mem 0x80013000 0x00000001
core   0: 0x80012552 (0x0000bfe5) c.j     pc - 8
core   0: 3 0x80012552 (0xbfe5)
core   0: 0x8001254a (0x00001f17) auipc   t5, 0x1
core   0: 3 0x8001254a (0x00001f17) x30 0x8001354a
core   0: 0x8001254e (0xaa3f2b23) sw      gp, -1354(t5)
core   0: 3 0x8001254e (0xaa3f2b23) mem 0x80013000 0x00000001
core   0: 0x80012552 (0x0000bfe5) c.j     pc - 8
core   0: 3 0x80012552 (0xbfe5)
core   0: 0x8001254a (0x00001f17) auipc   t5, 0x1
core   0: 3 0x8001254a (0x00001f17) x30 0x8001354a
core   0: 0x8001254e (0xaa3f2b23) sw      gp, -1354(t5)
core   0: 3 0x8001254e (0xaa3f2b23) mem 0x80013000 0x00000001
core   0: 0x80012552 (0x0000bfe5) c.j     pc - 8
core   0: 3 0x80012552 (0xbfe5)
core   0: 0x8001254a (0x00001f17) auipc   t5, 0x1
core   0: 3 0x8001254a (0x00001f17) x30 0x8001354a
core   0: 0x8001254e (0xaa3f2b23) sw      gp, -1354(t5)
core   0: 3 0x8001254e (0xaa3f2b23) mem 0x80013000 0x00000001
core   0: 0x80012552 (0x0000bfe5) c.j     pc - 8
core   0: 3 0x80012552 (0xbfe5)
core   0: 0x8001254a (0x00001f17) auipc   t5, 0x1
core   0: 3 0x8001254a (0x00001f17) x30 0x8001354a
core   0: 0x8001254e (0xaa3f2b23) sw      gp, -1354(t5)
core   0: 3 0x8001254e (0xaa3f2b23) mem 0x80013000 0x00000001
core   0: 0x80012552 (0x0000bfe5) c.j     pc - 8
core   0: 3 0x80012552 (0xbfe5)
core   0: 0x8001254a (0x00001f17) auipc   t5, 0x1
core   0: 3 0x8001254a (0x00001f17) x30 0x8001354a
core   0: 0x8001254e (0xaa3f2b23) sw      gp, -1354(t5)
core   0: 3 0x8001254e (0xaa3f2b23) mem 0x80013000 0x00000001
core   0: 0x80012552 (0x0000bfe5) c.j     pc - 8
core   0: 3 0x80012552 (0xbfe5)
core   0: 0x8001254a (0x00001f17) auipc   t5, 0x1
core   0: 3 0x8001254a (0x00001f17) x30 0x8001354a
core   0: 0x8001254e (0xaa3f2b23) sw      gp, -1354(t5)
core   0: 3 0x8001254e (0xaa3f2b23) mem 0x80013000 0x00000001
core   0: 0x80012552 (0x0000bfe5) c.j     pc - 8
core   0: 3 0x80012552 (0xbfe5)
core   0: 0x8001254a (0x00001f17) auipc   t5, 0x1
core   0: 3 0x8001254a (0x00001f17) x30 0x8001354a
core   0: 0x8001254e (0xaa3f2b23) sw      gp, -1354(t5)
core   0: 3 0x8001254e (0xaa3f2b23) mem 0x80013000 0x00000001
core   0: 0x80012552 (0x0000bfe5) c.j     pc - 8
core   0: 3 0x80012552 (0xbfe5)
core   0: 0x8001254a (0x00001f17) auipc   t5, 0x1
core   0: 3 0x8001254a (0x00001f17) x30 0x8001354a
core   0: 0x8001254e (0xaa3f2b23) sw      gp, -1354(t5)
core   0: 3 0x8001254e (0xaa3f2b23) mem 0x80013000 0x00000001
core   0: 0x80012552 (0x0000bfe5) c.j     pc - 8
core   0: 3 0x80012552 (0xbfe5)
core   0: 0x8001254a (0x00001f17) auipc   t5, 0x1
core   0: 3 0x8001254a (0x00001f17) x30 0x8001354a
core   0: 0x8001254e (0xaa3f2b23) sw      gp, -1354(t5)
core   0: 3 0x8001254e (0xaa3f2b23) mem 0x80013000 0x00000001
core   0: 0x80012552 (0x0000bfe5) c.j     pc - 8
core   0: 3 0x80012552 (0xbfe5)
core   0: 0x8001254a (0x00001f17) auipc   t5, 0x1
core   0: 3 0x8001254a (0x00001f17) x30 0x8001354a
core   0: 0x8001254e (0xaa3f2b23) sw      gp, -1354(t5)
core   0: 3 0x8001254e (0xaa3f2b23) mem 0x80013000 0x00000001
core   0: 0x80012552 (0x0000bfe5) c.j     pc - 8
core   0: 3 0x80012552 (0xbfe5)
core   0: 0x8001254a (0x00001f17) auipc   t5, 0x1
core   0: 3 0x8001254a (0x00001f17) x30 0x8001354a
core   0: 0x8001254e (0xaa3f2b23) sw      gp, -1354(t5)
core   0: 3 0x8001254e (0xaa3f2b23) mem 0x80013000 0x00000001
core   0: 0x80012552 (0x0000bfe5) c.j     pc - 8
core   0: 3 0x80012552 (0xbfe5)
core   0: 0x8001254a (0x00001f17) auipc   t5, 0x1
core   0: 3 0x8001254a (0x00001f17) x30 0x8001354a
core   0: 0x8001254e (0xaa3f2b23) sw      gp, -1354(t5)
core   0: 3 0x8001254e (0xaa3f2b23) mem 0x80013000 0x00000001
core   0: 0x80012552 (0x0000bfe5) c.j     pc - 8
core   0: 3 0x80012552 (0xbfe5)
core   0: 0x8001254a (0x00001f17) auipc   t5, 0x1
core   0: 3 0x8001254a (0x00001f17) x30 0x8001354a
core   0: 0x8001254e (0xaa3f2b23) sw      gp, -1354(t5)
core   0: 3 0x8001254e (0xaa3f2b23) mem 0x80013000 0x00000001
core   0: 0x80012552 (0x0000bfe5) c.j     pc - 8
core   0: 3 0x80012552 (0xbfe5)
core   0: 0x8001254a (0x00001f17) auipc   t5, 0x1
core   0: 3 0x8001254a (0x00001f17) x30 0x8001354a
core   0: 0x8001254e (0xaa3f2b23) sw      gp, -1354(t5)
core   0: 3 0x8001254e (0xaa3f2b23) mem 0x80013000 0x00000001
core   0: 0x80012552 (0x0000bfe5) c.j     pc - 8
core   0: 3 0x80012552 (0xbfe5)
core   0: 0x8001254a (0x00001f17) auipc   t5, 0x1
core   0: 3 0x8001254a (0x00001f17) x30 0x8001354a
core   0: 0x8001254e (0xaa3f2b23) sw      gp, -1354(t5)
core   0: 3 0x8001254e (0xaa3f2b23) mem 0x80013000 0x00000001
core   0: 0x80012552 (0x0000bfe5) c.j     pc - 8
core   0: 3 0x80012552 (0xbfe5)
core   0: 0x8001254a (0x00001f17) auipc   t5, 0x1
core   0: 3 0x8001254a (0x00001f17) x30 0x8001354a
core   0: 0x8001254e (0xaa3f2b23) sw      gp, -1354(t5)
core   0: 3 0x8001254e (0xaa3f2b23) mem 0x80013000 0x00000001
core   0: 0x80012552 (0x0000bfe5) c.j     pc - 8
core   0: 3 0x80012552 (0xbfe5)
core   0: 0x8001254a (0x00001f17) auipc   t5, 0x1
core   0: 3 0x8001254a (0x00001f17) x30 0x8001354a
core   0: 0x8001254e (0xaa3f2b23) sw      gp, -1354(t5)
core   0: 3 0x8001254e (0xaa3f2b23) mem 0x80013000 0x00000001
core   0: 0x80012552 (0x0000bfe5) c.j     pc - 8
core   0: 3 0x80012552 (0xbfe5)
core   0: 0x8001254a (0x00001f17) auipc   t5, 0x1
core   0: 3 0x8001254a (0x00001f17) x30 0x8001354a
core   0: 0x8001254e (0xaa3f2b23) sw      gp, -1354(t5)
core   0: 3 0x8001254e (0xaa3f2b23) mem 0x80013000 0x00000001
core   0: 0x80012552 (0x0000bfe5) c.j     pc - 8
core   0: 3 0x80012552 (0xbfe5)
core   0: 0x8001254a (0x00001f17) auipc   t5, 0x1
core   0: 3 0x8001254a (0x00001f17) x30 0x8001354a
core   0: 0x8001254e (0xaa3f2b23) sw      gp, -1354(t5)
core   0: 3 0x8001254e (0xaa3f2b23) mem 0x80013000 0x00000001
core   0: 0x80012552 (0x0000bfe5) c.j     pc - 8
core   0: 3 0x80012552 (0xbfe5)
core   0: 0x8001254a (0x00001f17) auipc   t5, 0x1
core   0: 3 0x8001254a (0x00001f17) x30 0x8001354a
core   0: 0x8001254e (0xaa3f2b23) sw      gp, -1354(t5)
core   0: 3 0x8001254e (0xaa3f2b23) mem 0x80013000 0x00000001
core   0: 0x80012552 (0x0000bfe5) c.j     pc - 8
core   0: 3 0x80012552 (0xbfe5)
core   0: 0x8001254a (0x00001f17) auipc   t5, 0x1
core   0: 3 0x8001254a (0x00001f17) x30 0x8001354a
core   0: 0x8001254e (0xaa3f2b23) sw      gp, -1354(t5)
core   0: 3 0x8001254e (0xaa3f2b23) mem 0x80013000 0x00000001
core   0: 0x80012552 (0x0000bfe5) c.j     pc - 8
core   0: 3 0x80012552 (0xbfe5)
core   0: 0x8001254a (0x00001f17) auipc   t5, 0x1
core   0: 3 0x8001254a (0x00001f17) x30 0x8001354a
core   0: 0x8001254e (0xaa3f2b23) sw      gp, -1354(t5)
core   0: 3 0x8001254e (0xaa3f2b23) mem 0x80013000 0x00000001
core   0: 0x80012552 (0x0000bfe5) c.j     pc - 8
core   0: 3 0x80012552 (0xbfe5)
core   0: 0x8001254a (0x00001f17) auipc   t5, 0x1
core   0: 3 0x8001254a (0x00001f17) x30 0x8001354a
core   0: 0x8001254e (0xaa3f2b23) sw      gp, -1354(t5)
core   0: 3 0x8001254e (0xaa3f2b23) mem 0x80013000 0x00000001
core   0: 0x80012552 (0x0000bfe5) c.j     pc - 8
core   0: 3 0x80012552 (0xbfe5)
core   0: 0x8001254a (0x00001f17) auipc   t5, 0x1
core   0: 3 0x8001254a (0x00001f17) x30 0x8001354a
core   0: 0x8001254e (0xaa3f2b23) sw      gp, -1354(t5)
core   0: 3 0x8001254e (0xaa3f2b23) mem 0x80013000 0x00000001
core   0: 0x80012552 (0x0000bfe5) c.j     pc - 8
core   0: 3 0x80012552 (0xbfe5)
core   0: 0x8001254a (0x00001f17) auipc   t5, 0x1
core   0: 3 0x8001254a (0x00001f17) x30 0x8001354a
core   0: 0x8001254e (0xaa3f2b23) sw      gp, -1354(t5)
core   0: 3 0x8001254e (0xaa3f2b23) mem 0x80013000 0x00000001
core   0: 0x80012552 (0x0000bfe5) c.j     pc - 8
core   0: 3 0x80012552 (0xbfe5)
core   0: 0x8001254a (0x00001f17) auipc   t5, 0x1
core   0: 3 0x8001254a (0x00001f17) x30 0x8001354a
core   0: 0x8001254e (0xaa3f2b23) sw      gp, -1354(t5)
core   0: 3 0x8001254e (0xaa3f2b23) mem 0x80013000 0x00000001
core   0: 0x80012552 (0x0000bfe5) c.j     pc - 8
core   0: 3 0x80012552 (0xbfe5)
core   0: 0x8001254a (0x00001f17) auipc   t5, 0x1
core   0: 3 0x8001254a (0x00001f17) x30 0x8001354a
core   0: 0x8001254e (0xaa3f2b23) sw      gp, -1354(t5)
core   0: 3 0x8001254e (0xaa3f2b23) mem 0x80013000 0x00000001
core   0: 0x80012552 (0x0000bfe5) c.j     pc - 8
core   0: 3 0x80012552 (0xbfe5)
core   0: 0x8001254a (0x00001f17) auipc   t5, 0x1
core   0: 3 0x8001254a (0x00001f17) x30 0x8001354a
core   0: 0x8001254e (0xaa3f2b23) sw      gp, -1354(t5)
core   0: 3 0x8001254e (0xaa3f2b23) mem 0x80013000 0x00000001
core   0: 0x80012552 (0x0000bfe5) c.j     pc - 8
core   0: 3 0x80012552 (0xbfe5)
core   0: 0x8001254a (0x00001f17) auipc   t5, 0x1
core   0: 3 0x8001254a (0x00001f17) x30 0x8001354a
core   0: 0x8001254e (0xaa3f2b23) sw      gp, -1354(t5)
core   0: 3 0x8001254e (0xaa3f2b23) mem 0x80013000 0x00000001
core   0: 0x80012552 (0x0000bfe5) c.j     pc - 8
core   0: 3 0x80012552 (0xbfe5)
core   0: 0x8001254a (0x00001f17) auipc   t5, 0x1
core   0: 3 0x8001254a (0x00001f17) x30 0x8001354a
core   0: 0x8001254e (0xaa3f2b23) sw      gp, -1354(t5)
core   0: 3 0x8001254e (0xaa3f2b23) mem 0x80013000 0x00000001
core   0: 0x80012552 (0x0000bfe5) c.j     pc - 8
core   0: 3 0x80012552 (0xbfe5)
core   0: 0x8001254a (0x00001f17) auipc   t5, 0x1
core   0: 3 0x8001254a (0x00001f17) x30 0x8001354a
core   0: 0x8001254e (0xaa3f2b23) sw      gp, -1354(t5)
core   0: 3 0x8001254e (0xaa3f2b23) mem 0x80013000 0x00000001
core   0: 0x80012552 (0x0000bfe5) c.j     pc - 8
core   0: 3 0x80012552 (0xbfe5)
core   0: 0x8001254a (0x00001f17) auipc   t5, 0x1
core   0: 3 0x8001254a (0x00001f17) x30 0x8001354a
core   0: 0x8001254e (0xaa3f2b23) sw      gp, -1354(t5)
core   0: 3 0x8001254e (0xaa3f2b23) mem 0x80013000 0x00000001
core   0: 0x80012552 (0x0000bfe5) c.j     pc - 8
core   0: 3 0x80012552 (0xbfe5)
core   0: 0x8001254a (0x00001f17) auipc   t5, 0x1
core   0: 3 0x8001254a (0x00001f17) x30 0x8001354a
core   0: 0x8001254e (0xaa3f2b23) sw      gp, -1354(t5)
core   0: 3 0x8001254e (0xaa3f2b23) mem 0x80013000 0x00000001
core   0: 0x80012552 (0x0000bfe5) c.j     pc - 8
core   0: 3 0x80012552 (0xbfe5)
core   0: 0x8001254a (0x00001f17) auipc   t5, 0x1
core   0: 3 0x8001254a (0x00001f17) x30 0x8001354a
core   0: 0x8001254e (0xaa3f2b23) sw      gp, -1354(t5)
core   0: 3 0x8001254e (0xaa3f2b23) mem 0x80013000 0x00000001
core   0: 0x80012552 (0x0000bfe5) c.j     pc - 8
core   0: 3 0x80012552 (0xbfe5)
core   0: 0x8001254a (0x00001f17) auipc   t5, 0x1
core   0: 3 0x8001254a (0x00001f17) x30 0x8001354a
core   0: 0x8001254e (0xaa3f2b23) sw      gp, -1354(t5)
core   0: 3 0x8001254e (0xaa3f2b23) mem 0x80013000 0x00000001
core   0: 0x80012552 (0x0000bfe5) c.j     pc - 8
core   0: 3 0x80012552 (0xbfe5)
core   0: 0x8001254a (0x00001f17) auipc   t5, 0x1
core   0: 3 0x8001254a (0x00001f17) x30 0x8001354a
core   0: 0x8001254e (0xaa3f2b23) sw      gp, -1354(t5)
core   0: 3 0x8001254e (0xaa3f2b23) mem 0x80013000 0x00000001
core   0: 0x80012552 (0x0000bfe5) c.j     pc - 8
core   0: 3 0x80012552 (0xbfe5)
core   0: 0x8001254a (0x00001f17) auipc   t5, 0x1
core   0: 3 0x8001254a (0x00001f17) x30 0x8001354a
core   0: 0x8001254e (0xaa3f2b23) sw      gp, -1354(t5)
core   0: 3 0x8001254e (0xaa3f2b23) mem 0x80013000 0x00000001
core   0: 0x80012552 (0x0000bfe5) c.j     pc - 8
core   0: 3 0x80012552 (0xbfe5)
core   0: 0x8001254a (0x00001f17) auipc   t5, 0x1
core   0: 3 0x8001254a (0x00001f17) x30 0x8001354a
core   0: 0x8001254e (0xaa3f2b23) sw      gp, -1354(t5)
core   0: 3 0x8001254e (0xaa3f2b23) mem 0x80013000 0x00000001
core   0: 0x80012552 (0x0000bfe5) c.j     pc - 8
core   0: 3 0x80012552 (0xbfe5)
core   0: 0x8001254a (0x00001f17) auipc   t5, 0x1
core   0: 3 0x8001254a (0x00001f17) x30 0x8001354a
core   0: 0x8001254e (0xaa3f2b23) sw      gp, -1354(t5)
core   0: 3 0x8001254e (0xaa3f2b23) mem 0x80013000 0x00000001
core   0: 0x80012552 (0x0000bfe5) c.j     pc - 8
core   0: 3 0x80012552 (0xbfe5)
core   0: 0x8001254a (0x00001f17) auipc   t5, 0x1
core   0: 3 0x8001254a (0x00001f17) x30 0x8001354a
core   0: 0x8001254e (0xaa3f2b23) sw      gp, -1354(t5)
core   0: 3 0x8001254e (0xaa3f2b23) mem 0x80013000 0x00000001
core   0: 0x80012552 (0x0000bfe5) c.j     pc - 8
core   0: 3 0x80012552 (0xbfe5)
core   0: 0x8001254a (0x00001f17) auipc   t5, 0x1
core   0: 3 0x8001254a (0x00001f17) x30 0x8001354a
core   0: 0x8001254e (0xaa3f2b23) sw      gp, -1354(t5)
core   0: 3 0x8001254e (0xaa3f2b23) mem 0x80013000 0x00000001
core   0: 0x80012552 (0x0000bfe5) c.j     pc - 8
core   0: 3 0x80012552 (0xbfe5)
core   0: 0x8001254a (0x00001f17) auipc   t5, 0x1
core   0: 3 0x8001254a (0x00001f17) x30 0x8001354a
core   0: 0x8001254e (0xaa3f2b23) sw      gp, -1354(t5)
core   0: 3 0x8001254e (0xaa3f2b23) mem 0x80013000 0x00000001
core   0: 0x80012552 (0x0000bfe5) c.j     pc - 8
core   0: 3 0x80012552 (0xbfe5)
core   0: 0x8001254a (0x00001f17) auipc   t5, 0x1
core   0: 3 0x8001254a (0x00001f17) x30 0x8001354a
core   0: 0x8001254e (0xaa3f2b23) sw      gp, -1354(t5)
core   0: 3 0x8001254e (0xaa3f2b23) mem 0x80013000 0x00000001
core   0: 0x80012552 (0x0000bfe5) c.j     pc - 8
core   0: 3 0x80012552 (0xbfe5)
core   0: 0x8001254a (0x00001f17) auipc   t5, 0x1
core   0: 3 0x8001254a (0x00001f17) x30 0x8001354a
core   0: 0x8001254e (0xaa3f2b23) sw      gp, -1354(t5)
core   0: 3 0x8001254e (0xaa3f2b23) mem 0x80013000 0x00000001
core   0: 0x80012552 (0x0000bfe5) c.j     pc - 8
core   0: 3 0x80012552 (0xbfe5)
core   0: 0x8001254a (0x00001f17) auipc   t5, 0x1
core   0: 3 0x8001254a (0x00001f17) x30 0x8001354a
core   0: 0x8001254e (0xaa3f2b23) sw      gp, -1354(t5)
core   0: 3 0x8001254e (0xaa3f2b23) mem 0x80013000 0x00000001
core   0: 0x80012552 (0x0000bfe5) c.j     pc - 8
core   0: 3 0x80012552 (0xbfe5)
core   0: 0x8001254a (0x00001f17) auipc   t5, 0x1
core   0: 3 0x8001254a (0x00001f17) x30 0x8001354a
core   0: 0x8001254e (0xaa3f2b23) sw      gp, -1354(t5)
core   0: 3 0x8001254e (0xaa3f2b23) mem 0x80013000 0x00000001
core   0: 0x80012552 (0x0000bfe5) c.j     pc - 8
core   0: 3 0x80012552 (0xbfe5)
core   0: 0x8001254a (0x00001f17) auipc   t5, 0x1
core   0: 3 0x8001254a (0x00001f17) x30 0x8001354a
core   0: 0x8001254e (0xaa3f2b23) sw      gp, -1354(t5)
core   0: 3 0x8001254e (0xaa3f2b23) mem 0x80013000 0x00000001
core   0: 0x80012552 (0x0000bfe5) c.j     pc - 8
core   0: 3 0x80012552 (0xbfe5)
core   0: 0x8001254a (0x00001f17) auipc   t5, 0x1
core   0: 3 0x8001254a (0x00001f17) x30 0x8001354a
core   0: 0x8001254e (0xaa3f2b23) sw      gp, -1354(t5)
core   0: 3 0x8001254e (0xaa3f2b23) mem 0x80013000 0x00000001
core   0: 0x80012552 (0x0000bfe5) c.j     pc - 8
core   0: 3 0x80012552 (0xbfe5)
core   0: 0x8001254a (0x00001f17) auipc   t5, 0x1
core   0: 3 0x8001254a (0x00001f17) x30 0x8001354a
core   0: 0x8001254e (0xaa3f2b23) sw      gp, -1354(t5)
core   0: 3 0x8001254e (0xaa3f2b23) mem 0x80013000 0x00000001
core   0: 0x80012552 (0x0000bfe5) c.j     pc - 8
core   0: 3 0x80012552 (0xbfe5)
core   0: 0x8001254a (0x00001f17) auipc   t5, 0x1
core   0: 3 0x8001254a (0x00001f17) x30 0x8001354a
core   0: 0x8001254e (0xaa3f2b23) sw      gp, -1354(t5)
core   0: 3 0x8001254e (0xaa3f2b23) mem 0x80013000 0x00000001
core   0: 0x80012552 (0x0000bfe5) c.j     pc - 8
core   0: 3 0x80012552 (0xbfe5)
core   0: 0x8001254a (0x00001f17) auipc   t5, 0x1
core   0: 3 0x8001254a (0x00001f17) x30 0x8001354a
core   0: 0x8001254e (0xaa3f2b23) sw      gp, -1354(t5)
core   0: 3 0x8001254e (0xaa3f2b23) mem 0x80013000 0x00000001
core   0: 0x80012552 (0x0000bfe5) c.j     pc - 8
core   0: 3 0x80012552 (0xbfe5)
core   0: 0x8001254a (0x00001f17) auipc   t5, 0x1
core   0: 3 0x8001254a (0x00001f17) x30 0x8001354a
core   0: 0x8001254e (0xaa3f2b23) sw      gp, -1354(t5)
core   0: 3 0x8001254e (0xaa3f2b23) mem 0x80013000 0x00000001
core   0: 0x80012552 (0x0000bfe5) c.j     pc - 8
core   0: 3 0x80012552 (0xbfe5)
core   0: 0x8001254a (0x00001f17) auipc   t5, 0x1
core   0: 3 0x8001254a (0x00001f17) x30 0x8001354a
core   0: 0x8001254e (0xaa3f2b23) sw      gp, -1354(t5)
core   0: 3 0x8001254e (0xaa3f2b23) mem 0x80013000 0x00000001
core   0: 0x80012552 (0x0000bfe5) c.j     pc - 8
core   0: 3 0x80012552 (0xbfe5)
core   0: 0x8001254a (0x00001f17) auipc   t5, 0x1
core   0: 3 0x8001254a (0x00001f17) x30 0x8001354a
core   0: 0x8001254e (0xaa3f2b23) sw      gp, -1354(t5)
core   0: 3 0x8001254e (0xaa3f2b23) mem 0x80013000 0x00000001
core   0: 0x80012552 (0x0000bfe5) c.j     pc - 8
core   0: 3 0x80012552 (0xbfe5)
core   0: 0x8001254a (0x00001f17) auipc   t5, 0x1
core   0: 3 0x8001254a (0x00001f17) x30 0x8001354a
core   0: 0x8001254e (0xaa3f2b23) sw      gp, -1354(t5)
core   0: 3 0x8001254e (0xaa3f2b23) mem 0x80013000 0x00000001
core   0: 0x80012552 (0x0000bfe5) c.j     pc - 8
core   0: 3 0x80012552 (0xbfe5)
core   0: 0x8001254a (0x00001f17) auipc   t5, 0x1
core   0: 3 0x8001254a (0x00001f17) x30 0x8001354a
core   0: 0x8001254e (0xaa3f2b23) sw      gp, -1354(t5)
core   0: 3 0x8001254e (0xaa3f2b23) mem 0x80013000 0x00000001
core   0: 0x80012552 (0x0000bfe5) c.j     pc - 8
core   0: 3 0x80012552 (0xbfe5)
core   0: 0x8001254a (0x00001f17) auipc   t5, 0x1
core   0: 3 0x8001254a (0x00001f17) x30 0x8001354a
core   0: 0x8001254e (0xaa3f2b23) sw      gp, -1354(t5)
core   0: 3 0x8001254e (0xaa3f2b23) mem 0x80013000 0x00000001
core   0: 0x80012552 (0x0000bfe5) c.j     pc - 8
core   0: 3 0x80012552 (0xbfe5)
core   0: 0x8001254a (0x00001f17) auipc   t5, 0x1
core   0: 3 0x8001254a (0x00001f17) x30 0x8001354a
core   0: 0x8001254e (0xaa3f2b23) sw      gp, -1354(t5)
core   0: 3 0x8001254e (0xaa3f2b23) mem 0x80013000 0x00000001
core   0: 0x80012552 (0x0000bfe5) c.j     pc - 8
core   0: 3 0x80012552 (0xbfe5)
core   0: 0x8001254a (0x00001f17) auipc   t5, 0x1
core   0: 3 0x8001254a (0x00001f17) x30 0x8001354a
core   0: 0x8001254e (0xaa3f2b23) sw      gp, -1354(t5)
core   0: 3 0x8001254e (0xaa3f2b23) mem 0x80013000 0x00000001
core   0: 0x80012552 (0x0000bfe5) c.j     pc - 8
core   0: 3 0x80012552 (0xbfe5)
core   0: 0x8001254a (0x00001f17) auipc   t5, 0x1
core   0: 3 0x8001254a (0x00001f17) x30 0x8001354a
core   0: 0x8001254e (0xaa3f2b23) sw      gp, -1354(t5)
core   0: 3 0x8001254e (0xaa3f2b23) mem 0x80013000 0x00000001
core   0: 0x80012552 (0x0000bfe5) c.j     pc - 8
core   0: 3 0x80012552 (0xbfe5)
core   0: 0x8001254a (0x00001f17) auipc   t5, 0x1
core   0: 3 0x8001254a (0x00001f17) x30 0x8001354a
core   0: 0x8001254e (0xaa3f2b23) sw      gp, -1354(t5)
core   0: 3 0x8001254e (0xaa3f2b23) mem 0x80013000 0x00000001
core   0: 0x80012552 (0x0000bfe5) c.j     pc - 8
core   0: 3 0x80012552 (0xbfe5)
core   0: 0x8001254a (0x00001f17) auipc   t5, 0x1
core   0: 3 0x8001254a (0x00001f17) x30 0x8001354a
core   0: 0x8001254e (0xaa3f2b23) sw      gp, -1354(t5)
core   0: 3 0x8001254e (0xaa3f2b23) mem 0x80013000 0x00000001
core   0: 0x80012552 (0x0000bfe5) c.j     pc - 8
core   0: 3 0x80012552 (0xbfe5)
core   0: 0x8001254a (0x00001f17) auipc   t5, 0x1
core   0: 3 0x8001254a (0x00001f17) x30 0x8001354a
core   0: 0x8001254e (0xaa3f2b23) sw      gp, -1354(t5)
core   0: 3 0x8001254e (0xaa3f2b23) mem 0x80013000 0x00000001
core   0: 0x80012552 (0x0000bfe5) c.j     pc - 8
core   0: 3 0x80012552 (0xbfe5)
core   0: 0x8001254a (0x00001f17) auipc   t5, 0x1
core   0: 3 0x8001254a (0x00001f17) x30 0x8001354a
core   0: 0x8001254e (0xaa3f2b23) sw      gp, -1354(t5)
core   0: 3 0x8001254e (0xaa3f2b23) mem 0x80013000 0x00000001
core   0: 0x80012552 (0x0000bfe5) c.j     pc - 8
core   0: 3 0x80012552 (0xbfe5)
core   0: 0x8001254a (0x00001f17) auipc   t5, 0x1
core   0: 3 0x8001254a (0x00001f17) x30 0x8001354a
core   0: 0x8001254e (0xaa3f2b23) sw      gp, -1354(t5)
core   0: 3 0x8001254e (0xaa3f2b23) mem 0x80013000 0x00000001
core   0: 0x80012552 (0x0000bfe5) c.j     pc - 8
core   0: 3 0x80012552 (0xbfe5)
core   0: 0x8001254a (0x00001f17) auipc   t5, 0x1
core   0: 3 0x8001254a (0x00001f17) x30 0x8001354a
core   0: 0x8001254e (0xaa3f2b23) sw      gp, -1354(t5)
core   0: 3 0x8001254e (0xaa3f2b23) mem 0x80013000 0x00000001
core   0: 0x80012552 (0x0000bfe5) c.j     pc - 8
core   0: 3 0x80012552 (0xbfe5)
core   0: 0x8001254a (0x00001f17) auipc   t5, 0x1
core   0: 3 0x8001254a (0x00001f17) x30 0x8001354a
core   0: 0x8001254e (0xaa3f2b23) sw      gp, -1354(t5)
core   0: 3 0x8001254e (0xaa3f2b23) mem 0x80013000 0x00000001
core   0: 0x80012552 (0x0000bfe5) c.j     pc - 8
core   0: 3 0x80012552 (0xbfe5)
core   0: 0x8001254a (0x00001f17) auipc   t5, 0x1
core   0: 3 0x8001254a (0x00001f17) x30 0x8001354a
core   0: 0x8001254e (0xaa3f2b23) sw      gp, -1354(t5)
core   0: 3 0x8001254e (0xaa3f2b23) mem 0x80013000 0x00000001
core   0: 0x80012552 (0x0000bfe5) c.j     pc - 8
core   0: 3 0x80012552 (0xbfe5)
core   0: 0x8001254a (0x00001f17) auipc   t5, 0x1
core   0: 3 0x8001254a (0x00001f17) x30 0x8001354a
core   0: 0x8001254e (0xaa3f2b23) sw      gp, -1354(t5)
core   0: 3 0x8001254e (0xaa3f2b23) mem 0x80013000 0x00000001
core   0: 0x80012552 (0x0000bfe5) c.j     pc - 8
core   0: 3 0x80012552 (0xbfe5)
core   0: 0x8001254a (0x00001f17) auipc   t5, 0x1
core   0: 3 0x8001254a (0x00001f17) x30 0x8001354a
core   0: 0x8001254e (0xaa3f2b23) sw      gp, -1354(t5)
core   0: 3 0x8001254e (0xaa3f2b23) mem 0x80013000 0x00000001
core   0: 0x80012552 (0x0000bfe5) c.j     pc - 8
core   0: 3 0x80012552 (0xbfe5)
core   0: 0x8001254a (0x00001f17) auipc   t5, 0x1
core   0: 3 0x8001254a (0x00001f17) x30 0x8001354a
core   0: 0x8001254e (0xaa3f2b23) sw      gp, -1354(t5)
core   0: 3 0x8001254e (0xaa3f2b23) mem 0x80013000 0x00000001
core   0: 0x80012552 (0x0000bfe5) c.j     pc - 8
core   0: 3 0x80012552 (0xbfe5)
core   0: 0x8001254a (0x00001f17) auipc   t5, 0x1
core   0: 3 0x8001254a (0x00001f17) x30 0x8001354a
core   0: 0x8001254e (0xaa3f2b23) sw      gp, -1354(t5)
core   0: 3 0x8001254e (0xaa3f2b23) mem 0x80013000 0x00000001
core   0: 0x80012552 (0x0000bfe5) c.j     pc - 8
core   0: 3 0x80012552 (0xbfe5)
core   0: 0x8001254a (0x00001f17) auipc   t5, 0x1
core   0: 3 0x8001254a (0x00001f17) x30 0x8001354a
core   0: 0x8001254e (0xaa3f2b23) sw      gp, -1354(t5)
core   0: 3 0x8001254e (0xaa3f2b23) mem 0x80013000 0x00000001
core   0: 0x80012552 (0x0000bfe5) c.j     pc - 8
core   0: 3 0x80012552 (0xbfe5)
core   0: 0x8001254a (0x00001f17) auipc   t5, 0x1
core   0: 3 0x8001254a (0x00001f17) x30 0x8001354a
core   0: 0x8001254e (0xaa3f2b23) sw      gp, -1354(t5)
core   0: 3 0x8001254e (0xaa3f2b23) mem 0x80013000 0x00000001
core   0: 0x80012552 (0x0000bfe5) c.j     pc - 8
core   0: 3 0x80012552 (0xbfe5)
core   0: 0x8001254a (0x00001f17) auipc   t5, 0x1
core   0: 3 0x8001254a (0x00001f17) x30 0x8001354a
core   0: 0x8001254e (0xaa3f2b23) sw      gp, -1354(t5)
core   0: 3 0x8001254e (0xaa3f2b23) mem 0x80013000 0x00000001
core   0: 0x80012552 (0x0000bfe5) c.j     pc - 8
core   0: 3 0x80012552 (0xbfe5)
core   0: 0x8001254a (0x00001f17) auipc   t5, 0x1
core   0: 3 0x8001254a (0x00001f17) x30 0x8001354a
core   0: 0x8001254e (0xaa3f2b23) sw      gp, -1354(t5)
core   0: 3 0x8001254e (0xaa3f2b23) mem 0x80013000 0x00000001
core   0: 0x80012552 (0x0000bfe5) c.j     pc - 8
core   0: 3 0x80012552 (0xbfe5)
core   0: 0x8001254a (0x00001f17) auipc   t5, 0x1
core   0: 3 0x8001254a (0x00001f17) x30 0x8001354a
core   0: 0x8001254e (0xaa3f2b23) sw      gp, -1354(t5)
core   0: 3 0x8001254e (0xaa3f2b23) mem 0x80013000 0x00000001
core   0: 0x80012552 (0x0000bfe5) c.j     pc - 8
core   0: 3 0x80012552 (0xbfe5)
core   0: 0x8001254a (0x00001f17) auipc   t5, 0x1
core   0: 3 0x8001254a (0x00001f17) x30 0x8001354a
core   0: 0x8001254e (0xaa3f2b23) sw      gp, -1354(t5)
core   0: 3 0x8001254e (0xaa3f2b23) mem 0x80013000 0x00000001
core   0: 0x80012552 (0x0000bfe5) c.j     pc - 8
core   0: 3 0x80012552 (0xbfe5)
core   0: 0x8001254a (0x00001f17) auipc   t5, 0x1
core   0: 3 0x8001254a (0x00001f17) x30 0x8001354a
core   0: 0x8001254e (0xaa3f2b23) sw      gp, -1354(t5)
core   0: 3 0x8001254e (0xaa3f2b23) mem 0x80013000 0x00000001
core   0: 0x80012552 (0x0000bfe5) c.j     pc - 8
core   0: 3 0x80012552 (0xbfe5)
core   0: 0x8001254a (0x00001f17) auipc   t5, 0x1
core   0: 3 0x8001254a (0x00001f17) x30 0x8001354a
core   0: 0x8001254e (0xaa3f2b23) sw      gp, -1354(t5)
core   0: 3 0x8001254e (0xaa3f2b23) mem 0x80013000 0x00000001
core   0: 0x80012552 (0x0000bfe5) c.j     pc - 8
core   0: 3 0x80012552 (0xbfe5)
core   0: 0x8001254a (0x00001f17) auipc   t5, 0x1
core   0: 3 0x8001254a (0x00001f17) x30 0x8001354a
core   0: 0x8001254e (0xaa3f2b23) sw      gp, -1354(t5)
core   0: 3 0x8001254e (0xaa3f2b23) mem 0x80013000 0x00000001
core   0: 0x80012552 (0x0000bfe5) c.j     pc - 8
core   0: 3 0x80012552 (0xbfe5)
core   0: 0x8001254a (0x00001f17) auipc   t5, 0x1
core   0: 3 0x8001254a (0x00001f17) x30 0x8001354a
core   0: 0x8001254e (0xaa3f2b23) sw      gp, -1354(t5)
core   0: 3 0x8001254e (0xaa3f2b23) mem 0x80013000 0x00000001
core   0: 0x80012552 (0x0000bfe5) c.j     pc - 8
core   0: 3 0x80012552 (0xbfe5)
core   0: 0x8001254a (0x00001f17) auipc   t5, 0x1
core   0: 3 0x8001254a (0x00001f17) x30 0x8001354a
core   0: 0x8001254e (0xaa3f2b23) sw      gp, -1354(t5)
core   0: 3 0x8001254e (0xaa3f2b23) mem 0x80013000 0x00000001
core   0: 0x80012552 (0x0000bfe5) c.j     pc - 8
core   0: 3 0x80012552 (0xbfe5)
core   0: 0x8001254a (0x00001f17) auipc   t5, 0x1
core   0: 3 0x8001254a (0x00001f17) x30 0x8001354a
core   0: 0x8001254e (0xaa3f2b23) sw      gp, -1354(t5)
core   0: 3 0x8001254e (0xaa3f2b23) mem 0x80013000 0x00000001
core   0: 0x80012552 (0x0000bfe5) c.j     pc - 8
core   0: 3 0x80012552 (0xbfe5)
core   0: 0x8001254a (0x00001f17) auipc   t5, 0x1
core   0: 3 0x8001254a (0x00001f17) x30 0x8001354a
core   0: 0x8001254e (0xaa3f2b23) sw      gp, -1354(t5)
core   0: 3 0x8001254e (0xaa3f2b23) mem 0x80013000 0x00000001
core   0: 0x80012552 (0x0000bfe5) c.j     pc - 8
core   0: 3 0x80012552 (0xbfe5)
core   0: 0x8001254a (0x00001f17) auipc   t5, 0x1
core   0: 3 0x8001254a (0x00001f17) x30 0x8001354a
core   0: 0x8001254e (0xaa3f2b23) sw      gp, -1354(t5)
core   0: 3 0x8001254e (0xaa3f2b23) mem 0x80013000 0x00000001
core   0: 0x80012552 (0x0000bfe5) c.j     pc - 8
core   0: 3 0x80012552 (0xbfe5)
core   0: 0x8001254a (0x00001f17) auipc   t5, 0x1
core   0: 3 0x8001254a (0x00001f17) x30 0x8001354a
core   0: 0x8001254e (0xaa3f2b23) sw      gp, -1354(t5)
core   0: 3 0x8001254e (0xaa3f2b23) mem 0x80013000 0x00000001
core   0: 0x80012552 (0x0000bfe5) c.j     pc - 8
core   0: 3 0x80012552 (0xbfe5)
core   0: 0x8001254a (0x00001f17) auipc   t5, 0x1
core   0: 3 0x8001254a (0x00001f17) x30 0x8001354a
core   0: 0x8001254e (0xaa3f2b23) sw      gp, -1354(t5)
core   0: 3 0x8001254e (0xaa3f2b23) mem 0x80013000 0x00000001
core   0: 0x80012552 (0x0000bfe5) c.j     pc - 8
core   0: 3 0x80012552 (0xbfe5)
core   0: 0x8001254a (0x00001f17) auipc   t5, 0x1
core   0: 3 0x8001254a (0x00001f17) x30 0x8001354a
core   0: 0x8001254e (0xaa3f2b23) sw      gp, -1354(t5)
core   0: 3 0x8001254e (0xaa3f2b23) mem 0x80013000 0x00000001
core   0: 0x80012552 (0x0000bfe5) c.j     pc - 8
core   0: 3 0x80012552 (0xbfe5)
core   0: 0x8001254a (0x00001f17) auipc   t5, 0x1
core   0: 3 0x8001254a (0x00001f17) x30 0x8001354a
core   0: 0x8001254e (0xaa3f2b23) sw      gp, -1354(t5)
core   0: 3 0x8001254e (0xaa3f2b23) mem 0x80013000 0x00000001
core   0: 0x80012552 (0x0000bfe5) c.j     pc - 8
core   0: 3 0x80012552 (0xbfe5)
core   0: 0x8001254a (0x00001f17) auipc   t5, 0x1
core   0: 3 0x8001254a (0x00001f17) x30 0x8001354a
core   0: 0x8001254e (0xaa3f2b23) sw      gp, -1354(t5)
core   0: 3 0x8001254e (0xaa3f2b23) mem 0x80013000 0x00000001
core   0: 0x80012552 (0x0000bfe5) c.j     pc - 8
core   0: 3 0x80012552 (0xbfe5)
core   0: 0x8001254a (0x00001f17) auipc   t5, 0x1
core   0: 3 0x8001254a (0x00001f17) x30 0x8001354a
core   0: 0x8001254e (0xaa3f2b23) sw      gp, -1354(t5)
core   0: 3 0x8001254e (0xaa3f2b23) mem 0x80013000 0x00000001
core   0: 0x80012552 (0x0000bfe5) c.j     pc - 8
core   0: 3 0x80012552 (0xbfe5)
core   0: 0x8001254a (0x00001f17) auipc   t5, 0x1
core   0: 3 0x8001254a (0x00001f17) x30 0x8001354a
core   0: 0x8001254e (0xaa3f2b23) sw      gp, -1354(t5)
core   0: 3 0x8001254e (0xaa3f2b23) mem 0x80013000 0x00000001
core   0: 0x80012552 (0x0000bfe5) c.j     pc - 8
core   0: 3 0x80012552 (0xbfe5)
core   0: 0x8001254a (0x00001f17) auipc   t5, 0x1
core   0: 3 0x8001254a (0x00001f17) x30 0x8001354a
core   0: 0x8001254e (0xaa3f2b23) sw      gp, -1354(t5)
core   0: 3 0x8001254e (0xaa3f2b23) mem 0x80013000 0x00000001
core   0: 0x80012552 (0x0000bfe5) c.j     pc - 8
core   0: 3 0x80012552 (0xbfe5)
core   0: 0x8001254a (0x00001f17) auipc   t5, 0x1
core   0: 3 0x8001254a (0x00001f17) x30 0x8001354a
core   0: 0x8001254e (0xaa3f2b23) sw      gp, -1354(t5)
core   0: 3 0x8001254e (0xaa3f2b23) mem 0x80013000 0x00000001
core   0: 0x80012552 (0x0000bfe5) c.j     pc - 8
core   0: 3 0x80012552 (0xbfe5)
core   0: 0x8001254a (0x00001f17) auipc   t5, 0x1
core   0: 3 0x8001254a (0x00001f17) x30 0x8001354a
core   0: 0x8001254e (0xaa3f2b23) sw      gp, -1354(t5)
core   0: 3 0x8001254e (0xaa3f2b23) mem 0x80013000 0x00000001
core   0: 0x80012552 (0x0000bfe5) c.j     pc - 8
core   0: 3 0x80012552 (0xbfe5)
core   0: 0x8001254a (0x00001f17) auipc   t5, 0x1
core   0: 3 0x8001254a (0x00001f17) x30 0x8001354a
core   0: 0x8001254e (0xaa3f2b23) sw      gp, -1354(t5)
core   0: 3 0x8001254e (0xaa3f2b23) mem 0x80013000 0x00000001
core   0: 0x80012552 (0x0000bfe5) c.j     pc - 8
core   0: 3 0x80012552 (0xbfe5)
core   0: 0x8001254a (0x00001f17) auipc   t5, 0x1
core   0: 3 0x8001254a (0x00001f17) x30 0x8001354a
core   0: 0x8001254e (0xaa3f2b23) sw      gp, -1354(t5)
core   0: 3 0x8001254e (0xaa3f2b23) mem 0x80013000 0x00000001
core   0: 0x80012552 (0x0000bfe5) c.j     pc - 8
core   0: 3 0x80012552 (0xbfe5)
core   0: 0x8001254a (0x00001f17) auipc   t5, 0x1
core   0: 3 0x8001254a (0x00001f17) x30 0x8001354a
core   0: 0x8001254e (0xaa3f2b23) sw      gp, -1354(t5)
core   0: 3 0x8001254e (0xaa3f2b23) mem 0x80013000 0x00000001
core   0: 0x80012552 (0x0000bfe5) c.j     pc - 8
core   0: 3 0x80012552 (0xbfe5)
core   0: 0x8001254a (0x00001f17) auipc   t5, 0x1
core   0: 3 0x8001254a (0x00001f17) x30 0x8001354a
core   0: 0x8001254e (0xaa3f2b23) sw      gp, -1354(t5)
core   0: 3 0x8001254e (0xaa3f2b23) mem 0x80013000 0x00000001
core   0: 0x80012552 (0x0000bfe5) c.j     pc - 8
core   0: 3 0x80012552 (0xbfe5)
core   0: 0x8001254a (0x00001f17) auipc   t5, 0x1
core   0: 3 0x8001254a (0x00001f17) x30 0x8001354a
core   0: 0x8001254e (0xaa3f2b23) sw      gp, -1354(t5)
core   0: 3 0x8001254e (0xaa3f2b23) mem 0x80013000 0x00000001
core   0: 0x80012552 (0x0000bfe5) c.j     pc - 8
core   0: 3 0x80012552 (0xbfe5)
core   0: 0x8001254a (0x00001f17) auipc   t5, 0x1
core   0: 3 0x8001254a (0x00001f17) x30 0x8001354a
core   0: 0x8001254e (0xaa3f2b23) sw      gp, -1354(t5)
core   0: 3 0x8001254e (0xaa3f2b23) mem 0x80013000 0x00000001
core   0: 0x80012552 (0x0000bfe5) c.j     pc - 8
core   0: 3 0x80012552 (0xbfe5)
core   0: 0x8001254a (0x00001f17) auipc   t5, 0x1
core   0: 3 0x8001254a (0x00001f17) x30 0x8001354a
core   0: 0x8001254e (0xaa3f2b23) sw      gp, -1354(t5)
core   0: 3 0x8001254e (0xaa3f2b23) mem 0x80013000 0x00000001
core   0: 0x80012552 (0x0000bfe5) c.j     pc - 8
core   0: 3 0x80012552 (0xbfe5)
core   0: 0x8001254a (0x00001f17) auipc   t5, 0x1
core   0: 3 0x8001254a (0x00001f17) x30 0x8001354a
core   0: 0x8001254e (0xaa3f2b23) sw      gp, -1354(t5)
core   0: 3 0x8001254e (0xaa3f2b23) mem 0x80013000 0x00000001
core   0: 0x80012552 (0x0000bfe5) c.j     pc - 8
core   0: 3 0x80012552 (0xbfe5)
core   0: 0x8001254a (0x00001f17) auipc   t5, 0x1
core   0: 3 0x8001254a (0x00001f17) x30 0x8001354a
core   0: 0x8001254e (0xaa3f2b23) sw      gp, -1354(t5)
core   0: 3 0x8001254e (0xaa3f2b23) mem 0x80013000 0x00000001
core   0: 0x80012552 (0x0000bfe5) c.j     pc - 8
core   0: 3 0x80012552 (0xbfe5)
core   0: 0x8001254a (0x00001f17) auipc   t5, 0x1
core   0: 3 0x8001254a (0x00001f17) x30 0x8001354a
core   0: 0x8001254e (0xaa3f2b23) sw      gp, -1354(t5)
core   0: 3 0x8001254e (0xaa3f2b23) mem 0x80013000 0x00000001
core   0: 0x80012552 (0x0000bfe5) c.j     pc - 8
core   0: 3 0x80012552 (0xbfe5)
core   0: 0x8001254a (0x00001f17) auipc   t5, 0x1
core   0: 3 0x8001254a (0x00001f17) x30 0x8001354a
core   0: 0x8001254e (0xaa3f2b23) sw      gp, -1354(t5)
core   0: 3 0x8001254e (0xaa3f2b23) mem 0x80013000 0x00000001
core   0: 0x80012552 (0x0000bfe5) c.j     pc - 8
core   0: 3 0x80012552 (0xbfe5)
core   0: 0x8001254a (0x00001f17) auipc   t5, 0x1
core   0: 3 0x8001254a (0x00001f17) x30 0x8001354a
core   0: 0x8001254e (0xaa3f2b23) sw      gp, -1354(t5)
core   0: 3 0x8001254e (0xaa3f2b23) mem 0x80013000 0x00000001
core   0: 0x80012552 (0x0000bfe5) c.j     pc - 8
core   0: 3 0x80012552 (0xbfe5)
core   0: 0x8001254a (0x00001f17) auipc   t5, 0x1
core   0: 3 0x8001254a (0x00001f17) x30 0x8001354a
core   0: 0x8001254e (0xaa3f2b23) sw      gp, -1354(t5)
core   0: 3 0x8001254e (0xaa3f2b23) mem 0x80013000 0x00000001
core   0: 0x80012552 (0x0000bfe5) c.j     pc - 8
core   0: 3 0x80012552 (0xbfe5)
core   0: 0x8001254a (0x00001f17) auipc   t5, 0x1
core   0: 3 0x8001254a (0x00001f17) x30 0x8001354a
core   0: 0x8001254e (0xaa3f2b23) sw      gp, -1354(t5)
core   0: 3 0x8001254e (0xaa3f2b23) mem 0x80013000 0x00000001
core   0: 0x80012552 (0x0000bfe5) c.j     pc - 8
core   0: 3 0x80012552 (0xbfe5)
core   0: 0x8001254a (0x00001f17) auipc   t5, 0x1
core   0: 3 0x8001254a (0x00001f17) x30 0x8001354a
core   0: 0x8001254e (0xaa3f2b23) sw      gp, -1354(t5)
core   0: 3 0x8001254e (0xaa3f2b23) mem 0x80013000 0x00000001
core   0: 0x80012552 (0x0000bfe5) c.j     pc - 8
core   0: 3 0x80012552 (0xbfe5)
core   0: 0x8001254a (0x00001f17) auipc   t5, 0x1
core   0: 3 0x8001254a (0x00001f17) x30 0x8001354a
core   0: 0x8001254e (0xaa3f2b23) sw      gp, -1354(t5)
core   0: 3 0x8001254e (0xaa3f2b23) mem 0x80013000 0x00000001
core   0: 0x80012552 (0x0000bfe5) c.j     pc - 8
core   0: 3 0x80012552 (0xbfe5)
core   0: 0x8001254a (0x00001f17) auipc   t5, 0x1
core   0: 3 0x8001254a (0x00001f17) x30 0x8001354a
core   0: 0x8001254e (0xaa3f2b23) sw      gp, -1354(t5)
core   0: 3 0x8001254e (0xaa3f2b23) mem 0x80013000 0x00000001
core   0: 0x80012552 (0x0000bfe5) c.j     pc - 8
core   0: 3 0x80012552 (0xbfe5)
core   0: 0x8001254a (0x00001f17) auipc   t5, 0x1
core   0: 3 0x8001254a (0x00001f17) x30 0x8001354a
core   0: 0x8001254e (0xaa3f2b23) sw      gp, -1354(t5)
core   0: 3 0x8001254e (0xaa3f2b23) mem 0x80013000 0x00000001
core   0: 0x80012552 (0x0000bfe5) c.j     pc - 8
core   0: 3 0x80012552 (0xbfe5)
core   0: 0x8001254a (0x00001f17) auipc   t5, 0x1
core   0: 3 0x8001254a (0x00001f17) x30 0x8001354a
core   0: 0x8001254e (0xaa3f2b23) sw      gp, -1354(t5)
core   0: 3 0x8001254e (0xaa3f2b23) mem 0x80013000 0x00000001
core   0: 0x80012552 (0x0000bfe5) c.j     pc - 8
core   0: 3 0x80012552 (0xbfe5)
core   0: 0x8001254a (0x00001f17) auipc   t5, 0x1
core   0: 3 0x8001254a (0x00001f17) x30 0x8001354a
core   0: 0x8001254e (0xaa3f2b23) sw      gp, -1354(t5)
core   0: 3 0x8001254e (0xaa3f2b23) mem 0x80013000 0x00000001
core   0: 0x80012552 (0x0000bfe5) c.j     pc - 8
core   0: 3 0x80012552 (0xbfe5)
core   0: 0x8001254a (0x00001f17) auipc   t5, 0x1
core   0: 3 0x8001254a (0x00001f17) x30 0x8001354a
core   0: 0x8001254e (0xaa3f2b23) sw      gp, -1354(t5)
core   0: 3 0x8001254e (0xaa3f2b23) mem 0x80013000 0x00000001
core   0: 0x80012552 (0x0000bfe5) c.j     pc - 8
core   0: 3 0x80012552 (0xbfe5)
core   0: 0x8001254a (0x00001f17) auipc   t5, 0x1
core   0: 3 0x8001254a (0x00001f17) x30 0x8001354a
core   0: 0x8001254e (0xaa3f2b23) sw      gp, -1354(t5)
core   0: 3 0x8001254e (0xaa3f2b23) mem 0x80013000 0x00000001
core   0: 0x80012552 (0x0000bfe5) c.j     pc - 8
core   0: 3 0x80012552 (0xbfe5)
core   0: 0x8001254a (0x00001f17) auipc   t5, 0x1
core   0: 3 0x8001254a (0x00001f17) x30 0x8001354a
core   0: 0x8001254e (0xaa3f2b23) sw      gp, -1354(t5)
core   0: 3 0x8001254e (0xaa3f2b23) mem 0x80013000 0x00000001
core   0: 0x80012552 (0x0000bfe5) c.j     pc - 8
core   0: 3 0x80012552 (0xbfe5)
core   0: 0x8001254a (0x00001f17) auipc   t5, 0x1
core   0: 3 0x8001254a (0x00001f17) x30 0x8001354a
core   0: 0x8001254e (0xaa3f2b23) sw      gp, -1354(t5)
core   0: 3 0x8001254e (0xaa3f2b23) mem 0x80013000 0x00000001
core   0: 0x80012552 (0x0000bfe5) c.j     pc - 8
core   0: 3 0x80012552 (0xbfe5)
core   0: 0x8001254a (0x00001f17) auipc   t5, 0x1
core   0: 3 0x8001254a (0x00001f17) x30 0x8001354a
core   0: 0x8001254e (0xaa3f2b23) sw      gp, -1354(t5)
core   0: 3 0x8001254e (0xaa3f2b23) mem 0x80013000 0x00000001
core   0: 0x80012552 (0x0000bfe5) c.j     pc - 8
core   0: 3 0x80012552 (0xbfe5)
core   0: 0x8001254a (0x00001f17) auipc   t5, 0x1
core   0: 3 0x8001254a (0x00001f17) x30 0x8001354a
core   0: 0x8001254e (0xaa3f2b23) sw      gp, -1354(t5)
core   0: 3 0x8001254e (0xaa3f2b23) mem 0x80013000 0x00000001
core   0: 0x80012552 (0x0000bfe5) c.j     pc - 8
core   0: 3 0x80012552 (0xbfe5)
core   0: 0x8001254a (0x00001f17) auipc   t5, 0x1
core   0: 3 0x8001254a (0x00001f17) x30 0x8001354a
core   0: 0x8001254e (0xaa3f2b23) sw      gp, -1354(t5)
core   0: 3 0x8001254e (0xaa3f2b23) mem 0x80013000 0x00000001
core   0: 0x80012552 (0x0000bfe5) c.j     pc - 8
core   0: 3 0x80012552 (0xbfe5)
core   0: 0x8001254a (0x00001f17) auipc   t5, 0x1
core   0: 3 0x8001254a (0x00001f17) x30 0x8001354a
core   0: 0x8001254e (0xaa3f2b23) sw      gp, -1354(t5)
core   0: 3 0x8001254e (0xaa3f2b23) mem 0x80013000 0x00000001
core   0: 0x80012552 (0x0000bfe5) c.j     pc - 8
core   0: 3 0x80012552 (0xbfe5)
core   0: 0x8001254a (0x00001f17) auipc   t5, 0x1
core   0: 3 0x8001254a (0x00001f17) x30 0x8001354a
core   0: 0x8001254e (0xaa3f2b23) sw      gp, -1354(t5)
core   0: 3 0x8001254e (0xaa3f2b23) mem 0x80013000 0x00000001
core   0: 0x80012552 (0x0000bfe5) c.j     pc - 8
core   0: 3 0x80012552 (0xbfe5)
core   0: 0x8001254a (0x00001f17) auipc   t5, 0x1
core   0: 3 0x8001254a (0x00001f17) x30 0x8001354a
core   0: 0x8001254e (0xaa3f2b23) sw      gp, -1354(t5)
core   0: 3 0x8001254e (0xaa3f2b23) mem 0x80013000 0x00000001
core   0: 0x80012552 (0x0000bfe5) c.j     pc - 8
core   0: 3 0x80012552 (0xbfe5)
core   0: 0x8001254a (0x00001f17) auipc   t5, 0x1
core   0: 3 0x8001254a (0x00001f17) x30 0x8001354a
core   0: 0x8001254e (0xaa3f2b23) sw      gp, -1354(t5)
core   0: 3 0x8001254e (0xaa3f2b23) mem 0x80013000 0x00000001
core   0: 0x80012552 (0x0000bfe5) c.j     pc - 8
core   0: 3 0x80012552 (0xbfe5)
core   0: 0x8001254a (0x00001f17) auipc   t5, 0x1
core   0: 3 0x8001254a (0x00001f17) x30 0x8001354a
core   0: 0x8001254e (0xaa3f2b23) sw      gp, -1354(t5)
core   0: 3 0x8001254e (0xaa3f2b23) mem 0x80013000 0x00000001
core   0: 0x80012552 (0x0000bfe5) c.j     pc - 8
core   0: 3 0x80012552 (0xbfe5)
core   0: 0x8001254a (0x00001f17) auipc   t5, 0x1
core   0: 3 0x8001254a (0x00001f17) x30 0x8001354a
core   0: 0x8001254e (0xaa3f2b23) sw      gp, -1354(t5)
core   0: 3 0x8001254e (0xaa3f2b23) mem 0x80013000 0x00000001
core   0: 0x80012552 (0x0000bfe5) c.j     pc - 8
core   0: 3 0x80012552 (0xbfe5)
core   0: 0x8001254a (0x00001f17) auipc   t5, 0x1
core   0: 3 0x8001254a (0x00001f17) x30 0x8001354a
core   0: 0x8001254e (0xaa3f2b23) sw      gp, -1354(t5)
core   0: 3 0x8001254e (0xaa3f2b23) mem 0x80013000 0x00000001
core   0: 0x80012552 (0x0000bfe5) c.j     pc - 8
core   0: 3 0x80012552 (0xbfe5)
core   0: 0x8001254a (0x00001f17) auipc   t5, 0x1
core   0: 3 0x8001254a (0x00001f17) x30 0x8001354a
core   0: 0x8001254e (0xaa3f2b23) sw      gp, -1354(t5)
core   0: 3 0x8001254e (0xaa3f2b23) mem 0x80013000 0x00000001
core   0: 0x80012552 (0x0000bfe5) c.j     pc - 8
core   0: 3 0x80012552 (0xbfe5)
core   0: 0x8001254a (0x00001f17) auipc   t5, 0x1
core   0: 3 0x8001254a (0x00001f17) x30 0x8001354a
core   0: 0x8001254e (0xaa3f2b23) sw      gp, -1354(t5)
core   0: 3 0x8001254e (0xaa3f2b23) mem 0x80013000 0x00000001
core   0: 0x80012552 (0x0000bfe5) c.j     pc - 8
core   0: 3 0x80012552 (0xbfe5)
core   0: 0x8001254a (0x00001f17) auipc   t5, 0x1
core   0: 3 0x8001254a (0x00001f17) x30 0x8001354a
core   0: 0x8001254e (0xaa3f2b23) sw      gp, -1354(t5)
core   0: 3 0x8001254e (0xaa3f2b23) mem 0x80013000 0x00000001
core   0: 0x80012552 (0x0000bfe5) c.j     pc - 8
core   0: 3 0x80012552 (0xbfe5)
core   0: 0x8001254a (0x00001f17) auipc   t5, 0x1
core   0: 3 0x8001254a (0x00001f17) x30 0x8001354a
core   0: 0x8001254e (0xaa3f2b23) sw      gp, -1354(t5)
core   0: 3 0x8001254e (0xaa3f2b23) mem 0x80013000 0x00000001
core   0: 0x80012552 (0x0000bfe5) c.j     pc - 8
core   0: 3 0x80012552 (0xbfe5)
core   0: 0x8001254a (0x00001f17) auipc   t5, 0x1
core   0: 3 0x8001254a (0x00001f17) x30 0x8001354a
core   0: 0x8001254e (0xaa3f2b23) sw      gp, -1354(t5)
core   0: 3 0x8001254e (0xaa3f2b23) mem 0x80013000 0x00000001
core   0: 0x80012552 (0x0000bfe5) c.j     pc - 8
core   0: 3 0x80012552 (0xbfe5)
core   0: 0x8001254a (0x00001f17) auipc   t5, 0x1
core   0: 3 0x8001254a (0x00001f17) x30 0x8001354a
core   0: 0x8001254e (0xaa3f2b23) sw      gp, -1354(t5)
core   0: 3 0x8001254e (0xaa3f2b23) mem 0x80013000 0x00000001
core   0: 0x80012552 (0x0000bfe5) c.j     pc - 8
core   0: 3 0x80012552 (0xbfe5)
core   0: 0x8001254a (0x00001f17) auipc   t5, 0x1
core   0: 3 0x8001254a (0x00001f17) x30 0x8001354a
core   0: 0x8001254e (0xaa3f2b23) sw      gp, -1354(t5)
core   0: 3 0x8001254e (0xaa3f2b23) mem 0x80013000 0x00000001
core   0: 0x80012552 (0x0000bfe5) c.j     pc - 8
core   0: 3 0x80012552 (0xbfe5)
core   0: 0x8001254a (0x00001f17) auipc   t5, 0x1
core   0: 3 0x8001254a (0x00001f17) x30 0x8001354a
core   0: 0x8001254e (0xaa3f2b23) sw      gp, -1354(t5)
core   0: 3 0x8001254e (0xaa3f2b23) mem 0x80013000 0x00000001
core   0: 0x80012552 (0x0000bfe5) c.j     pc - 8
core   0: 3 0x80012552 (0xbfe5)
core   0: 0x8001254a (0x00001f17) auipc   t5, 0x1
core   0: 3 0x8001254a (0x00001f17) x30 0x8001354a
core   0: 0x8001254e (0xaa3f2b23) sw      gp, -1354(t5)
core   0: 3 0x8001254e (0xaa3f2b23) mem 0x80013000 0x00000001
core   0: 0x80012552 (0x0000bfe5) c.j     pc - 8
core   0: 3 0x80012552 (0xbfe5)
core   0: 0x8001254a (0x00001f17) auipc   t5, 0x1
core   0: 3 0x8001254a (0x00001f17) x30 0x8001354a
core   0: 0x8001254e (0xaa3f2b23) sw      gp, -1354(t5)
core   0: 3 0x8001254e (0xaa3f2b23) mem 0x80013000 0x00000001
core   0: 0x80012552 (0x0000bfe5) c.j     pc - 8
core   0: 3 0x80012552 (0xbfe5)
core   0: 0x8001254a (0x00001f17) auipc   t5, 0x1
core   0: 3 0x8001254a (0x00001f17) x30 0x8001354a
core   0: 0x8001254e (0xaa3f2b23) sw      gp, -1354(t5)
core   0: 3 0x8001254e (0xaa3f2b23) mem 0x80013000 0x00000001
core   0: 0x80012552 (0x0000bfe5) c.j     pc - 8
core   0: 3 0x80012552 (0xbfe5)
core   0: 0x8001254a (0x00001f17) auipc   t5, 0x1
core   0: 3 0x8001254a (0x00001f17) x30 0x8001354a
core   0: 0x8001254e (0xaa3f2b23) sw      gp, -1354(t5)
core   0: 3 0x8001254e (0xaa3f2b23) mem 0x80013000 0x00000001
core   0: 0x80012552 (0x0000bfe5) c.j     pc - 8
core   0: 3 0x80012552 (0xbfe5)
core   0: 0x8001254a (0x00001f17) auipc   t5, 0x1
core   0: 3 0x8001254a (0x00001f17) x30 0x8001354a
core   0: 0x8001254e (0xaa3f2b23) sw      gp, -1354(t5)
core   0: 3 0x8001254e (0xaa3f2b23) mem 0x80013000 0x00000001
core   0: 0x80012552 (0x0000bfe5) c.j     pc - 8
core   0: 3 0x80012552 (0xbfe5)
core   0: 0x8001254a (0x00001f17) auipc   t5, 0x1
core   0: 3 0x8001254a (0x00001f17) x30 0x8001354a
core   0: 0x8001254e (0xaa3f2b23) sw      gp, -1354(t5)
core   0: 3 0x8001254e (0xaa3f2b23) mem 0x80013000 0x00000001
core   0: 0x80012552 (0x0000bfe5) c.j     pc - 8
core   0: 3 0x80012552 (0xbfe5)
core   0: 0x8001254a (0x00001f17) auipc   t5, 0x1
core   0: 3 0x8001254a (0x00001f17) x30 0x8001354a
core   0: 0x8001254e (0xaa3f2b23) sw      gp, -1354(t5)
core   0: 3 0x8001254e (0xaa3f2b23) mem 0x80013000 0x00000001
core   0: 0x80012552 (0x0000bfe5) c.j     pc - 8
core   0: 3 0x80012552 (0xbfe5)
core   0: 0x8001254a (0x00001f17) auipc   t5, 0x1
core   0: 3 0x8001254a (0x00001f17) x30 0x8001354a
core   0: 0x8001254e (0xaa3f2b23) sw      gp, -1354(t5)
core   0: 3 0x8001254e (0xaa3f2b23) mem 0x80013000 0x00000001
core   0: 0x80012552 (0x0000bfe5) c.j     pc - 8
core   0: 3 0x80012552 (0xbfe5)
core   0: 0x8001254a (0x00001f17) auipc   t5, 0x1
core   0: 3 0x8001254a (0x00001f17) x30 0x8001354a
core   0: 0x8001254e (0xaa3f2b23) sw      gp, -1354(t5)
core   0: 3 0x8001254e (0xaa3f2b23) mem 0x80013000 0x00000001
core   0: 0x80012552 (0x0000bfe5) c.j     pc - 8
core   0: 3 0x80012552 (0xbfe5)
core   0: 0x8001254a (0x00001f17) auipc   t5, 0x1
core   0: 3 0x8001254a (0x00001f17) x30 0x8001354a
core   0: 0x8001254e (0xaa3f2b23) sw      gp, -1354(t5)
core   0: 3 0x8001254e (0xaa3f2b23) mem 0x80013000 0x00000001
core   0: 0x80012552 (0x0000bfe5) c.j     pc - 8
core   0: 3 0x80012552 (0xbfe5)
core   0: 0x8001254a (0x00001f17) auipc   t5, 0x1
core   0: 3 0x8001254a (0x00001f17) x30 0x8001354a
core   0: 0x8001254e (0xaa3f2b23) sw      gp, -1354(t5)
core   0: 3 0x8001254e (0xaa3f2b23) mem 0x80013000 0x00000001
core   0: 0x80012552 (0x0000bfe5) c.j     pc - 8
core   0: 3 0x80012552 (0xbfe5)
core   0: 0x8001254a (0x00001f17) auipc   t5, 0x1
core   0: 3 0x8001254a (0x00001f17) x30 0x8001354a
core   0: 0x8001254e (0xaa3f2b23) sw      gp, -1354(t5)
core   0: 3 0x8001254e (0xaa3f2b23) mem 0x80013000 0x00000001
core   0: 0x80012552 (0x0000bfe5) c.j     pc - 8
core   0: 3 0x80012552 (0xbfe5)
core   0: 0x8001254a (0x00001f17) auipc   t5, 0x1
core   0: 3 0x8001254a (0x00001f17) x30 0x8001354a
core   0: 0x8001254e (0xaa3f2b23) sw      gp, -1354(t5)
core   0: 3 0x8001254e (0xaa3f2b23) mem 0x80013000 0x00000001
core   0: 0x80012552 (0x0000bfe5) c.j     pc - 8
core   0: 3 0x80012552 (0xbfe5)
core   0: 0x8001254a (0x00001f17) auipc   t5, 0x1
core   0: 3 0x8001254a (0x00001f17) x30 0x8001354a
core   0: 0x8001254e (0xaa3f2b23) sw      gp, -1354(t5)
core   0: 3 0x8001254e (0xaa3f2b23) mem 0x80013000 0x00000001
core   0: 0x80012552 (0x0000bfe5) c.j     pc - 8
core   0: 3 0x80012552 (0xbfe5)
core   0: 0x8001254a (0x00001f17) auipc   t5, 0x1
core   0: 3 0x8001254a (0x00001f17) x30 0x8001354a
core   0: 0x8001254e (0xaa3f2b23) sw      gp, -1354(t5)
core   0: 3 0x8001254e (0xaa3f2b23) mem 0x80013000 0x00000001
core   0: 0x80012552 (0x0000bfe5) c.j     pc - 8
core   0: 3 0x80012552 (0xbfe5)
core   0: 0x8001254a (0x00001f17) auipc   t5, 0x1
core   0: 3 0x8001254a (0x00001f17) x30 0x8001354a
core   0: 0x8001254e (0xaa3f2b23) sw      gp, -1354(t5)
core   0: 3 0x8001254e (0xaa3f2b23) mem 0x80013000 0x00000001
core   0: 0x80012552 (0x0000bfe5) c.j     pc - 8
core   0: 3 0x80012552 (0xbfe5)
core   0: 0x8001254a (0x00001f17) auipc   t5, 0x1
core   0: 3 0x8001254a (0x00001f17) x30 0x8001354a
core   0: 0x8001254e (0xaa3f2b23) sw      gp, -1354(t5)
core   0: 3 0x8001254e (0xaa3f2b23) mem 0x80013000 0x00000001
core   0: 0x80012552 (0x0000bfe5) c.j     pc - 8
core   0: 3 0x80012552 (0xbfe5)
core   0: 0x8001254a (0x00001f17) auipc   t5, 0x1
core   0: 3 0x8001254a (0x00001f17) x30 0x8001354a
core   0: 0x8001254e (0xaa3f2b23) sw      gp, -1354(t5)
core   0: 3 0x8001254e (0xaa3f2b23) mem 0x80013000 0x00000001
core   0: 0x80012552 (0x0000bfe5) c.j     pc - 8
core   0: 3 0x80012552 (0xbfe5)
core   0: 0x8001254a (0x00001f17) auipc   t5, 0x1
core   0: 3 0x8001254a (0x00001f17) x30 0x8001354a
core   0: 0x8001254e (0xaa3f2b23) sw      gp, -1354(t5)
core   0: 3 0x8001254e (0xaa3f2b23) mem 0x80013000 0x00000001
core   0: 0x80012552 (0x0000bfe5) c.j     pc - 8
core   0: 3 0x80012552 (0xbfe5)
core   0: 0x8001254a (0x00001f17) auipc   t5, 0x1
core   0: 3 0x8001254a (0x00001f17) x30 0x8001354a
core   0: 0x8001254e (0xaa3f2b23) sw      gp, -1354(t5)
core   0: 3 0x8001254e (0xaa3f2b23) mem 0x80013000 0x00000001
core   0: 0x80012552 (0x0000bfe5) c.j     pc - 8
core   0: 3 0x80012552 (0xbfe5)
core   0: 0x8001254a (0x00001f17) auipc   t5, 0x1
core   0: 3 0x8001254a (0x00001f17) x30 0x8001354a
core   0: 0x8001254e (0xaa3f2b23) sw      gp, -1354(t5)
core   0: 3 0x8001254e (0xaa3f2b23) mem 0x80013000 0x00000001
core   0: 0x80012552 (0x0000bfe5) c.j     pc - 8
core   0: 3 0x80012552 (0xbfe5)
core   0: 0x8001254a (0x00001f17) auipc   t5, 0x1
core   0: 3 0x8001254a (0x00001f17) x30 0x8001354a
core   0: 0x8001254e (0xaa3f2b23) sw      gp, -1354(t5)
core   0: 3 0x8001254e (0xaa3f2b23) mem 0x80013000 0x00000001
core   0: 0x80012552 (0x0000bfe5) c.j     pc - 8
core   0: 3 0x80012552 (0xbfe5)
core   0: 0x8001254a (0x00001f17) auipc   t5, 0x1
core   0: 3 0x8001254a (0x00001f17) x30 0x8001354a
core   0: 0x8001254e (0xaa3f2b23) sw      gp, -1354(t5)
core   0: 3 0x8001254e (0xaa3f2b23) mem 0x80013000 0x00000001
core   0: 0x80012552 (0x0000bfe5) c.j     pc - 8
core   0: 3 0x80012552 (0xbfe5)
core   0: 0x8001254a (0x00001f17) auipc   t5, 0x1
core   0: 3 0x8001254a (0x00001f17) x30 0x8001354a
core   0: 0x8001254e (0xaa3f2b23) sw      gp, -1354(t5)
core   0: 3 0x8001254e (0xaa3f2b23) mem 0x80013000 0x00000001
core   0: 0x80012552 (0x0000bfe5) c.j     pc - 8
core   0: 3 0x80012552 (0xbfe5)
core   0: 0x8001254a (0x00001f17) auipc   t5, 0x1
core   0: 3 0x8001254a (0x00001f17) x30 0x8001354a
core   0: 0x8001254e (0xaa3f2b23) sw      gp, -1354(t5)
core   0: 3 0x8001254e (0xaa3f2b23) mem 0x80013000 0x00000001
core   0: 0x80012552 (0x0000bfe5) c.j     pc - 8
core   0: 3 0x80012552 (0xbfe5)
core   0: 0x8001254a (0x00001f17) auipc   t5, 0x1
core   0: 3 0x8001254a (0x00001f17) x30 0x8001354a
core   0: 0x8001254e (0xaa3f2b23) sw      gp, -1354(t5)
core   0: 3 0x8001254e (0xaa3f2b23) mem 0x80013000 0x00000001
core   0: 0x80012552 (0x0000bfe5) c.j     pc - 8
core   0: 3 0x80012552 (0xbfe5)
core   0: 0x8001254a (0x00001f17) auipc   t5, 0x1
core   0: 3 0x8001254a (0x00001f17) x30 0x8001354a
core   0: 0x8001254e (0xaa3f2b23) sw      gp, -1354(t5)
core   0: 3 0x8001254e (0xaa3f2b23) mem 0x80013000 0x00000001
core   0: 0x80012552 (0x0000bfe5) c.j     pc - 8
core   0: 3 0x80012552 (0xbfe5)
core   0: 0x8001254a (0x00001f17) auipc   t5, 0x1
core   0: 3 0x8001254a (0x00001f17) x30 0x8001354a
core   0: 0x8001254e (0xaa3f2b23) sw      gp, -1354(t5)
core   0: 3 0x8001254e (0xaa3f2b23) mem 0x80013000 0x00000001
core   0: 0x80012552 (0x0000bfe5) c.j     pc - 8
core   0: 3 0x80012552 (0xbfe5)
core   0: 0x8001254a (0x00001f17) auipc   t5, 0x1
core   0: 3 0x8001254a (0x00001f17) x30 0x8001354a
core   0: 0x8001254e (0xaa3f2b23) sw      gp, -1354(t5)
core   0: 3 0x8001254e (0xaa3f2b23) mem 0x80013000 0x00000001
core   0: 0x80012552 (0x0000bfe5) c.j     pc - 8
core   0: 3 0x80012552 (0xbfe5)
core   0: 0x8001254a (0x00001f17) auipc   t5, 0x1
core   0: 3 0x8001254a (0x00001f17) x30 0x8001354a
core   0: 0x8001254e (0xaa3f2b23) sw      gp, -1354(t5)
core   0: 3 0x8001254e (0xaa3f2b23) mem 0x80013000 0x00000001
core   0: 0x80012552 (0x0000bfe5) c.j     pc - 8
core   0: 3 0x80012552 (0xbfe5)
core   0: 0x8001254a (0x00001f17) auipc   t5, 0x1
core   0: 3 0x8001254a (0x00001f17) x30 0x8001354a
core   0: 0x8001254e (0xaa3f2b23) sw      gp, -1354(t5)
core   0: 3 0x8001254e (0xaa3f2b23) mem 0x80013000 0x00000001
core   0: 0x80012552 (0x0000bfe5) c.j     pc - 8
core   0: 3 0x80012552 (0xbfe5)
core   0: 0x8001254a (0x00001f17) auipc   t5, 0x1
core   0: 3 0x8001254a (0x00001f17) x30 0x8001354a
core   0: 0x8001254e (0xaa3f2b23) sw      gp, -1354(t5)
core   0: 3 0x8001254e (0xaa3f2b23) mem 0x80013000 0x00000001
core   0: 0x80012552 (0x0000bfe5) c.j     pc - 8
core   0: 3 0x80012552 (0xbfe5)
core   0: 0x8001254a (0x00001f17) auipc   t5, 0x1
core   0: 3 0x8001254a (0x00001f17) x30 0x8001354a
core   0: 0x8001254e (0xaa3f2b23) sw      gp, -1354(t5)
core   0: 3 0x8001254e (0xaa3f2b23) mem 0x80013000 0x00000001
core   0: 0x80012552 (0x0000bfe5) c.j     pc - 8
core   0: 3 0x80012552 (0xbfe5)
core   0: 0x8001254a (0x00001f17) auipc   t5, 0x1
core   0: 3 0x8001254a (0x00001f17) x30 0x8001354a
core   0: 0x8001254e (0xaa3f2b23) sw      gp, -1354(t5)
core   0: 3 0x8001254e (0xaa3f2b23) mem 0x80013000 0x00000001
core   0: 0x80012552 (0x0000bfe5) c.j     pc - 8
core   0: 3 0x80012552 (0xbfe5)
core   0: 0x8001254a (0x00001f17) auipc   t5, 0x1
core   0: 3 0x8001254a (0x00001f17) x30 0x8001354a
core   0: 0x8001254e (0xaa3f2b23) sw      gp, -1354(t5)
core   0: 3 0x8001254e (0xaa3f2b23) mem 0x80013000 0x00000001
core   0: 0x80012552 (0x0000bfe5) c.j     pc - 8
core   0: 3 0x80012552 (0xbfe5)
core   0: 0x8001254a (0x00001f17) auipc   t5, 0x1
core   0: 3 0x8001254a (0x00001f17) x30 0x8001354a
core   0: 0x8001254e (0xaa3f2b23) sw      gp, -1354(t5)
core   0: 3 0x8001254e (0xaa3f2b23) mem 0x80013000 0x00000001
core   0: 0x80012552 (0x0000bfe5) c.j     pc - 8
core   0: 3 0x80012552 (0xbfe5)
core   0: 0x8001254a (0x00001f17) auipc   t5, 0x1
core   0: 3 0x8001254a (0x00001f17) x30 0x8001354a
core   0: 0x8001254e (0xaa3f2b23) sw      gp, -1354(t5)
core   0: 3 0x8001254e (0xaa3f2b23) mem 0x80013000 0x00000001
core   0: 0x80012552 (0x0000bfe5) c.j     pc - 8
core   0: 3 0x80012552 (0xbfe5)
core   0: 0x8001254a (0x00001f17) auipc   t5, 0x1
core   0: 3 0x8001254a (0x00001f17) x30 0x8001354a
core   0: 0x8001254e (0xaa3f2b23) sw      gp, -1354(t5)
core   0: 3 0x8001254e (0xaa3f2b23) mem 0x80013000 0x00000001
core   0: 0x80012552 (0x0000bfe5) c.j     pc - 8
core   0: 3 0x80012552 (0xbfe5)
core   0: 0x8001254a (0x00001f17) auipc   t5, 0x1
core   0: 3 0x8001254a (0x00001f17) x30 0x8001354a
core   0: 0x8001254e (0xaa3f2b23) sw      gp, -1354(t5)
core   0: 3 0x8001254e (0xaa3f2b23) mem 0x80013000 0x00000001
core   0: 0x80012552 (0x0000bfe5) c.j     pc - 8
core   0: 3 0x80012552 (0xbfe5)
core   0: 0x8001254a (0x00001f17) auipc   t5, 0x1
core   0: 3 0x8001254a (0x00001f17) x30 0x8001354a
core   0: 0x8001254e (0xaa3f2b23) sw      gp, -1354(t5)
core   0: 3 0x8001254e (0xaa3f2b23) mem 0x80013000 0x00000001
core   0: 0x80012552 (0x0000bfe5) c.j     pc - 8
core   0: 3 0x80012552 (0xbfe5)
core   0: 0x8001254a (0x00001f17) auipc   t5, 0x1
core   0: 3 0x8001254a (0x00001f17) x30 0x8001354a
core   0: 0x8001254e (0xaa3f2b23) sw      gp, -1354(t5)
core   0: 3 0x8001254e (0xaa3f2b23) mem 0x80013000 0x00000001
core   0: 0x80012552 (0x0000bfe5) c.j     pc - 8
core   0: 3 0x80012552 (0xbfe5)
core   0: 0x8001254a (0x00001f17) auipc   t5, 0x1
core   0: 3 0x8001254a (0x00001f17) x30 0x8001354a
core   0: 0x8001254e (0xaa3f2b23) sw      gp, -1354(t5)
core   0: 3 0x8001254e (0xaa3f2b23) mem 0x80013000 0x00000001
core   0: 0x80012552 (0x0000bfe5) c.j     pc - 8
core   0: 3 0x80012552 (0xbfe5)
core   0: 0x8001254a (0x00001f17) auipc   t5, 0x1
core   0: 3 0x8001254a (0x00001f17) x30 0x8001354a
core   0: 0x8001254e (0xaa3f2b23) sw      gp, -1354(t5)
core   0: 3 0x8001254e (0xaa3f2b23) mem 0x80013000 0x00000001
core   0: 0x80012552 (0x0000bfe5) c.j     pc - 8
core   0: 3 0x80012552 (0xbfe5)
core   0: 0x8001254a (0x00001f17) auipc   t5, 0x1
core   0: 3 0x8001254a (0x00001f17) x30 0x8001354a
core   0: 0x8001254e (0xaa3f2b23) sw      gp, -1354(t5)
core   0: 3 0x8001254e (0xaa3f2b23) mem 0x80013000 0x00000001
core   0: 0x80012552 (0x0000bfe5) c.j     pc - 8
core   0: 3 0x80012552 (0xbfe5)
core   0: 0x8001254a (0x00001f17) auipc   t5, 0x1
core   0: 3 0x8001254a (0x00001f17) x30 0x8001354a
core   0: 0x8001254e (0xaa3f2b23) sw      gp, -1354(t5)
core   0: 3 0x8001254e (0xaa3f2b23) mem 0x80013000 0x00000001
core   0: 0x80012552 (0x0000bfe5) c.j     pc - 8
core   0: 3 0x80012552 (0xbfe5)
core   0: 0x8001254a (0x00001f17) auipc   t5, 0x1
core   0: 3 0x8001254a (0x00001f17) x30 0x8001354a
core   0: 0x8001254e (0xaa3f2b23) sw      gp, -1354(t5)
core   0: 3 0x8001254e (0xaa3f2b23) mem 0x80013000 0x00000001
core   0: 0x80012552 (0x0000bfe5) c.j     pc - 8
core   0: 3 0x80012552 (0xbfe5)
core   0: 0x8001254a (0x00001f17) auipc   t5, 0x1
core   0: 3 0x8001254a (0x00001f17) x30 0x8001354a
core   0: 0x8001254e (0xaa3f2b23) sw      gp, -1354(t5)
core   0: 3 0x8001254e (0xaa3f2b23) mem 0x80013000 0x00000001
core   0: 0x80012552 (0x0000bfe5) c.j     pc - 8
core   0: 3 0x80012552 (0xbfe5)
core   0: 0x8001254a (0x00001f17) auipc   t5, 0x1
core   0: 3 0x8001254a (0x00001f17) x30 0x8001354a
core   0: 0x8001254e (0xaa3f2b23) sw      gp, -1354(t5)
core   0: 3 0x8001254e (0xaa3f2b23) mem 0x80013000 0x00000001
core   0: 0x80012552 (0x0000bfe5) c.j     pc - 8
core   0: 3 0x80012552 (0xbfe5)
core   0: 0x8001254a (0x00001f17) auipc   t5, 0x1
core   0: 3 0x8001254a (0x00001f17) x30 0x8001354a
core   0: 0x8001254e (0xaa3f2b23) sw      gp, -1354(t5)
core   0: 3 0x8001254e (0xaa3f2b23) mem 0x80013000 0x00000001
core   0: 0x80012552 (0x0000bfe5) c.j     pc - 8
core   0: 3 0x80012552 (0xbfe5)
core   0: 0x8001254a (0x00001f17) auipc   t5, 0x1
core   0: 3 0x8001254a (0x00001f17) x30 0x8001354a
core   0: 0x8001254e (0xaa3f2b23) sw      gp, -1354(t5)
core   0: 3 0x8001254e (0xaa3f2b23) mem 0x80013000 0x00000001
core   0: 0x80012552 (0x0000bfe5) c.j     pc - 8
core   0: 3 0x80012552 (0xbfe5)
core   0: 0x8001254a (0x00001f17) auipc   t5, 0x1
core   0: 3 0x8001254a (0x00001f17) x30 0x8001354a
core   0: 0x8001254e (0xaa3f2b23) sw      gp, -1354(t5)
core   0: 3 0x8001254e (0xaa3f2b23) mem 0x80013000 0x00000001
core   0: 0x80012552 (0x0000bfe5) c.j     pc - 8
core   0: 3 0x80012552 (0xbfe5)
core   0: 0x8001254a (0x00001f17) auipc   t5, 0x1
core   0: 3 0x8001254a (0x00001f17) x30 0x8001354a
core   0: 0x8001254e (0xaa3f2b23) sw      gp, -1354(t5)
core   0: 3 0x8001254e (0xaa3f2b23) mem 0x80013000 0x00000001
core   0: 0x80012552 (0x0000bfe5) c.j     pc - 8
core   0: 3 0x80012552 (0xbfe5)
core   0: 0x8001254a (0x00001f17) auipc   t5, 0x1
core   0: 3 0x8001254a (0x00001f17) x30 0x8001354a
core   0: 0x8001254e (0xaa3f2b23) sw      gp, -1354(t5)
core   0: 3 0x8001254e (0xaa3f2b23) mem 0x80013000 0x00000001
core   0: 0x80012552 (0x0000bfe5) c.j     pc - 8
core   0: 3 0x80012552 (0xbfe5)
core   0: 0x8001254a (0x00001f17) auipc   t5, 0x1
core   0: 3 0x8001254a (0x00001f17) x30 0x8001354a
core   0: 0x8001254e (0xaa3f2b23) sw      gp, -1354(t5)
core   0: 3 0x8001254e (0xaa3f2b23) mem 0x80013000 0x00000001
core   0: 0x80012552 (0x0000bfe5) c.j     pc - 8
core   0: 3 0x80012552 (0xbfe5)
core   0: 0x8001254a (0x00001f17) auipc   t5, 0x1
core   0: 3 0x8001254a (0x00001f17) x30 0x8001354a
core   0: 0x8001254e (0xaa3f2b23) sw      gp, -1354(t5)
core   0: 3 0x8001254e (0xaa3f2b23) mem 0x80013000 0x00000001
core   0: 0x80012552 (0x0000bfe5) c.j     pc - 8
core   0: 3 0x80012552 (0xbfe5)
core   0: 0x8001254a (0x00001f17) auipc   t5, 0x1
core   0: 3 0x8001254a (0x00001f17) x30 0x8001354a
core   0: 0x8001254e (0xaa3f2b23) sw      gp, -1354(t5)
core   0: 3 0x8001254e (0xaa3f2b23) mem 0x80013000 0x00000001
core   0: 0x80012552 (0x0000bfe5) c.j     pc - 8
core   0: 3 0x80012552 (0xbfe5)
core   0: 0x8001254a (0x00001f17) auipc   t5, 0x1
core   0: 3 0x8001254a (0x00001f17) x30 0x8001354a
core   0: 0x8001254e (0xaa3f2b23) sw      gp, -1354(t5)
core   0: 3 0x8001254e (0xaa3f2b23) mem 0x80013000 0x00000001
core   0: 0x80012552 (0x0000bfe5) c.j     pc - 8
core   0: 3 0x80012552 (0xbfe5)
core   0: 0x8001254a (0x00001f17) auipc   t5, 0x1
core   0: 3 0x8001254a (0x00001f17) x30 0x8001354a
core   0: 0x8001254e (0xaa3f2b23) sw      gp, -1354(t5)
core   0: 3 0x8001254e (0xaa3f2b23) mem 0x80013000 0x00000001
core   0: 0x80012552 (0x0000bfe5) c.j     pc - 8
core   0: 3 0x80012552 (0xbfe5)
core   0: 0x8001254a (0x00001f17) auipc   t5, 0x1
core   0: 3 0x8001254a (0x00001f17) x30 0x8001354a
core   0: 0x8001254e (0xaa3f2b23) sw      gp, -1354(t5)
core   0: 3 0x8001254e (0xaa3f2b23) mem 0x80013000 0x00000001
core   0: 0x80012552 (0x0000bfe5) c.j     pc - 8
core   0: 3 0x80012552 (0xbfe5)
core   0: 0x8001254a (0x00001f17) auipc   t5, 0x1
core   0: 3 0x8001254a (0x00001f17) x30 0x8001354a
core   0: 0x8001254e (0xaa3f2b23) sw      gp, -1354(t5)
core   0: 3 0x8001254e (0xaa3f2b23) mem 0x80013000 0x00000001
core   0: 0x80012552 (0x0000bfe5) c.j     pc - 8
core   0: 3 0x80012552 (0xbfe5)
core   0: 0x8001254a (0x00001f17) auipc   t5, 0x1
core   0: 3 0x8001254a (0x00001f17) x30 0x8001354a
core   0: 0x8001254e (0xaa3f2b23) sw      gp, -1354(t5)
core   0: 3 0x8001254e (0xaa3f2b23) mem 0x80013000 0x00000001
core   0: 0x80012552 (0x0000bfe5) c.j     pc - 8
core   0: 3 0x80012552 (0xbfe5)
core   0: 0x8001254a (0x00001f17) auipc   t5, 0x1
core   0: 3 0x8001254a (0x00001f17) x30 0x8001354a
core   0: 0x8001254e (0xaa3f2b23) sw      gp, -1354(t5)
core   0: 3 0x8001254e (0xaa3f2b23) mem 0x80013000 0x00000001
core   0: 0x80012552 (0x0000bfe5) c.j     pc - 8
core   0: 3 0x80012552 (0xbfe5)
core   0: 0x8001254a (0x00001f17) auipc   t5, 0x1
core   0: 3 0x8001254a (0x00001f17) x30 0x8001354a
core   0: 0x8001254e (0xaa3f2b23) sw      gp, -1354(t5)
core   0: 3 0x8001254e (0xaa3f2b23) mem 0x80013000 0x00000001
core   0: 0x80012552 (0x0000bfe5) c.j     pc - 8
core   0: 3 0x80012552 (0xbfe5)
core   0: 0x8001254a (0x00001f17) auipc   t5, 0x1
core   0: 3 0x8001254a (0x00001f17) x30 0x8001354a
core   0: 0x8001254e (0xaa3f2b23) sw      gp, -1354(t5)
core   0: 3 0x8001254e (0xaa3f2b23) mem 0x80013000 0x00000001
core   0: 0x80012552 (0x0000bfe5) c.j     pc - 8
core   0: 3 0x80012552 (0xbfe5)
core   0: 0x8001254a (0x00001f17) auipc   t5, 0x1
core   0: 3 0x8001254a (0x00001f17) x30 0x8001354a
core   0: 0x8001254e (0xaa3f2b23) sw      gp, -1354(t5)
core   0: 3 0x8001254e (0xaa3f2b23) mem 0x80013000 0x00000001
core   0: 0x80012552 (0x0000bfe5) c.j     pc - 8
core   0: 3 0x80012552 (0xbfe5)
core   0: 0x8001254a (0x00001f17) auipc   t5, 0x1
core   0: 3 0x8001254a (0x00001f17) x30 0x8001354a
core   0: 0x8001254e (0xaa3f2b23) sw      gp, -1354(t5)
core   0: 3 0x8001254e (0xaa3f2b23) mem 0x80013000 0x00000001
core   0: 0x80012552 (0x0000bfe5) c.j     pc - 8
core   0: 3 0x80012552 (0xbfe5)
core   0: 0x8001254a (0x00001f17) auipc   t5, 0x1
core   0: 3 0x8001254a (0x00001f17) x30 0x8001354a
core   0: 0x8001254e (0xaa3f2b23) sw      gp, -1354(t5)
core   0: 3 0x8001254e (0xaa3f2b23) mem 0x80013000 0x00000001
core   0: 0x80012552 (0x0000bfe5) c.j     pc - 8
core   0: 3 0x80012552 (0xbfe5)
core   0: 0x8001254a (0x00001f17) auipc   t5, 0x1
core   0: 3 0x8001254a (0x00001f17) x30 0x8001354a
core   0: 0x8001254e (0xaa3f2b23) sw      gp, -1354(t5)
core   0: 3 0x8001254e (0xaa3f2b23) mem 0x80013000 0x00000001
core   0: 0x80012552 (0x0000bfe5) c.j     pc - 8
core   0: 3 0x80012552 (0xbfe5)
core   0: 0x8001254a (0x00001f17) auipc   t5, 0x1
core   0: 3 0x8001254a (0x00001f17) x30 0x8001354a
core   0: 0x8001254e (0xaa3f2b23) sw      gp, -1354(t5)
core   0: 3 0x8001254e (0xaa3f2b23) mem 0x80013000 0x00000001
core   0: 0x80012552 (0x0000bfe5) c.j     pc - 8
core   0: 3 0x80012552 (0xbfe5)
core   0: 0x8001254a (0x00001f17) auipc   t5, 0x1
core   0: 3 0x8001254a (0x00001f17) x30 0x8001354a
core   0: 0x8001254e (0xaa3f2b23) sw      gp, -1354(t5)
core   0: 3 0x8001254e (0xaa3f2b23) mem 0x80013000 0x00000001
core   0: 0x80012552 (0x0000bfe5) c.j     pc - 8
core   0: 3 0x80012552 (0xbfe5)
core   0: 0x8001254a (0x00001f17) auipc   t5, 0x1
core   0: 3 0x8001254a (0x00001f17) x30 0x8001354a
core   0: 0x8001254e (0xaa3f2b23) sw      gp, -1354(t5)
core   0: 3 0x8001254e (0xaa3f2b23) mem 0x80013000 0x00000001
core   0: 0x80012552 (0x0000bfe5) c.j     pc - 8
core   0: 3 0x80012552 (0xbfe5)
core   0: 0x8001254a (0x00001f17) auipc   t5, 0x1
core   0: 3 0x8001254a (0x00001f17) x30 0x8001354a
core   0: 0x8001254e (0xaa3f2b23) sw      gp, -1354(t5)
core   0: 3 0x8001254e (0xaa3f2b23) mem 0x80013000 0x00000001
core   0: 0x80012552 (0x0000bfe5) c.j     pc - 8
core   0: 3 0x80012552 (0xbfe5)
core   0: 0x8001254a (0x00001f17) auipc   t5, 0x1
core   0: 3 0x8001254a (0x00001f17) x30 0x8001354a
core   0: 0x8001254e (0xaa3f2b23) sw      gp, -1354(t5)
core   0: 3 0x8001254e (0xaa3f2b23) mem 0x80013000 0x00000001
core   0: 0x80012552 (0x0000bfe5) c.j     pc - 8
core   0: 3 0x80012552 (0xbfe5)
core   0: 0x8001254a (0x00001f17) auipc   t5, 0x1
core   0: 3 0x8001254a (0x00001f17) x30 0x8001354a
core   0: 0x8001254e (0xaa3f2b23) sw      gp, -1354(t5)
core   0: 3 0x8001254e (0xaa3f2b23) mem 0x80013000 0x00000001
core   0: 0x80012552 (0x0000bfe5) c.j     pc - 8
core   0: 3 0x80012552 (0xbfe5)
core   0: 0x8001254a (0x00001f17) auipc   t5, 0x1
core   0: 3 0x8001254a (0x00001f17) x30 0x8001354a
core   0: 0x8001254e (0xaa3f2b23) sw      gp, -1354(t5)
core   0: 3 0x8001254e (0xaa3f2b23) mem 0x80013000 0x00000001
core   0: 0x80012552 (0x0000bfe5) c.j     pc - 8
core   0: 3 0x80012552 (0xbfe5)
core   0: 0x8001254a (0x00001f17) auipc   t5, 0x1
core   0: 3 0x8001254a (0x00001f17) x30 0x8001354a
core   0: 0x8001254e (0xaa3f2b23) sw      gp, -1354(t5)
core   0: 3 0x8001254e (0xaa3f2b23) mem 0x80013000 0x00000001
core   0: 0x80012552 (0x0000bfe5) c.j     pc - 8
core   0: 3 0x80012552 (0xbfe5)
core   0: 0x8001254a (0x00001f17) auipc   t5, 0x1
core   0: 3 0x8001254a (0x00001f17) x30 0x8001354a
core   0: 0x8001254e (0xaa3f2b23) sw      gp, -1354(t5)
core   0: 3 0x8001254e (0xaa3f2b23) mem 0x80013000 0x00000001
core   0: 0x80012552 (0x0000bfe5) c.j     pc - 8
core   0: 3 0x80012552 (0xbfe5)
core   0: 0x8001254a (0x00001f17) auipc   t5, 0x1
core   0: 3 0x8001254a (0x00001f17) x30 0x8001354a
core   0: 0x8001254e (0xaa3f2b23) sw      gp, -1354(t5)
core   0: 3 0x8001254e (0xaa3f2b23) mem 0x80013000 0x00000001
core   0: 0x80012552 (0x0000bfe5) c.j     pc - 8
core   0: 3 0x80012552 (0xbfe5)
core   0: 0x8001254a (0x00001f17) auipc   t5, 0x1
core   0: 3 0x8001254a (0x00001f17) x30 0x8001354a
core   0: 0x8001254e (0xaa3f2b23) sw      gp, -1354(t5)
core   0: 3 0x8001254e (0xaa3f2b23) mem 0x80013000 0x00000001
core   0: 0x80012552 (0x0000bfe5) c.j     pc - 8
core   0: 3 0x80012552 (0xbfe5)
core   0: 0x8001254a (0x00001f17) auipc   t5, 0x1
core   0: 3 0x8001254a (0x00001f17) x30 0x8001354a
core   0: 0x8001254e (0xaa3f2b23) sw      gp, -1354(t5)
core   0: 3 0x8001254e (0xaa3f2b23) mem 0x80013000 0x00000001
core   0: 0x80012552 (0x0000bfe5) c.j     pc - 8
core   0: 3 0x80012552 (0xbfe5)
core   0: 0x8001254a (0x00001f17) auipc   t5, 0x1
core   0: 3 0x8001254a (0x00001f17) x30 0x8001354a
core   0: 0x8001254e (0xaa3f2b23) sw      gp, -1354(t5)
core   0: 3 0x8001254e (0xaa3f2b23) mem 0x80013000 0x00000001
core   0: 0x80012552 (0x0000bfe5) c.j     pc - 8
core   0: 3 0x80012552 (0xbfe5)
core   0: 0x8001254a (0x00001f17) auipc   t5, 0x1
core   0: 3 0x8001254a (0x00001f17) x30 0x8001354a
core   0: 0x8001254e (0xaa3f2b23) sw      gp, -1354(t5)
core   0: 3 0x8001254e (0xaa3f2b23) mem 0x80013000 0x00000001
core   0: 0x80012552 (0x0000bfe5) c.j     pc - 8
core   0: 3 0x80012552 (0xbfe5)
core   0: 0x8001254a (0x00001f17) auipc   t5, 0x1
core   0: 3 0x8001254a (0x00001f17) x30 0x8001354a
core   0: 0x8001254e (0xaa3f2b23) sw      gp, -1354(t5)
core   0: 3 0x8001254e (0xaa3f2b23) mem 0x80013000 0x00000001
core   0: 0x80012552 (0x0000bfe5) c.j     pc - 8
core   0: 3 0x80012552 (0xbfe5)
core   0: 0x8001254a (0x00001f17) auipc   t5, 0x1
core   0: 3 0x8001254a (0x00001f17) x30 0x8001354a
core   0: 0x8001254e (0xaa3f2b23) sw      gp, -1354(t5)
core   0: 3 0x8001254e (0xaa3f2b23) mem 0x80013000 0x00000001
core   0: 0x80012552 (0x0000bfe5) c.j     pc - 8
core   0: 3 0x80012552 (0xbfe5)
core   0: 0x8001254a (0x00001f17) auipc   t5, 0x1
core   0: 3 0x8001254a (0x00001f17) x30 0x8001354a
core   0: 0x8001254e (0xaa3f2b23) sw      gp, -1354(t5)
core   0: 3 0x8001254e (0xaa3f2b23) mem 0x80013000 0x00000001
core   0: 0x80012552 (0x0000bfe5) c.j     pc - 8
core   0: 3 0x80012552 (0xbfe5)
core   0: 0x8001254a (0x00001f17) auipc   t5, 0x1
core   0: 3 0x8001254a (0x00001f17) x30 0x8001354a
core   0: 0x8001254e (0xaa3f2b23) sw      gp, -1354(t5)
core   0: 3 0x8001254e (0xaa3f2b23) mem 0x80013000 0x00000001
core   0: 0x80012552 (0x0000bfe5) c.j     pc - 8
core   0: 3 0x80012552 (0xbfe5)
core   0: 0x8001254a (0x00001f17) auipc   t5, 0x1
core   0: 3 0x8001254a (0x00001f17) x30 0x8001354a
core   0: 0x8001254e (0xaa3f2b23) sw      gp, -1354(t5)
core   0: 3 0x8001254e (0xaa3f2b23) mem 0x80013000 0x00000001
core   0: 0x80012552 (0x0000bfe5) c.j     pc - 8
core   0: 3 0x80012552 (0xbfe5)
core   0: 0x8001254a (0x00001f17) auipc   t5, 0x1
core   0: 3 0x8001254a (0x00001f17) x30 0x8001354a
core   0: 0x8001254e (0xaa3f2b23) sw      gp, -1354(t5)
core   0: 3 0x8001254e (0xaa3f2b23) mem 0x80013000 0x00000001
core   0: 0x80012552 (0x0000bfe5) c.j     pc - 8
core   0: 3 0x80012552 (0xbfe5)
core   0: 0x8001254a (0x00001f17) auipc   t5, 0x1
core   0: 3 0x8001254a (0x00001f17) x30 0x8001354a
core   0: 0x8001254e (0xaa3f2b23) sw      gp, -1354(t5)
core   0: 3 0x8001254e (0xaa3f2b23) mem 0x80013000 0x00000001
core   0: 0x80012552 (0x0000bfe5) c.j     pc - 8
core   0: 3 0x80012552 (0xbfe5)
core   0: 0x8001254a (0x00001f17) auipc   t5, 0x1
core   0: 3 0x8001254a (0x00001f17) x30 0x8001354a
core   0: 0x8001254e (0xaa3f2b23) sw      gp, -1354(t5)
core   0: 3 0x8001254e (0xaa3f2b23) mem 0x80013000 0x00000001
core   0: 0x80012552 (0x0000bfe5) c.j     pc - 8
core   0: 3 0x80012552 (0xbfe5)
core   0: 0x8001254a (0x00001f17) auipc   t5, 0x1
core   0: 3 0x8001254a (0x00001f17) x30 0x8001354a
core   0: 0x8001254e (0xaa3f2b23) sw      gp, -1354(t5)
core   0: 3 0x8001254e (0xaa3f2b23) mem 0x80013000 0x00000001
core   0: 0x80012552 (0x0000bfe5) c.j     pc - 8
core   0: 3 0x80012552 (0xbfe5)
core   0: 0x8001254a (0x00001f17) auipc   t5, 0x1
core   0: 3 0x8001254a (0x00001f17) x30 0x8001354a
core   0: 0x8001254e (0xaa3f2b23) sw      gp, -1354(t5)
core   0: 3 0x8001254e (0xaa3f2b23) mem 0x80013000 0x00000001
core   0: 0x80012552 (0x0000bfe5) c.j     pc - 8
core   0: 3 0x80012552 (0xbfe5)
core   0: 0x8001254a (0x00001f17) auipc   t5, 0x1
core   0: 3 0x8001254a (0x00001f17) x30 0x8001354a
core   0: 0x8001254e (0xaa3f2b23) sw      gp, -1354(t5)
core   0: 3 0x8001254e (0xaa3f2b23) mem 0x80013000 0x00000001
core   0: 0x80012552 (0x0000bfe5) c.j     pc - 8
core   0: 3 0x80012552 (0xbfe5)
core   0: 0x8001254a (0x00001f17) auipc   t5, 0x1
core   0: 3 0x8001254a (0x00001f17) x30 0x8001354a
core   0: 0x8001254e (0xaa3f2b23) sw      gp, -1354(t5)
core   0: 3 0x8001254e (0xaa3f2b23) mem 0x80013000 0x00000001
core   0: 0x80012552 (0x0000bfe5) c.j     pc - 8
core   0: 3 0x80012552 (0xbfe5)
core   0: 0x8001254a (0x00001f17) auipc   t5, 0x1
core   0: 3 0x8001254a (0x00001f17) x30 0x8001354a
core   0: 0x8001254e (0xaa3f2b23) sw      gp, -1354(t5)
core   0: 3 0x8001254e (0xaa3f2b23) mem 0x80013000 0x00000001
core   0: 0x80012552 (0x0000bfe5) c.j     pc - 8
core   0: 3 0x80012552 (0xbfe5)
core   0: 0x8001254a (0x00001f17) auipc   t5, 0x1
core   0: 3 0x8001254a (0x00001f17) x30 0x8001354a
core   0: 0x8001254e (0xaa3f2b23) sw      gp, -1354(t5)
core   0: 3 0x8001254e (0xaa3f2b23) mem 0x80013000 0x00000001
core   0: 0x80012552 (0x0000bfe5) c.j     pc - 8
core   0: 3 0x80012552 (0xbfe5)
core   0: 0x8001254a (0x00001f17) auipc   t5, 0x1
core   0: 3 0x8001254a (0x00001f17) x30 0x8001354a
core   0: 0x8001254e (0xaa3f2b23) sw      gp, -1354(t5)
core   0: 3 0x8001254e (0xaa3f2b23) mem 0x80013000 0x00000001
core   0: 0x80012552 (0x0000bfe5) c.j     pc - 8
core   0: 3 0x80012552 (0xbfe5)
core   0: 0x8001254a (0x00001f17) auipc   t5, 0x1
core   0: 3 0x8001254a (0x00001f17) x30 0x8001354a
core   0: 0x8001254e (0xaa3f2b23) sw      gp, -1354(t5)
core   0: 3 0x8001254e (0xaa3f2b23) mem 0x80013000 0x00000001
core   0: 0x80012552 (0x0000bfe5) c.j     pc - 8
core   0: 3 0x80012552 (0xbfe5)
core   0: 0x8001254a (0x00001f17) auipc   t5, 0x1
core   0: 3 0x8001254a (0x00001f17) x30 0x8001354a
core   0: 0x8001254e (0xaa3f2b23) sw      gp, -1354(t5)
core   0: 3 0x8001254e (0xaa3f2b23) mem 0x80013000 0x00000001
core   0: 0x80012552 (0x0000bfe5) c.j     pc - 8
core   0: 3 0x80012552 (0xbfe5)
core   0: 0x8001254a (0x00001f17) auipc   t5, 0x1
core   0: 3 0x8001254a (0x00001f17) x30 0x8001354a
core   0: 0x8001254e (0xaa3f2b23) sw      gp, -1354(t5)
core   0: 3 0x8001254e (0xaa3f2b23) mem 0x80013000 0x00000001
core   0: 0x80012552 (0x0000bfe5) c.j     pc - 8
core   0: 3 0x80012552 (0xbfe5)
core   0: 0x8001254a (0x00001f17) auipc   t5, 0x1
core   0: 3 0x8001254a (0x00001f17) x30 0x8001354a
core   0: 0x8001254e (0xaa3f2b23) sw      gp, -1354(t5)
core   0: 3 0x8001254e (0xaa3f2b23) mem 0x80013000 0x00000001
core   0: 0x80012552 (0x0000bfe5) c.j     pc - 8
core   0: 3 0x80012552 (0xbfe5)
core   0: 0x8001254a (0x00001f17) auipc   t5, 0x1
core   0: 3 0x8001254a (0x00001f17) x30 0x8001354a
core   0: 0x8001254e (0xaa3f2b23) sw      gp, -1354(t5)
core   0: 3 0x8001254e (0xaa3f2b23) mem 0x80013000 0x00000001
core   0: 0x80012552 (0x0000bfe5) c.j     pc - 8
core   0: 3 0x80012552 (0xbfe5)
core   0: 0x8001254a (0x00001f17) auipc   t5, 0x1
core   0: 3 0x8001254a (0x00001f17) x30 0x8001354a
core   0: 0x8001254e (0xaa3f2b23) sw      gp, -1354(t5)
core   0: 3 0x8001254e (0xaa3f2b23) mem 0x80013000 0x00000001
core   0: 0x80012552 (0x0000bfe5) c.j     pc - 8
core   0: 3 0x80012552 (0xbfe5)
core   0: 0x8001254a (0x00001f17) auipc   t5, 0x1
core   0: 3 0x8001254a (0x00001f17) x30 0x8001354a
core   0: 0x8001254e (0xaa3f2b23) sw      gp, -1354(t5)
core   0: 3 0x8001254e (0xaa3f2b23) mem 0x80013000 0x00000001
core   0: 0x80012552 (0x0000bfe5) c.j     pc - 8
core   0: 3 0x80012552 (0xbfe5)
core   0: 0x8001254a (0x00001f17) auipc   t5, 0x1
core   0: 3 0x8001254a (0x00001f17) x30 0x8001354a
core   0: 0x8001254e (0xaa3f2b23) sw      gp, -1354(t5)
core   0: 3 0x8001254e (0xaa3f2b23) mem 0x80013000 0x00000001
core   0: 0x80012552 (0x0000bfe5) c.j     pc - 8
core   0: 3 0x80012552 (0xbfe5)
core   0: 0x8001254a (0x00001f17) auipc   t5, 0x1
core   0: 3 0x8001254a (0x00001f17) x30 0x8001354a
core   0: 0x8001254e (0xaa3f2b23) sw      gp, -1354(t5)
core   0: 3 0x8001254e (0xaa3f2b23) mem 0x80013000 0x00000001
core   0: 0x80012552 (0x0000bfe5) c.j     pc - 8
core   0: 3 0x80012552 (0xbfe5)
core   0: 0x8001254a (0x00001f17) auipc   t5, 0x1
core   0: 3 0x8001254a (0x00001f17) x30 0x8001354a
core   0: 0x8001254e (0xaa3f2b23) sw      gp, -1354(t5)
core   0: 3 0x8001254e (0xaa3f2b23) mem 0x80013000 0x00000001
core   0: 0x80012552 (0x0000bfe5) c.j     pc - 8
core   0: 3 0x80012552 (0xbfe5)
core   0: 0x8001254a (0x00001f17) auipc   t5, 0x1
core   0: 3 0x8001254a (0x00001f17) x30 0x8001354a
core   0: 0x8001254e (0xaa3f2b23) sw      gp, -1354(t5)
core   0: 3 0x8001254e (0xaa3f2b23) mem 0x80013000 0x00000001
core   0: 0x80012552 (0x0000bfe5) c.j     pc - 8
core   0: 3 0x80012552 (0xbfe5)
core   0: 0x8001254a (0x00001f17) auipc   t5, 0x1
core   0: 3 0x8001254a (0x00001f17) x30 0x8001354a
core   0: 0x8001254e (0xaa3f2b23) sw      gp, -1354(t5)
core   0: 3 0x8001254e (0xaa3f2b23) mem 0x80013000 0x00000001
core   0: 0x80012552 (0x0000bfe5) c.j     pc - 8
core   0: 3 0x80012552 (0xbfe5)
core   0: 0x8001254a (0x00001f17) auipc   t5, 0x1
core   0: 3 0x8001254a (0x00001f17) x30 0x8001354a
core   0: 0x8001254e (0xaa3f2b23) sw      gp, -1354(t5)
core   0: 3 0x8001254e (0xaa3f2b23) mem 0x80013000 0x00000001
core   0: 0x80012552 (0x0000bfe5) c.j     pc - 8
core   0: 3 0x80012552 (0xbfe5)
core   0: 0x8001254a (0x00001f17) auipc   t5, 0x1
core   0: 3 0x8001254a (0x00001f17) x30 0x8001354a
core   0: 0x8001254e (0xaa3f2b23) sw      gp, -1354(t5)
core   0: 3 0x8001254e (0xaa3f2b23) mem 0x80013000 0x00000001
core   0: 0x80012552 (0x0000bfe5) c.j     pc - 8
core   0: 3 0x80012552 (0xbfe5)
core   0: 0x8001254a (0x00001f17) auipc   t5, 0x1
core   0: 3 0x8001254a (0x00001f17) x30 0x8001354a
core   0: 0x8001254e (0xaa3f2b23) sw      gp, -1354(t5)
core   0: 3 0x8001254e (0xaa3f2b23) mem 0x80013000 0x00000001
core   0: 0x80012552 (0x0000bfe5) c.j     pc - 8
core   0: 3 0x80012552 (0xbfe5)
core   0: 0x8001254a (0x00001f17) auipc   t5, 0x1
core   0: 3 0x8001254a (0x00001f17) x30 0x8001354a
core   0: 0x8001254e (0xaa3f2b23) sw      gp, -1354(t5)
core   0: 3 0x8001254e (0xaa3f2b23) mem 0x80013000 0x00000001
core   0: 0x80012552 (0x0000bfe5) c.j     pc - 8
core   0: 3 0x80012552 (0xbfe5)
core   0: 0x8001254a (0x00001f17) auipc   t5, 0x1
core   0: 3 0x8001254a (0x00001f17) x30 0x8001354a
core   0: 0x8001254e (0xaa3f2b23) sw      gp, -1354(t5)
core   0: 3 0x8001254e (0xaa3f2b23) mem 0x80013000 0x00000001
core   0: 0x80012552 (0x0000bfe5) c.j     pc - 8
core   0: 3 0x80012552 (0xbfe5)
core   0: 0x8001254a (0x00001f17) auipc   t5, 0x1
core   0: 3 0x8001254a (0x00001f17) x30 0x8001354a
core   0: 0x8001254e (0xaa3f2b23) sw      gp, -1354(t5)
core   0: 3 0x8001254e (0xaa3f2b23) mem 0x80013000 0x00000001
core   0: 0x80012552 (0x0000bfe5) c.j     pc - 8
core   0: 3 0x80012552 (0xbfe5)
core   0: 0x8001254a (0x00001f17) auipc   t5, 0x1
core   0: 3 0x8001254a (0x00001f17) x30 0x8001354a
core   0: 0x8001254e (0xaa3f2b23) sw      gp, -1354(t5)
core   0: 3 0x8001254e (0xaa3f2b23) mem 0x80013000 0x00000001
core   0: 0x80012552 (0x0000bfe5) c.j     pc - 8
core   0: 3 0x80012552 (0xbfe5)
core   0: 0x8001254a (0x00001f17) auipc   t5, 0x1
core   0: 3 0x8001254a (0x00001f17) x30 0x8001354a
core   0: 0x8001254e (0xaa3f2b23) sw      gp, -1354(t5)
core   0: 3 0x8001254e (0xaa3f2b23) mem 0x80013000 0x00000001
core   0: 0x80012552 (0x0000bfe5) c.j     pc - 8
core   0: 3 0x80012552 (0xbfe5)
core   0: 0x8001254a (0x00001f17) auipc   t5, 0x1
core   0: 3 0x8001254a (0x00001f17) x30 0x8001354a
core   0: 0x8001254e (0xaa3f2b23) sw      gp, -1354(t5)
core   0: 3 0x8001254e (0xaa3f2b23) mem 0x80013000 0x00000001
core   0: 0x80012552 (0x0000bfe5) c.j     pc - 8
core   0: 3 0x80012552 (0xbfe5)
core   0: 0x8001254a (0x00001f17) auipc   t5, 0x1
core   0: 3 0x8001254a (0x00001f17) x30 0x8001354a
core   0: 0x8001254e (0xaa3f2b23) sw      gp, -1354(t5)
core   0: 3 0x8001254e (0xaa3f2b23) mem 0x80013000 0x00000001
core   0: 0x80012552 (0x0000bfe5) c.j     pc - 8
core   0: 3 0x80012552 (0xbfe5)
core   0: 0x8001254a (0x00001f17) auipc   t5, 0x1
core   0: 3 0x8001254a (0x00001f17) x30 0x8001354a
core   0: 0x8001254e (0xaa3f2b23) sw      gp, -1354(t5)
core   0: 3 0x8001254e (0xaa3f2b23) mem 0x80013000 0x00000001
core   0: 0x80012552 (0x0000bfe5) c.j     pc - 8
core   0: 3 0x80012552 (0xbfe5)
core   0: 0x8001254a (0x00001f17) auipc   t5, 0x1
core   0: 3 0x8001254a (0x00001f17) x30 0x8001354a
core   0: 0x8001254e (0xaa3f2b23) sw      gp, -1354(t5)
core   0: 3 0x8001254e (0xaa3f2b23) mem 0x80013000 0x00000001
core   0: 0x80012552 (0x0000bfe5) c.j     pc - 8
core   0: 3 0x80012552 (0xbfe5)
core   0: 0x8001254a (0x00001f17) auipc   t5, 0x1
core   0: 3 0x8001254a (0x00001f17) x30 0x8001354a
core   0: 0x8001254e (0xaa3f2b23) sw      gp, -1354(t5)
core   0: 3 0x8001254e (0xaa3f2b23) mem 0x80013000 0x00000001
core   0: 0x80012552 (0x0000bfe5) c.j     pc - 8
core   0: 3 0x80012552 (0xbfe5)
core   0: 0x8001254a (0x00001f17) auipc   t5, 0x1
core   0: 3 0x8001254a (0x00001f17) x30 0x8001354a
core   0: 0x8001254e (0xaa3f2b23) sw      gp, -1354(t5)
core   0: 3 0x8001254e (0xaa3f2b23) mem 0x80013000 0x00000001
core   0: 0x80012552 (0x0000bfe5) c.j     pc - 8
core   0: 3 0x80012552 (0xbfe5)
core   0: 0x8001254a (0x00001f17) auipc   t5, 0x1
core   0: 3 0x8001254a (0x00001f17) x30 0x8001354a
core   0: 0x8001254e (0xaa3f2b23) sw      gp, -1354(t5)
core   0: 3 0x8001254e (0xaa3f2b23) mem 0x80013000 0x00000001
core   0: 0x80012552 (0x0000bfe5) c.j     pc - 8
core   0: 3 0x80012552 (0xbfe5)
core   0: 0x8001254a (0x00001f17) auipc   t5, 0x1
core   0: 3 0x8001254a (0x00001f17) x30 0x8001354a
core   0: 0x8001254e (0xaa3f2b23) sw      gp, -1354(t5)
core   0: 3 0x8001254e (0xaa3f2b23) mem 0x80013000 0x00000001
core   0: 0x80012552 (0x0000bfe5) c.j     pc - 8
core   0: 3 0x80012552 (0xbfe5)
core   0: 0x8001254a (0x00001f17) auipc   t5, 0x1
core   0: 3 0x8001254a (0x00001f17) x30 0x8001354a
core   0: 0x8001254e (0xaa3f2b23) sw      gp, -1354(t5)
core   0: 3 0x8001254e (0xaa3f2b23) mem 0x80013000 0x00000001
core   0: 0x80012552 (0x0000bfe5) c.j     pc - 8
core   0: 3 0x80012552 (0xbfe5)
core   0: 0x8001254a (0x00001f17) auipc   t5, 0x1
core   0: 3 0x8001254a (0x00001f17) x30 0x8001354a
core   0: 0x8001254e (0xaa3f2b23) sw      gp, -1354(t5)
core   0: 3 0x8001254e (0xaa3f2b23) mem 0x80013000 0x00000001
core   0: 0x80012552 (0x0000bfe5) c.j     pc - 8
core   0: 3 0x80012552 (0xbfe5)
core   0: 0x8001254a (0x00001f17) auipc   t5, 0x1
core   0: 3 0x8001254a (0x00001f17) x30 0x8001354a
core   0: 0x8001254e (0xaa3f2b23) sw      gp, -1354(t5)
core   0: 3 0x8001254e (0xaa3f2b23) mem 0x80013000 0x00000001
core   0: 0x80012552 (0x0000bfe5) c.j     pc - 8
core   0: 3 0x80012552 (0xbfe5)
core   0: 0x8001254a (0x00001f17) auipc   t5, 0x1
core   0: 3 0x8001254a (0x00001f17) x30 0x8001354a
core   0: 0x8001254e (0xaa3f2b23) sw      gp, -1354(t5)
core   0: 3 0x8001254e (0xaa3f2b23) mem 0x80013000 0x00000001
core   0: 0x80012552 (0x0000bfe5) c.j     pc - 8
core   0: 3 0x80012552 (0xbfe5)
core   0: 0x8001254a (0x00001f17) auipc   t5, 0x1
core   0: 3 0x8001254a (0x00001f17) x30 0x8001354a
core   0: 0x8001254e (0xaa3f2b23) sw      gp, -1354(t5)
core   0: 3 0x8001254e (0xaa3f2b23) mem 0x80013000 0x00000001
core   0: 0x80012552 (0x0000bfe5) c.j     pc - 8
core   0: 3 0x80012552 (0xbfe5)
core   0: 0x8001254a (0x00001f17) auipc   t5, 0x1
core   0: 3 0x8001254a (0x00001f17) x30 0x8001354a
core   0: 0x8001254e (0xaa3f2b23) sw      gp, -1354(t5)
core   0: 3 0x8001254e (0xaa3f2b23) mem 0x80013000 0x00000001
core   0: 0x80012552 (0x0000bfe5) c.j     pc - 8
core   0: 3 0x80012552 (0xbfe5)
core   0: 0x8001254a (0x00001f17) auipc   t5, 0x1
core   0: 3 0x8001254a (0x00001f17) x30 0x8001354a
core   0: 0x8001254e (0xaa3f2b23) sw      gp, -1354(t5)
core   0: 3 0x8001254e (0xaa3f2b23) mem 0x80013000 0x00000001
core   0: 0x80012552 (0x0000bfe5) c.j     pc - 8
core   0: 3 0x80012552 (0xbfe5)
core   0: 0x8001254a (0x00001f17) auipc   t5, 0x1
core   0: 3 0x8001254a (0x00001f17) x30 0x8001354a
core   0: 0x8001254e (0xaa3f2b23) sw      gp, -1354(t5)
core   0: 3 0x8001254e (0xaa3f2b23) mem 0x80013000 0x00000001
core   0: 0x80012552 (0x0000bfe5) c.j     pc - 8
core   0: 3 0x80012552 (0xbfe5)
core   0: 0x8001254a (0x00001f17) auipc   t5, 0x1
core   0: 3 0x8001254a (0x00001f17) x30 0x8001354a
core   0: 0x8001254e (0xaa3f2b23) sw      gp, -1354(t5)
core   0: 3 0x8001254e (0xaa3f2b23) mem 0x80013000 0x00000001
core   0: 0x80012552 (0x0000bfe5) c.j     pc - 8
core   0: 3 0x80012552 (0xbfe5)
core   0: 0x8001254a (0x00001f17) auipc   t5, 0x1
core   0: 3 0x8001254a (0x00001f17) x30 0x8001354a
core   0: 0x8001254e (0xaa3f2b23) sw      gp, -1354(t5)
core   0: 3 0x8001254e (0xaa3f2b23) mem 0x80013000 0x00000001
core   0: 0x80012552 (0x0000bfe5) c.j     pc - 8
core   0: 3 0x80012552 (0xbfe5)
core   0: 0x8001254a (0x00001f17) auipc   t5, 0x1
core   0: 3 0x8001254a (0x00001f17) x30 0x8001354a
core   0: 0x8001254e (0xaa3f2b23) sw      gp, -1354(t5)
core   0: 3 0x8001254e (0xaa3f2b23) mem 0x80013000 0x00000001
core   0: 0x80012552 (0x0000bfe5) c.j     pc - 8
core   0: 3 0x80012552 (0xbfe5)
core   0: 0x8001254a (0x00001f17) auipc   t5, 0x1
core   0: 3 0x8001254a (0x00001f17) x30 0x8001354a
core   0: 0x8001254e (0xaa3f2b23) sw      gp, -1354(t5)
core   0: 3 0x8001254e (0xaa3f2b23) mem 0x80013000 0x00000001
core   0: 0x80012552 (0x0000bfe5) c.j     pc - 8
core   0: 3 0x80012552 (0xbfe5)
core   0: 0x8001254a (0x00001f17) auipc   t5, 0x1
core   0: 3 0x8001254a (0x00001f17) x30 0x8001354a
core   0: 0x8001254e (0xaa3f2b23) sw      gp, -1354(t5)
core   0: 3 0x8001254e (0xaa3f2b23) mem 0x80013000 0x00000001
core   0: 0x80012552 (0x0000bfe5) c.j     pc - 8
core   0: 3 0x80012552 (0xbfe5)
core   0: 0x8001254a (0x00001f17) auipc   t5, 0x1
core   0: 3 0x8001254a (0x00001f17) x30 0x8001354a
core   0: 0x8001254e (0xaa3f2b23) sw      gp, -1354(t5)
core   0: 3 0x8001254e (0xaa3f2b23) mem 0x80013000 0x00000001
core   0: 0x80012552 (0x0000bfe5) c.j     pc - 8
core   0: 3 0x80012552 (0xbfe5)
core   0: 0x8001254a (0x00001f17) auipc   t5, 0x1
core   0: 3 0x8001254a (0x00001f17) x30 0x8001354a
core   0: 0x8001254e (0xaa3f2b23) sw      gp, -1354(t5)
core   0: 3 0x8001254e (0xaa3f2b23) mem 0x80013000 0x00000001
core   0: 0x80012552 (0x0000bfe5) c.j     pc - 8
core   0: 3 0x80012552 (0xbfe5)
core   0: 0x8001254a (0x00001f17) auipc   t5, 0x1
core   0: 3 0x8001254a (0x00001f17) x30 0x8001354a
core   0: 0x8001254e (0xaa3f2b23) sw      gp, -1354(t5)
core   0: 3 0x8001254e (0xaa3f2b23) mem 0x80013000 0x00000001
core   0: 0x80012552 (0x0000bfe5) c.j     pc - 8
core   0: 3 0x80012552 (0xbfe5)
core   0: 0x8001254a (0x00001f17) auipc   t5, 0x1
core   0: 3 0x8001254a (0x00001f17) x30 0x8001354a
core   0: 0x8001254e (0xaa3f2b23) sw      gp, -1354(t5)
core   0: 3 0x8001254e (0xaa3f2b23) mem 0x80013000 0x00000001
core   0: 0x80012552 (0x0000bfe5) c.j     pc - 8
core   0: 3 0x80012552 (0xbfe5)
core   0: 0x8001254a (0x00001f17) auipc   t5, 0x1
core   0: 3 0x8001254a (0x00001f17) x30 0x8001354a
core   0: 0x8001254e (0xaa3f2b23) sw      gp, -1354(t5)
core   0: 3 0x8001254e (0xaa3f2b23) mem 0x80013000 0x00000001
core   0: 0x80012552 (0x0000bfe5) c.j     pc - 8
core   0: 3 0x80012552 (0xbfe5)
core   0: 0x8001254a (0x00001f17) auipc   t5, 0x1
core   0: 3 0x8001254a (0x00001f17) x30 0x8001354a
core   0: 0x8001254e (0xaa3f2b23) sw      gp, -1354(t5)
core   0: 3 0x8001254e (0xaa3f2b23) mem 0x80013000 0x00000001
core   0: 0x80012552 (0x0000bfe5) c.j     pc - 8
core   0: 3 0x80012552 (0xbfe5)
core   0: 0x8001254a (0x00001f17) auipc   t5, 0x1
core   0: 3 0x8001254a (0x00001f17) x30 0x8001354a
core   0: 0x8001254e (0xaa3f2b23) sw      gp, -1354(t5)
core   0: 3 0x8001254e (0xaa3f2b23) mem 0x80013000 0x00000001
core   0: 0x80012552 (0x0000bfe5) c.j     pc - 8
core   0: 3 0x80012552 (0xbfe5)
core   0: 0x8001254a (0x00001f17) auipc   t5, 0x1
core   0: 3 0x8001254a (0x00001f17) x30 0x8001354a
core   0: 0x8001254e (0xaa3f2b23) sw      gp, -1354(t5)
core   0: 3 0x8001254e (0xaa3f2b23) mem 0x80013000 0x00000001
core   0: 0x80012552 (0x0000bfe5) c.j     pc - 8
core   0: 3 0x80012552 (0xbfe5)
core   0: 0x8001254a (0x00001f17) auipc   t5, 0x1
core   0: 3 0x8001254a (0x00001f17) x30 0x8001354a
core   0: 0x8001254e (0xaa3f2b23) sw      gp, -1354(t5)
core   0: 3 0x8001254e (0xaa3f2b23) mem 0x80013000 0x00000001
core   0: 0x80012552 (0x0000bfe5) c.j     pc - 8
core   0: 3 0x80012552 (0xbfe5)
core   0: 0x8001254a (0x00001f17) auipc   t5, 0x1
core   0: 3 0x8001254a (0x00001f17) x30 0x8001354a
core   0: 0x8001254e (0xaa3f2b23) sw      gp, -1354(t5)
core   0: 3 0x8001254e (0xaa3f2b23) mem 0x80013000 0x00000001
core   0: 0x80012552 (0x0000bfe5) c.j     pc - 8
core   0: 3 0x80012552 (0xbfe5)
core   0: 0x8001254a (0x00001f17) auipc   t5, 0x1
core   0: 3 0x8001254a (0x00001f17) x30 0x8001354a
core   0: 0x8001254e (0xaa3f2b23) sw      gp, -1354(t5)
core   0: 3 0x8001254e (0xaa3f2b23) mem 0x80013000 0x00000001
core   0: 0x80012552 (0x0000bfe5) c.j     pc - 8
core   0: 3 0x80012552 (0xbfe5)
core   0: 0x8001254a (0x00001f17) auipc   t5, 0x1
core   0: 3 0x8001254a (0x00001f17) x30 0x8001354a
core   0: 0x8001254e (0xaa3f2b23) sw      gp, -1354(t5)
core   0: 3 0x8001254e (0xaa3f2b23) mem 0x80013000 0x00000001
core   0: 0x80012552 (0x0000bfe5) c.j     pc - 8
core   0: 3 0x80012552 (0xbfe5)
core   0: 0x8001254a (0x00001f17) auipc   t5, 0x1
core   0: 3 0x8001254a (0x00001f17) x30 0x8001354a
core   0: 0x8001254e (0xaa3f2b23) sw      gp, -1354(t5)
core   0: 3 0x8001254e (0xaa3f2b23) mem 0x80013000 0x00000001
core   0: 0x80012552 (0x0000bfe5) c.j     pc - 8
core   0: 3 0x80012552 (0xbfe5)
core   0: 0x8001254a (0x00001f17) auipc   t5, 0x1
core   0: 3 0x8001254a (0x00001f17) x30 0x8001354a
core   0: 0x8001254e (0xaa3f2b23) sw      gp, -1354(t5)
core   0: 3 0x8001254e (0xaa3f2b23) mem 0x80013000 0x00000001
core   0: 0x80012552 (0x0000bfe5) c.j     pc - 8
core   0: 3 0x80012552 (0xbfe5)
core   0: 0x8001254a (0x00001f17) auipc   t5, 0x1
core   0: 3 0x8001254a (0x00001f17) x30 0x8001354a
core   0: 0x8001254e (0xaa3f2b23) sw      gp, -1354(t5)
core   0: 3 0x8001254e (0xaa3f2b23) mem 0x80013000 0x00000001
core   0: 0x80012552 (0x0000bfe5) c.j     pc - 8
core   0: 3 0x80012552 (0xbfe5)
core   0: 0x8001254a (0x00001f17) auipc   t5, 0x1
core   0: 3 0x8001254a (0x00001f17) x30 0x8001354a
core   0: 0x8001254e (0xaa3f2b23) sw      gp, -1354(t5)
core   0: 3 0x8001254e (0xaa3f2b23) mem 0x80013000 0x00000001
core   0: 0x80012552 (0x0000bfe5) c.j     pc - 8
core   0: 3 0x80012552 (0xbfe5)
core   0: 0x8001254a (0x00001f17) auipc   t5, 0x1
core   0: 3 0x8001254a (0x00001f17) x30 0x8001354a
core   0: 0x8001254e (0xaa3f2b23) sw      gp, -1354(t5)
core   0: 3 0x8001254e (0xaa3f2b23) mem 0x80013000 0x00000001
core   0: 0x80012552 (0x0000bfe5) c.j     pc - 8
core   0: 3 0x80012552 (0xbfe5)
core   0: 0x8001254a (0x00001f17) auipc   t5, 0x1
core   0: 3 0x8001254a (0x00001f17) x30 0x8001354a
core   0: 0x8001254e (0xaa3f2b23) sw      gp, -1354(t5)
core   0: 3 0x8001254e (0xaa3f2b23) mem 0x80013000 0x00000001
core   0: 0x80012552 (0x0000bfe5) c.j     pc - 8
core   0: 3 0x80012552 (0xbfe5)
core   0: 0x8001254a (0x00001f17) auipc   t5, 0x1
core   0: 3 0x8001254a (0x00001f17) x30 0x8001354a
core   0: 0x8001254e (0xaa3f2b23) sw      gp, -1354(t5)
core   0: 3 0x8001254e (0xaa3f2b23) mem 0x80013000 0x00000001
core   0: 0x80012552 (0x0000bfe5) c.j     pc - 8
core   0: 3 0x80012552 (0xbfe5)
core   0: 0x8001254a (0x00001f17) auipc   t5, 0x1
core   0: 3 0x8001254a (0x00001f17) x30 0x8001354a
core   0: 0x8001254e (0xaa3f2b23) sw      gp, -1354(t5)
core   0: 3 0x8001254e (0xaa3f2b23) mem 0x80013000 0x00000001
core   0: 0x80012552 (0x0000bfe5) c.j     pc - 8
core   0: 3 0x80012552 (0xbfe5)
core   0: 0x8001254a (0x00001f17) auipc   t5, 0x1
core   0: 3 0x8001254a (0x00001f17) x30 0x8001354a
core   0: 0x8001254e (0xaa3f2b23) sw      gp, -1354(t5)
core   0: 3 0x8001254e (0xaa3f2b23) mem 0x80013000 0x00000001
core   0: 0x80012552 (0x0000bfe5) c.j     pc - 8
core   0: 3 0x80012552 (0xbfe5)
core   0: 0x8001254a (0x00001f17) auipc   t5, 0x1
core   0: 3 0x8001254a (0x00001f17) x30 0x8001354a
core   0: 0x8001254e (0xaa3f2b23) sw      gp, -1354(t5)
core   0: 3 0x8001254e (0xaa3f2b23) mem 0x80013000 0x00000001
core   0: 0x80012552 (0x0000bfe5) c.j     pc - 8
core   0: 3 0x80012552 (0xbfe5)
core   0: 0x8001254a (0x00001f17) auipc   t5, 0x1
core   0: 3 0x8001254a (0x00001f17) x30 0x8001354a
core   0: 0x8001254e (0xaa3f2b23) sw      gp, -1354(t5)
core   0: 3 0x8001254e (0xaa3f2b23) mem 0x80013000 0x00000001
core   0: 0x80012552 (0x0000bfe5) c.j     pc - 8
core   0: 3 0x80012552 (0xbfe5)
core   0: 0x8001254a (0x00001f17) auipc   t5, 0x1
core   0: 3 0x8001254a (0x00001f17) x30 0x8001354a
core   0: 0x8001254e (0xaa3f2b23) sw      gp, -1354(t5)
core   0: 3 0x8001254e (0xaa3f2b23) mem 0x80013000 0x00000001
core   0: 0x80012552 (0x0000bfe5) c.j     pc - 8
core   0: 3 0x80012552 (0xbfe5)
core   0: 0x8001254a (0x00001f17) auipc   t5, 0x1
core   0: 3 0x8001254a (0x00001f17) x30 0x8001354a
core   0: 0x8001254e (0xaa3f2b23) sw      gp, -1354(t5)
core   0: 3 0x8001254e (0xaa3f2b23) mem 0x80013000 0x00000001
core   0: 0x80012552 (0x0000bfe5) c.j     pc - 8
core   0: 3 0x80012552 (0xbfe5)
core   0: 0x8001254a (0x00001f17) auipc   t5, 0x1
core   0: 3 0x8001254a (0x00001f17) x30 0x8001354a
core   0: 0x8001254e (0xaa3f2b23) sw      gp, -1354(t5)
core   0: 3 0x8001254e (0xaa3f2b23) mem 0x80013000 0x00000001
core   0: 0x80012552 (0x0000bfe5) c.j     pc - 8
core   0: 3 0x80012552 (0xbfe5)
core   0: 0x8001254a (0x00001f17) auipc   t5, 0x1
core   0: 3 0x8001254a (0x00001f17) x30 0x8001354a
core   0: 0x8001254e (0xaa3f2b23) sw      gp, -1354(t5)
core   0: 3 0x8001254e (0xaa3f2b23) mem 0x80013000 0x00000001
core   0: 0x80012552 (0x0000bfe5) c.j     pc - 8
core   0: 3 0x80012552 (0xbfe5)
core   0: 0x8001254a (0x00001f17) auipc   t5, 0x1
core   0: 3 0x8001254a (0x00001f17) x30 0x8001354a
core   0: 0x8001254e (0xaa3f2b23) sw      gp, -1354(t5)
core   0: 3 0x8001254e (0xaa3f2b23) mem 0x80013000 0x00000001
core   0: 0x80012552 (0x0000bfe5) c.j     pc - 8
core   0: 3 0x80012552 (0xbfe5)
core   0: 0x8001254a (0x00001f17) auipc   t5, 0x1
core   0: 3 0x8001254a (0x00001f17) x30 0x8001354a
core   0: 0x8001254e (0xaa3f2b23) sw      gp, -1354(t5)
core   0: 3 0x8001254e (0xaa3f2b23) mem 0x80013000 0x00000001
core   0: 0x80012552 (0x0000bfe5) c.j     pc - 8
core   0: 3 0x80012552 (0xbfe5)
core   0: 0x8001254a (0x00001f17) auipc   t5, 0x1
core   0: 3 0x8001254a (0x00001f17) x30 0x8001354a
core   0: 0x8001254e (0xaa3f2b23) sw      gp, -1354(t5)
core   0: 3 0x8001254e (0xaa3f2b23) mem 0x80013000 0x00000001
core   0: 0x80012552 (0x0000bfe5) c.j     pc - 8
core   0: 3 0x80012552 (0xbfe5)
core   0: 0x8001254a (0x00001f17) auipc   t5, 0x1
core   0: 3 0x8001254a (0x00001f17) x30 0x8001354a
core   0: 0x8001254e (0xaa3f2b23) sw      gp, -1354(t5)
core   0: 3 0x8001254e (0xaa3f2b23) mem 0x80013000 0x00000001
core   0: 0x80012552 (0x0000bfe5) c.j     pc - 8
core   0: 3 0x80012552 (0xbfe5)
core   0: 0x8001254a (0x00001f17) auipc   t5, 0x1
core   0: 3 0x8001254a (0x00001f17) x30 0x8001354a
core   0: 0x8001254e (0xaa3f2b23) sw      gp, -1354(t5)
core   0: 3 0x8001254e (0xaa3f2b23) mem 0x80013000 0x00000001
core   0: 0x80012552 (0x0000bfe5) c.j     pc - 8
core   0: 3 0x80012552 (0xbfe5)
core   0: 0x8001254a (0x00001f17) auipc   t5, 0x1
core   0: 3 0x8001254a (0x00001f17) x30 0x8001354a
core   0: 0x8001254e (0xaa3f2b23) sw      gp, -1354(t5)
core   0: 3 0x8001254e (0xaa3f2b23) mem 0x80013000 0x00000001
core   0: 0x80012552 (0x0000bfe5) c.j     pc - 8
core   0: 3 0x80012552 (0xbfe5)
core   0: 0x8001254a (0x00001f17) auipc   t5, 0x1
core   0: 3 0x8001254a (0x00001f17) x30 0x8001354a
core   0: 0x8001254e (0xaa3f2b23) sw      gp, -1354(t5)
core   0: 3 0x8001254e (0xaa3f2b23) mem 0x80013000 0x00000001
core   0: 0x80012552 (0x0000bfe5) c.j     pc - 8
core   0: 3 0x80012552 (0xbfe5)
core   0: 0x8001254a (0x00001f17) auipc   t5, 0x1
core   0: 3 0x8001254a (0x00001f17) x30 0x8001354a
core   0: 0x8001254e (0xaa3f2b23) sw      gp, -1354(t5)
core   0: 3 0x8001254e (0xaa3f2b23) mem 0x80013000 0x00000001
core   0: 0x80012552 (0x0000bfe5) c.j     pc - 8
core   0: 3 0x80012552 (0xbfe5)
core   0: 0x8001254a (0x00001f17) auipc   t5, 0x1
core   0: 3 0x8001254a (0x00001f17) x30 0x8001354a
core   0: 0x8001254e (0xaa3f2b23) sw      gp, -1354(t5)
core   0: 3 0x8001254e (0xaa3f2b23) mem 0x80013000 0x00000001
core   0: 0x80012552 (0x0000bfe5) c.j     pc - 8
core   0: 3 0x80012552 (0xbfe5)
core   0: 0x8001254a (0x00001f17) auipc   t5, 0x1
core   0: 3 0x8001254a (0x00001f17) x30 0x8001354a
core   0: 0x8001254e (0xaa3f2b23) sw      gp, -1354(t5)
core   0: 3 0x8001254e (0xaa3f2b23) mem 0x80013000 0x00000001
core   0: 0x80012552 (0x0000bfe5) c.j     pc - 8
core   0: 3 0x80012552 (0xbfe5)
core   0: 0x8001254a (0x00001f17) auipc   t5, 0x1
core   0: 3 0x8001254a (0x00001f17) x30 0x8001354a
core   0: 0x8001254e (0xaa3f2b23) sw      gp, -1354(t5)
core   0: 3 0x8001254e (0xaa3f2b23) mem 0x80013000 0x00000001
core   0: 0x80012552 (0x0000bfe5) c.j     pc - 8
core   0: 3 0x80012552 (0xbfe5)
core   0: 0x8001254a (0x00001f17) auipc   t5, 0x1
core   0: 3 0x8001254a (0x00001f17) x30 0x8001354a
core   0: 0x8001254e (0xaa3f2b23) sw      gp, -1354(t5)
core   0: 3 0x8001254e (0xaa3f2b23) mem 0x80013000 0x00000001
core   0: 0x80012552 (0x0000bfe5) c.j     pc - 8
core   0: 3 0x80012552 (0xbfe5)
core   0: 0x8001254a (0x00001f17) auipc   t5, 0x1
core   0: 3 0x8001254a (0x00001f17) x30 0x8001354a
core   0: 0x8001254e (0xaa3f2b23) sw      gp, -1354(t5)
core   0: 3 0x8001254e (0xaa3f2b23) mem 0x80013000 0x00000001
core   0: 0x80012552 (0x0000bfe5) c.j     pc - 8
core   0: 3 0x80012552 (0xbfe5)
core   0: 0x8001254a (0x00001f17) auipc   t5, 0x1
core   0: 3 0x8001254a (0x00001f17) x30 0x8001354a
core   0: 0x8001254e (0xaa3f2b23) sw      gp, -1354(t5)
core   0: 3 0x8001254e (0xaa3f2b23) mem 0x80013000 0x00000001
core   0: 0x80012552 (0x0000bfe5) c.j     pc - 8
core   0: 3 0x80012552 (0xbfe5)
core   0: 0x8001254a (0x00001f17) auipc   t5, 0x1
core   0: 3 0x8001254a (0x00001f17) x30 0x8001354a
core   0: 0x8001254e (0xaa3f2b23) sw      gp, -1354(t5)
core   0: 3 0x8001254e (0xaa3f2b23) mem 0x80013000 0x00000001
core   0: 0x80012552 (0x0000bfe5) c.j     pc - 8
core   0: 3 0x80012552 (0xbfe5)
core   0: 0x8001254a (0x00001f17) auipc   t5, 0x1
core   0: 3 0x8001254a (0x00001f17) x30 0x8001354a
core   0: 0x8001254e (0xaa3f2b23) sw      gp, -1354(t5)
core   0: 3 0x8001254e (0xaa3f2b23) mem 0x80013000 0x00000001
core   0: 0x80012552 (0x0000bfe5) c.j     pc - 8
core   0: 3 0x80012552 (0xbfe5)
core   0: 0x8001254a (0x00001f17) auipc   t5, 0x1
core   0: 3 0x8001254a (0x00001f17) x30 0x8001354a
core   0: 0x8001254e (0xaa3f2b23) sw      gp, -1354(t5)
core   0: 3 0x8001254e (0xaa3f2b23) mem 0x80013000 0x00000001
core   0: 0x80012552 (0x0000bfe5) c.j     pc - 8
core   0: 3 0x80012552 (0xbfe5)
core   0: 0x8001254a (0x00001f17) auipc   t5, 0x1
core   0: 3 0x8001254a (0x00001f17) x30 0x8001354a
core   0: 0x8001254e (0xaa3f2b23) sw      gp, -1354(t5)
core   0: 3 0x8001254e (0xaa3f2b23) mem 0x80013000 0x00000001
core   0: 0x80012552 (0x0000bfe5) c.j     pc - 8
core   0: 3 0x80012552 (0xbfe5)
core   0: 0x8001254a (0x00001f17) auipc   t5, 0x1
core   0: 3 0x8001254a (0x00001f17) x30 0x8001354a
core   0: 0x8001254e (0xaa3f2b23) sw      gp, -1354(t5)
core   0: 3 0x8001254e (0xaa3f2b23) mem 0x80013000 0x00000001
core   0: 0x80012552 (0x0000bfe5) c.j     pc - 8
core   0: 3 0x80012552 (0xbfe5)
core   0: 0x8001254a (0x00001f17) auipc   t5, 0x1
core   0: 3 0x8001254a (0x00001f17) x30 0x8001354a
core   0: 0x8001254e (0xaa3f2b23) sw      gp, -1354(t5)
core   0: 3 0x8001254e (0xaa3f2b23) mem 0x80013000 0x00000001
core   0: 0x80012552 (0x0000bfe5) c.j     pc - 8
core   0: 3 0x80012552 (0xbfe5)
core   0: 0x8001254a (0x00001f17) auipc   t5, 0x1
core   0: 3 0x8001254a (0x00001f17) x30 0x8001354a
core   0: 0x8001254e (0xaa3f2b23) sw      gp, -1354(t5)
core   0: 3 0x8001254e (0xaa3f2b23) mem 0x80013000 0x00000001
core   0: 0x80012552 (0x0000bfe5) c.j     pc - 8
core   0: 3 0x80012552 (0xbfe5)
core   0: 0x8001254a (0x00001f17) auipc   t5, 0x1
core   0: 3 0x8001254a (0x00001f17) x30 0x8001354a
core   0: 0x8001254e (0xaa3f2b23) sw      gp, -1354(t5)
core   0: 3 0x8001254e (0xaa3f2b23) mem 0x80013000 0x00000001
core   0: 0x80012552 (0x0000bfe5) c.j     pc - 8
core   0: 3 0x80012552 (0xbfe5)
core   0: 0x8001254a (0x00001f17) auipc   t5, 0x1
core   0: 3 0x8001254a (0x00001f17) x30 0x8001354a
core   0: 0x8001254e (0xaa3f2b23) sw      gp, -1354(t5)
core   0: 3 0x8001254e (0xaa3f2b23) mem 0x80013000 0x00000001
core   0: 0x80012552 (0x0000bfe5) c.j     pc - 8
core   0: 3 0x80012552 (0xbfe5)
core   0: 0x8001254a (0x00001f17) auipc   t5, 0x1
core   0: 3 0x8001254a (0x00001f17) x30 0x8001354a
core   0: 0x8001254e (0xaa3f2b23) sw      gp, -1354(t5)
core   0: 3 0x8001254e (0xaa3f2b23) mem 0x80013000 0x00000001
core   0: 0x80012552 (0x0000bfe5) c.j     pc - 8
core   0: 3 0x80012552 (0xbfe5)
core   0: 0x8001254a (0x00001f17) auipc   t5, 0x1
core   0: 3 0x8001254a (0x00001f17) x30 0x8001354a
core   0: 0x8001254e (0xaa3f2b23) sw      gp, -1354(t5)
core   0: 3 0x8001254e (0xaa3f2b23) mem 0x80013000 0x00000001
core   0: 0x80012552 (0x0000bfe5) c.j     pc - 8
core   0: 3 0x80012552 (0xbfe5)
core   0: 0x8001254a (0x00001f17) auipc   t5, 0x1
core   0: 3 0x8001254a (0x00001f17) x30 0x8001354a
core   0: 0x8001254e (0xaa3f2b23) sw      gp, -1354(t5)
core   0: 3 0x8001254e (0xaa3f2b23) mem 0x80013000 0x00000001
core   0: 0x80012552 (0x0000bfe5) c.j     pc - 8
core   0: 3 0x80012552 (0xbfe5)
core   0: 0x8001254a (0x00001f17) auipc   t5, 0x1
core   0: 3 0x8001254a (0x00001f17) x30 0x8001354a
core   0: 0x8001254e (0xaa3f2b23) sw      gp, -1354(t5)
core   0: 3 0x8001254e (0xaa3f2b23) mem 0x80013000 0x00000001
core   0: 0x80012552 (0x0000bfe5) c.j     pc - 8
core   0: 3 0x80012552 (0xbfe5)
core   0: 0x8001254a (0x00001f17) auipc   t5, 0x1
core   0: 3 0x8001254a (0x00001f17) x30 0x8001354a
core   0: 0x8001254e (0xaa3f2b23) sw      gp, -1354(t5)
core   0: 3 0x8001254e (0xaa3f2b23) mem 0x80013000 0x00000001
core   0: 0x80012552 (0x0000bfe5) c.j     pc - 8
core   0: 3 0x80012552 (0xbfe5)
core   0: 0x8001254a (0x00001f17) auipc   t5, 0x1
core   0: 3 0x8001254a (0x00001f17) x30 0x8001354a
core   0: 0x8001254e (0xaa3f2b23) sw      gp, -1354(t5)
core   0: 3 0x8001254e (0xaa3f2b23) mem 0x80013000 0x00000001
core   0: 0x80012552 (0x0000bfe5) c.j     pc - 8
core   0: 3 0x80012552 (0xbfe5)
core   0: 0x8001254a (0x00001f17) auipc   t5, 0x1
core   0: 3 0x8001254a (0x00001f17) x30 0x8001354a
core   0: 0x8001254e (0xaa3f2b23) sw      gp, -1354(t5)
core   0: 3 0x8001254e (0xaa3f2b23) mem 0x80013000 0x00000001
core   0: 0x80012552 (0x0000bfe5) c.j     pc - 8
core   0: 3 0x80012552 (0xbfe5)
core   0: 0x8001254a (0x00001f17) auipc   t5, 0x1
core   0: 3 0x8001254a (0x00001f17) x30 0x8001354a
core   0: 0x8001254e (0xaa3f2b23) sw      gp, -1354(t5)
core   0: 3 0x8001254e (0xaa3f2b23) mem 0x80013000 0x00000001
core   0: 0x80012552 (0x0000bfe5) c.j     pc - 8
core   0: 3 0x80012552 (0xbfe5)
core   0: 0x8001254a (0x00001f17) auipc   t5, 0x1
core   0: 3 0x8001254a (0x00001f17) x30 0x8001354a
core   0: 0x8001254e (0xaa3f2b23) sw      gp, -1354(t5)
core   0: 3 0x8001254e (0xaa3f2b23) mem 0x80013000 0x00000001
core   0: 0x80012552 (0x0000bfe5) c.j     pc - 8
core   0: 3 0x80012552 (0xbfe5)
core   0: 0x8001254a (0x00001f17) auipc   t5, 0x1
core   0: 3 0x8001254a (0x00001f17) x30 0x8001354a
core   0: 0x8001254e (0xaa3f2b23) sw      gp, -1354(t5)
core   0: 3 0x8001254e (0xaa3f2b23) mem 0x80013000 0x00000001
core   0: 0x80012552 (0x0000bfe5) c.j     pc - 8
core   0: 3 0x80012552 (0xbfe5)
core   0: 0x8001254a (0x00001f17) auipc   t5, 0x1
core   0: 3 0x8001254a (0x00001f17) x30 0x8001354a
core   0: 0x8001254e (0xaa3f2b23) sw      gp, -1354(t5)
core   0: 3 0x8001254e (0xaa3f2b23) mem 0x80013000 0x00000001
core   0: 0x80012552 (0x0000bfe5) c.j     pc - 8
core   0: 3 0x80012552 (0xbfe5)
core   0: 0x8001254a (0x00001f17) auipc   t5, 0x1
core   0: 3 0x8001254a (0x00001f17) x30 0x8001354a
core   0: 0x8001254e (0xaa3f2b23) sw      gp, -1354(t5)
core   0: 3 0x8001254e (0xaa3f2b23) mem 0x80013000 0x00000001
core   0: 0x80012552 (0x0000bfe5) c.j     pc - 8
core   0: 3 0x80012552 (0xbfe5)
core   0: 0x8001254a (0x00001f17) auipc   t5, 0x1
core   0: 3 0x8001254a (0x00001f17) x30 0x8001354a
core   0: 0x8001254e (0xaa3f2b23) sw      gp, -1354(t5)
core   0: 3 0x8001254e (0xaa3f2b23) mem 0x80013000 0x00000001
core   0: 0x80012552 (0x0000bfe5) c.j     pc - 8
core   0: 3 0x80012552 (0xbfe5)
core   0: 0x8001254a (0x00001f17) auipc   t5, 0x1
core   0: 3 0x8001254a (0x00001f17) x30 0x8001354a
core   0: 0x8001254e (0xaa3f2b23) sw      gp, -1354(t5)
core   0: 3 0x8001254e (0xaa3f2b23) mem 0x80013000 0x00000001
core   0: 0x80012552 (0x0000bfe5) c.j     pc - 8
core   0: 3 0x80012552 (0xbfe5)
core   0: 0x8001254a (0x00001f17) auipc   t5, 0x1
core   0: 3 0x8001254a (0x00001f17) x30 0x8001354a
core   0: 0x8001254e (0xaa3f2b23) sw      gp, -1354(t5)
core   0: 3 0x8001254e (0xaa3f2b23) mem 0x80013000 0x00000001
core   0: 0x80012552 (0x0000bfe5) c.j     pc - 8
core   0: 3 0x80012552 (0xbfe5)
core   0: 0x8001254a (0x00001f17) auipc   t5, 0x1
core   0: 3 0x8001254a (0x00001f17) x30 0x8001354a
core   0: 0x8001254e (0xaa3f2b23) sw      gp, -1354(t5)
core   0: 3 0x8001254e (0xaa3f2b23) mem 0x80013000 0x00000001
core   0: 0x80012552 (0x0000bfe5) c.j     pc - 8
core   0: 3 0x80012552 (0xbfe5)
core   0: 0x8001254a (0x00001f17) auipc   t5, 0x1
core   0: 3 0x8001254a (0x00001f17) x30 0x8001354a
core   0: 0x8001254e (0xaa3f2b23) sw      gp, -1354(t5)
core   0: 3 0x8001254e (0xaa3f2b23) mem 0x80013000 0x00000001
core   0: 0x80012552 (0x0000bfe5) c.j     pc - 8
core   0: 3 0x80012552 (0xbfe5)
core   0: 0x8001254a (0x00001f17) auipc   t5, 0x1
core   0: 3 0x8001254a (0x00001f17) x30 0x8001354a
core   0: 0x8001254e (0xaa3f2b23) sw      gp, -1354(t5)
core   0: 3 0x8001254e (0xaa3f2b23) mem 0x80013000 0x00000001
core   0: 0x80012552 (0x0000bfe5) c.j     pc - 8
core   0: 3 0x80012552 (0xbfe5)
core   0: 0x8001254a (0x00001f17) auipc   t5, 0x1
core   0: 3 0x8001254a (0x00001f17) x30 0x8001354a
core   0: 0x8001254e (0xaa3f2b23) sw      gp, -1354(t5)
core   0: 3 0x8001254e (0xaa3f2b23) mem 0x80013000 0x00000001
core   0: 0x80012552 (0x0000bfe5) c.j     pc - 8
core   0: 3 0x80012552 (0xbfe5)
core   0: 0x8001254a (0x00001f17) auipc   t5, 0x1
core   0: 3 0x8001254a (0x00001f17) x30 0x8001354a
core   0: 0x8001254e (0xaa3f2b23) sw      gp, -1354(t5)
core   0: 3 0x8001254e (0xaa3f2b23) mem 0x80013000 0x00000001
core   0: 0x80012552 (0x0000bfe5) c.j     pc - 8
core   0: 3 0x80012552 (0xbfe5)
core   0: 0x8001254a (0x00001f17) auipc   t5, 0x1
core   0: 3 0x8001254a (0x00001f17) x30 0x8001354a
core   0: 0x8001254e (0xaa3f2b23) sw      gp, -1354(t5)
core   0: 3 0x8001254e (0xaa3f2b23) mem 0x80013000 0x00000001
core   0: 0x80012552 (0x0000bfe5) c.j     pc - 8
core   0: 3 0x80012552 (0xbfe5)
core   0: 0x8001254a (0x00001f17) auipc   t5, 0x1
core   0: 3 0x8001254a (0x00001f17) x30 0x8001354a
core   0: 0x8001254e (0xaa3f2b23) sw      gp, -1354(t5)
core   0: 3 0x8001254e (0xaa3f2b23) mem 0x80013000 0x00000001
core   0: 0x80012552 (0x0000bfe5) c.j     pc - 8
core   0: 3 0x80012552 (0xbfe5)
core   0: 0x8001254a (0x00001f17) auipc   t5, 0x1
core   0: 3 0x8001254a (0x00001f17) x30 0x8001354a
core   0: 0x8001254e (0xaa3f2b23) sw      gp, -1354(t5)
core   0: 3 0x8001254e (0xaa3f2b23) mem 0x80013000 0x00000001
core   0: 0x80012552 (0x0000bfe5) c.j     pc - 8
core   0: 3 0x80012552 (0xbfe5)
core   0: 0x8001254a (0x00001f17) auipc   t5, 0x1
core   0: 3 0x8001254a (0x00001f17) x30 0x8001354a
core   0: 0x8001254e (0xaa3f2b23) sw      gp, -1354(t5)
core   0: 3 0x8001254e (0xaa3f2b23) mem 0x80013000 0x00000001
core   0: 0x80012552 (0x0000bfe5) c.j     pc - 8
core   0: 3 0x80012552 (0xbfe5)
core   0: 0x8001254a (0x00001f17) auipc   t5, 0x1
core   0: 3 0x8001254a (0x00001f17) x30 0x8001354a
core   0: 0x8001254e (0xaa3f2b23) sw      gp, -1354(t5)
core   0: 3 0x8001254e (0xaa3f2b23) mem 0x80013000 0x00000001
core   0: 0x80012552 (0x0000bfe5) c.j     pc - 8
core   0: 3 0x80012552 (0xbfe5)
core   0: 0x8001254a (0x00001f17) auipc   t5, 0x1
core   0: 3 0x8001254a (0x00001f17) x30 0x8001354a
core   0: 0x8001254e (0xaa3f2b23) sw      gp, -1354(t5)
core   0: 3 0x8001254e (0xaa3f2b23) mem 0x80013000 0x00000001
core   0: 0x80012552 (0x0000bfe5) c.j     pc - 8
core   0: 3 0x80012552 (0xbfe5)
core   0: 0x8001254a (0x00001f17) auipc   t5, 0x1
core   0: 3 0x8001254a (0x00001f17) x30 0x8001354a
core   0: 0x8001254e (0xaa3f2b23) sw      gp, -1354(t5)
core   0: 3 0x8001254e (0xaa3f2b23) mem 0x80013000 0x00000001
core   0: 0x80012552 (0x0000bfe5) c.j     pc - 8
core   0: 3 0x80012552 (0xbfe5)
core   0: 0x8001254a (0x00001f17) auipc   t5, 0x1
core   0: 3 0x8001254a (0x00001f17) x30 0x8001354a
core   0: 0x8001254e (0xaa3f2b23) sw      gp, -1354(t5)
core   0: 3 0x8001254e (0xaa3f2b23) mem 0x80013000 0x00000001
core   0: 0x80012552 (0x0000bfe5) c.j     pc - 8
core   0: 3 0x80012552 (0xbfe5)
core   0: 0x8001254a (0x00001f17) auipc   t5, 0x1
core   0: 3 0x8001254a (0x00001f17) x30 0x8001354a
core   0: 0x8001254e (0xaa3f2b23) sw      gp, -1354(t5)
core   0: 3 0x8001254e (0xaa3f2b23) mem 0x80013000 0x00000001
core   0: 0x80012552 (0x0000bfe5) c.j     pc - 8
core   0: 3 0x80012552 (0xbfe5)
core   0: 0x8001254a (0x00001f17) auipc   t5, 0x1
core   0: 3 0x8001254a (0x00001f17) x30 0x8001354a
core   0: 0x8001254e (0xaa3f2b23) sw      gp, -1354(t5)
core   0: 3 0x8001254e (0xaa3f2b23) mem 0x80013000 0x00000001
core   0: 0x80012552 (0x0000bfe5) c.j     pc - 8
core   0: 3 0x80012552 (0xbfe5)
core   0: 0x8001254a (0x00001f17) auipc   t5, 0x1
core   0: 3 0x8001254a (0x00001f17) x30 0x8001354a
core   0: 0x8001254e (0xaa3f2b23) sw      gp, -1354(t5)
core   0: 3 0x8001254e (0xaa3f2b23) mem 0x80013000 0x00000001
core   0: 0x80012552 (0x0000bfe5) c.j     pc - 8
core   0: 3 0x80012552 (0xbfe5)
core   0: 0x8001254a (0x00001f17) auipc   t5, 0x1
core   0: 3 0x8001254a (0x00001f17) x30 0x8001354a
core   0: 0x8001254e (0xaa3f2b23) sw      gp, -1354(t5)
core   0: 3 0x8001254e (0xaa3f2b23) mem 0x80013000 0x00000001
core   0: 0x80012552 (0x0000bfe5) c.j     pc - 8
core   0: 3 0x80012552 (0xbfe5)
core   0: 0x8001254a (0x00001f17) auipc   t5, 0x1
core   0: 3 0x8001254a (0x00001f17) x30 0x8001354a
core   0: 0x8001254e (0xaa3f2b23) sw      gp, -1354(t5)
core   0: 3 0x8001254e (0xaa3f2b23) mem 0x80013000 0x00000001
core   0: 0x80012552 (0x0000bfe5) c.j     pc - 8
core   0: 3 0x80012552 (0xbfe5)
core   0: 0x8001254a (0x00001f17) auipc   t5, 0x1
core   0: 3 0x8001254a (0x00001f17) x30 0x8001354a
core   0: 0x8001254e (0xaa3f2b23) sw      gp, -1354(t5)
core   0: 3 0x8001254e (0xaa3f2b23) mem 0x80013000 0x00000001
core   0: 0x80012552 (0x0000bfe5) c.j     pc - 8
core   0: 3 0x80012552 (0xbfe5)
core   0: 0x8001254a (0x00001f17) auipc   t5, 0x1
core   0: 3 0x8001254a (0x00001f17) x30 0x8001354a
core   0: 0x8001254e (0xaa3f2b23) sw      gp, -1354(t5)
core   0: 3 0x8001254e (0xaa3f2b23) mem 0x80013000 0x00000001
core   0: 0x80012552 (0x0000bfe5) c.j     pc - 8
core   0: 3 0x80012552 (0xbfe5)
core   0: 0x8001254a (0x00001f17) auipc   t5, 0x1
core   0: 3 0x8001254a (0x00001f17) x30 0x8001354a
core   0: 0x8001254e (0xaa3f2b23) sw      gp, -1354(t5)
core   0: 3 0x8001254e (0xaa3f2b23) mem 0x80013000 0x00000001
core   0: 0x80012552 (0x0000bfe5) c.j     pc - 8
core   0: 3 0x80012552 (0xbfe5)
core   0: 0x8001254a (0x00001f17) auipc   t5, 0x1
core   0: 3 0x8001254a (0x00001f17) x30 0x8001354a
core   0: 0x8001254e (0xaa3f2b23) sw      gp, -1354(t5)
core   0: 3 0x8001254e (0xaa3f2b23) mem 0x80013000 0x00000001
core   0: 0x80012552 (0x0000bfe5) c.j     pc - 8
core   0: 3 0x80012552 (0xbfe5)
core   0: 0x8001254a (0x00001f17) auipc   t5, 0x1
core   0: 3 0x8001254a (0x00001f17) x30 0x8001354a
core   0: 0x8001254e (0xaa3f2b23) sw      gp, -1354(t5)
core   0: 3 0x8001254e (0xaa3f2b23) mem 0x80013000 0x00000001
core   0: 0x80012552 (0x0000bfe5) c.j     pc - 8
core   0: 3 0x80012552 (0xbfe5)
core   0: 0x8001254a (0x00001f17) auipc   t5, 0x1
core   0: 3 0x8001254a (0x00001f17) x30 0x8001354a
core   0: 0x8001254e (0xaa3f2b23) sw      gp, -1354(t5)
core   0: 3 0x8001254e (0xaa3f2b23) mem 0x80013000 0x00000001
core   0: 0x80012552 (0x0000bfe5) c.j     pc - 8
core   0: 3 0x80012552 (0xbfe5)
core   0: 0x8001254a (0x00001f17) auipc   t5, 0x1
core   0: 3 0x8001254a (0x00001f17) x30 0x8001354a
core   0: 0x8001254e (0xaa3f2b23) sw      gp, -1354(t5)
core   0: 3 0x8001254e (0xaa3f2b23) mem 0x80013000 0x00000001
core   0: 0x80012552 (0x0000bfe5) c.j     pc - 8
core   0: 3 0x80012552 (0xbfe5)
core   0: 0x8001254a (0x00001f17) auipc   t5, 0x1
core   0: 3 0x8001254a (0x00001f17) x30 0x8001354a
core   0: 0x8001254e (0xaa3f2b23) sw      gp, -1354(t5)
core   0: 3 0x8001254e (0xaa3f2b23) mem 0x80013000 0x00000001
core   0: 0x80012552 (0x0000bfe5) c.j     pc - 8
core   0: 3 0x80012552 (0xbfe5)
core   0: 0x8001254a (0x00001f17) auipc   t5, 0x1
core   0: 3 0x8001254a (0x00001f17) x30 0x8001354a
core   0: 0x8001254e (0xaa3f2b23) sw      gp, -1354(t5)
core   0: 3 0x8001254e (0xaa3f2b23) mem 0x80013000 0x00000001
core   0: 0x80012552 (0x0000bfe5) c.j     pc - 8
core   0: 3 0x80012552 (0xbfe5)
core   0: 0x8001254a (0x00001f17) auipc   t5, 0x1
core   0: 3 0x8001254a (0x00001f17) x30 0x8001354a
core   0: 0x8001254e (0xaa3f2b23) sw      gp, -1354(t5)
core   0: 3 0x8001254e (0xaa3f2b23) mem 0x80013000 0x00000001
core   0: 0x80012552 (0x0000bfe5) c.j     pc - 8
core   0: 3 0x80012552 (0xbfe5)
core   0: 0x8001254a (0x00001f17) auipc   t5, 0x1
core   0: 3 0x8001254a (0x00001f17) x30 0x8001354a
core   0: 0x8001254e (0xaa3f2b23) sw      gp, -1354(t5)
core   0: 3 0x8001254e (0xaa3f2b23) mem 0x80013000 0x00000001
core   0: 0x80012552 (0x0000bfe5) c.j     pc - 8
core   0: 3 0x80012552 (0xbfe5)
core   0: 0x8001254a (0x00001f17) auipc   t5, 0x1
core   0: 3 0x8001254a (0x00001f17) x30 0x8001354a
core   0: 0x8001254e (0xaa3f2b23) sw      gp, -1354(t5)
core   0: 3 0x8001254e (0xaa3f2b23) mem 0x80013000 0x00000001
core   0: 0x80012552 (0x0000bfe5) c.j     pc - 8
core   0: 3 0x80012552 (0xbfe5)
core   0: 0x8001254a (0x00001f17) auipc   t5, 0x1
core   0: 3 0x8001254a (0x00001f17) x30 0x8001354a
core   0: 0x8001254e (0xaa3f2b23) sw      gp, -1354(t5)
core   0: 3 0x8001254e (0xaa3f2b23) mem 0x80013000 0x00000001
core   0: 0x80012552 (0x0000bfe5) c.j     pc - 8
core   0: 3 0x80012552 (0xbfe5)
core   0: 0x8001254a (0x00001f17) auipc   t5, 0x1
core   0: 3 0x8001254a (0x00001f17) x30 0x8001354a
core   0: 0x8001254e (0xaa3f2b23) sw      gp, -1354(t5)
core   0: 3 0x8001254e (0xaa3f2b23) mem 0x80013000 0x00000001
core   0: 0x80012552 (0x0000bfe5) c.j     pc - 8
core   0: 3 0x80012552 (0xbfe5)
core   0: 0x8001254a (0x00001f17) auipc   t5, 0x1
core   0: 3 0x8001254a (0x00001f17) x30 0x8001354a
core   0: 0x8001254e (0xaa3f2b23) sw      gp, -1354(t5)
core   0: 3 0x8001254e (0xaa3f2b23) mem 0x80013000 0x00000001
core   0: 0x80012552 (0x0000bfe5) c.j     pc - 8
core   0: 3 0x80012552 (0xbfe5)
core   0: 0x8001254a (0x00001f17) auipc   t5, 0x1
core   0: 3 0x8001254a (0x00001f17) x30 0x8001354a
core   0: 0x8001254e (0xaa3f2b23) sw      gp, -1354(t5)
core   0: 3 0x8001254e (0xaa3f2b23) mem 0x80013000 0x00000001
core   0: 0x80012552 (0x0000bfe5) c.j     pc - 8
core   0: 3 0x80012552 (0xbfe5)
core   0: 0x8001254a (0x00001f17) auipc   t5, 0x1
core   0: 3 0x8001254a (0x00001f17) x30 0x8001354a
core   0: 0x8001254e (0xaa3f2b23) sw      gp, -1354(t5)
core   0: 3 0x8001254e (0xaa3f2b23) mem 0x80013000 0x00000001
core   0: 0x80012552 (0x0000bfe5) c.j     pc - 8
core   0: 3 0x80012552 (0xbfe5)
core   0: 0x8001254a (0x00001f17) auipc   t5, 0x1
core   0: 3 0x8001254a (0x00001f17) x30 0x8001354a
core   0: 0x8001254e (0xaa3f2b23) sw      gp, -1354(t5)
core   0: 3 0x8001254e (0xaa3f2b23) mem 0x80013000 0x00000001
core   0: 0x80012552 (0x0000bfe5) c.j     pc - 8
core   0: 3 0x80012552 (0xbfe5)
core   0: 0x8001254a (0x00001f17) auipc   t5, 0x1
core   0: 3 0x8001254a (0x00001f17) x30 0x8001354a
core   0: 0x8001254e (0xaa3f2b23) sw      gp, -1354(t5)
core   0: 3 0x8001254e (0xaa3f2b23) mem 0x80013000 0x00000001
core   0: 0x80012552 (0x0000bfe5) c.j     pc - 8
core   0: 3 0x80012552 (0xbfe5)
core   0: 0x8001254a (0x00001f17) auipc   t5, 0x1
core   0: 3 0x8001254a (0x00001f17) x30 0x8001354a
core   0: 0x8001254e (0xaa3f2b23) sw      gp, -1354(t5)
core   0: 3 0x8001254e (0xaa3f2b23) mem 0x80013000 0x00000001
core   0: 0x80012552 (0x0000bfe5) c.j     pc - 8
core   0: 3 0x80012552 (0xbfe5)
core   0: 0x8001254a (0x00001f17) auipc   t5, 0x1
core   0: 3 0x8001254a (0x00001f17) x30 0x8001354a
core   0: 0x8001254e (0xaa3f2b23) sw      gp, -1354(t5)
core   0: 3 0x8001254e (0xaa3f2b23) mem 0x80013000 0x00000001
core   0: 0x80012552 (0x0000bfe5) c.j     pc - 8
core   0: 3 0x80012552 (0xbfe5)
core   0: 0x8001254a (0x00001f17) auipc   t5, 0x1
core   0: 3 0x8001254a (0x00001f17) x30 0x8001354a
core   0: 0x8001254e (0xaa3f2b23) sw      gp, -1354(t5)
core   0: 3 0x8001254e (0xaa3f2b23) mem 0x80013000 0x00000001
core   0: 0x80012552 (0x0000bfe5) c.j     pc - 8
core   0: 3 0x80012552 (0xbfe5)
core   0: 0x8001254a (0x00001f17) auipc   t5, 0x1
core   0: 3 0x8001254a (0x00001f17) x30 0x8001354a
core   0: 0x8001254e (0xaa3f2b23) sw      gp, -1354(t5)
core   0: 3 0x8001254e (0xaa3f2b23) mem 0x80013000 0x00000001
core   0: 0x80012552 (0x0000bfe5) c.j     pc - 8
core   0: 3 0x80012552 (0xbfe5)
core   0: 0x8001254a (0x00001f17) auipc   t5, 0x1
core   0: 3 0x8001254a (0x00001f17) x30 0x8001354a
core   0: 0x8001254e (0xaa3f2b23) sw      gp, -1354(t5)
core   0: 3 0x8001254e (0xaa3f2b23) mem 0x80013000 0x00000001
core   0: 0x80012552 (0x0000bfe5) c.j     pc - 8
core   0: 3 0x80012552 (0xbfe5)
core   0: 0x8001254a (0x00001f17) auipc   t5, 0x1
core   0: 3 0x8001254a (0x00001f17) x30 0x8001354a
core   0: 0x8001254e (0xaa3f2b23) sw      gp, -1354(t5)
core   0: 3 0x8001254e (0xaa3f2b23) mem 0x80013000 0x00000001
core   0: 0x80012552 (0x0000bfe5) c.j     pc - 8
core   0: 3 0x80012552 (0xbfe5)
core   0: 0x8001254a (0x00001f17) auipc   t5, 0x1
core   0: 3 0x8001254a (0x00001f17) x30 0x8001354a
core   0: 0x8001254e (0xaa3f2b23) sw      gp, -1354(t5)
core   0: 3 0x8001254e (0xaa3f2b23) mem 0x80013000 0x00000001
core   0: 0x80012552 (0x0000bfe5) c.j     pc - 8
core   0: 3 0x80012552 (0xbfe5)
core   0: 0x8001254a (0x00001f17) auipc   t5, 0x1
core   0: 3 0x8001254a (0x00001f17) x30 0x8001354a
core   0: 0x8001254e (0xaa3f2b23) sw      gp, -1354(t5)
core   0: 3 0x8001254e (0xaa3f2b23) mem 0x80013000 0x00000001
core   0: 0x80012552 (0x0000bfe5) c.j     pc - 8
core   0: 3 0x80012552 (0xbfe5)
core   0: 0x8001254a (0x00001f17) auipc   t5, 0x1
core   0: 3 0x8001254a (0x00001f17) x30 0x8001354a
core   0: 0x8001254e (0xaa3f2b23) sw      gp, -1354(t5)
core   0: 3 0x8001254e (0xaa3f2b23) mem 0x80013000 0x00000001
core   0: 0x80012552 (0x0000bfe5) c.j     pc - 8
core   0: 3 0x80012552 (0xbfe5)
core   0: 0x8001254a (0x00001f17) auipc   t5, 0x1
core   0: 3 0x8001254a (0x00001f17) x30 0x8001354a
core   0: 0x8001254e (0xaa3f2b23) sw      gp, -1354(t5)
core   0: 3 0x8001254e (0xaa3f2b23) mem 0x80013000 0x00000001
core   0: 0x80012552 (0x0000bfe5) c.j     pc - 8
core   0: 3 0x80012552 (0xbfe5)
core   0: 0x8001254a (0x00001f17) auipc   t5, 0x1
core   0: 3 0x8001254a (0x00001f17) x30 0x8001354a
core   0: 0x8001254e (0xaa3f2b23) sw      gp, -1354(t5)
core   0: 3 0x8001254e (0xaa3f2b23) mem 0x80013000 0x00000001
core   0: 0x80012552 (0x0000bfe5) c.j     pc - 8
core   0: 3 0x80012552 (0xbfe5)
core   0: 0x8001254a (0x00001f17) auipc   t5, 0x1
core   0: 3 0x8001254a (0x00001f17) x30 0x8001354a
core   0: 0x8001254e (0xaa3f2b23) sw      gp, -1354(t5)
core   0: 3 0x8001254e (0xaa3f2b23) mem 0x80013000 0x00000001
core   0: 0x80012552 (0x0000bfe5) c.j     pc - 8
core   0: 3 0x80012552 (0xbfe5)
core   0: 0x8001254a (0x00001f17) auipc   t5, 0x1
core   0: 3 0x8001254a (0x00001f17) x30 0x8001354a
core   0: 0x8001254e (0xaa3f2b23) sw      gp, -1354(t5)
core   0: 3 0x8001254e (0xaa3f2b23) mem 0x80013000 0x00000001
core   0: 0x80012552 (0x0000bfe5) c.j     pc - 8
core   0: 3 0x80012552 (0xbfe5)
core   0: 0x8001254a (0x00001f17) auipc   t5, 0x1
core   0: 3 0x8001254a (0x00001f17) x30 0x8001354a
core   0: 0x8001254e (0xaa3f2b23) sw      gp, -1354(t5)
core   0: 3 0x8001254e (0xaa3f2b23) mem 0x80013000 0x00000001
core   0: 0x80012552 (0x0000bfe5) c.j     pc - 8
core   0: 3 0x80012552 (0xbfe5)
core   0: 0x8001254a (0x00001f17) auipc   t5, 0x1
core   0: 3 0x8001254a (0x00001f17) x30 0x8001354a
core   0: 0x8001254e (0xaa3f2b23) sw      gp, -1354(t5)
core   0: 3 0x8001254e (0xaa3f2b23) mem 0x80013000 0x00000001
core   0: 0x80012552 (0x0000bfe5) c.j     pc - 8
core   0: 3 0x80012552 (0xbfe5)
core   0: 0x8001254a (0x00001f17) auipc   t5, 0x1
core   0: 3 0x8001254a (0x00001f17) x30 0x8001354a
core   0: 0x8001254e (0xaa3f2b23) sw      gp, -1354(t5)
core   0: 3 0x8001254e (0xaa3f2b23) mem 0x80013000 0x00000001
core   0: 0x80012552 (0x0000bfe5) c.j     pc - 8
core   0: 3 0x80012552 (0xbfe5)
core   0: 0x8001254a (0x00001f17) auipc   t5, 0x1
core   0: 3 0x8001254a (0x00001f17) x30 0x8001354a
core   0: 0x8001254e (0xaa3f2b23) sw      gp, -1354(t5)
core   0: 3 0x8001254e (0xaa3f2b23) mem 0x80013000 0x00000001
core   0: 0x80012552 (0x0000bfe5) c.j     pc - 8
core   0: 3 0x80012552 (0xbfe5)
core   0: 0x8001254a (0x00001f17) auipc   t5, 0x1
core   0: 3 0x8001254a (0x00001f17) x30 0x8001354a
core   0: 0x8001254e (0xaa3f2b23) sw      gp, -1354(t5)
core   0: 3 0x8001254e (0xaa3f2b23) mem 0x80013000 0x00000001
core   0: 0x80012552 (0x0000bfe5) c.j     pc - 8
core   0: 3 0x80012552 (0xbfe5)
core   0: 0x8001254a (0x00001f17) auipc   t5, 0x1
core   0: 3 0x8001254a (0x00001f17) x30 0x8001354a
core   0: 0x8001254e (0xaa3f2b23) sw      gp, -1354(t5)
core   0: 3 0x8001254e (0xaa3f2b23) mem 0x80013000 0x00000001
core   0: 0x80012552 (0x0000bfe5) c.j     pc - 8
core   0: 3 0x80012552 (0xbfe5)
core   0: 0x8001254a (0x00001f17) auipc   t5, 0x1
core   0: 3 0x8001254a (0x00001f17) x30 0x8001354a
core   0: 0x8001254e (0xaa3f2b23) sw      gp, -1354(t5)
core   0: 3 0x8001254e (0xaa3f2b23) mem 0x80013000 0x00000001
core   0: 0x80012552 (0x0000bfe5) c.j     pc - 8
core   0: 3 0x80012552 (0xbfe5)
core   0: 0x8001254a (0x00001f17) auipc   t5, 0x1
core   0: 3 0x8001254a (0x00001f17) x30 0x8001354a
core   0: 0x8001254e (0xaa3f2b23) sw      gp, -1354(t5)
core   0: 3 0x8001254e (0xaa3f2b23) mem 0x80013000 0x00000001
core   0: 0x80012552 (0x0000bfe5) c.j     pc - 8
core   0: 3 0x80012552 (0xbfe5)
core   0: 0x8001254a (0x00001f17) auipc   t5, 0x1
core   0: 3 0x8001254a (0x00001f17) x30 0x8001354a
core   0: 0x8001254e (0xaa3f2b23) sw      gp, -1354(t5)
core   0: 3 0x8001254e (0xaa3f2b23) mem 0x80013000 0x00000001
core   0: 0x80012552 (0x0000bfe5) c.j     pc - 8
core   0: 3 0x80012552 (0xbfe5)
core   0: 0x8001254a (0x00001f17) auipc   t5, 0x1
core   0: 3 0x8001254a (0x00001f17) x30 0x8001354a
core   0: 0x8001254e (0xaa3f2b23) sw      gp, -1354(t5)
core   0: 3 0x8001254e (0xaa3f2b23) mem 0x80013000 0x00000001
core   0: 0x80012552 (0x0000bfe5) c.j     pc - 8
core   0: 3 0x80012552 (0xbfe5)
core   0: 0x8001254a (0x00001f17) auipc   t5, 0x1
core   0: 3 0x8001254a (0x00001f17) x30 0x8001354a
core   0: 0x8001254e (0xaa3f2b23) sw      gp, -1354(t5)
core   0: 3 0x8001254e (0xaa3f2b23) mem 0x80013000 0x00000001
core   0: 0x80012552 (0x0000bfe5) c.j     pc - 8
core   0: 3 0x80012552 (0xbfe5)
core   0: 0x8001254a (0x00001f17) auipc   t5, 0x1
core   0: 3 0x8001254a (0x00001f17) x30 0x8001354a
core   0: 0x8001254e (0xaa3f2b23) sw      gp, -1354(t5)
core   0: 3 0x8001254e (0xaa3f2b23) mem 0x80013000 0x00000001
core   0: 0x80012552 (0x0000bfe5) c.j     pc - 8
core   0: 3 0x80012552 (0xbfe5)
core   0: 0x8001254a (0x00001f17) auipc   t5, 0x1
core   0: 3 0x8001254a (0x00001f17) x30 0x8001354a
core   0: 0x8001254e (0xaa3f2b23) sw      gp, -1354(t5)
core   0: 3 0x8001254e (0xaa3f2b23) mem 0x80013000 0x00000001
core   0: 0x80012552 (0x0000bfe5) c.j     pc - 8
core   0: 3 0x80012552 (0xbfe5)
core   0: 0x8001254a (0x00001f17) auipc   t5, 0x1
core   0: 3 0x8001254a (0x00001f17) x30 0x8001354a
core   0: 0x8001254e (0xaa3f2b23) sw      gp, -1354(t5)
core   0: 3 0x8001254e (0xaa3f2b23) mem 0x80013000 0x00000001
core   0: 0x80012552 (0x0000bfe5) c.j     pc - 8
core   0: 3 0x80012552 (0xbfe5)
core   0: 0x8001254a (0x00001f17) auipc   t5, 0x1
core   0: 3 0x8001254a (0x00001f17) x30 0x8001354a
core   0: 0x8001254e (0xaa3f2b23) sw      gp, -1354(t5)
core   0: 3 0x8001254e (0xaa3f2b23) mem 0x80013000 0x00000001
