core   0: 0x00001000 (0x00000297) auipc   t0, 0x0
core   0: 3 0x00001000 (0x00000297) x 5 0x00001000
core   0: 0x00001004 (0x02028593) addi    a1, t0, 32
core   0: 3 0x00001004 (0x02028593) x11 0x00001020
core   0: 0x00001008 (0xf1402573) csrr    a0, mhartid
core   0: 3 0x00001008 (0xf1402573) x10 0x00000000
core   0: 0x0000100c (0x0182a283) lw      t0, 24(t0)
core   0: 3 0x0000100c (0x0182a283) x 5 0x80000000 mem 0x00001018
core   0: 0x00001010 (0x00028067) jr      t0
core   0: 3 0x00001010 (0x00028067)
core   0: 0x80000000 (0xf14022f3) csrr    t0, mhartid
core   0: 3 0x80000000 (0xf14022f3) x 5 0x00000000
core   0: 0x80000004 (0x00004301) c.li    t1, 0
core   0: 3 0x80000004 (0x4301) x 6 0x00000000
core   0: 0x80000006 (0x00628263) beq     t0, t1, pc + 4
core   0: 3 0x80000006 (0x00628263)
core   0: 0x8000000a (0x00000797) auipc   a5, 0x0
core   0: 3 0x8000000a (0x00000797) x15 0x8000000a
core   0: 0x8000000e (0x00c78793) addi    a5, a5, 12
core   0: 3 0x8000000e (0x00c78793) x15 0x80000016
core   0: 0x80000012 (0x00078067) jr      a5
core   0: 3 0x80000012 (0x00078067)
core   0: 0x80000016 (0x40001637) lui     a2, 0x40001
core   0: 3 0x80000016 (0x40001637) x12 0x40001000
core   0: 0x8000001a (0x10460613) addi    a2, a2, 260
core   0: 3 0x8000001a (0x10460613) x12 0x40001104
core   0: 0x8000001e (0x30161073) csrw    misa, a2
core   0: 3 0x8000001e (0x30161073) c769_misa 0x40141104
core   0: 0x80000022 (0x00026497) auipc   s1, 0x26
core   0: 3 0x80000022 (0x00026497) x 9 0x80026022
core   0: 0x80000026 (0xcc248493) addi    s1, s1, -830
core   0: 3 0x80000026 (0xcc248493) x 9 0x80025ce4
core   0: 0x8000002a (0x0000c617) auipc   a2, 0xc
core   0: 3 0x8000002a (0x0000c617) x12 0x8000c02a
core   0: 0x8000002e (0x85660613) addi    a2, a2, -1962
core   0: 3 0x8000002e (0x85660613) x12 0x8000b880
core   0: 0x80000032 (0x00066613) ori     a2, a2, 0
core   0: 3 0x80000032 (0x00066613) x12 0x8000b880
core   0: 0x80000036 (0x30561073) csrw    mtvec, a2
core   0: 3 0x80000036 (0x30561073) c773_mtvec 0x8000b880
core   0: 0x8000003a (0x00000617) auipc   a2, 0x0
core   0: 3 0x8000003a (0x00000617) x12 0x8000003a
core   0: 0x8000003e (0x02460613) addi    a2, a2, 36
core   0: 3 0x8000003e (0x02460613) x12 0x8000005e
core   0: 0x80000042 (0x34161073) csrw    mepc, a2
core   0: 3 0x80000042 (0x34161073) c833_mepc 0x8000005e
core   0: 0x80000046 (0x00000001) c.nop
core   0: 3 0x80000046 (0x0001)
core   0: 0x80000048 (0x00002637) lui     a2, 0x2
core   0: 3 0x80000048 (0x00002637) x12 0x00002000
core   0: 0x8000004c (0x80060613) addi    a2, a2, -2048
core   0: 3 0x8000004c (0x80060613) x12 0x00001800
core   0: 0x80000050 (0x30061073) csrw    mstatus, a2
core   0: 3 0x80000050 (0x30061073) c768_mstatus 0x00001800
core   0: 0x80000054 (0x00004601) c.li    a2, 0
core   0: 3 0x80000054 (0x4601) x12 0x00000000
core   0: 0x80000056 (0x30461073) csrw    mie, a2
core   0: 3 0x80000056 (0x30461073) c772_mie 0x00000000
core   0: 0x8000005a (0x30200073) mret
core   0: 3 0x8000005a (0x30200073) c768_mstatus 0x00000080
core   0: >>>>  init
core   0: 0x8000005e (0x80000037) lui     zero, 0x80000
core   0: 3 0x8000005e (0x80000037)
core   0: 0x80000062 (0x00000013) nop
core   0: 3 0x80000062 (0x00000013)
core   0: 0x80000066 (0x00004081) c.li    ra, 0
core   0: 3 0x80000066 (0x4081) x 1 0x00000000
core   0: 0x80000068 (0x00004139) c.li    sp, 14
core   0: 3 0x80000068 (0x4139) x 2 0x0000000e
core   0: 0x8000006a (0x616751b7) lui     gp, 0x61675
core   0: 3 0x8000006a (0x616751b7) x 3 0x61675000
core   0: 0x8000006e (0x1d218193) addi    gp, gp, 466
core   0: 3 0x8000006e (0x1d218193) x 3 0x616751d2
core   0: 0x80000072 (0x3560b237) lui     tp, 0x3560b
core   0: 3 0x80000072 (0x3560b237) x 4 0x3560b000
core   0: 0x80000076 (0x77a20213) addi    tp, tp, 1914
core   0: 3 0x80000076 (0x77a20213) x 4 0x3560b77a
core   0: 0x8000007a (0x800002b7) lui     t0, 0x80000
core   0: 3 0x8000007a (0x800002b7) x 5 0x80000000
core   0: 0x8000007e (0xf2294337) lui     t1, 0xf2294
core   0: 3 0x8000007e (0xf2294337) x 6 0xf2294000
core   0: 0x80000082 (0x40430313) addi    t1, t1, 1028
core   0: 3 0x80000082 (0x40430313) x 6 0xf2294404
core   0: 0x80000086 (0x800003b7) lui     t2, 0x80000
core   0: 3 0x80000086 (0x800003b7) x 7 0x80000000
core   0: 0x8000008a (0x00004405) c.li    s0, 1
core   0: 3 0x8000008a (0x4405) x 8 0x00000001
core   0: 0x8000008c (0x80000537) lui     a0, 0x80000
core   0: 3 0x8000008c (0x80000537) x10 0x80000000
core   0: 0x80000090 (0xff9155b7) lui     a1, 0xff915
core   0: 3 0x80000090 (0xff9155b7) x11 0xff915000
core   0: 0x80000094 (0x83f58593) addi    a1, a1, -1985
core   0: 3 0x80000094 (0x83f58593) x11 0xff91483f
core   0: 0x80000098 (0x80000637) lui     a2, 0x80000
core   0: 3 0x80000098 (0x80000637) x12 0x80000000
core   0: 0x8000009c (0x00004681) c.li    a3, 0
core   0: 3 0x8000009c (0x4681) x13 0x00000000
core   0: 0x8000009e (0x0000473d) c.li    a4, 15
core   0: 3 0x8000009e (0x473d) x14 0x0000000f
core   0: 0x800000a0 (0x800007b7) lui     a5, 0x80000
core   0: 3 0x800000a0 (0x800007b7) x15 0x80000000
core   0: 0x800000a4 (0x80000837) lui     a6, 0x80000
core   0: 3 0x800000a4 (0x80000837) x16 0x80000000
core   0: 0x800000a8 (0x3b8c88b7) lui     a7, 0x3b8c8
core   0: 3 0x800000a8 (0x3b8c88b7) x17 0x3b8c8000
core   0: 0x800000ac (0x18788893) addi    a7, a7, 391
core   0: 3 0x800000ac (0x18788893) x17 0x3b8c8187
core   0: 0x800000b0 (0x80000937) lui     s2, 0x80000
core   0: 3 0x800000b0 (0x80000937) x18 0x80000000
core   0: 0x800000b4 (0x800009b7) lui     s3, 0x80000
core   0: 3 0x800000b4 (0x800009b7) x19 0x80000000
core   0: 0x800000b8 (0xb1c92a37) lui     s4, 0xb1c92
core   0: 3 0x800000b8 (0xb1c92a37) x20 0xb1c92000
core   0: 0x800000bc (0x073a0a13) addi    s4, s4, 115
core   0: 3 0x800000bc (0x073a0a13) x20 0xb1c92073
core   0: 0x800000c0 (0x00004a81) c.li    s5, 0
core   0: 3 0x800000c0 (0x4a81) x21 0x00000000
core   0: 0x800000c2 (0xaca55b37) lui     s6, 0xaca55
core   0: 3 0x800000c2 (0xaca55b37) x22 0xaca55000
core   0: 0x800000c6 (0x069b0b13) addi    s6, s6, 105
core   0: 3 0x800000c6 (0x069b0b13) x22 0xaca55069
core   0: 0x800000ca (0x63253c37) lui     s8, 0x63253
core   0: 3 0x800000ca (0x63253c37) x24 0x63253000
core   0: 0x800000ce (0xdd6c0c13) addi    s8, s8, -554
core   0: 3 0x800000ce (0xdd6c0c13) x24 0x63252dd6
core   0: 0x800000d2 (0x00004c89) c.li    s9, 2
core   0: 3 0x800000d2 (0x4c89) x25 0x00000002
core   0: 0x800000d4 (0x00004d09) c.li    s10, 2
core   0: 3 0x800000d4 (0x4d09) x26 0x00000002
core   0: 0x800000d6 (0x80000db7) lui     s11, 0x80000
core   0: 3 0x800000d6 (0x80000db7) x27 0x80000000
core   0: 0x800000da (0x80000e37) lui     t3, 0x80000
core   0: 3 0x800000da (0x80000e37) x28 0x80000000
core   0: 0x800000de (0x00004e81) c.li    t4, 0
core   0: 3 0x800000de (0x4e81) x29 0x00000000
core   0: 0x800000e0 (0xf286df37) lui     t5, 0xf286d
core   0: 3 0x800000e0 (0xf286df37) x30 0xf286d000
core   0: 0x800000e4 (0x745f0f13) addi    t5, t5, 1861
core   0: 3 0x800000e4 (0x745f0f13) x30 0xf286d745
core   0: 0x800000e8 (0x00004f99) c.li    t6, 6
core   0: 3 0x800000e8 (0x4f99) x31 0x00000006
core   0: 0x800000ea (0x00022b97) auipc   s7, 0x22
core   0: 3 0x800000ea (0x00022b97) x23 0x800220ea
core   0: 0x800000ee (0xd7ab8b93) addi    s7, s7, -646
core   0: 3 0x800000ee (0xd7ab8b93) x23 0x80021e64
core   0: 0x800000f2 (0x00600413) li      s0, 6
core   0: 3 0x800000f2 (0x00600413) x 8 0x00000006
core   0: 0x800000f6 (0xaab12c13) slti    s8, sp, -1365
core   0: 3 0x800000f6 (0xaab12c13) x24 0x00000000
core   0: 0x800000fa (0x01ae2333) slt     t1, t3, s10
core   0: 3 0x800000fa (0x01ae2333) x 6 0x00000001
core   0: 0x800000fe (0x7ec60693) addi    a3, a2, 2028
core   0: 3 0x800000fe (0x7ec60693) x13 0x800007ec
core   0: 0x80000102 (0x00165a13) srli    s4, a2, 1
core   0: 3 0x80000102 (0x00165a13) x20 0x40000000
core   0: 0x80000106 (0x00da8db3) add     s11, s5, a3
core   0: 3 0x80000106 (0x00da8db3) x27 0x800007ec
core   0: 0x8000010a (0x00e3ac33) slt     s8, t2, a4
core   0: 3 0x8000010a (0x00e3ac33) x24 0x00000001
core   0: 0x8000010e (0x0ff0000f) fence   iorw,iorw
core   0: 3 0x8000010e (0x0ff0000f)
core   0: 0x80000112 (0x0098dc33) srl     s8, a7, s1
core   0: 3 0x80000112 (0x0098dc33) x24 0x03b8c818
core   0: 0x80000116 (0x00000001) c.nop
core   0: 3 0x80000116 (0x0001)
core   0: 0x80000118 (0x021911b3) mulh    gp, s2, ra
core   0: 3 0x80000118 (0x021911b3) x 3 0x00000000
core   0: 0x8000011c (0x403109b3) sub     s3, sp, gp
core   0: 3 0x8000011c (0x403109b3) x19 0x0000000e
core   0: 0x80000120 (0x0000717d) c.addi16sp sp, -16
core   0: 3 0x80000120 (0x717d) x 2 0xfffffffe
core   0: 0x80000122 (0x0000668d) c.lui   a3, 0x3
core   0: 3 0x80000122 (0x668d) x13 0x00003000
core   0: 0x80000124 (0x0000147d) c.addi  s0, -1
core   0: 3 0x80000124 (0x147d) x 8 0x00000005
core   0: 0x80000126 (0x00519e93) slli    t4, gp, 5
core   0: 3 0x80000126 (0x00519e93) x29 0x00000000
core   0: 0x8000012a (0x2aeda693) slti    a3, s11, 686
core   0: 3 0x8000012a (0x2aeda693) x13 0x00000001
core   0: 0x8000012e (0x001da3b3) slt     t2, s11, ra
core   0: 3 0x8000012e (0x001da3b3) x 7 0x00000001
core   0: 0x80000132 (0x5aea3e93) sltiu   t4, s4, 1454
core   0: 3 0x80000132 (0x5aea3e93) x29 0x00000000
core   0: 0x80000136 (0xf1956a17) auipc   s4, 0xf1956
core   0: 3 0x80000136 (0xf1956a17) x20 0x71956136
core   0: 0x8000013a (0x0000f06d) c.bnez  s0, pc - 30
core   0: 3 0x8000013a (0xf06d)
core   0: 0x8000011c (0x403109b3) sub     s3, sp, gp
core   0: 3 0x8000011c (0x403109b3) x19 0xfffffffe
core   0: 0x80000120 (0x0000717d) c.addi16sp sp, -16
core   0: 3 0x80000120 (0x717d) x 2 0xffffffee
core   0: 0x80000122 (0x0000668d) c.lui   a3, 0x3
core   0: 3 0x80000122 (0x668d) x13 0x00003000
core   0: 0x80000124 (0x0000147d) c.addi  s0, -1
core   0: 3 0x80000124 (0x147d) x 8 0x00000004
core   0: 0x80000126 (0x00519e93) slli    t4, gp, 5
core   0: 3 0x80000126 (0x00519e93) x29 0x00000000
core   0: 0x8000012a (0x2aeda693) slti    a3, s11, 686
core   0: 3 0x8000012a (0x2aeda693) x13 0x00000001
core   0: 0x8000012e (0x001da3b3) slt     t2, s11, ra
core   0: 3 0x8000012e (0x001da3b3) x 7 0x00000001
core   0: 0x80000132 (0x5aea3e93) sltiu   t4, s4, 1454
core   0: 3 0x80000132 (0x5aea3e93) x29 0x00000000
core   0: 0x80000136 (0xf1956a17) auipc   s4, 0xf1956
core   0: 3 0x80000136 (0xf1956a17) x20 0x71956136
core   0: 0x8000013a (0x0000f06d) c.bnez  s0, pc - 30
core   0: 3 0x8000013a (0xf06d)
core   0: 0x8000011c (0x403109b3) sub     s3, sp, gp
core   0: 3 0x8000011c (0x403109b3) x19 0xffffffee
core   0: 0x80000120 (0x0000717d) c.addi16sp sp, -16
core   0: 3 0x80000120 (0x717d) x 2 0xffffffde
core   0: 0x80000122 (0x0000668d) c.lui   a3, 0x3
core   0: 3 0x80000122 (0x668d) x13 0x00003000
core   0: 0x80000124 (0x0000147d) c.addi  s0, -1
core   0: 3 0x80000124 (0x147d) x 8 0x00000003
core   0: 0x80000126 (0x00519e93) slli    t4, gp, 5
core   0: 3 0x80000126 (0x00519e93) x29 0x00000000
core   0: 0x8000012a (0x2aeda693) slti    a3, s11, 686
core   0: 3 0x8000012a (0x2aeda693) x13 0x00000001
core   0: 0x8000012e (0x001da3b3) slt     t2, s11, ra
core   0: 3 0x8000012e (0x001da3b3) x 7 0x00000001
core   0: 0x80000132 (0x5aea3e93) sltiu   t4, s4, 1454
core   0: 3 0x80000132 (0x5aea3e93) x29 0x00000000
core   0: 0x80000136 (0xf1956a17) auipc   s4, 0xf1956
core   0: 3 0x80000136 (0xf1956a17) x20 0x71956136
core   0: 0x8000013a (0x0000f06d) c.bnez  s0, pc - 30
core   0: 3 0x8000013a (0xf06d)
core   0: 0x8000011c (0x403109b3) sub     s3, sp, gp
core   0: 3 0x8000011c (0x403109b3) x19 0xffffffde
core   0: 0x80000120 (0x0000717d) c.addi16sp sp, -16
core   0: 3 0x80000120 (0x717d) x 2 0xffffffce
core   0: 0x80000122 (0x0000668d) c.lui   a3, 0x3
core   0: 3 0x80000122 (0x668d) x13 0x00003000
core   0: 0x80000124 (0x0000147d) c.addi  s0, -1
core   0: 3 0x80000124 (0x147d) x 8 0x00000002
core   0: 0x80000126 (0x00519e93) slli    t4, gp, 5
core   0: 3 0x80000126 (0x00519e93) x29 0x00000000
core   0: 0x8000012a (0x2aeda693) slti    a3, s11, 686
core   0: 3 0x8000012a (0x2aeda693) x13 0x00000001
core   0: 0x8000012e (0x001da3b3) slt     t2, s11, ra
core   0: 3 0x8000012e (0x001da3b3) x 7 0x00000001
core   0: 0x80000132 (0x5aea3e93) sltiu   t4, s4, 1454
core   0: 3 0x80000132 (0x5aea3e93) x29 0x00000000
core   0: 0x80000136 (0xf1956a17) auipc   s4, 0xf1956
core   0: 3 0x80000136 (0xf1956a17) x20 0x71956136
core   0: 0x8000013a (0x0000f06d) c.bnez  s0, pc - 30
core   0: 3 0x8000013a (0xf06d)
core   0: 0x8000011c (0x403109b3) sub     s3, sp, gp
core   0: 3 0x8000011c (0x403109b3) x19 0xffffffce
core   0: 0x80000120 (0x0000717d) c.addi16sp sp, -16
core   0: 3 0x80000120 (0x717d) x 2 0xffffffbe
core   0: 0x80000122 (0x0000668d) c.lui   a3, 0x3
core   0: 3 0x80000122 (0x668d) x13 0x00003000
core   0: 0x80000124 (0x0000147d) c.addi  s0, -1
core   0: 3 0x80000124 (0x147d) x 8 0x00000001
core   0: 0x80000126 (0x00519e93) slli    t4, gp, 5
core   0: 3 0x80000126 (0x00519e93) x29 0x00000000
core   0: 0x8000012a (0x2aeda693) slti    a3, s11, 686
core   0: 3 0x8000012a (0x2aeda693) x13 0x00000001
core   0: 0x8000012e (0x001da3b3) slt     t2, s11, ra
core   0: 3 0x8000012e (0x001da3b3) x 7 0x00000001
core   0: 0x80000132 (0x5aea3e93) sltiu   t4, s4, 1454
core   0: 3 0x80000132 (0x5aea3e93) x29 0x00000000
core   0: 0x80000136 (0xf1956a17) auipc   s4, 0xf1956
core   0: 3 0x80000136 (0xf1956a17) x20 0x71956136
core   0: 0x8000013a (0x0000f06d) c.bnez  s0, pc - 30
core   0: 3 0x8000013a (0xf06d)
core   0: 0x8000011c (0x403109b3) sub     s3, sp, gp
core   0: 3 0x8000011c (0x403109b3) x19 0xffffffbe
core   0: 0x80000120 (0x0000717d) c.addi16sp sp, -16
core   0: 3 0x80000120 (0x717d) x 2 0xffffffae
core   0: 0x80000122 (0x0000668d) c.lui   a3, 0x3
core   0: 3 0x80000122 (0x668d) x13 0x00003000
core   0: 0x80000124 (0x0000147d) c.addi  s0, -1
core   0: 3 0x80000124 (0x147d) x 8 0x00000000
core   0: 0x80000126 (0x00519e93) slli    t4, gp, 5
core   0: 3 0x80000126 (0x00519e93) x29 0x00000000
core   0: 0x8000012a (0x2aeda693) slti    a3, s11, 686
core   0: 3 0x8000012a (0x2aeda693) x13 0x00000001
core   0: 0x8000012e (0x001da3b3) slt     t2, s11, ra
core   0: 3 0x8000012e (0x001da3b3) x 7 0x00000001
core   0: 0x80000132 (0x5aea3e93) sltiu   t4, s4, 1454
core   0: 3 0x80000132 (0x5aea3e93) x29 0x00000000
core   0: 0x80000136 (0xf1956a17) auipc   s4, 0xf1956
core   0: 3 0x80000136 (0xf1956a17) x20 0x71956136
core   0: 0x8000013a (0x0000f06d) c.bnez  s0, pc - 30
core   0: 3 0x8000013a (0xf06d)
core   0: 0x8000013c (0x0305b1b3) mulhu   gp, a1, a6
core   0: 3 0x8000013c (0x0305b1b3) x 3 0x7fc8a41f
core   0: 0x80000140 (0xfff00c13) li      s8, -1
core   0: 3 0x80000140 (0xfff00c13) x24 0xffffffff
core   0: 0x80000144 (0x00008d85) c.sub   a1, s1
core   0: 3 0x80000144 (0x8d85) x11 0x7f8eeb5b
core   0: 0x80000146 (0x00000001) c.nop
core   0: 3 0x80000146 (0x0001)
core   0: 0x80000148 (0x00008a7d) c.andi  a2, 31
core   0: 3 0x80000148 (0x8a7d) x12 0x00000000
core   0: 0x8000014a (0x016c9893) slli    a7, s9, 22
core   0: 3 0x8000014a (0x016c9893) x17 0x00800000
core   0: 0x8000014e (0x0000100f) fence.i
core   0: 3 0x8000014e (0x0000100f)
core   0: 0x80000152 (0x721d8413) addi    s0, s11, 1825
core   0: 3 0x80000152 (0x721d8413) x 8 0x80000f0d
core   0: 0x80000156 (0x401b5413) srai    s0, s6, 1
core   0: 3 0x80000156 (0x401b5413) x 8 0xd652a834
core   0: 0x8000015a (0x4097da33) sra     s4, a5, s1
core   0: 3 0x8000015a (0x4097da33) x20 0xf8000000
core   0: 0x8000015e (0x0270d5b3) divu    a1, ra, t2
core   0: 3 0x8000015e (0x0270d5b3) x11 0x00000000
core   0: 0x80000162 (0xff300213) li      tp, -13
core   0: 3 0x80000162 (0xff300213) x 4 0xfffffff3
core   0: 0x80000166 (0x00008265) c.srli  a2, 25
core   0: 3 0x80000166 (0x8265) x12 0x00000000
core   0: 0x80000168 (0x0ff0000f) fence   iorw,iorw
core   0: 3 0x80000168 (0x0ff0000f)
core   0: 0x8000016c (0x00d4ba33) sltu    s4, s1, a3
core   0: 3 0x8000016c (0x00d4ba33) x20 0x00000000
core   0: 0x80000170 (0x00008c01) c.sub   s0, s0
core   0: 3 0x80000170 (0x8c01) x 8 0x00000000
core   0: 0x80000172 (0x00001c59) c.addi  s8, -10
core   0: 3 0x80000172 (0x1c59) x24 0xfffffff5
core   0: 0x80000174 (0x030625b3) mulhsu  a1, a2, a6
core   0: 3 0x80000174 (0x030625b3) x11 0x00000000
core   0: 0x80000178 (0x0365ffb3) remu    t6, a1, s6
core   0: 3 0x80000178 (0x0365ffb3) x31 0x00000000
core   0: 0x8000017c (0xff700693) li      a3, -9
core   0: 3 0x8000017c (0xff700693) x13 0xfffffff7
core   0: 0x80000180 (0x00000001) c.nop
core   0: 3 0x80000180 (0x0001)
core   0: 0x80000182 (0xff500f13) li      t5, -11
core   0: 3 0x80000182 (0xff500f13) x30 0xfffffff5
core   0: 0x80000186 (0x009e9513) slli    a0, t4, 9
core   0: 3 0x80000186 (0x009e9513) x10 0x00000000
core   0: 0x8000018a (0x462d4713) xori    a4, s10, 1122
core   0: 3 0x8000018a (0x462d4713) x14 0x00000460
core   0: 0x8000018e (0x0ff0000f) fence   iorw,iorw
core   0: 3 0x8000018e (0x0ff0000f)
core   0: 0x80000192 (0x00008849) c.andi  s0, 18
core   0: 3 0x80000192 (0x8849) x 8 0x00000000
core   0: 0x80000194 (0x02c90fb3) mul     t6, s2, a2
core   0: 3 0x80000194 (0x02c90fb3) x31 0x00000000
core   0: 0x80000198 (0x000016e5) c.addi  a3, -7
core   0: 3 0x80000198 (0x16e5) x13 0xfffffff0
core   0: 0x8000019a (0x0000717d) c.addi16sp sp, -16
core   0: 3 0x8000019a (0x717d) x 2 0xffffff9e
core   0: 0x8000019c (0x00000001) c.nop
core   0: 3 0x8000019c (0x0001)
core   0: 0x8000019e (0xffe6dae3) bge     a3, t5, pc - 12
core   0: 3 0x8000019e (0xffe6dae3)
core   0: 0x800001a2 (0x0000187d) c.addi  a6, -1
core   0: 3 0x800001a2 (0x187d) x16 0x7fffffff
core   0: 0x800001a4 (0xfc4c56e3) bge     s8, tp, pc - 52
core   0: 3 0x800001a4 (0xfc4c56e3)
core   0: 0x80000170 (0x00008c01) c.sub   s0, s0
core   0: 3 0x80000170 (0x8c01) x 8 0x00000000
core   0: 0x80000172 (0x00001c59) c.addi  s8, -10
core   0: 3 0x80000172 (0x1c59) x24 0xffffffeb
core   0: 0x80000174 (0x030625b3) mulhsu  a1, a2, a6
core   0: 3 0x80000174 (0x030625b3) x11 0x00000000
core   0: 0x80000178 (0x0365ffb3) remu    t6, a1, s6
core   0: 3 0x80000178 (0x0365ffb3) x31 0x00000000
core   0: 0x8000017c (0xff700693) li      a3, -9
core   0: 3 0x8000017c (0xff700693) x13 0xfffffff7
core   0: 0x80000180 (0x00000001) c.nop
core   0: 3 0x80000180 (0x0001)
core   0: 0x80000182 (0xff500f13) li      t5, -11
core   0: 3 0x80000182 (0xff500f13) x30 0xfffffff5
core   0: 0x80000186 (0x009e9513) slli    a0, t4, 9
core   0: 3 0x80000186 (0x009e9513) x10 0x00000000
core   0: 0x8000018a (0x462d4713) xori    a4, s10, 1122
core   0: 3 0x8000018a (0x462d4713) x14 0x00000460
core   0: 0x8000018e (0x0ff0000f) fence   iorw,iorw
core   0: 3 0x8000018e (0x0ff0000f)
core   0: 0x80000192 (0x00008849) c.andi  s0, 18
core   0: 3 0x80000192 (0x8849) x 8 0x00000000
core   0: 0x80000194 (0x02c90fb3) mul     t6, s2, a2
core   0: 3 0x80000194 (0x02c90fb3) x31 0x00000000
core   0: 0x80000198 (0x000016e5) c.addi  a3, -7
core   0: 3 0x80000198 (0x16e5) x13 0xfffffff0
core   0: 0x8000019a (0x0000717d) c.addi16sp sp, -16
core   0: 3 0x8000019a (0x717d) x 2 0xffffff8e
core   0: 0x8000019c (0x00000001) c.nop
core   0: 3 0x8000019c (0x0001)
core   0: 0x8000019e (0xffe6dae3) bge     a3, t5, pc - 12
core   0: 3 0x8000019e (0xffe6dae3)
core   0: 0x800001a2 (0x0000187d) c.addi  a6, -1
core   0: 3 0x800001a2 (0x187d) x16 0x7ffffffe
core   0: 0x800001a4 (0xfc4c56e3) bge     s8, tp, pc - 52
core   0: 3 0x800001a4 (0xfc4c56e3)
core   0: 0x800001a8 (0x412ede33) sra     t3, t4, s2
core   0: 3 0x800001a8 (0x412ede33) x28 0x00000000
core   0: 0x800001ac (0xff800193) li      gp, -8
core   0: 3 0x800001ac (0xff800193) x 3 0xfffffff8
core   0: 0x800001b0 (0x0ff0000f) fence   iorw,iorw
core   0: 3 0x800001b0 (0x0ff0000f)
core   0: 0x800001b4 (0x00fb3833) sltu    a6, s6, a5
core   0: 3 0x800001b4 (0x00fb3833) x16 0x00000000
core   0: 0x800001b8 (0x00008b4e) c.mv    s6, s3
core   0: 3 0x800001b8 (0x8b4e) x22 0xffffffbe
core   0: 0x800001ba (0x0074e3b3) or      t2, s1, t2
core   0: 3 0x800001ba (0x0074e3b3) x 7 0x80025ce5
core   0: 0x800001be (0x00100a13) li      s4, 1
core   0: 3 0x800001be (0x00100a13) x20 0x00000001
core   0: 0x800001c2 (0x76eb4393) xori    t2, s6, 1902
core   0: 3 0x800001c2 (0x76eb4393) x 7 0xfffff8d0
core   0: 0x800001c6 (0x000081e1) c.srli  a1, 24
core   0: 3 0x800001c6 (0x81e1) x11 0x00000000
core   0: 0x800001c8 (0x000002de) c.slli  t0, 23
core   0: 3 0x800001c8 (0x02de) x 5 0x00000000
core   0: 0x800001ca (0xb502ff93) andi    t6, t0, -1200
core   0: 3 0x800001ca (0xb502ff93) x31 0x00000000
core   0: 0x800001ce (0x000003da) c.slli  t2, 22
core   0: 3 0x800001ce (0x03da) x 7 0x34000000
core   0: 0x800001d0 (0x035a3f33) mulhu   t5, s4, s5
core   0: 3 0x800001d0 (0x035a3f33) x30 0x00000000
core   0: 0x800001d4 (0x00006721) c.lui   a4, 0x8
core   0: 3 0x800001d4 (0x6721) x14 0x00008000
core   0: 0x800001d6 (0x000001a5) c.addi  gp, 9
core   0: 3 0x800001d6 (0x01a5) x 3 0x00000001
core   0: 0x800001d8 (0x028249b3) div     s3, tp, s0
core   0: 3 0x800001d8 (0x028249b3) x19 0xffffffff
core   0: 0x800001dc (0x40155413) srai    s0, a0, 1
core   0: 3 0x800001dc (0x40155413) x 8 0x00000000
core   0: 0x800001e0 (0x005c8133) add     sp, s9, t0
core   0: 3 0x800001e0 (0x005c8133) x 2 0x00000002
core   0: 0x800001e4 (0x00008c45) c.or    s0, s1
core   0: 3 0x800001e4 (0x8c45) x 8 0x80025ce4
core   0: 0x800001e6 (0x00008ac9) c.andi  a3, 18
core   0: 3 0x800001e6 (0x8ac9) x13 0x00000010
core   0: 0x800001e8 (0x000000a6) c.slli  ra, 9
core   0: 3 0x800001e8 (0x00a6) x 1 0x00000000
core   0: 0x800001ea (0xff41e0e3) bltu    gp, s4, pc - 32
core   0: 3 0x800001ea (0xff41e0e3)
core   0: 0x800001ee (0x0000846a) c.mv    s0, s10
core   0: 3 0x800001ee (0x846a) x 8 0x00000002
core   0: 0x800001f0 (0x00300f93) li      t6, 3
core   0: 3 0x800001f0 (0x00300f93) x31 0x00000003
core   0: 0x800001f4 (0x037adb33) divu    s6, s5, s7
core   0: 3 0x800001f4 (0x037adb33) x22 0x00000000
core   0: 0x800001f8 (0x109f4d93) xori    s11, t5, 265
core   0: 3 0x800001f8 (0x109f4d93) x27 0x00000109
core   0: 0x800001fc (0x02d94633) div     a2, s2, a3
core   0: 3 0x800001fc (0x02d94633) x12 0xf8000000
core   0: 0x80000200 (0x655dc937) lui     s2, 0x655dc
core   0: 3 0x80000200 (0x655dc937) x18 0x655dc000
core   0: 0x80000204 (0x00006105) c.addi16sp sp, 32
core   0: 3 0x80000204 (0x6105) x 2 0x00000022
core   0: 0x80000206 (0x00500993) li      s3, 5
core   0: 3 0x80000206 (0x00500993) x19 0x00000005
core   0: 0x8000020a (0x0169deb3) srl     t4, s3, s6
core   0: 3 0x8000020a (0x0169deb3) x29 0x00000005
core   0: 0x8000020e (0x0000891d) c.andi  a0, 7
core   0: 3 0x8000020e (0x891d) x10 0x00000000
core   0: 0x80000210 (0x000082c6) c.mv    t0, a7
core   0: 3 0x80000210 (0x82c6) x 5 0x00800000
core   0: 0x80000212 (0x000095e6) c.add   a1, s9
core   0: 3 0x80000212 (0x95e6) x11 0x00000002
core   0: 0x80000214 (0x00000f8d) c.addi  t6, 3
core   0: 3 0x80000214 (0x0f8d) x31 0x00000006
core   0: 0x80000216 (0x00000001) c.nop
core   0: 3 0x80000216 (0x0001)
core   0: 0x80000218 (0xff600413) li      s0, -10
core   0: 3 0x80000218 (0xff600413) x 8 0xfffffff6
core   0: 0x8000021c (0x000006be) c.slli  a3, 15
core   0: 3 0x8000021c (0x06be) x13 0x00080000
core   0: 0x8000021e (0x00000001) c.nop
core   0: 3 0x8000021e (0x0001)
core   0: 0x80000220 (0x00008ecd) c.or    a3, a1
core   0: 3 0x80000220 (0x8ecd) x13 0x00080002
core   0: 0x80000222 (0x0249bdb3) mulhu   s11, s3, tp
core   0: 3 0x80000222 (0x0249bdb3) x27 0x00000004
core   0: 0x80000226 (0x01977233) and     tp, a4, s9
core   0: 3 0x80000226 (0x01977233) x 4 0x00000000
core   0: 0x8000022a (0x86360113) addi    sp, a2, -1949
core   0: 3 0x8000022a (0x86360113) x 2 0xf7fff863
core   0: 0x8000022e (0x00008a29) c.andi  a2, 10
core   0: 3 0x8000022e (0x8a29) x12 0x00000000
core   0: 0x80000230 (0x02f03633) mulhu   a2, zero, a5
core   0: 3 0x80000230 (0x02f03633) x12 0x00000000
core   0: 0x80000234 (0x00299eb3) sll     t4, s3, sp
core   0: 3 0x80000234 (0x00299eb3) x29 0x00000028
core   0: 0x80000238 (0x00000405) c.addi  s0, 1
core   0: 3 0x80000238 (0x0405) x 8 0xfffffff7
core   0: 0x8000023a (0x00008196) c.mv    gp, t0
core   0: 3 0x8000023a (0x8196) x 3 0x00800000
core   0: 0x8000023c (0x0000f86d) c.bnez  s0, pc - 14
core   0: 3 0x8000023c (0xf86d)
core   0: 0x8000022e (0x00008a29) c.andi  a2, 10
core   0: 3 0x8000022e (0x8a29) x12 0x00000000
core   0: 0x80000230 (0x02f03633) mulhu   a2, zero, a5
core   0: 3 0x80000230 (0x02f03633) x12 0x00000000
core   0: 0x80000234 (0x00299eb3) sll     t4, s3, sp
core   0: 3 0x80000234 (0x00299eb3) x29 0x00000028
core   0: 0x80000238 (0x00000405) c.addi  s0, 1
core   0: 3 0x80000238 (0x0405) x 8 0xfffffff8
core   0: 0x8000023a (0x00008196) c.mv    gp, t0
core   0: 3 0x8000023a (0x8196) x 3 0x00800000
core   0: 0x8000023c (0x0000f86d) c.bnez  s0, pc - 14
core   0: 3 0x8000023c (0xf86d)
core   0: 0x8000022e (0x00008a29) c.andi  a2, 10
core   0: 3 0x8000022e (0x8a29) x12 0x00000000
core   0: 0x80000230 (0x02f03633) mulhu   a2, zero, a5
core   0: 3 0x80000230 (0x02f03633) x12 0x00000000
core   0: 0x80000234 (0x00299eb3) sll     t4, s3, sp
core   0: 3 0x80000234 (0x00299eb3) x29 0x00000028
core   0: 0x80000238 (0x00000405) c.addi  s0, 1
core   0: 3 0x80000238 (0x0405) x 8 0xfffffff9
core   0: 0x8000023a (0x00008196) c.mv    gp, t0
core   0: 3 0x8000023a (0x8196) x 3 0x00800000
core   0: 0x8000023c (0x0000f86d) c.bnez  s0, pc - 14
core   0: 3 0x8000023c (0xf86d)
core   0: 0x8000022e (0x00008a29) c.andi  a2, 10
core   0: 3 0x8000022e (0x8a29) x12 0x00000000
core   0: 0x80000230 (0x02f03633) mulhu   a2, zero, a5
core   0: 3 0x80000230 (0x02f03633) x12 0x00000000
core   0: 0x80000234 (0x00299eb3) sll     t4, s3, sp
core   0: 3 0x80000234 (0x00299eb3) x29 0x00000028
core   0: 0x80000238 (0x00000405) c.addi  s0, 1
core   0: 3 0x80000238 (0x0405) x 8 0xfffffffa
core   0: 0x8000023a (0x00008196) c.mv    gp, t0
core   0: 3 0x8000023a (0x8196) x 3 0x00800000
core   0: 0x8000023c (0x0000f86d) c.bnez  s0, pc - 14
core   0: 3 0x8000023c (0xf86d)
core   0: 0x8000022e (0x00008a29) c.andi  a2, 10
core   0: 3 0x8000022e (0x8a29) x12 0x00000000
core   0: 0x80000230 (0x02f03633) mulhu   a2, zero, a5
core   0: 3 0x80000230 (0x02f03633) x12 0x00000000
core   0: 0x80000234 (0x00299eb3) sll     t4, s3, sp
core   0: 3 0x80000234 (0x00299eb3) x29 0x00000028
core   0: 0x80000238 (0x00000405) c.addi  s0, 1
core   0: 3 0x80000238 (0x0405) x 8 0xfffffffb
core   0: 0x8000023a (0x00008196) c.mv    gp, t0
core   0: 3 0x8000023a (0x8196) x 3 0x00800000
core   0: 0x8000023c (0x0000f86d) c.bnez  s0, pc - 14
core   0: 3 0x8000023c (0xf86d)
core   0: 0x8000022e (0x00008a29) c.andi  a2, 10
core   0: 3 0x8000022e (0x8a29) x12 0x00000000
core   0: 0x80000230 (0x02f03633) mulhu   a2, zero, a5
core   0: 3 0x80000230 (0x02f03633) x12 0x00000000
core   0: 0x80000234 (0x00299eb3) sll     t4, s3, sp
core   0: 3 0x80000234 (0x00299eb3) x29 0x00000028
core   0: 0x80000238 (0x00000405) c.addi  s0, 1
core   0: 3 0x80000238 (0x0405) x 8 0xfffffffc
core   0: 0x8000023a (0x00008196) c.mv    gp, t0
core   0: 3 0x8000023a (0x8196) x 3 0x00800000
core   0: 0x8000023c (0x0000f86d) c.bnez  s0, pc - 14
core   0: 3 0x8000023c (0xf86d)
core   0: 0x8000022e (0x00008a29) c.andi  a2, 10
core   0: 3 0x8000022e (0x8a29) x12 0x00000000
core   0: 0x80000230 (0x02f03633) mulhu   a2, zero, a5
core   0: 3 0x80000230 (0x02f03633) x12 0x00000000
core   0: 0x80000234 (0x00299eb3) sll     t4, s3, sp
core   0: 3 0x80000234 (0x00299eb3) x29 0x00000028
core   0: 0x80000238 (0x00000405) c.addi  s0, 1
core   0: 3 0x80000238 (0x0405) x 8 0xfffffffd
core   0: 0x8000023a (0x00008196) c.mv    gp, t0
core   0: 3 0x8000023a (0x8196) x 3 0x00800000
core   0: 0x8000023c (0x0000f86d) c.bnez  s0, pc - 14
core   0: 3 0x8000023c (0xf86d)
core   0: 0x8000022e (0x00008a29) c.andi  a2, 10
core   0: 3 0x8000022e (0x8a29) x12 0x00000000
core   0: 0x80000230 (0x02f03633) mulhu   a2, zero, a5
core   0: 3 0x80000230 (0x02f03633) x12 0x00000000
core   0: 0x80000234 (0x00299eb3) sll     t4, s3, sp
core   0: 3 0x80000234 (0x00299eb3) x29 0x00000028
core   0: 0x80000238 (0x00000405) c.addi  s0, 1
core   0: 3 0x80000238 (0x0405) x 8 0xfffffffe
core   0: 0x8000023a (0x00008196) c.mv    gp, t0
core   0: 3 0x8000023a (0x8196) x 3 0x00800000
core   0: 0x8000023c (0x0000f86d) c.bnez  s0, pc - 14
core   0: 3 0x8000023c (0xf86d)
core   0: 0x8000022e (0x00008a29) c.andi  a2, 10
core   0: 3 0x8000022e (0x8a29) x12 0x00000000
core   0: 0x80000230 (0x02f03633) mulhu   a2, zero, a5
core   0: 3 0x80000230 (0x02f03633) x12 0x00000000
core   0: 0x80000234 (0x00299eb3) sll     t4, s3, sp
core   0: 3 0x80000234 (0x00299eb3) x29 0x00000028
core   0: 0x80000238 (0x00000405) c.addi  s0, 1
core   0: 3 0x80000238 (0x0405) x 8 0xffffffff
core   0: 0x8000023a (0x00008196) c.mv    gp, t0
core   0: 3 0x8000023a (0x8196) x 3 0x00800000
core   0: 0x8000023c (0x0000f86d) c.bnez  s0, pc - 14
core   0: 3 0x8000023c (0xf86d)
core   0: 0x8000022e (0x00008a29) c.andi  a2, 10
core   0: 3 0x8000022e (0x8a29) x12 0x00000000
core   0: 0x80000230 (0x02f03633) mulhu   a2, zero, a5
core   0: 3 0x80000230 (0x02f03633) x12 0x00000000
core   0: 0x80000234 (0x00299eb3) sll     t4, s3, sp
core   0: 3 0x80000234 (0x00299eb3) x29 0x00000028
core   0: 0x80000238 (0x00000405) c.addi  s0, 1
core   0: 3 0x80000238 (0x0405) x 8 0x00000000
core   0: 0x8000023a (0x00008196) c.mv    gp, t0
core   0: 3 0x8000023a (0x8196) x 3 0x00800000
core   0: 0x8000023c (0x0000f86d) c.bnez  s0, pc - 14
core   0: 3 0x8000023c (0xf86d)
core   0: 0x8000023e (0x01de0b33) add     s6, t3, t4
core   0: 3 0x8000023e (0x01de0b33) x22 0x00000028
core   0: 0x80000242 (0x032270b3) remu    ra, tp, s2
core   0: 3 0x80000242 (0x032270b3) x 1 0x00000000
core   0: 0x80000246 (0x02aff833) remu    a6, t6, a0
core   0: 3 0x80000246 (0x02aff833) x16 0x00000006
core   0: 0x8000024a (0x00140e33) add     t3, s0, ra
core   0: 3 0x8000024a (0x00140e33) x28 0x00000000
core   0: 0x8000024e (0xfd3fc0e3) blt     t6, s3, pc - 64
core   0: 3 0x8000024e (0xfd3fc0e3)
core   0: 0x80000252 (0x00008ab9) c.andi  a3, 14
core   0: 3 0x80000252 (0x8ab9) x13 0x00000002
core   0: 0x80000254 (0xffd00713) li      a4, -3
core   0: 3 0x80000254 (0xffd00713) x14 0xfffffffd
core   0: 0x80000258 (0x00000001) c.nop
core   0: 3 0x80000258 (0x0001)
core   0: 0x8000025a (0x1f8a8a13) addi    s4, s5, 504
core   0: 3 0x8000025a (0x1f8a8a13) x20 0x000001f8
core   0: 0x8000025e (0x01d93f33) sltu    t5, s2, t4
core   0: 3 0x8000025e (0x01d93f33) x30 0x00000000
core   0: 0x80000262 (0x000090ce) c.add   ra, s3
core   0: 3 0x80000262 (0x90ce) x 1 0x00000005
core   0: 0x80000264 (0x000082d5) c.srli  a3, 21
core   0: 3 0x80000264 (0x82d5) x13 0x00000000
core   0: 0x80000266 (0x005d42b3) xor     t0, s10, t0
core   0: 3 0x80000266 (0x005d42b3) x 5 0x00800002
core   0: 0x8000026a (0x03348233) mul     tp, s1, s3
core   0: 3 0x8000026a (0x03348233) x 4 0x800bd074
core   0: 0x8000026e (0x014c9513) slli    a0, s9, 20
core   0: 3 0x8000026e (0x014c9513) x10 0x00200000
core   0: 0x80000272 (0x0010b533) sltu    a0, ra, ra
core   0: 3 0x80000272 (0x0010b533) x10 0x00000000
core   0: 0x80000276 (0x00008ef1) c.and   a3, a2
core   0: 3 0x80000276 (0x8ef1) x13 0x00000000
core   0: 0x80000278 (0xfcbc4c13) xori    s8, s8, -53
core   0: 3 0x80000278 (0xfcbc4c13) x24 0x00000020
core   0: 0x8000027c (0x00696133) or      sp, s2, t1
core   0: 3 0x8000027c (0x00696133) x 2 0x655dc001
core   0: 0x80000280 (0x00000001) c.nop
core   0: 3 0x80000280 (0x0001)
core   0: 0x80000282 (0x0384a5b3) mulhsu  a1, s1, s8
core   0: 3 0x80000282 (0x0384a5b3) x11 0xfffffff0
core   0: 0x80000286 (0x00aa5f13) srli    t5, s4, 10
core   0: 3 0x80000286 (0x00aa5f13) x30 0x00000000
core   0: 0x8000028a (0x00008d3d) c.xor   a0, a5
core   0: 3 0x8000028a (0x8d3d) x10 0x80000000
core   0: 0x8000028c (0x41a38b33) sub     s6, t2, s10
core   0: 3 0x8000028c (0x41a38b33) x22 0x33fffffe
core   0: 0x80000290 (0x3b61ba13) sltiu   s4, gp, 950
core   0: 3 0x80000290 (0x3b61ba13) x20 0x00000000
core   0: 0x80000294 (0x00000705) c.addi  a4, 1
core   0: 3 0x80000294 (0x0705) x14 0xfffffffe
core   0: 0x80000296 (0x0ff0000f) fence   iorw,iorw
core   0: 3 0x80000296 (0x0ff0000f)
core   0: 0x8000029a (0x0000587d) c.li    a6, -1
core   0: 3 0x8000029a (0x587d) x16 0xffffffff
core   0: 0x8000029c (0x41c5d133) sra     sp, a1, t3
core   0: 3 0x8000029c (0x41c5d133) x 2 0xfffffff0
core   0: 0x800002a0 (0x0000f76d) c.bnez  a4, pc - 22
core   0: 3 0x800002a0 (0xf76d)
core   0: 0x8000028a (0x00008d3d) c.xor   a0, a5
core   0: 3 0x8000028a (0x8d3d) x10 0x00000000
core   0: 0x8000028c (0x41a38b33) sub     s6, t2, s10
core   0: 3 0x8000028c (0x41a38b33) x22 0x33fffffe
core   0: 0x80000290 (0x3b61ba13) sltiu   s4, gp, 950
core   0: 3 0x80000290 (0x3b61ba13) x20 0x00000000
core   0: 0x80000294 (0x00000705) c.addi  a4, 1
core   0: 3 0x80000294 (0x0705) x14 0xffffffff
core   0: 0x80000296 (0x0ff0000f) fence   iorw,iorw
core   0: 3 0x80000296 (0x0ff0000f)
core   0: 0x8000029a (0x0000587d) c.li    a6, -1
core   0: 3 0x8000029a (0x587d) x16 0xffffffff
core   0: 0x8000029c (0x41c5d133) sra     sp, a1, t3
core   0: 3 0x8000029c (0x41c5d133) x 2 0xfffffff0
core   0: 0x800002a0 (0x0000f76d) c.bnez  a4, pc - 22
core   0: 3 0x800002a0 (0xf76d)
core   0: 0x8000028a (0x00008d3d) c.xor   a0, a5
core   0: 3 0x8000028a (0x8d3d) x10 0x80000000
core   0: 0x8000028c (0x41a38b33) sub     s6, t2, s10
core   0: 3 0x8000028c (0x41a38b33) x22 0x33fffffe
core   0: 0x80000290 (0x3b61ba13) sltiu   s4, gp, 950
core   0: 3 0x80000290 (0x3b61ba13) x20 0x00000000
core   0: 0x80000294 (0x00000705) c.addi  a4, 1
core   0: 3 0x80000294 (0x0705) x14 0x00000000
core   0: 0x80000296 (0x0ff0000f) fence   iorw,iorw
core   0: 3 0x80000296 (0x0ff0000f)
core   0: 0x8000029a (0x0000587d) c.li    a6, -1
core   0: 3 0x8000029a (0x587d) x16 0xffffffff
core   0: 0x8000029c (0x41c5d133) sra     sp, a1, t3
core   0: 3 0x8000029c (0x41c5d133) x 2 0xfffffff0
core   0: 0x800002a0 (0x0000f76d) c.bnez  a4, pc - 22
core   0: 3 0x800002a0 (0xf76d)
core   0: 0x800002a2 (0x03b8b3b3) mulhu   t2, a7, s11
core   0: 3 0x800002a2 (0x03b8b3b3) x 7 0x00000000
core   0: 0x800002a6 (0x00200613) li      a2, 2
core   0: 3 0x800002a6 (0x00200613) x12 0x00000002
core   0: 0x800002aa (0x0160a1b3) slt     gp, ra, s6
core   0: 3 0x800002aa (0x0160a1b3) x 3 0x00000001
core   0: 0x800002ae (0x00000001) c.nop
core   0: 3 0x800002ae (0x0001)
core   0: 0x800002b0 (0x0d21a893) slti    a7, gp, 210
core   0: 3 0x800002b0 (0x0d21a893) x17 0x00000001
core   0: 0x800002b4 (0x0000167d) c.addi  a2, -1
core   0: 3 0x800002b4 (0x167d) x12 0x00000001
core   0: 0x800002b6 (0x027018b3) mulh    a7, zero, t2
core   0: 3 0x800002b6 (0x027018b3) x17 0x00000000
core   0: 0x800002ba (0x00000ab6) c.slli  s5, 13
core   0: 3 0x800002ba (0x0ab6) x21 0x00000000
core   0: 0x800002bc (0x03d10433) mul     s0, sp, t4
core   0: 3 0x800002bc (0x03d10433) x 8 0xfffffd80
core   0: 0x800002c0 (0x0000fa65) c.bnez  a2, pc - 16
core   0: 3 0x800002c0 (0xfa65)
core   0: 0x800002b0 (0x0d21a893) slti    a7, gp, 210
core   0: 3 0x800002b0 (0x0d21a893) x17 0x00000001
core   0: 0x800002b4 (0x0000167d) c.addi  a2, -1
core   0: 3 0x800002b4 (0x167d) x12 0x00000000
core   0: 0x800002b6 (0x027018b3) mulh    a7, zero, t2
core   0: 3 0x800002b6 (0x027018b3) x17 0x00000000
core   0: 0x800002ba (0x00000ab6) c.slli  s5, 13
core   0: 3 0x800002ba (0x0ab6) x21 0x00000000
core   0: 0x800002bc (0x03d10433) mul     s0, sp, t4
core   0: 3 0x800002bc (0x03d10433) x 8 0xfffffd80
core   0: 0x800002c0 (0x0000fa65) c.bnez  a2, pc - 16
core   0: 3 0x800002c0 (0xfa65)
core   0: 0x800002c2 (0x006f18b3) sll     a7, t5, t1
core   0: 3 0x800002c2 (0x006f18b3) x17 0x00000000
core   0: 0x800002c6 (0x00900613) li      a2, 9
core   0: 3 0x800002c6 (0x00900613) x12 0x00000009
core   0: 0x800002ca (0x0387d033) divu    zero, a5, s8
core   0: 3 0x800002ca (0x0387d033)
core   0: 0x800002ce (0x000009e5) c.addi  s3, 25
core   0: 3 0x800002ce (0x09e5) x19 0x0000001e
core   0: 0x800002d0 (0x01300313) li      t1, 19
core   0: 3 0x800002d0 (0x01300313) x 6 0x00000013
core   0: 0x800002d4 (0x40d55193) srai    gp, a0, 13
core   0: 3 0x800002d4 (0x40d55193) x 3 0xfffc0000
core   0: 0x800002d8 (0x02250e33) mul     t3, a0, sp
core   0: 3 0x800002d8 (0x02250e33) x28 0x00000000
core   0: 0x800002dc (0x0114ca33) xor     s4, s1, a7
core   0: 3 0x800002dc (0x0114ca33) x20 0x80025ce4
core   0: 0x800002e0 (0xf292f917) auipc   s2, 0xf292f
core   0: 3 0x800002e0 (0xf292f917) x18 0x7292f2e0
core   0: 0x800002e4 (0x00000611) c.addi  a2, 4
core   0: 3 0x800002e4 (0x0611) x12 0x0000000d
core   0: 0x800002e6 (0x00008561) c.srai  a0, 24
core   0: 3 0x800002e6 (0x8561) x10 0xffffff80
core   0: 0x800002e8 (0xffd00593) li      a1, -3
core   0: 3 0x800002e8 (0xffd00593) x11 0xfffffffd
core   0: 0x800002ec (0x036626b3) mulhsu  a3, a2, s6
core   0: 3 0x800002ec (0x036626b3) x13 0x00000002
core   0: 0x800002f0 (0x00c00a93) li      s5, 12
core   0: 3 0x800002f0 (0x00c00a93) x21 0x0000000c
core   0: 0x800002f4 (0x00aa9413) slli    s0, s5, 10
core   0: 3 0x800002f4 (0x00aa9413) x 8 0x00003000
core   0: 0x800002f8 (0x02adb033) mulhu   zero, s11, a0
core   0: 3 0x800002f8 (0x02adb033)
core   0: 0x800002fc (0x00000001) c.nop
core   0: 3 0x800002fc (0x0001)
core   0: 0x800002fe (0x0000980a) c.add   a6, sp
core   0: 3 0x800002fe (0x980a) x16 0xffffffef
core   0: 0x80000300 (0x017d93b3) sll     t2, s11, s7
core   0: 3 0x80000300 (0x017d93b3) x 7 0x00000040
core   0: 0x80000304 (0x00000595) c.addi  a1, 5
core   0: 3 0x80000304 (0x0595) x11 0x00000002
core   0: 0x80000306 (0x00c378b3) and     a7, t1, a2
core   0: 3 0x80000306 (0x00c378b3) x17 0x00000001
core   0: 0x8000030a (0x0000717d) c.addi16sp sp, -16
core   0: 3 0x8000030a (0x717d) x 2 0xffffffe0
core   0: 0x8000030c (0x0ff0000f) fence   iorw,iorw
core   0: 3 0x8000030c (0x0ff0000f)
core   0: 0x80000310 (0xff5596e3) bne     a1, s5, pc - 20
core   0: 3 0x80000310 (0xff5596e3)
core   0: 0x800002fc (0x00000001) c.nop
core   0: 3 0x800002fc (0x0001)
core   0: 0x800002fe (0x0000980a) c.add   a6, sp
core   0: 3 0x800002fe (0x980a) x16 0xffffffcf
core   0: 0x80000300 (0x017d93b3) sll     t2, s11, s7
core   0: 3 0x80000300 (0x017d93b3) x 7 0x00000040
core   0: 0x80000304 (0x00000595) c.addi  a1, 5
core   0: 3 0x80000304 (0x0595) x11 0x00000007
core   0: 0x80000306 (0x00c378b3) and     a7, t1, a2
core   0: 3 0x80000306 (0x00c378b3) x17 0x00000001
core   0: 0x8000030a (0x0000717d) c.addi16sp sp, -16
core   0: 3 0x8000030a (0x717d) x 2 0xffffffd0
core   0: 0x8000030c (0x0ff0000f) fence   iorw,iorw
core   0: 3 0x8000030c (0x0ff0000f)
core   0: 0x80000310 (0xff5596e3) bne     a1, s5, pc - 20
core   0: 3 0x80000310 (0xff5596e3)
core   0: 0x800002fc (0x00000001) c.nop
core   0: 3 0x800002fc (0x0001)
core   0: 0x800002fe (0x0000980a) c.add   a6, sp
core   0: 3 0x800002fe (0x980a) x16 0xffffff9f
core   0: 0x80000300 (0x017d93b3) sll     t2, s11, s7
core   0: 3 0x80000300 (0x017d93b3) x 7 0x00000040
core   0: 0x80000304 (0x00000595) c.addi  a1, 5
core   0: 3 0x80000304 (0x0595) x11 0x0000000c
core   0: 0x80000306 (0x00c378b3) and     a7, t1, a2
core   0: 3 0x80000306 (0x00c378b3) x17 0x00000001
core   0: 0x8000030a (0x0000717d) c.addi16sp sp, -16
core   0: 3 0x8000030a (0x717d) x 2 0xffffffc0
core   0: 0x8000030c (0x0ff0000f) fence   iorw,iorw
core   0: 3 0x8000030c (0x0ff0000f)
core   0: 0x80000310 (0xff5596e3) bne     a1, s5, pc - 20
core   0: 3 0x80000310 (0xff5596e3)
core   0: 0x80000314 (0xe9f87e13) andi    t3, a6, -353
core   0: 3 0x80000314 (0xe9f87e13) x28 0xfffffe9f
core   0: 0x80000318 (0x40648b33) sub     s6, s1, t1
core   0: 3 0x80000318 (0x40648b33) x22 0x80025cd1
core   0: 0x8000031c (0x417a0b33) sub     s6, s4, s7
core   0: 3 0x8000031c (0x417a0b33) x22 0x00003e80
core   0: 0x80000320 (0x03b146b3) div     a3, sp, s11
core   0: 3 0x80000320 (0x03b146b3) x13 0xfffffff0
core   0: 0x80000324 (0x02b2b6b3) mulhu   a3, t0, a1
core   0: 3 0x80000324 (0x02b2b6b3) x13 0x00000000
core   0: 0x80000328 (0xfa6668e3) bltu    a2, t1, pc - 80
core   0: 3 0x80000328 (0xfa6668e3)
core   0: 0x800002d8 (0x02250e33) mul     t3, a0, sp
core   0: 3 0x800002d8 (0x02250e33) x28 0x00002000
core   0: 0x800002dc (0x0114ca33) xor     s4, s1, a7
core   0: 3 0x800002dc (0x0114ca33) x20 0x80025ce5
core   0: 0x800002e0 (0xf292f917) auipc   s2, 0xf292f
core   0: 3 0x800002e0 (0xf292f917) x18 0x7292f2e0
core   0: 0x800002e4 (0x00000611) c.addi  a2, 4
core   0: 3 0x800002e4 (0x0611) x12 0x00000011
core   0: 0x800002e6 (0x00008561) c.srai  a0, 24
core   0: 3 0x800002e6 (0x8561) x10 0xffffffff
core   0: 0x800002e8 (0xffd00593) li      a1, -3
core   0: 3 0x800002e8 (0xffd00593) x11 0xfffffffd
core   0: 0x800002ec (0x036626b3) mulhsu  a3, a2, s6
core   0: 3 0x800002ec (0x036626b3) x13 0x00000000
core   0: 0x800002f0 (0x00c00a93) li      s5, 12
core   0: 3 0x800002f0 (0x00c00a93) x21 0x0000000c
core   0: 0x800002f4 (0x00aa9413) slli    s0, s5, 10
core   0: 3 0x800002f4 (0x00aa9413) x 8 0x00003000
core   0: 0x800002f8 (0x02adb033) mulhu   zero, s11, a0
core   0: 3 0x800002f8 (0x02adb033)
core   0: 0x800002fc (0x00000001) c.nop
core   0: 3 0x800002fc (0x0001)
core   0: 0x800002fe (0x0000980a) c.add   a6, sp
core   0: 3 0x800002fe (0x980a) x16 0xffffff5f
core   0: 0x80000300 (0x017d93b3) sll     t2, s11, s7
core   0: 3 0x80000300 (0x017d93b3) x 7 0x00000040
core   0: 0x80000304 (0x00000595) c.addi  a1, 5
core   0: 3 0x80000304 (0x0595) x11 0x00000002
core   0: 0x80000306 (0x00c378b3) and     a7, t1, a2
core   0: 3 0x80000306 (0x00c378b3) x17 0x00000011
core   0: 0x8000030a (0x0000717d) c.addi16sp sp, -16
core   0: 3 0x8000030a (0x717d) x 2 0xffffffb0
core   0: 0x8000030c (0x0ff0000f) fence   iorw,iorw
core   0: 3 0x8000030c (0x0ff0000f)
core   0: 0x80000310 (0xff5596e3) bne     a1, s5, pc - 20
core   0: 3 0x80000310 (0xff5596e3)
core   0: 0x800002fc (0x00000001) c.nop
core   0: 3 0x800002fc (0x0001)
core   0: 0x800002fe (0x0000980a) c.add   a6, sp
core   0: 3 0x800002fe (0x980a) x16 0xffffff0f
core   0: 0x80000300 (0x017d93b3) sll     t2, s11, s7
core   0: 3 0x80000300 (0x017d93b3) x 7 0x00000040
core   0: 0x80000304 (0x00000595) c.addi  a1, 5
core   0: 3 0x80000304 (0x0595) x11 0x00000007
core   0: 0x80000306 (0x00c378b3) and     a7, t1, a2
core   0: 3 0x80000306 (0x00c378b3) x17 0x00000011
core   0: 0x8000030a (0x0000717d) c.addi16sp sp, -16
core   0: 3 0x8000030a (0x717d) x 2 0xffffffa0
core   0: 0x8000030c (0x0ff0000f) fence   iorw,iorw
core   0: 3 0x8000030c (0x0ff0000f)
core   0: 0x80000310 (0xff5596e3) bne     a1, s5, pc - 20
core   0: 3 0x80000310 (0xff5596e3)
core   0: 0x800002fc (0x00000001) c.nop
core   0: 3 0x800002fc (0x0001)
core   0: 0x800002fe (0x0000980a) c.add   a6, sp
core   0: 3 0x800002fe (0x980a) x16 0xfffffeaf
core   0: 0x80000300 (0x017d93b3) sll     t2, s11, s7
core   0: 3 0x80000300 (0x017d93b3) x 7 0x00000040
core   0: 0x80000304 (0x00000595) c.addi  a1, 5
core   0: 3 0x80000304 (0x0595) x11 0x0000000c
core   0: 0x80000306 (0x00c378b3) and     a7, t1, a2
core   0: 3 0x80000306 (0x00c378b3) x17 0x00000011
core   0: 0x8000030a (0x0000717d) c.addi16sp sp, -16
core   0: 3 0x8000030a (0x717d) x 2 0xffffff90
core   0: 0x8000030c (0x0ff0000f) fence   iorw,iorw
core   0: 3 0x8000030c (0x0ff0000f)
core   0: 0x80000310 (0xff5596e3) bne     a1, s5, pc - 20
core   0: 3 0x80000310 (0xff5596e3)
core   0: 0x80000314 (0xe9f87e13) andi    t3, a6, -353
core   0: 3 0x80000314 (0xe9f87e13) x28 0xfffffe8f
core   0: 0x80000318 (0x40648b33) sub     s6, s1, t1
core   0: 3 0x80000318 (0x40648b33) x22 0x80025cd1
core   0: 0x8000031c (0x417a0b33) sub     s6, s4, s7
core   0: 3 0x8000031c (0x417a0b33) x22 0x00003e81
core   0: 0x80000320 (0x03b146b3) div     a3, sp, s11
core   0: 3 0x80000320 (0x03b146b3) x13 0xffffffe4
core   0: 0x80000324 (0x02b2b6b3) mulhu   a3, t0, a1
core   0: 3 0x80000324 (0x02b2b6b3) x13 0x00000000
core   0: 0x80000328 (0xfa6668e3) bltu    a2, t1, pc - 80
core   0: 3 0x80000328 (0xfa6668e3)
core   0: 0x800002d8 (0x02250e33) mul     t3, a0, sp
core   0: 3 0x800002d8 (0x02250e33) x28 0x00000070
core   0: 0x800002dc (0x0114ca33) xor     s4, s1, a7
core   0: 3 0x800002dc (0x0114ca33) x20 0x80025cf5
core   0: 0x800002e0 (0xf292f917) auipc   s2, 0xf292f
core   0: 3 0x800002e0 (0xf292f917) x18 0x7292f2e0
core   0: 0x800002e4 (0x00000611) c.addi  a2, 4
core   0: 3 0x800002e4 (0x0611) x12 0x00000015
core   0: 0x800002e6 (0x00008561) c.srai  a0, 24
core   0: 3 0x800002e6 (0x8561) x10 0xffffffff
core   0: 0x800002e8 (0xffd00593) li      a1, -3
core   0: 3 0x800002e8 (0xffd00593) x11 0xfffffffd
core   0: 0x800002ec (0x036626b3) mulhsu  a3, a2, s6
core   0: 3 0x800002ec (0x036626b3) x13 0x00000000
core   0: 0x800002f0 (0x00c00a93) li      s5, 12
core   0: 3 0x800002f0 (0x00c00a93) x21 0x0000000c
core   0: 0x800002f4 (0x00aa9413) slli    s0, s5, 10
core   0: 3 0x800002f4 (0x00aa9413) x 8 0x00003000
core   0: 0x800002f8 (0x02adb033) mulhu   zero, s11, a0
core   0: 3 0x800002f8 (0x02adb033)
core   0: 0x800002fc (0x00000001) c.nop
core   0: 3 0x800002fc (0x0001)
core   0: 0x800002fe (0x0000980a) c.add   a6, sp
core   0: 3 0x800002fe (0x980a) x16 0xfffffe3f
core   0: 0x80000300 (0x017d93b3) sll     t2, s11, s7
core   0: 3 0x80000300 (0x017d93b3) x 7 0x00000040
core   0: 0x80000304 (0x00000595) c.addi  a1, 5
core   0: 3 0x80000304 (0x0595) x11 0x00000002
core   0: 0x80000306 (0x00c378b3) and     a7, t1, a2
core   0: 3 0x80000306 (0x00c378b3) x17 0x00000011
core   0: 0x8000030a (0x0000717d) c.addi16sp sp, -16
core   0: 3 0x8000030a (0x717d) x 2 0xffffff80
core   0: 0x8000030c (0x0ff0000f) fence   iorw,iorw
core   0: 3 0x8000030c (0x0ff0000f)
core   0: 0x80000310 (0xff5596e3) bne     a1, s5, pc - 20
core   0: 3 0x80000310 (0xff5596e3)
core   0: 0x800002fc (0x00000001) c.nop
core   0: 3 0x800002fc (0x0001)
core   0: 0x800002fe (0x0000980a) c.add   a6, sp
core   0: 3 0x800002fe (0x980a) x16 0xfffffdbf
core   0: 0x80000300 (0x017d93b3) sll     t2, s11, s7
core   0: 3 0x80000300 (0x017d93b3) x 7 0x00000040
core   0: 0x80000304 (0x00000595) c.addi  a1, 5
core   0: 3 0x80000304 (0x0595) x11 0x00000007
core   0: 0x80000306 (0x00c378b3) and     a7, t1, a2
core   0: 3 0x80000306 (0x00c378b3) x17 0x00000011
core   0: 0x8000030a (0x0000717d) c.addi16sp sp, -16
core   0: 3 0x8000030a (0x717d) x 2 0xffffff70
core   0: 0x8000030c (0x0ff0000f) fence   iorw,iorw
core   0: 3 0x8000030c (0x0ff0000f)
core   0: 0x80000310 (0xff5596e3) bne     a1, s5, pc - 20
core   0: 3 0x80000310 (0xff5596e3)
core   0: 0x800002fc (0x00000001) c.nop
core   0: 3 0x800002fc (0x0001)
core   0: 0x800002fe (0x0000980a) c.add   a6, sp
core   0: 3 0x800002fe (0x980a) x16 0xfffffd2f
core   0: 0x80000300 (0x017d93b3) sll     t2, s11, s7
core   0: 3 0x80000300 (0x017d93b3) x 7 0x00000040
core   0: 0x80000304 (0x00000595) c.addi  a1, 5
core   0: 3 0x80000304 (0x0595) x11 0x0000000c
core   0: 0x80000306 (0x00c378b3) and     a7, t1, a2
core   0: 3 0x80000306 (0x00c378b3) x17 0x00000011
core   0: 0x8000030a (0x0000717d) c.addi16sp sp, -16
core   0: 3 0x8000030a (0x717d) x 2 0xffffff60
core   0: 0x8000030c (0x0ff0000f) fence   iorw,iorw
core   0: 3 0x8000030c (0x0ff0000f)
core   0: 0x80000310 (0xff5596e3) bne     a1, s5, pc - 20
core   0: 3 0x80000310 (0xff5596e3)
core   0: 0x80000314 (0xe9f87e13) andi    t3, a6, -353
core   0: 3 0x80000314 (0xe9f87e13) x28 0xfffffc0f
core   0: 0x80000318 (0x40648b33) sub     s6, s1, t1
core   0: 3 0x80000318 (0x40648b33) x22 0x80025cd1
core   0: 0x8000031c (0x417a0b33) sub     s6, s4, s7
core   0: 3 0x8000031c (0x417a0b33) x22 0x00003e91
core   0: 0x80000320 (0x03b146b3) div     a3, sp, s11
core   0: 3 0x80000320 (0x03b146b3) x13 0xffffffd8
core   0: 0x80000324 (0x02b2b6b3) mulhu   a3, t0, a1
core   0: 3 0x80000324 (0x02b2b6b3) x13 0x00000000
core   0: 0x80000328 (0xfa6668e3) bltu    a2, t1, pc - 80
core   0: 3 0x80000328 (0xfa6668e3)
core   0: 0x8000032c (0x032f3e33) mulhu   t3, t5, s2
core   0: 3 0x8000032c (0x032f3e33) x28 0x00000000
core   0: 0x80000330 (0x00900513) li      a0, 9
core   0: 3 0x80000330 (0x00900513) x10 0x00000009
core   0: 0x80000334 (0x86026e17) auipc   t3, 0x86026
core   0: 3 0x80000334 (0x86026e17) x28 0x06026334
core   0: 0x80000338 (0x0000100f) fence.i
core   0: 3 0x80000338 (0x0000100f)
core   0: 0x8000033c (0x00500593) li      a1, 5
core   0: 3 0x8000033c (0x00500593) x11 0x00000005
core   0: 0x80000340 (0x9bd84093) xori    ra, a6, -1603
core   0: 3 0x80000340 (0x9bd84093) x 1 0x00000492
core   0: 0x80000344 (0x03c8d0b3) divu    ra, a7, t3
core   0: 3 0x80000344 (0x03c8d0b3) x 1 0x00000000
core   0: 0x80000348 (0x88f5c093) xori    ra, a1, -1905
core   0: 3 0x80000348 (0x88f5c093) x 1 0xfffff88a
core   0: 0x8000034c (0x01fb7b33) and     s6, s6, t6
core   0: 3 0x8000034c (0x01fb7b33) x22 0x00000000
core   0: 0x80000350 (0x41075993) srai    s3, a4, 16
core   0: 3 0x80000350 (0x41075993) x19 0x00000000
core   0: 0x80000354 (0x0000157d) c.addi  a0, -1
core   0: 3 0x80000354 (0x157d) x10 0x00000008
core   0: 0x80000356 (0xaa1b6717) auipc   a4, 0xaa1b6
core   0: 3 0x80000356 (0xaa1b6717) x14 0x2a1b6356
core   0: 0x8000035a (0x000051fd) c.li    gp, -1
core   0: 3 0x8000035a (0x51fd) x 3 0xffffffff
core   0: 0x8000035c (0xc85ae213) ori     tp, s5, -891
core   0: 3 0x8000035c (0xc85ae213) x 4 0xfffffc8d
core   0: 0x80000360 (0xffa00413) li      s0, -6
core   0: 3 0x80000360 (0xffa00413) x 8 0xfffffffa
core   0: 0x80000364 (0x000cbeb3) sltu    t4, s9, zero
core   0: 3 0x80000364 (0x000cbeb3) x29 0x00000000
core   0: 0x80000368 (0x00e01693) slli    a3, zero, 14
core   0: 3 0x80000368 (0x00e01693) x13 0x00000000
core   0: 0x8000036c (0xfff00613) li      a2, -1
core   0: 3 0x8000036c (0xfff00613) x12 0xffffffff
core   0: 0x80000370 (0x418d5913) srai    s2, s10, 24
core   0: 3 0x80000370 (0x418d5913) x18 0x00000000
core   0: 0x80000374 (0x00008ad5) c.andi  a3, 21
core   0: 3 0x80000374 (0x8ad5) x13 0x00000000
core   0: 0x80000376 (0x0004dc13) srli    s8, s1, 0
core   0: 3 0x80000376 (0x0004dc13) x24 0x80025ce4
core   0: 0x8000037a (0x01a91cb3) sll     s9, s2, s10
core   0: 3 0x8000037a (0x01a91cb3) x25 0x00000000
core   0: 0x8000037e (0x0066d713) srli    a4, a3, 6
core   0: 3 0x8000037e (0x0066d713) x14 0x00000000
core   0: 0x80000382 (0x00006ad9) c.lui   s5, 0x16
core   0: 3 0x80000382 (0x6ad9) x21 0x00016000
core   0: 0x80000384 (0xf9c3f293) andi    t0, t2, -100
core   0: 3 0x80000384 (0xf9c3f293) x 5 0x00000000
core   0: 0x80000388 (0xe54e6e13) ori     t3, t3, -428
core   0: 3 0x80000388 (0xe54e6e13) x28 0xffffff74
core   0: 0x8000038c (0x00000405) c.addi  s0, 1
core   0: 3 0x8000038c (0x0405) x 8 0xfffffffb
core   0: 0x8000038e (0x01a06033) or      zero, zero, s10
core   0: 3 0x8000038e (0x01a06033)
core   0: 0x80000392 (0xfec419e3) bne     s0, a2, pc - 14
core   0: 3 0x80000392 (0xfec419e3)
core   0: 0x80000384 (0xf9c3f293) andi    t0, t2, -100
core   0: 3 0x80000384 (0xf9c3f293) x 5 0x00000000
core   0: 0x80000388 (0xe54e6e13) ori     t3, t3, -428
core   0: 3 0x80000388 (0xe54e6e13) x28 0xffffff74
core   0: 0x8000038c (0x00000405) c.addi  s0, 1
core   0: 3 0x8000038c (0x0405) x 8 0xfffffffc
core   0: 0x8000038e (0x01a06033) or      zero, zero, s10
core   0: 3 0x8000038e (0x01a06033)
core   0: 0x80000392 (0xfec419e3) bne     s0, a2, pc - 14
core   0: 3 0x80000392 (0xfec419e3)
core   0: 0x80000384 (0xf9c3f293) andi    t0, t2, -100
core   0: 3 0x80000384 (0xf9c3f293) x 5 0x00000000
core   0: 0x80000388 (0xe54e6e13) ori     t3, t3, -428
core   0: 3 0x80000388 (0xe54e6e13) x28 0xffffff74
core   0: 0x8000038c (0x00000405) c.addi  s0, 1
core   0: 3 0x8000038c (0x0405) x 8 0xfffffffd
core   0: 0x8000038e (0x01a06033) or      zero, zero, s10
core   0: 3 0x8000038e (0x01a06033)
core   0: 0x80000392 (0xfec419e3) bne     s0, a2, pc - 14
core   0: 3 0x80000392 (0xfec419e3)
core   0: 0x80000384 (0xf9c3f293) andi    t0, t2, -100
core   0: 3 0x80000384 (0xf9c3f293) x 5 0x00000000
core   0: 0x80000388 (0xe54e6e13) ori     t3, t3, -428
core   0: 3 0x80000388 (0xe54e6e13) x28 0xffffff74
core   0: 0x8000038c (0x00000405) c.addi  s0, 1
core   0: 3 0x8000038c (0x0405) x 8 0xfffffffe
core   0: 0x8000038e (0x01a06033) or      zero, zero, s10
core   0: 3 0x8000038e (0x01a06033)
core   0: 0x80000392 (0xfec419e3) bne     s0, a2, pc - 14
core   0: 3 0x80000392 (0xfec419e3)
core   0: 0x80000384 (0xf9c3f293) andi    t0, t2, -100
core   0: 3 0x80000384 (0xf9c3f293) x 5 0x00000000
core   0: 0x80000388 (0xe54e6e13) ori     t3, t3, -428
core   0: 3 0x80000388 (0xe54e6e13) x28 0xffffff74
core   0: 0x8000038c (0x00000405) c.addi  s0, 1
core   0: 3 0x8000038c (0x0405) x 8 0xffffffff
core   0: 0x8000038e (0x01a06033) or      zero, zero, s10
core   0: 3 0x8000038e (0x01a06033)
core   0: 0x80000392 (0xfec419e3) bne     s0, a2, pc - 14
core   0: 3 0x80000392 (0xfec419e3)
core   0: 0x80000396 (0x00008ec1) c.or    a3, s0
core   0: 3 0x80000396 (0x8ec1) x13 0xffffffff
core   0: 0x80000398 (0x0ff0000f) fence   iorw,iorw
core   0: 3 0x80000398 (0x0ff0000f)
core   0: 0x8000039c (0x00000001) c.nop
core   0: 3 0x8000039c (0x0001)
core   0: 0x8000039e (0xfab575e3) bgeu    a0, a1, pc - 86
core   0: 3 0x8000039e (0xfab575e3)
core   0: 0x80000348 (0x88f5c093) xori    ra, a1, -1905
core   0: 3 0x80000348 (0x88f5c093) x 1 0xfffff88a
core   0: 0x8000034c (0x01fb7b33) and     s6, s6, t6
core   0: 3 0x8000034c (0x01fb7b33) x22 0x00000000
core   0: 0x80000350 (0x41075993) srai    s3, a4, 16
core   0: 3 0x80000350 (0x41075993) x19 0x00000000
core   0: 0x80000354 (0x0000157d) c.addi  a0, -1
core   0: 3 0x80000354 (0x157d) x10 0x00000007
core   0: 0x80000356 (0xaa1b6717) auipc   a4, 0xaa1b6
core   0: 3 0x80000356 (0xaa1b6717) x14 0x2a1b6356
core   0: 0x8000035a (0x000051fd) c.li    gp, -1
core   0: 3 0x8000035a (0x51fd) x 3 0xffffffff
core   0: 0x8000035c (0xc85ae213) ori     tp, s5, -891
core   0: 3 0x8000035c (0xc85ae213) x 4 0xfffffc85
core   0: 0x80000360 (0xffa00413) li      s0, -6
core   0: 3 0x80000360 (0xffa00413) x 8 0xfffffffa
core   0: 0x80000364 (0x000cbeb3) sltu    t4, s9, zero
core   0: 3 0x80000364 (0x000cbeb3) x29 0x00000000
core   0: 0x80000368 (0x00e01693) slli    a3, zero, 14
core   0: 3 0x80000368 (0x00e01693) x13 0x00000000
core   0: 0x8000036c (0xfff00613) li      a2, -1
core   0: 3 0x8000036c (0xfff00613) x12 0xffffffff
core   0: 0x80000370 (0x418d5913) srai    s2, s10, 24
core   0: 3 0x80000370 (0x418d5913) x18 0x00000000
core   0: 0x80000374 (0x00008ad5) c.andi  a3, 21
core   0: 3 0x80000374 (0x8ad5) x13 0x00000000
core   0: 0x80000376 (0x0004dc13) srli    s8, s1, 0
core   0: 3 0x80000376 (0x0004dc13) x24 0x80025ce4
core   0: 0x8000037a (0x01a91cb3) sll     s9, s2, s10
core   0: 3 0x8000037a (0x01a91cb3) x25 0x00000000
core   0: 0x8000037e (0x0066d713) srli    a4, a3, 6
core   0: 3 0x8000037e (0x0066d713) x14 0x00000000
core   0: 0x80000382 (0x00006ad9) c.lui   s5, 0x16
core   0: 3 0x80000382 (0x6ad9) x21 0x00016000
core   0: 0x80000384 (0xf9c3f293) andi    t0, t2, -100
core   0: 3 0x80000384 (0xf9c3f293) x 5 0x00000000
core   0: 0x80000388 (0xe54e6e13) ori     t3, t3, -428
core   0: 3 0x80000388 (0xe54e6e13) x28 0xffffff74
core   0: 0x8000038c (0x00000405) c.addi  s0, 1
core   0: 3 0x8000038c (0x0405) x 8 0xfffffffb
core   0: 0x8000038e (0x01a06033) or      zero, zero, s10
core   0: 3 0x8000038e (0x01a06033)
core   0: 0x80000392 (0xfec419e3) bne     s0, a2, pc - 14
core   0: 3 0x80000392 (0xfec419e3)
core   0: 0x80000384 (0xf9c3f293) andi    t0, t2, -100
core   0: 3 0x80000384 (0xf9c3f293) x 5 0x00000000
core   0: 0x80000388 (0xe54e6e13) ori     t3, t3, -428
core   0: 3 0x80000388 (0xe54e6e13) x28 0xffffff74
core   0: 0x8000038c (0x00000405) c.addi  s0, 1
core   0: 3 0x8000038c (0x0405) x 8 0xfffffffc
core   0: 0x8000038e (0x01a06033) or      zero, zero, s10
core   0: 3 0x8000038e (0x01a06033)
core   0: 0x80000392 (0xfec419e3) bne     s0, a2, pc - 14
core   0: 3 0x80000392 (0xfec419e3)
core   0: 0x80000384 (0xf9c3f293) andi    t0, t2, -100
core   0: 3 0x80000384 (0xf9c3f293) x 5 0x00000000
core   0: 0x80000388 (0xe54e6e13) ori     t3, t3, -428
core   0: 3 0x80000388 (0xe54e6e13) x28 0xffffff74
core   0: 0x8000038c (0x00000405) c.addi  s0, 1
core   0: 3 0x8000038c (0x0405) x 8 0xfffffffd
core   0: 0x8000038e (0x01a06033) or      zero, zero, s10
core   0: 3 0x8000038e (0x01a06033)
core   0: 0x80000392 (0xfec419e3) bne     s0, a2, pc - 14
core   0: 3 0x80000392 (0xfec419e3)
core   0: 0x80000384 (0xf9c3f293) andi    t0, t2, -100
core   0: 3 0x80000384 (0xf9c3f293) x 5 0x00000000
core   0: 0x80000388 (0xe54e6e13) ori     t3, t3, -428
core   0: 3 0x80000388 (0xe54e6e13) x28 0xffffff74
core   0: 0x8000038c (0x00000405) c.addi  s0, 1
core   0: 3 0x8000038c (0x0405) x 8 0xfffffffe
core   0: 0x8000038e (0x01a06033) or      zero, zero, s10
core   0: 3 0x8000038e (0x01a06033)
core   0: 0x80000392 (0xfec419e3) bne     s0, a2, pc - 14
core   0: 3 0x80000392 (0xfec419e3)
core   0: 0x80000384 (0xf9c3f293) andi    t0, t2, -100
core   0: 3 0x80000384 (0xf9c3f293) x 5 0x00000000
core   0: 0x80000388 (0xe54e6e13) ori     t3, t3, -428
core   0: 3 0x80000388 (0xe54e6e13) x28 0xffffff74
core   0: 0x8000038c (0x00000405) c.addi  s0, 1
core   0: 3 0x8000038c (0x0405) x 8 0xffffffff
core   0: 0x8000038e (0x01a06033) or      zero, zero, s10
core   0: 3 0x8000038e (0x01a06033)
core   0: 0x80000392 (0xfec419e3) bne     s0, a2, pc - 14
core   0: 3 0x80000392 (0xfec419e3)
core   0: 0x80000396 (0x00008ec1) c.or    a3, s0
core   0: 3 0x80000396 (0x8ec1) x13 0xffffffff
core   0: 0x80000398 (0x0ff0000f) fence   iorw,iorw
core   0: 3 0x80000398 (0x0ff0000f)
core   0: 0x8000039c (0x00000001) c.nop
core   0: 3 0x8000039c (0x0001)
core   0: 0x8000039e (0xfab575e3) bgeu    a0, a1, pc - 86
core   0: 3 0x8000039e (0xfab575e3)
core   0: 0x80000348 (0x88f5c093) xori    ra, a1, -1905
core   0: 3 0x80000348 (0x88f5c093) x 1 0xfffff88a
core   0: 0x8000034c (0x01fb7b33) and     s6, s6, t6
core   0: 3 0x8000034c (0x01fb7b33) x22 0x00000000
core   0: 0x80000350 (0x41075993) srai    s3, a4, 16
core   0: 3 0x80000350 (0x41075993) x19 0x00000000
core   0: 0x80000354 (0x0000157d) c.addi  a0, -1
core   0: 3 0x80000354 (0x157d) x10 0x00000006
core   0: 0x80000356 (0xaa1b6717) auipc   a4, 0xaa1b6
core   0: 3 0x80000356 (0xaa1b6717) x14 0x2a1b6356
core   0: 0x8000035a (0x000051fd) c.li    gp, -1
core   0: 3 0x8000035a (0x51fd) x 3 0xffffffff
core   0: 0x8000035c (0xc85ae213) ori     tp, s5, -891
core   0: 3 0x8000035c (0xc85ae213) x 4 0xfffffc85
core   0: 0x80000360 (0xffa00413) li      s0, -6
core   0: 3 0x80000360 (0xffa00413) x 8 0xfffffffa
core   0: 0x80000364 (0x000cbeb3) sltu    t4, s9, zero
core   0: 3 0x80000364 (0x000cbeb3) x29 0x00000000
core   0: 0x80000368 (0x00e01693) slli    a3, zero, 14
core   0: 3 0x80000368 (0x00e01693) x13 0x00000000
core   0: 0x8000036c (0xfff00613) li      a2, -1
core   0: 3 0x8000036c (0xfff00613) x12 0xffffffff
core   0: 0x80000370 (0x418d5913) srai    s2, s10, 24
core   0: 3 0x80000370 (0x418d5913) x18 0x00000000
core   0: 0x80000374 (0x00008ad5) c.andi  a3, 21
core   0: 3 0x80000374 (0x8ad5) x13 0x00000000
core   0: 0x80000376 (0x0004dc13) srli    s8, s1, 0
core   0: 3 0x80000376 (0x0004dc13) x24 0x80025ce4
core   0: 0x8000037a (0x01a91cb3) sll     s9, s2, s10
core   0: 3 0x8000037a (0x01a91cb3) x25 0x00000000
core   0: 0x8000037e (0x0066d713) srli    a4, a3, 6
core   0: 3 0x8000037e (0x0066d713) x14 0x00000000
core   0: 0x80000382 (0x00006ad9) c.lui   s5, 0x16
core   0: 3 0x80000382 (0x6ad9) x21 0x00016000
core   0: 0x80000384 (0xf9c3f293) andi    t0, t2, -100
core   0: 3 0x80000384 (0xf9c3f293) x 5 0x00000000
core   0: 0x80000388 (0xe54e6e13) ori     t3, t3, -428
core   0: 3 0x80000388 (0xe54e6e13) x28 0xffffff74
core   0: 0x8000038c (0x00000405) c.addi  s0, 1
core   0: 3 0x8000038c (0x0405) x 8 0xfffffffb
core   0: 0x8000038e (0x01a06033) or      zero, zero, s10
core   0: 3 0x8000038e (0x01a06033)
core   0: 0x80000392 (0xfec419e3) bne     s0, a2, pc - 14
core   0: 3 0x80000392 (0xfec419e3)
core   0: 0x80000384 (0xf9c3f293) andi    t0, t2, -100
core   0: 3 0x80000384 (0xf9c3f293) x 5 0x00000000
core   0: 0x80000388 (0xe54e6e13) ori     t3, t3, -428
core   0: 3 0x80000388 (0xe54e6e13) x28 0xffffff74
core   0: 0x8000038c (0x00000405) c.addi  s0, 1
core   0: 3 0x8000038c (0x0405) x 8 0xfffffffc
core   0: 0x8000038e (0x01a06033) or      zero, zero, s10
core   0: 3 0x8000038e (0x01a06033)
core   0: 0x80000392 (0xfec419e3) bne     s0, a2, pc - 14
core   0: 3 0x80000392 (0xfec419e3)
core   0: 0x80000384 (0xf9c3f293) andi    t0, t2, -100
core   0: 3 0x80000384 (0xf9c3f293) x 5 0x00000000
core   0: 0x80000388 (0xe54e6e13) ori     t3, t3, -428
core   0: 3 0x80000388 (0xe54e6e13) x28 0xffffff74
core   0: 0x8000038c (0x00000405) c.addi  s0, 1
core   0: 3 0x8000038c (0x0405) x 8 0xfffffffd
core   0: 0x8000038e (0x01a06033) or      zero, zero, s10
core   0: 3 0x8000038e (0x01a06033)
core   0: 0x80000392 (0xfec419e3) bne     s0, a2, pc - 14
core   0: 3 0x80000392 (0xfec419e3)
core   0: 0x80000384 (0xf9c3f293) andi    t0, t2, -100
core   0: 3 0x80000384 (0xf9c3f293) x 5 0x00000000
core   0: 0x80000388 (0xe54e6e13) ori     t3, t3, -428
core   0: 3 0x80000388 (0xe54e6e13) x28 0xffffff74
core   0: 0x8000038c (0x00000405) c.addi  s0, 1
core   0: 3 0x8000038c (0x0405) x 8 0xfffffffe
core   0: 0x8000038e (0x01a06033) or      zero, zero, s10
core   0: 3 0x8000038e (0x01a06033)
core   0: 0x80000392 (0xfec419e3) bne     s0, a2, pc - 14
core   0: 3 0x80000392 (0xfec419e3)
core   0: 0x80000384 (0xf9c3f293) andi    t0, t2, -100
core   0: 3 0x80000384 (0xf9c3f293) x 5 0x00000000
core   0: 0x80000388 (0xe54e6e13) ori     t3, t3, -428
core   0: 3 0x80000388 (0xe54e6e13) x28 0xffffff74
core   0: 0x8000038c (0x00000405) c.addi  s0, 1
core   0: 3 0x8000038c (0x0405) x 8 0xffffffff
core   0: 0x8000038e (0x01a06033) or      zero, zero, s10
core   0: 3 0x8000038e (0x01a06033)
core   0: 0x80000392 (0xfec419e3) bne     s0, a2, pc - 14
core   0: 3 0x80000392 (0xfec419e3)
core   0: 0x80000396 (0x00008ec1) c.or    a3, s0
core   0: 3 0x80000396 (0x8ec1) x13 0xffffffff
core   0: 0x80000398 (0x0ff0000f) fence   iorw,iorw
core   0: 3 0x80000398 (0x0ff0000f)
core   0: 0x8000039c (0x00000001) c.nop
core   0: 3 0x8000039c (0x0001)
core   0: 0x8000039e (0xfab575e3) bgeu    a0, a1, pc - 86
core   0: 3 0x8000039e (0xfab575e3)
core   0: 0x80000348 (0x88f5c093) xori    ra, a1, -1905
core   0: 3 0x80000348 (0x88f5c093) x 1 0xfffff88a
core   0: 0x8000034c (0x01fb7b33) and     s6, s6, t6
core   0: 3 0x8000034c (0x01fb7b33) x22 0x00000000
core   0: 0x80000350 (0x41075993) srai    s3, a4, 16
core   0: 3 0x80000350 (0x41075993) x19 0x00000000
core   0: 0x80000354 (0x0000157d) c.addi  a0, -1
core   0: 3 0x80000354 (0x157d) x10 0x00000005
core   0: 0x80000356 (0xaa1b6717) auipc   a4, 0xaa1b6
core   0: 3 0x80000356 (0xaa1b6717) x14 0x2a1b6356
core   0: 0x8000035a (0x000051fd) c.li    gp, -1
core   0: 3 0x8000035a (0x51fd) x 3 0xffffffff
core   0: 0x8000035c (0xc85ae213) ori     tp, s5, -891
core   0: 3 0x8000035c (0xc85ae213) x 4 0xfffffc85
core   0: 0x80000360 (0xffa00413) li      s0, -6
core   0: 3 0x80000360 (0xffa00413) x 8 0xfffffffa
core   0: 0x80000364 (0x000cbeb3) sltu    t4, s9, zero
core   0: 3 0x80000364 (0x000cbeb3) x29 0x00000000
core   0: 0x80000368 (0x00e01693) slli    a3, zero, 14
core   0: 3 0x80000368 (0x00e01693) x13 0x00000000
core   0: 0x8000036c (0xfff00613) li      a2, -1
core   0: 3 0x8000036c (0xfff00613) x12 0xffffffff
core   0: 0x80000370 (0x418d5913) srai    s2, s10, 24
core   0: 3 0x80000370 (0x418d5913) x18 0x00000000
core   0: 0x80000374 (0x00008ad5) c.andi  a3, 21
core   0: 3 0x80000374 (0x8ad5) x13 0x00000000
core   0: 0x80000376 (0x0004dc13) srli    s8, s1, 0
core   0: 3 0x80000376 (0x0004dc13) x24 0x80025ce4
core   0: 0x8000037a (0x01a91cb3) sll     s9, s2, s10
core   0: 3 0x8000037a (0x01a91cb3) x25 0x00000000
core   0: 0x8000037e (0x0066d713) srli    a4, a3, 6
core   0: 3 0x8000037e (0x0066d713) x14 0x00000000
core   0: 0x80000382 (0x00006ad9) c.lui   s5, 0x16
core   0: 3 0x80000382 (0x6ad9) x21 0x00016000
core   0: 0x80000384 (0xf9c3f293) andi    t0, t2, -100
core   0: 3 0x80000384 (0xf9c3f293) x 5 0x00000000
core   0: 0x80000388 (0xe54e6e13) ori     t3, t3, -428
core   0: 3 0x80000388 (0xe54e6e13) x28 0xffffff74
core   0: 0x8000038c (0x00000405) c.addi  s0, 1
core   0: 3 0x8000038c (0x0405) x 8 0xfffffffb
core   0: 0x8000038e (0x01a06033) or      zero, zero, s10
core   0: 3 0x8000038e (0x01a06033)
core   0: 0x80000392 (0xfec419e3) bne     s0, a2, pc - 14
core   0: 3 0x80000392 (0xfec419e3)
core   0: 0x80000384 (0xf9c3f293) andi    t0, t2, -100
core   0: 3 0x80000384 (0xf9c3f293) x 5 0x00000000
core   0: 0x80000388 (0xe54e6e13) ori     t3, t3, -428
core   0: 3 0x80000388 (0xe54e6e13) x28 0xffffff74
core   0: 0x8000038c (0x00000405) c.addi  s0, 1
core   0: 3 0x8000038c (0x0405) x 8 0xfffffffc
core   0: 0x8000038e (0x01a06033) or      zero, zero, s10
core   0: 3 0x8000038e (0x01a06033)
core   0: 0x80000392 (0xfec419e3) bne     s0, a2, pc - 14
core   0: 3 0x80000392 (0xfec419e3)
core   0: 0x80000384 (0xf9c3f293) andi    t0, t2, -100
core   0: 3 0x80000384 (0xf9c3f293) x 5 0x00000000
core   0: 0x80000388 (0xe54e6e13) ori     t3, t3, -428
core   0: 3 0x80000388 (0xe54e6e13) x28 0xffffff74
core   0: 0x8000038c (0x00000405) c.addi  s0, 1
core   0: 3 0x8000038c (0x0405) x 8 0xfffffffd
core   0: 0x8000038e (0x01a06033) or      zero, zero, s10
core   0: 3 0x8000038e (0x01a06033)
core   0: 0x80000392 (0xfec419e3) bne     s0, a2, pc - 14
core   0: 3 0x80000392 (0xfec419e3)
core   0: 0x80000384 (0xf9c3f293) andi    t0, t2, -100
core   0: 3 0x80000384 (0xf9c3f293) x 5 0x00000000
core   0: 0x80000388 (0xe54e6e13) ori     t3, t3, -428
core   0: 3 0x80000388 (0xe54e6e13) x28 0xffffff74
core   0: 0x8000038c (0x00000405) c.addi  s0, 1
core   0: 3 0x8000038c (0x0405) x 8 0xfffffffe
core   0: 0x8000038e (0x01a06033) or      zero, zero, s10
core   0: 3 0x8000038e (0x01a06033)
core   0: 0x80000392 (0xfec419e3) bne     s0, a2, pc - 14
core   0: 3 0x80000392 (0xfec419e3)
core   0: 0x80000384 (0xf9c3f293) andi    t0, t2, -100
core   0: 3 0x80000384 (0xf9c3f293) x 5 0x00000000
core   0: 0x80000388 (0xe54e6e13) ori     t3, t3, -428
core   0: 3 0x80000388 (0xe54e6e13) x28 0xffffff74
core   0: 0x8000038c (0x00000405) c.addi  s0, 1
core   0: 3 0x8000038c (0x0405) x 8 0xffffffff
core   0: 0x8000038e (0x01a06033) or      zero, zero, s10
core   0: 3 0x8000038e (0x01a06033)
core   0: 0x80000392 (0xfec419e3) bne     s0, a2, pc - 14
core   0: 3 0x80000392 (0xfec419e3)
core   0: 0x80000396 (0x00008ec1) c.or    a3, s0
core   0: 3 0x80000396 (0x8ec1) x13 0xffffffff
core   0: 0x80000398 (0x0ff0000f) fence   iorw,iorw
core   0: 3 0x80000398 (0x0ff0000f)
core   0: 0x8000039c (0x00000001) c.nop
core   0: 3 0x8000039c (0x0001)
core   0: 0x8000039e (0xfab575e3) bgeu    a0, a1, pc - 86
core   0: 3 0x8000039e (0xfab575e3)
core   0: 0x80000348 (0x88f5c093) xori    ra, a1, -1905
core   0: 3 0x80000348 (0x88f5c093) x 1 0xfffff88a
core   0: 0x8000034c (0x01fb7b33) and     s6, s6, t6
core   0: 3 0x8000034c (0x01fb7b33) x22 0x00000000
core   0: 0x80000350 (0x41075993) srai    s3, a4, 16
core   0: 3 0x80000350 (0x41075993) x19 0x00000000
core   0: 0x80000354 (0x0000157d) c.addi  a0, -1
core   0: 3 0x80000354 (0x157d) x10 0x00000004
core   0: 0x80000356 (0xaa1b6717) auipc   a4, 0xaa1b6
core   0: 3 0x80000356 (0xaa1b6717) x14 0x2a1b6356
core   0: 0x8000035a (0x000051fd) c.li    gp, -1
core   0: 3 0x8000035a (0x51fd) x 3 0xffffffff
core   0: 0x8000035c (0xc85ae213) ori     tp, s5, -891
core   0: 3 0x8000035c (0xc85ae213) x 4 0xfffffc85
core   0: 0x80000360 (0xffa00413) li      s0, -6
core   0: 3 0x80000360 (0xffa00413) x 8 0xfffffffa
core   0: 0x80000364 (0x000cbeb3) sltu    t4, s9, zero
core   0: 3 0x80000364 (0x000cbeb3) x29 0x00000000
core   0: 0x80000368 (0x00e01693) slli    a3, zero, 14
core   0: 3 0x80000368 (0x00e01693) x13 0x00000000
core   0: 0x8000036c (0xfff00613) li      a2, -1
core   0: 3 0x8000036c (0xfff00613) x12 0xffffffff
core   0: 0x80000370 (0x418d5913) srai    s2, s10, 24
core   0: 3 0x80000370 (0x418d5913) x18 0x00000000
core   0: 0x80000374 (0x00008ad5) c.andi  a3, 21
core   0: 3 0x80000374 (0x8ad5) x13 0x00000000
core   0: 0x80000376 (0x0004dc13) srli    s8, s1, 0
core   0: 3 0x80000376 (0x0004dc13) x24 0x80025ce4
core   0: 0x8000037a (0x01a91cb3) sll     s9, s2, s10
core   0: 3 0x8000037a (0x01a91cb3) x25 0x00000000
core   0: 0x8000037e (0x0066d713) srli    a4, a3, 6
core   0: 3 0x8000037e (0x0066d713) x14 0x00000000
core   0: 0x80000382 (0x00006ad9) c.lui   s5, 0x16
core   0: 3 0x80000382 (0x6ad9) x21 0x00016000
core   0: 0x80000384 (0xf9c3f293) andi    t0, t2, -100
core   0: 3 0x80000384 (0xf9c3f293) x 5 0x00000000
core   0: 0x80000388 (0xe54e6e13) ori     t3, t3, -428
core   0: 3 0x80000388 (0xe54e6e13) x28 0xffffff74
core   0: 0x8000038c (0x00000405) c.addi  s0, 1
core   0: 3 0x8000038c (0x0405) x 8 0xfffffffb
core   0: 0x8000038e (0x01a06033) or      zero, zero, s10
core   0: 3 0x8000038e (0x01a06033)
core   0: 0x80000392 (0xfec419e3) bne     s0, a2, pc - 14
core   0: 3 0x80000392 (0xfec419e3)
core   0: 0x80000384 (0xf9c3f293) andi    t0, t2, -100
core   0: 3 0x80000384 (0xf9c3f293) x 5 0x00000000
core   0: 0x80000388 (0xe54e6e13) ori     t3, t3, -428
core   0: 3 0x80000388 (0xe54e6e13) x28 0xffffff74
core   0: 0x8000038c (0x00000405) c.addi  s0, 1
core   0: 3 0x8000038c (0x0405) x 8 0xfffffffc
core   0: 0x8000038e (0x01a06033) or      zero, zero, s10
core   0: 3 0x8000038e (0x01a06033)
core   0: 0x80000392 (0xfec419e3) bne     s0, a2, pc - 14
core   0: 3 0x80000392 (0xfec419e3)
core   0: 0x80000384 (0xf9c3f293) andi    t0, t2, -100
core   0: 3 0x80000384 (0xf9c3f293) x 5 0x00000000
core   0: 0x80000388 (0xe54e6e13) ori     t3, t3, -428
core   0: 3 0x80000388 (0xe54e6e13) x28 0xffffff74
core   0: 0x8000038c (0x00000405) c.addi  s0, 1
core   0: 3 0x8000038c (0x0405) x 8 0xfffffffd
core   0: 0x8000038e (0x01a06033) or      zero, zero, s10
core   0: 3 0x8000038e (0x01a06033)
core   0: 0x80000392 (0xfec419e3) bne     s0, a2, pc - 14
core   0: 3 0x80000392 (0xfec419e3)
core   0: 0x80000384 (0xf9c3f293) andi    t0, t2, -100
core   0: 3 0x80000384 (0xf9c3f293) x 5 0x00000000
core   0: 0x80000388 (0xe54e6e13) ori     t3, t3, -428
core   0: 3 0x80000388 (0xe54e6e13) x28 0xffffff74
core   0: 0x8000038c (0x00000405) c.addi  s0, 1
core   0: 3 0x8000038c (0x0405) x 8 0xfffffffe
core   0: 0x8000038e (0x01a06033) or      zero, zero, s10
core   0: 3 0x8000038e (0x01a06033)
core   0: 0x80000392 (0xfec419e3) bne     s0, a2, pc - 14
core   0: 3 0x80000392 (0xfec419e3)
core   0: 0x80000384 (0xf9c3f293) andi    t0, t2, -100
core   0: 3 0x80000384 (0xf9c3f293) x 5 0x00000000
core   0: 0x80000388 (0xe54e6e13) ori     t3, t3, -428
core   0: 3 0x80000388 (0xe54e6e13) x28 0xffffff74
core   0: 0x8000038c (0x00000405) c.addi  s0, 1
core   0: 3 0x8000038c (0x0405) x 8 0xffffffff
core   0: 0x8000038e (0x01a06033) or      zero, zero, s10
core   0: 3 0x8000038e (0x01a06033)
core   0: 0x80000392 (0xfec419e3) bne     s0, a2, pc - 14
core   0: 3 0x80000392 (0xfec419e3)
core   0: 0x80000396 (0x00008ec1) c.or    a3, s0
core   0: 3 0x80000396 (0x8ec1) x13 0xffffffff
core   0: 0x80000398 (0x0ff0000f) fence   iorw,iorw
core   0: 3 0x80000398 (0x0ff0000f)
core   0: 0x8000039c (0x00000001) c.nop
core   0: 3 0x8000039c (0x0001)
core   0: 0x8000039e (0xfab575e3) bgeu    a0, a1, pc - 86
core   0: 3 0x8000039e (0xfab575e3)
core   0: 0x800003a2 (0x03a4f733) remu    a4, s1, s10
core   0: 3 0x800003a2 (0x03a4f733) x14 0x00000000
core   0: 0x800003a6 (0x00a00413) li      s0, 10
core   0: 3 0x800003a6 (0x00a00413) x 8 0x0000000a
core   0: 0x800003aa (0x00000001) c.nop
core   0: 3 0x800003aa (0x0001)
core   0: 0x800003ac (0x05487217) auipc   tp, 0x5487
core   0: 3 0x800003ac (0x05487217) x 4 0x854873ac
core   0: 0x800003b0 (0x000081a9) c.srli  a1, 10
core   0: 3 0x800003b0 (0x81a9) x11 0x00000000
core   0: 0x800003b2 (0x00a00193) li      gp, 10
core   0: 3 0x800003b2 (0x00a00193) x 3 0x0000000a
core   0: 0x800003b6 (0xf513f537) lui     a0, 0xf513f
core   0: 3 0x800003b6 (0xf513f537) x10 0xf513f000
core   0: 0x800003ba (0x00008856) c.mv    a6, s5
core   0: 3 0x800003ba (0x8856) x16 0x00016000
core   0: 0x800003bc (0x000081cd) c.srli  a1, 19
core   0: 3 0x800003bc (0x81cd) x11 0x00000000
core   0: 0x800003be (0x0136cdb3) xor     s11, a3, s3
core   0: 3 0x800003be (0x0136cdb3) x27 0xffffffff
core   0: 0x800003c2 (0x00bc8733) add     a4, s9, a1
core   0: 3 0x800003c2 (0x00bc8733) x14 0x00000000
core   0: 0x800003c6 (0x0000145d) c.addi  s0, -9
core   0: 3 0x800003c6 (0x145d) x 8 0x00000001
core   0: 0x800003c8 (0xff900693) li      a3, -7
core   0: 3 0x800003c8 (0xff900693) x13 0xfffffff9
core   0: 0x800003cc (0xfa7e0213) addi    tp, t3, -89
core   0: 3 0x800003cc (0xfa7e0213) x 4 0xffffff1b
core   0: 0x800003d0 (0xff400613) li      a2, -12
core   0: 3 0x800003d0 (0xff400613) x12 0xfffffff4
core   0: 0x800003d4 (0x00008de1) c.and   a1, s0
core   0: 3 0x800003d4 (0x8de1) x11 0x00000000
core   0: 0x800003d6 (0x0140ab33) slt     s6, ra, s4
core   0: 3 0x800003d6 (0x0140ab33) x22 0x00000000
core   0: 0x800003da (0x00008c1e) c.mv    s8, t2
core   0: 3 0x800003da (0x8c1e) x24 0x00000040
core   0: 0x800003dc (0x01b7b8b3) sltu    a7, a5, s11
core   0: 3 0x800003dc (0x01b7b8b3) x17 0x00000001
core   0: 0x800003e0 (0x332eec13) ori     s8, t4, 818
core   0: 3 0x800003e0 (0x332eec13) x24 0x00000332
core   0: 0x800003e4 (0x000016f9) c.addi  a3, -2
core   0: 3 0x800003e4 (0x16f9) x13 0xfffffff7
core   0: 0x800003e6 (0xfec6d8e3) bge     a3, a2, pc - 16
core   0: 3 0x800003e6 (0xfec6d8e3)
core   0: 0x800003d6 (0x0140ab33) slt     s6, ra, s4
core   0: 3 0x800003d6 (0x0140ab33) x22 0x00000000
core   0: 0x800003da (0x00008c1e) c.mv    s8, t2
core   0: 3 0x800003da (0x8c1e) x24 0x00000040
core   0: 0x800003dc (0x01b7b8b3) sltu    a7, a5, s11
core   0: 3 0x800003dc (0x01b7b8b3) x17 0x00000001
core   0: 0x800003e0 (0x332eec13) ori     s8, t4, 818
core   0: 3 0x800003e0 (0x332eec13) x24 0x00000332
core   0: 0x800003e4 (0x000016f9) c.addi  a3, -2
core   0: 3 0x800003e4 (0x16f9) x13 0xfffffff5
core   0: 0x800003e6 (0xfec6d8e3) bge     a3, a2, pc - 16
core   0: 3 0x800003e6 (0xfec6d8e3)
core   0: 0x800003d6 (0x0140ab33) slt     s6, ra, s4
core   0: 3 0x800003d6 (0x0140ab33) x22 0x00000000
core   0: 0x800003da (0x00008c1e) c.mv    s8, t2
core   0: 3 0x800003da (0x8c1e) x24 0x00000040
core   0: 0x800003dc (0x01b7b8b3) sltu    a7, a5, s11
core   0: 3 0x800003dc (0x01b7b8b3) x17 0x00000001
core   0: 0x800003e0 (0x332eec13) ori     s8, t4, 818
core   0: 3 0x800003e0 (0x332eec13) x24 0x00000332
core   0: 0x800003e4 (0x000016f9) c.addi  a3, -2
core   0: 3 0x800003e4 (0x16f9) x13 0xfffffff3
core   0: 0x800003e6 (0xfec6d8e3) bge     a3, a2, pc - 16
core   0: 3 0x800003e6 (0xfec6d8e3)
core   0: 0x800003ea (0x02d63533) mulhu   a0, a2, a3
core   0: 3 0x800003ea (0x02d63533) x10 0xffffffe7
core   0: 0x800003ee (0xfc3476e3) bgeu    s0, gp, pc - 52
core   0: 3 0x800003ee (0xfc3476e3)
core   0: 0x800003f2 (0xd99dae17) auipc   t3, 0xd99da
core   0: 3 0x800003f2 (0xd99dae17) x28 0x599da3f2
core   0: 0x800003f6 (0x00a00413) li      s0, 10
core   0: 3 0x800003f6 (0x00a00413) x 8 0x0000000a
core   0: 0x800003fa (0x01200e93) li      t4, 18
core   0: 3 0x800003fa (0x01200e93) x29 0x00000012
core   0: 0x800003fe (0x00001594) c.addi4spn a3, sp, 736
core   0: 3 0x800003fe (0x1594) x13 0x00000240
core   0: 0x80000400 (0x10e581b7) lui     gp, 0x10e58
core   0: 3 0x80000400 (0x10e581b7) x 3 0x10e58000
core   0: 0x80000404 (0x02017fb3) remu    t6, sp, zero
core   0: 3 0x80000404 (0x02017fb3) x31 0xffffff60
core   0: 0x80000408 (0x8527ef13) ori     t5, a5, -1966
core   0: 3 0x80000408 (0x8527ef13) x30 0xfffff852
core   0: 0x8000040c (0x00000421) c.addi  s0, 8
core   0: 3 0x8000040c (0x0421) x 8 0x00000012
core   0: 0x8000040e (0x03616233) rem     tp, sp, s6
core   0: 3 0x8000040e (0x03616233) x 4 0xffffff60
core   0: 0x80000412 (0x000082d9) c.srli  a3, 22
core   0: 3 0x80000412 (0x82d9) x13 0x00000000
core   0: 0x80000414 (0x00700d93) li      s11, 7
core   0: 3 0x80000414 (0x00700d93) x27 0x00000007
core   0: 0x80000418 (0x00008d35) c.xor   a0, a3
core   0: 3 0x80000418 (0x8d35) x10 0xffffffe7
core   0: 0x8000041a (0x0079bc33) sltu    s8, s3, t2
core   0: 3 0x8000041a (0x0079bc33) x24 0x00000001
core   0: 0x8000041e (0x00008f55) c.or    a4, a3
core   0: 3 0x8000041e (0x8f55) x14 0x00000000
core   0: 0x80000420 (0x00008f11) c.sub   a4, a2
core   0: 3 0x80000420 (0x8f11) x14 0x0000000c
core   0: 0x80000422 (0x00800a93) li      s5, 8
core   0: 3 0x80000422 (0x00800a93) x21 0x00000008
core   0: 0x80000426 (0x00008da9) c.xor   a1, a0
core   0: 3 0x80000426 (0x8da9) x11 0xffffffe7
core   0: 0x80000428 (0x4105d693) srai    a3, a1, 16
core   0: 3 0x80000428 (0x4105d693) x13 0xffffffff
core   0: 0x8000042c (0x00000001) c.nop
core   0: 3 0x8000042c (0x0001)
core   0: 0x8000042e (0x00006159) c.addi16sp sp, 400
core   0: 3 0x8000042e (0x6159) x 2 0x000000f0
core   0: 0x80000430 (0x00008961) c.andi  a0, 24
core   0: 3 0x80000430 (0x8961) x10 0x00000000
core   0: 0x80000432 (0x00000d85) c.addi  s11, 1
core   0: 3 0x80000432 (0x0d85) x27 0x00000008
core   0: 0x80000434 (0x00006e55) c.lui   t3, 0x15
core   0: 3 0x80000434 (0x6e55) x28 0x00015000
core   0: 0x80000436 (0x0000856d) c.srai  a0, 27
core   0: 3 0x80000436 (0x856d) x10 0x00000000
core   0: 0x80000438 (0x02f928b3) mulhsu  a7, s2, a5
core   0: 3 0x80000438 (0x02f928b3) x17 0x00000000
core   0: 0x8000043c (0xff5deae3) bltu    s11, s5, pc - 12
core   0: 3 0x8000043c (0xff5deae3)
core   0: 0x80000440 (0x0068b333) sltu    t1, a7, t1
core   0: 3 0x80000440 (0x0068b333) x 6 0x00000001
core   0: 0x80000444 (0x00008579) c.srai  a0, 30
core   0: 3 0x80000444 (0x8579) x10 0x00000000
core   0: 0x80000446 (0x00000001) c.nop
core   0: 3 0x80000446 (0x0001)
core   0: 0x80000448 (0x00316633) or      a2, sp, gp
core   0: 3 0x80000448 (0x00316633) x12 0x10e580f0
core   0: 0x8000044c (0xfbd40ce3) beq     s0, t4, pc - 72
core   0: 3 0x8000044c (0xfbd40ce3)
core   0: 0x80000404 (0x02017fb3) remu    t6, sp, zero
core   0: 3 0x80000404 (0x02017fb3) x31 0x000000f0
core   0: 0x80000408 (0x8527ef13) ori     t5, a5, -1966
core   0: 3 0x80000408 (0x8527ef13) x30 0xfffff852
core   0: 0x8000040c (0x00000421) c.addi  s0, 8
core   0: 3 0x8000040c (0x0421) x 8 0x0000001a
core   0: 0x8000040e (0x03616233) rem     tp, sp, s6
core   0: 3 0x8000040e (0x03616233) x 4 0x000000f0
core   0: 0x80000412 (0x000082d9) c.srli  a3, 22
core   0: 3 0x80000412 (0x82d9) x13 0x000003ff
core   0: 0x80000414 (0x00700d93) li      s11, 7
core   0: 3 0x80000414 (0x00700d93) x27 0x00000007
core   0: 0x80000418 (0x00008d35) c.xor   a0, a3
core   0: 3 0x80000418 (0x8d35) x10 0x000003ff
core   0: 0x8000041a (0x0079bc33) sltu    s8, s3, t2
core   0: 3 0x8000041a (0x0079bc33) x24 0x00000001
core   0: 0x8000041e (0x00008f55) c.or    a4, a3
core   0: 3 0x8000041e (0x8f55) x14 0x000003ff
core   0: 0x80000420 (0x00008f11) c.sub   a4, a2
core   0: 3 0x80000420 (0x8f11) x14 0xef1a830f
core   0: 0x80000422 (0x00800a93) li      s5, 8
core   0: 3 0x80000422 (0x00800a93) x21 0x00000008
core   0: 0x80000426 (0x00008da9) c.xor   a1, a0
core   0: 3 0x80000426 (0x8da9) x11 0xfffffc18
core   0: 0x80000428 (0x4105d693) srai    a3, a1, 16
core   0: 3 0x80000428 (0x4105d693) x13 0xffffffff
core   0: 0x8000042c (0x00000001) c.nop
core   0: 3 0x8000042c (0x0001)
core   0: 0x8000042e (0x00006159) c.addi16sp sp, 400
core   0: 3 0x8000042e (0x6159) x 2 0x00000280
core   0: 0x80000430 (0x00008961) c.andi  a0, 24
core   0: 3 0x80000430 (0x8961) x10 0x00000018
core   0: 0x80000432 (0x00000d85) c.addi  s11, 1
core   0: 3 0x80000432 (0x0d85) x27 0x00000008
core   0: 0x80000434 (0x00006e55) c.lui   t3, 0x15
core   0: 3 0x80000434 (0x6e55) x28 0x00015000
core   0: 0x80000436 (0x0000856d) c.srai  a0, 27
core   0: 3 0x80000436 (0x856d) x10 0x00000000
core   0: 0x80000438 (0x02f928b3) mulhsu  a7, s2, a5
core   0: 3 0x80000438 (0x02f928b3) x17 0x00000000
core   0: 0x8000043c (0xff5deae3) bltu    s11, s5, pc - 12
core   0: 3 0x8000043c (0xff5deae3)
core   0: 0x80000440 (0x0068b333) sltu    t1, a7, t1
core   0: 3 0x80000440 (0x0068b333) x 6 0x00000001
core   0: 0x80000444 (0x00008579) c.srai  a0, 30
core   0: 3 0x80000444 (0x8579) x10 0x00000000
core   0: 0x80000446 (0x00000001) c.nop
core   0: 3 0x80000446 (0x0001)
core   0: 0x80000448 (0x00316633) or      a2, sp, gp
core   0: 3 0x80000448 (0x00316633) x12 0x10e58280
core   0: 0x8000044c (0xfbd40ce3) beq     s0, t4, pc - 72
core   0: 3 0x8000044c (0xfbd40ce3)
core   0: 0x80000450 (0x0000992e) c.add   s2, a1
core   0: 3 0x80000450 (0x992e) x18 0xfffffc18
core   0: 0x80000452 (0xffa00593) li      a1, -6
core   0: 3 0x80000452 (0xffa00593) x11 0xfffffffa
core   0: 0x80000456 (0x00000001) c.nop
core   0: 3 0x80000456 (0x0001)
core   0: 0x80000458 (0x00001afd) c.addi  s5, -1
core   0: 3 0x80000458 (0x1afd) x21 0x00000007
core   0: 0x8000045a (0x00000731) c.addi  a4, 12
core   0: 3 0x8000045a (0x0731) x14 0xef1a831b
core   0: 0x8000045c (0x00000585) c.addi  a1, 1
core   0: 3 0x8000045c (0x0585) x11 0xfffffffb
core   0: 0x8000045e (0x00b3aab3) slt     s5, t2, a1
core   0: 3 0x8000045e (0x00b3aab3) x21 0x00000000
core   0: 0x80000462 (0x00009c8e) c.add   s9, gp
core   0: 3 0x80000462 (0x9c8e) x25 0x10e58000
core   0: 0x80000464 (0x00200693) li      a3, 2
core   0: 3 0x80000464 (0x00200693) x13 0x00000002
core   0: 0x80000468 (0x00500d13) li      s10, 5
core   0: 3 0x80000468 (0x00500d13) x26 0x00000005
core   0: 0x8000046c (0xb4e6cf93) xori    t6, a3, -1202
core   0: 3 0x8000046c (0xb4e6cf93) x31 0xfffffb4c
core   0: 0x80000470 (0x0ff0000f) fence   iorw,iorw
core   0: 3 0x80000470 (0x0ff0000f)
core   0: 0x80000474 (0x00000685) c.addi  a3, 1
core   0: 3 0x80000474 (0x0685) x13 0x00000003
core   0: 0x80000476 (0x00008446) c.mv    s0, a7
core   0: 3 0x80000476 (0x8446) x 8 0x00000000
core   0: 0x80000478 (0x00008e59) c.or    a2, a4
core   0: 3 0x80000478 (0x8e59) x12 0xffff839b
core   0: 0x8000047a (0x003d7433) and     s0, s10, gp
core   0: 3 0x8000047a (0x003d7433) x 8 0x00000000
core   0: 0x8000047e (0xffa697e3) bne     a3, s10, pc - 18
core   0: 3 0x8000047e (0xffa697e3)
core   0: 0x8000046c (0xb4e6cf93) xori    t6, a3, -1202
core   0: 3 0x8000046c (0xb4e6cf93) x31 0xfffffb4d
core   0: 0x80000470 (0x0ff0000f) fence   iorw,iorw
core   0: 3 0x80000470 (0x0ff0000f)
core   0: 0x80000474 (0x00000685) c.addi  a3, 1
core   0: 3 0x80000474 (0x0685) x13 0x00000004
core   0: 0x80000476 (0x00008446) c.mv    s0, a7
core   0: 3 0x80000476 (0x8446) x 8 0x00000000
core   0: 0x80000478 (0x00008e59) c.or    a2, a4
core   0: 3 0x80000478 (0x8e59) x12 0xffff839b
core   0: 0x8000047a (0x003d7433) and     s0, s10, gp
core   0: 3 0x8000047a (0x003d7433) x 8 0x00000000
core   0: 0x8000047e (0xffa697e3) bne     a3, s10, pc - 18
core   0: 3 0x8000047e (0xffa697e3)
core   0: 0x8000046c (0xb4e6cf93) xori    t6, a3, -1202
core   0: 3 0x8000046c (0xb4e6cf93) x31 0xfffffb4a
core   0: 0x80000470 (0x0ff0000f) fence   iorw,iorw
core   0: 3 0x80000470 (0x0ff0000f)
core   0: 0x80000474 (0x00000685) c.addi  a3, 1
core   0: 3 0x80000474 (0x0685) x13 0x00000005
core   0: 0x80000476 (0x00008446) c.mv    s0, a7
core   0: 3 0x80000476 (0x8446) x 8 0x00000000
core   0: 0x80000478 (0x00008e59) c.or    a2, a4
core   0: 3 0x80000478 (0x8e59) x12 0xffff839b
core   0: 0x8000047a (0x003d7433) and     s0, s10, gp
core   0: 3 0x8000047a (0x003d7433) x 8 0x00000000
core   0: 0x8000047e (0xffa697e3) bne     a3, s10, pc - 18
core   0: 3 0x8000047e (0xffa697e3)
core   0: 0x80000482 (0x0000d9f9) c.beqz  a1, pc - 42
core   0: 3 0x80000482 (0xd9f9)
core   0: 0x80000484 (0x00000449) c.addi  s0, 18
core   0: 3 0x80000484 (0x0449) x 8 0x00000012
core   0: 0x80000486 (0xffb00513) li      a0, -5
core   0: 3 0x80000486 (0xffb00513) x10 0xfffffffb
core   0: 0x8000048a (0x00000fdd) c.addi  t6, 23
core   0: 3 0x8000048a (0x0fdd) x31 0xfffffb61
core   0: 0x8000048c (0x03fc16b3) mulh    a3, s8, t6
core   0: 3 0x8000048c (0x03fc16b3) x13 0xffffffff
core   0: 0x80000490 (0x00000001) c.nop
core   0: 3 0x80000490 (0x0001)
core   0: 0x80000492 (0x0000844a) c.mv    s0, s2
core   0: 3 0x80000492 (0x844a) x 8 0xfffffc18
core   0: 0x80000494 (0x00008e75) c.and   a2, a3
core   0: 3 0x80000494 (0x8e75) x12 0xffff839b
core   0: 0x80000496 (0x0284d9b3) divu    s3, s1, s0
core   0: 3 0x80000496 (0x0284d9b3) x19 0x00000000
core   0: 0x8000049a (0x120d3f93) sltiu   t6, s10, 288
core   0: 3 0x8000049a (0x120d3f93) x31 0x00000001
core   0: 0x8000049e (0x00000505) c.addi  a0, 1
core   0: 3 0x8000049e (0x0505) x10 0xfffffffc
core   0: 0x800004a0 (0x00008e69) c.and   a2, a0
core   0: 3 0x800004a0 (0x8e69) x12 0xffff8398
core   0: 0x800004a2 (0x4060d8b3) sra     a7, ra, t1
core   0: 3 0x800004a2 (0x4060d8b3) x17 0xfffffc45
core   0: 0x800004a6 (0x41515113) srai    sp, sp, 21
core   0: 3 0x800004a6 (0x41515113) x 2 0x00000000
core   0: 0x800004aa (0x00000198) c.addi4spn a4, sp, 192
core   0: 3 0x800004aa (0x0198) x14 0x000000c0
core   0: 0x800004ac (0x0000d565) c.beqz  a0, pc - 24
core   0: 3 0x800004ac (0xd565)
core   0: 0x800004ae (0x00008de1) c.and   a1, s0
core   0: 3 0x800004ae (0x8de1) x11 0xfffffc18
core   0: 0x800004b0 (0xfff00b13) li      s6, -1
core   0: 3 0x800004b0 (0xfff00b13) x22 0xffffffff
core   0: 0x800004b4 (0x57d0f097) auipc   ra, 0x57d0f
core   0: 3 0x800004b4 (0x57d0f097) x 1 0xd7d0f4b4
core   0: 0x800004b8 (0x0000919a) c.add   gp, t1
core   0: 3 0x800004b8 (0x919a) x 3 0x10e58001
core   0: 0x800004ba (0x00faee33) or      t3, s5, a5
core   0: 3 0x800004ba (0x00faee33) x28 0x80000000
core   0: 0x800004be (0x85862093) slti    ra, a2, -1960
core   0: 3 0x800004be (0x85862093) x 1 0x00000001
core   0: 0x800004c2 (0x00008dd9) c.or    a1, a4
core   0: 3 0x800004c2 (0x8dd9) x11 0xfffffcd8
core   0: 0x800004c4 (0x01e2eeb3) or      t4, t0, t5
core   0: 3 0x800004c4 (0x01e2eeb3) x29 0xfffff852
core   0: 0x800004c8 (0x00300413) li      s0, 3
core   0: 3 0x800004c8 (0x00300413) x 8 0x00000003
core   0: 0x800004cc (0x41638a33) sub     s4, t2, s6
core   0: 3 0x800004cc (0x41638a33) x20 0x00000041
core   0: 0x800004d0 (0x03460db3) mul     s11, a2, s4
core   0: 3 0x800004d0 (0x03460db3) x27 0xffe06998
core   0: 0x800004d4 (0x00000b11) c.addi  s6, 4
core   0: 3 0x800004d4 (0x0b11) x22 0x00000003
core   0: 0x800004d6 (0x0000854e) c.mv    a0, s3
core   0: 3 0x800004d6 (0x854e) x10 0x00000000
core   0: 0x800004d8 (0x00008d21) c.xor   a0, s0
core   0: 3 0x800004d8 (0x8d21) x10 0x00000003
core   0: 0x800004da (0x00008e85) c.sub   a3, s1
core   0: 3 0x800004da (0x8e85) x13 0x7ffda31b
core   0: 0x800004dc (0xdbb246b7) lui     a3, 0xdbb24
core   0: 3 0x800004dc (0xdbb246b7) x13 0xdbb24000
core   0: 0x800004e0 (0x00000001) c.nop
core   0: 3 0x800004e0 (0x0001)
core   0: 0x800004e2 (0x0000100f) fence.i
core   0: 3 0x800004e2 (0x0000100f)
core   0: 0x800004e6 (0x613e35b7) lui     a1, 0x613e3
core   0: 3 0x800004e6 (0x613e35b7) x11 0x613e3000
core   0: 0x800004ea (0x415ddeb3) sra     t4, s11, s5
core   0: 3 0x800004ea (0x415ddeb3) x29 0xffe06998
core   0: 0x800004ee (0xfe8b01e3) beq     s6, s0, pc - 30
core   0: 3 0x800004ee (0xfe8b01e3)
core   0: 0x800004d0 (0x03460db3) mul     s11, a2, s4
core   0: 3 0x800004d0 (0x03460db3) x27 0xffe06998
core   0: 0x800004d4 (0x00000b11) c.addi  s6, 4
core   0: 3 0x800004d4 (0x0b11) x22 0x00000007
core   0: 0x800004d6 (0x0000854e) c.mv    a0, s3
core   0: 3 0x800004d6 (0x854e) x10 0x00000000
core   0: 0x800004d8 (0x00008d21) c.xor   a0, s0
core   0: 3 0x800004d8 (0x8d21) x10 0x00000003
core   0: 0x800004da (0x00008e85) c.sub   a3, s1
core   0: 3 0x800004da (0x8e85) x13 0x5bafe31c
core   0: 0x800004dc (0xdbb246b7) lui     a3, 0xdbb24
core   0: 3 0x800004dc (0xdbb246b7) x13 0xdbb24000
core   0: 0x800004e0 (0x00000001) c.nop
core   0: 3 0x800004e0 (0x0001)
core   0: 0x800004e2 (0x0000100f) fence.i
core   0: 3 0x800004e2 (0x0000100f)
core   0: 0x800004e6 (0x613e35b7) lui     a1, 0x613e3
core   0: 3 0x800004e6 (0x613e35b7) x11 0x613e3000
core   0: 0x800004ea (0x415ddeb3) sra     t4, s11, s5
core   0: 3 0x800004ea (0x415ddeb3) x29 0xffe06998
core   0: 0x800004ee (0xfe8b01e3) beq     s6, s0, pc - 30
core   0: 3 0x800004ee (0xfe8b01e3)
core   0: 0x800004f2 (0x00008e6d) c.and   a2, a1
core   0: 3 0x800004f2 (0x8e6d) x12 0x613e0000
core   0: 0x800004f4 (0xffc00193) li      gp, -4
core   0: 3 0x800004f4 (0xffc00193) x 3 0xfffffffc
core   0: 0x800004f8 (0x0000517d) c.li    sp, -1
core   0: 3 0x800004f8 (0x517d) x 2 0xffffffff
core   0: 0x800004fa (0x00008299) c.srli  a3, 6
core   0: 3 0x800004fa (0x8299) x13 0x036ec900
core   0: 0x800004fc (0x01100093) li      ra, 17
core   0: 3 0x800004fc (0x01100093) x 1 0x00000011
core   0: 0x80000500 (0xf0c4e913) ori     s2, s1, -244
core   0: 3 0x80000500 (0xf0c4e913) x18 0xffffffec
core   0: 0x80000504 (0x258fe213) ori     tp, t6, 600
core   0: 3 0x80000504 (0x258fe213) x 4 0x00000259
core   0: 0x80000508 (0x0000019d) c.addi  gp, 7
core   0: 3 0x80000508 (0x019d) x 3 0x00000003
core   0: 0x8000050a (0x00004a1d) c.li    s4, 7
core   0: 3 0x8000050a (0x4a1d) x20 0x00000007
core   0: 0x8000050c (0xfe119ce3) bne     gp, ra, pc - 8
core   0: 3 0x8000050c (0xfe119ce3)
core   0: 0x80000504 (0x258fe213) ori     tp, t6, 600
core   0: 3 0x80000504 (0x258fe213) x 4 0x00000259
core   0: 0x80000508 (0x0000019d) c.addi  gp, 7
core   0: 3 0x80000508 (0x019d) x 3 0x0000000a
core   0: 0x8000050a (0x00004a1d) c.li    s4, 7
core   0: 3 0x8000050a (0x4a1d) x20 0x00000007
core   0: 0x8000050c (0xfe119ce3) bne     gp, ra, pc - 8
core   0: 3 0x8000050c (0xfe119ce3)
core   0: 0x80000504 (0x258fe213) ori     tp, t6, 600
core   0: 3 0x80000504 (0x258fe213) x 4 0x00000259
core   0: 0x80000508 (0x0000019d) c.addi  gp, 7
core   0: 3 0x80000508 (0x019d) x 3 0x00000011
core   0: 0x8000050a (0x00004a1d) c.li    s4, 7
core   0: 3 0x8000050a (0x4a1d) x20 0x00000007
core   0: 0x8000050c (0xfe119ce3) bne     gp, ra, pc - 8
core   0: 3 0x8000050c (0xfe119ce3)
core   0: 0x80000510 (0x00008d41) c.or    a0, s0
core   0: 3 0x80000510 (0x8d41) x10 0x00000003
core   0: 0x80000512 (0xff700693) li      a3, -9
core   0: 3 0x80000512 (0xff700693) x13 0xfffffff7
core   0: 0x80000516 (0x00008132) c.mv    sp, a2
core   0: 3 0x80000516 (0x8132) x 2 0x613e0000
core   0: 0x80000518 (0x02d48db3) mul     s11, s1, a3
core   0: 3 0x80000518 (0x02d48db3) x27 0x7feabbfc
core   0: 0x8000051c (0x01bfa8b3) slt     a7, t6, s11
core   0: 3 0x8000051c (0x01bfa8b3) x17 0x00000001
core   0: 0x80000520 (0x4185d393) srai    t2, a1, 24
core   0: 3 0x80000520 (0x4185d393) x 7 0x00000061
core   0: 0x80000524 (0x0000824e) c.mv    tp, s3
core   0: 3 0x80000524 (0x824e) x 4 0x00000000
core   0: 0x80000526 (0x0394edb3) rem     s11, s1, s9
core   0: 3 0x80000526 (0x0394edb3) x27 0xf648dce4
core   0: 0x8000052a (0x00ef3433) sltu    s0, t5, a4
core   0: 3 0x8000052a (0x00ef3433) x 8 0x00000000
core   0: 0x8000052e (0x00f00513) li      a0, 15
core   0: 3 0x8000052e (0x00f00513) x10 0x0000000f
core   0: 0x80000532 (0x0346dfb3) divu    t6, a3, s4
core   0: 3 0x80000532 (0x0346dfb3) x31 0x24924923
core   0: 0x80000536 (0x0250e0b3) rem     ra, ra, t0
core   0: 3 0x80000536 (0x0250e0b3) x 1 0x00000011
core   0: 0x8000053a (0x0000987d) c.andi  s0, -1
core   0: 3 0x8000053a (0x987d) x 8 0x00000000
core   0: 0x8000053c (0x0000876d) c.srai  a4, 27
core   0: 3 0x8000053c (0x876d) x14 0x00000000
core   0: 0x8000053e (0x019cf833) and     a6, s9, s9
core   0: 3 0x8000053e (0x019cf833) x16 0x10e58000
core   0: 0x80000542 (0x03a94033) div     zero, s2, s10
core   0: 3 0x80000542 (0x03a94033)
core   0: 0x80000546 (0x00000691) c.addi  a3, 4
core   0: 3 0x80000546 (0x0691) x13 0xfffffffb
core   0: 0x80000548 (0x00000001) c.nop
core   0: 3 0x80000548 (0x0001)
core   0: 0x8000054a (0x0289b733) mulhu   a4, s3, s0
core   0: 3 0x8000054a (0x0289b733) x14 0x00000000
core   0: 0x8000054e (0x00000ed2) c.slli  t4, 20
core   0: 3 0x8000054e (0x0ed2) x29 0x99800000
core   0: 0x80000550 (0xfea6e3e3) bltu    a3, a0, pc - 26
core   0: 3 0x80000550 (0xfea6e3e3)
core   0: 0x80000554 (0x0000100f) fence.i
core   0: 3 0x80000554 (0x0000100f)
core   0: 0x80000558 (0x00400213) li      tp, 4
core   0: 3 0x80000558 (0x00400213) x 4 0x00000004
core   0: 0x8000055c (0x00000001) c.nop
core   0: 3 0x8000055c (0x0001)
core   0: 0x8000055e (0x000085c9) c.srai  a1, 18
core   0: 3 0x8000055e (0x85c9) x11 0x0000184f
core   0: 0x80000560 (0x019d9313) slli    t1, s11, 25
core   0: 3 0x80000560 (0x019d9313) x 6 0xc8000000
core   0: 0x80000564 (0x00005e7d) c.li    t3, -1
core   0: 3 0x80000564 (0x5e7d) x28 0xffffffff
core   0: 0x80000566 (0x03652ab3) mulhsu  s5, a0, s6
core   0: 3 0x80000566 (0x03652ab3) x21 0x00000000
core   0: 0x8000056a (0x00000001) c.nop
core   0: 3 0x8000056a (0x0001)
core   0: 0x8000056c (0x00b00613) li      a2, 11
core   0: 3 0x8000056c (0x00b00613) x12 0x0000000b
core   0: 0x80000570 (0x00008c65) c.and   s0, s1
core   0: 3 0x80000570 (0x8c65) x 8 0x00000000
core   0: 0x80000572 (0x033e2933) mulhsu  s2, t3, s3
core   0: 3 0x80000572 (0x033e2933) x18 0x00000000
core   0: 0x80000576 (0x00001cfd) c.addi  s9, -1
core   0: 3 0x80000576 (0x1cfd) x25 0x10e57fff
core   0: 0x80000578 (0x00008a2e) c.mv    s4, a1
core   0: 3 0x80000578 (0x8a2e) x20 0x0000184f
core   0: 0x8000057a (0x0000021d) c.addi  tp, 7
core   0: 3 0x8000057a (0x021d) x 4 0x0000000b
core   0: 0x8000057c (0x4025d033) sra     zero, a1, sp
core   0: 3 0x8000057c (0x4025d033)
core   0: 0x80000580 (0x40e80033) sub     zero, a6, a4
core   0: 3 0x80000580 (0x40e80033)
core   0: 0x80000584 (0x2ac81717) auipc   a4, 0x2ac81
core   0: 3 0x80000584 (0x2ac81717) x14 0xaac81584
core   0: 0x80000588 (0x00500b13) li      s6, 5
core   0: 3 0x80000588 (0x00500b13) x22 0x00000005
core   0: 0x8000058c (0xffc00f13) li      t5, -4
core   0: 3 0x8000058c (0xffc00f13) x30 0xfffffffc
core   0: 0x80000590 (0x0000481d) c.li    a6, 7
core   0: 3 0x80000590 (0x481d) x16 0x00000007
core   0: 0x80000592 (0x70d5aa93) slti    s5, a1, 1805
core   0: 3 0x80000592 (0x70d5aa93) x21 0x00000000
core   0: 0x80000596 (0x000099fd) c.andi  a1, -1
core   0: 3 0x80000596 (0x99fd) x11 0x0000184f
core   0: 0x80000598 (0x0000180c) c.addi4spn a1, sp, 48
core   0: 3 0x80000598 (0x180c) x11 0x613e0030
core   0: 0x8000059a (0x00001b59) c.addi  s6, -10
core   0: 3 0x8000059a (0x1b59) x22 0xfffffffb
core   0: 0x8000059c (0xffeb5be3) bge     s6, t5, pc - 10
core   0: 3 0x8000059c (0xffeb5be3)
core   0: 0x800005a0 (0x0260a6b3) mulhsu  a3, ra, t1
core   0: 3 0x800005a0 (0x0260a6b3) x13 0x0000000d
core   0: 0x800005a4 (0x00f2efb3) or      t6, t0, a5
core   0: 3 0x800005a4 (0x00f2efb3) x31 0x80000000
core   0: 0x800005a8 (0x02b20933) mul     s2, tp, a1
core   0: 3 0x800005a8 (0x02b20933) x18 0x2daa0210
core   0: 0x800005ac (0x00ed2333) slt     t1, s10, a4
core   0: 3 0x800005ac (0x00ed2333) x 6 0x00000000
core   0: 0x800005b0 (0x0000717d) c.addi16sp sp, -16
core   0: 3 0x800005b0 (0x717d) x 2 0x613dfff0
core   0: 0x800005b2 (0x03edef93) ori     t6, s11, 62
core   0: 3 0x800005b2 (0x03edef93) x31 0xf648dcfe
core   0: 0x800005b6 (0x04d02c93) slti    s9, zero, 77
core   0: 3 0x800005b6 (0x04d02c93) x25 0x00000001
core   0: 0x800005ba (0xfac20fe3) beq     tp, a2, pc - 66
core   0: 3 0x800005ba (0xfac20fe3)
core   0: 0x80000578 (0x00008a2e) c.mv    s4, a1
core   0: 3 0x80000578 (0x8a2e) x20 0x613e0030
core   0: 0x8000057a (0x0000021d) c.addi  tp, 7
core   0: 3 0x8000057a (0x021d) x 4 0x00000012
core   0: 0x8000057c (0x4025d033) sra     zero, a1, sp
core   0: 3 0x8000057c (0x4025d033)
core   0: 0x80000580 (0x40e80033) sub     zero, a6, a4
core   0: 3 0x80000580 (0x40e80033)
core   0: 0x80000584 (0x2ac81717) auipc   a4, 0x2ac81
core   0: 3 0x80000584 (0x2ac81717) x14 0xaac81584
core   0: 0x80000588 (0x00500b13) li      s6, 5
core   0: 3 0x80000588 (0x00500b13) x22 0x00000005
core   0: 0x8000058c (0xffc00f13) li      t5, -4
core   0: 3 0x8000058c (0xffc00f13) x30 0xfffffffc
core   0: 0x80000590 (0x0000481d) c.li    a6, 7
core   0: 3 0x80000590 (0x481d) x16 0x00000007
core   0: 0x80000592 (0x70d5aa93) slti    s5, a1, 1805
core   0: 3 0x80000592 (0x70d5aa93) x21 0x00000000
core   0: 0x80000596 (0x000099fd) c.andi  a1, -1
core   0: 3 0x80000596 (0x99fd) x11 0x613e0030
core   0: 0x80000598 (0x0000180c) c.addi4spn a1, sp, 48
core   0: 3 0x80000598 (0x180c) x11 0x613e0020
core   0: 0x8000059a (0x00001b59) c.addi  s6, -10
core   0: 3 0x8000059a (0x1b59) x22 0xfffffffb
core   0: 0x8000059c (0xffeb5be3) bge     s6, t5, pc - 10
core   0: 3 0x8000059c (0xffeb5be3)
core   0: 0x800005a0 (0x0260a6b3) mulhsu  a3, ra, t1
core   0: 3 0x800005a0 (0x0260a6b3) x13 0x00000000
core   0: 0x800005a4 (0x00f2efb3) or      t6, t0, a5
core   0: 3 0x800005a4 (0x00f2efb3) x31 0x80000000
core   0: 0x800005a8 (0x02b20933) mul     s2, tp, a1
core   0: 3 0x800005a8 (0x02b20933) x18 0xd65c0240
core   0: 0x800005ac (0x00ed2333) slt     t1, s10, a4
core   0: 3 0x800005ac (0x00ed2333) x 6 0x00000000
core   0: 0x800005b0 (0x0000717d) c.addi16sp sp, -16
core   0: 3 0x800005b0 (0x717d) x 2 0x613dffe0
core   0: 0x800005b2 (0x03edef93) ori     t6, s11, 62
core   0: 3 0x800005b2 (0x03edef93) x31 0xf648dcfe
core   0: 0x800005b6 (0x04d02c93) slti    s9, zero, 77
core   0: 3 0x800005b6 (0x04d02c93) x25 0x00000001
core   0: 0x800005ba (0xfac20fe3) beq     tp, a2, pc - 66
core   0: 3 0x800005ba (0xfac20fe3)
core   0: 0x800005be (0x23790993) addi    s3, s2, 567
core   0: 3 0x800005be (0x23790993) x19 0xd65c0477
core   0: 0x800005c2 (0xffd00713) li      a4, -3
core   0: 3 0x800005c2 (0xffd00713) x14 0xfffffffd
core   0: 0x800005c6 (0xff800993) li      s3, -8
core   0: 3 0x800005c6 (0xff800993) x19 0xfffffff8
core   0: 0x800005ca (0x03967333) remu    t1, a2, s9
core   0: 3 0x800005ca (0x03967333) x 6 0x00000000
core   0: 0x800005ce (0xedcd3b13) sltiu   s6, s10, -292
core   0: 3 0x800005ce (0xedcd3b13) x22 0x00000001
core   0: 0x800005d2 (0x0000177d) c.addi  a4, -1
core   0: 3 0x800005d2 (0x177d) x14 0xfffffffc
core   0: 0x800005d4 (0xff370de3) beq     a4, s3, pc - 6
core   0: 3 0x800005d4 (0xff370de3)
core   0: 0x800005d8 (0x00006165) c.addi16sp sp, 112
core   0: 3 0x800005d8 (0x6165) x 2 0x613e0050
core   0: 0x800005da (0x00600613) li      a2, 6
core   0: 3 0x800005da (0x00600613) x12 0x00000006
core   0: 0x800005de (0x01f5ff33) and     t5, a1, t6
core   0: 3 0x800005de (0x01f5ff33) x30 0x60080020
core   0: 0x800005e2 (0x0211e3b3) rem     t2, gp, ra
core   0: 3 0x800005e2 (0x0211e3b3) x 7 0x00000000
core   0: 0x800005e6 (0x00008cb6) c.mv    s9, a3
core   0: 3 0x800005e6 (0x8cb6) x25 0x00000000
core   0: 0x800005e8 (0x00008425) c.srai  s0, 9
core   0: 3 0x800005e8 (0x8425) x 8 0x00000000
core   0: 0x800005ea (0x41a35db3) sra     s11, t1, s10
core   0: 3 0x800005ea (0x41a35db3) x27 0x00000000
core   0: 0x800005ee (0xb64cc393) xori    t2, s9, -1180
core   0: 3 0x800005ee (0xb64cc393) x 7 0xfffffb64
core   0: 0x800005f2 (0x41235233) sra     tp, t1, s2
core   0: 3 0x800005f2 (0x41235233) x 4 0x00000000
core   0: 0x800005f6 (0x00008efd) c.and   a3, a5
core   0: 3 0x800005f6 (0x8efd) x13 0x00000000
core   0: 0x800005f8 (0xf9dd2517) auipc   a0, 0xf9dd2
core   0: 3 0x800005f8 (0xf9dd2517) x10 0x79dd25f8
core   0: 0x800005fc (0xfec00113) li      sp, -20
core   0: 3 0x800005fc (0xfec00113) x 2 0xffffffec
core   0: 0x80000600 (0x00005cfd) c.li    s9, -1
core   0: 3 0x80000600 (0x5cfd) x25 0xffffffff
core   0: 0x80000602 (0x00006445) c.lui   s0, 0x11
core   0: 3 0x80000602 (0x6445) x 8 0x00011000
core   0: 0x80000604 (0xb7bec417) auipc   s0, 0xb7bec
core   0: 3 0x80000604 (0xb7bec417) x 8 0x37bec604
core   0: 0x80000608 (0x00008f39) c.xor   a4, a4
core   0: 3 0x80000608 (0x8f39) x14 0x00000000
core   0: 0x8000060a (0x00001679) c.addi  a2, -2
core   0: 3 0x8000060a (0x1679) x12 0x00000004
core   0: 0x8000060c (0x61c50717) auipc   a4, 0x61c50
core   0: 3 0x8000060c (0x61c50717) x14 0xe1c5060c
core   0: 0x80000610 (0x01cf1e13) slli    t3, t5, 28
core   0: 3 0x80000610 (0x01cf1e13) x28 0x00000000
core   0: 0x80000614 (0x028ca3b3) mulhsu  t2, s9, s0
core   0: 3 0x80000614 (0x028ca3b3) x 7 0xffffffff
core   0: 0x80000618 (0x014f70b3) and     ra, t5, s4
core   0: 3 0x80000618 (0x014f70b3) x 1 0x60080020
core   0: 0x8000061c (0xe7ca7a17) auipc   s4, 0xe7ca7
core   0: 3 0x8000061c (0xe7ca7a17) x20 0x67ca761c
core   0: 0x80000620 (0x3dca8c37) lui     s8, 0x3dca8
core   0: 3 0x80000620 (0x3dca8c37) x24 0x3dca8000
core   0: 0x80000624 (0x000098be) c.add   a7, a5
core   0: 3 0x80000624 (0x98be) x17 0x80000001
core   0: 0x80000626 (0xfc265ee3) bge     a2, sp, pc - 36
core   0: 3 0x80000626 (0xfc265ee3)
core   0: 0x80000602 (0x00006445) c.lui   s0, 0x11
core   0: 3 0x80000602 (0x6445) x 8 0x00011000
core   0: 0x80000604 (0xb7bec417) auipc   s0, 0xb7bec
core   0: 3 0x80000604 (0xb7bec417) x 8 0x37bec604
core   0: 0x80000608 (0x00008f39) c.xor   a4, a4
core   0: 3 0x80000608 (0x8f39) x14 0x00000000
core   0: 0x8000060a (0x00001679) c.addi  a2, -2
core   0: 3 0x8000060a (0x1679) x12 0x00000002
core   0: 0x8000060c (0x61c50717) auipc   a4, 0x61c50
core   0: 3 0x8000060c (0x61c50717) x14 0xe1c5060c
core   0: 0x80000610 (0x01cf1e13) slli    t3, t5, 28
core   0: 3 0x80000610 (0x01cf1e13) x28 0x00000000
core   0: 0x80000614 (0x028ca3b3) mulhsu  t2, s9, s0
core   0: 3 0x80000614 (0x028ca3b3) x 7 0xffffffff
core   0: 0x80000618 (0x014f70b3) and     ra, t5, s4
core   0: 3 0x80000618 (0x014f70b3) x 1 0x60080000
core   0: 0x8000061c (0xe7ca7a17) auipc   s4, 0xe7ca7
core   0: 3 0x8000061c (0xe7ca7a17) x20 0x67ca761c
core   0: 0x80000620 (0x3dca8c37) lui     s8, 0x3dca8
core   0: 3 0x80000620 (0x3dca8c37) x24 0x3dca8000
core   0: 0x80000624 (0x000098be) c.add   a7, a5
core   0: 3 0x80000624 (0x98be) x17 0x00000001
core   0: 0x80000626 (0xfc265ee3) bge     a2, sp, pc - 36
core   0: 3 0x80000626 (0xfc265ee3)
core   0: 0x80000602 (0x00006445) c.lui   s0, 0x11
core   0: 3 0x80000602 (0x6445) x 8 0x00011000
core   0: 0x80000604 (0xb7bec417) auipc   s0, 0xb7bec
core   0: 3 0x80000604 (0xb7bec417) x 8 0x37bec604
core   0: 0x80000608 (0x00008f39) c.xor   a4, a4
core   0: 3 0x80000608 (0x8f39) x14 0x00000000
core   0: 0x8000060a (0x00001679) c.addi  a2, -2
core   0: 3 0x8000060a (0x1679) x12 0x00000000
core   0: 0x8000060c (0x61c50717) auipc   a4, 0x61c50
core   0: 3 0x8000060c (0x61c50717) x14 0xe1c5060c
core   0: 0x80000610 (0x01cf1e13) slli    t3, t5, 28
core   0: 3 0x80000610 (0x01cf1e13) x28 0x00000000
core   0: 0x80000614 (0x028ca3b3) mulhsu  t2, s9, s0
core   0: 3 0x80000614 (0x028ca3b3) x 7 0xffffffff
core   0: 0x80000618 (0x014f70b3) and     ra, t5, s4
core   0: 3 0x80000618 (0x014f70b3) x 1 0x60080000
core   0: 0x8000061c (0xe7ca7a17) auipc   s4, 0xe7ca7
core   0: 3 0x8000061c (0xe7ca7a17) x20 0x67ca761c
core   0: 0x80000620 (0x3dca8c37) lui     s8, 0x3dca8
core   0: 3 0x80000620 (0x3dca8c37) x24 0x3dca8000
core   0: 0x80000624 (0x000098be) c.add   a7, a5
core   0: 3 0x80000624 (0x98be) x17 0x80000001
core   0: 0x80000626 (0xfc265ee3) bge     a2, sp, pc - 36
core   0: 3 0x80000626 (0xfc265ee3)
core   0: 0x80000602 (0x00006445) c.lui   s0, 0x11
core   0: 3 0x80000602 (0x6445) x 8 0x00011000
core   0: 0x80000604 (0xb7bec417) auipc   s0, 0xb7bec
core   0: 3 0x80000604 (0xb7bec417) x 8 0x37bec604
core   0: 0x80000608 (0x00008f39) c.xor   a4, a4
core   0: 3 0x80000608 (0x8f39) x14 0x00000000
core   0: 0x8000060a (0x00001679) c.addi  a2, -2
core   0: 3 0x8000060a (0x1679) x12 0xfffffffe
core   0: 0x8000060c (0x61c50717) auipc   a4, 0x61c50
core   0: 3 0x8000060c (0x61c50717) x14 0xe1c5060c
core   0: 0x80000610 (0x01cf1e13) slli    t3, t5, 28
core   0: 3 0x80000610 (0x01cf1e13) x28 0x00000000
core   0: 0x80000614 (0x028ca3b3) mulhsu  t2, s9, s0
core   0: 3 0x80000614 (0x028ca3b3) x 7 0xffffffff
core   0: 0x80000618 (0x014f70b3) and     ra, t5, s4
core   0: 3 0x80000618 (0x014f70b3) x 1 0x60080000
core   0: 0x8000061c (0xe7ca7a17) auipc   s4, 0xe7ca7
core   0: 3 0x8000061c (0xe7ca7a17) x20 0x67ca761c
core   0: 0x80000620 (0x3dca8c37) lui     s8, 0x3dca8
core   0: 3 0x80000620 (0x3dca8c37) x24 0x3dca8000
core   0: 0x80000624 (0x000098be) c.add   a7, a5
core   0: 3 0x80000624 (0x98be) x17 0x00000001
core   0: 0x80000626 (0xfc265ee3) bge     a2, sp, pc - 36
core   0: 3 0x80000626 (0xfc265ee3)
core   0: 0x80000602 (0x00006445) c.lui   s0, 0x11
core   0: 3 0x80000602 (0x6445) x 8 0x00011000
core   0: 0x80000604 (0xb7bec417) auipc   s0, 0xb7bec
core   0: 3 0x80000604 (0xb7bec417) x 8 0x37bec604
core   0: 0x80000608 (0x00008f39) c.xor   a4, a4
core   0: 3 0x80000608 (0x8f39) x14 0x00000000
core   0: 0x8000060a (0x00001679) c.addi  a2, -2
core   0: 3 0x8000060a (0x1679) x12 0xfffffffc
core   0: 0x8000060c (0x61c50717) auipc   a4, 0x61c50
core   0: 3 0x8000060c (0x61c50717) x14 0xe1c5060c
core   0: 0x80000610 (0x01cf1e13) slli    t3, t5, 28
core   0: 3 0x80000610 (0x01cf1e13) x28 0x00000000
core   0: 0x80000614 (0x028ca3b3) mulhsu  t2, s9, s0
core   0: 3 0x80000614 (0x028ca3b3) x 7 0xffffffff
core   0: 0x80000618 (0x014f70b3) and     ra, t5, s4
core   0: 3 0x80000618 (0x014f70b3) x 1 0x60080000
core   0: 0x8000061c (0xe7ca7a17) auipc   s4, 0xe7ca7
core   0: 3 0x8000061c (0xe7ca7a17) x20 0x67ca761c
core   0: 0x80000620 (0x3dca8c37) lui     s8, 0x3dca8
core   0: 3 0x80000620 (0x3dca8c37) x24 0x3dca8000
core   0: 0x80000624 (0x000098be) c.add   a7, a5
core   0: 3 0x80000624 (0x98be) x17 0x80000001
core   0: 0x80000626 (0xfc265ee3) bge     a2, sp, pc - 36
core   0: 3 0x80000626 (0xfc265ee3)
core   0: 0x80000602 (0x00006445) c.lui   s0, 0x11
core   0: 3 0x80000602 (0x6445) x 8 0x00011000
core   0: 0x80000604 (0xb7bec417) auipc   s0, 0xb7bec
core   0: 3 0x80000604 (0xb7bec417) x 8 0x37bec604
core   0: 0x80000608 (0x00008f39) c.xor   a4, a4
core   0: 3 0x80000608 (0x8f39) x14 0x00000000
core   0: 0x8000060a (0x00001679) c.addi  a2, -2
core   0: 3 0x8000060a (0x1679) x12 0xfffffffa
core   0: 0x8000060c (0x61c50717) auipc   a4, 0x61c50
core   0: 3 0x8000060c (0x61c50717) x14 0xe1c5060c
core   0: 0x80000610 (0x01cf1e13) slli    t3, t5, 28
core   0: 3 0x80000610 (0x01cf1e13) x28 0x00000000
core   0: 0x80000614 (0x028ca3b3) mulhsu  t2, s9, s0
core   0: 3 0x80000614 (0x028ca3b3) x 7 0xffffffff
core   0: 0x80000618 (0x014f70b3) and     ra, t5, s4
core   0: 3 0x80000618 (0x014f70b3) x 1 0x60080000
core   0: 0x8000061c (0xe7ca7a17) auipc   s4, 0xe7ca7
core   0: 3 0x8000061c (0xe7ca7a17) x20 0x67ca761c
core   0: 0x80000620 (0x3dca8c37) lui     s8, 0x3dca8
core   0: 3 0x80000620 (0x3dca8c37) x24 0x3dca8000
core   0: 0x80000624 (0x000098be) c.add   a7, a5
core   0: 3 0x80000624 (0x98be) x17 0x00000001
core   0: 0x80000626 (0xfc265ee3) bge     a2, sp, pc - 36
core   0: 3 0x80000626 (0xfc265ee3)
core   0: 0x80000602 (0x00006445) c.lui   s0, 0x11
core   0: 3 0x80000602 (0x6445) x 8 0x00011000
core   0: 0x80000604 (0xb7bec417) auipc   s0, 0xb7bec
core   0: 3 0x80000604 (0xb7bec417) x 8 0x37bec604
core   0: 0x80000608 (0x00008f39) c.xor   a4, a4
core   0: 3 0x80000608 (0x8f39) x14 0x00000000
core   0: 0x8000060a (0x00001679) c.addi  a2, -2
core   0: 3 0x8000060a (0x1679) x12 0xfffffff8
core   0: 0x8000060c (0x61c50717) auipc   a4, 0x61c50
core   0: 3 0x8000060c (0x61c50717) x14 0xe1c5060c
core   0: 0x80000610 (0x01cf1e13) slli    t3, t5, 28
core   0: 3 0x80000610 (0x01cf1e13) x28 0x00000000
core   0: 0x80000614 (0x028ca3b3) mulhsu  t2, s9, s0
core   0: 3 0x80000614 (0x028ca3b3) x 7 0xffffffff
core   0: 0x80000618 (0x014f70b3) and     ra, t5, s4
core   0: 3 0x80000618 (0x014f70b3) x 1 0x60080000
core   0: 0x8000061c (0xe7ca7a17) auipc   s4, 0xe7ca7
core   0: 3 0x8000061c (0xe7ca7a17) x20 0x67ca761c
core   0: 0x80000620 (0x3dca8c37) lui     s8, 0x3dca8
core   0: 3 0x80000620 (0x3dca8c37) x24 0x3dca8000
core   0: 0x80000624 (0x000098be) c.add   a7, a5
core   0: 3 0x80000624 (0x98be) x17 0x80000001
core   0: 0x80000626 (0xfc265ee3) bge     a2, sp, pc - 36
core   0: 3 0x80000626 (0xfc265ee3)
core   0: 0x80000602 (0x00006445) c.lui   s0, 0x11
core   0: 3 0x80000602 (0x6445) x 8 0x00011000
core   0: 0x80000604 (0xb7bec417) auipc   s0, 0xb7bec
core   0: 3 0x80000604 (0xb7bec417) x 8 0x37bec604
core   0: 0x80000608 (0x00008f39) c.xor   a4, a4
core   0: 3 0x80000608 (0x8f39) x14 0x00000000
core   0: 0x8000060a (0x00001679) c.addi  a2, -2
core   0: 3 0x8000060a (0x1679) x12 0xfffffff6
core   0: 0x8000060c (0x61c50717) auipc   a4, 0x61c50
core   0: 3 0x8000060c (0x61c50717) x14 0xe1c5060c
core   0: 0x80000610 (0x01cf1e13) slli    t3, t5, 28
core   0: 3 0x80000610 (0x01cf1e13) x28 0x00000000
core   0: 0x80000614 (0x028ca3b3) mulhsu  t2, s9, s0
core   0: 3 0x80000614 (0x028ca3b3) x 7 0xffffffff
core   0: 0x80000618 (0x014f70b3) and     ra, t5, s4
core   0: 3 0x80000618 (0x014f70b3) x 1 0x60080000
core   0: 0x8000061c (0xe7ca7a17) auipc   s4, 0xe7ca7
core   0: 3 0x8000061c (0xe7ca7a17) x20 0x67ca761c
core   0: 0x80000620 (0x3dca8c37) lui     s8, 0x3dca8
core   0: 3 0x80000620 (0x3dca8c37) x24 0x3dca8000
core   0: 0x80000624 (0x000098be) c.add   a7, a5
core   0: 3 0x80000624 (0x98be) x17 0x00000001
core   0: 0x80000626 (0xfc265ee3) bge     a2, sp, pc - 36
core   0: 3 0x80000626 (0xfc265ee3)
core   0: 0x80000602 (0x00006445) c.lui   s0, 0x11
core   0: 3 0x80000602 (0x6445) x 8 0x00011000
core   0: 0x80000604 (0xb7bec417) auipc   s0, 0xb7bec
core   0: 3 0x80000604 (0xb7bec417) x 8 0x37bec604
core   0: 0x80000608 (0x00008f39) c.xor   a4, a4
core   0: 3 0x80000608 (0x8f39) x14 0x00000000
core   0: 0x8000060a (0x00001679) c.addi  a2, -2
core   0: 3 0x8000060a (0x1679) x12 0xfffffff4
core   0: 0x8000060c (0x61c50717) auipc   a4, 0x61c50
core   0: 3 0x8000060c (0x61c50717) x14 0xe1c5060c
core   0: 0x80000610 (0x01cf1e13) slli    t3, t5, 28
core   0: 3 0x80000610 (0x01cf1e13) x28 0x00000000
core   0: 0x80000614 (0x028ca3b3) mulhsu  t2, s9, s0
core   0: 3 0x80000614 (0x028ca3b3) x 7 0xffffffff
core   0: 0x80000618 (0x014f70b3) and     ra, t5, s4
core   0: 3 0x80000618 (0x014f70b3) x 1 0x60080000
core   0: 0x8000061c (0xe7ca7a17) auipc   s4, 0xe7ca7
core   0: 3 0x8000061c (0xe7ca7a17) x20 0x67ca761c
core   0: 0x80000620 (0x3dca8c37) lui     s8, 0x3dca8
core   0: 3 0x80000620 (0x3dca8c37) x24 0x3dca8000
core   0: 0x80000624 (0x000098be) c.add   a7, a5
core   0: 3 0x80000624 (0x98be) x17 0x80000001
core   0: 0x80000626 (0xfc265ee3) bge     a2, sp, pc - 36
core   0: 3 0x80000626 (0xfc265ee3)
core   0: 0x80000602 (0x00006445) c.lui   s0, 0x11
core   0: 3 0x80000602 (0x6445) x 8 0x00011000
core   0: 0x80000604 (0xb7bec417) auipc   s0, 0xb7bec
core   0: 3 0x80000604 (0xb7bec417) x 8 0x37bec604
core   0: 0x80000608 (0x00008f39) c.xor   a4, a4
core   0: 3 0x80000608 (0x8f39) x14 0x00000000
core   0: 0x8000060a (0x00001679) c.addi  a2, -2
core   0: 3 0x8000060a (0x1679) x12 0xfffffff2
core   0: 0x8000060c (0x61c50717) auipc   a4, 0x61c50
core   0: 3 0x8000060c (0x61c50717) x14 0xe1c5060c
core   0: 0x80000610 (0x01cf1e13) slli    t3, t5, 28
core   0: 3 0x80000610 (0x01cf1e13) x28 0x00000000
core   0: 0x80000614 (0x028ca3b3) mulhsu  t2, s9, s0
core   0: 3 0x80000614 (0x028ca3b3) x 7 0xffffffff
core   0: 0x80000618 (0x014f70b3) and     ra, t5, s4
core   0: 3 0x80000618 (0x014f70b3) x 1 0x60080000
core   0: 0x8000061c (0xe7ca7a17) auipc   s4, 0xe7ca7
core   0: 3 0x8000061c (0xe7ca7a17) x20 0x67ca761c
core   0: 0x80000620 (0x3dca8c37) lui     s8, 0x3dca8
core   0: 3 0x80000620 (0x3dca8c37) x24 0x3dca8000
core   0: 0x80000624 (0x000098be) c.add   a7, a5
core   0: 3 0x80000624 (0x98be) x17 0x00000001
core   0: 0x80000626 (0xfc265ee3) bge     a2, sp, pc - 36
core   0: 3 0x80000626 (0xfc265ee3)
core   0: 0x80000602 (0x00006445) c.lui   s0, 0x11
core   0: 3 0x80000602 (0x6445) x 8 0x00011000
core   0: 0x80000604 (0xb7bec417) auipc   s0, 0xb7bec
core   0: 3 0x80000604 (0xb7bec417) x 8 0x37bec604
core   0: 0x80000608 (0x00008f39) c.xor   a4, a4
core   0: 3 0x80000608 (0x8f39) x14 0x00000000
core   0: 0x8000060a (0x00001679) c.addi  a2, -2
core   0: 3 0x8000060a (0x1679) x12 0xfffffff0
core   0: 0x8000060c (0x61c50717) auipc   a4, 0x61c50
core   0: 3 0x8000060c (0x61c50717) x14 0xe1c5060c
core   0: 0x80000610 (0x01cf1e13) slli    t3, t5, 28
core   0: 3 0x80000610 (0x01cf1e13) x28 0x00000000
core   0: 0x80000614 (0x028ca3b3) mulhsu  t2, s9, s0
core   0: 3 0x80000614 (0x028ca3b3) x 7 0xffffffff
core   0: 0x80000618 (0x014f70b3) and     ra, t5, s4
core   0: 3 0x80000618 (0x014f70b3) x 1 0x60080000
core   0: 0x8000061c (0xe7ca7a17) auipc   s4, 0xe7ca7
core   0: 3 0x8000061c (0xe7ca7a17) x20 0x67ca761c
core   0: 0x80000620 (0x3dca8c37) lui     s8, 0x3dca8
core   0: 3 0x80000620 (0x3dca8c37) x24 0x3dca8000
core   0: 0x80000624 (0x000098be) c.add   a7, a5
core   0: 3 0x80000624 (0x98be) x17 0x80000001
core   0: 0x80000626 (0xfc265ee3) bge     a2, sp, pc - 36
core   0: 3 0x80000626 (0xfc265ee3)
core   0: 0x80000602 (0x00006445) c.lui   s0, 0x11
core   0: 3 0x80000602 (0x6445) x 8 0x00011000
core   0: 0x80000604 (0xb7bec417) auipc   s0, 0xb7bec
core   0: 3 0x80000604 (0xb7bec417) x 8 0x37bec604
core   0: 0x80000608 (0x00008f39) c.xor   a4, a4
core   0: 3 0x80000608 (0x8f39) x14 0x00000000
core   0: 0x8000060a (0x00001679) c.addi  a2, -2
core   0: 3 0x8000060a (0x1679) x12 0xffffffee
core   0: 0x8000060c (0x61c50717) auipc   a4, 0x61c50
core   0: 3 0x8000060c (0x61c50717) x14 0xe1c5060c
core   0: 0x80000610 (0x01cf1e13) slli    t3, t5, 28
core   0: 3 0x80000610 (0x01cf1e13) x28 0x00000000
core   0: 0x80000614 (0x028ca3b3) mulhsu  t2, s9, s0
core   0: 3 0x80000614 (0x028ca3b3) x 7 0xffffffff
core   0: 0x80000618 (0x014f70b3) and     ra, t5, s4
core   0: 3 0x80000618 (0x014f70b3) x 1 0x60080000
core   0: 0x8000061c (0xe7ca7a17) auipc   s4, 0xe7ca7
core   0: 3 0x8000061c (0xe7ca7a17) x20 0x67ca761c
core   0: 0x80000620 (0x3dca8c37) lui     s8, 0x3dca8
core   0: 3 0x80000620 (0x3dca8c37) x24 0x3dca8000
core   0: 0x80000624 (0x000098be) c.add   a7, a5
core   0: 3 0x80000624 (0x98be) x17 0x00000001
core   0: 0x80000626 (0xfc265ee3) bge     a2, sp, pc - 36
core   0: 3 0x80000626 (0xfc265ee3)
core   0: 0x80000602 (0x00006445) c.lui   s0, 0x11
core   0: 3 0x80000602 (0x6445) x 8 0x00011000
core   0: 0x80000604 (0xb7bec417) auipc   s0, 0xb7bec
core   0: 3 0x80000604 (0xb7bec417) x 8 0x37bec604
core   0: 0x80000608 (0x00008f39) c.xor   a4, a4
core   0: 3 0x80000608 (0x8f39) x14 0x00000000
core   0: 0x8000060a (0x00001679) c.addi  a2, -2
core   0: 3 0x8000060a (0x1679) x12 0xffffffec
core   0: 0x8000060c (0x61c50717) auipc   a4, 0x61c50
core   0: 3 0x8000060c (0x61c50717) x14 0xe1c5060c
core   0: 0x80000610 (0x01cf1e13) slli    t3, t5, 28
core   0: 3 0x80000610 (0x01cf1e13) x28 0x00000000
core   0: 0x80000614 (0x028ca3b3) mulhsu  t2, s9, s0
core   0: 3 0x80000614 (0x028ca3b3) x 7 0xffffffff
core   0: 0x80000618 (0x014f70b3) and     ra, t5, s4
core   0: 3 0x80000618 (0x014f70b3) x 1 0x60080000
core   0: 0x8000061c (0xe7ca7a17) auipc   s4, 0xe7ca7
core   0: 3 0x8000061c (0xe7ca7a17) x20 0x67ca761c
core   0: 0x80000620 (0x3dca8c37) lui     s8, 0x3dca8
core   0: 3 0x80000620 (0x3dca8c37) x24 0x3dca8000
core   0: 0x80000624 (0x000098be) c.add   a7, a5
core   0: 3 0x80000624 (0x98be) x17 0x80000001
core   0: 0x80000626 (0xfc265ee3) bge     a2, sp, pc - 36
core   0: 3 0x80000626 (0xfc265ee3)
core   0: 0x80000602 (0x00006445) c.lui   s0, 0x11
core   0: 3 0x80000602 (0x6445) x 8 0x00011000
core   0: 0x80000604 (0xb7bec417) auipc   s0, 0xb7bec
core   0: 3 0x80000604 (0xb7bec417) x 8 0x37bec604
core   0: 0x80000608 (0x00008f39) c.xor   a4, a4
core   0: 3 0x80000608 (0x8f39) x14 0x00000000
core   0: 0x8000060a (0x00001679) c.addi  a2, -2
core   0: 3 0x8000060a (0x1679) x12 0xffffffea
core   0: 0x8000060c (0x61c50717) auipc   a4, 0x61c50
core   0: 3 0x8000060c (0x61c50717) x14 0xe1c5060c
core   0: 0x80000610 (0x01cf1e13) slli    t3, t5, 28
core   0: 3 0x80000610 (0x01cf1e13) x28 0x00000000
core   0: 0x80000614 (0x028ca3b3) mulhsu  t2, s9, s0
core   0: 3 0x80000614 (0x028ca3b3) x 7 0xffffffff
core   0: 0x80000618 (0x014f70b3) and     ra, t5, s4
core   0: 3 0x80000618 (0x014f70b3) x 1 0x60080000
core   0: 0x8000061c (0xe7ca7a17) auipc   s4, 0xe7ca7
core   0: 3 0x8000061c (0xe7ca7a17) x20 0x67ca761c
core   0: 0x80000620 (0x3dca8c37) lui     s8, 0x3dca8
core   0: 3 0x80000620 (0x3dca8c37) x24 0x3dca8000
core   0: 0x80000624 (0x000098be) c.add   a7, a5
core   0: 3 0x80000624 (0x98be) x17 0x00000001
core   0: 0x80000626 (0xfc265ee3) bge     a2, sp, pc - 36
core   0: 3 0x80000626 (0xfc265ee3)
core   0: 0x8000062a (0x0000871d) c.srai  a4, 7
core   0: 3 0x8000062a (0x871d) x14 0xffc38a0c
core   0: 0x8000062c (0xff800613) li      a2, -8
core   0: 3 0x8000062c (0xff800613) x12 0xfffffff8
core   0: 0x80000630 (0x00006189) c.lui   gp, 0x2
core   0: 3 0x80000630 (0x6189) x 3 0x00002000
core   0: 0x80000632 (0x01fdf3b3) and     t2, s11, t6
core   0: 3 0x80000632 (0x01fdf3b3) x 7 0x00000000
core   0: 0x80000636 (0x00000f80) c.addi4spn s0, sp, 976
core   0: 3 0x80000636 (0x0f80) x 8 0x000003bc
core   0: 0x80000638 (0x509b0113) addi    sp, s6, 1289
core   0: 3 0x80000638 (0x509b0113) x 2 0x0000050a
core   0: 0x8000063c (0x01b8acb3) slt     s9, a7, s11
core   0: 3 0x8000063c (0x01b8acb3) x25 0x00000000
core   0: 0x80000640 (0x02988033) mul     zero, a7, s1
core   0: 3 0x80000640 (0x02988033)
core   0: 0x80000644 (0x02f71333) mulh    t1, a4, a5
core   0: 3 0x80000644 (0x02f71333) x 6 0x001e3afa
core   0: 0x80000648 (0xfef00a13) li      s4, -17
core   0: 3 0x80000648 (0xfef00a13) x20 0xffffffef
core   0: 0x8000064c (0x00009cb6) c.add   s9, a3
core   0: 3 0x8000064c (0x9cb6) x25 0x00000000
core   0: 0x8000064e (0x000c1093) slli    ra, s8, 0
core   0: 3 0x8000064e (0x000c1093) x 1 0x3dca8000
core   0: 0x80000652 (0x00001098) c.addi4spn a4, sp, 96
core   0: 3 0x80000652 (0x1098) x14 0x0000056a
core   0: 0x80000654 (0x000010fd) c.addi  ra, -1
core   0: 3 0x80000654 (0x10fd) x 1 0x3dca7fff
core   0: 0x80000656 (0x02795db3) divu    s11, s2, t2
core   0: 3 0x80000656 (0x02795db3) x27 0xffffffff
core   0: 0x8000065a (0x0000165d) c.addi  a2, -9
core   0: 3 0x8000065a (0x165d) x12 0xffffffef
core   0: 0x8000065c (0x4f7e2c17) auipc   s8, 0x4f7e2
core   0: 3 0x8000065c (0x4f7e2c17) x24 0xcf7e265c
core   0: 0x80000660 (0x00c6d313) srli    t1, a3, 12
core   0: 3 0x80000660 (0x00c6d313) x 6 0x00000000
core   0: 0x80000664 (0x7d09a213) slti    tp, s3, 2000
core   0: 3 0x80000664 (0x7d09a213) x 4 0x00000001
core   0: 0x80000668 (0x000082f5) c.srli  a3, 29
core   0: 3 0x80000668 (0x82f5) x13 0x00000000
core   0: 0x8000066a (0x543c9997) auipc   s3, 0x543c9
core   0: 3 0x8000066a (0x543c9997) x19 0xd43c966a
core   0: 0x8000066e (0x41475433) sra     s0, a4, s4
core   0: 3 0x8000066e (0x41475433) x 8 0x00000000
core   0: 0x80000672 (0x02ddaeb3) mulhsu  t4, s11, a3
core   0: 3 0x80000672 (0x02ddaeb3) x29 0x00000000
core   0: 0x80000676 (0x02584e33) div     t3, a6, t0
core   0: 3 0x80000676 (0x02584e33) x28 0xffffffff
core   0: 0x8000067a (0x40500733) sub     a4, zero, t0
core   0: 3 0x8000067a (0x40500733) x14 0x00000000
core   0: 0x8000067e (0x40b85413) srai    s0, a6, 11
core   0: 3 0x8000067e (0x40b85413) x 8 0x00000000
core   0: 0x80000682 (0xfd4618e3) bne     a2, s4, pc - 48
core   0: 3 0x80000682 (0xfd4618e3)
core   0: 0x80000686 (0x01295733) srl     a4, s2, s2
core   0: 3 0x80000686 (0x01295733) x14 0xd65c0240
core   0: 0x8000068a (0xff800d13) li      s10, -8
core   0: 3 0x8000068a (0xff800d13) x26 0xfffffff8
core   0: 0x8000068e (0x01300a93) li      s5, 19
core   0: 3 0x8000068e (0x01300a93) x21 0x00000013
core   0: 0x80000692 (0x5546b013) sltiu   zero, a3, 1364
core   0: 3 0x80000692 (0x5546b013)
core   0: 0x80000696 (0x00008f79) c.and   a4, a4
core   0: 3 0x80000696 (0x8f79) x14 0xd65c0240
core   0: 0x80000698 (0x00009f3e) c.add   t5, a5
core   0: 3 0x80000698 (0x9f3e) x30 0xe0080020
core   0: 0x8000069a (0x00000d29) c.addi  s10, 10
core   0: 3 0x8000069a (0x0d29) x26 0x00000002
core   0: 0x8000069c (0x000000ba) c.slli  ra, 14
core   0: 3 0x8000069c (0x00ba) x 1 0x9fffc000
core   0: 0x8000069e (0xff5d6de3) bltu    s10, s5, pc - 6
core   0: 3 0x8000069e (0xff5d6de3)
core   0: 0x80000698 (0x00009f3e) c.add   t5, a5
core   0: 3 0x80000698 (0x9f3e) x30 0x60080020
core   0: 0x8000069a (0x00000d29) c.addi  s10, 10
core   0: 3 0x8000069a (0x0d29) x26 0x0000000c
core   0: 0x8000069c (0x000000ba) c.slli  ra, 14
core   0: 3 0x8000069c (0x00ba) x 1 0xf0000000
core   0: 0x8000069e (0xff5d6de3) bltu    s10, s5, pc - 6
core   0: 3 0x8000069e (0xff5d6de3)
core   0: 0x80000698 (0x00009f3e) c.add   t5, a5
core   0: 3 0x80000698 (0x9f3e) x30 0xe0080020
core   0: 0x8000069a (0x00000d29) c.addi  s10, 10
core   0: 3 0x8000069a (0x0d29) x26 0x00000016
core   0: 0x8000069c (0x000000ba) c.slli  ra, 14
core   0: 3 0x8000069c (0x00ba) x 1 0x00000000
core   0: 0x8000069e (0xff5d6de3) bltu    s10, s5, pc - 6
core   0: 3 0x8000069e (0xff5d6de3)
core   0: 0x800006a2 (0x024e3533) mulhu   a0, t3, tp
core   0: 3 0x800006a2 (0x024e3533) x10 0x00000000
core   0: 0x800006a6 (0x00100413) li      s0, 1
core   0: 3 0x800006a6 (0x00100413) x 8 0x00000001
core   0: 0x800006aa (0x02690cb3) mul     s9, s2, t1
core   0: 3 0x800006aa (0x02690cb3) x25 0x00000000
core   0: 0x800006ae (0xbba80a97) auipc   s5, 0xbba80
core   0: 3 0x800006ae (0xbba80a97) x21 0x3ba806ae
core   0: 0x800006b2 (0x01f1f6b3) and     a3, gp, t6
core   0: 3 0x800006b2 (0x01f1f6b3) x13 0x00000000
core   0: 0x800006b6 (0x00008955) c.andi  a0, 21
core   0: 3 0x800006b6 (0x8955) x10 0x00000000
core   0: 0x800006b8 (0x00c00e93) li      t4, 12
core   0: 3 0x800006b8 (0x00c00e93) x29 0x0000000c
core   0: 0x800006bc (0x00008265) c.srli  a2, 25
core   0: 3 0x800006bc (0x8265) x12 0x0000007f
core   0: 0x800006be (0xf8f23b13) sltiu   s6, tp, -113
core   0: 3 0x800006be (0xf8f23b13) x22 0x00000001
core   0: 0x800006c2 (0x0117c733) xor     a4, a5, a7
core   0: 3 0x800006c2 (0x0117c733) x14 0x80000001
core   0: 0x800006c6 (0x03a50fb3) mul     t6, a0, s10
core   0: 3 0x800006c6 (0x03a50fb3) x31 0x00000000
core   0: 0x800006ca (0x02c506b3) mul     a3, a0, a2
core   0: 3 0x800006ca (0x02c506b3) x13 0x00000000
core   0: 0x800006ce (0x0ff0000f) fence   iorw,iorw
core   0: 3 0x800006ce (0x0ff0000f)
core   0: 0x800006d2 (0x00000421) c.addi  s0, 8
core   0: 3 0x800006d2 (0x0421) x 8 0x00000009
core   0: 0x800006d4 (0x0000587d) c.li    a6, -1
core   0: 3 0x800006d4 (0x587d) x16 0xffffffff
core   0: 0x800006d6 (0x0366a533) mulhsu  a0, a3, s6
core   0: 3 0x800006d6 (0x0366a533) x10 0x00000000
core   0: 0x800006da (0xffd466e3) bltu    s0, t4, pc - 20
core   0: 3 0x800006da (0xffd466e3)
core   0: 0x800006c6 (0x03a50fb3) mul     t6, a0, s10
core   0: 3 0x800006c6 (0x03a50fb3) x31 0x00000000
core   0: 0x800006ca (0x02c506b3) mul     a3, a0, a2
core   0: 3 0x800006ca (0x02c506b3) x13 0x00000000
core   0: 0x800006ce (0x0ff0000f) fence   iorw,iorw
core   0: 3 0x800006ce (0x0ff0000f)
core   0: 0x800006d2 (0x00000421) c.addi  s0, 8
core   0: 3 0x800006d2 (0x0421) x 8 0x00000011
core   0: 0x800006d4 (0x0000587d) c.li    a6, -1
core   0: 3 0x800006d4 (0x587d) x16 0xffffffff
core   0: 0x800006d6 (0x0366a533) mulhsu  a0, a3, s6
core   0: 3 0x800006d6 (0x0366a533) x10 0x00000000
core   0: 0x800006da (0xffd466e3) bltu    s0, t4, pc - 20
core   0: 3 0x800006da (0xffd466e3)
core   0: 0x800006de (0x010a1e13) slli    t3, s4, 16
core   0: 3 0x800006de (0x010a1e13) x28 0xffef0000
core   0: 0x800006e2 (0xffc00413) li      s0, -4
core   0: 3 0x800006e2 (0xffc00413) x 8 0xfffffffc
core   0: 0x800006e6 (0x00001818) c.addi4spn a4, sp, 48
core   0: 3 0x800006e6 (0x1818) x14 0x0000053a
core   0: 0x800006e8 (0x00000001) c.nop
core   0: 3 0x800006e8 (0x0001)
core   0: 0x800006ea (0x5933b913) sltiu   s2, t2, 1427
core   0: 3 0x800006ea (0x5933b913) x18 0x00000001
core   0: 0x800006ee (0x0294d5b3) divu    a1, s1, s1
core   0: 3 0x800006ee (0x0294d5b3) x11 0x00000001
core   0: 0x800006f2 (0x00000405) c.addi  s0, 1
core   0: 3 0x800006f2 (0x0405) x 8 0xfffffffd
core   0: 0x800006f4 (0x0000d87d) c.beqz  s0, pc - 10
core   0: 3 0x800006f4 (0xd87d)
core   0: 0x800006f6 (0x00000001) c.nop
core   0: 3 0x800006f6 (0x0001)
core   0: 0x800006f8 (0x00500e13) li      t3, 5
core   0: 3 0x800006f8 (0x00500e13) x28 0x00000005
core   0: 0x800006fc (0x0208cc33) div     s8, a7, zero
core   0: 3 0x800006fc (0x0208cc33) x24 0xffffffff
core   0: 0x80000700 (0xff300a93) li      s5, -13
core   0: 3 0x80000700 (0xff300a93) x21 0xfffffff3
core   0: 0x80000704 (0x00000001) c.nop
core   0: 3 0x80000704 (0x0001)
core   0: 0x80000706 (0x03076433) rem     s0, a4, a6
core   0: 3 0x80000706 (0x03076433) x 8 0x00000000
core   0: 0x8000070a (0xd562e093) ori     ra, t0, -682
core   0: 3 0x8000070a (0xd562e093) x 1 0xfffffd56
core   0: 0x8000070e (0x00001e59) c.addi  t3, -10
core   0: 3 0x8000070e (0x1e59) x28 0xfffffffb
core   0: 0x80000710 (0x00008e39) c.xor   a2, a4
core   0: 3 0x80000710 (0x8e39) x12 0x00000545
core   0: 0x80000712 (0x00843333) sltu    t1, s0, s0
core   0: 3 0x80000712 (0x00843333) x 6 0x00000000
core   0: 0x80000716 (0x00a00813) li      a6, 10
core   0: 3 0x80000716 (0x00a00813) x16 0x0000000a
core   0: 0x8000071a (0x413cda13) srai    s4, s9, 19
core   0: 3 0x8000071a (0x413cda13) x20 0x00000000
core   0: 0x8000071e (0x00000462) c.slli  s0, 24
core   0: 3 0x8000071e (0x0462) x 8 0x00000000
core   0: 0x80000720 (0xff200693) li      a3, -14
core   0: 3 0x80000720 (0xff200693) x13 0xfffffff2
core   0: 0x80000724 (0x00008db9) c.xor   a1, a4
core   0: 3 0x80000724 (0x8db9) x11 0x0000053b
core   0: 0x80000726 (0x402f89b3) sub     s3, t6, sp
core   0: 3 0x80000726 (0x402f89b3) x19 0xfffffaf6
core   0: 0x8000072a (0x00001869) c.addi  a6, -6
core   0: 3 0x8000072a (0x1869) x16 0x00000004
core   0: 0x8000072c (0xfed81de3) bne     a6, a3, pc - 6
core   0: 3 0x8000072c (0xfed81de3)
core   0: 0x80000726 (0x402f89b3) sub     s3, t6, sp
core   0: 3 0x80000726 (0x402f89b3) x19 0xfffffaf6
core   0: 0x8000072a (0x00001869) c.addi  a6, -6
core   0: 3 0x8000072a (0x1869) x16 0xfffffffe
core   0: 0x8000072c (0xfed81de3) bne     a6, a3, pc - 6
core   0: 3 0x8000072c (0xfed81de3)
core   0: 0x80000726 (0x402f89b3) sub     s3, t6, sp
core   0: 3 0x80000726 (0x402f89b3) x19 0xfffffaf6
core   0: 0x8000072a (0x00001869) c.addi  a6, -6
core   0: 3 0x8000072a (0x1869) x16 0xfffffff8
core   0: 0x8000072c (0xfed81de3) bne     a6, a3, pc - 6
core   0: 3 0x8000072c (0xfed81de3)
core   0: 0x80000726 (0x402f89b3) sub     s3, t6, sp
core   0: 3 0x80000726 (0x402f89b3) x19 0xfffffaf6
core   0: 0x8000072a (0x00001869) c.addi  a6, -6
core   0: 3 0x8000072a (0x1869) x16 0xfffffff2
core   0: 0x8000072c (0xfed81de3) bne     a6, a3, pc - 6
core   0: 3 0x8000072c (0xfed81de3)
core   0: 0x80000730 (0x00000001) c.nop
core   0: 3 0x80000730 (0x0001)
core   0: 0x80000732 (0x00000001) c.nop
core   0: 3 0x80000732 (0x0001)
core   0: 0x80000734 (0x0102b2b3) sltu    t0, t0, a6
core   0: 3 0x80000734 (0x0102b2b3) x 5 0x00000001
core   0: 0x80000738 (0x00009ffe) c.add   t6, t6
core   0: 3 0x80000738 (0x9ffe) x31 0x00000000
core   0: 0x8000073a (0xfd5e58e3) bge     t3, s5, pc - 48
core   0: 3 0x8000073a (0xfd5e58e3)
core   0: 0x8000070a (0xd562e093) ori     ra, t0, -682
core   0: 3 0x8000070a (0xd562e093) x 1 0xfffffd57
core   0: 0x8000070e (0x00001e59) c.addi  t3, -10
core   0: 3 0x8000070e (0x1e59) x28 0xfffffff1
core   0: 0x80000710 (0x00008e39) c.xor   a2, a4
core   0: 3 0x80000710 (0x8e39) x12 0x0000007f
core   0: 0x80000712 (0x00843333) sltu    t1, s0, s0
core   0: 3 0x80000712 (0x00843333) x 6 0x00000000
core   0: 0x80000716 (0x00a00813) li      a6, 10
core   0: 3 0x80000716 (0x00a00813) x16 0x0000000a
core   0: 0x8000071a (0x413cda13) srai    s4, s9, 19
core   0: 3 0x8000071a (0x413cda13) x20 0x00000000
core   0: 0x8000071e (0x00000462) c.slli  s0, 24
core   0: 3 0x8000071e (0x0462) x 8 0x00000000
core   0: 0x80000720 (0xff200693) li      a3, -14
core   0: 3 0x80000720 (0xff200693) x13 0xfffffff2
core   0: 0x80000724 (0x00008db9) c.xor   a1, a4
core   0: 3 0x80000724 (0x8db9) x11 0x00000001
core   0: 0x80000726 (0x402f89b3) sub     s3, t6, sp
core   0: 3 0x80000726 (0x402f89b3) x19 0xfffffaf6
core   0: 0x8000072a (0x00001869) c.addi  a6, -6
core   0: 3 0x8000072a (0x1869) x16 0x00000004
core   0: 0x8000072c (0xfed81de3) bne     a6, a3, pc - 6
core   0: 3 0x8000072c (0xfed81de3)
core   0: 0x80000726 (0x402f89b3) sub     s3, t6, sp
core   0: 3 0x80000726 (0x402f89b3) x19 0xfffffaf6
core   0: 0x8000072a (0x00001869) c.addi  a6, -6
core   0: 3 0x8000072a (0x1869) x16 0xfffffffe
core   0: 0x8000072c (0xfed81de3) bne     a6, a3, pc - 6
core   0: 3 0x8000072c (0xfed81de3)
core   0: 0x80000726 (0x402f89b3) sub     s3, t6, sp
core   0: 3 0x80000726 (0x402f89b3) x19 0xfffffaf6
core   0: 0x8000072a (0x00001869) c.addi  a6, -6
core   0: 3 0x8000072a (0x1869) x16 0xfffffff8
core   0: 0x8000072c (0xfed81de3) bne     a6, a3, pc - 6
core   0: 3 0x8000072c (0xfed81de3)
core   0: 0x80000726 (0x402f89b3) sub     s3, t6, sp
core   0: 3 0x80000726 (0x402f89b3) x19 0xfffffaf6
core   0: 0x8000072a (0x00001869) c.addi  a6, -6
core   0: 3 0x8000072a (0x1869) x16 0xfffffff2
core   0: 0x8000072c (0xfed81de3) bne     a6, a3, pc - 6
core   0: 3 0x8000072c (0xfed81de3)
core   0: 0x80000730 (0x00000001) c.nop
core   0: 3 0x80000730 (0x0001)
core   0: 0x80000732 (0x00000001) c.nop
core   0: 3 0x80000732 (0x0001)
core   0: 0x80000734 (0x0102b2b3) sltu    t0, t0, a6
core   0: 3 0x80000734 (0x0102b2b3) x 5 0x00000001
core   0: 0x80000738 (0x00009ffe) c.add   t6, t6
core   0: 3 0x80000738 (0x9ffe) x31 0x00000000
core   0: 0x8000073a (0xfd5e58e3) bge     t3, s5, pc - 48
core   0: 3 0x8000073a (0xfd5e58e3)
core   0: 0x8000073e (0x021222b3) mulhsu  t0, tp, ra
core   0: 3 0x8000073e (0x021222b3) x 5 0x00000000
core   0: 0x80000742 (0xffd00513) li      a0, -3
core   0: 3 0x80000742 (0xffd00513) x10 0xfffffffd
core   0: 0x80000746 (0x41ea01b3) sub     gp, s4, t5
core   0: 3 0x80000746 (0x41ea01b3) x 3 0x1ff7ffe0
core   0: 0x8000074a (0x03255f33) divu    t5, a0, s2
core   0: 3 0x8000074a (0x03255f33) x30 0xfffffffd
core   0: 0x8000074e (0xfd0ca213) slti    tp, s9, -48
core   0: 3 0x8000074e (0xfd0ca213) x 4 0x00000000
core   0: 0x80000752 (0x00004869) c.li    a6, 26
core   0: 3 0x80000752 (0x4869) x16 0x0000001a
core   0: 0x80000754 (0x00a00393) li      t2, 10
core   0: 3 0x80000754 (0x00a00393) x 7 0x0000000a
core   0: 0x80000758 (0x85375f97) auipc   t6, 0x85375
core   0: 3 0x80000758 (0x85375f97) x31 0x05375758
core   0: 0x8000075c (0x412c5693) srai    a3, s8, 18
core   0: 3 0x8000075c (0x412c5693) x13 0xffffffff
core   0: 0x80000760 (0x0000717d) c.addi16sp sp, -16
core   0: 3 0x80000760 (0x717d) x 2 0x000004fa
core   0: 0x80000762 (0x02b09833) mulh    a6, ra, a1
core   0: 3 0x80000762 (0x02b09833) x16 0xffffffff
core   0: 0x80000766 (0x0000051d) c.addi  a0, 7
core   0: 3 0x80000766 (0x051d) x10 0x00000004
core   0: 0x80000768 (0x015a65b3) or      a1, s4, s5
core   0: 3 0x80000768 (0x015a65b3) x11 0xfffffff3
core   0: 0x8000076c (0x0371fd33) remu    s10, gp, s7
core   0: 3 0x8000076c (0x0371fd33) x26 0x1ff7ffe0
core   0: 0x80000770 (0xfe7549e3) blt     a0, t2, pc - 14
core   0: 3 0x80000770 (0xfe7549e3)
core   0: 0x80000762 (0x02b09833) mulh    a6, ra, a1
core   0: 3 0x80000762 (0x02b09833) x16 0x00000000
core   0: 0x80000766 (0x0000051d) c.addi  a0, 7
core   0: 3 0x80000766 (0x051d) x10 0x0000000b
core   0: 0x80000768 (0x015a65b3) or      a1, s4, s5
core   0: 3 0x80000768 (0x015a65b3) x11 0xfffffff3
core   0: 0x8000076c (0x0371fd33) remu    s10, gp, s7
core   0: 3 0x8000076c (0x0371fd33) x26 0x1ff7ffe0
core   0: 0x80000770 (0xfe7549e3) blt     a0, t2, pc - 14
core   0: 3 0x80000770 (0xfe7549e3)
core   0: 0x80000774 (0xa6882e93) slti    t4, a6, -1432
core   0: 3 0x80000774 (0xa6882e93) x29 0x00000000
core   0: 0x80000778 (0x00200a93) li      s5, 2
core   0: 3 0x80000778 (0x00200a93) x21 0x00000002
core   0: 0x8000077c (0x8dbb9c97) auipc   s9, 0x8dbb9
core   0: 3 0x8000077c (0x8dbb9c97) x25 0x0dbb977c
core   0: 0x80000780 (0x0894e713) ori     a4, s1, 137
core   0: 3 0x80000780 (0x0894e713) x14 0x80025ced
core   0: 0x80000784 (0x02843fb3) mulhu   t6, s0, s0
core   0: 3 0x80000784 (0x02843fb3) x31 0x00000000
core   0: 0x80000788 (0x00006115) c.addi16sp sp, 288
core   0: 3 0x80000788 (0x6115) x 2 0x0000061a
core   0: 0x8000078a (0x0840ff37) lui     t5, 0x840f
core   0: 3 0x8000078a (0x0840ff37) x30 0x0840f000
core   0: 0x8000078e (0x00000001) c.nop
core   0: 3 0x8000078e (0x0001)
core   0: 0x80000790 (0xaff34713) xori    a4, t1, -1281
core   0: 3 0x80000790 (0xaff34713) x14 0xfffffaff
core   0: 0x80000794 (0x034b1e33) mulh    t3, s6, s4
core   0: 3 0x80000794 (0x034b1e33) x28 0x00000000
core   0: 0x80000798 (0x01789c93) slli    s9, a7, 23
core   0: 3 0x80000798 (0x01789c93) x25 0x00800000
core   0: 0x8000079c (0x0000100f) fence.i
core   0: 3 0x8000079c (0x0000100f)
core   0: 0x800007a0 (0xfff00513) li      a0, -1
core   0: 3 0x800007a0 (0xfff00513) x10 0xffffffff
core   0: 0x800007a4 (0x00000810) c.addi4spn a2, sp, 16
core   0: 3 0x800007a4 (0x0810) x12 0x0000062a
core   0: 0x800007a6 (0xe199f093) andi    ra, s3, -487
core   0: 3 0x800007a6 (0xe199f093) x 1 0xfffffa10
core   0: 0x800007aa (0x00008c05) c.sub   s0, s1
core   0: 3 0x800007aa (0x8c05) x 8 0x7ffda31c
core   0: 0x800007ac (0x004d5e33) srl     t3, s10, tp
core   0: 3 0x800007ac (0x004d5e33) x28 0x1ff7ffe0
core   0: 0x800007b0 (0x0ff0000f) fence   iorw,iorw
core   0: 3 0x800007b0 (0x0ff0000f)
core   0: 0x800007b4 (0x00008ec9) c.or    a3, a0
core   0: 3 0x800007b4 (0x8ec9) x13 0xffffffff
core   0: 0x800007b6 (0x0000717d) c.addi16sp sp, -16
core   0: 3 0x800007b6 (0x717d) x 2 0x0000060a
core   0: 0x800007b8 (0x00001af1) c.addi  s5, -4
core   0: 3 0x800007b8 (0x1af1) x21 0xfffffffe
core   0: 0x800007ba (0x00000001) c.nop
core   0: 3 0x800007ba (0x0001)
core   0: 0x800007bc (0xfeaadce3) bge     s5, a0, pc - 8
core   0: 3 0x800007bc (0xfeaadce3)
core   0: 0x800007c0 (0x00008f0d) c.sub   a4, a1
core   0: 3 0x800007c0 (0x8f0d) x14 0xfffffb0c
core   0: 0x800007c2 (0x00900313) li      t1, 9
core   0: 3 0x800007c2 (0x00900313) x 6 0x00000009
core   0: 0x800007c6 (0x5b962013) slti    zero, a2, 1465
core   0: 3 0x800007c6 (0x5b962013)
core   0: 0x800007ca (0x001bb633) sltu    a2, s7, ra
core   0: 3 0x800007ca (0x001bb633) x12 0x00000001
core   0: 0x800007ce (0xd5803b13) sltiu   s6, zero, -680
core   0: 3 0x800007ce (0xd5803b13) x22 0x00000001
core   0: 0x800007d2 (0xfff00f13) li      t5, -1
core   0: 3 0x800007d2 (0xfff00f13) x30 0xffffffff
core   0: 0x800007d6 (0x01e29e13) slli    t3, t0, 30
core   0: 3 0x800007d6 (0x01e29e13) x28 0x00000000
core   0: 0x800007da (0x0328e9b3) rem     s3, a7, s2
core   0: 3 0x800007da (0x0328e9b3) x19 0x00000000
core   0: 0x800007de (0x000096aa) c.add   a3, a0
core   0: 3 0x800007de (0x96aa) x13 0xfffffffe
core   0: 0x800007e0 (0x00009576) c.add   a0, t4
core   0: 3 0x800007e0 (0x9576) x10 0xffffffff
core   0: 0x800007e2 (0x00005dfd) c.li    s11, -1
core   0: 3 0x800007e2 (0x5dfd) x27 0xffffffff
core   0: 0x800007e4 (0x003265b3) or      a1, tp, gp
core   0: 3 0x800007e4 (0x003265b3) x11 0x1ff7ffe0
core   0: 0x800007e8 (0x0000136d) c.addi  t1, -5
core   0: 3 0x800007e8 (0x136d) x 6 0x00000004
core   0: 0x800007ea (0x00000001) c.nop
core   0: 3 0x800007ea (0x0001)
core   0: 0x800007ec (0x00001f10) c.addi4spn a2, sp, 944
core   0: 3 0x800007ec (0x1f10) x12 0x000009ba
core   0: 0x800007ee (0x0000060a) c.slli  a2, 2
core   0: 3 0x800007ee (0x060a) x12 0x000026e8
core   0: 0x800007f0 (0x01c27d33) and     s10, tp, t3
core   0: 3 0x800007f0 (0x01c27d33) x26 0x00000000
core   0: 0x800007f4 (0x00006dbd) c.lui   s11, 0xf
core   0: 3 0x800007f4 (0x6dbd) x27 0x0000f000
core   0: 0x800007f6 (0x0000873d) c.srai  a4, 15
core   0: 3 0x800007f6 (0x873d) x14 0xffffffff
core   0: 0x800007f8 (0x41add733) sra     a4, s11, s10
core   0: 3 0x800007f8 (0x41add733) x14 0x0000f000
core   0: 0x800007fc (0x01ad0533) add     a0, s10, s10
core   0: 3 0x800007fc (0x01ad0533) x10 0x00000000
core   0: 0x80000800 (0x00008f59) c.or    a4, a4
core   0: 3 0x80000800 (0x8f59) x14 0x0000f000
core   0: 0x80000802 (0x02ecacb3) mulhsu  s9, s9, a4
core   0: 3 0x80000802 (0x02ecacb3) x25 0x00000078
core   0: 0x80000806 (0x86808013) addi    zero, ra, -1944
core   0: 3 0x80000806 (0x86808013)
core   0: 0x8000080a (0xfde31ce3) bne     t1, t5, pc - 40
core   0: 3 0x8000080a (0xfde31ce3)
core   0: 0x800007e2 (0x00005dfd) c.li    s11, -1
core   0: 3 0x800007e2 (0x5dfd) x27 0xffffffff
core   0: 0x800007e4 (0x003265b3) or      a1, tp, gp
core   0: 3 0x800007e4 (0x003265b3) x11 0x1ff7ffe0
core   0: 0x800007e8 (0x0000136d) c.addi  t1, -5
core   0: 3 0x800007e8 (0x136d) x 6 0xffffffff
core   0: 0x800007ea (0x00000001) c.nop
core   0: 3 0x800007ea (0x0001)
core   0: 0x800007ec (0x00001f10) c.addi4spn a2, sp, 944
core   0: 3 0x800007ec (0x1f10) x12 0x000009ba
core   0: 0x800007ee (0x0000060a) c.slli  a2, 2
core   0: 3 0x800007ee (0x060a) x12 0x000026e8
core   0: 0x800007f0 (0x01c27d33) and     s10, tp, t3
core   0: 3 0x800007f0 (0x01c27d33) x26 0x00000000
core   0: 0x800007f4 (0x00006dbd) c.lui   s11, 0xf
core   0: 3 0x800007f4 (0x6dbd) x27 0x0000f000
core   0: 0x800007f6 (0x0000873d) c.srai  a4, 15
core   0: 3 0x800007f6 (0x873d) x14 0x00000001
core   0: 0x800007f8 (0x41add733) sra     a4, s11, s10
core   0: 3 0x800007f8 (0x41add733) x14 0x0000f000
core   0: 0x800007fc (0x01ad0533) add     a0, s10, s10
core   0: 3 0x800007fc (0x01ad0533) x10 0x00000000
core   0: 0x80000800 (0x00008f59) c.or    a4, a4
core   0: 3 0x80000800 (0x8f59) x14 0x0000f000
core   0: 0x80000802 (0x02ecacb3) mulhsu  s9, s9, a4
core   0: 3 0x80000802 (0x02ecacb3) x25 0x00000000
core   0: 0x80000806 (0x86808013) addi    zero, ra, -1944
core   0: 3 0x80000806 (0x86808013)
core   0: 0x8000080a (0xfde31ce3) bne     t1, t5, pc - 40
core   0: 3 0x8000080a (0xfde31ce3)
core   0: 0x8000080e (0x00285893) srli    a7, a6, 2
core   0: 3 0x8000080e (0x00285893) x17 0x00000000
core   0: 0x80000812 (0xff600713) li      a4, -10
core   0: 3 0x80000812 (0xff600713) x14 0xfffffff6
core   0: 0x80000816 (0x00000001) c.nop
core   0: 3 0x80000816 (0x0001)
core   0: 0x80000818 (0x00f90d33) add     s10, s2, a5
core   0: 3 0x80000818 (0x00f90d33) x26 0x80000001
core   0: 0x8000081c (0x00000709) c.addi  a4, 2
core   0: 3 0x8000081c (0x0709) x14 0xfffffff8
core   0: 0x8000081e (0x0000ff6d) c.bnez  a4, pc - 6
core   0: 3 0x8000081e (0xff6d)
core   0: 0x80000818 (0x00f90d33) add     s10, s2, a5
core   0: 3 0x80000818 (0x00f90d33) x26 0x80000001
core   0: 0x8000081c (0x00000709) c.addi  a4, 2
core   0: 3 0x8000081c (0x0709) x14 0xfffffffa
core   0: 0x8000081e (0x0000ff6d) c.bnez  a4, pc - 6
core   0: 3 0x8000081e (0xff6d)
core   0: 0x80000818 (0x00f90d33) add     s10, s2, a5
core   0: 3 0x80000818 (0x00f90d33) x26 0x80000001
core   0: 0x8000081c (0x00000709) c.addi  a4, 2
core   0: 3 0x8000081c (0x0709) x14 0xfffffffc
core   0: 0x8000081e (0x0000ff6d) c.bnez  a4, pc - 6
core   0: 3 0x8000081e (0xff6d)
core   0: 0x80000818 (0x00f90d33) add     s10, s2, a5
core   0: 3 0x80000818 (0x00f90d33) x26 0x80000001
core   0: 0x8000081c (0x00000709) c.addi  a4, 2
core   0: 3 0x8000081c (0x0709) x14 0xfffffffe
core   0: 0x8000081e (0x0000ff6d) c.bnez  a4, pc - 6
core   0: 3 0x8000081e (0xff6d)
core   0: 0x80000818 (0x00f90d33) add     s10, s2, a5
core   0: 3 0x80000818 (0x00f90d33) x26 0x80000001
core   0: 0x8000081c (0x00000709) c.addi  a4, 2
core   0: 3 0x8000081c (0x0709) x14 0x00000000
core   0: 0x8000081e (0x0000ff6d) c.bnez  a4, pc - 6
core   0: 3 0x8000081e (0xff6d)
core   0: 0x80000820 (0x03a16a33) rem     s4, sp, s10
core   0: 3 0x80000820 (0x03a16a33) x20 0x0000060a
core   0: 0x80000824 (0x00700c93) li      s9, 7
core   0: 3 0x80000824 (0x00700c93) x25 0x00000007
core   0: 0x80000828 (0x00fab3b3) sltu    t2, s5, a5
core   0: 3 0x80000828 (0x00fab3b3) x 7 0x00000000
core   0: 0x8000082c (0x01400e93) li      t4, 20
core   0: 3 0x8000082c (0x01400e93) x29 0x00000014
core   0: 0x80000830 (0x000066e1) c.lui   a3, 0x18
core   0: 3 0x80000830 (0x66e1) x13 0x00018000
core   0: 0x80000832 (0x00009592) c.add   a1, tp
core   0: 3 0x80000832 (0x9592) x11 0x1ff7ffe0
core   0: 0x80000834 (0x00000c85) c.addi  s9, 1
core   0: 3 0x80000834 (0x0c85) x25 0x00000008
core   0: 0x80000836 (0x52bd46b7) lui     a3, 0x52bd4
core   0: 3 0x80000836 (0x52bd46b7) x13 0x52bd4000
core   0: 0x8000083a (0x00a00713) li      a4, 10
core   0: 3 0x8000083a (0x00a00713) x14 0x0000000a
core   0: 0x8000083e (0xee9af913) andi    s2, s5, -279
core   0: 3 0x8000083e (0xee9af913) x18 0xfffffee8
core   0: 0x80000842 (0x17ec4513) xori    a0, s8, 382
core   0: 3 0x80000842 (0x17ec4513) x10 0xfffffe81
core   0: 0x80000846 (0x00008175) c.srli  a0, 29
core   0: 3 0x80000846 (0x8175) x10 0x00000007
core   0: 0x80000848 (0x00800413) li      s0, 8
core   0: 3 0x80000848 (0x00800413) x 8 0x00000008
core   0: 0x8000084c (0x0000952e) c.add   a0, a1
core   0: 3 0x8000084c (0x952e) x10 0x1ff7ffe7
core   0: 0x8000084e (0x036f88b3) mul     a7, t6, s6
core   0: 3 0x8000084e (0x036f88b3) x17 0x00000000
core   0: 0x80000852 (0x00001769) c.addi  a4, -6
core   0: 3 0x80000852 (0x1769) x14 0x00000004
core   0: 0x80000854 (0xfe877ce3) bgeu    a4, s0, pc - 8
core   0: 3 0x80000854 (0xfe877ce3)
core   0: 0x80000858 (0x02a81ab3) mulh    s5, a6, a0
core   0: 3 0x80000858 (0x02a81ab3) x21 0x00000000
core   0: 0x8000085c (0x00008e35) c.xor   a2, a3
core   0: 3 0x8000085c (0x8e35) x12 0x52bd66e8
core   0: 0x8000085e (0x00000001) c.nop
core   0: 3 0x8000085e (0x0001)
core   0: 0x80000860 (0x03942f33) mulhsu  t5, s0, s9
core   0: 3 0x80000860 (0x03942f33) x30 0x00000000
core   0: 0x80000864 (0x41d1dfb3) sra     t6, gp, t4
core   0: 3 0x80000864 (0x41d1dfb3) x31 0x000001ff
core   0: 0x80000868 (0xfddc95e3) bne     s9, t4, pc - 54
core   0: 3 0x80000868 (0xfddc95e3)
core   0: 0x80000832 (0x00009592) c.add   a1, tp
core   0: 3 0x80000832 (0x9592) x11 0x1ff7ffe0
core   0: 0x80000834 (0x00000c85) c.addi  s9, 1
core   0: 3 0x80000834 (0x0c85) x25 0x00000009
core   0: 0x80000836 (0x52bd46b7) lui     a3, 0x52bd4
core   0: 3 0x80000836 (0x52bd46b7) x13 0x52bd4000
core   0: 0x8000083a (0x00a00713) li      a4, 10
core   0: 3 0x8000083a (0x00a00713) x14 0x0000000a
core   0: 0x8000083e (0xee9af913) andi    s2, s5, -279
core   0: 3 0x8000083e (0xee9af913) x18 0x00000000
core   0: 0x80000842 (0x17ec4513) xori    a0, s8, 382
core   0: 3 0x80000842 (0x17ec4513) x10 0xfffffe81
core   0: 0x80000846 (0x00008175) c.srli  a0, 29
core   0: 3 0x80000846 (0x8175) x10 0x00000007
core   0: 0x80000848 (0x00800413) li      s0, 8
core   0: 3 0x80000848 (0x00800413) x 8 0x00000008
core   0: 0x8000084c (0x0000952e) c.add   a0, a1
core   0: 3 0x8000084c (0x952e) x10 0x1ff7ffe7
core   0: 0x8000084e (0x036f88b3) mul     a7, t6, s6
core   0: 3 0x8000084e (0x036f88b3) x17 0x000001ff
core   0: 0x80000852 (0x00001769) c.addi  a4, -6
core   0: 3 0x80000852 (0x1769) x14 0x00000004
core   0: 0x80000854 (0xfe877ce3) bgeu    a4, s0, pc - 8
core   0: 3 0x80000854 (0xfe877ce3)
core   0: 0x80000858 (0x02a81ab3) mulh    s5, a6, a0
core   0: 3 0x80000858 (0x02a81ab3) x21 0x00000000
core   0: 0x8000085c (0x00008e35) c.xor   a2, a3
core   0: 3 0x8000085c (0x8e35) x12 0x000026e8
core   0: 0x8000085e (0x00000001) c.nop
core   0: 3 0x8000085e (0x0001)
core   0: 0x80000860 (0x03942f33) mulhsu  t5, s0, s9
core   0: 3 0x80000860 (0x03942f33) x30 0x00000000
core   0: 0x80000864 (0x41d1dfb3) sra     t6, gp, t4
core   0: 3 0x80000864 (0x41d1dfb3) x31 0x000001ff
core   0: 0x80000868 (0xfddc95e3) bne     s9, t4, pc - 54
core   0: 3 0x80000868 (0xfddc95e3)
core   0: 0x80000832 (0x00009592) c.add   a1, tp
core   0: 3 0x80000832 (0x9592) x11 0x1ff7ffe0
core   0: 0x80000834 (0x00000c85) c.addi  s9, 1
core   0: 3 0x80000834 (0x0c85) x25 0x0000000a
core   0: 0x80000836 (0x52bd46b7) lui     a3, 0x52bd4
core   0: 3 0x80000836 (0x52bd46b7) x13 0x52bd4000
core   0: 0x8000083a (0x00a00713) li      a4, 10
core   0: 3 0x8000083a (0x00a00713) x14 0x0000000a
core   0: 0x8000083e (0xee9af913) andi    s2, s5, -279
core   0: 3 0x8000083e (0xee9af913) x18 0x00000000
core   0: 0x80000842 (0x17ec4513) xori    a0, s8, 382
core   0: 3 0x80000842 (0x17ec4513) x10 0xfffffe81
core   0: 0x80000846 (0x00008175) c.srli  a0, 29
core   0: 3 0x80000846 (0x8175) x10 0x00000007
core   0: 0x80000848 (0x00800413) li      s0, 8
core   0: 3 0x80000848 (0x00800413) x 8 0x00000008
core   0: 0x8000084c (0x0000952e) c.add   a0, a1
core   0: 3 0x8000084c (0x952e) x10 0x1ff7ffe7
core   0: 0x8000084e (0x036f88b3) mul     a7, t6, s6
core   0: 3 0x8000084e (0x036f88b3) x17 0x000001ff
core   0: 0x80000852 (0x00001769) c.addi  a4, -6
core   0: 3 0x80000852 (0x1769) x14 0x00000004
core   0: 0x80000854 (0xfe877ce3) bgeu    a4, s0, pc - 8
core   0: 3 0x80000854 (0xfe877ce3)
core   0: 0x80000858 (0x02a81ab3) mulh    s5, a6, a0
core   0: 3 0x80000858 (0x02a81ab3) x21 0x00000000
core   0: 0x8000085c (0x00008e35) c.xor   a2, a3
core   0: 3 0x8000085c (0x8e35) x12 0x52bd66e8
core   0: 0x8000085e (0x00000001) c.nop
core   0: 3 0x8000085e (0x0001)
core   0: 0x80000860 (0x03942f33) mulhsu  t5, s0, s9
core   0: 3 0x80000860 (0x03942f33) x30 0x00000000
core   0: 0x80000864 (0x41d1dfb3) sra     t6, gp, t4
core   0: 3 0x80000864 (0x41d1dfb3) x31 0x000001ff
core   0: 0x80000868 (0xfddc95e3) bne     s9, t4, pc - 54
core   0: 3 0x80000868 (0xfddc95e3)
core   0: 0x80000832 (0x00009592) c.add   a1, tp
core   0: 3 0x80000832 (0x9592) x11 0x1ff7ffe0
core   0: 0x80000834 (0x00000c85) c.addi  s9, 1
core   0: 3 0x80000834 (0x0c85) x25 0x0000000b
core   0: 0x80000836 (0x52bd46b7) lui     a3, 0x52bd4
core   0: 3 0x80000836 (0x52bd46b7) x13 0x52bd4000
core   0: 0x8000083a (0x00a00713) li      a4, 10
core   0: 3 0x8000083a (0x00a00713) x14 0x0000000a
core   0: 0x8000083e (0xee9af913) andi    s2, s5, -279
core   0: 3 0x8000083e (0xee9af913) x18 0x00000000
core   0: 0x80000842 (0x17ec4513) xori    a0, s8, 382
core   0: 3 0x80000842 (0x17ec4513) x10 0xfffffe81
core   0: 0x80000846 (0x00008175) c.srli  a0, 29
core   0: 3 0x80000846 (0x8175) x10 0x00000007
core   0: 0x80000848 (0x00800413) li      s0, 8
core   0: 3 0x80000848 (0x00800413) x 8 0x00000008
core   0: 0x8000084c (0x0000952e) c.add   a0, a1
core   0: 3 0x8000084c (0x952e) x10 0x1ff7ffe7
core   0: 0x8000084e (0x036f88b3) mul     a7, t6, s6
core   0: 3 0x8000084e (0x036f88b3) x17 0x000001ff
core   0: 0x80000852 (0x00001769) c.addi  a4, -6
core   0: 3 0x80000852 (0x1769) x14 0x00000004
core   0: 0x80000854 (0xfe877ce3) bgeu    a4, s0, pc - 8
core   0: 3 0x80000854 (0xfe877ce3)
core   0: 0x80000858 (0x02a81ab3) mulh    s5, a6, a0
core   0: 3 0x80000858 (0x02a81ab3) x21 0x00000000
core   0: 0x8000085c (0x00008e35) c.xor   a2, a3
core   0: 3 0x8000085c (0x8e35) x12 0x000026e8
core   0: 0x8000085e (0x00000001) c.nop
core   0: 3 0x8000085e (0x0001)
core   0: 0x80000860 (0x03942f33) mulhsu  t5, s0, s9
core   0: 3 0x80000860 (0x03942f33) x30 0x00000000
core   0: 0x80000864 (0x41d1dfb3) sra     t6, gp, t4
core   0: 3 0x80000864 (0x41d1dfb3) x31 0x000001ff
core   0: 0x80000868 (0xfddc95e3) bne     s9, t4, pc - 54
core   0: 3 0x80000868 (0xfddc95e3)
core   0: 0x80000832 (0x00009592) c.add   a1, tp
core   0: 3 0x80000832 (0x9592) x11 0x1ff7ffe0
core   0: 0x80000834 (0x00000c85) c.addi  s9, 1
core   0: 3 0x80000834 (0x0c85) x25 0x0000000c
core   0: 0x80000836 (0x52bd46b7) lui     a3, 0x52bd4
core   0: 3 0x80000836 (0x52bd46b7) x13 0x52bd4000
core   0: 0x8000083a (0x00a00713) li      a4, 10
core   0: 3 0x8000083a (0x00a00713) x14 0x0000000a
core   0: 0x8000083e (0xee9af913) andi    s2, s5, -279
core   0: 3 0x8000083e (0xee9af913) x18 0x00000000
core   0: 0x80000842 (0x17ec4513) xori    a0, s8, 382
core   0: 3 0x80000842 (0x17ec4513) x10 0xfffffe81
core   0: 0x80000846 (0x00008175) c.srli  a0, 29
core   0: 3 0x80000846 (0x8175) x10 0x00000007
core   0: 0x80000848 (0x00800413) li      s0, 8
core   0: 3 0x80000848 (0x00800413) x 8 0x00000008
core   0: 0x8000084c (0x0000952e) c.add   a0, a1
core   0: 3 0x8000084c (0x952e) x10 0x1ff7ffe7
core   0: 0x8000084e (0x036f88b3) mul     a7, t6, s6
core   0: 3 0x8000084e (0x036f88b3) x17 0x000001ff
core   0: 0x80000852 (0x00001769) c.addi  a4, -6
core   0: 3 0x80000852 (0x1769) x14 0x00000004
core   0: 0x80000854 (0xfe877ce3) bgeu    a4, s0, pc - 8
core   0: 3 0x80000854 (0xfe877ce3)
core   0: 0x80000858 (0x02a81ab3) mulh    s5, a6, a0
core   0: 3 0x80000858 (0x02a81ab3) x21 0x00000000
core   0: 0x8000085c (0x00008e35) c.xor   a2, a3
core   0: 3 0x8000085c (0x8e35) x12 0x52bd66e8
core   0: 0x8000085e (0x00000001) c.nop
core   0: 3 0x8000085e (0x0001)
core   0: 0x80000860 (0x03942f33) mulhsu  t5, s0, s9
core   0: 3 0x80000860 (0x03942f33) x30 0x00000000
core   0: 0x80000864 (0x41d1dfb3) sra     t6, gp, t4
core   0: 3 0x80000864 (0x41d1dfb3) x31 0x000001ff
core   0: 0x80000868 (0xfddc95e3) bne     s9, t4, pc - 54
core   0: 3 0x80000868 (0xfddc95e3)
core   0: 0x80000832 (0x00009592) c.add   a1, tp
core   0: 3 0x80000832 (0x9592) x11 0x1ff7ffe0
core   0: 0x80000834 (0x00000c85) c.addi  s9, 1
core   0: 3 0x80000834 (0x0c85) x25 0x0000000d
core   0: 0x80000836 (0x52bd46b7) lui     a3, 0x52bd4
core   0: 3 0x80000836 (0x52bd46b7) x13 0x52bd4000
core   0: 0x8000083a (0x00a00713) li      a4, 10
core   0: 3 0x8000083a (0x00a00713) x14 0x0000000a
core   0: 0x8000083e (0xee9af913) andi    s2, s5, -279
core   0: 3 0x8000083e (0xee9af913) x18 0x00000000
core   0: 0x80000842 (0x17ec4513) xori    a0, s8, 382
core   0: 3 0x80000842 (0x17ec4513) x10 0xfffffe81
core   0: 0x80000846 (0x00008175) c.srli  a0, 29
core   0: 3 0x80000846 (0x8175) x10 0x00000007
core   0: 0x80000848 (0x00800413) li      s0, 8
core   0: 3 0x80000848 (0x00800413) x 8 0x00000008
core   0: 0x8000084c (0x0000952e) c.add   a0, a1
core   0: 3 0x8000084c (0x952e) x10 0x1ff7ffe7
core   0: 0x8000084e (0x036f88b3) mul     a7, t6, s6
core   0: 3 0x8000084e (0x036f88b3) x17 0x000001ff
core   0: 0x80000852 (0x00001769) c.addi  a4, -6
core   0: 3 0x80000852 (0x1769) x14 0x00000004
core   0: 0x80000854 (0xfe877ce3) bgeu    a4, s0, pc - 8
core   0: 3 0x80000854 (0xfe877ce3)
core   0: 0x80000858 (0x02a81ab3) mulh    s5, a6, a0
core   0: 3 0x80000858 (0x02a81ab3) x21 0x00000000
core   0: 0x8000085c (0x00008e35) c.xor   a2, a3
core   0: 3 0x8000085c (0x8e35) x12 0x000026e8
core   0: 0x8000085e (0x00000001) c.nop
core   0: 3 0x8000085e (0x0001)
core   0: 0x80000860 (0x03942f33) mulhsu  t5, s0, s9
core   0: 3 0x80000860 (0x03942f33) x30 0x00000000
core   0: 0x80000864 (0x41d1dfb3) sra     t6, gp, t4
core   0: 3 0x80000864 (0x41d1dfb3) x31 0x000001ff
core   0: 0x80000868 (0xfddc95e3) bne     s9, t4, pc - 54
core   0: 3 0x80000868 (0xfddc95e3)
core   0: 0x80000832 (0x00009592) c.add   a1, tp
core   0: 3 0x80000832 (0x9592) x11 0x1ff7ffe0
core   0: 0x80000834 (0x00000c85) c.addi  s9, 1
core   0: 3 0x80000834 (0x0c85) x25 0x0000000e
core   0: 0x80000836 (0x52bd46b7) lui     a3, 0x52bd4
core   0: 3 0x80000836 (0x52bd46b7) x13 0x52bd4000
core   0: 0x8000083a (0x00a00713) li      a4, 10
core   0: 3 0x8000083a (0x00a00713) x14 0x0000000a
core   0: 0x8000083e (0xee9af913) andi    s2, s5, -279
core   0: 3 0x8000083e (0xee9af913) x18 0x00000000
core   0: 0x80000842 (0x17ec4513) xori    a0, s8, 382
core   0: 3 0x80000842 (0x17ec4513) x10 0xfffffe81
core   0: 0x80000846 (0x00008175) c.srli  a0, 29
core   0: 3 0x80000846 (0x8175) x10 0x00000007
core   0: 0x80000848 (0x00800413) li      s0, 8
core   0: 3 0x80000848 (0x00800413) x 8 0x00000008
core   0: 0x8000084c (0x0000952e) c.add   a0, a1
core   0: 3 0x8000084c (0x952e) x10 0x1ff7ffe7
core   0: 0x8000084e (0x036f88b3) mul     a7, t6, s6
core   0: 3 0x8000084e (0x036f88b3) x17 0x000001ff
core   0: 0x80000852 (0x00001769) c.addi  a4, -6
core   0: 3 0x80000852 (0x1769) x14 0x00000004
core   0: 0x80000854 (0xfe877ce3) bgeu    a4, s0, pc - 8
core   0: 3 0x80000854 (0xfe877ce3)
core   0: 0x80000858 (0x02a81ab3) mulh    s5, a6, a0
core   0: 3 0x80000858 (0x02a81ab3) x21 0x00000000
core   0: 0x8000085c (0x00008e35) c.xor   a2, a3
core   0: 3 0x8000085c (0x8e35) x12 0x52bd66e8
core   0: 0x8000085e (0x00000001) c.nop
core   0: 3 0x8000085e (0x0001)
core   0: 0x80000860 (0x03942f33) mulhsu  t5, s0, s9
core   0: 3 0x80000860 (0x03942f33) x30 0x00000000
core   0: 0x80000864 (0x41d1dfb3) sra     t6, gp, t4
core   0: 3 0x80000864 (0x41d1dfb3) x31 0x000001ff
core   0: 0x80000868 (0xfddc95e3) bne     s9, t4, pc - 54
core   0: 3 0x80000868 (0xfddc95e3)
core   0: 0x80000832 (0x00009592) c.add   a1, tp
core   0: 3 0x80000832 (0x9592) x11 0x1ff7ffe0
core   0: 0x80000834 (0x00000c85) c.addi  s9, 1
core   0: 3 0x80000834 (0x0c85) x25 0x0000000f
core   0: 0x80000836 (0x52bd46b7) lui     a3, 0x52bd4
core   0: 3 0x80000836 (0x52bd46b7) x13 0x52bd4000
core   0: 0x8000083a (0x00a00713) li      a4, 10
core   0: 3 0x8000083a (0x00a00713) x14 0x0000000a
core   0: 0x8000083e (0xee9af913) andi    s2, s5, -279
core   0: 3 0x8000083e (0xee9af913) x18 0x00000000
core   0: 0x80000842 (0x17ec4513) xori    a0, s8, 382
core   0: 3 0x80000842 (0x17ec4513) x10 0xfffffe81
core   0: 0x80000846 (0x00008175) c.srli  a0, 29
core   0: 3 0x80000846 (0x8175) x10 0x00000007
core   0: 0x80000848 (0x00800413) li      s0, 8
core   0: 3 0x80000848 (0x00800413) x 8 0x00000008
core   0: 0x8000084c (0x0000952e) c.add   a0, a1
core   0: 3 0x8000084c (0x952e) x10 0x1ff7ffe7
core   0: 0x8000084e (0x036f88b3) mul     a7, t6, s6
core   0: 3 0x8000084e (0x036f88b3) x17 0x000001ff
core   0: 0x80000852 (0x00001769) c.addi  a4, -6
core   0: 3 0x80000852 (0x1769) x14 0x00000004
core   0: 0x80000854 (0xfe877ce3) bgeu    a4, s0, pc - 8
core   0: 3 0x80000854 (0xfe877ce3)
core   0: 0x80000858 (0x02a81ab3) mulh    s5, a6, a0
core   0: 3 0x80000858 (0x02a81ab3) x21 0x00000000
core   0: 0x8000085c (0x00008e35) c.xor   a2, a3
core   0: 3 0x8000085c (0x8e35) x12 0x000026e8
core   0: 0x8000085e (0x00000001) c.nop
core   0: 3 0x8000085e (0x0001)
core   0: 0x80000860 (0x03942f33) mulhsu  t5, s0, s9
core   0: 3 0x80000860 (0x03942f33) x30 0x00000000
core   0: 0x80000864 (0x41d1dfb3) sra     t6, gp, t4
core   0: 3 0x80000864 (0x41d1dfb3) x31 0x000001ff
core   0: 0x80000868 (0xfddc95e3) bne     s9, t4, pc - 54
core   0: 3 0x80000868 (0xfddc95e3)
core   0: 0x80000832 (0x00009592) c.add   a1, tp
core   0: 3 0x80000832 (0x9592) x11 0x1ff7ffe0
core   0: 0x80000834 (0x00000c85) c.addi  s9, 1
core   0: 3 0x80000834 (0x0c85) x25 0x00000010
core   0: 0x80000836 (0x52bd46b7) lui     a3, 0x52bd4
core   0: 3 0x80000836 (0x52bd46b7) x13 0x52bd4000
core   0: 0x8000083a (0x00a00713) li      a4, 10
core   0: 3 0x8000083a (0x00a00713) x14 0x0000000a
core   0: 0x8000083e (0xee9af913) andi    s2, s5, -279
core   0: 3 0x8000083e (0xee9af913) x18 0x00000000
core   0: 0x80000842 (0x17ec4513) xori    a0, s8, 382
core   0: 3 0x80000842 (0x17ec4513) x10 0xfffffe81
core   0: 0x80000846 (0x00008175) c.srli  a0, 29
core   0: 3 0x80000846 (0x8175) x10 0x00000007
core   0: 0x80000848 (0x00800413) li      s0, 8
core   0: 3 0x80000848 (0x00800413) x 8 0x00000008
core   0: 0x8000084c (0x0000952e) c.add   a0, a1
core   0: 3 0x8000084c (0x952e) x10 0x1ff7ffe7
core   0: 0x8000084e (0x036f88b3) mul     a7, t6, s6
core   0: 3 0x8000084e (0x036f88b3) x17 0x000001ff
core   0: 0x80000852 (0x00001769) c.addi  a4, -6
core   0: 3 0x80000852 (0x1769) x14 0x00000004
core   0: 0x80000854 (0xfe877ce3) bgeu    a4, s0, pc - 8
core   0: 3 0x80000854 (0xfe877ce3)
core   0: 0x80000858 (0x02a81ab3) mulh    s5, a6, a0
core   0: 3 0x80000858 (0x02a81ab3) x21 0x00000000
core   0: 0x8000085c (0x00008e35) c.xor   a2, a3
core   0: 3 0x8000085c (0x8e35) x12 0x52bd66e8
core   0: 0x8000085e (0x00000001) c.nop
core   0: 3 0x8000085e (0x0001)
core   0: 0x80000860 (0x03942f33) mulhsu  t5, s0, s9
core   0: 3 0x80000860 (0x03942f33) x30 0x00000000
core   0: 0x80000864 (0x41d1dfb3) sra     t6, gp, t4
core   0: 3 0x80000864 (0x41d1dfb3) x31 0x000001ff
core   0: 0x80000868 (0xfddc95e3) bne     s9, t4, pc - 54
core   0: 3 0x80000868 (0xfddc95e3)
core   0: 0x80000832 (0x00009592) c.add   a1, tp
core   0: 3 0x80000832 (0x9592) x11 0x1ff7ffe0
core   0: 0x80000834 (0x00000c85) c.addi  s9, 1
core   0: 3 0x80000834 (0x0c85) x25 0x00000011
core   0: 0x80000836 (0x52bd46b7) lui     a3, 0x52bd4
core   0: 3 0x80000836 (0x52bd46b7) x13 0x52bd4000
core   0: 0x8000083a (0x00a00713) li      a4, 10
core   0: 3 0x8000083a (0x00a00713) x14 0x0000000a
core   0: 0x8000083e (0xee9af913) andi    s2, s5, -279
core   0: 3 0x8000083e (0xee9af913) x18 0x00000000
core   0: 0x80000842 (0x17ec4513) xori    a0, s8, 382
core   0: 3 0x80000842 (0x17ec4513) x10 0xfffffe81
core   0: 0x80000846 (0x00008175) c.srli  a0, 29
core   0: 3 0x80000846 (0x8175) x10 0x00000007
core   0: 0x80000848 (0x00800413) li      s0, 8
core   0: 3 0x80000848 (0x00800413) x 8 0x00000008
core   0: 0x8000084c (0x0000952e) c.add   a0, a1
core   0: 3 0x8000084c (0x952e) x10 0x1ff7ffe7
core   0: 0x8000084e (0x036f88b3) mul     a7, t6, s6
core   0: 3 0x8000084e (0x036f88b3) x17 0x000001ff
core   0: 0x80000852 (0x00001769) c.addi  a4, -6
core   0: 3 0x80000852 (0x1769) x14 0x00000004
core   0: 0x80000854 (0xfe877ce3) bgeu    a4, s0, pc - 8
core   0: 3 0x80000854 (0xfe877ce3)
core   0: 0x80000858 (0x02a81ab3) mulh    s5, a6, a0
core   0: 3 0x80000858 (0x02a81ab3) x21 0x00000000
core   0: 0x8000085c (0x00008e35) c.xor   a2, a3
core   0: 3 0x8000085c (0x8e35) x12 0x000026e8
core   0: 0x8000085e (0x00000001) c.nop
core   0: 3 0x8000085e (0x0001)
core   0: 0x80000860 (0x03942f33) mulhsu  t5, s0, s9
core   0: 3 0x80000860 (0x03942f33) x30 0x00000000
core   0: 0x80000864 (0x41d1dfb3) sra     t6, gp, t4
core   0: 3 0x80000864 (0x41d1dfb3) x31 0x000001ff
core   0: 0x80000868 (0xfddc95e3) bne     s9, t4, pc - 54
core   0: 3 0x80000868 (0xfddc95e3)
core   0: 0x80000832 (0x00009592) c.add   a1, tp
core   0: 3 0x80000832 (0x9592) x11 0x1ff7ffe0
core   0: 0x80000834 (0x00000c85) c.addi  s9, 1
core   0: 3 0x80000834 (0x0c85) x25 0x00000012
core   0: 0x80000836 (0x52bd46b7) lui     a3, 0x52bd4
core   0: 3 0x80000836 (0x52bd46b7) x13 0x52bd4000
core   0: 0x8000083a (0x00a00713) li      a4, 10
core   0: 3 0x8000083a (0x00a00713) x14 0x0000000a
core   0: 0x8000083e (0xee9af913) andi    s2, s5, -279
core   0: 3 0x8000083e (0xee9af913) x18 0x00000000
core   0: 0x80000842 (0x17ec4513) xori    a0, s8, 382
core   0: 3 0x80000842 (0x17ec4513) x10 0xfffffe81
core   0: 0x80000846 (0x00008175) c.srli  a0, 29
core   0: 3 0x80000846 (0x8175) x10 0x00000007
core   0: 0x80000848 (0x00800413) li      s0, 8
core   0: 3 0x80000848 (0x00800413) x 8 0x00000008
core   0: 0x8000084c (0x0000952e) c.add   a0, a1
core   0: 3 0x8000084c (0x952e) x10 0x1ff7ffe7
core   0: 0x8000084e (0x036f88b3) mul     a7, t6, s6
core   0: 3 0x8000084e (0x036f88b3) x17 0x000001ff
core   0: 0x80000852 (0x00001769) c.addi  a4, -6
core   0: 3 0x80000852 (0x1769) x14 0x00000004
core   0: 0x80000854 (0xfe877ce3) bgeu    a4, s0, pc - 8
core   0: 3 0x80000854 (0xfe877ce3)
core   0: 0x80000858 (0x02a81ab3) mulh    s5, a6, a0
core   0: 3 0x80000858 (0x02a81ab3) x21 0x00000000
core   0: 0x8000085c (0x00008e35) c.xor   a2, a3
core   0: 3 0x8000085c (0x8e35) x12 0x52bd66e8
core   0: 0x8000085e (0x00000001) c.nop
core   0: 3 0x8000085e (0x0001)
core   0: 0x80000860 (0x03942f33) mulhsu  t5, s0, s9
core   0: 3 0x80000860 (0x03942f33) x30 0x00000000
core   0: 0x80000864 (0x41d1dfb3) sra     t6, gp, t4
core   0: 3 0x80000864 (0x41d1dfb3) x31 0x000001ff
core   0: 0x80000868 (0xfddc95e3) bne     s9, t4, pc - 54
core   0: 3 0x80000868 (0xfddc95e3)
core   0: 0x80000832 (0x00009592) c.add   a1, tp
core   0: 3 0x80000832 (0x9592) x11 0x1ff7ffe0
core   0: 0x80000834 (0x00000c85) c.addi  s9, 1
core   0: 3 0x80000834 (0x0c85) x25 0x00000013
core   0: 0x80000836 (0x52bd46b7) lui     a3, 0x52bd4
core   0: 3 0x80000836 (0x52bd46b7) x13 0x52bd4000
core   0: 0x8000083a (0x00a00713) li      a4, 10
core   0: 3 0x8000083a (0x00a00713) x14 0x0000000a
core   0: 0x8000083e (0xee9af913) andi    s2, s5, -279
core   0: 3 0x8000083e (0xee9af913) x18 0x00000000
core   0: 0x80000842 (0x17ec4513) xori    a0, s8, 382
core   0: 3 0x80000842 (0x17ec4513) x10 0xfffffe81
core   0: 0x80000846 (0x00008175) c.srli  a0, 29
core   0: 3 0x80000846 (0x8175) x10 0x00000007
core   0: 0x80000848 (0x00800413) li      s0, 8
core   0: 3 0x80000848 (0x00800413) x 8 0x00000008
core   0: 0x8000084c (0x0000952e) c.add   a0, a1
core   0: 3 0x8000084c (0x952e) x10 0x1ff7ffe7
core   0: 0x8000084e (0x036f88b3) mul     a7, t6, s6
core   0: 3 0x8000084e (0x036f88b3) x17 0x000001ff
core   0: 0x80000852 (0x00001769) c.addi  a4, -6
core   0: 3 0x80000852 (0x1769) x14 0x00000004
core   0: 0x80000854 (0xfe877ce3) bgeu    a4, s0, pc - 8
core   0: 3 0x80000854 (0xfe877ce3)
core   0: 0x80000858 (0x02a81ab3) mulh    s5, a6, a0
core   0: 3 0x80000858 (0x02a81ab3) x21 0x00000000
core   0: 0x8000085c (0x00008e35) c.xor   a2, a3
core   0: 3 0x8000085c (0x8e35) x12 0x000026e8
core   0: 0x8000085e (0x00000001) c.nop
core   0: 3 0x8000085e (0x0001)
core   0: 0x80000860 (0x03942f33) mulhsu  t5, s0, s9
core   0: 3 0x80000860 (0x03942f33) x30 0x00000000
core   0: 0x80000864 (0x41d1dfb3) sra     t6, gp, t4
core   0: 3 0x80000864 (0x41d1dfb3) x31 0x000001ff
core   0: 0x80000868 (0xfddc95e3) bne     s9, t4, pc - 54
core   0: 3 0x80000868 (0xfddc95e3)
core   0: 0x80000832 (0x00009592) c.add   a1, tp
core   0: 3 0x80000832 (0x9592) x11 0x1ff7ffe0
core   0: 0x80000834 (0x00000c85) c.addi  s9, 1
core   0: 3 0x80000834 (0x0c85) x25 0x00000014
core   0: 0x80000836 (0x52bd46b7) lui     a3, 0x52bd4
core   0: 3 0x80000836 (0x52bd46b7) x13 0x52bd4000
core   0: 0x8000083a (0x00a00713) li      a4, 10
core   0: 3 0x8000083a (0x00a00713) x14 0x0000000a
core   0: 0x8000083e (0xee9af913) andi    s2, s5, -279
core   0: 3 0x8000083e (0xee9af913) x18 0x00000000
core   0: 0x80000842 (0x17ec4513) xori    a0, s8, 382
core   0: 3 0x80000842 (0x17ec4513) x10 0xfffffe81
core   0: 0x80000846 (0x00008175) c.srli  a0, 29
core   0: 3 0x80000846 (0x8175) x10 0x00000007
core   0: 0x80000848 (0x00800413) li      s0, 8
core   0: 3 0x80000848 (0x00800413) x 8 0x00000008
core   0: 0x8000084c (0x0000952e) c.add   a0, a1
core   0: 3 0x8000084c (0x952e) x10 0x1ff7ffe7
core   0: 0x8000084e (0x036f88b3) mul     a7, t6, s6
core   0: 3 0x8000084e (0x036f88b3) x17 0x000001ff
core   0: 0x80000852 (0x00001769) c.addi  a4, -6
core   0: 3 0x80000852 (0x1769) x14 0x00000004
core   0: 0x80000854 (0xfe877ce3) bgeu    a4, s0, pc - 8
core   0: 3 0x80000854 (0xfe877ce3)
core   0: 0x80000858 (0x02a81ab3) mulh    s5, a6, a0
core   0: 3 0x80000858 (0x02a81ab3) x21 0x00000000
core   0: 0x8000085c (0x00008e35) c.xor   a2, a3
core   0: 3 0x8000085c (0x8e35) x12 0x52bd66e8
core   0: 0x8000085e (0x00000001) c.nop
core   0: 3 0x8000085e (0x0001)
core   0: 0x80000860 (0x03942f33) mulhsu  t5, s0, s9
core   0: 3 0x80000860 (0x03942f33) x30 0x00000000
core   0: 0x80000864 (0x41d1dfb3) sra     t6, gp, t4
core   0: 3 0x80000864 (0x41d1dfb3) x31 0x000001ff
core   0: 0x80000868 (0xfddc95e3) bne     s9, t4, pc - 54
core   0: 3 0x80000868 (0xfddc95e3)
core   0: 0x8000086c (0x001db3b3) sltu    t2, s11, ra
core   0: 3 0x8000086c (0x001db3b3) x 7 0x00000001
core   0: 0x80000870 (0xffe00593) li      a1, -2
core   0: 3 0x80000870 (0xffe00593) x11 0xfffffffe
core   0: 0x80000874 (0x00000001) c.nop
core   0: 3 0x80000874 (0x0001)
core   0: 0x80000876 (0x028a8d33) mul     s10, s5, s0
core   0: 3 0x80000876 (0x028a8d33) x26 0x00000000
core   0: 0x8000087a (0x00d81893) slli    a7, a6, 13
core   0: 3 0x8000087a (0x00d81893) x17 0x00000000
core   0: 0x8000087e (0xf4c58893) addi    a7, a1, -180
core   0: 3 0x8000087e (0xf4c58893) x17 0xffffff4a
core   0: 0x80000882 (0x00001810) c.addi4spn a2, sp, 48
core   0: 3 0x80000882 (0x1810) x12 0x0000063a
core   0: 0x80000884 (0x00006c99) c.lui   s9, 0x6
core   0: 3 0x80000884 (0x6c99) x25 0x00006000
core   0: 0x80000886 (0x483afc93) andi    s9, s5, 1155
core   0: 3 0x80000886 (0x483afc93) x25 0x00000000
core   0: 0x8000088a (0x000091d2) c.add   gp, s4
core   0: 3 0x8000088a (0x91d2) x 3 0x1ff805ea
core   0: 0x8000088c (0x00000585) c.addi  a1, 1
core   0: 3 0x8000088c (0x0585) x11 0xffffffff
core   0: 0x8000088e (0x0162d433) srl     s0, t0, s6
core   0: 3 0x8000088e (0x0162d433) x 8 0x00000000
core   0: 0x80000892 (0x0000d5f5) c.beqz  a1, pc - 20
core   0: 3 0x80000892 (0xd5f5)
core   0: 0x80000894 (0x029f3f33) mulhu   t5, t5, s1
core   0: 3 0x80000894 (0x029f3f33) x30 0x00000000
core   0: 0x80000898 (0x00400813) li      a6, 4
core   0: 3 0x80000898 (0x00400813) x16 0x00000004
core   0: 0x8000089c (0x017f96b3) sll     a3, t6, s7
core   0: 3 0x8000089c (0x017f96b3) x13 0x00001ff0
core   0: 0x800008a0 (0x01ac9c33) sll     s8, s9, s10
core   0: 3 0x800008a0 (0x01ac9c33) x24 0x00000000
core   0: 0x800008a4 (0x02b55ab3) divu    s5, a0, a1
core   0: 3 0x800008a4 (0x02b55ab3) x21 0x00000000
core   0: 0x800008a8 (0x00008ed1) c.or    a3, a2
core   0: 3 0x800008a8 (0x8ed1) x13 0x00001ffa
core   0: 0x800008aa (0xff400193) li      gp, -12
core   0: 3 0x800008aa (0xff400193) x 3 0xfffffff4
core   0: 0x800008ae (0x80958c93) addi    s9, a1, -2039
core   0: 3 0x800008ae (0x80958c93) x25 0xfffff808
core   0: 0x800008b2 (0xe4b78ab7) lui     s5, 0xe4b78
core   0: 3 0x800008b2 (0xe4b78ab7) x21 0xe4b78000
core   0: 0x800008b6 (0x00008e5d) c.or    a2, a5
core   0: 3 0x800008b6 (0x8e5d) x12 0x8000063a
core   0: 0x800008b8 (0x0000185d) c.addi  a6, -9
core   0: 3 0x800008b8 (0x185d) x16 0xfffffffb
core   0: 0x800008ba (0xfe385ce3) bge     a6, gp, pc - 8
core   0: 3 0x800008ba (0xfe385ce3)
core   0: 0x800008b2 (0xe4b78ab7) lui     s5, 0xe4b78
core   0: 3 0x800008b2 (0xe4b78ab7) x21 0xe4b78000
core   0: 0x800008b6 (0x00008e5d) c.or    a2, a5
core   0: 3 0x800008b6 (0x8e5d) x12 0x8000063a
core   0: 0x800008b8 (0x0000185d) c.addi  a6, -9
core   0: 3 0x800008b8 (0x185d) x16 0xfffffff2
core   0: 0x800008ba (0xfe385ce3) bge     a6, gp, pc - 8
core   0: 3 0x800008ba (0xfe385ce3)
core   0: 0x800008be (0x00009a3a) c.add   s4, a4
core   0: 3 0x800008be (0x9a3a) x20 0x0000060e
core   0: 0x800008c0 (0x00600b13) li      s6, 6
core   0: 3 0x800008c0 (0x00600b13) x22 0x00000006
core   0: 0x800008c4 (0x00500613) li      a2, 5
core   0: 3 0x800008c4 (0x00500613) x12 0x00000005
core   0: 0x800008c8 (0x035986b3) mul     a3, s3, s5
core   0: 3 0x800008c8 (0x035986b3) x13 0x00000000
core   0: 0x800008cc (0x00001b75) c.addi  s6, -3
core   0: 3 0x800008cc (0x1b75) x22 0x00000003
core   0: 0x800008ce (0x00900393) li      t2, 9
core   0: 3 0x800008ce (0x00900393) x 7 0x00000009
core   0: 0x800008d2 (0x0000100f) fence.i
core   0: 3 0x800008d2 (0x0000100f)
core   0: 0x800008d6 (0x00b00d13) li      s10, 11
core   0: 3 0x800008d6 (0x00b00d13) x26 0x0000000b
core   0: 0x800008da (0x02a81c33) mulh    s8, a6, a0
core   0: 3 0x800008da (0x02a81c33) x24 0xfffffffe
core   0: 0x800008de (0x000003a9) c.addi  t2, 10
core   0: 3 0x800008de (0x03a9) x 7 0x00000013
core   0: 0x800008e0 (0xffa3cde3) blt     t2, s10, pc - 6
core   0: 3 0x800008e0 (0xffa3cde3)
core   0: 0x800008e4 (0xfecb52e3) bge     s6, a2, pc - 28
core   0: 3 0x800008e4 (0xfecb52e3)
core   0: 0x800008e8 (0x00000001) c.nop
core   0: 3 0x800008e8 (0x0001)
core   0: 0x800008ea (0x00500d13) li      s10, 5
core   0: 3 0x800008ea (0x00500d13) x26 0x00000005
core   0: 0x800008ee (0x02964333) div     t1, a2, s1
core   0: 3 0x800008ee (0x02964333) x 6 0x00000000
core   0: 0x800008f2 (0x00e00813) li      a6, 14
core   0: 3 0x800008f2 (0x00e00813) x16 0x0000000e
core   0: 0x800008f6 (0x00004cf9) c.li    s9, 30
core   0: 3 0x800008f6 (0x4cf9) x25 0x0000001e
core   0: 0x800008f8 (0x00000d0d) c.addi  s10, 3
core   0: 3 0x800008f8 (0x0d0d) x26 0x00000008
core   0: 0x800008fa (0xff0d0ee3) beq     s10, a6, pc - 4
core   0: 3 0x800008fa (0xff0d0ee3)
core   0: 0x800008fe (0x01c61e33) sll     t3, a2, t3
core   0: 3 0x800008fe (0x01c61e33) x28 0x00000005
core   0: 0x80000902 (0x00000413) li      s0, 0
core   0: 3 0x80000902 (0x00000413) x 8 0x00000000
core   0: 0x80000906 (0x03a139b3) mulhu   s3, sp, s10
core   0: 3 0x80000906 (0x03a139b3) x19 0x00000000
core   0: 0x8000090a (0xfee00a93) li      s5, -18
core   0: 3 0x8000090a (0xfee00a93) x21 0xffffffee
core   0: 0x8000090e (0x00008d8d) c.sub   a1, a1
core   0: 3 0x8000090e (0x8d8d) x11 0x00000000
core   0: 0x80000910 (0x00006121) c.addi16sp sp, 64
core   0: 3 0x80000910 (0x6121) x 2 0x0000064a
core   0: 0x80000912 (0x00001475) c.addi  s0, -3
core   0: 3 0x80000912 (0x1475) x 8 0xfffffffd
core   0: 0x80000914 (0xffa00693) li      a3, -6
core   0: 3 0x80000914 (0xffa00693) x13 0xfffffffa
core   0: 0x80000918 (0x00d1b833) sltu    a6, gp, a3
core   0: 3 0x80000918 (0x00d1b833) x16 0x00000001
core   0: 0x8000091c (0x0ff0000f) fence   iorw,iorw
core   0: 3 0x8000091c (0x0ff0000f)
core   0: 0x80000920 (0x00000e56) c.slli  t3, 21
core   0: 3 0x80000920 (0x0e56) x28 0x00a00000
core   0: 0x80000922 (0x00700c93) li      s9, 7
core   0: 3 0x80000922 (0x00700c93) x25 0x00000007
core   0: 0x80000926 (0x91ed0813) addi    a6, s10, -1762
core   0: 3 0x80000926 (0x91ed0813) x16 0xfffff926
core   0: 0x8000092a (0x0000863e) c.mv    a2, a5
core   0: 3 0x8000092a (0x863e) x12 0x80000000
core   0: 0x8000092c (0x000006a9) c.addi  a3, 10
core   0: 3 0x8000092c (0x06a9) x13 0x00000004
core   0: 0x8000092e (0xff96eee3) bltu    a3, s9, pc - 4
core   0: 3 0x8000092e (0xff96eee3)
core   0: 0x8000092a (0x0000863e) c.mv    a2, a5
core   0: 3 0x8000092a (0x863e) x12 0x80000000
core   0: 0x8000092c (0x000006a9) c.addi  a3, 10
core   0: 3 0x8000092c (0x06a9) x13 0x0000000e
core   0: 0x8000092e (0xff96eee3) bltu    a3, s9, pc - 4
core   0: 3 0x8000092e (0xff96eee3)
core   0: 0x80000932 (0x000faeb3) slt     t4, t6, zero
core   0: 3 0x80000932 (0x000faeb3) x29 0x00000000
core   0: 0x80000936 (0x0068f3b3) and     t2, a7, t1
core   0: 3 0x80000936 (0x0068f3b3) x 7 0x00000000
core   0: 0x8000093a (0x49a21f97) auipc   t6, 0x49a21
core   0: 3 0x8000093a (0x49a21f97) x31 0xc9a2193a
core   0: 0x8000093e (0xfd5408e3) beq     s0, s5, pc - 48
core   0: 3 0x8000093e (0xfd5408e3)
core   0: 0x80000942 (0x02ff7c33) remu    s8, t5, a5
core   0: 3 0x80000942 (0x02ff7c33) x24 0x00000000
core   0: 0x80000946 (0x00800513) li      a0, 8
core   0: 3 0x80000946 (0x00800513) x10 0x00000008
core   0: 0x8000094a (0x00800293) li      t0, 8
core   0: 3 0x8000094a (0x00800293) x 5 0x00000008
core   0: 0x8000094e (0x016b43b3) xor     t2, s6, s6
core   0: 3 0x8000094e (0x016b43b3) x 7 0x00000000
core   0: 0x80000952 (0x00f6feb3) and     t4, a3, a5
core   0: 3 0x80000952 (0x00f6feb3) x29 0x00000000
core   0: 0x80000956 (0x02324733) div     a4, tp, gp
core   0: 3 0x80000956 (0x02324733) x14 0x00000000
core   0: 0x8000095a (0x009508b3) add     a7, a0, s1
core   0: 3 0x8000095a (0x009508b3) x17 0x80025cec
core   0: 0x8000095e (0x00fd45b3) xor     a1, s10, a5
core   0: 3 0x8000095e (0x00fd45b3) x11 0x80000008
core   0: 0x80000962 (0x00001579) c.addi  a0, -2
core   0: 3 0x80000962 (0x1579) x10 0x00000006
core   0: 0x80000964 (0x40530033) sub     zero, t1, t0
core   0: 3 0x80000964 (0x40530033)
core   0: 0x80000968 (0x0338b6b3) mulhu   a3, a7, s3
core   0: 3 0x80000968 (0x0338b6b3) x13 0x00000000
core   0: 0x8000096c (0x00006f55) c.lui   t5, 0x15
core   0: 3 0x8000096c (0x6f55) x30 0x00015000
core   0: 0x8000096e (0xcc69e893) ori     a7, s3, -826
core   0: 3 0x8000096e (0xcc69e893) x17 0xfffffcc6
core   0: 0x80000972 (0x419c83b3) sub     t2, s9, s9
core   0: 3 0x80000972 (0x419c83b3) x 7 0x00000000
core   0: 0x80000976 (0x00006c41) c.lui   s8, 0x10
core   0: 3 0x80000976 (0x6c41) x24 0x00010000
core   0: 0x80000978 (0x00de6e33) or      t3, t3, a3
core   0: 3 0x80000978 (0x00de6e33) x28 0x00a00000
core   0: 0x8000097c (0xfc557fe3) bgeu    a0, t0, pc - 34
core   0: 3 0x8000097c (0xfc557fe3)
core   0: 0x80000980 (0x00008755) c.srai  a4, 21
core   0: 3 0x80000980 (0x8755) x14 0x00000000
core   0: 0x80000982 (0xffa00713) li      a4, -6
core   0: 3 0x80000982 (0xffa00713) x14 0xfffffffa
core   0: 0x80000986 (0x00008ef9) c.and   a3, a4
core   0: 3 0x80000986 (0x8ef9) x13 0x00000000
core   0: 0x80000988 (0x00005dfd) c.li    s11, -1
core   0: 3 0x80000988 (0x5dfd) x27 0xffffffff
core   0: 0x8000098a (0x00008ecd) c.or    a3, a1
core   0: 3 0x8000098a (0x8ecd) x13 0x80000008
core   0: 0x8000098c (0x000041ad) c.li    gp, 11
core   0: 3 0x8000098c (0x41ad) x 3 0x0000000b
core   0: 0x8000098e (0x003b1693) slli    a3, s6, 3
core   0: 3 0x8000098e (0x003b1693) x13 0x00000018
core   0: 0x80000992 (0x000099fd) c.andi  a1, -1
core   0: 3 0x80000992 (0x99fd) x11 0x80000008
core   0: 0x80000994 (0x02d912b3) mulh    t0, s2, a3
core   0: 3 0x80000994 (0x02d912b3) x 5 0x00000000
core   0: 0x80000998 (0x00000001) c.nop
core   0: 3 0x80000998 (0x0001)
core   0: 0x8000099a (0x01c19613) slli    a2, gp, 28
core   0: 3 0x8000099a (0x01c19613) x12 0xb0000000
core   0: 0x8000099e (0x0ff0000f) fence   iorw,iorw
core   0: 3 0x8000099e (0x0ff0000f)
core   0: 0x800009a2 (0x00006e41) c.lui   t3, 0x10
core   0: 3 0x800009a2 (0x6e41) x28 0x00010000
core   0: 0x800009a4 (0x925abf97) auipc   t6, 0x925ab
core   0: 3 0x800009a4 (0x925abf97) x31 0x125ab9a4
core   0: 0x800009a8 (0x12942cb7) lui     s9, 0x12942
core   0: 3 0x800009a8 (0x12942cb7) x25 0x12942000
core   0: 0x800009ac (0xfc2ee337) lui     t1, 0xfc2ee
core   0: 3 0x800009ac (0xfc2ee337) x 6 0xfc2ee000
core   0: 0x800009b0 (0x0134c333) xor     t1, s1, s3
core   0: 3 0x800009b0 (0x0134c333) x 6 0x80025ce4
core   0: 0x800009b4 (0x00000709) c.addi  a4, 2
core   0: 3 0x800009b4 (0x0709) x14 0xfffffffc
core   0: 0x800009b6 (0x0000fb7d) c.bnez  a4, pc - 10
core   0: 3 0x800009b6 (0xfb7d)
core   0: 0x800009ac (0xfc2ee337) lui     t1, 0xfc2ee
core   0: 3 0x800009ac (0xfc2ee337) x 6 0xfc2ee000
core   0: 0x800009b0 (0x0134c333) xor     t1, s1, s3
core   0: 3 0x800009b0 (0x0134c333) x 6 0x80025ce4
core   0: 0x800009b4 (0x00000709) c.addi  a4, 2
core   0: 3 0x800009b4 (0x0709) x14 0xfffffffe
core   0: 0x800009b6 (0x0000fb7d) c.bnez  a4, pc - 10
core   0: 3 0x800009b6 (0xfb7d)
core   0: 0x800009ac (0xfc2ee337) lui     t1, 0xfc2ee
core   0: 3 0x800009ac (0xfc2ee337) x 6 0xfc2ee000
core   0: 0x800009b0 (0x0134c333) xor     t1, s1, s3
core   0: 3 0x800009b0 (0x0134c333) x 6 0x80025ce4
core   0: 0x800009b4 (0x00000709) c.addi  a4, 2
core   0: 3 0x800009b4 (0x0709) x14 0x00000000
core   0: 0x800009b6 (0x0000fb7d) c.bnez  a4, pc - 10
core   0: 3 0x800009b6 (0xfb7d)
core   0: 0x800009b8 (0x01ec28b3) slt     a7, s8, t5
core   0: 3 0x800009b8 (0x01ec28b3) x17 0x00000001
core   0: 0x800009bc (0x00100d93) li      s11, 1
core   0: 3 0x800009bc (0x00100d93) x27 0x00000001
core   0: 0x800009c0 (0x00600e93) li      t4, 6
core   0: 3 0x800009c0 (0x00600e93) x29 0x00000006
core   0: 0x800009c4 (0xd5e84813) xori    a6, a6, -674
core   0: 3 0x800009c4 (0xd5e84813) x16 0x00000478
core   0: 0x800009c8 (0x00000d95) c.addi  s11, 5
core   0: 3 0x800009c8 (0x0d95) x27 0x00000006
core   0: 0x800009ca (0x00006111) c.addi16sp sp, 256
core   0: 3 0x800009ca (0x6111) x 2 0x0000074a
core   0: 0x800009cc (0xffc00513) li      a0, -4
core   0: 3 0x800009cc (0xffc00513) x10 0xfffffffc
core   0: 0x800009d0 (0x00000001) c.nop
core   0: 3 0x800009d0 (0x0001)
core   0: 0x800009d2 (0x00008211) c.srli  a2, 4
core   0: 3 0x800009d2 (0x8211) x12 0x0b000000
core   0: 0x800009d4 (0xbdb5fc13) andi    s8, a1, -1061
core   0: 3 0x800009d4 (0xbdb5fc13) x24 0x80000008
core   0: 0x800009d8 (0x00000505) c.addi  a0, 1
core   0: 3 0x800009d8 (0x0505) x10 0xfffffffd
core   0: 0x800009da (0x0000dd6d) c.beqz  a0, pc - 6
core   0: 3 0x800009da (0xdd6d)
core   0: 0x800009dc (0xffdd84e3) beq     s11, t4, pc - 24
core   0: 3 0x800009dc (0xffdd84e3)
core   0: 0x800009c4 (0xd5e84813) xori    a6, a6, -674
core   0: 3 0x800009c4 (0xd5e84813) x16 0xfffff926
core   0: 0x800009c8 (0x00000d95) c.addi  s11, 5
core   0: 3 0x800009c8 (0x0d95) x27 0x0000000b
core   0: 0x800009ca (0x00006111) c.addi16sp sp, 256
core   0: 3 0x800009ca (0x6111) x 2 0x0000084a
core   0: 0x800009cc (0xffc00513) li      a0, -4
core   0: 3 0x800009cc (0xffc00513) x10 0xfffffffc
core   0: 0x800009d0 (0x00000001) c.nop
core   0: 3 0x800009d0 (0x0001)
core   0: 0x800009d2 (0x00008211) c.srli  a2, 4
core   0: 3 0x800009d2 (0x8211) x12 0x00b00000
core   0: 0x800009d4 (0xbdb5fc13) andi    s8, a1, -1061
core   0: 3 0x800009d4 (0xbdb5fc13) x24 0x80000008
core   0: 0x800009d8 (0x00000505) c.addi  a0, 1
core   0: 3 0x800009d8 (0x0505) x10 0xfffffffd
core   0: 0x800009da (0x0000dd6d) c.beqz  a0, pc - 6
core   0: 3 0x800009da (0xdd6d)
core   0: 0x800009dc (0xffdd84e3) beq     s11, t4, pc - 24
core   0: 3 0x800009dc (0xffdd84e3)
core   0: 0x800009e0 (0x00000001) c.nop
core   0: 3 0x800009e0 (0x0001)
core   0: 0x800009e2 (0x00000593) li      a1, 0
core   0: 3 0x800009e2 (0x00000593) x11 0x00000000
core   0: 0x800009e6 (0x01200313) li      t1, 18
core   0: 3 0x800009e6 (0x01200313) x 6 0x00000012
core   0: 0x800009ea (0x5ec7b537) lui     a0, 0x5ec7b
core   0: 3 0x800009ea (0x5ec7b537) x10 0x5ec7b000
core   0: 0x800009ee (0x3a41d737) lui     a4, 0x3a41d
core   0: 3 0x800009ee (0x3a41d737) x14 0x3a41d000
core   0: 0x800009f2 (0x00000589) c.addi  a1, 2
core   0: 3 0x800009f2 (0x0589) x11 0x00000002
core   0: 0x800009f4 (0xff700093) li      ra, -9
core   0: 3 0x800009f4 (0xff700093) x 1 0xfffffff7
core   0: 0x800009f8 (0x00600613) li      a2, 6
core   0: 3 0x800009f8 (0x00600613) x12 0x00000006
core   0: 0x800009fc (0x00008c31) c.xor   s0, a2
core   0: 3 0x800009fc (0x8c31) x 8 0xfffffffb
core   0: 0x800009fe (0x0269a433) mulhsu  s0, s3, t1
core   0: 3 0x800009fe (0x0269a433) x 8 0x00000000
core   0: 0x80000a02 (0x0000008d) c.addi  ra, 3
core   0: 3 0x80000a02 (0x008d) x 1 0xfffffffa
core   0: 0x80000a04 (0xfec0ece3) bltu    ra, a2, pc - 8
core   0: 3 0x80000a04 (0xfec0ece3)
core   0: 0x80000a08 (0xfe6583e3) beq     a1, t1, pc - 26
core   0: 3 0x80000a08 (0xfe6583e3)
core   0: 0x80000a0c (0x004a5e33) srl     t3, s4, tp
core   0: 3 0x80000a0c (0x004a5e33) x28 0x0000060e
core   0: 0x80000a10 (0x00700413) li      s0, 7
core   0: 3 0x80000a10 (0x00700413) x 8 0x00000007
core   0: 0x80000a14 (0xe41dbe93) sltiu   t4, s11, -447
core   0: 3 0x80000a14 (0xe41dbe93) x29 0x00000001
core   0: 0x80000a18 (0x00700a13) li      s4, 7
core   0: 3 0x80000a18 (0x00700a13) x20 0x00000007
core   0: 0x80000a1c (0x01dd9333) sll     t1, s11, t4
core   0: 3 0x80000a1c (0x01dd9333) x 6 0x00000016
core   0: 0x80000a20 (0x00000001) c.nop
core   0: 3 0x80000a20 (0x0001)
core   0: 0x80000a22 (0x00004d1d) c.li    s10, 7
core   0: 3 0x80000a22 (0x4d1d) x26 0x00000007
core   0: 0x80000a24 (0x008ea333) slt     t1, t4, s0
core   0: 3 0x80000a24 (0x008ea333) x 6 0x00000001
core   0: 0x80000a28 (0x00001475) c.addi  s0, -3
core   0: 3 0x80000a28 (0x1475) x 8 0x00000004
core   0: 0x80000a2a (0x0359f633) remu    a2, s3, s5
core   0: 3 0x80000a2a (0x0359f633) x12 0x00000000
core   0: 0x80000a2e (0x00000001) c.nop
core   0: 3 0x80000a2e (0x0001)
core   0: 0x80000a30 (0x00008535) c.srai  a0, 13
core   0: 3 0x80000a30 (0x8535) x10 0x0002f63d
core   0: 0x80000a32 (0x0ff0000f) fence   iorw,iorw
core   0: 3 0x80000a32 (0x0ff0000f)
core   0: 0x80000a36 (0x03a593b3) mulh    t2, a1, s10
core   0: 3 0x80000a36 (0x03a593b3) x 7 0x00000000
core   0: 0x80000a3a (0x0000557d) c.li    a0, -1
core   0: 3 0x80000a3a (0x557d) x10 0xffffffff
core   0: 0x80000a3c (0x00008191) c.srli  a1, 4
core   0: 3 0x80000a3c (0x8191) x11 0x00000000
core   0: 0x80000a3e (0x03aec5b3) div     a1, t4, s10
core   0: 3 0x80000a3e (0x03aec5b3) x11 0x00000000
core   0: 0x80000a42 (0x40525633) sra     a2, tp, t0
core   0: 3 0x80000a42 (0x40525633) x12 0x00000000
core   0: 0x80000a46 (0x00000c18) c.addi4spn a4, sp, 528
core   0: 3 0x80000a46 (0x0c18) x14 0x00000a5a
core   0: 0x80000a48 (0x000059fd) c.li    s3, -1
core   0: 3 0x80000a48 (0x59fd) x19 0xffffffff
core   0: 0x80000a4a (0x0000717d) c.addi16sp sp, -16
core   0: 3 0x80000a4a (0x717d) x 2 0x0000083a
core   0: 0x80000a4c (0x00009ff6) c.add   t6, t4
core   0: 3 0x80000a4c (0x9ff6) x31 0x125ab9a5
core   0: 0x80000a4e (0x89ff4e93) xori    t4, t5, -1889
core   0: 3 0x80000a4e (0x89ff4e93) x29 0xfffea89f
core   0: 0x80000a52 (0x40355233) sra     tp, a0, gp
core   0: 3 0x80000a52 (0x40355233) x 4 0xffffffff
core   0: 0x80000a56 (0x4165dc13) srai    s8, a1, 22
core   0: 3 0x80000a56 (0x4165dc13) x24 0x00000000
core   0: 0x80000a5a (0x27252217) auipc   tp, 0x27252
core   0: 3 0x80000a5a (0x27252217) x 4 0xa7252a5a
core   0: 0x80000a5e (0xfd4472e3) bgeu    s0, s4, pc - 60
core   0: 3 0x80000a5e (0xfd4472e3)
core   0: 0x80000a62 (0x0000128c) c.addi4spn a1, sp, 352
core   0: 3 0x80000a62 (0x128c) x11 0x0000099a
core   0: 0x80000a64 (0x00700693) li      a3, 7
core   0: 3 0x80000a64 (0x00700693) x13 0x00000007
core   0: 0x80000a68 (0x00d41e93) slli    t4, s0, 13
core   0: 3 0x80000a68 (0x00d41e93) x29 0x00008000
core   0: 0x80000a6c (0xffd00d13) li      s10, -3
core   0: 3 0x80000a6c (0xffd00d13) x26 0xfffffffd
core   0: 0x80000a70 (0x00008dfd) c.and   a1, a5
core   0: 3 0x80000a70 (0x8dfd) x11 0x00000000
core   0: 0x80000a72 (0x004d6db3) or      s11, s10, tp
core   0: 3 0x80000a72 (0x004d6db3) x27 0xffffffff
core   0: 0x80000a76 (0x00008db9) c.xor   a1, a4
core   0: 3 0x80000a76 (0x8db9) x11 0x00000a5a
core   0: 0x80000a78 (0x00ad8cb3) add     s9, s11, a0
core   0: 3 0x80000a78 (0x00ad8cb3) x25 0xfffffffe
core   0: 0x80000a7c (0x60106293) ori     t0, zero, 1537
core   0: 3 0x80000a7c (0x60106293) x 5 0x00000601
core   0: 0x80000a80 (0x000008aa) c.slli  a7, 10
core   0: 3 0x80000a80 (0x08aa) x17 0x00000400
core   0: 0x80000a82 (0x00008021) c.srli  s0, 8
core   0: 3 0x80000a82 (0x8021) x 8 0x00000000
core   0: 0x80000a84 (0x41665ab3) sra     s5, a2, s6
core   0: 3 0x80000a84 (0x41665ab3) x21 0x00000000
core   0: 0x80000a88 (0x000016d9) c.addi  a3, -10
core   0: 3 0x80000a88 (0x16d9) x13 0xfffffffd
core   0: 0x80000a8a (0x00008dcd) c.or    a1, a1
core   0: 3 0x80000a8a (0x8dcd) x11 0x00000a5a
core   0: 0x80000a8c (0x00000001) c.nop
core   0: 3 0x80000a8c (0x0001)
core   0: 0x80000a8e (0x00008545) c.srai  a0, 17
core   0: 3 0x80000a8e (0x8545) x10 0xffffffff
core   0: 0x80000a90 (0x00008d25) c.xor   a0, s1
core   0: 3 0x80000a90 (0x8d25) x10 0x7ffda31b
core   0: 0x80000a92 (0x001d5613) srli    a2, s10, 1
core   0: 3 0x80000a92 (0x001d5613) x12 0x7ffffffe
core   0: 0x80000a96 (0x0000100f) fence.i
core   0: 3 0x80000a96 (0x0000100f)
core   0: 0x80000a9a (0x000001e9) c.addi  gp, 26
core   0: 3 0x80000a9a (0x01e9) x 3 0x00000025
core   0: 0x80000a9c (0xfda6dae3) bge     a3, s10, pc - 44
core   0: 3 0x80000a9c (0xfda6dae3)
core   0: 0x80000a70 (0x00008dfd) c.and   a1, a5
core   0: 3 0x80000a70 (0x8dfd) x11 0x00000000
core   0: 0x80000a72 (0x004d6db3) or      s11, s10, tp
core   0: 3 0x80000a72 (0x004d6db3) x27 0xffffffff
core   0: 0x80000a76 (0x00008db9) c.xor   a1, a4
core   0: 3 0x80000a76 (0x8db9) x11 0x00000a5a
core   0: 0x80000a78 (0x00ad8cb3) add     s9, s11, a0
core   0: 3 0x80000a78 (0x00ad8cb3) x25 0x7ffda31a
core   0: 0x80000a7c (0x60106293) ori     t0, zero, 1537
core   0: 3 0x80000a7c (0x60106293) x 5 0x00000601
core   0: 0x80000a80 (0x000008aa) c.slli  a7, 10
core   0: 3 0x80000a80 (0x08aa) x17 0x00100000
core   0: 0x80000a82 (0x00008021) c.srli  s0, 8
core   0: 3 0x80000a82 (0x8021) x 8 0x00000000
core   0: 0x80000a84 (0x41665ab3) sra     s5, a2, s6
core   0: 3 0x80000a84 (0x41665ab3) x21 0x0fffffff
core   0: 0x80000a88 (0x000016d9) c.addi  a3, -10
core   0: 3 0x80000a88 (0x16d9) x13 0xfffffff3
core   0: 0x80000a8a (0x00008dcd) c.or    a1, a1
core   0: 3 0x80000a8a (0x8dcd) x11 0x00000a5a
core   0: 0x80000a8c (0x00000001) c.nop
core   0: 3 0x80000a8c (0x0001)
core   0: 0x80000a8e (0x00008545) c.srai  a0, 17
core   0: 3 0x80000a8e (0x8545) x10 0x00003ffe
core   0: 0x80000a90 (0x00008d25) c.xor   a0, s1
core   0: 3 0x80000a90 (0x8d25) x10 0x8002631a
core   0: 0x80000a92 (0x001d5613) srli    a2, s10, 1
core   0: 3 0x80000a92 (0x001d5613) x12 0x7ffffffe
core   0: 0x80000a96 (0x0000100f) fence.i
core   0: 3 0x80000a96 (0x0000100f)
core   0: 0x80000a9a (0x000001e9) c.addi  gp, 26
core   0: 3 0x80000a9a (0x01e9) x 3 0x0000003f
core   0: 0x80000a9c (0xfda6dae3) bge     a3, s10, pc - 44
core   0: 3 0x80000a9c (0xfda6dae3)
core   0: 0x80000aa0 (0x00000001) c.nop
core   0: 3 0x80000aa0 (0x0001)
core   0: 0x80000aa2 (0x00400693) li      a3, 4
core   0: 3 0x80000aa2 (0x00400693) x13 0x00000004
core   0: 0x80000aa6 (0x2f647993) andi    s3, s0, 758
core   0: 3 0x80000aa6 (0x2f647993) x19 0x00000000
core   0: 0x80000aaa (0x02956433) rem     s0, a0, s1
core   0: 3 0x80000aaa (0x02956433) x 8 0x8002631a
core   0: 0x80000aae (0x013c4ab3) xor     s5, s8, s3
core   0: 3 0x80000aae (0x013c4ab3) x21 0x00000000
core   0: 0x80000ab2 (0x00008da9) c.xor   a1, a0
core   0: 3 0x80000ab2 (0x8da9) x11 0x80026940
core   0: 0x80000ab4 (0x01b1fb33) and     s6, gp, s11
core   0: 3 0x80000ab4 (0x01b1fb33) x22 0x0000003f
core   0: 0x80000ab8 (0x0000891e) c.mv    s2, t2
core   0: 3 0x80000ab8 (0x891e) x18 0x00000000
core   0: 0x80000aba (0x000085e5) c.srai  a1, 25
core   0: 3 0x80000aba (0x85e5) x11 0xffffffc0
core   0: 0x80000abc (0x02180433) mul     s0, a6, ra
core   0: 3 0x80000abc (0x02180433) x 8 0x0000291c
core   0: 0x80000ac0 (0x02199cb3) mulh    s9, s3, ra
core   0: 3 0x80000ac0 (0x02199cb3) x25 0x00000000
core   0: 0x80000ac4 (0x03816c33) rem     s8, sp, s8
core   0: 3 0x80000ac4 (0x03816c33) x24 0x0000083a
core   0: 0x80000ac8 (0xfed00813) li      a6, -19
core   0: 3 0x80000ac8 (0xfed00813) x16 0xffffffed
core   0: 0x80000acc (0x03c6e133) rem     sp, a3, t3
core   0: 3 0x80000acc (0x03c6e133) x 2 0x00000004
core   0: 0x80000ad0 (0xb11e3993) sltiu   s3, t3, -1263
core   0: 3 0x80000ad0 (0xb11e3993) x19 0x00000001
core   0: 0x80000ad4 (0x000085b5) c.srai  a1, 13
core   0: 3 0x80000ad4 (0x85b5) x11 0xffffffff
core   0: 0x80000ad6 (0x08636d13) ori     s10, t1, 134
core   0: 3 0x80000ad6 (0x08636d13) x26 0x00000087
core   0: 0x80000ada (0x00008c6d) c.and   s0, a1
core   0: 3 0x80000ada (0x8c6d) x 8 0x0000291c
core   0: 0x80000adc (0x00000c18) c.addi4spn a4, sp, 528
core   0: 3 0x80000adc (0x0c18) x14 0x00000214
core   0: 0x80000ade (0x000016f9) c.addi  a3, -2
core   0: 3 0x80000ade (0x16f9) x13 0x00000002
core   0: 0x80000ae0 (0x00009b7d) c.andi  a4, -1
core   0: 3 0x80000ae0 (0x9b7d) x14 0x00000214
core   0: 0x80000ae2 (0x021e0233) mul     tp, t3, ra
core   0: 3 0x80000ae2 (0x021e0233) x 4 0xffffdbac
core   0: 0x80000ae6 (0x031e1533) mulh    a0, t3, a7
core   0: 3 0x80000ae6 (0x031e1533) x10 0x00000000
core   0: 0x80000aea (0x416bd113) srai    sp, s7, 22
core   0: 3 0x80000aea (0x416bd113) x 2 0xfffffe00
core   0: 0x80000aee (0x021f91b3) mulh    gp, t6, ra
core   0: 3 0x80000aee (0x021f91b3) x 3 0xffffffff
core   0: 0x80000af2 (0xc6076913) ori     s2, a4, -928
core   0: 3 0x80000af2 (0xc6076913) x18 0xfffffe74
core   0: 0x80000af6 (0x00000f09) c.addi  t5, 2
core   0: 3 0x80000af6 (0x0f09) x30 0x00015002
core   0: 0x80000af8 (0x00d4e1b3) or      gp, s1, a3
core   0: 3 0x80000af8 (0x00d4e1b3) x 3 0x80025ce6
core   0: 0x80000afc (0xff06d0e3) bge     a3, a6, pc - 32
core   0: 3 0x80000afc (0xff06d0e3)
core   0: 0x80000adc (0x00000c18) c.addi4spn a4, sp, 528
core   0: 3 0x80000adc (0x0c18) x14 0x00000010
core   0: 0x80000ade (0x000016f9) c.addi  a3, -2
core   0: 3 0x80000ade (0x16f9) x13 0x00000000
core   0: 0x80000ae0 (0x00009b7d) c.andi  a4, -1
core   0: 3 0x80000ae0 (0x9b7d) x14 0x00000010
core   0: 0x80000ae2 (0x021e0233) mul     tp, t3, ra
core   0: 3 0x80000ae2 (0x021e0233) x 4 0xffffdbac
core   0: 0x80000ae6 (0x031e1533) mulh    a0, t3, a7
core   0: 3 0x80000ae6 (0x031e1533) x10 0x00000000
core   0: 0x80000aea (0x416bd113) srai    sp, s7, 22
core   0: 3 0x80000aea (0x416bd113) x 2 0xfffffe00
core   0: 0x80000aee (0x021f91b3) mulh    gp, t6, ra
core   0: 3 0x80000aee (0x021f91b3) x 3 0xffffffff
core   0: 0x80000af2 (0xc6076913) ori     s2, a4, -928
core   0: 3 0x80000af2 (0xc6076913) x18 0xfffffc70
core   0: 0x80000af6 (0x00000f09) c.addi  t5, 2
core   0: 3 0x80000af6 (0x0f09) x30 0x00015004
core   0: 0x80000af8 (0x00d4e1b3) or      gp, s1, a3
core   0: 3 0x80000af8 (0x00d4e1b3) x 3 0x80025ce4
core   0: 0x80000afc (0xff06d0e3) bge     a3, a6, pc - 32
core   0: 3 0x80000afc (0xff06d0e3)
core   0: 0x80000adc (0x00000c18) c.addi4spn a4, sp, 528
core   0: 3 0x80000adc (0x0c18) x14 0x00000010
core   0: 0x80000ade (0x000016f9) c.addi  a3, -2
core   0: 3 0x80000ade (0x16f9) x13 0xfffffffe
core   0: 0x80000ae0 (0x00009b7d) c.andi  a4, -1
core   0: 3 0x80000ae0 (0x9b7d) x14 0x00000010
core   0: 0x80000ae2 (0x021e0233) mul     tp, t3, ra
core   0: 3 0x80000ae2 (0x021e0233) x 4 0xffffdbac
core   0: 0x80000ae6 (0x031e1533) mulh    a0, t3, a7
core   0: 3 0x80000ae6 (0x031e1533) x10 0x00000000
core   0: 0x80000aea (0x416bd113) srai    sp, s7, 22
core   0: 3 0x80000aea (0x416bd113) x 2 0xfffffe00
core   0: 0x80000aee (0x021f91b3) mulh    gp, t6, ra
core   0: 3 0x80000aee (0x021f91b3) x 3 0xffffffff
core   0: 0x80000af2 (0xc6076913) ori     s2, a4, -928
core   0: 3 0x80000af2 (0xc6076913) x18 0xfffffc70
core   0: 0x80000af6 (0x00000f09) c.addi  t5, 2
core   0: 3 0x80000af6 (0x0f09) x30 0x00015006
core   0: 0x80000af8 (0x00d4e1b3) or      gp, s1, a3
core   0: 3 0x80000af8 (0x00d4e1b3) x 3 0xfffffffe
core   0: 0x80000afc (0xff06d0e3) bge     a3, a6, pc - 32
core   0: 3 0x80000afc (0xff06d0e3)
core   0: 0x80000adc (0x00000c18) c.addi4spn a4, sp, 528
core   0: 3 0x80000adc (0x0c18) x14 0x00000010
core   0: 0x80000ade (0x000016f9) c.addi  a3, -2
core   0: 3 0x80000ade (0x16f9) x13 0xfffffffc
core   0: 0x80000ae0 (0x00009b7d) c.andi  a4, -1
core   0: 3 0x80000ae0 (0x9b7d) x14 0x00000010
core   0: 0x80000ae2 (0x021e0233) mul     tp, t3, ra
core   0: 3 0x80000ae2 (0x021e0233) x 4 0xffffdbac
core   0: 0x80000ae6 (0x031e1533) mulh    a0, t3, a7
core   0: 3 0x80000ae6 (0x031e1533) x10 0x00000000
core   0: 0x80000aea (0x416bd113) srai    sp, s7, 22
core   0: 3 0x80000aea (0x416bd113) x 2 0xfffffe00
core   0: 0x80000aee (0x021f91b3) mulh    gp, t6, ra
core   0: 3 0x80000aee (0x021f91b3) x 3 0xffffffff
core   0: 0x80000af2 (0xc6076913) ori     s2, a4, -928
core   0: 3 0x80000af2 (0xc6076913) x18 0xfffffc70
core   0: 0x80000af6 (0x00000f09) c.addi  t5, 2
core   0: 3 0x80000af6 (0x0f09) x30 0x00015008
core   0: 0x80000af8 (0x00d4e1b3) or      gp, s1, a3
core   0: 3 0x80000af8 (0x00d4e1b3) x 3 0xfffffffc
core   0: 0x80000afc (0xff06d0e3) bge     a3, a6, pc - 32
core   0: 3 0x80000afc (0xff06d0e3)
core   0: 0x80000adc (0x00000c18) c.addi4spn a4, sp, 528
core   0: 3 0x80000adc (0x0c18) x14 0x00000010
core   0: 0x80000ade (0x000016f9) c.addi  a3, -2
core   0: 3 0x80000ade (0x16f9) x13 0xfffffffa
core   0: 0x80000ae0 (0x00009b7d) c.andi  a4, -1
core   0: 3 0x80000ae0 (0x9b7d) x14 0x00000010
core   0: 0x80000ae2 (0x021e0233) mul     tp, t3, ra
core   0: 3 0x80000ae2 (0x021e0233) x 4 0xffffdbac
core   0: 0x80000ae6 (0x031e1533) mulh    a0, t3, a7
core   0: 3 0x80000ae6 (0x031e1533) x10 0x00000000
core   0: 0x80000aea (0x416bd113) srai    sp, s7, 22
core   0: 3 0x80000aea (0x416bd113) x 2 0xfffffe00
core   0: 0x80000aee (0x021f91b3) mulh    gp, t6, ra
core   0: 3 0x80000aee (0x021f91b3) x 3 0xffffffff
core   0: 0x80000af2 (0xc6076913) ori     s2, a4, -928
core   0: 3 0x80000af2 (0xc6076913) x18 0xfffffc70
core   0: 0x80000af6 (0x00000f09) c.addi  t5, 2
core   0: 3 0x80000af6 (0x0f09) x30 0x0001500a
core   0: 0x80000af8 (0x00d4e1b3) or      gp, s1, a3
core   0: 3 0x80000af8 (0x00d4e1b3) x 3 0xfffffffe
core   0: 0x80000afc (0xff06d0e3) bge     a3, a6, pc - 32
core   0: 3 0x80000afc (0xff06d0e3)
core   0: 0x80000adc (0x00000c18) c.addi4spn a4, sp, 528
core   0: 3 0x80000adc (0x0c18) x14 0x00000010
core   0: 0x80000ade (0x000016f9) c.addi  a3, -2
core   0: 3 0x80000ade (0x16f9) x13 0xfffffff8
core   0: 0x80000ae0 (0x00009b7d) c.andi  a4, -1
core   0: 3 0x80000ae0 (0x9b7d) x14 0x00000010
core   0: 0x80000ae2 (0x021e0233) mul     tp, t3, ra
core   0: 3 0x80000ae2 (0x021e0233) x 4 0xffffdbac
core   0: 0x80000ae6 (0x031e1533) mulh    a0, t3, a7
core   0: 3 0x80000ae6 (0x031e1533) x10 0x00000000
core   0: 0x80000aea (0x416bd113) srai    sp, s7, 22
core   0: 3 0x80000aea (0x416bd113) x 2 0xfffffe00
core   0: 0x80000aee (0x021f91b3) mulh    gp, t6, ra
core   0: 3 0x80000aee (0x021f91b3) x 3 0xffffffff
core   0: 0x80000af2 (0xc6076913) ori     s2, a4, -928
core   0: 3 0x80000af2 (0xc6076913) x18 0xfffffc70
core   0: 0x80000af6 (0x00000f09) c.addi  t5, 2
core   0: 3 0x80000af6 (0x0f09) x30 0x0001500c
core   0: 0x80000af8 (0x00d4e1b3) or      gp, s1, a3
core   0: 3 0x80000af8 (0x00d4e1b3) x 3 0xfffffffc
core   0: 0x80000afc (0xff06d0e3) bge     a3, a6, pc - 32
core   0: 3 0x80000afc (0xff06d0e3)
core   0: 0x80000adc (0x00000c18) c.addi4spn a4, sp, 528
core   0: 3 0x80000adc (0x0c18) x14 0x00000010
core   0: 0x80000ade (0x000016f9) c.addi  a3, -2
core   0: 3 0x80000ade (0x16f9) x13 0xfffffff6
core   0: 0x80000ae0 (0x00009b7d) c.andi  a4, -1
core   0: 3 0x80000ae0 (0x9b7d) x14 0x00000010
core   0: 0x80000ae2 (0x021e0233) mul     tp, t3, ra
core   0: 3 0x80000ae2 (0x021e0233) x 4 0xffffdbac
core   0: 0x80000ae6 (0x031e1533) mulh    a0, t3, a7
core   0: 3 0x80000ae6 (0x031e1533) x10 0x00000000
core   0: 0x80000aea (0x416bd113) srai    sp, s7, 22
core   0: 3 0x80000aea (0x416bd113) x 2 0xfffffe00
core   0: 0x80000aee (0x021f91b3) mulh    gp, t6, ra
core   0: 3 0x80000aee (0x021f91b3) x 3 0xffffffff
core   0: 0x80000af2 (0xc6076913) ori     s2, a4, -928
core   0: 3 0x80000af2 (0xc6076913) x18 0xfffffc70
core   0: 0x80000af6 (0x00000f09) c.addi  t5, 2
core   0: 3 0x80000af6 (0x0f09) x30 0x0001500e
core   0: 0x80000af8 (0x00d4e1b3) or      gp, s1, a3
core   0: 3 0x80000af8 (0x00d4e1b3) x 3 0xfffffff6
core   0: 0x80000afc (0xff06d0e3) bge     a3, a6, pc - 32
core   0: 3 0x80000afc (0xff06d0e3)
core   0: 0x80000adc (0x00000c18) c.addi4spn a4, sp, 528
core   0: 3 0x80000adc (0x0c18) x14 0x00000010
core   0: 0x80000ade (0x000016f9) c.addi  a3, -2
core   0: 3 0x80000ade (0x16f9) x13 0xfffffff4
core   0: 0x80000ae0 (0x00009b7d) c.andi  a4, -1
core   0: 3 0x80000ae0 (0x9b7d) x14 0x00000010
core   0: 0x80000ae2 (0x021e0233) mul     tp, t3, ra
core   0: 3 0x80000ae2 (0x021e0233) x 4 0xffffdbac
core   0: 0x80000ae6 (0x031e1533) mulh    a0, t3, a7
core   0: 3 0x80000ae6 (0x031e1533) x10 0x00000000
core   0: 0x80000aea (0x416bd113) srai    sp, s7, 22
core   0: 3 0x80000aea (0x416bd113) x 2 0xfffffe00
core   0: 0x80000aee (0x021f91b3) mulh    gp, t6, ra
core   0: 3 0x80000aee (0x021f91b3) x 3 0xffffffff
core   0: 0x80000af2 (0xc6076913) ori     s2, a4, -928
core   0: 3 0x80000af2 (0xc6076913) x18 0xfffffc70
core   0: 0x80000af6 (0x00000f09) c.addi  t5, 2
core   0: 3 0x80000af6 (0x0f09) x30 0x00015010
core   0: 0x80000af8 (0x00d4e1b3) or      gp, s1, a3
core   0: 3 0x80000af8 (0x00d4e1b3) x 3 0xfffffff4
core   0: 0x80000afc (0xff06d0e3) bge     a3, a6, pc - 32
core   0: 3 0x80000afc (0xff06d0e3)
core   0: 0x80000adc (0x00000c18) c.addi4spn a4, sp, 528
core   0: 3 0x80000adc (0x0c18) x14 0x00000010
core   0: 0x80000ade (0x000016f9) c.addi  a3, -2
core   0: 3 0x80000ade (0x16f9) x13 0xfffffff2
core   0: 0x80000ae0 (0x00009b7d) c.andi  a4, -1
core   0: 3 0x80000ae0 (0x9b7d) x14 0x00000010
core   0: 0x80000ae2 (0x021e0233) mul     tp, t3, ra
core   0: 3 0x80000ae2 (0x021e0233) x 4 0xffffdbac
core   0: 0x80000ae6 (0x031e1533) mulh    a0, t3, a7
core   0: 3 0x80000ae6 (0x031e1533) x10 0x00000000
core   0: 0x80000aea (0x416bd113) srai    sp, s7, 22
core   0: 3 0x80000aea (0x416bd113) x 2 0xfffffe00
core   0: 0x80000aee (0x021f91b3) mulh    gp, t6, ra
core   0: 3 0x80000aee (0x021f91b3) x 3 0xffffffff
core   0: 0x80000af2 (0xc6076913) ori     s2, a4, -928
core   0: 3 0x80000af2 (0xc6076913) x18 0xfffffc70
core   0: 0x80000af6 (0x00000f09) c.addi  t5, 2
core   0: 3 0x80000af6 (0x0f09) x30 0x00015012
core   0: 0x80000af8 (0x00d4e1b3) or      gp, s1, a3
core   0: 3 0x80000af8 (0x00d4e1b3) x 3 0xfffffff6
core   0: 0x80000afc (0xff06d0e3) bge     a3, a6, pc - 32
core   0: 3 0x80000afc (0xff06d0e3)
core   0: 0x80000adc (0x00000c18) c.addi4spn a4, sp, 528
core   0: 3 0x80000adc (0x0c18) x14 0x00000010
core   0: 0x80000ade (0x000016f9) c.addi  a3, -2
core   0: 3 0x80000ade (0x16f9) x13 0xfffffff0
core   0: 0x80000ae0 (0x00009b7d) c.andi  a4, -1
core   0: 3 0x80000ae0 (0x9b7d) x14 0x00000010
core   0: 0x80000ae2 (0x021e0233) mul     tp, t3, ra
core   0: 3 0x80000ae2 (0x021e0233) x 4 0xffffdbac
core   0: 0x80000ae6 (0x031e1533) mulh    a0, t3, a7
core   0: 3 0x80000ae6 (0x031e1533) x10 0x00000000
core   0: 0x80000aea (0x416bd113) srai    sp, s7, 22
core   0: 3 0x80000aea (0x416bd113) x 2 0xfffffe00
core   0: 0x80000aee (0x021f91b3) mulh    gp, t6, ra
core   0: 3 0x80000aee (0x021f91b3) x 3 0xffffffff
core   0: 0x80000af2 (0xc6076913) ori     s2, a4, -928
core   0: 3 0x80000af2 (0xc6076913) x18 0xfffffc70
core   0: 0x80000af6 (0x00000f09) c.addi  t5, 2
core   0: 3 0x80000af6 (0x0f09) x30 0x00015014
core   0: 0x80000af8 (0x00d4e1b3) or      gp, s1, a3
core   0: 3 0x80000af8 (0x00d4e1b3) x 3 0xfffffff4
core   0: 0x80000afc (0xff06d0e3) bge     a3, a6, pc - 32
core   0: 3 0x80000afc (0xff06d0e3)
core   0: 0x80000adc (0x00000c18) c.addi4spn a4, sp, 528
core   0: 3 0x80000adc (0x0c18) x14 0x00000010
core   0: 0x80000ade (0x000016f9) c.addi  a3, -2
core   0: 3 0x80000ade (0x16f9) x13 0xffffffee
core   0: 0x80000ae0 (0x00009b7d) c.andi  a4, -1
core   0: 3 0x80000ae0 (0x9b7d) x14 0x00000010
core   0: 0x80000ae2 (0x021e0233) mul     tp, t3, ra
core   0: 3 0x80000ae2 (0x021e0233) x 4 0xffffdbac
core   0: 0x80000ae6 (0x031e1533) mulh    a0, t3, a7
core   0: 3 0x80000ae6 (0x031e1533) x10 0x00000000
core   0: 0x80000aea (0x416bd113) srai    sp, s7, 22
core   0: 3 0x80000aea (0x416bd113) x 2 0xfffffe00
core   0: 0x80000aee (0x021f91b3) mulh    gp, t6, ra
core   0: 3 0x80000aee (0x021f91b3) x 3 0xffffffff
core   0: 0x80000af2 (0xc6076913) ori     s2, a4, -928
core   0: 3 0x80000af2 (0xc6076913) x18 0xfffffc70
core   0: 0x80000af6 (0x00000f09) c.addi  t5, 2
core   0: 3 0x80000af6 (0x0f09) x30 0x00015016
core   0: 0x80000af8 (0x00d4e1b3) or      gp, s1, a3
core   0: 3 0x80000af8 (0x00d4e1b3) x 3 0xffffffee
core   0: 0x80000afc (0xff06d0e3) bge     a3, a6, pc - 32
core   0: 3 0x80000afc (0xff06d0e3)
core   0: 0x80000adc (0x00000c18) c.addi4spn a4, sp, 528
core   0: 3 0x80000adc (0x0c18) x14 0x00000010
core   0: 0x80000ade (0x000016f9) c.addi  a3, -2
core   0: 3 0x80000ade (0x16f9) x13 0xffffffec
core   0: 0x80000ae0 (0x00009b7d) c.andi  a4, -1
core   0: 3 0x80000ae0 (0x9b7d) x14 0x00000010
core   0: 0x80000ae2 (0x021e0233) mul     tp, t3, ra
core   0: 3 0x80000ae2 (0x021e0233) x 4 0xffffdbac
core   0: 0x80000ae6 (0x031e1533) mulh    a0, t3, a7
core   0: 3 0x80000ae6 (0x031e1533) x10 0x00000000
core   0: 0x80000aea (0x416bd113) srai    sp, s7, 22
core   0: 3 0x80000aea (0x416bd113) x 2 0xfffffe00
core   0: 0x80000aee (0x021f91b3) mulh    gp, t6, ra
core   0: 3 0x80000aee (0x021f91b3) x 3 0xffffffff
core   0: 0x80000af2 (0xc6076913) ori     s2, a4, -928
core   0: 3 0x80000af2 (0xc6076913) x18 0xfffffc70
core   0: 0x80000af6 (0x00000f09) c.addi  t5, 2
core   0: 3 0x80000af6 (0x0f09) x30 0x00015018
core   0: 0x80000af8 (0x00d4e1b3) or      gp, s1, a3
core   0: 3 0x80000af8 (0x00d4e1b3) x 3 0xffffffec
core   0: 0x80000afc (0xff06d0e3) bge     a3, a6, pc - 32
core   0: 3 0x80000afc (0xff06d0e3)
core   0: 0x80000b00 (0x02f88fb3) mul     t6, a7, a5
core   0: 3 0x80000b00 (0x02f88fb3) x31 0x00000000
core   0: 0x80000b04 (0x00500313) li      t1, 5
core   0: 3 0x80000b04 (0x00500313) x 6 0x00000005
core   0: 0x80000b08 (0x00008e35) c.xor   a2, a3
core   0: 3 0x80000b08 (0x8e35) x12 0x80000012
core   0: 0x80000b0a (0x00000001) c.nop
core   0: 3 0x80000b0a (0x0001)
core   0: 0x80000b0c (0x0000616d) c.addi16sp sp, 240
core   0: 3 0x80000b0c (0x616d) x 2 0xfffffef0
core   0: 0x80000b0e (0x00008d99) c.sub   a1, a4
core   0: 3 0x80000b0e (0x8d99) x11 0xffffffef
core   0: 0x80000b10 (0x16b53193) sltiu   gp, a0, 363
core   0: 3 0x80000b10 (0x16b53193) x 3 0x00000001
core   0: 0x80000b14 (0x40725993) srai    s3, tp, 7
core   0: 3 0x80000b14 (0x40725993) x19 0xffffffb7
core   0: 0x80000b18 (0x00b00c93) li      s9, 11
core   0: 3 0x80000b18 (0x00b00c93) x25 0x0000000b
core   0: 0x80000b1c (0x00000731) c.addi  a4, 12
core   0: 3 0x80000b1c (0x0731) x14 0x0000001c
core   0: 0x80000b1e (0x00008f49) c.or    a4, a0
core   0: 3 0x80000b1e (0x8f49) x14 0x0000001c
core   0: 0x80000b20 (0x019c7933) and     s2, s8, s9
core   0: 3 0x80000b20 (0x019c7933) x18 0x0000000a
core   0: 0x80000b24 (0x00000325) c.addi  t1, 9
core   0: 3 0x80000b24 (0x0325) x 6 0x0000000e
core   0: 0x80000b26 (0x00006eb5) c.lui   t4, 0xd
core   0: 3 0x80000b26 (0x6eb5) x29 0x0000d000
core   0: 0x80000b28 (0xff936be3) bltu    t1, s9, pc - 10
core   0: 3 0x80000b28 (0xff936be3)
core   0: 0x80000b2c (0x022ea133) mulhsu  sp, t4, sp
core   0: 3 0x80000b2c (0x022ea133) x 2 0x0000cfff
core   0: 0x80000b30 (0x00800413) li      s0, 8
core   0: 3 0x80000b30 (0x00800413) x 8 0x00000008
core   0: 0x80000b34 (0x2ee5fa13) andi    s4, a1, 750
core   0: 3 0x80000b34 (0x2ee5fa13) x20 0x000002ee
core   0: 0x80000b38 (0x00800193) li      gp, 8
core   0: 3 0x80000b38 (0x00800193) x 3 0x00000008
core   0: 0x80000b3c (0x00008dd9) c.or    a1, a4
core   0: 3 0x80000b3c (0x8dd9) x11 0xffffffff
core   0: 0x80000b3e (0x00f14033) xor     zero, sp, a5
core   0: 3 0x80000b3e (0x00f14033)
core   0: 0x80000b42 (0x00001471) c.addi  s0, -4
core   0: 3 0x80000b42 (0x1471) x 8 0x00000004
core   0: 0x80000b44 (0x00008ef9) c.and   a3, a4
core   0: 3 0x80000b44 (0x8ef9) x13 0x0000000c
core   0: 0x80000b46 (0x02dd9233) mulh    tp, s11, a3
core   0: 3 0x80000b46 (0x02dd9233) x 4 0xffffffff
core   0: 0x80000b4a (0x00a00613) li      a2, 10
core   0: 3 0x80000b4a (0x00a00613) x12 0x0000000a
core   0: 0x80000b4e (0x03254cb3) div     s9, a0, s2
core   0: 3 0x80000b4e (0x03254cb3) x25 0x00000000
core   0: 0x80000b52 (0x3c3a2213) slti    tp, s4, 963
core   0: 3 0x80000b52 (0x3c3a2213) x 4 0x00000001
core   0: 0x80000b56 (0x000082b1) c.srli  a3, 12
core   0: 3 0x80000b56 (0x82b1) x13 0x00000000
core   0: 0x80000b58 (0x032b2d33) mulhsu  s10, s6, s2
core   0: 3 0x80000b58 (0x032b2d33) x26 0x00000000
core   0: 0x80000b5c (0x4091db33) sra     s6, gp, s1
core   0: 3 0x80000b5c (0x4091db33) x22 0x00000000
core   0: 0x80000b60 (0x000013fd) c.addi  t2, -1
core   0: 3 0x80000b60 (0x13fd) x 7 0xffffffff
core   0: 0x80000b62 (0x00400913) li      s2, 4
core   0: 3 0x80000b62 (0x00400913) x18 0x00000004
core   0: 0x80000b66 (0x01ce7fb3) and     t6, t3, t3
core   0: 3 0x80000b66 (0x01ce7fb3) x31 0x0000060e
core   0: 0x80000b6a (0x03dd6ab3) rem     s5, s10, t4
core   0: 3 0x80000b6a (0x03dd6ab3) x21 0x00000000
core   0: 0x80000b6e (0x0000167d) c.addi  a2, -1
core   0: 3 0x80000b6e (0x167d) x12 0x00000009
core   0: 0x80000b70 (0xff267be3) bgeu    a2, s2, pc - 10
core   0: 3 0x80000b70 (0xff267be3)
core   0: 0x80000b66 (0x01ce7fb3) and     t6, t3, t3
core   0: 3 0x80000b66 (0x01ce7fb3) x31 0x0000060e
core   0: 0x80000b6a (0x03dd6ab3) rem     s5, s10, t4
core   0: 3 0x80000b6a (0x03dd6ab3) x21 0x00000000
core   0: 0x80000b6e (0x0000167d) c.addi  a2, -1
core   0: 3 0x80000b6e (0x167d) x12 0x00000008
core   0: 0x80000b70 (0xff267be3) bgeu    a2, s2, pc - 10
core   0: 3 0x80000b70 (0xff267be3)
core   0: 0x80000b66 (0x01ce7fb3) and     t6, t3, t3
core   0: 3 0x80000b66 (0x01ce7fb3) x31 0x0000060e
core   0: 0x80000b6a (0x03dd6ab3) rem     s5, s10, t4
core   0: 3 0x80000b6a (0x03dd6ab3) x21 0x00000000
core   0: 0x80000b6e (0x0000167d) c.addi  a2, -1
core   0: 3 0x80000b6e (0x167d) x12 0x00000007
core   0: 0x80000b70 (0xff267be3) bgeu    a2, s2, pc - 10
core   0: 3 0x80000b70 (0xff267be3)
core   0: 0x80000b66 (0x01ce7fb3) and     t6, t3, t3
core   0: 3 0x80000b66 (0x01ce7fb3) x31 0x0000060e
core   0: 0x80000b6a (0x03dd6ab3) rem     s5, s10, t4
core   0: 3 0x80000b6a (0x03dd6ab3) x21 0x00000000
core   0: 0x80000b6e (0x0000167d) c.addi  a2, -1
core   0: 3 0x80000b6e (0x167d) x12 0x00000006
core   0: 0x80000b70 (0xff267be3) bgeu    a2, s2, pc - 10
core   0: 3 0x80000b70 (0xff267be3)
core   0: 0x80000b66 (0x01ce7fb3) and     t6, t3, t3
core   0: 3 0x80000b66 (0x01ce7fb3) x31 0x0000060e
core   0: 0x80000b6a (0x03dd6ab3) rem     s5, s10, t4
core   0: 3 0x80000b6a (0x03dd6ab3) x21 0x00000000
core   0: 0x80000b6e (0x0000167d) c.addi  a2, -1
core   0: 3 0x80000b6e (0x167d) x12 0x00000005
core   0: 0x80000b70 (0xff267be3) bgeu    a2, s2, pc - 10
core   0: 3 0x80000b70 (0xff267be3)
core   0: 0x80000b66 (0x01ce7fb3) and     t6, t3, t3
core   0: 3 0x80000b66 (0x01ce7fb3) x31 0x0000060e
core   0: 0x80000b6a (0x03dd6ab3) rem     s5, s10, t4
core   0: 3 0x80000b6a (0x03dd6ab3) x21 0x00000000
core   0: 0x80000b6e (0x0000167d) c.addi  a2, -1
core   0: 3 0x80000b6e (0x167d) x12 0x00000004
core   0: 0x80000b70 (0xff267be3) bgeu    a2, s2, pc - 10
core   0: 3 0x80000b70 (0xff267be3)
core   0: 0x80000b66 (0x01ce7fb3) and     t6, t3, t3
core   0: 3 0x80000b66 (0x01ce7fb3) x31 0x0000060e
core   0: 0x80000b6a (0x03dd6ab3) rem     s5, s10, t4
core   0: 3 0x80000b6a (0x03dd6ab3) x21 0x00000000
core   0: 0x80000b6e (0x0000167d) c.addi  a2, -1
core   0: 3 0x80000b6e (0x167d) x12 0x00000003
core   0: 0x80000b70 (0xff267be3) bgeu    a2, s2, pc - 10
core   0: 3 0x80000b70 (0xff267be3)
core   0: 0x80000b74 (0x00000d8a) c.slli  s11, 2
core   0: 3 0x80000b74 (0x0d8a) x27 0xfffffffc
core   0: 0x80000b76 (0xfc3473e3) bgeu    s0, gp, pc - 58
core   0: 3 0x80000b76 (0xfc3473e3)
core   0: 0x80000b7a (0x064b0e13) addi    t3, s6, 100
core   0: 3 0x80000b7a (0x064b0e13) x28 0x00000064
core   0: 0x80000b7e (0xff600413) li      s0, -10
core   0: 3 0x80000b7e (0xff600413) x 8 0xfffffff6
core   0: 0x80000b82 (0x01100f93) li      t6, 17
core   0: 3 0x80000b82 (0x01100f93) x31 0x00000011
core   0: 0x80000b86 (0x109dc513) xori    a0, s11, 265
core   0: 3 0x80000b86 (0x109dc513) x10 0xfffffef5
core   0: 0x80000b8a (0x00000425) c.addi  s0, 9
core   0: 3 0x80000b8a (0x0425) x 8 0xffffffff
core   0: 0x80000b8c (0xff800193) li      gp, -8
core   0: 3 0x80000b8c (0xff800193) x 3 0xfffffff8
core   0: 0x80000b90 (0x00000001) c.nop
core   0: 3 0x80000b90 (0x0001)
core   0: 0x80000b92 (0xff100713) li      a4, -15
core   0: 3 0x80000b92 (0xff100713) x14 0xfffffff1
core   0: 0x80000b96 (0x0000927e) c.add   tp, t6
core   0: 3 0x80000b96 (0x927e) x 4 0x00000012
core   0: 0x80000b98 (0x029ddb33) divu    s6, s11, s1
core   0: 3 0x80000b98 (0x029ddb33) x22 0x00000001
core   0: 0x80000b9c (0x000011fd) c.addi  gp, -1
core   0: 3 0x80000b9c (0x11fd) x 3 0xfffffff7
core   0: 0x80000b9e (0xfee19ce3) bne     gp, a4, pc - 8
core   0: 3 0x80000b9e (0xfee19ce3)
core   0: 0x80000b96 (0x0000927e) c.add   tp, t6
core   0: 3 0x80000b96 (0x927e) x 4 0x00000023
core   0: 0x80000b98 (0x029ddb33) divu    s6, s11, s1
core   0: 3 0x80000b98 (0x029ddb33) x22 0x00000001
core   0: 0x80000b9c (0x000011fd) c.addi  gp, -1
core   0: 3 0x80000b9c (0x11fd) x 3 0xfffffff6
core   0: 0x80000b9e (0xfee19ce3) bne     gp, a4, pc - 8
core   0: 3 0x80000b9e (0xfee19ce3)
core   0: 0x80000b96 (0x0000927e) c.add   tp, t6
core   0: 3 0x80000b96 (0x927e) x 4 0x00000034
core   0: 0x80000b98 (0x029ddb33) divu    s6, s11, s1
core   0: 3 0x80000b98 (0x029ddb33) x22 0x00000001
core   0: 0x80000b9c (0x000011fd) c.addi  gp, -1
core   0: 3 0x80000b9c (0x11fd) x 3 0xfffffff5
core   0: 0x80000b9e (0xfee19ce3) bne     gp, a4, pc - 8
core   0: 3 0x80000b9e (0xfee19ce3)
core   0: 0x80000b96 (0x0000927e) c.add   tp, t6
core   0: 3 0x80000b96 (0x927e) x 4 0x00000045
core   0: 0x80000b98 (0x029ddb33) divu    s6, s11, s1
core   0: 3 0x80000b98 (0x029ddb33) x22 0x00000001
core   0: 0x80000b9c (0x000011fd) c.addi  gp, -1
core   0: 3 0x80000b9c (0x11fd) x 3 0xfffffff4
core   0: 0x80000b9e (0xfee19ce3) bne     gp, a4, pc - 8
core   0: 3 0x80000b9e (0xfee19ce3)
core   0: 0x80000b96 (0x0000927e) c.add   tp, t6
core   0: 3 0x80000b96 (0x927e) x 4 0x00000056
core   0: 0x80000b98 (0x029ddb33) divu    s6, s11, s1
core   0: 3 0x80000b98 (0x029ddb33) x22 0x00000001
core   0: 0x80000b9c (0x000011fd) c.addi  gp, -1
core   0: 3 0x80000b9c (0x11fd) x 3 0xfffffff3
core   0: 0x80000b9e (0xfee19ce3) bne     gp, a4, pc - 8
core   0: 3 0x80000b9e (0xfee19ce3)
core   0: 0x80000b96 (0x0000927e) c.add   tp, t6
core   0: 3 0x80000b96 (0x927e) x 4 0x00000067
core   0: 0x80000b98 (0x029ddb33) divu    s6, s11, s1
core   0: 3 0x80000b98 (0x029ddb33) x22 0x00000001
core   0: 0x80000b9c (0x000011fd) c.addi  gp, -1
core   0: 3 0x80000b9c (0x11fd) x 3 0xfffffff2
core   0: 0x80000b9e (0xfee19ce3) bne     gp, a4, pc - 8
core   0: 3 0x80000b9e (0xfee19ce3)
core   0: 0x80000b96 (0x0000927e) c.add   tp, t6
core   0: 3 0x80000b96 (0x927e) x 4 0x00000078
core   0: 0x80000b98 (0x029ddb33) divu    s6, s11, s1
core   0: 3 0x80000b98 (0x029ddb33) x22 0x00000001
core   0: 0x80000b9c (0x000011fd) c.addi  gp, -1
core   0: 3 0x80000b9c (0x11fd) x 3 0xfffffff1
core   0: 0x80000b9e (0xfee19ce3) bne     gp, a4, pc - 8
core   0: 3 0x80000b9e (0xfee19ce3)
core   0: 0x80000ba2 (0xfff442e3) blt     s0, t6, pc - 28
core   0: 3 0x80000ba2 (0xfff442e3)
core   0: 0x80000b86 (0x109dc513) xori    a0, s11, 265
core   0: 3 0x80000b86 (0x109dc513) x10 0xfffffef5
core   0: 0x80000b8a (0x00000425) c.addi  s0, 9
core   0: 3 0x80000b8a (0x0425) x 8 0x00000008
core   0: 0x80000b8c (0xff800193) li      gp, -8
core   0: 3 0x80000b8c (0xff800193) x 3 0xfffffff8
core   0: 0x80000b90 (0x00000001) c.nop
core   0: 3 0x80000b90 (0x0001)
core   0: 0x80000b92 (0xff100713) li      a4, -15
core   0: 3 0x80000b92 (0xff100713) x14 0xfffffff1
core   0: 0x80000b96 (0x0000927e) c.add   tp, t6
core   0: 3 0x80000b96 (0x927e) x 4 0x00000089
core   0: 0x80000b98 (0x029ddb33) divu    s6, s11, s1
core   0: 3 0x80000b98 (0x029ddb33) x22 0x00000001
core   0: 0x80000b9c (0x000011fd) c.addi  gp, -1
core   0: 3 0x80000b9c (0x11fd) x 3 0xfffffff7
core   0: 0x80000b9e (0xfee19ce3) bne     gp, a4, pc - 8
core   0: 3 0x80000b9e (0xfee19ce3)
core   0: 0x80000b96 (0x0000927e) c.add   tp, t6
core   0: 3 0x80000b96 (0x927e) x 4 0x0000009a
core   0: 0x80000b98 (0x029ddb33) divu    s6, s11, s1
core   0: 3 0x80000b98 (0x029ddb33) x22 0x00000001
core   0: 0x80000b9c (0x000011fd) c.addi  gp, -1
core   0: 3 0x80000b9c (0x11fd) x 3 0xfffffff6
core   0: 0x80000b9e (0xfee19ce3) bne     gp, a4, pc - 8
core   0: 3 0x80000b9e (0xfee19ce3)
core   0: 0x80000b96 (0x0000927e) c.add   tp, t6
core   0: 3 0x80000b96 (0x927e) x 4 0x000000ab
core   0: 0x80000b98 (0x029ddb33) divu    s6, s11, s1
core   0: 3 0x80000b98 (0x029ddb33) x22 0x00000001
core   0: 0x80000b9c (0x000011fd) c.addi  gp, -1
core   0: 3 0x80000b9c (0x11fd) x 3 0xfffffff5
core   0: 0x80000b9e (0xfee19ce3) bne     gp, a4, pc - 8
core   0: 3 0x80000b9e (0xfee19ce3)
core   0: 0x80000b96 (0x0000927e) c.add   tp, t6
core   0: 3 0x80000b96 (0x927e) x 4 0x000000bc
core   0: 0x80000b98 (0x029ddb33) divu    s6, s11, s1
core   0: 3 0x80000b98 (0x029ddb33) x22 0x00000001
core   0: 0x80000b9c (0x000011fd) c.addi  gp, -1
core   0: 3 0x80000b9c (0x11fd) x 3 0xfffffff4
core   0: 0x80000b9e (0xfee19ce3) bne     gp, a4, pc - 8
core   0: 3 0x80000b9e (0xfee19ce3)
core   0: 0x80000b96 (0x0000927e) c.add   tp, t6
core   0: 3 0x80000b96 (0x927e) x 4 0x000000cd
core   0: 0x80000b98 (0x029ddb33) divu    s6, s11, s1
core   0: 3 0x80000b98 (0x029ddb33) x22 0x00000001
core   0: 0x80000b9c (0x000011fd) c.addi  gp, -1
core   0: 3 0x80000b9c (0x11fd) x 3 0xfffffff3
core   0: 0x80000b9e (0xfee19ce3) bne     gp, a4, pc - 8
core   0: 3 0x80000b9e (0xfee19ce3)
core   0: 0x80000b96 (0x0000927e) c.add   tp, t6
core   0: 3 0x80000b96 (0x927e) x 4 0x000000de
core   0: 0x80000b98 (0x029ddb33) divu    s6, s11, s1
core   0: 3 0x80000b98 (0x029ddb33) x22 0x00000001
core   0: 0x80000b9c (0x000011fd) c.addi  gp, -1
core   0: 3 0x80000b9c (0x11fd) x 3 0xfffffff2
core   0: 0x80000b9e (0xfee19ce3) bne     gp, a4, pc - 8
core   0: 3 0x80000b9e (0xfee19ce3)
core   0: 0x80000b96 (0x0000927e) c.add   tp, t6
core   0: 3 0x80000b96 (0x927e) x 4 0x000000ef
core   0: 0x80000b98 (0x029ddb33) divu    s6, s11, s1
core   0: 3 0x80000b98 (0x029ddb33) x22 0x00000001
core   0: 0x80000b9c (0x000011fd) c.addi  gp, -1
core   0: 3 0x80000b9c (0x11fd) x 3 0xfffffff1
core   0: 0x80000b9e (0xfee19ce3) bne     gp, a4, pc - 8
core   0: 3 0x80000b9e (0xfee19ce3)
core   0: 0x80000ba2 (0xfff442e3) blt     s0, t6, pc - 28
core   0: 3 0x80000ba2 (0xfff442e3)
core   0: 0x80000b86 (0x109dc513) xori    a0, s11, 265
core   0: 3 0x80000b86 (0x109dc513) x10 0xfffffef5
core   0: 0x80000b8a (0x00000425) c.addi  s0, 9
core   0: 3 0x80000b8a (0x0425) x 8 0x00000011
core   0: 0x80000b8c (0xff800193) li      gp, -8
core   0: 3 0x80000b8c (0xff800193) x 3 0xfffffff8
core   0: 0x80000b90 (0x00000001) c.nop
core   0: 3 0x80000b90 (0x0001)
core   0: 0x80000b92 (0xff100713) li      a4, -15
core   0: 3 0x80000b92 (0xff100713) x14 0xfffffff1
core   0: 0x80000b96 (0x0000927e) c.add   tp, t6
core   0: 3 0x80000b96 (0x927e) x 4 0x00000100
core   0: 0x80000b98 (0x029ddb33) divu    s6, s11, s1
core   0: 3 0x80000b98 (0x029ddb33) x22 0x00000001
core   0: 0x80000b9c (0x000011fd) c.addi  gp, -1
core   0: 3 0x80000b9c (0x11fd) x 3 0xfffffff7
core   0: 0x80000b9e (0xfee19ce3) bne     gp, a4, pc - 8
core   0: 3 0x80000b9e (0xfee19ce3)
core   0: 0x80000b96 (0x0000927e) c.add   tp, t6
core   0: 3 0x80000b96 (0x927e) x 4 0x00000111
core   0: 0x80000b98 (0x029ddb33) divu    s6, s11, s1
core   0: 3 0x80000b98 (0x029ddb33) x22 0x00000001
core   0: 0x80000b9c (0x000011fd) c.addi  gp, -1
core   0: 3 0x80000b9c (0x11fd) x 3 0xfffffff6
core   0: 0x80000b9e (0xfee19ce3) bne     gp, a4, pc - 8
core   0: 3 0x80000b9e (0xfee19ce3)
core   0: 0x80000b96 (0x0000927e) c.add   tp, t6
core   0: 3 0x80000b96 (0x927e) x 4 0x00000122
core   0: 0x80000b98 (0x029ddb33) divu    s6, s11, s1
core   0: 3 0x80000b98 (0x029ddb33) x22 0x00000001
core   0: 0x80000b9c (0x000011fd) c.addi  gp, -1
core   0: 3 0x80000b9c (0x11fd) x 3 0xfffffff5
core   0: 0x80000b9e (0xfee19ce3) bne     gp, a4, pc - 8
core   0: 3 0x80000b9e (0xfee19ce3)
core   0: 0x80000b96 (0x0000927e) c.add   tp, t6
core   0: 3 0x80000b96 (0x927e) x 4 0x00000133
core   0: 0x80000b98 (0x029ddb33) divu    s6, s11, s1
core   0: 3 0x80000b98 (0x029ddb33) x22 0x00000001
core   0: 0x80000b9c (0x000011fd) c.addi  gp, -1
core   0: 3 0x80000b9c (0x11fd) x 3 0xfffffff4
core   0: 0x80000b9e (0xfee19ce3) bne     gp, a4, pc - 8
core   0: 3 0x80000b9e (0xfee19ce3)
core   0: 0x80000b96 (0x0000927e) c.add   tp, t6
core   0: 3 0x80000b96 (0x927e) x 4 0x00000144
core   0: 0x80000b98 (0x029ddb33) divu    s6, s11, s1
core   0: 3 0x80000b98 (0x029ddb33) x22 0x00000001
core   0: 0x80000b9c (0x000011fd) c.addi  gp, -1
core   0: 3 0x80000b9c (0x11fd) x 3 0xfffffff3
core   0: 0x80000b9e (0xfee19ce3) bne     gp, a4, pc - 8
core   0: 3 0x80000b9e (0xfee19ce3)
core   0: 0x80000b96 (0x0000927e) c.add   tp, t6
core   0: 3 0x80000b96 (0x927e) x 4 0x00000155
core   0: 0x80000b98 (0x029ddb33) divu    s6, s11, s1
core   0: 3 0x80000b98 (0x029ddb33) x22 0x00000001
core   0: 0x80000b9c (0x000011fd) c.addi  gp, -1
core   0: 3 0x80000b9c (0x11fd) x 3 0xfffffff2
core   0: 0x80000b9e (0xfee19ce3) bne     gp, a4, pc - 8
core   0: 3 0x80000b9e (0xfee19ce3)
core   0: 0x80000b96 (0x0000927e) c.add   tp, t6
core   0: 3 0x80000b96 (0x927e) x 4 0x00000166
core   0: 0x80000b98 (0x029ddb33) divu    s6, s11, s1
core   0: 3 0x80000b98 (0x029ddb33) x22 0x00000001
core   0: 0x80000b9c (0x000011fd) c.addi  gp, -1
core   0: 3 0x80000b9c (0x11fd) x 3 0xfffffff1
core   0: 0x80000b9e (0xfee19ce3) bne     gp, a4, pc - 8
core   0: 3 0x80000b9e (0xfee19ce3)
core   0: 0x80000ba2 (0xfff442e3) blt     s0, t6, pc - 28
core   0: 3 0x80000ba2 (0xfff442e3)
core   0: 0x80000ba6 (0x000006fa) c.slli  a3, 30
core   0: 3 0x80000ba6 (0x06fa) x13 0x00000000
core   0: 0x80000ba8 (0xffa00f13) li      t5, -6
core   0: 3 0x80000ba8 (0xffa00f13) x30 0xfffffffa
core   0: 0x80000bac (0x00000001) c.nop
core   0: 3 0x80000bac (0x0001)
core   0: 0x80000bae (0x010ea733) slt     a4, t4, a6
core   0: 3 0x80000bae (0x010ea733) x14 0x00000000
core   0: 0x80000bb2 (0x01100d13) li      s10, 17
core   0: 3 0x80000bb2 (0x01100d13) x26 0x00000011
core   0: 0x80000bb6 (0x00000001) c.nop
core   0: 3 0x80000bb6 (0x0001)
core   0: 0x80000bb8 (0x009115b3) sll     a1, sp, s1
core   0: 3 0x80000bb8 (0x009115b3) x11 0x000cfff0
core   0: 0x80000bbc (0x0ff0000f) fence   iorw,iorw
core   0: 3 0x80000bbc (0x0ff0000f)
core   0: 0x80000bc0 (0x7ed9e913) ori     s2, s3, 2029
core   0: 3 0x80000bc0 (0x7ed9e913) x18 0xffffffff
core   0: 0x80000bc4 (0x5af1a313) slti    t1, gp, 1455
core   0: 3 0x80000bc4 (0x5af1a313) x 6 0x00000001
core   0: 0x80000bc8 (0x00000f1d) c.addi  t5, 7
core   0: 3 0x80000bc8 (0x0f1d) x30 0x00000001
core   0: 0x80000bca (0x00000b06) c.slli  s6, 1
core   0: 3 0x80000bca (0x0b06) x22 0x00000002
core   0: 0x80000bcc (0xffc00413) li      s0, -4
core   0: 3 0x80000bcc (0xffc00413) x 8 0xfffffffc
core   0: 0x80000bd0 (0x00000001) c.nop
core   0: 3 0x80000bd0 (0x0001)
core   0: 0x80000bd2 (0x01aba133) slt     sp, s7, s10
core   0: 3 0x80000bd2 (0x01aba133) x 2 0x00000001
core   0: 0x80000bd6 (0x4168d213) srai    tp, a7, 22
core   0: 3 0x80000bd6 (0x4168d213) x 4 0x00000000
core   0: 0x80000bda (0x3c8ac897) auipc   a7, 0x3c8ac
core   0: 3 0x80000bda (0x3c8ac897) x17 0xbc8acbda
core   0: 0x80000bde (0x000082fd) c.srli  a3, 31
core   0: 3 0x80000bde (0x82fd) x13 0x00000000
core   0: 0x80000be0 (0x01897c33) and     s8, s2, s8
core   0: 3 0x80000be0 (0x01897c33) x24 0x0000083a
core   0: 0x80000be4 (0x00fa06b3) add     a3, s4, a5
core   0: 3 0x80000be4 (0x00fa06b3) x13 0x800002ee
core   0: 0x80000be8 (0x00000405) c.addi  s0, 1
core   0: 3 0x80000be8 (0x0405) x 8 0xfffffffd
core   0: 0x80000bea (0x0ff0000f) fence   iorw,iorw
core   0: 3 0x80000bea (0x0ff0000f)
core   0: 0x80000bee (0x0000d475) c.beqz  s0, pc - 20
core   0: 3 0x80000bee (0xd475)
core   0: 0x80000bf0 (0x0000100f) fence.i
core   0: 3 0x80000bf0 (0x0000100f)
core   0: 0x80000bf4 (0x00f2b1b3) sltu    gp, t0, a5
core   0: 3 0x80000bf4 (0x00f2b1b3) x 3 0x00000001
core   0: 0x80000bf8 (0xda730193) addi    gp, t1, -601
core   0: 3 0x80000bf8 (0xda730193) x 3 0xfffffda8
core   0: 0x80000bfc (0x0ff0000f) fence   iorw,iorw
core   0: 3 0x80000bfc (0x0ff0000f)
core   0: 0x80000c00 (0x03885933) divu    s2, a6, s8
core   0: 3 0x80000c00 (0x03885933) x18 0x001f1e63
core   0: 0x80000c04 (0x00000001) c.nop
core   0: 3 0x80000c04 (0x0001)
core   0: 0x80000c06 (0xbaceb217) auipc   tp, 0xbaceb
core   0: 3 0x80000c06 (0xbaceb217) x 4 0x3acebc06
core   0: 0x80000c0a (0xfbaf6be3) bltu    t5, s10, pc - 74
core   0: 3 0x80000c0a (0xfbaf6be3)
core   0: 0x80000bc0 (0x7ed9e913) ori     s2, s3, 2029
core   0: 3 0x80000bc0 (0x7ed9e913) x18 0xffffffff
core   0: 0x80000bc4 (0x5af1a313) slti    t1, gp, 1455
core   0: 3 0x80000bc4 (0x5af1a313) x 6 0x00000001
core   0: 0x80000bc8 (0x00000f1d) c.addi  t5, 7
core   0: 3 0x80000bc8 (0x0f1d) x30 0x00000008
core   0: 0x80000bca (0x00000b06) c.slli  s6, 1
core   0: 3 0x80000bca (0x0b06) x22 0x00000004
core   0: 0x80000bcc (0xffc00413) li      s0, -4
core   0: 3 0x80000bcc (0xffc00413) x 8 0xfffffffc
core   0: 0x80000bd0 (0x00000001) c.nop
core   0: 3 0x80000bd0 (0x0001)
core   0: 0x80000bd2 (0x01aba133) slt     sp, s7, s10
core   0: 3 0x80000bd2 (0x01aba133) x 2 0x00000001
core   0: 0x80000bd6 (0x4168d213) srai    tp, a7, 22
core   0: 3 0x80000bd6 (0x4168d213) x 4 0xfffffef2
core   0: 0x80000bda (0x3c8ac897) auipc   a7, 0x3c8ac
core   0: 3 0x80000bda (0x3c8ac897) x17 0xbc8acbda
core   0: 0x80000bde (0x000082fd) c.srli  a3, 31
core   0: 3 0x80000bde (0x82fd) x13 0x00000001
core   0: 0x80000be0 (0x01897c33) and     s8, s2, s8
core   0: 3 0x80000be0 (0x01897c33) x24 0x0000083a
core   0: 0x80000be4 (0x00fa06b3) add     a3, s4, a5
core   0: 3 0x80000be4 (0x00fa06b3) x13 0x800002ee
core   0: 0x80000be8 (0x00000405) c.addi  s0, 1
core   0: 3 0x80000be8 (0x0405) x 8 0xfffffffd
core   0: 0x80000bea (0x0ff0000f) fence   iorw,iorw
core   0: 3 0x80000bea (0x0ff0000f)
core   0: 0x80000bee (0x0000d475) c.beqz  s0, pc - 20
core   0: 3 0x80000bee (0xd475)
core   0: 0x80000bf0 (0x0000100f) fence.i
core   0: 3 0x80000bf0 (0x0000100f)
core   0: 0x80000bf4 (0x00f2b1b3) sltu    gp, t0, a5
core   0: 3 0x80000bf4 (0x00f2b1b3) x 3 0x00000001
core   0: 0x80000bf8 (0xda730193) addi    gp, t1, -601
core   0: 3 0x80000bf8 (0xda730193) x 3 0xfffffda8
core   0: 0x80000bfc (0x0ff0000f) fence   iorw,iorw
core   0: 3 0x80000bfc (0x0ff0000f)
core   0: 0x80000c00 (0x03885933) divu    s2, a6, s8
core   0: 3 0x80000c00 (0x03885933) x18 0x001f1e63
core   0: 0x80000c04 (0x00000001) c.nop
core   0: 3 0x80000c04 (0x0001)
core   0: 0x80000c06 (0xbaceb217) auipc   tp, 0xbaceb
core   0: 3 0x80000c06 (0xbaceb217) x 4 0x3acebc06
core   0: 0x80000c0a (0xfbaf6be3) bltu    t5, s10, pc - 74
core   0: 3 0x80000c0a (0xfbaf6be3)
core   0: 0x80000bc0 (0x7ed9e913) ori     s2, s3, 2029
core   0: 3 0x80000bc0 (0x7ed9e913) x18 0xffffffff
core   0: 0x80000bc4 (0x5af1a313) slti    t1, gp, 1455
core   0: 3 0x80000bc4 (0x5af1a313) x 6 0x00000001
core   0: 0x80000bc8 (0x00000f1d) c.addi  t5, 7
core   0: 3 0x80000bc8 (0x0f1d) x30 0x0000000f
core   0: 0x80000bca (0x00000b06) c.slli  s6, 1
core   0: 3 0x80000bca (0x0b06) x22 0x00000008
core   0: 0x80000bcc (0xffc00413) li      s0, -4
core   0: 3 0x80000bcc (0xffc00413) x 8 0xfffffffc
core   0: 0x80000bd0 (0x00000001) c.nop
core   0: 3 0x80000bd0 (0x0001)
core   0: 0x80000bd2 (0x01aba133) slt     sp, s7, s10
core   0: 3 0x80000bd2 (0x01aba133) x 2 0x00000001
core   0: 0x80000bd6 (0x4168d213) srai    tp, a7, 22
core   0: 3 0x80000bd6 (0x4168d213) x 4 0xfffffef2
core   0: 0x80000bda (0x3c8ac897) auipc   a7, 0x3c8ac
core   0: 3 0x80000bda (0x3c8ac897) x17 0xbc8acbda
core   0: 0x80000bde (0x000082fd) c.srli  a3, 31
core   0: 3 0x80000bde (0x82fd) x13 0x00000001
core   0: 0x80000be0 (0x01897c33) and     s8, s2, s8
core   0: 3 0x80000be0 (0x01897c33) x24 0x0000083a
core   0: 0x80000be4 (0x00fa06b3) add     a3, s4, a5
core   0: 3 0x80000be4 (0x00fa06b3) x13 0x800002ee
core   0: 0x80000be8 (0x00000405) c.addi  s0, 1
core   0: 3 0x80000be8 (0x0405) x 8 0xfffffffd
core   0: 0x80000bea (0x0ff0000f) fence   iorw,iorw
core   0: 3 0x80000bea (0x0ff0000f)
core   0: 0x80000bee (0x0000d475) c.beqz  s0, pc - 20
core   0: 3 0x80000bee (0xd475)
core   0: 0x80000bf0 (0x0000100f) fence.i
core   0: 3 0x80000bf0 (0x0000100f)
core   0: 0x80000bf4 (0x00f2b1b3) sltu    gp, t0, a5
core   0: 3 0x80000bf4 (0x00f2b1b3) x 3 0x00000001
core   0: 0x80000bf8 (0xda730193) addi    gp, t1, -601
core   0: 3 0x80000bf8 (0xda730193) x 3 0xfffffda8
core   0: 0x80000bfc (0x0ff0000f) fence   iorw,iorw
core   0: 3 0x80000bfc (0x0ff0000f)
core   0: 0x80000c00 (0x03885933) divu    s2, a6, s8
core   0: 3 0x80000c00 (0x03885933) x18 0x001f1e63
core   0: 0x80000c04 (0x00000001) c.nop
core   0: 3 0x80000c04 (0x0001)
core   0: 0x80000c06 (0xbaceb217) auipc   tp, 0xbaceb
core   0: 3 0x80000c06 (0xbaceb217) x 4 0x3acebc06
core   0: 0x80000c0a (0xfbaf6be3) bltu    t5, s10, pc - 74
core   0: 3 0x80000c0a (0xfbaf6be3)
core   0: 0x80000bc0 (0x7ed9e913) ori     s2, s3, 2029
core   0: 3 0x80000bc0 (0x7ed9e913) x18 0xffffffff
core   0: 0x80000bc4 (0x5af1a313) slti    t1, gp, 1455
core   0: 3 0x80000bc4 (0x5af1a313) x 6 0x00000001
core   0: 0x80000bc8 (0x00000f1d) c.addi  t5, 7
core   0: 3 0x80000bc8 (0x0f1d) x30 0x00000016
core   0: 0x80000bca (0x00000b06) c.slli  s6, 1
core   0: 3 0x80000bca (0x0b06) x22 0x00000010
core   0: 0x80000bcc (0xffc00413) li      s0, -4
core   0: 3 0x80000bcc (0xffc00413) x 8 0xfffffffc
core   0: 0x80000bd0 (0x00000001) c.nop
core   0: 3 0x80000bd0 (0x0001)
core   0: 0x80000bd2 (0x01aba133) slt     sp, s7, s10
core   0: 3 0x80000bd2 (0x01aba133) x 2 0x00000001
core   0: 0x80000bd6 (0x4168d213) srai    tp, a7, 22
core   0: 3 0x80000bd6 (0x4168d213) x 4 0xfffffef2
core   0: 0x80000bda (0x3c8ac897) auipc   a7, 0x3c8ac
core   0: 3 0x80000bda (0x3c8ac897) x17 0xbc8acbda
core   0: 0x80000bde (0x000082fd) c.srli  a3, 31
core   0: 3 0x80000bde (0x82fd) x13 0x00000001
core   0: 0x80000be0 (0x01897c33) and     s8, s2, s8
core   0: 3 0x80000be0 (0x01897c33) x24 0x0000083a
core   0: 0x80000be4 (0x00fa06b3) add     a3, s4, a5
core   0: 3 0x80000be4 (0x00fa06b3) x13 0x800002ee
core   0: 0x80000be8 (0x00000405) c.addi  s0, 1
core   0: 3 0x80000be8 (0x0405) x 8 0xfffffffd
core   0: 0x80000bea (0x0ff0000f) fence   iorw,iorw
core   0: 3 0x80000bea (0x0ff0000f)
core   0: 0x80000bee (0x0000d475) c.beqz  s0, pc - 20
core   0: 3 0x80000bee (0xd475)
core   0: 0x80000bf0 (0x0000100f) fence.i
core   0: 3 0x80000bf0 (0x0000100f)
core   0: 0x80000bf4 (0x00f2b1b3) sltu    gp, t0, a5
core   0: 3 0x80000bf4 (0x00f2b1b3) x 3 0x00000001
core   0: 0x80000bf8 (0xda730193) addi    gp, t1, -601
core   0: 3 0x80000bf8 (0xda730193) x 3 0xfffffda8
core   0: 0x80000bfc (0x0ff0000f) fence   iorw,iorw
core   0: 3 0x80000bfc (0x0ff0000f)
core   0: 0x80000c00 (0x03885933) divu    s2, a6, s8
core   0: 3 0x80000c00 (0x03885933) x18 0x001f1e63
core   0: 0x80000c04 (0x00000001) c.nop
core   0: 3 0x80000c04 (0x0001)
core   0: 0x80000c06 (0xbaceb217) auipc   tp, 0xbaceb
core   0: 3 0x80000c06 (0xbaceb217) x 4 0x3acebc06
core   0: 0x80000c0a (0xfbaf6be3) bltu    t5, s10, pc - 74
core   0: 3 0x80000c0a (0xfbaf6be3)
core   0: 0x80000c0e (0x00000001) c.nop
core   0: 3 0x80000c0e (0x0001)
core   0: 0x80000c10 (0x00500093) li      ra, 5
core   0: 3 0x80000c10 (0x00500093) x 1 0x00000005
core   0: 0x80000c14 (0x00008c59) c.or    s0, a4
core   0: 3 0x80000c14 (0x8c59) x 8 0xfffffffd
core   0: 0x80000c16 (0x3f0ab593) sltiu   a1, s5, 1008
core   0: 3 0x80000c16 (0x3f0ab593) x11 0x00000001
core   0: 0x80000c1a (0x00500c93) li      s9, 5
core   0: 3 0x80000c1a (0x00500c93) x25 0x00000005
core   0: 0x80000c1e (0x412d8033) sub     zero, s11, s2
core   0: 3 0x80000c1e (0x412d8033)
core   0: 0x80000c22 (0x01691613) slli    a2, s2, 22
core   0: 3 0x80000c22 (0x01691613) x12 0x98c00000
core   0: 0x80000c26 (0x0000717d) c.addi16sp sp, -16
core   0: 3 0x80000c26 (0x717d) x 2 0xfffffff1
core   0: 0x80000c28 (0xa8a99f17) auipc   t5, 0xa8a99
core   0: 3 0x80000c28 (0xa8a99f17) x30 0x28a99c28
core   0: 0x80000c2c (0x000010f9) c.addi  ra, -2
core   0: 3 0x80000c2c (0x10f9) x 1 0x00000003
core   0: 0x80000c2e (0x2282f693) andi    a3, t0, 552
core   0: 3 0x80000c2e (0x2282f693) x13 0x00000200
core   0: 0x80000c32 (0x0bb97193) andi    gp, s2, 187
core   0: 3 0x80000c32 (0x0bb97193) x 3 0x00000023
core   0: 0x80000c36 (0x41e3de93) srai    t4, t2, 30
core   0: 3 0x80000c36 (0x41e3de93) x29 0xffffffff
core   0: 0x80000c3a (0xff90f7e3) bgeu    ra, s9, pc - 18
core   0: 3 0x80000c3a (0xff90f7e3)
core   0: 0x80000c3e (0x030c89b3) mul     s3, s9, a6
core   0: 3 0x80000c3e (0x030c89b3) x19 0xffffffa1
core   0: 0x80000c42 (0x00500693) li      a3, 5
core   0: 3 0x80000c42 (0x00500693) x13 0x00000005
core   0: 0x80000c46 (0x004962b3) or      t0, s2, tp
core   0: 3 0x80000c46 (0x004962b3) x 5 0x3adfbe67
core   0: 0x80000c4a (0x03685eb3) divu    t4, a6, s6
core   0: 3 0x80000c4a (0x03685eb3) x29 0x0ffffffe
core   0: 0x80000c4e (0x4c903c37) lui     s8, 0x4c903
core   0: 3 0x80000c4e (0x4c903c37) x24 0x4c903000
core   0: 0x80000c52 (0x00d1bf33) sltu    t5, gp, a3
core   0: 3 0x80000c52 (0x00d1bf33) x30 0x00000000
core   0: 0x80000c56 (0x00008a5d) c.andi  a2, 23
core   0: 3 0x80000c56 (0x8a5d) x12 0x00000000
core   0: 0x80000c58 (0x015c0733) add     a4, s8, s5
core   0: 3 0x80000c58 (0x015c0733) x14 0x4c903000
core   0: 0x80000c5c (0x00600813) li      a6, 6
core   0: 3 0x80000c5c (0x00600813) x16 0x00000006
core   0: 0x80000c60 (0xcfeeba13) sltiu   s4, t4, -770
core   0: 3 0x80000c60 (0xcfeeba13) x20 0x00000001
core   0: 0x80000c64 (0x01ba2733) slt     a4, s4, s11
core   0: 3 0x80000c64 (0x01ba2733) x14 0x00000000
core   0: 0x80000c68 (0x00000685) c.addi  a3, 1
core   0: 3 0x80000c68 (0x0685) x13 0x00000006
core   0: 0x80000c6a (0x00633f33) sltu    t5, t1, t1
core   0: 3 0x80000c6a (0x00633f33) x30 0x00000000
core   0: 0x80000c6e (0x00166433) or      s0, a2, ra
core   0: 3 0x80000c6e (0x00166433) x 8 0x00000003
core   0: 0x80000c72 (0x00006131) c.addi16sp sp, 320
core   0: 3 0x80000c72 (0x6131) x 2 0x00000131
core   0: 0x80000c74 (0x00008e11) c.sub   a2, a2
core   0: 3 0x80000c74 (0x8e11) x12 0x00000000
core   0: 0x80000c76 (0xff0687e3) beq     a3, a6, pc - 18
core   0: 3 0x80000c76 (0xff0687e3)
core   0: 0x80000c64 (0x01ba2733) slt     a4, s4, s11
core   0: 3 0x80000c64 (0x01ba2733) x14 0x00000000
core   0: 0x80000c68 (0x00000685) c.addi  a3, 1
core   0: 3 0x80000c68 (0x0685) x13 0x00000007
core   0: 0x80000c6a (0x00633f33) sltu    t5, t1, t1
core   0: 3 0x80000c6a (0x00633f33) x30 0x00000000
core   0: 0x80000c6e (0x00166433) or      s0, a2, ra
core   0: 3 0x80000c6e (0x00166433) x 8 0x00000003
core   0: 0x80000c72 (0x00006131) c.addi16sp sp, 320
core   0: 3 0x80000c72 (0x6131) x 2 0x00000271
core   0: 0x80000c74 (0x00008e11) c.sub   a2, a2
core   0: 3 0x80000c74 (0x8e11) x12 0x00000000
core   0: 0x80000c76 (0xff0687e3) beq     a3, a6, pc - 18
core   0: 3 0x80000c76 (0xff0687e3)
core   0: 0x80000c7a (0x02929c33) mulh    s8, t0, s1
core   0: 3 0x80000c7a (0x02929c33) x24 0xe290abe8
core   0: 0x80000c7e (0xffc00d93) li      s11, -4
core   0: 3 0x80000c7e (0xffc00d93) x27 0xfffffffc
core   0: 0x80000c82 (0x8c2abb13) sltiu   s6, s5, -1854
core   0: 3 0x80000c82 (0x8c2abb13) x22 0x00000001
core   0: 0x80000c86 (0x007222b3) slt     t0, tp, t2
core   0: 3 0x80000c86 (0x007222b3) x 5 0x00000000
core   0: 0x80000c8a (0x40625f93) srai    t6, tp, 6
core   0: 3 0x80000c8a (0x40625f93) x31 0x00eb3af0
core   0: 0x80000c8e (0xfff00993) li      s3, -1
core   0: 3 0x80000c8e (0xfff00993) x19 0xffffffff
core   0: 0x80000c92 (0x0034dfb3) srl     t6, s1, gp
core   0: 3 0x80000c92 (0x0034dfb3) x31 0x10004b9c
core   0: 0x80000c96 (0x00008d3d) c.xor   a0, a5
core   0: 3 0x80000c96 (0x8d3d) x10 0x7ffffef5
core   0: 0x80000c98 (0x35b96a13) ori     s4, s2, 859
core   0: 3 0x80000c98 (0x35b96a13) x20 0x001f1f7b
core   0: 0x80000c9c (0x019800b3) add     ra, a6, s9
core   0: 3 0x80000c9c (0x019800b3) x 1 0x0000000b
core   0: 0x80000ca0 (0x000060e1) c.lui   ra, 0x18
core   0: 3 0x80000ca0 (0x60e1) x 1 0x00018000
core   0: 0x80000ca2 (0x00000da9) c.addi  s11, 10
core   0: 3 0x80000ca2 (0x0da9) x27 0x00000006
core   0: 0x80000ca4 (0x02a3f733) remu    a4, t2, a0
core   0: 3 0x80000ca4 (0x02a3f733) x14 0x00000215
core   0: 0x80000ca8 (0x00008d45) c.or    a0, s1
core   0: 3 0x80000ca8 (0x8d45) x10 0xfffffef5
core   0: 0x80000caa (0x02ddbab3) mulhu   s5, s11, a3
core   0: 3 0x80000caa (0x02ddbab3) x21 0x00000000
core   0: 0x80000cae (0xa7795a17) auipc   s4, 0xa7795
core   0: 3 0x80000cae (0xa7795a17) x20 0x27795cae
core   0: 0x80000cb2 (0xa423a393) slti    t2, t2, -1470
core   0: 3 0x80000cb2 (0xa423a393) x 7 0x00000000
core   0: 0x80000cb6 (0x25ee7ab7) lui     s5, 0x25ee7
core   0: 3 0x80000cb6 (0x25ee7ab7) x21 0x25ee7000
core   0: 0x80000cba (0x000085dd) c.srai  a1, 23
core   0: 3 0x80000cba (0x85dd) x11 0x00000000
core   0: 0x80000cbc (0xfff00693) li      a3, -1
core   0: 3 0x80000cbc (0xfff00693) x13 0xffffffff
core   0: 0x80000cc0 (0x03963333) mulhu   t1, a2, s9
core   0: 3 0x80000cc0 (0x03963333) x 6 0x00000000
core   0: 0x80000cc4 (0x035d33b3) mulhu   t2, s10, s5
core   0: 3 0x80000cc4 (0x035d33b3) x 7 0x00000002
core   0: 0x80000cc8 (0x00000001) c.nop
core   0: 3 0x80000cc8 (0x0001)
core   0: 0x80000cca (0x000089ad) c.andi  a1, 11
core   0: 3 0x80000cca (0x89ad) x11 0x00000000
core   0: 0x80000ccc (0xbe7ba937) lui     s2, 0xbe7ba
core   0: 3 0x80000ccc (0xbe7ba937) x18 0xbe7ba000
core   0: 0x80000cd0 (0x0378a833) mulhsu  a6, a7, s7
core   0: 3 0x80000cd0 (0x0378a833) x16 0xde44d700
core   0: 0x80000cd4 (0x0187e0b3) or      ra, a5, s8
core   0: 3 0x80000cd4 (0x0187e0b3) x 1 0xe290abe8
core   0: 0x80000cd8 (0x00000685) c.addi  a3, 1
core   0: 3 0x80000cd8 (0x0685) x13 0x00000000
core   0: 0x80000cda (0x00ae1e93) slli    t4, t3, 10
core   0: 3 0x80000cda (0x00ae1e93) x29 0x00019000
core   0: 0x80000cde (0x0383a433) mulhsu  s0, t2, s8
core   0: 3 0x80000cde (0x0383a433) x 8 0x00000001
core   0: 0x80000ce2 (0x00008e31) c.xor   a2, a2
core   0: 3 0x80000ce2 (0x8e31) x12 0x00000000
core   0: 0x80000ce4 (0x0000d6f5) c.beqz  a3, pc - 20
core   0: 3 0x80000ce4 (0xd6f5)
core   0: 0x80000cd0 (0x0378a833) mulhsu  a6, a7, s7
core   0: 3 0x80000cd0 (0x0378a833) x16 0xde44d700
core   0: 0x80000cd4 (0x0187e0b3) or      ra, a5, s8
core   0: 3 0x80000cd4 (0x0187e0b3) x 1 0xe290abe8
core   0: 0x80000cd8 (0x00000685) c.addi  a3, 1
core   0: 3 0x80000cd8 (0x0685) x13 0x00000001
core   0: 0x80000cda (0x00ae1e93) slli    t4, t3, 10
core   0: 3 0x80000cda (0x00ae1e93) x29 0x00019000
core   0: 0x80000cde (0x0383a433) mulhsu  s0, t2, s8
core   0: 3 0x80000cde (0x0383a433) x 8 0x00000001
core   0: 0x80000ce2 (0x00008e31) c.xor   a2, a2
core   0: 3 0x80000ce2 (0x8e31) x12 0x00000000
core   0: 0x80000ce4 (0x0000d6f5) c.beqz  a3, pc - 20
core   0: 3 0x80000ce4 (0xd6f5)
core   0: 0x80000ce6 (0xfb3dcbe3) blt     s11, s3, pc - 74
core   0: 3 0x80000ce6 (0xfb3dcbe3)
core   0: 0x80000cea (0x00001a7d) c.addi  s4, -1
core   0: 3 0x80000cea (0x1a7d) x20 0x27795cad
core   0: 0x80000cec (0xffd00893) li      a7, -3
core   0: 3 0x80000cec (0xffd00893) x17 0xfffffffd
core   0: 0x80000cf0 (0x00000405) c.addi  s0, 1
core   0: 3 0x80000cf0 (0x0405) x 8 0x00000002
core   0: 0x80000cf2 (0x000009e5) c.addi  s3, 25
core   0: 3 0x80000cf2 (0x09e5) x19 0x00000018
core   0: 0x80000cf4 (0x00300b13) li      s6, 3
core   0: 3 0x80000cf4 (0x00300b13) x22 0x00000003
core   0: 0x80000cf8 (0x0000717d) c.addi16sp sp, -16
core   0: 3 0x80000cf8 (0x717d) x 2 0x00000261
core   0: 0x80000cfa (0x01c47db3) and     s11, s0, t3
core   0: 3 0x80000cfa (0x01c47db3) x27 0x00000000
core   0: 0x80000cfe (0x00000714) c.addi4spn a3, sp, 896
core   0: 3 0x80000cfe (0x0714) x13 0x000005e1
core   0: 0x80000d00 (0x00000899) c.addi  a7, 6
core   0: 3 0x80000d00 (0x0899) x17 0x00000003
core   0: 0x80000d02 (0x00008b4d) c.andi  a4, 19
core   0: 3 0x80000d02 (0x8b4d) x14 0x00000011
core   0: 0x80000d04 (0xd2d5a713) slti    a4, a1, -723
core   0: 3 0x80000d04 (0xd2d5a713) x14 0x00000000
core   0: 0x80000d08 (0xff6889e3) beq     a7, s6, pc - 14
core   0: 3 0x80000d08 (0xff6889e3)
core   0: 0x80000cfa (0x01c47db3) and     s11, s0, t3
core   0: 3 0x80000cfa (0x01c47db3) x27 0x00000000
core   0: 0x80000cfe (0x00000714) c.addi4spn a3, sp, 896
core   0: 3 0x80000cfe (0x0714) x13 0x000005e1
core   0: 0x80000d00 (0x00000899) c.addi  a7, 6
core   0: 3 0x80000d00 (0x0899) x17 0x00000009
core   0: 0x80000d02 (0x00008b4d) c.andi  a4, 19
core   0: 3 0x80000d02 (0x8b4d) x14 0x00000000
core   0: 0x80000d04 (0xd2d5a713) slti    a4, a1, -723
core   0: 3 0x80000d04 (0xd2d5a713) x14 0x00000000
core   0: 0x80000d08 (0xff6889e3) beq     a7, s6, pc - 14
core   0: 3 0x80000d08 (0xff6889e3)
core   0: 0x80000d0c (0x01a05993) srli    s3, zero, 26
core   0: 3 0x80000d0c (0x01a05993) x19 0x00000000
core   0: 0x80000d10 (0x00900d13) li      s10, 9
core   0: 3 0x80000d10 (0x00900d13) x26 0x00000009
core   0: 0x80000d14 (0x00700e13) li      t3, 7
core   0: 3 0x80000d14 (0x00700e13) x28 0x00000007
core   0: 0x80000d18 (0x05138693) addi    a3, t2, 81
core   0: 3 0x80000d18 (0x05138693) x13 0x00000053
core   0: 0x80000d1c (0x01a3ca33) xor     s4, t2, s10
core   0: 3 0x80000d1c (0x01a3ca33) x20 0x0000000b
core   0: 0x80000d20 (0x00001d79) c.addi  s10, -2
core   0: 3 0x80000d20 (0x1d79) x26 0x00000007
core   0: 0x80000d22 (0x025b09b3) mul     s3, s6, t0
core   0: 3 0x80000d22 (0x025b09b3) x19 0x00000000
core   0: 0x80000d26 (0x03a4ac33) mulhsu  s8, s1, s10
core   0: 3 0x80000d26 (0x03a4ac33) x24 0xfffffffc
core   0: 0x80000d2a (0x4426f593) andi    a1, a3, 1090
core   0: 3 0x80000d2a (0x4426f593) x11 0x00000042
core   0: 0x80000d2e (0xffcd77e3) bgeu    s10, t3, pc - 18
core   0: 3 0x80000d2e (0xffcd77e3)
core   0: 0x80000d1c (0x01a3ca33) xor     s4, t2, s10
core   0: 3 0x80000d1c (0x01a3ca33) x20 0x00000005
core   0: 0x80000d20 (0x00001d79) c.addi  s10, -2
core   0: 3 0x80000d20 (0x1d79) x26 0x00000005
core   0: 0x80000d22 (0x025b09b3) mul     s3, s6, t0
core   0: 3 0x80000d22 (0x025b09b3) x19 0x00000000
core   0: 0x80000d26 (0x03a4ac33) mulhsu  s8, s1, s10
core   0: 3 0x80000d26 (0x03a4ac33) x24 0xfffffffd
core   0: 0x80000d2a (0x4426f593) andi    a1, a3, 1090
core   0: 3 0x80000d2a (0x4426f593) x11 0x00000042
core   0: 0x80000d2e (0xffcd77e3) bgeu    s10, t3, pc - 18
core   0: 3 0x80000d2e (0xffcd77e3)
core   0: 0x80000d32 (0xab743913) sltiu   s2, s0, -1353
core   0: 3 0x80000d32 (0xab743913) x18 0x00000001
core   0: 0x80000d36 (0x00a00513) li      a0, 10
core   0: 3 0x80000d36 (0x00a00513) x10 0x0000000a
core   0: 0x80000d3a (0x003f6e33) or      t3, t5, gp
core   0: 3 0x80000d3a (0x003f6e33) x28 0x00000023
core   0: 0x80000d3e (0x0043b6b3) sltu    a3, t2, tp
core   0: 3 0x80000d3e (0x0043b6b3) x13 0x00000001
core   0: 0x80000d42 (0x000041dd) c.li    gp, 23
core   0: 3 0x80000d42 (0x41dd) x 3 0x00000017
core   0: 0x80000d44 (0xffd00393) li      t2, -3
core   0: 3 0x80000d44 (0xffd00393) x 7 0xfffffffd
core   0: 0x80000d48 (0x0044df93) srli    t6, s1, 4
core   0: 3 0x80000d48 (0x0044df93) x31 0x080025ce
core   0: 0x80000d4c (0x009708b3) add     a7, a4, s1
core   0: 3 0x80000d4c (0x009708b3) x17 0x80025ce4
core   0: 0x80000d50 (0x0ff0000f) fence   iorw,iorw
core   0: 3 0x80000d50 (0x0ff0000f)
core   0: 0x80000d54 (0x41d452b3) sra     t0, s0, t4
core   0: 3 0x80000d54 (0x41d452b3) x 5 0x00000002
core   0: 0x80000d58 (0x0000156d) c.addi  a0, -5
core   0: 3 0x80000d58 (0x156d) x10 0x00000005
core   0: 0x80000d5a (0x025cb833) mulhu   a6, s9, t0
core   0: 3 0x80000d5a (0x025cb833) x16 0x00000000
core   0: 0x80000d5e (0x0263e933) rem     s2, t2, t1
core   0: 3 0x80000d5e (0x0263e933) x18 0xfffffffd
core   0: 0x80000d62 (0x01983d33) sltu    s10, a6, s9
core   0: 3 0x80000d62 (0x01983d33) x26 0x00000001
core   0: 0x80000d66 (0x00541eb3) sll     t4, s0, t0
core   0: 3 0x80000d66 (0x00541eb3) x29 0x00000008
core   0: 0x80000d6a (0xfe7551e3) bge     a0, t2, pc - 30
core   0: 3 0x80000d6a (0xfe7551e3)
core   0: 0x80000d4c (0x009708b3) add     a7, a4, s1
core   0: 3 0x80000d4c (0x009708b3) x17 0x80025ce4
core   0: 0x80000d50 (0x0ff0000f) fence   iorw,iorw
core   0: 3 0x80000d50 (0x0ff0000f)
core   0: 0x80000d54 (0x41d452b3) sra     t0, s0, t4
core   0: 3 0x80000d54 (0x41d452b3) x 5 0x00000000
core   0: 0x80000d58 (0x0000156d) c.addi  a0, -5
core   0: 3 0x80000d58 (0x156d) x10 0x00000000
core   0: 0x80000d5a (0x025cb833) mulhu   a6, s9, t0
core   0: 3 0x80000d5a (0x025cb833) x16 0x00000000
core   0: 0x80000d5e (0x0263e933) rem     s2, t2, t1
core   0: 3 0x80000d5e (0x0263e933) x18 0xfffffffd
core   0: 0x80000d62 (0x01983d33) sltu    s10, a6, s9
core   0: 3 0x80000d62 (0x01983d33) x26 0x00000001
core   0: 0x80000d66 (0x00541eb3) sll     t4, s0, t0
core   0: 3 0x80000d66 (0x00541eb3) x29 0x00000002
core   0: 0x80000d6a (0xfe7551e3) bge     a0, t2, pc - 30
core   0: 3 0x80000d6a (0xfe7551e3)
core   0: 0x80000d4c (0x009708b3) add     a7, a4, s1
core   0: 3 0x80000d4c (0x009708b3) x17 0x80025ce4
core   0: 0x80000d50 (0x0ff0000f) fence   iorw,iorw
core   0: 3 0x80000d50 (0x0ff0000f)
core   0: 0x80000d54 (0x41d452b3) sra     t0, s0, t4
core   0: 3 0x80000d54 (0x41d452b3) x 5 0x00000000
core   0: 0x80000d58 (0x0000156d) c.addi  a0, -5
core   0: 3 0x80000d58 (0x156d) x10 0xfffffffb
core   0: 0x80000d5a (0x025cb833) mulhu   a6, s9, t0
core   0: 3 0x80000d5a (0x025cb833) x16 0x00000000
core   0: 0x80000d5e (0x0263e933) rem     s2, t2, t1
core   0: 3 0x80000d5e (0x0263e933) x18 0xfffffffd
core   0: 0x80000d62 (0x01983d33) sltu    s10, a6, s9
core   0: 3 0x80000d62 (0x01983d33) x26 0x00000001
core   0: 0x80000d66 (0x00541eb3) sll     t4, s0, t0
core   0: 3 0x80000d66 (0x00541eb3) x29 0x00000002
core   0: 0x80000d6a (0xfe7551e3) bge     a0, t2, pc - 30
core   0: 3 0x80000d6a (0xfe7551e3)
core   0: 0x80000d6e (0x0000870d) c.srai  a4, 3
core   0: 3 0x80000d6e (0x870d) x14 0x00000000
core   0: 0x80000d70 (0x00600413) li      s0, 6
core   0: 3 0x80000d70 (0x00600413) x 8 0x00000006
core   0: 0x80000d74 (0x00ffcfb3) xor     t6, t6, a5
core   0: 3 0x80000d74 (0x00ffcfb3) x31 0x880025ce
core   0: 0x80000d78 (0x01119633) sll     a2, gp, a7
core   0: 3 0x80000d78 (0x01119633) x12 0x00000170
core   0: 0x80000d7c (0x00008ec9) c.or    a3, a0
core   0: 3 0x80000d7c (0x8ec9) x13 0xfffffffb
core   0: 0x80000d7e (0x00000001) c.nop
core   0: 3 0x80000d7e (0x0001)
core   0: 0x80000d80 (0x00000001) c.nop
core   0: 3 0x80000d80 (0x0001)
core   0: 0x80000d82 (0x00800313) li      t1, 8
core   0: 3 0x80000d82 (0x00800313) x 6 0x00000008
core   0: 0x80000d86 (0x00008e4d) c.or    a2, a1
core   0: 3 0x80000d86 (0x8e4d) x12 0x00000172
core   0: 0x80000d88 (0x000089ae) c.mv    s3, a1
core   0: 3 0x80000d88 (0x89ae) x19 0x00000042
core   0: 0x80000d8a (0x01e95e93) srli    t4, s2, 30
core   0: 3 0x80000d8a (0x01e95e93) x29 0x00000003
core   0: 0x80000d8e (0x0000567d) c.li    a2, -1
core   0: 3 0x80000d8e (0x567d) x12 0xffffffff
core   0: 0x80000d90 (0x0000041d) c.addi  s0, 7
core   0: 3 0x80000d90 (0x041d) x 8 0x0000000d
core   0: 0x80000d92 (0x00400593) li      a1, 4
core   0: 3 0x80000d92 (0x00400593) x11 0x00000004
core   0: 0x80000d96 (0x02964a33) div     s4, a2, s1
core   0: 3 0x80000d96 (0x02964a33) x20 0x00000000
core   0: 0x80000d9a (0x00500093) li      ra, 5
core   0: 3 0x80000d9a (0x00500093) x 1 0x00000005
core   0: 0x80000d9e (0x0322f8b3) remu    a7, t0, s2
core   0: 3 0x80000d9e (0x0322f8b3) x17 0x00000000
core   0: 0x80000da2 (0x01a2d9b3) srl     s3, t0, s10
core   0: 3 0x80000da2 (0x01a2d9b3) x19 0x00000000
core   0: 0x80000da6 (0x0000997d) c.andi  a0, -1
core   0: 3 0x80000da6 (0x997d) x10 0xfffffffb
core   0: 0x80000da8 (0x018f6233) or      tp, t5, s8
core   0: 3 0x80000da8 (0x018f6233) x 4 0xfffffffd
core   0: 0x80000dac (0x00008d61) c.and   a0, s0
core   0: 3 0x80000dac (0x8d61) x10 0x00000009
core   0: 0x80000dae (0x016e0733) add     a4, t3, s6
core   0: 3 0x80000dae (0x016e0733) x14 0x00000026
core   0: 0x80000db2 (0x0224f3b3) remu    t2, s1, sp
core   0: 3 0x80000db2 (0x0224f3b3) x 7 0x00000000
core   0: 0x80000db6 (0x00eaa1b3) slt     gp, s5, a4
core   0: 3 0x80000db6 (0x00eaa1b3) x 3 0x00000000
core   0: 0x80000dba (0x00001e7d) c.addi  t3, -1
core   0: 3 0x80000dba (0x1e7d) x28 0x00000022
core   0: 0x80000dbc (0x0000059d) c.addi  a1, 7
core   0: 3 0x80000dbc (0x059d) x11 0x0000000b
core   0: 0x80000dbe (0x9e79ad93) slti    s11, s3, -1561
core   0: 3 0x80000dbe (0x9e79ad93) x27 0x00000000
core   0: 0x80000dc2 (0x19ce5917) auipc   s2, 0x19ce5
core   0: 3 0x80000dc2 (0x19ce5917) x18 0x99ce5dc2
core   0: 0x80000dc6 (0xfe15cae3) blt     a1, ra, pc - 12
core   0: 3 0x80000dc6 (0xfe15cae3)
core   0: 0x80000dca (0x011a1d93) slli    s11, s4, 17
core   0: 3 0x80000dca (0x011a1d93) x27 0x00000000
core   0: 0x80000dce (0x00004d01) c.li    s10, 0
core   0: 3 0x80000dce (0x4d01) x26 0x00000000
core   0: 0x80000dd0 (0x4def2993) slti    s3, t5, 1246
core   0: 3 0x80000dd0 (0x4def2993) x19 0x00000001
core   0: 0x80000dd4 (0xfa646ae3) bltu    s0, t1, pc - 76
core   0: 3 0x80000dd4 (0xfa646ae3)
core   0: 0x80000dd8 (0x00008166) c.mv    sp, s9
core   0: 3 0x80000dd8 (0x8166) x 2 0x00000005
core   0: 0x80000dda (0x00100713) li      a4, 1
core   0: 3 0x80000dda (0x00100713) x14 0x00000001
core   0: 0x80000dde (0x00c00393) li      t2, 12
core   0: 3 0x80000dde (0x00c00393) x 7 0x0000000c
core   0: 0x80000de2 (0x00000001) c.nop
core   0: 3 0x80000de2 (0x0001)
core   0: 0x80000de4 (0x00000725) c.addi  a4, 9
core   0: 3 0x80000de4 (0x0725) x14 0x0000000a
core   0: 0x80000de6 (0xff900693) li      a3, -7
core   0: 3 0x80000de6 (0xff900693) x13 0xfffffff9
core   0: 0x80000dea (0x00000001) c.nop
core   0: 3 0x80000dea (0x0001)
core   0: 0x80000dec (0x00009a7d) c.andi  a2, -1
core   0: 3 0x80000dec (0x9a7d) x12 0xffffffff
core   0: 0x80000dee (0x00000685) c.addi  a3, 1
core   0: 3 0x80000dee (0x0685) x13 0xfffffffa
core   0: 0x80000df0 (0x0000fef5) c.bnez  a3, pc - 4
core   0: 3 0x80000df0 (0xfef5)
core   0: 0x80000dec (0x00009a7d) c.andi  a2, -1
core   0: 3 0x80000dec (0x9a7d) x12 0xffffffff
core   0: 0x80000dee (0x00000685) c.addi  a3, 1
core   0: 3 0x80000dee (0x0685) x13 0xfffffffb
core   0: 0x80000df0 (0x0000fef5) c.bnez  a3, pc - 4
core   0: 3 0x80000df0 (0xfef5)
core   0: 0x80000dec (0x00009a7d) c.andi  a2, -1
core   0: 3 0x80000dec (0x9a7d) x12 0xffffffff
core   0: 0x80000dee (0x00000685) c.addi  a3, 1
core   0: 3 0x80000dee (0x0685) x13 0xfffffffc
core   0: 0x80000df0 (0x0000fef5) c.bnez  a3, pc - 4
core   0: 3 0x80000df0 (0xfef5)
core   0: 0x80000dec (0x00009a7d) c.andi  a2, -1
core   0: 3 0x80000dec (0x9a7d) x12 0xffffffff
core   0: 0x80000dee (0x00000685) c.addi  a3, 1
core   0: 3 0x80000dee (0x0685) x13 0xfffffffd
core   0: 0x80000df0 (0x0000fef5) c.bnez  a3, pc - 4
core   0: 3 0x80000df0 (0xfef5)
core   0: 0x80000dec (0x00009a7d) c.andi  a2, -1
core   0: 3 0x80000dec (0x9a7d) x12 0xffffffff
core   0: 0x80000dee (0x00000685) c.addi  a3, 1
core   0: 3 0x80000dee (0x0685) x13 0xfffffffe
core   0: 0x80000df0 (0x0000fef5) c.bnez  a3, pc - 4
core   0: 3 0x80000df0 (0xfef5)
core   0: 0x80000dec (0x00009a7d) c.andi  a2, -1
core   0: 3 0x80000dec (0x9a7d) x12 0xffffffff
core   0: 0x80000dee (0x00000685) c.addi  a3, 1
core   0: 3 0x80000dee (0x0685) x13 0xffffffff
core   0: 0x80000df0 (0x0000fef5) c.bnez  a3, pc - 4
core   0: 3 0x80000df0 (0xfef5)
core   0: 0x80000dec (0x00009a7d) c.andi  a2, -1
core   0: 3 0x80000dec (0x9a7d) x12 0xffffffff
core   0: 0x80000dee (0x00000685) c.addi  a3, 1
core   0: 3 0x80000dee (0x0685) x13 0x00000000
core   0: 0x80000df0 (0x0000fef5) c.bnez  a3, pc - 4
core   0: 3 0x80000df0 (0xfef5)
core   0: 0x80000df2 (0xfe7768e3) bltu    a4, t2, pc - 16
core   0: 3 0x80000df2 (0xfe7768e3)
core   0: 0x80000de2 (0x00000001) c.nop
core   0: 3 0x80000de2 (0x0001)
core   0: 0x80000de4 (0x00000725) c.addi  a4, 9
core   0: 3 0x80000de4 (0x0725) x14 0x00000013
core   0: 0x80000de6 (0xff900693) li      a3, -7
core   0: 3 0x80000de6 (0xff900693) x13 0xfffffff9
core   0: 0x80000dea (0x00000001) c.nop
core   0: 3 0x80000dea (0x0001)
core   0: 0x80000dec (0x00009a7d) c.andi  a2, -1
core   0: 3 0x80000dec (0x9a7d) x12 0xffffffff
core   0: 0x80000dee (0x00000685) c.addi  a3, 1
core   0: 3 0x80000dee (0x0685) x13 0xfffffffa
core   0: 0x80000df0 (0x0000fef5) c.bnez  a3, pc - 4
core   0: 3 0x80000df0 (0xfef5)
core   0: 0x80000dec (0x00009a7d) c.andi  a2, -1
core   0: 3 0x80000dec (0x9a7d) x12 0xffffffff
core   0: 0x80000dee (0x00000685) c.addi  a3, 1
core   0: 3 0x80000dee (0x0685) x13 0xfffffffb
core   0: 0x80000df0 (0x0000fef5) c.bnez  a3, pc - 4
core   0: 3 0x80000df0 (0xfef5)
core   0: 0x80000dec (0x00009a7d) c.andi  a2, -1
core   0: 3 0x80000dec (0x9a7d) x12 0xffffffff
core   0: 0x80000dee (0x00000685) c.addi  a3, 1
core   0: 3 0x80000dee (0x0685) x13 0xfffffffc
core   0: 0x80000df0 (0x0000fef5) c.bnez  a3, pc - 4
core   0: 3 0x80000df0 (0xfef5)
core   0: 0x80000dec (0x00009a7d) c.andi  a2, -1
core   0: 3 0x80000dec (0x9a7d) x12 0xffffffff
core   0: 0x80000dee (0x00000685) c.addi  a3, 1
core   0: 3 0x80000dee (0x0685) x13 0xfffffffd
core   0: 0x80000df0 (0x0000fef5) c.bnez  a3, pc - 4
core   0: 3 0x80000df0 (0xfef5)
core   0: 0x80000dec (0x00009a7d) c.andi  a2, -1
core   0: 3 0x80000dec (0x9a7d) x12 0xffffffff
core   0: 0x80000dee (0x00000685) c.addi  a3, 1
core   0: 3 0x80000dee (0x0685) x13 0xfffffffe
core   0: 0x80000df0 (0x0000fef5) c.bnez  a3, pc - 4
core   0: 3 0x80000df0 (0xfef5)
core   0: 0x80000dec (0x00009a7d) c.andi  a2, -1
core   0: 3 0x80000dec (0x9a7d) x12 0xffffffff
core   0: 0x80000dee (0x00000685) c.addi  a3, 1
core   0: 3 0x80000dee (0x0685) x13 0xffffffff
core   0: 0x80000df0 (0x0000fef5) c.bnez  a3, pc - 4
core   0: 3 0x80000df0 (0xfef5)
core   0: 0x80000dec (0x00009a7d) c.andi  a2, -1
core   0: 3 0x80000dec (0x9a7d) x12 0xffffffff
core   0: 0x80000dee (0x00000685) c.addi  a3, 1
core   0: 3 0x80000dee (0x0685) x13 0x00000000
core   0: 0x80000df0 (0x0000fef5) c.bnez  a3, pc - 4
core   0: 3 0x80000df0 (0xfef5)
core   0: 0x80000df2 (0xfe7768e3) bltu    a4, t2, pc - 16
core   0: 3 0x80000df2 (0xfe7768e3)
core   0: 0x80000df6 (0xffeff913) andi    s2, t6, -2
core   0: 3 0x80000df6 (0xffeff913) x18 0x880025ce
core   0: 0x80000dfa (0x00900613) li      a2, 9
core   0: 3 0x80000dfa (0x00900613) x12 0x00000009
core   0: 0x80000dfe (0x00000001) c.nop
core   0: 3 0x80000dfe (0x0001)
core   0: 0x80000e00 (0x00000001) c.nop
core   0: 3 0x80000e00 (0x0001)
core   0: 0x80000e02 (0x00001675) c.addi  a2, -3
core   0: 3 0x80000e02 (0x1675) x12 0x00000006
core   0: 0x80000e04 (0x001c5d33) srl     s10, s8, ra
core   0: 3 0x80000e04 (0x001c5d33) x26 0x07ffffff
core   0: 0x80000e08 (0xff900993) li      s3, -7
core   0: 3 0x80000e08 (0xff900993) x19 0xfffffff9
core   0: 0x80000e0c (0x00900713) li      a4, 9
core   0: 3 0x80000e0c (0x00900713) x14 0x00000009
core   0: 0x80000e10 (0x013e6fb3) or      t6, t3, s3
core   0: 3 0x80000e10 (0x013e6fb3) x31 0xfffffffb
core   0: 0x80000e14 (0x000009a9) c.addi  s3, 10
core   0: 3 0x80000e14 (0x09a9) x19 0x00000003
core   0: 0x80000e16 (0xfee9ede3) bltu    s3, a4, pc - 6
core   0: 3 0x80000e16 (0xfee9ede3)
core   0: 0x80000e10 (0x013e6fb3) or      t6, t3, s3
core   0: 3 0x80000e10 (0x013e6fb3) x31 0x00000023
core   0: 0x80000e14 (0x000009a9) c.addi  s3, 10
core   0: 3 0x80000e14 (0x09a9) x19 0x0000000d
core   0: 0x80000e16 (0xfee9ede3) bltu    s3, a4, pc - 6
core   0: 3 0x80000e16 (0xfee9ede3)
core   0: 0x80000e1a (0x00008de5) c.and   a1, s1
core   0: 3 0x80000e1a (0x8de5) x11 0x00000000
core   0: 0x80000e1c (0x02fecdb3) div     s11, t4, a5
core   0: 3 0x80000e1c (0x02fecdb3) x27 0x00000000
core   0: 0x80000e20 (0x0000d265) c.beqz  a2, pc - 32
core   0: 3 0x80000e20 (0xd265)
core   0: 0x80000e22 (0x00004b45) c.li    s6, 17
core   0: 3 0x80000e22 (0x4b45) x22 0x00000011
core   0: 0x80000e24 (0xffa00713) li      a4, -6
core   0: 3 0x80000e24 (0xffa00713) x14 0xfffffffa
core   0: 0x80000e28 (0x02f4f8b3) remu    a7, s1, a5
core   0: 3 0x80000e28 (0x02f4f8b3) x17 0x00025ce4
core   0: 0x80000e2c (0x03495c33) divu    s8, s2, s4
core   0: 3 0x80000e2c (0x03495c33) x24 0xffffffff
core   0: 0x80000e30 (0x0ff0000f) fence   iorw,iorw
core   0: 3 0x80000e30 (0x0ff0000f)
core   0: 0x80000e34 (0x03fe42b3) div     t0, t3, t6
core   0: 3 0x80000e34 (0x03fe42b3) x 5 0x00000000
core   0: 0x80000e38 (0x007a05b3) add     a1, s4, t2
core   0: 3 0x80000e38 (0x007a05b3) x11 0x0000000c
core   0: 0x80000e3c (0xffd00c93) li      s9, -3
core   0: 3 0x80000e3c (0xffd00c93) x25 0xfffffffd
core   0: 0x80000e40 (0x00000001) c.nop
core   0: 3 0x80000e40 (0x0001)
core   0: 0x80000e42 (0x406cd6b3) sra     a3, s9, t1
core   0: 3 0x80000e42 (0x406cd6b3) x13 0xffffffff
core   0: 0x80000e46 (0x00e9eb33) or      s6, s3, a4
core   0: 3 0x80000e46 (0x00e9eb33) x22 0xffffffff
core   0: 0x80000e4a (0x000086fd) c.srai  a3, 31
core   0: 3 0x80000e4a (0x86fd) x13 0xffffffff
core   0: 0x80000e4c (0x0362c5b3) div     a1, t0, s6
core   0: 3 0x80000e4c (0x0362c5b3) x11 0x00000000
core   0: 0x80000e50 (0x00000729) c.addi  a4, 10
core   0: 3 0x80000e50 (0x0729) x14 0x00000004
core   0: 0x80000e52 (0x0327b2b3) mulhu   t0, a5, s2
core   0: 3 0x80000e52 (0x0327b2b3) x 5 0x440012e7
core   0: 0x80000e56 (0x000011fd) c.addi  gp, -1
core   0: 3 0x80000e56 (0x11fd) x 3 0xffffffff
core   0: 0x80000e58 (0x02d8a233) mulhsu  tp, a7, a3
core   0: 3 0x80000e58 (0x02d8a233) x 4 0x00025ce3
core   0: 0x80000e5c (0x012f7f33) and     t5, t5, s2
core   0: 3 0x80000e5c (0x012f7f33) x30 0x00000000
core   0: 0x80000e60 (0x0ff0000f) fence   iorw,iorw
core   0: 3 0x80000e60 (0x0ff0000f)
core   0: 0x80000e64 (0xff9741e3) blt     a4, s9, pc - 30
core   0: 3 0x80000e64 (0xff9741e3)
core   0: 0x80000e68 (0x0ff0000f) fence   iorw,iorw
core   0: 3 0x80000e68 (0x0ff0000f)
core   0: 0x80000e6c (0xff800c13) li      s8, -8
core   0: 3 0x80000e6c (0xff800c13) x24 0xfffffff8
core   0: 0x80000e70 (0x014f3e33) sltu    t3, t5, s4
core   0: 3 0x80000e70 (0x014f3e33) x28 0x00000000
core   0: 0x80000e74 (0xfef00d13) li      s10, -17
core   0: 3 0x80000e74 (0xfef00d13) x26 0xffffffef
core   0: 0x80000e78 (0x41150cb3) sub     s9, a0, a7
core   0: 3 0x80000e78 (0x41150cb3) x25 0xfffda325
core   0: 0x80000e7c (0x020e3933) mulhu   s2, t3, zero
core   0: 3 0x80000e7c (0x020e3933) x18 0x00000000
core   0: 0x80000e80 (0x00008e71) c.and   a2, a2
core   0: 3 0x80000e80 (0x8e71) x12 0x00000006
core   0: 0x80000e82 (0x0ff0000f) fence   iorw,iorw
core   0: 3 0x80000e82 (0x0ff0000f)
core   0: 0x80000e86 (0x0036d733) srl     a4, a3, gp
core   0: 3 0x80000e86 (0x0036d733) x14 0x00000001
core   0: 0x80000e8a (0x00001c6d) c.addi  s8, -5
core   0: 3 0x80000e8a (0x1c6d) x24 0xfffffff3
core   0: 0x80000e8c (0x000099fd) c.andi  a1, -1
core   0: 3 0x80000e8c (0x99fd) x11 0x00000000
core   0: 0x80000e8e (0x030f0633) mul     a2, t5, a6
core   0: 3 0x80000e8e (0x030f0633) x12 0x00000000
core   0: 0x80000e92 (0xff900693) li      a3, -7
core   0: 3 0x80000e92 (0xff900693) x13 0xfffffff9
core   0: 0x80000e96 (0x01100513) li      a0, 17
core   0: 3 0x80000e96 (0x01100513) x10 0x00000011
core   0: 0x80000e9a (0x01adb133) sltu    sp, s11, s10
core   0: 3 0x80000e9a (0x01adb133) x 2 0x00000001
core   0: 0x80000e9e (0x4bf009b7) lui     s3, 0x4bf00
core   0: 3 0x80000e9e (0x4bf009b7) x19 0x4bf00000
core   0: 0x80000ea2 (0x0b8f8813) addi    a6, t6, 184
core   0: 3 0x80000ea2 (0x0b8f8813) x16 0x000000db
core   0: 0x80000ea6 (0x03fe3733) mulhu   a4, t3, t6
core   0: 3 0x80000ea6 (0x03fe3733) x14 0x00000000
core   0: 0x80000eaa (0x00000695) c.addi  a3, 5
core   0: 3 0x80000eaa (0x0695) x13 0xfffffffe
core   0: 0x80000eac (0x00008215) c.srli  a2, 5
core   0: 3 0x80000eac (0x8215) x12 0x00000000
core   0: 0x80000eae (0x032618b3) mulh    a7, a2, s2
core   0: 3 0x80000eae (0x032618b3) x17 0x00000000
core   0: 0x80000eb2 (0xfea6eae3) bltu    a3, a0, pc - 12
core   0: 3 0x80000eb2 (0xfea6eae3)
core   0: 0x80000eb6 (0x36553d93) sltiu   s11, a0, 869
core   0: 3 0x80000eb6 (0x36553d93) x27 0x00000001
core   0: 0x80000eba (0x40be0433) sub     s0, t3, a1
core   0: 3 0x80000eba (0x40be0433) x 8 0x00000000
core   0: 0x80000ebe (0x0000100f) fence.i
core   0: 3 0x80000ebe (0x0000100f)
core   0: 0x80000ec2 (0x00008829) c.andi  s0, 10
core   0: 3 0x80000ec2 (0x8829) x 8 0x00000000
core   0: 0x80000ec4 (0x8cb1e013) ori     zero, gp, -1845
core   0: 3 0x80000ec4 (0x8cb1e013)
core   0: 0x80000ec8 (0xfbac5ce3) bge     s8, s10, pc - 72
core   0: 3 0x80000ec8 (0xfbac5ce3)
core   0: 0x80000e80 (0x00008e71) c.and   a2, a2
core   0: 3 0x80000e80 (0x8e71) x12 0x00000000
core   0: 0x80000e82 (0x0ff0000f) fence   iorw,iorw
core   0: 3 0x80000e82 (0x0ff0000f)
core   0: 0x80000e86 (0x0036d733) srl     a4, a3, gp
core   0: 3 0x80000e86 (0x0036d733) x14 0x00000001
core   0: 0x80000e8a (0x00001c6d) c.addi  s8, -5
core   0: 3 0x80000e8a (0x1c6d) x24 0xffffffee
core   0: 0x80000e8c (0x000099fd) c.andi  a1, -1
core   0: 3 0x80000e8c (0x99fd) x11 0x00000000
core   0: 0x80000e8e (0x030f0633) mul     a2, t5, a6
core   0: 3 0x80000e8e (0x030f0633) x12 0x00000000
core   0: 0x80000e92 (0xff900693) li      a3, -7
core   0: 3 0x80000e92 (0xff900693) x13 0xfffffff9
core   0: 0x80000e96 (0x01100513) li      a0, 17
core   0: 3 0x80000e96 (0x01100513) x10 0x00000011
core   0: 0x80000e9a (0x01adb133) sltu    sp, s11, s10
core   0: 3 0x80000e9a (0x01adb133) x 2 0x00000001
core   0: 0x80000e9e (0x4bf009b7) lui     s3, 0x4bf00
core   0: 3 0x80000e9e (0x4bf009b7) x19 0x4bf00000
core   0: 0x80000ea2 (0x0b8f8813) addi    a6, t6, 184
core   0: 3 0x80000ea2 (0x0b8f8813) x16 0x000000db
core   0: 0x80000ea6 (0x03fe3733) mulhu   a4, t3, t6
core   0: 3 0x80000ea6 (0x03fe3733) x14 0x00000000
core   0: 0x80000eaa (0x00000695) c.addi  a3, 5
core   0: 3 0x80000eaa (0x0695) x13 0xfffffffe
core   0: 0x80000eac (0x00008215) c.srli  a2, 5
core   0: 3 0x80000eac (0x8215) x12 0x00000000
core   0: 0x80000eae (0x032618b3) mulh    a7, a2, s2
core   0: 3 0x80000eae (0x032618b3) x17 0x00000000
core   0: 0x80000eb2 (0xfea6eae3) bltu    a3, a0, pc - 12
core   0: 3 0x80000eb2 (0xfea6eae3)
core   0: 0x80000eb6 (0x36553d93) sltiu   s11, a0, 869
core   0: 3 0x80000eb6 (0x36553d93) x27 0x00000001
core   0: 0x80000eba (0x40be0433) sub     s0, t3, a1
core   0: 3 0x80000eba (0x40be0433) x 8 0x00000000
core   0: 0x80000ebe (0x0000100f) fence.i
core   0: 3 0x80000ebe (0x0000100f)
core   0: 0x80000ec2 (0x00008829) c.andi  s0, 10
core   0: 3 0x80000ec2 (0x8829) x 8 0x00000000
core   0: 0x80000ec4 (0x8cb1e013) ori     zero, gp, -1845
core   0: 3 0x80000ec4 (0x8cb1e013)
core   0: 0x80000ec8 (0xfbac5ce3) bge     s8, s10, pc - 72
core   0: 3 0x80000ec8 (0xfbac5ce3)
core   0: 0x80000ecc (0x00000001) c.nop
core   0: 3 0x80000ecc (0x0001)
core   0: 0x80000ece (0x00700d13) li      s10, 7
core   0: 3 0x80000ece (0x00700d13) x26 0x00000007
core   0: 0x80000ed2 (0xa0b02013) slti    zero, zero, -1525
core   0: 3 0x80000ed2 (0xa0b02013)
core   0: 0x80000ed6 (0x00b00a93) li      s5, 11
core   0: 3 0x80000ed6 (0x00b00a93) x21 0x0000000b
core   0: 0x80000eda (0x00006b05) c.lui   s6, 0x1
core   0: 3 0x80000eda (0x6b05) x22 0x00001000
core   0: 0x80000edc (0x00008c4d) c.or    s0, a1
core   0: 3 0x80000edc (0x8c4d) x 8 0x00000000
core   0: 0x80000ede (0x023fea33) rem     s4, t6, gp
core   0: 3 0x80000ede (0x023fea33) x20 0x00000000
core   0: 0x80000ee2 (0x00008349) c.srli  a4, 18
core   0: 3 0x80000ee2 (0x8349) x14 0x00000000
core   0: 0x80000ee4 (0x00000d11) c.addi  s10, 4
core   0: 3 0x80000ee4 (0x0d11) x26 0x0000000b
core   0: 0x80000ee6 (0x03b80133) mul     sp, a6, s11
core   0: 3 0x80000ee6 (0x03b80133) x 2 0x000000db
core   0: 0x80000eea (0x000000d2) c.slli  ra, 20
core   0: 3 0x80000eea (0x00d2) x 1 0x00500000
core   0: 0x80000eec (0x01ae4e33) xor     t3, t3, s10
core   0: 3 0x80000eec (0x01ae4e33) x28 0x0000000b
core   0: 0x80000ef0 (0xfff00393) li      t2, -1
core   0: 3 0x80000ef0 (0xfff00393) x 7 0xffffffff
core   0: 0x80000ef4 (0x0000834d) c.srli  a4, 19
core   0: 3 0x80000ef4 (0x834d) x14 0x00000000
core   0: 0x80000ef6 (0xff300993) li      s3, -13
core   0: 3 0x80000ef6 (0xff300993) x19 0xfffffff3
core   0: 0x80000efa (0x0035e5b3) or      a1, a1, gp
core   0: 3 0x80000efa (0x0035e5b3) x11 0xffffffff
core   0: 0x80000efe (0x00c45b13) srli    s6, s0, 12
core   0: 3 0x80000efe (0x00c45b13) x22 0x00000000
core   0: 0x80000f02 (0x41098eb3) sub     t4, s3, a6
core   0: 3 0x80000f02 (0x41098eb3) x29 0xffffff18
core   0: 0x80000f06 (0x000013f1) c.addi  t2, -4
core   0: 3 0x80000f06 (0x13f1) x 7 0xfffffffb
core   0: 0x80000f08 (0x00000231) c.addi  tp, 12
core   0: 3 0x80000f08 (0x0231) x 4 0x00025cef
core   0: 0x80000f0a (0xff339ce3) bne     t2, s3, pc - 8
core   0: 3 0x80000f0a (0xff339ce3)
core   0: 0x80000f02 (0x41098eb3) sub     t4, s3, a6
core   0: 3 0x80000f02 (0x41098eb3) x29 0xffffff18
core   0: 0x80000f06 (0x000013f1) c.addi  t2, -4
core   0: 3 0x80000f06 (0x13f1) x 7 0xfffffff7
core   0: 0x80000f08 (0x00000231) c.addi  tp, 12
core   0: 3 0x80000f08 (0x0231) x 4 0x00025cfb
core   0: 0x80000f0a (0xff339ce3) bne     t2, s3, pc - 8
core   0: 3 0x80000f0a (0xff339ce3)
core   0: 0x80000f02 (0x41098eb3) sub     t4, s3, a6
core   0: 3 0x80000f02 (0x41098eb3) x29 0xffffff18
core   0: 0x80000f06 (0x000013f1) c.addi  t2, -4
core   0: 3 0x80000f06 (0x13f1) x 7 0xfffffff3
core   0: 0x80000f08 (0x00000231) c.addi  tp, 12
core   0: 3 0x80000f08 (0x0231) x 4 0x00025d07
core   0: 0x80000f0a (0xff339ce3) bne     t2, s3, pc - 8
core   0: 3 0x80000f0a (0xff339ce3)
core   0: 0x80000f0e (0x0000100f) fence.i
core   0: 3 0x80000f0e (0x0000100f)
core   0: 0x80000f12 (0x00008c7d) c.and   s0, a5
core   0: 3 0x80000f12 (0x8c7d) x 8 0x00000000
core   0: 0x80000f14 (0x0341eb33) rem     s6, gp, s4
core   0: 3 0x80000f14 (0x0341eb33) x22 0xffffffff
core   0: 0x80000f18 (0x00006241) c.lui   tp, 0x10
core   0: 3 0x80000f18 (0x6241) x 4 0x00010000
core   0: 0x80000f1a (0x03026fb3) rem     t6, tp, a6
core   0: 3 0x80000f1a (0x03026fb3) x31 0x00000037
core   0: 0x80000f1e (0x01a71313) slli    t1, a4, 26
core   0: 3 0x80000f1e (0x01a71313) x 6 0x00000000
core   0: 0x80000f22 (0xfb5d4de3) blt     s10, s5, pc - 70
core   0: 3 0x80000f22 (0xfb5d4de3)
core   0: 0x80000f26 (0x00006865) c.lui   a6, 0x19
core   0: 3 0x80000f26 (0x6865) x16 0x00019000
core   0: 0x80000f28 (0x00900093) li      ra, 9
core   0: 3 0x80000f28 (0x00900093) x 1 0x00000009
core   0: 0x80000f2c (0x00e00313) li      t1, 14
core   0: 3 0x80000f2c (0x00e00313) x 6 0x0000000e
core   0: 0x80000f30 (0x01b7feb3) and     t4, a5, s11
core   0: 3 0x80000f30 (0x01b7feb3) x29 0x00000000
core   0: 0x80000f34 (0x00000091) c.addi  ra, 4
core   0: 3 0x80000f34 (0x0091) x 1 0x0000000d
core   0: 0x80000f36 (0x02b735b3) mulhu   a1, a4, a1
core   0: 3 0x80000f36 (0x02b735b3) x11 0x00000000
core   0: 0x80000f3a (0x00a00513) li      a0, 10
core   0: 3 0x80000f3a (0x00a00513) x10 0x0000000a
core   0: 0x80000f3e (0x037bdcb3) divu    s9, s7, s7
core   0: 3 0x80000f3e (0x037bdcb3) x25 0x00000001
core   0: 0x80000f42 (0x01000913) li      s2, 16
core   0: 3 0x80000f42 (0x01000913) x18 0x00000010
core   0: 0x80000f46 (0x00009842) c.add   a6, a6
core   0: 3 0x80000f46 (0x9842) x16 0x00032000
core   0: 0x80000f48 (0x00009afd) c.andi  a3, -1
core   0: 3 0x80000f48 (0x9afd) x13 0xfffffffe
core   0: 0x80000f4a (0x00000521) c.addi  a0, 8
core   0: 3 0x80000f4a (0x0521) x10 0x00000012
core   0: 0x80000f4c (0xd73d3593) sltiu   a1, s10, -653
core   0: 3 0x80000f4c (0xd73d3593) x11 0x00000001
core   0: 0x80000f50 (0xff254ce3) blt     a0, s2, pc - 8
core   0: 3 0x80000f50 (0xff254ce3)
core   0: 0x80000f54 (0xfc60cee3) blt     ra, t1, pc - 36
core   0: 3 0x80000f54 (0xfc60cee3)
core   0: 0x80000f30 (0x01b7feb3) and     t4, a5, s11
core   0: 3 0x80000f30 (0x01b7feb3) x29 0x00000000
core   0: 0x80000f34 (0x00000091) c.addi  ra, 4
core   0: 3 0x80000f34 (0x0091) x 1 0x00000011
core   0: 0x80000f36 (0x02b735b3) mulhu   a1, a4, a1
core   0: 3 0x80000f36 (0x02b735b3) x11 0x00000000
core   0: 0x80000f3a (0x00a00513) li      a0, 10
core   0: 3 0x80000f3a (0x00a00513) x10 0x0000000a
core   0: 0x80000f3e (0x037bdcb3) divu    s9, s7, s7
core   0: 3 0x80000f3e (0x037bdcb3) x25 0x00000001
core   0: 0x80000f42 (0x01000913) li      s2, 16
core   0: 3 0x80000f42 (0x01000913) x18 0x00000010
core   0: 0x80000f46 (0x00009842) c.add   a6, a6
core   0: 3 0x80000f46 (0x9842) x16 0x00064000
core   0: 0x80000f48 (0x00009afd) c.andi  a3, -1
core   0: 3 0x80000f48 (0x9afd) x13 0xfffffffe
core   0: 0x80000f4a (0x00000521) c.addi  a0, 8
core   0: 3 0x80000f4a (0x0521) x10 0x00000012
core   0: 0x80000f4c (0xd73d3593) sltiu   a1, s10, -653
core   0: 3 0x80000f4c (0xd73d3593) x11 0x00000001
core   0: 0x80000f50 (0xff254ce3) blt     a0, s2, pc - 8
core   0: 3 0x80000f50 (0xff254ce3)
core   0: 0x80000f54 (0xfc60cee3) blt     ra, t1, pc - 36
core   0: 3 0x80000f54 (0xfc60cee3)
core   0: 0x80000f58 (0xe1f2ac13) slti    s8, t0, -481
core   0: 3 0x80000f58 (0xe1f2ac13) x24 0x00000000
core   0: 0x80000f5c (0x00700593) li      a1, 7
core   0: 3 0x80000f5c (0x00700593) x11 0x00000007
core   0: 0x80000f60 (0xfee00213) li      tp, -18
core   0: 3 0x80000f60 (0xfee00213) x 4 0xffffffee
core   0: 0x80000f64 (0x0271df33) divu    t5, gp, t2
core   0: 3 0x80000f64 (0x0271df33) x30 0x00000001
core   0: 0x80000f68 (0x00008d75) c.and   a0, a3
core   0: 3 0x80000f68 (0x8d75) x10 0x00000012
core   0: 0x80000f6a (0x000015ed) c.addi  a1, -5
core   0: 3 0x80000f6a (0x15ed) x11 0x00000002
core   0: 0x80000f6c (0x019e61b3) or      gp, t3, s9
core   0: 3 0x80000f6c (0x019e61b3) x 3 0x0000000b
core   0: 0x80000f70 (0xfe459ce3) bne     a1, tp, pc - 8
core   0: 3 0x80000f70 (0xfe459ce3)
core   0: 0x80000f68 (0x00008d75) c.and   a0, a3
core   0: 3 0x80000f68 (0x8d75) x10 0x00000012
core   0: 0x80000f6a (0x000015ed) c.addi  a1, -5
core   0: 3 0x80000f6a (0x15ed) x11 0xfffffffd
core   0: 0x80000f6c (0x019e61b3) or      gp, t3, s9
core   0: 3 0x80000f6c (0x019e61b3) x 3 0x0000000b
core   0: 0x80000f70 (0xfe459ce3) bne     a1, tp, pc - 8
core   0: 3 0x80000f70 (0xfe459ce3)
core   0: 0x80000f68 (0x00008d75) c.and   a0, a3
core   0: 3 0x80000f68 (0x8d75) x10 0x00000012
core   0: 0x80000f6a (0x000015ed) c.addi  a1, -5
core   0: 3 0x80000f6a (0x15ed) x11 0xfffffff8
core   0: 0x80000f6c (0x019e61b3) or      gp, t3, s9
core   0: 3 0x80000f6c (0x019e61b3) x 3 0x0000000b
core   0: 0x80000f70 (0xfe459ce3) bne     a1, tp, pc - 8
core   0: 3 0x80000f70 (0xfe459ce3)
core   0: 0x80000f68 (0x00008d75) c.and   a0, a3
core   0: 3 0x80000f68 (0x8d75) x10 0x00000012
core   0: 0x80000f6a (0x000015ed) c.addi  a1, -5
core   0: 3 0x80000f6a (0x15ed) x11 0xfffffff3
core   0: 0x80000f6c (0x019e61b3) or      gp, t3, s9
core   0: 3 0x80000f6c (0x019e61b3) x 3 0x0000000b
core   0: 0x80000f70 (0xfe459ce3) bne     a1, tp, pc - 8
core   0: 3 0x80000f70 (0xfe459ce3)
core   0: 0x80000f68 (0x00008d75) c.and   a0, a3
core   0: 3 0x80000f68 (0x8d75) x10 0x00000012
core   0: 0x80000f6a (0x000015ed) c.addi  a1, -5
core   0: 3 0x80000f6a (0x15ed) x11 0xffffffee
core   0: 0x80000f6c (0x019e61b3) or      gp, t3, s9
core   0: 3 0x80000f6c (0x019e61b3) x 3 0x0000000b
core   0: 0x80000f70 (0xfe459ce3) bne     a1, tp, pc - 8
core   0: 3 0x80000f70 (0xfe459ce3)
core   0: 0x80000f74 (0xba598d93) addi    s11, s3, -1115
core   0: 3 0x80000f74 (0xba598d93) x27 0xfffffb98
core   0: 0x80000f78 (0x00800a13) li      s4, 8
core   0: 3 0x80000f78 (0x00800a13) x20 0x00000008
core   0: 0x80000f7c (0x00008691) c.srai  a3, 4
core   0: 3 0x80000f7c (0x8691) x13 0xffffffff
core   0: 0x80000f7e (0xfef00393) li      t2, -17
core   0: 3 0x80000f7e (0xfef00393) x 7 0xffffffef
core   0: 0x80000f82 (0x00dea433) slt     s0, t4, a3
core   0: 3 0x80000f82 (0x00dea433) x 8 0x00000000
core   0: 0x80000f86 (0x00284433) xor     s0, a6, sp
core   0: 3 0x80000f86 (0x00284433) x 8 0x000640db
core   0: 0x80000f8a (0x03817cb3) remu    s9, sp, s8
core   0: 3 0x80000f8a (0x03817cb3) x25 0x000000db
core   0: 0x80000f8e (0x00001a75) c.addi  s4, -3
core   0: 3 0x80000f8e (0x1a75) x20 0x00000005
core   0: 0x80000f90 (0x00a00593) li      a1, 10
core   0: 3 0x80000f90 (0x00a00593) x11 0x0000000a
core   0: 0x80000f94 (0x00006171) c.addi16sp sp, 336
core   0: 3 0x80000f94 (0x6171) x 2 0x0000022b
core   0: 0x80000f96 (0x37473113) sltiu   sp, a4, 884
core   0: 3 0x80000f96 (0x37473113) x 2 0x00000001
core   0: 0x80000f9a (0x00a00713) li      a4, 10
core   0: 3 0x80000f9a (0x00a00713) x14 0x0000000a
core   0: 0x80000f9e (0x00008e49) c.or    a2, a0
core   0: 3 0x80000f9e (0x8e49) x12 0x00000012
core   0: 0x80000fa0 (0x0000856d) c.srai  a0, 27
core   0: 3 0x80000fa0 (0x856d) x10 0x00000000
core   0: 0x80000fa2 (0x016e4433) xor     s0, t3, s6
core   0: 3 0x80000fa2 (0x016e4433) x 8 0xfffffff4
core   0: 0x80000fa6 (0x000015dd) c.addi  a1, -9
core   0: 3 0x80000fa6 (0x15dd) x11 0x00000001
core   0: 0x80000fa8 (0xfee5fbe3) bgeu    a1, a4, pc - 10
core   0: 3 0x80000fa8 (0xfee5fbe3)
core   0: 0x80000fac (0x0ff0000f) fence   iorw,iorw
core   0: 3 0x80000fac (0x0ff0000f)
core   0: 0x80000fb0 (0x00000001) c.nop
core   0: 3 0x80000fb0 (0x0001)
core   0: 0x80000fb2 (0x00000f4a) c.slli  t5, 18
core   0: 3 0x80000fb2 (0x0f4a) x30 0x00040000
core   0: 0x80000fb4 (0x42a12313) slti    t1, sp, 1066
core   0: 3 0x80000fb4 (0x42a12313) x 6 0x00000001
core   0: 0x80000fb8 (0xfc7a57e3) bge     s4, t2, pc - 50
core   0: 3 0x80000fb8 (0xfc7a57e3)
core   0: 0x80000f86 (0x00284433) xor     s0, a6, sp
core   0: 3 0x80000f86 (0x00284433) x 8 0x00064001
core   0: 0x80000f8a (0x03817cb3) remu    s9, sp, s8
core   0: 3 0x80000f8a (0x03817cb3) x25 0x00000001
core   0: 0x80000f8e (0x00001a75) c.addi  s4, -3
core   0: 3 0x80000f8e (0x1a75) x20 0x00000002
core   0: 0x80000f90 (0x00a00593) li      a1, 10
core   0: 3 0x80000f90 (0x00a00593) x11 0x0000000a
core   0: 0x80000f94 (0x00006171) c.addi16sp sp, 336
core   0: 3 0x80000f94 (0x6171) x 2 0x00000151
core   0: 0x80000f96 (0x37473113) sltiu   sp, a4, 884
core   0: 3 0x80000f96 (0x37473113) x 2 0x00000001
core   0: 0x80000f9a (0x00a00713) li      a4, 10
core   0: 3 0x80000f9a (0x00a00713) x14 0x0000000a
core   0: 0x80000f9e (0x00008e49) c.or    a2, a0
core   0: 3 0x80000f9e (0x8e49) x12 0x00000012
core   0: 0x80000fa0 (0x0000856d) c.srai  a0, 27
core   0: 3 0x80000fa0 (0x856d) x10 0x00000000
core   0: 0x80000fa2 (0x016e4433) xor     s0, t3, s6
core   0: 3 0x80000fa2 (0x016e4433) x 8 0xfffffff4
core   0: 0x80000fa6 (0x000015dd) c.addi  a1, -9
core   0: 3 0x80000fa6 (0x15dd) x11 0x00000001
core   0: 0x80000fa8 (0xfee5fbe3) bgeu    a1, a4, pc - 10
core   0: 3 0x80000fa8 (0xfee5fbe3)
core   0: 0x80000fac (0x0ff0000f) fence   iorw,iorw
core   0: 3 0x80000fac (0x0ff0000f)
core   0: 0x80000fb0 (0x00000001) c.nop
core   0: 3 0x80000fb0 (0x0001)
core   0: 0x80000fb2 (0x00000f4a) c.slli  t5, 18
core   0: 3 0x80000fb2 (0x0f4a) x30 0x00000000
core   0: 0x80000fb4 (0x42a12313) slti    t1, sp, 1066
core   0: 3 0x80000fb4 (0x42a12313) x 6 0x00000001
core   0: 0x80000fb8 (0xfc7a57e3) bge     s4, t2, pc - 50
core   0: 3 0x80000fb8 (0xfc7a57e3)
core   0: 0x80000f86 (0x00284433) xor     s0, a6, sp
core   0: 3 0x80000f86 (0x00284433) x 8 0x00064001
core   0: 0x80000f8a (0x03817cb3) remu    s9, sp, s8
core   0: 3 0x80000f8a (0x03817cb3) x25 0x00000001
core   0: 0x80000f8e (0x00001a75) c.addi  s4, -3
core   0: 3 0x80000f8e (0x1a75) x20 0xffffffff
core   0: 0x80000f90 (0x00a00593) li      a1, 10
core   0: 3 0x80000f90 (0x00a00593) x11 0x0000000a
core   0: 0x80000f94 (0x00006171) c.addi16sp sp, 336
core   0: 3 0x80000f94 (0x6171) x 2 0x00000151
core   0: 0x80000f96 (0x37473113) sltiu   sp, a4, 884
core   0: 3 0x80000f96 (0x37473113) x 2 0x00000001
core   0: 0x80000f9a (0x00a00713) li      a4, 10
core   0: 3 0x80000f9a (0x00a00713) x14 0x0000000a
core   0: 0x80000f9e (0x00008e49) c.or    a2, a0
core   0: 3 0x80000f9e (0x8e49) x12 0x00000012
core   0: 0x80000fa0 (0x0000856d) c.srai  a0, 27
core   0: 3 0x80000fa0 (0x856d) x10 0x00000000
core   0: 0x80000fa2 (0x016e4433) xor     s0, t3, s6
core   0: 3 0x80000fa2 (0x016e4433) x 8 0xfffffff4
core   0: 0x80000fa6 (0x000015dd) c.addi  a1, -9
core   0: 3 0x80000fa6 (0x15dd) x11 0x00000001
core   0: 0x80000fa8 (0xfee5fbe3) bgeu    a1, a4, pc - 10
core   0: 3 0x80000fa8 (0xfee5fbe3)
core   0: 0x80000fac (0x0ff0000f) fence   iorw,iorw
core   0: 3 0x80000fac (0x0ff0000f)
core   0: 0x80000fb0 (0x00000001) c.nop
core   0: 3 0x80000fb0 (0x0001)
core   0: 0x80000fb2 (0x00000f4a) c.slli  t5, 18
core   0: 3 0x80000fb2 (0x0f4a) x30 0x00000000
core   0: 0x80000fb4 (0x42a12313) slti    t1, sp, 1066
core   0: 3 0x80000fb4 (0x42a12313) x 6 0x00000001
core   0: 0x80000fb8 (0xfc7a57e3) bge     s4, t2, pc - 50
core   0: 3 0x80000fb8 (0xfc7a57e3)
core   0: 0x80000f86 (0x00284433) xor     s0, a6, sp
core   0: 3 0x80000f86 (0x00284433) x 8 0x00064001
core   0: 0x80000f8a (0x03817cb3) remu    s9, sp, s8
core   0: 3 0x80000f8a (0x03817cb3) x25 0x00000001
core   0: 0x80000f8e (0x00001a75) c.addi  s4, -3
core   0: 3 0x80000f8e (0x1a75) x20 0xfffffffc
core   0: 0x80000f90 (0x00a00593) li      a1, 10
core   0: 3 0x80000f90 (0x00a00593) x11 0x0000000a
core   0: 0x80000f94 (0x00006171) c.addi16sp sp, 336
core   0: 3 0x80000f94 (0x6171) x 2 0x00000151
core   0: 0x80000f96 (0x37473113) sltiu   sp, a4, 884
core   0: 3 0x80000f96 (0x37473113) x 2 0x00000001
core   0: 0x80000f9a (0x00a00713) li      a4, 10
core   0: 3 0x80000f9a (0x00a00713) x14 0x0000000a
core   0: 0x80000f9e (0x00008e49) c.or    a2, a0
core   0: 3 0x80000f9e (0x8e49) x12 0x00000012
core   0: 0x80000fa0 (0x0000856d) c.srai  a0, 27
core   0: 3 0x80000fa0 (0x856d) x10 0x00000000
core   0: 0x80000fa2 (0x016e4433) xor     s0, t3, s6
core   0: 3 0x80000fa2 (0x016e4433) x 8 0xfffffff4
core   0: 0x80000fa6 (0x000015dd) c.addi  a1, -9
core   0: 3 0x80000fa6 (0x15dd) x11 0x00000001
core   0: 0x80000fa8 (0xfee5fbe3) bgeu    a1, a4, pc - 10
core   0: 3 0x80000fa8 (0xfee5fbe3)
core   0: 0x80000fac (0x0ff0000f) fence   iorw,iorw
core   0: 3 0x80000fac (0x0ff0000f)
core   0: 0x80000fb0 (0x00000001) c.nop
core   0: 3 0x80000fb0 (0x0001)
core   0: 0x80000fb2 (0x00000f4a) c.slli  t5, 18
core   0: 3 0x80000fb2 (0x0f4a) x30 0x00000000
core   0: 0x80000fb4 (0x42a12313) slti    t1, sp, 1066
core   0: 3 0x80000fb4 (0x42a12313) x 6 0x00000001
core   0: 0x80000fb8 (0xfc7a57e3) bge     s4, t2, pc - 50
core   0: 3 0x80000fb8 (0xfc7a57e3)
core   0: 0x80000f86 (0x00284433) xor     s0, a6, sp
core   0: 3 0x80000f86 (0x00284433) x 8 0x00064001
core   0: 0x80000f8a (0x03817cb3) remu    s9, sp, s8
core   0: 3 0x80000f8a (0x03817cb3) x25 0x00000001
core   0: 0x80000f8e (0x00001a75) c.addi  s4, -3
core   0: 3 0x80000f8e (0x1a75) x20 0xfffffff9
core   0: 0x80000f90 (0x00a00593) li      a1, 10
core   0: 3 0x80000f90 (0x00a00593) x11 0x0000000a
core   0: 0x80000f94 (0x00006171) c.addi16sp sp, 336
core   0: 3 0x80000f94 (0x6171) x 2 0x00000151
core   0: 0x80000f96 (0x37473113) sltiu   sp, a4, 884
core   0: 3 0x80000f96 (0x37473113) x 2 0x00000001
core   0: 0x80000f9a (0x00a00713) li      a4, 10
core   0: 3 0x80000f9a (0x00a00713) x14 0x0000000a
core   0: 0x80000f9e (0x00008e49) c.or    a2, a0
core   0: 3 0x80000f9e (0x8e49) x12 0x00000012
core   0: 0x80000fa0 (0x0000856d) c.srai  a0, 27
core   0: 3 0x80000fa0 (0x856d) x10 0x00000000
core   0: 0x80000fa2 (0x016e4433) xor     s0, t3, s6
core   0: 3 0x80000fa2 (0x016e4433) x 8 0xfffffff4
core   0: 0x80000fa6 (0x000015dd) c.addi  a1, -9
core   0: 3 0x80000fa6 (0x15dd) x11 0x00000001
core   0: 0x80000fa8 (0xfee5fbe3) bgeu    a1, a4, pc - 10
core   0: 3 0x80000fa8 (0xfee5fbe3)
core   0: 0x80000fac (0x0ff0000f) fence   iorw,iorw
core   0: 3 0x80000fac (0x0ff0000f)
core   0: 0x80000fb0 (0x00000001) c.nop
core   0: 3 0x80000fb0 (0x0001)
core   0: 0x80000fb2 (0x00000f4a) c.slli  t5, 18
core   0: 3 0x80000fb2 (0x0f4a) x30 0x00000000
core   0: 0x80000fb4 (0x42a12313) slti    t1, sp, 1066
core   0: 3 0x80000fb4 (0x42a12313) x 6 0x00000001
core   0: 0x80000fb8 (0xfc7a57e3) bge     s4, t2, pc - 50
core   0: 3 0x80000fb8 (0xfc7a57e3)
core   0: 0x80000f86 (0x00284433) xor     s0, a6, sp
core   0: 3 0x80000f86 (0x00284433) x 8 0x00064001
core   0: 0x80000f8a (0x03817cb3) remu    s9, sp, s8
core   0: 3 0x80000f8a (0x03817cb3) x25 0x00000001
core   0: 0x80000f8e (0x00001a75) c.addi  s4, -3
core   0: 3 0x80000f8e (0x1a75) x20 0xfffffff6
core   0: 0x80000f90 (0x00a00593) li      a1, 10
core   0: 3 0x80000f90 (0x00a00593) x11 0x0000000a
core   0: 0x80000f94 (0x00006171) c.addi16sp sp, 336
core   0: 3 0x80000f94 (0x6171) x 2 0x00000151
core   0: 0x80000f96 (0x37473113) sltiu   sp, a4, 884
core   0: 3 0x80000f96 (0x37473113) x 2 0x00000001
core   0: 0x80000f9a (0x00a00713) li      a4, 10
core   0: 3 0x80000f9a (0x00a00713) x14 0x0000000a
core   0: 0x80000f9e (0x00008e49) c.or    a2, a0
core   0: 3 0x80000f9e (0x8e49) x12 0x00000012
core   0: 0x80000fa0 (0x0000856d) c.srai  a0, 27
core   0: 3 0x80000fa0 (0x856d) x10 0x00000000
core   0: 0x80000fa2 (0x016e4433) xor     s0, t3, s6
core   0: 3 0x80000fa2 (0x016e4433) x 8 0xfffffff4
core   0: 0x80000fa6 (0x000015dd) c.addi  a1, -9
core   0: 3 0x80000fa6 (0x15dd) x11 0x00000001
core   0: 0x80000fa8 (0xfee5fbe3) bgeu    a1, a4, pc - 10
core   0: 3 0x80000fa8 (0xfee5fbe3)
core   0: 0x80000fac (0x0ff0000f) fence   iorw,iorw
core   0: 3 0x80000fac (0x0ff0000f)
core   0: 0x80000fb0 (0x00000001) c.nop
core   0: 3 0x80000fb0 (0x0001)
core   0: 0x80000fb2 (0x00000f4a) c.slli  t5, 18
core   0: 3 0x80000fb2 (0x0f4a) x30 0x00000000
core   0: 0x80000fb4 (0x42a12313) slti    t1, sp, 1066
core   0: 3 0x80000fb4 (0x42a12313) x 6 0x00000001
core   0: 0x80000fb8 (0xfc7a57e3) bge     s4, t2, pc - 50
core   0: 3 0x80000fb8 (0xfc7a57e3)
core   0: 0x80000f86 (0x00284433) xor     s0, a6, sp
core   0: 3 0x80000f86 (0x00284433) x 8 0x00064001
core   0: 0x80000f8a (0x03817cb3) remu    s9, sp, s8
core   0: 3 0x80000f8a (0x03817cb3) x25 0x00000001
core   0: 0x80000f8e (0x00001a75) c.addi  s4, -3
core   0: 3 0x80000f8e (0x1a75) x20 0xfffffff3
core   0: 0x80000f90 (0x00a00593) li      a1, 10
core   0: 3 0x80000f90 (0x00a00593) x11 0x0000000a
core   0: 0x80000f94 (0x00006171) c.addi16sp sp, 336
core   0: 3 0x80000f94 (0x6171) x 2 0x00000151
core   0: 0x80000f96 (0x37473113) sltiu   sp, a4, 884
core   0: 3 0x80000f96 (0x37473113) x 2 0x00000001
core   0: 0x80000f9a (0x00a00713) li      a4, 10
core   0: 3 0x80000f9a (0x00a00713) x14 0x0000000a
core   0: 0x80000f9e (0x00008e49) c.or    a2, a0
core   0: 3 0x80000f9e (0x8e49) x12 0x00000012
core   0: 0x80000fa0 (0x0000856d) c.srai  a0, 27
core   0: 3 0x80000fa0 (0x856d) x10 0x00000000
core   0: 0x80000fa2 (0x016e4433) xor     s0, t3, s6
core   0: 3 0x80000fa2 (0x016e4433) x 8 0xfffffff4
core   0: 0x80000fa6 (0x000015dd) c.addi  a1, -9
core   0: 3 0x80000fa6 (0x15dd) x11 0x00000001
core   0: 0x80000fa8 (0xfee5fbe3) bgeu    a1, a4, pc - 10
core   0: 3 0x80000fa8 (0xfee5fbe3)
core   0: 0x80000fac (0x0ff0000f) fence   iorw,iorw
core   0: 3 0x80000fac (0x0ff0000f)
core   0: 0x80000fb0 (0x00000001) c.nop
core   0: 3 0x80000fb0 (0x0001)
core   0: 0x80000fb2 (0x00000f4a) c.slli  t5, 18
core   0: 3 0x80000fb2 (0x0f4a) x30 0x00000000
core   0: 0x80000fb4 (0x42a12313) slti    t1, sp, 1066
core   0: 3 0x80000fb4 (0x42a12313) x 6 0x00000001
core   0: 0x80000fb8 (0xfc7a57e3) bge     s4, t2, pc - 50
core   0: 3 0x80000fb8 (0xfc7a57e3)
core   0: 0x80000f86 (0x00284433) xor     s0, a6, sp
core   0: 3 0x80000f86 (0x00284433) x 8 0x00064001
core   0: 0x80000f8a (0x03817cb3) remu    s9, sp, s8
core   0: 3 0x80000f8a (0x03817cb3) x25 0x00000001
core   0: 0x80000f8e (0x00001a75) c.addi  s4, -3
core   0: 3 0x80000f8e (0x1a75) x20 0xfffffff0
core   0: 0x80000f90 (0x00a00593) li      a1, 10
core   0: 3 0x80000f90 (0x00a00593) x11 0x0000000a
core   0: 0x80000f94 (0x00006171) c.addi16sp sp, 336
core   0: 3 0x80000f94 (0x6171) x 2 0x00000151
core   0: 0x80000f96 (0x37473113) sltiu   sp, a4, 884
core   0: 3 0x80000f96 (0x37473113) x 2 0x00000001
core   0: 0x80000f9a (0x00a00713) li      a4, 10
core   0: 3 0x80000f9a (0x00a00713) x14 0x0000000a
core   0: 0x80000f9e (0x00008e49) c.or    a2, a0
core   0: 3 0x80000f9e (0x8e49) x12 0x00000012
core   0: 0x80000fa0 (0x0000856d) c.srai  a0, 27
core   0: 3 0x80000fa0 (0x856d) x10 0x00000000
core   0: 0x80000fa2 (0x016e4433) xor     s0, t3, s6
core   0: 3 0x80000fa2 (0x016e4433) x 8 0xfffffff4
core   0: 0x80000fa6 (0x000015dd) c.addi  a1, -9
core   0: 3 0x80000fa6 (0x15dd) x11 0x00000001
core   0: 0x80000fa8 (0xfee5fbe3) bgeu    a1, a4, pc - 10
core   0: 3 0x80000fa8 (0xfee5fbe3)
core   0: 0x80000fac (0x0ff0000f) fence   iorw,iorw
core   0: 3 0x80000fac (0x0ff0000f)
core   0: 0x80000fb0 (0x00000001) c.nop
core   0: 3 0x80000fb0 (0x0001)
core   0: 0x80000fb2 (0x00000f4a) c.slli  t5, 18
core   0: 3 0x80000fb2 (0x0f4a) x30 0x00000000
core   0: 0x80000fb4 (0x42a12313) slti    t1, sp, 1066
core   0: 3 0x80000fb4 (0x42a12313) x 6 0x00000001
core   0: 0x80000fb8 (0xfc7a57e3) bge     s4, t2, pc - 50
core   0: 3 0x80000fb8 (0xfc7a57e3)
core   0: 0x80000f86 (0x00284433) xor     s0, a6, sp
core   0: 3 0x80000f86 (0x00284433) x 8 0x00064001
core   0: 0x80000f8a (0x03817cb3) remu    s9, sp, s8
core   0: 3 0x80000f8a (0x03817cb3) x25 0x00000001
core   0: 0x80000f8e (0x00001a75) c.addi  s4, -3
core   0: 3 0x80000f8e (0x1a75) x20 0xffffffed
core   0: 0x80000f90 (0x00a00593) li      a1, 10
core   0: 3 0x80000f90 (0x00a00593) x11 0x0000000a
core   0: 0x80000f94 (0x00006171) c.addi16sp sp, 336
core   0: 3 0x80000f94 (0x6171) x 2 0x00000151
core   0: 0x80000f96 (0x37473113) sltiu   sp, a4, 884
core   0: 3 0x80000f96 (0x37473113) x 2 0x00000001
core   0: 0x80000f9a (0x00a00713) li      a4, 10
core   0: 3 0x80000f9a (0x00a00713) x14 0x0000000a
core   0: 0x80000f9e (0x00008e49) c.or    a2, a0
core   0: 3 0x80000f9e (0x8e49) x12 0x00000012
core   0: 0x80000fa0 (0x0000856d) c.srai  a0, 27
core   0: 3 0x80000fa0 (0x856d) x10 0x00000000
core   0: 0x80000fa2 (0x016e4433) xor     s0, t3, s6
core   0: 3 0x80000fa2 (0x016e4433) x 8 0xfffffff4
core   0: 0x80000fa6 (0x000015dd) c.addi  a1, -9
core   0: 3 0x80000fa6 (0x15dd) x11 0x00000001
core   0: 0x80000fa8 (0xfee5fbe3) bgeu    a1, a4, pc - 10
core   0: 3 0x80000fa8 (0xfee5fbe3)
core   0: 0x80000fac (0x0ff0000f) fence   iorw,iorw
core   0: 3 0x80000fac (0x0ff0000f)
core   0: 0x80000fb0 (0x00000001) c.nop
core   0: 3 0x80000fb0 (0x0001)
core   0: 0x80000fb2 (0x00000f4a) c.slli  t5, 18
core   0: 3 0x80000fb2 (0x0f4a) x30 0x00000000
core   0: 0x80000fb4 (0x42a12313) slti    t1, sp, 1066
core   0: 3 0x80000fb4 (0x42a12313) x 6 0x00000001
core   0: 0x80000fb8 (0xfc7a57e3) bge     s4, t2, pc - 50
core   0: 3 0x80000fb8 (0xfc7a57e3)
core   0: 0x80000fbc (0xb0960c13) addi    s8, a2, -1271
core   0: 3 0x80000fbc (0xb0960c13) x24 0xfffffb1b
core   0: 0x80000fc0 (0xffc00093) li      ra, -4
core   0: 3 0x80000fc0 (0xffc00093) x 1 0xfffffffc
core   0: 0x80000fc4 (0x00008f15) c.sub   a4, a3
core   0: 3 0x80000fc4 (0x8f15) x14 0x0000000b
core   0: 0x80000fc6 (0x00175613) srli    a2, a4, 1
core   0: 3 0x80000fc6 (0x00175613) x12 0x00000005
core   0: 0x80000fca (0x40ab09b3) sub     s3, s6, a0
core   0: 3 0x80000fca (0x40ab09b3) x19 0xffffffff
core   0: 0x80000fce (0x032a8e33) mul     t3, s5, s2
core   0: 3 0x80000fce (0x032a8e33) x28 0x000000b0
core   0: 0x80000fd2 (0x00008f8e) c.mv    t6, gp
core   0: 3 0x80000fd2 (0x8f8e) x31 0x0000000b
core   0: 0x80000fd4 (0x00300b13) li      s6, 3
core   0: 3 0x80000fd4 (0x00300b13) x22 0x00000003
core   0: 0x80000fd8 (0x2ceb0393) addi    t2, s6, 718
core   0: 3 0x80000fd8 (0x2ceb0393) x 7 0x000002d1
core   0: 0x80000fdc (0x026d1f33) mulh    t5, s10, t1
core   0: 3 0x80000fdc (0x026d1f33) x30 0x00000000
core   0: 0x80000fe0 (0x00455d93) srli    s11, a0, 4
core   0: 3 0x80000fe0 (0x00455d93) x27 0x00000000
core   0: 0x80000fe4 (0x00000085) c.addi  ra, 1
core   0: 3 0x80000fe4 (0x0085) x 1 0xfffffffd
core   0: 0x80000fe6 (0x00000e98) c.addi4spn a4, sp, 848
core   0: 3 0x80000fe6 (0x0e98) x14 0x00000351
core   0: 0x80000fe8 (0x00e4bf33) sltu    t5, s1, a4
core   0: 3 0x80000fe8 (0x00e4bf33) x30 0x00000000
core   0: 0x80000fec (0x0ff0000f) fence   iorw,iorw
core   0: 3 0x80000fec (0x0ff0000f)
core   0: 0x80000ff0 (0x1d173213) sltiu   tp, a4, 465
core   0: 3 0x80000ff0 (0x1d173213) x 4 0x00000000
core   0: 0x80000ff4 (0xff6082e3) beq     ra, s6, pc - 28
core   0: 3 0x80000ff4 (0xff6082e3)
core   0: 0x80000ff8 (0x41e75993) srai    s3, a4, 30
core   0: 3 0x80000ff8 (0x41e75993) x19 0x00000000
core   0: 0x80000ffc (0xffa00593) li      a1, -6
core   0: 3 0x80000ffc (0xffa00593) x11 0xfffffffa
core   0: 0x80001000 (0x01424033) xor     zero, tp, s4
core   0: 3 0x80001000 (0x01424033)
core   0: 0x80001004 (0xff400d93) li      s11, -12
core   0: 3 0x80001004 (0xff400d93) x27 0xfffffff4
core   0: 0x80001008 (0xe3cbf417) auipc   s0, 0xe3cbf
core   0: 3 0x80001008 (0xe3cbf417) x 8 0x63cc0008
core   0: 0x8000100c (0x68d60813) addi    a6, a2, 1677
core   0: 3 0x8000100c (0x68d60813) x16 0x00000692
core   0: 0x80001010 (0x6b11f013) andi    zero, gp, 1713
core   0: 3 0x80001010 (0x6b11f013)
core   0: 0x80001014 (0x000015f5) c.addi  a1, -3
core   0: 3 0x80001014 (0x15f5) x11 0xfffffff7
core   0: 0x80001016 (0xffb5dbe3) bge     a1, s11, pc - 10
core   0: 3 0x80001016 (0xffb5dbe3)
core   0: 0x8000100c (0x68d60813) addi    a6, a2, 1677
core   0: 3 0x8000100c (0x68d60813) x16 0x00000692
core   0: 0x80001010 (0x6b11f013) andi    zero, gp, 1713
core   0: 3 0x80001010 (0x6b11f013)
core   0: 0x80001014 (0x000015f5) c.addi  a1, -3
core   0: 3 0x80001014 (0x15f5) x11 0xfffffff4
core   0: 0x80001016 (0xffb5dbe3) bge     a1, s11, pc - 10
core   0: 3 0x80001016 (0xffb5dbe3)
core   0: 0x8000100c (0x68d60813) addi    a6, a2, 1677
core   0: 3 0x8000100c (0x68d60813) x16 0x00000692
core   0: 0x80001010 (0x6b11f013) andi    zero, gp, 1713
core   0: 3 0x80001010 (0x6b11f013)
core   0: 0x80001014 (0x000015f5) c.addi  a1, -3
core   0: 3 0x80001014 (0x15f5) x11 0xfffffff1
core   0: 0x80001016 (0xffb5dbe3) bge     a1, s11, pc - 10
core   0: 3 0x80001016 (0xffb5dbe3)
core   0: 0x8000101a (0x415bd533) sra     a0, s7, s5
core   0: 3 0x8000101a (0x415bd533) x10 0xfff00043
core   0: 0x8000101e (0xffa00613) li      a2, -6
core   0: 3 0x8000101e (0xffa00613) x12 0xfffffffa
core   0: 0x80001022 (0x3163bd93) sltiu   s11, t2, 790
core   0: 3 0x80001022 (0x3163bd93) x27 0x00000001
core   0: 0x80001026 (0x0299c733) div     a4, s3, s1
core   0: 3 0x80001026 (0x0299c733) x14 0x00000000
core   0: 0x8000102a (0x00000001) c.nop
core   0: 3 0x8000102a (0x0001)
core   0: 0x8000102c (0x7d187c93) andi    s9, a6, 2001
core   0: 3 0x8000102c (0x7d187c93) x25 0x00000690
core   0: 0x80001030 (0x00000001) c.nop
core   0: 3 0x80001030 (0x0001)
core   0: 0x80001032 (0x00008c79) c.and   s0, a4
core   0: 3 0x80001032 (0x8c79) x 8 0x00000000
core   0: 0x80001034 (0xbf6f8e93) addi    t4, t6, -1034
core   0: 3 0x80001034 (0xbf6f8e93) x29 0xfffffc01
core   0: 0x80001038 (0x00000609) c.addi  a2, 2
core   0: 3 0x80001038 (0x0609) x12 0xfffffffc
core   0: 0x8000103a (0x6e862693) slti    a3, a2, 1768
core   0: 3 0x8000103a (0x6e862693) x13 0x00000001
core   0: 0x8000103e (0x00000c1d) c.addi  s8, 7
core   0: 3 0x8000103e (0x0c1d) x24 0xfffffb22
core   0: 0x80001040 (0x226c8c13) addi    s8, s9, 550
core   0: 3 0x80001040 (0x226c8c13) x24 0x000008b6
core   0: 0x80001044 (0x00b086b3) add     a3, ra, a1
core   0: 3 0x80001044 (0x00b086b3) x13 0xffffffee
core   0: 0x80001048 (0x0000f66d) c.bnez  a2, pc - 22
core   0: 3 0x80001048 (0xf66d)
core   0: 0x80001032 (0x00008c79) c.and   s0, a4
core   0: 3 0x80001032 (0x8c79) x 8 0x00000000
core   0: 0x80001034 (0xbf6f8e93) addi    t4, t6, -1034
core   0: 3 0x80001034 (0xbf6f8e93) x29 0xfffffc01
core   0: 0x80001038 (0x00000609) c.addi  a2, 2
core   0: 3 0x80001038 (0x0609) x12 0xfffffffe
core   0: 0x8000103a (0x6e862693) slti    a3, a2, 1768
core   0: 3 0x8000103a (0x6e862693) x13 0x00000001
core   0: 0x8000103e (0x00000c1d) c.addi  s8, 7
core   0: 3 0x8000103e (0x0c1d) x24 0x000008bd
core   0: 0x80001040 (0x226c8c13) addi    s8, s9, 550
core   0: 3 0x80001040 (0x226c8c13) x24 0x000008b6
core   0: 0x80001044 (0x00b086b3) add     a3, ra, a1
core   0: 3 0x80001044 (0x00b086b3) x13 0xffffffee
core   0: 0x80001048 (0x0000f66d) c.bnez  a2, pc - 22
core   0: 3 0x80001048 (0xf66d)
core   0: 0x80001032 (0x00008c79) c.and   s0, a4
core   0: 3 0x80001032 (0x8c79) x 8 0x00000000
core   0: 0x80001034 (0xbf6f8e93) addi    t4, t6, -1034
core   0: 3 0x80001034 (0xbf6f8e93) x29 0xfffffc01
core   0: 0x80001038 (0x00000609) c.addi  a2, 2
core   0: 3 0x80001038 (0x0609) x12 0x00000000
core   0: 0x8000103a (0x6e862693) slti    a3, a2, 1768
core   0: 3 0x8000103a (0x6e862693) x13 0x00000001
core   0: 0x8000103e (0x00000c1d) c.addi  s8, 7
core   0: 3 0x8000103e (0x0c1d) x24 0x000008bd
core   0: 0x80001040 (0x226c8c13) addi    s8, s9, 550
core   0: 3 0x80001040 (0x226c8c13) x24 0x000008b6
core   0: 0x80001044 (0x00b086b3) add     a3, ra, a1
core   0: 3 0x80001044 (0x00b086b3) x13 0xffffffee
core   0: 0x80001048 (0x0000f66d) c.bnez  a2, pc - 22
core   0: 3 0x80001048 (0xf66d)
core   0: 0x8000104a (0x01bf2133) slt     sp, t5, s11
core   0: 3 0x8000104a (0x01bf2133) x 2 0x00000001
core   0: 0x8000104e (0xffc00513) li      a0, -4
core   0: 3 0x8000104e (0xffc00513) x10 0xfffffffc
core   0: 0x80001052 (0x01400313) li      t1, 20
core   0: 3 0x80001052 (0x01400313) x 6 0x00000014
core   0: 0x80001056 (0x00917233) and     tp, sp, s1
core   0: 3 0x80001056 (0x00917233) x 4 0x00000000
core   0: 0x8000105a (0x012d73b3) and     t2, s10, s2
core   0: 3 0x8000105a (0x012d73b3) x 7 0x00000000
core   0: 0x8000105e (0x00000509) c.addi  a0, 2
core   0: 3 0x8000105e (0x0509) x10 0xfffffffe
core   0: 0x80001060 (0x0275c8b3) div     a7, a1, t2
core   0: 3 0x80001060 (0x0275c8b3) x17 0xffffffff
core   0: 0x80001064 (0x00a00093) li      ra, 10
core   0: 3 0x80001064 (0x00a00093) x 1 0x0000000a
core   0: 0x80001068 (0x023a0f33) mul     t5, s4, gp
core   0: 3 0x80001068 (0x023a0f33) x30 0xffffff2f
core   0: 0x8000106c (0x00a00613) li      a2, 10
core   0: 3 0x8000106c (0x00a00613) x12 0x0000000a
core   0: 0x80001070 (0x02a50db3) mul     s11, a0, a0
core   0: 3 0x80001070 (0x02a50db3) x27 0x00000004
core   0: 0x80001074 (0x011fb6b3) sltu    a3, t6, a7
core   0: 3 0x80001074 (0x011fb6b3) x13 0x00000001
core   0: 0x80001078 (0x000010f9) c.addi  ra, -2
core   0: 3 0x80001078 (0x10f9) x 1 0x00000008
core   0: 0x8000107a (0x025eb3b3) mulhu   t2, t4, t0
core   0: 3 0x8000107a (0x025eb3b3) x 7 0x440011d7
core   0: 0x8000107e (0xfec0fbe3) bgeu    ra, a2, pc - 10
core   0: 3 0x8000107e (0xfec0fbe3)
core   0: 0x80001082 (0xfc656ce3) bltu    a0, t1, pc - 40
core   0: 3 0x80001082 (0xfc656ce3)
core   0: 0x80001086 (0x00008ae5) c.andi  a3, 25
core   0: 3 0x80001086 (0x8ae5) x13 0x00000001
core   0: 0x80001088 (0x00000813) li      a6, 0
core   0: 3 0x80001088 (0x00000813) x16 0x00000000
core   0: 0x8000108c (0x00000708) c.addi4spn a0, sp, 896
core   0: 3 0x8000108c (0x0708) x10 0x00000381
core   0: 0x8000108e (0x035ead33) mulhsu  s10, t4, s5
core   0: 3 0x8000108e (0x035ead33) x26 0xffffffff
core   0: 0x80001092 (0x00008695) c.srai  a3, 5
core   0: 3 0x80001092 (0x8695) x13 0x00000000
core   0: 0x80001094 (0x0000717d) c.addi16sp sp, -16
core   0: 3 0x80001094 (0x717d) x 2 0xfffffff1
core   0: 0x80001096 (0x00000001) c.nop
core   0: 3 0x80001096 (0x0001)
core   0: 0x80001098 (0x000086ad) c.srai  a3, 11
core   0: 3 0x80001098 (0x86ad) x13 0x00000000
core   0: 0x8000109a (0x1a83bf93) sltiu   t6, t2, 424
core   0: 3 0x8000109a (0x1a83bf93) x31 0x00000000
core   0: 0x8000109e (0x00009ed6) c.add   t4, s5
core   0: 3 0x8000109e (0x9ed6) x29 0xfffffc0c
core   0: 0x800010a0 (0x00008f69) c.and   a4, a0
core   0: 3 0x800010a0 (0x8f69) x14 0x00000000
core   0: 0x800010a2 (0xcdb10293) addi    t0, sp, -805
core   0: 3 0x800010a2 (0xcdb10293) x 5 0xfffffccc
core   0: 0x800010a6 (0x03d30fb3) mul     t6, t1, t4
core   0: 3 0x800010a6 (0x03d30fb3) x31 0xffffb0f0
core   0: 0x800010aa (0x00000001) c.nop
core   0: 3 0x800010aa (0x0001)
core   0: 0x800010ac (0x00800c13) li      s8, 8
core   0: 3 0x800010ac (0x00800c13) x24 0x00000008
core   0: 0x800010b0 (0x00418533) add     a0, gp, tp
core   0: 3 0x800010b0 (0x00418533) x10 0x0000000b
core   0: 0x800010b4 (0x01b1e2b3) or      t0, gp, s11
core   0: 3 0x800010b4 (0x01b1e2b3) x 5 0x0000000f
core   0: 0x800010b8 (0xf2b7f893) andi    a7, a5, -213
core   0: 3 0x800010b8 (0xf2b7f893) x17 0x80000000
core   0: 0x800010bc (0x000098ba) c.add   a7, a4
core   0: 3 0x800010bc (0x98ba) x17 0x80000000
core   0: 0x800010be (0x03399e33) mulh    t3, s3, s3
core   0: 3 0x800010be (0x03399e33) x28 0x00000000
core   0: 0x800010c2 (0x4a187193) andi    gp, a6, 1185
core   0: 3 0x800010c2 (0x4a187193) x 3 0x00000000
core   0: 0x800010c6 (0x00000811) c.addi  a6, 4
core   0: 3 0x800010c6 (0x0811) x16 0x00000004
core   0: 0x800010c8 (0x001f9c93) slli    s9, t6, 1
core   0: 3 0x800010c8 (0x001f9c93) x25 0xffff61e0
core   0: 0x800010cc (0xff8808e3) beq     a6, s8, pc - 16
core   0: 3 0x800010cc (0xff8808e3)
core   0: 0x800010d0 (0x03bea333) mulhsu  t1, t4, s11
core   0: 3 0x800010d0 (0x03bea333) x 6 0xffffffff
core   0: 0x800010d4 (0x00100813) li      a6, 1
core   0: 3 0x800010d4 (0x00100813) x16 0x00000001
core   0: 0x800010d8 (0x00b15f93) srli    t6, sp, 11
core   0: 3 0x800010d8 (0x00b15f93) x31 0x001fffff
core   0: 0x800010dc (0x00700113) li      sp, 7
core   0: 3 0x800010dc (0x00700113) x 2 0x00000007
core   0: 0x800010e0 (0xabc9b893) sltiu   a7, s3, -1348
core   0: 3 0x800010e0 (0xabc9b893) x17 0x00000001
core   0: 0x800010e4 (0x035aeab3) rem     s5, s5, s5
core   0: 3 0x800010e4 (0x035aeab3) x21 0x00000000
core   0: 0x800010e8 (0x000069b5) c.lui   s3, 0xd
core   0: 3 0x800010e8 (0x69b5) x19 0x0000d000
core   0: 0x800010ea (0x00000809) c.addi  a6, 2
core   0: 3 0x800010ea (0x0809) x16 0x00000003
core   0: 0x800010ec (0x00af83b3) add     t2, t6, a0
core   0: 3 0x800010ec (0x00af83b3) x 7 0x0020000a
core   0: 0x800010f0 (0x7d7b4893) xori    a7, s6, 2007
core   0: 3 0x800010f0 (0x7d7b4893) x17 0x000007d4
core   0: 0x800010f4 (0xfe2848e3) blt     a6, sp, pc - 16
core   0: 3 0x800010f4 (0xfe2848e3)
core   0: 0x800010e4 (0x035aeab3) rem     s5, s5, s5
core   0: 3 0x800010e4 (0x035aeab3) x21 0x00000000
core   0: 0x800010e8 (0x000069b5) c.lui   s3, 0xd
core   0: 3 0x800010e8 (0x69b5) x19 0x0000d000
core   0: 0x800010ea (0x00000809) c.addi  a6, 2
core   0: 3 0x800010ea (0x0809) x16 0x00000005
core   0: 0x800010ec (0x00af83b3) add     t2, t6, a0
core   0: 3 0x800010ec (0x00af83b3) x 7 0x0020000a
core   0: 0x800010f0 (0x7d7b4893) xori    a7, s6, 2007
core   0: 3 0x800010f0 (0x7d7b4893) x17 0x000007d4
core   0: 0x800010f4 (0xfe2848e3) blt     a6, sp, pc - 16
core   0: 3 0x800010f4 (0xfe2848e3)
core   0: 0x800010e4 (0x035aeab3) rem     s5, s5, s5
core   0: 3 0x800010e4 (0x035aeab3) x21 0x00000000
core   0: 0x800010e8 (0x000069b5) c.lui   s3, 0xd
core   0: 3 0x800010e8 (0x69b5) x19 0x0000d000
core   0: 0x800010ea (0x00000809) c.addi  a6, 2
core   0: 3 0x800010ea (0x0809) x16 0x00000007
core   0: 0x800010ec (0x00af83b3) add     t2, t6, a0
core   0: 3 0x800010ec (0x00af83b3) x 7 0x0020000a
core   0: 0x800010f0 (0x7d7b4893) xori    a7, s6, 2007
core   0: 3 0x800010f0 (0x7d7b4893) x17 0x000007d4
core   0: 0x800010f4 (0xfe2848e3) blt     a6, sp, pc - 16
core   0: 3 0x800010f4 (0xfe2848e3)
core   0: 0x800010f8 (0x03f9be33) mulhu   t3, s3, t6
core   0: 3 0x800010f8 (0x03f9be33) x28 0x00000019
core   0: 0x800010fc (0x00500693) li      a3, 5
core   0: 3 0x800010fc (0x00500693) x13 0x00000005
core   0: 0x80001100 (0x01e75593) srli    a1, a4, 30
core   0: 3 0x80001100 (0x01e75593) x11 0x00000000
core   0: 0x80001104 (0x00008df9) c.and   a1, a4
core   0: 3 0x80001104 (0x8df9) x11 0x00000000
core   0: 0x80001106 (0x0000026e) c.slli  tp, 27
core   0: 3 0x80001106 (0x026e) x 4 0x00000000
core   0: 0x80001108 (0x410e8633) sub     a2, t4, a6
core   0: 3 0x80001108 (0x410e8633) x12 0xfffffc05
core   0: 0x8000110c (0x00400e93) li      t4, 4
core   0: 3 0x8000110c (0x00400e93) x29 0x00000004
core   0: 0x80001110 (0x00008f49) c.or    a4, a0
core   0: 3 0x80001110 (0x8f49) x14 0x0000000b
core   0: 0x80001112 (0x389e4d13) xori    s10, t3, 905
core   0: 3 0x80001112 (0x389e4d13) x26 0x00000390
core   0: 0x80001116 (0x40f3dd13) srai    s10, t2, 15
core   0: 3 0x80001116 (0x40f3dd13) x26 0x00000040
core   0: 0x8000111a (0x41545c93) srai    s9, s0, 21
core   0: 3 0x8000111a (0x41545c93) x25 0x00000000
core   0: 0x8000111e (0x0000717d) c.addi16sp sp, -16
core   0: 3 0x8000111e (0x717d) x 2 0xfffffff7
core   0: 0x80001120 (0x00d3b9b3) sltu    s3, t2, a3
core   0: 3 0x80001120 (0x00d3b9b3) x19 0x00000000
core   0: 0x80001124 (0x01ba9593) slli    a1, s5, 27
core   0: 3 0x80001124 (0x01ba9593) x11 0x00000000
core   0: 0x80001128 (0x35fe8d93) addi    s11, t4, 863
core   0: 3 0x80001128 (0x35fe8d93) x27 0x00000363
core   0: 0x8000112c (0x0000997d) c.andi  a0, -1
core   0: 3 0x8000112c (0x997d) x10 0x0000000b
core   0: 0x8000112e (0x00008f0d) c.sub   a4, a1
core   0: 3 0x8000112e (0x8f0d) x14 0x0000000b
core   0: 0x80001130 (0x000016f5) c.addi  a3, -3
core   0: 3 0x80001130 (0x16f5) x13 0x00000002
core   0: 0x80001132 (0x00ee39b3) sltu    s3, t3, a4
core   0: 3 0x80001132 (0x00ee39b3) x19 0x00000000
core   0: 0x80001136 (0xffd6fbe3) bgeu    a3, t4, pc - 10
core   0: 3 0x80001136 (0xffd6fbe3)
core   0: 0x8000113a (0x03e01fb3) mulh    t6, zero, t5
core   0: 3 0x8000113a (0x03e01fb3) x31 0x00000000
core   0: 0x8000113e (0x00700193) li      gp, 7
core   0: 3 0x8000113e (0x00700193) x 3 0x00000007
core   0: 0x80001142 (0x024d9eb3) mulh    t4, s11, tp
core   0: 3 0x80001142 (0x024d9eb3) x29 0x00000000
core   0: 0x80001146 (0x023a8433) mul     s0, s5, gp
core   0: 3 0x80001146 (0x023a8433) x 8 0x00000000
core   0: 0x8000114a (0xffb00d13) li      s10, -5
core   0: 3 0x8000114a (0xffb00d13) x26 0xfffffffb
core   0: 0x8000114e (0x0465a813) slti    a6, a1, 70
core   0: 3 0x8000114e (0x0465a813) x16 0x00000001
core   0: 0x80001152 (0x00008d71) c.and   a0, a2
core   0: 3 0x80001152 (0x8d71) x10 0x00000001
core   0: 0x80001154 (0x00000c3e) c.slli  s8, 15
core   0: 3 0x80001154 (0x0c3e) x24 0x00040000
core   0: 0x80001156 (0x00d8d9b3) srl     s3, a7, a3
core   0: 3 0x80001156 (0x00d8d9b3) x19 0x000001f5
core   0: 0x8000115a (0x000011e9) c.addi  gp, -6
core   0: 3 0x8000115a (0x11e9) x 3 0x00000001
core   0: 0x8000115c (0x00000001) c.nop
core   0: 3 0x8000115c (0x0001)
core   0: 0x8000115e (0x00000613) li      a2, 0
core   0: 3 0x8000115e (0x00000613) x12 0x00000000
core   0: 0x80001162 (0xffe00b13) li      s6, -2
core   0: 3 0x80001162 (0xffe00b13) x22 0xfffffffe
core   0: 0x80001166 (0x023b4fb3) div     t6, s6, gp
core   0: 3 0x80001166 (0x023b4fb3) x31 0xfffffffe
core   0: 0x8000116a (0x36d82a93) slti    s5, a6, 877
core   0: 3 0x8000116a (0x36d82a93) x21 0x00000001
core   0: 0x8000116e (0x00001659) c.addi  a2, -10
core   0: 3 0x8000116e (0x1659) x12 0xfffffff6
core   0: 0x80001170 (0x00008d2d) c.xor   a0, a1
core   0: 3 0x80001170 (0x8d2d) x10 0x00000001
core   0: 0x80001172 (0xff665ce3) bge     a2, s6, pc - 8
core   0: 3 0x80001172 (0xff665ce3)
core   0: 0x80001176 (0xfda19ee3) bne     gp, s10, pc - 36
core   0: 3 0x80001176 (0xfda19ee3)
core   0: 0x80001152 (0x00008d71) c.and   a0, a2
core   0: 3 0x80001152 (0x8d71) x10 0x00000000
core   0: 0x80001154 (0x00000c3e) c.slli  s8, 15
core   0: 3 0x80001154 (0x0c3e) x24 0x00000000
core   0: 0x80001156 (0x00d8d9b3) srl     s3, a7, a3
core   0: 3 0x80001156 (0x00d8d9b3) x19 0x000001f5
core   0: 0x8000115a (0x000011e9) c.addi  gp, -6
core   0: 3 0x8000115a (0x11e9) x 3 0xfffffffb
core   0: 0x8000115c (0x00000001) c.nop
core   0: 3 0x8000115c (0x0001)
core   0: 0x8000115e (0x00000613) li      a2, 0
core   0: 3 0x8000115e (0x00000613) x12 0x00000000
core   0: 0x80001162 (0xffe00b13) li      s6, -2
core   0: 3 0x80001162 (0xffe00b13) x22 0xfffffffe
core   0: 0x80001166 (0x023b4fb3) div     t6, s6, gp
core   0: 3 0x80001166 (0x023b4fb3) x31 0x00000000
core   0: 0x8000116a (0x36d82a93) slti    s5, a6, 877
core   0: 3 0x8000116a (0x36d82a93) x21 0x00000001
core   0: 0x8000116e (0x00001659) c.addi  a2, -10
core   0: 3 0x8000116e (0x1659) x12 0xfffffff6
core   0: 0x80001170 (0x00008d2d) c.xor   a0, a1
core   0: 3 0x80001170 (0x8d2d) x10 0x00000000
core   0: 0x80001172 (0xff665ce3) bge     a2, s6, pc - 8
core   0: 3 0x80001172 (0xff665ce3)
core   0: 0x80001176 (0xfda19ee3) bne     gp, s10, pc - 36
core   0: 3 0x80001176 (0xfda19ee3)
core   0: 0x8000117a (0x0ff0000f) fence   iorw,iorw
core   0: 3 0x8000117a (0x0ff0000f)
core   0: 0x8000117e (0x00700913) li      s2, 7
core   0: 3 0x8000117e (0x00700913) x18 0x00000007
core   0: 0x80001182 (0x00009afd) c.andi  a3, -1
core   0: 3 0x80001182 (0x9afd) x13 0x00000002
core   0: 0x80001184 (0x00df6033) or      zero, t5, a3
core   0: 3 0x80001184 (0x00df6033)
core   0: 0x80001188 (0x01eb9b33) sll     s6, s7, t5
core   0: 3 0x80001188 (0x01eb9b33) x22 0x0f320000
core   0: 0x8000118c (0x00008ae1) c.andi  a3, 24
core   0: 3 0x8000118c (0x8ae1) x13 0x00000000
core   0: 0x8000118e (0x00000001) c.nop
core   0: 3 0x8000118e (0x0001)
core   0: 0x80001190 (0x40365f93) srai    t6, a2, 3
core   0: 3 0x80001190 (0x40365f93) x31 0xfffffffe
core   0: 0x80001194 (0x41f05633) sra     a2, zero, t6
core   0: 3 0x80001194 (0x41f05633) x12 0x00000000
core   0: 0x80001198 (0xc6bb4993) xori    s3, s6, -917
core   0: 3 0x80001198 (0xc6bb4993) x19 0xf0cdfc6b
core   0: 0x8000119c (0x00700113) li      sp, 7
core   0: 3 0x8000119c (0x00700113) x 2 0x00000007
core   0: 0x800011a0 (0x00008a59) c.andi  a2, 22
core   0: 3 0x800011a0 (0x8a59) x12 0x00000000
core   0: 0x800011a2 (0x00008c39) c.xor   s0, a4
core   0: 3 0x800011a2 (0x8c39) x 8 0x0000000b
core   0: 0x800011a4 (0x00001975) c.addi  s2, -3
core   0: 3 0x800011a4 (0x1975) x18 0x00000004
core   0: 0x800011a6 (0x00cdd993) srli    s3, s11, 12
core   0: 3 0x800011a6 (0x00cdd993) x19 0x00000000
core   0: 0x800011aa (0x011fbb33) sltu    s6, t6, a7
core   0: 3 0x800011aa (0x011fbb33) x22 0x00000000
core   0: 0x800011ae (0x0000100f) fence.i
core   0: 3 0x800011ae (0x0000100f)
core   0: 0x800011b2 (0x2c80b593) sltiu   a1, ra, 712
core   0: 3 0x800011b2 (0x2c80b593) x11 0x00000001
core   0: 0x800011b6 (0xf97f3d17) auipc   s10, 0xf97f3
core   0: 3 0x800011b6 (0xf97f3d17) x26 0x797f41b6
core   0: 0x800011ba (0x418382b3) sub     t0, t2, s8
core   0: 3 0x800011ba (0x418382b3) x 5 0x0020000a
core   0: 0x800011be (0x00f1d193) srli    gp, gp, 15
core   0: 3 0x800011be (0x00f1d193) x 3 0x0001ffff
core   0: 0x800011c2 (0x57b20513) addi    a0, tp, 1403
core   0: 3 0x800011c2 (0x57b20513) x10 0x0000057b
core   0: 0x800011c6 (0x02396f33) rem     t5, s2, gp
core   0: 3 0x800011c6 (0x02396f33) x30 0x00000004
core   0: 0x800011ca (0xab3ff713) andi    a4, t6, -1357
core   0: 3 0x800011ca (0xab3ff713) x14 0xfffffab2
core   0: 0x800011ce (0x000062fd) c.lui   t0, 0x1f
core   0: 3 0x800011ce (0x62fd) x 5 0x0001f000
core   0: 0x800011d0 (0x009cf0b3) and     ra, s9, s1
core   0: 3 0x800011d0 (0x009cf0b3) x 1 0x00000000
core   0: 0x800011d4 (0x000006b1) c.addi  a3, 12
core   0: 3 0x800011d4 (0x06b1) x13 0x0000000c
core   0: 0x800011d6 (0x03457033) remu    zero, a0, s4
core   0: 3 0x800011d6 (0x03457033)
core   0: 0x800011da (0xfc2973e3) bgeu    s2, sp, pc - 58
core   0: 3 0x800011da (0xfc2973e3)
core   0: 0x800011de (0x000082b9) c.srli  a3, 14
core   0: 3 0x800011de (0x82b9) x13 0x00000000
core   0: 0x800011e0 (0x00a00513) li      a0, 10
core   0: 3 0x800011e0 (0x00a00513) x10 0x0000000a
core   0: 0x800011e4 (0x014bef33) or      t5, s7, s4
core   0: 3 0x800011e4 (0x014bef33) x30 0xffffffed
core   0: 0x800011e8 (0x0126d033) srl     zero, a3, s2
core   0: 3 0x800011e8 (0x0126d033)
core   0: 0x800011ec (0x56b44193) xori    gp, s0, 1387
core   0: 3 0x800011ec (0x56b44193) x 3 0x00000560
core   0: 0x800011f0 (0xf646fc13) andi    s8, a3, -156
core   0: 3 0x800011f0 (0xf646fc13) x24 0x00000000
core   0: 0x800011f4 (0x00c8f133) and     sp, a7, a2
core   0: 3 0x800011f4 (0x00c8f133) x 2 0x00000000
core   0: 0x800011f8 (0x00000116) c.slli  sp, 5
core   0: 3 0x800011f8 (0x0116) x 2 0x00000000
core   0: 0x800011fa (0x00800093) li      ra, 8
core   0: 3 0x800011fa (0x00800093) x 1 0x00000008
core   0: 0x800011fe (0x00008c2d) c.xor   s0, a1
core   0: 3 0x800011fe (0x8c2d) x 8 0x0000000a
core   0: 0x80001200 (0x02eb4c33) div     s8, s6, a4
core   0: 3 0x80001200 (0x02eb4c33) x24 0x00000000
core   0: 0x80001204 (0x00001575) c.addi  a0, -3
core   0: 3 0x80001204 (0x1575) x10 0x00000007
core   0: 0x80001206 (0x00006b65) c.lui   s6, 0x19
core   0: 3 0x80001206 (0x6b65) x22 0x00019000
core   0: 0x80001208 (0x003a9f33) sll     t5, s5, gp
core   0: 3 0x80001208 (0x003a9f33) x30 0x00000001
core   0: 0x8000120c (0x016835b3) sltu    a1, a6, s6
core   0: 3 0x8000120c (0x016835b3) x11 0x00000001
core   0: 0x80001210 (0x00008c05) c.sub   s0, s1
core   0: 3 0x80001210 (0x8c05) x 8 0x7ffda326
core   0: 0x80001212 (0x00008c61) c.and   s0, s0
core   0: 3 0x80001212 (0x8c61) x 8 0x7ffda326
core   0: 0x80001214 (0x000081dd) c.srli  a1, 23
core   0: 3 0x80001214 (0x81dd) x11 0x00000000
core   0: 0x80001216 (0x000003a2) c.slli  t2, 8
core   0: 3 0x80001216 (0x03a2) x 7 0x20000a00
core   0: 0x80001218 (0xe0f43c93) sltiu   s9, s0, -497
core   0: 3 0x80001218 (0xe0f43c93) x25 0x00000001
core   0: 0x8000121c (0x0000100f) fence.i
core   0: 3 0x8000121c (0x0000100f)
core   0: 0x80001220 (0x0273f433) remu    s0, t2, t2
core   0: 3 0x80001220 (0x0273f433) x 8 0x00000000
core   0: 0x80001224 (0x01acbb33) sltu    s6, s9, s10
core   0: 3 0x80001224 (0x01acbb33) x22 0x00000001
core   0: 0x80001228 (0xfc157be3) bgeu    a0, ra, pc - 42
core   0: 3 0x80001228 (0xfc157be3)
core   0: 0x8000122c (0x00008eea) c.mv    t4, s10
core   0: 3 0x8000122c (0x8eea) x29 0x797f41b6
core   0: 0x8000122e (0xff600213) li      tp, -10
core   0: 3 0x8000122e (0xff600213) x 4 0xfffffff6
core   0: 0x80001232 (0x00c00f93) li      t6, 12
core   0: 3 0x80001232 (0x00c00f93) x31 0x0000000c
core   0: 0x80001236 (0x0000616d) c.addi16sp sp, 240
core   0: 3 0x80001236 (0x616d) x 2 0x000000f0
core   0: 0x80001238 (0x0236eb33) rem     s6, a3, gp
core   0: 3 0x80001238 (0x0236eb33) x22 0x00000000
core   0: 0x8000123c (0x0000021d) c.addi  tp, 7
core   0: 3 0x8000123c (0x021d) x 4 0xfffffffd
core   0: 0x8000123e (0x037c5a33) divu    s4, s8, s7
core   0: 3 0x8000123e (0x037c5a33) x20 0x00000000
core   0: 0x80001242 (0xffa00513) li      a0, -6
core   0: 3 0x80001242 (0xffa00513) x10 0xfffffffa
core   0: 0x80001246 (0x00000001) c.nop
core   0: 3 0x80001246 (0x0001)
core   0: 0x80001248 (0x03e6f8b3) remu    a7, a3, t5
core   0: 3 0x80001248 (0x03e6f8b3) x17 0x00000000
core   0: 0x8000124c (0xc1163d93) sltiu   s11, a2, -1007
core   0: 3 0x8000124c (0xc1163d93) x27 0x00000001
core   0: 0x80001250 (0x0000050d) c.addi  a0, 3
core   0: 3 0x80001250 (0x050d) x10 0xfffffffd
core   0: 0x80001252 (0x0000f97d) c.bnez  a0, pc - 10
core   0: 3 0x80001252 (0xf97d)
core   0: 0x80001248 (0x03e6f8b3) remu    a7, a3, t5
core   0: 3 0x80001248 (0x03e6f8b3) x17 0x00000000
core   0: 0x8000124c (0xc1163d93) sltiu   s11, a2, -1007
core   0: 3 0x8000124c (0xc1163d93) x27 0x00000001
core   0: 0x80001250 (0x0000050d) c.addi  a0, 3
core   0: 3 0x80001250 (0x050d) x10 0x00000000
core   0: 0x80001252 (0x0000f97d) c.bnez  a0, pc - 10
core   0: 3 0x80001252 (0xf97d)
core   0: 0x80001254 (0xfff242e3) blt     tp, t6, pc - 28
core   0: 3 0x80001254 (0xfff242e3)
core   0: 0x80001238 (0x0236eb33) rem     s6, a3, gp
core   0: 3 0x80001238 (0x0236eb33) x22 0x00000000
core   0: 0x8000123c (0x0000021d) c.addi  tp, 7
core   0: 3 0x8000123c (0x021d) x 4 0x00000004
core   0: 0x8000123e (0x037c5a33) divu    s4, s8, s7
core   0: 3 0x8000123e (0x037c5a33) x20 0x00000000
core   0: 0x80001242 (0xffa00513) li      a0, -6
core   0: 3 0x80001242 (0xffa00513) x10 0xfffffffa
core   0: 0x80001246 (0x00000001) c.nop
core   0: 3 0x80001246 (0x0001)
core   0: 0x80001248 (0x03e6f8b3) remu    a7, a3, t5
core   0: 3 0x80001248 (0x03e6f8b3) x17 0x00000000
core   0: 0x8000124c (0xc1163d93) sltiu   s11, a2, -1007
core   0: 3 0x8000124c (0xc1163d93) x27 0x00000001
core   0: 0x80001250 (0x0000050d) c.addi  a0, 3
core   0: 3 0x80001250 (0x050d) x10 0xfffffffd
core   0: 0x80001252 (0x0000f97d) c.bnez  a0, pc - 10
core   0: 3 0x80001252 (0xf97d)
core   0: 0x80001248 (0x03e6f8b3) remu    a7, a3, t5
core   0: 3 0x80001248 (0x03e6f8b3) x17 0x00000000
core   0: 0x8000124c (0xc1163d93) sltiu   s11, a2, -1007
core   0: 3 0x8000124c (0xc1163d93) x27 0x00000001
core   0: 0x80001250 (0x0000050d) c.addi  a0, 3
core   0: 3 0x80001250 (0x050d) x10 0x00000000
core   0: 0x80001252 (0x0000f97d) c.bnez  a0, pc - 10
core   0: 3 0x80001252 (0xf97d)
core   0: 0x80001254 (0xfff242e3) blt     tp, t6, pc - 28
core   0: 3 0x80001254 (0xfff242e3)
core   0: 0x80001238 (0x0236eb33) rem     s6, a3, gp
core   0: 3 0x80001238 (0x0236eb33) x22 0x00000000
core   0: 0x8000123c (0x0000021d) c.addi  tp, 7
core   0: 3 0x8000123c (0x021d) x 4 0x0000000b
core   0: 0x8000123e (0x037c5a33) divu    s4, s8, s7
core   0: 3 0x8000123e (0x037c5a33) x20 0x00000000
core   0: 0x80001242 (0xffa00513) li      a0, -6
core   0: 3 0x80001242 (0xffa00513) x10 0xfffffffa
core   0: 0x80001246 (0x00000001) c.nop
core   0: 3 0x80001246 (0x0001)
core   0: 0x80001248 (0x03e6f8b3) remu    a7, a3, t5
core   0: 3 0x80001248 (0x03e6f8b3) x17 0x00000000
core   0: 0x8000124c (0xc1163d93) sltiu   s11, a2, -1007
core   0: 3 0x8000124c (0xc1163d93) x27 0x00000001
core   0: 0x80001250 (0x0000050d) c.addi  a0, 3
core   0: 3 0x80001250 (0x050d) x10 0xfffffffd
core   0: 0x80001252 (0x0000f97d) c.bnez  a0, pc - 10
core   0: 3 0x80001252 (0xf97d)
core   0: 0x80001248 (0x03e6f8b3) remu    a7, a3, t5
core   0: 3 0x80001248 (0x03e6f8b3) x17 0x00000000
core   0: 0x8000124c (0xc1163d93) sltiu   s11, a2, -1007
core   0: 3 0x8000124c (0xc1163d93) x27 0x00000001
core   0: 0x80001250 (0x0000050d) c.addi  a0, 3
core   0: 3 0x80001250 (0x050d) x10 0x00000000
core   0: 0x80001252 (0x0000f97d) c.bnez  a0, pc - 10
core   0: 3 0x80001252 (0xf97d)
core   0: 0x80001254 (0xfff242e3) blt     tp, t6, pc - 28
core   0: 3 0x80001254 (0xfff242e3)
core   0: 0x80001238 (0x0236eb33) rem     s6, a3, gp
core   0: 3 0x80001238 (0x0236eb33) x22 0x00000000
core   0: 0x8000123c (0x0000021d) c.addi  tp, 7
core   0: 3 0x8000123c (0x021d) x 4 0x00000012
core   0: 0x8000123e (0x037c5a33) divu    s4, s8, s7
core   0: 3 0x8000123e (0x037c5a33) x20 0x00000000
core   0: 0x80001242 (0xffa00513) li      a0, -6
core   0: 3 0x80001242 (0xffa00513) x10 0xfffffffa
core   0: 0x80001246 (0x00000001) c.nop
core   0: 3 0x80001246 (0x0001)
core   0: 0x80001248 (0x03e6f8b3) remu    a7, a3, t5
core   0: 3 0x80001248 (0x03e6f8b3) x17 0x00000000
core   0: 0x8000124c (0xc1163d93) sltiu   s11, a2, -1007
core   0: 3 0x8000124c (0xc1163d93) x27 0x00000001
core   0: 0x80001250 (0x0000050d) c.addi  a0, 3
core   0: 3 0x80001250 (0x050d) x10 0xfffffffd
core   0: 0x80001252 (0x0000f97d) c.bnez  a0, pc - 10
core   0: 3 0x80001252 (0xf97d)
core   0: 0x80001248 (0x03e6f8b3) remu    a7, a3, t5
core   0: 3 0x80001248 (0x03e6f8b3) x17 0x00000000
core   0: 0x8000124c (0xc1163d93) sltiu   s11, a2, -1007
core   0: 3 0x8000124c (0xc1163d93) x27 0x00000001
core   0: 0x80001250 (0x0000050d) c.addi  a0, 3
core   0: 3 0x80001250 (0x050d) x10 0x00000000
core   0: 0x80001252 (0x0000f97d) c.bnez  a0, pc - 10
core   0: 3 0x80001252 (0xf97d)
core   0: 0x80001254 (0xfff242e3) blt     tp, t6, pc - 28
core   0: 3 0x80001254 (0xfff242e3)
core   0: 0x80001258 (0x41d356b3) sra     a3, t1, t4
core   0: 3 0x80001258 (0x41d356b3) x13 0xffffffff
core   0: 0x8000125c (0xff800513) li      a0, -8
core   0: 3 0x8000125c (0xff800513) x10 0xfffffff8
core   0: 0x80001260 (0x00388d33) add     s10, a7, gp
core   0: 3 0x80001260 (0x00388d33) x26 0x00000560
core   0: 0x80001264 (0x0000875d) c.srai  a4, 23
core   0: 3 0x80001264 (0x875d) x14 0xffffffff
core   0: 0x80001266 (0x00a00c13) li      s8, 10
core   0: 3 0x80001266 (0x00a00c13) x24 0x0000000a
core   0: 0x8000126a (0x0032a433) slt     s0, t0, gp
core   0: 3 0x8000126a (0x0032a433) x 8 0x00000000
core   0: 0x8000126e (0xc54d7c93) andi    s9, s10, -940
core   0: 3 0x8000126e (0xc54d7c93) x25 0x00000440
core   0: 0x80001272 (0x402e5613) srai    a2, t3, 2
core   0: 3 0x80001272 (0x402e5613) x12 0x00000006
core   0: 0x80001276 (0x6a00f913) andi    s2, ra, 1696
core   0: 3 0x80001276 (0x6a00f913) x18 0x00000000
core   0: 0x8000127a (0x6f1d0d93) addi    s11, s10, 1777
core   0: 3 0x8000127a (0x6f1d0d93) x27 0x00000c51
core   0: 0x8000127e (0x015b1313) slli    t1, s6, 21
core   0: 3 0x8000127e (0x015b1313) x 6 0x00000000
core   0: 0x80001282 (0x0ff0000f) fence   iorw,iorw
core   0: 3 0x80001282 (0x0ff0000f)
core   0: 0x80001286 (0x000099fd) c.andi  a1, -1
core   0: 3 0x80001286 (0x99fd) x11 0x00000000
core   0: 0x80001288 (0x00000529) c.addi  a0, 10
core   0: 3 0x80001288 (0x0529) x10 0x00000002
core   0: 0x8000128a (0x00100093) li      ra, 1
core   0: 3 0x8000128a (0x00100093) x 1 0x00000001
core   0: 0x8000128e (0x00600113) li      sp, 6
core   0: 3 0x8000128e (0x00600113) x 2 0x00000006
core   0: 0x80001292 (0x40b65893) srai    a7, a2, 11
core   0: 3 0x80001292 (0x40b65893) x17 0x00000000
core   0: 0x80001296 (0x00008869) c.andi  s0, 26
core   0: 3 0x80001296 (0x8869) x 8 0x00000000
core   0: 0x80001298 (0x00008f55) c.or    a4, a3
core   0: 3 0x80001298 (0x8f55) x14 0xffffffff
core   0: 0x8000129a (0x000086d9) c.srai  a3, 22
core   0: 3 0x8000129a (0x86d9) x13 0xffffffff
core   0: 0x8000129c (0x000000a9) c.addi  ra, 10
core   0: 3 0x8000129c (0x00a9) x 1 0x0000000b
core   0: 0x8000129e (0x00000001) c.nop
core   0: 3 0x8000129e (0x0001)
core   0: 0x800012a0 (0xfe20ece3) bltu    ra, sp, pc - 8
core   0: 3 0x800012a0 (0xfe20ece3)
core   0: 0x800012a4 (0x00834033) xor     zero, t1, s0
core   0: 3 0x800012a4 (0x00834033)
core   0: 0x800012a8 (0x296cf613) andi    a2, s9, 662
core   0: 3 0x800012a8 (0x296cf613) x12 0x00000000
core   0: 0x800012ac (0x00008f4d) c.or    a4, a1
core   0: 3 0x800012ac (0x8f4d) x14 0xffffffff
core   0: 0x800012ae (0x0741e613) ori     a2, gp, 116
core   0: 3 0x800012ae (0x0741e613) x12 0x00000574
core   0: 0x800012b2 (0x03447033) remu    zero, s0, s4
core   0: 3 0x800012b2 (0x03447033)
core   0: 0x800012b6 (0x2f59be93) sltiu   t4, s3, 757
core   0: 3 0x800012b6 (0x2f59be93) x29 0x00000001
core   0: 0x800012ba (0x01820733) add     a4, tp, s8
core   0: 3 0x800012ba (0x01820733) x14 0x0000001c
core   0: 0x800012be (0x00008822) c.mv    a6, s0
core   0: 3 0x800012be (0x8822) x16 0x00000000
core   0: 0x800012c0 (0x028f8b33) mul     s6, t6, s0
core   0: 3 0x800012c0 (0x028f8b33) x22 0x00000000
core   0: 0x800012c4 (0x00008259) c.srli  a2, 22
core   0: 3 0x800012c4 (0x8259) x12 0x00000000
core   0: 0x800012c6 (0xfb854ae3) blt     a0, s8, pc - 76
core   0: 3 0x800012c6 (0xfb854ae3)
core   0: 0x8000127a (0x6f1d0d93) addi    s11, s10, 1777
core   0: 3 0x8000127a (0x6f1d0d93) x27 0x00000c51
core   0: 0x8000127e (0x015b1313) slli    t1, s6, 21
core   0: 3 0x8000127e (0x015b1313) x 6 0x00000000
core   0: 0x80001282 (0x0ff0000f) fence   iorw,iorw
core   0: 3 0x80001282 (0x0ff0000f)
core   0: 0x80001286 (0x000099fd) c.andi  a1, -1
core   0: 3 0x80001286 (0x99fd) x11 0x00000000
core   0: 0x80001288 (0x00000529) c.addi  a0, 10
core   0: 3 0x80001288 (0x0529) x10 0x0000000c
core   0: 0x8000128a (0x00100093) li      ra, 1
core   0: 3 0x8000128a (0x00100093) x 1 0x00000001
core   0: 0x8000128e (0x00600113) li      sp, 6
core   0: 3 0x8000128e (0x00600113) x 2 0x00000006
core   0: 0x80001292 (0x40b65893) srai    a7, a2, 11
core   0: 3 0x80001292 (0x40b65893) x17 0x00000000
core   0: 0x80001296 (0x00008869) c.andi  s0, 26
core   0: 3 0x80001296 (0x8869) x 8 0x00000000
core   0: 0x80001298 (0x00008f55) c.or    a4, a3
core   0: 3 0x80001298 (0x8f55) x14 0xffffffff
core   0: 0x8000129a (0x000086d9) c.srai  a3, 22
core   0: 3 0x8000129a (0x86d9) x13 0xffffffff
core   0: 0x8000129c (0x000000a9) c.addi  ra, 10
core   0: 3 0x8000129c (0x00a9) x 1 0x0000000b
core   0: 0x8000129e (0x00000001) c.nop
core   0: 3 0x8000129e (0x0001)
core   0: 0x800012a0 (0xfe20ece3) bltu    ra, sp, pc - 8
core   0: 3 0x800012a0 (0xfe20ece3)
core   0: 0x800012a4 (0x00834033) xor     zero, t1, s0
core   0: 3 0x800012a4 (0x00834033)
core   0: 0x800012a8 (0x296cf613) andi    a2, s9, 662
core   0: 3 0x800012a8 (0x296cf613) x12 0x00000000
core   0: 0x800012ac (0x00008f4d) c.or    a4, a1
core   0: 3 0x800012ac (0x8f4d) x14 0xffffffff
core   0: 0x800012ae (0x0741e613) ori     a2, gp, 116
core   0: 3 0x800012ae (0x0741e613) x12 0x00000574
core   0: 0x800012b2 (0x03447033) remu    zero, s0, s4
core   0: 3 0x800012b2 (0x03447033)
core   0: 0x800012b6 (0x2f59be93) sltiu   t4, s3, 757
core   0: 3 0x800012b6 (0x2f59be93) x29 0x00000001
core   0: 0x800012ba (0x01820733) add     a4, tp, s8
core   0: 3 0x800012ba (0x01820733) x14 0x0000001c
core   0: 0x800012be (0x00008822) c.mv    a6, s0
core   0: 3 0x800012be (0x8822) x16 0x00000000
core   0: 0x800012c0 (0x028f8b33) mul     s6, t6, s0
core   0: 3 0x800012c0 (0x028f8b33) x22 0x00000000
core   0: 0x800012c4 (0x00008259) c.srli  a2, 22
core   0: 3 0x800012c4 (0x8259) x12 0x00000000
core   0: 0x800012c6 (0xfb854ae3) blt     a0, s8, pc - 76
core   0: 3 0x800012c6 (0xfb854ae3)
core   0: 0x800012ca (0x00000001) c.nop
core   0: 3 0x800012ca (0x0001)
core   0: 0x800012cc (0x00200613) li      a2, 2
core   0: 3 0x800012cc (0x00200613) x12 0x00000002
core   0: 0x800012d0 (0x02dad3b3) divu    t2, s5, a3
core   0: 3 0x800012d0 (0x02dad3b3) x 7 0x00000000
core   0: 0x800012d4 (0x00008851) c.andi  s0, 20
core   0: 3 0x800012d4 (0x8851) x 8 0x00000000
core   0: 0x800012d6 (0x00500693) li      a3, 5
core   0: 3 0x800012d6 (0x00500693) x13 0x00000005
core   0: 0x800012da (0x004af333) and     t1, s5, tp
core   0: 3 0x800012da (0x004af333) x 6 0x00000000
core   0: 0x800012de (0xf1fe6e13) ori     t3, t3, -225
core   0: 3 0x800012de (0xf1fe6e13) x28 0xffffff1f
core   0: 0x800012e2 (0x41fb8b33) sub     s6, s7, t6
core   0: 3 0x800012e2 (0x41fb8b33) x22 0x80021e58
core   0: 0x800012e6 (0x0000060d) c.addi  a2, 3
core   0: 3 0x800012e6 (0x060d) x12 0x00000005
core   0: 0x800012e8 (0x01189433) sll     s0, a7, a7
core   0: 3 0x800012e8 (0x01189433) x 8 0x00000000
core   0: 0x800012ec (0x00000988) c.addi4spn a0, sp, 208
core   0: 3 0x800012ec (0x0988) x10 0x000000d6
core   0: 0x800012ee (0x00008c15) c.sub   s0, a3
core   0: 3 0x800012ee (0x8c15) x 8 0xfffffffb
core   0: 0x800012f0 (0xfed619e3) bne     a2, a3, pc - 14
core   0: 3 0x800012f0 (0xfed619e3)
core   0: 0x800012f4 (0x024ff8b3) remu    a7, t6, tp
core   0: 3 0x800012f4 (0x024ff8b3) x17 0x0000000c
core   0: 0x800012f8 (0xffc00613) li      a2, -4
core   0: 3 0x800012f8 (0xffc00613) x12 0xfffffffc
core   0: 0x800012fc (0x0138cf33) xor     t5, a7, s3
core   0: 3 0x800012fc (0x0138cf33) x30 0x0000000c
core   0: 0x80001300 (0x0000958e) c.add   a1, gp
core   0: 3 0x80001300 (0x958e) x11 0x00000560
core   0: 0x80001302 (0x00900193) li      gp, 9
core   0: 3 0x80001302 (0x00900193) x 3 0x00000009
core   0: 0x80001306 (0xfdf4f517) auipc   a0, 0xfdf4f
core   0: 3 0x80001306 (0xfdf4f517) x10 0x7df50306
core   0: 0x8000130a (0xe43343b7) lui     t2, 0xe4334
core   0: 3 0x8000130a (0xe43343b7) x 7 0xe4334000
core   0: 0x8000130e (0x00000609) c.addi  a2, 2
core   0: 3 0x8000130e (0x0609) x12 0xfffffffe
core   0: 0x80001310 (0xfff00d13) li      s10, -1
core   0: 3 0x80001310 (0xfff00d13) x26 0xffffffff
core   0: 0x80001314 (0xff500f93) li      t6, -11
core   0: 3 0x80001314 (0xff500f93) x31 0xfffffff5
core   0: 0x80001318 (0x000081dd) c.srli  a1, 23
core   0: 3 0x80001318 (0x81dd) x11 0x00000000
core   0: 0x8000131a (0x01788ab3) add     s5, a7, s7
core   0: 3 0x8000131a (0x01788ab3) x21 0x80021e70
core   0: 0x8000131e (0x00001d6d) c.addi  s10, -5
core   0: 3 0x8000131e (0x1d6d) x26 0xfffffffa
core   0: 0x80001320 (0x0ff0000f) fence   iorw,iorw
core   0: 3 0x80001320 (0x0ff0000f)
core   0: 0x80001324 (0x0393c133) div     sp, t2, s9
core   0: 3 0x80001324 (0x0393c133) x 2 0xfff97579
core   0: 0x80001328 (0xfffd59e3) bge     s10, t6, pc - 14
core   0: 3 0x80001328 (0xfffd59e3)
core   0: 0x8000131a (0x01788ab3) add     s5, a7, s7
core   0: 3 0x8000131a (0x01788ab3) x21 0x80021e70
core   0: 0x8000131e (0x00001d6d) c.addi  s10, -5
core   0: 3 0x8000131e (0x1d6d) x26 0xfffffff5
core   0: 0x80001320 (0x0ff0000f) fence   iorw,iorw
core   0: 3 0x80001320 (0x0ff0000f)
core   0: 0x80001324 (0x0393c133) div     sp, t2, s9
core   0: 3 0x80001324 (0x0393c133) x 2 0xfff97579
core   0: 0x80001328 (0xfffd59e3) bge     s10, t6, pc - 14
core   0: 3 0x80001328 (0xfffd59e3)
core   0: 0x8000131a (0x01788ab3) add     s5, a7, s7
core   0: 3 0x8000131a (0x01788ab3) x21 0x80021e70
core   0: 0x8000131e (0x00001d6d) c.addi  s10, -5
core   0: 3 0x8000131e (0x1d6d) x26 0xfffffff0
core   0: 0x80001320 (0x0ff0000f) fence   iorw,iorw
core   0: 3 0x80001320 (0x0ff0000f)
core   0: 0x80001324 (0x0393c133) div     sp, t2, s9
core   0: 3 0x80001324 (0x0393c133) x 2 0xfff97579
core   0: 0x80001328 (0xfffd59e3) bge     s10, t6, pc - 14
core   0: 3 0x80001328 (0xfffd59e3)
core   0: 0x8000132c (0xfc366de3) bltu    a2, gp, pc - 38
core   0: 3 0x8000132c (0xfc366de3)
core   0: 0x80001330 (0x00008029) c.srli  s0, 10
core   0: 3 0x80001330 (0x8029) x 8 0x003fffff
core   0: 0x80001332 (0x00700d13) li      s10, 7
core   0: 3 0x80001332 (0x00700d13) x26 0x00000007
core   0: 0x80001336 (0x00700693) li      a3, 7
core   0: 3 0x80001336 (0x00700693) x13 0x00000007
core   0: 0x8000133a (0x027d1cb3) mulh    s9, s10, t2
core   0: 3 0x8000133a (0x027d1cb3) x25 0xffffffff
core   0: 0x8000133e (0x00008db9) c.xor   a1, a4
core   0: 3 0x8000133e (0x8db9) x11 0x0000001c
core   0: 0x80001340 (0x00001d75) c.addi  s10, -3
core   0: 3 0x80001340 (0x1d75) x26 0x00000004
core   0: 0x80001342 (0x00402833) slt     a6, zero, tp
core   0: 3 0x80001342 (0x00402833) x16 0x00000001
core   0: 0x80001346 (0xff800413) li      s0, -8
core   0: 3 0x80001346 (0xff800413) x 8 0xfffffff8
core   0: 0x8000134a (0x00009b7d) c.andi  a4, -1
core   0: 3 0x8000134a (0x9b7d) x14 0x0000001c
core   0: 0x8000134c (0x0004b233) sltu    tp, s1, zero
core   0: 3 0x8000134c (0x0004b233) x 4 0x00000000
core   0: 0x80001350 (0x00000001) c.nop
core   0: 3 0x80001350 (0x0001)
core   0: 0x80001352 (0x00000001) c.nop
core   0: 3 0x80001352 (0x0001)
core   0: 0x80001354 (0x024e69b3) rem     s3, t3, tp
core   0: 3 0x80001354 (0x024e69b3) x19 0xffffff1f
core   0: 0x80001358 (0x00000411) c.addi  s0, 4
core   0: 3 0x80001358 (0x0411) x 8 0xfffffffc
core   0: 0x8000135a (0x0000fc6d) c.bnez  s0, pc - 6
core   0: 3 0x8000135a (0xfc6d)
core   0: 0x80001354 (0x024e69b3) rem     s3, t3, tp
core   0: 3 0x80001354 (0x024e69b3) x19 0xffffff1f
core   0: 0x80001358 (0x00000411) c.addi  s0, 4
core   0: 3 0x80001358 (0x0411) x 8 0x00000000
core   0: 0x8000135a (0x0000fc6d) c.bnez  s0, pc - 6
core   0: 3 0x8000135a (0xfc6d)
core   0: 0x8000135c (0x010900b3) add     ra, s2, a6
core   0: 3 0x8000135c (0x010900b3) x 1 0x00000001
core   0: 0x80001360 (0xfcdd5fe3) bge     s10, a3, pc - 34
core   0: 3 0x80001360 (0xfcdd5fe3)
core   0: 0x80001364 (0x00000001) c.nop
core   0: 3 0x80001364 (0x0001)
core   0: 0x80001366 (0xff800c13) li      s8, -8
core   0: 3 0x80001366 (0xff800c13) x24 0xfffffff8
core   0: 0x8000136a (0x0000717d) c.addi16sp sp, -16
core   0: 3 0x8000136a (0x717d) x 2 0xfff97569
core   0: 0x8000136c (0x00d00f93) li      t6, 13
core   0: 3 0x8000136c (0x00d00f93) x31 0x0000000d
core   0: 0x80001370 (0x008cfd97) auipc   s11, 0x8cf
core   0: 3 0x80001370 (0x008cfd97) x27 0x808d0370
core   0: 0x80001374 (0x00000c0d) c.addi  s8, 3
core   0: 3 0x80001374 (0x0c0d) x24 0xfffffffb
core   0: 0x80001376 (0xba8cfe13) andi    t3, s9, -1112
core   0: 3 0x80001376 (0xba8cfe13) x28 0xfffffba8
core   0: 0x8000137a (0xfffc0be3) beq     s8, t6, pc - 10
core   0: 3 0x8000137a (0xfffc0be3)
core   0: 0x8000137e (0x039ae2b3) rem     t0, s5, s9
core   0: 3 0x8000137e (0x039ae2b3) x 5 0x00000000
core   0: 0x80001382 (0x00a00c13) li      s8, 10
core   0: 3 0x80001382 (0x00a00c13) x24 0x0000000a
core   0: 0x80001386 (0x0239a933) mulhsu  s2, s3, gp
core   0: 3 0x80001386 (0x0239a933) x18 0xffffffff
core   0: 0x8000138a (0x03860d33) mul     s10, a2, s8
core   0: 3 0x8000138a (0x03860d33) x26 0xffffffec
core   0: 0x8000138e (0xee100c93) li      s9, -287
core   0: 3 0x8000138e (0xee100c93) x25 0xfffffee1
core   0: 0x80001392 (0x00a00a93) li      s5, 10
core   0: 3 0x80001392 (0x00a00a93) x21 0x0000000a
core   0: 0x80001396 (0x9c4e6a13) ori     s4, t3, -1596
core   0: 3 0x80001396 (0x9c4e6a13) x20 0xfffffbec
core   0: 0x8000139a (0x0000818d) c.srli  a1, 3
core   0: 3 0x8000139a (0x818d) x11 0x00000003
core   0: 0x8000139c (0xc154a913) slti    s2, s1, -1003
core   0: 3 0x8000139c (0xc154a913) x18 0x00000001
core   0: 0x800013a0 (0x00001c79) c.addi  s8, -2
core   0: 3 0x800013a0 (0x1c79) x24 0x00000008
core   0: 0x800013a2 (0x00500693) li      a3, 5
core   0: 3 0x800013a2 (0x00500693) x13 0x00000005
core   0: 0x800013a6 (0x01acfb33) and     s6, s9, s10
core   0: 3 0x800013a6 (0x01acfb33) x22 0xfffffee0
core   0: 0x800013aa (0x0000955e) c.add   a0, s7
core   0: 3 0x800013aa (0x955e) x10 0xfdf7216a
core   0: 0x800013ac (0x00000001) c.nop
core   0: 3 0x800013ac (0x0001)
core   0: 0x800013ae (0x40935393) srai    t2, t1, 9
core   0: 3 0x800013ae (0x40935393) x 7 0x00000000
core   0: 0x800013b2 (0x0355ea33) rem     s4, a1, s5
core   0: 3 0x800013b2 (0x0355ea33) x20 0x00000003
core   0: 0x800013b6 (0x0372d0b3) divu    ra, t0, s7
core   0: 3 0x800013b6 (0x0372d0b3) x 1 0x00000000
core   0: 0x800013ba (0x00cd0eb3) add     t4, s10, a2
core   0: 3 0x800013ba (0x00cd0eb3) x29 0xffffffea
core   0: 0x800013be (0x000085e9) c.srai  a1, 26
core   0: 3 0x800013be (0x85e9) x11 0x00000000
core   0: 0x800013c0 (0x000016fd) c.addi  a3, -1
core   0: 3 0x800013c0 (0x16fd) x13 0x00000004
core   0: 0x800013c2 (0x0000daf5) c.beqz  a3, pc - 12
core   0: 3 0x800013c2 (0xdaf5)
core   0: 0x800013c4 (0x01c79713) slli    a4, a5, 28
core   0: 3 0x800013c4 (0x01c79713) x14 0x00000000
core   0: 0x800013c8 (0x01bce433) or      s0, s9, s11
core   0: 3 0x800013c8 (0x01bce433) x 8 0xfffffff1
core   0: 0x800013cc (0x993b6c93) ori     s9, s6, -1645
core   0: 3 0x800013cc (0x993b6c93) x25 0xfffffff3
core   0: 0x800013d0 (0xfd5c73e3) bgeu    s8, s5, pc - 58
core   0: 3 0x800013d0 (0xfd5c73e3)
core   0: 0x800013d4 (0x412b5913) srai    s2, s6, 18
core   0: 3 0x800013d4 (0x412b5913) x18 0xffffffff
core   0: 0x800013d8 (0xffe00393) li      t2, -2
core   0: 3 0x800013d8 (0xffe00393) x 7 0xfffffffe
core   0: 0x800013dc (0x0000157d) c.addi  a0, -1
core   0: 3 0x800013dc (0x157d) x10 0xfdf72169
core   0: 0x800013de (0x00008e99) c.sub   a3, a4
core   0: 3 0x800013de (0x8e99) x13 0x00000004
core   0: 0x800013e0 (0x00008db9) c.xor   a1, a4
core   0: 3 0x800013e0 (0x8db9) x11 0x00000000
core   0: 0x800013e2 (0x0173e333) or      t1, t2, s7
core   0: 3 0x800013e2 (0x0173e333) x 6 0xfffffffe
core   0: 0x800013e6 (0x0000813e) c.mv    sp, a5
core   0: 3 0x800013e6 (0x813e) x 2 0x80000000
core   0: 0x800013e8 (0xc97e0d13) addi    s10, t3, -873
core   0: 3 0x800013e8 (0xc97e0d13) x26 0xfffff83f
core   0: 0x800013ec (0x000010fd) c.addi  ra, -1
core   0: 3 0x800013ec (0x10fd) x 1 0xffffffff
core   0: 0x800013ee (0x0ff0000f) fence   iorw,iorw
core   0: 3 0x800013ee (0x0ff0000f)
core   0: 0x800013f2 (0x00008435) c.srai  s0, 13
core   0: 3 0x800013f2 (0x8435) x 8 0xffffffff
core   0: 0x800013f4 (0x000081cd) c.srli  a1, 19
core   0: 3 0x800013f4 (0x81cd) x11 0x00000000
core   0: 0x800013f6 (0x03473f33) mulhu   t5, a4, s4
core   0: 3 0x800013f6 (0x03473f33) x30 0x00000000
core   0: 0x800013fa (0x000050fd) c.li    ra, -1
core   0: 3 0x800013fa (0x50fd) x 1 0xffffffff
core   0: 0x800013fc (0xdb0a7913) andi    s2, s4, -592
core   0: 3 0x800013fc (0xdb0a7913) x18 0x00000000
core   0: 0x80001400 (0x00255613) srli    a2, a0, 2
core   0: 3 0x80001400 (0x00255613) x12 0x3f7dc85a
core   0: 0x80001404 (0x697e2e37) lui     t3, 0x697e2
core   0: 3 0x80001404 (0x697e2e37) x28 0x697e2000
core   0: 0x80001408 (0x01bbcb33) xor     s6, s7, s11
core   0: 3 0x80001408 (0x01bbcb33) x22 0x008f1d14
core   0: 0x8000140c (0x00a00c93) li      s9, 10
core   0: 3 0x8000140c (0x00a00c93) x25 0x0000000a
core   0: 0x80001410 (0x01e58333) add     t1, a1, t5
core   0: 3 0x80001410 (0x01e58333) x 6 0x00000000
core   0: 0x80001414 (0x00000001) c.nop
core   0: 3 0x80001414 (0x0001)
core   0: 0x80001416 (0x013cff33) and     t5, s9, s3
core   0: 3 0x80001416 (0x013cff33) x30 0x0000000a
core   0: 0x8000141a (0x03006333) rem     t1, zero, a6
core   0: 3 0x8000141a (0x03006333) x 6 0x00000000
core   0: 0x8000141e (0x0158dd93) srli    s11, a7, 21
core   0: 3 0x8000141e (0x0158dd93) x27 0x00000000
core   0: 0x80001422 (0x00242833) slt     a6, s0, sp
core   0: 3 0x80001422 (0x00242833) x16 0x00000000
core   0: 0x80001426 (0x00000385) c.addi  t2, 1
core   0: 3 0x80001426 (0x0385) x 7 0xffffffff
core   0: 0x80001428 (0x00df0b33) add     s6, t5, a3
core   0: 3 0x80001428 (0x00df0b33) x22 0x0000000e
core   0: 0x8000142c (0x00009532) c.add   a0, a2
core   0: 3 0x8000142c (0x9532) x10 0x3d74e9c3
core   0: 0x8000142e (0x032750b3) divu    ra, a4, s2
core   0: 3 0x8000142e (0x032750b3) x 1 0xffffffff
core   0: 0x80001432 (0xff9382e3) beq     t2, s9, pc - 28
core   0: 3 0x80001432 (0xff9382e3)
core   0: 0x80001436 (0x02a3ab33) mulhsu  s6, t2, a0
core   0: 3 0x80001436 (0x02a3ab33) x22 0xffffffff
core   0: 0x8000143a (0xffc00413) li      s0, -4
core   0: 3 0x8000143a (0xffc00413) x 8 0xfffffffc
core   0: 0x8000143e (0x01300713) li      a4, 19
core   0: 3 0x8000143e (0x01300713) x14 0x00000013
core   0: 0x80001442 (0x02ae9133) mulh    sp, t4, a0
core   0: 3 0x80001442 (0x02ae9133) x 2 0xfffffffa
core   0: 0x80001446 (0x4041d293) srai    t0, gp, 4
core   0: 3 0x80001446 (0x4041d293) x 5 0x00000000
core   0: 0x8000144a (0x00000405) c.addi  s0, 1
core   0: 3 0x8000144a (0x0405) x 8 0xfffffffd
core   0: 0x8000144c (0x3c224093) xori    ra, tp, 962
core   0: 3 0x8000144c (0x3c224093) x 1 0x000003c2
core   0: 0x80001450 (0x00a00513) li      a0, 10
core   0: 3 0x80001450 (0x00a00513) x10 0x0000000a
core   0: 0x80001454 (0x03878f33) mul     t5, a5, s8
core   0: 3 0x80001454 (0x03878f33) x30 0x00000000
core   0: 0x80001458 (0x00001110) c.addi4spn a2, sp, 160
core   0: 3 0x80001458 (0x1110) x12 0x0000009a
core   0: 0x8000145a (0x00008219) c.srli  a2, 6
core   0: 3 0x8000145a (0x8219) x12 0x00000002
core   0: 0x8000145c (0x0000616d) c.addi16sp sp, 240
core   0: 3 0x8000145c (0x616d) x 2 0x000000ea
core   0: 0x8000145e (0x38856013) ori     zero, a0, 904
core   0: 3 0x8000145e (0x38856013)
core   0: 0x80001462 (0x00008df5) c.and   a1, a3
core   0: 3 0x80001462 (0x8df5) x11 0x00000000
core   0: 0x80001464 (0x00008e01) c.sub   a2, s0
core   0: 3 0x80001464 (0x8e01) x12 0x00000005
core   0: 0x80001466 (0x00700693) li      a3, 7
core   0: 3 0x80001466 (0x00700693) x13 0x00000007
core   0: 0x8000146a (0x2f164593) xori    a1, a2, 753
core   0: 3 0x8000146a (0x2f164593) x11 0x000002f4
core   0: 0x8000146e (0x00c8c5b3) xor     a1, a7, a2
core   0: 3 0x8000146e (0x00c8c5b3) x11 0x00000009
core   0: 0x80001472 (0x02145033) divu    zero, s0, ra
core   0: 3 0x80001472 (0x02145033)
core   0: 0x80001476 (0x002bab33) slt     s6, s7, sp
core   0: 3 0x80001476 (0x002bab33) x22 0x00000001
core   0: 0x8000147a (0x00729113) slli    sp, t0, 7
core   0: 3 0x8000147a (0x00729113) x 2 0x00000000
core   0: 0x8000147e (0x033c8e33) mul     t3, s9, s3
core   0: 3 0x8000147e (0x033c8e33) x28 0xfffff736
core   0: 0x80001482 (0x00001571) c.addi  a0, -4
core   0: 3 0x80001482 (0x1571) x10 0x00000006
core   0: 0x80001484 (0xfed573e3) bgeu    a0, a3, pc - 26
core   0: 3 0x80001484 (0xfed573e3)
core   0: 0x80001488 (0x0000661d) c.lui   a2, 0x7
core   0: 3 0x80001488 (0x661d) x12 0x00007000
core   0: 0x8000148a (0x70d2e3b7) lui     t2, 0x70d2e
core   0: 3 0x8000148a (0x70d2e3b7) x 7 0x70d2e000
core   0: 0x8000148e (0x01f2a633) slt     a2, t0, t6
core   0: 3 0x8000148e (0x01f2a633) x12 0x00000001
core   0: 0x80001492 (0xfae408e3) beq     s0, a4, pc - 80
core   0: 3 0x80001492 (0xfae408e3)
core   0: 0x80001496 (0x41225c93) srai    s9, tp, 18
core   0: 3 0x80001496 (0x41225c93) x25 0x00000000
core   0: 0x8000149a (0xff800613) li      a2, -8
core   0: 3 0x8000149a (0xff800613) x12 0xfffffff8
core   0: 0x8000149e (0x00c34eb3) xor     t4, t1, a2
core   0: 3 0x8000149e (0x00c34eb3) x29 0xfffffff8
core   0: 0x800014a2 (0x41788fb3) sub     t6, a7, s7
core   0: 3 0x800014a2 (0x41788fb3) x31 0x7ffde1a8
core   0: 0x800014a6 (0x407ed393) srai    t2, t4, 7
core   0: 3 0x800014a6 (0x407ed393) x 7 0xffffffff
core   0: 0x800014aa (0xd8d2f193) andi    gp, t0, -627
core   0: 3 0x800014aa (0xd8d2f193) x 3 0x00000000
core   0: 0x800014ae (0xb8ed7a93) andi    s5, s10, -1138
core   0: 3 0x800014ae (0xb8ed7a93) x21 0xfffff80e
core   0: 0x800014b2 (0x00008f55) c.or    a4, a3
core   0: 3 0x800014b2 (0x8f55) x14 0x00000017
core   0: 0x800014b4 (0x036dd6b3) divu    a3, s11, s6
core   0: 3 0x800014b4 (0x036dd6b3) x13 0x00000000
core   0: 0x800014b8 (0x039d20b3) mulhsu  ra, s10, s9
core   0: 3 0x800014b8 (0x039d20b3) x 1 0x00000000
core   0: 0x800014bc (0x51f68fb7) lui     t6, 0x51f68
core   0: 3 0x800014bc (0x51f68fb7) x31 0x51f68000
core   0: 0x800014c0 (0x00000001) c.nop
core   0: 3 0x800014c0 (0x0001)
core   0: 0x800014c2 (0x02a1f5b3) remu    a1, gp, a0
core   0: 3 0x800014c2 (0x02a1f5b3) x11 0x00000000
core   0: 0x800014c6 (0x00000994) c.addi4spn a3, sp, 208
core   0: 3 0x800014c6 (0x0994) x13 0x000000d0
core   0: 0x800014c8 (0x00c092b3) sll     t0, ra, a2
core   0: 3 0x800014c8 (0x00c092b3) x 5 0x00000000
core   0: 0x800014cc (0x40875093) srai    ra, a4, 8
core   0: 3 0x800014cc (0x40875093) x 1 0x00000000
core   0: 0x800014d0 (0x0000100f) fence.i
core   0: 3 0x800014d0 (0x0000100f)
core   0: 0x800014d4 (0x2a228113) addi    sp, t0, 674
core   0: 3 0x800014d4 (0x2a228113) x 2 0x000002a2
core   0: 0x800014d8 (0x8c7b8417) auipc   s0, 0x8c7b8
core   0: 3 0x800014d8 (0x8c7b8417) x 8 0x0c7b94d8
core   0: 0x800014dc (0x00000605) c.addi  a2, 1
core   0: 3 0x800014dc (0x0605) x12 0xfffffff9
core   0: 0x800014de (0x000089d5) c.andi  a1, 21
core   0: 3 0x800014de (0x89d5) x11 0x00000000
core   0: 0x800014e0 (0x00200513) li      a0, 2
core   0: 3 0x800014e0 (0x00200513) x10 0x00000002
core   0: 0x800014e4 (0x02ddbcb3) mulhu   s9, s11, a3
core   0: 3 0x800014e4 (0x02ddbcb3) x25 0x00000000
core   0: 0x800014e8 (0x01154f33) xor     t5, a0, a7
core   0: 3 0x800014e8 (0x01154f33) x30 0x0000000e
core   0: 0x800014ec (0xfee00913) li      s2, -18
core   0: 3 0x800014ec (0xfee00913) x18 0xffffffee
core   0: 0x800014f0 (0x00009412) c.add   s0, tp
core   0: 3 0x800014f0 (0x9412) x 8 0x0c7b94d8
core   0: 0x800014f2 (0x01af66b3) or      a3, t5, s10
core   0: 3 0x800014f2 (0x01af66b3) x13 0xfffff83f
core   0: 0x800014f6 (0x00001559) c.addi  a0, -10
core   0: 3 0x800014f6 (0x1559) x10 0xfffffff8
core   0: 0x800014f8 (0x01696fb3) or      t6, s2, s6
core   0: 3 0x800014f8 (0x01696fb3) x31 0xffffffef
core   0: 0x800014fc (0x03086833) rem     a6, a6, a6
core   0: 3 0x800014fc (0x03086833) x16 0x00000000
core   0: 0x80001500 (0xff2519e3) bne     a0, s2, pc - 14
core   0: 3 0x80001500 (0xff2519e3)
core   0: 0x800014f2 (0x01af66b3) or      a3, t5, s10
core   0: 3 0x800014f2 (0x01af66b3) x13 0xfffff83f
core   0: 0x800014f6 (0x00001559) c.addi  a0, -10
core   0: 3 0x800014f6 (0x1559) x10 0xffffffee
core   0: 0x800014f8 (0x01696fb3) or      t6, s2, s6
core   0: 3 0x800014f8 (0x01696fb3) x31 0xffffffef
core   0: 0x800014fc (0x03086833) rem     a6, a6, a6
core   0: 3 0x800014fc (0x03086833) x16 0x00000000
core   0: 0x80001500 (0xff2519e3) bne     a0, s2, pc - 14
core   0: 3 0x80001500 (0xff2519e3)
core   0: 0x80001504 (0x015259b3) srl     s3, tp, s5
core   0: 3 0x80001504 (0x015259b3) x19 0x00000000
core   0: 0x80001508 (0x00008ac5) c.andi  a3, 17
core   0: 3 0x80001508 (0x8ac5) x13 0x00000011
core   0: 0x8000150a (0x0000de55) c.beqz  a2, pc - 68
core   0: 3 0x8000150a (0xde55)
core   0: 0x8000150c (0x027d2eb3) mulhsu  t4, s10, t2
core   0: 3 0x8000150c (0x027d2eb3) x29 0xfffff83f
core   0: 0x80001510 (0xff600413) li      s0, -10
core   0: 3 0x80001510 (0xff600413) x 8 0xfffffff6
core   0: 0x80001514 (0x0000610d) c.addi16sp sp, 160
core   0: 3 0x80001514 (0x610d) x 2 0x00000342
core   0: 0x80001516 (0x00839a13) slli    s4, t2, 8
core   0: 3 0x80001516 (0x00839a13) x20 0xffffff00
core   0: 0x8000151a (0x00cebd33) sltu    s10, t4, a2
core   0: 3 0x8000151a (0x00cebd33) x26 0x00000001
core   0: 0x8000151e (0x404adc33) sra     s8, s5, tp
core   0: 3 0x8000151e (0x404adc33) x24 0xfffff80e
core   0: 0x80001522 (0x00000001) c.nop
core   0: 3 0x80001522 (0x0001)
core   0: 0x80001524 (0x033cc5b3) div     a1, s9, s3
core   0: 3 0x80001524 (0x033cc5b3) x11 0xffffffff
core   0: 0x80001528 (0x018d4ab3) xor     s5, s10, s8
core   0: 3 0x80001528 (0x018d4ab3) x21 0xfffff80f
core   0: 0x8000152c (0x00001a98) c.addi4spn a4, sp, 368
core   0: 3 0x8000152c (0x1a98) x14 0x000004b2
core   0: 0x8000152e (0x00008379) c.srli  a4, 30
core   0: 3 0x8000152e (0x8379) x14 0x00000000
core   0: 0x80001530 (0x01e0e833) or      a6, ra, t5
core   0: 3 0x80001530 (0x01e0e833) x16 0x0000000e
core   0: 0x80001534 (0x13b18617) auipc   a2, 0x13b18
core   0: 3 0x80001534 (0x13b18617) x12 0x93b19534
core   0: 0x80001538 (0x00000405) c.addi  s0, 1
core   0: 3 0x80001538 (0x0405) x 8 0xfffffff7
core   0: 0x8000153a (0x00211833) sll     a6, sp, sp
core   0: 3 0x8000153a (0x00211833) x16 0x00000d08
core   0: 0x8000153e (0x000091ce) c.add   gp, s3
core   0: 3 0x8000153e (0x91ce) x 3 0x00000000
core   0: 0x80001540 (0x0000f475) c.bnez  s0, pc - 20
core   0: 3 0x80001540 (0xf475)
core   0: 0x8000152c (0x00001a98) c.addi4spn a4, sp, 368
core   0: 3 0x8000152c (0x1a98) x14 0x000004b2
core   0: 0x8000152e (0x00008379) c.srli  a4, 30
core   0: 3 0x8000152e (0x8379) x14 0x00000000
core   0: 0x80001530 (0x01e0e833) or      a6, ra, t5
core   0: 3 0x80001530 (0x01e0e833) x16 0x0000000e
core   0: 0x80001534 (0x13b18617) auipc   a2, 0x13b18
core   0: 3 0x80001534 (0x13b18617) x12 0x93b19534
core   0: 0x80001538 (0x00000405) c.addi  s0, 1
core   0: 3 0x80001538 (0x0405) x 8 0xfffffff8
core   0: 0x8000153a (0x00211833) sll     a6, sp, sp
core   0: 3 0x8000153a (0x00211833) x16 0x00000d08
core   0: 0x8000153e (0x000091ce) c.add   gp, s3
core   0: 3 0x8000153e (0x91ce) x 3 0x00000000
core   0: 0x80001540 (0x0000f475) c.bnez  s0, pc - 20
core   0: 3 0x80001540 (0xf475)
core   0: 0x8000152c (0x00001a98) c.addi4spn a4, sp, 368
core   0: 3 0x8000152c (0x1a98) x14 0x000004b2
core   0: 0x8000152e (0x00008379) c.srli  a4, 30
core   0: 3 0x8000152e (0x8379) x14 0x00000000
core   0: 0x80001530 (0x01e0e833) or      a6, ra, t5
core   0: 3 0x80001530 (0x01e0e833) x16 0x0000000e
core   0: 0x80001534 (0x13b18617) auipc   a2, 0x13b18
core   0: 3 0x80001534 (0x13b18617) x12 0x93b19534
core   0: 0x80001538 (0x00000405) c.addi  s0, 1
core   0: 3 0x80001538 (0x0405) x 8 0xfffffff9
core   0: 0x8000153a (0x00211833) sll     a6, sp, sp
core   0: 3 0x8000153a (0x00211833) x16 0x00000d08
core   0: 0x8000153e (0x000091ce) c.add   gp, s3
core   0: 3 0x8000153e (0x91ce) x 3 0x00000000
core   0: 0x80001540 (0x0000f475) c.bnez  s0, pc - 20
core   0: 3 0x80001540 (0xf475)
core   0: 0x8000152c (0x00001a98) c.addi4spn a4, sp, 368
core   0: 3 0x8000152c (0x1a98) x14 0x000004b2
core   0: 0x8000152e (0x00008379) c.srli  a4, 30
core   0: 3 0x8000152e (0x8379) x14 0x00000000
core   0: 0x80001530 (0x01e0e833) or      a6, ra, t5
core   0: 3 0x80001530 (0x01e0e833) x16 0x0000000e
core   0: 0x80001534 (0x13b18617) auipc   a2, 0x13b18
core   0: 3 0x80001534 (0x13b18617) x12 0x93b19534
core   0: 0x80001538 (0x00000405) c.addi  s0, 1
core   0: 3 0x80001538 (0x0405) x 8 0xfffffffa
core   0: 0x8000153a (0x00211833) sll     a6, sp, sp
core   0: 3 0x8000153a (0x00211833) x16 0x00000d08
core   0: 0x8000153e (0x000091ce) c.add   gp, s3
core   0: 3 0x8000153e (0x91ce) x 3 0x00000000
core   0: 0x80001540 (0x0000f475) c.bnez  s0, pc - 20
core   0: 3 0x80001540 (0xf475)
core   0: 0x8000152c (0x00001a98) c.addi4spn a4, sp, 368
core   0: 3 0x8000152c (0x1a98) x14 0x000004b2
core   0: 0x8000152e (0x00008379) c.srli  a4, 30
core   0: 3 0x8000152e (0x8379) x14 0x00000000
core   0: 0x80001530 (0x01e0e833) or      a6, ra, t5
core   0: 3 0x80001530 (0x01e0e833) x16 0x0000000e
core   0: 0x80001534 (0x13b18617) auipc   a2, 0x13b18
core   0: 3 0x80001534 (0x13b18617) x12 0x93b19534
core   0: 0x80001538 (0x00000405) c.addi  s0, 1
core   0: 3 0x80001538 (0x0405) x 8 0xfffffffb
core   0: 0x8000153a (0x00211833) sll     a6, sp, sp
core   0: 3 0x8000153a (0x00211833) x16 0x00000d08
core   0: 0x8000153e (0x000091ce) c.add   gp, s3
core   0: 3 0x8000153e (0x91ce) x 3 0x00000000
core   0: 0x80001540 (0x0000f475) c.bnez  s0, pc - 20
core   0: 3 0x80001540 (0xf475)
core   0: 0x8000152c (0x00001a98) c.addi4spn a4, sp, 368
core   0: 3 0x8000152c (0x1a98) x14 0x000004b2
core   0: 0x8000152e (0x00008379) c.srli  a4, 30
core   0: 3 0x8000152e (0x8379) x14 0x00000000
core   0: 0x80001530 (0x01e0e833) or      a6, ra, t5
core   0: 3 0x80001530 (0x01e0e833) x16 0x0000000e
core   0: 0x80001534 (0x13b18617) auipc   a2, 0x13b18
core   0: 3 0x80001534 (0x13b18617) x12 0x93b19534
core   0: 0x80001538 (0x00000405) c.addi  s0, 1
core   0: 3 0x80001538 (0x0405) x 8 0xfffffffc
core   0: 0x8000153a (0x00211833) sll     a6, sp, sp
core   0: 3 0x8000153a (0x00211833) x16 0x00000d08
core   0: 0x8000153e (0x000091ce) c.add   gp, s3
core   0: 3 0x8000153e (0x91ce) x 3 0x00000000
core   0: 0x80001540 (0x0000f475) c.bnez  s0, pc - 20
core   0: 3 0x80001540 (0xf475)
core   0: 0x8000152c (0x00001a98) c.addi4spn a4, sp, 368
core   0: 3 0x8000152c (0x1a98) x14 0x000004b2
core   0: 0x8000152e (0x00008379) c.srli  a4, 30
core   0: 3 0x8000152e (0x8379) x14 0x00000000
core   0: 0x80001530 (0x01e0e833) or      a6, ra, t5
core   0: 3 0x80001530 (0x01e0e833) x16 0x0000000e
core   0: 0x80001534 (0x13b18617) auipc   a2, 0x13b18
core   0: 3 0x80001534 (0x13b18617) x12 0x93b19534
core   0: 0x80001538 (0x00000405) c.addi  s0, 1
core   0: 3 0x80001538 (0x0405) x 8 0xfffffffd
core   0: 0x8000153a (0x00211833) sll     a6, sp, sp
core   0: 3 0x8000153a (0x00211833) x16 0x00000d08
core   0: 0x8000153e (0x000091ce) c.add   gp, s3
core   0: 3 0x8000153e (0x91ce) x 3 0x00000000
core   0: 0x80001540 (0x0000f475) c.bnez  s0, pc - 20
core   0: 3 0x80001540 (0xf475)
core   0: 0x8000152c (0x00001a98) c.addi4spn a4, sp, 368
core   0: 3 0x8000152c (0x1a98) x14 0x000004b2
core   0: 0x8000152e (0x00008379) c.srli  a4, 30
core   0: 3 0x8000152e (0x8379) x14 0x00000000
core   0: 0x80001530 (0x01e0e833) or      a6, ra, t5
core   0: 3 0x80001530 (0x01e0e833) x16 0x0000000e
core   0: 0x80001534 (0x13b18617) auipc   a2, 0x13b18
core   0: 3 0x80001534 (0x13b18617) x12 0x93b19534
core   0: 0x80001538 (0x00000405) c.addi  s0, 1
core   0: 3 0x80001538 (0x0405) x 8 0xfffffffe
core   0: 0x8000153a (0x00211833) sll     a6, sp, sp
core   0: 3 0x8000153a (0x00211833) x16 0x00000d08
core   0: 0x8000153e (0x000091ce) c.add   gp, s3
core   0: 3 0x8000153e (0x91ce) x 3 0x00000000
core   0: 0x80001540 (0x0000f475) c.bnez  s0, pc - 20
core   0: 3 0x80001540 (0xf475)
core   0: 0x8000152c (0x00001a98) c.addi4spn a4, sp, 368
core   0: 3 0x8000152c (0x1a98) x14 0x000004b2
core   0: 0x8000152e (0x00008379) c.srli  a4, 30
core   0: 3 0x8000152e (0x8379) x14 0x00000000
core   0: 0x80001530 (0x01e0e833) or      a6, ra, t5
core   0: 3 0x80001530 (0x01e0e833) x16 0x0000000e
core   0: 0x80001534 (0x13b18617) auipc   a2, 0x13b18
core   0: 3 0x80001534 (0x13b18617) x12 0x93b19534
core   0: 0x80001538 (0x00000405) c.addi  s0, 1
core   0: 3 0x80001538 (0x0405) x 8 0xffffffff
core   0: 0x8000153a (0x00211833) sll     a6, sp, sp
core   0: 3 0x8000153a (0x00211833) x16 0x00000d08
core   0: 0x8000153e (0x000091ce) c.add   gp, s3
core   0: 3 0x8000153e (0x91ce) x 3 0x00000000
core   0: 0x80001540 (0x0000f475) c.bnez  s0, pc - 20
core   0: 3 0x80001540 (0xf475)
core   0: 0x8000152c (0x00001a98) c.addi4spn a4, sp, 368
core   0: 3 0x8000152c (0x1a98) x14 0x000004b2
core   0: 0x8000152e (0x00008379) c.srli  a4, 30
core   0: 3 0x8000152e (0x8379) x14 0x00000000
core   0: 0x80001530 (0x01e0e833) or      a6, ra, t5
core   0: 3 0x80001530 (0x01e0e833) x16 0x0000000e
core   0: 0x80001534 (0x13b18617) auipc   a2, 0x13b18
core   0: 3 0x80001534 (0x13b18617) x12 0x93b19534
core   0: 0x80001538 (0x00000405) c.addi  s0, 1
core   0: 3 0x80001538 (0x0405) x 8 0x00000000
core   0: 0x8000153a (0x00211833) sll     a6, sp, sp
core   0: 3 0x8000153a (0x00211833) x16 0x00000d08
core   0: 0x8000153e (0x000091ce) c.add   gp, s3
core   0: 3 0x8000153e (0x91ce) x 3 0x00000000
core   0: 0x80001540 (0x0000f475) c.bnez  s0, pc - 20
core   0: 3 0x80001540 (0xf475)
core   0: 0x80001542 (0x3e9c6213) ori     tp, s8, 1001
core   0: 3 0x80001542 (0x3e9c6213) x 4 0xfffffbef
core   0: 0x80001546 (0xffb00613) li      a2, -5
core   0: 3 0x80001546 (0xffb00613) x12 0xfffffffb
core   0: 0x8000154a (0x0196e6b3) or      a3, a3, s9
core   0: 3 0x8000154a (0x0196e6b3) x13 0x00000011
core   0: 0x8000154e (0x00e00f93) li      t6, 14
core   0: 3 0x8000154e (0x00e00f93) x31 0x0000000e
core   0: 0x80001552 (0x00008c0d) c.sub   s0, a1
core   0: 3 0x80001552 (0x8c0d) x 8 0x00000001
core   0: 0x80001554 (0x00006b35) c.lui   s6, 0xd
core   0: 3 0x80001554 (0x6b35) x22 0x0000d000
core   0: 0x80001556 (0x0000060d) c.addi  a2, 3
core   0: 3 0x80001556 (0x060d) x12 0xfffffffe
core   0: 0x80001558 (0x00400513) li      a0, 4
core   0: 3 0x80001558 (0x00400513) x10 0x00000004
core   0: 0x8000155c (0x0357c333) div     t1, a5, s5
core   0: 3 0x8000155c (0x0357c333) x 6 0x00101e38
core   0: 0x80001560 (0x00600093) li      ra, 6
core   0: 3 0x80001560 (0x00600093) x 1 0x00000006
core   0: 0x80001564 (0xa3e60017) auipc   zero, 0xa3e60
core   0: 3 0x80001564 (0xa3e60017)
core   0: 0x80001568 (0x025a53b3) divu    t2, s4, t0
core   0: 3 0x80001568 (0x025a53b3) x 7 0xffffffff
core   0: 0x8000156c (0x01ebbd33) sltu    s10, s7, t5
core   0: 3 0x8000156c (0x01ebbd33) x26 0x00000000
core   0: 0x80001570 (0x00000529) c.addi  a0, 10
core   0: 3 0x80001570 (0x0529) x10 0x0000000e
core   0: 0x80001572 (0xfe1549e3) blt     a0, ra, pc - 14
core   0: 3 0x80001572 (0xfe1549e3)
core   0: 0x80001576 (0x0000846a) c.mv    s0, s10
core   0: 3 0x80001576 (0x846a) x 8 0x00000000
core   0: 0x80001578 (0xfdf66ee3) bltu    a2, t6, pc - 36
core   0: 3 0x80001578 (0xfdf66ee3)
core   0: 0x8000157c (0x00000001) c.nop
core   0: 3 0x8000157c (0x0001)
core   0: 0x8000157e (0xff800a93) li      s5, -8
core   0: 3 0x8000157e (0xff800a93) x21 0xfffffff8
core   0: 0x80001582 (0x000056fd) c.li    a3, -1
core   0: 3 0x80001582 (0x56fd) x13 0xffffffff
core   0: 0x80001584 (0x00006fa1) c.lui   t6, 0x8
core   0: 3 0x80001584 (0x6fa1) x31 0x00008000
core   0: 0x80001586 (0x00700413) li      s0, 7
core   0: 3 0x80001586 (0x00700413) x 8 0x00000007
core   0: 0x8000158a (0x93de8897) auipc   a7, 0x93de8
core   0: 3 0x8000158a (0x93de8897) x17 0x13de958a
core   0: 0x8000158e (0x402b0633) sub     a2, s6, sp
core   0: 3 0x8000158e (0x402b0633) x12 0x0000ccbe
core   0: 0x80001592 (0x000086a5) c.srai  a3, 9
core   0: 3 0x80001592 (0x86a5) x13 0xffffffff
core   0: 0x80001594 (0x03dfd633) divu    a2, t6, t4
core   0: 3 0x80001594 (0x03dfd633) x12 0x00000000
core   0: 0x80001598 (0x0000081e) c.slli  a6, 7
core   0: 3 0x80001598 (0x081e) x16 0x00068400
core   0: 0x8000159a (0x40b20033) sub     zero, tp, a1
core   0: 3 0x8000159a (0x40b20033)
core   0: 0x8000159e (0xba654c13) xori    s8, a0, -1114
core   0: 3 0x8000159e (0xba654c13) x24 0xfffffba8
core   0: 0x800015a2 (0x00000a85) c.addi  s5, 1
core   0: 3 0x800015a2 (0x0a85) x21 0xfffffff9
core   0: 0x800015a4 (0x413159b3) sra     s3, sp, s3
core   0: 3 0x800015a4 (0x413159b3) x19 0x00000342
core   0: 0x800015a8 (0x00008e11) c.sub   a2, a2
core   0: 3 0x800015a8 (0x8e11) x12 0x00000000
core   0: 0x800015aa (0x02f88a33) mul     s4, a7, a5
core   0: 3 0x800015aa (0x02f88a33) x20 0x00000000
core   0: 0x800015ae (0x0000100f) fence.i
core   0: 3 0x800015ae (0x0000100f)
core   0: 0x800015b2 (0x72953513) sltiu   a0, a0, 1833
core   0: 3 0x800015b2 (0x72953513) x10 0x00000001
core   0: 0x800015b6 (0xf5ef0013) addi    zero, t5, -162
core   0: 3 0x800015b6 (0xf5ef0013)
core   0: 0x800015ba (0xb6646f13) ori     t5, s0, -1178
core   0: 3 0x800015ba (0xb6646f13) x30 0xfffffb67
core   0: 0x800015be (0x039ca3b3) mulhsu  t2, s9, s9
core   0: 3 0x800015be (0x039ca3b3) x 7 0x00000000
core   0: 0x800015c2 (0x033723b3) mulhsu  t2, a4, s3
core   0: 3 0x800015c2 (0x033723b3) x 7 0x00000000
core   0: 0x800015c6 (0x401d8c33) sub     s8, s11, ra
core   0: 3 0x800015c6 (0x401d8c33) x24 0xfffffffa
core   0: 0x800015ca (0xa1abef93) ori     t6, s7, -1510
core   0: 3 0x800015ca (0xa1abef93) x31 0xfffffe7e
core   0: 0x800015ce (0x021dce33) div     t3, s11, ra
core   0: 3 0x800015ce (0x021dce33) x28 0x00000000
core   0: 0x800015d2 (0xfa8acee3) blt     s5, s0, pc - 68
core   0: 3 0x800015d2 (0xfa8acee3)
core   0: 0x8000158e (0x402b0633) sub     a2, s6, sp
core   0: 3 0x8000158e (0x402b0633) x12 0x0000ccbe
core   0: 0x80001592 (0x000086a5) c.srai  a3, 9
core   0: 3 0x80001592 (0x86a5) x13 0xffffffff
core   0: 0x80001594 (0x03dfd633) divu    a2, t6, t4
core   0: 3 0x80001594 (0x03dfd633) x12 0x00000001
core   0: 0x80001598 (0x0000081e) c.slli  a6, 7
core   0: 3 0x80001598 (0x081e) x16 0x03420000
core   0: 0x8000159a (0x40b20033) sub     zero, tp, a1
core   0: 3 0x8000159a (0x40b20033)
core   0: 0x8000159e (0xba654c13) xori    s8, a0, -1114
core   0: 3 0x8000159e (0xba654c13) x24 0xfffffba7
core   0: 0x800015a2 (0x00000a85) c.addi  s5, 1
core   0: 3 0x800015a2 (0x0a85) x21 0xfffffffa
core   0: 0x800015a4 (0x413159b3) sra     s3, sp, s3
core   0: 3 0x800015a4 (0x413159b3) x19 0x000000d0
core   0: 0x800015a8 (0x00008e11) c.sub   a2, a2
core   0: 3 0x800015a8 (0x8e11) x12 0x00000000
core   0: 0x800015aa (0x02f88a33) mul     s4, a7, a5
core   0: 3 0x800015aa (0x02f88a33) x20 0x00000000
core   0: 0x800015ae (0x0000100f) fence.i
core   0: 3 0x800015ae (0x0000100f)
core   0: 0x800015b2 (0x72953513) sltiu   a0, a0, 1833
core   0: 3 0x800015b2 (0x72953513) x10 0x00000001
core   0: 0x800015b6 (0xf5ef0013) addi    zero, t5, -162
core   0: 3 0x800015b6 (0xf5ef0013)
core   0: 0x800015ba (0xb6646f13) ori     t5, s0, -1178
core   0: 3 0x800015ba (0xb6646f13) x30 0xfffffb67
core   0: 0x800015be (0x039ca3b3) mulhsu  t2, s9, s9
core   0: 3 0x800015be (0x039ca3b3) x 7 0x00000000
core   0: 0x800015c2 (0x033723b3) mulhsu  t2, a4, s3
core   0: 3 0x800015c2 (0x033723b3) x 7 0x00000000
core   0: 0x800015c6 (0x401d8c33) sub     s8, s11, ra
core   0: 3 0x800015c6 (0x401d8c33) x24 0xfffffffa
core   0: 0x800015ca (0xa1abef93) ori     t6, s7, -1510
core   0: 3 0x800015ca (0xa1abef93) x31 0xfffffe7e
core   0: 0x800015ce (0x021dce33) div     t3, s11, ra
core   0: 3 0x800015ce (0x021dce33) x28 0x00000000
core   0: 0x800015d2 (0xfa8acee3) blt     s5, s0, pc - 68
core   0: 3 0x800015d2 (0xfa8acee3)
core   0: 0x8000158e (0x402b0633) sub     a2, s6, sp
core   0: 3 0x8000158e (0x402b0633) x12 0x0000ccbe
core   0: 0x80001592 (0x000086a5) c.srai  a3, 9
core   0: 3 0x80001592 (0x86a5) x13 0xffffffff
core   0: 0x80001594 (0x03dfd633) divu    a2, t6, t4
core   0: 3 0x80001594 (0x03dfd633) x12 0x00000001
core   0: 0x80001598 (0x0000081e) c.slli  a6, 7
core   0: 3 0x80001598 (0x081e) x16 0xa1000000
core   0: 0x8000159a (0x40b20033) sub     zero, tp, a1
core   0: 3 0x8000159a (0x40b20033)
core   0: 0x8000159e (0xba654c13) xori    s8, a0, -1114
core   0: 3 0x8000159e (0xba654c13) x24 0xfffffba7
core   0: 0x800015a2 (0x00000a85) c.addi  s5, 1
core   0: 3 0x800015a2 (0x0a85) x21 0xfffffffb
core   0: 0x800015a4 (0x413159b3) sra     s3, sp, s3
core   0: 3 0x800015a4 (0x413159b3) x19 0x00000000
core   0: 0x800015a8 (0x00008e11) c.sub   a2, a2
core   0: 3 0x800015a8 (0x8e11) x12 0x00000000
core   0: 0x800015aa (0x02f88a33) mul     s4, a7, a5
core   0: 3 0x800015aa (0x02f88a33) x20 0x00000000
core   0: 0x800015ae (0x0000100f) fence.i
core   0: 3 0x800015ae (0x0000100f)
core   0: 0x800015b2 (0x72953513) sltiu   a0, a0, 1833
core   0: 3 0x800015b2 (0x72953513) x10 0x00000001
core   0: 0x800015b6 (0xf5ef0013) addi    zero, t5, -162
core   0: 3 0x800015b6 (0xf5ef0013)
core   0: 0x800015ba (0xb6646f13) ori     t5, s0, -1178
core   0: 3 0x800015ba (0xb6646f13) x30 0xfffffb67
core   0: 0x800015be (0x039ca3b3) mulhsu  t2, s9, s9
core   0: 3 0x800015be (0x039ca3b3) x 7 0x00000000
core   0: 0x800015c2 (0x033723b3) mulhsu  t2, a4, s3
core   0: 3 0x800015c2 (0x033723b3) x 7 0x00000000
core   0: 0x800015c6 (0x401d8c33) sub     s8, s11, ra
core   0: 3 0x800015c6 (0x401d8c33) x24 0xfffffffa
core   0: 0x800015ca (0xa1abef93) ori     t6, s7, -1510
core   0: 3 0x800015ca (0xa1abef93) x31 0xfffffe7e
core   0: 0x800015ce (0x021dce33) div     t3, s11, ra
core   0: 3 0x800015ce (0x021dce33) x28 0x00000000
core   0: 0x800015d2 (0xfa8acee3) blt     s5, s0, pc - 68
core   0: 3 0x800015d2 (0xfa8acee3)
core   0: 0x8000158e (0x402b0633) sub     a2, s6, sp
core   0: 3 0x8000158e (0x402b0633) x12 0x0000ccbe
core   0: 0x80001592 (0x000086a5) c.srai  a3, 9
core   0: 3 0x80001592 (0x86a5) x13 0xffffffff
core   0: 0x80001594 (0x03dfd633) divu    a2, t6, t4
core   0: 3 0x80001594 (0x03dfd633) x12 0x00000001
core   0: 0x80001598 (0x0000081e) c.slli  a6, 7
core   0: 3 0x80001598 (0x081e) x16 0x80000000
core   0: 0x8000159a (0x40b20033) sub     zero, tp, a1
core   0: 3 0x8000159a (0x40b20033)
core   0: 0x8000159e (0xba654c13) xori    s8, a0, -1114
core   0: 3 0x8000159e (0xba654c13) x24 0xfffffba7
core   0: 0x800015a2 (0x00000a85) c.addi  s5, 1
core   0: 3 0x800015a2 (0x0a85) x21 0xfffffffc
core   0: 0x800015a4 (0x413159b3) sra     s3, sp, s3
core   0: 3 0x800015a4 (0x413159b3) x19 0x00000342
core   0: 0x800015a8 (0x00008e11) c.sub   a2, a2
core   0: 3 0x800015a8 (0x8e11) x12 0x00000000
core   0: 0x800015aa (0x02f88a33) mul     s4, a7, a5
core   0: 3 0x800015aa (0x02f88a33) x20 0x00000000
core   0: 0x800015ae (0x0000100f) fence.i
core   0: 3 0x800015ae (0x0000100f)
core   0: 0x800015b2 (0x72953513) sltiu   a0, a0, 1833
core   0: 3 0x800015b2 (0x72953513) x10 0x00000001
core   0: 0x800015b6 (0xf5ef0013) addi    zero, t5, -162
core   0: 3 0x800015b6 (0xf5ef0013)
core   0: 0x800015ba (0xb6646f13) ori     t5, s0, -1178
core   0: 3 0x800015ba (0xb6646f13) x30 0xfffffb67
core   0: 0x800015be (0x039ca3b3) mulhsu  t2, s9, s9
core   0: 3 0x800015be (0x039ca3b3) x 7 0x00000000
core   0: 0x800015c2 (0x033723b3) mulhsu  t2, a4, s3
core   0: 3 0x800015c2 (0x033723b3) x 7 0x00000000
core   0: 0x800015c6 (0x401d8c33) sub     s8, s11, ra
core   0: 3 0x800015c6 (0x401d8c33) x24 0xfffffffa
core   0: 0x800015ca (0xa1abef93) ori     t6, s7, -1510
core   0: 3 0x800015ca (0xa1abef93) x31 0xfffffe7e
core   0: 0x800015ce (0x021dce33) div     t3, s11, ra
core   0: 3 0x800015ce (0x021dce33) x28 0x00000000
core   0: 0x800015d2 (0xfa8acee3) blt     s5, s0, pc - 68
core   0: 3 0x800015d2 (0xfa8acee3)
core   0: 0x8000158e (0x402b0633) sub     a2, s6, sp
core   0: 3 0x8000158e (0x402b0633) x12 0x0000ccbe
core   0: 0x80001592 (0x000086a5) c.srai  a3, 9
core   0: 3 0x80001592 (0x86a5) x13 0xffffffff
core   0: 0x80001594 (0x03dfd633) divu    a2, t6, t4
core   0: 3 0x80001594 (0x03dfd633) x12 0x00000001
core   0: 0x80001598 (0x0000081e) c.slli  a6, 7
core   0: 3 0x80001598 (0x081e) x16 0x00000000
core   0: 0x8000159a (0x40b20033) sub     zero, tp, a1
core   0: 3 0x8000159a (0x40b20033)
core   0: 0x8000159e (0xba654c13) xori    s8, a0, -1114
core   0: 3 0x8000159e (0xba654c13) x24 0xfffffba7
core   0: 0x800015a2 (0x00000a85) c.addi  s5, 1
core   0: 3 0x800015a2 (0x0a85) x21 0xfffffffd
core   0: 0x800015a4 (0x413159b3) sra     s3, sp, s3
core   0: 3 0x800015a4 (0x413159b3) x19 0x000000d0
core   0: 0x800015a8 (0x00008e11) c.sub   a2, a2
core   0: 3 0x800015a8 (0x8e11) x12 0x00000000
core   0: 0x800015aa (0x02f88a33) mul     s4, a7, a5
core   0: 3 0x800015aa (0x02f88a33) x20 0x00000000
core   0: 0x800015ae (0x0000100f) fence.i
core   0: 3 0x800015ae (0x0000100f)
core   0: 0x800015b2 (0x72953513) sltiu   a0, a0, 1833
core   0: 3 0x800015b2 (0x72953513) x10 0x00000001
core   0: 0x800015b6 (0xf5ef0013) addi    zero, t5, -162
core   0: 3 0x800015b6 (0xf5ef0013)
core   0: 0x800015ba (0xb6646f13) ori     t5, s0, -1178
core   0: 3 0x800015ba (0xb6646f13) x30 0xfffffb67
core   0: 0x800015be (0x039ca3b3) mulhsu  t2, s9, s9
core   0: 3 0x800015be (0x039ca3b3) x 7 0x00000000
core   0: 0x800015c2 (0x033723b3) mulhsu  t2, a4, s3
core   0: 3 0x800015c2 (0x033723b3) x 7 0x00000000
core   0: 0x800015c6 (0x401d8c33) sub     s8, s11, ra
core   0: 3 0x800015c6 (0x401d8c33) x24 0xfffffffa
core   0: 0x800015ca (0xa1abef93) ori     t6, s7, -1510
core   0: 3 0x800015ca (0xa1abef93) x31 0xfffffe7e
core   0: 0x800015ce (0x021dce33) div     t3, s11, ra
core   0: 3 0x800015ce (0x021dce33) x28 0x00000000
core   0: 0x800015d2 (0xfa8acee3) blt     s5, s0, pc - 68
core   0: 3 0x800015d2 (0xfa8acee3)
core   0: 0x8000158e (0x402b0633) sub     a2, s6, sp
core   0: 3 0x8000158e (0x402b0633) x12 0x0000ccbe
core   0: 0x80001592 (0x000086a5) c.srai  a3, 9
core   0: 3 0x80001592 (0x86a5) x13 0xffffffff
core   0: 0x80001594 (0x03dfd633) divu    a2, t6, t4
core   0: 3 0x80001594 (0x03dfd633) x12 0x00000001
core   0: 0x80001598 (0x0000081e) c.slli  a6, 7
core   0: 3 0x80001598 (0x081e) x16 0x00000000
core   0: 0x8000159a (0x40b20033) sub     zero, tp, a1
core   0: 3 0x8000159a (0x40b20033)
core   0: 0x8000159e (0xba654c13) xori    s8, a0, -1114
core   0: 3 0x8000159e (0xba654c13) x24 0xfffffba7
core   0: 0x800015a2 (0x00000a85) c.addi  s5, 1
core   0: 3 0x800015a2 (0x0a85) x21 0xfffffffe
core   0: 0x800015a4 (0x413159b3) sra     s3, sp, s3
core   0: 3 0x800015a4 (0x413159b3) x19 0x00000000
core   0: 0x800015a8 (0x00008e11) c.sub   a2, a2
core   0: 3 0x800015a8 (0x8e11) x12 0x00000000
core   0: 0x800015aa (0x02f88a33) mul     s4, a7, a5
core   0: 3 0x800015aa (0x02f88a33) x20 0x00000000
core   0: 0x800015ae (0x0000100f) fence.i
core   0: 3 0x800015ae (0x0000100f)
core   0: 0x800015b2 (0x72953513) sltiu   a0, a0, 1833
core   0: 3 0x800015b2 (0x72953513) x10 0x00000001
core   0: 0x800015b6 (0xf5ef0013) addi    zero, t5, -162
core   0: 3 0x800015b6 (0xf5ef0013)
core   0: 0x800015ba (0xb6646f13) ori     t5, s0, -1178
core   0: 3 0x800015ba (0xb6646f13) x30 0xfffffb67
core   0: 0x800015be (0x039ca3b3) mulhsu  t2, s9, s9
core   0: 3 0x800015be (0x039ca3b3) x 7 0x00000000
core   0: 0x800015c2 (0x033723b3) mulhsu  t2, a4, s3
core   0: 3 0x800015c2 (0x033723b3) x 7 0x00000000
core   0: 0x800015c6 (0x401d8c33) sub     s8, s11, ra
core   0: 3 0x800015c6 (0x401d8c33) x24 0xfffffffa
core   0: 0x800015ca (0xa1abef93) ori     t6, s7, -1510
core   0: 3 0x800015ca (0xa1abef93) x31 0xfffffe7e
core   0: 0x800015ce (0x021dce33) div     t3, s11, ra
core   0: 3 0x800015ce (0x021dce33) x28 0x00000000
core   0: 0x800015d2 (0xfa8acee3) blt     s5, s0, pc - 68
core   0: 3 0x800015d2 (0xfa8acee3)
core   0: 0x8000158e (0x402b0633) sub     a2, s6, sp
core   0: 3 0x8000158e (0x402b0633) x12 0x0000ccbe
core   0: 0x80001592 (0x000086a5) c.srai  a3, 9
core   0: 3 0x80001592 (0x86a5) x13 0xffffffff
core   0: 0x80001594 (0x03dfd633) divu    a2, t6, t4
core   0: 3 0x80001594 (0x03dfd633) x12 0x00000001
core   0: 0x80001598 (0x0000081e) c.slli  a6, 7
core   0: 3 0x80001598 (0x081e) x16 0x00000000
core   0: 0x8000159a (0x40b20033) sub     zero, tp, a1
core   0: 3 0x8000159a (0x40b20033)
core   0: 0x8000159e (0xba654c13) xori    s8, a0, -1114
core   0: 3 0x8000159e (0xba654c13) x24 0xfffffba7
core   0: 0x800015a2 (0x00000a85) c.addi  s5, 1
core   0: 3 0x800015a2 (0x0a85) x21 0xffffffff
core   0: 0x800015a4 (0x413159b3) sra     s3, sp, s3
core   0: 3 0x800015a4 (0x413159b3) x19 0x00000342
core   0: 0x800015a8 (0x00008e11) c.sub   a2, a2
core   0: 3 0x800015a8 (0x8e11) x12 0x00000000
core   0: 0x800015aa (0x02f88a33) mul     s4, a7, a5
core   0: 3 0x800015aa (0x02f88a33) x20 0x00000000
core   0: 0x800015ae (0x0000100f) fence.i
core   0: 3 0x800015ae (0x0000100f)
core   0: 0x800015b2 (0x72953513) sltiu   a0, a0, 1833
core   0: 3 0x800015b2 (0x72953513) x10 0x00000001
core   0: 0x800015b6 (0xf5ef0013) addi    zero, t5, -162
core   0: 3 0x800015b6 (0xf5ef0013)
core   0: 0x800015ba (0xb6646f13) ori     t5, s0, -1178
core   0: 3 0x800015ba (0xb6646f13) x30 0xfffffb67
core   0: 0x800015be (0x039ca3b3) mulhsu  t2, s9, s9
core   0: 3 0x800015be (0x039ca3b3) x 7 0x00000000
core   0: 0x800015c2 (0x033723b3) mulhsu  t2, a4, s3
core   0: 3 0x800015c2 (0x033723b3) x 7 0x00000000
core   0: 0x800015c6 (0x401d8c33) sub     s8, s11, ra
core   0: 3 0x800015c6 (0x401d8c33) x24 0xfffffffa
core   0: 0x800015ca (0xa1abef93) ori     t6, s7, -1510
core   0: 3 0x800015ca (0xa1abef93) x31 0xfffffe7e
core   0: 0x800015ce (0x021dce33) div     t3, s11, ra
core   0: 3 0x800015ce (0x021dce33) x28 0x00000000
core   0: 0x800015d2 (0xfa8acee3) blt     s5, s0, pc - 68
core   0: 3 0x800015d2 (0xfa8acee3)
core   0: 0x8000158e (0x402b0633) sub     a2, s6, sp
core   0: 3 0x8000158e (0x402b0633) x12 0x0000ccbe
core   0: 0x80001592 (0x000086a5) c.srai  a3, 9
core   0: 3 0x80001592 (0x86a5) x13 0xffffffff
core   0: 0x80001594 (0x03dfd633) divu    a2, t6, t4
core   0: 3 0x80001594 (0x03dfd633) x12 0x00000001
core   0: 0x80001598 (0x0000081e) c.slli  a6, 7
core   0: 3 0x80001598 (0x081e) x16 0x00000000
core   0: 0x8000159a (0x40b20033) sub     zero, tp, a1
core   0: 3 0x8000159a (0x40b20033)
core   0: 0x8000159e (0xba654c13) xori    s8, a0, -1114
core   0: 3 0x8000159e (0xba654c13) x24 0xfffffba7
core   0: 0x800015a2 (0x00000a85) c.addi  s5, 1
core   0: 3 0x800015a2 (0x0a85) x21 0x00000000
core   0: 0x800015a4 (0x413159b3) sra     s3, sp, s3
core   0: 3 0x800015a4 (0x413159b3) x19 0x000000d0
core   0: 0x800015a8 (0x00008e11) c.sub   a2, a2
core   0: 3 0x800015a8 (0x8e11) x12 0x00000000
core   0: 0x800015aa (0x02f88a33) mul     s4, a7, a5
core   0: 3 0x800015aa (0x02f88a33) x20 0x00000000
core   0: 0x800015ae (0x0000100f) fence.i
core   0: 3 0x800015ae (0x0000100f)
core   0: 0x800015b2 (0x72953513) sltiu   a0, a0, 1833
core   0: 3 0x800015b2 (0x72953513) x10 0x00000001
core   0: 0x800015b6 (0xf5ef0013) addi    zero, t5, -162
core   0: 3 0x800015b6 (0xf5ef0013)
core   0: 0x800015ba (0xb6646f13) ori     t5, s0, -1178
core   0: 3 0x800015ba (0xb6646f13) x30 0xfffffb67
core   0: 0x800015be (0x039ca3b3) mulhsu  t2, s9, s9
core   0: 3 0x800015be (0x039ca3b3) x 7 0x00000000
core   0: 0x800015c2 (0x033723b3) mulhsu  t2, a4, s3
core   0: 3 0x800015c2 (0x033723b3) x 7 0x00000000
core   0: 0x800015c6 (0x401d8c33) sub     s8, s11, ra
core   0: 3 0x800015c6 (0x401d8c33) x24 0xfffffffa
core   0: 0x800015ca (0xa1abef93) ori     t6, s7, -1510
core   0: 3 0x800015ca (0xa1abef93) x31 0xfffffe7e
core   0: 0x800015ce (0x021dce33) div     t3, s11, ra
core   0: 3 0x800015ce (0x021dce33) x28 0x00000000
core   0: 0x800015d2 (0xfa8acee3) blt     s5, s0, pc - 68
core   0: 3 0x800015d2 (0xfa8acee3)
core   0: 0x8000158e (0x402b0633) sub     a2, s6, sp
core   0: 3 0x8000158e (0x402b0633) x12 0x0000ccbe
core   0: 0x80001592 (0x000086a5) c.srai  a3, 9
core   0: 3 0x80001592 (0x86a5) x13 0xffffffff
core   0: 0x80001594 (0x03dfd633) divu    a2, t6, t4
core   0: 3 0x80001594 (0x03dfd633) x12 0x00000001
core   0: 0x80001598 (0x0000081e) c.slli  a6, 7
core   0: 3 0x80001598 (0x081e) x16 0x00000000
core   0: 0x8000159a (0x40b20033) sub     zero, tp, a1
core   0: 3 0x8000159a (0x40b20033)
core   0: 0x8000159e (0xba654c13) xori    s8, a0, -1114
core   0: 3 0x8000159e (0xba654c13) x24 0xfffffba7
core   0: 0x800015a2 (0x00000a85) c.addi  s5, 1
core   0: 3 0x800015a2 (0x0a85) x21 0x00000001
core   0: 0x800015a4 (0x413159b3) sra     s3, sp, s3
core   0: 3 0x800015a4 (0x413159b3) x19 0x00000000
core   0: 0x800015a8 (0x00008e11) c.sub   a2, a2
core   0: 3 0x800015a8 (0x8e11) x12 0x00000000
core   0: 0x800015aa (0x02f88a33) mul     s4, a7, a5
core   0: 3 0x800015aa (0x02f88a33) x20 0x00000000
core   0: 0x800015ae (0x0000100f) fence.i
core   0: 3 0x800015ae (0x0000100f)
core   0: 0x800015b2 (0x72953513) sltiu   a0, a0, 1833
core   0: 3 0x800015b2 (0x72953513) x10 0x00000001
core   0: 0x800015b6 (0xf5ef0013) addi    zero, t5, -162
core   0: 3 0x800015b6 (0xf5ef0013)
core   0: 0x800015ba (0xb6646f13) ori     t5, s0, -1178
core   0: 3 0x800015ba (0xb6646f13) x30 0xfffffb67
core   0: 0x800015be (0x039ca3b3) mulhsu  t2, s9, s9
core   0: 3 0x800015be (0x039ca3b3) x 7 0x00000000
core   0: 0x800015c2 (0x033723b3) mulhsu  t2, a4, s3
core   0: 3 0x800015c2 (0x033723b3) x 7 0x00000000
core   0: 0x800015c6 (0x401d8c33) sub     s8, s11, ra
core   0: 3 0x800015c6 (0x401d8c33) x24 0xfffffffa
core   0: 0x800015ca (0xa1abef93) ori     t6, s7, -1510
core   0: 3 0x800015ca (0xa1abef93) x31 0xfffffe7e
core   0: 0x800015ce (0x021dce33) div     t3, s11, ra
core   0: 3 0x800015ce (0x021dce33) x28 0x00000000
core   0: 0x800015d2 (0xfa8acee3) blt     s5, s0, pc - 68
core   0: 3 0x800015d2 (0xfa8acee3)
core   0: 0x8000158e (0x402b0633) sub     a2, s6, sp
core   0: 3 0x8000158e (0x402b0633) x12 0x0000ccbe
core   0: 0x80001592 (0x000086a5) c.srai  a3, 9
core   0: 3 0x80001592 (0x86a5) x13 0xffffffff
core   0: 0x80001594 (0x03dfd633) divu    a2, t6, t4
core   0: 3 0x80001594 (0x03dfd633) x12 0x00000001
core   0: 0x80001598 (0x0000081e) c.slli  a6, 7
core   0: 3 0x80001598 (0x081e) x16 0x00000000
core   0: 0x8000159a (0x40b20033) sub     zero, tp, a1
core   0: 3 0x8000159a (0x40b20033)
core   0: 0x8000159e (0xba654c13) xori    s8, a0, -1114
core   0: 3 0x8000159e (0xba654c13) x24 0xfffffba7
core   0: 0x800015a2 (0x00000a85) c.addi  s5, 1
core   0: 3 0x800015a2 (0x0a85) x21 0x00000002
core   0: 0x800015a4 (0x413159b3) sra     s3, sp, s3
core   0: 3 0x800015a4 (0x413159b3) x19 0x00000342
core   0: 0x800015a8 (0x00008e11) c.sub   a2, a2
core   0: 3 0x800015a8 (0x8e11) x12 0x00000000
core   0: 0x800015aa (0x02f88a33) mul     s4, a7, a5
core   0: 3 0x800015aa (0x02f88a33) x20 0x00000000
core   0: 0x800015ae (0x0000100f) fence.i
core   0: 3 0x800015ae (0x0000100f)
core   0: 0x800015b2 (0x72953513) sltiu   a0, a0, 1833
core   0: 3 0x800015b2 (0x72953513) x10 0x00000001
core   0: 0x800015b6 (0xf5ef0013) addi    zero, t5, -162
core   0: 3 0x800015b6 (0xf5ef0013)
core   0: 0x800015ba (0xb6646f13) ori     t5, s0, -1178
core   0: 3 0x800015ba (0xb6646f13) x30 0xfffffb67
core   0: 0x800015be (0x039ca3b3) mulhsu  t2, s9, s9
core   0: 3 0x800015be (0x039ca3b3) x 7 0x00000000
core   0: 0x800015c2 (0x033723b3) mulhsu  t2, a4, s3
core   0: 3 0x800015c2 (0x033723b3) x 7 0x00000000
core   0: 0x800015c6 (0x401d8c33) sub     s8, s11, ra
core   0: 3 0x800015c6 (0x401d8c33) x24 0xfffffffa
core   0: 0x800015ca (0xa1abef93) ori     t6, s7, -1510
core   0: 3 0x800015ca (0xa1abef93) x31 0xfffffe7e
core   0: 0x800015ce (0x021dce33) div     t3, s11, ra
core   0: 3 0x800015ce (0x021dce33) x28 0x00000000
core   0: 0x800015d2 (0xfa8acee3) blt     s5, s0, pc - 68
core   0: 3 0x800015d2 (0xfa8acee3)
core   0: 0x8000158e (0x402b0633) sub     a2, s6, sp
core   0: 3 0x8000158e (0x402b0633) x12 0x0000ccbe
core   0: 0x80001592 (0x000086a5) c.srai  a3, 9
core   0: 3 0x80001592 (0x86a5) x13 0xffffffff
core   0: 0x80001594 (0x03dfd633) divu    a2, t6, t4
core   0: 3 0x80001594 (0x03dfd633) x12 0x00000001
core   0: 0x80001598 (0x0000081e) c.slli  a6, 7
core   0: 3 0x80001598 (0x081e) x16 0x00000000
core   0: 0x8000159a (0x40b20033) sub     zero, tp, a1
core   0: 3 0x8000159a (0x40b20033)
core   0: 0x8000159e (0xba654c13) xori    s8, a0, -1114
core   0: 3 0x8000159e (0xba654c13) x24 0xfffffba7
core   0: 0x800015a2 (0x00000a85) c.addi  s5, 1
core   0: 3 0x800015a2 (0x0a85) x21 0x00000003
core   0: 0x800015a4 (0x413159b3) sra     s3, sp, s3
core   0: 3 0x800015a4 (0x413159b3) x19 0x000000d0
core   0: 0x800015a8 (0x00008e11) c.sub   a2, a2
core   0: 3 0x800015a8 (0x8e11) x12 0x00000000
core   0: 0x800015aa (0x02f88a33) mul     s4, a7, a5
core   0: 3 0x800015aa (0x02f88a33) x20 0x00000000
core   0: 0x800015ae (0x0000100f) fence.i
core   0: 3 0x800015ae (0x0000100f)
core   0: 0x800015b2 (0x72953513) sltiu   a0, a0, 1833
core   0: 3 0x800015b2 (0x72953513) x10 0x00000001
core   0: 0x800015b6 (0xf5ef0013) addi    zero, t5, -162
core   0: 3 0x800015b6 (0xf5ef0013)
core   0: 0x800015ba (0xb6646f13) ori     t5, s0, -1178
core   0: 3 0x800015ba (0xb6646f13) x30 0xfffffb67
core   0: 0x800015be (0x039ca3b3) mulhsu  t2, s9, s9
core   0: 3 0x800015be (0x039ca3b3) x 7 0x00000000
core   0: 0x800015c2 (0x033723b3) mulhsu  t2, a4, s3
core   0: 3 0x800015c2 (0x033723b3) x 7 0x00000000
core   0: 0x800015c6 (0x401d8c33) sub     s8, s11, ra
core   0: 3 0x800015c6 (0x401d8c33) x24 0xfffffffa
core   0: 0x800015ca (0xa1abef93) ori     t6, s7, -1510
core   0: 3 0x800015ca (0xa1abef93) x31 0xfffffe7e
core   0: 0x800015ce (0x021dce33) div     t3, s11, ra
core   0: 3 0x800015ce (0x021dce33) x28 0x00000000
core   0: 0x800015d2 (0xfa8acee3) blt     s5, s0, pc - 68
core   0: 3 0x800015d2 (0xfa8acee3)
core   0: 0x8000158e (0x402b0633) sub     a2, s6, sp
core   0: 3 0x8000158e (0x402b0633) x12 0x0000ccbe
core   0: 0x80001592 (0x000086a5) c.srai  a3, 9
core   0: 3 0x80001592 (0x86a5) x13 0xffffffff
core   0: 0x80001594 (0x03dfd633) divu    a2, t6, t4
core   0: 3 0x80001594 (0x03dfd633) x12 0x00000001
core   0: 0x80001598 (0x0000081e) c.slli  a6, 7
core   0: 3 0x80001598 (0x081e) x16 0x00000000
core   0: 0x8000159a (0x40b20033) sub     zero, tp, a1
core   0: 3 0x8000159a (0x40b20033)
core   0: 0x8000159e (0xba654c13) xori    s8, a0, -1114
core   0: 3 0x8000159e (0xba654c13) x24 0xfffffba7
core   0: 0x800015a2 (0x00000a85) c.addi  s5, 1
core   0: 3 0x800015a2 (0x0a85) x21 0x00000004
core   0: 0x800015a4 (0x413159b3) sra     s3, sp, s3
core   0: 3 0x800015a4 (0x413159b3) x19 0x00000000
core   0: 0x800015a8 (0x00008e11) c.sub   a2, a2
core   0: 3 0x800015a8 (0x8e11) x12 0x00000000
core   0: 0x800015aa (0x02f88a33) mul     s4, a7, a5
core   0: 3 0x800015aa (0x02f88a33) x20 0x00000000
core   0: 0x800015ae (0x0000100f) fence.i
core   0: 3 0x800015ae (0x0000100f)
core   0: 0x800015b2 (0x72953513) sltiu   a0, a0, 1833
core   0: 3 0x800015b2 (0x72953513) x10 0x00000001
core   0: 0x800015b6 (0xf5ef0013) addi    zero, t5, -162
core   0: 3 0x800015b6 (0xf5ef0013)
core   0: 0x800015ba (0xb6646f13) ori     t5, s0, -1178
core   0: 3 0x800015ba (0xb6646f13) x30 0xfffffb67
core   0: 0x800015be (0x039ca3b3) mulhsu  t2, s9, s9
core   0: 3 0x800015be (0x039ca3b3) x 7 0x00000000
core   0: 0x800015c2 (0x033723b3) mulhsu  t2, a4, s3
core   0: 3 0x800015c2 (0x033723b3) x 7 0x00000000
core   0: 0x800015c6 (0x401d8c33) sub     s8, s11, ra
core   0: 3 0x800015c6 (0x401d8c33) x24 0xfffffffa
core   0: 0x800015ca (0xa1abef93) ori     t6, s7, -1510
core   0: 3 0x800015ca (0xa1abef93) x31 0xfffffe7e
core   0: 0x800015ce (0x021dce33) div     t3, s11, ra
core   0: 3 0x800015ce (0x021dce33) x28 0x00000000
core   0: 0x800015d2 (0xfa8acee3) blt     s5, s0, pc - 68
core   0: 3 0x800015d2 (0xfa8acee3)
core   0: 0x8000158e (0x402b0633) sub     a2, s6, sp
core   0: 3 0x8000158e (0x402b0633) x12 0x0000ccbe
core   0: 0x80001592 (0x000086a5) c.srai  a3, 9
core   0: 3 0x80001592 (0x86a5) x13 0xffffffff
core   0: 0x80001594 (0x03dfd633) divu    a2, t6, t4
core   0: 3 0x80001594 (0x03dfd633) x12 0x00000001
core   0: 0x80001598 (0x0000081e) c.slli  a6, 7
core   0: 3 0x80001598 (0x081e) x16 0x00000000
core   0: 0x8000159a (0x40b20033) sub     zero, tp, a1
core   0: 3 0x8000159a (0x40b20033)
core   0: 0x8000159e (0xba654c13) xori    s8, a0, -1114
core   0: 3 0x8000159e (0xba654c13) x24 0xfffffba7
core   0: 0x800015a2 (0x00000a85) c.addi  s5, 1
core   0: 3 0x800015a2 (0x0a85) x21 0x00000005
core   0: 0x800015a4 (0x413159b3) sra     s3, sp, s3
core   0: 3 0x800015a4 (0x413159b3) x19 0x00000342
core   0: 0x800015a8 (0x00008e11) c.sub   a2, a2
core   0: 3 0x800015a8 (0x8e11) x12 0x00000000
core   0: 0x800015aa (0x02f88a33) mul     s4, a7, a5
core   0: 3 0x800015aa (0x02f88a33) x20 0x00000000
core   0: 0x800015ae (0x0000100f) fence.i
core   0: 3 0x800015ae (0x0000100f)
core   0: 0x800015b2 (0x72953513) sltiu   a0, a0, 1833
core   0: 3 0x800015b2 (0x72953513) x10 0x00000001
core   0: 0x800015b6 (0xf5ef0013) addi    zero, t5, -162
core   0: 3 0x800015b6 (0xf5ef0013)
core   0: 0x800015ba (0xb6646f13) ori     t5, s0, -1178
core   0: 3 0x800015ba (0xb6646f13) x30 0xfffffb67
core   0: 0x800015be (0x039ca3b3) mulhsu  t2, s9, s9
core   0: 3 0x800015be (0x039ca3b3) x 7 0x00000000
core   0: 0x800015c2 (0x033723b3) mulhsu  t2, a4, s3
core   0: 3 0x800015c2 (0x033723b3) x 7 0x00000000
core   0: 0x800015c6 (0x401d8c33) sub     s8, s11, ra
core   0: 3 0x800015c6 (0x401d8c33) x24 0xfffffffa
core   0: 0x800015ca (0xa1abef93) ori     t6, s7, -1510
core   0: 3 0x800015ca (0xa1abef93) x31 0xfffffe7e
core   0: 0x800015ce (0x021dce33) div     t3, s11, ra
core   0: 3 0x800015ce (0x021dce33) x28 0x00000000
core   0: 0x800015d2 (0xfa8acee3) blt     s5, s0, pc - 68
core   0: 3 0x800015d2 (0xfa8acee3)
core   0: 0x8000158e (0x402b0633) sub     a2, s6, sp
core   0: 3 0x8000158e (0x402b0633) x12 0x0000ccbe
core   0: 0x80001592 (0x000086a5) c.srai  a3, 9
core   0: 3 0x80001592 (0x86a5) x13 0xffffffff
core   0: 0x80001594 (0x03dfd633) divu    a2, t6, t4
core   0: 3 0x80001594 (0x03dfd633) x12 0x00000001
core   0: 0x80001598 (0x0000081e) c.slli  a6, 7
core   0: 3 0x80001598 (0x081e) x16 0x00000000
core   0: 0x8000159a (0x40b20033) sub     zero, tp, a1
core   0: 3 0x8000159a (0x40b20033)
core   0: 0x8000159e (0xba654c13) xori    s8, a0, -1114
core   0: 3 0x8000159e (0xba654c13) x24 0xfffffba7
core   0: 0x800015a2 (0x00000a85) c.addi  s5, 1
core   0: 3 0x800015a2 (0x0a85) x21 0x00000006
core   0: 0x800015a4 (0x413159b3) sra     s3, sp, s3
core   0: 3 0x800015a4 (0x413159b3) x19 0x000000d0
core   0: 0x800015a8 (0x00008e11) c.sub   a2, a2
core   0: 3 0x800015a8 (0x8e11) x12 0x00000000
core   0: 0x800015aa (0x02f88a33) mul     s4, a7, a5
core   0: 3 0x800015aa (0x02f88a33) x20 0x00000000
core   0: 0x800015ae (0x0000100f) fence.i
core   0: 3 0x800015ae (0x0000100f)
core   0: 0x800015b2 (0x72953513) sltiu   a0, a0, 1833
core   0: 3 0x800015b2 (0x72953513) x10 0x00000001
core   0: 0x800015b6 (0xf5ef0013) addi    zero, t5, -162
core   0: 3 0x800015b6 (0xf5ef0013)
core   0: 0x800015ba (0xb6646f13) ori     t5, s0, -1178
core   0: 3 0x800015ba (0xb6646f13) x30 0xfffffb67
core   0: 0x800015be (0x039ca3b3) mulhsu  t2, s9, s9
core   0: 3 0x800015be (0x039ca3b3) x 7 0x00000000
core   0: 0x800015c2 (0x033723b3) mulhsu  t2, a4, s3
core   0: 3 0x800015c2 (0x033723b3) x 7 0x00000000
core   0: 0x800015c6 (0x401d8c33) sub     s8, s11, ra
core   0: 3 0x800015c6 (0x401d8c33) x24 0xfffffffa
core   0: 0x800015ca (0xa1abef93) ori     t6, s7, -1510
core   0: 3 0x800015ca (0xa1abef93) x31 0xfffffe7e
core   0: 0x800015ce (0x021dce33) div     t3, s11, ra
core   0: 3 0x800015ce (0x021dce33) x28 0x00000000
core   0: 0x800015d2 (0xfa8acee3) blt     s5, s0, pc - 68
core   0: 3 0x800015d2 (0xfa8acee3)
core   0: 0x8000158e (0x402b0633) sub     a2, s6, sp
core   0: 3 0x8000158e (0x402b0633) x12 0x0000ccbe
core   0: 0x80001592 (0x000086a5) c.srai  a3, 9
core   0: 3 0x80001592 (0x86a5) x13 0xffffffff
core   0: 0x80001594 (0x03dfd633) divu    a2, t6, t4
core   0: 3 0x80001594 (0x03dfd633) x12 0x00000001
core   0: 0x80001598 (0x0000081e) c.slli  a6, 7
core   0: 3 0x80001598 (0x081e) x16 0x00000000
core   0: 0x8000159a (0x40b20033) sub     zero, tp, a1
core   0: 3 0x8000159a (0x40b20033)
core   0: 0x8000159e (0xba654c13) xori    s8, a0, -1114
core   0: 3 0x8000159e (0xba654c13) x24 0xfffffba7
core   0: 0x800015a2 (0x00000a85) c.addi  s5, 1
core   0: 3 0x800015a2 (0x0a85) x21 0x00000007
core   0: 0x800015a4 (0x413159b3) sra     s3, sp, s3
core   0: 3 0x800015a4 (0x413159b3) x19 0x00000000
core   0: 0x800015a8 (0x00008e11) c.sub   a2, a2
core   0: 3 0x800015a8 (0x8e11) x12 0x00000000
core   0: 0x800015aa (0x02f88a33) mul     s4, a7, a5
core   0: 3 0x800015aa (0x02f88a33) x20 0x00000000
core   0: 0x800015ae (0x0000100f) fence.i
core   0: 3 0x800015ae (0x0000100f)
core   0: 0x800015b2 (0x72953513) sltiu   a0, a0, 1833
core   0: 3 0x800015b2 (0x72953513) x10 0x00000001
core   0: 0x800015b6 (0xf5ef0013) addi    zero, t5, -162
core   0: 3 0x800015b6 (0xf5ef0013)
core   0: 0x800015ba (0xb6646f13) ori     t5, s0, -1178
core   0: 3 0x800015ba (0xb6646f13) x30 0xfffffb67
core   0: 0x800015be (0x039ca3b3) mulhsu  t2, s9, s9
core   0: 3 0x800015be (0x039ca3b3) x 7 0x00000000
core   0: 0x800015c2 (0x033723b3) mulhsu  t2, a4, s3
core   0: 3 0x800015c2 (0x033723b3) x 7 0x00000000
core   0: 0x800015c6 (0x401d8c33) sub     s8, s11, ra
core   0: 3 0x800015c6 (0x401d8c33) x24 0xfffffffa
core   0: 0x800015ca (0xa1abef93) ori     t6, s7, -1510
core   0: 3 0x800015ca (0xa1abef93) x31 0xfffffe7e
core   0: 0x800015ce (0x021dce33) div     t3, s11, ra
core   0: 3 0x800015ce (0x021dce33) x28 0x00000000
core   0: 0x800015d2 (0xfa8acee3) blt     s5, s0, pc - 68
core   0: 3 0x800015d2 (0xfa8acee3)
core   0: 0x800015d6 (0x00008d19) c.sub   a0, a4
core   0: 3 0x800015d6 (0x8d19) x10 0x00000001
core   0: 0x800015d8 (0xfff00693) li      a3, -1
core   0: 3 0x800015d8 (0xfff00693) x13 0xffffffff
core   0: 0x800015dc (0x520c7613) andi    a2, s8, 1312
core   0: 3 0x800015dc (0x520c7613) x12 0x00000520
core   0: 0x800015e0 (0x00000001) c.nop
core   0: 3 0x800015e0 (0x0001)
core   0: 0x800015e2 (0x00000001) c.nop
core   0: 3 0x800015e2 (0x0001)
core   0: 0x800015e4 (0x03870233) mul     tp, a4, s8
core   0: 3 0x800015e4 (0x03870233) x 4 0x00000000
core   0: 0x800015e8 (0x00467733) and     a4, a2, tp
core   0: 3 0x800015e8 (0x00467733) x14 0x00000000
core   0: 0x800015ec (0x00000910) c.addi4spn a2, sp, 144
core   0: 3 0x800015ec (0x0910) x12 0x000003d2
core   0: 0x800015ee (0x00d04633) xor     a2, zero, a3
core   0: 3 0x800015ee (0x00d04633) x12 0xffffffff
core   0: 0x800015f2 (0x00000685) c.addi  a3, 1
core   0: 3 0x800015f2 (0x0685) x13 0x00000000
core   0: 0x800015f4 (0x0000100f) fence.i
core   0: 3 0x800015f4 (0x0000100f)
core   0: 0x800015f8 (0x48f5ee93) ori     t4, a1, 1167
core   0: 3 0x800015f8 (0x48f5ee93) x29 0xffffffff
core   0: 0x800015fc (0x00006121) c.addi16sp sp, 64
core   0: 3 0x800015fc (0x6121) x 2 0x00000382
core   0: 0x800015fe (0x0000845d) c.srai  s0, 23
core   0: 3 0x800015fe (0x845d) x 8 0x00000000
core   0: 0x80001600 (0x0000d6fd) c.beqz  a3, pc - 18
core   0: 3 0x80001600 (0xd6fd)
core   0: 0x800015ee (0x00d04633) xor     a2, zero, a3
core   0: 3 0x800015ee (0x00d04633) x12 0x00000000
core   0: 0x800015f2 (0x00000685) c.addi  a3, 1
core   0: 3 0x800015f2 (0x0685) x13 0x00000001
core   0: 0x800015f4 (0x0000100f) fence.i
core   0: 3 0x800015f4 (0x0000100f)
core   0: 0x800015f8 (0x48f5ee93) ori     t4, a1, 1167
core   0: 3 0x800015f8 (0x48f5ee93) x29 0xffffffff
core   0: 0x800015fc (0x00006121) c.addi16sp sp, 64
core   0: 3 0x800015fc (0x6121) x 2 0x000003c2
core   0: 0x800015fe (0x0000845d) c.srai  s0, 23
core   0: 3 0x800015fe (0x845d) x 8 0x00000000
core   0: 0x80001600 (0x0000d6fd) c.beqz  a3, pc - 18
core   0: 3 0x80001600 (0xd6fd)
core   0: 0x80001602 (0x00008e11) c.sub   a2, a2
core   0: 3 0x80001602 (0x8e11) x12 0x00000000
core   0: 0x80001604 (0xff900f13) li      t5, -7
core   0: 3 0x80001604 (0xff900f13) x30 0xfffffff9
core   0: 0x80001608 (0x00009e2a) c.add   t3, a0
core   0: 3 0x80001608 (0x9e2a) x28 0x00000001
core   0: 0x8000160a (0x00703fb3) snez    t6, t2
core   0: 3 0x8000160a (0x00703fb3) x31 0x00000000
core   0: 0x8000160e (0x00100e93) li      t4, 1
core   0: 3 0x8000160e (0x00100e93) x29 0x00000001
core   0: 0x80001612 (0x01e25b33) srl     s6, tp, t5
core   0: 3 0x80001612 (0x01e25b33) x22 0x00000000
core   0: 0x80001616 (0x01d6e8b3) or      a7, a3, t4
core   0: 3 0x80001616 (0x01d6e8b3) x17 0x00000001
core   0: 0x8000161a (0x0000929a) c.add   t0, t1
core   0: 3 0x8000161a (0x929a) x 5 0x00101e38
core   0: 0x8000161c (0x01594333) xor     t1, s2, s5
core   0: 3 0x8000161c (0x01594333) x 6 0xffffffe9
core   0: 0x80001620 (0x00000f21) c.addi  t5, 8
core   0: 3 0x80001620 (0x0f21) x30 0x00000001
core   0: 0x80001622 (0x0000663d) c.lui   a2, 0xf
core   0: 3 0x80001622 (0x663d) x12 0x0000f000
core   0: 0x80001624 (0x411a5cb3) sra     s9, s4, a7
core   0: 3 0x80001624 (0x411a5cb3) x25 0x00000000
core   0: 0x80001628 (0x00400c13) li      s8, 4
core   0: 3 0x80001628 (0x00400c13) x24 0x00000004
core   0: 0x8000162c (0x00000d88) c.addi4spn a0, sp, 720
core   0: 3 0x8000162c (0x0d88) x10 0x00000692
core   0: 0x8000162e (0x0238b0b3) mulhu   ra, a7, gp
core   0: 3 0x8000162e (0x0238b0b3) x 1 0x00000000
core   0: 0x80001632 (0x00300393) li      t2, 3
core   0: 3 0x80001632 (0x00300393) x 7 0x00000003
core   0: 0x80001636 (0x022656b3) divu    a3, a2, sp
core   0: 3 0x80001636 (0x022656b3) x13 0x0000003f
core   0: 0x8000163a (0x00001c79) c.addi  s8, -2
core   0: 3 0x8000163a (0x1c79) x24 0x00000002
core   0: 0x8000163c (0xc82a6513) ori     a0, s4, -894
core   0: 3 0x8000163c (0xc82a6513) x10 0xfffffc82
core   0: 0x80001640 (0x00000b18) c.addi4spn a4, sp, 400
core   0: 3 0x80001640 (0x0b18) x14 0x00000552
core   0: 0x80001642 (0xfe7c7ae3) bgeu    s8, t2, pc - 12
core   0: 3 0x80001642 (0xfe7c7ae3)
core   0: 0x80001646 (0x00008ee1) c.and   a3, s0
core   0: 3 0x80001646 (0x8ee1) x13 0x00000000
core   0: 0x80001648 (0x00d91413) slli    s0, s2, 13
core   0: 3 0x80001648 (0x00d91413) x 8 0xfffdc000
core   0: 0x8000164c (0x000050fd) c.li    ra, -1
core   0: 3 0x8000164c (0x50fd) x 1 0xffffffff
core   0: 0x8000164e (0x6a81bf93) sltiu   t6, gp, 1704
core   0: 3 0x8000164e (0x6a81bf93) x31 0x00000001
core   0: 0x80001652 (0x40db5413) srai    s0, s6, 13
core   0: 3 0x80001652 (0x40db5413) x 8 0x00000000
core   0: 0x80001656 (0x01499293) slli    t0, s3, 20
core   0: 3 0x80001656 (0x01499293) x 5 0x00000000
core   0: 0x8000165a (0xfbdf1ee3) bne     t5, t4, pc - 68
core   0: 3 0x8000165a (0xfbdf1ee3)
core   0: 0x8000165e (0x0000100f) fence.i
core   0: 3 0x8000165e (0x0000100f)
core   0: 0x80001662 (0xffb00593) li      a1, -5
core   0: 3 0x80001662 (0xffb00593) x11 0xfffffffb
core   0: 0x80001666 (0x01a78533) add     a0, a5, s10
core   0: 3 0x80001666 (0x01a78533) x10 0x80000000
core   0: 0x8000166a (0x00900d93) li      s11, 9
core   0: 3 0x8000166a (0x00900d93) x27 0x00000009
core   0: 0x8000166e (0x00008735) c.srai  a4, 13
core   0: 3 0x8000166e (0x8735) x14 0x00000000
core   0: 0x80001670 (0xb3b8c293) xori    t0, a7, -1221
core   0: 3 0x80001670 (0xb3b8c293) x 5 0xfffffb3a
core   0: 0x80001674 (0x00008aa1) c.andi  a3, 8
core   0: 3 0x80001674 (0x8aa1) x13 0x00000000
core   0: 0x80001676 (0x00000585) c.addi  a1, 1
core   0: 3 0x80001676 (0x0585) x11 0xfffffffc
core   0: 0x80001678 (0x02b18d33) mul     s10, gp, a1
core   0: 3 0x80001678 (0x02b18d33) x26 0x00000000
core   0: 0x8000167c (0xffb00613) li      a2, -5
core   0: 3 0x8000167c (0xffb00613) x12 0xfffffffb
core   0: 0x80001680 (0x035b8833) mul     a6, s7, s5
core   0: 3 0x80001680 (0x035b8833) x16 0x800ed4bc
core   0: 0x80001684 (0xff200a13) li      s4, -14
core   0: 3 0x80001684 (0xff200a13) x20 0xfffffff2
core   0: 0x80001688 (0x00006251) c.lui   tp, 0x14
core   0: 3 0x80001688 (0x6251) x 4 0x00014000
core   0: 0x8000168a (0x0000165d) c.addi  a2, -9
core   0: 3 0x8000168a (0x165d) x12 0xfffffff2
core   0: 0x8000168c (0x40c55c93) srai    s9, a0, 12
core   0: 3 0x8000168c (0x40c55c93) x25 0xfff80000
core   0: 0x80001690 (0xff460ce3) beq     a2, s4, pc - 8
core   0: 3 0x80001690 (0xff460ce3)
core   0: 0x80001688 (0x00006251) c.lui   tp, 0x14
core   0: 3 0x80001688 (0x6251) x 4 0x00014000
core   0: 0x8000168a (0x0000165d) c.addi  a2, -9
core   0: 3 0x8000168a (0x165d) x12 0xffffffe9
core   0: 0x8000168c (0x40c55c93) srai    s9, a0, 12
core   0: 3 0x8000168c (0x40c55c93) x25 0xfff80000
core   0: 0x80001690 (0xff460ce3) beq     a2, s4, pc - 8
core   0: 3 0x80001690 (0xff460ce3)
core   0: 0x80001694 (0x00b10e33) add     t3, sp, a1
core   0: 3 0x80001694 (0x00b10e33) x28 0x000003be
core   0: 0x80001698 (0x2718a9b7) lui     s3, 0x2718a
core   0: 3 0x80001698 (0x2718a9b7) x19 0x2718a000
core   0: 0x8000169c (0xfdb58ae3) beq     a1, s11, pc - 44
core   0: 3 0x8000169c (0xfdb58ae3)
core   0: 0x800016a0 (0x02de02b3) mul     t0, t3, a3
core   0: 3 0x800016a0 (0x02de02b3) x 5 0x00000000
core   0: 0x800016a4 (0xff900613) li      a2, -7
core   0: 3 0x800016a4 (0xff900613) x12 0xfffffff9
core   0: 0x800016a8 (0x9cb6f413) andi    s0, a3, -1589
core   0: 3 0x800016a8 (0x9cb6f413) x 8 0x00000000
core   0: 0x800016ac (0x022c2ab3) mulhsu  s5, s8, sp
core   0: 3 0x800016ac (0x022c2ab3) x21 0x00000000
core   0: 0x800016b0 (0x00000001) c.nop
core   0: 3 0x800016b0 (0x0001)
core   0: 0x800016b2 (0x03f8e533) rem     a0, a7, t6
core   0: 3 0x800016b2 (0x03f8e533) x10 0x00000000
core   0: 0x800016b6 (0x000062d5) c.lui   t0, 0x15
core   0: 3 0x800016b6 (0x62d5) x 5 0x00015000
core   0: 0x800016b8 (0x00000d0d) c.addi  s10, 3
core   0: 3 0x800016b8 (0x0d0d) x26 0x00000003
core   0: 0x800016ba (0x0ff0000f) fence   iorw,iorw
core   0: 3 0x800016ba (0x0ff0000f)
core   0: 0x800016be (0xa9ffce93) xori    t4, t6, -1377
core   0: 3 0x800016be (0xa9ffce93) x29 0xfffffa9e
core   0: 0x800016c2 (0x6e4f8397) auipc   t2, 0x6e4f8
core   0: 3 0x800016c2 (0x6e4f8397) x 7 0xee4f96c2
core   0: 0x800016c6 (0x000099fd) c.andi  a1, -1
core   0: 3 0x800016c6 (0x99fd) x11 0xfffffffc
core   0: 0x800016c8 (0xa6565a17) auipc   s4, 0xa6565
core   0: 3 0x800016c8 (0xa6565a17) x20 0x265666c8
core   0: 0x800016cc (0x00000605) c.addi  a2, 1
core   0: 3 0x800016cc (0x0605) x12 0xfffffffa
core   0: 0x800016ce (0x0ff0000f) fence   iorw,iorw
core   0: 3 0x800016ce (0x0ff0000f)
core   0: 0x800016d2 (0x00009c42) c.add   s8, a6
core   0: 3 0x800016d2 (0x9c42) x24 0x800ed4be
core   0: 0x800016d4 (0x00008ddd) c.or    a1, a5
core   0: 3 0x800016d4 (0x8ddd) x11 0xfffffffc
core   0: 0x800016d6 (0x000061dd) c.lui   gp, 0x17
core   0: 3 0x800016d6 (0x61dd) x 3 0x00017000
core   0: 0x800016d8 (0xb94f7e93) andi    t4, t5, -1132
core   0: 3 0x800016d8 (0xb94f7e93) x29 0x00000000
core   0: 0x800016dc (0x02f16733) rem     a4, sp, a5
core   0: 3 0x800016dc (0x02f16733) x14 0x000003c2
core   0: 0x800016e0 (0xc7eba393) slti    t2, s7, -898
core   0: 3 0x800016e0 (0xc7eba393) x 7 0x00000001
core   0: 0x800016e4 (0x0000fa69) c.bnez  a2, pc - 46
core   0: 3 0x800016e4 (0xfa69)
core   0: 0x800016b6 (0x000062d5) c.lui   t0, 0x15
core   0: 3 0x800016b6 (0x62d5) x 5 0x00015000
core   0: 0x800016b8 (0x00000d0d) c.addi  s10, 3
core   0: 3 0x800016b8 (0x0d0d) x26 0x00000006
core   0: 0x800016ba (0x0ff0000f) fence   iorw,iorw
core   0: 3 0x800016ba (0x0ff0000f)
core   0: 0x800016be (0xa9ffce93) xori    t4, t6, -1377
core   0: 3 0x800016be (0xa9ffce93) x29 0xfffffa9e
core   0: 0x800016c2 (0x6e4f8397) auipc   t2, 0x6e4f8
core   0: 3 0x800016c2 (0x6e4f8397) x 7 0xee4f96c2
core   0: 0x800016c6 (0x000099fd) c.andi  a1, -1
core   0: 3 0x800016c6 (0x99fd) x11 0xfffffffc
core   0: 0x800016c8 (0xa6565a17) auipc   s4, 0xa6565
core   0: 3 0x800016c8 (0xa6565a17) x20 0x265666c8
core   0: 0x800016cc (0x00000605) c.addi  a2, 1
core   0: 3 0x800016cc (0x0605) x12 0xfffffffb
core   0: 0x800016ce (0x0ff0000f) fence   iorw,iorw
core   0: 3 0x800016ce (0x0ff0000f)
core   0: 0x800016d2 (0x00009c42) c.add   s8, a6
core   0: 3 0x800016d2 (0x9c42) x24 0x001da97a
core   0: 0x800016d4 (0x00008ddd) c.or    a1, a5
core   0: 3 0x800016d4 (0x8ddd) x11 0xfffffffc
core   0: 0x800016d6 (0x000061dd) c.lui   gp, 0x17
core   0: 3 0x800016d6 (0x61dd) x 3 0x00017000
core   0: 0x800016d8 (0xb94f7e93) andi    t4, t5, -1132
core   0: 3 0x800016d8 (0xb94f7e93) x29 0x00000000
core   0: 0x800016dc (0x02f16733) rem     a4, sp, a5
core   0: 3 0x800016dc (0x02f16733) x14 0x000003c2
core   0: 0x800016e0 (0xc7eba393) slti    t2, s7, -898
core   0: 3 0x800016e0 (0xc7eba393) x 7 0x00000001
core   0: 0x800016e4 (0x0000fa69) c.bnez  a2, pc - 46
core   0: 3 0x800016e4 (0xfa69)
core   0: 0x800016b6 (0x000062d5) c.lui   t0, 0x15
core   0: 3 0x800016b6 (0x62d5) x 5 0x00015000
core   0: 0x800016b8 (0x00000d0d) c.addi  s10, 3
core   0: 3 0x800016b8 (0x0d0d) x26 0x00000009
core   0: 0x800016ba (0x0ff0000f) fence   iorw,iorw
core   0: 3 0x800016ba (0x0ff0000f)
core   0: 0x800016be (0xa9ffce93) xori    t4, t6, -1377
core   0: 3 0x800016be (0xa9ffce93) x29 0xfffffa9e
core   0: 0x800016c2 (0x6e4f8397) auipc   t2, 0x6e4f8
core   0: 3 0x800016c2 (0x6e4f8397) x 7 0xee4f96c2
core   0: 0x800016c6 (0x000099fd) c.andi  a1, -1
core   0: 3 0x800016c6 (0x99fd) x11 0xfffffffc
core   0: 0x800016c8 (0xa6565a17) auipc   s4, 0xa6565
core   0: 3 0x800016c8 (0xa6565a17) x20 0x265666c8
core   0: 0x800016cc (0x00000605) c.addi  a2, 1
core   0: 3 0x800016cc (0x0605) x12 0xfffffffc
core   0: 0x800016ce (0x0ff0000f) fence   iorw,iorw
core   0: 3 0x800016ce (0x0ff0000f)
core   0: 0x800016d2 (0x00009c42) c.add   s8, a6
core   0: 3 0x800016d2 (0x9c42) x24 0x802c7e36
core   0: 0x800016d4 (0x00008ddd) c.or    a1, a5
core   0: 3 0x800016d4 (0x8ddd) x11 0xfffffffc
core   0: 0x800016d6 (0x000061dd) c.lui   gp, 0x17
core   0: 3 0x800016d6 (0x61dd) x 3 0x00017000
core   0: 0x800016d8 (0xb94f7e93) andi    t4, t5, -1132
core   0: 3 0x800016d8 (0xb94f7e93) x29 0x00000000
core   0: 0x800016dc (0x02f16733) rem     a4, sp, a5
core   0: 3 0x800016dc (0x02f16733) x14 0x000003c2
core   0: 0x800016e0 (0xc7eba393) slti    t2, s7, -898
core   0: 3 0x800016e0 (0xc7eba393) x 7 0x00000001
core   0: 0x800016e4 (0x0000fa69) c.bnez  a2, pc - 46
core   0: 3 0x800016e4 (0xfa69)
core   0: 0x800016b6 (0x000062d5) c.lui   t0, 0x15
core   0: 3 0x800016b6 (0x62d5) x 5 0x00015000
core   0: 0x800016b8 (0x00000d0d) c.addi  s10, 3
core   0: 3 0x800016b8 (0x0d0d) x26 0x0000000c
core   0: 0x800016ba (0x0ff0000f) fence   iorw,iorw
core   0: 3 0x800016ba (0x0ff0000f)
core   0: 0x800016be (0xa9ffce93) xori    t4, t6, -1377
core   0: 3 0x800016be (0xa9ffce93) x29 0xfffffa9e
core   0: 0x800016c2 (0x6e4f8397) auipc   t2, 0x6e4f8
core   0: 3 0x800016c2 (0x6e4f8397) x 7 0xee4f96c2
core   0: 0x800016c6 (0x000099fd) c.andi  a1, -1
core   0: 3 0x800016c6 (0x99fd) x11 0xfffffffc
core   0: 0x800016c8 (0xa6565a17) auipc   s4, 0xa6565
core   0: 3 0x800016c8 (0xa6565a17) x20 0x265666c8
core   0: 0x800016cc (0x00000605) c.addi  a2, 1
core   0: 3 0x800016cc (0x0605) x12 0xfffffffd
core   0: 0x800016ce (0x0ff0000f) fence   iorw,iorw
core   0: 3 0x800016ce (0x0ff0000f)
core   0: 0x800016d2 (0x00009c42) c.add   s8, a6
core   0: 3 0x800016d2 (0x9c42) x24 0x003b52f2
core   0: 0x800016d4 (0x00008ddd) c.or    a1, a5
core   0: 3 0x800016d4 (0x8ddd) x11 0xfffffffc
core   0: 0x800016d6 (0x000061dd) c.lui   gp, 0x17
core   0: 3 0x800016d6 (0x61dd) x 3 0x00017000
core   0: 0x800016d8 (0xb94f7e93) andi    t4, t5, -1132
core   0: 3 0x800016d8 (0xb94f7e93) x29 0x00000000
core   0: 0x800016dc (0x02f16733) rem     a4, sp, a5
core   0: 3 0x800016dc (0x02f16733) x14 0x000003c2
core   0: 0x800016e0 (0xc7eba393) slti    t2, s7, -898
core   0: 3 0x800016e0 (0xc7eba393) x 7 0x00000001
core   0: 0x800016e4 (0x0000fa69) c.bnez  a2, pc - 46
core   0: 3 0x800016e4 (0xfa69)
core   0: 0x800016b6 (0x000062d5) c.lui   t0, 0x15
core   0: 3 0x800016b6 (0x62d5) x 5 0x00015000
core   0: 0x800016b8 (0x00000d0d) c.addi  s10, 3
core   0: 3 0x800016b8 (0x0d0d) x26 0x0000000f
core   0: 0x800016ba (0x0ff0000f) fence   iorw,iorw
core   0: 3 0x800016ba (0x0ff0000f)
core   0: 0x800016be (0xa9ffce93) xori    t4, t6, -1377
core   0: 3 0x800016be (0xa9ffce93) x29 0xfffffa9e
core   0: 0x800016c2 (0x6e4f8397) auipc   t2, 0x6e4f8
core   0: 3 0x800016c2 (0x6e4f8397) x 7 0xee4f96c2
core   0: 0x800016c6 (0x000099fd) c.andi  a1, -1
core   0: 3 0x800016c6 (0x99fd) x11 0xfffffffc
core   0: 0x800016c8 (0xa6565a17) auipc   s4, 0xa6565
core   0: 3 0x800016c8 (0xa6565a17) x20 0x265666c8
core   0: 0x800016cc (0x00000605) c.addi  a2, 1
core   0: 3 0x800016cc (0x0605) x12 0xfffffffe
core   0: 0x800016ce (0x0ff0000f) fence   iorw,iorw
core   0: 3 0x800016ce (0x0ff0000f)
core   0: 0x800016d2 (0x00009c42) c.add   s8, a6
core   0: 3 0x800016d2 (0x9c42) x24 0x804a27ae
core   0: 0x800016d4 (0x00008ddd) c.or    a1, a5
core   0: 3 0x800016d4 (0x8ddd) x11 0xfffffffc
core   0: 0x800016d6 (0x000061dd) c.lui   gp, 0x17
core   0: 3 0x800016d6 (0x61dd) x 3 0x00017000
core   0: 0x800016d8 (0xb94f7e93) andi    t4, t5, -1132
core   0: 3 0x800016d8 (0xb94f7e93) x29 0x00000000
core   0: 0x800016dc (0x02f16733) rem     a4, sp, a5
core   0: 3 0x800016dc (0x02f16733) x14 0x000003c2
core   0: 0x800016e0 (0xc7eba393) slti    t2, s7, -898
core   0: 3 0x800016e0 (0xc7eba393) x 7 0x00000001
core   0: 0x800016e4 (0x0000fa69) c.bnez  a2, pc - 46
core   0: 3 0x800016e4 (0xfa69)
core   0: 0x800016b6 (0x000062d5) c.lui   t0, 0x15
core   0: 3 0x800016b6 (0x62d5) x 5 0x00015000
core   0: 0x800016b8 (0x00000d0d) c.addi  s10, 3
core   0: 3 0x800016b8 (0x0d0d) x26 0x00000012
core   0: 0x800016ba (0x0ff0000f) fence   iorw,iorw
core   0: 3 0x800016ba (0x0ff0000f)
core   0: 0x800016be (0xa9ffce93) xori    t4, t6, -1377
core   0: 3 0x800016be (0xa9ffce93) x29 0xfffffa9e
core   0: 0x800016c2 (0x6e4f8397) auipc   t2, 0x6e4f8
core   0: 3 0x800016c2 (0x6e4f8397) x 7 0xee4f96c2
core   0: 0x800016c6 (0x000099fd) c.andi  a1, -1
core   0: 3 0x800016c6 (0x99fd) x11 0xfffffffc
core   0: 0x800016c8 (0xa6565a17) auipc   s4, 0xa6565
core   0: 3 0x800016c8 (0xa6565a17) x20 0x265666c8
core   0: 0x800016cc (0x00000605) c.addi  a2, 1
core   0: 3 0x800016cc (0x0605) x12 0xffffffff
core   0: 0x800016ce (0x0ff0000f) fence   iorw,iorw
core   0: 3 0x800016ce (0x0ff0000f)
core   0: 0x800016d2 (0x00009c42) c.add   s8, a6
core   0: 3 0x800016d2 (0x9c42) x24 0x0058fc6a
core   0: 0x800016d4 (0x00008ddd) c.or    a1, a5
core   0: 3 0x800016d4 (0x8ddd) x11 0xfffffffc
core   0: 0x800016d6 (0x000061dd) c.lui   gp, 0x17
core   0: 3 0x800016d6 (0x61dd) x 3 0x00017000
core   0: 0x800016d8 (0xb94f7e93) andi    t4, t5, -1132
core   0: 3 0x800016d8 (0xb94f7e93) x29 0x00000000
core   0: 0x800016dc (0x02f16733) rem     a4, sp, a5
core   0: 3 0x800016dc (0x02f16733) x14 0x000003c2
core   0: 0x800016e0 (0xc7eba393) slti    t2, s7, -898
core   0: 3 0x800016e0 (0xc7eba393) x 7 0x00000001
core   0: 0x800016e4 (0x0000fa69) c.bnez  a2, pc - 46
core   0: 3 0x800016e4 (0xfa69)
core   0: 0x800016b6 (0x000062d5) c.lui   t0, 0x15
core   0: 3 0x800016b6 (0x62d5) x 5 0x00015000
core   0: 0x800016b8 (0x00000d0d) c.addi  s10, 3
core   0: 3 0x800016b8 (0x0d0d) x26 0x00000015
core   0: 0x800016ba (0x0ff0000f) fence   iorw,iorw
core   0: 3 0x800016ba (0x0ff0000f)
core   0: 0x800016be (0xa9ffce93) xori    t4, t6, -1377
core   0: 3 0x800016be (0xa9ffce93) x29 0xfffffa9e
core   0: 0x800016c2 (0x6e4f8397) auipc   t2, 0x6e4f8
core   0: 3 0x800016c2 (0x6e4f8397) x 7 0xee4f96c2
core   0: 0x800016c6 (0x000099fd) c.andi  a1, -1
core   0: 3 0x800016c6 (0x99fd) x11 0xfffffffc
core   0: 0x800016c8 (0xa6565a17) auipc   s4, 0xa6565
core   0: 3 0x800016c8 (0xa6565a17) x20 0x265666c8
core   0: 0x800016cc (0x00000605) c.addi  a2, 1
core   0: 3 0x800016cc (0x0605) x12 0x00000000
core   0: 0x800016ce (0x0ff0000f) fence   iorw,iorw
core   0: 3 0x800016ce (0x0ff0000f)
core   0: 0x800016d2 (0x00009c42) c.add   s8, a6
core   0: 3 0x800016d2 (0x9c42) x24 0x8067d126
core   0: 0x800016d4 (0x00008ddd) c.or    a1, a5
core   0: 3 0x800016d4 (0x8ddd) x11 0xfffffffc
core   0: 0x800016d6 (0x000061dd) c.lui   gp, 0x17
core   0: 3 0x800016d6 (0x61dd) x 3 0x00017000
core   0: 0x800016d8 (0xb94f7e93) andi    t4, t5, -1132
core   0: 3 0x800016d8 (0xb94f7e93) x29 0x00000000
core   0: 0x800016dc (0x02f16733) rem     a4, sp, a5
core   0: 3 0x800016dc (0x02f16733) x14 0x000003c2
core   0: 0x800016e0 (0xc7eba393) slti    t2, s7, -898
core   0: 3 0x800016e0 (0xc7eba393) x 7 0x00000001
core   0: 0x800016e4 (0x0000fa69) c.bnez  a2, pc - 46
core   0: 3 0x800016e4 (0xfa69)
core   0: 0x800016e6 (0x03e53a33) mulhu   s4, a0, t5
core   0: 3 0x800016e6 (0x03e53a33) x20 0x00000000
core   0: 0x800016ea (0x00400813) li      a6, 4
core   0: 3 0x800016ea (0x00400813) x16 0x00000004
core   0: 0x800016ee (0x00008f55) c.or    a4, a3
core   0: 3 0x800016ee (0x8f55) x14 0x000003c2
core   0: 0x800016f0 (0x40838f33) sub     t5, t2, s0
core   0: 3 0x800016f0 (0x40838f33) x30 0x00000001
core   0: 0x800016f4 (0x027873b3) remu    t2, a6, t2
core   0: 3 0x800016f4 (0x027873b3) x 7 0x00000000
core   0: 0x800016f8 (0x00008731) c.srai  a4, 12
core   0: 3 0x800016f8 (0x8731) x14 0x00000000
core   0: 0x800016fa (0x015afdb3) and     s11, s5, s5
core   0: 3 0x800016fa (0x015afdb3) x27 0x00000000
core   0: 0x800016fe (0x01200113) li      sp, 18
core   0: 3 0x800016fe (0x01200113) x 2 0x00000012
core   0: 0x80001702 (0x00006231) c.lui   tp, 0xc
core   0: 3 0x80001702 (0x6231) x 4 0x0000c000
core   0: 0x80001704 (0x00008241) c.srli  a2, 16
core   0: 3 0x80001704 (0x8241) x12 0x00000000
core   0: 0x80001706 (0x41b85ab3) sra     s5, a6, s11
core   0: 3 0x80001706 (0x41b85ab3) x21 0x00000004
core   0: 0x8000170a (0x00008c39) c.xor   s0, a4
core   0: 3 0x8000170a (0x8c39) x 8 0x00000000
core   0: 0x8000170c (0x019770b3) and     ra, a4, s9
core   0: 3 0x8000170c (0x019770b3) x 1 0x00000000
core   0: 0x80001710 (0x0000100f) fence.i
core   0: 3 0x80001710 (0x0000100f)
core   0: 0x80001714 (0x4ad04e93) xori    t4, zero, 1197
core   0: 3 0x80001714 (0x4ad04e93) x29 0x000004ad
core   0: 0x80001718 (0x00000811) c.addi  a6, 4
core   0: 3 0x80001718 (0x0811) x16 0x00000008
core   0: 0x8000171a (0x00500693) li      a3, 5
core   0: 3 0x8000171a (0x00500693) x13 0x00000005
core   0: 0x8000171e (0x01ab5e33) srl     t3, s6, s10
core   0: 3 0x8000171e (0x01ab5e33) x28 0x00000000
core   0: 0x80001722 (0x8bbdc393) xori    t2, s11, -1861
core   0: 3 0x80001722 (0x8bbdc393) x 7 0xfffff8bb
core   0: 0x80001726 (0x00000001) c.nop
core   0: 3 0x80001726 (0x0001)
core   0: 0x80001728 (0x00008d85) c.sub   a1, s1
core   0: 3 0x80001728 (0x8d85) x11 0x7ffda318
core   0: 0x8000172a (0x5f834c13) xori    s8, t1, 1528
core   0: 3 0x8000172a (0x5f834c13) x24 0xfffffa11
core   0: 0x8000172e (0x02066db3) rem     s11, a2, zero
core   0: 3 0x8000172e (0x02066db3) x27 0x00000000
core   0: 0x80001732 (0x41ed0f33) sub     t5, s10, t5
core   0: 3 0x80001732 (0x41ed0f33) x30 0x00000014
core   0: 0x80001736 (0x00006771) c.lui   a4, 0x1c
core   0: 3 0x80001736 (0x6771) x14 0x0001c000
core   0: 0x80001738 (0x000016ed) c.addi  a3, -5
core   0: 3 0x80001738 (0x16ed) x13 0x00000000
core   0: 0x8000173a (0x82302897) auipc   a7, 0x82302
core   0: 3 0x8000173a (0x82302897) x17 0x0230373a
core   0: 0x8000173e (0x00000001) c.nop
core   0: 3 0x8000173e (0x0001)
core   0: 0x80001740 (0x0000d6fd) c.beqz  a3, pc - 18
core   0: 3 0x80001740 (0xd6fd)
core   0: 0x8000172e (0x02066db3) rem     s11, a2, zero
core   0: 3 0x8000172e (0x02066db3) x27 0x00000000
core   0: 0x80001732 (0x41ed0f33) sub     t5, s10, t5
core   0: 3 0x80001732 (0x41ed0f33) x30 0x00000001
core   0: 0x80001736 (0x00006771) c.lui   a4, 0x1c
core   0: 3 0x80001736 (0x6771) x14 0x0001c000
core   0: 0x80001738 (0x000016ed) c.addi  a3, -5
core   0: 3 0x80001738 (0x16ed) x13 0xfffffffb
core   0: 0x8000173a (0x82302897) auipc   a7, 0x82302
core   0: 3 0x8000173a (0x82302897) x17 0x0230373a
core   0: 0x8000173e (0x00000001) c.nop
core   0: 3 0x8000173e (0x0001)
core   0: 0x80001740 (0x0000d6fd) c.beqz  a3, pc - 18
core   0: 3 0x80001740 (0xd6fd)
core   0: 0x80001742 (0x00008e75) c.and   a2, a3
core   0: 3 0x80001742 (0x8e75) x12 0x00000000
core   0: 0x80001744 (0x0000064e) c.slli  a2, 19
core   0: 3 0x80001744 (0x064e) x12 0x00000000
core   0: 0x80001746 (0xfc2863e3) bltu    a6, sp, pc - 58
core   0: 3 0x80001746 (0xfc2863e3)
core   0: 0x8000170c (0x019770b3) and     ra, a4, s9
core   0: 3 0x8000170c (0x019770b3) x 1 0x00000000
core   0: 0x80001710 (0x0000100f) fence.i
core   0: 3 0x80001710 (0x0000100f)
core   0: 0x80001714 (0x4ad04e93) xori    t4, zero, 1197
core   0: 3 0x80001714 (0x4ad04e93) x29 0x000004ad
core   0: 0x80001718 (0x00000811) c.addi  a6, 4
core   0: 3 0x80001718 (0x0811) x16 0x0000000c
core   0: 0x8000171a (0x00500693) li      a3, 5
core   0: 3 0x8000171a (0x00500693) x13 0x00000005
core   0: 0x8000171e (0x01ab5e33) srl     t3, s6, s10
core   0: 3 0x8000171e (0x01ab5e33) x28 0x00000000
core   0: 0x80001722 (0x8bbdc393) xori    t2, s11, -1861
core   0: 3 0x80001722 (0x8bbdc393) x 7 0xfffff8bb
core   0: 0x80001726 (0x00000001) c.nop
core   0: 3 0x80001726 (0x0001)
core   0: 0x80001728 (0x00008d85) c.sub   a1, s1
core   0: 3 0x80001728 (0x8d85) x11 0xfffb4634
core   0: 0x8000172a (0x5f834c13) xori    s8, t1, 1528
core   0: 3 0x8000172a (0x5f834c13) x24 0xfffffa11
core   0: 0x8000172e (0x02066db3) rem     s11, a2, zero
core   0: 3 0x8000172e (0x02066db3) x27 0x00000000
core   0: 0x80001732 (0x41ed0f33) sub     t5, s10, t5
core   0: 3 0x80001732 (0x41ed0f33) x30 0x00000014
core   0: 0x80001736 (0x00006771) c.lui   a4, 0x1c
core   0: 3 0x80001736 (0x6771) x14 0x0001c000
core   0: 0x80001738 (0x000016ed) c.addi  a3, -5
core   0: 3 0x80001738 (0x16ed) x13 0x00000000
core   0: 0x8000173a (0x82302897) auipc   a7, 0x82302
core   0: 3 0x8000173a (0x82302897) x17 0x0230373a
core   0: 0x8000173e (0x00000001) c.nop
core   0: 3 0x8000173e (0x0001)
core   0: 0x80001740 (0x0000d6fd) c.beqz  a3, pc - 18
core   0: 3 0x80001740 (0xd6fd)
core   0: 0x8000172e (0x02066db3) rem     s11, a2, zero
core   0: 3 0x8000172e (0x02066db3) x27 0x00000000
core   0: 0x80001732 (0x41ed0f33) sub     t5, s10, t5
core   0: 3 0x80001732 (0x41ed0f33) x30 0x00000001
core   0: 0x80001736 (0x00006771) c.lui   a4, 0x1c
core   0: 3 0x80001736 (0x6771) x14 0x0001c000
core   0: 0x80001738 (0x000016ed) c.addi  a3, -5
core   0: 3 0x80001738 (0x16ed) x13 0xfffffffb
core   0: 0x8000173a (0x82302897) auipc   a7, 0x82302
core   0: 3 0x8000173a (0x82302897) x17 0x0230373a
core   0: 0x8000173e (0x00000001) c.nop
core   0: 3 0x8000173e (0x0001)
core   0: 0x80001740 (0x0000d6fd) c.beqz  a3, pc - 18
core   0: 3 0x80001740 (0xd6fd)
core   0: 0x80001742 (0x00008e75) c.and   a2, a3
core   0: 3 0x80001742 (0x8e75) x12 0x00000000
core   0: 0x80001744 (0x0000064e) c.slli  a2, 19
core   0: 3 0x80001744 (0x064e) x12 0x00000000
core   0: 0x80001746 (0xfc2863e3) bltu    a6, sp, pc - 58
core   0: 3 0x80001746 (0xfc2863e3)
core   0: 0x8000170c (0x019770b3) and     ra, a4, s9
core   0: 3 0x8000170c (0x019770b3) x 1 0x00000000
core   0: 0x80001710 (0x0000100f) fence.i
core   0: 3 0x80001710 (0x0000100f)
core   0: 0x80001714 (0x4ad04e93) xori    t4, zero, 1197
core   0: 3 0x80001714 (0x4ad04e93) x29 0x000004ad
core   0: 0x80001718 (0x00000811) c.addi  a6, 4
core   0: 3 0x80001718 (0x0811) x16 0x00000010
core   0: 0x8000171a (0x00500693) li      a3, 5
core   0: 3 0x8000171a (0x00500693) x13 0x00000005
core   0: 0x8000171e (0x01ab5e33) srl     t3, s6, s10
core   0: 3 0x8000171e (0x01ab5e33) x28 0x00000000
core   0: 0x80001722 (0x8bbdc393) xori    t2, s11, -1861
core   0: 3 0x80001722 (0x8bbdc393) x 7 0xfffff8bb
core   0: 0x80001726 (0x00000001) c.nop
core   0: 3 0x80001726 (0x0001)
core   0: 0x80001728 (0x00008d85) c.sub   a1, s1
core   0: 3 0x80001728 (0x8d85) x11 0x7ff8e950
core   0: 0x8000172a (0x5f834c13) xori    s8, t1, 1528
core   0: 3 0x8000172a (0x5f834c13) x24 0xfffffa11
core   0: 0x8000172e (0x02066db3) rem     s11, a2, zero
core   0: 3 0x8000172e (0x02066db3) x27 0x00000000
core   0: 0x80001732 (0x41ed0f33) sub     t5, s10, t5
core   0: 3 0x80001732 (0x41ed0f33) x30 0x00000014
core   0: 0x80001736 (0x00006771) c.lui   a4, 0x1c
core   0: 3 0x80001736 (0x6771) x14 0x0001c000
core   0: 0x80001738 (0x000016ed) c.addi  a3, -5
core   0: 3 0x80001738 (0x16ed) x13 0x00000000
core   0: 0x8000173a (0x82302897) auipc   a7, 0x82302
core   0: 3 0x8000173a (0x82302897) x17 0x0230373a
core   0: 0x8000173e (0x00000001) c.nop
core   0: 3 0x8000173e (0x0001)
core   0: 0x80001740 (0x0000d6fd) c.beqz  a3, pc - 18
core   0: 3 0x80001740 (0xd6fd)
core   0: 0x8000172e (0x02066db3) rem     s11, a2, zero
core   0: 3 0x8000172e (0x02066db3) x27 0x00000000
core   0: 0x80001732 (0x41ed0f33) sub     t5, s10, t5
core   0: 3 0x80001732 (0x41ed0f33) x30 0x00000001
core   0: 0x80001736 (0x00006771) c.lui   a4, 0x1c
core   0: 3 0x80001736 (0x6771) x14 0x0001c000
core   0: 0x80001738 (0x000016ed) c.addi  a3, -5
core   0: 3 0x80001738 (0x16ed) x13 0xfffffffb
core   0: 0x8000173a (0x82302897) auipc   a7, 0x82302
core   0: 3 0x8000173a (0x82302897) x17 0x0230373a
core   0: 0x8000173e (0x00000001) c.nop
core   0: 3 0x8000173e (0x0001)
core   0: 0x80001740 (0x0000d6fd) c.beqz  a3, pc - 18
core   0: 3 0x80001740 (0xd6fd)
core   0: 0x80001742 (0x00008e75) c.and   a2, a3
core   0: 3 0x80001742 (0x8e75) x12 0x00000000
core   0: 0x80001744 (0x0000064e) c.slli  a2, 19
core   0: 3 0x80001744 (0x064e) x12 0x00000000
core   0: 0x80001746 (0xfc2863e3) bltu    a6, sp, pc - 58
core   0: 3 0x80001746 (0xfc2863e3)
core   0: 0x8000170c (0x019770b3) and     ra, a4, s9
core   0: 3 0x8000170c (0x019770b3) x 1 0x00000000
core   0: 0x80001710 (0x0000100f) fence.i
core   0: 3 0x80001710 (0x0000100f)
core   0: 0x80001714 (0x4ad04e93) xori    t4, zero, 1197
core   0: 3 0x80001714 (0x4ad04e93) x29 0x000004ad
core   0: 0x80001718 (0x00000811) c.addi  a6, 4
core   0: 3 0x80001718 (0x0811) x16 0x00000014
core   0: 0x8000171a (0x00500693) li      a3, 5
core   0: 3 0x8000171a (0x00500693) x13 0x00000005
core   0: 0x8000171e (0x01ab5e33) srl     t3, s6, s10
core   0: 3 0x8000171e (0x01ab5e33) x28 0x00000000
core   0: 0x80001722 (0x8bbdc393) xori    t2, s11, -1861
core   0: 3 0x80001722 (0x8bbdc393) x 7 0xfffff8bb
core   0: 0x80001726 (0x00000001) c.nop
core   0: 3 0x80001726 (0x0001)
core   0: 0x80001728 (0x00008d85) c.sub   a1, s1
core   0: 3 0x80001728 (0x8d85) x11 0xfff68c6c
core   0: 0x8000172a (0x5f834c13) xori    s8, t1, 1528
core   0: 3 0x8000172a (0x5f834c13) x24 0xfffffa11
core   0: 0x8000172e (0x02066db3) rem     s11, a2, zero
core   0: 3 0x8000172e (0x02066db3) x27 0x00000000
core   0: 0x80001732 (0x41ed0f33) sub     t5, s10, t5
core   0: 3 0x80001732 (0x41ed0f33) x30 0x00000014
core   0: 0x80001736 (0x00006771) c.lui   a4, 0x1c
core   0: 3 0x80001736 (0x6771) x14 0x0001c000
core   0: 0x80001738 (0x000016ed) c.addi  a3, -5
core   0: 3 0x80001738 (0x16ed) x13 0x00000000
core   0: 0x8000173a (0x82302897) auipc   a7, 0x82302
core   0: 3 0x8000173a (0x82302897) x17 0x0230373a
core   0: 0x8000173e (0x00000001) c.nop
core   0: 3 0x8000173e (0x0001)
core   0: 0x80001740 (0x0000d6fd) c.beqz  a3, pc - 18
core   0: 3 0x80001740 (0xd6fd)
core   0: 0x8000172e (0x02066db3) rem     s11, a2, zero
core   0: 3 0x8000172e (0x02066db3) x27 0x00000000
core   0: 0x80001732 (0x41ed0f33) sub     t5, s10, t5
core   0: 3 0x80001732 (0x41ed0f33) x30 0x00000001
core   0: 0x80001736 (0x00006771) c.lui   a4, 0x1c
core   0: 3 0x80001736 (0x6771) x14 0x0001c000
core   0: 0x80001738 (0x000016ed) c.addi  a3, -5
core   0: 3 0x80001738 (0x16ed) x13 0xfffffffb
core   0: 0x8000173a (0x82302897) auipc   a7, 0x82302
core   0: 3 0x8000173a (0x82302897) x17 0x0230373a
core   0: 0x8000173e (0x00000001) c.nop
core   0: 3 0x8000173e (0x0001)
core   0: 0x80001740 (0x0000d6fd) c.beqz  a3, pc - 18
core   0: 3 0x80001740 (0xd6fd)
core   0: 0x80001742 (0x00008e75) c.and   a2, a3
core   0: 3 0x80001742 (0x8e75) x12 0x00000000
core   0: 0x80001744 (0x0000064e) c.slli  a2, 19
core   0: 3 0x80001744 (0x064e) x12 0x00000000
core   0: 0x80001746 (0xfc2863e3) bltu    a6, sp, pc - 58
core   0: 3 0x80001746 (0xfc2863e3)
core   0: 0x8000174a (0x00008e61) c.and   a2, s0
core   0: 3 0x8000174a (0x8e61) x12 0x00000000
core   0: 0x8000174c (0xff800893) li      a7, -8
core   0: 3 0x8000174c (0xff800893) x17 0xfffffff8
core   0: 0x80001750 (0x02131533) mulh    a0, t1, ra
core   0: 3 0x80001750 (0x02131533) x10 0x00000000
core   0: 0x80001754 (0x00008d6d) c.and   a0, a1
core   0: 3 0x80001754 (0x8d6d) x10 0x00000000
core   0: 0x80001756 (0xffb00213) li      tp, -5
core   0: 3 0x80001756 (0xffb00213) x 4 0xfffffffb
core   0: 0x8000175a (0x03430633) mul     a2, t1, s4
core   0: 3 0x8000175a (0x03430633) x12 0x00000000
core   0: 0x8000175e (0x0000717d) c.addi16sp sp, -16
core   0: 3 0x8000175e (0x717d) x 2 0x00000002
core   0: 0x80001760 (0x0135b2b3) sltu    t0, a1, s3
core   0: 3 0x80001760 (0x0135b2b3) x 5 0x00000000
core   0: 0x80001764 (0x79d2ff93) andi    t6, t0, 1949
core   0: 3 0x80001764 (0x79d2ff93) x31 0x00000000
core   0: 0x80001768 (0x00000885) c.addi  a7, 1
core   0: 3 0x80001768 (0x0885) x17 0xfffffff9
core   0: 0x8000176a (0x40cc55b3) sra     a1, s8, a2
core   0: 3 0x8000176a (0x40cc55b3) x11 0xfffffa11
core   0: 0x8000176e (0xfe4899e3) bne     a7, tp, pc - 14
core   0: 3 0x8000176e (0xfe4899e3)
core   0: 0x80001760 (0x0135b2b3) sltu    t0, a1, s3
core   0: 3 0x80001760 (0x0135b2b3) x 5 0x00000000
core   0: 0x80001764 (0x79d2ff93) andi    t6, t0, 1949
core   0: 3 0x80001764 (0x79d2ff93) x31 0x00000000
core   0: 0x80001768 (0x00000885) c.addi  a7, 1
core   0: 3 0x80001768 (0x0885) x17 0xfffffffa
core   0: 0x8000176a (0x40cc55b3) sra     a1, s8, a2
core   0: 3 0x8000176a (0x40cc55b3) x11 0xfffffa11
core   0: 0x8000176e (0xfe4899e3) bne     a7, tp, pc - 14
core   0: 3 0x8000176e (0xfe4899e3)
core   0: 0x80001760 (0x0135b2b3) sltu    t0, a1, s3
core   0: 3 0x80001760 (0x0135b2b3) x 5 0x00000000
core   0: 0x80001764 (0x79d2ff93) andi    t6, t0, 1949
core   0: 3 0x80001764 (0x79d2ff93) x31 0x00000000
core   0: 0x80001768 (0x00000885) c.addi  a7, 1
core   0: 3 0x80001768 (0x0885) x17 0xfffffffb
core   0: 0x8000176a (0x40cc55b3) sra     a1, s8, a2
core   0: 3 0x8000176a (0x40cc55b3) x11 0xfffffa11
core   0: 0x8000176e (0xfe4899e3) bne     a7, tp, pc - 14
core   0: 3 0x8000176e (0xfe4899e3)
core   0: 0x80001772 (0x00117c33) and     s8, sp, ra
core   0: 3 0x80001772 (0x00117c33) x24 0x00000000
core   0: 0x80001776 (0xffb00613) li      a2, -5
core   0: 3 0x80001776 (0xffb00613) x12 0xfffffffb
core   0: 0x8000177a (0x00c4a233) slt     tp, s1, a2
core   0: 3 0x8000177a (0x00c4a233) x 4 0x00000001
core   0: 0x8000177e (0x015d1093) slli    ra, s10, 21
core   0: 3 0x8000177e (0x015d1093) x 1 0x02a00000
core   0: 0x80001782 (0x98bcff97) auipc   t6, 0x98bcf
core   0: 3 0x80001782 (0x98bcff97) x31 0x18bd0782
core   0: 0x80001786 (0x0000970e) c.add   a4, gp
core   0: 3 0x80001786 (0x970e) x14 0x00033000
core   0: 0x80001788 (0x0370c233) div     tp, ra, s7
core   0: 3 0x80001788 (0x0370c233) x 4 0x00000000
core   0: 0x8000178c (0x00b663b3) or      t2, a2, a1
core   0: 3 0x8000178c (0x00b663b3) x 7 0xfffffffb
core   0: 0x80001790 (0x00006d5d) c.lui   s10, 0x17
core   0: 3 0x80001790 (0x6d5d) x26 0x00017000
core   0: 0x80001792 (0x00811f13) slli    t5, sp, 8
core   0: 3 0x80001792 (0x00811f13) x30 0x00000200
core   0: 0x80001796 (0x00000a6a) c.slli  s4, 26
core   0: 3 0x80001796 (0x0a6a) x20 0x00000000
core   0: 0x80001798 (0x0000882a) c.mv    a6, a0
core   0: 3 0x80001798 (0x882a) x16 0x00000000
core   0: 0x8000179a (0xff500d93) li      s11, -11
core   0: 3 0x8000179a (0xff500d93) x27 0xfffffff5
core   0: 0x8000179e (0xe7adf013) andi    zero, s11, -390
core   0: 3 0x8000179e (0xe7adf013)
core   0: 0x800017a2 (0x02ca0cb3) mul     s9, s4, a2
core   0: 3 0x800017a2 (0x02ca0cb3) x25 0x00000000
core   0: 0x800017a6 (0x00008d49) c.or    a0, a0
core   0: 3 0x800017a6 (0x8d49) x10 0x00000000
core   0: 0x800017a8 (0x00953d33) sltu    s10, a0, s1
core   0: 3 0x800017a8 (0x00953d33) x26 0x00000001
core   0: 0x800017ac (0x0000817d) c.srli  a0, 31
core   0: 3 0x800017ac (0x817d) x10 0x00000000
core   0: 0x800017ae (0x001ed433) srl     s0, t4, ra
core   0: 3 0x800017ae (0x001ed433) x 8 0x000004ad
core   0: 0x800017b2 (0x031e1f33) mulh    t5, t3, a7
core   0: 3 0x800017b2 (0x031e1f33) x30 0x00000000
core   0: 0x800017b6 (0x00008f05) c.sub   a4, s1
core   0: 3 0x800017b6 (0x8f05) x14 0x8000d31c
core   0: 0x800017b8 (0x0000167d) c.addi  a2, -1
core   0: 3 0x800017b8 (0x167d) x12 0xfffffffa
core   0: 0x800017ba (0x00006995) c.lui   s3, 0x5
core   0: 3 0x800017ba (0x6995) x19 0x00005000
core   0: 0x800017bc (0xcb8c69b7) lui     s3, 0xcb8c6
core   0: 3 0x800017bc (0xcb8c69b7) x19 0xcb8c6000
core   0: 0x800017c0 (0x030fae33) mulhsu  t3, t6, a6
core   0: 3 0x800017c0 (0x030fae33) x28 0x00000000
core   0: 0x800017c4 (0x0ff0000f) fence   iorw,iorw
core   0: 3 0x800017c4 (0x0ff0000f)
core   0: 0x800017c8 (0x00911733) sll     a4, sp, s1
core   0: 3 0x800017c8 (0x00911733) x14 0x00000020
core   0: 0x800017cc (0x00001000) c.addi4spn s0, sp, 32
core   0: 3 0x800017cc (0x1000) x 8 0x00000022
core   0: 0x800017ce (0x00006ac9) c.lui   s5, 0x12
core   0: 3 0x800017ce (0x6ac9) x21 0x00012000
core   0: 0x800017d0 (0xfdb60be3) beq     a2, s11, pc - 42
core   0: 3 0x800017d0 (0xfdb60be3)
core   0: 0x800017d4 (0x00000001) c.nop
core   0: 3 0x800017d4 (0x0001)
core   0: 0x800017d6 (0xff700713) li      a4, -9
core   0: 3 0x800017d6 (0xff700713) x14 0xfffffff7
core   0: 0x800017da (0xa6bf0e13) addi    t3, t5, -1429
core   0: 3 0x800017da (0xa6bf0e13) x28 0xfffffa6b
core   0: 0x800017de (0x63ff2613) slti    a2, t5, 1599
core   0: 3 0x800017de (0x63ff2613) x12 0x00000001
core   0: 0x800017e2 (0x019d7db3) and     s11, s10, s9
core   0: 3 0x800017e2 (0x019d7db3) x27 0x00000000
core   0: 0x800017e6 (0xffd00593) li      a1, -3
core   0: 3 0x800017e6 (0xffd00593) x11 0xfffffffd
core   0: 0x800017ea (0x00622fb3) slt     t6, tp, t1
core   0: 3 0x800017ea (0x00622fb3) x31 0x00000000
core   0: 0x800017ee (0x28369197) auipc   gp, 0x28369
core   0: 3 0x800017ee (0x28369197) x 3 0xa836a7ee
core   0: 0x800017f2 (0x00ae6eb3) or      t4, t3, a0
core   0: 3 0x800017f2 (0x00ae6eb3) x29 0xfffffa6b
core   0: 0x800017f6 (0x00008d1d) c.sub   a0, a5
core   0: 3 0x800017f6 (0x8d1d) x10 0x80000000
core   0: 0x800017f8 (0x413cde33) sra     t3, s9, s3
core   0: 3 0x800017f8 (0x413cde33) x28 0x00000000
core   0: 0x800017fc (0x00000725) c.addi  a4, 9
core   0: 3 0x800017fc (0x0725) x14 0x00000000
core   0: 0x800017fe (0x03cf7033) remu    zero, t5, t3
core   0: 3 0x800017fe (0x03cf7033)
core   0: 0x80001802 (0x02013633) mulhu   a2, sp, zero
core   0: 3 0x80001802 (0x02013633) x12 0x00000000
core   0: 0x80001806 (0x00009fe6) c.add   t6, s9
core   0: 3 0x80001806 (0x9fe6) x31 0x00000000
core   0: 0x80001808 (0x00008c59) c.or    s0, a4
core   0: 3 0x80001808 (0x8c59) x 8 0x00000022
core   0: 0x8000180a (0x000052fd) c.li    t0, -1
core   0: 3 0x8000180a (0x52fd) x 5 0xffffffff
core   0: 0x8000180c (0x00009a26) c.add   s4, s1
core   0: 3 0x8000180c (0x9a26) x20 0x80025ce4
core   0: 0x8000180e (0x355e4697) auipc   a3, 0x355e4
core   0: 3 0x8000180e (0x355e4697) x13 0xb55e580e
core   0: 0x80001812 (0x000099fe) c.add   s3, t6
core   0: 3 0x80001812 (0x99fe) x19 0xcb8c6000
core   0: 0x80001814 (0x00006185) c.lui   gp, 0x1
core   0: 3 0x80001814 (0x6185) x 3 0x00001000
core   0: 0x80001816 (0x00e791b3) sll     gp, a5, a4
core   0: 3 0x80001816 (0x00e791b3) x 3 0x80000000
core   0: 0x8000181a (0x01d613b3) sll     t2, a2, t4
core   0: 3 0x8000181a (0x01d613b3) x 7 0x00000000
core   0: 0x8000181e (0x008f0cb3) add     s9, t5, s0
core   0: 3 0x8000181e (0x008f0cb3) x25 0x00000022
core   0: 0x80001822 (0x00004a85) c.li    s5, 1
core   0: 3 0x80001822 (0x4a85) x21 0x00000001
core   0: 0x80001824 (0xfcb747e3) blt     a4, a1, pc - 50
core   0: 3 0x80001824 (0xfcb747e3)
core   0: 0x80001828 (0x416a5cb3) sra     s9, s4, s6
core   0: 3 0x80001828 (0x416a5cb3) x25 0x80025ce4
core   0: 0x8000182c (0x00300a93) li      s5, 3
core   0: 3 0x8000182c (0x00300a93) x21 0x00000003
core   0: 0x80001830 (0x00c00913) li      s2, 12
core   0: 3 0x80001830 (0x00c00913) x18 0x0000000c
core   0: 0x80001834 (0x6efd9817) auipc   a6, 0x6efd9
core   0: 3 0x80001834 (0x6efd9817) x16 0xeefda834
core   0: 0x80001838 (0x00000aa5) c.addi  s5, 9
core   0: 3 0x80001838 (0x0aa5) x21 0x0000000c
core   0: 0x8000183a (0x00000001) c.nop
core   0: 3 0x8000183a (0x0001)
core   0: 0x8000183c (0xffa00693) li      a3, -6
core   0: 3 0x8000183c (0xffa00693) x13 0xfffffffa
core   0: 0x80001840 (0x00c00d93) li      s11, 12
core   0: 3 0x80001840 (0x00c00d93) x27 0x0000000c
core   0: 0x80001844 (0x0fe4bf93) sltiu   t6, s1, 254
core   0: 3 0x80001844 (0x0fe4bf93) x31 0x00000000
core   0: 0x80001848 (0x0028a133) slt     sp, a7, sp
core   0: 3 0x80001848 (0x0028a133) x 2 0x00000001
core   0: 0x8000184c (0x00008031) c.srli  s0, 12
core   0: 3 0x8000184c (0x8031) x 8 0x00000000
core   0: 0x8000184e (0x03d9b033) mulhu   zero, s3, t4
core   0: 3 0x8000184e (0x03d9b033)
core   0: 0x80001852 (0x00000689) c.addi  a3, 2
core   0: 3 0x80001852 (0x0689) x13 0xfffffffc
core   0: 0x80001854 (0xffb6cde3) blt     a3, s11, pc - 6
core   0: 3 0x80001854 (0xffb6cde3)
core   0: 0x8000184e (0x03d9b033) mulhu   zero, s3, t4
core   0: 3 0x8000184e (0x03d9b033)
core   0: 0x80001852 (0x00000689) c.addi  a3, 2
core   0: 3 0x80001852 (0x0689) x13 0xfffffffe
core   0: 0x80001854 (0xffb6cde3) blt     a3, s11, pc - 6
core   0: 3 0x80001854 (0xffb6cde3)
core   0: 0x8000184e (0x03d9b033) mulhu   zero, s3, t4
core   0: 3 0x8000184e (0x03d9b033)
core   0: 0x80001852 (0x00000689) c.addi  a3, 2
core   0: 3 0x80001852 (0x0689) x13 0x00000000
core   0: 0x80001854 (0xffb6cde3) blt     a3, s11, pc - 6
core   0: 3 0x80001854 (0xffb6cde3)
core   0: 0x8000184e (0x03d9b033) mulhu   zero, s3, t4
core   0: 3 0x8000184e (0x03d9b033)
core   0: 0x80001852 (0x00000689) c.addi  a3, 2
core   0: 3 0x80001852 (0x0689) x13 0x00000002
core   0: 0x80001854 (0xffb6cde3) blt     a3, s11, pc - 6
core   0: 3 0x80001854 (0xffb6cde3)
core   0: 0x8000184e (0x03d9b033) mulhu   zero, s3, t4
core   0: 3 0x8000184e (0x03d9b033)
core   0: 0x80001852 (0x00000689) c.addi  a3, 2
core   0: 3 0x80001852 (0x0689) x13 0x00000004
core   0: 0x80001854 (0xffb6cde3) blt     a3, s11, pc - 6
core   0: 3 0x80001854 (0xffb6cde3)
core   0: 0x8000184e (0x03d9b033) mulhu   zero, s3, t4
core   0: 3 0x8000184e (0x03d9b033)
core   0: 0x80001852 (0x00000689) c.addi  a3, 2
core   0: 3 0x80001852 (0x0689) x13 0x00000006
core   0: 0x80001854 (0xffb6cde3) blt     a3, s11, pc - 6
core   0: 3 0x80001854 (0xffb6cde3)
core   0: 0x8000184e (0x03d9b033) mulhu   zero, s3, t4
core   0: 3 0x8000184e (0x03d9b033)
core   0: 0x80001852 (0x00000689) c.addi  a3, 2
core   0: 3 0x80001852 (0x0689) x13 0x00000008
core   0: 0x80001854 (0xffb6cde3) blt     a3, s11, pc - 6
core   0: 3 0x80001854 (0xffb6cde3)
core   0: 0x8000184e (0x03d9b033) mulhu   zero, s3, t4
core   0: 3 0x8000184e (0x03d9b033)
core   0: 0x80001852 (0x00000689) c.addi  a3, 2
core   0: 3 0x80001852 (0x0689) x13 0x0000000a
core   0: 0x80001854 (0xffb6cde3) blt     a3, s11, pc - 6
core   0: 3 0x80001854 (0xffb6cde3)
core   0: 0x8000184e (0x03d9b033) mulhu   zero, s3, t4
core   0: 3 0x8000184e (0x03d9b033)
core   0: 0x80001852 (0x00000689) c.addi  a3, 2
core   0: 3 0x80001852 (0x0689) x13 0x0000000c
core   0: 0x80001854 (0xffb6cde3) blt     a3, s11, pc - 6
core   0: 3 0x80001854 (0xffb6cde3)
core   0: 0x80001858 (0xfd2a9ee3) bne     s5, s2, pc - 36
core   0: 3 0x80001858 (0xfd2a9ee3)
core   0: 0x8000185c (0x0041b9b3) sltu    s3, gp, tp
core   0: 3 0x8000185c (0x0041b9b3) x19 0x00000000
core   0: 0x80001860 (0xff900e93) li      t4, -7
core   0: 3 0x80001860 (0xff900e93) x29 0xfffffff9
core   0: 0x80001864 (0x014ed033) srl     zero, t4, s4
core   0: 3 0x80001864 (0x014ed033)
core   0: 0x80001868 (0x0234a8b3) mulhsu  a7, s1, gp
core   0: 3 0x80001868 (0x0234a8b3) x17 0xc0012e72
core   0: 0x8000186c (0xcd08bf93) sltiu   t6, a7, -816
core   0: 3 0x8000186c (0xcd08bf93) x31 0x00000001
core   0: 0x80001870 (0x00006c0d) c.lui   s8, 0x3
core   0: 3 0x80001870 (0x6c0d) x24 0x00003000
core   0: 0x80001872 (0x01d1c8b3) xor     a7, gp, t4
core   0: 3 0x80001872 (0x01d1c8b3) x17 0x7ffffff9
core   0: 0x80001876 (0x7020eb13) ori     s6, ra, 1794
core   0: 3 0x80001876 (0x7020eb13) x22 0x02a00702
core   0: 0x8000187a (0x0000100f) fence.i
core   0: 3 0x8000187a (0x0000100f)
core   0: 0x8000187e (0xffa00e13) li      t3, -6
core   0: 3 0x8000187e (0xffa00e13) x28 0xfffffffa
core   0: 0x80001882 (0x00006165) c.addi16sp sp, 112
core   0: 3 0x80001882 (0x6165) x 2 0x00000071
core   0: 0x80001884 (0x00001790) c.addi4spn a2, sp, 992
core   0: 3 0x80001884 (0x1790) x12 0x00000451
core   0: 0x80001886 (0x009126b3) slt     a3, sp, s1
core   0: 3 0x80001886 (0x009126b3) x13 0x00000000
core   0: 0x8000188a (0x00000ea9) c.addi  t4, 10
core   0: 3 0x8000188a (0x0ea9) x29 0x00000003
core   0: 0x8000188c (0xd4e0a393) slti    t2, ra, -690
core   0: 3 0x8000188c (0xd4e0a393) x 7 0x00000000
core   0: 0x80001890 (0x00001f90) c.addi4spn a2, sp, 1008
core   0: 3 0x80001890 (0x1f90) x12 0x00000461
core   0: 0x80001892 (0xffcec9e3) blt     t4, t3, pc - 14
core   0: 3 0x80001892 (0xffcec9e3)
core   0: 0x80001896 (0x408f0d33) sub     s10, t5, s0
core   0: 3 0x80001896 (0x408f0d33) x26 0x00000000
core   0: 0x8000189a (0xfff00193) li      gp, -1
core   0: 3 0x8000189a (0xfff00193) x 3 0xffffffff
core   0: 0x8000189e (0x40455c33) sra     s8, a0, tp
core   0: 3 0x8000189e (0x40455c33) x24 0x80000000
core   0: 0x800018a2 (0x00000001) c.nop
core   0: 3 0x800018a2 (0x0001)
core   0: 0x800018a4 (0x00008c75) c.and   s0, a3
core   0: 3 0x800018a4 (0x8c75) x 8 0x00000000
core   0: 0x800018a6 (0x013c8933) add     s2, s9, s3
core   0: 3 0x800018a6 (0x013c8933) x18 0x80025ce4
core   0: 0x800018aa (0xfef00313) li      t1, -17
core   0: 3 0x800018aa (0xfef00313) x 6 0xffffffef
core   0: 0x800018ae (0x011a8733) add     a4, s5, a7
core   0: 3 0x800018ae (0x011a8733) x14 0x80000005
core   0: 0x800018b2 (0x41720a33) sub     s4, tp, s7
core   0: 3 0x800018b2 (0x41720a33) x20 0x7ffde19c
core   0: 0x800018b6 (0x00c073b3) and     t2, zero, a2
core   0: 3 0x800018b6 (0x00c073b3) x 7 0x00000000
core   0: 0x800018ba (0x40d88c33) sub     s8, a7, a3
core   0: 3 0x800018ba (0x40d88c33) x24 0x7ffffff9
core   0: 0x800018be (0x00008a31) c.andi  a2, 12
core   0: 3 0x800018be (0x8a31) x12 0x00000000
core   0: 0x800018c0 (0x000011e1) c.addi  gp, -8
core   0: 3 0x800018c0 (0x11e1) x 3 0xfffffff7
core   0: 0x800018c2 (0x003d5713) srli    a4, s10, 3
core   0: 3 0x800018c2 (0x003d5713) x14 0x00000000
core   0: 0x800018c6 (0x000009f1) c.addi  s3, 28
core   0: 3 0x800018c6 (0x09f1) x19 0x0000001c
core   0: 0x800018c8 (0x00a00813) li      a6, 10
core   0: 3 0x800018c8 (0x00a00813) x16 0x0000000a
core   0: 0x800018cc (0x00008d15) c.sub   a0, a3
core   0: 3 0x800018cc (0x8d15) x10 0x80000000
core   0: 0x800018ce (0x00d00b13) li      s6, 13
core   0: 3 0x800018ce (0x00d00b13) x22 0x0000000d
core   0: 0x800018d2 (0x00008c49) c.or    s0, a0
core   0: 3 0x800018d2 (0x8c49) x 8 0x80000000
core   0: 0x800018d4 (0x00eff2b3) and     t0, t6, a4
core   0: 3 0x800018d4 (0x00eff2b3) x 5 0x00000000
core   0: 0x800018d8 (0x00000829) c.addi  a6, 10
core   0: 3 0x800018d8 (0x0829) x16 0x00000014
core   0: 0x800018da (0x00008c75) c.and   s0, a3
core   0: 3 0x800018da (0x8c75) x 8 0x00000000
core   0: 0x800018dc (0xff686ce3) bltu    a6, s6, pc - 8
core   0: 3 0x800018dc (0xff686ce3)
core   0: 0x800018e0 (0xfc619fe3) bne     gp, t1, pc - 34
core   0: 3 0x800018e0 (0xfc619fe3)
core   0: 0x800018be (0x00008a31) c.andi  a2, 12
core   0: 3 0x800018be (0x8a31) x12 0x00000000
core   0: 0x800018c0 (0x000011e1) c.addi  gp, -8
core   0: 3 0x800018c0 (0x11e1) x 3 0xffffffef
core   0: 0x800018c2 (0x003d5713) srli    a4, s10, 3
core   0: 3 0x800018c2 (0x003d5713) x14 0x00000000
core   0: 0x800018c6 (0x000009f1) c.addi  s3, 28
core   0: 3 0x800018c6 (0x09f1) x19 0x00000038
core   0: 0x800018c8 (0x00a00813) li      a6, 10
core   0: 3 0x800018c8 (0x00a00813) x16 0x0000000a
core   0: 0x800018cc (0x00008d15) c.sub   a0, a3
core   0: 3 0x800018cc (0x8d15) x10 0x80000000
core   0: 0x800018ce (0x00d00b13) li      s6, 13
core   0: 3 0x800018ce (0x00d00b13) x22 0x0000000d
core   0: 0x800018d2 (0x00008c49) c.or    s0, a0
core   0: 3 0x800018d2 (0x8c49) x 8 0x80000000
core   0: 0x800018d4 (0x00eff2b3) and     t0, t6, a4
core   0: 3 0x800018d4 (0x00eff2b3) x 5 0x00000000
core   0: 0x800018d8 (0x00000829) c.addi  a6, 10
core   0: 3 0x800018d8 (0x0829) x16 0x00000014
core   0: 0x800018da (0x00008c75) c.and   s0, a3
core   0: 3 0x800018da (0x8c75) x 8 0x00000000
core   0: 0x800018dc (0xff686ce3) bltu    a6, s6, pc - 8
core   0: 3 0x800018dc (0xff686ce3)
core   0: 0x800018e0 (0xfc619fe3) bne     gp, t1, pc - 34
core   0: 3 0x800018e0 (0xfc619fe3)
core   0: 0x800018e4 (0x0000100f) fence.i
core   0: 3 0x800018e4 (0x0000100f)
core   0: 0x800018e8 (0x00a00613) li      a2, 10
core   0: 3 0x800018e8 (0x00a00613) x12 0x0000000a
core   0: 0x800018ec (0x00900413) li      s0, 9
core   0: 3 0x800018ec (0x00900413) x 8 0x00000009
core   0: 0x800018f0 (0xff8df093) andi    ra, s11, -8
core   0: 3 0x800018f0 (0xff8df093) x 1 0x00000008
core   0: 0x800018f4 (0x00000001) c.nop
core   0: 3 0x800018f4 (0x0001)
core   0: 0x800018f6 (0x02d815b3) mulh    a1, a6, a3
core   0: 3 0x800018f6 (0x02d815b3) x11 0x00000000
core   0: 0x800018fa (0x02e799b3) mulh    s3, a5, a4
core   0: 3 0x800018fa (0x02e799b3) x19 0x00000000
core   0: 0x800018fe (0xc4ce4813) xori    a6, t3, -948
core   0: 3 0x800018fe (0xc4ce4813) x16 0x000003b6
core   0: 0x80001902 (0x75df8113) addi    sp, t6, 1885
core   0: 3 0x80001902 (0x75df8113) x 2 0x0000075e
core   0: 0x80001906 (0x00001669) c.addi  a2, -6
core   0: 3 0x80001906 (0x1669) x12 0x00000004
core   0: 0x80001908 (0xe04553b7) lui     t2, 0xe0455
core   0: 3 0x80001908 (0xe04553b7) x 7 0xe0455000
core   0: 0x8000190c (0xffb00693) li      a3, -5
core   0: 3 0x8000190c (0xffb00693) x13 0xfffffffb
core   0: 0x80001910 (0x008b3c33) sltu    s8, s6, s0
core   0: 3 0x80001910 (0x008b3c33) x24 0x00000000
core   0: 0x80001914 (0x01000c93) li      s9, 16
core   0: 3 0x80001914 (0x01000c93) x25 0x00000010
core   0: 0x80001918 (0x01481c13) slli    s8, a6, 20
core   0: 3 0x80001918 (0x01481c13) x24 0x3b600000
core   0: 0x8000191c (0x0206f0b3) remu    ra, a3, zero
core   0: 3 0x8000191c (0x0206f0b3) x 1 0xfffffffb
core   0: 0x80001920 (0x00000001) c.nop
core   0: 3 0x80001920 (0x0001)
core   0: 0x80001922 (0x0000717d) c.addi16sp sp, -16
core   0: 3 0x80001922 (0x717d) x 2 0x0000074e
core   0: 0x80001924 (0x00000685) c.addi  a3, 1
core   0: 3 0x80001924 (0x0685) x13 0xfffffffc
core   0: 0x80001926 (0x00179933) sll     s2, a5, ra
core   0: 3 0x80001926 (0x00179933) x18 0x00000000
core   0: 0x8000192a (0x03914333) div     t1, sp, s9
core   0: 3 0x8000192a (0x03914333) x 6 0x00000074
core   0: 0x8000192e (0x02481c33) mulh    s8, a6, tp
core   0: 3 0x8000192e (0x02481c33) x24 0x00000000
core   0: 0x80001932 (0xff9687e3) beq     a3, s9, pc - 18
core   0: 3 0x80001932 (0xff9687e3)
core   0: 0x80001936 (0x00001988) c.addi4spn a0, sp, 240
core   0: 3 0x80001936 (0x1988) x10 0x0000083e
core   0: 0x80001938 (0x0368ad33) mulhsu  s10, a7, s6
core   0: 3 0x80001938 (0x0368ad33) x26 0x00000006
core   0: 0x8000193c (0x00d4a0b3) slt     ra, s1, a3
core   0: 3 0x8000193c (0x00d4a0b3) x 1 0x00000001
core   0: 0x80001940 (0x00008f15) c.sub   a4, a3
core   0: 3 0x80001940 (0x8f15) x14 0x00000004
core   0: 0x80001942 (0x00a75513) srli    a0, a4, 10
core   0: 3 0x80001942 (0x00a75513) x10 0x00000000
core   0: 0x80001946 (0xfa867ce3) bgeu    a2, s0, pc - 72
core   0: 3 0x80001946 (0xfa867ce3)
core   0: 0x8000194a (0x0272f733) remu    a4, t0, t2
core   0: 3 0x8000194a (0x0272f733) x14 0x00000000
core   0: 0x8000194e (0x00a00513) li      a0, 10
core   0: 3 0x8000194e (0x00a00513) x10 0x0000000a
core   0: 0x80001952 (0x00008de5) c.and   a1, s1
core   0: 3 0x80001952 (0x8de5) x11 0x00000000
core   0: 0x80001954 (0x00800113) li      sp, 8
core   0: 3 0x80001954 (0x00800113) x 2 0x00000008
core   0: 0x80001958 (0x034be8b3) rem     a7, s7, s4
core   0: 3 0x80001958 (0x034be8b3) x17 0x00000000
core   0: 0x8000195c (0x02918933) mul     s2, gp, s1
core   0: 3 0x8000195c (0x02918933) x18 0x7fd7d4dc
core   0: 0x80001960 (0x00803ab3) snez    s5, s0
core   0: 3 0x80001960 (0x00803ab3) x21 0x00000001
core   0: 0x80001964 (0x00001571) c.addi  a0, -4
core   0: 3 0x80001964 (0x1571) x10 0x00000006
core   0: 0x80001966 (0x643af937) lui     s2, 0x643af
core   0: 3 0x80001966 (0x643af937) x18 0x643af000
core   0: 0x8000196a (0xffc00613) li      a2, -4
core   0: 3 0x8000196a (0xffc00613) x12 0xfffffffc
core   0: 0x8000196e (0x00000001) c.nop
core   0: 3 0x8000196e (0x0001)
core   0: 0x80001970 (0x03d636b3) mulhu   a3, a2, t4
core   0: 3 0x80001970 (0x03d636b3) x13 0x00000002
core   0: 0x80001974 (0x019bc733) xor     a4, s7, s9
core   0: 3 0x80001974 (0x019bc733) x14 0x80021e74
core   0: 0x80001978 (0x00000605) c.addi  a2, 1
core   0: 3 0x80001978 (0x0605) x12 0xfffffffd
core   0: 0x8000197a (0x00008ea1) c.xor   a3, s0
core   0: 3 0x8000197a (0x8ea1) x13 0x0000000b
core   0: 0x8000197c (0x90352197) auipc   gp, 0x90352
core   0: 3 0x8000197c (0x90352197) x 3 0x1035397c
core   0: 0x80001980 (0x00b2acb3) slt     s9, t0, a1
core   0: 3 0x80001980 (0x00b2acb3) x25 0x00000000
core   0: 0x80001984 (0x00000001) c.nop
core   0: 3 0x80001984 (0x0001)
core   0: 0x80001986 (0x0000f66d) c.bnez  a2, pc - 22
core   0: 3 0x80001986 (0xf66d)
core   0: 0x80001970 (0x03d636b3) mulhu   a3, a2, t4
core   0: 3 0x80001970 (0x03d636b3) x13 0x00000002
core   0: 0x80001974 (0x019bc733) xor     a4, s7, s9
core   0: 3 0x80001974 (0x019bc733) x14 0x80021e64
core   0: 0x80001978 (0x00000605) c.addi  a2, 1
core   0: 3 0x80001978 (0x0605) x12 0xfffffffe
core   0: 0x8000197a (0x00008ea1) c.xor   a3, s0
core   0: 3 0x8000197a (0x8ea1) x13 0x0000000b
core   0: 0x8000197c (0x90352197) auipc   gp, 0x90352
core   0: 3 0x8000197c (0x90352197) x 3 0x1035397c
core   0: 0x80001980 (0x00b2acb3) slt     s9, t0, a1
core   0: 3 0x80001980 (0x00b2acb3) x25 0x00000000
core   0: 0x80001984 (0x00000001) c.nop
core   0: 3 0x80001984 (0x0001)
core   0: 0x80001986 (0x0000f66d) c.bnez  a2, pc - 22
core   0: 3 0x80001986 (0xf66d)
core   0: 0x80001970 (0x03d636b3) mulhu   a3, a2, t4
core   0: 3 0x80001970 (0x03d636b3) x13 0x00000002
core   0: 0x80001974 (0x019bc733) xor     a4, s7, s9
core   0: 3 0x80001974 (0x019bc733) x14 0x80021e64
core   0: 0x80001978 (0x00000605) c.addi  a2, 1
core   0: 3 0x80001978 (0x0605) x12 0xffffffff
core   0: 0x8000197a (0x00008ea1) c.xor   a3, s0
core   0: 3 0x8000197a (0x8ea1) x13 0x0000000b
core   0: 0x8000197c (0x90352197) auipc   gp, 0x90352
core   0: 3 0x8000197c (0x90352197) x 3 0x1035397c
core   0: 0x80001980 (0x00b2acb3) slt     s9, t0, a1
core   0: 3 0x80001980 (0x00b2acb3) x25 0x00000000
core   0: 0x80001984 (0x00000001) c.nop
core   0: 3 0x80001984 (0x0001)
core   0: 0x80001986 (0x0000f66d) c.bnez  a2, pc - 22
core   0: 3 0x80001986 (0xf66d)
core   0: 0x80001970 (0x03d636b3) mulhu   a3, a2, t4
core   0: 3 0x80001970 (0x03d636b3) x13 0x00000002
core   0: 0x80001974 (0x019bc733) xor     a4, s7, s9
core   0: 3 0x80001974 (0x019bc733) x14 0x80021e64
core   0: 0x80001978 (0x00000605) c.addi  a2, 1
core   0: 3 0x80001978 (0x0605) x12 0x00000000
core   0: 0x8000197a (0x00008ea1) c.xor   a3, s0
core   0: 3 0x8000197a (0x8ea1) x13 0x0000000b
core   0: 0x8000197c (0x90352197) auipc   gp, 0x90352
core   0: 3 0x8000197c (0x90352197) x 3 0x1035397c
core   0: 0x80001980 (0x00b2acb3) slt     s9, t0, a1
core   0: 3 0x80001980 (0x00b2acb3) x25 0x00000000
core   0: 0x80001984 (0x00000001) c.nop
core   0: 3 0x80001984 (0x0001)
core   0: 0x80001986 (0x0000f66d) c.bnez  a2, pc - 22
core   0: 3 0x80001986 (0xf66d)
core   0: 0x80001988 (0x00000001) c.nop
core   0: 3 0x80001988 (0x0001)
core   0: 0x8000198a (0x00388433) add     s0, a7, gp
core   0: 3 0x8000198a (0x00388433) x 8 0x1035397c
core   0: 0x8000198e (0xfc2579e3) bgeu    a0, sp, pc - 46
core   0: 3 0x8000198e (0xfc2579e3)
core   0: 0x80001992 (0x02092733) mulhsu  a4, s2, zero
core   0: 3 0x80001992 (0x02092733) x14 0x00000000
core   0: 0x80001996 (0xffc00613) li      a2, -4
core   0: 3 0x80001996 (0xffc00613) x12 0xfffffffc
core   0: 0x8000199a (0x00800293) li      t0, 8
core   0: 3 0x8000199a (0x00800293) x 5 0x00000008
core   0: 0x8000199e (0x022e1533) mulh    a0, t3, sp
core   0: 3 0x8000199e (0x022e1533) x10 0xffffffff
core   0: 0x800019a2 (0x879bb313) sltiu   t1, s7, -1927
core   0: 3 0x800019a2 (0x879bb313) x 6 0x00000001
core   0: 0x800019a6 (0x00000611) c.addi  a2, 4
core   0: 3 0x800019a6 (0x0611) x12 0x00000000
core   0: 0x800019a8 (0x00006915) c.lui   s2, 0x5
core   0: 3 0x800019a8 (0x6915) x18 0x00005000
core   0: 0x800019aa (0x8d410e93) addi    t4, sp, -1836
core   0: 3 0x800019aa (0x8d410e93) x29 0xfffff8dc
core   0: 0x800019ae (0x00001c00) c.addi4spn s0, sp, 560
core   0: 3 0x800019ae (0x1c00) x 8 0x00000238
core   0: 0x800019b0 (0xfe5607e3) beq     a2, t0, pc - 18
core   0: 3 0x800019b0 (0xfe5607e3)
core   0: 0x800019b4 (0x00000001) c.nop
core   0: 3 0x800019b4 (0x0001)
core   0: 0x800019b6 (0x00600a93) li      s5, 6
core   0: 3 0x800019b6 (0x00600a93) x21 0x00000006
core   0: 0x800019ba (0xfee00893) li      a7, -18
core   0: 3 0x800019ba (0xfee00893) x17 0xffffffee
core   0: 0x800019be (0x00d52cb3) slt     s9, a0, a3
core   0: 3 0x800019be (0x00d52cb3) x25 0x00000001
core   0: 0x800019c2 (0x002cb3b3) sltu    t2, s9, sp
core   0: 3 0x800019c2 (0x002cb3b3) x 7 0x00000001
core   0: 0x800019c6 (0x03b70c33) mul     s8, a4, s11
core   0: 3 0x800019c6 (0x03b70c33) x24 0x00000000
core   0: 0x800019ca (0x00001ae1) c.addi  s5, -8
core   0: 3 0x800019ca (0x1ae1) x21 0xfffffffe
core   0: 0x800019cc (0x00000413) li      s0, 0
core   0: 3 0x800019cc (0x00000413) x 8 0x00000000
core   0: 0x800019d0 (0x00000ced) c.addi  s9, 27
core   0: 3 0x800019d0 (0x0ced) x25 0x0000001c
core   0: 0x800019d2 (0x0000567d) c.li    a2, -1
core   0: 3 0x800019d2 (0x567d) x12 0xffffffff
core   0: 0x800019d4 (0x02104733) div     a4, zero, ra
core   0: 3 0x800019d4 (0x02104733) x14 0x00000000
core   0: 0x800019d8 (0x00500d93) li      s11, 5
core   0: 3 0x800019d8 (0x00500d93) x27 0x00000005
core   0: 0x800019dc (0x879e0d13) addi    s10, t3, -1927
core   0: 3 0x800019dc (0x879e0d13) x26 0xfffff873
core   0: 0x800019e0 (0xe01ed037) lui     zero, 0xe01ed
core   0: 3 0x800019e0 (0xe01ed037)
core   0: 0x800019e4 (0x00000409) c.addi  s0, 2
core   0: 3 0x800019e4 (0x0409) x 8 0x00000002
core   0: 0x800019e6 (0x00008279) c.srli  a2, 30
core   0: 3 0x800019e6 (0x8279) x12 0x00000003
core   0: 0x800019e8 (0xffb46ce3) bltu    s0, s11, pc - 8
core   0: 3 0x800019e8 (0xffb46ce3)
core   0: 0x800019e0 (0xe01ed037) lui     zero, 0xe01ed
core   0: 3 0x800019e0 (0xe01ed037)
core   0: 0x800019e4 (0x00000409) c.addi  s0, 2
core   0: 3 0x800019e4 (0x0409) x 8 0x00000004
core   0: 0x800019e6 (0x00008279) c.srli  a2, 30
core   0: 3 0x800019e6 (0x8279) x12 0x00000000
core   0: 0x800019e8 (0xffb46ce3) bltu    s0, s11, pc - 8
core   0: 3 0x800019e8 (0xffb46ce3)
core   0: 0x800019e0 (0xe01ed037) lui     zero, 0xe01ed
core   0: 3 0x800019e0 (0xe01ed037)
core   0: 0x800019e4 (0x00000409) c.addi  s0, 2
core   0: 3 0x800019e4 (0x0409) x 8 0x00000006
core   0: 0x800019e6 (0x00008279) c.srli  a2, 30
core   0: 3 0x800019e6 (0x8279) x12 0x00000000
core   0: 0x800019e8 (0xffb46ce3) bltu    s0, s11, pc - 8
core   0: 3 0x800019e8 (0xffb46ce3)
core   0: 0x800019ec (0x02e08a33) mul     s4, ra, a4
core   0: 3 0x800019ec (0x02e08a33) x20 0x00000000
core   0: 0x800019f0 (0xfd1a89e3) beq     s5, a7, pc - 46
core   0: 3 0x800019f0 (0xfd1a89e3)
core   0: 0x800019f4 (0x00008355) c.srli  a4, 21
core   0: 3 0x800019f4 (0x8355) x14 0x00000000
core   0: 0x800019f6 (0x00600613) li      a2, 6
core   0: 3 0x800019f6 (0x00600613) x12 0x00000006
core   0: 0x800019fa (0x00009f52) c.add   t5, s4
core   0: 3 0x800019fa (0x9f52) x30 0x00000000
core   0: 0x800019fc (0x0038bfb3) sltu    t6, a7, gp
core   0: 3 0x800019fc (0x0038bfb3) x31 0x00000000
core   0: 0x80001a00 (0x00006891) c.lui   a7, 0x4
core   0: 3 0x80001a00 (0x6891) x17 0x00004000
core   0: 0x80001a02 (0x00008f09) c.sub   a4, a0
core   0: 3 0x80001a02 (0x8f09) x14 0x00000001
core   0: 0x80001a04 (0x00a00e93) li      t4, 10
core   0: 3 0x80001a04 (0x00a00e93) x29 0x0000000a
core   0: 0x80001a08 (0x00c90cb3) add     s9, s2, a2
core   0: 3 0x80001a08 (0x00c90cb3) x25 0x00005006
core   0: 0x80001a0c (0x00006f91) c.lui   t6, 0x4
core   0: 3 0x80001a0c (0x6f91) x31 0x00004000
core   0: 0x80001a0e (0x000051fd) c.li    gp, -1
core   0: 3 0x80001a0e (0x51fd) x 3 0xffffffff
core   0: 0x80001a10 (0x00009e0a) c.add   t3, sp
core   0: 3 0x80001a10 (0x9e0a) x28 0x00000002
core   0: 0x80001a12 (0x00008729) c.srai  a4, 10
core   0: 3 0x80001a12 (0x8729) x14 0x00000000
core   0: 0x80001a14 (0x0000100f) fence.i
core   0: 3 0x80001a14 (0x0000100f)
core   0: 0x80001a18 (0x03c15fb3) divu    t6, sp, t3
core   0: 3 0x80001a18 (0x03c15fb3) x31 0x00000004
core   0: 0x80001a1c (0x00006fcd) c.lui   t6, 0x13
core   0: 3 0x80001a1c (0x6fcd) x31 0x00013000
core   0: 0x80001a1e (0x010c4233) xor     tp, s8, a6
core   0: 3 0x80001a1e (0x010c4233) x 4 0x000003b6
core   0: 0x80001a22 (0x000086b9) c.srai  a3, 14
core   0: 3 0x80001a22 (0x86b9) x13 0x00000000
core   0: 0x80001a24 (0x02d12a33) mulhsu  s4, sp, a3
core   0: 3 0x80001a24 (0x02d12a33) x20 0x00000000
core   0: 0x80001a28 (0x25030137) lui     sp, 0x25030
core   0: 3 0x80001a28 (0x25030137) x 2 0x25030000
core   0: 0x80001a2c (0x02fea8b3) mulhsu  a7, t4, a5
core   0: 3 0x80001a2c (0x02fea8b3) x17 0x00000005
core   0: 0x80001a30 (0x03c57c33) remu    s8, a0, t3
core   0: 3 0x80001a30 (0x03c57c33) x24 0x00000001
core   0: 0x80001a34 (0x00000605) c.addi  a2, 1
core   0: 3 0x80001a34 (0x0605) x12 0x00000007
core   0: 0x80001a36 (0x00000001) c.nop
core   0: 3 0x80001a36 (0x0001)
core   0: 0x80001a38 (0x019c7133) and     sp, s8, s9
core   0: 3 0x80001a38 (0x019c7133) x 2 0x00000000
core   0: 0x80001a3c (0x00008d3d) c.xor   a0, a5
core   0: 3 0x80001a3c (0x8d3d) x10 0x7fffffff
core   0: 0x80001a3e (0x0000100f) fence.i
core   0: 3 0x80001a3e (0x0000100f)
core   0: 0x80001a42 (0x6b92aa13) slti    s4, t0, 1721
core   0: 3 0x80001a42 (0x6b92aa13) x20 0x00000001
core   0: 0x80001a46 (0xffd643e3) blt     a2, t4, pc - 26
core   0: 3 0x80001a46 (0xffd643e3)
core   0: 0x80001a2c (0x02fea8b3) mulhsu  a7, t4, a5
core   0: 3 0x80001a2c (0x02fea8b3) x17 0x00000005
core   0: 0x80001a30 (0x03c57c33) remu    s8, a0, t3
core   0: 3 0x80001a30 (0x03c57c33) x24 0x00000001
core   0: 0x80001a34 (0x00000605) c.addi  a2, 1
core   0: 3 0x80001a34 (0x0605) x12 0x00000008
core   0: 0x80001a36 (0x00000001) c.nop
core   0: 3 0x80001a36 (0x0001)
core   0: 0x80001a38 (0x019c7133) and     sp, s8, s9
core   0: 3 0x80001a38 (0x019c7133) x 2 0x00000000
core   0: 0x80001a3c (0x00008d3d) c.xor   a0, a5
core   0: 3 0x80001a3c (0x8d3d) x10 0xffffffff
core   0: 0x80001a3e (0x0000100f) fence.i
core   0: 3 0x80001a3e (0x0000100f)
core   0: 0x80001a42 (0x6b92aa13) slti    s4, t0, 1721
core   0: 3 0x80001a42 (0x6b92aa13) x20 0x00000001
core   0: 0x80001a46 (0xffd643e3) blt     a2, t4, pc - 26
core   0: 3 0x80001a46 (0xffd643e3)
core   0: 0x80001a2c (0x02fea8b3) mulhsu  a7, t4, a5
core   0: 3 0x80001a2c (0x02fea8b3) x17 0x00000005
core   0: 0x80001a30 (0x03c57c33) remu    s8, a0, t3
core   0: 3 0x80001a30 (0x03c57c33) x24 0x00000001
core   0: 0x80001a34 (0x00000605) c.addi  a2, 1
core   0: 3 0x80001a34 (0x0605) x12 0x00000009
core   0: 0x80001a36 (0x00000001) c.nop
core   0: 3 0x80001a36 (0x0001)
core   0: 0x80001a38 (0x019c7133) and     sp, s8, s9
core   0: 3 0x80001a38 (0x019c7133) x 2 0x00000000
core   0: 0x80001a3c (0x00008d3d) c.xor   a0, a5
core   0: 3 0x80001a3c (0x8d3d) x10 0x7fffffff
core   0: 0x80001a3e (0x0000100f) fence.i
core   0: 3 0x80001a3e (0x0000100f)
core   0: 0x80001a42 (0x6b92aa13) slti    s4, t0, 1721
core   0: 3 0x80001a42 (0x6b92aa13) x20 0x00000001
core   0: 0x80001a46 (0xffd643e3) blt     a2, t4, pc - 26
core   0: 3 0x80001a46 (0xffd643e3)
core   0: 0x80001a2c (0x02fea8b3) mulhsu  a7, t4, a5
core   0: 3 0x80001a2c (0x02fea8b3) x17 0x00000005
core   0: 0x80001a30 (0x03c57c33) remu    s8, a0, t3
core   0: 3 0x80001a30 (0x03c57c33) x24 0x00000001
core   0: 0x80001a34 (0x00000605) c.addi  a2, 1
core   0: 3 0x80001a34 (0x0605) x12 0x0000000a
core   0: 0x80001a36 (0x00000001) c.nop
core   0: 3 0x80001a36 (0x0001)
core   0: 0x80001a38 (0x019c7133) and     sp, s8, s9
core   0: 3 0x80001a38 (0x019c7133) x 2 0x00000000
core   0: 0x80001a3c (0x00008d3d) c.xor   a0, a5
core   0: 3 0x80001a3c (0x8d3d) x10 0xffffffff
core   0: 0x80001a3e (0x0000100f) fence.i
core   0: 3 0x80001a3e (0x0000100f)
core   0: 0x80001a42 (0x6b92aa13) slti    s4, t0, 1721
core   0: 3 0x80001a42 (0x6b92aa13) x20 0x00000001
core   0: 0x80001a46 (0xffd643e3) blt     a2, t4, pc - 26
core   0: 3 0x80001a46 (0xffd643e3)
core   0: 0x80001a4a (0x01e43a33) sltu    s4, s0, t5
core   0: 3 0x80001a4a (0x01e43a33) x20 0x00000000
core   0: 0x80001a4e (0x00400713) li      a4, 4
core   0: 3 0x80001a4e (0x00400713) x14 0x00000004
core   0: 0x80001a52 (0x01200993) li      s3, 18
core   0: 3 0x80001a52 (0x01200993) x19 0x00000012
core   0: 0x80001a56 (0x00008c51) c.or    s0, a2
core   0: 3 0x80001a56 (0x8c51) x 8 0x0000000e
core   0: 0x80001a58 (0x00000719) c.addi  a4, 6
core   0: 3 0x80001a58 (0x0719) x14 0x0000000a
core   0: 0x80001a5a (0xff374ee3) blt     a4, s3, pc - 4
core   0: 3 0x80001a5a (0xff374ee3)
core   0: 0x80001a56 (0x00008c51) c.or    s0, a2
core   0: 3 0x80001a56 (0x8c51) x 8 0x0000000e
core   0: 0x80001a58 (0x00000719) c.addi  a4, 6
core   0: 3 0x80001a58 (0x0719) x14 0x00000010
core   0: 0x80001a5a (0xff374ee3) blt     a4, s3, pc - 4
core   0: 3 0x80001a5a (0xff374ee3)
core   0: 0x80001a56 (0x00008c51) c.or    s0, a2
core   0: 3 0x80001a56 (0x8c51) x 8 0x0000000e
core   0: 0x80001a58 (0x00000719) c.addi  a4, 6
core   0: 3 0x80001a58 (0x0719) x14 0x00000016
core   0: 0x80001a5a (0xff374ee3) blt     a4, s3, pc - 4
core   0: 3 0x80001a5a (0xff374ee3)
core   0: 0x80001a5e (0x027d8333) mul     t1, s11, t2
core   0: 3 0x80001a5e (0x027d8333) x 6 0x00000005
core   0: 0x80001a62 (0xffd00513) li      a0, -3
core   0: 3 0x80001a62 (0xffd00513) x10 0xfffffffd
core   0: 0x80001a66 (0x0198e5b3) or      a1, a7, s9
core   0: 3 0x80001a66 (0x0198e5b3) x11 0x00005007
core   0: 0x80001a6a (0x00008ec5) c.or    a3, s1
core   0: 3 0x80001a6a (0x8ec5) x13 0x80025ce4
core   0: 0x80001a6c (0x00700313) li      t1, 7
core   0: 3 0x80001a6c (0x00700313) x 6 0x00000007
core   0: 0x80001a70 (0x030c6eb3) rem     t4, s8, a6
core   0: 3 0x80001a70 (0x030c6eb3) x29 0x00000001
core   0: 0x80001a74 (0x8f474093) xori    ra, a4, -1804
core   0: 3 0x80001a74 (0x8f474093) x 1 0xfffff8e2
core   0: 0x80001a78 (0x4154d213) srai    tp, s1, 21
core   0: 3 0x80001a78 (0x4154d213) x 4 0xfffffc00
core   0: 0x80001a7c (0x0283b833) mulhu   a6, t2, s0
core   0: 3 0x80001a7c (0x0283b833) x16 0x00000000
core   0: 0x80001a80 (0x00000509) c.addi  a0, 2
core   0: 3 0x80001a80 (0x0509) x10 0xffffffff
core   0: 0x80001a82 (0x022e25b3) mulhsu  a1, t3, sp
core   0: 3 0x80001a82 (0x022e25b3) x11 0x00000000
core   0: 0x80001a86 (0x00af4433) xor     s0, t5, a0
core   0: 3 0x80001a86 (0x00af4433) x 8 0xffffffff
core   0: 0x80001a8a (0xff900713) li      a4, -7
core   0: 3 0x80001a8a (0xff900713) x14 0xfffffff9
core   0: 0x80001a8e (0x00d00193) li      gp, 13
core   0: 3 0x80001a8e (0x00d00193) x 3 0x0000000d
core   0: 0x80001a92 (0x00008edd) c.or    a3, a5
core   0: 3 0x80001a92 (0x8edd) x13 0x80025ce4
core   0: 0x80001a94 (0x0000987d) c.andi  s0, -1
core   0: 3 0x80001a94 (0x987d) x 8 0xffffffff
core   0: 0x80001a96 (0x35948c13) addi    s8, s1, 857
core   0: 3 0x80001a96 (0x35948c13) x24 0x8002603d
core   0: 0x80001a9a (0x68c86c93) ori     s9, a6, 1676
core   0: 3 0x80001a9a (0x68c86c93) x25 0x0000068c
core   0: 0x80001a9e (0x8e6a3d93) sltiu   s11, s4, -1818
core   0: 3 0x80001a9e (0x8e6a3d93) x27 0x00000001
core   0: 0x80001aa2 (0x015f1c93) slli    s9, t5, 21
core   0: 3 0x80001aa2 (0x015f1c93) x25 0x00000000
core   0: 0x80001aa6 (0x00000705) c.addi  a4, 1
core   0: 3 0x80001aa6 (0x0705) x14 0xfffffffa
core   0: 0x80001aa8 (0xfe3707e3) beq     a4, gp, pc - 18
core   0: 3 0x80001aa8 (0xfe3707e3)
core   0: 0x80001aac (0x003133b3) sltu    t2, sp, gp
core   0: 3 0x80001aac (0x003133b3) x 7 0x00000001
core   0: 0x80001ab0 (0x000062b5) c.lui   t0, 0xd
core   0: 3 0x80001ab0 (0x62b5) x 5 0x0000d000
core   0: 0x80001ab2 (0x00000001) c.nop
core   0: 3 0x80001ab2 (0x0001)
core   0: 0x80001ab4 (0xfc6500e3) beq     a0, t1, pc - 64
core   0: 3 0x80001ab4 (0xfc6500e3)
core   0: 0x80001ab8 (0x0015ceb3) xor     t4, a1, ra
core   0: 3 0x80001ab8 (0x0015ceb3) x29 0xfffff8e2
core   0: 0x80001abc (0x00800693) li      a3, 8
core   0: 3 0x80001abc (0x00800693) x13 0x00000008
core   0: 0x80001ac0 (0xd643ff93) andi    t6, t2, -668
core   0: 3 0x80001ac0 (0xd643ff93) x31 0x00000000
core   0: 0x80001ac4 (0x00000001) c.nop
core   0: 3 0x80001ac4 (0x0001)
core   0: 0x80001ac6 (0x00008d91) c.sub   a1, a2
core   0: 3 0x80001ac6 (0x8d91) x11 0xfffffff6
core   0: 0x80001ac8 (0x02e573b3) remu    t2, a0, a4
core   0: 3 0x80001ac8 (0x02e573b3) x 7 0x00000005
core   0: 0x80001acc (0x000016e1) c.addi  a3, -8
core   0: 3 0x80001acc (0x16e1) x13 0x00000000
core   0: 0x80001ace (0x76ea6593) ori     a1, s4, 1902
core   0: 3 0x80001ace (0x76ea6593) x11 0x0000076e
core   0: 0x80001ad2 (0x00700713) li      a4, 7
core   0: 3 0x80001ad2 (0x00700713) x14 0x00000007
core   0: 0x80001ad6 (0x01d8c233) xor     tp, a7, t4
core   0: 3 0x80001ad6 (0x01d8c233) x 4 0xfffff8e7
core   0: 0x80001ada (0x416cd213) srai    tp, s9, 22
core   0: 3 0x80001ada (0x416cd213) x 4 0x00000000
core   0: 0x80001ade (0x01959613) slli    a2, a1, 25
core   0: 3 0x80001ade (0x01959613) x12 0xdc000000
core   0: 0x80001ae2 (0x0000010a) c.slli  sp, 2
core   0: 3 0x80001ae2 (0x010a) x 2 0x00000000
core   0: 0x80001ae4 (0x00500913) li      s2, 5
core   0: 3 0x80001ae4 (0x00500913) x18 0x00000005
core   0: 0x80001ae8 (0xfd2f7e93) andi    t4, t5, -46
core   0: 3 0x80001ae8 (0xfd2f7e93) x29 0x00000000
core   0: 0x80001aec (0x5a3c9637) lui     a2, 0x5a3c9
core   0: 3 0x80001aec (0x5a3c9637) x12 0x5a3c9000
core   0: 0x80001af0 (0x00008905) c.andi  a0, 1
core   0: 3 0x80001af0 (0x8905) x10 0x00000001
core   0: 0x80001af2 (0x00a030b3) snez    ra, a0
core   0: 3 0x80001af2 (0x00a030b3) x 1 0x00000001
core   0: 0x80001af6 (0x00006ad1) c.lui   s5, 0x14
core   0: 3 0x80001af6 (0x6ad1) x21 0x00014000
core   0: 0x80001af8 (0x00001779) c.addi  a4, -2
core   0: 3 0x80001af8 (0x1779) x14 0x00000005
core   0: 0x80001afa (0x00005d7d) c.li    s10, -1
core   0: 3 0x80001afa (0x5d7d) x26 0xffffffff
core   0: 0x80001afc (0x0297f833) remu    a6, a5, s1
core   0: 3 0x80001afc (0x0297f833) x16 0x80000000
core   0: 0x80001b00 (0xff275be3) bge     a4, s2, pc - 10
core   0: 3 0x80001b00 (0xff275be3)
core   0: 0x80001af6 (0x00006ad1) c.lui   s5, 0x14
core   0: 3 0x80001af6 (0x6ad1) x21 0x00014000
core   0: 0x80001af8 (0x00001779) c.addi  a4, -2
core   0: 3 0x80001af8 (0x1779) x14 0x00000003
core   0: 0x80001afa (0x00005d7d) c.li    s10, -1
core   0: 3 0x80001afa (0x5d7d) x26 0xffffffff
core   0: 0x80001afc (0x0297f833) remu    a6, a5, s1
core   0: 3 0x80001afc (0x0297f833) x16 0x80000000
core   0: 0x80001b00 (0xff275be3) bge     a4, s2, pc - 10
core   0: 3 0x80001b00 (0xff275be3)
core   0: 0x80001b04 (0x00008dbd) c.xor   a1, a5
core   0: 3 0x80001b04 (0x8dbd) x11 0x8000076e
core   0: 0x80001b06 (0x0000d2e9) c.beqz  a3, pc - 62
core   0: 3 0x80001b06 (0xd2e9)
core   0: 0x80001ac8 (0x02e573b3) remu    t2, a0, a4
core   0: 3 0x80001ac8 (0x02e573b3) x 7 0x00000001
core   0: 0x80001acc (0x000016e1) c.addi  a3, -8
core   0: 3 0x80001acc (0x16e1) x13 0xfffffff8
core   0: 0x80001ace (0x76ea6593) ori     a1, s4, 1902
core   0: 3 0x80001ace (0x76ea6593) x11 0x0000076e
core   0: 0x80001ad2 (0x00700713) li      a4, 7
core   0: 3 0x80001ad2 (0x00700713) x14 0x00000007
core   0: 0x80001ad6 (0x01d8c233) xor     tp, a7, t4
core   0: 3 0x80001ad6 (0x01d8c233) x 4 0x00000005
core   0: 0x80001ada (0x416cd213) srai    tp, s9, 22
core   0: 3 0x80001ada (0x416cd213) x 4 0x00000000
core   0: 0x80001ade (0x01959613) slli    a2, a1, 25
core   0: 3 0x80001ade (0x01959613) x12 0xdc000000
core   0: 0x80001ae2 (0x0000010a) c.slli  sp, 2
core   0: 3 0x80001ae2 (0x010a) x 2 0x00000000
core   0: 0x80001ae4 (0x00500913) li      s2, 5
core   0: 3 0x80001ae4 (0x00500913) x18 0x00000005
core   0: 0x80001ae8 (0xfd2f7e93) andi    t4, t5, -46
core   0: 3 0x80001ae8 (0xfd2f7e93) x29 0x00000000
core   0: 0x80001aec (0x5a3c9637) lui     a2, 0x5a3c9
core   0: 3 0x80001aec (0x5a3c9637) x12 0x5a3c9000
core   0: 0x80001af0 (0x00008905) c.andi  a0, 1
core   0: 3 0x80001af0 (0x8905) x10 0x00000001
core   0: 0x80001af2 (0x00a030b3) snez    ra, a0
core   0: 3 0x80001af2 (0x00a030b3) x 1 0x00000001
core   0: 0x80001af6 (0x00006ad1) c.lui   s5, 0x14
core   0: 3 0x80001af6 (0x6ad1) x21 0x00014000
core   0: 0x80001af8 (0x00001779) c.addi  a4, -2
core   0: 3 0x80001af8 (0x1779) x14 0x00000005
core   0: 0x80001afa (0x00005d7d) c.li    s10, -1
core   0: 3 0x80001afa (0x5d7d) x26 0xffffffff
core   0: 0x80001afc (0x0297f833) remu    a6, a5, s1
core   0: 3 0x80001afc (0x0297f833) x16 0x80000000
core   0: 0x80001b00 (0xff275be3) bge     a4, s2, pc - 10
core   0: 3 0x80001b00 (0xff275be3)
core   0: 0x80001af6 (0x00006ad1) c.lui   s5, 0x14
core   0: 3 0x80001af6 (0x6ad1) x21 0x00014000
core   0: 0x80001af8 (0x00001779) c.addi  a4, -2
core   0: 3 0x80001af8 (0x1779) x14 0x00000003
core   0: 0x80001afa (0x00005d7d) c.li    s10, -1
core   0: 3 0x80001afa (0x5d7d) x26 0xffffffff
core   0: 0x80001afc (0x0297f833) remu    a6, a5, s1
core   0: 3 0x80001afc (0x0297f833) x16 0x80000000
core   0: 0x80001b00 (0xff275be3) bge     a4, s2, pc - 10
core   0: 3 0x80001b00 (0xff275be3)
core   0: 0x80001b04 (0x00008dbd) c.xor   a1, a5
core   0: 3 0x80001b04 (0x8dbd) x11 0x8000076e
core   0: 0x80001b06 (0x0000d2e9) c.beqz  a3, pc - 62
core   0: 3 0x80001b06 (0xd2e9)
core   0: 0x80001b08 (0x028cab33) mulhsu  s6, s9, s0
core   0: 3 0x80001b08 (0x028cab33) x22 0x00000000
core   0: 0x80001b0c (0xff700f13) li      t5, -9
core   0: 3 0x80001b0c (0xff700f13) x30 0xfffffff7
core   0: 0x80001b10 (0x02a592b3) mulh    t0, a1, a0
core   0: 3 0x80001b10 (0x02a592b3) x 5 0xffffffff
core   0: 0x80001b14 (0x00001518) c.addi4spn a4, sp, 672
core   0: 3 0x80001b14 (0x1518) x14 0x000002a0
core   0: 0x80001b16 (0x74658013) addi    zero, a1, 1862
core   0: 3 0x80001b16 (0x74658013)
core   0: 0x80001b1a (0x000001c2) c.slli  gp, 16
core   0: 3 0x80001b1a (0x01c2) x 3 0x000d0000
core   0: 0x80001b1c (0x00145013) srli    zero, s0, 1
core   0: 3 0x80001b1c (0x00145013)
core   0: 0x80001b20 (0x17987693) andi    a3, a6, 377
core   0: 3 0x80001b20 (0x17987693) x13 0x00000000
core   0: 0x80001b24 (0x00b00313) li      t1, 11
core   0: 3 0x80001b24 (0x00b00313) x 6 0x0000000b
core   0: 0x80001b28 (0x03d61db3) mulh    s11, a2, t4
core   0: 3 0x80001b28 (0x03d61db3) x27 0x00000000
core   0: 0x80001b2c (0x03ed0933) mul     s2, s10, t5
core   0: 3 0x80001b2c (0x03ed0933) x18 0x00000009
core   0: 0x80001b30 (0x01565ab3) srl     s5, a2, s5
core   0: 3 0x80001b30 (0x01565ab3) x21 0x5a3c9000
core   0: 0x80001b34 (0x515a4e97) auipc   t4, 0x515a4
core   0: 3 0x80001b34 (0x515a4e97) x29 0xd15a5b34
core   0: 0x80001b38 (0xc9108093) addi    ra, ra, -879
core   0: 3 0x80001b38 (0xc9108093) x 1 0xfffffc92
core   0: 0x80001b3c (0x00008dad) c.xor   a1, a1
core   0: 3 0x80001b3c (0x8dad) x11 0x00000000
core   0: 0x80001b3e (0x00006115) c.addi16sp sp, 288
core   0: 3 0x80001b3e (0x6115) x 2 0x00000120
core   0: 0x80001b40 (0x9aeeca93) xori    s5, t4, -1618
core   0: 3 0x80001b40 (0x9aeeca93) x21 0x2ea5a29a
core   0: 0x80001b44 (0x00000001) c.nop
core   0: 3 0x80001b44 (0x0001)
core   0: 0x80001b46 (0x00000f29) c.addi  t5, 10
core   0: 3 0x80001b46 (0x0f29) x30 0x00000001
core   0: 0x80001b48 (0x00d366b3) or      a3, t1, a3
core   0: 3 0x80001b48 (0x00d366b3) x13 0x0000000b
core   0: 0x80001b4c (0xb8de7413) andi    s0, t3, -1139
core   0: 3 0x80001b4c (0xb8de7413) x 8 0x00000000
core   0: 0x80001b50 (0x00004599) c.li    a1, 6
core   0: 3 0x80001b50 (0x4599) x11 0x00000006
core   0: 0x80001b52 (0x00009cf2) c.add   s9, t3
core   0: 3 0x80001b52 (0x9cf2) x25 0x00000002
core   0: 0x80001b54 (0xfe6f18e3) bne     t5, t1, pc - 16
core   0: 3 0x80001b54 (0xfe6f18e3)
core   0: 0x80001b44 (0x00000001) c.nop
core   0: 3 0x80001b44 (0x0001)
core   0: 0x80001b46 (0x00000f29) c.addi  t5, 10
core   0: 3 0x80001b46 (0x0f29) x30 0x0000000b
core   0: 0x80001b48 (0x00d366b3) or      a3, t1, a3
core   0: 3 0x80001b48 (0x00d366b3) x13 0x0000000b
core   0: 0x80001b4c (0xb8de7413) andi    s0, t3, -1139
core   0: 3 0x80001b4c (0xb8de7413) x 8 0x00000000
core   0: 0x80001b50 (0x00004599) c.li    a1, 6
core   0: 3 0x80001b50 (0x4599) x11 0x00000006
core   0: 0x80001b52 (0x00009cf2) c.add   s9, t3
core   0: 3 0x80001b52 (0x9cf2) x25 0x00000004
core   0: 0x80001b54 (0xfe6f18e3) bne     t5, t1, pc - 16
core   0: 3 0x80001b54 (0xfe6f18e3)
core   0: 0x80001b58 (0x00008db1) c.xor   a1, a2
core   0: 3 0x80001b58 (0x8db1) x11 0x5a3c9006
core   0: 0x80001b5a (0xffa00713) li      a4, -6
core   0: 3 0x80001b5a (0xffa00713) x14 0xfffffffa
core   0: 0x80001b5e (0x028ee6b3) rem     a3, t4, s0
core   0: 3 0x80001b5e (0x028ee6b3) x13 0xd15a5b34
core   0: 0x80001b62 (0x009c96b3) sll     a3, s9, s1
core   0: 3 0x80001b62 (0x009c96b3) x13 0x00000040
core   0: 0x80001b66 (0x01400613) li      a2, 20
core   0: 3 0x80001b66 (0x01400613) x12 0x00000014
core   0: 0x80001b6a (0x9b92b413) sltiu   s0, t0, -1607
core   0: 3 0x80001b6a (0x9b92b413) x 8 0x00000000
core   0: 0x80001b6e (0x000081c1) c.srli  a1, 16
core   0: 3 0x80001b6e (0x81c1) x11 0x00005a3c
core   0: 0x80001b70 (0xae467893) andi    a7, a2, -1308
core   0: 3 0x80001b70 (0xae467893) x17 0x00000004
core   0: 0x80001b74 (0x41648a33) sub     s4, s1, s6
core   0: 3 0x80001b74 (0x41648a33) x20 0x80025ce4
core   0: 0x80001b78 (0x023fe133) rem     sp, t6, gp
core   0: 3 0x80001b78 (0x023fe133) x 2 0x00000000
core   0: 0x80001b7c (0x011039b3) snez    s3, a7
core   0: 3 0x80001b7c (0x011039b3) x19 0x00000001
core   0: 0x80001b80 (0x022839b3) mulhu   s3, a6, sp
core   0: 3 0x80001b80 (0x022839b3) x19 0x00000000
core   0: 0x80001b84 (0x0ff0000f) fence   iorw,iorw
core   0: 3 0x80001b84 (0x0ff0000f)
core   0: 0x80001b88 (0x00cf9533) sll     a0, t6, a2
core   0: 3 0x80001b88 (0x00cf9533) x10 0x00000000
core   0: 0x80001b8c (0x00000705) c.addi  a4, 1
core   0: 3 0x80001b8c (0x0705) x14 0xfffffffb
core   0: 0x80001b8e (0x00008d25) c.xor   a0, s1
core   0: 3 0x80001b8e (0x8d25) x10 0x80025ce4
core   0: 0x80001b90 (0x1d8a3693) sltiu   a3, s4, 472
core   0: 3 0x80001b90 (0x1d8a3693) x13 0x00000000
core   0: 0x80001b94 (0xec304393) xori    t2, zero, -317
core   0: 3 0x80001b94 (0xec304393) x 7 0xfffffec3
core   0: 0x80001b98 (0x0000100f) fence.i
core   0: 3 0x80001b98 (0x0000100f)
core   0: 0x80001b9c (0x004be3b3) or      t2, s7, tp
core   0: 3 0x80001b9c (0x004be3b3) x 7 0x80021e64
core   0: 0x80001ba0 (0x00008dd1) c.or    a1, a2
core   0: 3 0x80001ba0 (0x8dd1) x11 0x00005a3c
core   0: 0x80001ba2 (0x9d36b693) sltiu   a3, a3, -1581
core   0: 3 0x80001ba2 (0x9d36b693) x13 0x00000001
core   0: 0x80001ba6 (0xfcc70de3) beq     a4, a2, pc - 38
core   0: 3 0x80001ba6 (0xfcc70de3)
core   0: 0x80001baa (0x01a28eb3) add     t4, t0, s10
core   0: 3 0x80001baa (0x01a28eb3) x29 0xfffffffe
core   0: 0x80001bae (0x00400593) li      a1, 4
core   0: 3 0x80001bae (0x00400593) x11 0x00000004
core   0: 0x80001bb2 (0x00006231) c.lui   tp, 0xc
core   0: 3 0x80001bb2 (0x6231) x 4 0x0000c000
core   0: 0x80001bb4 (0x00008ec1) c.or    a3, s0
core   0: 3 0x80001bb4 (0x8ec1) x13 0x00000001
core   0: 0x80001bb6 (0x81e9ef93) ori     t6, s3, -2018
core   0: 3 0x80001bb6 (0x81e9ef93) x31 0xfffff81e
core   0: 0x80001bba (0x00008c4a) c.mv    s8, s2
core   0: 3 0x80001bba (0x8c4a) x24 0x00000009
core   0: 0x80001bbc (0xff600093) li      ra, -10
core   0: 3 0x80001bbc (0xff600093) x 1 0xfffffff6
core   0: 0x80001bc0 (0xb1f86c93) ori     s9, a6, -1249
core   0: 3 0x80001bc0 (0xb1f86c93) x25 0xfffffb1f
core   0: 0x80001bc4 (0x00008c39) c.xor   s0, a4
core   0: 3 0x80001bc4 (0x8c39) x 8 0xfffffffb
core   0: 0x80001bc6 (0x000015e5) c.addi  a1, -7
core   0: 3 0x80001bc6 (0x15e5) x11 0xfffffffd
core   0: 0x80001bc8 (0x00001094) c.addi4spn a3, sp, 96
core   0: 3 0x80001bc8 (0x1094) x13 0x00000060
core   0: 0x80001bca (0xc42cca13) xori    s4, s9, -958
core   0: 3 0x80001bca (0xc42cca13) x20 0x0000075d
core   0: 0x80001bce (0x000082b9) c.srli  a3, 14
core   0: 3 0x80001bce (0x82b9) x13 0x00000000
core   0: 0x80001bd0 (0x41c25cb3) sra     s9, tp, t3
core   0: 3 0x80001bd0 (0x41c25cb3) x25 0x00003000
core   0: 0x80001bd4 (0x00700613) li      a2, 7
core   0: 3 0x80001bd4 (0x00700613) x12 0x00000007
core   0: 0x80001bd8 (0x416ada13) srai    s4, s5, 22
core   0: 3 0x80001bd8 (0x416ada13) x20 0x000000ba
core   0: 0x80001bdc (0x0ff0000f) fence   iorw,iorw
core   0: 3 0x80001bdc (0x0ff0000f)
core   0: 0x80001be0 (0x40500a33) sub     s4, zero, t0
core   0: 3 0x80001be0 (0x40500a33) x20 0x00000001
core   0: 0x80001be4 (0x03ca51b3) divu    gp, s4, t3
core   0: 3 0x80001be4 (0x03ca51b3) x 3 0x00000000
core   0: 0x80001be8 (0x00000722) c.slli  a4, 8
core   0: 3 0x80001be8 (0x0722) x14 0xfffffb00
core   0: 0x80001bea (0x00300913) li      s2, 3
core   0: 3 0x80001bea (0x00300913) x18 0x00000003
core   0: 0x80001bee (0xb24fec13) ori     s8, t6, -1244
core   0: 3 0x80001bee (0xb24fec13) x24 0xfffffb3e
core   0: 0x80001bf2 (0x5144c513) xori    a0, s1, 1300
core   0: 3 0x80001bf2 (0x5144c513) x10 0x800259f0
core   0: 0x80001bf6 (0x003dea33) or      s4, s11, gp
core   0: 3 0x80001bf6 (0x003dea33) x20 0x00000000
core   0: 0x80001bfa (0x00001679) c.addi  a2, -2
core   0: 3 0x80001bfa (0x1679) x12 0x00000005
core   0: 0x80001bfc (0xff267be3) bgeu    a2, s2, pc - 10
core   0: 3 0x80001bfc (0xff267be3)
core   0: 0x80001bf2 (0x5144c513) xori    a0, s1, 1300
core   0: 3 0x80001bf2 (0x5144c513) x10 0x800259f0
core   0: 0x80001bf6 (0x003dea33) or      s4, s11, gp
core   0: 3 0x80001bf6 (0x003dea33) x20 0x00000000
core   0: 0x80001bfa (0x00001679) c.addi  a2, -2
core   0: 3 0x80001bfa (0x1679) x12 0x00000003
core   0: 0x80001bfc (0xff267be3) bgeu    a2, s2, pc - 10
core   0: 3 0x80001bfc (0xff267be3)
core   0: 0x80001bf2 (0x5144c513) xori    a0, s1, 1300
core   0: 3 0x80001bf2 (0x5144c513) x10 0x800259f0
core   0: 0x80001bf6 (0x003dea33) or      s4, s11, gp
core   0: 3 0x80001bf6 (0x003dea33) x20 0x00000000
core   0: 0x80001bfa (0x00001679) c.addi  a2, -2
core   0: 3 0x80001bfa (0x1679) x12 0x00000001
core   0: 0x80001bfc (0xff267be3) bgeu    a2, s2, pc - 10
core   0: 3 0x80001bfc (0xff267be3)
core   0: 0x80001c00 (0xfc15d2e3) bge     a1, ra, pc - 60
core   0: 3 0x80001c00 (0xfc15d2e3)
core   0: 0x80001bc4 (0x00008c39) c.xor   s0, a4
core   0: 3 0x80001bc4 (0x8c39) x 8 0x000004fb
core   0: 0x80001bc6 (0x000015e5) c.addi  a1, -7
core   0: 3 0x80001bc6 (0x15e5) x11 0xfffffff6
core   0: 0x80001bc8 (0x00001094) c.addi4spn a3, sp, 96
core   0: 3 0x80001bc8 (0x1094) x13 0x00000060
core   0: 0x80001bca (0xc42cca13) xori    s4, s9, -958
core   0: 3 0x80001bca (0xc42cca13) x20 0xffffcc42
core   0: 0x80001bce (0x000082b9) c.srli  a3, 14
core   0: 3 0x80001bce (0x82b9) x13 0x00000000
core   0: 0x80001bd0 (0x41c25cb3) sra     s9, tp, t3
core   0: 3 0x80001bd0 (0x41c25cb3) x25 0x00003000
core   0: 0x80001bd4 (0x00700613) li      a2, 7
core   0: 3 0x80001bd4 (0x00700613) x12 0x00000007
core   0: 0x80001bd8 (0x416ada13) srai    s4, s5, 22
core   0: 3 0x80001bd8 (0x416ada13) x20 0x000000ba
core   0: 0x80001bdc (0x0ff0000f) fence   iorw,iorw
core   0: 3 0x80001bdc (0x0ff0000f)
core   0: 0x80001be0 (0x40500a33) sub     s4, zero, t0
core   0: 3 0x80001be0 (0x40500a33) x20 0x00000001
core   0: 0x80001be4 (0x03ca51b3) divu    gp, s4, t3
core   0: 3 0x80001be4 (0x03ca51b3) x 3 0x00000000
core   0: 0x80001be8 (0x00000722) c.slli  a4, 8
core   0: 3 0x80001be8 (0x0722) x14 0xfffb0000
core   0: 0x80001bea (0x00300913) li      s2, 3
core   0: 3 0x80001bea (0x00300913) x18 0x00000003
core   0: 0x80001bee (0xb24fec13) ori     s8, t6, -1244
core   0: 3 0x80001bee (0xb24fec13) x24 0xfffffb3e
core   0: 0x80001bf2 (0x5144c513) xori    a0, s1, 1300
core   0: 3 0x80001bf2 (0x5144c513) x10 0x800259f0
core   0: 0x80001bf6 (0x003dea33) or      s4, s11, gp
core   0: 3 0x80001bf6 (0x003dea33) x20 0x00000000
core   0: 0x80001bfa (0x00001679) c.addi  a2, -2
core   0: 3 0x80001bfa (0x1679) x12 0x00000005
core   0: 0x80001bfc (0xff267be3) bgeu    a2, s2, pc - 10
core   0: 3 0x80001bfc (0xff267be3)
core   0: 0x80001bf2 (0x5144c513) xori    a0, s1, 1300
core   0: 3 0x80001bf2 (0x5144c513) x10 0x800259f0
core   0: 0x80001bf6 (0x003dea33) or      s4, s11, gp
core   0: 3 0x80001bf6 (0x003dea33) x20 0x00000000
core   0: 0x80001bfa (0x00001679) c.addi  a2, -2
core   0: 3 0x80001bfa (0x1679) x12 0x00000003
core   0: 0x80001bfc (0xff267be3) bgeu    a2, s2, pc - 10
core   0: 3 0x80001bfc (0xff267be3)
core   0: 0x80001bf2 (0x5144c513) xori    a0, s1, 1300
core   0: 3 0x80001bf2 (0x5144c513) x10 0x800259f0
core   0: 0x80001bf6 (0x003dea33) or      s4, s11, gp
core   0: 3 0x80001bf6 (0x003dea33) x20 0x00000000
core   0: 0x80001bfa (0x00001679) c.addi  a2, -2
core   0: 3 0x80001bfa (0x1679) x12 0x00000001
core   0: 0x80001bfc (0xff267be3) bgeu    a2, s2, pc - 10
core   0: 3 0x80001bfc (0xff267be3)
core   0: 0x80001c00 (0xfc15d2e3) bge     a1, ra, pc - 60
core   0: 3 0x80001c00 (0xfc15d2e3)
core   0: 0x80001bc4 (0x00008c39) c.xor   s0, a4
core   0: 3 0x80001bc4 (0x8c39) x 8 0xfffb04fb
core   0: 0x80001bc6 (0x000015e5) c.addi  a1, -7
core   0: 3 0x80001bc6 (0x15e5) x11 0xffffffef
core   0: 0x80001bc8 (0x00001094) c.addi4spn a3, sp, 96
core   0: 3 0x80001bc8 (0x1094) x13 0x00000060
core   0: 0x80001bca (0xc42cca13) xori    s4, s9, -958
core   0: 3 0x80001bca (0xc42cca13) x20 0xffffcc42
core   0: 0x80001bce (0x000082b9) c.srli  a3, 14
core   0: 3 0x80001bce (0x82b9) x13 0x00000000
core   0: 0x80001bd0 (0x41c25cb3) sra     s9, tp, t3
core   0: 3 0x80001bd0 (0x41c25cb3) x25 0x00003000
core   0: 0x80001bd4 (0x00700613) li      a2, 7
core   0: 3 0x80001bd4 (0x00700613) x12 0x00000007
core   0: 0x80001bd8 (0x416ada13) srai    s4, s5, 22
core   0: 3 0x80001bd8 (0x416ada13) x20 0x000000ba
core   0: 0x80001bdc (0x0ff0000f) fence   iorw,iorw
core   0: 3 0x80001bdc (0x0ff0000f)
core   0: 0x80001be0 (0x40500a33) sub     s4, zero, t0
core   0: 3 0x80001be0 (0x40500a33) x20 0x00000001
core   0: 0x80001be4 (0x03ca51b3) divu    gp, s4, t3
core   0: 3 0x80001be4 (0x03ca51b3) x 3 0x00000000
core   0: 0x80001be8 (0x00000722) c.slli  a4, 8
core   0: 3 0x80001be8 (0x0722) x14 0xfb000000
core   0: 0x80001bea (0x00300913) li      s2, 3
core   0: 3 0x80001bea (0x00300913) x18 0x00000003
core   0: 0x80001bee (0xb24fec13) ori     s8, t6, -1244
core   0: 3 0x80001bee (0xb24fec13) x24 0xfffffb3e
core   0: 0x80001bf2 (0x5144c513) xori    a0, s1, 1300
core   0: 3 0x80001bf2 (0x5144c513) x10 0x800259f0
core   0: 0x80001bf6 (0x003dea33) or      s4, s11, gp
core   0: 3 0x80001bf6 (0x003dea33) x20 0x00000000
core   0: 0x80001bfa (0x00001679) c.addi  a2, -2
core   0: 3 0x80001bfa (0x1679) x12 0x00000005
core   0: 0x80001bfc (0xff267be3) bgeu    a2, s2, pc - 10
core   0: 3 0x80001bfc (0xff267be3)
core   0: 0x80001bf2 (0x5144c513) xori    a0, s1, 1300
core   0: 3 0x80001bf2 (0x5144c513) x10 0x800259f0
core   0: 0x80001bf6 (0x003dea33) or      s4, s11, gp
core   0: 3 0x80001bf6 (0x003dea33) x20 0x00000000
core   0: 0x80001bfa (0x00001679) c.addi  a2, -2
core   0: 3 0x80001bfa (0x1679) x12 0x00000003
core   0: 0x80001bfc (0xff267be3) bgeu    a2, s2, pc - 10
core   0: 3 0x80001bfc (0xff267be3)
core   0: 0x80001bf2 (0x5144c513) xori    a0, s1, 1300
core   0: 3 0x80001bf2 (0x5144c513) x10 0x800259f0
core   0: 0x80001bf6 (0x003dea33) or      s4, s11, gp
core   0: 3 0x80001bf6 (0x003dea33) x20 0x00000000
core   0: 0x80001bfa (0x00001679) c.addi  a2, -2
core   0: 3 0x80001bfa (0x1679) x12 0x00000001
core   0: 0x80001bfc (0xff267be3) bgeu    a2, s2, pc - 10
core   0: 3 0x80001bfc (0xff267be3)
core   0: 0x80001c00 (0xfc15d2e3) bge     a1, ra, pc - 60
core   0: 3 0x80001c00 (0xfc15d2e3)
core   0: 0x80001c04 (0x016473b3) and     t2, s0, s6
core   0: 3 0x80001c04 (0x016473b3) x 7 0x00000000
core   0: 0x80001c08 (0x00a00613) li      a2, 10
core   0: 3 0x80001c08 (0x00a00613) x12 0x0000000a
core   0: 0x80001c0c (0x00000001) c.nop
core   0: 3 0x80001c0c (0x0001)
core   0: 0x80001c0e (0x00000001) c.nop
core   0: 3 0x80001c0e (0x0001)
core   0: 0x80001c10 (0x00500f13) li      t5, 5
core   0: 3 0x80001c10 (0x00500f13) x30 0x00000005
core   0: 0x80001c14 (0x411b5c93) srai    s9, s6, 17
core   0: 3 0x80001c14 (0x411b5c93) x25 0x00000000
core   0: 0x80001c18 (0x40dd83b3) sub     t2, s11, a3
core   0: 3 0x80001c18 (0x40dd83b3) x 7 0x00000000
core   0: 0x80001c1c (0x037843b3) div     t2, a6, s7
core   0: 3 0x80001c1c (0x037843b3) x 7 0x00000001
core   0: 0x80001c20 (0xa9126713) ori     a4, tp, -1391
core   0: 3 0x80001c20 (0xa9126713) x14 0xfffffa91
core   0: 0x80001c24 (0x00001679) c.addi  a2, -2
core   0: 3 0x80001c24 (0x1679) x12 0x00000008
core   0: 0x80001c26 (0xffe67be3) bgeu    a2, t5, pc - 10
core   0: 3 0x80001c26 (0xffe67be3)
core   0: 0x80001c1c (0x037843b3) div     t2, a6, s7
core   0: 3 0x80001c1c (0x037843b3) x 7 0x00000001
core   0: 0x80001c20 (0xa9126713) ori     a4, tp, -1391
core   0: 3 0x80001c20 (0xa9126713) x14 0xfffffa91
core   0: 0x80001c24 (0x00001679) c.addi  a2, -2
core   0: 3 0x80001c24 (0x1679) x12 0x00000006
core   0: 0x80001c26 (0xffe67be3) bgeu    a2, t5, pc - 10
core   0: 3 0x80001c26 (0xffe67be3)
core   0: 0x80001c1c (0x037843b3) div     t2, a6, s7
core   0: 3 0x80001c1c (0x037843b3) x 7 0x00000001
core   0: 0x80001c20 (0xa9126713) ori     a4, tp, -1391
core   0: 3 0x80001c20 (0xa9126713) x14 0xfffffa91
core   0: 0x80001c24 (0x00001679) c.addi  a2, -2
core   0: 3 0x80001c24 (0x1679) x12 0x00000004
core   0: 0x80001c26 (0xffe67be3) bgeu    a2, t5, pc - 10
core   0: 3 0x80001c26 (0xffe67be3)
core   0: 0x80001c2a (0x37981017) auipc   zero, 0x37981
core   0: 3 0x80001c2a (0x37981017)
core   0: 0x80001c2e (0x00900593) li      a1, 9
core   0: 3 0x80001c2e (0x00900593) x11 0x00000009
core   0: 0x80001c32 (0x02299cb3) mulh    s9, s3, sp
core   0: 3 0x80001c32 (0x02299cb3) x25 0x00000000
core   0: 0x80001c36 (0xfcd7e813) ori     a6, a5, -51
core   0: 3 0x80001c36 (0xfcd7e813) x16 0xffffffcd
core   0: 0x80001c3a (0xff000093) li      ra, -16
core   0: 3 0x80001c3a (0xff000093) x 1 0xfffffff0
core   0: 0x80001c3e (0x00006331) c.lui   t1, 0xc
core   0: 3 0x80001c3e (0x6331) x 6 0x0000c000
core   0: 0x80001c40 (0x00000001) c.nop
core   0: 3 0x80001c40 (0x0001)
core   0: 0x80001c42 (0x000015ed) c.addi  a1, -5
core   0: 3 0x80001c42 (0x15ed) x11 0x00000004
core   0: 0x80001c44 (0x0000920e) c.add   tp, gp
core   0: 3 0x80001c44 (0x920e) x 4 0x0000c000
core   0: 0x80001c46 (0x41595b13) srai    s6, s2, 21
core   0: 3 0x80001c46 (0x41595b13) x22 0x00000000
core   0: 0x80001c4a (0x00004dcd) c.li    s11, 19
core   0: 3 0x80001c4a (0x4dcd) x27 0x00000013
core   0: 0x80001c4c (0x00000001) c.nop
core   0: 3 0x80001c4c (0x0001)
core   0: 0x80001c4e (0x03c0ed33) rem     s10, ra, t3
core   0: 3 0x80001c4e (0x03c0ed33) x26 0x00000000
core   0: 0x80001c52 (0xffa00693) li      a3, -6
core   0: 3 0x80001c52 (0xffa00693) x13 0xfffffffa
core   0: 0x80001c56 (0x039f0cb3) mul     s9, t5, s9
core   0: 3 0x80001c56 (0x039f0cb3) x25 0x00000000
core   0: 0x80001c5a (0x008d2833) slt     a6, s10, s0
core   0: 3 0x80001c5a (0x008d2833) x16 0x00000000
core   0: 0x80001c5e (0xffb00e13) li      t3, -5
core   0: 3 0x80001c5e (0xffb00e13) x28 0xfffffffb
core   0: 0x80001c62 (0x01431433) sll     s0, t1, s4
core   0: 3 0x80001c62 (0x01431433) x 8 0x0000c000
core   0: 0x80001c66 (0x01f1d613) srli    a2, gp, 31
core   0: 3 0x80001c66 (0x01f1d613) x12 0x00000000
core   0: 0x80001c6a (0x0090a633) slt     a2, ra, s1
core   0: 3 0x80001c6a (0x0090a633) x12 0x00000000
core   0: 0x80001c6e (0x00000685) c.addi  a3, 1
core   0: 3 0x80001c6e (0x0685) x13 0xfffffffb
core   0: 0x80001c70 (0x00c5f1b3) and     gp, a1, a2
core   0: 3 0x80001c70 (0x00c5f1b3) x 3 0x00000000
core   0: 0x80001c74 (0xffc6cbe3) blt     a3, t3, pc - 10
core   0: 3 0x80001c74 (0xffc6cbe3)
core   0: 0x80001c78 (0x0000100f) fence.i
core   0: 3 0x80001c78 (0x0000100f)
core   0: 0x80001c7c (0x005d6633) or      a2, s10, t0
core   0: 3 0x80001c7c (0x005d6633) x12 0xffffffff
core   0: 0x80001c80 (0xfa15dfe3) bge     a1, ra, pc - 66
core   0: 3 0x80001c80 (0xfa15dfe3)
core   0: 0x80001c3e (0x00006331) c.lui   t1, 0xc
core   0: 3 0x80001c3e (0x6331) x 6 0x0000c000
core   0: 0x80001c40 (0x00000001) c.nop
core   0: 3 0x80001c40 (0x0001)
core   0: 0x80001c42 (0x000015ed) c.addi  a1, -5
core   0: 3 0x80001c42 (0x15ed) x11 0xffffffff
core   0: 0x80001c44 (0x0000920e) c.add   tp, gp
core   0: 3 0x80001c44 (0x920e) x 4 0x0000c000
core   0: 0x80001c46 (0x41595b13) srai    s6, s2, 21
core   0: 3 0x80001c46 (0x41595b13) x22 0x00000000
core   0: 0x80001c4a (0x00004dcd) c.li    s11, 19
core   0: 3 0x80001c4a (0x4dcd) x27 0x00000013
core   0: 0x80001c4c (0x00000001) c.nop
core   0: 3 0x80001c4c (0x0001)
core   0: 0x80001c4e (0x03c0ed33) rem     s10, ra, t3
core   0: 3 0x80001c4e (0x03c0ed33) x26 0xffffffff
core   0: 0x80001c52 (0xffa00693) li      a3, -6
core   0: 3 0x80001c52 (0xffa00693) x13 0xfffffffa
core   0: 0x80001c56 (0x039f0cb3) mul     s9, t5, s9
core   0: 3 0x80001c56 (0x039f0cb3) x25 0x00000000
core   0: 0x80001c5a (0x008d2833) slt     a6, s10, s0
core   0: 3 0x80001c5a (0x008d2833) x16 0x00000001
core   0: 0x80001c5e (0xffb00e13) li      t3, -5
core   0: 3 0x80001c5e (0xffb00e13) x28 0xfffffffb
core   0: 0x80001c62 (0x01431433) sll     s0, t1, s4
core   0: 3 0x80001c62 (0x01431433) x 8 0x0000c000
core   0: 0x80001c66 (0x01f1d613) srli    a2, gp, 31
core   0: 3 0x80001c66 (0x01f1d613) x12 0x00000000
core   0: 0x80001c6a (0x0090a633) slt     a2, ra, s1
core   0: 3 0x80001c6a (0x0090a633) x12 0x00000000
core   0: 0x80001c6e (0x00000685) c.addi  a3, 1
core   0: 3 0x80001c6e (0x0685) x13 0xfffffffb
core   0: 0x80001c70 (0x00c5f1b3) and     gp, a1, a2
core   0: 3 0x80001c70 (0x00c5f1b3) x 3 0x00000000
core   0: 0x80001c74 (0xffc6cbe3) blt     a3, t3, pc - 10
core   0: 3 0x80001c74 (0xffc6cbe3)
core   0: 0x80001c78 (0x0000100f) fence.i
core   0: 3 0x80001c78 (0x0000100f)
core   0: 0x80001c7c (0x005d6633) or      a2, s10, t0
core   0: 3 0x80001c7c (0x005d6633) x12 0xffffffff
core   0: 0x80001c80 (0xfa15dfe3) bge     a1, ra, pc - 66
core   0: 3 0x80001c80 (0xfa15dfe3)
core   0: 0x80001c3e (0x00006331) c.lui   t1, 0xc
core   0: 3 0x80001c3e (0x6331) x 6 0x0000c000
core   0: 0x80001c40 (0x00000001) c.nop
core   0: 3 0x80001c40 (0x0001)
core   0: 0x80001c42 (0x000015ed) c.addi  a1, -5
core   0: 3 0x80001c42 (0x15ed) x11 0xfffffffa
core   0: 0x80001c44 (0x0000920e) c.add   tp, gp
core   0: 3 0x80001c44 (0x920e) x 4 0x0000c000
core   0: 0x80001c46 (0x41595b13) srai    s6, s2, 21
core   0: 3 0x80001c46 (0x41595b13) x22 0x00000000
core   0: 0x80001c4a (0x00004dcd) c.li    s11, 19
core   0: 3 0x80001c4a (0x4dcd) x27 0x00000013
core   0: 0x80001c4c (0x00000001) c.nop
core   0: 3 0x80001c4c (0x0001)
core   0: 0x80001c4e (0x03c0ed33) rem     s10, ra, t3
core   0: 3 0x80001c4e (0x03c0ed33) x26 0xffffffff
core   0: 0x80001c52 (0xffa00693) li      a3, -6
core   0: 3 0x80001c52 (0xffa00693) x13 0xfffffffa
core   0: 0x80001c56 (0x039f0cb3) mul     s9, t5, s9
core   0: 3 0x80001c56 (0x039f0cb3) x25 0x00000000
core   0: 0x80001c5a (0x008d2833) slt     a6, s10, s0
core   0: 3 0x80001c5a (0x008d2833) x16 0x00000001
core   0: 0x80001c5e (0xffb00e13) li      t3, -5
core   0: 3 0x80001c5e (0xffb00e13) x28 0xfffffffb
core   0: 0x80001c62 (0x01431433) sll     s0, t1, s4
core   0: 3 0x80001c62 (0x01431433) x 8 0x0000c000
core   0: 0x80001c66 (0x01f1d613) srli    a2, gp, 31
core   0: 3 0x80001c66 (0x01f1d613) x12 0x00000000
core   0: 0x80001c6a (0x0090a633) slt     a2, ra, s1
core   0: 3 0x80001c6a (0x0090a633) x12 0x00000000
core   0: 0x80001c6e (0x00000685) c.addi  a3, 1
core   0: 3 0x80001c6e (0x0685) x13 0xfffffffb
core   0: 0x80001c70 (0x00c5f1b3) and     gp, a1, a2
core   0: 3 0x80001c70 (0x00c5f1b3) x 3 0x00000000
core   0: 0x80001c74 (0xffc6cbe3) blt     a3, t3, pc - 10
core   0: 3 0x80001c74 (0xffc6cbe3)
core   0: 0x80001c78 (0x0000100f) fence.i
core   0: 3 0x80001c78 (0x0000100f)
core   0: 0x80001c7c (0x005d6633) or      a2, s10, t0
core   0: 3 0x80001c7c (0x005d6633) x12 0xffffffff
core   0: 0x80001c80 (0xfa15dfe3) bge     a1, ra, pc - 66
core   0: 3 0x80001c80 (0xfa15dfe3)
core   0: 0x80001c3e (0x00006331) c.lui   t1, 0xc
core   0: 3 0x80001c3e (0x6331) x 6 0x0000c000
core   0: 0x80001c40 (0x00000001) c.nop
core   0: 3 0x80001c40 (0x0001)
core   0: 0x80001c42 (0x000015ed) c.addi  a1, -5
core   0: 3 0x80001c42 (0x15ed) x11 0xfffffff5
core   0: 0x80001c44 (0x0000920e) c.add   tp, gp
core   0: 3 0x80001c44 (0x920e) x 4 0x0000c000
core   0: 0x80001c46 (0x41595b13) srai    s6, s2, 21
core   0: 3 0x80001c46 (0x41595b13) x22 0x00000000
core   0: 0x80001c4a (0x00004dcd) c.li    s11, 19
core   0: 3 0x80001c4a (0x4dcd) x27 0x00000013
core   0: 0x80001c4c (0x00000001) c.nop
core   0: 3 0x80001c4c (0x0001)
core   0: 0x80001c4e (0x03c0ed33) rem     s10, ra, t3
core   0: 3 0x80001c4e (0x03c0ed33) x26 0xffffffff
core   0: 0x80001c52 (0xffa00693) li      a3, -6
core   0: 3 0x80001c52 (0xffa00693) x13 0xfffffffa
core   0: 0x80001c56 (0x039f0cb3) mul     s9, t5, s9
core   0: 3 0x80001c56 (0x039f0cb3) x25 0x00000000
core   0: 0x80001c5a (0x008d2833) slt     a6, s10, s0
core   0: 3 0x80001c5a (0x008d2833) x16 0x00000001
core   0: 0x80001c5e (0xffb00e13) li      t3, -5
core   0: 3 0x80001c5e (0xffb00e13) x28 0xfffffffb
core   0: 0x80001c62 (0x01431433) sll     s0, t1, s4
core   0: 3 0x80001c62 (0x01431433) x 8 0x0000c000
core   0: 0x80001c66 (0x01f1d613) srli    a2, gp, 31
core   0: 3 0x80001c66 (0x01f1d613) x12 0x00000000
core   0: 0x80001c6a (0x0090a633) slt     a2, ra, s1
core   0: 3 0x80001c6a (0x0090a633) x12 0x00000000
core   0: 0x80001c6e (0x00000685) c.addi  a3, 1
core   0: 3 0x80001c6e (0x0685) x13 0xfffffffb
core   0: 0x80001c70 (0x00c5f1b3) and     gp, a1, a2
core   0: 3 0x80001c70 (0x00c5f1b3) x 3 0x00000000
core   0: 0x80001c74 (0xffc6cbe3) blt     a3, t3, pc - 10
core   0: 3 0x80001c74 (0xffc6cbe3)
core   0: 0x80001c78 (0x0000100f) fence.i
core   0: 3 0x80001c78 (0x0000100f)
core   0: 0x80001c7c (0x005d6633) or      a2, s10, t0
core   0: 3 0x80001c7c (0x005d6633) x12 0xffffffff
core   0: 0x80001c80 (0xfa15dfe3) bge     a1, ra, pc - 66
core   0: 3 0x80001c80 (0xfa15dfe3)
core   0: 0x80001c3e (0x00006331) c.lui   t1, 0xc
core   0: 3 0x80001c3e (0x6331) x 6 0x0000c000
core   0: 0x80001c40 (0x00000001) c.nop
core   0: 3 0x80001c40 (0x0001)
core   0: 0x80001c42 (0x000015ed) c.addi  a1, -5
core   0: 3 0x80001c42 (0x15ed) x11 0xfffffff0
core   0: 0x80001c44 (0x0000920e) c.add   tp, gp
core   0: 3 0x80001c44 (0x920e) x 4 0x0000c000
core   0: 0x80001c46 (0x41595b13) srai    s6, s2, 21
core   0: 3 0x80001c46 (0x41595b13) x22 0x00000000
core   0: 0x80001c4a (0x00004dcd) c.li    s11, 19
core   0: 3 0x80001c4a (0x4dcd) x27 0x00000013
core   0: 0x80001c4c (0x00000001) c.nop
core   0: 3 0x80001c4c (0x0001)
core   0: 0x80001c4e (0x03c0ed33) rem     s10, ra, t3
core   0: 3 0x80001c4e (0x03c0ed33) x26 0xffffffff
core   0: 0x80001c52 (0xffa00693) li      a3, -6
core   0: 3 0x80001c52 (0xffa00693) x13 0xfffffffa
core   0: 0x80001c56 (0x039f0cb3) mul     s9, t5, s9
core   0: 3 0x80001c56 (0x039f0cb3) x25 0x00000000
core   0: 0x80001c5a (0x008d2833) slt     a6, s10, s0
core   0: 3 0x80001c5a (0x008d2833) x16 0x00000001
core   0: 0x80001c5e (0xffb00e13) li      t3, -5
core   0: 3 0x80001c5e (0xffb00e13) x28 0xfffffffb
core   0: 0x80001c62 (0x01431433) sll     s0, t1, s4
core   0: 3 0x80001c62 (0x01431433) x 8 0x0000c000
core   0: 0x80001c66 (0x01f1d613) srli    a2, gp, 31
core   0: 3 0x80001c66 (0x01f1d613) x12 0x00000000
core   0: 0x80001c6a (0x0090a633) slt     a2, ra, s1
core   0: 3 0x80001c6a (0x0090a633) x12 0x00000000
core   0: 0x80001c6e (0x00000685) c.addi  a3, 1
core   0: 3 0x80001c6e (0x0685) x13 0xfffffffb
core   0: 0x80001c70 (0x00c5f1b3) and     gp, a1, a2
core   0: 3 0x80001c70 (0x00c5f1b3) x 3 0x00000000
core   0: 0x80001c74 (0xffc6cbe3) blt     a3, t3, pc - 10
core   0: 3 0x80001c74 (0xffc6cbe3)
core   0: 0x80001c78 (0x0000100f) fence.i
core   0: 3 0x80001c78 (0x0000100f)
core   0: 0x80001c7c (0x005d6633) or      a2, s10, t0
core   0: 3 0x80001c7c (0x005d6633) x12 0xffffffff
core   0: 0x80001c80 (0xfa15dfe3) bge     a1, ra, pc - 66
core   0: 3 0x80001c80 (0xfa15dfe3)
core   0: 0x80001c3e (0x00006331) c.lui   t1, 0xc
core   0: 3 0x80001c3e (0x6331) x 6 0x0000c000
core   0: 0x80001c40 (0x00000001) c.nop
core   0: 3 0x80001c40 (0x0001)
core   0: 0x80001c42 (0x000015ed) c.addi  a1, -5
core   0: 3 0x80001c42 (0x15ed) x11 0xffffffeb
core   0: 0x80001c44 (0x0000920e) c.add   tp, gp
core   0: 3 0x80001c44 (0x920e) x 4 0x0000c000
core   0: 0x80001c46 (0x41595b13) srai    s6, s2, 21
core   0: 3 0x80001c46 (0x41595b13) x22 0x00000000
core   0: 0x80001c4a (0x00004dcd) c.li    s11, 19
core   0: 3 0x80001c4a (0x4dcd) x27 0x00000013
core   0: 0x80001c4c (0x00000001) c.nop
core   0: 3 0x80001c4c (0x0001)
core   0: 0x80001c4e (0x03c0ed33) rem     s10, ra, t3
core   0: 3 0x80001c4e (0x03c0ed33) x26 0xffffffff
core   0: 0x80001c52 (0xffa00693) li      a3, -6
core   0: 3 0x80001c52 (0xffa00693) x13 0xfffffffa
core   0: 0x80001c56 (0x039f0cb3) mul     s9, t5, s9
core   0: 3 0x80001c56 (0x039f0cb3) x25 0x00000000
core   0: 0x80001c5a (0x008d2833) slt     a6, s10, s0
core   0: 3 0x80001c5a (0x008d2833) x16 0x00000001
core   0: 0x80001c5e (0xffb00e13) li      t3, -5
core   0: 3 0x80001c5e (0xffb00e13) x28 0xfffffffb
core   0: 0x80001c62 (0x01431433) sll     s0, t1, s4
core   0: 3 0x80001c62 (0x01431433) x 8 0x0000c000
core   0: 0x80001c66 (0x01f1d613) srli    a2, gp, 31
core   0: 3 0x80001c66 (0x01f1d613) x12 0x00000000
core   0: 0x80001c6a (0x0090a633) slt     a2, ra, s1
core   0: 3 0x80001c6a (0x0090a633) x12 0x00000000
core   0: 0x80001c6e (0x00000685) c.addi  a3, 1
core   0: 3 0x80001c6e (0x0685) x13 0xfffffffb
core   0: 0x80001c70 (0x00c5f1b3) and     gp, a1, a2
core   0: 3 0x80001c70 (0x00c5f1b3) x 3 0x00000000
core   0: 0x80001c74 (0xffc6cbe3) blt     a3, t3, pc - 10
core   0: 3 0x80001c74 (0xffc6cbe3)
core   0: 0x80001c78 (0x0000100f) fence.i
core   0: 3 0x80001c78 (0x0000100f)
core   0: 0x80001c7c (0x005d6633) or      a2, s10, t0
core   0: 3 0x80001c7c (0x005d6633) x12 0xffffffff
core   0: 0x80001c80 (0xfa15dfe3) bge     a1, ra, pc - 66
core   0: 3 0x80001c80 (0xfa15dfe3)
core   0: 0x80001c84 (0x41408ab3) sub     s5, ra, s4
core   0: 3 0x80001c84 (0x41408ab3) x21 0xfffffff0
core   0: 0x80001c88 (0xfff00713) li      a4, -1
core   0: 3 0x80001c88 (0xfff00713) x14 0xffffffff
core   0: 0x80001c8c (0x00800413) li      s0, 8
core   0: 3 0x80001c8c (0x00800413) x 8 0x00000008
core   0: 0x80001c90 (0x530a9337) lui     t1, 0x530a9
core   0: 3 0x80001c90 (0x530a9337) x 6 0x530a9000
core   0: 0x80001c94 (0x014ef5b3) and     a1, t4, s4
core   0: 3 0x80001c94 (0x014ef5b3) x11 0x00000000
core   0: 0x80001c98 (0x0000613d) c.addi16sp sp, 480
core   0: 3 0x80001c98 (0x613d) x 2 0x000001e0
core   0: 0x80001c9a (0x00004579) c.li    a0, 30
core   0: 3 0x80001c9a (0x4579) x10 0x0000001e
core   0: 0x80001c9c (0x0000c233) xor     tp, ra, zero
core   0: 3 0x80001c9c (0x0000c233) x 4 0xfffffff0
core   0: 0x80001ca0 (0x026d2e33) mulhsu  t3, s10, t1
core   0: 3 0x80001ca0 (0x026d2e33) x28 0xffffffff
core   0: 0x80001ca4 (0x00000001) c.nop
core   0: 3 0x80001ca4 (0x0001)
core   0: 0x80001ca6 (0x00000725) c.addi  a4, 9
core   0: 3 0x80001ca6 (0x0725) x14 0x00000008
core   0: 0x80001ca8 (0x023edf33) divu    t5, t4, gp
core   0: 3 0x80001ca8 (0x023edf33) x30 0xffffffff
core   0: 0x80001cac (0x02bbc0b3) div     ra, s7, a1
core   0: 3 0x80001cac (0x02bbc0b3) x 1 0xffffffff
core   0: 0x80001cb0 (0x0000814d) c.srli  a0, 19
core   0: 3 0x80001cb0 (0x814d) x10 0x00000000
core   0: 0x80001cb2 (0x03a56133) rem     sp, a0, s10
core   0: 3 0x80001cb2 (0x03a56133) x 2 0x00000000
core   0: 0x80001cb6 (0xff800613) li      a2, -8
core   0: 3 0x80001cb6 (0xff800613) x12 0xfffffff8
core   0: 0x80001cba (0x00006b0d) c.lui   s6, 0x3
core   0: 3 0x80001cba (0x6b0d) x22 0x00003000
core   0: 0x80001cbc (0x03636a33) rem     s4, t1, s6
core   0: 3 0x80001cbc (0x03636a33) x20 0x00000000
core   0: 0x80001cc0 (0x939da093) slti    ra, s11, -1735
core   0: 3 0x80001cc0 (0x939da093) x 1 0x00000000
core   0: 0x80001cc4 (0x00000001) c.nop
core   0: 3 0x80001cc4 (0x0001)
core   0: 0x80001cc6 (0x7676af13) slti    t5, a3, 1895
core   0: 3 0x80001cc6 (0x7676af13) x30 0x00000001
core   0: 0x80001cca (0x006dbab3) sltu    s5, s11, t1
core   0: 3 0x80001cca (0x006dbab3) x21 0x00000001
core   0: 0x80001cce (0x00001f88) c.addi4spn a0, sp, 1008
core   0: 3 0x80001cce (0x1f88) x10 0x000003f0
core   0: 0x80001cd0 (0x02f71e33) mulh    t3, a4, a5
core   0: 3 0x80001cd0 (0x02f71e33) x28 0xfffffffc
core   0: 0x80001cd4 (0x00000001) c.nop
core   0: 3 0x80001cd4 (0x0001)
core   0: 0x80001cd6 (0x023495b3) mulh    a1, s1, gp
core   0: 3 0x80001cd6 (0x023495b3) x11 0x00000000
core   0: 0x80001cda (0x00000605) c.addi  a2, 1
core   0: 3 0x80001cda (0x0605) x12 0xfffffff9
core   0: 0x80001cdc (0x0096be33) sltu    t3, a3, s1
core   0: 3 0x80001cdc (0x0096be33) x28 0x00000000
core   0: 0x80001ce0 (0x0000d66d) c.beqz  a2, pc - 22
core   0: 3 0x80001ce0 (0xd66d)
core   0: 0x80001ce2 (0x03a1dd33) divu    s10, gp, s10
core   0: 3 0x80001ce2 (0x03a1dd33) x26 0x00000000
core   0: 0x80001ce6 (0x0010c333) xor     t1, ra, ra
core   0: 3 0x80001ce6 (0x0010c333) x 6 0x00000000
core   0: 0x80001cea (0x0256b333) mulhu   t1, a3, t0
core   0: 3 0x80001cea (0x0256b333) x 6 0xfffffffa
core   0: 0x80001cee (0x00705933) srl     s2, zero, t2
core   0: 3 0x80001cee (0x00705933) x18 0x00000000
core   0: 0x80001cf2 (0x01a4d0b3) srl     ra, s1, s10
core   0: 3 0x80001cf2 (0x01a4d0b3) x 1 0x80025ce4
core   0: 0x80001cf6 (0xf8871de3) bne     a4, s0, pc - 102
core   0: 3 0x80001cf6 (0xf8871de3)
core   0: 0x80001cfa (0xc53821b7) lui     gp, 0xc5382
core   0: 3 0x80001cfa (0xc53821b7) x 3 0xc5382000
core   0: 0x80001cfe (0x00400193) li      gp, 4
core   0: 3 0x80001cfe (0x00400193) x 3 0x00000004
core   0: 0x80001d02 (0x00934313) xori    t1, t1, 9
core   0: 3 0x80001d02 (0x00934313) x 6 0xfffffff3
core   0: 0x80001d06 (0x00008da5) c.xor   a1, s1
core   0: 3 0x80001d06 (0x8da5) x11 0x80025ce4
core   0: 0x80001d08 (0x00008f7d) c.and   a4, a5
core   0: 3 0x80001d08 (0x8f7d) x14 0x00000000
core   0: 0x80001d0a (0x0293d833) divu    a6, t2, s1
core   0: 3 0x80001d0a (0x0293d833) x16 0x00000000
core   0: 0x80001d0e (0x00c00393) li      t2, 12
core   0: 3 0x80001d0e (0x00c00393) x 7 0x0000000c
core   0: 0x80001d12 (0x00000001) c.nop
core   0: 3 0x80001d12 (0x0001)
core   0: 0x80001d14 (0x0155dcb3) srl     s9, a1, s5
core   0: 3 0x80001d14 (0x0155dcb3) x25 0x40012e72
core   0: 0x80001d18 (0x795f1fb7) lui     t6, 0x795f1
core   0: 3 0x80001d18 (0x795f1fb7) x31 0x795f1000
core   0: 0x80001d1c (0x01d42833) slt     a6, s0, t4
core   0: 3 0x80001d1c (0x01d42833) x16 0x00000000
core   0: 0x80001d20 (0x40f50eb3) sub     t4, a0, a5
core   0: 3 0x80001d20 (0x40f50eb3) x29 0x800003f0
core   0: 0x80001d24 (0x010f5133) srl     sp, t5, a6
core   0: 3 0x80001d24 (0x010f5133) x 2 0x00000001
core   0: 0x80001d28 (0x0000717d) c.addi16sp sp, -16
core   0: 3 0x80001d28 (0x717d) x 2 0xfffffff1
core   0: 0x80001d2a (0xf73c7293) andi    t0, s8, -141
core   0: 3 0x80001d2a (0xf73c7293) x 5 0xfffffb32
core   0: 0x80001d2e (0x00009452) c.add   s0, s4
core   0: 3 0x80001d2e (0x9452) x 8 0x00000008
core   0: 0x80001d30 (0x03af50b3) divu    ra, t5, s10
core   0: 3 0x80001d30 (0x03af50b3) x 1 0xffffffff
core   0: 0x80001d34 (0x03d2ca33) div     s4, t0, t4
core   0: 3 0x80001d34 (0x03d2ca33) x20 0x00000000
core   0: 0x80001d38 (0x000001a9) c.addi  gp, 10
core   0: 3 0x80001d38 (0x01a9) x 3 0x0000000e
core   0: 0x80001d3a (0x036315b3) mulh    a1, t1, s6
core   0: 3 0x80001d3a (0x036315b3) x11 0xffffffff
core   0: 0x80001d3e (0x000005cd) c.addi  a1, 19
core   0: 3 0x80001d3e (0x05cd) x11 0x00000012
core   0: 0x80001d40 (0x014ff5b3) and     a1, t6, s4
core   0: 3 0x80001d40 (0x014ff5b3) x11 0x00000000
core   0: 0x80001d44 (0x00008f45) c.or    a4, s1
core   0: 3 0x80001d44 (0x8f45) x14 0x80025ce4
core   0: 0x80001d46 (0xfc71cbe3) blt     gp, t2, pc - 42
core   0: 3 0x80001d46 (0xfc71cbe3)
core   0: 0x80001d4a (0x00110b33) add     s6, sp, ra
core   0: 3 0x80001d4a (0x00110b33) x22 0xfffffff0
core   0: 0x80001d4e (0xfff00e13) li      t3, -1
core   0: 3 0x80001d4e (0xfff00e13) x28 0xffffffff
core   0: 0x80001d52 (0x00000001) c.nop
core   0: 3 0x80001d52 (0x0001)
core   0: 0x80001d54 (0xff100713) li      a4, -15
core   0: 3 0x80001d54 (0xff100713) x14 0xfffffff1
core   0: 0x80001d58 (0x007fe0b3) or      ra, t6, t2
core   0: 3 0x80001d58 (0x007fe0b3) x 1 0x795f100c
core   0: 0x80001d5c (0x010ec6b3) xor     a3, t4, a6
core   0: 3 0x80001d5c (0x010ec6b3) x13 0x800003f0
core   0: 0x80001d60 (0x037c18b3) mulh    a7, s8, s7
core   0: 3 0x80001d60 (0x037c18b3) x17 0x00000260
core   0: 0x80001d64 (0x00006459) c.lui   s0, 0x16
core   0: 3 0x80001d64 (0x6459) x 8 0x00016000
core   0: 0x80001d66 (0x00000f79) c.addi  t5, 30
core   0: 3 0x80001d66 (0x0f79) x30 0x0000001f
core   0: 0x80001d68 (0x0000987d) c.andi  s0, -1
core   0: 3 0x80001d68 (0x987d) x 8 0x00016000
core   0: 0x80001d6a (0x00001e65) c.addi  t3, -7
core   0: 3 0x80001d6a (0x1e65) x28 0xfffffff8
core   0: 0x80001d6c (0x2cb5ca13) xori    s4, a1, 715
core   0: 3 0x80001d6c (0x2cb5ca13) x20 0x000002cb
core   0: 0x80001d70 (0x00a00613) li      a2, 10
core   0: 3 0x80001d70 (0x00a00613) x12 0x0000000a
core   0: 0x80001d74 (0x000098fe) c.add   a7, t6
core   0: 3 0x80001d74 (0x98fe) x17 0x795f1260
core   0: 0x80001d76 (0x00e00c93) li      s9, 14
core   0: 3 0x80001d76 (0x00e00c93) x25 0x0000000e
core   0: 0x80001d7a (0x00316433) or      s0, sp, gp
core   0: 3 0x80001d7a (0x00316433) x 8 0xffffffff
core   0: 0x80001d7e (0x00008b56) c.mv    s6, s5
core   0: 3 0x80001d7e (0x8b56) x22 0x00000001
core   0: 0x80001d80 (0x00000611) c.addi  a2, 4
core   0: 3 0x80001d80 (0x0611) x12 0x0000000e
core   0: 0x80001d82 (0x00004415) c.li    s0, 5
core   0: 3 0x80001d82 (0x4415) x 8 0x00000005
core   0: 0x80001d84 (0x0000928e) c.add   t0, gp
core   0: 3 0x80001d84 (0x928e) x 5 0xfffffb40
core   0: 0x80001d86 (0xff966ce3) bltu    a2, s9, pc - 8
core   0: 3 0x80001d86 (0xff966ce3)
core   0: 0x80001d8a (0xfcee1de3) bne     t3, a4, pc - 38
core   0: 3 0x80001d8a (0xfcee1de3)
core   0: 0x80001d64 (0x00006459) c.lui   s0, 0x16
core   0: 3 0x80001d64 (0x6459) x 8 0x00016000
core   0: 0x80001d66 (0x00000f79) c.addi  t5, 30
core   0: 3 0x80001d66 (0x0f79) x30 0x0000003d
core   0: 0x80001d68 (0x0000987d) c.andi  s0, -1
core   0: 3 0x80001d68 (0x987d) x 8 0x00016000
core   0: 0x80001d6a (0x00001e65) c.addi  t3, -7
core   0: 3 0x80001d6a (0x1e65) x28 0xfffffff1
core   0: 0x80001d6c (0x2cb5ca13) xori    s4, a1, 715
core   0: 3 0x80001d6c (0x2cb5ca13) x20 0x000002cb
core   0: 0x80001d70 (0x00a00613) li      a2, 10
core   0: 3 0x80001d70 (0x00a00613) x12 0x0000000a
core   0: 0x80001d74 (0x000098fe) c.add   a7, t6
core   0: 3 0x80001d74 (0x98fe) x17 0xf2be2260
core   0: 0x80001d76 (0x00e00c93) li      s9, 14
core   0: 3 0x80001d76 (0x00e00c93) x25 0x0000000e
core   0: 0x80001d7a (0x00316433) or      s0, sp, gp
core   0: 3 0x80001d7a (0x00316433) x 8 0xffffffff
core   0: 0x80001d7e (0x00008b56) c.mv    s6, s5
core   0: 3 0x80001d7e (0x8b56) x22 0x00000001
core   0: 0x80001d80 (0x00000611) c.addi  a2, 4
core   0: 3 0x80001d80 (0x0611) x12 0x0000000e
core   0: 0x80001d82 (0x00004415) c.li    s0, 5
core   0: 3 0x80001d82 (0x4415) x 8 0x00000005
core   0: 0x80001d84 (0x0000928e) c.add   t0, gp
core   0: 3 0x80001d84 (0x928e) x 5 0xfffffb4e
core   0: 0x80001d86 (0xff966ce3) bltu    a2, s9, pc - 8
core   0: 3 0x80001d86 (0xff966ce3)
core   0: 0x80001d8a (0xfcee1de3) bne     t3, a4, pc - 38
core   0: 3 0x80001d8a (0xfcee1de3)
core   0: 0x80001d8e (0x00008d21) c.xor   a0, s0
core   0: 3 0x80001d8e (0x8d21) x10 0x000003f5
core   0: 0x80001d90 (0xff700513) li      a0, -9
core   0: 3 0x80001d90 (0xff700513) x10 0xfffffff7
core   0: 0x80001d94 (0x002e58b3) srl     a7, t3, sp
core   0: 3 0x80001d94 (0x002e58b3) x17 0x00007fff
core   0: 0x80001d98 (0x0000634d) c.lui   t1, 0x13
core   0: 3 0x80001d98 (0x634d) x 6 0x00013000
core   0: 0x80001d9a (0x008dd933) srl     s2, s11, s0
core   0: 3 0x80001d9a (0x008dd933) x18 0x00000000
core   0: 0x80001d9e (0x017bf0b3) and     ra, s7, s7
core   0: 3 0x80001d9e (0x017bf0b3) x 1 0x80021e64
core   0: 0x80001da2 (0x02b92133) mulhsu  sp, s2, a1
core   0: 3 0x80001da2 (0x02b92133) x 2 0x00000000
core   0: 0x80001da6 (0x00000001) c.nop
core   0: 3 0x80001da6 (0x0001)
core   0: 0x80001da8 (0x0ff0000f) fence   iorw,iorw
core   0: 3 0x80001da8 (0x0ff0000f)
core   0: 0x80001dac (0x21c26a93) ori     s5, tp, 540
core   0: 3 0x80001dac (0x21c26a93) x21 0xfffffffc
core   0: 0x80001db0 (0x00006a59) c.lui   s4, 0x16
core   0: 3 0x80001db0 (0x6a59) x20 0x00016000
core   0: 0x80001db2 (0x0136b6b3) sltu    a3, a3, s3
core   0: 3 0x80001db2 (0x0136b6b3) x13 0x00000000
core   0: 0x80001db6 (0x00000001) c.nop
core   0: 3 0x80001db6 (0x0001)
core   0: 0x80001db8 (0x00008c29) c.xor   s0, a0
core   0: 3 0x80001db8 (0x8c29) x 8 0xfffffff2
core   0: 0x80001dba (0x00006f99) c.lui   t6, 0x6
core   0: 3 0x80001dba (0x6f99) x31 0x00006000
core   0: 0x80001dbc (0x1014ec93) ori     s9, s1, 257
core   0: 3 0x80001dbc (0x1014ec93) x25 0x80025de5
core   0: 0x80001dc0 (0x00000001) c.nop
core   0: 3 0x80001dc0 (0x0001)
core   0: 0x80001dc2 (0x00008b3d) c.andi  a4, 15
core   0: 3 0x80001dc2 (0x8b3d) x14 0x00000001
core   0: 0x80001dc4 (0x0ff0000f) fence   iorw,iorw
core   0: 3 0x80001dc4 (0x0ff0000f)
core   0: 0x80001dc8 (0x00001f98) c.addi4spn a4, sp, 1008
core   0: 3 0x80001dc8 (0x1f98) x14 0x000003f0
core   0: 0x80001dca (0x00d64b33) xor     s6, a2, a3
core   0: 3 0x80001dca (0x00d64b33) x22 0x0000000e
core   0: 0x80001dce (0x013ca733) slt     a4, s9, s3
core   0: 3 0x80001dce (0x013ca733) x14 0x00000001
core   0: 0x80001dd2 (0x91664393) xori    t2, a2, -1770
core   0: 3 0x80001dd2 (0x91664393) x 7 0xfffff918
core   0: 0x80001dd6 (0x00000505) c.addi  a0, 1
core   0: 3 0x80001dd6 (0x0505) x10 0xfffffff8
core   0: 0x80001dd8 (0x00000001) c.nop
core   0: 3 0x80001dd8 (0x0001)
core   0: 0x80001dda (0x40f850b3) sra     ra, a6, a5
core   0: 3 0x80001dda (0x40f850b3) x 1 0x00000000
core   0: 0x80001dde (0x032e2f33) mulhsu  t5, t3, s2
core   0: 3 0x80001dde (0x032e2f33) x30 0x00000000
core   0: 0x80001de2 (0x00008f31) c.xor   a4, a2
core   0: 3 0x80001de2 (0x8f31) x14 0x0000000f
core   0: 0x80001de4 (0x03f5e3b3) rem     t2, a1, t6
core   0: 3 0x80001de4 (0x03f5e3b3) x 7 0x00000000
core   0: 0x80001de8 (0x0000d17d) c.beqz  a0, pc - 26
core   0: 3 0x80001de8 (0xd17d)
core   0: 0x80001dea (0x0000042e) c.slli  s0, 11
core   0: 3 0x80001dea (0x042e) x 8 0xffff9000
core   0: 0x80001dec (0x00300d13) li      s10, 3
core   0: 3 0x80001dec (0x00300d13) x26 0x00000003
core   0: 0x80001df0 (0x0000068c) c.addi4spn a1, sp, 832
core   0: 3 0x80001df0 (0x068c) x11 0x00000340
core   0: 0x80001df2 (0x040d6897) auipc   a7, 0x40d6
core   0: 3 0x80001df2 (0x040d6897) x17 0x840d7df2
core   0: 0x80001df6 (0xcb2e8213) addi    tp, t4, -846
core   0: 3 0x80001df6 (0xcb2e8213) x 4 0x800000a2
core   0: 0x80001dfa (0xff600293) li      t0, -10
core   0: 3 0x80001dfa (0xff600293) x 5 0xfffffff6
core   0: 0x80001dfe (0x00008c4d) c.or    s0, a1
core   0: 3 0x80001dfe (0x8c4d) x 8 0xffff9340
core   0: 0x80001e00 (0x41290cb3) sub     s9, s2, s2
core   0: 3 0x80001e00 (0x41290cb3) x25 0x00000000
core   0: 0x80001e04 (0x6707f593) andi    a1, a5, 1648
core   0: 3 0x80001e04 (0x6707f593) x11 0x00000000
core   0: 0x80001e08 (0x40e35b33) sra     s6, t1, a4
core   0: 3 0x80001e08 (0x40e35b33) x22 0x00000002
core   0: 0x80001e0c (0x00001d5d) c.addi  s10, -9
core   0: 3 0x80001e0c (0x1d5d) x26 0xfffffffa
core   0: 0x80001e0e (0xffd00513) li      a0, -3
core   0: 3 0x80001e0e (0xffd00513) x10 0xfffffffd
core   0: 0x80001e12 (0x01995413) srli    s0, s2, 25
core   0: 3 0x80001e12 (0x01995413) x 8 0x00000000
core   0: 0x80001e16 (0x000003de) c.slli  t2, 23
core   0: 3 0x80001e16 (0x03de) x 7 0x00000000
core   0: 0x80001e18 (0x0000822a) c.mv    tp, a0
core   0: 3 0x80001e18 (0x822a) x 4 0xfffffffd
core   0: 0x80001e1a (0x00000001) c.nop
core   0: 3 0x80001e1a (0x0001)
core   0: 0x80001e1c (0x02971933) mulh    s2, a4, s1
core   0: 3 0x80001e1c (0x02971933) x18 0xfffffff8
core   0: 0x80001e20 (0x00008b01) c.andi  a4, 0
core   0: 3 0x80001e20 (0x8b01) x14 0x00000000
core   0: 0x80001e22 (0x00008e9d) c.sub   a3, a5
core   0: 3 0x80001e22 (0x8e9d) x13 0x80000000
core   0: 0x80001e24 (0x00006129) c.addi16sp sp, 192
core   0: 3 0x80001e24 (0x6129) x 2 0x000000c0
core   0: 0x80001e26 (0x00000001) c.nop
core   0: 3 0x80001e26 (0x0001)
core   0: 0x80001e28 (0x0000717d) c.addi16sp sp, -16
core   0: 3 0x80001e28 (0x717d) x 2 0x000000b0
core   0: 0x80001e2a (0x00410b33) add     s6, sp, tp
core   0: 3 0x80001e2a (0x00410b33) x22 0x000000ad
core   0: 0x80001e2e (0x00000505) c.addi  a0, 1
core   0: 3 0x80001e2e (0x0505) x10 0xfffffffe
core   0: 0x80001e30 (0x1c1a2e93) slti    t4, s4, 449
core   0: 3 0x80001e30 (0x1c1a2e93) x29 0x00000000
core   0: 0x80001e34 (0x0138c8b3) xor     a7, a7, s3
core   0: 3 0x80001e34 (0x0138c8b3) x17 0x840d7df2
core   0: 0x80001e38 (0x000086d1) c.srai  a3, 20
core   0: 3 0x80001e38 (0x86d1) x13 0xfffff800
core   0: 0x80001e3a (0x0000f575) c.bnez  a0, pc - 20
core   0: 3 0x80001e3a (0xf575)
core   0: 0x80001e26 (0x00000001) c.nop
core   0: 3 0x80001e26 (0x0001)
core   0: 0x80001e28 (0x0000717d) c.addi16sp sp, -16
core   0: 3 0x80001e28 (0x717d) x 2 0x000000a0
core   0: 0x80001e2a (0x00410b33) add     s6, sp, tp
core   0: 3 0x80001e2a (0x00410b33) x22 0x0000009d
core   0: 0x80001e2e (0x00000505) c.addi  a0, 1
core   0: 3 0x80001e2e (0x0505) x10 0xffffffff
core   0: 0x80001e30 (0x1c1a2e93) slti    t4, s4, 449
core   0: 3 0x80001e30 (0x1c1a2e93) x29 0x00000000
core   0: 0x80001e34 (0x0138c8b3) xor     a7, a7, s3
core   0: 3 0x80001e34 (0x0138c8b3) x17 0x840d7df2
core   0: 0x80001e38 (0x000086d1) c.srai  a3, 20
core   0: 3 0x80001e38 (0x86d1) x13 0xffffffff
core   0: 0x80001e3a (0x0000f575) c.bnez  a0, pc - 20
core   0: 3 0x80001e3a (0xf575)
core   0: 0x80001e26 (0x00000001) c.nop
core   0: 3 0x80001e26 (0x0001)
core   0: 0x80001e28 (0x0000717d) c.addi16sp sp, -16
core   0: 3 0x80001e28 (0x717d) x 2 0x00000090
core   0: 0x80001e2a (0x00410b33) add     s6, sp, tp
core   0: 3 0x80001e2a (0x00410b33) x22 0x0000008d
core   0: 0x80001e2e (0x00000505) c.addi  a0, 1
core   0: 3 0x80001e2e (0x0505) x10 0x00000000
core   0: 0x80001e30 (0x1c1a2e93) slti    t4, s4, 449
core   0: 3 0x80001e30 (0x1c1a2e93) x29 0x00000000
core   0: 0x80001e34 (0x0138c8b3) xor     a7, a7, s3
core   0: 3 0x80001e34 (0x0138c8b3) x17 0x840d7df2
core   0: 0x80001e38 (0x000086d1) c.srai  a3, 20
core   0: 3 0x80001e38 (0x86d1) x13 0xffffffff
core   0: 0x80001e3a (0x0000f575) c.bnez  a0, pc - 20
core   0: 3 0x80001e3a (0xf575)
core   0: 0x80001e3c (0x0242f6b3) remu    a3, t0, tp
core   0: 3 0x80001e3c (0x0242f6b3) x13 0xfffffff6
core   0: 0x80001e40 (0x02411c33) mulh    s8, sp, tp
core   0: 3 0x80001e40 (0x02411c33) x24 0xffffffff
core   0: 0x80001e44 (0x03466db3) rem     s11, a2, s4
core   0: 3 0x80001e44 (0x03466db3) x27 0x0000000e
core   0: 0x80001e48 (0x0000897a) c.mv    s2, t5
core   0: 3 0x80001e48 (0x897a) x18 0x00000000
core   0: 0x80001e4a (0x2683e393) ori     t2, t2, 616
core   0: 3 0x80001e4a (0x2683e393) x 7 0x00000268
core   0: 0x80001e4e (0x02b9ea33) rem     s4, s3, a1
core   0: 3 0x80001e4e (0x02b9ea33) x20 0x00000000
core   0: 0x80001e52 (0xfa5d59e3) bge     s10, t0, pc - 78
core   0: 3 0x80001e52 (0xfa5d59e3)
core   0: 0x80001e04 (0x6707f593) andi    a1, a5, 1648
core   0: 3 0x80001e04 (0x6707f593) x11 0x00000000
core   0: 0x80001e08 (0x40e35b33) sra     s6, t1, a4
core   0: 3 0x80001e08 (0x40e35b33) x22 0x00013000
core   0: 0x80001e0c (0x00001d5d) c.addi  s10, -9
core   0: 3 0x80001e0c (0x1d5d) x26 0xfffffff1
core   0: 0x80001e0e (0xffd00513) li      a0, -3
core   0: 3 0x80001e0e (0xffd00513) x10 0xfffffffd
core   0: 0x80001e12 (0x01995413) srli    s0, s2, 25
core   0: 3 0x80001e12 (0x01995413) x 8 0x00000000
core   0: 0x80001e16 (0x000003de) c.slli  t2, 23
core   0: 3 0x80001e16 (0x03de) x 7 0x34000000
core   0: 0x80001e18 (0x0000822a) c.mv    tp, a0
core   0: 3 0x80001e18 (0x822a) x 4 0xfffffffd
core   0: 0x80001e1a (0x00000001) c.nop
core   0: 3 0x80001e1a (0x0001)
core   0: 0x80001e1c (0x02971933) mulh    s2, a4, s1
core   0: 3 0x80001e1c (0x02971933) x18 0x00000000
core   0: 0x80001e20 (0x00008b01) c.andi  a4, 0
core   0: 3 0x80001e20 (0x8b01) x14 0x00000000
core   0: 0x80001e22 (0x00008e9d) c.sub   a3, a5
core   0: 3 0x80001e22 (0x8e9d) x13 0x7ffffff6
core   0: 0x80001e24 (0x00006129) c.addi16sp sp, 192
core   0: 3 0x80001e24 (0x6129) x 2 0x00000150
core   0: 0x80001e26 (0x00000001) c.nop
core   0: 3 0x80001e26 (0x0001)
core   0: 0x80001e28 (0x0000717d) c.addi16sp sp, -16
core   0: 3 0x80001e28 (0x717d) x 2 0x00000140
core   0: 0x80001e2a (0x00410b33) add     s6, sp, tp
core   0: 3 0x80001e2a (0x00410b33) x22 0x0000013d
core   0: 0x80001e2e (0x00000505) c.addi  a0, 1
core   0: 3 0x80001e2e (0x0505) x10 0xfffffffe
core   0: 0x80001e30 (0x1c1a2e93) slti    t4, s4, 449
core   0: 3 0x80001e30 (0x1c1a2e93) x29 0x00000001
core   0: 0x80001e34 (0x0138c8b3) xor     a7, a7, s3
core   0: 3 0x80001e34 (0x0138c8b3) x17 0x840d7df2
core   0: 0x80001e38 (0x000086d1) c.srai  a3, 20
core   0: 3 0x80001e38 (0x86d1) x13 0x000007ff
core   0: 0x80001e3a (0x0000f575) c.bnez  a0, pc - 20
core   0: 3 0x80001e3a (0xf575)
core   0: 0x80001e26 (0x00000001) c.nop
core   0: 3 0x80001e26 (0x0001)
core   0: 0x80001e28 (0x0000717d) c.addi16sp sp, -16
core   0: 3 0x80001e28 (0x717d) x 2 0x00000130
core   0: 0x80001e2a (0x00410b33) add     s6, sp, tp
core   0: 3 0x80001e2a (0x00410b33) x22 0x0000012d
core   0: 0x80001e2e (0x00000505) c.addi  a0, 1
core   0: 3 0x80001e2e (0x0505) x10 0xffffffff
core   0: 0x80001e30 (0x1c1a2e93) slti    t4, s4, 449
core   0: 3 0x80001e30 (0x1c1a2e93) x29 0x00000001
core   0: 0x80001e34 (0x0138c8b3) xor     a7, a7, s3
core   0: 3 0x80001e34 (0x0138c8b3) x17 0x840d7df2
core   0: 0x80001e38 (0x000086d1) c.srai  a3, 20
core   0: 3 0x80001e38 (0x86d1) x13 0x00000000
core   0: 0x80001e3a (0x0000f575) c.bnez  a0, pc - 20
core   0: 3 0x80001e3a (0xf575)
core   0: 0x80001e26 (0x00000001) c.nop
core   0: 3 0x80001e26 (0x0001)
core   0: 0x80001e28 (0x0000717d) c.addi16sp sp, -16
core   0: 3 0x80001e28 (0x717d) x 2 0x00000120
core   0: 0x80001e2a (0x00410b33) add     s6, sp, tp
core   0: 3 0x80001e2a (0x00410b33) x22 0x0000011d
core   0: 0x80001e2e (0x00000505) c.addi  a0, 1
core   0: 3 0x80001e2e (0x0505) x10 0x00000000
core   0: 0x80001e30 (0x1c1a2e93) slti    t4, s4, 449
core   0: 3 0x80001e30 (0x1c1a2e93) x29 0x00000001
core   0: 0x80001e34 (0x0138c8b3) xor     a7, a7, s3
core   0: 3 0x80001e34 (0x0138c8b3) x17 0x840d7df2
core   0: 0x80001e38 (0x000086d1) c.srai  a3, 20
core   0: 3 0x80001e38 (0x86d1) x13 0x00000000
core   0: 0x80001e3a (0x0000f575) c.bnez  a0, pc - 20
core   0: 3 0x80001e3a (0xf575)
core   0: 0x80001e3c (0x0242f6b3) remu    a3, t0, tp
core   0: 3 0x80001e3c (0x0242f6b3) x13 0xfffffff6
core   0: 0x80001e40 (0x02411c33) mulh    s8, sp, tp
core   0: 3 0x80001e40 (0x02411c33) x24 0xffffffff
core   0: 0x80001e44 (0x03466db3) rem     s11, a2, s4
core   0: 3 0x80001e44 (0x03466db3) x27 0x0000000e
core   0: 0x80001e48 (0x0000897a) c.mv    s2, t5
core   0: 3 0x80001e48 (0x897a) x18 0x00000000
core   0: 0x80001e4a (0x2683e393) ori     t2, t2, 616
core   0: 3 0x80001e4a (0x2683e393) x 7 0x34000268
core   0: 0x80001e4e (0x02b9ea33) rem     s4, s3, a1
core   0: 3 0x80001e4e (0x02b9ea33) x20 0x00000000
core   0: 0x80001e52 (0xfa5d59e3) bge     s10, t0, pc - 78
core   0: 3 0x80001e52 (0xfa5d59e3)
core   0: 0x80001e56 (0x01db9f33) sll     t5, s7, t4
core   0: 3 0x80001e56 (0x01db9f33) x30 0x00043cc8
core   0: 0x80001e5a (0x00100593) li      a1, 1
core   0: 3 0x80001e5a (0x00100593) x11 0x00000001
core   0: 0x80001e5e (0x033d43b3) div     t2, s10, s3
core   0: 3 0x80001e5e (0x033d43b3) x 7 0xffffffff
core   0: 0x80001e62 (0x00008e9d) c.sub   a3, a5
core   0: 3 0x80001e62 (0x8e9d) x13 0x7ffffff6
core   0: 0x80001e64 (0x000088ae) c.mv    a7, a1
core   0: 3 0x80001e64 (0x88ae) x17 0x00000001
core   0: 0x80001e66 (0x02584533) div     a0, a6, t0
core   0: 3 0x80001e66 (0x02584533) x10 0x00000000
core   0: 0x80001e6a (0xffc00d13) li      s10, -4
core   0: 3 0x80001e6a (0xffc00d13) x26 0xfffffffc
core   0: 0x80001e6e (0x000080da) c.mv    ra, s6
core   0: 3 0x80001e6e (0x80da) x 1 0x0000011d
core   0: 0x80001e70 (0x000068c1) c.lui   a7, 0x10
core   0: 3 0x80001e70 (0x68c1) x17 0x00010000
core   0: 0x80001e72 (0x02054333) div     t1, a0, zero
core   0: 3 0x80001e72 (0x02054333) x 6 0xffffffff
core   0: 0x80001e76 (0x000015ed) c.addi  a1, -5
core   0: 3 0x80001e76 (0x15ed) x11 0xfffffffc
core   0: 0x80001e78 (0x03e0a533) mulhsu  a0, ra, t5
core   0: 3 0x80001e78 (0x03e0a533) x10 0x00000000
core   0: 0x80001e7c (0xfff00413) li      s0, -1
core   0: 3 0x80001e7c (0xfff00413) x 8 0xffffffff
core   0: 0x80001e80 (0x024709b3) mul     s3, a4, tp
core   0: 3 0x80001e80 (0x024709b3) x19 0x00000000
core   0: 0x80001e84 (0x00000001) c.nop
core   0: 3 0x80001e84 (0x0001)
core   0: 0x80001e86 (0x00000b08) c.addi4spn a0, sp, 400
core   0: 3 0x80001e86 (0x0b08) x10 0x000002b0
core   0: 0x80001e88 (0x022031b3) mulhu   gp, zero, sp
core   0: 3 0x80001e88 (0x022031b3) x 3 0x00000000
core   0: 0x80001e8c (0x00b611b3) sll     gp, a2, a1
core   0: 3 0x80001e8c (0x00b611b3) x 3 0xe0000000
core   0: 0x80001e90 (0x03ab1ab3) mulh    s5, s6, s10
core   0: 3 0x80001e90 (0x03ab1ab3) x21 0xffffffff
core   0: 0x80001e94 (0x00005cfd) c.li    s9, -1
core   0: 3 0x80001e94 (0x5cfd) x25 0xffffffff
core   0: 0x80001e96 (0x00000001) c.nop
core   0: 3 0x80001e96 (0x0001)
core   0: 0x80001e98 (0x000000ee) c.slli  ra, 27
core   0: 3 0x80001e98 (0x00ee) x 1 0xe8000000
core   0: 0x80001e9a (0x00008ee5) c.and   a3, s1
core   0: 3 0x80001e9a (0x8ee5) x13 0x00025ce4
core   0: 0x80001e9c (0x00000405) c.addi  s0, 1
core   0: 3 0x80001e9c (0x0405) x 8 0x00000000
core   0: 0x80001e9e (0x00bc1333) sll     t1, s8, a1
core   0: 3 0x80001e9e (0x00bc1333) x 6 0xf0000000
core   0: 0x80001ea2 (0x00b81fb3) sll     t6, a6, a1
core   0: 3 0x80001ea2 (0x00b81fb3) x31 0x00000000
core   0: 0x80001ea6 (0x009e3eb3) sltu    t4, t3, s1
core   0: 3 0x80001ea6 (0x009e3eb3) x29 0x00000000
core   0: 0x80001eaa (0x0ff0000f) fence   iorw,iorw
core   0: 3 0x80001eaa (0x0ff0000f)
core   0: 0x80001eae (0x354c6293) ori     t0, s8, 852
core   0: 3 0x80001eae (0x354c6293) x 5 0xffffffff
core   0: 0x80001eb2 (0x0000f879) c.bnez  s0, pc - 42
core   0: 3 0x80001eb2 (0xf879)
core   0: 0x80001eb4 (0x03bf5e33) divu    t3, t5, s11
core   0: 3 0x80001eb4 (0x03bf5e33) x28 0x00004d7c
core   0: 0x80001eb8 (0x0ddedc37) lui     s8, 0xdded
core   0: 3 0x80001eb8 (0x0ddedc37) x24 0x0dded000
core   0: 0x80001ebc (0x00006969) c.lui   s2, 0x1a
core   0: 3 0x80001ebc (0x6969) x18 0x0001a000
core   0: 0x80001ebe (0x76cae613) ori     a2, s5, 1900
core   0: 3 0x80001ebe (0x76cae613) x12 0xffffffff
core   0: 0x80001ec2 (0xfba598e3) bne     a1, s10, pc - 80
core   0: 3 0x80001ec2 (0xfba598e3)
core   0: 0x80001ec6 (0x00001a7d) c.addi  s4, -1
core   0: 3 0x80001ec6 (0x1a7d) x20 0xffffffff
core   0: 0x80001ec8 (0xfff00513) li      a0, -1
core   0: 3 0x80001ec8 (0xfff00513) x10 0xffffffff
core   0: 0x80001ecc (0x00008f61) c.and   a4, s0
core   0: 3 0x80001ecc (0x8f61) x14 0x00000000
core   0: 0x80001ece (0x00000001) c.nop
core   0: 3 0x80001ece (0x0001)
core   0: 0x80001ed0 (0x000096a2) c.add   a3, s0
core   0: 3 0x80001ed0 (0x96a2) x13 0x00025ce4
core   0: 0x80001ed2 (0x00008839) c.andi  s0, 14
core   0: 3 0x80001ed2 (0x8839) x 8 0x00000000
core   0: 0x80001ed4 (0xc77b4913) xori    s2, s6, -905
core   0: 3 0x80001ed4 (0xc77b4913) x18 0xfffffd6a
core   0: 0x80001ed8 (0x00006139) c.addi16sp sp, 448
core   0: 3 0x80001ed8 (0x6139) x 2 0x000002e0
core   0: 0x80001eda (0x0000983a) c.add   a6, a4
core   0: 3 0x80001eda (0x983a) x16 0x00000000
core   0: 0x80001edc (0x00008c69) c.and   s0, a0
core   0: 3 0x80001edc (0x8c69) x 8 0x00000000
core   0: 0x80001ede (0x03b1fa33) remu    s4, gp, s11
core   0: 3 0x80001ede (0x03b1fa33) x20 0x00000000
core   0: 0x80001ee2 (0x011af0b3) and     ra, s5, a7
core   0: 3 0x80001ee2 (0x011af0b3) x 1 0x00010000
core   0: 0x80001ee6 (0x00000001) c.nop
core   0: 3 0x80001ee6 (0x0001)
core   0: 0x80001ee8 (0x00006649) c.lui   a2, 0x12
core   0: 3 0x80001ee8 (0x6649) x12 0x00012000
core   0: 0x80001eea (0x000085e9) c.srai  a1, 26
core   0: 3 0x80001eea (0x85e9) x11 0xffffffff
core   0: 0x80001eec (0x416cdd33) sra     s10, s9, s6
core   0: 3 0x80001eec (0x416cdd33) x26 0xffffffff
core   0: 0x80001ef0 (0x41bcda33) sra     s4, s9, s11
core   0: 3 0x80001ef0 (0x41bcda33) x20 0xffffffff
core   0: 0x80001ef4 (0x00000001) c.nop
core   0: 3 0x80001ef4 (0x0001)
core   0: 0x80001ef6 (0x01471913) slli    s2, a4, 20
core   0: 3 0x80001ef6 (0x01471913) x18 0x00000000
core   0: 0x80001efa (0x00000505) c.addi  a0, 1
core   0: 3 0x80001efa (0x0505) x10 0x00000000
core   0: 0x80001efc (0x41f2df93) srai    t6, t0, 31
core   0: 3 0x80001efc (0x41f2df93) x31 0xffffffff
core   0: 0x80001f00 (0x0000f565) c.bnez  a0, pc - 24
core   0: 3 0x80001f00 (0xf565)
core   0: 0x80001f02 (0x0000717d) c.addi16sp sp, -16
core   0: 3 0x80001f02 (0x717d) x 2 0x000002d0
core   0: 0x80001f04 (0x00200193) li      gp, 2
core   0: 3 0x80001f04 (0x00200193) x 3 0x00000002
core   0: 0x80001f08 (0x00e00b13) li      s6, 14
core   0: 3 0x80001f08 (0x00e00b13) x22 0x0000000e
core   0: 0x80001f0c (0x031bf833) remu    a6, s7, a7
core   0: 3 0x80001f0c (0x031bf833) x16 0x00001e64
core   0: 0x80001f10 (0x0217a733) mulhsu  a4, a5, ra
core   0: 3 0x80001f10 (0x0217a733) x14 0xffff8000
core   0: 0x80001f14 (0x0000018d) c.addi  gp, 3
core   0: 3 0x80001f14 (0x018d) x 3 0x00000005
core   0: 0x80001f16 (0x00800693) li      a3, 8
core   0: 3 0x80001f16 (0x00800693) x13 0x00000008
core   0: 0x80001f1a (0x00400593) li      a1, 4
core   0: 3 0x80001f1a (0x00400593) x11 0x00000004
core   0: 0x80001f1e (0x03c2e733) rem     a4, t0, t3
core   0: 3 0x80001f1e (0x03c2e733) x14 0xffffffff
core   0: 0x80001f22 (0x000016f9) c.addi  a3, -2
core   0: 3 0x80001f22 (0x16f9) x13 0x00000006
core   0: 0x80001f24 (0xfeb6fde3) bgeu    a3, a1, pc - 6
core   0: 3 0x80001f24 (0xfeb6fde3)
core   0: 0x80001f1e (0x03c2e733) rem     a4, t0, t3
core   0: 3 0x80001f1e (0x03c2e733) x14 0xffffffff
core   0: 0x80001f22 (0x000016f9) c.addi  a3, -2
core   0: 3 0x80001f22 (0x16f9) x13 0x00000004
core   0: 0x80001f24 (0xfeb6fde3) bgeu    a3, a1, pc - 6
core   0: 3 0x80001f24 (0xfeb6fde3)
core   0: 0x80001f1e (0x03c2e733) rem     a4, t0, t3
core   0: 3 0x80001f1e (0x03c2e733) x14 0xffffffff
core   0: 0x80001f22 (0x000016f9) c.addi  a3, -2
core   0: 3 0x80001f22 (0x16f9) x13 0x00000002
core   0: 0x80001f24 (0xfeb6fde3) bgeu    a3, a1, pc - 6
core   0: 3 0x80001f24 (0xfeb6fde3)
core   0: 0x80001f28 (0xff61c2e3) blt     gp, s6, pc - 28
core   0: 3 0x80001f28 (0xff61c2e3)
core   0: 0x80001f0c (0x031bf833) remu    a6, s7, a7
core   0: 3 0x80001f0c (0x031bf833) x16 0x00001e64
core   0: 0x80001f10 (0x0217a733) mulhsu  a4, a5, ra
core   0: 3 0x80001f10 (0x0217a733) x14 0xffff8000
core   0: 0x80001f14 (0x0000018d) c.addi  gp, 3
core   0: 3 0x80001f14 (0x018d) x 3 0x00000008
core   0: 0x80001f16 (0x00800693) li      a3, 8
core   0: 3 0x80001f16 (0x00800693) x13 0x00000008
core   0: 0x80001f1a (0x00400593) li      a1, 4
core   0: 3 0x80001f1a (0x00400593) x11 0x00000004
core   0: 0x80001f1e (0x03c2e733) rem     a4, t0, t3
core   0: 3 0x80001f1e (0x03c2e733) x14 0xffffffff
core   0: 0x80001f22 (0x000016f9) c.addi  a3, -2
core   0: 3 0x80001f22 (0x16f9) x13 0x00000006
core   0: 0x80001f24 (0xfeb6fde3) bgeu    a3, a1, pc - 6
core   0: 3 0x80001f24 (0xfeb6fde3)
core   0: 0x80001f1e (0x03c2e733) rem     a4, t0, t3
core   0: 3 0x80001f1e (0x03c2e733) x14 0xffffffff
core   0: 0x80001f22 (0x000016f9) c.addi  a3, -2
core   0: 3 0x80001f22 (0x16f9) x13 0x00000004
core   0: 0x80001f24 (0xfeb6fde3) bgeu    a3, a1, pc - 6
core   0: 3 0x80001f24 (0xfeb6fde3)
core   0: 0x80001f1e (0x03c2e733) rem     a4, t0, t3
core   0: 3 0x80001f1e (0x03c2e733) x14 0xffffffff
core   0: 0x80001f22 (0x000016f9) c.addi  a3, -2
core   0: 3 0x80001f22 (0x16f9) x13 0x00000002
core   0: 0x80001f24 (0xfeb6fde3) bgeu    a3, a1, pc - 6
core   0: 3 0x80001f24 (0xfeb6fde3)
core   0: 0x80001f28 (0xff61c2e3) blt     gp, s6, pc - 28
core   0: 3 0x80001f28 (0xff61c2e3)
core   0: 0x80001f0c (0x031bf833) remu    a6, s7, a7
core   0: 3 0x80001f0c (0x031bf833) x16 0x00001e64
core   0: 0x80001f10 (0x0217a733) mulhsu  a4, a5, ra
core   0: 3 0x80001f10 (0x0217a733) x14 0xffff8000
core   0: 0x80001f14 (0x0000018d) c.addi  gp, 3
core   0: 3 0x80001f14 (0x018d) x 3 0x0000000b
core   0: 0x80001f16 (0x00800693) li      a3, 8
core   0: 3 0x80001f16 (0x00800693) x13 0x00000008
core   0: 0x80001f1a (0x00400593) li      a1, 4
core   0: 3 0x80001f1a (0x00400593) x11 0x00000004
core   0: 0x80001f1e (0x03c2e733) rem     a4, t0, t3
core   0: 3 0x80001f1e (0x03c2e733) x14 0xffffffff
core   0: 0x80001f22 (0x000016f9) c.addi  a3, -2
core   0: 3 0x80001f22 (0x16f9) x13 0x00000006
core   0: 0x80001f24 (0xfeb6fde3) bgeu    a3, a1, pc - 6
core   0: 3 0x80001f24 (0xfeb6fde3)
core   0: 0x80001f1e (0x03c2e733) rem     a4, t0, t3
core   0: 3 0x80001f1e (0x03c2e733) x14 0xffffffff
core   0: 0x80001f22 (0x000016f9) c.addi  a3, -2
core   0: 3 0x80001f22 (0x16f9) x13 0x00000004
core   0: 0x80001f24 (0xfeb6fde3) bgeu    a3, a1, pc - 6
core   0: 3 0x80001f24 (0xfeb6fde3)
core   0: 0x80001f1e (0x03c2e733) rem     a4, t0, t3
core   0: 3 0x80001f1e (0x03c2e733) x14 0xffffffff
core   0: 0x80001f22 (0x000016f9) c.addi  a3, -2
core   0: 3 0x80001f22 (0x16f9) x13 0x00000002
core   0: 0x80001f24 (0xfeb6fde3) bgeu    a3, a1, pc - 6
core   0: 3 0x80001f24 (0xfeb6fde3)
core   0: 0x80001f28 (0xff61c2e3) blt     gp, s6, pc - 28
core   0: 3 0x80001f28 (0xff61c2e3)
core   0: 0x80001f0c (0x031bf833) remu    a6, s7, a7
core   0: 3 0x80001f0c (0x031bf833) x16 0x00001e64
core   0: 0x80001f10 (0x0217a733) mulhsu  a4, a5, ra
core   0: 3 0x80001f10 (0x0217a733) x14 0xffff8000
core   0: 0x80001f14 (0x0000018d) c.addi  gp, 3
core   0: 3 0x80001f14 (0x018d) x 3 0x0000000e
core   0: 0x80001f16 (0x00800693) li      a3, 8
core   0: 3 0x80001f16 (0x00800693) x13 0x00000008
core   0: 0x80001f1a (0x00400593) li      a1, 4
core   0: 3 0x80001f1a (0x00400593) x11 0x00000004
core   0: 0x80001f1e (0x03c2e733) rem     a4, t0, t3
core   0: 3 0x80001f1e (0x03c2e733) x14 0xffffffff
core   0: 0x80001f22 (0x000016f9) c.addi  a3, -2
core   0: 3 0x80001f22 (0x16f9) x13 0x00000006
core   0: 0x80001f24 (0xfeb6fde3) bgeu    a3, a1, pc - 6
core   0: 3 0x80001f24 (0xfeb6fde3)
core   0: 0x80001f1e (0x03c2e733) rem     a4, t0, t3
core   0: 3 0x80001f1e (0x03c2e733) x14 0xffffffff
core   0: 0x80001f22 (0x000016f9) c.addi  a3, -2
core   0: 3 0x80001f22 (0x16f9) x13 0x00000004
core   0: 0x80001f24 (0xfeb6fde3) bgeu    a3, a1, pc - 6
core   0: 3 0x80001f24 (0xfeb6fde3)
core   0: 0x80001f1e (0x03c2e733) rem     a4, t0, t3
core   0: 3 0x80001f1e (0x03c2e733) x14 0xffffffff
core   0: 0x80001f22 (0x000016f9) c.addi  a3, -2
core   0: 3 0x80001f22 (0x16f9) x13 0x00000002
core   0: 0x80001f24 (0xfeb6fde3) bgeu    a3, a1, pc - 6
core   0: 3 0x80001f24 (0xfeb6fde3)
core   0: 0x80001f28 (0xff61c2e3) blt     gp, s6, pc - 28
core   0: 3 0x80001f28 (0xff61c2e3)
core   0: 0x80001f2c (0x00009456) c.add   s0, s5
core   0: 3 0x80001f2c (0x9456) x 8 0xffffffff
core   0: 0x80001f2e (0xffc00213) li      tp, -4
core   0: 3 0x80001f2e (0xffc00213) x 4 0xfffffffc
core   0: 0x80001f32 (0x00ae6633) or      a2, t3, a0
core   0: 3 0x80001f32 (0x00ae6633) x12 0x00004d7c
core   0: 0x80001f36 (0x7b706413) ori     s0, zero, 1975
core   0: 3 0x80001f36 (0x7b706413) x 8 0x000007b7
core   0: 0x80001f3a (0x00600913) li      s2, 6
core   0: 3 0x80001f3a (0x00600913) x18 0x00000006
core   0: 0x80001f3e (0x02dcafb3) mulhsu  t6, s9, a3
core   0: 3 0x80001f3e (0x02dcafb3) x31 0xffffffff
core   0: 0x80001f42 (0x038ed533) divu    a0, t4, s8
core   0: 3 0x80001f42 (0x038ed533) x10 0x00000000
core   0: 0x80001f46 (0x000089ea) c.mv    s3, s10
core   0: 3 0x80001f46 (0x89ea) x19 0xffffffff
core   0: 0x80001f48 (0x80302e93) slti    t4, zero, -2045
core   0: 3 0x80001f48 (0x80302e93) x29 0x00000000
core   0: 0x80001f4c (0x00000229) c.addi  tp, 10
core   0: 3 0x80001f4c (0x0229) x 4 0x00000006
core   0: 0x80001f4e (0x00a00693) li      a3, 10
core   0: 3 0x80001f4e (0x00a00693) x13 0x0000000a
core   0: 0x80001f52 (0xff500293) li      t0, -11
core   0: 3 0x80001f52 (0xff500293) x 5 0xfffffff5
core   0: 0x80001f56 (0x00006c21) c.lui   s8, 0x8
core   0: 3 0x80001f56 (0x6c21) x24 0x00008000
core   0: 0x80001f58 (0x00009fa2) c.add   t6, s0
core   0: 3 0x80001f58 (0x9fa2) x31 0x000007b6
core   0: 0x80001f5a (0x000016f5) c.addi  a3, -3
core   0: 3 0x80001f5a (0x16f5) x13 0x00000007
core   0: 0x80001f5c (0xcd108c93) addi    s9, ra, -815
core   0: 3 0x80001f5c (0xcd108c93) x25 0x0000fcd1
core   0: 0x80001f60 (0xfe568be3) beq     a3, t0, pc - 10
core   0: 3 0x80001f60 (0xfe568be3)
core   0: 0x80001f64 (0xff2201e3) beq     tp, s2, pc - 30
core   0: 3 0x80001f64 (0xff2201e3)
core   0: 0x80001f46 (0x000089ea) c.mv    s3, s10
core   0: 3 0x80001f46 (0x89ea) x19 0xffffffff
core   0: 0x80001f48 (0x80302e93) slti    t4, zero, -2045
core   0: 3 0x80001f48 (0x80302e93) x29 0x00000000
core   0: 0x80001f4c (0x00000229) c.addi  tp, 10
core   0: 3 0x80001f4c (0x0229) x 4 0x00000010
core   0: 0x80001f4e (0x00a00693) li      a3, 10
core   0: 3 0x80001f4e (0x00a00693) x13 0x0000000a
core   0: 0x80001f52 (0xff500293) li      t0, -11
core   0: 3 0x80001f52 (0xff500293) x 5 0xfffffff5
core   0: 0x80001f56 (0x00006c21) c.lui   s8, 0x8
core   0: 3 0x80001f56 (0x6c21) x24 0x00008000
core   0: 0x80001f58 (0x00009fa2) c.add   t6, s0
core   0: 3 0x80001f58 (0x9fa2) x31 0x00000f6d
core   0: 0x80001f5a (0x000016f5) c.addi  a3, -3
core   0: 3 0x80001f5a (0x16f5) x13 0x00000007
core   0: 0x80001f5c (0xcd108c93) addi    s9, ra, -815
core   0: 3 0x80001f5c (0xcd108c93) x25 0x0000fcd1
core   0: 0x80001f60 (0xfe568be3) beq     a3, t0, pc - 10
core   0: 3 0x80001f60 (0xfe568be3)
core   0: 0x80001f64 (0xff2201e3) beq     tp, s2, pc - 30
core   0: 3 0x80001f64 (0xff2201e3)
core   0: 0x80001f68 (0x02475db3) divu    s11, a4, tp
core   0: 3 0x80001f68 (0x02475db3) x27 0x0fffffff
core   0: 0x80001f6c (0xff600193) li      gp, -10
core   0: 3 0x80001f6c (0xff600193) x 3 0xfffffff6
core   0: 0x80001f70 (0x0127e133) or      sp, a5, s2
core   0: 3 0x80001f70 (0x0127e133) x 2 0x80000006
core   0: 0x80001f74 (0x01100813) li      a6, 17
core   0: 3 0x80001f74 (0x01100813) x16 0x00000011
core   0: 0x80001f78 (0x00000001) c.nop
core   0: 3 0x80001f78 (0x0001)
core   0: 0x80001f7a (0x00009a22) c.add   s4, s0
core   0: 3 0x80001f7a (0x9a22) x20 0x000007b6
core   0: 0x80001f7c (0x02102a33) mulhsu  s4, zero, ra
core   0: 3 0x80001f7c (0x02102a33) x20 0x00000000
core   0: 0x80001f80 (0x019fda13) srli    s4, t6, 25
core   0: 3 0x80001f80 (0x019fda13) x20 0x00000000
core   0: 0x80001f84 (0x000001a5) c.addi  gp, 9
core   0: 3 0x80001f84 (0x01a5) x 3 0xffffffff
core   0: 0x80001f86 (0x0ff0000f) fence   iorw,iorw
core   0: 3 0x80001f86 (0x0ff0000f)
core   0: 0x80001f8a (0xff01c9e3) blt     gp, a6, pc - 14
core   0: 3 0x80001f8a (0xff01c9e3)
core   0: 0x80001f7c (0x02102a33) mulhsu  s4, zero, ra
core   0: 3 0x80001f7c (0x02102a33) x20 0x00000000
core   0: 0x80001f80 (0x019fda13) srli    s4, t6, 25
core   0: 3 0x80001f80 (0x019fda13) x20 0x00000000
core   0: 0x80001f84 (0x000001a5) c.addi  gp, 9
core   0: 3 0x80001f84 (0x01a5) x 3 0x00000008
core   0: 0x80001f86 (0x0ff0000f) fence   iorw,iorw
core   0: 3 0x80001f86 (0x0ff0000f)
core   0: 0x80001f8a (0xff01c9e3) blt     gp, a6, pc - 14
core   0: 3 0x80001f8a (0xff01c9e3)
core   0: 0x80001f7c (0x02102a33) mulhsu  s4, zero, ra
core   0: 3 0x80001f7c (0x02102a33) x20 0x00000000
core   0: 0x80001f80 (0x019fda13) srli    s4, t6, 25
core   0: 3 0x80001f80 (0x019fda13) x20 0x00000000
core   0: 0x80001f84 (0x000001a5) c.addi  gp, 9
core   0: 3 0x80001f84 (0x01a5) x 3 0x00000011
core   0: 0x80001f86 (0x0ff0000f) fence   iorw,iorw
core   0: 3 0x80001f86 (0x0ff0000f)
core   0: 0x80001f8a (0xff01c9e3) blt     gp, a6, pc - 14
core   0: 3 0x80001f8a (0xff01c9e3)
core   0: 0x80001f8e (0x03c1dc33) divu    s8, gp, t3
core   0: 3 0x80001f8e (0x03c1dc33) x24 0x00000000
core   0: 0x80001f92 (0x00600513) li      a0, 6
core   0: 3 0x80001f92 (0x00600513) x10 0x00000006
core   0: 0x80001f96 (0x032c8db3) mul     s11, s9, s2
core   0: 3 0x80001f96 (0x032c8db3) x27 0x0005ece6
core   0: 0x80001f9a (0x036356b3) divu    a3, t1, s6
core   0: 3 0x80001f9a (0x036356b3) x13 0x11249249
core   0: 0x80001f9e (0x00008df9) c.and   a1, a4
core   0: 3 0x80001f9e (0x8df9) x11 0x00000004
core   0: 0x80001fa0 (0x010d5413) srli    s0, s10, 16
core   0: 3 0x80001fa0 (0x010d5413) x 8 0x0000ffff
core   0: 0x80001fa4 (0xff600b13) li      s6, -10
core   0: 3 0x80001fa4 (0xff600b13) x22 0xfffffff6
core   0: 0x80001fa8 (0x03cb15b3) mulh    a1, s6, t3
core   0: 3 0x80001fa8 (0x03cb15b3) x11 0xffffffff
core   0: 0x80001fac (0x00dc7e33) and     t3, s8, a3
core   0: 3 0x80001fac (0x00dc7e33) x28 0x00000000
core   0: 0x80001fb0 (0xa33d4213) xori    tp, s10, -1485
core   0: 3 0x80001fb0 (0xa33d4213) x 4 0x000005cc
core   0: 0x80001fb4 (0x00001561) c.addi  a0, -8
core   0: 3 0x80001fb4 (0x1561) x10 0xfffffffe
core   0: 0x80001fb6 (0x00008e05) c.sub   a2, s1
core   0: 3 0x80001fb6 (0x8e05) x12 0x7ffdf098
core   0: 0x80001fb8 (0x0068d393) srli    t2, a7, 6
core   0: 3 0x80001fb8 (0x0068d393) x 7 0x00000400
core   0: 0x80001fbc (0x0124d213) srli    tp, s1, 18
core   0: 3 0x80001fbc (0x0124d213) x 4 0x00002000
core   0: 0x80001fc0 (0x403c82b3) sub     t0, s9, gp
core   0: 3 0x80001fc0 (0x403c82b3) x 5 0x0000fcc0
core   0: 0x80001fc4 (0xffb00f93) li      t6, -5
core   0: 3 0x80001fc4 (0xffb00f93) x31 0xfffffffb
core   0: 0x80001fc8 (0x00009eae) c.add   t4, a1
core   0: 3 0x80001fc8 (0x9eae) x29 0xffffffff
core   0: 0x80001fca (0x00500a93) li      s5, 5
core   0: 3 0x80001fca (0x00500a93) x21 0x00000005
core   0: 0x80001fce (0xf2b58213) addi    tp, a1, -213
core   0: 3 0x80001fce (0xf2b58213) x 4 0xffffff2a
core   0: 0x80001fd2 (0x030ec3b3) div     t2, t4, a6
core   0: 3 0x80001fd2 (0x030ec3b3) x 7 0x00000000
core   0: 0x80001fd6 (0x01665d93) srli    s11, a2, 22
core   0: 3 0x80001fd6 (0x01665d93) x27 0x000001ff
core   0: 0x80001fda (0x00008de1) c.and   a1, s0
core   0: 3 0x80001fda (0x8de1) x11 0x0000ffff
core   0: 0x80001fdc (0x0ff0000f) fence   iorw,iorw
core   0: 3 0x80001fdc (0x0ff0000f)
core   0: 0x80001fe0 (0x40a4dc13) srai    s8, s1, 10
core   0: 3 0x80001fe0 (0x40a4dc13) x24 0xffe00097
core   0: 0x80001fe4 (0x00000f89) c.addi  t6, 2
core   0: 3 0x80001fe4 (0x0f89) x31 0xfffffffd
core   0: 0x80001fe6 (0x000009b5) c.addi  s3, 13
core   0: 3 0x80001fe6 (0x09b5) x19 0x0000000c
core   0: 0x80001fe8 (0x000060ad) c.lui   ra, 0xb
core   0: 3 0x80001fe8 (0x60ad) x 1 0x0000b000
core   0: 0x80001fea (0x408f5eb3) sra     t4, t5, s0
core   0: 3 0x80001fea (0x408f5eb3) x29 0x00000000
core   0: 0x80001fee (0xff5fe6e3) bltu    t6, s5, pc - 20
core   0: 3 0x80001fee (0xff5fe6e3)
core   0: 0x80001ff2 (0x40a653b7) lui     t2, 0x40a65
core   0: 3 0x80001ff2 (0x40a653b7) x 7 0x40a65000
core   0: 0x80001ff6 (0xb1be6393) ori     t2, t3, -1253
core   0: 3 0x80001ff6 (0xb1be6393) x 7 0xfffffb1b
core   0: 0x80001ffa (0x00001a10) c.addi4spn a2, sp, 304
core   0: 3 0x80001ffa (0x1a10) x12 0x80000136
core   0: 0x80001ffc (0xfb6558e3) bge     a0, s6, pc - 80
core   0: 3 0x80001ffc (0xfb6558e3)
core   0: 0x80001fac (0x00dc7e33) and     t3, s8, a3
core   0: 3 0x80001fac (0x00dc7e33) x28 0x11200001
core   0: 0x80001fb0 (0xa33d4213) xori    tp, s10, -1485
core   0: 3 0x80001fb0 (0xa33d4213) x 4 0x000005cc
core   0: 0x80001fb4 (0x00001561) c.addi  a0, -8
core   0: 3 0x80001fb4 (0x1561) x10 0xfffffff6
core   0: 0x80001fb6 (0x00008e05) c.sub   a2, s1
core   0: 3 0x80001fb6 (0x8e05) x12 0xfffda452
core   0: 0x80001fb8 (0x0068d393) srli    t2, a7, 6
core   0: 3 0x80001fb8 (0x0068d393) x 7 0x00000400
core   0: 0x80001fbc (0x0124d213) srli    tp, s1, 18
core   0: 3 0x80001fbc (0x0124d213) x 4 0x00002000
core   0: 0x80001fc0 (0x403c82b3) sub     t0, s9, gp
core   0: 3 0x80001fc0 (0x403c82b3) x 5 0x0000fcc0
core   0: 0x80001fc4 (0xffb00f93) li      t6, -5
core   0: 3 0x80001fc4 (0xffb00f93) x31 0xfffffffb
core   0: 0x80001fc8 (0x00009eae) c.add   t4, a1
core   0: 3 0x80001fc8 (0x9eae) x29 0x0000ffff
core   0: 0x80001fca (0x00500a93) li      s5, 5
core   0: 3 0x80001fca (0x00500a93) x21 0x00000005
core   0: 0x80001fce (0xf2b58213) addi    tp, a1, -213
core   0: 3 0x80001fce (0xf2b58213) x 4 0x0000ff2a
core   0: 0x80001fd2 (0x030ec3b3) div     t2, t4, a6
core   0: 3 0x80001fd2 (0x030ec3b3) x 7 0x00000f0f
core   0: 0x80001fd6 (0x01665d93) srli    s11, a2, 22
core   0: 3 0x80001fd6 (0x01665d93) x27 0x000003ff
core   0: 0x80001fda (0x00008de1) c.and   a1, s0
core   0: 3 0x80001fda (0x8de1) x11 0x0000ffff
core   0: 0x80001fdc (0x0ff0000f) fence   iorw,iorw
core   0: 3 0x80001fdc (0x0ff0000f)
core   0: 0x80001fe0 (0x40a4dc13) srai    s8, s1, 10
core   0: 3 0x80001fe0 (0x40a4dc13) x24 0xffe00097
core   0: 0x80001fe4 (0x00000f89) c.addi  t6, 2
core   0: 3 0x80001fe4 (0x0f89) x31 0xfffffffd
core   0: 0x80001fe6 (0x000009b5) c.addi  s3, 13
core   0: 3 0x80001fe6 (0x09b5) x19 0x00000019
core   0: 0x80001fe8 (0x000060ad) c.lui   ra, 0xb
core   0: 3 0x80001fe8 (0x60ad) x 1 0x0000b000
core   0: 0x80001fea (0x408f5eb3) sra     t4, t5, s0
core   0: 3 0x80001fea (0x408f5eb3) x29 0x00000000
core   0: 0x80001fee (0xff5fe6e3) bltu    t6, s5, pc - 20
core   0: 3 0x80001fee (0xff5fe6e3)
core   0: 0x80001ff2 (0x40a653b7) lui     t2, 0x40a65
core   0: 3 0x80001ff2 (0x40a653b7) x 7 0x40a65000
core   0: 0x80001ff6 (0xb1be6393) ori     t2, t3, -1253
core   0: 3 0x80001ff6 (0xb1be6393) x 7 0xfffffb1b
core   0: 0x80001ffa (0x00001a10) c.addi4spn a2, sp, 304
core   0: 3 0x80001ffa (0x1a10) x12 0x80000136
core   0: 0x80001ffc (0xfb6558e3) bge     a0, s6, pc - 80
core   0: 3 0x80001ffc (0xfb6558e3)
core   0: 0x80001fac (0x00dc7e33) and     t3, s8, a3
core   0: 3 0x80001fac (0x00dc7e33) x28 0x11200001
core   0: 0x80001fb0 (0xa33d4213) xori    tp, s10, -1485
core   0: 3 0x80001fb0 (0xa33d4213) x 4 0x000005cc
core   0: 0x80001fb4 (0x00001561) c.addi  a0, -8
core   0: 3 0x80001fb4 (0x1561) x10 0xffffffee
core   0: 0x80001fb6 (0x00008e05) c.sub   a2, s1
core   0: 3 0x80001fb6 (0x8e05) x12 0xfffda452
core   0: 0x80001fb8 (0x0068d393) srli    t2, a7, 6
core   0: 3 0x80001fb8 (0x0068d393) x 7 0x00000400
core   0: 0x80001fbc (0x0124d213) srli    tp, s1, 18
core   0: 3 0x80001fbc (0x0124d213) x 4 0x00002000
core   0: 0x80001fc0 (0x403c82b3) sub     t0, s9, gp
core   0: 3 0x80001fc0 (0x403c82b3) x 5 0x0000fcc0
core   0: 0x80001fc4 (0xffb00f93) li      t6, -5
core   0: 3 0x80001fc4 (0xffb00f93) x31 0xfffffffb
core   0: 0x80001fc8 (0x00009eae) c.add   t4, a1
core   0: 3 0x80001fc8 (0x9eae) x29 0x0000ffff
core   0: 0x80001fca (0x00500a93) li      s5, 5
core   0: 3 0x80001fca (0x00500a93) x21 0x00000005
core   0: 0x80001fce (0xf2b58213) addi    tp, a1, -213
core   0: 3 0x80001fce (0xf2b58213) x 4 0x0000ff2a
core   0: 0x80001fd2 (0x030ec3b3) div     t2, t4, a6
core   0: 3 0x80001fd2 (0x030ec3b3) x 7 0x00000f0f
core   0: 0x80001fd6 (0x01665d93) srli    s11, a2, 22
core   0: 3 0x80001fd6 (0x01665d93) x27 0x000003ff
core   0: 0x80001fda (0x00008de1) c.and   a1, s0
core   0: 3 0x80001fda (0x8de1) x11 0x0000ffff
core   0: 0x80001fdc (0x0ff0000f) fence   iorw,iorw
core   0: 3 0x80001fdc (0x0ff0000f)
core   0: 0x80001fe0 (0x40a4dc13) srai    s8, s1, 10
core   0: 3 0x80001fe0 (0x40a4dc13) x24 0xffe00097
core   0: 0x80001fe4 (0x00000f89) c.addi  t6, 2
core   0: 3 0x80001fe4 (0x0f89) x31 0xfffffffd
core   0: 0x80001fe6 (0x000009b5) c.addi  s3, 13
core   0: 3 0x80001fe6 (0x09b5) x19 0x00000026
core   0: 0x80001fe8 (0x000060ad) c.lui   ra, 0xb
core   0: 3 0x80001fe8 (0x60ad) x 1 0x0000b000
core   0: 0x80001fea (0x408f5eb3) sra     t4, t5, s0
core   0: 3 0x80001fea (0x408f5eb3) x29 0x00000000
core   0: 0x80001fee (0xff5fe6e3) bltu    t6, s5, pc - 20
core   0: 3 0x80001fee (0xff5fe6e3)
core   0: 0x80001ff2 (0x40a653b7) lui     t2, 0x40a65
core   0: 3 0x80001ff2 (0x40a653b7) x 7 0x40a65000
core   0: 0x80001ff6 (0xb1be6393) ori     t2, t3, -1253
core   0: 3 0x80001ff6 (0xb1be6393) x 7 0xfffffb1b
core   0: 0x80001ffa (0x00001a10) c.addi4spn a2, sp, 304
core   0: 3 0x80001ffa (0x1a10) x12 0x80000136
core   0: 0x80001ffc (0xfb6558e3) bge     a0, s6, pc - 80
core   0: 3 0x80001ffc (0xfb6558e3)
core   0: 0x80002000 (0x036a62b3) rem     t0, s4, s6
core   0: 3 0x80002000 (0x036a62b3) x 5 0x00000000
core   0: 0x80002004 (0x00600d13) li      s10, 6
core   0: 3 0x80002004 (0x00600d13) x26 0x00000006
core   0: 0x80002008 (0x00006c2d) c.lui   s8, 0xb
core   0: 3 0x80002008 (0x6c2d) x24 0x0000b000
core   0: 0x8000200a (0x00600f93) li      t6, 6
core   0: 3 0x8000200a (0x00600f93) x31 0x00000006
core   0: 0x8000200e (0x00000001) c.nop
core   0: 3 0x8000200e (0x0001)
core   0: 0x80002010 (0x00001d61) c.addi  s10, -8
core   0: 3 0x80002010 (0x1d61) x26 0xfffffffe
core   0: 0x80002012 (0x67206a93) ori     s5, zero, 1650
core   0: 3 0x80002012 (0x67206a93) x21 0x00000672
core   0: 0x80002016 (0x00100413) li      s0, 1
core   0: 3 0x80002016 (0x00100413) x 8 0x00000001
core   0: 0x8000201a (0x00100893) li      a7, 1
core   0: 3 0x8000201a (0x00100893) x17 0x00000001
core   0: 0x8000201e (0x2a6f8713) addi    a4, t6, 678
core   0: 3 0x8000201e (0x2a6f8713) x14 0x000002ac
core   0: 0x80002022 (0x0000018c) c.addi4spn a1, sp, 192
core   0: 3 0x80002022 (0x018c) x11 0x800000c6
core   0: 0x80002024 (0x007d2f33) slt     t5, s10, t2
core   0: 3 0x80002024 (0x007d2f33) x30 0x00000000
core   0: 0x80002028 (0x0000146d) c.addi  s0, -5
core   0: 3 0x80002028 (0x146d) x 8 0xfffffffc
core   0: 0x8000202a (0xff145ce3) bge     s0, a7, pc - 8
core   0: 3 0x8000202a (0xff145ce3)
core   0: 0x8000202e (0xfffd50e3) bge     s10, t6, pc - 32
core   0: 3 0x8000202e (0xfffd50e3)
core   0: 0x80002032 (0x00006125) c.addi16sp sp, 96
core   0: 3 0x80002032 (0x6125) x 2 0x80000066
core   0: 0x80002034 (0x0ff0000f) fence   iorw,iorw
core   0: 3 0x80002034 (0x0ff0000f)
core   0: 0x80002038 (0x0137f3b3) and     t2, a5, s3
core   0: 3 0x80002038 (0x0137f3b3) x 7 0x00000000
core   0: 0x8000203c (0x00f08333) add     t1, ra, a5
core   0: 3 0x8000203c (0x00f08333) x 6 0x8000b000
core   0: 0x80002040 (0x03739eb3) mulh    t4, t2, s7
core   0: 3 0x80002040 (0x03739eb3) x29 0x00000000
core   0: 0x80002044 (0x021c2733) mulhsu  a4, s8, ra
core   0: 3 0x80002044 (0x021c2733) x14 0x00000000
core   0: 0x80002048 (0x02032db3) mulhsu  s11, t1, zero
core   0: 3 0x80002048 (0x02032db3) x27 0x00000000
core   0: 0x8000204c (0x022c7963) bgeu    s8, sp, pc + 50
core   0: 3 0x8000204c (0x022c7963)
core   0: 0x80002050 (0x00008d9d) c.sub   a1, a5
core   0: 3 0x80002050 (0x8d9d) x11 0x000000c6
core   0: 0x80002052 (0x0000100f) fence.i
core   0: 3 0x80002052 (0x0000100f)
core   0: 0x80002056 (0x014fd413) srli    s0, t6, 20
core   0: 3 0x80002056 (0x014fd413) x 8 0x00000000
core   0: 0x8000205a (0x0210be33) mulhu   t3, ra, ra
core   0: 3 0x8000205a (0x0210be33) x28 0x00000000
core   0: 0x8000205e (0x53db9a37) lui     s4, 0x53db9
core   0: 3 0x8000205e (0x53db9a37) x20 0x53db9000
core   0: 0x80002062 (0x0303d163) bge     t2, a6, pc + 34
core   0: 3 0x80002062 (0x0303d163)
core   0: 0x80002066 (0x01a9e2b3) or      t0, s3, s10
core   0: 3 0x80002066 (0x01a9e2b3) x 5 0xfffffffe
core   0: 0x8000206a (0x00baed33) or      s10, s5, a1
core   0: 3 0x8000206a (0x00baed33) x26 0x000006f6
core   0: 0x8000206e (0xdf17ad13) slti    s10, a5, -527
core   0: 3 0x8000206e (0xdf17ad13) x26 0x00000001
core   0: 0x80002072 (0x000f69b3) or      s3, t5, zero
core   0: 3 0x80002072 (0x000f69b3) x19 0x00000000
core   0: 0x80002076 (0x01461233) sll     tp, a2, s4
core   0: 3 0x80002076 (0x01461233) x 4 0x80000136
core   0: 0x8000207a (0x0000ee89) c.bnez  a3, pc + 26
core   0: 3 0x8000207a (0xee89)
core   0: 0x80002094 (0x00004f8d) c.li    t6, 3
core   0: 3 0x80002094 (0x4f8d) x31 0x00000003
core   0: 0x80002096 (0x034c5d63) bge     s8, s4, pc + 58
core   0: 3 0x80002096 (0x034c5d63)
core   0: 0x8000209a (0x0000547d) c.li    s0, -1
core   0: 3 0x8000209a (0x547d) x 8 0xffffffff
core   0: 0x8000209c (0x0000197d) c.addi  s2, -1
core   0: 3 0x8000209c (0x197d) x18 0x00000005
core   0: 0x8000209e (0x00008c0e) c.mv    s8, gp
core   0: 3 0x8000209e (0x8c0e) x24 0x00000011
core   0: 0x800020a0 (0x031d0f33) mul     t5, s10, a7
core   0: 3 0x800020a0 (0x031d0f33) x30 0x00000001
core   0: 0x800020a4 (0x00000480) c.addi4spn s0, sp, 576
core   0: 3 0x800020a4 (0x0480) x 8 0x800002a6
core   0: 0x800020a6 (0x01d6b1b3) sltu    gp, a3, t4
core   0: 3 0x800020a6 (0x01d6b1b3) x 3 0x00000000
core   0: 0x800020aa (0x00000001) c.nop
core   0: 3 0x800020aa (0x0001)
core   0: 0x800020ac (0xadd8a713) slti    a4, a7, -1315
core   0: 3 0x800020ac (0xadd8a713) x14 0x00000000
core   0: 0x800020b0 (0x0046a133) slt     sp, a3, tp
core   0: 3 0x800020b0 (0x0046a133) x 2 0x00000000
core   0: 0x800020b4 (0x000a09b3) add     s3, s4, zero
core   0: 3 0x800020b4 (0x000a09b3) x19 0x53db9000
core   0: 0x800020b8 (0x3de87597) auipc   a1, 0x3de87
core   0: 3 0x800020b8 (0x3de87597) x11 0xbde890b8
core   0: 0x800020bc (0x0108ecb3) or      s9, a7, a6
core   0: 3 0x800020bc (0x0108ecb3) x25 0x00000011
core   0: 0x800020c0 (0x02651533) mulh    a0, a0, t1
core   0: 3 0x800020c0 (0x02651533) x10 0x00000008
core   0: 0x800020c4 (0x02849963) bne     s1, s0, pc + 50
core   0: 3 0x800020c4 (0x02849963)
core   0: 0x800020f6 (0x00000106) c.slli  sp, 1
core   0: 3 0x800020f6 (0x0106) x 2 0x00000000
core   0: 0x800020f8 (0x04344017) auipc   zero, 0x4344
core   0: 3 0x800020f8 (0x04344017)
core   0: 0x800020fc (0x00008d95) c.sub   a1, a3
core   0: 3 0x800020fc (0x8d95) x11 0xacc3fe6f
core   0: 0x800020fe (0x0083acb3) slt     s9, t2, s0
core   0: 3 0x800020fe (0x0083acb3) x25 0x00000000
core   0: 0x80002102 (0x01a50e63) beq     a0, s10, pc + 28
core   0: 3 0x80002102 (0x01a50e63)
core   0: 0x80002106 (0x0e012f13) slti    t5, sp, 224
core   0: 3 0x80002106 (0x0e012f13) x30 0x00000001
core   0: 0x8000210a (0x059cf563) bgeu    s9, s9, pc + 74
core   0: 3 0x8000210a (0x059cf563)
core   0: 0x80002154 (0x00001cfd) c.addi  s9, -1
core   0: 3 0x80002154 (0x1cfd) x25 0xffffffff
core   0: 0x80002156 (0x2ed23213) sltiu   tp, tp, 749
core   0: 3 0x80002156 (0x2ed23213) x 4 0x00000000
core   0: 0x8000215a (0x02806ab3) rem     s5, zero, s0
core   0: 3 0x8000215a (0x02806ab3) x21 0x00000000
core   0: 0x8000215e (0x02cfd333) divu    t1, t6, a2
core   0: 3 0x8000215e (0x02cfd333) x 6 0x00000000
core   0: 0x80002162 (0x41f98f33) sub     t5, s3, t6
core   0: 3 0x80002162 (0x41f98f33) x30 0x53db8ffd
core   0: 0x80002166 (0x02131133) mulh    sp, t1, ra
core   0: 3 0x80002166 (0x02131133) x 2 0x00000000
core   0: 0x8000216a (0x00000998) c.addi4spn a4, sp, 208
core   0: 3 0x8000216a (0x0998) x14 0x000000d0
core   0: 0x8000216c (0x40225913) srai    s2, tp, 2
core   0: 3 0x8000216c (0x40225913) x18 0x00000000
core   0: 0x80002170 (0x00008f5d) c.or    a4, a5
core   0: 3 0x80002170 (0x8f5d) x14 0x800000d0
core   0: 0x80002172 (0x035001b3) mul     gp, zero, s5
core   0: 3 0x80002172 (0x035001b3) x 3 0x00000000
core   0: 0x80002176 (0x034bcd33) div     s10, s7, s4
core   0: 3 0x80002176 (0x034bcd33) x26 0xffffffff
core   0: 0x8000217a (0x41c05933) sra     s2, zero, t3
core   0: 3 0x8000217a (0x41c05933) x18 0x00000000
core   0: 0x8000217e (0xf3ba7e93) andi    t4, s4, -197
core   0: 3 0x8000217e (0xf3ba7e93) x29 0x53db9000
core   0: 0x80002182 (0x019501b3) add     gp, a0, s9
core   0: 3 0x80002182 (0x019501b3) x 3 0x00000007
core   0: 0x80002186 (0x03f6f233) remu    tp, a3, t6
core   0: 3 0x80002186 (0x03f6f233) x 4 0x00000002
core   0: 0x8000218a (0x00006109) c.addi16sp sp, 128
core   0: 3 0x8000218a (0x6109) x 2 0x00000080
core   0: 0x8000218c (0x41b10933) sub     s2, sp, s11
core   0: 3 0x8000218c (0x41b10933) x18 0x00000080
core   0: 0x80002190 (0x00c79293) slli    t0, a5, 12
core   0: 3 0x80002190 (0x00c79293) x 5 0x00000000
core   0: 0x80002194 (0x000009f9) c.addi  s3, 30
core   0: 3 0x80002194 (0x09f9) x19 0x53db901e
core   0: 0x80002196 (0x013edb13) srli    s6, t4, 19
core   0: 3 0x80002196 (0x013edb13) x22 0x00000a7b
core   0: 0x8000219a (0x011c9d13) slli    s10, s9, 17
core   0: 3 0x8000219a (0x011c9d13) x26 0xfffe0000
core   0: 0x8000219e (0x0000076a) c.slli  a4, 26
core   0: 3 0x8000219e (0x076a) x14 0x40000000
core   0: 0x800021a0 (0x00008845) c.andi  s0, 17
core   0: 3 0x800021a0 (0x8845) x 8 0x00000000
core   0: 0x800021a2 (0x033f61b3) rem     gp, t5, s3
core   0: 3 0x800021a2 (0x033f61b3) x 3 0x53db8ffd
core   0: 0x800021a6 (0x0000cd15) c.beqz  a0, pc + 60
core   0: 3 0x800021a6 (0xcd15)
core   0: 0x800021a8 (0x03d3d0b3) divu    ra, t2, t4
core   0: 3 0x800021a8 (0x03d3d0b3) x 1 0x00000000
core   0: 0x800021ac (0x00001d7d) c.addi  s10, -1
core   0: 3 0x800021ac (0x1d7d) x26 0xfffdffff
core   0: 0x800021ae (0x006b0563) beq     s6, t1, pc + 10
core   0: 3 0x800021ae (0x006b0563)
core   0: 0x800021b2 (0x0ff0000f) fence   iorw,iorw
core   0: 3 0x800021b2 (0x0ff0000f)
core   0: 0x800021b6 (0x00000001) c.nop
core   0: 3 0x800021b6 (0x0001)
core   0: 0x800021b8 (0x00519863) bne     gp, t0, pc + 16
core   0: 3 0x800021b8 (0x00519863)
core   0: 0x800021c8 (0x037cd2b3) divu    t0, s9, s7
core   0: 3 0x800021c8 (0x037cd2b3) x 5 0x00000001
core   0: 0x800021cc (0x00000708) c.addi4spn a0, sp, 896
core   0: 3 0x800021cc (0x0708) x10 0x00000400
core   0: 0x800021ce (0x01ffb1b3) sltu    gp, t6, t6
core   0: 3 0x800021ce (0x01ffb1b3) x 3 0x00000000
core   0: 0x800021d2 (0x01106b33) or      s6, zero, a7
core   0: 3 0x800021d2 (0x01106b33) x22 0x00000001
core   0: 0x800021d6 (0x021d0b63) beq     s10, ra, pc + 54
core   0: 3 0x800021d6 (0x021d0b63)
core   0: 0x800021da (0x016adf63) bge     s5, s6, pc + 30
core   0: 3 0x800021da (0x016adf63)
core   0: 0x800021de (0x96da4413) xori    s0, s4, -1683
core   0: 3 0x800021de (0x96da4413) x 8 0xac24696d
core   0: 0x800021e2 (0x41296d13) ori     s10, s2, 1042
core   0: 3 0x800021e2 (0x41296d13) x26 0x00000492
core   0: 0x800021e6 (0x0062d5b3) srl     a1, t0, t1
core   0: 3 0x800021e6 (0x0062d5b3) x11 0x00000001
core   0: 0x800021ea (0x01c21fb3) sll     t6, tp, t3
core   0: 3 0x800021ea (0x01c21fb3) x31 0x00000002
core   0: 0x800021ee (0x01cb3fb3) sltu    t6, s6, t3
core   0: 3 0x800021ee (0x01cb3fb3) x31 0x00000000
core   0: 0x800021f2 (0x00ae8033) add     zero, t4, a0
core   0: 3 0x800021f2 (0x00ae8033)
core   0: 0x800021f6 (0x0000987d) c.andi  s0, -1
core   0: 3 0x800021f6 (0x987d) x 8 0xac24696d
core   0: 0x800021f8 (0x032b5f63) bge     s6, s2, pc + 62
core   0: 3 0x800021f8 (0x032b5f63)
core   0: 0x800021fc (0x02cd9fb3) mulh    t6, s11, a2
core   0: 3 0x800021fc (0x02cd9fb3) x31 0x00000000
core   0: 0x80002200 (0x00008766) c.mv    a4, s9
core   0: 3 0x80002200 (0x8766) x14 0xffffffff
core   0: 0x80002202 (0x00008c55) c.or    s0, a3
core   0: 3 0x80002202 (0x8c55) x 8 0xbd24fb6d
core   0: 0x80002204 (0x02fb3333) mulhu   t1, s6, a5
core   0: 3 0x80002204 (0x02fb3333) x 6 0x00000000
core   0: 0x80002208 (0x02a70fb3) mul     t6, a4, a0
core   0: 3 0x80002208 (0x02a70fb3) x31 0xfffffc00
core   0: 0x8000220c (0x018b45b3) xor     a1, s6, s8
core   0: 3 0x8000220c (0x018b45b3) x11 0x00000010
core   0: 0x80002210 (0x01d756b3) srl     a3, a4, t4
core   0: 3 0x80002210 (0x01d756b3) x13 0xffffffff
core   0: 0x80002214 (0x00e1d193) srli    gp, gp, 14
core   0: 3 0x80002214 (0x00e1d193) x 3 0x00000000
core   0: 0x80002218 (0x00008712) c.mv    a4, tp
core   0: 3 0x80002218 (0x8712) x14 0x00000002
core   0: 0x8000221a (0x00008d71) c.and   a0, a2
core   0: 3 0x8000221a (0x8d71) x10 0x00000000
core   0: 0x8000221c (0x021be663) bltu    s7, ra, pc + 44
core   0: 3 0x8000221c (0x021be663)
core   0: 0x80002220 (0x03ddc033) div     zero, s11, t4
core   0: 3 0x80002220 (0x03ddc033)
core   0: 0x80002224 (0x033c53b3) divu    t2, s8, s3
core   0: 3 0x80002224 (0x033c53b3) x 7 0x00000000
core   0: 0x80002228 (0x00008ea9) c.xor   a3, a0
core   0: 3 0x80002228 (0x8ea9) x13 0xffffffff
core   0: 0x8000222a (0xcbcb9737) lui     a4, 0xcbcb9
core   0: 3 0x8000222a (0xcbcb9737) x14 0xcbcb9000
core   0: 0x8000222e (0x1a2ffc93) andi    s9, t6, 418
core   0: 3 0x8000222e (0x1a2ffc93) x25 0x00000000
core   0: 0x80002232 (0x00000001) c.nop
core   0: 3 0x80002232 (0x0001)
core   0: 0x80002234 (0x00008512) c.mv    a0, tp
core   0: 3 0x80002234 (0x8512) x10 0x00000002
core   0: 0x80002236 (0x00008b29) c.andi  a4, 10
core   0: 3 0x80002236 (0x8b29) x14 0x00000000
core   0: 0x80002238 (0x4c68c693) xori    a3, a7, 1222
core   0: 3 0x80002238 (0x4c68c693) x13 0x000004c7
core   0: 0x8000223c (0x0ff0000f) fence   iorw,iorw
core   0: 3 0x8000223c (0x0ff0000f)
core   0: 0x80002240 (0x004ac963) blt     s5, tp, pc + 18
core   0: 3 0x80002240 (0x004ac963)
core   0: 0x80002252 (0x00000475) c.addi  s0, 29
core   0: 3 0x80002252 (0x0475) x 8 0xbd24fb8a
core   0: 0x80002254 (0x00b41233) sll     tp, s0, a1
core   0: 3 0x80002254 (0x00b41233) x 4 0xfb8a0000
core   0: 0x80002258 (0xb923ca13) xori    s4, t2, -1134
core   0: 3 0x80002258 (0xb923ca13) x20 0xfffffb92
core   0: 0x8000225c (0x00d39f93) slli    t6, t2, 13
core   0: 3 0x8000225c (0x00d39f93) x31 0x00000000
core   0: 0x80002260 (0x00008e79) c.and   a2, a4
core   0: 3 0x80002260 (0x8e79) x12 0x00000000
core   0: 0x80002262 (0x0000100f) fence.i
core   0: 3 0x80002262 (0x0000100f)
core   0: 0x80002266 (0x00603ab3) snez    s5, t1
core   0: 3 0x80002266 (0x00603ab3) x21 0x00000000
core   0: 0x8000226a (0x00000001) c.nop
core   0: 3 0x8000226a (0x0001)
core   0: 0x8000226c (0xb0957617) auipc   a2, 0xb0957
core   0: 3 0x8000226c (0xb0957617) x12 0x3095926c
core   0: 0x80002270 (0x00000741) c.addi  a4, 16
core   0: 3 0x80002270 (0x0741) x14 0x00000010
core   0: 0x80002272 (0x9d972eb7) lui     t4, 0x9d972
core   0: 3 0x80002272 (0x9d972eb7) x29 0x9d972000
core   0: 0x80002276 (0x00270ab3) add     s5, a4, sp
core   0: 3 0x80002276 (0x00270ab3) x21 0x00000090
core   0: 0x8000227a (0x40f2d333) sra     t1, t0, a5
core   0: 3 0x8000227a (0x40f2d333) x 6 0x00000001
core   0: 0x8000227e (0xf6486613) ori     a2, a6, -156
core   0: 3 0x8000227e (0xf6486613) x12 0xffffff75
core   0: 0x80002282 (0x0000ed99) c.bnez  a1, pc + 30
core   0: 3 0x80002282 (0xed99)
core   0: 0x800022a0 (0x417a0433) sub     s0, s4, s7
core   0: 3 0x800022a0 (0x417a0433) x 8 0x7ffddd2e
core   0: 0x800022a4 (0x00000f95) c.addi  t6, 5
core   0: 3 0x800022a4 (0x0f95) x31 0x00000005
core   0: 0x800022a6 (0x00009a62) c.add   s4, s8
core   0: 3 0x800022a6 (0x9a62) x20 0xfffffba3
core   0: 0x800022a8 (0x03a6a2b3) mulhsu  t0, a3, s10
core   0: 3 0x800022a8 (0x03a6a2b3) x 5 0x00000000
core   0: 0x800022ac (0x00008ec5) c.or    a3, s1
core   0: 3 0x800022ac (0x8ec5) x13 0x80025ce7
core   0: 0x800022ae (0x40540a33) sub     s4, s0, t0
core   0: 3 0x800022ae (0x40540a33) x20 0x7ffddd2e
core   0: 0x800022b2 (0x0000e699) c.bnez  a3, pc + 14
core   0: 3 0x800022b2 (0xe699)
core   0: 0x800022c0 (0x41bf5633) sra     a2, t5, s11
core   0: 3 0x800022c0 (0x41bf5633) x12 0x53db8ffd
core   0: 0x800022c4 (0x00000412) c.slli  s0, 4
core   0: 3 0x800022c4 (0x0412) x 8 0xffddd2e0
core   0: 0x800022c6 (0x005035b3) snez    a1, t0
core   0: 3 0x800022c6 (0x005035b3) x11 0x00000000
core   0: 0x800022ca (0x0272de33) divu    t3, t0, t2
core   0: 3 0x800022ca (0x0272de33) x28 0xffffffff
core   0: 0x800022ce (0x00912fb3) slt     t6, sp, s1
core   0: 3 0x800022ce (0x00912fb3) x31 0x00000000
core   0: 0x800022d2 (0x0000567d) c.li    a2, -1
core   0: 3 0x800022d2 (0x567d) x12 0xffffffff
core   0: 0x800022d4 (0xc55c2d93) slti    s11, s8, -939
core   0: 3 0x800022d4 (0xc55c2d93) x27 0x00000000
core   0: 0x800022d8 (0x00000001) c.nop
core   0: 3 0x800022d8 (0x0001)
core   0: 0x800022da (0x03355e63) bge     a0, s3, pc + 60
core   0: 3 0x800022da (0x03355e63)
core   0: 0x800022de (0x0000e131) c.bnez  a0, pc + 68
core   0: 3 0x800022de (0xe131)
core   0: 0x80002322 (0x0ff0000f) fence   iorw,iorw
core   0: 3 0x80002322 (0x0ff0000f)
core   0: 0x80002326 (0x8c82af93) slti    t6, t0, -1848
core   0: 3 0x80002326 (0x8c82af93) x31 0x00000000
core   0: 0x8000232a (0x000096fa) c.add   a3, t5
core   0: 3 0x8000232a (0x96fa) x13 0xd3ddece4
core   0: 0x8000232c (0x01dfcab3) xor     s5, t6, t4
core   0: 3 0x8000232c (0x01dfcab3) x21 0x9d972000
core   0: 0x80002330 (0x01f465b3) or      a1, s0, t6
core   0: 3 0x80002330 (0x01f465b3) x11 0xffddd2e0
core   0: 0x80002334 (0x03d2cb63) blt     t0, t4, pc + 54
core   0: 3 0x80002334 (0x03d2cb63)
core   0: 0x80002338 (0x03230b33) mul     s6, t1, s2
core   0: 3 0x80002338 (0x03230b33) x22 0x00000080
core   0: 0x8000233c (0x014ede93) srli    t4, t4, 20
core   0: 3 0x8000233c (0x014ede93) x29 0x000009d9
core   0: 0x80002340 (0x0150d233) srl     tp, ra, s5
core   0: 3 0x80002340 (0x0150d233) x 4 0x00000000
core   0: 0x80002344 (0x01c20f63) beq     tp, t3, pc + 30
core   0: 3 0x80002344 (0x01c20f63)
core   0: 0x80002348 (0x00008d09) c.sub   a0, a0
core   0: 3 0x80002348 (0x8d09) x10 0x00000000
core   0: 0x8000234a (0x00008d3d) c.xor   a0, a5
core   0: 3 0x8000234a (0x8d3d) x10 0x80000000
core   0: 0x8000234c (0x00ba93b3) sll     t2, s5, a1
core   0: 3 0x8000234c (0x00ba93b3) x 7 0x9d972000
core   0: 0x80002350 (0x0000148c) c.addi4spn a1, sp, 608
core   0: 3 0x80002350 (0x148c) x11 0x000002e0
core   0: 0x80002352 (0x01cb8e63) beq     s7, t3, pc + 28
core   0: 3 0x80002352 (0x01cb8e63)
core   0: 0x80002356 (0x02171c33) mulh    s8, a4, ra
core   0: 3 0x80002356 (0x02171c33) x24 0x00000000
core   0: 0x8000235a (0xe4372993) slti    s3, a4, -445
core   0: 3 0x8000235a (0xe4372993) x19 0x00000000
core   0: 0x8000235e (0x037f91b3) mulh    gp, t6, s7
core   0: 3 0x8000235e (0x037f91b3) x 3 0x00000000
core   0: 0x80002362 (0x01480663) beq     a6, s4, pc + 12
core   0: 3 0x80002362 (0x01480663)
core   0: 0x80002366 (0x00006c09) c.lui   s8, 0x2
core   0: 3 0x80002366 (0x6c09) x24 0x00002000
core   0: 0x80002368 (0x00000ae1) c.addi  s5, 24
core   0: 3 0x80002368 (0x0ae1) x21 0x9d972018
core   0: 0x8000236a (0x40198d33) sub     s10, s3, ra
core   0: 3 0x8000236a (0x40198d33) x26 0x00000000
core   0: 0x8000236e (0x00c393b3) sll     t2, t2, a2
core   0: 3 0x8000236e (0x00c393b3) x 7 0x00000000
core   0: 0x80002372 (0x0258ed63) bltu    a7, t0, pc + 58
core   0: 3 0x80002372 (0x0258ed63)
core   0: 0x80002376 (0x1d767413) andi    s0, a2, 471
core   0: 3 0x80002376 (0x1d767413) x 8 0x000001d7
core   0: 0x8000237a (0x00000a00) c.addi4spn s0, sp, 272
core   0: 3 0x8000237a (0x0a00) x 8 0x00000190
core   0: 0x8000237c (0x02b74ab3) div     s5, a4, a1
core   0: 3 0x8000237c (0x02b74ab3) x21 0x00000000
core   0: 0x80002380 (0x024d56b3) divu    a3, s10, tp
core   0: 3 0x80002380 (0x024d56b3) x13 0xffffffff
core   0: 0x80002384 (0x00008309) c.srli  a4, 2
core   0: 3 0x80002384 (0x8309) x14 0x00000004
core   0: 0x80002386 (0x00151d33) sll     s10, a0, ra
core   0: 3 0x80002386 (0x00151d33) x26 0x80000000
core   0: 0x8000238a (0x00008e29) c.xor   a2, a0
core   0: 3 0x8000238a (0x8e29) x12 0x7fffffff
core   0: 0x8000238c (0x0000c50d) c.beqz  a0, pc + 42
core   0: 3 0x8000238c (0xc50d)
core   0: 0x8000238e (0x00000f55) c.addi  t5, 21
core   0: 3 0x8000238e (0x0f55) x30 0x53db9012
core   0: 0x80002390 (0x03f4afb3) mulhsu  t6, s1, t6
core   0: 3 0x80002390 (0x03f4afb3) x31 0x00000000
core   0: 0x80002394 (0xeca1b593) sltiu   a1, gp, -310
core   0: 3 0x80002394 (0xeca1b593) x11 0x00000001
core   0: 0x80002398 (0x00006d61) c.lui   s10, 0x18
core   0: 3 0x80002398 (0x6d61) x26 0x00018000
core   0: 0x8000239a (0x0000867a) c.mv    a2, t5
core   0: 3 0x8000239a (0x867a) x12 0x53db9012
core   0: 0x8000239c (0x00000001) c.nop
core   0: 3 0x8000239c (0x0001)
core   0: 0x8000239e (0x8d754ab7) lui     s5, 0x8d754
core   0: 3 0x8000239e (0x8d754ab7) x21 0x8d754000
core   0: 0x800023a2 (0xbd616913) ori     s2, sp, -1066
core   0: 3 0x800023a2 (0xbd616913) x18 0xfffffbd6
core   0: 0x800023a6 (0x0000e105) c.bnez  a0, pc + 32
core   0: 3 0x800023a6 (0xe105)
core   0: 0x800023c6 (0x00000001) c.nop
core   0: 3 0x800023c6 (0x0001)
core   0: 0x800023c8 (0x1cf18d13) addi    s10, gp, 463
core   0: 3 0x800023c8 (0x1cf18d13) x26 0x000001cf
core   0: 0x800023cc (0x404f8833) sub     a6, t6, tp
core   0: 3 0x800023cc (0x404f8833) x16 0x00000000
core   0: 0x800023d0 (0x00a1f8b3) and     a7, gp, a0
core   0: 3 0x800023d0 (0x00a1f8b3) x17 0x00000000
core   0: 0x800023d4 (0x03552633) mulhsu  a2, a0, s5
core   0: 3 0x800023d4 (0x03552633) x12 0xb9456000
core   0: 0x800023d8 (0x0000858d) c.srai  a1, 3
core   0: 3 0x800023d8 (0x858d) x11 0x00000000
core   0: 0x800023da (0x00001680) c.addi4spn s0, sp, 864
core   0: 3 0x800023da (0x1680) x 8 0x000003e0
core   0: 0x800023dc (0x000040dd) c.li    ra, 23
core   0: 3 0x800023dc (0x40dd) x 1 0x00000017
core   0: 0x800023de (0x00008f0d) c.sub   a4, a1
core   0: 3 0x800023de (0x8f0d) x14 0x00000004
core   0: 0x800023e0 (0x011960b3) or      ra, s2, a7
core   0: 3 0x800023e0 (0x011960b3) x 1 0xfffffbd6
core   0: 0x800023e4 (0x02445733) divu    a4, s0, tp
core   0: 3 0x800023e4 (0x02445733) x14 0xffffffff
core   0: 0x800023e8 (0x01fa9b63) bne     s5, t6, pc + 22
core   0: 3 0x800023e8 (0x01fa9b63)
core   0: 0x800023fe (0x0000100f) fence.i
core   0: 3 0x800023fe (0x0000100f)
core   0: 0x80002402 (0x00000001) c.nop
core   0: 3 0x80002402 (0x0001)
core   0: 0x80002404 (0x030b6833) rem     a6, s6, a6
core   0: 3 0x80002404 (0x030b6833) x16 0x00000080
core   0: 0x80002408 (0x00008b29) c.andi  a4, 10
core   0: 3 0x80002408 (0x8b29) x14 0x0000000a
core   0: 0x8000240a (0x01b7b0b3) sltu    ra, a5, s11
core   0: 3 0x8000240a (0x01b7b0b3) x 1 0x00000000
core   0: 0x8000240e (0x00000001) c.nop
core   0: 3 0x8000240e (0x0001)
core   0: 0x80002410 (0x00006dfd) c.lui   s11, 0x1f
core   0: 3 0x80002410 (0x6dfd) x27 0x0001f000
core   0: 0x80002412 (0x00008f1d) c.sub   a4, a5
core   0: 3 0x80002412 (0x8f1d) x14 0x8000000a
core   0: 0x80002414 (0x412083b3) sub     t2, ra, s2
core   0: 3 0x80002414 (0x412083b3) x 7 0x0000042a
core   0: 0x80002418 (0x0000100f) fence.i
core   0: 3 0x80002418 (0x0000100f)
core   0: 0x8000241c (0x007289b3) add     s3, t0, t2
core   0: 3 0x8000241c (0x007289b3) x19 0x0000042a
core   0: 0x80002420 (0x00ba1693) slli    a3, s4, 11
core   0: 3 0x80002420 (0x00ba1693) x13 0xeee97000
core   0: 0x80002424 (0x003dd1b3) srl     gp, s11, gp
core   0: 3 0x80002424 (0x003dd1b3) x 3 0x0001f000
core   0: 0x80002428 (0x01a39233) sll     tp, t2, s10
core   0: 3 0x80002428 (0x01a39233) x 4 0x02150000
core   0: 0x8000242c (0xe8d3bc93) sltiu   s9, t2, -371
core   0: 3 0x8000242c (0xe8d3bc93) x25 0x00000001
core   0: 0x80002430 (0x01ba0433) add     s0, s4, s11
core   0: 3 0x80002430 (0x01ba0433) x 8 0x7fffcd2e
core   0: 0x80002434 (0x1d1a8f13) addi    t5, s5, 465
core   0: 3 0x80002434 (0x1d1a8f13) x30 0x8d7541d1
core   0: 0x80002438 (0x02e943b3) div     t2, s2, a4
core   0: 3 0x80002438 (0x02e943b3) x 7 0x00000000
core   0: 0x8000243c (0x00001d8c) c.addi4spn a1, sp, 752
core   0: 3 0x8000243c (0x1d8c) x11 0x00000370
core   0: 0x8000243e (0xffe00593) li      a1, -2
core   0: 3 0x8000243e (0xffe00593) x11 0xfffffffe
core   0: 0x80002442 (0xc690e337) lui     t1, 0xc690e
core   0: 3 0x80002442 (0xc690e337) x 6 0xc690e000
core   0: 0x80002446 (0x00000001) c.nop
core   0: 3 0x80002446 (0x0001)
core   0: 0x80002448 (0x035c7db3) remu    s11, s8, s5
core   0: 3 0x80002448 (0x035c7db3) x27 0x00002000
core   0: 0x8000244c (0x0ff0000f) fence   iorw,iorw
core   0: 3 0x8000244c (0x0ff0000f)
core   0: 0x80002450 (0x0000100f) fence.i
core   0: 3 0x80002450 (0x0000100f)
core   0: 0x80002454 (0x0000997d) c.andi  a0, -1
core   0: 3 0x80002454 (0x997d) x10 0x80000000
core   0: 0x80002456 (0x00000585) c.addi  a1, 1
core   0: 3 0x80002456 (0x0585) x11 0xffffffff
core   0: 0x80002458 (0x00008ad2) c.mv    s5, s4
core   0: 3 0x80002458 (0x8ad2) x21 0x7ffddd2e
core   0: 0x8000245a (0xfff00613) li      a2, -1
core   0: 3 0x8000245a (0xfff00613) x12 0xffffffff
core   0: 0x8000245e (0x01826f33) or      t5, tp, s8
core   0: 3 0x8000245e (0x01826f33) x30 0x02152000
core   0: 0x80002462 (0x0184efb3) or      t6, s1, s8
core   0: 3 0x80002462 (0x0184efb3) x31 0x80027ce4
core   0: 0x80002466 (0x40bcda13) srai    s4, s9, 11
core   0: 3 0x80002466 (0x40bcda13) x20 0x00000000
core   0: 0x8000246a (0x00009b7d) c.andi  a4, -1
core   0: 3 0x8000246a (0x9b7d) x14 0x8000000a
core   0: 0x8000246c (0x404f82b3) sub     t0, t6, tp
core   0: 3 0x8000246c (0x404f82b3) x 5 0x7ded7ce4
core   0: 0x80002470 (0x00009522) c.add   a0, s0
core   0: 3 0x80002470 (0x9522) x10 0xffffcd2e
core   0: 0x80002472 (0xff600893) li      a7, -10
core   0: 3 0x80002472 (0xff600893) x17 0xfffffff6
core   0: 0x80002476 (0x00006a39) c.lui   s4, 0xe
core   0: 3 0x80002476 (0x6a39) x20 0x0000e000
core   0: 0x80002478 (0x00008721) c.srai  a4, 8
core   0: 3 0x80002478 (0x8721) x14 0xff800000
core   0: 0x8000247a (0x0000165d) c.addi  a2, -9
core   0: 3 0x8000247a (0x165d) x12 0xfffffff6
core   0: 0x8000247c (0x01faf1b3) and     gp, s5, t6
core   0: 3 0x8000247c (0x01faf1b3) x 3 0x00005c24
core   0: 0x80002480 (0x00000001) c.nop
core   0: 3 0x80002480 (0x0001)
core   0: 0x80002482 (0x1410b293) sltiu   t0, ra, 321
core   0: 3 0x80002482 (0x1410b293) x 5 0x00000001
core   0: 0x80002486 (0x00008c45) c.or    s0, s1
core   0: 3 0x80002486 (0x8c45) x 8 0xffffddee
core   0: 0x80002488 (0x00006769) c.lui   a4, 0x1a
core   0: 3 0x80002488 (0x6769) x14 0x0001a000
core   0: 0x8000248a (0xff1606e3) beq     a2, a7, pc - 20
core   0: 3 0x8000248a (0xff1606e3)
core   0: 0x80002476 (0x00006a39) c.lui   s4, 0xe
core   0: 3 0x80002476 (0x6a39) x20 0x0000e000
core   0: 0x80002478 (0x00008721) c.srai  a4, 8
core   0: 3 0x80002478 (0x8721) x14 0x000001a0
core   0: 0x8000247a (0x0000165d) c.addi  a2, -9
core   0: 3 0x8000247a (0x165d) x12 0xffffffed
core   0: 0x8000247c (0x01faf1b3) and     gp, s5, t6
core   0: 3 0x8000247c (0x01faf1b3) x 3 0x00005c24
core   0: 0x80002480 (0x00000001) c.nop
core   0: 3 0x80002480 (0x0001)
core   0: 0x80002482 (0x1410b293) sltiu   t0, ra, 321
core   0: 3 0x80002482 (0x1410b293) x 5 0x00000001
core   0: 0x80002486 (0x00008c45) c.or    s0, s1
core   0: 3 0x80002486 (0x8c45) x 8 0xffffddee
core   0: 0x80002488 (0x00006769) c.lui   a4, 0x1a
core   0: 3 0x80002488 (0x6769) x14 0x0001a000
core   0: 0x8000248a (0xff1606e3) beq     a2, a7, pc - 20
core   0: 3 0x8000248a (0xff1606e3)
core   0: 0x8000248e (0x024e2cb3) mulhsu  s9, t3, tp
core   0: 3 0x8000248e (0x024e2cb3) x25 0xffffffff
core   0: 0x80002492 (0x0000f9dd) c.bnez  a1, pc - 74
core   0: 3 0x80002492 (0xf9dd)
core   0: 0x80002448 (0x035c7db3) remu    s11, s8, s5
core   0: 3 0x80002448 (0x035c7db3) x27 0x00002000
core   0: 0x8000244c (0x0ff0000f) fence   iorw,iorw
core   0: 3 0x8000244c (0x0ff0000f)
core   0: 0x80002450 (0x0000100f) fence.i
core   0: 3 0x80002450 (0x0000100f)
core   0: 0x80002454 (0x0000997d) c.andi  a0, -1
core   0: 3 0x80002454 (0x997d) x10 0xffffcd2e
core   0: 0x80002456 (0x00000585) c.addi  a1, 1
core   0: 3 0x80002456 (0x0585) x11 0x00000000
core   0: 0x80002458 (0x00008ad2) c.mv    s5, s4
core   0: 3 0x80002458 (0x8ad2) x21 0x0000e000
core   0: 0x8000245a (0xfff00613) li      a2, -1
core   0: 3 0x8000245a (0xfff00613) x12 0xffffffff
core   0: 0x8000245e (0x01826f33) or      t5, tp, s8
core   0: 3 0x8000245e (0x01826f33) x30 0x02152000
core   0: 0x80002462 (0x0184efb3) or      t6, s1, s8
core   0: 3 0x80002462 (0x0184efb3) x31 0x80027ce4
core   0: 0x80002466 (0x40bcda13) srai    s4, s9, 11
core   0: 3 0x80002466 (0x40bcda13) x20 0xffffffff
core   0: 0x8000246a (0x00009b7d) c.andi  a4, -1
core   0: 3 0x8000246a (0x9b7d) x14 0x0001a000
core   0: 0x8000246c (0x404f82b3) sub     t0, t6, tp
core   0: 3 0x8000246c (0x404f82b3) x 5 0x7ded7ce4
core   0: 0x80002470 (0x00009522) c.add   a0, s0
core   0: 3 0x80002470 (0x9522) x10 0xffffab1c
core   0: 0x80002472 (0xff600893) li      a7, -10
core   0: 3 0x80002472 (0xff600893) x17 0xfffffff6
core   0: 0x80002476 (0x00006a39) c.lui   s4, 0xe
core   0: 3 0x80002476 (0x6a39) x20 0x0000e000
core   0: 0x80002478 (0x00008721) c.srai  a4, 8
core   0: 3 0x80002478 (0x8721) x14 0x000001a0
core   0: 0x8000247a (0x0000165d) c.addi  a2, -9
core   0: 3 0x8000247a (0x165d) x12 0xfffffff6
core   0: 0x8000247c (0x01faf1b3) and     gp, s5, t6
core   0: 3 0x8000247c (0x01faf1b3) x 3 0x00006000
core   0: 0x80002480 (0x00000001) c.nop
core   0: 3 0x80002480 (0x0001)
core   0: 0x80002482 (0x1410b293) sltiu   t0, ra, 321
core   0: 3 0x80002482 (0x1410b293) x 5 0x00000001
core   0: 0x80002486 (0x00008c45) c.or    s0, s1
core   0: 3 0x80002486 (0x8c45) x 8 0xffffddee
core   0: 0x80002488 (0x00006769) c.lui   a4, 0x1a
core   0: 3 0x80002488 (0x6769) x14 0x0001a000
core   0: 0x8000248a (0xff1606e3) beq     a2, a7, pc - 20
core   0: 3 0x8000248a (0xff1606e3)
core   0: 0x80002476 (0x00006a39) c.lui   s4, 0xe
core   0: 3 0x80002476 (0x6a39) x20 0x0000e000
core   0: 0x80002478 (0x00008721) c.srai  a4, 8
core   0: 3 0x80002478 (0x8721) x14 0x000001a0
core   0: 0x8000247a (0x0000165d) c.addi  a2, -9
core   0: 3 0x8000247a (0x165d) x12 0xffffffed
core   0: 0x8000247c (0x01faf1b3) and     gp, s5, t6
core   0: 3 0x8000247c (0x01faf1b3) x 3 0x00006000
core   0: 0x80002480 (0x00000001) c.nop
core   0: 3 0x80002480 (0x0001)
core   0: 0x80002482 (0x1410b293) sltiu   t0, ra, 321
core   0: 3 0x80002482 (0x1410b293) x 5 0x00000001
core   0: 0x80002486 (0x00008c45) c.or    s0, s1
core   0: 3 0x80002486 (0x8c45) x 8 0xffffddee
core   0: 0x80002488 (0x00006769) c.lui   a4, 0x1a
core   0: 3 0x80002488 (0x6769) x14 0x0001a000
core   0: 0x8000248a (0xff1606e3) beq     a2, a7, pc - 20
core   0: 3 0x8000248a (0xff1606e3)
core   0: 0x8000248e (0x024e2cb3) mulhsu  s9, t3, tp
core   0: 3 0x8000248e (0x024e2cb3) x25 0xffffffff
core   0: 0x80002492 (0x0000f9dd) c.bnez  a1, pc - 74
core   0: 3 0x80002492 (0xf9dd)
core   0: 0x80002494 (0x00000001) c.nop
core   0: 3 0x80002494 (0x0001)
core   0: 0x80002496 (0x0000717d) c.addi16sp sp, -16
core   0: 3 0x80002496 (0x717d) x 2 0x00000070
core   0: 0x80002498 (0x00008fc6) c.mv    t6, a7
core   0: 3 0x80002498 (0x8fc6) x31 0xfffffff6
core   0: 0x8000249a (0x00008dad) c.xor   a1, a1
core   0: 3 0x8000249a (0x8dad) x11 0x00000000
core   0: 0x8000249c (0x030446b3) div     a3, s0, a6
core   0: 3 0x8000249c (0x030446b3) x13 0xffffffbc
core   0: 0x800024a0 (0x01a88e33) add     t3, a7, s10
core   0: 3 0x800024a0 (0x01a88e33) x28 0x000001c5
core   0: 0x800024a4 (0x968a4f93) xori    t6, s4, -1688
core   0: 3 0x800024a4 (0x968a4f93) x31 0xffff1968
core   0: 0x800024a8 (0x0208f1b3) remu    gp, a7, zero
core   0: 3 0x800024a8 (0x0208f1b3) x 3 0xfffffff6
core   0: 0x800024ac (0x03a42233) mulhsu  tp, s0, s10
core   0: 3 0x800024ac (0x03a42233) x 4 0xffffffff
core   0: 0x800024b0 (0x000096aa) c.add   a3, a0
core   0: 3 0x800024b0 (0x96aa) x13 0xffffaad8
core   0: 0x800024b2 (0x00009ad2) c.add   s5, s4
core   0: 3 0x800024b2 (0x9ad2) x21 0x0001c000
core   0: 0x800024b4 (0x032305b3) mul     a1, t1, s2
core   0: 3 0x800024b4 (0x032305b3) x11 0x28bb4000
core   0: 0x800024b8 (0x02ac26b3) mulhsu  a3, s8, a0
core   0: 3 0x800024b8 (0x02ac26b3) x13 0x00001fff
core   0: 0x800024bc (0x00389b63) bne     a7, gp, pc + 22
core   0: 3 0x800024bc (0x00389b63)
core   0: 0x800024c0 (0x931be093) ori     ra, s7, -1743
core   0: 3 0x800024c0 (0x931be093) x 1 0xffffff75
core   0: 0x800024c4 (0x032e5e63) bge     t3, s2, pc + 60
core   0: 3 0x800024c4 (0x032e5e63)
core   0: 0x80002500 (0x03954233) div     tp, a0, s9
core   0: 3 0x80002500 (0x03954233) x 4 0x000054e4
core   0: 0x80002504 (0x0000527d) c.li    tp, -1
core   0: 3 0x80002504 (0x527d) x 4 0xffffffff
core   0: 0x80002506 (0x0000e58d) c.bnez  a1, pc + 42
core   0: 3 0x80002506 (0xe58d)
core   0: 0x80002530 (0x00008ef5) c.and   a3, a3
core   0: 3 0x80002530 (0x8ef5) x13 0x00001fff
core   0: 0x80002532 (0x001830b3) sltu    ra, a6, ra
core   0: 3 0x80002532 (0x001830b3) x 1 0x00000001
core   0: 0x80002536 (0x403289b3) sub     s3, t0, gp
core   0: 3 0x80002536 (0x403289b3) x19 0x0000000b
core   0: 0x8000253a (0x00ac9533) sll     a0, s9, a0
core   0: 3 0x8000253a (0x00ac9533) x10 0xf0000000
core   0: 0x8000253e (0x01b886b3) add     a3, a7, s11
core   0: 3 0x8000253e (0x01b886b3) x13 0x00001ff6
core   0: 0x80002542 (0x02acca63) blt     s9, a0, pc + 52
core   0: 3 0x80002542 (0x02acca63)
core   0: 0x80002546 (0x00000f3d) c.addi  t5, 15
core   0: 3 0x80002546 (0x0f3d) x30 0x0215200f
core   0: 0x80002548 (0x85edee37) lui     t3, 0x85ede
core   0: 3 0x80002548 (0x85edee37) x28 0x85ede000
core   0: 0x8000254c (0xd1622613) slti    a2, tp, -746
core   0: 3 0x8000254c (0xd1622613) x12 0x00000000
core   0: 0x80002550 (0xf2c6aeb7) lui     t4, 0xf2c6a
core   0: 3 0x80002550 (0xf2c6aeb7) x29 0xf2c6a000
core   0: 0x80002554 (0x029096b3) mulh    a3, ra, s1
core   0: 3 0x80002554 (0x029096b3) x13 0xffffffff
core   0: 0x80002558 (0x039e1233) mulh    tp, t3, s9
core   0: 3 0x80002558 (0x039e1233) x 4 0x00000000
core   0: 0x8000255c (0x02f06f63) bltu    zero, a5, pc + 62
core   0: 3 0x8000255c (0x02f06f63)
core   0: 0x8000259a (0x0000717d) c.addi16sp sp, -16
core   0: 3 0x8000259a (0x717d) x 2 0x00000060
core   0: 0x8000259c (0x01d55263) bge     a0, t4, pc + 4
core   0: 3 0x8000259c (0x01d55263)
core   0: 0x800025a0 (0xbc44f693) andi    a3, s1, -1084
core   0: 3 0x800025a0 (0xbc44f693) x13 0x800258c4
core   0: 0x800025a4 (0x28238fb7) lui     t6, 0x28238
core   0: 3 0x800025a4 (0x28238fb7) x31 0x28238000
core   0: 0x800025a8 (0x028df563) bgeu    s11, s0, pc + 42
core   0: 3 0x800025a8 (0x028df563)
core   0: 0x800025ac (0x0395ecb3) rem     s9, a1, s9
core   0: 3 0x800025ac (0x0395ecb3) x25 0x00000000
core   0: 0x800025b0 (0x026b69b3) rem     s3, s6, t1
core   0: 3 0x800025b0 (0x026b69b3) x19 0x00000080
core   0: 0x800025b4 (0x00008c05) c.sub   s0, s1
core   0: 3 0x800025b4 (0x8c05) x 8 0x7ffd810a
core   0: 0x800025b6 (0x00000001) c.nop
core   0: 3 0x800025b6 (0x0001)
core   0: 0x800025b8 (0x00309213) slli    tp, ra, 3
core   0: 3 0x800025b8 (0x00309213) x 4 0x00000008
core   0: 0x800025bc (0xc916e437) lui     s0, 0xc916e
core   0: 3 0x800025bc (0xc916e437) x 8 0xc916e000
core   0: 0x800025c0 (0xad5a7697) auipc   a3, 0xad5a7
core   0: 3 0x800025c0 (0xad5a7697) x13 0x2d5a95c0
core   0: 0x800025c4 (0x00227f63) bgeu    tp, sp, pc + 30
core   0: 3 0x800025c4 (0x00227f63)
core   0: 0x800025c8 (0x00009c6e) c.add   s8, s11
core   0: 3 0x800025c8 (0x9c6e) x24 0x00004000
core   0: 0x800025ca (0x005f5c13) srli    s8, t5, 5
core   0: 3 0x800025ca (0x005f5c13) x24 0x0010a900
core   0: 0x800025ce (0x0358f6b3) remu    a3, a7, s5
core   0: 3 0x800025ce (0x0358f6b3) x13 0x00003ff6
core   0: 0x800025d2 (0x000089f5) c.andi  a1, 29
core   0: 3 0x800025d2 (0x89f5) x11 0x00000000
core   0: 0x800025d4 (0x0ff0000f) fence   iorw,iorw
core   0: 3 0x800025d4 (0x0ff0000f)
core   0: 0x800025d8 (0x00008f59) c.or    a4, a4
core   0: 3 0x800025d8 (0x8f59) x14 0x0001a000
core   0: 0x800025da (0x00008279) c.srli  a2, 30
core   0: 3 0x800025da (0x8279) x12 0x00000000
core   0: 0x800025dc (0x00000001) c.nop
core   0: 3 0x800025dc (0x0001)
core   0: 0x800025de (0xad6ae937) lui     s2, 0xad6ae
core   0: 3 0x800025de (0xad6ae937) x18 0xad6ae000
core   0: 0x800025e2 (0x1dc7e213) ori     tp, a5, 476
core   0: 3 0x800025e2 (0x1dc7e213) x 4 0x800001dc
core   0: 0x800025e6 (0x00008f69) c.and   a4, a0
core   0: 3 0x800025e6 (0x8f69) x14 0x00000000
core   0: 0x800025e8 (0x013e35b3) sltu    a1, t3, s3
core   0: 3 0x800025e8 (0x013e35b3) x11 0x00000000
core   0: 0x800025ec (0x00008e25) c.xor   a2, s1
core   0: 3 0x800025ec (0x8e25) x12 0x80025ce4
core   0: 0x800025ee (0x600e7193) andi    gp, t3, 1536
core   0: 3 0x800025ee (0x600e7193) x 3 0x00000000
core   0: 0x800025f2 (0x41705613) srai    a2, zero, 23
core   0: 3 0x800025f2 (0x41705613) x12 0x00000000
core   0: 0x800025f6 (0x41bb5f33) sra     t5, s6, s11
core   0: 3 0x800025f6 (0x41bb5f33) x30 0x00000080
core   0: 0x800025fa (0x000090fe) c.add   ra, t6
core   0: 3 0x800025fa (0x90fe) x 1 0x28238001
core   0: 0x800025fc (0x0000cd85) c.beqz  a1, pc + 56
core   0: 3 0x800025fc (0xcd85)
core   0: 0x80002634 (0x027dfc33) remu    s8, s11, t2
core   0: 3 0x80002634 (0x027dfc33) x24 0x00002000
core   0: 0x80002638 (0x78423c13) sltiu   s8, tp, 1924
core   0: 3 0x80002638 (0x78423c13) x24 0x00000000
core   0: 0x8000263c (0x01fb6963) bltu    s6, t6, pc + 18
core   0: 3 0x8000263c (0x01fb6963)
core   0: 0x8000264e (0x021f96b3) mulh    a3, t6, ra
core   0: 3 0x8000264e (0x021f96b3) x13 0x064b1cec
core   0: 0x80002652 (0x00006121) c.addi16sp sp, 64
core   0: 3 0x80002652 (0x6121) x 2 0x000000a0
core   0: 0x80002654 (0x04eb9363) bne     s7, a4, pc + 70
core   0: 3 0x80002654 (0x04eb9363)
core   0: 0x8000269a (0xb6123397) auipc   t2, 0xb6123
core   0: 3 0x8000269a (0xb6123397) x 7 0x3612569a
core   0: 0x8000269e (0x01a7e5b3) or      a1, a5, s10
core   0: 3 0x8000269e (0x01a7e5b3) x11 0x800001cf
core   0: 0x800026a2 (0x03b80a33) mul     s4, a6, s11
core   0: 3 0x800026a2 (0x03b80a33) x20 0x00100000
core   0: 0x800026a6 (0x00008905) c.andi  a0, 1
core   0: 3 0x800026a6 (0x8905) x10 0x00000000
core   0: 0x800026a8 (0xb0ee8e93) addi    t4, t4, -1266
core   0: 3 0x800026a8 (0xb0ee8e93) x29 0xf2c69b0e
core   0: 0x800026ac (0x0000824d) c.srli  a2, 19
core   0: 3 0x800026ac (0x824d) x12 0x00000000
core   0: 0x800026ae (0x03fb10b3) mulh    ra, s6, t6
core   0: 3 0x800026ae (0x03fb10b3) x 1 0x00000014
core   0: 0x800026b2 (0x012b8033) add     zero, s7, s2
core   0: 3 0x800026b2 (0x012b8033)
core   0: 0x800026b6 (0x00000001) c.nop
core   0: 3 0x800026b6 (0x0001)
core   0: 0x800026b8 (0x07dcee63) bltu    s9, t4, pc + 124
core   0: 3 0x800026b8 (0x07dcee63)
core   0: 0x80002734 (0x03ec83b3) mul     t2, s9, t5
core   0: 3 0x80002734 (0x03ec83b3) x 7 0x00000000
core   0: 0x80002738 (0x00009ac6) c.add   s5, a7
core   0: 3 0x80002738 (0x9ac6) x21 0x0001bff6
core   0: 0x8000273a (0x022ea233) mulhsu  tp, t4, sp
core   0: 3 0x8000273a (0x022ea233) x 4 0xfffffff7
core   0: 0x8000273e (0x034df3b3) remu    t2, s11, s4
core   0: 3 0x8000273e (0x034df3b3) x 7 0x00002000
core   0: 0x80002742 (0x0000100f) fence.i
core   0: 3 0x80002742 (0x0000100f)
core   0: 0x80002746 (0xa0d13993) sltiu   s3, sp, -1523
core   0: 3 0x80002746 (0xa0d13993) x19 0x00000001
core   0: 0x8000274a (0x0000187d) c.addi  a6, -1
core   0: 3 0x8000274a (0x187d) x16 0x0000007f
core   0: 0x8000274c (0x0000cb15) c.beqz  a4, pc + 52
core   0: 3 0x8000274c (0xcb15)
core   0: 0x80002780 (0x03cf7fb3) remu    t6, t5, t3
core   0: 3 0x80002780 (0x03cf7fb3) x31 0x00000080
core   0: 0x80002784 (0x0248d3b3) divu    t2, a7, tp
core   0: 3 0x80002784 (0x0248d3b3) x 7 0x00000000
core   0: 0x80002788 (0x0344a1b3) mulhsu  gp, s1, s4
core   0: 3 0x80002788 (0x0344a1b3) x 3 0xfff80025
core   0: 0x8000278c (0xc36b4e93) xori    t4, s6, -970
core   0: 3 0x8000278c (0xc36b4e93) x29 0xfffffcb6
core   0: 0x80002790 (0x003970b3) and     ra, s2, gp
core   0: 3 0x80002790 (0x003970b3) x 1 0xad680000
core   0: 0x80002794 (0xf2d8f193) andi    gp, a7, -211
core   0: 3 0x80002794 (0xf2d8f193) x 3 0xffffff24
core   0: 0x80002798 (0x027355b3) divu    a1, t1, t2
core   0: 3 0x80002798 (0x027355b3) x11 0xffffffff
core   0: 0x8000279c (0x00008de5) c.and   a1, s1
core   0: 3 0x8000279c (0x8de5) x11 0x80025ce4
core   0: 0x8000279e (0x00774a33) xor     s4, a4, t2
core   0: 3 0x8000279e (0x00774a33) x20 0x00000000
core   0: 0x800027a2 (0x0000717d) c.addi16sp sp, -16
core   0: 3 0x800027a2 (0x717d) x 2 0x00000090
core   0: 0x800027a4 (0xcf016013) ori     zero, sp, -784
core   0: 3 0x800027a4 (0xcf016013)
core   0: 0x800027a8 (0x0234e233) rem     tp, s1, gp
core   0: 3 0x800027a8 (0x0234e233) x 4 0xffffffa0
core   0: 0x800027ac (0xb99a3393) sltiu   t2, s4, -1127
core   0: 3 0x800027ac (0xb99a3393) x 7 0x00000001
core   0: 0x800027b0 (0x00a85f93) srli    t6, a6, 10
core   0: 3 0x800027b0 (0x00a85f93) x31 0x00000000
core   0: 0x800027b4 (0xd1786513) ori     a0, a6, -745
core   0: 3 0x800027b4 (0xd1786513) x10 0xfffffd7f
core   0: 0x800027b8 (0x00009afd) c.andi  a3, -1
core   0: 3 0x800027b8 (0x9afd) x13 0x064b1cec
core   0: 0x800027ba (0x0000100f) fence.i
core   0: 3 0x800027ba (0x0000100f)
core   0: 0x800027be (0x021d9b63) bne     s11, ra, pc + 54
core   0: 3 0x800027be (0x021d9b63)
core   0: 0x800027f4 (0x0138dd13) srli    s10, a7, 19
core   0: 3 0x800027f4 (0x0138dd13) x26 0x00001fff
core   0: 0x800027f8 (0xd96b2293) slti    t0, s6, -618
core   0: 3 0x800027f8 (0xd96b2293) x 5 0x00000000
core   0: 0x800027fc (0xd716c713) xori    a4, a3, -655
core   0: 3 0x800027fc (0xd716c713) x14 0xf9b4e19d
core   0: 0x80002800 (0x41d0df33) sra     t5, ra, t4
core   0: 3 0x80002800 (0x41d0df33) x30 0xfffffeb5
core   0: 0x80002804 (0x00526f63) bltu    tp, t0, pc + 30
core   0: 3 0x80002804 (0x00526f63)
core   0: 0x80002808 (0xcda44413) xori    s0, s0, -806
core   0: 3 0x80002808 (0xcda44413) x 8 0x36e91cda
core   0: 0x8000280c (0x41878333) sub     t1, a5, s8
core   0: 3 0x8000280c (0x41878333) x 6 0x80000000
core   0: 0x80002810 (0x41cf0ab3) sub     s5, t5, t3
core   0: 3 0x80002810 (0x41cf0ab3) x21 0x7a121eb5
core   0: 0x80002814 (0x00008e15) c.sub   a2, a3
core   0: 3 0x80002814 (0x8e15) x12 0xf9b4e314
core   0: 0x80002816 (0x96250b13) addi    s6, a0, -1694
core   0: 3 0x80002816 (0x96250b13) x22 0xfffff6e1
core   0: 0x8000281a (0x0000100f) fence.i
core   0: 3 0x8000281a (0x0000100f)
core   0: 0x8000281e (0x03fa7663) bgeu    s4, t6, pc + 44
core   0: 3 0x8000281e (0x03fa7663)
core   0: 0x8000284a (0x00d8ef33) or      t5, a7, a3
core   0: 3 0x8000284a (0x00d8ef33) x30 0xfffffffe
core   0: 0x8000284e (0x038fd833) divu    a6, t6, s8
core   0: 3 0x8000284e (0x038fd833) x16 0xffffffff
core   0: 0x80002852 (0x000082e9) c.srli  a3, 26
core   0: 3 0x80002852 (0x82e9) x13 0x00000001
core   0: 0x80002854 (0x027cdfb3) divu    t6, s9, t2
core   0: 3 0x80002854 (0x027cdfb3) x31 0x00000000
core   0: 0x80002858 (0x0000150c) c.addi4spn a1, sp, 672
core   0: 3 0x80002858 (0x150c) x11 0x00000330
core   0: 0x8000285a (0x416b5fb3) sra     t6, s6, s6
core   0: 3 0x8000285a (0x416b5fb3) x31 0xfffffb70
core   0: 0x8000285e (0x03b30263) beq     t1, s11, pc + 36
core   0: 3 0x8000285e (0x03b30263)
core   0: 0x80002862 (0x000086d9) c.srai  a3, 22
core   0: 3 0x80002862 (0x86d9) x13 0x00000000
core   0: 0x80002864 (0xa7580313) addi    t1, a6, -1419
core   0: 3 0x80002864 (0xa7580313) x 6 0xfffffa74
core   0: 0x80002868 (0x037c2eb3) mulhsu  t4, s8, s7
core   0: 3 0x80002868 (0x037c2eb3) x29 0x00000000
core   0: 0x8000286c (0x77e72613) slti    a2, a4, 1918
core   0: 3 0x8000286c (0x77e72613) x12 0x00000001
core   0: 0x80002870 (0xc77c3f93) sltiu   t6, s8, -905
core   0: 3 0x80002870 (0xc77c3f93) x31 0x00000001
core   0: 0x80002874 (0x00008ea9) c.xor   a3, a0
core   0: 3 0x80002874 (0x8ea9) x13 0xfffffd7f
core   0: 0x80002876 (0xb4a90813) addi    a6, s2, -1206
core   0: 3 0x80002876 (0xb4a90813) x16 0xad6adb4a
core   0: 0x8000287a (0x004fb833) sltu    a6, t6, tp
core   0: 3 0x8000287a (0x004fb833) x16 0x00000001
core   0: 0x8000287e (0x053c1363) bne     s8, s3, pc + 70
core   0: 3 0x8000287e (0x053c1363)
core   0: 0x800028c4 (0xf6f77317) auipc   t1, 0xf6f77
core   0: 3 0x800028c4 (0xf6f77317) x 6 0x76f798c4
core   0: 0x800028c8 (0x00008e89) c.sub   a3, a0
core   0: 3 0x800028c8 (0x8e89) x13 0x00000000
core   0: 0x800028ca (0x0118d413) srli    s0, a7, 17
core   0: 3 0x800028ca (0x0118d413) x 8 0x00007fff
core   0: 0x800028ce (0x01cdd6b3) srl     a3, s11, t3
core   0: 3 0x800028ce (0x01cdd6b3) x13 0x00002000
core   0: 0x800028d2 (0x0190c863) blt     ra, s9, pc + 16
core   0: 3 0x800028d2 (0x0190c863)
core   0: 0x800028e2 (0x000098fe) c.add   a7, t6
core   0: 3 0x800028e2 (0x98fe) x17 0xfffffff7
core   0: 0x800028e4 (0x04ca1a63) bne     s4, a2, pc + 84
core   0: 3 0x800028e4 (0x04ca1a63)
core   0: 0x80002938 (0x02ffb933) mulhu   s2, t6, a5
core   0: 3 0x80002938 (0x02ffb933) x18 0x00000000
core   0: 0x8000293c (0x00fa1993) slli    s3, s4, 15
core   0: 3 0x8000293c (0x00fa1993) x19 0x00000000
core   0: 0x80002940 (0x0000c801) c.beqz  s0, pc + 16
core   0: 3 0x80002940 (0xc801)
core   0: 0x80002942 (0xcf719717) auipc   a4, 0xcf719
core   0: 3 0x80002942 (0xcf719717) x14 0x4f71b942
core   0: 0x80002946 (0x0000030d) c.addi  t1, 3
core   0: 3 0x80002946 (0x030d) x 6 0x76f798c7
core   0: 0x80002948 (0x4198d593) srai    a1, a7, 25
core   0: 3 0x80002948 (0x4198d593) x11 0xffffffff
core   0: 0x8000294c (0x03ab1d33) mulh    s10, s6, s10
core   0: 3 0x8000294c (0x03ab1d33) x26 0xffffffff
core   0: 0x80002950 (0x6d363513) sltiu   a0, a2, 1747
core   0: 3 0x80002950 (0x6d363513) x10 0x00000001
core   0: 0x80002954 (0x00545913) srli    s2, s0, 5
core   0: 3 0x80002954 (0x00545913) x18 0x000003ff
core   0: 0x80002958 (0x033cd733) divu    a4, s9, s3
core   0: 3 0x80002958 (0x033cd733) x14 0xffffffff
core   0: 0x8000295c (0x0000e509) c.bnez  a0, pc + 10
core   0: 3 0x8000295c (0xe509)
core   0: 0x80002966 (0x0000839a) c.mv    t2, t1
core   0: 3 0x80002966 (0x839a) x 7 0x76f798c7
core   0: 0x80002968 (0x0c922393) slti    t2, tp, 201
core   0: 3 0x80002968 (0x0c922393) x 7 0x00000001
core   0: 0x8000296c (0x03942033) mulhsu  zero, s0, s9
core   0: 3 0x8000296c (0x03942033)
core   0: 0x80002970 (0x409a5fb3) sra     t6, s4, s1
core   0: 3 0x80002970 (0x409a5fb3) x31 0x00000000
core   0: 0x80002974 (0x000081d2) c.mv    gp, s4
core   0: 3 0x80002974 (0x81d2) x 3 0x00000000
core   0: 0x80002976 (0x00008e51) c.or    a2, a2
core   0: 3 0x80002976 (0x8e51) x12 0x00000001
core   0: 0x80002978 (0x00008f6d) c.and   a4, a1
core   0: 3 0x80002978 (0x8f6d) x14 0xffffffff
core   0: 0x8000297a (0x56e8f313) andi    t1, a7, 1390
core   0: 3 0x8000297a (0x56e8f313) x 6 0x00000566
core   0: 0x8000297e (0x00008c1d) c.sub   s0, a5
core   0: 3 0x8000297e (0x8c1d) x 8 0x80007fff
core   0: 0x80002980 (0x03490f33) mul     t5, s2, s4
core   0: 3 0x80002980 (0x03490f33) x30 0x00000000
core   0: 0x80002984 (0x00000166) c.slli  sp, 25
core   0: 3 0x80002984 (0x0166) x 2 0x20000000
core   0: 0x80002986 (0x00008a79) c.andi  a2, 30
core   0: 3 0x80002986 (0x8a79) x12 0x00000000
core   0: 0x80002988 (0x0000167d) c.addi  a2, -1
core   0: 3 0x80002988 (0x167d) x12 0xffffffff
core   0: 0x8000298a (0x3127a613) slti    a2, a5, 786
core   0: 3 0x8000298a (0x3127a613) x12 0x00000001
core   0: 0x8000298e (0x0ca6ee93) ori     t4, a3, 202
core   0: 3 0x8000298e (0x0ca6ee93) x29 0x000020ca
core   0: 0x80002992 (0x0000567d) c.li    a2, -1
core   0: 3 0x80002992 (0x567d) x12 0xffffffff
core   0: 0x80002994 (0x40d90833) sub     a6, s2, a3
core   0: 3 0x80002994 (0x40d90833) x16 0xffffe3ff
core   0: 0x80002998 (0x0245b6b3) mulhu   a3, a1, tp
core   0: 3 0x80002998 (0x0245b6b3) x13 0xffffff9f
core   0: 0x8000299c (0x00008d61) c.and   a0, s0
core   0: 3 0x8000299c (0x8d61) x10 0x00000001
core   0: 0x8000299e (0x00008c49) c.or    s0, a0
core   0: 3 0x8000299e (0x8c49) x 8 0x80007fff
core   0: 0x800029a0 (0x02e75b33) divu    s6, a4, a4
core   0: 3 0x800029a0 (0x02e75b33) x22 0x00000001
core   0: 0x800029a4 (0x00a41113) slli    sp, s0, 10
core   0: 3 0x800029a4 (0x00a41113) x 2 0x01fffc00
core   0: 0x800029a8 (0x03b81163) bne     a6, s11, pc + 34
core   0: 3 0x800029a8 (0x03b81163)
core   0: 0x800029ca (0x03224033) div     zero, tp, s2
core   0: 3 0x800029ca (0x03224033)
core   0: 0x800029ce (0x00ec0263) beq     s8, a4, pc + 4
core   0: 3 0x800029ce (0x00ec0263)
core   0: 0x800029d2 (0x00008d11) c.sub   a0, a2
core   0: 3 0x800029d2 (0x8d11) x10 0x00000002
core   0: 0x800029d4 (0x00008d61) c.and   a0, s0
core   0: 3 0x800029d4 (0x8d61) x10 0x00000002
core   0: 0x800029d6 (0x01f31d33) sll     s10, t1, t6
core   0: 3 0x800029d6 (0x01f31d33) x26 0x00000566
core   0: 0x800029da (0x0000cebd) c.beqz  a3, pc + 126
core   0: 3 0x800029da (0xcebd)
core   0: 0x800029dc (0x00008eb1) c.xor   a3, a2
core   0: 3 0x800029dc (0x8eb1) x13 0x00000060
core   0: 0x800029de (0xf230c693) xori    a3, ra, -221
core   0: 3 0x800029de (0xf230c693) x13 0x5297ff23
core   0: 0x800029e2 (0x00008ef5) c.and   a3, a3
core   0: 3 0x800029e2 (0x8ef5) x13 0x5297ff23
core   0: 0x800029e4 (0x000083da) c.mv    t2, s6
core   0: 3 0x800029e4 (0x83da) x 7 0x00000001
core   0: 0x800029e6 (0x00235b13) srli    s6, t1, 2
core   0: 3 0x800029e6 (0x00235b13) x22 0x00000159
core   0: 0x800029ea (0x41b200b3) sub     ra, tp, s11
core   0: 3 0x800029ea (0x41b200b3) x 1 0xffffdfa0
core   0: 0x800029ee (0x02da78b3) remu    a7, s4, a3
core   0: 3 0x800029ee (0x02da78b3) x17 0x00000000
core   0: 0x800029f2 (0x02c020b3) mulhsu  ra, zero, a2
core   0: 3 0x800029f2 (0x02c020b3) x 1 0x00000000
core   0: 0x800029f6 (0x00a00413) li      s0, 10
core   0: 3 0x800029f6 (0x00a00413) x 8 0x0000000a
core   0: 0x800029fa (0x013e66b3) or      a3, t3, s3
core   0: 3 0x800029fa (0x013e66b3) x13 0x85ede000
core   0: 0x800029fe (0x40455db3) sra     s11, a0, tp
core   0: 3 0x800029fe (0x40455db3) x27 0x00000002
core   0: 0x80002a02 (0x0ff0000f) fence   iorw,iorw
core   0: 3 0x80002a02 (0x0ff0000f)
core   0: 0x80002a06 (0x00008f29) c.xor   a4, a0
core   0: 3 0x80002a06 (0x8f29) x14 0xfffffffd
core   0: 0x80002a08 (0x028bd533) divu    a0, s7, s0
core   0: 3 0x80002a08 (0x028bd533) x10 0x0ccd030a
core   0: 0x80002a0c (0x03b0ecb3) rem     s9, ra, s11
core   0: 3 0x80002a0c (0x03b0ecb3) x25 0x00000000
core   0: 0x80002a10 (0x00d00813) li      a6, 13
core   0: 3 0x80002a10 (0x00d00813) x16 0x0000000d
core   0: 0x80002a14 (0x0ff0000f) fence   iorw,iorw
core   0: 3 0x80002a14 (0x0ff0000f)
core   0: 0x80002a18 (0x00bccfb3) xor     t6, s9, a1
core   0: 3 0x80002a18 (0x00bccfb3) x31 0xffffffff
core   0: 0x80002a1c (0x0110c333) xor     t1, ra, a7
core   0: 3 0x80002a1c (0x0110c333) x 6 0x00000000
core   0: 0x80002a20 (0x009e5293) srli    t0, t3, 9
core   0: 3 0x80002a20 (0x009e5293) x 5 0x0042f6f0
core   0: 0x80002a24 (0x00006239) c.lui   tp, 0xe
core   0: 3 0x80002a24 (0x6239) x 4 0x0000e000
core   0: 0x80002a26 (0x01245e13) srli    t3, s0, 18
core   0: 3 0x80002a26 (0x01245e13) x28 0x00000000
core   0: 0x80002a2a (0x0204e2b3) rem     t0, s1, zero
core   0: 3 0x80002a2a (0x0204e2b3) x 5 0x80025ce4
core   0: 0x80002a2e (0x495efd13) andi    s10, t4, 1173
core   0: 3 0x80002a2e (0x495efd13) x26 0x00000080
core   0: 0x80002a32 (0x023a00b3) mul     ra, s4, gp
core   0: 3 0x80002a32 (0x023a00b3) x 1 0x00000000
core   0: 0x80002a36 (0x0000157d) c.addi  a0, -1
core   0: 3 0x80002a36 (0x157d) x10 0x0ccd0309
core   0: 0x80002a38 (0x00008eed) c.and   a3, a1
core   0: 3 0x80002a38 (0x8eed) x13 0x85ede000
core   0: 0x80002a3a (0x00000429) c.addi  s0, 10
core   0: 3 0x80002a3a (0x0429) x 8 0x00000014
core   0: 0x80002a3c (0x026a5333) divu    t1, s4, t1
core   0: 3 0x80002a3c (0x026a5333) x 6 0xffffffff
core   0: 0x80002a40 (0xff0447e3) blt     s0, a6, pc - 18
core   0: 3 0x80002a40 (0xff0447e3)
core   0: 0x80002a44 (0x02632e33) mulhsu  t3, t1, t1
core   0: 3 0x80002a44 (0x02632e33) x28 0xffffffff
core   0: 0x80002a48 (0x024daeb3) mulhsu  t4, s11, tp
core   0: 3 0x80002a48 (0x024daeb3) x29 0x00000000
core   0: 0x80002a4c (0x033bbd33) mulhu   s10, s7, s3
core   0: 3 0x80002a4c (0x033bbd33) x26 0x00000000
core   0: 0x80002a50 (0x403c5293) srai    t0, s8, 3
core   0: 3 0x80002a50 (0x403c5293) x 5 0x00000000
core   0: 0x80002a54 (0x0000026e) c.slli  tp, 27
core   0: 3 0x80002a54 (0x026e) x 4 0x00000000
core   0: 0x80002a56 (0x00008d11) c.sub   a0, a2
core   0: 3 0x80002a56 (0x8d11) x10 0x0ccd030a
core   0: 0x80002a58 (0x053de263) bltu    s11, s3, pc + 68
core   0: 3 0x80002a58 (0x053de263)
core   0: 0x80002a5c (0x038d93b3) mulh    t2, s11, s8
core   0: 3 0x80002a5c (0x038d93b3) x 7 0x00000000
core   0: 0x80002a60 (0xbd673137) lui     sp, 0xbd673
core   0: 3 0x80002a60 (0xbd673137) x 2 0xbd673000
core   0: 0x80002a64 (0x40f58933) sub     s2, a1, a5
core   0: 3 0x80002a64 (0x40f58933) x18 0x7fffffff
core   0: 0x80002a68 (0x0000717d) c.addi16sp sp, -16
core   0: 3 0x80002a68 (0x717d) x 2 0xbd672ff0
core   0: 0x80002a6a (0x039c0d63) beq     s8, s9, pc + 58
core   0: 3 0x80002a6a (0x039c0d63)
core   0: 0x80002aa4 (0x01c69f93) slli    t6, a3, 28
core   0: 3 0x80002aa4 (0x01c69f93) x31 0x00000000
core   0: 0x80002aa8 (0x00847f63) bgeu    s0, s0, pc + 30
core   0: 3 0x80002aa8 (0x00847f63)
core   0: 0x80002ac6 (0x00cf7f33) and     t5, t5, a2
core   0: 3 0x80002ac6 (0x00cf7f33) x30 0x00000000
core   0: 0x80002aca (0x00008f31) c.xor   a4, a2
core   0: 3 0x80002aca (0x8f31) x14 0x00000002
core   0: 0x80002acc (0x00009852) c.add   a6, s4
core   0: 3 0x80002acc (0x9852) x16 0x0000000d
core   0: 0x80002ace (0x00000fa2) c.slli  t6, 8
core   0: 3 0x80002ace (0x0fa2) x31 0x00000000
core   0: 0x80002ad0 (0x01883eb3) sltu    t4, a6, s8
core   0: 3 0x80002ad0 (0x01883eb3) x29 0x00000000
core   0: 0x80002ad4 (0x00bf9863) bne     t6, a1, pc + 16
core   0: 3 0x80002ad4 (0x00bf9863)
core   0: 0x80002ae4 (0x015e7c33) and     s8, t3, s5
core   0: 3 0x80002ae4 (0x015e7c33) x24 0x7a121eb5
core   0: 0x80002ae8 (0x03b39063) bne     t2, s11, pc + 32
core   0: 3 0x80002ae8 (0x03b39063)
core   0: 0x80002b08 (0x0000ec19) c.bnez  s0, pc + 30
core   0: 3 0x80002b08 (0xec19)
core   0: 0x80002b26 (0x0000023a) c.slli  tp, 14
core   0: 3 0x80002b26 (0x023a) x 4 0x00000000
core   0: 0x80002b28 (0x030e9c63) bne     t4, a6, pc + 56
core   0: 3 0x80002b28 (0x030e9c63)
core   0: 0x80002b60 (0xaad86193) ori     gp, a6, -1363
core   0: 3 0x80002b60 (0xaad86193) x 3 0xfffffaad
core   0: 0x80002b64 (0x00004a49) c.li    s4, 18
core   0: 3 0x80002b64 (0x4a49) x20 0x00000012
core   0: 0x80002b66 (0x1f6ccf93) xori    t6, s9, 502
core   0: 3 0x80002b66 (0x1f6ccf93) x31 0x000001f6
core   0: 0x80002b6a (0x028303b3) mul     t2, t1, s0
core   0: 3 0x80002b6a (0x028303b3) x 7 0xffffffec
core   0: 0x80002b6e (0x00d64733) xor     a4, a2, a3
core   0: 3 0x80002b6e (0x00d64733) x14 0x7a121fff
core   0: 0x80002b72 (0x02533fb3) mulhu   t6, t1, t0
core   0: 3 0x80002b72 (0x02533fb3) x31 0x00000000
core   0: 0x80002b76 (0x02e4ab33) mulhsu  s6, s1, a4
core   0: 3 0x80002b76 (0x02e4ab33) x22 0xc2f8106f
core   0: 0x80002b7a (0x006c20b3) slt     ra, s8, t1
core   0: 3 0x80002b7a (0x006c20b3) x 1 0x00000000
core   0: 0x80002b7e (0x00006831) c.lui   a6, 0xc
core   0: 3 0x80002b7e (0x6831) x16 0x0000c000
core   0: 0x80002b80 (0x94793d93) sltiu   s11, s2, -1721
core   0: 3 0x80002b80 (0x94793d93) x27 0x00000001
core   0: 0x80002b84 (0x00000693) li      a3, 0
core   0: 3 0x80002b84 (0x00000693) x13 0x00000000
core   0: 0x80002b88 (0x0123e8b3) or      a7, t2, s2
core   0: 3 0x80002b88 (0x0123e8b3) x17 0xffffffff
core   0: 0x80002b8c (0x008959b3) srl     s3, s2, s0
core   0: 3 0x80002b8c (0x008959b3) x19 0x000007ff
core   0: 0x80002b90 (0x0000950a) c.add   a0, sp
core   0: 3 0x80002b90 (0x950a) x10 0xca3432fa
core   0: 0x80002b92 (0x02e0f3b3) remu    t2, ra, a4
core   0: 3 0x80002b92 (0x02e0f3b3) x 7 0x00000000
core   0: 0x80002b96 (0x01153733) sltu    a4, a0, a7
core   0: 3 0x80002b96 (0x01153733) x14 0x00000001
core   0: 0x80002b9a (0xff700c93) li      s9, -9
core   0: 3 0x80002b9a (0xff700c93) x25 0xfffffff7
core   0: 0x80002b9e (0x000068b3) or      a7, zero, zero
core   0: 3 0x80002b9e (0x000068b3) x17 0x00000000
core   0: 0x80002ba2 (0x00008845) c.andi  s0, 17
core   0: 3 0x80002ba2 (0x8845) x 8 0x00000010
core   0: 0x80002ba4 (0x82f5f393) andi    t2, a1, -2001
core   0: 3 0x80002ba4 (0x82f5f393) x 7 0xfffff82f
core   0: 0x80002ba8 (0x00008c49) c.or    s0, a0
core   0: 3 0x80002ba8 (0x8c49) x 8 0xca3432fa
core   0: 0x80002baa (0x03897633) remu    a2, s2, s8
core   0: 3 0x80002baa (0x03897633) x12 0x05ede14a
core   0: 0x80002bae (0x00008245) c.srli  a2, 17
core   0: 3 0x80002bae (0x8245) x12 0x000002f6
core   0: 0x80002bb0 (0x01d29c33) sll     s8, t0, t4
core   0: 3 0x80002bb0 (0x01d29c33) x24 0x00000000
core   0: 0x80002bb4 (0xbe979197) auipc   gp, 0xbe979
core   0: 3 0x80002bb4 (0xbe979197) x 3 0x3e97bbb4
core   0: 0x80002bb8 (0x039e2ab3) mulhsu  s5, t3, s9
core   0: 3 0x80002bb8 (0x039e2ab3) x21 0xffffffff
core   0: 0x80002bbc (0xde3492b7) lui     t0, 0xde349
core   0: 3 0x80002bbc (0xde3492b7) x 5 0xde349000
core   0: 0x80002bc0 (0x000016dd) c.addi  a3, -9
core   0: 3 0x80002bc0 (0x16dd) x13 0xfffffff7
core   0: 0x80002bc2 (0x00001d7d) c.addi  s10, -1
core   0: 3 0x80002bc2 (0x1d7d) x26 0xffffffff
core   0: 0x80002bc4 (0x22712193) slti    gp, sp, 551
core   0: 3 0x80002bc4 (0x22712193) x 3 0x00000001
core   0: 0x80002bc8 (0x020500b3) mul     ra, a0, zero
core   0: 3 0x80002bc8 (0x020500b3) x 1 0x00000000
core   0: 0x80002bcc (0x4056df93) srai    t6, a3, 5
core   0: 3 0x80002bcc (0x4056df93) x31 0xffffffff
core   0: 0x80002bd0 (0x025befb3) rem     t6, s7, t0
core   0: 3 0x80002bd0 (0x025befb3) x31 0xe5646e64
core   0: 0x80002bd4 (0xff9690e3) bne     a3, s9, pc - 32
core   0: 3 0x80002bd4 (0xff9690e3)
core   0: 0x80002bd8 (0x009b1213) slli    tp, s6, 9
core   0: 3 0x80002bd8 (0x009b1213) x 4 0xf020de00
core   0: 0x80002bdc (0x41e5df33) sra     t5, a1, t5
core   0: 3 0x80002bdc (0x41e5df33) x30 0xffffffff
core   0: 0x80002be0 (0x0ff0000f) fence   iorw,iorw
core   0: 3 0x80002be0 (0x0ff0000f)
core   0: 0x80002be4 (0x00722433) slt     s0, tp, t2
core   0: 3 0x80002be4 (0x00722433) x 8 0x00000001
core   0: 0x80002be8 (0x005899b3) sll     s3, a7, t0
core   0: 3 0x80002be8 (0x005899b3) x19 0x00000000
core   0: 0x80002bec (0x0051c3b3) xor     t2, gp, t0
core   0: 3 0x80002bec (0x0051c3b3) x 7 0xde349001
core   0: 0x80002bf0 (0x01ad9413) slli    s0, s11, 26
core   0: 3 0x80002bf0 (0x01ad9413) x 8 0x04000000
core   0: 0x80002bf4 (0x031a95b3) mulh    a1, s5, a7
core   0: 3 0x80002bf4 (0x031a95b3) x11 0x00000000
core   0: 0x80002bf8 (0x35b5e593) ori     a1, a1, 859
core   0: 3 0x80002bf8 (0x35b5e593) x11 0x0000035b
core   0: 0x80002bfc (0x03c571b3) remu    gp, a0, t3
core   0: 3 0x80002bfc (0x03c571b3) x 3 0xca3432fa
core   0: 0x80002c00 (0x00000188) c.addi4spn a0, sp, 192
core   0: 3 0x80002c00 (0x0188) x10 0xbd6730b0
core   0: 0x80002c02 (0x0000070c) c.addi4spn a1, sp, 896
core   0: 3 0x80002c02 (0x070c) x11 0xbd673370
core   0: 0x80002c04 (0x03dcc033) div     zero, s9, t4
core   0: 3 0x80002c04 (0x03dcc033)
core   0: 0x80002c08 (0x03903733) mulhu   a4, zero, s9
core   0: 3 0x80002c08 (0x03903733) x14 0x00000000
core   0: 0x80002c0c (0x02852d33) mulhsu  s10, a0, s0
core   0: 3 0x80002c0c (0x02852d33) x26 0xfef59cc2
core   0: 0x80002c10 (0x00008dc1) c.or    a1, s0
core   0: 3 0x80002c10 (0x8dc1) x11 0xbd673370
core   0: 0x80002c12 (0x0000659d) c.lui   a1, 0x7
core   0: 3 0x80002c12 (0x659d) x11 0x00007000
core   0: 0x80002c14 (0x3580c093) xori    ra, ra, 856
core   0: 3 0x80002c14 (0x3580c093) x 1 0x00000358
core   0: 0x80002c18 (0x00006cd1) c.lui   s9, 0x14
core   0: 3 0x80002c18 (0x6cd1) x25 0x00014000
core   0: 0x80002c1a (0x02cc7763) bgeu    s8, a2, pc + 46
core   0: 3 0x80002c1a (0x02cc7763)
core   0: 0x80002c1e (0x00001a7d) c.addi  s4, -1
core   0: 3 0x80002c1e (0x1a7d) x20 0x00000011
core   0: 0x80002c20 (0x00008c0d) c.sub   s0, a1
core   0: 3 0x80002c20 (0x8c0d) x 8 0x03ff9000
core   0: 0x80002c22 (0x0000e719) c.bnez  a4, pc + 14
core   0: 3 0x80002c22 (0xe719)
core   0: 0x80002c24 (0x00000001) c.nop
core   0: 3 0x80002c24 (0x0001)
core   0: 0x80002c26 (0x00198e33) add     t3, s3, ra
core   0: 3 0x80002c26 (0x00198e33) x28 0x00000358
core   0: 0x80002c2a (0x01c76433) or      s0, a4, t3
core   0: 3 0x80002c2a (0x01c76433) x 8 0x00000358
core   0: 0x80002c2e (0x00000001) c.nop
core   0: 3 0x80002c2e (0x0001)
core   0: 0x80002c30 (0x00008dd5) c.or    a1, a3
core   0: 3 0x80002c30 (0x8dd5) x11 0xfffffff7
core   0: 0x80002c32 (0xe3de0413) addi    s0, t3, -451
core   0: 3 0x80002c32 (0xe3de0413) x 8 0x00000195
core   0: 0x80002c36 (0x00008451) c.srai  s0, 20
core   0: 3 0x80002c36 (0x8451) x 8 0x00000000
core   0: 0x80002c38 (0x02709f63) bne     ra, t2, pc + 62
core   0: 3 0x80002c38 (0x02709f63)
core   0: 0x80002c76 (0x000046c9) c.li    a3, 18
core   0: 3 0x80002c76 (0x46c9) x13 0x00000012
core   0: 0x80002c78 (0x00005d7d) c.li    s10, -1
core   0: 3 0x80002c78 (0x5d7d) x26 0xffffffff
core   0: 0x80002c7a (0x00756333) or      t1, a0, t2
core   0: 3 0x80002c7a (0x00756333) x 6 0xff77b0b1
core   0: 0x80002c7e (0x0000717d) c.addi16sp sp, -16
core   0: 3 0x80002c7e (0x717d) x 2 0xbd672fe0
core   0: 0x80002c80 (0x00008d55) c.or    a0, a3
core   0: 3 0x80002c80 (0x8d55) x10 0xbd6730b2
core   0: 0x80002c82 (0x0000100f) fence.i
core   0: 3 0x80002c82 (0x0000100f)
core   0: 0x80002c86 (0x4077d613) srai    a2, a5, 7
core   0: 3 0x80002c86 (0x4077d613) x12 0xff000000
core   0: 0x80002c8a (0x01b2cc33) xor     s8, t0, s11
core   0: 3 0x80002c8a (0x01b2cc33) x24 0xde349001
core   0: 0x80002c8e (0x005bc6b3) xor     a3, s7, t0
core   0: 3 0x80002c8e (0x005bc6b3) x13 0x5e368e64
core   0: 0x80002c92 (0x00955a13) srli    s4, a0, 9
core   0: 3 0x80002c92 (0x00955a13) x20 0x005eb398
core   0: 0x80002c96 (0x00f91963) bne     s2, a5, pc + 18
core   0: 3 0x80002c96 (0x00f91963)
core   0: 0x80002ca8 (0x47afec93) ori     s9, t6, 1146
core   0: 3 0x80002ca8 (0x47afec93) x25 0xe5646e7e
core   0: 0x80002cac (0x41fc0a33) sub     s4, s8, t6
core   0: 3 0x80002cac (0x41fc0a33) x20 0xf8d0219d
core   0: 0x80002cb0 (0x0000100f) fence.i
core   0: 3 0x80002cb0 (0x0000100f)
core   0: 0x80002cb4 (0x000099fd) c.andi  a1, -1
core   0: 3 0x80002cb4 (0x99fd) x11 0xfffffff7
core   0: 0x80002cb6 (0x03c21db3) mulh    s11, tp, t3
core   0: 3 0x80002cb6 (0x03c21db3) x27 0xffffffca
core   0: 0x80002cba (0xadd3e917) auipc   s2, 0xadd3e
core   0: 3 0x80002cba (0xadd3e917) x18 0x2dd40cba
core   0: 0x80002cbe (0x1d3aee17) auipc   t3, 0x1d3ae
core   0: 3 0x80002cbe (0x1d3aee17) x28 0x9d3b0cbe
core   0: 0x80002cc2 (0x02e0eab3) rem     s5, ra, a4
core   0: 3 0x80002cc2 (0x02e0eab3) x21 0x00000358
core   0: 0x80002cc6 (0x03e67063) bgeu    a2, t5, pc + 32
core   0: 3 0x80002cc6 (0x03e67063)
core   0: 0x80002cca (0x00006731) c.lui   a4, 0xc
core   0: 3 0x80002cca (0x6731) x14 0x0000c000
core   0: 0x80002ccc (0x00008d41) c.or    a0, s0
core   0: 3 0x80002ccc (0x8d41) x10 0xbd6730b2
core   0: 0x80002cce (0x017c58b3) srl     a7, s8, s7
core   0: 3 0x80002cce (0x017c58b3) x17 0x0de34900
core   0: 0x80002cd2 (0x00008ea9) c.xor   a3, a0
core   0: 3 0x80002cd2 (0x8ea9) x13 0xe351bed6
core   0: 0x80002cd4 (0x00000001) c.nop
core   0: 3 0x80002cd4 (0x0001)
core   0: 0x80002cd6 (0x01de8fb3) add     t6, t4, t4
core   0: 3 0x80002cd6 (0x01de8fb3) x31 0x00000000
core   0: 0x80002cda (0x0ff0000f) fence   iorw,iorw
core   0: 3 0x80002cda (0x0ff0000f)
core   0: 0x80002cde (0x00f15013) srli    zero, sp, 15
core   0: 3 0x80002cde (0x00f15013)
core   0: 0x80002ce2 (0x020b52b3) divu    t0, s6, zero
core   0: 3 0x80002ce2 (0x020b52b3) x 5 0xffffffff
core   0: 0x80002ce6 (0x033d8db3) mul     s11, s11, s3
core   0: 3 0x80002ce6 (0x033d8db3) x27 0x00000000
core   0: 0x80002cea (0x03b9d563) bge     s3, s11, pc + 42
core   0: 3 0x80002cea (0x03b9d563)
core   0: 0x80002d14 (0x3065ee93) ori     t4, a1, 774
core   0: 3 0x80002d14 (0x3065ee93) x29 0xfffffff7
core   0: 0x80002d18 (0x00008d99) c.sub   a1, a4
core   0: 3 0x80002d18 (0x8d99) x11 0xffff3ff7
core   0: 0x80002d1a (0x02598633) mul     a2, s3, t0
core   0: 3 0x80002d1a (0x02598633) x12 0x00000000
core   0: 0x80002d1e (0x00008631) c.srai  a2, 12
core   0: 3 0x80002d1e (0x8631) x12 0x00000000
core   0: 0x80002d20 (0x03995e63) bge     s2, s9, pc + 60
core   0: 3 0x80002d20 (0x03995e63)
core   0: 0x80002d5c (0x412d86b3) sub     a3, s11, s2
core   0: 3 0x80002d5c (0x412d86b3) x13 0xd22bf346
core   0: 0x80002d60 (0x00001194) c.addi4spn a3, sp, 224
core   0: 3 0x80002d60 (0x1194) x13 0xbd6730c0
core   0: 0x80002d62 (0x1da2a113) slti    sp, t0, 474
core   0: 3 0x80002d62 (0x1da2a113) x 2 0x00000001
core   0: 0x80002d66 (0x00009d12) c.add   s10, tp
core   0: 3 0x80002d66 (0x9d12) x26 0xf020ddff
core   0: 0x80002d68 (0x006ce263) bltu    s9, t1, pc + 4
core   0: 3 0x80002d68 (0x006ce263)
core   0: 0x80002d6c (0x4007d3b3) sra     t2, a5, zero
core   0: 3 0x80002d6c (0x4007d3b3) x 7 0x80000000
core   0: 0x80002d70 (0x00006375) c.lui   t1, 0x1d
core   0: 3 0x80002d70 (0x6375) x 6 0x0001d000
core   0: 0x80002d72 (0x00008d79) c.and   a0, a4
core   0: 3 0x80002d72 (0x8d79) x10 0x00000000
core   0: 0x80002d74 (0x00008a01) c.andi  a2, 0
core   0: 3 0x80002d74 (0x8a01) x12 0x00000000
core   0: 0x80002d76 (0x027ba1b3) mulhsu  gp, s7, t2
core   0: 3 0x80002d76 (0x027ba1b3) x 3 0xc0010f32
core   0: 0x80002d7a (0x00c05993) srli    s3, zero, 12
core   0: 3 0x80002d7a (0x00c05993) x19 0x00000000
core   0: 0x80002d7e (0x2241fc13) andi    s8, gp, 548
core   0: 3 0x80002d7e (0x2241fc13) x24 0x00000220
core   0: 0x80002d82 (0x01335d33) srl     s10, t1, s3
core   0: 3 0x80002d82 (0x01335d33) x26 0x0001d000
core   0: 0x80002d86 (0x00008f4e) c.mv    t5, s3
core   0: 3 0x80002d86 (0x8f4e) x30 0x00000000
core   0: 0x80002d88 (0x00009b7d) c.andi  a4, -1
core   0: 3 0x80002d88 (0x9b7d) x14 0x0000c000
core   0: 0x80002d8a (0xedc3a917) auipc   s2, 0xedc3a
core   0: 3 0x80002d8a (0xedc3a917) x18 0x6dc3cd8a
core   0: 0x80002d8e (0x01264d63) blt     a2, s2, pc + 26
core   0: 3 0x80002d8e (0x01264d63)
core   0: 0x80002da8 (0x00001718) c.addi4spn a4, sp, 928
core   0: 3 0x80002da8 (0x1718) x14 0x000003a1
core   0: 0x80002daa (0x00000001) c.nop
core   0: 3 0x80002daa (0x0001)
core   0: 0x80002dac (0x034be663) bltu    s7, s4, pc + 44
core   0: 3 0x80002dac (0x034be663)
core   0: 0x80002dd8 (0x0000e00d) c.bnez  s0, pc + 34
core   0: 3 0x80002dd8 (0xe00d)
core   0: 0x80002dda (0x01ce1433) sll     s0, t3, t3
core   0: 3 0x80002dda (0x01ce1433) x 8 0x80000000
core   0: 0x80002dde (0x000055fd) c.li    a1, -1
core   0: 3 0x80002dde (0x55fd) x11 0xffffffff
core   0: 0x80002de0 (0x02f132b3) mulhu   t0, sp, a5
core   0: 3 0x80002de0 (0x02f132b3) x 5 0x00000000
core   0: 0x80002de4 (0x41b75393) srai    t2, a4, 27
core   0: 3 0x80002de4 (0x41b75393) x 7 0x00000000
core   0: 0x80002de8 (0xb11e8413) addi    s0, t4, -1263
core   0: 3 0x80002de8 (0xb11e8413) x 8 0xfffffb08
core   0: 0x80002dec (0x02975cb3) divu    s9, a4, s1
core   0: 3 0x80002dec (0x02975cb3) x25 0x00000000
core   0: 0x80002df0 (0x03665cb3) divu    s9, a2, s6
core   0: 3 0x80002df0 (0x03665cb3) x25 0x00000000
core   0: 0x80002df4 (0x000095b2) c.add   a1, a2
core   0: 3 0x80002df4 (0x95b2) x11 0xffffffff
core   0: 0x80002df6 (0x40618fb3) sub     t6, gp, t1
core   0: 3 0x80002df6 (0x40618fb3) x31 0xbfff3f32
core   0: 0x80002dfa (0x00008dc5) c.or    a1, s1
core   0: 3 0x80002dfa (0x8dc5) x11 0xffffffff
core   0: 0x80002dfc (0x00476e63) bltu    a4, tp, pc + 28
core   0: 3 0x80002dfc (0x00476e63)
core   0: 0x80002e18 (0x2f3c4a93) xori    s5, s8, 755
core   0: 3 0x80002e18 (0x2f3c4a93) x21 0x000000d3
core   0: 0x80002e1c (0x01eb0c33) add     s8, s6, t5
core   0: 3 0x80002e1c (0x01eb0c33) x24 0xc2f8106f
core   0: 0x80002e20 (0x0372a033) mulhsu  zero, t0, s7
core   0: 3 0x80002e20 (0x0372a033)
core   0: 0x80002e24 (0x0129fe33) and     t3, s3, s2
core   0: 3 0x80002e24 (0x0129fe33) x28 0x00000000
core   0: 0x80002e28 (0x026d43b3) div     t2, s10, t1
core   0: 3 0x80002e28 (0x026d43b3) x 7 0x00000001
core   0: 0x80002e2c (0x00008c0d) c.sub   s0, a1
core   0: 3 0x80002e2c (0x8c0d) x 8 0xfffffb09
core   0: 0x80002e2e (0x01e8ea63) bltu    a7, t5, pc + 20
core   0: 3 0x80002e2e (0x01e8ea63)
core   0: 0x80002e32 (0x015f3f33) sltu    t5, t5, s5
core   0: 3 0x80002e32 (0x015f3f33) x30 0x00000001
core   0: 0x80002e36 (0x403d5393) srai    t2, s10, 3
core   0: 3 0x80002e36 (0x403d5393) x 7 0x00003a00
core   0: 0x80002e3a (0x41348e33) sub     t3, s1, s3
core   0: 3 0x80002e3a (0x41348e33) x28 0x80025ce4
core   0: 0x80002e3e (0xfcc2e393) ori     t2, t0, -52
core   0: 3 0x80002e3e (0xfcc2e393) x 7 0xffffffcc
core   0: 0x80002e42 (0x01db3f33) sltu    t5, s6, t4
core   0: 3 0x80002e42 (0x01db3f33) x30 0x00000001
core   0: 0x80002e46 (0x0000187d) c.addi  a6, -1
core   0: 3 0x80002e46 (0x187d) x16 0x0000bfff
core   0: 0x80002e48 (0x0000100f) fence.i
core   0: 3 0x80002e48 (0x0000100f)
core   0: 0x80002e4c (0x0000717d) c.addi16sp sp, -16
core   0: 3 0x80002e4c (0x717d) x 2 0xfffffff1
core   0: 0x80002e4e (0x013230b3) sltu    ra, tp, s3
core   0: 3 0x80002e4e (0x013230b3) x 1 0x00000000
core   0: 0x80002e52 (0x0000ceb9) c.beqz  a3, pc + 94
core   0: 3 0x80002e52 (0xceb9)
core   0: 0x80002e54 (0x00b2f2b3) and     t0, t0, a1
core   0: 3 0x80002e54 (0x00b2f2b3) x 5 0x00000000
core   0: 0x80002e58 (0x00725533) srl     a0, tp, t2
core   0: 3 0x80002e58 (0x00725533) x10 0x000f020d
core   0: 0x80002e5c (0x01f31c13) slli    s8, t1, 31
core   0: 3 0x80002e5c (0x01f31c13) x24 0x00000000
core   0: 0x80002e60 (0x02f4fc63) bgeu    s1, a5, pc + 56
core   0: 3 0x80002e60 (0x02f4fc63)
core   0: 0x80002e98 (0x039a01b3) mul     gp, s4, s9
core   0: 3 0x80002e98 (0x039a01b3) x 3 0x00000000
core   0: 0x80002e9c (0x0000e709) c.bnez  a4, pc + 10
core   0: 3 0x80002e9c (0xe709)
core   0: 0x80002ea6 (0x03ffe0b3) rem     ra, t6, t6
core   0: 3 0x80002ea6 (0x03ffe0b3) x 1 0x00000000
core   0: 0x80002eaa (0x00008c29) c.xor   s0, a0
core   0: 3 0x80002eaa (0x8c29) x 8 0xfff0f904
core   0: 0x80002eac (0x00008a81) c.andi  a3, 0
core   0: 3 0x80002eac (0x8a81) x13 0x00000000
core   0: 0x80002eae (0x0000609d) c.lui   ra, 0x7
core   0: 3 0x80002eae (0x609d) x 1 0x00007000
core   0: 0x80002eb0 (0x0000140c) c.addi4spn a1, sp, 544
core   0: 3 0x80002eb0 (0x140c) x11 0x00000211
core   0: 0x80002eb2 (0x0000100f) fence.i
core   0: 3 0x80002eb2 (0x0000100f)
core   0: 0x80002eb6 (0x02f885b3) mul     a1, a7, a5
core   0: 3 0x80002eb6 (0x02f885b3) x11 0x00000000
core   0: 0x80002eba (0x00000001) c.nop
core   0: 3 0x80002eba (0x0001)
core   0: 0x80002ebc (0x03fcceb3) div     t4, s9, t6
core   0: 3 0x80002ebc (0x03fcceb3) x29 0x00000000
core   0: 0x80002ec0 (0x02d26433) rem     s0, tp, a3
core   0: 3 0x80002ec0 (0x02d26433) x 8 0xf020de00
core   0: 0x80002ec4 (0x00008da6) c.mv    s11, s1
core   0: 3 0x80002ec4 (0x8da6) x27 0x80025ce4
core   0: 0x80002ec6 (0x00004565) c.li    a0, 25
core   0: 3 0x80002ec6 (0x4565) x10 0x00000019
core   0: 0x80002ec8 (0x00006249) c.lui   tp, 0x12
core   0: 3 0x80002ec8 (0x6249) x 4 0x00012000
core   0: 0x80002eca (0xdb72b013) sltiu   zero, t0, -585
core   0: 3 0x80002eca (0xdb72b013)
core   0: 0x80002ece (0x41055833) sra     a6, a0, a6
core   0: 3 0x80002ece (0x41055833) x16 0x00000000
core   0: 0x80002ed2 (0x0023a633) slt     a2, t2, sp
core   0: 3 0x80002ed2 (0x0023a633) x12 0x00000001
core   0: 0x80002ed6 (0x8da24437) lui     s0, 0x8da24
core   0: 3 0x80002ed6 (0x8da24437) x 8 0x8da24000
core   0: 0x80002eda (0x00000001) c.nop
core   0: 3 0x80002eda (0x0001)
core   0: 0x80002edc (0x02a489b3) mul     s3, s1, a0
core   0: 3 0x80002edc (0x02a489b3) x19 0x803b1244
core   0: 0x80002ee0 (0x00000001) c.nop
core   0: 3 0x80002ee0 (0x0001)
core   0: 0x80002ee2 (0x00000001) c.nop
core   0: 3 0x80002ee2 (0x0001)
core   0: 0x80002ee4 (0x03511763) bne     sp, s5, pc + 46
core   0: 3 0x80002ee4 (0x03511763)
core   0: 0x80002f12 (0x01e1b3b3) sltu    t2, gp, t5
core   0: 3 0x80002f12 (0x01e1b3b3) x 7 0x00000001
core   0: 0x80002f16 (0x029f4f33) div     t5, t5, s1
core   0: 3 0x80002f16 (0x029f4f33) x30 0x00000000
core   0: 0x80002f1a (0x00605d33) srl     s10, zero, t1
core   0: 3 0x80002f1a (0x00605d33) x26 0x00000000
core   0: 0x80002f1e (0x00008706) c.mv    a4, ra
core   0: 3 0x80002f1e (0x8706) x14 0x00007000
core   0: 0x80002f20 (0x0000c619) c.beqz  a2, pc + 14
core   0: 3 0x80002f20 (0xc619)
core   0: 0x80002f22 (0x01214a63) blt     sp, s2, pc + 20
core   0: 3 0x80002f22 (0x01214a63)
core   0: 0x80002f36 (0xf0052013) slti    zero, a0, -256
core   0: 3 0x80002f36 (0xf0052013)
core   0: 0x80002f3a (0x03b5d8b3) divu    a7, a1, s11
core   0: 3 0x80002f3a (0x03b5d8b3) x17 0x00000000
core   0: 0x80002f3e (0x03805663) bge     zero, s8, pc + 44
core   0: 3 0x80002f3e (0x03805663)
core   0: 0x80002f6a (0x0000991e) c.add   s2, t2
core   0: 3 0x80002f6a (0x991e) x18 0x6dc3cd8b
core   0: 0x80002f6c (0x019d4763) blt     s10, s9, pc + 14
core   0: 3 0x80002f6c (0x019d4763)
core   0: 0x80002f70 (0x02e70c63) beq     a4, a4, pc + 56
core   0: 3 0x80002f70 (0x02e70c63)
core   0: 0x80002fa8 (0x00009f06) c.add   t5, ra
core   0: 3 0x80002fa8 (0x9f06) x30 0x00007000
core   0: 0x80002faa (0x01cf9e33) sll     t3, t6, t3
core   0: 3 0x80002faa (0x01cf9e33) x28 0xfff3f320
core   0: 0x80002fae (0x00001a7d) c.addi  s4, -1
core   0: 3 0x80002fae (0x1a7d) x20 0xf8d0219c
core   0: 0x80002fb0 (0x0000023e) c.slli  tp, 15
core   0: 3 0x80002fb0 (0x023e) x 4 0x90000000
core   0: 0x80002fb2 (0x03d97b63) bgeu    s2, t4, pc + 54
core   0: 3 0x80002fb2 (0x03d97b63)
core   0: 0x80002fe8 (0x00311d93) slli    s11, sp, 3
core   0: 3 0x80002fe8 (0x00311d93) x27 0xffffff88
core   0: 0x80002fec (0x0ff0000f) fence   iorw,iorw
core   0: 3 0x80002fec (0x0ff0000f)
core   0: 0x80002ff0 (0x41b40433) sub     s0, s0, s11
core   0: 3 0x80002ff0 (0x41b40433) x 8 0x8da24078
core   0: 0x80002ff4 (0x00008545) c.srai  a0, 17
core   0: 3 0x80002ff4 (0x8545) x10 0x00000000
core   0: 0x80002ff6 (0x02af33b3) mulhu   t2, t5, a0
core   0: 3 0x80002ff6 (0x02af33b3) x 7 0x00000000
core   0: 0x80002ffa (0x03b7d733) divu    a4, a5, s11
core   0: 3 0x80002ffa (0x03b7d733) x14 0x00000000
core   0: 0x80002ffe (0x01439663) bne     t2, s4, pc + 12
core   0: 3 0x80002ffe (0x01439663)
core   0: 0x8000300a (0x00000001) c.nop
core   0: 3 0x8000300a (0x0001)
core   0: 0x8000300c (0x0000e1b9) c.bnez  a1, pc + 70
core   0: 3 0x8000300c (0xe1b9)
core   0: 0x8000300e (0x02020d33) mul     s10, tp, zero
core   0: 3 0x8000300e (0x02020d33) x26 0x00000000
core   0: 0x80003012 (0x02097133) remu    sp, s2, zero
core   0: 3 0x80003012 (0x02097133) x 2 0x6dc3cd8b
core   0: 0x80003016 (0x00000001) c.nop
core   0: 3 0x80003016 (0x0001)
core   0: 0x80003018 (0x00005d7d) c.li    s10, -1
core   0: 3 0x80003018 (0x5d7d) x26 0xffffffff
core   0: 0x8000301a (0x045c8263) beq     s9, t0, pc + 68
core   0: 3 0x8000301a (0x045c8263)
core   0: 0x8000305e (0x00009cd6) c.add   s9, s5
core   0: 3 0x8000305e (0x9cd6) x25 0x000000d3
core   0: 0x80003060 (0x00006195) c.lui   gp, 0x5
core   0: 3 0x80003060 (0x6195) x 3 0x00005000
core   0: 0x80003062 (0x00008e89) c.sub   a3, a0
core   0: 3 0x80003062 (0x8e89) x13 0x00000000
core   0: 0x80003064 (0x039780b3) mul     ra, a5, s9
core   0: 3 0x80003064 (0x039780b3) x 1 0x80000000
core   0: 0x80003068 (0x00bfa6b3) slt     a3, t6, a1
core   0: 3 0x80003068 (0x00bfa6b3) x13 0x00000001
core   0: 0x8000306c (0x0000cc05) c.beqz  s0, pc + 56
core   0: 3 0x8000306c (0xcc05)
core   0: 0x8000306e (0x011dbeb3) sltu    t4, s11, a7
core   0: 3 0x8000306e (0x011dbeb3) x29 0x00000000
core   0: 0x80003072 (0x00021863) bnez    tp, pc + 16
core   0: 3 0x80003072 (0x00021863)
core   0: 0x80003082 (0x00fbe633) or      a2, s7, a5
core   0: 3 0x80003082 (0x00fbe633) x12 0x80021e64
core   0: 0x80003086 (0x037f9633) mulh    a2, t6, s7
core   0: 3 0x80003086 (0x037f9633) x12 0x1fffd8cc
core   0: 0x8000308a (0x03776c33) rem     s8, a4, s7
core   0: 3 0x8000308a (0x03776c33) x24 0x00000000
core   0: 0x8000308e (0x41395f33) sra     t5, s2, s3
core   0: 3 0x8000308e (0x41395f33) x30 0x06dc3cd8
core   0: 0x80003092 (0x40c589b3) sub     s3, a1, a2
core   0: 3 0x80003092 (0x40c589b3) x19 0xe0002734
core   0: 0x80003096 (0x0000717d) c.addi16sp sp, -16
core   0: 3 0x80003096 (0x717d) x 2 0x6dc3cd7b
core   0: 0x80003098 (0x00000b90) c.addi4spn a2, sp, 464
core   0: 3 0x80003098 (0x0b90) x12 0x6dc3cf4b
core   0: 0x8000309a (0x03ca4163) blt     s4, t3, pc + 34
core   0: 3 0x8000309a (0x03ca4163)
core   0: 0x800030bc (0x00008229) c.srli  a2, 10
core   0: 3 0x800030bc (0x8229) x12 0x001b70f3
core   0: 0x800030be (0x00008d15) c.sub   a0, a3
core   0: 3 0x800030be (0x8d15) x10 0xffffffff
core   0: 0x800030c0 (0x03121763) bne     tp, a7, pc + 46
core   0: 3 0x800030c0 (0x03121763)
core   0: 0x800030ee (0x00008342) c.mv    t1, a6
core   0: 3 0x800030ee (0x8342) x 6 0x00000000
core   0: 0x800030f0 (0x026f63b3) rem     t2, t5, t1
core   0: 3 0x800030f0 (0x026f63b3) x 7 0x06dc3cd8
core   0: 0x800030f4 (0x00006aa5) c.lui   s5, 0x9
core   0: 3 0x800030f4 (0x6aa5) x21 0x00009000
core   0: 0x800030f6 (0x02227933) remu    s2, tp, sp
core   0: 3 0x800030f6 (0x02227933) x18 0x223c3285
core   0: 0x800030fa (0x004d9963) bne     s11, tp, pc + 18
core   0: 3 0x800030fa (0x004d9963)
core   0: 0x8000310c (0x012c5593) srli    a1, s8, 18
core   0: 3 0x8000310c (0x012c5593) x11 0x00000000
core   0: 0x80003110 (0x41850433) sub     s0, a0, s8
core   0: 3 0x80003110 (0x41850433) x 8 0xffffffff
core   0: 0x80003114 (0x00366a33) or      s4, a2, gp
core   0: 3 0x80003114 (0x00366a33) x20 0x001b70f3
core   0: 0x80003118 (0x0317b9b3) mulhu   s3, a5, a7
core   0: 3 0x80003118 (0x0317b9b3) x19 0x00000000
core   0: 0x8000311c (0x01445533) srl     a0, s0, s4
core   0: 3 0x8000311c (0x01445533) x10 0x00001fff
core   0: 0x80003120 (0x40c9d9b3) sra     s3, s3, a2
core   0: 3 0x80003120 (0x40c9d9b3) x19 0x00000000
core   0: 0x80003124 (0xf099a113) slti    sp, s3, -247
core   0: 3 0x80003124 (0xf099a113) x 2 0x00000000
core   0: 0x80003128 (0x00000001) c.nop
core   0: 3 0x80003128 (0x0001)
core   0: 0x8000312a (0x01fe76b3) and     a3, t3, t6
core   0: 3 0x8000312a (0x01fe76b3) x13 0xbff33320
core   0: 0x8000312e (0x0000855d) c.srai  a0, 23
core   0: 3 0x8000312e (0x855d) x10 0x00000000
core   0: 0x80003130 (0x02f89263) bne     a7, a5, pc + 36
core   0: 3 0x80003130 (0x02f89263)
core   0: 0x80003154 (0x03684433) div     s0, a6, s6
core   0: 3 0x80003154 (0x03684433) x 8 0x00000000
core   0: 0x80003158 (0x02e41ab3) mulh    s5, s0, a4
core   0: 3 0x80003158 (0x02e41ab3) x21 0x00000000
core   0: 0x8000315c (0x03b86933) rem     s2, a6, s11
core   0: 3 0x8000315c (0x03b86933) x18 0x00000000
core   0: 0x80003160 (0x0000c189) c.beqz  a1, pc + 2
core   0: 3 0x80003160 (0xc189)
core   0: 0x80003162 (0x7e09bf13) sltiu   t5, s3, 2016
core   0: 3 0x80003162 (0x7e09bf13) x30 0x00000001
core   0: 0x80003166 (0x00000001) c.nop
core   0: 3 0x80003166 (0x0001)
core   0: 0x80003168 (0x0000086e) c.slli  a6, 27
core   0: 3 0x80003168 (0x086e) x16 0x00000000
core   0: 0x8000316a (0xcbaebe37) lui     t3, 0xcbaeb
core   0: 3 0x8000316a (0xcbaebe37) x28 0xcbaeb000
core   0: 0x8000316e (0x0000100f) fence.i
core   0: 3 0x8000316e (0x0000100f)
core   0: 0x80003172 (0x72207393) andi    t2, zero, 1826
core   0: 3 0x80003172 (0x72207393) x 7 0x00000000
core   0: 0x80003176 (0x009f6763) bltu    t5, s1, pc + 14
core   0: 3 0x80003176 (0x009f6763)
core   0: 0x80003184 (0x0000050a) c.slli  a0, 2
core   0: 3 0x80003184 (0x050a) x10 0x00000000
core   0: 0x80003186 (0x00008e3d) c.xor   a2, a5
core   0: 3 0x80003186 (0x8e3d) x12 0x801b70f3
core   0: 0x80003188 (0x029a7463) bgeu    s4, s1, pc + 40
core   0: 3 0x80003188 (0x029a7463)
core   0: 0x8000318c (0x00009afd) c.andi  a3, -1
core   0: 3 0x8000318c (0x9afd) x13 0xbff33320
core   0: 0x8000318e (0x40fe5a33) sra     s4, t3, a5
core   0: 3 0x8000318e (0x40fe5a33) x20 0xcbaeb000
core   0: 0x80003192 (0x0c1f4693) xori    a3, t5, 193
core   0: 3 0x80003192 (0x0c1f4693) x13 0x000000c0
core   0: 0x80003196 (0x000091fa) c.add   gp, t5
core   0: 3 0x80003196 (0x91fa) x 3 0x00005001
core   0: 0x80003198 (0x013ec733) xor     a4, t4, s3
core   0: 3 0x80003198 (0x013ec733) x14 0x00000000
core   0: 0x8000319c (0x00008a72) c.mv    s4, t3
core   0: 3 0x8000319c (0x8a72) x20 0xcbaeb000
core   0: 0x8000319e (0x00004851) c.li    a6, 20
core   0: 3 0x8000319e (0x4851) x16 0x00000014
core   0: 0x800031a0 (0x000062f5) c.lui   t0, 0x1d
core   0: 3 0x800031a0 (0x62f5) x 5 0x0001d000
core   0: 0x800031a2 (0x00000001) c.nop
core   0: 3 0x800031a2 (0x0001)
core   0: 0x800031a4 (0x00511713) slli    a4, sp, 5
core   0: 3 0x800031a4 (0x00511713) x14 0x00000000
core   0: 0x800031a8 (0x00000001) c.nop
core   0: 3 0x800031a8 (0x0001)
core   0: 0x800031aa (0x0000615d) c.addi16sp sp, 432
core   0: 3 0x800031aa (0x615d) x 2 0x000001b0
core   0: 0x800031ac (0x01c8ce33) xor     t3, a7, t3
core   0: 3 0x800031ac (0x01c8ce33) x28 0xcbaeb000
core   0: 0x800031b0 (0x560e6313) ori     t1, t3, 1376
core   0: 3 0x800031b0 (0x560e6313) x 6 0xcbaeb560
core   0: 0x800031b4 (0x40ecd733) sra     a4, s9, a4
core   0: 3 0x800031b4 (0x40ecd733) x14 0x000000d3
core   0: 0x800031b8 (0x40df59b3) sra     s3, t5, a3
core   0: 3 0x800031b8 (0x40df59b3) x19 0x00000001
core   0: 0x800031bc (0x00008d31) c.xor   a0, a2
core   0: 3 0x800031bc (0x8d31) x10 0x801b70f3
core   0: 0x800031be (0xfd245317) auipc   t1, 0xfd245
core   0: 3 0x800031be (0xfd245317) x 6 0x7d2481be
core   0: 0x800031c2 (0x40285a13) srai    s4, a6, 2
core   0: 3 0x800031c2 (0x40285a13) x20 0x00000005
core   0: 0x800031c6 (0x02a90a63) beq     s2, a0, pc + 52
core   0: 3 0x800031c6 (0x02a90a63)
core   0: 0x800031ca (0x00008825) c.andi  s0, 9
core   0: 3 0x800031ca (0x8825) x 8 0x00000000
core   0: 0x800031cc (0x01d46f33) or      t5, s0, t4
core   0: 3 0x800031cc (0x01d46f33) x30 0x00000000
core   0: 0x800031d0 (0x03434033) div     zero, t1, s4
core   0: 3 0x800031d0 (0x03434033)
core   0: 0x800031d4 (0xf28f3693) sltiu   a3, t5, -216
core   0: 3 0x800031d4 (0xf28f3693) x13 0x00000001
core   0: 0x800031d8 (0x0000100f) fence.i
core   0: 3 0x800031d8 (0x0000100f)
core   0: 0x800031dc (0x000085d6) c.mv    a1, s5
core   0: 3 0x800031dc (0x85d6) x11 0x00000000
core   0: 0x800031de (0x41e28e33) sub     t3, t0, t5
core   0: 3 0x800031de (0x41e28e33) x28 0x0001d000
core   0: 0x800031e2 (0x403e0533) sub     a0, t3, gp
core   0: 3 0x800031e2 (0x403e0533) x10 0x00017fff
core   0: 0x800031e6 (0x0131df13) srli    t5, gp, 19
core   0: 3 0x800031e6 (0x0131df13) x30 0x00000000
core   0: 0x800031ea (0x00008df9) c.and   a1, a4
core   0: 3 0x800031ea (0x8df9) x11 0x00000000
core   0: 0x800031ec (0x014f43b3) xor     t2, t5, s4
core   0: 3 0x800031ec (0x014f43b3) x 7 0x00000005
core   0: 0x800031f0 (0x01f79193) slli    gp, a5, 31
core   0: 3 0x800031f0 (0x01f79193) x 3 0x00000000
core   0: 0x800031f4 (0x00008df1) c.and   a1, a2
core   0: 3 0x800031f4 (0x8df1) x11 0x00000000
core   0: 0x800031f6 (0xe56f4937) lui     s2, 0xe56f4
core   0: 3 0x800031f6 (0xe56f4937) x18 0xe56f4000
core   0: 0x800031fa (0x0000597d) c.li    s2, -1
core   0: 3 0x800031fa (0x597d) x18 0xffffffff
core   0: 0x800031fc (0x0000e01d) c.bnez  s0, pc + 38
core   0: 3 0x800031fc (0xe01d)
core   0: 0x800031fe (0x01963e33) sltu    t3, a2, s9
core   0: 3 0x800031fe (0x01963e33) x28 0x00000000
core   0: 0x80003202 (0x033501b3) mul     gp, a0, s3
core   0: 3 0x80003202 (0x033501b3) x 3 0x00017fff
core   0: 0x80003206 (0x00006171) c.addi16sp sp, 336
core   0: 3 0x80003206 (0x6171) x 2 0x00000300
core   0: 0x80003208 (0xe4092397) auipc   t2, 0xe4092
core   0: 3 0x80003208 (0xe4092397) x 7 0x64095208
core   0: 0x8000320c (0x00520c63) beq     tp, t0, pc + 24
core   0: 3 0x8000320c (0x00520c63)
core   0: 0x80003210 (0x00009c9a) c.add   s9, t1
core   0: 3 0x80003210 (0x9c9a) x25 0x7d248291
core   0: 0x80003212 (0xa578e213) ori     tp, a7, -1449
core   0: 3 0x80003212 (0xa578e213) x 4 0xfffffa57
core   0: 0x80003216 (0x02402233) mulhsu  tp, zero, tp
core   0: 3 0x80003216 (0x02402233) x 4 0x00000000
core   0: 0x8000321a (0x000085c1) c.srai  a1, 16
core   0: 3 0x8000321a (0x85c1) x11 0x00000000
core   0: 0x8000321c (0x01daceb3) xor     t4, s5, t4
core   0: 3 0x8000321c (0x01daceb3) x29 0x00000000
core   0: 0x80003220 (0x000066f1) c.lui   a3, 0x1c
core   0: 3 0x80003220 (0x66f1) x13 0x0001c000
core   0: 0x80003222 (0x00008d89) c.sub   a1, a0
core   0: 3 0x80003222 (0x8d89) x11 0xfffe8001
core   0: 0x80003224 (0x02576233) rem     tp, a4, t0
core   0: 3 0x80003224 (0x02576233) x 4 0x000000d3
core   0: 0x80003228 (0x00555813) srli    a6, a0, 5
core   0: 3 0x80003228 (0x00555813) x16 0x00000bff
core   0: 0x8000322c (0x0000717d) c.addi16sp sp, -16
core   0: 3 0x8000322c (0x717d) x 2 0x000002f0
core   0: 0x8000322e (0x00009f1e) c.add   t5, t2
core   0: 3 0x8000322e (0x9f1e) x30 0x64095208
core   0: 0x80003230 (0x0077d713) srli    a4, a5, 7
core   0: 3 0x80003230 (0x0077d713) x14 0x01000000
core   0: 0x80003234 (0x24d43993) sltiu   s3, s0, 589
core   0: 3 0x80003234 (0x24d43993) x19 0x00000001
core   0: 0x80003238 (0x01278ab3) add     s5, a5, s2
core   0: 3 0x80003238 (0x01278ab3) x21 0x7fffffff
core   0: 0x8000323c (0x00000001) c.nop
core   0: 3 0x8000323c (0x0001)
core   0: 0x8000323e (0x00000001) c.nop
core   0: 3 0x8000323e (0x0001)
core   0: 0x80003240 (0x01c1bb33) sltu    s6, gp, t3
core   0: 3 0x80003240 (0x01c1bb33) x22 0x00000000
core   0: 0x80003244 (0x40465f33) sra     t5, a2, tp
core   0: 3 0x80003244 (0x40465f33) x30 0xfffff003
core   0: 0x80003248 (0x01049c13) slli    s8, s1, 16
core   0: 3 0x80003248 (0x01049c13) x24 0x5ce40000
core   0: 0x8000324c (0x0093c263) blt     t2, s1, pc + 4
core   0: 3 0x8000324c (0x0093c263)
core   0: 0x80003250 (0x00f4c833) xor     a6, s1, a5
core   0: 3 0x80003250 (0x00f4c833) x16 0x00025ce4
core   0: 0x80003254 (0x00006119) c.addi16sp sp, 384
core   0: 3 0x80003254 (0x6119) x 2 0x00000470
core   0: 0x80003256 (0x0000987d) c.andi  s0, -1
core   0: 3 0x80003256 (0x987d) x 8 0x00000000
core   0: 0x80003258 (0x00006239) c.lui   tp, 0xe
core   0: 3 0x80003258 (0x6239) x 4 0x0000e000
core   0: 0x8000325a (0x00008966) c.mv    s2, s9
core   0: 3 0x8000325a (0x8966) x18 0x7d248291
core   0: 0x8000325c (0x0032b0b3) sltu    ra, t0, gp
core   0: 3 0x8000325c (0x0032b0b3) x 1 0x00000000
core   0: 0x80003260 (0x03c980b3) mul     ra, s3, t3
core   0: 3 0x80003260 (0x03c980b3) x 1 0x00000000
core   0: 0x80003264 (0x0000c801) c.beqz  s0, pc + 16
core   0: 3 0x80003264 (0xc801)
core   0: 0x80003274 (0x0000c2b9) c.beqz  a3, pc + 70
core   0: 3 0x80003274 (0xc2b9)
core   0: 0x80003276 (0x05d50063) beq     a0, t4, pc + 64
core   0: 3 0x80003276 (0x05d50063)
core   0: 0x8000327a (0xf0eeb013) sltiu   zero, t4, -242
core   0: 3 0x8000327a (0xf0eeb013)
core   0: 0x8000327e (0x0285f863) bgeu    a1, s0, pc + 48
core   0: 3 0x8000327e (0x0285f863)
core   0: 0x800032ae (0x01ac1a93) slli    s5, s8, 26
core   0: 3 0x800032ae (0x01ac1a93) x21 0x00000000
core   0: 0x800032b2 (0x028f9963) bne     t6, s0, pc + 50
core   0: 3 0x800032b2 (0x028f9963)
core   0: 0x800032e4 (0x036756b3) divu    a3, a4, s6
core   0: 3 0x800032e4 (0x036756b3) x13 0xffffffff
core   0: 0x800032e8 (0x00760733) add     a4, a2, t2
core   0: 3 0x800032e8 (0x00760733) x14 0xe424c2fb
core   0: 0x800032ec (0x00001f7d) c.addi  t5, -1
core   0: 3 0x800032ec (0x1f7d) x30 0xfffff002
core   0: 0x800032ee (0x004caab3) slt     s5, s9, tp
core   0: 3 0x800032ee (0x004caab3) x21 0x00000000
core   0: 0x800032f2 (0x022e8963) beq     t4, sp, pc + 50
core   0: 3 0x800032f2 (0x022e8963)
core   0: 0x800032f6 (0x038de0b3) rem     ra, s11, s8
core   0: 3 0x800032f6 (0x038de0b3) x 1 0xffffff88
core   0: 0x800032fa (0x408a5833) sra     a6, s4, s0
core   0: 3 0x800032fa (0x408a5833) x16 0x00000005
core   0: 0x800032fe (0x0ff0000f) fence   iorw,iorw
core   0: 3 0x800032fe (0x0ff0000f)
core   0: 0x80003302 (0x00b41913) slli    s2, s0, 11
core   0: 3 0x80003302 (0x00b41913) x18 0x00000000
core   0: 0x80003306 (0x00008ee9) c.and   a3, a0
core   0: 3 0x80003306 (0x8ee9) x13 0x00017fff
core   0: 0x80003308 (0x0056d633) srl     a2, a3, t0
core   0: 3 0x80003308 (0x0056d633) x12 0x00017fff
core   0: 0x8000330c (0xc8ee8613) addi    a2, t4, -882
core   0: 3 0x8000330c (0xc8ee8613) x12 0xfffffc8e
core   0: 0x80003310 (0x01e7c733) xor     a4, a5, t5
core   0: 3 0x80003310 (0x01e7c733) x14 0x7ffff002
core   0: 0x80003314 (0x00000001) c.nop
core   0: 3 0x80003314 (0x0001)
core   0: 0x80003316 (0xf9c48193) addi    gp, s1, -100
core   0: 3 0x80003316 (0xf9c48193) x 3 0x80025c80
core   0: 0x8000331a (0x0328da63) bge     a7, s2, pc + 52
core   0: 3 0x8000331a (0x0328da63)
core   0: 0x8000334e (0x00001914) c.addi4spn a3, sp, 176
core   0: 3 0x8000334e (0x1914) x13 0x00000520
core   0: 0x80003350 (0x00008f75) c.and   a4, a3
core   0: 3 0x80003350 (0x8f75) x14 0x00000000
core   0: 0x80003352 (0x0ff0000f) fence   iorw,iorw
core   0: 3 0x80003352 (0x0ff0000f)
core   0: 0x80003356 (0x03666063) bltu    a2, s6, pc + 32
core   0: 3 0x80003356 (0x03666063)
core   0: 0x8000335a (0x0052e233) or      tp, t0, t0
core   0: 3 0x8000335a (0x0052e233) x 4 0x0001d000
core   0: 0x8000335e (0x00006431) c.lui   s0, 0xc
core   0: 3 0x8000335e (0x6431) x 8 0x0000c000
core   0: 0x80003360 (0x00f4b6b3) sltu    a3, s1, a5
core   0: 3 0x80003360 (0x00f4b6b3) x13 0x00000000
core   0: 0x80003364 (0x01d7dab3) srl     s5, a5, t4
core   0: 3 0x80003364 (0x01d7dab3) x21 0x80000000
core   0: 0x80003368 (0x00008566) c.mv    a0, s9
core   0: 3 0x80003368 (0x8566) x10 0x7d248291
core   0: 0x8000336a (0x00006171) c.addi16sp sp, 336
core   0: 3 0x8000336a (0x6171) x 2 0x000005c0
core   0: 0x8000336c (0x03bf9033) mulh    zero, t6, s11
core   0: 3 0x8000336c (0x03bf9033)
core   0: 0x80003370 (0x0ff0000f) fence   iorw,iorw
core   0: 3 0x80003370 (0x0ff0000f)
core   0: 0x80003374 (0x00008d89) c.sub   a1, a0
core   0: 3 0x80003374 (0x8d89) x11 0x82d9fd70
core   0: 0x80003376 (0x00006b15) c.lui   s6, 0x5
core   0: 3 0x80003376 (0x6b15) x22 0x00005000
core   0: 0x80003378 (0x03afe9b3) rem     s3, t6, s10
core   0: 3 0x80003378 (0x03afe9b3) x19 0x00000000
core   0: 0x8000337c (0x02ecbf33) mulhu   t5, s9, a4
core   0: 3 0x8000337c (0x02ecbf33) x30 0x00000000
core   0: 0x80003380 (0x01807d63) bgeu    zero, s8, pc + 26
core   0: 3 0x80003380 (0x01807d63)
core   0: 0x80003384 (0x000081f9) c.srli  a1, 30
core   0: 3 0x80003384 (0x81f9) x11 0x00000002
core   0: 0x80003386 (0x0174e433) or      s0, s1, s7
core   0: 3 0x80003386 (0x0174e433) x 8 0x80025ee4
core   0: 0x8000338a (0x4161d593) srai    a1, gp, 22
core   0: 3 0x8000338a (0x4161d593) x11 0xfffffe00
core   0: 0x8000338e (0x0000ee85) c.bnez  a3, pc + 56
core   0: 3 0x8000338e (0xee85)
core   0: 0x80003390 (0x40cad3b3) sra     t2, s5, a2
core   0: 3 0x80003390 (0x40cad3b3) x 7 0xfffe0000
core   0: 0x80003394 (0x02a16433) rem     s0, sp, a0
core   0: 3 0x80003394 (0x02a16433) x 8 0x000005c0
core   0: 0x80003398 (0x0000127d) c.addi  tp, -1
core   0: 3 0x80003398 (0x127d) x 4 0x0001cfff
core   0: 0x8000339a (0x00008d7d) c.and   a0, a5
core   0: 3 0x8000339a (0x8d7d) x10 0x00000000
core   0: 0x8000339c (0x00008f51) c.or    a4, a2
core   0: 3 0x8000339c (0x8f51) x14 0xfffffc8e
core   0: 0x8000339e (0x03aa7633) remu    a2, s4, s10
core   0: 3 0x8000339e (0x03aa7633) x12 0x00000005
core   0: 0x800033a2 (0x000085ed) c.srai  a1, 27
core   0: 3 0x800033a2 (0x85ed) x11 0xffffffff
core   0: 0x800033a4 (0x00000001) c.nop
core   0: 3 0x800033a4 (0x0001)
core   0: 0x800033a6 (0x403a8533) sub     a0, s5, gp
core   0: 3 0x800033a6 (0x403a8533) x10 0xfffda380
core   0: 0x800033aa (0x00009756) c.add   a4, s5
core   0: 3 0x800033aa (0x9756) x14 0x7ffffc8e
core   0: 0x800033ac (0x00008211) c.srli  a2, 4
core   0: 3 0x800033ac (0x8211) x12 0x00000000
core   0: 0x800033ae (0x00008d31) c.xor   a0, a2
core   0: 3 0x800033ae (0x8d31) x10 0xfffda380
core   0: 0x800033b0 (0x0373e2b3) rem     t0, t2, s7
core   0: 3 0x800033b0 (0x0373e2b3) x 5 0xfffe0000
core   0: 0x800033b4 (0x00000d86) c.slli  s11, 1
core   0: 3 0x800033b4 (0x0d86) x27 0xffffff10
core   0: 0x800033b6 (0x00bdd093) srli    ra, s11, 11
core   0: 3 0x800033b6 (0x00bdd093) x 1 0x001fffff
core   0: 0x800033ba (0x25a6fe13) andi    t3, a3, 602
core   0: 3 0x800033ba (0x25a6fe13) x28 0x00000000
core   0: 0x800033be (0x0349b6b3) mulhu   a3, s3, s4
core   0: 3 0x800033be (0x0349b6b3) x13 0x00000000
core   0: 0x800033c2 (0x02a15233) divu    tp, sp, a0
core   0: 3 0x800033c2 (0x02a15233) x 4 0x00000000
core   0: 0x800033c6 (0x00ed2b33) slt     s6, s10, a4
core   0: 3 0x800033c6 (0x00ed2b33) x22 0x00000001
core   0: 0x800033ca (0x0292d9b3) divu    s3, t0, s1
core   0: 3 0x800033ca (0x0292d9b3) x19 0x00000001
core   0: 0x800033ce (0x02a75d63) bge     a4, a0, pc + 58
core   0: 3 0x800033ce (0x02a75d63)
core   0: 0x80003408 (0x00008d59) c.or    a0, a4
core   0: 3 0x80003408 (0x8d59) x10 0xffffff8e
core   0: 0x8000340a (0x0000e981) c.bnez  a1, pc + 16
core   0: 3 0x8000340a (0xe981)
core   0: 0x8000341a (0xc227b093) sltiu   ra, a5, -990
core   0: 3 0x8000341a (0xc227b093) x 1 0x00000001
core   0: 0x8000341e (0x038dc3b3) div     t2, s11, s8
core   0: 3 0x8000341e (0x038dc3b3) x 7 0x00000000
core   0: 0x80003422 (0x012f9093) slli    ra, t6, 18
core   0: 3 0x80003422 (0x012f9093) x 1 0xfcc80000
core   0: 0x80003426 (0x00000001) c.nop
core   0: 3 0x80003426 (0x0001)
core   0: 0x80003428 (0x02ef5633) divu    a2, t5, a4
core   0: 3 0x80003428 (0x02ef5633) x12 0x00000000
core   0: 0x8000342c (0x0000e991) c.bnez  a1, pc + 20
core   0: 3 0x8000342c (0xe991)
core   0: 0x80003440 (0x405b5c93) srai    s9, s6, 5
core   0: 3 0x80003440 (0x405b5c93) x25 0x00000000
core   0: 0x80003444 (0x00009916) c.add   s2, t0
core   0: 3 0x80003444 (0x9916) x18 0xfffe0000
core   0: 0x80003446 (0x0000c689) c.beqz  a3, pc + 10
core   0: 3 0x80003446 (0xc689)
core   0: 0x80003450 (0x0166cd63) blt     a3, s6, pc + 26
core   0: 3 0x80003450 (0x0166cd63)
core   0: 0x8000346a (0x00008d69) c.and   a0, a0
core   0: 3 0x8000346a (0x8d69) x10 0xffffff8e
core   0: 0x8000346c (0x743f4c93) xori    s9, t5, 1859
core   0: 3 0x8000346c (0x743f4c93) x25 0x00000743
core   0: 0x80003470 (0x00000001) c.nop
core   0: 3 0x80003470 (0x0001)
core   0: 0x80003472 (0x005613b3) sll     t2, a2, t0
core   0: 3 0x80003472 (0x005613b3) x 7 0x00000000
core   0: 0x80003476 (0xda307393) andi    t2, zero, -605
core   0: 3 0x80003476 (0xda307393) x 7 0x00000000
core   0: 0x8000347a (0x01ea78b3) and     a7, s4, t5
core   0: 3 0x8000347a (0x01ea78b3) x17 0x00000000
core   0: 0x8000347e (0x01c27cb3) and     s9, tp, t3
core   0: 3 0x8000347e (0x01c27cb3) x25 0x00000000
core   0: 0x80003482 (0x00008ef5) c.and   a3, a3
core   0: 3 0x80003482 (0x8ef5) x13 0x00000000
core   0: 0x80003484 (0x03c91463) bne     s2, t3, pc + 40
core   0: 3 0x80003484 (0x03c91463)
core   0: 0x800034ac (0xb8453f93) sltiu   t6, a0, -1148
core   0: 3 0x800034ac (0xb8453f93) x31 0x00000000
core   0: 0x800034b0 (0x00009526) c.add   a0, s1
core   0: 3 0x800034b0 (0x9526) x10 0x80025c72
core   0: 0x800034b2 (0x00a1d1b3) srl     gp, gp, a0
core   0: 3 0x800034b2 (0x00a1d1b3) x 3 0x00002000
core   0: 0x800034b6 (0x00001e7d) c.addi  t3, -1
core   0: 3 0x800034b6 (0x1e7d) x28 0xffffffff
core   0: 0x800034b8 (0x0000846a) c.mv    s0, s10
core   0: 3 0x800034b8 (0x846a) x 8 0xffffffff
core   0: 0x800034ba (0x007cfeb3) and     t4, s9, t2
core   0: 3 0x800034ba (0x007cfeb3) x29 0x00000000
core   0: 0x800034be (0x02add963) bge     s11, a0, pc + 50
core   0: 3 0x800034be (0x02add963)
core   0: 0x800034f0 (0x00c14333) xor     t1, sp, a2
core   0: 3 0x800034f0 (0x00c14333) x 6 0x000005c0
core   0: 0x800034f4 (0x0000100f) fence.i
core   0: 3 0x800034f4 (0x0000100f)
core   0: 0x800034f8 (0xb2d28293) addi    t0, t0, -1235
core   0: 3 0x800034f8 (0xb2d28293) x 5 0xfffdfb2d
core   0: 0x800034fc (0x40f65533) sra     a0, a2, a5
core   0: 3 0x800034fc (0x40f65533) x10 0x00000000
core   0: 0x80003500 (0x1e618e37) lui     t3, 0x1e618
core   0: 3 0x80003500 (0x1e618e37) x28 0x1e618000
core   0: 0x80003504 (0x0000ea0d) c.bnez  a2, pc + 50
core   0: 3 0x80003504 (0xea0d)
core   0: 0x80003506 (0x00a045b3) xor     a1, zero, a0
core   0: 3 0x80003506 (0x00a045b3) x11 0x00000000
core   0: 0x8000350a (0x00000398) c.addi4spn a4, sp, 448
core   0: 3 0x8000350a (0x0398) x14 0x00000780
core   0: 0x8000350c (0x013e5e63) bge     t3, s3, pc + 28
core   0: 3 0x8000350c (0x013e5e63)
core   0: 0x80003528 (0xc2cab193) sltiu   gp, s5, -980
core   0: 3 0x80003528 (0xc2cab193) x 3 0x00000001
core   0: 0x8000352c (0x00008eed) c.and   a3, a1
core   0: 3 0x8000352c (0x8eed) x13 0x00000000
core   0: 0x8000352e (0x00e2d513) srli    a0, t0, 14
core   0: 3 0x8000352e (0x00e2d513) x10 0x0003fff7
core   0: 0x80003532 (0x00dcbfb3) sltu    t6, s9, a3
core   0: 3 0x80003532 (0x00dcbfb3) x31 0x00000000
core   0: 0x80003536 (0x00439593) slli    a1, t2, 4
core   0: 3 0x80003536 (0x00439593) x11 0x00000000
core   0: 0x8000353a (0x40118f33) sub     t5, gp, ra
core   0: 3 0x8000353a (0x40118f33) x30 0x03380001
core   0: 0x8000353e (0x0000100f) fence.i
core   0: 3 0x8000353e (0x0000100f)
core   0: 0x80003542 (0x01b273b3) and     t2, tp, s11
core   0: 3 0x80003542 (0x01b273b3) x 7 0x00000000
core   0: 0x80003546 (0x41e089b3) sub     s3, ra, t5
core   0: 3 0x80003546 (0x41e089b3) x19 0xf98fffff
core   0: 0x8000354a (0x028588b3) mul     a7, a1, s0
core   0: 3 0x8000354a (0x028588b3) x17 0x00000000
core   0: 0x8000354e (0x031f7763) bgeu    t5, a7, pc + 46
core   0: 3 0x8000354e (0x031f7763)
core   0: 0x8000357c (0x00000c85) c.addi  s9, 1
core   0: 3 0x8000357c (0x0c85) x25 0x00000001
core   0: 0x8000357e (0x0000717d) c.addi16sp sp, -16
core   0: 3 0x8000357e (0x717d) x 2 0x000005b0
core   0: 0x80003580 (0x03d2f0b3) remu    ra, t0, t4
core   0: 3 0x80003580 (0x03d2f0b3) x 1 0xfffdfb2d
core   0: 0x80003584 (0x037403b3) mul     t2, s0, s7
core   0: 3 0x80003584 (0x037403b3) x 7 0x7ffde19c
core   0: 0x80003588 (0x01b69a93) slli    s5, a3, 27
core   0: 3 0x80003588 (0x01b69a93) x21 0x00000000
core   0: 0x8000358c (0xd277d117) auipc   sp, 0xd277d
core   0: 3 0x8000358c (0xd277d117) x 2 0x5278058c
core   0: 0x80003590 (0x41385d13) srai    s10, a6, 19
core   0: 3 0x80003590 (0x41385d13) x26 0x00000000
core   0: 0x80003594 (0x402b5d33) sra     s10, s6, sp
core   0: 3 0x80003594 (0x402b5d33) x26 0x00000000
core   0: 0x80003598 (0x00009442) c.add   s0, a6
core   0: 3 0x80003598 (0x9442) x 8 0x00000004
core   0: 0x8000359a (0x00006139) c.addi16sp sp, 448
core   0: 3 0x8000359a (0x6139) x 2 0x5278074c
core   0: 0x8000359c (0x01035133) srl     sp, t1, a6
core   0: 3 0x8000359c (0x01035133) x 2 0x0000002e
core   0: 0x800035a0 (0x0132f263) bgeu    t0, s3, pc + 4
core   0: 3 0x800035a0 (0x0132f263)
core   0: 0x800035a4 (0xccdffa93) andi    s5, t6, -819
core   0: 3 0x800035a4 (0xccdffa93) x21 0x00000000
core   0: 0x800035a8 (0x00001b90) c.addi4spn a2, sp, 496
core   0: 3 0x800035a8 (0x1b90) x12 0x0000021e
core   0: 0x800035aa (0x00001098) c.addi4spn a4, sp, 96
core   0: 3 0x800035aa (0x1098) x14 0x0000008e
core   0: 0x800035ac (0x00000001) c.nop
core   0: 3 0x800035ac (0x0001)
core   0: 0x800035ae (0x02018db3) mul     s11, gp, zero
core   0: 3 0x800035ae (0x02018db3) x27 0x00000000
core   0: 0x800035b2 (0x0000100f) fence.i
core   0: 3 0x800035b2 (0x0000100f)
core   0: 0x800035b6 (0x02ed75b3) remu    a1, s10, a4
core   0: 3 0x800035b6 (0x02ed75b3) x11 0x00000000
core   0: 0x800035ba (0x00a21e13) slli    t3, tp, 10
core   0: 3 0x800035ba (0x00a21e13) x28 0x00000000
core   0: 0x800035be (0x00008c4e) c.mv    s8, s3
core   0: 3 0x800035be (0x8c4e) x24 0xf98fffff
core   0: 0x800035c0 (0x45852597) auipc   a1, 0x45852
core   0: 3 0x800035c0 (0x45852597) x11 0xc58555c0
core   0: 0x800035c4 (0x0041da93) srli    s5, gp, 4
core   0: 3 0x800035c4 (0x0041da93) x21 0x00000000
core   0: 0x800035c8 (0x0000c309) c.beqz  a4, pc + 2
core   0: 3 0x800035c8 (0xc309)
core   0: 0x800035ca (0x0199dc33) srl     s8, s3, s9
core   0: 3 0x800035ca (0x0199dc33) x24 0x7cc7ffff
core   0: 0x800035ce (0x00801333) sll     t1, zero, s0
core   0: 3 0x800035ce (0x00801333) x 6 0x00000000
core   0: 0x800035d2 (0x00004705) c.li    a4, 1
core   0: 3 0x800035d2 (0x4705) x14 0x00000001
core   0: 0x800035d4 (0x00008a01) c.andi  a2, 0
core   0: 3 0x800035d4 (0x8a01) x12 0x00000000
core   0: 0x800035d6 (0x0000613d) c.addi16sp sp, 480
core   0: 3 0x800035d6 (0x613d) x 2 0x0000020e
core   0: 0x800035d8 (0x00008415) c.srai  s0, 5
core   0: 3 0x800035d8 (0x8415) x 8 0x00000000
core   0: 0x800035da (0x03135333) divu    t1, t1, a7
core   0: 3 0x800035da (0x03135333) x 6 0xffffffff
core   0: 0x800035de (0x00751e13) slli    t3, a0, 7
core   0: 3 0x800035de (0x00751e13) x28 0x01fffb80
core   0: 0x800035e2 (0x022e5933) divu    s2, t3, sp
core   0: 3 0x800035e2 (0x022e5933) x18 0x0000f92d
core   0: 0x800035e6 (0x00008c11) c.sub   s0, a2
core   0: 3 0x800035e6 (0x8c11) x 8 0x00000000
core   0: 0x800035e8 (0x41170db3) sub     s11, a4, a7
core   0: 3 0x800035e8 (0x41170db3) x27 0x00000001
core   0: 0x800035ec (0x00008d45) c.or    a0, s1
core   0: 3 0x800035ec (0x8d45) x10 0x8003fff7
core   0: 0x800035ee (0x000096ca) c.add   a3, s2
core   0: 3 0x800035ee (0x96ca) x13 0x0000f92d
core   0: 0x800035f0 (0x0000858d) c.srai  a1, 3
core   0: 3 0x800035f0 (0x858d) x11 0xf8b0aab8
core   0: 0x800035f2 (0x563ffa93) andi    s5, t6, 1379
core   0: 3 0x800035f2 (0x563ffa93) x21 0x00000000
core   0: 0x800035f6 (0x029f79b3) remu    s3, t5, s1
core   0: 3 0x800035f6 (0x029f79b3) x19 0x03380001
core   0: 0x800035fa (0x002916b3) sll     a3, s2, sp
core   0: 3 0x800035fa (0x002916b3) x13 0x3e4b4000
core   0: 0x800035fe (0x5ea6ef93) ori     t6, a3, 1514
core   0: 3 0x800035fe (0x5ea6ef93) x31 0x3e4b45ea
core   0: 0x80003602 (0x010e58b3) srl     a7, t3, a6
core   0: 3 0x80003602 (0x010e58b3) x17 0x000fffdc
core   0: 0x80003606 (0x022ebab3) mulhu   s5, t4, sp
core   0: 3 0x80003606 (0x022ebab3) x21 0x00000000
core   0: 0x8000360a (0x0000611d) c.addi16sp sp, 416
core   0: 3 0x8000360a (0x611d) x 2 0x000003ae
core   0: 0x8000360c (0x00008d91) c.sub   a1, a2
core   0: 3 0x8000360c (0x8d91) x11 0xf8b0aab8
core   0: 0x8000360e (0x0000096a) c.slli  s2, 26
core   0: 3 0x8000360e (0x096a) x18 0xb4000000
core   0: 0x80003610 (0x91eade37) lui     t3, 0x91ead
core   0: 3 0x80003610 (0x91eade37) x28 0x91ead000
core   0: 0x80003614 (0x01355533) srl     a0, a0, s3
core   0: 3 0x80003614 (0x01355533) x10 0x4001fffb
core   0: 0x80003618 (0x0000493d) c.li    s2, 15
core   0: 3 0x80003618 (0x493d) x18 0x0000000f
core   0: 0x8000361a (0x00008ebd) c.xor   a3, a5
core   0: 3 0x8000361a (0x8ebd) x13 0xbe4b4000
core   0: 0x8000361c (0x000065d5) c.lui   a1, 0x15
core   0: 3 0x8000361c (0x65d5) x11 0x00015000
core   0: 0x8000361e (0x3217a593) slti    a1, a5, 801
core   0: 3 0x8000361e (0x3217a593) x11 0x00000001
core   0: 0x80003622 (0x0ff0000f) fence   iorw,iorw
core   0: 3 0x80003622 (0x0ff0000f)
core   0: 0x80003626 (0x00008e85) c.sub   a3, s1
core   0: 3 0x80003626 (0x8e85) x13 0x3e48e31c
core   0: 0x80003628 (0x037fc833) div     a6, t6, s7
core   0: 3 0x80003628 (0x037fc833) x16 0x00000000
core   0: 0x8000362c (0x0097cd33) xor     s10, a5, s1
core   0: 3 0x8000362c (0x0097cd33) x26 0x00025ce4
core   0: 0x80003630 (0x0000615d) c.addi16sp sp, 432
core   0: 3 0x80003630 (0x615d) x 2 0x0000055e
core   0: 0x80003632 (0x000089c5) c.andi  a1, 17
core   0: 3 0x80003632 (0x89c5) x11 0x00000001
core   0: 0x80003634 (0x0000597d) c.li    s2, -1
core   0: 3 0x80003634 (0x597d) x18 0xffffffff
core   0: 0x80003636 (0x214f2f93) slti    t6, t5, 532
core   0: 3 0x80003636 (0x214f2f93) x31 0x00000000
core   0: 0x8000363a (0x000090ce) c.add   ra, s3
core   0: 3 0x8000363a (0x90ce) x 1 0x0335fb2e
core   0: 0x8000363c (0x04ce3d93) sltiu   s11, t3, 76
core   0: 3 0x8000363c (0x04ce3d93) x27 0x00000000
core   0: 0x80003640 (0x00008f39) c.xor   a4, a4
core   0: 3 0x80003640 (0x8f39) x14 0x00000000
core   0: 0x80003642 (0x2a454b13) xori    s6, a0, 676
core   0: 3 0x80003642 (0x2a454b13) x22 0x4001fd5f
core   0: 0x80003646 (0x022078b3) remu    a7, zero, sp
core   0: 3 0x80003646 (0x022078b3) x17 0x00000000
core   0: 0x8000364a (0x1c5c0713) addi    a4, s8, 453
core   0: 3 0x8000364a (0x1c5c0713) x14 0x7cc801c4
core   0: 0x8000364e (0x00298fb3) add     t6, s3, sp
core   0: 3 0x8000364e (0x00298fb3) x31 0x0338055f
core   0: 0x80003652 (0xe35b2f93) slti    t6, s6, -459
core   0: 3 0x80003652 (0xe35b2f93) x31 0x00000000
core   0: 0x80003656 (0x00000abe) c.slli  s5, 15
core   0: 3 0x80003656 (0x0abe) x21 0x00000000
core   0: 0x80003658 (0x00006ee9) c.lui   t4, 0x1a
core   0: 3 0x80003658 (0x6ee9) x29 0x0001a000
core   0: 0x8000365a (0xd9dca413) slti    s0, s9, -611
core   0: 3 0x8000365a (0xd9dca413) x 8 0x00000000
core   0: 0x8000365e (0x00008dcd) c.or    a1, a1
core   0: 3 0x8000365e (0x8dcd) x11 0x00000001
core   0: 0x80003660 (0x04bbea17) auipc   s4, 0x4bbe
core   0: 3 0x80003660 (0x04bbea17) x20 0x84bc1660
core   0: 0x80003664 (0x00008d8e) c.mv    s11, gp
core   0: 3 0x80003664 (0x8d8e) x27 0x00000001
core   0: 0x80003666 (0x000083e6) c.mv    t2, s9
core   0: 3 0x80003666 (0x83e6) x 7 0x00000001
core   0: 0x80003668 (0x0000ca81) c.beqz  a3, pc + 16
core   0: 3 0x80003668 (0xca81)
core   0: 0x8000366a (0x00008061) c.srli  s0, 24
core   0: 3 0x8000366a (0x8061) x 8 0x00000000
core   0: 0x8000366c (0x0ff0000f) fence   iorw,iorw
core   0: 3 0x8000366c (0x0ff0000f)
core   0: 0x80003670 (0x0000100f) fence.i
core   0: 3 0x80003670 (0x0000100f)
core   0: 0x80003674 (0x0000ec05) c.bnez  s0, pc + 56
core   0: 3 0x80003674 (0xec05)
core   0: 0x80003676 (0x000063cd) c.lui   t2, 0x13
core   0: 3 0x80003676 (0x63cd) x 7 0x00013000
core   0: 0x80003678 (0x00000001) c.nop
core   0: 3 0x80003678 (0x0001)
core   0: 0x8000367a (0x00008d21) c.xor   a0, s0
core   0: 3 0x8000367a (0x8d21) x10 0x4001fffb
core   0: 0x8000367c (0x02f6f133) remu    sp, a3, a5
core   0: 3 0x8000367c (0x02f6f133) x 2 0x3e48e31c
core   0: 0x80003680 (0x000093ea) c.add   t2, s10
core   0: 3 0x80003680 (0x93ea) x 7 0x00038ce4
core   0: 0x80003682 (0x00001f8c) c.addi4spn a1, sp, 1008
core   0: 3 0x80003682 (0x1f8c) x11 0x3e48e70c
core   0: 0x80003684 (0xaeb66593) ori     a1, a2, -1301
core   0: 3 0x80003684 (0xaeb66593) x11 0xfffffaeb
core   0: 0x80003688 (0x0000970a) c.add   a4, sp
core   0: 3 0x80003688 (0x970a) x14 0xbb10e4e0
core   0: 0x8000368a (0x05b19363) bne     gp, s11, pc + 70
core   0: 3 0x8000368a (0x05b19363)
core   0: 0x8000368e (0xffe83217) auipc   tp, 0xffe83
core   0: 3 0x8000368e (0xffe83217) x 4 0x7fe8668e
core   0: 0x80003692 (0x0000c81d) c.beqz  s0, pc + 54
core   0: 3 0x80003692 (0xc81d)
core   0: 0x800036c8 (0x73e18237) lui     tp, 0x73e18
core   0: 3 0x800036c8 (0x73e18237) x 4 0x73e18000
core   0: 0x800036cc (0x01a63db3) sltu    s11, a2, s10
core   0: 3 0x800036cc (0x01a63db3) x27 0x00000001
core   0: 0x800036d0 (0x006b3133) sltu    sp, s6, t1
core   0: 3 0x800036d0 (0x006b3133) x 2 0x00000001
core   0: 0x800036d4 (0x00000001) c.nop
core   0: 3 0x800036d4 (0x0001)
core   0: 0x800036d6 (0xe57fe093) ori     ra, t6, -425
core   0: 3 0x800036d6 (0xe57fe093) x 1 0xfffffe57
core   0: 0x800036da (0x03a84333) div     t1, a6, s10
core   0: 3 0x800036da (0x03a84333) x 6 0x00000000
core   0: 0x800036de (0x00008c41) c.or    s0, s0
core   0: 3 0x800036de (0x8c41) x 8 0x00000000
core   0: 0x800036e0 (0x007e16b3) sll     a3, t3, t2
core   0: 3 0x800036e0 (0x007e16b3) x13 0x1ead0000
core   0: 0x800036e4 (0x4081d813) srai    a6, gp, 8
core   0: 3 0x800036e4 (0x4081d813) x16 0x00000000
core   0: 0x800036e8 (0x016ed0b3) srl     ra, t4, s6
core   0: 3 0x800036e8 (0x016ed0b3) x 1 0x00000000
core   0: 0x800036ec (0x000081d9) c.srli  a1, 22
core   0: 3 0x800036ec (0x81d9) x11 0x000003ff
core   0: 0x800036ee (0x03371033) mulh    zero, a4, s3
core   0: 3 0x800036ee (0x03371033)
core   0: 0x800036f2 (0x01a75d93) srli    s11, a4, 26
core   0: 3 0x800036f2 (0x01a75d93) x27 0x0000002e
core   0: 0x800036f6 (0x05341063) bne     s0, s3, pc + 64
core   0: 3 0x800036f6 (0x05341063)
core   0: 0x80003736 (0x5d9db013) sltiu   zero, s11, 1497
core   0: 3 0x80003736 (0x5d9db013)
core   0: 0x8000373a (0x401e5a93) srai    s5, t3, 1
core   0: 3 0x8000373a (0x401e5a93) x21 0xc8f56800
core   0: 0x8000373e (0x00008ec5) c.or    a3, s1
core   0: 3 0x8000373e (0x8ec5) x13 0x9eaf5ce4
core   0: 0x80003740 (0x02bdc163) blt     s11, a1, pc + 34
core   0: 3 0x80003740 (0x02bdc163)
core   0: 0x80003762 (0x000099fd) c.andi  a1, -1
core   0: 3 0x80003762 (0x99fd) x11 0x000003ff
core   0: 0x80003764 (0x9e2a3513) sltiu   a0, s4, -1566
core   0: 3 0x80003764 (0x9e2a3513) x10 0x00000001
core   0: 0x80003768 (0x754205b7) lui     a1, 0x75420
core   0: 3 0x80003768 (0x754205b7) x11 0x75420000
core   0: 0x8000376c (0x00008ded) c.and   a1, a1
core   0: 3 0x8000376c (0x8ded) x11 0x75420000
core   0: 0x8000376e (0x00008c01) c.sub   s0, s0
core   0: 3 0x8000376e (0x8c01) x 8 0x00000000
core   0: 0x80003770 (0x00797933) and     s2, s2, t2
core   0: 3 0x80003770 (0x00797933) x18 0x00038ce4
core   0: 0x80003774 (0x01ebfa33) and     s4, s7, t5
core   0: 3 0x80003774 (0x01ebfa33) x20 0x00000000
core   0: 0x80003778 (0x00b0ca63) blt     ra, a1, pc + 20
core   0: 3 0x80003778 (0x00b0ca63)
core   0: 0x8000378c (0x00008169) c.srli  a0, 26
core   0: 3 0x8000378c (0x8169) x10 0x00000000
core   0: 0x8000378e (0x0ff0000f) fence   iorw,iorw
core   0: 3 0x8000378e (0x0ff0000f)
core   0: 0x80003792 (0x8bcc7f93) andi    t6, s8, -1860
core   0: 3 0x80003792 (0x8bcc7f93) x31 0x7cc7f8bc
core   0: 0x80003796 (0x000082f5) c.srli  a3, 29
core   0: 3 0x80003796 (0x82f5) x13 0x00000004
core   0: 0x80003798 (0x0000717d) c.addi16sp sp, -16
core   0: 3 0x80003798 (0x717d) x 2 0xfffffff1
core   0: 0x8000379a (0x0000987d) c.andi  s0, -1
core   0: 3 0x8000379a (0x987d) x 8 0x00000000
core   0: 0x8000379c (0x74797e93) andi    t4, s2, 1863
core   0: 3 0x8000379c (0x74797e93) x29 0x00000444
core   0: 0x800037a0 (0x2cb2b713) sltiu   a4, t0, 715
core   0: 3 0x800037a0 (0x2cb2b713) x14 0x00000000
core   0: 0x800037a4 (0x00008615) c.srai  a2, 5
core   0: 3 0x800037a4 (0x8615) x12 0x00000000
core   0: 0x800037a6 (0x00008d81) c.sub   a1, s0
core   0: 3 0x800037a6 (0x8d81) x11 0x75420000
core   0: 0x800037a8 (0x03fa5863) bge     s4, t6, pc + 48
core   0: 3 0x800037a8 (0x03fa5863)
core   0: 0x800037ac (0x006053b3) srl     t2, zero, t1
core   0: 3 0x800037ac (0x006053b3) x 7 0x00000000
core   0: 0x800037b0 (0x00008f55) c.or    a4, a3
core   0: 3 0x800037b0 (0x8f55) x14 0x00000004
core   0: 0x800037b2 (0x0155ed63) bltu    a1, s5, pc + 26
core   0: 3 0x800037b2 (0x0155ed63)
core   0: 0x800037cc (0x01bb1293) slli    t0, s6, 27
core   0: 3 0x800037cc (0x01bb1293) x 5 0xf8000000
core   0: 0x800037d0 (0x83a70693) addi    a3, a4, -1990
core   0: 3 0x800037d0 (0x83a70693) x13 0xfffff83e
core   0: 0x800037d4 (0x02a54863) blt     a0, a0, pc + 48
core   0: 3 0x800037d4 (0x02a54863)
core   0: 0x800037d8 (0x0000e031) c.bnez  s0, pc + 68
core   0: 3 0x800037d8 (0xe031)
core   0: 0x800037da (0x00a4a633) slt     a2, s1, a0
core   0: 3 0x800037da (0x00a4a633) x12 0x00000001
core   0: 0x800037de (0x00006285) c.lui   t0, 0x1
core   0: 3 0x800037de (0x6285) x 5 0x00001000
core   0: 0x800037e0 (0x0000100f) fence.i
core   0: 3 0x800037e0 (0x0000100f)
core   0: 0x800037e4 (0x41c35293) srai    t0, t1, 28
core   0: 3 0x800037e4 (0x41c35293) x 5 0x00000000
core   0: 0x800037e8 (0x011f9263) bne     t6, a7, pc + 4
core   0: 3 0x800037e8 (0x011f9263)
core   0: 0x800037ec (0x03f912b3) mulh    t0, s2, t6
core   0: 3 0x800037ec (0x03f912b3) x 5 0x0001bb04
core   0: 0x800037f0 (0x00cd8d63) beq     s11, a2, pc + 26
core   0: 3 0x800037f0 (0x00cd8d63)
core   0: 0x800037f4 (0x0321fd63) bgeu    gp, s2, pc + 58
core   0: 3 0x800037f4 (0x0321fd63)
core   0: 0x800037f8 (0x00000001) c.nop
core   0: 3 0x800037f8 (0x0001)
core   0: 0x800037fa (0x0242d1b3) divu    gp, t0, tp
core   0: 3 0x800037fa (0x0242d1b3) x 3 0x00000000
core   0: 0x800037fe (0x0000ed89) c.bnez  a1, pc + 26
core   0: 3 0x800037fe (0xed89)
core   0: 0x80003818 (0x01866733) or      a4, a2, s8
core   0: 3 0x80003818 (0x01866733) x14 0x7cc7ffff
core   0: 0x8000381c (0x00006115) c.addi16sp sp, 288
core   0: 3 0x8000381c (0x6115) x 2 0x00000111
core   0: 0x8000381e (0x00004615) c.li    a2, 5
core   0: 3 0x8000381e (0x4615) x12 0x00000005
core   0: 0x80003820 (0x00008e56) c.mv    t3, s5
core   0: 3 0x80003820 (0x8e56) x28 0xc8f56800
core   0: 0x80003822 (0x00705933) srl     s2, zero, t2
core   0: 3 0x80003822 (0x00705933) x18 0x00000000
core   0: 0x80003826 (0x03e50c33) mul     s8, a0, t5
core   0: 3 0x80003826 (0x03e50c33) x24 0x00000000
core   0: 0x8000382a (0x7db80397) auipc   t2, 0x7db80
core   0: 3 0x8000382a (0x7db80397) x 7 0xfdb8382a
core   0: 0x8000382e (0x008da133) slt     sp, s11, s0
core   0: 3 0x8000382e (0x008da133) x 2 0x00000000
core   0: 0x80003832 (0x00c79a13) slli    s4, a5, 12
core   0: 3 0x80003832 (0x00c79a13) x20 0x00000000
core   0: 0x80003836 (0x00005e7d) c.li    t3, -1
core   0: 3 0x80003836 (0x5e7d) x28 0xffffffff
core   0: 0x80003838 (0x00e5be33) sltu    t3, a1, a4
core   0: 3 0x80003838 (0x00e5be33) x28 0x00000001
core   0: 0x8000383c (0x8bd2b913) sltiu   s2, t0, -1859
core   0: 3 0x8000383c (0x8bd2b913) x18 0x00000001
core   0: 0x80003840 (0x03d50663) beq     a0, t4, pc + 44
core   0: 3 0x80003840 (0x03d50663)
core   0: 0x80003844 (0x00008edd) c.or    a3, a5
core   0: 3 0x80003844 (0x8edd) x13 0xfffff83e
core   0: 0x80003846 (0x002792b3) sll     t0, a5, sp
core   0: 3 0x80003846 (0x002792b3) x 5 0x80000000
core   0: 0x8000384a (0x00008e09) c.sub   a2, a0
core   0: 3 0x8000384a (0x8e09) x12 0x00000005
core   0: 0x8000384c (0x40f5d933) sra     s2, a1, a5
core   0: 3 0x8000384c (0x40f5d933) x18 0x75420000
core   0: 0x80003850 (0x0a30c893) xori    a7, ra, 163
core   0: 3 0x80003850 (0x0a30c893) x17 0x000000a3
core   0: 0x80003854 (0x034b4333) div     t1, s6, s4
core   0: 3 0x80003854 (0x034b4333) x 6 0xffffffff
core   0: 0x80003858 (0x0000e98d) c.bnez  a1, pc + 50
core   0: 3 0x80003858 (0xe98d)
core   0: 0x8000388a (0x031a7733) remu    a4, s4, a7
core   0: 3 0x8000388a (0x031a7733) x14 0x00000000
core   0: 0x8000388e (0x033a1833) mulh    a6, s4, s3
core   0: 3 0x8000388e (0x033a1833) x16 0x00000000
core   0: 0x80003892 (0x0253dc33) divu    s8, t2, t0
core   0: 3 0x80003892 (0x0253dc33) x24 0x00000001
core   0: 0x80003896 (0x00008f2d) c.xor   a4, a1
core   0: 3 0x80003896 (0x8f2d) x14 0x75420000
core   0: 0x80003898 (0x00008fce) c.mv    t6, s3
core   0: 3 0x80003898 (0x8fce) x31 0x03380001
core   0: 0x8000389a (0x01725ab3) srl     s5, tp, s7
core   0: 3 0x8000389a (0x01725ab3) x21 0x073e1800
core   0: 0x8000389e (0x419a5233) sra     tp, s4, s9
core   0: 3 0x8000389e (0x419a5233) x 4 0x00000000
core   0: 0x800038a2 (0x6432ba13) sltiu   s4, t0, 1603
core   0: 3 0x800038a2 (0x6432ba13) x20 0x00000000
core   0: 0x800038a6 (0x038e0733) mul     a4, t3, s8
core   0: 3 0x800038a6 (0x038e0733) x14 0x00000001
core   0: 0x800038aa (0x027c66b3) rem     a3, s8, t2
core   0: 3 0x800038aa (0x027c66b3) x13 0x00000001
core   0: 0x800038ae (0x0000158c) c.addi4spn a1, sp, 736
core   0: 3 0x800038ae (0x158c) x11 0x000002e0
core   0: 0x800038b0 (0xd1f52713) slti    a4, a0, -737
core   0: 3 0x800038b0 (0xd1f52713) x14 0x00000000
core   0: 0x800038b4 (0x00008e91) c.sub   a3, a2
core   0: 3 0x800038b4 (0x8e91) x13 0xfffffffc
core   0: 0x800038b6 (0x40605ab3) sra     s5, zero, t1
core   0: 3 0x800038b6 (0x40605ab3) x21 0x00000000
core   0: 0x800038ba (0x00fb03b3) add     t2, s6, a5
core   0: 3 0x800038ba (0x00fb03b3) x 7 0xc001fd5f
core   0: 0x800038be (0x03a57fb3) remu    t6, a0, s10
core   0: 3 0x800038be (0x03a57fb3) x31 0x00000000
core   0: 0x800038c2 (0x00352e33) slt     t3, a0, gp
core   0: 3 0x800038c2 (0x00352e33) x28 0x00000000
core   0: 0x800038c6 (0x02e7fc33) remu    s8, a5, a4
core   0: 3 0x800038c6 (0x02e7fc33) x24 0x80000000
core   0: 0x800038ca (0x00008ecd) c.or    a3, a1
core   0: 3 0x800038ca (0x8ecd) x13 0xfffffffc
core   0: 0x800038cc (0x0000100f) fence.i
core   0: 3 0x800038cc (0x0000100f)
core   0: 0x800038d0 (0x33ec3813) sltiu   a6, s8, 830
core   0: 3 0x800038d0 (0x33ec3813) x16 0x00000000
core   0: 0x800038d4 (0x0000885e) c.mv    a6, s7
core   0: 3 0x800038d4 (0x885e) x16 0x80021e64
core   0: 0x800038d6 (0x00008ead) c.xor   a3, a1
core   0: 3 0x800038d6 (0x8ead) x13 0xfffffd1c
core   0: 0x800038d8 (0x02713e33) mulhu   t3, sp, t2
core   0: 3 0x800038d8 (0x02713e33) x28 0x00000000
core   0: 0x800038dc (0x00000e15) c.addi  t3, 5
core   0: 3 0x800038dc (0x0e15) x28 0x00000005
core   0: 0x800038de (0x000099ae) c.add   s3, a1
core   0: 3 0x800038de (0x99ae) x19 0x033802e1
core   0: 0x800038e0 (0x404a5ab3) sra     s5, s4, tp
core   0: 3 0x800038e0 (0x404a5ab3) x21 0x00000000
core   0: 0x800038e4 (0x03207d63) bgeu    zero, s2, pc + 58
core   0: 3 0x800038e4 (0x03207d63)
core   0: 0x800038e8 (0x01db9293) slli    t0, s7, 29
core   0: 3 0x800038e8 (0x01db9293) x 5 0x80000000
core   0: 0x800038ec (0x6844bf13) sltiu   t5, s1, 1668
core   0: 3 0x800038ec (0x6844bf13) x30 0x00000000
core   0: 0x800038f0 (0x03f5f563) bgeu    a1, t6, pc + 42
core   0: 3 0x800038f0 (0x03f5f563)
core   0: 0x8000391a (0x0000717d) c.addi16sp sp, -16
core   0: 3 0x8000391a (0x717d) x 2 0xfffffff0
core   0: 0x8000391c (0x00008c8e) c.mv    s9, gp
core   0: 3 0x8000391c (0x8c8e) x25 0x00000000
core   0: 0x8000391e (0x03ffe1b3) rem     gp, t6, t6
core   0: 3 0x8000391e (0x03ffe1b3) x 3 0x00000000
core   0: 0x80003922 (0x00000fc9) c.addi  t6, 18
core   0: 3 0x80003922 (0x0fc9) x31 0x00000012
core   0: 0x80003924 (0x65697a93) andi    s5, s2, 1622
core   0: 3 0x80003924 (0x65697a93) x21 0x00000000
core   0: 0x80003928 (0x000085f5) c.srai  a1, 29
core   0: 3 0x80003928 (0x85f5) x11 0x00000000
core   0: 0x8000392a (0x01e36263) bltu    t1, t5, pc + 4
core   0: 3 0x8000392a (0x01e36263)
core   0: 0x8000392e (0x01664c63) blt     a2, s6, pc + 24
core   0: 3 0x8000392e (0x01664c63)
core   0: 0x80003946 (0x00835833) srl     a6, t1, s0
core   0: 3 0x80003946 (0x00835833) x16 0xffffffff
core   0: 0x8000394a (0x00fd9e93) slli    t4, s11, 15
core   0: 3 0x8000394a (0x00fd9e93) x29 0x00170000
core   0: 0x8000394e (0x00743cb3) sltu    s9, s0, t2
core   0: 3 0x8000394e (0x00743cb3) x25 0x00000001
core   0: 0x80003952 (0x0000817d) c.srli  a0, 31
core   0: 3 0x80003952 (0x817d) x10 0x00000000
core   0: 0x80003954 (0xbc0e0c13) addi    s8, t3, -1088
core   0: 3 0x80003954 (0xbc0e0c13) x24 0xfffffbc5
core   0: 0x80003958 (0x401c5d13) srai    s10, s8, 1
core   0: 3 0x80003958 (0x401c5d13) x26 0xfffffde2
core   0: 0x8000395c (0xb3db6313) ori     t1, s6, -1219
core   0: 3 0x8000395c (0xb3db6313) x 6 0xffffff7f
core   0: 0x80003960 (0x00000001) c.nop
core   0: 3 0x80003960 (0x0001)
core   0: 0x80003962 (0x05e4e163) bltu    s1, t5, pc + 66
core   0: 3 0x80003962 (0x05e4e163)
core   0: 0x80003966 (0x00000001) c.nop
core   0: 3 0x80003966 (0x0001)
core   0: 0x80003968 (0x0000e295) c.bnez  a3, pc + 36
core   0: 3 0x80003968 (0xe295)
core   0: 0x8000398c (0x0179f0b3) and     ra, s3, s7
core   0: 3 0x8000398c (0x0179f0b3) x 1 0x00000260
core   0: 0x80003990 (0x00119fb3) sll     t6, gp, ra
core   0: 3 0x80003990 (0x00119fb3) x31 0x00000000
core   0: 0x80003994 (0x1e548993) addi    s3, s1, 485
core   0: 3 0x80003994 (0x1e548993) x19 0x80025ec9
core   0: 0x80003998 (0x02eadab3) divu    s5, s5, a4
core   0: 3 0x80003998 (0x02eadab3) x21 0xffffffff
core   0: 0x8000399c (0x03641733) mulh    a4, s0, s6
core   0: 3 0x8000399c (0x03641733) x14 0x00000000
core   0: 0x800039a0 (0x00acd5b3) srl     a1, s9, a0
core   0: 3 0x800039a0 (0x00acd5b3) x11 0x00000001
core   0: 0x800039a4 (0x00008e95) c.sub   a3, a3
core   0: 3 0x800039a4 (0x8e95) x13 0x00000000
core   0: 0x800039a6 (0x02429d63) bne     t0, tp, pc + 58
core   0: 3 0x800039a6 (0x02429d63)
core   0: 0x800039e0 (0x0000717d) c.addi16sp sp, -16
core   0: 3 0x800039e0 (0x717d) x 2 0xffffffe0
core   0: 0x800039e2 (0x00009b7d) c.andi  a4, -1
core   0: 3 0x800039e2 (0x9b7d) x14 0x00000000
core   0: 0x800039e4 (0x411ad0b3) sra     ra, s5, a7
core   0: 3 0x800039e4 (0x411ad0b3) x 1 0xffffffff
core   0: 0x800039e8 (0x00334eb3) xor     t4, t1, gp
core   0: 3 0x800039e8 (0x00334eb3) x29 0xffffff7f
core   0: 0x800039ec (0x0000038d) c.addi  t2, 3
core   0: 3 0x800039ec (0x038d) x 7 0xc001fd62
core   0: 0x800039ee (0x01de3533) sltu    a0, t3, t4
core   0: 3 0x800039ee (0x01de3533) x10 0x00000001
core   0: 0x800039f2 (0x78fd8f93) addi    t6, s11, 1935
core   0: 3 0x800039f2 (0x78fd8f93) x31 0x000007bd
core   0: 0x800039f6 (0x00008455) c.srai  s0, 21
core   0: 3 0x800039f6 (0x8455) x 8 0x00000000
core   0: 0x800039f8 (0x000081e5) c.srli  a1, 25
core   0: 3 0x800039f8 (0x81e5) x11 0x00000000
core   0: 0x800039fa (0x00008d11) c.sub   a0, a2
core   0: 3 0x800039fa (0x8d11) x10 0xfffffffc
core   0: 0x800039fc (0x074b7b63) bgeu    s6, s4, pc + 118
core   0: 3 0x800039fc (0x074b7b63)
core   0: 0x80003a72 (0x00009606) c.add   a2, ra
core   0: 3 0x80003a72 (0x9606) x12 0x00000004
core   0: 0x80003a74 (0x00000001) c.nop
core   0: 3 0x80003a74 (0x0001)
core   0: 0x80003a76 (0x012971b3) and     gp, s2, s2
core   0: 3 0x80003a76 (0x012971b3) x 3 0x75420000
core   0: 0x80003a7a (0x41abd6b3) sra     a3, s7, s10
core   0: 3 0x80003a7a (0x41abd6b3) x13 0xe0008799
core   0: 0x80003a7e (0x00008f3d) c.xor   a4, a5
core   0: 3 0x80003a7e (0x8f3d) x14 0x80000000
core   0: 0x80003a80 (0x03bde063) bltu    s11, s11, pc + 32
core   0: 3 0x80003a80 (0x03bde063)
core   0: 0x80003a84 (0x01fb6933) or      s2, s6, t6
core   0: 3 0x80003a84 (0x01fb6933) x18 0x4001ffff
core   0: 0x80003a88 (0x10b6b313) sltiu   t1, a3, 267
core   0: 3 0x80003a88 (0x10b6b313) x 6 0x00000000
core   0: 0x80003a8c (0x0ff0000f) fence   iorw,iorw
core   0: 3 0x80003a8c (0x0ff0000f)
core   0: 0x80003a90 (0x00009536) c.add   a0, a3
core   0: 3 0x80003a90 (0x9536) x10 0xe0008795
core   0: 0x80003a92 (0x0000557d) c.li    a0, -1
core   0: 3 0x80003a92 (0x557d) x10 0xffffffff
core   0: 0x80003a94 (0x0000928a) c.add   t0, sp
core   0: 3 0x80003a94 (0x928a) x 5 0x7fffffe0
core   0: 0x80003a96 (0x000082b1) c.srli  a3, 12
core   0: 3 0x80003a96 (0x82b1) x13 0x000e0008
core   0: 0x80003a98 (0x004e0ab3) add     s5, t3, tp
core   0: 3 0x80003a98 (0x004e0ab3) x21 0x00000005
core   0: 0x80003a9c (0x032befb3) rem     t6, s7, s2
core   0: 3 0x80003a9c (0x032befb3) x31 0xc0041e63
core   0: 0x80003aa0 (0x000055fd) c.li    a1, -1
core   0: 3 0x80003aa0 (0x55fd) x11 0xffffffff
core   0: 0x80003aa2 (0x032d9d33) mulh    s10, s11, s2
core   0: 3 0x80003aa2 (0x032d9d33) x26 0x0000000b
core   0: 0x80003aa6 (0x405586b3) sub     a3, a1, t0
core   0: 3 0x80003aa6 (0x405586b3) x13 0x8000001f
core   0: 0x80003aaa (0x98d76213) ori     tp, a4, -1651
core   0: 3 0x80003aaa (0x98d76213) x 4 0xfffff98d
core   0: 0x80003aae (0xa7997513) andi    a0, s2, -1415
core   0: 3 0x80003aae (0xa7997513) x10 0x4001fa79
core   0: 0x80003ab2 (0x00008b21) c.andi  a4, 8
core   0: 3 0x80003ab2 (0x8b21) x14 0x00000000
core   0: 0x80003ab4 (0x003b4ab3) xor     s5, s6, gp
core   0: 3 0x80003ab4 (0x003b4ab3) x21 0x3543fd5f
core   0: 0x80003ab8 (0x00000001) c.nop
core   0: 3 0x80003ab8 (0x0001)
core   0: 0x80003aba (0x018c1eb3) sll     t4, s8, s8
core   0: 3 0x80003aba (0x018c1eb3) x29 0xffff78a0
core   0: 0x80003abe (0x011959b3) srl     s3, s2, a7
core   0: 3 0x80003abe (0x011959b3) x19 0x08003fff
core   0: 0x80003ac2 (0x05bae263) bltu    s5, s11, pc + 68
core   0: 3 0x80003ac2 (0x05bae263)
core   0: 0x80003ac6 (0x00008f29) c.xor   a4, a0
core   0: 3 0x80003ac6 (0x8f29) x14 0x4001fa79
core   0: 0x80003ac8 (0x016a6e33) or      t3, s4, s6
core   0: 3 0x80003ac8 (0x016a6e33) x28 0x4001fd5f
core   0: 0x80003acc (0x03361b33) mulh    s6, a2, s3
core   0: 3 0x80003acc (0x03361b33) x22 0x00000000
core   0: 0x80003ad0 (0xe04b0993) addi    s3, s6, -508
core   0: 3 0x80003ad0 (0xe04b0993) x19 0xfffffe04
core   0: 0x80003ad4 (0x00000e72) c.slli  t3, 28
core   0: 3 0x80003ad4 (0x0e72) x28 0xf0000000
core   0: 0x80003ad6 (0x029d2eb3) mulhsu  t4, s10, s1
core   0: 3 0x80003ad6 (0x029d2eb3) x29 0x00000005
core   0: 0x80003ada (0x03613633) mulhu   a2, sp, s6
core   0: 3 0x80003ada (0x03613633) x12 0x00000000
core   0: 0x80003ade (0x00008dd5) c.or    a1, a3
core   0: 3 0x80003ade (0x8dd5) x11 0xffffffff
core   0: 0x80003ae0 (0x40ddd433) sra     s0, s11, a3
core   0: 3 0x80003ae0 (0x40ddd433) x 8 0x00000000
core   0: 0x80003ae4 (0x00001680) c.addi4spn s0, sp, 864
core   0: 3 0x80003ae4 (0x1680) x 8 0x00000340
core   0: 0x80003ae6 (0x00a3fdb3) and     s11, t2, a0
core   0: 3 0x80003ae6 (0x00a3fdb3) x27 0x4001f860
core   0: 0x80003aea (0x22eda993) slti    s3, s11, 558
core   0: 3 0x80003aea (0x22eda993) x19 0x00000000
core   0: 0x80003aee (0x0291ad33) mulhsu  s10, gp, s1
core   0: 3 0x80003aee (0x0291ad33) x26 0x3aa21510
core   0: 0x80003af2 (0x8d670113) addi    sp, a4, -1834
core   0: 3 0x80003af2 (0x8d670113) x 2 0x4001f34f
core   0: 0x80003af6 (0x00fa7eb3) and     t4, s4, a5
core   0: 3 0x80003af6 (0x00fa7eb3) x29 0x00000000
core   0: 0x80003afa (0x0ff0000f) fence   iorw,iorw
core   0: 3 0x80003afa (0x0ff0000f)
core   0: 0x80003afe (0x03d91463) bne     s2, t4, pc + 40
core   0: 3 0x80003afe (0x03d91463)
core   0: 0x80003b26 (0xc731e093) ori     ra, gp, -909
core   0: 3 0x80003b26 (0xc731e093) x 1 0xfffffc73
core   0: 0x80003b2a (0x00000001) c.nop
core   0: 3 0x80003b2a (0x0001)
core   0: 0x80003b2c (0x2d6a2a93) slti    s5, s4, 726
core   0: 3 0x80003b2c (0x2d6a2a93) x21 0x00000001
core   0: 0x80003b30 (0x03a08033) mul     zero, ra, s10
core   0: 3 0x80003b30 (0x03a08033)
core   0: 0x80003b34 (0x1e416e93) ori     t4, sp, 484
core   0: 3 0x80003b34 (0x1e416e93) x29 0x4001f3ef
core   0: 0x80003b38 (0x00000001) c.nop
core   0: 3 0x80003b38 (0x0001)
core   0: 0x80003b3a (0x02b14063) blt     sp, a1, pc + 32
core   0: 3 0x80003b3a (0x02b14063)
core   0: 0x80003b3e (0x00001f7d) c.addi  t5, -1
core   0: 3 0x80003b3e (0x1f7d) x30 0xffffffff
core   0: 0x80003b40 (0x26637193) andi    gp, t1, 614
core   0: 3 0x80003b40 (0x26637193) x 3 0x00000000
core   0: 0x80003b44 (0x00009292) c.add   t0, tp
core   0: 3 0x80003b44 (0x9292) x 5 0x7ffff96d
core   0: 0x80003b46 (0x032a9133) mulh    sp, s5, s2
core   0: 3 0x80003b46 (0x032a9133) x 2 0x00000000
core   0: 0x80003b4a (0x01a950b3) srl     ra, s2, s10
core   0: 3 0x80003b4a (0x01a950b3) x 1 0x00004001
core   0: 0x80003b4e (0x0000068c) c.addi4spn a1, sp, 832
core   0: 3 0x80003b4e (0x068c) x11 0x00000340
core   0: 0x80003b50 (0x02d46133) rem     sp, s0, a3
core   0: 3 0x80003b50 (0x02d46133) x 2 0x00000340
core   0: 0x80003b54 (0x0000ea05) c.bnez  a2, pc + 48
core   0: 3 0x80003b54 (0xea05)
core   0: 0x80003b56 (0x03e19163) bne     gp, t5, pc + 34
core   0: 3 0x80003b56 (0x03e19163)
core   0: 0x80003b78 (0x02d47fb3) remu    t6, s0, a3
core   0: 3 0x80003b78 (0x02d47fb3) x31 0x00000340
core   0: 0x80003b7c (0x02555033) divu    zero, a0, t0
core   0: 3 0x80003b7c (0x02555033)
core   0: 0x80003b80 (0x0000e6cd) c.bnez  a3, pc + 170
core   0: 3 0x80003b80 (0xe6cd)
core   0: 0x80003c2a (0x0000995a) c.add   s2, s6
core   0: 3 0x80003c2a (0x995a) x18 0x4001ffff
core   0: 0x80003c2c (0x02392a33) mulhsu  s4, s2, gp
core   0: 3 0x80003c2c (0x02392a33) x20 0x00000000
core   0: 0x80003c30 (0x00008955) c.andi  a0, 21
core   0: 3 0x80003c30 (0x8955) x10 0x00000011
core   0: 0x80003c32 (0x0075eeb3) or      t4, a1, t2
core   0: 3 0x80003c32 (0x0075eeb3) x29 0xc001ff62
core   0: 0x80003c36 (0x41c986b3) sub     a3, s3, t3
core   0: 3 0x80003c36 (0x41c986b3) x13 0x10000000
core   0: 0x80003c3a (0x00008c49) c.or    s0, a0
core   0: 3 0x80003c3a (0x8c49) x 8 0x00000351
core   0: 0x80003c3c (0x02a263b3) rem     t2, tp, a0
core   0: 3 0x80003c3c (0x02a263b3) x 7 0xfffffffe
core   0: 0x80003c40 (0x0076e3b3) or      t2, a3, t2
core   0: 3 0x80003c40 (0x0076e3b3) x 7 0xfffffffe
core   0: 0x80003c44 (0x00006a15) c.lui   s4, 0x5
core   0: 3 0x80003c44 (0x6a15) x20 0x00005000
core   0: 0x80003c46 (0x0000c989) c.beqz  a1, pc + 18
core   0: 3 0x80003c46 (0xc989)
core   0: 0x80003c48 (0x01295f93) srli    t6, s2, 18
core   0: 3 0x80003c48 (0x01295f93) x31 0x00001000
core   0: 0x80003c4c (0x7fca0093) addi    ra, s4, 2044
core   0: 3 0x80003c4c (0x7fca0093) x 1 0x000057fc
core   0: 0x80003c50 (0x41090ab3) sub     s5, s2, a6
core   0: 3 0x80003c50 (0x41090ab3) x21 0x40020000
core   0: 0x80003c54 (0x03ef7a63) bgeu    t5, t5, pc + 52
core   0: 3 0x80003c54 (0x03ef7a63)
core   0: 0x80003c88 (0xbe1eff13) andi    t5, t4, -1055
core   0: 3 0x80003c88 (0xbe1eff13) x30 0xc001fb60
core   0: 0x80003c8c (0x0000717d) c.addi16sp sp, -16
core   0: 3 0x80003c8c (0x717d) x 2 0x00000330
core   0: 0x80003c8e (0x0000957e) c.add   a0, t6
core   0: 3 0x80003c8e (0x957e) x10 0x00001011
core   0: 0x80003c90 (0x00001100) c.addi4spn s0, sp, 160
core   0: 3 0x80003c90 (0x1100) x 8 0x000003d0
core   0: 0x80003c92 (0x03c6de33) divu    t3, a3, t3
core   0: 3 0x80003c92 (0x03c6de33) x28 0x00000000
core   0: 0x80003c96 (0x00008d59) c.or    a0, a4
core   0: 3 0x80003c96 (0x8d59) x10 0x4001fa79
core   0: 0x80003c98 (0x03ae86b3) mul     a3, t4, s10
core   0: 3 0x80003c98 (0x03ae86b3) x13 0xfa170020
core   0: 0x80003c9c (0x06be3313) sltiu   t1, t3, 107
core   0: 3 0x80003c9c (0x06be3313) x 6 0x00000001
core   0: 0x80003ca0 (0x00004c35) c.li    s8, 13
core   0: 3 0x80003ca0 (0x4c35) x24 0x0000000d
core   0: 0x80003ca2 (0x022eb133) mulhu   sp, t4, sp
core   0: 3 0x80003ca2 (0x022eb133) x 2 0x00000264
core   0: 0x80003ca6 (0x017a1c33) sll     s8, s4, s7
core   0: 3 0x80003ca6 (0x017a1c33) x24 0x00050000
core   0: 0x80003caa (0xb9b0a813) slti    a6, ra, -1125
core   0: 3 0x80003caa (0xb9b0a813) x16 0x00000000
core   0: 0x80003cae (0x03ebb233) mulhu   tp, s7, t5
core   0: 3 0x80003cae (0x03ebb233) x 4 0x6002947f
core   0: 0x80003cb2 (0x0ff0000f) fence   iorw,iorw
core   0: 3 0x80003cb2 (0x0ff0000f)
core   0: 0x80003cb6 (0x00000001) c.nop
core   0: 3 0x80003cb6 (0x0001)
core   0: 0x80003cb8 (0x00008ea9) c.xor   a3, a0
core   0: 3 0x80003cb8 (0x8ea9) x13 0xba16fa59
core   0: 0x80003cba (0x00c39e63) bne     t2, a2, pc + 28
core   0: 3 0x80003cba (0x00c39e63)
core   0: 0x80003cd6 (0x02576163) bltu    a4, t0, pc + 34
core   0: 3 0x80003cd6 (0x02576163)
core   0: 0x80003cf8 (0x5139aeb7) lui     t4, 0x5139a
core   0: 3 0x80003cf8 (0x5139aeb7) x29 0x5139a000
core   0: 0x80003cfc (0x01b6a5b3) slt     a1, a3, s11
core   0: 3 0x80003cfc (0x01b6a5b3) x11 0x00000001
core   0: 0x80003d00 (0x000089cd) c.andi  a1, 19
core   0: 3 0x80003d00 (0x89cd) x11 0x00000001
core   0: 0x80003d02 (0x023f53b3) divu    t2, t5, gp
core   0: 3 0x80003d02 (0x023f53b3) x 7 0xffffffff
core   0: 0x80003d06 (0x00008e45) c.or    a2, s1
core   0: 3 0x80003d06 (0x8e45) x12 0x80025ce4
core   0: 0x80003d08 (0x0029a533) slt     a0, s3, sp
core   0: 3 0x80003d08 (0x0029a533) x10 0x00000001
core   0: 0x80003d0c (0x02fb36b3) mulhu   a3, s6, a5
core   0: 3 0x80003d0c (0x02fb36b3) x13 0x00000000
core   0: 0x80003d10 (0x00008675) c.srai  a2, 29
core   0: 3 0x80003d10 (0x8675) x12 0xfffffffc
core   0: 0x80003d12 (0x0000100f) fence.i
core   0: 3 0x80003d12 (0x0000100f)
core   0: 0x80003d16 (0x031c2e33) mulhsu  t3, s8, a7
core   0: 3 0x80003d16 (0x031c2e33) x28 0x00000000
core   0: 0x80003d1a (0x00cc4663) blt     s8, a2, pc + 12
core   0: 3 0x80003d1a (0x00cc4663)
core   0: 0x80003d1e (0x00d371b3) and     gp, t1, a3
core   0: 3 0x80003d1e (0x00d371b3) x 3 0x00000000
core   0: 0x80003d22 (0x41445933) sra     s2, s0, s4
core   0: 3 0x80003d22 (0x41445933) x18 0x000003d0
core   0: 0x80003d26 (0x011fb633) sltu    a2, t6, a7
core   0: 3 0x80003d26 (0x011fb633) x12 0x00000000
core   0: 0x80003d2a (0x00000001) c.nop
core   0: 3 0x80003d2a (0x0001)
core   0: 0x80003d2c (0x03a1bfb3) mulhu   t6, gp, s10
core   0: 3 0x80003d2c (0x03a1bfb3) x31 0x00000000
core   0: 0x80003d30 (0x02acda33) divu    s4, s9, a0
core   0: 3 0x80003d30 (0x02acda33) x20 0x00000001
core   0: 0x80003d34 (0x0000717d) c.addi16sp sp, -16
core   0: 3 0x80003d34 (0x717d) x 2 0x00000254
core   0: 0x80003d36 (0x02102fb3) mulhsu  t6, zero, ra
core   0: 3 0x80003d36 (0x02102fb3) x31 0x00000000
core   0: 0x80003d3a (0x0000597d) c.li    s2, -1
core   0: 3 0x80003d3a (0x597d) x18 0xffffffff
core   0: 0x80003d3c (0x641ca393) slti    t2, s9, 1601
core   0: 3 0x80003d3c (0x641ca393) x 7 0x00000001
core   0: 0x80003d40 (0x02ccf033) remu    zero, s9, a2
core   0: 3 0x80003d40 (0x02ccf033)
core   0: 0x80003d44 (0x7256be13) sltiu   t3, a3, 1829
core   0: 3 0x80003d44 (0x7256be13) x28 0x00000001
core   0: 0x80003d48 (0x0283cdb3) div     s11, t2, s0
core   0: 3 0x80003d48 (0x0283cdb3) x27 0x00000000
core   0: 0x80003d4c (0x82471317) auipc   t1, 0x82471
core   0: 3 0x80003d4c (0x82471317) x 6 0x02474d4c
core   0: 0x80003d50 (0x00008d71) c.and   a0, a2
core   0: 3 0x80003d50 (0x8d71) x10 0x00000000
core   0: 0x80003d52 (0x03763233) mulhu   tp, a2, s7
core   0: 3 0x80003d52 (0x03763233) x 4 0x00000000
core   0: 0x80003d56 (0x01f10c33) add     s8, sp, t6
core   0: 3 0x80003d56 (0x01f10c33) x24 0x00000254
core   0: 0x80003d5a (0x00008d7d) c.and   a0, a5
core   0: 3 0x80003d5a (0x8d7d) x10 0x00000000
core   0: 0x80003d5c (0x00008d95) c.sub   a1, a3
core   0: 3 0x80003d5c (0x8d95) x11 0x00000001
core   0: 0x80003d5e (0x00008c1d) c.sub   s0, a5
core   0: 3 0x80003d5e (0x8c1d) x 8 0x800003d0
core   0: 0x80003d60 (0x0313b0b3) mulhu   ra, t2, a7
core   0: 3 0x80003d60 (0x0313b0b3) x 1 0x00000000
core   0: 0x80003d64 (0x02052733) mulhsu  a4, a0, zero
core   0: 3 0x80003d64 (0x02052733) x14 0x00000000
core   0: 0x80003d68 (0x00001a94) c.addi4spn a3, sp, 368
core   0: 3 0x80003d68 (0x1a94) x13 0x000003c4
core   0: 0x80003d6a (0x012f9663) bne     t6, s2, pc + 12
core   0: 3 0x80003d6a (0x012f9663)
core   0: 0x80003d76 (0xc5cf7ab7) lui     s5, 0xc5cf7
core   0: 3 0x80003d76 (0xc5cf7ab7) x21 0xc5cf7000
core   0: 0x80003d7a (0xff563813) sltiu   a6, a2, -11
core   0: 3 0x80003d7a (0xff563813) x16 0x00000001
core   0: 0x80003d7e (0x000003aa) c.slli  t2, 10
core   0: 3 0x80003d7e (0x03aa) x 7 0x00000400
core   0: 0x80003d80 (0x0f16fa13) andi    s4, a3, 241
core   0: 3 0x80003d80 (0x0f16fa13) x20 0x000000c0
core   0: 0x80003d84 (0x0000c819) c.beqz  s0, pc + 22
core   0: 3 0x80003d84 (0xc819)
core   0: 0x80003d86 (0x40315ab3) sra     s5, sp, gp
core   0: 3 0x80003d86 (0x40315ab3) x21 0x00000254
core   0: 0x80003d8a (0x00008f39) c.xor   a4, a4
core   0: 3 0x80003d8a (0x8f39) x14 0x00000000
core   0: 0x80003d8c (0x002ef1b3) and     gp, t4, sp
core   0: 3 0x80003d8c (0x002ef1b3) x 3 0x00000000
core   0: 0x80003d90 (0x00008d11) c.sub   a0, a2
core   0: 3 0x80003d90 (0x8d11) x10 0x00000000
core   0: 0x80003d92 (0x00008c41) c.or    s0, s0
core   0: 3 0x80003d92 (0x8c41) x 8 0x800003d0
core   0: 0x80003d94 (0x000082a1) c.srli  a3, 8
core   0: 3 0x80003d94 (0x82a1) x13 0x00000003
core   0: 0x80003d96 (0xb90c7c93) andi    s9, s8, -1136
core   0: 3 0x80003d96 (0xb90c7c93) x25 0x00000210
core   0: 0x80003d9a (0x000040c5) c.li    ra, 17
core   0: 3 0x80003d9a (0x40c5) x 1 0x00000011
core   0: 0x80003d9c (0xc9f86993) ori     s3, a6, -865
core   0: 3 0x80003d9c (0xc9f86993) x19 0xfffffc9f
core   0: 0x80003da0 (0x00008ed9) c.or    a3, a4
core   0: 3 0x80003da0 (0x8ed9) x13 0x00000003
core   0: 0x80003da2 (0x0000100f) fence.i
core   0: 3 0x80003da2 (0x0000100f)
core   0: 0x80003da6 (0x00000001) c.nop
core   0: 3 0x80003da6 (0x0001)
core   0: 0x80003da8 (0x00008f4d) c.or    a4, a1
core   0: 3 0x80003da8 (0x8f4d) x14 0x00000001
core   0: 0x80003daa (0x00008eed) c.and   a3, a1
core   0: 3 0x80003daa (0x8eed) x13 0x00000001
core   0: 0x80003dac (0x5cf9ad13) slti    s10, s3, 1487
core   0: 3 0x80003dac (0x5cf9ad13) x26 0x00000001
core   0: 0x80003db0 (0x006a1933) sll     s2, s4, t1
core   0: 3 0x80003db0 (0x006a1933) x18 0x000c0000
core   0: 0x80003db4 (0x00006965) c.lui   s2, 0x19
core   0: 3 0x80003db4 (0x6965) x18 0x00019000
core   0: 0x80003db6 (0x0012d6b3) srl     a3, t0, ra
core   0: 3 0x80003db6 (0x0012d6b3) x13 0x00003fff
core   0: 0x80003dba (0x0147df93) srli    t6, a5, 20
core   0: 3 0x80003dba (0x0147df93) x31 0x00000800
core   0: 0x80003dbe (0x02109463) bne     ra, ra, pc + 40
core   0: 3 0x80003dbe (0x02109463)
core   0: 0x80003dc2 (0x057cc063) blt     s9, s7, pc + 64
core   0: 3 0x80003dc2 (0x057cc063)
core   0: 0x80003dc6 (0x00008e5d) c.or    a2, a5
core   0: 3 0x80003dc6 (0x8e5d) x12 0x80000000
core   0: 0x80003dc8 (0x002fedb3) or      s11, t6, sp
core   0: 3 0x80003dc8 (0x002fedb3) x27 0x00000a54
core   0: 0x80003dcc (0x00008f56) c.mv    t5, s5
core   0: 3 0x80003dcc (0x8f56) x30 0x00000254
core   0: 0x80003dce (0x036068b3) rem     a7, zero, s6
core   0: 3 0x80003dce (0x036068b3) x17 0x00000000
core   0: 0x80003dd2 (0x00008f51) c.or    a4, a2
core   0: 3 0x80003dd2 (0x8f51) x14 0x80000001
core   0: 0x80003dd4 (0x005a0b63) beq     s4, t0, pc + 22
core   0: 3 0x80003dd4 (0x005a0b63)
core   0: 0x80003dd8 (0x01387a33) and     s4, a6, s3
core   0: 3 0x80003dd8 (0x01387a33) x20 0x00000001
core   0: 0x80003ddc (0x5857a013) slti    zero, a5, 1413
core   0: 3 0x80003ddc (0x5857a013)
core   0: 0x80003de0 (0x00006161) c.addi16sp sp, 80
core   0: 3 0x80003de0 (0x6161) x 2 0x000002a4
core   0: 0x80003de2 (0x052d7363) bgeu    s10, s2, pc + 70
core   0: 3 0x80003de2 (0x052d7363)
core   0: 0x80003de6 (0x00e4e263) bltu    s1, a4, pc + 4
core   0: 3 0x80003de6 (0x00e4e263)
core   0: 0x80003dea (0x0d06b893) sltiu   a7, a3, 208
core   0: 3 0x80003dea (0x0d06b893) x17 0x00000000
core   0: 0x80003dee (0xc0f76893) ori     a7, a4, -1009
core   0: 3 0x80003dee (0xc0f76893) x17 0xfffffc0f
core   0: 0x80003df2 (0xb735fc93) andi    s9, a1, -1165
core   0: 3 0x80003df2 (0xb735fc93) x25 0x00000001
core   0: 0x80003df6 (0x012a0d63) beq     s4, s2, pc + 26
core   0: 3 0x80003df6 (0x012a0d63)
core   0: 0x80003dfa (0xc445ffb7) lui     t6, 0xc445f
core   0: 3 0x80003dfa (0xc445ffb7) x31 0xc445f000
core   0: 0x80003dfe (0x0000717d) c.addi16sp sp, -16
core   0: 3 0x80003dfe (0x717d) x 2 0x00000294
core   0: 0x80003e00 (0x00006569) c.lui   a0, 0x1a
core   0: 3 0x80003e00 (0x6569) x10 0x0001a000
core   0: 0x80003e02 (0x00000001) c.nop
core   0: 3 0x80003e02 (0x0001)
core   0: 0x80003e04 (0x00000356) c.slli  t1, 21
core   0: 3 0x80003e04 (0x0356) x 6 0xa9800000
core   0: 0x80003e06 (0xd181fe93) andi    t4, gp, -744
core   0: 3 0x80003e06 (0xd181fe93) x29 0x00000000
core   0: 0x80003e0a (0x00009b7d) c.andi  a4, -1
core   0: 3 0x80003e0a (0x9b7d) x14 0x80000001
core   0: 0x80003e0c (0x01891733) sll     a4, s2, s8
core   0: 3 0x80003e0c (0x01891733) x14 0x00000000
core   0: 0x80003e10 (0x00549093) slli    ra, s1, 5
core   0: 3 0x80003e10 (0x00549093) x 1 0x004b9c80
core   0: 0x80003e14 (0xdabc6637) lui     a2, 0xdabc6
core   0: 3 0x80003e14 (0xdabc6637) x12 0xdabc6000
core   0: 0x80003e18 (0x0ff0000f) fence   iorw,iorw
core   0: 3 0x80003e18 (0x0ff0000f)
core   0: 0x80003e1c (0x00f8d993) srli    s3, a7, 15
core   0: 3 0x80003e1c (0x00f8d993) x19 0x0001ffff
core   0: 0x80003e20 (0x040cc263) bltz    s9, pc + 68
core   0: 3 0x80003e20 (0x040cc263)
core   0: 0x80003e24 (0x248a8893) addi    a7, s5, 584
core   0: 3 0x80003e24 (0x248a8893) x17 0x0000049c
core   0: 0x80003e28 (0x011f79b3) and     s3, t5, a7
core   0: 3 0x80003e28 (0x011f79b3) x19 0x00000014
core   0: 0x80003e2c (0x00008ed5) c.or    a3, a3
core   0: 3 0x80003e2c (0x8ed5) x13 0x00003fff
core   0: 0x80003e2e (0x40acdf93) srai    t6, s9, 10
core   0: 3 0x80003e2e (0x40acdf93) x31 0x00000000
core   0: 0x80003e32 (0x00008e45) c.or    a2, s1
core   0: 3 0x80003e32 (0x8e45) x12 0xdabe7ce4
core   0: 0x80003e34 (0x03243db3) mulhu   s11, s0, s2
core   0: 3 0x80003e34 (0x03243db3) x27 0x0000c800
core   0: 0x80003e38 (0x03114a33) div     s4, sp, a7
core   0: 3 0x80003e38 (0x03114a33) x20 0x00000000
core   0: 0x80003e3c (0x024fa8b3) mulhsu  a7, t6, tp
core   0: 3 0x80003e3c (0x024fa8b3) x17 0x00000000
core   0: 0x80003e40 (0x00009392) c.add   t2, tp
core   0: 3 0x80003e40 (0x9392) x 7 0x00000400
core   0: 0x80003e42 (0x010b9b63) bne     s7, a6, pc + 22
core   0: 3 0x80003e42 (0x010b9b63)
core   0: 0x80003e58 (0x00008462) c.mv    s0, s8
core   0: 3 0x80003e58 (0x8462) x 8 0x00000254
core   0: 0x80003e5a (0x823d4993) xori    s3, s10, -2013
core   0: 3 0x80003e5a (0x823d4993) x19 0xfffff822
core   0: 0x80003e5e (0x035eaa33) mulhsu  s4, t4, s5
core   0: 3 0x80003e5e (0x035eaa33) x20 0x00000000
core   0: 0x80003e62 (0x00008c35) c.xor   s0, a3
core   0: 3 0x80003e62 (0x8c35) x 8 0x00003dab
core   0: 0x80003e64 (0x00000001) c.nop
core   0: 3 0x80003e64 (0x0001)
core   0: 0x80003e66 (0x02f218b3) mulh    a7, tp, a5
core   0: 3 0x80003e66 (0x02f218b3) x17 0x00000000
core   0: 0x80003e6a (0x035a70b3) remu    ra, s4, s5
core   0: 3 0x80003e6a (0x035a70b3) x 1 0x00000000
core   0: 0x80003e6e (0x03c49cb3) mulh    s9, s1, t3
core   0: 3 0x80003e6e (0x03c49cb3) x25 0xffffffff
core   0: 0x80003e72 (0x40d18133) sub     sp, gp, a3
core   0: 3 0x80003e72 (0x40d18133) x 2 0xffffc001
core   0: 0x80003e76 (0x009b6333) or      t1, s6, s1
core   0: 3 0x80003e76 (0x009b6333) x 6 0x80025ce4
core   0: 0x80003e7a (0x02c49463) bne     s1, a2, pc + 40
core   0: 3 0x80003e7a (0x02c49463)
core   0: 0x80003ea2 (0x01de2eb3) slt     t4, t3, t4
core   0: 3 0x80003ea2 (0x01de2eb3) x29 0x00000000
core   0: 0x80003ea6 (0x00000001) c.nop
core   0: 3 0x80003ea6 (0x0001)
core   0: 0x80003ea8 (0xf0ec6e13) ori     t3, s8, -242
core   0: 3 0x80003ea8 (0xf0ec6e13) x28 0xffffff5e
core   0: 0x80003eac (0x00008c45) c.or    s0, s1
core   0: 3 0x80003eac (0x8c45) x 8 0x80027def
core   0: 0x80003eae (0x01ce29b3) slt     s3, t3, t3
core   0: 3 0x80003eae (0x01ce29b3) x19 0x00000000
core   0: 0x80003eb2 (0xb6c12c93) slti    s9, sp, -1172
core   0: 3 0x80003eb2 (0xb6c12c93) x25 0x00000001
core   0: 0x80003eb6 (0x00895c33) srl     s8, s2, s0
core   0: 3 0x80003eb6 (0x00895c33) x24 0x00000003
core   0: 0x80003eba (0x00000001) c.nop
core   0: 3 0x80003eba (0x0001)
core   0: 0x80003ebc (0x0000100f) fence.i
core   0: 3 0x80003ebc (0x0000100f)
core   0: 0x80003ec0 (0x00daefb3) or      t6, s5, a3
core   0: 3 0x80003ec0 (0x00daefb3) x31 0x00003fff
core   0: 0x80003ec4 (0x00000001) c.nop
core   0: 3 0x80003ec4 (0x0001)
core   0: 0x80003ec6 (0x00008f49) c.or    a4, a0
core   0: 3 0x80003ec6 (0x8f49) x14 0x0001a000
core   0: 0x80003ec8 (0x00009752) c.add   a4, s4
core   0: 3 0x80003ec8 (0x9752) x14 0x0001a000
core   0: 0x80003eca (0x01289393) slli    t2, a7, 18
core   0: 3 0x80003eca (0x01289393) x 7 0x00000000
core   0: 0x80003ece (0x00000a8a) c.slli  s5, 2
core   0: 3 0x80003ece (0x0a8a) x21 0x00000950
core   0: 0x80003ed0 (0x0000cd15) c.beqz  a0, pc + 60
core   0: 3 0x80003ed0 (0xcd15)
core   0: 0x80003ed2 (0x019385b3) add     a1, t2, s9
core   0: 3 0x80003ed2 (0x019385b3) x11 0x00000001
core   0: 0x80003ed6 (0x02202ab3) mulhsu  s5, zero, sp
core   0: 3 0x80003ed6 (0x02202ab3) x21 0x00000000
core   0: 0x80003eda (0x00a84c33) xor     s8, a6, a0
core   0: 3 0x80003eda (0x00a84c33) x24 0x0001a001
core   0: 0x80003ede (0x75792993) slti    s3, s2, 1879
core   0: 3 0x80003ede (0x75792993) x19 0x00000000
core   0: 0x80003ee2 (0x00000cc2) c.slli  s9, 16
core   0: 3 0x80003ee2 (0x0cc2) x25 0x00010000
core   0: 0x80003ee4 (0x00006339) c.lui   t1, 0xe
core   0: 3 0x80003ee4 (0x6339) x 6 0x0000e000
core   0: 0x80003ee6 (0x0324eeb3) rem     t4, s1, s2
core   0: 3 0x80003ee6 (0x0324eeb3) x29 0xfffffce4
core   0: 0x80003eea (0x032c5763) bge     s8, s2, pc + 46
core   0: 3 0x80003eea (0x032c5763)
core   0: 0x80003f18 (0x048d8a63) beq     s11, s0, pc + 84
core   0: 3 0x80003f18 (0x048d8a63)
core   0: 0x80003f1c (0x00008dc9) c.or    a1, a0
core   0: 3 0x80003f1c (0x8dc9) x11 0x0001a001
core   0: 0x80003f1e (0x057f4e63) blt     t5, s7, pc + 92
core   0: 3 0x80003f1e (0x057f4e63)
core   0: 0x80003f22 (0x00700693) li      a3, 7
core   0: 3 0x80003f22 (0x00700693) x13 0x00000007
core   0: 0x80003f26 (0x01000193) li      gp, 16
core   0: 3 0x80003f26 (0x01000193) x 3 0x00000010
core   0: 0x80003f2a (0x00008c1d) c.sub   s0, a5
core   0: 3 0x80003f2a (0x8c1d) x 8 0x00027def
core   0: 0x80003f2c (0x0307c8b3) div     a7, a5, a6
core   0: 3 0x80003f2c (0x0307c8b3) x17 0x80000000
core   0: 0x80003f30 (0x0ff0000f) fence   iorw,iorw
core   0: 3 0x80003f30 (0x0ff0000f)
core   0: 0x80003f34 (0x00000685) c.addi  a3, 1
core   0: 3 0x80003f34 (0x0685) x13 0x00000008
core   0: 0x80003f36 (0xc14ac2b7) lui     t0, 0xc14ac
core   0: 3 0x80003f36 (0xc14ac2b7) x 5 0xc14ac000
core   0: 0x80003f3a (0x00500513) li      a0, 5
core   0: 3 0x80003f3a (0x00500513) x10 0x00000005
core   0: 0x80003f3e (0x00000001) c.nop
core   0: 3 0x80003f3e (0x0001)
core   0: 0x80003f40 (0x00008dfd) c.and   a1, a5
core   0: 3 0x80003f40 (0x8dfd) x11 0x00000000
core   0: 0x80003f42 (0x0196b633) sltu    a2, a3, s9
core   0: 3 0x80003f42 (0x0196b633) x12 0x00000001
core   0: 0x80003f46 (0x01dd8633) add     a2, s11, t4
core   0: 3 0x80003f46 (0x01dd8633) x12 0x0000c4e4
core   0: 0x80003f4a (0x81b58893) addi    a7, a1, -2021
core   0: 3 0x80003f4a (0x81b58893) x17 0xfffff81b
core   0: 0x80003f4e (0xaadc0913) addi    s2, s8, -1363
core   0: 3 0x80003f4e (0xaadc0913) x18 0x00019aae
core   0: 0x80003f52 (0x0000157d) c.addi  a0, -1
core   0: 3 0x80003f52 (0x157d) x10 0x00000004
core   0: 0x80003f54 (0x00008dbd) c.xor   a1, a5
core   0: 3 0x80003f54 (0x8dbd) x11 0x80000000
core   0: 0x80003f56 (0x4117d3b3) sra     t2, a5, a7
core   0: 3 0x80003f56 (0x4117d3b3) x 7 0xfffffff0
core   0: 0x80003f5a (0x0000d575) c.beqz  a0, pc - 20
core   0: 3 0x80003f5a (0xd575)
core   0: 0x80003f5c (0xfc3698e3) bne     a3, gp, pc - 48
core   0: 3 0x80003f5c (0xfc3698e3)
core   0: 0x80003f2c (0x0307c8b3) div     a7, a5, a6
core   0: 3 0x80003f2c (0x0307c8b3) x17 0x80000000
core   0: 0x80003f30 (0x0ff0000f) fence   iorw,iorw
core   0: 3 0x80003f30 (0x0ff0000f)
core   0: 0x80003f34 (0x00000685) c.addi  a3, 1
core   0: 3 0x80003f34 (0x0685) x13 0x00000009
core   0: 0x80003f36 (0xc14ac2b7) lui     t0, 0xc14ac
core   0: 3 0x80003f36 (0xc14ac2b7) x 5 0xc14ac000
core   0: 0x80003f3a (0x00500513) li      a0, 5
core   0: 3 0x80003f3a (0x00500513) x10 0x00000005
core   0: 0x80003f3e (0x00000001) c.nop
core   0: 3 0x80003f3e (0x0001)
core   0: 0x80003f40 (0x00008dfd) c.and   a1, a5
core   0: 3 0x80003f40 (0x8dfd) x11 0x80000000
core   0: 0x80003f42 (0x0196b633) sltu    a2, a3, s9
core   0: 3 0x80003f42 (0x0196b633) x12 0x00000001
core   0: 0x80003f46 (0x01dd8633) add     a2, s11, t4
core   0: 3 0x80003f46 (0x01dd8633) x12 0x0000c4e4
core   0: 0x80003f4a (0x81b58893) addi    a7, a1, -2021
core   0: 3 0x80003f4a (0x81b58893) x17 0x7ffff81b
core   0: 0x80003f4e (0xaadc0913) addi    s2, s8, -1363
core   0: 3 0x80003f4e (0xaadc0913) x18 0x00019aae
core   0: 0x80003f52 (0x0000157d) c.addi  a0, -1
core   0: 3 0x80003f52 (0x157d) x10 0x00000004
core   0: 0x80003f54 (0x00008dbd) c.xor   a1, a5
core   0: 3 0x80003f54 (0x8dbd) x11 0x00000000
core   0: 0x80003f56 (0x4117d3b3) sra     t2, a5, a7
core   0: 3 0x80003f56 (0x4117d3b3) x 7 0xfffffff0
core   0: 0x80003f5a (0x0000d575) c.beqz  a0, pc - 20
core   0: 3 0x80003f5a (0xd575)
core   0: 0x80003f5c (0xfc3698e3) bne     a3, gp, pc - 48
core   0: 3 0x80003f5c (0xfc3698e3)
core   0: 0x80003f2c (0x0307c8b3) div     a7, a5, a6
core   0: 3 0x80003f2c (0x0307c8b3) x17 0x80000000
core   0: 0x80003f30 (0x0ff0000f) fence   iorw,iorw
core   0: 3 0x80003f30 (0x0ff0000f)
core   0: 0x80003f34 (0x00000685) c.addi  a3, 1
core   0: 3 0x80003f34 (0x0685) x13 0x0000000a
core   0: 0x80003f36 (0xc14ac2b7) lui     t0, 0xc14ac
core   0: 3 0x80003f36 (0xc14ac2b7) x 5 0xc14ac000
core   0: 0x80003f3a (0x00500513) li      a0, 5
core   0: 3 0x80003f3a (0x00500513) x10 0x00000005
core   0: 0x80003f3e (0x00000001) c.nop
core   0: 3 0x80003f3e (0x0001)
core   0: 0x80003f40 (0x00008dfd) c.and   a1, a5
core   0: 3 0x80003f40 (0x8dfd) x11 0x00000000
core   0: 0x80003f42 (0x0196b633) sltu    a2, a3, s9
core   0: 3 0x80003f42 (0x0196b633) x12 0x00000001
core   0: 0x80003f46 (0x01dd8633) add     a2, s11, t4
core   0: 3 0x80003f46 (0x01dd8633) x12 0x0000c4e4
core   0: 0x80003f4a (0x81b58893) addi    a7, a1, -2021
core   0: 3 0x80003f4a (0x81b58893) x17 0xfffff81b
core   0: 0x80003f4e (0xaadc0913) addi    s2, s8, -1363
core   0: 3 0x80003f4e (0xaadc0913) x18 0x00019aae
core   0: 0x80003f52 (0x0000157d) c.addi  a0, -1
core   0: 3 0x80003f52 (0x157d) x10 0x00000004
core   0: 0x80003f54 (0x00008dbd) c.xor   a1, a5
core   0: 3 0x80003f54 (0x8dbd) x11 0x80000000
core   0: 0x80003f56 (0x4117d3b3) sra     t2, a5, a7
core   0: 3 0x80003f56 (0x4117d3b3) x 7 0xfffffff0
core   0: 0x80003f5a (0x0000d575) c.beqz  a0, pc - 20
core   0: 3 0x80003f5a (0xd575)
core   0: 0x80003f5c (0xfc3698e3) bne     a3, gp, pc - 48
core   0: 3 0x80003f5c (0xfc3698e3)
core   0: 0x80003f2c (0x0307c8b3) div     a7, a5, a6
core   0: 3 0x80003f2c (0x0307c8b3) x17 0x80000000
core   0: 0x80003f30 (0x0ff0000f) fence   iorw,iorw
core   0: 3 0x80003f30 (0x0ff0000f)
core   0: 0x80003f34 (0x00000685) c.addi  a3, 1
core   0: 3 0x80003f34 (0x0685) x13 0x0000000b
core   0: 0x80003f36 (0xc14ac2b7) lui     t0, 0xc14ac
core   0: 3 0x80003f36 (0xc14ac2b7) x 5 0xc14ac000
core   0: 0x80003f3a (0x00500513) li      a0, 5
core   0: 3 0x80003f3a (0x00500513) x10 0x00000005
core   0: 0x80003f3e (0x00000001) c.nop
core   0: 3 0x80003f3e (0x0001)
core   0: 0x80003f40 (0x00008dfd) c.and   a1, a5
core   0: 3 0x80003f40 (0x8dfd) x11 0x80000000
core   0: 0x80003f42 (0x0196b633) sltu    a2, a3, s9
core   0: 3 0x80003f42 (0x0196b633) x12 0x00000001
core   0: 0x80003f46 (0x01dd8633) add     a2, s11, t4
core   0: 3 0x80003f46 (0x01dd8633) x12 0x0000c4e4
core   0: 0x80003f4a (0x81b58893) addi    a7, a1, -2021
core   0: 3 0x80003f4a (0x81b58893) x17 0x7ffff81b
core   0: 0x80003f4e (0xaadc0913) addi    s2, s8, -1363
core   0: 3 0x80003f4e (0xaadc0913) x18 0x00019aae
core   0: 0x80003f52 (0x0000157d) c.addi  a0, -1
core   0: 3 0x80003f52 (0x157d) x10 0x00000004
core   0: 0x80003f54 (0x00008dbd) c.xor   a1, a5
core   0: 3 0x80003f54 (0x8dbd) x11 0x00000000
core   0: 0x80003f56 (0x4117d3b3) sra     t2, a5, a7
core   0: 3 0x80003f56 (0x4117d3b3) x 7 0xfffffff0
core   0: 0x80003f5a (0x0000d575) c.beqz  a0, pc - 20
core   0: 3 0x80003f5a (0xd575)
core   0: 0x80003f5c (0xfc3698e3) bne     a3, gp, pc - 48
core   0: 3 0x80003f5c (0xfc3698e3)
core   0: 0x80003f2c (0x0307c8b3) div     a7, a5, a6
core   0: 3 0x80003f2c (0x0307c8b3) x17 0x80000000
core   0: 0x80003f30 (0x0ff0000f) fence   iorw,iorw
core   0: 3 0x80003f30 (0x0ff0000f)
core   0: 0x80003f34 (0x00000685) c.addi  a3, 1
core   0: 3 0x80003f34 (0x0685) x13 0x0000000c
core   0: 0x80003f36 (0xc14ac2b7) lui     t0, 0xc14ac
core   0: 3 0x80003f36 (0xc14ac2b7) x 5 0xc14ac000
core   0: 0x80003f3a (0x00500513) li      a0, 5
core   0: 3 0x80003f3a (0x00500513) x10 0x00000005
core   0: 0x80003f3e (0x00000001) c.nop
core   0: 3 0x80003f3e (0x0001)
core   0: 0x80003f40 (0x00008dfd) c.and   a1, a5
core   0: 3 0x80003f40 (0x8dfd) x11 0x00000000
core   0: 0x80003f42 (0x0196b633) sltu    a2, a3, s9
core   0: 3 0x80003f42 (0x0196b633) x12 0x00000001
core   0: 0x80003f46 (0x01dd8633) add     a2, s11, t4
core   0: 3 0x80003f46 (0x01dd8633) x12 0x0000c4e4
core   0: 0x80003f4a (0x81b58893) addi    a7, a1, -2021
core   0: 3 0x80003f4a (0x81b58893) x17 0xfffff81b
core   0: 0x80003f4e (0xaadc0913) addi    s2, s8, -1363
core   0: 3 0x80003f4e (0xaadc0913) x18 0x00019aae
core   0: 0x80003f52 (0x0000157d) c.addi  a0, -1
core   0: 3 0x80003f52 (0x157d) x10 0x00000004
core   0: 0x80003f54 (0x00008dbd) c.xor   a1, a5
core   0: 3 0x80003f54 (0x8dbd) x11 0x80000000
core   0: 0x80003f56 (0x4117d3b3) sra     t2, a5, a7
core   0: 3 0x80003f56 (0x4117d3b3) x 7 0xfffffff0
core   0: 0x80003f5a (0x0000d575) c.beqz  a0, pc - 20
core   0: 3 0x80003f5a (0xd575)
core   0: 0x80003f5c (0xfc3698e3) bne     a3, gp, pc - 48
core   0: 3 0x80003f5c (0xfc3698e3)
core   0: 0x80003f2c (0x0307c8b3) div     a7, a5, a6
core   0: 3 0x80003f2c (0x0307c8b3) x17 0x80000000
core   0: 0x80003f30 (0x0ff0000f) fence   iorw,iorw
core   0: 3 0x80003f30 (0x0ff0000f)
core   0: 0x80003f34 (0x00000685) c.addi  a3, 1
core   0: 3 0x80003f34 (0x0685) x13 0x0000000d
core   0: 0x80003f36 (0xc14ac2b7) lui     t0, 0xc14ac
core   0: 3 0x80003f36 (0xc14ac2b7) x 5 0xc14ac000
core   0: 0x80003f3a (0x00500513) li      a0, 5
core   0: 3 0x80003f3a (0x00500513) x10 0x00000005
core   0: 0x80003f3e (0x00000001) c.nop
core   0: 3 0x80003f3e (0x0001)
core   0: 0x80003f40 (0x00008dfd) c.and   a1, a5
core   0: 3 0x80003f40 (0x8dfd) x11 0x80000000
core   0: 0x80003f42 (0x0196b633) sltu    a2, a3, s9
core   0: 3 0x80003f42 (0x0196b633) x12 0x00000001
core   0: 0x80003f46 (0x01dd8633) add     a2, s11, t4
core   0: 3 0x80003f46 (0x01dd8633) x12 0x0000c4e4
core   0: 0x80003f4a (0x81b58893) addi    a7, a1, -2021
core   0: 3 0x80003f4a (0x81b58893) x17 0x7ffff81b
core   0: 0x80003f4e (0xaadc0913) addi    s2, s8, -1363
core   0: 3 0x80003f4e (0xaadc0913) x18 0x00019aae
core   0: 0x80003f52 (0x0000157d) c.addi  a0, -1
core   0: 3 0x80003f52 (0x157d) x10 0x00000004
core   0: 0x80003f54 (0x00008dbd) c.xor   a1, a5
core   0: 3 0x80003f54 (0x8dbd) x11 0x00000000
core   0: 0x80003f56 (0x4117d3b3) sra     t2, a5, a7
core   0: 3 0x80003f56 (0x4117d3b3) x 7 0xfffffff0
core   0: 0x80003f5a (0x0000d575) c.beqz  a0, pc - 20
core   0: 3 0x80003f5a (0xd575)
core   0: 0x80003f5c (0xfc3698e3) bne     a3, gp, pc - 48
core   0: 3 0x80003f5c (0xfc3698e3)
core   0: 0x80003f2c (0x0307c8b3) div     a7, a5, a6
core   0: 3 0x80003f2c (0x0307c8b3) x17 0x80000000
core   0: 0x80003f30 (0x0ff0000f) fence   iorw,iorw
core   0: 3 0x80003f30 (0x0ff0000f)
core   0: 0x80003f34 (0x00000685) c.addi  a3, 1
core   0: 3 0x80003f34 (0x0685) x13 0x0000000e
core   0: 0x80003f36 (0xc14ac2b7) lui     t0, 0xc14ac
core   0: 3 0x80003f36 (0xc14ac2b7) x 5 0xc14ac000
core   0: 0x80003f3a (0x00500513) li      a0, 5
core   0: 3 0x80003f3a (0x00500513) x10 0x00000005
core   0: 0x80003f3e (0x00000001) c.nop
core   0: 3 0x80003f3e (0x0001)
core   0: 0x80003f40 (0x00008dfd) c.and   a1, a5
core   0: 3 0x80003f40 (0x8dfd) x11 0x00000000
core   0: 0x80003f42 (0x0196b633) sltu    a2, a3, s9
core   0: 3 0x80003f42 (0x0196b633) x12 0x00000001
core   0: 0x80003f46 (0x01dd8633) add     a2, s11, t4
core   0: 3 0x80003f46 (0x01dd8633) x12 0x0000c4e4
core   0: 0x80003f4a (0x81b58893) addi    a7, a1, -2021
core   0: 3 0x80003f4a (0x81b58893) x17 0xfffff81b
core   0: 0x80003f4e (0xaadc0913) addi    s2, s8, -1363
core   0: 3 0x80003f4e (0xaadc0913) x18 0x00019aae
core   0: 0x80003f52 (0x0000157d) c.addi  a0, -1
core   0: 3 0x80003f52 (0x157d) x10 0x00000004
core   0: 0x80003f54 (0x00008dbd) c.xor   a1, a5
core   0: 3 0x80003f54 (0x8dbd) x11 0x80000000
core   0: 0x80003f56 (0x4117d3b3) sra     t2, a5, a7
core   0: 3 0x80003f56 (0x4117d3b3) x 7 0xfffffff0
core   0: 0x80003f5a (0x0000d575) c.beqz  a0, pc - 20
core   0: 3 0x80003f5a (0xd575)
core   0: 0x80003f5c (0xfc3698e3) bne     a3, gp, pc - 48
core   0: 3 0x80003f5c (0xfc3698e3)
core   0: 0x80003f2c (0x0307c8b3) div     a7, a5, a6
core   0: 3 0x80003f2c (0x0307c8b3) x17 0x80000000
core   0: 0x80003f30 (0x0ff0000f) fence   iorw,iorw
core   0: 3 0x80003f30 (0x0ff0000f)
core   0: 0x80003f34 (0x00000685) c.addi  a3, 1
core   0: 3 0x80003f34 (0x0685) x13 0x0000000f
core   0: 0x80003f36 (0xc14ac2b7) lui     t0, 0xc14ac
core   0: 3 0x80003f36 (0xc14ac2b7) x 5 0xc14ac000
core   0: 0x80003f3a (0x00500513) li      a0, 5
core   0: 3 0x80003f3a (0x00500513) x10 0x00000005
core   0: 0x80003f3e (0x00000001) c.nop
core   0: 3 0x80003f3e (0x0001)
core   0: 0x80003f40 (0x00008dfd) c.and   a1, a5
core   0: 3 0x80003f40 (0x8dfd) x11 0x80000000
core   0: 0x80003f42 (0x0196b633) sltu    a2, a3, s9
core   0: 3 0x80003f42 (0x0196b633) x12 0x00000001
core   0: 0x80003f46 (0x01dd8633) add     a2, s11, t4
core   0: 3 0x80003f46 (0x01dd8633) x12 0x0000c4e4
core   0: 0x80003f4a (0x81b58893) addi    a7, a1, -2021
core   0: 3 0x80003f4a (0x81b58893) x17 0x7ffff81b
core   0: 0x80003f4e (0xaadc0913) addi    s2, s8, -1363
core   0: 3 0x80003f4e (0xaadc0913) x18 0x00019aae
core   0: 0x80003f52 (0x0000157d) c.addi  a0, -1
core   0: 3 0x80003f52 (0x157d) x10 0x00000004
core   0: 0x80003f54 (0x00008dbd) c.xor   a1, a5
core   0: 3 0x80003f54 (0x8dbd) x11 0x00000000
core   0: 0x80003f56 (0x4117d3b3) sra     t2, a5, a7
core   0: 3 0x80003f56 (0x4117d3b3) x 7 0xfffffff0
core   0: 0x80003f5a (0x0000d575) c.beqz  a0, pc - 20
core   0: 3 0x80003f5a (0xd575)
core   0: 0x80003f5c (0xfc3698e3) bne     a3, gp, pc - 48
core   0: 3 0x80003f5c (0xfc3698e3)
core   0: 0x80003f2c (0x0307c8b3) div     a7, a5, a6
core   0: 3 0x80003f2c (0x0307c8b3) x17 0x80000000
core   0: 0x80003f30 (0x0ff0000f) fence   iorw,iorw
core   0: 3 0x80003f30 (0x0ff0000f)
core   0: 0x80003f34 (0x00000685) c.addi  a3, 1
core   0: 3 0x80003f34 (0x0685) x13 0x00000010
core   0: 0x80003f36 (0xc14ac2b7) lui     t0, 0xc14ac
core   0: 3 0x80003f36 (0xc14ac2b7) x 5 0xc14ac000
core   0: 0x80003f3a (0x00500513) li      a0, 5
core   0: 3 0x80003f3a (0x00500513) x10 0x00000005
core   0: 0x80003f3e (0x00000001) c.nop
core   0: 3 0x80003f3e (0x0001)
core   0: 0x80003f40 (0x00008dfd) c.and   a1, a5
core   0: 3 0x80003f40 (0x8dfd) x11 0x00000000
core   0: 0x80003f42 (0x0196b633) sltu    a2, a3, s9
core   0: 3 0x80003f42 (0x0196b633) x12 0x00000001
core   0: 0x80003f46 (0x01dd8633) add     a2, s11, t4
core   0: 3 0x80003f46 (0x01dd8633) x12 0x0000c4e4
core   0: 0x80003f4a (0x81b58893) addi    a7, a1, -2021
core   0: 3 0x80003f4a (0x81b58893) x17 0xfffff81b
core   0: 0x80003f4e (0xaadc0913) addi    s2, s8, -1363
core   0: 3 0x80003f4e (0xaadc0913) x18 0x00019aae
core   0: 0x80003f52 (0x0000157d) c.addi  a0, -1
core   0: 3 0x80003f52 (0x157d) x10 0x00000004
core   0: 0x80003f54 (0x00008dbd) c.xor   a1, a5
core   0: 3 0x80003f54 (0x8dbd) x11 0x80000000
core   0: 0x80003f56 (0x4117d3b3) sra     t2, a5, a7
core   0: 3 0x80003f56 (0x4117d3b3) x 7 0xfffffff0
core   0: 0x80003f5a (0x0000d575) c.beqz  a0, pc - 20
core   0: 3 0x80003f5a (0xd575)
core   0: 0x80003f5c (0xfc3698e3) bne     a3, gp, pc - 48
core   0: 3 0x80003f5c (0xfc3698e3)
core   0: 0x80003f60 (0x00b6a133) slt     sp, a3, a1
core   0: 3 0x80003f60 (0x00b6a133) x 2 0x00000000
core   0: 0x80003f64 (0x0296d363) bge     a3, s1, pc + 38
core   0: 3 0x80003f64 (0x0296d363)
core   0: 0x80003f8a (0x01aa7863) bgeu    s4, s10, pc + 16
core   0: 3 0x80003f8a (0x01aa7863)
core   0: 0x80003f8e (0xbeea6393) ori     t2, s4, -1042
core   0: 3 0x80003f8e (0xbeea6393) x 7 0xfffffbee
core   0: 0x80003f92 (0x000082f1) c.srli  a3, 28
core   0: 3 0x80003f92 (0x82f1) x13 0x00000000
core   0: 0x80003f94 (0x038a7363) bgeu    s4, s8, pc + 38
core   0: 3 0x80003f94 (0x038a7363)
core   0: 0x80003f98 (0x00008de2) c.mv    s11, s8
core   0: 3 0x80003f98 (0x8de2) x27 0x0001a001
core   0: 0x80003f9a (0x00008c15) c.sub   s0, a3
core   0: 3 0x80003f9a (0x8c15) x 8 0x00027def
core   0: 0x80003f9c (0x9bbd4713) xori    a4, s10, -1605
core   0: 3 0x80003f9c (0x9bbd4713) x14 0xfffff9ba
core   0: 0x80003fa0 (0x00009ffa) c.add   t6, t5
core   0: 3 0x80003fa0 (0x9ffa) x31 0x00004253
core   0: 0x80003fa2 (0x022acd33) div     s10, s5, sp
core   0: 3 0x80003fa2 (0x022acd33) x26 0xffffffff
core   0: 0x80003fa6 (0x03ff9eb3) mulh    t4, t6, t6
core   0: 3 0x80003fa6 (0x03ff9eb3) x29 0x00000000
core   0: 0x80003faa (0x0000e005) c.bnez  s0, pc + 32
core   0: 3 0x80003faa (0xe005)
core   0: 0x80003fca (0x00071333) sll     t1, a4, zero
core   0: 3 0x80003fca (0x00071333) x 6 0xfffff9ba
core   0: 0x80003fce (0x00f0a6b3) slt     a3, ra, a5
core   0: 3 0x80003fce (0x00f0a6b3) x13 0x00000000
core   0: 0x80003fd2 (0x5fae3c13) sltiu   s8, t3, 1530
core   0: 3 0x80003fd2 (0x5fae3c13) x24 0x00000000
core   0: 0x80003fd6 (0x037eab33) mulhsu  s6, t4, s7
core   0: 3 0x80003fd6 (0x037eab33) x22 0x00000000
core   0: 0x80003fda (0x412d0ab3) sub     s5, s10, s2
core   0: 3 0x80003fda (0x412d0ab3) x21 0xfffe6551
core   0: 0x80003fde (0x00000001) c.nop
core   0: 3 0x80003fde (0x0001)
core   0: 0x80003fe0 (0x00008de9) c.and   a1, a0
core   0: 3 0x80003fe0 (0x8de9) x11 0x00000000
core   0: 0x80003fe2 (0xe2d325b7) lui     a1, 0xe2d32
core   0: 3 0x80003fe2 (0xe2d325b7) x11 0xe2d32000
core   0: 0x80003fe6 (0x58581617) auipc   a2, 0x58581
core   0: 3 0x80003fe6 (0x58581617) x12 0xd8584fe6
core   0: 0x80003fea (0x01b553b3) srl     t2, a0, s11
core   0: 3 0x80003fea (0x01b553b3) x 7 0x00000002
core   0: 0x80003fee (0x02a1b433) mulhu   s0, gp, a0
core   0: 3 0x80003fee (0x02a1b433) x 8 0x00000000
core   0: 0x80003ff2 (0x0000863d) c.srai  a2, 15
core   0: 3 0x80003ff2 (0x863d) x12 0xffffb0b0
core   0: 0x80003ff4 (0x000019fd) c.addi  s3, -1
core   0: 3 0x80003ff4 (0x19fd) x19 0xffffffff
core   0: 0x80003ff6 (0x0000ee19) c.bnez  a2, pc + 30
core   0: 3 0x80003ff6 (0xee19)
core   0: 0x80004014 (0x00000001) c.nop
core   0: 3 0x80004014 (0x0001)
core   0: 0x80004016 (0x37838e13) addi    t3, t2, 888
core   0: 3 0x80004016 (0x37838e13) x28 0x0000037a
core   0: 0x8000401a (0x00006149) c.addi16sp sp, 144
core   0: 3 0x8000401a (0x6149) x 2 0x00000090
core   0: 0x8000401c (0x000081f1) c.srli  a1, 28
core   0: 3 0x8000401c (0x81f1) x11 0x0000000e
core   0: 0x8000401e (0x00000001) c.nop
core   0: 3 0x8000401e (0x0001)
core   0: 0x80004020 (0x017f2db3) slt     s11, t5, s7
core   0: 3 0x80004020 (0x017f2db3) x27 0x00000000
core   0: 0x80004024 (0x0000987d) c.andi  s0, -1
core   0: 3 0x80004024 (0x987d) x 8 0x00000000
core   0: 0x80004026 (0x0342b033) mulhu   zero, t0, s4
core   0: 3 0x80004026 (0x0342b033)
core   0: 0x8000402a (0x00d36b33) or      s6, t1, a3
core   0: 3 0x8000402a (0x00d36b33) x22 0xfffff9ba
core   0: 0x8000402e (0x0000ef05) c.bnez  a4, pc + 56
core   0: 3 0x8000402e (0xef05)
core   0: 0x80004066 (0xeabfe213) ori     tp, t6, -341
core   0: 3 0x80004066 (0xeabfe213) x 4 0xfffffefb
core   0: 0x8000406a (0x0ff0000f) fence   iorw,iorw
core   0: 3 0x8000406a (0x0ff0000f)
core   0: 0x8000406e (0x40dd0db3) sub     s11, s10, a3
core   0: 3 0x8000406e (0x40dd0db3) x27 0xffffffff
core   0: 0x80004072 (0x00000001) c.nop
core   0: 3 0x80004072 (0x0001)
core   0: 0x80004074 (0x0185b533) sltu    a0, a1, s8
core   0: 3 0x80004074 (0x0185b533) x10 0x00000000
core   0: 0x80004078 (0x00008371) c.srli  a4, 28
core   0: 3 0x80004078 (0x8371) x14 0x0000000f
core   0: 0x8000407a (0x000fd5b3) srl     a1, t6, zero
core   0: 3 0x8000407a (0x000fd5b3) x11 0x00004253
core   0: 0x8000407e (0x0000100f) fence.i
core   0: 3 0x8000407e (0x0000100f)
core   0: 0x80004082 (0x0337b133) mulhu   sp, a5, s3
core   0: 3 0x80004082 (0x0337b133) x 2 0x7fffffff
core   0: 0x80004086 (0x00008f29) c.xor   a4, a0
core   0: 3 0x80004086 (0x8f29) x14 0x0000000f
core   0: 0x80004088 (0x00008f3d) c.xor   a4, a5
core   0: 3 0x80004088 (0x8f3d) x14 0x8000000f
core   0: 0x8000408a (0x00008ef5) c.and   a3, a3
core   0: 3 0x8000408a (0x8ef5) x13 0x00000000
core   0: 0x8000408c (0x0000180c) c.addi4spn a1, sp, 48
core   0: 3 0x8000408c (0x180c) x11 0x8000002f
core   0: 0x8000408e (0x03939363) bne     t2, s9, pc + 38
core   0: 3 0x8000408e (0x03939363)
core   0: 0x800040b4 (0x0151fb63) bgeu    gp, s5, pc + 22
core   0: 3 0x800040b4 (0x0151fb63)
core   0: 0x800040b8 (0x0312e233) rem     tp, t0, a7
core   0: 3 0x800040b8 (0x0312e233) x 4 0xfffff88e
core   0: 0x800040bc (0x00008e91) c.sub   a3, a2
core   0: 3 0x800040bc (0x8e91) x13 0x00004f50
core   0: 0x800040be (0x05d74363) blt     a4, t4, pc + 70
core   0: 3 0x800040be (0x05d74363)
core   0: 0x80004104 (0x051ff063) bgeu    t6, a7, pc + 64
core   0: 3 0x80004104 (0x051ff063)
core   0: 0x80004108 (0x035a40b3) div     ra, s4, s5
core   0: 3 0x80004108 (0x035a40b3) x 1 0x00000000
core   0: 0x8000410c (0x0180beb3) sltu    t4, ra, s8
core   0: 3 0x8000410c (0x0180beb3) x29 0x00000000
core   0: 0x80004110 (0x00008ec1) c.or    a3, s0
core   0: 3 0x80004110 (0x8ec1) x13 0x00004f50
core   0: 0x80004112 (0x0128fd63) bgeu    a7, s2, pc + 26
core   0: 3 0x80004112 (0x0128fd63)
core   0: 0x8000412c (0x04e0c163) blt     ra, a4, pc + 66
core   0: 3 0x8000412c (0x04e0c163)
core   0: 0x80004130 (0x026a5d63) bge     s4, t1, pc + 58
core   0: 3 0x80004130 (0x026a5d63)
core   0: 0x8000416a (0x40b6dab3) sra     s5, a3, a1
core   0: 3 0x8000416a (0x40b6dab3) x21 0x00000000
core   0: 0x8000416e (0x00001418) c.addi4spn a4, sp, 544
core   0: 3 0x8000416e (0x1418) x14 0x8000021f
core   0: 0x80004170 (0x025be533) rem     a0, s7, t0
core   0: 3 0x80004170 (0x025be533) x10 0xfd6c9e64
core   0: 0x80004174 (0x414d85b3) sub     a1, s11, s4
core   0: 3 0x80004174 (0x414d85b3) x11 0xffffffff
core   0: 0x80004178 (0x00008e66) c.mv    t3, s9
core   0: 3 0x80004178 (0x8e66) x28 0x00010000
core   0: 0x8000417a (0x024a2db3) mulhsu  s11, s4, tp
core   0: 3 0x8000417a (0x024a2db3) x27 0x00000000
core   0: 0x8000417e (0x02092733) mulhsu  a4, s2, zero
core   0: 3 0x8000417e (0x02092733) x14 0x00000000
core   0: 0x80004182 (0x0000100f) fence.i
core   0: 3 0x80004182 (0x0000100f)
core   0: 0x80004186 (0x000002c6) c.slli  t0, 17
core   0: 3 0x80004186 (0x02c6) x 5 0x80000000
core   0: 0x80004188 (0x0175c733) xor     a4, a1, s7
core   0: 3 0x80004188 (0x0175c733) x14 0x7ffde19b
core   0: 0x8000418c (0x00009afd) c.andi  a3, -1
core   0: 3 0x8000418c (0x9afd) x13 0x00004f50
core   0: 0x8000418e (0x40aedf93) srai    t6, t4, 10
core   0: 3 0x8000418e (0x40aedf93) x31 0x00000000
core   0: 0x80004192 (0x00008e45) c.or    a2, s1
core   0: 3 0x80004192 (0x8e45) x12 0xfffffcf4
core   0: 0x80004194 (0x03ff4cb3) div     s9, t5, t6
core   0: 3 0x80004194 (0x03ff4cb3) x25 0xffffffff
core   0: 0x80004198 (0x0176f333) and     t1, a3, s7
core   0: 3 0x80004198 (0x0176f333) x 6 0x00000e40
core   0: 0x8000419c (0xfafa7d93) andi    s11, s4, -81
core   0: 3 0x8000419c (0xfafa7d93) x27 0x00000000
core   0: 0x800041a0 (0x0000e685) c.bnez  a3, pc + 40
core   0: 3 0x800041a0 (0xe685)
core   0: 0x800041c8 (0x034d23b3) mulhsu  t2, s10, s4
core   0: 3 0x800041c8 (0x034d23b3) x 7 0x00000000
core   0: 0x800041cc (0x0000441d) c.li    s0, 7
core   0: 3 0x800041cc (0x441d) x 8 0x00000007
core   0: 0x800041ce (0x00009a7d) c.andi  a2, -1
core   0: 3 0x800041ce (0x9a7d) x12 0xfffffcf4
core   0: 0x800041d0 (0x880e1917) auipc   s2, 0x880e1
core   0: 3 0x800041d0 (0x880e1917) x18 0x080e51d0
core   0: 0x800041d4 (0x019d6433) or      s0, s10, s9
core   0: 3 0x800041d4 (0x019d6433) x 8 0xffffffff
core   0: 0x800041d8 (0x0073a9b3) slt     s3, t2, t2
core   0: 3 0x800041d8 (0x0073a9b3) x19 0x00000000
core   0: 0x800041dc (0x01592b33) slt     s6, s2, s5
core   0: 3 0x800041dc (0x01592b33) x22 0x00000000
core   0: 0x800041e0 (0x01a75193) srli    gp, a4, 26
core   0: 3 0x800041e0 (0x01a75193) x 3 0x0000001f
core   0: 0x800041e4 (0x010ec9b3) xor     s3, t4, a6
core   0: 3 0x800041e4 (0x010ec9b3) x19 0x00000001
core   0: 0x800041e8 (0x0000ef0d) c.bnez  a4, pc + 58
core   0: 3 0x800041e8 (0xef0d)
core   0: 0x80004222 (0xd5b72337) lui     t1, 0xd5b72
core   0: 3 0x80004222 (0xd5b72337) x 6 0xd5b72000
core   0: 0x80004226 (0x00008e85) c.sub   a3, s1
core   0: 3 0x80004226 (0x8e85) x13 0x7ffdf26c
core   0: 0x80004228 (0x013b1c13) slli    s8, s6, 19
core   0: 3 0x80004228 (0x013b1c13) x24 0x00000000
core   0: 0x8000422c (0x039cb3b3) mulhu   t2, s9, s9
core   0: 3 0x8000422c (0x039cb3b3) x 7 0xfffffffe
core   0: 0x80004230 (0x00b61b63) bne     a2, a1, pc + 22
core   0: 3 0x80004230 (0x00b61b63)
core   0: 0x80004246 (0x000069f5) c.lui   s3, 0x1d
core   0: 3 0x80004246 (0x69f5) x19 0x0001d000
core   0: 0x80004248 (0x02a74433) div     s0, a4, a0
core   0: 3 0x80004248 (0x02a74433) x 8 0xffffffcf
core   0: 0x8000424c (0x0ff0000f) fence   iorw,iorw
core   0: 3 0x8000424c (0x0ff0000f)
core   0: 0x80004250 (0x02a3d163) bge     t2, a0, pc + 34
core   0: 3 0x80004250 (0x02a3d163)
core   0: 0x80004272 (0x02859963) bne     a1, s0, pc + 50
core   0: 3 0x80004272 (0x02859963)
core   0: 0x800042a4 (0x001cc0b3) xor     ra, s9, ra
core   0: 3 0x800042a4 (0x001cc0b3) x 1 0xffffffff
core   0: 0x800042a8 (0x0000626d) c.lui   tp, 0x1b
core   0: 3 0x800042a8 (0x626d) x 4 0x0001b000
core   0: 0x800042aa (0x0ff0000f) fence   iorw,iorw
core   0: 3 0x800042aa (0x0ff0000f)
core   0: 0x800042ae (0xde1c3213) sltiu   tp, s8, -543
core   0: 3 0x800042ae (0xde1c3213) x 4 0x00000001
core   0: 0x800042b2 (0x00000001) c.nop
core   0: 3 0x800042b2 (0x0001)
core   0: 0x800042b4 (0x0011cb33) xor     s6, gp, ra
core   0: 3 0x800042b4 (0x0011cb33) x22 0xffffffe0
core   0: 0x800042b8 (0x0000717d) c.addi16sp sp, -16
core   0: 3 0x800042b8 (0x717d) x 2 0x7fffffef
core   0: 0x800042ba (0x00000226) c.slli  tp, 9
core   0: 3 0x800042ba (0x0226) x 4 0x00000200
core   0: 0x800042bc (0x00006ca5) c.lui   s9, 0x9
core   0: 3 0x800042bc (0x6ca5) x25 0x00009000
core   0: 0x800042be (0x00000001) c.nop
core   0: 3 0x800042be (0x0001)
core   0: 0x800042c0 (0x016021b3) slt     gp, zero, s6
core   0: 3 0x800042c0 (0x016021b3) x 3 0x00000000
core   0: 0x800042c4 (0x00009386) c.add   t2, ra
core   0: 3 0x800042c4 (0x9386) x 7 0xfffffffd
core   0: 0x800042c6 (0x00000d8c) c.addi4spn a1, sp, 720
core   0: 3 0x800042c6 (0x0d8c) x11 0x800002bf
core   0: 0x800042c8 (0x00006545) c.lui   a0, 0x11
core   0: 3 0x800042c8 (0x6545) x10 0x00011000
core   0: 0x800042ca (0x000015fd) c.addi  a1, -1
core   0: 3 0x800042ca (0x15fd) x11 0x800002be
core   0: 0x800042cc (0x00008c35) c.xor   s0, a3
core   0: 3 0x800042cc (0x8c35) x 8 0x80020da3
core   0: 0x800042ce (0x00008c45) c.or    s0, s1
core   0: 3 0x800042ce (0x8c45) x 8 0x80025de7
core   0: 0x800042d0 (0x41f70d33) sub     s10, a4, t6
core   0: 3 0x800042d0 (0x41f70d33) x26 0x7ffde19b
core   0: 0x800042d4 (0xb4a230b7) lui     ra, 0xb4a23
core   0: 3 0x800042d4 (0xb4a230b7) x 1 0xb4a23000
core   0: 0x800042d8 (0x00008e71) c.and   a2, a2
core   0: 3 0x800042d8 (0x8e71) x12 0xfffffcf4
core   0: 0x800042da (0x000091be) c.add   gp, a5
core   0: 3 0x800042da (0x91be) x 3 0x80000000
core   0: 0x800042dc (0x00006e41) c.lui   t3, 0x10
core   0: 3 0x800042dc (0x6e41) x28 0x00010000
core   0: 0x800042de (0x019a68b3) or      a7, s4, s9
core   0: 3 0x800042de (0x019a68b3) x17 0x00009000
core   0: 0x800042e2 (0x00006e59) c.lui   t3, 0x16
core   0: 3 0x800042e2 (0x6e59) x28 0x00016000
core   0: 0x800042e4 (0x017c0ab3) add     s5, s8, s7
core   0: 3 0x800042e4 (0x017c0ab3) x21 0x80021e64
core   0: 0x800042e8 (0x01791263) bne     s2, s7, pc + 4
core   0: 3 0x800042e8 (0x01791263)
core   0: 0x800042ec (0x011a4533) xor     a0, s4, a7
core   0: 3 0x800042ec (0x011a4533) x10 0x00009000
core   0: 0x800042f0 (0xade8b293) sltiu   t0, a7, -1314
core   0: 3 0x800042f0 (0xade8b293) x 5 0x00000001
core   0: 0x800042f4 (0x00008f05) c.sub   a4, s1
core   0: 3 0x800042f4 (0x8f05) x14 0xfffb84b7
core   0: 0x800042f6 (0x00614133) xor     sp, sp, t1
core   0: 3 0x800042f6 (0x00614133) x 2 0xaa48dfef
core   0: 0x800042fa (0x0000ceb9) c.beqz  a3, pc + 94
core   0: 3 0x800042fa (0xceb9)
core   0: 0x800042fc (0x00008ecd) c.or    a3, a1
core   0: 3 0x800042fc (0x8ecd) x13 0xfffdf2fe
core   0: 0x800042fe (0x0000e801) c.bnez  s0, pc + 16
core   0: 3 0x800042fe (0xe801)
core   0: 0x8000430e (0x0000100f) fence.i
core   0: 3 0x8000430e (0x0000100f)
core   0: 0x80004312 (0x006f2333) slt     t1, t5, t1
core   0: 3 0x80004312 (0x006f2333) x 6 0x00000000
core   0: 0x80004316 (0x03043ab3) mulhu   s5, s0, a6
core   0: 3 0x80004316 (0x03043ab3) x21 0x00000000
core   0: 0x8000431a (0x0000717d) c.addi16sp sp, -16
core   0: 3 0x8000431a (0x717d) x 2 0xaa48dfdf
core   0: 0x8000431c (0x003dfeb3) and     t4, s11, gp
core   0: 3 0x8000431c (0x003dfeb3) x29 0x00000000
core   0: 0x80004320 (0x00008e4d) c.or    a2, a1
core   0: 3 0x80004320 (0x8e4d) x12 0xfffffefe
core   0: 0x80004322 (0xce5839b7) lui     s3, 0xce583
core   0: 3 0x80004322 (0xce5839b7) x19 0xce583000
core   0: 0x80004326 (0x0225c9b3) div     s3, a1, sp
core   0: 3 0x80004326 (0x0225c9b3) x19 0x00000001
core   0: 0x8000432a (0x00400e93) li      t4, 4
core   0: 3 0x8000432a (0x00400e93) x29 0x00000004
core   0: 0x8000432e (0x00b00f93) li      t6, 11
core   0: 3 0x8000432e (0x00b00f93) x31 0x0000000b
core   0: 0x80004332 (0x0ff0000f) fence   iorw,iorw
core   0: 3 0x80004332 (0x0ff0000f)
core   0: 0x80004336 (0x0000100f) fence.i
core   0: 3 0x80004336 (0x0000100f)
core   0: 0x8000433a (0x00008d8d) c.sub   a1, a1
core   0: 3 0x8000433a (0x8d8d) x11 0x00000000
core   0: 0x8000433c (0x02c09b33) mulh    s6, ra, a2
core   0: 3 0x8000433c (0x02c09b33) x22 0x0000004b
core   0: 0x80004340 (0x034aa633) mulhsu  a2, s5, s4
core   0: 3 0x80004340 (0x034aa633) x12 0x00000000
core   0: 0x80004344 (0x00000e8d) c.addi  t4, 3
core   0: 3 0x80004344 (0x0e8d) x29 0x00000007
core   0: 0x80004346 (0x00e95b33) srl     s6, s2, a4
core   0: 3 0x80004346 (0x00e95b33) x22 0x00000010
core   0: 0x8000434a (0x0000147d) c.addi  s0, -1
core   0: 3 0x8000434a (0x147d) x 8 0x80025de6
core   0: 0x8000434c (0xfffec8e3) blt     t4, t6, pc - 16
core   0: 3 0x8000434c (0xfffec8e3)
core   0: 0x8000433c (0x02c09b33) mulh    s6, ra, a2
core   0: 3 0x8000433c (0x02c09b33) x22 0x00000000
core   0: 0x80004340 (0x034aa633) mulhsu  a2, s5, s4
core   0: 3 0x80004340 (0x034aa633) x12 0x00000000
core   0: 0x80004344 (0x00000e8d) c.addi  t4, 3
core   0: 3 0x80004344 (0x0e8d) x29 0x0000000a
core   0: 0x80004346 (0x00e95b33) srl     s6, s2, a4
core   0: 3 0x80004346 (0x00e95b33) x22 0x00000010
core   0: 0x8000434a (0x0000147d) c.addi  s0, -1
core   0: 3 0x8000434a (0x147d) x 8 0x80025de5
core   0: 0x8000434c (0xfffec8e3) blt     t4, t6, pc - 16
core   0: 3 0x8000434c (0xfffec8e3)
core   0: 0x8000433c (0x02c09b33) mulh    s6, ra, a2
core   0: 3 0x8000433c (0x02c09b33) x22 0x00000000
core   0: 0x80004340 (0x034aa633) mulhsu  a2, s5, s4
core   0: 3 0x80004340 (0x034aa633) x12 0x00000000
core   0: 0x80004344 (0x00000e8d) c.addi  t4, 3
core   0: 3 0x80004344 (0x0e8d) x29 0x0000000d
core   0: 0x80004346 (0x00e95b33) srl     s6, s2, a4
core   0: 3 0x80004346 (0x00e95b33) x22 0x00000010
core   0: 0x8000434a (0x0000147d) c.addi  s0, -1
core   0: 3 0x8000434a (0x147d) x 8 0x80025de4
core   0: 0x8000434c (0xfffec8e3) blt     t4, t6, pc - 16
core   0: 3 0x8000434c (0xfffec8e3)
core   0: 0x80004350 (0x01e99733) sll     a4, s3, t5
core   0: 3 0x80004350 (0x01e99733) x14 0x00100000
core   0: 0x80004354 (0x03388463) beq     a7, s3, pc + 40
core   0: 3 0x80004354 (0x03388463)
core   0: 0x80004358 (0x00001694) c.addi4spn a3, sp, 864
core   0: 3 0x80004358 (0x1694) x13 0xaa48e33f
core   0: 0x8000435a (0x00000946) c.slli  s2, 17
core   0: 3 0x8000435a (0x0946) x18 0xa3a00000
core   0: 0x8000435c (0x0180d2b3) srl     t0, ra, s8
core   0: 3 0x8000435c (0x0180d2b3) x 5 0xb4a23000
core   0: 0x80004360 (0x00008f45) c.or    a4, s1
core   0: 3 0x80004360 (0x8f45) x14 0x80125ce4
core   0: 0x80004362 (0x00008341) c.srli  a4, 16
core   0: 3 0x80004362 (0x8341) x14 0x00008012
core   0: 0x80004364 (0x0000148c) c.addi4spn a1, sp, 608
core   0: 3 0x80004364 (0x148c) x11 0xaa48e23f
core   0: 0x80004366 (0x00009faa) c.add   t6, a0
core   0: 3 0x80004366 (0x9faa) x31 0x0000900b
core   0: 0x80004368 (0x03a2cc63) blt     t0, s10, pc + 56
core   0: 3 0x80004368 (0x03a2cc63)
core   0: 0x800043a0 (0x005b5e63) bge     s6, t0, pc + 28
core   0: 3 0x800043a0 (0x005b5e63)
core   0: 0x800043bc (0x01e34263) blt     t1, t5, pc + 4
core   0: 3 0x800043bc (0x01e34263)
core   0: 0x800043c0 (0x022df963) bgeu    s11, sp, pc + 50
core   0: 3 0x800043c0 (0x022df963)
core   0: 0x800043c4 (0x0000717d) c.addi16sp sp, -16
core   0: 3 0x800043c4 (0x717d) x 2 0xaa48dfcf
core   0: 0x800043c6 (0x00006165) c.addi16sp sp, 112
core   0: 3 0x800043c6 (0x6165) x 2 0xaa48e03f
core   0: 0x800043c8 (0x0000861a) c.mv    a2, t1
core   0: 3 0x800043c8 (0x861a) x12 0x00000000
core   0: 0x800043ca (0x0ff0000f) fence   iorw,iorw
core   0: 3 0x800043ca (0x0ff0000f)
core   0: 0x800043ce (0x015dc833) xor     a6, s11, s5
core   0: 3 0x800043ce (0x015dc833) x16 0x00000000
core   0: 0x800043d2 (0x00584ab3) xor     s5, a6, t0
core   0: 3 0x800043d2 (0x00584ab3) x21 0xb4a23000
core   0: 0x800043d6 (0x0000971e) c.add   a4, t2
core   0: 3 0x800043d6 (0x971e) x14 0x0000800f
core   0: 0x800043d8 (0x05696263) bltu    s2, s6, pc + 68
core   0: 3 0x800043d8 (0x05696263)
core   0: 0x800043dc (0x23eac313) xori    t1, s5, 574
core   0: 3 0x800043dc (0x23eac313) x 6 0xb4a2323e
core   0: 0x800043e0 (0x03302533) mulhsu  a0, zero, s3
core   0: 3 0x800043e0 (0x03302533) x10 0x00000000
core   0: 0x800043e4 (0x000086f9) c.srai  a3, 30
core   0: 3 0x800043e4 (0x86f9) x13 0xfffffffe
core   0: 0x800043e6 (0x013afcb3) and     s9, s5, s3
core   0: 3 0x800043e6 (0x013afcb3) x25 0x00000000
core   0: 0x800043ea (0x03460e63) beq     a2, s4, pc + 60
core   0: 3 0x800043ea (0x03460e63)
core   0: 0x80004426 (0x00ca1b13) slli    s6, s4, 12
core   0: 3 0x80004426 (0x00ca1b13) x22 0x00000000
core   0: 0x8000442a (0x0000cb1d) c.beqz  a4, pc + 54
core   0: 3 0x8000442a (0xcb1d)
core   0: 0x8000442c (0x282e3813) sltiu   a6, t3, 642
core   0: 3 0x8000442c (0x282e3813) x16 0x00000000
core   0: 0x80004430 (0x00000894) c.addi4spn a3, sp, 80
core   0: 3 0x80004430 (0x0894) x13 0xaa48e08f
core   0: 0x80004432 (0x4068d413) srai    s0, a7, 6
core   0: 3 0x80004432 (0x4068d413) x 8 0x00000240
core   0: 0x80004436 (0x00006141) c.addi16sp sp, 16
core   0: 3 0x80004436 (0x6141) x 2 0xaa48e04f
core   0: 0x80004438 (0x00000001) c.nop
core   0: 3 0x80004438 (0x0001)
core   0: 0x8000443a (0x00008f21) c.xor   a4, s0
core   0: 3 0x8000443a (0x8f21) x14 0x0000824f
core   0: 0x8000443c (0x00891093) slli    ra, s2, 8
core   0: 3 0x8000443c (0x00891093) x 1 0xa0000000
core   0: 0x80004440 (0x0176d293) srli    t0, a3, 23
core   0: 3 0x80004440 (0x0176d293) x 5 0x00000154
core   0: 0x80004444 (0x03aad463) bge     s5, s10, pc + 40
core   0: 3 0x80004444 (0x03aad463)
core   0: 0x80004448 (0x00008f55) c.or    a4, a3
core   0: 3 0x80004448 (0x8f55) x14 0xaa48e2cf
core   0: 0x8000444a (0xa0d66b13) ori     s6, a2, -1523
core   0: 3 0x8000444a (0xa0d66b13) x22 0xfffffa0d
core   0: 0x8000444e (0xd75ceb13) ori     s6, s9, -651
core   0: 3 0x8000444e (0xd75ceb13) x22 0xfffffd75
core   0: 0x80004452 (0x000f9ab3) sll     s5, t6, zero
core   0: 3 0x80004452 (0x000f9ab3) x21 0x0000900b
core   0: 0x80004456 (0x02a639b3) mulhu   s3, a2, a0
core   0: 3 0x80004456 (0x02a639b3) x19 0x00000000
core   0: 0x8000445a (0x0322f833) remu    a6, t0, s2
core   0: 3 0x8000445a (0x0322f833) x16 0x00000154
core   0: 0x8000445e (0x00008f39) c.xor   a4, a4
core   0: 3 0x8000445e (0x8f39) x14 0x00000000
core   0: 0x80004460 (0x00008cde) c.mv    s9, s7
core   0: 3 0x80004460 (0x8cde) x25 0x80021e64
core   0: 0x80004462 (0x0000ee19) c.bnez  a2, pc + 30
core   0: 3 0x80004462 (0xee19)
core   0: 0x80004464 (0x24f6c817) auipc   a6, 0x24f6c
core   0: 3 0x80004464 (0x24f6c817) x16 0xa4f70464
core   0: 0x80004468 (0x01279c33) sll     s8, a5, s2
core   0: 3 0x80004468 (0x01279c33) x24 0x80000000
core   0: 0x8000446c (0x0ff0000f) fence   iorw,iorw
core   0: 3 0x8000446c (0x0ff0000f)
core   0: 0x80004470 (0x0374d063) bge     s1, s7, pc + 32
core   0: 3 0x80004470 (0x0374d063)
core   0: 0x80004490 (0x000053fd) c.li    t2, -1
core   0: 3 0x80004490 (0x53fd) x 7 0xffffffff
core   0: 0x80004492 (0x0202ce33) div     t3, t0, zero
core   0: 3 0x80004492 (0x0202ce33) x28 0xffffffff
core   0: 0x80004496 (0x00008c09) c.sub   s0, a0
core   0: 3 0x80004496 (0x8c09) x 8 0x00000240
core   0: 0x80004498 (0xfd233593) sltiu   a1, t1, -46
core   0: 3 0x80004498 (0xfd233593) x11 0x00000001
core   0: 0x8000449c (0x04664063) blt     a2, t1, pc + 64
core   0: 3 0x8000449c (0x04664063)
core   0: 0x800044a0 (0x01b8f133) and     sp, a7, s11
core   0: 3 0x800044a0 (0x01b8f133) x 2 0x00000000
core   0: 0x800044a4 (0x00009162) c.add   sp, s8
core   0: 3 0x800044a4 (0x9162) x 2 0x80000000
core   0: 0x800044a6 (0x01c49863) bne     s1, t3, pc + 16
core   0: 3 0x800044a6 (0x01c49863)
core   0: 0x800044b6 (0x020193b3) mulh    t2, gp, zero
core   0: 3 0x800044b6 (0x020193b3) x 7 0x00000000
core   0: 0x800044ba (0x1e9da413) slti    s0, s11, 489
core   0: 3 0x800044ba (0x1e9da413) x 8 0x00000001
core   0: 0x800044be (0x015a2c33) slt     s8, s4, s5
core   0: 3 0x800044be (0x015a2c33) x24 0x00000001
core   0: 0x800044c2 (0x01492b33) slt     s6, s2, s4
core   0: 3 0x800044c2 (0x01492b33) x22 0x00000001
core   0: 0x800044c6 (0x000096a2) c.add   a3, s0
core   0: 3 0x800044c6 (0x96a2) x13 0xaa48e090
core   0: 0x800044c8 (0x74153c13) sltiu   s8, a0, 1857
core   0: 3 0x800044c8 (0x74153c13) x24 0x00000001
core   0: 0x800044cc (0x03e80433) mul     s0, a6, t5
core   0: 3 0x800044cc (0x03e80433) x 8 0x0f1638d0
core   0: 0x800044d0 (0x02629ab3) mulh    s5, t0, t1
core   0: 3 0x800044d0 (0x02629ab3) x21 0xffffff9b
core   0: 0x800044d4 (0xb90a3d13) sltiu   s10, s4, -1136
core   0: 3 0x800044d4 (0xb90a3d13) x26 0x00000001
core   0: 0x800044d8 (0x02623cb3) mulhu   s9, tp, t1
core   0: 3 0x800044d8 (0x02623cb3) x25 0x00000169
core   0: 0x800044dc (0x00009b7d) c.andi  a4, -1
core   0: 3 0x800044dc (0x9b7d) x14 0x00000000
core   0: 0x800044de (0x2273b293) sltiu   t0, t2, 551
core   0: 3 0x800044de (0x2273b293) x 5 0x00000001
core   0: 0x800044e2 (0x00a2f8b3) and     a7, t0, a0
core   0: 3 0x800044e2 (0x00a2f8b3) x17 0x00000000
core   0: 0x800044e6 (0x0030dd33) srl     s10, ra, gp
core   0: 3 0x800044e6 (0x0030dd33) x26 0xa0000000
core   0: 0x800044ea (0xe192f213) andi    tp, t0, -487
core   0: 3 0x800044ea (0xe192f213) x 4 0x00000001
core   0: 0x800044ee (0x0218eb33) rem     s6, a7, ra
core   0: 3 0x800044ee (0x0218eb33) x22 0x00000000
core   0: 0x800044f2 (0x0000e109) c.bnez  a0, pc + 2
core   0: 3 0x800044f2 (0xe109)
core   0: 0x800044f4 (0x00008c75) c.and   s0, a3
core   0: 3 0x800044f4 (0x8c75) x 8 0x0a002090
core   0: 0x800044f6 (0x000086d5) c.srai  a3, 21
core   0: 3 0x800044f6 (0x86d5) x13 0xfffffd52
core   0: 0x800044f8 (0x00f276b3) and     a3, tp, a5
core   0: 3 0x800044f8 (0x00f276b3) x13 0x00000000
core   0: 0x800044fc (0x025446b3) div     a3, s0, t0
core   0: 3 0x800044fc (0x025446b3) x13 0x0a002090
core   0: 0x80004500 (0x1c572613) slti    a2, a4, 453
core   0: 3 0x80004500 (0x1c572613) x12 0x00000001
core   0: 0x80004504 (0xe59cffb7) lui     t6, 0xe59cf
core   0: 3 0x80004504 (0xe59cffb7) x31 0xe59cf000
core   0: 0x80004508 (0x00d69933) sll     s2, a3, a3
core   0: 3 0x80004508 (0x00d69933) x18 0x20900000
core   0: 0x8000450c (0x0000e41d) c.bnez  s0, pc + 46
core   0: 3 0x8000450c (0xe41d)
core   0: 0x8000453a (0x0160e263) bltu    ra, s6, pc + 4
core   0: 3 0x8000453a (0x0160e263)
core   0: 0x8000453e (0x00000694) c.addi4spn a3, sp, 832
core   0: 3 0x8000453e (0x0694) x13 0x80000340
core   0: 0x80004540 (0x0000cd0d) c.beqz  a0, pc + 58
core   0: 3 0x80004540 (0xcd0d)
core   0: 0x8000457a (0x0000982a) c.add   a6, a0
core   0: 3 0x8000457a (0x982a) x16 0xa4f70464
core   0: 0x8000457c (0x038486b3) mul     a3, s1, s8
core   0: 3 0x8000457c (0x038486b3) x13 0x80025ce4
core   0: 0x80004580 (0x0110f0b3) and     ra, ra, a7
core   0: 3 0x80004580 (0x0110f0b3) x 1 0x00000000
core   0: 0x80004584 (0x03872033) mulhsu  zero, a4, s8
core   0: 3 0x80004584 (0x03872033)
core   0: 0x80004588 (0x41ccd0b3) sra     ra, s9, t3
core   0: 3 0x80004588 (0x41ccd0b3) x 1 0x00000000
core   0: 0x8000458c (0x0000cf11) c.beqz  a4, pc + 28
core   0: 3 0x8000458c (0xcf11)
core   0: 0x800045a8 (0x031c90b3) mulh    ra, s9, a7
core   0: 3 0x800045a8 (0x031c90b3) x 1 0x00000000
core   0: 0x800045ac (0x0185f733) and     a4, a1, s8
core   0: 3 0x800045ac (0x0185f733) x14 0x00000001
core   0: 0x800045b0 (0x01c17e33) and     t3, sp, t3
core   0: 3 0x800045b0 (0x01c17e33) x28 0x80000000
core   0: 0x800045b4 (0x0333d563) bge     t2, s3, pc + 42
core   0: 3 0x800045b4 (0x0333d563)
core   0: 0x800045de (0x061e0563) beq     t3, ra, pc + 106
core   0: 3 0x800045de (0x061e0563)
core   0: 0x800045e2 (0x00000e16) c.slli  t3, 5
core   0: 3 0x800045e2 (0x0e16) x28 0x00000000
core   0: 0x800045e4 (0x018f9cb3) sll     s9, t6, s8
core   0: 3 0x800045e4 (0x018f9cb3) x25 0xcb39e000
core   0: 0x800045e8 (0x000131b3) sltu    gp, sp, zero
core   0: 3 0x800045e8 (0x000131b3) x 3 0x00000000
core   0: 0x800045ec (0x00ff2d33) slt     s10, t5, a5
core   0: 3 0x800045ec (0x00ff2d33) x26 0x00000000
core   0: 0x800045f0 (0x02d5d333) divu    t1, a1, a3
core   0: 3 0x800045f0 (0x02d5d333) x 6 0x00000000
core   0: 0x800045f4 (0x692d6193) ori     gp, s10, 1682
core   0: 3 0x800045f4 (0x692d6193) x 3 0x00000692
core   0: 0x800045f8 (0x011ed6b3) srl     a3, t4, a7
core   0: 3 0x800045f8 (0x011ed6b3) x13 0x0000000d
core   0: 0x800045fc (0x00000613) li      a2, 0
core   0: 3 0x800045fc (0x00000613) x12 0x00000000
core   0: 0x80004600 (0x00300e13) li      t3, 3
core   0: 3 0x80004600 (0x00300e13) x28 0x00000003
core   0: 0x80004604 (0x03258533) mul     a0, a1, s2
core   0: 3 0x80004604 (0x03258533) x10 0x20900000
core   0: 0x80004608 (0x00000615) c.addi  a2, 5
core   0: 3 0x80004608 (0x0615) x12 0x00000005
core   0: 0x8000460a (0xff800d93) li      s11, -8
core   0: 3 0x8000460a (0xff800d93) x27 0xfffffff8
core   0: 0x8000460e (0xff500093) li      ra, -11
core   0: 3 0x8000460e (0xff500093) x 1 0xfffffff5
core   0: 0x80004612 (0x33340593) addi    a1, s0, 819
core   0: 3 0x80004612 (0x33340593) x11 0x0a0023c3
core   0: 0x80004616 (0x00001df5) c.addi  s11, -3
core   0: 3 0x80004616 (0x1df5) x27 0xfffffff5
core   0: 0x80004618 (0xfe1d9de3) bne     s11, ra, pc - 6
core   0: 3 0x80004618 (0xfe1d9de3)
core   0: 0x8000461c (0xffc644e3) blt     a2, t3, pc - 24
core   0: 3 0x8000461c (0xffc644e3)
core   0: 0x80004620 (0x02e2dcb3) divu    s9, t0, a4
core   0: 3 0x80004620 (0x02e2dcb3) x25 0x00000001
core   0: 0x80004624 (0x00006b0d) c.lui   s6, 0x3
core   0: 3 0x80004624 (0x6b0d) x22 0x00003000
core   0: 0x80004626 (0x00000001) c.nop
core   0: 3 0x80004626 (0x0001)
core   0: 0x80004628 (0x01eadfb3) srl     t6, s5, t5
core   0: 3 0x80004628 (0x01eadfb3) x31 0x00000fff
core   0: 0x8000462c (0x77822513) slti    a0, tp, 1912
core   0: 3 0x8000462c (0x77822513) x10 0x00000001
core   0: 0x80004630 (0x00000e2d) c.addi  t3, 11
core   0: 3 0x80004630 (0x0e2d) x28 0x0000000e
core   0: 0x80004632 (0x4015ddb3) sra     s11, a1, ra
core   0: 3 0x80004632 (0x4015ddb3) x27 0x00000050
core   0: 0x80004636 (0x01870533) add     a0, a4, s8
core   0: 3 0x80004636 (0x01870533) x10 0x00000002
core   0: 0x8000463a (0x01ea7433) and     s0, s4, t5
core   0: 3 0x8000463a (0x01ea7433) x 8 0x00000000
core   0: 0x8000463e (0x00a2fc33) and     s8, t0, a0
core   0: 3 0x8000463e (0x00a2fc33) x24 0x00000000
core   0: 0x80004642 (0x0372d9b3) divu    s3, t0, s7
core   0: 3 0x80004642 (0x0372d9b3) x19 0x00000000
core   0: 0x80004646 (0x00008e51) c.or    a2, a2
core   0: 3 0x80004646 (0x8e51) x12 0x00000005
core   0: 0x80004648 (0x00008209) c.srli  a2, 2
core   0: 3 0x80004648 (0x8209) x12 0x00000001
core   0: 0x8000464a (0x00000ef6) c.slli  t4, 29
core   0: 3 0x8000464a (0x0ef6) x29 0xa0000000
core   0: 0x8000464c (0x74a0f813) andi    a6, ra, 1866
core   0: 3 0x8000464c (0x74a0f813) x16 0x00000740
core   0: 0x80004650 (0x00c37fb3) and     t6, t1, a2
core   0: 3 0x80004650 (0x00c37fb3) x31 0x00000000
core   0: 0x80004654 (0x41065913) srai    s2, a2, 16
core   0: 3 0x80004654 (0x41065913) x18 0x00000000
core   0: 0x80004658 (0x00599d63) bne     s3, t0, pc + 26
core   0: 3 0x80004658 (0x00599d63)
core   0: 0x80004672 (0x001ee0b3) or      ra, t4, ra
core   0: 3 0x80004672 (0x001ee0b3) x 1 0xfffffff5
core   0: 0x80004676 (0x00b7ff33) and     t5, a5, a1
core   0: 3 0x80004676 (0x00b7ff33) x30 0x00000000
core   0: 0x8000467a (0x41260833) sub     a6, a2, s2
core   0: 3 0x8000467a (0x41260833) x16 0x00000001
core   0: 0x8000467e (0x054182b7) lui     t0, 0x5418
core   0: 3 0x8000467e (0x054182b7) x 5 0x05418000
core   0: 0x80004682 (0x037346b3) div     a3, t1, s7
core   0: 3 0x80004682 (0x037346b3) x13 0x00000000
core   0: 0x80004686 (0x009e5433) srl     s0, t3, s1
core   0: 3 0x80004686 (0x009e5433) x 8 0x00000000
core   0: 0x8000468a (0x41b05c33) sra     s8, zero, s11
core   0: 3 0x8000468a (0x41b05c33) x24 0x00000000
core   0: 0x8000468e (0x00001298) c.addi4spn a4, sp, 352
core   0: 3 0x8000468e (0x1298) x14 0x80000160
core   0: 0x80004690 (0x0126f9b3) and     s3, a3, s2
core   0: 3 0x80004690 (0x0126f9b3) x19 0x00000000
core   0: 0x80004694 (0x0f97ea97) auipc   s5, 0xf97e
core   0: 3 0x80004694 (0x0f97ea97) x21 0x8f982694
core   0: 0x80004698 (0x0397c033) div     zero, a5, s9
core   0: 3 0x80004698 (0x0397c033)
core   0: 0x8000469c (0x11ac8693) addi    a3, s9, 282
core   0: 3 0x8000469c (0x11ac8693) x13 0x0000011b
core   0: 0x800046a0 (0x00000001) c.nop
core   0: 3 0x800046a0 (0x0001)
core   0: 0x800046a2 (0x00000f4e) c.slli  t5, 19
core   0: 3 0x800046a2 (0x0f4e) x30 0x00000000
core   0: 0x800046a4 (0x00008189) c.srli  a1, 2
core   0: 3 0x800046a4 (0x8189) x11 0x028008f0
core   0: 0x800046a6 (0x00b4aeb3) slt     t4, s1, a1
core   0: 3 0x800046a6 (0x00b4aeb3) x29 0x00000001
core   0: 0x800046aa (0x40605d33) sra     s10, zero, t1
core   0: 3 0x800046aa (0x40605d33) x26 0x00000000
core   0: 0x800046ae (0x00006119) c.addi16sp sp, 384
core   0: 3 0x800046ae (0x6119) x 2 0x80000180
core   0: 0x800046b0 (0x02fb9a33) mulh    s4, s7, a5
core   0: 3 0x800046b0 (0x02fb9a33) x20 0x3ffef0ce
core   0: 0x800046b4 (0x029c33b3) mulhu   t2, s8, s1
core   0: 3 0x800046b4 (0x029c33b3) x 7 0x00000000
core   0: 0x800046b8 (0x18200993) li      s3, 386
core   0: 3 0x800046b8 (0x18200993) x19 0x00000182
core   0: 0x800046bc (0x00000d22) c.slli  s10, 8
core   0: 3 0x800046bc (0x0d22) x26 0x00000000
core   0: 0x800046be (0x03ec9963) bne     s9, t5, pc + 50
core   0: 3 0x800046be (0x03ec9963)
core   0: 0x800046f0 (0x006c9193) slli    gp, s9, 6
core   0: 3 0x800046f0 (0x006c9193) x 3 0x00000040
core   0: 0x800046f4 (0x40385913) srai    s2, a6, 3
core   0: 3 0x800046f4 (0x40385913) x18 0x00000000
core   0: 0x800046f8 (0x00004471) c.li    s0, 28
core   0: 3 0x800046f8 (0x4471) x 8 0x0000001c
core   0: 0x800046fa (0x0000100f) fence.i
core   0: 3 0x800046fa (0x0000100f)
core   0: 0x800046fe (0xa5e7b693) sltiu   a3, a5, -1442
core   0: 3 0x800046fe (0xa5e7b693) x13 0x00000001
core   0: 0x80004702 (0x402053b3) sra     t2, zero, sp
core   0: 3 0x80004702 (0x402053b3) x 7 0x00000000
core   0: 0x80004706 (0xad754c13) xori    s8, a0, -1321
core   0: 3 0x80004706 (0xad754c13) x24 0xfffffad5
core   0: 0x8000470a (0x03474a33) div     s4, a4, s4
core   0: 3 0x8000470a (0x03474a33) x20 0xfffffffe
core   0: 0x8000470e (0x034a7fb3) remu    t6, s4, s4
core   0: 3 0x8000470e (0x034a7fb3) x31 0x00000000
core   0: 0x80004712 (0x018eeeb3) or      t4, t4, s8
core   0: 3 0x80004712 (0x018eeeb3) x29 0xfffffad5
core   0: 0x80004716 (0x42473a93) sltiu   s5, a4, 1060
core   0: 3 0x80004716 (0x42473a93) x21 0x00000000
core   0: 0x8000471a (0x00000001) c.nop
core   0: 3 0x8000471a (0x0001)
core   0: 0x8000471c (0x022173b3) remu    t2, sp, sp
core   0: 3 0x8000471c (0x022173b3) x 7 0x00000000
core   0: 0x80004720 (0x00000001) c.nop
core   0: 3 0x80004720 (0x0001)
core   0: 0x80004722 (0x00008041) c.srli  s0, 16
core   0: 3 0x80004722 (0x8041) x 8 0x00000000
core   0: 0x80004724 (0xb2ca6d93) ori     s11, s4, -1236
core   0: 3 0x80004724 (0xb2ca6d93) x27 0xfffffffe
core   0: 0x80004728 (0xf47be293) ori     t0, s7, -185
core   0: 3 0x80004728 (0xf47be293) x 5 0xffffff67
core   0: 0x8000472c (0x03315163) bge     sp, s3, pc + 34
core   0: 3 0x8000472c (0x03315163)
core   0: 0x80004730 (0x02759cb3) mulh    s9, a1, t2
core   0: 3 0x80004730 (0x02759cb3) x25 0x00000000
core   0: 0x80004734 (0x20d2ad93) slti    s11, t0, 525
core   0: 3 0x80004734 (0x20d2ad93) x27 0x00000001
core   0: 0x80004738 (0x00000ece) c.slli  t4, 19
core   0: 3 0x80004738 (0x0ece) x29 0xd6a80000
core   0: 0x8000473a (0x03485eb3) divu    t4, a6, s4
core   0: 3 0x8000473a (0x03485eb3) x29 0x00000000
core   0: 0x8000473e (0x00fc28b3) slt     a7, s8, a5
core   0: 3 0x8000473e (0x00fc28b3) x17 0x00000000
core   0: 0x80004742 (0x015606b3) add     a3, a2, s5
core   0: 3 0x80004742 (0x015606b3) x13 0x00000001
core   0: 0x80004746 (0x00008dbd) c.xor   a1, a5
core   0: 3 0x80004746 (0x8dbd) x11 0x828008f0
core   0: 0x80004748 (0xf9a1c613) xori    a2, gp, -102
core   0: 3 0x80004748 (0xf9a1c613) x12 0xffffffda
core   0: 0x8000474c (0x00008d35) c.xor   a0, a3
core   0: 3 0x8000474c (0x8d35) x10 0x00000003
core   0: 0x8000474e (0x6c034a17) auipc   s4, 0x6c034
core   0: 3 0x8000474e (0x6c034a17) x20 0xec03874e
core   0: 0x80004752 (0x0012d113) srli    sp, t0, 1
core   0: 3 0x80004752 (0x0012d113) x 2 0x7fffffb3
core   0: 0x80004756 (0x0000c591) c.beqz  a1, pc + 12
core   0: 3 0x80004756 (0xc591)
core   0: 0x80004758 (0x003a5f33) srl     t5, s4, gp
core   0: 3 0x80004758 (0x003a5f33) x30 0xec03874e
core   0: 0x8000475c (0x00a86f63) bltu    a6, a0, pc + 30
core   0: 3 0x8000475c (0x00a86f63)
core   0: 0x8000477a (0x026c1163) bne     s8, t1, pc + 34
core   0: 3 0x8000477a (0x026c1163)
core   0: 0x8000479c (0xe0840813) addi    a6, s0, -504
core   0: 3 0x8000479c (0xe0840813) x16 0xfffffe08
core   0: 0x800047a0 (0x022c7063) bgeu    s8, sp, pc + 32
core   0: 3 0x800047a0 (0x022c7063)
core   0: 0x800047c0 (0x00000991) c.addi  s3, 4
core   0: 3 0x800047c0 (0x0991) x19 0x00000186
core   0: 0x800047c2 (0x00008e85) c.sub   a3, s1
core   0: 3 0x800047c2 (0x8e85) x13 0x7ffda31d
core   0: 0x800047c4 (0xff600693) li      a3, -10
core   0: 3 0x800047c4 (0xff600693) x13 0xfffffff6
core   0: 0x800047c8 (0x2e47ec93) ori     s9, a5, 740
core   0: 3 0x800047c8 (0x2e47ec93) x25 0x800002e4
core   0: 0x800047cc (0x003ad913) srli    s2, s5, 3
core   0: 3 0x800047cc (0x003ad913) x18 0x00000000
core   0: 0x800047d0 (0x00000ff2) c.slli  t6, 28
core   0: 3 0x800047d0 (0x0ff2) x31 0x00000000
core   0: 0x800047d2 (0x00000001) c.nop
core   0: 3 0x800047d2 (0x0001)
core   0: 0x800047d4 (0x01a05eb3) srl     t4, zero, s10
core   0: 3 0x800047d4 (0x01a05eb3) x29 0x00000000
core   0: 0x800047d8 (0xbb9dbc93) sltiu   s9, s11, -1095
core   0: 3 0x800047d8 (0xbb9dbc93) x25 0x00000001
core   0: 0x800047dc (0x2e0cbc93) sltiu   s9, s9, 736
core   0: 3 0x800047dc (0x2e0cbc93) x25 0x00000001
core   0: 0x800047e0 (0x0059cc33) xor     s8, s3, t0
core   0: 3 0x800047e0 (0x0059cc33) x24 0xfffffee1
core   0: 0x800047e4 (0x0ff0000f) fence   iorw,iorw
core   0: 3 0x800047e4 (0x0ff0000f)
core   0: 0x800047e8 (0x379c8137) lui     sp, 0x379c8
core   0: 3 0x800047e8 (0x379c8137) x 2 0x379c8000
core   0: 0x800047ec (0x00970cb3) add     s9, a4, s1
core   0: 3 0x800047ec (0x00970cb3) x25 0x00025e44
core   0: 0x800047f0 (0x00008672) c.mv    a2, t3
core   0: 3 0x800047f0 (0x8672) x12 0x0000000e
core   0: 0x800047f2 (0x00000685) c.addi  a3, 1
core   0: 3 0x800047f2 (0x0685) x13 0xfffffff7
core   0: 0x800047f4 (0x0344c0b3) div     ra, s1, s4
core   0: 3 0x800047f4 (0x0344c0b3) x 1 0x00000006
core   0: 0x800047f8 (0x00009f6a) c.add   t5, s10
core   0: 3 0x800047f8 (0x9f6a) x30 0xec03874e
core   0: 0x800047fa (0x00000001) c.nop
core   0: 3 0x800047fa (0x0001)
core   0: 0x800047fc (0x0000d2f5) c.beqz  a3, pc - 28
core   0: 3 0x800047fc (0xd2f5)
core   0: 0x800047fe (0x03df1433) mulh    s0, t5, t4
core   0: 3 0x800047fe (0x03df1433) x 8 0x00000000
core   0: 0x80004802 (0x00005efd) c.li    t4, -1
core   0: 3 0x80004802 (0x5efd) x29 0xffffffff
core   0: 0x80004804 (0x03852833) mulhsu  a6, a0, s8
core   0: 3 0x80004804 (0x03852833) x16 0x00000002
core   0: 0x80004808 (0x02974f63) blt     a4, s1, pc + 62
core   0: 3 0x80004808 (0x02974f63)
core   0: 0x80004846 (0x80e88c93) addi    s9, a7, -2034
core   0: 3 0x80004846 (0x80e88c93) x25 0xfffff80e
core   0: 0x8000484a (0x00006b49) c.lui   s6, 0x12
core   0: 3 0x8000484a (0x6b49) x22 0x00012000
core   0: 0x8000484c (0x4cba7e97) auipc   t4, 0x4cba7
core   0: 3 0x8000484c (0x4cba7e97) x29 0xccbab84c
core   0: 0x80004850 (0xf1326317) auipc   t1, 0xf1326
core   0: 3 0x80004850 (0xf1326317) x 6 0x7132a850
core   0: 0x80004854 (0x00006135) c.addi16sp sp, 352
core   0: 3 0x80004854 (0x6135) x 2 0x379c8160
core   0: 0x80004856 (0x011e5533) srl     a0, t3, a7
core   0: 3 0x80004856 (0x011e5533) x10 0x0000000e
core   0: 0x8000485a (0x01101393) slli    t2, zero, 17
core   0: 3 0x8000485a (0x01101393) x 7 0x00000000
core   0: 0x8000485e (0x0202ed33) rem     s10, t0, zero
core   0: 3 0x8000485e (0x0202ed33) x26 0xffffff67
core   0: 0x80004862 (0x02f950b3) divu    ra, s2, a5
core   0: 3 0x80004862 (0x02f950b3) x 1 0x00000000
core   0: 0x80004866 (0x0234a9b3) mulhsu  s3, s1, gp
core   0: 3 0x80004866 (0x0234a9b3) x19 0xffffffe0
core   0: 0x8000486a (0x03028a33) mul     s4, t0, a6
core   0: 3 0x8000486a (0x03028a33) x20 0xfffffece
core   0: 0x8000486e (0x00000001) c.nop
core   0: 3 0x8000486e (0x0001)
core   0: 0x80004870 (0x00008271) c.srli  a2, 28
core   0: 3 0x80004870 (0x8271) x12 0x00000000
core   0: 0x80004872 (0x022e15b3) mulh    a1, t3, sp
core   0: 3 0x80004872 (0x022e15b3) x11 0x00000003
core   0: 0x80004876 (0x00009afd) c.andi  a3, -1
core   0: 3 0x80004876 (0x9afd) x13 0xfffffff7
core   0: 0x80004878 (0x022a2333) mulhsu  t1, s4, sp
core   0: 3 0x80004878 (0x022a2333) x 6 0xffffffbd
core   0: 0x8000487c (0x0347fe33) remu    t3, a5, s4
core   0: 3 0x8000487c (0x0347fe33) x28 0x80000000
core   0: 0x80004880 (0x03b9d6b3) divu    a3, s3, s11
core   0: 3 0x80004880 (0x03b9d6b3) x13 0xffffffe0
core   0: 0x80004884 (0x02dace33) div     t3, s5, a3
core   0: 3 0x80004884 (0x02dace33) x28 0x00000000
core   0: 0x80004888 (0x40e55b13) srai    s6, a0, 14
core   0: 3 0x80004888 (0x40e55b13) x22 0x00000000
core   0: 0x8000488c (0x02ddf8b3) remu    a7, s11, a3
core   0: 3 0x8000488c (0x02ddf8b3) x17 0x00000001
core   0: 0x80004890 (0x0ff0000f) fence   iorw,iorw
core   0: 3 0x80004890 (0x0ff0000f)
core   0: 0x80004894 (0x0000651d) c.lui   a0, 0x7
core   0: 3 0x80004894 (0x651d) x10 0x00007000
core   0: 0x80004896 (0x0000ee49) c.bnez  a2, pc + 154
core   0: 3 0x80004896 (0xee49)
core   0: 0x80004898 (0x00000926) c.slli  s2, 9
core   0: 3 0x80004898 (0x0926) x18 0x00000000
core   0: 0x8000489a (0x01f1ee93) ori     t4, gp, 31
core   0: 3 0x8000489a (0x01f1ee93) x29 0x0000005f
core   0: 0x8000489e (0x000082a5) c.srli  a3, 9
core   0: 3 0x8000489e (0x82a5) x13 0x007fffff
core   0: 0x800048a0 (0x099a8863) beq     s5, s9, pc + 144
core   0: 3 0x800048a0 (0x099a8863)
core   0: 0x800048a4 (0xfff00d13) li      s10, -1
core   0: 3 0x800048a4 (0xfff00d13) x26 0xffffffff
core   0: 0x800048a8 (0x00000001) c.nop
core   0: 3 0x800048a8 (0x0001)
core   0: 0x800048aa (0x00008f05) c.sub   a4, s1
core   0: 3 0x800048aa (0x8f05) x14 0xfffda47c
core   0: 0x800048ac (0x00008e3d) c.xor   a2, a5
core   0: 3 0x800048ac (0x8e3d) x12 0x80000000
core   0: 0x800048ae (0x00004d89) c.li    s11, 2
core   0: 3 0x800048ae (0x4d89) x27 0x00000002
core   0: 0x800048b0 (0x00000001) c.nop
core   0: 3 0x800048b0 (0x0001)
core   0: 0x800048b2 (0x00c3eb33) or      s6, t2, a2
core   0: 3 0x800048b2 (0x00c3eb33) x22 0x80000000
core   0: 0x800048b6 (0x03cbd2b3) divu    t0, s7, t3
core   0: 3 0x800048b6 (0x03cbd2b3) x 5 0xffffffff
core   0: 0x800048ba (0x00000f00) c.addi4spn s0, sp, 912
core   0: 3 0x800048ba (0x0f00) x 8 0x379c84f0
core   0: 0x800048bc (0x00008d6d) c.and   a0, a1
core   0: 3 0x800048bc (0x8d6d) x10 0x00000000
core   0: 0x800048be (0x0000100f) fence.i
core   0: 3 0x800048be (0x0000100f)
core   0: 0x800048c2 (0x009c88b3) add     a7, s9, s1
core   0: 3 0x800048c2 (0x009c88b3) x17 0x800254f2
core   0: 0x800048c6 (0x0000717d) c.addi16sp sp, -16
core   0: 3 0x800048c6 (0x717d) x 2 0x379c8150
core   0: 0x800048c8 (0x00d00693) li      a3, 13
core   0: 3 0x800048c8 (0x00d00693) x13 0x0000000d
core   0: 0x800048cc (0x02689db3) mulh    s11, a7, t1
core   0: 3 0x800048cc (0x02689db3) x27 0x00000021
core   0: 0x800048d0 (0x03fb7733) remu    a4, s6, t6
core   0: 3 0x800048d0 (0x03fb7733) x14 0x80000000
core   0: 0x800048d4 (0x000050fd) c.li    ra, -1
core   0: 3 0x800048d4 (0x50fd) x 1 0xffffffff
core   0: 0x800048d6 (0x00000d11) c.addi  s10, 4
core   0: 3 0x800048d6 (0x0d11) x26 0x00000003
core   0: 0x800048d8 (0x00008c51) c.or    s0, a2
core   0: 3 0x800048d8 (0x8c51) x 8 0xb79c84f0
core   0: 0x800048da (0x0ff0000f) fence   iorw,iorw
core   0: 3 0x800048da (0x0ff0000f)
core   0: 0x800048de (0x8f0dad93) slti    s11, s11, -1808
core   0: 3 0x800048de (0x8f0dad93) x27 0x00000000
core   0: 0x800048e2 (0xfedd47e3) blt     s10, a3, pc - 18
core   0: 3 0x800048e2 (0xfedd47e3)
core   0: 0x800048d0 (0x03fb7733) remu    a4, s6, t6
core   0: 3 0x800048d0 (0x03fb7733) x14 0x80000000
core   0: 0x800048d4 (0x000050fd) c.li    ra, -1
core   0: 3 0x800048d4 (0x50fd) x 1 0xffffffff
core   0: 0x800048d6 (0x00000d11) c.addi  s10, 4
core   0: 3 0x800048d6 (0x0d11) x26 0x00000007
core   0: 0x800048d8 (0x00008c51) c.or    s0, a2
core   0: 3 0x800048d8 (0x8c51) x 8 0xb79c84f0
core   0: 0x800048da (0x0ff0000f) fence   iorw,iorw
core   0: 3 0x800048da (0x0ff0000f)
core   0: 0x800048de (0x8f0dad93) slti    s11, s11, -1808
core   0: 3 0x800048de (0x8f0dad93) x27 0x00000000
core   0: 0x800048e2 (0xfedd47e3) blt     s10, a3, pc - 18
core   0: 3 0x800048e2 (0xfedd47e3)
core   0: 0x800048d0 (0x03fb7733) remu    a4, s6, t6
core   0: 3 0x800048d0 (0x03fb7733) x14 0x80000000
core   0: 0x800048d4 (0x000050fd) c.li    ra, -1
core   0: 3 0x800048d4 (0x50fd) x 1 0xffffffff
core   0: 0x800048d6 (0x00000d11) c.addi  s10, 4
core   0: 3 0x800048d6 (0x0d11) x26 0x0000000b
core   0: 0x800048d8 (0x00008c51) c.or    s0, a2
core   0: 3 0x800048d8 (0x8c51) x 8 0xb79c84f0
core   0: 0x800048da (0x0ff0000f) fence   iorw,iorw
core   0: 3 0x800048da (0x0ff0000f)
core   0: 0x800048de (0x8f0dad93) slti    s11, s11, -1808
core   0: 3 0x800048de (0x8f0dad93) x27 0x00000000
core   0: 0x800048e2 (0xfedd47e3) blt     s10, a3, pc - 18
core   0: 3 0x800048e2 (0xfedd47e3)
core   0: 0x800048d0 (0x03fb7733) remu    a4, s6, t6
core   0: 3 0x800048d0 (0x03fb7733) x14 0x80000000
core   0: 0x800048d4 (0x000050fd) c.li    ra, -1
core   0: 3 0x800048d4 (0x50fd) x 1 0xffffffff
core   0: 0x800048d6 (0x00000d11) c.addi  s10, 4
core   0: 3 0x800048d6 (0x0d11) x26 0x0000000f
core   0: 0x800048d8 (0x00008c51) c.or    s0, a2
core   0: 3 0x800048d8 (0x8c51) x 8 0xb79c84f0
core   0: 0x800048da (0x0ff0000f) fence   iorw,iorw
core   0: 3 0x800048da (0x0ff0000f)
core   0: 0x800048de (0x8f0dad93) slti    s11, s11, -1808
core   0: 3 0x800048de (0x8f0dad93) x27 0x00000000
core   0: 0x800048e2 (0xfedd47e3) blt     s10, a3, pc - 18
core   0: 3 0x800048e2 (0xfedd47e3)
core   0: 0x800048e6 (0x0000059e) c.slli  a1, 7
core   0: 3 0x800048e6 (0x059e) x11 0x00000180
core   0: 0x800048e8 (0x036bb733) mulhu   a4, s7, s6
core   0: 3 0x800048e8 (0x036bb733) x14 0x40010f32
core   0: 0x800048ec (0x00008d6d) c.and   a0, a1
core   0: 3 0x800048ec (0x8d6d) x10 0x00000000
core   0: 0x800048ee (0x016c0db3) add     s11, s8, s6
core   0: 3 0x800048ee (0x016c0db3) x27 0x7ffffee1
core   0: 0x800048f2 (0x00008da5) c.xor   a1, s1
core   0: 3 0x800048f2 (0x8da5) x11 0x80025d64
core   0: 0x800048f4 (0x00008a85) c.andi  a3, 1
core   0: 3 0x800048f4 (0x8a85) x13 0x00000001
core   0: 0x800048f6 (0x09f3ee93) ori     t4, t2, 159
core   0: 3 0x800048f6 (0x09f3ee93) x29 0x0000009f
core   0: 0x800048fa (0x00800a93) li      s5, 8
core   0: 3 0x800048fa (0x00800a93) x21 0x00000008
core   0: 0x800048fe (0x00400b13) li      s6, 4
core   0: 3 0x800048fe (0x00400b13) x22 0x00000004
core   0: 0x80004902 (0x0282a3b3) mulhsu  t2, t0, s0
core   0: 3 0x80004902 (0x0282a3b3) x 7 0xffffffff
core   0: 0x80004906 (0x00001af9) c.addi  s5, -2
core   0: 3 0x80004906 (0x1af9) x21 0x00000006
core   0: 0x80004908 (0x00008c01) c.sub   s0, s0
core   0: 3 0x80004908 (0x8c01) x 8 0x00000000
core   0: 0x8000490a (0xffb00693) li      a3, -5
core   0: 3 0x8000490a (0xffb00693) x13 0xfffffffb
core   0: 0x8000490e (0x00300f13) li      t5, 3
core   0: 3 0x8000490e (0x00300f13) x30 0x00000003
core   0: 0x80004912 (0x0000828a) c.mv    t0, sp
core   0: 3 0x80004912 (0x828a) x 5 0x379c8150
core   0: 0x80004914 (0x03993733) mulhu   a4, s2, s9
core   0: 3 0x80004914 (0x03993733) x14 0x00000000
core   0: 0x80004918 (0x000006a9) c.addi  a3, 10
core   0: 3 0x80004918 (0x06a9) x13 0x00000005
core   0: 0x8000491a (0xffe6ece3) bltu    a3, t5, pc - 8
core   0: 3 0x8000491a (0xffe6ece3)
core   0: 0x8000491e (0xff6af2e3) bgeu    s5, s6, pc - 28
core   0: 3 0x8000491e (0xff6af2e3)
core   0: 0x80004902 (0x0282a3b3) mulhsu  t2, t0, s0
core   0: 3 0x80004902 (0x0282a3b3) x 7 0x00000000
core   0: 0x80004906 (0x00001af9) c.addi  s5, -2
core   0: 3 0x80004906 (0x1af9) x21 0x00000004
core   0: 0x80004908 (0x00008c01) c.sub   s0, s0
core   0: 3 0x80004908 (0x8c01) x 8 0x00000000
core   0: 0x8000490a (0xffb00693) li      a3, -5
core   0: 3 0x8000490a (0xffb00693) x13 0xfffffffb
core   0: 0x8000490e (0x00300f13) li      t5, 3
core   0: 3 0x8000490e (0x00300f13) x30 0x00000003
core   0: 0x80004912 (0x0000828a) c.mv    t0, sp
core   0: 3 0x80004912 (0x828a) x 5 0x379c8150
core   0: 0x80004914 (0x03993733) mulhu   a4, s2, s9
core   0: 3 0x80004914 (0x03993733) x14 0x00000000
core   0: 0x80004918 (0x000006a9) c.addi  a3, 10
core   0: 3 0x80004918 (0x06a9) x13 0x00000005
core   0: 0x8000491a (0xffe6ece3) bltu    a3, t5, pc - 8
core   0: 3 0x8000491a (0xffe6ece3)
core   0: 0x8000491e (0xff6af2e3) bgeu    s5, s6, pc - 28
core   0: 3 0x8000491e (0xff6af2e3)
core   0: 0x80004902 (0x0282a3b3) mulhsu  t2, t0, s0
core   0: 3 0x80004902 (0x0282a3b3) x 7 0x00000000
core   0: 0x80004906 (0x00001af9) c.addi  s5, -2
core   0: 3 0x80004906 (0x1af9) x21 0x00000002
core   0: 0x80004908 (0x00008c01) c.sub   s0, s0
core   0: 3 0x80004908 (0x8c01) x 8 0x00000000
core   0: 0x8000490a (0xffb00693) li      a3, -5
core   0: 3 0x8000490a (0xffb00693) x13 0xfffffffb
core   0: 0x8000490e (0x00300f13) li      t5, 3
core   0: 3 0x8000490e (0x00300f13) x30 0x00000003
core   0: 0x80004912 (0x0000828a) c.mv    t0, sp
core   0: 3 0x80004912 (0x828a) x 5 0x379c8150
core   0: 0x80004914 (0x03993733) mulhu   a4, s2, s9
core   0: 3 0x80004914 (0x03993733) x14 0x00000000
core   0: 0x80004918 (0x000006a9) c.addi  a3, 10
core   0: 3 0x80004918 (0x06a9) x13 0x00000005
core   0: 0x8000491a (0xffe6ece3) bltu    a3, t5, pc - 8
core   0: 3 0x8000491a (0xffe6ece3)
core   0: 0x8000491e (0xff6af2e3) bgeu    s5, s6, pc - 28
core   0: 3 0x8000491e (0xff6af2e3)
core   0: 0x80004922 (0x00008db9) c.xor   a1, a4
core   0: 3 0x80004922 (0x8db9) x11 0x80025d64
core   0: 0x80004924 (0x04347163) bgeu    s0, gp, pc + 66
core   0: 3 0x80004924 (0x04347163)
core   0: 0x80004928 (0x40895f33) sra     t5, s2, s0
core   0: 3 0x80004928 (0x40895f33) x30 0x00000000
core   0: 0x8000492c (0x0154b3b3) sltu    t2, s1, s5
core   0: 3 0x8000492c (0x0154b3b3) x 7 0x00000000
core   0: 0x80004930 (0x000089f9) c.andi  a1, 30
core   0: 3 0x80004930 (0x89f9) x11 0x00000004
core   0: 0x80004932 (0x00000001) c.nop
core   0: 3 0x80004932 (0x0001)
core   0: 0x80004934 (0x03f79433) mulh    s0, a5, t6
core   0: 3 0x80004934 (0x03f79433) x 8 0x00000000
core   0: 0x80004938 (0x4180dd93) srai    s11, ra, 24
core   0: 3 0x80004938 (0x4180dd93) x27 0xffffffff
core   0: 0x8000493c (0x00008da5) c.xor   a1, s1
core   0: 3 0x8000493c (0x8da5) x11 0x80025ce0
core   0: 0x8000493e (0x03277e33) remu    t3, a4, s2
core   0: 3 0x8000493e (0x03277e33) x28 0x00000000
core   0: 0x80004942 (0x002a0563) beq     s4, sp, pc + 10
core   0: 3 0x80004942 (0x002a0563)
core   0: 0x80004946 (0xc6d46413) ori     s0, s0, -915
core   0: 3 0x80004946 (0xc6d46413) x 8 0xfffffc6d
core   0: 0x8000494a (0x00008cd2) c.mv    s9, s4
core   0: 3 0x8000494a (0x8cd2) x25 0xfffffece
core   0: 0x8000494c (0x00d76eb3) or      t4, a4, a3
core   0: 3 0x8000494c (0x00d76eb3) x29 0x00000005
core   0: 0x80004950 (0x00008d39) c.xor   a0, a4
core   0: 3 0x80004950 (0x8d39) x10 0x00000000
core   0: 0x80004952 (0x40a8d6b3) sra     a3, a7, a0
core   0: 3 0x80004952 (0x40a8d6b3) x13 0x800254f2
core   0: 0x80004956 (0x018749b3) xor     s3, a4, s8
core   0: 3 0x80004956 (0x018749b3) x19 0xfffffee1
core   0: 0x8000495a (0x8f508893) addi    a7, ra, -1803
core   0: 3 0x8000495a (0x8f508893) x17 0xfffff8f4
core   0: 0x8000495e (0x00fa56b3) srl     a3, s4, a5
core   0: 3 0x8000495e (0x00fa56b3) x13 0xfffffece
core   0: 0x80004962 (0x0227e433) rem     s0, a5, sp
core   0: 3 0x80004962 (0x0227e433) x 8 0xef3902a0
core   0: 0x80004966 (0x2b37f313) andi    t1, a5, 691
core   0: 3 0x80004966 (0x2b37f313) x 6 0x00000000
core   0: 0x8000496a (0x549b6e93) ori     t4, s6, 1353
core   0: 3 0x8000496a (0x549b6e93) x29 0x0000054d
core   0: 0x8000496e (0x00008f49) c.or    a4, a0
core   0: 3 0x8000496e (0x8f49) x14 0x00000000
core   0: 0x80004970 (0x401c5633) sra     a2, s8, ra
core   0: 3 0x80004970 (0x401c5633) x12 0xffffffff
core   0: 0x80004974 (0x0070b933) sltu    s2, ra, t2
core   0: 3 0x80004974 (0x0070b933) x18 0x00000000
core   0: 0x80004978 (0x01942ab3) slt     s5, s0, s9
core   0: 3 0x80004978 (0x01942ab3) x21 0x00000001
core   0: 0x8000497c (0x026cd133) divu    sp, s9, t1
core   0: 3 0x8000497c (0x026cd133) x 2 0xffffffff
core   0: 0x80004980 (0x00006171) c.addi16sp sp, 336
core   0: 3 0x80004980 (0x6171) x 2 0x0000014f
core   0: 0x80004982 (0x00008c65) c.and   s0, s1
core   0: 3 0x80004982 (0x8c65) x 8 0x800000a0
core   0: 0x80004984 (0x020f41b3) div     gp, t5, zero
core   0: 3 0x80004984 (0x020f41b3) x 3 0xffffffff
core   0: 0x80004988 (0x03df5363) bge     t5, t4, pc + 38
core   0: 3 0x80004988 (0x03df5363)
core   0: 0x8000498c (0x036a1333) mulh    t1, s4, s6
core   0: 3 0x8000498c (0x036a1333) x 6 0xffffffff
core   0: 0x80004990 (0x0000610d) c.addi16sp sp, 160
core   0: 3 0x80004990 (0x610d) x 2 0x000001ef
core   0: 0x80004992 (0x40a885b3) sub     a1, a7, a0
core   0: 3 0x80004992 (0x40a885b3) x11 0xfffff8f4
core   0: 0x80004996 (0x0000587d) c.li    a6, -1
core   0: 3 0x80004996 (0x587d) x16 0xffffffff
core   0: 0x80004998 (0x0018b6b3) sltu    a3, a7, ra
core   0: 3 0x80004998 (0x0018b6b3) x13 0x00000001
core   0: 0x8000499c (0x00008d49) c.or    a0, a0
core   0: 3 0x8000499c (0x8d49) x10 0x00000000
core   0: 0x8000499e (0x00274cb3) xor     s9, a4, sp
core   0: 3 0x8000499e (0x00274cb3) x25 0x000001ef
core   0: 0x800049a2 (0xb5612993) slti    s3, sp, -1194
core   0: 3 0x800049a2 (0xb5612993) x19 0x00000000
core   0: 0x800049a6 (0x00008586) c.mv    a1, ra
core   0: 3 0x800049a6 (0x8586) x11 0xffffffff
core   0: 0x800049a8 (0x021a65b3) rem     a1, s4, ra
core   0: 3 0x800049a8 (0x021a65b3) x11 0x00000000
core   0: 0x800049ac (0x000049b9) c.li    s3, 14
core   0: 3 0x800049ac (0x49b9) x19 0x0000000e
core   0: 0x800049ae (0x01077f33) and     t5, a4, a6
core   0: 3 0x800049ae (0x01077f33) x30 0x00000000
core   0: 0x800049b2 (0x004ccdb3) xor     s11, s9, tp
core   0: 3 0x800049b2 (0x004ccdb3) x27 0x000001ee
core   0: 0x800049b6 (0x0ff0000f) fence   iorw,iorw
core   0: 3 0x800049b6 (0x0ff0000f)
core   0: 0x800049ba (0x038673b3) remu    t2, a2, s8
core   0: 3 0x800049ba (0x038673b3) x 7 0x0000011e
core   0: 0x800049be (0x0000ed8d) c.bnez  a1, pc + 58
core   0: 3 0x800049be (0xed8d)
core   0: 0x800049c0 (0x00008841) c.andi  s0, 16
core   0: 3 0x800049c0 (0x8841) x 8 0x00000000
core   0: 0x800049c2 (0x008e0333) add     t1, t3, s0
core   0: 3 0x800049c2 (0x008e0333) x 6 0x00000000
core   0: 0x800049c6 (0x0161d633) srl     a2, gp, s6
core   0: 3 0x800049c6 (0x0161d633) x12 0x0fffffff
core   0: 0x800049ca (0x00006161) c.addi16sp sp, 80
core   0: 3 0x800049ca (0x6161) x 2 0x0000023f
core   0: 0x800049cc (0x00008659) c.srai  a2, 22
core   0: 3 0x800049cc (0x8659) x12 0x0000003f
core   0: 0x800049ce (0x000099fd) c.andi  a1, -1
core   0: 3 0x800049ce (0x99fd) x11 0x00000000
core   0: 0x800049d0 (0x000005f2) c.slli  a1, 28
core   0: 3 0x800049d0 (0x05f2) x11 0x00000000
core   0: 0x800049d2 (0x414cd513) srai    a0, s9, 20
core   0: 3 0x800049d2 (0x414cd513) x10 0x00000000
core   0: 0x800049d6 (0x408c5eb3) sra     t4, s8, s0
core   0: 3 0x800049d6 (0x408c5eb3) x29 0xfffffee1
core   0: 0x800049da (0xe7583113) sltiu   sp, a6, -395
core   0: 3 0x800049da (0xe7583113) x 2 0x00000000
core   0: 0x800049de (0x00008f4d) c.or    a4, a1
core   0: 3 0x800049de (0x8f4d) x14 0x00000000
core   0: 0x800049e0 (0x0000117d) c.addi  sp, -1
core   0: 3 0x800049e0 (0x117d) x 2 0xffffffff
core   0: 0x800049e2 (0x61cc5117) auipc   sp, 0x61cc5
core   0: 3 0x800049e2 (0x61cc5117) x 2 0xe1cc99e2
core   0: 0x800049e6 (0x002f5133) srl     sp, t5, sp
core   0: 3 0x800049e6 (0x002f5133) x 2 0x00000000
core   0: 0x800049ea (0x00008e86) c.mv    t4, ra
core   0: 3 0x800049ea (0x8e86) x29 0xffffffff
core   0: 0x800049ec (0x00383d33) sltu    s10, a6, gp
core   0: 3 0x800049ec (0x00383d33) x26 0x00000000
core   0: 0x800049f0 (0x0099cb63) blt     s3, s1, pc + 22
core   0: 3 0x800049f0 (0x0099cb63)
core   0: 0x800049f4 (0x01dec6b3) xor     a3, t4, t4
core   0: 3 0x800049f4 (0x01dec6b3) x13 0x00000000
core   0: 0x800049f8 (0x000019fd) c.addi  s3, -1
core   0: 3 0x800049f8 (0x19fd) x19 0x0000000d
core   0: 0x800049fa (0x3b27e0b7) lui     ra, 0x3b27e
core   0: 3 0x800049fa (0x3b27e0b7) x 1 0x3b27e000
core   0: 0x800049fe (0x003d9863) bne     s11, gp, pc + 16
core   0: 3 0x800049fe (0x003d9863)
core   0: 0x80004a0e (0x764f3993) sltiu   s3, t5, 1892
core   0: 3 0x80004a0e (0x764f3993) x19 0x00000001
core   0: 0x80004a12 (0x409dd013) srai    zero, s11, 9
core   0: 3 0x80004a12 (0x409dd013)
core   0: 0x80004a16 (0xa6dd7093) andi    ra, s10, -1427
core   0: 3 0x80004a16 (0xa6dd7093) x 1 0x00000000
core   0: 0x80004a1a (0x01ac5693) srli    a3, s8, 26
core   0: 3 0x80004a1a (0x01ac5693) x13 0x0000003f
core   0: 0x80004a1e (0x02a3a8b3) mulhsu  a7, t2, a0
core   0: 3 0x80004a1e (0x02a3a8b3) x17 0x00000000
core   0: 0x80004a22 (0xbc1b3f93) sltiu   t6, s6, -1087
core   0: 3 0x80004a22 (0xbc1b3f93) x31 0x00000001
core   0: 0x80004a26 (0x00006105) c.addi16sp sp, 32
core   0: 3 0x80004a26 (0x6105) x 2 0x00000020
core   0: 0x80004a28 (0x0000c68d) c.beqz  a3, pc + 42
core   0: 3 0x80004a28 (0xc68d)
core   0: 0x80004a2a (0x00009afd) c.andi  a3, -1
core   0: 3 0x80004a2a (0x9afd) x13 0x0000003f
core   0: 0x80004a2c (0x00005c7d) c.li    s8, -1
core   0: 3 0x80004a2c (0x5c7d) x24 0xffffffff
core   0: 0x80004a2e (0x00005dfd) c.li    s11, -1
core   0: 3 0x80004a2e (0x5dfd) x27 0xffffffff
core   0: 0x80004a30 (0x73f2e993) ori     s3, t0, 1855
core   0: 3 0x80004a30 (0x73f2e993) x19 0x379c877f
core   0: 0x80004a34 (0x00000001) c.nop
core   0: 3 0x80004a34 (0x0001)
core   0: 0x80004a36 (0x0000831d) c.srli  a4, 7
core   0: 3 0x80004a36 (0x831d) x14 0x00000000
core   0: 0x80004a38 (0x01cc9cb3) sll     s9, s9, t3
core   0: 3 0x80004a38 (0x01cc9cb3) x25 0x000001ef
core   0: 0x80004a3c (0x00131f63) bne     t1, ra, pc + 30
core   0: 3 0x80004a3c (0x00131f63)
core   0: 0x80004a40 (0x01030733) add     a4, t1, a6
core   0: 3 0x80004a40 (0x01030733) x14 0xffffffff
core   0: 0x80004a44 (0x00008df5) c.and   a1, a3
core   0: 3 0x80004a44 (0x8df5) x11 0x00000000
core   0: 0x80004a46 (0x00f94333) xor     t1, s2, a5
core   0: 3 0x80004a46 (0x00f94333) x 6 0x80000000
core   0: 0x80004a4a (0x40eed833) sra     a6, t4, a4
core   0: 3 0x80004a4a (0x40eed833) x16 0xffffffff
core   0: 0x80004a4e (0x034d8cb3) mul     s9, s11, s4
core   0: 3 0x80004a4e (0x034d8cb3) x25 0x00000132
core   0: 0x80004a52 (0x000003e9) c.addi  t2, 26
core   0: 3 0x80004a52 (0x03e9) x 7 0x00000138
core   0: 0x80004a54 (0x034ef833) remu    a6, t4, s4
core   0: 3 0x80004a54 (0x034ef833) x16 0x00000131
core   0: 0x80004a58 (0x00008c79) c.and   s0, a4
core   0: 3 0x80004a58 (0x8c79) x 8 0x00000000
core   0: 0x80004a5a (0x00000e52) c.slli  t3, 20
core   0: 3 0x80004a5a (0x0e52) x28 0x00000000
core   0: 0x80004a5c (0x00008e36) c.mv    t3, a3
core   0: 3 0x80004a5c (0x8e36) x28 0x0000003f
core   0: 0x80004a5e (0x41f80eb3) sub     t4, a6, t6
core   0: 3 0x80004a5e (0x41f80eb3) x29 0x00000130
core   0: 0x80004a62 (0x0000cd91) c.beqz  a1, pc + 28
core   0: 3 0x80004a62 (0xcd91)
core   0: 0x80004a7e (0x7f0ba313) slti    t1, s7, 2032
core   0: 3 0x80004a7e (0x7f0ba313) x 6 0x00000001
core   0: 0x80004a82 (0x02cdea33) rem     s4, s11, a2
core   0: 3 0x80004a82 (0x02cdea33) x20 0xffffffff
core   0: 0x80004a86 (0x004cb3b3) sltu    t2, s9, tp
core   0: 3 0x80004a86 (0x004cb3b3) x 7 0x00000000
core   0: 0x80004a8a (0x03ff7b33) remu    s6, t5, t6
core   0: 3 0x80004a8a (0x03ff7b33) x22 0x00000000
core   0: 0x80004a8e (0x00008555) c.srai  a0, 21
core   0: 3 0x80004a8e (0x8555) x10 0x00000000
core   0: 0x80004a90 (0x000085b5) c.srai  a1, 13
core   0: 3 0x80004a90 (0x85b5) x11 0x00000000
core   0: 0x80004a92 (0x27180f93) addi    t6, a6, 625
core   0: 3 0x80004a92 (0x27180f93) x31 0x000003a2
core   0: 0x80004a96 (0x0244e933) rem     s2, s1, tp
core   0: 3 0x80004a96 (0x0244e933) x18 0x00000000
core   0: 0x80004a9a (0x02b325b3) mulhsu  a1, t1, a1
core   0: 3 0x80004a9a (0x02b325b3) x11 0x00000000
core   0: 0x80004a9e (0x00001d14) c.addi4spn a3, sp, 688
core   0: 3 0x80004a9e (0x1d14) x13 0x000002d0
core   0: 0x80004aa0 (0xa1ce4737) lui     a4, 0xa1ce4
core   0: 3 0x80004aa0 (0xa1ce4737) x14 0xa1ce4000
core   0: 0x80004aa4 (0x0392a5b3) mulhsu  a1, t0, s9
core   0: 3 0x80004aa4 (0x0392a5b3) x11 0x00000042
core   0: 0x80004aa8 (0x01b9db13) srli    s6, s3, 27
core   0: 3 0x80004aa8 (0x01b9db13) x22 0x00000006
core   0: 0x80004aac (0x0354f063) bgeu    s1, s5, pc + 32
core   0: 3 0x80004aac (0x0354f063)
core   0: 0x80004acc (0x00999263) bne     s3, s1, pc + 4
core   0: 3 0x80004acc (0x00999263)
core   0: 0x80004ad0 (0x00009afd) c.andi  a3, -1
core   0: 3 0x80004ad0 (0x9afd) x13 0x000002d0
core   0: 0x80004ad2 (0x00000001) c.nop
core   0: 3 0x80004ad2 (0x0001)
core   0: 0x80004ad4 (0x000086f2) c.mv    a3, t3
core   0: 3 0x80004ad4 (0x86f2) x13 0x0000003f
core   0: 0x80004ad6 (0x00008631) c.srai  a2, 12
core   0: 3 0x80004ad6 (0x8631) x12 0x00000000
core   0: 0x80004ad8 (0x03332d33) mulhsu  s10, t1, s3
core   0: 3 0x80004ad8 (0x03332d33) x26 0x00000000
core   0: 0x80004adc (0x01c75f63) bge     a4, t3, pc + 30
core   0: 3 0x80004adc (0x01c75f63)
core   0: 0x80004ae0 (0x038ccb33) div     s6, s9, s8
core   0: 3 0x80004ae0 (0x038ccb33) x22 0xfffffece
core   0: 0x80004ae4 (0x01818633) add     a2, gp, s8
core   0: 3 0x80004ae4 (0x01818633) x12 0xfffffffe
core   0: 0x80004ae8 (0x0000100f) fence.i
core   0: 3 0x80004ae8 (0x0000100f)
core   0: 0x80004aec (0x00008df1) c.and   a1, a2
core   0: 3 0x80004aec (0x8df1) x11 0x00000042
core   0: 0x80004aee (0x0000100f) fence.i
core   0: 3 0x80004aee (0x0000100f)
core   0: 0x80004af2 (0x02f56e63) bltu    a0, a5, pc + 60
core   0: 3 0x80004af2 (0x02f56e63)
core   0: 0x80004b2e (0x000069f9) c.lui   s3, 0x1e
core   0: 3 0x80004b2e (0x69f9) x19 0x0001e000
core   0: 0x80004b30 (0x009380b3) add     ra, t2, s1
core   0: 3 0x80004b30 (0x009380b3) x 1 0x80025ce4
core   0: 0x80004b34 (0x0316dc33) divu    s8, a3, a7
core   0: 3 0x80004b34 (0x0316dc33) x24 0xffffffff
core   0: 0x80004b38 (0x40f0d033) sra     zero, ra, a5
core   0: 3 0x80004b38 (0x40f0d033)
core   0: 0x80004b3c (0x00000001) c.nop
core   0: 3 0x80004b3c (0x0001)
core   0: 0x80004b3e (0x0000100f) fence.i
core   0: 3 0x80004b3e (0x0000100f)
core   0: 0x80004b42 (0x00eea0b3) slt     ra, t4, a4
core   0: 3 0x80004b42 (0x00eea0b3) x 1 0x00000000
core   0: 0x80004b46 (0x41cd0633) sub     a2, s10, t3
core   0: 3 0x80004b46 (0x41cd0633) x12 0xffffffc1
core   0: 0x80004b4a (0x76a62537) lui     a0, 0x76a62
core   0: 3 0x80004b4a (0x76a62537) x10 0x76a62000
core   0: 0x80004b4e (0x00008e95) c.sub   a3, a3
core   0: 3 0x80004b4e (0x8e95) x13 0x00000000
core   0: 0x80004b50 (0x03b472b3) remu    t0, s0, s11
core   0: 3 0x80004b50 (0x03b472b3) x 5 0x00000000
core   0: 0x80004b54 (0x029b63b3) rem     t2, s6, s1
core   0: 3 0x80004b54 (0x029b63b3) x 7 0xfffffece
core   0: 0x80004b58 (0xe2abae37) lui     t3, 0xe2aba
core   0: 3 0x80004b58 (0xe2abae37) x28 0xe2aba000
core   0: 0x80004b5c (0x0000461d) c.li    a2, 7
core   0: 3 0x80004b5c (0x461d) x12 0x00000007
core   0: 0x80004b5e (0x0000c511) c.beqz  a0, pc + 12
core   0: 3 0x80004b5e (0xc511)
core   0: 0x80004b60 (0x414c5593) srai    a1, s8, 20
core   0: 3 0x80004b60 (0x414c5593) x11 0xffffffff
core   0: 0x80004b64 (0x00004ce1) c.li    s9, 24
core   0: 3 0x80004b64 (0x4ce1) x25 0x00000018
core   0: 0x80004b66 (0x013a7f33) and     t5, s4, s3
core   0: 3 0x80004b66 (0x013a7f33) x30 0x0001e000
core   0: 0x80004b6a (0x00000001) c.nop
core   0: 3 0x80004b6a (0x0001)
core   0: 0x80004b6c (0x0000e21d) c.bnez  a2, pc + 38
core   0: 3 0x80004b6c (0xe21d)
core   0: 0x80004b92 (0x0181ed33) or      s10, gp, s8
core   0: 3 0x80004b92 (0x0181ed33) x26 0xffffffff
core   0: 0x80004b96 (0x5c88f293) andi    t0, a7, 1480
core   0: 3 0x80004b96 (0x5c88f293) x 5 0x00000000
core   0: 0x80004b9a (0x02c0f433) remu    s0, ra, a2
core   0: 3 0x80004b9a (0x02c0f433) x 8 0x00000000
core   0: 0x80004b9e (0x0178deb3) srl     t4, a7, s7
core   0: 3 0x80004b9e (0x0178deb3) x29 0x00000000
core   0: 0x80004ba2 (0x0ff0000f) fence   iorw,iorw
core   0: 3 0x80004ba2 (0x0ff0000f)
core   0: 0x80004ba6 (0x004bda13) srli    s4, s7, 4
core   0: 3 0x80004ba6 (0x004bda13) x20 0x080021e6
core   0: 0x80004baa (0x030f7133) remu    sp, t5, a6
core   0: 3 0x80004baa (0x030f7133) x 2 0x0000010e
core   0: 0x80004bae (0x0deba393) slti    t2, s7, 222
core   0: 3 0x80004bae (0x0deba393) x 7 0x00000001
core   0: 0x80004bb2 (0x40805593) srai    a1, zero, 8
core   0: 3 0x80004bb2 (0x40805593) x11 0x00000000
core   0: 0x80004bb6 (0x01f31963) bne     t1, t6, pc + 18
core   0: 3 0x80004bb6 (0x01f31963)
core   0: 0x80004bc8 (0xca0bb513) sltiu   a0, s7, -864
core   0: 3 0x80004bc8 (0xca0bb513) x10 0x00000001
core   0: 0x80004bcc (0x03d81533) mulh    a0, a6, t4
core   0: 3 0x80004bcc (0x03d81533) x10 0x00000000
core   0: 0x80004bd0 (0x02e276b3) remu    a3, tp, a4
core   0: 3 0x80004bd0 (0x02e276b3) x13 0x00000001
core   0: 0x80004bd4 (0x07a08893) addi    a7, ra, 122
core   0: 3 0x80004bd4 (0x07a08893) x17 0x0000007a
core   0: 0x80004bd8 (0x000043c1) c.li    t2, 16
core   0: 3 0x80004bd8 (0x43c1) x 7 0x00000010
core   0: 0x80004bda (0x0001efb3) or      t6, gp, zero
core   0: 3 0x80004bda (0x0001efb3) x31 0xffffffff
core   0: 0x80004bde (0x00ca26b3) slt     a3, s4, a2
core   0: 3 0x80004bde (0x00ca26b3) x13 0x00000000
core   0: 0x80004be2 (0x007fd3b3) srl     t2, t6, t2
core   0: 3 0x80004be2 (0x007fd3b3) x 7 0x0000ffff
core   0: 0x80004be6 (0x0000826d) c.srli  a2, 27
core   0: 3 0x80004be6 (0x826d) x12 0x00000000
core   0: 0x80004be8 (0x039a3c33) mulhu   s8, s4, s9
core   0: 3 0x80004be8 (0x039a3c33) x24 0x00000000
core   0: 0x80004bec (0x022cda63) bge     s9, sp, pc + 52
core   0: 3 0x80004bec (0x022cda63)
core   0: 0x80004bf0 (0x00009b46) c.add   s6, a7
core   0: 3 0x80004bf0 (0x9b46) x22 0xffffff48
core   0: 0x80004bf2 (0x9c2ac913) xori    s2, s5, -1598
core   0: 3 0x80004bf2 (0x9c2ac913) x18 0xfffff9c3
core   0: 0x80004bf6 (0x0000817d) c.srli  a0, 31
core   0: 3 0x80004bf6 (0x817d) x10 0x00000000
core   0: 0x80004bf8 (0x00008dcd) c.or    a1, a1
core   0: 3 0x80004bf8 (0x8dcd) x11 0x00000000
core   0: 0x80004bfa (0x0078aa33) slt     s4, a7, t2
core   0: 3 0x80004bfa (0x0078aa33) x20 0x00000001
core   0: 0x80004bfe (0x00008ef1) c.and   a3, a2
core   0: 3 0x80004bfe (0x8ef1) x13 0x00000000
core   0: 0x80004c00 (0x0000008a) c.slli  ra, 2
core   0: 3 0x80004c00 (0x008a) x 1 0x00000000
core   0: 0x80004c02 (0x405b8a33) sub     s4, s7, t0
core   0: 3 0x80004c02 (0x405b8a33) x20 0x80021e64
core   0: 0x80004c06 (0x0000c991) c.beqz  a1, pc + 20
core   0: 3 0x80004c06 (0xc991)
core   0: 0x80004c1a (0x0000613d) c.addi16sp sp, 480
core   0: 3 0x80004c1a (0x613d) x 2 0x000002ee
core   0: 0x80004c1c (0x039eb333) mulhu   t1, t4, s9
core   0: 3 0x80004c1c (0x039eb333) x 6 0x00000000
core   0: 0x80004c20 (0x00008b29) c.andi  a4, 10
core   0: 3 0x80004c20 (0x8b29) x14 0x00000000
core   0: 0x80004c22 (0x0170ed33) or      s10, ra, s7
core   0: 3 0x80004c22 (0x0170ed33) x26 0x80021e64
core   0: 0x80004c26 (0x00008231) c.srli  a2, 12
core   0: 3 0x80004c26 (0x8231) x12 0x00000000
core   0: 0x80004c28 (0x03b433b3) mulhu   t2, s0, s11
core   0: 3 0x80004c28 (0x03b433b3) x 7 0x00000000
core   0: 0x80004c2c (0x00009b7d) c.andi  a4, -1
core   0: 3 0x80004c2c (0x9b7d) x14 0x00000000
core   0: 0x80004c2e (0x67710f93) addi    t6, sp, 1655
core   0: 3 0x80004c2e (0x67710f93) x31 0x00000965
core   0: 0x80004c32 (0x03066db3) rem     s11, a2, a6
core   0: 3 0x80004c32 (0x03066db3) x27 0x00000000
core   0: 0x80004c36 (0x00008985) c.andi  a1, 1
core   0: 3 0x80004c36 (0x8985) x11 0x00000000
core   0: 0x80004c38 (0x00008759) c.srai  a4, 22
core   0: 3 0x80004c38 (0x8759) x14 0x00000000
core   0: 0x80004c3a (0x00008d51) c.or    a0, a2
core   0: 3 0x80004c3a (0x8d51) x10 0x00000000
core   0: 0x80004c3c (0x000056fd) c.li    a3, -1
core   0: 3 0x80004c3c (0x56fd) x13 0xffffffff
core   0: 0x80004c3e (0x0138a6b3) slt     a3, a7, s3
core   0: 3 0x80004c3e (0x0138a6b3) x13 0x00000001
core   0: 0x80004c42 (0x00f15993) srli    s3, sp, 15
core   0: 3 0x80004c42 (0x00f15993) x19 0x00000000
core   0: 0x80004c46 (0x00008e81) c.sub   a3, s0
core   0: 3 0x80004c46 (0x8e81) x13 0x00000001
core   0: 0x80004c48 (0x03dde863) bltu    s11, t4, pc + 48
core   0: 3 0x80004c48 (0x03dde863)
core   0: 0x80004c4c (0x01759733) sll     a4, a1, s7
core   0: 3 0x80004c4c (0x01759733) x14 0x00000000
core   0: 0x80004c50 (0x03a83e33) mulhu   t3, a6, s10
core   0: 3 0x80004c50 (0x03a83e33) x28 0x00000098
core   0: 0x80004c54 (0x00945393) srli    t2, s0, 9
core   0: 3 0x80004c54 (0x00945393) x 7 0x00000000
core   0: 0x80004c58 (0x0218c293) xori    t0, a7, 33
core   0: 3 0x80004c58 (0x0218c293) x 5 0x0000005b
core   0: 0x80004c5c (0x40cad593) srai    a1, s5, 12
core   0: 3 0x80004c5c (0x40cad593) x11 0x00000000
core   0: 0x80004c60 (0x000089e9) c.andi  a1, 26
core   0: 3 0x80004c60 (0x89e9) x11 0x00000000
core   0: 0x80004c62 (0x01508d63) beq     ra, s5, pc + 26
core   0: 3 0x80004c62 (0x01508d63)
core   0: 0x80004c66 (0x00008e95) c.sub   a3, a3
core   0: 3 0x80004c66 (0x8e95) x13 0x00000000
core   0: 0x80004c68 (0x01bd6633) or      a2, s10, s11
core   0: 3 0x80004c68 (0x01bd6633) x12 0x80021e64
core   0: 0x80004c6c (0x0000717d) c.addi16sp sp, -16
core   0: 3 0x80004c6c (0x717d) x 2 0x000002de
core   0: 0x80004c6e (0x0214ec63) bltu    s1, ra, pc + 56
core   0: 3 0x80004c6e (0x0214ec63)
core   0: 0x80004c72 (0x00001690) c.addi4spn a2, sp, 864
core   0: 3 0x80004c72 (0x1690) x12 0x0000063e
core   0: 0x80004c74 (0x00008e8d) c.sub   a3, a1
core   0: 3 0x80004c74 (0x8e8d) x13 0x00000000
core   0: 0x80004c76 (0x00000001) c.nop
core   0: 3 0x80004c76 (0x0001)
core   0: 0x80004c78 (0x00008d79) c.and   a0, a4
core   0: 3 0x80004c78 (0x8d79) x10 0x00000000
core   0: 0x80004c7a (0x00008ea5) c.xor   a3, s1
core   0: 3 0x80004c7a (0x8ea5) x13 0x80025ce4
core   0: 0x80004c7c (0x01d7cfb3) xor     t6, a5, t4
core   0: 3 0x80004c7c (0x01d7cfb3) x31 0x80000000
core   0: 0x80004c80 (0xa060cc93) xori    s9, ra, -1530
core   0: 3 0x80004c80 (0xa060cc93) x25 0xfffffa06
core   0: 0x80004c84 (0x0095de13) srli    t3, a1, 9
core   0: 3 0x80004c84 (0x0095de13) x28 0x00000000
core   0: 0x80004c88 (0x00126fb3) or      t6, tp, ra
core   0: 3 0x80004c88 (0x00126fb3) x31 0x00000001
core   0: 0x80004c8c (0x0000e411) c.bnez  s0, pc + 12
core   0: 3 0x80004c8c (0xe411)
core   0: 0x80004c8e (0x00008f79) c.and   a4, a4
core   0: 3 0x80004c8e (0x8f79) x14 0x00000000
core   0: 0x80004c90 (0x000099fd) c.andi  a1, -1
core   0: 3 0x80004c90 (0x99fd) x11 0x00000000
core   0: 0x80004c92 (0x01a11033) sll     zero, sp, s10
core   0: 3 0x80004c92 (0x01a11033)
core   0: 0x80004c96 (0x00000001) c.nop
core   0: 3 0x80004c96 (0x0001)
core   0: 0x80004c98 (0x0000527d) c.li    tp, -1
core   0: 3 0x80004c98 (0x527d) x 4 0xffffffff
core   0: 0x80004c9a (0x00cd1233) sll     tp, s10, a2
core   0: 3 0x80004c9a (0x00cd1233) x 4 0x00000000
core   0: 0x80004c9e (0x00e79693) slli    a3, a5, 14
core   0: 3 0x80004c9e (0x00e79693) x13 0x00000000
core   0: 0x80004ca2 (0x024943b3) div     t2, s2, tp
core   0: 3 0x80004ca2 (0x024943b3) x 7 0xffffffff
core   0: 0x80004ca6 (0x00090cb3) add     s9, s2, zero
core   0: 3 0x80004ca6 (0x00090cb3) x25 0xfffff9c3
core   0: 0x80004caa (0x0000cf09) c.beqz  a4, pc + 26
core   0: 3 0x80004caa (0xcf09)
core   0: 0x80004cc4 (0x813ebd37) lui     s10, 0x813eb
core   0: 3 0x80004cc4 (0x813ebd37) x26 0x813eb000
core   0: 0x80004cc8 (0x013ad633) srl     a2, s5, s3
core   0: 3 0x80004cc8 (0x013ad633) x12 0x00000001
core   0: 0x80004ccc (0x000099fd) c.andi  a1, -1
core   0: 3 0x80004ccc (0x99fd) x11 0x00000000
core   0: 0x80004cce (0xccf38117) auipc   sp, 0xccf38
core   0: 3 0x80004cce (0xccf38117) x 2 0x4cf3ccce
core   0: 0x80004cd2 (0x022c7963) bgeu    s8, sp, pc + 50
core   0: 3 0x80004cd2 (0x022c7963)
core   0: 0x80004cd6 (0xe42bc393) xori    t2, s7, -446
core   0: 3 0x80004cd6 (0xe42bc393) x 7 0x7ffde026
core   0: 0x80004cda (0x0006f533) and     a0, a3, zero
core   0: 3 0x80004cda (0x0006f533) x10 0x00000000
core   0: 0x80004cde (0x00001c90) c.addi4spn a2, sp, 624
core   0: 3 0x80004cde (0x1c90) x12 0x4cf3cf3e
core   0: 0x80004ce0 (0xd7112313) slti    t1, sp, -655
core   0: 3 0x80004ce0 (0xd7112313) x 6 0x00000000
core   0: 0x80004ce4 (0x40e78e33) sub     t3, a5, a4
core   0: 3 0x80004ce4 (0x40e78e33) x28 0x80000000
core   0: 0x80004ce8 (0x0000717d) c.addi16sp sp, -16
core   0: 3 0x80004ce8 (0x717d) x 2 0x4cf3ccbe
core   0: 0x80004cea (0x40df8ab3) sub     s5, t6, a3
core   0: 3 0x80004cea (0x40df8ab3) x21 0x00000001
core   0: 0x80004cee (0x00008da9) c.xor   a1, a0
core   0: 3 0x80004cee (0x8da9) x11 0x00000000
core   0: 0x80004cf0 (0x0000517d) c.li    sp, -1
core   0: 3 0x80004cf0 (0x517d) x 2 0xffffffff
core   0: 0x80004cf2 (0x00216eb3) or      t4, sp, sp
core   0: 3 0x80004cf2 (0x00216eb3) x29 0xffffffff
core   0: 0x80004cf6 (0x012c1133) sll     sp, s8, s2
core   0: 3 0x80004cf6 (0x012c1133) x 2 0x00000000
core   0: 0x80004cfa (0xa8cac993) xori    s3, s5, -1396
core   0: 3 0x80004cfa (0xa8cac993) x19 0xfffffa8d
core   0: 0x80004cfe (0x00008d51) c.or    a0, a2
core   0: 3 0x80004cfe (0x8d51) x10 0x4cf3cf3e
core   0: 0x80004d00 (0x02017a63) bgeu    sp, zero, pc + 52
core   0: 3 0x80004d00 (0x02017a63)
core   0: 0x80004d34 (0x00008e21) c.xor   a2, s0
core   0: 3 0x80004d34 (0x8e21) x12 0x4cf3cf3e
core   0: 0x80004d36 (0x03b9c733) div     a4, s3, s11
core   0: 3 0x80004d36 (0x03b9c733) x14 0xffffffff
core   0: 0x80004d3a (0x00226263) bltu    tp, sp, pc + 4
core   0: 3 0x80004d3a (0x00226263)
core   0: 0x80004d3e (0x0d5b3293) sltiu   t0, s6, 213
core   0: 3 0x80004d3e (0x0d5b3293) x 5 0x00000000
core   0: 0x80004d42 (0x000018fd) c.addi  a7, -1
core   0: 3 0x80004d42 (0x18fd) x17 0x00000079
core   0: 0x80004d44 (0x05941263) bne     s0, s9, pc + 68
core   0: 3 0x80004d44 (0x05941263)
core   0: 0x80004d88 (0x0000e58d) c.bnez  a1, pc + 42
core   0: 3 0x80004d88 (0xe58d)
core   0: 0x80004d8a (0x00000001) c.nop
core   0: 3 0x80004d8a (0x0001)
core   0: 0x80004d8c (0x000060c5) c.lui   ra, 0x11
core   0: 3 0x80004d8c (0x60c5) x 1 0x00011000
core   0: 0x80004d8e (0x00633a33) sltu    s4, t1, t1
core   0: 3 0x80004d8e (0x00633a33) x20 0x00000000
core   0: 0x80004d92 (0x1d20ba93) sltiu   s5, ra, 466
core   0: 3 0x80004d92 (0x1d20ba93) x21 0x00000000
core   0: 0x80004d96 (0x000099fd) c.andi  a1, -1
core   0: 3 0x80004d96 (0x99fd) x11 0x00000000
core   0: 0x80004d98 (0x0000e411) c.bnez  s0, pc + 12
core   0: 3 0x80004d98 (0xe411)
core   0: 0x80004d9a (0x00006b71) c.lui   s6, 0x1c
core   0: 3 0x80004d9a (0x6b71) x22 0x0001c000
core   0: 0x80004d9c (0x02dd41b3) div     gp, s10, a3
core   0: 3 0x80004d9c (0x02dd41b3) x 3 0xffffffff
core   0: 0x80004da0 (0x77a4ae13) slti    t3, s1, 1914
core   0: 3 0x80004da0 (0x77a4ae13) x28 0x00000001
core   0: 0x80004da4 (0x03d10a33) mul     s4, sp, t4
core   0: 3 0x80004da4 (0x03d10a33) x20 0x00000000
core   0: 0x80004da8 (0x00008e4d) c.or    a2, a1
core   0: 3 0x80004da8 (0x8e4d) x12 0x4cf3cf3e
core   0: 0x80004daa (0x000009d5) c.addi  s3, 21
core   0: 3 0x80004daa (0x09d5) x19 0xfffffaa2
core   0: 0x80004dac (0x00006169) c.addi16sp sp, 208
core   0: 3 0x80004dac (0x6169) x 2 0x000000d0
core   0: 0x80004dae (0x002ae733) or      a4, s5, sp
core   0: 3 0x80004dae (0x002ae733) x14 0x000000d0
core   0: 0x80004db2 (0xa7fe3413) sltiu   s0, t3, -1409
core   0: 3 0x80004db2 (0xa7fe3413) x 8 0x00000001
core   0: 0x80004db6 (0x00515d63) bge     sp, t0, pc + 26
core   0: 3 0x80004db6 (0x00515d63)
core   0: 0x80004dd0 (0x00008f4d) c.or    a4, a1
core   0: 3 0x80004dd0 (0x8f4d) x14 0x000000d0
core   0: 0x80004dd2 (0x000085f2) c.mv    a1, t3
core   0: 3 0x80004dd2 (0x85f2) x11 0x00000001
core   0: 0x80004dd4 (0x02c04733) div     a4, zero, a2
core   0: 3 0x80004dd4 (0x02c04733) x14 0x00000000
core   0: 0x80004dd8 (0x03349263) bne     s1, s3, pc + 36
core   0: 3 0x80004dd8 (0x03349263)
core   0: 0x80004dfc (0x035abf33) mulhu   t5, s5, s5
core   0: 3 0x80004dfc (0x035abf33) x30 0x00000000
core   0: 0x80004e00 (0x01ca3433) sltu    s0, s4, t3
core   0: 3 0x80004e00 (0x01ca3433) x 8 0x00000001
core   0: 0x80004e04 (0x033d8a63) beq     s11, s3, pc + 52
core   0: 3 0x80004e04 (0x033d8a63)
core   0: 0x80004e08 (0x00008729) c.srai  a4, 10
core   0: 3 0x80004e08 (0x8729) x14 0x00000000
core   0: 0x80004e0a (0x41cb81b3) sub     gp, s7, t3
core   0: 3 0x80004e0a (0x41cb81b3) x 3 0x80021e63
core   0: 0x80004e0e (0x017bd563) bge     s7, s7, pc + 10
core   0: 3 0x80004e0e (0x017bd563)
core   0: 0x80004e18 (0x72767017) auipc   zero, 0x72767
core   0: 3 0x80004e18 (0x72767017)
core   0: 0x80004e1c (0x01e2eeb3) or      t4, t0, t5
core   0: 3 0x80004e1c (0x01e2eeb3) x29 0x00000000
core   0: 0x80004e20 (0x41330233) sub     tp, t1, s3
core   0: 3 0x80004e20 (0x41330233) x 4 0x0000055e
core   0: 0x80004e24 (0x009c0a63) beq     s8, s1, pc + 20
core   0: 3 0x80004e24 (0x009c0a63)
core   0: 0x80004e28 (0x00b94b63) blt     s2, a1, pc + 22
core   0: 3 0x80004e28 (0x00b94b63)
core   0: 0x80004e3e (0xbf62d917) auipc   s2, 0xbf62d
core   0: 3 0x80004e3e (0xbf62d917) x18 0x3f631e3e
core   0: 0x80004e42 (0x41de5633) sra     a2, t3, t4
core   0: 3 0x80004e42 (0x41de5633) x12 0x00000001
core   0: 0x80004e46 (0x01e75e63) bge     a4, t5, pc + 28
core   0: 3 0x80004e46 (0x01e75e63)
core   0: 0x80004e62 (0x0000c1a1) c.beqz  a1, pc + 64
core   0: 3 0x80004e62 (0xc1a1)
core   0: 0x80004e64 (0x9c644a13) xori    s4, s0, -1594
core   0: 3 0x80004e64 (0x9c644a13) x20 0xfffff9c7
core   0: 0x80004e68 (0x1df97c13) andi    s8, s2, 479
core   0: 3 0x80004e68 (0x1df97c13) x24 0x0000001e
core   0: 0x80004e6c (0x00009722) c.add   a4, s0
core   0: 3 0x80004e6c (0x9722) x14 0x00000001
core   0: 0x80004e6e (0x01449313) slli    t1, s1, 20
core   0: 3 0x80004e6e (0x01449313) x 6 0xce400000
core   0: 0x80004e72 (0x00006355) c.lui   t1, 0x15
core   0: 3 0x80004e72 (0x6355) x 6 0x00015000
core   0: 0x80004e74 (0x02674e33) div     t3, a4, t1
core   0: 3 0x80004e74 (0x02674e33) x28 0x00000000
core   0: 0x80004e78 (0x40cc8833) sub     a6, s9, a2
core   0: 3 0x80004e78 (0x40cc8833) x16 0xfffff9c2
core   0: 0x80004e7c (0x034aecb3) rem     s9, s5, s4
core   0: 3 0x80004e7c (0x034aecb3) x25 0x00000000
core   0: 0x80004e80 (0x01b86a33) or      s4, a6, s11
core   0: 3 0x80004e80 (0x01b86a33) x20 0xfffff9c2
core   0: 0x80004e84 (0x0000717d) c.addi16sp sp, -16
core   0: 3 0x80004e84 (0x717d) x 2 0x000000c0
core   0: 0x80004e86 (0x02ddfe63) bgeu    s11, a3, pc + 60
core   0: 3 0x80004e86 (0x02ddfe63)
core   0: 0x80004ec2 (0x03a35033) divu    zero, t1, s10
core   0: 3 0x80004ec2 (0x03a35033)
core   0: 0x80004ec6 (0x02088833) mul     a6, a7, zero
core   0: 3 0x80004ec6 (0x02088833) x16 0x00000000
core   0: 0x80004eca (0x2a04a013) slti    zero, s1, 672
core   0: 3 0x80004eca (0x2a04a013)
core   0: 0x80004ece (0x03ed80b3) mul     ra, s11, t5
core   0: 3 0x80004ece (0x03ed80b3) x 1 0x00000000
core   0: 0x80004ed2 (0x00006145) c.addi16sp sp, 48
core   0: 3 0x80004ed2 (0x6145) x 2 0x000000f0
core   0: 0x80004ed4 (0x013ca133) slt     sp, s9, s3
core   0: 3 0x80004ed4 (0x013ca133) x 2 0x00000000
core   0: 0x80004ed8 (0x02f10833) mul     a6, sp, a5
core   0: 3 0x80004ed8 (0x02f10833) x16 0x00000000
core   0: 0x80004edc (0x03930863) beq     t1, s9, pc + 48
core   0: 3 0x80004edc (0x03930863)
core   0: 0x80004ee0 (0x00000001) c.nop
core   0: 3 0x80004ee0 (0x0001)
core   0: 0x80004ee2 (0x027425b3) mulhsu  a1, s0, t2
core   0: 3 0x80004ee2 (0x027425b3) x11 0x00000000
core   0: 0x80004ee6 (0x03e6b433) mulhu   s0, a3, t5
core   0: 3 0x80004ee6 (0x03e6b433) x 8 0x00000000
core   0: 0x80004eea (0x00dbdfb3) srl     t6, s7, a3
core   0: 3 0x80004eea (0x00dbdfb3) x31 0x80021e64
core   0: 0x80004eee (0x00000001) c.nop
core   0: 3 0x80004eee (0x0001)
core   0: 0x80004ef0 (0x052c9063) bne     s9, s2, pc + 64
core   0: 3 0x80004ef0 (0x052c9063)
core   0: 0x80004f30 (0x00000001) c.nop
core   0: 3 0x80004f30 (0x0001)
core   0: 0x80004f32 (0x0000e10d) c.bnez  a0, pc + 34
core   0: 3 0x80004f32 (0xe10d)
core   0: 0x80004f54 (0x016c16b3) sll     a3, s8, s6
core   0: 3 0x80004f54 (0x016c16b3) x13 0x0000001e
core   0: 0x80004f58 (0x007288b3) add     a7, t0, t2
core   0: 3 0x80004f58 (0x007288b3) x17 0x7ffde026
core   0: 0x80004f5c (0x008c5293) srli    t0, s8, 8
core   0: 3 0x80004f5c (0x008c5293) x 5 0x00000000
core   0: 0x80004f60 (0x00a00d13) li      s10, 10
core   0: 3 0x80004f60 (0x00a00d13) x26 0x0000000a
core   0: 0x80004f64 (0x00001afd) c.addi  s5, -1
core   0: 3 0x80004f64 (0x1afd) x21 0xffffffff
core   0: 0x80004f66 (0xc5ae2513) slti    a0, t3, -934
core   0: 3 0x80004f66 (0xc5ae2513) x10 0x00000000
core   0: 0x80004f6a (0x00189ab3) sll     s5, a7, ra
core   0: 3 0x80004f6a (0x00189ab3) x21 0x7ffde026
core   0: 0x80004f6e (0x03826a33) rem     s4, tp, s8
core   0: 3 0x80004f6e (0x03826a33) x20 0x00000018
core   0: 0x80004f72 (0x00008449) c.srai  s0, 18
core   0: 3 0x80004f72 (0x8449) x 8 0x00000000
core   0: 0x80004f74 (0x00009b7d) c.andi  a4, -1
core   0: 3 0x80004f74 (0x9b7d) x14 0x00000001
core   0: 0x80004f76 (0x00008a85) c.andi  a3, 1
core   0: 3 0x80004f76 (0x8a85) x13 0x00000000
core   0: 0x80004f78 (0x037b4fb3) div     t6, s6, s7
core   0: 3 0x80004f78 (0x037b4fb3) x31 0x00000000
core   0: 0x80004f7c (0x00700213) li      tp, 7
core   0: 3 0x80004f7c (0x00700213) x 4 0x00000007
core   0: 0x80004f80 (0x00000001) c.nop
core   0: 3 0x80004f80 (0x0001)
core   0: 0x80004f82 (0x03a270b3) remu    ra, tp, s10
core   0: 3 0x80004f82 (0x03a270b3) x 1 0x00000007
core   0: 0x80004f86 (0x00001d69) c.addi  s10, -6
core   0: 3 0x80004f86 (0x1d69) x26 0x00000004
core   0: 0x80004f88 (0x70c98093) addi    ra, s3, 1804
core   0: 3 0x80004f88 (0x70c98093) x 1 0x000001ae
core   0: 0x80004f8c (0xff600593) li      a1, -10
core   0: 3 0x80004f8c (0xff600593) x11 0xfffffff6
core   0: 0x80004f90 (0xfec00613) li      a2, -20
core   0: 3 0x80004f90 (0xfec00613) x12 0xffffffec
core   0: 0x80004f94 (0x000086b9) c.srai  a3, 14
core   0: 3 0x80004f94 (0x86b9) x13 0x00000000
core   0: 0x80004f96 (0x03c149b3) div     s3, sp, t3
core   0: 3 0x80004f96 (0x03c149b3) x19 0xffffffff
core   0: 0x80004f9a (0x0123de33) srl     t3, t2, s2
core   0: 3 0x80004f9a (0x0123de33) x28 0x00000001
core   0: 0x80004f9e (0x0000100f) fence.i
core   0: 3 0x80004f9e (0x0000100f)
core   0: 0x80004fa2 (0x02fa6833) rem     a6, s4, a5
core   0: 3 0x80004fa2 (0x02fa6833) x16 0x00000018
core   0: 0x80004fa6 (0x000015f9) c.addi  a1, -2
core   0: 3 0x80004fa6 (0x15f9) x11 0xfffffff4
core   0: 0x80004fa8 (0xfec597e3) bne     a1, a2, pc - 18
core   0: 3 0x80004fa8 (0xfec597e3)
core   0: 0x80004f96 (0x03c149b3) div     s3, sp, t3
core   0: 3 0x80004f96 (0x03c149b3) x19 0x00000000
core   0: 0x80004f9a (0x0123de33) srl     t3, t2, s2
core   0: 3 0x80004f9a (0x0123de33) x28 0x00000001
core   0: 0x80004f9e (0x0000100f) fence.i
core   0: 3 0x80004f9e (0x0000100f)
core   0: 0x80004fa2 (0x02fa6833) rem     a6, s4, a5
core   0: 3 0x80004fa2 (0x02fa6833) x16 0x00000018
core   0: 0x80004fa6 (0x000015f9) c.addi  a1, -2
core   0: 3 0x80004fa6 (0x15f9) x11 0xfffffff2
core   0: 0x80004fa8 (0xfec597e3) bne     a1, a2, pc - 18
core   0: 3 0x80004fa8 (0xfec597e3)
core   0: 0x80004f96 (0x03c149b3) div     s3, sp, t3
core   0: 3 0x80004f96 (0x03c149b3) x19 0x00000000
core   0: 0x80004f9a (0x0123de33) srl     t3, t2, s2
core   0: 3 0x80004f9a (0x0123de33) x28 0x00000001
core   0: 0x80004f9e (0x0000100f) fence.i
core   0: 3 0x80004f9e (0x0000100f)
core   0: 0x80004fa2 (0x02fa6833) rem     a6, s4, a5
core   0: 3 0x80004fa2 (0x02fa6833) x16 0x00000018
core   0: 0x80004fa6 (0x000015f9) c.addi  a1, -2
core   0: 3 0x80004fa6 (0x15f9) x11 0xfffffff0
core   0: 0x80004fa8 (0xfec597e3) bne     a1, a2, pc - 18
core   0: 3 0x80004fa8 (0xfec597e3)
core   0: 0x80004f96 (0x03c149b3) div     s3, sp, t3
core   0: 3 0x80004f96 (0x03c149b3) x19 0x00000000
core   0: 0x80004f9a (0x0123de33) srl     t3, t2, s2
core   0: 3 0x80004f9a (0x0123de33) x28 0x00000001
core   0: 0x80004f9e (0x0000100f) fence.i
core   0: 3 0x80004f9e (0x0000100f)
core   0: 0x80004fa2 (0x02fa6833) rem     a6, s4, a5
core   0: 3 0x80004fa2 (0x02fa6833) x16 0x00000018
core   0: 0x80004fa6 (0x000015f9) c.addi  a1, -2
core   0: 3 0x80004fa6 (0x15f9) x11 0xffffffee
core   0: 0x80004fa8 (0xfec597e3) bne     a1, a2, pc - 18
core   0: 3 0x80004fa8 (0xfec597e3)
core   0: 0x80004f96 (0x03c149b3) div     s3, sp, t3
core   0: 3 0x80004f96 (0x03c149b3) x19 0x00000000
core   0: 0x80004f9a (0x0123de33) srl     t3, t2, s2
core   0: 3 0x80004f9a (0x0123de33) x28 0x00000001
core   0: 0x80004f9e (0x0000100f) fence.i
core   0: 3 0x80004f9e (0x0000100f)
core   0: 0x80004fa2 (0x02fa6833) rem     a6, s4, a5
core   0: 3 0x80004fa2 (0x02fa6833) x16 0x00000018
core   0: 0x80004fa6 (0x000015f9) c.addi  a1, -2
core   0: 3 0x80004fa6 (0x15f9) x11 0xffffffec
core   0: 0x80004fa8 (0xfec597e3) bne     a1, a2, pc - 18
core   0: 3 0x80004fa8 (0xfec597e3)
core   0: 0x80004fac (0x00008365) c.srli  a4, 25
core   0: 3 0x80004fac (0x8365) x14 0x00000000
core   0: 0x80004fae (0x00000001) c.nop
core   0: 3 0x80004fae (0x0001)
core   0: 0x80004fb0 (0x09dea413) slti    s0, t4, 157
core   0: 3 0x80004fb0 (0x09dea413) x 8 0x00000001
core   0: 0x80004fb4 (0x0000100f) fence.i
core   0: 3 0x80004fb4 (0x0000100f)
core   0: 0x80004fb8 (0xfc4d74e3) bgeu    s10, tp, pc - 56
core   0: 3 0x80004fb8 (0xfc4d74e3)
core   0: 0x80004fbc (0x00749eb3) sll     t4, s1, t2
core   0: 3 0x80004fbc (0x00749eb3) x29 0x00973900
core   0: 0x80004fc0 (0x1ddda013) slti    zero, s11, 477
core   0: 3 0x80004fc0 (0x1ddda013)
core   0: 0x80004fc4 (0x000099fd) c.andi  a1, -1
core   0: 3 0x80004fc4 (0x99fd) x11 0xffffffec
core   0: 0x80004fc6 (0x00bbdeb3) srl     t4, s7, a1
core   0: 3 0x80004fc6 (0x00bbdeb3) x29 0x00080021
core   0: 0x80004fca (0x00008f51) c.or    a4, a2
core   0: 3 0x80004fca (0x8f51) x14 0xffffffec
core   0: 0x80004fcc (0x4071db33) sra     s6, gp, t2
core   0: 3 0x80004fcc (0x4071db33) x22 0xfe000879
core   0: 0x80004fd0 (0x02c0a033) mulhsu  zero, ra, a2
core   0: 3 0x80004fd0 (0x02c0a033)
core   0: 0x80004fd4 (0x02a66433) rem     s0, a2, a0
core   0: 3 0x80004fd4 (0x02a66433) x 8 0xffffffec
core   0: 0x80004fd8 (0x000082fd) c.srli  a3, 31
core   0: 3 0x80004fd8 (0x82fd) x13 0x00000000
core   0: 0x80004fda (0xcee67e93) andi    t4, a2, -786
core   0: 3 0x80004fda (0xcee67e93) x29 0xfffffcec
core   0: 0x80004fde (0x00000513) li      a0, 0
core   0: 3 0x80004fde (0x00000513) x10 0x00000000
core   0: 0x80004fe2 (0x00000001) c.nop
core   0: 3 0x80004fe2 (0x0001)
core   0: 0x80004fe4 (0x037c5c33) divu    s8, s8, s7
core   0: 3 0x80004fe4 (0x037c5c33) x24 0x00000000
core   0: 0x80004fe8 (0x6e8a4d93) xori    s11, s4, 1768
core   0: 3 0x80004fe8 (0x6e8a4d93) x27 0x000006f0
core   0: 0x80004fec (0x0000100f) fence.i
core   0: 3 0x80004fec (0x0000100f)
core   0: 0x80004ff0 (0x0030d313) srli    t1, ra, 3
core   0: 3 0x80004ff0 (0x0030d313) x 6 0x00000035
core   0: 0x80004ff4 (0x009f5e33) srl     t3, t5, s1
core   0: 3 0x80004ff4 (0x009f5e33) x28 0x00000000
core   0: 0x80004ff8 (0x5debd197) auipc   gp, 0x5debd
core   0: 3 0x80004ff8 (0x5debd197) x 3 0xddec1ff8
core   0: 0x80004ffc (0x40a0d213) srai    tp, ra, 10
core   0: 3 0x80004ffc (0x40a0d213) x 4 0x00000000
core   0: 0x80005000 (0x03c365b3) rem     a1, t1, t3
core   0: 3 0x80005000 (0x03c365b3) x11 0x00000035
core   0: 0x80005004 (0x00f1b733) sltu    a4, gp, a5
core   0: 3 0x80005004 (0x00f1b733) x14 0x00000000
core   0: 0x80005008 (0xe6eb3393) sltiu   t2, s6, -402
core   0: 3 0x80005008 (0xe6eb3393) x 7 0x00000001
core   0: 0x8000500c (0x00006161) c.addi16sp sp, 80
core   0: 3 0x8000500c (0x6161) x 2 0x00000050
core   0: 0x8000500e (0x00004cd9) c.li    s9, 22
core   0: 3 0x8000500e (0x4cd9) x25 0x00000016
core   0: 0x80005010 (0x00700413) li      s0, 7
core   0: 3 0x80005010 (0x00700413) x 8 0x00000007
core   0: 0x80005014 (0x41d95293) srai    t0, s2, 29
core   0: 3 0x80005014 (0x41d95293) x 5 0x00000001
core   0: 0x80005018 (0x0264a0b3) mulhsu  ra, s1, t1
core   0: 3 0x80005018 (0x0264a0b3) x 1 0xffffffe5
core   0: 0x8000501c (0x00008f45) c.or    a4, s1
core   0: 3 0x8000501c (0x8f45) x14 0x80025ce4
core   0: 0x8000501e (0x02c94d33) div     s10, s2, a2
core   0: 3 0x8000501e (0x02c94d33) x26 0xfcd4a4e4
core   0: 0x80005022 (0xf3c1e113) ori     sp, gp, -196
core   0: 3 0x80005022 (0xf3c1e113) x 2 0xfffffffc
core   0: 0x80005026 (0x00008f31) c.xor   a4, a2
core   0: 3 0x80005026 (0x8f31) x14 0x7ffda308
core   0: 0x80005028 (0x00061fb3) sll     t6, a2, zero
core   0: 3 0x80005028 (0x00061fb3) x31 0xffffffec
core   0: 0x8000502c (0x03777833) remu    a6, a4, s7
core   0: 3 0x8000502c (0x03777833) x16 0x7ffda308
core   0: 0x80005030 (0x0000051d) c.addi  a0, 7
core   0: 3 0x80005030 (0x051d) x10 0x00000007
core   0: 0x80005032 (0x31b52c93) slti    s9, a0, 795
core   0: 3 0x80005032 (0x31b52c93) x25 0x00000001
core   0: 0x80005036 (0x500fca93) xori    s5, t6, 1280
core   0: 3 0x80005036 (0x500fca93) x21 0xfffffaec
core   0: 0x8000503a (0x41fd0133) sub     sp, s10, t6
core   0: 3 0x8000503a (0x41fd0133) x 2 0xfcd4a4f8
core   0: 0x8000503e (0x2977c913) xori    s2, a5, 663
core   0: 3 0x8000503e (0x2977c913) x18 0x80000297
core   0: 0x80005042 (0xfe8500e3) beq     a0, s0, pc - 32
core   0: 3 0x80005042 (0xfe8500e3)
core   0: 0x80005022 (0xf3c1e113) ori     sp, gp, -196
core   0: 3 0x80005022 (0xf3c1e113) x 2 0xfffffffc
core   0: 0x80005026 (0x00008f31) c.xor   a4, a2
core   0: 3 0x80005026 (0x8f31) x14 0x80025ce4
core   0: 0x80005028 (0x00061fb3) sll     t6, a2, zero
core   0: 3 0x80005028 (0x00061fb3) x31 0xffffffec
core   0: 0x8000502c (0x03777833) remu    a6, a4, s7
core   0: 3 0x8000502c (0x03777833) x16 0x00003e80
core   0: 0x80005030 (0x0000051d) c.addi  a0, 7
core   0: 3 0x80005030 (0x051d) x10 0x0000000e
core   0: 0x80005032 (0x31b52c93) slti    s9, a0, 795
core   0: 3 0x80005032 (0x31b52c93) x25 0x00000001
core   0: 0x80005036 (0x500fca93) xori    s5, t6, 1280
core   0: 3 0x80005036 (0x500fca93) x21 0xfffffaec
core   0: 0x8000503a (0x41fd0133) sub     sp, s10, t6
core   0: 3 0x8000503a (0x41fd0133) x 2 0xfcd4a4f8
core   0: 0x8000503e (0x2977c913) xori    s2, a5, 663
core   0: 3 0x8000503e (0x2977c913) x18 0x80000297
core   0: 0x80005042 (0xfe8500e3) beq     a0, s0, pc - 32
core   0: 3 0x80005042 (0xfe8500e3)
core   0: 0x80005046 (0x6cb23d13) sltiu   s10, tp, 1739
core   0: 3 0x80005046 (0x6cb23d13) x26 0x00000001
core   0: 0x8000504a (0x000096a2) c.add   a3, s0
core   0: 3 0x8000504a (0x96a2) x13 0x00000007
core   0: 0x8000504c (0x00006139) c.addi16sp sp, 448
core   0: 3 0x8000504c (0x6139) x 2 0xfcd4a6b8
core   0: 0x8000504e (0x0000ea81) c.bnez  a3, pc + 16
core   0: 3 0x8000504e (0xea81)
core   0: 0x8000505e (0x0099ecb3) or      s9, s3, s1
core   0: 3 0x8000505e (0x0099ecb3) x25 0x80025ce4
core   0: 0x80005062 (0x00000001) c.nop
core   0: 3 0x80005062 (0x0001)
core   0: 0x80005064 (0x03da9f63) bne     s5, t4, pc + 62
core   0: 3 0x80005064 (0x03da9f63)
core   0: 0x800050a2 (0x01389393) slli    t2, a7, 19
core   0: 3 0x800050a2 (0x01389393) x 7 0x01300000
core   0: 0x800050a6 (0x00000001) c.nop
core   0: 3 0x800050a6 (0x0001)
core   0: 0x800050a8 (0xe5433437) lui     s0, 0xe5433
core   0: 3 0x800050a8 (0xe5433437) x 8 0xe5433000
core   0: 0x800050ac (0x0d2bf813) andi    a6, s7, 210
core   0: 3 0x800050ac (0x0d2bf813) x16 0x00000040
core   0: 0x800050b0 (0x0062ecb3) or      s9, t0, t1
core   0: 3 0x800050b0 (0x0062ecb3) x25 0x00000035
core   0: 0x800050b4 (0x00de5193) srli    gp, t3, 13
core   0: 3 0x800050b4 (0x00de5193) x 3 0x00000000
core   0: 0x800050b8 (0x0133ef63) bltu    t2, s3, pc + 30
core   0: 3 0x800050b8 (0x0133ef63)
core   0: 0x800050bc (0x02345cb3) divu    s9, s0, gp
core   0: 3 0x800050bc (0x02345cb3) x25 0xffffffff
core   0: 0x800050c0 (0x037af863) bgeu    s5, s7, pc + 48
core   0: 3 0x800050c0 (0x037af863)
core   0: 0x800050f0 (0x6aba4893) xori    a7, s4, 1707
core   0: 3 0x800050f0 (0x6aba4893) x17 0x000006b3
core   0: 0x800050f4 (0x417e8233) sub     tp, t4, s7
core   0: 3 0x800050f4 (0x417e8233) x 4 0x7ffdde88
core   0: 0x800050f8 (0x94a78593) addi    a1, a5, -1718
core   0: 3 0x800050f8 (0x94a78593) x11 0x7ffff94a
core   0: 0x800050fc (0x0000cf05) c.beqz  a4, pc + 56
core   0: 3 0x800050fc (0xcf05)
core   0: 0x800050fe (0x0ff0000f) fence   iorw,iorw
core   0: 3 0x800050fe (0x0ff0000f)
core   0: 0x80005102 (0x00008d05) c.sub   a0, s1
core   0: 3 0x80005102 (0x8d05) x10 0x7ffda32a
core   0: 0x80005104 (0x00006425) c.lui   s0, 0x9
core   0: 3 0x80005104 (0x6425) x 8 0x00009000
core   0: 0x80005106 (0x3b120e93) addi    t4, tp, 945
core   0: 3 0x80005106 (0x3b120e93) x29 0x7ffde239
core   0: 0x8000510a (0x02e6b733) mulhu   a4, a3, a4
core   0: 3 0x8000510a (0x02e6b733) x14 0x00000003
core   0: 0x8000510e (0x1a6baa93) slti    s5, s7, 422
core   0: 3 0x8000510e (0x1a6baa93) x21 0x00000001
core   0: 0x80005112 (0x00928733) add     a4, t0, s1
core   0: 3 0x80005112 (0x00928733) x14 0x80025ce5
core   0: 0x80005116 (0x01e908b3) add     a7, s2, t5
core   0: 3 0x80005116 (0x01e908b3) x17 0x80000297
core   0: 0x8000511a (0x0070f863) bgeu    ra, t2, pc + 16
core   0: 3 0x8000511a (0x0070f863)
core   0: 0x8000512a (0x00a6d5b3) srl     a1, a3, a0
core   0: 3 0x8000512a (0x00a6d5b3) x11 0x00000000
core   0: 0x8000512e (0x40230eb3) sub     t4, t1, sp
core   0: 3 0x8000512e (0x40230eb3) x29 0x032b597d
core   0: 0x80005132 (0x0000e68d) c.bnez  a3, pc + 42
core   0: 3 0x80005132 (0xe68d)
core   0: 0x8000515c (0x000085cd) c.srai  a1, 19
core   0: 3 0x8000515c (0x85cd) x11 0x00000000
core   0: 0x8000515e (0x037edb63) bge     t4, s7, pc + 54
core   0: 3 0x8000515e (0x037edb63)
core   0: 0x80005194 (0x47253193) sltiu   gp, a0, 1138
core   0: 3 0x80005194 (0x47253193) x 3 0x00000000
core   0: 0x80005198 (0x9ff33397) auipc   t2, 0x9ff33
core   0: 3 0x80005198 (0x9ff33397) x 7 0x1ff38198
core   0: 0x8000519c (0x007cc663) blt     s9, t2, pc + 12
core   0: 3 0x8000519c (0x007cc663)
core   0: 0x800051a8 (0x00004595) c.li    a1, 5
core   0: 3 0x800051a8 (0x4595) x11 0x00000005
core   0: 0x800051aa (0x00000001) c.nop
core   0: 3 0x800051aa (0x0001)
core   0: 0x800051ac (0x0ff0000f) fence   iorw,iorw
core   0: 3 0x800051ac (0x0ff0000f)
core   0: 0x800051b0 (0x401a0ab3) sub     s5, s4, ra
core   0: 3 0x800051b0 (0x401a0ab3) x21 0x00000033
core   0: 0x800051b4 (0x01f88933) add     s2, a7, t6
core   0: 3 0x800051b4 (0x01f88933) x18 0x80000283
core   0: 0x800051b8 (0xe38d8293) addi    t0, s11, -456
core   0: 3 0x800051b8 (0xe38d8293) x 5 0x00000528
core   0: 0x800051bc (0x0076beb3) sltu    t4, a3, t2
core   0: 3 0x800051bc (0x0076beb3) x29 0x00000001
core   0: 0x800051c0 (0x05904363) blt     zero, s9, pc + 70
core   0: 3 0x800051c0 (0x05904363)
core   0: 0x800051c4 (0x85f13d13) sltiu   s10, sp, -1953
core   0: 3 0x800051c4 (0x85f13d13) x26 0x00000001
core   0: 0x800051c8 (0x02951633) mulh    a2, a0, s1
core   0: 3 0x800051c8 (0x02951633) x12 0xc0025cd7
core   0: 0x800051cc (0x0bfdfb13) andi    s6, s11, 191
core   0: 3 0x800051cc (0x0bfdfb13) x22 0x000000b0
core   0: 0x800051d0 (0x0153b1b3) sltu    gp, t2, s5
core   0: 3 0x800051d0 (0x0153b1b3) x 3 0x00000000
core   0: 0x800051d4 (0x00005dfd) c.li    s11, -1
core   0: 3 0x800051d4 (0x5dfd) x27 0xffffffff
core   0: 0x800051d6 (0x00661b13) slli    s6, a2, 6
core   0: 3 0x800051d6 (0x00661b13) x22 0x009735c0
core   0: 0x800051da (0x03439063) bne     t2, s4, pc + 32
core   0: 3 0x800051da (0x03439063)
core   0: 0x800051fa (0x0137e833) or      a6, a5, s3
core   0: 3 0x800051fa (0x0137e833) x16 0x80000000
core   0: 0x800051fe (0xa2778d93) addi    s11, a5, -1497
core   0: 3 0x800051fe (0xa2778d93) x27 0x7ffffa27
core   0: 0x80005202 (0x01f7f533) and     a0, a5, t6
core   0: 3 0x80005202 (0x01f7f533) x10 0x80000000
core   0: 0x80005206 (0x008c8e63) beq     s9, s0, pc + 28
core   0: 3 0x80005206 (0x008c8e63)
core   0: 0x8000520a (0x2bae2f93) slti    t6, t3, 698
core   0: 3 0x8000520a (0x2bae2f93) x31 0x00000001
core   0: 0x8000520e (0x028c42b3) div     t0, s8, s0
core   0: 3 0x8000520e (0x028c42b3) x 5 0x00000000
core   0: 0x80005212 (0x032fdb33) divu    s6, t6, s2
core   0: 3 0x80005212 (0x032fdb33) x22 0x00000000
core   0: 0x80005216 (0x40c98e33) sub     t3, s3, a2
core   0: 3 0x80005216 (0x40c98e33) x28 0x3ffda329
core   0: 0x8000521a (0x00000b55) c.addi  s6, 21
core   0: 3 0x8000521a (0x0b55) x22 0x00000015
core   0: 0x8000521c (0x00008e75) c.and   a2, a3
core   0: 3 0x8000521c (0x8e75) x12 0x00000007
core   0: 0x8000521e (0x035e02b3) mul     t0, t3, s5
core   0: 3 0x8000521e (0x035e02b3) x 5 0xbf87812b
core   0: 0x80005222 (0x00008c29) c.xor   s0, a0
core   0: 3 0x80005222 (0x8c29) x 8 0x80009000
core   0: 0x80005224 (0x0000844d) c.srai  s0, 19
core   0: 3 0x80005224 (0x844d) x 8 0xfffff000
core   0: 0x80005226 (0x41650c33) sub     s8, a0, s6
core   0: 3 0x80005226 (0x41650c33) x24 0x7fffffeb
core   0: 0x8000522a (0xdc226a17) auipc   s4, 0xdc226
core   0: 3 0x8000522a (0xdc226a17) x20 0x5c22b22a
core   0: 0x8000522e (0x000089d2) c.mv    s3, s4
core   0: 3 0x8000522e (0x89d2) x19 0x5c22b22a
core   0: 0x80005230 (0x00000001) c.nop
core   0: 3 0x80005230 (0x0001)
core   0: 0x80005232 (0x00008f49) c.or    a4, a0
core   0: 3 0x80005232 (0x8f49) x14 0x80025ce5
core   0: 0x80005234 (0x72ad46b7) lui     a3, 0x72ad4
core   0: 3 0x80005234 (0x72ad46b7) x13 0x72ad4000
core   0: 0x80005238 (0x00008af1) c.andi  a3, 28
core   0: 3 0x80005238 (0x8af1) x13 0x00000000
core   0: 0x8000523a (0x01670fb3) add     t6, a4, s6
core   0: 3 0x8000523a (0x01670fb3) x31 0x80025cfa
core   0: 0x8000523e (0x00008219) c.srli  a2, 6
core   0: 3 0x8000523e (0x8219) x12 0x00000000
core   0: 0x80005240 (0x00008f6d) c.and   a4, a1
core   0: 3 0x80005240 (0x8f6d) x14 0x00000005
core   0: 0x80005242 (0x00008a79) c.andi  a2, 30
core   0: 3 0x80005242 (0x8a79) x12 0x00000000
core   0: 0x80005244 (0x00008435) c.srai  s0, 13
core   0: 3 0x80005244 (0x8435) x 8 0xffffffff
core   0: 0x80005246 (0x01e2a8b3) slt     a7, t0, t5
core   0: 3 0x80005246 (0x01e2a8b3) x17 0x00000001
core   0: 0x8000524a (0x00008759) c.srai  a4, 22
core   0: 3 0x8000524a (0x8759) x14 0x00000000
core   0: 0x8000524c (0x03a85c33) divu    s8, a6, s10
core   0: 3 0x8000524c (0x03a85c33) x24 0x80000000
core   0: 0x80005250 (0x0395fab3) remu    s5, a1, s9
core   0: 3 0x80005250 (0x0395fab3) x21 0x00000005
core   0: 0x80005254 (0x01851d33) sll     s10, a0, s8
core   0: 3 0x80005254 (0x01851d33) x26 0x80000000
core   0: 0x80005258 (0x00008c4d) c.or    s0, a1
core   0: 3 0x80005258 (0x8c4d) x 8 0xffffffff
core   0: 0x8000525a (0x000086b9) c.srai  a3, 14
core   0: 3 0x8000525a (0x86b9) x13 0x00000000
core   0: 0x8000525c (0x01178033) add     zero, a5, a7
core   0: 3 0x8000525c (0x01178033)
core   0: 0x80005260 (0x41e9dc93) srai    s9, s3, 30
core   0: 3 0x80005260 (0x41e9dc93) x25 0x00000001
core   0: 0x80005264 (0xf0eb1697) auipc   a3, 0xf0eb1
core   0: 3 0x80005264 (0xf0eb1697) x13 0x70eb6264
core   0: 0x80005268 (0x0036b133) sltu    sp, a3, gp
core   0: 3 0x80005268 (0x0036b133) x 2 0x00000000
core   0: 0x8000526c (0xd8790297) auipc   t0, 0xd8790
core   0: 3 0x8000526c (0xd8790297) x 5 0x5879526c
core   0: 0x80005270 (0x032f2fb3) mulhsu  t6, t5, s2
core   0: 3 0x80005270 (0x032f2fb3) x31 0x00000000
core   0: 0x80005274 (0x00631113) slli    sp, t1, 6
core   0: 3 0x80005274 (0x00631113) x 2 0x00000d40
core   0: 0x80005278 (0x02468c33) mul     s8, a3, tp
core   0: 3 0x80005278 (0x02468c33) x24 0xf532fd20
core   0: 0x8000527c (0x00008871) c.andi  s0, 28
core   0: 3 0x8000527c (0x8871) x 8 0x0000001c
core   0: 0x8000527e (0x0ff0000f) fence   iorw,iorw
core   0: 3 0x8000527e (0x0ff0000f)
core   0: 0x80005282 (0x00001e0c) c.addi4spn a1, sp, 816
core   0: 3 0x80005282 (0x1e0c) x11 0x00001070
core   0: 0x80005284 (0x00008e15) c.sub   a2, a3
core   0: 3 0x80005284 (0x8e15) x12 0x8f149d9c
core   0: 0x80005286 (0x0055d263) bge     a1, t0, pc + 4
core   0: 3 0x80005286 (0x0055d263)
core   0: 0x8000528a (0x00000001) c.nop
core   0: 3 0x8000528a (0x0001)
core   0: 0x8000528c (0x00008dbd) c.xor   a1, a5
core   0: 3 0x8000528c (0x8dbd) x11 0x80001070
core   0: 0x8000528e (0x00008e3d) c.xor   a2, a5
core   0: 3 0x8000528e (0x8e3d) x12 0x0f149d9c
core   0: 0x80005290 (0x000083ea) c.mv    t2, s10
core   0: 3 0x80005290 (0x83ea) x 7 0x80000000
core   0: 0x80005292 (0x00008d1d) c.sub   a0, a5
core   0: 3 0x80005292 (0x8d1d) x10 0x00000000
core   0: 0x80005294 (0x0000167d) c.addi  a2, -1
core   0: 3 0x80005294 (0x167d) x12 0x0f149d9b
core   0: 0x80005296 (0x00008b32) c.mv    s6, a2
core   0: 3 0x80005296 (0x8b32) x22 0x0f149d9b
core   0: 0x80005298 (0x033f85b3) mul     a1, t6, s3
core   0: 3 0x80005298 (0x033f85b3) x11 0x00000000
core   0: 0x8000529c (0x00000001) c.nop
core   0: 3 0x8000529c (0x0001)
core   0: 0x8000529e (0x413fdf93) srai    t6, t6, 19
core   0: 3 0x8000529e (0x413fdf93) x31 0x00000000
core   0: 0x800052a2 (0xa9342b13) slti    s6, s0, -1389
core   0: 3 0x800052a2 (0xa9342b13) x22 0x00000000
core   0: 0x800052a6 (0x034d1ab3) mulh    s5, s10, s4
core   0: 3 0x800052a6 (0x034d1ab3) x21 0xd1eea6eb
core   0: 0x800052aa (0x00008f7d) c.and   a4, a5
core   0: 3 0x800052aa (0x8f7d) x14 0x00000000
core   0: 0x800052ac (0x0197d033) srl     zero, a5, s9
core   0: 3 0x800052ac (0x0197d033)
core   0: 0x800052b0 (0x0ff0000f) fence   iorw,iorw
core   0: 3 0x800052b0 (0x0ff0000f)
core   0: 0x800052b4 (0x06d8ab13) slti    s6, a7, 109
core   0: 3 0x800052b4 (0x06d8ab13) x22 0x00000001
core   0: 0x800052b8 (0x016a9013) slli    zero, s5, 22
core   0: 3 0x800052b8 (0x016a9013)
core   0: 0x800052bc (0x0193d863) bge     t2, s9, pc + 16
core   0: 3 0x800052bc (0x0193d863)
core   0: 0x800052c0 (0x00008155) c.srli  a0, 21
core   0: 3 0x800052c0 (0x8155) x10 0x00000000
core   0: 0x800052c2 (0x01d84963) blt     a6, t4, pc + 18
core   0: 3 0x800052c2 (0x01d84963)
core   0: 0x800052d4 (0x03c6f833) remu    a6, a3, t3
core   0: 3 0x800052d4 (0x03c6f833) x16 0x30edbf3b
core   0: 0x800052d8 (0x0000997d) c.andi  a0, -1
core   0: 3 0x800052d8 (0x997d) x10 0x00000000
core   0: 0x800052da (0x00008425) c.srai  s0, 9
core   0: 3 0x800052da (0x8425) x 8 0x00000000
core   0: 0x800052dc (0x03658063) beq     a1, s6, pc + 32
core   0: 3 0x800052dc (0x03658063)
core   0: 0x800052e0 (0x00008675) c.srai  a2, 29
core   0: 3 0x800052e0 (0x8675) x12 0x00000000
core   0: 0x800052e2 (0x01002fb3) slt     t6, zero, a6
core   0: 3 0x800052e2 (0x01002fb3) x31 0x00000001
core   0: 0x800052e6 (0x0087fcb3) and     s9, a5, s0
core   0: 3 0x800052e6 (0x0087fcb3) x25 0x00000000
core   0: 0x800052ea (0x00008f59) c.or    a4, a4
core   0: 3 0x800052ea (0x8f59) x14 0x00000000
core   0: 0x800052ec (0x00008ebd) c.xor   a3, a5
core   0: 3 0x800052ec (0x8ebd) x13 0xf0eb6264
core   0: 0x800052ee (0xe8f3f513) andi    a0, t2, -369
core   0: 3 0x800052ee (0xe8f3f513) x10 0x80000000
core   0: 0x800052f2 (0x00000001) c.nop
core   0: 3 0x800052f2 (0x0001)
core   0: 0x800052f4 (0x517b2a17) auipc   s4, 0x517b2
core   0: 3 0x800052f4 (0x517b2a17) x20 0xd17b72f4
core   0: 0x800052f8 (0x419a5133) sra     sp, s4, s9
core   0: 3 0x800052f8 (0x419a5133) x 2 0xd17b72f4
core   0: 0x800052fc (0x41828d33) sub     s10, t0, s8
core   0: 3 0x800052fc (0x41828d33) x26 0x6346554c
core   0: 0x80005300 (0x008be533) or      a0, s7, s0
core   0: 3 0x80005300 (0x008be533) x10 0x80021e64
core   0: 0x80005304 (0x02018e33) mul     t3, gp, zero
core   0: 3 0x80005304 (0x02018e33) x28 0x00000000
core   0: 0x80005308 (0x413400b3) sub     ra, s0, s3
core   0: 3 0x80005308 (0x413400b3) x 1 0xa3dd4dd6
core   0: 0x8000530c (0x00008d9d) c.sub   a1, a5
core   0: 3 0x8000530c (0x8d9d) x11 0x80000000
core   0: 0x8000530e (0x00000001) c.nop
core   0: 3 0x8000530e (0x0001)
core   0: 0x80005310 (0x00000ee5) c.addi  t4, 25
core   0: 3 0x80005310 (0x0ee5) x29 0x0000001a
core   0: 0x80005312 (0x00008d91) c.sub   a1, a2
core   0: 3 0x80005312 (0x8d91) x11 0x80000000
core   0: 0x80005314 (0x00008e1e) c.mv    t3, t2
core   0: 3 0x80005314 (0x8e1e) x28 0x80000000
core   0: 0x80005316 (0x03e558b3) divu    a7, a0, t5
core   0: 3 0x80005316 (0x03e558b3) x17 0xffffffff
core   0: 0x8000531a (0x000046a1) c.li    a3, 8
core   0: 3 0x8000531a (0x46a1) x13 0x00000008
core   0: 0x8000531c (0x00008031) c.srli  s0, 12
core   0: 3 0x8000531c (0x8031) x 8 0x00000000
core   0: 0x8000531e (0x01c0bfb3) sltu    t6, ra, t3
core   0: 3 0x8000531e (0x01c0bfb3) x31 0x00000000
core   0: 0x80005322 (0x0ff0000f) fence   iorw,iorw
core   0: 3 0x80005322 (0x0ff0000f)
core   0: 0x80005326 (0x0ff0000f) fence   iorw,iorw
core   0: 3 0x80005326 (0x0ff0000f)
core   0: 0x8000532a (0x005a13b3) sll     t2, s4, t0
core   0: 3 0x8000532a (0x005a13b3) x 7 0xb72f4000
core   0: 0x8000532e (0x0390b2b3) mulhu   t0, ra, s9
core   0: 3 0x8000532e (0x0390b2b3) x 5 0x00000000
core   0: 0x80005332 (0x0000090c) c.addi4spn a1, sp, 144
core   0: 3 0x80005332 (0x090c) x11 0xd17b7384
core   0: 0x80005334 (0xc8388437) lui     s0, 0xc8388
core   0: 3 0x80005334 (0xc8388437) x 8 0xc8388000
core   0: 0x80005338 (0x4041dab3) sra     s5, gp, tp
core   0: 3 0x80005338 (0x4041dab3) x21 0x00000000
core   0: 0x8000533c (0x00008f05) c.sub   a4, s1
core   0: 3 0x8000533c (0x8f05) x14 0x7ffda31c
core   0: 0x8000533e (0x8a066613) ori     a2, a2, -1888
core   0: 3 0x8000533e (0x8a066613) x12 0xfffff8a0
core   0: 0x80005342 (0x02dd05b3) mul     a1, s10, a3
core   0: 3 0x80005342 (0x02dd05b3) x11 0x1a32aa60
core   0: 0x80005346 (0x016dae33) slt     t3, s11, s6
core   0: 3 0x80005346 (0x016dae33) x28 0x00000000
core   0: 0x8000534a (0x0128d313) srli    t1, a7, 18
core   0: 3 0x8000534a (0x0128d313) x 6 0x00003fff
core   0: 0x8000534e (0x002f3833) sltu    a6, t5, sp
core   0: 3 0x8000534e (0x002f3833) x16 0x00000001
core   0: 0x80005352 (0x01f74733) xor     a4, a4, t6
core   0: 3 0x80005352 (0x01f74733) x14 0x7ffda31c
core   0: 0x80005356 (0x017cdd93) srli    s11, s9, 23
core   0: 3 0x80005356 (0x017cdd93) x27 0x00000000
core   0: 0x8000535a (0x7514a713) slti    a4, s1, 1873
core   0: 3 0x8000535a (0x7514a713) x14 0x00000001
core   0: 0x8000535e (0x376cf193) andi    gp, s9, 886
core   0: 3 0x8000535e (0x376cf193) x 3 0x00000000
core   0: 0x80005362 (0x34c6c693) xori    a3, a3, 844
core   0: 3 0x80005362 (0x34c6c693) x13 0x00000344
core   0: 0x80005366 (0x03396063) bltu    s2, s3, pc + 32
core   0: 3 0x80005366 (0x03396063)
core   0: 0x8000536a (0x03d4bcb3) mulhu   s9, s1, t4
core   0: 3 0x8000536a (0x03d4bcb3) x25 0x0000000d
core   0: 0x8000536e (0x00d76f63) bltu    a4, a3, pc + 30
core   0: 3 0x8000536e (0x00d76f63)
core   0: 0x8000538c (0xaa94c893) xori    a7, s1, -1367
core   0: 3 0x8000538c (0xaa94c893) x17 0x7ffda64d
core   0: 0x80005390 (0x00000ce5) c.addi  s9, 25
core   0: 3 0x80005390 (0x0ce5) x25 0x00000026
core   0: 0x80005392 (0x03145d63) bge     s0, a7, pc + 58
core   0: 3 0x80005392 (0x03145d63)
core   0: 0x80005396 (0x407fd993) srai    s3, t6, 7
core   0: 3 0x80005396 (0x407fd993) x19 0x00000000
core   0: 0x8000539a (0x00008a01) c.andi  a2, 0
core   0: 3 0x8000539a (0x8a01) x12 0x00000000
core   0: 0x8000539c (0x01257763) bgeu    a0, s2, pc + 14
core   0: 3 0x8000539c (0x01257763)
core   0: 0x800053aa (0x01c946b3) xor     a3, s2, t3
core   0: 3 0x800053aa (0x01c946b3) x13 0x80000283
core   0: 0x800053ae (0x03765733) divu    a4, a2, s7
core   0: 3 0x800053ae (0x03765733) x14 0x00000000
core   0: 0x800053b2 (0x00dcd713) srli    a4, s9, 13
core   0: 3 0x800053b2 (0x00dcd713) x14 0x00000000
core   0: 0x800053b6 (0x0ff0000f) fence   iorw,iorw
core   0: 3 0x800053b6 (0x0ff0000f)
core   0: 0x800053ba (0x40acd713) srai    a4, s9, 10
core   0: 3 0x800053ba (0x40acd713) x14 0x00000000
core   0: 0x800053be (0x4fb7ed13) ori     s10, a5, 1275
core   0: 3 0x800053be (0x4fb7ed13) x26 0x800004fb
core   0: 0x800053c2 (0x000081d5) c.srli  a1, 21
core   0: 3 0x800053c2 (0x81d5) x11 0x000000d1
core   0: 0x800053c4 (0x0000822a) c.mv    tp, a0
core   0: 3 0x800053c4 (0x822a) x 4 0x80021e64
core   0: 0x800053c6 (0x00008915) c.andi  a0, 5
core   0: 3 0x800053c6 (0x8915) x10 0x00000004
core   0: 0x800053c8 (0x000fafb3) slt     t6, t6, zero
core   0: 3 0x800053c8 (0x000fafb3) x31 0x00000000
core   0: 0x800053cc (0x00000f88) c.addi4spn a0, sp, 976
core   0: 3 0x800053cc (0x0f88) x10 0xd17b76c4
core   0: 0x800053ce (0x035339b3) mulhu   s3, t1, s5
core   0: 3 0x800053ce (0x035339b3) x19 0x00000000
core   0: 0x800053d2 (0x000010fd) c.addi  ra, -1
core   0: 3 0x800053d2 (0x10fd) x 1 0xa3dd4dd5
core   0: 0x800053d4 (0x00008ee9) c.and   a3, a0
core   0: 3 0x800053d4 (0x8ee9) x13 0x80000280
core   0: 0x800053d6 (0x0000924a) c.add   tp, s2
core   0: 3 0x800053d6 (0x924a) x 4 0x000220e7
core   0: 0x800053d8 (0x004b25b3) slt     a1, s6, tp
core   0: 3 0x800053d8 (0x004b25b3) x11 0x00000001
core   0: 0x800053dc (0x00000001) c.nop
core   0: 3 0x800053dc (0x0001)
core   0: 0x800053de (0x4181df93) srai    t6, gp, 24
core   0: 3 0x800053de (0x4181df93) x31 0x00000000
core   0: 0x800053e2 (0x0056d913) srli    s2, a3, 5
core   0: 3 0x800053e2 (0x0056d913) x18 0x04000014
core   0: 0x800053e6 (0x886db913) sltiu   s2, s11, -1914
core   0: 3 0x800053e6 (0x886db913) x18 0x00000001
core   0: 0x800053ea (0x41175393) srai    t2, a4, 17
core   0: 3 0x800053ea (0x41175393) x 7 0x00000000
core   0: 0x800053ee (0x00c50db3) add     s11, a0, a2
core   0: 3 0x800053ee (0x00c50db3) x27 0xd17b76c4
core   0: 0x800053f2 (0x410dd933) sra     s2, s11, a6
core   0: 3 0x800053f2 (0x410dd933) x18 0xe8bdbb62
core   0: 0x800053f6 (0x000083b2) c.mv    t2, a2
core   0: 3 0x800053f6 (0x83b2) x 7 0x00000000
core   0: 0x800053f8 (0x00000288) c.addi4spn a0, sp, 320
core   0: 3 0x800053f8 (0x0288) x10 0xd17b7434
core   0: 0x800053fa (0x5b563c13) sltiu   s8, a2, 1461
core   0: 3 0x800053fa (0x5b563c13) x24 0x00000001
core   0: 0x800053fe (0x0000100f) fence.i
core   0: 3 0x800053fe (0x0000100f)
core   0: 0x80005402 (0x004bec33) or      s8, s7, tp
core   0: 3 0x80005402 (0x004bec33) x24 0x80023ee7
core   0: 0x80005406 (0x035ef263) bgeu    t4, s5, pc + 36
core   0: 3 0x80005406 (0x035ef263)
core   0: 0x8000542a (0x030aec33) rem     s8, s5, a6
core   0: 3 0x8000542a (0x030aec33) x24 0x00000000
core   0: 0x8000542e (0x00000001) c.nop
core   0: 3 0x8000542e (0x0001)
core   0: 0x80005430 (0x01d340b3) xor     ra, t1, t4
core   0: 3 0x80005430 (0x01d340b3) x 1 0x00003fe5
core   0: 0x80005434 (0x0000717d) c.addi16sp sp, -16
core   0: 3 0x80005434 (0x717d) x 2 0xd17b72e4
core   0: 0x80005436 (0x00000001) c.nop
core   0: 3 0x80005436 (0x0001)
core   0: 0x80005438 (0x00008d55) c.or    a0, a3
core   0: 3 0x80005438 (0x8d55) x10 0xd17b76b4
core   0: 0x8000543a (0x0ff0000f) fence   iorw,iorw
core   0: 3 0x8000543a (0x0ff0000f)
core   0: 0x8000543e (0x00008dd5) c.or    a1, a3
core   0: 3 0x8000543e (0x8dd5) x11 0x80000281
core   0: 0x80005440 (0x0000819e) c.mv    gp, t2
core   0: 3 0x80005440 (0x819e) x 3 0x00000000
core   0: 0x80005442 (0x02e30fb3) mul     t6, t1, a4
core   0: 3 0x80005442 (0x02e30fb3) x31 0x00000000
core   0: 0x80005446 (0x00008e05) c.sub   a2, s1
core   0: 3 0x80005446 (0x8e05) x12 0x7ffda31c
core   0: 0x80005448 (0x00179693) slli    a3, a5, 1
core   0: 3 0x80005448 (0x00179693) x13 0x00000000
core   0: 0x8000544c (0x025b0c63) beq     s6, t0, pc + 56
core   0: 3 0x8000544c (0x025b0c63)
core   0: 0x80005450 (0x0ff0000f) fence   iorw,iorw
core   0: 3 0x80005450 (0x0ff0000f)
core   0: 0x80005454 (0x00a3bc33) sltu    s8, t2, a0
core   0: 3 0x80005454 (0x00a3bc33) x24 0x00000001
core   0: 0x80005458 (0x004c2b33) slt     s6, s8, tp
core   0: 3 0x80005458 (0x004c2b33) x22 0x00000001
core   0: 0x8000545c (0x0396ca33) div     s4, a3, s9
core   0: 3 0x8000545c (0x0396ca33) x20 0x00000000
core   0: 0x80005460 (0x011d09b3) add     s3, s10, a7
core   0: 3 0x80005460 (0x011d09b3) x19 0xfffdab48
core   0: 0x80005464 (0x001e9f13) slli    t5, t4, 1
core   0: 3 0x80005464 (0x001e9f13) x30 0x00000034
core   0: 0x80005468 (0x0ff0000f) fence   iorw,iorw
core   0: 3 0x80005468 (0x0ff0000f)
core   0: 0x8000546c (0x01069f13) slli    t5, a3, 16
core   0: 3 0x8000546c (0x01069f13) x30 0x00000000
core   0: 0x80005470 (0x0318fcb3) remu    s9, a7, a7
core   0: 3 0x80005470 (0x0318fcb3) x25 0x00000000
core   0: 0x80005474 (0x02cdcd33) div     s10, s11, a2
core   0: 3 0x80005474 (0x02cdcd33) x26 0x00000000
core   0: 0x80005478 (0x01d1d213) srli    tp, gp, 29
core   0: 3 0x80005478 (0x01d1d213) x 4 0x00000000
core   0: 0x8000547c (0x00033933) sltu    s2, t1, zero
core   0: 3 0x8000547c (0x00033933) x18 0x00000000
core   0: 0x80005480 (0x3de78213) addi    tp, a5, 990
core   0: 3 0x80005480 (0x3de78213) x 4 0x800003de
core   0: 0x80005484 (0x694e9017) auipc   zero, 0x694e9
core   0: 3 0x80005484 (0x694e9017)
core   0: 0x80005488 (0x004c0033) add     zero, s8, tp
core   0: 3 0x80005488 (0x004c0033)
core   0: 0x8000548c (0x0000847e) c.mv    s0, t6
core   0: 3 0x8000548c (0x847e) x 8 0x00000000
core   0: 0x8000548e (0x0000817a) c.mv    sp, t5
core   0: 3 0x8000548e (0x817a) x 2 0x00000000
core   0: 0x80005490 (0x41c006b3) sub     a3, zero, t3
core   0: 3 0x80005490 (0x41c006b3) x13 0x00000000
core   0: 0x80005494 (0x00008e9d) c.sub   a3, a5
core   0: 3 0x80005494 (0x8e9d) x13 0x80000000
core   0: 0x80005496 (0x00008b7d) c.andi  a4, 31
core   0: 3 0x80005496 (0x8b7d) x14 0x00000000
core   0: 0x80005498 (0x02eb6733) rem     a4, s6, a4
core   0: 3 0x80005498 (0x02eb6733) x14 0x00000001
core   0: 0x8000549c (0x038e16b3) mulh    a3, t3, s8
core   0: 3 0x8000549c (0x038e16b3) x13 0x00000000
core   0: 0x800054a0 (0x0064d333) srl     t1, s1, t1
core   0: 3 0x800054a0 (0x0064d333) x 6 0x00000001
core   0: 0x800054a4 (0x00013db3) sltu    s11, sp, zero
core   0: 3 0x800054a4 (0x00013db3) x27 0x00000000
core   0: 0x800054a8 (0x029a6563) bltu    s4, s1, pc + 42
core   0: 3 0x800054a8 (0x029a6563)
core   0: 0x800054d2 (0x0260dd63) bge     ra, t1, pc + 58
core   0: 3 0x800054d2 (0x0260dd63)
core   0: 0x8000550c (0x00f19233) sll     tp, gp, a5
core   0: 3 0x8000550c (0x00f19233) x 4 0x00000000
core   0: 0x80005510 (0x0000875d) c.srai  a4, 23
core   0: 3 0x80005510 (0x875d) x14 0x00000000
core   0: 0x80005512 (0xc01b0593) addi    a1, s6, -1023
core   0: 3 0x80005512 (0xc01b0593) x11 0xfffffc02
core   0: 0x80005516 (0x0000e81d) c.bnez  s0, pc + 54
core   0: 3 0x80005516 (0xe81d)
core   0: 0x80005518 (0x41675033) sra     zero, a4, s6
core   0: 3 0x80005518 (0x41675033)
core   0: 0x8000551c (0x01c80433) add     s0, a6, t3
core   0: 3 0x8000551c (0x01c80433) x 8 0x00000001
core   0: 0x80005520 (0x00f7c963) blt     a5, a5, pc + 18
core   0: 3 0x80005520 (0x00f7c963)
core   0: 0x80005524 (0x0047dd13) srli    s10, a5, 4
core   0: 3 0x80005524 (0x0047dd13) x26 0x08000000
core   0: 0x80005528 (0x00000f9a) c.slli  t6, 6
core   0: 3 0x80005528 (0x0f9a) x31 0x00000000
core   0: 0x8000552a (0x01eb81b3) add     gp, s7, t5
core   0: 3 0x8000552a (0x01eb81b3) x 3 0x80021e64
core   0: 0x8000552e (0x039ef763) bgeu    t4, s9, pc + 46
core   0: 3 0x8000552e (0x039ef763)
core   0: 0x8000555c (0x0000717d) c.addi16sp sp, -16
core   0: 3 0x8000555c (0x717d) x 2 0xfffffff0
core   0: 0x8000555e (0x00008d0d) c.sub   a0, a1
core   0: 3 0x8000555e (0x8d0d) x10 0xd17b7ab2
core   0: 0x80005560 (0x00421d33) sll     s10, tp, tp
core   0: 3 0x80005560 (0x00421d33) x26 0x00000000
core   0: 0x80005564 (0x002f3633) sltu    a2, t5, sp
core   0: 3 0x80005564 (0x002f3633) x12 0x00000001
core   0: 0x80005568 (0x0000697d) c.lui   s2, 0x1f
core   0: 3 0x80005568 (0x697d) x18 0x0001f000
core   0: 0x8000556a (0x007f0ab3) add     s5, t5, t2
core   0: 3 0x8000556a (0x007f0ab3) x21 0x00000000
core   0: 0x8000556e (0x4181d193) srai    gp, gp, 24
core   0: 3 0x8000556e (0x4181d193) x 3 0xffffff80
core   0: 0x80005572 (0x01e07b33) and     s6, zero, t5
core   0: 3 0x80005572 (0x01e07b33) x22 0x00000000
core   0: 0x80005576 (0x00000001) c.nop
core   0: 3 0x80005576 (0x0001)
core   0: 0x80005578 (0x0000e58d) c.bnez  a1, pc + 42
core   0: 3 0x80005578 (0xe58d)
core   0: 0x800055a2 (0x0000037e) c.slli  t1, 31
core   0: 3 0x800055a2 (0x037e) x 6 0x80000000
core   0: 0x800055a4 (0x02b8cf33) div     t5, a7, a1
core   0: 3 0x800055a4 (0x02b8cf33) x30 0xffdff08f
core   0: 0x800055a8 (0x02c119b3) mulh    s3, sp, a2
core   0: 3 0x800055a8 (0x02c119b3) x19 0xffffffff
core   0: 0x800055ac (0x002d1863) bne     s10, sp, pc + 16
core   0: 3 0x800055ac (0x002d1863)
core   0: 0x800055bc (0x013e1293) slli    t0, t3, 19
core   0: 3 0x800055bc (0x013e1293) x 5 0x00000000
core   0: 0x800055c0 (0xed2bb637) lui     a2, 0xed2bb
core   0: 3 0x800055c0 (0xed2bb637) x12 0xed2bb000
core   0: 0x800055c4 (0x02b26cb3) rem     s9, tp, a1
core   0: 3 0x800055c4 (0x02b26cb3) x25 0x00000000
core   0: 0x800055c8 (0x027dc2b3) div     t0, s11, t2
core   0: 3 0x800055c8 (0x027dc2b3) x 5 0xffffffff
core   0: 0x800055cc (0x00009c76) c.add   s8, t4
core   0: 3 0x800055cc (0x9c76) x24 0x0000001b
core   0: 0x800055ce (0x0281b033) mulhu   zero, gp, s0
core   0: 3 0x800055ce (0x0281b033)
core   0: 0x800055d2 (0x02970063) beq     a4, s1, pc + 32
core   0: 3 0x800055d2 (0x02970063)
core   0: 0x800055d6 (0x02a68b63) beq     a3, a0, pc + 54
core   0: 3 0x800055d6 (0x02a68b63)
core   0: 0x800055da (0x00008971) c.andi  a0, 28
core   0: 3 0x800055da (0x8971) x10 0x00000010
core   0: 0x800055dc (0x8c7bad13) slti    s10, s7, -1849
core   0: 3 0x800055dc (0x8c7bad13) x26 0x00000001
core   0: 0x800055e0 (0x01097e63) bgeu    s2, a6, pc + 28
core   0: 3 0x800055e0 (0x01097e63)
core   0: 0x800055fc (0x000010fd) c.addi  ra, -1
core   0: 3 0x800055fc (0x10fd) x 1 0x00003fe4
core   0: 0x800055fe (0x00fdfb33) and     s6, s11, a5
core   0: 3 0x800055fe (0x00fdfb33) x22 0x00000000
core   0: 0x80005602 (0x00008ac5) c.andi  a3, 17
core   0: 3 0x80005602 (0x8ac5) x13 0x00000000
core   0: 0x80005604 (0xa1cb4093) xori    ra, s6, -1508
core   0: 3 0x80005604 (0xa1cb4093) x 1 0xfffffa1c
core   0: 0x80005608 (0x17f30193) addi    gp, t1, 383
core   0: 3 0x80005608 (0x17f30193) x 3 0x8000017f
core   0: 0x8000560c (0x00008772) c.mv    a4, t3
core   0: 3 0x8000560c (0x8772) x14 0x00000000
core   0: 0x8000560e (0xe97d3e93) sltiu   t4, s10, -361
core   0: 3 0x8000560e (0xe97d3e93) x29 0x00000001
core   0: 0x80005612 (0x41805093) srai    ra, zero, 24
core   0: 3 0x80005612 (0x41805093) x 1 0x00000000
core   0: 0x80005616 (0x00008efd) c.and   a3, a5
core   0: 3 0x80005616 (0x8efd) x13 0x00000000
core   0: 0x80005618 (0x00000a0c) c.addi4spn a1, sp, 272
core   0: 3 0x80005618 (0x0a0c) x11 0x00000100
core   0: 0x8000561a (0x02811333) mulh    t1, sp, s0
core   0: 3 0x8000561a (0x02811333) x 6 0xffffffff
core   0: 0x8000561e (0x4f520c13) addi    s8, tp, 1269
core   0: 3 0x8000561e (0x4f520c13) x24 0x000004f5
core   0: 0x80005622 (0x02649163) bne     s1, t1, pc + 34
core   0: 3 0x80005622 (0x02649163)
core   0: 0x80005644 (0x000086dd) c.srai  a3, 23
core   0: 3 0x80005644 (0x86dd) x13 0x00000000
core   0: 0x80005646 (0x00251193) slli    gp, a0, 2
core   0: 3 0x80005646 (0x00251193) x 3 0x00000040
core   0: 0x8000564a (0x00901a93) slli    s5, zero, 9
core   0: 3 0x8000564a (0x00901a93) x21 0x00000000
core   0: 0x8000564e (0x0362b133) mulhu   sp, t0, s6
core   0: 3 0x8000564e (0x0362b133) x 2 0x00000000
core   0: 0x80005652 (0x11efa613) slti    a2, t6, 286
core   0: 3 0x80005652 (0x11efa613) x12 0x00000001
core   0: 0x80005656 (0x005205b3) add     a1, tp, t0
core   0: 3 0x80005656 (0x005205b3) x11 0xffffffff
core   0: 0x8000565a (0x00d19633) sll     a2, gp, a3
core   0: 3 0x8000565a (0x00d19633) x12 0x00000040
core   0: 0x8000565e (0x41a75993) srai    s3, a4, 26
core   0: 3 0x8000565e (0x41a75993) x19 0x00000000
core   0: 0x80005662 (0x00000001) c.nop
core   0: 3 0x80005662 (0x0001)
core   0: 0x80005664 (0x000006f5) c.addi  a3, 29
core   0: 3 0x80005664 (0x06f5) x13 0x0000001d
core   0: 0x80005666 (0x00001a7d) c.addi  s4, -1
core   0: 3 0x80005666 (0x1a7d) x20 0xffffffff
core   0: 0x80005668 (0x00008da9) c.xor   a1, a0
core   0: 3 0x80005668 (0x8da9) x11 0xffffffef
core   0: 0x8000566a (0x29b19f97) auipc   t6, 0x29b19
core   0: 3 0x8000566a (0x29b19f97) x31 0xa9b1e66a
core   0: 0x8000566e (0x02e3d033) divu    zero, t2, a4
core   0: 3 0x8000566e (0x02e3d033)
core   0: 0x80005672 (0x024d6463) bltu    s10, tp, pc + 40
core   0: 3 0x80005672 (0x024d6463)
core   0: 0x80005676 (0x0000717d) c.addi16sp sp, -16
core   0: 3 0x80005676 (0x717d) x 2 0xfffffff0
core   0: 0x80005678 (0x02473fb3) mulhu   t6, a4, tp
core   0: 3 0x80005678 (0x02473fb3) x31 0x00000000
core   0: 0x8000567c (0x08335563) bge     t1, gp, pc + 138
core   0: 3 0x8000567c (0x08335563)
core   0: 0x80005680 (0x08ebe063) bltu    s7, a4, pc + 128
core   0: 3 0x80005680 (0x08ebe063)
core   0: 0x80005684 (0x00005b7d) c.li    s6, -1
core   0: 3 0x80005684 (0x5b7d) x22 0xffffffff
core   0: 0x80005686 (0x07e80f63) beq     a6, t5, pc + 126
core   0: 3 0x80005686 (0x07e80f63)
core   0: 0x8000568a (0x00000001) c.nop
core   0: 3 0x8000568a (0x0001)
core   0: 0x8000568c (0x00ce9393) slli    t2, t4, 12
core   0: 3 0x8000568c (0x00ce9393) x 7 0x00001000
core   0: 0x80005690 (0x407bd1b3) sra     gp, s7, t2
core   0: 3 0x80005690 (0x407bd1b3) x 3 0x80021e64
core   0: 0x80005694 (0x02c2da33) divu    s4, t0, a2
core   0: 3 0x80005694 (0x02c2da33) x20 0x03ffffff
core   0: 0x80005698 (0x0000c1c9) c.beqz  a1, pc + 130
core   0: 3 0x80005698 (0xc1c9)
core   0: 0x8000569a (0x0882ea63) bltu    t0, s0, pc + 148
core   0: 3 0x8000569a (0x0882ea63)
core   0: 0x8000569e (0x59cbfc13) andi    s8, s7, 1436
core   0: 3 0x8000569e (0x59cbfc13) x24 0x00000404
core   0: 0x800056a2 (0x00700613) li      a2, 7
core   0: 3 0x800056a2 (0x00700613) x12 0x00000007
core   0: 0x800056a6 (0x00000001) c.nop
core   0: 3 0x800056a6 (0x0001)
core   0: 0x800056a8 (0x033a16b3) mulh    a3, s4, s3
core   0: 3 0x800056a8 (0x033a16b3) x13 0x00000000
core   0: 0x800056ac (0x000086c9) c.srai  a3, 18
core   0: 3 0x800056ac (0x86c9) x13 0x00000000
core   0: 0x800056ae (0x415e5c93) srai    s9, t3, 21
core   0: 3 0x800056ae (0x415e5c93) x25 0x00000000
core   0: 0x800056b2 (0xda9eb693) sltiu   a3, t4, -599
core   0: 3 0x800056b2 (0xda9eb693) x13 0x00000001
core   0: 0x800056b6 (0x93bc9837) lui     a6, 0x93bc9
core   0: 3 0x800056b6 (0x93bc9837) x16 0x93bc9000
core   0: 0x800056ba (0x0000100f) fence.i
core   0: 3 0x800056ba (0x0000100f)
core   0: 0x800056be (0x000049e1) c.li    s3, 24
core   0: 3 0x800056be (0x49e1) x19 0x00000018
core   0: 0x800056c0 (0x0333fc33) remu    s8, t2, s3
core   0: 3 0x800056c0 (0x0333fc33) x24 0x00000010
core   0: 0x800056c4 (0x00001e0c) c.addi4spn a1, sp, 816
core   0: 3 0x800056c4 (0x1e0c) x11 0x00000320
core   0: 0x800056c6 (0x0000167d) c.addi  a2, -1
core   0: 3 0x800056c6 (0x167d) x12 0x00000006
core   0: 0x800056c8 (0x00c06833) or      a6, zero, a2
core   0: 3 0x800056c8 (0x00c06833) x16 0x00000006
core   0: 0x800056cc (0x000013fd) c.addi  t2, -1
core   0: 3 0x800056cc (0x13fd) x 7 0x00000fff
core   0: 0x800056ce (0x0050e9b3) or      s3, ra, t0
core   0: 3 0x800056ce (0x0050e9b3) x19 0xffffffff
core   0: 0x800056d2 (0x0000804d) c.srli  s0, 19
core   0: 3 0x800056d2 (0x804d) x 8 0x00000000
core   0: 0x800056d4 (0x00008ed5) c.or    a3, a3
core   0: 3 0x800056d4 (0x8ed5) x13 0x00000001
core   0: 0x800056d6 (0x022030b3) mulhu   ra, zero, sp
core   0: 3 0x800056d6 (0x022030b3) x 1 0x00000000
core   0: 0x800056da (0x4024d713) srai    a4, s1, 2
core   0: 3 0x800056da (0x4024d713) x14 0xe0009739
core   0: 0x800056de (0x4565b593) sltiu   a1, a1, 1110
core   0: 3 0x800056de (0x4565b593) x11 0x00000001
core   0: 0x800056e2 (0x00009222) c.add   tp, s0
core   0: 3 0x800056e2 (0x9222) x 4 0x00000000
core   0: 0x800056e4 (0x0000100f) fence.i
core   0: 3 0x800056e4 (0x0000100f)
core   0: 0x800056e8 (0x00f856b3) srl     a3, a6, a5
core   0: 3 0x800056e8 (0x00f856b3) x13 0x00000006
core   0: 0x800056ec (0x0000fa69) c.bnez  a2, pc - 46
core   0: 3 0x800056ec (0xfa69)
core   0: 0x800056be (0x000049e1) c.li    s3, 24
core   0: 3 0x800056be (0x49e1) x19 0x00000018
core   0: 0x800056c0 (0x0333fc33) remu    s8, t2, s3
core   0: 3 0x800056c0 (0x0333fc33) x24 0x0000000f
core   0: 0x800056c4 (0x00001e0c) c.addi4spn a1, sp, 816
core   0: 3 0x800056c4 (0x1e0c) x11 0x00000320
core   0: 0x800056c6 (0x0000167d) c.addi  a2, -1
core   0: 3 0x800056c6 (0x167d) x12 0x00000005
core   0: 0x800056c8 (0x00c06833) or      a6, zero, a2
core   0: 3 0x800056c8 (0x00c06833) x16 0x00000005
core   0: 0x800056cc (0x000013fd) c.addi  t2, -1
core   0: 3 0x800056cc (0x13fd) x 7 0x00000ffe
core   0: 0x800056ce (0x0050e9b3) or      s3, ra, t0
core   0: 3 0x800056ce (0x0050e9b3) x19 0xffffffff
core   0: 0x800056d2 (0x0000804d) c.srli  s0, 19
core   0: 3 0x800056d2 (0x804d) x 8 0x00000000
core   0: 0x800056d4 (0x00008ed5) c.or    a3, a3
core   0: 3 0x800056d4 (0x8ed5) x13 0x00000006
core   0: 0x800056d6 (0x022030b3) mulhu   ra, zero, sp
core   0: 3 0x800056d6 (0x022030b3) x 1 0x00000000
core   0: 0x800056da (0x4024d713) srai    a4, s1, 2
core   0: 3 0x800056da (0x4024d713) x14 0xe0009739
core   0: 0x800056de (0x4565b593) sltiu   a1, a1, 1110
core   0: 3 0x800056de (0x4565b593) x11 0x00000001
core   0: 0x800056e2 (0x00009222) c.add   tp, s0
core   0: 3 0x800056e2 (0x9222) x 4 0x00000000
core   0: 0x800056e4 (0x0000100f) fence.i
core   0: 3 0x800056e4 (0x0000100f)
core   0: 0x800056e8 (0x00f856b3) srl     a3, a6, a5
core   0: 3 0x800056e8 (0x00f856b3) x13 0x00000005
core   0: 0x800056ec (0x0000fa69) c.bnez  a2, pc - 46
core   0: 3 0x800056ec (0xfa69)
core   0: 0x800056be (0x000049e1) c.li    s3, 24
core   0: 3 0x800056be (0x49e1) x19 0x00000018
core   0: 0x800056c0 (0x0333fc33) remu    s8, t2, s3
core   0: 3 0x800056c0 (0x0333fc33) x24 0x0000000e
core   0: 0x800056c4 (0x00001e0c) c.addi4spn a1, sp, 816
core   0: 3 0x800056c4 (0x1e0c) x11 0x00000320
core   0: 0x800056c6 (0x0000167d) c.addi  a2, -1
core   0: 3 0x800056c6 (0x167d) x12 0x00000004
core   0: 0x800056c8 (0x00c06833) or      a6, zero, a2
core   0: 3 0x800056c8 (0x00c06833) x16 0x00000004
core   0: 0x800056cc (0x000013fd) c.addi  t2, -1
core   0: 3 0x800056cc (0x13fd) x 7 0x00000ffd
core   0: 0x800056ce (0x0050e9b3) or      s3, ra, t0
core   0: 3 0x800056ce (0x0050e9b3) x19 0xffffffff
core   0: 0x800056d2 (0x0000804d) c.srli  s0, 19
core   0: 3 0x800056d2 (0x804d) x 8 0x00000000
core   0: 0x800056d4 (0x00008ed5) c.or    a3, a3
core   0: 3 0x800056d4 (0x8ed5) x13 0x00000005
core   0: 0x800056d6 (0x022030b3) mulhu   ra, zero, sp
core   0: 3 0x800056d6 (0x022030b3) x 1 0x00000000
core   0: 0x800056da (0x4024d713) srai    a4, s1, 2
core   0: 3 0x800056da (0x4024d713) x14 0xe0009739
core   0: 0x800056de (0x4565b593) sltiu   a1, a1, 1110
core   0: 3 0x800056de (0x4565b593) x11 0x00000001
core   0: 0x800056e2 (0x00009222) c.add   tp, s0
core   0: 3 0x800056e2 (0x9222) x 4 0x00000000
core   0: 0x800056e4 (0x0000100f) fence.i
core   0: 3 0x800056e4 (0x0000100f)
core   0: 0x800056e8 (0x00f856b3) srl     a3, a6, a5
core   0: 3 0x800056e8 (0x00f856b3) x13 0x00000004
core   0: 0x800056ec (0x0000fa69) c.bnez  a2, pc - 46
core   0: 3 0x800056ec (0xfa69)
core   0: 0x800056be (0x000049e1) c.li    s3, 24
core   0: 3 0x800056be (0x49e1) x19 0x00000018
core   0: 0x800056c0 (0x0333fc33) remu    s8, t2, s3
core   0: 3 0x800056c0 (0x0333fc33) x24 0x0000000d
core   0: 0x800056c4 (0x00001e0c) c.addi4spn a1, sp, 816
core   0: 3 0x800056c4 (0x1e0c) x11 0x00000320
core   0: 0x800056c6 (0x0000167d) c.addi  a2, -1
core   0: 3 0x800056c6 (0x167d) x12 0x00000003
core   0: 0x800056c8 (0x00c06833) or      a6, zero, a2
core   0: 3 0x800056c8 (0x00c06833) x16 0x00000003
core   0: 0x800056cc (0x000013fd) c.addi  t2, -1
core   0: 3 0x800056cc (0x13fd) x 7 0x00000ffc
core   0: 0x800056ce (0x0050e9b3) or      s3, ra, t0
core   0: 3 0x800056ce (0x0050e9b3) x19 0xffffffff
core   0: 0x800056d2 (0x0000804d) c.srli  s0, 19
core   0: 3 0x800056d2 (0x804d) x 8 0x00000000
core   0: 0x800056d4 (0x00008ed5) c.or    a3, a3
core   0: 3 0x800056d4 (0x8ed5) x13 0x00000004
core   0: 0x800056d6 (0x022030b3) mulhu   ra, zero, sp
core   0: 3 0x800056d6 (0x022030b3) x 1 0x00000000
core   0: 0x800056da (0x4024d713) srai    a4, s1, 2
core   0: 3 0x800056da (0x4024d713) x14 0xe0009739
core   0: 0x800056de (0x4565b593) sltiu   a1, a1, 1110
core   0: 3 0x800056de (0x4565b593) x11 0x00000001
core   0: 0x800056e2 (0x00009222) c.add   tp, s0
core   0: 3 0x800056e2 (0x9222) x 4 0x00000000
core   0: 0x800056e4 (0x0000100f) fence.i
core   0: 3 0x800056e4 (0x0000100f)
core   0: 0x800056e8 (0x00f856b3) srl     a3, a6, a5
core   0: 3 0x800056e8 (0x00f856b3) x13 0x00000003
core   0: 0x800056ec (0x0000fa69) c.bnez  a2, pc - 46
core   0: 3 0x800056ec (0xfa69)
core   0: 0x800056be (0x000049e1) c.li    s3, 24
core   0: 3 0x800056be (0x49e1) x19 0x00000018
core   0: 0x800056c0 (0x0333fc33) remu    s8, t2, s3
core   0: 3 0x800056c0 (0x0333fc33) x24 0x0000000c
core   0: 0x800056c4 (0x00001e0c) c.addi4spn a1, sp, 816
core   0: 3 0x800056c4 (0x1e0c) x11 0x00000320
core   0: 0x800056c6 (0x0000167d) c.addi  a2, -1
core   0: 3 0x800056c6 (0x167d) x12 0x00000002
core   0: 0x800056c8 (0x00c06833) or      a6, zero, a2
core   0: 3 0x800056c8 (0x00c06833) x16 0x00000002
core   0: 0x800056cc (0x000013fd) c.addi  t2, -1
core   0: 3 0x800056cc (0x13fd) x 7 0x00000ffb
core   0: 0x800056ce (0x0050e9b3) or      s3, ra, t0
core   0: 3 0x800056ce (0x0050e9b3) x19 0xffffffff
core   0: 0x800056d2 (0x0000804d) c.srli  s0, 19
core   0: 3 0x800056d2 (0x804d) x 8 0x00000000
core   0: 0x800056d4 (0x00008ed5) c.or    a3, a3
core   0: 3 0x800056d4 (0x8ed5) x13 0x00000003
core   0: 0x800056d6 (0x022030b3) mulhu   ra, zero, sp
core   0: 3 0x800056d6 (0x022030b3) x 1 0x00000000
core   0: 0x800056da (0x4024d713) srai    a4, s1, 2
core   0: 3 0x800056da (0x4024d713) x14 0xe0009739
core   0: 0x800056de (0x4565b593) sltiu   a1, a1, 1110
core   0: 3 0x800056de (0x4565b593) x11 0x00000001
core   0: 0x800056e2 (0x00009222) c.add   tp, s0
core   0: 3 0x800056e2 (0x9222) x 4 0x00000000
core   0: 0x800056e4 (0x0000100f) fence.i
core   0: 3 0x800056e4 (0x0000100f)
core   0: 0x800056e8 (0x00f856b3) srl     a3, a6, a5
core   0: 3 0x800056e8 (0x00f856b3) x13 0x00000002
core   0: 0x800056ec (0x0000fa69) c.bnez  a2, pc - 46
core   0: 3 0x800056ec (0xfa69)
core   0: 0x800056be (0x000049e1) c.li    s3, 24
core   0: 3 0x800056be (0x49e1) x19 0x00000018
core   0: 0x800056c0 (0x0333fc33) remu    s8, t2, s3
core   0: 3 0x800056c0 (0x0333fc33) x24 0x0000000b
core   0: 0x800056c4 (0x00001e0c) c.addi4spn a1, sp, 816
core   0: 3 0x800056c4 (0x1e0c) x11 0x00000320
core   0: 0x800056c6 (0x0000167d) c.addi  a2, -1
core   0: 3 0x800056c6 (0x167d) x12 0x00000001
core   0: 0x800056c8 (0x00c06833) or      a6, zero, a2
core   0: 3 0x800056c8 (0x00c06833) x16 0x00000001
core   0: 0x800056cc (0x000013fd) c.addi  t2, -1
core   0: 3 0x800056cc (0x13fd) x 7 0x00000ffa
core   0: 0x800056ce (0x0050e9b3) or      s3, ra, t0
core   0: 3 0x800056ce (0x0050e9b3) x19 0xffffffff
core   0: 0x800056d2 (0x0000804d) c.srli  s0, 19
core   0: 3 0x800056d2 (0x804d) x 8 0x00000000
core   0: 0x800056d4 (0x00008ed5) c.or    a3, a3
core   0: 3 0x800056d4 (0x8ed5) x13 0x00000002
core   0: 0x800056d6 (0x022030b3) mulhu   ra, zero, sp
core   0: 3 0x800056d6 (0x022030b3) x 1 0x00000000
core   0: 0x800056da (0x4024d713) srai    a4, s1, 2
core   0: 3 0x800056da (0x4024d713) x14 0xe0009739
core   0: 0x800056de (0x4565b593) sltiu   a1, a1, 1110
core   0: 3 0x800056de (0x4565b593) x11 0x00000001
core   0: 0x800056e2 (0x00009222) c.add   tp, s0
core   0: 3 0x800056e2 (0x9222) x 4 0x00000000
core   0: 0x800056e4 (0x0000100f) fence.i
core   0: 3 0x800056e4 (0x0000100f)
core   0: 0x800056e8 (0x00f856b3) srl     a3, a6, a5
core   0: 3 0x800056e8 (0x00f856b3) x13 0x00000001
core   0: 0x800056ec (0x0000fa69) c.bnez  a2, pc - 46
core   0: 3 0x800056ec (0xfa69)
core   0: 0x800056be (0x000049e1) c.li    s3, 24
core   0: 3 0x800056be (0x49e1) x19 0x00000018
core   0: 0x800056c0 (0x0333fc33) remu    s8, t2, s3
core   0: 3 0x800056c0 (0x0333fc33) x24 0x0000000a
core   0: 0x800056c4 (0x00001e0c) c.addi4spn a1, sp, 816
core   0: 3 0x800056c4 (0x1e0c) x11 0x00000320
core   0: 0x800056c6 (0x0000167d) c.addi  a2, -1
core   0: 3 0x800056c6 (0x167d) x12 0x00000000
core   0: 0x800056c8 (0x00c06833) or      a6, zero, a2
core   0: 3 0x800056c8 (0x00c06833) x16 0x00000000
core   0: 0x800056cc (0x000013fd) c.addi  t2, -1
core   0: 3 0x800056cc (0x13fd) x 7 0x00000ff9
core   0: 0x800056ce (0x0050e9b3) or      s3, ra, t0
core   0: 3 0x800056ce (0x0050e9b3) x19 0xffffffff
core   0: 0x800056d2 (0x0000804d) c.srli  s0, 19
core   0: 3 0x800056d2 (0x804d) x 8 0x00000000
core   0: 0x800056d4 (0x00008ed5) c.or    a3, a3
core   0: 3 0x800056d4 (0x8ed5) x13 0x00000001
core   0: 0x800056d6 (0x022030b3) mulhu   ra, zero, sp
core   0: 3 0x800056d6 (0x022030b3) x 1 0x00000000
core   0: 0x800056da (0x4024d713) srai    a4, s1, 2
core   0: 3 0x800056da (0x4024d713) x14 0xe0009739
core   0: 0x800056de (0x4565b593) sltiu   a1, a1, 1110
core   0: 3 0x800056de (0x4565b593) x11 0x00000001
core   0: 0x800056e2 (0x00009222) c.add   tp, s0
core   0: 3 0x800056e2 (0x9222) x 4 0x00000000
core   0: 0x800056e4 (0x0000100f) fence.i
core   0: 3 0x800056e4 (0x0000100f)
core   0: 0x800056e8 (0x00f856b3) srl     a3, a6, a5
core   0: 3 0x800056e8 (0x00f856b3) x13 0x00000000
core   0: 0x800056ec (0x0000fa69) c.bnez  a2, pc - 46
core   0: 3 0x800056ec (0xfa69)
core   0: 0x800056ee (0x6a526a13) ori     s4, tp, 1701
core   0: 3 0x800056ee (0x6a526a13) x20 0x000006a5
core   0: 0x800056f2 (0x00008ead) c.xor   a3, a1
core   0: 3 0x800056f2 (0x8ead) x13 0x00000001
core   0: 0x800056f4 (0x032f0233) mul     tp, t5, s2
core   0: 3 0x800056f4 (0x032f0233) x 4 0xe2151000
core   0: 0x800056f8 (0x02e14233) div     tp, sp, a4
core   0: 3 0x800056f8 (0x02e14233) x 4 0x00000000
core   0: 0x800056fc (0xb7db2113) slti    sp, s6, -1155
core   0: 3 0x800056fc (0xb7db2113) x 2 0x00000000
core   0: 0x80005700 (0x00008f71) c.and   a4, a2
core   0: 3 0x80005700 (0x8f71) x14 0x00000000
core   0: 0x80005702 (0x00008e51) c.or    a2, a2
core   0: 3 0x80005702 (0x8e51) x12 0x00000000
core   0: 0x80005704 (0x00000001) c.nop
core   0: 3 0x80005704 (0x0001)
core   0: 0x80005706 (0x00652a33) slt     s4, a0, t1
core   0: 3 0x80005706 (0x00652a33) x20 0x00000000
core   0: 0x8000570a (0x00008035) c.srli  s0, 13
core   0: 3 0x8000570a (0x8035) x 8 0x00000000
core   0: 0x8000570c (0x03189163) bne     a7, a7, pc + 34
core   0: 3 0x8000570c (0x03189163)
core   0: 0x80005710 (0x02d1bfb3) mulhu   t6, gp, a3
core   0: 3 0x80005710 (0x02d1bfb3) x31 0x00000000
core   0: 0x80005714 (0x000010fd) c.addi  ra, -1
core   0: 3 0x80005714 (0x10fd) x 1 0xffffffff
core   0: 0x80005716 (0x01164cb3) xor     s9, a2, a7
core   0: 3 0x80005716 (0x01164cb3) x25 0x7ffda64d
core   0: 0x8000571a (0x003eff63) bgeu    t4, gp, pc + 30
core   0: 3 0x8000571a (0x003eff63)
core   0: 0x8000571e (0x0944c693) xori    a3, s1, 148
core   0: 3 0x8000571e (0x0944c693) x13 0x80025c70
core   0: 0x80005722 (0x02936cb3) rem     s9, t1, s1
core   0: 3 0x80005722 (0x02936cb3) x25 0xffffffff
core   0: 0x80005726 (0x019d9663) bne     s11, s9, pc + 12
core   0: 3 0x80005726 (0x019d9663)
core   0: 0x80005732 (0x40c9d2b3) sra     t0, s3, a2
core   0: 3 0x80005732 (0x40c9d2b3) x 5 0xffffffff
core   0: 0x80005736 (0x00000001) c.nop
core   0: 3 0x80005736 (0x0001)
core   0: 0x80005738 (0x010380b3) add     ra, t2, a6
core   0: 3 0x80005738 (0x010380b3) x 1 0x00000ff9
core   0: 0x8000573c (0x00008f7d) c.and   a4, a5
core   0: 3 0x8000573c (0x8f7d) x14 0x00000000
core   0: 0x8000573e (0x00009a8e) c.add   s5, gp
core   0: 3 0x8000573e (0x9a8e) x21 0x80021e64
core   0: 0x80005740 (0x00d3d593) srli    a1, t2, 13
core   0: 3 0x80005740 (0x00d3d593) x11 0x00000000
core   0: 0x80005744 (0x00000001) c.nop
core   0: 3 0x80005744 (0x0001)
core   0: 0x80005746 (0x00d279b3) and     s3, tp, a3
core   0: 3 0x80005746 (0x00d279b3) x19 0x00000000
core   0: 0x8000574a (0x00cffa63) bgeu    t6, a2, pc + 20
core   0: 3 0x8000574a (0x00cffa63)
core   0: 0x8000575e (0x002ff263) bgeu    t6, sp, pc + 4
core   0: 3 0x8000575e (0x002ff263)
core   0: 0x80005762 (0x0457e163) bltu    a5, t0, pc + 66
core   0: 3 0x80005762 (0x0457e163)
core   0: 0x800057a4 (0x40bc2d93) slti    s11, s8, 1035
core   0: 3 0x800057a4 (0x40bc2d93) x27 0x00000001
core   0: 0x800057a8 (0xb4b1b893) sltiu   a7, gp, -1205
core   0: 3 0x800057a8 (0xb4b1b893) x17 0x00000001
core   0: 0x800057ac (0x03140533) mul     a0, s0, a7
core   0: 3 0x800057ac (0x03140533) x10 0x00000000
core   0: 0x800057b0 (0x01b25713) srli    a4, tp, 27
core   0: 3 0x800057b0 (0x01b25713) x14 0x00000000
core   0: 0x800057b4 (0x052f8263) beq     t6, s2, pc + 68
core   0: 3 0x800057b4 (0x052f8263)
core   0: 0x800057b8 (0x00804a63) blt     zero, s0, pc + 20
core   0: 3 0x800057b8 (0x00804a63)
core   0: 0x800057bc (0x41d40333) sub     t1, s0, t4
core   0: 3 0x800057bc (0x41d40333) x 6 0xffffffff
core   0: 0x800057c0 (0x02565a63) bge     a2, t0, pc + 52
core   0: 3 0x800057c0 (0x02565a63)
core   0: 0x800057f4 (0x03b4e433) rem     s0, s1, s11
core   0: 3 0x800057f4 (0x03b4e433) x 8 0x00000000
core   0: 0x800057f8 (0x5ff6fa13) andi    s4, a3, 1535
core   0: 3 0x800057f8 (0x5ff6fa13) x20 0x00000470
core   0: 0x800057fc (0x00f17263) bgeu    sp, a5, pc + 4
core   0: 3 0x800057fc (0x00f17263)
core   0: 0x80005800 (0x005c1d13) slli    s10, s8, 5
core   0: 3 0x80005800 (0x005c1d13) x26 0x00000140
core   0: 0x80005804 (0x4111d213) srai    tp, gp, 17
core   0: 3 0x80005804 (0x4111d213) x 4 0xffffc001
core   0: 0x80005808 (0x00006c6d) c.lui   s8, 0x1b
core   0: 3 0x80005808 (0x6c6d) x24 0x0001b000
core   0: 0x8000580a (0x00bb1013) slli    zero, s6, 11
core   0: 3 0x8000580a (0x00bb1013)
core   0: 0x8000580e (0x010e8233) add     tp, t4, a6
core   0: 3 0x8000580e (0x010e8233) x 4 0x00000001
core   0: 0x80005812 (0x00000001) c.nop
core   0: 3 0x80005812 (0x0001)
core   0: 0x80005814 (0x00000469) c.addi  s0, 26
core   0: 3 0x80005814 (0x0469) x 8 0x0000001a
core   0: 0x80005816 (0x00000001) c.nop
core   0: 3 0x80005816 (0x0001)
core   0: 0x80005818 (0x00008db9) c.xor   a1, a4
core   0: 3 0x80005818 (0x8db9) x11 0x00000000
core   0: 0x8000581a (0x41868f33) sub     t5, a3, s8
core   0: 3 0x8000581a (0x41868f33) x30 0x8000ac70
core   0: 0x8000581e (0x00008eb9) c.xor   a3, a4
core   0: 3 0x8000581e (0x8eb9) x13 0x80025c70
core   0: 0x80005820 (0x00000001) c.nop
core   0: 3 0x80005820 (0x0001)
core   0: 0x80005822 (0x02e83e33) mulhu   t3, a6, a4
core   0: 3 0x80005822 (0x02e83e33) x28 0x00000000
core   0: 0x80005826 (0x00006611) c.lui   a2, 0x4
core   0: 3 0x80005826 (0x6611) x12 0x00004000
core   0: 0x80005828 (0x410a5c93) srai    s9, s4, 16
core   0: 3 0x80005828 (0x410a5c93) x25 0x00000000
core   0: 0x8000582c (0x00008e9e) c.mv    t4, t2
core   0: 3 0x8000582c (0x8e9e) x29 0x00000ff9
core   0: 0x8000582e (0x00009a7d) c.andi  a2, -1
core   0: 3 0x8000582e (0x9a7d) x12 0x00004000
core   0: 0x80005830 (0xca399e17) auipc   t3, 0xca399
core   0: 3 0x80005830 (0xca399e17) x28 0x4a39e830
core   0: 0x80005834 (0x0000938a) c.add   t2, sp
core   0: 3 0x80005834 (0x938a) x 7 0x00000ff9
core   0: 0x80005836 (0x01ca8733) add     a4, s5, t3
core   0: 3 0x80005836 (0x01ca8733) x14 0xca3c0694
core   0: 0x8000583a (0x0ff0000f) fence   iorw,iorw
core   0: 3 0x8000583a (0x0ff0000f)
core   0: 0x8000583e (0x0000100f) fence.i
core   0: 3 0x8000583e (0x0000100f)
core   0: 0x80005842 (0x00eecc33) xor     s8, t4, a4
core   0: 3 0x80005842 (0x00eecc33) x24 0xca3c096d
core   0: 0x80005846 (0xe08f3613) sltiu   a2, t5, -504
core   0: 3 0x80005846 (0xe08f3613) x12 0x00000001
core   0: 0x8000584a (0x408d8d33) sub     s10, s11, s0
core   0: 3 0x8000584a (0x408d8d33) x26 0xffffffe7
core   0: 0x8000584e (0x027ca5b3) mulhsu  a1, s9, t2
core   0: 3 0x8000584e (0x027ca5b3) x11 0x00000000
core   0: 0x80005852 (0x0389e5b3) rem     a1, s3, s8
core   0: 3 0x80005852 (0x0389e5b3) x11 0x00000000
core   0: 0x80005856 (0x00847cb3) and     s9, s0, s0
core   0: 3 0x80005856 (0x00847cb3) x25 0x0000001a
core   0: 0x8000585a (0x409c8f33) sub     t5, s9, s1
core   0: 3 0x8000585a (0x409c8f33) x30 0x7ffda336
core   0: 0x8000585e (0x013499b7) lui     s3, 0x1349
core   0: 3 0x8000585e (0x013499b7) x19 0x01349000
core   0: 0x80005862 (0x00008e75) c.and   a2, a3
core   0: 3 0x80005862 (0x8e75) x12 0x00000000
core   0: 0x80005864 (0x00008e7d) c.and   a2, a5
core   0: 3 0x80005864 (0x8e7d) x12 0x00000000
core   0: 0x80005866 (0x03a7cab3) div     s5, a5, s10
core   0: 3 0x80005866 (0x03a7cab3) x21 0x051eb851
core   0: 0x8000586a (0x0020d413) srli    s0, ra, 2
core   0: 3 0x8000586a (0x0020d413) x 8 0x000003fe
core   0: 0x8000586e (0xfd582c13) slti    s8, a6, -43
core   0: 3 0x8000586e (0xfd582c13) x24 0x00000000
core   0: 0x80005872 (0x039e79b3) remu    s3, t3, s9
core   0: 3 0x80005872 (0x039e79b3) x19 0x00000002
core   0: 0x80005876 (0x03e0f733) remu    a4, ra, t5
core   0: 3 0x80005876 (0x03e0f733) x14 0x00000ff9
core   0: 0x8000587a (0x00005c7d) c.li    s8, -1
core   0: 3 0x8000587a (0x5c7d) x24 0xffffffff
core   0: 0x8000587c (0x00008eb9) c.xor   a3, a4
core   0: 3 0x8000587c (0x8eb9) x13 0x80025389
core   0: 0x8000587e (0x033e41b3) div     gp, t3, s3
core   0: 3 0x8000587e (0x033e41b3) x 3 0x251cf418
core   0: 0x80005882 (0x000066d9) c.lui   a3, 0x16
core   0: 3 0x80005882 (0x66d9) x13 0x00016000
core   0: 0x80005884 (0x0000873d) c.srai  a4, 15
core   0: 3 0x80005884 (0x873d) x14 0x00000000
core   0: 0x80005886 (0xacdaa213) slti    tp, s5, -1331
core   0: 3 0x80005886 (0xacdaa213) x 4 0x00000000
core   0: 0x8000588a (0x9880b693) sltiu   a3, ra, -1656
core   0: 3 0x8000588a (0x9880b693) x13 0x00000001
core   0: 0x8000588e (0x00008e71) c.and   a2, a2
core   0: 3 0x8000588e (0x8e71) x12 0x00000000
core   0: 0x80005890 (0x00009afd) c.andi  a3, -1
core   0: 3 0x80005890 (0x9afd) x13 0x00000001
core   0: 0x80005892 (0x0095f933) and     s2, a1, s1
core   0: 3 0x80005892 (0x0095f933) x18 0x00000000
core   0: 0x80005896 (0x01b365b3) or      a1, t1, s11
core   0: 3 0x80005896 (0x01b365b3) x11 0xffffffff
core   0: 0x8000589a (0x0072b333) sltu    t1, t0, t2
core   0: 3 0x8000589a (0x0072b333) x 6 0x00000000
core   0: 0x8000589e (0x01feda13) srli    s4, t4, 31
core   0: 3 0x8000589e (0x01feda13) x20 0x00000000
core   0: 0x800058a2 (0x021f9933) mulh    s2, t6, ra
core   0: 3 0x800058a2 (0x021f9933) x18 0x00000000
core   0: 0x800058a6 (0x95857413) andi    s0, a0, -1704
core   0: 3 0x800058a6 (0x95857413) x 8 0x00000000
core   0: 0x800058aa (0x280cea93) ori     s5, s9, 640
core   0: 3 0x800058aa (0x280cea93) x21 0x0000029a
core   0: 0x800058ae (0x03c795b3) mulh    a1, a5, t3
core   0: 3 0x800058ae (0x03c795b3) x11 0xdae30be8
core   0: 0x800058b2 (0x00001814) c.addi4spn a3, sp, 48
core   0: 3 0x800058b2 (0x1814) x13 0x00000030
core   0: 0x800058b4 (0x3bedbb13) sltiu   s6, s11, 958
core   0: 3 0x800058b4 (0x3bedbb13) x22 0x00000001
core   0: 0x800058b8 (0x037186b3) mul     a3, gp, s7
core   0: 3 0x800058b8 (0x037186b3) x13 0xcc1a2960
core   0: 0x800058bc (0x01e5b933) sltu    s2, a1, t5
core   0: 3 0x800058bc (0x01e5b933) x18 0x00000000
core   0: 0x800058c0 (0x00d90c63) beq     s2, a3, pc + 24
core   0: 3 0x800058c0 (0x00d90c63)
core   0: 0x800058c4 (0x0000803d) c.srli  s0, 15
core   0: 3 0x800058c4 (0x803d) x 8 0x00000000
core   0: 0x800058c6 (0x02594d63) blt     s2, t0, pc + 58
core   0: 3 0x800058c6 (0x02594d63)
core   0: 0x800058ca (0x00004b69) c.li    s6, 26
core   0: 3 0x800058ca (0x4b69) x22 0x0000001a
core   0: 0x800058cc (0x0128bfb3) sltu    t6, a7, s2
core   0: 3 0x800058cc (0x0128bfb3) x31 0x00000000
core   0: 0x800058d0 (0x0000127d) c.addi  tp, -1
core   0: 3 0x800058d0 (0x127d) x 4 0xffffffff
core   0: 0x800058d2 (0xdff56e37) lui     t3, 0xdff56
core   0: 3 0x800058d2 (0xdff56e37) x28 0xdff56000
core   0: 0x800058d6 (0x00006175) c.addi16sp sp, 368
core   0: 3 0x800058d6 (0x6175) x 2 0x00000170
core   0: 0x800058d8 (0x00008695) c.srai  a3, 5
core   0: 3 0x800058d8 (0x8695) x13 0xfe60d14b
core   0: 0x800058da (0x40190b33) sub     s6, s2, ra
core   0: 3 0x800058da (0x40190b33) x22 0xfffff007
core   0: 0x800058de (0x01b0e763) bltu    ra, s11, pc + 14
core   0: 3 0x800058de (0x01b0e763)
core   0: 0x800058e2 (0x00009876) c.add   a6, t4
core   0: 3 0x800058e2 (0x9876) x16 0x00000ff9
core   0: 0x800058e4 (0x00130863) beq     t1, ra, pc + 16
core   0: 3 0x800058e4 (0x00130863)
core   0: 0x800058e8 (0x0000987d) c.andi  s0, -1
core   0: 3 0x800058e8 (0x987d) x 8 0x00000000
core   0: 0x800058ea (0x00008c49) c.or    s0, a0
core   0: 3 0x800058ea (0x8c49) x 8 0x00000000
core   0: 0x800058ec (0x0000100f) fence.i
core   0: 3 0x800058ec (0x0000100f)
core   0: 0x800058f0 (0xe7a18e93) addi    t4, gp, -390
core   0: 3 0x800058f0 (0xe7a18e93) x29 0x251cf292
core   0: 0x800058f4 (0xc8ac7593) andi    a1, s8, -886
core   0: 3 0x800058f4 (0xc8ac7593) x11 0xfffffc8a
core   0: 0x800058f8 (0x020c9cb3) mulh    s9, s9, zero
core   0: 3 0x800058f8 (0x020c9cb3) x25 0x00000000
core   0: 0x800058fc (0x00000001) c.nop
core   0: 3 0x800058fc (0x0001)
core   0: 0x800058fe (0x00008d3d) c.xor   a0, a5
core   0: 3 0x800058fe (0x8d3d) x10 0x80000000
core   0: 0x80005900 (0x02d5c133) div     sp, a1, a3
core   0: 3 0x80005900 (0x02d5c133) x 2 0x00000000
core   0: 0x80005904 (0x006bdc63) bge     s7, t1, pc + 24
core   0: 3 0x80005904 (0x006bdc63)
core   0: 0x80005908 (0x00008f3d) c.xor   a4, a5
core   0: 3 0x80005908 (0x8f3d) x14 0x80000000
core   0: 0x8000590a (0x0000854a) c.mv    a0, s2
core   0: 3 0x8000590a (0x854a) x10 0x00000000
core   0: 0x8000590c (0x00008ef1) c.and   a3, a2
core   0: 3 0x8000590c (0x8ef1) x13 0x00000000
core   0: 0x8000590e (0x0069df93) srli    t6, s3, 6
core   0: 3 0x8000590e (0x0069df93) x31 0x00000000
core   0: 0x80005912 (0x01dd4e63) blt     s10, t4, pc + 28
core   0: 3 0x80005912 (0x01dd4e63)
core   0: 0x8000592e (0x00000fc1) c.addi  t6, 16
core   0: 3 0x8000592e (0x0fc1) x31 0x00000010
core   0: 0x80005930 (0x00a00193) li      gp, 10
core   0: 3 0x80005930 (0x00a00193) x 3 0x0000000a
core   0: 0x80005934 (0x00001ffd) c.addi  t6, -1
core   0: 3 0x80005934 (0x1ffd) x31 0x0000000f
core   0: 0x80005936 (0x032c15b3) mulh    a1, s8, s2
core   0: 3 0x80005936 (0x032c15b3) x11 0x00000000
core   0: 0x8000593a (0x00006d65) c.lui   s10, 0x19
core   0: 3 0x8000593a (0x6d65) x26 0x00019000
core   0: 0x8000593c (0x00fdd333) srl     t1, s11, a5
core   0: 3 0x8000593c (0x00fdd333) x 6 0x00000001
core   0: 0x80005940 (0x00008e15) c.sub   a2, a3
core   0: 3 0x80005940 (0x8e15) x12 0x00000000
core   0: 0x80005942 (0x002dbe33) sltu    t3, s11, sp
core   0: 3 0x80005942 (0x002dbe33) x28 0x00000000
core   0: 0x80005946 (0x30134693) xori    a3, t1, 769
core   0: 3 0x80005946 (0x30134693) x13 0x00000300
core   0: 0x8000594a (0x000086b9) c.srai  a3, 14
core   0: 3 0x8000594a (0x86b9) x13 0x00000000
core   0: 0x8000594c (0x00009a7d) c.andi  a2, -1
core   0: 3 0x8000594c (0x9a7d) x12 0x00000000
core   0: 0x8000594e (0x01000993) li      s3, 16
core   0: 3 0x8000594e (0x01000993) x19 0x00000010
core   0: 0x80005952 (0x0de1a593) slti    a1, gp, 222
core   0: 3 0x80005952 (0x0de1a593) x11 0x00000001
core   0: 0x80005956 (0x00009dba) c.add   s11, a4
core   0: 3 0x80005956 (0x9dba) x27 0x80000001
core   0: 0x80005958 (0x0059cb33) xor     s6, s3, t0
core   0: 3 0x80005958 (0x0059cb33) x22 0xffffffef
core   0: 0x8000595c (0x00000189) c.addi  gp, 2
core   0: 3 0x8000595c (0x0189) x 3 0x0000000c
core   0: 0x8000595e (0x41a05b13) srai    s6, zero, 26
core   0: 3 0x8000595e (0x41a05b13) x22 0x00000000
core   0: 0x80005962 (0x000018fd) c.addi  a7, -1
core   0: 3 0x80005962 (0x18fd) x17 0x00000000
core   0: 0x80005964 (0x0000039a) c.slli  t2, 6
core   0: 3 0x80005964 (0x039a) x 7 0x0003fe40
core   0: 0x80005966 (0x009fc233) xor     tp, t6, s1
core   0: 3 0x80005966 (0x009fc233) x 4 0x80025ceb
core   0: 0x8000596a (0x73f7ea13) ori     s4, a5, 1855
core   0: 3 0x8000596a (0x73f7ea13) x20 0x8000073f
core   0: 0x8000596e (0x00229ab3) sll     s5, t0, sp
core   0: 3 0x8000596e (0x00229ab3) x21 0xffffffff
core   0: 0x80005972 (0x039bc2b3) div     t0, s7, s9
core   0: 3 0x80005972 (0x039bc2b3) x 5 0xffffffff
core   0: 0x80005976 (0x0000987d) c.andi  s0, -1
core   0: 3 0x80005976 (0x987d) x 8 0x00000000
core   0: 0x80005978 (0x0ff0000f) fence   iorw,iorw
core   0: 3 0x80005978 (0x0ff0000f)
core   0: 0x8000597c (0x00009d86) c.add   s11, ra
core   0: 3 0x8000597c (0x9d86) x27 0x80000ffa
core   0: 0x8000597e (0xfd319ae3) bne     gp, s3, pc - 44
core   0: 3 0x8000597e (0xfd319ae3)
core   0: 0x80005952 (0x0de1a593) slti    a1, gp, 222
core   0: 3 0x80005952 (0x0de1a593) x11 0x00000001
core   0: 0x80005956 (0x00009dba) c.add   s11, a4
core   0: 3 0x80005956 (0x9dba) x27 0x00000ffa
core   0: 0x80005958 (0x0059cb33) xor     s6, s3, t0
core   0: 3 0x80005958 (0x0059cb33) x22 0xffffffef
core   0: 0x8000595c (0x00000189) c.addi  gp, 2
core   0: 3 0x8000595c (0x0189) x 3 0x0000000e
core   0: 0x8000595e (0x41a05b13) srai    s6, zero, 26
core   0: 3 0x8000595e (0x41a05b13) x22 0x00000000
core   0: 0x80005962 (0x000018fd) c.addi  a7, -1
core   0: 3 0x80005962 (0x18fd) x17 0xffffffff
core   0: 0x80005964 (0x0000039a) c.slli  t2, 6
core   0: 3 0x80005964 (0x039a) x 7 0x00ff9000
core   0: 0x80005966 (0x009fc233) xor     tp, t6, s1
core   0: 3 0x80005966 (0x009fc233) x 4 0x80025ceb
core   0: 0x8000596a (0x73f7ea13) ori     s4, a5, 1855
core   0: 3 0x8000596a (0x73f7ea13) x20 0x8000073f
core   0: 0x8000596e (0x00229ab3) sll     s5, t0, sp
core   0: 3 0x8000596e (0x00229ab3) x21 0xffffffff
core   0: 0x80005972 (0x039bc2b3) div     t0, s7, s9
core   0: 3 0x80005972 (0x039bc2b3) x 5 0xffffffff
core   0: 0x80005976 (0x0000987d) c.andi  s0, -1
core   0: 3 0x80005976 (0x987d) x 8 0x00000000
core   0: 0x80005978 (0x0ff0000f) fence   iorw,iorw
core   0: 3 0x80005978 (0x0ff0000f)
core   0: 0x8000597c (0x00009d86) c.add   s11, ra
core   0: 3 0x8000597c (0x9d86) x27 0x00001ff3
core   0: 0x8000597e (0xfd319ae3) bne     gp, s3, pc - 44
core   0: 3 0x8000597e (0xfd319ae3)
core   0: 0x80005952 (0x0de1a593) slti    a1, gp, 222
core   0: 3 0x80005952 (0x0de1a593) x11 0x00000001
core   0: 0x80005956 (0x00009dba) c.add   s11, a4
core   0: 3 0x80005956 (0x9dba) x27 0x80001ff3
core   0: 0x80005958 (0x0059cb33) xor     s6, s3, t0
core   0: 3 0x80005958 (0x0059cb33) x22 0xffffffef
core   0: 0x8000595c (0x00000189) c.addi  gp, 2
core   0: 3 0x8000595c (0x0189) x 3 0x00000010
core   0: 0x8000595e (0x41a05b13) srai    s6, zero, 26
core   0: 3 0x8000595e (0x41a05b13) x22 0x00000000
core   0: 0x80005962 (0x000018fd) c.addi  a7, -1
core   0: 3 0x80005962 (0x18fd) x17 0xfffffffe
core   0: 0x80005964 (0x0000039a) c.slli  t2, 6
core   0: 3 0x80005964 (0x039a) x 7 0x3fe40000
core   0: 0x80005966 (0x009fc233) xor     tp, t6, s1
core   0: 3 0x80005966 (0x009fc233) x 4 0x80025ceb
core   0: 0x8000596a (0x73f7ea13) ori     s4, a5, 1855
core   0: 3 0x8000596a (0x73f7ea13) x20 0x8000073f
core   0: 0x8000596e (0x00229ab3) sll     s5, t0, sp
core   0: 3 0x8000596e (0x00229ab3) x21 0xffffffff
core   0: 0x80005972 (0x039bc2b3) div     t0, s7, s9
core   0: 3 0x80005972 (0x039bc2b3) x 5 0xffffffff
core   0: 0x80005976 (0x0000987d) c.andi  s0, -1
core   0: 3 0x80005976 (0x987d) x 8 0x00000000
core   0: 0x80005978 (0x0ff0000f) fence   iorw,iorw
core   0: 3 0x80005978 (0x0ff0000f)
core   0: 0x8000597c (0x00009d86) c.add   s11, ra
core   0: 3 0x8000597c (0x9d86) x27 0x80002fec
core   0: 0x8000597e (0xfd319ae3) bne     gp, s3, pc - 44
core   0: 3 0x8000597e (0xfd319ae3)
core   0: 0x80005982 (0x022de5b3) rem     a1, s11, sp
core   0: 3 0x80005982 (0x022de5b3) x11 0x80002fec
core   0: 0x80005986 (0x032e6f63) bltu    t3, s2, pc + 62
core   0: 3 0x80005986 (0x032e6f63)
core   0: 0x8000598a (0x0000717d) c.addi16sp sp, -16
core   0: 3 0x8000598a (0x717d) x 2 0xfffffff0
core   0: 0x8000598c (0x00008c4d) c.or    s0, a1
core   0: 3 0x8000598c (0x8c4d) x 8 0x80002fec
core   0: 0x8000598e (0x00004851) c.li    a6, 20
core   0: 3 0x8000598e (0x4851) x16 0x00000014
core   0: 0x80005990 (0x00008d95) c.sub   a1, a3
core   0: 3 0x80005990 (0x8d95) x11 0x80002fec
core   0: 0x80005992 (0x02156863) bltu    a0, ra, pc + 48
core   0: 3 0x80005992 (0x02156863)
core   0: 0x800059c2 (0x00006d95) c.lui   s11, 0x5
core   0: 3 0x800059c2 (0x6d95) x27 0x00005000
core   0: 0x800059c4 (0xf01fc197) auipc   gp, 0xf01fc
core   0: 3 0x800059c4 (0xf01fc197) x 3 0x702019c4
core   0: 0x800059c8 (0x02b5b133) mulhu   sp, a1, a1
core   0: 3 0x800059c8 (0x02b5b133) x 2 0x40002fec
core   0: 0x800059cc (0x58057393) andi    t2, a0, 1408
core   0: 3 0x800059cc (0x58057393) x 7 0x00000000
core   0: 0x800059d0 (0x021106b3) mul     a3, sp, ra
core   0: 3 0x800059d0 (0x021106b3) x13 0x42fd708c
core   0: 0x800059d4 (0x0af23a17) auipc   s4, 0xaf23
core   0: 3 0x800059d4 (0x0af23a17) x20 0x8af289d4
core   0: 0x800059d8 (0x0221e633) rem     a2, gp, sp
core   0: 3 0x800059d8 (0x0221e633) x12 0x301fe9d8
core   0: 0x800059dc (0xc74e6c93) ori     s9, t3, -908
core   0: 3 0x800059dc (0xc74e6c93) x25 0xfffffc74
core   0: 0x800059e0 (0x0000100f) fence.i
core   0: 3 0x800059e0 (0x0000100f)
core   0: 0x800059e4 (0x01915a93) srli    s5, sp, 25
core   0: 3 0x800059e4 (0x01915a93) x21 0x00000020
core   0: 0x800059e8 (0x00008ebd) c.xor   a3, a5
core   0: 3 0x800059e8 (0x8ebd) x13 0xc2fd708c
core   0: 0x800059ea (0x4adfbc97) auipc   s9, 0x4adfb
core   0: 3 0x800059ea (0x4adfbc97) x25 0xcae009ea
core   0: 0x800059ee (0x0000137d) c.addi  t1, -1
core   0: 3 0x800059ee (0x137d) x 6 0x00000000
core   0: 0x800059f0 (0x006f5b13) srli    s6, t5, 6
core   0: 3 0x800059f0 (0x006f5b13) x22 0x01fff68c
core   0: 0x800059f4 (0x00008c09) c.sub   s0, a0
core   0: 3 0x800059f4 (0x8c09) x 8 0x80002fec
core   0: 0x800059f6 (0x35c5aa37) lui     s4, 0x35c5a
core   0: 3 0x800059f6 (0x35c5aa37) x20 0x35c5a000
core   0: 0x800059fa (0x000048f1) c.li    a7, 28
core   0: 3 0x800059fa (0x48f1) x17 0x0000001c
core   0: 0x800059fc (0x013d5713) srli    a4, s10, 19
core   0: 3 0x800059fc (0x013d5713) x14 0x00000000
core   0: 0x80005a00 (0x0232a833) mulhsu  a6, t0, gp
core   0: 3 0x80005a00 (0x0232a833) x16 0xffffffff
core   0: 0x80005a04 (0x00000108) c.addi4spn a0, sp, 128
core   0: 3 0x80005a04 (0x0108) x10 0x4000306c
core   0: 0x80005a06 (0x0000c505) c.beqz  a0, pc + 40
core   0: 3 0x80005a06 (0xc505)
core   0: 0x80005a08 (0x016b6a63) bltu    s6, s6, pc + 20
core   0: 3 0x80005a08 (0x016b6a63)
core   0: 0x80005a0c (0xe6ee6693) ori     a3, t3, -402
core   0: 3 0x80005a0c (0xe6ee6693) x13 0xfffffe6e
core   0: 0x80005a10 (0x00006d59) c.lui   s10, 0x16
core   0: 3 0x80005a10 (0x6d59) x26 0x00016000
core   0: 0x80005a12 (0x00009b32) c.add   s6, a2
core   0: 3 0x80005a12 (0x9b32) x22 0x321fe064
core   0: 0x80005a14 (0x8bcdb213) sltiu   tp, s11, -1860
core   0: 3 0x80005a14 (0x8bcdb213) x 4 0x00000001
core   0: 0x80005a18 (0x0ff0000f) fence   iorw,iorw
core   0: 3 0x80005a18 (0x0ff0000f)
core   0: 0x80005a1c (0x41a15433) sra     s0, sp, s10
core   0: 3 0x80005a1c (0x41a15433) x 8 0x40002fec
core   0: 0x80005a20 (0x019ecb63) blt     t4, s9, pc + 22
core   0: 3 0x80005a20 (0x019ecb63)
core   0: 0x80005a24 (0x013c4733) xor     a4, s8, s3
core   0: 3 0x80005a24 (0x013c4733) x14 0xffffffef
core   0: 0x80005a28 (0x000e1b33) sll     s6, t3, zero
core   0: 3 0x80005a28 (0x000e1b33) x22 0x00000000
core   0: 0x80005a2c (0x00006139) c.addi16sp sp, 448
core   0: 3 0x80005a2c (0x6139) x 2 0x400031ac
core   0: 0x80005a2e (0x03470733) mul     a4, a4, s4
core   0: 3 0x80005a2e (0x03470733) x14 0x6de06000
core   0: 0x80005a32 (0x024b96b3) mulh    a3, s7, tp
core   0: 3 0x80005a32 (0x024b96b3) x13 0xffffffff
core   0: 0x80005a36 (0x0000100f) fence.i
core   0: 3 0x80005a36 (0x0000100f)
core   0: 0x80005a3a (0x00008d85) c.sub   a1, s1
core   0: 3 0x80005a3a (0x8d85) x11 0xfffdd308
core   0: 0x80005a3c (0x02855ab3) divu    s5, a0, s0
core   0: 3 0x80005a3c (0x02855ab3) x21 0x00000001
core   0: 0x80005a40 (0x00000f18) c.addi4spn a4, sp, 912
core   0: 3 0x80005a40 (0x0f18) x14 0x4000353c
core   0: 0x80005a42 (0x51a74337) lui     t1, 0x51a74
core   0: 3 0x80005a42 (0x51a74337) x 6 0x51a74000
core   0: 0x80005a46 (0xc5c2cf13) xori    t5, t0, -932
core   0: 3 0x80005a46 (0xc5c2cf13) x30 0x000003a3
core   0: 0x80005a4a (0x0ff0000f) fence   iorw,iorw
core   0: 3 0x80005a4a (0x0ff0000f)
core   0: 0x80005a4e (0x02707363) bgeu    zero, t2, pc + 38
core   0: 3 0x80005a4e (0x02707363)
core   0: 0x80005a74 (0xa34118b7) lui     a7, 0xa3411
core   0: 3 0x80005a74 (0xa34118b7) x17 0xa3411000
core   0: 0x80005a78 (0x00008f35) c.xor   a4, a3
core   0: 3 0x80005a78 (0x8f35) x14 0xbfffcac3
core   0: 0x80005a7a (0xdbb4fa13) andi    s4, s1, -581
core   0: 3 0x80005a7a (0xdbb4fa13) x20 0x80025ca0
core   0: 0x80005a7e (0x0001bfb3) sltu    t6, gp, zero
core   0: 3 0x80005a7e (0x0001bfb3) x31 0x00000000
core   0: 0x80005a82 (0x03253f33) mulhu   t5, a0, s2
core   0: 3 0x80005a82 (0x03253f33) x30 0x00000000
core   0: 0x80005a86 (0x020d9133) mulh    sp, s11, zero
core   0: 3 0x80005a86 (0x020d9133) x 2 0x00000000
core   0: 0x80005a8a (0xa45bb513) sltiu   a0, s7, -1467
core   0: 3 0x80005a8a (0xa45bb513) x10 0x00000001
core   0: 0x80005a8e (0x014555b3) srl     a1, a0, s4
core   0: 3 0x80005a8e (0x014555b3) x11 0x00000001
core   0: 0x80005a92 (0x03a65a33) divu    s4, a2, s10
core   0: 3 0x80005a92 (0x03a65a33) x20 0x000022ff
core   0: 0x80005a96 (0x03b50763) beq     a0, s11, pc + 46
core   0: 3 0x80005a96 (0x03b50763)
core   0: 0x80005a9a (0x412456b3) sra     a3, s0, s2
core   0: 3 0x80005a9a (0x412456b3) x13 0x40002fec
core   0: 0x80005a9e (0x0000e30d) c.bnez  a4, pc + 34
core   0: 3 0x80005a9e (0xe30d)
core   0: 0x80005ac0 (0x41de0db3) sub     s11, t3, t4
core   0: 3 0x80005ac0 (0x41de0db3) x27 0xdae30d6e
core   0: 0x80005ac4 (0x03f1a6b3) mulhsu  a3, gp, t6
core   0: 3 0x80005ac4 (0x03f1a6b3) x13 0x00000000
core   0: 0x80005ac8 (0x417d88b3) sub     a7, s11, s7
core   0: 3 0x80005ac8 (0x417d88b3) x17 0x5ae0ef0a
core   0: 0x80005acc (0x0117dcb3) srl     s9, a5, a7
core   0: 3 0x80005acc (0x0117dcb3) x25 0x00200000
core   0: 0x80005ad0 (0xb89eb413) sltiu   s0, t4, -1143
core   0: 3 0x80005ad0 (0xb89eb413) x 8 0x00000001
core   0: 0x80005ad4 (0x40440433) sub     s0, s0, tp
core   0: 3 0x80005ad4 (0x40440433) x 8 0x00000000
core   0: 0x80005ad8 (0x0118e263) bltu    a7, a7, pc + 4
core   0: 3 0x80005ad8 (0x0118e263)
core   0: 0x80005adc (0x1c7b9c97) auipc   s9, 0x1c7b9
core   0: 3 0x80005adc (0x1c7b9c97) x25 0x9c7beadc
core   0: 0x80005ae0 (0x00008a0d) c.andi  a2, 3
core   0: 3 0x80005ae0 (0x8a0d) x12 0x00000000
core   0: 0x80005ae2 (0x039a5033) divu    zero, s4, s9
core   0: 3 0x80005ae2 (0x039a5033)
core   0: 0x80005ae6 (0xefb5b693) sltiu   a3, a1, -261
core   0: 3 0x80005ae6 (0xefb5b693) x13 0x00000001
core   0: 0x80005aea (0xebabf113) andi    sp, s7, -326
core   0: 3 0x80005aea (0xebabf113) x 2 0x80021e20
core   0: 0x80005aee (0x0000e2bd) c.bnez  a3, pc + 102
core   0: 3 0x80005aee (0xe2bd)
core   0: 0x80005b54 (0x01b0d393) srli    t2, ra, 27
core   0: 3 0x80005b54 (0x01b0d393) x 7 0x00000000
core   0: 0x80005b58 (0x88120a17) auipc   s4, 0x88120
core   0: 3 0x80005b58 (0x88120a17) x20 0x08125b58
core   0: 0x80005b5c (0x00008abe) c.mv    s5, a5
core   0: 3 0x80005b5c (0x8abe) x21 0x80000000
core   0: 0x80005b5e (0x000002b2) c.slli  t0, 12
core   0: 3 0x80005b5e (0x02b2) x 5 0xfffff000
core   0: 0x80005b60 (0x00befe63) bgeu    t4, a1, pc + 28
core   0: 3 0x80005b60 (0x00befe63)
core   0: 0x80005b7c (0x0000100f) fence.i
core   0: 3 0x80005b7c (0x0000100f)
core   0: 0x80005b80 (0x00f8e2b3) or      t0, a7, a5
core   0: 3 0x80005b80 (0x00f8e2b3) x 5 0xdae0ef0a
core   0: 0x80005b84 (0x00000001) c.nop
core   0: 3 0x80005b84 (0x0001)
core   0: 0x80005b86 (0x02c543b3) div     t2, a0, a2
core   0: 3 0x80005b86 (0x02c543b3) x 7 0xffffffff
core   0: 0x80005b8a (0x00000001) c.nop
core   0: 3 0x80005b8a (0x0001)
core   0: 0x80005b8c (0x00cf49b3) xor     s3, t5, a2
core   0: 3 0x80005b8c (0x00cf49b3) x19 0x00000000
core   0: 0x80005b90 (0x2cd5f713) andi    a4, a1, 717
core   0: 3 0x80005b90 (0x2cd5f713) x14 0x00000001
core   0: 0x80005b94 (0x018a1b33) sll     s6, s4, s8
core   0: 3 0x80005b94 (0x018a1b33) x22 0x00000000
core   0: 0x80005b98 (0x4d264f17) auipc   t5, 0x4d264
core   0: 3 0x80005b98 (0x4d264f17) x30 0xcd269b98
core   0: 0x80005b9c (0x0000c581) c.beqz  a1, pc + 8
core   0: 3 0x80005b9c (0xc581)
core   0: 0x80005b9e (0x4e35b513) sltiu   a0, a1, 1251
core   0: 3 0x80005b9e (0x4e35b513) x10 0x00000001
core   0: 0x80005ba2 (0x000009b2) c.slli  s3, 12
core   0: 3 0x80005ba2 (0x09b2) x19 0x00000000
core   0: 0x80005ba4 (0x03988933) mul     s2, a7, s9
core   0: 3 0x80005ba4 (0x03988933) x18 0xa59a9098
core   0: 0x80005ba8 (0x0000ed1d) c.bnez  a0, pc + 62
core   0: 3 0x80005ba8 (0xed1d)
core   0: 0x80005be6 (0x00000d0c) c.addi4spn a1, sp, 656
core   0: 3 0x80005be6 (0x0d0c) x11 0x800220b0
core   0: 0x80005be8 (0x00006141) c.addi16sp sp, 16
core   0: 3 0x80005be8 (0x6141) x 2 0x80021e30
core   0: 0x80005bea (0x00009813) slli    a6, ra, 0
core   0: 3 0x80005bea (0x00009813) x16 0x00000ff9
core   0: 0x80005bee (0x0000840d) c.srai  s0, 3
core   0: 3 0x80005bee (0x840d) x 8 0x00000000
core   0: 0x80005bf0 (0x008a9133) sll     sp, s5, s0
core   0: 3 0x80005bf0 (0x008a9133) x 2 0x80000000
core   0: 0x80005bf4 (0xe3978813) addi    a6, a5, -455
core   0: 3 0x80005bf4 (0xe3978813) x16 0x7ffffe39
core   0: 0x80005bf8 (0x005c5a93) srli    s5, s8, 5
core   0: 3 0x80005bf8 (0x005c5a93) x21 0x07ffffff
core   0: 0x80005bfc (0x019db933) sltu    s2, s11, s9
core   0: 3 0x80005bfc (0x019db933) x18 0x00000000
core   0: 0x80005c00 (0x0144ad33) slt     s10, s1, s4
core   0: 3 0x80005c00 (0x0144ad33) x26 0x00000001
core   0: 0x80005c04 (0x0393dfb3) divu    t6, t2, s9
core   0: 3 0x80005c04 (0x0393dfb3) x31 0x00000001
core   0: 0x80005c08 (0x02f8dcb3) divu    s9, a7, a5
core   0: 3 0x80005c08 (0x02f8dcb3) x25 0x00000000
core   0: 0x80005c0c (0x02889f33) mulh    t5, a7, s0
core   0: 3 0x80005c0c (0x02889f33) x30 0x00000000
core   0: 0x80005c10 (0x02d7c533) div     a0, a5, a3
core   0: 3 0x80005c10 (0x02d7c533) x10 0x80000000
core   0: 0x80005c14 (0x03f3a533) mulhsu  a0, t2, t6
core   0: 3 0x80005c14 (0x03f3a533) x10 0xffffffff
core   0: 0x80005c18 (0x000089b9) c.andi  a1, 14
core   0: 3 0x80005c18 (0x89b9) x11 0x00000000
core   0: 0x80005c1a (0x01a1c263) blt     gp, s10, pc + 4
core   0: 3 0x80005c1a (0x01a1c263)
core   0: 0x80005c1e (0x03871063) bne     a4, s8, pc + 32
core   0: 3 0x80005c1e (0x03871063)
core   0: 0x80005c3e (0x02975433) divu    s0, a4, s1
core   0: 3 0x80005c3e (0x02975433) x 8 0x00000000
core   0: 0x80005c42 (0xb53a0c93) addi    s9, s4, -1197
core   0: 3 0x80005c42 (0xb53a0c93) x25 0x081256ab
core   0: 0x80005c46 (0x413f5e33) sra     t3, t5, s3
core   0: 3 0x80005c46 (0x413f5e33) x28 0x00000000
core   0: 0x80005c4a (0x0ff0000f) fence   iorw,iorw
core   0: 3 0x80005c4a (0x0ff0000f)
core   0: 0x80005c4e (0x0000c919) c.beqz  a0, pc + 22
core   0: 3 0x80005c4e (0xc919)
core   0: 0x80005c50 (0x01685933) srl     s2, a6, s6
core   0: 3 0x80005c50 (0x01685933) x18 0x7ffffe39
core   0: 0x80005c54 (0x41aed293) srai    t0, t4, 26
core   0: 3 0x80005c54 (0x41aed293) x 5 0x00000009
core   0: 0x80005c58 (0x0000c109) c.beqz  a0, pc + 2
core   0: 3 0x80005c58 (0xc109)
core   0: 0x80005c5a (0x0ff0000f) fence   iorw,iorw
core   0: 3 0x80005c5a (0x0ff0000f)
core   0: 0x80005c5e (0x0000cd15) c.beqz  a0, pc + 60
core   0: 3 0x80005c5e (0xcd15)
core   0: 0x80005c60 (0x00006589) c.lui   a1, 0x2
core   0: 3 0x80005c60 (0x6589) x11 0x00002000
core   0: 0x80005c62 (0x0000050c) c.addi4spn a1, sp, 640
core   0: 3 0x80005c62 (0x050c) x11 0x80000280
core   0: 0x80005c64 (0x00000709) c.addi  a4, 2
core   0: 3 0x80005c64 (0x0709) x14 0x00000003
core   0: 0x80005c66 (0x00009a7d) c.andi  a2, -1
core   0: 3 0x80005c66 (0x9a7d) x12 0x00000000
core   0: 0x80005c68 (0x01a4fc33) and     s8, s1, s10
core   0: 3 0x80005c68 (0x01a4fc33) x24 0x00000000
core   0: 0x80005c6c (0x02358763) beq     a1, gp, pc + 46
core   0: 3 0x80005c6c (0x02358763)
core   0: 0x80005c70 (0x00008f51) c.or    a4, a2
core   0: 3 0x80005c70 (0x8f51) x14 0x00000003
core   0: 0x80005c72 (0x000045d1) c.li    a1, 20
core   0: 3 0x80005c72 (0x45d1) x11 0x00000014
core   0: 0x80005c74 (0x03b75b33) divu    s6, a4, s11
core   0: 3 0x80005c74 (0x03b75b33) x22 0x00000000
core   0: 0x80005c78 (0x7a4d8113) addi    sp, s11, 1956
core   0: 3 0x80005c78 (0x7a4d8113) x 2 0xdae31512
core   0: 0x80005c7c (0x0021e963) bltu    gp, sp, pc + 18
core   0: 3 0x80005c7c (0x0021e963)
core   0: 0x80005c8e (0x030c6833) rem     a6, s8, a6
core   0: 3 0x80005c8e (0x030c6833) x16 0x00000000
core   0: 0x80005c92 (0x00008f09) c.sub   a4, a0
core   0: 3 0x80005c92 (0x8f09) x14 0x00000004
core   0: 0x80005c94 (0x956ecf17) auipc   t5, 0x956ec
core   0: 3 0x80005c94 (0x956ecf17) x30 0x156f1c94
core   0: 0x80005c98 (0x00008725) c.srai  a4, 9
core   0: 3 0x80005c98 (0x8725) x14 0x00000000
core   0: 0x80005c9a (0x0030a233) slt     tp, ra, gp
core   0: 3 0x80005c9a (0x0030a233) x 4 0x00000001
core   0: 0x80005c9e (0x003996b3) sll     a3, s3, gp
core   0: 3 0x80005c9e (0x003996b3) x13 0x00000000
core   0: 0x80005ca2 (0x00008c72) c.mv    s8, t3
core   0: 3 0x80005ca2 (0x8c72) x24 0x00000000
core   0: 0x80005ca4 (0x0000e331) c.bnez  a4, pc + 68
core   0: 3 0x80005ca4 (0xe331)
core   0: 0x80005ca6 (0x35993c93) sltiu   s9, s2, 857
core   0: 3 0x80005ca6 (0x35993c93) x25 0x00000000
core   0: 0x80005caa (0x021b5ab3) divu    s5, s6, ra
core   0: 3 0x80005caa (0x021b5ab3) x21 0x00000000
core   0: 0x80005cae (0x00006169) c.addi16sp sp, 208
core   0: 3 0x80005cae (0x6169) x 2 0xdae315e2
core   0: 0x80005cb0 (0x03b6bab3) mulhu   s5, a3, s11
core   0: 3 0x80005cb0 (0x03b6bab3) x21 0x00000000
core   0: 0x80005cb4 (0x0bda6fb7) lui     t6, 0xbda6
core   0: 3 0x80005cb4 (0x0bda6fb7) x31 0x0bda6000
core   0: 0x80005cb8 (0x41dfe513) ori     a0, t6, 1053
core   0: 3 0x80005cb8 (0x41dfe513) x10 0x0bda641d
core   0: 0x80005cbc (0x4c2ba813) slti    a6, s7, 1218
core   0: 3 0x80005cbc (0x4c2ba813) x16 0x00000001
core   0: 0x80005cc0 (0x01bfef63) bltu    t6, s11, pc + 30
core   0: 3 0x80005cc0 (0x01bfef63)
core   0: 0x80005cde (0xb93ae413) ori     s0, s5, -1133
core   0: 3 0x80005cde (0xb93ae413) x 8 0xfffffb93
core   0: 0x80005ce2 (0x0000100f) fence.i
core   0: 3 0x80005ce2 (0x0000100f)
core   0: 0x80005ce6 (0x0000e28d) c.bnez  a3, pc + 34
core   0: 3 0x80005ce6 (0xe28d)
core   0: 0x80005ce8 (0x000096de) c.add   a3, s7
core   0: 3 0x80005ce8 (0x96de) x13 0x80021e64
core   0: 0x80005cea (0x002d1c13) slli    s8, s10, 2
core   0: 3 0x80005cea (0x002d1c13) x24 0x00000004
core   0: 0x80005cee (0x00001900) c.addi4spn s0, sp, 176
core   0: 3 0x80005cee (0x1900) x 8 0xdae31692
core   0: 0x80005cf0 (0x00369893) slli    a7, a3, 3
core   0: 3 0x80005cf0 (0x00369893) x17 0x0010f320
core   0: 0x80005cf4 (0x00011693) slli    a3, sp, 0
core   0: 3 0x80005cf4 (0x00011693) x13 0xdae315e2
core   0: 0x80005cf8 (0xea2eaf93) slti    t6, t4, -350
core   0: 3 0x80005cf8 (0xea2eaf93) x31 0x00000000
core   0: 0x80005cfc (0x00000f2d) c.addi  t5, 11
core   0: 3 0x80005cfc (0x0f2d) x30 0x156f1c9f
core   0: 0x80005cfe (0x0198e8b3) or      a7, a7, s9
core   0: 3 0x80005cfe (0x0198e8b3) x17 0x0010f320
core   0: 0x80005d02 (0x0000e405) c.bnez  s0, pc + 40
core   0: 3 0x80005d02 (0xe405)
core   0: 0x80005d2a (0x00cc5263) bge     s8, a2, pc + 4
core   0: 3 0x80005d2a (0x00cc5263)
core   0: 0x80005d2e (0x0ff0000f) fence   iorw,iorw
core   0: 3 0x80005d2e (0x0ff0000f)
core   0: 0x80005d32 (0x411ed113) srai    sp, t4, 17
core   0: 3 0x80005d32 (0x411ed113) x 2 0x0000128e
core   0: 0x80005d36 (0x039813b3) mulh    t2, a6, s9
core   0: 3 0x80005d36 (0x039813b3) x 7 0x00000000
core   0: 0x80005d3a (0x00006151) c.addi16sp sp, 272
core   0: 3 0x80005d3a (0x6151) x 2 0x0000139e
core   0: 0x80005d3c (0x010a1693) slli    a3, s4, 16
core   0: 3 0x80005d3c (0x010a1693) x13 0x5b580000
core   0: 0x80005d40 (0x02ede133) rem     sp, s11, a4
core   0: 3 0x80005d40 (0x02ede133) x 2 0xdae30d6e
core   0: 0x80005d44 (0x0000997d) c.andi  a0, -1
core   0: 3 0x80005d44 (0x997d) x10 0x0bda641d
core   0: 0x80005d46 (0x01f45893) srli    a7, s0, 31
core   0: 3 0x80005d46 (0x01f45893) x17 0x00000001
core   0: 0x80005d4a (0x0093df33) srl     t5, t2, s1
core   0: 3 0x80005d4a (0x0093df33) x30 0x00000000
core   0: 0x80005d4e (0x01c7d3b3) srl     t2, a5, t3
core   0: 3 0x80005d4e (0x01c7d3b3) x 7 0x80000000
core   0: 0x80005d52 (0x0045ddb3) srl     s11, a1, tp
core   0: 3 0x80005d52 (0x0045ddb3) x27 0x0000000a
core   0: 0x80005d56 (0x03a44163) blt     s0, s10, pc + 34
core   0: 3 0x80005d56 (0x03a44163)
core   0: 0x80005d78 (0x0367b6b3) mulhu   a3, a5, s6
core   0: 3 0x80005d78 (0x0367b6b3) x13 0x00000000
core   0: 0x80005d7c (0x00000001) c.nop
core   0: 3 0x80005d7c (0x0001)
core   0: 0x80005d7e (0x00008591) c.srai  a1, 4
core   0: 3 0x80005d7e (0x8591) x11 0x00000001
core   0: 0x80005d80 (0x000085d9) c.srai  a1, 22
core   0: 3 0x80005d80 (0x85d9) x11 0x00000000
core   0: 0x80005d82 (0x00008105) c.srli  a0, 1
core   0: 3 0x80005d82 (0x8105) x10 0x05ed320e
core   0: 0x80005d84 (0x93957593) andi    a1, a0, -1735
core   0: 3 0x80005d84 (0x93957593) x11 0x05ed3008
core   0: 0x80005d88 (0x7a162e93) slti    t4, a2, 1953
core   0: 3 0x80005d88 (0x7a162e93) x29 0x00000001
core   0: 0x80005d8c (0x00000c98) c.addi4spn a4, sp, 592
core   0: 3 0x80005d8c (0x0c98) x14 0xdae30fbe
core   0: 0x80005d8e (0x00008d85) c.sub   a1, s1
core   0: 3 0x80005d8e (0x8d85) x11 0x85ead324
core   0: 0x80005d90 (0x00000001) c.nop
core   0: 3 0x80005d90 (0x0001)
core   0: 0x80005d92 (0x020403b3) mul     t2, s0, zero
core   0: 3 0x80005d92 (0x020403b3) x 7 0x00000000
core   0: 0x80005d96 (0x00000001) c.nop
core   0: 3 0x80005d96 (0x0001)
core   0: 0x80005d98 (0x67579417) auipc   s0, 0x67579
core   0: 3 0x80005d98 (0x67579417) x 8 0xe757ed98
core   0: 0x80005d9c (0x000082e5) c.srli  a3, 25
core   0: 3 0x80005d9c (0x82e5) x13 0x00000000
core   0: 0x80005d9e (0xd7614813) xori    a6, sp, -650
core   0: 3 0x80005d9e (0xd7614813) x16 0x251cf018
core   0: 0x80005da2 (0x885ca893) slti    a7, s9, -1915
core   0: 3 0x80005da2 (0x885ca893) x17 0x00000000
core   0: 0x80005da6 (0x09004b13) xori    s6, zero, 144
core   0: 3 0x80005da6 (0x09004b13) x22 0x00000090
core   0: 0x80005daa (0x00008dd5) c.or    a1, a3
core   0: 3 0x80005daa (0x8dd5) x11 0x85ead324
core   0: 0x80005dac (0x00008ed9) c.or    a3, a4
core   0: 3 0x80005dac (0x8ed9) x13 0xdae30fbe
core   0: 0x80005dae (0x41655e93) srai    t4, a0, 22
core   0: 3 0x80005dae (0x41655e93) x29 0x00000017
core   0: 0x80005db2 (0x0000127d) c.addi  tp, -1
core   0: 3 0x80005db2 (0x127d) x 4 0x00000000
core   0: 0x80005db4 (0x036485b3) mul     a1, s1, s6
core   0: 3 0x80005db4 (0x036485b3) x11 0x01544040
core   0: 0x80005db8 (0x00008c05) c.sub   s0, s1
core   0: 3 0x80005db8 (0x8c05) x 8 0x675590b4
core   0: 0x80005dba (0x00000001) c.nop
core   0: 3 0x80005dba (0x0001)
core   0: 0x80005dbc (0x00008f0d) c.sub   a4, a1
core   0: 3 0x80005dbc (0x8f0d) x14 0xd98ecf7e
core   0: 0x80005dbe (0x00900913) li      s2, 9
core   0: 3 0x80005dbe (0x00900913) x18 0x00000009
core   0: 0x80005dc2 (0xee58b293) sltiu   t0, a7, -283
core   0: 3 0x80005dc2 (0xee58b293) x 5 0x00000001
core   0: 0x80005dc6 (0xff900c13) li      s8, -7
core   0: 3 0x80005dc6 (0xff900c13) x24 0xfffffff9
core   0: 0x80005dca (0x0ff0000f) fence   iorw,iorw
core   0: 3 0x80005dca (0x0ff0000f)
core   0: 0x80005dce (0x0000717d) c.addi16sp sp, -16
core   0: 3 0x80005dce (0x717d) x 2 0xdae30d5e
core   0: 0x80005dd0 (0x002dd633) srl     a2, s11, sp
core   0: 3 0x80005dd0 (0x002dd633) x12 0x00000000
core   0: 0x80005dd4 (0xaba52013) slti    zero, a0, -1350
core   0: 3 0x80005dd4 (0xaba52013)
core   0: 0x80005dd8 (0x2ac84093) xori    ra, a6, 684
core   0: 3 0x80005dd8 (0x2ac84093) x 1 0x251cf2b4
core   0: 0x80005ddc (0x00001979) c.addi  s2, -2
core   0: 3 0x80005ddc (0x1979) x18 0x00000007
core   0: 0x80005dde (0xa2be8713) addi    a4, t4, -1493
core   0: 3 0x80005dde (0xa2be8713) x14 0xfffffa42
core   0: 0x80005de2 (0x00100e13) li      t3, 1
core   0: 3 0x80005de2 (0x00100e13) x28 0x00000001
core   0: 0x80005de6 (0x00008ea5) c.xor   a3, s1
core   0: 3 0x80005de6 (0x8ea5) x13 0x5ae1535a
core   0: 0x80005de8 (0x00512db3) slt     s11, sp, t0
core   0: 3 0x80005de8 (0x00512db3) x27 0x00000001
core   0: 0x80005dec (0x00800e93) li      t4, 8
core   0: 3 0x80005dec (0x00800e93) x29 0x00000008
core   0: 0x80005df0 (0x02f886b3) mul     a3, a7, a5
core   0: 3 0x80005df0 (0x02f886b3) x13 0x00000000
core   0: 0x80005df4 (0x00008111) c.srli  a0, 4
core   0: 3 0x80005df4 (0x8111) x10 0x005ed320
core   0: 0x80005df6 (0x002e4133) xor     sp, t3, sp
core   0: 3 0x80005df6 (0x002e4133) x 2 0xdae30d5f
core   0: 0x80005dfa (0x00000e1d) c.addi  t3, 7
core   0: 3 0x80005dfa (0x0e1d) x28 0x00000008
core   0: 0x80005dfc (0x2c26a113) slti    sp, a3, 706
core   0: 3 0x80005dfc (0x2c26a113) x 2 0x00000001
core   0: 0x80005e00 (0x00cd6fb3) or      t6, s10, a2
core   0: 3 0x80005e00 (0x00cd6fb3) x31 0x00000001
core   0: 0x80005e04 (0xffde69e3) bltu    t3, t4, pc - 14
core   0: 3 0x80005e04 (0xffde69e3)
core   0: 0x80005e08 (0xe8310c97) auipc   s9, 0xe8310
core   0: 3 0x80005e08 (0xe8310c97) x25 0x68315e08
core   0: 0x80005e0c (0x7ce06413) ori     s0, zero, 1998
core   0: 3 0x80005e0c (0x7ce06413) x 8 0x000007ce
core   0: 0x80005e10 (0x00008dad) c.xor   a1, a1
core   0: 3 0x80005e10 (0x8dad) x11 0x00000000
core   0: 0x80005e12 (0x021d93b3) mulh    t2, s11, ra
core   0: 3 0x80005e12 (0x021d93b3) x 7 0x00000000
core   0: 0x80005e16 (0x022591b3) mulh    gp, a1, sp
core   0: 3 0x80005e16 (0x022591b3) x 3 0x00000000
core   0: 0x80005e1a (0xfb891de3) bne     s2, s8, pc - 70
core   0: 3 0x80005e1a (0xfb891de3)
core   0: 0x80005dd4 (0xaba52013) slti    zero, a0, -1350
core   0: 3 0x80005dd4 (0xaba52013)
core   0: 0x80005dd8 (0x2ac84093) xori    ra, a6, 684
core   0: 3 0x80005dd8 (0x2ac84093) x 1 0x251cf2b4
core   0: 0x80005ddc (0x00001979) c.addi  s2, -2
core   0: 3 0x80005ddc (0x1979) x18 0x00000005
core   0: 0x80005dde (0xa2be8713) addi    a4, t4, -1493
core   0: 3 0x80005dde (0xa2be8713) x14 0xfffffa33
core   0: 0x80005de2 (0x00100e13) li      t3, 1
core   0: 3 0x80005de2 (0x00100e13) x28 0x00000001
core   0: 0x80005de6 (0x00008ea5) c.xor   a3, s1
core   0: 3 0x80005de6 (0x8ea5) x13 0x80025ce4
core   0: 0x80005de8 (0x00512db3) slt     s11, sp, t0
core   0: 3 0x80005de8 (0x00512db3) x27 0x00000000
core   0: 0x80005dec (0x00800e93) li      t4, 8
core   0: 3 0x80005dec (0x00800e93) x29 0x00000008
core   0: 0x80005df0 (0x02f886b3) mul     a3, a7, a5
core   0: 3 0x80005df0 (0x02f886b3) x13 0x00000000
core   0: 0x80005df4 (0x00008111) c.srli  a0, 4
core   0: 3 0x80005df4 (0x8111) x10 0x0005ed32
core   0: 0x80005df6 (0x002e4133) xor     sp, t3, sp
core   0: 3 0x80005df6 (0x002e4133) x 2 0x00000000
core   0: 0x80005dfa (0x00000e1d) c.addi  t3, 7
core   0: 3 0x80005dfa (0x0e1d) x28 0x00000008
core   0: 0x80005dfc (0x2c26a113) slti    sp, a3, 706
core   0: 3 0x80005dfc (0x2c26a113) x 2 0x00000001
core   0: 0x80005e00 (0x00cd6fb3) or      t6, s10, a2
core   0: 3 0x80005e00 (0x00cd6fb3) x31 0x00000001
core   0: 0x80005e04 (0xffde69e3) bltu    t3, t4, pc - 14
core   0: 3 0x80005e04 (0xffde69e3)
core   0: 0x80005e08 (0xe8310c97) auipc   s9, 0xe8310
core   0: 3 0x80005e08 (0xe8310c97) x25 0x68315e08
core   0: 0x80005e0c (0x7ce06413) ori     s0, zero, 1998
core   0: 3 0x80005e0c (0x7ce06413) x 8 0x000007ce
core   0: 0x80005e10 (0x00008dad) c.xor   a1, a1
core   0: 3 0x80005e10 (0x8dad) x11 0x00000000
core   0: 0x80005e12 (0x021d93b3) mulh    t2, s11, ra
core   0: 3 0x80005e12 (0x021d93b3) x 7 0x00000000
core   0: 0x80005e16 (0x022591b3) mulh    gp, a1, sp
core   0: 3 0x80005e16 (0x022591b3) x 3 0x00000000
core   0: 0x80005e1a (0xfb891de3) bne     s2, s8, pc - 70
core   0: 3 0x80005e1a (0xfb891de3)
core   0: 0x80005dd4 (0xaba52013) slti    zero, a0, -1350
core   0: 3 0x80005dd4 (0xaba52013)
core   0: 0x80005dd8 (0x2ac84093) xori    ra, a6, 684
core   0: 3 0x80005dd8 (0x2ac84093) x 1 0x251cf2b4
core   0: 0x80005ddc (0x00001979) c.addi  s2, -2
core   0: 3 0x80005ddc (0x1979) x18 0x00000003
core   0: 0x80005dde (0xa2be8713) addi    a4, t4, -1493
core   0: 3 0x80005dde (0xa2be8713) x14 0xfffffa33
core   0: 0x80005de2 (0x00100e13) li      t3, 1
core   0: 3 0x80005de2 (0x00100e13) x28 0x00000001
core   0: 0x80005de6 (0x00008ea5) c.xor   a3, s1
core   0: 3 0x80005de6 (0x8ea5) x13 0x80025ce4
core   0: 0x80005de8 (0x00512db3) slt     s11, sp, t0
core   0: 3 0x80005de8 (0x00512db3) x27 0x00000000
core   0: 0x80005dec (0x00800e93) li      t4, 8
core   0: 3 0x80005dec (0x00800e93) x29 0x00000008
core   0: 0x80005df0 (0x02f886b3) mul     a3, a7, a5
core   0: 3 0x80005df0 (0x02f886b3) x13 0x00000000
core   0: 0x80005df4 (0x00008111) c.srli  a0, 4
core   0: 3 0x80005df4 (0x8111) x10 0x00005ed3
core   0: 0x80005df6 (0x002e4133) xor     sp, t3, sp
core   0: 3 0x80005df6 (0x002e4133) x 2 0x00000000
core   0: 0x80005dfa (0x00000e1d) c.addi  t3, 7
core   0: 3 0x80005dfa (0x0e1d) x28 0x00000008
core   0: 0x80005dfc (0x2c26a113) slti    sp, a3, 706
core   0: 3 0x80005dfc (0x2c26a113) x 2 0x00000001
core   0: 0x80005e00 (0x00cd6fb3) or      t6, s10, a2
core   0: 3 0x80005e00 (0x00cd6fb3) x31 0x00000001
core   0: 0x80005e04 (0xffde69e3) bltu    t3, t4, pc - 14
core   0: 3 0x80005e04 (0xffde69e3)
core   0: 0x80005e08 (0xe8310c97) auipc   s9, 0xe8310
core   0: 3 0x80005e08 (0xe8310c97) x25 0x68315e08
core   0: 0x80005e0c (0x7ce06413) ori     s0, zero, 1998
core   0: 3 0x80005e0c (0x7ce06413) x 8 0x000007ce
core   0: 0x80005e10 (0x00008dad) c.xor   a1, a1
core   0: 3 0x80005e10 (0x8dad) x11 0x00000000
core   0: 0x80005e12 (0x021d93b3) mulh    t2, s11, ra
core   0: 3 0x80005e12 (0x021d93b3) x 7 0x00000000
core   0: 0x80005e16 (0x022591b3) mulh    gp, a1, sp
core   0: 3 0x80005e16 (0x022591b3) x 3 0x00000000
core   0: 0x80005e1a (0xfb891de3) bne     s2, s8, pc - 70
core   0: 3 0x80005e1a (0xfb891de3)
core   0: 0x80005dd4 (0xaba52013) slti    zero, a0, -1350
core   0: 3 0x80005dd4 (0xaba52013)
core   0: 0x80005dd8 (0x2ac84093) xori    ra, a6, 684
core   0: 3 0x80005dd8 (0x2ac84093) x 1 0x251cf2b4
core   0: 0x80005ddc (0x00001979) c.addi  s2, -2
core   0: 3 0x80005ddc (0x1979) x18 0x00000001
core   0: 0x80005dde (0xa2be8713) addi    a4, t4, -1493
core   0: 3 0x80005dde (0xa2be8713) x14 0xfffffa33
core   0: 0x80005de2 (0x00100e13) li      t3, 1
core   0: 3 0x80005de2 (0x00100e13) x28 0x00000001
core   0: 0x80005de6 (0x00008ea5) c.xor   a3, s1
core   0: 3 0x80005de6 (0x8ea5) x13 0x80025ce4
core   0: 0x80005de8 (0x00512db3) slt     s11, sp, t0
core   0: 3 0x80005de8 (0x00512db3) x27 0x00000000
core   0: 0x80005dec (0x00800e93) li      t4, 8
core   0: 3 0x80005dec (0x00800e93) x29 0x00000008
core   0: 0x80005df0 (0x02f886b3) mul     a3, a7, a5
core   0: 3 0x80005df0 (0x02f886b3) x13 0x00000000
core   0: 0x80005df4 (0x00008111) c.srli  a0, 4
core   0: 3 0x80005df4 (0x8111) x10 0x000005ed
core   0: 0x80005df6 (0x002e4133) xor     sp, t3, sp
core   0: 3 0x80005df6 (0x002e4133) x 2 0x00000000
core   0: 0x80005dfa (0x00000e1d) c.addi  t3, 7
core   0: 3 0x80005dfa (0x0e1d) x28 0x00000008
core   0: 0x80005dfc (0x2c26a113) slti    sp, a3, 706
core   0: 3 0x80005dfc (0x2c26a113) x 2 0x00000001
core   0: 0x80005e00 (0x00cd6fb3) or      t6, s10, a2
core   0: 3 0x80005e00 (0x00cd6fb3) x31 0x00000001
core   0: 0x80005e04 (0xffde69e3) bltu    t3, t4, pc - 14
core   0: 3 0x80005e04 (0xffde69e3)
core   0: 0x80005e08 (0xe8310c97) auipc   s9, 0xe8310
core   0: 3 0x80005e08 (0xe8310c97) x25 0x68315e08
core   0: 0x80005e0c (0x7ce06413) ori     s0, zero, 1998
core   0: 3 0x80005e0c (0x7ce06413) x 8 0x000007ce
core   0: 0x80005e10 (0x00008dad) c.xor   a1, a1
core   0: 3 0x80005e10 (0x8dad) x11 0x00000000
core   0: 0x80005e12 (0x021d93b3) mulh    t2, s11, ra
core   0: 3 0x80005e12 (0x021d93b3) x 7 0x00000000
core   0: 0x80005e16 (0x022591b3) mulh    gp, a1, sp
core   0: 3 0x80005e16 (0x022591b3) x 3 0x00000000
core   0: 0x80005e1a (0xfb891de3) bne     s2, s8, pc - 70
core   0: 3 0x80005e1a (0xfb891de3)
core   0: 0x80005dd4 (0xaba52013) slti    zero, a0, -1350
core   0: 3 0x80005dd4 (0xaba52013)
core   0: 0x80005dd8 (0x2ac84093) xori    ra, a6, 684
core   0: 3 0x80005dd8 (0x2ac84093) x 1 0x251cf2b4
core   0: 0x80005ddc (0x00001979) c.addi  s2, -2
core   0: 3 0x80005ddc (0x1979) x18 0xffffffff
core   0: 0x80005dde (0xa2be8713) addi    a4, t4, -1493
core   0: 3 0x80005dde (0xa2be8713) x14 0xfffffa33
core   0: 0x80005de2 (0x00100e13) li      t3, 1
core   0: 3 0x80005de2 (0x00100e13) x28 0x00000001
core   0: 0x80005de6 (0x00008ea5) c.xor   a3, s1
core   0: 3 0x80005de6 (0x8ea5) x13 0x80025ce4
core   0: 0x80005de8 (0x00512db3) slt     s11, sp, t0
core   0: 3 0x80005de8 (0x00512db3) x27 0x00000000
core   0: 0x80005dec (0x00800e93) li      t4, 8
core   0: 3 0x80005dec (0x00800e93) x29 0x00000008
core   0: 0x80005df0 (0x02f886b3) mul     a3, a7, a5
core   0: 3 0x80005df0 (0x02f886b3) x13 0x00000000
core   0: 0x80005df4 (0x00008111) c.srli  a0, 4
core   0: 3 0x80005df4 (0x8111) x10 0x0000005e
core   0: 0x80005df6 (0x002e4133) xor     sp, t3, sp
core   0: 3 0x80005df6 (0x002e4133) x 2 0x00000000
core   0: 0x80005dfa (0x00000e1d) c.addi  t3, 7
core   0: 3 0x80005dfa (0x0e1d) x28 0x00000008
core   0: 0x80005dfc (0x2c26a113) slti    sp, a3, 706
core   0: 3 0x80005dfc (0x2c26a113) x 2 0x00000001
core   0: 0x80005e00 (0x00cd6fb3) or      t6, s10, a2
core   0: 3 0x80005e00 (0x00cd6fb3) x31 0x00000001
core   0: 0x80005e04 (0xffde69e3) bltu    t3, t4, pc - 14
core   0: 3 0x80005e04 (0xffde69e3)
core   0: 0x80005e08 (0xe8310c97) auipc   s9, 0xe8310
core   0: 3 0x80005e08 (0xe8310c97) x25 0x68315e08
core   0: 0x80005e0c (0x7ce06413) ori     s0, zero, 1998
core   0: 3 0x80005e0c (0x7ce06413) x 8 0x000007ce
core   0: 0x80005e10 (0x00008dad) c.xor   a1, a1
core   0: 3 0x80005e10 (0x8dad) x11 0x00000000
core   0: 0x80005e12 (0x021d93b3) mulh    t2, s11, ra
core   0: 3 0x80005e12 (0x021d93b3) x 7 0x00000000
core   0: 0x80005e16 (0x022591b3) mulh    gp, a1, sp
core   0: 3 0x80005e16 (0x022591b3) x 3 0x00000000
core   0: 0x80005e1a (0xfb891de3) bne     s2, s8, pc - 70
core   0: 3 0x80005e1a (0xfb891de3)
core   0: 0x80005dd4 (0xaba52013) slti    zero, a0, -1350
core   0: 3 0x80005dd4 (0xaba52013)
core   0: 0x80005dd8 (0x2ac84093) xori    ra, a6, 684
core   0: 3 0x80005dd8 (0x2ac84093) x 1 0x251cf2b4
core   0: 0x80005ddc (0x00001979) c.addi  s2, -2
core   0: 3 0x80005ddc (0x1979) x18 0xfffffffd
core   0: 0x80005dde (0xa2be8713) addi    a4, t4, -1493
core   0: 3 0x80005dde (0xa2be8713) x14 0xfffffa33
core   0: 0x80005de2 (0x00100e13) li      t3, 1
core   0: 3 0x80005de2 (0x00100e13) x28 0x00000001
core   0: 0x80005de6 (0x00008ea5) c.xor   a3, s1
core   0: 3 0x80005de6 (0x8ea5) x13 0x80025ce4
core   0: 0x80005de8 (0x00512db3) slt     s11, sp, t0
core   0: 3 0x80005de8 (0x00512db3) x27 0x00000000
core   0: 0x80005dec (0x00800e93) li      t4, 8
core   0: 3 0x80005dec (0x00800e93) x29 0x00000008
core   0: 0x80005df0 (0x02f886b3) mul     a3, a7, a5
core   0: 3 0x80005df0 (0x02f886b3) x13 0x00000000
core   0: 0x80005df4 (0x00008111) c.srli  a0, 4
core   0: 3 0x80005df4 (0x8111) x10 0x00000005
core   0: 0x80005df6 (0x002e4133) xor     sp, t3, sp
core   0: 3 0x80005df6 (0x002e4133) x 2 0x00000000
core   0: 0x80005dfa (0x00000e1d) c.addi  t3, 7
core   0: 3 0x80005dfa (0x0e1d) x28 0x00000008
core   0: 0x80005dfc (0x2c26a113) slti    sp, a3, 706
core   0: 3 0x80005dfc (0x2c26a113) x 2 0x00000001
core   0: 0x80005e00 (0x00cd6fb3) or      t6, s10, a2
core   0: 3 0x80005e00 (0x00cd6fb3) x31 0x00000001
core   0: 0x80005e04 (0xffde69e3) bltu    t3, t4, pc - 14
core   0: 3 0x80005e04 (0xffde69e3)
core   0: 0x80005e08 (0xe8310c97) auipc   s9, 0xe8310
core   0: 3 0x80005e08 (0xe8310c97) x25 0x68315e08
core   0: 0x80005e0c (0x7ce06413) ori     s0, zero, 1998
core   0: 3 0x80005e0c (0x7ce06413) x 8 0x000007ce
core   0: 0x80005e10 (0x00008dad) c.xor   a1, a1
core   0: 3 0x80005e10 (0x8dad) x11 0x00000000
core   0: 0x80005e12 (0x021d93b3) mulh    t2, s11, ra
core   0: 3 0x80005e12 (0x021d93b3) x 7 0x00000000
core   0: 0x80005e16 (0x022591b3) mulh    gp, a1, sp
core   0: 3 0x80005e16 (0x022591b3) x 3 0x00000000
core   0: 0x80005e1a (0xfb891de3) bne     s2, s8, pc - 70
core   0: 3 0x80005e1a (0xfb891de3)
core   0: 0x80005dd4 (0xaba52013) slti    zero, a0, -1350
core   0: 3 0x80005dd4 (0xaba52013)
core   0: 0x80005dd8 (0x2ac84093) xori    ra, a6, 684
core   0: 3 0x80005dd8 (0x2ac84093) x 1 0x251cf2b4
core   0: 0x80005ddc (0x00001979) c.addi  s2, -2
core   0: 3 0x80005ddc (0x1979) x18 0xfffffffb
core   0: 0x80005dde (0xa2be8713) addi    a4, t4, -1493
core   0: 3 0x80005dde (0xa2be8713) x14 0xfffffa33
core   0: 0x80005de2 (0x00100e13) li      t3, 1
core   0: 3 0x80005de2 (0x00100e13) x28 0x00000001
core   0: 0x80005de6 (0x00008ea5) c.xor   a3, s1
core   0: 3 0x80005de6 (0x8ea5) x13 0x80025ce4
core   0: 0x80005de8 (0x00512db3) slt     s11, sp, t0
core   0: 3 0x80005de8 (0x00512db3) x27 0x00000000
core   0: 0x80005dec (0x00800e93) li      t4, 8
core   0: 3 0x80005dec (0x00800e93) x29 0x00000008
core   0: 0x80005df0 (0x02f886b3) mul     a3, a7, a5
core   0: 3 0x80005df0 (0x02f886b3) x13 0x00000000
core   0: 0x80005df4 (0x00008111) c.srli  a0, 4
core   0: 3 0x80005df4 (0x8111) x10 0x00000000
core   0: 0x80005df6 (0x002e4133) xor     sp, t3, sp
core   0: 3 0x80005df6 (0x002e4133) x 2 0x00000000
core   0: 0x80005dfa (0x00000e1d) c.addi  t3, 7
core   0: 3 0x80005dfa (0x0e1d) x28 0x00000008
core   0: 0x80005dfc (0x2c26a113) slti    sp, a3, 706
core   0: 3 0x80005dfc (0x2c26a113) x 2 0x00000001
core   0: 0x80005e00 (0x00cd6fb3) or      t6, s10, a2
core   0: 3 0x80005e00 (0x00cd6fb3) x31 0x00000001
core   0: 0x80005e04 (0xffde69e3) bltu    t3, t4, pc - 14
core   0: 3 0x80005e04 (0xffde69e3)
core   0: 0x80005e08 (0xe8310c97) auipc   s9, 0xe8310
core   0: 3 0x80005e08 (0xe8310c97) x25 0x68315e08
core   0: 0x80005e0c (0x7ce06413) ori     s0, zero, 1998
core   0: 3 0x80005e0c (0x7ce06413) x 8 0x000007ce
core   0: 0x80005e10 (0x00008dad) c.xor   a1, a1
core   0: 3 0x80005e10 (0x8dad) x11 0x00000000
core   0: 0x80005e12 (0x021d93b3) mulh    t2, s11, ra
core   0: 3 0x80005e12 (0x021d93b3) x 7 0x00000000
core   0: 0x80005e16 (0x022591b3) mulh    gp, a1, sp
core   0: 3 0x80005e16 (0x022591b3) x 3 0x00000000
core   0: 0x80005e1a (0xfb891de3) bne     s2, s8, pc - 70
core   0: 3 0x80005e1a (0xfb891de3)
core   0: 0x80005dd4 (0xaba52013) slti    zero, a0, -1350
core   0: 3 0x80005dd4 (0xaba52013)
core   0: 0x80005dd8 (0x2ac84093) xori    ra, a6, 684
core   0: 3 0x80005dd8 (0x2ac84093) x 1 0x251cf2b4
core   0: 0x80005ddc (0x00001979) c.addi  s2, -2
core   0: 3 0x80005ddc (0x1979) x18 0xfffffff9
core   0: 0x80005dde (0xa2be8713) addi    a4, t4, -1493
core   0: 3 0x80005dde (0xa2be8713) x14 0xfffffa33
core   0: 0x80005de2 (0x00100e13) li      t3, 1
core   0: 3 0x80005de2 (0x00100e13) x28 0x00000001
core   0: 0x80005de6 (0x00008ea5) c.xor   a3, s1
core   0: 3 0x80005de6 (0x8ea5) x13 0x80025ce4
core   0: 0x80005de8 (0x00512db3) slt     s11, sp, t0
core   0: 3 0x80005de8 (0x00512db3) x27 0x00000000
core   0: 0x80005dec (0x00800e93) li      t4, 8
core   0: 3 0x80005dec (0x00800e93) x29 0x00000008
core   0: 0x80005df0 (0x02f886b3) mul     a3, a7, a5
core   0: 3 0x80005df0 (0x02f886b3) x13 0x00000000
core   0: 0x80005df4 (0x00008111) c.srli  a0, 4
core   0: 3 0x80005df4 (0x8111) x10 0x00000000
core   0: 0x80005df6 (0x002e4133) xor     sp, t3, sp
core   0: 3 0x80005df6 (0x002e4133) x 2 0x00000000
core   0: 0x80005dfa (0x00000e1d) c.addi  t3, 7
core   0: 3 0x80005dfa (0x0e1d) x28 0x00000008
core   0: 0x80005dfc (0x2c26a113) slti    sp, a3, 706
core   0: 3 0x80005dfc (0x2c26a113) x 2 0x00000001
core   0: 0x80005e00 (0x00cd6fb3) or      t6, s10, a2
core   0: 3 0x80005e00 (0x00cd6fb3) x31 0x00000001
core   0: 0x80005e04 (0xffde69e3) bltu    t3, t4, pc - 14
core   0: 3 0x80005e04 (0xffde69e3)
core   0: 0x80005e08 (0xe8310c97) auipc   s9, 0xe8310
core   0: 3 0x80005e08 (0xe8310c97) x25 0x68315e08
core   0: 0x80005e0c (0x7ce06413) ori     s0, zero, 1998
core   0: 3 0x80005e0c (0x7ce06413) x 8 0x000007ce
core   0: 0x80005e10 (0x00008dad) c.xor   a1, a1
core   0: 3 0x80005e10 (0x8dad) x11 0x00000000
core   0: 0x80005e12 (0x021d93b3) mulh    t2, s11, ra
core   0: 3 0x80005e12 (0x021d93b3) x 7 0x00000000
core   0: 0x80005e16 (0x022591b3) mulh    gp, a1, sp
core   0: 3 0x80005e16 (0x022591b3) x 3 0x00000000
core   0: 0x80005e1a (0xfb891de3) bne     s2, s8, pc - 70
core   0: 3 0x80005e1a (0xfb891de3)
core   0: 0x80005e1e (0x0000987d) c.andi  s0, -1
core   0: 3 0x80005e1e (0x987d) x 8 0x000007ce
core   0: 0x80005e20 (0x0030b6b3) sltu    a3, ra, gp
core   0: 3 0x80005e20 (0x0030b6b3) x13 0x00000000
core   0: 0x80005e24 (0x00008dcd) c.or    a1, a1
core   0: 3 0x80005e24 (0x8dcd) x11 0x00000000
core   0: 0x80005e26 (0x000061e1) c.lui   gp, 0x18
core   0: 3 0x80005e26 (0x61e1) x 3 0x00018000
core   0: 0x80005e28 (0xdd6a3c93) sltiu   s9, s4, -554
core   0: 3 0x80005e28 (0xdd6a3c93) x25 0x00000001
core   0: 0x80005e2c (0x41c0deb3) sra     t4, ra, t3
core   0: 3 0x80005e2c (0x41c0deb3) x29 0x00251cf2
core   0: 0x80005e30 (0x41148833) sub     a6, s1, a7
core   0: 3 0x80005e30 (0x41148833) x16 0x80025ce4
core   0: 0x80005e34 (0x00001d0c) c.addi4spn a1, sp, 688
core   0: 3 0x80005e34 (0x1d0c) x11 0x000002b1
core   0: 0x80005e36 (0x00006819) c.lui   a6, 0x6
core   0: 3 0x80005e36 (0x6819) x16 0x00006000
core   0: 0x80005e38 (0x1d598313) addi    t1, s3, 469
core   0: 3 0x80005e38 (0x1d598313) x 6 0x000001d5
core   0: 0x80005e3c (0x040a0263) beqz    s4, pc + 68
core   0: 3 0x80005e3c (0x040a0263)
core   0: 0x80005e40 (0x00008de1) c.and   a1, s0
core   0: 3 0x80005e40 (0x8de1) x11 0x00000280
core   0: 0x80005e42 (0x84abb193) sltiu   gp, s7, -1974
core   0: 3 0x80005e42 (0x84abb193) x 3 0x00000001
core   0: 0x80005e46 (0x02ca8fb3) mul     t6, s5, a2
core   0: 3 0x80005e46 (0x02ca8fb3) x31 0x00000000
core   0: 0x80005e4a (0x01182fb3) slt     t6, a6, a7
core   0: 3 0x80005e4a (0x01182fb3) x31 0x00000000
core   0: 0x80005e4e (0x0293afb3) mulhsu  t6, t2, s1
core   0: 3 0x80005e4e (0x0293afb3) x31 0x00000000
core   0: 0x80005e52 (0xbbb96893) ori     a7, s2, -1093
core   0: 3 0x80005e52 (0xbbb96893) x17 0xfffffffb
core   0: 0x80005e56 (0x47920c93) addi    s9, tp, 1145
core   0: 3 0x80005e56 (0x47920c93) x25 0x00000479
core   0: 0x80005e5a (0x01400f33) add     t5, zero, s4
core   0: 3 0x80005e5a (0x01400f33) x30 0x08125b58
core   0: 0x80005e5e (0x01825a13) srli    s4, tp, 24
core   0: 3 0x80005e5e (0x01825a13) x20 0x00000000
core   0: 0x80005e62 (0x00000cf2) c.slli  s9, 28
core   0: 3 0x80005e62 (0x0cf2) x25 0x90000000
core   0: 0x80005e64 (0x417605b3) sub     a1, a2, s7
core   0: 3 0x80005e64 (0x417605b3) x11 0x7ffde19c
core   0: 0x80005e68 (0x02b425b3) mulhsu  a1, s0, a1
core   0: 3 0x80005e68 (0x02b425b3) x11 0x000003e6
core   0: 0x80005e6c (0x01cab2b3) sltu    t0, s5, t3
core   0: 3 0x80005e6c (0x01cab2b3) x 5 0x00000001
core   0: 0x80005e70 (0x0252d833) divu    a6, t0, t0
core   0: 3 0x80005e70 (0x0252d833) x16 0x00000001
core   0: 0x80005e74 (0x00c4c1b3) xor     gp, s1, a2
core   0: 3 0x80005e74 (0x00c4c1b3) x 3 0x80025ce4
core   0: 0x80005e78 (0x00006855) c.lui   a6, 0x15
core   0: 3 0x80005e78 (0x6855) x16 0x00015000
core   0: 0x80005e7a (0x00008e9d) c.sub   a3, a5
core   0: 3 0x80005e7a (0x8e9d) x13 0x80000000
core   0: 0x80005e7c (0x00442933) slt     s2, s0, tp
core   0: 3 0x80005e7c (0x00442933) x18 0x00000000
core   0: 0x80005e80 (0x9826ad93) slti    s11, a3, -1662
core   0: 3 0x80005e80 (0x9826ad93) x27 0x00000001
core   0: 0x80005e84 (0x411cd3b3) sra     t2, s9, a7
core   0: 3 0x80005e84 (0x411cd3b3) x 7 0xfffffff2
core   0: 0x80005e88 (0x00aa8f63) beq     s5, a0, pc + 30
core   0: 3 0x80005e88 (0x00aa8f63)
core   0: 0x80005ea6 (0x020fe963) bltu    t6, zero, pc + 50
core   0: 3 0x80005ea6 (0x020fe963)
core   0: 0x80005eaa (0x000005a1) c.addi  a1, 8
core   0: 3 0x80005eaa (0x05a1) x11 0x000003ee
core   0: 0x80005eac (0x00008029) c.srli  s0, 10
core   0: 3 0x80005eac (0x8029) x 8 0x00000001
core   0: 0x80005eae (0x01a1ecb3) or      s9, gp, s10
core   0: 3 0x80005eae (0x01a1ecb3) x25 0x80025ce5
core   0: 0x80005eb2 (0x00008d01) c.sub   a0, s0
core   0: 3 0x80005eb2 (0x8d01) x10 0xffffffff
core   0: 0x80005eb4 (0x81b77893) andi    a7, a4, -2021
core   0: 3 0x80005eb4 (0x81b77893) x17 0xfffff813
core   0: 0x80005eb8 (0x00008d81) c.sub   a1, s0
core   0: 3 0x80005eb8 (0x8d81) x11 0x000003ed
core   0: 0x80005eba (0x47d6d717) auipc   a4, 0x47d6d
core   0: 3 0x80005eba (0x47d6d717) x14 0xc7d72eba
core   0: 0x80005ebe (0x00000001) c.nop
core   0: 3 0x80005ebe (0x0001)
core   0: 0x80005ec0 (0x02ae60b3) rem     ra, t3, a0
core   0: 3 0x80005ec0 (0x02ae60b3) x 1 0x00000000
core   0: 0x80005ec4 (0x00d09413) slli    s0, ra, 13
core   0: 3 0x80005ec4 (0x00d09413) x 8 0x00000000
core   0: 0x80005ec8 (0x004fef63) bltu    t6, tp, pc + 30
core   0: 3 0x80005ec8 (0x004fef63)
core   0: 0x80005ecc (0x40e7da93) srai    s5, a5, 14
core   0: 3 0x80005ecc (0x40e7da93) x21 0xfffe0000
core   0: 0x80005ed0 (0x02f18c33) mul     s8, gp, a5
core   0: 3 0x80005ed0 (0x02f18c33) x24 0x00000000
core   0: 0x80005ed4 (0x03bedeb3) divu    t4, t4, s11
core   0: 3 0x80005ed4 (0x03bedeb3) x29 0x00251cf2
core   0: 0x80005ed8 (0x023040b3) div     ra, zero, gp
core   0: 3 0x80005ed8 (0x023040b3) x 1 0x00000000
core   0: 0x80005edc (0x02d2b833) mulhu   a6, t0, a3
core   0: 3 0x80005edc (0x02d2b833) x16 0x00000000
core   0: 0x80005ee0 (0x00009196) c.add   gp, t0
core   0: 3 0x80005ee0 (0x9196) x 3 0x80025ce5
core   0: 0x80005ee2 (0x415c09b3) sub     s3, s8, s5
core   0: 3 0x80005ee2 (0x415c09b3) x19 0x00020000
core   0: 0x80005ee6 (0xb9a17713) andi    a4, sp, -1126
core   0: 3 0x80005ee6 (0xb9a17713) x14 0x00000000
core   0: 0x80005eea (0x00a11a63) bne     sp, a0, pc + 20
core   0: 3 0x80005eea (0x00a11a63)
core   0: 0x80005efe (0x00000422) c.slli  s0, 8
core   0: 3 0x80005efe (0x0422) x 8 0x00000000
core   0: 0x80005f00 (0x13ca2713) slti    a4, s4, 316
core   0: 3 0x80005f00 (0x13ca2713) x14 0x00000001
core   0: 0x80005f04 (0x01fd58b3) srl     a7, s10, t6
core   0: 3 0x80005f04 (0x01fd58b3) x17 0x00000001
core   0: 0x80005f08 (0xe1556d37) lui     s10, 0xe1556
core   0: 3 0x80005f08 (0xe1556d37) x26 0xe1556000
core   0: 0x80005f0c (0x03b50c63) beq     a0, s11, pc + 56
core   0: 3 0x80005f0c (0x03b50c63)
core   0: 0x80005f10 (0x01793fb3) sltu    t6, s2, s7
core   0: 3 0x80005f10 (0x01793fb3) x31 0x00000001
core   0: 0x80005f14 (0x02845b63) bge     s0, s0, pc + 54
core   0: 3 0x80005f14 (0x02845b63)
core   0: 0x80005f4a (0x018a6833) or      a6, s4, s8
core   0: 3 0x80005f4a (0x018a6833) x16 0x00000000
core   0: 0x80005f4e (0x037f9133) mulh    sp, t6, s7
core   0: 3 0x80005f4e (0x037f9133) x 2 0xffffffff
core   0: 0x80005f52 (0x00000c94) c.addi4spn a3, sp, 592
core   0: 3 0x80005f52 (0x0c94) x13 0x0000024f
core   0: 0x80005f54 (0x0000ed01) c.bnez  a0, pc + 24
core   0: 3 0x80005f54 (0xed01)
core   0: 0x80005f6c (0x03f75833) divu    a6, a4, t6
core   0: 3 0x80005f6c (0x03f75833) x16 0x00000001
core   0: 0x80005f70 (0x00008c51) c.or    s0, a2
core   0: 3 0x80005f70 (0x8c51) x 8 0x00000000
core   0: 0x80005f72 (0x02553fb3) mulhu   t6, a0, t0
core   0: 3 0x80005f72 (0x02553fb3) x31 0x00000000
core   0: 0x80005f76 (0x00616663) bltu    sp, t1, pc + 12
core   0: 3 0x80005f76 (0x00616663)
core   0: 0x80005f7a (0x00000fd9) c.addi  t6, 22
core   0: 3 0x80005f7a (0x0fd9) x31 0x00000016
core   0: 0x80005f7c (0x00008f59) c.or    a4, a4
core   0: 3 0x80005f7c (0x8f59) x14 0x00000001
core   0: 0x80005f7e (0x078d9863) bne     s11, s8, pc + 112
core   0: 3 0x80005f7e (0x078d9863)
core   0: 0x80005fee (0x41725833) sra     a6, tp, s7
core   0: 3 0x80005fee (0x41725833) x16 0x00000000
core   0: 0x80005ff2 (0x0000e19d) c.bnez  a1, pc + 38
core   0: 3 0x80005ff2 (0xe19d)
core   0: 0x80006018 (0x00008dbd) c.xor   a1, a5
core   0: 3 0x80006018 (0x8dbd) x11 0x800003ed
core   0: 0x8000601a (0x02c00933) mul     s2, zero, a2
core   0: 3 0x8000601a (0x02c00933) x18 0x00000000
core   0: 0x8000601e (0x00004e49) c.li    t3, 18
core   0: 3 0x8000601e (0x4e49) x28 0x00000012
core   0: 0x80006020 (0x006f9963) bne     t6, t1, pc + 18
core   0: 3 0x80006020 (0x006f9963)
core   0: 0x80006032 (0x00008cb2) c.mv    s9, a2
core   0: 3 0x80006032 (0x8cb2) x25 0x00000000
core   0: 0x80006034 (0x0292d363) bge     t0, s1, pc + 38
core   0: 3 0x80006034 (0x0292d363)
core   0: 0x8000605a (0x03fd4313) xori    t1, s10, 63
core   0: 3 0x8000605a (0x03fd4313) x 6 0xe155603f
core   0: 0x8000605e (0x0213f3b3) remu    t2, t2, ra
core   0: 3 0x8000605e (0x0213f3b3) x 7 0xfffffff2
core   0: 0x80006062 (0x0000c50d) c.beqz  a0, pc + 42
core   0: 3 0x80006062 (0xc50d)
core   0: 0x80006064 (0x41045733) sra     a4, s0, a6
core   0: 3 0x80006064 (0x41045733) x14 0x00000000
core   0: 0x80006068 (0x0000ee09) c.bnez  a2, pc + 26
core   0: 3 0x80006068 (0xee09)
core   0: 0x8000606a (0x025d4c63) blt     s10, t0, pc + 56
core   0: 3 0x8000606a (0x025d4c63)
core   0: 0x800060a2 (0x00000e12) c.slli  t3, 4
core   0: 3 0x800060a2 (0x0e12) x28 0x00000120
core   0: 0x800060a4 (0x00006149) c.addi16sp sp, 144
core   0: 3 0x800060a4 (0x6149) x 2 0x0000008f
core   0: 0x800060a6 (0x05c70613) addi    a2, a4, 92
core   0: 3 0x800060a6 (0x05c70613) x12 0x0000005c
core   0: 0x800060aa (0x000060d1) c.lui   ra, 0x14
core   0: 3 0x800060aa (0x60d1) x 1 0x00014000
core   0: 0x800060ac (0xd3a73637) lui     a2, 0xd3a73
core   0: 3 0x800060ac (0xd3a73637) x12 0xd3a73000
core   0: 0x800060b0 (0x4021d2b3) sra     t0, gp, sp
core   0: 3 0x800060b0 (0x4021d2b3) x 5 0xffff0004
core   0: 0x800060b4 (0x0068dcb3) srl     s9, a7, t1
core   0: 3 0x800060b4 (0x0068dcb3) x25 0x00000000
core   0: 0x800060b8 (0x02499963) bne     s3, tp, pc + 50
core   0: 3 0x800060b8 (0x02499963)
core   0: 0x800060ea (0x023b1cb3) mulh    s9, s6, gp
core   0: 3 0x800060ea (0x023b1cb3) x25 0xffffffb8
core   0: 0x800060ee (0x012b5433) srl     s0, s6, s2
core   0: 3 0x800060ee (0x012b5433) x 8 0x00000090
core   0: 0x800060f2 (0x00008f65) c.and   a4, s1
core   0: 3 0x800060f2 (0x8f65) x14 0x00000000
core   0: 0x800060f4 (0x0095c0b3) xor     ra, a1, s1
core   0: 3 0x800060f4 (0x0095c0b3) x 1 0x00025f09
core   0: 0x800060f8 (0x0000e229) c.bnez  a2, pc + 66
core   0: 3 0x800060f8 (0xe229)
core   0: 0x8000613a (0xc9056093) ori     ra, a0, -880
core   0: 3 0x8000613a (0xc9056093) x 1 0xffffffff
core   0: 0x8000613e (0x0000717d) c.addi16sp sp, -16
core   0: 3 0x8000613e (0x717d) x 2 0x0000007f
core   0: 0x80006140 (0x00000001) c.nop
core   0: 3 0x80006140 (0x0001)
core   0: 0x80006142 (0xf9b06217) auipc   tp, 0xf9b06
core   0: 3 0x80006142 (0xf9b06217) x 4 0x79b0c142
core   0: 0x80006146 (0x00006911) c.lui   s2, 0x4
core   0: 3 0x80006146 (0x6911) x18 0x00004000
core   0: 0x80006148 (0x031a56b3) divu    a3, s4, a7
core   0: 3 0x80006148 (0x031a56b3) x13 0x00000000
core   0: 0x8000614c (0x01d25d93) srli    s11, tp, 29
core   0: 3 0x8000614c (0x01d25d93) x27 0x00000003
core   0: 0x80006150 (0xe7524db7) lui     s11, 0xe7524
core   0: 3 0x80006150 (0xe7524db7) x27 0xe7524000
core   0: 0x80006154 (0x00000001) c.nop
core   0: 3 0x80006154 (0x0001)
core   0: 0x80006156 (0x0ff0000f) fence   iorw,iorw
core   0: 3 0x80006156 (0x0ff0000f)
core   0: 0x8000615a (0x03008533) mul     a0, ra, a6
core   0: 3 0x8000615a (0x03008533) x10 0x00000000
core   0: 0x8000615e (0x02308833) mul     a6, ra, gp
core   0: 3 0x8000615e (0x02308833) x16 0x7ffda31b
core   0: 0x80006162 (0x0000e2c9) c.bnez  a3, pc + 130
core   0: 3 0x80006162 (0xe2c9)
core   0: 0x80006164 (0x00000001) c.nop
core   0: 3 0x80006164 (0x0001)
core   0: 0x80006166 (0x00000fb2) c.slli  t6, 12
core   0: 3 0x80006166 (0x0fb2) x31 0x00016000
core   0: 0x80006168 (0xff800593) li      a1, -8
core   0: 3 0x80006168 (0xff800593) x11 0xfffffff8
core   0: 0x8000616c (0x16a27c17) auipc   s8, 0x16a27
core   0: 3 0x8000616c (0x16a27c17) x24 0x96a2d16c
core   0: 0x80006170 (0x039af233) remu    tp, s5, s9
core   0: 3 0x80006170 (0x039af233) x 4 0xfffe0000
core   0: 0x80006174 (0x00ea7433) and     s0, s4, a4
core   0: 3 0x80006174 (0x00ea7433) x 8 0x00000000
core   0: 0x80006178 (0x000086ca) c.mv    a3, s2
core   0: 3 0x80006178 (0x86ca) x13 0x00004000
core   0: 0x8000617a (0x00300713) li      a4, 3
core   0: 3 0x8000617a (0x00300713) x14 0x00000003
core   0: 0x8000617e (0x03925533) divu    a0, tp, s9
core   0: 3 0x8000617e (0x03925533) x10 0x00000000
core   0: 0x80006182 (0xcdc2d3b7) lui     t2, 0xcdc2d
core   0: 3 0x80006182 (0xcdc2d3b7) x 7 0xcdc2d000
core   0: 0x80006186 (0x00000001) c.nop
core   0: 3 0x80006186 (0x0001)
core   0: 0x80006188 (0x00000585) c.addi  a1, 1
core   0: 3 0x80006188 (0x0585) x11 0xfffffff9
core   0: 0x8000618a (0x053e2d93) slti    s11, t3, 83
core   0: 3 0x8000618a (0x053e2d93) x27 0x00000000
core   0: 0x8000618e (0x002bfc33) and     s8, s7, sp
core   0: 3 0x8000618e (0x002bfc33) x24 0x00000064
core   0: 0x80006192 (0x0000100f) fence.i
core   0: 3 0x80006192 (0x0000100f)
core   0: 0x80006196 (0x002f5033) srl     zero, t5, sp
core   0: 3 0x80006196 (0x002f5033)
core   0: 0x8000619a (0x00100313) li      t1, 1
core   0: 3 0x8000619a (0x00100313) x 6 0x00000001
core   0: 0x8000619e (0x30c9a913) slti    s2, s3, 780
core   0: 3 0x8000619e (0x30c9a913) x18 0x00000000
core   0: 0x800061a2 (0x00009ede) c.add   t4, s7
core   0: 3 0x800061a2 (0x9ede) x29 0x80273b56
core   0: 0x800061a4 (0x00000113) li      sp, 0
core   0: 3 0x800061a4 (0x00000113) x 2 0x00000000
core   0: 0x800061a8 (0x021406b3) mul     a3, s0, ra
core   0: 3 0x800061a8 (0x021406b3) x13 0x00000000
core   0: 0x800061ac (0x022a4eb3) div     t4, s4, sp
core   0: 3 0x800061ac (0x022a4eb3) x29 0xffffffff
core   0: 0x800061b0 (0x00ca7db3) and     s11, s4, a2
core   0: 3 0x800061b0 (0x00ca7db3) x27 0x00000000
core   0: 0x800061b4 (0x00008b6e) c.mv    s6, s11
core   0: 3 0x800061b4 (0x8b6e) x22 0x00000000
core   0: 0x800061b6 (0x10d7b393) sltiu   t2, a5, 269
core   0: 3 0x800061b6 (0x10d7b393) x 7 0x00000000
core   0: 0x800061ba (0xccf86a37) lui     s4, 0xccf86
core   0: 3 0x800061ba (0xccf86a37) x20 0xccf86000
core   0: 0x800061be (0x034393b3) mulh    t2, t2, s4
core   0: 3 0x800061be (0x034393b3) x 7 0x00000000
core   0: 0x800061c2 (0x0000137d) c.addi  t1, -1
core   0: 3 0x800061c2 (0x137d) x 6 0x00000000
core   0: 0x800061c4 (0x0000954e) c.add   a0, s3
core   0: 3 0x800061c4 (0x954e) x10 0x00020000
core   0: 0x800061c6 (0x00000576) c.slli  a0, 29
core   0: 3 0x800061c6 (0x0576) x10 0x00000000
core   0: 0x800061c8 (0xfe2307e3) beq     t1, sp, pc - 18
core   0: 3 0x800061c8 (0xfe2307e3)
core   0: 0x800061b6 (0x10d7b393) sltiu   t2, a5, 269
core   0: 3 0x800061b6 (0x10d7b393) x 7 0x00000000
core   0: 0x800061ba (0xccf86a37) lui     s4, 0xccf86
core   0: 3 0x800061ba (0xccf86a37) x20 0xccf86000
core   0: 0x800061be (0x034393b3) mulh    t2, t2, s4
core   0: 3 0x800061be (0x034393b3) x 7 0x00000000
core   0: 0x800061c2 (0x0000137d) c.addi  t1, -1
core   0: 3 0x800061c2 (0x137d) x 6 0xffffffff
core   0: 0x800061c4 (0x0000954e) c.add   a0, s3
core   0: 3 0x800061c4 (0x954e) x10 0x00020000
core   0: 0x800061c6 (0x00000576) c.slli  a0, 29
core   0: 3 0x800061c6 (0x0576) x10 0x00000000
core   0: 0x800061c8 (0xfe2307e3) beq     t1, sp, pc - 18
core   0: 3 0x800061c8 (0xfe2307e3)
core   0: 0x800061cc (0x02c12533) mulhsu  a0, sp, a2
core   0: 3 0x800061cc (0x02c12533) x10 0x00000000
core   0: 0x800061d0 (0xfae589e3) beq     a1, a4, pc - 78
core   0: 3 0x800061d0 (0xfae589e3)
core   0: 0x800061d4 (0x37f8fa93) andi    s5, a7, 895
core   0: 3 0x800061d4 (0x37f8fa93) x21 0x00000001
core   0: 0x800061d8 (0x00008c0d) c.sub   s0, a1
core   0: 3 0x800061d8 (0x8c0d) x 8 0x00000007
core   0: 0x800061da (0x00001694) c.addi4spn a3, sp, 864
core   0: 3 0x800061da (0x1694) x13 0x00000360
core   0: 0x800061dc (0x0000ca9d) c.beqz  a3, pc + 54
core   0: 3 0x800061dc (0xca9d)
core   0: 0x800061de (0x00008469) c.srai  s0, 26
core   0: 3 0x800061de (0x8469) x 8 0x00000000
core   0: 0x800061e0 (0xb5b6c013) xori    zero, a3, -1189
core   0: 3 0x800061e0 (0xb5b6c013)
core   0: 0x800061e4 (0x413c0ab3) sub     s5, s8, s3
core   0: 3 0x800061e4 (0x413c0ab3) x21 0xfffe0064
core   0: 0x800061e8 (0x030406b3) mul     a3, s0, a6
core   0: 3 0x800061e8 (0x030406b3) x13 0x00000000
core   0: 0x800061ec (0x02bd45b3) div     a1, s10, a1
core   0: 3 0x800061ec (0x02bd45b3) x11 0x04618492
core   0: 0x800061f0 (0x00d6dd93) srli    s11, a3, 13
core   0: 3 0x800061f0 (0x00d6dd93) x27 0x00000000
core   0: 0x800061f4 (0x00000001) c.nop
core   0: 3 0x800061f4 (0x0001)
core   0: 0x800061f6 (0x00008f5d) c.or    a4, a5
core   0: 3 0x800061f6 (0x8f5d) x14 0x80000003
core   0: 0x800061f8 (0x3aae7e93) andi    t4, t3, 938
core   0: 3 0x800061f8 (0x3aae7e93) x29 0x00000120
core   0: 0x800061fc (0x0000c599) c.beqz  a1, pc + 14
core   0: 3 0x800061fc (0xc599)
core   0: 0x800061fe (0x031dd433) divu    s0, s11, a7
core   0: 3 0x800061fe (0x031dd433) x 8 0x00000000
core   0: 0x80006202 (0x0108dc33) srl     s8, a7, a6
core   0: 3 0x80006202 (0x0108dc33) x24 0x00000000
core   0: 0x80006206 (0x03851d63) bne     a0, s8, pc + 58
core   0: 3 0x80006206 (0x03851d63)
core   0: 0x8000620a (0x0000100f) fence.i
core   0: 3 0x8000620a (0x0000100f)
core   0: 0x8000620e (0x00a8c233) xor     tp, a7, a0
core   0: 3 0x8000620e (0x00a8c233) x 4 0x00000001
core   0: 0x80006212 (0x0000717d) c.addi16sp sp, -16
core   0: 3 0x80006212 (0x717d) x 2 0xfffffff0
core   0: 0x80006214 (0x00849993) slli    s3, s1, 8
core   0: 3 0x80006214 (0x00849993) x19 0x025ce400
core   0: 0x80006218 (0x00321a93) slli    s5, tp, 3
core   0: 3 0x80006218 (0x00321a93) x21 0x00000008
core   0: 0x8000621c (0x404d05b3) sub     a1, s10, tp
core   0: 3 0x8000621c (0x404d05b3) x11 0xe1555fff
core   0: 0x80006220 (0x00000e92) c.slli  t4, 4
core   0: 3 0x80006220 (0x0e92) x29 0x00001200
core   0: 0x80006222 (0x00000001) c.nop
core   0: 3 0x80006222 (0x0001)
core   0: 0x80006224 (0x79cc3093) sltiu   ra, s8, 1948
core   0: 3 0x80006224 (0x79cc3093) x 1 0x00000001
core   0: 0x80006228 (0x00cbab33) slt     s6, s7, a2
core   0: 3 0x80006228 (0x00cbab33) x22 0x00000001
core   0: 0x8000622c (0x01a99f33) sll     t5, s3, s10
core   0: 3 0x8000622c (0x01a99f33) x30 0x025ce400
core   0: 0x80006230 (0x016121b3) slt     gp, sp, s6
core   0: 3 0x80006230 (0x016121b3) x 3 0x00000001
core   0: 0x80006234 (0x00000fd9) c.addi  t6, 22
core   0: 3 0x80006234 (0x0fd9) x31 0x00016016
core   0: 0x80006236 (0x01b988b3) add     a7, s3, s11
core   0: 3 0x80006236 (0x01b988b3) x17 0x025ce400
core   0: 0x8000623a (0x0000e18d) c.bnez  a1, pc + 34
core   0: 3 0x8000623a (0xe18d)
core   0: 0x8000625c (0x025b8333) mul     t1, s7, t0
core   0: 3 0x8000625c (0x025b8333) x 6 0xe1a47990
core   0: 0x80006260 (0x008d01b3) add     gp, s10, s0
core   0: 3 0x80006260 (0x008d01b3) x 3 0xe1556000
core   0: 0x80006264 (0x01a04863) blt     zero, s10, pc + 16
core   0: 3 0x80006264 (0x01a04863)
core   0: 0x80006268 (0x00008809) c.andi  s0, 2
core   0: 3 0x80006268 (0x8809) x 8 0x00000000
core   0: 0x8000626a (0x00000aea) c.slli  s5, 26
core   0: 3 0x8000626a (0x0aea) x21 0x20000000
core   0: 0x8000626c (0x00001b7d) c.addi  s6, -1
core   0: 3 0x8000626c (0x1b7d) x22 0x00000000
core   0: 0x8000626e (0x0000829d) c.srli  a3, 7
core   0: 3 0x8000626e (0x829d) x13 0x00000000
core   0: 0x80006270 (0x01d8ae33) slt     t3, a7, t4
core   0: 3 0x80006270 (0x01d8ae33) x28 0x00000000
core   0: 0x80006274 (0x0180f0b3) and     ra, ra, s8
core   0: 3 0x80006274 (0x0180f0b3) x 1 0x00000000
core   0: 0x80006278 (0x00006861) c.lui   a6, 0x18
core   0: 3 0x80006278 (0x6861) x16 0x00018000
core   0: 0x8000627a (0x02b1f1b3) remu    gp, gp, a1
core   0: 3 0x8000627a (0x02b1f1b3) x 3 0x00000001
core   0: 0x8000627e (0x00001b94) c.addi4spn a3, sp, 496
core   0: 3 0x8000627e (0x1b94) x13 0x000001e0
core   0: 0x80006280 (0x00400593) li      a1, 4
core   0: 3 0x80006280 (0x00400593) x11 0x00000004
core   0: 0x80006284 (0x02bed733) divu    a4, t4, a1
core   0: 3 0x80006284 (0x02bed733) x14 0x00000480
core   0: 0x80006288 (0x41d45193) srai    gp, s0, 29
core   0: 3 0x80006288 (0x41d45193) x 3 0x00000000
core   0: 0x8000628c (0x038a68b3) rem     a7, s4, s8
core   0: 3 0x8000628c (0x038a68b3) x17 0xccf86000
core   0: 0x80006290 (0xe47d8717) auipc   a4, 0xe47d8
core   0: 3 0x80006290 (0xe47d8717) x14 0x647de290
core   0: 0x80006294 (0x00008d25) c.xor   a0, s1
core   0: 3 0x80006294 (0x8d25) x10 0x80025ce4
core   0: 0x80006296 (0x02b97ab3) remu    s5, s2, a1
core   0: 3 0x80006296 (0x02b97ab3) x21 0x00000000
core   0: 0x8000629a (0x00008685) c.srai  a3, 1
core   0: 3 0x8000629a (0x8685) x13 0x000000f0
core   0: 0x8000629c (0x00008f61) c.and   a4, s0
core   0: 3 0x8000629c (0x8f61) x14 0x00000000
core   0: 0x8000629e (0xba4acb13) xori    s6, s5, -1116
core   0: 3 0x8000629e (0xba4acb13) x22 0xfffffba4
core   0: 0x800062a2 (0x00008ec9) c.or    a3, a0
core   0: 3 0x800062a2 (0x8ec9) x13 0x80025cf4
core   0: 0x800062a4 (0x00008f71) c.and   a4, a2
core   0: 3 0x800062a4 (0x8f71) x14 0x00000000
core   0: 0x800062a6 (0x00008eb1) c.xor   a3, a2
core   0: 3 0x800062a6 (0x8eb1) x13 0x53a56cf4
core   0: 0x800062a8 (0x00410033) add     zero, sp, tp
core   0: 3 0x800062a8 (0x00410033)
core   0: 0x800062ac (0x02126fb3) rem     t6, tp, ra
core   0: 3 0x800062ac (0x02126fb3) x31 0x00000001
core   0: 0x800062b0 (0x402b8ab3) sub     s5, s7, sp
core   0: 3 0x800062b0 (0x402b8ab3) x21 0x80021e74
core   0: 0x800062b4 (0x99afc093) xori    ra, t6, -1638
core   0: 3 0x800062b4 (0x99afc093) x 1 0xfffff99b
core   0: 0x800062b8 (0x00008265) c.srli  a2, 25
core   0: 3 0x800062b8 (0x8265) x12 0x00000069
core   0: 0x800062ba (0x00008edd) c.or    a3, a5
core   0: 3 0x800062ba (0x8edd) x13 0xd3a56cf4
core   0: 0x800062bc (0x00008ebd) c.xor   a3, a5
core   0: 3 0x800062bc (0x8ebd) x13 0x53a56cf4
core   0: 0x800062be (0x00b00213) li      tp, 11
core   0: 3 0x800062be (0x00b00213) x 4 0x0000000b
core   0: 0x800062c2 (0xde59a813) slti    a6, s3, -539
core   0: 3 0x800062c2 (0xde59a813) x16 0x00000000
core   0: 0x800062c6 (0x00009afe) c.add   s5, t6
core   0: 3 0x800062c6 (0x9afe) x21 0x80021e75
core   0: 0x800062c8 (0x5c2bb993) sltiu   s3, s7, 1474
core   0: 3 0x800062c8 (0x5c2bb993) x19 0x00000000
core   0: 0x800062cc (0x00000585) c.addi  a1, 1
core   0: 3 0x800062cc (0x0585) x11 0x00000005
core   0: 0x800062ce (0x00006165) c.addi16sp sp, 112
core   0: 3 0x800062ce (0x6165) x 2 0x00000060
core   0: 0x800062d0 (0xfe45ebe3) bltu    a1, tp, pc - 10
core   0: 3 0x800062d0 (0xfe45ebe3)
core   0: 0x800062c6 (0x00009afe) c.add   s5, t6
core   0: 3 0x800062c6 (0x9afe) x21 0x80021e76
core   0: 0x800062c8 (0x5c2bb993) sltiu   s3, s7, 1474
core   0: 3 0x800062c8 (0x5c2bb993) x19 0x00000000
core   0: 0x800062cc (0x00000585) c.addi  a1, 1
core   0: 3 0x800062cc (0x0585) x11 0x00000006
core   0: 0x800062ce (0x00006165) c.addi16sp sp, 112
core   0: 3 0x800062ce (0x6165) x 2 0x000000d0
core   0: 0x800062d0 (0xfe45ebe3) bltu    a1, tp, pc - 10
core   0: 3 0x800062d0 (0xfe45ebe3)
core   0: 0x800062c6 (0x00009afe) c.add   s5, t6
core   0: 3 0x800062c6 (0x9afe) x21 0x80021e77
core   0: 0x800062c8 (0x5c2bb993) sltiu   s3, s7, 1474
core   0: 3 0x800062c8 (0x5c2bb993) x19 0x00000000
core   0: 0x800062cc (0x00000585) c.addi  a1, 1
core   0: 3 0x800062cc (0x0585) x11 0x00000007
core   0: 0x800062ce (0x00006165) c.addi16sp sp, 112
core   0: 3 0x800062ce (0x6165) x 2 0x00000140
core   0: 0x800062d0 (0xfe45ebe3) bltu    a1, tp, pc - 10
core   0: 3 0x800062d0 (0xfe45ebe3)
core   0: 0x800062c6 (0x00009afe) c.add   s5, t6
core   0: 3 0x800062c6 (0x9afe) x21 0x80021e78
core   0: 0x800062c8 (0x5c2bb993) sltiu   s3, s7, 1474
core   0: 3 0x800062c8 (0x5c2bb993) x19 0x00000000
core   0: 0x800062cc (0x00000585) c.addi  a1, 1
core   0: 3 0x800062cc (0x0585) x11 0x00000008
core   0: 0x800062ce (0x00006165) c.addi16sp sp, 112
core   0: 3 0x800062ce (0x6165) x 2 0x000001b0
core   0: 0x800062d0 (0xfe45ebe3) bltu    a1, tp, pc - 10
core   0: 3 0x800062d0 (0xfe45ebe3)
core   0: 0x800062c6 (0x00009afe) c.add   s5, t6
core   0: 3 0x800062c6 (0x9afe) x21 0x80021e79
core   0: 0x800062c8 (0x5c2bb993) sltiu   s3, s7, 1474
core   0: 3 0x800062c8 (0x5c2bb993) x19 0x00000000
core   0: 0x800062cc (0x00000585) c.addi  a1, 1
core   0: 3 0x800062cc (0x0585) x11 0x00000009
core   0: 0x800062ce (0x00006165) c.addi16sp sp, 112
core   0: 3 0x800062ce (0x6165) x 2 0x00000220
core   0: 0x800062d0 (0xfe45ebe3) bltu    a1, tp, pc - 10
core   0: 3 0x800062d0 (0xfe45ebe3)
core   0: 0x800062c6 (0x00009afe) c.add   s5, t6
core   0: 3 0x800062c6 (0x9afe) x21 0x80021e7a
core   0: 0x800062c8 (0x5c2bb993) sltiu   s3, s7, 1474
core   0: 3 0x800062c8 (0x5c2bb993) x19 0x00000000
core   0: 0x800062cc (0x00000585) c.addi  a1, 1
core   0: 3 0x800062cc (0x0585) x11 0x0000000a
core   0: 0x800062ce (0x00006165) c.addi16sp sp, 112
core   0: 3 0x800062ce (0x6165) x 2 0x00000290
core   0: 0x800062d0 (0xfe45ebe3) bltu    a1, tp, pc - 10
core   0: 3 0x800062d0 (0xfe45ebe3)
core   0: 0x800062c6 (0x00009afe) c.add   s5, t6
core   0: 3 0x800062c6 (0x9afe) x21 0x80021e7b
core   0: 0x800062c8 (0x5c2bb993) sltiu   s3, s7, 1474
core   0: 3 0x800062c8 (0x5c2bb993) x19 0x00000000
core   0: 0x800062cc (0x00000585) c.addi  a1, 1
core   0: 3 0x800062cc (0x0585) x11 0x0000000b
core   0: 0x800062ce (0x00006165) c.addi16sp sp, 112
core   0: 3 0x800062ce (0x6165) x 2 0x00000300
core   0: 0x800062d0 (0xfe45ebe3) bltu    a1, tp, pc - 10
core   0: 3 0x800062d0 (0xfe45ebe3)
core   0: 0x800062d4 (0x00008295) c.srli  a3, 5
core   0: 3 0x800062d4 (0x8295) x13 0x029d2b67
core   0: 0x800062d6 (0x0268cb33) div     s6, a7, t1
core   0: 3 0x800062d6 (0x0268cb33) x22 0x00000001
core   0: 0x800062da (0x017cea63) bltu    s9, s7, pc + 20
core   0: 3 0x800062da (0x017cea63)
core   0: 0x800062de (0x00284c63) blt     a6, sp, pc + 24
core   0: 3 0x800062de (0x00284c63)
core   0: 0x800062f6 (0x01229d33) sll     s10, t0, s2
core   0: 3 0x800062f6 (0x01229d33) x26 0xffff0004
core   0: 0x800062fa (0x00009eca) c.add   t4, s2
core   0: 3 0x800062fa (0x9eca) x29 0x00001200
core   0: 0x800062fc (0x000085cd) c.srai  a1, 19
core   0: 3 0x800062fc (0x85cd) x11 0x00000000
core   0: 0x800062fe (0x00009876) c.add   a6, t4
core   0: 3 0x800062fe (0x9876) x16 0x00001200
core   0: 0x80006300 (0x0000e2b9) c.bnez  a3, pc + 70
core   0: 3 0x80006300 (0xe2b9)
core   0: 0x80006346 (0x000089a9) c.andi  a1, 10
core   0: 3 0x80006346 (0x89a9) x11 0x00000000
core   0: 0x80006348 (0x0000639d) c.lui   t2, 0x7
core   0: 3 0x80006348 (0x639d) x 7 0x00007000
core   0: 0x8000634a (0x0000833d) c.srli  a4, 15
core   0: 3 0x8000634a (0x833d) x14 0x00000000
core   0: 0x8000634c (0x00000f2a) c.slli  t5, 10
core   0: 3 0x8000634c (0x0f2a) x30 0x73900000
core   0: 0x8000634e (0x011d7fb3) and     t6, s10, a7
core   0: 3 0x8000634e (0x011d7fb3) x31 0xccf80000
core   0: 0x80006352 (0x032a3cb3) mulhu   s9, s4, s2
core   0: 3 0x80006352 (0x032a3cb3) x25 0x00000000
core   0: 0x80006356 (0x00484733) xor     a4, a6, tp
core   0: 3 0x80006356 (0x00484733) x14 0x0000120b
core   0: 0x8000635a (0x03220cb3) mul     s9, tp, s2
core   0: 3 0x8000635a (0x03220cb3) x25 0x00000000
core   0: 0x8000635e (0x0273dfb3) divu    t6, t2, t2
core   0: 3 0x8000635e (0x0273dfb3) x31 0x00000001
core   0: 0x80006362 (0x410b53b3) sra     t2, s6, a6
core   0: 3 0x80006362 (0x410b53b3) x 7 0x00000001
core   0: 0x80006366 (0x03ffdf63) bge     t6, t6, pc + 62
core   0: 3 0x80006366 (0x03ffdf63)
core   0: 0x800063a4 (0x00524833) xor     a6, tp, t0
core   0: 3 0x800063a4 (0x00524833) x16 0xffff000f
core   0: 0x800063a8 (0x00008e05) c.sub   a2, s1
core   0: 3 0x800063a8 (0x8e05) x12 0x7ffda385
core   0: 0x800063aa (0x0000997d) c.andi  a0, -1
core   0: 3 0x800063aa (0x997d) x10 0x80025ce4
core   0: 0x800063ac (0x03d3a3b3) mulhsu  t2, t2, t4
core   0: 3 0x800063ac (0x03d3a3b3) x 7 0x00000000
core   0: 0x800063b0 (0x00006431) c.lui   s0, 0xc
core   0: 3 0x800063b0 (0x6431) x 8 0x0000c000
core   0: 0x800063b2 (0x00008aa1) c.andi  a3, 8
core   0: 3 0x800063b2 (0x8aa1) x13 0x00000000
core   0: 0x800063b4 (0x0000989a) c.add   a7, t1
core   0: 3 0x800063b4 (0x989a) x17 0xae9cd990
core   0: 0x800063b6 (0x00000100) c.addi4spn s0, sp, 128
core   0: 3 0x800063b6 (0x0100) x 8 0x00000380
core   0: 0x800063b8 (0x00008d29) c.xor   a0, a0
core   0: 3 0x800063b8 (0x8d29) x10 0x00000000
core   0: 0x800063ba (0x0000eb3d) c.bnez  a4, pc + 118
core   0: 3 0x800063ba (0xeb3d)
core   0: 0x80006430 (0x008fd513) srli    a0, t6, 8
core   0: 3 0x80006430 (0x008fd513) x10 0x00000000
core   0: 0x80006434 (0x00eea533) slt     a0, t4, a4
core   0: 3 0x80006434 (0x00eea533) x10 0x00000001
core   0: 0x80006438 (0x0326ef33) rem     t5, a3, s2
core   0: 3 0x80006438 (0x0326ef33) x30 0x00000000
core   0: 0x8000643c (0x0176d913) srli    s2, a3, 23
core   0: 3 0x8000643c (0x0176d913) x18 0x00000000
core   0: 0x80006440 (0xbcccc713) xori    a4, s9, -1076
core   0: 3 0x80006440 (0xbcccc713) x14 0xfffffbcc
core   0: 0x80006444 (0x00000cba) c.slli  s9, 14
core   0: 3 0x80006444 (0x0cba) x25 0x00000000
core   0: 0x80006446 (0x011633b3) sltu    t2, a2, a7
core   0: 3 0x80006446 (0x011633b3) x 7 0x00000001
core   0: 0x8000644a (0x0000ce91) c.beqz  a3, pc + 28
core   0: 3 0x8000644a (0xce91)
core   0: 0x80006466 (0x021596b3) mulh    a3, a1, ra
core   0: 3 0x80006466 (0x021596b3) x13 0x00000000
core   0: 0x8000646a (0x00000146) c.slli  sp, 17
core   0: 3 0x8000646a (0x0146) x 2 0x06000000
core   0: 0x8000646c (0xb82a4e93) xori    t4, s4, -1150
core   0: 3 0x8000646c (0xb82a4e93) x29 0x33079b82
core   0: 0x80006470 (0x0ff0000f) fence   iorw,iorw
core   0: 3 0x80006470 (0x0ff0000f)
core   0: 0x80006474 (0x0000100f) fence.i
core   0: 3 0x80006474 (0x0000100f)
core   0: 0x80006478 (0x03c61cb3) mulh    s9, a2, t3
core   0: 3 0x80006478 (0x03c61cb3) x25 0x00000000
core   0: 0x8000647c (0x03d91633) mulh    a2, s2, t4
core   0: 3 0x8000647c (0x03d91633) x12 0x00000000
core   0: 0x80006480 (0x01e25263) bge     tp, t5, pc + 4
core   0: 3 0x80006480 (0x01e25263)
core   0: 0x80006484 (0x40d35d13) srai    s10, t1, 13
core   0: 3 0x80006484 (0x40d35d13) x26 0xffff0d23
core   0: 0x80006488 (0x0000717d) c.addi16sp sp, -16
core   0: 3 0x80006488 (0x717d) x 2 0x05fffff0
core   0: 0x8000648a (0x1dd60a97) auipc   s5, 0x1dd60
core   0: 3 0x8000648a (0x1dd60a97) x21 0x9dd6648a
core   0: 0x8000648e (0x00f78e63) beq     a5, a5, pc + 28
core   0: 3 0x8000648e (0x00f78e63)
core   0: 0x800064aa (0x0226e1b3) rem     gp, a3, sp
core   0: 3 0x800064aa (0x0226e1b3) x 3 0x00000000
core   0: 0x800064ae (0x0ff0000f) fence   iorw,iorw
core   0: 3 0x800064ae (0x0ff0000f)
core   0: 0x800064b2 (0x038d2933) mulhsu  s2, s10, s8
core   0: 3 0x800064b2 (0x038d2933) x18 0x00000000
core   0: 0x800064b6 (0x01c9b9b3) sltu    s3, s3, t3
core   0: 3 0x800064b6 (0x01c9b9b3) x19 0x00000000
core   0: 0x800064ba (0x01821033) sll     zero, tp, s8
core   0: 3 0x800064ba (0x01821033)
core   0: 0x800064be (0x0000717d) c.addi16sp sp, -16
core   0: 3 0x800064be (0x717d) x 2 0x05ffffe0
core   0: 0x800064c0 (0x000090ee) c.add   ra, s11
core   0: 3 0x800064c0 (0x90ee) x 1 0xfffff99b
core   0: 0x800064c2 (0x4101a113) slti    sp, gp, 1040
core   0: 3 0x800064c2 (0x4101a113) x 2 0x00000001
core   0: 0x800064c6 (0x05404063) blt     zero, s4, pc + 64
core   0: 3 0x800064c6 (0x05404063)
core   0: 0x800064ca (0x00008715) c.srai  a4, 5
core   0: 3 0x800064ca (0x8715) x14 0xffffffde
core   0: 0x800064cc (0x03d99933) mulh    s2, s3, t4
core   0: 3 0x800064cc (0x03d99933) x18 0x00000000
core   0: 0x800064d0 (0x029213b3) mulh    t2, tp, s1
core   0: 3 0x800064d0 (0x029213b3) x 7 0xfffffffa
core   0: 0x800064d4 (0x00008f4d) c.or    a4, a1
core   0: 3 0x800064d4 (0x8f4d) x14 0xffffffde
core   0: 0x800064d6 (0x00008e2d) c.xor   a2, a1
core   0: 3 0x800064d6 (0x8e2d) x12 0x00000000
core   0: 0x800064d8 (0x02ccc933) div     s2, s9, a2
core   0: 3 0x800064d8 (0x02ccc933) x18 0xffffffff
core   0: 0x800064dc (0x81208d13) addi    s10, ra, -2030
core   0: 3 0x800064dc (0x81208d13) x26 0xfffff1ad
core   0: 0x800064e0 (0x00008c15) c.sub   s0, a3
core   0: 3 0x800064e0 (0x8c15) x 8 0x00000380
core   0: 0x800064e2 (0x0000c029) c.beqz  s0, pc + 66
core   0: 3 0x800064e2 (0xc029)
core   0: 0x800064e4 (0xeefe4993) xori    s3, t3, -273
core   0: 3 0x800064e4 (0xeefe4993) x19 0xfffffeef
core   0: 0x800064e8 (0x0000587d) c.li    a6, -1
core   0: 3 0x800064e8 (0x587d) x16 0xffffffff
core   0: 0x800064ea (0x166f8fb7) lui     t6, 0x166f8
core   0: 3 0x800064ea (0x166f8fb7) x31 0x166f8000
core   0: 0x800064ee (0x106f3d93) sltiu   s11, t5, 262
core   0: 3 0x800064ee (0x106f3d93) x27 0x00000001
core   0: 0x800064f2 (0x029cfcb3) remu    s9, s9, s1
core   0: 3 0x800064f2 (0x029cfcb3) x25 0x00000000
core   0: 0x800064f6 (0x40953893) sltiu   a7, a0, 1033
core   0: 3 0x800064f6 (0x40953893) x17 0x00000001
core   0: 0x800064fa (0x02d079b3) remu    s3, zero, a3
core   0: 3 0x800064fa (0x02d079b3) x19 0x00000000
core   0: 0x800064fe (0x0ff0000f) fence   iorw,iorw
core   0: 3 0x800064fe (0x0ff0000f)
core   0: 0x80006502 (0xeb1f3113) sltiu   sp, t5, -335
core   0: 3 0x80006502 (0xeb1f3113) x 2 0x00000001
core   0: 0x80006506 (0x01892433) slt     s0, s2, s8
core   0: 3 0x80006506 (0x01892433) x 8 0x00000001
core   0: 0x8000650a (0x00009af6) c.add   s5, t4
core   0: 3 0x8000650a (0x9af6) x21 0xd0de000c
core   0: 0x8000650c (0x00001c08) c.addi4spn a0, sp, 560
core   0: 3 0x8000650c (0x1c08) x10 0x00000231
core   0: 0x8000650e (0x01eb6eb3) or      t4, s6, t5
core   0: 3 0x8000650e (0x01eb6eb3) x29 0x00000001
core   0: 0x80006512 (0x00008f05) c.sub   a4, s1
core   0: 3 0x80006512 (0x8f05) x14 0x7ffda2fa
core   0: 0x80006514 (0x0066e033) or      zero, a3, t1
core   0: 3 0x80006514 (0x0066e033)
core   0: 0x80006518 (0x00789533) sll     a0, a7, t2
core   0: 3 0x80006518 (0x00789533) x10 0x04000000
core   0: 0x8000651c (0xa9c9f593) andi    a1, s3, -1380
core   0: 3 0x8000651c (0xa9c9f593) x11 0x00000000
core   0: 0x80006520 (0xdbe6cf13) xori    t5, a3, -578
core   0: 3 0x80006520 (0xdbe6cf13) x30 0xfffffdbe
core   0: 0x80006524 (0x01a0d513) srli    a0, ra, 26
core   0: 3 0x80006524 (0x01a0d513) x10 0x0000003f
core   0: 0x80006528 (0x00004f4d) c.li    t5, 19
core   0: 3 0x80006528 (0x4f4d) x30 0x00000013
core   0: 0x8000652a (0x00008e99) c.sub   a3, a4
core   0: 3 0x8000652a (0x8e99) x13 0x80025d06
core   0: 0x8000652c (0x1e7ab813) sltiu   a6, s5, 487
core   0: 3 0x8000652c (0x1e7ab813) x16 0x00000000
core   0: 0x80006530 (0x40ead813) srai    a6, s5, 14
core   0: 3 0x80006530 (0x40ead813) x16 0xffff4378
core   0: 0x80006534 (0x40ecdcb3) sra     s9, s9, a4
core   0: 3 0x80006534 (0x40ecdcb3) x25 0x00000000
core   0: 0x80006538 (0x3b6fa513) slti    a0, t6, 950
core   0: 3 0x80006538 (0x3b6fa513) x10 0x00000000
core   0: 0x8000653c (0x00280263) beq     a6, sp, pc + 4
core   0: 3 0x8000653c (0x00280263)
core   0: 0x80006540 (0x015a8e63) beq     s5, s5, pc + 28
core   0: 3 0x80006540 (0x015a8e63)
core   0: 0x8000655c (0x005be963) bltu    s7, t0, pc + 18
core   0: 3 0x8000655c (0x005be963)
core   0: 0x8000656e (0x0000038c) c.addi4spn a1, sp, 448
core   0: 3 0x8000656e (0x038c) x11 0x000001c1
core   0: 0x80006570 (0x01c6b833) sltu    a6, a3, t3
core   0: 3 0x80006570 (0x01c6b833) x16 0x00000000
core   0: 0x80006574 (0x41355693) srai    a3, a0, 19
core   0: 3 0x80006574 (0x41355693) x13 0x00000000
core   0: 0x80006578 (0x0000ca0d) c.beqz  a2, pc + 50
core   0: 3 0x80006578 (0xca0d)
core   0: 0x800065aa (0x00008b79) c.andi  a4, 30
core   0: 3 0x800065aa (0x8b79) x14 0x0000001a
core   0: 0x800065ac (0x021b1d63) bne     s6, ra, pc + 58
core   0: 3 0x800065ac (0x021b1d63)
core   0: 0x800065e6 (0x00000001) c.nop
core   0: 3 0x800065e6 (0x0001)
core   0: 0x800065e8 (0x00008c49) c.or    s0, a0
core   0: 3 0x800065e8 (0x8c49) x 8 0x00000001
core   0: 0x800065ea (0x0ff0000f) fence   iorw,iorw
core   0: 3 0x800065ea (0x0ff0000f)
core   0: 0x800065ee (0x00606633) or      a2, zero, t1
core   0: 3 0x800065ee (0x00606633) x12 0xe1a47990
core   0: 0x800065f2 (0x0000997d) c.andi  a0, -1
core   0: 3 0x800065f2 (0x997d) x10 0x00000000
core   0: 0x800065f4 (0x4fb2c293) xori    t0, t0, 1275
core   0: 3 0x800065f4 (0x4fb2c293) x 5 0xffff04ff
core   0: 0x800065f8 (0x000006e6) c.slli  a3, 25
core   0: 3 0x800065f8 (0x06e6) x13 0x00000000
core   0: 0x800065fa (0x00e4e563) bltu    s1, a4, pc + 10
core   0: 3 0x800065fa (0x00e4e563)
core   0: 0x800065fe (0x0000717d) c.addi16sp sp, -16
core   0: 3 0x800065fe (0x717d) x 2 0xfffffff1
core   0: 0x80006600 (0x02dd4e33) div     t3, s10, a3
core   0: 3 0x80006600 (0x02dd4e33) x28 0xffffffff
core   0: 0x80006604 (0x0352d533) divu    a0, t0, s5
core   0: 3 0x80006604 (0x0352d533) x10 0x00000001
core   0: 0x80006608 (0x29e52993) slti    s3, a0, 670
core   0: 3 0x80006608 (0x29e52993) x19 0x00000001
core   0: 0x8000660c (0x00006135) c.addi16sp sp, 352
core   0: 3 0x8000660c (0x6135) x 2 0x00000151
core   0: 0x8000660e (0x02446963) bltu    s0, tp, pc + 50
core   0: 3 0x8000660e (0x02446963)
core   0: 0x80006640 (0x00006111) c.addi16sp sp, 256
core   0: 3 0x80006640 (0x6111) x 2 0x00000251
core   0: 0x80006642 (0x007f8263) beq     t6, t2, pc + 4
core   0: 3 0x80006642 (0x007f8263)
core   0: 0x80006646 (0x027262b3) rem     t0, tp, t2
core   0: 3 0x80006646 (0x027262b3) x 5 0x00000005
core   0: 0x8000664a (0x000001d5) c.addi  gp, 21
core   0: 3 0x8000664a (0x01d5) x 3 0x00000015
core   0: 0x8000664c (0xe08c2413) slti    s0, s8, -504
core   0: 3 0x8000664c (0xe08c2413) x 8 0x00000000
core   0: 0x80006650 (0x02016663) bltu    sp, zero, pc + 44
core   0: 3 0x80006650 (0x02016663)
core   0: 0x80006654 (0x037cc5b3) div     a1, s9, s7
core   0: 3 0x80006654 (0x037cc5b3) x11 0x00000000
core   0: 0x80006658 (0x00000c14) c.addi4spn a3, sp, 528
core   0: 3 0x80006658 (0x0c14) x13 0x00000461
core   0: 0x8000665a (0x000085e9) c.srai  a1, 26
core   0: 3 0x8000665a (0x85e9) x11 0x00000000
core   0: 0x8000665c (0x00008de9) c.and   a1, a0
core   0: 3 0x8000665c (0x8de9) x11 0x00000000
core   0: 0x8000665e (0x02520a33) mul     s4, tp, t0
core   0: 3 0x8000665e (0x02520a33) x20 0x00000037
core   0: 0x80006662 (0x0302eb33) rem     s6, t0, a6
core   0: 3 0x80006662 (0x0302eb33) x22 0x00000005
core   0: 0x80006666 (0x02abda63) bge     s7, a0, pc + 52
core   0: 3 0x80006666 (0x02abda63)
core   0: 0x8000666a (0x415bdf33) sra     t5, s7, s5
core   0: 3 0x8000666a (0x415bdf33) x30 0xfff80021
core   0: 0x8000666e (0x0178e3b3) or      t2, a7, s7
core   0: 3 0x8000666e (0x0178e3b3) x 7 0x80021e65
core   0: 0x80006672 (0x00c09c63) bne     ra, a2, pc + 24
core   0: 3 0x80006672 (0x00c09c63)
core   0: 0x8000668a (0x400cda13) srai    s4, s9, 0
core   0: 3 0x8000668a (0x400cda13) x20 0x00000000
core   0: 0x8000668e (0x00008c59) c.or    s0, a4
core   0: 3 0x8000668e (0x8c59) x 8 0x0000001a
core   0: 0x80006690 (0x00ce3a33) sltu    s4, t3, a2
core   0: 3 0x80006690 (0x00ce3a33) x20 0x00000000
core   0: 0x80006694 (0x00925913) srli    s2, tp, 9
core   0: 3 0x80006694 (0x00925913) x18 0x00000000
core   0: 0x80006698 (0x00000d8c) c.addi4spn a1, sp, 720
core   0: 3 0x80006698 (0x0d8c) x11 0x00000521
core   0: 0x8000669a (0x000082aa) c.mv    t0, a0
core   0: 3 0x8000669a (0x82aa) x 5 0x00000001
core   0: 0x8000669c (0x008ec5b3) xor     a1, t4, s0
core   0: 3 0x8000669c (0x008ec5b3) x11 0x0000001b
core   0: 0x800066a0 (0x0f475a63) bge     a4, s4, pc + 244
core   0: 3 0x800066a0 (0x0f475a63)
core   0: 0x80006794 (0x02e2d233) divu    tp, t0, a4
core   0: 3 0x80006794 (0x02e2d233) x 4 0x00000000
core   0: 0x80006798 (0x00ab9713) slli    a4, s7, 10
core   0: 3 0x80006798 (0x00ab9713) x14 0x08799000
core   0: 0x8000679c (0x00008025) c.srli  s0, 9
core   0: 3 0x8000679c (0x8025) x 8 0x00000000
core   0: 0x8000679e (0x00004f55) c.li    t5, 21
core   0: 3 0x8000679e (0x4f55) x30 0x00000015
core   0: 0x800067a0 (0x01313cb3) sltu    s9, sp, s3
core   0: 3 0x800067a0 (0x01313cb3) x25 0x00000000
core   0: 0x800067a4 (0x00008ef1) c.and   a3, a2
core   0: 3 0x800067a4 (0x8ef1) x13 0x00000000
core   0: 0x800067a6 (0x41e388b3) sub     a7, t2, t5
core   0: 3 0x800067a6 (0x41e388b3) x17 0x80021e50
core   0: 0x800067aa (0xb4f2f913) andi    s2, t0, -1201
core   0: 3 0x800067aa (0xb4f2f913) x18 0x00000001
core   0: 0x800067ae (0x023079b3) remu    s3, zero, gp
core   0: 3 0x800067ae (0x023079b3) x19 0x00000000
core   0: 0x800067b2 (0x00547133) and     sp, s0, t0
core   0: 3 0x800067b2 (0x00547133) x 2 0x00000000
core   0: 0x800067b6 (0x02ae40b3) div     ra, t3, a0
core   0: 3 0x800067b6 (0x02ae40b3) x 1 0xffffffff
core   0: 0x800067ba (0x6c8f6613) ori     a2, t5, 1736
core   0: 3 0x800067ba (0x6c8f6613) x12 0x000006dd
core   0: 0x800067be (0x0000717d) c.addi16sp sp, -16
core   0: 3 0x800067be (0x717d) x 2 0xfffffff0
core   0: 0x800067c0 (0x40a8d913) srai    s2, a7, 10
core   0: 3 0x800067c0 (0x40a8d913) x18 0xffe00087
core   0: 0x800067c4 (0x0000100f) fence.i
core   0: 3 0x800067c4 (0x0000100f)
core   0: 0x800067c8 (0xc5fe6693) ori     a3, t3, -929
core   0: 3 0x800067c8 (0xc5fe6693) x13 0xffffffff
core   0: 0x800067cc (0x03d5d6b3) divu    a3, a1, t4
core   0: 3 0x800067cc (0x03d5d6b3) x13 0x0000001b
core   0: 0x800067d0 (0x000092da) c.add   t0, s6
core   0: 3 0x800067d0 (0x92da) x 5 0x00000006
core   0: 0x800067d2 (0x02f76663) bltu    a4, a5, pc + 44
core   0: 3 0x800067d2 (0x02f76663)
core   0: 0x800067fe (0x010a52b3) srl     t0, s4, a6
core   0: 3 0x800067fe (0x010a52b3) x 5 0x00000000
core   0: 0x80006802 (0x00008f39) c.xor   a4, a4
core   0: 3 0x80006802 (0x8f39) x14 0x00000000
core   0: 0x80006804 (0x00008dfd) c.and   a1, a5
core   0: 3 0x80006804 (0x8dfd) x11 0x00000000
core   0: 0x80006806 (0x00009aaa) c.add   s5, a0
core   0: 3 0x80006806 (0x9aaa) x21 0xd0de000d
core   0: 0x80006808 (0x9ce93d13) sltiu   s10, s2, -1586
core   0: 3 0x80006808 (0x9ce93d13) x26 0x00000001
core   0: 0x8000680c (0x04955063) bge     a0, s1, pc + 64
core   0: 3 0x8000680c (0x04955063)
core   0: 0x8000684c (0x0000c60d) c.beqz  a2, pc + 42
core   0: 3 0x8000684c (0xc60d)
core   0: 0x8000684e (0x0000100f) fence.i
core   0: 3 0x8000684e (0x0000100f)
core   0: 0x80006852 (0x002e6733) or      a4, t3, sp
core   0: 3 0x80006852 (0x002e6733) x14 0xffffffff
core   0: 0x80006856 (0x01530863) beq     t1, s5, pc + 16
core   0: 3 0x80006856 (0x01530863)
core   0: 0x8000685a (0x0000e015) c.bnez  s0, pc + 36
core   0: 3 0x8000685a (0xe015)
core   0: 0x8000685c (0x01ad9c33) sll     s8, s11, s10
core   0: 3 0x8000685c (0x01ad9c33) x24 0x00000002
core   0: 0x80006860 (0x00008d21) c.xor   a0, s0
core   0: 3 0x80006860 (0x8d21) x10 0x00000001
core   0: 0x80006862 (0x00a29913) slli    s2, t0, 10
core   0: 3 0x80006862 (0x00a29913) x18 0x00000000
core   0: 0x80006866 (0x41e50e33) sub     t3, a0, t5
core   0: 3 0x80006866 (0x41e50e33) x28 0xffffffec
core   0: 0x8000686a (0x00923733) sltu    a4, tp, s1
core   0: 3 0x8000686a (0x00923733) x14 0x00000001
core   0: 0x8000686e (0x0ff0000f) fence   iorw,iorw
core   0: 3 0x8000686e (0x0ff0000f)
core   0: 0x80006872 (0x01bdecb3) or      s9, s11, s11
core   0: 3 0x80006872 (0x01bdecb3) x25 0x00000001
core   0: 0x80006876 (0x03cdf733) remu    a4, s11, t3
core   0: 3 0x80006876 (0x03cdf733) x14 0x00000001
core   0: 0x8000687a (0x00b908b3) add     a7, s2, a1
core   0: 3 0x8000687a (0x00b908b3) x17 0x00000000
core   0: 0x8000687e (0x417f5b13) srai    s6, t5, 23
core   0: 3 0x8000687e (0x417f5b13) x22 0x00000000
core   0: 0x80006882 (0x0000100f) fence.i
core   0: 3 0x80006882 (0x0000100f)
core   0: 0x80006886 (0x00008c4d) c.or    s0, a1
core   0: 3 0x80006886 (0x8c4d) x 8 0x00000000
core   0: 0x80006888 (0x02f26463) bltu    tp, a5, pc + 40
core   0: 3 0x80006888 (0x02f26463)
core   0: 0x800068b0 (0x000063d5) c.lui   t2, 0x15
core   0: 3 0x800068b0 (0x63d5) x 7 0x00015000
core   0: 0x800068b2 (0x000086d1) c.srai  a3, 20
core   0: 3 0x800068b2 (0x86d1) x13 0x00000000
core   0: 0x800068b4 (0x00008429) c.srai  s0, 10
core   0: 3 0x800068b4 (0x8429) x 8 0x00000000
core   0: 0x800068b6 (0x098d2a93) slti    s5, s10, 152
core   0: 3 0x800068b6 (0x098d2a93) x21 0x00000001
core   0: 0x800068ba (0x10cf0697) auipc   a3, 0x10cf0
core   0: 3 0x800068ba (0x10cf0697) x13 0x90cf68ba
core   0: 0x800068be (0x00008d75) c.and   a0, a3
core   0: 3 0x800068be (0x8d75) x10 0x00000000
core   0: 0x800068c0 (0x01478fb3) add     t6, a5, s4
core   0: 3 0x800068c0 (0x01478fb3) x31 0x80000000
core   0: 0x800068c4 (0x02b76663) bltu    a4, a1, pc + 44
core   0: 3 0x800068c4 (0x02b76663)
core   0: 0x800068c8 (0x0000881d) c.andi  s0, 7
core   0: 3 0x800068c8 (0x881d) x 8 0x00000000
core   0: 0x800068ca (0x00009b62) c.add   s6, s8
core   0: 3 0x800068ca (0x9b62) x22 0x00000002
core   0: 0x800068cc (0x0000597d) c.li    s2, -1
core   0: 3 0x800068cc (0x597d) x18 0xffffffff
core   0: 0x800068ce (0x418d8533) sub     a0, s11, s8
core   0: 3 0x800068ce (0x418d8533) x10 0xffffffff
core   0: 0x800068d2 (0x00000100) c.addi4spn s0, sp, 128
core   0: 3 0x800068d2 (0x0100) x 8 0x00000070
core   0: 0x800068d4 (0x00008c45) c.or    s0, s1
core   0: 3 0x800068d4 (0x8c45) x 8 0x80025cf4
core   0: 0x800068d6 (0x9459a937) lui     s2, 0x9459a
core   0: 3 0x800068d6 (0x9459a937) x18 0x9459a000
core   0: 0x800068da (0x036d1e33) mulh    t3, s10, s6
core   0: 3 0x800068da (0x036d1e33) x28 0x00000000
core   0: 0x800068de (0x00f385b3) add     a1, t2, a5
core   0: 3 0x800068de (0x00f385b3) x11 0x80015000
core   0: 0x800068e2 (0x00048233) add     tp, s1, zero
core   0: 3 0x800068e2 (0x00048233) x 4 0x80025ce4
core   0: 0x800068e6 (0x00dd9863) bne     s11, a3, pc + 16
core   0: 3 0x800068e6 (0x00dd9863)
core   0: 0x800068f6 (0x00000c94) c.addi4spn a3, sp, 592
core   0: 3 0x800068f6 (0x0c94) x13 0x00000240
core   0: 0x800068f8 (0x030e9d33) mulh    s10, t4, a6
core   0: 3 0x800068f8 (0x030e9d33) x26 0x00000000
core   0: 0x800068fc (0x034340b3) div     ra, t1, s4
core   0: 3 0x800068fc (0x034340b3) x 1 0xffffffff
core   0: 0x80006900 (0x00008f55) c.or    a4, a3
core   0: 3 0x80006900 (0x8f55) x14 0x00000241
core   0: 0x80006902 (0x000081f5) c.srli  a1, 29
core   0: 3 0x80006902 (0x81f5) x11 0x00000004
core   0: 0x80006904 (0x00008dad) c.xor   a1, a1
core   0: 3 0x80006904 (0x8dad) x11 0x00000000
core   0: 0x80006906 (0x017ed6b3) srl     a3, t4, s7
core   0: 3 0x80006906 (0x017ed6b3) x13 0x00000000
core   0: 0x8000690a (0x035c6333) rem     t1, s8, s5
core   0: 3 0x8000690a (0x035c6333) x 6 0x00000000
core   0: 0x8000690e (0x0169e133) or      sp, s3, s6
core   0: 3 0x8000690e (0x0169e133) x 2 0x00000002
core   0: 0x80006912 (0x0000093a) c.slli  s2, 14
core   0: 3 0x80006912 (0x093a) x18 0x68000000
core   0: 0x80006914 (0x00006159) c.addi16sp sp, 400
core   0: 3 0x80006914 (0x6159) x 2 0x00000192
core   0: 0x80006916 (0x02fc50b3) divu    ra, s8, a5
core   0: 3 0x80006916 (0x02fc50b3) x 1 0x00000000
core   0: 0x8000691a (0x02361c63) bne     a2, gp, pc + 56
core   0: 3 0x8000691a (0x02361c63)
core   0: 0x80006952 (0x003fd613) srli    a2, t6, 3
core   0: 3 0x80006952 (0x003fd613) x12 0x10000000
core   0: 0x80006956 (0x00cc4533) xor     a0, s8, a2
core   0: 3 0x80006956 (0x00cc4533) x10 0x10000002
core   0: 0x8000695a (0x13e50c13) addi    s8, a0, 318
core   0: 3 0x8000695a (0x13e50c13) x24 0x10000140
core   0: 0x8000695e (0x015f9393) slli    t2, t6, 21
core   0: 3 0x8000695e (0x015f9393) x 7 0x00000000
core   0: 0x80006962 (0x22c44a93) xori    s5, s0, 556
core   0: 3 0x80006962 (0x22c44a93) x21 0x80025ed8
core   0: 0x80006966 (0x029a5763) bge     s4, s1, pc + 46
core   0: 3 0x80006966 (0x029a5763)
core   0: 0x80006994 (0xc6e80893) addi    a7, a6, -914
core   0: 3 0x80006994 (0xc6e80893) x17 0xfffffc6e
core   0: 0x80006998 (0x41bede93) srai    t4, t4, 27
core   0: 3 0x80006998 (0x41bede93) x29 0x00000000
core   0: 0x8000699c (0x0000cc0d) c.beqz  s0, pc + 58
core   0: 3 0x8000699c (0xcc0d)
core   0: 0x8000699e (0x04d51063) bne     a0, a3, pc + 64
core   0: 3 0x8000699e (0x04d51063)
core   0: 0x800069de (0x0331d2b3) divu    t0, gp, s3
core   0: 3 0x800069de (0x0331d2b3) x 5 0xffffffff
core   0: 0x800069e2 (0x03cd2e13) slti    t3, s10, 60
core   0: 3 0x800069e2 (0x03cd2e13) x28 0x00000001
core   0: 0x800069e6 (0x00fb19b3) sll     s3, s6, a5
core   0: 3 0x800069e6 (0x00fb19b3) x19 0x00000002
core   0: 0x800069ea (0x001f1cb3) sll     s9, t5, ra
core   0: 3 0x800069ea (0x001f1cb3) x25 0x00000015
core   0: 0x800069ee (0x000055fd) c.li    a1, -1
core   0: 3 0x800069ee (0x55fd) x11 0xffffffff
core   0: 0x800069f0 (0x00006d05) c.lui   s10, 0x1
core   0: 3 0x800069f0 (0x6d05) x26 0x00001000
core   0: 0x800069f2 (0x00008dd1) c.or    a1, a2
core   0: 3 0x800069f2 (0x8dd1) x11 0xffffffff
core   0: 0x800069f4 (0x01009033) sll     zero, ra, a6
core   0: 3 0x800069f4 (0x01009033)
core   0: 0x800069f8 (0x0000ee81) c.bnez  a3, pc + 24
core   0: 3 0x800069f8 (0xee81)
core   0: 0x800069fa (0x024c5533) divu    a0, s8, tp
core   0: 3 0x800069fa (0x024c5533) x10 0x00000000
core   0: 0x800069fe (0x0000987d) c.andi  s0, -1
core   0: 3 0x800069fe (0x987d) x 8 0x80025cf4
core   0: 0x80006a00 (0x00008685) c.srai  a3, 1
core   0: 3 0x80006a00 (0x8685) x13 0x00000000
core   0: 0x80006a02 (0x00008051) c.srli  s0, 20
core   0: 3 0x80006a02 (0x8051) x 8 0x00000800
core   0: 0x80006a04 (0x02010363) beqz    sp, pc + 38
core   0: 3 0x80006a04 (0x02010363)
core   0: 0x80006a08 (0x03a0ff63) bgeu    ra, s10, pc + 62
core   0: 3 0x80006a08 (0x03a0ff63)
core   0: 0x80006a0c (0x001161b3) or      gp, sp, ra
core   0: 3 0x80006a0c (0x001161b3) x 3 0x00000192
core   0: 0x80006a10 (0x00008eb9) c.xor   a3, a4
core   0: 3 0x80006a10 (0x8eb9) x13 0x00000241
core   0: 0x80006a12 (0x01adfd33) and     s10, s11, s10
core   0: 3 0x80006a12 (0x01adfd33) x26 0x00000000
core   0: 0x80006a16 (0x000060e9) c.lui   ra, 0x1a
core   0: 3 0x80006a16 (0x60e9) x 1 0x0001a000
core   0: 0x80006a18 (0x0000067a) c.slli  a2, 30
core   0: 3 0x80006a18 (0x067a) x12 0x00000000
core   0: 0x80006a1a (0x036f9363) bne     t6, s6, pc + 38
core   0: 3 0x80006a1a (0x036f9363)
core   0: 0x80006a40 (0xc4792437) lui     s0, 0xc4792
core   0: 3 0x80006a40 (0xc4792437) x 8 0xc4792000
core   0: 0x80006a44 (0x00008f7a) c.mv    t5, t5
core   0: 3 0x80006a44 (0x8f7a) x30 0x00000015
core   0: 0x80006a46 (0x0000100f) fence.i
core   0: 3 0x80006a46 (0x0000100f)
core   0: 0x80006a4a (0x003219b3) sll     s3, tp, gp
core   0: 3 0x80006a4a (0x003219b3) x19 0x73900000
core   0: 0x80006a4e (0x03d021b3) mulhsu  gp, zero, t4
core   0: 3 0x80006a4e (0x03d021b3) x 3 0x00000000
core   0: 0x80006a52 (0x00cf89b3) add     s3, t6, a2
core   0: 3 0x80006a52 (0x00cf89b3) x19 0x80000000
core   0: 0x80006a56 (0x00000c1a) c.slli  s8, 6
core   0: 3 0x80006a56 (0x0c1a) x24 0x00005000
core   0: 0x80006a58 (0x1b220637) lui     a2, 0x1b220
core   0: 3 0x80006a58 (0x1b220637) x12 0x1b220000
core   0: 0x80006a5c (0x00000001) c.nop
core   0: 3 0x80006a5c (0x0001)
core   0: 0x80006a5e (0x33b6af93) slti    t6, a3, 827
core   0: 3 0x80006a5e (0x33b6af93) x31 0x00000001
core   0: 0x80006a62 (0x01599f93) slli    t6, s3, 21
core   0: 3 0x80006a62 (0x01599f93) x31 0x00000000
core   0: 0x80006a66 (0x002d7a33) and     s4, s10, sp
core   0: 3 0x80006a66 (0x002d7a33) x20 0x00000000
core   0: 0x80006a6a (0x396a8c13) addi    s8, s5, 918
core   0: 3 0x80006a6a (0x396a8c13) x24 0x8002626e
core   0: 0x80006a6e (0x00c196b3) sll     a3, gp, a2
core   0: 3 0x80006a6e (0x00c196b3) x13 0x00000000
core   0: 0x80006a72 (0x01955b33) srl     s6, a0, s9
core   0: 3 0x80006a72 (0x01955b33) x22 0x00000000
core   0: 0x80006a76 (0x028c0833) mul     a6, s8, s0
core   0: 3 0x80006a76 (0x028c0833) x16 0x0a4bc000
core   0: 0x80006a7a (0x00124133) xor     sp, tp, ra
core   0: 3 0x80006a7a (0x00124133) x 2 0x8003fce4
core   0: 0x80006a7e (0x00008c51) c.or    s0, a2
core   0: 3 0x80006a7e (0x8c51) x 8 0xdf7b2000
core   0: 0x80006a80 (0x9c849437) lui     s0, 0x9c849
core   0: 3 0x80006a80 (0x9c849437) x 8 0x9c849000
core   0: 0x80006a84 (0x025866b3) rem     a3, a6, t0
core   0: 3 0x80006a84 (0x025866b3) x13 0x00000000
core   0: 0x80006a88 (0x00e046b3) xor     a3, zero, a4
core   0: 3 0x80006a88 (0x00e046b3) x13 0x00000241
core   0: 0x80006a8c (0x00008839) c.andi  s0, 14
core   0: 3 0x80006a8c (0x8839) x 8 0x00000000
core   0: 0x80006a8e (0x00000001) c.nop
core   0: 3 0x80006a8e (0x0001)
core   0: 0x80006a90 (0x41b405b3) sub     a1, s0, s11
core   0: 3 0x80006a90 (0x41b405b3) x11 0xffffffff
core   0: 0x80006a94 (0x0000cd09) c.beqz  a0, pc + 26
core   0: 3 0x80006a94 (0xcd09)
core   0: 0x80006aae (0x77f08513) addi    a0, ra, 1919
core   0: 3 0x80006aae (0x77f08513) x10 0x0001a77f
core   0: 0x80006ab2 (0x027a1e63) bne     s4, t2, pc + 60
core   0: 3 0x80006ab2 (0x027a1e63)
core   0: 0x80006ab6 (0x407e0933) sub     s2, t3, t2
core   0: 3 0x80006ab6 (0x407e0933) x18 0x00000001
core   0: 0x80006aba (0x41028433) sub     s0, t0, a6
core   0: 3 0x80006aba (0x41028433) x 8 0xf5b43fff
core   0: 0x80006abe (0x00000001) c.nop
core   0: 3 0x80006abe (0x0001)
core   0: 0x80006ac0 (0x0ff0000f) fence   iorw,iorw
core   0: 3 0x80006ac0 (0x0ff0000f)
core   0: 0x80006ac4 (0xace8b693) sltiu   a3, a7, -1330
core   0: 3 0x80006ac4 (0xace8b693) x13 0x00000000
core   0: 0x80006ac8 (0x00001500) c.addi4spn s0, sp, 672
core   0: 3 0x80006ac8 (0x1500) x 8 0x8003ff84
core   0: 0x80006aca (0x01ca6693) ori     a3, s4, 28
core   0: 3 0x80006aca (0x01ca6693) x13 0x0000001c
core   0: 0x80006ace (0x50b60a97) auipc   s5, 0x50b60
core   0: 3 0x80006ace (0x50b60a97) x21 0xd0b66ace
core   0: 0x80006ad2 (0x00008d5d) c.or    a0, a5
core   0: 3 0x80006ad2 (0x8d5d) x10 0x8001a77f
core   0: 0x80006ad4 (0x01f49293) slli    t0, s1, 31
core   0: 3 0x80006ad4 (0x01f49293) x 5 0x00000000
core   0: 0x80006ad8 (0x2253ea93) ori     s5, t2, 549
core   0: 3 0x80006ad8 (0x2253ea93) x21 0x00000225
core   0: 0x80006adc (0x4199ddb3) sra     s11, s3, s9
core   0: 3 0x80006adc (0x4199ddb3) x27 0xfffffc00
core   0: 0x80006ae0 (0x03e190b3) mulh    ra, gp, t5
core   0: 3 0x80006ae0 (0x03e190b3) x 1 0x00000000
core   0: 0x80006ae4 (0xacbb7713) andi    a4, s6, -1333
core   0: 3 0x80006ae4 (0xacbb7713) x14 0x00000000
core   0: 0x80006ae8 (0x0028c6b3) xor     a3, a7, sp
core   0: 3 0x80006ae8 (0x0028c6b3) x13 0x7ffc008a
core   0: 0x80006aec (0x000091ba) c.add   gp, a4
core   0: 3 0x80006aec (0x91ba) x 3 0x00000000
core   0: 0x80006aee (0x00004c29) c.li    s8, 10
core   0: 3 0x80006aee (0x4c29) x24 0x0000000a
core   0: 0x80006af0 (0x014705b3) add     a1, a4, s4
core   0: 3 0x80006af0 (0x014705b3) x11 0x00000000
core   0: 0x80006af4 (0x00008ded) c.and   a1, a1
core   0: 3 0x80006af4 (0x8ded) x11 0x00000000
core   0: 0x80006af6 (0x0788e363) bltu    a7, s8, pc + 102
core   0: 3 0x80006af6 (0x0788e363)
core   0: 0x80006afa (0x06eae763) bltu    s5, a4, pc + 110
core   0: 3 0x80006afa (0x06eae763)
core   0: 0x80006afe (0xffd00613) li      a2, -3
core   0: 3 0x80006afe (0xffd00613) x12 0xfffffffd
core   0: 0x80006b02 (0x010c19b3) sll     s3, s8, a6
core   0: 3 0x80006b02 (0x010c19b3) x19 0x0000000a
core   0: 0x80006b06 (0x00800193) li      gp, 8
core   0: 3 0x80006b06 (0x00800193) x 3 0x00000008
core   0: 0x80006b0a (0x00009b7d) c.andi  a4, -1
core   0: 3 0x80006b0a (0x9b7d) x14 0x00000000
core   0: 0x80006b0c (0x0396a033) mulhsu  zero, a3, s9
core   0: 3 0x80006b0c (0x0396a033)
core   0: 0x80006b10 (0x3832fc93) andi    s9, t0, 899
core   0: 3 0x80006b10 (0x3832fc93) x25 0x00000000
core   0: 0x80006b14 (0x00001e18) c.addi4spn a4, sp, 816
core   0: 3 0x80006b14 (0x1e18) x14 0x80040014
core   0: 0x80006b16 (0x0000876d) c.srai  a4, 27
core   0: 3 0x80006b16 (0x876d) x14 0xfffffff0
core   0: 0x80006b18 (0x0065acb3) slt     s9, a1, t1
core   0: 3 0x80006b18 (0x0065acb3) x25 0x00000000
core   0: 0x80006b1c (0x00000619) c.addi  a2, 6
core   0: 3 0x80006b1c (0x0619) x12 0x00000003
core   0: 0x80006b1e (0x74e62f13) slti    t5, a2, 1870
core   0: 3 0x80006b1e (0x74e62f13) x30 0x00000001
core   0: 0x80006b22 (0xffe00e13) li      t3, -2
core   0: 3 0x80006b22 (0xffe00e13) x28 0xfffffffe
core   0: 0x80006b26 (0x1262f413) andi    s0, t0, 294
core   0: 3 0x80006b26 (0x1262f413) x 8 0x00000000
core   0: 0x80006b2a (0x00000001) c.nop
core   0: 3 0x80006b2a (0x0001)
core   0: 0x80006b2c (0x00600f93) li      t6, 6
core   0: 3 0x80006b2c (0x00600f93) x31 0x00000006
core   0: 0x80006b30 (0x009e78b3) and     a7, t3, s1
core   0: 3 0x80006b30 (0x009e78b3) x17 0x80025ce4
core   0: 0x80006b34 (0x00000e11) c.addi  t3, 4
core   0: 3 0x80006b34 (0x0e11) x28 0x00000002
core   0: 0x80006b36 (0x0329f933) remu    s2, s3, s2
core   0: 3 0x80006b36 (0x0329f933) x18 0x00000000
core   0: 0x80006b3a (0x036bf533) remu    a0, s7, s6
core   0: 3 0x80006b3a (0x036bf533) x10 0x80021e64
core   0: 0x80006b3e (0xfffe19e3) bne     t3, t6, pc - 14
core   0: 3 0x80006b3e (0xfffe19e3)
core   0: 0x80006b30 (0x009e78b3) and     a7, t3, s1
core   0: 3 0x80006b30 (0x009e78b3) x17 0x00000000
core   0: 0x80006b34 (0x00000e11) c.addi  t3, 4
core   0: 3 0x80006b34 (0x0e11) x28 0x00000006
core   0: 0x80006b36 (0x0329f933) remu    s2, s3, s2
core   0: 3 0x80006b36 (0x0329f933) x18 0x0000000a
core   0: 0x80006b3a (0x036bf533) remu    a0, s7, s6
core   0: 3 0x80006b3a (0x036bf533) x10 0x80021e64
core   0: 0x80006b3e (0xfffe19e3) bne     t3, t6, pc - 14
core   0: 3 0x80006b3e (0xfffe19e3)
core   0: 0x80006b42 (0xfc364be3) blt     a2, gp, pc - 42
core   0: 3 0x80006b42 (0xfc364be3)
core   0: 0x80006b18 (0x0065acb3) slt     s9, a1, t1
core   0: 3 0x80006b18 (0x0065acb3) x25 0x00000000
core   0: 0x80006b1c (0x00000619) c.addi  a2, 6
core   0: 3 0x80006b1c (0x0619) x12 0x00000009
core   0: 0x80006b1e (0x74e62f13) slti    t5, a2, 1870
core   0: 3 0x80006b1e (0x74e62f13) x30 0x00000001
core   0: 0x80006b22 (0xffe00e13) li      t3, -2
core   0: 3 0x80006b22 (0xffe00e13) x28 0xfffffffe
core   0: 0x80006b26 (0x1262f413) andi    s0, t0, 294
core   0: 3 0x80006b26 (0x1262f413) x 8 0x00000000
core   0: 0x80006b2a (0x00000001) c.nop
core   0: 3 0x80006b2a (0x0001)
core   0: 0x80006b2c (0x00600f93) li      t6, 6
core   0: 3 0x80006b2c (0x00600f93) x31 0x00000006
core   0: 0x80006b30 (0x009e78b3) and     a7, t3, s1
core   0: 3 0x80006b30 (0x009e78b3) x17 0x80025ce4
core   0: 0x80006b34 (0x00000e11) c.addi  t3, 4
core   0: 3 0x80006b34 (0x0e11) x28 0x00000002
core   0: 0x80006b36 (0x0329f933) remu    s2, s3, s2
core   0: 3 0x80006b36 (0x0329f933) x18 0x00000000
core   0: 0x80006b3a (0x036bf533) remu    a0, s7, s6
core   0: 3 0x80006b3a (0x036bf533) x10 0x80021e64
core   0: 0x80006b3e (0xfffe19e3) bne     t3, t6, pc - 14
core   0: 3 0x80006b3e (0xfffe19e3)
core   0: 0x80006b30 (0x009e78b3) and     a7, t3, s1
core   0: 3 0x80006b30 (0x009e78b3) x17 0x00000000
core   0: 0x80006b34 (0x00000e11) c.addi  t3, 4
core   0: 3 0x80006b34 (0x0e11) x28 0x00000006
core   0: 0x80006b36 (0x0329f933) remu    s2, s3, s2
core   0: 3 0x80006b36 (0x0329f933) x18 0x0000000a
core   0: 0x80006b3a (0x036bf533) remu    a0, s7, s6
core   0: 3 0x80006b3a (0x036bf533) x10 0x80021e64
core   0: 0x80006b3e (0xfffe19e3) bne     t3, t6, pc - 14
core   0: 3 0x80006b3e (0xfffe19e3)
core   0: 0x80006b42 (0xfc364be3) blt     a2, gp, pc - 42
core   0: 3 0x80006b42 (0xfc364be3)
core   0: 0x80006b46 (0xb838c693) xori    a3, a7, -1149
core   0: 3 0x80006b46 (0xb838c693) x13 0xfffffb83
core   0: 0x80006b4a (0x00000389) c.addi  t2, 2
core   0: 3 0x80006b4a (0x0389) x 7 0x00000002
core   0: 0x80006b4c (0x406dd693) srai    a3, s11, 6
core   0: 3 0x80006b4c (0x406dd693) x13 0xfffffff0
core   0: 0x80006b50 (0x0283a933) mulhsu  s2, t2, s0
core   0: 3 0x80006b50 (0x0283a933) x18 0x00000000
core   0: 0x80006b54 (0x0000177d) c.addi  a4, -1
core   0: 3 0x80006b54 (0x177d) x14 0xffffffef
core   0: 0x80006b56 (0x030a0863) beq     s4, a6, pc + 48
core   0: 3 0x80006b56 (0x030a0863)
core   0: 0x80006b5a (0x0000944a) c.add   s0, s2
core   0: 3 0x80006b5a (0x944a) x 8 0x00000000
core   0: 0x80006b5c (0x01126133) or      sp, tp, a7
core   0: 3 0x80006b5c (0x01126133) x 2 0x80025ce4
core   0: 0x80006b60 (0xd700fa37) lui     s4, 0xd700f
core   0: 3 0x80006b60 (0xd700fa37) x20 0xd700f000
core   0: 0x80006b64 (0x03ffc833) div     a6, t6, t6
core   0: 3 0x80006b64 (0x03ffc833) x16 0x00000001
core   0: 0x80006b68 (0x00008336) c.mv    t1, a3
core   0: 3 0x80006b68 (0x8336) x 6 0xfffffff0
core   0: 0x80006b6a (0x460f7513) andi    a0, t5, 1120
core   0: 3 0x80006b6a (0x460f7513) x10 0x00000000
core   0: 0x80006b6e (0x3b0f6593) ori     a1, t5, 944
core   0: 3 0x80006b6e (0x3b0f6593) x11 0x000003b1
core   0: 0x80006b72 (0x00008e8d) c.sub   a3, a1
core   0: 3 0x80006b72 (0x8e8d) x13 0xfffffc3f
core   0: 0x80006b74 (0x40230333) sub     t1, t1, sp
core   0: 3 0x80006b74 (0x40230333) x 6 0x7ffda30c
core   0: 0x80006b78 (0x4b678113) addi    sp, a5, 1206
core   0: 3 0x80006b78 (0x4b678113) x 2 0x800004b6
core   0: 0x80006b7c (0x03f64233) div     tp, a2, t6
core   0: 3 0x80006b7c (0x03f64233) x 4 0x00000001
core   0: 0x80006b80 (0x023df063) bgeu    s11, gp, pc + 32
core   0: 3 0x80006b80 (0x023df063)
core   0: 0x80006ba0 (0x0000e015) c.bnez  s0, pc + 36
core   0: 3 0x80006ba0 (0xe015)
core   0: 0x80006ba2 (0x00009a7d) c.andi  a2, -1
core   0: 3 0x80006ba2 (0x9a7d) x12 0x00000009
core   0: 0x80006ba4 (0x0031db63) bge     gp, gp, pc + 22
core   0: 3 0x80006ba4 (0x0031db63)
core   0: 0x80006bba (0x000098fe) c.add   a7, t6
core   0: 3 0x80006bba (0x98fe) x17 0x00000006
core   0: 0x80006bbc (0x0000843a) c.mv    s0, a4
core   0: 3 0x80006bbc (0x843a) x 8 0xffffffef
core   0: 0x80006bbe (0x00000ab9) c.addi  s5, 14
core   0: 3 0x80006bbe (0x0ab9) x21 0x00000233
core   0: 0x80006bc0 (0x0342c033) div     zero, t0, s4
core   0: 3 0x80006bc0 (0x0342c033)
core   0: 0x80006bc4 (0x023e5863) bge     t3, gp, pc + 48
core   0: 3 0x80006bc4 (0x023e5863)
core   0: 0x80006bc8 (0x00000001) c.nop
core   0: 3 0x80006bc8 (0x0001)
core   0: 0x80006bca (0x00006ffd) c.lui   t6, 0x1f
core   0: 3 0x80006bca (0x6ffd) x31 0x0001f000
core   0: 0x80006bcc (0x00008d15) c.sub   a0, a3
core   0: 3 0x80006bcc (0x8d15) x10 0x000003c1
core   0: 0x80006bce (0x0082da33) srl     s4, t0, s0
core   0: 3 0x80006bce (0x0082da33) x20 0x00000000
core   0: 0x80006bd2 (0x973baa93) slti    s5, s7, -1677
core   0: 3 0x80006bd2 (0x973baa93) x21 0x00000001
core   0: 0x80006bd6 (0x01ab6663) bltu    s6, s10, pc + 12
core   0: 3 0x80006bd6 (0x01ab6663)
core   0: 0x80006bda (0x00e31513) slli    a0, t1, 14
core   0: 3 0x80006bda (0x00e31513) x10 0x68c30000
core   0: 0x80006bde (0x01e8de13) srli    t3, a7, 30
core   0: 3 0x80006bde (0x01e8de13) x28 0x00000000
core   0: 0x80006be2 (0x023bb333) mulhu   t1, s7, gp
core   0: 3 0x80006be2 (0x023bb333) x 6 0x00000004
core   0: 0x80006be6 (0x0000088c) c.addi4spn a1, sp, 80
core   0: 3 0x80006be6 (0x088c) x11 0x80000506
core   0: 0x80006be8 (0x00008295) c.srli  a3, 5
core   0: 3 0x80006be8 (0x8295) x13 0x07ffffe1
core   0: 0x80006bea (0x00000dee) c.slli  s11, 27
core   0: 3 0x80006bea (0x0dee) x27 0x00000000
core   0: 0x80006bec (0x0000167d) c.addi  a2, -1
core   0: 3 0x80006bec (0x167d) x12 0x00000008
core   0: 0x80006bee (0x00008f2d) c.xor   a4, a1
core   0: 3 0x80006bee (0x8f2d) x14 0x7ffffae9
core   0: 0x80006bf0 (0x03cee3b3) rem     t2, t4, t3
core   0: 3 0x80006bf0 (0x03cee3b3) x 7 0x00000000
core   0: 0x80006bf4 (0x00006d9d) c.lui   s11, 0x7
core   0: 3 0x80006bf4 (0x6d9d) x27 0x00007000
core   0: 0x80006bf6 (0x00000a9a) c.slli  s5, 6
core   0: 3 0x80006bf6 (0x0a9a) x21 0x00000040
core   0: 0x80006bf8 (0x00008d71) c.and   a0, a2
core   0: 3 0x80006bf8 (0x8d71) x10 0x00000000
core   0: 0x80006bfa (0x00008591) c.srai  a1, 4
core   0: 3 0x80006bfa (0x8591) x11 0xf8000050
core   0: 0x80006bfc (0x03827533) remu    a0, tp, s8
core   0: 3 0x80006bfc (0x03827533) x10 0x00000001
core   0: 0x80006c00 (0x000099fd) c.andi  a1, -1
core   0: 3 0x80006c00 (0x99fd) x11 0xf8000050
core   0: 0x80006c02 (0x0000100f) fence.i
core   0: 3 0x80006c02 (0x0000100f)
core   0: 0x80006c06 (0x00c5d863) bge     a1, a2, pc + 16
core   0: 3 0x80006c06 (0x00c5d863)
core   0: 0x80006c0a (0x00716fb3) or      t6, sp, t2
core   0: 3 0x80006c0a (0x00716fb3) x31 0x800004b6
core   0: 0x80006c0e (0x418fd093) srai    ra, t6, 24
core   0: 3 0x80006c0e (0x418fd093) x 1 0xffffff80
core   0: 0x80006c12 (0x014858b3) srl     a7, a6, s4
core   0: 3 0x80006c12 (0x014858b3) x17 0x00000001
core   0: 0x80006c16 (0x02e31633) mulh    a2, t1, a4
core   0: 3 0x80006c16 (0x02e31633) x12 0x00000001
core   0: 0x80006c1a (0x00008c09) c.sub   s0, a0
core   0: 3 0x80006c1a (0x8c09) x 8 0xffffffee
core   0: 0x80006c1c (0x0ff0000f) fence   iorw,iorw
core   0: 3 0x80006c1c (0x0ff0000f)
core   0: 0x80006c20 (0x00495133) srl     sp, s2, tp
core   0: 3 0x80006c20 (0x00495133) x 2 0x00000000
core   0: 0x80006c24 (0x00008f09) c.sub   a4, a0
core   0: 3 0x80006c24 (0x8f09) x14 0x7ffffae8
core   0: 0x80006c26 (0x41335d93) srai    s11, t1, 19
core   0: 3 0x80006c26 (0x41335d93) x27 0x00000000
core   0: 0x80006c2a (0x0ff0000f) fence   iorw,iorw
core   0: 3 0x80006c2a (0x0ff0000f)
core   0: 0x80006c2e (0x00fe7f63) bgeu    t3, a5, pc + 30
core   0: 3 0x80006c2e (0x00fe7f63)
core   0: 0x80006c32 (0x0510c163) blt     ra, a7, pc + 66
core   0: 3 0x80006c32 (0x0510c163)
core   0: 0x80006c74 (0x0000cc05) c.beqz  s0, pc + 56
core   0: 3 0x80006c74 (0xcc05)
core   0: 0x80006c76 (0x00000001) c.nop
core   0: 3 0x80006c76 (0x0001)
core   0: 0x80006c78 (0x00008dbd) c.xor   a1, a5
core   0: 3 0x80006c78 (0x8dbd) x11 0x78000050
core   0: 0x80006c7a (0x00ec9933) sll     s2, s9, a4
core   0: 3 0x80006c7a (0x00ec9933) x18 0x00000000
core   0: 0x80006c7e (0x9eb1be93) sltiu   t4, gp, -1557
core   0: 3 0x80006c7e (0x9eb1be93) x29 0x00000001
core   0: 0x80006c82 (0x0274b5b3) mulhu   a1, s1, t2
core   0: 3 0x80006c82 (0x0274b5b3) x11 0x00000000
core   0: 0x80006c86 (0x015bd133) srl     sp, s7, s5
core   0: 3 0x80006c86 (0x015bd133) x 2 0x80021e64
core   0: 0x80006c8a (0x0000987d) c.andi  s0, -1
core   0: 3 0x80006c8a (0x987d) x 8 0xffffffee
core   0: 0x80006c8c (0x00000001) c.nop
core   0: 3 0x80006c8c (0x0001)
core   0: 0x80006c8e (0x00845f63) bge     s0, s0, pc + 30
core   0: 3 0x80006c8e (0x00845f63)
core   0: 0x80006cac (0xe87f6113) ori     sp, t5, -377
core   0: 3 0x80006cac (0xe87f6113) x 2 0xfffffe87
core   0: 0x80006cb0 (0x027a1db3) mulh    s11, s4, t2
core   0: 3 0x80006cb0 (0x027a1db3) x27 0x00000000
core   0: 0x80006cb4 (0x177b3a13) sltiu   s4, s6, 375
core   0: 3 0x80006cb4 (0x177b3a13) x20 0x00000001
core   0: 0x80006cb8 (0x0000cd89) c.beqz  a1, pc + 26
core   0: 3 0x80006cb8 (0xcd89)
core   0: 0x80006cd2 (0x01473133) sltu    sp, a4, s4
core   0: 3 0x80006cd2 (0x01473133) x 2 0x00000000
core   0: 0x80006cd6 (0x03bd7463) bgeu    s10, s11, pc + 40
core   0: 3 0x80006cd6 (0x03bd7463)
core   0: 0x80006cfe (0x024a61b3) rem     gp, s4, tp
core   0: 3 0x80006cfe (0x024a61b3) x 3 0x00000000
core   0: 0x80006d02 (0x00008f59) c.or    a4, a4
core   0: 3 0x80006d02 (0x8f59) x14 0x7ffffae8
core   0: 0x80006d04 (0x03a97b33) remu    s6, s2, s10
core   0: 3 0x80006d04 (0x03a97b33) x22 0x00000000
core   0: 0x80006d08 (0x00008ec1) c.or    a3, s0
core   0: 3 0x80006d08 (0x8ec1) x13 0xffffffef
core   0: 0x80006d0a (0x027aee33) rem     t3, s5, t2
core   0: 3 0x80006d0a (0x027aee33) x28 0x00000040
core   0: 0x80006d0e (0x00188733) add     a4, a7, ra
core   0: 3 0x80006d0e (0x00188733) x14 0xffffff81
core   0: 0x80006d12 (0x0000100f) fence.i
core   0: 3 0x80006d12 (0x0000100f)
core   0: 0x80006d16 (0xa0b86f93) ori     t6, a6, -1525
core   0: 3 0x80006d16 (0xa0b86f93) x31 0xfffffa0b
core   0: 0x80006d1a (0x015bffb3) and     t6, s7, s5
core   0: 3 0x80006d1a (0x015bffb3) x31 0x00000040
core   0: 0x80006d1e (0x0000547d) c.li    s0, -1
core   0: 3 0x80006d1e (0x547d) x 8 0xffffffff
core   0: 0x80006d20 (0x0000717d) c.addi16sp sp, -16
core   0: 3 0x80006d20 (0x717d) x 2 0xfffffff0
core   0: 0x80006d22 (0x02d1eeb3) rem     t4, gp, a3
core   0: 3 0x80006d22 (0x02d1eeb3) x29 0x00000000
core   0: 0x80006d26 (0x41d65313) srai    t1, a2, 29
core   0: 3 0x80006d26 (0x41d65313) x 6 0x00000000
core   0: 0x80006d2a (0x00000001) c.nop
core   0: 3 0x80006d2a (0x0001)
core   0: 0x80006d2c (0x01548fb3) add     t6, s1, s5
core   0: 3 0x80006d2c (0x01548fb3) x31 0x80025d24
core   0: 0x80006d30 (0x00000ca6) c.slli  s9, 9
core   0: 3 0x80006d30 (0x0ca6) x25 0x00000000
core   0: 0x80006d32 (0x01bc5c93) srli    s9, s8, 27
core   0: 3 0x80006d32 (0x01bc5c93) x25 0x00000000
core   0: 0x80006d36 (0x01f685b3) add     a1, a3, t6
core   0: 3 0x80006d36 (0x01f685b3) x11 0x80025d13
core   0: 0x80006d3a (0x03a946b3) div     a3, s2, s10
core   0: 3 0x80006d3a (0x03a946b3) x13 0xffffffff
core   0: 0x80006d3e (0x0000ee11) c.bnez  a2, pc + 28
core   0: 3 0x80006d3e (0xee11)
core   0: 0x80006d5a (0x0383f863) bgeu    t2, s8, pc + 48
core   0: 3 0x80006d5a (0x0383f863)
core   0: 0x80006d5e (0x00ea6c63) bltu    s4, a4, pc + 24
core   0: 3 0x80006d5e (0x00ea6c63)
core   0: 0x80006d76 (0x00008531) c.srai  a0, 12
core   0: 3 0x80006d76 (0x8531) x10 0x00000000
core   0: 0x80006d78 (0x00008ea1) c.xor   a3, s0
core   0: 3 0x80006d78 (0x8ea1) x13 0x00000000
core   0: 0x80006d7a (0x03ac8533) mul     a0, s9, s10
core   0: 3 0x80006d7a (0x03ac8533) x10 0x00000000
core   0: 0x80006d7e (0x00557133) and     sp, a0, t0
core   0: 3 0x80006d7e (0x00557133) x 2 0x00000000
core   0: 0x80006d82 (0x032dc6b3) div     a3, s11, s2
core   0: 3 0x80006d82 (0x032dc6b3) x13 0xffffffff
core   0: 0x80006d86 (0xe1145397) auipc   t2, 0xe1145
core   0: 3 0x80006d86 (0xe1145397) x 7 0x6114bd86
core   0: 0x80006d8a (0x01b363b3) or      t2, t1, s11
core   0: 3 0x80006d8a (0x01b363b3) x 7 0x00000000
core   0: 0x80006d8e (0x00008b71) c.andi  a4, 28
core   0: 3 0x80006d8e (0x8b71) x14 0x00000000
core   0: 0x80006d90 (0x035c3b33) mulhu   s6, s8, s5
core   0: 3 0x80006d90 (0x035c3b33) x22 0x00000000
core   0: 0x80006d94 (0x00c493b3) sll     t2, s1, a2
core   0: 3 0x80006d94 (0x00c493b3) x 7 0x0004b9c8
core   0: 0x80006d98 (0xd2f93c13) sltiu   s8, s2, -721
core   0: 3 0x80006d98 (0xd2f93c13) x24 0x00000001
core   0: 0x80006d9c (0x000083e6) c.mv    t2, s9
core   0: 3 0x80006d9c (0x83e6) x 7 0x00000000
core   0: 0x80006d9e (0x00000001) c.nop
core   0: 3 0x80006d9e (0x0001)
core   0: 0x80006da0 (0x00008575) c.srai  a0, 29
core   0: 3 0x80006da0 (0x8575) x10 0x00000000
core   0: 0x80006da2 (0x01838ab3) add     s5, t2, s8
core   0: 3 0x80006da2 (0x01838ab3) x21 0x00000001
core   0: 0x80006da6 (0x05028063) beq     t0, a6, pc + 64
core   0: 3 0x80006da6 (0x05028063)
core   0: 0x80006daa (0x05187263) bgeu    a6, a7, pc + 68
core   0: 3 0x80006daa (0x05187263)
core   0: 0x80006dee (0x00a13533) sltu    a0, sp, a0
core   0: 3 0x80006dee (0x00a13533) x10 0x00000000
core   0: 0x80006df2 (0x00006125) c.addi16sp sp, 96
core   0: 3 0x80006df2 (0x6125) x 2 0x00000060
core   0: 0x80006df4 (0x01a03d33) snez    s10, s10
core   0: 3 0x80006df4 (0x01a03d33) x26 0x00000000
core   0: 0x80006df8 (0xe8332917) auipc   s2, 0xe8332
core   0: 3 0x80006df8 (0xe8332917) x18 0x68338df8
core   0: 0x80006dfc (0xdd87f8b7) lui     a7, 0xdd87f
core   0: 3 0x80006dfc (0xdd87f8b7) x17 0xdd87f000
core   0: 0x80006e00 (0xc3d8aa93) slti    s5, a7, -963
core   0: 3 0x80006e00 (0xc3d8aa93) x21 0x00000001
core   0: 0x80006e04 (0x01a27933) and     s2, tp, s10
core   0: 3 0x80006e04 (0x01a27933) x18 0x00000000
core   0: 0x80006e08 (0x000095ee) c.add   a1, s11
core   0: 3 0x80006e08 (0x95ee) x11 0x80025d13
core   0: 0x80006e0a (0x354cd037) lui     zero, 0x354cd
core   0: 3 0x80006e0a (0x354cd037)
core   0: 0x80006e0e (0xfe540117) auipc   sp, 0xfe540
core   0: 3 0x80006e0e (0xfe540117) x 2 0x7e546e0e
core   0: 0x80006e12 (0x00004a85) c.li    s5, 1
core   0: 3 0x80006e12 (0x4a85) x21 0x00000001
core   0: 0x80006e14 (0x00008436) c.mv    s0, a3
core   0: 3 0x80006e14 (0x8436) x 8 0xffffffff
core   0: 0x80006e16 (0x0ff0000f) fence   iorw,iorw
core   0: 3 0x80006e16 (0x0ff0000f)
core   0: 0x80006e1a (0x0203b0b3) mulhu   ra, t2, zero
core   0: 3 0x80006e1a (0x0203b0b3) x 1 0x00000000
core   0: 0x80006e1e (0xc7e5ab13) slti    s6, a1, -898
core   0: 3 0x80006e1e (0xc7e5ab13) x22 0x00000001
core   0: 0x80006e22 (0x853f2c13) slti    s8, t5, -1965
core   0: 3 0x80006e22 (0x853f2c13) x24 0x00000000
core   0: 0x80006e26 (0x0000717d) c.addi16sp sp, -16
core   0: 3 0x80006e26 (0x717d) x 2 0x7e546dfe
core   0: 0x80006e28 (0x032c1e63) bne     s8, s2, pc + 60
core   0: 3 0x80006e28 (0x032c1e63)
core   0: 0x80006e2c (0x00c692b3) sll     t0, a3, a2
core   0: 3 0x80006e2c (0x00c692b3) x 5 0xfffffffe
core   0: 0x80006e30 (0x6b4a8b37) lui     s6, 0x6b4a8
core   0: 3 0x80006e30 (0x6b4a8b37) x22 0x6b4a8000
core   0: 0x80006e34 (0x0000100f) fence.i
core   0: 3 0x80006e34 (0x0000100f)
core   0: 0x80006e38 (0x0000e69d) c.bnez  a3, pc + 46
core   0: 3 0x80006e38 (0xe69d)
core   0: 0x80006e66 (0x01f5b533) sltu    a0, a1, t6
core   0: 3 0x80006e66 (0x01f5b533) x10 0x00000001
core   0: 0x80006e6a (0x00a77933) and     s2, a4, a0
core   0: 3 0x80006e6a (0x00a77933) x18 0x00000000
core   0: 0x80006e6e (0x01ca6fb3) or      t6, s4, t3
core   0: 3 0x80006e6e (0x01ca6fb3) x31 0x00000041
core   0: 0x80006e72 (0xfd37b513) sltiu   a0, a5, -45
core   0: 3 0x80006e72 (0xfd37b513) x10 0x00000001
core   0: 0x80006e76 (0x00008c49) c.or    s0, a0
core   0: 3 0x80006e76 (0x8c49) x 8 0xffffffff
core   0: 0x80006e78 (0x41a65a33) sra     s4, a2, s10
core   0: 3 0x80006e78 (0x41a65a33) x20 0x00000001
core   0: 0x80006e7c (0x01410b63) beq     sp, s4, pc + 22
core   0: 3 0x80006e7c (0x01410b63)
core   0: 0x80006e80 (0x0300dab3) divu    s5, ra, a6
core   0: 3 0x80006e80 (0x0300dab3) x21 0x00000000
core   0: 0x80006e84 (0xd2106f93) ori     t6, zero, -735
core   0: 3 0x80006e84 (0xd2106f93) x31 0xfffffd21
core   0: 0x80006e88 (0x01a6db63) bge     a3, s10, pc + 22
core   0: 3 0x80006e88 (0x01a6db63)
core   0: 0x80006e8c (0x00000001) c.nop
core   0: 3 0x80006e8c (0x0001)
core   0: 0x80006e8e (0x41c40d33) sub     s10, s0, t3
core   0: 3 0x80006e8e (0x41c40d33) x26 0xffffffbf
core   0: 0x80006e92 (0xb32dba93) sltiu   s5, s11, -1230
core   0: 3 0x80006e92 (0xb32dba93) x21 0x00000001
core   0: 0x80006e96 (0x00ec0033) add     zero, s8, a4
core   0: 3 0x80006e96 (0x00ec0033)
core   0: 0x80006e9a (0x02b1dd63) bge     gp, a1, pc + 58
core   0: 3 0x80006e9a (0x02b1dd63)
core   0: 0x80006ed4 (0x03aa5633) divu    a2, s4, s10
core   0: 3 0x80006ed4 (0x03aa5633) x12 0x00000000
core   0: 0x80006ed8 (0x007231b3) sltu    gp, tp, t2
core   0: 3 0x80006ed8 (0x007231b3) x 3 0x00000000
core   0: 0x80006edc (0x01038733) add     a4, t2, a6
core   0: 3 0x80006edc (0x01038733) x14 0x00000001
core   0: 0x80006ee0 (0x00000976) c.slli  s2, 29
core   0: 3 0x80006ee0 (0x0976) x18 0x00000000
core   0: 0x80006ee2 (0xb29ec013) xori    zero, t4, -1239
core   0: 3 0x80006ee2 (0xb29ec013)
core   0: 0x80006ee6 (0x000001f1) c.addi  gp, 28
core   0: 3 0x80006ee6 (0x01f1) x 3 0x0000001c
core   0: 0x80006ee8 (0x0000577d) c.li    a4, -1
core   0: 3 0x80006ee8 (0x577d) x14 0xffffffff
core   0: 0x80006eea (0x01a30463) beq     t1, s10, pc + 8
core   0: 3 0x80006eea (0x01a30463)
core   0: 0x80006eee (0x00008d15) c.sub   a0, a3
core   0: 3 0x80006eee (0x8d15) x10 0x00000002
core   0: 0x80006ef0 (0x00008dad) c.xor   a1, a1
core   0: 3 0x80006ef0 (0x8dad) x11 0x00000000
core   0: 0x80006ef2 (0x41aa5ab3) sra     s5, s4, s10
core   0: 3 0x80006ef2 (0x41aa5ab3) x21 0x00000000
core   0: 0x80006ef6 (0x6cf16993) ori     s3, sp, 1743
core   0: 3 0x80006ef6 (0x6cf16993) x19 0x7e546fff
core   0: 0x80006efa (0x05d27163) bgeu    tp, t4, pc + 66
core   0: 3 0x80006efa (0x05d27163)
core   0: 0x80006f3c (0x64063093) sltiu   ra, a2, 1600
core   0: 3 0x80006f3c (0x64063093) x 1 0x00000001
core   0: 0x80006f40 (0x0ff0000f) fence   iorw,iorw
core   0: 3 0x80006f40 (0x0ff0000f)
core   0: 0x80006f44 (0x00000001) c.nop
core   0: 3 0x80006f44 (0x0001)
core   0: 0x80006f46 (0x000049a5) c.li    s3, 9
core   0: 3 0x80006f46 (0x49a5) x19 0x00000009
core   0: 0x80006f48 (0xd61dac93) slti    s9, s11, -671
core   0: 3 0x80006f48 (0xd61dac93) x25 0x00000000
core   0: 0x80006f4c (0x4ec56413) ori     s0, a0, 1260
core   0: 3 0x80006f4c (0x4ec56413) x 8 0x000004ee
core   0: 0x80006f50 (0x010ea633) slt     a2, t4, a6
core   0: 3 0x80006f50 (0x010ea633) x12 0x00000001
core   0: 0x80006f54 (0x00006aa9) c.lui   s5, 0xa
core   0: 3 0x80006f54 (0x6aa9) x21 0x0000a000
core   0: 0x80006f56 (0x03d5e163) bltu    a1, t4, pc + 34
core   0: 3 0x80006f56 (0x03d5e163)
core   0: 0x80006f5a (0x02b5ef33) rem     t5, a1, a1
core   0: 3 0x80006f5a (0x02b5ef33) x30 0x00000000
core   0: 0x80006f5e (0x01215f63) bge     sp, s2, pc + 30
core   0: 3 0x80006f5e (0x01215f63)
core   0: 0x80006f7c (0x00000001) c.nop
core   0: 3 0x80006f7c (0x0001)
core   0: 0x80006f7e (0x000081ad) c.srli  a1, 11
core   0: 3 0x80006f7e (0x81ad) x11 0x00000000
core   0: 0x80006f80 (0x0000ec15) c.bnez  s0, pc + 60
core   0: 3 0x80006f80 (0xec15)
core   0: 0x80006fbc (0x40fd5d33) sra     s10, s10, a5
core   0: 3 0x80006fbc (0x40fd5d33) x26 0xffffffbf
core   0: 0x80006fc0 (0x00008f79) c.and   a4, a4
core   0: 3 0x80006fc0 (0x8f79) x14 0xffffffff
core   0: 0x80006fc2 (0xaa6fcf37) lui     t5, 0xaa6fc
core   0: 3 0x80006fc2 (0xaa6fcf37) x30 0xaa6fc000
core   0: 0x80006fc6 (0x00008761) c.srai  a4, 24
core   0: 3 0x80006fc6 (0x8761) x14 0xffffffff
core   0: 0x80006fc8 (0x00008ea1) c.xor   a3, s0
core   0: 3 0x80006fc8 (0x8ea1) x13 0xfffffb11
core   0: 0x80006fca (0x00000522) c.slli  a0, 8
core   0: 3 0x80006fca (0x0522) x10 0x00000200
core   0: 0x80006fcc (0x0000ea95) c.bnez  a3, pc + 52
core   0: 3 0x80006fcc (0xea95)
core   0: 0x80007000 (0x0ff0000f) fence   iorw,iorw
core   0: 3 0x80007000 (0x0ff0000f)
core   0: 0x80007004 (0x05d03713) sltiu   a4, zero, 93
core   0: 3 0x80007004 (0x05d03713) x14 0x00000001
core   0: 0x80007008 (0x014ffe63) bgeu    t6, s4, pc + 28
core   0: 3 0x80007008 (0x014ffe63)
core   0: 0x80007024 (0x419689b3) sub     s3, a3, s9
core   0: 3 0x80007024 (0x419689b3) x19 0xfffffb11
core   0: 0x80007028 (0x0000801d) c.srli  s0, 7
core   0: 3 0x80007028 (0x801d) x 8 0x00000009
core   0: 0x8000702a (0x0212e833) rem     a6, t0, ra
core   0: 3 0x8000702a (0x0212e833) x16 0x00000000
core   0: 0x8000702e (0x01c552b3) srl     t0, a0, t3
core   0: 3 0x8000702e (0x01c552b3) x 5 0x00000200
core   0: 0x80007032 (0x01119213) slli    tp, gp, 17
core   0: 3 0x80007032 (0x01119213) x 4 0x00380000
core   0: 0x80007036 (0x00009396) c.add   t2, t0
core   0: 3 0x80007036 (0x9396) x 7 0x00000200
core   0: 0x80007038 (0x024a7f33) remu    t5, s4, tp
core   0: 3 0x80007038 (0x024a7f33) x30 0x00000001
core   0: 0x8000703c (0x03400933) mul     s2, zero, s4
core   0: 3 0x8000703c (0x03400933) x18 0x00000000
core   0: 0x80007040 (0x021de363) bltu    s11, ra, pc + 38
core   0: 3 0x80007040 (0x021de363)
core   0: 0x80007066 (0x000002da) c.slli  t0, 22
core   0: 3 0x80007066 (0x02da) x 5 0x80000000
core   0: 0x80007068 (0x00000001) c.nop
core   0: 3 0x80007068 (0x0001)
core   0: 0x8000706a (0x02f71a63) bne     a4, a5, pc + 52
core   0: 3 0x8000706a (0x02f71a63)
core   0: 0x8000709e (0x0000ea45) c.bnez  a2, pc + 176
core   0: 3 0x8000709e (0xea45)
core   0: 0x8000714e (0x01aed393) srli    t2, t4, 26
core   0: 3 0x8000714e (0x01aed393) x 7 0x00000000
core   0: 0x80007152 (0x025678b3) remu    a7, a2, t0
core   0: 3 0x80007152 (0x025678b3) x17 0x00000001
core   0: 0x80007156 (0x0207b233) mulhu   tp, a5, zero
core   0: 3 0x80007156 (0x0207b233) x 4 0x00000000
core   0: 0x8000715a (0x01350663) beq     a0, s3, pc + 12
core   0: 3 0x8000715a (0x01350663)
core   0: 0x8000715e (0x0000cb05) c.beqz  a4, pc + 48
core   0: 3 0x8000715e (0xcb05)
core   0: 0x80007160 (0x00000001) c.nop
core   0: 3 0x80007160 (0x0001)
core   0: 0x80007162 (0x039e8263) beq     t4, s9, pc + 36
core   0: 3 0x80007162 (0x039e8263)
core   0: 0x80007186 (0x52160993) addi    s3, a2, 1313
core   0: 3 0x80007186 (0x52160993) x19 0x00000522
core   0: 0x8000718a (0x00c3f8b3) and     a7, t2, a2
core   0: 3 0x8000718a (0x00c3f8b3) x17 0x00000000
core   0: 0x8000718e (0x0ff0000f) fence   iorw,iorw
core   0: 3 0x8000718e (0x0ff0000f)
core   0: 0x80007192 (0x0000717d) c.addi16sp sp, -16
core   0: 3 0x80007192 (0x717d) x 2 0x7e546dee
core   0: 0x80007194 (0x01b3d263) bge     t2, s11, pc + 4
core   0: 3 0x80007194 (0x01b3d263)
core   0: 0x80007198 (0x00000001) c.nop
core   0: 3 0x80007198 (0x0001)
core   0: 0x8000719a (0x00008ee1) c.and   a3, s0
core   0: 3 0x8000719a (0x8ee1) x13 0x00000001
core   0: 0x8000719c (0xa6c8c593) xori    a1, a7, -1428
core   0: 3 0x8000719c (0xa6c8c593) x11 0xfffffa6c
core   0: 0x800071a0 (0x008e6cb3) or      s9, t3, s0
core   0: 3 0x800071a0 (0x008e6cb3) x25 0x00000049
core   0: 0x800071a4 (0xdb98a617) auipc   a2, 0xdb98a
core   0: 3 0x800071a4 (0xdb98a617) x12 0x5b9911a4
core   0: 0x800071a8 (0x02ff58b3) divu    a7, t5, a5
core   0: 3 0x800071a8 (0x02ff58b3) x17 0x00000000
core   0: 0x800071ac (0x0163d993) srli    s3, t2, 22
core   0: 3 0x800071ac (0x0163d993) x19 0x00000000
core   0: 0x800071b0 (0x00008d19) c.sub   a0, a4
core   0: 3 0x800071b0 (0x8d19) x10 0x000001ff
core   0: 0x800071b2 (0x03aed5b3) divu    a1, t4, s10
core   0: 3 0x800071b2 (0x03aed5b3) x11 0x00000000
core   0: 0x800071b6 (0x00ac0963) beq     s8, a0, pc + 18
core   0: 3 0x800071b6 (0x00ac0963)
core   0: 0x800071ba (0x00008da9) c.xor   a1, a0
core   0: 3 0x800071ba (0x8da9) x11 0x000001ff
core   0: 0x800071bc (0x0000610d) c.addi16sp sp, 160
core   0: 3 0x800071bc (0x610d) x 2 0x7e546e8e
core   0: 0x800071be (0x4fad6a37) lui     s4, 0x4fad6
core   0: 3 0x800071be (0x4fad6a37) x20 0x4fad6000
core   0: 0x800071c2 (0x00006425) c.lui   s0, 0x9
core   0: 3 0x800071c2 (0x6425) x 8 0x00009000
core   0: 0x800071c4 (0x013412b3) sll     t0, s0, s3
core   0: 3 0x800071c4 (0x013412b3) x 5 0x00009000
core   0: 0x800071c8 (0x62e87e93) andi    t4, a6, 1582
core   0: 3 0x800071c8 (0x62e87e93) x29 0x00000000
core   0: 0x800071cc (0x01f5d863) bge     a1, t6, pc + 16
core   0: 3 0x800071cc (0x01f5d863)
core   0: 0x800071dc (0x00008035) c.srli  s0, 13
core   0: 3 0x800071dc (0x8035) x 8 0x00000004
core   0: 0x800071de (0x005a5033) srl     zero, s4, t0
core   0: 3 0x800071de (0x005a5033)
core   0: 0x800071e2 (0x5f83ae13) slti    t3, t2, 1528
core   0: 3 0x800071e2 (0x5f83ae13) x28 0x00000001
core   0: 0x800071e6 (0x000069e1) c.lui   s3, 0x18
core   0: 3 0x800071e6 (0x69e1) x19 0x00018000
core   0: 0x800071e8 (0x00008f7d) c.and   a4, a5
core   0: 3 0x800071e8 (0x8f7d) x14 0x00000000
core   0: 0x800071ea (0x40890cb3) sub     s9, s2, s0
core   0: 3 0x800071ea (0x40890cb3) x25 0xfffffffc
core   0: 0x800071ee (0x055b6163) bltu    s6, s5, pc + 66
core   0: 3 0x800071ee (0x055b6163)
core   0: 0x800071f2 (0xe6bf3c93) sltiu   s9, t5, -405
core   0: 3 0x800071f2 (0xe6bf3c93) x25 0x00000001
core   0: 0x800071f6 (0x0000100f) fence.i
core   0: 3 0x800071f6 (0x0000100f)
core   0: 0x800071fa (0x00271e63) bne     a4, sp, pc + 28
core   0: 3 0x800071fa (0x00271e63)
core   0: 0x80007216 (0x000089da) c.mv    s3, s6
core   0: 3 0x80007216 (0x89da) x19 0x6b4a8000
core   0: 0x80007218 (0x00fc9663) bne     s9, a5, pc + 12
core   0: 3 0x80007218 (0x00fc9663)
core   0: 0x80007224 (0x00000001) c.nop
core   0: 3 0x80007224 (0x0001)
core   0: 0x80007226 (0x03bd4463) blt     s10, s11, pc + 40
core   0: 3 0x80007226 (0x03bd4463)
core   0: 0x8000724e (0x418d01b3) sub     gp, s10, s8
core   0: 3 0x8000724e (0x418d01b3) x 3 0xffffffbf
core   0: 0x80007252 (0xf28fef13) ori     t5, t6, -216
core   0: 3 0x80007252 (0xf28fef13) x30 0xffffff29
core   0: 0x80007256 (0x03749763) bne     s1, s7, pc + 46
core   0: 3 0x80007256 (0x03749763)
core   0: 0x80007284 (0x02b69c33) mulh    s8, a3, a1
core   0: 3 0x80007284 (0x02b69c33) x24 0x00000000
core   0: 0x80007288 (0x04ebc263) blt     s7, a4, pc + 68
core   0: 3 0x80007288 (0x04ebc263)
core   0: 0x800072cc (0x000061ed) c.lui   gp, 0x1b
core   0: 3 0x800072cc (0x61ed) x 3 0x0001b000
core   0: 0x800072ce (0x41218333) sub     t1, gp, s2
core   0: 3 0x800072ce (0x41218333) x 6 0x0001b000
core   0: 0x800072d2 (0x22896193) ori     gp, s2, 552
core   0: 3 0x800072d2 (0x22896193) x 3 0x00000228
core   0: 0x800072d6 (0x0ff0000f) fence   iorw,iorw
core   0: 3 0x800072d6 (0x0ff0000f)
core   0: 0x800072da (0x0000100f) fence.i
core   0: 3 0x800072da (0x0000100f)
core   0: 0x800072de (0x00165733) srl     a4, a2, ra
core   0: 3 0x800072de (0x00165733) x14 0x2dcc88d2
core   0: 0x800072e2 (0x029d85b3) mul     a1, s11, s1
core   0: 3 0x800072e2 (0x029d85b3) x11 0x00000000
core   0: 0x800072e6 (0x0155ea63) bltu    a1, s5, pc + 20
core   0: 3 0x800072e6 (0x0155ea63)
core   0: 0x800072fa (0x000c1c33) sll     s8, s8, zero
core   0: 3 0x800072fa (0x000c1c33) x24 0x00000000
core   0: 0x800072fe (0x411b52b3) sra     t0, s6, a7
core   0: 3 0x800072fe (0x411b52b3) x 5 0x6b4a8000
core   0: 0x80007302 (0x0000987d) c.andi  s0, -1
core   0: 3 0x80007302 (0x987d) x 8 0x00000004
core   0: 0x80007304 (0x0000180c) c.addi4spn a1, sp, 48
core   0: 3 0x80007304 (0x180c) x11 0x7e546ebe
core   0: 0x80007306 (0x00df9313) slli    t1, t6, 13
core   0: 3 0x80007306 (0x00df9313) x 6 0xffa42000
core   0: 0x8000730a (0x015a3833) sltu    a6, s4, s5
core   0: 3 0x8000730a (0x015a3833) x16 0x00000000
core   0: 0x8000730e (0x006263b3) or      t2, tp, t1
core   0: 3 0x8000730e (0x006263b3) x 7 0xffa42000
core   0: 0x80007312 (0x00008df9) c.and   a1, a4
core   0: 3 0x80007312 (0x8df9) x11 0x2c440892
core   0: 0x80007314 (0x00000508) c.addi4spn a0, sp, 640
core   0: 3 0x80007314 (0x0508) x10 0x7e54710e
core   0: 0x80007316 (0x00008ea6) c.mv    t4, s1
core   0: 3 0x80007316 (0x8ea6) x29 0x80025ce4
core   0: 0x80007318 (0x0000ec01) c.bnez  s0, pc + 24
core   0: 3 0x80007318 (0xec01)
core   0: 0x80007330 (0x03f7ce63) blt     a5, t6, pc + 60
core   0: 3 0x80007330 (0x03f7ce63)
core   0: 0x8000736c (0x01eea5b3) slt     a1, t4, t5
core   0: 3 0x8000736c (0x01eea5b3) x11 0x00000001
core   0: 0x80007370 (0x00008efa) c.mv    t4, t5
core   0: 3 0x80007370 (0x8efa) x29 0xffffff29
core   0: 0x80007372 (0x41625013) srai    zero, tp, 22
core   0: 3 0x80007372 (0x41625013)
core   0: 0x80007376 (0x0000e189) c.bnez  a1, pc + 2
core   0: 3 0x80007376 (0xe189)
core   0: 0x80007378 (0x0595e463) bltu    a1, s9, pc + 72
core   0: 3 0x80007378 (0x0595e463)
core   0: 0x8000737c (0xcfad8293) addi    t0, s11, -774
core   0: 3 0x8000737c (0xcfad8293) x 5 0xfffffcfa
core   0: 0x80007380 (0x00008dd9) c.or    a1, a4
core   0: 3 0x80007380 (0x8dd9) x11 0x2dcc88d3
core   0: 0x80007382 (0x034d2433) mulhsu  s0, s10, s4
core   0: 3 0x80007382 (0x034d2433) x 8 0xffffffeb
core   0: 0x80007386 (0x0368d833) divu    a6, a7, s6
core   0: 3 0x80007386 (0x0368d833) x16 0x00000000
core   0: 0x8000738a (0x0056c5b3) xor     a1, a3, t0
core   0: 3 0x8000738a (0x0056c5b3) x11 0xfffffcfb
core   0: 0x8000738e (0xf55d3817) auipc   a6, 0xf55d3
core   0: 3 0x8000738e (0xf55d3817) x16 0x755da38e
core   0: 0x80007392 (0x03d636b3) mulhu   a3, a2, t4
core   0: 3 0x80007392 (0x03d636b3) x13 0x5b991157
core   0: 0x80007396 (0x00000001) c.nop
core   0: 3 0x80007396 (0x0001)
core   0: 0x80007398 (0x01770833) add     a6, a4, s7
core   0: 3 0x80007398 (0x01770833) x16 0xadcea736
core   0: 0x8000739c (0x0306f133) remu    sp, a3, a6
core   0: 3 0x8000739c (0x0306f133) x 2 0x5b991157
core   0: 0x800073a0 (0x9a4ce893) ori     a7, s9, -1628
core   0: 3 0x800073a0 (0x9a4ce893) x17 0xfffff9a5
core   0: 0x800073a4 (0x0000844d) c.srai  s0, 19
core   0: 3 0x800073a4 (0x844d) x 8 0xffffffff
core   0: 0x800073a6 (0x00889f63) bne     a7, s0, pc + 30
core   0: 3 0x800073a6 (0x00889f63)
core   0: 0x800073c4 (0x02dcf033) remu    zero, s9, a3
core   0: 3 0x800073c4 (0x02dcf033)
core   0: 0x800073c8 (0x000011fd) c.addi  gp, -1
core   0: 3 0x800073c8 (0x11fd) x 3 0x00000227
core   0: 0x800073ca (0x02886463) bltu    a6, s0, pc + 40
core   0: 3 0x800073ca (0x02886463)
core   0: 0x800073f2 (0x01569f93) slli    t6, a3, 21
core   0: 3 0x800073f2 (0x01569f93) x31 0x2ae00000
core   0: 0x800073f6 (0x00006b61) c.lui   s6, 0x18
core   0: 3 0x800073f6 (0x6b61) x22 0x00018000
core   0: 0x800073f8 (0x03dd1e33) mulh    t3, s10, t4
core   0: 3 0x800073f8 (0x03dd1e33) x28 0x00000000
core   0: 0x800073fc (0x40c05313) srai    t1, zero, 12
core   0: 3 0x800073fc (0x40c05313) x 6 0x00000000
core   0: 0x80007400 (0x03946533) rem     a0, s0, s9
core   0: 3 0x80007400 (0x03946533) x10 0x00000000
core   0: 0x80007404 (0x46808593) addi    a1, ra, 1128
core   0: 3 0x80007404 (0x46808593) x11 0x00000469
core   0: 0x80007408 (0x00006641) c.lui   a2, 0x10
core   0: 3 0x80007408 (0x6641) x12 0x00010000
core   0: 0x8000740a (0x0000420d) c.li    tp, 3
core   0: 3 0x8000740a (0x420d) x 4 0x00000003
core   0: 0x8000740c (0x01ea7a63) bgeu    s4, t5, pc + 20
core   0: 3 0x8000740c (0x01ea7a63)
core   0: 0x80007410 (0x95f38e93) addi    t4, t2, -1697
core   0: 3 0x80007410 (0x95f38e93) x29 0xffa4195f
core   0: 0x80007414 (0x0376d633) divu    a2, a3, s7
core   0: 3 0x80007414 (0x0376d633) x12 0x00000000
core   0: 0x80007418 (0x40cd5693) srai    a3, s10, 12
core   0: 3 0x80007418 (0x40cd5693) x13 0xffffffff
core   0: 0x8000741c (0x00008f86) c.mv    t6, ra
core   0: 3 0x8000741c (0x8f86) x31 0x00000001
core   0: 0x8000741e (0x000099fd) c.andi  a1, -1
core   0: 3 0x8000741e (0x99fd) x11 0x00000469
core   0: 0x80007420 (0x040b5463) bgez    s6, pc + 72
core   0: 3 0x80007420 (0x040b5463)
core   0: 0x80007468 (0x00008231) c.srli  a2, 12
core   0: 3 0x80007468 (0x8231) x12 0x00000000
core   0: 0x8000746a (0x013ff8b3) and     a7, t6, s3
core   0: 3 0x8000746a (0x013ff8b3) x17 0x00000000
core   0: 0x8000746e (0x01e3fe33) and     t3, t2, t5
core   0: 3 0x8000746e (0x01e3fe33) x28 0xffa42000
core   0: 0x80007472 (0x00008c1d) c.sub   s0, a5
core   0: 3 0x80007472 (0x8c1d) x 8 0x7fffffff
core   0: 0x80007474 (0x41b90ab3) sub     s5, s2, s11
core   0: 3 0x80007474 (0x41b90ab3) x21 0x00000000
core   0: 0x80007478 (0x00008269) c.srli  a2, 26
core   0: 3 0x80007478 (0x8269) x12 0x00000000
core   0: 0x8000747a (0x00008295) c.srli  a3, 5
core   0: 3 0x8000747a (0x8295) x13 0x07ffffff
core   0: 0x8000747c (0x00008da9) c.xor   a1, a0
core   0: 3 0x8000747c (0x8da9) x11 0x00000469
core   0: 0x8000747e (0x00000376) c.slli  t1, 29
core   0: 3 0x8000747e (0x0376) x 6 0x00000000
core   0: 0x80007480 (0x042b8c63) beq     s7, sp, pc + 88
core   0: 3 0x80007480 (0x042b8c63)
core   0: 0x80007484 (0x02c922b3) mulhsu  t0, s2, a2
core   0: 3 0x80007484 (0x02c922b3) x 5 0x00000000
core   0: 0x80007488 (0x03caceb3) div     t4, s5, t3
core   0: 3 0x80007488 (0x03caceb3) x29 0x00000000
core   0: 0x8000748c (0x00000dca) c.slli  s11, 18
core   0: 3 0x8000748c (0x0dca) x27 0x00000000
core   0: 0x8000748e (0x00006fc9) c.lui   t6, 0x12
core   0: 3 0x8000748e (0x6fc9) x31 0x00012000
core   0: 0x80007490 (0x000099fd) c.andi  a1, -1
core   0: 3 0x80007490 (0x99fd) x11 0x00000469
core   0: 0x80007492 (0x000090b6) c.add   ra, a3
core   0: 3 0x80007492 (0x90b6) x 1 0x08000000
core   0: 0x80007494 (0x00006125) c.addi16sp sp, 96
core   0: 3 0x80007494 (0x6125) x 2 0x5b9911b7
core   0: 0x80007496 (0x41515f13) srai    t5, sp, 21
core   0: 3 0x80007496 (0x41515f13) x30 0x000002dc
core   0: 0x8000749a (0x000003e2) c.slli  t2, 24
core   0: 3 0x8000749a (0x03e2) x 7 0x00000000
core   0: 0x8000749c (0x03507e33) remu    t3, zero, s5
core   0: 3 0x8000749c (0x03507e33) x28 0x00000000
core   0: 0x800074a0 (0xff800c93) li      s9, -8
core   0: 3 0x800074a0 (0xff800c93) x25 0xfffffff8
core   0: 0x800074a4 (0xff900913) li      s2, -7
core   0: 3 0x800074a4 (0xff900913) x18 0xfffffff9
core   0: 0x800074a8 (0x000091ca) c.add   gp, s2
core   0: 3 0x800074a8 (0x91ca) x 3 0x00000220
core   0: 0x800074aa (0x00000ca1) c.addi  s9, 8
core   0: 3 0x800074aa (0x0ca1) x25 0x00000000
core   0: 0x800074ac (0x00a00113) li      sp, 10
core   0: 3 0x800074ac (0x00a00113) x 2 0x0000000a
core   0: 0x800074b0 (0xfff00813) li      a6, -1
core   0: 3 0x800074b0 (0xfff00813) x16 0xffffffff
core   0: 0x800074b4 (0x41a408b3) sub     a7, s0, s10
core   0: 3 0x800074b4 (0x41a408b3) x17 0x80000040
core   0: 0x800074b8 (0x0033e6b3) or      a3, t2, gp
core   0: 3 0x800074b8 (0x0033e6b3) x13 0x00000220
core   0: 0x800074bc (0x00001175) c.addi  sp, -3
core   0: 3 0x800074bc (0x1175) x 2 0x00000007
core   0: 0x800074be (0xff015be3) bge     sp, a6, pc - 10
core   0: 3 0x800074be (0xff015be3)
core   0: 0x800074b4 (0x41a408b3) sub     a7, s0, s10
core   0: 3 0x800074b4 (0x41a408b3) x17 0x80000040
core   0: 0x800074b8 (0x0033e6b3) or      a3, t2, gp
core   0: 3 0x800074b8 (0x0033e6b3) x13 0x00000220
core   0: 0x800074bc (0x00001175) c.addi  sp, -3
core   0: 3 0x800074bc (0x1175) x 2 0x00000004
core   0: 0x800074be (0xff015be3) bge     sp, a6, pc - 10
core   0: 3 0x800074be (0xff015be3)
core   0: 0x800074b4 (0x41a408b3) sub     a7, s0, s10
core   0: 3 0x800074b4 (0x41a408b3) x17 0x80000040
core   0: 0x800074b8 (0x0033e6b3) or      a3, t2, gp
core   0: 3 0x800074b8 (0x0033e6b3) x13 0x00000220
core   0: 0x800074bc (0x00001175) c.addi  sp, -3
core   0: 3 0x800074bc (0x1175) x 2 0x00000001
core   0: 0x800074be (0xff015be3) bge     sp, a6, pc - 10
core   0: 3 0x800074be (0xff015be3)
core   0: 0x800074b4 (0x41a408b3) sub     a7, s0, s10
core   0: 3 0x800074b4 (0x41a408b3) x17 0x80000040
core   0: 0x800074b8 (0x0033e6b3) or      a3, t2, gp
core   0: 3 0x800074b8 (0x0033e6b3) x13 0x00000220
core   0: 0x800074bc (0x00001175) c.addi  sp, -3
core   0: 3 0x800074bc (0x1175) x 2 0xfffffffe
core   0: 0x800074be (0xff015be3) bge     sp, a6, pc - 10
core   0: 3 0x800074be (0xff015be3)
core   0: 0x800074c2 (0xff2cc3e3) blt     s9, s2, pc - 26
core   0: 3 0x800074c2 (0xff2cc3e3)
core   0: 0x800074c6 (0x03364eb3) div     t4, a2, s3
core   0: 3 0x800074c6 (0x03364eb3) x29 0x00000000
core   0: 0x800074ca (0x0042c0b3) xor     ra, t0, tp
core   0: 3 0x800074ca (0x0042c0b3) x 1 0x00000003
core   0: 0x800074ce (0x01b81993) slli    s3, a6, 27
core   0: 3 0x800074ce (0x01b81993) x19 0xf8000000
core   0: 0x800074d2 (0x00001afd) c.addi  s5, -1
core   0: 3 0x800074d2 (0x1afd) x21 0xffffffff
core   0: 0x800074d4 (0xc333f013) andi    zero, t2, -973
core   0: 3 0x800074d4 (0xc333f013)
core   0: 0x800074d8 (0x00000001) c.nop
core   0: 3 0x800074d8 (0x0001)
core   0: 0x800074da (0x028a2033) mulhsu  zero, s4, s0
core   0: 3 0x800074da (0x028a2033)
core   0: 0x800074de (0x02fe10b3) mulh    ra, t3, a5
core   0: 3 0x800074de (0x02fe10b3) x 1 0x00000000
core   0: 0x800074e2 (0x000090f6) c.add   ra, t4
core   0: 3 0x800074e2 (0x90f6) x 1 0x00000000
core   0: 0x800074e4 (0x00008dcd) c.or    a1, a1
core   0: 3 0x800074e4 (0x8dcd) x11 0x00000469
core   0: 0x800074e6 (0x0000717d) c.addi16sp sp, -16
core   0: 3 0x800074e6 (0x717d) x 2 0xffffffee
core   0: 0x800074e8 (0x00000fb6) c.slli  t6, 13
core   0: 3 0x800074e8 (0x0fb6) x31 0x24000000
core   0: 0x800074ea (0x00008ec9) c.or    a3, a0
core   0: 3 0x800074ea (0x8ec9) x13 0x00000220
core   0: 0x800074ec (0x0000947e) c.add   s0, t6
core   0: 3 0x800074ec (0x947e) x 8 0xa3ffffff
core   0: 0x800074ee (0xe016b417) auipc   s0, 0xe016b
core   0: 3 0x800074ee (0xe016b417) x 8 0x601724ee
core   0: 0x800074f2 (0x1d588393) addi    t2, a7, 469
core   0: 3 0x800074f2 (0x1d588393) x 7 0x80000215
core   0: 0x800074f6 (0x405c5cb3) sra     s9, s8, t0
core   0: 3 0x800074f6 (0x405c5cb3) x25 0x00000000
core   0: 0x800074fa (0x02e39eb3) mulh    t4, t2, a4
core   0: 3 0x800074fa (0x02e39eb3) x29 0xe919bbf6
core   0: 0x800074fe (0x011c5d93) srli    s11, s8, 17
core   0: 3 0x800074fe (0x011c5d93) x27 0x00000000
core   0: 0x80007502 (0x404f5593) srai    a1, t5, 4
core   0: 3 0x80007502 (0x404f5593) x11 0x0000002d
core   0: 0x80007506 (0x03e79e33) mulh    t3, a5, t5
core   0: 3 0x80007506 (0x03e79e33) x28 0xfffffe92
core   0: 0x8000750a (0x412a5593) srai    a1, s4, 18
core   0: 3 0x8000750a (0x412a5593) x11 0x000013eb
core   0: 0x8000750e (0x02879263) bne     a5, s0, pc + 36
core   0: 3 0x8000750e (0x02879263)
core   0: 0x80007532 (0x00009972) c.add   s2, t3
core   0: 3 0x80007532 (0x9972) x18 0xfffffe8b
core   0: 0x80007534 (0x03f81463) bne     a6, t6, pc + 40
core   0: 3 0x80007534 (0x03f81463)
core   0: 0x8000755c (0x00004d41) c.li    s10, 16
core   0: 3 0x8000755c (0x4d41) x26 0x00000010
core   0: 0x8000755e (0x050b0263) beq     s6, a6, pc + 68
core   0: 3 0x8000755e (0x050b0263)
core   0: 0x80007562 (0x02536033) rem     zero, t1, t0
core   0: 3 0x80007562 (0x02536033)
core   0: 0x80007566 (0x00006fa5) c.lui   t6, 0x9
core   0: 3 0x80007566 (0x6fa5) x31 0x00009000
core   0: 0x80007568 (0x00008d8d) c.sub   a1, a1
core   0: 3 0x80007568 (0x8d8d) x11 0x00000000
core   0: 0x8000756a (0xb03b8593) addi    a1, s7, -1277
core   0: 3 0x8000756a (0xb03b8593) x11 0x80021967
core   0: 0x8000756e (0x01716a63) bltu    sp, s7, pc + 20
core   0: 3 0x8000756e (0x01716a63)
core   0: 0x80007572 (0x90f54713) xori    a4, a0, -1777
core   0: 3 0x80007572 (0x90f54713) x14 0xfffff90f
core   0: 0x80007576 (0x05eb6663) bltu    s6, t5, pc + 76
core   0: 3 0x80007576 (0x05eb6663)
core   0: 0x8000757a (0x24514013) xori    zero, sp, 581
core   0: 3 0x8000757a (0x24514013)
core   0: 0x8000757e (0x0ff0000f) fence   iorw,iorw
core   0: 3 0x8000757e (0x0ff0000f)
core   0: 0x80007582 (0x02f78933) mul     s2, a5, a5
core   0: 3 0x80007582 (0x02f78933) x18 0x00000000
core   0: 0x80007586 (0x40dc7c93) andi    s9, s8, 1037
core   0: 3 0x80007586 (0x40dc7c93) x25 0x00000000
core   0: 0x8000758a (0x01e31233) sll     tp, t1, t5
core   0: 3 0x8000758a (0x01e31233) x 4 0x00000000
core   0: 0x8000758e (0x026456b3) divu    a3, s0, t1
core   0: 3 0x8000758e (0x026456b3) x13 0xffffffff
core   0: 0x80007592 (0x0ff0000f) fence   iorw,iorw
core   0: 3 0x80007592 (0x0ff0000f)
core   0: 0x80007596 (0x00009afd) c.andi  a3, -1
core   0: 3 0x80007596 (0x9afd) x13 0xffffffff
core   0: 0x80007598 (0x03157833) remu    a6, a0, a7
core   0: 3 0x80007598 (0x03157833) x16 0x00000000
core   0: 0x8000759c (0x0000c331) c.beqz  a4, pc + 68
core   0: 3 0x8000759c (0xc331)
core   0: 0x8000759e (0x02a602b3) mul     t0, a2, a0
core   0: 3 0x8000759e (0x02a602b3) x 5 0x00000000
core   0: 0x800075a2 (0x00e2a933) slt     s2, t0, a4
core   0: 3 0x800075a2 (0x00e2a933) x18 0x00000000
core   0: 0x800075a6 (0x0268eb33) rem     s6, a7, t1
core   0: 3 0x800075a6 (0x0268eb33) x22 0x80000040
core   0: 0x800075aa (0x81c23297) auipc   t0, 0x81c23
core   0: 3 0x800075aa (0x81c23297) x 5 0x01c2a5aa
core   0: 0x800075ae (0x020e72b3) remu    t0, t3, zero
core   0: 3 0x800075ae (0x020e72b3) x 5 0xfffffe92
core   0: 0x800075b2 (0x020dedb3) rem     s11, s11, zero
core   0: 3 0x800075b2 (0x020dedb3) x27 0x00000000
core   0: 0x800075b6 (0x02d64fb3) div     t6, a2, a3
core   0: 3 0x800075b6 (0x02d64fb3) x31 0x00000000
core   0: 0x800075ba (0x007fceb3) xor     t4, t6, t2
core   0: 3 0x800075ba (0x007fceb3) x29 0x80000215
core   0: 0x800075be (0x1ee64393) xori    t2, a2, 494
core   0: 3 0x800075be (0x1ee64393) x 7 0x000001ee
core   0: 0x800075c2 (0x00208433) add     s0, ra, sp
core   0: 3 0x800075c2 (0x00208433) x 8 0xffffffee
core   0: 0x800075c6 (0x00000001) c.nop
core   0: 3 0x800075c6 (0x0001)
core   0: 0x800075c8 (0x00008c75) c.and   s0, a3
core   0: 3 0x800075c8 (0x8c75) x 8 0xffffffee
core   0: 0x800075ca (0x03b6bcb3) mulhu   s9, a3, s11
core   0: 3 0x800075ca (0x03b6bcb3) x25 0x00000000
core   0: 0x800075ce (0x0301c293) xori    t0, gp, 48
core   0: 3 0x800075ce (0x0301c293) x 5 0x00000210
core   0: 0x800075d2 (0x0247e5b3) rem     a1, a5, tp
core   0: 3 0x800075d2 (0x0247e5b3) x11 0x80000000
core   0: 0x800075d6 (0x000086ad) c.srai  a3, 11
core   0: 3 0x800075d6 (0x86ad) x13 0xffffffff
core   0: 0x800075d8 (0x0128ec33) or      s8, a7, s2
core   0: 3 0x800075d8 (0x0128ec33) x24 0x80000040
core   0: 0x800075dc (0x05b65163) bge     a2, s11, pc + 66
core   0: 3 0x800075dc (0x05b65163)
core   0: 0x8000761e (0x02bb42b3) div     t0, s6, a1
core   0: 3 0x8000761e (0x02bb42b3) x 5 0x00000000
core   0: 0x80007622 (0x85b2cd13) xori    s10, t0, -1957
core   0: 3 0x80007622 (0x85b2cd13) x26 0xfffff85b
core   0: 0x80007626 (0xcf9ff993) andi    s3, t6, -775
core   0: 3 0x80007626 (0xcf9ff993) x19 0x00000000
core   0: 0x8000762a (0x00008f0d) c.sub   a4, a1
core   0: 3 0x8000762a (0x8f0d) x14 0x7ffff90f
core   0: 0x8000762c (0x6e19f213) andi    tp, s3, 1761
core   0: 3 0x8000762c (0x6e19f213) x 4 0x00000000
core   0: 0x80007630 (0x02dcc833) div     a6, s9, a3
core   0: 3 0x80007630 (0x02dcc833) x16 0x00000000
core   0: 0x80007634 (0x40f755b3) sra     a1, a4, a5
core   0: 3 0x80007634 (0x40f755b3) x11 0x7ffff90f
core   0: 0x80007638 (0x0143bfb3) sltu    t6, t2, s4
core   0: 3 0x80007638 (0x0143bfb3) x31 0x00000001
core   0: 0x8000763c (0x03b18733) mul     a4, gp, s11
core   0: 3 0x8000763c (0x03b18733) x14 0x00000000
core   0: 0x80007640 (0x00f540b3) xor     ra, a0, a5
core   0: 3 0x80007640 (0x00f540b3) x 1 0x80000000
core   0: 0x80007644 (0x00008dcd) c.or    a1, a1
core   0: 3 0x80007644 (0x8dcd) x11 0x7ffff90f
core   0: 0x80007646 (0x0130d263) bge     ra, s3, pc + 4
core   0: 3 0x80007646 (0x0130d263)
core   0: 0x8000764a (0x016b16b3) sll     a3, s6, s6
core   0: 3 0x8000764a (0x016b16b3) x13 0x80000040
core   0: 0x8000764e (0x00008eb1) c.xor   a3, a2
core   0: 3 0x8000764e (0x8eb1) x13 0x80000040
core   0: 0x80007650 (0x019f76b3) and     a3, t5, s9
core   0: 3 0x80007650 (0x019f76b3) x13 0x00000000
core   0: 0x80007654 (0x00000918) c.addi4spn a4, sp, 144
core   0: 3 0x80007654 (0x0918) x14 0x0000007e
core   0: 0x80007656 (0x00008f06) c.mv    t5, ra
core   0: 3 0x80007656 (0x8f06) x30 0x80000000
core   0: 0x80007658 (0x0208bc33) mulhu   s8, a7, zero
core   0: 3 0x80007658 (0x0208bc33) x24 0x00000000
core   0: 0x8000765c (0x00095513) srli    a0, s2, 0
core   0: 3 0x8000765c (0x00095513) x10 0x00000000
core   0: 0x80007660 (0x03486733) rem     a4, a6, s4
core   0: 3 0x80007660 (0x03486733) x14 0x00000000
core   0: 0x80007664 (0xea152a13) slti    s4, a0, -351
core   0: 3 0x80007664 (0xea152a13) x20 0x00000000
core   0: 0x80007668 (0x00000331) c.addi  t1, 12
core   0: 3 0x80007668 (0x0331) x 6 0x0000000c
core   0: 0x8000766a (0xcaa7e913) ori     s2, a5, -854
core   0: 3 0x8000766a (0xcaa7e913) x18 0xfffffcaa
core   0: 0x8000766e (0x460f5c37) lui     s8, 0x460f5
core   0: 3 0x8000766e (0x460f5c37) x24 0x460f5000
core   0: 0x80007672 (0x00283cb3) sltu    s9, a6, sp
core   0: 3 0x80007672 (0x00283cb3) x25 0x00000001
core   0: 0x80007676 (0x71b8b3b7) lui     t2, 0x71b8b
core   0: 3 0x80007676 (0x71b8b3b7) x 7 0x71b8b000
core   0: 0x8000767a (0x00ddadb3) slt     s11, s11, a3
core   0: 3 0x8000767a (0x00ddadb3) x27 0x00000000
core   0: 0x8000767e (0x00400613) li      a2, 4
core   0: 3 0x8000767e (0x00400613) x12 0x00000004
core   0: 0x80007682 (0x4149d433) sra     s0, s3, s4
core   0: 3 0x80007682 (0x4149d433) x 8 0x00000000
core   0: 0x80007686 (0xff000d93) li      s11, -16
core   0: 3 0x80007686 (0xff000d93) x27 0xfffffff0
core   0: 0x8000768a (0x03e0bfb3) mulhu   t6, ra, t5
core   0: 3 0x8000768a (0x03e0bfb3) x31 0x40000000
core   0: 0x8000768e (0x00001671) c.addi  a2, -4
core   0: 3 0x8000768e (0x1671) x12 0x00000000
core   0: 0x80007690 (0x00008e8d) c.sub   a3, a1
core   0: 3 0x80007690 (0x8e8d) x13 0x800006f1
core   0: 0x80007692 (0x08d20e13) addi    t3, tp, 141
core   0: 3 0x80007692 (0x08d20e13) x28 0x0000008d
core   0: 0x80007696 (0xff600293) li      t0, -10
core   0: 3 0x80007696 (0xff600293) x 5 0xfffffff6
core   0: 0x8000769a (0x53472993) slti    s3, a4, 1332
core   0: 3 0x8000769a (0x53472993) x19 0x00000001
core   0: 0x8000769e (0xffe00f13) li      t5, -2
core   0: 3 0x8000769e (0xffe00f13) x30 0xfffffffe
core   0: 0x800076a2 (0x024033b3) mulhu   t2, zero, tp
core   0: 3 0x800076a2 (0x024033b3) x 7 0x00000000
core   0: 0x800076a6 (0x00008b51) c.andi  a4, 20
core   0: 3 0x800076a6 (0x8b51) x14 0x00000000
core   0: 0x800076a8 (0x000002a9) c.addi  t0, 10
core   0: 3 0x800076a8 (0x02a9) x 5 0x00000000
core   0: 0x800076aa (0xffe2cee3) blt     t0, t5, pc - 4
core   0: 3 0x800076aa (0xffe2cee3)
core   0: 0x800076ae (0xfdb61ee3) bne     a2, s11, pc - 36
core   0: 3 0x800076ae (0xfdb61ee3)
core   0: 0x8000768a (0x03e0bfb3) mulhu   t6, ra, t5
core   0: 3 0x8000768a (0x03e0bfb3) x31 0x7fffffff
core   0: 0x8000768e (0x00001671) c.addi  a2, -4
core   0: 3 0x8000768e (0x1671) x12 0xfffffffc
core   0: 0x80007690 (0x00008e8d) c.sub   a3, a1
core   0: 3 0x80007690 (0x8e8d) x13 0x00000de2
core   0: 0x80007692 (0x08d20e13) addi    t3, tp, 141
core   0: 3 0x80007692 (0x08d20e13) x28 0x0000008d
core   0: 0x80007696 (0xff600293) li      t0, -10
core   0: 3 0x80007696 (0xff600293) x 5 0xfffffff6
core   0: 0x8000769a (0x53472993) slti    s3, a4, 1332
core   0: 3 0x8000769a (0x53472993) x19 0x00000001
core   0: 0x8000769e (0xffe00f13) li      t5, -2
core   0: 3 0x8000769e (0xffe00f13) x30 0xfffffffe
core   0: 0x800076a2 (0x024033b3) mulhu   t2, zero, tp
core   0: 3 0x800076a2 (0x024033b3) x 7 0x00000000
core   0: 0x800076a6 (0x00008b51) c.andi  a4, 20
core   0: 3 0x800076a6 (0x8b51) x14 0x00000000
core   0: 0x800076a8 (0x000002a9) c.addi  t0, 10
core   0: 3 0x800076a8 (0x02a9) x 5 0x00000000
core   0: 0x800076aa (0xffe2cee3) blt     t0, t5, pc - 4
core   0: 3 0x800076aa (0xffe2cee3)
core   0: 0x800076ae (0xfdb61ee3) bne     a2, s11, pc - 36
core   0: 3 0x800076ae (0xfdb61ee3)
core   0: 0x8000768a (0x03e0bfb3) mulhu   t6, ra, t5
core   0: 3 0x8000768a (0x03e0bfb3) x31 0x7fffffff
core   0: 0x8000768e (0x00001671) c.addi  a2, -4
core   0: 3 0x8000768e (0x1671) x12 0xfffffff8
core   0: 0x80007690 (0x00008e8d) c.sub   a3, a1
core   0: 3 0x80007690 (0x8e8d) x13 0x800014d3
core   0: 0x80007692 (0x08d20e13) addi    t3, tp, 141
core   0: 3 0x80007692 (0x08d20e13) x28 0x0000008d
core   0: 0x80007696 (0xff600293) li      t0, -10
core   0: 3 0x80007696 (0xff600293) x 5 0xfffffff6
core   0: 0x8000769a (0x53472993) slti    s3, a4, 1332
core   0: 3 0x8000769a (0x53472993) x19 0x00000001
core   0: 0x8000769e (0xffe00f13) li      t5, -2
core   0: 3 0x8000769e (0xffe00f13) x30 0xfffffffe
core   0: 0x800076a2 (0x024033b3) mulhu   t2, zero, tp
core   0: 3 0x800076a2 (0x024033b3) x 7 0x00000000
core   0: 0x800076a6 (0x00008b51) c.andi  a4, 20
core   0: 3 0x800076a6 (0x8b51) x14 0x00000000
core   0: 0x800076a8 (0x000002a9) c.addi  t0, 10
core   0: 3 0x800076a8 (0x02a9) x 5 0x00000000
core   0: 0x800076aa (0xffe2cee3) blt     t0, t5, pc - 4
core   0: 3 0x800076aa (0xffe2cee3)
core   0: 0x800076ae (0xfdb61ee3) bne     a2, s11, pc - 36
core   0: 3 0x800076ae (0xfdb61ee3)
core   0: 0x8000768a (0x03e0bfb3) mulhu   t6, ra, t5
core   0: 3 0x8000768a (0x03e0bfb3) x31 0x7fffffff
core   0: 0x8000768e (0x00001671) c.addi  a2, -4
core   0: 3 0x8000768e (0x1671) x12 0xfffffff4
core   0: 0x80007690 (0x00008e8d) c.sub   a3, a1
core   0: 3 0x80007690 (0x8e8d) x13 0x00001bc4
core   0: 0x80007692 (0x08d20e13) addi    t3, tp, 141
core   0: 3 0x80007692 (0x08d20e13) x28 0x0000008d
core   0: 0x80007696 (0xff600293) li      t0, -10
core   0: 3 0x80007696 (0xff600293) x 5 0xfffffff6
core   0: 0x8000769a (0x53472993) slti    s3, a4, 1332
core   0: 3 0x8000769a (0x53472993) x19 0x00000001
core   0: 0x8000769e (0xffe00f13) li      t5, -2
core   0: 3 0x8000769e (0xffe00f13) x30 0xfffffffe
core   0: 0x800076a2 (0x024033b3) mulhu   t2, zero, tp
core   0: 3 0x800076a2 (0x024033b3) x 7 0x00000000
core   0: 0x800076a6 (0x00008b51) c.andi  a4, 20
core   0: 3 0x800076a6 (0x8b51) x14 0x00000000
core   0: 0x800076a8 (0x000002a9) c.addi  t0, 10
core   0: 3 0x800076a8 (0x02a9) x 5 0x00000000
core   0: 0x800076aa (0xffe2cee3) blt     t0, t5, pc - 4
core   0: 3 0x800076aa (0xffe2cee3)
core   0: 0x800076ae (0xfdb61ee3) bne     a2, s11, pc - 36
core   0: 3 0x800076ae (0xfdb61ee3)
core   0: 0x8000768a (0x03e0bfb3) mulhu   t6, ra, t5
core   0: 3 0x8000768a (0x03e0bfb3) x31 0x7fffffff
core   0: 0x8000768e (0x00001671) c.addi  a2, -4
core   0: 3 0x8000768e (0x1671) x12 0xfffffff0
core   0: 0x80007690 (0x00008e8d) c.sub   a3, a1
core   0: 3 0x80007690 (0x8e8d) x13 0x800022b5
core   0: 0x80007692 (0x08d20e13) addi    t3, tp, 141
core   0: 3 0x80007692 (0x08d20e13) x28 0x0000008d
core   0: 0x80007696 (0xff600293) li      t0, -10
core   0: 3 0x80007696 (0xff600293) x 5 0xfffffff6
core   0: 0x8000769a (0x53472993) slti    s3, a4, 1332
core   0: 3 0x8000769a (0x53472993) x19 0x00000001
core   0: 0x8000769e (0xffe00f13) li      t5, -2
core   0: 3 0x8000769e (0xffe00f13) x30 0xfffffffe
core   0: 0x800076a2 (0x024033b3) mulhu   t2, zero, tp
core   0: 3 0x800076a2 (0x024033b3) x 7 0x00000000
core   0: 0x800076a6 (0x00008b51) c.andi  a4, 20
core   0: 3 0x800076a6 (0x8b51) x14 0x00000000
core   0: 0x800076a8 (0x000002a9) c.addi  t0, 10
core   0: 3 0x800076a8 (0x02a9) x 5 0x00000000
core   0: 0x800076aa (0xffe2cee3) blt     t0, t5, pc - 4
core   0: 3 0x800076aa (0xffe2cee3)
core   0: 0x800076ae (0xfdb61ee3) bne     a2, s11, pc - 36
core   0: 3 0x800076ae (0xfdb61ee3)
core   0: 0x800076b2 (0x02a299b3) mulh    s3, t0, a0
core   0: 3 0x800076b2 (0x02a299b3) x19 0x00000000
core   0: 0x800076b6 (0x45eda693) slti    a3, s11, 1118
core   0: 3 0x800076b6 (0x45eda693) x13 0x00000001
core   0: 0x800076ba (0x0179ea63) bltu    s3, s7, pc + 20
core   0: 3 0x800076ba (0x0179ea63)
core   0: 0x800076ce (0x00fb51b3) srl     gp, s6, a5
core   0: 3 0x800076ce (0x00fb51b3) x 3 0x80000040
core   0: 0x800076d2 (0x00008c4a) c.mv    s8, s2
core   0: 3 0x800076d2 (0x8c4a) x24 0xfffffcaa
core   0: 0x800076d4 (0x01602d33) slt     s10, zero, s6
core   0: 3 0x800076d4 (0x01602d33) x26 0x00000000
core   0: 0x800076d8 (0x0000685d) c.lui   a6, 0x17
core   0: 3 0x800076d8 (0x685d) x16 0x00017000
core   0: 0x800076da (0x036c4233) div     tp, s8, s6
core   0: 3 0x800076da (0x036c4233) x 4 0x00000000
core   0: 0x800076de (0x002ed863) bge     t4, sp, pc + 16
core   0: 3 0x800076de (0x002ed863)
core   0: 0x800076e2 (0x023ae363) bltu    s5, gp, pc + 38
core   0: 3 0x800076e2 (0x023ae363)
core   0: 0x800076e6 (0x79ed0193) addi    gp, s10, 1950
core   0: 3 0x800076e6 (0x79ed0193) x 3 0x0000079e
core   0: 0x800076ea (0x6aa40113) addi    sp, s0, 1706
core   0: 3 0x800076ea (0x6aa40113) x 2 0x000006aa
core   0: 0x800076ee (0x026618b3) mulh    a7, a2, t1
core   0: 3 0x800076ee (0x026618b3) x17 0xffffffff
core   0: 0x800076f2 (0xfd24b813) sltiu   a6, s1, -46
core   0: 3 0x800076f2 (0xfd24b813) x16 0x00000001
core   0: 0x800076f6 (0x0149f633) and     a2, s3, s4
core   0: 3 0x800076f6 (0x0149f633) x12 0x00000000
core   0: 0x800076fa (0x41ab0ab3) sub     s5, s6, s10
core   0: 3 0x800076fa (0x41ab0ab3) x21 0x80000040
core   0: 0x800076fe (0x01a0dd33) srl     s10, ra, s10
core   0: 3 0x800076fe (0x01a0dd33) x26 0x80000000
core   0: 0x80007702 (0x0000140c) c.addi4spn a1, sp, 544
core   0: 3 0x80007702 (0x140c) x11 0x000008ca
core   0: 0x80007704 (0x40abd933) sra     s2, s7, a0
core   0: 3 0x80007704 (0x40abd933) x18 0x80021e64
core   0: 0x80007708 (0x00008ee9) c.and   a3, a0
core   0: 3 0x80007708 (0x8ee9) x13 0x00000000
core   0: 0x8000770a (0x0000c81d) c.beqz  s0, pc + 54
core   0: 3 0x8000770a (0xc81d)
core   0: 0x80007740 (0x031cb3b3) mulhu   t2, s9, a7
core   0: 3 0x80007740 (0x031cb3b3) x 7 0x00000000
core   0: 0x80007744 (0x00008a91) c.andi  a3, 4
core   0: 3 0x80007744 (0x8a91) x13 0x00000000
core   0: 0x80007746 (0xada0f413) andi    s0, ra, -1318
core   0: 3 0x80007746 (0xada0f413) x 8 0x80000000
core   0: 0x8000774a (0x03220ab3) mul     s5, tp, s2
core   0: 3 0x8000774a (0x03220ab3) x21 0x00000000
core   0: 0x8000774e (0x0ff0000f) fence   iorw,iorw
core   0: 3 0x8000774e (0x0ff0000f)
core   0: 0x80007752 (0x40e95033) sra     zero, s2, a4
core   0: 3 0x80007752 (0x40e95033)
core   0: 0x80007756 (0x02d61733) mulh    a4, a2, a3
core   0: 3 0x80007756 (0x02d61733) x14 0x00000000
core   0: 0x8000775a (0x02cb0b63) beq     s6, a2, pc + 54
core   0: 3 0x8000775a (0x02cb0b63)
core   0: 0x8000775e (0x01f1bb33) sltu    s6, gp, t6
core   0: 3 0x8000775e (0x01f1bb33) x22 0x00000001
core   0: 0x80007762 (0x017280b3) add     ra, t0, s7
core   0: 3 0x80007762 (0x017280b3) x 1 0x80021e64
core   0: 0x80007766 (0x004b9a63) bne     s7, tp, pc + 20
core   0: 3 0x80007766 (0x004b9a63)
core   0: 0x8000777a (0x02c44a63) blt     s0, a2, pc + 52
core   0: 3 0x8000777a (0x02c44a63)
core   0: 0x800077ae (0x02be3b33) mulhu   s6, t3, a1
core   0: 3 0x800077ae (0x02be3b33) x22 0x00000000
core   0: 0x800077b2 (0x01a59263) bne     a1, s10, pc + 4
core   0: 3 0x800077b2 (0x01a59263)
core   0: 0x800077b6 (0x01a55cb3) srl     s9, a0, s10
core   0: 3 0x800077b6 (0x01a55cb3) x25 0x00000000
core   0: 0x800077ba (0x00008e95) c.sub   a3, a3
core   0: 3 0x800077ba (0x8e95) x13 0x00000000
core   0: 0x800077bc (0x02622333) mulhsu  t1, tp, t1
core   0: 3 0x800077bc (0x02622333) x 6 0x00000000
core   0: 0x800077c0 (0x04459363) bne     a1, tp, pc + 70
core   0: 3 0x800077c0 (0x04459363)
core   0: 0x80007806 (0x036a4b33) div     s6, s4, s6
core   0: 3 0x80007806 (0x036a4b33) x22 0xffffffff
core   0: 0x8000780a (0x00a6fd33) and     s10, a3, a0
core   0: 3 0x8000780a (0x00a6fd33) x26 0x00000000
core   0: 0x8000780e (0x0000610d) c.addi16sp sp, 160
core   0: 3 0x8000780e (0x610d) x 2 0x0000074a
core   0: 0x80007810 (0x00207563) bgeu    zero, sp, pc + 10
core   0: 3 0x80007810 (0x00207563)
core   0: 0x80007814 (0x00008e31) c.xor   a2, a2
core   0: 3 0x80007814 (0x8e31) x12 0x00000000
core   0: 0x80007816 (0x03299d63) bne     s3, s2, pc + 58
core   0: 3 0x80007816 (0x03299d63)
core   0: 0x80007850 (0x022ee163) bltu    t4, sp, pc + 34
core   0: 3 0x80007850 (0x022ee163)
core   0: 0x80007854 (0x0000ed09) c.bnez  a0, pc + 26
core   0: 3 0x80007854 (0xed09)
core   0: 0x80007856 (0x033570b3) remu    ra, a0, s3
core   0: 3 0x80007856 (0x033570b3) x 1 0x00000000
core   0: 0x8000785a (0x01a24533) xor     a0, tp, s10
core   0: 3 0x8000785a (0x01a24533) x10 0x00000000
core   0: 0x8000785e (0x00000001) c.nop
core   0: 3 0x8000785e (0x0001)
core   0: 0x80007860 (0x034fd0b3) divu    ra, t6, s4
core   0: 3 0x80007860 (0x034fd0b3) x 1 0xffffffff
core   0: 0x80007864 (0x00037633) and     a2, t1, zero
core   0: 3 0x80007864 (0x00037633) x12 0x00000000
core   0: 0x80007868 (0x00008c0d) c.sub   s0, a1
core   0: 3 0x80007868 (0x8c0d) x 8 0x7ffff736
core   0: 0x8000786a (0x05035e17) auipc   t3, 0x5035
core   0: 3 0x8000786a (0x05035e17) x28 0x8503c86a
core   0: 0x8000786e (0x026dd233) divu    tp, s11, t1
core   0: 3 0x8000786e (0x026dd233) x 4 0xffffffff
core   0: 0x80007872 (0x00000001) c.nop
core   0: 3 0x80007872 (0x0001)
core   0: 0x80007874 (0x00357db3) and     s11, a0, gp
core   0: 3 0x80007874 (0x00357db3) x27 0x00000000
core   0: 0x80007878 (0x0012da33) srl     s4, t0, ra
core   0: 3 0x80007878 (0x0012da33) x20 0x00000000
core   0: 0x8000787c (0x6e153c13) sltiu   s8, a0, 1761
core   0: 3 0x8000787c (0x6e153c13) x24 0x00000001
core   0: 0x80007880 (0x00a1c033) xor     zero, gp, a0
core   0: 3 0x80007880 (0x00a1c033)
core   0: 0x80007884 (0x0104cd33) xor     s10, s1, a6
core   0: 3 0x80007884 (0x0104cd33) x26 0x80025ce5
core   0: 0x80007888 (0xd8e83c93) sltiu   s9, a6, -626
core   0: 3 0x80007888 (0xd8e83c93) x25 0x00000001
core   0: 0x8000788c (0x02d2ea63) bltu    t0, a3, pc + 52
core   0: 3 0x8000788c (0x02d2ea63)
core   0: 0x80007890 (0x41220233) sub     tp, tp, s2
core   0: 3 0x80007890 (0x41220233) x 4 0x7ffde19b
core   0: 0x80007894 (0x00900b63) beq     zero, s1, pc + 22
core   0: 3 0x80007894 (0x00900b63)
core   0: 0x80007898 (0x03fcc033) div     zero, s9, t6
core   0: 3 0x80007898 (0x03fcc033)
core   0: 0x8000789c (0x02f7dfb3) divu    t6, a5, a5
core   0: 3 0x8000789c (0x02f7dfb3) x31 0x00000001
core   0: 0x800078a0 (0x00001180) c.addi4spn s0, sp, 224
core   0: 3 0x800078a0 (0x1180) x 8 0x0000082a
core   0: 0x800078a2 (0x86c999b7) lui     s3, 0x86c99
core   0: 3 0x800078a2 (0x86c999b7) x19 0x86c99000
core   0: 0x800078a6 (0x032db0b3) mulhu   ra, s11, s2
core   0: 3 0x800078a6 (0x032db0b3) x 1 0x00000000
core   0: 0x800078aa (0x00e02fb3) slt     t6, zero, a4
core   0: 3 0x800078aa (0x00e02fb3) x31 0x00000000
core   0: 0x800078ae (0x4026df33) sra     t5, a3, sp
core   0: 3 0x800078ae (0x4026df33) x30 0x00000000
core   0: 0x800078b2 (0x00b79963) bne     a5, a1, pc + 18
core   0: 3 0x800078b2 (0x00b79963)
core   0: 0x800078c4 (0x015e11b3) sll     gp, t3, s5
core   0: 3 0x800078c4 (0x015e11b3) x 3 0x8503c86a
core   0: 0x800078c8 (0x4126dd93) srai    s11, a3, 18
core   0: 3 0x800078c8 (0x4126dd93) x27 0x00000000
core   0: 0x800078cc (0x33c58193) addi    gp, a1, 828
core   0: 3 0x800078cc (0x33c58193) x 3 0x00000c06
core   0: 0x800078d0 (0x01e46b33) or      s6, s0, t5
core   0: 3 0x800078d0 (0x01e46b33) x22 0x0000082a
core   0: 0x800078d4 (0x0360c063) blt     ra, s6, pc + 32
core   0: 3 0x800078d4 (0x0360c063)
core   0: 0x800078f4 (0x00004ee9) c.li    t4, 26
core   0: 3 0x800078f4 (0x4ee9) x29 0x0000001a
core   0: 0x800078f6 (0x01791213) slli    tp, s2, 23
core   0: 3 0x800078f6 (0x01791213) x 4 0x32000000
core   0: 0x800078fa (0x0193cdb3) xor     s11, t2, s9
core   0: 3 0x800078fa (0x0193cdb3) x27 0x00000001
core   0: 0x800078fe (0x0000717d) c.addi16sp sp, -16
core   0: 3 0x800078fe (0x717d) x 2 0x0000073a
core   0: 0x80007900 (0x00006e8d) c.lui   t4, 0x3
core   0: 3 0x80007900 (0x6e8d) x29 0x00003000
core   0: 0x80007902 (0x02defb63) bgeu    t4, a3, pc + 54
core   0: 3 0x80007902 (0x02defb63)
core   0: 0x80007938 (0x806eb697) auipc   a3, 0x806eb
core   0: 3 0x80007938 (0x806eb697) x13 0x006f2938
core   0: 0x8000793c (0x00008e95) c.sub   a3, a3
core   0: 3 0x8000793c (0x8e95) x13 0x00000000
core   0: 0x8000793e (0x0000997d) c.andi  a0, -1
core   0: 3 0x8000793e (0x997d) x10 0x00000000
core   0: 0x80007940 (0x0308d6b3) divu    a3, a7, a6
core   0: 3 0x80007940 (0x0308d6b3) x13 0xffffffff
core   0: 0x80007944 (0x40e95e93) srai    t4, s2, 14
core   0: 3 0x80007944 (0x40e95e93) x29 0xfffe0008
core   0: 0x80007948 (0x014a6b63) bltu    s4, s4, pc + 22
core   0: 3 0x80007948 (0x014a6b63)
core   0: 0x8000794c (0x4ecfb193) sltiu   gp, t6, 1260
core   0: 3 0x8000794c (0x4ecfb193) x 3 0x00000001
core   0: 0x80007950 (0xf231b113) sltiu   sp, gp, -221
core   0: 3 0x80007950 (0xf231b113) x 2 0x00000001
core   0: 0x80007954 (0x009818b3) sll     a7, a6, s1
core   0: 3 0x80007954 (0x009818b3) x17 0x00000010
core   0: 0x80007958 (0xb5f54cb7) lui     s9, 0xb5f54
core   0: 3 0x80007958 (0xb5f54cb7) x25 0xb5f54000
core   0: 0x8000795c (0x00008c45) c.or    s0, s1
core   0: 3 0x8000795c (0x8c45) x 8 0x80025cee
core   0: 0x8000795e (0x00001790) c.addi4spn a2, sp, 992
core   0: 3 0x8000795e (0x1790) x12 0x000003e1
core   0: 0x80007960 (0x00009b7d) c.andi  a4, -1
core   0: 3 0x80007960 (0x9b7d) x14 0x00000000
core   0: 0x80007962 (0x0000051e) c.slli  a0, 7
core   0: 3 0x80007962 (0x051e) x10 0x00000000
core   0: 0x80007964 (0x000061f9) c.lui   gp, 0x1e
core   0: 3 0x80007964 (0x61f9) x 3 0x0001e000
core   0: 0x80007966 (0x0ff0000f) fence   iorw,iorw
core   0: 3 0x80007966 (0x0ff0000f)
core   0: 0x8000796a (0x25ec0193) addi    gp, s8, 606
core   0: 3 0x8000796a (0x25ec0193) x 3 0x0000025f
core   0: 0x8000796e (0x00008a1d) c.andi  a2, 7
core   0: 3 0x8000796e (0x8a1d) x12 0x00000001
core   0: 0x80007970 (0x0000e209) c.bnez  a2, pc + 2
core   0: 3 0x80007970 (0xe209)
core   0: 0x80007972 (0x0ff0000f) fence   iorw,iorw
core   0: 3 0x80007972 (0x0ff0000f)
core   0: 0x80007976 (0x00008e6d) c.and   a2, a1
core   0: 3 0x80007976 (0x8e6d) x12 0x00000000
core   0: 0x80007978 (0x0000100f) fence.i
core   0: 3 0x80007978 (0x0000100f)
core   0: 0x8000797c (0x8baa8593) addi    a1, s5, -1862
core   0: 3 0x8000797c (0x8baa8593) x11 0xfffff8ba
core   0: 0x80007980 (0x00008f15) c.sub   a4, a3
core   0: 3 0x80007980 (0x8f15) x14 0x00000001
core   0: 0x80007982 (0x00009afd) c.andi  a3, -1
core   0: 3 0x80007982 (0x9afd) x13 0xffffffff
core   0: 0x80007984 (0x02edd433) divu    s0, s11, a4
core   0: 3 0x80007984 (0x02edd433) x 8 0x00000001
core   0: 0x80007988 (0x0310bfb3) mulhu   t6, ra, a7
core   0: 3 0x80007988 (0x0310bfb3) x31 0x00000000
core   0: 0x8000798c (0x31d3bf93) sltiu   t6, t2, 797
core   0: 3 0x8000798c (0x31d3bf93) x31 0x00000001
core   0: 0x80007990 (0xd2820b13) addi    s6, tp, -728
core   0: 3 0x80007990 (0xd2820b13) x22 0x31fffd28
core   0: 0x80007994 (0x03f76433) rem     s0, a4, t6
core   0: 3 0x80007994 (0x03f76433) x 8 0x00000000
core   0: 0x80007998 (0x0000100f) fence.i
core   0: 3 0x80007998 (0x0000100f)
core   0: 0x8000799c (0x00c7e763) bltu    a5, a2, pc + 14
core   0: 3 0x8000799c (0x00c7e763)
core   0: 0x800079a0 (0x00000001) c.nop
core   0: 3 0x800079a0 (0x0001)
core   0: 0x800079a2 (0x00000001) c.nop
core   0: 3 0x800079a2 (0x0001)
core   0: 0x800079a4 (0x000082b9) c.srli  a3, 14
core   0: 3 0x800079a4 (0x82b9) x13 0x0003ffff
core   0: 0x800079a6 (0x03e7fcb3) remu    s9, a5, t5
core   0: 3 0x800079a6 (0x03e7fcb3) x25 0x80000000
core   0: 0x800079aa (0x31714393) xori    t2, sp, 791
core   0: 3 0x800079aa (0x31714393) x 7 0x00000316
core   0: 0x800079ae (0x03f3c633) div     a2, t2, t6
core   0: 3 0x800079ae (0x03f3c633) x12 0x00000316
core   0: 0x800079b2 (0x033008b3) mul     a7, zero, s3
core   0: 3 0x800079b2 (0x033008b3) x17 0x00000000
core   0: 0x800079b6 (0x01c39533) sll     a0, t2, t3
core   0: 3 0x800079b6 (0x01c39533) x10 0x000c5800
core   0: 0x800079ba (0x00000001) c.nop
core   0: 3 0x800079ba (0x0001)
core   0: 0x800079bc (0x63dbdf37) lui     t5, 0x63dbd
core   0: 3 0x800079bc (0x63dbdf37) x30 0x63dbd000
core   0: 0x800079c0 (0x031d03b3) mul     t2, s10, a7
core   0: 3 0x800079c0 (0x031d03b3) x 7 0x00000000
core   0: 0x800079c4 (0x00008ddd) c.or    a1, a5
core   0: 3 0x800079c4 (0x8ddd) x11 0xfffff8ba
core   0: 0x800079c6 (0x18457db7) lui     s11, 0x18457
core   0: 3 0x800079c6 (0x18457db7) x27 0x18457000
core   0: 0x800079ca (0x01c01993) slli    s3, zero, 28
core   0: 3 0x800079ca (0x01c01993) x19 0x00000000
core   0: 0x800079ce (0x001ffe63) bgeu    t6, ra, pc + 28
core   0: 3 0x800079ce (0x001ffe63)
core   0: 0x800079ea (0x011d5293) srli    t0, s10, 17
core   0: 3 0x800079ea (0x011d5293) x 5 0x00004001
core   0: 0x800079ee (0x00000001) c.nop
core   0: 3 0x800079ee (0x0001)
core   0: 0x800079f0 (0x038208b3) mul     a7, tp, s8
core   0: 3 0x800079f0 (0x038208b3) x17 0x32000000
core   0: 0x800079f4 (0x000088b2) c.mv    a7, a2
core   0: 3 0x800079f4 (0x88b2) x17 0x00000316
core   0: 0x800079f6 (0x004aa6b3) slt     a3, s5, tp
core   0: 3 0x800079f6 (0x004aa6b3) x13 0x00000001
core   0: 0x800079fa (0x02b84633) div     a2, a6, a1
core   0: 3 0x800079fa (0x02b84633) x12 0x00000000
core   0: 0x800079fe (0x00008ef6) c.mv    t4, t4
core   0: 3 0x800079fe (0x8ef6) x29 0xfffe0008
core   0: 0x80007a00 (0x012c0f33) add     t5, s8, s2
core   0: 3 0x80007a00 (0x012c0f33) x30 0x80021e65
core   0: 0x80007a04 (0x034010b3) mulh    ra, zero, s4
core   0: 3 0x80007a04 (0x034010b3) x 1 0x00000000
core   0: 0x80007a08 (0x0000cb09) c.beqz  a4, pc + 18
core   0: 3 0x80007a08 (0xcb09)
core   0: 0x80007a0a (0xbe827f13) andi    t5, tp, -1048
core   0: 3 0x80007a0a (0xbe827f13) x30 0x32000000
core   0: 0x80007a0e (0x02c24563) blt     tp, a2, pc + 42
core   0: 3 0x80007a0e (0x02c24563)
core   0: 0x80007a12 (0x02fabdb3) mulhu   s11, s5, a5
core   0: 3 0x80007a12 (0x02fabdb3) x27 0x00000000
core   0: 0x80007a16 (0x03e39a63) bne     t2, t5, pc + 52
core   0: 3 0x80007a16 (0x03e39a63)
core   0: 0x80007a4a (0x00f09f63) bne     ra, a5, pc + 30
core   0: 3 0x80007a4a (0x00f09f63)
core   0: 0x80007a68 (0x00008ec5) c.or    a3, s1
core   0: 3 0x80007a68 (0x8ec5) x13 0x80025ce5
core   0: 0x80007a6a (0x648b7a17) auipc   s4, 0x648b7
core   0: 3 0x80007a6a (0x648b7a17) x20 0xe48bea6a
core   0: 0x80007a6e (0x031fc833) div     a6, t6, a7
core   0: 3 0x80007a6e (0x031fc833) x16 0x00000000
core   0: 0x80007a72 (0x0374bc33) mulhu   s8, s1, s7
core   0: 3 0x80007a72 (0x0374bc33) x24 0x40023da9
core   0: 0x80007a76 (0x00008ec5) c.or    a3, s1
core   0: 3 0x80007a76 (0x8ec5) x13 0x80025ce5
core   0: 0x80007a78 (0x0000717d) c.addi16sp sp, -16
core   0: 3 0x80007a78 (0x717d) x 2 0xfffffff1
core   0: 0x80007a7a (0x00009e1e) c.add   t3, t2
core   0: 3 0x80007a7a (0x9e1e) x28 0x8503c86a
core   0: 0x80007a7c (0x414dd413) srai    s0, s11, 20
core   0: 3 0x80007a7c (0x414dd413) x 8 0x00000000
core   0: 0x80007a80 (0x003b39b3) sltu    s3, s6, gp
core   0: 3 0x80007a80 (0x003b39b3) x19 0x00000000
core   0: 0x80007a84 (0x000003cd) c.addi  t2, 19
core   0: 3 0x80007a84 (0x03cd) x 7 0x00000013
core   0: 0x80007a86 (0x01fbd5b3) srl     a1, s7, t6
core   0: 3 0x80007a86 (0x01fbd5b3) x11 0x40010f32
core   0: 0x80007a8a (0x009a1863) bne     s4, s1, pc + 16
core   0: 3 0x80007a8a (0x009a1863)
core   0: 0x80007a9a (0xb5daa593) slti    a1, s5, -1187
core   0: 3 0x80007a9a (0xb5daa593) x11 0x00000000
core   0: 0x80007a9e (0x00008c35) c.xor   s0, a3
core   0: 3 0x80007a9e (0x8c35) x 8 0x80025ce5
core   0: 0x80007aa0 (0x055e6163) bltu    t3, s5, pc + 66
core   0: 3 0x80007aa0 (0x055e6163)
core   0: 0x80007aa4 (0x00da9993) slli    s3, s5, 13
core   0: 3 0x80007aa4 (0x00da9993) x19 0x00000000
core   0: 0x80007aa8 (0xead74e93) xori    t4, a4, -339
core   0: 3 0x80007aa8 (0xead74e93) x29 0xfffffeac
core   0: 0x80007aac (0x00008e05) c.sub   a2, s1
core   0: 3 0x80007aac (0x8e05) x12 0x7ffda31c
core   0: 0x80007aae (0x01dbe733) or      a4, s7, t4
core   0: 3 0x80007aae (0x01dbe733) x14 0xfffffeec
core   0: 0x80007ab2 (0x0000ca85) c.beqz  a3, pc + 48
core   0: 3 0x80007ab2 (0xca85)
core   0: 0x80007ab4 (0x00009f9a) c.add   t6, t1
core   0: 3 0x80007ab4 (0x9f9a) x31 0x00000001
core   0: 0x80007ab6 (0x40a605b3) sub     a1, a2, a0
core   0: 3 0x80007ab6 (0x40a605b3) x11 0x7ff14b1c
core   0: 0x80007aba (0x52bf3f93) sltiu   t6, t5, 1323
core   0: 3 0x80007aba (0x52bf3f93) x31 0x00000000
core   0: 0x80007abe (0x026dfab3) remu    s5, s11, t1
core   0: 3 0x80007abe (0x026dfab3) x21 0x00000000
core   0: 0x80007ac2 (0x0000100f) fence.i
core   0: 3 0x80007ac2 (0x0000100f)
core   0: 0x80007ac6 (0x0000cc1d) c.beqz  s0, pc + 62
core   0: 3 0x80007ac6 (0xcc1d)
core   0: 0x80007ac8 (0x9dadb893) sltiu   a7, s11, -1574
core   0: 3 0x80007ac8 (0x9dadb893) x17 0x00000001
core   0: 0x80007acc (0x00f38a33) add     s4, t2, a5
core   0: 3 0x80007acc (0x00f38a33) x20 0x80000013
core   0: 0x80007ad0 (0x01293933) sltu    s2, s2, s2
core   0: 3 0x80007ad0 (0x01293933) x18 0x00000000
core   0: 0x80007ad4 (0x00008736) c.mv    a4, a3
core   0: 3 0x80007ad4 (0x8736) x14 0x80025ce5
core   0: 0x80007ad6 (0x692fba93) sltiu   s5, t6, 1682
core   0: 3 0x80007ad6 (0x692fba93) x21 0x00000001
core   0: 0x80007ada (0x02077563) bgeu    a4, zero, pc + 42
core   0: 3 0x80007ada (0x02077563)
core   0: 0x80007b04 (0x03e48a33) mul     s4, s1, t5
core   0: 3 0x80007b04 (0x03e48a33) x20 0x88000000
core   0: 0x80007b08 (0x00008c5d) c.or    s0, a5
core   0: 3 0x80007b08 (0x8c5d) x 8 0x80025ce5
core   0: 0x80007b0a (0x00e0aab3) slt     s5, ra, a4
core   0: 3 0x80007b0a (0x00e0aab3) x21 0x00000000
core   0: 0x80007b0e (0x037cd3b3) divu    t2, s9, s7
core   0: 3 0x80007b0e (0x037cd3b3) x 7 0x00000000
core   0: 0x80007b12 (0x0000eb05) c.bnez  a4, pc + 48
core   0: 3 0x80007b12 (0xeb05)
core   0: 0x80007b42 (0x005ac263) blt     s5, t0, pc + 4
core   0: 3 0x80007b42 (0x005ac263)
core   0: 0x80007b46 (0x6841e013) ori     zero, gp, 1668
core   0: 3 0x80007b46 (0x6841e013)
core   0: 0x80007b4a (0x03420c33) mul     s8, tp, s4
core   0: 3 0x80007b4a (0x03420c33) x24 0x00000000
core   0: 0x80007b4e (0x00008ea5) c.xor   a3, s1
core   0: 3 0x80007b4e (0x8ea5) x13 0x00000001
core   0: 0x80007b50 (0x55fcac93) slti    s9, s9, 1375
core   0: 3 0x80007b50 (0x55fcac93) x25 0x00000001
core   0: 0x80007b54 (0x02fba8b3) mulhsu  a7, s7, a5
core   0: 3 0x80007b54 (0x02fba8b3) x17 0xc0010f32
core   0: 0x80007b58 (0x0000811d) c.srli  a0, 7
core   0: 3 0x80007b58 (0x811d) x10 0x000018b0
core   0: 0x80007b5a (0x000096ae) c.add   a3, a1
core   0: 3 0x80007b5a (0x96ae) x13 0x7ff14b1d
core   0: 0x80007b5c (0x0202d3b3) divu    t2, t0, zero
core   0: 3 0x80007b5c (0x0202d3b3) x 7 0xffffffff
core   0: 0x80007b60 (0x2e048213) addi    tp, s1, 736
core   0: 3 0x80007b60 (0x2e048213) x 4 0x80025fc4
core   0: 0x80007b64 (0x00378b63) beq     a5, gp, pc + 22
core   0: 3 0x80007b64 (0x00378b63)
core   0: 0x80007b68 (0x02c20563) beq     tp, a2, pc + 42
core   0: 3 0x80007b68 (0x02c20563)
core   0: 0x80007b6c (0x00005c7d) c.li    s8, -1
core   0: 3 0x80007b6c (0x5c7d) x24 0xffffffff
core   0: 0x80007b6e (0x01642d33) slt     s10, s0, s6
core   0: 3 0x80007b6e (0x01642d33) x26 0x00000001
core   0: 0x80007b72 (0x0243ff63) bgeu    t2, tp, pc + 62
core   0: 3 0x80007b72 (0x0243ff63)
core   0: 0x80007bb0 (0x03d1a533) mulhsu  a0, gp, t4
core   0: 3 0x80007bb0 (0x03d1a533) x10 0x0000025e
core   0: 0x80007bb4 (0x00006155) c.addi16sp sp, 304
core   0: 3 0x80007bb4 (0x6155) x 2 0x00000121
core   0: 0x80007bb6 (0x02bdc833) div     a6, s11, a1
core   0: 3 0x80007bb6 (0x02bdc833) x16 0x00000000
core   0: 0x80007bba (0x02699f33) mulh    t5, s3, t1
core   0: 3 0x80007bba (0x02699f33) x30 0x00000000
core   0: 0x80007bbe (0x02699533) mulh    a0, s3, t1
core   0: 3 0x80007bbe (0x02699533) x10 0x00000000
core   0: 0x80007bc2 (0x0357eeb3) rem     t4, a5, s5
core   0: 3 0x80007bc2 (0x0357eeb3) x29 0x80000000
core   0: 0x80007bc6 (0xbe844813) xori    a6, s0, -1048
core   0: 3 0x80007bc6 (0xbe844813) x16 0x7ffda70d
core   0: 0x80007bca (0x016dbe33) sltu    t3, s11, s6
core   0: 3 0x80007bca (0x016dbe33) x28 0x00000001
core   0: 0x80007bce (0x00008d2d) c.xor   a0, a1
core   0: 3 0x80007bce (0x8d2d) x10 0x7ff14b1c
core   0: 0x80007bd0 (0x00000f8c) c.addi4spn a1, sp, 976
core   0: 3 0x80007bd0 (0x0f8c) x11 0x000004f1
core   0: 0x80007bd2 (0x00e321b3) slt     gp, t1, a4
core   0: 3 0x80007bd2 (0x00e321b3) x 3 0x00000000
core   0: 0x80007bd6 (0x40ef55b3) sra     a1, t5, a4
core   0: 3 0x80007bd6 (0x40ef55b3) x11 0x00000000
core   0: 0x80007bda (0x1bee8813) addi    a6, t4, 446
core   0: 3 0x80007bda (0x1bee8813) x16 0x800001be
core   0: 0x80007bde (0x00ff8633) add     a2, t6, a5
core   0: 3 0x80007bde (0x00ff8633) x12 0x80000000
core   0: 0x80007be2 (0x01dd9c13) slli    s8, s11, 29
core   0: 3 0x80007be2 (0x01dd9c13) x24 0x00000000
core   0: 0x80007be6 (0x0000030e) c.slli  t1, 3
core   0: 3 0x80007be6 (0x030e) x 6 0x00000000
core   0: 0x80007be8 (0x004e1313) slli    t1, t3, 4
core   0: 3 0x80007be8 (0x004e1313) x 6 0x00000010
core   0: 0x80007bec (0x00000001) c.nop
core   0: 3 0x80007bec (0x0001)
core   0: 0x80007bee (0x3b08d937) lui     s2, 0x3b08d
core   0: 3 0x80007bee (0x3b08d937) x18 0x3b08d000
core   0: 0x80007bf2 (0xe0302f93) slti    t6, zero, -509
core   0: 3 0x80007bf2 (0xe0302f93) x31 0x00000000
core   0: 0x80007bf6 (0x0000e1a1) c.bnez  a1, pc + 64
core   0: 3 0x80007bf6 (0xe1a1)
core   0: 0x80007bf8 (0x01fcab33) slt     s6, s9, t6
core   0: 3 0x80007bf8 (0x01fcab33) x22 0x00000000
core   0: 0x80007bfc (0x2b542037) lui     zero, 0x2b542
core   0: 3 0x80007bfc (0x2b542037)
core   0: 0x80007c00 (0x02d14f63) blt     sp, a3, pc + 62
core   0: 3 0x80007c00 (0x02d14f63)
core   0: 0x80007c3e (0x011ca6b3) slt     a3, s9, a7
core   0: 3 0x80007c3e (0x011ca6b3) x13 0x00000000
core   0: 0x80007c42 (0x03a5f733) remu    a4, a1, s10
core   0: 3 0x80007c42 (0x03a5f733) x14 0x00000000
core   0: 0x80007c46 (0x02bb4fb3) div     t6, s6, a1
core   0: 3 0x80007c46 (0x02bb4fb3) x31 0xffffffff
core   0: 0x80007c4a (0x0000090c) c.addi4spn a1, sp, 144
core   0: 3 0x80007c4a (0x090c) x11 0x000001b1
core   0: 0x80007c4c (0x0000c331) c.beqz  a4, pc + 68
core   0: 3 0x80007c4c (0xc331)
core   0: 0x80007c90 (0x00008261) c.srli  a2, 24
core   0: 3 0x80007c90 (0x8261) x12 0x00000080
core   0: 0x80007c92 (0x000005a2) c.slli  a1, 8
core   0: 3 0x80007c92 (0x05a2) x11 0x0001b100
core   0: 0x80007c94 (0x041b6063) bltu    s6, ra, pc + 64
core   0: 3 0x80007c94 (0x041b6063)
core   0: 0x80007c98 (0x1baf7a13) andi    s4, t5, 442
core   0: 3 0x80007c98 (0x1baf7a13) x20 0x00000000
core   0: 0x80007c9c (0x000086c2) c.mv    a3, a6
core   0: 3 0x80007c9c (0x86c2) x13 0x800001be
core   0: 0x80007c9e (0x013761b3) or      gp, a4, s3
core   0: 3 0x80007c9e (0x013761b3) x 3 0x00000000
core   0: 0x80007ca2 (0x41d38db3) sub     s11, t2, t4
core   0: 3 0x80007ca2 (0x41d38db3) x27 0x7fffffff
core   0: 0x80007ca6 (0x00fcc963) blt     s9, a5, pc + 18
core   0: 3 0x80007ca6 (0x00fcc963)
core   0: 0x80007caa (0x03951c63) bne     a0, s9, pc + 56
core   0: 3 0x80007caa (0x03951c63)
core   0: 0x80007ce2 (0x68297693) andi    a3, s2, 1666
core   0: 3 0x80007ce2 (0x68297693) x13 0x00000000
core   0: 0x80007ce6 (0x00006125) c.addi16sp sp, 96
core   0: 3 0x80007ce6 (0x6125) x 2 0x00000181
core   0: 0x80007ce8 (0xdcc2bd13) sltiu   s10, t0, -564
core   0: 3 0x80007ce8 (0xdcc2bd13) x26 0x00000001
core   0: 0x80007cec (0x0ff0000f) fence   iorw,iorw
core   0: 3 0x80007cec (0x0ff0000f)
core   0: 0x80007cf0 (0x1ff9ed93) ori     s11, s3, 511
core   0: 3 0x80007cf0 (0x1ff9ed93) x27 0x000001ff
core   0: 0x80007cf4 (0x012c5f13) srli    t5, s8, 18
core   0: 3 0x80007cf4 (0x012c5f13) x30 0x00000000
core   0: 0x80007cf8 (0x058cd163) bge     s9, s8, pc + 66
core   0: 3 0x80007cf8 (0x058cd163)
core   0: 0x80007d3a (0x013a7cb3) and     s9, s4, s3
core   0: 3 0x80007d3a (0x013a7cb3) x25 0x00000000
core   0: 0x80007d3e (0x01e72333) slt     t1, a4, t5
core   0: 3 0x80007d3e (0x01e72333) x 6 0x00000000
core   0: 0x80007d42 (0x0000063d) c.addi  a2, 15
core   0: 3 0x80007d42 (0x063d) x12 0x0000008f
core   0: 0x80007d44 (0x016a5c63) bge     s4, s6, pc + 24
core   0: 3 0x80007d44 (0x016a5c63)
core   0: 0x80007d5c (0x41fa02b3) sub     t0, s4, t6
core   0: 3 0x80007d5c (0x41fa02b3) x 5 0x00000001
core   0: 0x80007d60 (0x00008862) c.mv    a6, s8
core   0: 3 0x80007d60 (0x8862) x16 0x00000000
core   0: 0x80007d62 (0x03ce5463) bge     t3, t3, pc + 40
core   0: 3 0x80007d62 (0x03ce5463)
core   0: 0x80007d8a (0x00008d41) c.or    a0, s0
core   0: 3 0x80007d8a (0x8d41) x10 0xfff35ffd
core   0: 0x80007d8c (0x00009a26) c.add   s4, s1
core   0: 3 0x80007d8c (0x9a26) x20 0x80025ce4
core   0: 0x80007d8e (0x0248a533) mulhsu  a0, a7, tp
core   0: 3 0x80007d8e (0x0248a533) x10 0xdfffefaa
core   0: 0x80007d92 (0x837f82b7) lui     t0, 0x837f8
core   0: 3 0x80007d92 (0x837f82b7) x 5 0x837f8000
core   0: 0x80007d96 (0x00000a98) c.addi4spn a4, sp, 336
core   0: 3 0x80007d96 (0x0a98) x14 0x000002d1
core   0: 0x80007d98 (0x0000100f) fence.i
core   0: 3 0x80007d98 (0x0000100f)
core   0: 0x80007d9c (0x00008c49) c.or    s0, a0
core   0: 3 0x80007d9c (0x8c49) x 8 0xdfffffef
core   0: 0x80007d9e (0x02c37fb3) remu    t6, t1, a2
core   0: 3 0x80007d9e (0x02c37fb3) x31 0x00000000
core   0: 0x80007da2 (0x00dd9963) bne     s11, a3, pc + 18
core   0: 3 0x80007da2 (0x00dd9963)
core   0: 0x80007db4 (0x000f3fb3) sltu    t6, t5, zero
core   0: 3 0x80007db4 (0x000f3fb3) x31 0x00000000
core   0: 0x80007db8 (0x0000cf1d) c.beqz  a4, pc + 62
core   0: 3 0x80007db8 (0xcf1d)
core   0: 0x80007dba (0x01c3c933) xor     s2, t2, t3
core   0: 3 0x80007dba (0x01c3c933) x18 0xfffffffe
core   0: 0x80007dbe (0x0000c109) c.beqz  a0, pc + 2
core   0: 3 0x80007dbe (0xc109)
core   0: 0x80007dc0 (0x0000e691) c.bnez  a3, pc + 12
core   0: 3 0x80007dc0 (0xe691)
core   0: 0x80007dc2 (0x7b785b37) lui     s6, 0x7b785
core   0: 3 0x80007dc2 (0x7b785b37) x22 0x7b785000
core   0: 0x80007dc6 (0x41b7d213) srai    tp, a5, 27
core   0: 3 0x80007dc6 (0x41b7d213) x 4 0xfffffff0
core   0: 0x80007dca (0x0000018c) c.addi4spn a1, sp, 192
core   0: 3 0x80007dca (0x018c) x11 0x00000241
core   0: 0x80007dcc (0x023dee63) bltu    s11, gp, pc + 60
core   0: 3 0x80007dcc (0x023dee63)
core   0: 0x80007dd0 (0x00006ab5) c.lui   s5, 0xd
core   0: 3 0x80007dd0 (0x6ab5) x21 0x0000d000
core   0: 0x80007dd2 (0x41d38fb3) sub     t6, t2, t4
core   0: 3 0x80007dd2 (0x41d38fb3) x31 0x7fffffff
core   0: 0x80007dd6 (0x0539d163) bge     s3, s3, pc + 66
core   0: 3 0x80007dd6 (0x0539d163)
core   0: 0x80007e18 (0x00000001) c.nop
core   0: 3 0x80007e18 (0x0001)
core   0: 0x80007e1a (0x04140163) beq     s0, ra, pc + 66
core   0: 3 0x80007e1a (0x04140163)
core   0: 0x80007e1e (0x3fa29d97) auipc   s11, 0x3fa29
core   0: 3 0x80007e1e (0x3fa29d97) x27 0xbfa30e1e
core   0: 0x80007e22 (0x000069ed) c.lui   s3, 0x1b
core   0: 3 0x80007e22 (0x69ed) x19 0x0001b000
core   0: 0x80007e24 (0x0175f233) and     tp, a1, s7
core   0: 3 0x80007e24 (0x0175f233) x 4 0x00000240
core   0: 0x80007e28 (0x41240033) sub     zero, s0, s2
core   0: 3 0x80007e28 (0x41240033)
core   0: 0x80007e2c (0x000099fd) c.andi  a1, -1
core   0: 3 0x80007e2c (0x99fd) x11 0x00000241
core   0: 0x80007e2e (0x010dcd63) blt     s11, a6, pc + 26
core   0: 3 0x80007e2e (0x010dcd63)
core   0: 0x80007e48 (0x00009afd) c.andi  a3, -1
core   0: 3 0x80007e48 (0x9afd) x13 0x00000000
core   0: 0x80007e4a (0x00221cb3) sll     s9, tp, sp
core   0: 3 0x80007e4a (0x00221cb3) x25 0x00000480
core   0: 0x80007e4e (0x02fc5133) divu    sp, s8, a5
core   0: 3 0x80007e4e (0x02fc5133) x 2 0x00000000
core   0: 0x80007e52 (0x00008d35) c.xor   a0, a3
core   0: 3 0x80007e52 (0x8d35) x10 0xdfffefaa
core   0: 0x80007e54 (0x1d6ca513) slti    a0, s9, 470
core   0: 3 0x80007e54 (0x1d6ca513) x10 0x00000000
core   0: 0x80007e58 (0x0776f317) auipc   t1, 0x776f
core   0: 3 0x80007e58 (0x0776f317) x 6 0x87776e58
core   0: 0x80007e5c (0x01aefa33) and     s4, t4, s10
core   0: 3 0x80007e5c (0x01aefa33) x20 0x00000000
core   0: 0x80007e60 (0x001003b3) add     t2, zero, ra
core   0: 3 0x80007e60 (0x001003b3) x 7 0x00000000
core   0: 0x80007e64 (0x4087d193) srai    gp, a5, 8
core   0: 3 0x80007e64 (0x4087d193) x 3 0xff800000
core   0: 0x80007e68 (0x9c23c713) xori    a4, t2, -1598
core   0: 3 0x80007e68 (0x9c23c713) x14 0xfffff9c2
core   0: 0x80007e6c (0x05a38363) beq     t2, s10, pc + 70
core   0: 3 0x80007e6c (0x05a38363)
core   0: 0x80007e70 (0x4b22b613) sltiu   a2, t0, 1202
core   0: 3 0x80007e70 (0x4b22b613) x12 0x00000000
core   0: 0x80007e74 (0x01045e93) srli    t4, s0, 16
core   0: 3 0x80007e74 (0x01045e93) x29 0x0000dfff
core   0: 0x80007e78 (0x0000100f) fence.i
core   0: 3 0x80007e78 (0x0000100f)
core   0: 0x80007e7c (0x0037dc93) srli    s9, a5, 3
core   0: 3 0x80007e7c (0x0037dc93) x25 0x10000000
core   0: 0x80007e80 (0x00008705) c.srai  a4, 1
core   0: 3 0x80007e80 (0x8705) x14 0xfffffce1
core   0: 0x80007e82 (0x0ff0000f) fence   iorw,iorw
core   0: 3 0x80007e82 (0x0ff0000f)
core   0: 0x80007e86 (0x0000717d) c.addi16sp sp, -16
core   0: 3 0x80007e86 (0x717d) x 2 0xfffffff0
core   0: 0x80007e88 (0x563db913) sltiu   s2, s11, 1379
core   0: 3 0x80007e88 (0x563db913) x18 0x00000000
core   0: 0x80007e8c (0x0000717d) c.addi16sp sp, -16
core   0: 3 0x80007e8c (0x717d) x 2 0xffffffe0
core   0: 0x80007e8e (0x006d1d33) sll     s10, s10, t1
core   0: 3 0x80007e8e (0x006d1d33) x26 0x01000000
core   0: 0x80007e92 (0x027856b3) divu    a3, a6, t2
core   0: 3 0x80007e92 (0x027856b3) x13 0xffffffff
core   0: 0x80007e96 (0x02225063) bge     tp, sp, pc + 32
core   0: 3 0x80007e96 (0x02225063)
core   0: 0x80007eb6 (0x01bab0b3) sltu    ra, s5, s11
core   0: 3 0x80007eb6 (0x01bab0b3) x 1 0x00000001
core   0: 0x80007eba (0x02414263) blt     sp, tp, pc + 36
core   0: 3 0x80007eba (0x02414263)
core   0: 0x80007ede (0x00008635) c.srai  a2, 13
core   0: 3 0x80007ede (0x8635) x12 0x00000000
core   0: 0x80007ee0 (0x404401b3) sub     gp, s0, tp
core   0: 3 0x80007ee0 (0x404401b3) x 3 0xdffffdaf
core   0: 0x80007ee4 (0x2228f917) auipc   s2, 0x2228f
core   0: 3 0x80007ee4 (0x2228f917) x18 0xa2296ee4
core   0: 0x80007ee8 (0x00009d96) c.add   s11, t0
core   0: 3 0x80007ee8 (0x9d96) x27 0x43228e1e
core   0: 0x80007eea (0x0000100f) fence.i
core   0: 3 0x80007eea (0x0000100f)
core   0: 0x80007eee (0xcb152737) lui     a4, 0xcb152
core   0: 3 0x80007eee (0xcb152737) x14 0xcb152000
core   0: 0x80007ef2 (0x9f2bb013) sltiu   zero, s7, -1550
core   0: 3 0x80007ef2 (0x9f2bb013)
core   0: 0x80007ef6 (0x8fc3cf93) xori    t6, t2, -1796
core   0: 3 0x80007ef6 (0x8fc3cf93) x31 0xfffff8fc
core   0: 0x80007efa (0x02ac9db3) mulh    s11, s9, a0
core   0: 3 0x80007efa (0x02ac9db3) x27 0x00000000
core   0: 0x80007efe (0x031b6b63) bltu    s6, a7, pc + 54
core   0: 3 0x80007efe (0x031b6b63)
core   0: 0x80007f34 (0x683b7cb7) lui     s9, 0x683b7
core   0: 3 0x80007f34 (0x683b7cb7) x25 0x683b7000
core   0: 0x80007f38 (0x0000ea85) c.bnez  a3, pc + 48
core   0: 3 0x80007f38 (0xea85)
core   0: 0x80007f68 (0x001ef9b3) and     s3, t4, ra
core   0: 3 0x80007f68 (0x001ef9b3) x19 0x00000001
core   0: 0x80007f6c (0x0389f563) bgeu    s3, s8, pc + 42
core   0: 3 0x80007f6c (0x0389f563)
core   0: 0x80007f96 (0x006590b3) sll     ra, a1, t1
core   0: 3 0x80007f96 (0x006590b3) x 1 0x41000000
core   0: 0x80007f9a (0x4154d333) sra     t1, s1, s5
core   0: 3 0x80007f9a (0x4154d333) x 6 0x80025ce4
core   0: 0x80007f9e (0x008479b3) and     s3, s0, s0
core   0: 3 0x80007f9e (0x008479b3) x19 0xdfffffef
core   0: 0x80007fa2 (0x867fad37) lui     s10, 0x867fa
core   0: 3 0x80007fa2 (0x867fad37) x26 0x867fa000
core   0: 0x80007fa6 (0x00008d9d) c.sub   a1, a5
core   0: 3 0x80007fa6 (0x8d9d) x11 0x80000241
core   0: 0x80007fa8 (0x02d7d933) divu    s2, a5, a3
core   0: 3 0x80007fa8 (0x02d7d933) x18 0x00000000
core   0: 0x80007fac (0x01774433) xor     s0, a4, s7
core   0: 3 0x80007fac (0x01774433) x 8 0x4b173e64
core   0: 0x80007fb0 (0x40c65633) sra     a2, a2, a2
core   0: 3 0x80007fb0 (0x40c65633) x12 0x00000000
core   0: 0x80007fb4 (0x00008eed) c.and   a3, a1
core   0: 3 0x80007fb4 (0x8eed) x13 0x80000241
core   0: 0x80007fb6 (0x02550733) mul     a4, a0, t0
core   0: 3 0x80007fb6 (0x02550733) x14 0x00000000
core   0: 0x80007fba (0x2a1afd93) andi    s11, s5, 673
core   0: 3 0x80007fba (0x2a1afd93) x27 0x00000000
core   0: 0x80007fbe (0x00000001) c.nop
core   0: 3 0x80007fbe (0x0001)
core   0: 0x80007fc0 (0x00e09eb3) sll     t4, ra, a4
core   0: 3 0x80007fc0 (0x00e09eb3) x29 0x41000000
core   0: 0x80007fc4 (0x41b5d633) sra     a2, a1, s11
core   0: 3 0x80007fc4 (0x41b5d633) x12 0x80000241
core   0: 0x80007fc8 (0x41e3d693) srai    a3, t2, 30
core   0: 3 0x80007fc8 (0x41e3d693) x13 0x00000000
core   0: 0x80007fcc (0x01469f93) slli    t6, a3, 20
core   0: 3 0x80007fcc (0x01469f93) x31 0x00000000
core   0: 0x80007fd0 (0x0000810d) c.srli  a0, 3
core   0: 3 0x80007fd0 (0x810d) x10 0x00000000
core   0: 0x80007fd2 (0x0299eb33) rem     s6, s3, s1
core   0: 3 0x80007fd2 (0x0299eb33) x22 0xdfffffef
core   0: 0x80007fd6 (0x02439a63) bne     t2, tp, pc + 52
core   0: 3 0x80007fd6 (0x02439a63)
core   0: 0x8000800a (0x03fb9463) bne     s7, t6, pc + 40
core   0: 3 0x8000800a (0x03fb9463)
core   0: 0x80008032 (0x00008d65) c.and   a0, s1
core   0: 3 0x80008032 (0x8d65) x10 0x00000000
core   0: 0x80008034 (0xce7d4813) xori    a6, s10, -793
core   0: 3 0x80008034 (0xce7d4813) x16 0x79805ce7
core   0: 0x80008038 (0x41605393) srai    t2, zero, 22
core   0: 3 0x80008038 (0x41605393) x 7 0x00000000
core   0: 0x8000803c (0xaaf99997) auipc   s3, 0xaaf99
core   0: 3 0x8000803c (0xaaf99997) x19 0x2afa103c
core   0: 0x80008040 (0x0170da63) bge     ra, s7, pc + 20
core   0: 3 0x80008040 (0x0170da63)
core   0: 0x80008054 (0x0000100f) fence.i
core   0: 3 0x80008054 (0x0000100f)
core   0: 0x80008058 (0x000095ae) c.add   a1, a1
core   0: 3 0x80008058 (0x95ae) x11 0x00000482
core   0: 0x8000805a (0x0000717d) c.addi16sp sp, -16
core   0: 3 0x8000805a (0x717d) x 2 0xffffffd0
core   0: 0x8000805c (0x0183cd33) xor     s10, t2, s8
core   0: 3 0x8000805c (0x0183cd33) x26 0x00000000
core   0: 0x80008060 (0x03d2c263) blt     t0, t4, pc + 36
core   0: 3 0x80008060 (0x03d2c263)
core   0: 0x80008084 (0x019fe5b3) or      a1, t6, s9
core   0: 3 0x80008084 (0x019fe5b3) x11 0x683b7000
core   0: 0x80008088 (0x03d10d63) beq     sp, t4, pc + 58
core   0: 3 0x80008088 (0x03d10d63)
core   0: 0x8000808c (0x00008f19) c.sub   a4, a4
core   0: 3 0x8000808c (0x8f19) x14 0x00000000
core   0: 0x8000808e (0x00008351) c.srli  a4, 20
core   0: 3 0x8000808e (0x8351) x14 0x00000000
core   0: 0x80008090 (0x027745b3) div     a1, a4, t2
core   0: 3 0x80008090 (0x027745b3) x11 0xffffffff
core   0: 0x80008094 (0x65eafa93) andi    s5, s5, 1630
core   0: 3 0x80008094 (0x65eafa93) x21 0x00000000
core   0: 0x80008098 (0xb0a16113) ori     sp, sp, -1270
core   0: 3 0x80008098 (0xb0a16113) x 2 0xffffffda
core   0: 0x8000809c (0x40bb09b3) sub     s3, s6, a1
core   0: 3 0x8000809c (0x40bb09b3) x19 0xdffffff0
core   0: 0x800080a0 (0x279c6e13) ori     t3, s8, 633
core   0: 3 0x800080a0 (0x279c6e13) x28 0x00000279
core   0: 0x800080a4 (0x01495693) srli    a3, s2, 20
core   0: 3 0x800080a4 (0x01495693) x13 0x00000000
core   0: 0x800080a8 (0x00008dd5) c.or    a1, a3
core   0: 3 0x800080a8 (0x8dd5) x11 0xffffffff
core   0: 0x800080aa (0x41828cb3) sub     s9, t0, s8
core   0: 3 0x800080aa (0x41828cb3) x25 0x837f8000
core   0: 0x800080ae (0x00000d0c) c.addi4spn a1, sp, 656
core   0: 3 0x800080ae (0x0d0c) x11 0x0000026a
core   0: 0x800080b0 (0x021d30b3) mulhu   ra, s10, ra
core   0: 3 0x800080b0 (0x021d30b3) x 1 0x00000000
core   0: 0x800080b4 (0x00359513) slli    a0, a1, 3
core   0: 3 0x800080b4 (0x00359513) x10 0x00001350
core   0: 0x800080b8 (0x0000100f) fence.i
core   0: 3 0x800080b8 (0x0000100f)
core   0: 0x800080bc (0x00a56633) or      a2, a0, a0
core   0: 3 0x800080bc (0x00a56633) x12 0x00001350
core   0: 0x800080c0 (0x00008751) c.srai  a4, 20
core   0: 3 0x800080c0 (0x8751) x14 0x00000000
core   0: 0x800080c2 (0x0314eab3) rem     s5, s1, a7
core   0: 3 0x800080c2 (0x0314eab3) x21 0xc0014db2
core   0: 0x800080c6 (0x01f78833) add     a6, a5, t6
core   0: 3 0x800080c6 (0x01f78833) x16 0x80000000
core   0: 0x800080ca (0x03bc7833) remu    a6, s8, s11
core   0: 3 0x800080ca (0x03bc7833) x16 0x00000000
core   0: 0x800080ce (0x00000a08) c.addi4spn a0, sp, 272
core   0: 3 0x800080ce (0x0a08) x10 0x000000ea
core   0: 0x800080d0 (0x030c4ab3) div     s5, s8, a6
core   0: 3 0x800080d0 (0x030c4ab3) x21 0xffffffff
core   0: 0x800080d4 (0x0078d033) srl     zero, a7, t2
core   0: 3 0x800080d4 (0x0078d033)
core   0: 0x800080d8 (0x00008e51) c.or    a2, a2
core   0: 3 0x800080d8 (0x8e51) x12 0x00001350
core   0: 0x800080da (0x9929e213) ori     tp, s3, -1646
core   0: 3 0x800080da (0x9929e213) x 4 0xfffffff2
core   0: 0x800080de (0x00815e63) bge     sp, s0, pc + 28
core   0: 3 0x800080de (0x00815e63)
core   0: 0x800080e2 (0xfdebcf13) xori    t5, s7, -34
core   0: 3 0x800080e2 (0xfdebcf13) x30 0x7ffde1ba
core   0: 0x800080e6 (0x00008e31) c.xor   a2, a2
core   0: 3 0x800080e6 (0x8e31) x12 0x00000000
core   0: 0x800080e8 (0x00008c5d) c.or    s0, a5
core   0: 3 0x800080e8 (0x8c5d) x 8 0xcb173e64
core   0: 0x800080ea (0x00008665) c.srai  a2, 25
core   0: 3 0x800080ea (0x8665) x12 0x00000000
core   0: 0x800080ec (0x01fe9993) slli    s3, t4, 31
core   0: 3 0x800080ec (0x01fe9993) x19 0x00000000
core   0: 0x800080f0 (0x00008ab5) c.andi  a3, 13
core   0: 3 0x800080f0 (0x8ab5) x13 0x00000000
core   0: 0x800080f2 (0x00008c45) c.or    s0, s1
core   0: 3 0x800080f2 (0x8c45) x 8 0xcb177ee4
core   0: 0x800080f4 (0x01850133) add     sp, a0, s8
core   0: 3 0x800080f4 (0x01850133) x 2 0x000000ea
core   0: 0x800080f8 (0x0000cb11) c.beqz  a4, pc + 20
core   0: 3 0x800080f8 (0xcb11)
core   0: 0x8000810c (0x00008d75) c.and   a0, a3
core   0: 3 0x8000810c (0x8d75) x10 0x00000000
core   0: 0x8000810e (0x031fe763) bltu    t6, a7, pc + 46
core   0: 3 0x8000810e (0x031fe763)
core   0: 0x8000813c (0x0326aab3) mulhsu  s5, a3, s2
core   0: 3 0x8000813c (0x0326aab3) x21 0x00000000
core   0: 0x80008140 (0x0304e033) rem     zero, s1, a6
core   0: 3 0x80008140 (0x0304e033)
core   0: 0x80008144 (0x40e45f13) srai    t5, s0, 14
core   0: 3 0x80008144 (0x40e45f13) x30 0xffff2c5d
core   0: 0x80008148 (0x0ff0000f) fence   iorw,iorw
core   0: 3 0x80008148 (0x0ff0000f)
core   0: 0x8000814c (0x00000cd1) c.addi  s9, 20
core   0: 3 0x8000814c (0x0cd1) x25 0x837f8014
core   0: 0x8000814e (0x00ad2633) slt     a2, s10, a0
core   0: 3 0x8000814e (0x00ad2633) x12 0x00000000
core   0: 0x80008152 (0x00009b7d) c.andi  a4, -1
core   0: 3 0x80008152 (0x9b7d) x14 0x00000000
core   0: 0x80008154 (0x00004955) c.li    s2, 21
core   0: 3 0x80008154 (0x4955) x18 0x00000015
core   0: 0x80008156 (0x01c6dd93) srli    s11, a3, 28
core   0: 3 0x80008156 (0x01c6dd93) x27 0x00000000
core   0: 0x8000815a (0x00001910) c.addi4spn a2, sp, 176
core   0: 3 0x8000815a (0x1910) x12 0x0000019a
core   0: 0x8000815c (0x0ff0000f) fence   iorw,iorw
core   0: 3 0x8000815c (0x0ff0000f)
core   0: 0x80008160 (0x00008539) c.srai  a0, 14
core   0: 3 0x80008160 (0x8539) x10 0x00000000
core   0: 0x80008162 (0x00008c61) c.and   s0, s0
core   0: 3 0x80008162 (0x8c61) x 8 0xcb177ee4
core   0: 0x80008164 (0x0349c863) blt     s3, s4, pc + 48
core   0: 3 0x80008164 (0x0349c863)
core   0: 0x80008168 (0xe3f43e13) sltiu   t3, s0, -449
core   0: 3 0x80008168 (0xe3f43e13) x28 0x00000001
core   0: 0x8000816c (0x01c323b3) slt     t2, t1, t3
core   0: 3 0x8000816c (0x01c323b3) x 7 0x00000001
core   0: 0x80008170 (0x0277f233) remu    tp, a5, t2
core   0: 3 0x80008170 (0x0277f233) x 4 0x00000000
core   0: 0x80008174 (0x0000717d) c.addi16sp sp, -16
core   0: 3 0x80008174 (0x717d) x 2 0x000000da
core   0: 0x80008176 (0x0015dfb3) srl     t6, a1, ra
core   0: 3 0x80008176 (0x0015dfb3) x31 0x0000026a
core   0: 0x8000817a (0x0000990a) c.add   s2, sp
core   0: 3 0x8000817a (0x990a) x18 0x000000ef
core   0: 0x8000817c (0x0367c363) blt     a5, s6, pc + 38
core   0: 3 0x8000817c (0x0367c363)
core   0: 0x800081a2 (0x0238acb3) mulhsu  s9, a7, gp
core   0: 3 0x800081a2 (0x0238acb3) x25 0xc800eddf
core   0: 0x800081a6 (0x02d722b3) mulhsu  t0, a4, a3
core   0: 3 0x800081a6 (0x02d722b3) x 5 0x00000000
core   0: 0x800081aa (0x00008e91) c.sub   a3, a2
core   0: 3 0x800081aa (0x8e91) x13 0xfffffe66
core   0: 0x800081ac (0x001e5863) bge     t3, ra, pc + 16
core   0: 3 0x800081ac (0x001e5863)
core   0: 0x800081bc (0x000085a9) c.srai  a1, 10
core   0: 3 0x800081bc (0x85a9) x11 0x00000000
core   0: 0x800081be (0x03b22a33) mulhsu  s4, tp, s11
core   0: 3 0x800081be (0x03b22a33) x20 0x00000000
core   0: 0x800081c2 (0x62903213) sltiu   tp, zero, 1577
core   0: 3 0x800081c2 (0x62903213) x 4 0x00000001
core   0: 0x800081c6 (0x00001c7d) c.addi  s8, -1
core   0: 3 0x800081c6 (0x1c7d) x24 0xffffffff
core   0: 0x800081c8 (0x575bfd93) andi    s11, s7, 1397
core   0: 3 0x800081c8 (0x575bfd93) x27 0x00000464
core   0: 0x800081cc (0x00008f5d) c.or    a4, a5
core   0: 3 0x800081cc (0x8f5d) x14 0x80000000
core   0: 0x800081ce (0x0000814d) c.srli  a0, 19
core   0: 3 0x800081ce (0x814d) x10 0x00000000
core   0: 0x800081d0 (0x02688db3) mul     s11, a7, t1
core   0: 3 0x800081d0 (0x02688db3) x27 0x80cb8088
core   0: 0x800081d4 (0x1e114197) auipc   gp, 0x1e114
core   0: 3 0x800081d4 (0x1e114197) x 3 0x9e11c1d4
core   0: 0x800081d8 (0x01d06d13) ori     s10, zero, 29
core   0: 3 0x800081d8 (0x01d06d13) x26 0x0000001d
core   0: 0x800081dc (0x00000001) c.nop
core   0: 3 0x800081dc (0x0001)
core   0: 0x800081de (0x01a67fb3) and     t6, a2, s10
core   0: 3 0x800081de (0x01a67fb3) x31 0x00000018
core   0: 0x800081e2 (0x741dfd13) andi    s10, s11, 1857
core   0: 3 0x800081e2 (0x741dfd13) x26 0x00000000
core   0: 0x800081e6 (0x01be0733) add     a4, t3, s11
core   0: 3 0x800081e6 (0x01be0733) x14 0x80cb8089
core   0: 0x800081ea (0x011c7fb3) and     t6, s8, a7
core   0: 3 0x800081ea (0x011c7fb3) x31 0xc0010f32
core   0: 0x800081ee (0x0000ea0d) c.bnez  a2, pc + 50
core   0: 3 0x800081ee (0xea0d)
core   0: 0x80008220 (0x009e1763) bne     t3, s1, pc + 14
core   0: 3 0x80008220 (0x009e1763)
core   0: 0x8000822e (0x02a2fd63) bgeu    t0, a0, pc + 58
core   0: 3 0x8000822e (0x02a2fd63)
core   0: 0x80008268 (0x03b5ff33) remu    t5, a1, s11
core   0: 3 0x80008268 (0x03b5ff33) x30 0x00000000
core   0: 0x8000826c (0x407701b3) sub     gp, a4, t2
core   0: 3 0x8000826c (0x407701b3) x 3 0x80cb8088
core   0: 0x80008270 (0x00005afd) c.li    s5, -1
core   0: 3 0x80008270 (0x5afd) x21 0xffffffff
core   0: 0x80008272 (0x9d3ef993) andi    s3, t4, -1581
core   0: 3 0x80008272 (0x9d3ef993) x19 0x41000000
core   0: 0x80008276 (0x54b26b13) ori     s6, tp, 1355
core   0: 3 0x80008276 (0x54b26b13) x22 0x0000054b
core   0: 0x8000827a (0x0000717d) c.addi16sp sp, -16
core   0: 3 0x8000827a (0x717d) x 2 0x000000ca
core   0: 0x8000827c (0x73d18993) addi    s3, gp, 1853
core   0: 3 0x8000827c (0x73d18993) x19 0x80cb87c5
core   0: 0x80008280 (0x0000100f) fence.i
core   0: 3 0x80008280 (0x0000100f)
core   0: 0x80008284 (0x404d5113) srai    sp, s10, 4
core   0: 3 0x80008284 (0x404d5113) x 2 0x00000000
core   0: 0x80008288 (0x00008ef5) c.and   a3, a3
core   0: 3 0x80008288 (0x8ef5) x13 0xfffffe66
core   0: 0x8000828a (0x00000001) c.nop
core   0: 3 0x8000828a (0x0001)
core   0: 0x8000828c (0x01edf1b3) and     gp, s11, t5
core   0: 3 0x8000828c (0x01edf1b3) x 3 0x00000000
core   0: 0x80008290 (0x0000830d) c.srli  a4, 3
core   0: 3 0x80008290 (0x830d) x14 0x10197011
core   0: 0x80008292 (0x000090ea) c.add   ra, s10
core   0: 3 0x80008292 (0x90ea) x 1 0x00000000
core   0: 0x80008294 (0x03804233) div     tp, zero, s8
core   0: 3 0x80008294 (0x03804233) x 4 0x00000000
core   0: 0x80008298 (0x000016fd) c.addi  a3, -1
core   0: 3 0x80008298 (0x16fd) x13 0xfffffe65
core   0: 0x8000829a (0x00008829) c.andi  s0, 10
core   0: 3 0x8000829a (0x8829) x 8 0x00000000
core   0: 0x8000829c (0x00c00ab3) add     s5, zero, a2
core   0: 3 0x8000829c (0x00c00ab3) x21 0x0000019a
core   0: 0x800082a0 (0x01ebfdb3) and     s11, s7, t5
core   0: 3 0x800082a0 (0x01ebfdb3) x27 0x00000000
core   0: 0x800082a4 (0x00008efd) c.and   a3, a5
core   0: 3 0x800082a4 (0x8efd) x13 0x80000000
core   0: 0x800082a6 (0x032f4433) div     s0, t5, s2
core   0: 3 0x800082a6 (0x032f4433) x 8 0x00000000
core   0: 0x800082aa (0x4ce52213) slti    tp, a0, 1230
core   0: 3 0x800082aa (0x4ce52213) x 4 0x00000001
core   0: 0x800082ae (0x6e8f7f93) andi    t6, t5, 1768
core   0: 3 0x800082ae (0x6e8f7f93) x31 0x00000000
core   0: 0x800082b2 (0x026a8ab3) mul     s5, s5, t1
core   0: 3 0x800082b2 (0x026a8ab3) x21 0x03c8c528
core   0: 0x800082b6 (0x035b55b3) divu    a1, s6, s5
core   0: 3 0x800082b6 (0x035b55b3) x11 0x00000000
core   0: 0x800082ba (0x00008da9) c.xor   a1, a0
core   0: 3 0x800082ba (0x8da9) x11 0x00000000
core   0: 0x800082bc (0x419e8933) sub     s2, t4, s9
core   0: 3 0x800082bc (0x419e8933) x18 0x78ff1221
core   0: 0x800082c0 (0x0209d3b3) divu    t2, s3, zero
core   0: 3 0x800082c0 (0x0209d3b3) x 7 0xffffffff
core   0: 0x800082c4 (0x00d0b733) sltu    a4, ra, a3
core   0: 3 0x800082c4 (0x00d0b733) x14 0x00000001
core   0: 0x800082c8 (0x0250bab3) mulhu   s5, ra, t0
core   0: 3 0x800082c8 (0x0250bab3) x21 0x00000000
core   0: 0x800082cc (0x0ff0000f) fence   iorw,iorw
core   0: 3 0x800082cc (0x0ff0000f)
core   0: 0x800082d0 (0x00008ecd) c.or    a3, a1
core   0: 3 0x800082d0 (0x8ecd) x13 0x80000000
core   0: 0x800082d2 (0x00008ec9) c.or    a3, a0
core   0: 3 0x800082d2 (0x8ec9) x13 0x80000000
core   0: 0x800082d4 (0x00000001) c.nop
core   0: 3 0x800082d4 (0x0001)
core   0: 0x800082d6 (0x02fdd6b3) divu    a3, s11, a5
core   0: 3 0x800082d6 (0x02fdd6b3) x13 0x00000000
core   0: 0x800082da (0x0ff0000f) fence   iorw,iorw
core   0: 3 0x800082da (0x0ff0000f)
core   0: 0x800082de (0x00fa6263) bltu    s4, a5, pc + 4
core   0: 3 0x800082de (0x00fa6263)
core   0: 0x800082e2 (0x00f48933) add     s2, s1, a5
core   0: 3 0x800082e2 (0x00f48933) x18 0x00025ce4
core   0: 0x800082e6 (0xbb482f93) slti    t6, a6, -1100
core   0: 3 0x800082e6 (0xbb482f93) x31 0x00000000
core   0: 0x800082ea (0xb3f79b37) lui     s6, 0xb3f79
core   0: 3 0x800082ea (0xb3f79b37) x22 0xb3f79000
core   0: 0x800082ee (0x5648b337) lui     t1, 0x5648b
core   0: 3 0x800082ee (0x5648b337) x 6 0x5648b000
core   0: 0x800082f2 (0x00000001) c.nop
core   0: 3 0x800082f2 (0x0001)
core   0: 0x800082f4 (0xffe00513) li      a0, -2
core   0: 3 0x800082f4 (0xffe00513) x10 0xfffffffe
core   0: 0x800082f8 (0xaf7dee13) ori     t3, s11, -1289
core   0: 3 0x800082f8 (0xaf7dee13) x28 0xfffffaf7
core   0: 0x800082fc (0x00000198) c.addi4spn a4, sp, 192
core   0: 3 0x800082fc (0x0198) x14 0x000000c0
core   0: 0x800082fe (0xd74619b7) lui     s3, 0xd7461
core   0: 3 0x800082fe (0xd74619b7) x19 0xd7461000
core   0: 0x80008302 (0x00008839) c.andi  s0, 14
core   0: 3 0x80008302 (0x8839) x 8 0x00000000
core   0: 0x80008304 (0x401a5b13) srai    s6, s4, 1
core   0: 3 0x80008304 (0x401a5b13) x22 0x00000000
core   0: 0x80008308 (0x032549b3) div     s3, a0, s2
core   0: 3 0x80008308 (0x032549b3) x19 0x00000000
core   0: 0x8000830c (0x000000a6) c.slli  ra, 9
core   0: 3 0x8000830c (0x00a6) x 1 0x00000000
core   0: 0x8000830e (0x00c00313) li      t1, 12
core   0: 3 0x8000830e (0x00c00313) x 6 0x0000000c
core   0: 0x80008312 (0x03cc7433) remu    s0, s8, t3
core   0: 3 0x80008312 (0x03cc7433) x 8 0x00000508
core   0: 0x80008316 (0xccb0ba13) sltiu   s4, ra, -821
core   0: 3 0x80008316 (0xccb0ba13) x20 0x00000001
core   0: 0x8000831a (0x4b2c1217) auipc   tp, 0x4b2c1
core   0: 3 0x8000831a (0x4b2c1217) x 4 0xcb2c931a
core   0: 0x8000831e (0x03c05d33) divu    s10, zero, t3
core   0: 3 0x8000831e (0x03c05d33) x26 0x00000000
core   0: 0x80008322 (0x00000001) c.nop
core   0: 3 0x80008322 (0x0001)
core   0: 0x80008324 (0x00008e4d) c.or    a2, a1
core   0: 3 0x80008324 (0x8e4d) x12 0x0000019a
core   0: 0x80008326 (0x02dcce33) div     t3, s9, a3
core   0: 3 0x80008326 (0x02dcce33) x28 0xffffffff
core   0: 0x8000832a (0x0094dc13) srli    s8, s1, 9
core   0: 3 0x8000832a (0x0094dc13) x24 0x0040012e
core   0: 0x8000832e (0x0000051d) c.addi  a0, 7
core   0: 3 0x8000832e (0x051d) x10 0x00000005
core   0: 0x80008330 (0xfe6565e3) bltu    a0, t1, pc - 22
core   0: 3 0x80008330 (0xfe6565e3)
core   0: 0x8000831a (0x4b2c1217) auipc   tp, 0x4b2c1
core   0: 3 0x8000831a (0x4b2c1217) x 4 0xcb2c931a
core   0: 0x8000831e (0x03c05d33) divu    s10, zero, t3
core   0: 3 0x8000831e (0x03c05d33) x26 0x00000000
core   0: 0x80008322 (0x00000001) c.nop
core   0: 3 0x80008322 (0x0001)
core   0: 0x80008324 (0x00008e4d) c.or    a2, a1
core   0: 3 0x80008324 (0x8e4d) x12 0x0000019a
core   0: 0x80008326 (0x02dcce33) div     t3, s9, a3
core   0: 3 0x80008326 (0x02dcce33) x28 0xffffffff
core   0: 0x8000832a (0x0094dc13) srli    s8, s1, 9
core   0: 3 0x8000832a (0x0094dc13) x24 0x0040012e
core   0: 0x8000832e (0x0000051d) c.addi  a0, 7
core   0: 3 0x8000832e (0x051d) x10 0x0000000c
core   0: 0x80008330 (0xfe6565e3) bltu    a0, t1, pc - 22
core   0: 3 0x80008330 (0xfe6565e3)
core   0: 0x80008334 (0x12330d37) lui     s10, 0x12330
core   0: 3 0x80008334 (0x12330d37) x26 0x12330000
core   0: 0x80008338 (0x000085fd) c.srai  a1, 31
core   0: 3 0x80008338 (0x85fd) x11 0x00000000
core   0: 0x8000833a (0x473713b7) lui     t2, 0x47371
core   0: 3 0x8000833a (0x473713b7) x 7 0x47371000
core   0: 0x8000833e (0x96794d13) xori    s10, s2, -1689
core   0: 3 0x8000833e (0x96794d13) x26 0xfffda583
core   0: 0x80008342 (0x00009d86) c.add   s11, ra
core   0: 3 0x80008342 (0x9d86) x27 0x00000000
core   0: 0x80008344 (0x027ab733) mulhu   a4, s5, t2
core   0: 3 0x80008344 (0x027ab733) x14 0x00000000
core   0: 0x80008348 (0x02ff9ab3) mulh    s5, t6, a5
core   0: 3 0x80008348 (0x02ff9ab3) x21 0x00000000
core   0: 0x8000834c (0x02d5ff33) remu    t5, a1, a3
core   0: 3 0x8000834c (0x02d5ff33) x30 0x00000000
core   0: 0x80008350 (0x00008c71) c.and   s0, a2
core   0: 3 0x80008350 (0x8c71) x 8 0x00000108
core   0: 0x80008352 (0x412305b3) sub     a1, t1, s2
core   0: 3 0x80008352 (0x412305b3) x11 0xfffda328
core   0: 0x80008356 (0x005f1d33) sll     s10, t5, t0
core   0: 3 0x80008356 (0x005f1d33) x26 0x00000000
core   0: 0x8000835a (0x41bd5393) srai    t2, s10, 27
core   0: 3 0x8000835a (0x41bd5393) x 7 0x00000000
core   0: 0x8000835e (0x40e20a33) sub     s4, tp, a4
core   0: 3 0x8000835e (0x40e20a33) x20 0xcb2c931a
core   0: 0x80008362 (0xffb00413) li      s0, -5
core   0: 3 0x80008362 (0xffb00413) x 8 0xfffffffb
core   0: 0x80008366 (0xc092cd13) xori    s10, t0, -1015
core   0: 3 0x80008366 (0xc092cd13) x26 0xfffffc09
core   0: 0x8000836a (0x02e3dfb3) divu    t6, t2, a4
core   0: 3 0x8000836a (0x02e3dfb3) x31 0xffffffff
core   0: 0x8000836e (0x0000871d) c.srai  a4, 7
core   0: 3 0x8000836e (0x871d) x14 0x00000000
core   0: 0x80008370 (0x01400813) li      a6, 20
core   0: 3 0x80008370 (0x01400813) x16 0x00000014
core   0: 0x80008374 (0x036071b3) remu    gp, zero, s6
core   0: 3 0x80008374 (0x036071b3) x 3 0x00000000
core   0: 0x80008378 (0x00009f16) c.add   t5, t0
core   0: 3 0x80008378 (0x9f16) x30 0x00000000
core   0: 0x8000837a (0x025e3333) mulhu   t1, t3, t0
core   0: 3 0x8000837a (0x025e3333) x 6 0x00000000
core   0: 0x8000837e (0x00000405) c.addi  s0, 1
core   0: 3 0x8000837e (0x0405) x 8 0xfffffffc
core   0: 0x80008380 (0x00009f92) c.add   t6, tp
core   0: 3 0x80008380 (0x9f92) x31 0xcb2c9319
core   0: 0x80008382 (0x00500513) li      a0, 5
core   0: 3 0x80008382 (0x00500513) x10 0x00000005
core   0: 0x80008386 (0x03089b33) mulh    s6, a7, a6
core   0: 3 0x80008386 (0x03089b33) x22 0xfffffffb
core   0: 0x8000838a (0x00000001) c.nop
core   0: 3 0x8000838a (0x0001)
core   0: 0x8000838c (0xbf57e713) ori     a4, a5, -1035
core   0: 3 0x8000838c (0xbf57e713) x14 0xfffffbf5
core   0: 0x80008390 (0x00000001) c.nop
core   0: 3 0x80008390 (0x0001)
core   0: 0x80008392 (0x413c0633) sub     a2, s8, s3
core   0: 3 0x80008392 (0x413c0633) x12 0x0040012e
core   0: 0x80008396 (0x000089b9) c.andi  a1, 14
core   0: 3 0x80008396 (0x89b9) x11 0x00000008
core   0: 0x80008398 (0x0017a9b3) slt     s3, a5, ra
core   0: 3 0x80008398 (0x0017a9b3) x19 0x00000001
core   0: 0x8000839c (0x0000156d) c.addi  a0, -5
core   0: 3 0x8000839c (0x156d) x10 0x00000000
core   0: 0x8000839e (0x000099fd) c.andi  a1, -1
core   0: 3 0x8000839e (0x99fd) x11 0x00000008
core   0: 0x800083a0 (0x00008df1) c.and   a1, a2
core   0: 3 0x800083a0 (0x8df1) x11 0x00000008
core   0: 0x800083a2 (0x0000d975) c.beqz  a0, pc - 12
core   0: 3 0x800083a2 (0xd975)
core   0: 0x80008396 (0x000089b9) c.andi  a1, 14
core   0: 3 0x80008396 (0x89b9) x11 0x00000008
core   0: 0x80008398 (0x0017a9b3) slt     s3, a5, ra
core   0: 3 0x80008398 (0x0017a9b3) x19 0x00000001
core   0: 0x8000839c (0x0000156d) c.addi  a0, -5
core   0: 3 0x8000839c (0x156d) x10 0xfffffffb
core   0: 0x8000839e (0x000099fd) c.andi  a1, -1
core   0: 3 0x8000839e (0x99fd) x11 0x00000008
core   0: 0x800083a0 (0x00008df1) c.and   a1, a2
core   0: 3 0x800083a0 (0x8df1) x11 0x00000008
core   0: 0x800083a2 (0x0000d975) c.beqz  a0, pc - 12
core   0: 3 0x800083a2 (0xd975)
core   0: 0x800083a4 (0x97b66f97) auipc   t6, 0x97b66
core   0: 3 0x800083a4 (0x97b66f97) x31 0x17b6e3a4
core   0: 0x800083a8 (0x03940eb3) mul     t4, s0, s9
core   0: 3 0x800083a8 (0x03940eb3) x29 0xdffc4884
core   0: 0x800083ac (0xfd0407e3) beq     s0, a6, pc - 50
core   0: 3 0x800083ac (0xfd0407e3)
core   0: 0x800083b0 (0x41d451b3) sra     gp, s0, t4
core   0: 3 0x800083b0 (0x41d451b3) x 3 0xffffffff
core   0: 0x800083b4 (0x0000100f) fence.i
core   0: 3 0x800083b4 (0x0000100f)
core   0: 0x800083b8 (0x012fb3b3) sltu    t2, t6, s2
core   0: 3 0x800083b8 (0x012fb3b3) x 7 0x00000000
core   0: 0x800083bc (0x02649333) mulh    t1, s1, t1
core   0: 3 0x800083bc (0x02649333) x 6 0x00000000
core   0: 0x800083c0 (0x0000e919) c.bnez  a0, pc + 22
core   0: 3 0x800083c0 (0xe919)
core   0: 0x800083d6 (0x00001498) c.addi4spn a4, sp, 608
core   0: 3 0x800083d6 (0x1498) x14 0x00000260
core   0: 0x800083d8 (0x00008d59) c.or    a0, a4
core   0: 3 0x800083d8 (0x8d59) x10 0xfffffffb
core   0: 0x800083da (0x0000034d) c.addi  t1, 19
core   0: 3 0x800083da (0x034d) x 6 0x00000013
core   0: 0x800083dc (0x015c1913) slli    s2, s8, 21
core   0: 3 0x800083dc (0x015c1913) x18 0x25c00000
core   0: 0x800083e0 (0x0000811d) c.srli  a0, 7
core   0: 3 0x800083e0 (0x811d) x10 0x01ffffff
core   0: 0x800083e2 (0x01f41233) sll     tp, s0, t6
core   0: 3 0x800083e2 (0x01f41233) x 4 0xffffffc0
core   0: 0x800083e6 (0x00008d91) c.sub   a1, a2
core   0: 3 0x800083e6 (0x8d91) x11 0xffbffeda
core   0: 0x800083e8 (0x00008d61) c.and   a0, s0
core   0: 3 0x800083e8 (0x8d61) x10 0x01fffffc
core   0: 0x800083ea (0x000019fd) c.addi  s3, -1
core   0: 3 0x800083ea (0x19fd) x19 0x00000000
core   0: 0x800083ec (0x000082b1) c.srli  a3, 12
core   0: 3 0x800083ec (0x82b1) x13 0x00000000
core   0: 0x800083ee (0x001c70b3) and     ra, s8, ra
core   0: 3 0x800083ee (0x001c70b3) x 1 0x00000000
core   0: 0x800083f2 (0x00000f14) c.addi4spn a3, sp, 912
core   0: 3 0x800083f2 (0x0f14) x13 0x00000390
core   0: 0x800083f4 (0x41515d93) srai    s11, sp, 21
core   0: 3 0x800083f4 (0x41515d93) x27 0x00000000
core   0: 0x800083f8 (0x01004133) xor     sp, zero, a6
core   0: 3 0x800083f8 (0x01004133) x 2 0x00000014
core   0: 0x800083fc (0x01581633) sll     a2, a6, s5
core   0: 3 0x800083fc (0x01581633) x12 0x00000014
core   0: 0x80008400 (0x4078da93) srai    s5, a7, 7
core   0: 3 0x80008400 (0x4078da93) x21 0xff80021e
core   0: 0x80008404 (0x001bc2b3) xor     t0, s7, ra
core   0: 3 0x80008404 (0x001bc2b3) x 5 0x80021e64
core   0: 0x80008408 (0x02f98a33) mul     s4, s3, a5
core   0: 3 0x80008408 (0x02f98a33) x20 0x00000000
core   0: 0x8000840c (0x0278aeb3) mulhsu  t4, a7, t2
core   0: 3 0x8000840c (0x0278aeb3) x29 0x00000000
core   0: 0x80008410 (0x00000001) c.nop
core   0: 3 0x80008410 (0x0001)
core   0: 0x80008412 (0x0000e695) c.bnez  a3, pc + 44
core   0: 3 0x80008412 (0xe695)
core   0: 0x8000843e (0x0165f963) bgeu    a1, s6, pc + 18
core   0: 3 0x8000843e (0x0165f963)
core   0: 0x80008442 (0x00a5fcb3) and     s9, a1, a0
core   0: 3 0x80008442 (0x00a5fcb3) x25 0x01bffed8
core   0: 0x80008446 (0x0000cb05) c.beqz  a4, pc + 48
core   0: 3 0x80008446 (0xcb05)
core   0: 0x80008448 (0x05547163) bgeu    s0, s5, pc + 66
core   0: 3 0x80008448 (0x05547163)
core   0: 0x8000848a (0x00001288) c.addi4spn a0, sp, 352
core   0: 3 0x8000848a (0x1288) x10 0x00000174
core   0: 0x8000848c (0x013bda63) bge     s7, s3, pc + 20
core   0: 3 0x8000848c (0x013bda63)
core   0: 0x80008490 (0x5dbafd37) lui     s10, 0x5dbaf
core   0: 3 0x80008490 (0x5dbafd37) x26 0x5dbaf000
core   0: 0x80008494 (0x0000ee1d) c.bnez  a2, pc + 62
core   0: 3 0x80008494 (0xee1d)
core   0: 0x800084d2 (0x006f7eb3) and     t4, t5, t1
core   0: 3 0x800084d2 (0x006f7eb3) x29 0x00000000
core   0: 0x800084d6 (0x0000673d) c.lui   a4, 0xf
core   0: 3 0x800084d6 (0x673d) x14 0x0000f000
core   0: 0x800084d8 (0xb471c5b7) lui     a1, 0xb471c
core   0: 3 0x800084d8 (0xb471c5b7) x11 0xb471c000
core   0: 0x800084dc (0xbdf10fb7) lui     t6, 0xbdf10
core   0: 3 0x800084dc (0xbdf10fb7) x31 0xbdf10000
core   0: 0x800084e0 (0x00475a13) srli    s4, a4, 4
core   0: 3 0x800084e0 (0x00475a13) x20 0x00000f00
core   0: 0x800084e4 (0x00008df5) c.and   a1, a3
core   0: 3 0x800084e4 (0x8df5) x11 0x00000000
core   0: 0x800084e6 (0x00008e59) c.or    a2, a4
core   0: 3 0x800084e6 (0x8e59) x12 0x0000f014
core   0: 0x800084e8 (0x00009556) c.add   a0, s5
core   0: 3 0x800084e8 (0x9556) x10 0xff800392
core   0: 0x800084ea (0x2fbe4813) xori    a6, t3, 763
core   0: 3 0x800084ea (0x2fbe4813) x16 0xfffffd04
core   0: 0x800084ee (0x02264db3) div     s11, a2, sp
core   0: 3 0x800084ee (0x02264db3) x27 0x00000c01
core   0: 0x800084f2 (0x01ceef33) or      t5, t4, t3
core   0: 3 0x800084f2 (0x01ceef33) x30 0xffffffff
core   0: 0x800084f6 (0x00009a7d) c.andi  a2, -1
core   0: 3 0x800084f6 (0x9a7d) x12 0x0000f014
core   0: 0x800084f8 (0x0000517d) c.li    sp, -1
core   0: 3 0x800084f8 (0x517d) x 2 0xffffffff
core   0: 0x800084fa (0x00000a94) c.addi4spn a3, sp, 336
core   0: 3 0x800084fa (0x0a94) x13 0x0000014f
core   0: 0x800084fc (0x00009cae) c.add   s9, a1
core   0: 3 0x800084fc (0x9cae) x25 0x01bffed8
core   0: 0x800084fe (0x00000a25) c.addi  s4, 9
core   0: 3 0x800084fe (0x0a25) x20 0x00000f09
core   0: 0x80008500 (0x00de7433) and     s0, t3, a3
core   0: 3 0x80008500 (0x00de7433) x 8 0x0000014f
core   0: 0x80008504 (0x0000ee95) c.bnez  a3, pc + 60
core   0: 3 0x80008504 (0xee95)
core   0: 0x80008540 (0xb8918f97) auipc   t6, 0xb8918
core   0: 3 0x80008540 (0xb8918f97) x31 0x38920540
core   0: 0x80008544 (0x53a24d13) xori    s10, tp, 1338
core   0: 3 0x80008544 (0x53a24d13) x26 0xfffffafa
core   0: 0x80008548 (0x00008c4e) c.mv    s8, s3
core   0: 3 0x80008548 (0x8c4e) x24 0x00000000
core   0: 0x8000854a (0x021eea63) bltu    t4, ra, pc + 52
core   0: 3 0x8000854a (0x021eea63)
core   0: 0x8000854e (0x025b1663) bne     s6, t0, pc + 44
core   0: 3 0x8000854e (0x025b1663)
core   0: 0x8000857a (0xc4852313) slti    t1, a0, -952
core   0: 3 0x8000857a (0xc4852313) x 6 0x00000001
core   0: 0x8000857e (0x000082a5) c.srli  a3, 9
core   0: 3 0x8000857e (0x82a5) x13 0x00000000
core   0: 0x80008580 (0x0000ca81) c.beqz  a3, pc + 16
core   0: 3 0x80008580 (0xca81)
core   0: 0x80008590 (0x000003ba) c.slli  t2, 14
core   0: 3 0x80008590 (0x03ba) x 7 0x00000000
core   0: 0x80008592 (0x00008321) c.srli  a4, 8
core   0: 3 0x80008592 (0x8321) x14 0x000000f0
core   0: 0x80008594 (0x0000038c) c.addi4spn a1, sp, 448
core   0: 3 0x80008594 (0x038c) x11 0x000001bf
core   0: 0x80008596 (0x012365b3) or      a1, t1, s2
core   0: 3 0x80008596 (0x012365b3) x11 0x25c00001
core   0: 0x8000859a (0xace22313) slti    t1, tp, -1330
core   0: 3 0x8000859a (0xace22313) x 6 0x00000000
core   0: 0x8000859e (0x03144d33) div     s10, s0, a7
core   0: 3 0x8000859e (0x03144d33) x26 0x00000000
core   0: 0x800085a2 (0x00008999) c.andi  a1, 6
core   0: 3 0x800085a2 (0x8999) x11 0x00000000
core   0: 0x800085a4 (0x1237c013) xori    zero, a5, 291
core   0: 3 0x800085a4 (0x1237c013)
core   0: 0x800085a8 (0xb8ed0f93) addi    t6, s10, -1138
core   0: 3 0x800085a8 (0xb8ed0f93) x31 0xfffffb8e
core   0: 0x800085ac (0x0000877d) c.srai  a4, 31
core   0: 3 0x800085ac (0x877d) x14 0x00000000
core   0: 0x800085ae (0x0000c719) c.beqz  a4, pc + 14
core   0: 3 0x800085ae (0xc719)
core   0: 0x800085bc (0xf713ab37) lui     s6, 0xf713a
core   0: 3 0x800085bc (0xf713ab37) x22 0xf713a000
core   0: 0x800085c0 (0x1e9f8437) lui     s0, 0x1e9f8
core   0: 3 0x800085c0 (0x1e9f8437) x 8 0x1e9f8000
core   0: 0x800085c4 (0x0ff0000f) fence   iorw,iorw
core   0: 3 0x800085c4 (0x0ff0000f)
core   0: 0x800085c8 (0xbff28593) addi    a1, t0, -1025
core   0: 3 0x800085c8 (0xbff28593) x11 0x80021a63
core   0: 0x800085cc (0x00019393) slli    t2, gp, 0
core   0: 3 0x800085cc (0x00019393) x 7 0xffffffff
core   0: 0x800085d0 (0x0243aeb3) mulhsu  t4, t2, tp
core   0: 3 0x800085d0 (0x0243aeb3) x29 0xffffffff
core   0: 0x800085d4 (0x37efef93) ori     t6, t6, 894
core   0: 3 0x800085d4 (0x37efef93) x31 0xfffffbfe
core   0: 0x800085d8 (0x6b030537) lui     a0, 0x6b030
core   0: 3 0x800085d8 (0x6b030537) x10 0x6b030000
core   0: 0x800085dc (0xfa607437) lui     s0, 0xfa607
core   0: 3 0x800085dc (0xfa607437) x 8 0xfa607000
core   0: 0x800085e0 (0x0000147d) c.addi  s0, -1
core   0: 3 0x800085e0 (0x147d) x 8 0xfa606fff
core   0: 0x800085e2 (0x0000e905) c.bnez  a0, pc + 48
core   0: 3 0x800085e2 (0xe905)
core   0: 0x80008612 (0xd6d6f517) auipc   a0, 0xd6d6f
core   0: 3 0x80008612 (0xd6d6f517) x10 0x56d77612
core   0: 0x80008616 (0x00008ed5) c.or    a3, a3
core   0: 3 0x80008616 (0x8ed5) x13 0x00000000
core   0: 0x80008618 (0x0000922a) c.add   tp, a0
core   0: 3 0x80008618 (0x922a) x 4 0x56d775d2
core   0: 0x8000861a (0x00008ad9) c.andi  a3, 22
core   0: 3 0x8000861a (0x8ad9) x13 0x00000000
core   0: 0x8000861c (0x62dcb293) sltiu   t0, s9, 1581
core   0: 3 0x8000861c (0x62dcb293) x 5 0x00000000
core   0: 0x80008620 (0x00008005) c.srli  s0, 1
core   0: 3 0x80008620 (0x8005) x 8 0x7d3037ff
core   0: 0x80008622 (0x2116c293) xori    t0, a3, 529
core   0: 3 0x80008622 (0x2116c293) x 5 0x00000211
core   0: 0x80008626 (0x0000821e) c.mv    tp, t2
core   0: 3 0x80008626 (0x821e) x 4 0xffffffff
core   0: 0x80008628 (0xccf86513) ori     a0, a6, -817
core   0: 3 0x80008628 (0xccf86513) x10 0xfffffdcf
core   0: 0x8000862c (0x00000001) c.nop
core   0: 3 0x8000862c (0x0001)
core   0: 0x8000862e (0x00008e55) c.or    a2, a3
core   0: 3 0x8000862e (0x8e55) x12 0x0000f014
core   0: 0x80008630 (0x0110b433) sltu    s0, ra, a7
core   0: 3 0x80008630 (0x0110b433) x 8 0x00000001
core   0: 0x80008634 (0x02931033) mulh    zero, t1, s1
core   0: 3 0x80008634 (0x02931033)
core   0: 0x80008638 (0x00000001) c.nop
core   0: 3 0x80008638 (0x0001)
core   0: 0x8000863a (0x03af8f63) beq     t6, s10, pc + 62
core   0: 3 0x8000863a (0x03af8f63)
core   0: 0x8000863e (0x00008d49) c.or    a0, a0
core   0: 3 0x8000863e (0x8d49) x10 0xfffffdcf
core   0: 0x80008640 (0x0ff0000f) fence   iorw,iorw
core   0: 3 0x80008640 (0x0ff0000f)
core   0: 0x80008644 (0x1d614893) xori    a7, sp, 470
core   0: 3 0x80008644 (0x1d614893) x17 0xfffffe29
core   0: 0x80008648 (0xf65f7a93) andi    s5, t5, -155
core   0: 3 0x80008648 (0xf65f7a93) x21 0xffffff65
core   0: 0x8000864c (0x13f56893) ori     a7, a0, 319
core   0: 3 0x8000864c (0x13f56893) x17 0xfffffdff
core   0: 0x80008650 (0x03267b33) remu    s6, a2, s2
core   0: 3 0x80008650 (0x03267b33) x22 0x0000f014
core   0: 0x80008654 (0x00000166) c.slli  sp, 25
core   0: 3 0x80008654 (0x0166) x 2 0xfe000000
core   0: 0x80008656 (0x00009f9e) c.add   t6, t2
core   0: 3 0x80008656 (0x9f9e) x31 0xfffffbfd
core   0: 0x80008658 (0x00009762) c.add   a4, s8
core   0: 3 0x80008658 (0x9762) x14 0x00000000
core   0: 0x8000865a (0x1e4b6213) ori     tp, s6, 484
core   0: 3 0x8000865a (0x1e4b6213) x 4 0x0000f1f4
core   0: 0x8000865e (0x030e0d33) mul     s10, t3, a6
core   0: 3 0x8000865e (0x030e0d33) x26 0x000002fc
core   0: 0x80008662 (0x015b9ab3) sll     s5, s7, s5
core   0: 3 0x80008662 (0x015b9ab3) x21 0x0043cc80
core   0: 0x80008666 (0x00000232) c.slli  tp, 12
core   0: 3 0x80008666 (0x0232) x 4 0x0f1f4000
core   0: 0x80008668 (0x0ff0000f) fence   iorw,iorw
core   0: 3 0x80008668 (0x0ff0000f)
core   0: 0x8000866c (0x014e9033) sll     zero, t4, s4
core   0: 3 0x8000866c (0x014e9033)
core   0: 0x80008670 (0x00008fea) c.mv    t6, s10
core   0: 3 0x80008670 (0x8fea) x31 0x000002fc
core   0: 0x80008672 (0x0ff0000f) fence   iorw,iorw
core   0: 3 0x80008672 (0x0ff0000f)
core   0: 0x80008676 (0x00009abe) c.add   s5, a5
core   0: 3 0x80008676 (0x9abe) x21 0x8043cc80
core   0: 0x80008678 (0x00001b00) c.addi4spn s0, sp, 432
core   0: 3 0x80008678 (0x1b00) x 8 0xfe0001b0
core   0: 0x8000867a (0x00006139) c.addi16sp sp, 448
core   0: 3 0x8000867a (0x6139) x 2 0xfe0001c0
core   0: 0x8000867c (0x0265cf63) blt     a1, t1, pc + 62
core   0: 3 0x8000867c (0x0265cf63)
core   0: 0x800086ba (0x00008f79) c.and   a4, a4
core   0: 3 0x800086ba (0x8f79) x14 0x00000000
core   0: 0x800086bc (0x41d3df93) srai    t6, t2, 29
core   0: 3 0x800086bc (0x41d3df93) x31 0xffffffff
core   0: 0x800086c0 (0xffa00413) li      s0, -6
core   0: 3 0x800086c0 (0xffa00413) x 8 0xfffffffa
core   0: 0x800086c4 (0x03a76d33) rem     s10, a4, s10
core   0: 3 0x800086c4 (0x03a76d33) x26 0x00000000
core   0: 0x800086c8 (0x2f7108b7) lui     a7, 0x2f710
core   0: 3 0x800086c8 (0x2f7108b7) x17 0x2f710000
core   0: 0x800086cc (0x0000997d) c.andi  a0, -1
core   0: 3 0x800086cc (0x997d) x10 0xfffffdcf
core   0: 0x800086ce (0x00009622) c.add   a2, s0
core   0: 3 0x800086ce (0x9622) x12 0x0000f00e
core   0: 0x800086d0 (0x0308a6b3) mulhsu  a3, a7, a6
core   0: 3 0x800086d0 (0x0308a6b3) x13 0x2f70ff72
core   0: 0x800086d4 (0x01ebbe33) sltu    t3, s7, t5
core   0: 3 0x800086d4 (0x01ebbe33) x28 0x00000001
core   0: 0x800086d8 (0x01025333) srl     t1, tp, a6
core   0: 3 0x800086d8 (0x01025333) x 6 0x00f1f400
core   0: 0x800086dc (0xff800993) li      s3, -8
core   0: 3 0x800086dc (0xff800993) x19 0xfffffff8
core   0: 0x800086e0 (0x0288ca33) div     s4, a7, s0
core   0: 3 0x800086e0 (0x0288ca33) x20 0xf817d556
core   0: 0x800086e4 (0x00008ea5) c.xor   a3, s1
core   0: 3 0x800086e4 (0x8ea5) x13 0xaf72a396
core   0: 0x800086e6 (0x00001459) c.addi  s0, -10
core   0: 3 0x800086e6 (0x1459) x 8 0xfffffff0
core   0: 0x800086e8 (0x41805913) srai    s2, zero, 24
core   0: 3 0x800086e8 (0x41805913) x18 0x00000000
core   0: 0x800086ec (0x00600e93) li      t4, 6
core   0: 3 0x800086ec (0x00600e93) x29 0x00000006
core   0: 0x800086f0 (0x02513e33) mulhu   t3, sp, t0
core   0: 3 0x800086f0 (0x02513e33) x28 0x0000020c
core   0: 0x800086f4 (0x00600c93) li      s9, 6
core   0: 3 0x800086f4 (0x00600c93) x25 0x00000006
core   0: 0x800086f8 (0x014068b3) or      a7, zero, s4
core   0: 3 0x800086f8 (0x014068b3) x17 0xf817d556
core   0: 0x800086fc (0x004c9c13) slli    s8, s9, 4
core   0: 3 0x800086fc (0x004c9c13) x24 0x00000060
core   0: 0x80008700 (0x8117f093) andi    ra, a5, -2031
core   0: 3 0x80008700 (0x8117f093) x 1 0x80000000
core   0: 0x80008704 (0x01735a13) srli    s4, t1, 23
core   0: 3 0x80008704 (0x01735a13) x20 0x00000001
core   0: 0x80008708 (0x00001efd) c.addi  t4, -1
core   0: 3 0x80008708 (0x1efd) x29 0x00000005
core   0: 0x8000870a (0x8688b193) sltiu   gp, a7, -1944
core   0: 3 0x8000870a (0x8688b193) x 3 0x00000001
core   0: 0x8000870e (0x011a75b3) and     a1, s4, a7
core   0: 3 0x8000870e (0x011a75b3) x11 0x00000000
core   0: 0x80008712 (0x00008319) c.srli  a4, 6
core   0: 3 0x80008712 (0x8319) x14 0x00000000
core   0: 0x80008714 (0xff9ef6e3) bgeu    t4, s9, pc - 20
core   0: 3 0x80008714 (0xff9ef6e3)
core   0: 0x80008718 (0x00008f39) c.xor   a4, a4
core   0: 3 0x80008718 (0x8f39) x14 0x00000000
core   0: 0x8000871a (0xfd3455e3) bge     s0, s3, pc - 54
core   0: 3 0x8000871a (0xfd3455e3)
core   0: 0x8000871e (0x03008233) mul     tp, ra, a6
core   0: 3 0x8000871e (0x03008233) x 4 0x00000000
core   0: 0x80008722 (0x00008f61) c.and   a4, s0
core   0: 3 0x80008722 (0x8f61) x14 0x00000000
core   0: 0x80008724 (0x8f01ef17) auipc   t5, 0x8f01e
core   0: 3 0x80008724 (0x8f01ef17) x30 0x0f026724
core   0: 0x80008728 (0x000096c6) c.add   a3, a7
core   0: 3 0x80008728 (0x96c6) x13 0xa78a78ec
core   0: 0x8000872a (0x4029da33) sra     s4, s3, sp
core   0: 3 0x8000872a (0x4029da33) x20 0xfffffff8
core   0: 0x8000872e (0x41bd5f33) sra     t5, s10, s11
core   0: 3 0x8000872e (0x41bd5f33) x30 0x00000000
core   0: 0x80008732 (0x000018fd) c.addi  a7, -1
core   0: 3 0x80008732 (0x18fd) x17 0xf817d555
core   0: 0x80008734 (0x02933fb3) mulhu   t6, t1, s1
core   0: 3 0x80008734 (0x02933fb3) x31 0x0078fc3b
core   0: 0x80008738 (0x00000001) c.nop
core   0: 3 0x80008738 (0x0001)
core   0: 0x8000873a (0x9b09a593) slti    a1, s3, -1616
core   0: 3 0x8000873a (0x9b09a593) x11 0x00000000
core   0: 0x8000873e (0x00000001) c.nop
core   0: 3 0x8000873e (0x0001)
core   0: 0x80008740 (0x00008d9e) c.mv    s11, t2
core   0: 3 0x80008740 (0x8d9e) x27 0xffffffff
core   0: 0x80008742 (0x00000c56) c.slli  s8, 21
core   0: 3 0x80008742 (0x0c56) x24 0x0c000000
core   0: 0x80008744 (0x01dc1733) sll     a4, s8, t4
core   0: 3 0x80008744 (0x01dc1733) x14 0x80000000
core   0: 0x80008748 (0x0000915a) c.add   sp, s6
core   0: 3 0x80008748 (0x915a) x 2 0xfe00f1d4
core   0: 0x8000874a (0x016175b3) and     a1, sp, s6
core   0: 3 0x8000874a (0x016175b3) x11 0x0000f014
core   0: 0x8000874e (0x00000c8c) c.addi4spn a1, sp, 592
core   0: 3 0x8000874e (0x0c8c) x11 0xfe00f424
core   0: 0x80008750 (0x034a7fb3) remu    t6, s4, s4
core   0: 3 0x80008750 (0x034a7fb3) x31 0x00000000
core   0: 0x80008754 (0x67b81117) auipc   sp, 0x67b81
core   0: 3 0x80008754 (0x67b81117) x 2 0xe7b89754
core   0: 0x80008758 (0x00000001) c.nop
core   0: 3 0x80008758 (0x0001)
core   0: 0x8000875a (0x14de8537) lui     a0, 0x14de8
core   0: 3 0x8000875a (0x14de8537) x10 0x14de8000
core   0: 0x8000875e (0x00009cfe) c.add   s9, t6
core   0: 3 0x8000875e (0x9cfe) x25 0x00000006
core   0: 0x80008760 (0xf7582237) lui     tp, 0xf7582
core   0: 3 0x80008760 (0xf7582237) x 4 0xf7582000
core   0: 0x80008764 (0x03f01963) bne     zero, t6, pc + 50
core   0: 3 0x80008764 (0x03f01963)
core   0: 0x80008768 (0x00005a7d) c.li    s4, -1
core   0: 3 0x80008768 (0x5a7d) x20 0xffffffff
core   0: 0x8000876a (0x01467233) and     tp, a2, s4
core   0: 3 0x8000876a (0x01467233) x 4 0x0000f00e
core   0: 0x8000876e (0x02ed7663) bgeu    s10, a4, pc + 44
core   0: 3 0x8000876e (0x02ed7663)
core   0: 0x80008772 (0x038b2333) mulhsu  t1, s6, s8
core   0: 3 0x80008772 (0x038b2333) x 6 0x00000b40
core   0: 0x80008776 (0x000099da) c.add   s3, s6
core   0: 3 0x80008776 (0x99da) x19 0x0000f00c
core   0: 0x80008778 (0x015e9f63) bne     t4, s5, pc + 30
core   0: 3 0x80008778 (0x015e9f63)
core   0: 0x80008796 (0x47d18193) addi    gp, gp, 1149
core   0: 3 0x80008796 (0x47d18193) x 3 0x0000047e
core   0: 0x8000879a (0x00008c19) c.sub   s0, a4
core   0: 3 0x8000879a (0x8c19) x 8 0x7ffffff0
core   0: 0x8000879c (0x0000807d) c.srli  s0, 31
core   0: 3 0x8000879c (0x807d) x 8 0x00000000
core   0: 0x8000879e (0x0000892a) c.mv    s2, a0
core   0: 3 0x8000879e (0x892a) x18 0x14de8000
core   0: 0x800087a0 (0x3558ee17) auipc   t3, 0x3558e
core   0: 3 0x800087a0 (0x3558ee17) x28 0xb55967a0
core   0: 0x800087a4 (0xf2f9ba93) sltiu   s5, s3, -209
core   0: 3 0x800087a4 (0xf2f9ba93) x21 0x00000001
core   0: 0x800087a8 (0x0113a733) slt     a4, t2, a7
core   0: 3 0x800087a8 (0x0113a733) x14 0x00000000
core   0: 0x800087ac (0x4137d633) sra     a2, a5, s3
core   0: 3 0x800087ac (0x4137d633) x12 0xfff80000
core   0: 0x800087b0 (0x03b6aa33) mulhsu  s4, a3, s11
core   0: 3 0x800087b0 (0x03b6aa33) x20 0xa78a78ec
core   0: 0x800087b4 (0xe9cf6593) ori     a1, t5, -356
core   0: 3 0x800087b4 (0xe9cf6593) x11 0xfffffe9c
core   0: 0x800087b8 (0x0289bcb3) mulhu   s9, s3, s0
core   0: 3 0x800087b8 (0x0289bcb3) x25 0x00000000
core   0: 0x800087bc (0x00008da5) c.xor   a1, s1
core   0: 3 0x800087bc (0x8da5) x11 0x7ffda278
core   0: 0x800087be (0x00008619) c.srai  a2, 6
core   0: 3 0x800087be (0x8619) x12 0xffffe000
core   0: 0x800087c0 (0xc3f04f97) auipc   t6, 0xc3f04
core   0: 3 0x800087c0 (0xc3f04f97) x31 0x43f0c7c0
core   0: 0x800087c4 (0x7135f893) andi    a7, a1, 1811
core   0: 3 0x800087c4 (0x7135f893) x17 0x00000210
core   0: 0x800087c8 (0x02d87833) remu    a6, a6, a3
core   0: 3 0x800087c8 (0x02d87833) x16 0x58758418
core   0: 0x800087cc (0x00000001) c.nop
core   0: 3 0x800087cc (0x0001)
core   0: 0x800087ce (0xc3b53113) sltiu   sp, a0, -965
core   0: 3 0x800087ce (0xc3b53113) x 2 0x00000001
core   0: 0x800087d2 (0x0000987d) c.andi  s0, -1
core   0: 3 0x800087d2 (0x987d) x 8 0x00000000
core   0: 0x800087d4 (0x0000e819) c.bnez  s0, pc + 22
core   0: 3 0x800087d4 (0xe819)
core   0: 0x800087d6 (0x41a489b3) sub     s3, s1, s10
core   0: 3 0x800087d6 (0x41a489b3) x19 0x80025ce4
core   0: 0x800087da (0x17fbef93) ori     t6, s7, 383
core   0: 3 0x800087da (0x17fbef93) x31 0x80021f7f
core   0: 0x800087de (0x39566f37) lui     t5, 0x39566
core   0: 3 0x800087de (0x39566f37) x30 0x39566000
core   0: 0x800087e2 (0x05580163) beq     a6, s5, pc + 66
core   0: 3 0x800087e2 (0x05580163)
core   0: 0x800087e6 (0x01cee533) or      a0, t4, t3
core   0: 3 0x800087e6 (0x01cee533) x10 0xb55967a5
core   0: 0x800087ea (0x00000001) c.nop
core   0: 3 0x800087ea (0x0001)
core   0: 0x800087ec (0x0000100f) fence.i
core   0: 3 0x800087ec (0x0000100f)
core   0: 0x800087f0 (0x403886b3) sub     a3, a7, gp
core   0: 3 0x800087f0 (0x403886b3) x13 0xfffffd92
core   0: 0x800087f4 (0x0000100f) fence.i
core   0: 3 0x800087f4 (0x0000100f)
core   0: 0x800087f8 (0xc1d72d93) slti    s11, a4, -995
core   0: 3 0x800087f8 (0xc1d72d93) x27 0x00000000
core   0: 0x800087fc (0x00000001) c.nop
core   0: 3 0x800087fc (0x0001)
core   0: 0x800087fe (0x01b3ed63) bltu    t2, s11, pc + 26
core   0: 3 0x800087fe (0x01b3ed63)
core   0: 0x80008802 (0x0273b633) mulhu   a2, t2, t2
core   0: 3 0x80008802 (0x0273b633) x12 0xfffffffe
core   0: 0x80008806 (0x8fc60913) addi    s2, a2, -1796
core   0: 3 0x80008806 (0x8fc60913) x18 0xfffff8fa
core   0: 0x8000880a (0x0000629d) c.lui   t0, 0x7
core   0: 3 0x8000880a (0x629d) x 5 0x00007000
core   0: 0x8000880c (0x00271533) sll     a0, a4, sp
core   0: 3 0x8000880c (0x00271533) x10 0x00000000
core   0: 0x80008810 (0x02407133) remu    sp, zero, tp
core   0: 3 0x80008810 (0x02407133) x 2 0x00000000
core   0: 0x80008814 (0x000068fd) c.lui   a7, 0x1f
core   0: 3 0x80008814 (0x68fd) x17 0x0001f000
core   0: 0x80008816 (0x0000987d) c.andi  s0, -1
core   0: 3 0x80008816 (0x987d) x 8 0x00000000
core   0: 0x80008818 (0x0241d163) bge     gp, tp, pc + 34
core   0: 3 0x80008818 (0x0241d163)
core   0: 0x8000881c (0x414353b3) sra     t2, t1, s4
core   0: 3 0x8000881c (0x414353b3) x 7 0x00000000
core   0: 0x80008820 (0x4009da93) srai    s5, s3, 0
core   0: 3 0x80008820 (0x4009da93) x21 0x80025ce4
core   0: 0x80008824 (0x0000100f) fence.i
core   0: 3 0x80008824 (0x0000100f)
core   0: 0x80008828 (0x0000e709) c.bnez  a4, pc + 10
core   0: 3 0x80008828 (0xe709)
core   0: 0x8000882a (0x037079b3) remu    s3, zero, s7
core   0: 3 0x8000882a (0x037079b3) x19 0x00000000
core   0: 0x8000882e (0x2b567093) andi    ra, a2, 693
core   0: 3 0x8000882e (0x2b567093) x 1 0x000002b4
core   0: 0x80008832 (0x415d56b3) sra     a3, s10, s5
core   0: 3 0x80008832 (0x415d56b3) x13 0x00000000
core   0: 0x80008836 (0x40d55913) srai    s2, a0, 13
core   0: 3 0x80008836 (0x40d55913) x18 0x00000000
core   0: 0x8000883a (0x00008ee1) c.and   a3, s0
core   0: 3 0x8000883a (0x8ee1) x13 0x00000000
core   0: 0x8000883c (0x8f8ee193) ori     gp, t4, -1800
core   0: 3 0x8000883c (0x8f8ee193) x 3 0xfffff8fd
core   0: 0x80008840 (0x00004e59) c.li    t3, 22
core   0: 3 0x80008840 (0x4e59) x28 0x00000016
core   0: 0x80008842 (0x00afcdb3) xor     s11, t6, a0
core   0: 3 0x80008842 (0x00afcdb3) x27 0x80021f7f
core   0: 0x80008846 (0x413585b3) sub     a1, a1, s3
core   0: 3 0x80008846 (0x413585b3) x11 0x7ffda278
core   0: 0x8000884a (0x00000001) c.nop
core   0: 3 0x8000884a (0x0001)
core   0: 0x8000884c (0x000053fd) c.li    t2, -1
core   0: 3 0x8000884c (0x53fd) x 7 0xffffffff
core   0: 0x8000884e (0x000015fd) c.addi  a1, -1
core   0: 3 0x8000884e (0x15fd) x11 0x7ffda277
core   0: 0x80008850 (0x005efc63) bgeu    t4, t0, pc + 24
core   0: 3 0x80008850 (0x005efc63)
core   0: 0x80008854 (0x00008de5) c.and   a1, s1
core   0: 3 0x80008854 (0x8de5) x11 0x00000064
core   0: 0x80008856 (0x0000987d) c.andi  s0, -1
core   0: 3 0x80008856 (0x987d) x 8 0x00000000
core   0: 0x80008858 (0x418a0833) sub     a6, s4, s8
core   0: 3 0x80008858 (0x418a0833) x16 0x9b8a78ec
core   0: 0x8000885c (0x0000100f) fence.i
core   0: 3 0x8000885c (0x0000100f)
core   0: 0x80008860 (0x00008df9) c.and   a1, a4
core   0: 3 0x80008860 (0x8df9) x11 0x00000000
core   0: 0x80008862 (0x5609a113) slti    sp, s3, 1376
core   0: 3 0x80008862 (0x5609a113) x 2 0x00000001
core   0: 0x80008866 (0x00000001) c.nop
core   0: 3 0x80008866 (0x0001)
core   0: 0x80008868 (0x0000b733) sltu    a4, ra, zero
core   0: 3 0x80008868 (0x0000b733) x14 0x00000000
core   0: 0x8000886c (0x02b20a63) beq     tp, a1, pc + 52
core   0: 3 0x8000886c (0x02b20a63)
core   0: 0x80008870 (0x030b3633) mulhu   a2, s6, a6
core   0: 3 0x80008870 (0x030b3633) x12 0x000091dd
core   0: 0x80008874 (0x0383adb3) mulhsu  s11, t2, s8
core   0: 3 0x80008874 (0x0383adb3) x27 0xffffffff
core   0: 0x80008878 (0x2f994213) xori    tp, s2, 761
core   0: 3 0x80008878 (0x2f994213) x 4 0x000002f9
core   0: 0x8000887c (0x00009522) c.add   a0, s0
core   0: 3 0x8000887c (0x9522) x10 0x00000000
core   0: 0x8000887e (0x026a9c33) mulh    s8, s5, t1
core   0: 3 0x8000887e (0x026a9c33) x24 0xfffffa60
core   0: 0x80008882 (0x00008eb9) c.xor   a3, a4
core   0: 3 0x80008882 (0x8eb9) x13 0x00000000
core   0: 0x80008884 (0x00008259) c.srli  a2, 22
core   0: 3 0x80008884 (0x8259) x12 0x00000000
core   0: 0x80008886 (0x0000ee91) c.bnez  a3, pc + 28
core   0: 3 0x80008886 (0xee91)
core   0: 0x80008888 (0x0000cb01) c.beqz  a4, pc + 16
core   0: 3 0x80008888 (0xcb01)
core   0: 0x80008898 (0x00000001) c.nop
core   0: 3 0x80008898 (0x0001)
core   0: 0x8000889a (0x75a4b593) sltiu   a1, s1, 1882
core   0: 3 0x8000889a (0x75a4b593) x11 0x00000000
core   0: 0x8000889e (0x00000001) c.nop
core   0: 3 0x8000889e (0x0001)
core   0: 0x800088a0 (0x0000896a) c.mv    s2, s10
core   0: 3 0x800088a0 (0x896a) x18 0x00000000
core   0: 0x800088a2 (0xe74d6b13) ori     s6, s10, -396
core   0: 3 0x800088a2 (0xe74d6b13) x22 0xfffffe74
core   0: 0x800088a6 (0x01854663) blt     a0, s8, pc + 12
core   0: 3 0x800088a6 (0x01854663)
core   0: 0x800088aa (0x03e23d33) mulhu   s10, tp, t5
core   0: 3 0x800088aa (0x03e23d33) x26 0x000000aa
core   0: 0x800088ae (0x000016fd) c.addi  a3, -1
core   0: 3 0x800088ae (0x16fd) x13 0xffffffff
core   0: 0x800088b0 (0x00000001) c.nop
core   0: 3 0x800088b0 (0x0001)
core   0: 0x800088b2 (0x0344be97) auipc   t4, 0x344b
core   0: 3 0x800088b2 (0x0344be97) x29 0x834538b2
core   0: 0x800088b6 (0x0335ce63) blt     a1, s3, pc + 60
core   0: 3 0x800088b6 (0x0335ce63)
core   0: 0x800088ba (0x02aae833) rem     a6, s5, a0
core   0: 3 0x800088ba (0x02aae833) x16 0x80025ce4
core   0: 0x800088be (0x00008ee5) c.and   a3, s1
core   0: 3 0x800088be (0x8ee5) x13 0x80025ce4
core   0: 0x800088c0 (0x000e5833) srl     a6, t3, zero
core   0: 3 0x800088c0 (0x000e5833) x16 0x00000016
core   0: 0x800088c4 (0x23463913) sltiu   s2, a2, 564
core   0: 3 0x800088c4 (0x23463913) x18 0x00000001
core   0: 0x800088c8 (0x000096de) c.add   a3, s7
core   0: 3 0x800088c8 (0x96de) x13 0x00047b48
core   0: 0x800088ca (0x02921db3) mulh    s11, tp, s1
core   0: 3 0x800088ca (0x02921db3) x27 0xfffffe83
core   0: 0x800088ce (0x02fea533) mulhsu  a0, t4, a5
core   0: 3 0x800088ce (0x02fea533) x10 0xc1a29c59
core   0: 0x800088d2 (0x000009ed) c.addi  s3, 27
core   0: 3 0x800088d2 (0x09ed) x19 0x0000001b
core   0: 0x800088d4 (0x05aa6163) bltu    s4, s10, pc + 66
core   0: 3 0x800088d4 (0x05aa6163)
core   0: 0x800088d8 (0x0000100f) fence.i
core   0: 3 0x800088d8 (0x0000100f)
core   0: 0x800088dc (0x00008f9e) c.mv    t6, t2
core   0: 3 0x800088dc (0x8f9e) x31 0xffffffff
core   0: 0x800088de (0x00000001) c.nop
core   0: 3 0x800088de (0x0001)
core   0: 0x800088e0 (0x00005dfd) c.li    s11, -1
core   0: 3 0x800088e0 (0x5dfd) x27 0xffffffff
core   0: 0x800088e2 (0x04354063) blt     a0, gp, pc + 64
core   0: 3 0x800088e2 (0x04354063)
core   0: 0x80008922 (0xc35bee93) ori     t4, s7, -971
core   0: 3 0x80008922 (0xc35bee93) x29 0xfffffe75
core   0: 0x80008926 (0x00004dd5) c.li    s11, 21
core   0: 3 0x80008926 (0x4dd5) x27 0x00000015
core   0: 0x80008928 (0xaf0baa13) slti    s4, s7, -1296
core   0: 3 0x80008928 (0xaf0baa13) x20 0x00000001
core   0: 0x8000892c (0x0270cc33) div     s8, ra, t2
core   0: 3 0x8000892c (0x0270cc33) x24 0xfffffd4c
core   0: 0x80008930 (0x1990e693) ori     a3, ra, 409
core   0: 3 0x80008930 (0x1990e693) x13 0x000003bd
core   0: 0x80008934 (0x00000001) c.nop
core   0: 3 0x80008934 (0x0001)
core   0: 0x80008936 (0x4cd8a593) slti    a1, a7, 1229
core   0: 3 0x80008936 (0x4cd8a593) x11 0x00000000
core   0: 0x8000893a (0x00091263) bnez    s2, pc + 4
core   0: 3 0x8000893a (0x00091263)
core   0: 0x8000893e (0x037ad833) divu    a6, s5, s7
core   0: 3 0x8000893e (0x037ad833) x16 0x00000001
core   0: 0x80008942 (0x00ef51b3) srl     gp, t5, a4
core   0: 3 0x80008942 (0x00ef51b3) x 3 0x39566000
core   0: 0x80008946 (0x032f6fb3) rem     t6, t5, s2
core   0: 3 0x80008946 (0x032f6fb3) x31 0x00000000
core   0: 0x8000894a (0x0106f8b3) and     a7, a3, a6
core   0: 3 0x8000894a (0x0106f8b3) x17 0x00000001
core   0: 0x8000894e (0x01847d63) bgeu    s0, s8, pc + 26
core   0: 3 0x8000894e (0x01847d63)
core   0: 0x80008952 (0x00008c45) c.or    s0, s1
core   0: 3 0x80008952 (0x8c45) x 8 0x80025ce4
core   0: 0x80008954 (0x00005e7d) c.li    t3, -1
core   0: 3 0x80008954 (0x5e7d) x28 0xffffffff
core   0: 0x80008956 (0x0025dfb3) srl     t6, a1, sp
core   0: 3 0x80008956 (0x0025dfb3) x31 0x00000000
core   0: 0x8000895a (0x0000100f) fence.i
core   0: 3 0x8000895a (0x0000100f)
core   0: 0x8000895e (0x00005833) srl     a6, zero, zero
core   0: 3 0x8000895e (0x00005833) x16 0x00000000
core   0: 0x80008962 (0x00008dbd) c.xor   a1, a5
core   0: 3 0x80008962 (0x8dbd) x11 0x80000000
core   0: 0x80008964 (0x02738833) mul     a6, t2, t2
core   0: 3 0x80008964 (0x02738833) x16 0x00000001
core   0: 0x80008968 (0x008ffa33) and     s4, t6, s0
core   0: 3 0x80008968 (0x008ffa33) x20 0x00000000
core   0: 0x8000896c (0x013d33b3) sltu    t2, s10, s3
core   0: 3 0x8000896c (0x013d33b3) x 7 0x00000000
core   0: 0x80008970 (0x0ff0000f) fence   iorw,iorw
core   0: 3 0x80008970 (0x0ff0000f)
core   0: 0x80008974 (0x03ddc933) div     s2, s11, t4
core   0: 3 0x80008974 (0x03ddc933) x18 0x00000000
core   0: 0x80008978 (0x00008335) c.srli  a4, 13
core   0: 3 0x80008978 (0x8335) x14 0x00000000
core   0: 0x8000897a (0x00000001) c.nop
core   0: 3 0x8000897a (0x0001)
core   0: 0x8000897c (0x0247f133) remu    sp, a5, tp
core   0: 3 0x8000897c (0x0247f133) x 2 0x000000f5
core   0: 0x80008980 (0x00000001) c.nop
core   0: 3 0x80008980 (0x0001)
core   0: 0x80008982 (0x000000a6) c.slli  ra, 9
core   0: 3 0x80008982 (0x00a6) x 1 0x00056800
core   0: 0x80008984 (0x0578c363) blt     a7, s7, pc + 70
core   0: 3 0x80008984 (0x0578c363)
core   0: 0x80008988 (0x037a5a63) bge     s4, s7, pc + 52
core   0: 3 0x80008988 (0x037a5a63)
core   0: 0x800089bc (0x0310f563) bgeu    ra, a7, pc + 42
core   0: 3 0x800089bc (0x0310f563)
core   0: 0x800089e6 (0x00008475) c.srai  s0, 29
core   0: 3 0x800089e6 (0x8475) x 8 0xfffffffc
core   0: 0x800089e8 (0x00006939) c.lui   s2, 0xe
core   0: 3 0x800089e8 (0x6939) x18 0x0000e000
core   0: 0x800089ea (0x03695963) bge     s2, s6, pc + 50
core   0: 3 0x800089ea (0x03695963)
core   0: 0x80008a1c (0x00009fca) c.add   t6, s2
core   0: 3 0x80008a1c (0x9fca) x31 0x0000e000
core   0: 0x80008a1e (0x0000994a) c.add   s2, s2
core   0: 3 0x80008a1e (0x994a) x18 0x0001c000
core   0: 0x80008a20 (0x028ad3b3) divu    t2, s5, s0
core   0: 3 0x80008a20 (0x028ad3b3) x 7 0x00000000
core   0: 0x80008a24 (0x928a7297) auipc   t0, 0x928a7
core   0: 3 0x80008a24 (0x928a7297) x 5 0x128afa24
core   0: 0x80008a28 (0x95a3f513) andi    a0, t2, -1702
core   0: 3 0x80008a28 (0x95a3f513) x10 0x00000000
core   0: 0x80008a2c (0x00001ffd) c.addi  t6, -1
core   0: 3 0x80008a2c (0x1ffd) x31 0x0000dfff
core   0: 0x80008a2e (0x0134b433) sltu    s0, s1, s3
core   0: 3 0x80008a2e (0x0134b433) x 8 0x00000000
core   0: 0x80008a32 (0x0000030c) c.addi4spn a1, sp, 384
core   0: 3 0x80008a32 (0x030c) x11 0x00000275
core   0: 0x80008a34 (0x8fc73413) sltiu   s0, a4, -1796
core   0: 3 0x80008a34 (0x8fc73413) x 8 0x00000001
core   0: 0x80008a38 (0x029cad33) mulhsu  s10, s9, s1
core   0: 3 0x80008a38 (0x029cad33) x26 0x00000000
core   0: 0x80008a3c (0x00008c11) c.sub   s0, a2
core   0: 3 0x80008a3c (0x8c11) x 8 0x00000001
core   0: 0x80008a3e (0x00004ef5) c.li    t4, 29
core   0: 3 0x80008a3e (0x4ef5) x29 0x0000001d
core   0: 0x80008a40 (0x0000864e) c.mv    a2, s3
core   0: 3 0x80008a40 (0x864e) x12 0x0000001b
core   0: 0x80008a42 (0x000085a1) c.srai  a1, 8
core   0: 3 0x80008a42 (0x85a1) x11 0x00000002
core   0: 0x80008a44 (0x00008dc5) c.or    a1, s1
core   0: 3 0x80008a44 (0x8dc5) x11 0x80025ce6
core   0: 0x80008a46 (0x00008122) c.mv    sp, s0
core   0: 3 0x80008a46 (0x8122) x 2 0x00000001
core   0: 0x80008a48 (0x7fe03993) sltiu   s3, zero, 2046
core   0: 3 0x80008a48 (0x7fe03993) x19 0x00000001
core   0: 0x80008a4c (0x033d6563) bltu    s10, s3, pc + 42
core   0: 3 0x80008a4c (0x033d6563)
core   0: 0x80008a76 (0x00000c05) c.addi  s8, 1
core   0: 3 0x80008a76 (0x0c05) x24 0xfffffd4d
core   0: 0x80008a78 (0xa7334513) xori    a0, t1, -1421
core   0: 3 0x80008a78 (0xa7334513) x10 0xfffff133
core   0: 0x80008a7c (0x05e81163) bne     a6, t5, pc + 66
core   0: 3 0x80008a7c (0x05e81163)
core   0: 0x80008abe (0x00000001) c.nop
core   0: 3 0x80008abe (0x0001)
core   0: 0x80008ac0 (0x0005c533) xor     a0, a1, zero
core   0: 3 0x80008ac0 (0x0005c533) x10 0x80025ce6
core   0: 0x80008ac4 (0x0000c9c9) c.beqz  a1, pc + 146
core   0: 3 0x80008ac4 (0xc9c9)
core   0: 0x80008ac6 (0xffe00513) li      a0, -2
core   0: 3 0x80008ac6 (0xffe00513) x10 0xfffffffe
core   0: 0x80008aca (0x00e00d93) li      s11, 14
core   0: 3 0x80008aca (0x00e00d93) x27 0x0000000e
core   0: 0x80008ace (0x000099fd) c.andi  a1, -1
core   0: 3 0x80008ace (0x99fd) x11 0x80025ce6
core   0: 0x80008ad0 (0x00000529) c.addi  a0, 10
core   0: 3 0x80008ad0 (0x0529) x10 0x00000008
core   0: 0x80008ad2 (0x00006171) c.addi16sp sp, 336
core   0: 3 0x80008ad2 (0x6171) x 2 0x00000151
core   0: 0x80008ad4 (0xfff00713) li      a4, -1
core   0: 3 0x80008ad4 (0xfff00713) x14 0xffffffff
core   0: 0x80008ad8 (0x00a00393) li      t2, 10
core   0: 3 0x80008ad8 (0x00a00393) x 7 0x0000000a
core   0: 0x80008adc (0x000066ad) c.lui   a3, 0xb
core   0: 3 0x80008adc (0x66ad) x13 0x0000b000
core   0: 0x80008ade (0x00000705) c.addi  a4, 1
core   0: 3 0x80008ade (0x0705) x14 0x00000000
core   0: 0x80008ae0 (0x0389e833) rem     a6, s3, s8
core   0: 3 0x80008ae0 (0x0389e833) x16 0x00000001
core   0: 0x80008ae4 (0xfe771ce3) bne     a4, t2, pc - 8
core   0: 3 0x80008ae4 (0xfe771ce3)
core   0: 0x80008adc (0x000066ad) c.lui   a3, 0xb
core   0: 3 0x80008adc (0x66ad) x13 0x0000b000
core   0: 0x80008ade (0x00000705) c.addi  a4, 1
core   0: 3 0x80008ade (0x0705) x14 0x00000001
core   0: 0x80008ae0 (0x0389e833) rem     a6, s3, s8
core   0: 3 0x80008ae0 (0x0389e833) x16 0x00000001
core   0: 0x80008ae4 (0xfe771ce3) bne     a4, t2, pc - 8
core   0: 3 0x80008ae4 (0xfe771ce3)
core   0: 0x80008adc (0x000066ad) c.lui   a3, 0xb
core   0: 3 0x80008adc (0x66ad) x13 0x0000b000
core   0: 0x80008ade (0x00000705) c.addi  a4, 1
core   0: 3 0x80008ade (0x0705) x14 0x00000002
core   0: 0x80008ae0 (0x0389e833) rem     a6, s3, s8
core   0: 3 0x80008ae0 (0x0389e833) x16 0x00000001
core   0: 0x80008ae4 (0xfe771ce3) bne     a4, t2, pc - 8
core   0: 3 0x80008ae4 (0xfe771ce3)
core   0: 0x80008adc (0x000066ad) c.lui   a3, 0xb
core   0: 3 0x80008adc (0x66ad) x13 0x0000b000
core   0: 0x80008ade (0x00000705) c.addi  a4, 1
core   0: 3 0x80008ade (0x0705) x14 0x00000003
core   0: 0x80008ae0 (0x0389e833) rem     a6, s3, s8
core   0: 3 0x80008ae0 (0x0389e833) x16 0x00000001
core   0: 0x80008ae4 (0xfe771ce3) bne     a4, t2, pc - 8
core   0: 3 0x80008ae4 (0xfe771ce3)
core   0: 0x80008adc (0x000066ad) c.lui   a3, 0xb
core   0: 3 0x80008adc (0x66ad) x13 0x0000b000
core   0: 0x80008ade (0x00000705) c.addi  a4, 1
core   0: 3 0x80008ade (0x0705) x14 0x00000004
core   0: 0x80008ae0 (0x0389e833) rem     a6, s3, s8
core   0: 3 0x80008ae0 (0x0389e833) x16 0x00000001
core   0: 0x80008ae4 (0xfe771ce3) bne     a4, t2, pc - 8
core   0: 3 0x80008ae4 (0xfe771ce3)
core   0: 0x80008adc (0x000066ad) c.lui   a3, 0xb
core   0: 3 0x80008adc (0x66ad) x13 0x0000b000
core   0: 0x80008ade (0x00000705) c.addi  a4, 1
core   0: 3 0x80008ade (0x0705) x14 0x00000005
core   0: 0x80008ae0 (0x0389e833) rem     a6, s3, s8
core   0: 3 0x80008ae0 (0x0389e833) x16 0x00000001
core   0: 0x80008ae4 (0xfe771ce3) bne     a4, t2, pc - 8
core   0: 3 0x80008ae4 (0xfe771ce3)
core   0: 0x80008adc (0x000066ad) c.lui   a3, 0xb
core   0: 3 0x80008adc (0x66ad) x13 0x0000b000
core   0: 0x80008ade (0x00000705) c.addi  a4, 1
core   0: 3 0x80008ade (0x0705) x14 0x00000006
core   0: 0x80008ae0 (0x0389e833) rem     a6, s3, s8
core   0: 3 0x80008ae0 (0x0389e833) x16 0x00000001
core   0: 0x80008ae4 (0xfe771ce3) bne     a4, t2, pc - 8
core   0: 3 0x80008ae4 (0xfe771ce3)
core   0: 0x80008adc (0x000066ad) c.lui   a3, 0xb
core   0: 3 0x80008adc (0x66ad) x13 0x0000b000
core   0: 0x80008ade (0x00000705) c.addi  a4, 1
core   0: 3 0x80008ade (0x0705) x14 0x00000007
core   0: 0x80008ae0 (0x0389e833) rem     a6, s3, s8
core   0: 3 0x80008ae0 (0x0389e833) x16 0x00000001
core   0: 0x80008ae4 (0xfe771ce3) bne     a4, t2, pc - 8
core   0: 3 0x80008ae4 (0xfe771ce3)
core   0: 0x80008adc (0x000066ad) c.lui   a3, 0xb
core   0: 3 0x80008adc (0x66ad) x13 0x0000b000
core   0: 0x80008ade (0x00000705) c.addi  a4, 1
core   0: 3 0x80008ade (0x0705) x14 0x00000008
core   0: 0x80008ae0 (0x0389e833) rem     a6, s3, s8
core   0: 3 0x80008ae0 (0x0389e833) x16 0x00000001
core   0: 0x80008ae4 (0xfe771ce3) bne     a4, t2, pc - 8
core   0: 3 0x80008ae4 (0xfe771ce3)
core   0: 0x80008adc (0x000066ad) c.lui   a3, 0xb
core   0: 3 0x80008adc (0x66ad) x13 0x0000b000
core   0: 0x80008ade (0x00000705) c.addi  a4, 1
core   0: 3 0x80008ade (0x0705) x14 0x00000009
core   0: 0x80008ae0 (0x0389e833) rem     a6, s3, s8
core   0: 3 0x80008ae0 (0x0389e833) x16 0x00000001
core   0: 0x80008ae4 (0xfe771ce3) bne     a4, t2, pc - 8
core   0: 3 0x80008ae4 (0xfe771ce3)
core   0: 0x80008adc (0x000066ad) c.lui   a3, 0xb
core   0: 3 0x80008adc (0x66ad) x13 0x0000b000
core   0: 0x80008ade (0x00000705) c.addi  a4, 1
core   0: 3 0x80008ade (0x0705) x14 0x0000000a
core   0: 0x80008ae0 (0x0389e833) rem     a6, s3, s8
core   0: 3 0x80008ae0 (0x0389e833) x16 0x00000001
core   0: 0x80008ae4 (0xfe771ce3) bne     a4, t2, pc - 8
core   0: 3 0x80008ae4 (0xfe771ce3)
core   0: 0x80008ae8 (0xffb563e3) bltu    a0, s11, pc - 26
core   0: 3 0x80008ae8 (0xffb563e3)
core   0: 0x80008ace (0x000099fd) c.andi  a1, -1
core   0: 3 0x80008ace (0x99fd) x11 0x80025ce6
core   0: 0x80008ad0 (0x00000529) c.addi  a0, 10
core   0: 3 0x80008ad0 (0x0529) x10 0x00000012
core   0: 0x80008ad2 (0x00006171) c.addi16sp sp, 336
core   0: 3 0x80008ad2 (0x6171) x 2 0x000002a1
core   0: 0x80008ad4 (0xfff00713) li      a4, -1
core   0: 3 0x80008ad4 (0xfff00713) x14 0xffffffff
core   0: 0x80008ad8 (0x00a00393) li      t2, 10
core   0: 3 0x80008ad8 (0x00a00393) x 7 0x0000000a
core   0: 0x80008adc (0x000066ad) c.lui   a3, 0xb
core   0: 3 0x80008adc (0x66ad) x13 0x0000b000
core   0: 0x80008ade (0x00000705) c.addi  a4, 1
core   0: 3 0x80008ade (0x0705) x14 0x00000000
core   0: 0x80008ae0 (0x0389e833) rem     a6, s3, s8
core   0: 3 0x80008ae0 (0x0389e833) x16 0x00000001
core   0: 0x80008ae4 (0xfe771ce3) bne     a4, t2, pc - 8
core   0: 3 0x80008ae4 (0xfe771ce3)
core   0: 0x80008adc (0x000066ad) c.lui   a3, 0xb
core   0: 3 0x80008adc (0x66ad) x13 0x0000b000
core   0: 0x80008ade (0x00000705) c.addi  a4, 1
core   0: 3 0x80008ade (0x0705) x14 0x00000001
core   0: 0x80008ae0 (0x0389e833) rem     a6, s3, s8
core   0: 3 0x80008ae0 (0x0389e833) x16 0x00000001
core   0: 0x80008ae4 (0xfe771ce3) bne     a4, t2, pc - 8
core   0: 3 0x80008ae4 (0xfe771ce3)
core   0: 0x80008adc (0x000066ad) c.lui   a3, 0xb
core   0: 3 0x80008adc (0x66ad) x13 0x0000b000
core   0: 0x80008ade (0x00000705) c.addi  a4, 1
core   0: 3 0x80008ade (0x0705) x14 0x00000002
core   0: 0x80008ae0 (0x0389e833) rem     a6, s3, s8
core   0: 3 0x80008ae0 (0x0389e833) x16 0x00000001
core   0: 0x80008ae4 (0xfe771ce3) bne     a4, t2, pc - 8
core   0: 3 0x80008ae4 (0xfe771ce3)
core   0: 0x80008adc (0x000066ad) c.lui   a3, 0xb
core   0: 3 0x80008adc (0x66ad) x13 0x0000b000
core   0: 0x80008ade (0x00000705) c.addi  a4, 1
core   0: 3 0x80008ade (0x0705) x14 0x00000003
core   0: 0x80008ae0 (0x0389e833) rem     a6, s3, s8
core   0: 3 0x80008ae0 (0x0389e833) x16 0x00000001
core   0: 0x80008ae4 (0xfe771ce3) bne     a4, t2, pc - 8
core   0: 3 0x80008ae4 (0xfe771ce3)
core   0: 0x80008adc (0x000066ad) c.lui   a3, 0xb
core   0: 3 0x80008adc (0x66ad) x13 0x0000b000
core   0: 0x80008ade (0x00000705) c.addi  a4, 1
core   0: 3 0x80008ade (0x0705) x14 0x00000004
core   0: 0x80008ae0 (0x0389e833) rem     a6, s3, s8
core   0: 3 0x80008ae0 (0x0389e833) x16 0x00000001
core   0: 0x80008ae4 (0xfe771ce3) bne     a4, t2, pc - 8
core   0: 3 0x80008ae4 (0xfe771ce3)
core   0: 0x80008adc (0x000066ad) c.lui   a3, 0xb
core   0: 3 0x80008adc (0x66ad) x13 0x0000b000
core   0: 0x80008ade (0x00000705) c.addi  a4, 1
core   0: 3 0x80008ade (0x0705) x14 0x00000005
core   0: 0x80008ae0 (0x0389e833) rem     a6, s3, s8
core   0: 3 0x80008ae0 (0x0389e833) x16 0x00000001
core   0: 0x80008ae4 (0xfe771ce3) bne     a4, t2, pc - 8
core   0: 3 0x80008ae4 (0xfe771ce3)
core   0: 0x80008adc (0x000066ad) c.lui   a3, 0xb
core   0: 3 0x80008adc (0x66ad) x13 0x0000b000
core   0: 0x80008ade (0x00000705) c.addi  a4, 1
core   0: 3 0x80008ade (0x0705) x14 0x00000006
core   0: 0x80008ae0 (0x0389e833) rem     a6, s3, s8
core   0: 3 0x80008ae0 (0x0389e833) x16 0x00000001
core   0: 0x80008ae4 (0xfe771ce3) bne     a4, t2, pc - 8
core   0: 3 0x80008ae4 (0xfe771ce3)
core   0: 0x80008adc (0x000066ad) c.lui   a3, 0xb
core   0: 3 0x80008adc (0x66ad) x13 0x0000b000
core   0: 0x80008ade (0x00000705) c.addi  a4, 1
core   0: 3 0x80008ade (0x0705) x14 0x00000007
core   0: 0x80008ae0 (0x0389e833) rem     a6, s3, s8
core   0: 3 0x80008ae0 (0x0389e833) x16 0x00000001
core   0: 0x80008ae4 (0xfe771ce3) bne     a4, t2, pc - 8
core   0: 3 0x80008ae4 (0xfe771ce3)
core   0: 0x80008adc (0x000066ad) c.lui   a3, 0xb
core   0: 3 0x80008adc (0x66ad) x13 0x0000b000
core   0: 0x80008ade (0x00000705) c.addi  a4, 1
core   0: 3 0x80008ade (0x0705) x14 0x00000008
core   0: 0x80008ae0 (0x0389e833) rem     a6, s3, s8
core   0: 3 0x80008ae0 (0x0389e833) x16 0x00000001
core   0: 0x80008ae4 (0xfe771ce3) bne     a4, t2, pc - 8
core   0: 3 0x80008ae4 (0xfe771ce3)
core   0: 0x80008adc (0x000066ad) c.lui   a3, 0xb
core   0: 3 0x80008adc (0x66ad) x13 0x0000b000
core   0: 0x80008ade (0x00000705) c.addi  a4, 1
core   0: 3 0x80008ade (0x0705) x14 0x00000009
core   0: 0x80008ae0 (0x0389e833) rem     a6, s3, s8
core   0: 3 0x80008ae0 (0x0389e833) x16 0x00000001
core   0: 0x80008ae4 (0xfe771ce3) bne     a4, t2, pc - 8
core   0: 3 0x80008ae4 (0xfe771ce3)
core   0: 0x80008adc (0x000066ad) c.lui   a3, 0xb
core   0: 3 0x80008adc (0x66ad) x13 0x0000b000
core   0: 0x80008ade (0x00000705) c.addi  a4, 1
core   0: 3 0x80008ade (0x0705) x14 0x0000000a
core   0: 0x80008ae0 (0x0389e833) rem     a6, s3, s8
core   0: 3 0x80008ae0 (0x0389e833) x16 0x00000001
core   0: 0x80008ae4 (0xfe771ce3) bne     a4, t2, pc - 8
core   0: 3 0x80008ae4 (0xfe771ce3)
core   0: 0x80008ae8 (0xffb563e3) bltu    a0, s11, pc - 26
core   0: 3 0x80008ae8 (0xffb563e3)
core   0: 0x80008aec (0xe580b113) sltiu   sp, ra, -424
core   0: 3 0x80008aec (0xe580b113) x 2 0x00000001
core   0: 0x80008af0 (0x017ad233) srl     tp, s5, s7
core   0: 3 0x80008af0 (0x017ad233) x 4 0x080025ce
core   0: 0x80008af4 (0x003b9db3) sll     s11, s7, gp
core   0: 3 0x80008af4 (0x003b9db3) x27 0x80021e64
core   0: 0x80008af8 (0x013d1013) slli    zero, s10, 19
core   0: 3 0x80008af8 (0x013d1013)
core   0: 0x80008afc (0x03d47133) remu    sp, s0, t4
core   0: 3 0x80008afc (0x03d47133) x 2 0x00000001
core   0: 0x80008b00 (0x4073dab3) sra     s5, t2, t2
core   0: 3 0x80008b00 (0x4073dab3) x21 0x00000000
core   0: 0x80008b04 (0x057afc63) bgeu    s5, s7, pc + 88
core   0: 3 0x80008b04 (0x057afc63)
core   0: 0x80008b08 (0x00100d13) li      s10, 1
core   0: 3 0x80008b08 (0x00100d13) x26 0x00000001
core   0: 0x80008b0c (0xda544c13) xori    s8, s0, -603
core   0: 3 0x80008b0c (0xda544c13) x24 0xfffffda4
core   0: 0x80008b10 (0x00000001) c.nop
core   0: 3 0x80008b10 (0x0001)
core   0: 0x80008b12 (0x00008761) c.srai  a4, 24
core   0: 3 0x80008b12 (0x8761) x14 0x00000000
core   0: 0x80008b14 (0x01000a93) li      s5, 16
core   0: 3 0x80008b14 (0x01000a93) x21 0x00000010
core   0: 0x80008b18 (0x7003cb13) xori    s6, t2, 1792
core   0: 3 0x80008b18 (0x7003cb13) x22 0x0000070a
core   0: 0x80008b1c (0x011cf1b3) and     gp, s9, a7
core   0: 3 0x80008b1c (0x011cf1b3) x 3 0x00000000
core   0: 0x80008b20 (0x00000d29) c.addi  s10, 10
core   0: 3 0x80008b20 (0x0d29) x26 0x0000000b
core   0: 0x80008b22 (0x00009ef6) c.add   t4, t4
core   0: 3 0x80008b22 (0x9ef6) x29 0x0000003a
core   0: 0x80008b24 (0x41518db3) sub     s11, gp, s5
core   0: 3 0x80008b24 (0x41518db3) x27 0xfffffff0
core   0: 0x80008b28 (0x00000001) c.nop
core   0: 3 0x80008b28 (0x0001)
core   0: 0x80008b2a (0x00006115) c.addi16sp sp, 288
core   0: 3 0x80008b2a (0x6115) x 2 0x00000121
core   0: 0x80008b2c (0x028832b3) mulhu   t0, a6, s0
core   0: 3 0x80008b2c (0x028832b3) x 5 0x00000000
core   0: 0x80008b30 (0x0052ceb3) xor     t4, t0, t0
core   0: 3 0x80008b30 (0x0052ceb3) x29 0x00000000
core   0: 0x80008b34 (0x018b3933) sltu    s2, s6, s8
core   0: 3 0x80008b34 (0x018b3933) x18 0x00000001
core   0: 0x80008b38 (0x0000100f) fence.i
core   0: 3 0x80008b38 (0x0000100f)
core   0: 0x80008b3c (0xff5d60e3) bltu    s10, s5, pc - 32
core   0: 3 0x80008b3c (0xff5d60e3)
core   0: 0x80008b1c (0x011cf1b3) and     gp, s9, a7
core   0: 3 0x80008b1c (0x011cf1b3) x 3 0x00000000
core   0: 0x80008b20 (0x00000d29) c.addi  s10, 10
core   0: 3 0x80008b20 (0x0d29) x26 0x00000015
core   0: 0x80008b22 (0x00009ef6) c.add   t4, t4
core   0: 3 0x80008b22 (0x9ef6) x29 0x00000000
core   0: 0x80008b24 (0x41518db3) sub     s11, gp, s5
core   0: 3 0x80008b24 (0x41518db3) x27 0xfffffff0
core   0: 0x80008b28 (0x00000001) c.nop
core   0: 3 0x80008b28 (0x0001)
core   0: 0x80008b2a (0x00006115) c.addi16sp sp, 288
core   0: 3 0x80008b2a (0x6115) x 2 0x00000241
core   0: 0x80008b2c (0x028832b3) mulhu   t0, a6, s0
core   0: 3 0x80008b2c (0x028832b3) x 5 0x00000000
core   0: 0x80008b30 (0x0052ceb3) xor     t4, t0, t0
core   0: 3 0x80008b30 (0x0052ceb3) x29 0x00000000
core   0: 0x80008b34 (0x018b3933) sltu    s2, s6, s8
core   0: 3 0x80008b34 (0x018b3933) x18 0x00000001
core   0: 0x80008b38 (0x0000100f) fence.i
core   0: 3 0x80008b38 (0x0000100f)
core   0: 0x80008b3c (0xff5d60e3) bltu    s10, s5, pc - 32
core   0: 3 0x80008b3c (0xff5d60e3)
core   0: 0x80008b40 (0x0398c6b3) div     a3, a7, s9
core   0: 3 0x80008b40 (0x0398c6b3) x13 0xffffffff
core   0: 0x80008b44 (0x00000001) c.nop
core   0: 3 0x80008b44 (0x0001)
core   0: 0x80008b46 (0x00382fb3) slt     t6, a6, gp
core   0: 3 0x80008b46 (0x00382fb3) x31 0x00000000
core   0: 0x80008b4a (0xc5d67a13) andi    s4, a2, -931
core   0: 3 0x80008b4a (0xc5d67a13) x20 0x00000019
core   0: 0x80008b4e (0x011f4733) xor     a4, t5, a7
core   0: 3 0x80008b4e (0x011f4733) x14 0x39566001
core   0: 0x80008b52 (0x0374d463) bge     s1, s7, pc + 40
core   0: 3 0x80008b52 (0x0374d463)
core   0: 0x80008b7a (0xd078e993) ori     s3, a7, -761
core   0: 3 0x80008b7a (0xd078e993) x19 0xfffffd07
core   0: 0x80008b7e (0x000099fd) c.andi  a1, -1
core   0: 3 0x80008b7e (0x99fd) x11 0x80025ce6
core   0: 0x80008b80 (0x00008b6d) c.andi  a4, 27
core   0: 3 0x80008b80 (0x8b6d) x14 0x00000001
core   0: 0x80008b82 (0x000041e1) c.li    gp, 24
core   0: 3 0x80008b82 (0x41e1) x 3 0x00000018
core   0: 0x80008b84 (0x011c9263) bne     s9, a7, pc + 4
core   0: 3 0x80008b84 (0x011c9263)
core   0: 0x80008b88 (0x0132ce33) xor     t3, t0, s3
core   0: 3 0x80008b88 (0x0132ce33) x28 0xfffffd07
core   0: 0x80008b8c (0x0252a8b3) mulhsu  a7, t0, t0
core   0: 3 0x80008b8c (0x0252a8b3) x17 0x00000000
core   0: 0x80008b90 (0x00000c18) c.addi4spn a4, sp, 528
core   0: 3 0x80008b90 (0x0c18) x14 0x00000451
core   0: 0x80008b92 (0x00008eb5) c.xor   a3, a3
core   0: 3 0x80008b92 (0x8eb5) x13 0x00000000
core   0: 0x80008b94 (0x01a258b3) srl     a7, tp, s10
core   0: 3 0x80008b94 (0x01a258b3) x17 0x00000040
core   0: 0x80008b98 (0x00008e89) c.sub   a3, a0
core   0: 3 0x80008b98 (0x8e89) x13 0xffffffee
core   0: 0x80008b9a (0x0000e719) c.bnez  a4, pc + 14
core   0: 3 0x80008b9a (0xe719)
core   0: 0x80008ba8 (0x000082b5) c.srli  a3, 13
core   0: 3 0x80008ba8 (0x82b5) x13 0x0007ffff
core   0: 0x80008baa (0x00001a97) auipc   s5, 0x1
core   0: 3 0x80008baa (0x00001a97) x21 0x80009baa
core   0: 0x80008bae (0xde0a8a93) addi    s5, s5, -544
core   0: 3 0x80008bae (0xde0a8a93) x21 0x8000998a
core   0: 0x80008bb2 (0x00001a88) c.addi4spn a0, sp, 368
core   0: 3 0x80008bb2 (0x1a88) x10 0x000003b1
core   0: 0x80008bb4 (0x00009a7d) c.andi  a2, -1
core   0: 3 0x80008bb4 (0x9a7d) x12 0x0000001b
core   0: 0x80008bb6 (0x00000001) c.nop
core   0: 3 0x80008bb6 (0x0001)
core   0: 0x80008bb8 (0x245a8a93) addi    s5, s5, 581
core   0: 3 0x80008bb8 (0x245a8a93) x21 0x80009bcf
core   0: 0x80008bbc (0x007dc133) xor     sp, s11, t2
core   0: 3 0x80008bbc (0x007dc133) x 2 0xfffffffa
core   0: 0x80008bc0 (0x01413733) sltu    a4, sp, s4
core   0: 3 0x80008bc0 (0x01413733) x14 0x00000000
core   0: 0x80008bc4 (0x00000001) c.nop
core   0: 3 0x80008bc4 (0x0001)
core   0: 0x80008bc6 (0x00b79463) bne     a5, a1, pc + 8
core   0: 3 0x80008bc6 (0x00b79463)
core   0: 0x80008bce (0xdbba88e7) jalr    a7, s5, -581
core   0: 3 0x80008bce (0xdbba88e7) x17 0x80008bd2
core   0: 0x8000998a (0x00000001) c.nop
core   0: 3 0x8000998a (0x0001)
core   0: 0x8000998c (0x00006c39) c.lui   s8, 0xe
core   0: 3 0x8000998c (0x6c39) x24 0x0000e000
core   0: 0x8000998e (0xfd8b8b93) addi    s7, s7, -40
core   0: 3 0x8000998e (0xfd8b8b93) x23 0x80021e3c
core   0: 0x80009992 (0x00008ef9) c.and   a3, a4
core   0: 3 0x80009992 (0x8ef9) x13 0x00000000
core   0: 0x80009994 (0x00000001) c.nop
core   0: 3 0x80009994 (0x0001)
core   0: 0x80009996 (0x0000137d) c.addi  t1, -1
core   0: 3 0x80009996 (0x137d) x 6 0x00000b3f
core   0: 0x80009998 (0x011ba223) sw      a7, 4(s7)
core   0: 3 0x80009998 (0x011ba223) mem 0x80021e40 0x80008bd2
core   0: 0x8000999c (0x00006b3d) c.lui   s6, 0xf
core   0: 3 0x8000999c (0x6b3d) x22 0x0000f000
core   0: 0x8000999e (0x00700593) li      a1, 7
core   0: 3 0x8000999e (0x00700593) x11 0x00000007
core   0: 0x800099a2 (0x41b28433) sub     s0, t0, s11
core   0: 3 0x800099a2 (0x41b28433) x 8 0x00000010
core   0: 0x800099a6 (0x0181cf33) xor     t5, gp, s8
core   0: 3 0x800099a6 (0x0181cf33) x30 0x0000e018
core   0: 0x800099aa (0x40c05c33) sra     s8, zero, a2
core   0: 3 0x800099aa (0x40c05c33) x24 0x00000000
core   0: 0x800099ae (0xffb00893) li      a7, -5
core   0: 3 0x800099ae (0xffb00893) x17 0xfffffffb
core   0: 0x800099b2 (0x344b0637) lui     a2, 0x344b0
core   0: 3 0x800099b2 (0x344b0637) x12 0x344b0000
core   0: 0x800099b6 (0x02f911b3) mulh    gp, s2, a5
core   0: 3 0x800099b6 (0x02f911b3) x 3 0xffffffff
core   0: 0x800099ba (0x00005cfd) c.li    s9, -1
core   0: 3 0x800099ba (0x5cfd) x25 0xffffffff
core   0: 0x800099bc (0x000015e9) c.addi  a1, -6
core   0: 3 0x800099bc (0x15e9) x11 0x00000001
core   0: 0x800099be (0x016a3e33) sltu    t3, s4, s6
core   0: 3 0x800099be (0x016a3e33) x28 0x00000001
core   0: 0x800099c2 (0x00000432) c.slli  s0, 12
core   0: 3 0x800099c2 (0x0432) x 8 0x00010000
core   0: 0x800099c4 (0xff15d9e3) bge     a1, a7, pc - 14
core   0: 3 0x800099c4 (0xff15d9e3)
core   0: 0x800099b6 (0x02f911b3) mulh    gp, s2, a5
core   0: 3 0x800099b6 (0x02f911b3) x 3 0xffffffff
core   0: 0x800099ba (0x00005cfd) c.li    s9, -1
core   0: 3 0x800099ba (0x5cfd) x25 0xffffffff
core   0: 0x800099bc (0x000015e9) c.addi  a1, -6
core   0: 3 0x800099bc (0x15e9) x11 0xfffffffb
core   0: 0x800099be (0x016a3e33) sltu    t3, s4, s6
core   0: 3 0x800099be (0x016a3e33) x28 0x00000001
core   0: 0x800099c2 (0x00000432) c.slli  s0, 12
core   0: 3 0x800099c2 (0x0432) x 8 0x10000000
core   0: 0x800099c4 (0xff15d9e3) bge     a1, a7, pc - 14
core   0: 3 0x800099c4 (0xff15d9e3)
core   0: 0x800099b6 (0x02f911b3) mulh    gp, s2, a5
core   0: 3 0x800099b6 (0x02f911b3) x 3 0xffffffff
core   0: 0x800099ba (0x00005cfd) c.li    s9, -1
core   0: 3 0x800099ba (0x5cfd) x25 0xffffffff
core   0: 0x800099bc (0x000015e9) c.addi  a1, -6
core   0: 3 0x800099bc (0x15e9) x11 0xfffffff5
core   0: 0x800099be (0x016a3e33) sltu    t3, s4, s6
core   0: 3 0x800099be (0x016a3e33) x28 0x00000001
core   0: 0x800099c2 (0x00000432) c.slli  s0, 12
core   0: 3 0x800099c2 (0x0432) x 8 0x00000000
core   0: 0x800099c4 (0xff15d9e3) bge     a1, a7, pc - 14
core   0: 3 0x800099c4 (0xff15d9e3)
core   0: 0x800099c8 (0x0000100f) fence.i
core   0: 3 0x800099c8 (0x0000100f)
core   0: 0x800099cc (0xffb00613) li      a2, -5
core   0: 3 0x800099cc (0xffb00613) x12 0xfffffffb
core   0: 0x800099d0 (0x1489bd13) sltiu   s10, s3, 328
core   0: 3 0x800099d0 (0x1489bd13) x26 0x00000000
core   0: 0x800099d4 (0x00000d93) li      s11, 0
core   0: 3 0x800099d4 (0x00000d93) x27 0x00000000
core   0: 0x800099d8 (0x00000001) c.nop
core   0: 3 0x800099d8 (0x0001)
core   0: 0x800099da (0x00008ef1) c.and   a3, a2
core   0: 3 0x800099da (0x8ef1) x13 0x00000000
core   0: 0x800099dc (0x00000615) c.addi  a2, 5
core   0: 3 0x800099dc (0x0615) x12 0x00000000
core   0: 0x800099de (0xffb64ee3) blt     a2, s11, pc - 4
core   0: 3 0x800099de (0xffb64ee3)
core   0: 0x800099e2 (0x2057b213) sltiu   tp, a5, 517
core   0: 3 0x800099e2 (0x2057b213) x 4 0x00000000
core   0: 0x800099e6 (0x00800193) li      gp, 8
core   0: 3 0x800099e6 (0x00800193) x 3 0x00000008
core   0: 0x800099ea (0x00500213) li      tp, 5
core   0: 3 0x800099ea (0x00500213) x 4 0x00000005
core   0: 0x800099ee (0x0005beb3) sltu    t4, a1, zero
core   0: 3 0x800099ee (0x0005beb3) x29 0x00000000
core   0: 0x800099f2 (0x000011f1) c.addi  gp, -4
core   0: 3 0x800099f2 (0x11f1) x 3 0x00000004
core   0: 0x800099f4 (0xffd00513) li      a0, -3
core   0: 3 0x800099f4 (0xffd00513) x10 0xfffffffd
core   0: 0x800099f8 (0x00800e13) li      t3, 8
core   0: 3 0x800099f8 (0x00800e13) x28 0x00000008
core   0: 0x800099fc (0x02d55033) divu    zero, a0, a3
core   0: 3 0x800099fc (0x02d55033)
core   0: 0x80009a00 (0x0000051d) c.addi  a0, 7
core   0: 3 0x80009a00 (0x051d) x10 0x00000004
core   0: 0x80009a02 (0xffc54de3) blt     a0, t3, pc - 6
core   0: 3 0x80009a02 (0xffc54de3)
core   0: 0x800099fc (0x02d55033) divu    zero, a0, a3
core   0: 3 0x800099fc (0x02d55033)
core   0: 0x80009a00 (0x0000051d) c.addi  a0, 7
core   0: 3 0x80009a00 (0x051d) x10 0x0000000b
core   0: 0x80009a02 (0xffc54de3) blt     a0, t3, pc - 6
core   0: 3 0x80009a02 (0xffc54de3)
core   0: 0x80009a06 (0xfe41f4e3) bgeu    gp, tp, pc - 24
core   0: 3 0x80009a06 (0xfe41f4e3)
core   0: 0x80009a0a (0x00008079) c.srli  s0, 30
core   0: 3 0x80009a0a (0x8079) x 8 0x00000000
core   0: 0x80009a0c (0x00a00c13) li      s8, 10
core   0: 3 0x80009a0c (0x00a00c13) x24 0x0000000a
core   0: 0x80009a10 (0x00006595) c.lui   a1, 0x5
core   0: 3 0x80009a10 (0x6595) x11 0x00005000
core   0: 0x80009a12 (0x0000100f) fence.i
core   0: 3 0x80009a12 (0x0000100f)
core   0: 0x80009a16 (0xacca6a93) ori     s5, s4, -1332
core   0: 3 0x80009a16 (0xacca6a93) x21 0xfffffadd
core   0: 0x80009a1a (0x00a19533) sll     a0, gp, a0
core   0: 3 0x80009a1a (0x00a19533) x10 0x00002000
core   0: 0x80009a1e (0x00a00313) li      t1, 10
core   0: 3 0x80009a1e (0x00a00313) x 6 0x0000000a
core   0: 0x80009a22 (0x00000001) c.nop
core   0: 3 0x80009a22 (0x0001)
core   0: 0x80009a24 (0x40be56b3) sra     a3, t3, a1
core   0: 3 0x80009a24 (0x40be56b3) x13 0x00000008
core   0: 0x80009a28 (0x00000001) c.nop
core   0: 3 0x80009a28 (0x0001)
core   0: 0x80009a2a (0x00913a13) sltiu   s4, sp, 9
core   0: 3 0x80009a2a (0x00913a13) x20 0x00000000
core   0: 0x80009a2e (0x03016f33) rem     t5, sp, a6
core   0: 3 0x80009a2e (0x03016f33) x30 0x00000000
core   0: 0x80009a32 (0x02e488b3) mul     a7, s1, a4
core   0: 3 0x80009a32 (0x02e488b3) x17 0x00000000
core   0: 0x80009a36 (0x02c4afb3) mulhsu  t6, s1, a2
core   0: 3 0x80009a36 (0x02c4afb3) x31 0x00000000
core   0: 0x80009a3a (0x0002d693) srli    a3, t0, 0
core   0: 3 0x80009a3a (0x0002d693) x13 0x00000000
core   0: 0x80009a3e (0x00001c6d) c.addi  s8, -5
core   0: 3 0x80009a3e (0x1c6d) x24 0x00000005
core   0: 0x80009a40 (0x53514e93) xori    t4, sp, 1333
core   0: 3 0x80009a40 (0x53514e93) x29 0xfffffacf
core   0: 0x80009a44 (0x00009b72) c.add   s6, t3
core   0: 3 0x80009a44 (0x9b72) x22 0x0000f008
core   0: 0x80009a46 (0x0000527d) c.li    tp, -1
core   0: 3 0x80009a46 (0x527d) x 4 0xffffffff
core   0: 0x80009a48 (0x00694933) xor     s2, s2, t1
core   0: 3 0x80009a48 (0x00694933) x18 0x0000000b
core   0: 0x80009a4c (0x007570b3) and     ra, a0, t2
core   0: 3 0x80009a4c (0x007570b3) x 1 0x00000000
core   0: 0x80009a50 (0x00008e71) c.and   a2, a2
core   0: 3 0x80009a50 (0x8e71) x12 0x00000000
core   0: 0x80009a52 (0xfb858a93) addi    s5, a1, -72
core   0: 3 0x80009a52 (0xfb858a93) x21 0x00004fb8
core   0: 0x80009a56 (0x012e7e33) and     t3, t3, s2
core   0: 3 0x80009a56 (0x012e7e33) x28 0x00000008
core   0: 0x80009a5a (0xfc6c7ee3) bgeu    s8, t1, pc - 36
core   0: 3 0x80009a5a (0xfc6c7ee3)
core   0: 0x80009a5e (0x00008d85) c.sub   a1, s1
core   0: 3 0x80009a5e (0x8d85) x11 0x7ffdf31c
core   0: 0x80009a60 (0x00800113) li      sp, 8
core   0: 3 0x80009a60 (0x00800113) x 2 0x00000008
core   0: 0x80009a64 (0x3aec6393) ori     t2, s8, 942
core   0: 3 0x80009a64 (0x3aec6393) x 7 0x000003af
core   0: 0x80009a68 (0x00400a13) li      s4, 4
core   0: 3 0x80009a68 (0x00400a13) x20 0x00000004
core   0: 0x80009a6c (0x00008661) c.srai  a2, 24
core   0: 3 0x80009a6c (0x8661) x12 0x00000000
core   0: 0x80009a6e (0x00008472) c.mv    s0, t3
core   0: 3 0x80009a6e (0x8472) x 8 0x00000008
core   0: 0x80009a70 (0x00008139) c.srli  a0, 14
core   0: 3 0x80009a70 (0x8139) x10 0x00000000
core   0: 0x80009a72 (0x0ff0000f) fence   iorw,iorw
core   0: 3 0x80009a72 (0x0ff0000f)
core   0: 0x80009a76 (0x0020aab3) slt     s5, ra, sp
core   0: 3 0x80009a76 (0x0020aab3) x21 0x00000001
core   0: 0x80009a7a (0x03dbae33) mulhsu  t3, s7, t4
core   0: 3 0x80009a7a (0x03dbae33) x28 0x800220d4
core   0: 0x80009a7e (0x00009aea) c.add   s5, s10
core   0: 3 0x80009a7e (0x9aea) x21 0x00000001
core   0: 0x80009a80 (0x01c09713) slli    a4, ra, 28
core   0: 3 0x80009a80 (0x01c09713) x14 0x00000000
core   0: 0x80009a84 (0x0000117d) c.addi  sp, -1
core   0: 3 0x80009a84 (0x117d) x 2 0x00000007
core   0: 0x80009a86 (0x00400693) li      a3, 4
core   0: 3 0x80009a86 (0x00400693) x13 0x00000004
core   0: 0x80009a8a (0xfec00093) li      ra, -20
core   0: 3 0x80009a8a (0xfec00093) x 1 0xffffffec
core   0: 0x80009a8e (0x9d938213) addi    tp, t2, -1575
core   0: 3 0x80009a8e (0x9d938213) x 4 0xfffffd88
core   0: 0x80009a92 (0x00f67033) and     zero, a2, a5
core   0: 3 0x80009a92 (0x00f67033)
core   0: 0x80009a96 (0x000016e1) c.addi  a3, -8
core   0: 3 0x80009a96 (0x16e1) x13 0xfffffffc
core   0: 0x80009a98 (0x00000001) c.nop
core   0: 3 0x80009a98 (0x0001)
core   0: 0x80009a9a (0xfe168ae3) beq     a3, ra, pc - 12
core   0: 3 0x80009a9a (0xfe168ae3)
core   0: 0x80009a9e (0xfd417ee3) bgeu    sp, s4, pc - 36
core   0: 3 0x80009a9e (0xfd417ee3)
core   0: 0x80009a7a (0x03dbae33) mulhsu  t3, s7, t4
core   0: 3 0x80009a7a (0x03dbae33) x28 0x800220d4
core   0: 0x80009a7e (0x00009aea) c.add   s5, s10
core   0: 3 0x80009a7e (0x9aea) x21 0x00000001
core   0: 0x80009a80 (0x01c09713) slli    a4, ra, 28
core   0: 3 0x80009a80 (0x01c09713) x14 0xc0000000
core   0: 0x80009a84 (0x0000117d) c.addi  sp, -1
core   0: 3 0x80009a84 (0x117d) x 2 0x00000006
core   0: 0x80009a86 (0x00400693) li      a3, 4
core   0: 3 0x80009a86 (0x00400693) x13 0x00000004
core   0: 0x80009a8a (0xfec00093) li      ra, -20
core   0: 3 0x80009a8a (0xfec00093) x 1 0xffffffec
core   0: 0x80009a8e (0x9d938213) addi    tp, t2, -1575
core   0: 3 0x80009a8e (0x9d938213) x 4 0xfffffd88
core   0: 0x80009a92 (0x00f67033) and     zero, a2, a5
core   0: 3 0x80009a92 (0x00f67033)
core   0: 0x80009a96 (0x000016e1) c.addi  a3, -8
core   0: 3 0x80009a96 (0x16e1) x13 0xfffffffc
core   0: 0x80009a98 (0x00000001) c.nop
core   0: 3 0x80009a98 (0x0001)
core   0: 0x80009a9a (0xfe168ae3) beq     a3, ra, pc - 12
core   0: 3 0x80009a9a (0xfe168ae3)
core   0: 0x80009a9e (0xfd417ee3) bgeu    sp, s4, pc - 36
core   0: 3 0x80009a9e (0xfd417ee3)
core   0: 0x80009a7a (0x03dbae33) mulhsu  t3, s7, t4
core   0: 3 0x80009a7a (0x03dbae33) x28 0x800220d4
core   0: 0x80009a7e (0x00009aea) c.add   s5, s10
core   0: 3 0x80009a7e (0x9aea) x21 0x00000001
core   0: 0x80009a80 (0x01c09713) slli    a4, ra, 28
core   0: 3 0x80009a80 (0x01c09713) x14 0xc0000000
core   0: 0x80009a84 (0x0000117d) c.addi  sp, -1
core   0: 3 0x80009a84 (0x117d) x 2 0x00000005
core   0: 0x80009a86 (0x00400693) li      a3, 4
core   0: 3 0x80009a86 (0x00400693) x13 0x00000004
core   0: 0x80009a8a (0xfec00093) li      ra, -20
core   0: 3 0x80009a8a (0xfec00093) x 1 0xffffffec
core   0: 0x80009a8e (0x9d938213) addi    tp, t2, -1575
core   0: 3 0x80009a8e (0x9d938213) x 4 0xfffffd88
core   0: 0x80009a92 (0x00f67033) and     zero, a2, a5
core   0: 3 0x80009a92 (0x00f67033)
core   0: 0x80009a96 (0x000016e1) c.addi  a3, -8
core   0: 3 0x80009a96 (0x16e1) x13 0xfffffffc
core   0: 0x80009a98 (0x00000001) c.nop
core   0: 3 0x80009a98 (0x0001)
core   0: 0x80009a9a (0xfe168ae3) beq     a3, ra, pc - 12
core   0: 3 0x80009a9a (0xfe168ae3)
core   0: 0x80009a9e (0xfd417ee3) bgeu    sp, s4, pc - 36
core   0: 3 0x80009a9e (0xfd417ee3)
core   0: 0x80009a7a (0x03dbae33) mulhsu  t3, s7, t4
core   0: 3 0x80009a7a (0x03dbae33) x28 0x800220d4
core   0: 0x80009a7e (0x00009aea) c.add   s5, s10
core   0: 3 0x80009a7e (0x9aea) x21 0x00000001
core   0: 0x80009a80 (0x01c09713) slli    a4, ra, 28
core   0: 3 0x80009a80 (0x01c09713) x14 0xc0000000
core   0: 0x80009a84 (0x0000117d) c.addi  sp, -1
core   0: 3 0x80009a84 (0x117d) x 2 0x00000004
core   0: 0x80009a86 (0x00400693) li      a3, 4
core   0: 3 0x80009a86 (0x00400693) x13 0x00000004
core   0: 0x80009a8a (0xfec00093) li      ra, -20
core   0: 3 0x80009a8a (0xfec00093) x 1 0xffffffec
core   0: 0x80009a8e (0x9d938213) addi    tp, t2, -1575
core   0: 3 0x80009a8e (0x9d938213) x 4 0xfffffd88
core   0: 0x80009a92 (0x00f67033) and     zero, a2, a5
core   0: 3 0x80009a92 (0x00f67033)
core   0: 0x80009a96 (0x000016e1) c.addi  a3, -8
core   0: 3 0x80009a96 (0x16e1) x13 0xfffffffc
core   0: 0x80009a98 (0x00000001) c.nop
core   0: 3 0x80009a98 (0x0001)
core   0: 0x80009a9a (0xfe168ae3) beq     a3, ra, pc - 12
core   0: 3 0x80009a9a (0xfe168ae3)
core   0: 0x80009a9e (0xfd417ee3) bgeu    sp, s4, pc - 36
core   0: 3 0x80009a9e (0xfd417ee3)
core   0: 0x80009a7a (0x03dbae33) mulhsu  t3, s7, t4
core   0: 3 0x80009a7a (0x03dbae33) x28 0x800220d4
core   0: 0x80009a7e (0x00009aea) c.add   s5, s10
core   0: 3 0x80009a7e (0x9aea) x21 0x00000001
core   0: 0x80009a80 (0x01c09713) slli    a4, ra, 28
core   0: 3 0x80009a80 (0x01c09713) x14 0xc0000000
core   0: 0x80009a84 (0x0000117d) c.addi  sp, -1
core   0: 3 0x80009a84 (0x117d) x 2 0x00000003
core   0: 0x80009a86 (0x00400693) li      a3, 4
core   0: 3 0x80009a86 (0x00400693) x13 0x00000004
core   0: 0x80009a8a (0xfec00093) li      ra, -20
core   0: 3 0x80009a8a (0xfec00093) x 1 0xffffffec
core   0: 0x80009a8e (0x9d938213) addi    tp, t2, -1575
core   0: 3 0x80009a8e (0x9d938213) x 4 0xfffffd88
core   0: 0x80009a92 (0x00f67033) and     zero, a2, a5
core   0: 3 0x80009a92 (0x00f67033)
core   0: 0x80009a96 (0x000016e1) c.addi  a3, -8
core   0: 3 0x80009a96 (0x16e1) x13 0xfffffffc
core   0: 0x80009a98 (0x00000001) c.nop
core   0: 3 0x80009a98 (0x0001)
core   0: 0x80009a9a (0xfe168ae3) beq     a3, ra, pc - 12
core   0: 3 0x80009a9a (0xfe168ae3)
core   0: 0x80009a9e (0xfd417ee3) bgeu    sp, s4, pc - 36
core   0: 3 0x80009a9e (0xfd417ee3)
core   0: 0x80009aa2 (0x56373217) auipc   tp, 0x56373
core   0: 3 0x80009aa2 (0x56373217) x 4 0xd637caa2
core   0: 0x80009aa6 (0xfff00613) li      a2, -1
core   0: 3 0x80009aa6 (0xfff00613) x12 0xffffffff
core   0: 0x80009aaa (0x00200f13) li      t5, 2
core   0: 3 0x80009aaa (0x00200f13) x30 0x00000002
core   0: 0x80009aae (0x00001788) c.addi4spn a0, sp, 992
core   0: 3 0x80009aae (0x1788) x10 0x000003e3
core   0: 0x80009ab0 (0x02fd06b3) mul     a3, s10, a5
core   0: 3 0x80009ab0 (0x02fd06b3) x13 0x00000000
core   0: 0x80009ab4 (0x00bc6233) or      tp, s8, a1
core   0: 3 0x80009ab4 (0x00bc6233) x 4 0x7ffdf31d
core   0: 0x80009ab8 (0x0000060d) c.addi  a2, 3
core   0: 3 0x80009ab8 (0x060d) x12 0x00000002
core   0: 0x80009aba (0x002c8733) add     a4, s9, sp
core   0: 3 0x80009aba (0x002c8733) x14 0x00000002
core   0: 0x80009abe (0x00800413) li      s0, 8
core   0: 3 0x80009abe (0x00800413) x 8 0x00000008
core   0: 0x80009ac2 (0x40240833) sub     a6, s0, sp
core   0: 3 0x80009ac2 (0x40240833) x16 0x00000005
core   0: 0x80009ac6 (0x00d3c2b3) xor     t0, t2, a3
core   0: 3 0x80009ac6 (0x00d3c2b3) x 5 0x000003af
core   0: 0x80009aca (0xbf42cdb7) lui     s11, 0xbf42c
core   0: 3 0x80009aca (0xbf42cdb7) x27 0xbf42c000
core   0: 0x80009ace (0x020d8ab3) mul     s5, s11, zero
core   0: 3 0x80009ace (0x020d8ab3) x21 0x00000000
core   0: 0x80009ad2 (0xf2744c13) xori    s8, s0, -217
core   0: 3 0x80009ad2 (0xf2744c13) x24 0xffffff2f
core   0: 0x80009ad6 (0x00000001) c.nop
core   0: 3 0x80009ad6 (0x0001)
core   0: 0x80009ad8 (0x3627bd13) sltiu   s10, a5, 866
core   0: 3 0x80009ad8 (0x3627bd13) x26 0x00000000
core   0: 0x80009adc (0x00001a98) c.addi4spn a4, sp, 368
core   0: 3 0x80009adc (0x1a98) x14 0x00000173
core   0: 0x80009ade (0x01d0ffb3) and     t6, ra, t4
core   0: 3 0x80009ade (0x01d0ffb3) x31 0xfffffacc
core   0: 0x80009ae2 (0x00001479) c.addi  s0, -2
core   0: 3 0x80009ae2 (0x1479) x 8 0x00000006
core   0: 0x80009ae4 (0x004e9a33) sll     s4, t4, tp
core   0: 3 0x80009ae4 (0x004e9a33) x20 0xe0000000
core   0: 0x80009ae8 (0x01a2a3b3) slt     t2, t0, s10
core   0: 3 0x80009ae8 (0x01a2a3b3) x 7 0x00000000
core   0: 0x80009aec (0x00008769) c.srai  a4, 26
core   0: 3 0x80009aec (0x8769) x14 0x00000000
core   0: 0x80009aee (0x016630b3) sltu    ra, a2, s6
core   0: 3 0x80009aee (0x016630b3) x 1 0x00000001
core   0: 0x80009af2 (0x000019fd) c.addi  s3, -1
core   0: 3 0x80009af2 (0x19fd) x19 0xfffffd06
core   0: 0x80009af4 (0x0000d075) c.beqz  s0, pc - 28
core   0: 3 0x80009af4 (0xd075)
core   0: 0x80009af6 (0x00008f5d) c.or    a4, a5
core   0: 3 0x80009af6 (0x8f5d) x14 0x80000000
core   0: 0x80009af8 (0x000066ad) c.lui   a3, 0xb
core   0: 3 0x80009af8 (0x66ad) x13 0x0000b000
core   0: 0x80009afa (0xc944e593) ori     a1, s1, -876
core   0: 3 0x80009afa (0xc944e593) x11 0xfffffcf4
core   0: 0x80009afe (0xfbe619e3) bne     a2, t5, pc - 78
core   0: 3 0x80009afe (0xfbe619e3)
core   0: 0x80009b02 (0x032addb3) divu    s11, s5, s2
core   0: 3 0x80009b02 (0x032addb3) x27 0x00000000
core   0: 0x80009b06 (0xff700613) li      a2, -9
core   0: 3 0x80009b06 (0xff700613) x12 0xfffffff7
core   0: 0x80009b0a (0x000085e5) c.srai  a1, 25
core   0: 3 0x80009b0a (0x85e5) x11 0xffffffff
core   0: 0x80009b0c (0x0000577d) c.li    a4, -1
core   0: 3 0x80009b0c (0x577d) x14 0xffffffff
core   0: 0x80009b0e (0x0000626d) c.lui   tp, 0x1b
core   0: 3 0x80009b0e (0x626d) x 4 0x0001b000
core   0: 0x80009b10 (0x41195213) srai    tp, s2, 17
core   0: 3 0x80009b10 (0x41195213) x 4 0x00000000
core   0: 0x80009b14 (0x012193b3) sll     t2, gp, s2
core   0: 3 0x80009b14 (0x012193b3) x 7 0x00002000
core   0: 0x80009b18 (0x00995b13) srli    s6, s2, 9
core   0: 3 0x80009b18 (0x00995b13) x22 0x00000000
core   0: 0x80009b1c (0x01524c33) xor     s8, tp, s5
core   0: 3 0x80009b1c (0x01524c33) x24 0x00000000
core   0: 0x80009b20 (0x0ff0000f) fence   iorw,iorw
core   0: 3 0x80009b20 (0x0ff0000f)
core   0: 0x80009b24 (0xffd00993) li      s3, -3
core   0: 3 0x80009b24 (0xffd00993) x19 0xfffffffd
core   0: 0x80009b28 (0x007501b3) add     gp, a0, t2
core   0: 3 0x80009b28 (0x007501b3) x 3 0x000023e3
core   0: 0x80009b2c (0x00001108) c.addi4spn a0, sp, 160
core   0: 3 0x80009b2c (0x1108) x10 0x000000a3
core   0: 0x80009b2e (0x00000605) c.addi  a2, 1
core   0: 3 0x80009b2e (0x0605) x12 0xfffffff8
core   0: 0x80009b30 (0x00008d86) c.mv    s11, ra
core   0: 3 0x80009b30 (0x8d86) x27 0x00000001
core   0: 0x80009b32 (0x02732ab3) mulhsu  s5, t1, t2
core   0: 3 0x80009b32 (0x02732ab3) x21 0x00000000
core   0: 0x80009b36 (0xe81fc093) xori    ra, t6, -383
core   0: 3 0x80009b36 (0xe81fc093) x 1 0x0000044d
core   0: 0x80009b3a (0x00b72ab3) slt     s5, a4, a1
core   0: 3 0x80009b3a (0x00b72ab3) x21 0x00000000
core   0: 0x80009b3e (0x00000001) c.nop
core   0: 3 0x80009b3e (0x0001)
core   0: 0x80009b40 (0x00001e7d) c.addi  t3, -1
core   0: 3 0x80009b40 (0x1e7d) x28 0x800220d3
core   0: 0x80009b42 (0xcdfe2713) slti    a4, t3, -801
core   0: 3 0x80009b42 (0xcdfe2713) x14 0x00000001
core   0: 0x80009b46 (0x00008109) c.srli  a0, 2
core   0: 3 0x80009b46 (0x8109) x10 0x00000028
core   0: 0x80009b48 (0x0062dd13) srli    s10, t0, 6
core   0: 3 0x80009b48 (0x0062dd13) x26 0x0000000e
core   0: 0x80009b4c (0x407a5293) srai    t0, s4, 7
core   0: 3 0x80009b4c (0x407a5293) x 5 0xffc00000
core   0: 0x80009b50 (0x0000028e) c.slli  t0, 3
core   0: 3 0x80009b50 (0x028e) x 5 0xfe000000
core   0: 0x80009b52 (0x00008455) c.srai  s0, 21
core   0: 3 0x80009b52 (0x8455) x 8 0x00000000
core   0: 0x80009b54 (0xfd360ae3) beq     a2, s3, pc - 44
core   0: 3 0x80009b54 (0xfd360ae3)
core   0: 0x80009b58 (0x025a0893) addi    a7, s4, 37
core   0: 3 0x80009b58 (0x025a0893) x17 0xe0000025
core   0: 0x80009b5c (0x00700313) li      t1, 7
core   0: 3 0x80009b5c (0x00700313) x 6 0x00000007
core   0: 0x80009b60 (0x02395733) divu    a4, s2, gp
core   0: 3 0x80009b60 (0x02395733) x14 0x00000000
core   0: 0x80009b64 (0x0000100f) fence.i
core   0: 3 0x80009b64 (0x0000100f)
core   0: 0x80009b68 (0x00302c33) slt     s8, zero, gp
core   0: 3 0x80009b68 (0x00302c33) x24 0x00000001
core   0: 0x80009b6c (0x00700513) li      a0, 7
core   0: 3 0x80009b6c (0x00700513) x10 0x00000007
core   0: 0x80009b70 (0x012475b3) and     a1, s0, s2
core   0: 3 0x80009b70 (0x012475b3) x11 0x00000000
core   0: 0x80009b74 (0x00000951) c.addi  s2, 20
core   0: 3 0x80009b74 (0x0951) x18 0x0000001f
core   0: 0x80009b76 (0x000f39b3) sltu    s3, t5, zero
core   0: 3 0x80009b76 (0x000f39b3) x19 0x00000000
core   0: 0x80009b7a (0x0b6b8d13) addi    s10, s7, 182
core   0: 3 0x80009b7a (0x0b6b8d13) x26 0x80021ef2
core   0: 0x80009b7e (0x02ac1833) mulh    a6, s8, a0
core   0: 3 0x80009b7e (0x02ac1833) x16 0x00000000
core   0: 0x80009b82 (0x698d5217) auipc   tp, 0x698d5
core   0: 3 0x80009b82 (0x698d5217) x 4 0xe98deb82
core   0: 0x80009b86 (0x00000001) c.nop
core   0: 3 0x80009b86 (0x0001)
core   0: 0x80009b88 (0x0274f733) remu    a4, s1, t2
core   0: 3 0x80009b88 (0x0274f733) x14 0x00001ce4
core   0: 0x80009b8c (0x0000136d) c.addi  t1, -5
core   0: 3 0x80009b8c (0x136d) x 6 0x00000002
core   0: 0x80009b8e (0x00008722) c.mv    a4, s0
core   0: 3 0x80009b8e (0x8722) x14 0x00000000
core   0: 0x80009b90 (0xffb00693) li      a3, -5
core   0: 3 0x80009b90 (0xffb00693) x13 0xfffffffb
core   0: 0x80009b94 (0x400c85b3) sub     a1, s9, zero
core   0: 3 0x80009b94 (0x400c85b3) x11 0xffffffff
core   0: 0x80009b98 (0x00000001) c.nop
core   0: 3 0x80009b98 (0x0001)
core   0: 0x80009b9a (0x00000001) c.nop
core   0: 3 0x80009b9a (0x0001)
core   0: 0x80009b9c (0x0029f3b3) and     t2, s3, sp
core   0: 3 0x80009b9c (0x0029f3b3) x 7 0x00000000
core   0: 0x80009ba0 (0x00006aa5) c.lui   s5, 0x9
core   0: 3 0x80009ba0 (0x6aa5) x21 0x00009000
core   0: 0x80009ba2 (0x00008c3d) c.xor   s0, a5
core   0: 3 0x80009ba2 (0x8c3d) x 8 0x80000000
core   0: 0x80009ba4 (0x00000695) c.addi  a3, 5
core   0: 3 0x80009ba4 (0x0695) x13 0x00000000
core   0: 0x80009ba6 (0x00000cc6) c.slli  s9, 17
core   0: 3 0x80009ba6 (0x0cc6) x25 0xfffe0000
core   0: 0x80009ba8 (0x0000fee5) c.bnez  a3, pc - 8
core   0: 3 0x80009ba8 (0xfee5)
core   0: 0x80009baa (0x05e33f93) sltiu   t6, t1, 94
core   0: 3 0x80009baa (0x05e33f93) x31 0x00000001
core   0: 0x80009bae (0x40315f33) sra     t5, sp, gp
core   0: 3 0x80009bae (0x40315f33) x30 0x00000000
core   0: 0x80009bb2 (0x0ff0000f) fence   iorw,iorw
core   0: 3 0x80009bb2 (0x0ff0000f)
core   0: 0x80009bb6 (0xfca374e3) bgeu    t1, a0, pc - 56
core   0: 3 0x80009bb6 (0xfca374e3)
core   0: 0x80009bba (0x045dc613) xori    a2, s11, 69
core   0: 3 0x80009bba (0x045dc613) x12 0x00000044
core   0: 0x80009bbe (0x00400513) li      a0, 4
core   0: 3 0x80009bbe (0x00400513) x10 0x00000004
core   0: 0x80009bc2 (0x00000001) c.nop
core   0: 3 0x80009bc2 (0x0001)
core   0: 0x80009bc4 (0xca88ac93) slti    s9, a7, -856
core   0: 3 0x80009bc4 (0xca88ac93) x25 0x00000001
core   0: 0x80009bc8 (0x413e09b3) sub     s3, t3, s3
core   0: 3 0x80009bc8 (0x413e09b3) x19 0x800220d3
core   0: 0x80009bcc (0x01300d93) li      s11, 19
core   0: 3 0x80009bcc (0x01300d93) x27 0x00000013
core   0: 0x80009bd0 (0x010b7333) and     t1, s6, a6
core   0: 3 0x80009bd0 (0x010b7333) x 6 0x00000000
core   0: 0x80009bd4 (0x0072ab33) slt     s6, t0, t2
core   0: 3 0x80009bd4 (0x0072ab33) x22 0x00000001
core   0: 0x80009bd8 (0x00d2d393) srli    t2, t0, 13
core   0: 3 0x80009bd8 (0x00d2d393) x 7 0x0007f000
core   0: 0x80009bdc (0x00000511) c.addi  a0, 4
core   0: 3 0x80009bdc (0x0511) x10 0x00000008
core   0: 0x80009bde (0x00200613) li      a2, 2
core   0: 3 0x80009bde (0x00200613) x12 0x00000002
core   0: 0x80009be2 (0x00008c7d) c.and   s0, a5
core   0: 3 0x80009be2 (0x8c7d) x 8 0x80000000
core   0: 0x80009be4 (0x00000001) c.nop
core   0: 3 0x80009be4 (0x0001)
core   0: 0x80009be6 (0xf4719b37) lui     s6, 0xf4719
core   0: 3 0x80009be6 (0xf4719b37) x22 0xf4719000
core   0: 0x80009bea (0x419902b3) sub     t0, s2, s9
core   0: 3 0x80009bea (0x419902b3) x 5 0x0000001e
core   0: 0x80009bee (0x00008b01) c.andi  a4, 0
core   0: 3 0x80009bee (0x8b01) x14 0x00000000
core   0: 0x80009bf0 (0x000085f9) c.srai  a1, 30
core   0: 3 0x80009bf0 (0x85f9) x11 0xffffffff
core   0: 0x80009bf2 (0x0000118c) c.addi4spn a1, sp, 224
core   0: 3 0x80009bf2 (0x118c) x11 0x000000e3
core   0: 0x80009bf4 (0x000081c5) c.srli  a1, 17
core   0: 3 0x80009bf4 (0x81c5) x11 0x00000000
core   0: 0x80009bf6 (0x00001679) c.addi  a2, -2
core   0: 3 0x80009bf6 (0x1679) x12 0x00000000
core   0: 0x80009bf8 (0x0000018c) c.addi4spn a1, sp, 192
core   0: 3 0x80009bf8 (0x018c) x11 0x000000c3
core   0: 0x80009bfa (0x000081a1) c.srli  a1, 8
core   0: 3 0x80009bfa (0x81a1) x11 0x00000000
core   0: 0x80009bfc (0x007cd6b3) srl     a3, s9, t2
core   0: 3 0x80009bfc (0x007cd6b3) x13 0x00000001
core   0: 0x80009c00 (0x0000f66d) c.bnez  a2, pc - 22
core   0: 3 0x80009c00 (0xf66d)
core   0: 0x80009c02 (0xfdb567e3) bltu    a0, s11, pc - 50
core   0: 3 0x80009c02 (0xfdb567e3)
core   0: 0x80009bd0 (0x010b7333) and     t1, s6, a6
core   0: 3 0x80009bd0 (0x010b7333) x 6 0x00000000
core   0: 0x80009bd4 (0x0072ab33) slt     s6, t0, t2
core   0: 3 0x80009bd4 (0x0072ab33) x22 0x00000001
core   0: 0x80009bd8 (0x00d2d393) srli    t2, t0, 13
core   0: 3 0x80009bd8 (0x00d2d393) x 7 0x00000000
core   0: 0x80009bdc (0x00000511) c.addi  a0, 4
core   0: 3 0x80009bdc (0x0511) x10 0x0000000c
core   0: 0x80009bde (0x00200613) li      a2, 2
core   0: 3 0x80009bde (0x00200613) x12 0x00000002
core   0: 0x80009be2 (0x00008c7d) c.and   s0, a5
core   0: 3 0x80009be2 (0x8c7d) x 8 0x80000000
core   0: 0x80009be4 (0x00000001) c.nop
core   0: 3 0x80009be4 (0x0001)
core   0: 0x80009be6 (0xf4719b37) lui     s6, 0xf4719
core   0: 3 0x80009be6 (0xf4719b37) x22 0xf4719000
core   0: 0x80009bea (0x419902b3) sub     t0, s2, s9
core   0: 3 0x80009bea (0x419902b3) x 5 0x0000001e
core   0: 0x80009bee (0x00008b01) c.andi  a4, 0
core   0: 3 0x80009bee (0x8b01) x14 0x00000000
core   0: 0x80009bf0 (0x000085f9) c.srai  a1, 30
core   0: 3 0x80009bf0 (0x85f9) x11 0x00000000
core   0: 0x80009bf2 (0x0000118c) c.addi4spn a1, sp, 224
core   0: 3 0x80009bf2 (0x118c) x11 0x000000e3
core   0: 0x80009bf4 (0x000081c5) c.srli  a1, 17
core   0: 3 0x80009bf4 (0x81c5) x11 0x00000000
core   0: 0x80009bf6 (0x00001679) c.addi  a2, -2
core   0: 3 0x80009bf6 (0x1679) x12 0x00000000
core   0: 0x80009bf8 (0x0000018c) c.addi4spn a1, sp, 192
core   0: 3 0x80009bf8 (0x018c) x11 0x000000c3
core   0: 0x80009bfa (0x000081a1) c.srli  a1, 8
core   0: 3 0x80009bfa (0x81a1) x11 0x00000000
core   0: 0x80009bfc (0x007cd6b3) srl     a3, s9, t2
core   0: 3 0x80009bfc (0x007cd6b3) x13 0x00000001
core   0: 0x80009c00 (0x0000f66d) c.bnez  a2, pc - 22
core   0: 3 0x80009c00 (0xf66d)
core   0: 0x80009c02 (0xfdb567e3) bltu    a0, s11, pc - 50
core   0: 3 0x80009c02 (0xfdb567e3)
core   0: 0x80009bd0 (0x010b7333) and     t1, s6, a6
core   0: 3 0x80009bd0 (0x010b7333) x 6 0x00000000
core   0: 0x80009bd4 (0x0072ab33) slt     s6, t0, t2
core   0: 3 0x80009bd4 (0x0072ab33) x22 0x00000000
core   0: 0x80009bd8 (0x00d2d393) srli    t2, t0, 13
core   0: 3 0x80009bd8 (0x00d2d393) x 7 0x00000000
core   0: 0x80009bdc (0x00000511) c.addi  a0, 4
core   0: 3 0x80009bdc (0x0511) x10 0x00000010
core   0: 0x80009bde (0x00200613) li      a2, 2
core   0: 3 0x80009bde (0x00200613) x12 0x00000002
core   0: 0x80009be2 (0x00008c7d) c.and   s0, a5
core   0: 3 0x80009be2 (0x8c7d) x 8 0x80000000
core   0: 0x80009be4 (0x00000001) c.nop
core   0: 3 0x80009be4 (0x0001)
core   0: 0x80009be6 (0xf4719b37) lui     s6, 0xf4719
core   0: 3 0x80009be6 (0xf4719b37) x22 0xf4719000
core   0: 0x80009bea (0x419902b3) sub     t0, s2, s9
core   0: 3 0x80009bea (0x419902b3) x 5 0x0000001e
core   0: 0x80009bee (0x00008b01) c.andi  a4, 0
core   0: 3 0x80009bee (0x8b01) x14 0x00000000
core   0: 0x80009bf0 (0x000085f9) c.srai  a1, 30
core   0: 3 0x80009bf0 (0x85f9) x11 0x00000000
core   0: 0x80009bf2 (0x0000118c) c.addi4spn a1, sp, 224
core   0: 3 0x80009bf2 (0x118c) x11 0x000000e3
core   0: 0x80009bf4 (0x000081c5) c.srli  a1, 17
core   0: 3 0x80009bf4 (0x81c5) x11 0x00000000
core   0: 0x80009bf6 (0x00001679) c.addi  a2, -2
core   0: 3 0x80009bf6 (0x1679) x12 0x00000000
core   0: 0x80009bf8 (0x0000018c) c.addi4spn a1, sp, 192
core   0: 3 0x80009bf8 (0x018c) x11 0x000000c3
core   0: 0x80009bfa (0x000081a1) c.srli  a1, 8
core   0: 3 0x80009bfa (0x81a1) x11 0x00000000
core   0: 0x80009bfc (0x007cd6b3) srl     a3, s9, t2
core   0: 3 0x80009bfc (0x007cd6b3) x13 0x00000001
core   0: 0x80009c00 (0x0000f66d) c.bnez  a2, pc - 22
core   0: 3 0x80009c00 (0xf66d)
core   0: 0x80009c02 (0xfdb567e3) bltu    a0, s11, pc - 50
core   0: 3 0x80009c02 (0xfdb567e3)
core   0: 0x80009bd0 (0x010b7333) and     t1, s6, a6
core   0: 3 0x80009bd0 (0x010b7333) x 6 0x00000000
core   0: 0x80009bd4 (0x0072ab33) slt     s6, t0, t2
core   0: 3 0x80009bd4 (0x0072ab33) x22 0x00000000
core   0: 0x80009bd8 (0x00d2d393) srli    t2, t0, 13
core   0: 3 0x80009bd8 (0x00d2d393) x 7 0x00000000
core   0: 0x80009bdc (0x00000511) c.addi  a0, 4
core   0: 3 0x80009bdc (0x0511) x10 0x00000014
core   0: 0x80009bde (0x00200613) li      a2, 2
core   0: 3 0x80009bde (0x00200613) x12 0x00000002
core   0: 0x80009be2 (0x00008c7d) c.and   s0, a5
core   0: 3 0x80009be2 (0x8c7d) x 8 0x80000000
core   0: 0x80009be4 (0x00000001) c.nop
core   0: 3 0x80009be4 (0x0001)
core   0: 0x80009be6 (0xf4719b37) lui     s6, 0xf4719
core   0: 3 0x80009be6 (0xf4719b37) x22 0xf4719000
core   0: 0x80009bea (0x419902b3) sub     t0, s2, s9
core   0: 3 0x80009bea (0x419902b3) x 5 0x0000001e
core   0: 0x80009bee (0x00008b01) c.andi  a4, 0
core   0: 3 0x80009bee (0x8b01) x14 0x00000000
core   0: 0x80009bf0 (0x000085f9) c.srai  a1, 30
core   0: 3 0x80009bf0 (0x85f9) x11 0x00000000
core   0: 0x80009bf2 (0x0000118c) c.addi4spn a1, sp, 224
core   0: 3 0x80009bf2 (0x118c) x11 0x000000e3
core   0: 0x80009bf4 (0x000081c5) c.srli  a1, 17
core   0: 3 0x80009bf4 (0x81c5) x11 0x00000000
core   0: 0x80009bf6 (0x00001679) c.addi  a2, -2
core   0: 3 0x80009bf6 (0x1679) x12 0x00000000
core   0: 0x80009bf8 (0x0000018c) c.addi4spn a1, sp, 192
core   0: 3 0x80009bf8 (0x018c) x11 0x000000c3
core   0: 0x80009bfa (0x000081a1) c.srli  a1, 8
core   0: 3 0x80009bfa (0x81a1) x11 0x00000000
core   0: 0x80009bfc (0x007cd6b3) srl     a3, s9, t2
core   0: 3 0x80009bfc (0x007cd6b3) x13 0x00000001
core   0: 0x80009c00 (0x0000f66d) c.bnez  a2, pc - 22
core   0: 3 0x80009c00 (0xf66d)
core   0: 0x80009c02 (0xfdb567e3) bltu    a0, s11, pc - 50
core   0: 3 0x80009c02 (0xfdb567e3)
core   0: 0x80009c06 (0x2a64e397) auipc   t2, 0x2a64e
core   0: 3 0x80009c06 (0x2a64e397) x 7 0xaa657c06
core   0: 0x80009c0a (0x00a00313) li      t1, 10
core   0: 3 0x80009c0a (0x00a00313) x 6 0x0000000a
core   0: 0x80009c0e (0xb96ad3b7) lui     t2, 0xb96ad
core   0: 3 0x80009c0e (0xb96ad3b7) x 7 0xb96ad000
core   0: 0x80009c12 (0x02f52933) mulhsu  s2, a0, a5
core   0: 3 0x80009c12 (0x02f52933) x18 0x0000000a
core   0: 0x80009c16 (0x8132f693) andi    a3, t0, -2029
core   0: 3 0x80009c16 (0x8132f693) x13 0x00000012
core   0: 0x80009c1a (0x00000b80) c.addi4spn s0, sp, 464
core   0: 3 0x80009c1a (0x0b80) x 8 0x000001d3
core   0: 0x80009c1c (0x01ccfeb3) and     t4, s9, t3
core   0: 3 0x80009c1c (0x01ccfeb3) x29 0x00000001
core   0: 0x80009c20 (0x00008d99) c.sub   a1, a4
core   0: 3 0x80009c20 (0x8d99) x11 0x00000000
core   0: 0x80009c22 (0x0000717d) c.addi16sp sp, -16
core   0: 3 0x80009c22 (0x717d) x 2 0xfffffff3
core   0: 0x80009c24 (0x00e3b633) sltu    a2, t2, a4
core   0: 3 0x80009c24 (0x00e3b633) x12 0x00000000
core   0: 0x80009c28 (0x00a00a13) li      s4, 10
core   0: 3 0x80009c28 (0x00a00a13) x20 0x0000000a
core   0: 0x80009c2c (0x000003fe) c.slli  t2, 31
core   0: 3 0x80009c2c (0x03fe) x 7 0x00000000
core   0: 0x80009c2e (0x0187a433) slt     s0, a5, s8
core   0: 3 0x80009c2e (0x0187a433) x 8 0x00000001
core   0: 0x80009c32 (0x00385993) srli    s3, a6, 3
core   0: 3 0x80009c32 (0x00385993) x19 0x00000000
core   0: 0x80009c36 (0x000081ea) c.mv    gp, s10
core   0: 3 0x80009c36 (0x81ea) x 3 0x80021ef2
core   0: 0x80009c38 (0x00000eb6) c.slli  t4, 13
core   0: 3 0x80009c38 (0x0eb6) x29 0x00002000
core   0: 0x80009c3a (0x01c0e633) or      a2, ra, t3
core   0: 3 0x80009c3a (0x01c0e633) x12 0x800224df
core   0: 0x80009c3e (0x03b86533) rem     a0, a6, s11
core   0: 3 0x80009c3e (0x03b86533) x10 0x00000000
core   0: 0x80009c42 (0x00b48fb3) add     t6, s1, a1
core   0: 3 0x80009c42 (0x00b48fb3) x31 0x80025ce4
core   0: 0x80009c46 (0x00001108) c.addi4spn a0, sp, 160
core   0: 3 0x80009c46 (0x1108) x10 0x00000093
core   0: 0x80009c48 (0x012a1f13) slli    t5, s4, 18
core   0: 3 0x80009c48 (0x012a1f13) x30 0x00280000
core   0: 0x80009c4c (0x00008151) c.srli  a0, 20
core   0: 3 0x80009c4c (0x8151) x10 0x00000000
core   0: 0x80009c4e (0x033d66b3) rem     a3, s10, s3
core   0: 3 0x80009c4e (0x033d66b3) x13 0x80021ef2
core   0: 0x80009c52 (0x00008ec1) c.or    a3, s0
core   0: 3 0x80009c52 (0x8ec1) x13 0x80021ef3
core   0: 0x80009c54 (0x00001371) c.addi  t1, -4
core   0: 3 0x80009c54 (0x1371) x 6 0x00000006
core   0: 0x80009c56 (0x9b61ab13) slti    s6, gp, -1610
core   0: 3 0x80009c56 (0x9b61ab13) x22 0x00000001
core   0: 0x80009c5a (0xfd437ee3) bgeu    t1, s4, pc - 36
core   0: 3 0x80009c5a (0xfd437ee3)
core   0: 0x80009c5e (0x00c0fcb3) and     s9, ra, a2
core   0: 3 0x80009c5e (0x00c0fcb3) x25 0x0000044d
core   0: 0x80009c62 (0x00300693) li      a3, 3
core   0: 3 0x80009c62 (0x00300693) x13 0x00000003
core   0: 0x80009c66 (0x039f7fb3) remu    t6, t5, s9
core   0: 3 0x80009c66 (0x039f7fb3) x31 0x00000424
core   0: 0x80009c6a (0x00000001) c.nop
core   0: 3 0x80009c6a (0x0001)
core   0: 0x80009c6c (0x03e8cfb3) div     t6, a7, t5
core   0: 3 0x80009c6c (0x03e8cfb3) x31 0xffffff34
core   0: 0x80009c70 (0x0000717d) c.addi16sp sp, -16
core   0: 3 0x80009c70 (0x717d) x 2 0xffffffe3
core   0: 0x80009c72 (0x00009572) c.add   a0, t3
core   0: 3 0x80009c72 (0x9572) x10 0x800220d3
core   0: 0x80009c74 (0x000016f5) c.addi  a3, -3
core   0: 3 0x80009c74 (0x16f5) x13 0x00000000
core   0: 0x80009c76 (0xffa00593) li      a1, -6
core   0: 3 0x80009c76 (0xffa00593) x11 0xfffffffa
core   0: 0x80009c7a (0x402e8eb3) sub     t4, t4, sp
core   0: 3 0x80009c7a (0x402e8eb3) x29 0x0000201d
core   0: 0x80009c7e (0xfef00413) li      s0, -17
core   0: 3 0x80009c7e (0xfef00413) x 8 0xffffffef
core   0: 0x80009c82 (0x12c02893) slti    a7, zero, 300
core   0: 3 0x80009c82 (0x12c02893) x17 0x00000001
core   0: 0x80009c86 (0x0369db33) divu    s6, s3, s6
core   0: 3 0x80009c86 (0x0369db33) x22 0x00000000
core   0: 0x80009c8a (0x000015fd) c.addi  a1, -1
core   0: 3 0x80009c8a (0x15fd) x11 0xfffffff9
core   0: 0x80009c8c (0xfe858be3) beq     a1, s0, pc - 10
core   0: 3 0x80009c8c (0xfe858be3)
core   0: 0x80009c90 (0x00cf0533) add     a0, t5, a2
core   0: 3 0x80009c90 (0x00cf0533) x10 0x802a24df
core   0: 0x80009c94 (0x0000def9) c.beqz  a3, pc - 34
core   0: 3 0x80009c94 (0xdef9)
core   0: 0x80009c72 (0x00009572) c.add   a0, t3
core   0: 3 0x80009c72 (0x9572) x10 0x002c45b2
core   0: 0x80009c74 (0x000016f5) c.addi  a3, -3
core   0: 3 0x80009c74 (0x16f5) x13 0xfffffffd
core   0: 0x80009c76 (0xffa00593) li      a1, -6
core   0: 3 0x80009c76 (0xffa00593) x11 0xfffffffa
core   0: 0x80009c7a (0x402e8eb3) sub     t4, t4, sp
core   0: 3 0x80009c7a (0x402e8eb3) x29 0x0000203a
core   0: 0x80009c7e (0xfef00413) li      s0, -17
core   0: 3 0x80009c7e (0xfef00413) x 8 0xffffffef
core   0: 0x80009c82 (0x12c02893) slti    a7, zero, 300
core   0: 3 0x80009c82 (0x12c02893) x17 0x00000001
core   0: 0x80009c86 (0x0369db33) divu    s6, s3, s6
core   0: 3 0x80009c86 (0x0369db33) x22 0xffffffff
core   0: 0x80009c8a (0x000015fd) c.addi  a1, -1
core   0: 3 0x80009c8a (0x15fd) x11 0xfffffff9
core   0: 0x80009c8c (0xfe858be3) beq     a1, s0, pc - 10
core   0: 3 0x80009c8c (0xfe858be3)
core   0: 0x80009c90 (0x00cf0533) add     a0, t5, a2
core   0: 3 0x80009c90 (0x00cf0533) x10 0x802a24df
core   0: 0x80009c94 (0x0000def9) c.beqz  a3, pc - 34
core   0: 3 0x80009c94 (0xdef9)
core   0: 0x80009c96 (0x0000024e) c.slli  tp, 19
core   0: 3 0x80009c96 (0x024e) x 4 0x5c100000
core   0: 0x80009c98 (0xff800d13) li      s10, -8
core   0: 3 0x80009c98 (0xff800d13) x26 0xfffffff8
core   0: 0x80009c9c (0x01300093) li      ra, 19
core   0: 3 0x80009c9c (0x01300093) x 1 0x00000013
core   0: 0x80009ca0 (0x00008df9) c.and   a1, a4
core   0: 3 0x80009ca0 (0x8df9) x11 0x00000000
core   0: 0x80009ca2 (0x00000d0d) c.addi  s10, 3
core   0: 3 0x80009ca2 (0x0d0d) x26 0xfffffffb
core   0: 0x80009ca4 (0xffa00113) li      sp, -6
core   0: 3 0x80009ca4 (0xffa00113) x 2 0xfffffffa
core   0: 0x80009ca8 (0x00b00913) li      s2, 11
core   0: 3 0x80009ca8 (0x00b00913) x18 0x0000000b
core   0: 0x80009cac (0x002b4a33) xor     s4, s6, sp
core   0: 3 0x80009cac (0x002b4a33) x20 0x00000005
core   0: 0x80009cb0 (0x00000119) c.addi  sp, 6
core   0: 3 0x80009cb0 (0x0119) x 2 0x00000000
core   0: 0x80009cb2 (0xff214de3) blt     sp, s2, pc - 6
core   0: 3 0x80009cb2 (0xff214de3)
core   0: 0x80009cac (0x002b4a33) xor     s4, s6, sp
core   0: 3 0x80009cac (0x002b4a33) x20 0xffffffff
core   0: 0x80009cb0 (0x00000119) c.addi  sp, 6
core   0: 3 0x80009cb0 (0x0119) x 2 0x00000006
core   0: 0x80009cb2 (0xff214de3) blt     sp, s2, pc - 6
core   0: 3 0x80009cb2 (0xff214de3)
core   0: 0x80009cac (0x002b4a33) xor     s4, s6, sp
core   0: 3 0x80009cac (0x002b4a33) x20 0xfffffff9
core   0: 0x80009cb0 (0x00000119) c.addi  sp, 6
core   0: 3 0x80009cb0 (0x0119) x 2 0x0000000c
core   0: 0x80009cb2 (0xff214de3) blt     sp, s2, pc - 6
core   0: 3 0x80009cb2 (0xff214de3)
core   0: 0x80009cb6 (0xfe1d15e3) bne     s10, ra, pc - 22
core   0: 3 0x80009cb6 (0xfe1d15e3)
core   0: 0x80009ca0 (0x00008df9) c.and   a1, a4
core   0: 3 0x80009ca0 (0x8df9) x11 0x00000000
core   0: 0x80009ca2 (0x00000d0d) c.addi  s10, 3
core   0: 3 0x80009ca2 (0x0d0d) x26 0xfffffffe
core   0: 0x80009ca4 (0xffa00113) li      sp, -6
core   0: 3 0x80009ca4 (0xffa00113) x 2 0xfffffffa
core   0: 0x80009ca8 (0x00b00913) li      s2, 11
core   0: 3 0x80009ca8 (0x00b00913) x18 0x0000000b
core   0: 0x80009cac (0x002b4a33) xor     s4, s6, sp
core   0: 3 0x80009cac (0x002b4a33) x20 0x00000005
core   0: 0x80009cb0 (0x00000119) c.addi  sp, 6
core   0: 3 0x80009cb0 (0x0119) x 2 0x00000000
core   0: 0x80009cb2 (0xff214de3) blt     sp, s2, pc - 6
core   0: 3 0x80009cb2 (0xff214de3)
core   0: 0x80009cac (0x002b4a33) xor     s4, s6, sp
core   0: 3 0x80009cac (0x002b4a33) x20 0xffffffff
core   0: 0x80009cb0 (0x00000119) c.addi  sp, 6
core   0: 3 0x80009cb0 (0x0119) x 2 0x00000006
core   0: 0x80009cb2 (0xff214de3) blt     sp, s2, pc - 6
core   0: 3 0x80009cb2 (0xff214de3)
core   0: 0x80009cac (0x002b4a33) xor     s4, s6, sp
core   0: 3 0x80009cac (0x002b4a33) x20 0xfffffff9
core   0: 0x80009cb0 (0x00000119) c.addi  sp, 6
core   0: 3 0x80009cb0 (0x0119) x 2 0x0000000c
core   0: 0x80009cb2 (0xff214de3) blt     sp, s2, pc - 6
core   0: 3 0x80009cb2 (0xff214de3)
core   0: 0x80009cb6 (0xfe1d15e3) bne     s10, ra, pc - 22
core   0: 3 0x80009cb6 (0xfe1d15e3)
core   0: 0x80009ca0 (0x00008df9) c.and   a1, a4
core   0: 3 0x80009ca0 (0x8df9) x11 0x00000000
core   0: 0x80009ca2 (0x00000d0d) c.addi  s10, 3
core   0: 3 0x80009ca2 (0x0d0d) x26 0x00000001
core   0: 0x80009ca4 (0xffa00113) li      sp, -6
core   0: 3 0x80009ca4 (0xffa00113) x 2 0xfffffffa
core   0: 0x80009ca8 (0x00b00913) li      s2, 11
core   0: 3 0x80009ca8 (0x00b00913) x18 0x0000000b
core   0: 0x80009cac (0x002b4a33) xor     s4, s6, sp
core   0: 3 0x80009cac (0x002b4a33) x20 0x00000005
core   0: 0x80009cb0 (0x00000119) c.addi  sp, 6
core   0: 3 0x80009cb0 (0x0119) x 2 0x00000000
core   0: 0x80009cb2 (0xff214de3) blt     sp, s2, pc - 6
core   0: 3 0x80009cb2 (0xff214de3)
core   0: 0x80009cac (0x002b4a33) xor     s4, s6, sp
core   0: 3 0x80009cac (0x002b4a33) x20 0xffffffff
core   0: 0x80009cb0 (0x00000119) c.addi  sp, 6
core   0: 3 0x80009cb0 (0x0119) x 2 0x00000006
core   0: 0x80009cb2 (0xff214de3) blt     sp, s2, pc - 6
core   0: 3 0x80009cb2 (0xff214de3)
core   0: 0x80009cac (0x002b4a33) xor     s4, s6, sp
core   0: 3 0x80009cac (0x002b4a33) x20 0xfffffff9
core   0: 0x80009cb0 (0x00000119) c.addi  sp, 6
core   0: 3 0x80009cb0 (0x0119) x 2 0x0000000c
core   0: 0x80009cb2 (0xff214de3) blt     sp, s2, pc - 6
core   0: 3 0x80009cb2 (0xff214de3)
core   0: 0x80009cb6 (0xfe1d15e3) bne     s10, ra, pc - 22
core   0: 3 0x80009cb6 (0xfe1d15e3)
core   0: 0x80009ca0 (0x00008df9) c.and   a1, a4
core   0: 3 0x80009ca0 (0x8df9) x11 0x00000000
core   0: 0x80009ca2 (0x00000d0d) c.addi  s10, 3
core   0: 3 0x80009ca2 (0x0d0d) x26 0x00000004
core   0: 0x80009ca4 (0xffa00113) li      sp, -6
core   0: 3 0x80009ca4 (0xffa00113) x 2 0xfffffffa
core   0: 0x80009ca8 (0x00b00913) li      s2, 11
core   0: 3 0x80009ca8 (0x00b00913) x18 0x0000000b
core   0: 0x80009cac (0x002b4a33) xor     s4, s6, sp
core   0: 3 0x80009cac (0x002b4a33) x20 0x00000005
core   0: 0x80009cb0 (0x00000119) c.addi  sp, 6
core   0: 3 0x80009cb0 (0x0119) x 2 0x00000000
core   0: 0x80009cb2 (0xff214de3) blt     sp, s2, pc - 6
core   0: 3 0x80009cb2 (0xff214de3)
core   0: 0x80009cac (0x002b4a33) xor     s4, s6, sp
core   0: 3 0x80009cac (0x002b4a33) x20 0xffffffff
core   0: 0x80009cb0 (0x00000119) c.addi  sp, 6
core   0: 3 0x80009cb0 (0x0119) x 2 0x00000006
core   0: 0x80009cb2 (0xff214de3) blt     sp, s2, pc - 6
core   0: 3 0x80009cb2 (0xff214de3)
core   0: 0x80009cac (0x002b4a33) xor     s4, s6, sp
core   0: 3 0x80009cac (0x002b4a33) x20 0xfffffff9
core   0: 0x80009cb0 (0x00000119) c.addi  sp, 6
core   0: 3 0x80009cb0 (0x0119) x 2 0x0000000c
core   0: 0x80009cb2 (0xff214de3) blt     sp, s2, pc - 6
core   0: 3 0x80009cb2 (0xff214de3)
core   0: 0x80009cb6 (0xfe1d15e3) bne     s10, ra, pc - 22
core   0: 3 0x80009cb6 (0xfe1d15e3)
core   0: 0x80009ca0 (0x00008df9) c.and   a1, a4
core   0: 3 0x80009ca0 (0x8df9) x11 0x00000000
core   0: 0x80009ca2 (0x00000d0d) c.addi  s10, 3
core   0: 3 0x80009ca2 (0x0d0d) x26 0x00000007
core   0: 0x80009ca4 (0xffa00113) li      sp, -6
core   0: 3 0x80009ca4 (0xffa00113) x 2 0xfffffffa
core   0: 0x80009ca8 (0x00b00913) li      s2, 11
core   0: 3 0x80009ca8 (0x00b00913) x18 0x0000000b
core   0: 0x80009cac (0x002b4a33) xor     s4, s6, sp
core   0: 3 0x80009cac (0x002b4a33) x20 0x00000005
core   0: 0x80009cb0 (0x00000119) c.addi  sp, 6
core   0: 3 0x80009cb0 (0x0119) x 2 0x00000000
core   0: 0x80009cb2 (0xff214de3) blt     sp, s2, pc - 6
core   0: 3 0x80009cb2 (0xff214de3)
core   0: 0x80009cac (0x002b4a33) xor     s4, s6, sp
core   0: 3 0x80009cac (0x002b4a33) x20 0xffffffff
core   0: 0x80009cb0 (0x00000119) c.addi  sp, 6
core   0: 3 0x80009cb0 (0x0119) x 2 0x00000006
core   0: 0x80009cb2 (0xff214de3) blt     sp, s2, pc - 6
core   0: 3 0x80009cb2 (0xff214de3)
core   0: 0x80009cac (0x002b4a33) xor     s4, s6, sp
core   0: 3 0x80009cac (0x002b4a33) x20 0xfffffff9
core   0: 0x80009cb0 (0x00000119) c.addi  sp, 6
core   0: 3 0x80009cb0 (0x0119) x 2 0x0000000c
core   0: 0x80009cb2 (0xff214de3) blt     sp, s2, pc - 6
core   0: 3 0x80009cb2 (0xff214de3)
core   0: 0x80009cb6 (0xfe1d15e3) bne     s10, ra, pc - 22
core   0: 3 0x80009cb6 (0xfe1d15e3)
core   0: 0x80009ca0 (0x00008df9) c.and   a1, a4
core   0: 3 0x80009ca0 (0x8df9) x11 0x00000000
core   0: 0x80009ca2 (0x00000d0d) c.addi  s10, 3
core   0: 3 0x80009ca2 (0x0d0d) x26 0x0000000a
core   0: 0x80009ca4 (0xffa00113) li      sp, -6
core   0: 3 0x80009ca4 (0xffa00113) x 2 0xfffffffa
core   0: 0x80009ca8 (0x00b00913) li      s2, 11
core   0: 3 0x80009ca8 (0x00b00913) x18 0x0000000b
core   0: 0x80009cac (0x002b4a33) xor     s4, s6, sp
core   0: 3 0x80009cac (0x002b4a33) x20 0x00000005
core   0: 0x80009cb0 (0x00000119) c.addi  sp, 6
core   0: 3 0x80009cb0 (0x0119) x 2 0x00000000
core   0: 0x80009cb2 (0xff214de3) blt     sp, s2, pc - 6
core   0: 3 0x80009cb2 (0xff214de3)
core   0: 0x80009cac (0x002b4a33) xor     s4, s6, sp
core   0: 3 0x80009cac (0x002b4a33) x20 0xffffffff
core   0: 0x80009cb0 (0x00000119) c.addi  sp, 6
core   0: 3 0x80009cb0 (0x0119) x 2 0x00000006
core   0: 0x80009cb2 (0xff214de3) blt     sp, s2, pc - 6
core   0: 3 0x80009cb2 (0xff214de3)
core   0: 0x80009cac (0x002b4a33) xor     s4, s6, sp
core   0: 3 0x80009cac (0x002b4a33) x20 0xfffffff9
core   0: 0x80009cb0 (0x00000119) c.addi  sp, 6
core   0: 3 0x80009cb0 (0x0119) x 2 0x0000000c
core   0: 0x80009cb2 (0xff214de3) blt     sp, s2, pc - 6
core   0: 3 0x80009cb2 (0xff214de3)
core   0: 0x80009cb6 (0xfe1d15e3) bne     s10, ra, pc - 22
core   0: 3 0x80009cb6 (0xfe1d15e3)
core   0: 0x80009ca0 (0x00008df9) c.and   a1, a4
core   0: 3 0x80009ca0 (0x8df9) x11 0x00000000
core   0: 0x80009ca2 (0x00000d0d) c.addi  s10, 3
core   0: 3 0x80009ca2 (0x0d0d) x26 0x0000000d
core   0: 0x80009ca4 (0xffa00113) li      sp, -6
core   0: 3 0x80009ca4 (0xffa00113) x 2 0xfffffffa
core   0: 0x80009ca8 (0x00b00913) li      s2, 11
core   0: 3 0x80009ca8 (0x00b00913) x18 0x0000000b
core   0: 0x80009cac (0x002b4a33) xor     s4, s6, sp
core   0: 3 0x80009cac (0x002b4a33) x20 0x00000005
core   0: 0x80009cb0 (0x00000119) c.addi  sp, 6
core   0: 3 0x80009cb0 (0x0119) x 2 0x00000000
core   0: 0x80009cb2 (0xff214de3) blt     sp, s2, pc - 6
core   0: 3 0x80009cb2 (0xff214de3)
core   0: 0x80009cac (0x002b4a33) xor     s4, s6, sp
core   0: 3 0x80009cac (0x002b4a33) x20 0xffffffff
core   0: 0x80009cb0 (0x00000119) c.addi  sp, 6
core   0: 3 0x80009cb0 (0x0119) x 2 0x00000006
core   0: 0x80009cb2 (0xff214de3) blt     sp, s2, pc - 6
core   0: 3 0x80009cb2 (0xff214de3)
core   0: 0x80009cac (0x002b4a33) xor     s4, s6, sp
core   0: 3 0x80009cac (0x002b4a33) x20 0xfffffff9
core   0: 0x80009cb0 (0x00000119) c.addi  sp, 6
core   0: 3 0x80009cb0 (0x0119) x 2 0x0000000c
core   0: 0x80009cb2 (0xff214de3) blt     sp, s2, pc - 6
core   0: 3 0x80009cb2 (0xff214de3)
core   0: 0x80009cb6 (0xfe1d15e3) bne     s10, ra, pc - 22
core   0: 3 0x80009cb6 (0xfe1d15e3)
core   0: 0x80009ca0 (0x00008df9) c.and   a1, a4
core   0: 3 0x80009ca0 (0x8df9) x11 0x00000000
core   0: 0x80009ca2 (0x00000d0d) c.addi  s10, 3
core   0: 3 0x80009ca2 (0x0d0d) x26 0x00000010
core   0: 0x80009ca4 (0xffa00113) li      sp, -6
core   0: 3 0x80009ca4 (0xffa00113) x 2 0xfffffffa
core   0: 0x80009ca8 (0x00b00913) li      s2, 11
core   0: 3 0x80009ca8 (0x00b00913) x18 0x0000000b
core   0: 0x80009cac (0x002b4a33) xor     s4, s6, sp
core   0: 3 0x80009cac (0x002b4a33) x20 0x00000005
core   0: 0x80009cb0 (0x00000119) c.addi  sp, 6
core   0: 3 0x80009cb0 (0x0119) x 2 0x00000000
core   0: 0x80009cb2 (0xff214de3) blt     sp, s2, pc - 6
core   0: 3 0x80009cb2 (0xff214de3)
core   0: 0x80009cac (0x002b4a33) xor     s4, s6, sp
core   0: 3 0x80009cac (0x002b4a33) x20 0xffffffff
core   0: 0x80009cb0 (0x00000119) c.addi  sp, 6
core   0: 3 0x80009cb0 (0x0119) x 2 0x00000006
core   0: 0x80009cb2 (0xff214de3) blt     sp, s2, pc - 6
core   0: 3 0x80009cb2 (0xff214de3)
core   0: 0x80009cac (0x002b4a33) xor     s4, s6, sp
core   0: 3 0x80009cac (0x002b4a33) x20 0xfffffff9
core   0: 0x80009cb0 (0x00000119) c.addi  sp, 6
core   0: 3 0x80009cb0 (0x0119) x 2 0x0000000c
core   0: 0x80009cb2 (0xff214de3) blt     sp, s2, pc - 6
core   0: 3 0x80009cb2 (0xff214de3)
core   0: 0x80009cb6 (0xfe1d15e3) bne     s10, ra, pc - 22
core   0: 3 0x80009cb6 (0xfe1d15e3)
core   0: 0x80009ca0 (0x00008df9) c.and   a1, a4
core   0: 3 0x80009ca0 (0x8df9) x11 0x00000000
core   0: 0x80009ca2 (0x00000d0d) c.addi  s10, 3
core   0: 3 0x80009ca2 (0x0d0d) x26 0x00000013
core   0: 0x80009ca4 (0xffa00113) li      sp, -6
core   0: 3 0x80009ca4 (0xffa00113) x 2 0xfffffffa
core   0: 0x80009ca8 (0x00b00913) li      s2, 11
core   0: 3 0x80009ca8 (0x00b00913) x18 0x0000000b
core   0: 0x80009cac (0x002b4a33) xor     s4, s6, sp
core   0: 3 0x80009cac (0x002b4a33) x20 0x00000005
core   0: 0x80009cb0 (0x00000119) c.addi  sp, 6
core   0: 3 0x80009cb0 (0x0119) x 2 0x00000000
core   0: 0x80009cb2 (0xff214de3) blt     sp, s2, pc - 6
core   0: 3 0x80009cb2 (0xff214de3)
core   0: 0x80009cac (0x002b4a33) xor     s4, s6, sp
core   0: 3 0x80009cac (0x002b4a33) x20 0xffffffff
core   0: 0x80009cb0 (0x00000119) c.addi  sp, 6
core   0: 3 0x80009cb0 (0x0119) x 2 0x00000006
core   0: 0x80009cb2 (0xff214de3) blt     sp, s2, pc - 6
core   0: 3 0x80009cb2 (0xff214de3)
core   0: 0x80009cac (0x002b4a33) xor     s4, s6, sp
core   0: 3 0x80009cac (0x002b4a33) x20 0xfffffff9
core   0: 0x80009cb0 (0x00000119) c.addi  sp, 6
core   0: 3 0x80009cb0 (0x0119) x 2 0x0000000c
core   0: 0x80009cb2 (0xff214de3) blt     sp, s2, pc - 6
core   0: 3 0x80009cb2 (0xff214de3)
core   0: 0x80009cb6 (0xfe1d15e3) bne     s10, ra, pc - 22
core   0: 3 0x80009cb6 (0xfe1d15e3)
core   0: 0x80009cba (0x00008e6d) c.and   a2, a1
core   0: 3 0x80009cba (0x8e6d) x12 0x00000000
core   0: 0x80009cbc (0xff900693) li      a3, -7
core   0: 3 0x80009cbc (0xff900693) x13 0xfffffff9
core   0: 0x80009cc0 (0x035632b3) mulhu   t0, a2, s5
core   0: 3 0x80009cc0 (0x035632b3) x 5 0x00000000
core   0: 0x80009cc4 (0x00008de1) c.and   a1, s0
core   0: 3 0x80009cc4 (0x8de1) x11 0x00000000
core   0: 0x80009cc6 (0x01f55293) srli    t0, a0, 31
core   0: 3 0x80009cc6 (0x01f55293) x 5 0x00000001
core   0: 0x80009cca (0x00b00a93) li      s5, 11
core   0: 3 0x80009cca (0x00b00a93) x21 0x0000000b
core   0: 0x80009cce (0x03432cb3) mulhsu  s9, t1, s4
core   0: 3 0x80009cce (0x03432cb3) x25 0x00000005
core   0: 0x80009cd2 (0x00008e21) c.xor   a2, s0
core   0: 3 0x80009cd2 (0x8e21) x12 0xffffffef
core   0: 0x80009cd4 (0x03665633) divu    a2, a2, s6
core   0: 3 0x80009cd4 (0x03665633) x12 0x00000000
core   0: 0x80009cd8 (0x00008f11) c.sub   a4, a2
core   0: 3 0x80009cd8 (0x8f11) x14 0x00000000
core   0: 0x80009cda (0x01529c93) slli    s9, t0, 21
core   0: 3 0x80009cda (0x01529c93) x25 0x00200000
core   0: 0x80009cde (0x00000699) c.addi  a3, 6
core   0: 3 0x80009cde (0x0699) x13 0xffffffff
core   0: 0x80009ce0 (0x00009ece) c.add   t4, s3
core   0: 3 0x80009ce0 (0x9ece) x29 0x0000203a
core   0: 0x80009ce2 (0xcd018093) addi    ra, gp, -816
core   0: 3 0x80009ce2 (0xcd018093) x 1 0x80021bc2
core   0: 0x80009ce6 (0xff5694e3) bne     a3, s5, pc - 24
core   0: 3 0x80009ce6 (0xff5694e3)
core   0: 0x80009cce (0x03432cb3) mulhsu  s9, t1, s4
core   0: 3 0x80009cce (0x03432cb3) x25 0x00000005
core   0: 0x80009cd2 (0x00008e21) c.xor   a2, s0
core   0: 3 0x80009cd2 (0x8e21) x12 0xffffffef
core   0: 0x80009cd4 (0x03665633) divu    a2, a2, s6
core   0: 3 0x80009cd4 (0x03665633) x12 0x00000000
core   0: 0x80009cd8 (0x00008f11) c.sub   a4, a2
core   0: 3 0x80009cd8 (0x8f11) x14 0x00000000
core   0: 0x80009cda (0x01529c93) slli    s9, t0, 21
core   0: 3 0x80009cda (0x01529c93) x25 0x00200000
core   0: 0x80009cde (0x00000699) c.addi  a3, 6
core   0: 3 0x80009cde (0x0699) x13 0x00000005
core   0: 0x80009ce0 (0x00009ece) c.add   t4, s3
core   0: 3 0x80009ce0 (0x9ece) x29 0x0000203a
core   0: 0x80009ce2 (0xcd018093) addi    ra, gp, -816
core   0: 3 0x80009ce2 (0xcd018093) x 1 0x80021bc2
core   0: 0x80009ce6 (0xff5694e3) bne     a3, s5, pc - 24
core   0: 3 0x80009ce6 (0xff5694e3)
core   0: 0x80009cce (0x03432cb3) mulhsu  s9, t1, s4
core   0: 3 0x80009cce (0x03432cb3) x25 0x00000005
core   0: 0x80009cd2 (0x00008e21) c.xor   a2, s0
core   0: 3 0x80009cd2 (0x8e21) x12 0xffffffef
core   0: 0x80009cd4 (0x03665633) divu    a2, a2, s6
core   0: 3 0x80009cd4 (0x03665633) x12 0x00000000
core   0: 0x80009cd8 (0x00008f11) c.sub   a4, a2
core   0: 3 0x80009cd8 (0x8f11) x14 0x00000000
core   0: 0x80009cda (0x01529c93) slli    s9, t0, 21
core   0: 3 0x80009cda (0x01529c93) x25 0x00200000
core   0: 0x80009cde (0x00000699) c.addi  a3, 6
core   0: 3 0x80009cde (0x0699) x13 0x0000000b
core   0: 0x80009ce0 (0x00009ece) c.add   t4, s3
core   0: 3 0x80009ce0 (0x9ece) x29 0x0000203a
core   0: 0x80009ce2 (0xcd018093) addi    ra, gp, -816
core   0: 3 0x80009ce2 (0xcd018093) x 1 0x80021bc2
core   0: 0x80009ce6 (0xff5694e3) bne     a3, s5, pc - 24
core   0: 3 0x80009ce6 (0xff5694e3)
core   0: 0x80009cea (0x1b43b193) sltiu   gp, t2, 436
core   0: 3 0x80009cea (0x1b43b193) x 3 0x00000001
core   0: 0x80009cee (0xfff00513) li      a0, -1
core   0: 3 0x80009cee (0xfff00513) x10 0xffffffff
core   0: 0x80009cf2 (0x00000aa2) c.slli  s5, 8
core   0: 3 0x80009cf2 (0x0aa2) x21 0x00000b00
core   0: 0x80009cf4 (0x00000001) c.nop
core   0: 3 0x80009cf4 (0x0001)
core   0: 0x80009cf6 (0x00000001) c.nop
core   0: 3 0x80009cf6 (0x0001)
core   0: 0x80009cf8 (0x00907f33) and     t5, zero, s1
core   0: 3 0x80009cf8 (0x00907f33) x30 0x00000000
core   0: 0x80009cfc (0x00008dc9) c.or    a1, a0
core   0: 3 0x80009cfc (0x8dc9) x11 0xffffffff
core   0: 0x80009cfe (0x04c9fd93) andi    s11, s3, 76
core   0: 3 0x80009cfe (0x04c9fd93) x27 0x00000000
core   0: 0x80009d02 (0x00000505) c.addi  a0, 1
core   0: 3 0x80009d02 (0x0505) x10 0x00000000
core   0: 0x80009d04 (0xffa00413) li      s0, -6
core   0: 3 0x80009d04 (0xffa00413) x 8 0xfffffffa
core   0: 0x80009d08 (0x000092ae) c.add   t0, a1
core   0: 3 0x80009d08 (0x92ae) x 5 0x00000000
core   0: 0x80009d0a (0xff600b13) li      s6, -10
core   0: 3 0x80009d0a (0xff600b13) x22 0xfffffff6
core   0: 0x80009d0e (0x0000717d) c.addi16sp sp, -16
core   0: 3 0x80009d0e (0x717d) x 2 0xfffffffc
core   0: 0x80009d10 (0x01e20933) add     s2, tp, t5
core   0: 3 0x80009d10 (0x01e20933) x18 0x5c100000
core   0: 0x80009d14 (0x00001461) c.addi  s0, -8
core   0: 3 0x80009d14 (0x1461) x 8 0xfffffff2
core   0: 0x80009d16 (0x00008191) c.srli  a1, 4
core   0: 3 0x80009d16 (0x8191) x11 0x0fffffff
core   0: 0x80009d18 (0xa75aaf13) slti    t5, s5, -1419
core   0: 3 0x80009d18 (0xa75aaf13) x30 0x00000000
core   0: 0x80009d1c (0xff645ae3) bge     s0, s6, pc - 12
core   0: 3 0x80009d1c (0xff645ae3)
core   0: 0x80009d20 (0x031069b3) rem     s3, zero, a7
core   0: 3 0x80009d20 (0x031069b3) x19 0x00000000
core   0: 0x80009d24 (0x42313d13) sltiu   s10, sp, 1059
core   0: 3 0x80009d24 (0x42313d13) x26 0x00000000
core   0: 0x80009d28 (0x0000d971) c.beqz  a0, pc - 44
core   0: 3 0x80009d28 (0xd971)
core   0: 0x80009cfc (0x00008dc9) c.or    a1, a0
core   0: 3 0x80009cfc (0x8dc9) x11 0x0fffffff
core   0: 0x80009cfe (0x04c9fd93) andi    s11, s3, 76
core   0: 3 0x80009cfe (0x04c9fd93) x27 0x00000000
core   0: 0x80009d02 (0x00000505) c.addi  a0, 1
core   0: 3 0x80009d02 (0x0505) x10 0x00000001
core   0: 0x80009d04 (0xffa00413) li      s0, -6
core   0: 3 0x80009d04 (0xffa00413) x 8 0xfffffffa
core   0: 0x80009d08 (0x000092ae) c.add   t0, a1
core   0: 3 0x80009d08 (0x92ae) x 5 0x0fffffff
core   0: 0x80009d0a (0xff600b13) li      s6, -10
core   0: 3 0x80009d0a (0xff600b13) x22 0xfffffff6
core   0: 0x80009d0e (0x0000717d) c.addi16sp sp, -16
core   0: 3 0x80009d0e (0x717d) x 2 0xffffffec
core   0: 0x80009d10 (0x01e20933) add     s2, tp, t5
core   0: 3 0x80009d10 (0x01e20933) x18 0x5c100000
core   0: 0x80009d14 (0x00001461) c.addi  s0, -8
core   0: 3 0x80009d14 (0x1461) x 8 0xfffffff2
core   0: 0x80009d16 (0x00008191) c.srli  a1, 4
core   0: 3 0x80009d16 (0x8191) x11 0x00ffffff
core   0: 0x80009d18 (0xa75aaf13) slti    t5, s5, -1419
core   0: 3 0x80009d18 (0xa75aaf13) x30 0x00000000
core   0: 0x80009d1c (0xff645ae3) bge     s0, s6, pc - 12
core   0: 3 0x80009d1c (0xff645ae3)
core   0: 0x80009d20 (0x031069b3) rem     s3, zero, a7
core   0: 3 0x80009d20 (0x031069b3) x19 0x00000000
core   0: 0x80009d24 (0x42313d13) sltiu   s10, sp, 1059
core   0: 3 0x80009d24 (0x42313d13) x26 0x00000000
core   0: 0x80009d28 (0x0000d971) c.beqz  a0, pc - 44
core   0: 3 0x80009d28 (0xd971)
core   0: 0x80009d2a (0x6410a213) slti    tp, ra, 1601
core   0: 3 0x80009d2a (0x6410a213) x 4 0x00000001
core   0: 0x80009d2e (0x00900a93) li      s5, 9
core   0: 3 0x80009d2e (0x00900a93) x21 0x00000009
core   0: 0x80009d32 (0x00900313) li      t1, 9
core   0: 3 0x80009d32 (0x00900313) x 6 0x00000009
core   0: 0x80009d36 (0x4d8a81b7) lui     gp, 0x4d8a8
core   0: 3 0x80009d36 (0x4d8a81b7) x 3 0x4d8a8000
core   0: 0x80009d3a (0x00001ae1) c.addi  s5, -8
core   0: 3 0x80009d3a (0x1ae1) x21 0x00000001
core   0: 0x80009d3c (0x00a00093) li      ra, 10
core   0: 3 0x80009d3c (0x00a00093) x 1 0x0000000a
core   0: 0x80009d40 (0x00900693) li      a3, 9
core   0: 3 0x80009d40 (0x00900693) x13 0x00000009
core   0: 0x80009d44 (0x0be8ca13) xori    s4, a7, 190
core   0: 3 0x80009d44 (0x0be8ca13) x20 0x000000bf
core   0: 0x80009d48 (0x5cf58c13) addi    s8, a1, 1487
core   0: 3 0x80009d48 (0x5cf58c13) x24 0x010005ce
core   0: 0x80009d4c (0x000010ed) c.addi  ra, -5
core   0: 3 0x80009d4c (0x10ed) x 1 0x00000005
core   0: 0x80009d4e (0xfed0fbe3) bgeu    ra, a3, pc - 10
core   0: 3 0x80009d4e (0xfed0fbe3)
core   0: 0x80009d52 (0xfe6af2e3) bgeu    s5, t1, pc - 28
core   0: 3 0x80009d52 (0xfe6af2e3)
core   0: 0x80009d56 (0x01ed1633) sll     a2, s10, t5
core   0: 3 0x80009d56 (0x01ed1633) x12 0x00000000
core   0: 0x80009d5a (0xffa00613) li      a2, -6
core   0: 3 0x80009d5a (0xffa00613) x12 0xfffffffa
core   0: 0x80009d5e (0x01894fb3) xor     t6, s2, s8
core   0: 3 0x80009d5e (0x01894fb3) x31 0x5d1005ce
core   0: 0x80009d62 (0x00500113) li      sp, 5
core   0: 3 0x80009d62 (0x00500113) x 2 0x00000005
core   0: 0x80009d66 (0x41acd1b3) sra     gp, s9, s10
core   0: 3 0x80009d66 (0x41acd1b3) x 3 0x00200000
core   0: 0x80009d6a (0x031160b3) rem     ra, sp, a7
core   0: 3 0x80009d6a (0x031160b3) x 1 0x00000000
core   0: 0x80009d6e (0x000048e5) c.li    a7, 25
core   0: 3 0x80009d6e (0x48e5) x17 0x00000019
core   0: 0x80009d70 (0x00008441) c.srai  s0, 16
core   0: 3 0x80009d70 (0x8441) x 8 0xffffffff
core   0: 0x80009d72 (0x00000605) c.addi  a2, 1
core   0: 3 0x80009d72 (0x0605) x12 0xfffffffb
core   0: 0x80009d74 (0xfe266de3) bltu    a2, sp, pc - 6
core   0: 3 0x80009d74 (0xfe266de3)
core   0: 0x80009d78 (0x00000001) c.nop
core   0: 3 0x80009d78 (0x0001)
core   0: 0x80009d7a (0x00400293) li      t0, 4
core   0: 3 0x80009d7a (0x00400293) x 5 0x00000004
core   0: 0x80009d7e (0x0000943e) c.add   s0, a5
core   0: 3 0x80009d7e (0x943e) x 8 0x7fffffff
core   0: 0x80009d80 (0x00e26d33) or      s10, tp, a4
core   0: 3 0x80009d80 (0x00e26d33) x26 0x00000001
core   0: 0x80009d84 (0x0153d813) srli    a6, t2, 21
core   0: 3 0x80009d84 (0x0153d813) x16 0x00000000
core   0: 0x80009d88 (0x40bad1b3) sra     gp, s5, a1
core   0: 3 0x80009d88 (0x40bad1b3) x 3 0x00000000
core   0: 0x80009d8c (0xff500613) li      a2, -11
core   0: 3 0x80009d8c (0xff500613) x12 0xfffffff5
core   0: 0x80009d90 (0x0000987d) c.andi  s0, -1
core   0: 3 0x80009d90 (0x987d) x 8 0x7fffffff
core   0: 0x80009d92 (0x82a9ec13) ori     s8, s3, -2006
core   0: 3 0x80009d92 (0x82a9ec13) x24 0xfffff82a
core   0: 0x80009d96 (0xf97d0e93) addi    t4, s10, -105
core   0: 3 0x80009d96 (0xf97d0e93) x29 0xffffff98
core   0: 0x80009d9a (0x030103b3) mul     t2, sp, a6
core   0: 3 0x80009d9a (0x030103b3) x 7 0x00000000
core   0: 0x80009d9e (0x026ba5b3) mulhsu  a1, s7, t1
core   0: 3 0x80009d9e (0x026ba5b3) x11 0xfffffffb
core   0: 0x80009da2 (0x00008c79) c.and   s0, a4
core   0: 3 0x80009da2 (0x8c79) x 8 0x00000000
core   0: 0x80009da4 (0x000012e9) c.addi  t0, -6
core   0: 3 0x80009da4 (0x12e9) x 5 0xfffffffe
core   0: 0x80009da6 (0x0000100f) fence.i
core   0: 3 0x80009da6 (0x0000100f)
core   0: 0x80009daa (0x00000001) c.nop
core   0: 3 0x80009daa (0x0001)
core   0: 0x80009dac (0x00008c59) c.or    s0, a4
core   0: 3 0x80009dac (0x8c59) x 8 0x00000000
core   0: 0x80009dae (0x0ff0000f) fence   iorw,iorw
core   0: 3 0x80009dae (0x0ff0000f)
core   0: 0x80009db2 (0x00b1c033) xor     zero, gp, a1
core   0: 3 0x80009db2 (0x00b1c033)
core   0: 0x80009db6 (0xfec2d0e3) bge     t0, a2, pc - 32
core   0: 3 0x80009db6 (0xfec2d0e3)
core   0: 0x80009d96 (0xf97d0e93) addi    t4, s10, -105
core   0: 3 0x80009d96 (0xf97d0e93) x29 0xffffff98
core   0: 0x80009d9a (0x030103b3) mul     t2, sp, a6
core   0: 3 0x80009d9a (0x030103b3) x 7 0x00000000
core   0: 0x80009d9e (0x026ba5b3) mulhsu  a1, s7, t1
core   0: 3 0x80009d9e (0x026ba5b3) x11 0xfffffffb
core   0: 0x80009da2 (0x00008c79) c.and   s0, a4
core   0: 3 0x80009da2 (0x8c79) x 8 0x00000000
core   0: 0x80009da4 (0x000012e9) c.addi  t0, -6
core   0: 3 0x80009da4 (0x12e9) x 5 0xfffffff8
core   0: 0x80009da6 (0x0000100f) fence.i
core   0: 3 0x80009da6 (0x0000100f)
core   0: 0x80009daa (0x00000001) c.nop
core   0: 3 0x80009daa (0x0001)
core   0: 0x80009dac (0x00008c59) c.or    s0, a4
core   0: 3 0x80009dac (0x8c59) x 8 0x00000000
core   0: 0x80009dae (0x0ff0000f) fence   iorw,iorw
core   0: 3 0x80009dae (0x0ff0000f)
core   0: 0x80009db2 (0x00b1c033) xor     zero, gp, a1
core   0: 3 0x80009db2 (0x00b1c033)
core   0: 0x80009db6 (0xfec2d0e3) bge     t0, a2, pc - 32
core   0: 3 0x80009db6 (0xfec2d0e3)
core   0: 0x80009d96 (0xf97d0e93) addi    t4, s10, -105
core   0: 3 0x80009d96 (0xf97d0e93) x29 0xffffff98
core   0: 0x80009d9a (0x030103b3) mul     t2, sp, a6
core   0: 3 0x80009d9a (0x030103b3) x 7 0x00000000
core   0: 0x80009d9e (0x026ba5b3) mulhsu  a1, s7, t1
core   0: 3 0x80009d9e (0x026ba5b3) x11 0xfffffffb
core   0: 0x80009da2 (0x00008c79) c.and   s0, a4
core   0: 3 0x80009da2 (0x8c79) x 8 0x00000000
core   0: 0x80009da4 (0x000012e9) c.addi  t0, -6
core   0: 3 0x80009da4 (0x12e9) x 5 0xfffffff2
core   0: 0x80009da6 (0x0000100f) fence.i
core   0: 3 0x80009da6 (0x0000100f)
core   0: 0x80009daa (0x00000001) c.nop
core   0: 3 0x80009daa (0x0001)
core   0: 0x80009dac (0x00008c59) c.or    s0, a4
core   0: 3 0x80009dac (0x8c59) x 8 0x00000000
core   0: 0x80009dae (0x0ff0000f) fence   iorw,iorw
core   0: 3 0x80009dae (0x0ff0000f)
core   0: 0x80009db2 (0x00b1c033) xor     zero, gp, a1
core   0: 3 0x80009db2 (0x00b1c033)
core   0: 0x80009db6 (0xfec2d0e3) bge     t0, a2, pc - 32
core   0: 3 0x80009db6 (0xfec2d0e3)
core   0: 0x80009dba (0x02d25fb3) divu    t6, tp, a3
core   0: 3 0x80009dba (0x02d25fb3) x31 0x00000000
core   0: 0x80009dbe (0x03fdd2b3) divu    t0, s11, t6
core   0: 3 0x80009dbe (0x03fdd2b3) x 5 0xffffffff
core   0: 0x80009dc2 (0x00001700) c.addi4spn s0, sp, 928
core   0: 3 0x80009dc2 (0x1700) x 8 0x000003a5
core   0: 0x80009dc4 (0x339abc13) sltiu   s8, s5, 825
core   0: 3 0x80009dc4 (0x339abc13) x24 0x00000001
core   0: 0x80009dc8 (0x40e34d13) xori    s10, t1, 1038
core   0: 3 0x80009dc8 (0x40e34d13) x26 0x00000407
core   0: 0x80009dcc (0x01d90b33) add     s6, s2, t4
core   0: 3 0x80009dcc (0x01d90b33) x22 0x5c0fff98
core   0: 0x80009dd0 (0x00008e4d) c.or    a2, a1
core   0: 3 0x80009dd0 (0x8e4d) x12 0xffffffff
core   0: 0x80009dd2 (0x01205693) srli    a3, zero, 18
core   0: 3 0x80009dd2 (0x01205693) x13 0x00000000
core   0: 0x80009dd6 (0x00009ef6) c.add   t4, t4
core   0: 3 0x80009dd6 (0x9ef6) x29 0xffffff30
core   0: 0x80009dd8 (0x00009166) c.add   sp, s9
core   0: 3 0x80009dd8 (0x9166) x 2 0x00200005
core   0: 0x80009dda (0x03910563) beq     sp, s9, pc + 42
core   0: 3 0x80009dda (0x03910563)
core   0: 0x80009dde (0xa6eb2317) auipc   t1, 0xa6eb2
core   0: 3 0x80009dde (0xa6eb2317) x 6 0x26ebbdde
core   0: 0x80009de2 (0xff71fc93) andi    s9, gp, -9
core   0: 3 0x80009de2 (0xff71fc93) x25 0x00000000
core   0: 0x80009de6 (0x002333b3) sltu    t2, t1, sp
core   0: 3 0x80009de6 (0x002333b3) x 7 0x00000000
core   0: 0x80009dea (0x02a055b3) divu    a1, zero, a0
core   0: 3 0x80009dea (0x02a055b3) x11 0x00000000
core   0: 0x80009dee (0x00004081) c.li    ra, 0
core   0: 3 0x80009dee (0x4081) x 1 0x00000000
core   0: 0x80009df0 (0x0256bb33) mulhu   s6, a3, t0
core   0: 3 0x80009df0 (0x0256bb33) x22 0x00000000
core   0: 0x80009df4 (0x0562c263) blt     t0, s6, pc + 68
core   0: 3 0x80009df4 (0x0562c263)
core   0: 0x80009e38 (0x015ddc13) srli    s8, s11, 21
core   0: 3 0x80009e38 (0x015ddc13) x24 0x00000000
core   0: 0x80009e3c (0x9e626593) ori     a1, tp, -1562
core   0: 3 0x80009e3c (0x9e626593) x11 0xfffff9e7
core   0: 0x80009e40 (0x00006149) c.addi16sp sp, 144
core   0: 3 0x80009e40 (0x6149) x 2 0x00200095
core   0: 0x80009e42 (0x00000a7a) c.slli  s4, 30
core   0: 3 0x80009e42 (0x0a7a) x20 0xc0000000
core   0: 0x80009e44 (0x000086bd) c.srai  a3, 15
core   0: 3 0x80009e44 (0x86bd) x13 0x00000000
core   0: 0x80009e46 (0x02e26b33) rem     s6, tp, a4
core   0: 3 0x80009e46 (0x02e26b33) x22 0x00000001
core   0: 0x80009e4a (0x0000178c) c.addi4spn a1, sp, 992
core   0: 3 0x80009e4a (0x178c) x11 0x00200475
core   0: 0x80009e4c (0x01c07ab3) and     s5, zero, t3
core   0: 3 0x80009e4c (0x01c07ab3) x21 0x00000000
core   0: 0x80009e50 (0x004cc833) xor     a6, s9, tp
core   0: 3 0x80009e50 (0x004cc833) x16 0x00000001
core   0: 0x80009e54 (0x02959863) bne     a1, s1, pc + 48
core   0: 3 0x80009e54 (0x02959863)
core   0: 0x80009e84 (0x01dcf6b3) and     a3, s9, t4
core   0: 3 0x80009e84 (0x01dcf6b3) x13 0x00000000
core   0: 0x80009e88 (0x0000100f) fence.i
core   0: 3 0x80009e88 (0x0000100f)
core   0: 0x80009e8c (0x00eab933) sltu    s2, s5, a4
core   0: 3 0x80009e8c (0x00eab933) x18 0x00000000
core   0: 0x80009e90 (0x00001cfd) c.addi  s9, -1
core   0: 3 0x80009e90 (0x1cfd) x25 0xffffffff
core   0: 0x80009e92 (0x4126d893) srai    a7, a3, 18
core   0: 3 0x80009e92 (0x4126d893) x17 0x00000000
core   0: 0x80009e96 (0x00008039) c.srli  s0, 14
core   0: 3 0x80009e96 (0x8039) x 8 0x00000000
core   0: 0x80009e98 (0x00000718) c.addi4spn a4, sp, 896
core   0: 3 0x80009e98 (0x0718) x14 0x00200415
core   0: 0x80009e9a (0x00019e63) bnez    gp, pc + 28
core   0: 3 0x80009e9a (0x00019e63)
core   0: 0x80009e9e (0x0000100f) fence.i
core   0: 3 0x80009e9e (0x0000100f)
core   0: 0x80009ea2 (0x00006b21) c.lui   s6, 0x8
core   0: 3 0x80009ea2 (0x6b21) x22 0x00008000
core   0: 0x80009ea4 (0x00000001) c.nop
core   0: 3 0x80009ea4 (0x0001)
core   0: 0x80009ea6 (0x000099da) c.add   s3, s6
core   0: 3 0x80009ea6 (0x99da) x19 0x00008000
core   0: 0x80009ea8 (0x01d1ad33) slt     s10, gp, t4
core   0: 3 0x80009ea8 (0x01d1ad33) x26 0x00000000
core   0: 0x80009eac (0xb27e8a93) addi    s5, t4, -1241
core   0: 3 0x80009eac (0xb27e8a93) x21 0xfffffa57
core   0: 0x80009eb0 (0x0160a2b3) slt     t0, ra, s6
core   0: 3 0x80009eb0 (0x0160a2b3) x 5 0x00000001
core   0: 0x80009eb4 (0x00006fe1) c.lui   t6, 0x18
core   0: 3 0x80009eb4 (0x6fe1) x31 0x00018000
core   0: 0x80009eb6 (0x24f63b13) sltiu   s6, a2, 591
core   0: 3 0x80009eb6 (0x24f63b13) x22 0x00000000
core   0: 0x80009eba (0x00efb933) sltu    s2, t6, a4
core   0: 3 0x80009eba (0x00efb933) x18 0x00000001
core   0: 0x80009ebe (0x000082a9) c.srli  a3, 10
core   0: 3 0x80009ebe (0x82a9) x13 0x00000000
core   0: 0x80009ec0 (0x01499763) bne     s3, s4, pc + 14
core   0: 3 0x80009ec0 (0x01499763)
core   0: 0x80009ece (0x00008d69) c.and   a0, a0
core   0: 3 0x80009ece (0x8d69) x10 0x00000001
core   0: 0x80009ed0 (0x0000e28d) c.bnez  a3, pc + 34
core   0: 3 0x80009ed0 (0xe28d)
core   0: 0x80009ed2 (0x03bb6733) rem     a4, s6, s11
core   0: 3 0x80009ed2 (0x03bb6733) x14 0x00000000
core   0: 0x80009ed6 (0x00f8fe33) and     t3, a7, a5
core   0: 3 0x80009ed6 (0x00f8fe33) x28 0x00000000
core   0: 0x80009eda (0x03529e63) bne     t0, s5, pc + 60
core   0: 3 0x80009eda (0x03529e63)
core   0: 0x80009f16 (0xfef62e13) slti    t3, a2, -17
core   0: 3 0x80009f16 (0xfef62e13) x28 0x00000000
core   0: 0x80009f1a (0x0ff0000f) fence   iorw,iorw
core   0: 3 0x80009f1a (0x0ff0000f)
core   0: 0x80009f1e (0x0018c8b3) xor     a7, a7, ra
core   0: 3 0x80009f1e (0x0018c8b3) x17 0x00000000
core   0: 0x80009f22 (0x00008d5d) c.or    a0, a5
core   0: 3 0x80009f22 (0x8d5d) x10 0x80000001
core   0: 0x80009f24 (0x001456b3) srl     a3, s0, ra
core   0: 3 0x80009f24 (0x001456b3) x13 0x00000000
core   0: 0x80009f28 (0x00008b39) c.andi  a4, 14
core   0: 3 0x80009f28 (0x8b39) x14 0x00000000
core   0: 0x80009f2a (0x035e06b3) mul     a3, t3, s5
core   0: 3 0x80009f2a (0x035e06b3) x13 0x00000000
core   0: 0x80009f2e (0x00008d41) c.or    a0, s0
core   0: 3 0x80009f2e (0x8d41) x10 0x80000001
core   0: 0x80009f30 (0x03c16663) bltu    sp, t3, pc + 44
core   0: 3 0x80009f30 (0x03c16663)
core   0: 0x80009f34 (0x00008472) c.mv    s0, t3
core   0: 3 0x80009f34 (0x8472) x 8 0x00000000
core   0: 0x80009f36 (0x00005ffd) c.li    t6, -1
core   0: 3 0x80009f36 (0x5ffd) x31 0xffffffff
core   0: 0x80009f38 (0x00008de1) c.and   a1, s0
core   0: 3 0x80009f38 (0x8de1) x11 0x00000000
core   0: 0x80009f3a (0x00f193b3) sll     t2, gp, a5
core   0: 3 0x80009f3a (0x00f193b3) x 7 0x00000000
core   0: 0x80009f3e (0x03d7c833) div     a6, a5, t4
core   0: 3 0x80009f3e (0x03d7c833) x16 0x009d89d8
core   0: 0x80009f42 (0x3f95a1b7) lui     gp, 0x3f95a
core   0: 3 0x80009f42 (0x3f95a1b7) x 3 0x3f95a000
core   0: 0x80009f46 (0x0000ea85) c.bnez  a3, pc + 48
core   0: 3 0x80009f46 (0xea85)
core   0: 0x80009f48 (0x00009162) c.add   sp, s8
core   0: 3 0x80009f48 (0x9162) x 2 0x00200095
core   0: 0x80009f4a (0x00008a6e) c.mv    s4, s11
core   0: 3 0x80009f4a (0x8a6e) x20 0x00000000
core   0: 0x80009f4c (0x717cf393) andi    t2, s9, 1815
core   0: 3 0x80009f4c (0x717cf393) x 7 0x00000717
core   0: 0x80009f50 (0x03455f33) divu    t5, a0, s4
core   0: 3 0x80009f50 (0x03455f33) x30 0xffffffff
core   0: 0x80009f54 (0x01bee263) bltu    t4, s11, pc + 4
core   0: 3 0x80009f54 (0x01bee263)
core   0: 0x80009f58 (0x00605333) srl     t1, zero, t1
core   0: 3 0x80009f58 (0x00605333) x 6 0x00000000
core   0: 0x80009f5c (0x000da833) slt     a6, s11, zero
core   0: 3 0x80009f5c (0x000da833) x16 0x00000000
core   0: 0x80009f60 (0x02973533) mulhu   a0, a4, s1
core   0: 3 0x80009f60 (0x02973533) x10 0x00000000
core   0: 0x80009f64 (0x019ffb63) bgeu    t6, s9, pc + 22
core   0: 3 0x80009f64 (0x019ffb63)
core   0: 0x80009f7a (0x00c5edb3) or      s11, a1, a2
core   0: 3 0x80009f7a (0x00c5edb3) x27 0xffffffff
core   0: 0x80009f7e (0x02c07e33) remu    t3, zero, a2
core   0: 3 0x80009f7e (0x02c07e33) x28 0x00000000
core   0: 0x80009f82 (0x5fe3af93) slti    t6, t2, 1534
core   0: 3 0x80009f82 (0x5fe3af93) x31 0x00000000
core   0: 0x80009f86 (0xaac56313) ori     t1, a0, -1364
core   0: 3 0x80009f86 (0xaac56313) x 6 0xfffffaac
core   0: 0x80009f8a (0x0000854a) c.mv    a0, s2
core   0: 3 0x80009f8a (0x854a) x10 0x00000001
core   0: 0x80009f8c (0x01347933) and     s2, s0, s3
core   0: 3 0x80009f8c (0x01347933) x18 0x00000000
core   0: 0x80009f90 (0x0ff0000f) fence   iorw,iorw
core   0: 3 0x80009f90 (0x0ff0000f)
core   0: 0x80009f94 (0x7f6ea413) slti    s0, t4, 2038
core   0: 3 0x80009f94 (0x7f6ea413) x 8 0x00000001
core   0: 0x80009f98 (0x03f0afb3) mulhsu  t6, ra, t6
core   0: 3 0x80009f98 (0x03f0afb3) x31 0x00000000
core   0: 0x80009f9c (0x53a28f93) addi    t6, t0, 1338
core   0: 3 0x80009f9c (0x53a28f93) x31 0x0000053b
core   0: 0x80009fa0 (0xc5554613) xori    a2, a0, -939
core   0: 3 0x80009fa0 (0xc5554613) x12 0xfffffc54
core   0: 0x80009fa4 (0x00700b13) li      s6, 7
core   0: 3 0x80009fa4 (0x00700b13) x22 0x00000007
core   0: 0x80009fa8 (0x000099fd) c.andi  a1, -1
core   0: 3 0x80009fa8 (0x99fd) x11 0x00000000
core   0: 0x80009faa (0x00000f51) c.addi  t5, 20
core   0: 3 0x80009faa (0x0f51) x30 0x00000013
core   0: 0x80009fac (0x3e6d1d97) auipc   s11, 0x3e6d1
core   0: 3 0x80009fac (0x3e6d1d97) x27 0xbe6dafac
core   0: 0x80009fb0 (0x00001afd) c.addi  s5, -1
core   0: 3 0x80009fb0 (0x1afd) x21 0xfffffa56
core   0: 0x80009fb2 (0x00008e75) c.and   a2, a3
core   0: 3 0x80009fb2 (0x8e75) x12 0x00000000
core   0: 0x80009fb4 (0x00008751) c.srai  a4, 20
core   0: 3 0x80009fb4 (0x8751) x14 0x00000000
core   0: 0x80009fb6 (0x0000037e) c.slli  t1, 31
core   0: 3 0x80009fb6 (0x037e) x 6 0x00000000
core   0: 0x80009fb8 (0x74a6ee13) ori     t3, a3, 1866
core   0: 3 0x80009fb8 (0x74a6ee13) x28 0x0000074a
core   0: 0x80009fbc (0xff100a13) li      s4, -15
core   0: 3 0x80009fbc (0xff100a13) x20 0xfffffff1
core   0: 0x80009fc0 (0x0ccf2993) slti    s3, t5, 204
core   0: 3 0x80009fc0 (0x0ccf2993) x19 0x00000001
core   0: 0x80009fc4 (0x0390a833) mulhsu  a6, ra, s9
core   0: 3 0x80009fc4 (0x0390a833) x16 0x00000000
core   0: 0x80009fc8 (0x03134fb3) div     t6, t1, a7
core   0: 3 0x80009fc8 (0x03134fb3) x31 0xffffffff
core   0: 0x80009fcc (0x000099fd) c.andi  a1, -1
core   0: 3 0x80009fcc (0x99fd) x11 0x00000000
core   0: 0x80009fce (0x03370233) mul     tp, a4, s3
core   0: 3 0x80009fce (0x03370233) x 4 0x00000000
core   0: 0x80009fd2 (0x00001b75) c.addi  s6, -3
core   0: 3 0x80009fd2 (0x1b75) x22 0x00000004
core   0: 0x80009fd4 (0xead7be93) sltiu   t4, a5, -339
core   0: 3 0x80009fd4 (0xead7be93) x29 0x00000001
core   0: 0x80009fd8 (0x000082cd) c.srli  a3, 19
core   0: 3 0x80009fd8 (0x82cd) x13 0x00000000
core   0: 0x80009fda (0x01d926b3) slt     a3, s2, t4
core   0: 3 0x80009fda (0x01d926b3) x13 0x00000001
core   0: 0x80009fde (0x021065b3) rem     a1, zero, ra
core   0: 3 0x80009fde (0x021065b3) x11 0x00000000
core   0: 0x80009fe2 (0x01726ab3) or      s5, tp, s7
core   0: 3 0x80009fe2 (0x01726ab3) x21 0x80021e3c
core   0: 0x80009fe6 (0x000088b2) c.mv    a7, a2
core   0: 3 0x80009fe6 (0x88b2) x17 0x00000000
core   0: 0x80009fe8 (0xe63c1d37) lui     s10, 0xe63c1
core   0: 3 0x80009fe8 (0xe63c1d37) x26 0xe63c1000
core   0: 0x80009fec (0x00000001) c.nop
core   0: 3 0x80009fec (0x0001)
core   0: 0x80009fee (0x00008149) c.srli  a0, 18
core   0: 3 0x80009fee (0x8149) x10 0x00000000
core   0: 0x80009ff0 (0x00000001) c.nop
core   0: 3 0x80009ff0 (0x0001)
core   0: 0x80009ff2 (0xfd4b5ee3) bge     s6, s4, pc - 36
core   0: 3 0x80009ff2 (0xfd4b5ee3)
core   0: 0x80009fce (0x03370233) mul     tp, a4, s3
core   0: 3 0x80009fce (0x03370233) x 4 0x00000000
core   0: 0x80009fd2 (0x00001b75) c.addi  s6, -3
core   0: 3 0x80009fd2 (0x1b75) x22 0x00000001
core   0: 0x80009fd4 (0xead7be93) sltiu   t4, a5, -339
core   0: 3 0x80009fd4 (0xead7be93) x29 0x00000001
core   0: 0x80009fd8 (0x000082cd) c.srli  a3, 19
core   0: 3 0x80009fd8 (0x82cd) x13 0x00000000
core   0: 0x80009fda (0x01d926b3) slt     a3, s2, t4
core   0: 3 0x80009fda (0x01d926b3) x13 0x00000001
core   0: 0x80009fde (0x021065b3) rem     a1, zero, ra
core   0: 3 0x80009fde (0x021065b3) x11 0x00000000
core   0: 0x80009fe2 (0x01726ab3) or      s5, tp, s7
core   0: 3 0x80009fe2 (0x01726ab3) x21 0x80021e3c
core   0: 0x80009fe6 (0x000088b2) c.mv    a7, a2
core   0: 3 0x80009fe6 (0x88b2) x17 0x00000000
core   0: 0x80009fe8 (0xe63c1d37) lui     s10, 0xe63c1
core   0: 3 0x80009fe8 (0xe63c1d37) x26 0xe63c1000
core   0: 0x80009fec (0x00000001) c.nop
core   0: 3 0x80009fec (0x0001)
core   0: 0x80009fee (0x00008149) c.srli  a0, 18
core   0: 3 0x80009fee (0x8149) x10 0x00000000
core   0: 0x80009ff0 (0x00000001) c.nop
core   0: 3 0x80009ff0 (0x0001)
core   0: 0x80009ff2 (0xfd4b5ee3) bge     s6, s4, pc - 36
core   0: 3 0x80009ff2 (0xfd4b5ee3)
core   0: 0x80009fce (0x03370233) mul     tp, a4, s3
core   0: 3 0x80009fce (0x03370233) x 4 0x00000000
core   0: 0x80009fd2 (0x00001b75) c.addi  s6, -3
core   0: 3 0x80009fd2 (0x1b75) x22 0xfffffffe
core   0: 0x80009fd4 (0xead7be93) sltiu   t4, a5, -339
core   0: 3 0x80009fd4 (0xead7be93) x29 0x00000001
core   0: 0x80009fd8 (0x000082cd) c.srli  a3, 19
core   0: 3 0x80009fd8 (0x82cd) x13 0x00000000
core   0: 0x80009fda (0x01d926b3) slt     a3, s2, t4
core   0: 3 0x80009fda (0x01d926b3) x13 0x00000001
core   0: 0x80009fde (0x021065b3) rem     a1, zero, ra
core   0: 3 0x80009fde (0x021065b3) x11 0x00000000
core   0: 0x80009fe2 (0x01726ab3) or      s5, tp, s7
core   0: 3 0x80009fe2 (0x01726ab3) x21 0x80021e3c
core   0: 0x80009fe6 (0x000088b2) c.mv    a7, a2
core   0: 3 0x80009fe6 (0x88b2) x17 0x00000000
core   0: 0x80009fe8 (0xe63c1d37) lui     s10, 0xe63c1
core   0: 3 0x80009fe8 (0xe63c1d37) x26 0xe63c1000
core   0: 0x80009fec (0x00000001) c.nop
core   0: 3 0x80009fec (0x0001)
core   0: 0x80009fee (0x00008149) c.srli  a0, 18
core   0: 3 0x80009fee (0x8149) x10 0x00000000
core   0: 0x80009ff0 (0x00000001) c.nop
core   0: 3 0x80009ff0 (0x0001)
core   0: 0x80009ff2 (0xfd4b5ee3) bge     s6, s4, pc - 36
core   0: 3 0x80009ff2 (0xfd4b5ee3)
core   0: 0x80009fce (0x03370233) mul     tp, a4, s3
core   0: 3 0x80009fce (0x03370233) x 4 0x00000000
core   0: 0x80009fd2 (0x00001b75) c.addi  s6, -3
core   0: 3 0x80009fd2 (0x1b75) x22 0xfffffffb
core   0: 0x80009fd4 (0xead7be93) sltiu   t4, a5, -339
core   0: 3 0x80009fd4 (0xead7be93) x29 0x00000001
core   0: 0x80009fd8 (0x000082cd) c.srli  a3, 19
core   0: 3 0x80009fd8 (0x82cd) x13 0x00000000
core   0: 0x80009fda (0x01d926b3) slt     a3, s2, t4
core   0: 3 0x80009fda (0x01d926b3) x13 0x00000001
core   0: 0x80009fde (0x021065b3) rem     a1, zero, ra
core   0: 3 0x80009fde (0x021065b3) x11 0x00000000
core   0: 0x80009fe2 (0x01726ab3) or      s5, tp, s7
core   0: 3 0x80009fe2 (0x01726ab3) x21 0x80021e3c
core   0: 0x80009fe6 (0x000088b2) c.mv    a7, a2
core   0: 3 0x80009fe6 (0x88b2) x17 0x00000000
core   0: 0x80009fe8 (0xe63c1d37) lui     s10, 0xe63c1
core   0: 3 0x80009fe8 (0xe63c1d37) x26 0xe63c1000
core   0: 0x80009fec (0x00000001) c.nop
core   0: 3 0x80009fec (0x0001)
core   0: 0x80009fee (0x00008149) c.srli  a0, 18
core   0: 3 0x80009fee (0x8149) x10 0x00000000
core   0: 0x80009ff0 (0x00000001) c.nop
core   0: 3 0x80009ff0 (0x0001)
core   0: 0x80009ff2 (0xfd4b5ee3) bge     s6, s4, pc - 36
core   0: 3 0x80009ff2 (0xfd4b5ee3)
core   0: 0x80009fce (0x03370233) mul     tp, a4, s3
core   0: 3 0x80009fce (0x03370233) x 4 0x00000000
core   0: 0x80009fd2 (0x00001b75) c.addi  s6, -3
core   0: 3 0x80009fd2 (0x1b75) x22 0xfffffff8
core   0: 0x80009fd4 (0xead7be93) sltiu   t4, a5, -339
core   0: 3 0x80009fd4 (0xead7be93) x29 0x00000001
core   0: 0x80009fd8 (0x000082cd) c.srli  a3, 19
core   0: 3 0x80009fd8 (0x82cd) x13 0x00000000
core   0: 0x80009fda (0x01d926b3) slt     a3, s2, t4
core   0: 3 0x80009fda (0x01d926b3) x13 0x00000001
core   0: 0x80009fde (0x021065b3) rem     a1, zero, ra
core   0: 3 0x80009fde (0x021065b3) x11 0x00000000
core   0: 0x80009fe2 (0x01726ab3) or      s5, tp, s7
core   0: 3 0x80009fe2 (0x01726ab3) x21 0x80021e3c
core   0: 0x80009fe6 (0x000088b2) c.mv    a7, a2
core   0: 3 0x80009fe6 (0x88b2) x17 0x00000000
core   0: 0x80009fe8 (0xe63c1d37) lui     s10, 0xe63c1
core   0: 3 0x80009fe8 (0xe63c1d37) x26 0xe63c1000
core   0: 0x80009fec (0x00000001) c.nop
core   0: 3 0x80009fec (0x0001)
core   0: 0x80009fee (0x00008149) c.srli  a0, 18
core   0: 3 0x80009fee (0x8149) x10 0x00000000
core   0: 0x80009ff0 (0x00000001) c.nop
core   0: 3 0x80009ff0 (0x0001)
core   0: 0x80009ff2 (0xfd4b5ee3) bge     s6, s4, pc - 36
core   0: 3 0x80009ff2 (0xfd4b5ee3)
core   0: 0x80009fce (0x03370233) mul     tp, a4, s3
core   0: 3 0x80009fce (0x03370233) x 4 0x00000000
core   0: 0x80009fd2 (0x00001b75) c.addi  s6, -3
core   0: 3 0x80009fd2 (0x1b75) x22 0xfffffff5
core   0: 0x80009fd4 (0xead7be93) sltiu   t4, a5, -339
core   0: 3 0x80009fd4 (0xead7be93) x29 0x00000001
core   0: 0x80009fd8 (0x000082cd) c.srli  a3, 19
core   0: 3 0x80009fd8 (0x82cd) x13 0x00000000
core   0: 0x80009fda (0x01d926b3) slt     a3, s2, t4
core   0: 3 0x80009fda (0x01d926b3) x13 0x00000001
core   0: 0x80009fde (0x021065b3) rem     a1, zero, ra
core   0: 3 0x80009fde (0x021065b3) x11 0x00000000
core   0: 0x80009fe2 (0x01726ab3) or      s5, tp, s7
core   0: 3 0x80009fe2 (0x01726ab3) x21 0x80021e3c
core   0: 0x80009fe6 (0x000088b2) c.mv    a7, a2
core   0: 3 0x80009fe6 (0x88b2) x17 0x00000000
core   0: 0x80009fe8 (0xe63c1d37) lui     s10, 0xe63c1
core   0: 3 0x80009fe8 (0xe63c1d37) x26 0xe63c1000
core   0: 0x80009fec (0x00000001) c.nop
core   0: 3 0x80009fec (0x0001)
core   0: 0x80009fee (0x00008149) c.srli  a0, 18
core   0: 3 0x80009fee (0x8149) x10 0x00000000
core   0: 0x80009ff0 (0x00000001) c.nop
core   0: 3 0x80009ff0 (0x0001)
core   0: 0x80009ff2 (0xfd4b5ee3) bge     s6, s4, pc - 36
core   0: 3 0x80009ff2 (0xfd4b5ee3)
core   0: 0x80009fce (0x03370233) mul     tp, a4, s3
core   0: 3 0x80009fce (0x03370233) x 4 0x00000000
core   0: 0x80009fd2 (0x00001b75) c.addi  s6, -3
core   0: 3 0x80009fd2 (0x1b75) x22 0xfffffff2
core   0: 0x80009fd4 (0xead7be93) sltiu   t4, a5, -339
core   0: 3 0x80009fd4 (0xead7be93) x29 0x00000001
core   0: 0x80009fd8 (0x000082cd) c.srli  a3, 19
core   0: 3 0x80009fd8 (0x82cd) x13 0x00000000
core   0: 0x80009fda (0x01d926b3) slt     a3, s2, t4
core   0: 3 0x80009fda (0x01d926b3) x13 0x00000001
core   0: 0x80009fde (0x021065b3) rem     a1, zero, ra
core   0: 3 0x80009fde (0x021065b3) x11 0x00000000
core   0: 0x80009fe2 (0x01726ab3) or      s5, tp, s7
core   0: 3 0x80009fe2 (0x01726ab3) x21 0x80021e3c
core   0: 0x80009fe6 (0x000088b2) c.mv    a7, a2
core   0: 3 0x80009fe6 (0x88b2) x17 0x00000000
core   0: 0x80009fe8 (0xe63c1d37) lui     s10, 0xe63c1
core   0: 3 0x80009fe8 (0xe63c1d37) x26 0xe63c1000
core   0: 0x80009fec (0x00000001) c.nop
core   0: 3 0x80009fec (0x0001)
core   0: 0x80009fee (0x00008149) c.srli  a0, 18
core   0: 3 0x80009fee (0x8149) x10 0x00000000
core   0: 0x80009ff0 (0x00000001) c.nop
core   0: 3 0x80009ff0 (0x0001)
core   0: 0x80009ff2 (0xfd4b5ee3) bge     s6, s4, pc - 36
core   0: 3 0x80009ff2 (0xfd4b5ee3)
core   0: 0x80009fce (0x03370233) mul     tp, a4, s3
core   0: 3 0x80009fce (0x03370233) x 4 0x00000000
core   0: 0x80009fd2 (0x00001b75) c.addi  s6, -3
core   0: 3 0x80009fd2 (0x1b75) x22 0xffffffef
core   0: 0x80009fd4 (0xead7be93) sltiu   t4, a5, -339
core   0: 3 0x80009fd4 (0xead7be93) x29 0x00000001
core   0: 0x80009fd8 (0x000082cd) c.srli  a3, 19
core   0: 3 0x80009fd8 (0x82cd) x13 0x00000000
core   0: 0x80009fda (0x01d926b3) slt     a3, s2, t4
core   0: 3 0x80009fda (0x01d926b3) x13 0x00000001
core   0: 0x80009fde (0x021065b3) rem     a1, zero, ra
core   0: 3 0x80009fde (0x021065b3) x11 0x00000000
core   0: 0x80009fe2 (0x01726ab3) or      s5, tp, s7
core   0: 3 0x80009fe2 (0x01726ab3) x21 0x80021e3c
core   0: 0x80009fe6 (0x000088b2) c.mv    a7, a2
core   0: 3 0x80009fe6 (0x88b2) x17 0x00000000
core   0: 0x80009fe8 (0xe63c1d37) lui     s10, 0xe63c1
core   0: 3 0x80009fe8 (0xe63c1d37) x26 0xe63c1000
core   0: 0x80009fec (0x00000001) c.nop
core   0: 3 0x80009fec (0x0001)
core   0: 0x80009fee (0x00008149) c.srli  a0, 18
core   0: 3 0x80009fee (0x8149) x10 0x00000000
core   0: 0x80009ff0 (0x00000001) c.nop
core   0: 3 0x80009ff0 (0x0001)
core   0: 0x80009ff2 (0xfd4b5ee3) bge     s6, s4, pc - 36
core   0: 3 0x80009ff2 (0xfd4b5ee3)
core   0: 0x80009ff6 (0x00001d7d) c.addi  s10, -1
core   0: 3 0x80009ff6 (0x1d7d) x26 0xe63c0fff
core   0: 0x80009ff8 (0x023d79b3) remu    s3, s10, gp
core   0: 3 0x80009ff8 (0x023d79b3) x19 0x277b2fff
core   0: 0x80009ffc (0x026f3833) mulhu   a6, t5, t1
core   0: 3 0x80009ffc (0x026f3833) x16 0x00000000
core   0: 0x8000a000 (0x0181a433) slt     s0, gp, s8
core   0: 3 0x8000a000 (0x0181a433) x 8 0x00000000
core   0: 0x8000a004 (0x0000ea89) c.bnez  a3, pc + 18
core   0: 3 0x8000a004 (0xea89)
core   0: 0x8000a016 (0x0000100f) fence.i
core   0: 3 0x8000a016 (0x0000100f)
core   0: 0x8000a01a (0x40f35cb3) sra     s9, t1, a5
core   0: 3 0x8000a01a (0x40f35cb3) x25 0x00000000
core   0: 0x8000a01e (0x0352b233) mulhu   tp, t0, s5
core   0: 3 0x8000a01e (0x0352b233) x 4 0x00000000
core   0: 0x8000a022 (0x41cb53b3) sra     t2, s6, t3
core   0: 3 0x8000a022 (0x41cb53b3) x 7 0xffffffff
core   0: 0x8000a026 (0x40ecd233) sra     tp, s9, a4
core   0: 3 0x8000a026 (0x40ecd233) x 4 0x00000000
core   0: 0x8000a02a (0x036b9c63) bne     s7, s6, pc + 56
core   0: 3 0x8000a02a (0x036b9c63)
core   0: 0x8000a062 (0x00008d25) c.xor   a0, s1
core   0: 3 0x8000a062 (0x8d25) x10 0x80025ce4
core   0: 0x8000a064 (0x0000851d) c.srai  a0, 7
core   0: 3 0x8000a064 (0x851d) x10 0xff0004b9
core   0: 0x8000a066 (0x00ce4133) xor     sp, t3, a2
core   0: 3 0x8000a066 (0x00ce4133) x 2 0x0000074a
core   0: 0x8000a06a (0x00000001) c.nop
core   0: 3 0x8000a06a (0x0001)
core   0: 0x8000a06c (0xd63f2693) slti    a3, t5, -669
core   0: 3 0x8000a06c (0xd63f2693) x13 0x00000000
core   0: 0x8000a070 (0x00005efd) c.li    t4, -1
core   0: 3 0x8000a070 (0x5efd) x29 0xffffffff
core   0: 0x8000a072 (0x008196b3) sll     a3, gp, s0
core   0: 3 0x8000a072 (0x008196b3) x13 0x3f95a000
core   0: 0x8000a076 (0x0000517d) c.li    sp, -1
core   0: 3 0x8000a076 (0x517d) x 2 0xffffffff
core   0: 0x8000a078 (0x0000987d) c.andi  s0, -1
core   0: 3 0x8000a078 (0x987d) x 8 0x00000000
core   0: 0x8000a07a (0x00006afd) c.lui   s5, 0x1f
core   0: 3 0x8000a07a (0x6afd) x21 0x0001f000
core   0: 0x8000a07c (0x03ddd5b3) divu    a1, s11, t4
core   0: 3 0x8000a07c (0x03ddd5b3) x11 0x00000000
core   0: 0x8000a080 (0x03ddbc33) mulhu   s8, s11, t4
core   0: 3 0x8000a080 (0x03ddbc33) x24 0xbe6dafab
core   0: 0x8000a084 (0x6c3deb13) ori     s6, s11, 1731
core   0: 3 0x8000a084 (0x6c3deb13) x22 0xbe6dafef
core   0: 0x8000a088 (0x00008249) c.srli  a2, 18
core   0: 3 0x8000a088 (0x8249) x12 0x00000000
core   0: 0x8000a08a (0x41ddd0b3) sra     ra, s11, t4
core   0: 3 0x8000a08a (0x41ddd0b3) x 1 0xffffffff
core   0: 0x8000a08e (0x0200d9b3) divu    s3, ra, zero
core   0: 3 0x8000a08e (0x0200d9b3) x19 0xffffffff
core   0: 0x8000a092 (0x00008c6d) c.and   s0, a1
core   0: 3 0x8000a092 (0x8c6d) x 8 0x00000000
core   0: 0x8000a094 (0x00000001) c.nop
core   0: 3 0x8000a094 (0x0001)
core   0: 0x8000a096 (0x032f4db3) div     s11, t5, s2
core   0: 3 0x8000a096 (0x032f4db3) x27 0xffffffff
core   0: 0x8000a09a (0x0000177d) c.addi  a4, -1
core   0: 3 0x8000a09a (0x177d) x14 0xffffffff
core   0: 0x8000a09c (0x0000100f) fence.i
core   0: 3 0x8000a09c (0x0000100f)
core   0: 0x8000a0a0 (0xafc38db7) lui     s11, 0xafc38
core   0: 3 0x8000a0a0 (0xafc38db7) x27 0xafc38000
core   0: 0x8000a0a4 (0x00bffa63) bgeu    t6, a1, pc + 20
core   0: 3 0x8000a0a4 (0x00bffa63)
core   0: 0x8000a0b8 (0x01d70433) add     s0, a4, t4
core   0: 3 0x8000a0b8 (0x01d70433) x 8 0xfffffffe
core   0: 0x8000a0bc (0x04232e93) slti    t4, t1, 66
core   0: 3 0x8000a0bc (0x04232e93) x29 0x00000001
core   0: 0x8000a0c0 (0x0000c901) c.beqz  a0, pc + 16
core   0: 3 0x8000a0c0 (0xc901)
core   0: 0x8000a0c2 (0x41695733) sra     a4, s2, s6
core   0: 3 0x8000a0c2 (0x41695733) x14 0x00000000
core   0: 0x8000a0c6 (0x00000794) c.addi4spn a3, sp, 960
core   0: 3 0x8000a0c6 (0x0794) x13 0x000003bf
core   0: 0x8000a0c8 (0x0000cb39) c.beqz  a4, pc + 86
core   0: 3 0x8000a0c8 (0xcb39)
core   0: 0x8000a11e (0x0000100f) fence.i
core   0: 3 0x8000a11e (0x0000100f)
core   0: 0x8000a122 (0x03413533) mulhu   a0, sp, s4
core   0: 3 0x8000a122 (0x03413533) x10 0xfffffff0
core   0: 0x8000a126 (0x0000c29d) c.beqz  a3, pc + 38
core   0: 3 0x8000a126 (0xc29d)
core   0: 0x8000a128 (0x034ef933) remu    s2, t4, s4
core   0: 3 0x8000a128 (0x034ef933) x18 0x00000001
core   0: 0x8000a12c (0x00273533) sltu    a0, a4, sp
core   0: 3 0x8000a12c (0x00273533) x10 0x00000001
core   0: 0x8000a130 (0x00001e90) c.addi4spn a2, sp, 880
core   0: 3 0x8000a130 (0x1e90) x12 0x0000036f
core   0: 0x8000a132 (0x05971063) bne     a4, s9, pc + 64
core   0: 3 0x8000a132 (0x05971063)
core   0: 0x8000a136 (0x029e93b3) mulh    t2, t4, s1
core   0: 3 0x8000a136 (0x029e93b3) x 7 0xffffffff
core   0: 0x8000a13a (0x00af4033) xor     zero, t5, a0
core   0: 3 0x8000a13a (0x00af4033)
core   0: 0x8000a13e (0x0076a5b3) slt     a1, a3, t2
core   0: 3 0x8000a13e (0x0076a5b3) x11 0x00000000
core   0: 0x8000a142 (0x00008309) c.srli  a4, 2
core   0: 3 0x8000a142 (0x8309) x14 0x00000000
core   0: 0x8000a144 (0x0ff0000f) fence   iorw,iorw
core   0: 3 0x8000a144 (0x0ff0000f)
core   0: 0x8000a148 (0x93f10713) addi    a4, sp, -1729
core   0: 3 0x8000a148 (0x93f10713) x14 0xfffff93e
core   0: 0x8000a14c (0xe9128893) addi    a7, t0, -367
core   0: 3 0x8000a14c (0xe9128893) x17 0xfffffe92
core   0: 0x8000a150 (0x40e88033) sub     zero, a7, a4
core   0: 3 0x8000a150 (0x40e88033)
core   0: 0x8000a154 (0x00001e0c) c.addi4spn a1, sp, 816
core   0: 3 0x8000a154 (0x1e0c) x11 0x0000032f
core   0: 0x8000a156 (0x01138c33) add     s8, t2, a7
core   0: 3 0x8000a156 (0x01138c33) x24 0xfffffe91
core   0: 0x8000a15a (0x01879933) sll     s2, a5, s8
core   0: 3 0x8000a15a (0x01879933) x18 0x00000000
core   0: 0x8000a15e (0x01d88263) beq     a7, t4, pc + 4
core   0: 3 0x8000a15e (0x01d88263)
core   0: 0x8000a162 (0x00008e7d) c.and   a2, a5
core   0: 3 0x8000a162 (0x8e7d) x12 0x00000000
core   0: 0x8000a164 (0x037c2eb3) mulhsu  t4, s8, s7
core   0: 3 0x8000a164 (0x037c2eb3) x29 0xffffff48
core   0: 0x8000a168 (0x03b7f633) remu    a2, a5, s11
core   0: 3 0x8000a168 (0x03b7f633) x12 0x80000000
core   0: 0x8000a16c (0x019b0533) add     a0, s6, s9
core   0: 3 0x8000a16c (0x019b0533) x10 0xbe6dafef
core   0: 0x8000a170 (0x00000356) c.slli  t1, 21
core   0: 3 0x8000a170 (0x0356) x 6 0x00000000
core   0: 0x8000a172 (0x63e70e93) addi    t4, a4, 1598
core   0: 3 0x8000a172 (0x63e70e93) x29 0xffffff7c
core   0: 0x8000a176 (0x03556433) rem     s0, a0, s5
core   0: 3 0x8000a176 (0x03556433) x 8 0xfffe3fef
core   0: 0x8000a17a (0x00000001) c.nop
core   0: 3 0x8000a17a (0x0001)
core   0: 0x8000a17c (0x037ccab3) div     s5, s9, s7
core   0: 3 0x8000a17c (0x037ccab3) x21 0x00000000
core   0: 0x8000a180 (0x00006c91) c.lui   s9, 0x4
core   0: 3 0x8000a180 (0x6c91) x25 0x00004000
core   0: 0x8000a182 (0x0000100f) fence.i
core   0: 3 0x8000a182 (0x0000100f)
core   0: 0x8000a186 (0x00009b7d) c.andi  a4, -1
core   0: 3 0x8000a186 (0x9b7d) x14 0xfffff93e
core   0: 0x8000a188 (0x00009afd) c.andi  a3, -1
core   0: 3 0x8000a188 (0x9afd) x13 0x000003bf
core   0: 0x8000a18a (0x012ffeb3) and     t4, t6, s2
core   0: 3 0x8000a18a (0x012ffeb3) x29 0x00000000
core   0: 0x8000a18e (0x0000100f) fence.i
core   0: 3 0x8000a18e (0x0000100f)
core   0: 0x8000a192 (0xcfee6913) ori     s2, t3, -770
core   0: 3 0x8000a192 (0xcfee6913) x18 0xfffffffe
core   0: 0x8000a196 (0x0035d233) srl     tp, a1, gp
core   0: 3 0x8000a196 (0x0035d233) x 4 0x0000032f
core   0: 0x8000a19a (0x006689b3) add     s3, a3, t1
core   0: 3 0x8000a19a (0x006689b3) x19 0x000003bf
core   0: 0x8000a19e (0xe541f613) andi    a2, gp, -428
core   0: 3 0x8000a19e (0xe541f613) x12 0x3f95a000
core   0: 0x8000a1a2 (0x418d50b3) sra     ra, s10, s8
core   0: 3 0x8000a1a2 (0x418d50b3) x 1 0xfffff31e
core   0: 0x8000a1a6 (0x016bcd33) xor     s10, s7, s6
core   0: 3 0x8000a1a6 (0x016bcd33) x26 0x3e6fb1d3
core   0: 0x8000a1aa (0x03d54c63) blt     a0, t4, pc + 56
core   0: 3 0x8000a1aa (0x03d54c63)
core   0: 0x8000a1e2 (0x000011fd) c.addi  gp, -1
core   0: 3 0x8000a1e2 (0x11fd) x 3 0x3f959fff
core   0: 0x8000a1e4 (0x0000e981) c.bnez  a1, pc + 16
core   0: 3 0x8000a1e4 (0xe981)
core   0: 0x8000a1f4 (0x00008d2d) c.xor   a0, a1
core   0: 3 0x8000a1f4 (0x8d2d) x10 0xbe6dacc0
core   0: 0x8000a1f6 (0x00008ef2) c.mv    t4, t3
core   0: 3 0x8000a1f6 (0x8ef2) x29 0x0000074a
core   0: 0x8000a1f8 (0x0000613d) c.addi16sp sp, 480
core   0: 3 0x8000a1f8 (0x613d) x 2 0x000001df
core   0: 0x8000a1fa (0x0000ee91) c.bnez  a3, pc + 28
core   0: 3 0x8000a1fa (0xee91)
core   0: 0x8000a216 (0x12348a93) addi    s5, s1, 291
core   0: 3 0x8000a216 (0x12348a93) x21 0x80025e07
core   0: 0x8000a21a (0x42368117) auipc   sp, 0x42368
core   0: 3 0x8000a21a (0x42368117) x 2 0xc237221a
core   0: 0x8000a21e (0x02688533) mul     a0, a7, t1
core   0: 3 0x8000a21e (0x02688533) x10 0x00000000
core   0: 0x8000a222 (0x0347a233) mulhsu  tp, a5, s4
core   0: 3 0x8000a222 (0x0347a233) x 4 0x80000007
core   0: 0x8000a226 (0x407c5833) sra     a6, s8, t2
core   0: 3 0x8000a226 (0x407c5833) x16 0xffffffff
core   0: 0x8000a22a (0x032c8663) beq     s9, s2, pc + 44
core   0: 3 0x8000a22a (0x032c8663)
core   0: 0x8000a22e (0x016a35b3) sltu    a1, s4, s6
core   0: 3 0x8000a22e (0x016a35b3) x11 0x00000000
core   0: 0x8000a232 (0xd390af13) slti    t5, ra, -711
core   0: 3 0x8000a232 (0xd390af13) x30 0x00000001
core   0: 0x8000a236 (0x01215d33) srl     s10, sp, s2
core   0: 3 0x8000a236 (0x01215d33) x26 0x00000003
core   0: 0x8000a23a (0x0000c681) c.beqz  a3, pc + 8
core   0: 3 0x8000a23a (0xc681)
core   0: 0x8000a23c (0x41688633) sub     a2, a7, s6
core   0: 3 0x8000a23c (0x41688633) x12 0x41924ea3
core   0: 0x8000a240 (0x000085c1) c.srai  a1, 16
core   0: 3 0x8000a240 (0x85c1) x11 0x00000000
core   0: 0x8000a242 (0x01939e93) slli    t4, t2, 25
core   0: 3 0x8000a242 (0x01939e93) x29 0xfe000000
core   0: 0x8000a246 (0x01251b33) sll     s6, a0, s2
core   0: 3 0x8000a246 (0x01251b33) x22 0x00000000
core   0: 0x8000a24a (0x0000e71d) c.bnez  a4, pc + 46
core   0: 3 0x8000a24a (0xe71d)
core   0: 0x8000a278 (0x444ea013) slti    zero, t4, 1092
core   0: 3 0x8000a278 (0x444ea013)
core   0: 0x8000a27c (0x09525063) bge     tp, s5, pc + 128
core   0: 3 0x8000a27c (0x09525063)
core   0: 0x8000a280 (0x0000100f) fence.i
core   0: 3 0x8000a280 (0x0000100f)
core   0: 0x8000a284 (0x08331563) bne     t1, gp, pc + 138
core   0: 3 0x8000a284 (0x08331563)
core   0: 0x8000a30e (0xfce3ae13) slti    t3, t2, -50
core   0: 3 0x8000a30e (0xfce3ae13) x28 0x00000000
core   0: 0x8000a312 (0x00475fb3) srl     t6, a4, tp
core   0: 3 0x8000a312 (0x00475fb3) x31 0x01fffff2
core   0: 0x8000a316 (0xf595fc93) andi    s9, a1, -167
core   0: 3 0x8000a316 (0xf595fc93) x25 0x00000000
core   0: 0x8000a31a (0x0000025e) c.slli  tp, 23
core   0: 3 0x8000a31a (0x025e) x 4 0x03800000
core   0: 0x8000a31c (0x1cad0f13) addi    t5, s10, 458
core   0: 3 0x8000a31c (0x1cad0f13) x30 0x000001cd
core   0: 0x8000a320 (0x00001c88) c.addi4spn a0, sp, 624
core   0: 3 0x8000a320 (0x1c88) x10 0xc237248a
core   0: 0x8000a322 (0x01202033) slt     zero, zero, s2
core   0: 3 0x8000a322 (0x01202033)
core   0: 0x8000a326 (0x0000717d) c.addi16sp sp, -16
core   0: 3 0x8000a326 (0x717d) x 2 0xc237220a
core   0: 0x8000a328 (0x00e89fb3) sll     t6, a7, a4
core   0: 3 0x8000a328 (0x00e89fb3) x31 0x80000000
core   0: 0x8000a32c (0x00008e5d) c.or    a2, a5
core   0: 3 0x8000a32c (0x8e5d) x12 0xc1924ea3
core   0: 0x8000a32e (0x0373f8b3) remu    a7, t2, s7
core   0: 3 0x8000a32e (0x0373f8b3) x17 0x7ffde1c3
core   0: 0x8000a332 (0x41a95a33) sra     s4, s2, s10
core   0: 3 0x8000a332 (0x41a95a33) x20 0xffffffff
core   0: 0x8000a336 (0x0000100f) fence.i
core   0: 3 0x8000a336 (0x0000100f)
core   0: 0x8000a33a (0x40f78fb3) sub     t6, a5, a5
core   0: 3 0x8000a33a (0x40f78fb3) x31 0x00000000
core   0: 0x8000a33e (0x01239913) slli    s2, t2, 18
core   0: 3 0x8000a33e (0x01239913) x18 0xfffc0000
core   0: 0x8000a342 (0x4031d633) sra     a2, gp, gp
core   0: 3 0x8000a342 (0x4031d633) x12 0x00000000
core   0: 0x8000a346 (0x0216e263) bltu    a3, ra, pc + 36
core   0: 3 0x8000a346 (0x0216e263)
core   0: 0x8000a36a (0x00009dc6) c.add   s11, a7
core   0: 3 0x8000a36a (0x9dc6) x27 0x2fc161c3
core   0: 0x8000a36c (0x01648c63) beq     s1, s6, pc + 24
core   0: 3 0x8000a36c (0x01648c63)
core   0: 0x8000a370 (0x02d51b33) mulh    s6, a0, a3
core   0: 3 0x8000a370 (0x02d51b33) x22 0xffffff18
core   0: 0x8000a374 (0x015be863) bltu    s7, s5, pc + 16
core   0: 3 0x8000a374 (0x015be863)
core   0: 0x8000a384 (0x1195b517) auipc   a0, 0x1195b
core   0: 3 0x8000a384 (0x1195b517) x10 0x91965384
core   0: 0x8000a388 (0x008b6533) or      a0, s6, s0
core   0: 3 0x8000a388 (0x008b6533) x10 0xffffffff
core   0: 0x8000a38c (0x0334e363) bltu    s1, s3, pc + 38
core   0: 3 0x8000a38c (0x0334e363)
core   0: 0x8000a390 (0x0260c863) blt     ra, t1, pc + 48
core   0: 3 0x8000a390 (0x0260c863)
core   0: 0x8000a3c0 (0xbb340a13) addi    s4, s0, -1101
core   0: 3 0x8000a3c0 (0xbb340a13) x20 0xfffe3ba2
core   0: 0x8000a3c4 (0x41e850b3) sra     ra, a6, t5
core   0: 3 0x8000a3c4 (0x41e850b3) x 1 0xffffffff
core   0: 0x8000a3c8 (0x039c8663) beq     s9, s9, pc + 44
core   0: 3 0x8000a3c8 (0x039c8663)
core   0: 0x8000a3f4 (0x00000ca5) c.addi  s9, 9
core   0: 3 0x8000a3f4 (0x0ca5) x25 0x00000009
core   0: 0x8000a3f6 (0x00c45d13) srli    s10, s0, 12
core   0: 3 0x8000a3f6 (0x00c45d13) x26 0x000fffe3
core   0: 0x8000a3fa (0x00000001) c.nop
core   0: 3 0x8000a3fa (0x0001)
core   0: 0x8000a3fc (0x01f1e5b3) or      a1, gp, t6
core   0: 3 0x8000a3fc (0x01f1e5b3) x11 0x3f959fff
core   0: 0x8000a400 (0x013a1d33) sll     s10, s4, s3
core   0: 3 0x8000a400 (0x013a1d33) x26 0x00000000
core   0: 0x8000a404 (0x4141da33) sra     s4, gp, s4
core   0: 3 0x8000a404 (0x4141da33) x20 0x0fe567ff
core   0: 0x8000a408 (0x00009cc6) c.add   s9, a7
core   0: 3 0x8000a408 (0x9cc6) x25 0x7ffde1cc
core   0: 0x8000a40a (0x414853b3) sra     t2, a6, s4
core   0: 3 0x8000a40a (0x414853b3) x 7 0xffffffff
core   0: 0x8000a40e (0x01bd00b3) add     ra, s10, s11
core   0: 3 0x8000a40e (0x01bd00b3) x 1 0x2fc161c3
core   0: 0x8000a412 (0x97c3b717) auipc   a4, 0x97c3b
core   0: 3 0x8000a412 (0x97c3b717) x14 0x17c45412
core   0: 0x8000a416 (0x00b5b233) sltu    tp, a1, a1
core   0: 3 0x8000a416 (0x00b5b233) x 4 0x00000000
core   0: 0x8000a41a (0x00244263) blt     s0, sp, pc + 4
core   0: 3 0x8000a41a (0x00244263)
core   0: 0x8000a41e (0x20326013) ori     zero, tp, 515
core   0: 3 0x8000a41e (0x20326013)
core   0: 0x8000a422 (0xd6b41597) auipc   a1, 0xd6b41
core   0: 3 0x8000a422 (0xd6b41597) x11 0x56b4b422
core   0: 0x8000a426 (0x646f0a93) addi    s5, t5, 1606
core   0: 3 0x8000a426 (0x646f0a93) x21 0x00000813
core   0: 0x8000a42a (0x00005cfd) c.li    s9, -1
core   0: 3 0x8000a42a (0x5cfd) x25 0xffffffff
core   0: 0x8000a42c (0x0661af93) slti    t6, gp, 102
core   0: 3 0x8000a42c (0x0661af93) x31 0x00000000
core   0: 0x8000a430 (0x002a7763) bgeu    s4, sp, pc + 14
core   0: 3 0x8000a430 (0x002a7763)
core   0: 0x8000a434 (0x0000100f) fence.i
core   0: 3 0x8000a434 (0x0000100f)
core   0: 0x8000a438 (0x00006161) c.addi16sp sp, 80
core   0: 3 0x8000a438 (0x6161) x 2 0xc237225a
core   0: 0x8000a43a (0xa635e293) ori     t0, a1, -1437
core   0: 3 0x8000a43a (0xa635e293) x 5 0xfffffe63
core   0: 0x8000a43e (0x4df80413) addi    s0, a6, 1247
core   0: 3 0x8000a43e (0x4df80413) x 8 0x000004de
core   0: 0x8000a442 (0x0000e58d) c.bnez  a1, pc + 42
core   0: 3 0x8000a442 (0xe58d)
core   0: 0x8000a46c (0x408c5a93) srai    s5, s8, 8
core   0: 3 0x8000a46c (0x408c5a93) x21 0xfffffffe
core   0: 0x8000a470 (0x00008e59) c.or    a2, a4
core   0: 3 0x8000a470 (0x8e59) x12 0x17c45412
core   0: 0x8000a472 (0xcd9c9a37) lui     s4, 0xcd9c9
core   0: 3 0x8000a472 (0xcd9c9a37) x20 0xcd9c9000
core   0: 0x8000a476 (0x4112d5b3) sra     a1, t0, a7
core   0: 3 0x8000a476 (0x4112d5b3) x11 0xffffffcc
core   0: 0x8000a47a (0x875299b7) lui     s3, 0x87529
core   0: 3 0x8000a47a (0x875299b7) x19 0x87529000
core   0: 0x8000a47e (0x00006111) c.addi16sp sp, 256
core   0: 3 0x8000a47e (0x6111) x 2 0xc237235a
core   0: 0x8000a480 (0x031a1fb3) mulh    t6, s4, a7
core   0: 3 0x8000a480 (0x031a1fb3) x31 0xe6ceb2ba
core   0: 0x8000a484 (0x0197db33) srl     s6, a5, s9
core   0: 3 0x8000a484 (0x0197db33) x22 0x00000001
core   0: 0x8000a488 (0x0000187d) c.addi  a6, -1
core   0: 3 0x8000a488 (0x187d) x16 0xfffffffe
core   0: 0x8000a48a (0x00008f6d) c.and   a4, a1
core   0: 3 0x8000a48a (0x8f6d) x14 0x17c45400
core   0: 0x8000a48c (0x0000912a) c.add   sp, a0
core   0: 3 0x8000a48c (0x912a) x 2 0xc2372359
core   0: 0x8000a48e (0x0ff0000f) fence   iorw,iorw
core   0: 3 0x8000a48e (0x0ff0000f)
core   0: 0x8000a492 (0x6ef8bb13) sltiu   s6, a7, 1775
core   0: 3 0x8000a492 (0x6ef8bb13) x22 0x00000000
core   0: 0x8000a496 (0x00008539) c.srai  a0, 14
core   0: 3 0x8000a496 (0x8539) x10 0xffffffff
core   0: 0x8000a498 (0x0039dcb3) srl     s9, s3, gp
core   0: 3 0x8000a498 (0x0039dcb3) x25 0x00000001
core   0: 0x8000a49c (0x01da9933) sll     s2, s5, t4
core   0: 3 0x8000a49c (0x01da9933) x18 0xfffffffe
core   0: 0x8000a4a0 (0x0396ce63) blt     a3, s9, pc + 60
core   0: 3 0x8000a4a0 (0x0396ce63)
core   0: 0x8000a4a4 (0x80f67213) andi    tp, a2, -2033
core   0: 3 0x8000a4a4 (0x80f67213) x 4 0x17c45002
core   0: 0x8000a4a8 (0x0ab09463) bne     ra, a1, pc + 168
core   0: 3 0x8000a4a8 (0x0ab09463)
core   0: 0x8000a550 (0x41a75533) sra     a0, a4, s10
core   0: 3 0x8000a550 (0x41a75533) x10 0x17c45400
core   0: 0x8000a554 (0x00fbc133) xor     sp, s7, a5
core   0: 3 0x8000a554 (0x00fbc133) x 2 0x00021e3c
core   0: 0x8000a558 (0x07b62113) slti    sp, a2, 123
core   0: 3 0x8000a558 (0x07b62113) x 2 0x00000000
core   0: 0x8000a55c (0x00001c90) c.addi4spn a2, sp, 624
core   0: 3 0x8000a55c (0x1c90) x12 0x00000270
core   0: 0x8000a55e (0x03f4ab33) mulhsu  s6, s1, t6
core   0: 3 0x8000a55e (0x03f4ab33) x22 0x8c9ac800
core   0: 0x8000a562 (0x03678b33) mul     s6, a5, s6
core   0: 3 0x8000a562 (0x03678b33) x22 0x00000000
core   0: 0x8000a566 (0x40955813) srai    a6, a0, 9
core   0: 3 0x8000a566 (0x40955813) x16 0x000be22a
core   0: 0x8000a56a (0x0000120c) c.addi4spn a1, sp, 288
core   0: 3 0x8000a56a (0x120c) x11 0x00000120
core   0: 0x8000a56c (0x0000858d) c.srai  a1, 3
core   0: 3 0x8000a56c (0x858d) x11 0x00000024
core   0: 0x8000a56e (0x00008f05) c.sub   a4, s1
core   0: 3 0x8000a56e (0x8f05) x14 0x97c1f71c
core   0: 0x8000a570 (0x01d38733) add     a4, t2, t4
core   0: 3 0x8000a570 (0x01d38733) x14 0xfdffffff
core   0: 0x8000a574 (0x01178fb3) add     t6, a5, a7
core   0: 3 0x8000a574 (0x01178fb3) x31 0xfffde1c3
core   0: 0x8000a578 (0x03ec8963) beq     s9, t5, pc + 50
core   0: 3 0x8000a578 (0x03ec8963)
core   0: 0x8000a57c (0x00f22fb3) slt     t6, tp, a5
core   0: 3 0x8000a57c (0x00f22fb3) x31 0x00000000
core   0: 0x8000a580 (0x016c9a33) sll     s4, s9, s6
core   0: 3 0x8000a580 (0x016c9a33) x20 0x00000001
core   0: 0x8000a584 (0x0ff0000f) fence   iorw,iorw
core   0: 3 0x8000a584 (0x0ff0000f)
core   0: 0x8000a588 (0x0000100f) fence.i
core   0: 3 0x8000a588 (0x0000100f)
core   0: 0x8000a58c (0x00008e01) c.sub   a2, s0
core   0: 3 0x8000a58c (0x8e01) x12 0xfffffd92
core   0: 0x8000a58e (0x006c7663) bgeu    s8, t1, pc + 12
core   0: 3 0x8000a58e (0x006c7663)
core   0: 0x8000a59a (0x02d8f6b3) remu    a3, a7, a3
core   0: 3 0x8000a59a (0x02d8f6b3) x13 0x000003b0
core   0: 0x8000a59e (0x03bc1363) bne     s8, s11, pc + 38
core   0: 3 0x8000a59e (0x03bc1363)
core   0: 0x8000a5c4 (0x000fd3b3) srl     t2, t6, zero
core   0: 3 0x8000a5c4 (0x000fd3b3) x 7 0x00000000
core   0: 0x8000a5c8 (0x41e78233) sub     tp, a5, t5
core   0: 3 0x8000a5c8 (0x41e78233) x 4 0x7ffffe33
core   0: 0x8000a5cc (0x0ff0000f) fence   iorw,iorw
core   0: 3 0x8000a5cc (0x0ff0000f)
core   0: 0x8000a5d0 (0x0000c50d) c.beqz  a0, pc + 42
core   0: 3 0x8000a5d0 (0xc50d)
core   0: 0x8000a5d2 (0x01b91093) slli    ra, s2, 27
core   0: 3 0x8000a5d2 (0x01b91093) x 1 0xf0000000
core   0: 0x8000a5d6 (0x00c77833) and     a6, a4, a2
core   0: 3 0x8000a5d6 (0x00c77833) x16 0xfdfffd92
core   0: 0x8000a5da (0x911e7093) andi    ra, t3, -1775
core   0: 3 0x8000a5da (0x911e7093) x 1 0x00000000
core   0: 0x8000a5de (0x0000086e) c.slli  a6, 27
core   0: 3 0x8000a5de (0x086e) x16 0x90000000
core   0: 0x8000a5e0 (0x020ac833) div     a6, s5, zero
core   0: 3 0x8000a5e0 (0x020ac833) x16 0xffffffff
core   0: 0x8000a5e4 (0xcfeb0393) addi    t2, s6, -770
core   0: 3 0x8000a5e4 (0xcfeb0393) x 7 0xfffffcfe
core   0: 0x8000a5e8 (0x00000b15) c.addi  s6, 5
core   0: 3 0x8000a5e8 (0x0b15) x22 0x00000005
core   0: 0x8000a5ea (0x0000944e) c.add   s0, s3
core   0: 3 0x8000a5ea (0x944e) x 8 0x875294de
core   0: 0x8000a5ec (0x00008829) c.andi  s0, 10
core   0: 3 0x8000a5ec (0x8829) x 8 0x0000000a
core   0: 0x8000a5ee (0x01a3dc33) srl     s8, t2, s10
core   0: 3 0x8000a5ee (0x01a3dc33) x24 0xfffffcfe
core   0: 0x8000a5f2 (0x003cd1b3) srl     gp, s9, gp
core   0: 3 0x8000a5f2 (0x003cd1b3) x 3 0x00000000
core   0: 0x8000a5f6 (0x02e38333) mul     t1, t2, a4
core   0: 3 0x8000a5f6 (0x02e38333) x 6 0x04000302
core   0: 0x8000a5fa (0x0ff0000f) fence   iorw,iorw
core   0: 3 0x8000a5fa (0x0ff0000f)
core   0: 0x8000a5fe (0x0000150c) c.addi4spn a1, sp, 672
core   0: 3 0x8000a5fe (0x150c) x11 0x000002a0
core   0: 0x8000a600 (0x00006159) c.addi16sp sp, 400
core   0: 3 0x8000a600 (0x6159) x 2 0x00000190
core   0: 0x8000a602 (0x40c55613) srai    a2, a0, 12
core   0: 3 0x8000a602 (0x40c55613) x12 0x00017c45
core   0: 0x8000a606 (0x00000001) c.nop
core   0: 3 0x8000a606 (0x0001)
core   0: 0x8000a608 (0x00e6ee63) bltu    a3, a4, pc + 28
core   0: 3 0x8000a608 (0x00e6ee63)
core   0: 0x8000a624 (0x010b9713) slli    a4, s7, 16
core   0: 3 0x8000a624 (0x010b9713) x14 0x1e3c0000
core   0: 0x8000a628 (0x01195f33) srl     t5, s2, a7
core   0: 3 0x8000a628 (0x01195f33) x30 0x1fffffff
core   0: 0x8000a62c (0x00000001) c.nop
core   0: 3 0x8000a62c (0x0001)
core   0: 0x8000a62e (0x015bb3b3) sltu    t2, s7, s5
core   0: 3 0x8000a62e (0x015bb3b3) x 7 0x00000001
core   0: 0x8000a632 (0x00eee963) bltu    t4, a4, pc + 18
core   0: 3 0x8000a632 (0x00eee963)
core   0: 0x8000a636 (0x00009552) c.add   a0, s4
core   0: 3 0x8000a636 (0x9552) x10 0x17c45401
core   0: 0x8000a638 (0x0000e315) c.bnez  a4, pc + 36
core   0: 3 0x8000a638 (0xe315)
core   0: 0x8000a65c (0x02cc0233) mul     tp, s8, a2
core   0: 3 0x8000a65c (0x02cc0233) x 4 0xfb883876
core   0: 0x8000a660 (0x0317fc63) bgeu    a5, a7, pc + 56
core   0: 3 0x8000a660 (0x0317fc63)
core   0: 0x8000a698 (0x01e1d893) srli    a7, gp, 30
core   0: 3 0x8000a698 (0x01e1d893) x17 0x00000000
core   0: 0x8000a69c (0x40235993) srai    s3, t1, 2
core   0: 3 0x8000a69c (0x40235993) x19 0x010000c0
core   0: 0x8000a6a0 (0x00e28c33) add     s8, t0, a4
core   0: 3 0x8000a6a0 (0x00e28c33) x24 0x1e3bfe63
core   0: 0x8000a6a4 (0x02bd2233) mulhsu  tp, s10, a1
core   0: 3 0x8000a6a4 (0x02bd2233) x 4 0x00000000
core   0: 0x8000a6a8 (0x045cc163) blt     s9, t0, pc + 66
core   0: 3 0x8000a6a8 (0x045cc163)
core   0: 0x8000a6ac (0x01696033) or      zero, s2, s6
core   0: 3 0x8000a6ac (0x01696033)
core   0: 0x8000a6b0 (0x00008ebd) c.xor   a3, a5
core   0: 3 0x8000a6b0 (0x8ebd) x13 0x800003b0
core   0: 0x8000a6b2 (0x031b4063) blt     s6, a7, pc + 32
core   0: 3 0x8000a6b2 (0x031b4063)
core   0: 0x8000a6b6 (0x00008911) c.andi  a0, 4
core   0: 3 0x8000a6b6 (0x8911) x10 0x00000000
core   0: 0x8000a6b8 (0x15c98397) auipc   t2, 0x15c98
core   0: 3 0x8000a6b8 (0x15c98397) x 7 0x95ca26b8
core   0: 0x8000a6bc (0x025e50b3) divu    ra, t3, t0
core   0: 3 0x8000a6bc (0x025e50b3) x 1 0x00000000
core   0: 0x8000a6c0 (0x000081e1) c.srli  a1, 24
core   0: 3 0x8000a6c0 (0x81e1) x11 0x00000000
core   0: 0x8000a6c2 (0x01cd6663) bltu    s10, t3, pc + 12
core   0: 3 0x8000a6c2 (0x01cd6663)
core   0: 0x8000a6c6 (0x000005ca) c.slli  a1, 18
core   0: 3 0x8000a6c6 (0x05ca) x11 0x00000000
core   0: 0x8000a6c8 (0x0018f133) and     sp, a7, ra
core   0: 3 0x8000a6c8 (0x0018f133) x 2 0x00000000
core   0: 0x8000a6cc (0x00008e1e) c.mv    t3, t2
core   0: 3 0x8000a6cc (0x8e1e) x28 0x95ca26b8
core   0: 0x8000a6ce (0x1241ca93) xori    s5, gp, 292
core   0: 3 0x8000a6ce (0x1241ca93) x21 0x00000124
core   0: 0x8000a6d2 (0x000086e6) c.mv    a3, s9
core   0: 3 0x8000a6d2 (0x86e6) x13 0x00000001
core   0: 0x8000a6d4 (0x018e09b3) add     s3, t3, s8
core   0: 3 0x8000a6d4 (0x018e09b3) x19 0xb406251b
core   0: 0x8000a6d8 (0x01df5993) srli    s3, t5, 29
core   0: 3 0x8000a6d8 (0x01df5993) x19 0x00000000
core   0: 0x8000a6dc (0x0ff0000f) fence   iorw,iorw
core   0: 3 0x8000a6dc (0x0ff0000f)
core   0: 0x8000a6e0 (0x0000e18d) c.bnez  a1, pc + 34
core   0: 3 0x8000a6e0 (0xe18d)
core   0: 0x8000a6e2 (0x03ac81b3) mul     gp, s9, s10
core   0: 3 0x8000a6e2 (0x03ac81b3) x 3 0x00000000
core   0: 0x8000a6e6 (0x03b5ea33) rem     s4, a1, s11
core   0: 3 0x8000a6e6 (0x03b5ea33) x20 0x00000000
core   0: 0x8000a6ea (0x00dd41b3) xor     gp, s10, a3
core   0: 3 0x8000a6ea (0x00dd41b3) x 3 0x00000001
core   0: 0x8000a6ee (0x030430b3) mulhu   ra, s0, a6
core   0: 3 0x8000a6ee (0x030430b3) x 1 0x00000009
core   0: 0x8000a6f2 (0x0015db63) bge     a1, ra, pc + 22
core   0: 3 0x8000a6f2 (0x0015db63)
core   0: 0x8000a6f6 (0x0170d693) srli    a3, ra, 23
core   0: 3 0x8000a6f6 (0x0170d693) x13 0x00000000
core   0: 0x8000a6fa (0x00d04cb3) xor     s9, zero, a3
core   0: 3 0x8000a6fa (0x00d04cb3) x25 0x00000000
core   0: 0x8000a6fe (0x00aa7c33) and     s8, s4, a0
core   0: 3 0x8000a6fe (0x00aa7c33) x24 0x00000000
core   0: 0x8000a702 (0x409e8733) sub     a4, t4, s1
core   0: 3 0x8000a702 (0x409e8733) x14 0x7dfda31c
core   0: 0x8000a706 (0x0000821d) c.srli  a2, 7
core   0: 3 0x8000a706 (0x821d) x12 0x000002f8
core   0: 0x8000a708 (0x0000c519) c.beqz  a0, pc + 14
core   0: 3 0x8000a708 (0xc519)
core   0: 0x8000a716 (0x01629933) sll     s2, t0, s6
core   0: 3 0x8000a716 (0x01629933) x18 0xffffcc60
core   0: 0x8000a71a (0x0097c333) xor     t1, a5, s1
core   0: 3 0x8000a71a (0x0097c333) x 6 0x00025ce4
core   0: 0x8000a71e (0x0217ec63) bltu    a5, ra, pc + 56
core   0: 3 0x8000a71e (0x0217ec63)
core   0: 0x8000a722 (0x0000ee89) c.bnez  a3, pc + 26
core   0: 3 0x8000a722 (0xee89)
core   0: 0x8000a724 (0x00006aed) c.lui   s5, 0x1b
core   0: 3 0x8000a724 (0x6aed) x21 0x0001b000
core   0: 0x8000a726 (0xd0ce8d93) addi    s11, t4, -756
core   0: 3 0x8000a726 (0xd0ce8d93) x27 0xfdfffd0c
core   0: 0x8000a72a (0x02026c33) rem     s8, tp, zero
core   0: 3 0x8000a72a (0x02026c33) x24 0x00000000
core   0: 0x8000a72e (0x00006171) c.addi16sp sp, 336
core   0: 3 0x8000a72e (0x6171) x 2 0x00000150
core   0: 0x8000a730 (0x00006165) c.addi16sp sp, 112
core   0: 3 0x8000a730 (0x6165) x 2 0x000001c0
core   0: 0x8000a732 (0x03573ab3) mulhu   s5, a4, s5
core   0: 3 0x8000a732 (0x03573ab3) x21 0x0000d49c
core   0: 0x8000a736 (0x004199b3) sll     s3, gp, tp
core   0: 3 0x8000a736 (0x004199b3) x19 0x00000001
core   0: 0x8000a73a (0x0000ef11) c.bnez  a4, pc + 28
core   0: 3 0x8000a73a (0xef11)
core   0: 0x8000a756 (0x00006121) c.addi16sp sp, 64
core   0: 3 0x8000a756 (0x6121) x 2 0x00000200
core   0: 0x8000a758 (0x0000e19d) c.bnez  a1, pc + 38
core   0: 3 0x8000a758 (0xe19d)
core   0: 0x8000a75a (0x026fe063) bltu    t6, t1, pc + 32
core   0: 3 0x8000a75a (0x026fe063)
core   0: 0x8000a77a (0x40fe8433) sub     s0, t4, a5
core   0: 3 0x8000a77a (0x40fe8433) x 8 0x7e000000
core   0: 0x8000a77e (0x00f77c63) bgeu    a4, a5, pc + 24
core   0: 3 0x8000a77e (0x00f77c63)
core   0: 0x8000a782 (0x41155ab3) sra     s5, a0, a7
core   0: 3 0x8000a782 (0x41155ab3) x21 0x00000000
core   0: 0x8000a786 (0x00006dc1) c.lui   s11, 0x10
core   0: 3 0x8000a786 (0x6dc1) x27 0x00010000
core   0: 0x8000a788 (0x01884763) blt     a6, s8, pc + 14
core   0: 3 0x8000a788 (0x01884763)
core   0: 0x8000a796 (0x00be1c93) slli    s9, t3, 11
core   0: 3 0x8000a796 (0x00be1c93) x25 0x5135c000
core   0: 0x8000a79a (0xd6f96cb7) lui     s9, 0xd6f96
core   0: 3 0x8000a79a (0xd6f96cb7) x25 0xd6f96000
core   0: 0x8000a79e (0x00401413) slli    s0, zero, 4
core   0: 3 0x8000a79e (0x00401413) x 8 0x00000000
core   0: 0x8000a7a2 (0x01ca5c93) srli    s9, s4, 28
core   0: 3 0x8000a7a2 (0x01ca5c93) x25 0x00000000
core   0: 0x8000a7a6 (0x0102ff33) and     t5, t0, a6
core   0: 3 0x8000a7a6 (0x0102ff33) x30 0xfffffe63
core   0: 0x8000a7aa (0x00405b13) srli    s6, zero, 4
core   0: 3 0x8000a7aa (0x00405b13) x22 0x00000000
core   0: 0x8000a7ae (0x570fb893) sltiu   a7, t6, 1392
core   0: 3 0x8000a7ae (0x570fb893) x17 0x00000001
core   0: 0x8000a7b2 (0x02b38763) beq     t2, a1, pc + 46
core   0: 3 0x8000a7b2 (0x02b38763)
core   0: 0x8000a7b6 (0x00008325) c.srli  a4, 9
core   0: 3 0x8000a7b6 (0x8325) x14 0x003efed1
core   0: 0x8000a7b8 (0x00000001) c.nop
core   0: 3 0x8000a7b8 (0x0001)
core   0: 0x8000a7ba (0x00008d65) c.and   a0, s1
core   0: 3 0x8000a7ba (0x8d65) x10 0x00000000
core   0: 0x8000a7bc (0x03e5b6b3) mulhu   a3, a1, t5
core   0: 3 0x8000a7bc (0x03e5b6b3) x13 0x00000000
core   0: 0x8000a7c0 (0x032609b3) mul     s3, a2, s2
core   0: 3 0x8000a7c0 (0x032609b3) x19 0xff66bd00
core   0: 0x8000a7c4 (0x00008b72) c.mv    s6, t3
core   0: 3 0x8000a7c4 (0x8b72) x22 0x95ca26b8
core   0: 0x8000a7c6 (0x003edf33) srl     t5, t4, gp
core   0: 3 0x8000a7c6 (0x003edf33) x30 0x7f000000
core   0: 0x8000a7ca (0x0000717d) c.addi16sp sp, -16
core   0: 3 0x8000a7ca (0x717d) x 2 0x000001f0
core   0: 0x8000a7cc (0x023ae733) rem     a4, s5, gp
core   0: 3 0x8000a7cc (0x023ae733) x14 0x00000000
core   0: 0x8000a7d0 (0x00008f39) c.xor   a4, a4
core   0: 3 0x8000a7d0 (0x8f39) x14 0x00000000
core   0: 0x8000a7d2 (0x02e7cf33) div     t5, a5, a4
core   0: 3 0x8000a7d2 (0x02e7cf33) x30 0xffffffff
core   0: 0x8000a7d6 (0x00001500) c.addi4spn s0, sp, 672
core   0: 3 0x8000a7d6 (0x1500) x 8 0x00000490
core   0: 0x8000a7d8 (0x03b8f563) bgeu    a7, s11, pc + 42
core   0: 3 0x8000a7d8 (0x03b8f563)
core   0: 0x8000a7dc (0x76287b13) andi    s6, a6, 1890
core   0: 3 0x8000a7dc (0x76287b13) x22 0x00000762
core   0: 0x8000a7e0 (0xeb196b13) ori     s6, s2, -335
core   0: 3 0x8000a7e0 (0xeb196b13) x22 0xfffffef1
core   0: 0x8000a7e4 (0x0352c5b3) div     a1, t0, s5
core   0: 3 0x8000a7e4 (0x0352c5b3) x11 0xffffffff
core   0: 0x8000a7e8 (0x01160b33) add     s6, a2, a7
core   0: 3 0x8000a7e8 (0x01160b33) x22 0x000002f9
core   0: 0x8000a7ec (0x00000001) c.nop
core   0: 3 0x8000a7ec (0x0001)
core   0: 0x8000a7ee (0x0383a033) mulhsu  zero, t2, s8
core   0: 3 0x8000a7ee (0x0383a033)
core   0: 0x8000a7f2 (0x02fc8fb3) mul     t6, s9, a5
core   0: 3 0x8000a7f2 (0x02fc8fb3) x31 0x00000000
core   0: 0x8000a7f6 (0x00006931) c.lui   s2, 0xc
core   0: 3 0x8000a7f6 (0x6931) x18 0x0000c000
core   0: 0x8000a7f8 (0x045a9163) bne     s5, t0, pc + 66
core   0: 3 0x8000a7f8 (0x045a9163)
core   0: 0x8000a83a (0x00000001) c.nop
core   0: 3 0x8000a83a (0x0001)
core   0: 0x8000a83c (0xdff86e13) ori     t3, a6, -513
core   0: 3 0x8000a83c (0xdff86e13) x28 0xffffffff
core   0: 0x8000a840 (0x3b08b593) sltiu   a1, a7, 944
core   0: 3 0x8000a840 (0x3b08b593) x11 0x00000001
core   0: 0x8000a844 (0x02331333) mulh    t1, t1, gp
core   0: 3 0x8000a844 (0x02331333) x 6 0x00000000
core   0: 0x8000a848 (0x032ca333) mulhsu  t1, s9, s2
core   0: 3 0x8000a848 (0x032ca333) x 6 0x00000000
core   0: 0x8000a84c (0x00008ef1) c.and   a3, a2
core   0: 3 0x8000a84c (0x8ef1) x13 0x00000000
core   0: 0x8000a84e (0x02dc1a33) mulh    s4, s8, a3
core   0: 3 0x8000a84e (0x02dc1a33) x20 0x00000000
core   0: 0x8000a852 (0x0ff0000f) fence   iorw,iorw
core   0: 3 0x8000a852 (0x0ff0000f)
core   0: 0x8000a856 (0x035796b3) mulh    a3, a5, s5
core   0: 3 0x8000a856 (0x035796b3) x13 0x00000000
core   0: 0x8000a85a (0xf3d38393) addi    t2, t2, -195
core   0: 3 0x8000a85a (0xf3d38393) x 7 0x95ca25f5
core   0: 0x8000a85e (0x005ddf93) srli    t6, s11, 5
core   0: 3 0x8000a85e (0x005ddf93) x31 0x00000800
core   0: 0x8000a862 (0x414cd633) sra     a2, s9, s4
core   0: 3 0x8000a862 (0x414cd633) x12 0x00000000
core   0: 0x8000a866 (0x03278463) beq     a5, s2, pc + 40
core   0: 3 0x8000a866 (0x03278463)
core   0: 0x8000a86a (0x00c03eb3) snez    t4, a2
core   0: 3 0x8000a86a (0x00c03eb3) x29 0x00000000
core   0: 0x8000a86e (0x2c7e0193) addi    gp, t3, 711
core   0: 3 0x8000a86e (0x2c7e0193) x 3 0x000002c6
core   0: 0x8000a872 (0x028f61b3) rem     gp, t5, s0
core   0: 3 0x8000a872 (0x028f61b3) x 3 0xffffffff
core   0: 0x8000a876 (0x0ff0000f) fence   iorw,iorw
core   0: 3 0x8000a876 (0x0ff0000f)
core   0: 0x8000a87a (0x000da5b3) slt     a1, s11, zero
core   0: 3 0x8000a87a (0x000da5b3) x11 0x00000000
core   0: 0x8000a87e (0x000089e9) c.andi  a1, 26
core   0: 3 0x8000a87e (0x89e9) x11 0x00000000
core   0: 0x8000a880 (0x018dfb33) and     s6, s11, s8
core   0: 3 0x8000a880 (0x018dfb33) x22 0x00000000
core   0: 0x8000a884 (0x0000070c) c.addi4spn a1, sp, 896
core   0: 3 0x8000a884 (0x070c) x11 0x00000570
core   0: 0x8000a886 (0x03c45d33) divu    s10, s0, t3
core   0: 3 0x8000a886 (0x03c45d33) x26 0x00000000
core   0: 0x8000a88a (0x02e20863) beq     tp, a4, pc + 48
core   0: 3 0x8000a88a (0x02e20863)
core   0: 0x8000a8ba (0x04de6163) bltu    t3, a3, pc + 66
core   0: 3 0x8000a8ba (0x04de6163)
core   0: 0x8000a8be (0x00d8da93) srli    s5, a7, 13
core   0: 3 0x8000a8be (0x00d8da93) x21 0x00000000
core   0: 0x8000a8c2 (0x6be14293) xori    t0, sp, 1726
core   0: 3 0x8000a8c2 (0x6be14293) x 5 0x0000074e
core   0: 0x8000a8c6 (0x02c729b3) mulhsu  s3, a4, a2
core   0: 3 0x8000a8c6 (0x02c729b3) x19 0x00000000
core   0: 0x8000a8ca (0x0ff0000f) fence   iorw,iorw
core   0: 3 0x8000a8ca (0x0ff0000f)
core   0: 0x8000a8ce (0x4174d013) srai    zero, s1, 23
core   0: 3 0x8000a8ce (0x4174d013)
core   0: 0x8000a8d2 (0x02361163) bne     a2, gp, pc + 34
core   0: 3 0x8000a8d2 (0x02361163)
core   0: 0x8000a8f4 (0x00008c6d) c.and   s0, a1
core   0: 3 0x8000a8f4 (0x8c6d) x 8 0x00000410
core   0: 0x8000a8f6 (0x03c586b3) mul     a3, a1, t3
core   0: 3 0x8000a8f6 (0x03c586b3) x13 0xfffffa90
core   0: 0x8000a8fa (0x00004121) c.li    sp, 8
core   0: 3 0x8000a8fa (0x4121) x 2 0x00000008
core   0: 0x8000a8fc (0x02639663) bne     t2, t1, pc + 44
core   0: 3 0x8000a8fc (0x02639663)
core   0: 0x8000a928 (0x02d2dc33) divu    s8, t0, a3
core   0: 3 0x8000a928 (0x02d2dc33) x24 0x00000000
core   0: 0x8000a92c (0xb7586913) ori     s2, a6, -1163
core   0: 3 0x8000a92c (0xb7586913) x18 0xffffffff
core   0: 0x8000a930 (0x00d01d13) slli    s10, zero, 13
core   0: 3 0x8000a930 (0x00d01d13) x26 0x00000000
core   0: 0x8000a934 (0x00009d8e) c.add   s11, gp
core   0: 3 0x8000a934 (0x9d8e) x27 0x0000ffff
core   0: 0x8000a936 (0xa47b4613) xori    a2, s6, -1465
core   0: 3 0x8000a936 (0xa47b4613) x12 0xfffffa47
core   0: 0x8000a93a (0x026a6263) bltu    s4, t1, pc + 36
core   0: 3 0x8000a93a (0x026a6263)
core   0: 0x8000a93e (0x0000e699) c.bnez  a3, pc + 14
core   0: 3 0x8000a93e (0xe699)
core   0: 0x8000a94c (0x00009ac2) c.add   s5, a6
core   0: 3 0x8000a94c (0x9ac2) x21 0xffffffff
core   0: 0x8000a94e (0x00008f26) c.mv    t5, s1
core   0: 3 0x8000a94e (0x8f26) x30 0x80025ce4
core   0: 0x8000a950 (0x034a2eb3) mulhsu  t4, s4, s4
core   0: 3 0x8000a950 (0x034a2eb3) x29 0x00000000
core   0: 0x8000a954 (0x002a0b33) add     s6, s4, sp
core   0: 3 0x8000a954 (0x002a0b33) x22 0x00000008
core   0: 0x8000a958 (0x00001698) c.addi4spn a4, sp, 864
core   0: 3 0x8000a958 (0x1698) x14 0x00000368
core   0: 0x8000a95a (0x01bc7863) bgeu    s8, s11, pc + 16
core   0: 3 0x8000a95a (0x01bc7863)
core   0: 0x8000a95e (0xe4f1b093) sltiu   ra, gp, -433
core   0: 3 0x8000a95e (0xe4f1b093) x 1 0x00000000
core   0: 0x8000a962 (0x01af9263) bne     t6, s10, pc + 4
core   0: 3 0x8000a962 (0x01af9263)
core   0: 0x8000a966 (0x0aa8b713) sltiu   a4, a7, 170
core   0: 3 0x8000a966 (0x0aa8b713) x14 0x00000001
core   0: 0x8000a96a (0x000008a2) c.slli  a7, 8
core   0: 3 0x8000a96a (0x08a2) x17 0x00000100
core   0: 0x8000a96c (0x97380213) addi    tp, a6, -1677
core   0: 3 0x8000a96c (0x97380213) x 4 0xfffff972
core   0: 0x8000a970 (0x00f51033) sll     zero, a0, a5
core   0: 3 0x8000a970 (0x00f51033)
core   0: 0x8000a974 (0x00008991) c.andi  a1, 4
core   0: 3 0x8000a974 (0x8991) x11 0x00000000
core   0: 0x8000a976 (0x01364b33) xor     s6, a2, s3
core   0: 3 0x8000a976 (0x01364b33) x22 0xfffffa47
core   0: 0x8000a97a (0x0145cab3) xor     s5, a1, s4
core   0: 3 0x8000a97a (0x0145cab3) x21 0x00000000
core   0: 0x8000a97e (0x048f0063) beq     t5, s0, pc + 64
core   0: 3 0x8000a97e (0x048f0063)
core   0: 0x8000a982 (0x00000001) c.nop
core   0: 3 0x8000a982 (0x0001)
core   0: 0x8000a984 (0x00a40e33) add     t3, s0, a0
core   0: 3 0x8000a984 (0x00a40e33) x28 0x00000410
core   0: 0x8000a988 (0x40588cb3) sub     s9, a7, t0
core   0: 3 0x8000a988 (0x40588cb3) x25 0xfffff9b2
core   0: 0x8000a98c (0x0301ea33) rem     s4, gp, a6
core   0: 3 0x8000a98c (0x0301ea33) x20 0x00000000
core   0: 0x8000a990 (0x0000100f) fence.i
core   0: 3 0x8000a990 (0x0000100f)
core   0: 0x8000a994 (0x019cf133) and     sp, s9, s9
core   0: 3 0x8000a994 (0x019cf133) x 2 0xfffff9b2
core   0: 0x8000a998 (0x00005ffd) c.li    t6, -1
core   0: 3 0x8000a998 (0x5ffd) x31 0xffffffff
core   0: 0x8000a99a (0x00852b33) slt     s6, a0, s0
core   0: 3 0x8000a99a (0x00852b33) x22 0x00000001
core   0: 0x8000a99e (0x03cb6533) rem     a0, s6, t3
core   0: 3 0x8000a99e (0x03cb6533) x10 0x00000001
core   0: 0x8000a9a2 (0x00000229) c.addi  tp, 10
core   0: 3 0x8000a9a2 (0x0229) x 4 0xfffff97c
core   0: 0x8000a9a4 (0x006f8b63) beq     t6, t1, pc + 22
core   0: 3 0x8000a9a4 (0x006f8b63)
core   0: 0x8000a9a8 (0x01a03233) snez    tp, s10
core   0: 3 0x8000a9a8 (0x01a03233) x 4 0x00000000
core   0: 0x8000a9ac (0x029da2b3) mulhsu  t0, s11, s1
core   0: 3 0x8000a9ac (0x029da2b3) x 5 0x00008001
core   0: 0x8000a9b0 (0x2f93e137) lui     sp, 0x2f93e
core   0: 3 0x8000a9b0 (0x2f93e137) x 2 0x2f93e000
core   0: 0x8000a9b4 (0x0000997d) c.andi  a0, -1
core   0: 3 0x8000a9b4 (0x997d) x10 0x00000001
core   0: 0x8000a9b6 (0x038a5633) divu    a2, s4, s8
core   0: 3 0x8000a9b6 (0x038a5633) x12 0xffffffff
core   0: 0x8000a9ba (0x759c7e37) lui     t3, 0x759c7
core   0: 3 0x8000a9ba (0x759c7e37) x28 0x759c7000
core   0: 0x8000a9be (0x00a50733) add     a4, a0, a0
core   0: 3 0x8000a9be (0x00a50733) x14 0x00000002
core   0: 0x8000a9c2 (0xa6326713) ori     a4, tp, -1437
core   0: 3 0x8000a9c2 (0xa6326713) x14 0xfffffa63
core   0: 0x8000a9c6 (0x00008209) c.srli  a2, 2
core   0: 3 0x8000a9c6 (0x8209) x12 0x3fffffff
core   0: 0x8000a9c8 (0x027cea63) bltu    s9, t2, pc + 52
core   0: 3 0x8000a9c8 (0x027cea63)
core   0: 0x8000a9cc (0x00b55713) srli    a4, a0, 11
core   0: 3 0x8000a9cc (0x00b55713) x14 0x00000000
core   0: 0x8000a9d0 (0x0000ee19) c.bnez  a2, pc + 30
core   0: 3 0x8000a9d0 (0xee19)
core   0: 0x8000a9ee (0x02cc3533) mulhu   a0, s8, a2
core   0: 3 0x8000a9ee (0x02cc3533) x10 0x00000000
core   0: 0x8000a9f2 (0x02037963) bgeu    t1, zero, pc + 50
core   0: 3 0x8000a9f2 (0x02037963)
core   0: 0x8000aa24 (0x02a87133) remu    sp, a6, a0
core   0: 3 0x8000aa24 (0x02a87133) x 2 0xffffffff
core   0: 0x8000aa28 (0x0336f033) remu    zero, a3, s3
core   0: 3 0x8000aa28 (0x0336f033)
core   0: 0x8000aa2c (0x00800613) li      a2, 8
core   0: 3 0x8000aa2c (0x00800613) x12 0x00000008
core   0: 0x8000aa30 (0x00062ab3) slt     s5, a2, zero
core   0: 3 0x8000aa30 (0x00062ab3) x21 0x00000000
core   0: 0x8000aa34 (0x40ab5a13) srai    s4, s6, 10
core   0: 3 0x8000aa34 (0x40ab5a13) x20 0x00000000
core   0: 0x8000aa38 (0x00e00593) li      a1, 14
core   0: 3 0x8000aa38 (0x00e00593) x11 0x0000000e
core   0: 0x8000aa3c (0x00006445) c.lui   s0, 0x11
core   0: 3 0x8000aa3c (0x6445) x 8 0x00011000
core   0: 0x8000aa3e (0x0000127d) c.addi  tp, -1
core   0: 3 0x8000aa3e (0x127d) x 4 0xffffffff
core   0: 0x8000aa40 (0x00009426) c.add   s0, s1
core   0: 3 0x8000aa40 (0x9426) x 8 0x80036ce4
core   0: 0x8000aa42 (0x02a78b33) mul     s6, a5, a0
core   0: 3 0x8000aa42 (0x02a78b33) x22 0x00000000
core   0: 0x8000aa46 (0x9100bf93) sltiu   t6, ra, -1776
core   0: 3 0x8000aa46 (0x9100bf93) x31 0x00000001
core   0: 0x8000aa4a (0x00008041) c.srli  s0, 16
core   0: 3 0x8000aa4a (0x8041) x 8 0x00008003
core   0: 0x8000aa4c (0x00000629) c.addi  a2, 10
core   0: 3 0x8000aa4c (0x0629) x12 0x00000012
core   0: 0x8000aa4e (0xc63d0013) addi    zero, s10, -925
core   0: 3 0x8000aa4e (0xc63d0013)
core   0: 0x8000aa52 (0x00d5d733) srl     a4, a1, a3
core   0: 3 0x8000aa52 (0x00d5d733) x14 0x00000000
core   0: 0x8000aa56 (0x01ec9d13) slli    s10, s9, 30
core   0: 3 0x8000aa56 (0x01ec9d13) x26 0x80000000
core   0: 0x8000aa5a (0x55dbb513) sltiu   a0, s7, 1373
core   0: 3 0x8000aa5a (0x55dbb513) x10 0x00000000
core   0: 0x8000aa5e (0x407e5733) sra     a4, t3, t2
core   0: 3 0x8000aa5e (0x407e5733) x14 0x000003ac
core   0: 0x8000aa62 (0x021ed133) divu    sp, t4, ra
core   0: 3 0x8000aa62 (0x021ed133) x 2 0xffffffff
core   0: 0x8000aa66 (0x03e73eb3) mulhu   t4, a4, t5
core   0: 3 0x8000aa66 (0x03e73eb3) x29 0x000001d6
core   0: 0x8000aa6a (0x41e35f33) sra     t5, t1, t5
core   0: 3 0x8000aa6a (0x41e35f33) x30 0x00000000
core   0: 0x8000aa6e (0xa1e191b7) lui     gp, 0xa1e19
core   0: 3 0x8000aa6e (0xa1e191b7) x 3 0xa1e19000
core   0: 0x8000aa72 (0x00008e89) c.sub   a3, a0
core   0: 3 0x8000aa72 (0x8e89) x13 0xfffffa90
core   0: 0x8000aa74 (0xfcb664e3) bltu    a2, a1, pc - 56
core   0: 3 0x8000aa74 (0xfcb664e3)
core   0: 0x8000aa78 (0x0000717d) c.addi16sp sp, -16
core   0: 3 0x8000aa78 (0x717d) x 2 0xffffffef
core   0: 0x8000aa7a (0x03c9e563) bltu    s3, t3, pc + 42
core   0: 3 0x8000aa7a (0x03c9e563)
core   0: 0x8000aaa4 (0x0010e963) bltu    ra, ra, pc + 18
core   0: 3 0x8000aaa4 (0x0010e963)
core   0: 0x8000aaa8 (0x00008a75) c.andi  a2, 29
core   0: 3 0x8000aaa8 (0x8a75) x12 0x00000010
core   0: 0x8000aaaa (0x00008d51) c.or    a0, a2
core   0: 3 0x8000aaaa (0x8d51) x10 0x00000010
core   0: 0x8000aaac (0x0000889a) c.mv    a7, t1
core   0: 3 0x8000aaac (0x889a) x17 0x00000000
core   0: 0x8000aaae (0x00340d33) add     s10, s0, gp
core   0: 3 0x8000aaae (0x00340d33) x26 0xa1e21003
core   0: 0x8000aab2 (0x0ff0000f) fence   iorw,iorw
core   0: 3 0x8000aab2 (0x0ff0000f)
core   0: 0x8000aab6 (0x00006b65) c.lui   s6, 0x19
core   0: 3 0x8000aab6 (0x6b65) x22 0x00019000
core   0: 0x8000aab8 (0x01975513) srli    a0, a4, 25
core   0: 3 0x8000aab8 (0x01975513) x10 0x00000000
core   0: 0x8000aabc (0x03230133) mul     sp, t1, s2
core   0: 3 0x8000aabc (0x03230133) x 2 0x00000000
core   0: 0x8000aac0 (0x00765b63) bge     a2, t2, pc + 22
core   0: 3 0x8000aac0 (0x00765b63)
core   0: 0x8000aad6 (0x000061d9) c.lui   gp, 0x16
core   0: 3 0x8000aad6 (0x61d9) x 3 0x00016000
core   0: 0x8000aad8 (0x00008e99) c.sub   a3, a4
core   0: 3 0x8000aad8 (0x8e99) x13 0xfffff6e4
core   0: 0x8000aada (0x007e09b3) add     s3, t3, t2
core   0: 3 0x8000aada (0x007e09b3) x19 0x0b6695f5
core   0: 0x8000aade (0x031ab833) mulhu   a6, s5, a7
core   0: 3 0x8000aade (0x031ab833) x16 0x00000000
core   0: 0x8000aae2 (0x000086c5) c.srai  a3, 17
core   0: 3 0x8000aae2 (0x86c5) x13 0xffffffff
core   0: 0x8000aae4 (0x00008d9d) c.sub   a1, a5
core   0: 3 0x8000aae4 (0x8d9d) x11 0x8000000e
core   0: 0x8000aae6 (0x03333033) mulhu   zero, t1, s3
core   0: 3 0x8000aae6 (0x03333033)
core   0: 0x8000aaea (0xec2a6013) ori     zero, s4, -318
core   0: 3 0x8000aaea (0xec2a6013)
core   0: 0x8000aaee (0xa1318313) addi    t1, gp, -1517
core   0: 3 0x8000aaee (0xa1318313) x 6 0x00015a13
core   0: 0x8000aaf2 (0x000092ee) c.add   t0, s11
core   0: 3 0x8000aaf2 (0x92ee) x 5 0x00018000
core   0: 0x8000aaf4 (0x821f0713) addi    a4, t5, -2015
core   0: 3 0x8000aaf4 (0x821f0713) x14 0xfffff821
core   0: 0x8000aaf8 (0x0000c215) c.beqz  a2, pc + 36
core   0: 3 0x8000aaf8 (0xc215)
core   0: 0x8000aafa (0x00000001) c.nop
core   0: 3 0x8000aafa (0x0001)
core   0: 0x8000aafc (0x0000018e) c.slli  gp, 3
core   0: 3 0x8000aafc (0x018e) x 3 0x000b0000
core   0: 0x8000aafe (0x0000e28d) c.bnez  a3, pc + 34
core   0: 3 0x8000aafe (0xe28d)
core   0: 0x8000ab20 (0x01b85db3) srl     s11, a6, s11
core   0: 3 0x8000ab20 (0x01b85db3) x27 0x00000000
core   0: 0x8000ab24 (0x00008f31) c.xor   a4, a2
core   0: 3 0x8000ab24 (0x8f31) x14 0xfffff831
core   0: 0x8000ab26 (0x00000001) c.nop
core   0: 3 0x8000ab26 (0x0001)
core   0: 0x8000ab28 (0x41a45e13) srai    t3, s0, 26
core   0: 3 0x8000ab28 (0x41a45e13) x28 0x00000000
core   0: 0x8000ab2c (0x00000262) c.slli  tp, 24
core   0: 3 0x8000ab2c (0x0262) x 4 0xff000000
core   0: 0x8000ab2e (0x413ed993) srai    s3, t4, 19
core   0: 3 0x8000ab2e (0x413ed993) x19 0x00000000
core   0: 0x8000ab32 (0x00009aa6) c.add   s5, s1
core   0: 3 0x8000ab32 (0x9aa6) x21 0x80025ce4
core   0: 0x8000ab34 (0x419e85b3) sub     a1, t4, s9
core   0: 3 0x8000ab34 (0x419e85b3) x11 0x00000824
core   0: 0x8000ab38 (0x03bbb6b3) mulhu   a3, s7, s11
core   0: 3 0x8000ab38 (0x03bbb6b3) x13 0x00000000
core   0: 0x8000ab3c (0x4f417c17) auipc   s8, 0x4f417
core   0: 3 0x8000ab3c (0x4f417c17) x24 0xcf421b3c
core   0: 0x8000ab40 (0x00008591) c.srai  a1, 4
core   0: 3 0x8000ab40 (0x8591) x11 0x00000082
core   0: 0x8000ab42 (0x000058fd) c.li    a7, -1
core   0: 3 0x8000ab42 (0x58fd) x17 0xffffffff
core   0: 0x8000ab44 (0x00008e8e) c.mv    t4, gp
core   0: 3 0x8000ab44 (0x8e8e) x29 0x000b0000
core   0: 0x8000ab46 (0x00008e19) c.sub   a2, a4
core   0: 3 0x8000ab46 (0x8e19) x12 0x000007df
core   0: 0x8000ab48 (0x00f50fb3) add     t6, a0, a5
core   0: 3 0x8000ab48 (0x00f50fb3) x31 0x80000000
core   0: 0x8000ab4c (0x0271dfb3) divu    t6, gp, t2
core   0: 3 0x8000ab4c (0x0271dfb3) x31 0x00000000
core   0: 0x8000ab50 (0xf9064d97) auipc   s11, 0xf9064
core   0: 3 0x8000ab50 (0xf9064d97) x27 0x7906eb50
core   0: 0x8000ab54 (0x407ed693) srai    a3, t4, 7
core   0: 3 0x8000ab54 (0x407ed693) x13 0x00001600
core   0: 0x8000ab58 (0x173e1097) auipc   ra, 0x173e1
core   0: 3 0x8000ab58 (0x173e1097) x 1 0x973ebb58
core   0: 0x8000ab5c (0x00006135) c.addi16sp sp, 352
core   0: 3 0x8000ab5c (0x6135) x 2 0x00000160
core   0: 0x8000ab5e (0x01149e13) slli    t3, s1, 17
core   0: 3 0x8000ab5e (0x01149e13) x28 0xb9c80000
core   0: 0x8000ab62 (0x4ae0a697) auipc   a3, 0x4ae0a
core   0: 3 0x8000ab62 (0x4ae0a697) x13 0xcae14b62
core   0: 0x8000ab66 (0x03f5dcb3) divu    s9, a1, t6
core   0: 3 0x8000ab66 (0x03f5dcb3) x25 0xffffffff
core   0: 0x8000ab6a (0x00008e99) c.sub   a3, a4
core   0: 3 0x8000ab6a (0x8e99) x13 0xcae15331
core   0: 0x8000ab6c (0x4163d593) srai    a1, t2, 22
core   0: 3 0x8000ab6c (0x4163d593) x11 0xfffffe57
core   0: 0x8000ab70 (0x00008733) add     a4, ra, zero
core   0: 3 0x8000ab70 (0x00008733) x14 0x973ebb58
core   0: 0x8000ab74 (0x00000fa5) c.addi  t6, 9
core   0: 3 0x8000ab74 (0x0fa5) x31 0x00000009
core   0: 0x8000ab76 (0x4d73ea93) ori     s5, t2, 1239
core   0: 3 0x8000ab76 (0x4d73ea93) x21 0x95ca25f7
core   0: 0x8000ab7a (0x2d848193) addi    gp, s1, 728
core   0: 3 0x8000ab7a (0x2d848193) x 3 0x80025fbc
core   0: 0x8000ab7e (0x83c8bf93) sltiu   t6, a7, -1988
core   0: 3 0x8000ab7e (0x83c8bf93) x31 0x00000000
core   0: 0x8000ab82 (0x00000001) c.nop
core   0: 3 0x8000ab82 (0x0001)
core   0: 0x8000ab84 (0x01dd9db3) sll     s11, s11, t4
core   0: 3 0x8000ab84 (0x01dd9db3) x27 0x7906eb50
core   0: 0x8000ab88 (0x07a40b63) beq     s0, s10, pc + 118
core   0: 3 0x8000ab88 (0x07a40b63)
core   0: 0x8000ab8c (0xd67f7293) andi    t0, t5, -665
core   0: 3 0x8000ab8c (0xd67f7293) x 5 0x00000000
core   0: 0x8000ab90 (0x008d0b63) beq     s10, s0, pc + 22
core   0: 3 0x8000ab90 (0x008d0b63)
core   0: 0x8000ab94 (0x00000d8c) c.addi4spn a1, sp, 720
core   0: 3 0x8000ab94 (0x0d8c) x11 0x00000430
core   0: 0x8000ab96 (0x6f250217) auipc   tp, 0x6f250
core   0: 3 0x8000ab96 (0x6f250217) x 4 0xef25ab96
core   0: 0x8000ab9a (0x41d00233) sub     tp, zero, t4
core   0: 3 0x8000ab9a (0x41d00233) x 4 0xfff50000
core   0: 0x8000ab9e (0x01206a33) or      s4, zero, s2
core   0: 3 0x8000ab9e (0x01206a33) x20 0xffffffff
core   0: 0x8000aba2 (0x74a46c13) ori     s8, s0, 1866
core   0: 3 0x8000aba2 (0x74a46c13) x24 0x0000874b
core   0: 0x8000aba6 (0x00000921) c.addi  s2, 8
core   0: 3 0x8000aba6 (0x0921) x18 0x00000007
core   0: 0x8000aba8 (0x34928513) addi    a0, t0, 841
core   0: 3 0x8000aba8 (0x34928513) x10 0x00000349
core   0: 0x8000abac (0x03fe41b3) div     gp, t3, t6
core   0: 3 0x8000abac (0x03fe41b3) x 3 0xffffffff
core   0: 0x8000abb0 (0x0000717d) c.addi16sp sp, -16
core   0: 3 0x8000abb0 (0x717d) x 2 0x00000150
core   0: 0x8000abb2 (0x41eb5333) sra     t1, s6, t5
core   0: 3 0x8000abb2 (0x41eb5333) x 6 0x00019000
core   0: 0x8000abb6 (0x557a8993) addi    s3, s5, 1367
core   0: 3 0x8000abb6 (0x557a8993) x19 0x95ca2b4e
core   0: 0x8000abba (0x02553e33) mulhu   t3, a0, t0
core   0: 3 0x8000abba (0x02553e33) x28 0x00000000
core   0: 0x8000abbe (0x00400693) li      a3, 4
core   0: 3 0x8000abbe (0x00400693) x13 0x00000004
core   0: 0x8000abc2 (0x003f5013) srli    zero, t5, 3
core   0: 3 0x8000abc2 (0x003f5013)
core   0: 0x8000abc6 (0x0000987d) c.andi  s0, -1
core   0: 3 0x8000abc6 (0x987d) x 8 0x00008003
core   0: 0x8000abc8 (0x032fb033) mulhu   zero, t6, s2
core   0: 3 0x8000abc8 (0x032fb033)
core   0: 0x8000abcc (0x0047d293) srli    t0, a5, 4
core   0: 3 0x8000abcc (0x0047d293) x 5 0x08000000
core   0: 0x8000abd0 (0xa9762413) slti    s0, a2, -1385
core   0: 3 0x8000abd0 (0xa9762413) x 8 0x00000000
core   0: 0x8000abd4 (0x005d1233) sll     tp, s10, t0
core   0: 3 0x8000abd4 (0x005d1233) x 4 0xa1e21003
core   0: 0x8000abd8 (0x00008e2d) c.xor   a2, a1
core   0: 3 0x8000abd8 (0x8e2d) x12 0x000003ef
core   0: 0x8000abda (0x00d00393) li      t2, 13
core   0: 3 0x8000abda (0x00d00393) x 7 0x0000000d
core   0: 0x8000abde (0x00006865) c.lui   a6, 0x19
core   0: 3 0x8000abde (0x6865) x16 0x00019000
core   0: 0x8000abe0 (0x00008009) c.srli  s0, 2
core   0: 3 0x8000abe0 (0x8009) x 8 0x00000000
core   0: 0x8000abe2 (0x00000001) c.nop
core   0: 3 0x8000abe2 (0x0001)
core   0: 0x8000abe4 (0x00008061) c.srli  s0, 24
core   0: 3 0x8000abe4 (0x8061) x 8 0x00000000
core   0: 0x8000abe6 (0x000006a5) c.addi  a3, 9
core   0: 3 0x8000abe6 (0x06a5) x13 0x0000000d
core   0: 0x8000abe8 (0x030e8cb3) mul     s9, t4, a6
core   0: 3 0x8000abe8 (0x030e8cb3) x25 0x30000000
core   0: 0x8000abec (0x00008411) c.srai  s0, 4
core   0: 3 0x8000abec (0x8411) x 8 0x00000000
core   0: 0x8000abee (0x01710ab3) add     s5, sp, s7
core   0: 3 0x8000abee (0x01710ab3) x21 0x80021f8c
core   0: 0x8000abf2 (0xfe7698e3) bne     a3, t2, pc - 16
core   0: 3 0x8000abf2 (0xfe7698e3)
core   0: 0x8000abf6 (0x011e7533) and     a0, t3, a7
core   0: 3 0x8000abf6 (0x011e7533) x10 0x00000000
core   0: 0x8000abfa (0x02b69533) mulh    a0, a3, a1
core   0: 3 0x8000abfa (0x02b69533) x10 0x00000000
core   0: 0x8000abfe (0x033e0c63) beq     t3, s3, pc + 56
core   0: 3 0x8000abfe (0x033e0c63)
core   0: 0x8000ac02 (0x912ba437) lui     s0, 0x912ba
core   0: 3 0x8000ac02 (0x912ba437) x 8 0x912ba000
core   0: 0x8000ac06 (0x40bb5d33) sra     s10, s6, a1
core   0: 3 0x8000ac06 (0x40bb5d33) x26 0x00000001
core   0: 0x8000ac0a (0x00cfeb33) or      s6, t6, a2
core   0: 3 0x8000ac0a (0x00cfeb33) x22 0x000003ef
core   0: 0x8000ac0e (0x0ff0000f) fence   iorw,iorw
core   0: 3 0x8000ac0e (0x0ff0000f)
core   0: 0x8000ac12 (0x00e481b3) add     gp, s1, a4
core   0: 3 0x8000ac12 (0x00e481b3) x 3 0x1741183c
core   0: 0x8000ac16 (0xb462b517) auipc   a0, 0xb462b
core   0: 3 0x8000ac16 (0xb462b517) x10 0x34635c16
core   0: 0x8000ac1a (0x00d80e63) beq     a6, a3, pc + 28
core   0: 3 0x8000ac1a (0x00d80e63)
core   0: 0x8000ac1e (0x00008075) c.srli  s0, 29
core   0: 3 0x8000ac1e (0x8075) x 8 0x00000004
core   0: 0x8000ac20 (0x03921563) bne     tp, s9, pc + 42
core   0: 3 0x8000ac20 (0x03921563)
core   0: 0x8000ac4a (0x0000862d) c.srai  a2, 11
core   0: 3 0x8000ac4a (0x862d) x12 0x00000000
core   0: 0x8000ac4c (0x0000813a) c.mv    sp, a4
core   0: 3 0x8000ac4c (0x813a) x 2 0x973ebb58
core   0: 0x8000ac4e (0x9d85ed17) auipc   s10, 0x9d85e
core   0: 3 0x8000ac4e (0x9d85ed17) x26 0x1d868c4e
core   0: 0x8000ac52 (0x013008b3) add     a7, zero, s3
core   0: 3 0x8000ac52 (0x013008b3) x17 0x95ca2b4e
core   0: 0x8000ac56 (0x015efe33) and     t3, t4, s5
core   0: 3 0x8000ac56 (0x015efe33) x28 0x00020000
core   0: 0x8000ac5a (0x00791b33) sll     s6, s2, t2
core   0: 3 0x8000ac5a (0x00791b33) x22 0x0000e000
core   0: 0x8000ac5e (0x0196d393) srli    t2, a3, 25
core   0: 3 0x8000ac5e (0x0196d393) x 7 0x00000000
core   0: 0x8000ac62 (0x0000c609) c.beqz  a2, pc + 10
core   0: 3 0x8000ac62 (0xc609)
core   0: 0x8000ac6c (0x41e20233) sub     tp, tp, t5
core   0: 3 0x8000ac6c (0x41e20233) x 4 0xa1e21003
core   0: 0x8000ac70 (0x7b2e0d13) addi    s10, t3, 1970
core   0: 3 0x8000ac70 (0x7b2e0d13) x26 0x000207b2
core   0: 0x8000ac74 (0xc14e2293) slti    t0, t3, -1004
core   0: 3 0x8000ac74 (0xc14e2293) x 5 0x00000000
core   0: 0x8000ac78 (0x0000717d) c.addi16sp sp, -16
core   0: 3 0x8000ac78 (0x717d) x 2 0x973ebb48
core   0: 0x8000ac7a (0x036d2e33) mulhsu  t3, s10, s6
core   0: 3 0x8000ac7a (0x036d2e33) x28 0x00000001
core   0: 0x8000ac7e (0x55686093) ori     ra, a6, 1366
core   0: 3 0x8000ac7e (0x55686093) x 1 0x00019556
core   0: 0x8000ac82 (0x0000026d) c.addi  tp, 27
core   0: 3 0x8000ac82 (0x026d) x 4 0xa1e2101e
core   0: 0x8000ac84 (0x000082c1) c.srli  a3, 16
core   0: 3 0x8000ac84 (0x82c1) x13 0x00000000
core   0: 0x8000ac86 (0x0129ef33) or      t5, s3, s2
core   0: 3 0x8000ac86 (0x0129ef33) x30 0x95ca2b4f
core   0: 0x8000ac8a (0x00e2fb63) bgeu    t0, a4, pc + 22
core   0: 3 0x8000ac8a (0x00e2fb63)
core   0: 0x8000ac8e (0x02856163) bltu    a0, s0, pc + 34
core   0: 3 0x8000ac8e (0x02856163)
core   0: 0x8000ac92 (0x01ecd713) srli    a4, s9, 30
core   0: 3 0x8000ac92 (0x01ecd713) x14 0x00000000
core   0: 0x8000ac96 (0x01095813) srli    a6, s2, 16
core   0: 3 0x8000ac96 (0x01095813) x16 0x00000000
core   0: 0x8000ac9a (0x00001d80) c.addi4spn s0, sp, 752
core   0: 3 0x8000ac9a (0x1d80) x 8 0x973ebe38
core   0: 0x8000ac9c (0x413b5413) srai    s0, s6, 19
core   0: 3 0x8000ac9c (0x413b5413) x 8 0x00000000
core   0: 0x8000aca0 (0x016ad1b3) srl     gp, s5, s6
core   0: 3 0x8000aca0 (0x016ad1b3) x 3 0x80021f8c
core   0: 0x8000aca4 (0x02f8ef33) rem     t5, a7, a5
core   0: 3 0x8000aca4 (0x02f8ef33) x30 0x95ca2b4e
core   0: 0x8000aca8 (0x1bb77437) lui     s0, 0x1bb77
core   0: 3 0x8000aca8 (0x1bb77437) x 8 0x1bb77000
core   0: 0x8000acac (0x03fcafb3) mulhsu  t6, s9, t6
core   0: 3 0x8000acac (0x03fcafb3) x31 0x00000000
core   0: 0x8000acb0 (0x00006ad1) c.lui   s5, 0x14
core   0: 3 0x8000acb0 (0x6ad1) x21 0x00014000
core   0: 0x8000acb2 (0x0000100f) fence.i
core   0: 3 0x8000acb2 (0x0000100f)
core   0: 0x8000acb6 (0x000086f9) c.srai  a3, 30
core   0: 3 0x8000acb6 (0x86f9) x13 0x00000000
core   0: 0x8000acb8 (0x0000100f) fence.i
core   0: 3 0x8000acb8 (0x0000100f)
core   0: 0x8000acbc (0x027db633) mulhu   a2, s11, t2
core   0: 3 0x8000acbc (0x027db633) x12 0x00000000
core   0: 0x8000acc0 (0x73eaf613) andi    a2, s5, 1854
core   0: 3 0x8000acc0 (0x73eaf613) x12 0x00000000
core   0: 0x8000acc4 (0x0267eb63) bltu    a5, t1, pc + 54
core   0: 3 0x8000acc4 (0x0267eb63)
core   0: 0x8000acc8 (0x00004d05) c.li    s10, 1
core   0: 3 0x8000acc8 (0x4d05) x26 0x00000001
core   0: 0x8000acca (0x00000462) c.slli  s0, 24
core   0: 3 0x8000acca (0x0462) x 8 0x00000000
core   0: 0x8000accc (0x02d6e363) bltu    a3, a3, pc + 38
core   0: 3 0x8000accc (0x02d6e363)
core   0: 0x8000acd0 (0xe95a4693) xori    a3, s4, -363
core   0: 3 0x8000acd0 (0xe95a4693) x13 0x0000016a
core   0: 0x8000acd4 (0x00008555) c.srai  a0, 21
core   0: 3 0x8000acd4 (0x8555) x10 0x000001a3
core   0: 0x8000acd6 (0x00006995) c.lui   s3, 0x5
core   0: 3 0x8000acd6 (0x6995) x19 0x00005000
core   0: 0x8000acd8 (0x02a01933) mulh    s2, zero, a0
core   0: 3 0x8000acd8 (0x02a01933) x18 0x00000000
core   0: 0x8000acdc (0x0000ce1d) c.beqz  a2, pc + 62
core   0: 3 0x8000acdc (0xce1d)
core   0: 0x8000ad1a (0xe20cf393) andi    t2, s9, -480
core   0: 3 0x8000ad1a (0xe20cf393) x 7 0x30000000
core   0: 0x8000ad1e (0x023805b3) mul     a1, a6, gp
core   0: 3 0x8000ad1e (0x023805b3) x11 0x00000000
core   0: 0x8000ad22 (0x96c4fc13) andi    s8, s1, -1684
core   0: 3 0x8000ad22 (0x96c4fc13) x24 0x80025864
core   0: 0x8000ad26 (0x00005e7d) c.li    t3, -1
core   0: 3 0x8000ad26 (0x5e7d) x28 0xffffffff
core   0: 0x8000ad28 (0x4012d433) sra     s0, t0, ra
core   0: 3 0x8000ad28 (0x4012d433) x 8 0x00000000
core   0: 0x8000ad2c (0x0ff0000f) fence   iorw,iorw
core   0: 3 0x8000ad2c (0x0ff0000f)
core   0: 0x8000ad30 (0x014ee533) or      a0, t4, s4
core   0: 3 0x8000ad30 (0x014ee533) x10 0xffffffff
core   0: 0x8000ad34 (0x01fa0833) add     a6, s4, t6
core   0: 3 0x8000ad34 (0x01fa0833) x16 0xffffffff
core   0: 0x8000ad38 (0x00008e5d) c.or    a2, a5
core   0: 3 0x8000ad38 (0x8e5d) x12 0x80000000
core   0: 0x8000ad3a (0x01626b63) bltu    tp, s6, pc + 22
core   0: 3 0x8000ad3a (0x01626b63)
core   0: 0x8000ad3e (0x0ff0000f) fence   iorw,iorw
core   0: 3 0x8000ad3e (0x0ff0000f)
core   0: 0x8000ad42 (0x00008dd5) c.or    a1, a3
core   0: 3 0x8000ad42 (0x8dd5) x11 0x0000016a
core   0: 0x8000ad44 (0x00008dc5) c.or    a1, s1
core   0: 3 0x8000ad44 (0x8dc5) x11 0x80025dee
core   0: 0x8000ad46 (0x00009a7d) c.andi  a2, -1
core   0: 3 0x8000ad46 (0x9a7d) x12 0x80000000
core   0: 0x8000ad48 (0x03b470b3) remu    ra, s0, s11
core   0: 3 0x8000ad48 (0x03b470b3) x 1 0x00000000
core   0: 0x8000ad4c (0x0000e695) c.bnez  a3, pc + 44
core   0: 3 0x8000ad4c (0xe695)
core   0: 0x8000ad78 (0x01f761b3) or      gp, a4, t6
core   0: 3 0x8000ad78 (0x01f761b3) x 3 0x00000000
core   0: 0x8000ad7c (0x00000971) c.addi  s2, 28
core   0: 3 0x8000ad7c (0x0971) x18 0x0000001c
core   0: 0x8000ad7e (0x02da4663) blt     s4, a3, pc + 44
core   0: 3 0x8000ad7e (0x02da4663)
core   0: 0x8000adaa (0x3d27d137) lui     sp, 0x3d27d
core   0: 3 0x8000adaa (0x3d27d137) x 2 0x3d27d000
core   0: 0x8000adae (0xac9c3e13) sltiu   t3, s8, -1335
core   0: 3 0x8000adae (0xac9c3e13) x28 0x00000001
core   0: 0x8000adb2 (0x29a96693) ori     a3, s2, 666
core   0: 3 0x8000adb2 (0x29a96693) x13 0x0000029e
core   0: 0x8000adb6 (0x0128e333) or      t1, a7, s2
core   0: 3 0x8000adb6 (0x0128e333) x 6 0x95ca2b5e
core   0: 0x8000adba (0x00000eaa) c.slli  t4, 10
core   0: 3 0x8000adba (0x0eaa) x29 0x2c000000
core   0: 0x8000adbc (0x01d4d5b3) srl     a1, s1, t4
core   0: 3 0x8000adbc (0x01d4d5b3) x11 0x80025ce4
core   0: 0x8000adc0 (0x00008d8d) c.sub   a1, a1
core   0: 3 0x8000adc0 (0x8d8d) x11 0x00000000
core   0: 0x8000adc2 (0x00531833) sll     a6, t1, t0
core   0: 3 0x8000adc2 (0x00531833) x16 0x95ca2b5e
core   0: 0x8000adc6 (0x011075b3) and     a1, zero, a7
core   0: 3 0x8000adc6 (0x011075b3) x11 0x00000000
core   0: 0x8000adca (0x033d7233) remu    tp, s10, s3
core   0: 3 0x8000adca (0x033d7233) x 4 0x00000001
core   0: 0x8000adce (0x00c35a33) srl     s4, t1, a2
core   0: 3 0x8000adce (0x00c35a33) x20 0x95ca2b5e
core   0: 0x8000add2 (0x00d2d6b3) srl     a3, t0, a3
core   0: 3 0x8000add2 (0x00d2d6b3) x13 0x00000000
core   0: 0x8000add6 (0x0000567d) c.li    a2, -1
core   0: 3 0x8000add6 (0x567d) x12 0xffffffff
core   0: 0x8000add8 (0x00001c00) c.addi4spn s0, sp, 560
core   0: 3 0x8000add8 (0x1c00) x 8 0x3d27d230
core   0: 0x8000adda (0x02485cb3) divu    s9, a6, tp
core   0: 3 0x8000adda (0x02485cb3) x25 0x95ca2b5e
core   0: 0x8000adde (0x00006e65) c.lui   t3, 0x19
core   0: 3 0x8000adde (0x6e65) x28 0x00019000
core   0: 0x8000ade0 (0x00008441) c.srai  s0, 16
core   0: 3 0x8000ade0 (0x8441) x 8 0x00003d27
core   0: 0x8000ade2 (0xe69eca13) xori    s4, t4, -407
core   0: 3 0x8000ade2 (0xe69eca13) x20 0xd3fffe69
core   0: 0x8000ade6 (0x0ff0000f) fence   iorw,iorw
core   0: 3 0x8000ade6 (0x0ff0000f)
core   0: 0x8000adea (0x0fe64893) xori    a7, a2, 254
core   0: 3 0x8000adea (0x0fe64893) x17 0xffffff01
core   0: 0x8000adee (0x010a9cb3) sll     s9, s5, a6
core   0: 3 0x8000adee (0x010a9cb3) x25 0x00000000
core   0: 0x8000adf2 (0x00b340b3) xor     ra, t1, a1
core   0: 3 0x8000adf2 (0x00b340b3) x 1 0x95ca2b5e
core   0: 0x8000adf6 (0x00561a63) bne     a2, t0, pc + 20
core   0: 3 0x8000adf6 (0x00561a63)
core   0: 0x8000ae0a (0x03893633) mulhu   a2, s2, s8
core   0: 3 0x8000ae0a (0x03893633) x12 0x0000000e
core   0: 0x8000ae0e (0x00008769) c.srai  a4, 26
core   0: 3 0x8000ae0e (0x8769) x14 0x00000000
core   0: 0x8000ae10 (0x01908833) add     a6, ra, s9
core   0: 3 0x8000ae10 (0x01908833) x16 0x95ca2b5e
core   0: 0x8000ae14 (0x026383b3) mul     t2, t2, t1
core   0: 3 0x8000ae14 (0x026383b3) x 7 0xa0000000
core   0: 0x8000ae18 (0x007e1263) bne     t3, t2, pc + 4
core   0: 3 0x8000ae18 (0x007e1263)
core   0: 0x8000ae1c (0x0000987d) c.andi  s0, -1
core   0: 3 0x8000ae1c (0x987d) x 8 0x00003d27
core   0: 0x8000ae1e (0x001e8a33) add     s4, t4, ra
core   0: 3 0x8000ae1e (0x001e8a33) x20 0xc1ca2b5e
core   0: 0x8000ae22 (0x00008d5d) c.or    a0, a5
core   0: 3 0x8000ae22 (0x8d5d) x10 0xffffffff
core   0: 0x8000ae24 (0x0178a2b3) slt     t0, a7, s7
core   0: 3 0x8000ae24 (0x0178a2b3) x 5 0x00000000
core   0: 0x8000ae28 (0x000082b1) c.srli  a3, 12
core   0: 3 0x8000ae28 (0x82b1) x13 0x00000000
core   0: 0x8000ae2a (0x00008f35) c.xor   a4, a3
core   0: 3 0x8000ae2a (0x8f35) x14 0x00000000
core   0: 0x8000ae2c (0x83937813) andi    a6, t1, -1991
core   0: 3 0x8000ae2c (0x83937813) x16 0x95ca2818
core   0: 0x8000ae30 (0x00008de9) c.and   a1, a0
core   0: 3 0x8000ae30 (0x8de9) x11 0x00000000
core   0: 0x8000ae32 (0x54ea3a97) auipc   s5, 0x54ea3
core   0: 3 0x8000ae32 (0x54ea3a97) x21 0xd4eade32
core   0: 0x8000ae36 (0x0ff0000f) fence   iorw,iorw
core   0: 3 0x8000ae36 (0x0ff0000f)
core   0: 0x8000ae3a (0x022938b3) mulhu   a7, s2, sp
core   0: 3 0x8000ae3a (0x022938b3) x17 0x00000006
core   0: 0x8000ae3e (0x02390063) beq     s2, gp, pc + 32
core   0: 3 0x8000ae3e (0x02390063)
core   0: 0x8000ae42 (0x000061fd) c.lui   gp, 0x1f
core   0: 3 0x8000ae42 (0x61fd) x 3 0x0001f000
core   0: 0x8000ae44 (0x00000001) c.nop
core   0: 3 0x8000ae44 (0x0001)
core   0: 0x8000ae46 (0x02ffb3b3) mulhu   t2, t6, a5
core   0: 3 0x8000ae46 (0x02ffb3b3) x 7 0x00000000
core   0: 0x8000ae4a (0xfa9abb13) sltiu   s6, s5, -87
core   0: 3 0x8000ae4a (0xfa9abb13) x22 0x00000001
core   0: 0x8000ae4e (0x02a88e63) beq     a7, a0, pc + 60
core   0: 3 0x8000ae4e (0x02a88e63)
core   0: 0x8000ae52 (0x032b49b3) div     s3, s6, s2
core   0: 3 0x8000ae52 (0x032b49b3) x19 0x00000000
core   0: 0x8000ae56 (0x0000100f) fence.i
core   0: 3 0x8000ae56 (0x0000100f)
core   0: 0x8000ae5a (0x0043f6b3) and     a3, t2, tp
core   0: 3 0x8000ae5a (0x0043f6b3) x13 0x00000000
core   0: 0x8000ae5e (0xc8d4ed13) ori     s10, s1, -883
core   0: 3 0x8000ae5e (0xc8d4ed13) x26 0xfffffced
core   0: 0x8000ae62 (0x03d71f63) bne     a4, t4, pc + 62
core   0: 3 0x8000ae62 (0x03d71f63)
core   0: 0x8000aea0 (0x024f95b3) mulh    a1, t6, tp
core   0: 3 0x8000aea0 (0x024f95b3) x11 0x00000000
core   0: 0x8000aea4 (0x00009ed2) c.add   t4, s4
core   0: 3 0x8000aea4 (0x9ed2) x29 0xedca2b5e
core   0: 0x8000aea6 (0x00c76db3) or      s11, a4, a2
core   0: 3 0x8000aea6 (0x00c76db3) x27 0x0000000e
core   0: 0x8000aeaa (0x03ec5fb3) divu    t6, s8, t5
core   0: 3 0x8000aeaa (0x03ec5fb3) x31 0x00000000
core   0: 0x8000aeae (0x01752e33) slt     t3, a0, s7
core   0: 3 0x8000aeae (0x01752e33) x28 0x00000000
core   0: 0x8000aeb2 (0x0000e605) c.bnez  a2, pc + 40
core   0: 3 0x8000aeb2 (0xe605)
core   0: 0x8000aeda (0x01d95613) srli    a2, s2, 29
core   0: 3 0x8000aeda (0x01d95613) x12 0x00000000
core   0: 0x8000aede (0x01cc6ab3) or      s5, s8, t3
core   0: 3 0x8000aede (0x01cc6ab3) x21 0x80025864
core   0: 0x8000aee2 (0x00008749) c.srai  a4, 18
core   0: 3 0x8000aee2 (0x8749) x14 0x00000000
core   0: 0x8000aee4 (0x00001e08) c.addi4spn a0, sp, 816
core   0: 3 0x8000aee4 (0x1e08) x10 0x3d27d330
core   0: 0x8000aee6 (0x03810333) mul     t1, sp, s8
core   0: 3 0x8000aee6 (0x03810333) x 6 0x330d4000
core   0: 0x8000aeea (0x033b5f33) divu    t5, s6, s3
core   0: 3 0x8000aeea (0x033b5f33) x30 0xffffffff
core   0: 0x8000aeee (0x000009a6) c.slli  s3, 9
core   0: 3 0x8000aeee (0x09a6) x19 0x00000000
core   0: 0x8000aef0 (0xd412cf13) xori    t5, t0, -703
core   0: 3 0x8000aef0 (0xd412cf13) x30 0xfffffd41
core   0: 0x8000aef4 (0x00008c3d) c.xor   s0, a5
core   0: 3 0x8000aef4 (0x8c3d) x 8 0x80003d27
core   0: 0x8000aef6 (0x00008de9) c.and   a1, a0
core   0: 3 0x8000aef6 (0x8de9) x11 0x00000000
core   0: 0x8000aef8 (0x024ffb33) remu    s6, t6, tp
core   0: 3 0x8000aef8 (0x024ffb33) x22 0x00000000
core   0: 0x8000aefc (0x00000cc2) c.slli  s9, 16
core   0: 3 0x8000aefc (0x0cc2) x25 0x00000000
core   0: 0x8000aefe (0x03fd8ab3) mul     s5, s11, t6
core   0: 3 0x8000aefe (0x03fd8ab3) x21 0x00000000
core   0: 0x8000af02 (0x01cc43b3) xor     t2, s8, t3
core   0: 3 0x8000af02 (0x01cc43b3) x 7 0x80025864
core   0: 0x8000af06 (0x00000001) c.nop
core   0: 3 0x8000af06 (0x0001)
core   0: 0x8000af08 (0x0230a9b3) mulhsu  s3, ra, gp
core   0: 3 0x8000af08 (0x0230a9b3) x19 0xffff3237
core   0: 0x8000af0c (0x01d59cb3) sll     s9, a1, t4
core   0: 3 0x8000af0c (0x01d59cb3) x25 0x00000000
core   0: 0x8000af10 (0x00008eb1) c.xor   a3, a2
core   0: 3 0x8000af10 (0x8eb1) x13 0x00000000
core   0: 0x8000af12 (0x01191fb3) sll     t6, s2, a7
core   0: 3 0x8000af12 (0x01191fb3) x31 0x00000700
core   0: 0x8000af16 (0x01610f93) addi    t6, sp, 22
core   0: 3 0x8000af16 (0x01610f93) x31 0x3d27d016
core   0: 0x8000af1a (0x004ba883) lw      a7, 4(s7)
core   0: 3 0x8000af1a (0x004ba883) x17 0x80008bd2 mem 0x80021e40
core   0: 0x8000af1e (0x62a45417) auipc   s0, 0x62a45
core   0: 3 0x8000af1e (0x62a45417) x 8 0xe2a4ff1e
core   0: 0x8000af22 (0x01c69f93) slli    t6, a3, 28
core   0: 3 0x8000af22 (0x01c69f93) x31 0x00000000
core   0: 0x8000af26 (0x00006139) c.addi16sp sp, 448
core   0: 3 0x8000af26 (0x6139) x 2 0x3d27d1c0
core   0: 0x8000af28 (0x016ed193) srli    gp, t4, 22
core   0: 3 0x8000af28 (0x016ed193) x 3 0x000003b7
core   0: 0x8000af2c (0x30363993) sltiu   s3, a2, 771
core   0: 3 0x8000af2c (0x30363993) x19 0x00000001
core   0: 0x8000af30 (0x028b8b93) addi    s7, s7, 40
core   0: 3 0x8000af30 (0x028b8b93) x23 0x80021e64
core   0: 0x8000af34 (0x796b4f93) xori    t6, s6, 1942
core   0: 3 0x8000af34 (0x796b4f93) x31 0x00000796
core   0: 0x8000af38 (0x41525d13) srai    s10, tp, 21
core   0: 3 0x8000af38 (0x41525d13) x26 0x00000000
core   0: 0x8000af3c (0x021b1633) mulh    a2, s6, ra
core   0: 3 0x8000af3c (0x021b1633) x12 0x00000000
core   0: 0x8000af40 (0x01c9e2b3) or      t0, s3, t3
core   0: 3 0x8000af40 (0x01c9e2b3) x 5 0x00000001
core   0: 0x8000af44 (0x00188213) addi    tp, a7, 1
core   0: 3 0x8000af44 (0x00188213) x 4 0x80008bd3
core   0: 0x8000af48 (0x00020267) jalr    tp, tp, 0
core   0: 3 0x8000af48 (0x00020267) x 4 0x8000af4c
core   0: 0x80008bd2 (0x02875563) bge     a4, s0, pc + 42
core   0: 3 0x80008bd2 (0x02875563)
core   0: 0x80008bfc (0x0106df13) srli    t5, a3, 16
core   0: 3 0x80008bfc (0x0106df13) x30 0x00000000
core   0: 0x80008c00 (0x02540cb3) mul     s9, s0, t0
core   0: 3 0x80008c00 (0x02540cb3) x25 0xe2a4ff1e
core   0: 0x80008c04 (0x01b05e33) srl     t3, zero, s11
core   0: 3 0x80008c04 (0x01b05e33) x28 0x00000000
core   0: 0x80008c08 (0x03388233) mul     tp, a7, s3
core   0: 3 0x80008c08 (0x03388233) x 4 0x80008bd2
core   0: 0x80008c0c (0x01ce7b63) bgeu    t3, t3, pc + 22
core   0: 3 0x80008c0c (0x01ce7b63)
core   0: 0x80008c22 (0x1d376713) ori     a4, a4, 467
core   0: 3 0x80008c22 (0x1d376713) x14 0x000001d3
core   0: 0x80008c26 (0x0000100f) fence.i
core   0: 3 0x80008c26 (0x0000100f)
core   0: 0x80008c2a (0x0ff0000f) fence   iorw,iorw
core   0: 3 0x80008c2a (0x0ff0000f)
core   0: 0x80008c2e (0x0227d633) divu    a2, a5, sp
core   0: 3 0x80008c2e (0x0227d633) x12 0x00000002
core   0: 0x80008c32 (0x00429693) slli    a3, t0, 4
core   0: 3 0x80008c32 (0x00429693) x13 0x00000010
core   0: 0x80008c36 (0x00365b33) srl     s6, a2, gp
core   0: 3 0x80008c36 (0x00365b33) x22 0x00000000
core   0: 0x80008c3a (0xf27dc013) xori    zero, s11, -217
core   0: 3 0x80008c3a (0xf27dc013)
core   0: 0x80008c3e (0x2970aa13) slti    s4, ra, 663
core   0: 3 0x80008c3e (0x2970aa13) x20 0x00000001
core   0: 0x80008c42 (0xb8a10093) addi    ra, sp, -1142
core   0: 3 0x80008c42 (0xb8a10093) x 1 0x3d27cd4a
core   0: 0x80008c46 (0x00058eb3) add     t4, a1, zero
core   0: 3 0x80008c46 (0x00058eb3) x29 0x00000000
core   0: 0x80008c4a (0x0ff0000f) fence   iorw,iorw
core   0: 3 0x80008c4a (0x0ff0000f)
core   0: 0x80008c4e (0x00b80d33) add     s10, a6, a1
core   0: 3 0x80008c4e (0x00b80d33) x26 0x95ca2818
core   0: 0x80008c52 (0x00000388) c.addi4spn a0, sp, 448
core   0: 3 0x80008c52 (0x0388) x10 0x3d27d380
core   0: 0x80008c54 (0x00008e81) c.sub   a3, s0
core   0: 3 0x80008c54 (0x8e81) x13 0x1d5b00f2
core   0: 0x80008c56 (0x041b9763) bne     s7, ra, pc + 78
core   0: 3 0x80008c56 (0x041b9763)
core   0: 0x80008ca4 (0x0051da93) srli    s5, gp, 5
core   0: 3 0x80008ca4 (0x0051da93) x21 0x0000001d
core   0: 0x80008ca8 (0x035d5a63) bge     s10, s5, pc + 52
core   0: 3 0x80008ca8 (0x035d5a63)
core   0: 0x80008cac (0x02a2b0b3) mulhu   ra, t0, a0
core   0: 3 0x80008cac (0x02a2b0b3) x 1 0x00000000
core   0: 0x80008cb0 (0x98aeae17) auipc   t3, 0x98aea
core   0: 3 0x80008cb0 (0x98aeae17) x28 0x18af2cb0
core   0: 0x80008cb4 (0x0075da93) srli    s5, a1, 7
core   0: 3 0x80008cb4 (0x0075da93) x21 0x00000000
core   0: 0x80008cb8 (0x41ef8f33) sub     t5, t6, t5
core   0: 3 0x80008cb8 (0x41ef8f33) x30 0x00000796
core   0: 0x80008cbc (0x0352cf33) div     t5, t0, s5
core   0: 3 0x80008cbc (0x0352cf33) x30 0xffffffff
core   0: 0x80008cc0 (0xf28e8993) addi    s3, t4, -216
core   0: 3 0x80008cc0 (0xf28e8993) x19 0xffffff28
core   0: 0x80008cc4 (0x0000971a) c.add   a4, t1
core   0: 3 0x80008cc4 (0x971a) x14 0x330d41d3
core   0: 0x80008cc6 (0x312ae893) ori     a7, s5, 786
core   0: 3 0x80008cc6 (0x312ae893) x17 0x00000312
core   0: 0x80008cca (0x02069fb3) mulh    t6, a3, zero
core   0: 3 0x80008cca (0x02069fb3) x31 0x00000000
core   0: 0x80008cce (0x0368bb33) mulhu   s6, a7, s6
core   0: 3 0x80008cce (0x0368bb33) x22 0x00000000
core   0: 0x80008cd2 (0x00008d51) c.or    a0, a2
core   0: 3 0x80008cd2 (0x8d51) x10 0x3d27d382
core   0: 0x80008cd4 (0x00a90863) beq     s2, a0, pc + 16
core   0: 3 0x80008cd4 (0x00a90863)
core   0: 0x80008cd8 (0x0248cb33) div     s6, a7, tp
core   0: 3 0x80008cd8 (0x0248cb33) x22 0x00000000
core   0: 0x80008cdc (0x0000c681) c.beqz  a3, pc + 8
core   0: 3 0x80008cdc (0xc681)
core   0: 0x80008cde (0x028445b3) div     a1, s0, s0
core   0: 3 0x80008cde (0x028445b3) x11 0x00000001
core   0: 0x80008ce2 (0x00000956) c.slli  s2, 21
core   0: 3 0x80008ce2 (0x0956) x18 0x03800000
core   0: 0x80008ce4 (0x00a6fd63) bgeu    a3, a0, pc + 26
core   0: 3 0x80008ce4 (0x00a6fd63)
core   0: 0x80008ce8 (0x00000001) c.nop
core   0: 3 0x80008ce8 (0x0001)
core   0: 0x80008cea (0x00000f88) c.addi4spn a0, sp, 976
core   0: 3 0x80008cea (0x0f88) x10 0x3d27d590
core   0: 0x80008cec (0x01edff63) bgeu    s11, t5, pc + 30
core   0: 3 0x80008cec (0x01edff63)
core   0: 0x80008cf0 (0xf14c8193) addi    gp, s9, -236
core   0: 3 0x80008cf0 (0xf14c8193) x 3 0xe2a4fe32
core   0: 0x80008cf4 (0x00008e01) c.sub   a2, s0
core   0: 3 0x80008cf4 (0x8e01) x12 0x1d5b00e4
core   0: 0x80008cf6 (0x002006b3) add     a3, zero, sp
core   0: 3 0x80008cf6 (0x002006b3) x13 0x3d27d1c0
core   0: 0x80008cfa (0x01c8eb33) or      s6, a7, t3
core   0: 3 0x80008cfa (0x01c8eb33) x22 0x18af2fb2
core   0: 0x80008cfe (0x04738d63) beq     t2, t2, pc + 90
core   0: 3 0x80008cfe (0x04738d63)
core   0: 0x80008d58 (0x00009a7d) c.andi  a2, -1
core   0: 3 0x80008d58 (0x9a7d) x12 0x1d5b00e4
core   0: 0x80008d5a (0x03938563) beq     t2, s9, pc + 42
core   0: 3 0x80008d5a (0x03938563)
core   0: 0x80008d5e (0x02d43833) mulhu   a6, s0, a3
core   0: 3 0x80008d5e (0x02d43833) x16 0x3624919f
core   0: 0x80008d62 (0x00000001) c.nop
core   0: 3 0x80008d62 (0x0001)
core   0: 0x80008d64 (0xbefebc17) auipc   s8, 0xbefeb
core   0: 3 0x80008d64 (0xbefebc17) x24 0x3eff3d64
core   0: 0x80008d68 (0x02564c63) blt     a2, t0, pc + 56
core   0: 3 0x80008d68 (0x02564c63)
core   0: 0x80008d6c (0x000005ce) c.slli  a1, 19
core   0: 3 0x80008d6c (0x05ce) x11 0x00080000
core   0: 0x80008d6e (0x034e5963) bge     t3, s4, pc + 50
core   0: 3 0x80008d6e (0x034e5963)
core   0: 0x80008da0 (0x00008699) c.srai  a3, 6
core   0: 3 0x80008da0 (0x8699) x13 0x00f49f47
core   0: 0x80008da2 (0x00000001) c.nop
core   0: 3 0x80008da2 (0x0001)
core   0: 0x80008da4 (0x0092b1b3) sltu    gp, t0, s1
core   0: 3 0x80008da4 (0x0092b1b3) x 3 0x00000001
core   0: 0x80008da8 (0x00008d19) c.sub   a0, a4
core   0: 3 0x80008da8 (0x8d19) x10 0x0a1a93bd
core   0: 0x80008daa (0x000082dd) c.srli  a3, 23
core   0: 3 0x80008daa (0x82dd) x13 0x00000001
core   0: 0x80008dac (0x5745f313) andi    t1, a1, 1396
core   0: 3 0x80008dac (0x5745f313) x 6 0x00000000
core   0: 0x80008db0 (0x7becbfb7) lui     t6, 0x7becb
core   0: 3 0x80008db0 (0x7becbfb7) x31 0x7becb000
core   0: 0x80008db4 (0x02f6aa33) mulhsu  s4, a3, a5
core   0: 3 0x80008db4 (0x02f6aa33) x20 0x00000000
core   0: 0x80008db8 (0x0000885d) c.andi  s0, 23
core   0: 3 0x80008db8 (0x885d) x 8 0x00000016
core   0: 0x80008dba (0x00cecfb3) xor     t6, t4, a2
core   0: 3 0x80008dba (0x00cecfb3) x31 0x1d5b00e4
core   0: 0x80008dbe (0x00009406) c.add   s0, ra
core   0: 3 0x80008dbe (0x9406) x 8 0x00000016
core   0: 0x80008dc0 (0x00355d13) srli    s10, a0, 3
core   0: 3 0x80008dc0 (0x00355d13) x26 0x01435277
core   0: 0x80008dc4 (0x0000167d) c.addi  a2, -1
core   0: 3 0x80008dc4 (0x167d) x12 0x1d5b00e3
core   0: 0x80008dc6 (0x028bc8b3) div     a7, s7, s0
core   0: 3 0x80008dc6 (0x028bc8b3) x17 0xfa2ea44b
core   0: 0x80008dca (0x0198d993) srli    s3, a7, 25
core   0: 3 0x80008dca (0x0198d993) x19 0x0000007d
core   0: 0x80008dce (0xb4d03293) sltiu   t0, zero, -1203
core   0: 3 0x80008dce (0xb4d03293) x 5 0x00000001
core   0: 0x80008dd2 (0x02c5d833) divu    a6, a1, a2
core   0: 3 0x80008dd2 (0x02c5d833) x16 0x00000000
core   0: 0x80008dd6 (0x00008d6d) c.and   a0, a1
core   0: 3 0x80008dd6 (0x8d6d) x10 0x00080000
core   0: 0x80008dd8 (0xa3ea1597) auipc   a1, 0xa3ea1
core   0: 3 0x80008dd8 (0xa3ea1597) x11 0x23ea9dd8
core   0: 0x80008ddc (0x03fbfa33) remu    s4, s7, t6
core   0: 3 0x80008ddc (0x03fbfa33) x20 0x0a961ad4
core   0: 0x80008de0 (0x00000894) c.addi4spn a3, sp, 80
core   0: 3 0x80008de0 (0x0894) x13 0x3d27d210
core   0: 0x80008de2 (0x00000001) c.nop
core   0: 3 0x80008de2 (0x0001)
core   0: 0x80008de4 (0x00008dd5) c.or    a1, a3
core   0: 3 0x80008de4 (0x8dd5) x11 0x3fefdfd8
core   0: 0x80008de6 (0x0000100f) fence.i
core   0: 3 0x80008de6 (0x0000100f)
core   0: 0x80008dea (0x92167d93) andi    s11, a2, -1759
core   0: 3 0x80008dea (0x92167d93) x27 0x1d5b0021
core   0: 0x80008dee (0x0000c329) c.beqz  a4, pc + 66
core   0: 3 0x80008dee (0xc329)
core   0: 0x80008df0 (0x00009452) c.add   s0, s4
core   0: 3 0x80008df0 (0x9452) x 8 0x0a961aea
core   0: 0x80008df2 (0xba7d9217) auipc   tp, 0xba7d9
core   0: 3 0x80008df2 (0xba7d9217) x 4 0x3a7e1df2
core   0: 0x80008df6 (0x40f05ab3) sra     s5, zero, a5
core   0: 3 0x80008df6 (0x40f05ab3) x21 0x00000000
core   0: 0x80008dfa (0x2ea9bf13) sltiu   t5, s3, 746
core   0: 3 0x80008dfa (0x2ea9bf13) x30 0x00000001
core   0: 0x80008dfe (0x97632593) slti    a1, t1, -1674
core   0: 3 0x80008dfe (0x97632593) x11 0x00000000
core   0: 0x80008e02 (0x401e8733) sub     a4, t4, ra
core   0: 3 0x80008e02 (0x401e8733) x14 0x00000000
core   0: 0x80008e06 (0x01fd5863) bge     s10, t6, pc + 16
core   0: 3 0x80008e06 (0x01fd5863)
core   0: 0x80008e0a (0x01dd4263) blt     s10, t4, pc + 4
core   0: 3 0x80008e0a (0x01dd4263)
core   0: 0x80008e0e (0x40a55693) srai    a3, a0, 10
core   0: 3 0x80008e0e (0x40a55693) x13 0x00000200
core   0: 0x80008e12 (0x023e11b3) mulh    gp, t3, gp
core   0: 3 0x80008e12 (0x023e11b3) x 3 0x00000000
core   0: 0x80008e16 (0x02c06d33) rem     s10, zero, a2
core   0: 3 0x80008e16 (0x02c06d33) x26 0x00000000
core   0: 0x80008e1a (0x0000100f) fence.i
core   0: 3 0x80008e1a (0x0000100f)
core   0: 0x80008e1e (0x02550633) mul     a2, a0, t0
core   0: 3 0x80008e1e (0x02550633) x12 0x00080000
core   0: 0x80008e22 (0x00000001) c.nop
core   0: 3 0x80008e22 (0x0001)
core   0: 0x80008e24 (0x01479993) slli    s3, a5, 20
core   0: 3 0x80008e24 (0x01479993) x19 0x00000000
core   0: 0x80008e28 (0x03324f33) div     t5, tp, s3
core   0: 3 0x80008e28 (0x03324f33) x30 0xffffffff
core   0: 0x80008e2c (0x00629e13) slli    t3, t0, 6
core   0: 3 0x80008e2c (0x00629e13) x28 0x00000040
core   0: 0x80008e30 (0x00000194) c.addi4spn a3, sp, 192
core   0: 3 0x80008e30 (0x0194) x13 0x3d27d280
core   0: 0x80008e32 (0x01594713) xori    a4, s2, 21
core   0: 3 0x80008e32 (0x01594713) x14 0x03800015
core   0: 0x80008e36 (0x01824633) xor     a2, tp, s8
core   0: 3 0x80008e36 (0x01824633) x12 0x04812096
core   0: 0x80008e3a (0x005138b3) sltu    a7, sp, t0
core   0: 3 0x80008e3a (0x005138b3) x17 0x00000000
core   0: 0x80008e3e (0x0000717d) c.addi16sp sp, -16
core   0: 3 0x80008e3e (0x717d) x 2 0x3d27d1b0
core   0: 0x80008e40 (0x03defe63) bgeu    t4, t4, pc + 60
core   0: 3 0x80008e40 (0x03defe63)
core   0: 0x80008e7c (0x000e1433) sll     s0, t3, zero
core   0: 3 0x80008e7c (0x000e1433) x 8 0x00000040
core   0: 0x80008e80 (0x0ff0000f) fence   iorw,iorw
core   0: 3 0x80008e80 (0x0ff0000f)
core   0: 0x80008e84 (0x00000551) c.addi  a0, 20
core   0: 3 0x80008e84 (0x0551) x10 0x00080014
core   0: 0x80008e86 (0x00006cb5) c.lui   s9, 0xd
core   0: 3 0x80008e86 (0x6cb5) x25 0x0000d000
core   0: 0x80008e88 (0x0291cc33) div     s8, gp, s1
core   0: 3 0x80008e88 (0x0291cc33) x24 0x00000000
core   0: 0x80008e8c (0x00008069) c.srli  s0, 26
core   0: 3 0x80008e8c (0x8069) x 8 0x00000000
core   0: 0x80008e8e (0x0ff0000f) fence   iorw,iorw
core   0: 3 0x80008e8e (0x0ff0000f)
core   0: 0x80008e92 (0x00f81713) slli    a4, a6, 15
core   0: 3 0x80008e92 (0x00f81713) x14 0x00000000
core   0: 0x80008e96 (0x00000001) c.nop
core   0: 3 0x80008e96 (0x0001)
core   0: 0x80008e98 (0x41178db3) sub     s11, a5, a7
core   0: 3 0x80008e98 (0x41178db3) x27 0x80000000
core   0: 0x80008e9c (0xe1700193) li      gp, -489
core   0: 3 0x80008e9c (0xe1700193) x 3 0xfffffe17
core   0: 0x80008ea0 (0x401953b3) sra     t2, s2, ra
core   0: 3 0x80008ea0 (0x401953b3) x 7 0x03800000
core   0: 0x80008ea4 (0x0e949ab7) lui     s5, 0xe949
core   0: 3 0x80008ea4 (0x0e949ab7) x21 0x0e949000
core   0: 0x80008ea8 (0x023af633) remu    a2, s5, gp
core   0: 3 0x80008ea8 (0x023af633) x12 0x0e949000
core   0: 0x80008eac (0x03f90933) mul     s2, s2, t6
core   0: 3 0x80008eac (0x03f90933) x18 0x1e000000
core   0: 0x80008eb0 (0x00008e91) c.sub   a3, a2
core   0: 3 0x80008eb0 (0x8e91) x13 0x2e934280
core   0: 0x80008eb2 (0x4117d633) sra     a2, a5, a7
core   0: 3 0x80008eb2 (0x4117d633) x12 0x80000000
core   0: 0x80008eb6 (0x027fd133) divu    sp, t6, t2
core   0: 3 0x80008eb6 (0x027fd133) x 2 0x00000008
core   0: 0x80008eba (0x03c79fb3) mulh    t6, a5, t3
core   0: 3 0x80008eba (0x03c79fb3) x31 0xffffffe0
core   0: 0x80008ebe (0xefad8093) addi    ra, s11, -262
core   0: 3 0x80008ebe (0xefad8093) x 1 0x7ffffefa
core   0: 0x80008ec2 (0x0000100f) fence.i
core   0: 3 0x80008ec2 (0x0000100f)
core   0: 0x80008ec6 (0x00000001) c.nop
core   0: 3 0x80008ec6 (0x0001)
core   0: 0x80008ec8 (0x0ff0000f) fence   iorw,iorw
core   0: 3 0x80008ec8 (0x0ff0000f)
core   0: 0x80008ecc (0x000091ca) c.add   gp, s2
core   0: 3 0x80008ecc (0x91ca) x 3 0x1dfffe17
core   0: 0x80008ece (0x00001780) c.addi4spn s0, sp, 992
core   0: 3 0x80008ece (0x1780) x 8 0x000003e8
core   0: 0x80008ed0 (0x00006191) c.lui   gp, 0x4
core   0: 3 0x80008ed0 (0x6191) x 3 0x00004000
core   0: 0x80008ed2 (0x00008e41) c.or    a2, s0
core   0: 3 0x80008ed2 (0x8e41) x12 0x800003e8
core   0: 0x80008ed4 (0x00000001) c.nop
core   0: 3 0x80008ed4 (0x0001)
core   0: 0x80008ed6 (0x02470933) mul     s2, a4, tp
core   0: 3 0x80008ed6 (0x02470933) x18 0x00000000
core   0: 0x80008eda (0xffcabd93) sltiu   s11, s5, -4
core   0: 3 0x80008eda (0xffcabd93) x27 0x00000001
core   0: 0x80008ede (0x00000001) c.nop
core   0: 3 0x80008ede (0x0001)
core   0: 0x80008ee0 (0x58dfac93) slti    s9, t6, 1421
core   0: 3 0x80008ee0 (0x58dfac93) x25 0x00000001
core   0: 0x80008ee4 (0x374e4893) xori    a7, t3, 884
core   0: 3 0x80008ee4 (0x374e4893) x17 0x00000334
core   0: 0x80008ee8 (0x0ff0000f) fence   iorw,iorw
core   0: 3 0x80008ee8 (0x0ff0000f)
core   0: 0x80008eec (0x67b72713) slti    a4, a4, 1659
core   0: 3 0x80008eec (0x67b72713) x14 0x00000001
core   0: 0x80008ef0 (0x00000c92) c.slli  s9, 4
core   0: 3 0x80008ef0 (0x0c92) x25 0x00000010
core   0: 0x80008ef2 (0x40705a93) srai    s5, zero, 7
core   0: 3 0x80008ef2 (0x40705a93) x21 0x00000000
core   0: 0x80008ef6 (0x00008ea5) c.xor   a3, s1
core   0: 3 0x80008ef6 (0x8ea5) x13 0xae911e64
core   0: 0x80008ef8 (0x00008d21) c.xor   a0, s0
core   0: 3 0x80008ef8 (0x8d21) x10 0x000803fc
core   0: 0x80008efa (0x00000ae2) c.slli  s5, 24
core   0: 3 0x80008efa (0x0ae2) x21 0x00000000
core   0: 0x80008efc (0x0000717d) c.addi16sp sp, -16
core   0: 3 0x80008efc (0x717d) x 2 0xfffffff8
core   0: 0x80008efe (0x00c4ac33) slt     s8, s1, a2
core   0: 3 0x80008efe (0x00c4ac33) x24 0x00000000
core   0: 0x80008f02 (0x00b5df93) srli    t6, a1, 11
core   0: 3 0x80008f02 (0x00b5df93) x31 0x00000000
core   0: 0x80008f06 (0x02d45633) divu    a2, s0, a3
core   0: 3 0x80008f06 (0x02d45633) x12 0x00000000
core   0: 0x80008f0a (0x046ae563) bltu    s5, t1, pc + 74
core   0: 3 0x80008f0a (0x046ae563)
core   0: 0x80008f0e (0x035a0833) mul     a6, s4, s5
core   0: 3 0x80008f0e (0x035a0833) x16 0x00000000
core   0: 0x80008f12 (0xeca77593) andi    a1, a4, -310
core   0: 3 0x80008f12 (0xeca77593) x11 0x00000000
core   0: 0x80008f16 (0x01b410b3) sll     ra, s0, s11
core   0: 3 0x80008f16 (0x01b410b3) x 1 0x000007d0
core   0: 0x80008f1a (0x012e52b3) srl     t0, t3, s2
core   0: 3 0x80008f1a (0x012e52b3) x 5 0x00000040
core   0: 0x80008f1e (0x005bf433) and     s0, s7, t0
core   0: 3 0x80008f1e (0x005bf433) x 8 0x00000040
core   0: 0x80008f22 (0x03b8d663) bge     a7, s11, pc + 44
core   0: 3 0x80008f22 (0x03b8d663)
core   0: 0x80008f4e (0x03641033) mulh    zero, s0, s6
core   0: 3 0x80008f4e (0x03641033)
core   0: 0x80008f52 (0x00004579) c.li    a0, 30
core   0: 3 0x80008f52 (0x4579) x10 0x0000001e
core   0: 0x80008f54 (0x00000db5) c.addi  s11, 13
core   0: 3 0x80008f54 (0x0db5) x27 0x0000000e
core   0: 0x80008f56 (0x00000f92) c.slli  t6, 4
core   0: 3 0x80008f56 (0x0f92) x31 0x00000000
core   0: 0x80008f58 (0x0000cf01) c.beqz  a4, pc + 24
core   0: 3 0x80008f58 (0xcf01)
core   0: 0x80008f5a (0x00008f1d) c.sub   a4, a5
core   0: 3 0x80008f5a (0x8f1d) x14 0x80000001
core   0: 0x80008f5c (0xdd102c93) slti    s9, zero, -559
core   0: 3 0x80008f5c (0xdd102c93) x25 0x00000000
core   0: 0x80008f60 (0x00008041) c.srli  s0, 16
core   0: 3 0x80008f60 (0x8041) x 8 0x00000000
core   0: 0x80008f62 (0x01ee0633) add     a2, t3, t5
core   0: 3 0x80008f62 (0x01ee0633) x12 0x0000003f
core   0: 0x80008f66 (0x00000001) c.nop
core   0: 3 0x80008f66 (0x0001)
core   0: 0x80008f68 (0x01c82533) slt     a0, a6, t3
core   0: 3 0x80008f68 (0x01c82533) x10 0x00000001
core   0: 0x80008f6c (0x038e5933) divu    s2, t3, s8
core   0: 3 0x80008f6c (0x038e5933) x18 0xffffffff
core   0: 0x80008f70 (0x00000001) c.nop
core   0: 3 0x80008f70 (0x0001)
core   0: 0x80008f72 (0x016be9b3) or      s3, s7, s6
core   0: 3 0x80008f72 (0x016be9b3) x19 0x98af3ff6
core   0: 0x80008f76 (0x01f95333) srl     t1, s2, t6
core   0: 3 0x80008f76 (0x01f95333) x 6 0xffffffff
core   0: 0x80008f7a (0x0320f5b3) remu    a1, ra, s2
core   0: 3 0x80008f7a (0x0320f5b3) x11 0x000007d0
core   0: 0x80008f7e (0x000096a6) c.add   a3, s1
core   0: 3 0x80008f7e (0x96a6) x13 0x2e937b48
core   0: 0x80008f80 (0x0ff0000f) fence   iorw,iorw
core   0: 3 0x80008f80 (0x0ff0000f)
core   0: 0x80008f84 (0xc0c70f97) auipc   t6, 0xc0c70
core   0: 3 0x80008f84 (0xc0c70f97) x31 0x40c78f84
core   0: 0x80008f88 (0xffbdcdb7) lui     s11, 0xffbdc
core   0: 3 0x80008f88 (0xffbdcdb7) x27 0xffbdc000
core   0: 0x80008f8c (0x02142733) mulhsu  a4, s0, ra
core   0: 3 0x80008f8c (0x02142733) x14 0x00000000
core   0: 0x80008f90 (0x03e33433) mulhu   s0, t1, t5
core   0: 3 0x80008f90 (0x03e33433) x 8 0xfffffffe
core   0: 0x80008f94 (0x0000c409) c.beqz  s0, pc + 10
core   0: 3 0x80008f94 (0xc409)
core   0: 0x80008f96 (0x00899e13) slli    t3, s3, 8
core   0: 3 0x80008f96 (0x00899e13) x28 0xaf3ff600
core   0: 0x80008f9a (0x0000ca0d) c.beqz  a2, pc + 50
core   0: 3 0x80008f9a (0xca0d)
core   0: 0x80008f9c (0x00008de1) c.and   a1, s0
core   0: 3 0x80008f9c (0x8de1) x11 0x000007d0
core   0: 0x80008f9e (0x032026b3) mulhsu  a3, zero, s2
core   0: 3 0x80008f9e (0x032026b3) x13 0x00000000
core   0: 0x80008fa2 (0x035dd8b3) divu    a7, s11, s5
core   0: 3 0x80008fa2 (0x035dd8b3) x17 0xffffffff
core   0: 0x80008fa6 (0x01d25a63) bge     tp, t4, pc + 20
core   0: 3 0x80008fa6 (0x01d25a63)
core   0: 0x80008fba (0x40268e33) sub     t3, a3, sp
core   0: 3 0x80008fba (0x40268e33) x28 0x00000008
core   0: 0x80008fbe (0x2d2b6417) auipc   s0, 0x2d2b6
core   0: 3 0x80008fbe (0x2d2b6417) x 8 0xad2befbe
core   0: 0x80008fc2 (0x00cb1db3) sll     s11, s6, a2
core   0: 3 0x80008fc2 (0x00cb1db3) x27 0x00000000
core   0: 0x80008fc6 (0x00008176) c.mv    sp, t4
core   0: 3 0x80008fc6 (0x8176) x 2 0x00000000
core   0: 0x80008fc8 (0x02529463) bne     t0, t0, pc + 40
core   0: 3 0x80008fc8 (0x02529463)
core   0: 0x80008fcc (0x00000c0c) c.addi4spn a1, sp, 528
core   0: 3 0x80008fcc (0x0c0c) x11 0x00000210
core   0: 0x80008fce (0x00009992) c.add   s3, tp
core   0: 3 0x80008fce (0x9992) x19 0xd32d5de8
core   0: 0x80008fd0 (0x00bb5263) bge     s6, a1, pc + 4
core   0: 3 0x80008fd0 (0x00bb5263)
core   0: 0x80008fd4 (0x02512a33) mulhsu  s4, sp, t0
core   0: 3 0x80008fd4 (0x02512a33) x20 0x00000000
core   0: 0x80008fd8 (0x02575db3) divu    s11, a4, t0
core   0: 3 0x80008fd8 (0x02575db3) x27 0x00000000
core   0: 0x80008fdc (0x000096ce) c.add   a3, s3
core   0: 3 0x80008fdc (0x96ce) x13 0xd32d5de8
core   0: 0x80008fde (0x01485313) srli    t1, a6, 20
core   0: 3 0x80008fde (0x01485313) x 6 0x00000000
core   0: 0x80008fe2 (0x0000100f) fence.i
core   0: 3 0x80008fe2 (0x0000100f)
core   0: 0x80008fe6 (0x00008425) c.srai  s0, 9
core   0: 3 0x80008fe6 (0x8425) x 8 0xffd695f7
core   0: 0x80008fe8 (0x002a6d33) or      s10, s4, sp
core   0: 3 0x80008fe8 (0x002a6d33) x26 0x00000000
core   0: 0x80008fec (0x01e68e63) beq     a3, t5, pc + 28
core   0: 3 0x80008fec (0x01e68e63)
core   0: 0x80008ff0 (0x02d38933) mul     s2, t2, a3
core   0: 3 0x80008ff0 (0x02d38933) x18 0xac000000
core   0: 0x80008ff4 (0x3de80113) addi    sp, a6, 990
core   0: 3 0x80008ff4 (0x3de80113) x 2 0x000003de
core   0: 0x80008ff8 (0x02c97d33) remu    s10, s2, a2
core   0: 3 0x80008ff8 (0x02c97d33) x26 0x0000002e
core   0: 0x80008ffc (0x00008676) c.mv    a2, t4
core   0: 3 0x80008ffc (0x8676) x12 0x00000000
core   0: 0x80008ffe (0x02400d63) beq     zero, tp, pc + 58
core   0: 3 0x80008ffe (0x02400d63)
core   0: 0x80009002 (0x000088be) c.mv    a7, a5
core   0: 3 0x80009002 (0x88be) x17 0x80000000
core   0: 0x80009004 (0x038a4cb3) div     s9, s4, s8
core   0: 3 0x80009004 (0x038a4cb3) x25 0xffffffff
core   0: 0x80009008 (0x000ef563) bgeu    t4, zero, pc + 10
core   0: 3 0x80009008 (0x000ef563)
core   0: 0x80009012 (0x02078fb3) mul     t6, a5, zero
core   0: 3 0x80009012 (0x02078fb3) x31 0x00000000
core   0: 0x80009016 (0x03efe6b3) rem     a3, t6, t5
core   0: 3 0x80009016 (0x03efe6b3) x13 0x00000000
core   0: 0x8000901a (0x00008d31) c.xor   a0, a2
core   0: 3 0x8000901a (0x8d31) x10 0x00000001
core   0: 0x8000901c (0x00000001) c.nop
core   0: 3 0x8000901c (0x0001)
core   0: 0x8000901e (0x41bd5b13) srai    s6, s10, 27
core   0: 3 0x8000901e (0x41bd5b13) x22 0x00000000
core   0: 0x80009022 (0x0000717d) c.addi16sp sp, -16
core   0: 3 0x80009022 (0x717d) x 2 0x000003ce
core   0: 0x80009024 (0x02800433) mul     s0, zero, s0
core   0: 3 0x80009024 (0x02800433) x 8 0x00000000
core   0: 0x80009028 (0x03167833) remu    a6, a2, a7
core   0: 3 0x80009028 (0x03167833) x16 0x00000000
core   0: 0x8000902c (0x0ff0000f) fence   iorw,iorw
core   0: 3 0x8000902c (0x0ff0000f)
core   0: 0x80009030 (0x00008c56) c.mv    s8, s5
core   0: 3 0x80009030 (0x8c56) x24 0x00000000
core   0: 0x80009032 (0x5a192893) slti    a7, s2, 1441
core   0: 3 0x80009032 (0x5a192893) x17 0x00000001
core   0: 0x80009036 (0x00000001) c.nop
core   0: 3 0x80009036 (0x0001)
core   0: 0x80009038 (0x00004e81) c.li    t4, 0
core   0: 3 0x80009038 (0x4e81) x29 0x00000000
core   0: 0x8000903a (0x00b68433) add     s0, a3, a1
core   0: 3 0x8000903a (0x00b68433) x 8 0x00000210
core   0: 0x8000903e (0x0ff0000f) fence   iorw,iorw
core   0: 3 0x8000903e (0x0ff0000f)
core   0: 0x80009042 (0x0ff0000f) fence   iorw,iorw
core   0: 3 0x80009042 (0x0ff0000f)
core   0: 0x80009046 (0x0206f333) remu    t1, a3, zero
core   0: 3 0x80009046 (0x0206f333) x 6 0x00000000
core   0: 0x8000904a (0x00008b39) c.andi  a4, 14
core   0: 3 0x8000904a (0x8b39) x14 0x00000000
core   0: 0x8000904c (0x00009c5e) c.add   s8, s7
core   0: 3 0x8000904c (0x9c5e) x24 0x80021e64
core   0: 0x8000904e (0x00008c19) c.sub   s0, a4
core   0: 3 0x8000904e (0x8c19) x 8 0x00000210
core   0: 0x80009050 (0xaa544213) xori    tp, s0, -1371
core   0: 3 0x80009050 (0xaa544213) x 4 0xfffff8b5
core   0: 0x80009054 (0x0ff0000f) fence   iorw,iorw
core   0: 3 0x80009054 (0x0ff0000f)
core   0: 0x80009058 (0x00008d5d) c.or    a0, a5
core   0: 3 0x80009058 (0x8d5d) x10 0x80000001
core   0: 0x8000905a (0x00661a93) slli    s5, a2, 6
core   0: 3 0x8000905a (0x00661a93) x21 0x00000000
core   0: 0x8000905e (0x00370963) beq     a4, gp, pc + 18
core   0: 3 0x8000905e (0x00370963)
core   0: 0x80009062 (0x04ad0e13) addi    t3, s10, 74
core   0: 3 0x80009062 (0x04ad0e13) x28 0x00000078
core   0: 0x80009066 (0x00b79133) sll     sp, a5, a1
core   0: 3 0x80009066 (0x00b79133) x 2 0x00000000
core   0: 0x8000906a (0x00008c09) c.sub   s0, a0
core   0: 3 0x8000906a (0x8c09) x 8 0x8000020f
core   0: 0x8000906c (0x00008019) c.srli  s0, 6
core   0: 3 0x8000906c (0x8019) x 8 0x02000008
core   0: 0x8000906e (0x000001fe) c.slli  gp, 31
core   0: 3 0x8000906e (0x01fe) x 3 0x00000000
core   0: 0x80009070 (0x02142ab3) mulhsu  s5, s0, ra
core   0: 3 0x80009070 (0x02142ab3) x21 0x0000000f
core   0: 0x80009074 (0x97cb2193) slti    gp, s6, -1668
core   0: 3 0x80009074 (0x97cb2193) x 3 0x00000000
core   0: 0x80009078 (0x00c41233) sll     tp, s0, a2
core   0: 3 0x80009078 (0x00c41233) x 4 0x02000008
core   0: 0x8000907c (0x8bb5e993) ori     s3, a1, -1861
core   0: 3 0x8000907c (0x8bb5e993) x19 0xfffffabb
core   0: 0x80009080 (0x00000622) c.slli  a2, 8
core   0: 3 0x80009080 (0x0622) x12 0x00000000
core   0: 0x80009082 (0x03937233) remu    tp, t1, s9
core   0: 3 0x80009082 (0x03937233) x 4 0x00000000
core   0: 0x80009086 (0x02865ab3) divu    s5, a2, s0
core   0: 3 0x80009086 (0x02865ab3) x21 0x00000000
core   0: 0x8000908a (0x0324cd63) blt     s1, s2, pc + 58
core   0: 3 0x8000908a (0x0324cd63)
core   0: 0x800090c4 (0x00008f25) c.xor   a4, s1
core   0: 3 0x800090c4 (0x8f25) x14 0x80025ce4
core   0: 0x800090c6 (0x00000001) c.nop
core   0: 3 0x800090c6 (0x0001)
core   0: 0x800090c8 (0x0ff0000f) fence   iorw,iorw
core   0: 3 0x800090c8 (0x0ff0000f)
core   0: 0x800090cc (0x00d38763) beq     t2, a3, pc + 14
core   0: 3 0x800090cc (0x00d38763)
core   0: 0x800090d0 (0x42fe6093) ori     ra, t3, 1071
core   0: 3 0x800090d0 (0x42fe6093) x 1 0x0000047f
core   0: 0x800090d4 (0x00000001) c.nop
core   0: 3 0x800090d4 (0x0001)
core   0: 0x800090d6 (0x88607393) andi    t2, zero, -1914
core   0: 3 0x800090d6 (0x88607393) x 7 0x00000000
core   0: 0x800090da (0x0196a433) slt     s0, a3, s9
core   0: 3 0x800090da (0x0196a433) x 8 0x00000000
core   0: 0x800090de (0x00000797) auipc   a5, 0x0
core   0: 3 0x800090de (0x00000797) x15 0x800090de
core   0: 0x800090e2 (0x00c78793) addi    a5, a5, 12
core   0: 3 0x800090e2 (0x00c78793) x15 0x800090ea
core   0: 0x800090e6 (0x00078067) jr      a5
core   0: 3 0x800090e6 (0x00078067)
core   0: 0x800090ea (0x00004185) c.li    gp, 1
core   0: 3 0x800090ea (0x4185) x 3 0x00000001
core   0: 0x800090ec (0x00000073) ecall
core   0: exception trap_machine_ecall, epc 0x800090ec
core   0: >>>>  mtvec_handler
core   0: 0x8000b880 (0x000014f1) c.addi  s1, -4
core   0: 3 0x8000b880 (0x14f1) x 9 0x80025ce0
core   0: 0x8000b882 (0x0174a023) sw      s7, 0(s1)
core   0: 3 0x8000b882 (0x0174a023) mem 0x80025ce0 0x80021e64
core   0: 0x8000b886 (0x00048bb3) add     s7, s1, zero
core   0: 3 0x8000b886 (0x00048bb3) x23 0x80025ce0
core   0: 0x8000b88a (0xf80b8b93) addi    s7, s7, -128
core   0: 3 0x8000b88a (0xf80b8b93) x23 0x80025c60
core   0: 0x8000b88e (0x001ba223) sw      ra, 4(s7)
core   0: 3 0x8000b88e (0x001ba223) mem 0x80025c64 0x0000047f
core   0: 0x8000b892 (0x002ba423) sw      sp, 8(s7)
core   0: 3 0x8000b892 (0x002ba423) mem 0x80025c68 0x00000000
core   0: 0x8000b896 (0x003ba623) sw      gp, 12(s7)
core   0: 3 0x8000b896 (0x003ba623) mem 0x80025c6c 0x00000001
core   0: 0x8000b89a (0x004ba823) sw      tp, 16(s7)
core   0: 3 0x8000b89a (0x004ba823) mem 0x80025c70 0x00000000
core   0: 0x8000b89e (0x005baa23) sw      t0, 20(s7)
core   0: 3 0x8000b89e (0x005baa23) mem 0x80025c74 0x00000040
core   0: 0x8000b8a2 (0x006bac23) sw      t1, 24(s7)
core   0: 3 0x8000b8a2 (0x006bac23) mem 0x80025c78 0x00000000
core   0: 0x8000b8a6 (0x007bae23) sw      t2, 28(s7)
core   0: 3 0x8000b8a6 (0x007bae23) mem 0x80025c7c 0x00000000
core   0: 0x8000b8aa (0x028ba023) sw      s0, 32(s7)
core   0: 3 0x8000b8aa (0x028ba023) mem 0x80025c80 0x00000000
core   0: 0x8000b8ae (0x029ba223) sw      s1, 36(s7)
core   0: 3 0x8000b8ae (0x029ba223) mem 0x80025c84 0x80025ce0
core   0: 0x8000b8b2 (0x02aba423) sw      a0, 40(s7)
core   0: 3 0x8000b8b2 (0x02aba423) mem 0x80025c88 0x80000001
core   0: 0x8000b8b6 (0x02bba623) sw      a1, 44(s7)
core   0: 3 0x8000b8b6 (0x02bba623) mem 0x80025c8c 0x00000210
core   0: 0x8000b8ba (0x02cba823) sw      a2, 48(s7)
core   0: 3 0x8000b8ba (0x02cba823) mem 0x80025c90 0x00000000
core   0: 0x8000b8be (0x02dbaa23) sw      a3, 52(s7)
core   0: 3 0x8000b8be (0x02dbaa23) mem 0x80025c94 0x00000000
core   0: 0x8000b8c2 (0x02ebac23) sw      a4, 56(s7)
core   0: 3 0x8000b8c2 (0x02ebac23) mem 0x80025c98 0x80025ce4
core   0: 0x8000b8c6 (0x02fbae23) sw      a5, 60(s7)
core   0: 3 0x8000b8c6 (0x02fbae23) mem 0x80025c9c 0x800090ea
core   0: 0x8000b8ca (0x050ba023) sw      a6, 64(s7)
core   0: 3 0x8000b8ca (0x050ba023) mem 0x80025ca0 0x00000000
core   0: 0x8000b8ce (0x051ba223) sw      a7, 68(s7)
core   0: 3 0x8000b8ce (0x051ba223) mem 0x80025ca4 0x00000001
core   0: 0x8000b8d2 (0x052ba423) sw      s2, 72(s7)
core   0: 3 0x8000b8d2 (0x052ba423) mem 0x80025ca8 0xac000000
core   0: 0x8000b8d6 (0x053ba623) sw      s3, 76(s7)
core   0: 3 0x8000b8d6 (0x053ba623) mem 0x80025cac 0xfffffabb
core   0: 0x8000b8da (0x054ba823) sw      s4, 80(s7)
core   0: 3 0x8000b8da (0x054ba823) mem 0x80025cb0 0x00000000
core   0: 0x8000b8de (0x055baa23) sw      s5, 84(s7)
core   0: 3 0x8000b8de (0x055baa23) mem 0x80025cb4 0x00000000
core   0: 0x8000b8e2 (0x056bac23) sw      s6, 88(s7)
core   0: 3 0x8000b8e2 (0x056bac23) mem 0x80025cb8 0x00000000
core   0: 0x8000b8e6 (0x057bae23) sw      s7, 92(s7)
core   0: 3 0x8000b8e6 (0x057bae23) mem 0x80025cbc 0x80025c60
core   0: 0x8000b8ea (0x078ba023) sw      s8, 96(s7)
core   0: 3 0x8000b8ea (0x078ba023) mem 0x80025cc0 0x80021e64
core   0: 0x8000b8ee (0x079ba223) sw      s9, 100(s7)
core   0: 3 0x8000b8ee (0x079ba223) mem 0x80025cc4 0xffffffff
core   0: 0x8000b8f2 (0x07aba423) sw      s10, 104(s7)
core   0: 3 0x8000b8f2 (0x07aba423) mem 0x80025cc8 0x0000002e
core   0: 0x8000b8f6 (0x07bba623) sw      s11, 108(s7)
core   0: 3 0x8000b8f6 (0x07bba623) mem 0x80025ccc 0x00000000
core   0: 0x8000b8fa (0x07cba823) sw      t3, 112(s7)
core   0: 3 0x8000b8fa (0x07cba823) mem 0x80025cd0 0x00000078
core   0: 0x8000b8fe (0x07dbaa23) sw      t4, 116(s7)
core   0: 3 0x8000b8fe (0x07dbaa23) mem 0x80025cd4 0x00000000
core   0: 0x8000b902 (0x07ebac23) sw      t5, 120(s7)
core   0: 3 0x8000b902 (0x07ebac23) mem 0x80025cd8 0xffffffff
core   0: 0x8000b906 (0x07fbae23) sw      t6, 124(s7)
core   0: 3 0x8000b906 (0x07fbae23) mem 0x80025cdc 0x00000000
core   0: 0x8000b90a (0x000b84b3) add     s1, s7, zero
core   0: 3 0x8000b90a (0x000b84b3) x 9 0x80025c60
core   0: 0x8000b90e (0x30002673) csrr    a2, mstatus
core   0: 3 0x8000b90e (0x30002673) x12 0x00001800
core   0: 0x8000b912 (0x34202673) csrr    a2, mcause
core   0: 3 0x8000b912 (0x34202673) x12 0x0000000b
core   0: 0x8000b916 (0x0000827d) c.srli  a2, 31
core   0: 3 0x8000b916 (0x827d) x12 0x00000000
core   0: 0x8000b918 (0x3c061a63) bnez    a2, pc + 980
core   0: 3 0x8000b918 (0x3c061a63)
core   0: 0x8000b91c (0x34102673) csrr    a2, mepc
core   0: 3 0x8000b91c (0x34102673) x12 0x800090ec
core   0: 0x8000b920 (0x34202673) csrr    a2, mcause
core   0: 3 0x8000b920 (0x34202673) x12 0x0000000b
core   0: 0x8000b924 (0x00004f8d) c.li    t6, 3
core   0: 3 0x8000b924 (0x4f8d) x31 0x00000003
core   0: 0x8000b926 (0x29f60563) beq     a2, t6, pc + 650
core   0: 3 0x8000b926 (0x29f60563)
core   0: 0x8000b92a (0x00004fa1) c.li    t6, 8
core   0: 3 0x8000b92a (0x4fa1) x31 0x00000008
core   0: 0x8000b92c (0x05f60563) beq     a2, t6, pc + 74
core   0: 3 0x8000b92c (0x05f60563)
core   0: 0x8000b930 (0x00004fa5) c.li    t6, 9
core   0: 3 0x8000b930 (0x4fa5) x31 0x00000009
core   0: 0x8000b932 (0x05f60263) beq     a2, t6, pc + 68
core   0: 3 0x8000b932 (0x05f60263)
core   0: 0x8000b936 (0x00004fad) c.li    t6, 11
core   0: 3 0x8000b936 (0x4fad) x31 0x0000000b
core   0: 0x8000b938 (0x03f60f63) beq     a2, t6, pc + 62
core   0: 3 0x8000b938 (0x03f60f63)
core   0: 0x8000b976 (0xffff4617) auipc   a2, 0xffff4
core   0: 3 0x8000b976 (0xffff4617) x12 0x7ffff976
core   0: 0x8000b97a (0x68a60613) addi    a2, a2, 1674
core   0: 3 0x8000b97a (0x68a60613) x12 0x80000000
core   0: 0x8000b97e (0x00062023) sw      zero, 0(a2)
core   0: 3 0x8000b97e (0x00062023) mem 0x80000000 0x00000000
core   0: 0x8000b982 (0x00162223) sw      ra, 4(a2)
core   0: 3 0x8000b982 (0x00162223) mem 0x80000004 0x0000047f
core   0: 0x8000b986 (0x00262423) sw      sp, 8(a2)
core   0: 3 0x8000b986 (0x00262423) mem 0x80000008 0x00000000
core   0: 0x8000b98a (0x00362623) sw      gp, 12(a2)
core   0: 3 0x8000b98a (0x00362623) mem 0x8000000c 0x00000001
core   0: 0x8000b98e (0x00462823) sw      tp, 16(a2)
core   0: 3 0x8000b98e (0x00462823) mem 0x80000010 0x00000000
core   0: 0x8000b992 (0x00562a23) sw      t0, 20(a2)
core   0: 3 0x8000b992 (0x00562a23) mem 0x80000014 0x00000040
core   0: 0x8000b996 (0x00662c23) sw      t1, 24(a2)
core   0: 3 0x8000b996 (0x00662c23) mem 0x80000018 0x00000000
core   0: 0x8000b99a (0x00762e23) sw      t2, 28(a2)
core   0: 3 0x8000b99a (0x00762e23) mem 0x8000001c 0x00000000
core   0: 0x8000b99e (0x0000d200) c.sw    s0, 32(a2)
core   0: 3 0x8000b99e (0xd200) mem 0x80000020 0x00000000
core   0: 0x8000b9a0 (0x0000d244) c.sw    s1, 36(a2)
core   0: 3 0x8000b9a0 (0xd244) mem 0x80000024 0x80025c60
core   0: 0x8000b9a2 (0x0000d608) c.sw    a0, 40(a2)
core   0: 3 0x8000b9a2 (0xd608) mem 0x80000028 0x80000001
core   0: 0x8000b9a4 (0x0000d64c) c.sw    a1, 44(a2)
core   0: 3 0x8000b9a4 (0xd64c) mem 0x8000002c 0x00000210
core   0: 0x8000b9a6 (0x0000da10) c.sw    a2, 48(a2)
core   0: 3 0x8000b9a6 (0xda10) mem 0x80000030 0x80000000
core   0: 0x8000b9a8 (0x0000da54) c.sw    a3, 52(a2)
core   0: 3 0x8000b9a8 (0xda54) mem 0x80000034 0x00000000
core   0: 0x8000b9aa (0x0000de18) c.sw    a4, 56(a2)
core   0: 3 0x8000b9aa (0xde18) mem 0x80000038 0x80025ce4
core   0: 0x8000b9ac (0x0000de5c) c.sw    a5, 60(a2)
core   0: 3 0x8000b9ac (0xde5c) mem 0x8000003c 0x800090ea
core   0: 0x8000b9ae (0x05062023) sw      a6, 64(a2)
core   0: 3 0x8000b9ae (0x05062023) mem 0x80000040 0x00000000
core   0: 0x8000b9b2 (0x05162223) sw      a7, 68(a2)
core   0: 3 0x8000b9b2 (0x05162223) mem 0x80000044 0x00000001
core   0: 0x8000b9b6 (0x05262423) sw      s2, 72(a2)
core   0: 3 0x8000b9b6 (0x05262423) mem 0x80000048 0xac000000
core   0: 0x8000b9ba (0x05362623) sw      s3, 76(a2)
core   0: 3 0x8000b9ba (0x05362623) mem 0x8000004c 0xfffffabb
core   0: 0x8000b9be (0x05462823) sw      s4, 80(a2)
core   0: 3 0x8000b9be (0x05462823) mem 0x80000050 0x00000000
core   0: 0x8000b9c2 (0x05562a23) sw      s5, 84(a2)
core   0: 3 0x8000b9c2 (0x05562a23) mem 0x80000054 0x00000000
core   0: 0x8000b9c6 (0x05662c23) sw      s6, 88(a2)
core   0: 3 0x8000b9c6 (0x05662c23) mem 0x80000058 0x00000000
core   0: 0x8000b9ca (0x05762e23) sw      s7, 92(a2)
core   0: 3 0x8000b9ca (0x05762e23) mem 0x8000005c 0x80025c60
core   0: 0x8000b9ce (0x07862023) sw      s8, 96(a2)
core   0: 3 0x8000b9ce (0x07862023) mem 0x80000060 0x80021e64
core   0: 0x8000b9d2 (0x07962223) sw      s9, 100(a2)
core   0: 3 0x8000b9d2 (0x07962223) mem 0x80000064 0xffffffff
core   0: 0x8000b9d6 (0x07a62423) sw      s10, 104(a2)
core   0: 3 0x8000b9d6 (0x07a62423) mem 0x80000068 0x0000002e
core   0: 0x8000b9da (0x07b62623) sw      s11, 108(a2)
core   0: 3 0x8000b9da (0x07b62623) mem 0x8000006c 0x00000000
core   0: 0x8000b9de (0x07c62823) sw      t3, 112(a2)
core   0: 3 0x8000b9de (0x07c62823) mem 0x80000070 0x00000078
core   0: 0x8000b9e2 (0x07d62a23) sw      t4, 116(a2)
core   0: 3 0x8000b9e2 (0x07d62a23) mem 0x80000074 0x00000000
core   0: 0x8000b9e6 (0x07e62c23) sw      t5, 120(a2)
core   0: 3 0x8000b9e6 (0x07e62c23) mem 0x80000078 0xffffffff
core   0: 0x8000b9ea (0x07f62e23) sw      t6, 124(a2)
core   0: 3 0x8000b9ea (0x07f62e23) mem 0x8000007c 0x0000000b
core   0: 0x8000b9ee (0x00000797) auipc   a5, 0x0
core   0: 3 0x8000b9ee (0x00000797) x15 0x8000b9ee
core   0: 0x8000b9f2 (0xe8678793) addi    a5, a5, -378
core   0: 3 0x8000b9f2 (0xe8678793) x15 0x8000b874
core   0: 0x8000b9f6 (0x00078067) jr      a5
core   0: 3 0x8000b9f6 (0x00078067)
core   0: 0x8000b874 (0x00000f17) auipc   t5, 0x0
core   0: 3 0x8000b874 (0x00000f17) x30 0x8000b874
core   0: 0x8000b878 (0x783f2623) sw      gp, 1932(t5)
core   0: 3 0x8000b878 (0x783f2623) mem 0x8000c000 0x00000001
core   0: 0x8000b87c (0x0000bfe5) c.j     pc - 8
core   0: 3 0x8000b87c (0xbfe5)
core   0: 0x8000b874 (0x00000f17) auipc   t5, 0x0
core   0: 3 0x8000b874 (0x00000f17) x30 0x8000b874
core   0: 0x8000b878 (0x783f2623) sw      gp, 1932(t5)
core   0: 3 0x8000b878 (0x783f2623) mem 0x8000c000 0x00000001
core   0: 0x8000b87c (0x0000bfe5) c.j     pc - 8
core   0: 3 0x8000b87c (0xbfe5)
core   0: 0x8000b874 (0x00000f17) auipc   t5, 0x0
core   0: 3 0x8000b874 (0x00000f17) x30 0x8000b874
core   0: 0x8000b878 (0x783f2623) sw      gp, 1932(t5)
core   0: 3 0x8000b878 (0x783f2623) mem 0x8000c000 0x00000001
core   0: 0x8000b87c (0x0000bfe5) c.j     pc - 8
core   0: 3 0x8000b87c (0xbfe5)
core   0: 0x8000b874 (0x00000f17) auipc   t5, 0x0
core   0: 3 0x8000b874 (0x00000f17) x30 0x8000b874
core   0: 0x8000b878 (0x783f2623) sw      gp, 1932(t5)
core   0: 3 0x8000b878 (0x783f2623) mem 0x8000c000 0x00000001
core   0: 0x8000b87c (0x0000bfe5) c.j     pc - 8
core   0: 3 0x8000b87c (0xbfe5)
core   0: 0x8000b874 (0x00000f17) auipc   t5, 0x0
core   0: 3 0x8000b874 (0x00000f17) x30 0x8000b874
core   0: 0x8000b878 (0x783f2623) sw      gp, 1932(t5)
core   0: 3 0x8000b878 (0x783f2623) mem 0x8000c000 0x00000001
core   0: 0x8000b87c (0x0000bfe5) c.j     pc - 8
core   0: 3 0x8000b87c (0xbfe5)
core   0: 0x8000b874 (0x00000f17) auipc   t5, 0x0
core   0: 3 0x8000b874 (0x00000f17) x30 0x8000b874
core   0: 0x8000b878 (0x783f2623) sw      gp, 1932(t5)
core   0: 3 0x8000b878 (0x783f2623) mem 0x8000c000 0x00000001
core   0: 0x8000b87c (0x0000bfe5) c.j     pc - 8
core   0: 3 0x8000b87c (0xbfe5)
core   0: 0x8000b874 (0x00000f17) auipc   t5, 0x0
core   0: 3 0x8000b874 (0x00000f17) x30 0x8000b874
core   0: 0x8000b878 (0x783f2623) sw      gp, 1932(t5)
core   0: 3 0x8000b878 (0x783f2623) mem 0x8000c000 0x00000001
core   0: 0x8000b87c (0x0000bfe5) c.j     pc - 8
core   0: 3 0x8000b87c (0xbfe5)
core   0: 0x8000b874 (0x00000f17) auipc   t5, 0x0
core   0: 3 0x8000b874 (0x00000f17) x30 0x8000b874
core   0: 0x8000b878 (0x783f2623) sw      gp, 1932(t5)
core   0: 3 0x8000b878 (0x783f2623) mem 0x8000c000 0x00000001
core   0: 0x8000b87c (0x0000bfe5) c.j     pc - 8
core   0: 3 0x8000b87c (0xbfe5)
core   0: 0x8000b874 (0x00000f17) auipc   t5, 0x0
core   0: 3 0x8000b874 (0x00000f17) x30 0x8000b874
core   0: 0x8000b878 (0x783f2623) sw      gp, 1932(t5)
core   0: 3 0x8000b878 (0x783f2623) mem 0x8000c000 0x00000001
core   0: 0x8000b87c (0x0000bfe5) c.j     pc - 8
core   0: 3 0x8000b87c (0xbfe5)
core   0: 0x8000b874 (0x00000f17) auipc   t5, 0x0
core   0: 3 0x8000b874 (0x00000f17) x30 0x8000b874
core   0: 0x8000b878 (0x783f2623) sw      gp, 1932(t5)
core   0: 3 0x8000b878 (0x783f2623) mem 0x8000c000 0x00000001
core   0: 0x8000b87c (0x0000bfe5) c.j     pc - 8
core   0: 3 0x8000b87c (0xbfe5)
core   0: 0x8000b874 (0x00000f17) auipc   t5, 0x0
core   0: 3 0x8000b874 (0x00000f17) x30 0x8000b874
core   0: 0x8000b878 (0x783f2623) sw      gp, 1932(t5)
core   0: 3 0x8000b878 (0x783f2623) mem 0x8000c000 0x00000001
core   0: 0x8000b87c (0x0000bfe5) c.j     pc - 8
core   0: 3 0x8000b87c (0xbfe5)
core   0: 0x8000b874 (0x00000f17) auipc   t5, 0x0
core   0: 3 0x8000b874 (0x00000f17) x30 0x8000b874
core   0: 0x8000b878 (0x783f2623) sw      gp, 1932(t5)
core   0: 3 0x8000b878 (0x783f2623) mem 0x8000c000 0x00000001
core   0: 0x8000b87c (0x0000bfe5) c.j     pc - 8
core   0: 3 0x8000b87c (0xbfe5)
core   0: 0x8000b874 (0x00000f17) auipc   t5, 0x0
core   0: 3 0x8000b874 (0x00000f17) x30 0x8000b874
core   0: 0x8000b878 (0x783f2623) sw      gp, 1932(t5)
core   0: 3 0x8000b878 (0x783f2623) mem 0x8000c000 0x00000001
core   0: 0x8000b87c (0x0000bfe5) c.j     pc - 8
core   0: 3 0x8000b87c (0xbfe5)
core   0: 0x8000b874 (0x00000f17) auipc   t5, 0x0
core   0: 3 0x8000b874 (0x00000f17) x30 0x8000b874
core   0: 0x8000b878 (0x783f2623) sw      gp, 1932(t5)
core   0: 3 0x8000b878 (0x783f2623) mem 0x8000c000 0x00000001
core   0: 0x8000b87c (0x0000bfe5) c.j     pc - 8
core   0: 3 0x8000b87c (0xbfe5)
core   0: 0x8000b874 (0x00000f17) auipc   t5, 0x0
core   0: 3 0x8000b874 (0x00000f17) x30 0x8000b874
core   0: 0x8000b878 (0x783f2623) sw      gp, 1932(t5)
core   0: 3 0x8000b878 (0x783f2623) mem 0x8000c000 0x00000001
core   0: 0x8000b87c (0x0000bfe5) c.j     pc - 8
core   0: 3 0x8000b87c (0xbfe5)
core   0: 0x8000b874 (0x00000f17) auipc   t5, 0x0
core   0: 3 0x8000b874 (0x00000f17) x30 0x8000b874
core   0: 0x8000b878 (0x783f2623) sw      gp, 1932(t5)
core   0: 3 0x8000b878 (0x783f2623) mem 0x8000c000 0x00000001
core   0: 0x8000b87c (0x0000bfe5) c.j     pc - 8
core   0: 3 0x8000b87c (0xbfe5)
core   0: 0x8000b874 (0x00000f17) auipc   t5, 0x0
core   0: 3 0x8000b874 (0x00000f17) x30 0x8000b874
core   0: 0x8000b878 (0x783f2623) sw      gp, 1932(t5)
core   0: 3 0x8000b878 (0x783f2623) mem 0x8000c000 0x00000001
core   0: 0x8000b87c (0x0000bfe5) c.j     pc - 8
core   0: 3 0x8000b87c (0xbfe5)
core   0: 0x8000b874 (0x00000f17) auipc   t5, 0x0
core   0: 3 0x8000b874 (0x00000f17) x30 0x8000b874
core   0: 0x8000b878 (0x783f2623) sw      gp, 1932(t5)
core   0: 3 0x8000b878 (0x783f2623) mem 0x8000c000 0x00000001
core   0: 0x8000b87c (0x0000bfe5) c.j     pc - 8
core   0: 3 0x8000b87c (0xbfe5)
core   0: 0x8000b874 (0x00000f17) auipc   t5, 0x0
core   0: 3 0x8000b874 (0x00000f17) x30 0x8000b874
core   0: 0x8000b878 (0x783f2623) sw      gp, 1932(t5)
core   0: 3 0x8000b878 (0x783f2623) mem 0x8000c000 0x00000001
core   0: 0x8000b87c (0x0000bfe5) c.j     pc - 8
core   0: 3 0x8000b87c (0xbfe5)
core   0: 0x8000b874 (0x00000f17) auipc   t5, 0x0
core   0: 3 0x8000b874 (0x00000f17) x30 0x8000b874
core   0: 0x8000b878 (0x783f2623) sw      gp, 1932(t5)
core   0: 3 0x8000b878 (0x783f2623) mem 0x8000c000 0x00000001
core   0: 0x8000b87c (0x0000bfe5) c.j     pc - 8
core   0: 3 0x8000b87c (0xbfe5)
core   0: 0x8000b874 (0x00000f17) auipc   t5, 0x0
core   0: 3 0x8000b874 (0x00000f17) x30 0x8000b874
core   0: 0x8000b878 (0x783f2623) sw      gp, 1932(t5)
core   0: 3 0x8000b878 (0x783f2623) mem 0x8000c000 0x00000001
core   0: 0x8000b87c (0x0000bfe5) c.j     pc - 8
core   0: 3 0x8000b87c (0xbfe5)
core   0: 0x8000b874 (0x00000f17) auipc   t5, 0x0
core   0: 3 0x8000b874 (0x00000f17) x30 0x8000b874
core   0: 0x8000b878 (0x783f2623) sw      gp, 1932(t5)
core   0: 3 0x8000b878 (0x783f2623) mem 0x8000c000 0x00000001
core   0: 0x8000b87c (0x0000bfe5) c.j     pc - 8
core   0: 3 0x8000b87c (0xbfe5)
core   0: 0x8000b874 (0x00000f17) auipc   t5, 0x0
core   0: 3 0x8000b874 (0x00000f17) x30 0x8000b874
core   0: 0x8000b878 (0x783f2623) sw      gp, 1932(t5)
core   0: 3 0x8000b878 (0x783f2623) mem 0x8000c000 0x00000001
core   0: 0x8000b87c (0x0000bfe5) c.j     pc - 8
core   0: 3 0x8000b87c (0xbfe5)
core   0: 0x8000b874 (0x00000f17) auipc   t5, 0x0
core   0: 3 0x8000b874 (0x00000f17) x30 0x8000b874
core   0: 0x8000b878 (0x783f2623) sw      gp, 1932(t5)
core   0: 3 0x8000b878 (0x783f2623) mem 0x8000c000 0x00000001
core   0: 0x8000b87c (0x0000bfe5) c.j     pc - 8
core   0: 3 0x8000b87c (0xbfe5)
core   0: 0x8000b874 (0x00000f17) auipc   t5, 0x0
core   0: 3 0x8000b874 (0x00000f17) x30 0x8000b874
core   0: 0x8000b878 (0x783f2623) sw      gp, 1932(t5)
core   0: 3 0x8000b878 (0x783f2623) mem 0x8000c000 0x00000001
core   0: 0x8000b87c (0x0000bfe5) c.j     pc - 8
core   0: 3 0x8000b87c (0xbfe5)
core   0: 0x8000b874 (0x00000f17) auipc   t5, 0x0
core   0: 3 0x8000b874 (0x00000f17) x30 0x8000b874
core   0: 0x8000b878 (0x783f2623) sw      gp, 1932(t5)
core   0: 3 0x8000b878 (0x783f2623) mem 0x8000c000 0x00000001
core   0: 0x8000b87c (0x0000bfe5) c.j     pc - 8
core   0: 3 0x8000b87c (0xbfe5)
core   0: 0x8000b874 (0x00000f17) auipc   t5, 0x0
core   0: 3 0x8000b874 (0x00000f17) x30 0x8000b874
core   0: 0x8000b878 (0x783f2623) sw      gp, 1932(t5)
core   0: 3 0x8000b878 (0x783f2623) mem 0x8000c000 0x00000001
core   0: 0x8000b87c (0x0000bfe5) c.j     pc - 8
core   0: 3 0x8000b87c (0xbfe5)
core   0: 0x8000b874 (0x00000f17) auipc   t5, 0x0
core   0: 3 0x8000b874 (0x00000f17) x30 0x8000b874
core   0: 0x8000b878 (0x783f2623) sw      gp, 1932(t5)
core   0: 3 0x8000b878 (0x783f2623) mem 0x8000c000 0x00000001
core   0: 0x8000b87c (0x0000bfe5) c.j     pc - 8
core   0: 3 0x8000b87c (0xbfe5)
core   0: 0x8000b874 (0x00000f17) auipc   t5, 0x0
core   0: 3 0x8000b874 (0x00000f17) x30 0x8000b874
core   0: 0x8000b878 (0x783f2623) sw      gp, 1932(t5)
core   0: 3 0x8000b878 (0x783f2623) mem 0x8000c000 0x00000001
core   0: 0x8000b87c (0x0000bfe5) c.j     pc - 8
core   0: 3 0x8000b87c (0xbfe5)
core   0: 0x8000b874 (0x00000f17) auipc   t5, 0x0
core   0: 3 0x8000b874 (0x00000f17) x30 0x8000b874
core   0: 0x8000b878 (0x783f2623) sw      gp, 1932(t5)
core   0: 3 0x8000b878 (0x783f2623) mem 0x8000c000 0x00000001
core   0: 0x8000b87c (0x0000bfe5) c.j     pc - 8
core   0: 3 0x8000b87c (0xbfe5)
core   0: 0x8000b874 (0x00000f17) auipc   t5, 0x0
core   0: 3 0x8000b874 (0x00000f17) x30 0x8000b874
core   0: 0x8000b878 (0x783f2623) sw      gp, 1932(t5)
core   0: 3 0x8000b878 (0x783f2623) mem 0x8000c000 0x00000001
core   0: 0x8000b87c (0x0000bfe5) c.j     pc - 8
core   0: 3 0x8000b87c (0xbfe5)
core   0: 0x8000b874 (0x00000f17) auipc   t5, 0x0
core   0: 3 0x8000b874 (0x00000f17) x30 0x8000b874
core   0: 0x8000b878 (0x783f2623) sw      gp, 1932(t5)
core   0: 3 0x8000b878 (0x783f2623) mem 0x8000c000 0x00000001
core   0: 0x8000b87c (0x0000bfe5) c.j     pc - 8
core   0: 3 0x8000b87c (0xbfe5)
core   0: 0x8000b874 (0x00000f17) auipc   t5, 0x0
core   0: 3 0x8000b874 (0x00000f17) x30 0x8000b874
core   0: 0x8000b878 (0x783f2623) sw      gp, 1932(t5)
core   0: 3 0x8000b878 (0x783f2623) mem 0x8000c000 0x00000001
core   0: 0x8000b87c (0x0000bfe5) c.j     pc - 8
core   0: 3 0x8000b87c (0xbfe5)
core   0: 0x8000b874 (0x00000f17) auipc   t5, 0x0
core   0: 3 0x8000b874 (0x00000f17) x30 0x8000b874
core   0: 0x8000b878 (0x783f2623) sw      gp, 1932(t5)
core   0: 3 0x8000b878 (0x783f2623) mem 0x8000c000 0x00000001
core   0: 0x8000b87c (0x0000bfe5) c.j     pc - 8
core   0: 3 0x8000b87c (0xbfe5)
core   0: 0x8000b874 (0x00000f17) auipc   t5, 0x0
core   0: 3 0x8000b874 (0x00000f17) x30 0x8000b874
core   0: 0x8000b878 (0x783f2623) sw      gp, 1932(t5)
core   0: 3 0x8000b878 (0x783f2623) mem 0x8000c000 0x00000001
core   0: 0x8000b87c (0x0000bfe5) c.j     pc - 8
core   0: 3 0x8000b87c (0xbfe5)
core   0: 0x8000b874 (0x00000f17) auipc   t5, 0x0
core   0: 3 0x8000b874 (0x00000f17) x30 0x8000b874
core   0: 0x8000b878 (0x783f2623) sw      gp, 1932(t5)
core   0: 3 0x8000b878 (0x783f2623) mem 0x8000c000 0x00000001
core   0: 0x8000b87c (0x0000bfe5) c.j     pc - 8
core   0: 3 0x8000b87c (0xbfe5)
core   0: 0x8000b874 (0x00000f17) auipc   t5, 0x0
core   0: 3 0x8000b874 (0x00000f17) x30 0x8000b874
core   0: 0x8000b878 (0x783f2623) sw      gp, 1932(t5)
core   0: 3 0x8000b878 (0x783f2623) mem 0x8000c000 0x00000001
core   0: 0x8000b87c (0x0000bfe5) c.j     pc - 8
core   0: 3 0x8000b87c (0xbfe5)
core   0: 0x8000b874 (0x00000f17) auipc   t5, 0x0
core   0: 3 0x8000b874 (0x00000f17) x30 0x8000b874
core   0: 0x8000b878 (0x783f2623) sw      gp, 1932(t5)
core   0: 3 0x8000b878 (0x783f2623) mem 0x8000c000 0x00000001
core   0: 0x8000b87c (0x0000bfe5) c.j     pc - 8
core   0: 3 0x8000b87c (0xbfe5)
core   0: 0x8000b874 (0x00000f17) auipc   t5, 0x0
core   0: 3 0x8000b874 (0x00000f17) x30 0x8000b874
core   0: 0x8000b878 (0x783f2623) sw      gp, 1932(t5)
core   0: 3 0x8000b878 (0x783f2623) mem 0x8000c000 0x00000001
core   0: 0x8000b87c (0x0000bfe5) c.j     pc - 8
core   0: 3 0x8000b87c (0xbfe5)
core   0: 0x8000b874 (0x00000f17) auipc   t5, 0x0
core   0: 3 0x8000b874 (0x00000f17) x30 0x8000b874
core   0: 0x8000b878 (0x783f2623) sw      gp, 1932(t5)
core   0: 3 0x8000b878 (0x783f2623) mem 0x8000c000 0x00000001
core   0: 0x8000b87c (0x0000bfe5) c.j     pc - 8
core   0: 3 0x8000b87c (0xbfe5)
core   0: 0x8000b874 (0x00000f17) auipc   t5, 0x0
core   0: 3 0x8000b874 (0x00000f17) x30 0x8000b874
core   0: 0x8000b878 (0x783f2623) sw      gp, 1932(t5)
core   0: 3 0x8000b878 (0x783f2623) mem 0x8000c000 0x00000001
core   0: 0x8000b87c (0x0000bfe5) c.j     pc - 8
core   0: 3 0x8000b87c (0xbfe5)
core   0: 0x8000b874 (0x00000f17) auipc   t5, 0x0
core   0: 3 0x8000b874 (0x00000f17) x30 0x8000b874
core   0: 0x8000b878 (0x783f2623) sw      gp, 1932(t5)
core   0: 3 0x8000b878 (0x783f2623) mem 0x8000c000 0x00000001
core   0: 0x8000b87c (0x0000bfe5) c.j     pc - 8
core   0: 3 0x8000b87c (0xbfe5)
core   0: 0x8000b874 (0x00000f17) auipc   t5, 0x0
core   0: 3 0x8000b874 (0x00000f17) x30 0x8000b874
core   0: 0x8000b878 (0x783f2623) sw      gp, 1932(t5)
core   0: 3 0x8000b878 (0x783f2623) mem 0x8000c000 0x00000001
core   0: 0x8000b87c (0x0000bfe5) c.j     pc - 8
core   0: 3 0x8000b87c (0xbfe5)
core   0: 0x8000b874 (0x00000f17) auipc   t5, 0x0
core   0: 3 0x8000b874 (0x00000f17) x30 0x8000b874
core   0: 0x8000b878 (0x783f2623) sw      gp, 1932(t5)
core   0: 3 0x8000b878 (0x783f2623) mem 0x8000c000 0x00000001
core   0: 0x8000b87c (0x0000bfe5) c.j     pc - 8
core   0: 3 0x8000b87c (0xbfe5)
core   0: 0x8000b874 (0x00000f17) auipc   t5, 0x0
core   0: 3 0x8000b874 (0x00000f17) x30 0x8000b874
core   0: 0x8000b878 (0x783f2623) sw      gp, 1932(t5)
core   0: 3 0x8000b878 (0x783f2623) mem 0x8000c000 0x00000001
core   0: 0x8000b87c (0x0000bfe5) c.j     pc - 8
core   0: 3 0x8000b87c (0xbfe5)
core   0: 0x8000b874 (0x00000f17) auipc   t5, 0x0
core   0: 3 0x8000b874 (0x00000f17) x30 0x8000b874
core   0: 0x8000b878 (0x783f2623) sw      gp, 1932(t5)
core   0: 3 0x8000b878 (0x783f2623) mem 0x8000c000 0x00000001
core   0: 0x8000b87c (0x0000bfe5) c.j     pc - 8
core   0: 3 0x8000b87c (0xbfe5)
core   0: 0x8000b874 (0x00000f17) auipc   t5, 0x0
core   0: 3 0x8000b874 (0x00000f17) x30 0x8000b874
core   0: 0x8000b878 (0x783f2623) sw      gp, 1932(t5)
core   0: 3 0x8000b878 (0x783f2623) mem 0x8000c000 0x00000001
core   0: 0x8000b87c (0x0000bfe5) c.j     pc - 8
core   0: 3 0x8000b87c (0xbfe5)
core   0: 0x8000b874 (0x00000f17) auipc   t5, 0x0
core   0: 3 0x8000b874 (0x00000f17) x30 0x8000b874
core   0: 0x8000b878 (0x783f2623) sw      gp, 1932(t5)
core   0: 3 0x8000b878 (0x783f2623) mem 0x8000c000 0x00000001
core   0: 0x8000b87c (0x0000bfe5) c.j     pc - 8
core   0: 3 0x8000b87c (0xbfe5)
core   0: 0x8000b874 (0x00000f17) auipc   t5, 0x0
core   0: 3 0x8000b874 (0x00000f17) x30 0x8000b874
core   0: 0x8000b878 (0x783f2623) sw      gp, 1932(t5)
core   0: 3 0x8000b878 (0x783f2623) mem 0x8000c000 0x00000001
core   0: 0x8000b87c (0x0000bfe5) c.j     pc - 8
core   0: 3 0x8000b87c (0xbfe5)
core   0: 0x8000b874 (0x00000f17) auipc   t5, 0x0
core   0: 3 0x8000b874 (0x00000f17) x30 0x8000b874
core   0: 0x8000b878 (0x783f2623) sw      gp, 1932(t5)
core   0: 3 0x8000b878 (0x783f2623) mem 0x8000c000 0x00000001
core   0: 0x8000b87c (0x0000bfe5) c.j     pc - 8
core   0: 3 0x8000b87c (0xbfe5)
core   0: 0x8000b874 (0x00000f17) auipc   t5, 0x0
core   0: 3 0x8000b874 (0x00000f17) x30 0x8000b874
core   0: 0x8000b878 (0x783f2623) sw      gp, 1932(t5)
core   0: 3 0x8000b878 (0x783f2623) mem 0x8000c000 0x00000001
core   0: 0x8000b87c (0x0000bfe5) c.j     pc - 8
core   0: 3 0x8000b87c (0xbfe5)
core   0: 0x8000b874 (0x00000f17) auipc   t5, 0x0
core   0: 3 0x8000b874 (0x00000f17) x30 0x8000b874
core   0: 0x8000b878 (0x783f2623) sw      gp, 1932(t5)
core   0: 3 0x8000b878 (0x783f2623) mem 0x8000c000 0x00000001
core   0: 0x8000b87c (0x0000bfe5) c.j     pc - 8
core   0: 3 0x8000b87c (0xbfe5)
core   0: 0x8000b874 (0x00000f17) auipc   t5, 0x0
core   0: 3 0x8000b874 (0x00000f17) x30 0x8000b874
core   0: 0x8000b878 (0x783f2623) sw      gp, 1932(t5)
core   0: 3 0x8000b878 (0x783f2623) mem 0x8000c000 0x00000001
core   0: 0x8000b87c (0x0000bfe5) c.j     pc - 8
core   0: 3 0x8000b87c (0xbfe5)
core   0: 0x8000b874 (0x00000f17) auipc   t5, 0x0
core   0: 3 0x8000b874 (0x00000f17) x30 0x8000b874
core   0: 0x8000b878 (0x783f2623) sw      gp, 1932(t5)
core   0: 3 0x8000b878 (0x783f2623) mem 0x8000c000 0x00000001
core   0: 0x8000b87c (0x0000bfe5) c.j     pc - 8
core   0: 3 0x8000b87c (0xbfe5)
core   0: 0x8000b874 (0x00000f17) auipc   t5, 0x0
core   0: 3 0x8000b874 (0x00000f17) x30 0x8000b874
core   0: 0x8000b878 (0x783f2623) sw      gp, 1932(t5)
core   0: 3 0x8000b878 (0x783f2623) mem 0x8000c000 0x00000001
core   0: 0x8000b87c (0x0000bfe5) c.j     pc - 8
core   0: 3 0x8000b87c (0xbfe5)
core   0: 0x8000b874 (0x00000f17) auipc   t5, 0x0
core   0: 3 0x8000b874 (0x00000f17) x30 0x8000b874
core   0: 0x8000b878 (0x783f2623) sw      gp, 1932(t5)
core   0: 3 0x8000b878 (0x783f2623) mem 0x8000c000 0x00000001
core   0: 0x8000b87c (0x0000bfe5) c.j     pc - 8
core   0: 3 0x8000b87c (0xbfe5)
core   0: 0x8000b874 (0x00000f17) auipc   t5, 0x0
core   0: 3 0x8000b874 (0x00000f17) x30 0x8000b874
core   0: 0x8000b878 (0x783f2623) sw      gp, 1932(t5)
core   0: 3 0x8000b878 (0x783f2623) mem 0x8000c000 0x00000001
core   0: 0x8000b87c (0x0000bfe5) c.j     pc - 8
core   0: 3 0x8000b87c (0xbfe5)
core   0: 0x8000b874 (0x00000f17) auipc   t5, 0x0
core   0: 3 0x8000b874 (0x00000f17) x30 0x8000b874
core   0: 0x8000b878 (0x783f2623) sw      gp, 1932(t5)
core   0: 3 0x8000b878 (0x783f2623) mem 0x8000c000 0x00000001
core   0: 0x8000b87c (0x0000bfe5) c.j     pc - 8
core   0: 3 0x8000b87c (0xbfe5)
core   0: 0x8000b874 (0x00000f17) auipc   t5, 0x0
core   0: 3 0x8000b874 (0x00000f17) x30 0x8000b874
core   0: 0x8000b878 (0x783f2623) sw      gp, 1932(t5)
core   0: 3 0x8000b878 (0x783f2623) mem 0x8000c000 0x00000001
core   0: 0x8000b87c (0x0000bfe5) c.j     pc - 8
core   0: 3 0x8000b87c (0xbfe5)
core   0: 0x8000b874 (0x00000f17) auipc   t5, 0x0
core   0: 3 0x8000b874 (0x00000f17) x30 0x8000b874
core   0: 0x8000b878 (0x783f2623) sw      gp, 1932(t5)
core   0: 3 0x8000b878 (0x783f2623) mem 0x8000c000 0x00000001
core   0: 0x8000b87c (0x0000bfe5) c.j     pc - 8
core   0: 3 0x8000b87c (0xbfe5)
core   0: 0x8000b874 (0x00000f17) auipc   t5, 0x0
core   0: 3 0x8000b874 (0x00000f17) x30 0x8000b874
core   0: 0x8000b878 (0x783f2623) sw      gp, 1932(t5)
core   0: 3 0x8000b878 (0x783f2623) mem 0x8000c000 0x00000001
core   0: 0x8000b87c (0x0000bfe5) c.j     pc - 8
core   0: 3 0x8000b87c (0xbfe5)
core   0: 0x8000b874 (0x00000f17) auipc   t5, 0x0
core   0: 3 0x8000b874 (0x00000f17) x30 0x8000b874
core   0: 0x8000b878 (0x783f2623) sw      gp, 1932(t5)
core   0: 3 0x8000b878 (0x783f2623) mem 0x8000c000 0x00000001
core   0: 0x8000b87c (0x0000bfe5) c.j     pc - 8
core   0: 3 0x8000b87c (0xbfe5)
core   0: 0x8000b874 (0x00000f17) auipc   t5, 0x0
core   0: 3 0x8000b874 (0x00000f17) x30 0x8000b874
core   0: 0x8000b878 (0x783f2623) sw      gp, 1932(t5)
core   0: 3 0x8000b878 (0x783f2623) mem 0x8000c000 0x00000001
core   0: 0x8000b87c (0x0000bfe5) c.j     pc - 8
core   0: 3 0x8000b87c (0xbfe5)
core   0: 0x8000b874 (0x00000f17) auipc   t5, 0x0
core   0: 3 0x8000b874 (0x00000f17) x30 0x8000b874
core   0: 0x8000b878 (0x783f2623) sw      gp, 1932(t5)
core   0: 3 0x8000b878 (0x783f2623) mem 0x8000c000 0x00000001
core   0: 0x8000b87c (0x0000bfe5) c.j     pc - 8
core   0: 3 0x8000b87c (0xbfe5)
core   0: 0x8000b874 (0x00000f17) auipc   t5, 0x0
core   0: 3 0x8000b874 (0x00000f17) x30 0x8000b874
core   0: 0x8000b878 (0x783f2623) sw      gp, 1932(t5)
core   0: 3 0x8000b878 (0x783f2623) mem 0x8000c000 0x00000001
core   0: 0x8000b87c (0x0000bfe5) c.j     pc - 8
core   0: 3 0x8000b87c (0xbfe5)
core   0: 0x8000b874 (0x00000f17) auipc   t5, 0x0
core   0: 3 0x8000b874 (0x00000f17) x30 0x8000b874
core   0: 0x8000b878 (0x783f2623) sw      gp, 1932(t5)
core   0: 3 0x8000b878 (0x783f2623) mem 0x8000c000 0x00000001
core   0: 0x8000b87c (0x0000bfe5) c.j     pc - 8
core   0: 3 0x8000b87c (0xbfe5)
core   0: 0x8000b874 (0x00000f17) auipc   t5, 0x0
core   0: 3 0x8000b874 (0x00000f17) x30 0x8000b874
core   0: 0x8000b878 (0x783f2623) sw      gp, 1932(t5)
core   0: 3 0x8000b878 (0x783f2623) mem 0x8000c000 0x00000001
core   0: 0x8000b87c (0x0000bfe5) c.j     pc - 8
core   0: 3 0x8000b87c (0xbfe5)
core   0: 0x8000b874 (0x00000f17) auipc   t5, 0x0
core   0: 3 0x8000b874 (0x00000f17) x30 0x8000b874
core   0: 0x8000b878 (0x783f2623) sw      gp, 1932(t5)
core   0: 3 0x8000b878 (0x783f2623) mem 0x8000c000 0x00000001
core   0: 0x8000b87c (0x0000bfe5) c.j     pc - 8
core   0: 3 0x8000b87c (0xbfe5)
core   0: 0x8000b874 (0x00000f17) auipc   t5, 0x0
core   0: 3 0x8000b874 (0x00000f17) x30 0x8000b874
core   0: 0x8000b878 (0x783f2623) sw      gp, 1932(t5)
core   0: 3 0x8000b878 (0x783f2623) mem 0x8000c000 0x00000001
core   0: 0x8000b87c (0x0000bfe5) c.j     pc - 8
core   0: 3 0x8000b87c (0xbfe5)
core   0: 0x8000b874 (0x00000f17) auipc   t5, 0x0
core   0: 3 0x8000b874 (0x00000f17) x30 0x8000b874
core   0: 0x8000b878 (0x783f2623) sw      gp, 1932(t5)
core   0: 3 0x8000b878 (0x783f2623) mem 0x8000c000 0x00000001
core   0: 0x8000b87c (0x0000bfe5) c.j     pc - 8
core   0: 3 0x8000b87c (0xbfe5)
core   0: 0x8000b874 (0x00000f17) auipc   t5, 0x0
core   0: 3 0x8000b874 (0x00000f17) x30 0x8000b874
core   0: 0x8000b878 (0x783f2623) sw      gp, 1932(t5)
core   0: 3 0x8000b878 (0x783f2623) mem 0x8000c000 0x00000001
core   0: 0x8000b87c (0x0000bfe5) c.j     pc - 8
core   0: 3 0x8000b87c (0xbfe5)
core   0: 0x8000b874 (0x00000f17) auipc   t5, 0x0
core   0: 3 0x8000b874 (0x00000f17) x30 0x8000b874
core   0: 0x8000b878 (0x783f2623) sw      gp, 1932(t5)
core   0: 3 0x8000b878 (0x783f2623) mem 0x8000c000 0x00000001
core   0: 0x8000b87c (0x0000bfe5) c.j     pc - 8
core   0: 3 0x8000b87c (0xbfe5)
core   0: 0x8000b874 (0x00000f17) auipc   t5, 0x0
core   0: 3 0x8000b874 (0x00000f17) x30 0x8000b874
core   0: 0x8000b878 (0x783f2623) sw      gp, 1932(t5)
core   0: 3 0x8000b878 (0x783f2623) mem 0x8000c000 0x00000001
core   0: 0x8000b87c (0x0000bfe5) c.j     pc - 8
core   0: 3 0x8000b87c (0xbfe5)
core   0: 0x8000b874 (0x00000f17) auipc   t5, 0x0
core   0: 3 0x8000b874 (0x00000f17) x30 0x8000b874
core   0: 0x8000b878 (0x783f2623) sw      gp, 1932(t5)
core   0: 3 0x8000b878 (0x783f2623) mem 0x8000c000 0x00000001
core   0: 0x8000b87c (0x0000bfe5) c.j     pc - 8
core   0: 3 0x8000b87c (0xbfe5)
core   0: 0x8000b874 (0x00000f17) auipc   t5, 0x0
core   0: 3 0x8000b874 (0x00000f17) x30 0x8000b874
core   0: 0x8000b878 (0x783f2623) sw      gp, 1932(t5)
core   0: 3 0x8000b878 (0x783f2623) mem 0x8000c000 0x00000001
core   0: 0x8000b87c (0x0000bfe5) c.j     pc - 8
core   0: 3 0x8000b87c (0xbfe5)
core   0: 0x8000b874 (0x00000f17) auipc   t5, 0x0
core   0: 3 0x8000b874 (0x00000f17) x30 0x8000b874
core   0: 0x8000b878 (0x783f2623) sw      gp, 1932(t5)
core   0: 3 0x8000b878 (0x783f2623) mem 0x8000c000 0x00000001
core   0: 0x8000b87c (0x0000bfe5) c.j     pc - 8
core   0: 3 0x8000b87c (0xbfe5)
core   0: 0x8000b874 (0x00000f17) auipc   t5, 0x0
core   0: 3 0x8000b874 (0x00000f17) x30 0x8000b874
core   0: 0x8000b878 (0x783f2623) sw      gp, 1932(t5)
core   0: 3 0x8000b878 (0x783f2623) mem 0x8000c000 0x00000001
core   0: 0x8000b87c (0x0000bfe5) c.j     pc - 8
core   0: 3 0x8000b87c (0xbfe5)
core   0: 0x8000b874 (0x00000f17) auipc   t5, 0x0
core   0: 3 0x8000b874 (0x00000f17) x30 0x8000b874
core   0: 0x8000b878 (0x783f2623) sw      gp, 1932(t5)
core   0: 3 0x8000b878 (0x783f2623) mem 0x8000c000 0x00000001
core   0: 0x8000b87c (0x0000bfe5) c.j     pc - 8
core   0: 3 0x8000b87c (0xbfe5)
core   0: 0x8000b874 (0x00000f17) auipc   t5, 0x0
core   0: 3 0x8000b874 (0x00000f17) x30 0x8000b874
core   0: 0x8000b878 (0x783f2623) sw      gp, 1932(t5)
core   0: 3 0x8000b878 (0x783f2623) mem 0x8000c000 0x00000001
core   0: 0x8000b87c (0x0000bfe5) c.j     pc - 8
core   0: 3 0x8000b87c (0xbfe5)
core   0: 0x8000b874 (0x00000f17) auipc   t5, 0x0
core   0: 3 0x8000b874 (0x00000f17) x30 0x8000b874
core   0: 0x8000b878 (0x783f2623) sw      gp, 1932(t5)
core   0: 3 0x8000b878 (0x783f2623) mem 0x8000c000 0x00000001
core   0: 0x8000b87c (0x0000bfe5) c.j     pc - 8
core   0: 3 0x8000b87c (0xbfe5)
core   0: 0x8000b874 (0x00000f17) auipc   t5, 0x0
core   0: 3 0x8000b874 (0x00000f17) x30 0x8000b874
core   0: 0x8000b878 (0x783f2623) sw      gp, 1932(t5)
core   0: 3 0x8000b878 (0x783f2623) mem 0x8000c000 0x00000001
core   0: 0x8000b87c (0x0000bfe5) c.j     pc - 8
core   0: 3 0x8000b87c (0xbfe5)
core   0: 0x8000b874 (0x00000f17) auipc   t5, 0x0
core   0: 3 0x8000b874 (0x00000f17) x30 0x8000b874
core   0: 0x8000b878 (0x783f2623) sw      gp, 1932(t5)
core   0: 3 0x8000b878 (0x783f2623) mem 0x8000c000 0x00000001
core   0: 0x8000b87c (0x0000bfe5) c.j     pc - 8
core   0: 3 0x8000b87c (0xbfe5)
core   0: 0x8000b874 (0x00000f17) auipc   t5, 0x0
core   0: 3 0x8000b874 (0x00000f17) x30 0x8000b874
core   0: 0x8000b878 (0x783f2623) sw      gp, 1932(t5)
core   0: 3 0x8000b878 (0x783f2623) mem 0x8000c000 0x00000001
core   0: 0x8000b87c (0x0000bfe5) c.j     pc - 8
core   0: 3 0x8000b87c (0xbfe5)
core   0: 0x8000b874 (0x00000f17) auipc   t5, 0x0
core   0: 3 0x8000b874 (0x00000f17) x30 0x8000b874
core   0: 0x8000b878 (0x783f2623) sw      gp, 1932(t5)
core   0: 3 0x8000b878 (0x783f2623) mem 0x8000c000 0x00000001
core   0: 0x8000b87c (0x0000bfe5) c.j     pc - 8
core   0: 3 0x8000b87c (0xbfe5)
core   0: 0x8000b874 (0x00000f17) auipc   t5, 0x0
core   0: 3 0x8000b874 (0x00000f17) x30 0x8000b874
core   0: 0x8000b878 (0x783f2623) sw      gp, 1932(t5)
core   0: 3 0x8000b878 (0x783f2623) mem 0x8000c000 0x00000001
core   0: 0x8000b87c (0x0000bfe5) c.j     pc - 8
core   0: 3 0x8000b87c (0xbfe5)
core   0: 0x8000b874 (0x00000f17) auipc   t5, 0x0
core   0: 3 0x8000b874 (0x00000f17) x30 0x8000b874
core   0: 0x8000b878 (0x783f2623) sw      gp, 1932(t5)
core   0: 3 0x8000b878 (0x783f2623) mem 0x8000c000 0x00000001
core   0: 0x8000b87c (0x0000bfe5) c.j     pc - 8
core   0: 3 0x8000b87c (0xbfe5)
core   0: 0x8000b874 (0x00000f17) auipc   t5, 0x0
core   0: 3 0x8000b874 (0x00000f17) x30 0x8000b874
core   0: 0x8000b878 (0x783f2623) sw      gp, 1932(t5)
core   0: 3 0x8000b878 (0x783f2623) mem 0x8000c000 0x00000001
core   0: 0x8000b87c (0x0000bfe5) c.j     pc - 8
core   0: 3 0x8000b87c (0xbfe5)
core   0: 0x8000b874 (0x00000f17) auipc   t5, 0x0
core   0: 3 0x8000b874 (0x00000f17) x30 0x8000b874
core   0: 0x8000b878 (0x783f2623) sw      gp, 1932(t5)
core   0: 3 0x8000b878 (0x783f2623) mem 0x8000c000 0x00000001
core   0: 0x8000b87c (0x0000bfe5) c.j     pc - 8
core   0: 3 0x8000b87c (0xbfe5)
core   0: 0x8000b874 (0x00000f17) auipc   t5, 0x0
core   0: 3 0x8000b874 (0x00000f17) x30 0x8000b874
core   0: 0x8000b878 (0x783f2623) sw      gp, 1932(t5)
core   0: 3 0x8000b878 (0x783f2623) mem 0x8000c000 0x00000001
core   0: 0x8000b87c (0x0000bfe5) c.j     pc - 8
core   0: 3 0x8000b87c (0xbfe5)
core   0: 0x8000b874 (0x00000f17) auipc   t5, 0x0
core   0: 3 0x8000b874 (0x00000f17) x30 0x8000b874
core   0: 0x8000b878 (0x783f2623) sw      gp, 1932(t5)
core   0: 3 0x8000b878 (0x783f2623) mem 0x8000c000 0x00000001
core   0: 0x8000b87c (0x0000bfe5) c.j     pc - 8
core   0: 3 0x8000b87c (0xbfe5)
core   0: 0x8000b874 (0x00000f17) auipc   t5, 0x0
core   0: 3 0x8000b874 (0x00000f17) x30 0x8000b874
core   0: 0x8000b878 (0x783f2623) sw      gp, 1932(t5)
core   0: 3 0x8000b878 (0x783f2623) mem 0x8000c000 0x00000001
core   0: 0x8000b87c (0x0000bfe5) c.j     pc - 8
core   0: 3 0x8000b87c (0xbfe5)
core   0: 0x8000b874 (0x00000f17) auipc   t5, 0x0
core   0: 3 0x8000b874 (0x00000f17) x30 0x8000b874
core   0: 0x8000b878 (0x783f2623) sw      gp, 1932(t5)
core   0: 3 0x8000b878 (0x783f2623) mem 0x8000c000 0x00000001
core   0: 0x8000b87c (0x0000bfe5) c.j     pc - 8
core   0: 3 0x8000b87c (0xbfe5)
core   0: 0x8000b874 (0x00000f17) auipc   t5, 0x0
core   0: 3 0x8000b874 (0x00000f17) x30 0x8000b874
core   0: 0x8000b878 (0x783f2623) sw      gp, 1932(t5)
core   0: 3 0x8000b878 (0x783f2623) mem 0x8000c000 0x00000001
core   0: 0x8000b87c (0x0000bfe5) c.j     pc - 8
core   0: 3 0x8000b87c (0xbfe5)
core   0: 0x8000b874 (0x00000f17) auipc   t5, 0x0
core   0: 3 0x8000b874 (0x00000f17) x30 0x8000b874
core   0: 0x8000b878 (0x783f2623) sw      gp, 1932(t5)
core   0: 3 0x8000b878 (0x783f2623) mem 0x8000c000 0x00000001
core   0: 0x8000b87c (0x0000bfe5) c.j     pc - 8
core   0: 3 0x8000b87c (0xbfe5)
core   0: 0x8000b874 (0x00000f17) auipc   t5, 0x0
core   0: 3 0x8000b874 (0x00000f17) x30 0x8000b874
core   0: 0x8000b878 (0x783f2623) sw      gp, 1932(t5)
core   0: 3 0x8000b878 (0x783f2623) mem 0x8000c000 0x00000001
core   0: 0x8000b87c (0x0000bfe5) c.j     pc - 8
core   0: 3 0x8000b87c (0xbfe5)
core   0: 0x8000b874 (0x00000f17) auipc   t5, 0x0
core   0: 3 0x8000b874 (0x00000f17) x30 0x8000b874
core   0: 0x8000b878 (0x783f2623) sw      gp, 1932(t5)
core   0: 3 0x8000b878 (0x783f2623) mem 0x8000c000 0x00000001
core   0: 0x8000b87c (0x0000bfe5) c.j     pc - 8
core   0: 3 0x8000b87c (0xbfe5)
core   0: 0x8000b874 (0x00000f17) auipc   t5, 0x0
core   0: 3 0x8000b874 (0x00000f17) x30 0x8000b874
core   0: 0x8000b878 (0x783f2623) sw      gp, 1932(t5)
core   0: 3 0x8000b878 (0x783f2623) mem 0x8000c000 0x00000001
core   0: 0x8000b87c (0x0000bfe5) c.j     pc - 8
core   0: 3 0x8000b87c (0xbfe5)
core   0: 0x8000b874 (0x00000f17) auipc   t5, 0x0
core   0: 3 0x8000b874 (0x00000f17) x30 0x8000b874
core   0: 0x8000b878 (0x783f2623) sw      gp, 1932(t5)
core   0: 3 0x8000b878 (0x783f2623) mem 0x8000c000 0x00000001
core   0: 0x8000b87c (0x0000bfe5) c.j     pc - 8
core   0: 3 0x8000b87c (0xbfe5)
core   0: 0x8000b874 (0x00000f17) auipc   t5, 0x0
core   0: 3 0x8000b874 (0x00000f17) x30 0x8000b874
core   0: 0x8000b878 (0x783f2623) sw      gp, 1932(t5)
core   0: 3 0x8000b878 (0x783f2623) mem 0x8000c000 0x00000001
core   0: 0x8000b87c (0x0000bfe5) c.j     pc - 8
core   0: 3 0x8000b87c (0xbfe5)
core   0: 0x8000b874 (0x00000f17) auipc   t5, 0x0
core   0: 3 0x8000b874 (0x00000f17) x30 0x8000b874
core   0: 0x8000b878 (0x783f2623) sw      gp, 1932(t5)
core   0: 3 0x8000b878 (0x783f2623) mem 0x8000c000 0x00000001
core   0: 0x8000b87c (0x0000bfe5) c.j     pc - 8
core   0: 3 0x8000b87c (0xbfe5)
core   0: 0x8000b874 (0x00000f17) auipc   t5, 0x0
core   0: 3 0x8000b874 (0x00000f17) x30 0x8000b874
core   0: 0x8000b878 (0x783f2623) sw      gp, 1932(t5)
core   0: 3 0x8000b878 (0x783f2623) mem 0x8000c000 0x00000001
core   0: 0x8000b87c (0x0000bfe5) c.j     pc - 8
core   0: 3 0x8000b87c (0xbfe5)
core   0: 0x8000b874 (0x00000f17) auipc   t5, 0x0
core   0: 3 0x8000b874 (0x00000f17) x30 0x8000b874
core   0: 0x8000b878 (0x783f2623) sw      gp, 1932(t5)
core   0: 3 0x8000b878 (0x783f2623) mem 0x8000c000 0x00000001
core   0: 0x8000b87c (0x0000bfe5) c.j     pc - 8
core   0: 3 0x8000b87c (0xbfe5)
core   0: 0x8000b874 (0x00000f17) auipc   t5, 0x0
core   0: 3 0x8000b874 (0x00000f17) x30 0x8000b874
core   0: 0x8000b878 (0x783f2623) sw      gp, 1932(t5)
core   0: 3 0x8000b878 (0x783f2623) mem 0x8000c000 0x00000001
core   0: 0x8000b87c (0x0000bfe5) c.j     pc - 8
core   0: 3 0x8000b87c (0xbfe5)
core   0: 0x8000b874 (0x00000f17) auipc   t5, 0x0
core   0: 3 0x8000b874 (0x00000f17) x30 0x8000b874
core   0: 0x8000b878 (0x783f2623) sw      gp, 1932(t5)
core   0: 3 0x8000b878 (0x783f2623) mem 0x8000c000 0x00000001
core   0: 0x8000b87c (0x0000bfe5) c.j     pc - 8
core   0: 3 0x8000b87c (0xbfe5)
core   0: 0x8000b874 (0x00000f17) auipc   t5, 0x0
core   0: 3 0x8000b874 (0x00000f17) x30 0x8000b874
core   0: 0x8000b878 (0x783f2623) sw      gp, 1932(t5)
core   0: 3 0x8000b878 (0x783f2623) mem 0x8000c000 0x00000001
core   0: 0x8000b87c (0x0000bfe5) c.j     pc - 8
core   0: 3 0x8000b87c (0xbfe5)
core   0: 0x8000b874 (0x00000f17) auipc   t5, 0x0
core   0: 3 0x8000b874 (0x00000f17) x30 0x8000b874
core   0: 0x8000b878 (0x783f2623) sw      gp, 1932(t5)
core   0: 3 0x8000b878 (0x783f2623) mem 0x8000c000 0x00000001
core   0: 0x8000b87c (0x0000bfe5) c.j     pc - 8
core   0: 3 0x8000b87c (0xbfe5)
core   0: 0x8000b874 (0x00000f17) auipc   t5, 0x0
core   0: 3 0x8000b874 (0x00000f17) x30 0x8000b874
core   0: 0x8000b878 (0x783f2623) sw      gp, 1932(t5)
core   0: 3 0x8000b878 (0x783f2623) mem 0x8000c000 0x00000001
core   0: 0x8000b87c (0x0000bfe5) c.j     pc - 8
core   0: 3 0x8000b87c (0xbfe5)
core   0: 0x8000b874 (0x00000f17) auipc   t5, 0x0
core   0: 3 0x8000b874 (0x00000f17) x30 0x8000b874
core   0: 0x8000b878 (0x783f2623) sw      gp, 1932(t5)
core   0: 3 0x8000b878 (0x783f2623) mem 0x8000c000 0x00000001
core   0: 0x8000b87c (0x0000bfe5) c.j     pc - 8
core   0: 3 0x8000b87c (0xbfe5)
core   0: 0x8000b874 (0x00000f17) auipc   t5, 0x0
core   0: 3 0x8000b874 (0x00000f17) x30 0x8000b874
core   0: 0x8000b878 (0x783f2623) sw      gp, 1932(t5)
core   0: 3 0x8000b878 (0x783f2623) mem 0x8000c000 0x00000001
core   0: 0x8000b87c (0x0000bfe5) c.j     pc - 8
core   0: 3 0x8000b87c (0xbfe5)
core   0: 0x8000b874 (0x00000f17) auipc   t5, 0x0
core   0: 3 0x8000b874 (0x00000f17) x30 0x8000b874
core   0: 0x8000b878 (0x783f2623) sw      gp, 1932(t5)
core   0: 3 0x8000b878 (0x783f2623) mem 0x8000c000 0x00000001
core   0: 0x8000b87c (0x0000bfe5) c.j     pc - 8
core   0: 3 0x8000b87c (0xbfe5)
core   0: 0x8000b874 (0x00000f17) auipc   t5, 0x0
core   0: 3 0x8000b874 (0x00000f17) x30 0x8000b874
core   0: 0x8000b878 (0x783f2623) sw      gp, 1932(t5)
core   0: 3 0x8000b878 (0x783f2623) mem 0x8000c000 0x00000001
core   0: 0x8000b87c (0x0000bfe5) c.j     pc - 8
core   0: 3 0x8000b87c (0xbfe5)
core   0: 0x8000b874 (0x00000f17) auipc   t5, 0x0
core   0: 3 0x8000b874 (0x00000f17) x30 0x8000b874
core   0: 0x8000b878 (0x783f2623) sw      gp, 1932(t5)
core   0: 3 0x8000b878 (0x783f2623) mem 0x8000c000 0x00000001
core   0: 0x8000b87c (0x0000bfe5) c.j     pc - 8
core   0: 3 0x8000b87c (0xbfe5)
core   0: 0x8000b874 (0x00000f17) auipc   t5, 0x0
core   0: 3 0x8000b874 (0x00000f17) x30 0x8000b874
core   0: 0x8000b878 (0x783f2623) sw      gp, 1932(t5)
core   0: 3 0x8000b878 (0x783f2623) mem 0x8000c000 0x00000001
core   0: 0x8000b87c (0x0000bfe5) c.j     pc - 8
core   0: 3 0x8000b87c (0xbfe5)
core   0: 0x8000b874 (0x00000f17) auipc   t5, 0x0
core   0: 3 0x8000b874 (0x00000f17) x30 0x8000b874
core   0: 0x8000b878 (0x783f2623) sw      gp, 1932(t5)
core   0: 3 0x8000b878 (0x783f2623) mem 0x8000c000 0x00000001
core   0: 0x8000b87c (0x0000bfe5) c.j     pc - 8
core   0: 3 0x8000b87c (0xbfe5)
core   0: 0x8000b874 (0x00000f17) auipc   t5, 0x0
core   0: 3 0x8000b874 (0x00000f17) x30 0x8000b874
core   0: 0x8000b878 (0x783f2623) sw      gp, 1932(t5)
core   0: 3 0x8000b878 (0x783f2623) mem 0x8000c000 0x00000001
core   0: 0x8000b87c (0x0000bfe5) c.j     pc - 8
core   0: 3 0x8000b87c (0xbfe5)
core   0: 0x8000b874 (0x00000f17) auipc   t5, 0x0
core   0: 3 0x8000b874 (0x00000f17) x30 0x8000b874
core   0: 0x8000b878 (0x783f2623) sw      gp, 1932(t5)
core   0: 3 0x8000b878 (0x783f2623) mem 0x8000c000 0x00000001
core   0: 0x8000b87c (0x0000bfe5) c.j     pc - 8
core   0: 3 0x8000b87c (0xbfe5)
core   0: 0x8000b874 (0x00000f17) auipc   t5, 0x0
core   0: 3 0x8000b874 (0x00000f17) x30 0x8000b874
core   0: 0x8000b878 (0x783f2623) sw      gp, 1932(t5)
core   0: 3 0x8000b878 (0x783f2623) mem 0x8000c000 0x00000001
core   0: 0x8000b87c (0x0000bfe5) c.j     pc - 8
core   0: 3 0x8000b87c (0xbfe5)
core   0: 0x8000b874 (0x00000f17) auipc   t5, 0x0
core   0: 3 0x8000b874 (0x00000f17) x30 0x8000b874
core   0: 0x8000b878 (0x783f2623) sw      gp, 1932(t5)
core   0: 3 0x8000b878 (0x783f2623) mem 0x8000c000 0x00000001
core   0: 0x8000b87c (0x0000bfe5) c.j     pc - 8
core   0: 3 0x8000b87c (0xbfe5)
core   0: 0x8000b874 (0x00000f17) auipc   t5, 0x0
core   0: 3 0x8000b874 (0x00000f17) x30 0x8000b874
core   0: 0x8000b878 (0x783f2623) sw      gp, 1932(t5)
core   0: 3 0x8000b878 (0x783f2623) mem 0x8000c000 0x00000001
core   0: 0x8000b87c (0x0000bfe5) c.j     pc - 8
core   0: 3 0x8000b87c (0xbfe5)
core   0: 0x8000b874 (0x00000f17) auipc   t5, 0x0
core   0: 3 0x8000b874 (0x00000f17) x30 0x8000b874
core   0: 0x8000b878 (0x783f2623) sw      gp, 1932(t5)
core   0: 3 0x8000b878 (0x783f2623) mem 0x8000c000 0x00000001
core   0: 0x8000b87c (0x0000bfe5) c.j     pc - 8
core   0: 3 0x8000b87c (0xbfe5)
core   0: 0x8000b874 (0x00000f17) auipc   t5, 0x0
core   0: 3 0x8000b874 (0x00000f17) x30 0x8000b874
core   0: 0x8000b878 (0x783f2623) sw      gp, 1932(t5)
core   0: 3 0x8000b878 (0x783f2623) mem 0x8000c000 0x00000001
core   0: 0x8000b87c (0x0000bfe5) c.j     pc - 8
core   0: 3 0x8000b87c (0xbfe5)
core   0: 0x8000b874 (0x00000f17) auipc   t5, 0x0
core   0: 3 0x8000b874 (0x00000f17) x30 0x8000b874
core   0: 0x8000b878 (0x783f2623) sw      gp, 1932(t5)
core   0: 3 0x8000b878 (0x783f2623) mem 0x8000c000 0x00000001
core   0: 0x8000b87c (0x0000bfe5) c.j     pc - 8
core   0: 3 0x8000b87c (0xbfe5)
core   0: 0x8000b874 (0x00000f17) auipc   t5, 0x0
core   0: 3 0x8000b874 (0x00000f17) x30 0x8000b874
core   0: 0x8000b878 (0x783f2623) sw      gp, 1932(t5)
core   0: 3 0x8000b878 (0x783f2623) mem 0x8000c000 0x00000001
core   0: 0x8000b87c (0x0000bfe5) c.j     pc - 8
core   0: 3 0x8000b87c (0xbfe5)
core   0: 0x8000b874 (0x00000f17) auipc   t5, 0x0
core   0: 3 0x8000b874 (0x00000f17) x30 0x8000b874
core   0: 0x8000b878 (0x783f2623) sw      gp, 1932(t5)
core   0: 3 0x8000b878 (0x783f2623) mem 0x8000c000 0x00000001
core   0: 0x8000b87c (0x0000bfe5) c.j     pc - 8
core   0: 3 0x8000b87c (0xbfe5)
core   0: 0x8000b874 (0x00000f17) auipc   t5, 0x0
core   0: 3 0x8000b874 (0x00000f17) x30 0x8000b874
core   0: 0x8000b878 (0x783f2623) sw      gp, 1932(t5)
core   0: 3 0x8000b878 (0x783f2623) mem 0x8000c000 0x00000001
core   0: 0x8000b87c (0x0000bfe5) c.j     pc - 8
core   0: 3 0x8000b87c (0xbfe5)
core   0: 0x8000b874 (0x00000f17) auipc   t5, 0x0
core   0: 3 0x8000b874 (0x00000f17) x30 0x8000b874
core   0: 0x8000b878 (0x783f2623) sw      gp, 1932(t5)
core   0: 3 0x8000b878 (0x783f2623) mem 0x8000c000 0x00000001
core   0: 0x8000b87c (0x0000bfe5) c.j     pc - 8
core   0: 3 0x8000b87c (0xbfe5)
core   0: 0x8000b874 (0x00000f17) auipc   t5, 0x0
core   0: 3 0x8000b874 (0x00000f17) x30 0x8000b874
core   0: 0x8000b878 (0x783f2623) sw      gp, 1932(t5)
core   0: 3 0x8000b878 (0x783f2623) mem 0x8000c000 0x00000001
core   0: 0x8000b87c (0x0000bfe5) c.j     pc - 8
core   0: 3 0x8000b87c (0xbfe5)
core   0: 0x8000b874 (0x00000f17) auipc   t5, 0x0
core   0: 3 0x8000b874 (0x00000f17) x30 0x8000b874
core   0: 0x8000b878 (0x783f2623) sw      gp, 1932(t5)
core   0: 3 0x8000b878 (0x783f2623) mem 0x8000c000 0x00000001
core   0: 0x8000b87c (0x0000bfe5) c.j     pc - 8
core   0: 3 0x8000b87c (0xbfe5)
core   0: 0x8000b874 (0x00000f17) auipc   t5, 0x0
core   0: 3 0x8000b874 (0x00000f17) x30 0x8000b874
core   0: 0x8000b878 (0x783f2623) sw      gp, 1932(t5)
core   0: 3 0x8000b878 (0x783f2623) mem 0x8000c000 0x00000001
core   0: 0x8000b87c (0x0000bfe5) c.j     pc - 8
core   0: 3 0x8000b87c (0xbfe5)
core   0: 0x8000b874 (0x00000f17) auipc   t5, 0x0
core   0: 3 0x8000b874 (0x00000f17) x30 0x8000b874
core   0: 0x8000b878 (0x783f2623) sw      gp, 1932(t5)
core   0: 3 0x8000b878 (0x783f2623) mem 0x8000c000 0x00000001
core   0: 0x8000b87c (0x0000bfe5) c.j     pc - 8
core   0: 3 0x8000b87c (0xbfe5)
core   0: 0x8000b874 (0x00000f17) auipc   t5, 0x0
core   0: 3 0x8000b874 (0x00000f17) x30 0x8000b874
core   0: 0x8000b878 (0x783f2623) sw      gp, 1932(t5)
core   0: 3 0x8000b878 (0x783f2623) mem 0x8000c000 0x00000001
core   0: 0x8000b87c (0x0000bfe5) c.j     pc - 8
core   0: 3 0x8000b87c (0xbfe5)
core   0: 0x8000b874 (0x00000f17) auipc   t5, 0x0
core   0: 3 0x8000b874 (0x00000f17) x30 0x8000b874
core   0: 0x8000b878 (0x783f2623) sw      gp, 1932(t5)
core   0: 3 0x8000b878 (0x783f2623) mem 0x8000c000 0x00000001
core   0: 0x8000b87c (0x0000bfe5) c.j     pc - 8
core   0: 3 0x8000b87c (0xbfe5)
core   0: 0x8000b874 (0x00000f17) auipc   t5, 0x0
core   0: 3 0x8000b874 (0x00000f17) x30 0x8000b874
core   0: 0x8000b878 (0x783f2623) sw      gp, 1932(t5)
core   0: 3 0x8000b878 (0x783f2623) mem 0x8000c000 0x00000001
core   0: 0x8000b87c (0x0000bfe5) c.j     pc - 8
core   0: 3 0x8000b87c (0xbfe5)
core   0: 0x8000b874 (0x00000f17) auipc   t5, 0x0
core   0: 3 0x8000b874 (0x00000f17) x30 0x8000b874
core   0: 0x8000b878 (0x783f2623) sw      gp, 1932(t5)
core   0: 3 0x8000b878 (0x783f2623) mem 0x8000c000 0x00000001
core   0: 0x8000b87c (0x0000bfe5) c.j     pc - 8
core   0: 3 0x8000b87c (0xbfe5)
core   0: 0x8000b874 (0x00000f17) auipc   t5, 0x0
core   0: 3 0x8000b874 (0x00000f17) x30 0x8000b874
core   0: 0x8000b878 (0x783f2623) sw      gp, 1932(t5)
core   0: 3 0x8000b878 (0x783f2623) mem 0x8000c000 0x00000001
core   0: 0x8000b87c (0x0000bfe5) c.j     pc - 8
core   0: 3 0x8000b87c (0xbfe5)
core   0: 0x8000b874 (0x00000f17) auipc   t5, 0x0
core   0: 3 0x8000b874 (0x00000f17) x30 0x8000b874
core   0: 0x8000b878 (0x783f2623) sw      gp, 1932(t5)
core   0: 3 0x8000b878 (0x783f2623) mem 0x8000c000 0x00000001
core   0: 0x8000b87c (0x0000bfe5) c.j     pc - 8
core   0: 3 0x8000b87c (0xbfe5)
core   0: 0x8000b874 (0x00000f17) auipc   t5, 0x0
core   0: 3 0x8000b874 (0x00000f17) x30 0x8000b874
core   0: 0x8000b878 (0x783f2623) sw      gp, 1932(t5)
core   0: 3 0x8000b878 (0x783f2623) mem 0x8000c000 0x00000001
core   0: 0x8000b87c (0x0000bfe5) c.j     pc - 8
core   0: 3 0x8000b87c (0xbfe5)
core   0: 0x8000b874 (0x00000f17) auipc   t5, 0x0
core   0: 3 0x8000b874 (0x00000f17) x30 0x8000b874
core   0: 0x8000b878 (0x783f2623) sw      gp, 1932(t5)
core   0: 3 0x8000b878 (0x783f2623) mem 0x8000c000 0x00000001
core   0: 0x8000b87c (0x0000bfe5) c.j     pc - 8
core   0: 3 0x8000b87c (0xbfe5)
core   0: 0x8000b874 (0x00000f17) auipc   t5, 0x0
core   0: 3 0x8000b874 (0x00000f17) x30 0x8000b874
core   0: 0x8000b878 (0x783f2623) sw      gp, 1932(t5)
core   0: 3 0x8000b878 (0x783f2623) mem 0x8000c000 0x00000001
core   0: 0x8000b87c (0x0000bfe5) c.j     pc - 8
core   0: 3 0x8000b87c (0xbfe5)
core   0: 0x8000b874 (0x00000f17) auipc   t5, 0x0
core   0: 3 0x8000b874 (0x00000f17) x30 0x8000b874
core   0: 0x8000b878 (0x783f2623) sw      gp, 1932(t5)
core   0: 3 0x8000b878 (0x783f2623) mem 0x8000c000 0x00000001
core   0: 0x8000b87c (0x0000bfe5) c.j     pc - 8
core   0: 3 0x8000b87c (0xbfe5)
core   0: 0x8000b874 (0x00000f17) auipc   t5, 0x0
core   0: 3 0x8000b874 (0x00000f17) x30 0x8000b874
core   0: 0x8000b878 (0x783f2623) sw      gp, 1932(t5)
core   0: 3 0x8000b878 (0x783f2623) mem 0x8000c000 0x00000001
core   0: 0x8000b87c (0x0000bfe5) c.j     pc - 8
core   0: 3 0x8000b87c (0xbfe5)
core   0: 0x8000b874 (0x00000f17) auipc   t5, 0x0
core   0: 3 0x8000b874 (0x00000f17) x30 0x8000b874
core   0: 0x8000b878 (0x783f2623) sw      gp, 1932(t5)
core   0: 3 0x8000b878 (0x783f2623) mem 0x8000c000 0x00000001
core   0: 0x8000b87c (0x0000bfe5) c.j     pc - 8
core   0: 3 0x8000b87c (0xbfe5)
core   0: 0x8000b874 (0x00000f17) auipc   t5, 0x0
core   0: 3 0x8000b874 (0x00000f17) x30 0x8000b874
core   0: 0x8000b878 (0x783f2623) sw      gp, 1932(t5)
core   0: 3 0x8000b878 (0x783f2623) mem 0x8000c000 0x00000001
core   0: 0x8000b87c (0x0000bfe5) c.j     pc - 8
core   0: 3 0x8000b87c (0xbfe5)
core   0: 0x8000b874 (0x00000f17) auipc   t5, 0x0
core   0: 3 0x8000b874 (0x00000f17) x30 0x8000b874
core   0: 0x8000b878 (0x783f2623) sw      gp, 1932(t5)
core   0: 3 0x8000b878 (0x783f2623) mem 0x8000c000 0x00000001
core   0: 0x8000b87c (0x0000bfe5) c.j     pc - 8
core   0: 3 0x8000b87c (0xbfe5)
core   0: 0x8000b874 (0x00000f17) auipc   t5, 0x0
core   0: 3 0x8000b874 (0x00000f17) x30 0x8000b874
core   0: 0x8000b878 (0x783f2623) sw      gp, 1932(t5)
core   0: 3 0x8000b878 (0x783f2623) mem 0x8000c000 0x00000001
core   0: 0x8000b87c (0x0000bfe5) c.j     pc - 8
core   0: 3 0x8000b87c (0xbfe5)
core   0: 0x8000b874 (0x00000f17) auipc   t5, 0x0
core   0: 3 0x8000b874 (0x00000f17) x30 0x8000b874
core   0: 0x8000b878 (0x783f2623) sw      gp, 1932(t5)
core   0: 3 0x8000b878 (0x783f2623) mem 0x8000c000 0x00000001
core   0: 0x8000b87c (0x0000bfe5) c.j     pc - 8
core   0: 3 0x8000b87c (0xbfe5)
core   0: 0x8000b874 (0x00000f17) auipc   t5, 0x0
core   0: 3 0x8000b874 (0x00000f17) x30 0x8000b874
core   0: 0x8000b878 (0x783f2623) sw      gp, 1932(t5)
core   0: 3 0x8000b878 (0x783f2623) mem 0x8000c000 0x00000001
core   0: 0x8000b87c (0x0000bfe5) c.j     pc - 8
core   0: 3 0x8000b87c (0xbfe5)
core   0: 0x8000b874 (0x00000f17) auipc   t5, 0x0
core   0: 3 0x8000b874 (0x00000f17) x30 0x8000b874
core   0: 0x8000b878 (0x783f2623) sw      gp, 1932(t5)
core   0: 3 0x8000b878 (0x783f2623) mem 0x8000c000 0x00000001
core   0: 0x8000b87c (0x0000bfe5) c.j     pc - 8
core   0: 3 0x8000b87c (0xbfe5)
core   0: 0x8000b874 (0x00000f17) auipc   t5, 0x0
core   0: 3 0x8000b874 (0x00000f17) x30 0x8000b874
core   0: 0x8000b878 (0x783f2623) sw      gp, 1932(t5)
core   0: 3 0x8000b878 (0x783f2623) mem 0x8000c000 0x00000001
core   0: 0x8000b87c (0x0000bfe5) c.j     pc - 8
core   0: 3 0x8000b87c (0xbfe5)
core   0: 0x8000b874 (0x00000f17) auipc   t5, 0x0
core   0: 3 0x8000b874 (0x00000f17) x30 0x8000b874
core   0: 0x8000b878 (0x783f2623) sw      gp, 1932(t5)
core   0: 3 0x8000b878 (0x783f2623) mem 0x8000c000 0x00000001
core   0: 0x8000b87c (0x0000bfe5) c.j     pc - 8
core   0: 3 0x8000b87c (0xbfe5)
core   0: 0x8000b874 (0x00000f17) auipc   t5, 0x0
core   0: 3 0x8000b874 (0x00000f17) x30 0x8000b874
core   0: 0x8000b878 (0x783f2623) sw      gp, 1932(t5)
core   0: 3 0x8000b878 (0x783f2623) mem 0x8000c000 0x00000001
core   0: 0x8000b87c (0x0000bfe5) c.j     pc - 8
core   0: 3 0x8000b87c (0xbfe5)
core   0: 0x8000b874 (0x00000f17) auipc   t5, 0x0
core   0: 3 0x8000b874 (0x00000f17) x30 0x8000b874
core   0: 0x8000b878 (0x783f2623) sw      gp, 1932(t5)
core   0: 3 0x8000b878 (0x783f2623) mem 0x8000c000 0x00000001
core   0: 0x8000b87c (0x0000bfe5) c.j     pc - 8
core   0: 3 0x8000b87c (0xbfe5)
core   0: 0x8000b874 (0x00000f17) auipc   t5, 0x0
core   0: 3 0x8000b874 (0x00000f17) x30 0x8000b874
core   0: 0x8000b878 (0x783f2623) sw      gp, 1932(t5)
core   0: 3 0x8000b878 (0x783f2623) mem 0x8000c000 0x00000001
core   0: 0x8000b87c (0x0000bfe5) c.j     pc - 8
core   0: 3 0x8000b87c (0xbfe5)
core   0: 0x8000b874 (0x00000f17) auipc   t5, 0x0
core   0: 3 0x8000b874 (0x00000f17) x30 0x8000b874
core   0: 0x8000b878 (0x783f2623) sw      gp, 1932(t5)
core   0: 3 0x8000b878 (0x783f2623) mem 0x8000c000 0x00000001
core   0: 0x8000b87c (0x0000bfe5) c.j     pc - 8
core   0: 3 0x8000b87c (0xbfe5)
core   0: 0x8000b874 (0x00000f17) auipc   t5, 0x0
core   0: 3 0x8000b874 (0x00000f17) x30 0x8000b874
core   0: 0x8000b878 (0x783f2623) sw      gp, 1932(t5)
core   0: 3 0x8000b878 (0x783f2623) mem 0x8000c000 0x00000001
core   0: 0x8000b87c (0x0000bfe5) c.j     pc - 8
core   0: 3 0x8000b87c (0xbfe5)
core   0: 0x8000b874 (0x00000f17) auipc   t5, 0x0
core   0: 3 0x8000b874 (0x00000f17) x30 0x8000b874
core   0: 0x8000b878 (0x783f2623) sw      gp, 1932(t5)
core   0: 3 0x8000b878 (0x783f2623) mem 0x8000c000 0x00000001
core   0: 0x8000b87c (0x0000bfe5) c.j     pc - 8
core   0: 3 0x8000b87c (0xbfe5)
core   0: 0x8000b874 (0x00000f17) auipc   t5, 0x0
core   0: 3 0x8000b874 (0x00000f17) x30 0x8000b874
core   0: 0x8000b878 (0x783f2623) sw      gp, 1932(t5)
core   0: 3 0x8000b878 (0x783f2623) mem 0x8000c000 0x00000001
core   0: 0x8000b87c (0x0000bfe5) c.j     pc - 8
core   0: 3 0x8000b87c (0xbfe5)
core   0: 0x8000b874 (0x00000f17) auipc   t5, 0x0
core   0: 3 0x8000b874 (0x00000f17) x30 0x8000b874
core   0: 0x8000b878 (0x783f2623) sw      gp, 1932(t5)
core   0: 3 0x8000b878 (0x783f2623) mem 0x8000c000 0x00000001
core   0: 0x8000b87c (0x0000bfe5) c.j     pc - 8
core   0: 3 0x8000b87c (0xbfe5)
core   0: 0x8000b874 (0x00000f17) auipc   t5, 0x0
core   0: 3 0x8000b874 (0x00000f17) x30 0x8000b874
core   0: 0x8000b878 (0x783f2623) sw      gp, 1932(t5)
core   0: 3 0x8000b878 (0x783f2623) mem 0x8000c000 0x00000001
core   0: 0x8000b87c (0x0000bfe5) c.j     pc - 8
core   0: 3 0x8000b87c (0xbfe5)
core   0: 0x8000b874 (0x00000f17) auipc   t5, 0x0
core   0: 3 0x8000b874 (0x00000f17) x30 0x8000b874
core   0: 0x8000b878 (0x783f2623) sw      gp, 1932(t5)
core   0: 3 0x8000b878 (0x783f2623) mem 0x8000c000 0x00000001
core   0: 0x8000b87c (0x0000bfe5) c.j     pc - 8
core   0: 3 0x8000b87c (0xbfe5)
core   0: 0x8000b874 (0x00000f17) auipc   t5, 0x0
core   0: 3 0x8000b874 (0x00000f17) x30 0x8000b874
core   0: 0x8000b878 (0x783f2623) sw      gp, 1932(t5)
core   0: 3 0x8000b878 (0x783f2623) mem 0x8000c000 0x00000001
core   0: 0x8000b87c (0x0000bfe5) c.j     pc - 8
core   0: 3 0x8000b87c (0xbfe5)
core   0: 0x8000b874 (0x00000f17) auipc   t5, 0x0
core   0: 3 0x8000b874 (0x00000f17) x30 0x8000b874
core   0: 0x8000b878 (0x783f2623) sw      gp, 1932(t5)
core   0: 3 0x8000b878 (0x783f2623) mem 0x8000c000 0x00000001
core   0: 0x8000b87c (0x0000bfe5) c.j     pc - 8
core   0: 3 0x8000b87c (0xbfe5)
core   0: 0x8000b874 (0x00000f17) auipc   t5, 0x0
core   0: 3 0x8000b874 (0x00000f17) x30 0x8000b874
core   0: 0x8000b878 (0x783f2623) sw      gp, 1932(t5)
core   0: 3 0x8000b878 (0x783f2623) mem 0x8000c000 0x00000001
core   0: 0x8000b87c (0x0000bfe5) c.j     pc - 8
core   0: 3 0x8000b87c (0xbfe5)
core   0: 0x8000b874 (0x00000f17) auipc   t5, 0x0
core   0: 3 0x8000b874 (0x00000f17) x30 0x8000b874
core   0: 0x8000b878 (0x783f2623) sw      gp, 1932(t5)
core   0: 3 0x8000b878 (0x783f2623) mem 0x8000c000 0x00000001
core   0: 0x8000b87c (0x0000bfe5) c.j     pc - 8
core   0: 3 0x8000b87c (0xbfe5)
core   0: 0x8000b874 (0x00000f17) auipc   t5, 0x0
core   0: 3 0x8000b874 (0x00000f17) x30 0x8000b874
core   0: 0x8000b878 (0x783f2623) sw      gp, 1932(t5)
core   0: 3 0x8000b878 (0x783f2623) mem 0x8000c000 0x00000001
core   0: 0x8000b87c (0x0000bfe5) c.j     pc - 8
core   0: 3 0x8000b87c (0xbfe5)
core   0: 0x8000b874 (0x00000f17) auipc   t5, 0x0
core   0: 3 0x8000b874 (0x00000f17) x30 0x8000b874
core   0: 0x8000b878 (0x783f2623) sw      gp, 1932(t5)
core   0: 3 0x8000b878 (0x783f2623) mem 0x8000c000 0x00000001
core   0: 0x8000b87c (0x0000bfe5) c.j     pc - 8
core   0: 3 0x8000b87c (0xbfe5)
core   0: 0x8000b874 (0x00000f17) auipc   t5, 0x0
core   0: 3 0x8000b874 (0x00000f17) x30 0x8000b874
core   0: 0x8000b878 (0x783f2623) sw      gp, 1932(t5)
core   0: 3 0x8000b878 (0x783f2623) mem 0x8000c000 0x00000001
core   0: 0x8000b87c (0x0000bfe5) c.j     pc - 8
core   0: 3 0x8000b87c (0xbfe5)
core   0: 0x8000b874 (0x00000f17) auipc   t5, 0x0
core   0: 3 0x8000b874 (0x00000f17) x30 0x8000b874
core   0: 0x8000b878 (0x783f2623) sw      gp, 1932(t5)
core   0: 3 0x8000b878 (0x783f2623) mem 0x8000c000 0x00000001
core   0: 0x8000b87c (0x0000bfe5) c.j     pc - 8
core   0: 3 0x8000b87c (0xbfe5)
core   0: 0x8000b874 (0x00000f17) auipc   t5, 0x0
core   0: 3 0x8000b874 (0x00000f17) x30 0x8000b874
core   0: 0x8000b878 (0x783f2623) sw      gp, 1932(t5)
core   0: 3 0x8000b878 (0x783f2623) mem 0x8000c000 0x00000001
core   0: 0x8000b87c (0x0000bfe5) c.j     pc - 8
core   0: 3 0x8000b87c (0xbfe5)
core   0: 0x8000b874 (0x00000f17) auipc   t5, 0x0
core   0: 3 0x8000b874 (0x00000f17) x30 0x8000b874
core   0: 0x8000b878 (0x783f2623) sw      gp, 1932(t5)
core   0: 3 0x8000b878 (0x783f2623) mem 0x8000c000 0x00000001
core   0: 0x8000b87c (0x0000bfe5) c.j     pc - 8
core   0: 3 0x8000b87c (0xbfe5)
core   0: 0x8000b874 (0x00000f17) auipc   t5, 0x0
core   0: 3 0x8000b874 (0x00000f17) x30 0x8000b874
core   0: 0x8000b878 (0x783f2623) sw      gp, 1932(t5)
core   0: 3 0x8000b878 (0x783f2623) mem 0x8000c000 0x00000001
core   0: 0x8000b87c (0x0000bfe5) c.j     pc - 8
core   0: 3 0x8000b87c (0xbfe5)
core   0: 0x8000b874 (0x00000f17) auipc   t5, 0x0
core   0: 3 0x8000b874 (0x00000f17) x30 0x8000b874
core   0: 0x8000b878 (0x783f2623) sw      gp, 1932(t5)
core   0: 3 0x8000b878 (0x783f2623) mem 0x8000c000 0x00000001
core   0: 0x8000b87c (0x0000bfe5) c.j     pc - 8
core   0: 3 0x8000b87c (0xbfe5)
core   0: 0x8000b874 (0x00000f17) auipc   t5, 0x0
core   0: 3 0x8000b874 (0x00000f17) x30 0x8000b874
core   0: 0x8000b878 (0x783f2623) sw      gp, 1932(t5)
core   0: 3 0x8000b878 (0x783f2623) mem 0x8000c000 0x00000001
core   0: 0x8000b87c (0x0000bfe5) c.j     pc - 8
core   0: 3 0x8000b87c (0xbfe5)
core   0: 0x8000b874 (0x00000f17) auipc   t5, 0x0
core   0: 3 0x8000b874 (0x00000f17) x30 0x8000b874
core   0: 0x8000b878 (0x783f2623) sw      gp, 1932(t5)
core   0: 3 0x8000b878 (0x783f2623) mem 0x8000c000 0x00000001
core   0: 0x8000b87c (0x0000bfe5) c.j     pc - 8
core   0: 3 0x8000b87c (0xbfe5)
core   0: 0x8000b874 (0x00000f17) auipc   t5, 0x0
core   0: 3 0x8000b874 (0x00000f17) x30 0x8000b874
core   0: 0x8000b878 (0x783f2623) sw      gp, 1932(t5)
core   0: 3 0x8000b878 (0x783f2623) mem 0x8000c000 0x00000001
core   0: 0x8000b87c (0x0000bfe5) c.j     pc - 8
core   0: 3 0x8000b87c (0xbfe5)
core   0: 0x8000b874 (0x00000f17) auipc   t5, 0x0
core   0: 3 0x8000b874 (0x00000f17) x30 0x8000b874
core   0: 0x8000b878 (0x783f2623) sw      gp, 1932(t5)
core   0: 3 0x8000b878 (0x783f2623) mem 0x8000c000 0x00000001
core   0: 0x8000b87c (0x0000bfe5) c.j     pc - 8
core   0: 3 0x8000b87c (0xbfe5)
core   0: 0x8000b874 (0x00000f17) auipc   t5, 0x0
core   0: 3 0x8000b874 (0x00000f17) x30 0x8000b874
core   0: 0x8000b878 (0x783f2623) sw      gp, 1932(t5)
core   0: 3 0x8000b878 (0x783f2623) mem 0x8000c000 0x00000001
core   0: 0x8000b87c (0x0000bfe5) c.j     pc - 8
core   0: 3 0x8000b87c (0xbfe5)
core   0: 0x8000b874 (0x00000f17) auipc   t5, 0x0
core   0: 3 0x8000b874 (0x00000f17) x30 0x8000b874
core   0: 0x8000b878 (0x783f2623) sw      gp, 1932(t5)
core   0: 3 0x8000b878 (0x783f2623) mem 0x8000c000 0x00000001
core   0: 0x8000b87c (0x0000bfe5) c.j     pc - 8
core   0: 3 0x8000b87c (0xbfe5)
core   0: 0x8000b874 (0x00000f17) auipc   t5, 0x0
core   0: 3 0x8000b874 (0x00000f17) x30 0x8000b874
core   0: 0x8000b878 (0x783f2623) sw      gp, 1932(t5)
core   0: 3 0x8000b878 (0x783f2623) mem 0x8000c000 0x00000001
core   0: 0x8000b87c (0x0000bfe5) c.j     pc - 8
core   0: 3 0x8000b87c (0xbfe5)
core   0: 0x8000b874 (0x00000f17) auipc   t5, 0x0
core   0: 3 0x8000b874 (0x00000f17) x30 0x8000b874
core   0: 0x8000b878 (0x783f2623) sw      gp, 1932(t5)
core   0: 3 0x8000b878 (0x783f2623) mem 0x8000c000 0x00000001
core   0: 0x8000b87c (0x0000bfe5) c.j     pc - 8
core   0: 3 0x8000b87c (0xbfe5)
core   0: 0x8000b874 (0x00000f17) auipc   t5, 0x0
core   0: 3 0x8000b874 (0x00000f17) x30 0x8000b874
core   0: 0x8000b878 (0x783f2623) sw      gp, 1932(t5)
core   0: 3 0x8000b878 (0x783f2623) mem 0x8000c000 0x00000001
core   0: 0x8000b87c (0x0000bfe5) c.j     pc - 8
core   0: 3 0x8000b87c (0xbfe5)
core   0: 0x8000b874 (0x00000f17) auipc   t5, 0x0
core   0: 3 0x8000b874 (0x00000f17) x30 0x8000b874
core   0: 0x8000b878 (0x783f2623) sw      gp, 1932(t5)
core   0: 3 0x8000b878 (0x783f2623) mem 0x8000c000 0x00000001
core   0: 0x8000b87c (0x0000bfe5) c.j     pc - 8
core   0: 3 0x8000b87c (0xbfe5)
core   0: 0x8000b874 (0x00000f17) auipc   t5, 0x0
core   0: 3 0x8000b874 (0x00000f17) x30 0x8000b874
core   0: 0x8000b878 (0x783f2623) sw      gp, 1932(t5)
core   0: 3 0x8000b878 (0x783f2623) mem 0x8000c000 0x00000001
core   0: 0x8000b87c (0x0000bfe5) c.j     pc - 8
core   0: 3 0x8000b87c (0xbfe5)
core   0: 0x8000b874 (0x00000f17) auipc   t5, 0x0
core   0: 3 0x8000b874 (0x00000f17) x30 0x8000b874
core   0: 0x8000b878 (0x783f2623) sw      gp, 1932(t5)
core   0: 3 0x8000b878 (0x783f2623) mem 0x8000c000 0x00000001
core   0: 0x8000b87c (0x0000bfe5) c.j     pc - 8
core   0: 3 0x8000b87c (0xbfe5)
core   0: 0x8000b874 (0x00000f17) auipc   t5, 0x0
core   0: 3 0x8000b874 (0x00000f17) x30 0x8000b874
core   0: 0x8000b878 (0x783f2623) sw      gp, 1932(t5)
core   0: 3 0x8000b878 (0x783f2623) mem 0x8000c000 0x00000001
core   0: 0x8000b87c (0x0000bfe5) c.j     pc - 8
core   0: 3 0x8000b87c (0xbfe5)
core   0: 0x8000b874 (0x00000f17) auipc   t5, 0x0
core   0: 3 0x8000b874 (0x00000f17) x30 0x8000b874
core   0: 0x8000b878 (0x783f2623) sw      gp, 1932(t5)
core   0: 3 0x8000b878 (0x783f2623) mem 0x8000c000 0x00000001
core   0: 0x8000b87c (0x0000bfe5) c.j     pc - 8
core   0: 3 0x8000b87c (0xbfe5)
core   0: 0x8000b874 (0x00000f17) auipc   t5, 0x0
core   0: 3 0x8000b874 (0x00000f17) x30 0x8000b874
core   0: 0x8000b878 (0x783f2623) sw      gp, 1932(t5)
core   0: 3 0x8000b878 (0x783f2623) mem 0x8000c000 0x00000001
core   0: 0x8000b87c (0x0000bfe5) c.j     pc - 8
core   0: 3 0x8000b87c (0xbfe5)
core   0: 0x8000b874 (0x00000f17) auipc   t5, 0x0
core   0: 3 0x8000b874 (0x00000f17) x30 0x8000b874
core   0: 0x8000b878 (0x783f2623) sw      gp, 1932(t5)
core   0: 3 0x8000b878 (0x783f2623) mem 0x8000c000 0x00000001
core   0: 0x8000b87c (0x0000bfe5) c.j     pc - 8
core   0: 3 0x8000b87c (0xbfe5)
core   0: 0x8000b874 (0x00000f17) auipc   t5, 0x0
core   0: 3 0x8000b874 (0x00000f17) x30 0x8000b874
core   0: 0x8000b878 (0x783f2623) sw      gp, 1932(t5)
core   0: 3 0x8000b878 (0x783f2623) mem 0x8000c000 0x00000001
core   0: 0x8000b87c (0x0000bfe5) c.j     pc - 8
core   0: 3 0x8000b87c (0xbfe5)
core   0: 0x8000b874 (0x00000f17) auipc   t5, 0x0
core   0: 3 0x8000b874 (0x00000f17) x30 0x8000b874
core   0: 0x8000b878 (0x783f2623) sw      gp, 1932(t5)
core   0: 3 0x8000b878 (0x783f2623) mem 0x8000c000 0x00000001
core   0: 0x8000b87c (0x0000bfe5) c.j     pc - 8
core   0: 3 0x8000b87c (0xbfe5)
core   0: 0x8000b874 (0x00000f17) auipc   t5, 0x0
core   0: 3 0x8000b874 (0x00000f17) x30 0x8000b874
core   0: 0x8000b878 (0x783f2623) sw      gp, 1932(t5)
core   0: 3 0x8000b878 (0x783f2623) mem 0x8000c000 0x00000001
core   0: 0x8000b87c (0x0000bfe5) c.j     pc - 8
core   0: 3 0x8000b87c (0xbfe5)
core   0: 0x8000b874 (0x00000f17) auipc   t5, 0x0
core   0: 3 0x8000b874 (0x00000f17) x30 0x8000b874
core   0: 0x8000b878 (0x783f2623) sw      gp, 1932(t5)
core   0: 3 0x8000b878 (0x783f2623) mem 0x8000c000 0x00000001
core   0: 0x8000b87c (0x0000bfe5) c.j     pc - 8
core   0: 3 0x8000b87c (0xbfe5)
core   0: 0x8000b874 (0x00000f17) auipc   t5, 0x0
core   0: 3 0x8000b874 (0x00000f17) x30 0x8000b874
core   0: 0x8000b878 (0x783f2623) sw      gp, 1932(t5)
core   0: 3 0x8000b878 (0x783f2623) mem 0x8000c000 0x00000001
core   0: 0x8000b87c (0x0000bfe5) c.j     pc - 8
core   0: 3 0x8000b87c (0xbfe5)
core   0: 0x8000b874 (0x00000f17) auipc   t5, 0x0
core   0: 3 0x8000b874 (0x00000f17) x30 0x8000b874
core   0: 0x8000b878 (0x783f2623) sw      gp, 1932(t5)
core   0: 3 0x8000b878 (0x783f2623) mem 0x8000c000 0x00000001
core   0: 0x8000b87c (0x0000bfe5) c.j     pc - 8
core   0: 3 0x8000b87c (0xbfe5)
core   0: 0x8000b874 (0x00000f17) auipc   t5, 0x0
core   0: 3 0x8000b874 (0x00000f17) x30 0x8000b874
core   0: 0x8000b878 (0x783f2623) sw      gp, 1932(t5)
core   0: 3 0x8000b878 (0x783f2623) mem 0x8000c000 0x00000001
core   0: 0x8000b87c (0x0000bfe5) c.j     pc - 8
core   0: 3 0x8000b87c (0xbfe5)
core   0: 0x8000b874 (0x00000f17) auipc   t5, 0x0
core   0: 3 0x8000b874 (0x00000f17) x30 0x8000b874
core   0: 0x8000b878 (0x783f2623) sw      gp, 1932(t5)
core   0: 3 0x8000b878 (0x783f2623) mem 0x8000c000 0x00000001
core   0: 0x8000b87c (0x0000bfe5) c.j     pc - 8
core   0: 3 0x8000b87c (0xbfe5)
core   0: 0x8000b874 (0x00000f17) auipc   t5, 0x0
core   0: 3 0x8000b874 (0x00000f17) x30 0x8000b874
core   0: 0x8000b878 (0x783f2623) sw      gp, 1932(t5)
core   0: 3 0x8000b878 (0x783f2623) mem 0x8000c000 0x00000001
core   0: 0x8000b87c (0x0000bfe5) c.j     pc - 8
core   0: 3 0x8000b87c (0xbfe5)
core   0: 0x8000b874 (0x00000f17) auipc   t5, 0x0
core   0: 3 0x8000b874 (0x00000f17) x30 0x8000b874
core   0: 0x8000b878 (0x783f2623) sw      gp, 1932(t5)
core   0: 3 0x8000b878 (0x783f2623) mem 0x8000c000 0x00000001
core   0: 0x8000b87c (0x0000bfe5) c.j     pc - 8
core   0: 3 0x8000b87c (0xbfe5)
core   0: 0x8000b874 (0x00000f17) auipc   t5, 0x0
core   0: 3 0x8000b874 (0x00000f17) x30 0x8000b874
core   0: 0x8000b878 (0x783f2623) sw      gp, 1932(t5)
core   0: 3 0x8000b878 (0x783f2623) mem 0x8000c000 0x00000001
core   0: 0x8000b87c (0x0000bfe5) c.j     pc - 8
core   0: 3 0x8000b87c (0xbfe5)
core   0: 0x8000b874 (0x00000f17) auipc   t5, 0x0
core   0: 3 0x8000b874 (0x00000f17) x30 0x8000b874
core   0: 0x8000b878 (0x783f2623) sw      gp, 1932(t5)
core   0: 3 0x8000b878 (0x783f2623) mem 0x8000c000 0x00000001
core   0: 0x8000b87c (0x0000bfe5) c.j     pc - 8
core   0: 3 0x8000b87c (0xbfe5)
core   0: 0x8000b874 (0x00000f17) auipc   t5, 0x0
core   0: 3 0x8000b874 (0x00000f17) x30 0x8000b874
core   0: 0x8000b878 (0x783f2623) sw      gp, 1932(t5)
core   0: 3 0x8000b878 (0x783f2623) mem 0x8000c000 0x00000001
core   0: 0x8000b87c (0x0000bfe5) c.j     pc - 8
core   0: 3 0x8000b87c (0xbfe5)
core   0: 0x8000b874 (0x00000f17) auipc   t5, 0x0
core   0: 3 0x8000b874 (0x00000f17) x30 0x8000b874
core   0: 0x8000b878 (0x783f2623) sw      gp, 1932(t5)
core   0: 3 0x8000b878 (0x783f2623) mem 0x8000c000 0x00000001
core   0: 0x8000b87c (0x0000bfe5) c.j     pc - 8
core   0: 3 0x8000b87c (0xbfe5)
core   0: 0x8000b874 (0x00000f17) auipc   t5, 0x0
core   0: 3 0x8000b874 (0x00000f17) x30 0x8000b874
core   0: 0x8000b878 (0x783f2623) sw      gp, 1932(t5)
core   0: 3 0x8000b878 (0x783f2623) mem 0x8000c000 0x00000001
core   0: 0x8000b87c (0x0000bfe5) c.j     pc - 8
core   0: 3 0x8000b87c (0xbfe5)
core   0: 0x8000b874 (0x00000f17) auipc   t5, 0x0
core   0: 3 0x8000b874 (0x00000f17) x30 0x8000b874
core   0: 0x8000b878 (0x783f2623) sw      gp, 1932(t5)
core   0: 3 0x8000b878 (0x783f2623) mem 0x8000c000 0x00000001
core   0: 0x8000b87c (0x0000bfe5) c.j     pc - 8
core   0: 3 0x8000b87c (0xbfe5)
core   0: 0x8000b874 (0x00000f17) auipc   t5, 0x0
core   0: 3 0x8000b874 (0x00000f17) x30 0x8000b874
core   0: 0x8000b878 (0x783f2623) sw      gp, 1932(t5)
core   0: 3 0x8000b878 (0x783f2623) mem 0x8000c000 0x00000001
core   0: 0x8000b87c (0x0000bfe5) c.j     pc - 8
core   0: 3 0x8000b87c (0xbfe5)
core   0: 0x8000b874 (0x00000f17) auipc   t5, 0x0
core   0: 3 0x8000b874 (0x00000f17) x30 0x8000b874
core   0: 0x8000b878 (0x783f2623) sw      gp, 1932(t5)
core   0: 3 0x8000b878 (0x783f2623) mem 0x8000c000 0x00000001
core   0: 0x8000b87c (0x0000bfe5) c.j     pc - 8
core   0: 3 0x8000b87c (0xbfe5)
core   0: 0x8000b874 (0x00000f17) auipc   t5, 0x0
core   0: 3 0x8000b874 (0x00000f17) x30 0x8000b874
core   0: 0x8000b878 (0x783f2623) sw      gp, 1932(t5)
core   0: 3 0x8000b878 (0x783f2623) mem 0x8000c000 0x00000001
core   0: 0x8000b87c (0x0000bfe5) c.j     pc - 8
core   0: 3 0x8000b87c (0xbfe5)
core   0: 0x8000b874 (0x00000f17) auipc   t5, 0x0
core   0: 3 0x8000b874 (0x00000f17) x30 0x8000b874
core   0: 0x8000b878 (0x783f2623) sw      gp, 1932(t5)
core   0: 3 0x8000b878 (0x783f2623) mem 0x8000c000 0x00000001
core   0: 0x8000b87c (0x0000bfe5) c.j     pc - 8
core   0: 3 0x8000b87c (0xbfe5)
core   0: 0x8000b874 (0x00000f17) auipc   t5, 0x0
core   0: 3 0x8000b874 (0x00000f17) x30 0x8000b874
core   0: 0x8000b878 (0x783f2623) sw      gp, 1932(t5)
core   0: 3 0x8000b878 (0x783f2623) mem 0x8000c000 0x00000001
core   0: 0x8000b87c (0x0000bfe5) c.j     pc - 8
core   0: 3 0x8000b87c (0xbfe5)
core   0: 0x8000b874 (0x00000f17) auipc   t5, 0x0
core   0: 3 0x8000b874 (0x00000f17) x30 0x8000b874
core   0: 0x8000b878 (0x783f2623) sw      gp, 1932(t5)
core   0: 3 0x8000b878 (0x783f2623) mem 0x8000c000 0x00000001
core   0: 0x8000b87c (0x0000bfe5) c.j     pc - 8
core   0: 3 0x8000b87c (0xbfe5)
core   0: 0x8000b874 (0x00000f17) auipc   t5, 0x0
core   0: 3 0x8000b874 (0x00000f17) x30 0x8000b874
core   0: 0x8000b878 (0x783f2623) sw      gp, 1932(t5)
core   0: 3 0x8000b878 (0x783f2623) mem 0x8000c000 0x00000001
core   0: 0x8000b87c (0x0000bfe5) c.j     pc - 8
core   0: 3 0x8000b87c (0xbfe5)
core   0: 0x8000b874 (0x00000f17) auipc   t5, 0x0
core   0: 3 0x8000b874 (0x00000f17) x30 0x8000b874
core   0: 0x8000b878 (0x783f2623) sw      gp, 1932(t5)
core   0: 3 0x8000b878 (0x783f2623) mem 0x8000c000 0x00000001
core   0: 0x8000b87c (0x0000bfe5) c.j     pc - 8
core   0: 3 0x8000b87c (0xbfe5)
core   0: 0x8000b874 (0x00000f17) auipc   t5, 0x0
core   0: 3 0x8000b874 (0x00000f17) x30 0x8000b874
core   0: 0x8000b878 (0x783f2623) sw      gp, 1932(t5)
core   0: 3 0x8000b878 (0x783f2623) mem 0x8000c000 0x00000001
core   0: 0x8000b87c (0x0000bfe5) c.j     pc - 8
core   0: 3 0x8000b87c (0xbfe5)
core   0: 0x8000b874 (0x00000f17) auipc   t5, 0x0
core   0: 3 0x8000b874 (0x00000f17) x30 0x8000b874
core   0: 0x8000b878 (0x783f2623) sw      gp, 1932(t5)
core   0: 3 0x8000b878 (0x783f2623) mem 0x8000c000 0x00000001
core   0: 0x8000b87c (0x0000bfe5) c.j     pc - 8
core   0: 3 0x8000b87c (0xbfe5)
core   0: 0x8000b874 (0x00000f17) auipc   t5, 0x0
core   0: 3 0x8000b874 (0x00000f17) x30 0x8000b874
core   0: 0x8000b878 (0x783f2623) sw      gp, 1932(t5)
core   0: 3 0x8000b878 (0x783f2623) mem 0x8000c000 0x00000001
core   0: 0x8000b87c (0x0000bfe5) c.j     pc - 8
core   0: 3 0x8000b87c (0xbfe5)
core   0: 0x8000b874 (0x00000f17) auipc   t5, 0x0
core   0: 3 0x8000b874 (0x00000f17) x30 0x8000b874
core   0: 0x8000b878 (0x783f2623) sw      gp, 1932(t5)
core   0: 3 0x8000b878 (0x783f2623) mem 0x8000c000 0x00000001
core   0: 0x8000b87c (0x0000bfe5) c.j     pc - 8
core   0: 3 0x8000b87c (0xbfe5)
core   0: 0x8000b874 (0x00000f17) auipc   t5, 0x0
core   0: 3 0x8000b874 (0x00000f17) x30 0x8000b874
core   0: 0x8000b878 (0x783f2623) sw      gp, 1932(t5)
core   0: 3 0x8000b878 (0x783f2623) mem 0x8000c000 0x00000001
core   0: 0x8000b87c (0x0000bfe5) c.j     pc - 8
core   0: 3 0x8000b87c (0xbfe5)
core   0: 0x8000b874 (0x00000f17) auipc   t5, 0x0
core   0: 3 0x8000b874 (0x00000f17) x30 0x8000b874
core   0: 0x8000b878 (0x783f2623) sw      gp, 1932(t5)
core   0: 3 0x8000b878 (0x783f2623) mem 0x8000c000 0x00000001
core   0: 0x8000b87c (0x0000bfe5) c.j     pc - 8
core   0: 3 0x8000b87c (0xbfe5)
core   0: 0x8000b874 (0x00000f17) auipc   t5, 0x0
core   0: 3 0x8000b874 (0x00000f17) x30 0x8000b874
core   0: 0x8000b878 (0x783f2623) sw      gp, 1932(t5)
core   0: 3 0x8000b878 (0x783f2623) mem 0x8000c000 0x00000001
core   0: 0x8000b87c (0x0000bfe5) c.j     pc - 8
core   0: 3 0x8000b87c (0xbfe5)
core   0: 0x8000b874 (0x00000f17) auipc   t5, 0x0
core   0: 3 0x8000b874 (0x00000f17) x30 0x8000b874
core   0: 0x8000b878 (0x783f2623) sw      gp, 1932(t5)
core   0: 3 0x8000b878 (0x783f2623) mem 0x8000c000 0x00000001
core   0: 0x8000b87c (0x0000bfe5) c.j     pc - 8
core   0: 3 0x8000b87c (0xbfe5)
core   0: 0x8000b874 (0x00000f17) auipc   t5, 0x0
core   0: 3 0x8000b874 (0x00000f17) x30 0x8000b874
core   0: 0x8000b878 (0x783f2623) sw      gp, 1932(t5)
core   0: 3 0x8000b878 (0x783f2623) mem 0x8000c000 0x00000001
core   0: 0x8000b87c (0x0000bfe5) c.j     pc - 8
core   0: 3 0x8000b87c (0xbfe5)
core   0: 0x8000b874 (0x00000f17) auipc   t5, 0x0
core   0: 3 0x8000b874 (0x00000f17) x30 0x8000b874
core   0: 0x8000b878 (0x783f2623) sw      gp, 1932(t5)
core   0: 3 0x8000b878 (0x783f2623) mem 0x8000c000 0x00000001
core   0: 0x8000b87c (0x0000bfe5) c.j     pc - 8
core   0: 3 0x8000b87c (0xbfe5)
core   0: 0x8000b874 (0x00000f17) auipc   t5, 0x0
core   0: 3 0x8000b874 (0x00000f17) x30 0x8000b874
core   0: 0x8000b878 (0x783f2623) sw      gp, 1932(t5)
core   0: 3 0x8000b878 (0x783f2623) mem 0x8000c000 0x00000001
core   0: 0x8000b87c (0x0000bfe5) c.j     pc - 8
core   0: 3 0x8000b87c (0xbfe5)
core   0: 0x8000b874 (0x00000f17) auipc   t5, 0x0
core   0: 3 0x8000b874 (0x00000f17) x30 0x8000b874
core   0: 0x8000b878 (0x783f2623) sw      gp, 1932(t5)
core   0: 3 0x8000b878 (0x783f2623) mem 0x8000c000 0x00000001
core   0: 0x8000b87c (0x0000bfe5) c.j     pc - 8
core   0: 3 0x8000b87c (0xbfe5)
core   0: 0x8000b874 (0x00000f17) auipc   t5, 0x0
core   0: 3 0x8000b874 (0x00000f17) x30 0x8000b874
core   0: 0x8000b878 (0x783f2623) sw      gp, 1932(t5)
core   0: 3 0x8000b878 (0x783f2623) mem 0x8000c000 0x00000001
core   0: 0x8000b87c (0x0000bfe5) c.j     pc - 8
core   0: 3 0x8000b87c (0xbfe5)
core   0: 0x8000b874 (0x00000f17) auipc   t5, 0x0
core   0: 3 0x8000b874 (0x00000f17) x30 0x8000b874
core   0: 0x8000b878 (0x783f2623) sw      gp, 1932(t5)
core   0: 3 0x8000b878 (0x783f2623) mem 0x8000c000 0x00000001
core   0: 0x8000b87c (0x0000bfe5) c.j     pc - 8
core   0: 3 0x8000b87c (0xbfe5)
core   0: 0x8000b874 (0x00000f17) auipc   t5, 0x0
core   0: 3 0x8000b874 (0x00000f17) x30 0x8000b874
core   0: 0x8000b878 (0x783f2623) sw      gp, 1932(t5)
core   0: 3 0x8000b878 (0x783f2623) mem 0x8000c000 0x00000001
core   0: 0x8000b87c (0x0000bfe5) c.j     pc - 8
core   0: 3 0x8000b87c (0xbfe5)
core   0: 0x8000b874 (0x00000f17) auipc   t5, 0x0
core   0: 3 0x8000b874 (0x00000f17) x30 0x8000b874
core   0: 0x8000b878 (0x783f2623) sw      gp, 1932(t5)
core   0: 3 0x8000b878 (0x783f2623) mem 0x8000c000 0x00000001
core   0: 0x8000b87c (0x0000bfe5) c.j     pc - 8
core   0: 3 0x8000b87c (0xbfe5)
core   0: 0x8000b874 (0x00000f17) auipc   t5, 0x0
core   0: 3 0x8000b874 (0x00000f17) x30 0x8000b874
core   0: 0x8000b878 (0x783f2623) sw      gp, 1932(t5)
core   0: 3 0x8000b878 (0x783f2623) mem 0x8000c000 0x00000001
core   0: 0x8000b87c (0x0000bfe5) c.j     pc - 8
core   0: 3 0x8000b87c (0xbfe5)
core   0: 0x8000b874 (0x00000f17) auipc   t5, 0x0
core   0: 3 0x8000b874 (0x00000f17) x30 0x8000b874
core   0: 0x8000b878 (0x783f2623) sw      gp, 1932(t5)
core   0: 3 0x8000b878 (0x783f2623) mem 0x8000c000 0x00000001
core   0: 0x8000b87c (0x0000bfe5) c.j     pc - 8
core   0: 3 0x8000b87c (0xbfe5)
core   0: 0x8000b874 (0x00000f17) auipc   t5, 0x0
core   0: 3 0x8000b874 (0x00000f17) x30 0x8000b874
core   0: 0x8000b878 (0x783f2623) sw      gp, 1932(t5)
core   0: 3 0x8000b878 (0x783f2623) mem 0x8000c000 0x00000001
core   0: 0x8000b87c (0x0000bfe5) c.j     pc - 8
core   0: 3 0x8000b87c (0xbfe5)
core   0: 0x8000b874 (0x00000f17) auipc   t5, 0x0
core   0: 3 0x8000b874 (0x00000f17) x30 0x8000b874
core   0: 0x8000b878 (0x783f2623) sw      gp, 1932(t5)
core   0: 3 0x8000b878 (0x783f2623) mem 0x8000c000 0x00000001
core   0: 0x8000b87c (0x0000bfe5) c.j     pc - 8
core   0: 3 0x8000b87c (0xbfe5)
core   0: 0x8000b874 (0x00000f17) auipc   t5, 0x0
core   0: 3 0x8000b874 (0x00000f17) x30 0x8000b874
core   0: 0x8000b878 (0x783f2623) sw      gp, 1932(t5)
core   0: 3 0x8000b878 (0x783f2623) mem 0x8000c000 0x00000001
core   0: 0x8000b87c (0x0000bfe5) c.j     pc - 8
core   0: 3 0x8000b87c (0xbfe5)
core   0: 0x8000b874 (0x00000f17) auipc   t5, 0x0
core   0: 3 0x8000b874 (0x00000f17) x30 0x8000b874
core   0: 0x8000b878 (0x783f2623) sw      gp, 1932(t5)
core   0: 3 0x8000b878 (0x783f2623) mem 0x8000c000 0x00000001
core   0: 0x8000b87c (0x0000bfe5) c.j     pc - 8
core   0: 3 0x8000b87c (0xbfe5)
core   0: 0x8000b874 (0x00000f17) auipc   t5, 0x0
core   0: 3 0x8000b874 (0x00000f17) x30 0x8000b874
core   0: 0x8000b878 (0x783f2623) sw      gp, 1932(t5)
core   0: 3 0x8000b878 (0x783f2623) mem 0x8000c000 0x00000001
core   0: 0x8000b87c (0x0000bfe5) c.j     pc - 8
core   0: 3 0x8000b87c (0xbfe5)
core   0: 0x8000b874 (0x00000f17) auipc   t5, 0x0
core   0: 3 0x8000b874 (0x00000f17) x30 0x8000b874
core   0: 0x8000b878 (0x783f2623) sw      gp, 1932(t5)
core   0: 3 0x8000b878 (0x783f2623) mem 0x8000c000 0x00000001
core   0: 0x8000b87c (0x0000bfe5) c.j     pc - 8
core   0: 3 0x8000b87c (0xbfe5)
core   0: 0x8000b874 (0x00000f17) auipc   t5, 0x0
core   0: 3 0x8000b874 (0x00000f17) x30 0x8000b874
core   0: 0x8000b878 (0x783f2623) sw      gp, 1932(t5)
core   0: 3 0x8000b878 (0x783f2623) mem 0x8000c000 0x00000001
core   0: 0x8000b87c (0x0000bfe5) c.j     pc - 8
core   0: 3 0x8000b87c (0xbfe5)
core   0: 0x8000b874 (0x00000f17) auipc   t5, 0x0
core   0: 3 0x8000b874 (0x00000f17) x30 0x8000b874
core   0: 0x8000b878 (0x783f2623) sw      gp, 1932(t5)
core   0: 3 0x8000b878 (0x783f2623) mem 0x8000c000 0x00000001
core   0: 0x8000b87c (0x0000bfe5) c.j     pc - 8
core   0: 3 0x8000b87c (0xbfe5)
core   0: 0x8000b874 (0x00000f17) auipc   t5, 0x0
core   0: 3 0x8000b874 (0x00000f17) x30 0x8000b874
core   0: 0x8000b878 (0x783f2623) sw      gp, 1932(t5)
core   0: 3 0x8000b878 (0x783f2623) mem 0x8000c000 0x00000001
core   0: 0x8000b87c (0x0000bfe5) c.j     pc - 8
core   0: 3 0x8000b87c (0xbfe5)
core   0: 0x8000b874 (0x00000f17) auipc   t5, 0x0
core   0: 3 0x8000b874 (0x00000f17) x30 0x8000b874
core   0: 0x8000b878 (0x783f2623) sw      gp, 1932(t5)
core   0: 3 0x8000b878 (0x783f2623) mem 0x8000c000 0x00000001
core   0: 0x8000b87c (0x0000bfe5) c.j     pc - 8
core   0: 3 0x8000b87c (0xbfe5)
core   0: 0x8000b874 (0x00000f17) auipc   t5, 0x0
core   0: 3 0x8000b874 (0x00000f17) x30 0x8000b874
core   0: 0x8000b878 (0x783f2623) sw      gp, 1932(t5)
core   0: 3 0x8000b878 (0x783f2623) mem 0x8000c000 0x00000001
core   0: 0x8000b87c (0x0000bfe5) c.j     pc - 8
core   0: 3 0x8000b87c (0xbfe5)
core   0: 0x8000b874 (0x00000f17) auipc   t5, 0x0
core   0: 3 0x8000b874 (0x00000f17) x30 0x8000b874
core   0: 0x8000b878 (0x783f2623) sw      gp, 1932(t5)
core   0: 3 0x8000b878 (0x783f2623) mem 0x8000c000 0x00000001
core   0: 0x8000b87c (0x0000bfe5) c.j     pc - 8
core   0: 3 0x8000b87c (0xbfe5)
core   0: 0x8000b874 (0x00000f17) auipc   t5, 0x0
core   0: 3 0x8000b874 (0x00000f17) x30 0x8000b874
core   0: 0x8000b878 (0x783f2623) sw      gp, 1932(t5)
core   0: 3 0x8000b878 (0x783f2623) mem 0x8000c000 0x00000001
core   0: 0x8000b87c (0x0000bfe5) c.j     pc - 8
core   0: 3 0x8000b87c (0xbfe5)
core   0: 0x8000b874 (0x00000f17) auipc   t5, 0x0
core   0: 3 0x8000b874 (0x00000f17) x30 0x8000b874
core   0: 0x8000b878 (0x783f2623) sw      gp, 1932(t5)
core   0: 3 0x8000b878 (0x783f2623) mem 0x8000c000 0x00000001
core   0: 0x8000b87c (0x0000bfe5) c.j     pc - 8
core   0: 3 0x8000b87c (0xbfe5)
core   0: 0x8000b874 (0x00000f17) auipc   t5, 0x0
core   0: 3 0x8000b874 (0x00000f17) x30 0x8000b874
core   0: 0x8000b878 (0x783f2623) sw      gp, 1932(t5)
core   0: 3 0x8000b878 (0x783f2623) mem 0x8000c000 0x00000001
core   0: 0x8000b87c (0x0000bfe5) c.j     pc - 8
core   0: 3 0x8000b87c (0xbfe5)
core   0: 0x8000b874 (0x00000f17) auipc   t5, 0x0
core   0: 3 0x8000b874 (0x00000f17) x30 0x8000b874
core   0: 0x8000b878 (0x783f2623) sw      gp, 1932(t5)
core   0: 3 0x8000b878 (0x783f2623) mem 0x8000c000 0x00000001
core   0: 0x8000b87c (0x0000bfe5) c.j     pc - 8
core   0: 3 0x8000b87c (0xbfe5)
core   0: 0x8000b874 (0x00000f17) auipc   t5, 0x0
core   0: 3 0x8000b874 (0x00000f17) x30 0x8000b874
core   0: 0x8000b878 (0x783f2623) sw      gp, 1932(t5)
core   0: 3 0x8000b878 (0x783f2623) mem 0x8000c000 0x00000001
core   0: 0x8000b87c (0x0000bfe5) c.j     pc - 8
core   0: 3 0x8000b87c (0xbfe5)
core   0: 0x8000b874 (0x00000f17) auipc   t5, 0x0
core   0: 3 0x8000b874 (0x00000f17) x30 0x8000b874
core   0: 0x8000b878 (0x783f2623) sw      gp, 1932(t5)
core   0: 3 0x8000b878 (0x783f2623) mem 0x8000c000 0x00000001
core   0: 0x8000b87c (0x0000bfe5) c.j     pc - 8
core   0: 3 0x8000b87c (0xbfe5)
core   0: 0x8000b874 (0x00000f17) auipc   t5, 0x0
core   0: 3 0x8000b874 (0x00000f17) x30 0x8000b874
core   0: 0x8000b878 (0x783f2623) sw      gp, 1932(t5)
core   0: 3 0x8000b878 (0x783f2623) mem 0x8000c000 0x00000001
core   0: 0x8000b87c (0x0000bfe5) c.j     pc - 8
core   0: 3 0x8000b87c (0xbfe5)
core   0: 0x8000b874 (0x00000f17) auipc   t5, 0x0
core   0: 3 0x8000b874 (0x00000f17) x30 0x8000b874
core   0: 0x8000b878 (0x783f2623) sw      gp, 1932(t5)
core   0: 3 0x8000b878 (0x783f2623) mem 0x8000c000 0x00000001
core   0: 0x8000b87c (0x0000bfe5) c.j     pc - 8
core   0: 3 0x8000b87c (0xbfe5)
core   0: 0x8000b874 (0x00000f17) auipc   t5, 0x0
core   0: 3 0x8000b874 (0x00000f17) x30 0x8000b874
core   0: 0x8000b878 (0x783f2623) sw      gp, 1932(t5)
core   0: 3 0x8000b878 (0x783f2623) mem 0x8000c000 0x00000001
core   0: 0x8000b87c (0x0000bfe5) c.j     pc - 8
core   0: 3 0x8000b87c (0xbfe5)
core   0: 0x8000b874 (0x00000f17) auipc   t5, 0x0
core   0: 3 0x8000b874 (0x00000f17) x30 0x8000b874
core   0: 0x8000b878 (0x783f2623) sw      gp, 1932(t5)
core   0: 3 0x8000b878 (0x783f2623) mem 0x8000c000 0x00000001
core   0: 0x8000b87c (0x0000bfe5) c.j     pc - 8
core   0: 3 0x8000b87c (0xbfe5)
core   0: 0x8000b874 (0x00000f17) auipc   t5, 0x0
core   0: 3 0x8000b874 (0x00000f17) x30 0x8000b874
core   0: 0x8000b878 (0x783f2623) sw      gp, 1932(t5)
core   0: 3 0x8000b878 (0x783f2623) mem 0x8000c000 0x00000001
core   0: 0x8000b87c (0x0000bfe5) c.j     pc - 8
core   0: 3 0x8000b87c (0xbfe5)
core   0: 0x8000b874 (0x00000f17) auipc   t5, 0x0
core   0: 3 0x8000b874 (0x00000f17) x30 0x8000b874
core   0: 0x8000b878 (0x783f2623) sw      gp, 1932(t5)
core   0: 3 0x8000b878 (0x783f2623) mem 0x8000c000 0x00000001
core   0: 0x8000b87c (0x0000bfe5) c.j     pc - 8
core   0: 3 0x8000b87c (0xbfe5)
core   0: 0x8000b874 (0x00000f17) auipc   t5, 0x0
core   0: 3 0x8000b874 (0x00000f17) x30 0x8000b874
core   0: 0x8000b878 (0x783f2623) sw      gp, 1932(t5)
core   0: 3 0x8000b878 (0x783f2623) mem 0x8000c000 0x00000001
core   0: 0x8000b87c (0x0000bfe5) c.j     pc - 8
core   0: 3 0x8000b87c (0xbfe5)
core   0: 0x8000b874 (0x00000f17) auipc   t5, 0x0
core   0: 3 0x8000b874 (0x00000f17) x30 0x8000b874
core   0: 0x8000b878 (0x783f2623) sw      gp, 1932(t5)
core   0: 3 0x8000b878 (0x783f2623) mem 0x8000c000 0x00000001
core   0: 0x8000b87c (0x0000bfe5) c.j     pc - 8
core   0: 3 0x8000b87c (0xbfe5)
core   0: 0x8000b874 (0x00000f17) auipc   t5, 0x0
core   0: 3 0x8000b874 (0x00000f17) x30 0x8000b874
core   0: 0x8000b878 (0x783f2623) sw      gp, 1932(t5)
core   0: 3 0x8000b878 (0x783f2623) mem 0x8000c000 0x00000001
core   0: 0x8000b87c (0x0000bfe5) c.j     pc - 8
core   0: 3 0x8000b87c (0xbfe5)
core   0: 0x8000b874 (0x00000f17) auipc   t5, 0x0
core   0: 3 0x8000b874 (0x00000f17) x30 0x8000b874
core   0: 0x8000b878 (0x783f2623) sw      gp, 1932(t5)
core   0: 3 0x8000b878 (0x783f2623) mem 0x8000c000 0x00000001
core   0: 0x8000b87c (0x0000bfe5) c.j     pc - 8
core   0: 3 0x8000b87c (0xbfe5)
core   0: 0x8000b874 (0x00000f17) auipc   t5, 0x0
core   0: 3 0x8000b874 (0x00000f17) x30 0x8000b874
core   0: 0x8000b878 (0x783f2623) sw      gp, 1932(t5)
core   0: 3 0x8000b878 (0x783f2623) mem 0x8000c000 0x00000001
core   0: 0x8000b87c (0x0000bfe5) c.j     pc - 8
core   0: 3 0x8000b87c (0xbfe5)
core   0: 0x8000b874 (0x00000f17) auipc   t5, 0x0
core   0: 3 0x8000b874 (0x00000f17) x30 0x8000b874
core   0: 0x8000b878 (0x783f2623) sw      gp, 1932(t5)
core   0: 3 0x8000b878 (0x783f2623) mem 0x8000c000 0x00000001
core   0: 0x8000b87c (0x0000bfe5) c.j     pc - 8
core   0: 3 0x8000b87c (0xbfe5)
core   0: 0x8000b874 (0x00000f17) auipc   t5, 0x0
core   0: 3 0x8000b874 (0x00000f17) x30 0x8000b874
core   0: 0x8000b878 (0x783f2623) sw      gp, 1932(t5)
core   0: 3 0x8000b878 (0x783f2623) mem 0x8000c000 0x00000001
core   0: 0x8000b87c (0x0000bfe5) c.j     pc - 8
core   0: 3 0x8000b87c (0xbfe5)
core   0: 0x8000b874 (0x00000f17) auipc   t5, 0x0
core   0: 3 0x8000b874 (0x00000f17) x30 0x8000b874
core   0: 0x8000b878 (0x783f2623) sw      gp, 1932(t5)
core   0: 3 0x8000b878 (0x783f2623) mem 0x8000c000 0x00000001
core   0: 0x8000b87c (0x0000bfe5) c.j     pc - 8
core   0: 3 0x8000b87c (0xbfe5)
core   0: 0x8000b874 (0x00000f17) auipc   t5, 0x0
core   0: 3 0x8000b874 (0x00000f17) x30 0x8000b874
core   0: 0x8000b878 (0x783f2623) sw      gp, 1932(t5)
core   0: 3 0x8000b878 (0x783f2623) mem 0x8000c000 0x00000001
core   0: 0x8000b87c (0x0000bfe5) c.j     pc - 8
core   0: 3 0x8000b87c (0xbfe5)
core   0: 0x8000b874 (0x00000f17) auipc   t5, 0x0
core   0: 3 0x8000b874 (0x00000f17) x30 0x8000b874
core   0: 0x8000b878 (0x783f2623) sw      gp, 1932(t5)
core   0: 3 0x8000b878 (0x783f2623) mem 0x8000c000 0x00000001
core   0: 0x8000b87c (0x0000bfe5) c.j     pc - 8
core   0: 3 0x8000b87c (0xbfe5)
core   0: 0x8000b874 (0x00000f17) auipc   t5, 0x0
core   0: 3 0x8000b874 (0x00000f17) x30 0x8000b874
core   0: 0x8000b878 (0x783f2623) sw      gp, 1932(t5)
core   0: 3 0x8000b878 (0x783f2623) mem 0x8000c000 0x00000001
core   0: 0x8000b87c (0x0000bfe5) c.j     pc - 8
core   0: 3 0x8000b87c (0xbfe5)
core   0: 0x8000b874 (0x00000f17) auipc   t5, 0x0
core   0: 3 0x8000b874 (0x00000f17) x30 0x8000b874
core   0: 0x8000b878 (0x783f2623) sw      gp, 1932(t5)
core   0: 3 0x8000b878 (0x783f2623) mem 0x8000c000 0x00000001
core   0: 0x8000b87c (0x0000bfe5) c.j     pc - 8
core   0: 3 0x8000b87c (0xbfe5)
core   0: 0x8000b874 (0x00000f17) auipc   t5, 0x0
core   0: 3 0x8000b874 (0x00000f17) x30 0x8000b874
core   0: 0x8000b878 (0x783f2623) sw      gp, 1932(t5)
core   0: 3 0x8000b878 (0x783f2623) mem 0x8000c000 0x00000001
core   0: 0x8000b87c (0x0000bfe5) c.j     pc - 8
core   0: 3 0x8000b87c (0xbfe5)
core   0: 0x8000b874 (0x00000f17) auipc   t5, 0x0
core   0: 3 0x8000b874 (0x00000f17) x30 0x8000b874
core   0: 0x8000b878 (0x783f2623) sw      gp, 1932(t5)
core   0: 3 0x8000b878 (0x783f2623) mem 0x8000c000 0x00000001
core   0: 0x8000b87c (0x0000bfe5) c.j     pc - 8
core   0: 3 0x8000b87c (0xbfe5)
core   0: 0x8000b874 (0x00000f17) auipc   t5, 0x0
core   0: 3 0x8000b874 (0x00000f17) x30 0x8000b874
core   0: 0x8000b878 (0x783f2623) sw      gp, 1932(t5)
core   0: 3 0x8000b878 (0x783f2623) mem 0x8000c000 0x00000001
core   0: 0x8000b87c (0x0000bfe5) c.j     pc - 8
core   0: 3 0x8000b87c (0xbfe5)
core   0: 0x8000b874 (0x00000f17) auipc   t5, 0x0
core   0: 3 0x8000b874 (0x00000f17) x30 0x8000b874
core   0: 0x8000b878 (0x783f2623) sw      gp, 1932(t5)
core   0: 3 0x8000b878 (0x783f2623) mem 0x8000c000 0x00000001
core   0: 0x8000b87c (0x0000bfe5) c.j     pc - 8
core   0: 3 0x8000b87c (0xbfe5)
core   0: 0x8000b874 (0x00000f17) auipc   t5, 0x0
core   0: 3 0x8000b874 (0x00000f17) x30 0x8000b874
core   0: 0x8000b878 (0x783f2623) sw      gp, 1932(t5)
core   0: 3 0x8000b878 (0x783f2623) mem 0x8000c000 0x00000001
core   0: 0x8000b87c (0x0000bfe5) c.j     pc - 8
core   0: 3 0x8000b87c (0xbfe5)
core   0: 0x8000b874 (0x00000f17) auipc   t5, 0x0
core   0: 3 0x8000b874 (0x00000f17) x30 0x8000b874
core   0: 0x8000b878 (0x783f2623) sw      gp, 1932(t5)
core   0: 3 0x8000b878 (0x783f2623) mem 0x8000c000 0x00000001
core   0: 0x8000b87c (0x0000bfe5) c.j     pc - 8
core   0: 3 0x8000b87c (0xbfe5)
core   0: 0x8000b874 (0x00000f17) auipc   t5, 0x0
core   0: 3 0x8000b874 (0x00000f17) x30 0x8000b874
core   0: 0x8000b878 (0x783f2623) sw      gp, 1932(t5)
core   0: 3 0x8000b878 (0x783f2623) mem 0x8000c000 0x00000001
core   0: 0x8000b87c (0x0000bfe5) c.j     pc - 8
core   0: 3 0x8000b87c (0xbfe5)
core   0: 0x8000b874 (0x00000f17) auipc   t5, 0x0
core   0: 3 0x8000b874 (0x00000f17) x30 0x8000b874
core   0: 0x8000b878 (0x783f2623) sw      gp, 1932(t5)
core   0: 3 0x8000b878 (0x783f2623) mem 0x8000c000 0x00000001
core   0: 0x8000b87c (0x0000bfe5) c.j     pc - 8
core   0: 3 0x8000b87c (0xbfe5)
core   0: 0x8000b874 (0x00000f17) auipc   t5, 0x0
core   0: 3 0x8000b874 (0x00000f17) x30 0x8000b874
core   0: 0x8000b878 (0x783f2623) sw      gp, 1932(t5)
core   0: 3 0x8000b878 (0x783f2623) mem 0x8000c000 0x00000001
core   0: 0x8000b87c (0x0000bfe5) c.j     pc - 8
core   0: 3 0x8000b87c (0xbfe5)
core   0: 0x8000b874 (0x00000f17) auipc   t5, 0x0
core   0: 3 0x8000b874 (0x00000f17) x30 0x8000b874
core   0: 0x8000b878 (0x783f2623) sw      gp, 1932(t5)
core   0: 3 0x8000b878 (0x783f2623) mem 0x8000c000 0x00000001
core   0: 0x8000b87c (0x0000bfe5) c.j     pc - 8
core   0: 3 0x8000b87c (0xbfe5)
core   0: 0x8000b874 (0x00000f17) auipc   t5, 0x0
core   0: 3 0x8000b874 (0x00000f17) x30 0x8000b874
core   0: 0x8000b878 (0x783f2623) sw      gp, 1932(t5)
core   0: 3 0x8000b878 (0x783f2623) mem 0x8000c000 0x00000001
core   0: 0x8000b87c (0x0000bfe5) c.j     pc - 8
core   0: 3 0x8000b87c (0xbfe5)
core   0: 0x8000b874 (0x00000f17) auipc   t5, 0x0
core   0: 3 0x8000b874 (0x00000f17) x30 0x8000b874
core   0: 0x8000b878 (0x783f2623) sw      gp, 1932(t5)
core   0: 3 0x8000b878 (0x783f2623) mem 0x8000c000 0x00000001
core   0: 0x8000b87c (0x0000bfe5) c.j     pc - 8
core   0: 3 0x8000b87c (0xbfe5)
core   0: 0x8000b874 (0x00000f17) auipc   t5, 0x0
core   0: 3 0x8000b874 (0x00000f17) x30 0x8000b874
core   0: 0x8000b878 (0x783f2623) sw      gp, 1932(t5)
core   0: 3 0x8000b878 (0x783f2623) mem 0x8000c000 0x00000001
core   0: 0x8000b87c (0x0000bfe5) c.j     pc - 8
core   0: 3 0x8000b87c (0xbfe5)
core   0: 0x8000b874 (0x00000f17) auipc   t5, 0x0
core   0: 3 0x8000b874 (0x00000f17) x30 0x8000b874
core   0: 0x8000b878 (0x783f2623) sw      gp, 1932(t5)
core   0: 3 0x8000b878 (0x783f2623) mem 0x8000c000 0x00000001
core   0: 0x8000b87c (0x0000bfe5) c.j     pc - 8
core   0: 3 0x8000b87c (0xbfe5)
core   0: 0x8000b874 (0x00000f17) auipc   t5, 0x0
core   0: 3 0x8000b874 (0x00000f17) x30 0x8000b874
core   0: 0x8000b878 (0x783f2623) sw      gp, 1932(t5)
core   0: 3 0x8000b878 (0x783f2623) mem 0x8000c000 0x00000001
core   0: 0x8000b87c (0x0000bfe5) c.j     pc - 8
core   0: 3 0x8000b87c (0xbfe5)
core   0: 0x8000b874 (0x00000f17) auipc   t5, 0x0
core   0: 3 0x8000b874 (0x00000f17) x30 0x8000b874
core   0: 0x8000b878 (0x783f2623) sw      gp, 1932(t5)
core   0: 3 0x8000b878 (0x783f2623) mem 0x8000c000 0x00000001
core   0: 0x8000b87c (0x0000bfe5) c.j     pc - 8
core   0: 3 0x8000b87c (0xbfe5)
core   0: 0x8000b874 (0x00000f17) auipc   t5, 0x0
core   0: 3 0x8000b874 (0x00000f17) x30 0x8000b874
core   0: 0x8000b878 (0x783f2623) sw      gp, 1932(t5)
core   0: 3 0x8000b878 (0x783f2623) mem 0x8000c000 0x00000001
core   0: 0x8000b87c (0x0000bfe5) c.j     pc - 8
core   0: 3 0x8000b87c (0xbfe5)
core   0: 0x8000b874 (0x00000f17) auipc   t5, 0x0
core   0: 3 0x8000b874 (0x00000f17) x30 0x8000b874
core   0: 0x8000b878 (0x783f2623) sw      gp, 1932(t5)
core   0: 3 0x8000b878 (0x783f2623) mem 0x8000c000 0x00000001
core   0: 0x8000b87c (0x0000bfe5) c.j     pc - 8
core   0: 3 0x8000b87c (0xbfe5)
core   0: 0x8000b874 (0x00000f17) auipc   t5, 0x0
core   0: 3 0x8000b874 (0x00000f17) x30 0x8000b874
core   0: 0x8000b878 (0x783f2623) sw      gp, 1932(t5)
core   0: 3 0x8000b878 (0x783f2623) mem 0x8000c000 0x00000001
core   0: 0x8000b87c (0x0000bfe5) c.j     pc - 8
core   0: 3 0x8000b87c (0xbfe5)
core   0: 0x8000b874 (0x00000f17) auipc   t5, 0x0
core   0: 3 0x8000b874 (0x00000f17) x30 0x8000b874
core   0: 0x8000b878 (0x783f2623) sw      gp, 1932(t5)
core   0: 3 0x8000b878 (0x783f2623) mem 0x8000c000 0x00000001
core   0: 0x8000b87c (0x0000bfe5) c.j     pc - 8
core   0: 3 0x8000b87c (0xbfe5)
core   0: 0x8000b874 (0x00000f17) auipc   t5, 0x0
core   0: 3 0x8000b874 (0x00000f17) x30 0x8000b874
core   0: 0x8000b878 (0x783f2623) sw      gp, 1932(t5)
core   0: 3 0x8000b878 (0x783f2623) mem 0x8000c000 0x00000001
core   0: 0x8000b87c (0x0000bfe5) c.j     pc - 8
core   0: 3 0x8000b87c (0xbfe5)
core   0: 0x8000b874 (0x00000f17) auipc   t5, 0x0
core   0: 3 0x8000b874 (0x00000f17) x30 0x8000b874
core   0: 0x8000b878 (0x783f2623) sw      gp, 1932(t5)
core   0: 3 0x8000b878 (0x783f2623) mem 0x8000c000 0x00000001
core   0: 0x8000b87c (0x0000bfe5) c.j     pc - 8
core   0: 3 0x8000b87c (0xbfe5)
core   0: 0x8000b874 (0x00000f17) auipc   t5, 0x0
core   0: 3 0x8000b874 (0x00000f17) x30 0x8000b874
core   0: 0x8000b878 (0x783f2623) sw      gp, 1932(t5)
core   0: 3 0x8000b878 (0x783f2623) mem 0x8000c000 0x00000001
core   0: 0x8000b87c (0x0000bfe5) c.j     pc - 8
core   0: 3 0x8000b87c (0xbfe5)
core   0: 0x8000b874 (0x00000f17) auipc   t5, 0x0
core   0: 3 0x8000b874 (0x00000f17) x30 0x8000b874
core   0: 0x8000b878 (0x783f2623) sw      gp, 1932(t5)
core   0: 3 0x8000b878 (0x783f2623) mem 0x8000c000 0x00000001
core   0: 0x8000b87c (0x0000bfe5) c.j     pc - 8
core   0: 3 0x8000b87c (0xbfe5)
core   0: 0x8000b874 (0x00000f17) auipc   t5, 0x0
core   0: 3 0x8000b874 (0x00000f17) x30 0x8000b874
core   0: 0x8000b878 (0x783f2623) sw      gp, 1932(t5)
core   0: 3 0x8000b878 (0x783f2623) mem 0x8000c000 0x00000001
core   0: 0x8000b87c (0x0000bfe5) c.j     pc - 8
core   0: 3 0x8000b87c (0xbfe5)
core   0: 0x8000b874 (0x00000f17) auipc   t5, 0x0
core   0: 3 0x8000b874 (0x00000f17) x30 0x8000b874
core   0: 0x8000b878 (0x783f2623) sw      gp, 1932(t5)
core   0: 3 0x8000b878 (0x783f2623) mem 0x8000c000 0x00000001
core   0: 0x8000b87c (0x0000bfe5) c.j     pc - 8
core   0: 3 0x8000b87c (0xbfe5)
core   0: 0x8000b874 (0x00000f17) auipc   t5, 0x0
core   0: 3 0x8000b874 (0x00000f17) x30 0x8000b874
core   0: 0x8000b878 (0x783f2623) sw      gp, 1932(t5)
core   0: 3 0x8000b878 (0x783f2623) mem 0x8000c000 0x00000001
core   0: 0x8000b87c (0x0000bfe5) c.j     pc - 8
core   0: 3 0x8000b87c (0xbfe5)
core   0: 0x8000b874 (0x00000f17) auipc   t5, 0x0
core   0: 3 0x8000b874 (0x00000f17) x30 0x8000b874
core   0: 0x8000b878 (0x783f2623) sw      gp, 1932(t5)
core   0: 3 0x8000b878 (0x783f2623) mem 0x8000c000 0x00000001
core   0: 0x8000b87c (0x0000bfe5) c.j     pc - 8
core   0: 3 0x8000b87c (0xbfe5)
core   0: 0x8000b874 (0x00000f17) auipc   t5, 0x0
core   0: 3 0x8000b874 (0x00000f17) x30 0x8000b874
core   0: 0x8000b878 (0x783f2623) sw      gp, 1932(t5)
core   0: 3 0x8000b878 (0x783f2623) mem 0x8000c000 0x00000001
core   0: 0x8000b87c (0x0000bfe5) c.j     pc - 8
core   0: 3 0x8000b87c (0xbfe5)
core   0: 0x8000b874 (0x00000f17) auipc   t5, 0x0
core   0: 3 0x8000b874 (0x00000f17) x30 0x8000b874
core   0: 0x8000b878 (0x783f2623) sw      gp, 1932(t5)
core   0: 3 0x8000b878 (0x783f2623) mem 0x8000c000 0x00000001
core   0: 0x8000b87c (0x0000bfe5) c.j     pc - 8
core   0: 3 0x8000b87c (0xbfe5)
core   0: 0x8000b874 (0x00000f17) auipc   t5, 0x0
core   0: 3 0x8000b874 (0x00000f17) x30 0x8000b874
core   0: 0x8000b878 (0x783f2623) sw      gp, 1932(t5)
core   0: 3 0x8000b878 (0x783f2623) mem 0x8000c000 0x00000001
core   0: 0x8000b87c (0x0000bfe5) c.j     pc - 8
core   0: 3 0x8000b87c (0xbfe5)
core   0: 0x8000b874 (0x00000f17) auipc   t5, 0x0
core   0: 3 0x8000b874 (0x00000f17) x30 0x8000b874
core   0: 0x8000b878 (0x783f2623) sw      gp, 1932(t5)
core   0: 3 0x8000b878 (0x783f2623) mem 0x8000c000 0x00000001
core   0: 0x8000b87c (0x0000bfe5) c.j     pc - 8
core   0: 3 0x8000b87c (0xbfe5)
core   0: 0x8000b874 (0x00000f17) auipc   t5, 0x0
core   0: 3 0x8000b874 (0x00000f17) x30 0x8000b874
core   0: 0x8000b878 (0x783f2623) sw      gp, 1932(t5)
core   0: 3 0x8000b878 (0x783f2623) mem 0x8000c000 0x00000001
core   0: 0x8000b87c (0x0000bfe5) c.j     pc - 8
core   0: 3 0x8000b87c (0xbfe5)
core   0: 0x8000b874 (0x00000f17) auipc   t5, 0x0
core   0: 3 0x8000b874 (0x00000f17) x30 0x8000b874
core   0: 0x8000b878 (0x783f2623) sw      gp, 1932(t5)
core   0: 3 0x8000b878 (0x783f2623) mem 0x8000c000 0x00000001
core   0: 0x8000b87c (0x0000bfe5) c.j     pc - 8
core   0: 3 0x8000b87c (0xbfe5)
core   0: 0x8000b874 (0x00000f17) auipc   t5, 0x0
core   0: 3 0x8000b874 (0x00000f17) x30 0x8000b874
core   0: 0x8000b878 (0x783f2623) sw      gp, 1932(t5)
core   0: 3 0x8000b878 (0x783f2623) mem 0x8000c000 0x00000001
core   0: 0x8000b87c (0x0000bfe5) c.j     pc - 8
core   0: 3 0x8000b87c (0xbfe5)
core   0: 0x8000b874 (0x00000f17) auipc   t5, 0x0
core   0: 3 0x8000b874 (0x00000f17) x30 0x8000b874
core   0: 0x8000b878 (0x783f2623) sw      gp, 1932(t5)
core   0: 3 0x8000b878 (0x783f2623) mem 0x8000c000 0x00000001
core   0: 0x8000b87c (0x0000bfe5) c.j     pc - 8
core   0: 3 0x8000b87c (0xbfe5)
core   0: 0x8000b874 (0x00000f17) auipc   t5, 0x0
core   0: 3 0x8000b874 (0x00000f17) x30 0x8000b874
core   0: 0x8000b878 (0x783f2623) sw      gp, 1932(t5)
core   0: 3 0x8000b878 (0x783f2623) mem 0x8000c000 0x00000001
core   0: 0x8000b87c (0x0000bfe5) c.j     pc - 8
core   0: 3 0x8000b87c (0xbfe5)
core   0: 0x8000b874 (0x00000f17) auipc   t5, 0x0
core   0: 3 0x8000b874 (0x00000f17) x30 0x8000b874
core   0: 0x8000b878 (0x783f2623) sw      gp, 1932(t5)
core   0: 3 0x8000b878 (0x783f2623) mem 0x8000c000 0x00000001
core   0: 0x8000b87c (0x0000bfe5) c.j     pc - 8
core   0: 3 0x8000b87c (0xbfe5)
core   0: 0x8000b874 (0x00000f17) auipc   t5, 0x0
core   0: 3 0x8000b874 (0x00000f17) x30 0x8000b874
core   0: 0x8000b878 (0x783f2623) sw      gp, 1932(t5)
core   0: 3 0x8000b878 (0x783f2623) mem 0x8000c000 0x00000001
core   0: 0x8000b87c (0x0000bfe5) c.j     pc - 8
core   0: 3 0x8000b87c (0xbfe5)
core   0: 0x8000b874 (0x00000f17) auipc   t5, 0x0
core   0: 3 0x8000b874 (0x00000f17) x30 0x8000b874
core   0: 0x8000b878 (0x783f2623) sw      gp, 1932(t5)
core   0: 3 0x8000b878 (0x783f2623) mem 0x8000c000 0x00000001
core   0: 0x8000b87c (0x0000bfe5) c.j     pc - 8
core   0: 3 0x8000b87c (0xbfe5)
core   0: 0x8000b874 (0x00000f17) auipc   t5, 0x0
core   0: 3 0x8000b874 (0x00000f17) x30 0x8000b874
core   0: 0x8000b878 (0x783f2623) sw      gp, 1932(t5)
core   0: 3 0x8000b878 (0x783f2623) mem 0x8000c000 0x00000001
core   0: 0x8000b87c (0x0000bfe5) c.j     pc - 8
core   0: 3 0x8000b87c (0xbfe5)
core   0: 0x8000b874 (0x00000f17) auipc   t5, 0x0
core   0: 3 0x8000b874 (0x00000f17) x30 0x8000b874
core   0: 0x8000b878 (0x783f2623) sw      gp, 1932(t5)
core   0: 3 0x8000b878 (0x783f2623) mem 0x8000c000 0x00000001
core   0: 0x8000b87c (0x0000bfe5) c.j     pc - 8
core   0: 3 0x8000b87c (0xbfe5)
core   0: 0x8000b874 (0x00000f17) auipc   t5, 0x0
core   0: 3 0x8000b874 (0x00000f17) x30 0x8000b874
core   0: 0x8000b878 (0x783f2623) sw      gp, 1932(t5)
core   0: 3 0x8000b878 (0x783f2623) mem 0x8000c000 0x00000001
core   0: 0x8000b87c (0x0000bfe5) c.j     pc - 8
core   0: 3 0x8000b87c (0xbfe5)
core   0: 0x8000b874 (0x00000f17) auipc   t5, 0x0
core   0: 3 0x8000b874 (0x00000f17) x30 0x8000b874
core   0: 0x8000b878 (0x783f2623) sw      gp, 1932(t5)
core   0: 3 0x8000b878 (0x783f2623) mem 0x8000c000 0x00000001
core   0: 0x8000b87c (0x0000bfe5) c.j     pc - 8
core   0: 3 0x8000b87c (0xbfe5)
core   0: 0x8000b874 (0x00000f17) auipc   t5, 0x0
core   0: 3 0x8000b874 (0x00000f17) x30 0x8000b874
core   0: 0x8000b878 (0x783f2623) sw      gp, 1932(t5)
core   0: 3 0x8000b878 (0x783f2623) mem 0x8000c000 0x00000001
core   0: 0x8000b87c (0x0000bfe5) c.j     pc - 8
core   0: 3 0x8000b87c (0xbfe5)
core   0: 0x8000b874 (0x00000f17) auipc   t5, 0x0
core   0: 3 0x8000b874 (0x00000f17) x30 0x8000b874
core   0: 0x8000b878 (0x783f2623) sw      gp, 1932(t5)
core   0: 3 0x8000b878 (0x783f2623) mem 0x8000c000 0x00000001
core   0: 0x8000b87c (0x0000bfe5) c.j     pc - 8
core   0: 3 0x8000b87c (0xbfe5)
core   0: 0x8000b874 (0x00000f17) auipc   t5, 0x0
core   0: 3 0x8000b874 (0x00000f17) x30 0x8000b874
core   0: 0x8000b878 (0x783f2623) sw      gp, 1932(t5)
core   0: 3 0x8000b878 (0x783f2623) mem 0x8000c000 0x00000001
core   0: 0x8000b87c (0x0000bfe5) c.j     pc - 8
core   0: 3 0x8000b87c (0xbfe5)
core   0: 0x8000b874 (0x00000f17) auipc   t5, 0x0
core   0: 3 0x8000b874 (0x00000f17) x30 0x8000b874
core   0: 0x8000b878 (0x783f2623) sw      gp, 1932(t5)
core   0: 3 0x8000b878 (0x783f2623) mem 0x8000c000 0x00000001
core   0: 0x8000b87c (0x0000bfe5) c.j     pc - 8
core   0: 3 0x8000b87c (0xbfe5)
core   0: 0x8000b874 (0x00000f17) auipc   t5, 0x0
core   0: 3 0x8000b874 (0x00000f17) x30 0x8000b874
core   0: 0x8000b878 (0x783f2623) sw      gp, 1932(t5)
core   0: 3 0x8000b878 (0x783f2623) mem 0x8000c000 0x00000001
core   0: 0x8000b87c (0x0000bfe5) c.j     pc - 8
core   0: 3 0x8000b87c (0xbfe5)
core   0: 0x8000b874 (0x00000f17) auipc   t5, 0x0
core   0: 3 0x8000b874 (0x00000f17) x30 0x8000b874
core   0: 0x8000b878 (0x783f2623) sw      gp, 1932(t5)
core   0: 3 0x8000b878 (0x783f2623) mem 0x8000c000 0x00000001
core   0: 0x8000b87c (0x0000bfe5) c.j     pc - 8
core   0: 3 0x8000b87c (0xbfe5)
core   0: 0x8000b874 (0x00000f17) auipc   t5, 0x0
core   0: 3 0x8000b874 (0x00000f17) x30 0x8000b874
core   0: 0x8000b878 (0x783f2623) sw      gp, 1932(t5)
core   0: 3 0x8000b878 (0x783f2623) mem 0x8000c000 0x00000001
core   0: 0x8000b87c (0x0000bfe5) c.j     pc - 8
core   0: 3 0x8000b87c (0xbfe5)
core   0: 0x8000b874 (0x00000f17) auipc   t5, 0x0
core   0: 3 0x8000b874 (0x00000f17) x30 0x8000b874
core   0: 0x8000b878 (0x783f2623) sw      gp, 1932(t5)
core   0: 3 0x8000b878 (0x783f2623) mem 0x8000c000 0x00000001
core   0: 0x8000b87c (0x0000bfe5) c.j     pc - 8
core   0: 3 0x8000b87c (0xbfe5)
core   0: 0x8000b874 (0x00000f17) auipc   t5, 0x0
core   0: 3 0x8000b874 (0x00000f17) x30 0x8000b874
core   0: 0x8000b878 (0x783f2623) sw      gp, 1932(t5)
core   0: 3 0x8000b878 (0x783f2623) mem 0x8000c000 0x00000001
core   0: 0x8000b87c (0x0000bfe5) c.j     pc - 8
core   0: 3 0x8000b87c (0xbfe5)
core   0: 0x8000b874 (0x00000f17) auipc   t5, 0x0
core   0: 3 0x8000b874 (0x00000f17) x30 0x8000b874
core   0: 0x8000b878 (0x783f2623) sw      gp, 1932(t5)
core   0: 3 0x8000b878 (0x783f2623) mem 0x8000c000 0x00000001
core   0: 0x8000b87c (0x0000bfe5) c.j     pc - 8
core   0: 3 0x8000b87c (0xbfe5)
core   0: 0x8000b874 (0x00000f17) auipc   t5, 0x0
core   0: 3 0x8000b874 (0x00000f17) x30 0x8000b874
core   0: 0x8000b878 (0x783f2623) sw      gp, 1932(t5)
core   0: 3 0x8000b878 (0x783f2623) mem 0x8000c000 0x00000001
core   0: 0x8000b87c (0x0000bfe5) c.j     pc - 8
core   0: 3 0x8000b87c (0xbfe5)
core   0: 0x8000b874 (0x00000f17) auipc   t5, 0x0
core   0: 3 0x8000b874 (0x00000f17) x30 0x8000b874
core   0: 0x8000b878 (0x783f2623) sw      gp, 1932(t5)
core   0: 3 0x8000b878 (0x783f2623) mem 0x8000c000 0x00000001
core   0: 0x8000b87c (0x0000bfe5) c.j     pc - 8
core   0: 3 0x8000b87c (0xbfe5)
core   0: 0x8000b874 (0x00000f17) auipc   t5, 0x0
core   0: 3 0x8000b874 (0x00000f17) x30 0x8000b874
core   0: 0x8000b878 (0x783f2623) sw      gp, 1932(t5)
core   0: 3 0x8000b878 (0x783f2623) mem 0x8000c000 0x00000001
core   0: 0x8000b87c (0x0000bfe5) c.j     pc - 8
core   0: 3 0x8000b87c (0xbfe5)
core   0: 0x8000b874 (0x00000f17) auipc   t5, 0x0
core   0: 3 0x8000b874 (0x00000f17) x30 0x8000b874
core   0: 0x8000b878 (0x783f2623) sw      gp, 1932(t5)
core   0: 3 0x8000b878 (0x783f2623) mem 0x8000c000 0x00000001
core   0: 0x8000b87c (0x0000bfe5) c.j     pc - 8
core   0: 3 0x8000b87c (0xbfe5)
core   0: 0x8000b874 (0x00000f17) auipc   t5, 0x0
core   0: 3 0x8000b874 (0x00000f17) x30 0x8000b874
core   0: 0x8000b878 (0x783f2623) sw      gp, 1932(t5)
core   0: 3 0x8000b878 (0x783f2623) mem 0x8000c000 0x00000001
core   0: 0x8000b87c (0x0000bfe5) c.j     pc - 8
core   0: 3 0x8000b87c (0xbfe5)
core   0: 0x8000b874 (0x00000f17) auipc   t5, 0x0
core   0: 3 0x8000b874 (0x00000f17) x30 0x8000b874
core   0: 0x8000b878 (0x783f2623) sw      gp, 1932(t5)
core   0: 3 0x8000b878 (0x783f2623) mem 0x8000c000 0x00000001
core   0: 0x8000b87c (0x0000bfe5) c.j     pc - 8
core   0: 3 0x8000b87c (0xbfe5)
core   0: 0x8000b874 (0x00000f17) auipc   t5, 0x0
core   0: 3 0x8000b874 (0x00000f17) x30 0x8000b874
core   0: 0x8000b878 (0x783f2623) sw      gp, 1932(t5)
core   0: 3 0x8000b878 (0x783f2623) mem 0x8000c000 0x00000001
core   0: 0x8000b87c (0x0000bfe5) c.j     pc - 8
core   0: 3 0x8000b87c (0xbfe5)
core   0: 0x8000b874 (0x00000f17) auipc   t5, 0x0
core   0: 3 0x8000b874 (0x00000f17) x30 0x8000b874
core   0: 0x8000b878 (0x783f2623) sw      gp, 1932(t5)
core   0: 3 0x8000b878 (0x783f2623) mem 0x8000c000 0x00000001
core   0: 0x8000b87c (0x0000bfe5) c.j     pc - 8
core   0: 3 0x8000b87c (0xbfe5)
core   0: 0x8000b874 (0x00000f17) auipc   t5, 0x0
core   0: 3 0x8000b874 (0x00000f17) x30 0x8000b874
core   0: 0x8000b878 (0x783f2623) sw      gp, 1932(t5)
core   0: 3 0x8000b878 (0x783f2623) mem 0x8000c000 0x00000001
core   0: 0x8000b87c (0x0000bfe5) c.j     pc - 8
core   0: 3 0x8000b87c (0xbfe5)
core   0: 0x8000b874 (0x00000f17) auipc   t5, 0x0
core   0: 3 0x8000b874 (0x00000f17) x30 0x8000b874
core   0: 0x8000b878 (0x783f2623) sw      gp, 1932(t5)
core   0: 3 0x8000b878 (0x783f2623) mem 0x8000c000 0x00000001
core   0: 0x8000b87c (0x0000bfe5) c.j     pc - 8
core   0: 3 0x8000b87c (0xbfe5)
core   0: 0x8000b874 (0x00000f17) auipc   t5, 0x0
core   0: 3 0x8000b874 (0x00000f17) x30 0x8000b874
core   0: 0x8000b878 (0x783f2623) sw      gp, 1932(t5)
core   0: 3 0x8000b878 (0x783f2623) mem 0x8000c000 0x00000001
core   0: 0x8000b87c (0x0000bfe5) c.j     pc - 8
core   0: 3 0x8000b87c (0xbfe5)
core   0: 0x8000b874 (0x00000f17) auipc   t5, 0x0
core   0: 3 0x8000b874 (0x00000f17) x30 0x8000b874
core   0: 0x8000b878 (0x783f2623) sw      gp, 1932(t5)
core   0: 3 0x8000b878 (0x783f2623) mem 0x8000c000 0x00000001
core   0: 0x8000b87c (0x0000bfe5) c.j     pc - 8
core   0: 3 0x8000b87c (0xbfe5)
core   0: 0x8000b874 (0x00000f17) auipc   t5, 0x0
core   0: 3 0x8000b874 (0x00000f17) x30 0x8000b874
core   0: 0x8000b878 (0x783f2623) sw      gp, 1932(t5)
core   0: 3 0x8000b878 (0x783f2623) mem 0x8000c000 0x00000001
core   0: 0x8000b87c (0x0000bfe5) c.j     pc - 8
core   0: 3 0x8000b87c (0xbfe5)
core   0: 0x8000b874 (0x00000f17) auipc   t5, 0x0
core   0: 3 0x8000b874 (0x00000f17) x30 0x8000b874
core   0: 0x8000b878 (0x783f2623) sw      gp, 1932(t5)
core   0: 3 0x8000b878 (0x783f2623) mem 0x8000c000 0x00000001
core   0: 0x8000b87c (0x0000bfe5) c.j     pc - 8
core   0: 3 0x8000b87c (0xbfe5)
core   0: 0x8000b874 (0x00000f17) auipc   t5, 0x0
core   0: 3 0x8000b874 (0x00000f17) x30 0x8000b874
core   0: 0x8000b878 (0x783f2623) sw      gp, 1932(t5)
core   0: 3 0x8000b878 (0x783f2623) mem 0x8000c000 0x00000001
core   0: 0x8000b87c (0x0000bfe5) c.j     pc - 8
core   0: 3 0x8000b87c (0xbfe5)
core   0: 0x8000b874 (0x00000f17) auipc   t5, 0x0
core   0: 3 0x8000b874 (0x00000f17) x30 0x8000b874
core   0: 0x8000b878 (0x783f2623) sw      gp, 1932(t5)
core   0: 3 0x8000b878 (0x783f2623) mem 0x8000c000 0x00000001
core   0: 0x8000b87c (0x0000bfe5) c.j     pc - 8
core   0: 3 0x8000b87c (0xbfe5)
core   0: 0x8000b874 (0x00000f17) auipc   t5, 0x0
core   0: 3 0x8000b874 (0x00000f17) x30 0x8000b874
core   0: 0x8000b878 (0x783f2623) sw      gp, 1932(t5)
core   0: 3 0x8000b878 (0x783f2623) mem 0x8000c000 0x00000001
core   0: 0x8000b87c (0x0000bfe5) c.j     pc - 8
core   0: 3 0x8000b87c (0xbfe5)
core   0: 0x8000b874 (0x00000f17) auipc   t5, 0x0
core   0: 3 0x8000b874 (0x00000f17) x30 0x8000b874
core   0: 0x8000b878 (0x783f2623) sw      gp, 1932(t5)
core   0: 3 0x8000b878 (0x783f2623) mem 0x8000c000 0x00000001
core   0: 0x8000b87c (0x0000bfe5) c.j     pc - 8
core   0: 3 0x8000b87c (0xbfe5)
core   0: 0x8000b874 (0x00000f17) auipc   t5, 0x0
core   0: 3 0x8000b874 (0x00000f17) x30 0x8000b874
core   0: 0x8000b878 (0x783f2623) sw      gp, 1932(t5)
core   0: 3 0x8000b878 (0x783f2623) mem 0x8000c000 0x00000001
core   0: 0x8000b87c (0x0000bfe5) c.j     pc - 8
core   0: 3 0x8000b87c (0xbfe5)
core   0: 0x8000b874 (0x00000f17) auipc   t5, 0x0
core   0: 3 0x8000b874 (0x00000f17) x30 0x8000b874
core   0: 0x8000b878 (0x783f2623) sw      gp, 1932(t5)
core   0: 3 0x8000b878 (0x783f2623) mem 0x8000c000 0x00000001
core   0: 0x8000b87c (0x0000bfe5) c.j     pc - 8
core   0: 3 0x8000b87c (0xbfe5)
core   0: 0x8000b874 (0x00000f17) auipc   t5, 0x0
core   0: 3 0x8000b874 (0x00000f17) x30 0x8000b874
core   0: 0x8000b878 (0x783f2623) sw      gp, 1932(t5)
core   0: 3 0x8000b878 (0x783f2623) mem 0x8000c000 0x00000001
core   0: 0x8000b87c (0x0000bfe5) c.j     pc - 8
core   0: 3 0x8000b87c (0xbfe5)
core   0: 0x8000b874 (0x00000f17) auipc   t5, 0x0
core   0: 3 0x8000b874 (0x00000f17) x30 0x8000b874
core   0: 0x8000b878 (0x783f2623) sw      gp, 1932(t5)
core   0: 3 0x8000b878 (0x783f2623) mem 0x8000c000 0x00000001
core   0: 0x8000b87c (0x0000bfe5) c.j     pc - 8
core   0: 3 0x8000b87c (0xbfe5)
core   0: 0x8000b874 (0x00000f17) auipc   t5, 0x0
core   0: 3 0x8000b874 (0x00000f17) x30 0x8000b874
core   0: 0x8000b878 (0x783f2623) sw      gp, 1932(t5)
core   0: 3 0x8000b878 (0x783f2623) mem 0x8000c000 0x00000001
core   0: 0x8000b87c (0x0000bfe5) c.j     pc - 8
core   0: 3 0x8000b87c (0xbfe5)
core   0: 0x8000b874 (0x00000f17) auipc   t5, 0x0
core   0: 3 0x8000b874 (0x00000f17) x30 0x8000b874
core   0: 0x8000b878 (0x783f2623) sw      gp, 1932(t5)
core   0: 3 0x8000b878 (0x783f2623) mem 0x8000c000 0x00000001
core   0: 0x8000b87c (0x0000bfe5) c.j     pc - 8
core   0: 3 0x8000b87c (0xbfe5)
core   0: 0x8000b874 (0x00000f17) auipc   t5, 0x0
core   0: 3 0x8000b874 (0x00000f17) x30 0x8000b874
core   0: 0x8000b878 (0x783f2623) sw      gp, 1932(t5)
core   0: 3 0x8000b878 (0x783f2623) mem 0x8000c000 0x00000001
core   0: 0x8000b87c (0x0000bfe5) c.j     pc - 8
core   0: 3 0x8000b87c (0xbfe5)
core   0: 0x8000b874 (0x00000f17) auipc   t5, 0x0
core   0: 3 0x8000b874 (0x00000f17) x30 0x8000b874
core   0: 0x8000b878 (0x783f2623) sw      gp, 1932(t5)
core   0: 3 0x8000b878 (0x783f2623) mem 0x8000c000 0x00000001
core   0: 0x8000b87c (0x0000bfe5) c.j     pc - 8
core   0: 3 0x8000b87c (0xbfe5)
core   0: 0x8000b874 (0x00000f17) auipc   t5, 0x0
core   0: 3 0x8000b874 (0x00000f17) x30 0x8000b874
core   0: 0x8000b878 (0x783f2623) sw      gp, 1932(t5)
core   0: 3 0x8000b878 (0x783f2623) mem 0x8000c000 0x00000001
core   0: 0x8000b87c (0x0000bfe5) c.j     pc - 8
core   0: 3 0x8000b87c (0xbfe5)
core   0: 0x8000b874 (0x00000f17) auipc   t5, 0x0
core   0: 3 0x8000b874 (0x00000f17) x30 0x8000b874
core   0: 0x8000b878 (0x783f2623) sw      gp, 1932(t5)
core   0: 3 0x8000b878 (0x783f2623) mem 0x8000c000 0x00000001
core   0: 0x8000b87c (0x0000bfe5) c.j     pc - 8
core   0: 3 0x8000b87c (0xbfe5)
core   0: 0x8000b874 (0x00000f17) auipc   t5, 0x0
core   0: 3 0x8000b874 (0x00000f17) x30 0x8000b874
core   0: 0x8000b878 (0x783f2623) sw      gp, 1932(t5)
core   0: 3 0x8000b878 (0x783f2623) mem 0x8000c000 0x00000001
core   0: 0x8000b87c (0x0000bfe5) c.j     pc - 8
core   0: 3 0x8000b87c (0xbfe5)
core   0: 0x8000b874 (0x00000f17) auipc   t5, 0x0
core   0: 3 0x8000b874 (0x00000f17) x30 0x8000b874
core   0: 0x8000b878 (0x783f2623) sw      gp, 1932(t5)
core   0: 3 0x8000b878 (0x783f2623) mem 0x8000c000 0x00000001
core   0: 0x8000b87c (0x0000bfe5) c.j     pc - 8
core   0: 3 0x8000b87c (0xbfe5)
core   0: 0x8000b874 (0x00000f17) auipc   t5, 0x0
core   0: 3 0x8000b874 (0x00000f17) x30 0x8000b874
core   0: 0x8000b878 (0x783f2623) sw      gp, 1932(t5)
core   0: 3 0x8000b878 (0x783f2623) mem 0x8000c000 0x00000001
core   0: 0x8000b87c (0x0000bfe5) c.j     pc - 8
core   0: 3 0x8000b87c (0xbfe5)
core   0: 0x8000b874 (0x00000f17) auipc   t5, 0x0
core   0: 3 0x8000b874 (0x00000f17) x30 0x8000b874
core   0: 0x8000b878 (0x783f2623) sw      gp, 1932(t5)
core   0: 3 0x8000b878 (0x783f2623) mem 0x8000c000 0x00000001
core   0: 0x8000b87c (0x0000bfe5) c.j     pc - 8
core   0: 3 0x8000b87c (0xbfe5)
core   0: 0x8000b874 (0x00000f17) auipc   t5, 0x0
core   0: 3 0x8000b874 (0x00000f17) x30 0x8000b874
core   0: 0x8000b878 (0x783f2623) sw      gp, 1932(t5)
core   0: 3 0x8000b878 (0x783f2623) mem 0x8000c000 0x00000001
core   0: 0x8000b87c (0x0000bfe5) c.j     pc - 8
core   0: 3 0x8000b87c (0xbfe5)
core   0: 0x8000b874 (0x00000f17) auipc   t5, 0x0
core   0: 3 0x8000b874 (0x00000f17) x30 0x8000b874
core   0: 0x8000b878 (0x783f2623) sw      gp, 1932(t5)
core   0: 3 0x8000b878 (0x783f2623) mem 0x8000c000 0x00000001
core   0: 0x8000b87c (0x0000bfe5) c.j     pc - 8
core   0: 3 0x8000b87c (0xbfe5)
core   0: 0x8000b874 (0x00000f17) auipc   t5, 0x0
core   0: 3 0x8000b874 (0x00000f17) x30 0x8000b874
core   0: 0x8000b878 (0x783f2623) sw      gp, 1932(t5)
core   0: 3 0x8000b878 (0x783f2623) mem 0x8000c000 0x00000001
core   0: 0x8000b87c (0x0000bfe5) c.j     pc - 8
core   0: 3 0x8000b87c (0xbfe5)
core   0: 0x8000b874 (0x00000f17) auipc   t5, 0x0
core   0: 3 0x8000b874 (0x00000f17) x30 0x8000b874
core   0: 0x8000b878 (0x783f2623) sw      gp, 1932(t5)
core   0: 3 0x8000b878 (0x783f2623) mem 0x8000c000 0x00000001
core   0: 0x8000b87c (0x0000bfe5) c.j     pc - 8
core   0: 3 0x8000b87c (0xbfe5)
core   0: 0x8000b874 (0x00000f17) auipc   t5, 0x0
core   0: 3 0x8000b874 (0x00000f17) x30 0x8000b874
core   0: 0x8000b878 (0x783f2623) sw      gp, 1932(t5)
core   0: 3 0x8000b878 (0x783f2623) mem 0x8000c000 0x00000001
core   0: 0x8000b87c (0x0000bfe5) c.j     pc - 8
core   0: 3 0x8000b87c (0xbfe5)
core   0: 0x8000b874 (0x00000f17) auipc   t5, 0x0
core   0: 3 0x8000b874 (0x00000f17) x30 0x8000b874
core   0: 0x8000b878 (0x783f2623) sw      gp, 1932(t5)
core   0: 3 0x8000b878 (0x783f2623) mem 0x8000c000 0x00000001
core   0: 0x8000b87c (0x0000bfe5) c.j     pc - 8
core   0: 3 0x8000b87c (0xbfe5)
core   0: 0x8000b874 (0x00000f17) auipc   t5, 0x0
core   0: 3 0x8000b874 (0x00000f17) x30 0x8000b874
core   0: 0x8000b878 (0x783f2623) sw      gp, 1932(t5)
core   0: 3 0x8000b878 (0x783f2623) mem 0x8000c000 0x00000001
core   0: 0x8000b87c (0x0000bfe5) c.j     pc - 8
core   0: 3 0x8000b87c (0xbfe5)
core   0: 0x8000b874 (0x00000f17) auipc   t5, 0x0
core   0: 3 0x8000b874 (0x00000f17) x30 0x8000b874
core   0: 0x8000b878 (0x783f2623) sw      gp, 1932(t5)
core   0: 3 0x8000b878 (0x783f2623) mem 0x8000c000 0x00000001
core   0: 0x8000b87c (0x0000bfe5) c.j     pc - 8
core   0: 3 0x8000b87c (0xbfe5)
core   0: 0x8000b874 (0x00000f17) auipc   t5, 0x0
core   0: 3 0x8000b874 (0x00000f17) x30 0x8000b874
core   0: 0x8000b878 (0x783f2623) sw      gp, 1932(t5)
core   0: 3 0x8000b878 (0x783f2623) mem 0x8000c000 0x00000001
core   0: 0x8000b87c (0x0000bfe5) c.j     pc - 8
core   0: 3 0x8000b87c (0xbfe5)
core   0: 0x8000b874 (0x00000f17) auipc   t5, 0x0
core   0: 3 0x8000b874 (0x00000f17) x30 0x8000b874
core   0: 0x8000b878 (0x783f2623) sw      gp, 1932(t5)
core   0: 3 0x8000b878 (0x783f2623) mem 0x8000c000 0x00000001
core   0: 0x8000b87c (0x0000bfe5) c.j     pc - 8
core   0: 3 0x8000b87c (0xbfe5)
core   0: 0x8000b874 (0x00000f17) auipc   t5, 0x0
core   0: 3 0x8000b874 (0x00000f17) x30 0x8000b874
core   0: 0x8000b878 (0x783f2623) sw      gp, 1932(t5)
core   0: 3 0x8000b878 (0x783f2623) mem 0x8000c000 0x00000001
core   0: 0x8000b87c (0x0000bfe5) c.j     pc - 8
core   0: 3 0x8000b87c (0xbfe5)
core   0: 0x8000b874 (0x00000f17) auipc   t5, 0x0
core   0: 3 0x8000b874 (0x00000f17) x30 0x8000b874
core   0: 0x8000b878 (0x783f2623) sw      gp, 1932(t5)
core   0: 3 0x8000b878 (0x783f2623) mem 0x8000c000 0x00000001
core   0: 0x8000b87c (0x0000bfe5) c.j     pc - 8
core   0: 3 0x8000b87c (0xbfe5)
core   0: 0x8000b874 (0x00000f17) auipc   t5, 0x0
core   0: 3 0x8000b874 (0x00000f17) x30 0x8000b874
core   0: 0x8000b878 (0x783f2623) sw      gp, 1932(t5)
core   0: 3 0x8000b878 (0x783f2623) mem 0x8000c000 0x00000001
core   0: 0x8000b87c (0x0000bfe5) c.j     pc - 8
core   0: 3 0x8000b87c (0xbfe5)
core   0: 0x8000b874 (0x00000f17) auipc   t5, 0x0
core   0: 3 0x8000b874 (0x00000f17) x30 0x8000b874
core   0: 0x8000b878 (0x783f2623) sw      gp, 1932(t5)
core   0: 3 0x8000b878 (0x783f2623) mem 0x8000c000 0x00000001
core   0: 0x8000b87c (0x0000bfe5) c.j     pc - 8
core   0: 3 0x8000b87c (0xbfe5)
core   0: 0x8000b874 (0x00000f17) auipc   t5, 0x0
core   0: 3 0x8000b874 (0x00000f17) x30 0x8000b874
core   0: 0x8000b878 (0x783f2623) sw      gp, 1932(t5)
core   0: 3 0x8000b878 (0x783f2623) mem 0x8000c000 0x00000001
core   0: 0x8000b87c (0x0000bfe5) c.j     pc - 8
core   0: 3 0x8000b87c (0xbfe5)
core   0: 0x8000b874 (0x00000f17) auipc   t5, 0x0
core   0: 3 0x8000b874 (0x00000f17) x30 0x8000b874
core   0: 0x8000b878 (0x783f2623) sw      gp, 1932(t5)
core   0: 3 0x8000b878 (0x783f2623) mem 0x8000c000 0x00000001
core   0: 0x8000b87c (0x0000bfe5) c.j     pc - 8
core   0: 3 0x8000b87c (0xbfe5)
core   0: 0x8000b874 (0x00000f17) auipc   t5, 0x0
core   0: 3 0x8000b874 (0x00000f17) x30 0x8000b874
core   0: 0x8000b878 (0x783f2623) sw      gp, 1932(t5)
core   0: 3 0x8000b878 (0x783f2623) mem 0x8000c000 0x00000001
core   0: 0x8000b87c (0x0000bfe5) c.j     pc - 8
core   0: 3 0x8000b87c (0xbfe5)
core   0: 0x8000b874 (0x00000f17) auipc   t5, 0x0
core   0: 3 0x8000b874 (0x00000f17) x30 0x8000b874
core   0: 0x8000b878 (0x783f2623) sw      gp, 1932(t5)
core   0: 3 0x8000b878 (0x783f2623) mem 0x8000c000 0x00000001
core   0: 0x8000b87c (0x0000bfe5) c.j     pc - 8
core   0: 3 0x8000b87c (0xbfe5)
core   0: 0x8000b874 (0x00000f17) auipc   t5, 0x0
core   0: 3 0x8000b874 (0x00000f17) x30 0x8000b874
core   0: 0x8000b878 (0x783f2623) sw      gp, 1932(t5)
core   0: 3 0x8000b878 (0x783f2623) mem 0x8000c000 0x00000001
core   0: 0x8000b87c (0x0000bfe5) c.j     pc - 8
core   0: 3 0x8000b87c (0xbfe5)
core   0: 0x8000b874 (0x00000f17) auipc   t5, 0x0
core   0: 3 0x8000b874 (0x00000f17) x30 0x8000b874
core   0: 0x8000b878 (0x783f2623) sw      gp, 1932(t5)
core   0: 3 0x8000b878 (0x783f2623) mem 0x8000c000 0x00000001
core   0: 0x8000b87c (0x0000bfe5) c.j     pc - 8
core   0: 3 0x8000b87c (0xbfe5)
core   0: 0x8000b874 (0x00000f17) auipc   t5, 0x0
core   0: 3 0x8000b874 (0x00000f17) x30 0x8000b874
core   0: 0x8000b878 (0x783f2623) sw      gp, 1932(t5)
core   0: 3 0x8000b878 (0x783f2623) mem 0x8000c000 0x00000001
core   0: 0x8000b87c (0x0000bfe5) c.j     pc - 8
core   0: 3 0x8000b87c (0xbfe5)
core   0: 0x8000b874 (0x00000f17) auipc   t5, 0x0
core   0: 3 0x8000b874 (0x00000f17) x30 0x8000b874
core   0: 0x8000b878 (0x783f2623) sw      gp, 1932(t5)
core   0: 3 0x8000b878 (0x783f2623) mem 0x8000c000 0x00000001
core   0: 0x8000b87c (0x0000bfe5) c.j     pc - 8
core   0: 3 0x8000b87c (0xbfe5)
core   0: 0x8000b874 (0x00000f17) auipc   t5, 0x0
core   0: 3 0x8000b874 (0x00000f17) x30 0x8000b874
core   0: 0x8000b878 (0x783f2623) sw      gp, 1932(t5)
core   0: 3 0x8000b878 (0x783f2623) mem 0x8000c000 0x00000001
core   0: 0x8000b87c (0x0000bfe5) c.j     pc - 8
core   0: 3 0x8000b87c (0xbfe5)
core   0: 0x8000b874 (0x00000f17) auipc   t5, 0x0
core   0: 3 0x8000b874 (0x00000f17) x30 0x8000b874
core   0: 0x8000b878 (0x783f2623) sw      gp, 1932(t5)
core   0: 3 0x8000b878 (0x783f2623) mem 0x8000c000 0x00000001
core   0: 0x8000b87c (0x0000bfe5) c.j     pc - 8
core   0: 3 0x8000b87c (0xbfe5)
core   0: 0x8000b874 (0x00000f17) auipc   t5, 0x0
core   0: 3 0x8000b874 (0x00000f17) x30 0x8000b874
core   0: 0x8000b878 (0x783f2623) sw      gp, 1932(t5)
core   0: 3 0x8000b878 (0x783f2623) mem 0x8000c000 0x00000001
core   0: 0x8000b87c (0x0000bfe5) c.j     pc - 8
core   0: 3 0x8000b87c (0xbfe5)
core   0: 0x8000b874 (0x00000f17) auipc   t5, 0x0
core   0: 3 0x8000b874 (0x00000f17) x30 0x8000b874
core   0: 0x8000b878 (0x783f2623) sw      gp, 1932(t5)
core   0: 3 0x8000b878 (0x783f2623) mem 0x8000c000 0x00000001
core   0: 0x8000b87c (0x0000bfe5) c.j     pc - 8
core   0: 3 0x8000b87c (0xbfe5)
core   0: 0x8000b874 (0x00000f17) auipc   t5, 0x0
core   0: 3 0x8000b874 (0x00000f17) x30 0x8000b874
core   0: 0x8000b878 (0x783f2623) sw      gp, 1932(t5)
core   0: 3 0x8000b878 (0x783f2623) mem 0x8000c000 0x00000001
core   0: 0x8000b87c (0x0000bfe5) c.j     pc - 8
core   0: 3 0x8000b87c (0xbfe5)
core   0: 0x8000b874 (0x00000f17) auipc   t5, 0x0
core   0: 3 0x8000b874 (0x00000f17) x30 0x8000b874
core   0: 0x8000b878 (0x783f2623) sw      gp, 1932(t5)
core   0: 3 0x8000b878 (0x783f2623) mem 0x8000c000 0x00000001
core   0: 0x8000b87c (0x0000bfe5) c.j     pc - 8
core   0: 3 0x8000b87c (0xbfe5)
core   0: 0x8000b874 (0x00000f17) auipc   t5, 0x0
core   0: 3 0x8000b874 (0x00000f17) x30 0x8000b874
core   0: 0x8000b878 (0x783f2623) sw      gp, 1932(t5)
core   0: 3 0x8000b878 (0x783f2623) mem 0x8000c000 0x00000001
core   0: 0x8000b87c (0x0000bfe5) c.j     pc - 8
core   0: 3 0x8000b87c (0xbfe5)
core   0: 0x8000b874 (0x00000f17) auipc   t5, 0x0
core   0: 3 0x8000b874 (0x00000f17) x30 0x8000b874
core   0: 0x8000b878 (0x783f2623) sw      gp, 1932(t5)
core   0: 3 0x8000b878 (0x783f2623) mem 0x8000c000 0x00000001
core   0: 0x8000b87c (0x0000bfe5) c.j     pc - 8
core   0: 3 0x8000b87c (0xbfe5)
core   0: 0x8000b874 (0x00000f17) auipc   t5, 0x0
core   0: 3 0x8000b874 (0x00000f17) x30 0x8000b874
core   0: 0x8000b878 (0x783f2623) sw      gp, 1932(t5)
core   0: 3 0x8000b878 (0x783f2623) mem 0x8000c000 0x00000001
core   0: 0x8000b87c (0x0000bfe5) c.j     pc - 8
core   0: 3 0x8000b87c (0xbfe5)
core   0: 0x8000b874 (0x00000f17) auipc   t5, 0x0
core   0: 3 0x8000b874 (0x00000f17) x30 0x8000b874
core   0: 0x8000b878 (0x783f2623) sw      gp, 1932(t5)
core   0: 3 0x8000b878 (0x783f2623) mem 0x8000c000 0x00000001
core   0: 0x8000b87c (0x0000bfe5) c.j     pc - 8
core   0: 3 0x8000b87c (0xbfe5)
core   0: 0x8000b874 (0x00000f17) auipc   t5, 0x0
core   0: 3 0x8000b874 (0x00000f17) x30 0x8000b874
core   0: 0x8000b878 (0x783f2623) sw      gp, 1932(t5)
core   0: 3 0x8000b878 (0x783f2623) mem 0x8000c000 0x00000001
core   0: 0x8000b87c (0x0000bfe5) c.j     pc - 8
core   0: 3 0x8000b87c (0xbfe5)
core   0: 0x8000b874 (0x00000f17) auipc   t5, 0x0
core   0: 3 0x8000b874 (0x00000f17) x30 0x8000b874
core   0: 0x8000b878 (0x783f2623) sw      gp, 1932(t5)
core   0: 3 0x8000b878 (0x783f2623) mem 0x8000c000 0x00000001
core   0: 0x8000b87c (0x0000bfe5) c.j     pc - 8
core   0: 3 0x8000b87c (0xbfe5)
core   0: 0x8000b874 (0x00000f17) auipc   t5, 0x0
core   0: 3 0x8000b874 (0x00000f17) x30 0x8000b874
core   0: 0x8000b878 (0x783f2623) sw      gp, 1932(t5)
core   0: 3 0x8000b878 (0x783f2623) mem 0x8000c000 0x00000001
core   0: 0x8000b87c (0x0000bfe5) c.j     pc - 8
core   0: 3 0x8000b87c (0xbfe5)
core   0: 0x8000b874 (0x00000f17) auipc   t5, 0x0
core   0: 3 0x8000b874 (0x00000f17) x30 0x8000b874
core   0: 0x8000b878 (0x783f2623) sw      gp, 1932(t5)
core   0: 3 0x8000b878 (0x783f2623) mem 0x8000c000 0x00000001
core   0: 0x8000b87c (0x0000bfe5) c.j     pc - 8
core   0: 3 0x8000b87c (0xbfe5)
core   0: 0x8000b874 (0x00000f17) auipc   t5, 0x0
core   0: 3 0x8000b874 (0x00000f17) x30 0x8000b874
core   0: 0x8000b878 (0x783f2623) sw      gp, 1932(t5)
core   0: 3 0x8000b878 (0x783f2623) mem 0x8000c000 0x00000001
core   0: 0x8000b87c (0x0000bfe5) c.j     pc - 8
core   0: 3 0x8000b87c (0xbfe5)
core   0: 0x8000b874 (0x00000f17) auipc   t5, 0x0
core   0: 3 0x8000b874 (0x00000f17) x30 0x8000b874
core   0: 0x8000b878 (0x783f2623) sw      gp, 1932(t5)
core   0: 3 0x8000b878 (0x783f2623) mem 0x8000c000 0x00000001
core   0: 0x8000b87c (0x0000bfe5) c.j     pc - 8
core   0: 3 0x8000b87c (0xbfe5)
core   0: 0x8000b874 (0x00000f17) auipc   t5, 0x0
core   0: 3 0x8000b874 (0x00000f17) x30 0x8000b874
core   0: 0x8000b878 (0x783f2623) sw      gp, 1932(t5)
core   0: 3 0x8000b878 (0x783f2623) mem 0x8000c000 0x00000001
core   0: 0x8000b87c (0x0000bfe5) c.j     pc - 8
core   0: 3 0x8000b87c (0xbfe5)
core   0: 0x8000b874 (0x00000f17) auipc   t5, 0x0
core   0: 3 0x8000b874 (0x00000f17) x30 0x8000b874
core   0: 0x8000b878 (0x783f2623) sw      gp, 1932(t5)
core   0: 3 0x8000b878 (0x783f2623) mem 0x8000c000 0x00000001
core   0: 0x8000b87c (0x0000bfe5) c.j     pc - 8
core   0: 3 0x8000b87c (0xbfe5)
core   0: 0x8000b874 (0x00000f17) auipc   t5, 0x0
core   0: 3 0x8000b874 (0x00000f17) x30 0x8000b874
core   0: 0x8000b878 (0x783f2623) sw      gp, 1932(t5)
core   0: 3 0x8000b878 (0x783f2623) mem 0x8000c000 0x00000001
core   0: 0x8000b87c (0x0000bfe5) c.j     pc - 8
core   0: 3 0x8000b87c (0xbfe5)
core   0: 0x8000b874 (0x00000f17) auipc   t5, 0x0
core   0: 3 0x8000b874 (0x00000f17) x30 0x8000b874
core   0: 0x8000b878 (0x783f2623) sw      gp, 1932(t5)
core   0: 3 0x8000b878 (0x783f2623) mem 0x8000c000 0x00000001
core   0: 0x8000b87c (0x0000bfe5) c.j     pc - 8
core   0: 3 0x8000b87c (0xbfe5)
core   0: 0x8000b874 (0x00000f17) auipc   t5, 0x0
core   0: 3 0x8000b874 (0x00000f17) x30 0x8000b874
core   0: 0x8000b878 (0x783f2623) sw      gp, 1932(t5)
core   0: 3 0x8000b878 (0x783f2623) mem 0x8000c000 0x00000001
core   0: 0x8000b87c (0x0000bfe5) c.j     pc - 8
core   0: 3 0x8000b87c (0xbfe5)
core   0: 0x8000b874 (0x00000f17) auipc   t5, 0x0
core   0: 3 0x8000b874 (0x00000f17) x30 0x8000b874
core   0: 0x8000b878 (0x783f2623) sw      gp, 1932(t5)
core   0: 3 0x8000b878 (0x783f2623) mem 0x8000c000 0x00000001
core   0: 0x8000b87c (0x0000bfe5) c.j     pc - 8
core   0: 3 0x8000b87c (0xbfe5)
core   0: 0x8000b874 (0x00000f17) auipc   t5, 0x0
core   0: 3 0x8000b874 (0x00000f17) x30 0x8000b874
core   0: 0x8000b878 (0x783f2623) sw      gp, 1932(t5)
core   0: 3 0x8000b878 (0x783f2623) mem 0x8000c000 0x00000001
core   0: 0x8000b87c (0x0000bfe5) c.j     pc - 8
core   0: 3 0x8000b87c (0xbfe5)
core   0: 0x8000b874 (0x00000f17) auipc   t5, 0x0
core   0: 3 0x8000b874 (0x00000f17) x30 0x8000b874
core   0: 0x8000b878 (0x783f2623) sw      gp, 1932(t5)
core   0: 3 0x8000b878 (0x783f2623) mem 0x8000c000 0x00000001
core   0: 0x8000b87c (0x0000bfe5) c.j     pc - 8
core   0: 3 0x8000b87c (0xbfe5)
core   0: 0x8000b874 (0x00000f17) auipc   t5, 0x0
core   0: 3 0x8000b874 (0x00000f17) x30 0x8000b874
core   0: 0x8000b878 (0x783f2623) sw      gp, 1932(t5)
core   0: 3 0x8000b878 (0x783f2623) mem 0x8000c000 0x00000001
core   0: 0x8000b87c (0x0000bfe5) c.j     pc - 8
core   0: 3 0x8000b87c (0xbfe5)
core   0: 0x8000b874 (0x00000f17) auipc   t5, 0x0
core   0: 3 0x8000b874 (0x00000f17) x30 0x8000b874
core   0: 0x8000b878 (0x783f2623) sw      gp, 1932(t5)
core   0: 3 0x8000b878 (0x783f2623) mem 0x8000c000 0x00000001
core   0: 0x8000b87c (0x0000bfe5) c.j     pc - 8
core   0: 3 0x8000b87c (0xbfe5)
core   0: 0x8000b874 (0x00000f17) auipc   t5, 0x0
core   0: 3 0x8000b874 (0x00000f17) x30 0x8000b874
core   0: 0x8000b878 (0x783f2623) sw      gp, 1932(t5)
core   0: 3 0x8000b878 (0x783f2623) mem 0x8000c000 0x00000001
core   0: 0x8000b87c (0x0000bfe5) c.j     pc - 8
core   0: 3 0x8000b87c (0xbfe5)
core   0: 0x8000b874 (0x00000f17) auipc   t5, 0x0
core   0: 3 0x8000b874 (0x00000f17) x30 0x8000b874
core   0: 0x8000b878 (0x783f2623) sw      gp, 1932(t5)
core   0: 3 0x8000b878 (0x783f2623) mem 0x8000c000 0x00000001
core   0: 0x8000b87c (0x0000bfe5) c.j     pc - 8
core   0: 3 0x8000b87c (0xbfe5)
core   0: 0x8000b874 (0x00000f17) auipc   t5, 0x0
core   0: 3 0x8000b874 (0x00000f17) x30 0x8000b874
core   0: 0x8000b878 (0x783f2623) sw      gp, 1932(t5)
core   0: 3 0x8000b878 (0x783f2623) mem 0x8000c000 0x00000001
core   0: 0x8000b87c (0x0000bfe5) c.j     pc - 8
core   0: 3 0x8000b87c (0xbfe5)
core   0: 0x8000b874 (0x00000f17) auipc   t5, 0x0
core   0: 3 0x8000b874 (0x00000f17) x30 0x8000b874
core   0: 0x8000b878 (0x783f2623) sw      gp, 1932(t5)
core   0: 3 0x8000b878 (0x783f2623) mem 0x8000c000 0x00000001
core   0: 0x8000b87c (0x0000bfe5) c.j     pc - 8
core   0: 3 0x8000b87c (0xbfe5)
core   0: 0x8000b874 (0x00000f17) auipc   t5, 0x0
core   0: 3 0x8000b874 (0x00000f17) x30 0x8000b874
core   0: 0x8000b878 (0x783f2623) sw      gp, 1932(t5)
core   0: 3 0x8000b878 (0x783f2623) mem 0x8000c000 0x00000001
core   0: 0x8000b87c (0x0000bfe5) c.j     pc - 8
core   0: 3 0x8000b87c (0xbfe5)
core   0: 0x8000b874 (0x00000f17) auipc   t5, 0x0
core   0: 3 0x8000b874 (0x00000f17) x30 0x8000b874
core   0: 0x8000b878 (0x783f2623) sw      gp, 1932(t5)
core   0: 3 0x8000b878 (0x783f2623) mem 0x8000c000 0x00000001
core   0: 0x8000b87c (0x0000bfe5) c.j     pc - 8
core   0: 3 0x8000b87c (0xbfe5)
core   0: 0x8000b874 (0x00000f17) auipc   t5, 0x0
core   0: 3 0x8000b874 (0x00000f17) x30 0x8000b874
core   0: 0x8000b878 (0x783f2623) sw      gp, 1932(t5)
core   0: 3 0x8000b878 (0x783f2623) mem 0x8000c000 0x00000001
core   0: 0x8000b87c (0x0000bfe5) c.j     pc - 8
core   0: 3 0x8000b87c (0xbfe5)
core   0: 0x8000b874 (0x00000f17) auipc   t5, 0x0
core   0: 3 0x8000b874 (0x00000f17) x30 0x8000b874
core   0: 0x8000b878 (0x783f2623) sw      gp, 1932(t5)
core   0: 3 0x8000b878 (0x783f2623) mem 0x8000c000 0x00000001
core   0: 0x8000b87c (0x0000bfe5) c.j     pc - 8
core   0: 3 0x8000b87c (0xbfe5)
core   0: 0x8000b874 (0x00000f17) auipc   t5, 0x0
core   0: 3 0x8000b874 (0x00000f17) x30 0x8000b874
core   0: 0x8000b878 (0x783f2623) sw      gp, 1932(t5)
core   0: 3 0x8000b878 (0x783f2623) mem 0x8000c000 0x00000001
core   0: 0x8000b87c (0x0000bfe5) c.j     pc - 8
core   0: 3 0x8000b87c (0xbfe5)
core   0: 0x8000b874 (0x00000f17) auipc   t5, 0x0
core   0: 3 0x8000b874 (0x00000f17) x30 0x8000b874
core   0: 0x8000b878 (0x783f2623) sw      gp, 1932(t5)
core   0: 3 0x8000b878 (0x783f2623) mem 0x8000c000 0x00000001
core   0: 0x8000b87c (0x0000bfe5) c.j     pc - 8
core   0: 3 0x8000b87c (0xbfe5)
core   0: 0x8000b874 (0x00000f17) auipc   t5, 0x0
core   0: 3 0x8000b874 (0x00000f17) x30 0x8000b874
core   0: 0x8000b878 (0x783f2623) sw      gp, 1932(t5)
core   0: 3 0x8000b878 (0x783f2623) mem 0x8000c000 0x00000001
core   0: 0x8000b87c (0x0000bfe5) c.j     pc - 8
core   0: 3 0x8000b87c (0xbfe5)
core   0: 0x8000b874 (0x00000f17) auipc   t5, 0x0
core   0: 3 0x8000b874 (0x00000f17) x30 0x8000b874
core   0: 0x8000b878 (0x783f2623) sw      gp, 1932(t5)
core   0: 3 0x8000b878 (0x783f2623) mem 0x8000c000 0x00000001
core   0: 0x8000b87c (0x0000bfe5) c.j     pc - 8
core   0: 3 0x8000b87c (0xbfe5)
core   0: 0x8000b874 (0x00000f17) auipc   t5, 0x0
core   0: 3 0x8000b874 (0x00000f17) x30 0x8000b874
core   0: 0x8000b878 (0x783f2623) sw      gp, 1932(t5)
core   0: 3 0x8000b878 (0x783f2623) mem 0x8000c000 0x00000001
core   0: 0x8000b87c (0x0000bfe5) c.j     pc - 8
core   0: 3 0x8000b87c (0xbfe5)
core   0: 0x8000b874 (0x00000f17) auipc   t5, 0x0
core   0: 3 0x8000b874 (0x00000f17) x30 0x8000b874
core   0: 0x8000b878 (0x783f2623) sw      gp, 1932(t5)
core   0: 3 0x8000b878 (0x783f2623) mem 0x8000c000 0x00000001
core   0: 0x8000b87c (0x0000bfe5) c.j     pc - 8
core   0: 3 0x8000b87c (0xbfe5)
core   0: 0x8000b874 (0x00000f17) auipc   t5, 0x0
core   0: 3 0x8000b874 (0x00000f17) x30 0x8000b874
core   0: 0x8000b878 (0x783f2623) sw      gp, 1932(t5)
core   0: 3 0x8000b878 (0x783f2623) mem 0x8000c000 0x00000001
core   0: 0x8000b87c (0x0000bfe5) c.j     pc - 8
core   0: 3 0x8000b87c (0xbfe5)
core   0: 0x8000b874 (0x00000f17) auipc   t5, 0x0
core   0: 3 0x8000b874 (0x00000f17) x30 0x8000b874
core   0: 0x8000b878 (0x783f2623) sw      gp, 1932(t5)
core   0: 3 0x8000b878 (0x783f2623) mem 0x8000c000 0x00000001
core   0: 0x8000b87c (0x0000bfe5) c.j     pc - 8
core   0: 3 0x8000b87c (0xbfe5)
core   0: 0x8000b874 (0x00000f17) auipc   t5, 0x0
core   0: 3 0x8000b874 (0x00000f17) x30 0x8000b874
core   0: 0x8000b878 (0x783f2623) sw      gp, 1932(t5)
core   0: 3 0x8000b878 (0x783f2623) mem 0x8000c000 0x00000001
core   0: 0x8000b87c (0x0000bfe5) c.j     pc - 8
core   0: 3 0x8000b87c (0xbfe5)
core   0: 0x8000b874 (0x00000f17) auipc   t5, 0x0
core   0: 3 0x8000b874 (0x00000f17) x30 0x8000b874
core   0: 0x8000b878 (0x783f2623) sw      gp, 1932(t5)
core   0: 3 0x8000b878 (0x783f2623) mem 0x8000c000 0x00000001
core   0: 0x8000b87c (0x0000bfe5) c.j     pc - 8
core   0: 3 0x8000b87c (0xbfe5)
core   0: 0x8000b874 (0x00000f17) auipc   t5, 0x0
core   0: 3 0x8000b874 (0x00000f17) x30 0x8000b874
core   0: 0x8000b878 (0x783f2623) sw      gp, 1932(t5)
core   0: 3 0x8000b878 (0x783f2623) mem 0x8000c000 0x00000001
core   0: 0x8000b87c (0x0000bfe5) c.j     pc - 8
core   0: 3 0x8000b87c (0xbfe5)
core   0: 0x8000b874 (0x00000f17) auipc   t5, 0x0
core   0: 3 0x8000b874 (0x00000f17) x30 0x8000b874
core   0: 0x8000b878 (0x783f2623) sw      gp, 1932(t5)
core   0: 3 0x8000b878 (0x783f2623) mem 0x8000c000 0x00000001
core   0: 0x8000b87c (0x0000bfe5) c.j     pc - 8
core   0: 3 0x8000b87c (0xbfe5)
core   0: 0x8000b874 (0x00000f17) auipc   t5, 0x0
core   0: 3 0x8000b874 (0x00000f17) x30 0x8000b874
core   0: 0x8000b878 (0x783f2623) sw      gp, 1932(t5)
core   0: 3 0x8000b878 (0x783f2623) mem 0x8000c000 0x00000001
core   0: 0x8000b87c (0x0000bfe5) c.j     pc - 8
core   0: 3 0x8000b87c (0xbfe5)
core   0: 0x8000b874 (0x00000f17) auipc   t5, 0x0
core   0: 3 0x8000b874 (0x00000f17) x30 0x8000b874
core   0: 0x8000b878 (0x783f2623) sw      gp, 1932(t5)
core   0: 3 0x8000b878 (0x783f2623) mem 0x8000c000 0x00000001
core   0: 0x8000b87c (0x0000bfe5) c.j     pc - 8
core   0: 3 0x8000b87c (0xbfe5)
core   0: 0x8000b874 (0x00000f17) auipc   t5, 0x0
core   0: 3 0x8000b874 (0x00000f17) x30 0x8000b874
core   0: 0x8000b878 (0x783f2623) sw      gp, 1932(t5)
core   0: 3 0x8000b878 (0x783f2623) mem 0x8000c000 0x00000001
core   0: 0x8000b87c (0x0000bfe5) c.j     pc - 8
core   0: 3 0x8000b87c (0xbfe5)
core   0: 0x8000b874 (0x00000f17) auipc   t5, 0x0
core   0: 3 0x8000b874 (0x00000f17) x30 0x8000b874
core   0: 0x8000b878 (0x783f2623) sw      gp, 1932(t5)
core   0: 3 0x8000b878 (0x783f2623) mem 0x8000c000 0x00000001
core   0: 0x8000b87c (0x0000bfe5) c.j     pc - 8
core   0: 3 0x8000b87c (0xbfe5)
core   0: 0x8000b874 (0x00000f17) auipc   t5, 0x0
core   0: 3 0x8000b874 (0x00000f17) x30 0x8000b874
core   0: 0x8000b878 (0x783f2623) sw      gp, 1932(t5)
core   0: 3 0x8000b878 (0x783f2623) mem 0x8000c000 0x00000001
core   0: 0x8000b87c (0x0000bfe5) c.j     pc - 8
core   0: 3 0x8000b87c (0xbfe5)
core   0: 0x8000b874 (0x00000f17) auipc   t5, 0x0
core   0: 3 0x8000b874 (0x00000f17) x30 0x8000b874
core   0: 0x8000b878 (0x783f2623) sw      gp, 1932(t5)
core   0: 3 0x8000b878 (0x783f2623) mem 0x8000c000 0x00000001
core   0: 0x8000b87c (0x0000bfe5) c.j     pc - 8
core   0: 3 0x8000b87c (0xbfe5)
core   0: 0x8000b874 (0x00000f17) auipc   t5, 0x0
core   0: 3 0x8000b874 (0x00000f17) x30 0x8000b874
core   0: 0x8000b878 (0x783f2623) sw      gp, 1932(t5)
core   0: 3 0x8000b878 (0x783f2623) mem 0x8000c000 0x00000001
core   0: 0x8000b87c (0x0000bfe5) c.j     pc - 8
core   0: 3 0x8000b87c (0xbfe5)
core   0: 0x8000b874 (0x00000f17) auipc   t5, 0x0
core   0: 3 0x8000b874 (0x00000f17) x30 0x8000b874
core   0: 0x8000b878 (0x783f2623) sw      gp, 1932(t5)
core   0: 3 0x8000b878 (0x783f2623) mem 0x8000c000 0x00000001
core   0: 0x8000b87c (0x0000bfe5) c.j     pc - 8
core   0: 3 0x8000b87c (0xbfe5)
core   0: 0x8000b874 (0x00000f17) auipc   t5, 0x0
core   0: 3 0x8000b874 (0x00000f17) x30 0x8000b874
core   0: 0x8000b878 (0x783f2623) sw      gp, 1932(t5)
core   0: 3 0x8000b878 (0x783f2623) mem 0x8000c000 0x00000001
core   0: 0x8000b87c (0x0000bfe5) c.j     pc - 8
core   0: 3 0x8000b87c (0xbfe5)
core   0: 0x8000b874 (0x00000f17) auipc   t5, 0x0
core   0: 3 0x8000b874 (0x00000f17) x30 0x8000b874
core   0: 0x8000b878 (0x783f2623) sw      gp, 1932(t5)
core   0: 3 0x8000b878 (0x783f2623) mem 0x8000c000 0x00000001
core   0: 0x8000b87c (0x0000bfe5) c.j     pc - 8
core   0: 3 0x8000b87c (0xbfe5)
core   0: 0x8000b874 (0x00000f17) auipc   t5, 0x0
core   0: 3 0x8000b874 (0x00000f17) x30 0x8000b874
core   0: 0x8000b878 (0x783f2623) sw      gp, 1932(t5)
core   0: 3 0x8000b878 (0x783f2623) mem 0x8000c000 0x00000001
core   0: 0x8000b87c (0x0000bfe5) c.j     pc - 8
core   0: 3 0x8000b87c (0xbfe5)
core   0: 0x8000b874 (0x00000f17) auipc   t5, 0x0
core   0: 3 0x8000b874 (0x00000f17) x30 0x8000b874
core   0: 0x8000b878 (0x783f2623) sw      gp, 1932(t5)
core   0: 3 0x8000b878 (0x783f2623) mem 0x8000c000 0x00000001
core   0: 0x8000b87c (0x0000bfe5) c.j     pc - 8
core   0: 3 0x8000b87c (0xbfe5)
core   0: 0x8000b874 (0x00000f17) auipc   t5, 0x0
core   0: 3 0x8000b874 (0x00000f17) x30 0x8000b874
core   0: 0x8000b878 (0x783f2623) sw      gp, 1932(t5)
core   0: 3 0x8000b878 (0x783f2623) mem 0x8000c000 0x00000001
core   0: 0x8000b87c (0x0000bfe5) c.j     pc - 8
core   0: 3 0x8000b87c (0xbfe5)
core   0: 0x8000b874 (0x00000f17) auipc   t5, 0x0
core   0: 3 0x8000b874 (0x00000f17) x30 0x8000b874
core   0: 0x8000b878 (0x783f2623) sw      gp, 1932(t5)
core   0: 3 0x8000b878 (0x783f2623) mem 0x8000c000 0x00000001
core   0: 0x8000b87c (0x0000bfe5) c.j     pc - 8
core   0: 3 0x8000b87c (0xbfe5)
core   0: 0x8000b874 (0x00000f17) auipc   t5, 0x0
core   0: 3 0x8000b874 (0x00000f17) x30 0x8000b874
core   0: 0x8000b878 (0x783f2623) sw      gp, 1932(t5)
core   0: 3 0x8000b878 (0x783f2623) mem 0x8000c000 0x00000001
core   0: 0x8000b87c (0x0000bfe5) c.j     pc - 8
core   0: 3 0x8000b87c (0xbfe5)
core   0: 0x8000b874 (0x00000f17) auipc   t5, 0x0
core   0: 3 0x8000b874 (0x00000f17) x30 0x8000b874
core   0: 0x8000b878 (0x783f2623) sw      gp, 1932(t5)
core   0: 3 0x8000b878 (0x783f2623) mem 0x8000c000 0x00000001
core   0: 0x8000b87c (0x0000bfe5) c.j     pc - 8
core   0: 3 0x8000b87c (0xbfe5)
core   0: 0x8000b874 (0x00000f17) auipc   t5, 0x0
core   0: 3 0x8000b874 (0x00000f17) x30 0x8000b874
core   0: 0x8000b878 (0x783f2623) sw      gp, 1932(t5)
core   0: 3 0x8000b878 (0x783f2623) mem 0x8000c000 0x00000001
core   0: 0x8000b87c (0x0000bfe5) c.j     pc - 8
core   0: 3 0x8000b87c (0xbfe5)
core   0: 0x8000b874 (0x00000f17) auipc   t5, 0x0
core   0: 3 0x8000b874 (0x00000f17) x30 0x8000b874
core   0: 0x8000b878 (0x783f2623) sw      gp, 1932(t5)
core   0: 3 0x8000b878 (0x783f2623) mem 0x8000c000 0x00000001
core   0: 0x8000b87c (0x0000bfe5) c.j     pc - 8
core   0: 3 0x8000b87c (0xbfe5)
core   0: 0x8000b874 (0x00000f17) auipc   t5, 0x0
core   0: 3 0x8000b874 (0x00000f17) x30 0x8000b874
core   0: 0x8000b878 (0x783f2623) sw      gp, 1932(t5)
core   0: 3 0x8000b878 (0x783f2623) mem 0x8000c000 0x00000001
core   0: 0x8000b87c (0x0000bfe5) c.j     pc - 8
core   0: 3 0x8000b87c (0xbfe5)
core   0: 0x8000b874 (0x00000f17) auipc   t5, 0x0
core   0: 3 0x8000b874 (0x00000f17) x30 0x8000b874
core   0: 0x8000b878 (0x783f2623) sw      gp, 1932(t5)
core   0: 3 0x8000b878 (0x783f2623) mem 0x8000c000 0x00000001
core   0: 0x8000b87c (0x0000bfe5) c.j     pc - 8
core   0: 3 0x8000b87c (0xbfe5)
core   0: 0x8000b874 (0x00000f17) auipc   t5, 0x0
core   0: 3 0x8000b874 (0x00000f17) x30 0x8000b874
core   0: 0x8000b878 (0x783f2623) sw      gp, 1932(t5)
core   0: 3 0x8000b878 (0x783f2623) mem 0x8000c000 0x00000001
core   0: 0x8000b87c (0x0000bfe5) c.j     pc - 8
core   0: 3 0x8000b87c (0xbfe5)
core   0: 0x8000b874 (0x00000f17) auipc   t5, 0x0
core   0: 3 0x8000b874 (0x00000f17) x30 0x8000b874
core   0: 0x8000b878 (0x783f2623) sw      gp, 1932(t5)
core   0: 3 0x8000b878 (0x783f2623) mem 0x8000c000 0x00000001
core   0: 0x8000b87c (0x0000bfe5) c.j     pc - 8
core   0: 3 0x8000b87c (0xbfe5)
core   0: 0x8000b874 (0x00000f17) auipc   t5, 0x0
core   0: 3 0x8000b874 (0x00000f17) x30 0x8000b874
core   0: 0x8000b878 (0x783f2623) sw      gp, 1932(t5)
core   0: 3 0x8000b878 (0x783f2623) mem 0x8000c000 0x00000001
core   0: 0x8000b87c (0x0000bfe5) c.j     pc - 8
core   0: 3 0x8000b87c (0xbfe5)
core   0: 0x8000b874 (0x00000f17) auipc   t5, 0x0
core   0: 3 0x8000b874 (0x00000f17) x30 0x8000b874
core   0: 0x8000b878 (0x783f2623) sw      gp, 1932(t5)
core   0: 3 0x8000b878 (0x783f2623) mem 0x8000c000 0x00000001
core   0: 0x8000b87c (0x0000bfe5) c.j     pc - 8
core   0: 3 0x8000b87c (0xbfe5)
core   0: 0x8000b874 (0x00000f17) auipc   t5, 0x0
core   0: 3 0x8000b874 (0x00000f17) x30 0x8000b874
core   0: 0x8000b878 (0x783f2623) sw      gp, 1932(t5)
core   0: 3 0x8000b878 (0x783f2623) mem 0x8000c000 0x00000001
core   0: 0x8000b87c (0x0000bfe5) c.j     pc - 8
core   0: 3 0x8000b87c (0xbfe5)
core   0: 0x8000b874 (0x00000f17) auipc   t5, 0x0
core   0: 3 0x8000b874 (0x00000f17) x30 0x8000b874
core   0: 0x8000b878 (0x783f2623) sw      gp, 1932(t5)
core   0: 3 0x8000b878 (0x783f2623) mem 0x8000c000 0x00000001
core   0: 0x8000b87c (0x0000bfe5) c.j     pc - 8
core   0: 3 0x8000b87c (0xbfe5)
core   0: 0x8000b874 (0x00000f17) auipc   t5, 0x0
core   0: 3 0x8000b874 (0x00000f17) x30 0x8000b874
core   0: 0x8000b878 (0x783f2623) sw      gp, 1932(t5)
core   0: 3 0x8000b878 (0x783f2623) mem 0x8000c000 0x00000001
core   0: 0x8000b87c (0x0000bfe5) c.j     pc - 8
core   0: 3 0x8000b87c (0xbfe5)
core   0: 0x8000b874 (0x00000f17) auipc   t5, 0x0
core   0: 3 0x8000b874 (0x00000f17) x30 0x8000b874
core   0: 0x8000b878 (0x783f2623) sw      gp, 1932(t5)
core   0: 3 0x8000b878 (0x783f2623) mem 0x8000c000 0x00000001
core   0: 0x8000b87c (0x0000bfe5) c.j     pc - 8
core   0: 3 0x8000b87c (0xbfe5)
core   0: 0x8000b874 (0x00000f17) auipc   t5, 0x0
core   0: 3 0x8000b874 (0x00000f17) x30 0x8000b874
core   0: 0x8000b878 (0x783f2623) sw      gp, 1932(t5)
core   0: 3 0x8000b878 (0x783f2623) mem 0x8000c000 0x00000001
core   0: 0x8000b87c (0x0000bfe5) c.j     pc - 8
core   0: 3 0x8000b87c (0xbfe5)
core   0: 0x8000b874 (0x00000f17) auipc   t5, 0x0
core   0: 3 0x8000b874 (0x00000f17) x30 0x8000b874
core   0: 0x8000b878 (0x783f2623) sw      gp, 1932(t5)
core   0: 3 0x8000b878 (0x783f2623) mem 0x8000c000 0x00000001
core   0: 0x8000b87c (0x0000bfe5) c.j     pc - 8
core   0: 3 0x8000b87c (0xbfe5)
core   0: 0x8000b874 (0x00000f17) auipc   t5, 0x0
core   0: 3 0x8000b874 (0x00000f17) x30 0x8000b874
core   0: 0x8000b878 (0x783f2623) sw      gp, 1932(t5)
core   0: 3 0x8000b878 (0x783f2623) mem 0x8000c000 0x00000001
core   0: 0x8000b87c (0x0000bfe5) c.j     pc - 8
core   0: 3 0x8000b87c (0xbfe5)
core   0: 0x8000b874 (0x00000f17) auipc   t5, 0x0
core   0: 3 0x8000b874 (0x00000f17) x30 0x8000b874
core   0: 0x8000b878 (0x783f2623) sw      gp, 1932(t5)
core   0: 3 0x8000b878 (0x783f2623) mem 0x8000c000 0x00000001
core   0: 0x8000b87c (0x0000bfe5) c.j     pc - 8
core   0: 3 0x8000b87c (0xbfe5)
core   0: 0x8000b874 (0x00000f17) auipc   t5, 0x0
core   0: 3 0x8000b874 (0x00000f17) x30 0x8000b874
core   0: 0x8000b878 (0x783f2623) sw      gp, 1932(t5)
core   0: 3 0x8000b878 (0x783f2623) mem 0x8000c000 0x00000001
core   0: 0x8000b87c (0x0000bfe5) c.j     pc - 8
core   0: 3 0x8000b87c (0xbfe5)
core   0: 0x8000b874 (0x00000f17) auipc   t5, 0x0
core   0: 3 0x8000b874 (0x00000f17) x30 0x8000b874
core   0: 0x8000b878 (0x783f2623) sw      gp, 1932(t5)
core   0: 3 0x8000b878 (0x783f2623) mem 0x8000c000 0x00000001
core   0: 0x8000b87c (0x0000bfe5) c.j     pc - 8
core   0: 3 0x8000b87c (0xbfe5)
core   0: 0x8000b874 (0x00000f17) auipc   t5, 0x0
core   0: 3 0x8000b874 (0x00000f17) x30 0x8000b874
core   0: 0x8000b878 (0x783f2623) sw      gp, 1932(t5)
core   0: 3 0x8000b878 (0x783f2623) mem 0x8000c000 0x00000001
core   0: 0x8000b87c (0x0000bfe5) c.j     pc - 8
core   0: 3 0x8000b87c (0xbfe5)
core   0: 0x8000b874 (0x00000f17) auipc   t5, 0x0
core   0: 3 0x8000b874 (0x00000f17) x30 0x8000b874
core   0: 0x8000b878 (0x783f2623) sw      gp, 1932(t5)
core   0: 3 0x8000b878 (0x783f2623) mem 0x8000c000 0x00000001
core   0: 0x8000b87c (0x0000bfe5) c.j     pc - 8
core   0: 3 0x8000b87c (0xbfe5)
core   0: 0x8000b874 (0x00000f17) auipc   t5, 0x0
core   0: 3 0x8000b874 (0x00000f17) x30 0x8000b874
core   0: 0x8000b878 (0x783f2623) sw      gp, 1932(t5)
core   0: 3 0x8000b878 (0x783f2623) mem 0x8000c000 0x00000001
core   0: 0x8000b87c (0x0000bfe5) c.j     pc - 8
core   0: 3 0x8000b87c (0xbfe5)
core   0: 0x8000b874 (0x00000f17) auipc   t5, 0x0
core   0: 3 0x8000b874 (0x00000f17) x30 0x8000b874
core   0: 0x8000b878 (0x783f2623) sw      gp, 1932(t5)
core   0: 3 0x8000b878 (0x783f2623) mem 0x8000c000 0x00000001
core   0: 0x8000b87c (0x0000bfe5) c.j     pc - 8
core   0: 3 0x8000b87c (0xbfe5)
core   0: 0x8000b874 (0x00000f17) auipc   t5, 0x0
core   0: 3 0x8000b874 (0x00000f17) x30 0x8000b874
core   0: 0x8000b878 (0x783f2623) sw      gp, 1932(t5)
core   0: 3 0x8000b878 (0x783f2623) mem 0x8000c000 0x00000001
core   0: 0x8000b87c (0x0000bfe5) c.j     pc - 8
core   0: 3 0x8000b87c (0xbfe5)
core   0: 0x8000b874 (0x00000f17) auipc   t5, 0x0
core   0: 3 0x8000b874 (0x00000f17) x30 0x8000b874
core   0: 0x8000b878 (0x783f2623) sw      gp, 1932(t5)
core   0: 3 0x8000b878 (0x783f2623) mem 0x8000c000 0x00000001
core   0: 0x8000b87c (0x0000bfe5) c.j     pc - 8
core   0: 3 0x8000b87c (0xbfe5)
core   0: 0x8000b874 (0x00000f17) auipc   t5, 0x0
core   0: 3 0x8000b874 (0x00000f17) x30 0x8000b874
core   0: 0x8000b878 (0x783f2623) sw      gp, 1932(t5)
core   0: 3 0x8000b878 (0x783f2623) mem 0x8000c000 0x00000001
core   0: 0x8000b87c (0x0000bfe5) c.j     pc - 8
core   0: 3 0x8000b87c (0xbfe5)
core   0: 0x8000b874 (0x00000f17) auipc   t5, 0x0
core   0: 3 0x8000b874 (0x00000f17) x30 0x8000b874
core   0: 0x8000b878 (0x783f2623) sw      gp, 1932(t5)
core   0: 3 0x8000b878 (0x783f2623) mem 0x8000c000 0x00000001
core   0: 0x8000b87c (0x0000bfe5) c.j     pc - 8
core   0: 3 0x8000b87c (0xbfe5)
core   0: 0x8000b874 (0x00000f17) auipc   t5, 0x0
core   0: 3 0x8000b874 (0x00000f17) x30 0x8000b874
core   0: 0x8000b878 (0x783f2623) sw      gp, 1932(t5)
core   0: 3 0x8000b878 (0x783f2623) mem 0x8000c000 0x00000001
core   0: 0x8000b87c (0x0000bfe5) c.j     pc - 8
core   0: 3 0x8000b87c (0xbfe5)
core   0: 0x8000b874 (0x00000f17) auipc   t5, 0x0
core   0: 3 0x8000b874 (0x00000f17) x30 0x8000b874
core   0: 0x8000b878 (0x783f2623) sw      gp, 1932(t5)
core   0: 3 0x8000b878 (0x783f2623) mem 0x8000c000 0x00000001
core   0: 0x8000b87c (0x0000bfe5) c.j     pc - 8
core   0: 3 0x8000b87c (0xbfe5)
core   0: 0x8000b874 (0x00000f17) auipc   t5, 0x0
core   0: 3 0x8000b874 (0x00000f17) x30 0x8000b874
core   0: 0x8000b878 (0x783f2623) sw      gp, 1932(t5)
core   0: 3 0x8000b878 (0x783f2623) mem 0x8000c000 0x00000001
core   0: 0x8000b87c (0x0000bfe5) c.j     pc - 8
core   0: 3 0x8000b87c (0xbfe5)
core   0: 0x8000b874 (0x00000f17) auipc   t5, 0x0
core   0: 3 0x8000b874 (0x00000f17) x30 0x8000b874
core   0: 0x8000b878 (0x783f2623) sw      gp, 1932(t5)
core   0: 3 0x8000b878 (0x783f2623) mem 0x8000c000 0x00000001
core   0: 0x8000b87c (0x0000bfe5) c.j     pc - 8
core   0: 3 0x8000b87c (0xbfe5)
core   0: 0x8000b874 (0x00000f17) auipc   t5, 0x0
core   0: 3 0x8000b874 (0x00000f17) x30 0x8000b874
core   0: 0x8000b878 (0x783f2623) sw      gp, 1932(t5)
core   0: 3 0x8000b878 (0x783f2623) mem 0x8000c000 0x00000001
core   0: 0x8000b87c (0x0000bfe5) c.j     pc - 8
core   0: 3 0x8000b87c (0xbfe5)
core   0: 0x8000b874 (0x00000f17) auipc   t5, 0x0
core   0: 3 0x8000b874 (0x00000f17) x30 0x8000b874
core   0: 0x8000b878 (0x783f2623) sw      gp, 1932(t5)
core   0: 3 0x8000b878 (0x783f2623) mem 0x8000c000 0x00000001
core   0: 0x8000b87c (0x0000bfe5) c.j     pc - 8
core   0: 3 0x8000b87c (0xbfe5)
core   0: 0x8000b874 (0x00000f17) auipc   t5, 0x0
core   0: 3 0x8000b874 (0x00000f17) x30 0x8000b874
core   0: 0x8000b878 (0x783f2623) sw      gp, 1932(t5)
core   0: 3 0x8000b878 (0x783f2623) mem 0x8000c000 0x00000001
core   0: 0x8000b87c (0x0000bfe5) c.j     pc - 8
core   0: 3 0x8000b87c (0xbfe5)
core   0: 0x8000b874 (0x00000f17) auipc   t5, 0x0
core   0: 3 0x8000b874 (0x00000f17) x30 0x8000b874
core   0: 0x8000b878 (0x783f2623) sw      gp, 1932(t5)
core   0: 3 0x8000b878 (0x783f2623) mem 0x8000c000 0x00000001
core   0: 0x8000b87c (0x0000bfe5) c.j     pc - 8
core   0: 3 0x8000b87c (0xbfe5)
core   0: 0x8000b874 (0x00000f17) auipc   t5, 0x0
core   0: 3 0x8000b874 (0x00000f17) x30 0x8000b874
core   0: 0x8000b878 (0x783f2623) sw      gp, 1932(t5)
core   0: 3 0x8000b878 (0x783f2623) mem 0x8000c000 0x00000001
core   0: 0x8000b87c (0x0000bfe5) c.j     pc - 8
core   0: 3 0x8000b87c (0xbfe5)
core   0: 0x8000b874 (0x00000f17) auipc   t5, 0x0
core   0: 3 0x8000b874 (0x00000f17) x30 0x8000b874
core   0: 0x8000b878 (0x783f2623) sw      gp, 1932(t5)
core   0: 3 0x8000b878 (0x783f2623) mem 0x8000c000 0x00000001
core   0: 0x8000b87c (0x0000bfe5) c.j     pc - 8
core   0: 3 0x8000b87c (0xbfe5)
core   0: 0x8000b874 (0x00000f17) auipc   t5, 0x0
core   0: 3 0x8000b874 (0x00000f17) x30 0x8000b874
core   0: 0x8000b878 (0x783f2623) sw      gp, 1932(t5)
core   0: 3 0x8000b878 (0x783f2623) mem 0x8000c000 0x00000001
core   0: 0x8000b87c (0x0000bfe5) c.j     pc - 8
core   0: 3 0x8000b87c (0xbfe5)
core   0: 0x8000b874 (0x00000f17) auipc   t5, 0x0
core   0: 3 0x8000b874 (0x00000f17) x30 0x8000b874
core   0: 0x8000b878 (0x783f2623) sw      gp, 1932(t5)
core   0: 3 0x8000b878 (0x783f2623) mem 0x8000c000 0x00000001
core   0: 0x8000b87c (0x0000bfe5) c.j     pc - 8
core   0: 3 0x8000b87c (0xbfe5)
core   0: 0x8000b874 (0x00000f17) auipc   t5, 0x0
core   0: 3 0x8000b874 (0x00000f17) x30 0x8000b874
core   0: 0x8000b878 (0x783f2623) sw      gp, 1932(t5)
core   0: 3 0x8000b878 (0x783f2623) mem 0x8000c000 0x00000001
core   0: 0x8000b87c (0x0000bfe5) c.j     pc - 8
core   0: 3 0x8000b87c (0xbfe5)
core   0: 0x8000b874 (0x00000f17) auipc   t5, 0x0
core   0: 3 0x8000b874 (0x00000f17) x30 0x8000b874
core   0: 0x8000b878 (0x783f2623) sw      gp, 1932(t5)
core   0: 3 0x8000b878 (0x783f2623) mem 0x8000c000 0x00000001
core   0: 0x8000b87c (0x0000bfe5) c.j     pc - 8
core   0: 3 0x8000b87c (0xbfe5)
core   0: 0x8000b874 (0x00000f17) auipc   t5, 0x0
core   0: 3 0x8000b874 (0x00000f17) x30 0x8000b874
core   0: 0x8000b878 (0x783f2623) sw      gp, 1932(t5)
core   0: 3 0x8000b878 (0x783f2623) mem 0x8000c000 0x00000001
core   0: 0x8000b87c (0x0000bfe5) c.j     pc - 8
core   0: 3 0x8000b87c (0xbfe5)
core   0: 0x8000b874 (0x00000f17) auipc   t5, 0x0
core   0: 3 0x8000b874 (0x00000f17) x30 0x8000b874
core   0: 0x8000b878 (0x783f2623) sw      gp, 1932(t5)
core   0: 3 0x8000b878 (0x783f2623) mem 0x8000c000 0x00000001
core   0: 0x8000b87c (0x0000bfe5) c.j     pc - 8
core   0: 3 0x8000b87c (0xbfe5)
core   0: 0x8000b874 (0x00000f17) auipc   t5, 0x0
core   0: 3 0x8000b874 (0x00000f17) x30 0x8000b874
core   0: 0x8000b878 (0x783f2623) sw      gp, 1932(t5)
core   0: 3 0x8000b878 (0x783f2623) mem 0x8000c000 0x00000001
core   0: 0x8000b87c (0x0000bfe5) c.j     pc - 8
core   0: 3 0x8000b87c (0xbfe5)
core   0: 0x8000b874 (0x00000f17) auipc   t5, 0x0
core   0: 3 0x8000b874 (0x00000f17) x30 0x8000b874
core   0: 0x8000b878 (0x783f2623) sw      gp, 1932(t5)
core   0: 3 0x8000b878 (0x783f2623) mem 0x8000c000 0x00000001
core   0: 0x8000b87c (0x0000bfe5) c.j     pc - 8
core   0: 3 0x8000b87c (0xbfe5)
core   0: 0x8000b874 (0x00000f17) auipc   t5, 0x0
core   0: 3 0x8000b874 (0x00000f17) x30 0x8000b874
core   0: 0x8000b878 (0x783f2623) sw      gp, 1932(t5)
core   0: 3 0x8000b878 (0x783f2623) mem 0x8000c000 0x00000001
core   0: 0x8000b87c (0x0000bfe5) c.j     pc - 8
core   0: 3 0x8000b87c (0xbfe5)
core   0: 0x8000b874 (0x00000f17) auipc   t5, 0x0
core   0: 3 0x8000b874 (0x00000f17) x30 0x8000b874
core   0: 0x8000b878 (0x783f2623) sw      gp, 1932(t5)
core   0: 3 0x8000b878 (0x783f2623) mem 0x8000c000 0x00000001
core   0: 0x8000b87c (0x0000bfe5) c.j     pc - 8
core   0: 3 0x8000b87c (0xbfe5)
core   0: 0x8000b874 (0x00000f17) auipc   t5, 0x0
core   0: 3 0x8000b874 (0x00000f17) x30 0x8000b874
core   0: 0x8000b878 (0x783f2623) sw      gp, 1932(t5)
core   0: 3 0x8000b878 (0x783f2623) mem 0x8000c000 0x00000001
core   0: 0x8000b87c (0x0000bfe5) c.j     pc - 8
core   0: 3 0x8000b87c (0xbfe5)
core   0: 0x8000b874 (0x00000f17) auipc   t5, 0x0
core   0: 3 0x8000b874 (0x00000f17) x30 0x8000b874
core   0: 0x8000b878 (0x783f2623) sw      gp, 1932(t5)
core   0: 3 0x8000b878 (0x783f2623) mem 0x8000c000 0x00000001
core   0: 0x8000b87c (0x0000bfe5) c.j     pc - 8
core   0: 3 0x8000b87c (0xbfe5)
core   0: 0x8000b874 (0x00000f17) auipc   t5, 0x0
core   0: 3 0x8000b874 (0x00000f17) x30 0x8000b874
core   0: 0x8000b878 (0x783f2623) sw      gp, 1932(t5)
core   0: 3 0x8000b878 (0x783f2623) mem 0x8000c000 0x00000001
core   0: 0x8000b87c (0x0000bfe5) c.j     pc - 8
core   0: 3 0x8000b87c (0xbfe5)
core   0: 0x8000b874 (0x00000f17) auipc   t5, 0x0
core   0: 3 0x8000b874 (0x00000f17) x30 0x8000b874
core   0: 0x8000b878 (0x783f2623) sw      gp, 1932(t5)
core   0: 3 0x8000b878 (0x783f2623) mem 0x8000c000 0x00000001
core   0: 0x8000b87c (0x0000bfe5) c.j     pc - 8
core   0: 3 0x8000b87c (0xbfe5)
core   0: 0x8000b874 (0x00000f17) auipc   t5, 0x0
core   0: 3 0x8000b874 (0x00000f17) x30 0x8000b874
core   0: 0x8000b878 (0x783f2623) sw      gp, 1932(t5)
core   0: 3 0x8000b878 (0x783f2623) mem 0x8000c000 0x00000001
core   0: 0x8000b87c (0x0000bfe5) c.j     pc - 8
core   0: 3 0x8000b87c (0xbfe5)
core   0: 0x8000b874 (0x00000f17) auipc   t5, 0x0
core   0: 3 0x8000b874 (0x00000f17) x30 0x8000b874
core   0: 0x8000b878 (0x783f2623) sw      gp, 1932(t5)
core   0: 3 0x8000b878 (0x783f2623) mem 0x8000c000 0x00000001
core   0: 0x8000b87c (0x0000bfe5) c.j     pc - 8
core   0: 3 0x8000b87c (0xbfe5)
core   0: 0x8000b874 (0x00000f17) auipc   t5, 0x0
core   0: 3 0x8000b874 (0x00000f17) x30 0x8000b874
core   0: 0x8000b878 (0x783f2623) sw      gp, 1932(t5)
core   0: 3 0x8000b878 (0x783f2623) mem 0x8000c000 0x00000001
core   0: 0x8000b87c (0x0000bfe5) c.j     pc - 8
core   0: 3 0x8000b87c (0xbfe5)
core   0: 0x8000b874 (0x00000f17) auipc   t5, 0x0
core   0: 3 0x8000b874 (0x00000f17) x30 0x8000b874
core   0: 0x8000b878 (0x783f2623) sw      gp, 1932(t5)
core   0: 3 0x8000b878 (0x783f2623) mem 0x8000c000 0x00000001
core   0: 0x8000b87c (0x0000bfe5) c.j     pc - 8
core   0: 3 0x8000b87c (0xbfe5)
core   0: 0x8000b874 (0x00000f17) auipc   t5, 0x0
core   0: 3 0x8000b874 (0x00000f17) x30 0x8000b874
core   0: 0x8000b878 (0x783f2623) sw      gp, 1932(t5)
core   0: 3 0x8000b878 (0x783f2623) mem 0x8000c000 0x00000001
core   0: 0x8000b87c (0x0000bfe5) c.j     pc - 8
core   0: 3 0x8000b87c (0xbfe5)
core   0: 0x8000b874 (0x00000f17) auipc   t5, 0x0
core   0: 3 0x8000b874 (0x00000f17) x30 0x8000b874
core   0: 0x8000b878 (0x783f2623) sw      gp, 1932(t5)
core   0: 3 0x8000b878 (0x783f2623) mem 0x8000c000 0x00000001
core   0: 0x8000b87c (0x0000bfe5) c.j     pc - 8
core   0: 3 0x8000b87c (0xbfe5)
core   0: 0x8000b874 (0x00000f17) auipc   t5, 0x0
core   0: 3 0x8000b874 (0x00000f17) x30 0x8000b874
core   0: 0x8000b878 (0x783f2623) sw      gp, 1932(t5)
core   0: 3 0x8000b878 (0x783f2623) mem 0x8000c000 0x00000001
core   0: 0x8000b87c (0x0000bfe5) c.j     pc - 8
core   0: 3 0x8000b87c (0xbfe5)
core   0: 0x8000b874 (0x00000f17) auipc   t5, 0x0
core   0: 3 0x8000b874 (0x00000f17) x30 0x8000b874
core   0: 0x8000b878 (0x783f2623) sw      gp, 1932(t5)
core   0: 3 0x8000b878 (0x783f2623) mem 0x8000c000 0x00000001
core   0: 0x8000b87c (0x0000bfe5) c.j     pc - 8
core   0: 3 0x8000b87c (0xbfe5)
core   0: 0x8000b874 (0x00000f17) auipc   t5, 0x0
core   0: 3 0x8000b874 (0x00000f17) x30 0x8000b874
core   0: 0x8000b878 (0x783f2623) sw      gp, 1932(t5)
core   0: 3 0x8000b878 (0x783f2623) mem 0x8000c000 0x00000001
core   0: 0x8000b87c (0x0000bfe5) c.j     pc - 8
core   0: 3 0x8000b87c (0xbfe5)
core   0: 0x8000b874 (0x00000f17) auipc   t5, 0x0
core   0: 3 0x8000b874 (0x00000f17) x30 0x8000b874
core   0: 0x8000b878 (0x783f2623) sw      gp, 1932(t5)
core   0: 3 0x8000b878 (0x783f2623) mem 0x8000c000 0x00000001
core   0: 0x8000b87c (0x0000bfe5) c.j     pc - 8
core   0: 3 0x8000b87c (0xbfe5)
core   0: 0x8000b874 (0x00000f17) auipc   t5, 0x0
core   0: 3 0x8000b874 (0x00000f17) x30 0x8000b874
core   0: 0x8000b878 (0x783f2623) sw      gp, 1932(t5)
core   0: 3 0x8000b878 (0x783f2623) mem 0x8000c000 0x00000001
core   0: 0x8000b87c (0x0000bfe5) c.j     pc - 8
core   0: 3 0x8000b87c (0xbfe5)
core   0: 0x8000b874 (0x00000f17) auipc   t5, 0x0
core   0: 3 0x8000b874 (0x00000f17) x30 0x8000b874
core   0: 0x8000b878 (0x783f2623) sw      gp, 1932(t5)
core   0: 3 0x8000b878 (0x783f2623) mem 0x8000c000 0x00000001
core   0: 0x8000b87c (0x0000bfe5) c.j     pc - 8
core   0: 3 0x8000b87c (0xbfe5)
core   0: 0x8000b874 (0x00000f17) auipc   t5, 0x0
core   0: 3 0x8000b874 (0x00000f17) x30 0x8000b874
core   0: 0x8000b878 (0x783f2623) sw      gp, 1932(t5)
core   0: 3 0x8000b878 (0x783f2623) mem 0x8000c000 0x00000001
core   0: 0x8000b87c (0x0000bfe5) c.j     pc - 8
core   0: 3 0x8000b87c (0xbfe5)
core   0: 0x8000b874 (0x00000f17) auipc   t5, 0x0
core   0: 3 0x8000b874 (0x00000f17) x30 0x8000b874
core   0: 0x8000b878 (0x783f2623) sw      gp, 1932(t5)
core   0: 3 0x8000b878 (0x783f2623) mem 0x8000c000 0x00000001
core   0: 0x8000b87c (0x0000bfe5) c.j     pc - 8
core   0: 3 0x8000b87c (0xbfe5)
core   0: 0x8000b874 (0x00000f17) auipc   t5, 0x0
core   0: 3 0x8000b874 (0x00000f17) x30 0x8000b874
core   0: 0x8000b878 (0x783f2623) sw      gp, 1932(t5)
core   0: 3 0x8000b878 (0x783f2623) mem 0x8000c000 0x00000001
core   0: 0x8000b87c (0x0000bfe5) c.j     pc - 8
core   0: 3 0x8000b87c (0xbfe5)
core   0: 0x8000b874 (0x00000f17) auipc   t5, 0x0
core   0: 3 0x8000b874 (0x00000f17) x30 0x8000b874
core   0: 0x8000b878 (0x783f2623) sw      gp, 1932(t5)
core   0: 3 0x8000b878 (0x783f2623) mem 0x8000c000 0x00000001
core   0: 0x8000b87c (0x0000bfe5) c.j     pc - 8
core   0: 3 0x8000b87c (0xbfe5)
core   0: 0x8000b874 (0x00000f17) auipc   t5, 0x0
core   0: 3 0x8000b874 (0x00000f17) x30 0x8000b874
core   0: 0x8000b878 (0x783f2623) sw      gp, 1932(t5)
core   0: 3 0x8000b878 (0x783f2623) mem 0x8000c000 0x00000001
core   0: 0x8000b87c (0x0000bfe5) c.j     pc - 8
core   0: 3 0x8000b87c (0xbfe5)
core   0: 0x8000b874 (0x00000f17) auipc   t5, 0x0
core   0: 3 0x8000b874 (0x00000f17) x30 0x8000b874
core   0: 0x8000b878 (0x783f2623) sw      gp, 1932(t5)
core   0: 3 0x8000b878 (0x783f2623) mem 0x8000c000 0x00000001
core   0: 0x8000b87c (0x0000bfe5) c.j     pc - 8
core   0: 3 0x8000b87c (0xbfe5)
core   0: 0x8000b874 (0x00000f17) auipc   t5, 0x0
core   0: 3 0x8000b874 (0x00000f17) x30 0x8000b874
core   0: 0x8000b878 (0x783f2623) sw      gp, 1932(t5)
core   0: 3 0x8000b878 (0x783f2623) mem 0x8000c000 0x00000001
core   0: 0x8000b87c (0x0000bfe5) c.j     pc - 8
core   0: 3 0x8000b87c (0xbfe5)
core   0: 0x8000b874 (0x00000f17) auipc   t5, 0x0
core   0: 3 0x8000b874 (0x00000f17) x30 0x8000b874
core   0: 0x8000b878 (0x783f2623) sw      gp, 1932(t5)
core   0: 3 0x8000b878 (0x783f2623) mem 0x8000c000 0x00000001
core   0: 0x8000b87c (0x0000bfe5) c.j     pc - 8
core   0: 3 0x8000b87c (0xbfe5)
core   0: 0x8000b874 (0x00000f17) auipc   t5, 0x0
core   0: 3 0x8000b874 (0x00000f17) x30 0x8000b874
core   0: 0x8000b878 (0x783f2623) sw      gp, 1932(t5)
core   0: 3 0x8000b878 (0x783f2623) mem 0x8000c000 0x00000001
core   0: 0x8000b87c (0x0000bfe5) c.j     pc - 8
core   0: 3 0x8000b87c (0xbfe5)
core   0: 0x8000b874 (0x00000f17) auipc   t5, 0x0
core   0: 3 0x8000b874 (0x00000f17) x30 0x8000b874
core   0: 0x8000b878 (0x783f2623) sw      gp, 1932(t5)
core   0: 3 0x8000b878 (0x783f2623) mem 0x8000c000 0x00000001
core   0: 0x8000b87c (0x0000bfe5) c.j     pc - 8
core   0: 3 0x8000b87c (0xbfe5)
core   0: 0x8000b874 (0x00000f17) auipc   t5, 0x0
core   0: 3 0x8000b874 (0x00000f17) x30 0x8000b874
core   0: 0x8000b878 (0x783f2623) sw      gp, 1932(t5)
core   0: 3 0x8000b878 (0x783f2623) mem 0x8000c000 0x00000001
core   0: 0x8000b87c (0x0000bfe5) c.j     pc - 8
core   0: 3 0x8000b87c (0xbfe5)
core   0: 0x8000b874 (0x00000f17) auipc   t5, 0x0
core   0: 3 0x8000b874 (0x00000f17) x30 0x8000b874
core   0: 0x8000b878 (0x783f2623) sw      gp, 1932(t5)
core   0: 3 0x8000b878 (0x783f2623) mem 0x8000c000 0x00000001
core   0: 0x8000b87c (0x0000bfe5) c.j     pc - 8
core   0: 3 0x8000b87c (0xbfe5)
core   0: 0x8000b874 (0x00000f17) auipc   t5, 0x0
core   0: 3 0x8000b874 (0x00000f17) x30 0x8000b874
core   0: 0x8000b878 (0x783f2623) sw      gp, 1932(t5)
core   0: 3 0x8000b878 (0x783f2623) mem 0x8000c000 0x00000001
core   0: 0x8000b87c (0x0000bfe5) c.j     pc - 8
core   0: 3 0x8000b87c (0xbfe5)
core   0: 0x8000b874 (0x00000f17) auipc   t5, 0x0
core   0: 3 0x8000b874 (0x00000f17) x30 0x8000b874
core   0: 0x8000b878 (0x783f2623) sw      gp, 1932(t5)
core   0: 3 0x8000b878 (0x783f2623) mem 0x8000c000 0x00000001
core   0: 0x8000b87c (0x0000bfe5) c.j     pc - 8
core   0: 3 0x8000b87c (0xbfe5)
core   0: 0x8000b874 (0x00000f17) auipc   t5, 0x0
core   0: 3 0x8000b874 (0x00000f17) x30 0x8000b874
core   0: 0x8000b878 (0x783f2623) sw      gp, 1932(t5)
core   0: 3 0x8000b878 (0x783f2623) mem 0x8000c000 0x00000001
core   0: 0x8000b87c (0x0000bfe5) c.j     pc - 8
core   0: 3 0x8000b87c (0xbfe5)
core   0: 0x8000b874 (0x00000f17) auipc   t5, 0x0
core   0: 3 0x8000b874 (0x00000f17) x30 0x8000b874
core   0: 0x8000b878 (0x783f2623) sw      gp, 1932(t5)
core   0: 3 0x8000b878 (0x783f2623) mem 0x8000c000 0x00000001
core   0: 0x8000b87c (0x0000bfe5) c.j     pc - 8
core   0: 3 0x8000b87c (0xbfe5)
core   0: 0x8000b874 (0x00000f17) auipc   t5, 0x0
core   0: 3 0x8000b874 (0x00000f17) x30 0x8000b874
core   0: 0x8000b878 (0x783f2623) sw      gp, 1932(t5)
core   0: 3 0x8000b878 (0x783f2623) mem 0x8000c000 0x00000001
core   0: 0x8000b87c (0x0000bfe5) c.j     pc - 8
core   0: 3 0x8000b87c (0xbfe5)
core   0: 0x8000b874 (0x00000f17) auipc   t5, 0x0
core   0: 3 0x8000b874 (0x00000f17) x30 0x8000b874
core   0: 0x8000b878 (0x783f2623) sw      gp, 1932(t5)
core   0: 3 0x8000b878 (0x783f2623) mem 0x8000c000 0x00000001
core   0: 0x8000b87c (0x0000bfe5) c.j     pc - 8
core   0: 3 0x8000b87c (0xbfe5)
core   0: 0x8000b874 (0x00000f17) auipc   t5, 0x0
core   0: 3 0x8000b874 (0x00000f17) x30 0x8000b874
core   0: 0x8000b878 (0x783f2623) sw      gp, 1932(t5)
core   0: 3 0x8000b878 (0x783f2623) mem 0x8000c000 0x00000001
core   0: 0x8000b87c (0x0000bfe5) c.j     pc - 8
core   0: 3 0x8000b87c (0xbfe5)
core   0: 0x8000b874 (0x00000f17) auipc   t5, 0x0
core   0: 3 0x8000b874 (0x00000f17) x30 0x8000b874
core   0: 0x8000b878 (0x783f2623) sw      gp, 1932(t5)
core   0: 3 0x8000b878 (0x783f2623) mem 0x8000c000 0x00000001
core   0: 0x8000b87c (0x0000bfe5) c.j     pc - 8
core   0: 3 0x8000b87c (0xbfe5)
core   0: 0x8000b874 (0x00000f17) auipc   t5, 0x0
core   0: 3 0x8000b874 (0x00000f17) x30 0x8000b874
core   0: 0x8000b878 (0x783f2623) sw      gp, 1932(t5)
core   0: 3 0x8000b878 (0x783f2623) mem 0x8000c000 0x00000001
core   0: 0x8000b87c (0x0000bfe5) c.j     pc - 8
core   0: 3 0x8000b87c (0xbfe5)
core   0: 0x8000b874 (0x00000f17) auipc   t5, 0x0
core   0: 3 0x8000b874 (0x00000f17) x30 0x8000b874
core   0: 0x8000b878 (0x783f2623) sw      gp, 1932(t5)
core   0: 3 0x8000b878 (0x783f2623) mem 0x8000c000 0x00000001
core   0: 0x8000b87c (0x0000bfe5) c.j     pc - 8
core   0: 3 0x8000b87c (0xbfe5)
core   0: 0x8000b874 (0x00000f17) auipc   t5, 0x0
core   0: 3 0x8000b874 (0x00000f17) x30 0x8000b874
core   0: 0x8000b878 (0x783f2623) sw      gp, 1932(t5)
core   0: 3 0x8000b878 (0x783f2623) mem 0x8000c000 0x00000001
core   0: 0x8000b87c (0x0000bfe5) c.j     pc - 8
core   0: 3 0x8000b87c (0xbfe5)
core   0: 0x8000b874 (0x00000f17) auipc   t5, 0x0
core   0: 3 0x8000b874 (0x00000f17) x30 0x8000b874
core   0: 0x8000b878 (0x783f2623) sw      gp, 1932(t5)
core   0: 3 0x8000b878 (0x783f2623) mem 0x8000c000 0x00000001
core   0: 0x8000b87c (0x0000bfe5) c.j     pc - 8
core   0: 3 0x8000b87c (0xbfe5)
core   0: 0x8000b874 (0x00000f17) auipc   t5, 0x0
core   0: 3 0x8000b874 (0x00000f17) x30 0x8000b874
core   0: 0x8000b878 (0x783f2623) sw      gp, 1932(t5)
core   0: 3 0x8000b878 (0x783f2623) mem 0x8000c000 0x00000001
core   0: 0x8000b87c (0x0000bfe5) c.j     pc - 8
core   0: 3 0x8000b87c (0xbfe5)
core   0: 0x8000b874 (0x00000f17) auipc   t5, 0x0
core   0: 3 0x8000b874 (0x00000f17) x30 0x8000b874
core   0: 0x8000b878 (0x783f2623) sw      gp, 1932(t5)
core   0: 3 0x8000b878 (0x783f2623) mem 0x8000c000 0x00000001
core   0: 0x8000b87c (0x0000bfe5) c.j     pc - 8
core   0: 3 0x8000b87c (0xbfe5)
core   0: 0x8000b874 (0x00000f17) auipc   t5, 0x0
core   0: 3 0x8000b874 (0x00000f17) x30 0x8000b874
core   0: 0x8000b878 (0x783f2623) sw      gp, 1932(t5)
core   0: 3 0x8000b878 (0x783f2623) mem 0x8000c000 0x00000001
core   0: 0x8000b87c (0x0000bfe5) c.j     pc - 8
core   0: 3 0x8000b87c (0xbfe5)
core   0: 0x8000b874 (0x00000f17) auipc   t5, 0x0
core   0: 3 0x8000b874 (0x00000f17) x30 0x8000b874
core   0: 0x8000b878 (0x783f2623) sw      gp, 1932(t5)
core   0: 3 0x8000b878 (0x783f2623) mem 0x8000c000 0x00000001
core   0: 0x8000b87c (0x0000bfe5) c.j     pc - 8
core   0: 3 0x8000b87c (0xbfe5)
core   0: 0x8000b874 (0x00000f17) auipc   t5, 0x0
core   0: 3 0x8000b874 (0x00000f17) x30 0x8000b874
core   0: 0x8000b878 (0x783f2623) sw      gp, 1932(t5)
core   0: 3 0x8000b878 (0x783f2623) mem 0x8000c000 0x00000001
core   0: 0x8000b87c (0x0000bfe5) c.j     pc - 8
core   0: 3 0x8000b87c (0xbfe5)
core   0: 0x8000b874 (0x00000f17) auipc   t5, 0x0
core   0: 3 0x8000b874 (0x00000f17) x30 0x8000b874
core   0: 0x8000b878 (0x783f2623) sw      gp, 1932(t5)
core   0: 3 0x8000b878 (0x783f2623) mem 0x8000c000 0x00000001
core   0: 0x8000b87c (0x0000bfe5) c.j     pc - 8
core   0: 3 0x8000b87c (0xbfe5)
core   0: 0x8000b874 (0x00000f17) auipc   t5, 0x0
core   0: 3 0x8000b874 (0x00000f17) x30 0x8000b874
core   0: 0x8000b878 (0x783f2623) sw      gp, 1932(t5)
core   0: 3 0x8000b878 (0x783f2623) mem 0x8000c000 0x00000001
core   0: 0x8000b87c (0x0000bfe5) c.j     pc - 8
core   0: 3 0x8000b87c (0xbfe5)
core   0: 0x8000b874 (0x00000f17) auipc   t5, 0x0
core   0: 3 0x8000b874 (0x00000f17) x30 0x8000b874
core   0: 0x8000b878 (0x783f2623) sw      gp, 1932(t5)
core   0: 3 0x8000b878 (0x783f2623) mem 0x8000c000 0x00000001
core   0: 0x8000b87c (0x0000bfe5) c.j     pc - 8
core   0: 3 0x8000b87c (0xbfe5)
core   0: 0x8000b874 (0x00000f17) auipc   t5, 0x0
core   0: 3 0x8000b874 (0x00000f17) x30 0x8000b874
core   0: 0x8000b878 (0x783f2623) sw      gp, 1932(t5)
core   0: 3 0x8000b878 (0x783f2623) mem 0x8000c000 0x00000001
core   0: 0x8000b87c (0x0000bfe5) c.j     pc - 8
core   0: 3 0x8000b87c (0xbfe5)
core   0: 0x8000b874 (0x00000f17) auipc   t5, 0x0
core   0: 3 0x8000b874 (0x00000f17) x30 0x8000b874
core   0: 0x8000b878 (0x783f2623) sw      gp, 1932(t5)
core   0: 3 0x8000b878 (0x783f2623) mem 0x8000c000 0x00000001
core   0: 0x8000b87c (0x0000bfe5) c.j     pc - 8
core   0: 3 0x8000b87c (0xbfe5)
core   0: 0x8000b874 (0x00000f17) auipc   t5, 0x0
core   0: 3 0x8000b874 (0x00000f17) x30 0x8000b874
core   0: 0x8000b878 (0x783f2623) sw      gp, 1932(t5)
core   0: 3 0x8000b878 (0x783f2623) mem 0x8000c000 0x00000001
core   0: 0x8000b87c (0x0000bfe5) c.j     pc - 8
core   0: 3 0x8000b87c (0xbfe5)
core   0: 0x8000b874 (0x00000f17) auipc   t5, 0x0
core   0: 3 0x8000b874 (0x00000f17) x30 0x8000b874
core   0: 0x8000b878 (0x783f2623) sw      gp, 1932(t5)
core   0: 3 0x8000b878 (0x783f2623) mem 0x8000c000 0x00000001
core   0: 0x8000b87c (0x0000bfe5) c.j     pc - 8
core   0: 3 0x8000b87c (0xbfe5)
core   0: 0x8000b874 (0x00000f17) auipc   t5, 0x0
core   0: 3 0x8000b874 (0x00000f17) x30 0x8000b874
core   0: 0x8000b878 (0x783f2623) sw      gp, 1932(t5)
core   0: 3 0x8000b878 (0x783f2623) mem 0x8000c000 0x00000001
core   0: 0x8000b87c (0x0000bfe5) c.j     pc - 8
core   0: 3 0x8000b87c (0xbfe5)
core   0: 0x8000b874 (0x00000f17) auipc   t5, 0x0
core   0: 3 0x8000b874 (0x00000f17) x30 0x8000b874
core   0: 0x8000b878 (0x783f2623) sw      gp, 1932(t5)
core   0: 3 0x8000b878 (0x783f2623) mem 0x8000c000 0x00000001
core   0: 0x8000b87c (0x0000bfe5) c.j     pc - 8
core   0: 3 0x8000b87c (0xbfe5)
core   0: 0x8000b874 (0x00000f17) auipc   t5, 0x0
core   0: 3 0x8000b874 (0x00000f17) x30 0x8000b874
core   0: 0x8000b878 (0x783f2623) sw      gp, 1932(t5)
core   0: 3 0x8000b878 (0x783f2623) mem 0x8000c000 0x00000001
core   0: 0x8000b87c (0x0000bfe5) c.j     pc - 8
core   0: 3 0x8000b87c (0xbfe5)
core   0: 0x8000b874 (0x00000f17) auipc   t5, 0x0
core   0: 3 0x8000b874 (0x00000f17) x30 0x8000b874
core   0: 0x8000b878 (0x783f2623) sw      gp, 1932(t5)
core   0: 3 0x8000b878 (0x783f2623) mem 0x8000c000 0x00000001
core   0: 0x8000b87c (0x0000bfe5) c.j     pc - 8
core   0: 3 0x8000b87c (0xbfe5)
core   0: 0x8000b874 (0x00000f17) auipc   t5, 0x0
core   0: 3 0x8000b874 (0x00000f17) x30 0x8000b874
core   0: 0x8000b878 (0x783f2623) sw      gp, 1932(t5)
core   0: 3 0x8000b878 (0x783f2623) mem 0x8000c000 0x00000001
core   0: 0x8000b87c (0x0000bfe5) c.j     pc - 8
core   0: 3 0x8000b87c (0xbfe5)
core   0: 0x8000b874 (0x00000f17) auipc   t5, 0x0
core   0: 3 0x8000b874 (0x00000f17) x30 0x8000b874
core   0: 0x8000b878 (0x783f2623) sw      gp, 1932(t5)
core   0: 3 0x8000b878 (0x783f2623) mem 0x8000c000 0x00000001
core   0: 0x8000b87c (0x0000bfe5) c.j     pc - 8
core   0: 3 0x8000b87c (0xbfe5)
core   0: 0x8000b874 (0x00000f17) auipc   t5, 0x0
core   0: 3 0x8000b874 (0x00000f17) x30 0x8000b874
core   0: 0x8000b878 (0x783f2623) sw      gp, 1932(t5)
core   0: 3 0x8000b878 (0x783f2623) mem 0x8000c000 0x00000001
core   0: 0x8000b87c (0x0000bfe5) c.j     pc - 8
core   0: 3 0x8000b87c (0xbfe5)
core   0: 0x8000b874 (0x00000f17) auipc   t5, 0x0
core   0: 3 0x8000b874 (0x00000f17) x30 0x8000b874
core   0: 0x8000b878 (0x783f2623) sw      gp, 1932(t5)
core   0: 3 0x8000b878 (0x783f2623) mem 0x8000c000 0x00000001
core   0: 0x8000b87c (0x0000bfe5) c.j     pc - 8
core   0: 3 0x8000b87c (0xbfe5)
core   0: 0x8000b874 (0x00000f17) auipc   t5, 0x0
core   0: 3 0x8000b874 (0x00000f17) x30 0x8000b874
core   0: 0x8000b878 (0x783f2623) sw      gp, 1932(t5)
core   0: 3 0x8000b878 (0x783f2623) mem 0x8000c000 0x00000001
core   0: 0x8000b87c (0x0000bfe5) c.j     pc - 8
core   0: 3 0x8000b87c (0xbfe5)
core   0: 0x8000b874 (0x00000f17) auipc   t5, 0x0
core   0: 3 0x8000b874 (0x00000f17) x30 0x8000b874
core   0: 0x8000b878 (0x783f2623) sw      gp, 1932(t5)
core   0: 3 0x8000b878 (0x783f2623) mem 0x8000c000 0x00000001
core   0: 0x8000b87c (0x0000bfe5) c.j     pc - 8
core   0: 3 0x8000b87c (0xbfe5)
core   0: 0x8000b874 (0x00000f17) auipc   t5, 0x0
core   0: 3 0x8000b874 (0x00000f17) x30 0x8000b874
core   0: 0x8000b878 (0x783f2623) sw      gp, 1932(t5)
core   0: 3 0x8000b878 (0x783f2623) mem 0x8000c000 0x00000001
core   0: 0x8000b87c (0x0000bfe5) c.j     pc - 8
core   0: 3 0x8000b87c (0xbfe5)
core   0: 0x8000b874 (0x00000f17) auipc   t5, 0x0
core   0: 3 0x8000b874 (0x00000f17) x30 0x8000b874
core   0: 0x8000b878 (0x783f2623) sw      gp, 1932(t5)
core   0: 3 0x8000b878 (0x783f2623) mem 0x8000c000 0x00000001
core   0: 0x8000b87c (0x0000bfe5) c.j     pc - 8
core   0: 3 0x8000b87c (0xbfe5)
core   0: 0x8000b874 (0x00000f17) auipc   t5, 0x0
core   0: 3 0x8000b874 (0x00000f17) x30 0x8000b874
core   0: 0x8000b878 (0x783f2623) sw      gp, 1932(t5)
core   0: 3 0x8000b878 (0x783f2623) mem 0x8000c000 0x00000001
core   0: 0x8000b87c (0x0000bfe5) c.j     pc - 8
core   0: 3 0x8000b87c (0xbfe5)
core   0: 0x8000b874 (0x00000f17) auipc   t5, 0x0
core   0: 3 0x8000b874 (0x00000f17) x30 0x8000b874
core   0: 0x8000b878 (0x783f2623) sw      gp, 1932(t5)
core   0: 3 0x8000b878 (0x783f2623) mem 0x8000c000 0x00000001
core   0: 0x8000b87c (0x0000bfe5) c.j     pc - 8
core   0: 3 0x8000b87c (0xbfe5)
core   0: 0x8000b874 (0x00000f17) auipc   t5, 0x0
core   0: 3 0x8000b874 (0x00000f17) x30 0x8000b874
core   0: 0x8000b878 (0x783f2623) sw      gp, 1932(t5)
core   0: 3 0x8000b878 (0x783f2623) mem 0x8000c000 0x00000001
core   0: 0x8000b87c (0x0000bfe5) c.j     pc - 8
core   0: 3 0x8000b87c (0xbfe5)
core   0: 0x8000b874 (0x00000f17) auipc   t5, 0x0
core   0: 3 0x8000b874 (0x00000f17) x30 0x8000b874
core   0: 0x8000b878 (0x783f2623) sw      gp, 1932(t5)
core   0: 3 0x8000b878 (0x783f2623) mem 0x8000c000 0x00000001
core   0: 0x8000b87c (0x0000bfe5) c.j     pc - 8
core   0: 3 0x8000b87c (0xbfe5)
core   0: 0x8000b874 (0x00000f17) auipc   t5, 0x0
core   0: 3 0x8000b874 (0x00000f17) x30 0x8000b874
core   0: 0x8000b878 (0x783f2623) sw      gp, 1932(t5)
core   0: 3 0x8000b878 (0x783f2623) mem 0x8000c000 0x00000001
core   0: 0x8000b87c (0x0000bfe5) c.j     pc - 8
core   0: 3 0x8000b87c (0xbfe5)
core   0: 0x8000b874 (0x00000f17) auipc   t5, 0x0
core   0: 3 0x8000b874 (0x00000f17) x30 0x8000b874
core   0: 0x8000b878 (0x783f2623) sw      gp, 1932(t5)
core   0: 3 0x8000b878 (0x783f2623) mem 0x8000c000 0x00000001
core   0: 0x8000b87c (0x0000bfe5) c.j     pc - 8
core   0: 3 0x8000b87c (0xbfe5)
core   0: 0x8000b874 (0x00000f17) auipc   t5, 0x0
core   0: 3 0x8000b874 (0x00000f17) x30 0x8000b874
core   0: 0x8000b878 (0x783f2623) sw      gp, 1932(t5)
core   0: 3 0x8000b878 (0x783f2623) mem 0x8000c000 0x00000001
core   0: 0x8000b87c (0x0000bfe5) c.j     pc - 8
core   0: 3 0x8000b87c (0xbfe5)
core   0: 0x8000b874 (0x00000f17) auipc   t5, 0x0
core   0: 3 0x8000b874 (0x00000f17) x30 0x8000b874
core   0: 0x8000b878 (0x783f2623) sw      gp, 1932(t5)
core   0: 3 0x8000b878 (0x783f2623) mem 0x8000c000 0x00000001
core   0: 0x8000b87c (0x0000bfe5) c.j     pc - 8
core   0: 3 0x8000b87c (0xbfe5)
core   0: 0x8000b874 (0x00000f17) auipc   t5, 0x0
core   0: 3 0x8000b874 (0x00000f17) x30 0x8000b874
core   0: 0x8000b878 (0x783f2623) sw      gp, 1932(t5)
core   0: 3 0x8000b878 (0x783f2623) mem 0x8000c000 0x00000001
core   0: 0x8000b87c (0x0000bfe5) c.j     pc - 8
core   0: 3 0x8000b87c (0xbfe5)
core   0: 0x8000b874 (0x00000f17) auipc   t5, 0x0
core   0: 3 0x8000b874 (0x00000f17) x30 0x8000b874
core   0: 0x8000b878 (0x783f2623) sw      gp, 1932(t5)
core   0: 3 0x8000b878 (0x783f2623) mem 0x8000c000 0x00000001
core   0: 0x8000b87c (0x0000bfe5) c.j     pc - 8
core   0: 3 0x8000b87c (0xbfe5)
core   0: 0x8000b874 (0x00000f17) auipc   t5, 0x0
core   0: 3 0x8000b874 (0x00000f17) x30 0x8000b874
core   0: 0x8000b878 (0x783f2623) sw      gp, 1932(t5)
core   0: 3 0x8000b878 (0x783f2623) mem 0x8000c000 0x00000001
core   0: 0x8000b87c (0x0000bfe5) c.j     pc - 8
core   0: 3 0x8000b87c (0xbfe5)
core   0: 0x8000b874 (0x00000f17) auipc   t5, 0x0
core   0: 3 0x8000b874 (0x00000f17) x30 0x8000b874
core   0: 0x8000b878 (0x783f2623) sw      gp, 1932(t5)
core   0: 3 0x8000b878 (0x783f2623) mem 0x8000c000 0x00000001
core   0: 0x8000b87c (0x0000bfe5) c.j     pc - 8
core   0: 3 0x8000b87c (0xbfe5)
core   0: 0x8000b874 (0x00000f17) auipc   t5, 0x0
core   0: 3 0x8000b874 (0x00000f17) x30 0x8000b874
core   0: 0x8000b878 (0x783f2623) sw      gp, 1932(t5)
core   0: 3 0x8000b878 (0x783f2623) mem 0x8000c000 0x00000001
core   0: 0x8000b87c (0x0000bfe5) c.j     pc - 8
core   0: 3 0x8000b87c (0xbfe5)
core   0: 0x8000b874 (0x00000f17) auipc   t5, 0x0
core   0: 3 0x8000b874 (0x00000f17) x30 0x8000b874
core   0: 0x8000b878 (0x783f2623) sw      gp, 1932(t5)
core   0: 3 0x8000b878 (0x783f2623) mem 0x8000c000 0x00000001
core   0: 0x8000b87c (0x0000bfe5) c.j     pc - 8
core   0: 3 0x8000b87c (0xbfe5)
core   0: 0x8000b874 (0x00000f17) auipc   t5, 0x0
core   0: 3 0x8000b874 (0x00000f17) x30 0x8000b874
core   0: 0x8000b878 (0x783f2623) sw      gp, 1932(t5)
core   0: 3 0x8000b878 (0x783f2623) mem 0x8000c000 0x00000001
core   0: 0x8000b87c (0x0000bfe5) c.j     pc - 8
core   0: 3 0x8000b87c (0xbfe5)
core   0: 0x8000b874 (0x00000f17) auipc   t5, 0x0
core   0: 3 0x8000b874 (0x00000f17) x30 0x8000b874
core   0: 0x8000b878 (0x783f2623) sw      gp, 1932(t5)
core   0: 3 0x8000b878 (0x783f2623) mem 0x8000c000 0x00000001
core   0: 0x8000b87c (0x0000bfe5) c.j     pc - 8
core   0: 3 0x8000b87c (0xbfe5)
core   0: 0x8000b874 (0x00000f17) auipc   t5, 0x0
core   0: 3 0x8000b874 (0x00000f17) x30 0x8000b874
core   0: 0x8000b878 (0x783f2623) sw      gp, 1932(t5)
core   0: 3 0x8000b878 (0x783f2623) mem 0x8000c000 0x00000001
core   0: 0x8000b87c (0x0000bfe5) c.j     pc - 8
core   0: 3 0x8000b87c (0xbfe5)
core   0: 0x8000b874 (0x00000f17) auipc   t5, 0x0
core   0: 3 0x8000b874 (0x00000f17) x30 0x8000b874
core   0: 0x8000b878 (0x783f2623) sw      gp, 1932(t5)
core   0: 3 0x8000b878 (0x783f2623) mem 0x8000c000 0x00000001
core   0: 0x8000b87c (0x0000bfe5) c.j     pc - 8
core   0: 3 0x8000b87c (0xbfe5)
core   0: 0x8000b874 (0x00000f17) auipc   t5, 0x0
core   0: 3 0x8000b874 (0x00000f17) x30 0x8000b874
core   0: 0x8000b878 (0x783f2623) sw      gp, 1932(t5)
core   0: 3 0x8000b878 (0x783f2623) mem 0x8000c000 0x00000001
core   0: 0x8000b87c (0x0000bfe5) c.j     pc - 8
core   0: 3 0x8000b87c (0xbfe5)
core   0: 0x8000b874 (0x00000f17) auipc   t5, 0x0
core   0: 3 0x8000b874 (0x00000f17) x30 0x8000b874
core   0: 0x8000b878 (0x783f2623) sw      gp, 1932(t5)
core   0: 3 0x8000b878 (0x783f2623) mem 0x8000c000 0x00000001
core   0: 0x8000b87c (0x0000bfe5) c.j     pc - 8
core   0: 3 0x8000b87c (0xbfe5)
core   0: 0x8000b874 (0x00000f17) auipc   t5, 0x0
core   0: 3 0x8000b874 (0x00000f17) x30 0x8000b874
core   0: 0x8000b878 (0x783f2623) sw      gp, 1932(t5)
core   0: 3 0x8000b878 (0x783f2623) mem 0x8000c000 0x00000001
core   0: 0x8000b87c (0x0000bfe5) c.j     pc - 8
core   0: 3 0x8000b87c (0xbfe5)
core   0: 0x8000b874 (0x00000f17) auipc   t5, 0x0
core   0: 3 0x8000b874 (0x00000f17) x30 0x8000b874
core   0: 0x8000b878 (0x783f2623) sw      gp, 1932(t5)
core   0: 3 0x8000b878 (0x783f2623) mem 0x8000c000 0x00000001
core   0: 0x8000b87c (0x0000bfe5) c.j     pc - 8
core   0: 3 0x8000b87c (0xbfe5)
core   0: 0x8000b874 (0x00000f17) auipc   t5, 0x0
core   0: 3 0x8000b874 (0x00000f17) x30 0x8000b874
core   0: 0x8000b878 (0x783f2623) sw      gp, 1932(t5)
core   0: 3 0x8000b878 (0x783f2623) mem 0x8000c000 0x00000001
core   0: 0x8000b87c (0x0000bfe5) c.j     pc - 8
core   0: 3 0x8000b87c (0xbfe5)
core   0: 0x8000b874 (0x00000f17) auipc   t5, 0x0
core   0: 3 0x8000b874 (0x00000f17) x30 0x8000b874
core   0: 0x8000b878 (0x783f2623) sw      gp, 1932(t5)
core   0: 3 0x8000b878 (0x783f2623) mem 0x8000c000 0x00000001
core   0: 0x8000b87c (0x0000bfe5) c.j     pc - 8
core   0: 3 0x8000b87c (0xbfe5)
core   0: 0x8000b874 (0x00000f17) auipc   t5, 0x0
core   0: 3 0x8000b874 (0x00000f17) x30 0x8000b874
core   0: 0x8000b878 (0x783f2623) sw      gp, 1932(t5)
core   0: 3 0x8000b878 (0x783f2623) mem 0x8000c000 0x00000001
core   0: 0x8000b87c (0x0000bfe5) c.j     pc - 8
core   0: 3 0x8000b87c (0xbfe5)
core   0: 0x8000b874 (0x00000f17) auipc   t5, 0x0
core   0: 3 0x8000b874 (0x00000f17) x30 0x8000b874
core   0: 0x8000b878 (0x783f2623) sw      gp, 1932(t5)
core   0: 3 0x8000b878 (0x783f2623) mem 0x8000c000 0x00000001
core   0: 0x8000b87c (0x0000bfe5) c.j     pc - 8
core   0: 3 0x8000b87c (0xbfe5)
core   0: 0x8000b874 (0x00000f17) auipc   t5, 0x0
core   0: 3 0x8000b874 (0x00000f17) x30 0x8000b874
core   0: 0x8000b878 (0x783f2623) sw      gp, 1932(t5)
core   0: 3 0x8000b878 (0x783f2623) mem 0x8000c000 0x00000001
core   0: 0x8000b87c (0x0000bfe5) c.j     pc - 8
core   0: 3 0x8000b87c (0xbfe5)
core   0: 0x8000b874 (0x00000f17) auipc   t5, 0x0
core   0: 3 0x8000b874 (0x00000f17) x30 0x8000b874
core   0: 0x8000b878 (0x783f2623) sw      gp, 1932(t5)
core   0: 3 0x8000b878 (0x783f2623) mem 0x8000c000 0x00000001
core   0: 0x8000b87c (0x0000bfe5) c.j     pc - 8
core   0: 3 0x8000b87c (0xbfe5)
core   0: 0x8000b874 (0x00000f17) auipc   t5, 0x0
core   0: 3 0x8000b874 (0x00000f17) x30 0x8000b874
core   0: 0x8000b878 (0x783f2623) sw      gp, 1932(t5)
core   0: 3 0x8000b878 (0x783f2623) mem 0x8000c000 0x00000001
core   0: 0x8000b87c (0x0000bfe5) c.j     pc - 8
core   0: 3 0x8000b87c (0xbfe5)
core   0: 0x8000b874 (0x00000f17) auipc   t5, 0x0
core   0: 3 0x8000b874 (0x00000f17) x30 0x8000b874
core   0: 0x8000b878 (0x783f2623) sw      gp, 1932(t5)
core   0: 3 0x8000b878 (0x783f2623) mem 0x8000c000 0x00000001
core   0: 0x8000b87c (0x0000bfe5) c.j     pc - 8
core   0: 3 0x8000b87c (0xbfe5)
core   0: 0x8000b874 (0x00000f17) auipc   t5, 0x0
core   0: 3 0x8000b874 (0x00000f17) x30 0x8000b874
core   0: 0x8000b878 (0x783f2623) sw      gp, 1932(t5)
core   0: 3 0x8000b878 (0x783f2623) mem 0x8000c000 0x00000001
core   0: 0x8000b87c (0x0000bfe5) c.j     pc - 8
core   0: 3 0x8000b87c (0xbfe5)
core   0: 0x8000b874 (0x00000f17) auipc   t5, 0x0
core   0: 3 0x8000b874 (0x00000f17) x30 0x8000b874
core   0: 0x8000b878 (0x783f2623) sw      gp, 1932(t5)
core   0: 3 0x8000b878 (0x783f2623) mem 0x8000c000 0x00000001
core   0: 0x8000b87c (0x0000bfe5) c.j     pc - 8
core   0: 3 0x8000b87c (0xbfe5)
core   0: 0x8000b874 (0x00000f17) auipc   t5, 0x0
core   0: 3 0x8000b874 (0x00000f17) x30 0x8000b874
core   0: 0x8000b878 (0x783f2623) sw      gp, 1932(t5)
core   0: 3 0x8000b878 (0x783f2623) mem 0x8000c000 0x00000001
core   0: 0x8000b87c (0x0000bfe5) c.j     pc - 8
core   0: 3 0x8000b87c (0xbfe5)
core   0: 0x8000b874 (0x00000f17) auipc   t5, 0x0
core   0: 3 0x8000b874 (0x00000f17) x30 0x8000b874
core   0: 0x8000b878 (0x783f2623) sw      gp, 1932(t5)
core   0: 3 0x8000b878 (0x783f2623) mem 0x8000c000 0x00000001
core   0: 0x8000b87c (0x0000bfe5) c.j     pc - 8
core   0: 3 0x8000b87c (0xbfe5)
core   0: 0x8000b874 (0x00000f17) auipc   t5, 0x0
core   0: 3 0x8000b874 (0x00000f17) x30 0x8000b874
core   0: 0x8000b878 (0x783f2623) sw      gp, 1932(t5)
core   0: 3 0x8000b878 (0x783f2623) mem 0x8000c000 0x00000001
core   0: 0x8000b87c (0x0000bfe5) c.j     pc - 8
core   0: 3 0x8000b87c (0xbfe5)
core   0: 0x8000b874 (0x00000f17) auipc   t5, 0x0
core   0: 3 0x8000b874 (0x00000f17) x30 0x8000b874
core   0: 0x8000b878 (0x783f2623) sw      gp, 1932(t5)
core   0: 3 0x8000b878 (0x783f2623) mem 0x8000c000 0x00000001
core   0: 0x8000b87c (0x0000bfe5) c.j     pc - 8
core   0: 3 0x8000b87c (0xbfe5)
core   0: 0x8000b874 (0x00000f17) auipc   t5, 0x0
core   0: 3 0x8000b874 (0x00000f17) x30 0x8000b874
core   0: 0x8000b878 (0x783f2623) sw      gp, 1932(t5)
core   0: 3 0x8000b878 (0x783f2623) mem 0x8000c000 0x00000001
core   0: 0x8000b87c (0x0000bfe5) c.j     pc - 8
core   0: 3 0x8000b87c (0xbfe5)
core   0: 0x8000b874 (0x00000f17) auipc   t5, 0x0
core   0: 3 0x8000b874 (0x00000f17) x30 0x8000b874
core   0: 0x8000b878 (0x783f2623) sw      gp, 1932(t5)
core   0: 3 0x8000b878 (0x783f2623) mem 0x8000c000 0x00000001
core   0: 0x8000b87c (0x0000bfe5) c.j     pc - 8
core   0: 3 0x8000b87c (0xbfe5)
core   0: 0x8000b874 (0x00000f17) auipc   t5, 0x0
core   0: 3 0x8000b874 (0x00000f17) x30 0x8000b874
core   0: 0x8000b878 (0x783f2623) sw      gp, 1932(t5)
core   0: 3 0x8000b878 (0x783f2623) mem 0x8000c000 0x00000001
core   0: 0x8000b87c (0x0000bfe5) c.j     pc - 8
core   0: 3 0x8000b87c (0xbfe5)
core   0: 0x8000b874 (0x00000f17) auipc   t5, 0x0
core   0: 3 0x8000b874 (0x00000f17) x30 0x8000b874
core   0: 0x8000b878 (0x783f2623) sw      gp, 1932(t5)
core   0: 3 0x8000b878 (0x783f2623) mem 0x8000c000 0x00000001
core   0: 0x8000b87c (0x0000bfe5) c.j     pc - 8
core   0: 3 0x8000b87c (0xbfe5)
core   0: 0x8000b874 (0x00000f17) auipc   t5, 0x0
core   0: 3 0x8000b874 (0x00000f17) x30 0x8000b874
core   0: 0x8000b878 (0x783f2623) sw      gp, 1932(t5)
core   0: 3 0x8000b878 (0x783f2623) mem 0x8000c000 0x00000001
core   0: 0x8000b87c (0x0000bfe5) c.j     pc - 8
core   0: 3 0x8000b87c (0xbfe5)
core   0: 0x8000b874 (0x00000f17) auipc   t5, 0x0
core   0: 3 0x8000b874 (0x00000f17) x30 0x8000b874
core   0: 0x8000b878 (0x783f2623) sw      gp, 1932(t5)
core   0: 3 0x8000b878 (0x783f2623) mem 0x8000c000 0x00000001
core   0: 0x8000b87c (0x0000bfe5) c.j     pc - 8
core   0: 3 0x8000b87c (0xbfe5)
core   0: 0x8000b874 (0x00000f17) auipc   t5, 0x0
core   0: 3 0x8000b874 (0x00000f17) x30 0x8000b874
core   0: 0x8000b878 (0x783f2623) sw      gp, 1932(t5)
core   0: 3 0x8000b878 (0x783f2623) mem 0x8000c000 0x00000001
core   0: 0x8000b87c (0x0000bfe5) c.j     pc - 8
core   0: 3 0x8000b87c (0xbfe5)
core   0: 0x8000b874 (0x00000f17) auipc   t5, 0x0
core   0: 3 0x8000b874 (0x00000f17) x30 0x8000b874
core   0: 0x8000b878 (0x783f2623) sw      gp, 1932(t5)
core   0: 3 0x8000b878 (0x783f2623) mem 0x8000c000 0x00000001
core   0: 0x8000b87c (0x0000bfe5) c.j     pc - 8
core   0: 3 0x8000b87c (0xbfe5)
core   0: 0x8000b874 (0x00000f17) auipc   t5, 0x0
core   0: 3 0x8000b874 (0x00000f17) x30 0x8000b874
core   0: 0x8000b878 (0x783f2623) sw      gp, 1932(t5)
core   0: 3 0x8000b878 (0x783f2623) mem 0x8000c000 0x00000001
core   0: 0x8000b87c (0x0000bfe5) c.j     pc - 8
core   0: 3 0x8000b87c (0xbfe5)
core   0: 0x8000b874 (0x00000f17) auipc   t5, 0x0
core   0: 3 0x8000b874 (0x00000f17) x30 0x8000b874
core   0: 0x8000b878 (0x783f2623) sw      gp, 1932(t5)
core   0: 3 0x8000b878 (0x783f2623) mem 0x8000c000 0x00000001
core   0: 0x8000b87c (0x0000bfe5) c.j     pc - 8
core   0: 3 0x8000b87c (0xbfe5)
core   0: 0x8000b874 (0x00000f17) auipc   t5, 0x0
core   0: 3 0x8000b874 (0x00000f17) x30 0x8000b874
core   0: 0x8000b878 (0x783f2623) sw      gp, 1932(t5)
core   0: 3 0x8000b878 (0x783f2623) mem 0x8000c000 0x00000001
core   0: 0x8000b87c (0x0000bfe5) c.j     pc - 8
core   0: 3 0x8000b87c (0xbfe5)
core   0: 0x8000b874 (0x00000f17) auipc   t5, 0x0
core   0: 3 0x8000b874 (0x00000f17) x30 0x8000b874
core   0: 0x8000b878 (0x783f2623) sw      gp, 1932(t5)
core   0: 3 0x8000b878 (0x783f2623) mem 0x8000c000 0x00000001
core   0: 0x8000b87c (0x0000bfe5) c.j     pc - 8
core   0: 3 0x8000b87c (0xbfe5)
core   0: 0x8000b874 (0x00000f17) auipc   t5, 0x0
core   0: 3 0x8000b874 (0x00000f17) x30 0x8000b874
core   0: 0x8000b878 (0x783f2623) sw      gp, 1932(t5)
core   0: 3 0x8000b878 (0x783f2623) mem 0x8000c000 0x00000001
core   0: 0x8000b87c (0x0000bfe5) c.j     pc - 8
core   0: 3 0x8000b87c (0xbfe5)
core   0: 0x8000b874 (0x00000f17) auipc   t5, 0x0
core   0: 3 0x8000b874 (0x00000f17) x30 0x8000b874
core   0: 0x8000b878 (0x783f2623) sw      gp, 1932(t5)
core   0: 3 0x8000b878 (0x783f2623) mem 0x8000c000 0x00000001
core   0: 0x8000b87c (0x0000bfe5) c.j     pc - 8
core   0: 3 0x8000b87c (0xbfe5)
core   0: 0x8000b874 (0x00000f17) auipc   t5, 0x0
core   0: 3 0x8000b874 (0x00000f17) x30 0x8000b874
core   0: 0x8000b878 (0x783f2623) sw      gp, 1932(t5)
core   0: 3 0x8000b878 (0x783f2623) mem 0x8000c000 0x00000001
core   0: 0x8000b87c (0x0000bfe5) c.j     pc - 8
core   0: 3 0x8000b87c (0xbfe5)
core   0: 0x8000b874 (0x00000f17) auipc   t5, 0x0
core   0: 3 0x8000b874 (0x00000f17) x30 0x8000b874
core   0: 0x8000b878 (0x783f2623) sw      gp, 1932(t5)
core   0: 3 0x8000b878 (0x783f2623) mem 0x8000c000 0x00000001
core   0: 0x8000b87c (0x0000bfe5) c.j     pc - 8
core   0: 3 0x8000b87c (0xbfe5)
core   0: 0x8000b874 (0x00000f17) auipc   t5, 0x0
core   0: 3 0x8000b874 (0x00000f17) x30 0x8000b874
core   0: 0x8000b878 (0x783f2623) sw      gp, 1932(t5)
core   0: 3 0x8000b878 (0x783f2623) mem 0x8000c000 0x00000001
core   0: 0x8000b87c (0x0000bfe5) c.j     pc - 8
core   0: 3 0x8000b87c (0xbfe5)
core   0: 0x8000b874 (0x00000f17) auipc   t5, 0x0
core   0: 3 0x8000b874 (0x00000f17) x30 0x8000b874
core   0: 0x8000b878 (0x783f2623) sw      gp, 1932(t5)
core   0: 3 0x8000b878 (0x783f2623) mem 0x8000c000 0x00000001
core   0: 0x8000b87c (0x0000bfe5) c.j     pc - 8
core   0: 3 0x8000b87c (0xbfe5)
core   0: 0x8000b874 (0x00000f17) auipc   t5, 0x0
core   0: 3 0x8000b874 (0x00000f17) x30 0x8000b874
core   0: 0x8000b878 (0x783f2623) sw      gp, 1932(t5)
core   0: 3 0x8000b878 (0x783f2623) mem 0x8000c000 0x00000001
core   0: 0x8000b87c (0x0000bfe5) c.j     pc - 8
core   0: 3 0x8000b87c (0xbfe5)
core   0: 0x8000b874 (0x00000f17) auipc   t5, 0x0
core   0: 3 0x8000b874 (0x00000f17) x30 0x8000b874
core   0: 0x8000b878 (0x783f2623) sw      gp, 1932(t5)
core   0: 3 0x8000b878 (0x783f2623) mem 0x8000c000 0x00000001
core   0: 0x8000b87c (0x0000bfe5) c.j     pc - 8
core   0: 3 0x8000b87c (0xbfe5)
core   0: 0x8000b874 (0x00000f17) auipc   t5, 0x0
core   0: 3 0x8000b874 (0x00000f17) x30 0x8000b874
core   0: 0x8000b878 (0x783f2623) sw      gp, 1932(t5)
core   0: 3 0x8000b878 (0x783f2623) mem 0x8000c000 0x00000001
core   0: 0x8000b87c (0x0000bfe5) c.j     pc - 8
core   0: 3 0x8000b87c (0xbfe5)
core   0: 0x8000b874 (0x00000f17) auipc   t5, 0x0
core   0: 3 0x8000b874 (0x00000f17) x30 0x8000b874
core   0: 0x8000b878 (0x783f2623) sw      gp, 1932(t5)
core   0: 3 0x8000b878 (0x783f2623) mem 0x8000c000 0x00000001
core   0: 0x8000b87c (0x0000bfe5) c.j     pc - 8
core   0: 3 0x8000b87c (0xbfe5)
core   0: 0x8000b874 (0x00000f17) auipc   t5, 0x0
core   0: 3 0x8000b874 (0x00000f17) x30 0x8000b874
core   0: 0x8000b878 (0x783f2623) sw      gp, 1932(t5)
core   0: 3 0x8000b878 (0x783f2623) mem 0x8000c000 0x00000001
core   0: 0x8000b87c (0x0000bfe5) c.j     pc - 8
core   0: 3 0x8000b87c (0xbfe5)
core   0: 0x8000b874 (0x00000f17) auipc   t5, 0x0
core   0: 3 0x8000b874 (0x00000f17) x30 0x8000b874
core   0: 0x8000b878 (0x783f2623) sw      gp, 1932(t5)
core   0: 3 0x8000b878 (0x783f2623) mem 0x8000c000 0x00000001
core   0: 0x8000b87c (0x0000bfe5) c.j     pc - 8
core   0: 3 0x8000b87c (0xbfe5)
core   0: 0x8000b874 (0x00000f17) auipc   t5, 0x0
core   0: 3 0x8000b874 (0x00000f17) x30 0x8000b874
core   0: 0x8000b878 (0x783f2623) sw      gp, 1932(t5)
core   0: 3 0x8000b878 (0x783f2623) mem 0x8000c000 0x00000001
core   0: 0x8000b87c (0x0000bfe5) c.j     pc - 8
core   0: 3 0x8000b87c (0xbfe5)
core   0: 0x8000b874 (0x00000f17) auipc   t5, 0x0
core   0: 3 0x8000b874 (0x00000f17) x30 0x8000b874
core   0: 0x8000b878 (0x783f2623) sw      gp, 1932(t5)
core   0: 3 0x8000b878 (0x783f2623) mem 0x8000c000 0x00000001
core   0: 0x8000b87c (0x0000bfe5) c.j     pc - 8
core   0: 3 0x8000b87c (0xbfe5)
core   0: 0x8000b874 (0x00000f17) auipc   t5, 0x0
core   0: 3 0x8000b874 (0x00000f17) x30 0x8000b874
core   0: 0x8000b878 (0x783f2623) sw      gp, 1932(t5)
core   0: 3 0x8000b878 (0x783f2623) mem 0x8000c000 0x00000001
core   0: 0x8000b87c (0x0000bfe5) c.j     pc - 8
core   0: 3 0x8000b87c (0xbfe5)
core   0: 0x8000b874 (0x00000f17) auipc   t5, 0x0
core   0: 3 0x8000b874 (0x00000f17) x30 0x8000b874
core   0: 0x8000b878 (0x783f2623) sw      gp, 1932(t5)
core   0: 3 0x8000b878 (0x783f2623) mem 0x8000c000 0x00000001
core   0: 0x8000b87c (0x0000bfe5) c.j     pc - 8
core   0: 3 0x8000b87c (0xbfe5)
core   0: 0x8000b874 (0x00000f17) auipc   t5, 0x0
core   0: 3 0x8000b874 (0x00000f17) x30 0x8000b874
core   0: 0x8000b878 (0x783f2623) sw      gp, 1932(t5)
core   0: 3 0x8000b878 (0x783f2623) mem 0x8000c000 0x00000001
core   0: 0x8000b87c (0x0000bfe5) c.j     pc - 8
core   0: 3 0x8000b87c (0xbfe5)
core   0: 0x8000b874 (0x00000f17) auipc   t5, 0x0
core   0: 3 0x8000b874 (0x00000f17) x30 0x8000b874
core   0: 0x8000b878 (0x783f2623) sw      gp, 1932(t5)
core   0: 3 0x8000b878 (0x783f2623) mem 0x8000c000 0x00000001
core   0: 0x8000b87c (0x0000bfe5) c.j     pc - 8
core   0: 3 0x8000b87c (0xbfe5)
core   0: 0x8000b874 (0x00000f17) auipc   t5, 0x0
core   0: 3 0x8000b874 (0x00000f17) x30 0x8000b874
core   0: 0x8000b878 (0x783f2623) sw      gp, 1932(t5)
core   0: 3 0x8000b878 (0x783f2623) mem 0x8000c000 0x00000001
core   0: 0x8000b87c (0x0000bfe5) c.j     pc - 8
core   0: 3 0x8000b87c (0xbfe5)
core   0: 0x8000b874 (0x00000f17) auipc   t5, 0x0
core   0: 3 0x8000b874 (0x00000f17) x30 0x8000b874
core   0: 0x8000b878 (0x783f2623) sw      gp, 1932(t5)
core   0: 3 0x8000b878 (0x783f2623) mem 0x8000c000 0x00000001
core   0: 0x8000b87c (0x0000bfe5) c.j     pc - 8
core   0: 3 0x8000b87c (0xbfe5)
core   0: 0x8000b874 (0x00000f17) auipc   t5, 0x0
core   0: 3 0x8000b874 (0x00000f17) x30 0x8000b874
core   0: 0x8000b878 (0x783f2623) sw      gp, 1932(t5)
core   0: 3 0x8000b878 (0x783f2623) mem 0x8000c000 0x00000001
core   0: 0x8000b87c (0x0000bfe5) c.j     pc - 8
core   0: 3 0x8000b87c (0xbfe5)
core   0: 0x8000b874 (0x00000f17) auipc   t5, 0x0
core   0: 3 0x8000b874 (0x00000f17) x30 0x8000b874
core   0: 0x8000b878 (0x783f2623) sw      gp, 1932(t5)
core   0: 3 0x8000b878 (0x783f2623) mem 0x8000c000 0x00000001
core   0: 0x8000b87c (0x0000bfe5) c.j     pc - 8
core   0: 3 0x8000b87c (0xbfe5)
core   0: 0x8000b874 (0x00000f17) auipc   t5, 0x0
core   0: 3 0x8000b874 (0x00000f17) x30 0x8000b874
core   0: 0x8000b878 (0x783f2623) sw      gp, 1932(t5)
core   0: 3 0x8000b878 (0x783f2623) mem 0x8000c000 0x00000001
core   0: 0x8000b87c (0x0000bfe5) c.j     pc - 8
core   0: 3 0x8000b87c (0xbfe5)
core   0: 0x8000b874 (0x00000f17) auipc   t5, 0x0
core   0: 3 0x8000b874 (0x00000f17) x30 0x8000b874
core   0: 0x8000b878 (0x783f2623) sw      gp, 1932(t5)
core   0: 3 0x8000b878 (0x783f2623) mem 0x8000c000 0x00000001
core   0: 0x8000b87c (0x0000bfe5) c.j     pc - 8
core   0: 3 0x8000b87c (0xbfe5)
core   0: 0x8000b874 (0x00000f17) auipc   t5, 0x0
core   0: 3 0x8000b874 (0x00000f17) x30 0x8000b874
core   0: 0x8000b878 (0x783f2623) sw      gp, 1932(t5)
core   0: 3 0x8000b878 (0x783f2623) mem 0x8000c000 0x00000001
core   0: 0x8000b87c (0x0000bfe5) c.j     pc - 8
core   0: 3 0x8000b87c (0xbfe5)
core   0: 0x8000b874 (0x00000f17) auipc   t5, 0x0
core   0: 3 0x8000b874 (0x00000f17) x30 0x8000b874
core   0: 0x8000b878 (0x783f2623) sw      gp, 1932(t5)
core   0: 3 0x8000b878 (0x783f2623) mem 0x8000c000 0x00000001
core   0: 0x8000b87c (0x0000bfe5) c.j     pc - 8
core   0: 3 0x8000b87c (0xbfe5)
core   0: 0x8000b874 (0x00000f17) auipc   t5, 0x0
core   0: 3 0x8000b874 (0x00000f17) x30 0x8000b874
core   0: 0x8000b878 (0x783f2623) sw      gp, 1932(t5)
core   0: 3 0x8000b878 (0x783f2623) mem 0x8000c000 0x00000001
core   0: 0x8000b87c (0x0000bfe5) c.j     pc - 8
core   0: 3 0x8000b87c (0xbfe5)
core   0: 0x8000b874 (0x00000f17) auipc   t5, 0x0
core   0: 3 0x8000b874 (0x00000f17) x30 0x8000b874
core   0: 0x8000b878 (0x783f2623) sw      gp, 1932(t5)
core   0: 3 0x8000b878 (0x783f2623) mem 0x8000c000 0x00000001
core   0: 0x8000b87c (0x0000bfe5) c.j     pc - 8
core   0: 3 0x8000b87c (0xbfe5)
core   0: 0x8000b874 (0x00000f17) auipc   t5, 0x0
core   0: 3 0x8000b874 (0x00000f17) x30 0x8000b874
core   0: 0x8000b878 (0x783f2623) sw      gp, 1932(t5)
core   0: 3 0x8000b878 (0x783f2623) mem 0x8000c000 0x00000001
core   0: 0x8000b87c (0x0000bfe5) c.j     pc - 8
core   0: 3 0x8000b87c (0xbfe5)
core   0: 0x8000b874 (0x00000f17) auipc   t5, 0x0
core   0: 3 0x8000b874 (0x00000f17) x30 0x8000b874
core   0: 0x8000b878 (0x783f2623) sw      gp, 1932(t5)
core   0: 3 0x8000b878 (0x783f2623) mem 0x8000c000 0x00000001
core   0: 0x8000b87c (0x0000bfe5) c.j     pc - 8
core   0: 3 0x8000b87c (0xbfe5)
core   0: 0x8000b874 (0x00000f17) auipc   t5, 0x0
core   0: 3 0x8000b874 (0x00000f17) x30 0x8000b874
core   0: 0x8000b878 (0x783f2623) sw      gp, 1932(t5)
core   0: 3 0x8000b878 (0x783f2623) mem 0x8000c000 0x00000001
core   0: 0x8000b87c (0x0000bfe5) c.j     pc - 8
core   0: 3 0x8000b87c (0xbfe5)
core   0: 0x8000b874 (0x00000f17) auipc   t5, 0x0
core   0: 3 0x8000b874 (0x00000f17) x30 0x8000b874
core   0: 0x8000b878 (0x783f2623) sw      gp, 1932(t5)
core   0: 3 0x8000b878 (0x783f2623) mem 0x8000c000 0x00000001
core   0: 0x8000b87c (0x0000bfe5) c.j     pc - 8
core   0: 3 0x8000b87c (0xbfe5)
core   0: 0x8000b874 (0x00000f17) auipc   t5, 0x0
core   0: 3 0x8000b874 (0x00000f17) x30 0x8000b874
core   0: 0x8000b878 (0x783f2623) sw      gp, 1932(t5)
core   0: 3 0x8000b878 (0x783f2623) mem 0x8000c000 0x00000001
core   0: 0x8000b87c (0x0000bfe5) c.j     pc - 8
core   0: 3 0x8000b87c (0xbfe5)
core   0: 0x8000b874 (0x00000f17) auipc   t5, 0x0
core   0: 3 0x8000b874 (0x00000f17) x30 0x8000b874
core   0: 0x8000b878 (0x783f2623) sw      gp, 1932(t5)
core   0: 3 0x8000b878 (0x783f2623) mem 0x8000c000 0x00000001
core   0: 0x8000b87c (0x0000bfe5) c.j     pc - 8
core   0: 3 0x8000b87c (0xbfe5)
core   0: 0x8000b874 (0x00000f17) auipc   t5, 0x0
core   0: 3 0x8000b874 (0x00000f17) x30 0x8000b874
core   0: 0x8000b878 (0x783f2623) sw      gp, 1932(t5)
core   0: 3 0x8000b878 (0x783f2623) mem 0x8000c000 0x00000001
core   0: 0x8000b87c (0x0000bfe5) c.j     pc - 8
core   0: 3 0x8000b87c (0xbfe5)
core   0: 0x8000b874 (0x00000f17) auipc   t5, 0x0
core   0: 3 0x8000b874 (0x00000f17) x30 0x8000b874
core   0: 0x8000b878 (0x783f2623) sw      gp, 1932(t5)
core   0: 3 0x8000b878 (0x783f2623) mem 0x8000c000 0x00000001
core   0: 0x8000b87c (0x0000bfe5) c.j     pc - 8
core   0: 3 0x8000b87c (0xbfe5)
core   0: 0x8000b874 (0x00000f17) auipc   t5, 0x0
core   0: 3 0x8000b874 (0x00000f17) x30 0x8000b874
core   0: 0x8000b878 (0x783f2623) sw      gp, 1932(t5)
core   0: 3 0x8000b878 (0x783f2623) mem 0x8000c000 0x00000001
core   0: 0x8000b87c (0x0000bfe5) c.j     pc - 8
core   0: 3 0x8000b87c (0xbfe5)
core   0: 0x8000b874 (0x00000f17) auipc   t5, 0x0
core   0: 3 0x8000b874 (0x00000f17) x30 0x8000b874
core   0: 0x8000b878 (0x783f2623) sw      gp, 1932(t5)
core   0: 3 0x8000b878 (0x783f2623) mem 0x8000c000 0x00000001
core   0: 0x8000b87c (0x0000bfe5) c.j     pc - 8
core   0: 3 0x8000b87c (0xbfe5)
core   0: 0x8000b874 (0x00000f17) auipc   t5, 0x0
core   0: 3 0x8000b874 (0x00000f17) x30 0x8000b874
core   0: 0x8000b878 (0x783f2623) sw      gp, 1932(t5)
core   0: 3 0x8000b878 (0x783f2623) mem 0x8000c000 0x00000001
core   0: 0x8000b87c (0x0000bfe5) c.j     pc - 8
core   0: 3 0x8000b87c (0xbfe5)
core   0: 0x8000b874 (0x00000f17) auipc   t5, 0x0
core   0: 3 0x8000b874 (0x00000f17) x30 0x8000b874
core   0: 0x8000b878 (0x783f2623) sw      gp, 1932(t5)
core   0: 3 0x8000b878 (0x783f2623) mem 0x8000c000 0x00000001
core   0: 0x8000b87c (0x0000bfe5) c.j     pc - 8
core   0: 3 0x8000b87c (0xbfe5)
core   0: 0x8000b874 (0x00000f17) auipc   t5, 0x0
core   0: 3 0x8000b874 (0x00000f17) x30 0x8000b874
core   0: 0x8000b878 (0x783f2623) sw      gp, 1932(t5)
core   0: 3 0x8000b878 (0x783f2623) mem 0x8000c000 0x00000001
core   0: 0x8000b87c (0x0000bfe5) c.j     pc - 8
core   0: 3 0x8000b87c (0xbfe5)
core   0: 0x8000b874 (0x00000f17) auipc   t5, 0x0
core   0: 3 0x8000b874 (0x00000f17) x30 0x8000b874
core   0: 0x8000b878 (0x783f2623) sw      gp, 1932(t5)
core   0: 3 0x8000b878 (0x783f2623) mem 0x8000c000 0x00000001
core   0: 0x8000b87c (0x0000bfe5) c.j     pc - 8
core   0: 3 0x8000b87c (0xbfe5)
core   0: 0x8000b874 (0x00000f17) auipc   t5, 0x0
core   0: 3 0x8000b874 (0x00000f17) x30 0x8000b874
core   0: 0x8000b878 (0x783f2623) sw      gp, 1932(t5)
core   0: 3 0x8000b878 (0x783f2623) mem 0x8000c000 0x00000001
core   0: 0x8000b87c (0x0000bfe5) c.j     pc - 8
core   0: 3 0x8000b87c (0xbfe5)
core   0: 0x8000b874 (0x00000f17) auipc   t5, 0x0
core   0: 3 0x8000b874 (0x00000f17) x30 0x8000b874
core   0: 0x8000b878 (0x783f2623) sw      gp, 1932(t5)
core   0: 3 0x8000b878 (0x783f2623) mem 0x8000c000 0x00000001
core   0: 0x8000b87c (0x0000bfe5) c.j     pc - 8
core   0: 3 0x8000b87c (0xbfe5)
core   0: 0x8000b874 (0x00000f17) auipc   t5, 0x0
core   0: 3 0x8000b874 (0x00000f17) x30 0x8000b874
core   0: 0x8000b878 (0x783f2623) sw      gp, 1932(t5)
core   0: 3 0x8000b878 (0x783f2623) mem 0x8000c000 0x00000001
core   0: 0x8000b87c (0x0000bfe5) c.j     pc - 8
core   0: 3 0x8000b87c (0xbfe5)
core   0: 0x8000b874 (0x00000f17) auipc   t5, 0x0
core   0: 3 0x8000b874 (0x00000f17) x30 0x8000b874
core   0: 0x8000b878 (0x783f2623) sw      gp, 1932(t5)
core   0: 3 0x8000b878 (0x783f2623) mem 0x8000c000 0x00000001
core   0: 0x8000b87c (0x0000bfe5) c.j     pc - 8
core   0: 3 0x8000b87c (0xbfe5)
core   0: 0x8000b874 (0x00000f17) auipc   t5, 0x0
core   0: 3 0x8000b874 (0x00000f17) x30 0x8000b874
core   0: 0x8000b878 (0x783f2623) sw      gp, 1932(t5)
core   0: 3 0x8000b878 (0x783f2623) mem 0x8000c000 0x00000001
core   0: 0x8000b87c (0x0000bfe5) c.j     pc - 8
core   0: 3 0x8000b87c (0xbfe5)
core   0: 0x8000b874 (0x00000f17) auipc   t5, 0x0
core   0: 3 0x8000b874 (0x00000f17) x30 0x8000b874
core   0: 0x8000b878 (0x783f2623) sw      gp, 1932(t5)
core   0: 3 0x8000b878 (0x783f2623) mem 0x8000c000 0x00000001
core   0: 0x8000b87c (0x0000bfe5) c.j     pc - 8
core   0: 3 0x8000b87c (0xbfe5)
core   0: 0x8000b874 (0x00000f17) auipc   t5, 0x0
core   0: 3 0x8000b874 (0x00000f17) x30 0x8000b874
core   0: 0x8000b878 (0x783f2623) sw      gp, 1932(t5)
core   0: 3 0x8000b878 (0x783f2623) mem 0x8000c000 0x00000001
core   0: 0x8000b87c (0x0000bfe5) c.j     pc - 8
core   0: 3 0x8000b87c (0xbfe5)
core   0: 0x8000b874 (0x00000f17) auipc   t5, 0x0
core   0: 3 0x8000b874 (0x00000f17) x30 0x8000b874
core   0: 0x8000b878 (0x783f2623) sw      gp, 1932(t5)
core   0: 3 0x8000b878 (0x783f2623) mem 0x8000c000 0x00000001
core   0: 0x8000b87c (0x0000bfe5) c.j     pc - 8
core   0: 3 0x8000b87c (0xbfe5)
core   0: 0x8000b874 (0x00000f17) auipc   t5, 0x0
core   0: 3 0x8000b874 (0x00000f17) x30 0x8000b874
core   0: 0x8000b878 (0x783f2623) sw      gp, 1932(t5)
core   0: 3 0x8000b878 (0x783f2623) mem 0x8000c000 0x00000001
core   0: 0x8000b87c (0x0000bfe5) c.j     pc - 8
core   0: 3 0x8000b87c (0xbfe5)
core   0: 0x8000b874 (0x00000f17) auipc   t5, 0x0
core   0: 3 0x8000b874 (0x00000f17) x30 0x8000b874
core   0: 0x8000b878 (0x783f2623) sw      gp, 1932(t5)
core   0: 3 0x8000b878 (0x783f2623) mem 0x8000c000 0x00000001
core   0: 0x8000b87c (0x0000bfe5) c.j     pc - 8
core   0: 3 0x8000b87c (0xbfe5)
core   0: 0x8000b874 (0x00000f17) auipc   t5, 0x0
core   0: 3 0x8000b874 (0x00000f17) x30 0x8000b874
core   0: 0x8000b878 (0x783f2623) sw      gp, 1932(t5)
core   0: 3 0x8000b878 (0x783f2623) mem 0x8000c000 0x00000001
core   0: 0x8000b87c (0x0000bfe5) c.j     pc - 8
core   0: 3 0x8000b87c (0xbfe5)
core   0: 0x8000b874 (0x00000f17) auipc   t5, 0x0
core   0: 3 0x8000b874 (0x00000f17) x30 0x8000b874
core   0: 0x8000b878 (0x783f2623) sw      gp, 1932(t5)
core   0: 3 0x8000b878 (0x783f2623) mem 0x8000c000 0x00000001
core   0: 0x8000b87c (0x0000bfe5) c.j     pc - 8
core   0: 3 0x8000b87c (0xbfe5)
core   0: 0x8000b874 (0x00000f17) auipc   t5, 0x0
core   0: 3 0x8000b874 (0x00000f17) x30 0x8000b874
core   0: 0x8000b878 (0x783f2623) sw      gp, 1932(t5)
core   0: 3 0x8000b878 (0x783f2623) mem 0x8000c000 0x00000001
core   0: 0x8000b87c (0x0000bfe5) c.j     pc - 8
core   0: 3 0x8000b87c (0xbfe5)
core   0: 0x8000b874 (0x00000f17) auipc   t5, 0x0
core   0: 3 0x8000b874 (0x00000f17) x30 0x8000b874
core   0: 0x8000b878 (0x783f2623) sw      gp, 1932(t5)
core   0: 3 0x8000b878 (0x783f2623) mem 0x8000c000 0x00000001
core   0: 0x8000b87c (0x0000bfe5) c.j     pc - 8
core   0: 3 0x8000b87c (0xbfe5)
core   0: 0x8000b874 (0x00000f17) auipc   t5, 0x0
core   0: 3 0x8000b874 (0x00000f17) x30 0x8000b874
core   0: 0x8000b878 (0x783f2623) sw      gp, 1932(t5)
core   0: 3 0x8000b878 (0x783f2623) mem 0x8000c000 0x00000001
core   0: 0x8000b87c (0x0000bfe5) c.j     pc - 8
core   0: 3 0x8000b87c (0xbfe5)
core   0: 0x8000b874 (0x00000f17) auipc   t5, 0x0
core   0: 3 0x8000b874 (0x00000f17) x30 0x8000b874
core   0: 0x8000b878 (0x783f2623) sw      gp, 1932(t5)
core   0: 3 0x8000b878 (0x783f2623) mem 0x8000c000 0x00000001
core   0: 0x8000b87c (0x0000bfe5) c.j     pc - 8
core   0: 3 0x8000b87c (0xbfe5)
core   0: 0x8000b874 (0x00000f17) auipc   t5, 0x0
core   0: 3 0x8000b874 (0x00000f17) x30 0x8000b874
core   0: 0x8000b878 (0x783f2623) sw      gp, 1932(t5)
core   0: 3 0x8000b878 (0x783f2623) mem 0x8000c000 0x00000001
core   0: 0x8000b87c (0x0000bfe5) c.j     pc - 8
core   0: 3 0x8000b87c (0xbfe5)
core   0: 0x8000b874 (0x00000f17) auipc   t5, 0x0
core   0: 3 0x8000b874 (0x00000f17) x30 0x8000b874
core   0: 0x8000b878 (0x783f2623) sw      gp, 1932(t5)
core   0: 3 0x8000b878 (0x783f2623) mem 0x8000c000 0x00000001
core   0: 0x8000b87c (0x0000bfe5) c.j     pc - 8
core   0: 3 0x8000b87c (0xbfe5)
core   0: 0x8000b874 (0x00000f17) auipc   t5, 0x0
core   0: 3 0x8000b874 (0x00000f17) x30 0x8000b874
core   0: 0x8000b878 (0x783f2623) sw      gp, 1932(t5)
core   0: 3 0x8000b878 (0x783f2623) mem 0x8000c000 0x00000001
core   0: 0x8000b87c (0x0000bfe5) c.j     pc - 8
core   0: 3 0x8000b87c (0xbfe5)
core   0: 0x8000b874 (0x00000f17) auipc   t5, 0x0
core   0: 3 0x8000b874 (0x00000f17) x30 0x8000b874
core   0: 0x8000b878 (0x783f2623) sw      gp, 1932(t5)
core   0: 3 0x8000b878 (0x783f2623) mem 0x8000c000 0x00000001
core   0: 0x8000b87c (0x0000bfe5) c.j     pc - 8
core   0: 3 0x8000b87c (0xbfe5)
core   0: 0x8000b874 (0x00000f17) auipc   t5, 0x0
core   0: 3 0x8000b874 (0x00000f17) x30 0x8000b874
core   0: 0x8000b878 (0x783f2623) sw      gp, 1932(t5)
core   0: 3 0x8000b878 (0x783f2623) mem 0x8000c000 0x00000001
core   0: 0x8000b87c (0x0000bfe5) c.j     pc - 8
core   0: 3 0x8000b87c (0xbfe5)
core   0: 0x8000b874 (0x00000f17) auipc   t5, 0x0
core   0: 3 0x8000b874 (0x00000f17) x30 0x8000b874
core   0: 0x8000b878 (0x783f2623) sw      gp, 1932(t5)
core   0: 3 0x8000b878 (0x783f2623) mem 0x8000c000 0x00000001
core   0: 0x8000b87c (0x0000bfe5) c.j     pc - 8
core   0: 3 0x8000b87c (0xbfe5)
core   0: 0x8000b874 (0x00000f17) auipc   t5, 0x0
core   0: 3 0x8000b874 (0x00000f17) x30 0x8000b874
core   0: 0x8000b878 (0x783f2623) sw      gp, 1932(t5)
core   0: 3 0x8000b878 (0x783f2623) mem 0x8000c000 0x00000001
core   0: 0x8000b87c (0x0000bfe5) c.j     pc - 8
core   0: 3 0x8000b87c (0xbfe5)
core   0: 0x8000b874 (0x00000f17) auipc   t5, 0x0
core   0: 3 0x8000b874 (0x00000f17) x30 0x8000b874
core   0: 0x8000b878 (0x783f2623) sw      gp, 1932(t5)
core   0: 3 0x8000b878 (0x783f2623) mem 0x8000c000 0x00000001
core   0: 0x8000b87c (0x0000bfe5) c.j     pc - 8
core   0: 3 0x8000b87c (0xbfe5)
core   0: 0x8000b874 (0x00000f17) auipc   t5, 0x0
core   0: 3 0x8000b874 (0x00000f17) x30 0x8000b874
core   0: 0x8000b878 (0x783f2623) sw      gp, 1932(t5)
core   0: 3 0x8000b878 (0x783f2623) mem 0x8000c000 0x00000001
core   0: 0x8000b87c (0x0000bfe5) c.j     pc - 8
core   0: 3 0x8000b87c (0xbfe5)
core   0: 0x8000b874 (0x00000f17) auipc   t5, 0x0
core   0: 3 0x8000b874 (0x00000f17) x30 0x8000b874
core   0: 0x8000b878 (0x783f2623) sw      gp, 1932(t5)
core   0: 3 0x8000b878 (0x783f2623) mem 0x8000c000 0x00000001
core   0: 0x8000b87c (0x0000bfe5) c.j     pc - 8
core   0: 3 0x8000b87c (0xbfe5)
core   0: 0x8000b874 (0x00000f17) auipc   t5, 0x0
core   0: 3 0x8000b874 (0x00000f17) x30 0x8000b874
core   0: 0x8000b878 (0x783f2623) sw      gp, 1932(t5)
core   0: 3 0x8000b878 (0x783f2623) mem 0x8000c000 0x00000001
core   0: 0x8000b87c (0x0000bfe5) c.j     pc - 8
core   0: 3 0x8000b87c (0xbfe5)
core   0: 0x8000b874 (0x00000f17) auipc   t5, 0x0
core   0: 3 0x8000b874 (0x00000f17) x30 0x8000b874
core   0: 0x8000b878 (0x783f2623) sw      gp, 1932(t5)
core   0: 3 0x8000b878 (0x783f2623) mem 0x8000c000 0x00000001
core   0: 0x8000b87c (0x0000bfe5) c.j     pc - 8
core   0: 3 0x8000b87c (0xbfe5)
core   0: 0x8000b874 (0x00000f17) auipc   t5, 0x0
core   0: 3 0x8000b874 (0x00000f17) x30 0x8000b874
core   0: 0x8000b878 (0x783f2623) sw      gp, 1932(t5)
core   0: 3 0x8000b878 (0x783f2623) mem 0x8000c000 0x00000001
core   0: 0x8000b87c (0x0000bfe5) c.j     pc - 8
core   0: 3 0x8000b87c (0xbfe5)
core   0: 0x8000b874 (0x00000f17) auipc   t5, 0x0
core   0: 3 0x8000b874 (0x00000f17) x30 0x8000b874
core   0: 0x8000b878 (0x783f2623) sw      gp, 1932(t5)
core   0: 3 0x8000b878 (0x783f2623) mem 0x8000c000 0x00000001
core   0: 0x8000b87c (0x0000bfe5) c.j     pc - 8
core   0: 3 0x8000b87c (0xbfe5)
core   0: 0x8000b874 (0x00000f17) auipc   t5, 0x0
core   0: 3 0x8000b874 (0x00000f17) x30 0x8000b874
core   0: 0x8000b878 (0x783f2623) sw      gp, 1932(t5)
core   0: 3 0x8000b878 (0x783f2623) mem 0x8000c000 0x00000001
core   0: 0x8000b87c (0x0000bfe5) c.j     pc - 8
core   0: 3 0x8000b87c (0xbfe5)
core   0: 0x8000b874 (0x00000f17) auipc   t5, 0x0
core   0: 3 0x8000b874 (0x00000f17) x30 0x8000b874
core   0: 0x8000b878 (0x783f2623) sw      gp, 1932(t5)
core   0: 3 0x8000b878 (0x783f2623) mem 0x8000c000 0x00000001
core   0: 0x8000b87c (0x0000bfe5) c.j     pc - 8
core   0: 3 0x8000b87c (0xbfe5)
core   0: 0x8000b874 (0x00000f17) auipc   t5, 0x0
core   0: 3 0x8000b874 (0x00000f17) x30 0x8000b874
core   0: 0x8000b878 (0x783f2623) sw      gp, 1932(t5)
core   0: 3 0x8000b878 (0x783f2623) mem 0x8000c000 0x00000001
core   0: 0x8000b87c (0x0000bfe5) c.j     pc - 8
core   0: 3 0x8000b87c (0xbfe5)
core   0: 0x8000b874 (0x00000f17) auipc   t5, 0x0
core   0: 3 0x8000b874 (0x00000f17) x30 0x8000b874
core   0: 0x8000b878 (0x783f2623) sw      gp, 1932(t5)
core   0: 3 0x8000b878 (0x783f2623) mem 0x8000c000 0x00000001
core   0: 0x8000b87c (0x0000bfe5) c.j     pc - 8
core   0: 3 0x8000b87c (0xbfe5)
core   0: 0x8000b874 (0x00000f17) auipc   t5, 0x0
core   0: 3 0x8000b874 (0x00000f17) x30 0x8000b874
core   0: 0x8000b878 (0x783f2623) sw      gp, 1932(t5)
core   0: 3 0x8000b878 (0x783f2623) mem 0x8000c000 0x00000001
core   0: 0x8000b87c (0x0000bfe5) c.j     pc - 8
core   0: 3 0x8000b87c (0xbfe5)
core   0: 0x8000b874 (0x00000f17) auipc   t5, 0x0
core   0: 3 0x8000b874 (0x00000f17) x30 0x8000b874
core   0: 0x8000b878 (0x783f2623) sw      gp, 1932(t5)
core   0: 3 0x8000b878 (0x783f2623) mem 0x8000c000 0x00000001
core   0: 0x8000b87c (0x0000bfe5) c.j     pc - 8
core   0: 3 0x8000b87c (0xbfe5)
core   0: 0x8000b874 (0x00000f17) auipc   t5, 0x0
core   0: 3 0x8000b874 (0x00000f17) x30 0x8000b874
core   0: 0x8000b878 (0x783f2623) sw      gp, 1932(t5)
core   0: 3 0x8000b878 (0x783f2623) mem 0x8000c000 0x00000001
core   0: 0x8000b87c (0x0000bfe5) c.j     pc - 8
core   0: 3 0x8000b87c (0xbfe5)
core   0: 0x8000b874 (0x00000f17) auipc   t5, 0x0
core   0: 3 0x8000b874 (0x00000f17) x30 0x8000b874
core   0: 0x8000b878 (0x783f2623) sw      gp, 1932(t5)
core   0: 3 0x8000b878 (0x783f2623) mem 0x8000c000 0x00000001
core   0: 0x8000b87c (0x0000bfe5) c.j     pc - 8
core   0: 3 0x8000b87c (0xbfe5)
core   0: 0x8000b874 (0x00000f17) auipc   t5, 0x0
core   0: 3 0x8000b874 (0x00000f17) x30 0x8000b874
core   0: 0x8000b878 (0x783f2623) sw      gp, 1932(t5)
core   0: 3 0x8000b878 (0x783f2623) mem 0x8000c000 0x00000001
core   0: 0x8000b87c (0x0000bfe5) c.j     pc - 8
core   0: 3 0x8000b87c (0xbfe5)
core   0: 0x8000b874 (0x00000f17) auipc   t5, 0x0
core   0: 3 0x8000b874 (0x00000f17) x30 0x8000b874
core   0: 0x8000b878 (0x783f2623) sw      gp, 1932(t5)
core   0: 3 0x8000b878 (0x783f2623) mem 0x8000c000 0x00000001
core   0: 0x8000b87c (0x0000bfe5) c.j     pc - 8
core   0: 3 0x8000b87c (0xbfe5)
core   0: 0x8000b874 (0x00000f17) auipc   t5, 0x0
core   0: 3 0x8000b874 (0x00000f17) x30 0x8000b874
core   0: 0x8000b878 (0x783f2623) sw      gp, 1932(t5)
core   0: 3 0x8000b878 (0x783f2623) mem 0x8000c000 0x00000001
core   0: 0x8000b87c (0x0000bfe5) c.j     pc - 8
core   0: 3 0x8000b87c (0xbfe5)
core   0: 0x8000b874 (0x00000f17) auipc   t5, 0x0
core   0: 3 0x8000b874 (0x00000f17) x30 0x8000b874
core   0: 0x8000b878 (0x783f2623) sw      gp, 1932(t5)
core   0: 3 0x8000b878 (0x783f2623) mem 0x8000c000 0x00000001
core   0: 0x8000b87c (0x0000bfe5) c.j     pc - 8
core   0: 3 0x8000b87c (0xbfe5)
core   0: 0x8000b874 (0x00000f17) auipc   t5, 0x0
core   0: 3 0x8000b874 (0x00000f17) x30 0x8000b874
core   0: 0x8000b878 (0x783f2623) sw      gp, 1932(t5)
core   0: 3 0x8000b878 (0x783f2623) mem 0x8000c000 0x00000001
core   0: 0x8000b87c (0x0000bfe5) c.j     pc - 8
core   0: 3 0x8000b87c (0xbfe5)
core   0: 0x8000b874 (0x00000f17) auipc   t5, 0x0
core   0: 3 0x8000b874 (0x00000f17) x30 0x8000b874
core   0: 0x8000b878 (0x783f2623) sw      gp, 1932(t5)
core   0: 3 0x8000b878 (0x783f2623) mem 0x8000c000 0x00000001
core   0: 0x8000b87c (0x0000bfe5) c.j     pc - 8
core   0: 3 0x8000b87c (0xbfe5)
core   0: 0x8000b874 (0x00000f17) auipc   t5, 0x0
core   0: 3 0x8000b874 (0x00000f17) x30 0x8000b874
core   0: 0x8000b878 (0x783f2623) sw      gp, 1932(t5)
core   0: 3 0x8000b878 (0x783f2623) mem 0x8000c000 0x00000001
core   0: 0x8000b87c (0x0000bfe5) c.j     pc - 8
core   0: 3 0x8000b87c (0xbfe5)
core   0: 0x8000b874 (0x00000f17) auipc   t5, 0x0
core   0: 3 0x8000b874 (0x00000f17) x30 0x8000b874
core   0: 0x8000b878 (0x783f2623) sw      gp, 1932(t5)
core   0: 3 0x8000b878 (0x783f2623) mem 0x8000c000 0x00000001
core   0: 0x8000b87c (0x0000bfe5) c.j     pc - 8
core   0: 3 0x8000b87c (0xbfe5)
core   0: 0x8000b874 (0x00000f17) auipc   t5, 0x0
core   0: 3 0x8000b874 (0x00000f17) x30 0x8000b874
core   0: 0x8000b878 (0x783f2623) sw      gp, 1932(t5)
core   0: 3 0x8000b878 (0x783f2623) mem 0x8000c000 0x00000001
core   0: 0x8000b87c (0x0000bfe5) c.j     pc - 8
core   0: 3 0x8000b87c (0xbfe5)
core   0: 0x8000b874 (0x00000f17) auipc   t5, 0x0
core   0: 3 0x8000b874 (0x00000f17) x30 0x8000b874
core   0: 0x8000b878 (0x783f2623) sw      gp, 1932(t5)
core   0: 3 0x8000b878 (0x783f2623) mem 0x8000c000 0x00000001
core   0: 0x8000b87c (0x0000bfe5) c.j     pc - 8
core   0: 3 0x8000b87c (0xbfe5)
core   0: 0x8000b874 (0x00000f17) auipc   t5, 0x0
core   0: 3 0x8000b874 (0x00000f17) x30 0x8000b874
core   0: 0x8000b878 (0x783f2623) sw      gp, 1932(t5)
core   0: 3 0x8000b878 (0x783f2623) mem 0x8000c000 0x00000001
core   0: 0x8000b87c (0x0000bfe5) c.j     pc - 8
core   0: 3 0x8000b87c (0xbfe5)
core   0: 0x8000b874 (0x00000f17) auipc   t5, 0x0
core   0: 3 0x8000b874 (0x00000f17) x30 0x8000b874
core   0: 0x8000b878 (0x783f2623) sw      gp, 1932(t5)
core   0: 3 0x8000b878 (0x783f2623) mem 0x8000c000 0x00000001
core   0: 0x8000b87c (0x0000bfe5) c.j     pc - 8
core   0: 3 0x8000b87c (0xbfe5)
core   0: 0x8000b874 (0x00000f17) auipc   t5, 0x0
core   0: 3 0x8000b874 (0x00000f17) x30 0x8000b874
core   0: 0x8000b878 (0x783f2623) sw      gp, 1932(t5)
core   0: 3 0x8000b878 (0x783f2623) mem 0x8000c000 0x00000001
core   0: 0x8000b87c (0x0000bfe5) c.j     pc - 8
core   0: 3 0x8000b87c (0xbfe5)
core   0: 0x8000b874 (0x00000f17) auipc   t5, 0x0
core   0: 3 0x8000b874 (0x00000f17) x30 0x8000b874
core   0: 0x8000b878 (0x783f2623) sw      gp, 1932(t5)
core   0: 3 0x8000b878 (0x783f2623) mem 0x8000c000 0x00000001
core   0: 0x8000b87c (0x0000bfe5) c.j     pc - 8
core   0: 3 0x8000b87c (0xbfe5)
core   0: 0x8000b874 (0x00000f17) auipc   t5, 0x0
core   0: 3 0x8000b874 (0x00000f17) x30 0x8000b874
core   0: 0x8000b878 (0x783f2623) sw      gp, 1932(t5)
core   0: 3 0x8000b878 (0x783f2623) mem 0x8000c000 0x00000001
core   0: 0x8000b87c (0x0000bfe5) c.j     pc - 8
core   0: 3 0x8000b87c (0xbfe5)
core   0: 0x8000b874 (0x00000f17) auipc   t5, 0x0
core   0: 3 0x8000b874 (0x00000f17) x30 0x8000b874
core   0: 0x8000b878 (0x783f2623) sw      gp, 1932(t5)
core   0: 3 0x8000b878 (0x783f2623) mem 0x8000c000 0x00000001
core   0: 0x8000b87c (0x0000bfe5) c.j     pc - 8
core   0: 3 0x8000b87c (0xbfe5)
core   0: 0x8000b874 (0x00000f17) auipc   t5, 0x0
core   0: 3 0x8000b874 (0x00000f17) x30 0x8000b874
core   0: 0x8000b878 (0x783f2623) sw      gp, 1932(t5)
core   0: 3 0x8000b878 (0x783f2623) mem 0x8000c000 0x00000001
core   0: 0x8000b87c (0x0000bfe5) c.j     pc - 8
core   0: 3 0x8000b87c (0xbfe5)
core   0: 0x8000b874 (0x00000f17) auipc   t5, 0x0
core   0: 3 0x8000b874 (0x00000f17) x30 0x8000b874
core   0: 0x8000b878 (0x783f2623) sw      gp, 1932(t5)
core   0: 3 0x8000b878 (0x783f2623) mem 0x8000c000 0x00000001
core   0: 0x8000b87c (0x0000bfe5) c.j     pc - 8
core   0: 3 0x8000b87c (0xbfe5)
core   0: 0x8000b874 (0x00000f17) auipc   t5, 0x0
core   0: 3 0x8000b874 (0x00000f17) x30 0x8000b874
core   0: 0x8000b878 (0x783f2623) sw      gp, 1932(t5)
core   0: 3 0x8000b878 (0x783f2623) mem 0x8000c000 0x00000001
core   0: 0x8000b87c (0x0000bfe5) c.j     pc - 8
core   0: 3 0x8000b87c (0xbfe5)
core   0: 0x8000b874 (0x00000f17) auipc   t5, 0x0
core   0: 3 0x8000b874 (0x00000f17) x30 0x8000b874
core   0: 0x8000b878 (0x783f2623) sw      gp, 1932(t5)
core   0: 3 0x8000b878 (0x783f2623) mem 0x8000c000 0x00000001
core   0: 0x8000b87c (0x0000bfe5) c.j     pc - 8
core   0: 3 0x8000b87c (0xbfe5)
core   0: 0x8000b874 (0x00000f17) auipc   t5, 0x0
core   0: 3 0x8000b874 (0x00000f17) x30 0x8000b874
core   0: 0x8000b878 (0x783f2623) sw      gp, 1932(t5)
core   0: 3 0x8000b878 (0x783f2623) mem 0x8000c000 0x00000001
core   0: 0x8000b87c (0x0000bfe5) c.j     pc - 8
core   0: 3 0x8000b87c (0xbfe5)
core   0: 0x8000b874 (0x00000f17) auipc   t5, 0x0
core   0: 3 0x8000b874 (0x00000f17) x30 0x8000b874
core   0: 0x8000b878 (0x783f2623) sw      gp, 1932(t5)
core   0: 3 0x8000b878 (0x783f2623) mem 0x8000c000 0x00000001
core   0: 0x8000b87c (0x0000bfe5) c.j     pc - 8
core   0: 3 0x8000b87c (0xbfe5)
core   0: 0x8000b874 (0x00000f17) auipc   t5, 0x0
core   0: 3 0x8000b874 (0x00000f17) x30 0x8000b874
core   0: 0x8000b878 (0x783f2623) sw      gp, 1932(t5)
core   0: 3 0x8000b878 (0x783f2623) mem 0x8000c000 0x00000001
core   0: 0x8000b87c (0x0000bfe5) c.j     pc - 8
core   0: 3 0x8000b87c (0xbfe5)
core   0: 0x8000b874 (0x00000f17) auipc   t5, 0x0
core   0: 3 0x8000b874 (0x00000f17) x30 0x8000b874
core   0: 0x8000b878 (0x783f2623) sw      gp, 1932(t5)
core   0: 3 0x8000b878 (0x783f2623) mem 0x8000c000 0x00000001
core   0: 0x8000b87c (0x0000bfe5) c.j     pc - 8
core   0: 3 0x8000b87c (0xbfe5)
core   0: 0x8000b874 (0x00000f17) auipc   t5, 0x0
core   0: 3 0x8000b874 (0x00000f17) x30 0x8000b874
core   0: 0x8000b878 (0x783f2623) sw      gp, 1932(t5)
core   0: 3 0x8000b878 (0x783f2623) mem 0x8000c000 0x00000001
core   0: 0x8000b87c (0x0000bfe5) c.j     pc - 8
core   0: 3 0x8000b87c (0xbfe5)
core   0: 0x8000b874 (0x00000f17) auipc   t5, 0x0
core   0: 3 0x8000b874 (0x00000f17) x30 0x8000b874
core   0: 0x8000b878 (0x783f2623) sw      gp, 1932(t5)
core   0: 3 0x8000b878 (0x783f2623) mem 0x8000c000 0x00000001
core   0: 0x8000b87c (0x0000bfe5) c.j     pc - 8
core   0: 3 0x8000b87c (0xbfe5)
core   0: 0x8000b874 (0x00000f17) auipc   t5, 0x0
core   0: 3 0x8000b874 (0x00000f17) x30 0x8000b874
core   0: 0x8000b878 (0x783f2623) sw      gp, 1932(t5)
core   0: 3 0x8000b878 (0x783f2623) mem 0x8000c000 0x00000001
core   0: 0x8000b87c (0x0000bfe5) c.j     pc - 8
core   0: 3 0x8000b87c (0xbfe5)
core   0: 0x8000b874 (0x00000f17) auipc   t5, 0x0
core   0: 3 0x8000b874 (0x00000f17) x30 0x8000b874
core   0: 0x8000b878 (0x783f2623) sw      gp, 1932(t5)
core   0: 3 0x8000b878 (0x783f2623) mem 0x8000c000 0x00000001
core   0: 0x8000b87c (0x0000bfe5) c.j     pc - 8
core   0: 3 0x8000b87c (0xbfe5)
core   0: 0x8000b874 (0x00000f17) auipc   t5, 0x0
core   0: 3 0x8000b874 (0x00000f17) x30 0x8000b874
core   0: 0x8000b878 (0x783f2623) sw      gp, 1932(t5)
core   0: 3 0x8000b878 (0x783f2623) mem 0x8000c000 0x00000001
core   0: 0x8000b87c (0x0000bfe5) c.j     pc - 8
core   0: 3 0x8000b87c (0xbfe5)
core   0: 0x8000b874 (0x00000f17) auipc   t5, 0x0
core   0: 3 0x8000b874 (0x00000f17) x30 0x8000b874
core   0: 0x8000b878 (0x783f2623) sw      gp, 1932(t5)
core   0: 3 0x8000b878 (0x783f2623) mem 0x8000c000 0x00000001
core   0: 0x8000b87c (0x0000bfe5) c.j     pc - 8
core   0: 3 0x8000b87c (0xbfe5)
core   0: 0x8000b874 (0x00000f17) auipc   t5, 0x0
core   0: 3 0x8000b874 (0x00000f17) x30 0x8000b874
core   0: 0x8000b878 (0x783f2623) sw      gp, 1932(t5)
core   0: 3 0x8000b878 (0x783f2623) mem 0x8000c000 0x00000001
core   0: 0x8000b87c (0x0000bfe5) c.j     pc - 8
core   0: 3 0x8000b87c (0xbfe5)
core   0: 0x8000b874 (0x00000f17) auipc   t5, 0x0
core   0: 3 0x8000b874 (0x00000f17) x30 0x8000b874
core   0: 0x8000b878 (0x783f2623) sw      gp, 1932(t5)
core   0: 3 0x8000b878 (0x783f2623) mem 0x8000c000 0x00000001
core   0: 0x8000b87c (0x0000bfe5) c.j     pc - 8
core   0: 3 0x8000b87c (0xbfe5)
core   0: 0x8000b874 (0x00000f17) auipc   t5, 0x0
core   0: 3 0x8000b874 (0x00000f17) x30 0x8000b874
core   0: 0x8000b878 (0x783f2623) sw      gp, 1932(t5)
core   0: 3 0x8000b878 (0x783f2623) mem 0x8000c000 0x00000001
core   0: 0x8000b87c (0x0000bfe5) c.j     pc - 8
core   0: 3 0x8000b87c (0xbfe5)
core   0: 0x8000b874 (0x00000f17) auipc   t5, 0x0
core   0: 3 0x8000b874 (0x00000f17) x30 0x8000b874
core   0: 0x8000b878 (0x783f2623) sw      gp, 1932(t5)
core   0: 3 0x8000b878 (0x783f2623) mem 0x8000c000 0x00000001
core   0: 0x8000b87c (0x0000bfe5) c.j     pc - 8
core   0: 3 0x8000b87c (0xbfe5)
core   0: 0x8000b874 (0x00000f17) auipc   t5, 0x0
core   0: 3 0x8000b874 (0x00000f17) x30 0x8000b874
core   0: 0x8000b878 (0x783f2623) sw      gp, 1932(t5)
core   0: 3 0x8000b878 (0x783f2623) mem 0x8000c000 0x00000001
core   0: 0x8000b87c (0x0000bfe5) c.j     pc - 8
core   0: 3 0x8000b87c (0xbfe5)
core   0: 0x8000b874 (0x00000f17) auipc   t5, 0x0
core   0: 3 0x8000b874 (0x00000f17) x30 0x8000b874
core   0: 0x8000b878 (0x783f2623) sw      gp, 1932(t5)
core   0: 3 0x8000b878 (0x783f2623) mem 0x8000c000 0x00000001
core   0: 0x8000b87c (0x0000bfe5) c.j     pc - 8
core   0: 3 0x8000b87c (0xbfe5)
core   0: 0x8000b874 (0x00000f17) auipc   t5, 0x0
core   0: 3 0x8000b874 (0x00000f17) x30 0x8000b874
core   0: 0x8000b878 (0x783f2623) sw      gp, 1932(t5)
core   0: 3 0x8000b878 (0x783f2623) mem 0x8000c000 0x00000001
core   0: 0x8000b87c (0x0000bfe5) c.j     pc - 8
core   0: 3 0x8000b87c (0xbfe5)
core   0: 0x8000b874 (0x00000f17) auipc   t5, 0x0
core   0: 3 0x8000b874 (0x00000f17) x30 0x8000b874
core   0: 0x8000b878 (0x783f2623) sw      gp, 1932(t5)
core   0: 3 0x8000b878 (0x783f2623) mem 0x8000c000 0x00000001
core   0: 0x8000b87c (0x0000bfe5) c.j     pc - 8
core   0: 3 0x8000b87c (0xbfe5)
core   0: 0x8000b874 (0x00000f17) auipc   t5, 0x0
core   0: 3 0x8000b874 (0x00000f17) x30 0x8000b874
core   0: 0x8000b878 (0x783f2623) sw      gp, 1932(t5)
core   0: 3 0x8000b878 (0x783f2623) mem 0x8000c000 0x00000001
core   0: 0x8000b87c (0x0000bfe5) c.j     pc - 8
core   0: 3 0x8000b87c (0xbfe5)
core   0: 0x8000b874 (0x00000f17) auipc   t5, 0x0
core   0: 3 0x8000b874 (0x00000f17) x30 0x8000b874
core   0: 0x8000b878 (0x783f2623) sw      gp, 1932(t5)
core   0: 3 0x8000b878 (0x783f2623) mem 0x8000c000 0x00000001
core   0: 0x8000b87c (0x0000bfe5) c.j     pc - 8
core   0: 3 0x8000b87c (0xbfe5)
core   0: 0x8000b874 (0x00000f17) auipc   t5, 0x0
core   0: 3 0x8000b874 (0x00000f17) x30 0x8000b874
core   0: 0x8000b878 (0x783f2623) sw      gp, 1932(t5)
core   0: 3 0x8000b878 (0x783f2623) mem 0x8000c000 0x00000001
core   0: 0x8000b87c (0x0000bfe5) c.j     pc - 8
core   0: 3 0x8000b87c (0xbfe5)
core   0: 0x8000b874 (0x00000f17) auipc   t5, 0x0
core   0: 3 0x8000b874 (0x00000f17) x30 0x8000b874
core   0: 0x8000b878 (0x783f2623) sw      gp, 1932(t5)
core   0: 3 0x8000b878 (0x783f2623) mem 0x8000c000 0x00000001
core   0: 0x8000b87c (0x0000bfe5) c.j     pc - 8
core   0: 3 0x8000b87c (0xbfe5)
core   0: 0x8000b874 (0x00000f17) auipc   t5, 0x0
core   0: 3 0x8000b874 (0x00000f17) x30 0x8000b874
core   0: 0x8000b878 (0x783f2623) sw      gp, 1932(t5)
core   0: 3 0x8000b878 (0x783f2623) mem 0x8000c000 0x00000001
core   0: 0x8000b87c (0x0000bfe5) c.j     pc - 8
core   0: 3 0x8000b87c (0xbfe5)
core   0: 0x8000b874 (0x00000f17) auipc   t5, 0x0
core   0: 3 0x8000b874 (0x00000f17) x30 0x8000b874
core   0: 0x8000b878 (0x783f2623) sw      gp, 1932(t5)
core   0: 3 0x8000b878 (0x783f2623) mem 0x8000c000 0x00000001
core   0: 0x8000b87c (0x0000bfe5) c.j     pc - 8
core   0: 3 0x8000b87c (0xbfe5)
core   0: 0x8000b874 (0x00000f17) auipc   t5, 0x0
core   0: 3 0x8000b874 (0x00000f17) x30 0x8000b874
core   0: 0x8000b878 (0x783f2623) sw      gp, 1932(t5)
core   0: 3 0x8000b878 (0x783f2623) mem 0x8000c000 0x00000001
core   0: 0x8000b87c (0x0000bfe5) c.j     pc - 8
core   0: 3 0x8000b87c (0xbfe5)
core   0: 0x8000b874 (0x00000f17) auipc   t5, 0x0
core   0: 3 0x8000b874 (0x00000f17) x30 0x8000b874
core   0: 0x8000b878 (0x783f2623) sw      gp, 1932(t5)
core   0: 3 0x8000b878 (0x783f2623) mem 0x8000c000 0x00000001
core   0: 0x8000b87c (0x0000bfe5) c.j     pc - 8
core   0: 3 0x8000b87c (0xbfe5)
core   0: 0x8000b874 (0x00000f17) auipc   t5, 0x0
core   0: 3 0x8000b874 (0x00000f17) x30 0x8000b874
core   0: 0x8000b878 (0x783f2623) sw      gp, 1932(t5)
core   0: 3 0x8000b878 (0x783f2623) mem 0x8000c000 0x00000001
core   0: 0x8000b87c (0x0000bfe5) c.j     pc - 8
core   0: 3 0x8000b87c (0xbfe5)
core   0: 0x8000b874 (0x00000f17) auipc   t5, 0x0
core   0: 3 0x8000b874 (0x00000f17) x30 0x8000b874
core   0: 0x8000b878 (0x783f2623) sw      gp, 1932(t5)
core   0: 3 0x8000b878 (0x783f2623) mem 0x8000c000 0x00000001
core   0: 0x8000b87c (0x0000bfe5) c.j     pc - 8
core   0: 3 0x8000b87c (0xbfe5)
core   0: 0x8000b874 (0x00000f17) auipc   t5, 0x0
core   0: 3 0x8000b874 (0x00000f17) x30 0x8000b874
core   0: 0x8000b878 (0x783f2623) sw      gp, 1932(t5)
core   0: 3 0x8000b878 (0x783f2623) mem 0x8000c000 0x00000001
core   0: 0x8000b87c (0x0000bfe5) c.j     pc - 8
core   0: 3 0x8000b87c (0xbfe5)
core   0: 0x8000b874 (0x00000f17) auipc   t5, 0x0
core   0: 3 0x8000b874 (0x00000f17) x30 0x8000b874
core   0: 0x8000b878 (0x783f2623) sw      gp, 1932(t5)
core   0: 3 0x8000b878 (0x783f2623) mem 0x8000c000 0x00000001
core   0: 0x8000b87c (0x0000bfe5) c.j     pc - 8
core   0: 3 0x8000b87c (0xbfe5)
core   0: 0x8000b874 (0x00000f17) auipc   t5, 0x0
core   0: 3 0x8000b874 (0x00000f17) x30 0x8000b874
core   0: 0x8000b878 (0x783f2623) sw      gp, 1932(t5)
core   0: 3 0x8000b878 (0x783f2623) mem 0x8000c000 0x00000001
core   0: 0x8000b87c (0x0000bfe5) c.j     pc - 8
core   0: 3 0x8000b87c (0xbfe5)
core   0: 0x8000b874 (0x00000f17) auipc   t5, 0x0
core   0: 3 0x8000b874 (0x00000f17) x30 0x8000b874
core   0: 0x8000b878 (0x783f2623) sw      gp, 1932(t5)
core   0: 3 0x8000b878 (0x783f2623) mem 0x8000c000 0x00000001
core   0: 0x8000b87c (0x0000bfe5) c.j     pc - 8
core   0: 3 0x8000b87c (0xbfe5)
core   0: 0x8000b874 (0x00000f17) auipc   t5, 0x0
core   0: 3 0x8000b874 (0x00000f17) x30 0x8000b874
core   0: 0x8000b878 (0x783f2623) sw      gp, 1932(t5)
core   0: 3 0x8000b878 (0x783f2623) mem 0x8000c000 0x00000001
core   0: 0x8000b87c (0x0000bfe5) c.j     pc - 8
core   0: 3 0x8000b87c (0xbfe5)
core   0: 0x8000b874 (0x00000f17) auipc   t5, 0x0
core   0: 3 0x8000b874 (0x00000f17) x30 0x8000b874
core   0: 0x8000b878 (0x783f2623) sw      gp, 1932(t5)
core   0: 3 0x8000b878 (0x783f2623) mem 0x8000c000 0x00000001
core   0: 0x8000b87c (0x0000bfe5) c.j     pc - 8
core   0: 3 0x8000b87c (0xbfe5)
core   0: 0x8000b874 (0x00000f17) auipc   t5, 0x0
core   0: 3 0x8000b874 (0x00000f17) x30 0x8000b874
core   0: 0x8000b878 (0x783f2623) sw      gp, 1932(t5)
core   0: 3 0x8000b878 (0x783f2623) mem 0x8000c000 0x00000001
core   0: 0x8000b87c (0x0000bfe5) c.j     pc - 8
core   0: 3 0x8000b87c (0xbfe5)
core   0: 0x8000b874 (0x00000f17) auipc   t5, 0x0
core   0: 3 0x8000b874 (0x00000f17) x30 0x8000b874
core   0: 0x8000b878 (0x783f2623) sw      gp, 1932(t5)
core   0: 3 0x8000b878 (0x783f2623) mem 0x8000c000 0x00000001
core   0: 0x8000b87c (0x0000bfe5) c.j     pc - 8
core   0: 3 0x8000b87c (0xbfe5)
core   0: 0x8000b874 (0x00000f17) auipc   t5, 0x0
core   0: 3 0x8000b874 (0x00000f17) x30 0x8000b874
core   0: 0x8000b878 (0x783f2623) sw      gp, 1932(t5)
core   0: 3 0x8000b878 (0x783f2623) mem 0x8000c000 0x00000001
core   0: 0x8000b87c (0x0000bfe5) c.j     pc - 8
core   0: 3 0x8000b87c (0xbfe5)
core   0: 0x8000b874 (0x00000f17) auipc   t5, 0x0
core   0: 3 0x8000b874 (0x00000f17) x30 0x8000b874
core   0: 0x8000b878 (0x783f2623) sw      gp, 1932(t5)
core   0: 3 0x8000b878 (0x783f2623) mem 0x8000c000 0x00000001
core   0: 0x8000b87c (0x0000bfe5) c.j     pc - 8
core   0: 3 0x8000b87c (0xbfe5)
core   0: 0x8000b874 (0x00000f17) auipc   t5, 0x0
core   0: 3 0x8000b874 (0x00000f17) x30 0x8000b874
core   0: 0x8000b878 (0x783f2623) sw      gp, 1932(t5)
core   0: 3 0x8000b878 (0x783f2623) mem 0x8000c000 0x00000001
core   0: 0x8000b87c (0x0000bfe5) c.j     pc - 8
core   0: 3 0x8000b87c (0xbfe5)
core   0: 0x8000b874 (0x00000f17) auipc   t5, 0x0
core   0: 3 0x8000b874 (0x00000f17) x30 0x8000b874
core   0: 0x8000b878 (0x783f2623) sw      gp, 1932(t5)
core   0: 3 0x8000b878 (0x783f2623) mem 0x8000c000 0x00000001
core   0: 0x8000b87c (0x0000bfe5) c.j     pc - 8
core   0: 3 0x8000b87c (0xbfe5)
core   0: 0x8000b874 (0x00000f17) auipc   t5, 0x0
core   0: 3 0x8000b874 (0x00000f17) x30 0x8000b874
core   0: 0x8000b878 (0x783f2623) sw      gp, 1932(t5)
core   0: 3 0x8000b878 (0x783f2623) mem 0x8000c000 0x00000001
core   0: 0x8000b87c (0x0000bfe5) c.j     pc - 8
core   0: 3 0x8000b87c (0xbfe5)
core   0: 0x8000b874 (0x00000f17) auipc   t5, 0x0
core   0: 3 0x8000b874 (0x00000f17) x30 0x8000b874
core   0: 0x8000b878 (0x783f2623) sw      gp, 1932(t5)
core   0: 3 0x8000b878 (0x783f2623) mem 0x8000c000 0x00000001
core   0: 0x8000b87c (0x0000bfe5) c.j     pc - 8
core   0: 3 0x8000b87c (0xbfe5)
core   0: 0x8000b874 (0x00000f17) auipc   t5, 0x0
core   0: 3 0x8000b874 (0x00000f17) x30 0x8000b874
core   0: 0x8000b878 (0x783f2623) sw      gp, 1932(t5)
core   0: 3 0x8000b878 (0x783f2623) mem 0x8000c000 0x00000001
core   0: 0x8000b87c (0x0000bfe5) c.j     pc - 8
core   0: 3 0x8000b87c (0xbfe5)
core   0: 0x8000b874 (0x00000f17) auipc   t5, 0x0
core   0: 3 0x8000b874 (0x00000f17) x30 0x8000b874
core   0: 0x8000b878 (0x783f2623) sw      gp, 1932(t5)
core   0: 3 0x8000b878 (0x783f2623) mem 0x8000c000 0x00000001
core   0: 0x8000b87c (0x0000bfe5) c.j     pc - 8
core   0: 3 0x8000b87c (0xbfe5)
core   0: 0x8000b874 (0x00000f17) auipc   t5, 0x0
core   0: 3 0x8000b874 (0x00000f17) x30 0x8000b874
core   0: 0x8000b878 (0x783f2623) sw      gp, 1932(t5)
core   0: 3 0x8000b878 (0x783f2623) mem 0x8000c000 0x00000001
core   0: 0x8000b87c (0x0000bfe5) c.j     pc - 8
core   0: 3 0x8000b87c (0xbfe5)
core   0: 0x8000b874 (0x00000f17) auipc   t5, 0x0
core   0: 3 0x8000b874 (0x00000f17) x30 0x8000b874
core   0: 0x8000b878 (0x783f2623) sw      gp, 1932(t5)
core   0: 3 0x8000b878 (0x783f2623) mem 0x8000c000 0x00000001
core   0: 0x8000b87c (0x0000bfe5) c.j     pc - 8
core   0: 3 0x8000b87c (0xbfe5)
core   0: 0x8000b874 (0x00000f17) auipc   t5, 0x0
core   0: 3 0x8000b874 (0x00000f17) x30 0x8000b874
core   0: 0x8000b878 (0x783f2623) sw      gp, 1932(t5)
core   0: 3 0x8000b878 (0x783f2623) mem 0x8000c000 0x00000001
core   0: 0x8000b87c (0x0000bfe5) c.j     pc - 8
core   0: 3 0x8000b87c (0xbfe5)
core   0: 0x8000b874 (0x00000f17) auipc   t5, 0x0
core   0: 3 0x8000b874 (0x00000f17) x30 0x8000b874
core   0: 0x8000b878 (0x783f2623) sw      gp, 1932(t5)
core   0: 3 0x8000b878 (0x783f2623) mem 0x8000c000 0x00000001
core   0: 0x8000b87c (0x0000bfe5) c.j     pc - 8
core   0: 3 0x8000b87c (0xbfe5)
core   0: 0x8000b874 (0x00000f17) auipc   t5, 0x0
core   0: 3 0x8000b874 (0x00000f17) x30 0x8000b874
core   0: 0x8000b878 (0x783f2623) sw      gp, 1932(t5)
core   0: 3 0x8000b878 (0x783f2623) mem 0x8000c000 0x00000001
core   0: 0x8000b87c (0x0000bfe5) c.j     pc - 8
core   0: 3 0x8000b87c (0xbfe5)
core   0: 0x8000b874 (0x00000f17) auipc   t5, 0x0
core   0: 3 0x8000b874 (0x00000f17) x30 0x8000b874
core   0: 0x8000b878 (0x783f2623) sw      gp, 1932(t5)
core   0: 3 0x8000b878 (0x783f2623) mem 0x8000c000 0x00000001
core   0: 0x8000b87c (0x0000bfe5) c.j     pc - 8
core   0: 3 0x8000b87c (0xbfe5)
core   0: 0x8000b874 (0x00000f17) auipc   t5, 0x0
core   0: 3 0x8000b874 (0x00000f17) x30 0x8000b874
core   0: 0x8000b878 (0x783f2623) sw      gp, 1932(t5)
core   0: 3 0x8000b878 (0x783f2623) mem 0x8000c000 0x00000001
core   0: 0x8000b87c (0x0000bfe5) c.j     pc - 8
core   0: 3 0x8000b87c (0xbfe5)
core   0: 0x8000b874 (0x00000f17) auipc   t5, 0x0
core   0: 3 0x8000b874 (0x00000f17) x30 0x8000b874
core   0: 0x8000b878 (0x783f2623) sw      gp, 1932(t5)
core   0: 3 0x8000b878 (0x783f2623) mem 0x8000c000 0x00000001
core   0: 0x8000b87c (0x0000bfe5) c.j     pc - 8
core   0: 3 0x8000b87c (0xbfe5)
core   0: 0x8000b874 (0x00000f17) auipc   t5, 0x0
core   0: 3 0x8000b874 (0x00000f17) x30 0x8000b874
core   0: 0x8000b878 (0x783f2623) sw      gp, 1932(t5)
core   0: 3 0x8000b878 (0x783f2623) mem 0x8000c000 0x00000001
core   0: 0x8000b87c (0x0000bfe5) c.j     pc - 8
core   0: 3 0x8000b87c (0xbfe5)
core   0: 0x8000b874 (0x00000f17) auipc   t5, 0x0
core   0: 3 0x8000b874 (0x00000f17) x30 0x8000b874
core   0: 0x8000b878 (0x783f2623) sw      gp, 1932(t5)
core   0: 3 0x8000b878 (0x783f2623) mem 0x8000c000 0x00000001
core   0: 0x8000b87c (0x0000bfe5) c.j     pc - 8
core   0: 3 0x8000b87c (0xbfe5)
core   0: 0x8000b874 (0x00000f17) auipc   t5, 0x0
core   0: 3 0x8000b874 (0x00000f17) x30 0x8000b874
core   0: 0x8000b878 (0x783f2623) sw      gp, 1932(t5)
core   0: 3 0x8000b878 (0x783f2623) mem 0x8000c000 0x00000001
core   0: 0x8000b87c (0x0000bfe5) c.j     pc - 8
core   0: 3 0x8000b87c (0xbfe5)
core   0: 0x8000b874 (0x00000f17) auipc   t5, 0x0
core   0: 3 0x8000b874 (0x00000f17) x30 0x8000b874
core   0: 0x8000b878 (0x783f2623) sw      gp, 1932(t5)
core   0: 3 0x8000b878 (0x783f2623) mem 0x8000c000 0x00000001
core   0: 0x8000b87c (0x0000bfe5) c.j     pc - 8
core   0: 3 0x8000b87c (0xbfe5)
core   0: 0x8000b874 (0x00000f17) auipc   t5, 0x0
core   0: 3 0x8000b874 (0x00000f17) x30 0x8000b874
core   0: 0x8000b878 (0x783f2623) sw      gp, 1932(t5)
core   0: 3 0x8000b878 (0x783f2623) mem 0x8000c000 0x00000001
core   0: 0x8000b87c (0x0000bfe5) c.j     pc - 8
core   0: 3 0x8000b87c (0xbfe5)
core   0: 0x8000b874 (0x00000f17) auipc   t5, 0x0
core   0: 3 0x8000b874 (0x00000f17) x30 0x8000b874
core   0: 0x8000b878 (0x783f2623) sw      gp, 1932(t5)
core   0: 3 0x8000b878 (0x783f2623) mem 0x8000c000 0x00000001
core   0: 0x8000b87c (0x0000bfe5) c.j     pc - 8
core   0: 3 0x8000b87c (0xbfe5)
core   0: 0x8000b874 (0x00000f17) auipc   t5, 0x0
core   0: 3 0x8000b874 (0x00000f17) x30 0x8000b874
core   0: 0x8000b878 (0x783f2623) sw      gp, 1932(t5)
core   0: 3 0x8000b878 (0x783f2623) mem 0x8000c000 0x00000001
core   0: 0x8000b87c (0x0000bfe5) c.j     pc - 8
core   0: 3 0x8000b87c (0xbfe5)
core   0: 0x8000b874 (0x00000f17) auipc   t5, 0x0
core   0: 3 0x8000b874 (0x00000f17) x30 0x8000b874
core   0: 0x8000b878 (0x783f2623) sw      gp, 1932(t5)
core   0: 3 0x8000b878 (0x783f2623) mem 0x8000c000 0x00000001
core   0: 0x8000b87c (0x0000bfe5) c.j     pc - 8
core   0: 3 0x8000b87c (0xbfe5)
core   0: 0x8000b874 (0x00000f17) auipc   t5, 0x0
core   0: 3 0x8000b874 (0x00000f17) x30 0x8000b874
core   0: 0x8000b878 (0x783f2623) sw      gp, 1932(t5)
core   0: 3 0x8000b878 (0x783f2623) mem 0x8000c000 0x00000001
core   0: 0x8000b87c (0x0000bfe5) c.j     pc - 8
core   0: 3 0x8000b87c (0xbfe5)
core   0: 0x8000b874 (0x00000f17) auipc   t5, 0x0
core   0: 3 0x8000b874 (0x00000f17) x30 0x8000b874
core   0: 0x8000b878 (0x783f2623) sw      gp, 1932(t5)
core   0: 3 0x8000b878 (0x783f2623) mem 0x8000c000 0x00000001
core   0: 0x8000b87c (0x0000bfe5) c.j     pc - 8
core   0: 3 0x8000b87c (0xbfe5)
core   0: 0x8000b874 (0x00000f17) auipc   t5, 0x0
core   0: 3 0x8000b874 (0x00000f17) x30 0x8000b874
core   0: 0x8000b878 (0x783f2623) sw      gp, 1932(t5)
core   0: 3 0x8000b878 (0x783f2623) mem 0x8000c000 0x00000001
core   0: 0x8000b87c (0x0000bfe5) c.j     pc - 8
core   0: 3 0x8000b87c (0xbfe5)
core   0: 0x8000b874 (0x00000f17) auipc   t5, 0x0
core   0: 3 0x8000b874 (0x00000f17) x30 0x8000b874
core   0: 0x8000b878 (0x783f2623) sw      gp, 1932(t5)
core   0: 3 0x8000b878 (0x783f2623) mem 0x8000c000 0x00000001
core   0: 0x8000b87c (0x0000bfe5) c.j     pc - 8
core   0: 3 0x8000b87c (0xbfe5)
core   0: 0x8000b874 (0x00000f17) auipc   t5, 0x0
core   0: 3 0x8000b874 (0x00000f17) x30 0x8000b874
core   0: 0x8000b878 (0x783f2623) sw      gp, 1932(t5)
core   0: 3 0x8000b878 (0x783f2623) mem 0x8000c000 0x00000001
core   0: 0x8000b87c (0x0000bfe5) c.j     pc - 8
core   0: 3 0x8000b87c (0xbfe5)
core   0: 0x8000b874 (0x00000f17) auipc   t5, 0x0
core   0: 3 0x8000b874 (0x00000f17) x30 0x8000b874
core   0: 0x8000b878 (0x783f2623) sw      gp, 1932(t5)
core   0: 3 0x8000b878 (0x783f2623) mem 0x8000c000 0x00000001
core   0: 0x8000b87c (0x0000bfe5) c.j     pc - 8
core   0: 3 0x8000b87c (0xbfe5)
core   0: 0x8000b874 (0x00000f17) auipc   t5, 0x0
core   0: 3 0x8000b874 (0x00000f17) x30 0x8000b874
core   0: 0x8000b878 (0x783f2623) sw      gp, 1932(t5)
core   0: 3 0x8000b878 (0x783f2623) mem 0x8000c000 0x00000001
core   0: 0x8000b87c (0x0000bfe5) c.j     pc - 8
core   0: 3 0x8000b87c (0xbfe5)
core   0: 0x8000b874 (0x00000f17) auipc   t5, 0x0
core   0: 3 0x8000b874 (0x00000f17) x30 0x8000b874
core   0: 0x8000b878 (0x783f2623) sw      gp, 1932(t5)
core   0: 3 0x8000b878 (0x783f2623) mem 0x8000c000 0x00000001
core   0: 0x8000b87c (0x0000bfe5) c.j     pc - 8
core   0: 3 0x8000b87c (0xbfe5)
core   0: 0x8000b874 (0x00000f17) auipc   t5, 0x0
core   0: 3 0x8000b874 (0x00000f17) x30 0x8000b874
core   0: 0x8000b878 (0x783f2623) sw      gp, 1932(t5)
core   0: 3 0x8000b878 (0x783f2623) mem 0x8000c000 0x00000001
core   0: 0x8000b87c (0x0000bfe5) c.j     pc - 8
core   0: 3 0x8000b87c (0xbfe5)
core   0: 0x8000b874 (0x00000f17) auipc   t5, 0x0
core   0: 3 0x8000b874 (0x00000f17) x30 0x8000b874
core   0: 0x8000b878 (0x783f2623) sw      gp, 1932(t5)
core   0: 3 0x8000b878 (0x783f2623) mem 0x8000c000 0x00000001
core   0: 0x8000b87c (0x0000bfe5) c.j     pc - 8
core   0: 3 0x8000b87c (0xbfe5)
core   0: 0x8000b874 (0x00000f17) auipc   t5, 0x0
core   0: 3 0x8000b874 (0x00000f17) x30 0x8000b874
core   0: 0x8000b878 (0x783f2623) sw      gp, 1932(t5)
core   0: 3 0x8000b878 (0x783f2623) mem 0x8000c000 0x00000001
core   0: 0x8000b87c (0x0000bfe5) c.j     pc - 8
core   0: 3 0x8000b87c (0xbfe5)
core   0: 0x8000b874 (0x00000f17) auipc   t5, 0x0
core   0: 3 0x8000b874 (0x00000f17) x30 0x8000b874
core   0: 0x8000b878 (0x783f2623) sw      gp, 1932(t5)
core   0: 3 0x8000b878 (0x783f2623) mem 0x8000c000 0x00000001
core   0: 0x8000b87c (0x0000bfe5) c.j     pc - 8
core   0: 3 0x8000b87c (0xbfe5)
core   0: 0x8000b874 (0x00000f17) auipc   t5, 0x0
core   0: 3 0x8000b874 (0x00000f17) x30 0x8000b874
core   0: 0x8000b878 (0x783f2623) sw      gp, 1932(t5)
core   0: 3 0x8000b878 (0x783f2623) mem 0x8000c000 0x00000001
core   0: 0x8000b87c (0x0000bfe5) c.j     pc - 8
core   0: 3 0x8000b87c (0xbfe5)
core   0: 0x8000b874 (0x00000f17) auipc   t5, 0x0
core   0: 3 0x8000b874 (0x00000f17) x30 0x8000b874
core   0: 0x8000b878 (0x783f2623) sw      gp, 1932(t5)
core   0: 3 0x8000b878 (0x783f2623) mem 0x8000c000 0x00000001
core   0: 0x8000b87c (0x0000bfe5) c.j     pc - 8
core   0: 3 0x8000b87c (0xbfe5)
core   0: 0x8000b874 (0x00000f17) auipc   t5, 0x0
core   0: 3 0x8000b874 (0x00000f17) x30 0x8000b874
core   0: 0x8000b878 (0x783f2623) sw      gp, 1932(t5)
core   0: 3 0x8000b878 (0x783f2623) mem 0x8000c000 0x00000001
core   0: 0x8000b87c (0x0000bfe5) c.j     pc - 8
core   0: 3 0x8000b87c (0xbfe5)
core   0: 0x8000b874 (0x00000f17) auipc   t5, 0x0
core   0: 3 0x8000b874 (0x00000f17) x30 0x8000b874
core   0: 0x8000b878 (0x783f2623) sw      gp, 1932(t5)
core   0: 3 0x8000b878 (0x783f2623) mem 0x8000c000 0x00000001
core   0: 0x8000b87c (0x0000bfe5) c.j     pc - 8
core   0: 3 0x8000b87c (0xbfe5)
core   0: 0x8000b874 (0x00000f17) auipc   t5, 0x0
core   0: 3 0x8000b874 (0x00000f17) x30 0x8000b874
core   0: 0x8000b878 (0x783f2623) sw      gp, 1932(t5)
core   0: 3 0x8000b878 (0x783f2623) mem 0x8000c000 0x00000001
core   0: 0x8000b87c (0x0000bfe5) c.j     pc - 8
core   0: 3 0x8000b87c (0xbfe5)
core   0: 0x8000b874 (0x00000f17) auipc   t5, 0x0
core   0: 3 0x8000b874 (0x00000f17) x30 0x8000b874
core   0: 0x8000b878 (0x783f2623) sw      gp, 1932(t5)
core   0: 3 0x8000b878 (0x783f2623) mem 0x8000c000 0x00000001
core   0: 0x8000b87c (0x0000bfe5) c.j     pc - 8
core   0: 3 0x8000b87c (0xbfe5)
core   0: 0x8000b874 (0x00000f17) auipc   t5, 0x0
core   0: 3 0x8000b874 (0x00000f17) x30 0x8000b874
core   0: 0x8000b878 (0x783f2623) sw      gp, 1932(t5)
core   0: 3 0x8000b878 (0x783f2623) mem 0x8000c000 0x00000001
core   0: 0x8000b87c (0x0000bfe5) c.j     pc - 8
core   0: 3 0x8000b87c (0xbfe5)
core   0: 0x8000b874 (0x00000f17) auipc   t5, 0x0
core   0: 3 0x8000b874 (0x00000f17) x30 0x8000b874
core   0: 0x8000b878 (0x783f2623) sw      gp, 1932(t5)
core   0: 3 0x8000b878 (0x783f2623) mem 0x8000c000 0x00000001
core   0: 0x8000b87c (0x0000bfe5) c.j     pc - 8
core   0: 3 0x8000b87c (0xbfe5)
core   0: 0x8000b874 (0x00000f17) auipc   t5, 0x0
core   0: 3 0x8000b874 (0x00000f17) x30 0x8000b874
core   0: 0x8000b878 (0x783f2623) sw      gp, 1932(t5)
core   0: 3 0x8000b878 (0x783f2623) mem 0x8000c000 0x00000001
core   0: 0x8000b87c (0x0000bfe5) c.j     pc - 8
core   0: 3 0x8000b87c (0xbfe5)
core   0: 0x8000b874 (0x00000f17) auipc   t5, 0x0
core   0: 3 0x8000b874 (0x00000f17) x30 0x8000b874
core   0: 0x8000b878 (0x783f2623) sw      gp, 1932(t5)
core   0: 3 0x8000b878 (0x783f2623) mem 0x8000c000 0x00000001
core   0: 0x8000b87c (0x0000bfe5) c.j     pc - 8
core   0: 3 0x8000b87c (0xbfe5)
core   0: 0x8000b874 (0x00000f17) auipc   t5, 0x0
core   0: 3 0x8000b874 (0x00000f17) x30 0x8000b874
core   0: 0x8000b878 (0x783f2623) sw      gp, 1932(t5)
core   0: 3 0x8000b878 (0x783f2623) mem 0x8000c000 0x00000001
core   0: 0x8000b87c (0x0000bfe5) c.j     pc - 8
core   0: 3 0x8000b87c (0xbfe5)
core   0: 0x8000b874 (0x00000f17) auipc   t5, 0x0
core   0: 3 0x8000b874 (0x00000f17) x30 0x8000b874
core   0: 0x8000b878 (0x783f2623) sw      gp, 1932(t5)
core   0: 3 0x8000b878 (0x783f2623) mem 0x8000c000 0x00000001
core   0: 0x8000b87c (0x0000bfe5) c.j     pc - 8
core   0: 3 0x8000b87c (0xbfe5)
core   0: 0x8000b874 (0x00000f17) auipc   t5, 0x0
core   0: 3 0x8000b874 (0x00000f17) x30 0x8000b874
core   0: 0x8000b878 (0x783f2623) sw      gp, 1932(t5)
core   0: 3 0x8000b878 (0x783f2623) mem 0x8000c000 0x00000001
core   0: 0x8000b87c (0x0000bfe5) c.j     pc - 8
core   0: 3 0x8000b87c (0xbfe5)
core   0: 0x8000b874 (0x00000f17) auipc   t5, 0x0
core   0: 3 0x8000b874 (0x00000f17) x30 0x8000b874
core   0: 0x8000b878 (0x783f2623) sw      gp, 1932(t5)
core   0: 3 0x8000b878 (0x783f2623) mem 0x8000c000 0x00000001
core   0: 0x8000b87c (0x0000bfe5) c.j     pc - 8
core   0: 3 0x8000b87c (0xbfe5)
core   0: 0x8000b874 (0x00000f17) auipc   t5, 0x0
core   0: 3 0x8000b874 (0x00000f17) x30 0x8000b874
core   0: 0x8000b878 (0x783f2623) sw      gp, 1932(t5)
core   0: 3 0x8000b878 (0x783f2623) mem 0x8000c000 0x00000001
core   0: 0x8000b87c (0x0000bfe5) c.j     pc - 8
core   0: 3 0x8000b87c (0xbfe5)
core   0: 0x8000b874 (0x00000f17) auipc   t5, 0x0
core   0: 3 0x8000b874 (0x00000f17) x30 0x8000b874
core   0: 0x8000b878 (0x783f2623) sw      gp, 1932(t5)
core   0: 3 0x8000b878 (0x783f2623) mem 0x8000c000 0x00000001
core   0: 0x8000b87c (0x0000bfe5) c.j     pc - 8
core   0: 3 0x8000b87c (0xbfe5)
core   0: 0x8000b874 (0x00000f17) auipc   t5, 0x0
core   0: 3 0x8000b874 (0x00000f17) x30 0x8000b874
core   0: 0x8000b878 (0x783f2623) sw      gp, 1932(t5)
core   0: 3 0x8000b878 (0x783f2623) mem 0x8000c000 0x00000001
core   0: 0x8000b87c (0x0000bfe5) c.j     pc - 8
core   0: 3 0x8000b87c (0xbfe5)
core   0: 0x8000b874 (0x00000f17) auipc   t5, 0x0
core   0: 3 0x8000b874 (0x00000f17) x30 0x8000b874
core   0: 0x8000b878 (0x783f2623) sw      gp, 1932(t5)
core   0: 3 0x8000b878 (0x783f2623) mem 0x8000c000 0x00000001
core   0: 0x8000b87c (0x0000bfe5) c.j     pc - 8
core   0: 3 0x8000b87c (0xbfe5)
core   0: 0x8000b874 (0x00000f17) auipc   t5, 0x0
core   0: 3 0x8000b874 (0x00000f17) x30 0x8000b874
core   0: 0x8000b878 (0x783f2623) sw      gp, 1932(t5)
core   0: 3 0x8000b878 (0x783f2623) mem 0x8000c000 0x00000001
core   0: 0x8000b87c (0x0000bfe5) c.j     pc - 8
core   0: 3 0x8000b87c (0xbfe5)
core   0: 0x8000b874 (0x00000f17) auipc   t5, 0x0
core   0: 3 0x8000b874 (0x00000f17) x30 0x8000b874
core   0: 0x8000b878 (0x783f2623) sw      gp, 1932(t5)
core   0: 3 0x8000b878 (0x783f2623) mem 0x8000c000 0x00000001
core   0: 0x8000b87c (0x0000bfe5) c.j     pc - 8
core   0: 3 0x8000b87c (0xbfe5)
core   0: 0x8000b874 (0x00000f17) auipc   t5, 0x0
core   0: 3 0x8000b874 (0x00000f17) x30 0x8000b874
core   0: 0x8000b878 (0x783f2623) sw      gp, 1932(t5)
core   0: 3 0x8000b878 (0x783f2623) mem 0x8000c000 0x00000001
core   0: 0x8000b87c (0x0000bfe5) c.j     pc - 8
core   0: 3 0x8000b87c (0xbfe5)
core   0: 0x8000b874 (0x00000f17) auipc   t5, 0x0
core   0: 3 0x8000b874 (0x00000f17) x30 0x8000b874
core   0: 0x8000b878 (0x783f2623) sw      gp, 1932(t5)
core   0: 3 0x8000b878 (0x783f2623) mem 0x8000c000 0x00000001
core   0: 0x8000b87c (0x0000bfe5) c.j     pc - 8
core   0: 3 0x8000b87c (0xbfe5)
core   0: 0x8000b874 (0x00000f17) auipc   t5, 0x0
core   0: 3 0x8000b874 (0x00000f17) x30 0x8000b874
core   0: 0x8000b878 (0x783f2623) sw      gp, 1932(t5)
core   0: 3 0x8000b878 (0x783f2623) mem 0x8000c000 0x00000001
core   0: 0x8000b87c (0x0000bfe5) c.j     pc - 8
core   0: 3 0x8000b87c (0xbfe5)
core   0: 0x8000b874 (0x00000f17) auipc   t5, 0x0
core   0: 3 0x8000b874 (0x00000f17) x30 0x8000b874
core   0: 0x8000b878 (0x783f2623) sw      gp, 1932(t5)
core   0: 3 0x8000b878 (0x783f2623) mem 0x8000c000 0x00000001
core   0: 0x8000b87c (0x0000bfe5) c.j     pc - 8
core   0: 3 0x8000b87c (0xbfe5)
core   0: 0x8000b874 (0x00000f17) auipc   t5, 0x0
core   0: 3 0x8000b874 (0x00000f17) x30 0x8000b874
core   0: 0x8000b878 (0x783f2623) sw      gp, 1932(t5)
core   0: 3 0x8000b878 (0x783f2623) mem 0x8000c000 0x00000001
core   0: 0x8000b87c (0x0000bfe5) c.j     pc - 8
core   0: 3 0x8000b87c (0xbfe5)
core   0: 0x8000b874 (0x00000f17) auipc   t5, 0x0
core   0: 3 0x8000b874 (0x00000f17) x30 0x8000b874
core   0: 0x8000b878 (0x783f2623) sw      gp, 1932(t5)
core   0: 3 0x8000b878 (0x783f2623) mem 0x8000c000 0x00000001
core   0: 0x8000b87c (0x0000bfe5) c.j     pc - 8
core   0: 3 0x8000b87c (0xbfe5)
core   0: 0x8000b874 (0x00000f17) auipc   t5, 0x0
core   0: 3 0x8000b874 (0x00000f17) x30 0x8000b874
core   0: 0x8000b878 (0x783f2623) sw      gp, 1932(t5)
core   0: 3 0x8000b878 (0x783f2623) mem 0x8000c000 0x00000001
core   0: 0x8000b87c (0x0000bfe5) c.j     pc - 8
core   0: 3 0x8000b87c (0xbfe5)
core   0: 0x8000b874 (0x00000f17) auipc   t5, 0x0
core   0: 3 0x8000b874 (0x00000f17) x30 0x8000b874
core   0: 0x8000b878 (0x783f2623) sw      gp, 1932(t5)
core   0: 3 0x8000b878 (0x783f2623) mem 0x8000c000 0x00000001
core   0: 0x8000b87c (0x0000bfe5) c.j     pc - 8
core   0: 3 0x8000b87c (0xbfe5)
core   0: 0x8000b874 (0x00000f17) auipc   t5, 0x0
core   0: 3 0x8000b874 (0x00000f17) x30 0x8000b874
core   0: 0x8000b878 (0x783f2623) sw      gp, 1932(t5)
core   0: 3 0x8000b878 (0x783f2623) mem 0x8000c000 0x00000001
core   0: 0x8000b87c (0x0000bfe5) c.j     pc - 8
core   0: 3 0x8000b87c (0xbfe5)
core   0: 0x8000b874 (0x00000f17) auipc   t5, 0x0
core   0: 3 0x8000b874 (0x00000f17) x30 0x8000b874
core   0: 0x8000b878 (0x783f2623) sw      gp, 1932(t5)
core   0: 3 0x8000b878 (0x783f2623) mem 0x8000c000 0x00000001
core   0: 0x8000b87c (0x0000bfe5) c.j     pc - 8
core   0: 3 0x8000b87c (0xbfe5)
core   0: 0x8000b874 (0x00000f17) auipc   t5, 0x0
core   0: 3 0x8000b874 (0x00000f17) x30 0x8000b874
core   0: 0x8000b878 (0x783f2623) sw      gp, 1932(t5)
core   0: 3 0x8000b878 (0x783f2623) mem 0x8000c000 0x00000001
core   0: 0x8000b87c (0x0000bfe5) c.j     pc - 8
core   0: 3 0x8000b87c (0xbfe5)
core   0: 0x8000b874 (0x00000f17) auipc   t5, 0x0
core   0: 3 0x8000b874 (0x00000f17) x30 0x8000b874
core   0: 0x8000b878 (0x783f2623) sw      gp, 1932(t5)
core   0: 3 0x8000b878 (0x783f2623) mem 0x8000c000 0x00000001
core   0: 0x8000b87c (0x0000bfe5) c.j     pc - 8
core   0: 3 0x8000b87c (0xbfe5)
core   0: 0x8000b874 (0x00000f17) auipc   t5, 0x0
core   0: 3 0x8000b874 (0x00000f17) x30 0x8000b874
core   0: 0x8000b878 (0x783f2623) sw      gp, 1932(t5)
core   0: 3 0x8000b878 (0x783f2623) mem 0x8000c000 0x00000001
core   0: 0x8000b87c (0x0000bfe5) c.j     pc - 8
core   0: 3 0x8000b87c (0xbfe5)
core   0: 0x8000b874 (0x00000f17) auipc   t5, 0x0
core   0: 3 0x8000b874 (0x00000f17) x30 0x8000b874
core   0: 0x8000b878 (0x783f2623) sw      gp, 1932(t5)
core   0: 3 0x8000b878 (0x783f2623) mem 0x8000c000 0x00000001
core   0: 0x8000b87c (0x0000bfe5) c.j     pc - 8
core   0: 3 0x8000b87c (0xbfe5)
core   0: 0x8000b874 (0x00000f17) auipc   t5, 0x0
core   0: 3 0x8000b874 (0x00000f17) x30 0x8000b874
core   0: 0x8000b878 (0x783f2623) sw      gp, 1932(t5)
core   0: 3 0x8000b878 (0x783f2623) mem 0x8000c000 0x00000001
core   0: 0x8000b87c (0x0000bfe5) c.j     pc - 8
core   0: 3 0x8000b87c (0xbfe5)
core   0: 0x8000b874 (0x00000f17) auipc   t5, 0x0
core   0: 3 0x8000b874 (0x00000f17) x30 0x8000b874
core   0: 0x8000b878 (0x783f2623) sw      gp, 1932(t5)
core   0: 3 0x8000b878 (0x783f2623) mem 0x8000c000 0x00000001
core   0: 0x8000b87c (0x0000bfe5) c.j     pc - 8
core   0: 3 0x8000b87c (0xbfe5)
core   0: 0x8000b874 (0x00000f17) auipc   t5, 0x0
core   0: 3 0x8000b874 (0x00000f17) x30 0x8000b874
core   0: 0x8000b878 (0x783f2623) sw      gp, 1932(t5)
core   0: 3 0x8000b878 (0x783f2623) mem 0x8000c000 0x00000001
core   0: 0x8000b87c (0x0000bfe5) c.j     pc - 8
core   0: 3 0x8000b87c (0xbfe5)
core   0: 0x8000b874 (0x00000f17) auipc   t5, 0x0
core   0: 3 0x8000b874 (0x00000f17) x30 0x8000b874
core   0: 0x8000b878 (0x783f2623) sw      gp, 1932(t5)
core   0: 3 0x8000b878 (0x783f2623) mem 0x8000c000 0x00000001
core   0: 0x8000b87c (0x0000bfe5) c.j     pc - 8
core   0: 3 0x8000b87c (0xbfe5)
core   0: 0x8000b874 (0x00000f17) auipc   t5, 0x0
core   0: 3 0x8000b874 (0x00000f17) x30 0x8000b874
core   0: 0x8000b878 (0x783f2623) sw      gp, 1932(t5)
core   0: 3 0x8000b878 (0x783f2623) mem 0x8000c000 0x00000001
core   0: 0x8000b87c (0x0000bfe5) c.j     pc - 8
core   0: 3 0x8000b87c (0xbfe5)
core   0: 0x8000b874 (0x00000f17) auipc   t5, 0x0
core   0: 3 0x8000b874 (0x00000f17) x30 0x8000b874
core   0: 0x8000b878 (0x783f2623) sw      gp, 1932(t5)
core   0: 3 0x8000b878 (0x783f2623) mem 0x8000c000 0x00000001
core   0: 0x8000b87c (0x0000bfe5) c.j     pc - 8
core   0: 3 0x8000b87c (0xbfe5)
core   0: 0x8000b874 (0x00000f17) auipc   t5, 0x0
core   0: 3 0x8000b874 (0x00000f17) x30 0x8000b874
core   0: 0x8000b878 (0x783f2623) sw      gp, 1932(t5)
core   0: 3 0x8000b878 (0x783f2623) mem 0x8000c000 0x00000001
core   0: 0x8000b87c (0x0000bfe5) c.j     pc - 8
core   0: 3 0x8000b87c (0xbfe5)
core   0: 0x8000b874 (0x00000f17) auipc   t5, 0x0
core   0: 3 0x8000b874 (0x00000f17) x30 0x8000b874
core   0: 0x8000b878 (0x783f2623) sw      gp, 1932(t5)
core   0: 3 0x8000b878 (0x783f2623) mem 0x8000c000 0x00000001
core   0: 0x8000b87c (0x0000bfe5) c.j     pc - 8
core   0: 3 0x8000b87c (0xbfe5)
core   0: 0x8000b874 (0x00000f17) auipc   t5, 0x0
core   0: 3 0x8000b874 (0x00000f17) x30 0x8000b874
core   0: 0x8000b878 (0x783f2623) sw      gp, 1932(t5)
core   0: 3 0x8000b878 (0x783f2623) mem 0x8000c000 0x00000001
core   0: 0x8000b87c (0x0000bfe5) c.j     pc - 8
core   0: 3 0x8000b87c (0xbfe5)
core   0: 0x8000b874 (0x00000f17) auipc   t5, 0x0
core   0: 3 0x8000b874 (0x00000f17) x30 0x8000b874
core   0: 0x8000b878 (0x783f2623) sw      gp, 1932(t5)
core   0: 3 0x8000b878 (0x783f2623) mem 0x8000c000 0x00000001
core   0: 0x8000b87c (0x0000bfe5) c.j     pc - 8
core   0: 3 0x8000b87c (0xbfe5)
core   0: 0x8000b874 (0x00000f17) auipc   t5, 0x0
core   0: 3 0x8000b874 (0x00000f17) x30 0x8000b874
core   0: 0x8000b878 (0x783f2623) sw      gp, 1932(t5)
core   0: 3 0x8000b878 (0x783f2623) mem 0x8000c000 0x00000001
core   0: 0x8000b87c (0x0000bfe5) c.j     pc - 8
core   0: 3 0x8000b87c (0xbfe5)
core   0: 0x8000b874 (0x00000f17) auipc   t5, 0x0
core   0: 3 0x8000b874 (0x00000f17) x30 0x8000b874
core   0: 0x8000b878 (0x783f2623) sw      gp, 1932(t5)
core   0: 3 0x8000b878 (0x783f2623) mem 0x8000c000 0x00000001
core   0: 0x8000b87c (0x0000bfe5) c.j     pc - 8
core   0: 3 0x8000b87c (0xbfe5)
core   0: 0x8000b874 (0x00000f17) auipc   t5, 0x0
core   0: 3 0x8000b874 (0x00000f17) x30 0x8000b874
core   0: 0x8000b878 (0x783f2623) sw      gp, 1932(t5)
core   0: 3 0x8000b878 (0x783f2623) mem 0x8000c000 0x00000001
core   0: 0x8000b87c (0x0000bfe5) c.j     pc - 8
core   0: 3 0x8000b87c (0xbfe5)
core   0: 0x8000b874 (0x00000f17) auipc   t5, 0x0
core   0: 3 0x8000b874 (0x00000f17) x30 0x8000b874
core   0: 0x8000b878 (0x783f2623) sw      gp, 1932(t5)
core   0: 3 0x8000b878 (0x783f2623) mem 0x8000c000 0x00000001
core   0: 0x8000b87c (0x0000bfe5) c.j     pc - 8
core   0: 3 0x8000b87c (0xbfe5)
core   0: 0x8000b874 (0x00000f17) auipc   t5, 0x0
core   0: 3 0x8000b874 (0x00000f17) x30 0x8000b874
core   0: 0x8000b878 (0x783f2623) sw      gp, 1932(t5)
core   0: 3 0x8000b878 (0x783f2623) mem 0x8000c000 0x00000001
core   0: 0x8000b87c (0x0000bfe5) c.j     pc - 8
core   0: 3 0x8000b87c (0xbfe5)
core   0: 0x8000b874 (0x00000f17) auipc   t5, 0x0
core   0: 3 0x8000b874 (0x00000f17) x30 0x8000b874
core   0: 0x8000b878 (0x783f2623) sw      gp, 1932(t5)
core   0: 3 0x8000b878 (0x783f2623) mem 0x8000c000 0x00000001
core   0: 0x8000b87c (0x0000bfe5) c.j     pc - 8
core   0: 3 0x8000b87c (0xbfe5)
core   0: 0x8000b874 (0x00000f17) auipc   t5, 0x0
core   0: 3 0x8000b874 (0x00000f17) x30 0x8000b874
core   0: 0x8000b878 (0x783f2623) sw      gp, 1932(t5)
core   0: 3 0x8000b878 (0x783f2623) mem 0x8000c000 0x00000001
core   0: 0x8000b87c (0x0000bfe5) c.j     pc - 8
core   0: 3 0x8000b87c (0xbfe5)
core   0: 0x8000b874 (0x00000f17) auipc   t5, 0x0
core   0: 3 0x8000b874 (0x00000f17) x30 0x8000b874
core   0: 0x8000b878 (0x783f2623) sw      gp, 1932(t5)
core   0: 3 0x8000b878 (0x783f2623) mem 0x8000c000 0x00000001
core   0: 0x8000b87c (0x0000bfe5) c.j     pc - 8
core   0: 3 0x8000b87c (0xbfe5)
core   0: 0x8000b874 (0x00000f17) auipc   t5, 0x0
core   0: 3 0x8000b874 (0x00000f17) x30 0x8000b874
core   0: 0x8000b878 (0x783f2623) sw      gp, 1932(t5)
core   0: 3 0x8000b878 (0x783f2623) mem 0x8000c000 0x00000001
core   0: 0x8000b87c (0x0000bfe5) c.j     pc - 8
core   0: 3 0x8000b87c (0xbfe5)
core   0: 0x8000b874 (0x00000f17) auipc   t5, 0x0
core   0: 3 0x8000b874 (0x00000f17) x30 0x8000b874
core   0: 0x8000b878 (0x783f2623) sw      gp, 1932(t5)
core   0: 3 0x8000b878 (0x783f2623) mem 0x8000c000 0x00000001
core   0: 0x8000b87c (0x0000bfe5) c.j     pc - 8
core   0: 3 0x8000b87c (0xbfe5)
core   0: 0x8000b874 (0x00000f17) auipc   t5, 0x0
core   0: 3 0x8000b874 (0x00000f17) x30 0x8000b874
core   0: 0x8000b878 (0x783f2623) sw      gp, 1932(t5)
core   0: 3 0x8000b878 (0x783f2623) mem 0x8000c000 0x00000001
core   0: 0x8000b87c (0x0000bfe5) c.j     pc - 8
core   0: 3 0x8000b87c (0xbfe5)
core   0: 0x8000b874 (0x00000f17) auipc   t5, 0x0
core   0: 3 0x8000b874 (0x00000f17) x30 0x8000b874
core   0: 0x8000b878 (0x783f2623) sw      gp, 1932(t5)
core   0: 3 0x8000b878 (0x783f2623) mem 0x8000c000 0x00000001
core   0: 0x8000b87c (0x0000bfe5) c.j     pc - 8
core   0: 3 0x8000b87c (0xbfe5)
core   0: 0x8000b874 (0x00000f17) auipc   t5, 0x0
core   0: 3 0x8000b874 (0x00000f17) x30 0x8000b874
core   0: 0x8000b878 (0x783f2623) sw      gp, 1932(t5)
core   0: 3 0x8000b878 (0x783f2623) mem 0x8000c000 0x00000001
core   0: 0x8000b87c (0x0000bfe5) c.j     pc - 8
core   0: 3 0x8000b87c (0xbfe5)
core   0: 0x8000b874 (0x00000f17) auipc   t5, 0x0
core   0: 3 0x8000b874 (0x00000f17) x30 0x8000b874
core   0: 0x8000b878 (0x783f2623) sw      gp, 1932(t5)
core   0: 3 0x8000b878 (0x783f2623) mem 0x8000c000 0x00000001
core   0: 0x8000b87c (0x0000bfe5) c.j     pc - 8
core   0: 3 0x8000b87c (0xbfe5)
core   0: 0x8000b874 (0x00000f17) auipc   t5, 0x0
core   0: 3 0x8000b874 (0x00000f17) x30 0x8000b874
core   0: 0x8000b878 (0x783f2623) sw      gp, 1932(t5)
core   0: 3 0x8000b878 (0x783f2623) mem 0x8000c000 0x00000001
core   0: 0x8000b87c (0x0000bfe5) c.j     pc - 8
core   0: 3 0x8000b87c (0xbfe5)
core   0: 0x8000b874 (0x00000f17) auipc   t5, 0x0
core   0: 3 0x8000b874 (0x00000f17) x30 0x8000b874
core   0: 0x8000b878 (0x783f2623) sw      gp, 1932(t5)
core   0: 3 0x8000b878 (0x783f2623) mem 0x8000c000 0x00000001
core   0: 0x8000b87c (0x0000bfe5) c.j     pc - 8
core   0: 3 0x8000b87c (0xbfe5)
core   0: 0x8000b874 (0x00000f17) auipc   t5, 0x0
core   0: 3 0x8000b874 (0x00000f17) x30 0x8000b874
core   0: 0x8000b878 (0x783f2623) sw      gp, 1932(t5)
core   0: 3 0x8000b878 (0x783f2623) mem 0x8000c000 0x00000001
core   0: 0x8000b87c (0x0000bfe5) c.j     pc - 8
core   0: 3 0x8000b87c (0xbfe5)
core   0: 0x8000b874 (0x00000f17) auipc   t5, 0x0
core   0: 3 0x8000b874 (0x00000f17) x30 0x8000b874
core   0: 0x8000b878 (0x783f2623) sw      gp, 1932(t5)
core   0: 3 0x8000b878 (0x783f2623) mem 0x8000c000 0x00000001
core   0: 0x8000b87c (0x0000bfe5) c.j     pc - 8
core   0: 3 0x8000b87c (0xbfe5)
core   0: 0x8000b874 (0x00000f17) auipc   t5, 0x0
core   0: 3 0x8000b874 (0x00000f17) x30 0x8000b874
core   0: 0x8000b878 (0x783f2623) sw      gp, 1932(t5)
core   0: 3 0x8000b878 (0x783f2623) mem 0x8000c000 0x00000001
core   0: 0x8000b87c (0x0000bfe5) c.j     pc - 8
core   0: 3 0x8000b87c (0xbfe5)
core   0: 0x8000b874 (0x00000f17) auipc   t5, 0x0
core   0: 3 0x8000b874 (0x00000f17) x30 0x8000b874
core   0: 0x8000b878 (0x783f2623) sw      gp, 1932(t5)
core   0: 3 0x8000b878 (0x783f2623) mem 0x8000c000 0x00000001
core   0: 0x8000b87c (0x0000bfe5) c.j     pc - 8
core   0: 3 0x8000b87c (0xbfe5)
core   0: 0x8000b874 (0x00000f17) auipc   t5, 0x0
core   0: 3 0x8000b874 (0x00000f17) x30 0x8000b874
core   0: 0x8000b878 (0x783f2623) sw      gp, 1932(t5)
core   0: 3 0x8000b878 (0x783f2623) mem 0x8000c000 0x00000001
core   0: 0x8000b87c (0x0000bfe5) c.j     pc - 8
core   0: 3 0x8000b87c (0xbfe5)
core   0: 0x8000b874 (0x00000f17) auipc   t5, 0x0
core   0: 3 0x8000b874 (0x00000f17) x30 0x8000b874
core   0: 0x8000b878 (0x783f2623) sw      gp, 1932(t5)
core   0: 3 0x8000b878 (0x783f2623) mem 0x8000c000 0x00000001
core   0: 0x8000b87c (0x0000bfe5) c.j     pc - 8
core   0: 3 0x8000b87c (0xbfe5)
core   0: 0x8000b874 (0x00000f17) auipc   t5, 0x0
core   0: 3 0x8000b874 (0x00000f17) x30 0x8000b874
core   0: 0x8000b878 (0x783f2623) sw      gp, 1932(t5)
core   0: 3 0x8000b878 (0x783f2623) mem 0x8000c000 0x00000001
core   0: 0x8000b87c (0x0000bfe5) c.j     pc - 8
core   0: 3 0x8000b87c (0xbfe5)
core   0: 0x8000b874 (0x00000f17) auipc   t5, 0x0
core   0: 3 0x8000b874 (0x00000f17) x30 0x8000b874
core   0: 0x8000b878 (0x783f2623) sw      gp, 1932(t5)
core   0: 3 0x8000b878 (0x783f2623) mem 0x8000c000 0x00000001
core   0: 0x8000b87c (0x0000bfe5) c.j     pc - 8
core   0: 3 0x8000b87c (0xbfe5)
core   0: 0x8000b874 (0x00000f17) auipc   t5, 0x0
core   0: 3 0x8000b874 (0x00000f17) x30 0x8000b874
core   0: 0x8000b878 (0x783f2623) sw      gp, 1932(t5)
core   0: 3 0x8000b878 (0x783f2623) mem 0x8000c000 0x00000001
core   0: 0x8000b87c (0x0000bfe5) c.j     pc - 8
core   0: 3 0x8000b87c (0xbfe5)
core   0: 0x8000b874 (0x00000f17) auipc   t5, 0x0
core   0: 3 0x8000b874 (0x00000f17) x30 0x8000b874
core   0: 0x8000b878 (0x783f2623) sw      gp, 1932(t5)
core   0: 3 0x8000b878 (0x783f2623) mem 0x8000c000 0x00000001
core   0: 0x8000b87c (0x0000bfe5) c.j     pc - 8
core   0: 3 0x8000b87c (0xbfe5)
core   0: 0x8000b874 (0x00000f17) auipc   t5, 0x0
core   0: 3 0x8000b874 (0x00000f17) x30 0x8000b874
core   0: 0x8000b878 (0x783f2623) sw      gp, 1932(t5)
core   0: 3 0x8000b878 (0x783f2623) mem 0x8000c000 0x00000001
core   0: 0x8000b87c (0x0000bfe5) c.j     pc - 8
core   0: 3 0x8000b87c (0xbfe5)
core   0: 0x8000b874 (0x00000f17) auipc   t5, 0x0
core   0: 3 0x8000b874 (0x00000f17) x30 0x8000b874
core   0: 0x8000b878 (0x783f2623) sw      gp, 1932(t5)
core   0: 3 0x8000b878 (0x783f2623) mem 0x8000c000 0x00000001
core   0: 0x8000b87c (0x0000bfe5) c.j     pc - 8
core   0: 3 0x8000b87c (0xbfe5)
core   0: 0x8000b874 (0x00000f17) auipc   t5, 0x0
core   0: 3 0x8000b874 (0x00000f17) x30 0x8000b874
core   0: 0x8000b878 (0x783f2623) sw      gp, 1932(t5)
core   0: 3 0x8000b878 (0x783f2623) mem 0x8000c000 0x00000001
core   0: 0x8000b87c (0x0000bfe5) c.j     pc - 8
core   0: 3 0x8000b87c (0xbfe5)
core   0: 0x8000b874 (0x00000f17) auipc   t5, 0x0
core   0: 3 0x8000b874 (0x00000f17) x30 0x8000b874
core   0: 0x8000b878 (0x783f2623) sw      gp, 1932(t5)
core   0: 3 0x8000b878 (0x783f2623) mem 0x8000c000 0x00000001
core   0: 0x8000b87c (0x0000bfe5) c.j     pc - 8
core   0: 3 0x8000b87c (0xbfe5)
core   0: 0x8000b874 (0x00000f17) auipc   t5, 0x0
core   0: 3 0x8000b874 (0x00000f17) x30 0x8000b874
core   0: 0x8000b878 (0x783f2623) sw      gp, 1932(t5)
core   0: 3 0x8000b878 (0x783f2623) mem 0x8000c000 0x00000001
core   0: 0x8000b87c (0x0000bfe5) c.j     pc - 8
core   0: 3 0x8000b87c (0xbfe5)
core   0: 0x8000b874 (0x00000f17) auipc   t5, 0x0
core   0: 3 0x8000b874 (0x00000f17) x30 0x8000b874
core   0: 0x8000b878 (0x783f2623) sw      gp, 1932(t5)
core   0: 3 0x8000b878 (0x783f2623) mem 0x8000c000 0x00000001
core   0: 0x8000b87c (0x0000bfe5) c.j     pc - 8
core   0: 3 0x8000b87c (0xbfe5)
core   0: 0x8000b874 (0x00000f17) auipc   t5, 0x0
core   0: 3 0x8000b874 (0x00000f17) x30 0x8000b874
core   0: 0x8000b878 (0x783f2623) sw      gp, 1932(t5)
core   0: 3 0x8000b878 (0x783f2623) mem 0x8000c000 0x00000001
core   0: 0x8000b87c (0x0000bfe5) c.j     pc - 8
core   0: 3 0x8000b87c (0xbfe5)
core   0: 0x8000b874 (0x00000f17) auipc   t5, 0x0
core   0: 3 0x8000b874 (0x00000f17) x30 0x8000b874
core   0: 0x8000b878 (0x783f2623) sw      gp, 1932(t5)
core   0: 3 0x8000b878 (0x783f2623) mem 0x8000c000 0x00000001
core   0: 0x8000b87c (0x0000bfe5) c.j     pc - 8
core   0: 3 0x8000b87c (0xbfe5)
core   0: 0x8000b874 (0x00000f17) auipc   t5, 0x0
core   0: 3 0x8000b874 (0x00000f17) x30 0x8000b874
core   0: 0x8000b878 (0x783f2623) sw      gp, 1932(t5)
core   0: 3 0x8000b878 (0x783f2623) mem 0x8000c000 0x00000001
core   0: 0x8000b87c (0x0000bfe5) c.j     pc - 8
core   0: 3 0x8000b87c (0xbfe5)
core   0: 0x8000b874 (0x00000f17) auipc   t5, 0x0
core   0: 3 0x8000b874 (0x00000f17) x30 0x8000b874
core   0: 0x8000b878 (0x783f2623) sw      gp, 1932(t5)
core   0: 3 0x8000b878 (0x783f2623) mem 0x8000c000 0x00000001
core   0: 0x8000b87c (0x0000bfe5) c.j     pc - 8
core   0: 3 0x8000b87c (0xbfe5)
core   0: 0x8000b874 (0x00000f17) auipc   t5, 0x0
core   0: 3 0x8000b874 (0x00000f17) x30 0x8000b874
core   0: 0x8000b878 (0x783f2623) sw      gp, 1932(t5)
core   0: 3 0x8000b878 (0x783f2623) mem 0x8000c000 0x00000001
core   0: 0x8000b87c (0x0000bfe5) c.j     pc - 8
core   0: 3 0x8000b87c (0xbfe5)
core   0: 0x8000b874 (0x00000f17) auipc   t5, 0x0
core   0: 3 0x8000b874 (0x00000f17) x30 0x8000b874
core   0: 0x8000b878 (0x783f2623) sw      gp, 1932(t5)
core   0: 3 0x8000b878 (0x783f2623) mem 0x8000c000 0x00000001
core   0: 0x8000b87c (0x0000bfe5) c.j     pc - 8
core   0: 3 0x8000b87c (0xbfe5)
core   0: 0x8000b874 (0x00000f17) auipc   t5, 0x0
core   0: 3 0x8000b874 (0x00000f17) x30 0x8000b874
core   0: 0x8000b878 (0x783f2623) sw      gp, 1932(t5)
core   0: 3 0x8000b878 (0x783f2623) mem 0x8000c000 0x00000001
core   0: 0x8000b87c (0x0000bfe5) c.j     pc - 8
core   0: 3 0x8000b87c (0xbfe5)
core   0: 0x8000b874 (0x00000f17) auipc   t5, 0x0
core   0: 3 0x8000b874 (0x00000f17) x30 0x8000b874
core   0: 0x8000b878 (0x783f2623) sw      gp, 1932(t5)
core   0: 3 0x8000b878 (0x783f2623) mem 0x8000c000 0x00000001
core   0: 0x8000b87c (0x0000bfe5) c.j     pc - 8
core   0: 3 0x8000b87c (0xbfe5)
core   0: 0x8000b874 (0x00000f17) auipc   t5, 0x0
core   0: 3 0x8000b874 (0x00000f17) x30 0x8000b874
core   0: 0x8000b878 (0x783f2623) sw      gp, 1932(t5)
core   0: 3 0x8000b878 (0x783f2623) mem 0x8000c000 0x00000001
core   0: 0x8000b87c (0x0000bfe5) c.j     pc - 8
core   0: 3 0x8000b87c (0xbfe5)
core   0: 0x8000b874 (0x00000f17) auipc   t5, 0x0
core   0: 3 0x8000b874 (0x00000f17) x30 0x8000b874
core   0: 0x8000b878 (0x783f2623) sw      gp, 1932(t5)
core   0: 3 0x8000b878 (0x783f2623) mem 0x8000c000 0x00000001
core   0: 0x8000b87c (0x0000bfe5) c.j     pc - 8
core   0: 3 0x8000b87c (0xbfe5)
core   0: 0x8000b874 (0x00000f17) auipc   t5, 0x0
core   0: 3 0x8000b874 (0x00000f17) x30 0x8000b874
core   0: 0x8000b878 (0x783f2623) sw      gp, 1932(t5)
core   0: 3 0x8000b878 (0x783f2623) mem 0x8000c000 0x00000001
core   0: 0x8000b87c (0x0000bfe5) c.j     pc - 8
core   0: 3 0x8000b87c (0xbfe5)
core   0: 0x8000b874 (0x00000f17) auipc   t5, 0x0
core   0: 3 0x8000b874 (0x00000f17) x30 0x8000b874
core   0: 0x8000b878 (0x783f2623) sw      gp, 1932(t5)
core   0: 3 0x8000b878 (0x783f2623) mem 0x8000c000 0x00000001
core   0: 0x8000b87c (0x0000bfe5) c.j     pc - 8
core   0: 3 0x8000b87c (0xbfe5)
core   0: 0x8000b874 (0x00000f17) auipc   t5, 0x0
core   0: 3 0x8000b874 (0x00000f17) x30 0x8000b874
core   0: 0x8000b878 (0x783f2623) sw      gp, 1932(t5)
core   0: 3 0x8000b878 (0x783f2623) mem 0x8000c000 0x00000001
core   0: 0x8000b87c (0x0000bfe5) c.j     pc - 8
core   0: 3 0x8000b87c (0xbfe5)
core   0: 0x8000b874 (0x00000f17) auipc   t5, 0x0
core   0: 3 0x8000b874 (0x00000f17) x30 0x8000b874
core   0: 0x8000b878 (0x783f2623) sw      gp, 1932(t5)
core   0: 3 0x8000b878 (0x783f2623) mem 0x8000c000 0x00000001
core   0: 0x8000b87c (0x0000bfe5) c.j     pc - 8
core   0: 3 0x8000b87c (0xbfe5)
core   0: 0x8000b874 (0x00000f17) auipc   t5, 0x0
core   0: 3 0x8000b874 (0x00000f17) x30 0x8000b874
core   0: 0x8000b878 (0x783f2623) sw      gp, 1932(t5)
core   0: 3 0x8000b878 (0x783f2623) mem 0x8000c000 0x00000001
core   0: 0x8000b87c (0x0000bfe5) c.j     pc - 8
core   0: 3 0x8000b87c (0xbfe5)
core   0: 0x8000b874 (0x00000f17) auipc   t5, 0x0
core   0: 3 0x8000b874 (0x00000f17) x30 0x8000b874
core   0: 0x8000b878 (0x783f2623) sw      gp, 1932(t5)
core   0: 3 0x8000b878 (0x783f2623) mem 0x8000c000 0x00000001
core   0: 0x8000b87c (0x0000bfe5) c.j     pc - 8
core   0: 3 0x8000b87c (0xbfe5)
core   0: 0x8000b874 (0x00000f17) auipc   t5, 0x0
core   0: 3 0x8000b874 (0x00000f17) x30 0x8000b874
core   0: 0x8000b878 (0x783f2623) sw      gp, 1932(t5)
core   0: 3 0x8000b878 (0x783f2623) mem 0x8000c000 0x00000001
core   0: 0x8000b87c (0x0000bfe5) c.j     pc - 8
core   0: 3 0x8000b87c (0xbfe5)
core   0: 0x8000b874 (0x00000f17) auipc   t5, 0x0
core   0: 3 0x8000b874 (0x00000f17) x30 0x8000b874
core   0: 0x8000b878 (0x783f2623) sw      gp, 1932(t5)
core   0: 3 0x8000b878 (0x783f2623) mem 0x8000c000 0x00000001
core   0: 0x8000b87c (0x0000bfe5) c.j     pc - 8
core   0: 3 0x8000b87c (0xbfe5)
core   0: 0x8000b874 (0x00000f17) auipc   t5, 0x0
core   0: 3 0x8000b874 (0x00000f17) x30 0x8000b874
core   0: 0x8000b878 (0x783f2623) sw      gp, 1932(t5)
core   0: 3 0x8000b878 (0x783f2623) mem 0x8000c000 0x00000001
core   0: 0x8000b87c (0x0000bfe5) c.j     pc - 8
core   0: 3 0x8000b87c (0xbfe5)
core   0: 0x8000b874 (0x00000f17) auipc   t5, 0x0
core   0: 3 0x8000b874 (0x00000f17) x30 0x8000b874
core   0: 0x8000b878 (0x783f2623) sw      gp, 1932(t5)
core   0: 3 0x8000b878 (0x783f2623) mem 0x8000c000 0x00000001
core   0: 0x8000b87c (0x0000bfe5) c.j     pc - 8
core   0: 3 0x8000b87c (0xbfe5)
core   0: 0x8000b874 (0x00000f17) auipc   t5, 0x0
core   0: 3 0x8000b874 (0x00000f17) x30 0x8000b874
core   0: 0x8000b878 (0x783f2623) sw      gp, 1932(t5)
core   0: 3 0x8000b878 (0x783f2623) mem 0x8000c000 0x00000001
core   0: 0x8000b87c (0x0000bfe5) c.j     pc - 8
core   0: 3 0x8000b87c (0xbfe5)
core   0: 0x8000b874 (0x00000f17) auipc   t5, 0x0
core   0: 3 0x8000b874 (0x00000f17) x30 0x8000b874
core   0: 0x8000b878 (0x783f2623) sw      gp, 1932(t5)
core   0: 3 0x8000b878 (0x783f2623) mem 0x8000c000 0x00000001
core   0: 0x8000b87c (0x0000bfe5) c.j     pc - 8
core   0: 3 0x8000b87c (0xbfe5)
core   0: 0x8000b874 (0x00000f17) auipc   t5, 0x0
core   0: 3 0x8000b874 (0x00000f17) x30 0x8000b874
core   0: 0x8000b878 (0x783f2623) sw      gp, 1932(t5)
core   0: 3 0x8000b878 (0x783f2623) mem 0x8000c000 0x00000001
core   0: 0x8000b87c (0x0000bfe5) c.j     pc - 8
core   0: 3 0x8000b87c (0xbfe5)
core   0: 0x8000b874 (0x00000f17) auipc   t5, 0x0
core   0: 3 0x8000b874 (0x00000f17) x30 0x8000b874
core   0: 0x8000b878 (0x783f2623) sw      gp, 1932(t5)
core   0: 3 0x8000b878 (0x783f2623) mem 0x8000c000 0x00000001
core   0: 0x8000b87c (0x0000bfe5) c.j     pc - 8
core   0: 3 0x8000b87c (0xbfe5)
core   0: 0x8000b874 (0x00000f17) auipc   t5, 0x0
core   0: 3 0x8000b874 (0x00000f17) x30 0x8000b874
core   0: 0x8000b878 (0x783f2623) sw      gp, 1932(t5)
core   0: 3 0x8000b878 (0x783f2623) mem 0x8000c000 0x00000001
core   0: 0x8000b87c (0x0000bfe5) c.j     pc - 8
core   0: 3 0x8000b87c (0xbfe5)
core   0: 0x8000b874 (0x00000f17) auipc   t5, 0x0
core   0: 3 0x8000b874 (0x00000f17) x30 0x8000b874
core   0: 0x8000b878 (0x783f2623) sw      gp, 1932(t5)
core   0: 3 0x8000b878 (0x783f2623) mem 0x8000c000 0x00000001
core   0: 0x8000b87c (0x0000bfe5) c.j     pc - 8
core   0: 3 0x8000b87c (0xbfe5)
core   0: 0x8000b874 (0x00000f17) auipc   t5, 0x0
core   0: 3 0x8000b874 (0x00000f17) x30 0x8000b874
core   0: 0x8000b878 (0x783f2623) sw      gp, 1932(t5)
core   0: 3 0x8000b878 (0x783f2623) mem 0x8000c000 0x00000001
core   0: 0x8000b87c (0x0000bfe5) c.j     pc - 8
core   0: 3 0x8000b87c (0xbfe5)
core   0: 0x8000b874 (0x00000f17) auipc   t5, 0x0
core   0: 3 0x8000b874 (0x00000f17) x30 0x8000b874
core   0: 0x8000b878 (0x783f2623) sw      gp, 1932(t5)
core   0: 3 0x8000b878 (0x783f2623) mem 0x8000c000 0x00000001
core   0: 0x8000b87c (0x0000bfe5) c.j     pc - 8
core   0: 3 0x8000b87c (0xbfe5)
core   0: 0x8000b874 (0x00000f17) auipc   t5, 0x0
core   0: 3 0x8000b874 (0x00000f17) x30 0x8000b874
core   0: 0x8000b878 (0x783f2623) sw      gp, 1932(t5)
core   0: 3 0x8000b878 (0x783f2623) mem 0x8000c000 0x00000001
core   0: 0x8000b87c (0x0000bfe5) c.j     pc - 8
core   0: 3 0x8000b87c (0xbfe5)
core   0: 0x8000b874 (0x00000f17) auipc   t5, 0x0
core   0: 3 0x8000b874 (0x00000f17) x30 0x8000b874
core   0: 0x8000b878 (0x783f2623) sw      gp, 1932(t5)
core   0: 3 0x8000b878 (0x783f2623) mem 0x8000c000 0x00000001
core   0: 0x8000b87c (0x0000bfe5) c.j     pc - 8
core   0: 3 0x8000b87c (0xbfe5)
core   0: 0x8000b874 (0x00000f17) auipc   t5, 0x0
core   0: 3 0x8000b874 (0x00000f17) x30 0x8000b874
core   0: 0x8000b878 (0x783f2623) sw      gp, 1932(t5)
core   0: 3 0x8000b878 (0x783f2623) mem 0x8000c000 0x00000001
core   0: 0x8000b87c (0x0000bfe5) c.j     pc - 8
core   0: 3 0x8000b87c (0xbfe5)
core   0: 0x8000b874 (0x00000f17) auipc   t5, 0x0
core   0: 3 0x8000b874 (0x00000f17) x30 0x8000b874
core   0: 0x8000b878 (0x783f2623) sw      gp, 1932(t5)
core   0: 3 0x8000b878 (0x783f2623) mem 0x8000c000 0x00000001
core   0: 0x8000b87c (0x0000bfe5) c.j     pc - 8
core   0: 3 0x8000b87c (0xbfe5)
core   0: 0x8000b874 (0x00000f17) auipc   t5, 0x0
core   0: 3 0x8000b874 (0x00000f17) x30 0x8000b874
core   0: 0x8000b878 (0x783f2623) sw      gp, 1932(t5)
core   0: 3 0x8000b878 (0x783f2623) mem 0x8000c000 0x00000001
core   0: 0x8000b87c (0x0000bfe5) c.j     pc - 8
core   0: 3 0x8000b87c (0xbfe5)
core   0: 0x8000b874 (0x00000f17) auipc   t5, 0x0
core   0: 3 0x8000b874 (0x00000f17) x30 0x8000b874
core   0: 0x8000b878 (0x783f2623) sw      gp, 1932(t5)
core   0: 3 0x8000b878 (0x783f2623) mem 0x8000c000 0x00000001
core   0: 0x8000b87c (0x0000bfe5) c.j     pc - 8
core   0: 3 0x8000b87c (0xbfe5)
core   0: 0x8000b874 (0x00000f17) auipc   t5, 0x0
core   0: 3 0x8000b874 (0x00000f17) x30 0x8000b874
core   0: 0x8000b878 (0x783f2623) sw      gp, 1932(t5)
core   0: 3 0x8000b878 (0x783f2623) mem 0x8000c000 0x00000001
core   0: 0x8000b87c (0x0000bfe5) c.j     pc - 8
core   0: 3 0x8000b87c (0xbfe5)
core   0: 0x8000b874 (0x00000f17) auipc   t5, 0x0
core   0: 3 0x8000b874 (0x00000f17) x30 0x8000b874
core   0: 0x8000b878 (0x783f2623) sw      gp, 1932(t5)
core   0: 3 0x8000b878 (0x783f2623) mem 0x8000c000 0x00000001
core   0: 0x8000b87c (0x0000bfe5) c.j     pc - 8
core   0: 3 0x8000b87c (0xbfe5)
core   0: 0x8000b874 (0x00000f17) auipc   t5, 0x0
core   0: 3 0x8000b874 (0x00000f17) x30 0x8000b874
core   0: 0x8000b878 (0x783f2623) sw      gp, 1932(t5)
core   0: 3 0x8000b878 (0x783f2623) mem 0x8000c000 0x00000001
core   0: 0x8000b87c (0x0000bfe5) c.j     pc - 8
core   0: 3 0x8000b87c (0xbfe5)
core   0: 0x8000b874 (0x00000f17) auipc   t5, 0x0
core   0: 3 0x8000b874 (0x00000f17) x30 0x8000b874
core   0: 0x8000b878 (0x783f2623) sw      gp, 1932(t5)
core   0: 3 0x8000b878 (0x783f2623) mem 0x8000c000 0x00000001
core   0: 0x8000b87c (0x0000bfe5) c.j     pc - 8
core   0: 3 0x8000b87c (0xbfe5)
core   0: 0x8000b874 (0x00000f17) auipc   t5, 0x0
core   0: 3 0x8000b874 (0x00000f17) x30 0x8000b874
core   0: 0x8000b878 (0x783f2623) sw      gp, 1932(t5)
core   0: 3 0x8000b878 (0x783f2623) mem 0x8000c000 0x00000001
core   0: 0x8000b87c (0x0000bfe5) c.j     pc - 8
core   0: 3 0x8000b87c (0xbfe5)
core   0: 0x8000b874 (0x00000f17) auipc   t5, 0x0
core   0: 3 0x8000b874 (0x00000f17) x30 0x8000b874
core   0: 0x8000b878 (0x783f2623) sw      gp, 1932(t5)
core   0: 3 0x8000b878 (0x783f2623) mem 0x8000c000 0x00000001
core   0: 0x8000b87c (0x0000bfe5) c.j     pc - 8
core   0: 3 0x8000b87c (0xbfe5)
core   0: 0x8000b874 (0x00000f17) auipc   t5, 0x0
core   0: 3 0x8000b874 (0x00000f17) x30 0x8000b874
core   0: 0x8000b878 (0x783f2623) sw      gp, 1932(t5)
core   0: 3 0x8000b878 (0x783f2623) mem 0x8000c000 0x00000001
core   0: 0x8000b87c (0x0000bfe5) c.j     pc - 8
core   0: 3 0x8000b87c (0xbfe5)
core   0: 0x8000b874 (0x00000f17) auipc   t5, 0x0
core   0: 3 0x8000b874 (0x00000f17) x30 0x8000b874
core   0: 0x8000b878 (0x783f2623) sw      gp, 1932(t5)
core   0: 3 0x8000b878 (0x783f2623) mem 0x8000c000 0x00000001
core   0: 0x8000b87c (0x0000bfe5) c.j     pc - 8
core   0: 3 0x8000b87c (0xbfe5)
core   0: 0x8000b874 (0x00000f17) auipc   t5, 0x0
core   0: 3 0x8000b874 (0x00000f17) x30 0x8000b874
core   0: 0x8000b878 (0x783f2623) sw      gp, 1932(t5)
core   0: 3 0x8000b878 (0x783f2623) mem 0x8000c000 0x00000001
core   0: 0x8000b87c (0x0000bfe5) c.j     pc - 8
core   0: 3 0x8000b87c (0xbfe5)
core   0: 0x8000b874 (0x00000f17) auipc   t5, 0x0
core   0: 3 0x8000b874 (0x00000f17) x30 0x8000b874
core   0: 0x8000b878 (0x783f2623) sw      gp, 1932(t5)
core   0: 3 0x8000b878 (0x783f2623) mem 0x8000c000 0x00000001
core   0: 0x8000b87c (0x0000bfe5) c.j     pc - 8
core   0: 3 0x8000b87c (0xbfe5)
core   0: 0x8000b874 (0x00000f17) auipc   t5, 0x0
core   0: 3 0x8000b874 (0x00000f17) x30 0x8000b874
core   0: 0x8000b878 (0x783f2623) sw      gp, 1932(t5)
core   0: 3 0x8000b878 (0x783f2623) mem 0x8000c000 0x00000001
core   0: 0x8000b87c (0x0000bfe5) c.j     pc - 8
core   0: 3 0x8000b87c (0xbfe5)
core   0: 0x8000b874 (0x00000f17) auipc   t5, 0x0
core   0: 3 0x8000b874 (0x00000f17) x30 0x8000b874
core   0: 0x8000b878 (0x783f2623) sw      gp, 1932(t5)
core   0: 3 0x8000b878 (0x783f2623) mem 0x8000c000 0x00000001
core   0: 0x8000b87c (0x0000bfe5) c.j     pc - 8
core   0: 3 0x8000b87c (0xbfe5)
core   0: 0x8000b874 (0x00000f17) auipc   t5, 0x0
core   0: 3 0x8000b874 (0x00000f17) x30 0x8000b874
core   0: 0x8000b878 (0x783f2623) sw      gp, 1932(t5)
core   0: 3 0x8000b878 (0x783f2623) mem 0x8000c000 0x00000001
core   0: 0x8000b87c (0x0000bfe5) c.j     pc - 8
core   0: 3 0x8000b87c (0xbfe5)
core   0: 0x8000b874 (0x00000f17) auipc   t5, 0x0
core   0: 3 0x8000b874 (0x00000f17) x30 0x8000b874
core   0: 0x8000b878 (0x783f2623) sw      gp, 1932(t5)
core   0: 3 0x8000b878 (0x783f2623) mem 0x8000c000 0x00000001
core   0: 0x8000b87c (0x0000bfe5) c.j     pc - 8
core   0: 3 0x8000b87c (0xbfe5)
core   0: 0x8000b874 (0x00000f17) auipc   t5, 0x0
core   0: 3 0x8000b874 (0x00000f17) x30 0x8000b874
core   0: 0x8000b878 (0x783f2623) sw      gp, 1932(t5)
core   0: 3 0x8000b878 (0x783f2623) mem 0x8000c000 0x00000001
core   0: 0x8000b87c (0x0000bfe5) c.j     pc - 8
core   0: 3 0x8000b87c (0xbfe5)
core   0: 0x8000b874 (0x00000f17) auipc   t5, 0x0
core   0: 3 0x8000b874 (0x00000f17) x30 0x8000b874
core   0: 0x8000b878 (0x783f2623) sw      gp, 1932(t5)
core   0: 3 0x8000b878 (0x783f2623) mem 0x8000c000 0x00000001
core   0: 0x8000b87c (0x0000bfe5) c.j     pc - 8
core   0: 3 0x8000b87c (0xbfe5)
core   0: 0x8000b874 (0x00000f17) auipc   t5, 0x0
core   0: 3 0x8000b874 (0x00000f17) x30 0x8000b874
core   0: 0x8000b878 (0x783f2623) sw      gp, 1932(t5)
core   0: 3 0x8000b878 (0x783f2623) mem 0x8000c000 0x00000001
core   0: 0x8000b87c (0x0000bfe5) c.j     pc - 8
core   0: 3 0x8000b87c (0xbfe5)
core   0: 0x8000b874 (0x00000f17) auipc   t5, 0x0
core   0: 3 0x8000b874 (0x00000f17) x30 0x8000b874
core   0: 0x8000b878 (0x783f2623) sw      gp, 1932(t5)
core   0: 3 0x8000b878 (0x783f2623) mem 0x8000c000 0x00000001
core   0: 0x8000b87c (0x0000bfe5) c.j     pc - 8
core   0: 3 0x8000b87c (0xbfe5)
core   0: 0x8000b874 (0x00000f17) auipc   t5, 0x0
core   0: 3 0x8000b874 (0x00000f17) x30 0x8000b874
core   0: 0x8000b878 (0x783f2623) sw      gp, 1932(t5)
core   0: 3 0x8000b878 (0x783f2623) mem 0x8000c000 0x00000001
core   0: 0x8000b87c (0x0000bfe5) c.j     pc - 8
core   0: 3 0x8000b87c (0xbfe5)
core   0: 0x8000b874 (0x00000f17) auipc   t5, 0x0
core   0: 3 0x8000b874 (0x00000f17) x30 0x8000b874
core   0: 0x8000b878 (0x783f2623) sw      gp, 1932(t5)
core   0: 3 0x8000b878 (0x783f2623) mem 0x8000c000 0x00000001
core   0: 0x8000b87c (0x0000bfe5) c.j     pc - 8
core   0: 3 0x8000b87c (0xbfe5)
core   0: 0x8000b874 (0x00000f17) auipc   t5, 0x0
core   0: 3 0x8000b874 (0x00000f17) x30 0x8000b874
core   0: 0x8000b878 (0x783f2623) sw      gp, 1932(t5)
core   0: 3 0x8000b878 (0x783f2623) mem 0x8000c000 0x00000001
core   0: 0x8000b87c (0x0000bfe5) c.j     pc - 8
core   0: 3 0x8000b87c (0xbfe5)
core   0: 0x8000b874 (0x00000f17) auipc   t5, 0x0
core   0: 3 0x8000b874 (0x00000f17) x30 0x8000b874
core   0: 0x8000b878 (0x783f2623) sw      gp, 1932(t5)
core   0: 3 0x8000b878 (0x783f2623) mem 0x8000c000 0x00000001
core   0: 0x8000b87c (0x0000bfe5) c.j     pc - 8
core   0: 3 0x8000b87c (0xbfe5)
core   0: 0x8000b874 (0x00000f17) auipc   t5, 0x0
core   0: 3 0x8000b874 (0x00000f17) x30 0x8000b874
core   0: 0x8000b878 (0x783f2623) sw      gp, 1932(t5)
core   0: 3 0x8000b878 (0x783f2623) mem 0x8000c000 0x00000001
core   0: 0x8000b87c (0x0000bfe5) c.j     pc - 8
core   0: 3 0x8000b87c (0xbfe5)
core   0: 0x8000b874 (0x00000f17) auipc   t5, 0x0
core   0: 3 0x8000b874 (0x00000f17) x30 0x8000b874
core   0: 0x8000b878 (0x783f2623) sw      gp, 1932(t5)
core   0: 3 0x8000b878 (0x783f2623) mem 0x8000c000 0x00000001
core   0: 0x8000b87c (0x0000bfe5) c.j     pc - 8
core   0: 3 0x8000b87c (0xbfe5)
core   0: 0x8000b874 (0x00000f17) auipc   t5, 0x0
core   0: 3 0x8000b874 (0x00000f17) x30 0x8000b874
core   0: 0x8000b878 (0x783f2623) sw      gp, 1932(t5)
core   0: 3 0x8000b878 (0x783f2623) mem 0x8000c000 0x00000001
core   0: 0x8000b87c (0x0000bfe5) c.j     pc - 8
core   0: 3 0x8000b87c (0xbfe5)
core   0: 0x8000b874 (0x00000f17) auipc   t5, 0x0
core   0: 3 0x8000b874 (0x00000f17) x30 0x8000b874
core   0: 0x8000b878 (0x783f2623) sw      gp, 1932(t5)
core   0: 3 0x8000b878 (0x783f2623) mem 0x8000c000 0x00000001
core   0: 0x8000b87c (0x0000bfe5) c.j     pc - 8
core   0: 3 0x8000b87c (0xbfe5)
core   0: 0x8000b874 (0x00000f17) auipc   t5, 0x0
core   0: 3 0x8000b874 (0x00000f17) x30 0x8000b874
core   0: 0x8000b878 (0x783f2623) sw      gp, 1932(t5)
core   0: 3 0x8000b878 (0x783f2623) mem 0x8000c000 0x00000001
core   0: 0x8000b87c (0x0000bfe5) c.j     pc - 8
core   0: 3 0x8000b87c (0xbfe5)
core   0: 0x8000b874 (0x00000f17) auipc   t5, 0x0
core   0: 3 0x8000b874 (0x00000f17) x30 0x8000b874
core   0: 0x8000b878 (0x783f2623) sw      gp, 1932(t5)
core   0: 3 0x8000b878 (0x783f2623) mem 0x8000c000 0x00000001
core   0: 0x8000b87c (0x0000bfe5) c.j     pc - 8
core   0: 3 0x8000b87c (0xbfe5)
core   0: 0x8000b874 (0x00000f17) auipc   t5, 0x0
core   0: 3 0x8000b874 (0x00000f17) x30 0x8000b874
core   0: 0x8000b878 (0x783f2623) sw      gp, 1932(t5)
core   0: 3 0x8000b878 (0x783f2623) mem 0x8000c000 0x00000001
core   0: 0x8000b87c (0x0000bfe5) c.j     pc - 8
core   0: 3 0x8000b87c (0xbfe5)
core   0: 0x8000b874 (0x00000f17) auipc   t5, 0x0
core   0: 3 0x8000b874 (0x00000f17) x30 0x8000b874
core   0: 0x8000b878 (0x783f2623) sw      gp, 1932(t5)
core   0: 3 0x8000b878 (0x783f2623) mem 0x8000c000 0x00000001
core   0: 0x8000b87c (0x0000bfe5) c.j     pc - 8
core   0: 3 0x8000b87c (0xbfe5)
core   0: 0x8000b874 (0x00000f17) auipc   t5, 0x0
core   0: 3 0x8000b874 (0x00000f17) x30 0x8000b874
core   0: 0x8000b878 (0x783f2623) sw      gp, 1932(t5)
core   0: 3 0x8000b878 (0x783f2623) mem 0x8000c000 0x00000001
core   0: 0x8000b87c (0x0000bfe5) c.j     pc - 8
core   0: 3 0x8000b87c (0xbfe5)
core   0: 0x8000b874 (0x00000f17) auipc   t5, 0x0
core   0: 3 0x8000b874 (0x00000f17) x30 0x8000b874
core   0: 0x8000b878 (0x783f2623) sw      gp, 1932(t5)
core   0: 3 0x8000b878 (0x783f2623) mem 0x8000c000 0x00000001
core   0: 0x8000b87c (0x0000bfe5) c.j     pc - 8
core   0: 3 0x8000b87c (0xbfe5)
core   0: 0x8000b874 (0x00000f17) auipc   t5, 0x0
core   0: 3 0x8000b874 (0x00000f17) x30 0x8000b874
core   0: 0x8000b878 (0x783f2623) sw      gp, 1932(t5)
core   0: 3 0x8000b878 (0x783f2623) mem 0x8000c000 0x00000001
core   0: 0x8000b87c (0x0000bfe5) c.j     pc - 8
core   0: 3 0x8000b87c (0xbfe5)
core   0: 0x8000b874 (0x00000f17) auipc   t5, 0x0
core   0: 3 0x8000b874 (0x00000f17) x30 0x8000b874
core   0: 0x8000b878 (0x783f2623) sw      gp, 1932(t5)
core   0: 3 0x8000b878 (0x783f2623) mem 0x8000c000 0x00000001
core   0: 0x8000b87c (0x0000bfe5) c.j     pc - 8
core   0: 3 0x8000b87c (0xbfe5)
core   0: 0x8000b874 (0x00000f17) auipc   t5, 0x0
core   0: 3 0x8000b874 (0x00000f17) x30 0x8000b874
core   0: 0x8000b878 (0x783f2623) sw      gp, 1932(t5)
core   0: 3 0x8000b878 (0x783f2623) mem 0x8000c000 0x00000001
core   0: 0x8000b87c (0x0000bfe5) c.j     pc - 8
core   0: 3 0x8000b87c (0xbfe5)
core   0: 0x8000b874 (0x00000f17) auipc   t5, 0x0
core   0: 3 0x8000b874 (0x00000f17) x30 0x8000b874
core   0: 0x8000b878 (0x783f2623) sw      gp, 1932(t5)
core   0: 3 0x8000b878 (0x783f2623) mem 0x8000c000 0x00000001
core   0: 0x8000b87c (0x0000bfe5) c.j     pc - 8
core   0: 3 0x8000b87c (0xbfe5)
core   0: 0x8000b874 (0x00000f17) auipc   t5, 0x0
core   0: 3 0x8000b874 (0x00000f17) x30 0x8000b874
core   0: 0x8000b878 (0x783f2623) sw      gp, 1932(t5)
core   0: 3 0x8000b878 (0x783f2623) mem 0x8000c000 0x00000001
core   0: 0x8000b87c (0x0000bfe5) c.j     pc - 8
core   0: 3 0x8000b87c (0xbfe5)
core   0: 0x8000b874 (0x00000f17) auipc   t5, 0x0
core   0: 3 0x8000b874 (0x00000f17) x30 0x8000b874
core   0: 0x8000b878 (0x783f2623) sw      gp, 1932(t5)
core   0: 3 0x8000b878 (0x783f2623) mem 0x8000c000 0x00000001
core   0: 0x8000b87c (0x0000bfe5) c.j     pc - 8
core   0: 3 0x8000b87c (0xbfe5)
core   0: 0x8000b874 (0x00000f17) auipc   t5, 0x0
core   0: 3 0x8000b874 (0x00000f17) x30 0x8000b874
core   0: 0x8000b878 (0x783f2623) sw      gp, 1932(t5)
core   0: 3 0x8000b878 (0x783f2623) mem 0x8000c000 0x00000001
core   0: 0x8000b87c (0x0000bfe5) c.j     pc - 8
core   0: 3 0x8000b87c (0xbfe5)
core   0: 0x8000b874 (0x00000f17) auipc   t5, 0x0
core   0: 3 0x8000b874 (0x00000f17) x30 0x8000b874
core   0: 0x8000b878 (0x783f2623) sw      gp, 1932(t5)
core   0: 3 0x8000b878 (0x783f2623) mem 0x8000c000 0x00000001
core   0: 0x8000b87c (0x0000bfe5) c.j     pc - 8
core   0: 3 0x8000b87c (0xbfe5)
core   0: 0x8000b874 (0x00000f17) auipc   t5, 0x0
core   0: 3 0x8000b874 (0x00000f17) x30 0x8000b874
core   0: 0x8000b878 (0x783f2623) sw      gp, 1932(t5)
core   0: 3 0x8000b878 (0x783f2623) mem 0x8000c000 0x00000001
core   0: 0x8000b87c (0x0000bfe5) c.j     pc - 8
core   0: 3 0x8000b87c (0xbfe5)
core   0: 0x8000b874 (0x00000f17) auipc   t5, 0x0
core   0: 3 0x8000b874 (0x00000f17) x30 0x8000b874
core   0: 0x8000b878 (0x783f2623) sw      gp, 1932(t5)
core   0: 3 0x8000b878 (0x783f2623) mem 0x8000c000 0x00000001
core   0: 0x8000b87c (0x0000bfe5) c.j     pc - 8
core   0: 3 0x8000b87c (0xbfe5)
core   0: 0x8000b874 (0x00000f17) auipc   t5, 0x0
core   0: 3 0x8000b874 (0x00000f17) x30 0x8000b874
core   0: 0x8000b878 (0x783f2623) sw      gp, 1932(t5)
core   0: 3 0x8000b878 (0x783f2623) mem 0x8000c000 0x00000001
core   0: 0x8000b87c (0x0000bfe5) c.j     pc - 8
core   0: 3 0x8000b87c (0xbfe5)
core   0: 0x8000b874 (0x00000f17) auipc   t5, 0x0
core   0: 3 0x8000b874 (0x00000f17) x30 0x8000b874
core   0: 0x8000b878 (0x783f2623) sw      gp, 1932(t5)
core   0: 3 0x8000b878 (0x783f2623) mem 0x8000c000 0x00000001
core   0: 0x8000b87c (0x0000bfe5) c.j     pc - 8
core   0: 3 0x8000b87c (0xbfe5)
core   0: 0x8000b874 (0x00000f17) auipc   t5, 0x0
core   0: 3 0x8000b874 (0x00000f17) x30 0x8000b874
core   0: 0x8000b878 (0x783f2623) sw      gp, 1932(t5)
core   0: 3 0x8000b878 (0x783f2623) mem 0x8000c000 0x00000001
core   0: 0x8000b87c (0x0000bfe5) c.j     pc - 8
core   0: 3 0x8000b87c (0xbfe5)
core   0: 0x8000b874 (0x00000f17) auipc   t5, 0x0
core   0: 3 0x8000b874 (0x00000f17) x30 0x8000b874
core   0: 0x8000b878 (0x783f2623) sw      gp, 1932(t5)
core   0: 3 0x8000b878 (0x783f2623) mem 0x8000c000 0x00000001
core   0: 0x8000b87c (0x0000bfe5) c.j     pc - 8
core   0: 3 0x8000b87c (0xbfe5)
core   0: 0x8000b874 (0x00000f17) auipc   t5, 0x0
core   0: 3 0x8000b874 (0x00000f17) x30 0x8000b874
core   0: 0x8000b878 (0x783f2623) sw      gp, 1932(t5)
core   0: 3 0x8000b878 (0x783f2623) mem 0x8000c000 0x00000001
core   0: 0x8000b87c (0x0000bfe5) c.j     pc - 8
core   0: 3 0x8000b87c (0xbfe5)
core   0: 0x8000b874 (0x00000f17) auipc   t5, 0x0
core   0: 3 0x8000b874 (0x00000f17) x30 0x8000b874
core   0: 0x8000b878 (0x783f2623) sw      gp, 1932(t5)
core   0: 3 0x8000b878 (0x783f2623) mem 0x8000c000 0x00000001
core   0: 0x8000b87c (0x0000bfe5) c.j     pc - 8
core   0: 3 0x8000b87c (0xbfe5)
core   0: 0x8000b874 (0x00000f17) auipc   t5, 0x0
core   0: 3 0x8000b874 (0x00000f17) x30 0x8000b874
core   0: 0x8000b878 (0x783f2623) sw      gp, 1932(t5)
core   0: 3 0x8000b878 (0x783f2623) mem 0x8000c000 0x00000001
core   0: 0x8000b87c (0x0000bfe5) c.j     pc - 8
core   0: 3 0x8000b87c (0xbfe5)
core   0: 0x8000b874 (0x00000f17) auipc   t5, 0x0
core   0: 3 0x8000b874 (0x00000f17) x30 0x8000b874
core   0: 0x8000b878 (0x783f2623) sw      gp, 1932(t5)
core   0: 3 0x8000b878 (0x783f2623) mem 0x8000c000 0x00000001
core   0: 0x8000b87c (0x0000bfe5) c.j     pc - 8
core   0: 3 0x8000b87c (0xbfe5)
core   0: 0x8000b874 (0x00000f17) auipc   t5, 0x0
core   0: 3 0x8000b874 (0x00000f17) x30 0x8000b874
core   0: 0x8000b878 (0x783f2623) sw      gp, 1932(t5)
core   0: 3 0x8000b878 (0x783f2623) mem 0x8000c000 0x00000001
core   0: 0x8000b87c (0x0000bfe5) c.j     pc - 8
core   0: 3 0x8000b87c (0xbfe5)
core   0: 0x8000b874 (0x00000f17) auipc   t5, 0x0
core   0: 3 0x8000b874 (0x00000f17) x30 0x8000b874
core   0: 0x8000b878 (0x783f2623) sw      gp, 1932(t5)
core   0: 3 0x8000b878 (0x783f2623) mem 0x8000c000 0x00000001
core   0: 0x8000b87c (0x0000bfe5) c.j     pc - 8
core   0: 3 0x8000b87c (0xbfe5)
core   0: 0x8000b874 (0x00000f17) auipc   t5, 0x0
core   0: 3 0x8000b874 (0x00000f17) x30 0x8000b874
core   0: 0x8000b878 (0x783f2623) sw      gp, 1932(t5)
core   0: 3 0x8000b878 (0x783f2623) mem 0x8000c000 0x00000001
core   0: 0x8000b87c (0x0000bfe5) c.j     pc - 8
core   0: 3 0x8000b87c (0xbfe5)
core   0: 0x8000b874 (0x00000f17) auipc   t5, 0x0
core   0: 3 0x8000b874 (0x00000f17) x30 0x8000b874
core   0: 0x8000b878 (0x783f2623) sw      gp, 1932(t5)
core   0: 3 0x8000b878 (0x783f2623) mem 0x8000c000 0x00000001
core   0: 0x8000b87c (0x0000bfe5) c.j     pc - 8
core   0: 3 0x8000b87c (0xbfe5)
core   0: 0x8000b874 (0x00000f17) auipc   t5, 0x0
core   0: 3 0x8000b874 (0x00000f17) x30 0x8000b874
core   0: 0x8000b878 (0x783f2623) sw      gp, 1932(t5)
core   0: 3 0x8000b878 (0x783f2623) mem 0x8000c000 0x00000001
core   0: 0x8000b87c (0x0000bfe5) c.j     pc - 8
core   0: 3 0x8000b87c (0xbfe5)
core   0: 0x8000b874 (0x00000f17) auipc   t5, 0x0
core   0: 3 0x8000b874 (0x00000f17) x30 0x8000b874
core   0: 0x8000b878 (0x783f2623) sw      gp, 1932(t5)
core   0: 3 0x8000b878 (0x783f2623) mem 0x8000c000 0x00000001
core   0: 0x8000b87c (0x0000bfe5) c.j     pc - 8
core   0: 3 0x8000b87c (0xbfe5)
core   0: 0x8000b874 (0x00000f17) auipc   t5, 0x0
core   0: 3 0x8000b874 (0x00000f17) x30 0x8000b874
core   0: 0x8000b878 (0x783f2623) sw      gp, 1932(t5)
core   0: 3 0x8000b878 (0x783f2623) mem 0x8000c000 0x00000001
core   0: 0x8000b87c (0x0000bfe5) c.j     pc - 8
core   0: 3 0x8000b87c (0xbfe5)
core   0: 0x8000b874 (0x00000f17) auipc   t5, 0x0
core   0: 3 0x8000b874 (0x00000f17) x30 0x8000b874
core   0: 0x8000b878 (0x783f2623) sw      gp, 1932(t5)
core   0: 3 0x8000b878 (0x783f2623) mem 0x8000c000 0x00000001
core   0: 0x8000b87c (0x0000bfe5) c.j     pc - 8
core   0: 3 0x8000b87c (0xbfe5)
core   0: 0x8000b874 (0x00000f17) auipc   t5, 0x0
core   0: 3 0x8000b874 (0x00000f17) x30 0x8000b874
core   0: 0x8000b878 (0x783f2623) sw      gp, 1932(t5)
core   0: 3 0x8000b878 (0x783f2623) mem 0x8000c000 0x00000001
core   0: 0x8000b87c (0x0000bfe5) c.j     pc - 8
core   0: 3 0x8000b87c (0xbfe5)
core   0: 0x8000b874 (0x00000f17) auipc   t5, 0x0
core   0: 3 0x8000b874 (0x00000f17) x30 0x8000b874
core   0: 0x8000b878 (0x783f2623) sw      gp, 1932(t5)
core   0: 3 0x8000b878 (0x783f2623) mem 0x8000c000 0x00000001
core   0: 0x8000b87c (0x0000bfe5) c.j     pc - 8
core   0: 3 0x8000b87c (0xbfe5)
core   0: 0x8000b874 (0x00000f17) auipc   t5, 0x0
core   0: 3 0x8000b874 (0x00000f17) x30 0x8000b874
core   0: 0x8000b878 (0x783f2623) sw      gp, 1932(t5)
core   0: 3 0x8000b878 (0x783f2623) mem 0x8000c000 0x00000001
core   0: 0x8000b87c (0x0000bfe5) c.j     pc - 8
core   0: 3 0x8000b87c (0xbfe5)
core   0: 0x8000b874 (0x00000f17) auipc   t5, 0x0
core   0: 3 0x8000b874 (0x00000f17) x30 0x8000b874
core   0: 0x8000b878 (0x783f2623) sw      gp, 1932(t5)
core   0: 3 0x8000b878 (0x783f2623) mem 0x8000c000 0x00000001
core   0: 0x8000b87c (0x0000bfe5) c.j     pc - 8
core   0: 3 0x8000b87c (0xbfe5)
core   0: 0x8000b874 (0x00000f17) auipc   t5, 0x0
core   0: 3 0x8000b874 (0x00000f17) x30 0x8000b874
core   0: 0x8000b878 (0x783f2623) sw      gp, 1932(t5)
core   0: 3 0x8000b878 (0x783f2623) mem 0x8000c000 0x00000001
core   0: 0x8000b87c (0x0000bfe5) c.j     pc - 8
core   0: 3 0x8000b87c (0xbfe5)
core   0: 0x8000b874 (0x00000f17) auipc   t5, 0x0
core   0: 3 0x8000b874 (0x00000f17) x30 0x8000b874
core   0: 0x8000b878 (0x783f2623) sw      gp, 1932(t5)
core   0: 3 0x8000b878 (0x783f2623) mem 0x8000c000 0x00000001
core   0: 0x8000b87c (0x0000bfe5) c.j     pc - 8
core   0: 3 0x8000b87c (0xbfe5)
core   0: 0x8000b874 (0x00000f17) auipc   t5, 0x0
core   0: 3 0x8000b874 (0x00000f17) x30 0x8000b874
core   0: 0x8000b878 (0x783f2623) sw      gp, 1932(t5)
core   0: 3 0x8000b878 (0x783f2623) mem 0x8000c000 0x00000001
core   0: 0x8000b87c (0x0000bfe5) c.j     pc - 8
core   0: 3 0x8000b87c (0xbfe5)
core   0: 0x8000b874 (0x00000f17) auipc   t5, 0x0
core   0: 3 0x8000b874 (0x00000f17) x30 0x8000b874
core   0: 0x8000b878 (0x783f2623) sw      gp, 1932(t5)
core   0: 3 0x8000b878 (0x783f2623) mem 0x8000c000 0x00000001
core   0: 0x8000b87c (0x0000bfe5) c.j     pc - 8
core   0: 3 0x8000b87c (0xbfe5)
core   0: 0x8000b874 (0x00000f17) auipc   t5, 0x0
core   0: 3 0x8000b874 (0x00000f17) x30 0x8000b874
core   0: 0x8000b878 (0x783f2623) sw      gp, 1932(t5)
core   0: 3 0x8000b878 (0x783f2623) mem 0x8000c000 0x00000001
core   0: 0x8000b87c (0x0000bfe5) c.j     pc - 8
core   0: 3 0x8000b87c (0xbfe5)
core   0: 0x8000b874 (0x00000f17) auipc   t5, 0x0
core   0: 3 0x8000b874 (0x00000f17) x30 0x8000b874
core   0: 0x8000b878 (0x783f2623) sw      gp, 1932(t5)
core   0: 3 0x8000b878 (0x783f2623) mem 0x8000c000 0x00000001
core   0: 0x8000b87c (0x0000bfe5) c.j     pc - 8
core   0: 3 0x8000b87c (0xbfe5)
core   0: 0x8000b874 (0x00000f17) auipc   t5, 0x0
core   0: 3 0x8000b874 (0x00000f17) x30 0x8000b874
core   0: 0x8000b878 (0x783f2623) sw      gp, 1932(t5)
core   0: 3 0x8000b878 (0x783f2623) mem 0x8000c000 0x00000001
core   0: 0x8000b87c (0x0000bfe5) c.j     pc - 8
core   0: 3 0x8000b87c (0xbfe5)
core   0: 0x8000b874 (0x00000f17) auipc   t5, 0x0
core   0: 3 0x8000b874 (0x00000f17) x30 0x8000b874
core   0: 0x8000b878 (0x783f2623) sw      gp, 1932(t5)
core   0: 3 0x8000b878 (0x783f2623) mem 0x8000c000 0x00000001
core   0: 0x8000b87c (0x0000bfe5) c.j     pc - 8
core   0: 3 0x8000b87c (0xbfe5)
core   0: 0x8000b874 (0x00000f17) auipc   t5, 0x0
core   0: 3 0x8000b874 (0x00000f17) x30 0x8000b874
core   0: 0x8000b878 (0x783f2623) sw      gp, 1932(t5)
core   0: 3 0x8000b878 (0x783f2623) mem 0x8000c000 0x00000001
core   0: 0x8000b87c (0x0000bfe5) c.j     pc - 8
core   0: 3 0x8000b87c (0xbfe5)
core   0: 0x8000b874 (0x00000f17) auipc   t5, 0x0
core   0: 3 0x8000b874 (0x00000f17) x30 0x8000b874
core   0: 0x8000b878 (0x783f2623) sw      gp, 1932(t5)
core   0: 3 0x8000b878 (0x783f2623) mem 0x8000c000 0x00000001
core   0: 0x8000b87c (0x0000bfe5) c.j     pc - 8
core   0: 3 0x8000b87c (0xbfe5)
core   0: 0x8000b874 (0x00000f17) auipc   t5, 0x0
core   0: 3 0x8000b874 (0x00000f17) x30 0x8000b874
core   0: 0x8000b878 (0x783f2623) sw      gp, 1932(t5)
core   0: 3 0x8000b878 (0x783f2623) mem 0x8000c000 0x00000001
core   0: 0x8000b87c (0x0000bfe5) c.j     pc - 8
core   0: 3 0x8000b87c (0xbfe5)
core   0: 0x8000b874 (0x00000f17) auipc   t5, 0x0
core   0: 3 0x8000b874 (0x00000f17) x30 0x8000b874
core   0: 0x8000b878 (0x783f2623) sw      gp, 1932(t5)
core   0: 3 0x8000b878 (0x783f2623) mem 0x8000c000 0x00000001
core   0: 0x8000b87c (0x0000bfe5) c.j     pc - 8
core   0: 3 0x8000b87c (0xbfe5)
core   0: 0x8000b874 (0x00000f17) auipc   t5, 0x0
core   0: 3 0x8000b874 (0x00000f17) x30 0x8000b874
core   0: 0x8000b878 (0x783f2623) sw      gp, 1932(t5)
core   0: 3 0x8000b878 (0x783f2623) mem 0x8000c000 0x00000001
core   0: 0x8000b87c (0x0000bfe5) c.j     pc - 8
core   0: 3 0x8000b87c (0xbfe5)
core   0: 0x8000b874 (0x00000f17) auipc   t5, 0x0
core   0: 3 0x8000b874 (0x00000f17) x30 0x8000b874
core   0: 0x8000b878 (0x783f2623) sw      gp, 1932(t5)
core   0: 3 0x8000b878 (0x783f2623) mem 0x8000c000 0x00000001
core   0: 0x8000b87c (0x0000bfe5) c.j     pc - 8
core   0: 3 0x8000b87c (0xbfe5)
core   0: 0x8000b874 (0x00000f17) auipc   t5, 0x0
core   0: 3 0x8000b874 (0x00000f17) x30 0x8000b874
core   0: 0x8000b878 (0x783f2623) sw      gp, 1932(t5)
core   0: 3 0x8000b878 (0x783f2623) mem 0x8000c000 0x00000001
core   0: 0x8000b87c (0x0000bfe5) c.j     pc - 8
core   0: 3 0x8000b87c (0xbfe5)
core   0: 0x8000b874 (0x00000f17) auipc   t5, 0x0
core   0: 3 0x8000b874 (0x00000f17) x30 0x8000b874
core   0: 0x8000b878 (0x783f2623) sw      gp, 1932(t5)
core   0: 3 0x8000b878 (0x783f2623) mem 0x8000c000 0x00000001
core   0: 0x8000b87c (0x0000bfe5) c.j     pc - 8
core   0: 3 0x8000b87c (0xbfe5)
core   0: 0x8000b874 (0x00000f17) auipc   t5, 0x0
core   0: 3 0x8000b874 (0x00000f17) x30 0x8000b874
core   0: 0x8000b878 (0x783f2623) sw      gp, 1932(t5)
core   0: 3 0x8000b878 (0x783f2623) mem 0x8000c000 0x00000001
core   0: 0x8000b87c (0x0000bfe5) c.j     pc - 8
core   0: 3 0x8000b87c (0xbfe5)
core   0: 0x8000b874 (0x00000f17) auipc   t5, 0x0
core   0: 3 0x8000b874 (0x00000f17) x30 0x8000b874
core   0: 0x8000b878 (0x783f2623) sw      gp, 1932(t5)
core   0: 3 0x8000b878 (0x783f2623) mem 0x8000c000 0x00000001
core   0: 0x8000b87c (0x0000bfe5) c.j     pc - 8
core   0: 3 0x8000b87c (0xbfe5)
core   0: 0x8000b874 (0x00000f17) auipc   t5, 0x0
core   0: 3 0x8000b874 (0x00000f17) x30 0x8000b874
core   0: 0x8000b878 (0x783f2623) sw      gp, 1932(t5)
core   0: 3 0x8000b878 (0x783f2623) mem 0x8000c000 0x00000001
core   0: 0x8000b87c (0x0000bfe5) c.j     pc - 8
core   0: 3 0x8000b87c (0xbfe5)
core   0: 0x8000b874 (0x00000f17) auipc   t5, 0x0
core   0: 3 0x8000b874 (0x00000f17) x30 0x8000b874
core   0: 0x8000b878 (0x783f2623) sw      gp, 1932(t5)
core   0: 3 0x8000b878 (0x783f2623) mem 0x8000c000 0x00000001
core   0: 0x8000b87c (0x0000bfe5) c.j     pc - 8
core   0: 3 0x8000b87c (0xbfe5)
core   0: 0x8000b874 (0x00000f17) auipc   t5, 0x0
core   0: 3 0x8000b874 (0x00000f17) x30 0x8000b874
core   0: 0x8000b878 (0x783f2623) sw      gp, 1932(t5)
core   0: 3 0x8000b878 (0x783f2623) mem 0x8000c000 0x00000001
core   0: 0x8000b87c (0x0000bfe5) c.j     pc - 8
core   0: 3 0x8000b87c (0xbfe5)
core   0: 0x8000b874 (0x00000f17) auipc   t5, 0x0
core   0: 3 0x8000b874 (0x00000f17) x30 0x8000b874
core   0: 0x8000b878 (0x783f2623) sw      gp, 1932(t5)
core   0: 3 0x8000b878 (0x783f2623) mem 0x8000c000 0x00000001
core   0: 0x8000b87c (0x0000bfe5) c.j     pc - 8
core   0: 3 0x8000b87c (0xbfe5)
core   0: 0x8000b874 (0x00000f17) auipc   t5, 0x0
core   0: 3 0x8000b874 (0x00000f17) x30 0x8000b874
core   0: 0x8000b878 (0x783f2623) sw      gp, 1932(t5)
core   0: 3 0x8000b878 (0x783f2623) mem 0x8000c000 0x00000001
core   0: 0x8000b87c (0x0000bfe5) c.j     pc - 8
core   0: 3 0x8000b87c (0xbfe5)
core   0: 0x8000b874 (0x00000f17) auipc   t5, 0x0
core   0: 3 0x8000b874 (0x00000f17) x30 0x8000b874
core   0: 0x8000b878 (0x783f2623) sw      gp, 1932(t5)
core   0: 3 0x8000b878 (0x783f2623) mem 0x8000c000 0x00000001
core   0: 0x8000b87c (0x0000bfe5) c.j     pc - 8
core   0: 3 0x8000b87c (0xbfe5)
core   0: 0x8000b874 (0x00000f17) auipc   t5, 0x0
core   0: 3 0x8000b874 (0x00000f17) x30 0x8000b874
core   0: 0x8000b878 (0x783f2623) sw      gp, 1932(t5)
core   0: 3 0x8000b878 (0x783f2623) mem 0x8000c000 0x00000001
core   0: 0x8000b87c (0x0000bfe5) c.j     pc - 8
core   0: 3 0x8000b87c (0xbfe5)
core   0: 0x8000b874 (0x00000f17) auipc   t5, 0x0
core   0: 3 0x8000b874 (0x00000f17) x30 0x8000b874
core   0: 0x8000b878 (0x783f2623) sw      gp, 1932(t5)
core   0: 3 0x8000b878 (0x783f2623) mem 0x8000c000 0x00000001
core   0: 0x8000b87c (0x0000bfe5) c.j     pc - 8
core   0: 3 0x8000b87c (0xbfe5)
core   0: 0x8000b874 (0x00000f17) auipc   t5, 0x0
core   0: 3 0x8000b874 (0x00000f17) x30 0x8000b874
core   0: 0x8000b878 (0x783f2623) sw      gp, 1932(t5)
core   0: 3 0x8000b878 (0x783f2623) mem 0x8000c000 0x00000001
core   0: 0x8000b87c (0x0000bfe5) c.j     pc - 8
core   0: 3 0x8000b87c (0xbfe5)
core   0: 0x8000b874 (0x00000f17) auipc   t5, 0x0
core   0: 3 0x8000b874 (0x00000f17) x30 0x8000b874
core   0: 0x8000b878 (0x783f2623) sw      gp, 1932(t5)
core   0: 3 0x8000b878 (0x783f2623) mem 0x8000c000 0x00000001
core   0: 0x8000b87c (0x0000bfe5) c.j     pc - 8
core   0: 3 0x8000b87c (0xbfe5)
core   0: 0x8000b874 (0x00000f17) auipc   t5, 0x0
core   0: 3 0x8000b874 (0x00000f17) x30 0x8000b874
core   0: 0x8000b878 (0x783f2623) sw      gp, 1932(t5)
core   0: 3 0x8000b878 (0x783f2623) mem 0x8000c000 0x00000001
core   0: 0x8000b87c (0x0000bfe5) c.j     pc - 8
core   0: 3 0x8000b87c (0xbfe5)
core   0: 0x8000b874 (0x00000f17) auipc   t5, 0x0
core   0: 3 0x8000b874 (0x00000f17) x30 0x8000b874
core   0: 0x8000b878 (0x783f2623) sw      gp, 1932(t5)
core   0: 3 0x8000b878 (0x783f2623) mem 0x8000c000 0x00000001
core   0: 0x8000b87c (0x0000bfe5) c.j     pc - 8
core   0: 3 0x8000b87c (0xbfe5)
core   0: 0x8000b874 (0x00000f17) auipc   t5, 0x0
core   0: 3 0x8000b874 (0x00000f17) x30 0x8000b874
core   0: 0x8000b878 (0x783f2623) sw      gp, 1932(t5)
core   0: 3 0x8000b878 (0x783f2623) mem 0x8000c000 0x00000001
core   0: 0x8000b87c (0x0000bfe5) c.j     pc - 8
core   0: 3 0x8000b87c (0xbfe5)
core   0: 0x8000b874 (0x00000f17) auipc   t5, 0x0
core   0: 3 0x8000b874 (0x00000f17) x30 0x8000b874
core   0: 0x8000b878 (0x783f2623) sw      gp, 1932(t5)
core   0: 3 0x8000b878 (0x783f2623) mem 0x8000c000 0x00000001
core   0: 0x8000b87c (0x0000bfe5) c.j     pc - 8
core   0: 3 0x8000b87c (0xbfe5)
core   0: 0x8000b874 (0x00000f17) auipc   t5, 0x0
core   0: 3 0x8000b874 (0x00000f17) x30 0x8000b874
core   0: 0x8000b878 (0x783f2623) sw      gp, 1932(t5)
core   0: 3 0x8000b878 (0x783f2623) mem 0x8000c000 0x00000001
core   0: 0x8000b87c (0x0000bfe5) c.j     pc - 8
core   0: 3 0x8000b87c (0xbfe5)
core   0: 0x8000b874 (0x00000f17) auipc   t5, 0x0
core   0: 3 0x8000b874 (0x00000f17) x30 0x8000b874
core   0: 0x8000b878 (0x783f2623) sw      gp, 1932(t5)
core   0: 3 0x8000b878 (0x783f2623) mem 0x8000c000 0x00000001
core   0: 0x8000b87c (0x0000bfe5) c.j     pc - 8
core   0: 3 0x8000b87c (0xbfe5)
core   0: 0x8000b874 (0x00000f17) auipc   t5, 0x0
core   0: 3 0x8000b874 (0x00000f17) x30 0x8000b874
core   0: 0x8000b878 (0x783f2623) sw      gp, 1932(t5)
core   0: 3 0x8000b878 (0x783f2623) mem 0x8000c000 0x00000001
core   0: 0x8000b87c (0x0000bfe5) c.j     pc - 8
core   0: 3 0x8000b87c (0xbfe5)
core   0: 0x8000b874 (0x00000f17) auipc   t5, 0x0
core   0: 3 0x8000b874 (0x00000f17) x30 0x8000b874
core   0: 0x8000b878 (0x783f2623) sw      gp, 1932(t5)
core   0: 3 0x8000b878 (0x783f2623) mem 0x8000c000 0x00000001
core   0: 0x8000b87c (0x0000bfe5) c.j     pc - 8
core   0: 3 0x8000b87c (0xbfe5)
core   0: 0x8000b874 (0x00000f17) auipc   t5, 0x0
core   0: 3 0x8000b874 (0x00000f17) x30 0x8000b874
core   0: 0x8000b878 (0x783f2623) sw      gp, 1932(t5)
core   0: 3 0x8000b878 (0x783f2623) mem 0x8000c000 0x00000001
core   0: 0x8000b87c (0x0000bfe5) c.j     pc - 8
core   0: 3 0x8000b87c (0xbfe5)
core   0: 0x8000b874 (0x00000f17) auipc   t5, 0x0
core   0: 3 0x8000b874 (0x00000f17) x30 0x8000b874
core   0: 0x8000b878 (0x783f2623) sw      gp, 1932(t5)
core   0: 3 0x8000b878 (0x783f2623) mem 0x8000c000 0x00000001
core   0: 0x8000b87c (0x0000bfe5) c.j     pc - 8
core   0: 3 0x8000b87c (0xbfe5)
core   0: 0x8000b874 (0x00000f17) auipc   t5, 0x0
core   0: 3 0x8000b874 (0x00000f17) x30 0x8000b874
core   0: 0x8000b878 (0x783f2623) sw      gp, 1932(t5)
core   0: 3 0x8000b878 (0x783f2623) mem 0x8000c000 0x00000001
core   0: 0x8000b87c (0x0000bfe5) c.j     pc - 8
core   0: 3 0x8000b87c (0xbfe5)
core   0: 0x8000b874 (0x00000f17) auipc   t5, 0x0
core   0: 3 0x8000b874 (0x00000f17) x30 0x8000b874
core   0: 0x8000b878 (0x783f2623) sw      gp, 1932(t5)
core   0: 3 0x8000b878 (0x783f2623) mem 0x8000c000 0x00000001
core   0: 0x8000b87c (0x0000bfe5) c.j     pc - 8
core   0: 3 0x8000b87c (0xbfe5)
core   0: 0x8000b874 (0x00000f17) auipc   t5, 0x0
core   0: 3 0x8000b874 (0x00000f17) x30 0x8000b874
core   0: 0x8000b878 (0x783f2623) sw      gp, 1932(t5)
core   0: 3 0x8000b878 (0x783f2623) mem 0x8000c000 0x00000001
core   0: 0x8000b87c (0x0000bfe5) c.j     pc - 8
core   0: 3 0x8000b87c (0xbfe5)
core   0: 0x8000b874 (0x00000f17) auipc   t5, 0x0
core   0: 3 0x8000b874 (0x00000f17) x30 0x8000b874
core   0: 0x8000b878 (0x783f2623) sw      gp, 1932(t5)
core   0: 3 0x8000b878 (0x783f2623) mem 0x8000c000 0x00000001
core   0: 0x8000b87c (0x0000bfe5) c.j     pc - 8
core   0: 3 0x8000b87c (0xbfe5)
core   0: 0x8000b874 (0x00000f17) auipc   t5, 0x0
core   0: 3 0x8000b874 (0x00000f17) x30 0x8000b874
core   0: 0x8000b878 (0x783f2623) sw      gp, 1932(t5)
core   0: 3 0x8000b878 (0x783f2623) mem 0x8000c000 0x00000001
core   0: 0x8000b87c (0x0000bfe5) c.j     pc - 8
core   0: 3 0x8000b87c (0xbfe5)
core   0: 0x8000b874 (0x00000f17) auipc   t5, 0x0
core   0: 3 0x8000b874 (0x00000f17) x30 0x8000b874
core   0: 0x8000b878 (0x783f2623) sw      gp, 1932(t5)
core   0: 3 0x8000b878 (0x783f2623) mem 0x8000c000 0x00000001
core   0: 0x8000b87c (0x0000bfe5) c.j     pc - 8
core   0: 3 0x8000b87c (0xbfe5)
core   0: 0x8000b874 (0x00000f17) auipc   t5, 0x0
core   0: 3 0x8000b874 (0x00000f17) x30 0x8000b874
core   0: 0x8000b878 (0x783f2623) sw      gp, 1932(t5)
core   0: 3 0x8000b878 (0x783f2623) mem 0x8000c000 0x00000001
core   0: 0x8000b87c (0x0000bfe5) c.j     pc - 8
core   0: 3 0x8000b87c (0xbfe5)
core   0: 0x8000b874 (0x00000f17) auipc   t5, 0x0
core   0: 3 0x8000b874 (0x00000f17) x30 0x8000b874
core   0: 0x8000b878 (0x783f2623) sw      gp, 1932(t5)
core   0: 3 0x8000b878 (0x783f2623) mem 0x8000c000 0x00000001
core   0: 0x8000b87c (0x0000bfe5) c.j     pc - 8
core   0: 3 0x8000b87c (0xbfe5)
core   0: 0x8000b874 (0x00000f17) auipc   t5, 0x0
core   0: 3 0x8000b874 (0x00000f17) x30 0x8000b874
core   0: 0x8000b878 (0x783f2623) sw      gp, 1932(t5)
core   0: 3 0x8000b878 (0x783f2623) mem 0x8000c000 0x00000001
core   0: 0x8000b87c (0x0000bfe5) c.j     pc - 8
core   0: 3 0x8000b87c (0xbfe5)
core   0: 0x8000b874 (0x00000f17) auipc   t5, 0x0
core   0: 3 0x8000b874 (0x00000f17) x30 0x8000b874
core   0: 0x8000b878 (0x783f2623) sw      gp, 1932(t5)
core   0: 3 0x8000b878 (0x783f2623) mem 0x8000c000 0x00000001
core   0: 0x8000b87c (0x0000bfe5) c.j     pc - 8
core   0: 3 0x8000b87c (0xbfe5)
core   0: 0x8000b874 (0x00000f17) auipc   t5, 0x0
core   0: 3 0x8000b874 (0x00000f17) x30 0x8000b874
core   0: 0x8000b878 (0x783f2623) sw      gp, 1932(t5)
core   0: 3 0x8000b878 (0x783f2623) mem 0x8000c000 0x00000001
core   0: 0x8000b87c (0x0000bfe5) c.j     pc - 8
core   0: 3 0x8000b87c (0xbfe5)
core   0: 0x8000b874 (0x00000f17) auipc   t5, 0x0
core   0: 3 0x8000b874 (0x00000f17) x30 0x8000b874
core   0: 0x8000b878 (0x783f2623) sw      gp, 1932(t5)
core   0: 3 0x8000b878 (0x783f2623) mem 0x8000c000 0x00000001
core   0: 0x8000b87c (0x0000bfe5) c.j     pc - 8
core   0: 3 0x8000b87c (0xbfe5)
core   0: 0x8000b874 (0x00000f17) auipc   t5, 0x0
core   0: 3 0x8000b874 (0x00000f17) x30 0x8000b874
core   0: 0x8000b878 (0x783f2623) sw      gp, 1932(t5)
core   0: 3 0x8000b878 (0x783f2623) mem 0x8000c000 0x00000001
core   0: 0x8000b87c (0x0000bfe5) c.j     pc - 8
core   0: 3 0x8000b87c (0xbfe5)
core   0: 0x8000b874 (0x00000f17) auipc   t5, 0x0
core   0: 3 0x8000b874 (0x00000f17) x30 0x8000b874
core   0: 0x8000b878 (0x783f2623) sw      gp, 1932(t5)
core   0: 3 0x8000b878 (0x783f2623) mem 0x8000c000 0x00000001
core   0: 0x8000b87c (0x0000bfe5) c.j     pc - 8
core   0: 3 0x8000b87c (0xbfe5)
core   0: 0x8000b874 (0x00000f17) auipc   t5, 0x0
core   0: 3 0x8000b874 (0x00000f17) x30 0x8000b874
core   0: 0x8000b878 (0x783f2623) sw      gp, 1932(t5)
core   0: 3 0x8000b878 (0x783f2623) mem 0x8000c000 0x00000001
core   0: 0x8000b87c (0x0000bfe5) c.j     pc - 8
core   0: 3 0x8000b87c (0xbfe5)
core   0: 0x8000b874 (0x00000f17) auipc   t5, 0x0
core   0: 3 0x8000b874 (0x00000f17) x30 0x8000b874
core   0: 0x8000b878 (0x783f2623) sw      gp, 1932(t5)
core   0: 3 0x8000b878 (0x783f2623) mem 0x8000c000 0x00000001
core   0: 0x8000b87c (0x0000bfe5) c.j     pc - 8
core   0: 3 0x8000b87c (0xbfe5)
core   0: 0x8000b874 (0x00000f17) auipc   t5, 0x0
core   0: 3 0x8000b874 (0x00000f17) x30 0x8000b874
core   0: 0x8000b878 (0x783f2623) sw      gp, 1932(t5)
core   0: 3 0x8000b878 (0x783f2623) mem 0x8000c000 0x00000001
core   0: 0x8000b87c (0x0000bfe5) c.j     pc - 8
core   0: 3 0x8000b87c (0xbfe5)
core   0: 0x8000b874 (0x00000f17) auipc   t5, 0x0
core   0: 3 0x8000b874 (0x00000f17) x30 0x8000b874
core   0: 0x8000b878 (0x783f2623) sw      gp, 1932(t5)
core   0: 3 0x8000b878 (0x783f2623) mem 0x8000c000 0x00000001
core   0: 0x8000b87c (0x0000bfe5) c.j     pc - 8
core   0: 3 0x8000b87c (0xbfe5)
core   0: 0x8000b874 (0x00000f17) auipc   t5, 0x0
core   0: 3 0x8000b874 (0x00000f17) x30 0x8000b874
core   0: 0x8000b878 (0x783f2623) sw      gp, 1932(t5)
core   0: 3 0x8000b878 (0x783f2623) mem 0x8000c000 0x00000001
core   0: 0x8000b87c (0x0000bfe5) c.j     pc - 8
core   0: 3 0x8000b87c (0xbfe5)
core   0: 0x8000b874 (0x00000f17) auipc   t5, 0x0
core   0: 3 0x8000b874 (0x00000f17) x30 0x8000b874
core   0: 0x8000b878 (0x783f2623) sw      gp, 1932(t5)
core   0: 3 0x8000b878 (0x783f2623) mem 0x8000c000 0x00000001
core   0: 0x8000b87c (0x0000bfe5) c.j     pc - 8
core   0: 3 0x8000b87c (0xbfe5)
core   0: 0x8000b874 (0x00000f17) auipc   t5, 0x0
core   0: 3 0x8000b874 (0x00000f17) x30 0x8000b874
core   0: 0x8000b878 (0x783f2623) sw      gp, 1932(t5)
core   0: 3 0x8000b878 (0x783f2623) mem 0x8000c000 0x00000001
core   0: 0x8000b87c (0x0000bfe5) c.j     pc - 8
core   0: 3 0x8000b87c (0xbfe5)
core   0: 0x8000b874 (0x00000f17) auipc   t5, 0x0
core   0: 3 0x8000b874 (0x00000f17) x30 0x8000b874
core   0: 0x8000b878 (0x783f2623) sw      gp, 1932(t5)
core   0: 3 0x8000b878 (0x783f2623) mem 0x8000c000 0x00000001
core   0: 0x8000b87c (0x0000bfe5) c.j     pc - 8
core   0: 3 0x8000b87c (0xbfe5)
core   0: 0x8000b874 (0x00000f17) auipc   t5, 0x0
core   0: 3 0x8000b874 (0x00000f17) x30 0x8000b874
core   0: 0x8000b878 (0x783f2623) sw      gp, 1932(t5)
core   0: 3 0x8000b878 (0x783f2623) mem 0x8000c000 0x00000001
core   0: 0x8000b87c (0x0000bfe5) c.j     pc - 8
core   0: 3 0x8000b87c (0xbfe5)
core   0: 0x8000b874 (0x00000f17) auipc   t5, 0x0
core   0: 3 0x8000b874 (0x00000f17) x30 0x8000b874
core   0: 0x8000b878 (0x783f2623) sw      gp, 1932(t5)
core   0: 3 0x8000b878 (0x783f2623) mem 0x8000c000 0x00000001
core   0: 0x8000b87c (0x0000bfe5) c.j     pc - 8
core   0: 3 0x8000b87c (0xbfe5)
core   0: 0x8000b874 (0x00000f17) auipc   t5, 0x0
core   0: 3 0x8000b874 (0x00000f17) x30 0x8000b874
core   0: 0x8000b878 (0x783f2623) sw      gp, 1932(t5)
core   0: 3 0x8000b878 (0x783f2623) mem 0x8000c000 0x00000001
core   0: 0x8000b87c (0x0000bfe5) c.j     pc - 8
core   0: 3 0x8000b87c (0xbfe5)
core   0: 0x8000b874 (0x00000f17) auipc   t5, 0x0
core   0: 3 0x8000b874 (0x00000f17) x30 0x8000b874
core   0: 0x8000b878 (0x783f2623) sw      gp, 1932(t5)
core   0: 3 0x8000b878 (0x783f2623) mem 0x8000c000 0x00000001
core   0: 0x8000b87c (0x0000bfe5) c.j     pc - 8
core   0: 3 0x8000b87c (0xbfe5)
core   0: 0x8000b874 (0x00000f17) auipc   t5, 0x0
core   0: 3 0x8000b874 (0x00000f17) x30 0x8000b874
core   0: 0x8000b878 (0x783f2623) sw      gp, 1932(t5)
core   0: 3 0x8000b878 (0x783f2623) mem 0x8000c000 0x00000001
core   0: 0x8000b87c (0x0000bfe5) c.j     pc - 8
core   0: 3 0x8000b87c (0xbfe5)
core   0: 0x8000b874 (0x00000f17) auipc   t5, 0x0
core   0: 3 0x8000b874 (0x00000f17) x30 0x8000b874
core   0: 0x8000b878 (0x783f2623) sw      gp, 1932(t5)
core   0: 3 0x8000b878 (0x783f2623) mem 0x8000c000 0x00000001
core   0: 0x8000b87c (0x0000bfe5) c.j     pc - 8
core   0: 3 0x8000b87c (0xbfe5)
core   0: 0x8000b874 (0x00000f17) auipc   t5, 0x0
core   0: 3 0x8000b874 (0x00000f17) x30 0x8000b874
core   0: 0x8000b878 (0x783f2623) sw      gp, 1932(t5)
core   0: 3 0x8000b878 (0x783f2623) mem 0x8000c000 0x00000001
core   0: 0x8000b87c (0x0000bfe5) c.j     pc - 8
core   0: 3 0x8000b87c (0xbfe5)
core   0: 0x8000b874 (0x00000f17) auipc   t5, 0x0
core   0: 3 0x8000b874 (0x00000f17) x30 0x8000b874
core   0: 0x8000b878 (0x783f2623) sw      gp, 1932(t5)
core   0: 3 0x8000b878 (0x783f2623) mem 0x8000c000 0x00000001
core   0: 0x8000b87c (0x0000bfe5) c.j     pc - 8
core   0: 3 0x8000b87c (0xbfe5)
core   0: 0x8000b874 (0x00000f17) auipc   t5, 0x0
core   0: 3 0x8000b874 (0x00000f17) x30 0x8000b874
core   0: 0x8000b878 (0x783f2623) sw      gp, 1932(t5)
core   0: 3 0x8000b878 (0x783f2623) mem 0x8000c000 0x00000001
core   0: 0x8000b87c (0x0000bfe5) c.j     pc - 8
core   0: 3 0x8000b87c (0xbfe5)
core   0: 0x8000b874 (0x00000f17) auipc   t5, 0x0
core   0: 3 0x8000b874 (0x00000f17) x30 0x8000b874
core   0: 0x8000b878 (0x783f2623) sw      gp, 1932(t5)
core   0: 3 0x8000b878 (0x783f2623) mem 0x8000c000 0x00000001
core   0: 0x8000b87c (0x0000bfe5) c.j     pc - 8
core   0: 3 0x8000b87c (0xbfe5)
core   0: 0x8000b874 (0x00000f17) auipc   t5, 0x0
core   0: 3 0x8000b874 (0x00000f17) x30 0x8000b874
core   0: 0x8000b878 (0x783f2623) sw      gp, 1932(t5)
core   0: 3 0x8000b878 (0x783f2623) mem 0x8000c000 0x00000001
core   0: 0x8000b87c (0x0000bfe5) c.j     pc - 8
core   0: 3 0x8000b87c (0xbfe5)
core   0: 0x8000b874 (0x00000f17) auipc   t5, 0x0
core   0: 3 0x8000b874 (0x00000f17) x30 0x8000b874
core   0: 0x8000b878 (0x783f2623) sw      gp, 1932(t5)
core   0: 3 0x8000b878 (0x783f2623) mem 0x8000c000 0x00000001
core   0: 0x8000b87c (0x0000bfe5) c.j     pc - 8
core   0: 3 0x8000b87c (0xbfe5)
core   0: 0x8000b874 (0x00000f17) auipc   t5, 0x0
core   0: 3 0x8000b874 (0x00000f17) x30 0x8000b874
core   0: 0x8000b878 (0x783f2623) sw      gp, 1932(t5)
core   0: 3 0x8000b878 (0x783f2623) mem 0x8000c000 0x00000001
core   0: 0x8000b87c (0x0000bfe5) c.j     pc - 8
core   0: 3 0x8000b87c (0xbfe5)
core   0: 0x8000b874 (0x00000f17) auipc   t5, 0x0
core   0: 3 0x8000b874 (0x00000f17) x30 0x8000b874
core   0: 0x8000b878 (0x783f2623) sw      gp, 1932(t5)
core   0: 3 0x8000b878 (0x783f2623) mem 0x8000c000 0x00000001
core   0: 0x8000b87c (0x0000bfe5) c.j     pc - 8
core   0: 3 0x8000b87c (0xbfe5)
core   0: 0x8000b874 (0x00000f17) auipc   t5, 0x0
core   0: 3 0x8000b874 (0x00000f17) x30 0x8000b874
core   0: 0x8000b878 (0x783f2623) sw      gp, 1932(t5)
core   0: 3 0x8000b878 (0x783f2623) mem 0x8000c000 0x00000001
core   0: 0x8000b87c (0x0000bfe5) c.j     pc - 8
core   0: 3 0x8000b87c (0xbfe5)
core   0: 0x8000b874 (0x00000f17) auipc   t5, 0x0
core   0: 3 0x8000b874 (0x00000f17) x30 0x8000b874
core   0: 0x8000b878 (0x783f2623) sw      gp, 1932(t5)
core   0: 3 0x8000b878 (0x783f2623) mem 0x8000c000 0x00000001
core   0: 0x8000b87c (0x0000bfe5) c.j     pc - 8
core   0: 3 0x8000b87c (0xbfe5)
core   0: 0x8000b874 (0x00000f17) auipc   t5, 0x0
core   0: 3 0x8000b874 (0x00000f17) x30 0x8000b874
core   0: 0x8000b878 (0x783f2623) sw      gp, 1932(t5)
core   0: 3 0x8000b878 (0x783f2623) mem 0x8000c000 0x00000001
core   0: 0x8000b87c (0x0000bfe5) c.j     pc - 8
core   0: 3 0x8000b87c (0xbfe5)
core   0: 0x8000b874 (0x00000f17) auipc   t5, 0x0
core   0: 3 0x8000b874 (0x00000f17) x30 0x8000b874
core   0: 0x8000b878 (0x783f2623) sw      gp, 1932(t5)
core   0: 3 0x8000b878 (0x783f2623) mem 0x8000c000 0x00000001
core   0: 0x8000b87c (0x0000bfe5) c.j     pc - 8
core   0: 3 0x8000b87c (0xbfe5)
core   0: 0x8000b874 (0x00000f17) auipc   t5, 0x0
core   0: 3 0x8000b874 (0x00000f17) x30 0x8000b874
core   0: 0x8000b878 (0x783f2623) sw      gp, 1932(t5)
core   0: 3 0x8000b878 (0x783f2623) mem 0x8000c000 0x00000001
core   0: 0x8000b87c (0x0000bfe5) c.j     pc - 8
core   0: 3 0x8000b87c (0xbfe5)
core   0: 0x8000b874 (0x00000f17) auipc   t5, 0x0
core   0: 3 0x8000b874 (0x00000f17) x30 0x8000b874
core   0: 0x8000b878 (0x783f2623) sw      gp, 1932(t5)
core   0: 3 0x8000b878 (0x783f2623) mem 0x8000c000 0x00000001
core   0: 0x8000b87c (0x0000bfe5) c.j     pc - 8
core   0: 3 0x8000b87c (0xbfe5)
core   0: 0x8000b874 (0x00000f17) auipc   t5, 0x0
core   0: 3 0x8000b874 (0x00000f17) x30 0x8000b874
core   0: 0x8000b878 (0x783f2623) sw      gp, 1932(t5)
core   0: 3 0x8000b878 (0x783f2623) mem 0x8000c000 0x00000001
core   0: 0x8000b87c (0x0000bfe5) c.j     pc - 8
core   0: 3 0x8000b87c (0xbfe5)
core   0: 0x8000b874 (0x00000f17) auipc   t5, 0x0
core   0: 3 0x8000b874 (0x00000f17) x30 0x8000b874
core   0: 0x8000b878 (0x783f2623) sw      gp, 1932(t5)
core   0: 3 0x8000b878 (0x783f2623) mem 0x8000c000 0x00000001
core   0: 0x8000b87c (0x0000bfe5) c.j     pc - 8
core   0: 3 0x8000b87c (0xbfe5)
core   0: 0x8000b874 (0x00000f17) auipc   t5, 0x0
core   0: 3 0x8000b874 (0x00000f17) x30 0x8000b874
core   0: 0x8000b878 (0x783f2623) sw      gp, 1932(t5)
core   0: 3 0x8000b878 (0x783f2623) mem 0x8000c000 0x00000001
core   0: 0x8000b87c (0x0000bfe5) c.j     pc - 8
core   0: 3 0x8000b87c (0xbfe5)
core   0: 0x8000b874 (0x00000f17) auipc   t5, 0x0
core   0: 3 0x8000b874 (0x00000f17) x30 0x8000b874
core   0: 0x8000b878 (0x783f2623) sw      gp, 1932(t5)
core   0: 3 0x8000b878 (0x783f2623) mem 0x8000c000 0x00000001
core   0: 0x8000b87c (0x0000bfe5) c.j     pc - 8
core   0: 3 0x8000b87c (0xbfe5)
core   0: 0x8000b874 (0x00000f17) auipc   t5, 0x0
core   0: 3 0x8000b874 (0x00000f17) x30 0x8000b874
core   0: 0x8000b878 (0x783f2623) sw      gp, 1932(t5)
core   0: 3 0x8000b878 (0x783f2623) mem 0x8000c000 0x00000001
core   0: 0x8000b87c (0x0000bfe5) c.j     pc - 8
core   0: 3 0x8000b87c (0xbfe5)
core   0: 0x8000b874 (0x00000f17) auipc   t5, 0x0
core   0: 3 0x8000b874 (0x00000f17) x30 0x8000b874
core   0: 0x8000b878 (0x783f2623) sw      gp, 1932(t5)
core   0: 3 0x8000b878 (0x783f2623) mem 0x8000c000 0x00000001
core   0: 0x8000b87c (0x0000bfe5) c.j     pc - 8
core   0: 3 0x8000b87c (0xbfe5)
core   0: 0x8000b874 (0x00000f17) auipc   t5, 0x0
core   0: 3 0x8000b874 (0x00000f17) x30 0x8000b874
core   0: 0x8000b878 (0x783f2623) sw      gp, 1932(t5)
core   0: 3 0x8000b878 (0x783f2623) mem 0x8000c000 0x00000001
core   0: 0x8000b87c (0x0000bfe5) c.j     pc - 8
core   0: 3 0x8000b87c (0xbfe5)
core   0: 0x8000b874 (0x00000f17) auipc   t5, 0x0
core   0: 3 0x8000b874 (0x00000f17) x30 0x8000b874
core   0: 0x8000b878 (0x783f2623) sw      gp, 1932(t5)
core   0: 3 0x8000b878 (0x783f2623) mem 0x8000c000 0x00000001
core   0: 0x8000b87c (0x0000bfe5) c.j     pc - 8
core   0: 3 0x8000b87c (0xbfe5)
core   0: 0x8000b874 (0x00000f17) auipc   t5, 0x0
core   0: 3 0x8000b874 (0x00000f17) x30 0x8000b874
core   0: 0x8000b878 (0x783f2623) sw      gp, 1932(t5)
core   0: 3 0x8000b878 (0x783f2623) mem 0x8000c000 0x00000001
core   0: 0x8000b87c (0x0000bfe5) c.j     pc - 8
core   0: 3 0x8000b87c (0xbfe5)
core   0: 0x8000b874 (0x00000f17) auipc   t5, 0x0
core   0: 3 0x8000b874 (0x00000f17) x30 0x8000b874
core   0: 0x8000b878 (0x783f2623) sw      gp, 1932(t5)
core   0: 3 0x8000b878 (0x783f2623) mem 0x8000c000 0x00000001
core   0: 0x8000b87c (0x0000bfe5) c.j     pc - 8
core   0: 3 0x8000b87c (0xbfe5)
core   0: 0x8000b874 (0x00000f17) auipc   t5, 0x0
core   0: 3 0x8000b874 (0x00000f17) x30 0x8000b874
core   0: 0x8000b878 (0x783f2623) sw      gp, 1932(t5)
core   0: 3 0x8000b878 (0x783f2623) mem 0x8000c000 0x00000001
core   0: 0x8000b87c (0x0000bfe5) c.j     pc - 8
core   0: 3 0x8000b87c (0xbfe5)
core   0: 0x8000b874 (0x00000f17) auipc   t5, 0x0
core   0: 3 0x8000b874 (0x00000f17) x30 0x8000b874
core   0: 0x8000b878 (0x783f2623) sw      gp, 1932(t5)
core   0: 3 0x8000b878 (0x783f2623) mem 0x8000c000 0x00000001
core   0: 0x8000b87c (0x0000bfe5) c.j     pc - 8
core   0: 3 0x8000b87c (0xbfe5)
core   0: 0x8000b874 (0x00000f17) auipc   t5, 0x0
core   0: 3 0x8000b874 (0x00000f17) x30 0x8000b874
core   0: 0x8000b878 (0x783f2623) sw      gp, 1932(t5)
core   0: 3 0x8000b878 (0x783f2623) mem 0x8000c000 0x00000001
core   0: 0x8000b87c (0x0000bfe5) c.j     pc - 8
core   0: 3 0x8000b87c (0xbfe5)
core   0: 0x8000b874 (0x00000f17) auipc   t5, 0x0
core   0: 3 0x8000b874 (0x00000f17) x30 0x8000b874
core   0: 0x8000b878 (0x783f2623) sw      gp, 1932(t5)
core   0: 3 0x8000b878 (0x783f2623) mem 0x8000c000 0x00000001
core   0: 0x8000b87c (0x0000bfe5) c.j     pc - 8
core   0: 3 0x8000b87c (0xbfe5)
core   0: 0x8000b874 (0x00000f17) auipc   t5, 0x0
core   0: 3 0x8000b874 (0x00000f17) x30 0x8000b874
core   0: 0x8000b878 (0x783f2623) sw      gp, 1932(t5)
core   0: 3 0x8000b878 (0x783f2623) mem 0x8000c000 0x00000001
core   0: 0x8000b87c (0x0000bfe5) c.j     pc - 8
core   0: 3 0x8000b87c (0xbfe5)
core   0: 0x8000b874 (0x00000f17) auipc   t5, 0x0
core   0: 3 0x8000b874 (0x00000f17) x30 0x8000b874
core   0: 0x8000b878 (0x783f2623) sw      gp, 1932(t5)
core   0: 3 0x8000b878 (0x783f2623) mem 0x8000c000 0x00000001
core   0: 0x8000b87c (0x0000bfe5) c.j     pc - 8
core   0: 3 0x8000b87c (0xbfe5)
core   0: 0x8000b874 (0x00000f17) auipc   t5, 0x0
core   0: 3 0x8000b874 (0x00000f17) x30 0x8000b874
core   0: 0x8000b878 (0x783f2623) sw      gp, 1932(t5)
core   0: 3 0x8000b878 (0x783f2623) mem 0x8000c000 0x00000001
core   0: 0x8000b87c (0x0000bfe5) c.j     pc - 8
core   0: 3 0x8000b87c (0xbfe5)
core   0: 0x8000b874 (0x00000f17) auipc   t5, 0x0
core   0: 3 0x8000b874 (0x00000f17) x30 0x8000b874
core   0: 0x8000b878 (0x783f2623) sw      gp, 1932(t5)
core   0: 3 0x8000b878 (0x783f2623) mem 0x8000c000 0x00000001
core   0: 0x8000b87c (0x0000bfe5) c.j     pc - 8
core   0: 3 0x8000b87c (0xbfe5)
core   0: 0x8000b874 (0x00000f17) auipc   t5, 0x0
core   0: 3 0x8000b874 (0x00000f17) x30 0x8000b874
core   0: 0x8000b878 (0x783f2623) sw      gp, 1932(t5)
core   0: 3 0x8000b878 (0x783f2623) mem 0x8000c000 0x00000001
core   0: 0x8000b87c (0x0000bfe5) c.j     pc - 8
core   0: 3 0x8000b87c (0xbfe5)
core   0: 0x8000b874 (0x00000f17) auipc   t5, 0x0
core   0: 3 0x8000b874 (0x00000f17) x30 0x8000b874
core   0: 0x8000b878 (0x783f2623) sw      gp, 1932(t5)
core   0: 3 0x8000b878 (0x783f2623) mem 0x8000c000 0x00000001
core   0: 0x8000b87c (0x0000bfe5) c.j     pc - 8
core   0: 3 0x8000b87c (0xbfe5)
core   0: 0x8000b874 (0x00000f17) auipc   t5, 0x0
core   0: 3 0x8000b874 (0x00000f17) x30 0x8000b874
core   0: 0x8000b878 (0x783f2623) sw      gp, 1932(t5)
core   0: 3 0x8000b878 (0x783f2623) mem 0x8000c000 0x00000001
core   0: 0x8000b87c (0x0000bfe5) c.j     pc - 8
core   0: 3 0x8000b87c (0xbfe5)
core   0: 0x8000b874 (0x00000f17) auipc   t5, 0x0
core   0: 3 0x8000b874 (0x00000f17) x30 0x8000b874
core   0: 0x8000b878 (0x783f2623) sw      gp, 1932(t5)
core   0: 3 0x8000b878 (0x783f2623) mem 0x8000c000 0x00000001
core   0: 0x8000b87c (0x0000bfe5) c.j     pc - 8
core   0: 3 0x8000b87c (0xbfe5)
core   0: 0x8000b874 (0x00000f17) auipc   t5, 0x0
core   0: 3 0x8000b874 (0x00000f17) x30 0x8000b874
core   0: 0x8000b878 (0x783f2623) sw      gp, 1932(t5)
core   0: 3 0x8000b878 (0x783f2623) mem 0x8000c000 0x00000001
core   0: 0x8000b87c (0x0000bfe5) c.j     pc - 8
core   0: 3 0x8000b87c (0xbfe5)
core   0: 0x8000b874 (0x00000f17) auipc   t5, 0x0
core   0: 3 0x8000b874 (0x00000f17) x30 0x8000b874
core   0: 0x8000b878 (0x783f2623) sw      gp, 1932(t5)
core   0: 3 0x8000b878 (0x783f2623) mem 0x8000c000 0x00000001
core   0: 0x8000b87c (0x0000bfe5) c.j     pc - 8
core   0: 3 0x8000b87c (0xbfe5)
core   0: 0x8000b874 (0x00000f17) auipc   t5, 0x0
core   0: 3 0x8000b874 (0x00000f17) x30 0x8000b874
core   0: 0x8000b878 (0x783f2623) sw      gp, 1932(t5)
core   0: 3 0x8000b878 (0x783f2623) mem 0x8000c000 0x00000001
core   0: 0x8000b87c (0x0000bfe5) c.j     pc - 8
core   0: 3 0x8000b87c (0xbfe5)
core   0: 0x8000b874 (0x00000f17) auipc   t5, 0x0
core   0: 3 0x8000b874 (0x00000f17) x30 0x8000b874
core   0: 0x8000b878 (0x783f2623) sw      gp, 1932(t5)
core   0: 3 0x8000b878 (0x783f2623) mem 0x8000c000 0x00000001
core   0: 0x8000b87c (0x0000bfe5) c.j     pc - 8
core   0: 3 0x8000b87c (0xbfe5)
core   0: 0x8000b874 (0x00000f17) auipc   t5, 0x0
core   0: 3 0x8000b874 (0x00000f17) x30 0x8000b874
core   0: 0x8000b878 (0x783f2623) sw      gp, 1932(t5)
core   0: 3 0x8000b878 (0x783f2623) mem 0x8000c000 0x00000001
core   0: 0x8000b87c (0x0000bfe5) c.j     pc - 8
core   0: 3 0x8000b87c (0xbfe5)
core   0: 0x8000b874 (0x00000f17) auipc   t5, 0x0
core   0: 3 0x8000b874 (0x00000f17) x30 0x8000b874
core   0: 0x8000b878 (0x783f2623) sw      gp, 1932(t5)
core   0: 3 0x8000b878 (0x783f2623) mem 0x8000c000 0x00000001
core   0: 0x8000b87c (0x0000bfe5) c.j     pc - 8
core   0: 3 0x8000b87c (0xbfe5)
core   0: 0x8000b874 (0x00000f17) auipc   t5, 0x0
core   0: 3 0x8000b874 (0x00000f17) x30 0x8000b874
core   0: 0x8000b878 (0x783f2623) sw      gp, 1932(t5)
core   0: 3 0x8000b878 (0x783f2623) mem 0x8000c000 0x00000001
core   0: 0x8000b87c (0x0000bfe5) c.j     pc - 8
core   0: 3 0x8000b87c (0xbfe5)
core   0: 0x8000b874 (0x00000f17) auipc   t5, 0x0
core   0: 3 0x8000b874 (0x00000f17) x30 0x8000b874
core   0: 0x8000b878 (0x783f2623) sw      gp, 1932(t5)
core   0: 3 0x8000b878 (0x783f2623) mem 0x8000c000 0x00000001
core   0: 0x8000b87c (0x0000bfe5) c.j     pc - 8
core   0: 3 0x8000b87c (0xbfe5)
core   0: 0x8000b874 (0x00000f17) auipc   t5, 0x0
core   0: 3 0x8000b874 (0x00000f17) x30 0x8000b874
core   0: 0x8000b878 (0x783f2623) sw      gp, 1932(t5)
core   0: 3 0x8000b878 (0x783f2623) mem 0x8000c000 0x00000001
core   0: 0x8000b87c (0x0000bfe5) c.j     pc - 8
core   0: 3 0x8000b87c (0xbfe5)
core   0: 0x8000b874 (0x00000f17) auipc   t5, 0x0
core   0: 3 0x8000b874 (0x00000f17) x30 0x8000b874
core   0: 0x8000b878 (0x783f2623) sw      gp, 1932(t5)
core   0: 3 0x8000b878 (0x783f2623) mem 0x8000c000 0x00000001
core   0: 0x8000b87c (0x0000bfe5) c.j     pc - 8
core   0: 3 0x8000b87c (0xbfe5)
core   0: 0x8000b874 (0x00000f17) auipc   t5, 0x0
core   0: 3 0x8000b874 (0x00000f17) x30 0x8000b874
core   0: 0x8000b878 (0x783f2623) sw      gp, 1932(t5)
core   0: 3 0x8000b878 (0x783f2623) mem 0x8000c000 0x00000001
core   0: 0x8000b87c (0x0000bfe5) c.j     pc - 8
core   0: 3 0x8000b87c (0xbfe5)
core   0: 0x8000b874 (0x00000f17) auipc   t5, 0x0
core   0: 3 0x8000b874 (0x00000f17) x30 0x8000b874
core   0: 0x8000b878 (0x783f2623) sw      gp, 1932(t5)
core   0: 3 0x8000b878 (0x783f2623) mem 0x8000c000 0x00000001
core   0: 0x8000b87c (0x0000bfe5) c.j     pc - 8
core   0: 3 0x8000b87c (0xbfe5)
core   0: 0x8000b874 (0x00000f17) auipc   t5, 0x0
core   0: 3 0x8000b874 (0x00000f17) x30 0x8000b874
core   0: 0x8000b878 (0x783f2623) sw      gp, 1932(t5)
core   0: 3 0x8000b878 (0x783f2623) mem 0x8000c000 0x00000001
core   0: 0x8000b87c (0x0000bfe5) c.j     pc - 8
core   0: 3 0x8000b87c (0xbfe5)
core   0: 0x8000b874 (0x00000f17) auipc   t5, 0x0
core   0: 3 0x8000b874 (0x00000f17) x30 0x8000b874
core   0: 0x8000b878 (0x783f2623) sw      gp, 1932(t5)
core   0: 3 0x8000b878 (0x783f2623) mem 0x8000c000 0x00000001
core   0: 0x8000b87c (0x0000bfe5) c.j     pc - 8
core   0: 3 0x8000b87c (0xbfe5)
core   0: 0x8000b874 (0x00000f17) auipc   t5, 0x0
core   0: 3 0x8000b874 (0x00000f17) x30 0x8000b874
core   0: 0x8000b878 (0x783f2623) sw      gp, 1932(t5)
core   0: 3 0x8000b878 (0x783f2623) mem 0x8000c000 0x00000001
core   0: 0x8000b87c (0x0000bfe5) c.j     pc - 8
core   0: 3 0x8000b87c (0xbfe5)
core   0: 0x8000b874 (0x00000f17) auipc   t5, 0x0
core   0: 3 0x8000b874 (0x00000f17) x30 0x8000b874
core   0: 0x8000b878 (0x783f2623) sw      gp, 1932(t5)
core   0: 3 0x8000b878 (0x783f2623) mem 0x8000c000 0x00000001
core   0: 0x8000b87c (0x0000bfe5) c.j     pc - 8
core   0: 3 0x8000b87c (0xbfe5)
core   0: 0x8000b874 (0x00000f17) auipc   t5, 0x0
core   0: 3 0x8000b874 (0x00000f17) x30 0x8000b874
core   0: 0x8000b878 (0x783f2623) sw      gp, 1932(t5)
core   0: 3 0x8000b878 (0x783f2623) mem 0x8000c000 0x00000001
core   0: 0x8000b87c (0x0000bfe5) c.j     pc - 8
core   0: 3 0x8000b87c (0xbfe5)
core   0: 0x8000b874 (0x00000f17) auipc   t5, 0x0
core   0: 3 0x8000b874 (0x00000f17) x30 0x8000b874
core   0: 0x8000b878 (0x783f2623) sw      gp, 1932(t5)
core   0: 3 0x8000b878 (0x783f2623) mem 0x8000c000 0x00000001
core   0: 0x8000b87c (0x0000bfe5) c.j     pc - 8
core   0: 3 0x8000b87c (0xbfe5)
core   0: 0x8000b874 (0x00000f17) auipc   t5, 0x0
core   0: 3 0x8000b874 (0x00000f17) x30 0x8000b874
core   0: 0x8000b878 (0x783f2623) sw      gp, 1932(t5)
core   0: 3 0x8000b878 (0x783f2623) mem 0x8000c000 0x00000001
core   0: 0x8000b87c (0x0000bfe5) c.j     pc - 8
core   0: 3 0x8000b87c (0xbfe5)
core   0: 0x8000b874 (0x00000f17) auipc   t5, 0x0
core   0: 3 0x8000b874 (0x00000f17) x30 0x8000b874
core   0: 0x8000b878 (0x783f2623) sw      gp, 1932(t5)
core   0: 3 0x8000b878 (0x783f2623) mem 0x8000c000 0x00000001
core   0: 0x8000b87c (0x0000bfe5) c.j     pc - 8
core   0: 3 0x8000b87c (0xbfe5)
core   0: 0x8000b874 (0x00000f17) auipc   t5, 0x0
core   0: 3 0x8000b874 (0x00000f17) x30 0x8000b874
core   0: 0x8000b878 (0x783f2623) sw      gp, 1932(t5)
core   0: 3 0x8000b878 (0x783f2623) mem 0x8000c000 0x00000001
core   0: 0x8000b87c (0x0000bfe5) c.j     pc - 8
core   0: 3 0x8000b87c (0xbfe5)
core   0: 0x8000b874 (0x00000f17) auipc   t5, 0x0
core   0: 3 0x8000b874 (0x00000f17) x30 0x8000b874
core   0: 0x8000b878 (0x783f2623) sw      gp, 1932(t5)
core   0: 3 0x8000b878 (0x783f2623) mem 0x8000c000 0x00000001
core   0: 0x8000b87c (0x0000bfe5) c.j     pc - 8
core   0: 3 0x8000b87c (0xbfe5)
core   0: 0x8000b874 (0x00000f17) auipc   t5, 0x0
core   0: 3 0x8000b874 (0x00000f17) x30 0x8000b874
core   0: 0x8000b878 (0x783f2623) sw      gp, 1932(t5)
core   0: 3 0x8000b878 (0x783f2623) mem 0x8000c000 0x00000001
core   0: 0x8000b87c (0x0000bfe5) c.j     pc - 8
core   0: 3 0x8000b87c (0xbfe5)
core   0: 0x8000b874 (0x00000f17) auipc   t5, 0x0
core   0: 3 0x8000b874 (0x00000f17) x30 0x8000b874
core   0: 0x8000b878 (0x783f2623) sw      gp, 1932(t5)
core   0: 3 0x8000b878 (0x783f2623) mem 0x8000c000 0x00000001
core   0: 0x8000b87c (0x0000bfe5) c.j     pc - 8
core   0: 3 0x8000b87c (0xbfe5)
core   0: 0x8000b874 (0x00000f17) auipc   t5, 0x0
core   0: 3 0x8000b874 (0x00000f17) x30 0x8000b874
core   0: 0x8000b878 (0x783f2623) sw      gp, 1932(t5)
core   0: 3 0x8000b878 (0x783f2623) mem 0x8000c000 0x00000001
core   0: 0x8000b87c (0x0000bfe5) c.j     pc - 8
core   0: 3 0x8000b87c (0xbfe5)
core   0: 0x8000b874 (0x00000f17) auipc   t5, 0x0
core   0: 3 0x8000b874 (0x00000f17) x30 0x8000b874
core   0: 0x8000b878 (0x783f2623) sw      gp, 1932(t5)
core   0: 3 0x8000b878 (0x783f2623) mem 0x8000c000 0x00000001
core   0: 0x8000b87c (0x0000bfe5) c.j     pc - 8
core   0: 3 0x8000b87c (0xbfe5)
core   0: 0x8000b874 (0x00000f17) auipc   t5, 0x0
core   0: 3 0x8000b874 (0x00000f17) x30 0x8000b874
core   0: 0x8000b878 (0x783f2623) sw      gp, 1932(t5)
core   0: 3 0x8000b878 (0x783f2623) mem 0x8000c000 0x00000001
core   0: 0x8000b87c (0x0000bfe5) c.j     pc - 8
core   0: 3 0x8000b87c (0xbfe5)
core   0: 0x8000b874 (0x00000f17) auipc   t5, 0x0
core   0: 3 0x8000b874 (0x00000f17) x30 0x8000b874
core   0: 0x8000b878 (0x783f2623) sw      gp, 1932(t5)
core   0: 3 0x8000b878 (0x783f2623) mem 0x8000c000 0x00000001
core   0: 0x8000b87c (0x0000bfe5) c.j     pc - 8
core   0: 3 0x8000b87c (0xbfe5)
core   0: 0x8000b874 (0x00000f17) auipc   t5, 0x0
core   0: 3 0x8000b874 (0x00000f17) x30 0x8000b874
core   0: 0x8000b878 (0x783f2623) sw      gp, 1932(t5)
core   0: 3 0x8000b878 (0x783f2623) mem 0x8000c000 0x00000001
core   0: 0x8000b87c (0x0000bfe5) c.j     pc - 8
core   0: 3 0x8000b87c (0xbfe5)
core   0: 0x8000b874 (0x00000f17) auipc   t5, 0x0
core   0: 3 0x8000b874 (0x00000f17) x30 0x8000b874
core   0: 0x8000b878 (0x783f2623) sw      gp, 1932(t5)
core   0: 3 0x8000b878 (0x783f2623) mem 0x8000c000 0x00000001
core   0: 0x8000b87c (0x0000bfe5) c.j     pc - 8
core   0: 3 0x8000b87c (0xbfe5)
core   0: 0x8000b874 (0x00000f17) auipc   t5, 0x0
core   0: 3 0x8000b874 (0x00000f17) x30 0x8000b874
core   0: 0x8000b878 (0x783f2623) sw      gp, 1932(t5)
core   0: 3 0x8000b878 (0x783f2623) mem 0x8000c000 0x00000001
core   0: 0x8000b87c (0x0000bfe5) c.j     pc - 8
core   0: 3 0x8000b87c (0xbfe5)
core   0: 0x8000b874 (0x00000f17) auipc   t5, 0x0
core   0: 3 0x8000b874 (0x00000f17) x30 0x8000b874
core   0: 0x8000b878 (0x783f2623) sw      gp, 1932(t5)
core   0: 3 0x8000b878 (0x783f2623) mem 0x8000c000 0x00000001
core   0: 0x8000b87c (0x0000bfe5) c.j     pc - 8
core   0: 3 0x8000b87c (0xbfe5)
core   0: 0x8000b874 (0x00000f17) auipc   t5, 0x0
core   0: 3 0x8000b874 (0x00000f17) x30 0x8000b874
core   0: 0x8000b878 (0x783f2623) sw      gp, 1932(t5)
core   0: 3 0x8000b878 (0x783f2623) mem 0x8000c000 0x00000001
core   0: 0x8000b87c (0x0000bfe5) c.j     pc - 8
core   0: 3 0x8000b87c (0xbfe5)
core   0: 0x8000b874 (0x00000f17) auipc   t5, 0x0
core   0: 3 0x8000b874 (0x00000f17) x30 0x8000b874
core   0: 0x8000b878 (0x783f2623) sw      gp, 1932(t5)
core   0: 3 0x8000b878 (0x783f2623) mem 0x8000c000 0x00000001
core   0: 0x8000b87c (0x0000bfe5) c.j     pc - 8
core   0: 3 0x8000b87c (0xbfe5)
core   0: 0x8000b874 (0x00000f17) auipc   t5, 0x0
core   0: 3 0x8000b874 (0x00000f17) x30 0x8000b874
core   0: 0x8000b878 (0x783f2623) sw      gp, 1932(t5)
core   0: 3 0x8000b878 (0x783f2623) mem 0x8000c000 0x00000001
core   0: 0x8000b87c (0x0000bfe5) c.j     pc - 8
core   0: 3 0x8000b87c (0xbfe5)
core   0: 0x8000b874 (0x00000f17) auipc   t5, 0x0
core   0: 3 0x8000b874 (0x00000f17) x30 0x8000b874
core   0: 0x8000b878 (0x783f2623) sw      gp, 1932(t5)
core   0: 3 0x8000b878 (0x783f2623) mem 0x8000c000 0x00000001
core   0: 0x8000b87c (0x0000bfe5) c.j     pc - 8
core   0: 3 0x8000b87c (0xbfe5)
core   0: 0x8000b874 (0x00000f17) auipc   t5, 0x0
core   0: 3 0x8000b874 (0x00000f17) x30 0x8000b874
core   0: 0x8000b878 (0x783f2623) sw      gp, 1932(t5)
core   0: 3 0x8000b878 (0x783f2623) mem 0x8000c000 0x00000001
core   0: 0x8000b87c (0x0000bfe5) c.j     pc - 8
core   0: 3 0x8000b87c (0xbfe5)
core   0: 0x8000b874 (0x00000f17) auipc   t5, 0x0
core   0: 3 0x8000b874 (0x00000f17) x30 0x8000b874
core   0: 0x8000b878 (0x783f2623) sw      gp, 1932(t5)
core   0: 3 0x8000b878 (0x783f2623) mem 0x8000c000 0x00000001
core   0: 0x8000b87c (0x0000bfe5) c.j     pc - 8
core   0: 3 0x8000b87c (0xbfe5)
core   0: 0x8000b874 (0x00000f17) auipc   t5, 0x0
core   0: 3 0x8000b874 (0x00000f17) x30 0x8000b874
core   0: 0x8000b878 (0x783f2623) sw      gp, 1932(t5)
core   0: 3 0x8000b878 (0x783f2623) mem 0x8000c000 0x00000001
core   0: 0x8000b87c (0x0000bfe5) c.j     pc - 8
core   0: 3 0x8000b87c (0xbfe5)
core   0: 0x8000b874 (0x00000f17) auipc   t5, 0x0
core   0: 3 0x8000b874 (0x00000f17) x30 0x8000b874
core   0: 0x8000b878 (0x783f2623) sw      gp, 1932(t5)
core   0: 3 0x8000b878 (0x783f2623) mem 0x8000c000 0x00000001
core   0: 0x8000b87c (0x0000bfe5) c.j     pc - 8
core   0: 3 0x8000b87c (0xbfe5)
core   0: 0x8000b874 (0x00000f17) auipc   t5, 0x0
core   0: 3 0x8000b874 (0x00000f17) x30 0x8000b874
core   0: 0x8000b878 (0x783f2623) sw      gp, 1932(t5)
core   0: 3 0x8000b878 (0x783f2623) mem 0x8000c000 0x00000001
core   0: 0x8000b87c (0x0000bfe5) c.j     pc - 8
core   0: 3 0x8000b87c (0xbfe5)
core   0: 0x8000b874 (0x00000f17) auipc   t5, 0x0
core   0: 3 0x8000b874 (0x00000f17) x30 0x8000b874
core   0: 0x8000b878 (0x783f2623) sw      gp, 1932(t5)
core   0: 3 0x8000b878 (0x783f2623) mem 0x8000c000 0x00000001
core   0: 0x8000b87c (0x0000bfe5) c.j     pc - 8
core   0: 3 0x8000b87c (0xbfe5)
core   0: 0x8000b874 (0x00000f17) auipc   t5, 0x0
core   0: 3 0x8000b874 (0x00000f17) x30 0x8000b874
core   0: 0x8000b878 (0x783f2623) sw      gp, 1932(t5)
core   0: 3 0x8000b878 (0x783f2623) mem 0x8000c000 0x00000001
core   0: 0x8000b87c (0x0000bfe5) c.j     pc - 8
core   0: 3 0x8000b87c (0xbfe5)
core   0: 0x8000b874 (0x00000f17) auipc   t5, 0x0
core   0: 3 0x8000b874 (0x00000f17) x30 0x8000b874
core   0: 0x8000b878 (0x783f2623) sw      gp, 1932(t5)
core   0: 3 0x8000b878 (0x783f2623) mem 0x8000c000 0x00000001
core   0: 0x8000b87c (0x0000bfe5) c.j     pc - 8
core   0: 3 0x8000b87c (0xbfe5)
core   0: 0x8000b874 (0x00000f17) auipc   t5, 0x0
core   0: 3 0x8000b874 (0x00000f17) x30 0x8000b874
core   0: 0x8000b878 (0x783f2623) sw      gp, 1932(t5)
core   0: 3 0x8000b878 (0x783f2623) mem 0x8000c000 0x00000001
core   0: 0x8000b87c (0x0000bfe5) c.j     pc - 8
core   0: 3 0x8000b87c (0xbfe5)
core   0: 0x8000b874 (0x00000f17) auipc   t5, 0x0
core   0: 3 0x8000b874 (0x00000f17) x30 0x8000b874
core   0: 0x8000b878 (0x783f2623) sw      gp, 1932(t5)
core   0: 3 0x8000b878 (0x783f2623) mem 0x8000c000 0x00000001
core   0: 0x8000b87c (0x0000bfe5) c.j     pc - 8
core   0: 3 0x8000b87c (0xbfe5)
core   0: 0x8000b874 (0x00000f17) auipc   t5, 0x0
core   0: 3 0x8000b874 (0x00000f17) x30 0x8000b874
core   0: 0x8000b878 (0x783f2623) sw      gp, 1932(t5)
core   0: 3 0x8000b878 (0x783f2623) mem 0x8000c000 0x00000001
core   0: 0x8000b87c (0x0000bfe5) c.j     pc - 8
core   0: 3 0x8000b87c (0xbfe5)
core   0: 0x8000b874 (0x00000f17) auipc   t5, 0x0
core   0: 3 0x8000b874 (0x00000f17) x30 0x8000b874
core   0: 0x8000b878 (0x783f2623) sw      gp, 1932(t5)
core   0: 3 0x8000b878 (0x783f2623) mem 0x8000c000 0x00000001
core   0: 0x8000b87c (0x0000bfe5) c.j     pc - 8
core   0: 3 0x8000b87c (0xbfe5)
core   0: 0x8000b874 (0x00000f17) auipc   t5, 0x0
core   0: 3 0x8000b874 (0x00000f17) x30 0x8000b874
core   0: 0x8000b878 (0x783f2623) sw      gp, 1932(t5)
core   0: 3 0x8000b878 (0x783f2623) mem 0x8000c000 0x00000001
core   0: 0x8000b87c (0x0000bfe5) c.j     pc - 8
core   0: 3 0x8000b87c (0xbfe5)
core   0: 0x8000b874 (0x00000f17) auipc   t5, 0x0
core   0: 3 0x8000b874 (0x00000f17) x30 0x8000b874
core   0: 0x8000b878 (0x783f2623) sw      gp, 1932(t5)
core   0: 3 0x8000b878 (0x783f2623) mem 0x8000c000 0x00000001
core   0: 0x8000b87c (0x0000bfe5) c.j     pc - 8
core   0: 3 0x8000b87c (0xbfe5)
core   0: 0x8000b874 (0x00000f17) auipc   t5, 0x0
core   0: 3 0x8000b874 (0x00000f17) x30 0x8000b874
core   0: 0x8000b878 (0x783f2623) sw      gp, 1932(t5)
core   0: 3 0x8000b878 (0x783f2623) mem 0x8000c000 0x00000001
core   0: 0x8000b87c (0x0000bfe5) c.j     pc - 8
core   0: 3 0x8000b87c (0xbfe5)
core   0: 0x8000b874 (0x00000f17) auipc   t5, 0x0
core   0: 3 0x8000b874 (0x00000f17) x30 0x8000b874
core   0: 0x8000b878 (0x783f2623) sw      gp, 1932(t5)
core   0: 3 0x8000b878 (0x783f2623) mem 0x8000c000 0x00000001
core   0: 0x8000b87c (0x0000bfe5) c.j     pc - 8
core   0: 3 0x8000b87c (0xbfe5)
core   0: 0x8000b874 (0x00000f17) auipc   t5, 0x0
core   0: 3 0x8000b874 (0x00000f17) x30 0x8000b874
core   0: 0x8000b878 (0x783f2623) sw      gp, 1932(t5)
core   0: 3 0x8000b878 (0x783f2623) mem 0x8000c000 0x00000001
core   0: 0x8000b87c (0x0000bfe5) c.j     pc - 8
core   0: 3 0x8000b87c (0xbfe5)
core   0: 0x8000b874 (0x00000f17) auipc   t5, 0x0
core   0: 3 0x8000b874 (0x00000f17) x30 0x8000b874
core   0: 0x8000b878 (0x783f2623) sw      gp, 1932(t5)
core   0: 3 0x8000b878 (0x783f2623) mem 0x8000c000 0x00000001
core   0: 0x8000b87c (0x0000bfe5) c.j     pc - 8
core   0: 3 0x8000b87c (0xbfe5)
core   0: 0x8000b874 (0x00000f17) auipc   t5, 0x0
core   0: 3 0x8000b874 (0x00000f17) x30 0x8000b874
core   0: 0x8000b878 (0x783f2623) sw      gp, 1932(t5)
core   0: 3 0x8000b878 (0x783f2623) mem 0x8000c000 0x00000001
core   0: 0x8000b87c (0x0000bfe5) c.j     pc - 8
core   0: 3 0x8000b87c (0xbfe5)
core   0: 0x8000b874 (0x00000f17) auipc   t5, 0x0
core   0: 3 0x8000b874 (0x00000f17) x30 0x8000b874
core   0: 0x8000b878 (0x783f2623) sw      gp, 1932(t5)
core   0: 3 0x8000b878 (0x783f2623) mem 0x8000c000 0x00000001
core   0: 0x8000b87c (0x0000bfe5) c.j     pc - 8
core   0: 3 0x8000b87c (0xbfe5)
core   0: 0x8000b874 (0x00000f17) auipc   t5, 0x0
core   0: 3 0x8000b874 (0x00000f17) x30 0x8000b874
core   0: 0x8000b878 (0x783f2623) sw      gp, 1932(t5)
core   0: 3 0x8000b878 (0x783f2623) mem 0x8000c000 0x00000001
core   0: 0x8000b87c (0x0000bfe5) c.j     pc - 8
core   0: 3 0x8000b87c (0xbfe5)
core   0: 0x8000b874 (0x00000f17) auipc   t5, 0x0
core   0: 3 0x8000b874 (0x00000f17) x30 0x8000b874
core   0: 0x8000b878 (0x783f2623) sw      gp, 1932(t5)
core   0: 3 0x8000b878 (0x783f2623) mem 0x8000c000 0x00000001
core   0: 0x8000b87c (0x0000bfe5) c.j     pc - 8
core   0: 3 0x8000b87c (0xbfe5)
core   0: 0x8000b874 (0x00000f17) auipc   t5, 0x0
core   0: 3 0x8000b874 (0x00000f17) x30 0x8000b874
core   0: 0x8000b878 (0x783f2623) sw      gp, 1932(t5)
core   0: 3 0x8000b878 (0x783f2623) mem 0x8000c000 0x00000001
core   0: 0x8000b87c (0x0000bfe5) c.j     pc - 8
core   0: 3 0x8000b87c (0xbfe5)
core   0: 0x8000b874 (0x00000f17) auipc   t5, 0x0
core   0: 3 0x8000b874 (0x00000f17) x30 0x8000b874
core   0: 0x8000b878 (0x783f2623) sw      gp, 1932(t5)
core   0: 3 0x8000b878 (0x783f2623) mem 0x8000c000 0x00000001
core   0: 0x8000b87c (0x0000bfe5) c.j     pc - 8
core   0: 3 0x8000b87c (0xbfe5)
core   0: 0x8000b874 (0x00000f17) auipc   t5, 0x0
core   0: 3 0x8000b874 (0x00000f17) x30 0x8000b874
core   0: 0x8000b878 (0x783f2623) sw      gp, 1932(t5)
core   0: 3 0x8000b878 (0x783f2623) mem 0x8000c000 0x00000001
core   0: 0x8000b87c (0x0000bfe5) c.j     pc - 8
core   0: 3 0x8000b87c (0xbfe5)
core   0: 0x8000b874 (0x00000f17) auipc   t5, 0x0
core   0: 3 0x8000b874 (0x00000f17) x30 0x8000b874
core   0: 0x8000b878 (0x783f2623) sw      gp, 1932(t5)
core   0: 3 0x8000b878 (0x783f2623) mem 0x8000c000 0x00000001
core   0: 0x8000b87c (0x0000bfe5) c.j     pc - 8
core   0: 3 0x8000b87c (0xbfe5)
core   0: 0x8000b874 (0x00000f17) auipc   t5, 0x0
core   0: 3 0x8000b874 (0x00000f17) x30 0x8000b874
core   0: 0x8000b878 (0x783f2623) sw      gp, 1932(t5)
core   0: 3 0x8000b878 (0x783f2623) mem 0x8000c000 0x00000001
core   0: 0x8000b87c (0x0000bfe5) c.j     pc - 8
core   0: 3 0x8000b87c (0xbfe5)
core   0: 0x8000b874 (0x00000f17) auipc   t5, 0x0
core   0: 3 0x8000b874 (0x00000f17) x30 0x8000b874
core   0: 0x8000b878 (0x783f2623) sw      gp, 1932(t5)
core   0: 3 0x8000b878 (0x783f2623) mem 0x8000c000 0x00000001
core   0: 0x8000b87c (0x0000bfe5) c.j     pc - 8
core   0: 3 0x8000b87c (0xbfe5)
core   0: 0x8000b874 (0x00000f17) auipc   t5, 0x0
core   0: 3 0x8000b874 (0x00000f17) x30 0x8000b874
core   0: 0x8000b878 (0x783f2623) sw      gp, 1932(t5)
core   0: 3 0x8000b878 (0x783f2623) mem 0x8000c000 0x00000001
core   0: 0x8000b87c (0x0000bfe5) c.j     pc - 8
core   0: 3 0x8000b87c (0xbfe5)
core   0: 0x8000b874 (0x00000f17) auipc   t5, 0x0
core   0: 3 0x8000b874 (0x00000f17) x30 0x8000b874
core   0: 0x8000b878 (0x783f2623) sw      gp, 1932(t5)
core   0: 3 0x8000b878 (0x783f2623) mem 0x8000c000 0x00000001
core   0: 0x8000b87c (0x0000bfe5) c.j     pc - 8
core   0: 3 0x8000b87c (0xbfe5)
core   0: 0x8000b874 (0x00000f17) auipc   t5, 0x0
core   0: 3 0x8000b874 (0x00000f17) x30 0x8000b874
core   0: 0x8000b878 (0x783f2623) sw      gp, 1932(t5)
core   0: 3 0x8000b878 (0x783f2623) mem 0x8000c000 0x00000001
core   0: 0x8000b87c (0x0000bfe5) c.j     pc - 8
core   0: 3 0x8000b87c (0xbfe5)
core   0: 0x8000b874 (0x00000f17) auipc   t5, 0x0
core   0: 3 0x8000b874 (0x00000f17) x30 0x8000b874
core   0: 0x8000b878 (0x783f2623) sw      gp, 1932(t5)
core   0: 3 0x8000b878 (0x783f2623) mem 0x8000c000 0x00000001
core   0: 0x8000b87c (0x0000bfe5) c.j     pc - 8
core   0: 3 0x8000b87c (0xbfe5)
core   0: 0x8000b874 (0x00000f17) auipc   t5, 0x0
core   0: 3 0x8000b874 (0x00000f17) x30 0x8000b874
core   0: 0x8000b878 (0x783f2623) sw      gp, 1932(t5)
core   0: 3 0x8000b878 (0x783f2623) mem 0x8000c000 0x00000001
core   0: 0x8000b87c (0x0000bfe5) c.j     pc - 8
core   0: 3 0x8000b87c (0xbfe5)
core   0: 0x8000b874 (0x00000f17) auipc   t5, 0x0
core   0: 3 0x8000b874 (0x00000f17) x30 0x8000b874
core   0: 0x8000b878 (0x783f2623) sw      gp, 1932(t5)
core   0: 3 0x8000b878 (0x783f2623) mem 0x8000c000 0x00000001
core   0: 0x8000b87c (0x0000bfe5) c.j     pc - 8
core   0: 3 0x8000b87c (0xbfe5)
core   0: 0x8000b874 (0x00000f17) auipc   t5, 0x0
core   0: 3 0x8000b874 (0x00000f17) x30 0x8000b874
core   0: 0x8000b878 (0x783f2623) sw      gp, 1932(t5)
core   0: 3 0x8000b878 (0x783f2623) mem 0x8000c000 0x00000001
core   0: 0x8000b87c (0x0000bfe5) c.j     pc - 8
core   0: 3 0x8000b87c (0xbfe5)
core   0: 0x8000b874 (0x00000f17) auipc   t5, 0x0
core   0: 3 0x8000b874 (0x00000f17) x30 0x8000b874
core   0: 0x8000b878 (0x783f2623) sw      gp, 1932(t5)
core   0: 3 0x8000b878 (0x783f2623) mem 0x8000c000 0x00000001
core   0: 0x8000b87c (0x0000bfe5) c.j     pc - 8
core   0: 3 0x8000b87c (0xbfe5)
core   0: 0x8000b874 (0x00000f17) auipc   t5, 0x0
core   0: 3 0x8000b874 (0x00000f17) x30 0x8000b874
core   0: 0x8000b878 (0x783f2623) sw      gp, 1932(t5)
core   0: 3 0x8000b878 (0x783f2623) mem 0x8000c000 0x00000001
core   0: 0x8000b87c (0x0000bfe5) c.j     pc - 8
core   0: 3 0x8000b87c (0xbfe5)
core   0: 0x8000b874 (0x00000f17) auipc   t5, 0x0
core   0: 3 0x8000b874 (0x00000f17) x30 0x8000b874
core   0: 0x8000b878 (0x783f2623) sw      gp, 1932(t5)
core   0: 3 0x8000b878 (0x783f2623) mem 0x8000c000 0x00000001
core   0: 0x8000b87c (0x0000bfe5) c.j     pc - 8
core   0: 3 0x8000b87c (0xbfe5)
core   0: 0x8000b874 (0x00000f17) auipc   t5, 0x0
core   0: 3 0x8000b874 (0x00000f17) x30 0x8000b874
core   0: 0x8000b878 (0x783f2623) sw      gp, 1932(t5)
core   0: 3 0x8000b878 (0x783f2623) mem 0x8000c000 0x00000001
core   0: 0x8000b87c (0x0000bfe5) c.j     pc - 8
core   0: 3 0x8000b87c (0xbfe5)
core   0: 0x8000b874 (0x00000f17) auipc   t5, 0x0
core   0: 3 0x8000b874 (0x00000f17) x30 0x8000b874
core   0: 0x8000b878 (0x783f2623) sw      gp, 1932(t5)
core   0: 3 0x8000b878 (0x783f2623) mem 0x8000c000 0x00000001
core   0: 0x8000b87c (0x0000bfe5) c.j     pc - 8
core   0: 3 0x8000b87c (0xbfe5)
core   0: 0x8000b874 (0x00000f17) auipc   t5, 0x0
core   0: 3 0x8000b874 (0x00000f17) x30 0x8000b874
core   0: 0x8000b878 (0x783f2623) sw      gp, 1932(t5)
core   0: 3 0x8000b878 (0x783f2623) mem 0x8000c000 0x00000001
core   0: 0x8000b87c (0x0000bfe5) c.j     pc - 8
core   0: 3 0x8000b87c (0xbfe5)
core   0: 0x8000b874 (0x00000f17) auipc   t5, 0x0
core   0: 3 0x8000b874 (0x00000f17) x30 0x8000b874
core   0: 0x8000b878 (0x783f2623) sw      gp, 1932(t5)
core   0: 3 0x8000b878 (0x783f2623) mem 0x8000c000 0x00000001
core   0: 0x8000b87c (0x0000bfe5) c.j     pc - 8
core   0: 3 0x8000b87c (0xbfe5)
core   0: 0x8000b874 (0x00000f17) auipc   t5, 0x0
core   0: 3 0x8000b874 (0x00000f17) x30 0x8000b874
core   0: 0x8000b878 (0x783f2623) sw      gp, 1932(t5)
core   0: 3 0x8000b878 (0x783f2623) mem 0x8000c000 0x00000001
core   0: 0x8000b87c (0x0000bfe5) c.j     pc - 8
core   0: 3 0x8000b87c (0xbfe5)
core   0: 0x8000b874 (0x00000f17) auipc   t5, 0x0
core   0: 3 0x8000b874 (0x00000f17) x30 0x8000b874
core   0: 0x8000b878 (0x783f2623) sw      gp, 1932(t5)
core   0: 3 0x8000b878 (0x783f2623) mem 0x8000c000 0x00000001
core   0: 0x8000b87c (0x0000bfe5) c.j     pc - 8
core   0: 3 0x8000b87c (0xbfe5)
core   0: 0x8000b874 (0x00000f17) auipc   t5, 0x0
core   0: 3 0x8000b874 (0x00000f17) x30 0x8000b874
core   0: 0x8000b878 (0x783f2623) sw      gp, 1932(t5)
core   0: 3 0x8000b878 (0x783f2623) mem 0x8000c000 0x00000001
core   0: 0x8000b87c (0x0000bfe5) c.j     pc - 8
core   0: 3 0x8000b87c (0xbfe5)
core   0: 0x8000b874 (0x00000f17) auipc   t5, 0x0
core   0: 3 0x8000b874 (0x00000f17) x30 0x8000b874
core   0: 0x8000b878 (0x783f2623) sw      gp, 1932(t5)
core   0: 3 0x8000b878 (0x783f2623) mem 0x8000c000 0x00000001
core   0: 0x8000b87c (0x0000bfe5) c.j     pc - 8
core   0: 3 0x8000b87c (0xbfe5)
core   0: 0x8000b874 (0x00000f17) auipc   t5, 0x0
core   0: 3 0x8000b874 (0x00000f17) x30 0x8000b874
core   0: 0x8000b878 (0x783f2623) sw      gp, 1932(t5)
core   0: 3 0x8000b878 (0x783f2623) mem 0x8000c000 0x00000001
core   0: 0x8000b87c (0x0000bfe5) c.j     pc - 8
core   0: 3 0x8000b87c (0xbfe5)
core   0: 0x8000b874 (0x00000f17) auipc   t5, 0x0
core   0: 3 0x8000b874 (0x00000f17) x30 0x8000b874
core   0: 0x8000b878 (0x783f2623) sw      gp, 1932(t5)
core   0: 3 0x8000b878 (0x783f2623) mem 0x8000c000 0x00000001
core   0: 0x8000b87c (0x0000bfe5) c.j     pc - 8
core   0: 3 0x8000b87c (0xbfe5)
core   0: 0x8000b874 (0x00000f17) auipc   t5, 0x0
core   0: 3 0x8000b874 (0x00000f17) x30 0x8000b874
core   0: 0x8000b878 (0x783f2623) sw      gp, 1932(t5)
core   0: 3 0x8000b878 (0x783f2623) mem 0x8000c000 0x00000001
core   0: 0x8000b87c (0x0000bfe5) c.j     pc - 8
core   0: 3 0x8000b87c (0xbfe5)
core   0: 0x8000b874 (0x00000f17) auipc   t5, 0x0
core   0: 3 0x8000b874 (0x00000f17) x30 0x8000b874
core   0: 0x8000b878 (0x783f2623) sw      gp, 1932(t5)
core   0: 3 0x8000b878 (0x783f2623) mem 0x8000c000 0x00000001
core   0: 0x8000b87c (0x0000bfe5) c.j     pc - 8
core   0: 3 0x8000b87c (0xbfe5)
core   0: 0x8000b874 (0x00000f17) auipc   t5, 0x0
core   0: 3 0x8000b874 (0x00000f17) x30 0x8000b874
core   0: 0x8000b878 (0x783f2623) sw      gp, 1932(t5)
core   0: 3 0x8000b878 (0x783f2623) mem 0x8000c000 0x00000001
core   0: 0x8000b87c (0x0000bfe5) c.j     pc - 8
core   0: 3 0x8000b87c (0xbfe5)
core   0: 0x8000b874 (0x00000f17) auipc   t5, 0x0
core   0: 3 0x8000b874 (0x00000f17) x30 0x8000b874
core   0: 0x8000b878 (0x783f2623) sw      gp, 1932(t5)
core   0: 3 0x8000b878 (0x783f2623) mem 0x8000c000 0x00000001
core   0: 0x8000b87c (0x0000bfe5) c.j     pc - 8
core   0: 3 0x8000b87c (0xbfe5)
core   0: 0x8000b874 (0x00000f17) auipc   t5, 0x0
core   0: 3 0x8000b874 (0x00000f17) x30 0x8000b874
core   0: 0x8000b878 (0x783f2623) sw      gp, 1932(t5)
core   0: 3 0x8000b878 (0x783f2623) mem 0x8000c000 0x00000001
core   0: 0x8000b87c (0x0000bfe5) c.j     pc - 8
core   0: 3 0x8000b87c (0xbfe5)
core   0: 0x8000b874 (0x00000f17) auipc   t5, 0x0
core   0: 3 0x8000b874 (0x00000f17) x30 0x8000b874
core   0: 0x8000b878 (0x783f2623) sw      gp, 1932(t5)
core   0: 3 0x8000b878 (0x783f2623) mem 0x8000c000 0x00000001
core   0: 0x8000b87c (0x0000bfe5) c.j     pc - 8
core   0: 3 0x8000b87c (0xbfe5)
core   0: 0x8000b874 (0x00000f17) auipc   t5, 0x0
core   0: 3 0x8000b874 (0x00000f17) x30 0x8000b874
core   0: 0x8000b878 (0x783f2623) sw      gp, 1932(t5)
core   0: 3 0x8000b878 (0x783f2623) mem 0x8000c000 0x00000001
core   0: 0x8000b87c (0x0000bfe5) c.j     pc - 8
core   0: 3 0x8000b87c (0xbfe5)
core   0: 0x8000b874 (0x00000f17) auipc   t5, 0x0
core   0: 3 0x8000b874 (0x00000f17) x30 0x8000b874
core   0: 0x8000b878 (0x783f2623) sw      gp, 1932(t5)
core   0: 3 0x8000b878 (0x783f2623) mem 0x8000c000 0x00000001
core   0: 0x8000b87c (0x0000bfe5) c.j     pc - 8
core   0: 3 0x8000b87c (0xbfe5)
core   0: 0x8000b874 (0x00000f17) auipc   t5, 0x0
core   0: 3 0x8000b874 (0x00000f17) x30 0x8000b874
core   0: 0x8000b878 (0x783f2623) sw      gp, 1932(t5)
core   0: 3 0x8000b878 (0x783f2623) mem 0x8000c000 0x00000001
core   0: 0x8000b87c (0x0000bfe5) c.j     pc - 8
core   0: 3 0x8000b87c (0xbfe5)
core   0: 0x8000b874 (0x00000f17) auipc   t5, 0x0
core   0: 3 0x8000b874 (0x00000f17) x30 0x8000b874
core   0: 0x8000b878 (0x783f2623) sw      gp, 1932(t5)
core   0: 3 0x8000b878 (0x783f2623) mem 0x8000c000 0x00000001
core   0: 0x8000b87c (0x0000bfe5) c.j     pc - 8
core   0: 3 0x8000b87c (0xbfe5)
core   0: 0x8000b874 (0x00000f17) auipc   t5, 0x0
core   0: 3 0x8000b874 (0x00000f17) x30 0x8000b874
core   0: 0x8000b878 (0x783f2623) sw      gp, 1932(t5)
core   0: 3 0x8000b878 (0x783f2623) mem 0x8000c000 0x00000001
core   0: 0x8000b87c (0x0000bfe5) c.j     pc - 8
core   0: 3 0x8000b87c (0xbfe5)
core   0: 0x8000b874 (0x00000f17) auipc   t5, 0x0
core   0: 3 0x8000b874 (0x00000f17) x30 0x8000b874
core   0: 0x8000b878 (0x783f2623) sw      gp, 1932(t5)
core   0: 3 0x8000b878 (0x783f2623) mem 0x8000c000 0x00000001
core   0: 0x8000b87c (0x0000bfe5) c.j     pc - 8
core   0: 3 0x8000b87c (0xbfe5)
core   0: 0x8000b874 (0x00000f17) auipc   t5, 0x0
core   0: 3 0x8000b874 (0x00000f17) x30 0x8000b874
core   0: 0x8000b878 (0x783f2623) sw      gp, 1932(t5)
core   0: 3 0x8000b878 (0x783f2623) mem 0x8000c000 0x00000001
core   0: 0x8000b87c (0x0000bfe5) c.j     pc - 8
core   0: 3 0x8000b87c (0xbfe5)
core   0: 0x8000b874 (0x00000f17) auipc   t5, 0x0
core   0: 3 0x8000b874 (0x00000f17) x30 0x8000b874
core   0: 0x8000b878 (0x783f2623) sw      gp, 1932(t5)
core   0: 3 0x8000b878 (0x783f2623) mem 0x8000c000 0x00000001
core   0: 0x8000b87c (0x0000bfe5) c.j     pc - 8
core   0: 3 0x8000b87c (0xbfe5)
core   0: 0x8000b874 (0x00000f17) auipc   t5, 0x0
core   0: 3 0x8000b874 (0x00000f17) x30 0x8000b874
core   0: 0x8000b878 (0x783f2623) sw      gp, 1932(t5)
core   0: 3 0x8000b878 (0x783f2623) mem 0x8000c000 0x00000001
core   0: 0x8000b87c (0x0000bfe5) c.j     pc - 8
core   0: 3 0x8000b87c (0xbfe5)
core   0: 0x8000b874 (0x00000f17) auipc   t5, 0x0
core   0: 3 0x8000b874 (0x00000f17) x30 0x8000b874
core   0: 0x8000b878 (0x783f2623) sw      gp, 1932(t5)
core   0: 3 0x8000b878 (0x783f2623) mem 0x8000c000 0x00000001
core   0: 0x8000b87c (0x0000bfe5) c.j     pc - 8
core   0: 3 0x8000b87c (0xbfe5)
core   0: 0x8000b874 (0x00000f17) auipc   t5, 0x0
core   0: 3 0x8000b874 (0x00000f17) x30 0x8000b874
core   0: 0x8000b878 (0x783f2623) sw      gp, 1932(t5)
core   0: 3 0x8000b878 (0x783f2623) mem 0x8000c000 0x00000001
core   0: 0x8000b87c (0x0000bfe5) c.j     pc - 8
core   0: 3 0x8000b87c (0xbfe5)
core   0: 0x8000b874 (0x00000f17) auipc   t5, 0x0
core   0: 3 0x8000b874 (0x00000f17) x30 0x8000b874
core   0: 0x8000b878 (0x783f2623) sw      gp, 1932(t5)
core   0: 3 0x8000b878 (0x783f2623) mem 0x8000c000 0x00000001
core   0: 0x8000b87c (0x0000bfe5) c.j     pc - 8
core   0: 3 0x8000b87c (0xbfe5)
core   0: 0x8000b874 (0x00000f17) auipc   t5, 0x0
core   0: 3 0x8000b874 (0x00000f17) x30 0x8000b874
core   0: 0x8000b878 (0x783f2623) sw      gp, 1932(t5)
core   0: 3 0x8000b878 (0x783f2623) mem 0x8000c000 0x00000001
core   0: 0x8000b87c (0x0000bfe5) c.j     pc - 8
core   0: 3 0x8000b87c (0xbfe5)
core   0: 0x8000b874 (0x00000f17) auipc   t5, 0x0
core   0: 3 0x8000b874 (0x00000f17) x30 0x8000b874
core   0: 0x8000b878 (0x783f2623) sw      gp, 1932(t5)
core   0: 3 0x8000b878 (0x783f2623) mem 0x8000c000 0x00000001
core   0: 0x8000b87c (0x0000bfe5) c.j     pc - 8
core   0: 3 0x8000b87c (0xbfe5)
core   0: 0x8000b874 (0x00000f17) auipc   t5, 0x0
core   0: 3 0x8000b874 (0x00000f17) x30 0x8000b874
core   0: 0x8000b878 (0x783f2623) sw      gp, 1932(t5)
core   0: 3 0x8000b878 (0x783f2623) mem 0x8000c000 0x00000001
core   0: 0x8000b87c (0x0000bfe5) c.j     pc - 8
core   0: 3 0x8000b87c (0xbfe5)
core   0: 0x8000b874 (0x00000f17) auipc   t5, 0x0
core   0: 3 0x8000b874 (0x00000f17) x30 0x8000b874
core   0: 0x8000b878 (0x783f2623) sw      gp, 1932(t5)
core   0: 3 0x8000b878 (0x783f2623) mem 0x8000c000 0x00000001
core   0: 0x8000b87c (0x0000bfe5) c.j     pc - 8
core   0: 3 0x8000b87c (0xbfe5)
core   0: 0x8000b874 (0x00000f17) auipc   t5, 0x0
core   0: 3 0x8000b874 (0x00000f17) x30 0x8000b874
core   0: 0x8000b878 (0x783f2623) sw      gp, 1932(t5)
core   0: 3 0x8000b878 (0x783f2623) mem 0x8000c000 0x00000001
core   0: 0x8000b87c (0x0000bfe5) c.j     pc - 8
core   0: 3 0x8000b87c (0xbfe5)
core   0: 0x8000b874 (0x00000f17) auipc   t5, 0x0
core   0: 3 0x8000b874 (0x00000f17) x30 0x8000b874
core   0: 0x8000b878 (0x783f2623) sw      gp, 1932(t5)
core   0: 3 0x8000b878 (0x783f2623) mem 0x8000c000 0x00000001
core   0: 0x8000b87c (0x0000bfe5) c.j     pc - 8
core   0: 3 0x8000b87c (0xbfe5)
core   0: 0x8000b874 (0x00000f17) auipc   t5, 0x0
core   0: 3 0x8000b874 (0x00000f17) x30 0x8000b874
core   0: 0x8000b878 (0x783f2623) sw      gp, 1932(t5)
core   0: 3 0x8000b878 (0x783f2623) mem 0x8000c000 0x00000001
core   0: 0x8000b87c (0x0000bfe5) c.j     pc - 8
core   0: 3 0x8000b87c (0xbfe5)
core   0: 0x8000b874 (0x00000f17) auipc   t5, 0x0
core   0: 3 0x8000b874 (0x00000f17) x30 0x8000b874
core   0: 0x8000b878 (0x783f2623) sw      gp, 1932(t5)
core   0: 3 0x8000b878 (0x783f2623) mem 0x8000c000 0x00000001
core   0: 0x8000b87c (0x0000bfe5) c.j     pc - 8
core   0: 3 0x8000b87c (0xbfe5)
core   0: 0x8000b874 (0x00000f17) auipc   t5, 0x0
core   0: 3 0x8000b874 (0x00000f17) x30 0x8000b874
core   0: 0x8000b878 (0x783f2623) sw      gp, 1932(t5)
core   0: 3 0x8000b878 (0x783f2623) mem 0x8000c000 0x00000001
core   0: 0x8000b87c (0x0000bfe5) c.j     pc - 8
core   0: 3 0x8000b87c (0xbfe5)
core   0: 0x8000b874 (0x00000f17) auipc   t5, 0x0
core   0: 3 0x8000b874 (0x00000f17) x30 0x8000b874
core   0: 0x8000b878 (0x783f2623) sw      gp, 1932(t5)
core   0: 3 0x8000b878 (0x783f2623) mem 0x8000c000 0x00000001
core   0: 0x8000b87c (0x0000bfe5) c.j     pc - 8
core   0: 3 0x8000b87c (0xbfe5)
core   0: 0x8000b874 (0x00000f17) auipc   t5, 0x0
core   0: 3 0x8000b874 (0x00000f17) x30 0x8000b874
core   0: 0x8000b878 (0x783f2623) sw      gp, 1932(t5)
core   0: 3 0x8000b878 (0x783f2623) mem 0x8000c000 0x00000001
core   0: 0x8000b87c (0x0000bfe5) c.j     pc - 8
core   0: 3 0x8000b87c (0xbfe5)
core   0: 0x8000b874 (0x00000f17) auipc   t5, 0x0
core   0: 3 0x8000b874 (0x00000f17) x30 0x8000b874
core   0: 0x8000b878 (0x783f2623) sw      gp, 1932(t5)
core   0: 3 0x8000b878 (0x783f2623) mem 0x8000c000 0x00000001
core   0: 0x8000b87c (0x0000bfe5) c.j     pc - 8
core   0: 3 0x8000b87c (0xbfe5)
core   0: 0x8000b874 (0x00000f17) auipc   t5, 0x0
core   0: 3 0x8000b874 (0x00000f17) x30 0x8000b874
core   0: 0x8000b878 (0x783f2623) sw      gp, 1932(t5)
core   0: 3 0x8000b878 (0x783f2623) mem 0x8000c000 0x00000001
core   0: 0x8000b87c (0x0000bfe5) c.j     pc - 8
core   0: 3 0x8000b87c (0xbfe5)
core   0: 0x8000b874 (0x00000f17) auipc   t5, 0x0
core   0: 3 0x8000b874 (0x00000f17) x30 0x8000b874
core   0: 0x8000b878 (0x783f2623) sw      gp, 1932(t5)
core   0: 3 0x8000b878 (0x783f2623) mem 0x8000c000 0x00000001
core   0: 0x8000b87c (0x0000bfe5) c.j     pc - 8
core   0: 3 0x8000b87c (0xbfe5)
core   0: 0x8000b874 (0x00000f17) auipc   t5, 0x0
core   0: 3 0x8000b874 (0x00000f17) x30 0x8000b874
core   0: 0x8000b878 (0x783f2623) sw      gp, 1932(t5)
core   0: 3 0x8000b878 (0x783f2623) mem 0x8000c000 0x00000001
core   0: 0x8000b87c (0x0000bfe5) c.j     pc - 8
core   0: 3 0x8000b87c (0xbfe5)
core   0: 0x8000b874 (0x00000f17) auipc   t5, 0x0
core   0: 3 0x8000b874 (0x00000f17) x30 0x8000b874
core   0: 0x8000b878 (0x783f2623) sw      gp, 1932(t5)
core   0: 3 0x8000b878 (0x783f2623) mem 0x8000c000 0x00000001
core   0: 0x8000b87c (0x0000bfe5) c.j     pc - 8
core   0: 3 0x8000b87c (0xbfe5)
core   0: 0x8000b874 (0x00000f17) auipc   t5, 0x0
core   0: 3 0x8000b874 (0x00000f17) x30 0x8000b874
core   0: 0x8000b878 (0x783f2623) sw      gp, 1932(t5)
core   0: 3 0x8000b878 (0x783f2623) mem 0x8000c000 0x00000001
core   0: 0x8000b87c (0x0000bfe5) c.j     pc - 8
core   0: 3 0x8000b87c (0xbfe5)
core   0: 0x8000b874 (0x00000f17) auipc   t5, 0x0
core   0: 3 0x8000b874 (0x00000f17) x30 0x8000b874
core   0: 0x8000b878 (0x783f2623) sw      gp, 1932(t5)
core   0: 3 0x8000b878 (0x783f2623) mem 0x8000c000 0x00000001
core   0: 0x8000b87c (0x0000bfe5) c.j     pc - 8
core   0: 3 0x8000b87c (0xbfe5)
core   0: 0x8000b874 (0x00000f17) auipc   t5, 0x0
core   0: 3 0x8000b874 (0x00000f17) x30 0x8000b874
core   0: 0x8000b878 (0x783f2623) sw      gp, 1932(t5)
core   0: 3 0x8000b878 (0x783f2623) mem 0x8000c000 0x00000001
core   0: 0x8000b87c (0x0000bfe5) c.j     pc - 8
core   0: 3 0x8000b87c (0xbfe5)
core   0: 0x8000b874 (0x00000f17) auipc   t5, 0x0
core   0: 3 0x8000b874 (0x00000f17) x30 0x8000b874
core   0: 0x8000b878 (0x783f2623) sw      gp, 1932(t5)
core   0: 3 0x8000b878 (0x783f2623) mem 0x8000c000 0x00000001
core   0: 0x8000b87c (0x0000bfe5) c.j     pc - 8
core   0: 3 0x8000b87c (0xbfe5)
core   0: 0x8000b874 (0x00000f17) auipc   t5, 0x0
core   0: 3 0x8000b874 (0x00000f17) x30 0x8000b874
core   0: 0x8000b878 (0x783f2623) sw      gp, 1932(t5)
core   0: 3 0x8000b878 (0x783f2623) mem 0x8000c000 0x00000001
core   0: 0x8000b87c (0x0000bfe5) c.j     pc - 8
core   0: 3 0x8000b87c (0xbfe5)
core   0: 0x8000b874 (0x00000f17) auipc   t5, 0x0
core   0: 3 0x8000b874 (0x00000f17) x30 0x8000b874
core   0: 0x8000b878 (0x783f2623) sw      gp, 1932(t5)
core   0: 3 0x8000b878 (0x783f2623) mem 0x8000c000 0x00000001
core   0: 0x8000b87c (0x0000bfe5) c.j     pc - 8
core   0: 3 0x8000b87c (0xbfe5)
core   0: 0x8000b874 (0x00000f17) auipc   t5, 0x0
core   0: 3 0x8000b874 (0x00000f17) x30 0x8000b874
core   0: 0x8000b878 (0x783f2623) sw      gp, 1932(t5)
core   0: 3 0x8000b878 (0x783f2623) mem 0x8000c000 0x00000001
core   0: 0x8000b87c (0x0000bfe5) c.j     pc - 8
core   0: 3 0x8000b87c (0xbfe5)
core   0: 0x8000b874 (0x00000f17) auipc   t5, 0x0
core   0: 3 0x8000b874 (0x00000f17) x30 0x8000b874
core   0: 0x8000b878 (0x783f2623) sw      gp, 1932(t5)
core   0: 3 0x8000b878 (0x783f2623) mem 0x8000c000 0x00000001
core   0: 0x8000b87c (0x0000bfe5) c.j     pc - 8
core   0: 3 0x8000b87c (0xbfe5)
core   0: 0x8000b874 (0x00000f17) auipc   t5, 0x0
core   0: 3 0x8000b874 (0x00000f17) x30 0x8000b874
core   0: 0x8000b878 (0x783f2623) sw      gp, 1932(t5)
core   0: 3 0x8000b878 (0x783f2623) mem 0x8000c000 0x00000001
core   0: 0x8000b87c (0x0000bfe5) c.j     pc - 8
core   0: 3 0x8000b87c (0xbfe5)
core   0: 0x8000b874 (0x00000f17) auipc   t5, 0x0
core   0: 3 0x8000b874 (0x00000f17) x30 0x8000b874
core   0: 0x8000b878 (0x783f2623) sw      gp, 1932(t5)
core   0: 3 0x8000b878 (0x783f2623) mem 0x8000c000 0x00000001
core   0: 0x8000b87c (0x0000bfe5) c.j     pc - 8
core   0: 3 0x8000b87c (0xbfe5)
core   0: 0x8000b874 (0x00000f17) auipc   t5, 0x0
core   0: 3 0x8000b874 (0x00000f17) x30 0x8000b874
core   0: 0x8000b878 (0x783f2623) sw      gp, 1932(t5)
core   0: 3 0x8000b878 (0x783f2623) mem 0x8000c000 0x00000001
core   0: 0x8000b87c (0x0000bfe5) c.j     pc - 8
core   0: 3 0x8000b87c (0xbfe5)
core   0: 0x8000b874 (0x00000f17) auipc   t5, 0x0
core   0: 3 0x8000b874 (0x00000f17) x30 0x8000b874
core   0: 0x8000b878 (0x783f2623) sw      gp, 1932(t5)
core   0: 3 0x8000b878 (0x783f2623) mem 0x8000c000 0x00000001
core   0: 0x8000b87c (0x0000bfe5) c.j     pc - 8
core   0: 3 0x8000b87c (0xbfe5)
core   0: 0x8000b874 (0x00000f17) auipc   t5, 0x0
core   0: 3 0x8000b874 (0x00000f17) x30 0x8000b874
core   0: 0x8000b878 (0x783f2623) sw      gp, 1932(t5)
core   0: 3 0x8000b878 (0x783f2623) mem 0x8000c000 0x00000001
core   0: 0x8000b87c (0x0000bfe5) c.j     pc - 8
core   0: 3 0x8000b87c (0xbfe5)
core   0: 0x8000b874 (0x00000f17) auipc   t5, 0x0
core   0: 3 0x8000b874 (0x00000f17) x30 0x8000b874
core   0: 0x8000b878 (0x783f2623) sw      gp, 1932(t5)
core   0: 3 0x8000b878 (0x783f2623) mem 0x8000c000 0x00000001
core   0: 0x8000b87c (0x0000bfe5) c.j     pc - 8
core   0: 3 0x8000b87c (0xbfe5)
core   0: 0x8000b874 (0x00000f17) auipc   t5, 0x0
core   0: 3 0x8000b874 (0x00000f17) x30 0x8000b874
core   0: 0x8000b878 (0x783f2623) sw      gp, 1932(t5)
core   0: 3 0x8000b878 (0x783f2623) mem 0x8000c000 0x00000001
core   0: 0x8000b87c (0x0000bfe5) c.j     pc - 8
core   0: 3 0x8000b87c (0xbfe5)
core   0: 0x8000b874 (0x00000f17) auipc   t5, 0x0
core   0: 3 0x8000b874 (0x00000f17) x30 0x8000b874
core   0: 0x8000b878 (0x783f2623) sw      gp, 1932(t5)
core   0: 3 0x8000b878 (0x783f2623) mem 0x8000c000 0x00000001
core   0: 0x8000b87c (0x0000bfe5) c.j     pc - 8
core   0: 3 0x8000b87c (0xbfe5)
core   0: 0x8000b874 (0x00000f17) auipc   t5, 0x0
core   0: 3 0x8000b874 (0x00000f17) x30 0x8000b874
core   0: 0x8000b878 (0x783f2623) sw      gp, 1932(t5)
core   0: 3 0x8000b878 (0x783f2623) mem 0x8000c000 0x00000001
core   0: 0x8000b87c (0x0000bfe5) c.j     pc - 8
core   0: 3 0x8000b87c (0xbfe5)
core   0: 0x8000b874 (0x00000f17) auipc   t5, 0x0
core   0: 3 0x8000b874 (0x00000f17) x30 0x8000b874
core   0: 0x8000b878 (0x783f2623) sw      gp, 1932(t5)
core   0: 3 0x8000b878 (0x783f2623) mem 0x8000c000 0x00000001
core   0: 0x8000b87c (0x0000bfe5) c.j     pc - 8
core   0: 3 0x8000b87c (0xbfe5)
core   0: 0x8000b874 (0x00000f17) auipc   t5, 0x0
core   0: 3 0x8000b874 (0x00000f17) x30 0x8000b874
core   0: 0x8000b878 (0x783f2623) sw      gp, 1932(t5)
core   0: 3 0x8000b878 (0x783f2623) mem 0x8000c000 0x00000001
core   0: 0x8000b87c (0x0000bfe5) c.j     pc - 8
core   0: 3 0x8000b87c (0xbfe5)
core   0: 0x8000b874 (0x00000f17) auipc   t5, 0x0
core   0: 3 0x8000b874 (0x00000f17) x30 0x8000b874
core   0: 0x8000b878 (0x783f2623) sw      gp, 1932(t5)
core   0: 3 0x8000b878 (0x783f2623) mem 0x8000c000 0x00000001
core   0: 0x8000b87c (0x0000bfe5) c.j     pc - 8
core   0: 3 0x8000b87c (0xbfe5)
core   0: 0x8000b874 (0x00000f17) auipc   t5, 0x0
core   0: 3 0x8000b874 (0x00000f17) x30 0x8000b874
core   0: 0x8000b878 (0x783f2623) sw      gp, 1932(t5)
core   0: 3 0x8000b878 (0x783f2623) mem 0x8000c000 0x00000001
core   0: 0x8000b87c (0x0000bfe5) c.j     pc - 8
core   0: 3 0x8000b87c (0xbfe5)
core   0: 0x8000b874 (0x00000f17) auipc   t5, 0x0
core   0: 3 0x8000b874 (0x00000f17) x30 0x8000b874
core   0: 0x8000b878 (0x783f2623) sw      gp, 1932(t5)
core   0: 3 0x8000b878 (0x783f2623) mem 0x8000c000 0x00000001
core   0: 0x8000b87c (0x0000bfe5) c.j     pc - 8
core   0: 3 0x8000b87c (0xbfe5)
core   0: 0x8000b874 (0x00000f17) auipc   t5, 0x0
core   0: 3 0x8000b874 (0x00000f17) x30 0x8000b874
core   0: 0x8000b878 (0x783f2623) sw      gp, 1932(t5)
core   0: 3 0x8000b878 (0x783f2623) mem 0x8000c000 0x00000001
core   0: 0x8000b87c (0x0000bfe5) c.j     pc - 8
core   0: 3 0x8000b87c (0xbfe5)
core   0: 0x8000b874 (0x00000f17) auipc   t5, 0x0
core   0: 3 0x8000b874 (0x00000f17) x30 0x8000b874
core   0: 0x8000b878 (0x783f2623) sw      gp, 1932(t5)
core   0: 3 0x8000b878 (0x783f2623) mem 0x8000c000 0x00000001
core   0: 0x8000b87c (0x0000bfe5) c.j     pc - 8
core   0: 3 0x8000b87c (0xbfe5)
core   0: 0x8000b874 (0x00000f17) auipc   t5, 0x0
core   0: 3 0x8000b874 (0x00000f17) x30 0x8000b874
core   0: 0x8000b878 (0x783f2623) sw      gp, 1932(t5)
core   0: 3 0x8000b878 (0x783f2623) mem 0x8000c000 0x00000001
core   0: 0x8000b87c (0x0000bfe5) c.j     pc - 8
core   0: 3 0x8000b87c (0xbfe5)
core   0: 0x8000b874 (0x00000f17) auipc   t5, 0x0
core   0: 3 0x8000b874 (0x00000f17) x30 0x8000b874
core   0: 0x8000b878 (0x783f2623) sw      gp, 1932(t5)
core   0: 3 0x8000b878 (0x783f2623) mem 0x8000c000 0x00000001
core   0: 0x8000b87c (0x0000bfe5) c.j     pc - 8
core   0: 3 0x8000b87c (0xbfe5)
core   0: 0x8000b874 (0x00000f17) auipc   t5, 0x0
core   0: 3 0x8000b874 (0x00000f17) x30 0x8000b874
core   0: 0x8000b878 (0x783f2623) sw      gp, 1932(t5)
core   0: 3 0x8000b878 (0x783f2623) mem 0x8000c000 0x00000001
core   0: 0x8000b87c (0x0000bfe5) c.j     pc - 8
core   0: 3 0x8000b87c (0xbfe5)
core   0: 0x8000b874 (0x00000f17) auipc   t5, 0x0
core   0: 3 0x8000b874 (0x00000f17) x30 0x8000b874
core   0: 0x8000b878 (0x783f2623) sw      gp, 1932(t5)
core   0: 3 0x8000b878 (0x783f2623) mem 0x8000c000 0x00000001
core   0: 0x8000b87c (0x0000bfe5) c.j     pc - 8
core   0: 3 0x8000b87c (0xbfe5)
core   0: 0x8000b874 (0x00000f17) auipc   t5, 0x0
core   0: 3 0x8000b874 (0x00000f17) x30 0x8000b874
core   0: 0x8000b878 (0x783f2623) sw      gp, 1932(t5)
core   0: 3 0x8000b878 (0x783f2623) mem 0x8000c000 0x00000001
core   0: 0x8000b87c (0x0000bfe5) c.j     pc - 8
core   0: 3 0x8000b87c (0xbfe5)
core   0: 0x8000b874 (0x00000f17) auipc   t5, 0x0
core   0: 3 0x8000b874 (0x00000f17) x30 0x8000b874
core   0: 0x8000b878 (0x783f2623) sw      gp, 1932(t5)
core   0: 3 0x8000b878 (0x783f2623) mem 0x8000c000 0x00000001
core   0: 0x8000b87c (0x0000bfe5) c.j     pc - 8
core   0: 3 0x8000b87c (0xbfe5)
core   0: 0x8000b874 (0x00000f17) auipc   t5, 0x0
core   0: 3 0x8000b874 (0x00000f17) x30 0x8000b874
core   0: 0x8000b878 (0x783f2623) sw      gp, 1932(t5)
core   0: 3 0x8000b878 (0x783f2623) mem 0x8000c000 0x00000001
core   0: 0x8000b87c (0x0000bfe5) c.j     pc - 8
core   0: 3 0x8000b87c (0xbfe5)
core   0: 0x8000b874 (0x00000f17) auipc   t5, 0x0
core   0: 3 0x8000b874 (0x00000f17) x30 0x8000b874
core   0: 0x8000b878 (0x783f2623) sw      gp, 1932(t5)
core   0: 3 0x8000b878 (0x783f2623) mem 0x8000c000 0x00000001
core   0: 0x8000b87c (0x0000bfe5) c.j     pc - 8
core   0: 3 0x8000b87c (0xbfe5)
core   0: 0x8000b874 (0x00000f17) auipc   t5, 0x0
core   0: 3 0x8000b874 (0x00000f17) x30 0x8000b874
core   0: 0x8000b878 (0x783f2623) sw      gp, 1932(t5)
core   0: 3 0x8000b878 (0x783f2623) mem 0x8000c000 0x00000001
core   0: 0x8000b87c (0x0000bfe5) c.j     pc - 8
core   0: 3 0x8000b87c (0xbfe5)
core   0: 0x8000b874 (0x00000f17) auipc   t5, 0x0
core   0: 3 0x8000b874 (0x00000f17) x30 0x8000b874
core   0: 0x8000b878 (0x783f2623) sw      gp, 1932(t5)
core   0: 3 0x8000b878 (0x783f2623) mem 0x8000c000 0x00000001
core   0: 0x8000b87c (0x0000bfe5) c.j     pc - 8
core   0: 3 0x8000b87c (0xbfe5)
core   0: 0x8000b874 (0x00000f17) auipc   t5, 0x0
core   0: 3 0x8000b874 (0x00000f17) x30 0x8000b874
core   0: 0x8000b878 (0x783f2623) sw      gp, 1932(t5)
core   0: 3 0x8000b878 (0x783f2623) mem 0x8000c000 0x00000001
core   0: 0x8000b87c (0x0000bfe5) c.j     pc - 8
core   0: 3 0x8000b87c (0xbfe5)
core   0: 0x8000b874 (0x00000f17) auipc   t5, 0x0
core   0: 3 0x8000b874 (0x00000f17) x30 0x8000b874
core   0: 0x8000b878 (0x783f2623) sw      gp, 1932(t5)
core   0: 3 0x8000b878 (0x783f2623) mem 0x8000c000 0x00000001
core   0: 0x8000b87c (0x0000bfe5) c.j     pc - 8
core   0: 3 0x8000b87c (0xbfe5)
core   0: 0x8000b874 (0x00000f17) auipc   t5, 0x0
core   0: 3 0x8000b874 (0x00000f17) x30 0x8000b874
core   0: 0x8000b878 (0x783f2623) sw      gp, 1932(t5)
core   0: 3 0x8000b878 (0x783f2623) mem 0x8000c000 0x00000001
core   0: 0x8000b87c (0x0000bfe5) c.j     pc - 8
core   0: 3 0x8000b87c (0xbfe5)
core   0: 0x8000b874 (0x00000f17) auipc   t5, 0x0
core   0: 3 0x8000b874 (0x00000f17) x30 0x8000b874
core   0: 0x8000b878 (0x783f2623) sw      gp, 1932(t5)
core   0: 3 0x8000b878 (0x783f2623) mem 0x8000c000 0x00000001
core   0: 0x8000b87c (0x0000bfe5) c.j     pc - 8
core   0: 3 0x8000b87c (0xbfe5)
core   0: 0x8000b874 (0x00000f17) auipc   t5, 0x0
core   0: 3 0x8000b874 (0x00000f17) x30 0x8000b874
core   0: 0x8000b878 (0x783f2623) sw      gp, 1932(t5)
core   0: 3 0x8000b878 (0x783f2623) mem 0x8000c000 0x00000001
core   0: 0x8000b87c (0x0000bfe5) c.j     pc - 8
core   0: 3 0x8000b87c (0xbfe5)
core   0: 0x8000b874 (0x00000f17) auipc   t5, 0x0
core   0: 3 0x8000b874 (0x00000f17) x30 0x8000b874
core   0: 0x8000b878 (0x783f2623) sw      gp, 1932(t5)
core   0: 3 0x8000b878 (0x783f2623) mem 0x8000c000 0x00000001
core   0: 0x8000b87c (0x0000bfe5) c.j     pc - 8
core   0: 3 0x8000b87c (0xbfe5)
core   0: 0x8000b874 (0x00000f17) auipc   t5, 0x0
core   0: 3 0x8000b874 (0x00000f17) x30 0x8000b874
core   0: 0x8000b878 (0x783f2623) sw      gp, 1932(t5)
core   0: 3 0x8000b878 (0x783f2623) mem 0x8000c000 0x00000001
core   0: 0x8000b87c (0x0000bfe5) c.j     pc - 8
core   0: 3 0x8000b87c (0xbfe5)
core   0: 0x8000b874 (0x00000f17) auipc   t5, 0x0
core   0: 3 0x8000b874 (0x00000f17) x30 0x8000b874
core   0: 0x8000b878 (0x783f2623) sw      gp, 1932(t5)
core   0: 3 0x8000b878 (0x783f2623) mem 0x8000c000 0x00000001
core   0: 0x8000b87c (0x0000bfe5) c.j     pc - 8
core   0: 3 0x8000b87c (0xbfe5)
core   0: 0x8000b874 (0x00000f17) auipc   t5, 0x0
core   0: 3 0x8000b874 (0x00000f17) x30 0x8000b874
core   0: 0x8000b878 (0x783f2623) sw      gp, 1932(t5)
core   0: 3 0x8000b878 (0x783f2623) mem 0x8000c000 0x00000001
core   0: 0x8000b87c (0x0000bfe5) c.j     pc - 8
core   0: 3 0x8000b87c (0xbfe5)
core   0: 0x8000b874 (0x00000f17) auipc   t5, 0x0
core   0: 3 0x8000b874 (0x00000f17) x30 0x8000b874
core   0: 0x8000b878 (0x783f2623) sw      gp, 1932(t5)
core   0: 3 0x8000b878 (0x783f2623) mem 0x8000c000 0x00000001
core   0: 0x8000b87c (0x0000bfe5) c.j     pc - 8
core   0: 3 0x8000b87c (0xbfe5)
core   0: 0x8000b874 (0x00000f17) auipc   t5, 0x0
core   0: 3 0x8000b874 (0x00000f17) x30 0x8000b874
core   0: 0x8000b878 (0x783f2623) sw      gp, 1932(t5)
core   0: 3 0x8000b878 (0x783f2623) mem 0x8000c000 0x00000001
core   0: 0x8000b87c (0x0000bfe5) c.j     pc - 8
core   0: 3 0x8000b87c (0xbfe5)
core   0: 0x8000b874 (0x00000f17) auipc   t5, 0x0
core   0: 3 0x8000b874 (0x00000f17) x30 0x8000b874
core   0: 0x8000b878 (0x783f2623) sw      gp, 1932(t5)
core   0: 3 0x8000b878 (0x783f2623) mem 0x8000c000 0x00000001
core   0: 0x8000b87c (0x0000bfe5) c.j     pc - 8
core   0: 3 0x8000b87c (0xbfe5)
core   0: 0x8000b874 (0x00000f17) auipc   t5, 0x0
core   0: 3 0x8000b874 (0x00000f17) x30 0x8000b874
core   0: 0x8000b878 (0x783f2623) sw      gp, 1932(t5)
core   0: 3 0x8000b878 (0x783f2623) mem 0x8000c000 0x00000001
core   0: 0x8000b87c (0x0000bfe5) c.j     pc - 8
core   0: 3 0x8000b87c (0xbfe5)
core   0: 0x8000b874 (0x00000f17) auipc   t5, 0x0
core   0: 3 0x8000b874 (0x00000f17) x30 0x8000b874
core   0: 0x8000b878 (0x783f2623) sw      gp, 1932(t5)
core   0: 3 0x8000b878 (0x783f2623) mem 0x8000c000 0x00000001
core   0: 0x8000b87c (0x0000bfe5) c.j     pc - 8
core   0: 3 0x8000b87c (0xbfe5)
core   0: 0x8000b874 (0x00000f17) auipc   t5, 0x0
core   0: 3 0x8000b874 (0x00000f17) x30 0x8000b874
core   0: 0x8000b878 (0x783f2623) sw      gp, 1932(t5)
core   0: 3 0x8000b878 (0x783f2623) mem 0x8000c000 0x00000001
core   0: 0x8000b87c (0x0000bfe5) c.j     pc - 8
core   0: 3 0x8000b87c (0xbfe5)
core   0: 0x8000b874 (0x00000f17) auipc   t5, 0x0
core   0: 3 0x8000b874 (0x00000f17) x30 0x8000b874
core   0: 0x8000b878 (0x783f2623) sw      gp, 1932(t5)
core   0: 3 0x8000b878 (0x783f2623) mem 0x8000c000 0x00000001
core   0: 0x8000b87c (0x0000bfe5) c.j     pc - 8
core   0: 3 0x8000b87c (0xbfe5)
core   0: 0x8000b874 (0x00000f17) auipc   t5, 0x0
core   0: 3 0x8000b874 (0x00000f17) x30 0x8000b874
core   0: 0x8000b878 (0x783f2623) sw      gp, 1932(t5)
core   0: 3 0x8000b878 (0x783f2623) mem 0x8000c000 0x00000001
core   0: 0x8000b87c (0x0000bfe5) c.j     pc - 8
core   0: 3 0x8000b87c (0xbfe5)
core   0: 0x8000b874 (0x00000f17) auipc   t5, 0x0
core   0: 3 0x8000b874 (0x00000f17) x30 0x8000b874
core   0: 0x8000b878 (0x783f2623) sw      gp, 1932(t5)
core   0: 3 0x8000b878 (0x783f2623) mem 0x8000c000 0x00000001
core   0: 0x8000b87c (0x0000bfe5) c.j     pc - 8
core   0: 3 0x8000b87c (0xbfe5)
core   0: 0x8000b874 (0x00000f17) auipc   t5, 0x0
core   0: 3 0x8000b874 (0x00000f17) x30 0x8000b874
core   0: 0x8000b878 (0x783f2623) sw      gp, 1932(t5)
core   0: 3 0x8000b878 (0x783f2623) mem 0x8000c000 0x00000001
core   0: 0x8000b87c (0x0000bfe5) c.j     pc - 8
core   0: 3 0x8000b87c (0xbfe5)
core   0: 0x8000b874 (0x00000f17) auipc   t5, 0x0
core   0: 3 0x8000b874 (0x00000f17) x30 0x8000b874
core   0: 0x8000b878 (0x783f2623) sw      gp, 1932(t5)
core   0: 3 0x8000b878 (0x783f2623) mem 0x8000c000 0x00000001
core   0: 0x8000b87c (0x0000bfe5) c.j     pc - 8
core   0: 3 0x8000b87c (0xbfe5)
core   0: 0x8000b874 (0x00000f17) auipc   t5, 0x0
core   0: 3 0x8000b874 (0x00000f17) x30 0x8000b874
core   0: 0x8000b878 (0x783f2623) sw      gp, 1932(t5)
core   0: 3 0x8000b878 (0x783f2623) mem 0x8000c000 0x00000001
core   0: 0x8000b87c (0x0000bfe5) c.j     pc - 8
core   0: 3 0x8000b87c (0xbfe5)
core   0: 0x8000b874 (0x00000f17) auipc   t5, 0x0
core   0: 3 0x8000b874 (0x00000f17) x30 0x8000b874
core   0: 0x8000b878 (0x783f2623) sw      gp, 1932(t5)
core   0: 3 0x8000b878 (0x783f2623) mem 0x8000c000 0x00000001
core   0: 0x8000b87c (0x0000bfe5) c.j     pc - 8
core   0: 3 0x8000b87c (0xbfe5)
core   0: 0x8000b874 (0x00000f17) auipc   t5, 0x0
core   0: 3 0x8000b874 (0x00000f17) x30 0x8000b874
core   0: 0x8000b878 (0x783f2623) sw      gp, 1932(t5)
core   0: 3 0x8000b878 (0x783f2623) mem 0x8000c000 0x00000001
core   0: 0x8000b87c (0x0000bfe5) c.j     pc - 8
core   0: 3 0x8000b87c (0xbfe5)
core   0: 0x8000b874 (0x00000f17) auipc   t5, 0x0
core   0: 3 0x8000b874 (0x00000f17) x30 0x8000b874
core   0: 0x8000b878 (0x783f2623) sw      gp, 1932(t5)
core   0: 3 0x8000b878 (0x783f2623) mem 0x8000c000 0x00000001
core   0: 0x8000b87c (0x0000bfe5) c.j     pc - 8
core   0: 3 0x8000b87c (0xbfe5)
core   0: 0x8000b874 (0x00000f17) auipc   t5, 0x0
core   0: 3 0x8000b874 (0x00000f17) x30 0x8000b874
core   0: 0x8000b878 (0x783f2623) sw      gp, 1932(t5)
core   0: 3 0x8000b878 (0x783f2623) mem 0x8000c000 0x00000001
core   0: 0x8000b87c (0x0000bfe5) c.j     pc - 8
core   0: 3 0x8000b87c (0xbfe5)
core   0: 0x8000b874 (0x00000f17) auipc   t5, 0x0
core   0: 3 0x8000b874 (0x00000f17) x30 0x8000b874
core   0: 0x8000b878 (0x783f2623) sw      gp, 1932(t5)
core   0: 3 0x8000b878 (0x783f2623) mem 0x8000c000 0x00000001
core   0: 0x8000b87c (0x0000bfe5) c.j     pc - 8
core   0: 3 0x8000b87c (0xbfe5)
core   0: 0x8000b874 (0x00000f17) auipc   t5, 0x0
core   0: 3 0x8000b874 (0x00000f17) x30 0x8000b874
core   0: 0x8000b878 (0x783f2623) sw      gp, 1932(t5)
core   0: 3 0x8000b878 (0x783f2623) mem 0x8000c000 0x00000001
core   0: 0x8000b87c (0x0000bfe5) c.j     pc - 8
core   0: 3 0x8000b87c (0xbfe5)
core   0: 0x8000b874 (0x00000f17) auipc   t5, 0x0
core   0: 3 0x8000b874 (0x00000f17) x30 0x8000b874
core   0: 0x8000b878 (0x783f2623) sw      gp, 1932(t5)
core   0: 3 0x8000b878 (0x783f2623) mem 0x8000c000 0x00000001
core   0: 0x8000b87c (0x0000bfe5) c.j     pc - 8
core   0: 3 0x8000b87c (0xbfe5)
core   0: 0x8000b874 (0x00000f17) auipc   t5, 0x0
core   0: 3 0x8000b874 (0x00000f17) x30 0x8000b874
core   0: 0x8000b878 (0x783f2623) sw      gp, 1932(t5)
core   0: 3 0x8000b878 (0x783f2623) mem 0x8000c000 0x00000001
core   0: 0x8000b87c (0x0000bfe5) c.j     pc - 8
core   0: 3 0x8000b87c (0xbfe5)
core   0: 0x8000b874 (0x00000f17) auipc   t5, 0x0
core   0: 3 0x8000b874 (0x00000f17) x30 0x8000b874
core   0: 0x8000b878 (0x783f2623) sw      gp, 1932(t5)
core   0: 3 0x8000b878 (0x783f2623) mem 0x8000c000 0x00000001
core   0: 0x8000b87c (0x0000bfe5) c.j     pc - 8
core   0: 3 0x8000b87c (0xbfe5)
core   0: 0x8000b874 (0x00000f17) auipc   t5, 0x0
core   0: 3 0x8000b874 (0x00000f17) x30 0x8000b874
core   0: 0x8000b878 (0x783f2623) sw      gp, 1932(t5)
core   0: 3 0x8000b878 (0x783f2623) mem 0x8000c000 0x00000001
core   0: 0x8000b87c (0x0000bfe5) c.j     pc - 8
core   0: 3 0x8000b87c (0xbfe5)
core   0: 0x8000b874 (0x00000f17) auipc   t5, 0x0
core   0: 3 0x8000b874 (0x00000f17) x30 0x8000b874
core   0: 0x8000b878 (0x783f2623) sw      gp, 1932(t5)
core   0: 3 0x8000b878 (0x783f2623) mem 0x8000c000 0x00000001
core   0: 0x8000b87c (0x0000bfe5) c.j     pc - 8
core   0: 3 0x8000b87c (0xbfe5)
core   0: 0x8000b874 (0x00000f17) auipc   t5, 0x0
core   0: 3 0x8000b874 (0x00000f17) x30 0x8000b874
core   0: 0x8000b878 (0x783f2623) sw      gp, 1932(t5)
core   0: 3 0x8000b878 (0x783f2623) mem 0x8000c000 0x00000001
core   0: 0x8000b87c (0x0000bfe5) c.j     pc - 8
core   0: 3 0x8000b87c (0xbfe5)
core   0: 0x8000b874 (0x00000f17) auipc   t5, 0x0
core   0: 3 0x8000b874 (0x00000f17) x30 0x8000b874
core   0: 0x8000b878 (0x783f2623) sw      gp, 1932(t5)
core   0: 3 0x8000b878 (0x783f2623) mem 0x8000c000 0x00000001
core   0: 0x8000b87c (0x0000bfe5) c.j     pc - 8
core   0: 3 0x8000b87c (0xbfe5)
core   0: 0x8000b874 (0x00000f17) auipc   t5, 0x0
core   0: 3 0x8000b874 (0x00000f17) x30 0x8000b874
core   0: 0x8000b878 (0x783f2623) sw      gp, 1932(t5)
core   0: 3 0x8000b878 (0x783f2623) mem 0x8000c000 0x00000001
core   0: 0x8000b87c (0x0000bfe5) c.j     pc - 8
core   0: 3 0x8000b87c (0xbfe5)
core   0: 0x8000b874 (0x00000f17) auipc   t5, 0x0
core   0: 3 0x8000b874 (0x00000f17) x30 0x8000b874
core   0: 0x8000b878 (0x783f2623) sw      gp, 1932(t5)
core   0: 3 0x8000b878 (0x783f2623) mem 0x8000c000 0x00000001
core   0: 0x8000b87c (0x0000bfe5) c.j     pc - 8
core   0: 3 0x8000b87c (0xbfe5)
core   0: 0x8000b874 (0x00000f17) auipc   t5, 0x0
core   0: 3 0x8000b874 (0x00000f17) x30 0x8000b874
core   0: 0x8000b878 (0x783f2623) sw      gp, 1932(t5)
core   0: 3 0x8000b878 (0x783f2623) mem 0x8000c000 0x00000001
core   0: 0x8000b87c (0x0000bfe5) c.j     pc - 8
core   0: 3 0x8000b87c (0xbfe5)
core   0: 0x8000b874 (0x00000f17) auipc   t5, 0x0
core   0: 3 0x8000b874 (0x00000f17) x30 0x8000b874
core   0: 0x8000b878 (0x783f2623) sw      gp, 1932(t5)
core   0: 3 0x8000b878 (0x783f2623) mem 0x8000c000 0x00000001
core   0: 0x8000b87c (0x0000bfe5) c.j     pc - 8
core   0: 3 0x8000b87c (0xbfe5)
core   0: 0x8000b874 (0x00000f17) auipc   t5, 0x0
core   0: 3 0x8000b874 (0x00000f17) x30 0x8000b874
core   0: 0x8000b878 (0x783f2623) sw      gp, 1932(t5)
core   0: 3 0x8000b878 (0x783f2623) mem 0x8000c000 0x00000001
core   0: 0x8000b87c (0x0000bfe5) c.j     pc - 8
core   0: 3 0x8000b87c (0xbfe5)
core   0: 0x8000b874 (0x00000f17) auipc   t5, 0x0
core   0: 3 0x8000b874 (0x00000f17) x30 0x8000b874
core   0: 0x8000b878 (0x783f2623) sw      gp, 1932(t5)
core   0: 3 0x8000b878 (0x783f2623) mem 0x8000c000 0x00000001
core   0: 0x8000b87c (0x0000bfe5) c.j     pc - 8
core   0: 3 0x8000b87c (0xbfe5)
core   0: 0x8000b874 (0x00000f17) auipc   t5, 0x0
core   0: 3 0x8000b874 (0x00000f17) x30 0x8000b874
core   0: 0x8000b878 (0x783f2623) sw      gp, 1932(t5)
core   0: 3 0x8000b878 (0x783f2623) mem 0x8000c000 0x00000001
core   0: 0x8000b87c (0x0000bfe5) c.j     pc - 8
core   0: 3 0x8000b87c (0xbfe5)
core   0: 0x8000b874 (0x00000f17) auipc   t5, 0x0
core   0: 3 0x8000b874 (0x00000f17) x30 0x8000b874
core   0: 0x8000b878 (0x783f2623) sw      gp, 1932(t5)
core   0: 3 0x8000b878 (0x783f2623) mem 0x8000c000 0x00000001
core   0: 0x8000b87c (0x0000bfe5) c.j     pc - 8
core   0: 3 0x8000b87c (0xbfe5)
core   0: 0x8000b874 (0x00000f17) auipc   t5, 0x0
core   0: 3 0x8000b874 (0x00000f17) x30 0x8000b874
core   0: 0x8000b878 (0x783f2623) sw      gp, 1932(t5)
core   0: 3 0x8000b878 (0x783f2623) mem 0x8000c000 0x00000001
core   0: 0x8000b87c (0x0000bfe5) c.j     pc - 8
core   0: 3 0x8000b87c (0xbfe5)
core   0: 0x8000b874 (0x00000f17) auipc   t5, 0x0
core   0: 3 0x8000b874 (0x00000f17) x30 0x8000b874
core   0: 0x8000b878 (0x783f2623) sw      gp, 1932(t5)
core   0: 3 0x8000b878 (0x783f2623) mem 0x8000c000 0x00000001
core   0: 0x8000b87c (0x0000bfe5) c.j     pc - 8
core   0: 3 0x8000b87c (0xbfe5)
core   0: 0x8000b874 (0x00000f17) auipc   t5, 0x0
core   0: 3 0x8000b874 (0x00000f17) x30 0x8000b874
core   0: 0x8000b878 (0x783f2623) sw      gp, 1932(t5)
core   0: 3 0x8000b878 (0x783f2623) mem 0x8000c000 0x00000001
core   0: 0x8000b87c (0x0000bfe5) c.j     pc - 8
core   0: 3 0x8000b87c (0xbfe5)
core   0: 0x8000b874 (0x00000f17) auipc   t5, 0x0
core   0: 3 0x8000b874 (0x00000f17) x30 0x8000b874
core   0: 0x8000b878 (0x783f2623) sw      gp, 1932(t5)
core   0: 3 0x8000b878 (0x783f2623) mem 0x8000c000 0x00000001
core   0: 0x8000b87c (0x0000bfe5) c.j     pc - 8
core   0: 3 0x8000b87c (0xbfe5)
core   0: 0x8000b874 (0x00000f17) auipc   t5, 0x0
core   0: 3 0x8000b874 (0x00000f17) x30 0x8000b874
core   0: 0x8000b878 (0x783f2623) sw      gp, 1932(t5)
core   0: 3 0x8000b878 (0x783f2623) mem 0x8000c000 0x00000001
core   0: 0x8000b87c (0x0000bfe5) c.j     pc - 8
core   0: 3 0x8000b87c (0xbfe5)
core   0: 0x8000b874 (0x00000f17) auipc   t5, 0x0
core   0: 3 0x8000b874 (0x00000f17) x30 0x8000b874
core   0: 0x8000b878 (0x783f2623) sw      gp, 1932(t5)
core   0: 3 0x8000b878 (0x783f2623) mem 0x8000c000 0x00000001
core   0: 0x8000b87c (0x0000bfe5) c.j     pc - 8
core   0: 3 0x8000b87c (0xbfe5)
core   0: 0x8000b874 (0x00000f17) auipc   t5, 0x0
core   0: 3 0x8000b874 (0x00000f17) x30 0x8000b874
core   0: 0x8000b878 (0x783f2623) sw      gp, 1932(t5)
core   0: 3 0x8000b878 (0x783f2623) mem 0x8000c000 0x00000001
core   0: 0x8000b87c (0x0000bfe5) c.j     pc - 8
core   0: 3 0x8000b87c (0xbfe5)
core   0: 0x8000b874 (0x00000f17) auipc   t5, 0x0
core   0: 3 0x8000b874 (0x00000f17) x30 0x8000b874
core   0: 0x8000b878 (0x783f2623) sw      gp, 1932(t5)
core   0: 3 0x8000b878 (0x783f2623) mem 0x8000c000 0x00000001
core   0: 0x8000b87c (0x0000bfe5) c.j     pc - 8
core   0: 3 0x8000b87c (0xbfe5)
core   0: 0x8000b874 (0x00000f17) auipc   t5, 0x0
core   0: 3 0x8000b874 (0x00000f17) x30 0x8000b874
core   0: 0x8000b878 (0x783f2623) sw      gp, 1932(t5)
core   0: 3 0x8000b878 (0x783f2623) mem 0x8000c000 0x00000001
core   0: 0x8000b87c (0x0000bfe5) c.j     pc - 8
core   0: 3 0x8000b87c (0xbfe5)
core   0: 0x8000b874 (0x00000f17) auipc   t5, 0x0
core   0: 3 0x8000b874 (0x00000f17) x30 0x8000b874
core   0: 0x8000b878 (0x783f2623) sw      gp, 1932(t5)
core   0: 3 0x8000b878 (0x783f2623) mem 0x8000c000 0x00000001
core   0: 0x8000b87c (0x0000bfe5) c.j     pc - 8
core   0: 3 0x8000b87c (0xbfe5)
core   0: 0x8000b874 (0x00000f17) auipc   t5, 0x0
core   0: 3 0x8000b874 (0x00000f17) x30 0x8000b874
core   0: 0x8000b878 (0x783f2623) sw      gp, 1932(t5)
core   0: 3 0x8000b878 (0x783f2623) mem 0x8000c000 0x00000001
core   0: 0x8000b87c (0x0000bfe5) c.j     pc - 8
core   0: 3 0x8000b87c (0xbfe5)
core   0: 0x8000b874 (0x00000f17) auipc   t5, 0x0
core   0: 3 0x8000b874 (0x00000f17) x30 0x8000b874
core   0: 0x8000b878 (0x783f2623) sw      gp, 1932(t5)
core   0: 3 0x8000b878 (0x783f2623) mem 0x8000c000 0x00000001
core   0: 0x8000b87c (0x0000bfe5) c.j     pc - 8
core   0: 3 0x8000b87c (0xbfe5)
core   0: 0x8000b874 (0x00000f17) auipc   t5, 0x0
core   0: 3 0x8000b874 (0x00000f17) x30 0x8000b874
core   0: 0x8000b878 (0x783f2623) sw      gp, 1932(t5)
core   0: 3 0x8000b878 (0x783f2623) mem 0x8000c000 0x00000001
core   0: 0x8000b87c (0x0000bfe5) c.j     pc - 8
core   0: 3 0x8000b87c (0xbfe5)
core   0: 0x8000b874 (0x00000f17) auipc   t5, 0x0
core   0: 3 0x8000b874 (0x00000f17) x30 0x8000b874
core   0: 0x8000b878 (0x783f2623) sw      gp, 1932(t5)
core   0: 3 0x8000b878 (0x783f2623) mem 0x8000c000 0x00000001
core   0: 0x8000b87c (0x0000bfe5) c.j     pc - 8
core   0: 3 0x8000b87c (0xbfe5)
core   0: 0x8000b874 (0x00000f17) auipc   t5, 0x0
core   0: 3 0x8000b874 (0x00000f17) x30 0x8000b874
core   0: 0x8000b878 (0x783f2623) sw      gp, 1932(t5)
core   0: 3 0x8000b878 (0x783f2623) mem 0x8000c000 0x00000001
core   0: 0x8000b87c (0x0000bfe5) c.j     pc - 8
core   0: 3 0x8000b87c (0xbfe5)
core   0: 0x8000b874 (0x00000f17) auipc   t5, 0x0
core   0: 3 0x8000b874 (0x00000f17) x30 0x8000b874
core   0: 0x8000b878 (0x783f2623) sw      gp, 1932(t5)
core   0: 3 0x8000b878 (0x783f2623) mem 0x8000c000 0x00000001
core   0: 0x8000b87c (0x0000bfe5) c.j     pc - 8
core   0: 3 0x8000b87c (0xbfe5)
core   0: 0x8000b874 (0x00000f17) auipc   t5, 0x0
core   0: 3 0x8000b874 (0x00000f17) x30 0x8000b874
core   0: 0x8000b878 (0x783f2623) sw      gp, 1932(t5)
core   0: 3 0x8000b878 (0x783f2623) mem 0x8000c000 0x00000001
core   0: 0x8000b87c (0x0000bfe5) c.j     pc - 8
core   0: 3 0x8000b87c (0xbfe5)
core   0: 0x8000b874 (0x00000f17) auipc   t5, 0x0
core   0: 3 0x8000b874 (0x00000f17) x30 0x8000b874
core   0: 0x8000b878 (0x783f2623) sw      gp, 1932(t5)
core   0: 3 0x8000b878 (0x783f2623) mem 0x8000c000 0x00000001
core   0: 0x8000b87c (0x0000bfe5) c.j     pc - 8
core   0: 3 0x8000b87c (0xbfe5)
core   0: 0x8000b874 (0x00000f17) auipc   t5, 0x0
core   0: 3 0x8000b874 (0x00000f17) x30 0x8000b874
core   0: 0x8000b878 (0x783f2623) sw      gp, 1932(t5)
core   0: 3 0x8000b878 (0x783f2623) mem 0x8000c000 0x00000001
core   0: 0x8000b87c (0x0000bfe5) c.j     pc - 8
core   0: 3 0x8000b87c (0xbfe5)
core   0: 0x8000b874 (0x00000f17) auipc   t5, 0x0
core   0: 3 0x8000b874 (0x00000f17) x30 0x8000b874
core   0: 0x8000b878 (0x783f2623) sw      gp, 1932(t5)
core   0: 3 0x8000b878 (0x783f2623) mem 0x8000c000 0x00000001
core   0: 0x8000b87c (0x0000bfe5) c.j     pc - 8
core   0: 3 0x8000b87c (0xbfe5)
core   0: 0x8000b874 (0x00000f17) auipc   t5, 0x0
core   0: 3 0x8000b874 (0x00000f17) x30 0x8000b874
core   0: 0x8000b878 (0x783f2623) sw      gp, 1932(t5)
core   0: 3 0x8000b878 (0x783f2623) mem 0x8000c000 0x00000001
core   0: 0x8000b87c (0x0000bfe5) c.j     pc - 8
core   0: 3 0x8000b87c (0xbfe5)
core   0: 0x8000b874 (0x00000f17) auipc   t5, 0x0
core   0: 3 0x8000b874 (0x00000f17) x30 0x8000b874
core   0: 0x8000b878 (0x783f2623) sw      gp, 1932(t5)
core   0: 3 0x8000b878 (0x783f2623) mem 0x8000c000 0x00000001
core   0: 0x8000b87c (0x0000bfe5) c.j     pc - 8
core   0: 3 0x8000b87c (0xbfe5)
core   0: 0x8000b874 (0x00000f17) auipc   t5, 0x0
core   0: 3 0x8000b874 (0x00000f17) x30 0x8000b874
core   0: 0x8000b878 (0x783f2623) sw      gp, 1932(t5)
core   0: 3 0x8000b878 (0x783f2623) mem 0x8000c000 0x00000001
core   0: 0x8000b87c (0x0000bfe5) c.j     pc - 8
core   0: 3 0x8000b87c (0xbfe5)
core   0: 0x8000b874 (0x00000f17) auipc   t5, 0x0
core   0: 3 0x8000b874 (0x00000f17) x30 0x8000b874
core   0: 0x8000b878 (0x783f2623) sw      gp, 1932(t5)
core   0: 3 0x8000b878 (0x783f2623) mem 0x8000c000 0x00000001
core   0: 0x8000b87c (0x0000bfe5) c.j     pc - 8
core   0: 3 0x8000b87c (0xbfe5)
core   0: 0x8000b874 (0x00000f17) auipc   t5, 0x0
core   0: 3 0x8000b874 (0x00000f17) x30 0x8000b874
core   0: 0x8000b878 (0x783f2623) sw      gp, 1932(t5)
core   0: 3 0x8000b878 (0x783f2623) mem 0x8000c000 0x00000001
core   0: 0x8000b87c (0x0000bfe5) c.j     pc - 8
core   0: 3 0x8000b87c (0xbfe5)
core   0: 0x8000b874 (0x00000f17) auipc   t5, 0x0
core   0: 3 0x8000b874 (0x00000f17) x30 0x8000b874
core   0: 0x8000b878 (0x783f2623) sw      gp, 1932(t5)
core   0: 3 0x8000b878 (0x783f2623) mem 0x8000c000 0x00000001
core   0: 0x8000b87c (0x0000bfe5) c.j     pc - 8
core   0: 3 0x8000b87c (0xbfe5)
core   0: 0x8000b874 (0x00000f17) auipc   t5, 0x0
core   0: 3 0x8000b874 (0x00000f17) x30 0x8000b874
core   0: 0x8000b878 (0x783f2623) sw      gp, 1932(t5)
core   0: 3 0x8000b878 (0x783f2623) mem 0x8000c000 0x00000001
core   0: 0x8000b87c (0x0000bfe5) c.j     pc - 8
core   0: 3 0x8000b87c (0xbfe5)
core   0: 0x8000b874 (0x00000f17) auipc   t5, 0x0
core   0: 3 0x8000b874 (0x00000f17) x30 0x8000b874
core   0: 0x8000b878 (0x783f2623) sw      gp, 1932(t5)
core   0: 3 0x8000b878 (0x783f2623) mem 0x8000c000 0x00000001
core   0: 0x8000b87c (0x0000bfe5) c.j     pc - 8
core   0: 3 0x8000b87c (0xbfe5)
core   0: 0x8000b874 (0x00000f17) auipc   t5, 0x0
core   0: 3 0x8000b874 (0x00000f17) x30 0x8000b874
core   0: 0x8000b878 (0x783f2623) sw      gp, 1932(t5)
core   0: 3 0x8000b878 (0x783f2623) mem 0x8000c000 0x00000001
core   0: 0x8000b87c (0x0000bfe5) c.j     pc - 8
core   0: 3 0x8000b87c (0xbfe5)
core   0: 0x8000b874 (0x00000f17) auipc   t5, 0x0
core   0: 3 0x8000b874 (0x00000f17) x30 0x8000b874
core   0: 0x8000b878 (0x783f2623) sw      gp, 1932(t5)
core   0: 3 0x8000b878 (0x783f2623) mem 0x8000c000 0x00000001
core   0: 0x8000b87c (0x0000bfe5) c.j     pc - 8
core   0: 3 0x8000b87c (0xbfe5)
core   0: 0x8000b874 (0x00000f17) auipc   t5, 0x0
core   0: 3 0x8000b874 (0x00000f17) x30 0x8000b874
core   0: 0x8000b878 (0x783f2623) sw      gp, 1932(t5)
core   0: 3 0x8000b878 (0x783f2623) mem 0x8000c000 0x00000001
core   0: 0x8000b87c (0x0000bfe5) c.j     pc - 8
core   0: 3 0x8000b87c (0xbfe5)
core   0: 0x8000b874 (0x00000f17) auipc   t5, 0x0
core   0: 3 0x8000b874 (0x00000f17) x30 0x8000b874
core   0: 0x8000b878 (0x783f2623) sw      gp, 1932(t5)
core   0: 3 0x8000b878 (0x783f2623) mem 0x8000c000 0x00000001
core   0: 0x8000b87c (0x0000bfe5) c.j     pc - 8
core   0: 3 0x8000b87c (0xbfe5)
core   0: 0x8000b874 (0x00000f17) auipc   t5, 0x0
core   0: 3 0x8000b874 (0x00000f17) x30 0x8000b874
core   0: 0x8000b878 (0x783f2623) sw      gp, 1932(t5)
core   0: 3 0x8000b878 (0x783f2623) mem 0x8000c000 0x00000001
core   0: 0x8000b87c (0x0000bfe5) c.j     pc - 8
core   0: 3 0x8000b87c (0xbfe5)
core   0: 0x8000b874 (0x00000f17) auipc   t5, 0x0
core   0: 3 0x8000b874 (0x00000f17) x30 0x8000b874
core   0: 0x8000b878 (0x783f2623) sw      gp, 1932(t5)
core   0: 3 0x8000b878 (0x783f2623) mem 0x8000c000 0x00000001
core   0: 0x8000b87c (0x0000bfe5) c.j     pc - 8
core   0: 3 0x8000b87c (0xbfe5)
core   0: 0x8000b874 (0x00000f17) auipc   t5, 0x0
core   0: 3 0x8000b874 (0x00000f17) x30 0x8000b874
core   0: 0x8000b878 (0x783f2623) sw      gp, 1932(t5)
core   0: 3 0x8000b878 (0x783f2623) mem 0x8000c000 0x00000001
core   0: 0x8000b87c (0x0000bfe5) c.j     pc - 8
core   0: 3 0x8000b87c (0xbfe5)
core   0: 0x8000b874 (0x00000f17) auipc   t5, 0x0
core   0: 3 0x8000b874 (0x00000f17) x30 0x8000b874
core   0: 0x8000b878 (0x783f2623) sw      gp, 1932(t5)
core   0: 3 0x8000b878 (0x783f2623) mem 0x8000c000 0x00000001
core   0: 0x8000b87c (0x0000bfe5) c.j     pc - 8
core   0: 3 0x8000b87c (0xbfe5)
core   0: 0x8000b874 (0x00000f17) auipc   t5, 0x0
core   0: 3 0x8000b874 (0x00000f17) x30 0x8000b874
core   0: 0x8000b878 (0x783f2623) sw      gp, 1932(t5)
core   0: 3 0x8000b878 (0x783f2623) mem 0x8000c000 0x00000001
core   0: 0x8000b87c (0x0000bfe5) c.j     pc - 8
core   0: 3 0x8000b87c (0xbfe5)
core   0: 0x8000b874 (0x00000f17) auipc   t5, 0x0
core   0: 3 0x8000b874 (0x00000f17) x30 0x8000b874
core   0: 0x8000b878 (0x783f2623) sw      gp, 1932(t5)
core   0: 3 0x8000b878 (0x783f2623) mem 0x8000c000 0x00000001
core   0: 0x8000b87c (0x0000bfe5) c.j     pc - 8
core   0: 3 0x8000b87c (0xbfe5)
core   0: 0x8000b874 (0x00000f17) auipc   t5, 0x0
core   0: 3 0x8000b874 (0x00000f17) x30 0x8000b874
core   0: 0x8000b878 (0x783f2623) sw      gp, 1932(t5)
core   0: 3 0x8000b878 (0x783f2623) mem 0x8000c000 0x00000001
core   0: 0x8000b87c (0x0000bfe5) c.j     pc - 8
core   0: 3 0x8000b87c (0xbfe5)
core   0: 0x8000b874 (0x00000f17) auipc   t5, 0x0
core   0: 3 0x8000b874 (0x00000f17) x30 0x8000b874
core   0: 0x8000b878 (0x783f2623) sw      gp, 1932(t5)
core   0: 3 0x8000b878 (0x783f2623) mem 0x8000c000 0x00000001
core   0: 0x8000b87c (0x0000bfe5) c.j     pc - 8
core   0: 3 0x8000b87c (0xbfe5)
core   0: 0x8000b874 (0x00000f17) auipc   t5, 0x0
core   0: 3 0x8000b874 (0x00000f17) x30 0x8000b874
core   0: 0x8000b878 (0x783f2623) sw      gp, 1932(t5)
core   0: 3 0x8000b878 (0x783f2623) mem 0x8000c000 0x00000001
core   0: 0x8000b87c (0x0000bfe5) c.j     pc - 8
core   0: 3 0x8000b87c (0xbfe5)
core   0: 0x8000b874 (0x00000f17) auipc   t5, 0x0
core   0: 3 0x8000b874 (0x00000f17) x30 0x8000b874
core   0: 0x8000b878 (0x783f2623) sw      gp, 1932(t5)
core   0: 3 0x8000b878 (0x783f2623) mem 0x8000c000 0x00000001
core   0: 0x8000b87c (0x0000bfe5) c.j     pc - 8
core   0: 3 0x8000b87c (0xbfe5)
core   0: 0x8000b874 (0x00000f17) auipc   t5, 0x0
core   0: 3 0x8000b874 (0x00000f17) x30 0x8000b874
core   0: 0x8000b878 (0x783f2623) sw      gp, 1932(t5)
core   0: 3 0x8000b878 (0x783f2623) mem 0x8000c000 0x00000001
core   0: 0x8000b87c (0x0000bfe5) c.j     pc - 8
core   0: 3 0x8000b87c (0xbfe5)
core   0: 0x8000b874 (0x00000f17) auipc   t5, 0x0
core   0: 3 0x8000b874 (0x00000f17) x30 0x8000b874
core   0: 0x8000b878 (0x783f2623) sw      gp, 1932(t5)
core   0: 3 0x8000b878 (0x783f2623) mem 0x8000c000 0x00000001
core   0: 0x8000b87c (0x0000bfe5) c.j     pc - 8
core   0: 3 0x8000b87c (0xbfe5)
core   0: 0x8000b874 (0x00000f17) auipc   t5, 0x0
core   0: 3 0x8000b874 (0x00000f17) x30 0x8000b874
core   0: 0x8000b878 (0x783f2623) sw      gp, 1932(t5)
core   0: 3 0x8000b878 (0x783f2623) mem 0x8000c000 0x00000001
core   0: 0x8000b87c (0x0000bfe5) c.j     pc - 8
core   0: 3 0x8000b87c (0xbfe5)
core   0: 0x8000b874 (0x00000f17) auipc   t5, 0x0
core   0: 3 0x8000b874 (0x00000f17) x30 0x8000b874
core   0: 0x8000b878 (0x783f2623) sw      gp, 1932(t5)
core   0: 3 0x8000b878 (0x783f2623) mem 0x8000c000 0x00000001
core   0: 0x8000b87c (0x0000bfe5) c.j     pc - 8
core   0: 3 0x8000b87c (0xbfe5)
core   0: 0x8000b874 (0x00000f17) auipc   t5, 0x0
core   0: 3 0x8000b874 (0x00000f17) x30 0x8000b874
core   0: 0x8000b878 (0x783f2623) sw      gp, 1932(t5)
core   0: 3 0x8000b878 (0x783f2623) mem 0x8000c000 0x00000001
core   0: 0x8000b87c (0x0000bfe5) c.j     pc - 8
core   0: 3 0x8000b87c (0xbfe5)
core   0: 0x8000b874 (0x00000f17) auipc   t5, 0x0
core   0: 3 0x8000b874 (0x00000f17) x30 0x8000b874
core   0: 0x8000b878 (0x783f2623) sw      gp, 1932(t5)
core   0: 3 0x8000b878 (0x783f2623) mem 0x8000c000 0x00000001
core   0: 0x8000b87c (0x0000bfe5) c.j     pc - 8
core   0: 3 0x8000b87c (0xbfe5)
core   0: 0x8000b874 (0x00000f17) auipc   t5, 0x0
core   0: 3 0x8000b874 (0x00000f17) x30 0x8000b874
core   0: 0x8000b878 (0x783f2623) sw      gp, 1932(t5)
core   0: 3 0x8000b878 (0x783f2623) mem 0x8000c000 0x00000001
core   0: 0x8000b87c (0x0000bfe5) c.j     pc - 8
core   0: 3 0x8000b87c (0xbfe5)
core   0: 0x8000b874 (0x00000f17) auipc   t5, 0x0
core   0: 3 0x8000b874 (0x00000f17) x30 0x8000b874
core   0: 0x8000b878 (0x783f2623) sw      gp, 1932(t5)
core   0: 3 0x8000b878 (0x783f2623) mem 0x8000c000 0x00000001
core   0: 0x8000b87c (0x0000bfe5) c.j     pc - 8
core   0: 3 0x8000b87c (0xbfe5)
core   0: 0x8000b874 (0x00000f17) auipc   t5, 0x0
core   0: 3 0x8000b874 (0x00000f17) x30 0x8000b874
core   0: 0x8000b878 (0x783f2623) sw      gp, 1932(t5)
core   0: 3 0x8000b878 (0x783f2623) mem 0x8000c000 0x00000001
core   0: 0x8000b87c (0x0000bfe5) c.j     pc - 8
core   0: 3 0x8000b87c (0xbfe5)
core   0: 0x8000b874 (0x00000f17) auipc   t5, 0x0
core   0: 3 0x8000b874 (0x00000f17) x30 0x8000b874
core   0: 0x8000b878 (0x783f2623) sw      gp, 1932(t5)
core   0: 3 0x8000b878 (0x783f2623) mem 0x8000c000 0x00000001
core   0: 0x8000b87c (0x0000bfe5) c.j     pc - 8
core   0: 3 0x8000b87c (0xbfe5)
core   0: 0x8000b874 (0x00000f17) auipc   t5, 0x0
core   0: 3 0x8000b874 (0x00000f17) x30 0x8000b874
core   0: 0x8000b878 (0x783f2623) sw      gp, 1932(t5)
core   0: 3 0x8000b878 (0x783f2623) mem 0x8000c000 0x00000001
core   0: 0x8000b87c (0x0000bfe5) c.j     pc - 8
core   0: 3 0x8000b87c (0xbfe5)
core   0: 0x8000b874 (0x00000f17) auipc   t5, 0x0
core   0: 3 0x8000b874 (0x00000f17) x30 0x8000b874
core   0: 0x8000b878 (0x783f2623) sw      gp, 1932(t5)
core   0: 3 0x8000b878 (0x783f2623) mem 0x8000c000 0x00000001
core   0: 0x8000b87c (0x0000bfe5) c.j     pc - 8
core   0: 3 0x8000b87c (0xbfe5)
core   0: 0x8000b874 (0x00000f17) auipc   t5, 0x0
core   0: 3 0x8000b874 (0x00000f17) x30 0x8000b874
core   0: 0x8000b878 (0x783f2623) sw      gp, 1932(t5)
core   0: 3 0x8000b878 (0x783f2623) mem 0x8000c000 0x00000001
core   0: 0x8000b87c (0x0000bfe5) c.j     pc - 8
core   0: 3 0x8000b87c (0xbfe5)
core   0: 0x8000b874 (0x00000f17) auipc   t5, 0x0
core   0: 3 0x8000b874 (0x00000f17) x30 0x8000b874
core   0: 0x8000b878 (0x783f2623) sw      gp, 1932(t5)
core   0: 3 0x8000b878 (0x783f2623) mem 0x8000c000 0x00000001
core   0: 0x8000b87c (0x0000bfe5) c.j     pc - 8
core   0: 3 0x8000b87c (0xbfe5)
core   0: 0x8000b874 (0x00000f17) auipc   t5, 0x0
core   0: 3 0x8000b874 (0x00000f17) x30 0x8000b874
core   0: 0x8000b878 (0x783f2623) sw      gp, 1932(t5)
core   0: 3 0x8000b878 (0x783f2623) mem 0x8000c000 0x00000001
core   0: 0x8000b87c (0x0000bfe5) c.j     pc - 8
core   0: 3 0x8000b87c (0xbfe5)
core   0: 0x8000b874 (0x00000f17) auipc   t5, 0x0
core   0: 3 0x8000b874 (0x00000f17) x30 0x8000b874
core   0: 0x8000b878 (0x783f2623) sw      gp, 1932(t5)
core   0: 3 0x8000b878 (0x783f2623) mem 0x8000c000 0x00000001
core   0: 0x8000b87c (0x0000bfe5) c.j     pc - 8
core   0: 3 0x8000b87c (0xbfe5)
core   0: 0x8000b874 (0x00000f17) auipc   t5, 0x0
core   0: 3 0x8000b874 (0x00000f17) x30 0x8000b874
core   0: 0x8000b878 (0x783f2623) sw      gp, 1932(t5)
core   0: 3 0x8000b878 (0x783f2623) mem 0x8000c000 0x00000001
core   0: 0x8000b87c (0x0000bfe5) c.j     pc - 8
core   0: 3 0x8000b87c (0xbfe5)
core   0: 0x8000b874 (0x00000f17) auipc   t5, 0x0
core   0: 3 0x8000b874 (0x00000f17) x30 0x8000b874
core   0: 0x8000b878 (0x783f2623) sw      gp, 1932(t5)
core   0: 3 0x8000b878 (0x783f2623) mem 0x8000c000 0x00000001
core   0: 0x8000b87c (0x0000bfe5) c.j     pc - 8
core   0: 3 0x8000b87c (0xbfe5)
core   0: 0x8000b874 (0x00000f17) auipc   t5, 0x0
core   0: 3 0x8000b874 (0x00000f17) x30 0x8000b874
core   0: 0x8000b878 (0x783f2623) sw      gp, 1932(t5)
core   0: 3 0x8000b878 (0x783f2623) mem 0x8000c000 0x00000001
core   0: 0x8000b87c (0x0000bfe5) c.j     pc - 8
core   0: 3 0x8000b87c (0xbfe5)
core   0: 0x8000b874 (0x00000f17) auipc   t5, 0x0
core   0: 3 0x8000b874 (0x00000f17) x30 0x8000b874
core   0: 0x8000b878 (0x783f2623) sw      gp, 1932(t5)
core   0: 3 0x8000b878 (0x783f2623) mem 0x8000c000 0x00000001
core   0: 0x8000b87c (0x0000bfe5) c.j     pc - 8
core   0: 3 0x8000b87c (0xbfe5)
core   0: 0x8000b874 (0x00000f17) auipc   t5, 0x0
core   0: 3 0x8000b874 (0x00000f17) x30 0x8000b874
core   0: 0x8000b878 (0x783f2623) sw      gp, 1932(t5)
core   0: 3 0x8000b878 (0x783f2623) mem 0x8000c000 0x00000001
core   0: 0x8000b87c (0x0000bfe5) c.j     pc - 8
core   0: 3 0x8000b87c (0xbfe5)
core   0: 0x8000b874 (0x00000f17) auipc   t5, 0x0
core   0: 3 0x8000b874 (0x00000f17) x30 0x8000b874
core   0: 0x8000b878 (0x783f2623) sw      gp, 1932(t5)
core   0: 3 0x8000b878 (0x783f2623) mem 0x8000c000 0x00000001
core   0: 0x8000b87c (0x0000bfe5) c.j     pc - 8
core   0: 3 0x8000b87c (0xbfe5)
core   0: 0x8000b874 (0x00000f17) auipc   t5, 0x0
core   0: 3 0x8000b874 (0x00000f17) x30 0x8000b874
core   0: 0x8000b878 (0x783f2623) sw      gp, 1932(t5)
core   0: 3 0x8000b878 (0x783f2623) mem 0x8000c000 0x00000001
core   0: 0x8000b87c (0x0000bfe5) c.j     pc - 8
core   0: 3 0x8000b87c (0xbfe5)
core   0: 0x8000b874 (0x00000f17) auipc   t5, 0x0
core   0: 3 0x8000b874 (0x00000f17) x30 0x8000b874
core   0: 0x8000b878 (0x783f2623) sw      gp, 1932(t5)
core   0: 3 0x8000b878 (0x783f2623) mem 0x8000c000 0x00000001
core   0: 0x8000b87c (0x0000bfe5) c.j     pc - 8
core   0: 3 0x8000b87c (0xbfe5)
core   0: 0x8000b874 (0x00000f17) auipc   t5, 0x0
core   0: 3 0x8000b874 (0x00000f17) x30 0x8000b874
core   0: 0x8000b878 (0x783f2623) sw      gp, 1932(t5)
core   0: 3 0x8000b878 (0x783f2623) mem 0x8000c000 0x00000001
core   0: 0x8000b87c (0x0000bfe5) c.j     pc - 8
core   0: 3 0x8000b87c (0xbfe5)
core   0: 0x8000b874 (0x00000f17) auipc   t5, 0x0
core   0: 3 0x8000b874 (0x00000f17) x30 0x8000b874
core   0: 0x8000b878 (0x783f2623) sw      gp, 1932(t5)
core   0: 3 0x8000b878 (0x783f2623) mem 0x8000c000 0x00000001
core   0: 0x8000b87c (0x0000bfe5) c.j     pc - 8
core   0: 3 0x8000b87c (0xbfe5)
core   0: 0x8000b874 (0x00000f17) auipc   t5, 0x0
core   0: 3 0x8000b874 (0x00000f17) x30 0x8000b874
core   0: 0x8000b878 (0x783f2623) sw      gp, 1932(t5)
core   0: 3 0x8000b878 (0x783f2623) mem 0x8000c000 0x00000001
core   0: 0x8000b87c (0x0000bfe5) c.j     pc - 8
core   0: 3 0x8000b87c (0xbfe5)
core   0: 0x8000b874 (0x00000f17) auipc   t5, 0x0
core   0: 3 0x8000b874 (0x00000f17) x30 0x8000b874
core   0: 0x8000b878 (0x783f2623) sw      gp, 1932(t5)
core   0: 3 0x8000b878 (0x783f2623) mem 0x8000c000 0x00000001
core   0: 0x8000b87c (0x0000bfe5) c.j     pc - 8
core   0: 3 0x8000b87c (0xbfe5)
core   0: 0x8000b874 (0x00000f17) auipc   t5, 0x0
core   0: 3 0x8000b874 (0x00000f17) x30 0x8000b874
core   0: 0x8000b878 (0x783f2623) sw      gp, 1932(t5)
core   0: 3 0x8000b878 (0x783f2623) mem 0x8000c000 0x00000001
core   0: 0x8000b87c (0x0000bfe5) c.j     pc - 8
core   0: 3 0x8000b87c (0xbfe5)
core   0: 0x8000b874 (0x00000f17) auipc   t5, 0x0
core   0: 3 0x8000b874 (0x00000f17) x30 0x8000b874
core   0: 0x8000b878 (0x783f2623) sw      gp, 1932(t5)
core   0: 3 0x8000b878 (0x783f2623) mem 0x8000c000 0x00000001
core   0: 0x8000b87c (0x0000bfe5) c.j     pc - 8
core   0: 3 0x8000b87c (0xbfe5)
core   0: 0x8000b874 (0x00000f17) auipc   t5, 0x0
core   0: 3 0x8000b874 (0x00000f17) x30 0x8000b874
core   0: 0x8000b878 (0x783f2623) sw      gp, 1932(t5)
core   0: 3 0x8000b878 (0x783f2623) mem 0x8000c000 0x00000001
core   0: 0x8000b87c (0x0000bfe5) c.j     pc - 8
core   0: 3 0x8000b87c (0xbfe5)
core   0: 0x8000b874 (0x00000f17) auipc   t5, 0x0
core   0: 3 0x8000b874 (0x00000f17) x30 0x8000b874
core   0: 0x8000b878 (0x783f2623) sw      gp, 1932(t5)
core   0: 3 0x8000b878 (0x783f2623) mem 0x8000c000 0x00000001
core   0: 0x8000b87c (0x0000bfe5) c.j     pc - 8
core   0: 3 0x8000b87c (0xbfe5)
core   0: 0x8000b874 (0x00000f17) auipc   t5, 0x0
core   0: 3 0x8000b874 (0x00000f17) x30 0x8000b874
core   0: 0x8000b878 (0x783f2623) sw      gp, 1932(t5)
core   0: 3 0x8000b878 (0x783f2623) mem 0x8000c000 0x00000001
core   0: 0x8000b87c (0x0000bfe5) c.j     pc - 8
core   0: 3 0x8000b87c (0xbfe5)
core   0: 0x8000b874 (0x00000f17) auipc   t5, 0x0
core   0: 3 0x8000b874 (0x00000f17) x30 0x8000b874
core   0: 0x8000b878 (0x783f2623) sw      gp, 1932(t5)
core   0: 3 0x8000b878 (0x783f2623) mem 0x8000c000 0x00000001
core   0: 0x8000b87c (0x0000bfe5) c.j     pc - 8
core   0: 3 0x8000b87c (0xbfe5)
core   0: 0x8000b874 (0x00000f17) auipc   t5, 0x0
core   0: 3 0x8000b874 (0x00000f17) x30 0x8000b874
core   0: 0x8000b878 (0x783f2623) sw      gp, 1932(t5)
core   0: 3 0x8000b878 (0x783f2623) mem 0x8000c000 0x00000001
core   0: 0x8000b87c (0x0000bfe5) c.j     pc - 8
core   0: 3 0x8000b87c (0xbfe5)
core   0: 0x8000b874 (0x00000f17) auipc   t5, 0x0
core   0: 3 0x8000b874 (0x00000f17) x30 0x8000b874
core   0: 0x8000b878 (0x783f2623) sw      gp, 1932(t5)
core   0: 3 0x8000b878 (0x783f2623) mem 0x8000c000 0x00000001
core   0: 0x8000b87c (0x0000bfe5) c.j     pc - 8
core   0: 3 0x8000b87c (0xbfe5)
core   0: 0x8000b874 (0x00000f17) auipc   t5, 0x0
core   0: 3 0x8000b874 (0x00000f17) x30 0x8000b874
core   0: 0x8000b878 (0x783f2623) sw      gp, 1932(t5)
core   0: 3 0x8000b878 (0x783f2623) mem 0x8000c000 0x00000001
core   0: 0x8000b87c (0x0000bfe5) c.j     pc - 8
core   0: 3 0x8000b87c (0xbfe5)
core   0: 0x8000b874 (0x00000f17) auipc   t5, 0x0
core   0: 3 0x8000b874 (0x00000f17) x30 0x8000b874
core   0: 0x8000b878 (0x783f2623) sw      gp, 1932(t5)
core   0: 3 0x8000b878 (0x783f2623) mem 0x8000c000 0x00000001
core   0: 0x8000b87c (0x0000bfe5) c.j     pc - 8
core   0: 3 0x8000b87c (0xbfe5)
core   0: 0x8000b874 (0x00000f17) auipc   t5, 0x0
core   0: 3 0x8000b874 (0x00000f17) x30 0x8000b874
core   0: 0x8000b878 (0x783f2623) sw      gp, 1932(t5)
core   0: 3 0x8000b878 (0x783f2623) mem 0x8000c000 0x00000001
core   0: 0x8000b87c (0x0000bfe5) c.j     pc - 8
core   0: 3 0x8000b87c (0xbfe5)
core   0: 0x8000b874 (0x00000f17) auipc   t5, 0x0
core   0: 3 0x8000b874 (0x00000f17) x30 0x8000b874
core   0: 0x8000b878 (0x783f2623) sw      gp, 1932(t5)
core   0: 3 0x8000b878 (0x783f2623) mem 0x8000c000 0x00000001
core   0: 0x8000b87c (0x0000bfe5) c.j     pc - 8
core   0: 3 0x8000b87c (0xbfe5)
core   0: 0x8000b874 (0x00000f17) auipc   t5, 0x0
core   0: 3 0x8000b874 (0x00000f17) x30 0x8000b874
core   0: 0x8000b878 (0x783f2623) sw      gp, 1932(t5)
core   0: 3 0x8000b878 (0x783f2623) mem 0x8000c000 0x00000001
core   0: 0x8000b87c (0x0000bfe5) c.j     pc - 8
core   0: 3 0x8000b87c (0xbfe5)
core   0: 0x8000b874 (0x00000f17) auipc   t5, 0x0
core   0: 3 0x8000b874 (0x00000f17) x30 0x8000b874
core   0: 0x8000b878 (0x783f2623) sw      gp, 1932(t5)
core   0: 3 0x8000b878 (0x783f2623) mem 0x8000c000 0x00000001
core   0: 0x8000b87c (0x0000bfe5) c.j     pc - 8
core   0: 3 0x8000b87c (0xbfe5)
core   0: 0x8000b874 (0x00000f17) auipc   t5, 0x0
core   0: 3 0x8000b874 (0x00000f17) x30 0x8000b874
core   0: 0x8000b878 (0x783f2623) sw      gp, 1932(t5)
core   0: 3 0x8000b878 (0x783f2623) mem 0x8000c000 0x00000001
core   0: 0x8000b87c (0x0000bfe5) c.j     pc - 8
core   0: 3 0x8000b87c (0xbfe5)
core   0: 0x8000b874 (0x00000f17) auipc   t5, 0x0
core   0: 3 0x8000b874 (0x00000f17) x30 0x8000b874
core   0: 0x8000b878 (0x783f2623) sw      gp, 1932(t5)
core   0: 3 0x8000b878 (0x783f2623) mem 0x8000c000 0x00000001
core   0: 0x8000b87c (0x0000bfe5) c.j     pc - 8
core   0: 3 0x8000b87c (0xbfe5)
core   0: 0x8000b874 (0x00000f17) auipc   t5, 0x0
core   0: 3 0x8000b874 (0x00000f17) x30 0x8000b874
core   0: 0x8000b878 (0x783f2623) sw      gp, 1932(t5)
core   0: 3 0x8000b878 (0x783f2623) mem 0x8000c000 0x00000001
core   0: 0x8000b87c (0x0000bfe5) c.j     pc - 8
core   0: 3 0x8000b87c (0xbfe5)
core   0: 0x8000b874 (0x00000f17) auipc   t5, 0x0
core   0: 3 0x8000b874 (0x00000f17) x30 0x8000b874
core   0: 0x8000b878 (0x783f2623) sw      gp, 1932(t5)
core   0: 3 0x8000b878 (0x783f2623) mem 0x8000c000 0x00000001
core   0: 0x8000b87c (0x0000bfe5) c.j     pc - 8
core   0: 3 0x8000b87c (0xbfe5)
core   0: 0x8000b874 (0x00000f17) auipc   t5, 0x0
core   0: 3 0x8000b874 (0x00000f17) x30 0x8000b874
core   0: 0x8000b878 (0x783f2623) sw      gp, 1932(t5)
core   0: 3 0x8000b878 (0x783f2623) mem 0x8000c000 0x00000001
core   0: 0x8000b87c (0x0000bfe5) c.j     pc - 8
core   0: 3 0x8000b87c (0xbfe5)
core   0: 0x8000b874 (0x00000f17) auipc   t5, 0x0
core   0: 3 0x8000b874 (0x00000f17) x30 0x8000b874
core   0: 0x8000b878 (0x783f2623) sw      gp, 1932(t5)
core   0: 3 0x8000b878 (0x783f2623) mem 0x8000c000 0x00000001
core   0: 0x8000b87c (0x0000bfe5) c.j     pc - 8
core   0: 3 0x8000b87c (0xbfe5)
core   0: 0x8000b874 (0x00000f17) auipc   t5, 0x0
core   0: 3 0x8000b874 (0x00000f17) x30 0x8000b874
core   0: 0x8000b878 (0x783f2623) sw      gp, 1932(t5)
core   0: 3 0x8000b878 (0x783f2623) mem 0x8000c000 0x00000001
core   0: 0x8000b87c (0x0000bfe5) c.j     pc - 8
core   0: 3 0x8000b87c (0xbfe5)
core   0: 0x8000b874 (0x00000f17) auipc   t5, 0x0
core   0: 3 0x8000b874 (0x00000f17) x30 0x8000b874
core   0: 0x8000b878 (0x783f2623) sw      gp, 1932(t5)
core   0: 3 0x8000b878 (0x783f2623) mem 0x8000c000 0x00000001
core   0: 0x8000b87c (0x0000bfe5) c.j     pc - 8
core   0: 3 0x8000b87c (0xbfe5)
core   0: 0x8000b874 (0x00000f17) auipc   t5, 0x0
core   0: 3 0x8000b874 (0x00000f17) x30 0x8000b874
core   0: 0x8000b878 (0x783f2623) sw      gp, 1932(t5)
core   0: 3 0x8000b878 (0x783f2623) mem 0x8000c000 0x00000001
core   0: 0x8000b87c (0x0000bfe5) c.j     pc - 8
core   0: 3 0x8000b87c (0xbfe5)
core   0: 0x8000b874 (0x00000f17) auipc   t5, 0x0
core   0: 3 0x8000b874 (0x00000f17) x30 0x8000b874
core   0: 0x8000b878 (0x783f2623) sw      gp, 1932(t5)
core   0: 3 0x8000b878 (0x783f2623) mem 0x8000c000 0x00000001
core   0: 0x8000b87c (0x0000bfe5) c.j     pc - 8
core   0: 3 0x8000b87c (0xbfe5)
core   0: 0x8000b874 (0x00000f17) auipc   t5, 0x0
core   0: 3 0x8000b874 (0x00000f17) x30 0x8000b874
core   0: 0x8000b878 (0x783f2623) sw      gp, 1932(t5)
core   0: 3 0x8000b878 (0x783f2623) mem 0x8000c000 0x00000001
core   0: 0x8000b87c (0x0000bfe5) c.j     pc - 8
core   0: 3 0x8000b87c (0xbfe5)
core   0: 0x8000b874 (0x00000f17) auipc   t5, 0x0
core   0: 3 0x8000b874 (0x00000f17) x30 0x8000b874
core   0: 0x8000b878 (0x783f2623) sw      gp, 1932(t5)
core   0: 3 0x8000b878 (0x783f2623) mem 0x8000c000 0x00000001
core   0: 0x8000b87c (0x0000bfe5) c.j     pc - 8
core   0: 3 0x8000b87c (0xbfe5)
core   0: 0x8000b874 (0x00000f17) auipc   t5, 0x0
core   0: 3 0x8000b874 (0x00000f17) x30 0x8000b874
core   0: 0x8000b878 (0x783f2623) sw      gp, 1932(t5)
core   0: 3 0x8000b878 (0x783f2623) mem 0x8000c000 0x00000001
core   0: 0x8000b87c (0x0000bfe5) c.j     pc - 8
core   0: 3 0x8000b87c (0xbfe5)
core   0: 0x8000b874 (0x00000f17) auipc   t5, 0x0
core   0: 3 0x8000b874 (0x00000f17) x30 0x8000b874
core   0: 0x8000b878 (0x783f2623) sw      gp, 1932(t5)
core   0: 3 0x8000b878 (0x783f2623) mem 0x8000c000 0x00000001
core   0: 0x8000b87c (0x0000bfe5) c.j     pc - 8
core   0: 3 0x8000b87c (0xbfe5)
core   0: 0x8000b874 (0x00000f17) auipc   t5, 0x0
core   0: 3 0x8000b874 (0x00000f17) x30 0x8000b874
core   0: 0x8000b878 (0x783f2623) sw      gp, 1932(t5)
core   0: 3 0x8000b878 (0x783f2623) mem 0x8000c000 0x00000001
core   0: 0x8000b87c (0x0000bfe5) c.j     pc - 8
core   0: 3 0x8000b87c (0xbfe5)
core   0: 0x8000b874 (0x00000f17) auipc   t5, 0x0
core   0: 3 0x8000b874 (0x00000f17) x30 0x8000b874
core   0: 0x8000b878 (0x783f2623) sw      gp, 1932(t5)
core   0: 3 0x8000b878 (0x783f2623) mem 0x8000c000 0x00000001
core   0: 0x8000b87c (0x0000bfe5) c.j     pc - 8
core   0: 3 0x8000b87c (0xbfe5)
core   0: 0x8000b874 (0x00000f17) auipc   t5, 0x0
core   0: 3 0x8000b874 (0x00000f17) x30 0x8000b874
core   0: 0x8000b878 (0x783f2623) sw      gp, 1932(t5)
core   0: 3 0x8000b878 (0x783f2623) mem 0x8000c000 0x00000001
core   0: 0x8000b87c (0x0000bfe5) c.j     pc - 8
core   0: 3 0x8000b87c (0xbfe5)
core   0: 0x8000b874 (0x00000f17) auipc   t5, 0x0
core   0: 3 0x8000b874 (0x00000f17) x30 0x8000b874
core   0: 0x8000b878 (0x783f2623) sw      gp, 1932(t5)
core   0: 3 0x8000b878 (0x783f2623) mem 0x8000c000 0x00000001
core   0: 0x8000b87c (0x0000bfe5) c.j     pc - 8
core   0: 3 0x8000b87c (0xbfe5)
core   0: 0x8000b874 (0x00000f17) auipc   t5, 0x0
core   0: 3 0x8000b874 (0x00000f17) x30 0x8000b874
core   0: 0x8000b878 (0x783f2623) sw      gp, 1932(t5)
core   0: 3 0x8000b878 (0x783f2623) mem 0x8000c000 0x00000001
core   0: 0x8000b87c (0x0000bfe5) c.j     pc - 8
core   0: 3 0x8000b87c (0xbfe5)
core   0: 0x8000b874 (0x00000f17) auipc   t5, 0x0
core   0: 3 0x8000b874 (0x00000f17) x30 0x8000b874
core   0: 0x8000b878 (0x783f2623) sw      gp, 1932(t5)
core   0: 3 0x8000b878 (0x783f2623) mem 0x8000c000 0x00000001
core   0: 0x8000b87c (0x0000bfe5) c.j     pc - 8
core   0: 3 0x8000b87c (0xbfe5)
core   0: 0x8000b874 (0x00000f17) auipc   t5, 0x0
core   0: 3 0x8000b874 (0x00000f17) x30 0x8000b874
core   0: 0x8000b878 (0x783f2623) sw      gp, 1932(t5)
core   0: 3 0x8000b878 (0x783f2623) mem 0x8000c000 0x00000001
core   0: 0x8000b87c (0x0000bfe5) c.j     pc - 8
core   0: 3 0x8000b87c (0xbfe5)
core   0: 0x8000b874 (0x00000f17) auipc   t5, 0x0
core   0: 3 0x8000b874 (0x00000f17) x30 0x8000b874
core   0: 0x8000b878 (0x783f2623) sw      gp, 1932(t5)
core   0: 3 0x8000b878 (0x783f2623) mem 0x8000c000 0x00000001
core   0: 0x8000b87c (0x0000bfe5) c.j     pc - 8
core   0: 3 0x8000b87c (0xbfe5)
core   0: 0x8000b874 (0x00000f17) auipc   t5, 0x0
core   0: 3 0x8000b874 (0x00000f17) x30 0x8000b874
core   0: 0x8000b878 (0x783f2623) sw      gp, 1932(t5)
core   0: 3 0x8000b878 (0x783f2623) mem 0x8000c000 0x00000001
core   0: 0x8000b87c (0x0000bfe5) c.j     pc - 8
core   0: 3 0x8000b87c (0xbfe5)
core   0: 0x8000b874 (0x00000f17) auipc   t5, 0x0
core   0: 3 0x8000b874 (0x00000f17) x30 0x8000b874
core   0: 0x8000b878 (0x783f2623) sw      gp, 1932(t5)
core   0: 3 0x8000b878 (0x783f2623) mem 0x8000c000 0x00000001
core   0: 0x8000b87c (0x0000bfe5) c.j     pc - 8
core   0: 3 0x8000b87c (0xbfe5)
core   0: 0x8000b874 (0x00000f17) auipc   t5, 0x0
core   0: 3 0x8000b874 (0x00000f17) x30 0x8000b874
core   0: 0x8000b878 (0x783f2623) sw      gp, 1932(t5)
core   0: 3 0x8000b878 (0x783f2623) mem 0x8000c000 0x00000001
core   0: 0x8000b87c (0x0000bfe5) c.j     pc - 8
core   0: 3 0x8000b87c (0xbfe5)
core   0: 0x8000b874 (0x00000f17) auipc   t5, 0x0
core   0: 3 0x8000b874 (0x00000f17) x30 0x8000b874
core   0: 0x8000b878 (0x783f2623) sw      gp, 1932(t5)
core   0: 3 0x8000b878 (0x783f2623) mem 0x8000c000 0x00000001
core   0: 0x8000b87c (0x0000bfe5) c.j     pc - 8
core   0: 3 0x8000b87c (0xbfe5)
core   0: 0x8000b874 (0x00000f17) auipc   t5, 0x0
core   0: 3 0x8000b874 (0x00000f17) x30 0x8000b874
core   0: 0x8000b878 (0x783f2623) sw      gp, 1932(t5)
core   0: 3 0x8000b878 (0x783f2623) mem 0x8000c000 0x00000001
core   0: 0x8000b87c (0x0000bfe5) c.j     pc - 8
core   0: 3 0x8000b87c (0xbfe5)
core   0: 0x8000b874 (0x00000f17) auipc   t5, 0x0
core   0: 3 0x8000b874 (0x00000f17) x30 0x8000b874
core   0: 0x8000b878 (0x783f2623) sw      gp, 1932(t5)
core   0: 3 0x8000b878 (0x783f2623) mem 0x8000c000 0x00000001
core   0: 0x8000b87c (0x0000bfe5) c.j     pc - 8
core   0: 3 0x8000b87c (0xbfe5)
core   0: 0x8000b874 (0x00000f17) auipc   t5, 0x0
core   0: 3 0x8000b874 (0x00000f17) x30 0x8000b874
core   0: 0x8000b878 (0x783f2623) sw      gp, 1932(t5)
core   0: 3 0x8000b878 (0x783f2623) mem 0x8000c000 0x00000001
core   0: 0x8000b87c (0x0000bfe5) c.j     pc - 8
core   0: 3 0x8000b87c (0xbfe5)
core   0: 0x8000b874 (0x00000f17) auipc   t5, 0x0
core   0: 3 0x8000b874 (0x00000f17) x30 0x8000b874
core   0: 0x8000b878 (0x783f2623) sw      gp, 1932(t5)
core   0: 3 0x8000b878 (0x783f2623) mem 0x8000c000 0x00000001
core   0: 0x8000b87c (0x0000bfe5) c.j     pc - 8
core   0: 3 0x8000b87c (0xbfe5)
core   0: 0x8000b874 (0x00000f17) auipc   t5, 0x0
core   0: 3 0x8000b874 (0x00000f17) x30 0x8000b874
core   0: 0x8000b878 (0x783f2623) sw      gp, 1932(t5)
core   0: 3 0x8000b878 (0x783f2623) mem 0x8000c000 0x00000001
core   0: 0x8000b87c (0x0000bfe5) c.j     pc - 8
core   0: 3 0x8000b87c (0xbfe5)
core   0: 0x8000b874 (0x00000f17) auipc   t5, 0x0
core   0: 3 0x8000b874 (0x00000f17) x30 0x8000b874
core   0: 0x8000b878 (0x783f2623) sw      gp, 1932(t5)
core   0: 3 0x8000b878 (0x783f2623) mem 0x8000c000 0x00000001
core   0: 0x8000b87c (0x0000bfe5) c.j     pc - 8
core   0: 3 0x8000b87c (0xbfe5)
core   0: 0x8000b874 (0x00000f17) auipc   t5, 0x0
core   0: 3 0x8000b874 (0x00000f17) x30 0x8000b874
core   0: 0x8000b878 (0x783f2623) sw      gp, 1932(t5)
core   0: 3 0x8000b878 (0x783f2623) mem 0x8000c000 0x00000001
core   0: 0x8000b87c (0x0000bfe5) c.j     pc - 8
core   0: 3 0x8000b87c (0xbfe5)
core   0: 0x8000b874 (0x00000f17) auipc   t5, 0x0
core   0: 3 0x8000b874 (0x00000f17) x30 0x8000b874
core   0: 0x8000b878 (0x783f2623) sw      gp, 1932(t5)
core   0: 3 0x8000b878 (0x783f2623) mem 0x8000c000 0x00000001
core   0: 0x8000b87c (0x0000bfe5) c.j     pc - 8
core   0: 3 0x8000b87c (0xbfe5)
core   0: 0x8000b874 (0x00000f17) auipc   t5, 0x0
core   0: 3 0x8000b874 (0x00000f17) x30 0x8000b874
core   0: 0x8000b878 (0x783f2623) sw      gp, 1932(t5)
core   0: 3 0x8000b878 (0x783f2623) mem 0x8000c000 0x00000001
core   0: 0x8000b87c (0x0000bfe5) c.j     pc - 8
core   0: 3 0x8000b87c (0xbfe5)
core   0: 0x8000b874 (0x00000f17) auipc   t5, 0x0
core   0: 3 0x8000b874 (0x00000f17) x30 0x8000b874
core   0: 0x8000b878 (0x783f2623) sw      gp, 1932(t5)
core   0: 3 0x8000b878 (0x783f2623) mem 0x8000c000 0x00000001
core   0: 0x8000b87c (0x0000bfe5) c.j     pc - 8
core   0: 3 0x8000b87c (0xbfe5)
core   0: 0x8000b874 (0x00000f17) auipc   t5, 0x0
core   0: 3 0x8000b874 (0x00000f17) x30 0x8000b874
core   0: 0x8000b878 (0x783f2623) sw      gp, 1932(t5)
core   0: 3 0x8000b878 (0x783f2623) mem 0x8000c000 0x00000001
core   0: 0x8000b87c (0x0000bfe5) c.j     pc - 8
core   0: 3 0x8000b87c (0xbfe5)
core   0: 0x8000b874 (0x00000f17) auipc   t5, 0x0
core   0: 3 0x8000b874 (0x00000f17) x30 0x8000b874
core   0: 0x8000b878 (0x783f2623) sw      gp, 1932(t5)
core   0: 3 0x8000b878 (0x783f2623) mem 0x8000c000 0x00000001
core   0: 0x8000b87c (0x0000bfe5) c.j     pc - 8
core   0: 3 0x8000b87c (0xbfe5)
core   0: 0x8000b874 (0x00000f17) auipc   t5, 0x0
core   0: 3 0x8000b874 (0x00000f17) x30 0x8000b874
core   0: 0x8000b878 (0x783f2623) sw      gp, 1932(t5)
core   0: 3 0x8000b878 (0x783f2623) mem 0x8000c000 0x00000001
core   0: 0x8000b87c (0x0000bfe5) c.j     pc - 8
core   0: 3 0x8000b87c (0xbfe5)
core   0: 0x8000b874 (0x00000f17) auipc   t5, 0x0
core   0: 3 0x8000b874 (0x00000f17) x30 0x8000b874
core   0: 0x8000b878 (0x783f2623) sw      gp, 1932(t5)
core   0: 3 0x8000b878 (0x783f2623) mem 0x8000c000 0x00000001
core   0: 0x8000b87c (0x0000bfe5) c.j     pc - 8
core   0: 3 0x8000b87c (0xbfe5)
core   0: 0x8000b874 (0x00000f17) auipc   t5, 0x0
core   0: 3 0x8000b874 (0x00000f17) x30 0x8000b874
core   0: 0x8000b878 (0x783f2623) sw      gp, 1932(t5)
core   0: 3 0x8000b878 (0x783f2623) mem 0x8000c000 0x00000001
core   0: 0x8000b87c (0x0000bfe5) c.j     pc - 8
core   0: 3 0x8000b87c (0xbfe5)
core   0: 0x8000b874 (0x00000f17) auipc   t5, 0x0
core   0: 3 0x8000b874 (0x00000f17) x30 0x8000b874
core   0: 0x8000b878 (0x783f2623) sw      gp, 1932(t5)
core   0: 3 0x8000b878 (0x783f2623) mem 0x8000c000 0x00000001
core   0: 0x8000b87c (0x0000bfe5) c.j     pc - 8
core   0: 3 0x8000b87c (0xbfe5)
core   0: 0x8000b874 (0x00000f17) auipc   t5, 0x0
core   0: 3 0x8000b874 (0x00000f17) x30 0x8000b874
core   0: 0x8000b878 (0x783f2623) sw      gp, 1932(t5)
core   0: 3 0x8000b878 (0x783f2623) mem 0x8000c000 0x00000001
core   0: 0x8000b87c (0x0000bfe5) c.j     pc - 8
core   0: 3 0x8000b87c (0xbfe5)
core   0: 0x8000b874 (0x00000f17) auipc   t5, 0x0
core   0: 3 0x8000b874 (0x00000f17) x30 0x8000b874
core   0: 0x8000b878 (0x783f2623) sw      gp, 1932(t5)
core   0: 3 0x8000b878 (0x783f2623) mem 0x8000c000 0x00000001
core   0: 0x8000b87c (0x0000bfe5) c.j     pc - 8
core   0: 3 0x8000b87c (0xbfe5)
core   0: 0x8000b874 (0x00000f17) auipc   t5, 0x0
core   0: 3 0x8000b874 (0x00000f17) x30 0x8000b874
core   0: 0x8000b878 (0x783f2623) sw      gp, 1932(t5)
core   0: 3 0x8000b878 (0x783f2623) mem 0x8000c000 0x00000001
core   0: 0x8000b87c (0x0000bfe5) c.j     pc - 8
core   0: 3 0x8000b87c (0xbfe5)
core   0: 0x8000b874 (0x00000f17) auipc   t5, 0x0
core   0: 3 0x8000b874 (0x00000f17) x30 0x8000b874
core   0: 0x8000b878 (0x783f2623) sw      gp, 1932(t5)
core   0: 3 0x8000b878 (0x783f2623) mem 0x8000c000 0x00000001
core   0: 0x8000b87c (0x0000bfe5) c.j     pc - 8
core   0: 3 0x8000b87c (0xbfe5)
core   0: 0x8000b874 (0x00000f17) auipc   t5, 0x0
core   0: 3 0x8000b874 (0x00000f17) x30 0x8000b874
core   0: 0x8000b878 (0x783f2623) sw      gp, 1932(t5)
core   0: 3 0x8000b878 (0x783f2623) mem 0x8000c000 0x00000001
core   0: 0x8000b87c (0x0000bfe5) c.j     pc - 8
core   0: 3 0x8000b87c (0xbfe5)
core   0: 0x8000b874 (0x00000f17) auipc   t5, 0x0
core   0: 3 0x8000b874 (0x00000f17) x30 0x8000b874
core   0: 0x8000b878 (0x783f2623) sw      gp, 1932(t5)
core   0: 3 0x8000b878 (0x783f2623) mem 0x8000c000 0x00000001
core   0: 0x8000b87c (0x0000bfe5) c.j     pc - 8
core   0: 3 0x8000b87c (0xbfe5)
core   0: 0x8000b874 (0x00000f17) auipc   t5, 0x0
core   0: 3 0x8000b874 (0x00000f17) x30 0x8000b874
core   0: 0x8000b878 (0x783f2623) sw      gp, 1932(t5)
core   0: 3 0x8000b878 (0x783f2623) mem 0x8000c000 0x00000001
core   0: 0x8000b87c (0x0000bfe5) c.j     pc - 8
core   0: 3 0x8000b87c (0xbfe5)
core   0: 0x8000b874 (0x00000f17) auipc   t5, 0x0
core   0: 3 0x8000b874 (0x00000f17) x30 0x8000b874
core   0: 0x8000b878 (0x783f2623) sw      gp, 1932(t5)
core   0: 3 0x8000b878 (0x783f2623) mem 0x8000c000 0x00000001
core   0: 0x8000b87c (0x0000bfe5) c.j     pc - 8
core   0: 3 0x8000b87c (0xbfe5)
core   0: 0x8000b874 (0x00000f17) auipc   t5, 0x0
core   0: 3 0x8000b874 (0x00000f17) x30 0x8000b874
core   0: 0x8000b878 (0x783f2623) sw      gp, 1932(t5)
core   0: 3 0x8000b878 (0x783f2623) mem 0x8000c000 0x00000001
core   0: 0x8000b87c (0x0000bfe5) c.j     pc - 8
core   0: 3 0x8000b87c (0xbfe5)
core   0: 0x8000b874 (0x00000f17) auipc   t5, 0x0
core   0: 3 0x8000b874 (0x00000f17) x30 0x8000b874
core   0: 0x8000b878 (0x783f2623) sw      gp, 1932(t5)
core   0: 3 0x8000b878 (0x783f2623) mem 0x8000c000 0x00000001
core   0: 0x8000b87c (0x0000bfe5) c.j     pc - 8
core   0: 3 0x8000b87c (0xbfe5)
core   0: 0x8000b874 (0x00000f17) auipc   t5, 0x0
core   0: 3 0x8000b874 (0x00000f17) x30 0x8000b874
core   0: 0x8000b878 (0x783f2623) sw      gp, 1932(t5)
core   0: 3 0x8000b878 (0x783f2623) mem 0x8000c000 0x00000001
core   0: 0x8000b87c (0x0000bfe5) c.j     pc - 8
core   0: 3 0x8000b87c (0xbfe5)
core   0: 0x8000b874 (0x00000f17) auipc   t5, 0x0
core   0: 3 0x8000b874 (0x00000f17) x30 0x8000b874
core   0: 0x8000b878 (0x783f2623) sw      gp, 1932(t5)
core   0: 3 0x8000b878 (0x783f2623) mem 0x8000c000 0x00000001
core   0: 0x8000b87c (0x0000bfe5) c.j     pc - 8
core   0: 3 0x8000b87c (0xbfe5)
core   0: 0x8000b874 (0x00000f17) auipc   t5, 0x0
core   0: 3 0x8000b874 (0x00000f17) x30 0x8000b874
core   0: 0x8000b878 (0x783f2623) sw      gp, 1932(t5)
core   0: 3 0x8000b878 (0x783f2623) mem 0x8000c000 0x00000001
core   0: 0x8000b87c (0x0000bfe5) c.j     pc - 8
core   0: 3 0x8000b87c (0xbfe5)
core   0: 0x8000b874 (0x00000f17) auipc   t5, 0x0
core   0: 3 0x8000b874 (0x00000f17) x30 0x8000b874
core   0: 0x8000b878 (0x783f2623) sw      gp, 1932(t5)
core   0: 3 0x8000b878 (0x783f2623) mem 0x8000c000 0x00000001
core   0: 0x8000b87c (0x0000bfe5) c.j     pc - 8
core   0: 3 0x8000b87c (0xbfe5)
core   0: 0x8000b874 (0x00000f17) auipc   t5, 0x0
core   0: 3 0x8000b874 (0x00000f17) x30 0x8000b874
core   0: 0x8000b878 (0x783f2623) sw      gp, 1932(t5)
core   0: 3 0x8000b878 (0x783f2623) mem 0x8000c000 0x00000001
core   0: 0x8000b87c (0x0000bfe5) c.j     pc - 8
core   0: 3 0x8000b87c (0xbfe5)
core   0: 0x8000b874 (0x00000f17) auipc   t5, 0x0
core   0: 3 0x8000b874 (0x00000f17) x30 0x8000b874
core   0: 0x8000b878 (0x783f2623) sw      gp, 1932(t5)
core   0: 3 0x8000b878 (0x783f2623) mem 0x8000c000 0x00000001
core   0: 0x8000b87c (0x0000bfe5) c.j     pc - 8
core   0: 3 0x8000b87c (0xbfe5)
core   0: 0x8000b874 (0x00000f17) auipc   t5, 0x0
core   0: 3 0x8000b874 (0x00000f17) x30 0x8000b874
core   0: 0x8000b878 (0x783f2623) sw      gp, 1932(t5)
core   0: 3 0x8000b878 (0x783f2623) mem 0x8000c000 0x00000001
core   0: 0x8000b87c (0x0000bfe5) c.j     pc - 8
core   0: 3 0x8000b87c (0xbfe5)
core   0: 0x8000b874 (0x00000f17) auipc   t5, 0x0
core   0: 3 0x8000b874 (0x00000f17) x30 0x8000b874
core   0: 0x8000b878 (0x783f2623) sw      gp, 1932(t5)
core   0: 3 0x8000b878 (0x783f2623) mem 0x8000c000 0x00000001
core   0: 0x8000b87c (0x0000bfe5) c.j     pc - 8
core   0: 3 0x8000b87c (0xbfe5)
core   0: 0x8000b874 (0x00000f17) auipc   t5, 0x0
core   0: 3 0x8000b874 (0x00000f17) x30 0x8000b874
core   0: 0x8000b878 (0x783f2623) sw      gp, 1932(t5)
core   0: 3 0x8000b878 (0x783f2623) mem 0x8000c000 0x00000001
core   0: 0x8000b87c (0x0000bfe5) c.j     pc - 8
core   0: 3 0x8000b87c (0xbfe5)
core   0: 0x8000b874 (0x00000f17) auipc   t5, 0x0
core   0: 3 0x8000b874 (0x00000f17) x30 0x8000b874
core   0: 0x8000b878 (0x783f2623) sw      gp, 1932(t5)
core   0: 3 0x8000b878 (0x783f2623) mem 0x8000c000 0x00000001
core   0: 0x8000b87c (0x0000bfe5) c.j     pc - 8
core   0: 3 0x8000b87c (0xbfe5)
core   0: 0x8000b874 (0x00000f17) auipc   t5, 0x0
core   0: 3 0x8000b874 (0x00000f17) x30 0x8000b874
core   0: 0x8000b878 (0x783f2623) sw      gp, 1932(t5)
core   0: 3 0x8000b878 (0x783f2623) mem 0x8000c000 0x00000001
core   0: 0x8000b87c (0x0000bfe5) c.j     pc - 8
core   0: 3 0x8000b87c (0xbfe5)
core   0: 0x8000b874 (0x00000f17) auipc   t5, 0x0
core   0: 3 0x8000b874 (0x00000f17) x30 0x8000b874
core   0: 0x8000b878 (0x783f2623) sw      gp, 1932(t5)
core   0: 3 0x8000b878 (0x783f2623) mem 0x8000c000 0x00000001
core   0: 0x8000b87c (0x0000bfe5) c.j     pc - 8
core   0: 3 0x8000b87c (0xbfe5)
core   0: 0x8000b874 (0x00000f17) auipc   t5, 0x0
core   0: 3 0x8000b874 (0x00000f17) x30 0x8000b874
core   0: 0x8000b878 (0x783f2623) sw      gp, 1932(t5)
core   0: 3 0x8000b878 (0x783f2623) mem 0x8000c000 0x00000001
core   0: 0x8000b87c (0x0000bfe5) c.j     pc - 8
core   0: 3 0x8000b87c (0xbfe5)
core   0: 0x8000b874 (0x00000f17) auipc   t5, 0x0
core   0: 3 0x8000b874 (0x00000f17) x30 0x8000b874
core   0: 0x8000b878 (0x783f2623) sw      gp, 1932(t5)
core   0: 3 0x8000b878 (0x783f2623) mem 0x8000c000 0x00000001
core   0: 0x8000b87c (0x0000bfe5) c.j     pc - 8
core   0: 3 0x8000b87c (0xbfe5)
core   0: 0x8000b874 (0x00000f17) auipc   t5, 0x0
core   0: 3 0x8000b874 (0x00000f17) x30 0x8000b874
core   0: 0x8000b878 (0x783f2623) sw      gp, 1932(t5)
core   0: 3 0x8000b878 (0x783f2623) mem 0x8000c000 0x00000001
core   0: 0x8000b87c (0x0000bfe5) c.j     pc - 8
core   0: 3 0x8000b87c (0xbfe5)
core   0: 0x8000b874 (0x00000f17) auipc   t5, 0x0
core   0: 3 0x8000b874 (0x00000f17) x30 0x8000b874
core   0: 0x8000b878 (0x783f2623) sw      gp, 1932(t5)
core   0: 3 0x8000b878 (0x783f2623) mem 0x8000c000 0x00000001
core   0: 0x8000b87c (0x0000bfe5) c.j     pc - 8
core   0: 3 0x8000b87c (0xbfe5)
core   0: 0x8000b874 (0x00000f17) auipc   t5, 0x0
core   0: 3 0x8000b874 (0x00000f17) x30 0x8000b874
core   0: 0x8000b878 (0x783f2623) sw      gp, 1932(t5)
core   0: 3 0x8000b878 (0x783f2623) mem 0x8000c000 0x00000001
core   0: 0x8000b87c (0x0000bfe5) c.j     pc - 8
core   0: 3 0x8000b87c (0xbfe5)
core   0: 0x8000b874 (0x00000f17) auipc   t5, 0x0
core   0: 3 0x8000b874 (0x00000f17) x30 0x8000b874
core   0: 0x8000b878 (0x783f2623) sw      gp, 1932(t5)
core   0: 3 0x8000b878 (0x783f2623) mem 0x8000c000 0x00000001
core   0: 0x8000b87c (0x0000bfe5) c.j     pc - 8
core   0: 3 0x8000b87c (0xbfe5)
core   0: 0x8000b874 (0x00000f17) auipc   t5, 0x0
core   0: 3 0x8000b874 (0x00000f17) x30 0x8000b874
core   0: 0x8000b878 (0x783f2623) sw      gp, 1932(t5)
core   0: 3 0x8000b878 (0x783f2623) mem 0x8000c000 0x00000001
core   0: 0x8000b87c (0x0000bfe5) c.j     pc - 8
core   0: 3 0x8000b87c (0xbfe5)
core   0: 0x8000b874 (0x00000f17) auipc   t5, 0x0
core   0: 3 0x8000b874 (0x00000f17) x30 0x8000b874
core   0: 0x8000b878 (0x783f2623) sw      gp, 1932(t5)
core   0: 3 0x8000b878 (0x783f2623) mem 0x8000c000 0x00000001
core   0: 0x8000b87c (0x0000bfe5) c.j     pc - 8
core   0: 3 0x8000b87c (0xbfe5)
core   0: 0x8000b874 (0x00000f17) auipc   t5, 0x0
core   0: 3 0x8000b874 (0x00000f17) x30 0x8000b874
core   0: 0x8000b878 (0x783f2623) sw      gp, 1932(t5)
core   0: 3 0x8000b878 (0x783f2623) mem 0x8000c000 0x00000001
core   0: 0x8000b87c (0x0000bfe5) c.j     pc - 8
core   0: 3 0x8000b87c (0xbfe5)
core   0: 0x8000b874 (0x00000f17) auipc   t5, 0x0
core   0: 3 0x8000b874 (0x00000f17) x30 0x8000b874
core   0: 0x8000b878 (0x783f2623) sw      gp, 1932(t5)
core   0: 3 0x8000b878 (0x783f2623) mem 0x8000c000 0x00000001
core   0: 0x8000b87c (0x0000bfe5) c.j     pc - 8
core   0: 3 0x8000b87c (0xbfe5)
core   0: 0x8000b874 (0x00000f17) auipc   t5, 0x0
core   0: 3 0x8000b874 (0x00000f17) x30 0x8000b874
core   0: 0x8000b878 (0x783f2623) sw      gp, 1932(t5)
core   0: 3 0x8000b878 (0x783f2623) mem 0x8000c000 0x00000001
core   0: 0x8000b87c (0x0000bfe5) c.j     pc - 8
core   0: 3 0x8000b87c (0xbfe5)
core   0: 0x8000b874 (0x00000f17) auipc   t5, 0x0
core   0: 3 0x8000b874 (0x00000f17) x30 0x8000b874
core   0: 0x8000b878 (0x783f2623) sw      gp, 1932(t5)
core   0: 3 0x8000b878 (0x783f2623) mem 0x8000c000 0x00000001
core   0: 0x8000b87c (0x0000bfe5) c.j     pc - 8
core   0: 3 0x8000b87c (0xbfe5)
core   0: 0x8000b874 (0x00000f17) auipc   t5, 0x0
core   0: 3 0x8000b874 (0x00000f17) x30 0x8000b874
core   0: 0x8000b878 (0x783f2623) sw      gp, 1932(t5)
core   0: 3 0x8000b878 (0x783f2623) mem 0x8000c000 0x00000001
core   0: 0x8000b87c (0x0000bfe5) c.j     pc - 8
core   0: 3 0x8000b87c (0xbfe5)
core   0: 0x8000b874 (0x00000f17) auipc   t5, 0x0
core   0: 3 0x8000b874 (0x00000f17) x30 0x8000b874
core   0: 0x8000b878 (0x783f2623) sw      gp, 1932(t5)
core   0: 3 0x8000b878 (0x783f2623) mem 0x8000c000 0x00000001
core   0: 0x8000b87c (0x0000bfe5) c.j     pc - 8
core   0: 3 0x8000b87c (0xbfe5)
core   0: 0x8000b874 (0x00000f17) auipc   t5, 0x0
core   0: 3 0x8000b874 (0x00000f17) x30 0x8000b874
core   0: 0x8000b878 (0x783f2623) sw      gp, 1932(t5)
core   0: 3 0x8000b878 (0x783f2623) mem 0x8000c000 0x00000001
core   0: 0x8000b87c (0x0000bfe5) c.j     pc - 8
core   0: 3 0x8000b87c (0xbfe5)
core   0: 0x8000b874 (0x00000f17) auipc   t5, 0x0
core   0: 3 0x8000b874 (0x00000f17) x30 0x8000b874
core   0: 0x8000b878 (0x783f2623) sw      gp, 1932(t5)
core   0: 3 0x8000b878 (0x783f2623) mem 0x8000c000 0x00000001
core   0: 0x8000b87c (0x0000bfe5) c.j     pc - 8
core   0: 3 0x8000b87c (0xbfe5)
core   0: 0x8000b874 (0x00000f17) auipc   t5, 0x0
core   0: 3 0x8000b874 (0x00000f17) x30 0x8000b874
core   0: 0x8000b878 (0x783f2623) sw      gp, 1932(t5)
core   0: 3 0x8000b878 (0x783f2623) mem 0x8000c000 0x00000001
core   0: 0x8000b87c (0x0000bfe5) c.j     pc - 8
core   0: 3 0x8000b87c (0xbfe5)
core   0: 0x8000b874 (0x00000f17) auipc   t5, 0x0
core   0: 3 0x8000b874 (0x00000f17) x30 0x8000b874
core   0: 0x8000b878 (0x783f2623) sw      gp, 1932(t5)
core   0: 3 0x8000b878 (0x783f2623) mem 0x8000c000 0x00000001
core   0: 0x8000b87c (0x0000bfe5) c.j     pc - 8
core   0: 3 0x8000b87c (0xbfe5)
core   0: 0x8000b874 (0x00000f17) auipc   t5, 0x0
core   0: 3 0x8000b874 (0x00000f17) x30 0x8000b874
core   0: 0x8000b878 (0x783f2623) sw      gp, 1932(t5)
core   0: 3 0x8000b878 (0x783f2623) mem 0x8000c000 0x00000001
core   0: 0x8000b87c (0x0000bfe5) c.j     pc - 8
core   0: 3 0x8000b87c (0xbfe5)
core   0: 0x8000b874 (0x00000f17) auipc   t5, 0x0
core   0: 3 0x8000b874 (0x00000f17) x30 0x8000b874
core   0: 0x8000b878 (0x783f2623) sw      gp, 1932(t5)
core   0: 3 0x8000b878 (0x783f2623) mem 0x8000c000 0x00000001
core   0: 0x8000b87c (0x0000bfe5) c.j     pc - 8
core   0: 3 0x8000b87c (0xbfe5)
core   0: 0x8000b874 (0x00000f17) auipc   t5, 0x0
core   0: 3 0x8000b874 (0x00000f17) x30 0x8000b874
core   0: 0x8000b878 (0x783f2623) sw      gp, 1932(t5)
core   0: 3 0x8000b878 (0x783f2623) mem 0x8000c000 0x00000001
core   0: 0x8000b87c (0x0000bfe5) c.j     pc - 8
core   0: 3 0x8000b87c (0xbfe5)
core   0: 0x8000b874 (0x00000f17) auipc   t5, 0x0
core   0: 3 0x8000b874 (0x00000f17) x30 0x8000b874
core   0: 0x8000b878 (0x783f2623) sw      gp, 1932(t5)
core   0: 3 0x8000b878 (0x783f2623) mem 0x8000c000 0x00000001
core   0: 0x8000b87c (0x0000bfe5) c.j     pc - 8
core   0: 3 0x8000b87c (0xbfe5)
core   0: 0x8000b874 (0x00000f17) auipc   t5, 0x0
core   0: 3 0x8000b874 (0x00000f17) x30 0x8000b874
core   0: 0x8000b878 (0x783f2623) sw      gp, 1932(t5)
core   0: 3 0x8000b878 (0x783f2623) mem 0x8000c000 0x00000001
core   0: 0x8000b87c (0x0000bfe5) c.j     pc - 8
core   0: 3 0x8000b87c (0xbfe5)
core   0: 0x8000b874 (0x00000f17) auipc   t5, 0x0
core   0: 3 0x8000b874 (0x00000f17) x30 0x8000b874
core   0: 0x8000b878 (0x783f2623) sw      gp, 1932(t5)
core   0: 3 0x8000b878 (0x783f2623) mem 0x8000c000 0x00000001
core   0: 0x8000b87c (0x0000bfe5) c.j     pc - 8
core   0: 3 0x8000b87c (0xbfe5)
core   0: 0x8000b874 (0x00000f17) auipc   t5, 0x0
core   0: 3 0x8000b874 (0x00000f17) x30 0x8000b874
core   0: 0x8000b878 (0x783f2623) sw      gp, 1932(t5)
core   0: 3 0x8000b878 (0x783f2623) mem 0x8000c000 0x00000001
core   0: 0x8000b87c (0x0000bfe5) c.j     pc - 8
core   0: 3 0x8000b87c (0xbfe5)
core   0: 0x8000b874 (0x00000f17) auipc   t5, 0x0
core   0: 3 0x8000b874 (0x00000f17) x30 0x8000b874
core   0: 0x8000b878 (0x783f2623) sw      gp, 1932(t5)
core   0: 3 0x8000b878 (0x783f2623) mem 0x8000c000 0x00000001
core   0: 0x8000b87c (0x0000bfe5) c.j     pc - 8
core   0: 3 0x8000b87c (0xbfe5)
core   0: 0x8000b874 (0x00000f17) auipc   t5, 0x0
core   0: 3 0x8000b874 (0x00000f17) x30 0x8000b874
core   0: 0x8000b878 (0x783f2623) sw      gp, 1932(t5)
core   0: 3 0x8000b878 (0x783f2623) mem 0x8000c000 0x00000001
core   0: 0x8000b87c (0x0000bfe5) c.j     pc - 8
core   0: 3 0x8000b87c (0xbfe5)
core   0: 0x8000b874 (0x00000f17) auipc   t5, 0x0
core   0: 3 0x8000b874 (0x00000f17) x30 0x8000b874
core   0: 0x8000b878 (0x783f2623) sw      gp, 1932(t5)
core   0: 3 0x8000b878 (0x783f2623) mem 0x8000c000 0x00000001
core   0: 0x8000b87c (0x0000bfe5) c.j     pc - 8
core   0: 3 0x8000b87c (0xbfe5)
core   0: 0x8000b874 (0x00000f17) auipc   t5, 0x0
core   0: 3 0x8000b874 (0x00000f17) x30 0x8000b874
core   0: 0x8000b878 (0x783f2623) sw      gp, 1932(t5)
core   0: 3 0x8000b878 (0x783f2623) mem 0x8000c000 0x00000001
core   0: 0x8000b87c (0x0000bfe5) c.j     pc - 8
core   0: 3 0x8000b87c (0xbfe5)
core   0: 0x8000b874 (0x00000f17) auipc   t5, 0x0
core   0: 3 0x8000b874 (0x00000f17) x30 0x8000b874
core   0: 0x8000b878 (0x783f2623) sw      gp, 1932(t5)
core   0: 3 0x8000b878 (0x783f2623) mem 0x8000c000 0x00000001
core   0: 0x8000b87c (0x0000bfe5) c.j     pc - 8
core   0: 3 0x8000b87c (0xbfe5)
core   0: 0x8000b874 (0x00000f17) auipc   t5, 0x0
core   0: 3 0x8000b874 (0x00000f17) x30 0x8000b874
core   0: 0x8000b878 (0x783f2623) sw      gp, 1932(t5)
core   0: 3 0x8000b878 (0x783f2623) mem 0x8000c000 0x00000001
core   0: 0x8000b87c (0x0000bfe5) c.j     pc - 8
core   0: 3 0x8000b87c (0xbfe5)
core   0: 0x8000b874 (0x00000f17) auipc   t5, 0x0
core   0: 3 0x8000b874 (0x00000f17) x30 0x8000b874
core   0: 0x8000b878 (0x783f2623) sw      gp, 1932(t5)
core   0: 3 0x8000b878 (0x783f2623) mem 0x8000c000 0x00000001
core   0: 0x8000b87c (0x0000bfe5) c.j     pc - 8
core   0: 3 0x8000b87c (0xbfe5)
core   0: 0x8000b874 (0x00000f17) auipc   t5, 0x0
core   0: 3 0x8000b874 (0x00000f17) x30 0x8000b874
core   0: 0x8000b878 (0x783f2623) sw      gp, 1932(t5)
core   0: 3 0x8000b878 (0x783f2623) mem 0x8000c000 0x00000001
core   0: 0x8000b87c (0x0000bfe5) c.j     pc - 8
core   0: 3 0x8000b87c (0xbfe5)
core   0: 0x8000b874 (0x00000f17) auipc   t5, 0x0
core   0: 3 0x8000b874 (0x00000f17) x30 0x8000b874
core   0: 0x8000b878 (0x783f2623) sw      gp, 1932(t5)
core   0: 3 0x8000b878 (0x783f2623) mem 0x8000c000 0x00000001
core   0: 0x8000b87c (0x0000bfe5) c.j     pc - 8
core   0: 3 0x8000b87c (0xbfe5)
core   0: 0x8000b874 (0x00000f17) auipc   t5, 0x0
core   0: 3 0x8000b874 (0x00000f17) x30 0x8000b874
core   0: 0x8000b878 (0x783f2623) sw      gp, 1932(t5)
core   0: 3 0x8000b878 (0x783f2623) mem 0x8000c000 0x00000001
core   0: 0x8000b87c (0x0000bfe5) c.j     pc - 8
core   0: 3 0x8000b87c (0xbfe5)
core   0: 0x8000b874 (0x00000f17) auipc   t5, 0x0
core   0: 3 0x8000b874 (0x00000f17) x30 0x8000b874
core   0: 0x8000b878 (0x783f2623) sw      gp, 1932(t5)
core   0: 3 0x8000b878 (0x783f2623) mem 0x8000c000 0x00000001
core   0: 0x8000b87c (0x0000bfe5) c.j     pc - 8
core   0: 3 0x8000b87c (0xbfe5)
core   0: 0x8000b874 (0x00000f17) auipc   t5, 0x0
core   0: 3 0x8000b874 (0x00000f17) x30 0x8000b874
core   0: 0x8000b878 (0x783f2623) sw      gp, 1932(t5)
core   0: 3 0x8000b878 (0x783f2623) mem 0x8000c000 0x00000001
core   0: 0x8000b87c (0x0000bfe5) c.j     pc - 8
core   0: 3 0x8000b87c (0xbfe5)
core   0: 0x8000b874 (0x00000f17) auipc   t5, 0x0
core   0: 3 0x8000b874 (0x00000f17) x30 0x8000b874
core   0: 0x8000b878 (0x783f2623) sw      gp, 1932(t5)
core   0: 3 0x8000b878 (0x783f2623) mem 0x8000c000 0x00000001
core   0: 0x8000b87c (0x0000bfe5) c.j     pc - 8
core   0: 3 0x8000b87c (0xbfe5)
core   0: 0x8000b874 (0x00000f17) auipc   t5, 0x0
core   0: 3 0x8000b874 (0x00000f17) x30 0x8000b874
core   0: 0x8000b878 (0x783f2623) sw      gp, 1932(t5)
core   0: 3 0x8000b878 (0x783f2623) mem 0x8000c000 0x00000001
core   0: 0x8000b87c (0x0000bfe5) c.j     pc - 8
core   0: 3 0x8000b87c (0xbfe5)
core   0: 0x8000b874 (0x00000f17) auipc   t5, 0x0
core   0: 3 0x8000b874 (0x00000f17) x30 0x8000b874
core   0: 0x8000b878 (0x783f2623) sw      gp, 1932(t5)
core   0: 3 0x8000b878 (0x783f2623) mem 0x8000c000 0x00000001
core   0: 0x8000b87c (0x0000bfe5) c.j     pc - 8
core   0: 3 0x8000b87c (0xbfe5)
core   0: 0x8000b874 (0x00000f17) auipc   t5, 0x0
core   0: 3 0x8000b874 (0x00000f17) x30 0x8000b874
core   0: 0x8000b878 (0x783f2623) sw      gp, 1932(t5)
core   0: 3 0x8000b878 (0x783f2623) mem 0x8000c000 0x00000001
core   0: 0x8000b87c (0x0000bfe5) c.j     pc - 8
core   0: 3 0x8000b87c (0xbfe5)
core   0: 0x8000b874 (0x00000f17) auipc   t5, 0x0
core   0: 3 0x8000b874 (0x00000f17) x30 0x8000b874
core   0: 0x8000b878 (0x783f2623) sw      gp, 1932(t5)
core   0: 3 0x8000b878 (0x783f2623) mem 0x8000c000 0x00000001
core   0: 0x8000b87c (0x0000bfe5) c.j     pc - 8
core   0: 3 0x8000b87c (0xbfe5)
core   0: 0x8000b874 (0x00000f17) auipc   t5, 0x0
core   0: 3 0x8000b874 (0x00000f17) x30 0x8000b874
core   0: 0x8000b878 (0x783f2623) sw      gp, 1932(t5)
core   0: 3 0x8000b878 (0x783f2623) mem 0x8000c000 0x00000001
core   0: 0x8000b87c (0x0000bfe5) c.j     pc - 8
core   0: 3 0x8000b87c (0xbfe5)
core   0: 0x8000b874 (0x00000f17) auipc   t5, 0x0
core   0: 3 0x8000b874 (0x00000f17) x30 0x8000b874
core   0: 0x8000b878 (0x783f2623) sw      gp, 1932(t5)
core   0: 3 0x8000b878 (0x783f2623) mem 0x8000c000 0x00000001
core   0: 0x8000b87c (0x0000bfe5) c.j     pc - 8
core   0: 3 0x8000b87c (0xbfe5)
core   0: 0x8000b874 (0x00000f17) auipc   t5, 0x0
core   0: 3 0x8000b874 (0x00000f17) x30 0x8000b874
core   0: 0x8000b878 (0x783f2623) sw      gp, 1932(t5)
core   0: 3 0x8000b878 (0x783f2623) mem 0x8000c000 0x00000001
core   0: 0x8000b87c (0x0000bfe5) c.j     pc - 8
core   0: 3 0x8000b87c (0xbfe5)
core   0: 0x8000b874 (0x00000f17) auipc   t5, 0x0
core   0: 3 0x8000b874 (0x00000f17) x30 0x8000b874
core   0: 0x8000b878 (0x783f2623) sw      gp, 1932(t5)
core   0: 3 0x8000b878 (0x783f2623) mem 0x8000c000 0x00000001
core   0: 0x8000b87c (0x0000bfe5) c.j     pc - 8
core   0: 3 0x8000b87c (0xbfe5)
core   0: 0x8000b874 (0x00000f17) auipc   t5, 0x0
core   0: 3 0x8000b874 (0x00000f17) x30 0x8000b874
core   0: 0x8000b878 (0x783f2623) sw      gp, 1932(t5)
core   0: 3 0x8000b878 (0x783f2623) mem 0x8000c000 0x00000001
core   0: 0x8000b87c (0x0000bfe5) c.j     pc - 8
core   0: 3 0x8000b87c (0xbfe5)
core   0: 0x8000b874 (0x00000f17) auipc   t5, 0x0
core   0: 3 0x8000b874 (0x00000f17) x30 0x8000b874
core   0: 0x8000b878 (0x783f2623) sw      gp, 1932(t5)
core   0: 3 0x8000b878 (0x783f2623) mem 0x8000c000 0x00000001
core   0: 0x8000b87c (0x0000bfe5) c.j     pc - 8
core   0: 3 0x8000b87c (0xbfe5)
core   0: 0x8000b874 (0x00000f17) auipc   t5, 0x0
core   0: 3 0x8000b874 (0x00000f17) x30 0x8000b874
core   0: 0x8000b878 (0x783f2623) sw      gp, 1932(t5)
core   0: 3 0x8000b878 (0x783f2623) mem 0x8000c000 0x00000001
core   0: 0x8000b87c (0x0000bfe5) c.j     pc - 8
core   0: 3 0x8000b87c (0xbfe5)
core   0: 0x8000b874 (0x00000f17) auipc   t5, 0x0
core   0: 3 0x8000b874 (0x00000f17) x30 0x8000b874
core   0: 0x8000b878 (0x783f2623) sw      gp, 1932(t5)
core   0: 3 0x8000b878 (0x783f2623) mem 0x8000c000 0x00000001
core   0: 0x8000b87c (0x0000bfe5) c.j     pc - 8
core   0: 3 0x8000b87c (0xbfe5)
core   0: 0x8000b874 (0x00000f17) auipc   t5, 0x0
core   0: 3 0x8000b874 (0x00000f17) x30 0x8000b874
core   0: 0x8000b878 (0x783f2623) sw      gp, 1932(t5)
core   0: 3 0x8000b878 (0x783f2623) mem 0x8000c000 0x00000001
core   0: 0x8000b87c (0x0000bfe5) c.j     pc - 8
core   0: 3 0x8000b87c (0xbfe5)
core   0: 0x8000b874 (0x00000f17) auipc   t5, 0x0
core   0: 3 0x8000b874 (0x00000f17) x30 0x8000b874
core   0: 0x8000b878 (0x783f2623) sw      gp, 1932(t5)
core   0: 3 0x8000b878 (0x783f2623) mem 0x8000c000 0x00000001
core   0: 0x8000b87c (0x0000bfe5) c.j     pc - 8
core   0: 3 0x8000b87c (0xbfe5)
core   0: 0x8000b874 (0x00000f17) auipc   t5, 0x0
core   0: 3 0x8000b874 (0x00000f17) x30 0x8000b874
core   0: 0x8000b878 (0x783f2623) sw      gp, 1932(t5)
core   0: 3 0x8000b878 (0x783f2623) mem 0x8000c000 0x00000001
core   0: 0x8000b87c (0x0000bfe5) c.j     pc - 8
core   0: 3 0x8000b87c (0xbfe5)
core   0: 0x8000b874 (0x00000f17) auipc   t5, 0x0
core   0: 3 0x8000b874 (0x00000f17) x30 0x8000b874
core   0: 0x8000b878 (0x783f2623) sw      gp, 1932(t5)
core   0: 3 0x8000b878 (0x783f2623) mem 0x8000c000 0x00000001
core   0: 0x8000b87c (0x0000bfe5) c.j     pc - 8
core   0: 3 0x8000b87c (0xbfe5)
core   0: 0x8000b874 (0x00000f17) auipc   t5, 0x0
core   0: 3 0x8000b874 (0x00000f17) x30 0x8000b874
core   0: 0x8000b878 (0x783f2623) sw      gp, 1932(t5)
core   0: 3 0x8000b878 (0x783f2623) mem 0x8000c000 0x00000001
core   0: 0x8000b87c (0x0000bfe5) c.j     pc - 8
core   0: 3 0x8000b87c (0xbfe5)
core   0: 0x8000b874 (0x00000f17) auipc   t5, 0x0
core   0: 3 0x8000b874 (0x00000f17) x30 0x8000b874
core   0: 0x8000b878 (0x783f2623) sw      gp, 1932(t5)
core   0: 3 0x8000b878 (0x783f2623) mem 0x8000c000 0x00000001
core   0: 0x8000b87c (0x0000bfe5) c.j     pc - 8
core   0: 3 0x8000b87c (0xbfe5)
core   0: 0x8000b874 (0x00000f17) auipc   t5, 0x0
core   0: 3 0x8000b874 (0x00000f17) x30 0x8000b874
core   0: 0x8000b878 (0x783f2623) sw      gp, 1932(t5)
core   0: 3 0x8000b878 (0x783f2623) mem 0x8000c000 0x00000001
core   0: 0x8000b87c (0x0000bfe5) c.j     pc - 8
core   0: 3 0x8000b87c (0xbfe5)
core   0: 0x8000b874 (0x00000f17) auipc   t5, 0x0
core   0: 3 0x8000b874 (0x00000f17) x30 0x8000b874
core   0: 0x8000b878 (0x783f2623) sw      gp, 1932(t5)
core   0: 3 0x8000b878 (0x783f2623) mem 0x8000c000 0x00000001
core   0: 0x8000b87c (0x0000bfe5) c.j     pc - 8
core   0: 3 0x8000b87c (0xbfe5)
core   0: 0x8000b874 (0x00000f17) auipc   t5, 0x0
core   0: 3 0x8000b874 (0x00000f17) x30 0x8000b874
core   0: 0x8000b878 (0x783f2623) sw      gp, 1932(t5)
core   0: 3 0x8000b878 (0x783f2623) mem 0x8000c000 0x00000001
core   0: 0x8000b87c (0x0000bfe5) c.j     pc - 8
core   0: 3 0x8000b87c (0xbfe5)
core   0: 0x8000b874 (0x00000f17) auipc   t5, 0x0
core   0: 3 0x8000b874 (0x00000f17) x30 0x8000b874
core   0: 0x8000b878 (0x783f2623) sw      gp, 1932(t5)
core   0: 3 0x8000b878 (0x783f2623) mem 0x8000c000 0x00000001
core   0: 0x8000b87c (0x0000bfe5) c.j     pc - 8
core   0: 3 0x8000b87c (0xbfe5)
core   0: 0x8000b874 (0x00000f17) auipc   t5, 0x0
core   0: 3 0x8000b874 (0x00000f17) x30 0x8000b874
core   0: 0x8000b878 (0x783f2623) sw      gp, 1932(t5)
core   0: 3 0x8000b878 (0x783f2623) mem 0x8000c000 0x00000001
core   0: 0x8000b87c (0x0000bfe5) c.j     pc - 8
core   0: 3 0x8000b87c (0xbfe5)
core   0: 0x8000b874 (0x00000f17) auipc   t5, 0x0
core   0: 3 0x8000b874 (0x00000f17) x30 0x8000b874
core   0: 0x8000b878 (0x783f2623) sw      gp, 1932(t5)
core   0: 3 0x8000b878 (0x783f2623) mem 0x8000c000 0x00000001
core   0: 0x8000b87c (0x0000bfe5) c.j     pc - 8
core   0: 3 0x8000b87c (0xbfe5)
core   0: 0x8000b874 (0x00000f17) auipc   t5, 0x0
core   0: 3 0x8000b874 (0x00000f17) x30 0x8000b874
core   0: 0x8000b878 (0x783f2623) sw      gp, 1932(t5)
core   0: 3 0x8000b878 (0x783f2623) mem 0x8000c000 0x00000001
core   0: 0x8000b87c (0x0000bfe5) c.j     pc - 8
core   0: 3 0x8000b87c (0xbfe5)
core   0: 0x8000b874 (0x00000f17) auipc   t5, 0x0
core   0: 3 0x8000b874 (0x00000f17) x30 0x8000b874
core   0: 0x8000b878 (0x783f2623) sw      gp, 1932(t5)
core   0: 3 0x8000b878 (0x783f2623) mem 0x8000c000 0x00000001
core   0: 0x8000b87c (0x0000bfe5) c.j     pc - 8
core   0: 3 0x8000b87c (0xbfe5)
core   0: 0x8000b874 (0x00000f17) auipc   t5, 0x0
core   0: 3 0x8000b874 (0x00000f17) x30 0x8000b874
core   0: 0x8000b878 (0x783f2623) sw      gp, 1932(t5)
core   0: 3 0x8000b878 (0x783f2623) mem 0x8000c000 0x00000001
core   0: 0x8000b87c (0x0000bfe5) c.j     pc - 8
core   0: 3 0x8000b87c (0xbfe5)
core   0: 0x8000b874 (0x00000f17) auipc   t5, 0x0
core   0: 3 0x8000b874 (0x00000f17) x30 0x8000b874
core   0: 0x8000b878 (0x783f2623) sw      gp, 1932(t5)
core   0: 3 0x8000b878 (0x783f2623) mem 0x8000c000 0x00000001
core   0: 0x8000b87c (0x0000bfe5) c.j     pc - 8
core   0: 3 0x8000b87c (0xbfe5)
core   0: 0x8000b874 (0x00000f17) auipc   t5, 0x0
core   0: 3 0x8000b874 (0x00000f17) x30 0x8000b874
core   0: 0x8000b878 (0x783f2623) sw      gp, 1932(t5)
core   0: 3 0x8000b878 (0x783f2623) mem 0x8000c000 0x00000001
core   0: 0x8000b87c (0x0000bfe5) c.j     pc - 8
core   0: 3 0x8000b87c (0xbfe5)
core   0: 0x8000b874 (0x00000f17) auipc   t5, 0x0
core   0: 3 0x8000b874 (0x00000f17) x30 0x8000b874
core   0: 0x8000b878 (0x783f2623) sw      gp, 1932(t5)
core   0: 3 0x8000b878 (0x783f2623) mem 0x8000c000 0x00000001
core   0: 0x8000b87c (0x0000bfe5) c.j     pc - 8
core   0: 3 0x8000b87c (0xbfe5)
core   0: 0x8000b874 (0x00000f17) auipc   t5, 0x0
core   0: 3 0x8000b874 (0x00000f17) x30 0x8000b874
core   0: 0x8000b878 (0x783f2623) sw      gp, 1932(t5)
core   0: 3 0x8000b878 (0x783f2623) mem 0x8000c000 0x00000001
core   0: 0x8000b87c (0x0000bfe5) c.j     pc - 8
core   0: 3 0x8000b87c (0xbfe5)
core   0: 0x8000b874 (0x00000f17) auipc   t5, 0x0
core   0: 3 0x8000b874 (0x00000f17) x30 0x8000b874
core   0: 0x8000b878 (0x783f2623) sw      gp, 1932(t5)
core   0: 3 0x8000b878 (0x783f2623) mem 0x8000c000 0x00000001
core   0: 0x8000b87c (0x0000bfe5) c.j     pc - 8
core   0: 3 0x8000b87c (0xbfe5)
core   0: 0x8000b874 (0x00000f17) auipc   t5, 0x0
core   0: 3 0x8000b874 (0x00000f17) x30 0x8000b874
core   0: 0x8000b878 (0x783f2623) sw      gp, 1932(t5)
core   0: 3 0x8000b878 (0x783f2623) mem 0x8000c000 0x00000001
core   0: 0x8000b87c (0x0000bfe5) c.j     pc - 8
core   0: 3 0x8000b87c (0xbfe5)
core   0: 0x8000b874 (0x00000f17) auipc   t5, 0x0
core   0: 3 0x8000b874 (0x00000f17) x30 0x8000b874
core   0: 0x8000b878 (0x783f2623) sw      gp, 1932(t5)
core   0: 3 0x8000b878 (0x783f2623) mem 0x8000c000 0x00000001
core   0: 0x8000b87c (0x0000bfe5) c.j     pc - 8
core   0: 3 0x8000b87c (0xbfe5)
core   0: 0x8000b874 (0x00000f17) auipc   t5, 0x0
core   0: 3 0x8000b874 (0x00000f17) x30 0x8000b874
core   0: 0x8000b878 (0x783f2623) sw      gp, 1932(t5)
core   0: 3 0x8000b878 (0x783f2623) mem 0x8000c000 0x00000001
core   0: 0x8000b87c (0x0000bfe5) c.j     pc - 8
core   0: 3 0x8000b87c (0xbfe5)
core   0: 0x8000b874 (0x00000f17) auipc   t5, 0x0
core   0: 3 0x8000b874 (0x00000f17) x30 0x8000b874
core   0: 0x8000b878 (0x783f2623) sw      gp, 1932(t5)
core   0: 3 0x8000b878 (0x783f2623) mem 0x8000c000 0x00000001
core   0: 0x8000b87c (0x0000bfe5) c.j     pc - 8
core   0: 3 0x8000b87c (0xbfe5)
core   0: 0x8000b874 (0x00000f17) auipc   t5, 0x0
core   0: 3 0x8000b874 (0x00000f17) x30 0x8000b874
core   0: 0x8000b878 (0x783f2623) sw      gp, 1932(t5)
core   0: 3 0x8000b878 (0x783f2623) mem 0x8000c000 0x00000001
core   0: 0x8000b87c (0x0000bfe5) c.j     pc - 8
core   0: 3 0x8000b87c (0xbfe5)
core   0: 0x8000b874 (0x00000f17) auipc   t5, 0x0
core   0: 3 0x8000b874 (0x00000f17) x30 0x8000b874
core   0: 0x8000b878 (0x783f2623) sw      gp, 1932(t5)
core   0: 3 0x8000b878 (0x783f2623) mem 0x8000c000 0x00000001
core   0: 0x8000b87c (0x0000bfe5) c.j     pc - 8
core   0: 3 0x8000b87c (0xbfe5)
core   0: 0x8000b874 (0x00000f17) auipc   t5, 0x0
core   0: 3 0x8000b874 (0x00000f17) x30 0x8000b874
core   0: 0x8000b878 (0x783f2623) sw      gp, 1932(t5)
core   0: 3 0x8000b878 (0x783f2623) mem 0x8000c000 0x00000001
core   0: 0x8000b87c (0x0000bfe5) c.j     pc - 8
core   0: 3 0x8000b87c (0xbfe5)
core   0: 0x8000b874 (0x00000f17) auipc   t5, 0x0
core   0: 3 0x8000b874 (0x00000f17) x30 0x8000b874
core   0: 0x8000b878 (0x783f2623) sw      gp, 1932(t5)
core   0: 3 0x8000b878 (0x783f2623) mem 0x8000c000 0x00000001
core   0: 0x8000b87c (0x0000bfe5) c.j     pc - 8
core   0: 3 0x8000b87c (0xbfe5)
core   0: 0x8000b874 (0x00000f17) auipc   t5, 0x0
core   0: 3 0x8000b874 (0x00000f17) x30 0x8000b874
core   0: 0x8000b878 (0x783f2623) sw      gp, 1932(t5)
core   0: 3 0x8000b878 (0x783f2623) mem 0x8000c000 0x00000001
core   0: 0x8000b87c (0x0000bfe5) c.j     pc - 8
core   0: 3 0x8000b87c (0xbfe5)
core   0: 0x8000b874 (0x00000f17) auipc   t5, 0x0
core   0: 3 0x8000b874 (0x00000f17) x30 0x8000b874
core   0: 0x8000b878 (0x783f2623) sw      gp, 1932(t5)
core   0: 3 0x8000b878 (0x783f2623) mem 0x8000c000 0x00000001
core   0: 0x8000b87c (0x0000bfe5) c.j     pc - 8
core   0: 3 0x8000b87c (0xbfe5)
core   0: 0x8000b874 (0x00000f17) auipc   t5, 0x0
core   0: 3 0x8000b874 (0x00000f17) x30 0x8000b874
core   0: 0x8000b878 (0x783f2623) sw      gp, 1932(t5)
core   0: 3 0x8000b878 (0x783f2623) mem 0x8000c000 0x00000001
core   0: 0x8000b87c (0x0000bfe5) c.j     pc - 8
core   0: 3 0x8000b87c (0xbfe5)
core   0: 0x8000b874 (0x00000f17) auipc   t5, 0x0
core   0: 3 0x8000b874 (0x00000f17) x30 0x8000b874
core   0: 0x8000b878 (0x783f2623) sw      gp, 1932(t5)
core   0: 3 0x8000b878 (0x783f2623) mem 0x8000c000 0x00000001
core   0: 0x8000b87c (0x0000bfe5) c.j     pc - 8
core   0: 3 0x8000b87c (0xbfe5)
core   0: 0x8000b874 (0x00000f17) auipc   t5, 0x0
core   0: 3 0x8000b874 (0x00000f17) x30 0x8000b874
core   0: 0x8000b878 (0x783f2623) sw      gp, 1932(t5)
core   0: 3 0x8000b878 (0x783f2623) mem 0x8000c000 0x00000001
core   0: 0x8000b87c (0x0000bfe5) c.j     pc - 8
core   0: 3 0x8000b87c (0xbfe5)
core   0: 0x8000b874 (0x00000f17) auipc   t5, 0x0
core   0: 3 0x8000b874 (0x00000f17) x30 0x8000b874
core   0: 0x8000b878 (0x783f2623) sw      gp, 1932(t5)
core   0: 3 0x8000b878 (0x783f2623) mem 0x8000c000 0x00000001
core   0: 0x8000b87c (0x0000bfe5) c.j     pc - 8
core   0: 3 0x8000b87c (0xbfe5)
core   0: 0x8000b874 (0x00000f17) auipc   t5, 0x0
core   0: 3 0x8000b874 (0x00000f17) x30 0x8000b874
core   0: 0x8000b878 (0x783f2623) sw      gp, 1932(t5)
core   0: 3 0x8000b878 (0x783f2623) mem 0x8000c000 0x00000001
core   0: 0x8000b87c (0x0000bfe5) c.j     pc - 8
core   0: 3 0x8000b87c (0xbfe5)
core   0: 0x8000b874 (0x00000f17) auipc   t5, 0x0
core   0: 3 0x8000b874 (0x00000f17) x30 0x8000b874
core   0: 0x8000b878 (0x783f2623) sw      gp, 1932(t5)
core   0: 3 0x8000b878 (0x783f2623) mem 0x8000c000 0x00000001
core   0: 0x8000b87c (0x0000bfe5) c.j     pc - 8
core   0: 3 0x8000b87c (0xbfe5)
core   0: 0x8000b874 (0x00000f17) auipc   t5, 0x0
core   0: 3 0x8000b874 (0x00000f17) x30 0x8000b874
core   0: 0x8000b878 (0x783f2623) sw      gp, 1932(t5)
core   0: 3 0x8000b878 (0x783f2623) mem 0x8000c000 0x00000001
core   0: 0x8000b87c (0x0000bfe5) c.j     pc - 8
core   0: 3 0x8000b87c (0xbfe5)
core   0: 0x8000b874 (0x00000f17) auipc   t5, 0x0
core   0: 3 0x8000b874 (0x00000f17) x30 0x8000b874
core   0: 0x8000b878 (0x783f2623) sw      gp, 1932(t5)
core   0: 3 0x8000b878 (0x783f2623) mem 0x8000c000 0x00000001
core   0: 0x8000b87c (0x0000bfe5) c.j     pc - 8
core   0: 3 0x8000b87c (0xbfe5)
core   0: 0x8000b874 (0x00000f17) auipc   t5, 0x0
core   0: 3 0x8000b874 (0x00000f17) x30 0x8000b874
core   0: 0x8000b878 (0x783f2623) sw      gp, 1932(t5)
core   0: 3 0x8000b878 (0x783f2623) mem 0x8000c000 0x00000001
core   0: 0x8000b87c (0x0000bfe5) c.j     pc - 8
core   0: 3 0x8000b87c (0xbfe5)
core   0: 0x8000b874 (0x00000f17) auipc   t5, 0x0
core   0: 3 0x8000b874 (0x00000f17) x30 0x8000b874
core   0: 0x8000b878 (0x783f2623) sw      gp, 1932(t5)
core   0: 3 0x8000b878 (0x783f2623) mem 0x8000c000 0x00000001
core   0: 0x8000b87c (0x0000bfe5) c.j     pc - 8
core   0: 3 0x8000b87c (0xbfe5)
core   0: 0x8000b874 (0x00000f17) auipc   t5, 0x0
core   0: 3 0x8000b874 (0x00000f17) x30 0x8000b874
core   0: 0x8000b878 (0x783f2623) sw      gp, 1932(t5)
core   0: 3 0x8000b878 (0x783f2623) mem 0x8000c000 0x00000001
core   0: 0x8000b87c (0x0000bfe5) c.j     pc - 8
core   0: 3 0x8000b87c (0xbfe5)
core   0: 0x8000b874 (0x00000f17) auipc   t5, 0x0
core   0: 3 0x8000b874 (0x00000f17) x30 0x8000b874
core   0: 0x8000b878 (0x783f2623) sw      gp, 1932(t5)
core   0: 3 0x8000b878 (0x783f2623) mem 0x8000c000 0x00000001
core   0: 0x8000b87c (0x0000bfe5) c.j     pc - 8
core   0: 3 0x8000b87c (0xbfe5)
core   0: 0x8000b874 (0x00000f17) auipc   t5, 0x0
core   0: 3 0x8000b874 (0x00000f17) x30 0x8000b874
core   0: 0x8000b878 (0x783f2623) sw      gp, 1932(t5)
core   0: 3 0x8000b878 (0x783f2623) mem 0x8000c000 0x00000001
core   0: 0x8000b87c (0x0000bfe5) c.j     pc - 8
core   0: 3 0x8000b87c (0xbfe5)
core   0: 0x8000b874 (0x00000f17) auipc   t5, 0x0
core   0: 3 0x8000b874 (0x00000f17) x30 0x8000b874
core   0: 0x8000b878 (0x783f2623) sw      gp, 1932(t5)
core   0: 3 0x8000b878 (0x783f2623) mem 0x8000c000 0x00000001
core   0: 0x8000b87c (0x0000bfe5) c.j     pc - 8
core   0: 3 0x8000b87c (0xbfe5)
core   0: 0x8000b874 (0x00000f17) auipc   t5, 0x0
core   0: 3 0x8000b874 (0x00000f17) x30 0x8000b874
core   0: 0x8000b878 (0x783f2623) sw      gp, 1932(t5)
core   0: 3 0x8000b878 (0x783f2623) mem 0x8000c000 0x00000001
core   0: 0x8000b87c (0x0000bfe5) c.j     pc - 8
core   0: 3 0x8000b87c (0xbfe5)
core   0: 0x8000b874 (0x00000f17) auipc   t5, 0x0
core   0: 3 0x8000b874 (0x00000f17) x30 0x8000b874
core   0: 0x8000b878 (0x783f2623) sw      gp, 1932(t5)
core   0: 3 0x8000b878 (0x783f2623) mem 0x8000c000 0x00000001
core   0: 0x8000b87c (0x0000bfe5) c.j     pc - 8
core   0: 3 0x8000b87c (0xbfe5)
core   0: 0x8000b874 (0x00000f17) auipc   t5, 0x0
core   0: 3 0x8000b874 (0x00000f17) x30 0x8000b874
core   0: 0x8000b878 (0x783f2623) sw      gp, 1932(t5)
core   0: 3 0x8000b878 (0x783f2623) mem 0x8000c000 0x00000001
core   0: 0x8000b87c (0x0000bfe5) c.j     pc - 8
core   0: 3 0x8000b87c (0xbfe5)
core   0: 0x8000b874 (0x00000f17) auipc   t5, 0x0
core   0: 3 0x8000b874 (0x00000f17) x30 0x8000b874
core   0: 0x8000b878 (0x783f2623) sw      gp, 1932(t5)
core   0: 3 0x8000b878 (0x783f2623) mem 0x8000c000 0x00000001
core   0: 0x8000b87c (0x0000bfe5) c.j     pc - 8
core   0: 3 0x8000b87c (0xbfe5)
core   0: 0x8000b874 (0x00000f17) auipc   t5, 0x0
core   0: 3 0x8000b874 (0x00000f17) x30 0x8000b874
core   0: 0x8000b878 (0x783f2623) sw      gp, 1932(t5)
core   0: 3 0x8000b878 (0x783f2623) mem 0x8000c000 0x00000001
core   0: 0x8000b87c (0x0000bfe5) c.j     pc - 8
core   0: 3 0x8000b87c (0xbfe5)
core   0: 0x8000b874 (0x00000f17) auipc   t5, 0x0
core   0: 3 0x8000b874 (0x00000f17) x30 0x8000b874
core   0: 0x8000b878 (0x783f2623) sw      gp, 1932(t5)
core   0: 3 0x8000b878 (0x783f2623) mem 0x8000c000 0x00000001
core   0: 0x8000b87c (0x0000bfe5) c.j     pc - 8
core   0: 3 0x8000b87c (0xbfe5)
core   0: 0x8000b874 (0x00000f17) auipc   t5, 0x0
core   0: 3 0x8000b874 (0x00000f17) x30 0x8000b874
core   0: 0x8000b878 (0x783f2623) sw      gp, 1932(t5)
core   0: 3 0x8000b878 (0x783f2623) mem 0x8000c000 0x00000001
core   0: 0x8000b87c (0x0000bfe5) c.j     pc - 8
core   0: 3 0x8000b87c (0xbfe5)
core   0: 0x8000b874 (0x00000f17) auipc   t5, 0x0
core   0: 3 0x8000b874 (0x00000f17) x30 0x8000b874
core   0: 0x8000b878 (0x783f2623) sw      gp, 1932(t5)
core   0: 3 0x8000b878 (0x783f2623) mem 0x8000c000 0x00000001
core   0: 0x8000b87c (0x0000bfe5) c.j     pc - 8
core   0: 3 0x8000b87c (0xbfe5)
core   0: 0x8000b874 (0x00000f17) auipc   t5, 0x0
core   0: 3 0x8000b874 (0x00000f17) x30 0x8000b874
core   0: 0x8000b878 (0x783f2623) sw      gp, 1932(t5)
core   0: 3 0x8000b878 (0x783f2623) mem 0x8000c000 0x00000001
core   0: 0x8000b87c (0x0000bfe5) c.j     pc - 8
core   0: 3 0x8000b87c (0xbfe5)
core   0: 0x8000b874 (0x00000f17) auipc   t5, 0x0
core   0: 3 0x8000b874 (0x00000f17) x30 0x8000b874
core   0: 0x8000b878 (0x783f2623) sw      gp, 1932(t5)
core   0: 3 0x8000b878 (0x783f2623) mem 0x8000c000 0x00000001
core   0: 0x8000b87c (0x0000bfe5) c.j     pc - 8
core   0: 3 0x8000b87c (0xbfe5)
core   0: 0x8000b874 (0x00000f17) auipc   t5, 0x0
core   0: 3 0x8000b874 (0x00000f17) x30 0x8000b874
core   0: 0x8000b878 (0x783f2623) sw      gp, 1932(t5)
core   0: 3 0x8000b878 (0x783f2623) mem 0x8000c000 0x00000001
core   0: 0x8000b87c (0x0000bfe5) c.j     pc - 8
core   0: 3 0x8000b87c (0xbfe5)
core   0: 0x8000b874 (0x00000f17) auipc   t5, 0x0
core   0: 3 0x8000b874 (0x00000f17) x30 0x8000b874
core   0: 0x8000b878 (0x783f2623) sw      gp, 1932(t5)
core   0: 3 0x8000b878 (0x783f2623) mem 0x8000c000 0x00000001
core   0: 0x8000b87c (0x0000bfe5) c.j     pc - 8
core   0: 3 0x8000b87c (0xbfe5)
core   0: 0x8000b874 (0x00000f17) auipc   t5, 0x0
core   0: 3 0x8000b874 (0x00000f17) x30 0x8000b874
core   0: 0x8000b878 (0x783f2623) sw      gp, 1932(t5)
core   0: 3 0x8000b878 (0x783f2623) mem 0x8000c000 0x00000001
core   0: 0x8000b87c (0x0000bfe5) c.j     pc - 8
core   0: 3 0x8000b87c (0xbfe5)
core   0: 0x8000b874 (0x00000f17) auipc   t5, 0x0
core   0: 3 0x8000b874 (0x00000f17) x30 0x8000b874
core   0: 0x8000b878 (0x783f2623) sw      gp, 1932(t5)
core   0: 3 0x8000b878 (0x783f2623) mem 0x8000c000 0x00000001
core   0: 0x8000b87c (0x0000bfe5) c.j     pc - 8
core   0: 3 0x8000b87c (0xbfe5)
core   0: 0x8000b874 (0x00000f17) auipc   t5, 0x0
core   0: 3 0x8000b874 (0x00000f17) x30 0x8000b874
core   0: 0x8000b878 (0x783f2623) sw      gp, 1932(t5)
core   0: 3 0x8000b878 (0x783f2623) mem 0x8000c000 0x00000001
core   0: 0x8000b87c (0x0000bfe5) c.j     pc - 8
core   0: 3 0x8000b87c (0xbfe5)
core   0: 0x8000b874 (0x00000f17) auipc   t5, 0x0
core   0: 3 0x8000b874 (0x00000f17) x30 0x8000b874
core   0: 0x8000b878 (0x783f2623) sw      gp, 1932(t5)
core   0: 3 0x8000b878 (0x783f2623) mem 0x8000c000 0x00000001
core   0: 0x8000b87c (0x0000bfe5) c.j     pc - 8
core   0: 3 0x8000b87c (0xbfe5)
core   0: 0x8000b874 (0x00000f17) auipc   t5, 0x0
core   0: 3 0x8000b874 (0x00000f17) x30 0x8000b874
core   0: 0x8000b878 (0x783f2623) sw      gp, 1932(t5)
core   0: 3 0x8000b878 (0x783f2623) mem 0x8000c000 0x00000001
core   0: 0x8000b87c (0x0000bfe5) c.j     pc - 8
core   0: 3 0x8000b87c (0xbfe5)
core   0: 0x8000b874 (0x00000f17) auipc   t5, 0x0
core   0: 3 0x8000b874 (0x00000f17) x30 0x8000b874
core   0: 0x8000b878 (0x783f2623) sw      gp, 1932(t5)
core   0: 3 0x8000b878 (0x783f2623) mem 0x8000c000 0x00000001
core   0: 0x8000b87c (0x0000bfe5) c.j     pc - 8
core   0: 3 0x8000b87c (0xbfe5)
core   0: 0x8000b874 (0x00000f17) auipc   t5, 0x0
core   0: 3 0x8000b874 (0x00000f17) x30 0x8000b874
core   0: 0x8000b878 (0x783f2623) sw      gp, 1932(t5)
core   0: 3 0x8000b878 (0x783f2623) mem 0x8000c000 0x00000001
core   0: 0x8000b87c (0x0000bfe5) c.j     pc - 8
core   0: 3 0x8000b87c (0xbfe5)
core   0: 0x8000b874 (0x00000f17) auipc   t5, 0x0
core   0: 3 0x8000b874 (0x00000f17) x30 0x8000b874
core   0: 0x8000b878 (0x783f2623) sw      gp, 1932(t5)
core   0: 3 0x8000b878 (0x783f2623) mem 0x8000c000 0x00000001
core   0: 0x8000b87c (0x0000bfe5) c.j     pc - 8
core   0: 3 0x8000b87c (0xbfe5)
core   0: 0x8000b874 (0x00000f17) auipc   t5, 0x0
core   0: 3 0x8000b874 (0x00000f17) x30 0x8000b874
core   0: 0x8000b878 (0x783f2623) sw      gp, 1932(t5)
core   0: 3 0x8000b878 (0x783f2623) mem 0x8000c000 0x00000001
core   0: 0x8000b87c (0x0000bfe5) c.j     pc - 8
core   0: 3 0x8000b87c (0xbfe5)
core   0: 0x8000b874 (0x00000f17) auipc   t5, 0x0
core   0: 3 0x8000b874 (0x00000f17) x30 0x8000b874
core   0: 0x8000b878 (0x783f2623) sw      gp, 1932(t5)
core   0: 3 0x8000b878 (0x783f2623) mem 0x8000c000 0x00000001
core   0: 0x8000b87c (0x0000bfe5) c.j     pc - 8
core   0: 3 0x8000b87c (0xbfe5)
core   0: 0x8000b874 (0x00000f17) auipc   t5, 0x0
core   0: 3 0x8000b874 (0x00000f17) x30 0x8000b874
core   0: 0x8000b878 (0x783f2623) sw      gp, 1932(t5)
core   0: 3 0x8000b878 (0x783f2623) mem 0x8000c000 0x00000001
core   0: 0x8000b87c (0x0000bfe5) c.j     pc - 8
core   0: 3 0x8000b87c (0xbfe5)
core   0: 0x8000b874 (0x00000f17) auipc   t5, 0x0
core   0: 3 0x8000b874 (0x00000f17) x30 0x8000b874
core   0: 0x8000b878 (0x783f2623) sw      gp, 1932(t5)
core   0: 3 0x8000b878 (0x783f2623) mem 0x8000c000 0x00000001
core   0: 0x8000b87c (0x0000bfe5) c.j     pc - 8
core   0: 3 0x8000b87c (0xbfe5)
core   0: 0x8000b874 (0x00000f17) auipc   t5, 0x0
core   0: 3 0x8000b874 (0x00000f17) x30 0x8000b874
core   0: 0x8000b878 (0x783f2623) sw      gp, 1932(t5)
core   0: 3 0x8000b878 (0x783f2623) mem 0x8000c000 0x00000001
core   0: 0x8000b87c (0x0000bfe5) c.j     pc - 8
core   0: 3 0x8000b87c (0xbfe5)
core   0: 0x8000b874 (0x00000f17) auipc   t5, 0x0
core   0: 3 0x8000b874 (0x00000f17) x30 0x8000b874
core   0: 0x8000b878 (0x783f2623) sw      gp, 1932(t5)
core   0: 3 0x8000b878 (0x783f2623) mem 0x8000c000 0x00000001
core   0: 0x8000b87c (0x0000bfe5) c.j     pc - 8
core   0: 3 0x8000b87c (0xbfe5)
core   0: 0x8000b874 (0x00000f17) auipc   t5, 0x0
core   0: 3 0x8000b874 (0x00000f17) x30 0x8000b874
core   0: 0x8000b878 (0x783f2623) sw      gp, 1932(t5)
core   0: 3 0x8000b878 (0x783f2623) mem 0x8000c000 0x00000001
core   0: 0x8000b87c (0x0000bfe5) c.j     pc - 8
core   0: 3 0x8000b87c (0xbfe5)
core   0: 0x8000b874 (0x00000f17) auipc   t5, 0x0
core   0: 3 0x8000b874 (0x00000f17) x30 0x8000b874
core   0: 0x8000b878 (0x783f2623) sw      gp, 1932(t5)
core   0: 3 0x8000b878 (0x783f2623) mem 0x8000c000 0x00000001
core   0: 0x8000b87c (0x0000bfe5) c.j     pc - 8
core   0: 3 0x8000b87c (0xbfe5)
core   0: 0x8000b874 (0x00000f17) auipc   t5, 0x0
core   0: 3 0x8000b874 (0x00000f17) x30 0x8000b874
core   0: 0x8000b878 (0x783f2623) sw      gp, 1932(t5)
core   0: 3 0x8000b878 (0x783f2623) mem 0x8000c000 0x00000001
core   0: 0x8000b87c (0x0000bfe5) c.j     pc - 8
core   0: 3 0x8000b87c (0xbfe5)
core   0: 0x8000b874 (0x00000f17) auipc   t5, 0x0
core   0: 3 0x8000b874 (0x00000f17) x30 0x8000b874
core   0: 0x8000b878 (0x783f2623) sw      gp, 1932(t5)
core   0: 3 0x8000b878 (0x783f2623) mem 0x8000c000 0x00000001
core   0: 0x8000b87c (0x0000bfe5) c.j     pc - 8
core   0: 3 0x8000b87c (0xbfe5)
core   0: 0x8000b874 (0x00000f17) auipc   t5, 0x0
core   0: 3 0x8000b874 (0x00000f17) x30 0x8000b874
core   0: 0x8000b878 (0x783f2623) sw      gp, 1932(t5)
core   0: 3 0x8000b878 (0x783f2623) mem 0x8000c000 0x00000001
core   0: 0x8000b87c (0x0000bfe5) c.j     pc - 8
core   0: 3 0x8000b87c (0xbfe5)
core   0: 0x8000b874 (0x00000f17) auipc   t5, 0x0
core   0: 3 0x8000b874 (0x00000f17) x30 0x8000b874
core   0: 0x8000b878 (0x783f2623) sw      gp, 1932(t5)
core   0: 3 0x8000b878 (0x783f2623) mem 0x8000c000 0x00000001
core   0: 0x8000b87c (0x0000bfe5) c.j     pc - 8
core   0: 3 0x8000b87c (0xbfe5)
core   0: 0x8000b874 (0x00000f17) auipc   t5, 0x0
core   0: 3 0x8000b874 (0x00000f17) x30 0x8000b874
core   0: 0x8000b878 (0x783f2623) sw      gp, 1932(t5)
core   0: 3 0x8000b878 (0x783f2623) mem 0x8000c000 0x00000001
core   0: 0x8000b87c (0x0000bfe5) c.j     pc - 8
core   0: 3 0x8000b87c (0xbfe5)
core   0: 0x8000b874 (0x00000f17) auipc   t5, 0x0
core   0: 3 0x8000b874 (0x00000f17) x30 0x8000b874
core   0: 0x8000b878 (0x783f2623) sw      gp, 1932(t5)
core   0: 3 0x8000b878 (0x783f2623) mem 0x8000c000 0x00000001
core   0: 0x8000b87c (0x0000bfe5) c.j     pc - 8
core   0: 3 0x8000b87c (0xbfe5)
core   0: 0x8000b874 (0x00000f17) auipc   t5, 0x0
core   0: 3 0x8000b874 (0x00000f17) x30 0x8000b874
core   0: 0x8000b878 (0x783f2623) sw      gp, 1932(t5)
core   0: 3 0x8000b878 (0x783f2623) mem 0x8000c000 0x00000001
core   0: 0x8000b87c (0x0000bfe5) c.j     pc - 8
core   0: 3 0x8000b87c (0xbfe5)
core   0: 0x8000b874 (0x00000f17) auipc   t5, 0x0
core   0: 3 0x8000b874 (0x00000f17) x30 0x8000b874
core   0: 0x8000b878 (0x783f2623) sw      gp, 1932(t5)
core   0: 3 0x8000b878 (0x783f2623) mem 0x8000c000 0x00000001
core   0: 0x8000b87c (0x0000bfe5) c.j     pc - 8
core   0: 3 0x8000b87c (0xbfe5)
core   0: 0x8000b874 (0x00000f17) auipc   t5, 0x0
core   0: 3 0x8000b874 (0x00000f17) x30 0x8000b874
core   0: 0x8000b878 (0x783f2623) sw      gp, 1932(t5)
core   0: 3 0x8000b878 (0x783f2623) mem 0x8000c000 0x00000001
core   0: 0x8000b87c (0x0000bfe5) c.j     pc - 8
core   0: 3 0x8000b87c (0xbfe5)
core   0: 0x8000b874 (0x00000f17) auipc   t5, 0x0
core   0: 3 0x8000b874 (0x00000f17) x30 0x8000b874
core   0: 0x8000b878 (0x783f2623) sw      gp, 1932(t5)
core   0: 3 0x8000b878 (0x783f2623) mem 0x8000c000 0x00000001
core   0: 0x8000b87c (0x0000bfe5) c.j     pc - 8
core   0: 3 0x8000b87c (0xbfe5)
core   0: 0x8000b874 (0x00000f17) auipc   t5, 0x0
core   0: 3 0x8000b874 (0x00000f17) x30 0x8000b874
core   0: 0x8000b878 (0x783f2623) sw      gp, 1932(t5)
core   0: 3 0x8000b878 (0x783f2623) mem 0x8000c000 0x00000001
core   0: 0x8000b87c (0x0000bfe5) c.j     pc - 8
core   0: 3 0x8000b87c (0xbfe5)
core   0: 0x8000b874 (0x00000f17) auipc   t5, 0x0
core   0: 3 0x8000b874 (0x00000f17) x30 0x8000b874
core   0: 0x8000b878 (0x783f2623) sw      gp, 1932(t5)
core   0: 3 0x8000b878 (0x783f2623) mem 0x8000c000 0x00000001
core   0: 0x8000b87c (0x0000bfe5) c.j     pc - 8
core   0: 3 0x8000b87c (0xbfe5)
core   0: 0x8000b874 (0x00000f17) auipc   t5, 0x0
core   0: 3 0x8000b874 (0x00000f17) x30 0x8000b874
core   0: 0x8000b878 (0x783f2623) sw      gp, 1932(t5)
core   0: 3 0x8000b878 (0x783f2623) mem 0x8000c000 0x00000001
core   0: 0x8000b87c (0x0000bfe5) c.j     pc - 8
core   0: 3 0x8000b87c (0xbfe5)
core   0: 0x8000b874 (0x00000f17) auipc   t5, 0x0
core   0: 3 0x8000b874 (0x00000f17) x30 0x8000b874
core   0: 0x8000b878 (0x783f2623) sw      gp, 1932(t5)
core   0: 3 0x8000b878 (0x783f2623) mem 0x8000c000 0x00000001
core   0: 0x8000b87c (0x0000bfe5) c.j     pc - 8
core   0: 3 0x8000b87c (0xbfe5)
core   0: 0x8000b874 (0x00000f17) auipc   t5, 0x0
core   0: 3 0x8000b874 (0x00000f17) x30 0x8000b874
core   0: 0x8000b878 (0x783f2623) sw      gp, 1932(t5)
core   0: 3 0x8000b878 (0x783f2623) mem 0x8000c000 0x00000001
core   0: 0x8000b87c (0x0000bfe5) c.j     pc - 8
core   0: 3 0x8000b87c (0xbfe5)
core   0: 0x8000b874 (0x00000f17) auipc   t5, 0x0
core   0: 3 0x8000b874 (0x00000f17) x30 0x8000b874
core   0: 0x8000b878 (0x783f2623) sw      gp, 1932(t5)
core   0: 3 0x8000b878 (0x783f2623) mem 0x8000c000 0x00000001
core   0: 0x8000b87c (0x0000bfe5) c.j     pc - 8
core   0: 3 0x8000b87c (0xbfe5)
core   0: 0x8000b874 (0x00000f17) auipc   t5, 0x0
core   0: 3 0x8000b874 (0x00000f17) x30 0x8000b874
core   0: 0x8000b878 (0x783f2623) sw      gp, 1932(t5)
core   0: 3 0x8000b878 (0x783f2623) mem 0x8000c000 0x00000001
core   0: 0x8000b87c (0x0000bfe5) c.j     pc - 8
core   0: 3 0x8000b87c (0xbfe5)
core   0: 0x8000b874 (0x00000f17) auipc   t5, 0x0
core   0: 3 0x8000b874 (0x00000f17) x30 0x8000b874
core   0: 0x8000b878 (0x783f2623) sw      gp, 1932(t5)
core   0: 3 0x8000b878 (0x783f2623) mem 0x8000c000 0x00000001
core   0: 0x8000b87c (0x0000bfe5) c.j     pc - 8
core   0: 3 0x8000b87c (0xbfe5)
core   0: 0x8000b874 (0x00000f17) auipc   t5, 0x0
core   0: 3 0x8000b874 (0x00000f17) x30 0x8000b874
core   0: 0x8000b878 (0x783f2623) sw      gp, 1932(t5)
core   0: 3 0x8000b878 (0x783f2623) mem 0x8000c000 0x00000001
core   0: 0x8000b87c (0x0000bfe5) c.j     pc - 8
core   0: 3 0x8000b87c (0xbfe5)
core   0: 0x8000b874 (0x00000f17) auipc   t5, 0x0
core   0: 3 0x8000b874 (0x00000f17) x30 0x8000b874
core   0: 0x8000b878 (0x783f2623) sw      gp, 1932(t5)
core   0: 3 0x8000b878 (0x783f2623) mem 0x8000c000 0x00000001
core   0: 0x8000b87c (0x0000bfe5) c.j     pc - 8
core   0: 3 0x8000b87c (0xbfe5)
core   0: 0x8000b874 (0x00000f17) auipc   t5, 0x0
core   0: 3 0x8000b874 (0x00000f17) x30 0x8000b874
core   0: 0x8000b878 (0x783f2623) sw      gp, 1932(t5)
core   0: 3 0x8000b878 (0x783f2623) mem 0x8000c000 0x00000001
core   0: 0x8000b87c (0x0000bfe5) c.j     pc - 8
core   0: 3 0x8000b87c (0xbfe5)
core   0: 0x8000b874 (0x00000f17) auipc   t5, 0x0
core   0: 3 0x8000b874 (0x00000f17) x30 0x8000b874
core   0: 0x8000b878 (0x783f2623) sw      gp, 1932(t5)
core   0: 3 0x8000b878 (0x783f2623) mem 0x8000c000 0x00000001
core   0: 0x8000b87c (0x0000bfe5) c.j     pc - 8
core   0: 3 0x8000b87c (0xbfe5)
core   0: 0x8000b874 (0x00000f17) auipc   t5, 0x0
core   0: 3 0x8000b874 (0x00000f17) x30 0x8000b874
core   0: 0x8000b878 (0x783f2623) sw      gp, 1932(t5)
core   0: 3 0x8000b878 (0x783f2623) mem 0x8000c000 0x00000001
core   0: 0x8000b87c (0x0000bfe5) c.j     pc - 8
core   0: 3 0x8000b87c (0xbfe5)
core   0: 0x8000b874 (0x00000f17) auipc   t5, 0x0
core   0: 3 0x8000b874 (0x00000f17) x30 0x8000b874
core   0: 0x8000b878 (0x783f2623) sw      gp, 1932(t5)
core   0: 3 0x8000b878 (0x783f2623) mem 0x8000c000 0x00000001
core   0: 0x8000b87c (0x0000bfe5) c.j     pc - 8
core   0: 3 0x8000b87c (0xbfe5)
core   0: 0x8000b874 (0x00000f17) auipc   t5, 0x0
core   0: 3 0x8000b874 (0x00000f17) x30 0x8000b874
core   0: 0x8000b878 (0x783f2623) sw      gp, 1932(t5)
core   0: 3 0x8000b878 (0x783f2623) mem 0x8000c000 0x00000001
core   0: 0x8000b87c (0x0000bfe5) c.j     pc - 8
core   0: 3 0x8000b87c (0xbfe5)
core   0: 0x8000b874 (0x00000f17) auipc   t5, 0x0
core   0: 3 0x8000b874 (0x00000f17) x30 0x8000b874
core   0: 0x8000b878 (0x783f2623) sw      gp, 1932(t5)
core   0: 3 0x8000b878 (0x783f2623) mem 0x8000c000 0x00000001
core   0: 0x8000b87c (0x0000bfe5) c.j     pc - 8
core   0: 3 0x8000b87c (0xbfe5)
core   0: 0x8000b874 (0x00000f17) auipc   t5, 0x0
core   0: 3 0x8000b874 (0x00000f17) x30 0x8000b874
core   0: 0x8000b878 (0x783f2623) sw      gp, 1932(t5)
core   0: 3 0x8000b878 (0x783f2623) mem 0x8000c000 0x00000001
core   0: 0x8000b87c (0x0000bfe5) c.j     pc - 8
core   0: 3 0x8000b87c (0xbfe5)
core   0: 0x8000b874 (0x00000f17) auipc   t5, 0x0
core   0: 3 0x8000b874 (0x00000f17) x30 0x8000b874
core   0: 0x8000b878 (0x783f2623) sw      gp, 1932(t5)
core   0: 3 0x8000b878 (0x783f2623) mem 0x8000c000 0x00000001
core   0: 0x8000b87c (0x0000bfe5) c.j     pc - 8
core   0: 3 0x8000b87c (0xbfe5)
core   0: 0x8000b874 (0x00000f17) auipc   t5, 0x0
core   0: 3 0x8000b874 (0x00000f17) x30 0x8000b874
core   0: 0x8000b878 (0x783f2623) sw      gp, 1932(t5)
core   0: 3 0x8000b878 (0x783f2623) mem 0x8000c000 0x00000001
core   0: 0x8000b87c (0x0000bfe5) c.j     pc - 8
core   0: 3 0x8000b87c (0xbfe5)
core   0: 0x8000b874 (0x00000f17) auipc   t5, 0x0
core   0: 3 0x8000b874 (0x00000f17) x30 0x8000b874
core   0: 0x8000b878 (0x783f2623) sw      gp, 1932(t5)
core   0: 3 0x8000b878 (0x783f2623) mem 0x8000c000 0x00000001
core   0: 0x8000b87c (0x0000bfe5) c.j     pc - 8
core   0: 3 0x8000b87c (0xbfe5)
core   0: 0x8000b874 (0x00000f17) auipc   t5, 0x0
core   0: 3 0x8000b874 (0x00000f17) x30 0x8000b874
core   0: 0x8000b878 (0x783f2623) sw      gp, 1932(t5)
core   0: 3 0x8000b878 (0x783f2623) mem 0x8000c000 0x00000001
core   0: 0x8000b87c (0x0000bfe5) c.j     pc - 8
core   0: 3 0x8000b87c (0xbfe5)
core   0: 0x8000b874 (0x00000f17) auipc   t5, 0x0
core   0: 3 0x8000b874 (0x00000f17) x30 0x8000b874
core   0: 0x8000b878 (0x783f2623) sw      gp, 1932(t5)
core   0: 3 0x8000b878 (0x783f2623) mem 0x8000c000 0x00000001
core   0: 0x8000b87c (0x0000bfe5) c.j     pc - 8
core   0: 3 0x8000b87c (0xbfe5)
core   0: 0x8000b874 (0x00000f17) auipc   t5, 0x0
core   0: 3 0x8000b874 (0x00000f17) x30 0x8000b874
core   0: 0x8000b878 (0x783f2623) sw      gp, 1932(t5)
core   0: 3 0x8000b878 (0x783f2623) mem 0x8000c000 0x00000001
core   0: 0x8000b87c (0x0000bfe5) c.j     pc - 8
core   0: 3 0x8000b87c (0xbfe5)
core   0: 0x8000b874 (0x00000f17) auipc   t5, 0x0
core   0: 3 0x8000b874 (0x00000f17) x30 0x8000b874
core   0: 0x8000b878 (0x783f2623) sw      gp, 1932(t5)
core   0: 3 0x8000b878 (0x783f2623) mem 0x8000c000 0x00000001
core   0: 0x8000b87c (0x0000bfe5) c.j     pc - 8
core   0: 3 0x8000b87c (0xbfe5)
core   0: 0x8000b874 (0x00000f17) auipc   t5, 0x0
core   0: 3 0x8000b874 (0x00000f17) x30 0x8000b874
core   0: 0x8000b878 (0x783f2623) sw      gp, 1932(t5)
core   0: 3 0x8000b878 (0x783f2623) mem 0x8000c000 0x00000001
core   0: 0x8000b87c (0x0000bfe5) c.j     pc - 8
core   0: 3 0x8000b87c (0xbfe5)
core   0: 0x8000b874 (0x00000f17) auipc   t5, 0x0
core   0: 3 0x8000b874 (0x00000f17) x30 0x8000b874
core   0: 0x8000b878 (0x783f2623) sw      gp, 1932(t5)
core   0: 3 0x8000b878 (0x783f2623) mem 0x8000c000 0x00000001
core   0: 0x8000b87c (0x0000bfe5) c.j     pc - 8
core   0: 3 0x8000b87c (0xbfe5)
core   0: 0x8000b874 (0x00000f17) auipc   t5, 0x0
core   0: 3 0x8000b874 (0x00000f17) x30 0x8000b874
core   0: 0x8000b878 (0x783f2623) sw      gp, 1932(t5)
core   0: 3 0x8000b878 (0x783f2623) mem 0x8000c000 0x00000001
core   0: 0x8000b87c (0x0000bfe5) c.j     pc - 8
core   0: 3 0x8000b87c (0xbfe5)
core   0: 0x8000b874 (0x00000f17) auipc   t5, 0x0
core   0: 3 0x8000b874 (0x00000f17) x30 0x8000b874
core   0: 0x8000b878 (0x783f2623) sw      gp, 1932(t5)
core   0: 3 0x8000b878 (0x783f2623) mem 0x8000c000 0x00000001
core   0: 0x8000b87c (0x0000bfe5) c.j     pc - 8
core   0: 3 0x8000b87c (0xbfe5)
core   0: 0x8000b874 (0x00000f17) auipc   t5, 0x0
core   0: 3 0x8000b874 (0x00000f17) x30 0x8000b874
core   0: 0x8000b878 (0x783f2623) sw      gp, 1932(t5)
core   0: 3 0x8000b878 (0x783f2623) mem 0x8000c000 0x00000001
core   0: 0x8000b87c (0x0000bfe5) c.j     pc - 8
core   0: 3 0x8000b87c (0xbfe5)
core   0: 0x8000b874 (0x00000f17) auipc   t5, 0x0
core   0: 3 0x8000b874 (0x00000f17) x30 0x8000b874
core   0: 0x8000b878 (0x783f2623) sw      gp, 1932(t5)
core   0: 3 0x8000b878 (0x783f2623) mem 0x8000c000 0x00000001
core   0: 0x8000b87c (0x0000bfe5) c.j     pc - 8
core   0: 3 0x8000b87c (0xbfe5)
core   0: 0x8000b874 (0x00000f17) auipc   t5, 0x0
core   0: 3 0x8000b874 (0x00000f17) x30 0x8000b874
core   0: 0x8000b878 (0x783f2623) sw      gp, 1932(t5)
core   0: 3 0x8000b878 (0x783f2623) mem 0x8000c000 0x00000001
core   0: 0x8000b87c (0x0000bfe5) c.j     pc - 8
core   0: 3 0x8000b87c (0xbfe5)
core   0: 0x8000b874 (0x00000f17) auipc   t5, 0x0
core   0: 3 0x8000b874 (0x00000f17) x30 0x8000b874
core   0: 0x8000b878 (0x783f2623) sw      gp, 1932(t5)
core   0: 3 0x8000b878 (0x783f2623) mem 0x8000c000 0x00000001
core   0: 0x8000b87c (0x0000bfe5) c.j     pc - 8
core   0: 3 0x8000b87c (0xbfe5)
core   0: 0x8000b874 (0x00000f17) auipc   t5, 0x0
core   0: 3 0x8000b874 (0x00000f17) x30 0x8000b874
core   0: 0x8000b878 (0x783f2623) sw      gp, 1932(t5)
core   0: 3 0x8000b878 (0x783f2623) mem 0x8000c000 0x00000001
core   0: 0x8000b87c (0x0000bfe5) c.j     pc - 8
core   0: 3 0x8000b87c (0xbfe5)
core   0: 0x8000b874 (0x00000f17) auipc   t5, 0x0
core   0: 3 0x8000b874 (0x00000f17) x30 0x8000b874
core   0: 0x8000b878 (0x783f2623) sw      gp, 1932(t5)
core   0: 3 0x8000b878 (0x783f2623) mem 0x8000c000 0x00000001
core   0: 0x8000b87c (0x0000bfe5) c.j     pc - 8
core   0: 3 0x8000b87c (0xbfe5)
core   0: 0x8000b874 (0x00000f17) auipc   t5, 0x0
core   0: 3 0x8000b874 (0x00000f17) x30 0x8000b874
core   0: 0x8000b878 (0x783f2623) sw      gp, 1932(t5)
core   0: 3 0x8000b878 (0x783f2623) mem 0x8000c000 0x00000001
core   0: 0x8000b87c (0x0000bfe5) c.j     pc - 8
core   0: 3 0x8000b87c (0xbfe5)
core   0: 0x8000b874 (0x00000f17) auipc   t5, 0x0
core   0: 3 0x8000b874 (0x00000f17) x30 0x8000b874
core   0: 0x8000b878 (0x783f2623) sw      gp, 1932(t5)
core   0: 3 0x8000b878 (0x783f2623) mem 0x8000c000 0x00000001
core   0: 0x8000b87c (0x0000bfe5) c.j     pc - 8
core   0: 3 0x8000b87c (0xbfe5)
core   0: 0x8000b874 (0x00000f17) auipc   t5, 0x0
core   0: 3 0x8000b874 (0x00000f17) x30 0x8000b874
core   0: 0x8000b878 (0x783f2623) sw      gp, 1932(t5)
core   0: 3 0x8000b878 (0x783f2623) mem 0x8000c000 0x00000001
core   0: 0x8000b87c (0x0000bfe5) c.j     pc - 8
core   0: 3 0x8000b87c (0xbfe5)
core   0: 0x8000b874 (0x00000f17) auipc   t5, 0x0
core   0: 3 0x8000b874 (0x00000f17) x30 0x8000b874
core   0: 0x8000b878 (0x783f2623) sw      gp, 1932(t5)
core   0: 3 0x8000b878 (0x783f2623) mem 0x8000c000 0x00000001
core   0: 0x8000b87c (0x0000bfe5) c.j     pc - 8
core   0: 3 0x8000b87c (0xbfe5)
core   0: 0x8000b874 (0x00000f17) auipc   t5, 0x0
core   0: 3 0x8000b874 (0x00000f17) x30 0x8000b874
core   0: 0x8000b878 (0x783f2623) sw      gp, 1932(t5)
core   0: 3 0x8000b878 (0x783f2623) mem 0x8000c000 0x00000001
core   0: 0x8000b87c (0x0000bfe5) c.j     pc - 8
core   0: 3 0x8000b87c (0xbfe5)
core   0: 0x8000b874 (0x00000f17) auipc   t5, 0x0
core   0: 3 0x8000b874 (0x00000f17) x30 0x8000b874
core   0: 0x8000b878 (0x783f2623) sw      gp, 1932(t5)
core   0: 3 0x8000b878 (0x783f2623) mem 0x8000c000 0x00000001
core   0: 0x8000b87c (0x0000bfe5) c.j     pc - 8
core   0: 3 0x8000b87c (0xbfe5)
core   0: 0x8000b874 (0x00000f17) auipc   t5, 0x0
core   0: 3 0x8000b874 (0x00000f17) x30 0x8000b874
core   0: 0x8000b878 (0x783f2623) sw      gp, 1932(t5)
core   0: 3 0x8000b878 (0x783f2623) mem 0x8000c000 0x00000001
core   0: 0x8000b87c (0x0000bfe5) c.j     pc - 8
core   0: 3 0x8000b87c (0xbfe5)
core   0: 0x8000b874 (0x00000f17) auipc   t5, 0x0
core   0: 3 0x8000b874 (0x00000f17) x30 0x8000b874
core   0: 0x8000b878 (0x783f2623) sw      gp, 1932(t5)
core   0: 3 0x8000b878 (0x783f2623) mem 0x8000c000 0x00000001
core   0: 0x8000b87c (0x0000bfe5) c.j     pc - 8
core   0: 3 0x8000b87c (0xbfe5)
core   0: 0x8000b874 (0x00000f17) auipc   t5, 0x0
core   0: 3 0x8000b874 (0x00000f17) x30 0x8000b874
core   0: 0x8000b878 (0x783f2623) sw      gp, 1932(t5)
core   0: 3 0x8000b878 (0x783f2623) mem 0x8000c000 0x00000001
core   0: 0x8000b87c (0x0000bfe5) c.j     pc - 8
core   0: 3 0x8000b87c (0xbfe5)
core   0: 0x8000b874 (0x00000f17) auipc   t5, 0x0
core   0: 3 0x8000b874 (0x00000f17) x30 0x8000b874
core   0: 0x8000b878 (0x783f2623) sw      gp, 1932(t5)
core   0: 3 0x8000b878 (0x783f2623) mem 0x8000c000 0x00000001
core   0: 0x8000b87c (0x0000bfe5) c.j     pc - 8
core   0: 3 0x8000b87c (0xbfe5)
core   0: 0x8000b874 (0x00000f17) auipc   t5, 0x0
core   0: 3 0x8000b874 (0x00000f17) x30 0x8000b874
core   0: 0x8000b878 (0x783f2623) sw      gp, 1932(t5)
core   0: 3 0x8000b878 (0x783f2623) mem 0x8000c000 0x00000001
core   0: 0x8000b87c (0x0000bfe5) c.j     pc - 8
core   0: 3 0x8000b87c (0xbfe5)
core   0: 0x8000b874 (0x00000f17) auipc   t5, 0x0
core   0: 3 0x8000b874 (0x00000f17) x30 0x8000b874
core   0: 0x8000b878 (0x783f2623) sw      gp, 1932(t5)
core   0: 3 0x8000b878 (0x783f2623) mem 0x8000c000 0x00000001
core   0: 0x8000b87c (0x0000bfe5) c.j     pc - 8
core   0: 3 0x8000b87c (0xbfe5)
core   0: 0x8000b874 (0x00000f17) auipc   t5, 0x0
core   0: 3 0x8000b874 (0x00000f17) x30 0x8000b874
core   0: 0x8000b878 (0x783f2623) sw      gp, 1932(t5)
core   0: 3 0x8000b878 (0x783f2623) mem 0x8000c000 0x00000001
core   0: 0x8000b87c (0x0000bfe5) c.j     pc - 8
core   0: 3 0x8000b87c (0xbfe5)
core   0: 0x8000b874 (0x00000f17) auipc   t5, 0x0
core   0: 3 0x8000b874 (0x00000f17) x30 0x8000b874
core   0: 0x8000b878 (0x783f2623) sw      gp, 1932(t5)
core   0: 3 0x8000b878 (0x783f2623) mem 0x8000c000 0x00000001
core   0: 0x8000b87c (0x0000bfe5) c.j     pc - 8
core   0: 3 0x8000b87c (0xbfe5)
core   0: 0x8000b874 (0x00000f17) auipc   t5, 0x0
core   0: 3 0x8000b874 (0x00000f17) x30 0x8000b874
core   0: 0x8000b878 (0x783f2623) sw      gp, 1932(t5)
core   0: 3 0x8000b878 (0x783f2623) mem 0x8000c000 0x00000001
core   0: 0x8000b87c (0x0000bfe5) c.j     pc - 8
core   0: 3 0x8000b87c (0xbfe5)
core   0: 0x8000b874 (0x00000f17) auipc   t5, 0x0
core   0: 3 0x8000b874 (0x00000f17) x30 0x8000b874
core   0: 0x8000b878 (0x783f2623) sw      gp, 1932(t5)
core   0: 3 0x8000b878 (0x783f2623) mem 0x8000c000 0x00000001
core   0: 0x8000b87c (0x0000bfe5) c.j     pc - 8
core   0: 3 0x8000b87c (0xbfe5)
core   0: 0x8000b874 (0x00000f17) auipc   t5, 0x0
core   0: 3 0x8000b874 (0x00000f17) x30 0x8000b874
core   0: 0x8000b878 (0x783f2623) sw      gp, 1932(t5)
core   0: 3 0x8000b878 (0x783f2623) mem 0x8000c000 0x00000001
core   0: 0x8000b87c (0x0000bfe5) c.j     pc - 8
core   0: 3 0x8000b87c (0xbfe5)
core   0: 0x8000b874 (0x00000f17) auipc   t5, 0x0
core   0: 3 0x8000b874 (0x00000f17) x30 0x8000b874
core   0: 0x8000b878 (0x783f2623) sw      gp, 1932(t5)
core   0: 3 0x8000b878 (0x783f2623) mem 0x8000c000 0x00000001
core   0: 0x8000b87c (0x0000bfe5) c.j     pc - 8
core   0: 3 0x8000b87c (0xbfe5)
core   0: 0x8000b874 (0x00000f17) auipc   t5, 0x0
core   0: 3 0x8000b874 (0x00000f17) x30 0x8000b874
core   0: 0x8000b878 (0x783f2623) sw      gp, 1932(t5)
core   0: 3 0x8000b878 (0x783f2623) mem 0x8000c000 0x00000001
core   0: 0x8000b87c (0x0000bfe5) c.j     pc - 8
core   0: 3 0x8000b87c (0xbfe5)
core   0: 0x8000b874 (0x00000f17) auipc   t5, 0x0
core   0: 3 0x8000b874 (0x00000f17) x30 0x8000b874
core   0: 0x8000b878 (0x783f2623) sw      gp, 1932(t5)
core   0: 3 0x8000b878 (0x783f2623) mem 0x8000c000 0x00000001
core   0: 0x8000b87c (0x0000bfe5) c.j     pc - 8
core   0: 3 0x8000b87c (0xbfe5)
core   0: 0x8000b874 (0x00000f17) auipc   t5, 0x0
core   0: 3 0x8000b874 (0x00000f17) x30 0x8000b874
core   0: 0x8000b878 (0x783f2623) sw      gp, 1932(t5)
core   0: 3 0x8000b878 (0x783f2623) mem 0x8000c000 0x00000001
core   0: 0x8000b87c (0x0000bfe5) c.j     pc - 8
core   0: 3 0x8000b87c (0xbfe5)
core   0: 0x8000b874 (0x00000f17) auipc   t5, 0x0
core   0: 3 0x8000b874 (0x00000f17) x30 0x8000b874
core   0: 0x8000b878 (0x783f2623) sw      gp, 1932(t5)
core   0: 3 0x8000b878 (0x783f2623) mem 0x8000c000 0x00000001
core   0: 0x8000b87c (0x0000bfe5) c.j     pc - 8
core   0: 3 0x8000b87c (0xbfe5)
core   0: 0x8000b874 (0x00000f17) auipc   t5, 0x0
core   0: 3 0x8000b874 (0x00000f17) x30 0x8000b874
core   0: 0x8000b878 (0x783f2623) sw      gp, 1932(t5)
core   0: 3 0x8000b878 (0x783f2623) mem 0x8000c000 0x00000001
core   0: 0x8000b87c (0x0000bfe5) c.j     pc - 8
core   0: 3 0x8000b87c (0xbfe5)
core   0: 0x8000b874 (0x00000f17) auipc   t5, 0x0
core   0: 3 0x8000b874 (0x00000f17) x30 0x8000b874
core   0: 0x8000b878 (0x783f2623) sw      gp, 1932(t5)
core   0: 3 0x8000b878 (0x783f2623) mem 0x8000c000 0x00000001
core   0: 0x8000b87c (0x0000bfe5) c.j     pc - 8
core   0: 3 0x8000b87c (0xbfe5)
core   0: 0x8000b874 (0x00000f17) auipc   t5, 0x0
core   0: 3 0x8000b874 (0x00000f17) x30 0x8000b874
core   0: 0x8000b878 (0x783f2623) sw      gp, 1932(t5)
core   0: 3 0x8000b878 (0x783f2623) mem 0x8000c000 0x00000001
core   0: 0x8000b87c (0x0000bfe5) c.j     pc - 8
core   0: 3 0x8000b87c (0xbfe5)
core   0: 0x8000b874 (0x00000f17) auipc   t5, 0x0
core   0: 3 0x8000b874 (0x00000f17) x30 0x8000b874
core   0: 0x8000b878 (0x783f2623) sw      gp, 1932(t5)
core   0: 3 0x8000b878 (0x783f2623) mem 0x8000c000 0x00000001
core   0: 0x8000b87c (0x0000bfe5) c.j     pc - 8
core   0: 3 0x8000b87c (0xbfe5)
core   0: 0x8000b874 (0x00000f17) auipc   t5, 0x0
core   0: 3 0x8000b874 (0x00000f17) x30 0x8000b874
core   0: 0x8000b878 (0x783f2623) sw      gp, 1932(t5)
core   0: 3 0x8000b878 (0x783f2623) mem 0x8000c000 0x00000001
core   0: 0x8000b87c (0x0000bfe5) c.j     pc - 8
core   0: 3 0x8000b87c (0xbfe5)
core   0: 0x8000b874 (0x00000f17) auipc   t5, 0x0
core   0: 3 0x8000b874 (0x00000f17) x30 0x8000b874
core   0: 0x8000b878 (0x783f2623) sw      gp, 1932(t5)
core   0: 3 0x8000b878 (0x783f2623) mem 0x8000c000 0x00000001
core   0: 0x8000b87c (0x0000bfe5) c.j     pc - 8
core   0: 3 0x8000b87c (0xbfe5)
core   0: 0x8000b874 (0x00000f17) auipc   t5, 0x0
core   0: 3 0x8000b874 (0x00000f17) x30 0x8000b874
core   0: 0x8000b878 (0x783f2623) sw      gp, 1932(t5)
core   0: 3 0x8000b878 (0x783f2623) mem 0x8000c000 0x00000001
core   0: 0x8000b87c (0x0000bfe5) c.j     pc - 8
core   0: 3 0x8000b87c (0xbfe5)
core   0: 0x8000b874 (0x00000f17) auipc   t5, 0x0
core   0: 3 0x8000b874 (0x00000f17) x30 0x8000b874
core   0: 0x8000b878 (0x783f2623) sw      gp, 1932(t5)
core   0: 3 0x8000b878 (0x783f2623) mem 0x8000c000 0x00000001
core   0: 0x8000b87c (0x0000bfe5) c.j     pc - 8
core   0: 3 0x8000b87c (0xbfe5)
core   0: 0x8000b874 (0x00000f17) auipc   t5, 0x0
core   0: 3 0x8000b874 (0x00000f17) x30 0x8000b874
core   0: 0x8000b878 (0x783f2623) sw      gp, 1932(t5)
core   0: 3 0x8000b878 (0x783f2623) mem 0x8000c000 0x00000001
core   0: 0x8000b87c (0x0000bfe5) c.j     pc - 8
core   0: 3 0x8000b87c (0xbfe5)
core   0: 0x8000b874 (0x00000f17) auipc   t5, 0x0
core   0: 3 0x8000b874 (0x00000f17) x30 0x8000b874
core   0: 0x8000b878 (0x783f2623) sw      gp, 1932(t5)
core   0: 3 0x8000b878 (0x783f2623) mem 0x8000c000 0x00000001
core   0: 0x8000b87c (0x0000bfe5) c.j     pc - 8
core   0: 3 0x8000b87c (0xbfe5)
core   0: 0x8000b874 (0x00000f17) auipc   t5, 0x0
core   0: 3 0x8000b874 (0x00000f17) x30 0x8000b874
core   0: 0x8000b878 (0x783f2623) sw      gp, 1932(t5)
core   0: 3 0x8000b878 (0x783f2623) mem 0x8000c000 0x00000001
core   0: 0x8000b87c (0x0000bfe5) c.j     pc - 8
core   0: 3 0x8000b87c (0xbfe5)
core   0: 0x8000b874 (0x00000f17) auipc   t5, 0x0
core   0: 3 0x8000b874 (0x00000f17) x30 0x8000b874
core   0: 0x8000b878 (0x783f2623) sw      gp, 1932(t5)
core   0: 3 0x8000b878 (0x783f2623) mem 0x8000c000 0x00000001
core   0: 0x8000b87c (0x0000bfe5) c.j     pc - 8
core   0: 3 0x8000b87c (0xbfe5)
core   0: 0x8000b874 (0x00000f17) auipc   t5, 0x0
core   0: 3 0x8000b874 (0x00000f17) x30 0x8000b874
core   0: 0x8000b878 (0x783f2623) sw      gp, 1932(t5)
core   0: 3 0x8000b878 (0x783f2623) mem 0x8000c000 0x00000001
core   0: 0x8000b87c (0x0000bfe5) c.j     pc - 8
core   0: 3 0x8000b87c (0xbfe5)
core   0: 0x8000b874 (0x00000f17) auipc   t5, 0x0
core   0: 3 0x8000b874 (0x00000f17) x30 0x8000b874
core   0: 0x8000b878 (0x783f2623) sw      gp, 1932(t5)
core   0: 3 0x8000b878 (0x783f2623) mem 0x8000c000 0x00000001
core   0: 0x8000b87c (0x0000bfe5) c.j     pc - 8
core   0: 3 0x8000b87c (0xbfe5)
core   0: 0x8000b874 (0x00000f17) auipc   t5, 0x0
core   0: 3 0x8000b874 (0x00000f17) x30 0x8000b874
core   0: 0x8000b878 (0x783f2623) sw      gp, 1932(t5)
core   0: 3 0x8000b878 (0x783f2623) mem 0x8000c000 0x00000001
core   0: 0x8000b87c (0x0000bfe5) c.j     pc - 8
core   0: 3 0x8000b87c (0xbfe5)
core   0: 0x8000b874 (0x00000f17) auipc   t5, 0x0
core   0: 3 0x8000b874 (0x00000f17) x30 0x8000b874
core   0: 0x8000b878 (0x783f2623) sw      gp, 1932(t5)
core   0: 3 0x8000b878 (0x783f2623) mem 0x8000c000 0x00000001
core   0: 0x8000b87c (0x0000bfe5) c.j     pc - 8
core   0: 3 0x8000b87c (0xbfe5)
core   0: 0x8000b874 (0x00000f17) auipc   t5, 0x0
core   0: 3 0x8000b874 (0x00000f17) x30 0x8000b874
core   0: 0x8000b878 (0x783f2623) sw      gp, 1932(t5)
core   0: 3 0x8000b878 (0x783f2623) mem 0x8000c000 0x00000001
core   0: 0x8000b87c (0x0000bfe5) c.j     pc - 8
core   0: 3 0x8000b87c (0xbfe5)
core   0: 0x8000b874 (0x00000f17) auipc   t5, 0x0
core   0: 3 0x8000b874 (0x00000f17) x30 0x8000b874
core   0: 0x8000b878 (0x783f2623) sw      gp, 1932(t5)
core   0: 3 0x8000b878 (0x783f2623) mem 0x8000c000 0x00000001
core   0: 0x8000b87c (0x0000bfe5) c.j     pc - 8
core   0: 3 0x8000b87c (0xbfe5)
core   0: 0x8000b874 (0x00000f17) auipc   t5, 0x0
core   0: 3 0x8000b874 (0x00000f17) x30 0x8000b874
core   0: 0x8000b878 (0x783f2623) sw      gp, 1932(t5)
core   0: 3 0x8000b878 (0x783f2623) mem 0x8000c000 0x00000001
core   0: 0x8000b87c (0x0000bfe5) c.j     pc - 8
core   0: 3 0x8000b87c (0xbfe5)
core   0: 0x8000b874 (0x00000f17) auipc   t5, 0x0
core   0: 3 0x8000b874 (0x00000f17) x30 0x8000b874
core   0: 0x8000b878 (0x783f2623) sw      gp, 1932(t5)
core   0: 3 0x8000b878 (0x783f2623) mem 0x8000c000 0x00000001
core   0: 0x8000b87c (0x0000bfe5) c.j     pc - 8
core   0: 3 0x8000b87c (0xbfe5)
core   0: 0x8000b874 (0x00000f17) auipc   t5, 0x0
core   0: 3 0x8000b874 (0x00000f17) x30 0x8000b874
core   0: 0x8000b878 (0x783f2623) sw      gp, 1932(t5)
core   0: 3 0x8000b878 (0x783f2623) mem 0x8000c000 0x00000001
core   0: 0x8000b87c (0x0000bfe5) c.j     pc - 8
core   0: 3 0x8000b87c (0xbfe5)
core   0: 0x8000b874 (0x00000f17) auipc   t5, 0x0
core   0: 3 0x8000b874 (0x00000f17) x30 0x8000b874
core   0: 0x8000b878 (0x783f2623) sw      gp, 1932(t5)
core   0: 3 0x8000b878 (0x783f2623) mem 0x8000c000 0x00000001
core   0: 0x8000b87c (0x0000bfe5) c.j     pc - 8
core   0: 3 0x8000b87c (0xbfe5)
core   0: 0x8000b874 (0x00000f17) auipc   t5, 0x0
core   0: 3 0x8000b874 (0x00000f17) x30 0x8000b874
core   0: 0x8000b878 (0x783f2623) sw      gp, 1932(t5)
core   0: 3 0x8000b878 (0x783f2623) mem 0x8000c000 0x00000001
core   0: 0x8000b87c (0x0000bfe5) c.j     pc - 8
core   0: 3 0x8000b87c (0xbfe5)
core   0: 0x8000b874 (0x00000f17) auipc   t5, 0x0
core   0: 3 0x8000b874 (0x00000f17) x30 0x8000b874
core   0: 0x8000b878 (0x783f2623) sw      gp, 1932(t5)
core   0: 3 0x8000b878 (0x783f2623) mem 0x8000c000 0x00000001
core   0: 0x8000b87c (0x0000bfe5) c.j     pc - 8
core   0: 3 0x8000b87c (0xbfe5)
core   0: 0x8000b874 (0x00000f17) auipc   t5, 0x0
core   0: 3 0x8000b874 (0x00000f17) x30 0x8000b874
core   0: 0x8000b878 (0x783f2623) sw      gp, 1932(t5)
core   0: 3 0x8000b878 (0x783f2623) mem 0x8000c000 0x00000001
core   0: 0x8000b87c (0x0000bfe5) c.j     pc - 8
core   0: 3 0x8000b87c (0xbfe5)
core   0: 0x8000b874 (0x00000f17) auipc   t5, 0x0
core   0: 3 0x8000b874 (0x00000f17) x30 0x8000b874
core   0: 0x8000b878 (0x783f2623) sw      gp, 1932(t5)
core   0: 3 0x8000b878 (0x783f2623) mem 0x8000c000 0x00000001
core   0: 0x8000b87c (0x0000bfe5) c.j     pc - 8
core   0: 3 0x8000b87c (0xbfe5)
core   0: 0x8000b874 (0x00000f17) auipc   t5, 0x0
core   0: 3 0x8000b874 (0x00000f17) x30 0x8000b874
core   0: 0x8000b878 (0x783f2623) sw      gp, 1932(t5)
core   0: 3 0x8000b878 (0x783f2623) mem 0x8000c000 0x00000001
core   0: 0x8000b87c (0x0000bfe5) c.j     pc - 8
core   0: 3 0x8000b87c (0xbfe5)
core   0: 0x8000b874 (0x00000f17) auipc   t5, 0x0
core   0: 3 0x8000b874 (0x00000f17) x30 0x8000b874
core   0: 0x8000b878 (0x783f2623) sw      gp, 1932(t5)
core   0: 3 0x8000b878 (0x783f2623) mem 0x8000c000 0x00000001
core   0: 0x8000b87c (0x0000bfe5) c.j     pc - 8
core   0: 3 0x8000b87c (0xbfe5)
core   0: 0x8000b874 (0x00000f17) auipc   t5, 0x0
core   0: 3 0x8000b874 (0x00000f17) x30 0x8000b874
core   0: 0x8000b878 (0x783f2623) sw      gp, 1932(t5)
core   0: 3 0x8000b878 (0x783f2623) mem 0x8000c000 0x00000001
core   0: 0x8000b87c (0x0000bfe5) c.j     pc - 8
core   0: 3 0x8000b87c (0xbfe5)
core   0: 0x8000b874 (0x00000f17) auipc   t5, 0x0
core   0: 3 0x8000b874 (0x00000f17) x30 0x8000b874
core   0: 0x8000b878 (0x783f2623) sw      gp, 1932(t5)
core   0: 3 0x8000b878 (0x783f2623) mem 0x8000c000 0x00000001
core   0: 0x8000b87c (0x0000bfe5) c.j     pc - 8
core   0: 3 0x8000b87c (0xbfe5)
core   0: 0x8000b874 (0x00000f17) auipc   t5, 0x0
core   0: 3 0x8000b874 (0x00000f17) x30 0x8000b874
core   0: 0x8000b878 (0x783f2623) sw      gp, 1932(t5)
core   0: 3 0x8000b878 (0x783f2623) mem 0x8000c000 0x00000001
core   0: 0x8000b87c (0x0000bfe5) c.j     pc - 8
core   0: 3 0x8000b87c (0xbfe5)
core   0: 0x8000b874 (0x00000f17) auipc   t5, 0x0
core   0: 3 0x8000b874 (0x00000f17) x30 0x8000b874
core   0: 0x8000b878 (0x783f2623) sw      gp, 1932(t5)
core   0: 3 0x8000b878 (0x783f2623) mem 0x8000c000 0x00000001
core   0: 0x8000b87c (0x0000bfe5) c.j     pc - 8
core   0: 3 0x8000b87c (0xbfe5)
core   0: 0x8000b874 (0x00000f17) auipc   t5, 0x0
core   0: 3 0x8000b874 (0x00000f17) x30 0x8000b874
core   0: 0x8000b878 (0x783f2623) sw      gp, 1932(t5)
core   0: 3 0x8000b878 (0x783f2623) mem 0x8000c000 0x00000001
core   0: 0x8000b87c (0x0000bfe5) c.j     pc - 8
core   0: 3 0x8000b87c (0xbfe5)
core   0: 0x8000b874 (0x00000f17) auipc   t5, 0x0
core   0: 3 0x8000b874 (0x00000f17) x30 0x8000b874
core   0: 0x8000b878 (0x783f2623) sw      gp, 1932(t5)
core   0: 3 0x8000b878 (0x783f2623) mem 0x8000c000 0x00000001
core   0: 0x8000b87c (0x0000bfe5) c.j     pc - 8
core   0: 3 0x8000b87c (0xbfe5)
core   0: 0x8000b874 (0x00000f17) auipc   t5, 0x0
core   0: 3 0x8000b874 (0x00000f17) x30 0x8000b874
core   0: 0x8000b878 (0x783f2623) sw      gp, 1932(t5)
core   0: 3 0x8000b878 (0x783f2623) mem 0x8000c000 0x00000001
core   0: 0x8000b87c (0x0000bfe5) c.j     pc - 8
core   0: 3 0x8000b87c (0xbfe5)
core   0: 0x8000b874 (0x00000f17) auipc   t5, 0x0
core   0: 3 0x8000b874 (0x00000f17) x30 0x8000b874
core   0: 0x8000b878 (0x783f2623) sw      gp, 1932(t5)
core   0: 3 0x8000b878 (0x783f2623) mem 0x8000c000 0x00000001
core   0: 0x8000b87c (0x0000bfe5) c.j     pc - 8
core   0: 3 0x8000b87c (0xbfe5)
core   0: 0x8000b874 (0x00000f17) auipc   t5, 0x0
core   0: 3 0x8000b874 (0x00000f17) x30 0x8000b874
core   0: 0x8000b878 (0x783f2623) sw      gp, 1932(t5)
core   0: 3 0x8000b878 (0x783f2623) mem 0x8000c000 0x00000001
core   0: 0x8000b87c (0x0000bfe5) c.j     pc - 8
core   0: 3 0x8000b87c (0xbfe5)
core   0: 0x8000b874 (0x00000f17) auipc   t5, 0x0
core   0: 3 0x8000b874 (0x00000f17) x30 0x8000b874
core   0: 0x8000b878 (0x783f2623) sw      gp, 1932(t5)
core   0: 3 0x8000b878 (0x783f2623) mem 0x8000c000 0x00000001
core   0: 0x8000b87c (0x0000bfe5) c.j     pc - 8
core   0: 3 0x8000b87c (0xbfe5)
core   0: 0x8000b874 (0x00000f17) auipc   t5, 0x0
core   0: 3 0x8000b874 (0x00000f17) x30 0x8000b874
core   0: 0x8000b878 (0x783f2623) sw      gp, 1932(t5)
core   0: 3 0x8000b878 (0x783f2623) mem 0x8000c000 0x00000001
core   0: 0x8000b87c (0x0000bfe5) c.j     pc - 8
core   0: 3 0x8000b87c (0xbfe5)
core   0: 0x8000b874 (0x00000f17) auipc   t5, 0x0
core   0: 3 0x8000b874 (0x00000f17) x30 0x8000b874
core   0: 0x8000b878 (0x783f2623) sw      gp, 1932(t5)
core   0: 3 0x8000b878 (0x783f2623) mem 0x8000c000 0x00000001
core   0: 0x8000b87c (0x0000bfe5) c.j     pc - 8
core   0: 3 0x8000b87c (0xbfe5)
core   0: 0x8000b874 (0x00000f17) auipc   t5, 0x0
core   0: 3 0x8000b874 (0x00000f17) x30 0x8000b874
core   0: 0x8000b878 (0x783f2623) sw      gp, 1932(t5)
core   0: 3 0x8000b878 (0x783f2623) mem 0x8000c000 0x00000001
core   0: 0x8000b87c (0x0000bfe5) c.j     pc - 8
core   0: 3 0x8000b87c (0xbfe5)
core   0: 0x8000b874 (0x00000f17) auipc   t5, 0x0
core   0: 3 0x8000b874 (0x00000f17) x30 0x8000b874
core   0: 0x8000b878 (0x783f2623) sw      gp, 1932(t5)
core   0: 3 0x8000b878 (0x783f2623) mem 0x8000c000 0x00000001
core   0: 0x8000b87c (0x0000bfe5) c.j     pc - 8
core   0: 3 0x8000b87c (0xbfe5)
core   0: 0x8000b874 (0x00000f17) auipc   t5, 0x0
core   0: 3 0x8000b874 (0x00000f17) x30 0x8000b874
core   0: 0x8000b878 (0x783f2623) sw      gp, 1932(t5)
core   0: 3 0x8000b878 (0x783f2623) mem 0x8000c000 0x00000001
core   0: 0x8000b87c (0x0000bfe5) c.j     pc - 8
core   0: 3 0x8000b87c (0xbfe5)
core   0: 0x8000b874 (0x00000f17) auipc   t5, 0x0
core   0: 3 0x8000b874 (0x00000f17) x30 0x8000b874
core   0: 0x8000b878 (0x783f2623) sw      gp, 1932(t5)
core   0: 3 0x8000b878 (0x783f2623) mem 0x8000c000 0x00000001
core   0: 0x8000b87c (0x0000bfe5) c.j     pc - 8
core   0: 3 0x8000b87c (0xbfe5)
core   0: 0x8000b874 (0x00000f17) auipc   t5, 0x0
core   0: 3 0x8000b874 (0x00000f17) x30 0x8000b874
core   0: 0x8000b878 (0x783f2623) sw      gp, 1932(t5)
core   0: 3 0x8000b878 (0x783f2623) mem 0x8000c000 0x00000001
core   0: 0x8000b87c (0x0000bfe5) c.j     pc - 8
core   0: 3 0x8000b87c (0xbfe5)
core   0: 0x8000b874 (0x00000f17) auipc   t5, 0x0
core   0: 3 0x8000b874 (0x00000f17) x30 0x8000b874
core   0: 0x8000b878 (0x783f2623) sw      gp, 1932(t5)
core   0: 3 0x8000b878 (0x783f2623) mem 0x8000c000 0x00000001
core   0: 0x8000b87c (0x0000bfe5) c.j     pc - 8
core   0: 3 0x8000b87c (0xbfe5)
core   0: 0x8000b874 (0x00000f17) auipc   t5, 0x0
core   0: 3 0x8000b874 (0x00000f17) x30 0x8000b874
core   0: 0x8000b878 (0x783f2623) sw      gp, 1932(t5)
core   0: 3 0x8000b878 (0x783f2623) mem 0x8000c000 0x00000001
core   0: 0x8000b87c (0x0000bfe5) c.j     pc - 8
core   0: 3 0x8000b87c (0xbfe5)
core   0: 0x8000b874 (0x00000f17) auipc   t5, 0x0
core   0: 3 0x8000b874 (0x00000f17) x30 0x8000b874
core   0: 0x8000b878 (0x783f2623) sw      gp, 1932(t5)
core   0: 3 0x8000b878 (0x783f2623) mem 0x8000c000 0x00000001
core   0: 0x8000b87c (0x0000bfe5) c.j     pc - 8
core   0: 3 0x8000b87c (0xbfe5)
core   0: 0x8000b874 (0x00000f17) auipc   t5, 0x0
core   0: 3 0x8000b874 (0x00000f17) x30 0x8000b874
core   0: 0x8000b878 (0x783f2623) sw      gp, 1932(t5)
core   0: 3 0x8000b878 (0x783f2623) mem 0x8000c000 0x00000001
core   0: 0x8000b87c (0x0000bfe5) c.j     pc - 8
core   0: 3 0x8000b87c (0xbfe5)
core   0: 0x8000b874 (0x00000f17) auipc   t5, 0x0
core   0: 3 0x8000b874 (0x00000f17) x30 0x8000b874
core   0: 0x8000b878 (0x783f2623) sw      gp, 1932(t5)
core   0: 3 0x8000b878 (0x783f2623) mem 0x8000c000 0x00000001
core   0: 0x8000b87c (0x0000bfe5) c.j     pc - 8
core   0: 3 0x8000b87c (0xbfe5)
core   0: 0x8000b874 (0x00000f17) auipc   t5, 0x0
core   0: 3 0x8000b874 (0x00000f17) x30 0x8000b874
core   0: 0x8000b878 (0x783f2623) sw      gp, 1932(t5)
core   0: 3 0x8000b878 (0x783f2623) mem 0x8000c000 0x00000001
core   0: 0x8000b87c (0x0000bfe5) c.j     pc - 8
core   0: 3 0x8000b87c (0xbfe5)
core   0: 0x8000b874 (0x00000f17) auipc   t5, 0x0
core   0: 3 0x8000b874 (0x00000f17) x30 0x8000b874
core   0: 0x8000b878 (0x783f2623) sw      gp, 1932(t5)
core   0: 3 0x8000b878 (0x783f2623) mem 0x8000c000 0x00000001
core   0: 0x8000b87c (0x0000bfe5) c.j     pc - 8
core   0: 3 0x8000b87c (0xbfe5)
core   0: 0x8000b874 (0x00000f17) auipc   t5, 0x0
core   0: 3 0x8000b874 (0x00000f17) x30 0x8000b874
core   0: 0x8000b878 (0x783f2623) sw      gp, 1932(t5)
core   0: 3 0x8000b878 (0x783f2623) mem 0x8000c000 0x00000001
core   0: 0x8000b87c (0x0000bfe5) c.j     pc - 8
core   0: 3 0x8000b87c (0xbfe5)
core   0: 0x8000b874 (0x00000f17) auipc   t5, 0x0
core   0: 3 0x8000b874 (0x00000f17) x30 0x8000b874
core   0: 0x8000b878 (0x783f2623) sw      gp, 1932(t5)
core   0: 3 0x8000b878 (0x783f2623) mem 0x8000c000 0x00000001
core   0: 0x8000b87c (0x0000bfe5) c.j     pc - 8
core   0: 3 0x8000b87c (0xbfe5)
core   0: 0x8000b874 (0x00000f17) auipc   t5, 0x0
core   0: 3 0x8000b874 (0x00000f17) x30 0x8000b874
core   0: 0x8000b878 (0x783f2623) sw      gp, 1932(t5)
core   0: 3 0x8000b878 (0x783f2623) mem 0x8000c000 0x00000001
core   0: 0x8000b87c (0x0000bfe5) c.j     pc - 8
core   0: 3 0x8000b87c (0xbfe5)
core   0: 0x8000b874 (0x00000f17) auipc   t5, 0x0
core   0: 3 0x8000b874 (0x00000f17) x30 0x8000b874
core   0: 0x8000b878 (0x783f2623) sw      gp, 1932(t5)
core   0: 3 0x8000b878 (0x783f2623) mem 0x8000c000 0x00000001
core   0: 0x8000b87c (0x0000bfe5) c.j     pc - 8
core   0: 3 0x8000b87c (0xbfe5)
core   0: 0x8000b874 (0x00000f17) auipc   t5, 0x0
core   0: 3 0x8000b874 (0x00000f17) x30 0x8000b874
core   0: 0x8000b878 (0x783f2623) sw      gp, 1932(t5)
core   0: 3 0x8000b878 (0x783f2623) mem 0x8000c000 0x00000001
core   0: 0x8000b87c (0x0000bfe5) c.j     pc - 8
core   0: 3 0x8000b87c (0xbfe5)
core   0: 0x8000b874 (0x00000f17) auipc   t5, 0x0
core   0: 3 0x8000b874 (0x00000f17) x30 0x8000b874
core   0: 0x8000b878 (0x783f2623) sw      gp, 1932(t5)
core   0: 3 0x8000b878 (0x783f2623) mem 0x8000c000 0x00000001
core   0: 0x8000b87c (0x0000bfe5) c.j     pc - 8
core   0: 3 0x8000b87c (0xbfe5)
core   0: 0x8000b874 (0x00000f17) auipc   t5, 0x0
core   0: 3 0x8000b874 (0x00000f17) x30 0x8000b874
core   0: 0x8000b878 (0x783f2623) sw      gp, 1932(t5)
core   0: 3 0x8000b878 (0x783f2623) mem 0x8000c000 0x00000001
core   0: 0x8000b87c (0x0000bfe5) c.j     pc - 8
core   0: 3 0x8000b87c (0xbfe5)
core   0: 0x8000b874 (0x00000f17) auipc   t5, 0x0
core   0: 3 0x8000b874 (0x00000f17) x30 0x8000b874
core   0: 0x8000b878 (0x783f2623) sw      gp, 1932(t5)
core   0: 3 0x8000b878 (0x783f2623) mem 0x8000c000 0x00000001
core   0: 0x8000b87c (0x0000bfe5) c.j     pc - 8
core   0: 3 0x8000b87c (0xbfe5)
core   0: 0x8000b874 (0x00000f17) auipc   t5, 0x0
core   0: 3 0x8000b874 (0x00000f17) x30 0x8000b874
core   0: 0x8000b878 (0x783f2623) sw      gp, 1932(t5)
core   0: 3 0x8000b878 (0x783f2623) mem 0x8000c000 0x00000001
core   0: 0x8000b87c (0x0000bfe5) c.j     pc - 8
core   0: 3 0x8000b87c (0xbfe5)
core   0: 0x8000b874 (0x00000f17) auipc   t5, 0x0
core   0: 3 0x8000b874 (0x00000f17) x30 0x8000b874
core   0: 0x8000b878 (0x783f2623) sw      gp, 1932(t5)
core   0: 3 0x8000b878 (0x783f2623) mem 0x8000c000 0x00000001
core   0: 0x8000b87c (0x0000bfe5) c.j     pc - 8
core   0: 3 0x8000b87c (0xbfe5)
core   0: 0x8000b874 (0x00000f17) auipc   t5, 0x0
core   0: 3 0x8000b874 (0x00000f17) x30 0x8000b874
core   0: 0x8000b878 (0x783f2623) sw      gp, 1932(t5)
core   0: 3 0x8000b878 (0x783f2623) mem 0x8000c000 0x00000001
core   0: 0x8000b87c (0x0000bfe5) c.j     pc - 8
core   0: 3 0x8000b87c (0xbfe5)
core   0: 0x8000b874 (0x00000f17) auipc   t5, 0x0
core   0: 3 0x8000b874 (0x00000f17) x30 0x8000b874
core   0: 0x8000b878 (0x783f2623) sw      gp, 1932(t5)
core   0: 3 0x8000b878 (0x783f2623) mem 0x8000c000 0x00000001
core   0: 0x8000b87c (0x0000bfe5) c.j     pc - 8
core   0: 3 0x8000b87c (0xbfe5)
core   0: 0x8000b874 (0x00000f17) auipc   t5, 0x0
core   0: 3 0x8000b874 (0x00000f17) x30 0x8000b874
core   0: 0x8000b878 (0x783f2623) sw      gp, 1932(t5)
core   0: 3 0x8000b878 (0x783f2623) mem 0x8000c000 0x00000001
core   0: 0x8000b87c (0x0000bfe5) c.j     pc - 8
core   0: 3 0x8000b87c (0xbfe5)
core   0: 0x8000b874 (0x00000f17) auipc   t5, 0x0
core   0: 3 0x8000b874 (0x00000f17) x30 0x8000b874
core   0: 0x8000b878 (0x783f2623) sw      gp, 1932(t5)
core   0: 3 0x8000b878 (0x783f2623) mem 0x8000c000 0x00000001
core   0: 0x8000b87c (0x0000bfe5) c.j     pc - 8
core   0: 3 0x8000b87c (0xbfe5)
core   0: 0x8000b874 (0x00000f17) auipc   t5, 0x0
core   0: 3 0x8000b874 (0x00000f17) x30 0x8000b874
core   0: 0x8000b878 (0x783f2623) sw      gp, 1932(t5)
core   0: 3 0x8000b878 (0x783f2623) mem 0x8000c000 0x00000001
core   0: 0x8000b87c (0x0000bfe5) c.j     pc - 8
core   0: 3 0x8000b87c (0xbfe5)
core   0: 0x8000b874 (0x00000f17) auipc   t5, 0x0
core   0: 3 0x8000b874 (0x00000f17) x30 0x8000b874
core   0: 0x8000b878 (0x783f2623) sw      gp, 1932(t5)
core   0: 3 0x8000b878 (0x783f2623) mem 0x8000c000 0x00000001
