core   0: 0x00001000 (0x00000297) auipc   t0, 0x0
core   0: 3 0x00001000 (0x00000297) x 5 0x00001000
core   0: 0x00001004 (0x02028593) addi    a1, t0, 32
core   0: 3 0x00001004 (0x02028593) x11 0x00001020
core   0: 0x00001008 (0xf1402573) csrr    a0, mhartid
core   0: 3 0x00001008 (0xf1402573) x10 0x00000000
core   0: 0x0000100c (0x0182a283) lw      t0, 24(t0)
core   0: 3 0x0000100c (0x0182a283) x 5 0x80000000 mem 0x00001018
core   0: 0x00001010 (0x00028067) jr      t0
core   0: 3 0x00001010 (0x00028067)
core   0: 0x80000000 (0xf14022f3) csrr    t0, mhartid
core   0: 3 0x80000000 (0xf14022f3) x 5 0x00000000
core   0: 0x80000004 (0x00004301) c.li    t1, 0
core   0: 3 0x80000004 (0x4301) x 6 0x00000000
core   0: 0x80000006 (0x00628263) beq     t0, t1, pc + 4
core   0: 3 0x80000006 (0x00628263)
core   0: 0x8000000a (0x00000c17) auipc   s8, 0x0
core   0: 3 0x8000000a (0x00000c17) x24 0x8000000a
core   0: 0x8000000e (0x00cc0c13) addi    s8, s8, 12
core   0: 3 0x8000000e (0x00cc0c13) x24 0x80000016
core   0: 0x80000012 (0x000c0067) jr      s8
core   0: 3 0x80000012 (0x000c0067)
core   0: 0x80000016 (0x40001bb7) lui     s7, 0x40001
core   0: 3 0x80000016 (0x40001bb7) x23 0x40001000
core   0: 0x8000001a (0x104b8b93) addi    s7, s7, 260
core   0: 3 0x8000001a (0x104b8b93) x23 0x40001104
core   0: 0x8000001e (0x301b9073) csrw    misa, s7
core   0: 3 0x8000001e (0x301b9073) c769_misa 0x40141104
core   0: 0x80000022 (0x00013517) auipc   a0, 0x13
core   0: 3 0x80000022 (0x00013517) x10 0x80013022
core   0: 0x80000026 (0xcc250513) addi    a0, a0, -830
core   0: 3 0x80000026 (0xcc250513) x10 0x80012ce4
core   0: 0x8000002a (0x00009b97) auipc   s7, 0x9
core   0: 3 0x8000002a (0x00009b97) x23 0x8000902a
core   0: 0x8000002e (0x566b8b93) addi    s7, s7, 1382
core   0: 3 0x8000002e (0x566b8b93) x23 0x80009590
core   0: 0x80000032 (0x000beb93) ori     s7, s7, 0
core   0: 3 0x80000032 (0x000beb93) x23 0x80009590
core   0: 0x80000036 (0x305b9073) csrw    mtvec, s7
core   0: 3 0x80000036 (0x305b9073) c773_mtvec 0x80009590
core   0: 0x8000003a (0x00000b97) auipc   s7, 0x0
core   0: 3 0x8000003a (0x00000b97) x23 0x8000003a
core   0: 0x8000003e (0x024b8b93) addi    s7, s7, 36
core   0: 3 0x8000003e (0x024b8b93) x23 0x8000005e
core   0: 0x80000042 (0x341b9073) csrw    mepc, s7
core   0: 3 0x80000042 (0x341b9073) c833_mepc 0x8000005e
core   0: 0x80000046 (0x00000001) c.nop
core   0: 3 0x80000046 (0x0001)
core   0: 0x80000048 (0x00002bb7) lui     s7, 0x2
core   0: 3 0x80000048 (0x00002bb7) x23 0x00002000
core   0: 0x8000004c (0x800b8b93) addi    s7, s7, -2048
core   0: 3 0x8000004c (0x800b8b93) x23 0x00001800
core   0: 0x80000050 (0x300b9073) csrw    mstatus, s7
core   0: 3 0x80000050 (0x300b9073) c768_mstatus 0x00001800
core   0: 0x80000054 (0x00004b81) c.li    s7, 0
core   0: 3 0x80000054 (0x4b81) x23 0x00000000
core   0: 0x80000056 (0x304b9073) csrw    mie, s7
core   0: 3 0x80000056 (0x304b9073) c772_mie 0x00000000
core   0: 0x8000005a (0x30200073) mret
core   0: 3 0x8000005a (0x30200073) c768_mstatus 0x00000080
core   0: >>>>  init
core   0: 0x8000005e (0x00e00013) li      zero, 14
core   0: 3 0x8000005e (0x00e00013)
core   0: 0x80000062 (0x800000b7) lui     ra, 0x80000
core   0: 3 0x80000062 (0x800000b7) x 1 0x80000000
core   0: 0x80000066 (0x00004115) c.li    sp, 5
core   0: 3 0x80000066 (0x4115) x 2 0x00000005
core   0: 0x80000068 (0x800001b7) lui     gp, 0x80000
core   0: 3 0x80000068 (0x800001b7) x 3 0x80000000
core   0: 0x8000006c (0xbebaf237) lui     tp, 0xbebaf
core   0: 3 0x8000006c (0xbebaf237) x 4 0xbebaf000
core   0: 0x80000070 (0x28d20213) addi    tp, tp, 653
core   0: 3 0x80000070 (0x28d20213) x 4 0xbebaf28d
core   0: 0x80000074 (0x00004281) c.li    t0, 0
core   0: 3 0x80000074 (0x4281) x 5 0x00000000
core   0: 0x80000076 (0x00004325) c.li    t1, 9
core   0: 3 0x80000076 (0x4325) x 6 0x00000009
core   0: 0x80000078 (0x000043a9) c.li    t2, 10
core   0: 3 0x80000078 (0x43a9) x 7 0x0000000a
core   0: 0x8000007a (0x80000437) lui     s0, 0x80000
core   0: 3 0x8000007a (0x80000437) x 8 0x80000000
core   0: 0x8000007e (0x00004481) c.li    s1, 0
core   0: 3 0x8000007e (0x4481) x 9 0x00000000
core   0: 0x80000080 (0xfe276637) lui     a2, 0xfe276
core   0: 3 0x80000080 (0xfe276637) x12 0xfe276000
core   0: 0x80000084 (0x57c60613) addi    a2, a2, 1404
core   0: 3 0x80000084 (0x57c60613) x12 0xfe27657c
core   0: 0x80000088 (0x00004681) c.li    a3, 0
core   0: 3 0x80000088 (0x4681) x13 0x00000000
core   0: 0x8000008a (0x00004729) c.li    a4, 10
core   0: 3 0x8000008a (0x4729) x14 0x0000000a
core   0: 0x8000008c (0x00004781) c.li    a5, 0
core   0: 3 0x8000008c (0x4781) x15 0x00000000
core   0: 0x8000008e (0x00004829) c.li    a6, 10
core   0: 3 0x8000008e (0x4829) x16 0x0000000a
core   0: 0x80000090 (0x800008b7) lui     a7, 0x80000
core   0: 3 0x80000090 (0x800008b7) x17 0x80000000
core   0: 0x80000094 (0xa5895937) lui     s2, 0xa5895
core   0: 3 0x80000094 (0xa5895937) x18 0xa5895000
core   0: 0x80000098 (0xa5b90913) addi    s2, s2, -1445
core   0: 3 0x80000098 (0xa5b90913) x18 0xa5894a5b
core   0: 0x8000009c (0x2c3dc9b7) lui     s3, 0x2c3dc
core   0: 3 0x8000009c (0x2c3dc9b7) x19 0x2c3dc000
core   0: 0x800000a0 (0xf6898993) addi    s3, s3, -152
core   0: 3 0x800000a0 (0xf6898993) x19 0x2c3dbf68
core   0: 0x800000a4 (0xf0519a37) lui     s4, 0xf0519
core   0: 3 0x800000a4 (0xf0519a37) x20 0xf0519000
core   0: 0x800000a8 (0x1e0a0a13) addi    s4, s4, 480
core   0: 3 0x800000a8 (0x1e0a0a13) x20 0xf05191e0
core   0: 0x800000ac (0x80000ab7) lui     s5, 0x80000
core   0: 3 0x800000ac (0x80000ab7) x21 0x80000000
core   0: 0x800000b0 (0x00004b01) c.li    s6, 0
core   0: 3 0x800000b0 (0x4b01) x22 0x00000000
core   0: 0x800000b2 (0x8ba3ebb7) lui     s7, 0x8ba3e
core   0: 3 0x800000b2 (0x8ba3ebb7) x23 0x8ba3e000
core   0: 0x800000b6 (0x827b8b93) addi    s7, s7, -2009
core   0: 3 0x800000b6 (0x827b8b93) x23 0x8ba3d827
core   0: 0x800000ba (0xffc28c37) lui     s8, 0xffc28
core   0: 3 0x800000ba (0xffc28c37) x24 0xffc28000
core   0: 0x800000be (0xe3fc0c13) addi    s8, s8, -449
core   0: 3 0x800000be (0xe3fc0c13) x24 0xffc27e3f
core   0: 0x800000c2 (0x3e50acb7) lui     s9, 0x3e50a
core   0: 3 0x800000c2 (0x3e50acb7) x25 0x3e50a000
core   0: 0x800000c6 (0xf8cc8c93) addi    s9, s9, -116
core   0: 3 0x800000c6 (0xf8cc8c93) x25 0x3e509f8c
core   0: 0x800000ca (0x80000d37) lui     s10, 0x80000
core   0: 3 0x800000ca (0x80000d37) x26 0x80000000
core   0: 0x800000ce (0x00004d81) c.li    s11, 0
core   0: 3 0x800000ce (0x4d81) x27 0x00000000
core   0: 0x800000d0 (0x00004e29) c.li    t3, 10
core   0: 3 0x800000d0 (0x4e29) x28 0x0000000a
core   0: 0x800000d2 (0xfe3d9eb7) lui     t4, 0xfe3d9
core   0: 3 0x800000d2 (0xfe3d9eb7) x29 0xfe3d9000
core   0: 0x800000d6 (0xe9ce8e93) addi    t4, t4, -356
core   0: 3 0x800000d6 (0xe9ce8e93) x29 0xfe3d8e9c
core   0: 0x800000da (0xfe2c5f37) lui     t5, 0xfe2c5
core   0: 3 0x800000da (0xfe2c5f37) x30 0xfe2c5000
core   0: 0x800000de (0x45cf0f13) addi    t5, t5, 1116
core   0: 3 0x800000de (0x45cf0f13) x30 0xfe2c545c
core   0: 0x800000e2 (0xfca0dfb7) lui     t6, 0xfca0d
core   0: 3 0x800000e2 (0xfca0dfb7) x31 0xfca0d000
core   0: 0x800000e6 (0x1b9f8f93) addi    t6, t6, 441
core   0: 3 0x800000e6 (0x1b9f8f93) x31 0xfca0d1b9
core   0: 0x800000ea (0x0000f597) auipc   a1, 0xf
core   0: 3 0x800000ea (0x0000f597) x11 0x8000f0ea
core   0: 0x800000ee (0xd7a58593) addi    a1, a1, -646
core   0: 3 0x800000ee (0xd7a58593) x11 0x8000ee64
core   0: 0x800000f2 (0x00004a01) c.li    s4, 0
core   0: 3 0x800000f2 (0x4a01) x20 0x00000000
core   0: 0x800000f4 (0xfff00c93) li      s9, -1
core   0: 3 0x800000f4 (0xfff00c93) x25 0xffffffff
core   0: 0x800000f8 (0x00004281) c.li    t0, 0
core   0: 3 0x800000f8 (0x4281) x 5 0x00000000
core   0: 0x800000fa (0x80000937) lui     s2, 0x80000
core   0: 3 0x800000fa (0x80000937) x18 0x80000000
core   0: 0x800000fe (0xfff00b13) li      s6, -1
core   0: 3 0x800000fe (0xfff00b13) x22 0xffffffff
core   0: 0x80000102 (0x0a9d1437) lui     s0, 0xa9d1
core   0: 3 0x80000102 (0x0a9d1437) x 8 0x0a9d1000
core   0: 0x80000106 (0x3ef40413) addi    s0, s0, 1007
core   0: 3 0x80000106 (0x3ef40413) x 8 0x0a9d13ef
core   0: 0x8000010a (0x25e629b7) lui     s3, 0x25e62
core   0: 3 0x8000010a (0x25e629b7) x19 0x25e62000
core   0: 0x8000010e (0x3d898993) addi    s3, s3, 984
core   0: 3 0x8000010e (0x3d898993) x19 0x25e623d8
core   0: 0x80000112 (0x00004101) c.li    sp, 0
core   0: 3 0x80000112 (0x4101) x 2 0x00000000
core   0: 0x80000114 (0x800006b7) lui     a3, 0x80000
core   0: 3 0x80000114 (0x800006b7) x13 0x80000000
core   0: 0x80000118 (0x5f898db7) lui     s11, 0x5f898
core   0: 3 0x80000118 (0x5f898db7) x27 0x5f898000
core   0: 0x8000011c (0x4fdd8d93) addi    s11, s11, 1277
core   0: 3 0x8000011c (0x4fdd8d93) x27 0x5f8984fd
core   0: 0x80000120 (0x00009116) c.add   sp, t0
core   0: 3 0x80000120 (0x9116) x 2 0x00000000
core   0: 0x80000122 (0x022a62b3) rem     t0, s4, sp
core   0: 3 0x80000122 (0x022a62b3) x 5 0x00000000
core   0: 0x80000126 (0x039132b3) mulhu   t0, sp, s9
core   0: 3 0x80000126 (0x039132b3) x 5 0x00000000
core   0: 0x8000012a (0x0322b433) mulhu   s0, t0, s2
core   0: 3 0x8000012a (0x0322b433) x 8 0x00000000
core   0: 0x8000012e (0x02594433) div     s0, s2, t0
core   0: 3 0x8000012e (0x02594433) x 8 0xffffffff
core   0: 0x80000132 (0x412f59b7) lui     s3, 0x412f5
core   0: 3 0x80000132 (0x412f59b7) x19 0x412f5000
core   0: 0x80000136 (0x412402b3) sub     t0, s0, s2
core   0: 3 0x80000136 (0x412402b3) x 5 0x7fffffff
core   0: 0x8000013a (0x0366d433) divu    s0, a3, s6
core   0: 3 0x8000013a (0x0366d433) x 8 0x00000000
core   0: 0x8000013e (0x782a56b7) lui     a3, 0x782a5
core   0: 3 0x8000013e (0x782a56b7) x13 0x782a5000
core   0: 0x80000142 (0x00000001) c.nop
core   0: 3 0x80000142 (0x0001)
core   0: 0x80000144 (0x5a928d97) auipc   s11, 0x5a928
core   0: 3 0x80000144 (0x5a928d97) x27 0xda928144
core   0: 0x80000148 (0x03ba46b3) div     a3, s4, s11
core   0: 3 0x80000148 (0x03ba46b3) x13 0x00000000
core   0: 0x8000014c (0x022a32b3) mulhu   t0, s4, sp
core   0: 3 0x8000014c (0x022a32b3) x 5 0x00000000
core   0: 0x80000150 (0x00000001) c.nop
core   0: 3 0x80000150 (0x0001)
core   0: 0x80000152 (0x03228133) mul     sp, t0, s2
core   0: 3 0x80000152 (0x03228133) x 2 0x00000000
core   0: 0x80000156 (0x0000945a) c.add   s0, s6
core   0: 3 0x80000156 (0x945a) x 8 0xffffffff
core   0: 0x80000158 (0x8da33117) auipc   sp, 0x8da33
core   0: 3 0x80000158 (0x8da33117) x 2 0x0da33158
core   0: 0x8000015c (0x00004881) c.li    a7, 0
core   0: 3 0x8000015c (0x4881) x17 0x00000000
core   0: 0x8000015e (0xf9571237) lui     tp, 0xf9571
core   0: 3 0x8000015e (0xf9571237) x 4 0xf9571000
core   0: 0x80000162 (0x71d20213) addi    tp, tp, 1821
core   0: 3 0x80000162 (0x71d20213) x 4 0xf957171d
core   0: 0x80000166 (0x00004e81) c.li    t4, 0
core   0: 3 0x80000166 (0x4e81) x29 0x00000000
core   0: 0x80000168 (0xfff00493) li      s1, -1
core   0: 3 0x80000168 (0xfff00493) x 9 0xffffffff
core   0: 0x8000016c (0x800001b7) lui     gp, 0x80000
core   0: 3 0x8000016c (0x800001b7) x 3 0x80000000
core   0: 0x80000170 (0x80000737) lui     a4, 0x80000
core   0: 3 0x80000170 (0x80000737) x14 0x80000000
core   0: 0x80000174 (0x00004f01) c.li    t5, 0
core   0: 3 0x80000174 (0x4f01) x30 0x00000000
core   0: 0x80000176 (0x80000d37) lui     s10, 0x80000
core   0: 3 0x80000176 (0x80000d37) x26 0x80000000
core   0: 0x8000017a (0x800000b7) lui     ra, 0x80000
core   0: 3 0x8000017a (0x800000b7) x 1 0x80000000
core   0: 0x8000017e (0xf3f75a37) lui     s4, 0xf3f75
core   0: 3 0x8000017e (0xf3f75a37) x20 0xf3f75000
core   0: 0x80000182 (0x2baa0a13) addi    s4, s4, 698
core   0: 3 0x80000182 (0x2baa0a13) x20 0xf3f752ba
core   0: 0x80000186 (0x02e701b3) mul     gp, a4, a4
core   0: 3 0x80000186 (0x02e701b3) x 3 0x00000000
core   0: 0x8000018a (0x0210ea33) rem     s4, ra, ra
core   0: 3 0x8000018a (0x0210ea33) x20 0x00000000
core   0: 0x8000018e (0x03a274b3) remu    s1, tp, s10
core   0: 3 0x8000018e (0x03a274b3) x 9 0x7957171d
core   0: 0x80000192 (0xfee6ea17) auipc   s4, 0xfee6e
core   0: 3 0x80000192 (0xfee6ea17) x20 0x7ee6e192
core   0: 0x80000196 (0xd9ce0f17) auipc   t5, 0xd9ce0
core   0: 3 0x80000196 (0xd9ce0f17) x30 0x59ce0196
core   0: 0x8000019a (0x03176233) rem     tp, a4, a7
core   0: 3 0x8000019a (0x03176233) x 4 0x80000000
core   0: 0x8000019e (0x03d8bd33) mulhu   s10, a7, t4
core   0: 3 0x8000019e (0x03d8bd33) x26 0x00000000
core   0: 0x800001a2 (0x023f6f33) rem     t5, t5, gp
core   0: 3 0x800001a2 (0x023f6f33) x30 0x59ce0196
core   0: 0x800001a6 (0x03a1ba33) mulhu   s4, gp, s10
core   0: 3 0x800001a6 (0x03a1ba33) x20 0x00000000
core   0: 0x800001aa (0x01ee8733) add     a4, t4, t5
core   0: 3 0x800001aa (0x01ee8733) x14 0x59ce0196
core   0: 0x800001ae (0x034191b3) mulh    gp, gp, s4
core   0: 3 0x800001ae (0x034191b3) x 3 0x00000000
core   0: 0x800001b2 (0x01120eb3) add     t4, tp, a7
core   0: 3 0x800001b2 (0x01120eb3) x29 0x80000000
core   0: 0x800001b6 (0x023ec733) div     a4, t4, gp
core   0: 3 0x800001b6 (0x023ec733) x14 0xffffffff
core   0: 0x800001ba (0x509f0e93) addi    t4, t5, 1289
core   0: 3 0x800001ba (0x509f0e93) x29 0x59ce069f
core   0: 0x800001be (0x03e8a1b3) mulhsu  gp, a7, t5
core   0: 3 0x800001be (0x03e8a1b3) x 3 0x00000000
core   0: 0x800001c2 (0x00370d33) add     s10, a4, gp
core   0: 3 0x800001c2 (0x00370d33) x26 0xffffffff
core   0: 0x800001c6 (0x034f2d33) mulhsu  s10, t5, s4
core   0: 3 0x800001c6 (0x034f2d33) x26 0x00000000
core   0: 0x800001ca (0x03ad5233) divu    tp, s10, s10
core   0: 3 0x800001ca (0x03ad5233) x 4 0xffffffff
core   0: 0x800001ce (0x00004801) c.li    a6, 0
core   0: 3 0x800001ce (0x4801) x16 0x00000000
core   0: 0x800001d0 (0xe75ff337) lui     t1, 0xe75ff
core   0: 3 0x800001d0 (0xe75ff337) x 6 0xe75ff000
core   0: 0x800001d4 (0x49030313) addi    t1, t1, 1168
core   0: 3 0x800001d4 (0x49030313) x 6 0xe75ff490
core   0: 0x800001d8 (0x00004401) c.li    s0, 0
core   0: 3 0x800001d8 (0x4401) x 8 0x00000000
core   0: 0x800001da (0x4e17abb7) lui     s7, 0x4e17a
core   0: 3 0x800001da (0x4e17abb7) x23 0x4e17a000
core   0: 0x800001de (0x88ab8b93) addi    s7, s7, -1910
core   0: 3 0x800001de (0x88ab8b93) x23 0x4e17988a
core   0: 0x800001e2 (0x2e856937) lui     s2, 0x2e856
core   0: 3 0x800001e2 (0x2e856937) x18 0x2e856000
core   0: 0x800001e6 (0xa5d90913) addi    s2, s2, -1443
core   0: 3 0x800001e6 (0xa5d90913) x18 0x2e855a5d
core   0: 0x800001ea (0xf2d7bcb7) lui     s9, 0xf2d7b
core   0: 3 0x800001ea (0xf2d7bcb7) x25 0xf2d7b000
core   0: 0x800001ee (0x867c8c93) addi    s9, s9, -1945
core   0: 3 0x800001ee (0x867c8c93) x25 0xf2d7a867
core   0: 0x800001f2 (0x34e179b7) lui     s3, 0x34e17
core   0: 3 0x800001f2 (0x34e179b7) x19 0x34e17000
core   0: 0x800001f6 (0x65798993) addi    s3, s3, 1623
core   0: 3 0x800001f6 (0x65798993) x19 0x34e17657
core   0: 0x800001fa (0x00004f81) c.li    t6, 0
core   0: 3 0x800001fa (0x4f81) x31 0x00000000
core   0: 0x800001fc (0xfff00a13) li      s4, -1
core   0: 3 0x800001fc (0xfff00a13) x20 0xffffffff
core   0: 0x80000200 (0x800008b7) lui     a7, 0x80000
core   0: 3 0x80000200 (0x800008b7) x17 0x80000000
core   0: 0x80000204 (0x03fb98b3) mulh    a7, s7, t6
core   0: 3 0x80000204 (0x03fb98b3) x17 0x00000000
core   0: 0x80000208 (0x02637433) remu    s0, t1, t1
core   0: 3 0x80000208 (0x02637433) x 8 0x00000000
core   0: 0x8000020c (0x00000001) c.nop
core   0: 3 0x8000020c (0x0001)
core   0: 0x8000020e (0x011a09b3) add     s3, s4, a7
core   0: 3 0x8000020e (0x011a09b3) x19 0xffffffff
core   0: 0x80000212 (0x00000001) c.nop
core   0: 3 0x80000212 (0x0001)
core   0: 0x80000214 (0xc0540913) addi    s2, s0, -1019
core   0: 3 0x80000214 (0xc0540913) x18 0xfffffc05
core   0: 0x80000218 (0x028ff9b3) remu    s3, t6, s0
core   0: 3 0x80000218 (0x028ff9b3) x19 0x00000000
core   0: 0x8000021c (0x030fe333) rem     t1, t6, a6
core   0: 3 0x8000021c (0x030fe333) x 6 0x00000000
core   0: 0x80000220 (0x168579b7) lui     s3, 0x16857
core   0: 3 0x80000220 (0x168579b7) x19 0x16857000
core   0: 0x80000224 (0x42bc4837) lui     a6, 0x42bc4
core   0: 3 0x80000224 (0x42bc4837) x16 0x42bc4000
core   0: 0x80000228 (0xf39a28b7) lui     a7, 0xf39a2
core   0: 3 0x80000228 (0xf39a28b7) x17 0xf39a2000
core   0: 0x8000022c (0x5bba2437) lui     s0, 0x5bba2
core   0: 3 0x8000022c (0x5bba2437) x 8 0x5bba2000
core   0: 0x80000230 (0x039f8833) mul     a6, t6, s9
core   0: 3 0x80000230 (0x039f8833) x16 0x00000000
core   0: 0x80000234 (0x03293333) mulhu   t1, s2, s2
core   0: 3 0x80000234 (0x03293333) x 6 0xfffff80a
core   0: 0x80000238 (0x037338b3) mulhu   a7, t1, s7
core   0: 3 0x80000238 (0x037338b3) x17 0x4e17961c
core   0: 0x8000023c (0x039f9333) mulh    t1, t6, s9
core   0: 3 0x8000023c (0x039f9333) x 6 0x00000000
core   0: 0x80000240 (0x030ca433) mulhsu  s0, s9, a6
core   0: 3 0x80000240 (0x030ca433) x 8 0x00000000
core   0: 0x80000244 (0x026fda33) divu    s4, t6, t1
core   0: 3 0x80000244 (0x026fda33) x20 0xffffffff
core   0: 0x80000248 (0x03045433) divu    s0, s0, a6
core   0: 3 0x80000248 (0x03045433) x 8 0xffffffff
core   0: 0x8000024c (0x0269afb3) mulhsu  t6, s3, t1
core   0: 3 0x8000024c (0x0269afb3) x31 0x00000000
core   0: 0x80000250 (0x03997bb3) remu    s7, s2, s9
core   0: 3 0x80000250 (0x03997bb3) x23 0x0d28539e
core   0: 0x80000254 (0x48418317) auipc   t1, 0x48418
core   0: 3 0x80000254 (0x48418317) x 6 0xc8418254
core   0: 0x80000258 (0x9e810897) auipc   a7, 0x9e810
core   0: 3 0x80000258 (0x9e810897) x17 0x1e810258
core   0: 0x8000025c (0x00000001) c.nop
core   0: 3 0x8000025c (0x0001)
core   0: 0x8000025e (0x03332333) mulhsu  t1, t1, s3
core   0: 3 0x8000025e (0x03332333) x 6 0xfb1892d8
core   0: 0x80000262 (0x03f46a33) rem     s4, s0, t6
core   0: 3 0x80000262 (0x03f46a33) x20 0xffffffff
core   0: 0x80000266 (0x01398cb3) add     s9, s3, s3
core   0: 3 0x80000266 (0x01398cb3) x25 0x2d0ae000
core   0: 0x8000026a (0xdcc6f337) lui     t1, 0xdcc6f
core   0: 3 0x8000026a (0xdcc6f337) x 6 0xdcc6f000
core   0: 0x8000026e (0x0348dfb3) divu    t6, a7, s4
core   0: 3 0x8000026e (0x0348dfb3) x31 0x00000000
core   0: 0x80000272 (0xfff00693) li      a3, -1
core   0: 3 0x80000272 (0xfff00693) x13 0xffffffff
core   0: 0x80000276 (0x00004d01) c.li    s10, 0
core   0: 3 0x80000276 (0x4d01) x26 0x00000000
core   0: 0x80000278 (0xfff00293) li      t0, -1
core   0: 3 0x80000278 (0xfff00293) x 5 0xffffffff
core   0: 0x8000027c (0xeeaf9337) lui     t1, 0xeeaf9
core   0: 3 0x8000027c (0xeeaf9337) x 6 0xeeaf9000
core   0: 0x80000280 (0xa3e30313) addi    t1, t1, -1474
core   0: 3 0x80000280 (0xa3e30313) x 6 0xeeaf8a3e
core   0: 0x80000284 (0xfff00113) li      sp, -1
core   0: 3 0x80000284 (0xfff00113) x 2 0xffffffff
core   0: 0x80000288 (0xfff00b13) li      s6, -1
core   0: 3 0x80000288 (0xfff00b13) x22 0xffffffff
core   0: 0x8000028c (0xfff00713) li      a4, -1
core   0: 3 0x8000028c (0xfff00713) x14 0xffffffff
core   0: 0x80000290 (0xfff00d93) li      s11, -1
core   0: 3 0x80000290 (0xfff00d93) x27 0xffffffff
core   0: 0x80000294 (0x800007b7) lui     a5, 0x80000
core   0: 3 0x80000294 (0x800007b7) x15 0x80000000
core   0: 0x80000298 (0xfff00193) li      gp, -1
core   0: 3 0x80000298 (0xfff00193) x 3 0xffffffff
core   0: 0x8000029c (0x00f701b3) add     gp, a4, a5
core   0: 3 0x8000029c (0x00f701b3) x 3 0x7fffffff
core   0: 0x800002a0 (0x00330db3) add     s11, t1, gp
core   0: 3 0x800002a0 (0x00330db3) x27 0x6eaf8a3d
core   0: 0x800002a4 (0x023dd2b3) divu    t0, s11, gp
core   0: 3 0x800002a4 (0x023dd2b3) x 5 0x00000000
core   0: 0x800002a8 (0x02e7e733) rem     a4, a5, a4
core   0: 3 0x800002a8 (0x02e7e733) x14 0x00000000
core   0: 0x800002ac (0x00000001) c.nop
core   0: 3 0x800002ac (0x0001)
core   0: 0x800002ae (0x03a701b3) mul     gp, a4, s10
core   0: 3 0x800002ae (0x03a701b3) x 3 0x00000000
core   0: 0x800002b2 (0x02369b33) mulh    s6, a3, gp
core   0: 3 0x800002b2 (0x02369b33) x22 0x00000000
core   0: 0x800002b6 (0x40f306b3) sub     a3, t1, a5
core   0: 3 0x800002b6 (0x40f306b3) x13 0x6eaf8a3e
core   0: 0x800002ba (0x03618db3) mul     s11, gp, s6
core   0: 3 0x800002ba (0x03618db3) x27 0x00000000
core   0: 0x800002be (0x1fef2697) auipc   a3, 0x1fef2
core   0: 3 0x800002be (0x1fef2697) x13 0x9fef22be
core   0: 0x800002c2 (0x3ec312b7) lui     t0, 0x3ec31
core   0: 3 0x800002c2 (0x3ec312b7) x 5 0x3ec31000
core   0: 0x800002c6 (0x036b26b3) mulhsu  a3, s6, s6
core   0: 3 0x800002c6 (0x036b26b3) x13 0x00000000
core   0: 0x800002ca (0x0366a2b3) mulhsu  t0, a3, s6
core   0: 3 0x800002ca (0x0366a2b3) x 5 0x00000000
core   0: 0x800002ce (0x02273b33) mulhu   s6, a4, sp
core   0: 3 0x800002ce (0x02273b33) x22 0x00000000
core   0: 0x800002d2 (0x02f1ad33) mulhsu  s10, gp, a5
core   0: 3 0x800002d2 (0x02f1ad33) x26 0x00000000
core   0: 0x800002d6 (0x465bdd97) auipc   s11, 0x465bd
core   0: 3 0x800002d6 (0x465bdd97) x27 0xc65bd2d6
core   0: 0x800002da (0x03adc2b3) div     t0, s11, s10
core   0: 3 0x800002da (0x03adc2b3) x 5 0xffffffff
core   0: 0x800002de (0x036b4133) div     sp, s6, s6
core   0: 3 0x800002de (0x036b4133) x 2 0xffffffff
core   0: 0x800002e2 (0x00000001) c.nop
core   0: 3 0x800002e2 (0x0001)
core   0: 0x800002e4 (0x00009d16) c.add   s10, t0
core   0: 3 0x800002e4 (0x9d16) x26 0xffffffff
core   0: 0x800002e6 (0xfff00393) li      t2, -1
core   0: 3 0x800002e6 (0xfff00393) x 7 0xffffffff
core   0: 0x800002ea (0x80000bb7) lui     s7, 0x80000
core   0: 3 0x800002ea (0x80000bb7) x23 0x80000000
core   0: 0x800002ee (0xfff00713) li      a4, -1
core   0: 3 0x800002ee (0xfff00713) x14 0xffffffff
core   0: 0x800002f2 (0x00004d01) c.li    s10, 0
core   0: 3 0x800002f2 (0x4d01) x26 0x00000000
core   0: 0x800002f4 (0x00004981) c.li    s3, 0
core   0: 3 0x800002f4 (0x4981) x19 0x00000000
core   0: 0x800002f6 (0x00004081) c.li    ra, 0
core   0: 3 0x800002f6 (0x4081) x 1 0x00000000
core   0: 0x800002f8 (0x800004b7) lui     s1, 0x80000
core   0: 3 0x800002f8 (0x800004b7) x 9 0x80000000
core   0: 0x800002fc (0xfff00213) li      tp, -1
core   0: 3 0x800002fc (0xfff00213) x 4 0xffffffff
core   0: 0x80000300 (0xfbe69b37) lui     s6, 0xfbe69
core   0: 3 0x80000300 (0xfbe69b37) x22 0xfbe69000
core   0: 0x80000304 (0x2f0b0b13) addi    s6, s6, 752
core   0: 3 0x80000304 (0x2f0b0b13) x22 0xfbe692f0
core   0: 0x80000308 (0xfff00913) li      s2, -1
core   0: 3 0x80000308 (0xfff00913) x18 0xffffffff
core   0: 0x8000030c (0x80820713) addi    a4, tp, -2040
core   0: 3 0x8000030c (0x80820713) x14 0xfffff807
core   0: 0x80000310 (0x00000001) c.nop
core   0: 3 0x80000310 (0x0001)
core   0: 0x80000312 (0x0364d3b3) divu    t2, s1, s6
core   0: 3 0x80000312 (0x0364d3b3) x 7 0x00000000
core   0: 0x80000316 (0x024754b3) divu    s1, a4, tp
core   0: 3 0x80000316 (0x024754b3) x 9 0x00000000
core   0: 0x8000031a (0x416384b3) sub     s1, t2, s6
core   0: 3 0x8000031a (0x416384b3) x 9 0x04196d10
core   0: 0x8000031e (0x037b93b3) mulh    t2, s7, s7
core   0: 3 0x8000031e (0x037b93b3) x 7 0x40000000
core   0: 0x80000322 (0x02e4c3b3) div     t2, s1, a4
core   0: 3 0x80000322 (0x02e4c3b3) x 7 0xffff7c60
core   0: 0x80000326 (0x0244f9b3) remu    s3, s1, tp
core   0: 3 0x80000326 (0x0244f9b3) x19 0x04196d10
core   0: 0x8000032a (0x02721733) mulh    a4, tp, t2
core   0: 3 0x8000032a (0x02721733) x14 0x00000000
core   0: 0x8000032e (0x00ed0233) add     tp, s10, a4
core   0: 3 0x8000032e (0x00ed0233) x 4 0x00000000
core   0: 0x80000332 (0x02492bb3) mulhsu  s7, s2, tp
core   0: 3 0x80000332 (0x02492bb3) x23 0x00000000
core   0: 0x80000336 (0x0369cb33) div     s6, s3, s6
core   0: 3 0x80000336 (0x0369cb33) x22 0xffffffff
core   0: 0x8000033a (0x03a48bb3) mul     s7, s1, s10
core   0: 3 0x8000033a (0x03a48bb3) x23 0x00000000
core   0: 0x8000033e (0x009b0733) add     a4, s6, s1
core   0: 3 0x8000033e (0x009b0733) x14 0x04196d0f
core   0: 0x80000342 (0x03a990b3) mulh    ra, s3, s10
core   0: 3 0x80000342 (0x03a990b3) x 1 0x00000000
core   0: 0x80000346 (0x0299b3b3) mulhu   t2, s3, s1
core   0: 3 0x80000346 (0x0299b3b3) x 7 0x0010cdee
core   0: 0x8000034a (0x009909b3) add     s3, s2, s1
core   0: 3 0x8000034a (0x009909b3) x19 0x04196d0f
core   0: 0x8000034e (0x29547d17) auipc   s10, 0x29547
core   0: 3 0x8000034e (0x29547d17) x26 0xa954734e
core   0: 0x80000352 (0x412204b3) sub     s1, tp, s2
core   0: 3 0x80000352 (0x412204b3) x 9 0x00000001
core   0: 0x80000356 (0x00009706) c.add   a4, ra
core   0: 3 0x80000356 (0x9706) x14 0x04196d0f
core   0: 0x80000358 (0x03797733) remu    a4, s2, s7
core   0: 3 0x80000358 (0x03797733) x14 0xffffffff
core   0: 0x8000035c (0x03375233) divu    tp, a4, s3
core   0: 3 0x8000035c (0x03375233) x 4 0x0000003e
core   0: 0x80000360 (0x007900b3) add     ra, s2, t2
core   0: 3 0x80000360 (0x007900b3) x 1 0x0010cded
core   0: 0x80000364 (0x029bfb33) remu    s6, s7, s1
core   0: 3 0x80000364 (0x029bfb33) x22 0x00000000
core   0: 0x80000368 (0xa069d717) auipc   a4, 0xa069d
core   0: 3 0x80000368 (0xa069d717) x14 0x2069d368
core   0: 0x8000036c (0x033b7bb3) remu    s7, s6, s3
core   0: 3 0x8000036c (0x033b7bb3) x23 0x00000000
core   0: 0x80000370 (0x009483b3) add     t2, s1, s1
core   0: 3 0x80000370 (0x009483b3) x 7 0x00000002
core   0: 0x80000374 (0x024963b3) rem     t2, s2, tp
core   0: 3 0x80000374 (0x024963b3) x 7 0xffffffff
core   0: 0x80000378 (0x00000001) c.nop
core   0: 3 0x80000378 (0x0001)
core   0: 0x8000037a (0x800007b7) lui     a5, 0x80000
core   0: 3 0x8000037a (0x800007b7) x15 0x80000000
core   0: 0x8000037e (0xd79008b7) lui     a7, 0xd7900
core   0: 3 0x8000037e (0xd79008b7) x17 0xd7900000
core   0: 0x80000382 (0x52c88893) addi    a7, a7, 1324
core   0: 3 0x80000382 (0x52c88893) x17 0xd790052c
core   0: 0x80000386 (0x00004101) c.li    sp, 0
core   0: 3 0x80000386 (0x4101) x 2 0x00000000
core   0: 0x80000388 (0xfff00c93) li      s9, -1
core   0: 3 0x80000388 (0xfff00c93) x25 0xffffffff
core   0: 0x8000038c (0xfff00a93) li      s5, -1
core   0: 3 0x8000038c (0xfff00a93) x21 0xffffffff
core   0: 0x80000390 (0xfff00b13) li      s6, -1
core   0: 3 0x80000390 (0xfff00b13) x22 0xffffffff
core   0: 0x80000394 (0x00004681) c.li    a3, 0
core   0: 3 0x80000394 (0x4681) x13 0x00000000
core   0: 0x80000396 (0x5634fdb7) lui     s11, 0x5634f
core   0: 3 0x80000396 (0x5634fdb7) x27 0x5634f000
core   0: 0x8000039a (0xe59d8d93) addi    s11, s11, -423
core   0: 3 0x8000039a (0xe59d8d93) x27 0x5634ee59
core   0: 0x8000039e (0xcfeb5d37) lui     s10, 0xcfeb5
core   0: 3 0x8000039e (0xcfeb5d37) x26 0xcfeb5000
core   0: 0x800003a2 (0x406d0d13) addi    s10, s10, 1030
core   0: 3 0x800003a2 (0x406d0d13) x26 0xcfeb5406
core   0: 0x800003a6 (0x00004081) c.li    ra, 0
core   0: 3 0x800003a6 (0x4081) x 1 0x00000000
core   0: 0x800003a8 (0x03acadb3) mulhsu  s11, s9, s10
core   0: 3 0x800003a8 (0x03acadb3) x27 0xffffffff
core   0: 0x800003ac (0x03116133) rem     sp, sp, a7
core   0: 3 0x800003ac (0x03116133) x 2 0x00000000
core   0: 0x800003b0 (0x9ba17d97) auipc   s11, 0x9ba17
core   0: 3 0x800003b0 (0x9ba17d97) x27 0x1ba173b0
core   0: 0x800003b4 (0x599f5c97) auipc   s9, 0x599f5
core   0: 3 0x800003b4 (0x599f5c97) x25 0xd99f53b4
core   0: 0x800003b8 (0x035d5133) divu    sp, s10, s5
core   0: 3 0x800003b8 (0x035d5133) x 2 0x00000000
core   0: 0x800003bc (0x5a4b8ab7) lui     s5, 0x5a4b8
core   0: 3 0x800003bc (0x5a4b8ab7) x21 0x5a4b8000
core   0: 0x800003c0 (0x1c710113) addi    sp, sp, 455
core   0: 3 0x800003c0 (0x1c710113) x 2 0x000001c7
core   0: 0x800003c4 (0x021dcd33) div     s10, s11, ra
core   0: 3 0x800003c4 (0x021dcd33) x26 0xffffffff
core   0: 0x800003c8 (0x021b4133) div     sp, s6, ra
core   0: 3 0x800003c8 (0x021b4133) x 2 0xffffffff
core   0: 0x800003cc (0x74cd8d93) addi    s11, s11, 1868
core   0: 3 0x800003cc (0x74cd8d93) x27 0x1ba17afc
core   0: 0x800003d0 (0x021b0d33) mul     s10, s6, ra
core   0: 3 0x800003d0 (0x021b0d33) x26 0x00000000
core   0: 0x800003d4 (0x03ad26b3) mulhsu  a3, s10, s10
core   0: 3 0x800003d4 (0x03ad26b3) x13 0x00000000
core   0: 0x800003d8 (0x8dea10b7) lui     ra, 0x8dea1
core   0: 3 0x800003d8 (0x8dea10b7) x 1 0x8dea1000
core   0: 0x800003dc (0x02dca6b3) mulhsu  a3, s9, a3
core   0: 3 0x800003dc (0x02dca6b3) x13 0x00000000
core   0: 0x800003e0 (0x00000001) c.nop
core   0: 3 0x800003e0 (0x0001)
core   0: 0x800003e2 (0x41ad0133) sub     sp, s10, s10
core   0: 3 0x800003e2 (0x41ad0133) x 2 0x00000000
core   0: 0x800003e6 (0x02d8db33) divu    s6, a7, a3
core   0: 3 0x800003e6 (0x02d8db33) x22 0xffffffff
core   0: 0x800003ea (0x41aa8d33) sub     s10, s5, s10
core   0: 3 0x800003ea (0x41aa8d33) x26 0x5a4b8000
core   0: 0x800003ee (0x021d48b3) div     a7, s10, ra
core   0: 3 0x800003ee (0x021d48b3) x17 0x00000000
core   0: 0x800003f2 (0x0220cb33) div     s6, ra, sp
core   0: 3 0x800003f2 (0x0220cb33) x22 0xffffffff
core   0: 0x800003f6 (0xfff00293) li      t0, -1
core   0: 3 0x800003f6 (0xfff00293) x 5 0xffffffff
core   0: 0x800003fa (0x80000fb7) lui     t6, 0x80000
core   0: 3 0x800003fa (0x80000fb7) x31 0x80000000
core   0: 0x800003fe (0x00004181) c.li    gp, 0
core   0: 3 0x800003fe (0x4181) x 3 0x00000000
core   0: 0x80000400 (0x80000db7) lui     s11, 0x80000
core   0: 3 0x80000400 (0x80000db7) x27 0x80000000
core   0: 0x80000404 (0xfff00b13) li      s6, -1
core   0: 3 0x80000404 (0xfff00b13) x22 0xffffffff
core   0: 0x80000408 (0x00004681) c.li    a3, 0
core   0: 3 0x80000408 (0x4681) x13 0x00000000
core   0: 0x8000040a (0xfff00f13) li      t5, -1
core   0: 3 0x8000040a (0xfff00f13) x30 0xffffffff
core   0: 0x8000040e (0x1ae58637) lui     a2, 0x1ae58
core   0: 3 0x8000040e (0x1ae58637) x12 0x1ae58000
core   0: 0x80000412 (0xdfe60613) addi    a2, a2, -514
core   0: 3 0x80000412 (0xdfe60613) x12 0x1ae57dfe
core   0: 0x80000416 (0x56b10337) lui     t1, 0x56b10
core   0: 3 0x80000416 (0x56b10337) x 6 0x56b10000
core   0: 0x8000041a (0x1ba30313) addi    t1, t1, 442
core   0: 3 0x8000041a (0x1ba30313) x 6 0x56b101ba
core   0: 0x8000041e (0xb6f3b437) lui     s0, 0xb6f3b
core   0: 3 0x8000041e (0xb6f3b437) x 8 0xb6f3b000
core   0: 0x80000422 (0x15240413) addi    s0, s0, 338
core   0: 3 0x80000422 (0x15240413) x 8 0xb6f3b152
core   0: 0x80000426 (0x036f46b3) div     a3, t5, s6
core   0: 3 0x80000426 (0x036f46b3) x13 0x00000001
core   0: 0x8000042a (0x026682b3) mul     t0, a3, t1
core   0: 3 0x8000042a (0x026682b3) x 5 0x56b101ba
core   0: 0x8000042e (0x02647333) remu    t1, s0, t1
core   0: 3 0x8000042e (0x02647333) x 6 0x0991adde
core   0: 0x80000432 (0x0286f6b3) remu    a3, a3, s0
core   0: 3 0x80000432 (0x0286f6b3) x13 0x00000001
core   0: 0x80000436 (0x025b3fb3) mulhu   t6, s6, t0
core   0: 3 0x80000436 (0x025b3fb3) x31 0x56b101b9
core   0: 0x8000043a (0x0286a1b3) mulhsu  gp, a3, s0
core   0: 3 0x8000043a (0x0286a1b3) x 3 0x00000000
core   0: 0x8000043e (0x028df2b3) remu    t0, s11, s0
core   0: 3 0x8000043e (0x028df2b3) x 5 0x80000000
core   0: 0x80000442 (0x00000001) c.nop
core   0: 3 0x80000442 (0x0001)
core   0: 0x80000444 (0x02c30b33) mul     s6, t1, a2
core   0: 3 0x80000444 (0x02c30b33) x22 0xb405e844
core   0: 0x80000448 (0x02c30f33) mul     t5, t1, a2
core   0: 3 0x80000448 (0x02c30f33) x30 0xb405e844
core   0: 0x8000044c (0x02d186b3) mul     a3, gp, a3
core   0: 3 0x8000044c (0x02d186b3) x13 0x00000000
core   0: 0x80000450 (0x028f2333) mulhsu  t1, t5, s0
core   0: 3 0x80000450 (0x028f2333) x 6 0xc9b3e01b
core   0: 0x80000454 (0xd2ab8437) lui     s0, 0xd2ab8
core   0: 3 0x80000454 (0xd2ab8437) x 8 0xd2ab8000
core   0: 0x80000458 (0xbdd4d297) auipc   t0, 0xbdd4d
core   0: 3 0x80000458 (0xbdd4d297) x 5 0x3dd4d458
core   0: 0x8000045c (0x03b61433) mulh    s0, a2, s11
core   0: 3 0x8000045c (0x03b61433) x 8 0xf28d4101
core   0: 0x80000460 (0x00004981) c.li    s3, 0
core   0: 3 0x80000460 (0x4981) x19 0x00000000
core   0: 0x80000462 (0x80000bb7) lui     s7, 0x80000
core   0: 3 0x80000462 (0x80000bb7) x23 0x80000000
core   0: 0x80000466 (0x00004901) c.li    s2, 0
core   0: 3 0x80000466 (0x4901) x18 0x00000000
core   0: 0x80000468 (0x800000b7) lui     ra, 0x80000
core   0: 3 0x80000468 (0x800000b7) x 1 0x80000000
core   0: 0x8000046c (0x00004181) c.li    gp, 0
core   0: 3 0x8000046c (0x4181) x 3 0x00000000
core   0: 0x8000046e (0x00004301) c.li    t1, 0
core   0: 3 0x8000046e (0x4301) x 6 0x00000000
core   0: 0x80000470 (0xfff00e13) li      t3, -1
core   0: 3 0x80000470 (0xfff00e13) x28 0xffffffff
core   0: 0x80000474 (0xfff00d93) li      s11, -1
core   0: 3 0x80000474 (0xfff00d93) x27 0xffffffff
core   0: 0x80000478 (0x1232a137) lui     sp, 0x1232a
core   0: 3 0x80000478 (0x1232a137) x 2 0x1232a000
core   0: 0x8000047c (0xeb610113) addi    sp, sp, -330
core   0: 3 0x8000047c (0xeb610113) x 2 0x12329eb6
core   0: 0x80000480 (0x0db468b7) lui     a7, 0xdb46
core   0: 3 0x80000480 (0x0db468b7) x17 0x0db46000
core   0: 0x80000484 (0x5f588893) addi    a7, a7, 1525
core   0: 3 0x80000484 (0x5f588893) x17 0x0db465f5
core   0: 0x80000488 (0x0338d933) divu    s2, a7, s3
core   0: 3 0x80000488 (0x0338d933) x18 0xffffffff
core   0: 0x8000048c (0x03ce7bb3) remu    s7, t3, t3
core   0: 3 0x8000048c (0x03ce7bb3) x23 0x00000000
core   0: 0x80000490 (0x40130bb3) sub     s7, t1, ra
core   0: 3 0x80000490 (0x40130bb3) x23 0x80000000
core   0: 0x80000494 (0x023e00b3) mul     ra, t3, gp
core   0: 3 0x80000494 (0x023e00b3) x 1 0x00000000
core   0: 0x80000498 (0x023311b3) mulh    gp, t1, gp
core   0: 3 0x80000498 (0x023311b3) x 3 0x00000000
core   0: 0x8000049c (0xbd230d93) addi    s11, t1, -1070
core   0: 3 0x8000049c (0xbd230d93) x27 0xfffffbd2
core   0: 0x800004a0 (0x031108b3) mul     a7, sp, a7
core   0: 3 0x800004a0 (0x031108b3) x17 0x3907b22e
core   0: 0x800004a4 (0x00000001) c.nop
core   0: 3 0x800004a4 (0x0001)
core   0: 0x800004a6 (0x023dfe33) remu    t3, s11, gp
core   0: 3 0x800004a6 (0x023dfe33) x28 0xfffffbd2
core   0: 0x800004aa (0x022e5333) divu    t1, t3, sp
core   0: 3 0x800004aa (0x022e5333) x 6 0x0000000e
core   0: 0x800004ae (0x0269d8b3) divu    a7, s3, t1
core   0: 3 0x800004ae (0x0269d8b3) x17 0x00000000
core   0: 0x800004b2 (0x03b0de33) divu    t3, ra, s11
core   0: 3 0x800004b2 (0x03b0de33) x28 0x00000000
core   0: 0x800004b6 (0x00000001) c.nop
core   0: 3 0x800004b6 (0x0001)
core   0: 0x800004b8 (0x037bd0b3) divu    ra, s7, s7
core   0: 3 0x800004b8 (0x037bd0b3) x 1 0x00000001
core   0: 0x800004bc (0x0427cd97) auipc   s11, 0x427c
core   0: 3 0x800004bc (0x0427cd97) x27 0x8427c4bc
core   0: 0x800004c0 (0x023891b3) mulh    gp, a7, gp
core   0: 3 0x800004c0 (0x023891b3) x 3 0x00000000
core   0: 0x800004c4 (0x41b30e33) sub     t3, t1, s11
core   0: 3 0x800004c4 (0x41b30e33) x28 0x7bd83b52
core   0: 0x800004c8 (0x022121b3) mulhsu  gp, sp, sp
core   0: 3 0x800004c8 (0x022121b3) x 3 0x014b2853
core   0: 0x800004cc (0x0260b0b3) mulhu   ra, ra, t1
core   0: 3 0x800004cc (0x0260b0b3) x 1 0x00000000
core   0: 0x800004d0 (0x02335933) divu    s2, t1, gp
core   0: 3 0x800004d0 (0x02335933) x18 0x00000000
core   0: 0x800004d4 (0x00000001) c.nop
core   0: 3 0x800004d4 (0x0001)
core   0: 0x800004d6 (0x00004481) c.li    s1, 0
core   0: 3 0x800004d6 (0x4481) x 9 0x00000000
core   0: 0x800004d8 (0x00004c81) c.li    s9, 0
core   0: 3 0x800004d8 (0x4c81) x25 0x00000000
core   0: 0x800004da (0xfff00413) li      s0, -1
core   0: 3 0x800004da (0xfff00413) x 8 0xffffffff
core   0: 0x800004de (0x80000e37) lui     t3, 0x80000
core   0: 3 0x800004de (0x80000e37) x28 0x80000000
core   0: 0x800004e2 (0x800000b7) lui     ra, 0x80000
core   0: 3 0x800004e2 (0x800000b7) x 1 0x80000000
core   0: 0x800004e6 (0x80000637) lui     a2, 0x80000
core   0: 3 0x800004e6 (0x80000637) x12 0x80000000
core   0: 0x800004ea (0xfff00293) li      t0, -1
core   0: 3 0x800004ea (0xfff00293) x 5 0xffffffff
core   0: 0x800004ee (0xfff00d13) li      s10, -1
core   0: 3 0x800004ee (0xfff00d13) x26 0xffffffff
core   0: 0x800004f2 (0x80000337) lui     t1, 0x80000
core   0: 3 0x800004f2 (0x80000337) x 6 0x80000000
core   0: 0x800004f6 (0x800001b7) lui     gp, 0x80000
core   0: 3 0x800004f6 (0x800001b7) x 3 0x80000000
core   0: 0x800004fa (0x02564633) div     a2, a2, t0
core   0: 3 0x800004fa (0x02564633) x12 0x80000000
core   0: 0x800004fe (0x96518613) addi    a2, gp, -1691
core   0: 3 0x800004fe (0x96518613) x12 0x7ffff965
core   0: 0x80000502 (0x03a31d33) mulh    s10, t1, s10
core   0: 3 0x80000502 (0x03a31d33) x26 0x00000000
core   0: 0x80000506 (0x00000001) c.nop
core   0: 3 0x80000506 (0x0001)
core   0: 0x80000508 (0x00000001) c.nop
core   0: 3 0x80000508 (0x0001)
core   0: 0x8000050a (0xba1c8293) addi    t0, s9, -1119
core   0: 3 0x8000050a (0xba1c8293) x 5 0xfffffba1
core   0: 0x8000050e (0x019302b3) add     t0, t1, s9
core   0: 3 0x8000050e (0x019302b3) x 5 0x80000000
core   0: 0x80000512 (0x006402b3) add     t0, s0, t1
core   0: 3 0x80000512 (0x006402b3) x 5 0x7fffffff
core   0: 0x80000516 (0x4e818e13) addi    t3, gp, 1256
core   0: 3 0x80000516 (0x4e818e13) x28 0x800004e8
core   0: 0x8000051a (0x029324b3) mulhsu  s1, t1, s1
core   0: 3 0x8000051a (0x029324b3) x 9 0x00000000
core   0: 0x8000051e (0x00000001) c.nop
core   0: 3 0x8000051e (0x0001)
core   0: 0x80000520 (0x40108cb3) sub     s9, ra, ra
core   0: 3 0x80000520 (0x40108cb3) x25 0x00000000
core   0: 0x80000524 (0x02931e33) mulh    t3, t1, s1
core   0: 3 0x80000524 (0x02931e33) x28 0x00000000
core   0: 0x80000528 (0x02944cb3) div     s9, s0, s1
core   0: 3 0x80000528 (0x02944cb3) x25 0xffffffff
core   0: 0x8000052c (0x023e0cb3) mul     s9, t3, gp
core   0: 3 0x8000052c (0x023e0cb3) x25 0x00000000
core   0: 0x80000530 (0x023092b3) mulh    t0, ra, gp
core   0: 3 0x80000530 (0x023092b3) x 5 0x40000000
core   0: 0x80000534 (0xebb28d13) addi    s10, t0, -325
core   0: 3 0x80000534 (0xebb28d13) x26 0x3ffffebb
core   0: 0x80000538 (0x85fe44b7) lui     s1, 0x85fe4
core   0: 3 0x80000538 (0x85fe44b7) x 9 0x85fe4000
core   0: 0x8000053c (0x023182b3) mul     t0, gp, gp
core   0: 3 0x8000053c (0x023182b3) x 5 0x00000000
core   0: 0x80000540 (0x1e286d17) auipc   s10, 0x1e286
core   0: 3 0x80000540 (0x1e286d17) x26 0x9e286540
core   0: 0x80000544 (0x03931e33) mulh    t3, t1, s9
core   0: 3 0x80000544 (0x03931e33) x28 0x00000000
core   0: 0x80000548 (0x800006b7) lui     a3, 0x80000
core   0: 3 0x80000548 (0x800006b7) x13 0x80000000
core   0: 0x8000054c (0x80000b37) lui     s6, 0x80000
core   0: 3 0x8000054c (0x80000b37) x22 0x80000000
core   0: 0x80000550 (0x800003b7) lui     t2, 0x80000
core   0: 3 0x80000550 (0x800003b7) x 7 0x80000000
core   0: 0x80000554 (0xfff00293) li      t0, -1
core   0: 3 0x80000554 (0xfff00293) x 5 0xffffffff
core   0: 0x80000558 (0x00004601) c.li    a2, 0
core   0: 3 0x80000558 (0x4601) x12 0x00000000
core   0: 0x8000055a (0x00004901) c.li    s2, 0
core   0: 3 0x8000055a (0x4901) x18 0x00000000
core   0: 0x8000055c (0x5822da37) lui     s4, 0x5822d
core   0: 3 0x8000055c (0x5822da37) x20 0x5822d000
core   0: 0x80000560 (0x192a0a13) addi    s4, s4, 402
core   0: 3 0x80000560 (0x192a0a13) x20 0x5822d192
core   0: 0x80000564 (0x00004701) c.li    a4, 0
core   0: 3 0x80000564 (0x4701) x14 0x00000000
core   0: 0x80000566 (0xf4877eb7) lui     t4, 0xf4877
core   0: 3 0x80000566 (0xf4877eb7) x29 0xf4877000
core   0: 0x8000056a (0xe21e8e93) addi    t4, t4, -479
core   0: 3 0x8000056a (0xe21e8e93) x29 0xf4876e21
core   0: 0x8000056e (0x00004301) c.li    t1, 0
core   0: 3 0x8000056e (0x4301) x 6 0x00000000
core   0: 0x80000570 (0x7a9313b7) lui     t2, 0x7a931
core   0: 3 0x80000570 (0x7a9313b7) x 7 0x7a931000
core   0: 0x80000574 (0x02e93933) mulhu   s2, s2, a4
core   0: 3 0x80000574 (0x02e93933) x18 0x00000000
core   0: 0x80000578 (0x02697eb3) remu    t4, s2, t1
core   0: 3 0x80000578 (0x02697eb3) x29 0x00000000
core   0: 0x8000057c (0x03d32b33) mulhsu  s6, t1, t4
core   0: 3 0x8000057c (0x03d32b33) x22 0x00000000
core   0: 0x80000580 (0xd4390e93) addi    t4, s2, -701
core   0: 3 0x80000580 (0xd4390e93) x29 0xfffffd43
core   0: 0x80000584 (0x0276c3b3) div     t2, a3, t2
core   0: 3 0x80000584 (0x0276c3b3) x 7 0xffffffff
core   0: 0x80000588 (0x02c6d933) divu    s2, a3, a2
core   0: 3 0x80000588 (0x02c6d933) x18 0xffffffff
core   0: 0x8000058c (0xdddb0613) addi    a2, s6, -547
core   0: 3 0x8000058c (0xdddb0613) x12 0xfffffddd
core   0: 0x80000590 (0x0266b933) mulhu   s2, a3, t1
core   0: 3 0x80000590 (0x0266b933) x18 0x00000000
core   0: 0x80000594 (0x957e8713) addi    a4, t4, -1705
core   0: 3 0x80000594 (0x957e8713) x14 0xfffff69a
core   0: 0x80000598 (0x0000934a) c.add   t1, s2
core   0: 3 0x80000598 (0x934a) x 6 0x00000000
core   0: 0x8000059a (0x00790733) add     a4, s2, t2
core   0: 3 0x8000059a (0x00790733) x14 0xffffffff
core   0: 0x8000059e (0x1bb25337) lui     t1, 0x1bb25
core   0: 3 0x8000059e (0x1bb25337) x 6 0x1bb25000
core   0: 0x800005a2 (0x02c97333) remu    t1, s2, a2
core   0: 3 0x800005a2 (0x02c97333) x 6 0x00000000
core   0: 0x800005a6 (0x034e9a33) mulh    s4, t4, s4
core   0: 3 0x800005a6 (0x034e9a33) x20 0xffffff0e
core   0: 0x800005aa (0x02d93933) mulhu   s2, s2, a3
core   0: 3 0x800005aa (0x02d93933) x18 0x00000000
core   0: 0x800005ae (0x3f328393) addi    t2, t0, 1011
core   0: 3 0x800005ae (0x3f328393) x 7 0x000003f2
core   0: 0x800005b2 (0x036eb633) mulhu   a2, t4, s6
core   0: 3 0x800005b2 (0x036eb633) x12 0x00000000
core   0: 0x800005b6 (0x02da6b33) rem     s6, s4, a3
core   0: 3 0x800005b6 (0x02da6b33) x22 0xffffff0e
core   0: 0x800005ba (0x03496633) rem     a2, s2, s4
core   0: 3 0x800005ba (0x03496633) x12 0x00000000
core   0: 0x800005be (0x6d43e297) auipc   t0, 0x6d43e
core   0: 3 0x800005be (0x6d43e297) x 5 0xed43e5be
core   0: 0x800005c2 (0x02591933) mulh    s2, s2, t0
core   0: 3 0x800005c2 (0x02591933) x18 0x00000000
core   0: 0x800005c6 (0x03262633) mulhsu  a2, a2, s2
core   0: 3 0x800005c6 (0x03262633) x12 0x00000000
core   0: 0x800005ca (0xabae8613) addi    a2, t4, -1350
core   0: 3 0x800005ca (0xabae8613) x12 0xfffff7fd
core   0: 0x800005ce (0x02737b33) remu    s6, t1, t2
core   0: 3 0x800005ce (0x02737b33) x22 0x00000000
core   0: 0x800005d2 (0x03439b33) mulh    s6, t2, s4
core   0: 3 0x800005d2 (0x03439b33) x22 0xffffffff
core   0: 0x800005d6 (0x00000001) c.nop
core   0: 3 0x800005d6 (0x0001)
core   0: 0x800005d8 (0x026a63b3) rem     t2, s4, t1
core   0: 3 0x800005d8 (0x026a63b3) x 7 0xffffff0e
core   0: 0x800005dc (0x00004801) c.li    a6, 0
core   0: 3 0x800005dc (0x4801) x16 0x00000000
core   0: 0x800005de (0x053e51b7) lui     gp, 0x53e5
core   0: 3 0x800005de (0x053e51b7) x 3 0x053e5000
core   0: 0x800005e2 (0xc9218193) addi    gp, gp, -878
core   0: 3 0x800005e2 (0xc9218193) x 3 0x053e4c92
core   0: 0x800005e6 (0x33aebcb7) lui     s9, 0x33aeb
core   0: 3 0x800005e6 (0x33aebcb7) x25 0x33aeb000
core   0: 0x800005ea (0xc2bc8c93) addi    s9, s9, -981
core   0: 3 0x800005ea (0xc2bc8c93) x25 0x33aeac2b
core   0: 0x800005ee (0xfff00293) li      t0, -1
core   0: 3 0x800005ee (0xfff00293) x 5 0xffffffff
core   0: 0x800005f2 (0xfff00213) li      tp, -1
core   0: 3 0x800005f2 (0xfff00213) x 4 0xffffffff
core   0: 0x800005f6 (0x00004301) c.li    t1, 0
core   0: 3 0x800005f6 (0x4301) x 6 0x00000000
core   0: 0x800005f8 (0xfff00a13) li      s4, -1
core   0: 3 0x800005f8 (0xfff00a13) x20 0xffffffff
core   0: 0x800005fc (0xfff00093) li      ra, -1
core   0: 3 0x800005fc (0xfff00093) x 1 0xffffffff
core   0: 0x80000600 (0xfff00113) li      sp, -1
core   0: 3 0x80000600 (0xfff00113) x 2 0xffffffff
core   0: 0x80000604 (0xede3d437) lui     s0, 0xede3d
core   0: 3 0x80000604 (0xede3d437) x 8 0xede3d000
core   0: 0x80000608 (0x49c40413) addi    s0, s0, 1180
core   0: 3 0x80000608 (0x49c40413) x 8 0xede3d49c
core   0: 0x8000060c (0x0392ecb3) rem     s9, t0, s9
core   0: 3 0x8000060c (0x0392ecb3) x25 0xffffffff
core   0: 0x80000610 (0x5fa80113) addi    sp, a6, 1530
core   0: 3 0x80000610 (0x5fa80113) x 2 0x000005fa
core   0: 0x80000614 (0x034a22b3) mulhsu  t0, s4, s4
core   0: 3 0x80000614 (0x034a22b3) x 5 0xffffffff
core   0: 0x80000618 (0x09901337) lui     t1, 0x9901
core   0: 3 0x80000618 (0x09901337) x 6 0x09901000
core   0: 0x8000061c (0xb6c33c97) auipc   s9, 0xb6c33
core   0: 3 0x8000061c (0xb6c33c97) x25 0x36c3361c
core   0: 0x80000620 (0x0392e433) rem     s0, t0, s9
core   0: 3 0x80000620 (0x0392e433) x 8 0xffffffff
core   0: 0x80000624 (0xcf9f02b7) lui     t0, 0xcf9f0
core   0: 3 0x80000624 (0xcf9f02b7) x 5 0xcf9f0000
core   0: 0x80000628 (0x419301b3) sub     gp, t1, s9
core   0: 3 0x80000628 (0x419301b3) x 3 0xd2ccd9e4
core   0: 0x8000062c (0x2f1e2137) lui     sp, 0x2f1e2
core   0: 3 0x8000062c (0x2f1e2137) x 2 0x2f1e2000
core   0: 0x80000630 (0x03444a33) div     s4, s0, s4
core   0: 3 0x80000630 (0x03444a33) x20 0x00000001
core   0: 0x80000634 (0x0280d433) divu    s0, ra, s0
core   0: 3 0x80000634 (0x0280d433) x 8 0x00000001
core   0: 0x80000638 (0x402a0cb3) sub     s9, s4, sp
core   0: 3 0x80000638 (0x402a0cb3) x25 0xd0e1e001
core   0: 0x8000063c (0x03017a33) remu    s4, sp, a6
core   0: 3 0x8000063c (0x03017a33) x20 0x2f1e2000
core   0: 0x80000640 (0x41418433) sub     s0, gp, s4
core   0: 3 0x80000640 (0x41418433) x 8 0xa3aeb9e4
core   0: 0x80000644 (0x29ab41b7) lui     gp, 0x29ab4
core   0: 3 0x80000644 (0x29ab41b7) x 3 0x29ab4000
core   0: 0x80000648 (0x00000001) c.nop
core   0: 3 0x80000648 (0x0001)
core   0: 0x8000064a (0x023190b3) mulh    ra, gp, gp
core   0: 3 0x8000064a (0x023190b3) x 1 0x06c84d0e
core   0: 0x8000064e (0x023411b3) mulh    gp, s0, gp
core   0: 3 0x8000064e (0x023411b3) x 3 0xf0f93a67
core   0: 0x80000652 (0x022cecb3) rem     s9, s9, sp
core   0: 3 0x80000652 (0x022cecb3) x25 0xd0e1e001
core   0: 0x80000656 (0x0261c433) div     s0, gp, t1
core   0: 3 0x80000656 (0x0261c433) x 8 0xffffffff
core   0: 0x8000065a (0x026ca333) mulhsu  t1, s9, t1
core   0: 3 0x8000065a (0x026ca333) x 6 0xfe3d6cfc
core   0: 0x8000065e (0x02285133) divu    sp, a6, sp
core   0: 3 0x8000065e (0x02285133) x 2 0x00000000
core   0: 0x80000662 (0x68cd8117) auipc   sp, 0x68cd8
core   0: 3 0x80000662 (0x68cd8117) x 2 0xe8cd8662
core   0: 0x80000666 (0x02885a33) divu    s4, a6, s0
core   0: 3 0x80000666 (0x02885a33) x20 0x00000000
core   0: 0x8000066a (0x00000001) c.nop
core   0: 3 0x8000066a (0x0001)
core   0: 0x8000066c (0x023411b3) mulh    gp, s0, gp
core   0: 3 0x8000066c (0x023411b3) x 3 0x00000000
core   0: 0x80000670 (0x21918413) addi    s0, gp, 537
core   0: 3 0x80000670 (0x21918413) x 8 0x00000219
core   0: 0x80000674 (0x0252b833) mulhu   a6, t0, t0
core   0: 3 0x80000674 (0x0252b833) x16 0xa86284c1
core   0: 0x80000678 (0xaa52a937) lui     s2, 0xaa52a
core   0: 3 0x80000678 (0xaa52a937) x18 0xaa52a000
core   0: 0x8000067c (0xa8590913) addi    s2, s2, -1403
core   0: 3 0x8000067c (0xa8590913) x18 0xaa529a85
core   0: 0x80000680 (0xad5e40b7) lui     ra, 0xad5e4
core   0: 3 0x80000680 (0xad5e40b7) x 1 0xad5e4000
core   0: 0x80000684 (0x63408093) addi    ra, ra, 1588
core   0: 3 0x80000684 (0x63408093) x 1 0xad5e4634
core   0: 0x80000688 (0x800007b7) lui     a5, 0x80000
core   0: 3 0x80000688 (0x800007b7) x15 0x80000000
core   0: 0x8000068c (0x00004d01) c.li    s10, 0
core   0: 3 0x8000068c (0x4d01) x26 0x00000000
core   0: 0x8000068e (0xfff00e93) li      t4, -1
core   0: 3 0x8000068e (0xfff00e93) x29 0xffffffff
core   0: 0x80000692 (0x00004301) c.li    t1, 0
core   0: 3 0x80000692 (0x4301) x 6 0x00000000
core   0: 0x80000694 (0x00004101) c.li    sp, 0
core   0: 3 0x80000694 (0x4101) x 2 0x00000000
core   0: 0x80000696 (0x00004201) c.li    tp, 0
core   0: 3 0x80000696 (0x4201) x 4 0x00000000
core   0: 0x80000698 (0xc44b2737) lui     a4, 0xc44b2
core   0: 3 0x80000698 (0xc44b2737) x14 0xc44b2000
core   0: 0x8000069c (0x8d070713) addi    a4, a4, -1840
core   0: 3 0x8000069c (0x8d070713) x14 0xc44b18d0
core   0: 0x800006a0 (0x25205437) lui     s0, 0x25205
core   0: 3 0x800006a0 (0x25205437) x 8 0x25205000
core   0: 0x800006a4 (0xfc740413) addi    s0, s0, -57
core   0: 3 0x800006a4 (0xfc740413) x 8 0x25204fc7
core   0: 0x800006a8 (0x41278933) sub     s2, a5, s2
core   0: 3 0x800006a8 (0x41278933) x18 0xd5ad657b
core   0: 0x800006ac (0x1253a137) lui     sp, 0x1253a
core   0: 3 0x800006ac (0x1253a137) x 2 0x1253a000
core   0: 0x800006b0 (0x03d940b3) div     ra, s2, t4
core   0: 3 0x800006b0 (0x03d940b3) x 1 0x2a529a85
core   0: 0x800006b4 (0x02441733) mulh    a4, s0, tp
core   0: 3 0x800006b4 (0x02441733) x14 0x00000000
core   0: 0x800006b8 (0x03a737b3) mulhu   a5, a4, s10
core   0: 3 0x800006b8 (0x03a737b3) x15 0x00000000
core   0: 0x800006bc (0x032ef433) remu    s0, t4, s2
core   0: 3 0x800006bc (0x032ef433) x 8 0x2a529a84
core   0: 0x800006c0 (0x2ee01097) auipc   ra, 0x2ee01
core   0: 3 0x800006c0 (0x2ee01097) x 1 0xaee016c0
core   0: 0x800006c4 (0x03a37333) remu    t1, t1, s10
core   0: 3 0x800006c4 (0x03a37333) x 6 0x00000000
core   0: 0x800006c8 (0x022d6933) rem     s2, s10, sp
core   0: 3 0x800006c8 (0x022d6933) x18 0x00000000
core   0: 0x800006cc (0x0320aeb3) mulhsu  t4, ra, s2
core   0: 3 0x800006cc (0x0320aeb3) x29 0x00000000
core   0: 0x800006d0 (0x03ad10b3) mulh    ra, s10, s10
core   0: 3 0x800006d0 (0x03ad10b3) x 1 0x00000000
core   0: 0x800006d4 (0x00000001) c.nop
core   0: 3 0x800006d4 (0x0001)
core   0: 0x800006d6 (0x02423d33) mulhu   s10, tp, tp
core   0: 3 0x800006d6 (0x02423d33) x26 0x00000000
core   0: 0x800006da (0x02843933) mulhu   s2, s0, s0
core   0: 3 0x800006da (0x02843933) x18 0x06ff355a
core   0: 0x800006de (0x01a78233) add     tp, a5, s10
core   0: 3 0x800006de (0x01a78233) x 4 0x00000000
core   0: 0x800006e2 (0x03d7c0b3) div     ra, a5, t4
core   0: 3 0x800006e2 (0x03d7c0b3) x 1 0xffffffff
core   0: 0x800006e6 (0xeb570093) addi    ra, a4, -331
core   0: 3 0x800006e6 (0xeb570093) x 1 0xfffffeb5
core   0: 0x800006ea (0x03a16133) rem     sp, sp, s10
core   0: 3 0x800006ea (0x03a16133) x 2 0x1253a000
core   0: 0x800006ee (0x00004601) c.li    a2, 0
core   0: 3 0x800006ee (0x4601) x12 0x00000000
core   0: 0x800006f0 (0x00004081) c.li    ra, 0
core   0: 3 0x800006f0 (0x4081) x 1 0x00000000
core   0: 0x800006f2 (0xfff00f13) li      t5, -1
core   0: 3 0x800006f2 (0xfff00f13) x30 0xffffffff
core   0: 0x800006f6 (0xfff00d93) li      s11, -1
core   0: 3 0x800006f6 (0xfff00d93) x27 0xffffffff
core   0: 0x800006fa (0x00004e01) c.li    t3, 0
core   0: 3 0x800006fa (0x4e01) x28 0x00000000
core   0: 0x800006fc (0x7e696237) lui     tp, 0x7e696
core   0: 3 0x800006fc (0x7e696237) x 4 0x7e696000
core   0: 0x80000700 (0x7e620213) addi    tp, tp, 2022
core   0: 3 0x80000700 (0x7e620213) x 4 0x7e6967e6
core   0: 0x80000704 (0xfff00813) li      a6, -1
core   0: 3 0x80000704 (0xfff00813) x16 0xffffffff
core   0: 0x80000708 (0x00004b81) c.li    s7, 0
core   0: 3 0x80000708 (0x4b81) x23 0x00000000
core   0: 0x8000070a (0xfff00c93) li      s9, -1
core   0: 3 0x8000070a (0xfff00c93) x25 0xffffffff
core   0: 0x8000070e (0x00004701) c.li    a4, 0
core   0: 3 0x8000070e (0x4701) x14 0x00000000
core   0: 0x80000710 (0x03976f33) rem     t5, a4, s9
core   0: 3 0x80000710 (0x03976f33) x30 0x00000000
core   0: 0x80000714 (0x021b9cb3) mulh    s9, s7, ra
core   0: 3 0x80000714 (0x021b9cb3) x25 0x00000000
core   0: 0x80000718 (0x017b8833) add     a6, s7, s7
core   0: 3 0x80000718 (0x017b8833) x16 0x00000000
core   0: 0x8000071c (0x024f1cb3) mulh    s9, t5, tp
core   0: 3 0x8000071c (0x024f1cb3) x25 0x00000000
core   0: 0x80000720 (0x03e84233) div     tp, a6, t5
core   0: 3 0x80000720 (0x03e84233) x 4 0xffffffff
core   0: 0x80000724 (0x30e6d0b7) lui     ra, 0x30e6d
core   0: 3 0x80000724 (0x30e6d0b7) x 1 0x30e6d000
core   0: 0x80000728 (0xe3508217) auipc   tp, 0xe3508
core   0: 3 0x80000728 (0xe3508217) x 4 0x63508728
core   0: 0x8000072c (0x004f0633) add     a2, t5, tp
core   0: 3 0x8000072c (0x004f0633) x12 0x63508728
core   0: 0x80000730 (0x0210ebb3) rem     s7, ra, ra
core   0: 3 0x80000730 (0x0210ebb3) x23 0x00000000
core   0: 0x80000734 (0x00000001) c.nop
core   0: 3 0x80000734 (0x0001)
core   0: 0x80000736 (0x01b80f33) add     t5, a6, s11
core   0: 3 0x80000736 (0x01b80f33) x30 0xffffffff
core   0: 0x8000073a (0xfe9e0bb7) lui     s7, 0xfe9e0
core   0: 3 0x8000073a (0xfe9e0bb7) x23 0xfe9e0000
core   0: 0x8000073e (0x02c25db3) divu    s11, tp, a2
core   0: 3 0x8000073e (0x02c25db3) x27 0x00000001
core   0: 0x80000742 (0x03c26833) rem     a6, tp, t3
core   0: 3 0x80000742 (0x03c26833) x16 0x63508728
core   0: 0x80000746 (0x3abd8213) addi    tp, s11, 939
core   0: 3 0x80000746 (0x3abd8213) x 4 0x000003ac
core   0: 0x8000074a (0x03cdc233) div     tp, s11, t3
core   0: 3 0x8000074a (0x03cdc233) x 4 0xffffffff
core   0: 0x8000074e (0x037def33) rem     t5, s11, s7
core   0: 3 0x8000074e (0x037def33) x30 0x00000001
core   0: 0x80000752 (0x02161bb3) mulh    s7, a2, ra
core   0: 3 0x80000752 (0x02161bb3) x23 0x12f8a462
core   0: 0x80000756 (0x004e0db3) add     s11, t3, tp
core   0: 3 0x80000756 (0x004e0db3) x27 0xffffffff
core   0: 0x8000075a (0x03709233) mulh    tp, ra, s7
core   0: 3 0x8000075a (0x03709233) x 4 0x039fb9a0
core   0: 0x8000075e (0x01080db3) add     s11, a6, a6
core   0: 3 0x8000075e (0x01080db3) x27 0xc6a10e50
core   0: 0x80000762 (0x037840b3) div     ra, a6, s7
core   0: 3 0x80000762 (0x037840b3) x 1 0x00000005
core   0: 0x80000766 (0x03ecadb3) mulhsu  s11, s9, t5
core   0: 3 0x80000766 (0x03ecadb3) x27 0x00000000
core   0: 0x8000076a (0x03e08e33) mul     t3, ra, t5
core   0: 3 0x8000076a (0x03e08e33) x28 0x00000005
core   0: 0x8000076e (0x03bdc0b3) div     ra, s11, s11
core   0: 3 0x8000076e (0x03bdc0b3) x 1 0xffffffff
core   0: 0x80000772 (0x00004e01) c.li    t3, 0
core   0: 3 0x80000772 (0x4e01) x28 0x00000000
core   0: 0x80000774 (0x00004e81) c.li    t4, 0
core   0: 3 0x80000774 (0x4e81) x29 0x00000000
core   0: 0x80000776 (0x80000137) lui     sp, 0x80000
core   0: 3 0x80000776 (0x80000137) x 2 0x80000000
core   0: 0x8000077a (0x00004781) c.li    a5, 0
core   0: 3 0x8000077a (0x4781) x15 0x00000000
core   0: 0x8000077c (0xfff00193) li      gp, -1
core   0: 3 0x8000077c (0xfff00193) x 3 0xffffffff
core   0: 0x80000780 (0xbb56f337) lui     t1, 0xbb56f
core   0: 3 0x80000780 (0xbb56f337) x 6 0xbb56f000
core   0: 0x80000784 (0x10030313) addi    t1, t1, 256
core   0: 3 0x80000784 (0x10030313) x 6 0xbb56f100
core   0: 0x80000788 (0xfff00213) li      tp, -1
core   0: 3 0x80000788 (0xfff00213) x 4 0xffffffff
core   0: 0x8000078c (0x800002b7) lui     t0, 0x80000
core   0: 3 0x8000078c (0x800002b7) x 5 0x80000000
core   0: 0x80000790 (0x85e443b7) lui     t2, 0x85e44
core   0: 3 0x80000790 (0x85e443b7) x 7 0x85e44000
core   0: 0x80000794 (0x47538393) addi    t2, t2, 1141
core   0: 3 0x80000794 (0x47538393) x 7 0x85e44475
core   0: 0x80000798 (0x80000bb7) lui     s7, 0x80000
core   0: 3 0x80000798 (0x80000bb7) x23 0x80000000
core   0: 0x8000079c (0x02422eb3) mulhsu  t4, tp, tp
core   0: 3 0x8000079c (0x02422eb3) x29 0xffffffff
core   0: 0x800007a0 (0x037e5333) divu    t1, t3, s7
core   0: 3 0x800007a0 (0x037e5333) x 6 0x00000000
core   0: 0x800007a4 (0x03c7e133) rem     sp, a5, t3
core   0: 3 0x800007a4 (0x03c7e133) x 2 0x00000000
core   0: 0x800007a8 (0x0257feb3) remu    t4, a5, t0
core   0: 3 0x800007a8 (0x0257feb3) x29 0x00000000
core   0: 0x800007ac (0x4557a2b7) lui     t0, 0x4557a
core   0: 3 0x800007ac (0x4557a2b7) x 5 0x4557a000
core   0: 0x800007b0 (0x025e31b3) mulhu   gp, t3, t0
core   0: 3 0x800007b0 (0x025e31b3) x 3 0x00000000
core   0: 0x800007b4 (0x03c7c1b3) div     gp, a5, t3
core   0: 3 0x800007b4 (0x03c7c1b3) x 3 0xffffffff
core   0: 0x800007b8 (0x037bdeb3) divu    t4, s7, s7
core   0: 3 0x800007b8 (0x037bdeb3) x29 0x00000001
core   0: 0x800007bc (0x404e8bb3) sub     s7, t4, tp
core   0: 3 0x800007bc (0x404e8bb3) x23 0x00000002
core   0: 0x800007c0 (0x0271abb3) mulhsu  s7, gp, t2
core   0: 3 0x800007c0 (0x0271abb3) x23 0xffffffff
core   0: 0x800007c4 (0x02417bb3) remu    s7, sp, tp
core   0: 3 0x800007c4 (0x02417bb3) x23 0x00000000
core   0: 0x800007c8 (0x027bcbb3) div     s7, s7, t2
core   0: 3 0x800007c8 (0x027bcbb3) x23 0x00000000
core   0: 0x800007cc (0x03d1f133) remu    sp, gp, t4
core   0: 3 0x800007cc (0x03d1f133) x 2 0x00000000
core   0: 0x800007d0 (0x64f39bb7) lui     s7, 0x64f39
core   0: 3 0x800007d0 (0x64f39bb7) x23 0x64f39000
core   0: 0x800007d4 (0x03d1c233) div     tp, gp, t4
core   0: 3 0x800007d4 (0x03d1c233) x 4 0xffffffff
core   0: 0x800007d8 (0x022e8eb3) mul     t4, t4, sp
core   0: 3 0x800007d8 (0x022e8eb3) x29 0x00000000
core   0: 0x800007dc (0xe1ced117) auipc   sp, 0xe1ced
core   0: 3 0x800007dc (0xe1ced117) x 2 0x61ced7dc
core   0: 0x800007e0 (0x40f10e33) sub     t3, sp, a5
core   0: 3 0x800007e0 (0x40f10e33) x28 0x61ced7dc
core   0: 0x800007e4 (0x02fe57b3) divu    a5, t3, a5
core   0: 3 0x800007e4 (0x02fe57b3) x15 0xffffffff
core   0: 0x800007e8 (0x1ce8a337) lui     t1, 0x1ce8a
core   0: 3 0x800007e8 (0x1ce8a337) x 6 0x1ce8a000
core   0: 0x800007ec (0x0262ce33) div     t3, t0, t1
core   0: 3 0x800007ec (0x0262ce33) x28 0x00000002
core   0: 0x800007f0 (0x02216e33) rem     t3, sp, sp
core   0: 3 0x800007f0 (0x02216e33) x28 0x00000000
core   0: 0x800007f4 (0x00000001) c.nop
core   0: 3 0x800007f4 (0x0001)
core   0: 0x800007f6 (0x026e62b3) rem     t0, t3, t1
core   0: 3 0x800007f6 (0x026e62b3) x 5 0x00000000
core   0: 0x800007fa (0x02523333) mulhu   t1, tp, t0
core   0: 3 0x800007fa (0x02523333) x 6 0x00000000
core   0: 0x800007fe (0x40f302b3) sub     t0, t1, a5
core   0: 3 0x800007fe (0x40f302b3) x 5 0x00000001
core   0: 0x80000802 (0x00000001) c.nop
core   0: 3 0x80000802 (0x0001)
core   0: 0x80000804 (0xc79e0793) addi    a5, t3, -903
core   0: 3 0x80000804 (0xc79e0793) x15 0xfffffc79
core   0: 0x80000808 (0x02736e33) rem     t3, t1, t2
core   0: 3 0x80000808 (0x02736e33) x28 0x00000000
core   0: 0x8000080c (0x026eae33) mulhsu  t3, t4, t1
core   0: 3 0x8000080c (0x026eae33) x28 0x00000000
core   0: 0x80000810 (0x800004b7) lui     s1, 0x80000
core   0: 3 0x80000810 (0x800004b7) x 9 0x80000000
core   0: 0x80000814 (0x00004601) c.li    a2, 0
core   0: 3 0x80000814 (0x4601) x12 0x00000000
core   0: 0x80000816 (0x800003b7) lui     t2, 0x80000
core   0: 3 0x80000816 (0x800003b7) x 7 0x80000000
core   0: 0x8000081a (0x332459b7) lui     s3, 0x33245
core   0: 3 0x8000081a (0x332459b7) x19 0x33245000
core   0: 0x8000081e (0xc4c98993) addi    s3, s3, -948
core   0: 3 0x8000081e (0xc4c98993) x19 0x33244c4c
core   0: 0x80000822 (0x265d57b7) lui     a5, 0x265d5
core   0: 3 0x80000822 (0x265d57b7) x15 0x265d5000
core   0: 0x80000826 (0x1b278793) addi    a5, a5, 434
core   0: 3 0x80000826 (0x1b278793) x15 0x265d51b2
core   0: 0x8000082a (0xfff00113) li      sp, -1
core   0: 3 0x8000082a (0xfff00113) x 2 0xffffffff
core   0: 0x8000082e (0x00004d81) c.li    s11, 0
core   0: 3 0x8000082e (0x4d81) x27 0x00000000
core   0: 0x80000830 (0x80000cb7) lui     s9, 0x80000
core   0: 3 0x80000830 (0x80000cb7) x25 0x80000000
core   0: 0x80000834 (0x00004881) c.li    a7, 0
core   0: 3 0x80000834 (0x4881) x17 0x00000000
core   0: 0x80000836 (0x00004201) c.li    tp, 0
core   0: 3 0x80000836 (0x4201) x 4 0x00000000
core   0: 0x80000838 (0x00c60cb3) add     s9, a2, a2
core   0: 3 0x80000838 (0x00c60cb3) x25 0x00000000
core   0: 0x8000083c (0x02f234b3) mulhu   s1, tp, a5
core   0: 3 0x8000083c (0x02f234b3) x 9 0x00000000
core   0: 0x80000840 (0x00000001) c.nop
core   0: 3 0x80000840 (0x0001)
core   0: 0x80000842 (0xd92bf237) lui     tp, 0xd92bf
core   0: 3 0x80000842 (0xd92bf237) x 4 0xd92bf000
core   0: 0x80000846 (0x00000001) c.nop
core   0: 3 0x80000846 (0x0001)
core   0: 0x80000848 (0x0314e9b3) rem     s3, s1, a7
core   0: 3 0x80000848 (0x0314e9b3) x19 0x00000000
core   0: 0x8000084c (0xed010213) addi    tp, sp, -304
core   0: 3 0x8000084c (0xed010213) x 4 0xfffffecf
core   0: 0x80000850 (0x033cc133) div     sp, s9, s3
core   0: 3 0x80000850 (0x033cc133) x 2 0xffffffff
core   0: 0x80000854 (0x00fc8db3) add     s11, s9, a5
core   0: 3 0x80000854 (0x00fc8db3) x27 0x265d51b2
core   0: 0x80000858 (0x0294f633) remu    a2, s1, s1
core   0: 3 0x80000858 (0x0294f633) x12 0x00000000
core   0: 0x8000085c (0x011d8133) add     sp, s11, a7
core   0: 3 0x8000085c (0x011d8133) x 2 0x265d51b2
core   0: 0x80000860 (0x027883b3) mul     t2, a7, t2
core   0: 3 0x80000860 (0x027883b3) x 7 0x00000000
core   0: 0x80000864 (0x033da4b3) mulhsu  s1, s11, s3
core   0: 3 0x80000864 (0x033da4b3) x 9 0x00000000
core   0: 0x80000868 (0x1ab8d7b7) lui     a5, 0x1ab8d
core   0: 3 0x80000868 (0x1ab8d7b7) x15 0x1ab8d000
core   0: 0x8000086c (0x407887b3) sub     a5, a7, t2
core   0: 3 0x8000086c (0x407887b3) x15 0x00000000
core   0: 0x80000870 (0x22962397) auipc   t2, 0x22962
core   0: 3 0x80000870 (0x22962397) x 7 0xa2962870
core   0: 0x80000874 (0x00000001) c.nop
core   0: 3 0x80000874 (0x0001)
core   0: 0x80000876 (0x022da633) mulhsu  a2, s11, sp
core   0: 3 0x80000876 (0x022da633) x12 0x05bfd645
core   0: 0x8000087a (0x02717cb3) remu    s9, sp, t2
core   0: 3 0x8000087a (0x02717cb3) x25 0x265d51b2
core   0: 0x8000087e (0x024788b3) mul     a7, a5, tp
core   0: 3 0x8000087e (0x024788b3) x17 0x00000000
core   0: 0x80000882 (0x02760233) mul     tp, a2, t2
core   0: 3 0x80000882 (0x02760233) x 4 0xb3d68630
core   0: 0x80000886 (0x029273b3) remu    t2, tp, s1
core   0: 3 0x80000886 (0x029273b3) x 7 0xb3d68630
core   0: 0x8000088a (0x0334a8b3) mulhsu  a7, s1, s3
core   0: 3 0x8000088a (0x0334a8b3) x17 0x00000000
core   0: 0x8000088e (0x40778233) sub     tp, a5, t2
core   0: 3 0x8000088e (0x40778233) x 4 0x4c2979d0
core   0: 0x80000892 (0x7f6c1617) auipc   a2, 0x7f6c1
core   0: 3 0x80000892 (0x7f6c1617) x12 0xff6c1892
core   0: 0x80000896 (0x029179b3) remu    s3, sp, s1
core   0: 3 0x80000896 (0x029179b3) x19 0x265d51b2
core   0: 0x8000089a (0x02464cb3) div     s9, a2, tp
core   0: 3 0x8000089a (0x02464cb3) x25 0x00000000
core   0: 0x8000089e (0x02c663b3) rem     t2, a2, a2
core   0: 3 0x8000089e (0x02c663b3) x 7 0x00000000
core   0: 0x800008a2 (0x03b218b3) mulh    a7, tp, s11
core   0: 3 0x800008a2 (0x03b218b3) x17 0x0b69eb74
core   0: 0x800008a6 (0x024d83b3) mul     t2, s11, tp
core   0: 3 0x800008a6 (0x024d83b3) x 7 0x34f182a0
core   0: 0x800008aa (0x9b246ab7) lui     s5, 0x9b246
core   0: 3 0x800008aa (0x9b246ab7) x21 0x9b246000
core   0: 0x800008ae (0xdb6a8a93) addi    s5, s5, -586
core   0: 3 0x800008ae (0xdb6a8a93) x21 0x9b245db6
core   0: 0x800008b2 (0x00004801) c.li    a6, 0
core   0: 3 0x800008b2 (0x4801) x16 0x00000000
core   0: 0x800008b4 (0x80c130b7) lui     ra, 0x80c13
core   0: 3 0x800008b4 (0x80c130b7) x 1 0x80c13000
core   0: 0x800008b8 (0x12e08093) addi    ra, ra, 302
core   0: 3 0x800008b8 (0x12e08093) x 1 0x80c1312e
core   0: 0x800008bc (0x9ae12937) lui     s2, 0x9ae12
core   0: 3 0x800008bc (0x9ae12937) x18 0x9ae12000
core   0: 0x800008c0 (0xe1d90913) addi    s2, s2, -483
core   0: 3 0x800008c0 (0xe1d90913) x18 0x9ae11e1d
core   0: 0x800008c4 (0xc5131f37) lui     t5, 0xc5131
core   0: 3 0x800008c4 (0xc5131f37) x30 0xc5131000
core   0: 0x800008c8 (0xfaff0f13) addi    t5, t5, -81
core   0: 3 0x800008c8 (0xfaff0f13) x30 0xc5130faf
core   0: 0x800008cc (0xff03f3b7) lui     t2, 0xff03f
core   0: 3 0x800008cc (0xff03f3b7) x 7 0xff03f000
core   0: 0x800008d0 (0x9d238393) addi    t2, t2, -1582
core   0: 3 0x800008d0 (0x9d238393) x 7 0xff03e9d2
core   0: 0x800008d4 (0xfff00e93) li      t4, -1
core   0: 3 0x800008d4 (0xfff00e93) x29 0xffffffff
core   0: 0x800008d8 (0x80000137) lui     sp, 0x80000
core   0: 3 0x800008d8 (0x80000137) x 2 0x80000000
core   0: 0x800008dc (0x00004281) c.li    t0, 0
core   0: 3 0x800008dc (0x4281) x 5 0x00000000
core   0: 0x800008de (0xc77181b7) lui     gp, 0xc7718
core   0: 3 0x800008de (0xc77181b7) x 3 0xc7718000
core   0: 0x800008e2 (0x4a118193) addi    gp, gp, 1185
core   0: 3 0x800008e2 (0x4a118193) x 3 0xc77184a1
core   0: 0x800008e6 (0xf97e7937) lui     s2, 0xf97e7
core   0: 3 0x800008e6 (0xf97e7937) x18 0xf97e7000
core   0: 0x800008ea (0xb5dd7917) auipc   s2, 0xb5dd7
core   0: 3 0x800008ea (0xb5dd7917) x18 0x35dd78ea
core   0: 0x800008ee (0x03280f33) mul     t5, a6, s2
core   0: 3 0x800008ee (0x03280f33) x30 0x00000000
core   0: 0x800008f2 (0x003382b3) add     t0, t2, gp
core   0: 3 0x800008f2 (0x003382b3) x 5 0xc6756e73
core   0: 0x800008f6 (0x035f2833) mulhsu  a6, t5, s5
core   0: 3 0x800008f6 (0x035f2833) x16 0x00000000
core   0: 0x800008fa (0x8b118113) addi    sp, gp, -1871
core   0: 3 0x800008fa (0x8b118113) x 2 0xc7717d52
core   0: 0x800008fe (0x415381b3) sub     gp, t2, s5
core   0: 3 0x800008fe (0x415381b3) x 3 0x63df8c1c
core   0: 0x80000902 (0x1c1763b7) lui     t2, 0x1c176
core   0: 3 0x80000902 (0x1c1763b7) x 7 0x1c176000
core   0: 0x80000906 (0x027080b3) mul     ra, ra, t2
core   0: 3 0x80000906 (0x027080b3) x 1 0xe5934000
core   0: 0x8000090a (0x7762ef37) lui     t5, 0x7762e
core   0: 3 0x8000090a (0x7762ef37) x30 0x7762e000
core   0: 0x8000090e (0x6a390f37) lui     t5, 0x6a390
core   0: 3 0x8000090e (0x6a390f37) x30 0x6a390000
core   0: 0x80000912 (0x03286933) rem     s2, a6, s2
core   0: 3 0x80000912 (0x03286933) x18 0x00000000
core   0: 0x80000916 (0x410f0833) sub     a6, t5, a6
core   0: 3 0x80000916 (0x410f0833) x16 0x6a390000
core   0: 0x8000091a (0x027f0133) mul     sp, t5, t2
core   0: 3 0x8000091a (0x027f0133) x 2 0x60000000
core   0: 0x8000091e (0x0253e1b3) rem     gp, t2, t0
core   0: 3 0x8000091e (0x0253e1b3) x 3 0x1c176000
core   0: 0x80000922 (0x022181b3) mul     gp, gp, sp
core   0: 3 0x80000922 (0x022181b3) x 3 0x00000000
core   0: 0x80000926 (0x0252beb3) mulhu   t4, t0, t0
core   0: 3 0x80000926 (0x0252beb3) x29 0x99d9dcb8
core   0: 0x8000092a (0x035ed3b3) divu    t2, t4, s5
core   0: 3 0x8000092a (0x035ed3b3) x 7 0x00000000
core   0: 0x8000092e (0x03590133) mul     sp, s2, s5
core   0: 3 0x8000092e (0x03590133) x 2 0x00000000
core   0: 0x80000932 (0x88493e97) auipc   t4, 0x88493
core   0: 3 0x80000932 (0x88493e97) x29 0x08493932
core   0: 0x80000936 (0x80000937) lui     s2, 0x80000
core   0: 3 0x80000936 (0x80000937) x18 0x80000000
core   0: 0x8000093a (0x80000f37) lui     t5, 0x80000
core   0: 3 0x8000093a (0x80000f37) x30 0x80000000
core   0: 0x8000093e (0x800000b7) lui     ra, 0x80000
core   0: 3 0x8000093e (0x800000b7) x 1 0x80000000
core   0: 0x80000942 (0xfff00613) li      a2, -1
core   0: 3 0x80000942 (0xfff00613) x12 0xffffffff
core   0: 0x80000946 (0xfff00293) li      t0, -1
core   0: 3 0x80000946 (0xfff00293) x 5 0xffffffff
core   0: 0x8000094a (0xfff00413) li      s0, -1
core   0: 3 0x8000094a (0xfff00413) x 8 0xffffffff
core   0: 0x8000094e (0x00004801) c.li    a6, 0
core   0: 3 0x8000094e (0x4801) x16 0x00000000
core   0: 0x80000950 (0xb2d1f337) lui     t1, 0xb2d1f
core   0: 3 0x80000950 (0xb2d1f337) x 6 0xb2d1f000
core   0: 0x80000954 (0xa8830313) addi    t1, t1, -1400
core   0: 3 0x80000954 (0xa8830313) x 6 0xb2d1ea88
core   0: 0x80000958 (0xfff00993) li      s3, -1
core   0: 3 0x80000958 (0xfff00993) x19 0xffffffff
core   0: 0x8000095c (0xfff00e93) li      t4, -1
core   0: 3 0x8000095c (0xfff00e93) x29 0xffffffff
core   0: 0x80000960 (0x43940f13) addi    t5, s0, 1081
core   0: 3 0x80000960 (0x43940f13) x30 0x00000438
core   0: 0x80000964 (0x03e42f33) mulhsu  t5, s0, t5
core   0: 3 0x80000964 (0x03e42f33) x30 0xffffffff
core   0: 0x80000968 (0x028280b3) mul     ra, t0, s0
core   0: 3 0x80000968 (0x028280b3) x 1 0x00000001
core   0: 0x8000096c (0x001f0933) add     s2, t5, ra
core   0: 3 0x8000096c (0x001f0933) x18 0x00000000
core   0: 0x80000970 (0x40528933) sub     s2, t0, t0
core   0: 3 0x80000970 (0x40528933) x18 0x00000000
core   0: 0x80000974 (0xc7787e97) auipc   t4, 0xc7787
core   0: 3 0x80000974 (0xc7787e97) x29 0x47787974
core   0: 0x80000978 (0x03293433) mulhu   s0, s2, s2
core   0: 3 0x80000978 (0x03293433) x 8 0x00000000
core   0: 0x8000097c (0x03e0f333) remu    t1, ra, t5
core   0: 3 0x8000097c (0x03e0f333) x 6 0x00000001
core   0: 0x80000980 (0xc14e8993) addi    s3, t4, -1004
core   0: 3 0x80000980 (0xc14e8993) x19 0x47787588
core   0: 0x80000984 (0x02596f33) rem     t5, s2, t0
core   0: 3 0x80000984 (0x02596f33) x30 0x00000000
core   0: 0x80000988 (0x594f9eb7) lui     t4, 0x594f9
core   0: 3 0x80000988 (0x594f9eb7) x29 0x594f9000
core   0: 0x8000098c (0x406089b3) sub     s3, ra, t1
core   0: 3 0x8000098c (0x406089b3) x19 0x00000000
core   0: 0x80000990 (0x03330333) mul     t1, t1, s3
core   0: 3 0x80000990 (0x03330333) x 6 0x00000000
core   0: 0x80000994 (0x02840433) mul     s0, s0, s0
core   0: 3 0x80000994 (0x02840433) x 8 0x00000000
core   0: 0x80000998 (0x01e98333) add     t1, s3, t5
core   0: 3 0x80000998 (0x01e98333) x 6 0x00000000
core   0: 0x8000099c (0x0212eeb3) rem     t4, t0, ra
core   0: 3 0x8000099c (0x0212eeb3) x29 0x00000000
core   0: 0x800009a0 (0x02142633) mulhsu  a2, s0, ra
core   0: 3 0x800009a0 (0x02142633) x12 0x00000000
core   0: 0x800009a4 (0x03231833) mulh    a6, t1, s2
core   0: 3 0x800009a4 (0x03231833) x16 0x00000000
core   0: 0x800009a8 (0x0000909a) c.add   ra, t1
core   0: 3 0x800009a8 (0x909a) x 1 0x00000001
core   0: 0x800009aa (0x02ceb9b3) mulhu   s3, t4, a2
core   0: 3 0x800009aa (0x02ceb9b3) x19 0x00000000
core   0: 0x800009ae (0x00000001) c.nop
core   0: 3 0x800009ae (0x0001)
core   0: 0x800009b0 (0x0300d933) divu    s2, ra, a6
core   0: 3 0x800009b0 (0x0300d933) x18 0xffffffff
core   0: 0x800009b4 (0x40c28433) sub     s0, t0, a2
core   0: 3 0x800009b4 (0x40c28433) x 8 0xffffffff
core   0: 0x800009b8 (0x02646633) rem     a2, s0, t1
core   0: 3 0x800009b8 (0x02646633) x12 0xffffffff
core   0: 0x800009bc (0x424fa817) auipc   a6, 0x424fa
core   0: 3 0x800009bc (0x424fa817) x16 0xc24fa9bc
core   0: 0x800009c0 (0x8c8cd0b7) lui     ra, 0x8c8cd
core   0: 3 0x800009c0 (0x8c8cd0b7) x 1 0x8c8cd000
core   0: 0x800009c4 (0x021319b3) mulh    s3, t1, ra
core   0: 3 0x800009c4 (0x021319b3) x19 0x00000000
core   0: 0x800009c8 (0xfff00f93) li      t6, -1
core   0: 3 0x800009c8 (0xfff00f93) x31 0xffffffff
core   0: 0x800009cc (0x217aa237) lui     tp, 0x217aa
core   0: 3 0x800009cc (0x217aa237) x 4 0x217aa000
core   0: 0x800009d0 (0x24420213) addi    tp, tp, 580
core   0: 3 0x800009d0 (0x24420213) x 4 0x217aa244
core   0: 0x800009d4 (0x80000a37) lui     s4, 0x80000
core   0: 3 0x800009d4 (0x80000a37) x20 0x80000000
core   0: 0x800009d8 (0x00004781) c.li    a5, 0
core   0: 3 0x800009d8 (0x4781) x15 0x00000000
core   0: 0x800009da (0x00004e01) c.li    t3, 0
core   0: 3 0x800009da (0x4e01) x28 0x00000000
core   0: 0x800009dc (0xa17f1db7) lui     s11, 0xa17f1
core   0: 3 0x800009dc (0xa17f1db7) x27 0xa17f1000
core   0: 0x800009e0 (0x4bed8d93) addi    s11, s11, 1214
core   0: 3 0x800009e0 (0x4bed8d93) x27 0xa17f14be
core   0: 0x800009e4 (0x00004681) c.li    a3, 0
core   0: 3 0x800009e4 (0x4681) x13 0x00000000
core   0: 0x800009e6 (0x30af9437) lui     s0, 0x30af9
core   0: 3 0x800009e6 (0x30af9437) x 8 0x30af9000
core   0: 0x800009ea (0x64140413) addi    s0, s0, 1601
core   0: 3 0x800009ea (0x64140413) x 8 0x30af9641
core   0: 0x800009ee (0x5cac98b7) lui     a7, 0x5cac9
core   0: 3 0x800009ee (0x5cac98b7) x17 0x5cac9000
core   0: 0x800009f2 (0xa4488893) addi    a7, a7, -1468
core   0: 3 0x800009f2 (0xa4488893) x17 0x5cac8a44
core   0: 0x800009f6 (0x16a97637) lui     a2, 0x16a97
core   0: 3 0x800009f6 (0x16a97637) x12 0x16a97000
core   0: 0x800009fa (0x5fc60613) addi    a2, a2, 1532
core   0: 3 0x800009fa (0x5fc60613) x12 0x16a975fc
core   0: 0x800009fe (0x08978d93) addi    s11, a5, 137
core   0: 3 0x800009fe (0x08978d93) x27 0x00000089
core   0: 0x80000a02 (0x41478633) sub     a2, a5, s4
core   0: 3 0x80000a02 (0x41478633) x12 0x80000000
core   0: 0x80000a06 (0x03ca4e33) div     t3, s4, t3
core   0: 3 0x80000a06 (0x03ca4e33) x28 0xffffffff
core   0: 0x80000a0a (0x034d8233) mul     tp, s11, s4
core   0: 3 0x80000a0a (0x034d8233) x 4 0x80000000
core   0: 0x80000a0e (0x03f8b433) mulhu   s0, a7, t6
core   0: 3 0x80000a0e (0x03f8b433) x 8 0x5cac8a43
core   0: 0x80000a12 (0x77915e17) auipc   t3, 0x77915
core   0: 3 0x80000a12 (0x77915e17) x28 0xf7915a12
core   0: 0x80000a16 (0x03cdf7b3) remu    a5, s11, t3
core   0: 3 0x80000a16 (0x03cdf7b3) x15 0x00000089
core   0: 0x80000a1a (0x03bdfe33) remu    t3, s11, s11
core   0: 3 0x80000a1a (0x03bdfe33) x28 0x00000000
core   0: 0x80000a1e (0x02fe0a33) mul     s4, t3, a5
core   0: 3 0x80000a1e (0x02fe0a33) x20 0x00000000
core   0: 0x80000a22 (0x22ba9e17) auipc   t3, 0x22ba9
core   0: 3 0x80000a22 (0x22ba9e17) x28 0xa2ba9a22
core   0: 0x80000a26 (0x93daf897) auipc   a7, 0x93daf
core   0: 3 0x80000a26 (0x93daf897) x17 0x13dafa26
core   0: 0x80000a2a (0x03b8dfb3) divu    t6, a7, s11
core   0: 3 0x80000a2a (0x03b8dfb3) x31 0x00251a1e
core   0: 0x80000a2e (0x02f8a8b3) mulhsu  a7, a7, a5
core   0: 3 0x80000a2e (0x02f8a8b3) x17 0x0000000a
core   0: 0x80000a32 (0xa6f6d797) auipc   a5, 0xa6f6d
core   0: 3 0x80000a32 (0xa6f6d797) x15 0x26f6da32
core   0: 0x80000a36 (0x00000001) c.nop
core   0: 3 0x80000a36 (0x0001)
core   0: 0x80000a38 (0x0348e433) rem     s0, a7, s4
core   0: 3 0x80000a38 (0x0348e433) x 8 0x0000000a
core   0: 0x80000a3c (0x58ea0d93) addi    s11, s4, 1422
core   0: 3 0x80000a3c (0x58ea0d93) x27 0x0000058e
core   0: 0x80000a40 (0x40d408b3) sub     a7, s0, a3
core   0: 3 0x80000a40 (0x40d408b3) x17 0x0000000a
core   0: 0x80000a44 (0x03b7be33) mulhu   t3, a5, s11
core   0: 3 0x80000a44 (0x03b7be33) x28 0x000000d8
core   0: 0x80000a48 (0x00000001) c.nop
core   0: 3 0x80000a48 (0x0001)
core   0: 0x80000a4a (0x03b63db3) mulhu   s11, a2, s11
core   0: 3 0x80000a4a (0x03b63db3) x27 0x000002c7
core   0: 0x80000a4e (0x034e46b3) div     a3, t3, s4
core   0: 3 0x80000a4e (0x034e46b3) x13 0xffffffff
core   0: 0x80000a52 (0x02da1433) mulh    s0, s4, a3
core   0: 3 0x80000a52 (0x02da1433) x 8 0x00000000
core   0: 0x80000a56 (0x02f20db3) mul     s11, tp, a5
core   0: 3 0x80000a56 (0x02f20db3) x27 0x00000000
core   0: 0x80000a5a (0x02dfadb3) mulhsu  s11, t6, a3
core   0: 3 0x80000a5a (0x02dfadb3) x27 0x00251a1d
core   0: 0x80000a5e (0x011f8a33) add     s4, t6, a7
core   0: 3 0x80000a5e (0x011f8a33) x20 0x00251a28
core   0: 0x80000a62 (0x03f42433) mulhsu  s0, s0, t6
core   0: 3 0x80000a62 (0x03f42433) x 8 0x00000000
core   0: 0x80000a66 (0xdf9e3237) lui     tp, 0xdf9e3
core   0: 3 0x80000a66 (0xdf9e3237) x 4 0xdf9e3000
core   0: 0x80000a6a (0x800002b7) lui     t0, 0x80000
core   0: 3 0x80000a6a (0x800002b7) x 5 0x80000000
core   0: 0x80000a6e (0x80000bb7) lui     s7, 0x80000
core   0: 3 0x80000a6e (0x80000bb7) x23 0x80000000
core   0: 0x80000a72 (0xfff00c93) li      s9, -1
core   0: 3 0x80000a72 (0xfff00c93) x25 0xffffffff
core   0: 0x80000a76 (0x80000db7) lui     s11, 0x80000
core   0: 3 0x80000a76 (0x80000db7) x27 0x80000000
core   0: 0x80000a7a (0xfff00e93) li      t4, -1
core   0: 3 0x80000a7a (0xfff00e93) x29 0xffffffff
core   0: 0x80000a7e (0xfff00b13) li      s6, -1
core   0: 3 0x80000a7e (0xfff00b13) x22 0xffffffff
core   0: 0x80000a82 (0x80000ab7) lui     s5, 0x80000
core   0: 3 0x80000a82 (0x80000ab7) x21 0x80000000
core   0: 0x80000a86 (0x800007b7) lui     a5, 0x80000
core   0: 3 0x80000a86 (0x800007b7) x15 0x80000000
core   0: 0x80000a8a (0xfff00d13) li      s10, -1
core   0: 3 0x80000a8a (0xfff00d13) x26 0xffffffff
core   0: 0x80000a8e (0x00004701) c.li    a4, 0
core   0: 3 0x80000a8e (0x4701) x14 0x00000000
core   0: 0x80000a90 (0x40ed02b3) sub     t0, s10, a4
core   0: 3 0x80000a90 (0x40ed02b3) x 5 0xffffffff
core   0: 0x80000a94 (0x251b0793) addi    a5, s6, 593
core   0: 3 0x80000a94 (0x251b0793) x15 0x00000250
core   0: 0x80000a98 (0x4ddc9d17) auipc   s10, 0x4ddc9
core   0: 3 0x80000a98 (0x4ddc9d17) x26 0xcddc9a98
core   0: 0x80000a9c (0x036ec2b3) div     t0, t4, s6
core   0: 3 0x80000a9c (0x036ec2b3) x 5 0x00000001
core   0: 0x80000aa0 (0x03dbecb3) rem     s9, s7, t4
core   0: 3 0x80000aa0 (0x03dbecb3) x25 0x00000000
core   0: 0x80000aa4 (0x039bc7b3) div     a5, s7, s9
core   0: 3 0x80000aa4 (0x039bc7b3) x15 0xffffffff
core   0: 0x80000aa8 (0xdc815eb7) lui     t4, 0xdc815
core   0: 3 0x80000aa8 (0xdc815eb7) x29 0xdc815000
core   0: 0x80000aac (0x03db1eb3) mulh    t4, s6, t4
core   0: 3 0x80000aac (0x03db1eb3) x29 0x00000000
core   0: 0x80000ab0 (0x41bc8bb3) sub     s7, s9, s11
core   0: 3 0x80000ab0 (0x41bc8bb3) x23 0x80000000
core   0: 0x80000ab4 (0x03928b33) mul     s6, t0, s9
core   0: 3 0x80000ab4 (0x03928b33) x22 0x00000000
core   0: 0x80000ab8 (0x00000001) c.nop
core   0: 3 0x80000ab8 (0x0001)
core   0: 0x80000aba (0x015c8b33) add     s6, s9, s5
core   0: 3 0x80000aba (0x015c8b33) x22 0x80000000
core   0: 0x80000abe (0x02f74ab3) div     s5, a4, a5
core   0: 3 0x80000abe (0x02f74ab3) x21 0x00000000
core   0: 0x80000ac2 (0x036cbcb3) mulhu   s9, s9, s6
core   0: 3 0x80000ac2 (0x036cbcb3) x25 0x00000000
core   0: 0x80000ac6 (0x0392bcb3) mulhu   s9, t0, s9
core   0: 3 0x80000ac6 (0x0392bcb3) x25 0x00000000
core   0: 0x80000aca (0x00000001) c.nop
core   0: 3 0x80000aca (0x0001)
core   0: 0x80000acc (0x405e87b3) sub     a5, t4, t0
core   0: 3 0x80000acc (0x405e87b3) x15 0xffffffff
core   0: 0x80000ad0 (0x019c82b3) add     t0, s9, s9
core   0: 3 0x80000ad0 (0x019c82b3) x 5 0x00000000
core   0: 0x80000ad4 (0x025b42b3) div     t0, s6, t0
core   0: 3 0x80000ad4 (0x025b42b3) x 5 0xffffffff
core   0: 0x80000ad8 (0x02fa8cb3) mul     s9, s5, a5
core   0: 3 0x80000ad8 (0x02fa8cb3) x25 0x00000000
core   0: 0x80000adc (0x23eb0e93) addi    t4, s6, 574
core   0: 3 0x80000adc (0x23eb0e93) x29 0x8000023e
core   0: 0x80000ae0 (0x03bccd33) div     s10, s9, s11
core   0: 3 0x80000ae0 (0x03bccd33) x26 0x00000000
core   0: 0x80000ae4 (0x02fb17b3) mulh    a5, s6, a5
core   0: 3 0x80000ae4 (0x02fb17b3) x15 0x00000000
core   0: 0x80000ae8 (0x02fb17b3) mulh    a5, s6, a5
core   0: 3 0x80000ae8 (0x02fb17b3) x15 0x00000000
core   0: 0x80000aec (0x02e282b3) mul     t0, t0, a4
core   0: 3 0x80000aec (0x02e282b3) x 5 0x00000000
core   0: 0x80000af0 (0x00000001) c.nop
core   0: 3 0x80000af0 (0x0001)
core   0: 0x80000af2 (0x005b0d33) add     s10, s6, t0
core   0: 3 0x80000af2 (0x005b0d33) x26 0x80000000
core   0: 0x80000af6 (0xddad2297) auipc   t0, 0xddad2
core   0: 3 0x80000af6 (0xddad2297) x 5 0x5dad2af6
core   0: 0x80000afa (0x90f28d93) addi    s11, t0, -1777
core   0: 3 0x80000afa (0x90f28d93) x27 0x5dad2405
core   0: 0x80000afe (0x0f4d0b13) addi    s6, s10, 244
core   0: 3 0x80000afe (0x0f4d0b13) x22 0x800000f4
core   0: 0x80000b02 (0x80000637) lui     a2, 0x80000
core   0: 3 0x80000b02 (0x80000637) x12 0x80000000
core   0: 0x80000b06 (0x097e6d37) lui     s10, 0x97e6
core   0: 3 0x80000b06 (0x097e6d37) x26 0x097e6000
core   0: 0x80000b0a (0x3efd0d13) addi    s10, s10, 1007
core   0: 3 0x80000b0a (0x3efd0d13) x26 0x097e63ef
core   0: 0x80000b0e (0x9678f137) lui     sp, 0x9678f
core   0: 3 0x80000b0e (0x9678f137) x 2 0x9678f000
core   0: 0x80000b12 (0x63a10113) addi    sp, sp, 1594
core   0: 3 0x80000b12 (0x63a10113) x 2 0x9678f63a
core   0: 0x80000b16 (0x800003b7) lui     t2, 0x80000
core   0: 3 0x80000b16 (0x800003b7) x 7 0x80000000
core   0: 0x80000b1a (0x00004801) c.li    a6, 0
core   0: 3 0x80000b1a (0x4801) x16 0x00000000
core   0: 0x80000b1c (0xfff00e13) li      t3, -1
core   0: 3 0x80000b1c (0xfff00e13) x28 0xffffffff
core   0: 0x80000b20 (0xdb0460b7) lui     ra, 0xdb046
core   0: 3 0x80000b20 (0xdb0460b7) x 1 0xdb046000
core   0: 0x80000b24 (0xc1a08093) addi    ra, ra, -998
core   0: 3 0x80000b24 (0xc1a08093) x 1 0xdb045c1a
core   0: 0x80000b28 (0xfff00793) li      a5, -1
core   0: 3 0x80000b28 (0xfff00793) x15 0xffffffff
core   0: 0x80000b2c (0x80000ab7) lui     s5, 0x80000
core   0: 3 0x80000b2c (0x80000ab7) x21 0x80000000
core   0: 0x80000b30 (0x80000b37) lui     s6, 0x80000
core   0: 3 0x80000b30 (0x80000b37) x22 0x80000000
core   0: 0x80000b34 (0x03c81ab3) mulh    s5, a6, t3
core   0: 3 0x80000b34 (0x03c81ab3) x21 0x00000000
core   0: 0x80000b38 (0xeb980113) addi    sp, a6, -327
core   0: 3 0x80000b38 (0xeb980113) x 2 0xfffffeb9
core   0: 0x80000b3c (0xfa0f2117) auipc   sp, 0xfa0f2
core   0: 3 0x80000b3c (0xfa0f2117) x 2 0x7a0f2b3c
core   0: 0x80000b40 (0xe4eca7b7) lui     a5, 0xe4eca
core   0: 3 0x80000b40 (0xe4eca7b7) x15 0xe4eca000
core   0: 0x80000b44 (0x789a3a97) auipc   s5, 0x789a3
core   0: 3 0x80000b44 (0x789a3a97) x21 0xf89a3b44
core   0: 0x80000b48 (0x02f7f7b3) remu    a5, a5, a5
core   0: 3 0x80000b48 (0x02f7f7b3) x15 0x00000000
core   0: 0x80000b4c (0x00000001) c.nop
core   0: 3 0x80000b4c (0x0001)
core   0: 0x80000b4e (0x035857b3) divu    a5, a6, s5
core   0: 3 0x80000b4e (0x035857b3) x15 0x00000000
core   0: 0x80000b52 (0x1de08d13) addi    s10, ra, 478
core   0: 3 0x80000b52 (0x1de08d13) x26 0xdb045df8
core   0: 0x80000b56 (0xf01d0793) addi    a5, s10, -255
core   0: 3 0x80000b56 (0xf01d0793) x15 0xdb045cf9
core   0: 0x80000b5a (0x02c3f0b3) remu    ra, t2, a2
core   0: 3 0x80000b5a (0x02c3f0b3) x 1 0x00000000
core   0: 0x80000b5e (0x036d23b3) mulhsu  t2, s10, s6
core   0: 3 0x80000b5e (0x036d23b3) x 7 0xed822efc
core   0: 0x80000b62 (0xddfd0113) addi    sp, s10, -545
core   0: 3 0x80000b62 (0xddfd0113) x 2 0xdb045bd7
core   0: 0x80000b66 (0x027a9ab3) mulh    s5, s5, t2
core   0: 3 0x80000b66 (0x027a9ab3) x21 0x0088ca90
core   0: 0x80000b6a (0xe0543097) auipc   ra, 0xe0543
core   0: 3 0x80000b6a (0xe0543097) x 1 0x60543b6a
core   0: 0x80000b6e (0x25a8d117) auipc   sp, 0x25a8d
core   0: 3 0x80000b6e (0x25a8d117) x 2 0xa5a8db6e
core   0: 0x80000b72 (0x00000001) c.nop
core   0: 3 0x80000b72 (0x0001)
core   0: 0x80000b74 (0x407b0133) sub     sp, s6, t2
core   0: 3 0x80000b74 (0x407b0133) x 2 0x927dd104
core   0: 0x80000b78 (0x0360cab3) div     s5, ra, s6
core   0: 3 0x80000b78 (0x0360cab3) x21 0x00000000
core   0: 0x80000b7c (0xe7193097) auipc   ra, 0xe7193
core   0: 3 0x80000b7c (0xe7193097) x 1 0x67193b7c
core   0: 0x80000b80 (0x773550b7) lui     ra, 0x77355
core   0: 3 0x80000b80 (0x773550b7) x 1 0x77355000
core   0: 0x80000b84 (0x416a8133) sub     sp, s5, s6
core   0: 3 0x80000b84 (0x416a8133) x 2 0x80000000
core   0: 0x80000b88 (0x035d10b3) mulh    ra, s10, s5
core   0: 3 0x80000b88 (0x035d10b3) x 1 0x00000000
core   0: 0x80000b8c (0x036d5633) divu    a2, s10, s6
core   0: 3 0x80000b8c (0x036d5633) x12 0x00000001
core   0: 0x80000b90 (0x02f0ab33) mulhsu  s6, ra, a5
core   0: 3 0x80000b90 (0x02f0ab33) x22 0x00000000
core   0: 0x80000b94 (0x003e1d13) slli    s10, t3, 3
core   0: 3 0x80000b94 (0x003e1d13) x26 0xfffffff8
core   0: 0x80000b98 (0x000084ca) c.mv    s1, s2
core   0: 3 0x80000b98 (0x84ca) x 9 0xffffffff
core   0: 0x80000b9a (0x0374a933) mulhsu  s2, s1, s7
core   0: 3 0x80000b9a (0x0374a933) x18 0xffffffff
core   0: 0x80000b9e (0x00008f79) c.and   a4, a4
core   0: 3 0x80000b9e (0x8f79) x14 0x00000000
core   0: 0x80000ba0 (0x025ab233) mulhu   tp, s5, t0
core   0: 3 0x80000ba0 (0x025ab233) x 4 0x00000000
core   0: 0x80000ba4 (0x00005d7d) c.li    s10, -1
core   0: 3 0x80000ba4 (0x5d7d) x26 0xffffffff
core   0: 0x80000ba6 (0xf00d8797) auipc   a5, 0xf00d8
core   0: 3 0x80000ba6 (0xf00d8797) x15 0x700d8ba6
core   0: 0x80000baa (0xd3967997) auipc   s3, 0xd3967
core   0: 3 0x80000baa (0xd3967997) x19 0x53967baa
core   0: 0x80000bae (0x00000001) c.nop
core   0: 3 0x80000bae (0x0001)
core   0: 0x80000bb0 (0x012fecb3) or      s9, t6, s2
core   0: 3 0x80000bb0 (0x012fecb3) x25 0xffffffff
core   0: 0x80000bb4 (0xfff00293) li      t0, -1
core   0: 3 0x80000bb4 (0xfff00293) x 5 0xffffffff
core   0: 0x80000bb8 (0x80000bb7) lui     s7, 0x80000
core   0: 3 0x80000bb8 (0x80000bb7) x23 0x80000000
core   0: 0x80000bbc (0xf49e0337) lui     t1, 0xf49e0
core   0: 3 0x80000bbc (0xf49e0337) x 6 0xf49e0000
core   0: 0x80000bc0 (0x63e30313) addi    t1, t1, 1598
core   0: 3 0x80000bc0 (0x63e30313) x 6 0xf49e063e
core   0: 0x80000bc4 (0x00004201) c.li    tp, 0
core   0: 3 0x80000bc4 (0x4201) x 4 0x00000000
core   0: 0x80000bc6 (0xfff00d93) li      s11, -1
core   0: 3 0x80000bc6 (0xfff00d93) x27 0xffffffff
core   0: 0x80000bca (0x800007b7) lui     a5, 0x80000
core   0: 3 0x80000bca (0x800007b7) x15 0x80000000
core   0: 0x80000bce (0xfff00d13) li      s10, -1
core   0: 3 0x80000bce (0xfff00d13) x26 0xffffffff
core   0: 0x80000bd2 (0x80000ab7) lui     s5, 0x80000
core   0: 3 0x80000bd2 (0x80000ab7) x21 0x80000000
core   0: 0x80000bd6 (0xfff00f13) li      t5, -1
core   0: 3 0x80000bd6 (0xfff00f13) x30 0xffffffff
core   0: 0x80000bda (0xb199a0b7) lui     ra, 0xb199a
core   0: 3 0x80000bda (0xb199a0b7) x 1 0xb199a000
core   0: 0x80000bde (0xf8608093) addi    ra, ra, -122
core   0: 3 0x80000bde (0xf8608093) x 1 0xb1999f86
core   0: 0x80000be2 (0x01ef0233) add     tp, t5, t5
core   0: 3 0x80000be2 (0x01ef0233) x 4 0xfffffffe
core   0: 0x80000be6 (0x02f20233) mul     tp, tp, a5
core   0: 3 0x80000be6 (0x02f20233) x 4 0x00000000
core   0: 0x80000bea (0x02620db3) mul     s11, tp, t1
core   0: 3 0x80000bea (0x02620db3) x27 0x00000000
core   0: 0x80000bee (0x02f787b3) mul     a5, a5, a5
core   0: 3 0x80000bee (0x02f787b3) x15 0x00000000
core   0: 0x80000bf2 (0x40528db3) sub     s11, t0, t0
core   0: 3 0x80000bf2 (0x40528db3) x27 0x00000000
core   0: 0x80000bf6 (0x025097b3) mulh    a5, ra, t0
core   0: 3 0x80000bf6 (0x025097b3) x15 0x00000000
core   0: 0x80000bfa (0x02633db3) mulhu   s11, t1, t1
core   0: 3 0x80000bfa (0x02633db3) x27 0xe9bd9d71
core   0: 0x80000bfe (0x026f50b3) divu    ra, t5, t1
core   0: 3 0x80000bfe (0x026f50b3) x 1 0x00000001
core   0: 0x80000c02 (0x03ad9d33) mulh    s10, s11, s10
core   0: 3 0x80000c02 (0x03ad9d33) x26 0x00000000
core   0: 0x80000c06 (0x33398ab7) lui     s5, 0x33398
core   0: 3 0x80000c06 (0x33398ab7) x21 0x33398000
core   0: 0x80000c0a (0x03e7a7b3) mulhsu  a5, a5, t5
core   0: 3 0x80000c0a (0x03e7a7b3) x15 0x00000000
core   0: 0x80000c0e (0x03e2d2b3) divu    t0, t0, t5
core   0: 3 0x80000c0e (0x03e2d2b3) x 5 0x00000001
core   0: 0x80000c12 (0x6d2f2f37) lui     t5, 0x6d2f2
core   0: 3 0x80000c12 (0x6d2f2f37) x30 0x6d2f2000
core   0: 0x80000c16 (0x024aadb3) mulhsu  s11, s5, tp
core   0: 3 0x80000c16 (0x024aadb3) x27 0x00000000
core   0: 0x80000c1a (0x00000001) c.nop
core   0: 3 0x80000c1a (0x0001)
core   0: 0x80000c1c (0x025f6ab3) rem     s5, t5, t0
core   0: 3 0x80000c1c (0x025f6ab3) x21 0x00000000
core   0: 0x80000c20 (0x00006149) c.addi16sp sp, 144
core   0: 3 0x80000c20 (0x6149) x 2 0x80000090
core   0: 0x80000c22 (0x00006791) c.lui   a5, 0x4
core   0: 3 0x80000c22 (0x6791) x15 0x00004000
core   0: 0x80000c24 (0x010927b3) slt     a5, s2, a6
core   0: 3 0x80000c24 (0x010927b3) x15 0x00000001
core   0: 0x80000c28 (0x000098be) c.add   a7, a5
core   0: 3 0x80000c28 (0x98be) x17 0x0000000b
core   0: 0x80000c2a (0x0029f1b3) and     gp, s3, sp
core   0: 3 0x80000c2a (0x0029f1b3) x 3 0x00000080
core   0: 0x80000c2e (0x0000611d) c.addi16sp sp, 416
core   0: 3 0x80000c2e (0x611d) x 2 0x80000230
core   0: 0x80000c30 (0x03e13e33) mulhu   t3, sp, t5
core   0: 3 0x80000c30 (0x03e13e33) x28 0x369790ee
core   0: 0x80000c34 (0x026b23b3) mulhsu  t2, s6, t1
core   0: 3 0x80000c34 (0x026b23b3) x 7 0x00000000
core   0: 0x80000c38 (0x0000127d) c.addi  tp, -1
core   0: 3 0x80000c38 (0x127d) x 4 0xffffffff
core   0: 0x80000c3a (0x00000a7e) c.slli  s4, 31
core   0: 3 0x80000c3a (0x0a7e) x20 0x00000000
core   0: 0x80000c3c (0x5963e113) ori     sp, t2, 1430
core   0: 3 0x80000c3c (0x5963e113) x 2 0x00000596
core   0: 0x80000c40 (0x01ca36b3) sltu    a3, s4, t3
core   0: 3 0x80000c40 (0x01ca36b3) x13 0x00000001
core   0: 0x80000c44 (0x02d4d833) divu    a6, s1, a3
core   0: 3 0x80000c44 (0x02d4d833) x16 0xffffffff
core   0: 0x80000c48 (0x00008fed) c.and   a5, a1
core   0: 3 0x80000c48 (0x8fed) x15 0x00000000
core   0: 0x80000c4a (0x01c83633) sltu    a2, a6, t3
core   0: 3 0x80000c4a (0x01c83633) x12 0x00000000
core   0: 0x80000c4e (0x258a2193) slti    gp, s4, 600
core   0: 3 0x80000c4e (0x258a2193) x 3 0x00000001
core   0: 0x80000c52 (0x00008f61) c.and   a4, s0
core   0: 3 0x80000c52 (0x8f61) x14 0x00000000
core   0: 0x80000c54 (0x005b58b3) srl     a7, s6, t0
core   0: 3 0x80000c54 (0x005b58b3) x17 0x00000000
core   0: 0x80000c58 (0x03fb4633) div     a2, s6, t6
core   0: 3 0x80000c58 (0x03fb4633) x12 0x00000000
core   0: 0x80000c5c (0x0269f1b3) remu    gp, s3, t1
core   0: 3 0x80000c5c (0x0269f1b3) x 3 0x53967baa
core   0: 0x80000c60 (0x01b77033) and     zero, a4, s11
core   0: 3 0x80000c60 (0x01b77033)
core   0: 0x80000c64 (0x01719133) sll     sp, gp, s7
core   0: 3 0x80000c64 (0x01719133) x 2 0x53967baa
core   0: 0x80000c68 (0xa38fbb13) sltiu   s6, t6, -1480
core   0: 3 0x80000c68 (0xa38fbb13) x22 0x00000001
core   0: 0x80000c6c (0x00493a33) sltu    s4, s2, tp
core   0: 3 0x80000c6c (0x00493a33) x20 0x00000000
core   0: 0x80000c70 (0x90e9ae13) slti    t3, s3, -1778
core   0: 3 0x80000c70 (0x90e9ae13) x28 0x00000000
core   0: 0x80000c74 (0x026db033) mulhu   zero, s11, t1
core   0: 3 0x80000c74 (0x026db033)
core   0: 0x80000c78 (0x0000717d) c.addi16sp sp, -16
core   0: 3 0x80000c78 (0x717d) x 2 0x53967b9a
core   0: 0x80000c7a (0x41ab5413) srai    s0, s6, 26
core   0: 3 0x80000c7a (0x41ab5413) x 8 0x00000000
core   0: 0x80000c7e (0x000087d1) c.srai  a5, 20
core   0: 3 0x80000c7e (0x87d1) x15 0x00000000
core   0: 0x80000c80 (0x00008b3d) c.andi  a4, 15
core   0: 3 0x80000c80 (0x8b3d) x14 0x00000000
core   0: 0x80000c82 (0x00008c95) c.sub   s1, a3
core   0: 3 0x80000c82 (0x8c95) x 9 0xfffffffe
core   0: 0x80000c84 (0x00008756) c.mv    a4, s5
core   0: 3 0x80000c84 (0x8756) x14 0x00000000
core   0: 0x80000c86 (0x02eeee33) rem     t3, t4, a4
core   0: 3 0x80000c86 (0x02eeee33) x28 0x8000023e
core   0: 0x80000c8a (0x40340d33) sub     s10, s0, gp
core   0: 3 0x80000c8a (0x40340d33) x26 0xac698456
core   0: 0x80000c8e (0x00009156) c.add   sp, s5
core   0: 3 0x80000c8e (0x9156) x 2 0x53967b9a
core   0: 0x80000c90 (0x00008dda) c.mv    s11, s6
core   0: 3 0x80000c90 (0x8dda) x27 0x00000001
core   0: 0x80000c92 (0x00000a22) c.slli  s4, 8
core   0: 3 0x80000c92 (0x0a22) x20 0x00000000
core   0: 0x80000c94 (0x02ad6a33) rem     s4, s10, a0
core   0: 3 0x80000c94 (0x02ad6a33) x20 0xac698456
core   0: 0x80000c98 (0x0000880e) c.mv    a6, gp
core   0: 3 0x80000c98 (0x880e) x16 0x53967baa
core   0: 0x80000c9a (0x9df53213) sltiu   tp, a0, -1569
core   0: 3 0x80000c9a (0x9df53213) x 4 0x00000001
core   0: 0x80000c9e (0x000088f1) c.andi  s1, 28
core   0: 3 0x80000c9e (0x88f1) x 9 0x0000001c
core   0: 0x80000ca0 (0xc40a1837) lui     a6, 0xc40a1
core   0: 3 0x80000ca0 (0xc40a1837) x16 0xc40a1000
core   0: 0x80000ca4 (0x024c9233) mulh    tp, s9, tp
core   0: 3 0x80000ca4 (0x024c9233) x 4 0xffffffff
core   0: 0x80000ca8 (0x000067bd) c.lui   a5, 0xf
core   0: 3 0x80000ca8 (0x67bd) x15 0x0000f000
core   0: 0x80000caa (0x012ed3b3) srl     t2, t4, s2
core   0: 3 0x80000caa (0x012ed3b3) x 7 0x00000001
core   0: 0x80000cae (0x00000001) c.nop
core   0: 3 0x80000cae (0x0001)
core   0: 0x80000cb0 (0x00001a94) c.addi4spn a3, sp, 368
core   0: 3 0x80000cb0 (0x1a94) x13 0x53967d0a
core   0: 0x80000cb2 (0x031b0ab3) mul     s5, s6, a7
core   0: 3 0x80000cb2 (0x031b0ab3) x21 0x00000000
core   0: 0x80000cb6 (0xef56b617) auipc   a2, 0xef56b
core   0: 3 0x80000cb6 (0xef56b617) x12 0x6f56bcb6
core   0: 0x80000cba (0x01619333) sll     t1, gp, s6
core   0: 3 0x80000cba (0x01619333) x 6 0xa72cf754
core   0: 0x80000cbe (0x00008ff5) c.and   a5, a3
core   0: 3 0x80000cbe (0x8ff5) x15 0x00007000
core   0: 0x80000cc0 (0x00008392) c.mv    t2, tp
core   0: 3 0x80000cc0 (0x8392) x 7 0xffffffff
core   0: 0x80000cc2 (0x0197d333) srl     t1, a5, s9
core   0: 3 0x80000cc2 (0x0197d333) x 6 0x00000000
core   0: 0x80000cc6 (0x41ba5113) srai    sp, s4, 27
core   0: 3 0x80000cc6 (0x41ba5113) x 2 0xfffffff5
core   0: 0x80000cca (0x02cca733) mulhsu  a4, s9, a2
core   0: 3 0x80000cca (0x02cca733) x14 0xffffffff
core   0: 0x80000cce (0x4da0ba13) sltiu   s4, ra, 1242
core   0: 3 0x80000cce (0x4da0ba13) x20 0x00000001
core   0: 0x80000cd2 (0x00008a79) c.andi  a2, 30
core   0: 3 0x80000cd2 (0x8a79) x12 0x00000016
core   0: 0x80000cd4 (0x036eb733) mulhu   a4, t4, s6
core   0: 3 0x80000cd4 (0x036eb733) x14 0x00000000
core   0: 0x80000cd8 (0x016d7733) and     a4, s10, s6
core   0: 3 0x80000cd8 (0x016d7733) x14 0x00000000
core   0: 0x80000cdc (0x8bf63a93) sltiu   s5, a2, -1857
core   0: 3 0x80000cdc (0x8bf63a93) x21 0x00000001
core   0: 0x80000ce0 (0x0000616d) c.addi16sp sp, 240
core   0: 3 0x80000ce0 (0x616d) x 2 0x000000e5
core   0: 0x80000ce2 (0x009970b3) and     ra, s2, s1
core   0: 3 0x80000ce2 (0x009970b3) x 1 0x0000001c
core   0: 0x80000ce6 (0x002294b3) sll     s1, t0, sp
core   0: 3 0x80000ce6 (0x002294b3) x 9 0x00000020
core   0: 0x80000cea (0x00008f31) c.xor   a4, a2
core   0: 3 0x80000cea (0x8f31) x14 0x00000016
core   0: 0x80000cec (0x7b2ee393) ori     t2, t4, 1970
core   0: 3 0x80000cec (0x7b2ee393) x 7 0x800007be
core   0: 0x80000cf0 (0x03b297b3) mulh    a5, t0, s11
core   0: 3 0x80000cf0 (0x03b297b3) x15 0x00000000
core   0: 0x80000cf4 (0x8d714613) xori    a2, sp, -1833
core   0: 3 0x80000cf4 (0x8d714613) x12 0xfffff832
core   0: 0x80000cf8 (0x0000805d) c.srli  s0, 23
core   0: 3 0x80000cf8 (0x805d) x 8 0x00000000
core   0: 0x80000cfa (0x01de9d33) sll     s10, t4, t4
core   0: 3 0x80000cfa (0x01de9d33) x26 0x80000000
core   0: 0x80000cfe (0xd9d3aa37) lui     s4, 0xd9d3a
core   0: 3 0x80000cfe (0xd9d3aa37) x20 0xd9d3a000
core   0: 0x80000d02 (0x0000804d) c.srli  s0, 19
core   0: 3 0x80000d02 (0x804d) x 8 0x00000000
core   0: 0x80000d04 (0x000d8cb3) add     s9, s11, zero
core   0: 3 0x80000d04 (0x000d8cb3) x25 0x00000001
core   0: 0x80000d08 (0x023408b3) mul     a7, s0, gp
core   0: 3 0x80000d08 (0x023408b3) x17 0x00000000
core   0: 0x80000d0c (0x3c3d6913) ori     s2, s10, 963
core   0: 3 0x80000d0c (0x3c3d6913) x18 0x800003c3
core   0: 0x80000d10 (0x00008715) c.srai  a4, 5
core   0: 3 0x80000d10 (0x8715) x14 0x00000000
core   0: 0x80000d12 (0x000084e1) c.srai  s1, 24
core   0: 3 0x80000d12 (0x84e1) x 9 0x00000000
core   0: 0x80000d14 (0x00752d33) slt     s10, a0, t2
core   0: 3 0x80000d14 (0x00752d33) x26 0x00000000
core   0: 0x80000d18 (0x009ad2b3) srl     t0, s5, s1
core   0: 3 0x80000d18 (0x009ad2b3) x 5 0x00000001
core   0: 0x80000d1c (0x0000922a) c.add   tp, a0
core   0: 3 0x80000d1c (0x922a) x 4 0x80012ce3
core   0: 0x80000d1e (0x00000001) c.nop
core   0: 3 0x80000d1e (0x0001)
core   0: 0x80000d20 (0x0000965e) c.add   a2, s7
core   0: 3 0x80000d20 (0x965e) x12 0x7ffff832
core   0: 0x80000d22 (0x00008f45) c.or    a4, s1
core   0: 3 0x80000d22 (0x8f45) x14 0x00000000
core   0: 0x80000d24 (0x016adcb3) srl     s9, s5, s6
core   0: 3 0x80000d24 (0x016adcb3) x25 0x00000000
core   0: 0x80000d28 (0x000006e6) c.slli  a3, 25
core   0: 3 0x80000d28 (0x06e6) x13 0x14000000
core   0: 0x80000d2a (0x000062d9) c.lui   t0, 0x16
core   0: 3 0x80000d2a (0x62d9) x 5 0x00016000
core   0: 0x80000d2c (0x1ed8f737) lui     a4, 0x1ed8f
core   0: 3 0x80000d2c (0x1ed8f737) x14 0x1ed8f000
core   0: 0x80000d30 (0x00008ef5) c.and   a3, a3
core   0: 3 0x80000d30 (0x8ef5) x13 0x14000000
core   0: 0x80000d32 (0x000134b3) sltu    s1, sp, zero
core   0: 3 0x80000d32 (0x000134b3) x 9 0x00000000
core   0: 0x80000d36 (0x00000092) c.slli  ra, 4
core   0: 3 0x80000d36 (0x0092) x 1 0x000001c0
core   0: 0x80000d38 (0x00006f99) c.lui   t6, 0x6
core   0: 3 0x80000d38 (0x6f99) x31 0x00006000
core   0: 0x80000d3a (0x013cd413) srli    s0, s9, 19
core   0: 3 0x80000d3a (0x013cd413) x 8 0x00000000
core   0: 0x80000d3e (0x022e9db3) mulh    s11, t4, sp
core   0: 3 0x80000d3e (0x022e9db3) x27 0xffffff8d
core   0: 0x80000d42 (0x0392b433) mulhu   s0, t0, s9
core   0: 3 0x80000d42 (0x0392b433) x 8 0x00000000
core   0: 0x80000d46 (0x00009be2) c.add   s7, s8
core   0: 3 0x80000d46 (0x9be2) x23 0x7fc27e3f
core   0: 0x80000d48 (0xf2c76093) ori     ra, a4, -212
core   0: 3 0x80000d48 (0xf2c76093) x 1 0xffffff2c
core   0: 0x80000d4c (0x037e2eb3) mulhsu  t4, t3, s7
core   0: 3 0x80000d4c (0x037e2eb3) x29 0xc01ec1fe
core   0: 0x80000d50 (0x03db48b3) div     a7, s6, t4
core   0: 3 0x80000d50 (0x03db48b3) x17 0x00000000
core   0: 0x80000d54 (0x00ed3633) sltu    a2, s10, a4
core   0: 3 0x80000d54 (0x00ed3633) x12 0x00000001
core   0: 0x80000d58 (0x00008f19) c.sub   a4, a4
core   0: 3 0x80000d58 (0x8f19) x14 0x00000000
core   0: 0x80000d5a (0x00004d39) c.li    s10, 14
core   0: 3 0x80000d5a (0x4d39) x26 0x0000000e
core   0: 0x80000d5c (0x00000351) c.addi  t1, 20
core   0: 3 0x80000d5c (0x0351) x 6 0x00000014
core   0: 0x80000d5e (0x4124d793) srai    a5, s1, 18
core   0: 3 0x80000d5e (0x4124d793) x15 0x00000000
core   0: 0x80000d62 (0x0012ffb3) and     t6, t0, ra
core   0: 3 0x80000d62 (0x0012ffb3) x31 0x00016000
core   0: 0x80000d66 (0x021128b3) mulhsu  a7, sp, ra
core   0: 3 0x80000d66 (0x021128b3) x17 0x000000e4
core   0: 0x80000d6a (0x0e722c97) auipc   s9, 0xe722
core   0: 3 0x80000d6a (0x0e722c97) x25 0x8e722d6a
core   0: 0x80000d6e (0x40585b13) srai    s6, a6, 5
core   0: 3 0x80000d6e (0x40585b13) x22 0xfe205080
core   0: 0x80000d72 (0x00001afd) c.addi  s5, -1
core   0: 3 0x80000d72 (0x1afd) x21 0x00000000
core   0: 0x80000d74 (0x009e5d93) srli    s11, t3, 9
core   0: 3 0x80000d74 (0x009e5d93) x27 0x00400001
core   0: 0x80000d78 (0x30994617) auipc   a2, 0x30994
core   0: 3 0x80000d78 (0x30994617) x12 0xb0994d78
core   0: 0x80000d7c (0x00008861) c.andi  s0, 24
core   0: 3 0x80000d7c (0x8861) x 8 0x00000000
core   0: 0x80000d7e (0x00008c1d) c.sub   s0, a5
core   0: 3 0x80000d7e (0x8c1d) x 8 0x00000000
core   0: 0x80000d80 (0x06b27413) andi    s0, tp, 107
core   0: 3 0x80000d80 (0x06b27413) x 8 0x00000063
core   0: 0x80000d84 (0x00000001) c.nop
core   0: 3 0x80000d84 (0x0001)
core   0: 0x80000d86 (0x0000127d) c.addi  tp, -1
core   0: 3 0x80000d86 (0x127d) x 4 0x80012ce2
core   0: 0x80000d88 (0x00000001) c.nop
core   0: 3 0x80000d88 (0x0001)
core   0: 0x80000d8a (0x01699713) slli    a4, s3, 22
core   0: 3 0x80000d8a (0x01699713) x14 0xea800000
core   0: 0x80000d8e (0x000088b1) c.andi  s1, 12
core   0: 3 0x80000d8e (0x88b1) x 9 0x00000000
core   0: 0x80000d90 (0x40f70fb3) sub     t6, a4, a5
core   0: 3 0x80000d90 (0x40f70fb3) x31 0xea800000
core   0: 0x80000d94 (0xaea9e417) auipc   s0, 0xaea9e
core   0: 3 0x80000d94 (0xaea9e417) x 8 0x2ea9ed94
core   0: 0x80000d98 (0x00000f7a) c.slli  t5, 30
core   0: 3 0x80000d98 (0x0f7a) x30 0x00000000
core   0: 0x80000d9a (0x000098fd) c.andi  s1, -1
core   0: 3 0x80000d9a (0x98fd) x 9 0x00000000
core   0: 0x80000d9c (0x03edbf33) mulhu   t5, s11, t5
core   0: 3 0x80000d9c (0x03edbf33) x30 0x00000000
core   0: 0x80000da0 (0x031ae4b3) rem     s1, s5, a7
core   0: 3 0x80000da0 (0x031ae4b3) x 9 0x00000000
core   0: 0x80000da4 (0x415b89b3) sub     s3, s7, s5
core   0: 3 0x80000da4 (0x415b89b3) x19 0x7fc27e3f
core   0: 0x80000da8 (0x00008c8d) c.sub   s1, a1
core   0: 3 0x80000da8 (0x8c8d) x 9 0x7fff119c
core   0: 0x80000daa (0x00009a7d) c.andi  a2, -1
core   0: 3 0x80000daa (0x9a7d) x12 0xb0994d78
core   0: 0x80000dac (0xf7bc3993) sltiu   s3, s8, -133
core   0: 3 0x80000dac (0xf7bc3993) x19 0x00000001
core   0: 0x80000db0 (0x52350093) addi    ra, a0, 1315
core   0: 3 0x80000db0 (0x52350093) x 1 0x80013207
core   0: 0x80000db4 (0xe8753f93) sltiu   t6, a0, -377
core   0: 3 0x80000db4 (0xe8753f93) x31 0x00000001
core   0: 0x80000db8 (0x00006c99) c.lui   s9, 0x6
core   0: 3 0x80000db8 (0x6c99) x25 0x00006000
core   0: 0x80000dba (0x00008e4d) c.or    a2, a1
core   0: 3 0x80000dba (0x8e4d) x12 0xb099ef7c
core   0: 0x80000dbc (0x00009ef6) c.add   t4, t4
core   0: 3 0x80000dbc (0x9ef6) x29 0x803d83fc
core   0: 0x80000dbe (0x40185893) srai    a7, a6, 1
core   0: 3 0x80000dbe (0x40185893) x17 0xe2050800
core   0: 0x80000dc2 (0x0022e4b3) or      s1, t0, sp
core   0: 3 0x80000dc2 (0x0022e4b3) x 9 0x000160e5
core   0: 0x80000dc6 (0x00b540b3) xor     ra, a0, a1
core   0: 3 0x80000dc6 (0x00b540b3) x 1 0x0001c280
core   0: 0x80000dca (0x5592a613) slti    a2, t0, 1369
core   0: 3 0x80000dca (0x5592a613) x12 0x00000000
core   0: 0x80000dce (0x000014fd) c.addi  s1, -1
core   0: 3 0x80000dce (0x14fd) x 9 0x000160e4
core   0: 0x80000dd0 (0x04949117) auipc   sp, 0x4949
core   0: 3 0x80000dd0 (0x04949117) x 2 0x84949dd0
core   0: 0x80000dd4 (0x874d24b7) lui     s1, 0x874d2
core   0: 3 0x80000dd4 (0x874d24b7) x 9 0x874d2000
core   0: 0x80000dd8 (0x00000001) c.nop
core   0: 3 0x80000dd8 (0x0001)
core   0: 0x80000dda (0x402d59b3) sra     s3, s10, sp
core   0: 3 0x80000dda (0x402d59b3) x19 0x00000000
core   0: 0x80000dde (0x00008e19) c.sub   a2, a4
core   0: 3 0x80000dde (0x8e19) x12 0x15800000
core   0: 0x80000de0 (0x0202dab3) divu    s5, t0, zero
core   0: 3 0x80000de0 (0x0202dab3) x21 0xffffffff
core   0: 0x80000de4 (0x00000001) c.nop
core   0: 3 0x80000de4 (0x0001)
core   0: 0x80000de6 (0x01e25733) srl     a4, tp, t5
core   0: 3 0x80000de6 (0x01e25733) x14 0x80012ce2
core   0: 0x80000dea (0x03128633) mul     a2, t0, a7
core   0: 3 0x80000dea (0x03128633) x12 0xeb000000
core   0: 0x80000dee (0x00000001) c.nop
core   0: 3 0x80000dee (0x0001)
core   0: 0x80000df0 (0x006287b3) add     a5, t0, t1
core   0: 3 0x80000df0 (0x006287b3) x15 0x00016014
core   0: 0x80000df4 (0x00008c79) c.and   s0, a4
core   0: 3 0x80000df4 (0x8c79) x 8 0x00012c80
core   0: 0x80000df6 (0x00006155) c.addi16sp sp, 304
core   0: 3 0x80000df6 (0x6155) x 2 0x84949f00
core   0: 0x80000df8 (0x02811233) mulh    tp, sp, s0
core   0: 3 0x80000df8 (0x02811233) x 4 0xffff6f20
core   0: 0x80000dfc (0x9a611d17) auipc   s10, 0x9a611
core   0: 3 0x80000dfc (0x9a611d17) x26 0x1a611dfc
core   0: 0x80000e00 (0x03f4eeb3) rem     t4, s1, t6
core   0: 3 0x80000e00 (0x03f4eeb3) x29 0x00000000
core   0: 0x80000e04 (0x011630b3) sltu    ra, a2, a7
core   0: 3 0x80000e04 (0x011630b3) x 1 0x00000000
core   0: 0x80000e08 (0x00008fc9) c.or    a5, a0
core   0: 3 0x80000e08 (0x8fc9) x15 0x80016cf4
core   0: 0x80000e0a (0x00005dfd) c.li    s11, -1
core   0: 3 0x80000e0a (0x5dfd) x27 0xffffffff
core   0: 0x80000e0c (0x70e10393) addi    t2, sp, 1806
core   0: 3 0x80000e0c (0x70e10393) x 7 0x8494a60e
core   0: 0x80000e10 (0x01fd4133) xor     sp, s10, t6
core   0: 3 0x80000e10 (0x01fd4133) x 2 0x1a611dfd
core   0: 0x80000e14 (0x01a949b3) xor     s3, s2, s10
core   0: 3 0x80000e14 (0x01a949b3) x19 0x9a611e3f
core   0: 0x80000e18 (0x00008f89) c.sub   a5, a0
core   0: 3 0x80000e18 (0x8f89) x15 0x00004010
core   0: 0x80000e1a (0x0117aa33) slt     s4, a5, a7
core   0: 3 0x80000e1a (0x0117aa33) x20 0x00000000
core   0: 0x80000e1e (0x01366633) or      a2, a2, s3
core   0: 3 0x80000e1e (0x01366633) x12 0xfb611e3f
core   0: 0x80000e22 (0x00008f31) c.xor   a4, a2
core   0: 3 0x80000e22 (0x8f31) x14 0x7b6032dd
core   0: 0x80000e24 (0x00004409) c.li    s0, 2
core   0: 3 0x80000e24 (0x4409) x 8 0x00000002
core   0: 0x80000e26 (0x00dfed33) or      s10, t6, a3
core   0: 3 0x80000e26 (0x00dfed33) x26 0x14000001
core   0: 0x80000e2a (0x000093d6) c.add   t2, s5
core   0: 3 0x80000e2a (0x93d6) x 7 0x8494a60d
core   0: 0x80000e2c (0x01c489b3) add     s3, s1, t3
core   0: 3 0x80000e2c (0x01c489b3) x19 0x074d223e
core   0: 0x80000e30 (0x403cdbb3) sra     s7, s9, gp
core   0: 3 0x80000e30 (0x403cdbb3) x23 0x00000018
core   0: 0x80000e34 (0x012093b3) sll     t2, ra, s2
core   0: 3 0x80000e34 (0x012093b3) x 7 0x00000000
core   0: 0x80000e38 (0x015533b3) sltu    t2, a0, s5
core   0: 3 0x80000e38 (0x015533b3) x 7 0x00000001
core   0: 0x80000e3c (0x03579db3) mulh    s11, a5, s5
core   0: 3 0x80000e3c (0x03579db3) x27 0xffffffff
core   0: 0x80000e40 (0x001d11b3) sll     gp, s10, ra
core   0: 3 0x80000e40 (0x001d11b3) x 3 0x14000001
core   0: 0x80000e44 (0x0018b7b3) sltu    a5, a7, ra
core   0: 3 0x80000e44 (0x0018b7b3) x15 0x00000000
core   0: 0x80000e48 (0x00008059) c.srli  s0, 22
core   0: 3 0x80000e48 (0x8059) x 8 0x00000000
core   0: 0x80000e4a (0x0347ba33) mulhu   s4, a5, s4
core   0: 3 0x80000e4a (0x0347ba33) x20 0x00000000
core   0: 0x80000e4e (0x03b634b3) mulhu   s1, a2, s11
core   0: 3 0x80000e4e (0x03b634b3) x 9 0xfb611e3e
core   0: 0x80000e52 (0xa8c33813) sltiu   a6, t1, -1396
core   0: 3 0x80000e52 (0xa8c33813) x16 0x00000001
core   0: 0x80000e56 (0x01fccdb3) xor     s11, s9, t6
core   0: 3 0x80000e56 (0x01fccdb3) x27 0x00006001
core   0: 0x80000e5a (0x00000001) c.nop
core   0: 3 0x80000e5a (0x0001)
core   0: 0x80000e5c (0x00000f1c) c.addi4spn a5, sp, 912
core   0: 3 0x80000e5c (0x0f1c) x15 0x1a61218d
core   0: 0x80000e5e (0x03cb5a33) divu    s4, s6, t3
core   0: 3 0x80000e5e (0x03cb5a33) x20 0x00000001
core   0: 0x80000e62 (0x011ef433) and     s0, t4, a7
core   0: 3 0x80000e62 (0x011ef433) x 8 0x00000000
core   0: 0x80000e66 (0x03390e33) mul     t3, s2, s3
core   0: 3 0x80000e66 (0x03390e33) x28 0x7727cf3a
core   0: 0x80000e6a (0x024cb133) mulhu   sp, s9, tp
core   0: 3 0x80000e6a (0x024cb133) x 2 0x00005fff
core   0: 0x80000e6e (0x00001d7d) c.addi  s10, -1
core   0: 3 0x80000e6e (0x1d7d) x26 0x14000000
core   0: 0x80000e70 (0x0000067a) c.slli  a2, 30
core   0: 3 0x80000e70 (0x067a) x12 0xc0000000
core   0: 0x80000e72 (0x023e26b3) mulhsu  a3, t3, gp
core   0: 3 0x80000e72 (0x023e26b3) x13 0x094f1c30
core   0: 0x80000e76 (0x00008cc5) c.or    s1, s1
core   0: 3 0x80000e76 (0x8cc5) x 9 0xfb611e3e
core   0: 0x80000e78 (0x038628b3) mulhsu  a7, a2, s8
core   0: 3 0x80000e78 (0x038628b3) x17 0xc00f6070
core   0: 0x80000e7c (0x00008ed9) c.or    a3, a4
core   0: 3 0x80000e7c (0x8ed9) x13 0x7b6f3efd
core   0: 0x80000e7e (0x00008ee9) c.and   a3, a0
core   0: 3 0x80000e7e (0x8ee9) x13 0x00012ce4
core   0: 0x80000e80 (0x1ce57713) andi    a4, a0, 462
core   0: 3 0x80000e80 (0x1ce57713) x14 0x000000c4
core   0: 0x80000e84 (0x0263ea33) rem     s4, t2, t1
core   0: 3 0x80000e84 (0x0263ea33) x20 0x00000001
core   0: 0x80000e88 (0x0000089c) c.addi4spn a5, sp, 80
core   0: 3 0x80000e88 (0x089c) x15 0x0000604f
core   0: 0x80000e8a (0x00008e39) c.xor   a2, a4
core   0: 3 0x80000e8a (0x8e39) x12 0xc00000c4
core   0: 0x80000e8c (0x9aede413) ori     s0, s11, -1618
core   0: 3 0x80000e8c (0x9aede413) x 8 0xfffff9af
core   0: 0x80000e90 (0x02602cb3) mulhsu  s9, zero, t1
core   0: 3 0x80000e90 (0x02602cb3) x25 0x00000000
core   0: 0x80000e94 (0x037fc2b3) div     t0, t6, s7
core   0: 3 0x80000e94 (0x037fc2b3) x 5 0x00000000
core   0: 0x80000e98 (0x0028cd33) xor     s10, a7, sp
core   0: 3 0x80000e98 (0x0028cd33) x26 0xc00f3f8f
core   0: 0x80000e9c (0x00009afd) c.andi  a3, -1
core   0: 3 0x80000e9c (0x9afd) x13 0x00012ce4
core   0: 0x80000e9e (0x031e56b3) divu    a3, t3, a7
core   0: 3 0x80000e9e (0x031e56b3) x13 0x00000000
core   0: 0x80000ea2 (0x00008cd9) c.or    s1, a4
core   0: 3 0x80000ea2 (0x8cd9) x 9 0xfb611efe
core   0: 0x80000ea4 (0x0000717d) c.addi16sp sp, -16
core   0: 3 0x80000ea4 (0x717d) x 2 0x00005fef
core   0: 0x80000ea6 (0x00000942) c.slli  s2, 16
core   0: 3 0x80000ea6 (0x0942) x18 0x03c30000
core   0: 0x80000ea8 (0x000083e5) c.srli  a5, 25
core   0: 3 0x80000ea8 (0x83e5) x15 0x00000000
core   0: 0x80000eaa (0x00241433) sll     s0, s0, sp
core   0: 3 0x80000eaa (0x00241433) x 8 0xfcd78000
core   0: 0x80000eae (0x0153c0b3) xor     ra, t2, s5
core   0: 3 0x80000eae (0x0153c0b3) x 1 0xfffffffe
core   0: 0x80000eb2 (0x018c9713) slli    a4, s9, 24
core   0: 3 0x80000eb2 (0x018c9713) x14 0x00000000
core   0: 0x80000eb6 (0x000066cd) c.lui   a3, 0x13
core   0: 3 0x80000eb6 (0x66cd) x13 0x00013000
core   0: 0x80000eb8 (0x00006471) c.lui   s0, 0x1c
core   0: 3 0x80000eb8 (0x6471) x 8 0x0001c000
core   0: 0x80000eba (0x5909b637) lui     a2, 0x5909b
core   0: 3 0x80000eba (0x5909b637) x12 0x5909b000
core   0: 0x80000ebe (0x00009b06) c.add   s6, ra
core   0: 3 0x80000ebe (0x9b06) x22 0xfe20507e
core   0: 0x80000ec0 (0x00006f65) c.lui   t5, 0x19
core   0: 3 0x80000ec0 (0x6f65) x30 0x00019000
core   0: 0x80000ec2 (0x4aa17797) auipc   a5, 0x4aa17
core   0: 3 0x80000ec2 (0x4aa17797) x15 0xcaa17ec2
core   0: 0x80000ec6 (0x039253b3) divu    t2, tp, s9
core   0: 3 0x80000ec6 (0x039253b3) x 7 0xffffffff
core   0: 0x80000eca (0x00008c09) c.sub   s0, a0
core   0: 3 0x80000eca (0x8c09) x 8 0x8000931c
core   0: 0x80000ecc (0x40ac0133) sub     sp, s8, a0
core   0: 3 0x80000ecc (0x40ac0133) x 2 0x7fc1515b
core   0: 0x80000ed0 (0x00009b96) c.add   s7, t0
core   0: 3 0x80000ed0 (0x9b96) x23 0x00000018
core   0: 0x80000ed2 (0x00004b81) c.li    s7, 0
core   0: 3 0x80000ed2 (0x4b81) x23 0x00000000
core   0: 0x80000ed4 (0x017f4133) xor     sp, t5, s7
core   0: 3 0x80000ed4 (0x017f4133) x 2 0x00019000
core   0: 0x80000ed8 (0x41595633) sra     a2, s2, s5
core   0: 3 0x80000ed8 (0x41595633) x12 0x00000000
core   0: 0x80000edc (0x00008f05) c.sub   a4, s1
core   0: 3 0x80000edc (0x8f05) x14 0x049ee102
core   0: 0x80000ede (0x20f24313) xori    t1, tp, 527
core   0: 3 0x80000ede (0x20f24313) x 6 0xffff6d2f
core   0: 0x80000ee2 (0x00689b13) slli    s6, a7, 6
core   0: 3 0x80000ee2 (0x00689b13) x22 0x03d81c00
core   0: 0x80000ee6 (0x00000001) c.nop
core   0: 3 0x80000ee6 (0x0001)
core   0: 0x80000ee8 (0x011ffe33) and     t3, t6, a7
core   0: 3 0x80000ee8 (0x011ffe33) x28 0x00000000
core   0: 0x80000eec (0x417bd3b3) sra     t2, s7, s7
core   0: 3 0x80000eec (0x417bd3b3) x 7 0x00000000
core   0: 0x80000ef0 (0x01369293) slli    t0, a3, 19
core   0: 3 0x80000ef0 (0x01369293) x 5 0x80000000
core   0: 0x80000ef4 (0x018e1293) slli    t0, t3, 24
core   0: 3 0x80000ef4 (0x018e1293) x 5 0x00000000
core   0: 0x80000ef8 (0x9a2a8c93) addi    s9, s5, -1630
core   0: 3 0x80000ef8 (0x9a2a8c93) x25 0xfffff9a1
core   0: 0x80000efc (0x000088c5) c.andi  s1, 17
core   0: 3 0x80000efc (0x88c5) x 9 0x00000010
core   0: 0x80000efe (0x00001efd) c.addi  t4, -1
core   0: 3 0x80000efe (0x1efd) x29 0xffffffff
core   0: 0x80000f00 (0x40765293) srai    t0, a2, 7
core   0: 3 0x80000f00 (0x40765293) x 5 0x00000000
core   0: 0x80000f04 (0x40775933) sra     s2, a4, t2
core   0: 3 0x80000f04 (0x40775933) x18 0x049ee102
core   0: 0x80000f08 (0x00008ff9) c.and   a5, a4
core   0: 3 0x80000f08 (0x8ff9) x15 0x00806002
core   0: 0x80000f0a (0x03b20b33) mul     s6, tp, s11
core   0: 3 0x80000f0a (0x03b20b33) x22 0xc9ab6f20
core   0: 0x80000f0e (0x00d5b4b3) sltu    s1, a1, a3
core   0: 3 0x80000f0e (0x00d5b4b3) x 9 0x00000000
core   0: 0x80000f12 (0x00e9dd93) srli    s11, s3, 14
core   0: 3 0x80000f12 (0x00e9dd93) x27 0x00001d34
core   0: 0x80000f16 (0x00000504) c.addi4spn s1, sp, 640
core   0: 3 0x80000f16 (0x0504) x 9 0x00019280
core   0: 0x80000f18 (0x03321f33) mulh    t5, tp, s3
core   0: 3 0x80000f18 (0x03321f33) x30 0xfffffbde
core   0: 0x80000f1c (0xd42b7193) andi    gp, s6, -702
core   0: 3 0x80000f1c (0xd42b7193) x 3 0xc9ab6d00
core   0: 0x80000f20 (0x00eef6b3) and     a3, t4, a4
core   0: 3 0x80000f20 (0x00eef6b3) x13 0x049ee102
core   0: 0x80000f24 (0x03618633) mul     a2, gp, s6
core   0: 3 0x80000f24 (0x03618633) x12 0x58b0a000
core   0: 0x80000f28 (0x01032fb3) slt     t6, t1, a6
core   0: 3 0x80000f28 (0x01032fb3) x31 0x00000001
core   0: 0x80000f2c (0x41f5d0b3) sra     ra, a1, t6
core   0: 3 0x80000f2c (0x41f5d0b3) x 1 0xc0007732
core   0: 0x80000f30 (0x0000177d) c.addi  a4, -1
core   0: 3 0x80000f30 (0x177d) x14 0x049ee101
core   0: 0x80000f32 (0x00008321) c.srli  a4, 8
core   0: 3 0x80000f32 (0x8321) x14 0x00049ee1
core   0: 0x80000f34 (0x02ada2b3) mulhsu  t0, s11, a0
core   0: 3 0x80000f34 (0x02ada2b3) x 5 0x00000e9a
core   0: 0x80000f38 (0x0117c9b3) xor     s3, a5, a7
core   0: 3 0x80000f38 (0x0117c9b3) x19 0xc08f0072
core   0: 0x80000f3c (0xdb736e13) ori     t3, t1, -585
core   0: 3 0x80000f3c (0xdb736e13) x28 0xfffffdbf
core   0: 0x80000f40 (0x029d9f33) mulh    t5, s11, s1
core   0: 3 0x80000f40 (0x029d9f33) x30 0x00000000
core   0: 0x80000f44 (0x6f0c4493) xori    s1, s8, 1776
core   0: 3 0x80000f44 (0x6f0c4493) x 9 0xffc278cf
core   0: 0x80000f48 (0x00009a66) c.add   s4, s9
core   0: 3 0x80000f48 (0x9a66) x20 0xfffff9a2
core   0: 0x80000f4a (0x028901b3) mul     gp, s2, s0
core   0: 3 0x80000f4a (0x028901b3) x 3 0xbc94c238
core   0: 0x80000f4e (0x01b008b3) add     a7, zero, s11
core   0: 3 0x80000f4e (0x01b008b3) x17 0x00001d34
core   0: 0x80000f52 (0x00008c3d) c.xor   s0, a5
core   0: 3 0x80000f52 (0x8c3d) x 8 0x8080f31e
core   0: 0x80000f54 (0x6a24b437) lui     s0, 0x6a24b
core   0: 3 0x80000f54 (0x6a24b437) x 8 0x6a24b000
core   0: 0x80000f58 (0x004e1433) sll     s0, t3, tp
core   0: 3 0x80000f58 (0x004e1433) x 8 0xfffffdbf
core   0: 0x80000f5c (0x00e449b3) xor     s3, s0, a4
core   0: 3 0x80000f5c (0x00e449b3) x19 0xfffb635e
core   0: 0x80000f60 (0x0000611d) c.addi16sp sp, 416
core   0: 3 0x80000f60 (0x611d) x 2 0x000191a0
core   0: 0x80000f62 (0x030dd2b3) divu    t0, s11, a6
core   0: 3 0x80000f62 (0x030dd2b3) x 5 0x00001d34
core   0: 0x80000f66 (0x00008f61) c.and   a4, s0
core   0: 3 0x80000f66 (0x8f61) x14 0x00049ca1
core   0: 0x80000f68 (0x40b30eb3) sub     t4, t1, a1
core   0: 3 0x80000f68 (0x40b30eb3) x29 0x7ffe7ecb
core   0: 0x80000f6c (0x407f8713) addi    a4, t6, 1031
core   0: 3 0x80000f6c (0x407f8713) x14 0x00000408
core   0: 0x80000f70 (0x01dfddb3) srl     s11, t6, t4
core   0: 3 0x80000f70 (0x01dfddb3) x27 0x00000000
core   0: 0x80000f74 (0x00009412) c.add   s0, tp
core   0: 3 0x80000f74 (0x9412) x 8 0xffff6cdf
core   0: 0x80000f76 (0x002acdb3) xor     s11, s5, sp
core   0: 3 0x80000f76 (0x002acdb3) x27 0xfffe6e5f
core   0: 0x80000f7a (0x00000da2) c.slli  s11, 8
core   0: 3 0x80000f7a (0x0da2) x27 0xfe6e5f00
core   0: 0x80000f7c (0x010a29b3) slt     s3, s4, a6
core   0: 3 0x80000f7c (0x010a29b3) x19 0x00000001
core   0: 0x80000f80 (0xa2e6c193) xori    gp, a3, -1490
core   0: 3 0x80000f80 (0xa2e6c193) x 3 0xfb611b2c
core   0: 0x80000f84 (0x012e8233) add     tp, t4, s2
core   0: 3 0x80000f84 (0x012e8233) x 4 0x849d5fcd
core   0: 0x80000f88 (0x4a966a93) ori     s5, a2, 1193
core   0: 3 0x80000f88 (0x4a966a93) x21 0x58b0a4a9
core   0: 0x80000f8c (0x02ca8433) mul     s0, s5, a2
core   0: 3 0x80000f8c (0x02ca8433) x 8 0xb319a000
core   0: 0x80000f90 (0x00008e81) c.sub   a3, s0
core   0: 3 0x80000f90 (0x8e81) x13 0x51854102
core   0: 0x80000f92 (0x0000117d) c.addi  sp, -1
core   0: 3 0x80000f92 (0x117d) x 2 0x0001919f
core   0: 0x80000f94 (0x4006dc93) srai    s9, a3, 0
core   0: 3 0x80000f94 (0x4006dc93) x25 0x51854102
core   0: 0x80000f98 (0xdb8f7e97) auipc   t4, 0xdb8f7
core   0: 3 0x80000f98 (0xdb8f7e97) x29 0x5b8f7f98
core   0: 0x80000f9c (0x575f2393) slti    t2, t5, 1397
core   0: 3 0x80000f9c (0x575f2393) x 7 0x00000001
core   0: 0x80000fa0 (0x011ddf13) srli    t5, s11, 17
core   0: 3 0x80000fa0 (0x011ddf13) x30 0x00007f37
core   0: 0x80000fa4 (0x0168fab3) and     s5, a7, s6
core   0: 3 0x80000fa4 (0x0168fab3) x21 0x00000d20
core   0: 0x80000fa8 (0x00008cb5) c.xor   s1, a3
core   0: 3 0x80000fa8 (0x8cb5) x 9 0xae4739cd
core   0: 0x80000faa (0x00000798) c.addi4spn a4, sp, 960
core   0: 3 0x80000faa (0x0798) x14 0x0001955f
core   0: 0x80000fac (0x135c21b7) lui     gp, 0x135c2
core   0: 3 0x80000fac (0x135c21b7) x 3 0x135c2000
core   0: 0x80000fb0 (0x6aac2213) slti    tp, s8, 1706
core   0: 3 0x80000fb0 (0x6aac2213) x 4 0x00000001
core   0: 0x80000fb4 (0x00000a22) c.slli  s4, 8
core   0: 3 0x80000fb4 (0x0a22) x20 0xfff9a200
core   0: 0x80000fb6 (0x02afd133) divu    sp, t6, a0
core   0: 3 0x80000fb6 (0x02afd133) x 2 0x00000000
core   0: 0x80000fba (0x004e83b3) add     t2, t4, tp
core   0: 3 0x80000fba (0x004e83b3) x 7 0x5b8f7f99
core   0: 0x80000fbe (0xf0002f13) slti    t5, zero, -256
core   0: 3 0x80000fbe (0xf0002f13) x30 0x00000000
core   0: 0x80000fc2 (0x00008cdd) c.or    s1, a5
core   0: 3 0x80000fc2 (0x8cdd) x 9 0xaec779cf
core   0: 0x80000fc4 (0x00008c41) c.or    s0, s0
core   0: 3 0x80000fc4 (0x8c41) x 8 0xb319a000
core   0: 0x80000fc6 (0xe36fa313) slti    t1, t6, -458
core   0: 3 0x80000fc6 (0xe36fa313) x 6 0x00000000
core   0: 0x80000fca (0x01efda93) srli    s5, t6, 30
core   0: 3 0x80000fca (0x01efda93) x21 0x00000000
core   0: 0x80000fce (0x2c302893) slti    a7, zero, 707
core   0: 3 0x80000fce (0x2c302893) x17 0x00000001
core   0: 0x80000fd2 (0x000054fd) c.li    s1, -1
core   0: 3 0x80000fd2 (0x54fd) x 9 0xffffffff
core   0: 0x80000fd4 (0x4031d193) srai    gp, gp, 3
core   0: 3 0x80000fd4 (0x4031d193) x 3 0x026b8400
core   0: 0x80000fd8 (0x00000001) c.nop
core   0: 3 0x80000fd8 (0x0001)
core   0: 0x80000fda (0x00006d45) c.lui   s10, 0x11
core   0: 3 0x80000fda (0x6d45) x26 0x00011000
core   0: 0x80000fdc (0x0f83d237) lui     tp, 0xf83d
core   0: 3 0x80000fdc (0x0f83d237) x 4 0x0f83d000
core   0: 0x80000fe0 (0x00525f13) srli    t5, tp, 5
core   0: 3 0x80000fe0 (0x00525f13) x30 0x007c1e80
core   0: 0x80000fe4 (0x0000842d) c.srai  s0, 11
core   0: 3 0x80000fe4 (0x842d) x 8 0xfff66334
core   0: 0x80000fe6 (0x0000717d) c.addi16sp sp, -16
core   0: 3 0x80000fe6 (0x717d) x 2 0xfffffff0
core   0: 0x80000fe8 (0x06c94793) xori    a5, s2, 108
core   0: 3 0x80000fe8 (0x06c94793) x15 0x049ee16e
core   0: 0x80000fec (0x023b1a33) mulh    s4, s6, gp
core   0: 3 0x80000fec (0x023b1a33) x20 0xff7c8582
core   0: 0x80000ff0 (0x032771b3) remu    gp, a4, s2
core   0: 3 0x80000ff0 (0x032771b3) x 3 0x0001955f
core   0: 0x80000ff4 (0x00008c1d) c.sub   s0, a5
core   0: 3 0x80000ff4 (0x8c1d) x 8 0xfb5781c6
core   0: 0x80000ff6 (0x0205e233) rem     tp, a1, zero
core   0: 3 0x80000ff6 (0x0205e233) x 4 0x8000ee64
core   0: 0x80000ffa (0x0000717d) c.addi16sp sp, -16
core   0: 3 0x80000ffa (0x717d) x 2 0xffffffe0
core   0: 0x80000ffc (0x00008f71) c.and   a4, a2
core   0: 3 0x80000ffc (0x8f71) x14 0x00008000
core   0: 0x80000ffe (0x0192cd33) xor     s10, t0, s9
core   0: 3 0x80000ffe (0x0192cd33) x26 0x51855c36
core   0: 0x80001002 (0x015092b3) sll     t0, ra, s5
core   0: 3 0x80001002 (0x015092b3) x 5 0xc0007732
core   0: 0x80001006 (0xa61ca493) slti    s1, s9, -1439
core   0: 3 0x80001006 (0xa61ca493) x 9 0x00000000
core   0: 0x8000100a (0x000093ca) c.add   t2, s2
core   0: 3 0x8000100a (0x93ca) x 7 0x602e609b
core   0: 0x8000100c (0x00008605) c.srai  a2, 1
core   0: 3 0x8000100c (0x8605) x12 0x2c585000
core   0: 0x8000100e (0x01c4e333) or      t1, s1, t3
core   0: 3 0x8000100e (0x01c4e333) x 6 0xfffffdbf
core   0: 0x80001012 (0xac302d13) slti    s10, zero, -1341
core   0: 3 0x80001012 (0xac302d13) x26 0x00000000
core   0: 0x80001016 (0x00006109) c.addi16sp sp, 128
core   0: 3 0x80001016 (0x6109) x 2 0x00000060
core   0: 0x80001018 (0x00912733) slt     a4, sp, s1
core   0: 3 0x80001018 (0x00912733) x14 0x00000000
core   0: 0x8000101c (0x00000001) c.nop
core   0: 3 0x8000101c (0x0001)
core   0: 0x8000101e (0x000080d9) c.srli  s1, 22
core   0: 3 0x8000101e (0x80d9) x 9 0x00000000
core   0: 0x80001020 (0x00008c29) c.xor   s0, a0
core   0: 3 0x80001020 (0x8c29) x 8 0x7b56ad22
core   0: 0x80001022 (0x00008fc9) c.or    a5, a0
core   0: 3 0x80001022 (0x8fc9) x15 0x849fedee
core   0: 0x80001024 (0x01655693) srli    a3, a0, 22
core   0: 3 0x80001024 (0x01655693) x13 0x00000200
core   0: 0x80001028 (0x00000635) c.addi  a2, 13
core   0: 3 0x80001028 (0x0635) x12 0x2c58500d
core   0: 0x8000102a (0xe43f8997) auipc   s3, 0xe43f8
core   0: 3 0x8000102a (0xe43f8997) x19 0x643f902a
core   0: 0x8000102e (0x026d0133) mul     sp, s10, t1
core   0: 3 0x8000102e (0x026d0133) x 2 0x00000000
core   0: 0x80001032 (0x00008c31) c.xor   s0, a2
core   0: 3 0x80001032 (0x8c31) x 8 0x570efd2f
core   0: 0x80001034 (0x00f001b3) add     gp, zero, a5
core   0: 3 0x80001034 (0x00f001b3) x 3 0x849fedee
core   0: 0x80001038 (0x41b1df33) sra     t5, gp, s11
core   0: 3 0x80001038 (0x41b1df33) x30 0x849fedee
core   0: 0x8000103c (0x410c0933) sub     s2, s8, a6
core   0: 3 0x8000103c (0x410c0933) x18 0xffc27e3e
core   0: 0x80001040 (0xf1fb6817) auipc   a6, 0xf1fb6
core   0: 3 0x80001040 (0xf1fb6817) x16 0x71fb7040
core   0: 0x80001044 (0x01063ab3) sltu    s5, a2, a6
core   0: 3 0x80001044 (0x01063ab3) x21 0x00000001
core   0: 0x80001048 (0x0000613d) c.addi16sp sp, 480
core   0: 3 0x80001048 (0x613d) x 2 0x000001e0
core   0: 0x8000104a (0x03640233) mul     tp, s0, s6
core   0: 3 0x8000104a (0x03640233) x 4 0x670c06e0
core   0: 0x8000104e (0x00008e81) c.sub   a3, s0
core   0: 3 0x8000104e (0x8e81) x13 0xa8f104d1
core   0: 0x80001050 (0xc19c7d93) andi    s11, s8, -999
core   0: 3 0x80001050 (0xc19c7d93) x27 0xffc27c19
core   0: 0x80001054 (0x00008385) c.srli  a5, 1
core   0: 3 0x80001054 (0x8385) x15 0x424ff6f7
core   0: 0x80001056 (0x00008685) c.srai  a3, 1
core   0: 3 0x80001056 (0x8685) x13 0xd4788268
core   0: 0x80001058 (0x00575a93) srli    s5, a4, 5
core   0: 3 0x80001058 (0x00575a93) x21 0x00000000
core   0: 0x8000105c (0xc31f59b7) lui     s3, 0xc31f5
core   0: 3 0x8000105c (0xc31f59b7) x19 0xc31f5000
core   0: 0x80001060 (0x00008c5d) c.or    s0, a5
core   0: 3 0x80001060 (0x8c5d) x 8 0x574fffff
core   0: 0x80001062 (0x019553b3) srl     t2, a0, s9
core   0: 3 0x80001062 (0x019553b3) x 7 0x20004b39
core   0: 0x80001066 (0x0000869d) c.srai  a3, 7
core   0: 3 0x80001066 (0x869d) x13 0xffa8f104
core   0: 0x80001068 (0x96e3f013) andi    zero, t2, -1682
core   0: 3 0x80001068 (0x96e3f013)
core   0: 0x8000106c (0x01048a33) add     s4, s1, a6
core   0: 3 0x8000106c (0x01048a33) x20 0x71fb7040
core   0: 0x80001070 (0x000086e1) c.srai  a3, 24
core   0: 3 0x80001070 (0x86e1) x13 0xffffffff
core   0: 0x80001072 (0x00008441) c.srai  s0, 16
core   0: 3 0x80001072 (0x8441) x 8 0x0000574f
core   0: 0x80001074 (0x00cacb33) xor     s6, s5, a2
core   0: 3 0x80001074 (0x00cacb33) x22 0x2c58500d
core   0: 0x80001078 (0x000092b6) c.add   t0, a3
core   0: 3 0x80001078 (0x92b6) x 5 0xc0007731
core   0: 0x8000107a (0x02b68cb3) mul     s9, a3, a1
core   0: 3 0x8000107a (0x02b68cb3) x25 0x7fff119c
core   0: 0x8000107e (0x01390733) add     a4, s2, s3
core   0: 3 0x8000107e (0x01390733) x14 0xc2e1ce3e
core   0: 0x80001082 (0x136c2813) slti    a6, s8, 310
core   0: 3 0x80001082 (0x136c2813) x16 0x00000001
core   0: 0x80001086 (0x03807033) remu    zero, zero, s8
core   0: 3 0x80001086 (0x03807033)
core   0: 0x8000108a (0x00008996) c.mv    s3, t0
core   0: 3 0x8000108a (0x8996) x19 0xc0007731
core   0: 0x8000108c (0x0000717d) c.addi16sp sp, -16
core   0: 3 0x8000108c (0x717d) x 2 0x000001d0
core   0: 0x8000108e (0x000001c1) c.addi  gp, 16
core   0: 3 0x8000108e (0x01c1) x 3 0x849fedfe
core   0: 0x80001090 (0x024cf333) remu    t1, s9, tp
core   0: 3 0x80001090 (0x024cf333) x 6 0x18f30abc
core   0: 0x80001094 (0x00f65d13) srli    s10, a2, 15
core   0: 3 0x80001094 (0x00f65d13) x26 0x000058b0
core   0: 0x80001098 (0x0130a7b3) slt     a5, ra, s3
core   0: 3 0x80001098 (0x0130a7b3) x15 0x00000000
core   0: 0x8000109c (0x35e9aa97) auipc   s5, 0x35e9a
core   0: 3 0x8000109c (0x35e9aa97) x21 0xb5e9b09c
core   0: 0x800010a0 (0x03536ab3) rem     s5, t1, s5
core   0: 3 0x800010a0 (0x03536ab3) x21 0x18f30abc
core   0: 0x800010a4 (0x00009bfd) c.andi  a5, -1
core   0: 3 0x800010a4 (0x9bfd) x15 0x00000000
core   0: 0x800010a6 (0x00008e3d) c.xor   a2, a5
core   0: 3 0x800010a6 (0x8e3d) x12 0x2c58500d
core   0: 0x800010a8 (0x02878db3) mul     s11, a5, s0
core   0: 3 0x800010a8 (0x02878db3) x27 0x00000000
core   0: 0x800010ac (0x00008f91) c.sub   a5, a2
core   0: 3 0x800010ac (0x8f91) x15 0xd3a7aff3
core   0: 0x800010ae (0x00008fb5) c.xor   a5, a3
core   0: 3 0x800010ae (0x8fb5) x15 0x2c58500c
core   0: 0x800010b0 (0x40b95693) srai    a3, s2, 11
core   0: 3 0x800010b0 (0x40b95693) x13 0xfffff84f
core   0: 0x800010b4 (0x00321833) sll     a6, tp, gp
core   0: 3 0x800010b4 (0x00321833) x16 0x00000000
core   0: 0x800010b8 (0x03ed8133) mul     sp, s11, t5
core   0: 3 0x800010b8 (0x03ed8133) x 2 0x00000000
core   0: 0x800010bc (0x00ec70b3) and     ra, s8, a4
core   0: 3 0x800010bc (0x00ec70b3) x 1 0xc2c04e3e
core   0: 0x800010c0 (0x29cf8013) addi    zero, t6, 668
core   0: 3 0x800010c0 (0x29cf8013)
core   0: 0x800010c4 (0x006e1d93) slli    s11, t3, 6
core   0: 3 0x800010c4 (0x006e1d93) x27 0xffff6fc0
core   0: 0x800010c8 (0x00009ae2) c.add   s5, s8
core   0: 3 0x800010c8 (0x9ae2) x21 0x18b588fb
core   0: 0x800010ca (0x41bbd0b3) sra     ra, s7, s11
core   0: 3 0x800010ca (0x41bbd0b3) x 1 0x00000000
core   0: 0x800010ce (0x00009b7d) c.andi  a4, -1
core   0: 3 0x800010ce (0x9b7d) x14 0xc2e1ce3e
core   0: 0x800010d0 (0x0000982e) c.add   a6, a1
core   0: 3 0x800010d0 (0x982e) x16 0x8000ee64
core   0: 0x800010d2 (0x0000527d) c.li    tp, -1
core   0: 3 0x800010d2 (0x527d) x 4 0xffffffff
core   0: 0x800010d4 (0x40ae5e13) srai    t3, t3, 10
core   0: 3 0x800010d4 (0x40ae5e13) x28 0xffffffff
core   0: 0x800010d8 (0x00008c69) c.and   s0, a0
core   0: 3 0x800010d8 (0x8c69) x 8 0x00000444
core   0: 0x800010da (0x02f527b3) mulhsu  a5, a0, a5
core   0: 3 0x800010da (0x02f527b3) x15 0xe9d40c18
core   0: 0x800010de (0x00ea1613) slli    a2, s4, 14
core   0: 3 0x800010de (0x00ea1613) x12 0xdc100000
core   0: 0x800010e2 (0x00008f85) c.sub   a5, s1
core   0: 3 0x800010e2 (0x8f85) x15 0xe9d40c18
core   0: 0x800010e4 (0x0000932e) c.add   t1, a1
core   0: 3 0x800010e4 (0x932e) x 6 0x98f3f920
core   0: 0x800010e6 (0x022c90b3) mulh    ra, s9, sp
core   0: 3 0x800010e6 (0x022c90b3) x 1 0x00000000
core   0: 0x800010ea (0x588ce613) ori     a2, s9, 1416
core   0: 3 0x800010ea (0x588ce613) x12 0x7fff159c
core   0: 0x800010ee (0xc5133113) sltiu   sp, t1, -943
core   0: 3 0x800010ee (0xc5133113) x 2 0x00000001
core   0: 0x800010f2 (0x00009b7d) c.andi  a4, -1
core   0: 3 0x800010f2 (0x9b7d) x14 0xc2e1ce3e
core   0: 0x800010f4 (0x745f7113) andi    sp, t5, 1861
core   0: 3 0x800010f4 (0x745f7113) x 2 0x00000544
core   0: 0x800010f8 (0x03813cb3) mulhu   s9, sp, s8
core   0: 3 0x800010f8 (0x03813cb3) x25 0x00000542
core   0: 0x800010fc (0x00bca7b3) slt     a5, s9, a1
core   0: 3 0x800010fc (0x00bca7b3) x15 0x00000000
core   0: 0x80001100 (0x00006125) c.addi16sp sp, 96
core   0: 3 0x80001100 (0x6125) x 2 0x000005a4
core   0: 0x80001102 (0x03b9a333) mulhsu  t1, s3, s11
core   0: 3 0x80001102 (0x03b9a333) x 6 0xc0009b40
core   0: 0x80001106 (0x79f6ae37) lui     t3, 0x79f6a
core   0: 3 0x80001106 (0x79f6ae37) x28 0x79f6a000
core   0: 0x8000110a (0x00006da5) c.lui   s11, 0x9
core   0: 3 0x8000110a (0x6da5) x27 0x00009000
core   0: 0x8000110c (0x01455b93) srli    s7, a0, 20
core   0: 3 0x8000110c (0x01455b93) x23 0x00000800
core   0: 0x80001110 (0xd14d4817) auipc   a6, 0xd14d4
core   0: 3 0x80001110 (0xd14d4817) x16 0x514d5110
core   0: 0x80001114 (0x00000001) c.nop
core   0: 3 0x80001114 (0x0001)
core   0: 0x80001116 (0x705b6613) ori     a2, s6, 1797
core   0: 3 0x80001116 (0x705b6613) x12 0x2c58570d
core   0: 0x8000111a (0x0000615d) c.addi16sp sp, 432
core   0: 3 0x8000111a (0x615d) x 2 0x00000754
core   0: 0x8000111c (0x00000001) c.nop
core   0: 3 0x8000111c (0x0001)
core   0: 0x8000111e (0xb7c77413) andi    s0, a4, -1156
core   0: 3 0x8000111e (0xb7c77413) x 8 0xc2e1ca3c
core   0: 0x80001122 (0x5cf16913) ori     s2, sp, 1487
core   0: 3 0x80001122 (0x5cf16913) x18 0x000007df
core   0: 0x80001126 (0x2b408693) addi    a3, ra, 692
core   0: 3 0x80001126 (0x2b408693) x13 0x000002b4
core   0: 0x8000112a (0x000050fd) c.li    ra, -1
core   0: 3 0x8000112a (0x50fd) x 1 0xffffffff
core   0: 0x8000112c (0x02e08f33) mul     t5, ra, a4
core   0: 3 0x8000112c (0x02e08f33) x30 0x3d1e31c2
core   0: 0x80001130 (0x41528933) sub     s2, t0, s5
core   0: 3 0x80001130 (0x41528933) x18 0xa74aee36
core   0: 0x80001134 (0xd4974817) auipc   a6, 0xd4974
core   0: 3 0x80001134 (0xd4974817) x16 0x54975134
core   0: 0x80001138 (0x016b20b3) slt     ra, s6, s6
core   0: 3 0x80001138 (0x016b20b3) x 1 0x00000000
core   0: 0x8000113c (0x412bd7b3) sra     a5, s7, s2
core   0: 3 0x8000113c (0x412bd7b3) x15 0x00000000
core   0: 0x80001140 (0xd413aa93) slti    s5, t2, -703
core   0: 3 0x80001140 (0xd413aa93) x21 0x00000000
core   0: 0x80001144 (0x00f4d813) srli    a6, s1, 15
core   0: 3 0x80001144 (0x00f4d813) x16 0x00000000
core   0: 0x80001148 (0x00008c55) c.or    s0, a3
core   0: 3 0x80001148 (0x8c55) x 8 0xc2e1cabc
core   0: 0x8000114a (0x02fe1fb3) mulh    t6, t3, a5
core   0: 3 0x8000114a (0x02fe1fb3) x31 0x00000000
core   0: 0x8000114e (0x6d66d797) auipc   a5, 0x6d66d
core   0: 3 0x8000114e (0x6d66d797) x15 0xed66e14e
core   0: 0x80001152 (0x00a16a33) or      s4, sp, a0
core   0: 3 0x80001152 (0x00a16a33) x20 0x80012ff4
core   0: 0x80001156 (0x00008e3d) c.xor   a2, a5
core   0: 3 0x80001156 (0x8e3d) x12 0xc13eb643
core   0: 0x80001158 (0x00008c89) c.sub   s1, a0
core   0: 3 0x80001158 (0x8c89) x 9 0x7ffed31c
core   0: 0x8000115a (0x0007f3b3) and     t2, a5, zero
core   0: 3 0x8000115a (0x0007f3b3) x 7 0x00000000
core   0: 0x8000115e (0x408f87b3) sub     a5, t6, s0
core   0: 3 0x8000115e (0x408f87b3) x15 0x3d1e3544
core   0: 0x80001162 (0x6eaf3b93) sltiu   s7, t5, 1770
core   0: 3 0x80001162 (0x6eaf3b93) x23 0x00000000
core   0: 0x80001166 (0x000001b2) c.slli  gp, 12
core   0: 3 0x80001166 (0x01b2) x 3 0xfedfe000
core   0: 0x80001168 (0x00006155) c.addi16sp sp, 304
core   0: 3 0x80001168 (0x6155) x 2 0x00000884
core   0: 0x8000116a (0x00d9c7b3) xor     a5, s3, a3
core   0: 3 0x8000116a (0x00d9c7b3) x15 0xc0007585
core   0: 0x8000116e (0x02723f33) mulhu   t5, tp, t2
core   0: 3 0x8000116e (0x02723f33) x30 0x00000000
core   0: 0x80001172 (0x03b6e033) rem     zero, a3, s11
core   0: 3 0x80001172 (0x03b6e033)
core   0: 0x80001176 (0xbc3c7813) andi    a6, s8, -1085
core   0: 3 0x80001176 (0xbc3c7813) x16 0xffc27a03
core   0: 0x8000117a (0x03e72233) mulhsu  tp, a4, t5
core   0: 3 0x8000117a (0x03e72233) x 4 0x00000000
core   0: 0x8000117e (0x000002b6) c.slli  t0, 13
core   0: 3 0x8000117e (0x02b6) x 5 0x0ee62000
core   0: 0x80001180 (0x0000717d) c.addi16sp sp, -16
core   0: 3 0x80001180 (0x717d) x 2 0x00000874
core   0: 0x80001182 (0x00009b4a) c.add   s6, s2
core   0: 3 0x80001182 (0x9b4a) x22 0xd3a33e43
core   0: 0x80001184 (0x7704fb93) andi    s7, s1, 1904
core   0: 3 0x80001184 (0x7704fb93) x23 0x00000310
core   0: 0x80001188 (0x0000717d) c.addi16sp sp, -16
core   0: 3 0x80001188 (0x717d) x 2 0x00000864
core   0: 0x8000118a (0xf39fd117) auipc   sp, 0xf39fd
core   0: 3 0x8000118a (0xf39fd117) x 2 0x739fe18a
core   0: 0x8000118e (0x03579733) mulh    a4, a5, s5
core   0: 3 0x8000118e (0x03579733) x14 0x00000000
core   0: 0x80001192 (0x031ddb33) divu    s6, s11, a7
core   0: 3 0x80001192 (0x031ddb33) x22 0x00009000
core   0: 0x80001196 (0x41d40133) sub     sp, s0, t4
core   0: 3 0x80001196 (0x41d40133) x 2 0x67524b24
core   0: 0x8000119a (0x40fc83b3) sub     t2, s9, a5
core   0: 3 0x8000119a (0x40fc83b3) x 7 0x3fff8fbd
core   0: 0x8000119e (0x00006bc1) c.lui   s7, 0x10
core   0: 3 0x8000119e (0x6bc1) x23 0x00010000
core   0: 0x800011a0 (0x012d2733) slt     a4, s10, s2
core   0: 3 0x800011a0 (0x012d2733) x14 0x00000000
core   0: 0x800011a4 (0x41e15a33) sra     s4, sp, t5
core   0: 3 0x800011a4 (0x41e15a33) x20 0x67524b24
core   0: 0x800011a8 (0x01dd5e33) srl     t3, s10, t4
core   0: 3 0x800011a8 (0x01dd5e33) x28 0x00000000
core   0: 0x800011ac (0x0000611d) c.addi16sp sp, 416
core   0: 3 0x800011ac (0x611d) x 2 0x67524cc4
core   0: 0x800011ae (0x40ea01b3) sub     gp, s4, a4
core   0: 3 0x800011ae (0x40ea01b3) x 3 0x67524b24
core   0: 0x800011b2 (0x00544bb3) xor     s7, s0, t0
core   0: 3 0x800011b2 (0x00544bb3) x23 0xcc07eabc
core   0: 0x800011b6 (0x406b0b33) sub     s6, s6, t1
core   0: 3 0x800011b6 (0x406b0b33) x22 0x3ffff4c0
core   0: 0x800011ba (0x00008c19) c.sub   s0, a4
core   0: 3 0x800011ba (0x8c19) x 8 0xc2e1cabc
core   0: 0x800011bc (0x001c9693) slli    a3, s9, 1
core   0: 3 0x800011bc (0x001c9693) x13 0x00000a84
core   0: 0x800011c0 (0x00001080) c.addi4spn s0, sp, 96
core   0: 3 0x800011c0 (0x1080) x 8 0x67524d24
core   0: 0x800011c2 (0x011202b3) add     t0, tp, a7
core   0: 3 0x800011c2 (0x011202b3) x 5 0x00000001
core   0: 0x800011c6 (0x000069e1) c.lui   s3, 0x18
core   0: 3 0x800011c6 (0x69e1) x19 0x00018000
core   0: 0x800011c8 (0xaf10e293) ori     t0, ra, -1295
core   0: 3 0x800011c8 (0xaf10e293) x 5 0xfffffaf1
core   0: 0x800011cc (0x014277b3) and     a5, tp, s4
core   0: 3 0x800011cc (0x014277b3) x15 0x00000000
core   0: 0x800011d0 (0x00008e19) c.sub   a2, a4
core   0: 3 0x800011d0 (0x8e19) x12 0xc13eb643
core   0: 0x800011d2 (0xbd32a793) slti    a5, t0, -1069
core   0: 3 0x800011d2 (0xbd32a793) x15 0x00000001
core   0: 0x800011d6 (0x000086f9) c.srai  a3, 30
core   0: 3 0x800011d6 (0x86f9) x13 0x00000000
core   0: 0x800011d8 (0x00841f33) sll     t5, s0, s0
core   0: 3 0x800011d8 (0x00841f33) x30 0x7524d240
core   0: 0x800011dc (0x01acad33) slt     s10, s9, s10
core   0: 3 0x800011dc (0x01acad33) x26 0x00000001
core   0: 0x800011e0 (0x418309b3) sub     s3, t1, s8
core   0: 3 0x800011e0 (0x418309b3) x19 0xc03e1d01
core   0: 0x800011e4 (0x407a8e33) sub     t3, s5, t2
core   0: 3 0x800011e4 (0x407a8e33) x28 0xc0007043
core   0: 0x800011e8 (0x67182bb7) lui     s7, 0x67182
core   0: 3 0x800011e8 (0x67182bb7) x23 0x67182000
core   0: 0x800011ec (0x4046db33) sra     s6, a3, tp
core   0: 3 0x800011ec (0x4046db33) x22 0x00000000
core   0: 0x800011f0 (0x03e61d33) mulh    s10, a2, t5
core   0: 3 0x800011f0 (0x03e61d33) x26 0xe348a294
core   0: 0x800011f4 (0x00008311) c.srli  a4, 4
core   0: 3 0x800011f4 (0x8311) x14 0x00000000
core   0: 0x800011f6 (0x03dc27b3) mulhsu  a5, s8, t4
core   0: 3 0x800011f6 (0x03dc27b3) x15 0xffea0066
core   0: 0x800011fa (0x9c834713) xori    a4, t1, -1592
core   0: 3 0x800011fa (0x9c834713) x14 0x3fff6288
core   0: 0x800011fe (0x02fe43b3) div     t2, t3, a5
core   0: 3 0x800011fe (0x02fe43b3) x 7 0x000002e8
core   0: 0x80001202 (0x031952b3) divu    t0, s2, a7
core   0: 3 0x80001202 (0x031952b3) x 5 0xa74aee36
core   0: 0x80001206 (0x000083da) c.mv    t2, s6
core   0: 3 0x80001206 (0x83da) x 7 0x00000000
core   0: 0x80001208 (0x029581b3) mul     gp, a1, s1
core   0: 3 0x80001208 (0x029581b3) x 3 0xe7ce7ef0
core   0: 0x8000120c (0x00006f3d) c.lui   t5, 0xf
core   0: 3 0x8000120c (0x6f3d) x30 0x0000f000
core   0: 0x8000120e (0x00008089) c.srli  s1, 2
core   0: 3 0x8000120e (0x8089) x 9 0x1fffb4c7
core   0: 0x80001210 (0x000ac7b3) xor     a5, s5, zero
core   0: 3 0x80001210 (0x000ac7b3) x15 0x00000000
core   0: 0x80001214 (0x413786b3) sub     a3, a5, s3
core   0: 3 0x80001214 (0x413786b3) x13 0x3fc1e2ff
core   0: 0x80001218 (0x00009e5e) c.add   t3, s7
core   0: 3 0x80001218 (0x9e5e) x28 0x27189043
core   0: 0x8000121a (0x00000a8e) c.slli  s5, 3
core   0: 3 0x8000121a (0x0a8e) x21 0x00000000
core   0: 0x8000121c (0x00a234b3) sltu    s1, tp, a0
core   0: 3 0x8000121c (0x00a234b3) x 9 0x00000001
core   0: 0x80001220 (0xfe5b1937) lui     s2, 0xfe5b1
core   0: 3 0x80001220 (0xfe5b1937) x18 0xfe5b1000
core   0: 0x80001224 (0x01bf89b3) add     s3, t6, s11
core   0: 3 0x80001224 (0x01bf89b3) x19 0x00009000
core   0: 0x80001228 (0x00004a01) c.li    s4, 0
core   0: 3 0x80001228 (0x4a01) x20 0x00000000
core   0: 0x8000122a (0x40375d93) srai    s11, a4, 3
core   0: 3 0x8000122a (0x40375d93) x27 0x07ffec51
core   0: 0x8000122e (0xebf23613) sltiu   a2, tp, -321
core   0: 3 0x8000122e (0xebf23613) x12 0x00000001
core   0: 0x80001232 (0x92453493) sltiu   s1, a0, -1756
core   0: 3 0x80001232 (0x92453493) x 9 0x00000001
core   0: 0x80001236 (0x01855d33) srl     s10, a0, s8
core   0: 3 0x80001236 (0x01855d33) x26 0x00000001
core   0: 0x8000123a (0x7ecba713) slti    a4, s7, 2028
core   0: 3 0x8000123a (0x7ecba713) x14 0x00000000
core   0: 0x8000123e (0x01e5a9b3) slt     s3, a1, t5
core   0: 3 0x8000123e (0x01e5a9b3) x19 0x00000001
core   0: 0x80001242 (0x0000717d) c.addi16sp sp, -16
core   0: 3 0x80001242 (0x717d) x 2 0x67524cb4
core   0: 0x80001244 (0x00008ed1) c.or    a3, a2
core   0: 3 0x80001244 (0x8ed1) x13 0x3fc1e2ff
core   0: 0x80001246 (0x02853033) mulhu   zero, a0, s0
core   0: 3 0x80001246 (0x02853033)
core   0: 0x8000124a (0x41565d13) srai    s10, a2, 21
core   0: 3 0x8000124a (0x41565d13) x26 0x00000000
core   0: 0x8000124e (0x01e9a7b3) slt     a5, s3, t5
core   0: 3 0x8000124e (0x01e9a7b3) x15 0x00000001
core   0: 0x80001252 (0x00009bfd) c.andi  a5, -1
core   0: 3 0x80001252 (0x9bfd) x15 0x00000001
core   0: 0x80001254 (0x00000001) c.nop
core   0: 3 0x80001254 (0x0001)
core   0: 0x80001256 (0x00006bbd) c.lui   s7, 0xf
core   0: 3 0x80001256 (0x6bbd) x23 0x0000f000
core   0: 0x80001258 (0x00006135) c.addi16sp sp, 352
core   0: 3 0x80001258 (0x6135) x 2 0x67524e14
core   0: 0x8000125a (0x419f8213) addi    tp, t6, 1049
core   0: 3 0x8000125a (0x419f8213) x 4 0x00000419
core   0: 0x8000125e (0x0222fa33) remu    s4, t0, sp
core   0: 3 0x8000125e (0x0222fa33) x20 0x3ff8a022
core   0: 0x80001262 (0xdc1b3717) auipc   a4, 0xdc1b3
core   0: 3 0x80001262 (0xdc1b3717) x14 0x5c1b4262
core   0: 0x80001266 (0x01099e13) slli    t3, s3, 16
core   0: 3 0x80001266 (0x01099e13) x28 0x00010000
core   0: 0x8000126a (0x412bd1b3) sra     gp, s7, s2
core   0: 3 0x8000126a (0x412bd1b3) x 3 0x0000f000
core   0: 0x8000126e (0x00008c79) c.and   s0, a4
core   0: 3 0x8000126e (0x8c79) x 8 0x44124020
core   0: 0x80001270 (0x00006245) c.lui   tp, 0x11
core   0: 3 0x80001270 (0x6245) x 4 0x00011000
core   0: 0x80001272 (0x02232a33) mulhsu  s4, t1, sp
core   0: 3 0x80001272 (0x02232a33) x20 0xe62bab23
core   0: 0x80001276 (0x02959d33) mulh    s10, a1, s1
core   0: 3 0x80001276 (0x02959d33) x26 0xffffffff
core   0: 0x8000127a (0x0068c8b3) xor     a7, a7, t1
core   0: 3 0x8000127a (0x0068c8b3) x17 0xc0009b41
core   0: 0x8000127e (0x000add33) srl     s10, s5, zero
core   0: 3 0x8000127e (0x000add33) x26 0x00000000
core   0: 0x80001282 (0x00006161) c.addi16sp sp, 80
core   0: 3 0x80001282 (0x6161) x 2 0x67524e64
core   0: 0x80001284 (0x01f629b3) slt     s3, a2, t6
core   0: 3 0x80001284 (0x01f629b3) x19 0x00000000
core   0: 0x80001288 (0x00008cd1) c.or    s1, a2
core   0: 3 0x80001288 (0x8cd1) x 9 0x00000001
core   0: 0x8000128a (0x02bb5b33) divu    s6, s6, a1
core   0: 3 0x8000128a (0x02bb5b33) x22 0x00000000
core   0: 0x8000128e (0x62727b93) andi    s7, tp, 1575
core   0: 3 0x8000128e (0x62727b93) x23 0x00000000
core   0: 0x80001292 (0x3b474613) xori    a2, a4, 948
core   0: 3 0x80001292 (0x3b474613) x12 0x5c1b41d6
core   0: 0x80001296 (0xf6fda093) slti    ra, s11, -145
core   0: 3 0x80001296 (0xf6fda093) x 1 0x00000000
core   0: 0x8000129a (0x00dfa833) slt     a6, t6, a3
core   0: 3 0x8000129a (0x00dfa833) x16 0x00000001
core   0: 0x8000129e (0x01787133) and     sp, a6, s7
core   0: 3 0x8000129e (0x01787133) x 2 0x00000000
core   0: 0x800012a2 (0x00009f36) c.add   t5, a3
core   0: 3 0x800012a2 (0x9f36) x30 0x3fc2d2ff
core   0: 0x800012a4 (0x00008f29) c.xor   a4, a0
core   0: 3 0x800012a4 (0x8f29) x14 0xdc1a6e86
core   0: 0x800012a6 (0x001c51b3) srl     gp, s8, ra
core   0: 3 0x800012a6 (0x001c51b3) x 3 0xffc27e3f
core   0: 0x800012aa (0x00008f99) c.sub   a5, a4
core   0: 3 0x800012aa (0x8f99) x15 0x23e5917b
core   0: 0x800012ac (0x02fae1b3) rem     gp, s5, a5
core   0: 3 0x800012ac (0x02fae1b3) x 3 0x00000000
core   0: 0x800012b0 (0x00001710) c.addi4spn a2, sp, 928
core   0: 3 0x800012b0 (0x1710) x12 0x000003a0
core   0: 0x800012b2 (0x00008f2a) c.mv    t5, a0
core   0: 3 0x800012b2 (0x8f2a) x30 0x80012ce4
core   0: 0x800012b4 (0x039c3b33) mulhu   s6, s8, s9
core   0: 3 0x800012b4 (0x039c3b33) x22 0x00000540
core   0: 0x800012b8 (0x00008ef5) c.and   a3, a3
core   0: 3 0x800012b8 (0x8ef5) x13 0x3fc1e2ff
core   0: 0x800012ba (0x00004b01) c.li    s6, 0
core   0: 3 0x800012ba (0x4b01) x22 0x00000000
core   0: 0x800012bc (0x00004e81) c.li    t4, 0
core   0: 3 0x800012bc (0x4e81) x29 0x00000000
core   0: 0x800012be (0x800003b7) lui     t2, 0x80000
core   0: 3 0x800012be (0x800003b7) x 7 0x80000000
core   0: 0x800012c2 (0x05499f37) lui     t5, 0x5499
core   0: 3 0x800012c2 (0x05499f37) x30 0x05499000
core   0: 0x800012c6 (0xe90f0f13) addi    t5, t5, -368
core   0: 3 0x800012c6 (0xe90f0f13) x30 0x05498e90
core   0: 0x800012ca (0xfff00213) li      tp, -1
core   0: 3 0x800012ca (0xfff00213) x 4 0xffffffff
core   0: 0x800012ce (0x800004b7) lui     s1, 0x80000
core   0: 3 0x800012ce (0x800004b7) x 9 0x80000000
core   0: 0x800012d2 (0x14ca90b7) lui     ra, 0x14ca9
core   0: 3 0x800012d2 (0x14ca90b7) x 1 0x14ca9000
core   0: 0x800012d6 (0xa1c08093) addi    ra, ra, -1508
core   0: 3 0x800012d6 (0xa1c08093) x 1 0x14ca8a1c
core   0: 0x800012da (0x800006b7) lui     a3, 0x80000
core   0: 3 0x800012da (0x800006b7) x13 0x80000000
core   0: 0x800012de (0x800009b7) lui     s3, 0x80000
core   0: 3 0x800012de (0x800009b7) x19 0x80000000
core   0: 0x800012e2 (0x80000937) lui     s2, 0x80000
core   0: 3 0x800012e2 (0x80000937) x18 0x80000000
core   0: 0x800012e6 (0x0296ef33) rem     t5, a3, s1
core   0: 3 0x800012e6 (0x0296ef33) x30 0x00000000
core   0: 0x800012ea (0x00000001) c.nop
core   0: 3 0x800012ea (0x0001)
core   0: 0x800012ec (0x0326aeb3) mulhsu  t4, a3, s2
core   0: 3 0x800012ec (0x0326aeb3) x29 0xc0000000
core   0: 0x800012f0 (0x024eceb3) div     t4, t4, tp
core   0: 3 0x800012f0 (0x024eceb3) x29 0x40000000
core   0: 0x800012f4 (0xbf948093) addi    ra, s1, -1031
core   0: 3 0x800012f4 (0xbf948093) x 1 0x7ffffbf9
core   0: 0x800012f8 (0x868b5f37) lui     t5, 0x868b5
core   0: 3 0x800012f8 (0x868b5f37) x30 0x868b5000
core   0: 0x800012fc (0x376f7997) auipc   s3, 0x376f7
core   0: 3 0x800012fc (0x376f7997) x19 0xb76f82fc
core   0: 0x80001300 (0x401f06b3) sub     a3, t5, ra
core   0: 3 0x80001300 (0x401f06b3) x13 0x068b5407
core   0: 0x80001304 (0x0323f933) remu    s2, t2, s2
core   0: 3 0x80001304 (0x0323f933) x18 0x00000000
core   0: 0x80001308 (0x67248913) addi    s2, s1, 1650
core   0: 3 0x80001308 (0x67248913) x18 0x80000672
core   0: 0x8000130c (0x03c98213) addi    tp, s3, 60
core   0: 3 0x8000130c (0x03c98213) x 4 0xb76f8338
core   0: 0x80001310 (0x70968913) addi    s2, a3, 1801
core   0: 3 0x80001310 (0x70968913) x18 0x068b5b10
core   0: 0x80001314 (0x033f14b3) mulh    s1, t5, s3
core   0: 3 0x80001314 (0x033f14b3) x 9 0x226d5e72
core   0: 0x80001318 (0x027eeeb3) rem     t4, t4, t2
core   0: 3 0x80001318 (0x027eeeb3) x29 0x40000000
core   0: 0x8000131c (0x15fe96b7) lui     a3, 0x15fe9
core   0: 3 0x8000131c (0x15fe96b7) x13 0x15fe9000
core   0: 0x80001320 (0x03df5233) divu    tp, t5, t4
core   0: 3 0x80001320 (0x03df5233) x 4 0x00000002
core   0: 0x80001324 (0x404e8eb3) sub     t4, t4, tp
core   0: 3 0x80001324 (0x404e8eb3) x29 0x3ffffffe
core   0: 0x80001328 (0x00000001) c.nop
core   0: 3 0x80001328 (0x0001)
core   0: 0x8000132a (0x0296bf33) mulhu   t5, a3, s1
core   0: 3 0x8000132a (0x0296bf33) x30 0x02f534a0
core   0: 0x8000132e (0x407389b3) sub     s3, t2, t2
core   0: 3 0x8000132e (0x407389b3) x19 0x00000000
core   0: 0x80001332 (0x00000001) c.nop
core   0: 3 0x80001332 (0x0001)
core   0: 0x80001334 (0x407e80b3) sub     ra, t4, t2
core   0: 3 0x80001334 (0x407e80b3) x 1 0xbffffffe
core   0: 0x80001338 (0x51fabb17) auipc   s6, 0x51fab
core   0: 3 0x80001338 (0x51fabb17) x22 0xd1fac338
core   0: 0x8000133c (0x027f1b33) mulh    s6, t5, t2
core   0: 3 0x8000133c (0x027f1b33) x22 0xfe8565b0
core   0: 0x80001340 (0x9d615937) lui     s2, 0x9d615
core   0: 3 0x80001340 (0x9d615937) x18 0x9d615000
core   0: 0x80001344 (0x00000001) c.nop
core   0: 3 0x80001344 (0x0001)
core   0: 0x80001346 (0x71ae9217) auipc   tp, 0x71ae9
core   0: 3 0x80001346 (0x71ae9217) x 4 0xf1aea346
core   0: 0x8000134a (0x03e203b3) mul     t2, tp, t5
core   0: 3 0x8000134a (0x03e203b3) x 7 0x544e43c0
core   0: 0x8000134e (0x027eaeb3) mulhsu  t4, t4, t2
core   0: 3 0x8000134e (0x027eaeb3) x29 0x151390ef
core   0: 0x80001352 (0x024f6eb3) rem     t4, t5, tp
core   0: 3 0x80001352 (0x024f6eb3) x29 0x02f534a0
core   0: 0x80001356 (0x0294beb3) mulhu   t4, s1, s1
core   0: 3 0x80001356 (0x0294beb3) x29 0x04a13bcf
core   0: 0x8000135a (0x031a5433) divu    s0, s4, a7
core   0: 3 0x8000135a (0x031a5433) x 8 0x00000001
core   0: 0x8000135e (0x00008741) c.srai  a4, 16
core   0: 3 0x8000135e (0x8741) x14 0xffffdc1a
core   0: 0x80001360 (0x00008c95) c.sub   s1, a3
core   0: 3 0x80001360 (0x8c95) x 9 0x0c6ece72
core   0: 0x80001362 (0x00008cb9) c.xor   s1, a4
core   0: 3 0x80001362 (0x8cb9) x 9 0xf3911268
core   0: 0x80001364 (0x014f22b3) slt     t0, t5, s4
core   0: 3 0x80001364 (0x014f22b3) x 5 0x00000000
core   0: 0x80001368 (0x02d046b3) div     a3, zero, a3
core   0: 3 0x80001368 (0x02d046b3) x13 0x00000000
core   0: 0x8000136c (0x0000090d) c.addi  s2, 3
core   0: 3 0x8000136c (0x090d) x18 0x9d615003
core   0: 0x8000136e (0x40c50db3) sub     s11, a0, a2
core   0: 3 0x8000136e (0x40c50db3) x27 0x80012944
core   0: 0x80001372 (0x0000717d) c.addi16sp sp, -16
core   0: 3 0x80001372 (0x717d) x 2 0xfffffff0
core   0: 0x80001374 (0x00006305) c.lui   t1, 0x1
core   0: 3 0x80001374 (0x6305) x 6 0x00001000
core   0: 0x80001376 (0x00000001) c.nop
core   0: 3 0x80001376 (0x0001)
core   0: 0x80001378 (0x00bb91b3) sll     gp, s7, a1
core   0: 3 0x80001378 (0x00bb91b3) x 3 0x00000000
core   0: 0x8000137c (0x02057bb3) remu    s7, a0, zero
core   0: 3 0x8000137c (0x02057bb3) x23 0x80012ce4
core   0: 0x80001380 (0x00006115) c.addi16sp sp, 288
core   0: 3 0x80001380 (0x6115) x 2 0x00000110
core   0: 0x80001382 (0x00004425) c.li    s0, 9
core   0: 3 0x80001382 (0x4425) x 8 0x00000009
core   0: 0x80001384 (0xc8f60d13) addi    s10, a2, -881
core   0: 3 0x80001384 (0xc8f60d13) x26 0x0000002f
core   0: 0x80001388 (0x00ee5033) srl     zero, t3, a4
core   0: 3 0x80001388 (0x00ee5033)
core   0: 0x8000138c (0x00008492) c.mv    s1, tp
core   0: 3 0x8000138c (0x8492) x 9 0xf1aea346
core   0: 0x8000138e (0x23cdf493) andi    s1, s11, 572
core   0: 3 0x8000138e (0x23cdf493) x 9 0x00000004
core   0: 0x80001392 (0x8f12e837) lui     a6, 0x8f12e
core   0: 3 0x80001392 (0x8f12e837) x16 0x8f12e000
core   0: 0x80001396 (0x0000987d) c.andi  s0, -1
core   0: 3 0x80001396 (0x987d) x 8 0x00000009
core   0: 0x80001398 (0x027bb233) mulhu   tp, s7, t2
core   0: 3 0x80001398 (0x027bb233) x 4 0x2a2784f6
core   0: 0x8000139c (0x00008fb9) c.xor   a5, a4
core   0: 3 0x8000139c (0x8fb9) x15 0xdc1a4d61
core   0: 0x8000139e (0x004aba33) sltu    s4, s5, tp
core   0: 3 0x8000139e (0x004aba33) x20 0x00000001
core   0: 0x800013a2 (0x0356fab3) remu    s5, a3, s5
core   0: 3 0x800013a2 (0x0356fab3) x21 0x00000000
core   0: 0x800013a6 (0xcd717d13) andi    s10, sp, -809
core   0: 3 0x800013a6 (0xcd717d13) x26 0x00000010
core   0: 0x800013aa (0x00069a93) slli    s5, a3, 0
core   0: 3 0x800013aa (0x00069a93) x21 0x00000000
core   0: 0x800013ae (0x3ae27c93) andi    s9, tp, 942
core   0: 3 0x800013ae (0x3ae27c93) x25 0x000000a6
core   0: 0x800013b2 (0x00000001) c.nop
core   0: 3 0x800013b2 (0x0001)
core   0: 0x800013b4 (0x2430bb13) sltiu   s6, ra, 579
core   0: 3 0x800013b4 (0x2430bb13) x22 0x00000000
core   0: 0x800013b8 (0x41105893) srai    a7, zero, 17
core   0: 3 0x800013b8 (0x41105893) x17 0x00000000
core   0: 0x800013bc (0x00008e2a) c.mv    t3, a0
core   0: 3 0x800013bc (0x8e2a) x28 0x80012ce4
core   0: 0x800013be (0x01295093) srli    ra, s2, 18
core   0: 3 0x800013be (0x01295093) x 1 0x00002758
core   0: 0x800013c2 (0x01af2bb3) slt     s7, t5, s10
core   0: 3 0x800013c2 (0x01af2bb3) x23 0x00000000
core   0: 0x800013c6 (0xd4ee6993) ori     s3, t3, -690
core   0: 3 0x800013c6 (0xd4ee6993) x19 0xfffffdee
core   0: 0x800013ca (0x01264c97) auipc   s9, 0x1264
core   0: 3 0x800013ca (0x01264c97) x25 0x812653ca
core   0: 0x800013ce (0x0000074e) c.slli  a4, 19
core   0: 3 0x800013ce (0x074e) x14 0xe0d00000
core   0: 0x800013d0 (0x41468ab3) sub     s5, a3, s4
core   0: 3 0x800013d0 (0x41468ab3) x21 0xffffffff
core   0: 0x800013d4 (0x003f1213) slli    tp, t5, 3
core   0: 3 0x800013d4 (0x003f1213) x 4 0x17a9a500
core   0: 0x800013d8 (0x01fa1f13) slli    t5, s4, 31
core   0: 3 0x800013d8 (0x01fa1f13) x30 0x80000000
core   0: 0x800013dc (0x40a0d2b3) sra     t0, ra, a0
core   0: 3 0x800013dc (0x40a0d2b3) x 5 0x00000275
core   0: 0x800013e0 (0x03adb6b3) mulhu   a3, s11, s10
core   0: 3 0x800013e0 (0x03adb6b3) x13 0x00000008
core   0: 0x800013e4 (0x000097aa) c.add   a5, a0
core   0: 3 0x800013e4 (0x97aa) x15 0x5c1b7a45
core   0: 0x800013e6 (0x00008c29) c.xor   s0, a0
core   0: 3 0x800013e6 (0x8c29) x 8 0x80012ced
core   0: 0x800013e8 (0x01c196b3) sll     a3, gp, t3
core   0: 3 0x800013e8 (0x01c196b3) x13 0x00000000
core   0: 0x800013ec (0x000091e2) c.add   gp, s8
core   0: 3 0x800013ec (0x91e2) x 3 0xffc27e3f
core   0: 0x800013ee (0x00000001) c.nop
core   0: 3 0x800013ee (0x0001)
core   0: 0x800013f0 (0x70cb8b93) addi    s7, s7, 1804
core   0: 3 0x800013f0 (0x70cb8b93) x23 0x0000070c
core   0: 0x800013f4 (0xb245e197) auipc   gp, 0xb245e
core   0: 3 0x800013f4 (0xb245e197) x 3 0x3245f3f4
core   0: 0x800013f8 (0x000050fd) c.li    ra, -1
core   0: 3 0x800013f8 (0x50fd) x 1 0xffffffff
core   0: 0x800013fa (0x00008ee9) c.and   a3, a0
core   0: 3 0x800013fa (0x8ee9) x13 0x00000000
core   0: 0x800013fc (0x00000001) c.nop
core   0: 3 0x800013fc (0x0001)
core   0: 0x800013fe (0x01dadb33) srl     s6, s5, t4
core   0: 3 0x800013fe (0x01dadb33) x22 0x0001ffff
core   0: 0x80001402 (0x011f8633) add     a2, t6, a7
core   0: 3 0x80001402 (0x011f8633) x12 0x00000000
core   0: 0x80001406 (0x02ad2e33) mulhsu  t3, s10, a0
core   0: 3 0x80001406 (0x02ad2e33) x28 0x00000008
core   0: 0x8000140a (0x8fe7ff93) andi    t6, a5, -1794
core   0: 3 0x8000140a (0x8fe7ff93) x31 0x5c1b7844
core   0: 0x8000140e (0x00008ccd) c.or    s1, a1
core   0: 3 0x8000140e (0x8ccd) x 9 0x8000ee64
core   0: 0x80001410 (0x00000cee) c.slli  s9, 27
core   0: 3 0x80001410 (0x0cee) x25 0x50000000
core   0: 0x80001412 (0x01a55e13) srli    t3, a0, 26
core   0: 3 0x80001412 (0x01a55e13) x28 0x00000020
core   0: 0x80001416 (0x00008bc2) c.mv    s7, a6
core   0: 3 0x80001416 (0x8bc2) x23 0x8f12e000
core   0: 0x80001418 (0xa3ca7b37) lui     s6, 0xa3ca7
core   0: 3 0x80001418 (0xa3ca7b37) x22 0xa3ca7000
core   0: 0x8000141c (0x00bf4db3) xor     s11, t5, a1
core   0: 3 0x8000141c (0x00bf4db3) x27 0x0000ee64
core   0: 0x80001420 (0x00006db5) c.lui   s11, 0xd
core   0: 3 0x80001420 (0x6db5) x27 0x0000d000
core   0: 0x80001422 (0x419bdd93) srai    s11, s7, 25
core   0: 3 0x80001422 (0x419bdd93) x27 0xffffffc7
core   0: 0x80001426 (0x00000118) c.addi4spn a4, sp, 128
core   0: 3 0x80001426 (0x0118) x14 0x00000190
core   0: 0x80001428 (0x00008ce5) c.and   s1, s1
core   0: 3 0x80001428 (0x8ce5) x 9 0x8000ee64
core   0: 0x8000142a (0x41c7da93) srai    s5, a5, 28
core   0: 3 0x8000142a (0x41c7da93) x21 0x00000005
core   0: 0x8000142e (0x00008e6d) c.and   a2, a1
core   0: 3 0x8000142e (0x8e6d) x12 0x00000000
core   0: 0x80001430 (0x00009b92) c.add   s7, tp
core   0: 3 0x80001430 (0x9b92) x23 0xa6bc8500
core   0: 0x80001432 (0x00006155) c.addi16sp sp, 304
core   0: 3 0x80001432 (0x6155) x 2 0x00000240
core   0: 0x80001434 (0x000082c1) c.srli  a3, 16
core   0: 3 0x80001434 (0x82c1) x13 0x00000000
core   0: 0x80001436 (0x0168dcb3) srl     s9, a7, s6
core   0: 3 0x80001436 (0x0168dcb3) x25 0x00000000
core   0: 0x8000143a (0x02cafdb3) remu    s11, s5, a2
core   0: 3 0x8000143a (0x02cafdb3) x27 0x00000005
core   0: 0x8000143e (0x0000717d) c.addi16sp sp, -16
core   0: 3 0x8000143e (0x717d) x 2 0x00000230
core   0: 0x80001440 (0x02d39ab3) mulh    s5, t2, a3
core   0: 3 0x80001440 (0x02d39ab3) x21 0x00000000
core   0: 0x80001444 (0x027e5133) divu    sp, t3, t2
core   0: 3 0x80001444 (0x027e5133) x 2 0x00000000
core   0: 0x80001448 (0x00841833) sll     a6, s0, s0
core   0: 3 0x80001448 (0x00841833) x16 0x259da000
core   0: 0x8000144c (0x00000001) c.nop
core   0: 3 0x8000144c (0x0001)
core   0: 0x8000144e (0xb679f613) andi    a2, s3, -1177
core   0: 3 0x8000144e (0xb679f613) x12 0xfffff966
core   0: 0x80001452 (0x0000577d) c.li    a4, -1
core   0: 3 0x80001452 (0x577d) x14 0xffffffff
core   0: 0x80001454 (0x00000001) c.nop
core   0: 3 0x80001454 (0x0001)
core   0: 0x80001456 (0xcfc4fd37) lui     s10, 0xcfc4f
core   0: 3 0x80001456 (0xcfc4fd37) x26 0xcfc4f000
core   0: 0x8000145a (0x02982bb3) mulhsu  s7, a6, s1
core   0: 3 0x8000145a (0x02982bb3) x23 0x12cef307
core   0: 0x8000145e (0x002aecb3) or      s9, s5, sp
core   0: 3 0x8000145e (0x002aecb3) x25 0x00000000
core   0: 0x80001462 (0x02f5db33) divu    s6, a1, a5
core   0: 3 0x80001462 (0x02f5db33) x22 0x00000001
core   0: 0x80001466 (0x3065d297) auipc   t0, 0x3065d
core   0: 3 0x80001466 (0x3065d297) x 5 0xb065e466
core   0: 0x8000146a (0x00008771) c.srai  a4, 28
core   0: 3 0x8000146a (0x8771) x14 0xffffffff
core   0: 0x8000146c (0x02fd3833) mulhu   a6, s10, a5
core   0: 3 0x8000146c (0x02fd3833) x16 0x4ac11341
core   0: 0x80001470 (0x03404d33) div     s10, zero, s4
core   0: 3 0x80001470 (0x03404d33) x26 0x00000000
core   0: 0x80001474 (0x00008b52) c.mv    s6, s4
core   0: 3 0x80001474 (0x8b52) x22 0x00000001
core   0: 0x80001476 (0x00008e8d) c.sub   a3, a1
core   0: 3 0x80001476 (0x8e8d) x13 0x7fff119c
core   0: 0x80001478 (0x01a57433) and     s0, a0, s10
core   0: 3 0x80001478 (0x01a57433) x 8 0x00000000
core   0: 0x8000147c (0x407ad733) sra     a4, s5, t2
core   0: 3 0x8000147c (0x407ad733) x14 0x00000000
core   0: 0x80001480 (0x00009a7d) c.andi  a2, -1
core   0: 3 0x80001480 (0x9a7d) x12 0xfffff966
core   0: 0x80001482 (0x00006ab9) c.lui   s5, 0xe
core   0: 3 0x80001482 (0x6ab9) x21 0x0000e000
core   0: 0x80001484 (0x6fb2e893) ori     a7, t0, 1787
core   0: 3 0x80001484 (0x6fb2e893) x17 0xb065e6ff
core   0: 0x80001488 (0x019b2833) slt     a6, s6, s9
core   0: 3 0x80001488 (0x019b2833) x16 0x00000000
core   0: 0x8000148c (0x08a32e13) slti    t3, t1, 138
core   0: 3 0x8000148c (0x08a32e13) x28 0x00000000
core   0: 0x80001490 (0x010956b3) srl     a3, s2, a6
core   0: 3 0x80001490 (0x010956b3) x13 0x9d615003
core   0: 0x80001494 (0xcac12d93) slti    s11, sp, -852
core   0: 3 0x80001494 (0xcac12d93) x27 0x00000000
core   0: 0x80001498 (0x00000001) c.nop
core   0: 3 0x80001498 (0x0001)
core   0: 0x8000149a (0x0398f7b3) remu    a5, a7, s9
core   0: 3 0x8000149a (0x0398f7b3) x15 0xb065e6ff
core   0: 0x8000149e (0xe68ac793) xori    a5, s5, -408
core   0: 3 0x8000149e (0xe68ac793) x15 0xffff1e68
core   0: 0x800014a2 (0x00006129) c.addi16sp sp, 192
core   0: 3 0x800014a2 (0x6129) x 2 0x000000c0
core   0: 0x800014a4 (0x20503e37) lui     t3, 0x20503
core   0: 3 0x800014a4 (0x20503e37) x28 0x20503000
core   0: 0x800014a8 (0x0358a933) mulhsu  s2, a7, s5
core   0: 3 0x800014a8 (0x0358a933) x18 0xffffba59
core   0: 0x800014ac (0x41d30ab3) sub     s5, t1, t4
core   0: 3 0x800014ac (0x41d30ab3) x21 0xfb5ed431
core   0: 0x800014b0 (0x0225a9b3) mulhsu  s3, a1, sp
core   0: 3 0x800014b0 (0x0225a9b3) x19 0xffffffa0
core   0: 0x800014b4 (0x00000001) c.nop
core   0: 3 0x800014b4 (0x0001)
core   0: 0x800014b6 (0x3a1959b7) lui     s3, 0x3a195
core   0: 3 0x800014b6 (0x3a1959b7) x19 0x3a195000
core   0: 0x800014ba (0x39283293) sltiu   t0, a6, 914
core   0: 3 0x800014ba (0x39283293) x 5 0x00000001
core   0: 0x800014be (0x000084ed) c.srai  s1, 27
core   0: 3 0x800014be (0x84ed) x 9 0xfffffff0
core   0: 0x800014c0 (0x97eabf37) lui     t5, 0x97eab
core   0: 3 0x800014c0 (0x97eabf37) x30 0x97eab000
core   0: 0x800014c4 (0x00000001) c.nop
core   0: 3 0x800014c4 (0x0001)
core   0: 0x800014c6 (0x0358be33) mulhu   t3, a7, s5
core   0: 3 0x800014c6 (0x0358be33) x28 0xad35411c
core   0: 0x800014ca (0x00008bea) c.mv    s7, s10
core   0: 3 0x800014ca (0x8bea) x23 0x00000000
core   0: 0x800014cc (0x00009156) c.add   sp, s5
core   0: 3 0x800014cc (0x9156) x 2 0xfb5ed4f1
core   0: 0x800014ce (0x0257cdb3) div     s11, a5, t0
core   0: 3 0x800014ce (0x0257cdb3) x27 0xffff1e68
core   0: 0x800014d2 (0x038710b3) mulh    ra, a4, s8
core   0: 3 0x800014d2 (0x038710b3) x 1 0x00000000
core   0: 0x800014d6 (0x000084c5) c.srai  s1, 17
core   0: 3 0x800014d6 (0x84c5) x 9 0xffffffff
core   0: 0x800014d8 (0x00009926) c.add   s2, s1
core   0: 3 0x800014d8 (0x9926) x18 0xffffba58
core   0: 0x800014da (0x024dd133) divu    sp, s11, tp
core   0: 3 0x800014da (0x024dd133) x 2 0x0000000a
core   0: 0x800014de (0x36ce3417) auipc   s0, 0x36ce3
core   0: 3 0x800014de (0x36ce3417) x 8 0xb6ce44de
core   0: 0x800014e2 (0x400c5233) sra     tp, s8, zero
core   0: 3 0x800014e2 (0x400c5233) x 4 0xffc27e3f
core   0: 0x800014e6 (0x021a31b3) mulhu   gp, s4, ra
core   0: 3 0x800014e6 (0x021a31b3) x 3 0x00000000
core   0: 0x800014ea (0xcaf8a393) slti    t2, a7, -849
core   0: 3 0x800014ea (0xcaf8a393) x 7 0x00000001
core   0: 0x800014ee (0x01de7333) and     t1, t3, t4
core   0: 3 0x800014ee (0x01de7333) x 6 0x0421010c
core   0: 0x800014f2 (0x000082b5) c.srli  a3, 13
core   0: 3 0x800014f2 (0x82b5) x13 0x0004eb0a
core   0: 0x800014f4 (0x414e83b3) sub     t2, t4, s4
core   0: 3 0x800014f4 (0x414e83b3) x 7 0x04a13bce
core   0: 0x800014f8 (0x0039d113) srli    sp, s3, 3
core   0: 3 0x800014f8 (0x0039d113) x 2 0x07432a00
core   0: 0x800014fc (0x00740db3) add     s11, s0, t2
core   0: 3 0x800014fc (0x00740db3) x27 0xbb6f80ac
core   0: 0x80001500 (0x010f1d93) slli    s11, t5, 16
core   0: 3 0x80001500 (0x010f1d93) x27 0xb0000000
core   0: 0x80001504 (0x0049db93) srli    s7, s3, 4
core   0: 3 0x80001504 (0x0049db93) x23 0x03a19500
core   0: 0x80001508 (0x00005b7d) c.li    s6, -1
core   0: 3 0x80001508 (0x5b7d) x22 0xffffffff
core   0: 0x8000150a (0x6dddeb13) ori     s6, s11, 1757
core   0: 3 0x8000150a (0x6dddeb13) x22 0xb00006dd
core   0: 0x8000150e (0x03b913b3) mulh    t2, s2, s11
core   0: 3 0x8000150e (0x03b913b3) x 7 0x000015c4
core   0: 0x80001512 (0xd8468013) addi    zero, a3, -636
core   0: 3 0x80001512 (0xd8468013)
core   0: 0x80001516 (0x000086e2) c.mv    a3, s8
core   0: 3 0x80001516 (0x86e2) x13 0xffc27e3f
core   0: 0x80001518 (0x02c95133) divu    sp, s2, a2
core   0: 3 0x80001518 (0x02c95133) x 2 0x00000000
core   0: 0x8000151c (0x41be86b3) sub     a3, t4, s11
core   0: 3 0x8000151c (0x41be86b3) x13 0x54a13bcf
core   0: 0x80001520 (0xeb508493) addi    s1, ra, -331
core   0: 3 0x80001520 (0xeb508493) x 9 0xfffffeb5
core   0: 0x80001524 (0x00000001) c.nop
core   0: 3 0x80001524 (0x0001)
core   0: 0x80001526 (0x000084c9) c.srai  s1, 18
core   0: 3 0x80001526 (0x84c9) x 9 0xffffffff
core   0: 0x80001528 (0x0000717d) c.addi16sp sp, -16
core   0: 3 0x80001528 (0x717d) x 2 0xfffffff0
core   0: 0x8000152a (0x02332033) mulhsu  zero, t1, gp
core   0: 3 0x8000152a (0x02332033)
core   0: 0x8000152e (0x0000976a) c.add   a4, s10
core   0: 3 0x8000152e (0x976a) x14 0x00000000
core   0: 0x80001530 (0x000003aa) c.slli  t2, 10
core   0: 3 0x80001530 (0x03aa) x 7 0x00571000
core   0: 0x80001532 (0x00000d9a) c.slli  s11, 6
core   0: 3 0x80001532 (0x0d9a) x27 0x00000000
core   0: 0x80001534 (0x00008cc2) c.mv    s9, a6
core   0: 3 0x80001534 (0x8cc2) x25 0x00000000
core   0: 0x80001536 (0x00f58f33) add     t5, a1, a5
core   0: 3 0x80001536 (0x00f58f33) x30 0x80000ccc
core   0: 0x8000153a (0x037d94b3) mulh    s1, s11, s7
core   0: 3 0x8000153a (0x037d94b3) x 9 0x00000000
core   0: 0x8000153e (0x00008271) c.srli  a2, 28
core   0: 3 0x8000153e (0x8271) x12 0x0000000f
core   0: 0x80001540 (0x03b147b3) div     a5, sp, s11
core   0: 3 0x80001540 (0x03b147b3) x15 0xffffffff
core   0: 0x80001544 (0x034e64b3) rem     s1, t3, s4
core   0: 3 0x80001544 (0x034e64b3) x 9 0x00000000
core   0: 0x80001548 (0x00008c75) c.and   s0, a3
core   0: 3 0x80001548 (0x8c75) x 8 0x148000ce
core   0: 0x8000154a (0x00006ce1) c.lui   s9, 0x18
core   0: 3 0x8000154a (0x6ce1) x25 0x00018000
core   0: 0x8000154c (0x01e49433) sll     s0, s1, t5
core   0: 3 0x8000154c (0x01e49433) x 8 0x00000000
core   0: 0x80001550 (0x00004989) c.li    s3, 2
core   0: 3 0x80001550 (0x4989) x19 0x00000002
core   0: 0x80001552 (0x0155cb33) xor     s6, a1, s5
core   0: 3 0x80001552 (0x0155cb33) x22 0x7b5e3a55
core   0: 0x80001556 (0x2045bc97) auipc   s9, 0x2045b
core   0: 3 0x80001556 (0x2045bc97) x25 0xa045c556
core   0: 0x8000155a (0xff318813) addi    a6, gp, -13
core   0: 3 0x8000155a (0xff318813) x16 0xfffffff3
core   0: 0x8000155e (0x403a0fb3) sub     t6, s4, gp
core   0: 3 0x8000155e (0x403a0fb3) x31 0x00000001
core   0: 0x80001562 (0x00a1d213) srli    tp, gp, 10
core   0: 3 0x80001562 (0x00a1d213) x 4 0x00000000
core   0: 0x80001566 (0x00001618) c.addi4spn a4, sp, 800
core   0: 3 0x80001566 (0x1618) x14 0x00000310
core   0: 0x80001568 (0x00e09a93) slli    s5, ra, 14
core   0: 3 0x80001568 (0x00e09a93) x21 0x00000000
core   0: 0x8000156c (0x00006119) c.addi16sp sp, 384
core   0: 3 0x8000156c (0x6119) x 2 0x00000170
core   0: 0x8000156e (0x020166b3) rem     a3, sp, zero
core   0: 3 0x8000156e (0x020166b3) x13 0x00000170
core   0: 0x80001572 (0x407e8a33) sub     s4, t4, t2
core   0: 3 0x80001572 (0x407e8a33) x20 0x044a2bcf
core   0: 0x80001576 (0x00008f69) c.and   a4, a0
core   0: 3 0x80001576 (0x8f69) x14 0x00000000
core   0: 0x80001578 (0xe999ea93) ori     s5, s3, -359
core   0: 3 0x80001578 (0xe999ea93) x21 0xfffffe9b
core   0: 0x8000157c (0x02c21a33) mulh    s4, tp, a2
core   0: 3 0x8000157c (0x02c21a33) x20 0x00000000
core   0: 0x80001580 (0x00c110b3) sll     ra, sp, a2
core   0: 3 0x80001580 (0x00c110b3) x 1 0x00b80000
core   0: 0x80001584 (0x00008c65) c.and   s0, s1
core   0: 3 0x80001584 (0x8c65) x 8 0x00000000
core   0: 0x80001586 (0x00000001) c.nop
core   0: 3 0x80001586 (0x0001)
core   0: 0x80001588 (0x01bf1c93) slli    s9, t5, 27
core   0: 3 0x80001588 (0x01bf1c93) x25 0x60000000
core   0: 0x8000158c (0x00009352) c.add   t1, s4
core   0: 3 0x8000158c (0x9352) x 6 0x0421010c
core   0: 0x8000158e (0x00008466) c.mv    s0, s9
core   0: 3 0x8000158e (0x8466) x 8 0x60000000
core   0: 0x80001590 (0x003791b3) sll     gp, a5, gp
core   0: 3 0x80001590 (0x003791b3) x 3 0xffffffff
core   0: 0x80001594 (0x00008e51) c.or    a2, a2
core   0: 3 0x80001594 (0x8e51) x12 0x0000000f
core   0: 0x80001596 (0x03f01233) mulh    tp, zero, t6
core   0: 3 0x80001596 (0x03f01233) x 4 0x00000000
core   0: 0x8000159a (0x03024cb3) div     s9, tp, a6
core   0: 3 0x8000159a (0x03024cb3) x25 0x00000000
core   0: 0x8000159e (0x00001c04) c.addi4spn s1, sp, 560
core   0: 3 0x8000159e (0x1c04) x 9 0x000003a0
core   0: 0x800015a0 (0x00d26eb3) or      t4, tp, a3
core   0: 3 0x800015a0 (0x00d26eb3) x29 0x00000170
core   0: 0x800015a4 (0x0217dcb3) divu    s9, a5, ra
core   0: 3 0x800015a4 (0x0217dcb3) x25 0x00000164
core   0: 0x800015a8 (0x019e21b3) slt     gp, t3, s9
core   0: 3 0x800015a8 (0x019e21b3) x 3 0x00000001
core   0: 0x800015ac (0x0199d933) srl     s2, s3, s9
core   0: 3 0x800015ac (0x0199d933) x18 0x00000000
core   0: 0x800015b0 (0x419a5bb3) sra     s7, s4, s9
core   0: 3 0x800015b0 (0x419a5bb3) x23 0x00000000
core   0: 0x800015b4 (0x03fd3933) mulhu   s2, s10, t6
core   0: 3 0x800015b4 (0x03fd3933) x18 0x00000000
core   0: 0x800015b8 (0xb71ce893) ori     a7, s9, -1167
core   0: 3 0x800015b8 (0xb71ce893) x17 0xfffffb75
core   0: 0x800015bc (0x00008225) c.srli  a2, 9
core   0: 3 0x800015bc (0x8225) x12 0x00000000
core   0: 0x800015be (0x578c4393) xori    t2, s8, 1400
core   0: 3 0x800015be (0x578c4393) x 7 0xffc27b47
core   0: 0x800015c2 (0x03581a33) mulh    s4, a6, s5
core   0: 3 0x800015c2 (0x03581a33) x20 0x00000000
core   0: 0x800015c6 (0x030efab3) remu    s5, t4, a6
core   0: 3 0x800015c6 (0x030efab3) x21 0x00000170
core   0: 0x800015ca (0x001f4cb3) xor     s9, t5, ra
core   0: 3 0x800015ca (0x001f4cb3) x25 0x80b80ccc
core   0: 0x800015ce (0x01fde8b3) or      a7, s11, t6
core   0: 3 0x800015ce (0x01fde8b3) x17 0x00000001
core   0: 0x800015d2 (0x024f6b33) rem     s6, t5, tp
core   0: 3 0x800015d2 (0x024f6b33) x22 0x80000ccc
core   0: 0x800015d6 (0x028e5b33) divu    s6, t3, s0
core   0: 3 0x800015d6 (0x028e5b33) x22 0x00000001
core   0: 0x800015da (0x6e73ef93) ori     t6, t2, 1767
core   0: 3 0x800015da (0x6e73ef93) x31 0xffc27fe7
core   0: 0x800015de (0x0240cf33) div     t5, ra, tp
core   0: 3 0x800015de (0x0240cf33) x30 0xffffffff
core   0: 0x800015e2 (0x00008061) c.srli  s0, 24
core   0: 3 0x800015e2 (0x8061) x 8 0x00000060
core   0: 0x800015e4 (0x00477fb3) and     t6, a4, tp
core   0: 3 0x800015e4 (0x00477fb3) x31 0x00000000
core   0: 0x800015e8 (0x0000612d) c.addi16sp sp, 224
core   0: 3 0x800015e8 (0x612d) x 2 0x00000250
core   0: 0x800015ea (0x006ca0b3) slt     ra, s9, t1
core   0: 3 0x800015ea (0x006ca0b3) x 1 0x00000001
core   0: 0x800015ee (0x623ee993) ori     s3, t4, 1571
core   0: 3 0x800015ee (0x623ee993) x19 0x00000773
core   0: 0x800015f2 (0xcdf52413) slti    s0, a0, -801
core   0: 3 0x800015f2 (0xcdf52413) x 8 0x00000001
core   0: 0x800015f6 (0x007d57b3) srl     a5, s10, t2
core   0: 3 0x800015f6 (0x007d57b3) x15 0x00000000
core   0: 0x800015fa (0x00008ce5) c.and   s1, s1
core   0: 3 0x800015fa (0x8ce5) x 9 0x000003a0
core   0: 0x800015fc (0x91e8fc93) andi    s9, a7, -1762
core   0: 3 0x800015fc (0x91e8fc93) x25 0x00000000
core   0: 0x80001600 (0x00000001) c.nop
core   0: 3 0x80001600 (0x0001)
core   0: 0x80001602 (0x0367b233) mulhu   tp, a5, s6
core   0: 3 0x80001602 (0x0367b233) x 4 0x00000000
core   0: 0x80001606 (0x000090ba) c.add   ra, a4
core   0: 3 0x80001606 (0x90ba) x 1 0x00000001
core   0: 0x80001608 (0x00008851) c.andi  s0, 20
core   0: 3 0x80001608 (0x8851) x 8 0x00000000
core   0: 0x8000160a (0x00855b33) srl     s6, a0, s0
core   0: 3 0x8000160a (0x00855b33) x22 0x80012ce4
core   0: 0x8000160e (0x40a5df33) sra     t5, a1, a0
core   0: 3 0x8000160e (0x40a5df33) x30 0xf8000ee6
core   0: 0x80001612 (0x00004e65) c.li    t3, 25
core   0: 3 0x80001612 (0x4e65) x28 0x00000019
core   0: 0x80001614 (0x0043bcb3) sltu    s9, t2, tp
core   0: 3 0x80001614 (0x0043bcb3) x25 0x00000000
core   0: 0x80001618 (0x00008ea9) c.xor   a3, a0
core   0: 3 0x80001618 (0x8ea9) x13 0x80012d94
core   0: 0x8000161a (0xcd458c93) addi    s9, a1, -812
core   0: 3 0x8000161a (0xcd458c93) x25 0x8000eb38
core   0: 0x8000161e (0x00008c35) c.xor   s0, a3
core   0: 3 0x8000161e (0x8c35) x 8 0x80012d94
core   0: 0x80001620 (0x00008efd) c.and   a3, a5
core   0: 3 0x80001620 (0x8efd) x13 0x00000000
core   0: 0x80001622 (0x00001efd) c.addi  t4, -1
core   0: 3 0x80001622 (0x1efd) x29 0x0000016f
core   0: 0x80001624 (0x017c6333) or      t1, s8, s7
core   0: 3 0x80001624 (0x017c6333) x 6 0xffc27e3f
core   0: 0x80001628 (0x0000820a) c.mv    tp, sp
core   0: 3 0x80001628 (0x820a) x 4 0x00000250
core   0: 0x8000162a (0x41ac8bb3) sub     s7, s9, s10
core   0: 3 0x8000162a (0x41ac8bb3) x23 0x8000eb38
core   0: 0x8000162e (0x02bff433) remu    s0, t6, a1
core   0: 3 0x8000162e (0x02bff433) x 8 0x00000000
core   0: 0x80001632 (0x00009b66) c.add   s6, s9
core   0: 3 0x80001632 (0x9b66) x22 0x0002181c
core   0: 0x80001634 (0x005bacb3) slt     s9, s7, t0
core   0: 3 0x80001634 (0x005bacb3) x25 0x00000001
core   0: 0x80001638 (0x00008e11) c.sub   a2, a2
core   0: 3 0x80001638 (0x8e11) x12 0x00000000
core   0: 0x8000163a (0x01788933) add     s2, a7, s7
core   0: 3 0x8000163a (0x01788933) x18 0x8000eb39
core   0: 0x8000163e (0x037b10b3) mulh    ra, s6, s7
core   0: 3 0x8000163e (0x037b10b3) x 1 0xfffef3f3
core   0: 0x80001642 (0x00000001) c.nop
core   0: 3 0x80001642 (0x0001)
core   0: 0x80001644 (0x00008e95) c.sub   a3, a3
core   0: 3 0x80001644 (0x8e95) x13 0x00000000
core   0: 0x80001646 (0x00511193) slli    gp, sp, 5
core   0: 3 0x80001646 (0x00511193) x 3 0x00004a00
core   0: 0x8000164a (0x0000933a) c.add   t1, a4
core   0: 3 0x8000164a (0x933a) x 6 0xffc27e3f
core   0: 0x8000164c (0x011c4cb3) xor     s9, s8, a7
core   0: 3 0x8000164c (0x011c4cb3) x25 0xffc27e3e
core   0: 0x80001650 (0x0271db33) divu    s6, gp, t2
core   0: 3 0x80001650 (0x0271db33) x22 0x00000000
core   0: 0x80001654 (0x00006ef9) c.lui   t4, 0x1e
core   0: 3 0x80001654 (0x6ef9) x29 0x0001e000
core   0: 0x80001656 (0x00008ead) c.xor   a3, a1
core   0: 3 0x80001656 (0x8ead) x13 0x8000ee64
core   0: 0x80001658 (0x00008ee1) c.and   a3, s0
core   0: 3 0x80001658 (0x8ee1) x13 0x00000000
core   0: 0x8000165a (0x00004d89) c.li    s11, 2
core   0: 3 0x8000165a (0x4d89) x27 0x00000002
core   0: 0x8000165c (0x0000577d) c.li    a4, -1
core   0: 3 0x8000165c (0x577d) x14 0xffffffff
core   0: 0x8000165e (0x0000717d) c.addi16sp sp, -16
core   0: 3 0x8000165e (0x717d) x 2 0x00000240
core   0: 0x80001660 (0x00009ebe) c.add   t4, a5
core   0: 3 0x80001660 (0x9ebe) x29 0x0001e000
core   0: 0x80001662 (0x03cd8e37) lui     t3, 0x3cd8
core   0: 3 0x80001662 (0x03cd8e37) x28 0x03cd8000
core   0: 0x80001666 (0x00008eed) c.and   a3, a1
core   0: 3 0x80001666 (0x8eed) x13 0x00000000
core   0: 0x80001668 (0x0237dab3) divu    s5, a5, gp
core   0: 3 0x80001668 (0x0237dab3) x21 0x00000000
core   0: 0x8000166c (0x00000001) c.nop
core   0: 3 0x8000166c (0x0001)
core   0: 0x8000166e (0xb661e693) ori     a3, gp, -1178
core   0: 3 0x8000166e (0xb661e693) x13 0xfffffb66
core   0: 0x80001672 (0x01bcd413) srli    s0, s9, 27
core   0: 3 0x80001672 (0x01bcd413) x 8 0x0000001f
core   0: 0x80001676 (0x03e75933) divu    s2, a4, t5
core   0: 3 0x80001676 (0x03e75933) x18 0x00000001
core   0: 0x8000167a (0x000048f1) c.li    a7, 28
core   0: 3 0x8000167a (0x48f1) x17 0x0000001c
core   0: 0x8000167c (0x0000860a) c.mv    a2, sp
core   0: 3 0x8000167c (0x860a) x12 0x00000240
core   0: 0x8000167e (0x02c21f33) mulh    t5, tp, a2
core   0: 3 0x8000167e (0x02c21f33) x30 0x00000000
core   0: 0x80001682 (0x028cfb33) remu    s6, s9, s0
core   0: 3 0x80001682 (0x028cfb33) x22 0x00000014
core   0: 0x80001686 (0x013884b3) add     s1, a7, s3
core   0: 3 0x80001686 (0x013884b3) x 9 0x0000078f
core   0: 0x8000168a (0xb2b0a417) auipc   s0, 0xb2b0a
core   0: 3 0x8000168a (0xb2b0a417) x 8 0x32b0b68a
core   0: 0x8000168e (0x0000614d) c.addi16sp sp, 176
core   0: 3 0x8000168e (0x614d) x 2 0x000002f0
core   0: 0x80001690 (0x00a659b3) srl     s3, a2, a0
core   0: 3 0x80001690 (0x00a659b3) x19 0x00000024
core   0: 0x80001694 (0x7ed7b293) sltiu   t0, a5, 2029
core   0: 3 0x80001694 (0x7ed7b293) x 5 0x00000001
core   0: 0x80001698 (0x00000001) c.nop
core   0: 3 0x80001698 (0x0001)
core   0: 0x8000169a (0x02e7fb33) remu    s6, a5, a4
core   0: 3 0x8000169a (0x02e7fb33) x22 0x00000000
core   0: 0x8000169e (0xc6573397) auipc   t2, 0xc6573
core   0: 3 0x8000169e (0xc6573397) x 7 0x4657469e
core   0: 0x800016a2 (0x000080b9) c.srli  s1, 14
core   0: 3 0x800016a2 (0x80b9) x 9 0x00000000
core   0: 0x800016a4 (0x410d0733) sub     a4, s10, a6
core   0: 3 0x800016a4 (0x410d0733) x14 0x0000000d
core   0: 0x800016a8 (0x00008fa9) c.xor   a5, a0
core   0: 3 0x800016a8 (0x8fa9) x15 0x80012ce4
core   0: 0x800016aa (0x01d9aab3) slt     s5, s3, t4
core   0: 3 0x800016aa (0x01d9aab3) x21 0x00000001
core   0: 0x800016ae (0x00000001) c.nop
core   0: 3 0x800016ae (0x0001)
core   0: 0x800016b0 (0x00006f9d) c.lui   t6, 0x7
core   0: 3 0x800016b0 (0x6f9d) x31 0x00007000
core   0: 0x800016b2 (0x0008cab3) xor     s5, a7, zero
core   0: 3 0x800016b2 (0x0008cab3) x21 0x0000001c
core   0: 0x800016b6 (0x00008739) c.srai  a4, 14
core   0: 3 0x800016b6 (0x8739) x14 0x00000000
core   0: 0x800016b8 (0x00008f2d) c.xor   a4, a1
core   0: 3 0x800016b8 (0x8f2d) x14 0x8000ee64
core   0: 0x800016ba (0x39309297) auipc   t0, 0x39309
core   0: 3 0x800016ba (0x39309297) x 5 0xb930a6ba
core   0: 0x800016be (0x03edb1b3) mulhu   gp, s11, t5
core   0: 3 0x800016be (0x03edb1b3) x 3 0x00000000
core   0: 0x800016c2 (0x0000717d) c.addi16sp sp, -16
core   0: 3 0x800016c2 (0x717d) x 2 0x000002e0
core   0: 0x800016c4 (0x0108de93) srli    t4, a7, 16
core   0: 3 0x800016c4 (0x0108de93) x29 0x00000000
core   0: 0x800016c8 (0x01b12733) slt     a4, sp, s11
core   0: 3 0x800016c8 (0x01b12733) x14 0x00000000
core   0: 0x800016cc (0x000008ca) c.slli  a7, 18
core   0: 3 0x800016cc (0x08ca) x17 0x00700000
core   0: 0x800016ce (0x01cf98b3) sll     a7, t6, t3
core   0: 3 0x800016ce (0x01cf98b3) x17 0x00007000
core   0: 0x800016d2 (0x0000717d) c.addi16sp sp, -16
core   0: 3 0x800016d2 (0x717d) x 2 0x000002d0
core   0: 0x800016d4 (0x037ce733) rem     a4, s9, s7
core   0: 3 0x800016d4 (0x037ce733) x14 0xffc27e3e
core   0: 0x800016d8 (0x0198fab3) and     s5, a7, s9
core   0: 3 0x800016d8 (0x0198fab3) x21 0x00007000
core   0: 0x800016dc (0xac40eb93) ori     s7, ra, -1340
core   0: 3 0x800016dc (0xac40eb93) x23 0xfffffbf7
core   0: 0x800016e0 (0x00008769) c.srai  a4, 26
core   0: 3 0x800016e0 (0x8769) x14 0xffffffff
core   0: 0x800016e2 (0x00000001) c.nop
core   0: 3 0x800016e2 (0x0001)
core   0: 0x800016e4 (0x00008f85) c.sub   a5, s1
core   0: 3 0x800016e4 (0x8f85) x15 0x80012ce4
core   0: 0x800016e6 (0x0085adb3) slt     s11, a1, s0
core   0: 3 0x800016e6 (0x0085adb3) x27 0x00000001
core   0: 0x800016ea (0x402e5d13) srai    s10, t3, 2
core   0: 3 0x800016ea (0x402e5d13) x26 0x00f36000
core   0: 0x800016ee (0x00334333) xor     t1, t1, gp
core   0: 3 0x800016ee (0x00334333) x 6 0xffc27e3f
core   0: 0x800016f2 (0x006936b3) sltu    a3, s2, t1
core   0: 3 0x800016f2 (0x006936b3) x13 0x00000001
core   0: 0x800016f6 (0x025a9bb3) mulh    s7, s5, t0
core   0: 3 0x800016f6 (0x025a9bb3) x23 0xffffe105
core   0: 0x800016fa (0x00be1133) sll     sp, t3, a1
core   0: 3 0x800016fa (0x00be1133) x 2 0x3cd80000
core   0: 0x800016fe (0x000083e6) c.mv    t2, s9
core   0: 3 0x800016fe (0x83e6) x 7 0xffc27e3e
core   0: 0x80001700 (0x00810eb3) add     t4, sp, s0
core   0: 3 0x80001700 (0x00810eb3) x29 0x6f88b68a
core   0: 0x80001704 (0x03298bb3) mul     s7, s3, s2
core   0: 3 0x80001704 (0x03298bb3) x23 0x00000024
core   0: 0x80001708 (0x00151fb3) sll     t6, a0, ra
core   0: 3 0x80001708 (0x00151fb3) x31 0x67200000
core   0: 0x8000170c (0xbd12e393) ori     t2, t0, -1071
core   0: 3 0x8000170c (0xbd12e393) x 7 0xfffffffb
core   0: 0x80001710 (0x008cd233) srl     tp, s9, s0
core   0: 3 0x80001710 (0x008cd233) x 4 0x003ff09f
core   0: 0x80001714 (0x00f91133) sll     sp, s2, a5
core   0: 3 0x80001714 (0x00f91133) x 2 0x00000010
core   0: 0x80001718 (0x00000396) c.slli  t2, 5
core   0: 3 0x80001718 (0x0396) x 7 0xffffff60
core   0: 0x8000171a (0x76e3eb13) ori     s6, t2, 1902
core   0: 3 0x8000171a (0x76e3eb13) x22 0xffffff6e
core   0: 0x8000171e (0x2067b713) sltiu   a4, a5, 518
core   0: 3 0x8000171e (0x2067b713) x14 0x00000000
core   0: 0x80001722 (0x03e342b3) div     t0, t1, t5
core   0: 3 0x80001722 (0x03e342b3) x 5 0xffffffff
core   0: 0x80001726 (0x027902b3) mul     t0, s2, t2
core   0: 3 0x80001726 (0x027902b3) x 5 0xffffff60
core   0: 0x8000172a (0x03e49f33) mulh    t5, s1, t5
core   0: 3 0x8000172a (0x03e49f33) x30 0x00000000
core   0: 0x8000172e (0xe702ed93) ori     s11, t0, -400
core   0: 3 0x8000172e (0xe702ed93) x27 0xffffff70
core   0: 0x80001732 (0x031f3933) mulhu   s2, t5, a7
core   0: 3 0x80001732 (0x031f3933) x18 0x00000000
core   0: 0x80001736 (0x00008f55) c.or    a4, a3
core   0: 3 0x80001736 (0x8f55) x14 0x00000001
core   0: 0x80001738 (0x5bc28713) addi    a4, t0, 1468
core   0: 3 0x80001738 (0x5bc28713) x14 0x0000051c
core   0: 0x8000173c (0x0308a7b3) mulhsu  a5, a7, a6
core   0: 3 0x8000173c (0x0308a7b3) x15 0x00006fff
core   0: 0x80001740 (0x46133913) sltiu   s2, t1, 1121
core   0: 3 0x80001740 (0x46133913) x18 0x00000000
core   0: 0x80001744 (0x1cccfd13) andi    s10, s9, 460
core   0: 3 0x80001744 (0x1cccfd13) x26 0x0000000c
core   0: 0x80001748 (0x6baf2313) slti    t1, t5, 1722
core   0: 3 0x80001748 (0x6baf2313) x 6 0x00000001
core   0: 0x8000174c (0x00008fcd) c.or    a5, a1
core   0: 3 0x8000174c (0x8fcd) x15 0x8000efff
core   0: 0x8000174e (0x000098f2) c.add   a7, t3
core   0: 3 0x8000174e (0x98f2) x17 0x03cdf000
core   0: 0x80001750 (0x00835433) srl     s0, t1, s0
core   0: 3 0x80001750 (0x00835433) x 8 0x00000000
core   0: 0x80001754 (0x00008f79) c.and   a4, a4
core   0: 3 0x80001754 (0x8f79) x14 0x0000051c
core   0: 0x80001756 (0x032d8033) mul     zero, s11, s2
core   0: 3 0x80001756 (0x032d8033)
core   0: 0x8000175a (0x002e60b3) or      ra, t3, sp
core   0: 3 0x8000175a (0x002e60b3) x 1 0x03cd8010
core   0: 0x8000175e (0x0000843d) c.srai  s0, 15
core   0: 3 0x8000175e (0x843d) x 8 0x00000000
core   0: 0x80001760 (0xd98d3913) sltiu   s2, s10, -616
core   0: 3 0x80001760 (0xd98d3913) x18 0x00000001
core   0: 0x80001764 (0x01baca33) xor     s4, s5, s11
core   0: 3 0x80001764 (0x01baca33) x20 0xffff8f70
core   0: 0x80001768 (0x1b2c6c93) ori     s9, s8, 434
core   0: 3 0x80001768 (0x1b2c6c93) x25 0xffc27fbf
core   0: 0x8000176c (0x396cfb13) andi    s6, s9, 918
core   0: 3 0x8000176c (0x396cfb13) x22 0x00000396
core   0: 0x80001770 (0x00000001) c.nop
core   0: 3 0x80001770 (0x0001)
core   0: 0x80001772 (0x000088f5) c.andi  s1, 29
core   0: 3 0x80001772 (0x88f5) x 9 0x00000000
core   0: 0x80001774 (0x00f1b133) sltu    sp, gp, a5
core   0: 3 0x80001774 (0x00f1b133) x 2 0x00000001
core   0: 0x80001778 (0x0000547d) c.li    s0, -1
core   0: 3 0x80001778 (0x547d) x 8 0xffffffff
core   0: 0x8000177a (0x035e1a33) mulh    s4, t3, s5
core   0: 3 0x8000177a (0x035e1a33) x20 0x000001a9
core   0: 0x8000177e (0x0117efb3) or      t6, a5, a7
core   0: 3 0x8000177e (0x0117efb3) x31 0x83cdffff
core   0: 0x80001782 (0x01aed333) srl     t1, t4, s10
core   0: 3 0x80001782 (0x01aed333) x 6 0x0006f88b
core   0: 0x80001786 (0x000080b9) c.srli  s1, 14
core   0: 3 0x80001786 (0x80b9) x 9 0x00000000
core   0: 0x80001788 (0x00004fcd) c.li    t6, 19
core   0: 3 0x80001788 (0x4fcd) x31 0x00000013
core   0: 0x8000178a (0xf25362b7) lui     t0, 0xf2536
core   0: 3 0x8000178a (0xf25362b7) x 5 0xf2536000
core   0: 0x8000178e (0x0163fa33) and     s4, t2, s6
core   0: 3 0x8000178e (0x0163fa33) x20 0x00000300
core   0: 0x80001792 (0x00009b42) c.add   s6, a6
core   0: 3 0x80001792 (0x9b42) x22 0x00000389
core   0: 0x80001794 (0x8f8ca193) slti    gp, s9, -1800
core   0: 3 0x80001794 (0x8f8ca193) x 3 0x00000001
core   0: 0x80001798 (0x418608b3) sub     a7, a2, s8
core   0: 3 0x80001798 (0x418608b3) x17 0x003d8401
core   0: 0x8000179c (0x009859b3) srl     s3, a6, s1
core   0: 3 0x8000179c (0x009859b3) x19 0xfffffff3
core   0: 0x800017a0 (0x00000001) c.nop
core   0: 3 0x800017a0 (0x0001)
core   0: 0x800017a2 (0x00008ec1) c.or    a3, s0
core   0: 3 0x800017a2 (0x8ec1) x13 0xffffffff
core   0: 0x800017a4 (0x01cad413) srli    s0, s5, 28
core   0: 3 0x800017a4 (0x01cad413) x 8 0x00000000
core   0: 0x800017a8 (0x18050193) addi    gp, a0, 384
core   0: 3 0x800017a8 (0x18050193) x 3 0x80012e64
core   0: 0x800017ac (0x00b85413) srli    s0, a6, 11
core   0: 3 0x800017ac (0x00b85413) x 8 0x001fffff
core   0: 0x800017b0 (0x01206e33) or      t3, zero, s2
core   0: 3 0x800017b0 (0x01206e33) x28 0x00000001
core   0: 0x800017b4 (0x0917a937) lui     s2, 0x917a
core   0: 3 0x800017b4 (0x0917a937) x18 0x0917a000
core   0: 0x800017b8 (0x0340bab3) mulhu   s5, ra, s4
core   0: 3 0x800017b8 (0x0340bab3) x21 0x0000000b
core   0: 0x800017bc (0x017087b3) add     a5, ra, s7
core   0: 3 0x800017bc (0x017087b3) x15 0x03cd8034
core   0: 0x800017c0 (0x00008029) c.srli  s0, 10
core   0: 3 0x800017c0 (0x8029) x 8 0x000007ff
core   0: 0x800017c2 (0x00008721) c.srai  a4, 8
core   0: 3 0x800017c2 (0x8721) x14 0x00000005
core   0: 0x800017c4 (0x00d909b3) add     s3, s2, a3
core   0: 3 0x800017c4 (0x00d909b3) x19 0x09179fff
core   0: 0x800017c8 (0x000014fd) c.addi  s1, -1
core   0: 3 0x800017c8 (0x14fd) x 9 0xffffffff
core   0: 0x800017ca (0x6ed14097) auipc   ra, 0x6ed14
core   0: 3 0x800017ca (0x6ed14097) x 1 0xeed157ca
core   0: 0x800017ce (0x00008ea9) c.xor   a3, a0
core   0: 3 0x800017ce (0x8ea9) x13 0x7ffed31b
core   0: 0x800017d0 (0x00000f00) c.addi4spn s0, sp, 912
core   0: 3 0x800017d0 (0x0f00) x 8 0x00000391
core   0: 0x800017d2 (0x41360e33) sub     t3, a2, s3
core   0: 3 0x800017d2 (0x41360e33) x28 0xf6e86241
core   0: 0x800017d6 (0xd5e56913) ori     s2, a0, -674
core   0: 3 0x800017d6 (0xd5e56913) x18 0xfffffdfe
core   0: 0x800017da (0x00006ae5) c.lui   s5, 0x19
core   0: 3 0x800017da (0x6ae5) x21 0x00019000
core   0: 0x800017dc (0x009a6db3) or      s11, s4, s1
core   0: 3 0x800017dc (0x009a6db3) x27 0xffffffff
core   0: 0x800017e0 (0x13848213) addi    tp, s1, 312
core   0: 3 0x800017e0 (0x13848213) x 4 0x00000137
core   0: 0x800017e4 (0x00006149) c.addi16sp sp, 144
core   0: 3 0x800017e4 (0x6149) x 2 0x00000091
core   0: 0x800017e6 (0x027dd1b3) divu    gp, s11, t2
core   0: 3 0x800017e6 (0x027dd1b3) x 3 0x00000001
core   0: 0x800017ea (0x00000001) c.nop
core   0: 3 0x800017ea (0x0001)
core   0: 0x800017ec (0x01d2aab3) slt     s5, t0, t4
core   0: 3 0x800017ec (0x01d2aab3) x21 0x00000001
core   0: 0x800017f0 (0xeccc2993) slti    s3, s8, -308
core   0: 3 0x800017f0 (0xeccc2993) x19 0x00000001
core   0: 0x800017f4 (0x018f0d33) add     s10, t5, s8
core   0: 3 0x800017f4 (0x018f0d33) x26 0xffc27e3f
core   0: 0x800017f8 (0x03bd2033) mulhsu  zero, s10, s11
core   0: 3 0x800017f8 (0x03bd2033)
core   0: 0x800017fc (0x00008c3d) c.xor   s0, a5
core   0: 3 0x800017fc (0x8c3d) x 8 0x03cd83a5
core   0: 0x800017fe (0x03a29f33) mulh    t5, t0, s10
core   0: 3 0x800017fe (0x03a29f33) x30 0x00034910
core   0: 0x80001802 (0x00000001) c.nop
core   0: 3 0x80001802 (0x0001)
core   0: 0x80001804 (0x0113e3b3) or      t2, t2, a7
core   0: 3 0x80001804 (0x0113e3b3) x 7 0xffffff61
core   0: 0x80001808 (0x0211bfb3) mulhu   t6, gp, ra
core   0: 3 0x80001808 (0x0211bfb3) x31 0x00000000
core   0: 0x8000180c (0x02c40733) mul     a4, s0, a2
core   0: 3 0x8000180c (0x02c40733) x14 0x8e683340
core   0: 0x80001810 (0x0000987d) c.andi  s0, -1
core   0: 3 0x80001810 (0x987d) x 8 0x03cd83a5
core   0: 0x80001812 (0x03cc7b33) remu    s6, s8, t3
core   0: 3 0x80001812 (0x03cc7b33) x22 0x08da1bfe
core   0: 0x80001816 (0x03ece1b3) rem     gp, s9, t5
core   0: 3 0x80001816 (0x03ece1b3) x 3 0xfffda2df
core   0: 0x8000181a (0x00009122) c.add   sp, s0
core   0: 3 0x8000181a (0x9122) x 2 0x03cd8436
core   0: 0x8000181c (0x4807c417) auipc   s0, 0x4807c
core   0: 3 0x8000181c (0x4807c417) x 8 0xc807d81c
core   0: 0x80001820 (0x00008f89) c.sub   a5, a0
core   0: 3 0x80001820 (0x8f89) x15 0x83cc5350
core   0: 0x80001822 (0x01d91e33) sll     t3, s2, t4
core   0: 3 0x80001822 (0x01d91e33) x28 0xfff7f800
core   0: 0x80001826 (0x00004885) c.li    a7, 1
core   0: 3 0x80001826 (0x4885) x17 0x00000001
core   0: 0x80001828 (0x02631b33) mulh    s6, t1, t1
core   0: 3 0x80001828 (0x02631b33) x22 0x00000030
core   0: 0x8000182c (0x00004e41) c.li    t3, 16
core   0: 3 0x8000182c (0x4e41) x28 0x00000010
core   0: 0x8000182e (0x00008bcd) c.andi  a5, 19
core   0: 3 0x8000182e (0x8bcd) x15 0x00000010
core   0: 0x80001830 (0x00000110) c.addi4spn a2, sp, 128
core   0: 3 0x80001830 (0x0110) x12 0x03cd84b6
core   0: 0x80001832 (0x00a85713) srli    a4, a6, 10
core   0: 3 0x80001832 (0x00a85713) x14 0x003fffff
core   0: 0x80001836 (0x41ebdd33) sra     s10, s7, t5
core   0: 3 0x80001836 (0x41ebdd33) x26 0x00000000
core   0: 0x8000183a (0x41ecdf13) srai    t5, s9, 30
core   0: 3 0x8000183a (0x41ecdf13) x30 0xffffffff
core   0: 0x8000183e (0x01d23433) sltu    s0, tp, t4
core   0: 3 0x8000183e (0x01d23433) x 8 0x00000001
core   0: 0x80001842 (0x00db2fb3) slt     t6, s6, a3
core   0: 3 0x80001842 (0x00db2fb3) x31 0x00000001
core   0: 0x80001846 (0x00008e19) c.sub   a2, a4
core   0: 3 0x80001846 (0x8e19) x12 0x038d84b7
core   0: 0x80001848 (0x00329e33) sll     t3, t0, gp
core   0: 3 0x80001848 (0x00329e33) x28 0x00000000
core   0: 0x8000184c (0x0000941e) c.add   s0, t2
core   0: 3 0x8000184c (0x941e) x 8 0xffffff62
core   0: 0x8000184e (0x00008fa5) c.xor   a5, s1
core   0: 3 0x8000184e (0x8fa5) x15 0xffffffef
core   0: 0x80001850 (0x415f5893) srai    a7, t5, 21
core   0: 3 0x80001850 (0x415f5893) x17 0xffffffff
core   0: 0x80001854 (0x0000717d) c.addi16sp sp, -16
core   0: 3 0x80001854 (0x717d) x 2 0x03cd8426
core   0: 0x80001856 (0x53ed2093) slti    ra, s10, 1342
core   0: 3 0x80001856 (0x53ed2093) x 1 0x00000001
core   0: 0x8000185a (0x0371b8b3) mulhu   a7, gp, s7
core   0: 3 0x8000185a (0x0371b8b3) x17 0x00000023
core   0: 0x8000185e (0x00009b7d) c.andi  a4, -1
core   0: 3 0x8000185e (0x9b7d) x14 0x003fffff
core   0: 0x80001860 (0xfff00313) li      t1, -1
core   0: 3 0x80001860 (0xfff00313) x 6 0xffffffff
core   0: 0x80001864 (0x80000f37) lui     t5, 0x80000
core   0: 3 0x80001864 (0x80000f37) x30 0x80000000
core   0: 0x80001868 (0x82cd08b7) lui     a7, 0x82cd0
core   0: 3 0x80001868 (0x82cd08b7) x17 0x82cd0000
core   0: 0x8000186c (0x0d188893) addi    a7, a7, 209
core   0: 3 0x8000186c (0x0d188893) x17 0x82cd00d1
core   0: 0x80001870 (0x80000eb7) lui     t4, 0x80000
core   0: 3 0x80001870 (0x80000eb7) x29 0x80000000
core   0: 0x80001874 (0x8848f237) lui     tp, 0x8848f
core   0: 3 0x80001874 (0x8848f237) x 4 0x8848f000
core   0: 0x80001878 (0xae220213) addi    tp, tp, -1310
core   0: 3 0x80001878 (0xae220213) x 4 0x8848eae2
core   0: 0x8000187c (0x5f93db37) lui     s6, 0x5f93d
core   0: 3 0x8000187c (0x5f93db37) x22 0x5f93d000
core   0: 0x80001880 (0xe9fb0b13) addi    s6, s6, -353
core   0: 3 0x80001880 (0xe9fb0b13) x22 0x5f93ce9f
core   0: 0x80001884 (0xe152adb7) lui     s11, 0xe152a
core   0: 3 0x80001884 (0xe152adb7) x27 0xe152a000
core   0: 0x80001888 (0xba9d8d93) addi    s11, s11, -1111
core   0: 3 0x80001888 (0xba9d8d93) x27 0xe1529ba9
core   0: 0x8000188c (0x3bb064b7) lui     s1, 0x3bb06
core   0: 3 0x8000188c (0x3bb064b7) x 9 0x3bb06000
core   0: 0x80001890 (0x10748493) addi    s1, s1, 263
core   0: 3 0x80001890 (0x10748493) x 9 0x3bb06107
core   0: 0x80001894 (0xfff00113) li      sp, -1
core   0: 3 0x80001894 (0xfff00113) x 2 0xffffffff
core   0: 0x80001898 (0xfff00613) li      a2, -1
core   0: 3 0x80001898 (0xfff00613) x12 0xffffffff
core   0: 0x8000189c (0x41dd8eb3) sub     t4, s11, t4
core   0: 3 0x8000189c (0x41dd8eb3) x29 0x61529ba9
core   0: 0x800018a0 (0x03b8aeb3) mulhsu  t4, a7, s11
core   0: 3 0x800018a0 (0x03b8aeb3) x29 0x91cdc741
core   0: 0x800018a4 (0xf7348e93) addi    t4, s1, -141
core   0: 3 0x800018a4 (0xf7348e93) x29 0x3bb0607a
core   0: 0x800018a8 (0x19fe5b17) auipc   s6, 0x19fe5
core   0: 3 0x800018a8 (0x19fe5b17) x22 0x99fe68a8
core   0: 0x800018ac (0x026f5eb3) divu    t4, t5, t1
core   0: 3 0x800018ac (0x026f5eb3) x29 0x00000000
core   0: 0x800018b0 (0x03d48eb3) mul     t4, s1, t4
core   0: 3 0x800018b0 (0x03d48eb3) x29 0x00000000
core   0: 0x800018b4 (0x03114f33) div     t5, sp, a7
core   0: 3 0x800018b4 (0x03114f33) x30 0x00000000
core   0: 0x800018b8 (0x03dee633) rem     a2, t4, t4
core   0: 3 0x800018b8 (0x03dee633) x12 0x00000000
core   0: 0x800018bc (0x3d530d93) addi    s11, t1, 981
core   0: 3 0x800018bc (0x3d530d93) x27 0x000003d4
core   0: 0x800018c0 (0x0248c233) div     tp, a7, tp
core   0: 3 0x800018c0 (0x0248c233) x 4 0x00000001
core   0: 0x800018c4 (0x03deedb3) rem     s11, t4, t4
core   0: 3 0x800018c4 (0x03deedb3) x27 0x00000000
core   0: 0x800018c8 (0x02cdf4b3) remu    s1, s11, a2
core   0: 3 0x800018c8 (0x02cdf4b3) x 9 0x00000000
core   0: 0x800018cc (0x4f4d8613) addi    a2, s11, 1268
core   0: 3 0x800018cc (0x4f4d8613) x12 0x000004f4
core   0: 0x800018d0 (0x00cf0eb3) add     t4, t5, a2
core   0: 3 0x800018d0 (0x00cf0eb3) x29 0x000004f4
core   0: 0x800018d4 (0xcff48313) addi    t1, s1, -769
core   0: 3 0x800018d4 (0xcff48313) x 6 0xfffffcff
core   0: 0x800018d8 (0x03e4c8b3) div     a7, s1, t5
core   0: 3 0x800018d8 (0x03e4c8b3) x17 0xffffffff
core   0: 0x800018dc (0x41ed8b33) sub     s6, s11, t5
core   0: 3 0x800018dc (0x41ed8b33) x22 0x00000000
core   0: 0x800018e0 (0xcb6868b7) lui     a7, 0xcb686
core   0: 3 0x800018e0 (0xcb6868b7) x17 0xcb686000
core   0: 0x800018e4 (0x00000001) c.nop
core   0: 3 0x800018e4 (0x0001)
core   0: 0x800018e6 (0x03e65b33) divu    s6, a2, t5
core   0: 3 0x800018e6 (0x03e65b33) x22 0xffffffff
core   0: 0x800018ea (0x03d62eb3) mulhsu  t4, a2, t4
core   0: 3 0x800018ea (0x03d62eb3) x29 0x00000000
core   0: 0x800018ee (0x94b9cb13) xori    s6, s3, -1717
core   0: 3 0x800018ee (0x94b9cb13) x22 0xfffff94a
core   0: 0x800018f2 (0x00001884) c.addi4spn s1, sp, 112
core   0: 3 0x800018f2 (0x1884) x 9 0x0000006f
core   0: 0x800018f4 (0x030a3fb3) mulhu   t6, s4, a6
core   0: 3 0x800018f4 (0x030a3fb3) x31 0x000002ff
core   0: 0x800018f8 (0x00008f01) c.sub   a4, s0
core   0: 3 0x800018f8 (0x8f01) x14 0x0040009d
core   0: 0x800018fa (0x50f4fb17) auipc   s6, 0x50f4f
core   0: 3 0x800018fa (0x50f4fb17) x22 0xd0f508fa
core   0: 0x800018fe (0x003accb3) xor     s9, s5, gp
core   0: 3 0x800018fe (0x003accb3) x25 0xfffda2de
core   0: 0x80001902 (0x00001a7d) c.addi  s4, -1
core   0: 3 0x80001902 (0x1a7d) x20 0x000002ff
core   0: 0x80001904 (0x038cdab3) divu    s5, s9, s8
core   0: 3 0x80001904 (0x038cdab3) x21 0x00000001
core   0: 0x80001908 (0x40430333) sub     t1, t1, tp
core   0: 3 0x80001908 (0x40430333) x 6 0xfffffcfe
core   0: 0x8000190c (0x01551213) slli    tp, a0, 21
core   0: 3 0x8000190c (0x01551213) x 4 0x9c800000
core   0: 0x80001910 (0x0000822e) c.mv    tp, a1
core   0: 3 0x80001910 (0x822e) x 4 0x8000ee64
core   0: 0x80001912 (0x0000117d) c.addi  sp, -1
core   0: 3 0x80001912 (0x117d) x 2 0xfffffffe
core   0: 0x80001914 (0x0229bb33) mulhu   s6, s3, sp
core   0: 3 0x80001914 (0x0229bb33) x22 0x00000000
core   0: 0x80001918 (0x02924eb3) div     t4, tp, s1
core   0: 3 0x80001918 (0x02924eb3) x29 0xfed8cd1b
core   0: 0x8000191c (0x0085e733) or      a4, a1, s0
core   0: 3 0x8000191c (0x0085e733) x14 0xffffff66
core   0: 0x80001920 (0x00006141) c.addi16sp sp, 16
core   0: 3 0x80001920 (0x6141) x 2 0x0000000e
core   0: 0x80001922 (0x03f35833) divu    a6, t1, t6
core   0: 3 0x80001922 (0x03f35833) x16 0x005571cf
core   0: 0x80001926 (0x41e6d113) srai    sp, a3, 30
core   0: 3 0x80001926 (0x41e6d113) x 2 0x00000001
core   0: 0x8000192a (0x3580bd13) sltiu   s10, ra, 856
core   0: 3 0x8000192a (0x3580bd13) x26 0x00000001
core   0: 0x8000192e (0xb9faba13) sltiu   s4, s5, -1121
core   0: 3 0x8000192e (0xb9faba13) x20 0x00000001
core   0: 0x80001932 (0x405b8733) sub     a4, s7, t0
core   0: 3 0x80001932 (0x405b8733) x14 0x0daca024
core   0: 0x80001936 (0x00a26fb3) or      t6, tp, a0
core   0: 3 0x80001936 (0x00a26fb3) x31 0x8001eee4
core   0: 0x8000193a (0x0000717d) c.addi16sp sp, -16
core   0: 3 0x8000193a (0x717d) x 2 0xfffffff1
core   0: 0x8000193c (0xe75b4413) xori    s0, s6, -395
core   0: 3 0x8000193c (0xe75b4413) x 8 0xfffffe75
core   0: 0x80001940 (0x00008349) c.srli  a4, 18
core   0: 3 0x80001940 (0x8349) x14 0x0000036b
core   0: 0x80001942 (0x00008ea1) c.xor   a3, s0
core   0: 3 0x80001942 (0x8ea1) x13 0x80012d6e
core   0: 0x80001944 (0x00008469) c.srai  s0, 26
core   0: 3 0x80001944 (0x8469) x 8 0xffffffff
core   0: 0x80001946 (0xda65b113) sltiu   sp, a1, -602
core   0: 3 0x80001946 (0xda65b113) x 2 0x00000001
core   0: 0x8000194a (0x418e0833) sub     a6, t3, s8
core   0: 3 0x8000194a (0x418e0833) x16 0x003d81c1
core   0: 0x8000194e (0x00c74db3) xor     s11, a4, a2
core   0: 3 0x8000194e (0x00c74db3) x27 0x0000079f
core   0: 0x80001952 (0x0000612d) c.addi16sp sp, 224
core   0: 3 0x80001952 (0x612d) x 2 0x000000e1
core   0: 0x80001954 (0x000098fd) c.andi  s1, -1
core   0: 3 0x80001954 (0x98fd) x 9 0x0000006f
core   0: 0x80001956 (0x00000001) c.nop
core   0: 3 0x80001956 (0x0001)
core   0: 0x80001958 (0x00008c09) c.sub   s0, a0
core   0: 3 0x80001958 (0x8c09) x 8 0x7ffed31b
core   0: 0x8000195a (0x6b486e93) ori     t4, a6, 1716
core   0: 3 0x8000195a (0x6b486e93) x29 0x003d87f5
core   0: 0x8000195e (0x00916b33) or      s6, sp, s1
core   0: 3 0x8000195e (0x00916b33) x22 0x000000ef
core   0: 0x80001962 (0x0075f9b3) and     s3, a1, t2
core   0: 3 0x80001962 (0x0075f9b3) x19 0x8000ee60
core   0: 0x80001966 (0x40ccd093) srai    ra, s9, 12
core   0: 3 0x80001966 (0x40ccd093) x 1 0xffffffda
core   0: 0x8000196a (0x00bbd793) srli    a5, s7, 11
core   0: 3 0x8000196a (0x00bbd793) x15 0x00000000
core   0: 0x8000196e (0xabb28093) addi    ra, t0, -1349
core   0: 3 0x8000196e (0xabb28093) x 1 0xf2535abb
core   0: 0x80001972 (0x4142d313) srai    t1, t0, 20
core   0: 3 0x80001972 (0x4142d313) x 6 0xffffff25
core   0: 0x80001976 (0x08f260b7) lui     ra, 0x8f26
core   0: 3 0x80001976 (0x08f260b7) x 1 0x08f26000
core   0: 0x8000197a (0x5f508093) addi    ra, ra, 1525
core   0: 3 0x8000197a (0x5f508093) x 1 0x08f265f5
core   0: 0x8000197e (0x80000837) lui     a6, 0x80000
core   0: 3 0x8000197e (0x80000837) x16 0x80000000
core   0: 0x80001982 (0x00004481) c.li    s1, 0
core   0: 3 0x80001982 (0x4481) x 9 0x00000000
core   0: 0x80001984 (0xfff00993) li      s3, -1
core   0: 3 0x80001984 (0xfff00993) x19 0xffffffff
core   0: 0x80001988 (0x00004281) c.li    t0, 0
core   0: 3 0x80001988 (0x4281) x 5 0x00000000
core   0: 0x8000198a (0x2faaaeb7) lui     t4, 0x2faaa
core   0: 3 0x8000198a (0x2faaaeb7) x29 0x2faaa000
core   0: 0x8000198e (0xe6fe8e93) addi    t4, t4, -401
core   0: 3 0x8000198e (0xe6fe8e93) x29 0x2faa9e6f
core   0: 0x80001992 (0x80000337) lui     t1, 0x80000
core   0: 3 0x80001992 (0x80000337) x 6 0x80000000
core   0: 0x80001996 (0x5d7b6637) lui     a2, 0x5d7b6
core   0: 3 0x80001996 (0x5d7b6637) x12 0x5d7b6000
core   0: 0x8000199a (0x3f060613) addi    a2, a2, 1008
core   0: 3 0x8000199a (0x3f060613) x12 0x5d7b63f0
core   0: 0x8000199e (0x00004b01) c.li    s6, 0
core   0: 3 0x8000199e (0x4b01) x22 0x00000000
core   0: 0x800019a0 (0x80000137) lui     sp, 0x80000
core   0: 3 0x800019a0 (0x80000137) x 2 0x80000000
core   0: 0x800019a4 (0x41d10633) sub     a2, sp, t4
core   0: 3 0x800019a4 (0x41d10633) x12 0x50556191
core   0: 0x800019a8 (0x025109b3) mul     s3, sp, t0
core   0: 3 0x800019a8 (0x025109b3) x19 0x00000000
core   0: 0x800019ac (0x036e84b3) mul     s1, t4, s6
core   0: 3 0x800019ac (0x036e84b3) x 9 0x00000000
core   0: 0x800019b0 (0x0250d833) divu    a6, ra, t0
core   0: 3 0x800019b0 (0x0250d833) x16 0xffffffff
core   0: 0x800019b4 (0xfe880993) addi    s3, a6, -24
core   0: 3 0x800019b4 (0xfe880993) x19 0xffffffe7
core   0: 0x800019b8 (0x0339e4b3) rem     s1, s3, s3
core   0: 3 0x800019b8 (0x0339e4b3) x 9 0x00000000
core   0: 0x800019bc (0x02c282b3) mul     t0, t0, a2
core   0: 3 0x800019bc (0x02c282b3) x 5 0x00000000
core   0: 0x800019c0 (0x02cb42b3) div     t0, s6, a2
core   0: 3 0x800019c0 (0x02cb42b3) x 5 0x00000000
core   0: 0x800019c4 (0x00000001) c.nop
core   0: 3 0x800019c4 (0x0001)
core   0: 0x800019c6 (0x02560b33) mul     s6, a2, t0
core   0: 3 0x800019c6 (0x02560b33) x22 0x00000000
core   0: 0x800019ca (0x033829b3) mulhsu  s3, a6, s3
core   0: 3 0x800019ca (0x033829b3) x19 0xffffffff
core   0: 0x800019ce (0x00000001) c.nop
core   0: 3 0x800019ce (0x0001)
core   0: 0x800019d0 (0x00180eb3) add     t4, a6, ra
core   0: 3 0x800019d0 (0x00180eb3) x29 0x08f265f4
core   0: 0x800019d4 (0x00000001) c.nop
core   0: 3 0x800019d4 (0x0001)
core   0: 0x800019d6 (0x0300b4b3) mulhu   s1, ra, a6
core   0: 3 0x800019d6 (0x0300b4b3) x 9 0x08f265f4
core   0: 0x800019da (0x481db317) auipc   t1, 0x481db
core   0: 3 0x800019da (0x481db317) x 6 0xc81dc9da
core   0: 0x800019de (0x40930b33) sub     s6, t1, s1
core   0: 3 0x800019de (0x40930b33) x22 0xbf2b63e6
core   0: 0x800019e2 (0x40460333) sub     t1, a2, tp
core   0: 3 0x800019e2 (0x40460333) x 6 0xd054732d
core   0: 0x800019e6 (0x00006149) c.addi16sp sp, 144
core   0: 3 0x800019e6 (0x6149) x 2 0x80000090
core   0: 0x800019e8 (0x4e9ba993) slti    s3, s7, 1257
core   0: 3 0x800019e8 (0x4e9ba993) x19 0x00000001
core   0: 0x800019ec (0x00006e71) c.lui   t3, 0x1c
core   0: 3 0x800019ec (0x6e71) x28 0x0001c000
core   0: 0x800019ee (0x416c8e33) sub     t3, s9, s6
core   0: 3 0x800019ee (0x416c8e33) x28 0x40d23ef8
core   0: 0x800019f2 (0x07ada313) slti    t1, s11, 122
core   0: 3 0x800019f2 (0x07ada313) x 6 0x00000000
core   0: 0x800019f6 (0x01bd9cb3) sll     s9, s11, s11
core   0: 3 0x800019f6 (0x01bd9cb3) x25 0x80000000
core   0: 0x800019fa (0x02d5fb33) remu    s6, a1, a3
core   0: 3 0x800019fa (0x02d5fb33) x22 0x8000ee64
core   0: 0x800019fe (0x00008f91) c.sub   a5, a2
core   0: 3 0x800019fe (0x8f91) x15 0xafaa9e6f
core   0: 0x80001a00 (0x01b61233) sll     tp, a2, s11
core   0: 3 0x80001a00 (0x01b61233) x 4 0x80000000
core   0: 0x80001a04 (0x02b97e33) remu    t3, s2, a1
core   0: 3 0x80001a04 (0x02b97e33) x28 0x7fff0f9a
core   0: 0x80001a08 (0x029296b3) mulh    a3, t0, s1
core   0: 3 0x80001a08 (0x029296b3) x13 0x00000000
core   0: 0x80001a0c (0x000061c1) c.lui   gp, 0x10
core   0: 3 0x80001a0c (0x61c1) x 3 0x00010000
core   0: 0x80001a0e (0x014b1433) sll     s0, s6, s4
core   0: 3 0x80001a0e (0x014b1433) x 8 0x0001dcc8
core   0: 0x80001a12 (0x0000127d) c.addi  tp, -1
core   0: 3 0x80001a12 (0x127d) x 4 0x7fffffff
core   0: 0x80001a14 (0x00008ba9) c.andi  a5, 10
core   0: 3 0x80001a14 (0x8ba9) x15 0x0000000a
core   0: 0x80001a16 (0x405c02b3) sub     t0, s8, t0
core   0: 3 0x80001a16 (0x405c02b3) x 5 0xffc27e3f
core   0: 0x80001a1a (0xa317a293) slti    t0, a5, -1487
core   0: 3 0x80001a1a (0xa317a293) x 5 0x00000000
core   0: 0x80001a1e (0x00008196) c.mv    gp, t0
core   0: 3 0x80001a1e (0x8196) x 3 0x00000000
core   0: 0x80001a20 (0x00289413) slli    s0, a7, 2
core   0: 3 0x80001a20 (0x00289413) x 8 0x2da18000
core   0: 0x80001a24 (0x00008fa5) c.xor   a5, s1
core   0: 3 0x80001a24 (0x8fa5) x15 0x08f265fe
core   0: 0x80001a26 (0x412486b3) sub     a3, s1, s2
core   0: 3 0x80001a26 (0x412486b3) x13 0x08f267f6
core   0: 0x80001a2a (0x0457c413) xori    s0, a5, 69
core   0: 3 0x80001a2a (0x0457c413) x 8 0x08f265bb
core   0: 0x80001a2e (0x00285bb3) srl     s7, a6, sp
core   0: 3 0x80001a2e (0x00285bb3) x23 0x0000ffff
core   0: 0x80001a32 (0x0326be33) mulhu   t3, a3, s2
core   0: 3 0x80001a32 (0x0326be33) x28 0x08f267e4
core   0: 0x80001a36 (0x00008f4d) c.or    a4, a1
core   0: 3 0x80001a36 (0x8f4d) x14 0x8000ef6f
core   0: 0x80001a38 (0x00005afd) c.li    s5, -1
core   0: 3 0x80001a38 (0x5afd) x21 0xffffffff
core   0: 0x80001a3a (0x38d68413) addi    s0, a3, 909
core   0: 3 0x80001a3a (0x38d68413) x 8 0x08f26b83
core   0: 0x80001a3e (0x00008f05) c.sub   a4, s1
core   0: 3 0x80001a3e (0x8f05) x14 0x770e897b
core   0: 0x80001a40 (0x00000001) c.nop
core   0: 3 0x80001a40 (0x0001)
core   0: 0x80001a42 (0x2dc60093) addi    ra, a2, 732
core   0: 3 0x80001a42 (0x2dc60093) x 1 0x5055646d
core   0: 0x80001a46 (0x029c5633) divu    a2, s8, s1
core   0: 3 0x80001a46 (0x029c5633) x12 0x0000001c
core   0: 0x80001a4a (0x00008eb9) c.xor   a3, a4
core   0: 3 0x80001a4a (0x8eb9) x13 0x7ffcee8d
core   0: 0x80001a4c (0x02817bb3) remu    s7, sp, s0
core   0: 3 0x80001a4c (0x02817bb3) x23 0x02be1f66
core   0: 0x80001a50 (0x41995eb3) sra     t4, s2, s9
core   0: 3 0x80001a50 (0x41995eb3) x29 0xfffffdfe
core   0: 0x80001a54 (0x00000d1c) c.addi4spn a5, sp, 656
core   0: 3 0x80001a54 (0x0d1c) x15 0x80000320
core   0: 0x80001a56 (0xd882b793) sltiu   a5, t0, -632
core   0: 3 0x80001a56 (0xd882b793) x15 0x00000001
core   0: 0x80001a5a (0x00008bc9) c.andi  a5, 18
core   0: 3 0x80001a5a (0x8bc9) x15 0x00000000
core   0: 0x80001a5c (0x000062cd) c.lui   t0, 0x13
core   0: 3 0x80001a5c (0x62cd) x 5 0x00013000
core   0: 0x80001a5e (0x00217db3) and     s11, sp, sp
core   0: 3 0x80001a5e (0x00217db3) x27 0x80000090
core   0: 0x80001a62 (0x034106b3) mul     a3, sp, s4
core   0: 3 0x80001a62 (0x034106b3) x13 0x80000090
core   0: 0x80001a66 (0x00157933) and     s2, a0, ra
core   0: 3 0x80001a66 (0x00157933) x18 0x00012464
core   0: 0x80001a6a (0x01b78fb3) add     t6, a5, s11
core   0: 3 0x80001a6a (0x01b78fb3) x31 0x80000090
core   0: 0x80001a6e (0x02daf633) remu    a2, s5, a3
core   0: 3 0x80001a6e (0x02daf633) x12 0x7fffff6f
core   0: 0x80001a72 (0x0231ecb3) rem     s9, gp, gp
core   0: 3 0x80001a72 (0x0231ecb3) x25 0x00000000
core   0: 0x80001a76 (0x006f0733) add     a4, t5, t1
core   0: 3 0x80001a76 (0x006f0733) x14 0x00000000
core   0: 0x80001a7a (0x00008edd) c.or    a3, a5
core   0: 3 0x80001a7a (0x8edd) x13 0x80000090
core   0: 0x80001a7c (0x01adc2b3) xor     t0, s11, s10
core   0: 3 0x80001a7c (0x01adc2b3) x 5 0x80000091
core   0: 0x80001a80 (0x010dd893) srli    a7, s11, 16
core   0: 3 0x80001a80 (0x010dd893) x17 0x00008000
core   0: 0x80001a84 (0x007cd993) srli    s3, s9, 7
core   0: 3 0x80001a84 (0x007cd993) x19 0x00000000
core   0: 0x80001a88 (0x00751a93) slli    s5, a0, 7
core   0: 3 0x80001a88 (0x00751a93) x21 0x00967200
core   0: 0x80001a8c (0x000086fd) c.srai  a3, 31
core   0: 3 0x80001a8c (0x86fd) x13 0xffffffff
core   0: 0x80001a8e (0x01554e33) xor     t3, a0, s5
core   0: 3 0x80001a8e (0x01554e33) x28 0x80975ee4
core   0: 0x80001a92 (0x00000001) c.nop
core   0: 3 0x80001a92 (0x0001)
core   0: 0x80001a94 (0x00009866) c.add   a6, s9
core   0: 3 0x80001a94 (0x9866) x16 0xffffffff
core   0: 0x80001a96 (0x00008ea1) c.xor   a3, s0
core   0: 3 0x80001a96 (0x8ea1) x13 0xf70d947c
core   0: 0x80001a98 (0x1b992d13) slti    s10, s2, 441
core   0: 3 0x80001a98 (0x1b992d13) x26 0x00000000
core   0: 0x80001a9c (0x00008c35) c.xor   s0, a3
core   0: 3 0x80001a9c (0x8c35) x 8 0xffffffff
core   0: 0x80001a9e (0x0dff9037) lui     zero, 0xdff9
core   0: 3 0x80001a9e (0x0dff9037)
core   0: 0x80001aa2 (0x00001498) c.addi4spn a4, sp, 608
core   0: 3 0x80001aa2 (0x1498) x14 0x800002f0
core   0: 0x80001aa4 (0xfb264213) xori    tp, a2, -78
core   0: 3 0x80001aa4 (0xfb264213) x 4 0x800000dd
core   0: 0x80001aa8 (0x00001984) c.addi4spn s1, sp, 240
core   0: 3 0x80001aa8 (0x1984) x 9 0x80000180
core   0: 0x80001aaa (0x00000a4e) c.slli  s4, 19
core   0: 3 0x80001aaa (0x0a4e) x20 0x00080000
core   0: 0x80001aac (0x0275efb3) rem     t6, a1, t2
core   0: 3 0x80001aac (0x0275efb3) x31 0xffffff9a
core   0: 0x80001ab0 (0x00db3fb3) sltu    t6, s6, a3
core   0: 3 0x80001ab0 (0x00db3fb3) x31 0x00000001
core   0: 0x80001ab4 (0x00000bce) c.slli  s7, 19
core   0: 3 0x80001ab4 (0x0bce) x23 0xfb300000
core   0: 0x80001ab6 (0x016aa433) slt     s0, s5, s6
core   0: 3 0x80001ab6 (0x016aa433) x 8 0x00000000
core   0: 0x80001aba (0x0253edb3) rem     s11, t2, t0
core   0: 3 0x80001aba (0x0253edb3) x27 0xffffff61
core   0: 0x80001abe (0xb1000013) li      zero, -1264
core   0: 3 0x80001abe (0xb1000013)
core   0: 0x80001ac2 (0x8ff00a93) li      s5, -1793
core   0: 3 0x80001ac2 (0x8ff00a93) x21 0xfffff8ff
core   0: 0x80001ac6 (0x029958b3) divu    a7, s2, s1
core   0: 3 0x80001ac6 (0x029958b3) x17 0x00000000
core   0: 0x80001aca (0x4143d313) srai    t1, t2, 20
core   0: 3 0x80001aca (0x4143d313) x 6 0xffffffff
core   0: 0x80001ace (0x00e466b3) or      a3, s0, a4
core   0: 3 0x80001ace (0x00e466b3) x13 0x800002f0
core   0: 0x80001ad2 (0x03aa2e33) mulhsu  t3, s4, s10
core   0: 3 0x80001ad2 (0x03aa2e33) x28 0x00000000
core   0: 0x80001ad6 (0x00008bc1) c.andi  a5, 16
core   0: 3 0x80001ad6 (0x8bc1) x15 0x00000000
core   0: 0x80001ad8 (0x00d2bfb3) sltu    t6, t0, a3
core   0: 3 0x80001ad8 (0x00d2bfb3) x31 0x00000001
core   0: 0x80001adc (0x000007da) c.slli  a5, 22
core   0: 3 0x80001adc (0x07da) x15 0x00000000
core   0: 0x80001ade (0x000f11b3) sll     gp, t5, zero
core   0: 3 0x80001ade (0x000f11b3) x 3 0x00000000
core   0: 0x80001ae2 (0x000098fd) c.andi  s1, -1
core   0: 3 0x80001ae2 (0x98fd) x 9 0x80000180
core   0: 0x80001ae4 (0x00acc833) xor     a6, s9, a0
core   0: 3 0x80001ae4 (0x00acc833) x16 0x80012ce4
core   0: 0x80001ae8 (0x008d1233) sll     tp, s10, s0
core   0: 3 0x80001ae8 (0x008d1233) x 4 0x00000000
core   0: 0x80001aec (0x46c36a93) ori     s5, t1, 1132
core   0: 3 0x80001aec (0x46c36a93) x21 0xffffffff
core   0: 0x80001af0 (0x02064233) div     tp, a2, zero
core   0: 3 0x80001af0 (0x02064233) x 4 0xffffffff
core   0: 0x80001af4 (0xbe1c8713) addi    a4, s9, -1055
core   0: 3 0x80001af4 (0xbe1c8713) x14 0xfffffbe1
core   0: 0x80001af8 (0x3437f7b7) lui     a5, 0x3437f
core   0: 3 0x80001af8 (0x3437f7b7) x15 0x3437f000
core   0: 0x80001afc (0x00000d98) c.addi4spn a4, sp, 720
core   0: 3 0x80001afc (0x0d98) x14 0x80000360
core   0: 0x80001afe (0x000084a6) c.mv    s1, s1
core   0: 3 0x80001afe (0x84a6) x 9 0x80000180
core   0: 0x80001b00 (0x39bbed93) ori     s11, s7, 923
core   0: 3 0x80001b00 (0x39bbed93) x27 0xfb30039b
core   0: 0x80001b04 (0x70097193) andi    gp, s2, 1792
core   0: 3 0x80001b04 (0x70097193) x 3 0x00000400
core   0: 0x80001b08 (0x00006b91) c.lui   s7, 0x4
core   0: 3 0x80001b08 (0x6b91) x23 0x00004000
core   0: 0x80001b0a (0x40c25d93) srai    s11, tp, 12
core   0: 3 0x80001b0a (0x40c25d93) x27 0xffffffff
core   0: 0x80001b0e (0x00008646) c.mv    a2, a7
core   0: 3 0x80001b0e (0x8646) x12 0x00000000
core   0: 0x80001b10 (0x0000801d) c.srli  s0, 7
core   0: 3 0x80001b10 (0x801d) x 8 0x00000000
core   0: 0x80001b12 (0x001967b3) or      a5, s2, ra
core   0: 3 0x80001b12 (0x001967b3) x15 0x5055646d
core   0: 0x80001b16 (0x018c9493) slli    s1, s9, 24
core   0: 3 0x80001b16 (0x018c9493) x 9 0x00000000
core   0: 0x80001b1a (0x02aa8733) mul     a4, s5, a0
core   0: 3 0x80001b1a (0x02aa8733) x14 0x7ffed31c
core   0: 0x80001b1e (0x00008c45) c.or    s0, s1
core   0: 3 0x80001b1e (0x8c45) x 8 0x00000000
core   0: 0x80001b20 (0x00008fb9) c.xor   a5, a4
core   0: 3 0x80001b20 (0x8fb9) x15 0x2fabb771
core   0: 0x80001b22 (0x00008c69) c.and   s0, a0
core   0: 3 0x80001b22 (0x8c69) x 8 0x00000000
core   0: 0x80001b24 (0x00000001) c.nop
core   0: 3 0x80001b24 (0x0001)
core   0: 0x80001b26 (0x40920233) sub     tp, tp, s1
core   0: 3 0x80001b26 (0x40920233) x 4 0xffffffff
core   0: 0x80001b2a (0x03da49b3) div     s3, s4, t4
core   0: 3 0x80001b2a (0x03da49b3) x19 0xfffffc04
core   0: 0x80001b2e (0x8eb6f213) andi    tp, a3, -1813
core   0: 3 0x80001b2e (0x8eb6f213) x 4 0x800000e0
core   0: 0x80001b32 (0x03cd7233) remu    tp, s10, t3
core   0: 3 0x80001b32 (0x03cd7233) x 4 0x00000000
core   0: 0x80001b36 (0x3e733613) sltiu   a2, t1, 999
core   0: 3 0x80001b36 (0x3e733613) x12 0x00000000
core   0: 0x80001b3a (0x00008f25) c.xor   a4, s1
core   0: 3 0x80001b3a (0x8f25) x14 0x7ffed31c
core   0: 0x80001b3c (0x000c6333) or      t1, s8, zero
core   0: 3 0x80001b3c (0x000c6333) x 6 0xffc27e3f
core   0: 0x80001b40 (0x00301433) sll     s0, zero, gp
core   0: 3 0x80001b40 (0x00301433) x 8 0x00000000
core   0: 0x80001b44 (0x0000096a) c.slli  s2, 26
core   0: 3 0x80001b44 (0x096a) x18 0x90000000
core   0: 0x80001b46 (0x00001c10) c.addi4spn a2, sp, 560
core   0: 3 0x80001b46 (0x1c10) x12 0x800002c0
core   0: 0x80001b48 (0x01087333) and     t1, a6, a6
core   0: 3 0x80001b48 (0x01087333) x 6 0x80012ce4
core   0: 0x80001b4c (0x4398b813) sltiu   a6, a7, 1081
core   0: 3 0x80001b4c (0x4398b813) x16 0x00000001
core   0: 0x80001b50 (0x41b50d33) sub     s10, a0, s11
core   0: 3 0x80001b50 (0x41b50d33) x26 0x80012ce5
core   0: 0x80001b54 (0x00008f01) c.sub   a4, s0
core   0: 3 0x80001b54 (0x8f01) x14 0x7ffed31c
core   0: 0x80001b56 (0x01b2f733) and     a4, t0, s11
core   0: 3 0x80001b56 (0x01b2f733) x14 0x80000091
core   0: 0x80001b5a (0x00008ce9) c.and   s1, a0
core   0: 3 0x80001b5a (0x8ce9) x 9 0x00000000
core   0: 0x80001b5c (0x000080e9) c.srli  s1, 26
core   0: 3 0x80001b5c (0x80e9) x 9 0x00000000
core   0: 0x80001b5e (0x000083b9) c.srli  a5, 14
core   0: 3 0x80001b5e (0x83b9) x15 0x0000beae
core   0: 0x80001b60 (0x034f6a33) rem     s4, t5, s4
core   0: 3 0x80001b60 (0x034f6a33) x20 0x00000000
core   0: 0x80001b64 (0x4164deb3) sra     t4, s1, s6
core   0: 3 0x80001b64 (0x4164deb3) x29 0x00000000
core   0: 0x80001b68 (0x0100f8b3) and     a7, ra, a6
core   0: 3 0x80001b68 (0x0100f8b3) x17 0x00000001
core   0: 0x80001b6c (0x00008fdd) c.or    a5, a5
core   0: 3 0x80001b6c (0x8fdd) x15 0x0000beae
core   0: 0x80001b6e (0x00000819) c.addi  a6, 6
core   0: 3 0x80001b6e (0x0819) x16 0x00000007
core   0: 0x80001b70 (0x00006699) c.lui   a3, 0x6
core   0: 3 0x80001b70 (0x6699) x13 0x00006000
core   0: 0x80001b72 (0x027fceb3) div     t4, t6, t2
core   0: 3 0x80001b72 (0x027fceb3) x29 0x00000000
core   0: 0x80001b76 (0x00001380) c.addi4spn s0, sp, 480
core   0: 3 0x80001b76 (0x1380) x 8 0x80000270
core   0: 0x80001b78 (0x01181b93) slli    s7, a6, 17
core   0: 3 0x80001b78 (0x01181b93) x23 0x000e0000
core   0: 0x80001b7c (0x02ebe133) rem     sp, s7, a4
core   0: 3 0x80001b7c (0x02ebe133) x 2 0x000e0000
core   0: 0x80001b80 (0x00008c85) c.sub   s1, s1
core   0: 3 0x80001b80 (0x8c85) x 9 0x00000000
core   0: 0x80001b82 (0x4196d193) srai    gp, a3, 25
core   0: 3 0x80001b82 (0x4196d193) x 3 0x00000000
core   0: 0x80001b86 (0x00008f49) c.or    a4, a0
core   0: 3 0x80001b86 (0x8f49) x14 0x80012cf5
core   0: 0x80001b88 (0x00000001) c.nop
core   0: 3 0x80001b88 (0x0001)
core   0: 0x80001b8a (0x03d50e33) mul     t3, a0, t4
core   0: 3 0x80001b8a (0x03d50e33) x28 0x00000000
core   0: 0x80001b8e (0x00000001) c.nop
core   0: 3 0x80001b8e (0x0001)
core   0: 0x80001b90 (0x035242b3) div     t0, tp, s5
core   0: 3 0x80001b90 (0x035242b3) x 5 0x00000000
core   0: 0x80001b94 (0x7a080997) auipc   s3, 0x7a080
core   0: 3 0x80001b94 (0x7a080997) x19 0xfa081b94
core   0: 0x80001b98 (0xcaf8e437) lui     s0, 0xcaf8e
core   0: 3 0x80001b98 (0xcaf8e437) x 8 0xcaf8e000
core   0: 0x80001b9c (0x00008745) c.srai  a4, 17
core   0: 3 0x80001b9c (0x8745) x14 0xffffc000
core   0: 0x80001b9e (0x00008a7d) c.andi  a2, 31
core   0: 3 0x80001b9e (0x8a7d) x12 0x00000000
core   0: 0x80001ba0 (0x00dc1693) slli    a3, s8, 13
core   0: 3 0x80001ba0 (0x00dc1693) x13 0x4fc7e000
core   0: 0x80001ba4 (0x00001ffd) c.addi  t6, -1
core   0: 3 0x80001ba4 (0x1ffd) x31 0x00000000
core   0: 0x80001ba6 (0xd74d4293) xori    t0, s10, -652
core   0: 3 0x80001ba6 (0xd74d4293) x 5 0x7ffed191
core   0: 0x80001baa (0x03d86f33) rem     t5, a6, t4
core   0: 3 0x80001baa (0x03d86f33) x30 0x00000007
core   0: 0x80001bae (0x0000527d) c.li    tp, -1
core   0: 3 0x80001bae (0x527d) x 4 0xffffffff
core   0: 0x80001bb0 (0x0000517d) c.li    sp, -1
core   0: 3 0x80001bb0 (0x517d) x 2 0xffffffff
core   0: 0x80001bb2 (0x000090ce) c.add   ra, s3
core   0: 3 0x80001bb2 (0x90ce) x 1 0x4a5d8001
core   0: 0x80001bb4 (0xe1a54893) xori    a7, a0, -486
core   0: 3 0x80001bb4 (0xe1a54893) x17 0x7ffed2fe
core   0: 0x80001bb8 (0x01064db3) xor     s11, a2, a6
core   0: 3 0x80001bb8 (0x01064db3) x27 0x00000007
core   0: 0x80001bbc (0x00006ebd) c.lui   t4, 0xf
core   0: 3 0x80001bbc (0x6ebd) x29 0x0000f000
core   0: 0x80001bbe (0x0000191c) c.addi4spn a5, sp, 176
core   0: 3 0x80001bbe (0x191c) x15 0x000000af
core   0: 0x80001bc0 (0x00008f4a) c.mv    t5, s2
core   0: 3 0x80001bc0 (0x8f4a) x30 0x90000000
core   0: 0x80001bc2 (0xf0c294b7) lui     s1, 0xf0c29
core   0: 3 0x80001bc2 (0xf0c294b7) x 9 0xf0c29000
core   0: 0x80001bc6 (0x02a0e1b3) rem     gp, ra, a0
core   0: 3 0x80001bc6 (0x02a0e1b3) x 3 0x4a5d8001
core   0: 0x80001bca (0x00b30b33) add     s6, t1, a1
core   0: 3 0x80001bca (0x00b30b33) x22 0x00021b48
core   0: 0x80001bce (0x00ccdd13) srli    s10, s9, 12
core   0: 3 0x80001bce (0x00ccdd13) x26 0x00000000
core   0: 0x80001bd2 (0x03782433) mulhsu  s0, a6, s7
core   0: 3 0x80001bd2 (0x03782433) x 8 0x00000000
core   0: 0x80001bd6 (0x01db4cb3) xor     s9, s6, t4
core   0: 3 0x80001bd6 (0x01db4cb3) x25 0x0002eb48
core   0: 0x80001bda (0x005013b3) sll     t2, zero, t0
core   0: 3 0x80001bda (0x005013b3) x 7 0x00000000
core   0: 0x80001bde (0x00ae48b3) xor     a7, t3, a0
core   0: 3 0x80001bde (0x00ae48b3) x17 0x80012ce4
core   0: 0x80001be2 (0x000047e5) c.li    a5, 25
core   0: 3 0x80001be2 (0x47e5) x15 0x00000019
core   0: 0x80001be4 (0x41d58433) sub     s0, a1, t4
core   0: 3 0x80001be4 (0x41d58433) x 8 0x7ffffe64
core   0: 0x80001be8 (0x0000883a) c.mv    a6, a4
core   0: 3 0x80001be8 (0x883a) x16 0xffffc000
core   0: 0x80001bea (0x038934b3) mulhu   s1, s2, s8
core   0: 3 0x80001bea (0x038934b3) x 9 0x8fdd6703
core   0: 0x80001bee (0xba6c0013) addi    zero, s8, -1114
core   0: 3 0x80001bee (0xba6c0013)
core   0: 0x80001bf2 (0x0088cd33) xor     s10, a7, s0
core   0: 3 0x80001bf2 (0x0088cd33) x26 0xfffed280
core   0: 0x80001bf6 (0x03f8bf33) mulhu   t5, a7, t6
core   0: 3 0x80001bf6 (0x03f8bf33) x30 0x00000000
core   0: 0x80001bfa (0x00000e8a) c.slli  t4, 2
core   0: 3 0x80001bfa (0x0e8a) x29 0x0003c000
core   0: 0x80001bfc (0x006d5893) srli    a7, s10, 6
core   0: 3 0x80001bfc (0x006d5893) x17 0x03fffb4a
core   0: 0x80001c00 (0x03a35333) divu    t1, t1, s10
core   0: 3 0x80001c00 (0x03a35333) x 6 0x00000000
core   0: 0x80001c04 (0x41cfddb3) sra     s11, t6, t3
core   0: 3 0x80001c04 (0x41cfddb3) x27 0x00000000
core   0: 0x80001c08 (0x000093c2) c.add   t2, a6
core   0: 3 0x80001c08 (0x93c2) x 7 0xffffc000
core   0: 0x80001c0a (0x00ed27b3) slt     a5, s10, a4
core   0: 3 0x80001c0a (0x00ed27b3) x15 0x00000001
core   0: 0x80001c0e (0x410d5f13) srai    t5, s10, 16
core   0: 3 0x80001c0e (0x410d5f13) x30 0xfffffffe
core   0: 0x80001c12 (0x00008cf9) c.and   s1, a4
core   0: 3 0x80001c12 (0x8cf9) x 9 0x8fdd4000
core   0: 0x80001c14 (0x000f4b33) xor     s6, t5, zero
core   0: 3 0x80001c14 (0x000f4b33) x22 0xfffffffe
core   0: 0x80001c18 (0x0000034a) c.slli  t1, 18
core   0: 3 0x80001c18 (0x034a) x 6 0x00000000
core   0: 0x80001c1a (0x0000717d) c.addi16sp sp, -16
core   0: 3 0x80001c1a (0x717d) x 2 0xffffffef
core   0: 0x80001c1c (0x28665eb7) lui     t4, 0x28665
core   0: 3 0x80001c1c (0x28665eb7) x29 0x28665000
core   0: 0x80001c20 (0x01335633) srl     a2, t1, s3
core   0: 3 0x80001c20 (0x01335633) x12 0x00000000
core   0: 0x80001c24 (0x84d2fd37) lui     s10, 0x84d2f
core   0: 3 0x80001c24 (0x84d2fd37) x26 0x84d2f000
core   0: 0x80001c28 (0x00008fc5) c.or    a5, s1
core   0: 3 0x80001c28 (0x8fc5) x15 0x8fdd4001
core   0: 0x80001c2a (0x0efa5bb7) lui     s7, 0xefa5
core   0: 3 0x80001c2a (0x0efa5bb7) x23 0x0efa5000
core   0: 0x80001c2e (0x000063d5) c.lui   t2, 0x15
core   0: 3 0x80001c2e (0x63d5) x 7 0x00015000
core   0: 0x80001c30 (0xe5febd93) sltiu   s11, t4, -417
core   0: 3 0x80001c30 (0xe5febd93) x27 0x00000001
core   0: 0x80001c34 (0x000052fd) c.li    t0, -1
core   0: 3 0x80001c34 (0x52fd) x 5 0xffffffff
core   0: 0x80001c36 (0x00008f33) add     t5, ra, zero
core   0: 3 0x80001c36 (0x00008f33) x30 0x4a5d8001
core   0: 0x80001c3a (0x01359db3) sll     s11, a1, s3
core   0: 3 0x80001c3a (0x01359db3) x27 0xe6400000
core   0: 0x80001c3e (0x51093e93) sltiu   t4, s2, 1296
core   0: 3 0x80001c3e (0x51093e93) x29 0x00000000
core   0: 0x80001c42 (0x0107dd13) srli    s10, a5, 16
core   0: 3 0x80001c42 (0x0107dd13) x26 0x00008fdd
core   0: 0x80001c46 (0x413ada93) srai    s5, s5, 19
core   0: 3 0x80001c46 (0x413ada93) x21 0xffffffff
core   0: 0x80001c4a (0x0000874d) c.srai  a4, 19
core   0: 3 0x80001c4a (0x874d) x14 0xffffffff
core   0: 0x80001c4c (0x02e8f6b3) remu    a3, a7, a4
core   0: 3 0x80001c4c (0x02e8f6b3) x13 0x03fffb4a
core   0: 0x80001c50 (0x00bffe33) and     t3, t6, a1
core   0: 3 0x80001c50 (0x00bffe33) x28 0x00000000
core   0: 0x80001c54 (0x00008ee9) c.and   a3, a0
core   0: 3 0x80001c54 (0x8ee9) x13 0x00012840
core   0: 0x80001c56 (0x0000147d) c.addi  s0, -1
core   0: 3 0x80001c56 (0x147d) x 8 0x7ffffe63
core   0: 0x80001c58 (0x023dc333) div     t1, s11, gp
core   0: 3 0x80001c58 (0x023dc333) x 6 0x00000000
core   0: 0x80001c5c (0xa0b36497) auipc   s1, 0xa0b36
core   0: 3 0x80001c5c (0xa0b36497) x 9 0x20b37c5c
core   0: 0x80001c60 (0x00008f31) c.xor   a4, a2
core   0: 3 0x80001c60 (0x8f31) x14 0xffffffff
core   0: 0x80001c62 (0x00005d7d) c.li    s10, -1
core   0: 3 0x80001c62 (0x5d7d) x26 0xffffffff
core   0: 0x80001c64 (0x02635733) divu    a4, t1, t1
core   0: 3 0x80001c64 (0x02635733) x14 0xffffffff
core   0: 0x80001c68 (0x00008fc1) c.or    a5, s0
core   0: 3 0x80001c68 (0x8fc1) x15 0xfffffe63
core   0: 0x80001c6a (0x02d511b3) mulh    gp, a0, a3
core   0: 3 0x80001c6a (0x02d511b3) x 3 0xffff6be1
core   0: 0x80001c6e (0x01721d13) slli    s10, tp, 23
core   0: 3 0x80001c6e (0x01721d13) x26 0xff800000
core   0: 0x80001c72 (0x8d1c1fb7) lui     t6, 0x8d1c1
core   0: 3 0x80001c72 (0x8d1c1fb7) x31 0x8d1c1000
core   0: 0x80001c76 (0x000086c1) c.srai  a3, 16
core   0: 3 0x80001c76 (0x86c1) x13 0x00000001
core   0: 0x80001c78 (0x02b13e33) mulhu   t3, sp, a1
core   0: 3 0x80001c78 (0x02b13e33) x28 0x8000ee5b
core   0: 0x80001c7c (0x015bd413) srli    s0, s7, 21
core   0: 3 0x80001c7c (0x015bd413) x 8 0x00000077
core   0: 0x80001c80 (0x00006159) c.addi16sp sp, 400
core   0: 3 0x80001c80 (0x6159) x 2 0x0000017f
core   0: 0x80001c82 (0x40505493) srai    s1, zero, 5
core   0: 3 0x80001c82 (0x40505493) x 9 0x00000000
core   0: 0x80001c86 (0x209b3093) sltiu   ra, s6, 521
core   0: 3 0x80001c86 (0x209b3093) x 1 0x00000000
core   0: 0x80001c8a (0x00006171) c.addi16sp sp, 336
core   0: 3 0x80001c8a (0x6171) x 2 0x000002cf
core   0: 0x80001c8c (0x00008c6d) c.and   s0, a1
core   0: 3 0x80001c8c (0x8c6d) x 8 0x00000064
core   0: 0x80001c8e (0x03283133) mulhu   sp, a6, s2
core   0: 3 0x80001c8e (0x03283133) x 2 0x8fffdc00
core   0: 0x80001c92 (0x021bc2b3) div     t0, s7, ra
core   0: 3 0x80001c92 (0x021bc2b3) x 5 0xffffffff
core   0: 0x80001c96 (0x0205dd33) divu    s10, a1, zero
core   0: 3 0x80001c96 (0x0205dd33) x26 0xffffffff
core   0: 0x80001c9a (0x00b92db3) slt     s11, s2, a1
core   0: 3 0x80001c9a (0x00b92db3) x27 0x00000000
core   0: 0x80001c9e (0x9ac30393) addi    t2, t1, -1620
core   0: 3 0x80001c9e (0x9ac30393) x 7 0xfffff9ac
core   0: 0x80001ca2 (0x43998713) addi    a4, s3, 1081
core   0: 3 0x80001ca2 (0x43998713) x14 0xfa081fcd
core   0: 0x80001ca6 (0x000084ed) c.srai  s1, 27
core   0: 3 0x80001ca6 (0x84ed) x 9 0x00000000
core   0: 0x80001ca8 (0xe0220297) auipc   t0, 0xe0220
core   0: 3 0x80001ca8 (0xe0220297) x 5 0x60221ca8
core   0: 0x80001cac (0x88bc6e93) ori     t4, s8, -1909
core   0: 3 0x80001cac (0x88bc6e93) x29 0xfffffebf
core   0: 0x80001cb0 (0x011a1033) sll     zero, s4, a7
core   0: 3 0x80001cb0 (0x011a1033)
core   0: 0x80001cb4 (0x035eaeb3) mulhsu  t4, t4, s5
core   0: 3 0x80001cb4 (0x035eaeb3) x29 0xfffffebf
core   0: 0x80001cb8 (0x0375dd33) divu    s10, a1, s7
core   0: 3 0x80001cb8 (0x0375dd33) x26 0x00000008
core   0: 0x80001cbc (0x01435233) srl     tp, t1, s4
core   0: 3 0x80001cbc (0x01435233) x 4 0x00000000
core   0: 0x80001cc0 (0x02156433) rem     s0, a0, ra
core   0: 3 0x80001cc0 (0x02156433) x 8 0x80012ce4
core   0: 0x80001cc4 (0x000098fd) c.andi  s1, -1
core   0: 3 0x80001cc4 (0x98fd) x 9 0x00000000
core   0: 0x80001cc6 (0x00004e95) c.li    t4, 5
core   0: 3 0x80001cc6 (0x4e95) x29 0x00000005
core   0: 0x80001cc8 (0x028b5e33) divu    t3, s6, s0
core   0: 3 0x80001cc8 (0x028b5e33) x28 0x00000001
core   0: 0x80001ccc (0x0283b1b3) mulhu   gp, t2, s0
core   0: 3 0x80001ccc (0x0283b1b3) x 3 0x800129b9
core   0: 0x80001cd0 (0x00008e31) c.xor   a2, a2
core   0: 3 0x80001cd0 (0x8e31) x12 0x00000000
core   0: 0x80001cd2 (0x21dbe613) ori     a2, s7, 541
core   0: 3 0x80001cd2 (0x21dbe613) x12 0x0efa521d
core   0: 0x80001cd6 (0xd82a5f97) auipc   t6, 0xd82a5
core   0: 3 0x80001cd6 (0xd82a5f97) x31 0x582a6cd6
core   0: 0x80001cda (0x03215233) divu    tp, sp, s2
core   0: 3 0x80001cda (0x03215233) x 4 0x00000000
core   0: 0x80001cde (0x00000001) c.nop
core   0: 3 0x80001cde (0x0001)
core   0: 0x80001ce0 (0x00008e2d) c.xor   a2, a1
core   0: 3 0x80001ce0 (0x8e2d) x12 0x8efabc79
core   0: 0x80001ce2 (0x00ae3733) sltu    a4, t3, a0
core   0: 3 0x80001ce2 (0x00ae3733) x14 0x00000001
core   0: 0x80001ce6 (0x8511e613) ori     a2, gp, -1967
core   0: 3 0x80001ce6 (0x8511e613) x12 0xfffff9f9
core   0: 0x80001cea (0x00686b33) or      s6, a6, t1
core   0: 3 0x80001cea (0x00686b33) x22 0xffffc000
core   0: 0x80001cee (0x00a04cb3) xor     s9, zero, a0
core   0: 3 0x80001cee (0x00a04cb3) x25 0x80012ce4
core   0: 0x80001cf2 (0x00006145) c.addi16sp sp, 48
core   0: 3 0x80001cf2 (0x6145) x 2 0x8fffdc30
core   0: 0x80001cf4 (0x00008ff5) c.and   a5, a3
core   0: 3 0x80001cf4 (0x8ff5) x15 0x00000001
core   0: 0x80001cf6 (0x401a8b13) addi    s6, s5, 1025
core   0: 3 0x80001cf6 (0x401a8b13) x22 0x00000400
core   0: 0x80001cfa (0x4014d233) sra     tp, s1, ra
core   0: 3 0x80001cfa (0x4014d233) x 4 0x00000000
core   0: 0x80001cfe (0x019b40b3) xor     ra, s6, s9
core   0: 3 0x80001cfe (0x019b40b3) x 1 0x800128e4
core   0: 0x80001d02 (0x006ba233) slt     tp, s7, t1
core   0: 3 0x80001d02 (0x006ba233) x 4 0x00000000
core   0: 0x80001d06 (0x00008755) c.srai  a4, 21
core   0: 3 0x80001d06 (0x8755) x14 0x00000000
core   0: 0x80001d08 (0x00008f05) c.sub   a4, s1
core   0: 3 0x80001d08 (0x8f05) x14 0x00000000
core   0: 0x80001d0a (0xe83f0cb7) lui     s9, 0xe83f0
core   0: 3 0x80001d0a (0xe83f0cb7) x25 0xe83f0000
core   0: 0x80001d0e (0x02092733) mulhsu  a4, s2, zero
core   0: 3 0x80001d0e (0x02092733) x14 0x00000000
core   0: 0x80001d12 (0x00008ead) c.xor   a3, a1
core   0: 3 0x80001d12 (0x8ead) x13 0x8000ee65
core   0: 0x80001d14 (0x00008389) c.srli  a5, 2
core   0: 3 0x80001d14 (0x8389) x15 0x00000000
core   0: 0x80001d16 (0x001cd933) srl     s2, s9, ra
core   0: 3 0x80001d16 (0x001cd933) x18 0x0e83f000
core   0: 0x80001d1a (0x00008c6d) c.and   s0, a1
core   0: 3 0x80001d1a (0x8c6d) x 8 0x80002c64
core   0: 0x80001d1c (0x00008ed1) c.or    a3, a2
core   0: 3 0x80001d1c (0x8ed1) x13 0xfffffffd
core   0: 0x80001d1e (0x005b6433) or      s0, s6, t0
core   0: 3 0x80001d1e (0x005b6433) x 8 0x60221ca8
core   0: 0x80001d22 (0x00aba6b3) slt     a3, s7, a0
core   0: 3 0x80001d22 (0x00aba6b3) x13 0x00000000
core   0: 0x80001d26 (0x002407b3) add     a5, s0, sp
core   0: 3 0x80001d26 (0x002407b3) x15 0xf021f8d8
core   0: 0x80001d2a (0x000012fd) c.addi  t0, -1
core   0: 3 0x80001d2a (0x12fd) x 5 0x60221ca7
core   0: 0x80001d2c (0x00008cf5) c.and   s1, a3
core   0: 3 0x80001d2c (0x8cf5) x 9 0x00000000
core   0: 0x80001d2e (0x03e11333) mulh    t1, sp, t5
core   0: 3 0x80001d2e (0x03e11333) x 6 0xdf770d98
core   0: 0x80001d32 (0x0250a6b3) mulhsu  a3, ra, t0
core   0: 3 0x80001d32 (0x0250a6b3) x13 0xcfef6129
core   0: 0x80001d36 (0x0000845d) c.srai  s0, 23
core   0: 3 0x80001d36 (0x845d) x 8 0x000000c0
core   0: 0x80001d38 (0x00008c6d) c.and   s0, a1
core   0: 3 0x80001d38 (0x8c6d) x 8 0x00000040
core   0: 0x80001d3a (0x00000f0d) c.addi  t5, 3
core   0: 3 0x80001d3a (0x0f0d) x30 0x4a5d8004
core   0: 0x80001d3c (0x6f026693) ori     a3, tp, 1776
core   0: 3 0x80001d3c (0x6f026693) x13 0x000006f0
core   0: 0x80001d40 (0x0000434d) c.li    t1, 19
core   0: 3 0x80001d40 (0x434d) x 6 0x00000013
core   0: 0x80001d42 (0x41715333) sra     t1, sp, s7
core   0: 3 0x80001d42 (0x41715333) x 6 0x8fffdc30
core   0: 0x80001d46 (0x00000001) c.nop
core   0: 3 0x80001d46 (0x0001)
core   0: 0x80001d48 (0x02542233) mulhsu  tp, s0, t0
core   0: 3 0x80001d48 (0x02542233) x 4 0x00000018
core   0: 0x80001d4c (0x511ca993) slti    s3, s9, 1297
core   0: 3 0x80001d4c (0x511ca993) x19 0x00000001
core   0: 0x80001d50 (0x017a9893) slli    a7, s5, 23
core   0: 3 0x80001d50 (0x017a9893) x17 0xff800000
core   0: 0x80001d54 (0x00009ff2) c.add   t6, t3
core   0: 3 0x80001d54 (0x9ff2) x31 0x582a6cd7
core   0: 0x80001d56 (0x03a0fe33) remu    t3, ra, s10
core   0: 3 0x80001d56 (0x03a0fe33) x28 0x00000004
core   0: 0x80001d5a (0x00cc7b33) and     s6, s8, a2
core   0: 3 0x80001d5a (0x00cc7b33) x22 0xffc27839
core   0: 0x80001d5e (0x00006955) c.lui   s2, 0x15
core   0: 3 0x80001d5e (0x6955) x18 0x00015000
core   0: 0x80001d60 (0xe3396093) ori     ra, s2, -461
core   0: 3 0x80001d60 (0xe3396093) x 1 0xfffffe33
core   0: 0x80001d64 (0x8e69be37) lui     t3, 0x8e69b
core   0: 3 0x80001d64 (0x8e69be37) x28 0x8e69b000
core   0: 0x80001d68 (0x00001dfd) c.addi  s11, -1
core   0: 3 0x80001d68 (0x1dfd) x27 0xffffffff
core   0: 0x80001d6a (0x01989cb3) sll     s9, a7, s9
core   0: 3 0x80001d6a (0x01989cb3) x25 0xff800000
core   0: 0x80001d6e (0x03ecf833) remu    a6, s9, t5
core   0: 3 0x80001d6e (0x03ecf833) x16 0x20677ff4
core   0: 0x80001d72 (0x9d384b13) xori    s6, a6, -1581
core   0: 3 0x80001d72 (0x9d384b13) x22 0xdf988627
core   0: 0x80001d76 (0x015577b3) and     a5, a0, s5
core   0: 3 0x80001d76 (0x015577b3) x15 0x80012ce4
core   0: 0x80001d7a (0x000084ba) c.mv    s1, a4
core   0: 3 0x80001d7a (0x84ba) x 9 0x00000000
core   0: 0x80001d7c (0x0011b233) sltu    tp, gp, ra
core   0: 3 0x80001d7c (0x0011b233) x 4 0x00000001
core   0: 0x80001d80 (0x03833db3) mulhu   s11, t1, s8
core   0: 3 0x80001d80 (0x03833db3) x27 0x8fdd433c
core   0: 0x80001d84 (0x02e8c633) div     a2, a7, a4
core   0: 3 0x80001d84 (0x02e8c633) x12 0xffffffff
core   0: 0x80001d88 (0x401753b3) sra     t2, a4, ra
core   0: 3 0x80001d88 (0x401753b3) x 7 0x00000000
core   0: 0x80001d8c (0x4003dd33) sra     s10, t2, zero
core   0: 3 0x80001d8c (0x4003dd33) x26 0x00000000
core   0: 0x80001d90 (0x000098ba) c.add   a7, a4
core   0: 3 0x80001d90 (0x98ba) x17 0xff800000
core   0: 0x80001d92 (0x0cae0f93) addi    t6, t3, 202
core   0: 3 0x80001d92 (0x0cae0f93) x31 0x8e69b0ca
core   0: 0x80001d96 (0x000084d1) c.srai  s1, 20
core   0: 3 0x80001d96 (0x84d1) x 9 0x00000000
core   0: 0x80001d98 (0x010d9f33) sll     t5, s11, a6
core   0: 3 0x80001d98 (0x010d9f33) x30 0x33c00000
core   0: 0x80001d9c (0xddb7f013) andi    zero, a5, -549
core   0: 3 0x80001d9c (0xddb7f013)
core   0: 0x80001da0 (0x03fb4433) div     s0, s6, t6
core   0: 3 0x80001da0 (0x03fb4433) x 8 0x00000000
core   0: 0x80001da4 (0x00000001) c.nop
core   0: 3 0x80001da4 (0x0001)
core   0: 0x80001da6 (0x027b9cb3) mulh    s9, s7, t2
core   0: 3 0x80001da6 (0x027b9cb3) x25 0x00000000
core   0: 0x80001daa (0x03cb53b3) divu    t2, s6, t3
core   0: 3 0x80001daa (0x03cb53b3) x 7 0x00000001
core   0: 0x80001dae (0x0261e033) rem     zero, gp, t1
core   0: 3 0x80001dae (0x0261e033)
core   0: 0x80001db2 (0x00008059) c.srli  s0, 22
core   0: 3 0x80001db2 (0x8059) x 8 0x00000000
core   0: 0x80001db4 (0x0000865a) c.mv    a2, s6
core   0: 3 0x80001db4 (0x865a) x12 0xdf988627
core   0: 0x80001db6 (0x00e91833) sll     a6, s2, a4
core   0: 3 0x80001db6 (0x00e91833) x16 0x00015000
core   0: 0x80001dba (0x00008c8d) c.sub   s1, a1
core   0: 3 0x80001dba (0x8c8d) x 9 0x7fff119c
core   0: 0x80001dbc (0x009ac433) xor     s0, s5, s1
core   0: 3 0x80001dbc (0x009ac433) x 8 0x8000ee63
core   0: 0x80001dc0 (0x90caf713) andi    a4, s5, -1780
core   0: 3 0x80001dc0 (0x90caf713) x14 0xfffff90c
core   0: 0x80001dc4 (0x02f86433) rem     s0, a6, a5
core   0: 3 0x80001dc4 (0x02f86433) x 8 0x00015000
core   0: 0x80001dc8 (0x0210fe33) remu    t3, ra, ra
core   0: 3 0x80001dc8 (0x0210fe33) x28 0x00000000
core   0: 0x80001dcc (0x000044ad) c.li    s1, 11
core   0: 3 0x80001dcc (0x44ad) x 9 0x0000000b
core   0: 0x80001dce (0x1aa08e93) addi    t4, ra, 426
core   0: 3 0x80001dce (0x1aa08e93) x29 0xffffffdd
core   0: 0x80001dd2 (0x00000ea6) c.slli  t4, 9
core   0: 3 0x80001dd2 (0x0ea6) x29 0xffffba00
core   0: 0x80001dd4 (0x40b95193) srai    gp, s2, 11
core   0: 3 0x80001dd4 (0x40b95193) x 3 0x0000002a
core   0: 0x80001dd8 (0x00008415) c.srai  s0, 5
core   0: 3 0x80001dd8 (0x8415) x 8 0x00000a80
core   0: 0x80001dda (0x0000615d) c.addi16sp sp, 432
core   0: 3 0x80001dda (0x615d) x 2 0x8fffdde0
core   0: 0x80001ddc (0xfff00493) li      s1, -1
core   0: 3 0x80001ddc (0xfff00493) x 9 0xffffffff
core   0: 0x80001de0 (0x00004201) c.li    tp, 0
core   0: 3 0x80001de0 (0x4201) x 4 0x00000000
core   0: 0x80001de2 (0x80000db7) lui     s11, 0x80000
core   0: 3 0x80001de2 (0x80000db7) x27 0x80000000
core   0: 0x80001de6 (0x3a8356b7) lui     a3, 0x3a835
core   0: 3 0x80001de6 (0x3a8356b7) x13 0x3a835000
core   0: 0x80001dea (0xf7368693) addi    a3, a3, -141
core   0: 3 0x80001dea (0xf7368693) x13 0x3a834f73
core   0: 0x80001dee (0xfff00613) li      a2, -1
core   0: 3 0x80001dee (0xfff00613) x12 0xffffffff
core   0: 0x80001df2 (0x80000a37) lui     s4, 0x80000
core   0: 3 0x80001df2 (0x80000a37) x20 0x80000000
core   0: 0x80001df6 (0x5ee111b7) lui     gp, 0x5ee11
core   0: 3 0x80001df6 (0x5ee111b7) x 3 0x5ee11000
core   0: 0x80001dfa (0xa0418193) addi    gp, gp, -1532
core   0: 3 0x80001dfa (0xa0418193) x 3 0x5ee10a04
core   0: 0x80001dfe (0xe34183b7) lui     t2, 0xe3418
core   0: 3 0x80001dfe (0xe34183b7) x 7 0xe3418000
core   0: 0x80001e02 (0xc7f38393) addi    t2, t2, -897
core   0: 3 0x80001e02 (0xc7f38393) x 7 0xe3417c7f
core   0: 0x80001e06 (0xfff00f93) li      t6, -1
core   0: 3 0x80001e06 (0xfff00f93) x31 0xffffffff
core   0: 0x80001e0a (0x204129b7) lui     s3, 0x20412
core   0: 3 0x80001e0a (0x204129b7) x19 0x20412000
core   0: 0x80001e0e (0x7b898993) addi    s3, s3, 1976
core   0: 3 0x80001e0e (0x7b898993) x19 0x204127b8
core   0: 0x80001e12 (0x03b269b3) rem     s3, tp, s11
core   0: 3 0x80001e12 (0x03b269b3) x19 0x00000000
core   0: 0x80001e16 (0xa1118393) addi    t2, gp, -1519
core   0: 3 0x80001e16 (0xa1118393) x 7 0x5ee10415
core   0: 0x80001e1a (0x13c0b237) lui     tp, 0x13c0b
core   0: 3 0x80001e1a (0x13c0b237) x 4 0x13c0b000
core   0: 0x80001e1e (0x0333c6b3) div     a3, t2, s3
core   0: 3 0x80001e1e (0x0333c6b3) x13 0xffffffff
core   0: 0x80001e22 (0x02338fb3) mul     t6, t2, gp
core   0: 3 0x80001e22 (0x02338fb3) x31 0x9221e254
core   0: 0x80001e26 (0x02763db3) mulhu   s11, a2, t2
core   0: 3 0x80001e26 (0x02763db3) x27 0x5ee10414
core   0: 0x80001e2a (0x029defb3) rem     t6, s11, s1
core   0: 3 0x80001e2a (0x029defb3) x31 0x00000000
core   0: 0x80001e2e (0x00df8633) add     a2, t6, a3
core   0: 3 0x80001e2e (0x00df8633) x12 0xffffffff
core   0: 0x80001e32 (0x02d3e633) rem     a2, t2, a3
core   0: 3 0x80001e32 (0x02d3e633) x12 0x00000000
core   0: 0x80001e36 (0x047d8393) addi    t2, s11, 71
core   0: 3 0x80001e36 (0x047d8393) x 7 0x5ee1045b
core   0: 0x80001e3a (0x5dc50d97) auipc   s11, 0x5dc50
core   0: 3 0x80001e3a (0x5dc50d97) x27 0xddc51e3a
core   0: 0x80001e3e (0x02767233) remu    tp, a2, t2
core   0: 3 0x80001e3e (0x02767233) x 4 0x00000000
core   0: 0x80001e42 (0x014201b3) add     gp, tp, s4
core   0: 3 0x80001e42 (0x014201b3) x 3 0x80000000
core   0: 0x80001e46 (0x02c4ffb3) remu    t6, s1, a2
core   0: 3 0x80001e46 (0x02c4ffb3) x31 0xffffffff
core   0: 0x80001e4a (0xb1371fb7) lui     t6, 0xb1371
core   0: 3 0x80001e4a (0xb1371fb7) x31 0xb1371000
core   0: 0x80001e4e (0x0279d9b3) divu    s3, s3, t2
core   0: 3 0x80001e4e (0x0279d9b3) x19 0x00000000
core   0: 0x80001e52 (0x00000001) c.nop
core   0: 3 0x80001e52 (0x0001)
core   0: 0x80001e54 (0xcfc18393) addi    t2, gp, -772
core   0: 3 0x80001e54 (0xcfc18393) x 7 0x7ffffcfc
core   0: 0x80001e58 (0xe15596b7) lui     a3, 0xe1559
core   0: 3 0x80001e58 (0xe15596b7) x13 0xe1559000
core   0: 0x80001e5c (0x0246c6b3) div     a3, a3, tp
core   0: 3 0x80001e5c (0x0246c6b3) x13 0xffffffff
core   0: 0x80001e60 (0x02320fb3) mul     t6, tp, gp
core   0: 3 0x80001e60 (0x02320fb3) x31 0x00000000
core   0: 0x80001e64 (0x023693b3) mulh    t2, a3, gp
core   0: 3 0x80001e64 (0x023693b3) x 7 0x00000000
core   0: 0x80001e68 (0x03ffe233) rem     tp, t6, t6
core   0: 3 0x80001e68 (0x03ffe233) x 4 0x00000000
core   0: 0x80001e6c (0x00000001) c.nop
core   0: 3 0x80001e6c (0x0001)
core   0: 0x80001e6e (0x0243b6b3) mulhu   a3, t2, tp
core   0: 3 0x80001e6e (0x0243b6b3) x13 0x00000000
core   0: 0x80001e72 (0x75910997) auipc   s3, 0x75910
core   0: 3 0x80001e72 (0x75910997) x19 0xf5911e72
core   0: 0x80001e76 (0x02d3c3b3) div     t2, t2, a3
core   0: 3 0x80001e76 (0x02d3c3b3) x 7 0xffffffff
core   0: 0x80001e7a (0x02c684b3) mul     s1, a3, a2
core   0: 3 0x80001e7a (0x02c684b3) x 9 0x00000000
core   0: 0x80001e7e (0x0339a233) mulhsu  tp, s3, s3
core   0: 3 0x80001e7e (0x0339a233) x 4 0xf5fdf817
core   0: 0x80001e82 (0x024fea33) rem     s4, t6, tp
core   0: 3 0x80001e82 (0x024fea33) x20 0x00000000
core   0: 0x80001e86 (0x00000f4a) c.slli  t5, 18
core   0: 3 0x80001e86 (0x0f4a) x30 0x00000000
core   0: 0x80001e88 (0x00009de2) c.add   s11, s8
core   0: 3 0x80001e88 (0x9de2) x27 0xdd879c79
core   0: 0x80001e8a (0x00006131) c.addi16sp sp, 320
core   0: 3 0x80001e8a (0x6131) x 2 0x8fffdf20
core   0: 0x80001e8c (0x00d52cb3) slt     s9, a0, a3
core   0: 3 0x80001e8c (0x00d52cb3) x25 0x00000001
core   0: 0x80001e90 (0x0000717d) c.addi16sp sp, -16
core   0: 3 0x80001e90 (0x717d) x 2 0x8fffdf10
core   0: 0x80001e92 (0x01499233) sll     tp, s3, s4
core   0: 3 0x80001e92 (0x01499233) x 4 0xf5911e72
core   0: 0x80001e96 (0x00000001) c.nop
core   0: 3 0x80001e96 (0x0001)
core   0: 0x80001e98 (0x00000e7a) c.slli  t3, 30
core   0: 3 0x80001e98 (0x0e7a) x28 0x00000000
core   0: 0x80001e9a (0x02e9a3b3) mulhsu  t2, s3, a4
core   0: 3 0x80001e9a (0x02e9a3b3) x 7 0xf5911eba
core   0: 0x80001e9e (0x00b40bb3) add     s7, s0, a1
core   0: 3 0x80001e9e (0x00b40bb3) x23 0x8000f8e4
core   0: 0x80001ea2 (0x000050fd) c.li    ra, -1
core   0: 3 0x80001ea2 (0x50fd) x 1 0xffffffff
core   0: 0x80001ea4 (0x00008cf1) c.and   s1, a2
core   0: 3 0x80001ea4 (0x8cf1) x 9 0x00000000
core   0: 0x80001ea6 (0x003e1433) sll     s0, t3, gp
core   0: 3 0x80001ea6 (0x003e1433) x 8 0x00000000
core   0: 0x80001eaa (0x41c18bb3) sub     s7, gp, t3
core   0: 3 0x80001eaa (0x41c18bb3) x23 0x80000000
core   0: 0x80001eae (0x00004dd9) c.li    s11, 22
core   0: 3 0x80001eae (0x4dd9) x27 0x00000016
core   0: 0x80001eb0 (0x00008bfa) c.mv    s7, t5
core   0: 3 0x80001eb0 (0x8bfa) x23 0x00000000
core   0: 0x80001eb2 (0x00000001) c.nop
core   0: 3 0x80001eb2 (0x0001)
core   0: 0x80001eb4 (0x02b54633) div     a2, a0, a1
core   0: 3 0x80001eb4 (0x02b54633) x12 0x00000000
core   0: 0x80001eb8 (0x00749bb3) sll     s7, s1, t2
core   0: 3 0x80001eb8 (0x00749bb3) x23 0x00000000
core   0: 0x80001ebc (0x41ad5e93) srai    t4, s10, 26
core   0: 3 0x80001ebc (0x41ad5e93) x29 0x00000000
core   0: 0x80001ec0 (0x00006129) c.addi16sp sp, 192
core   0: 3 0x80001ec0 (0x6129) x 2 0x8fffdfd0
core   0: 0x80001ec2 (0x00000001) c.nop
core   0: 3 0x80001ec2 (0x0001)
core   0: 0x80001ec4 (0xaae0fe93) andi    t4, ra, -1362
core   0: 3 0x80001ec4 (0xaae0fe93) x29 0xfffffaae
core   0: 0x80001ec8 (0x9faa6eb7) lui     t4, 0x9faa6
core   0: 3 0x80001ec8 (0x9faa6eb7) x29 0x9faa6000
core   0: 0x80001ecc (0x0078b7b3) sltu    a5, a7, t2
core   0: 3 0x80001ecc (0x0078b7b3) x15 0x00000000
core   0: 0x80001ed0 (0x00819f13) slli    t5, gp, 8
core   0: 3 0x80001ed0 (0x00819f13) x30 0x00000000
core   0: 0x80001ed4 (0x0000969e) c.add   a3, t2
core   0: 3 0x80001ed4 (0x969e) x13 0xf5911eba
core   0: 0x80001ed6 (0x03ebd833) divu    a6, s7, t5
core   0: 3 0x80001ed6 (0x03ebd833) x16 0xffffffff
core   0: 0x80001eda (0x00001d10) c.addi4spn a2, sp, 688
core   0: 3 0x80001eda (0x1d10) x12 0x8fffe280
core   0: 0x80001edc (0x41bdd4b3) sra     s1, s11, s11
core   0: 3 0x80001edc (0x41bdd4b3) x 9 0x00000000
core   0: 0x80001ee0 (0x024658b3) divu    a7, a2, tp
core   0: 3 0x80001ee0 (0x024658b3) x17 0x00000000
core   0: 0x80001ee4 (0x029414b3) mulh    s1, s0, s1
core   0: 3 0x80001ee4 (0x029414b3) x 9 0x00000000
core   0: 0x80001ee8 (0x00004e8d) c.li    t4, 3
core   0: 3 0x80001ee8 (0x4e8d) x29 0x00000003
core   0: 0x80001eea (0x00008449) c.srai  s0, 18
core   0: 3 0x80001eea (0x8449) x 8 0x00000000
core   0: 0x80001eec (0x00008cad) c.xor   s1, a1
core   0: 3 0x80001eec (0x8cad) x 9 0x8000ee64
core   0: 0x80001eee (0x01720cb3) add     s9, tp, s7
core   0: 3 0x80001eee (0x01720cb3) x25 0xf5911e72
core   0: 0x80001ef2 (0x037ce233) rem     tp, s9, s7
core   0: 3 0x80001ef2 (0x037ce233) x 4 0xf5911e72
core   0: 0x80001ef6 (0x4ed343b7) lui     t2, 0x4ed34
core   0: 3 0x80001ef6 (0x4ed343b7) x 7 0x4ed34000
core   0: 0x80001efa (0x023bd333) divu    t1, s7, gp
core   0: 3 0x80001efa (0x023bd333) x 6 0x00000000
core   0: 0x80001efe (0x01a36ab3) or      s5, t1, s10
core   0: 3 0x80001efe (0x01a36ab3) x21 0x00000000
core   0: 0x80001f02 (0x0344b6b3) mulhu   a3, s1, s4
core   0: 3 0x80001f02 (0x0344b6b3) x13 0x00000000
core   0: 0x80001f06 (0x02f89f33) mulh    t5, a7, a5
core   0: 3 0x80001f06 (0x02f89f33) x30 0x00000000
core   0: 0x80001f0a (0x00ee6e33) or      t3, t3, a4
core   0: 3 0x80001f0a (0x00ee6e33) x28 0xfffff90c
core   0: 0x80001f0e (0x005f81b3) add     gp, t6, t0
core   0: 3 0x80001f0e (0x005f81b3) x 3 0x60221ca7
core   0: 0x80001f12 (0x00004f4d) c.li    t5, 19
core   0: 3 0x80001f12 (0x4f4d) x30 0x00000013
core   0: 0x80001f14 (0x40558933) sub     s2, a1, t0
core   0: 3 0x80001f14 (0x40558933) x18 0x1fded1bd
core   0: 0x80001f18 (0x8e8cc693) xori    a3, s9, -1816
core   0: 3 0x80001f18 (0x8e8cc693) x13 0x0a6ee69a
core   0: 0x80001f1c (0x37846e93) ori     t4, s0, 888
core   0: 3 0x80001f1c (0x37846e93) x29 0x00000378
core   0: 0x80001f20 (0x021b57b3) divu    a5, s6, ra
core   0: 3 0x80001f20 (0x021b57b3) x15 0x00000000
core   0: 0x80001f24 (0x02269d33) mulh    s10, a3, sp
core   0: 3 0x80001f24 (0x02269d33) x26 0xfb6f79cc
core   0: 0x80001f28 (0x002ad193) srli    gp, s5, 2
core   0: 3 0x80001f28 (0x002ad193) x 3 0x00000000
core   0: 0x80001f2c (0x02dab833) mulhu   a6, s5, a3
core   0: 3 0x80001f2c (0x02dab833) x16 0x00000000
core   0: 0x80001f30 (0x0093c233) xor     tp, t2, s1
core   0: 3 0x80001f30 (0x0093c233) x 4 0xced3ae64
core   0: 0x80001f34 (0x01d64733) xor     a4, a2, t4
core   0: 3 0x80001f34 (0x01d64733) x14 0x8fffe1f8
core   0: 0x80001f38 (0xc0fea213) slti    tp, t4, -1009
core   0: 3 0x80001f38 (0xc0fea213) x 4 0x00000000
core   0: 0x80001f3c (0x40f689b3) sub     s3, a3, a5
core   0: 3 0x80001f3c (0x40f689b3) x19 0x0a6ee69a
core   0: 0x80001f40 (0x00000f80) c.addi4spn s0, sp, 976
core   0: 3 0x80001f40 (0x0f80) x 8 0x8fffe3a0
core   0: 0x80001f42 (0x3aeb6e93) ori     t4, s6, 942
core   0: 3 0x80001f42 (0x3aeb6e93) x29 0xdf9887af
core   0: 0x80001f46 (0x0000821d) c.srli  a2, 7
core   0: 3 0x80001f46 (0x821d) x12 0x011fffc5
core   0: 0x80001f48 (0x00008c09) c.sub   s0, a0
core   0: 3 0x80001f48 (0x8c09) x 8 0x0ffeb6bc
core   0: 0x80001f4a (0x026dcdb3) div     s11, s11, t1
core   0: 3 0x80001f4a (0x026dcdb3) x27 0xffffffff
core   0: 0x80001f4e (0x00008f2d) c.xor   a4, a1
core   0: 3 0x80001f4e (0x8f2d) x14 0x0fff0f9c
core   0: 0x80001f50 (0x402888b3) sub     a7, a7, sp
core   0: 3 0x80001f50 (0x402888b3) x17 0x70002030
core   0: 0x80001f54 (0x00008761) c.srai  a4, 24
core   0: 3 0x80001f54 (0x8761) x14 0x0000000f
core   0: 0x80001f56 (0x03c46ab3) rem     s5, s0, t3
core   0: 3 0x80001f56 (0x03c46ab3) x21 0x00000090
core   0: 0x80001f5a (0x019cde13) srli    t3, s9, 25
core   0: 3 0x80001f5a (0x019cde13) x28 0x0000007a
core   0: 0x80001f5e (0x021b16b3) mulh    a3, s6, ra
core   0: 3 0x80001f5e (0x021b16b3) x13 0x00000000
core   0: 0x80001f62 (0x0544fb93) andi    s7, s1, 84
core   0: 3 0x80001f62 (0x0544fb93) x23 0x00000044
core   0: 0x80001f66 (0x00000001) c.nop
core   0: 3 0x80001f66 (0x0001)
core   0: 0x80001f68 (0x03ae7d33) remu    s10, t3, s10
core   0: 3 0x80001f68 (0x03ae7d33) x26 0x0000007a
core   0: 0x80001f6c (0x0182f233) and     tp, t0, s8
core   0: 3 0x80001f6c (0x0182f233) x 4 0x60021c27
core   0: 0x80001f70 (0x03a13b33) mulhu   s6, sp, s10
core   0: 3 0x80001f70 (0x03a13b33) x22 0x00000044
core   0: 0x80001f74 (0xacda3237) lui     tp, 0xacda3
core   0: 3 0x80001f74 (0xacda3237) x 4 0xacda3000
core   0: 0x80001f78 (0x00008c41) c.or    s0, s0
core   0: 3 0x80001f78 (0x8c41) x 8 0x0ffeb6bc
core   0: 0x80001f7a (0x00e69d93) slli    s11, a3, 14
core   0: 3 0x80001f7a (0x00e69d93) x27 0x00000000
core   0: 0x80001f7e (0x005be333) or      t1, s7, t0
core   0: 3 0x80001f7e (0x005be333) x 6 0x60221ce7
core   0: 0x80001f82 (0xd7e4bf93) sltiu   t6, s1, -642
core   0: 3 0x80001f82 (0xd7e4bf93) x31 0x00000001
core   0: 0x80001f86 (0x52de6813) ori     a6, t3, 1325
core   0: 3 0x80001f86 (0x52de6813) x16 0x0000057f
core   0: 0x80001f8a (0x00ce1a33) sll     s4, t3, a2
core   0: 3 0x80001f8a (0x00ce1a33) x20 0x00000f40
core   0: 0x80001f8e (0x03f54db3) div     s11, a0, t6
core   0: 3 0x80001f8e (0x03f54db3) x27 0x80012ce4
core   0: 0x80001f92 (0x02237133) remu    sp, t1, sp
core   0: 3 0x80001f92 (0x02237133) x 2 0x60221ce7
core   0: 0x80001f96 (0x035f8b33) mul     s6, t6, s5
core   0: 3 0x80001f96 (0x035f8b33) x22 0x00000090
core   0: 0x80001f9a (0x406cdd33) sra     s10, s9, t1
core   0: 3 0x80001f9a (0x406cdd33) x26 0xffeb223c
core   0: 0x80001f9e (0x000080cd) c.srli  s1, 19
core   0: 3 0x80001f9e (0x80cd) x 9 0x00001000
core   0: 0x80001fa0 (0x00009aa6) c.add   s5, s1
core   0: 3 0x80001fa0 (0x9aa6) x21 0x00001090
core   0: 0x80001fa2 (0x40825893) srai    a7, tp, 8
core   0: 3 0x80001fa2 (0x40825893) x17 0xffacda30
core   0: 0x80001fa6 (0x028961b3) rem     gp, s2, s0
core   0: 3 0x80001fa6 (0x028961b3) x 3 0x0fe01b01
core   0: 0x80001faa (0xf8de5d97) auipc   s11, 0xf8de5
core   0: 3 0x80001faa (0xf8de5d97) x27 0x78de6faa
core   0: 0x80001fae (0x00008c5d) c.or    s0, a5
core   0: 3 0x80001fae (0x8c5d) x 8 0x0ffeb6bc
core   0: 0x80001fb0 (0x02ebe433) rem     s0, s7, a4
core   0: 3 0x80001fb0 (0x02ebe433) x 8 0x00000008
core   0: 0x80001fb4 (0x00008c9d) c.sub   s1, a5
core   0: 3 0x80001fb4 (0x8c9d) x 9 0x00001000
core   0: 0x80001fb6 (0x000002c6) c.slli  t0, 17
core   0: 3 0x80001fb6 (0x02c6) x 5 0x394e0000
core   0: 0x80001fb8 (0x9b6cf713) andi    a4, s9, -1610
core   0: 3 0x80001fb8 (0x9b6cf713) x14 0xf5911832
core   0: 0x80001fbc (0xfb434697) auipc   a3, 0xfb434
core   0: 3 0x80001fbc (0xfb434697) x13 0x7b435fbc
core   0: 0x80001fc0 (0x32c36113) ori     sp, t1, 812
core   0: 3 0x80001fc0 (0x32c36113) x 2 0x60221fef
core   0: 0x80001fc4 (0x01ecfb93) andi    s7, s9, 30
core   0: 3 0x80001fc4 (0x01ecfb93) x23 0x00000012
core   0: 0x80001fc8 (0x02414e33) div     t3, sp, tp
core   0: 3 0x80001fc8 (0x02414e33) x28 0xffffffff
core   0: 0x80001fcc (0x403b5733) sra     a4, s6, gp
core   0: 3 0x80001fcc (0x403b5733) x14 0x00000048
core   0: 0x80001fd0 (0x00008f6d) c.and   a4, a1
core   0: 3 0x80001fd0 (0x8f6d) x14 0x00000040
core   0: 0x80001fd2 (0x014e9313) slli    t1, t4, 20
core   0: 3 0x80001fd2 (0x014e9313) x 6 0x7af00000
core   0: 0x80001fd6 (0x030cb4b3) mulhu   s1, s9, a6
core   0: 3 0x80001fd6 (0x030cb4b3) x 9 0x00000545
core   0: 0x80001fda (0x00008af9) c.andi  a3, 30
core   0: 3 0x80001fda (0x8af9) x13 0x0000001c
core   0: 0x80001fdc (0x01e4b933) sltu    s2, s1, t5
core   0: 3 0x80001fdc (0x01e4b933) x18 0x00000000
core   0: 0x80001fe0 (0x03f2c7b3) div     a5, t0, t6
core   0: 3 0x80001fe0 (0x03f2c7b3) x15 0x394e0000
core   0: 0x80001fe4 (0x00000ca9) c.addi  s9, 10
core   0: 3 0x80001fe4 (0x0ca9) x25 0xf5911e7c
core   0: 0x80001fe6 (0x00000001) c.nop
core   0: 3 0x80001fe6 (0x0001)
core   0: 0x80001fe8 (0x00008fd1) c.or    a5, a2
core   0: 3 0x80001fe8 (0x8fd1) x15 0x395fffc5
core   0: 0x80001fea (0x40eb8cb3) sub     s9, s7, a4
core   0: 3 0x80001fea (0x40eb8cb3) x25 0xffffffd2
core   0: 0x80001fee (0x000092ee) c.add   t0, s11
core   0: 3 0x80001fee (0x92ee) x 5 0xb22c6faa
core   0: 0x80001ff0 (0x00009cb2) c.add   s9, a2
core   0: 3 0x80001ff0 (0x9cb2) x25 0x011fff97
core   0: 0x80001ff2 (0x027b9933) mulh    s2, s7, t2
core   0: 3 0x80001ff2 (0x027b9933) x18 0x00000005
core   0: 0x80001ff6 (0x689ba293) slti    t0, s7, 1673
core   0: 3 0x80001ff6 (0x689ba293) x 5 0x00000001
core   0: 0x80001ffa (0x0000063d) c.addi  a2, 15
core   0: 3 0x80001ffa (0x063d) x12 0x011fffd4
core   0: 0x80001ffc (0x029554b3) divu    s1, a0, s1
core   0: 3 0x80001ffc (0x029554b3) x 9 0x00184a9c
core   0: 0x80002000 (0x0313d033) divu    zero, t2, a7
core   0: 3 0x80002000 (0x0313d033)
core   0: 0x80002004 (0x029fdd33) divu    s10, t6, s1
core   0: 3 0x80002004 (0x029fdd33) x26 0x00000000
core   0: 0x80002008 (0x0322b2b3) mulhu   t0, t0, s2
core   0: 3 0x80002008 (0x0322b2b3) x 5 0x00000000
core   0: 0x8000200c (0x0000049c) c.addi4spn a5, sp, 576
core   0: 3 0x8000200c (0x049c) x15 0x6022222f
core   0: 0x8000200e (0x015a7db3) and     s11, s4, s5
core   0: 3 0x8000200e (0x015a7db3) x27 0x00000000
core   0: 0x80002012 (0x000080d9) c.srli  s1, 22
core   0: 3 0x80002012 (0x80d9) x 9 0x00000000
core   0: 0x80002014 (0x40100b33) sub     s6, zero, ra
core   0: 3 0x80002014 (0x40100b33) x22 0x00000001
core   0: 0x80002018 (0x000093d6) c.add   t2, s5
core   0: 3 0x80002018 (0x93d6) x 7 0x4ed35090
core   0: 0x8000201a (0x01150d33) add     s10, a0, a7
core   0: 3 0x8000201a (0x01150d33) x26 0x7fae0714
core   0: 0x8000201e (0x01437bb3) and     s7, t1, s4
core   0: 3 0x8000201e (0x01437bb3) x23 0x00000000
core   0: 0x80002022 (0x014ca9b3) slt     s3, s9, s4
core   0: 3 0x80002022 (0x014ca9b3) x19 0x00000000
core   0: 0x80002026 (0x146f3693) sltiu   a3, t5, 326
core   0: 3 0x80002026 (0x146f3693) x13 0x00000001
core   0: 0x8000202a (0x00000fed) c.addi  t6, 27
core   0: 3 0x8000202a (0x0fed) x31 0x0000001c
core   0: 0x8000202c (0x41cf8db3) sub     s11, t6, t3
core   0: 3 0x8000202c (0x41cf8db3) x27 0x0000001d
core   0: 0x80002030 (0x01d948b3) xor     a7, s2, t4
core   0: 3 0x80002030 (0x01d948b3) x17 0xdf9887aa
core   0: 0x80002034 (0x85fd0613) addi    a2, s10, -1953
core   0: 3 0x80002034 (0x85fd0613) x12 0x7fadff73
core   0: 0x80002038 (0x02e41bb3) mulh    s7, s0, a4
core   0: 3 0x80002038 (0x02e41bb3) x23 0x00000000
core   0: 0x8000203c (0x00db0e33) add     t3, s6, a3
core   0: 3 0x8000203c (0x00db0e33) x28 0x00000002
core   0: 0x80002040 (0x000084c9) c.srai  s1, 18
core   0: 3 0x80002040 (0x84c9) x 9 0x00000000
core   0: 0x80002042 (0x000057fd) c.li    a5, -1
core   0: 3 0x80002042 (0x57fd) x15 0xffffffff
core   0: 0x80002044 (0x5e566c93) ori     s9, a2, 1509
core   0: 3 0x80002044 (0x5e566c93) x25 0x7fadfff7
core   0: 0x80002048 (0x7b5a0737) lui     a4, 0x7b5a0
core   0: 3 0x80002048 (0x7b5a0737) x14 0x7b5a0000
core   0: 0x8000204c (0x00001ffd) c.addi  t6, -1
core   0: 3 0x8000204c (0x1ffd) x31 0x0000001b
core   0: 0x8000204e (0x097d9e37) lui     t3, 0x97d9
core   0: 3 0x8000204e (0x097d9e37) x28 0x097d9000
core   0: 0x80002052 (0x00006111) c.addi16sp sp, 256
core   0: 3 0x80002052 (0x6111) x 2 0x602220ef
core   0: 0x80002054 (0x0b146813) ori     a6, s0, 177
core   0: 3 0x80002054 (0x0b146813) x16 0x000000b9
core   0: 0x80002058 (0xda21e813) ori     a6, gp, -606
core   0: 3 0x80002058 (0xda21e813) x16 0xffffffa3
core   0: 0x8000205c (0x00fd9293) slli    t0, s11, 15
core   0: 3 0x8000205c (0x00fd9293) x 5 0x000e8000
core   0: 0x80002060 (0x55ae2e13) slti    t3, t3, 1370
core   0: 3 0x80002060 (0x55ae2e13) x28 0x00000000
core   0: 0x80002064 (0x00008c3d) c.xor   s0, a5
core   0: 3 0x80002064 (0x8c3d) x 8 0xfffffff7
core   0: 0x80002066 (0x0169d033) srl     zero, s3, s6
core   0: 3 0x80002066 (0x0169d033)
core   0: 0x8000206a (0x0194e7b3) or      a5, s1, s9
core   0: 3 0x8000206a (0x0194e7b3) x15 0x7fadfff7
core   0: 0x8000206e (0x410cd013) srai    zero, s9, 16
core   0: 3 0x8000206e (0x410cd013)
core   0: 0x80002072 (0x00895633) srl     a2, s2, s0
core   0: 3 0x80002072 (0x00895633) x12 0x00000000
core   0: 0x80002076 (0x00008345) c.srli  a4, 17
core   0: 3 0x80002076 (0x8345) x14 0x00003dad
core   0: 0x80002078 (0x00b773b3) and     t2, a4, a1
core   0: 3 0x80002078 (0x00b773b3) x 7 0x00002c24
core   0: 0x8000207c (0x000063f1) c.lui   t2, 0x1c
core   0: 3 0x8000207c (0x63f1) x 7 0x0001c000
core   0: 0x8000207e (0x01051e33) sll     t3, a0, a6
core   0: 3 0x8000207e (0x01051e33) x28 0x00096720
core   0: 0x80002082 (0x029681b3) mul     gp, a3, s1
core   0: 3 0x80002082 (0x029681b3) x 3 0x00000000
core   0: 0x80002086 (0xd0b60f13) addi    t5, a2, -757
core   0: 3 0x80002086 (0xd0b60f13) x30 0xfffffd0b
core   0: 0x8000208a (0xbaad6d13) ori     s10, s10, -1110
core   0: 3 0x8000208a (0xbaad6d13) x26 0xffffffbe
core   0: 0x8000208e (0x41f08db3) sub     s11, ra, t6
core   0: 3 0x8000208e (0x41f08db3) x27 0xffffffe4
core   0: 0x80002092 (0x408b53b3) sra     t2, s6, s0
core   0: 3 0x80002092 (0x408b53b3) x 7 0x00000000
core   0: 0x80002096 (0x00004bd5) c.li    s7, 21
core   0: 3 0x80002096 (0x4bd5) x23 0x00000015
core   0: 0x80002098 (0x2e8e8d13) addi    s10, t4, 744
core   0: 3 0x80002098 (0x2e8e8d13) x26 0xdf988a97
core   0: 0x8000209c (0x03f41eb3) mulh    t4, s0, t6
core   0: 3 0x8000209c (0x03f41eb3) x29 0xffffffff
core   0: 0x800020a0 (0x98527d93) andi    s11, tp, -1659
core   0: 3 0x800020a0 (0x98527d93) x27 0xacda3000
core   0: 0x800020a4 (0x03930433) mul     s0, t1, s9
core   0: 3 0x800020a4 (0x03930433) x 8 0xad900000
core   0: 0x800020a8 (0x03ec73b3) remu    t2, s8, t5
core   0: 3 0x800020a8 (0x03ec73b3) x 7 0xffc27e3f
core   0: 0x800020ac (0x020140b3) div     ra, sp, zero
core   0: 3 0x800020ac (0x020140b3) x 1 0xffffffff
core   0: 0x800020b0 (0x00a9d6b3) srl     a3, s3, a0
core   0: 3 0x800020b0 (0x00a9d6b3) x13 0x00000000
core   0: 0x800020b4 (0x00008235) c.srli  a2, 13
core   0: 3 0x800020b4 (0x8235) x12 0x00000000
core   0: 0x800020b6 (0x0000d2b3) srl     t0, ra, zero
core   0: 3 0x800020b6 (0x0000d2b3) x 5 0xffffffff
core   0: 0x800020ba (0x0168b133) sltu    sp, a7, s6
core   0: 3 0x800020ba (0x0168b133) x 2 0x00000000
core   0: 0x800020be (0x00000001) c.nop
core   0: 3 0x800020be (0x0001)
core   0: 0x800020c0 (0x037dd7b3) divu    a5, s11, s7
core   0: 3 0x800020c0 (0x037dd7b3) x15 0x083b26db
core   0: 0x800020c4 (0x00000001) c.nop
core   0: 3 0x800020c4 (0x0001)
core   0: 0x800020c6 (0xf22cc417) auipc   s0, 0xf22cc
core   0: 3 0x800020c6 (0xf22cc417) x 8 0x722ce0c6
core   0: 0x800020ca (0x6369e393) ori     t2, s3, 1590
core   0: 3 0x800020ca (0x6369e393) x 7 0x00000636
core   0: 0x800020ce (0x03bc5433) divu    s0, s8, s11
core   0: 3 0x800020ce (0x03bc5433) x 8 0x00000001
core   0: 0x800020d2 (0x963f3613) sltiu   a2, t5, -1693
core   0: 3 0x800020d2 (0x963f3613) x12 0x00000000
core   0: 0x800020d6 (0x402f0833) sub     a6, t5, sp
core   0: 3 0x800020d6 (0x402f0833) x16 0xfffffd0b
core   0: 0x800020da (0x0000717d) c.addi16sp sp, -16
core   0: 3 0x800020da (0x717d) x 2 0xfffffff0
core   0: 0x800020dc (0x0000717d) c.addi16sp sp, -16
core   0: 3 0x800020dc (0x717d) x 2 0xffffffe0
core   0: 0x800020de (0x006ddb93) srli    s7, s11, 6
core   0: 3 0x800020de (0x006ddb93) x23 0x02b368c0
core   0: 0x800020e2 (0x00008dc6) c.mv    s11, a7
core   0: 3 0x800020e2 (0x8dc6) x27 0xdf9887aa
core   0: 0x800020e4 (0x007a0eb3) add     t4, s4, t2
core   0: 3 0x800020e4 (0x007a0eb3) x29 0x00001576
core   0: 0x800020e8 (0x00008cc1) c.or    s1, s0
core   0: 3 0x800020e8 (0x8cc1) x 9 0x00000001
core   0: 0x800020ea (0x00000001) c.nop
core   0: 3 0x800020ea (0x0001)
core   0: 0x800020ec (0x003030b3) snez    ra, gp
core   0: 3 0x800020ec (0x003030b3) x 1 0x00000000
core   0: 0x800020f0 (0x00008f71) c.and   a4, a2
core   0: 3 0x800020f0 (0x8f71) x14 0x00000000
core   0: 0x800020f2 (0x0687fb93) andi    s7, a5, 104
core   0: 3 0x800020f2 (0x0687fb93) x23 0x00000048
core   0: 0x800020f6 (0x40695e33) sra     t3, s2, t1
core   0: 3 0x800020f6 (0x40695e33) x28 0x00000005
core   0: 0x800020fa (0x00008e15) c.sub   a2, a3
core   0: 3 0x800020fa (0x8e15) x12 0x00000000
core   0: 0x800020fc (0x00008ca9) c.xor   s1, a0
core   0: 3 0x800020fc (0x8ca9) x 9 0x80012ce5
core   0: 0x800020fe (0x029f3e33) mulhu   t3, t5, s1
core   0: 3 0x800020fe (0x029f3e33) x28 0x80012b6a
core   0: 0x80002102 (0x00008019) c.srli  s0, 6
core   0: 3 0x80002102 (0x8019) x 8 0x00000000
core   0: 0x80002104 (0x008e3ab3) sltu    s5, t3, s0
core   0: 3 0x80002104 (0x008e3ab3) x21 0x00000000
core   0: 0x80002108 (0x02432f33) mulhsu  t5, t1, tp
core   0: 3 0x80002108 (0x02432f33) x30 0x5302076d
core   0: 0x8000210c (0x03278233) mul     tp, a5, s2
core   0: 3 0x8000210c (0x03278233) x 4 0x2927c247
core   0: 0x80002110 (0x00008475) c.srai  s0, 29
core   0: 3 0x80002110 (0x8475) x 8 0x00000000
core   0: 0x80002112 (0x0086d4b3) srl     s1, a3, s0
core   0: 3 0x80002112 (0x0086d4b3) x 9 0x00000000
core   0: 0x80002116 (0x00008f31) c.xor   a4, a2
core   0: 3 0x80002116 (0x8f31) x14 0x00000000
core   0: 0x80002118 (0x035966b3) rem     a3, s2, s5
core   0: 3 0x80002118 (0x035966b3) x13 0x00000005
core   0: 0x8000211c (0x00000001) c.nop
core   0: 3 0x8000211c (0x0001)
core   0: 0x8000211e (0x01e8b833) sltu    a6, a7, t5
core   0: 3 0x8000211e (0x01e8b833) x16 0x00000000
core   0: 0x80002122 (0x00008ca9) c.xor   s1, a0
core   0: 3 0x80002122 (0x8ca9) x 9 0x80012ce4
core   0: 0x80002124 (0xda2eae93) slti    t4, t4, -606
core   0: 3 0x80002124 (0xda2eae93) x29 0x00000000
core   0: 0x80002128 (0x03f40b33) mul     s6, s0, t6
core   0: 3 0x80002128 (0x03f40b33) x22 0x00000000
core   0: 0x8000212c (0x41ea5733) sra     a4, s4, t5
core   0: 3 0x8000212c (0x41ea5733) x14 0x00000000
core   0: 0x80002130 (0x00008cfd) c.and   s1, a5
core   0: 3 0x80002130 (0x8cfd) x 9 0x000124c0
core   0: 0x80002132 (0x027fe033) rem     zero, t6, t2
core   0: 3 0x80002132 (0x027fe033)
core   0: 0x80002136 (0x40548433) sub     s0, s1, t0
core   0: 3 0x80002136 (0x40548433) x 8 0x000124c1
core   0: 0x8000213a (0x00000001) c.nop
core   0: 3 0x8000213a (0x0001)
core   0: 0x8000213c (0x89ab8fb7) lui     t6, 0x89ab8
core   0: 3 0x8000213c (0x89ab8fb7) x31 0x89ab8000
core   0: 0x80002140 (0x017f9793) slli    a5, t6, 23
core   0: 3 0x80002140 (0x017f9793) x15 0x00000000
core   0: 0x80002144 (0x03d2c3b3) div     t2, t0, t4
core   0: 3 0x80002144 (0x03d2c3b3) x 7 0xffffffff
core   0: 0x80002148 (0xcafb4fb7) lui     t6, 0xcafb4
core   0: 3 0x80002148 (0xcafb4fb7) x31 0xcafb4000
core   0: 0x8000214c (0x00000a86) c.slli  s5, 1
core   0: 3 0x8000214c (0x0a86) x21 0x00000000
core   0: 0x8000214e (0x00c3a133) slt     sp, t2, a2
core   0: 3 0x8000214e (0x00c3a133) x 2 0x00000001
core   0: 0x80002152 (0xcdb48813) addi    a6, s1, -805
core   0: 3 0x80002152 (0xcdb48813) x16 0x0001219b
core   0: 0x80002156 (0x00c6fe33) and     t3, a3, a2
core   0: 3 0x80002156 (0x00c6fe33) x28 0x00000000
core   0: 0x8000215a (0x41918d33) sub     s10, gp, s9
core   0: 3 0x8000215a (0x41918d33) x26 0x80520009
core   0: 0x8000215e (0x0000008e) c.slli  ra, 3
core   0: 3 0x8000215e (0x008e) x 1 0x00000000
core   0: 0x80002160 (0xfff00e93) li      t4, -1
core   0: 3 0x80002160 (0xfff00e93) x29 0xffffffff
core   0: 0x80002164 (0xd00087b7) lui     a5, 0xd0008
core   0: 3 0x80002164 (0xd00087b7) x15 0xd0008000
core   0: 0x80002168 (0xdb778793) addi    a5, a5, -585
core   0: 3 0x80002168 (0xdb778793) x15 0xd0007db7
core   0: 0x8000216c (0x80000e37) lui     t3, 0x80000
core   0: 3 0x8000216c (0x80000e37) x28 0x80000000
core   0: 0x80002170 (0x9d05d3b7) lui     t2, 0x9d05d
core   0: 3 0x80002170 (0x9d05d3b7) x 7 0x9d05d000
core   0: 0x80002174 (0x39d38393) addi    t2, t2, 925
core   0: 3 0x80002174 (0x39d38393) x 7 0x9d05d39d
core   0: 0x80002178 (0xfff00193) li      gp, -1
core   0: 3 0x80002178 (0xfff00193) x 3 0xffffffff
core   0: 0x8000217c (0xfff00893) li      a7, -1
core   0: 3 0x8000217c (0xfff00893) x17 0xffffffff
core   0: 0x80002180 (0x00004d01) c.li    s10, 0
core   0: 3 0x80002180 (0x4d01) x26 0x00000000
core   0: 0x80002182 (0xfff00113) li      sp, -1
core   0: 3 0x80002182 (0xfff00113) x 2 0xffffffff
core   0: 0x80002186 (0x00004f81) c.li    t6, 0
core   0: 3 0x80002186 (0x4f81) x31 0x00000000
core   0: 0x80002188 (0x11302f37) lui     t5, 0x11302
core   0: 3 0x80002188 (0x11302f37) x30 0x11302000
core   0: 0x8000218c (0xa81f0f13) addi    t5, t5, -1407
core   0: 3 0x8000218c (0xa81f0f13) x30 0x11301a81
core   0: 0x80002190 (0xbc410f13) addi    t5, sp, -1084
core   0: 3 0x80002190 (0xbc410f13) x30 0xfffffbc3
core   0: 0x80002194 (0x03de2d33) mulhsu  s10, t3, t4
core   0: 3 0x80002194 (0x03de2d33) x26 0x80000000
core   0: 0x80002198 (0x41ff0133) sub     sp, t5, t6
core   0: 3 0x80002198 (0x41ff0133) x 2 0xfffffbc3
core   0: 0x8000219c (0x00000001) c.nop
core   0: 3 0x8000219c (0x0001)
core   0: 0x8000219e (0x03e7ae33) mulhsu  t3, a5, t5
core   0: 3 0x8000219e (0x03e7ae33) x28 0xd0007e82
core   0: 0x800021a2 (0x00000001) c.nop
core   0: 3 0x800021a2 (0x0001)
core   0: 0x800021a4 (0x02211133) mulh    sp, sp, sp
core   0: 3 0x800021a4 (0x02211133) x 2 0x00000000
core   0: 0x800021a8 (0x0238a3b3) mulhsu  t2, a7, gp
core   0: 3 0x800021a8 (0x0238a3b3) x 7 0xffffffff
core   0: 0x800021ac (0x023793b3) mulh    t2, a5, gp
core   0: 3 0x800021ac (0x023793b3) x 7 0x00000000
core   0: 0x800021b0 (0x01e10e33) add     t3, sp, t5
core   0: 3 0x800021b0 (0x01e10e33) x28 0xfffffbc3
core   0: 0x800021b4 (0x02713e33) mulhu   t3, sp, t2
core   0: 3 0x800021b4 (0x02713e33) x28 0x00000000
core   0: 0x800021b8 (0x0ff85117) auipc   sp, 0xff85
core   0: 3 0x800021b8 (0x0ff85117) x 2 0x8ff871b8
core   0: 0x800021bc (0x0227fe33) remu    t3, a5, sp
core   0: 3 0x800021bc (0x0227fe33) x28 0x40080bff
core   0: 0x800021c0 (0xd3a10113) addi    sp, sp, -710
core   0: 3 0x800021c0 (0xd3a10113) x 2 0x8ff86ef2
core   0: 0x800021c4 (0x03a7e133) rem     sp, a5, s10
core   0: 3 0x800021c4 (0x03a7e133) x 2 0xd0007db7
core   0: 0x800021c8 (0x00000001) c.nop
core   0: 3 0x800021c8 (0x0001)
core   0: 0x800021ca (0x54428137) lui     sp, 0x54428
core   0: 3 0x800021ca (0x54428137) x 2 0x54428000
core   0: 0x800021ce (0x03f3b133) mulhu   sp, t2, t6
core   0: 3 0x800021ce (0x03f3b133) x 2 0x00000000
core   0: 0x800021d2 (0x0278fe33) remu    t3, a7, t2
core   0: 3 0x800021d2 (0x0278fe33) x28 0xffffffff
core   0: 0x800021d6 (0x03c887b3) mul     a5, a7, t3
core   0: 3 0x800021d6 (0x03c887b3) x15 0x00000001
core   0: 0x800021da (0x879dce97) auipc   t4, 0x879dc
core   0: 3 0x800021da (0x879dce97) x29 0x079de1da
core   0: 0x800021de (0x28390117) auipc   sp, 0x28390
core   0: 3 0x800021de (0x28390117) x 2 0xa83921de
core   0: 0x800021e2 (0x99211f37) lui     t5, 0x99211
core   0: 3 0x800021e2 (0x99211f37) x30 0x99211000
core   0: 0x800021e6 (0x031ef3b3) remu    t2, t4, a7
core   0: 3 0x800021e6 (0x031ef3b3) x 7 0x079de1da
core   0: 0x800021ea (0x02fd2133) mulhsu  sp, s10, a5
core   0: 3 0x800021ea (0x02fd2133) x 2 0xffffffff
core   0: 0x800021ee (0x01469493) slli    s1, a3, 20
core   0: 3 0x800021ee (0x01469493) x 9 0x00500000
core   0: 0x800021f2 (0x00008e65) c.and   a2, s1
core   0: 3 0x800021f2 (0x8e65) x12 0x00000000
core   0: 0x800021f4 (0x00001198) c.addi4spn a4, sp, 224
core   0: 3 0x800021f4 (0x1198) x14 0x000000df
core   0: 0x800021f6 (0x00008f9d) c.sub   a5, a5
core   0: 3 0x800021f6 (0x8f9d) x15 0x00000000
core   0: 0x800021f8 (0x00000efe) c.slli  t4, 31
core   0: 3 0x800021f8 (0x0efe) x29 0x00000000
core   0: 0x800021fa (0x0000717d) c.addi16sp sp, -16
core   0: 3 0x800021fa (0x717d) x 2 0xffffffef
core   0: 0x800021fc (0x00008f7a) c.mv    t5, t5
core   0: 3 0x800021fc (0x8f7a) x30 0x99211000
core   0: 0x800021fe (0xaadec717) auipc   a4, 0xaadec
core   0: 3 0x800021fe (0xaadec717) x14 0x2adee1fe
core   0: 0x80002202 (0x414f5233) sra     tp, t5, s4
core   0: 3 0x80002202 (0x414f5233) x 4 0x99211000
core   0: 0x80002206 (0x02cd7e33) remu    t3, s10, a2
core   0: 3 0x80002206 (0x02cd7e33) x28 0x80000000
core   0: 0x8000220a (0x0000871d) c.srai  a4, 7
core   0: 3 0x8000220a (0x871d) x14 0x0055bdc3
core   0: 0x8000220c (0x00000001) c.nop
core   0: 3 0x8000220c (0x0001)
core   0: 0x8000220e (0x00008f79) c.and   a4, a4
core   0: 3 0x8000220e (0x8f79) x14 0x0055bdc3
core   0: 0x80002210 (0x01e300b3) add     ra, t1, t5
core   0: 3 0x80002210 (0x01e300b3) x 1 0x14111000
core   0: 0x80002214 (0xba909b97) auipc   s7, 0xba909
core   0: 3 0x80002214 (0xba909b97) x23 0x3a90b214
core   0: 0x80002218 (0x00000001) c.nop
core   0: 3 0x80002218 (0x0001)
core   0: 0x8000221a (0x404f59b3) sra     s3, t5, tp
core   0: 3 0x8000221a (0x404f59b3) x19 0x99211000
core   0: 0x8000221e (0x00008e21) c.xor   a2, s0
core   0: 3 0x8000221e (0x8e21) x12 0x000124c1
core   0: 0x80002220 (0x41f85d13) srai    s10, a6, 31
core   0: 3 0x80002220 (0x41f85d13) x26 0x00000000
core   0: 0x80002224 (0x031a0033) mul     zero, s4, a7
core   0: 3 0x80002224 (0x031a0033)
core   0: 0x80002228 (0x00004139) c.li    sp, 14
core   0: 3 0x80002228 (0x4139) x 2 0x0000000e
core   0: 0x8000222a (0xf5192313) slti    t1, s2, -175
core   0: 3 0x8000222a (0xf5192313) x 6 0x00000000
core   0: 0x8000222e (0x0000820d) c.srli  a2, 3
core   0: 3 0x8000222e (0x820d) x12 0x00002498
core   0: 0x80002230 (0x021a8db3) mul     s11, s5, ra
core   0: 3 0x80002230 (0x021a8db3) x27 0x00000000
core   0: 0x80002234 (0x8bdf0693) addi    a3, t5, -1859
core   0: 3 0x80002234 (0x8bdf0693) x13 0x992108bd
core   0: 0x80002238 (0x000082d6) c.mv    t0, s5
core   0: 3 0x80002238 (0x82d6) x 5 0x00000000
core   0: 0x8000223a (0x0206e7b3) rem     a5, a3, zero
core   0: 3 0x8000223a (0x0206e7b3) x15 0x992108bd
core   0: 0x8000223e (0x00008f91) c.sub   a5, a2
core   0: 3 0x8000223e (0x8f91) x15 0x9920e425
core   0: 0x80002240 (0x00008e99) c.sub   a3, a4
core   0: 3 0x80002240 (0x8e99) x13 0x98cb4afa
core   0: 0x80002242 (0x00000001) c.nop
core   0: 3 0x80002242 (0x0001)
core   0: 0x80002244 (0x000080f9) c.srli  s1, 30
core   0: 3 0x80002244 (0x80f9) x 9 0x00000000
core   0: 0x80002246 (0x0000877d) c.srai  a4, 31
core   0: 3 0x80002246 (0x877d) x14 0x00000000
core   0: 0x80002248 (0x0000517d) c.li    sp, -1
core   0: 3 0x80002248 (0x517d) x 2 0xffffffff
core   0: 0x8000224a (0x00000c94) c.addi4spn a3, sp, 592
core   0: 3 0x8000224a (0x0c94) x13 0x0000024f
core   0: 0x8000224c (0x00008e7d) c.and   a2, a5
core   0: 3 0x8000224c (0x8e7d) x12 0x00002400
core   0: 0x8000224e (0x400cd733) sra     a4, s9, zero
core   0: 3 0x8000224e (0x400cd733) x14 0x7fadfff7
core   0: 0x80002252 (0x0055deb3) srl     t4, a1, t0
core   0: 3 0x80002252 (0x0055deb3) x29 0x8000ee64
core   0: 0x80002256 (0x01ac5f13) srli    t5, s8, 26
core   0: 3 0x80002256 (0x01ac5f13) x30 0x0000003f
core   0: 0x8000225a (0x00000001) c.nop
core   0: 3 0x8000225a (0x0001)
core   0: 0x8000225c (0x40715713) srai    a4, sp, 7
core   0: 3 0x8000225c (0x40715713) x14 0xffffffff
core   0: 0x80002260 (0x000084e5) c.srai  s1, 25
core   0: 3 0x80002260 (0x84e5) x 9 0x00000000
core   0: 0x80002262 (0x0000617d) c.addi16sp sp, 496
core   0: 3 0x80002262 (0x617d) x 2 0x000001ef
core   0: 0x80002264 (0x00008f7d) c.and   a4, a5
core   0: 3 0x80002264 (0x8f7d) x14 0x9920e425
core   0: 0x80002266 (0x5610e3b7) lui     t2, 0x5610e
core   0: 3 0x80002266 (0x5610e3b7) x 7 0x5610e000
core   0: 0x8000226a (0x00001cfd) c.addi  s9, -1
core   0: 3 0x8000226a (0x1cfd) x25 0x7fadfff6
core   0: 0x8000226c (0x00008ff1) c.and   a5, a2
core   0: 3 0x8000226c (0x8ff1) x15 0x00002400
core   0: 0x8000226e (0x03ab30b3) mulhu   ra, s6, s10
core   0: 3 0x8000226e (0x03ab30b3) x 1 0x00000000
core   0: 0x80002272 (0x03222833) mulhsu  a6, tp, s2
core   0: 3 0x80002272 (0x03222833) x16 0xfffffffd
core   0: 0x80002276 (0x4004de33) sra     t3, s1, zero
core   0: 3 0x80002276 (0x4004de33) x28 0x00000000
core   0: 0x8000227a (0x0000835d) c.srli  a4, 23
core   0: 3 0x8000227a (0x835d) x14 0x00000132
core   0: 0x8000227c (0x00000001) c.nop
core   0: 3 0x8000227c (0x0001)
core   0: 0x8000227e (0x41855fb3) sra     t6, a0, s8
core   0: 3 0x8000227e (0x41855fb3) x31 0xffffffff
core   0: 0x80002282 (0x0094d333) srl     t1, s1, s1
core   0: 3 0x80002282 (0x0094d333) x 6 0x00000000
core   0: 0x80002286 (0x02f91133) mulh    sp, s2, a5
core   0: 3 0x80002286 (0x02f91133) x 2 0x00000000
core   0: 0x8000228a (0x00000001) c.nop
core   0: 3 0x8000228a (0x0001)
core   0: 0x8000228c (0xfc392313) slti    t1, s2, -61
core   0: 3 0x8000228c (0xfc392313) x 6 0x00000000
core   0: 0x80002290 (0x00000d94) c.addi4spn a3, sp, 720
core   0: 3 0x80002290 (0x0d94) x13 0x000002d0
core   0: 0x80002292 (0x0382e1b3) rem     gp, t0, s8
core   0: 3 0x80002292 (0x0382e1b3) x 3 0x00000000
core   0: 0x80002296 (0x38ef7413) andi    s0, t5, 910
core   0: 3 0x80002296 (0x38ef7413) x 8 0x0000000e
core   0: 0x8000229a (0x00000001) c.nop
core   0: 3 0x8000229a (0x0001)
core   0: 0x8000229c (0x03282133) mulhsu  sp, a6, s2
core   0: 3 0x8000229c (0x03282133) x 2 0xffffffff
core   0: 0x800022a0 (0x25040193) addi    gp, s0, 592
core   0: 3 0x800022a0 (0x25040193) x 3 0x0000025e
core   0: 0x800022a4 (0x02916433) rem     s0, sp, s1
core   0: 3 0x800022a4 (0x02916433) x 8 0xffffffff
core   0: 0x800022a8 (0x01adfe33) and     t3, s11, s10
core   0: 3 0x800022a8 (0x01adfe33) x28 0x00000000
core   0: 0x800022ac (0xb5b98293) addi    t0, s3, -1189
core   0: 3 0x800022ac (0xb5b98293) x 5 0x99210b5b
core   0: 0x800022b0 (0x00008ec9) c.or    a3, a0
core   0: 3 0x800022b0 (0x8ec9) x13 0x80012ef4
core   0: 0x800022b2 (0x00006709) c.lui   a4, 0x2
core   0: 3 0x800022b2 (0x6709) x14 0x00002000
core   0: 0x800022b4 (0x00008412) c.mv    s0, tp
core   0: 3 0x800022b4 (0x8412) x 8 0x99211000
core   0: 0x800022b6 (0x0294ad33) mulhsu  s10, s1, s1
core   0: 3 0x800022b6 (0x0294ad33) x26 0x00000000
core   0: 0x800022ba (0x00006371) c.lui   t1, 0x1c
core   0: 3 0x800022ba (0x6371) x 6 0x0001c000
core   0: 0x800022bc (0x41345c93) srai    s9, s0, 19
core   0: 3 0x800022bc (0x41345c93) x25 0xfffff324
core   0: 0x800022c0 (0x7ae6bb13) sltiu   s6, a3, 1966
core   0: 3 0x800022c0 (0x7ae6bb13) x22 0x00000000
core   0: 0x800022c4 (0x01645193) srli    gp, s0, 22
core   0: 3 0x800022c4 (0x01645193) x 3 0x00000264
core   0: 0x800022c8 (0x862ea893) slti    a7, t4, -1950
core   0: 3 0x800022c8 (0x862ea893) x17 0x00000001
core   0: 0x800022cc (0x00335393) srli    t2, t1, 3
core   0: 3 0x800022cc (0x00335393) x 7 0x00003800
core   0: 0x800022d0 (0x00676833) or      a6, a4, t1
core   0: 3 0x800022d0 (0x00676833) x16 0x0001e000
core   0: 0x800022d4 (0x8c939037) lui     zero, 0x8c939
core   0: 3 0x800022d4 (0x8c939037)
core   0: 0x800022d8 (0x0045e433) or      s0, a1, tp
core   0: 3 0x800022d8 (0x0045e433) x 8 0x9921fe64
core   0: 0x800022dc (0x005f81b3) add     gp, t6, t0
core   0: 3 0x800022dc (0x005f81b3) x 3 0x99210b5a
core   0: 0x800022e0 (0x0000801d) c.srli  s0, 7
core   0: 3 0x800022e0 (0x801d) x 8 0x013243fc
core   0: 0x800022e2 (0x00008ce5) c.and   s1, s1
core   0: 3 0x800022e2 (0x8ce5) x 9 0x00000000
core   0: 0x800022e4 (0x0083ccb3) xor     s9, t2, s0
core   0: 3 0x800022e4 (0x0083ccb3) x25 0x01327bfc
core   0: 0x800022e8 (0x00da68b3) or      a7, s4, a3
core   0: 3 0x800022e8 (0x00da68b3) x17 0x80012ff4
core   0: 0x800022ec (0x2d41c113) xori    sp, gp, 724
core   0: 3 0x800022ec (0x2d41c113) x 2 0x9921098e
core   0: 0x800022f0 (0x004d1293) slli    t0, s10, 4
core   0: 3 0x800022f0 (0x004d1293) x 5 0x00000000
core   0: 0x800022f4 (0x1b5cc793) xori    a5, s9, 437
core   0: 3 0x800022f4 (0x1b5cc793) x15 0x01327a49
core   0: 0x800022f8 (0x0000610d) c.addi16sp sp, 160
core   0: 3 0x800022f8 (0x610d) x 2 0x99210a2e
core   0: 0x800022fa (0x018ede33) srl     t3, t4, s8
core   0: 3 0x800022fa (0x018ede33) x28 0x00000001
core   0: 0x800022fe (0xb2ea8113) addi    sp, s5, -1234
core   0: 3 0x800022fe (0xb2ea8113) x 2 0xfffffb2e
core   0: 0x80002302 (0x00008c41) c.or    s0, s0
core   0: 3 0x80002302 (0x8c41) x 8 0x013243fc
core   0: 0x80002304 (0x01fafb33) and     s6, s5, t6
core   0: 3 0x80002304 (0x01fafb33) x22 0x00000000
core   0: 0x80002308 (0x006e0733) add     a4, t3, t1
core   0: 3 0x80002308 (0x006e0733) x14 0x0001c001
core   0: 0x8000230c (0x03881733) mulh    a4, a6, s8
core   0: 3 0x8000230c (0x03881733) x14 0xffffff8c
core   0: 0x80002310 (0x01e88833) add     a6, a7, t5
core   0: 3 0x80002310 (0x01e88833) x16 0x80013033
core   0: 0x80002314 (0x0000717d) c.addi16sp sp, -16
core   0: 3 0x80002314 (0x717d) x 2 0xfffffb1e
core   0: 0x80002316 (0x0000987d) c.andi  s0, -1
core   0: 3 0x80002316 (0x987d) x 8 0x013243fc
core   0: 0x80002318 (0x2f5134b7) lui     s1, 0x2f513
core   0: 3 0x80002318 (0x2f5134b7) x 9 0x2f513000
core   0: 0x8000231c (0x42aee693) ori     a3, t4, 1066
core   0: 3 0x8000231c (0x42aee693) x13 0x8000ee6e
core   0: 0x80002320 (0x00008696) c.mv    a3, t0
core   0: 3 0x80002320 (0x8696) x13 0x00000000
core   0: 0x80002322 (0x00000001) c.nop
core   0: 3 0x80002322 (0x0001)
core   0: 0x80002324 (0xd88dfeb7) lui     t4, 0xd88df
core   0: 3 0x80002324 (0xd88dfeb7) x29 0xd88df000
core   0: 0x80002328 (0x00beb233) sltu    tp, t4, a1
core   0: 3 0x80002328 (0x00beb233) x 4 0x00000000
core   0: 0x8000232c (0x02d18e33) mul     t3, gp, a3
core   0: 3 0x8000232c (0x02d18e33) x28 0x00000000
core   0: 0x80002330 (0x01bb3d33) sltu    s10, s6, s11
core   0: 3 0x80002330 (0x01bb3d33) x26 0x00000000
core   0: 0x80002334 (0x03d2e733) rem     a4, t0, t4
core   0: 3 0x80002334 (0x03d2e733) x14 0x00000000
core   0: 0x80002338 (0x014f60b3) or      ra, t5, s4
core   0: 3 0x80002338 (0x014f60b3) x 1 0x00000f7f
core   0: 0x8000233c (0x00006189) c.lui   gp, 0x2
core   0: 3 0x8000233c (0x6189) x 3 0x00002000
core   0: 0x8000233e (0x03e857b3) divu    a5, a6, t5
core   0: 3 0x8000233e (0x03e857b3) x15 0x02082556
core   0: 0x80002342 (0x40acdfb3) sra     t6, s9, a0
core   0: 3 0x80002342 (0x40acdfb3) x31 0x001327bf
core   0: 0x80002346 (0x01fdf133) and     sp, s11, t6
core   0: 3 0x80002346 (0x01fdf133) x 2 0x00000000
core   0: 0x8000234a (0x00008639) c.srai  a2, 14
core   0: 3 0x8000234a (0x8639) x12 0x00000000
core   0: 0x8000234c (0x82a6cb93) xori    s7, a3, -2006
core   0: 3 0x8000234c (0x82a6cb93) x23 0xfffff82a
core   0: 0x80002350 (0x00001510) c.addi4spn a2, sp, 672
core   0: 3 0x80002350 (0x1510) x12 0x000002a0
core   0: 0x80002352 (0xc1537913) andi    s2, t1, -1003
core   0: 3 0x80002352 (0xc1537913) x18 0x0001c000
core   0: 0x80002356 (0x4074d713) srai    a4, s1, 7
core   0: 3 0x80002356 (0x4074d713) x14 0x005ea260
core   0: 0x8000235a (0x00d34233) xor     tp, t1, a3
core   0: 3 0x8000235a (0x00d34233) x 4 0x0001c000
core   0: 0x8000235e (0x010c1db3) sll     s11, s8, a6
core   0: 3 0x8000235e (0x010c1db3) x27 0xf1f80000
core   0: 0x80002362 (0x00008019) c.srli  s0, 6
core   0: 3 0x80002362 (0x8019) x 8 0x0004c90f
core   0: 0x80002364 (0x00006195) c.lui   gp, 0x5
core   0: 3 0x80002364 (0x6195) x 3 0x00005000
core   0: 0x80002366 (0x01148433) add     s0, s1, a7
core   0: 3 0x80002366 (0x01148433) x 8 0xaf525ff4
core   0: 0x8000236a (0x038343b3) div     t2, t1, s8
core   0: 3 0x8000236a (0x038343b3) x 7 0x00000000
core   0: 0x8000236e (0x00000001) c.nop
core   0: 3 0x8000236e (0x0001)
core   0: 0x80002370 (0x00000aa5) c.addi  s5, 9
core   0: 3 0x80002370 (0x0aa5) x21 0x00000009
core   0: 0x80002372 (0x00ce78b3) and     a7, t3, a2
core   0: 3 0x80002372 (0x00ce78b3) x17 0x00000000
core   0: 0x80002376 (0x00008e1d) c.sub   a2, a5
core   0: 3 0x80002376 (0x8e1d) x12 0xfdf7dd4a
core   0: 0x80002378 (0x002d2eb3) slt     t4, s10, sp
core   0: 3 0x80002378 (0x002d2eb3) x29 0x00000000
core   0: 0x8000237c (0x39b18493) addi    s1, gp, 923
core   0: 3 0x8000237c (0x39b18493) x 9 0x0000539b
core   0: 0x80002380 (0x02cb6433) rem     s0, s6, a2
core   0: 3 0x80002380 (0x02cb6433) x 8 0x00000000
core   0: 0x80002384 (0x00112cb3) slt     s9, sp, ra
core   0: 3 0x80002384 (0x00112cb3) x25 0x00000001
core   0: 0x80002388 (0x00008c3d) c.xor   s0, a5
core   0: 3 0x80002388 (0x8c3d) x 8 0x02082556
core   0: 0x8000238a (0x00136db3) or      s11, t1, ra
core   0: 3 0x8000238a (0x00136db3) x27 0x0001cf7f
core   0: 0x8000238e (0x00006939) c.lui   s2, 0xe
core   0: 3 0x8000238e (0x6939) x18 0x0000e000
core   0: 0x80002390 (0x024df933) remu    s2, s11, tp
core   0: 3 0x80002390 (0x024df933) x18 0x00000f7f
core   0: 0x80002394 (0x00000001) c.nop
core   0: 3 0x80002394 (0x0001)
core   0: 0x80002396 (0x00006d65) c.lui   s10, 0x19
core   0: 3 0x80002396 (0x6d65) x26 0x00019000
core   0: 0x80002398 (0x037faa33) mulhsu  s4, t6, s7
core   0: 3 0x80002398 (0x037faa33) x20 0x001327be
core   0: 0x8000239c (0x00000b9a) c.slli  s7, 6
core   0: 3 0x8000239c (0x0b9a) x23 0xfffe0a80
core   0: 0x8000239e (0x00008621) c.srai  a2, 8
core   0: 3 0x8000239e (0x8621) x12 0xfffdf7dd
core   0: 0x800023a0 (0x00f67333) and     t1, a2, a5
core   0: 3 0x800023a0 (0x00f67333) x 6 0x02082554
core   0: 0x800023a4 (0x0000117d) c.addi  sp, -1
core   0: 3 0x800023a4 (0x117d) x 2 0xffffffff
core   0: 0x800023a6 (0x00009aca) c.add   s5, s2
core   0: 3 0x800023a6 (0x9aca) x21 0x00000f88
core   0: 0x800023a8 (0x00aaccb3) xor     s9, s5, a0
core   0: 3 0x800023a8 (0x00aaccb3) x25 0x8001236c
core   0: 0x800023ac (0xe653cc93) xori    s9, t2, -411
core   0: 3 0x800023ac (0xe653cc93) x25 0xfffffe65
core   0: 0x800023b0 (0x41820433) sub     s0, tp, s8
core   0: 3 0x800023b0 (0x41820433) x 8 0x003f41c1
core   0: 0x800023b4 (0x031cf1b3) remu    gp, s9, a7
core   0: 3 0x800023b4 (0x031cf1b3) x 3 0xfffffe65
core   0: 0x800023b8 (0x12ceb197) auipc   gp, 0x12ceb
core   0: 3 0x800023b8 (0x12ceb197) x 3 0x92ced3b8
core   0: 0x800023bc (0x0110c1b3) xor     gp, ra, a7
core   0: 3 0x800023bc (0x0110c1b3) x 3 0x00000f7f
core   0: 0x800023c0 (0x01e9cdb3) xor     s11, s3, t5
core   0: 3 0x800023c0 (0x01e9cdb3) x27 0x9921103f
core   0: 0x800023c4 (0x00008e3d) c.xor   a2, a5
core   0: 3 0x800023c4 (0x8e3d) x12 0xfdf5d28b
core   0: 0x800023c6 (0xe2cd0917) auipc   s2, 0xe2cd0
core   0: 3 0x800023c6 (0xe2cd0917) x18 0x62cd23c6
core   0: 0x800023ca (0x01dbaf33) slt     t5, s7, t4
core   0: 3 0x800023ca (0x01dbaf33) x30 0x00000001
core   0: 0x800023ce (0xd77f2313) slti    t1, t5, -649
core   0: 3 0x800023ce (0xd77f2313) x 6 0x00000000
core   0: 0x800023d2 (0x01173333) sltu    t1, a4, a7
core   0: 3 0x800023d2 (0x01173333) x 6 0x00000000
core   0: 0x800023d6 (0x03cee133) rem     sp, t4, t3
core   0: 3 0x800023d6 (0x03cee133) x 2 0x00000000
core   0: 0x800023da (0x00008fe1) c.and   a5, s0
core   0: 3 0x800023da (0x8fe1) x15 0x00080140
core   0: 0x800023dc (0x00c91db3) sll     s11, s2, a2
core   0: 3 0x800023dc (0x00c91db3) x27 0x691e3000
core   0: 0x800023e0 (0x03e254b3) divu    s1, tp, t5
core   0: 3 0x800023e0 (0x03e254b3) x 9 0x0001c000
core   0: 0x800023e4 (0x00009a7d) c.andi  a2, -1
core   0: 3 0x800023e4 (0x9a7d) x12 0xfdf5d28b
core   0: 0x800023e6 (0x00000484) c.addi4spn s1, sp, 576
core   0: 3 0x800023e6 (0x0484) x 9 0x00000240
core   0: 0x800023e8 (0x02d5e933) rem     s2, a1, a3
core   0: 3 0x800023e8 (0x02d5e933) x18 0x8000ee64
core   0: 0x800023ec (0x00000f18) c.addi4spn a4, sp, 912
core   0: 3 0x800023ec (0x0f18) x14 0x00000390
core   0: 0x800023ee (0x00d78bb3) add     s7, a5, a3
core   0: 3 0x800023ee (0x00d78bb3) x23 0x00080140
core   0: 0x800023f2 (0x02781d33) mulh    s10, a6, t2
core   0: 3 0x800023f2 (0x02781d33) x26 0x00000000
core   0: 0x800023f6 (0x038aeeb3) rem     t4, s5, s8
core   0: 3 0x800023f6 (0x038aeeb3) x29 0x00000f88
core   0: 0x800023fa (0x92962c93) slti    s9, a2, -1751
core   0: 3 0x800023fa (0x92962c93) x25 0x00000001
core   0: 0x800023fe (0x404cdd33) sra     s10, s9, tp
core   0: 3 0x800023fe (0x404cdd33) x26 0x00000001
core   0: 0x80002402 (0x01b79693) slli    a3, a5, 27
core   0: 3 0x80002402 (0x01b79693) x13 0x00000000
core   0: 0x80002406 (0x02452fb3) mulhsu  t6, a0, tp
core   0: 3 0x80002406 (0x02452fb3) x31 0xffff2002
core   0: 0x8000240a (0x015f2e13) slti    t3, t5, 21
core   0: 3 0x8000240a (0x015f2e13) x28 0x00000001
core   0: 0x8000240e (0x000066b9) c.lui   a3, 0xe
core   0: 3 0x8000240e (0x66b9) x13 0x0000e000
core   0: 0x80002410 (0x2749b813) sltiu   a6, s3, 628
core   0: 3 0x80002410 (0x2749b813) x16 0x00000000
core   0: 0x80002414 (0x00000001) c.nop
core   0: 3 0x80002414 (0x0001)
core   0: 0x80002416 (0x00000890) c.addi4spn a2, sp, 80
core   0: 3 0x80002416 (0x0890) x12 0x00000050
core   0: 0x80002418 (0x02a712b3) mulh    t0, a4, a0
core   0: 3 0x80002418 (0x02a712b3) x 5 0xfffffe38
core   0: 0x8000241c (0x7f9eaa13) slti    s4, t4, 2041
core   0: 3 0x8000241c (0x7f9eaa13) x20 0x00000000
core   0: 0x80002420 (0x01fb4733) xor     a4, s6, t6
core   0: 3 0x80002420 (0x01fb4733) x14 0xffff2002
core   0: 0x80002424 (0x00008c29) c.xor   s0, a0
core   0: 3 0x80002424 (0x8c29) x 8 0x803e6d25
core   0: 0x80002426 (0x00006269) c.lui   tp, 0x1a
core   0: 3 0x80002426 (0x6269) x 4 0x0001a000
core   0: 0x80002428 (0x01a946b3) xor     a3, s2, s10
core   0: 3 0x80002428 (0x01a946b3) x13 0x8000ee65
core   0: 0x8000242c (0x00fe3cb3) sltu    s9, t3, a5
core   0: 3 0x8000242c (0x00fe3cb3) x25 0x00000001
core   0: 0x80002430 (0x00008e95) c.sub   a3, a3
core   0: 3 0x80002430 (0x8e95) x13 0x00000000
core   0: 0x80002432 (0x012ea3b3) slt     t2, t4, s2
core   0: 3 0x80002432 (0x012ea3b3) x 7 0x00000000
core   0: 0x80002436 (0x41345713) srai    a4, s0, 19
core   0: 3 0x80002436 (0x41345713) x14 0xfffff007
core   0: 0x8000243a (0x000014fd) c.addi  s1, -1
core   0: 3 0x8000243a (0x14fd) x 9 0x0000023f
core   0: 0x8000243c (0x00008ee1) c.and   a3, s0
core   0: 3 0x8000243c (0x8ee1) x13 0x00000000
core   0: 0x8000243e (0x03bd2a33) mulhsu  s4, s10, s11
core   0: 3 0x8000243e (0x03bd2a33) x20 0x00000000
core   0: 0x80002442 (0x0000be33) sltu    t3, ra, zero
core   0: 3 0x80002442 (0x0000be33) x28 0x00000000
core   0: 0x80002446 (0x002f5813) srli    a6, t5, 2
core   0: 3 0x80002446 (0x002f5813) x16 0x00000000
core   0: 0x8000244a (0x02efbeb3) mulhu   t4, t6, a4
core   0: 3 0x8000244a (0x02efbeb3) x29 0xffff1009
core   0: 0x8000244e (0x41c587b3) sub     a5, a1, t3
core   0: 3 0x8000244e (0x41c587b3) x15 0x8000ee64
core   0: 0x80002452 (0x000088ad) c.andi  s1, 11
core   0: 3 0x80002452 (0x88ad) x 9 0x0000000b
core   0: 0x80002454 (0x000009fa) c.slli  s3, 30
core   0: 3 0x80002454 (0x09fa) x19 0x00000000
core   0: 0x80002456 (0x036431b3) mulhu   gp, s0, s6
core   0: 3 0x80002456 (0x036431b3) x 3 0x00000000
core   0: 0x8000245a (0x00008415) c.srai  s0, 5
core   0: 3 0x8000245a (0x8415) x 8 0xfc01f369
core   0: 0x8000245c (0x41a58eb3) sub     t4, a1, s10
core   0: 3 0x8000245c (0x41a58eb3) x29 0x8000ee63
core   0: 0x80002460 (0xace10e93) addi    t4, sp, -1330
core   0: 3 0x80002460 (0xace10e93) x29 0xffffface
core   0: 0x80002464 (0x00008fd9) c.or    a5, a4
core   0: 3 0x80002464 (0x8fd9) x15 0xfffffe67
core   0: 0x80002466 (0x02ae34b3) mulhu   s1, t3, a0
core   0: 3 0x80002466 (0x02ae34b3) x 9 0x00000000
core   0: 0x8000246a (0x00000001) c.nop
core   0: 3 0x8000246a (0x0001)
core   0: 0x8000246c (0xd7d63e17) auipc   t3, 0xd7d63
core   0: 3 0x8000246c (0xd7d63e17) x28 0x57d6546c
core   0: 0x80002470 (0x03c914b3) mulh    s1, s2, t3
core   0: 3 0x80002470 (0x03c914b3) x 9 0xd4152795
core   0: 0x80002474 (0x0268c033) div     zero, a7, t1
core   0: 3 0x80002474 (0x0268c033)
core   0: 0x80002478 (0x038f31b3) mulhu   gp, t5, s8
core   0: 3 0x80002478 (0x038f31b3) x 3 0x00000000
core   0: 0x8000247c (0x00d7ceb3) xor     t4, a5, a3
core   0: 3 0x8000247c (0x00d7ceb3) x29 0xfffffe67
core   0: 0x80002480 (0x00006111) c.addi16sp sp, 256
core   0: 3 0x80002480 (0x6111) x 2 0x00000100
core   0: 0x80002482 (0x535cda97) auipc   s5, 0x535cd
core   0: 3 0x80002482 (0x535cda97) x21 0xd35cf482
core   0: 0x80002486 (0x000084b9) c.srai  s1, 14
core   0: 3 0x80002486 (0x84b9) x 9 0xffff5054
core   0: 0x80002488 (0x03ff49b3) div     s3, t5, t6
core   0: 3 0x80002488 (0x03ff49b3) x19 0x00000000
core   0: 0x8000248c (0x01ef5433) srl     s0, t5, t5
core   0: 3 0x8000248c (0x01ef5433) x 8 0x00000000
core   0: 0x80002490 (0x025281b3) mul     gp, t0, t0
core   0: 3 0x80002490 (0x025281b3) x 3 0x00032c40
core   0: 0x80002494 (0x0000717d) c.addi16sp sp, -16
core   0: 3 0x80002494 (0x717d) x 2 0x000000f0
core   0: 0x80002496 (0x0346d733) divu    a4, a3, s4
core   0: 3 0x80002496 (0x0346d733) x14 0xffffffff
core   0: 0x8000249a (0x0382bb33) mulhu   s6, t0, s8
core   0: 3 0x8000249a (0x0382bb33) x22 0xffc27c77
core   0: 0x8000249e (0x01a77733) and     a4, a4, s10
core   0: 3 0x8000249e (0x01a77733) x14 0x00000001
core   0: 0x800024a2 (0x000080f9) c.srli  s1, 30
core   0: 3 0x800024a2 (0x80f9) x 9 0x00000003
core   0: 0x800024a4 (0x9407f637) lui     a2, 0x9407f
core   0: 3 0x800024a4 (0x9407f637) x12 0x9407f000
core   0: 0x800024a8 (0x54260613) addi    a2, a2, 1346
core   0: 3 0x800024a8 (0x54260613) x12 0x9407f542
core   0: 0x800024ac (0x800000b7) lui     ra, 0x80000
core   0: 3 0x800024ac (0x800000b7) x 1 0x80000000
core   0: 0x800024b0 (0x3b2afcb7) lui     s9, 0x3b2af
core   0: 3 0x800024b0 (0x3b2afcb7) x25 0x3b2af000
core   0: 0x800024b4 (0x1e6c8c93) addi    s9, s9, 486
core   0: 3 0x800024b4 (0x1e6c8c93) x25 0x3b2af1e6
core   0: 0x800024b8 (0x00004981) c.li    s3, 0
core   0: 3 0x800024b8 (0x4981) x19 0x00000000
core   0: 0x800024ba (0xfff00313) li      t1, -1
core   0: 3 0x800024ba (0xfff00313) x 6 0xffffffff
core   0: 0x800024be (0xfff00793) li      a5, -1
core   0: 3 0x800024be (0xfff00793) x15 0xffffffff
core   0: 0x800024c2 (0x80000fb7) lui     t6, 0x80000
core   0: 3 0x800024c2 (0x80000fb7) x31 0x80000000
core   0: 0x800024c6 (0x00004701) c.li    a4, 0
core   0: 3 0x800024c6 (0x4701) x14 0x00000000
core   0: 0x800024c8 (0x80000d37) lui     s10, 0x80000
core   0: 3 0x800024c8 (0x80000d37) x26 0x80000000
core   0: 0x800024cc (0x00004e81) c.li    t4, 0
core   0: 3 0x800024cc (0x4e81) x29 0x00000000
core   0: 0x800024ce (0x02660d33) mul     s10, a2, t1
core   0: 3 0x800024ce (0x02660d33) x26 0x6bf80abe
core   0: 0x800024d2 (0x00000001) c.nop
core   0: 3 0x800024d2 (0x0001)
core   0: 0x800024d4 (0x40608333) sub     t1, ra, t1
core   0: 3 0x800024d4 (0x40608333) x 6 0x80000001
core   0: 0x800024d8 (0x01d08d33) add     s10, ra, t4
core   0: 3 0x800024d8 (0x01d08d33) x26 0x80000000
core   0: 0x800024dc (0x295d0093) addi    ra, s10, 661
core   0: 3 0x800024dc (0x295d0093) x 1 0x80000295
core   0: 0x800024e0 (0xfcd4f9b7) lui     s3, 0xfcd4f
core   0: 3 0x800024e0 (0xfcd4f9b7) x19 0xfcd4f000
core   0: 0x800024e4 (0x40630fb3) sub     t6, t1, t1
core   0: 3 0x800024e4 (0x40630fb3) x31 0x00000000
core   0: 0x800024e8 (0x7b19efb7) lui     t6, 0x7b19e
core   0: 3 0x800024e8 (0x7b19efb7) x31 0x7b19e000
core   0: 0x800024ec (0x021d7eb3) remu    t4, s10, ra
core   0: 3 0x800024ec (0x021d7eb3) x29 0x80000000
core   0: 0x800024f0 (0x406d0633) sub     a2, s10, t1
core   0: 3 0x800024f0 (0x406d0633) x12 0xffffffff
core   0: 0x800024f4 (0x40c70eb3) sub     t4, a4, a2
core   0: 3 0x800024f4 (0x40c70eb3) x29 0x00000001
core   0: 0x800024f8 (0x01a98333) add     t1, s3, s10
core   0: 3 0x800024f8 (0x01a98333) x 6 0x7cd4f000
core   0: 0x800024fc (0x03f9bcb3) mulhu   s9, s3, t6
core   0: 3 0x800024fc (0x03f9bcb3) x25 0x7993dd55
core   0: 0x80002500 (0x01d30fb3) add     t6, t1, t4
core   0: 3 0x80002500 (0x01d30fb3) x31 0x7cd4f001
core   0: 0x80002504 (0x5d7e3e97) auipc   t4, 0x5d7e3
core   0: 3 0x80002504 (0x5d7e3e97) x29 0xdd7e5504
core   0: 0x80002508 (0x0330ed33) rem     s10, ra, s3
core   0: 3 0x80002508 (0x0330ed33) x26 0xfeba8295
core   0: 0x8000250c (0x41a087b3) sub     a5, ra, s10
core   0: 3 0x8000250c (0x41a087b3) x15 0x81458000
core   0: 0x80002510 (0xdc0f8e93) addi    t4, t6, -576
core   0: 3 0x80002510 (0xdc0f8e93) x29 0x7cd4edc1
core   0: 0x80002514 (0x00000001) c.nop
core   0: 3 0x80002514 (0x0001)
core   0: 0x80002516 (0x03f0ffb3) remu    t6, ra, t6
core   0: 3 0x80002516 (0x03f0ffb3) x31 0x032b1294
core   0: 0x8000251a (0x55f59637) lui     a2, 0x55f59
core   0: 3 0x8000251a (0x55f59637) x12 0x55f59000
core   0: 0x8000251e (0x03fd30b3) mulhu   ra, s10, t6
core   0: 3 0x8000251e (0x03fd30b3) x 1 0x03270b58
core   0: 0x80002522 (0x021647b3) div     a5, a2, ra
core   0: 3 0x80002522 (0x021647b3) x15 0x0000001b
core   0: 0x80002526 (0x01d980b3) add     ra, s3, t4
core   0: 3 0x80002526 (0x01d980b3) x 1 0x79a9ddc1
core   0: 0x8000252a (0x03acf333) remu    t1, s9, s10
core   0: 3 0x8000252a (0x03acf333) x 6 0x7993dd55
core   0: 0x8000252e (0x03f0f333) remu    t1, ra, t6
core   0: 3 0x8000252e (0x03f0f333) x 6 0x01451bc9
core   0: 0x80002532 (0x02c63cb3) mulhu   s9, a2, a2
core   0: 3 0x80002532 (0x02c63cb3) x25 0x1cdcfd2c
core   0: 0x80002536 (0x00000001) c.nop
core   0: 3 0x80002536 (0x0001)
core   0: 0x80002538 (0x40ce5cb3) sra     s9, t3, a2
core   0: 3 0x80002538 (0x40ce5cb3) x25 0x57d6546c
core   0: 0x8000253c (0x00000001) c.nop
core   0: 3 0x8000253c (0x0001)
core   0: 0x8000253e (0x00ad5713) srli    a4, s10, 10
core   0: 3 0x8000253e (0x00ad5713) x14 0x003faea0
core   0: 0x80002542 (0x41e2d013) srai    zero, t0, 30
core   0: 3 0x80002542 (0x41e2d013)
core   0: 0x80002546 (0x7ac2bdb7) lui     s11, 0x7ac2b
core   0: 3 0x80002546 (0x7ac2bdb7) x27 0x7ac2b000
core   0: 0x8000254a (0x00000001) c.nop
core   0: 3 0x8000254a (0x0001)
core   0: 0x8000254c (0x01791413) slli    s0, s2, 23
core   0: 3 0x8000254c (0x01791413) x 8 0x32000000
core   0: 0x80002550 (0x038cf333) remu    t1, s9, s8
core   0: 3 0x80002550 (0x038cf333) x 6 0x57d6546c
core   0: 0x80002554 (0x00006a51) c.lui   s4, 0x14
core   0: 3 0x80002554 (0x6a51) x20 0x00014000
core   0: 0x80002556 (0x00008ec9) c.or    a3, a0
core   0: 3 0x80002556 (0x8ec9) x13 0x80012ce4
core   0: 0x80002558 (0x00315e33) srl     t3, sp, gp
core   0: 3 0x80002558 (0x00315e33) x28 0x000000f0
core   0: 0x8000255c (0x000069c9) c.lui   s3, 0x12
core   0: 3 0x8000255c (0x69c9) x19 0x00012000
core   0: 0x8000255e (0x00000e14) c.addi4spn a3, sp, 784
core   0: 3 0x8000255e (0x0e14) x13 0x00000400
core   0: 0x80002560 (0x00001900) c.addi4spn s0, sp, 176
core   0: 3 0x80002560 (0x1900) x 8 0x000001a0
core   0: 0x80002562 (0x0000717d) c.addi16sp sp, -16
core   0: 3 0x80002562 (0x717d) x 2 0x000000e0
core   0: 0x80002564 (0xaf268993) addi    s3, a3, -1294
core   0: 3 0x80002564 (0xaf268993) x19 0xfffffef2
core   0: 0x80002568 (0x00000e56) c.slli  t3, 21
core   0: 3 0x80002568 (0x0e56) x28 0x1e000000
core   0: 0x8000256a (0x0000717d) c.addi16sp sp, -16
core   0: 3 0x8000256a (0x717d) x 2 0x000000d0
core   0: 0x8000256c (0x00000001) c.nop
core   0: 3 0x8000256c (0x0001)
core   0: 0x8000256e (0x013f14b3) sll     s1, t5, s3
core   0: 3 0x8000256e (0x013f14b3) x 9 0x00040000
core   0: 0x80002572 (0x019b2133) slt     sp, s6, s9
core   0: 3 0x80002572 (0x019b2133) x 2 0x00000001
core   0: 0x80002576 (0x00b33213) sltiu   tp, t1, 11
core   0: 3 0x80002576 (0x00b33213) x 4 0x00000000
core   0: 0x8000257a (0x0000808d) c.srli  s1, 3
core   0: 3 0x8000257a (0x808d) x 9 0x00008000
core   0: 0x8000257c (0xba068337) lui     t1, 0xba068
core   0: 3 0x8000257c (0xba068337) x 6 0xba068000
core   0: 0x80002580 (0xf99e4f37) lui     t5, 0xf99e4
core   0: 3 0x80002580 (0xf99e4f37) x30 0xf99e4000
core   0: 0x80002584 (0x000080a5) c.srli  s1, 9
core   0: 3 0x80002584 (0x80a5) x 9 0x00000040
core   0: 0x80002586 (0x41cd0a33) sub     s4, s10, t3
core   0: 3 0x80002586 (0x41cd0a33) x20 0xe0ba8295
core   0: 0x8000258a (0x0011d793) srli    a5, gp, 1
core   0: 3 0x8000258a (0x0011d793) x15 0x00019620
core   0: 0x8000258e (0x84883d93) sltiu   s11, a6, -1976
core   0: 3 0x8000258e (0x84883d93) x27 0x00000001
core   0: 0x80002592 (0x00006325) c.lui   t1, 0x9
core   0: 3 0x80002592 (0x6325) x 6 0x00009000
core   0: 0x80002594 (0x03b52233) mulhsu  tp, a0, s11
core   0: 3 0x80002594 (0x03b52233) x 4 0xffffffff
core   0: 0x80002598 (0x75712813) slti    a6, sp, 1879
core   0: 3 0x80002598 (0x75712813) x16 0x00000001
core   0: 0x8000259c (0x00004a01) c.li    s4, 0
core   0: 3 0x8000259c (0x4a01) x20 0x00000000
core   0: 0x8000259e (0x018cf2b3) and     t0, s9, s8
core   0: 3 0x8000259e (0x018cf2b3) x 5 0x57c2542c
core   0: 0x800025a2 (0x00000001) c.nop
core   0: 3 0x800025a2 (0x0001)
core   0: 0x800025a4 (0x52ed6b93) ori     s7, s10, 1326
core   0: 3 0x800025a4 (0x52ed6b93) x23 0xfeba87bf
core   0: 0x800025a8 (0x00008f45) c.or    a4, s1
core   0: 3 0x800025a8 (0x8f45) x14 0x003faee0
core   0: 0x800025aa (0x00a50133) add     sp, a0, a0
core   0: 3 0x800025aa (0x00a50133) x 2 0x000259c8
core   0: 0x800025ae (0x000007d6) c.slli  a5, 21
core   0: 3 0x800025ae (0x07d6) x15 0xc4000000
core   0: 0x800025b0 (0x01beeb33) or      s6, t4, s11
core   0: 3 0x800025b0 (0x01beeb33) x22 0x7cd4edc1
core   0: 0x800025b4 (0x00006189) c.lui   gp, 0x2
core   0: 3 0x800025b4 (0x6189) x 3 0x00002000
core   0: 0x800025b6 (0x228c3313) sltiu   t1, s8, 552
core   0: 3 0x800025b6 (0x228c3313) x 6 0x00000000
core   0: 0x800025ba (0x007436b3) sltu    a3, s0, t2
core   0: 3 0x800025ba (0x007436b3) x13 0x00000000
core   0: 0x800025be (0x41995b13) srai    s6, s2, 25
core   0: 3 0x800025be (0x41995b13) x22 0xffffffc0
core   0: 0x800025c2 (0x00000001) c.nop
core   0: 3 0x800025c2 (0x0001)
core   0: 0x800025c4 (0x47c70c93) addi    s9, a4, 1148
core   0: 3 0x800025c4 (0x47c70c93) x25 0x003fb35c
core   0: 0x800025c8 (0x023b7d33) remu    s10, s6, gp
core   0: 3 0x800025c8 (0x023b7d33) x26 0x00001fc0
core   0: 0x800025cc (0x00008cb9) c.xor   s1, a4
core   0: 3 0x800025cc (0x8cb9) x 9 0x003faea0
core   0: 0x800025ce (0x01aeda93) srli    s5, t4, 26
core   0: 3 0x800025ce (0x01aeda93) x21 0x0000001f
core   0: 0x800025d2 (0x00000001) c.nop
core   0: 3 0x800025d2 (0x0001)
core   0: 0x800025d4 (0x0246cab3) div     s5, a3, tp
core   0: 3 0x800025d4 (0x0246cab3) x21 0x00000000
core   0: 0x800025d8 (0x00eb1cb3) sll     s9, s6, a4
core   0: 3 0x800025d8 (0x00eb1cb3) x25 0xffffffc0
core   0: 0x800025dc (0x41e35013) srai    zero, t1, 30
core   0: 3 0x800025dc (0x41e35013)
core   0: 0x800025e0 (0x4c6a3813) sltiu   a6, s4, 1222
core   0: 3 0x800025e0 (0x4c6a3813) x16 0x00000001
core   0: 0x800025e4 (0x01af2833) slt     a6, t5, s10
core   0: 3 0x800025e4 (0x01af2833) x16 0x00000001
core   0: 0x800025e8 (0x00001b80) c.addi4spn s0, sp, 496
core   0: 3 0x800025e8 (0x1b80) x 8 0x00025bb8
core   0: 0x800025ea (0x00000001) c.nop
core   0: 3 0x800025ea (0x0001)
core   0: 0x800025ec (0x00008c3d) c.xor   s0, a5
core   0: 3 0x800025ec (0x8c3d) x 8 0xc4025bb8
core   0: 0x800025ee (0x00008f8d) c.sub   a5, a1
core   0: 3 0x800025ee (0x8f8d) x15 0x43ff119c
core   0: 0x800025f0 (0x032e3633) mulhu   a2, t3, s2
core   0: 3 0x800025f0 (0x032e3633) x12 0x0f001bef
core   0: 0x800025f4 (0xdfcbf093) andi    ra, s7, -516
core   0: 3 0x800025f4 (0xdfcbf093) x 1 0xfeba85bc
core   0: 0x800025f8 (0x000066b1) c.lui   a3, 0xc
core   0: 3 0x800025f8 (0x66b1) x13 0x0000c000
core   0: 0x800025fa (0xeb86ed13) ori     s10, a3, -328
core   0: 3 0x800025fa (0xeb86ed13) x26 0xfffffeb8
core   0: 0x800025fe (0x7fa9ba13) sltiu   s4, s3, 2042
core   0: 3 0x800025fe (0x7fa9ba13) x20 0x00000000
core   0: 0x80002602 (0x000819b3) sll     s3, a6, zero
core   0: 3 0x80002602 (0x000819b3) x19 0x00000001
core   0: 0x80002606 (0x007817b3) sll     a5, a6, t2
core   0: 3 0x80002606 (0x007817b3) x15 0x00000001
core   0: 0x8000260a (0x80000a37) lui     s4, 0x80000
core   0: 3 0x8000260a (0x80000a37) x20 0x80000000
core   0: 0x8000260e (0x80000e37) lui     t3, 0x80000
core   0: 3 0x8000260e (0x80000e37) x28 0x80000000
core   0: 0x80002612 (0x800000b7) lui     ra, 0x80000
core   0: 3 0x80002612 (0x800000b7) x 1 0x80000000
core   0: 0x80002616 (0x00004101) c.li    sp, 0
core   0: 3 0x80002616 (0x4101) x 2 0x00000000
core   0: 0x80002618 (0x800007b7) lui     a5, 0x80000
core   0: 3 0x80002618 (0x800007b7) x15 0x80000000
core   0: 0x8000261c (0x80000cb7) lui     s9, 0x80000
core   0: 3 0x8000261c (0x80000cb7) x25 0x80000000
core   0: 0x80002620 (0x800001b7) lui     gp, 0x80000
core   0: 3 0x80002620 (0x800001b7) x 3 0x80000000
core   0: 0x80002624 (0xfff00613) li      a2, -1
core   0: 3 0x80002624 (0xfff00613) x12 0xffffffff
core   0: 0x80002628 (0x80000337) lui     t1, 0x80000
core   0: 3 0x80002628 (0x80000337) x 6 0x80000000
core   0: 0x8000262c (0x00004381) c.li    t2, 0
core   0: 3 0x8000262c (0x4381) x 7 0x00000000
core   0: 0x8000262e (0x039e1e33) mulh    t3, t3, s9
core   0: 3 0x8000262e (0x039e1e33) x28 0x40000000
core   0: 0x80002632 (0x87060313) addi    t1, a2, -1936
core   0: 3 0x80002632 (0x87060313) x 6 0xfffff86f
core   0: 0x80002636 (0x72770117) auipc   sp, 0x72770
core   0: 3 0x80002636 (0x72770117) x 2 0xf2772636
core   0: 0x8000263a (0x02379cb3) mulh    s9, a5, gp
core   0: 3 0x8000263a (0x02379cb3) x25 0x40000000
core   0: 0x8000263e (0x027cf7b3) remu    a5, s9, t2
core   0: 3 0x8000263e (0x027cf7b3) x15 0x40000000
core   0: 0x80002642 (0xf6481c97) auipc   s9, 0xf6481
core   0: 3 0x80002642 (0xf6481c97) x25 0x76483642
core   0: 0x80002646 (0x42898197) auipc   gp, 0x42898
core   0: 3 0x80002646 (0x42898197) x 3 0xc289a646
core   0: 0x8000264a (0x40c10633) sub     a2, sp, a2
core   0: 3 0x8000264a (0x40c10633) x12 0xf2772637
core   0: 0x8000264e (0x000090d2) c.add   ra, s4
core   0: 3 0x8000264e (0x90d2) x 1 0x00000000
core   0: 0x80002650 (0x401e00b3) sub     ra, t3, ra
core   0: 3 0x80002650 (0x401e00b3) x 1 0x40000000
core   0: 0x80002654 (0x00000001) c.nop
core   0: 3 0x80002654 (0x0001)
core   0: 0x80002656 (0x023e3e33) mulhu   t3, t3, gp
core   0: 3 0x80002656 (0x023e3e33) x28 0x30a26991
core   0: 0x8000265a (0x41910333) sub     t1, sp, s9
core   0: 3 0x8000265a (0x41910333) x 6 0x7c2eeff4
core   0: 0x8000265e (0x40ca01b3) sub     gp, s4, a2
core   0: 3 0x8000265e (0x40ca01b3) x 3 0x8d88d9c9
core   0: 0x80002662 (0x02c393b3) mulh    t2, t2, a2
core   0: 3 0x80002662 (0x02c393b3) x 7 0x00000000
core   0: 0x80002666 (0x02fa57b3) divu    a5, s4, a5
core   0: 3 0x80002666 (0x02fa57b3) x15 0x00000002
core   0: 0x8000266a (0x03c0f633) remu    a2, ra, t3
core   0: 3 0x8000266a (0x03c0f633) x12 0x0f5d966f
core   0: 0x8000266e (0x0220a7b3) mulhsu  a5, ra, sp
core   0: 3 0x8000266e (0x0220a7b3) x15 0x3c9dc98d
core   0: 0x80002672 (0x60f6ac97) auipc   s9, 0x60f6a
core   0: 3 0x80002672 (0x60f6ac97) x25 0xe0f6c672
core   0: 0x80002676 (0x00fc8e33) add     t3, s9, a5
core   0: 3 0x80002676 (0x00fc8e33) x28 0x1d948fff
core   0: 0x8000267a (0x00fa0133) add     sp, s4, a5
core   0: 3 0x8000267a (0x00fa0133) x 2 0xbc9dc98d
core   0: 0x8000267e (0x03908333) mul     t1, ra, s9
core   0: 3 0x8000267e (0x03908333) x 6 0x80000000
core   0: 0x80002682 (0x00000001) c.nop
core   0: 3 0x80002682 (0x0001)
core   0: 0x80002684 (0x0237c1b3) div     gp, a5, gp
core   0: 3 0x80002684 (0x0237c1b3) x 3 0x00000000
core   0: 0x80002688 (0x02c667b3) rem     a5, a2, a2
core   0: 3 0x80002688 (0x02c667b3) x15 0x00000000
core   0: 0x8000268c (0x411180b3) sub     ra, gp, a7
core   0: 3 0x8000268c (0x411180b3) x 1 0x00000000
core   0: 0x80002690 (0x0199b4b3) sltu    s1, s3, s9
core   0: 3 0x80002690 (0x0199b4b3) x 9 0x00000001
core   0: 0x80002694 (0x000088da) c.mv    a7, s6
core   0: 3 0x80002694 (0x88da) x17 0xffffffc0
core   0: 0x80002696 (0x00cb0d33) add     s10, s6, a2
core   0: 3 0x80002696 (0x00cb0d33) x26 0x0f5d962f
core   0: 0x8000269a (0x00008f55) c.or    a4, a3
core   0: 3 0x8000269a (0x8f55) x14 0x003feee0
core   0: 0x8000269c (0x015954b3) srl     s1, s2, s5
core   0: 3 0x8000269c (0x015954b3) x 9 0x8000ee64
core   0: 0x800026a0 (0x02aa92b3) mulh    t0, s5, a0
core   0: 3 0x800026a0 (0x02aa92b3) x 5 0x00000000
core   0: 0x800026a4 (0x40b45093) srai    ra, s0, 11
core   0: 3 0x800026a4 (0x40b45093) x 1 0xfff8804b
core   0: 0x800026a8 (0x00009ada) c.add   s5, s6
core   0: 3 0x800026a8 (0x9ada) x21 0xffffffc0
core   0: 0x800026aa (0x00008fe5) c.and   a5, s1
core   0: 3 0x800026aa (0x8fe5) x15 0x00000000
core   0: 0x800026ac (0x00b41393) slli    t2, s0, 11
core   0: 3 0x800026ac (0x00b41393) x 7 0x12ddc000
core   0: 0x800026b0 (0x00008ff9) c.and   a5, a4
core   0: 3 0x800026b0 (0x8ff9) x15 0x00000000
core   0: 0x800026b2 (0x019396b3) sll     a3, t2, s9
core   0: 3 0x800026b2 (0x019396b3) x13 0x00000000
core   0: 0x800026b6 (0x0210ccb3) div     s9, ra, ra
core   0: 3 0x800026b6 (0x0210ccb3) x25 0x00000001
core   0: 0x800026ba (0x0000614d) c.addi16sp sp, 176
core   0: 3 0x800026ba (0x614d) x 2 0xbc9dca3d
core   0: 0x800026bc (0x4091d613) srai    a2, gp, 9
core   0: 3 0x800026bc (0x4091d613) x12 0x00000000
core   0: 0x800026c0 (0x02960833) mul     a6, a2, s1
core   0: 3 0x800026c0 (0x02960833) x16 0x00000000
core   0: 0x800026c4 (0x00006289) c.lui   t0, 0x2
core   0: 3 0x800026c4 (0x6289) x 5 0x00002000
core   0: 0x800026c6 (0x0314dfb3) divu    t6, s1, a7
core   0: 3 0x800026c6 (0x0314dfb3) x31 0x00000000
core   0: 0x800026ca (0x000094be) c.add   s1, a5
core   0: 3 0x800026ca (0x94be) x 9 0x8000ee64
core   0: 0x800026cc (0x019119b3) sll     s3, sp, s9
core   0: 3 0x800026cc (0x019119b3) x19 0x793b947a
core   0: 0x800026d0 (0x0358a3b3) mulhsu  t2, a7, s5
core   0: 3 0x800026d0 (0x0358a3b3) x 7 0xffffffc0
core   0: 0x800026d4 (0x03255cb3) divu    s9, a0, s2
core   0: 3 0x800026d4 (0x03255cb3) x25 0x00000001
core   0: 0x800026d8 (0x000000fd) c.addi  ra, 31
core   0: 3 0x800026d8 (0x00fd) x 1 0xfff8806a
core   0: 0x800026da (0x00008cbd) c.xor   s1, a5
core   0: 3 0x800026da (0x8cbd) x 9 0x8000ee64
core   0: 0x800026dc (0x00013833) sltu    a6, sp, zero
core   0: 3 0x800026dc (0x00013833) x16 0x00000000
core   0: 0x800026e0 (0x006d9493) slli    s1, s11, 6
core   0: 3 0x800026e0 (0x006d9493) x 9 0x00000040
core   0: 0x800026e4 (0x00000300) c.addi4spn s0, sp, 384
core   0: 3 0x800026e4 (0x0300) x 8 0xbc9dcbbd
core   0: 0x800026e6 (0x41c6d113) srai    sp, a3, 28
core   0: 3 0x800026e6 (0x41c6d113) x 2 0x00000000
core   0: 0x800026ea (0x0349c333) div     t1, s3, s4
core   0: 3 0x800026ea (0x0349c333) x 6 0x00000000
core   0: 0x800026ee (0x00008f95) c.sub   a5, a3
core   0: 3 0x800026ee (0x8f95) x15 0x00000000
core   0: 0x800026f0 (0x01111d13) slli    s10, sp, 17
core   0: 3 0x800026f0 (0x01111d13) x26 0x00000000
core   0: 0x800026f4 (0x02d36433) rem     s0, t1, a3
core   0: 3 0x800026f4 (0x02d36433) x 8 0x00000000
core   0: 0x800026f8 (0x0008de93) srli    t4, a7, 0
core   0: 3 0x800026f8 (0x0008de93) x29 0xffffffc0
core   0: 0x800026fc (0xdfd03413) sltiu   s0, zero, -515
core   0: 3 0x800026fc (0xdfd03413) x 8 0x00000001
core   0: 0x80002700 (0x014b4bb3) xor     s7, s6, s4
core   0: 3 0x80002700 (0x014b4bb3) x23 0x7fffffc0
core   0: 0x80002704 (0x4b46b413) sltiu   s0, a3, 1204
core   0: 3 0x80002704 (0x4b46b413) x 8 0x00000001
core   0: 0x80002708 (0x00008cd1) c.or    s1, a2
core   0: 3 0x80002708 (0x8cd1) x 9 0x00000040
core   0: 0x8000270a (0x03c00bb3) mul     s7, zero, t3
core   0: 3 0x8000270a (0x03c00bb3) x23 0x00000000
core   0: 0x8000270e (0x013f1e33) sll     t3, t5, s3
core   0: 3 0x8000270e (0x013f1e33) x28 0x00000000
core   0: 0x80002712 (0x00004f95) c.li    t6, 5
core   0: 3 0x80002712 (0x4f95) x31 0x00000005
core   0: 0x80002714 (0xf1ef0493) addi    s1, t5, -226
core   0: 3 0x80002714 (0xf1ef0493) x 9 0xf99e3f1e
core   0: 0x80002718 (0x009d63b3) or      t2, s10, s1
core   0: 3 0x80002718 (0x009d63b3) x 7 0xf99e3f1e
core   0: 0x8000271c (0x40275c93) srai    s9, a4, 2
core   0: 3 0x8000271c (0x40275c93) x25 0x000ffbb8
core   0: 0x80002720 (0x00008c71) c.and   s0, a2
core   0: 3 0x80002720 (0x8c71) x 8 0x00000000
core   0: 0x80002722 (0x02d8d133) divu    sp, a7, a3
core   0: 3 0x80002722 (0x02d8d133) x 2 0xffffffff
core   0: 0x80002726 (0x02fac7b3) div     a5, s5, a5
core   0: 3 0x80002726 (0x02fac7b3) x15 0xffffffff
core   0: 0x8000272a (0x00009946) c.add   s2, a7
core   0: 3 0x8000272a (0x9946) x18 0x8000ee24
core   0: 0x8000272c (0x009b8cb3) add     s9, s7, s1
core   0: 3 0x8000272c (0x009b8cb3) x25 0xf99e3f1e
core   0: 0x80002730 (0x00bbc1b3) xor     gp, s7, a1
core   0: 3 0x80002730 (0x00bbc1b3) x 3 0x8000ee64
core   0: 0x80002734 (0x01f6a233) slt     tp, a3, t6
core   0: 3 0x80002734 (0x01f6a233) x 4 0x00000001
core   0: 0x80002738 (0x034d44b3) div     s1, s10, s4
core   0: 3 0x80002738 (0x034d44b3) x 9 0x00000000
core   0: 0x8000273c (0x40878ab3) sub     s5, a5, s0
core   0: 3 0x8000273c (0x40878ab3) x21 0xffffffff
core   0: 0x80002740 (0x00000001) c.nop
core   0: 3 0x80002740 (0x0001)
core   0: 0x80002742 (0xe9a1b793) sltiu   a5, gp, -358
core   0: 3 0x80002742 (0xe9a1b793) x15 0x00000001
core   0: 0x80002746 (0x03022133) mulhsu  sp, tp, a6
core   0: 3 0x80002746 (0x03022133) x 2 0x00000000
core   0: 0x8000274a (0x01e823b3) slt     t2, a6, t5
core   0: 3 0x8000274a (0x01e823b3) x 7 0x00000000
core   0: 0x8000274e (0x400ada13) srai    s4, s5, 0
core   0: 3 0x8000274e (0x400ada13) x20 0xffffffff
core   0: 0x80002752 (0xd5b64d13) xori    s10, a2, -677
core   0: 3 0x80002752 (0xd5b64d13) x26 0xfffffd5b
core   0: 0x80002756 (0x038344b3) div     s1, t1, s8
core   0: 3 0x80002756 (0x038344b3) x 9 0x00000000
core   0: 0x8000275a (0x012cd693) srli    a3, s9, 18
core   0: 3 0x8000275a (0x012cd693) x13 0x00003e67
core   0: 0x8000275e (0x011217b3) sll     a5, tp, a7
core   0: 3 0x8000275e (0x011217b3) x15 0x00000001
core   0: 0x80002762 (0x4152db93) srai    s7, t0, 21
core   0: 3 0x80002762 (0x4152db93) x23 0x00000000
core   0: 0x80002766 (0x00008419) c.srai  s0, 6
core   0: 3 0x80002766 (0x8419) x 8 0x00000000
core   0: 0x80002768 (0x02e6f7b3) remu    a5, a3, a4
core   0: 3 0x80002768 (0x02e6f7b3) x15 0x00003e67
core   0: 0x8000276c (0x037822b3) mulhsu  t0, a6, s7
core   0: 3 0x8000276c (0x037822b3) x 5 0x00000000
core   0: 0x80002770 (0x0000127d) c.addi  tp, -1
core   0: 3 0x80002770 (0x127d) x 4 0x00000000
core   0: 0x80002772 (0x01306db3) or      s11, zero, s3
core   0: 3 0x80002772 (0x01306db3) x27 0x793b947a
core   0: 0x80002776 (0x00009272) c.add   tp, t3
core   0: 3 0x80002776 (0x9272) x 4 0x00000000
core   0: 0x80002778 (0xd8794997) auipc   s3, 0xd8794
core   0: 3 0x80002778 (0xd8794997) x19 0x58796778
core   0: 0x8000277c (0x0302d1b3) divu    gp, t0, a6
core   0: 3 0x8000277c (0x0302d1b3) x 3 0xffffffff
core   0: 0x80002780 (0x40a6da13) srai    s4, a3, 10
core   0: 3 0x80002780 (0x40a6da13) x20 0x0000000f
core   0: 0x80002784 (0x00006715) c.lui   a4, 0x5
core   0: 3 0x80002784 (0x6715) x14 0x00005000
core   0: 0x80002786 (0x019a1c93) slli    s9, s4, 25
core   0: 3 0x80002786 (0x019a1c93) x25 0x1e000000
core   0: 0x8000278a (0x00008071) c.srli  s0, 28
core   0: 3 0x8000278a (0x8071) x 8 0x00000000
core   0: 0x8000278c (0x00008a99) c.andi  a3, 6
core   0: 3 0x8000278c (0x8a99) x13 0x00000006
core   0: 0x8000278e (0x00000001) c.nop
core   0: 3 0x8000278e (0x0001)
core   0: 0x80002790 (0x0334c0b3) div     ra, s1, s3
core   0: 3 0x80002790 (0x0334c0b3) x 1 0x00000000
core   0: 0x80002794 (0x2332b717) auipc   a4, 0x2332b
core   0: 3 0x80002794 (0x2332b717) x14 0xa332d794
core   0: 0x80002798 (0x41a45db3) sra     s11, s0, s10
core   0: 3 0x80002798 (0x41a45db3) x27 0x00000000
core   0: 0x8000279c (0x00000912) c.slli  s2, 4
core   0: 3 0x8000279c (0x0912) x18 0x000ee240
core   0: 0x8000279e (0x019e29b3) slt     s3, t3, s9
core   0: 3 0x8000279e (0x019e29b3) x19 0x00000001
core   0: 0x800027a2 (0x00000001) c.nop
core   0: 3 0x800027a2 (0x0001)
core   0: 0x800027a4 (0x02e4cb33) div     s6, s1, a4
core   0: 3 0x800027a4 (0x02e4cb33) x22 0x00000000
core   0: 0x800027a8 (0xc2897913) andi    s2, s2, -984
core   0: 3 0x800027a8 (0xc2897913) x18 0x000ee000
core   0: 0x800027ac (0x0376c633) div     a2, a3, s7
core   0: 3 0x800027ac (0x0376c633) x12 0xffffffff
core   0: 0x800027b0 (0x4137d433) sra     s0, a5, s3
core   0: 3 0x800027b0 (0x4137d433) x 8 0x00001f33
core   0: 0x800027b4 (0xddc9ed13) ori     s10, s3, -548
core   0: 3 0x800027b4 (0xddc9ed13) x26 0xfffffddd
core   0: 0x800027b8 (0x0343edb3) rem     s11, t2, s4
core   0: 3 0x800027b8 (0x0343edb3) x27 0x00000000
core   0: 0x800027bc (0x00008c01) c.sub   s0, s0
core   0: 3 0x800027bc (0x8c01) x 8 0x00000000
core   0: 0x800027be (0x03437d33) remu    s10, t1, s4
core   0: 3 0x800027be (0x03437d33) x26 0x00000000
core   0: 0x800027c2 (0x00008c79) c.and   s0, a4
core   0: 3 0x800027c2 (0x8c79) x 8 0x00000000
core   0: 0x800027c4 (0x018089b3) add     s3, ra, s8
core   0: 3 0x800027c4 (0x018089b3) x19 0xffc27e3f
core   0: 0x800027c8 (0xb475cb93) xori    s7, a1, -1209
core   0: 3 0x800027c8 (0xb475cb93) x23 0x7fff1523
core   0: 0x800027cc (0x70207737) lui     a4, 0x70207
core   0: 3 0x800027cc (0x70207737) x14 0x70207000
core   0: 0x800027d0 (0xc4f7f713) andi    a4, a5, -945
core   0: 3 0x800027d0 (0xc4f7f713) x14 0x00003c47
core   0: 0x800027d4 (0x409251b3) sra     gp, tp, s1
core   0: 3 0x800027d4 (0x409251b3) x 3 0x00000000
core   0: 0x800027d8 (0x00008a9d) c.andi  a3, 7
core   0: 3 0x800027d8 (0x8a9d) x13 0x00000006
core   0: 0x800027da (0x404c8fb3) sub     t6, s9, tp
core   0: 3 0x800027da (0x404c8fb3) x31 0x1e000000
core   0: 0x800027de (0x00000001) c.nop
core   0: 3 0x800027de (0x0001)
core   0: 0x800027e0 (0x00006f71) c.lui   t5, 0x1c
core   0: 3 0x800027e0 (0x6f71) x30 0x0001c000
core   0: 0x800027e2 (0x1c74e313) ori     t1, s1, 455
core   0: 3 0x800027e2 (0x1c74e313) x 6 0x000001c7
core   0: 0x800027e6 (0x41055733) sra     a4, a0, a6
core   0: 3 0x800027e6 (0x41055733) x14 0x80012ce4
core   0: 0x800027ea (0x00008779) c.srai  a4, 30
core   0: 3 0x800027ea (0x8779) x14 0xfffffffe
core   0: 0x800027ec (0x02caceb3) div     t4, s5, a2
core   0: 3 0x800027ec (0x02caceb3) x29 0x00000001
core   0: 0x800027f0 (0x00008a35) c.andi  a2, 13
core   0: 3 0x800027f0 (0x8a35) x12 0x0000000d
core   0: 0x800027f2 (0x00008a9d) c.andi  a3, 7
core   0: 3 0x800027f2 (0x8a9d) x13 0x00000006
core   0: 0x800027f4 (0x5dd56493) ori     s1, a0, 1501
core   0: 3 0x800027f4 (0x5dd56493) x 9 0x80012dfd
core   0: 0x800027f8 (0x00006139) c.addi16sp sp, 448
core   0: 3 0x800027f8 (0x6139) x 2 0x000001c0
core   0: 0x800027fa (0x00008fe9) c.and   a5, a0
core   0: 3 0x800027fa (0x8fe9) x15 0x00002c64
core   0: 0x800027fc (0x0000537d) c.li    t1, -1
core   0: 3 0x800027fc (0x537d) x 6 0xffffffff
core   0: 0x800027fe (0x0121ef33) or      t5, gp, s2
core   0: 3 0x800027fe (0x0121ef33) x30 0x000ee000
core   0: 0x80002802 (0x007258b3) srl     a7, tp, t2
core   0: 3 0x80002802 (0x007258b3) x17 0x00000000
core   0: 0x80002806 (0xe42ba893) slti    a7, s7, -446
core   0: 3 0x80002806 (0xe42ba893) x17 0x00000000
core   0: 0x8000280a (0x00008e45) c.or    a2, s1
core   0: 3 0x8000280a (0x8e45) x12 0x80012dfd
core   0: 0x8000280c (0x00008ced) c.and   s1, a1
core   0: 3 0x8000280c (0x8ced) x 9 0x80002c64
core   0: 0x8000280e (0x00ecab33) slt     s6, s9, a4
core   0: 3 0x8000280e (0x00ecab33) x22 0x00000000
core   0: 0x80002812 (0x03350fb3) mul     t6, a0, s3
core   0: 3 0x80002812 (0x03350fb3) x31 0x352a441c
core   0: 0x80002816 (0x02e51433) mulh    s0, a0, a4
core   0: 3 0x80002816 (0x02e51433) x 8 0x00000000
core   0: 0x8000281a (0x000009d2) c.slli  s3, 20
core   0: 3 0x8000281a (0x09d2) x19 0xe3f00000
core   0: 0x8000281c (0x03137ab3) remu    s5, t1, a7
core   0: 3 0x8000281c (0x03137ab3) x21 0xffffffff
core   0: 0x80002820 (0x00006115) c.addi16sp sp, 288
core   0: 3 0x80002820 (0x6115) x 2 0x000002e0
core   0: 0x80002822 (0x01e77f33) and     t5, a4, t5
core   0: 3 0x80002822 (0x01e77f33) x30 0x000ee000
core   0: 0x80002826 (0x00008fe5) c.and   a5, s1
core   0: 3 0x80002826 (0x8fe5) x15 0x00002c64
core   0: 0x80002828 (0x0000088e) c.slli  a7, 3
core   0: 3 0x80002828 (0x088e) x17 0x00000000
core   0: 0x8000282a (0x0000845d) c.srai  s0, 23
core   0: 3 0x8000282a (0x845d) x 8 0x00000000
core   0: 0x8000282c (0x2bc23613) sltiu   a2, tp, 700
core   0: 3 0x8000282c (0x2bc23613) x12 0x00000001
core   0: 0x80002830 (0x00000001) c.nop
core   0: 3 0x80002830 (0x0001)
core   0: 0x80002832 (0x19392a97) auipc   s5, 0x19392
core   0: 3 0x80002832 (0x19392a97) x21 0x99394832
core   0: 0x80002836 (0x03d17ab3) remu    s5, sp, t4
core   0: 3 0x80002836 (0x03d17ab3) x21 0x00000000
core   0: 0x8000283a (0x02d646b3) div     a3, a2, a3
core   0: 3 0x8000283a (0x02d646b3) x13 0x00000000
core   0: 0x8000283e (0x5eb72fb7) lui     t6, 0x5eb72
core   0: 3 0x8000283e (0x5eb72fb7) x31 0x5eb72000
core   0: 0x80002842 (0x00000001) c.nop
core   0: 3 0x80002842 (0x0001)
core   0: 0x80002844 (0x000054fd) c.li    s1, -1
core   0: 3 0x80002844 (0x54fd) x 9 0xffffffff
core   0: 0x80002846 (0xef6e8b13) addi    s6, t4, -266
core   0: 3 0x80002846 (0xef6e8b13) x22 0xfffffef7
core   0: 0x8000284a (0x00f27fb3) and     t6, tp, a5
core   0: 3 0x8000284a (0x00f27fb3) x31 0x00000000
core   0: 0x8000284e (0x00000996) c.slli  s3, 5
core   0: 3 0x8000284e (0x0996) x19 0x7e000000
core   0: 0x80002850 (0x019689b3) add     s3, a3, s9
core   0: 3 0x80002850 (0x019689b3) x19 0x1e000000
core   0: 0x80002854 (0x021b4a33) div     s4, s6, ra
core   0: 3 0x80002854 (0x021b4a33) x20 0xffffffff
core   0: 0x80002858 (0x000080d6) c.mv    ra, s5
core   0: 3 0x80002858 (0x80d6) x 1 0x00000000
core   0: 0x8000285a (0x016cc633) xor     a2, s9, s6
core   0: 3 0x8000285a (0x016cc633) x12 0xe1fffef7
core   0: 0x8000285e (0x0000179c) c.addi4spn a5, sp, 992
core   0: 3 0x8000285e (0x179c) x15 0x000006c0
core   0: 0x80002860 (0x01f99793) slli    a5, s3, 31
core   0: 3 0x80002860 (0x01f99793) x15 0x00000000
core   0: 0x80002864 (0x00008e09) c.sub   a2, a0
core   0: 3 0x80002864 (0x8e09) x12 0x61fed213
core   0: 0x80002866 (0xd0df7f17) auipc   t5, 0xd0df7
core   0: 3 0x80002866 (0xd0df7f17) x30 0x50df9866
core   0: 0x8000286a (0x00008c8d) c.sub   s1, a1
core   0: 3 0x8000286a (0x8c8d) x 9 0x7fff119b
core   0: 0x8000286c (0x00008245) c.srli  a2, 17
core   0: 3 0x8000286c (0x8245) x12 0x000030ff
core   0: 0x8000286e (0x00008cc1) c.or    s1, s0
core   0: 3 0x8000286e (0x8cc1) x 9 0x7fff119b
core   0: 0x80002870 (0x00008fa5) c.xor   a5, s1
core   0: 3 0x80002870 (0x8fa5) x15 0x7fff119b
core   0: 0x80002872 (0xbfcd6e97) auipc   t4, 0xbfcd6
core   0: 3 0x80002872 (0xbfcd6e97) x29 0x3fcd8872
core   0: 0x80002876 (0x000058fd) c.li    a7, -1
core   0: 3 0x80002876 (0x58fd) x17 0xffffffff
core   0: 0x80002878 (0x023130b3) mulhu   ra, sp, gp
core   0: 3 0x80002878 (0x023130b3) x 1 0x00000000
core   0: 0x8000287c (0x00da71b3) and     gp, s4, a3
core   0: 3 0x8000287c (0x00da71b3) x 3 0x00000000
core   0: 0x80002880 (0x00001898) c.addi4spn a4, sp, 112
core   0: 3 0x80002880 (0x1898) x14 0x00000350
core   0: 0x80002882 (0x00d97a33) and     s4, s2, a3
core   0: 3 0x80002882 (0x00d97a33) x20 0x00000000
core   0: 0x80002886 (0x01ba61b3) or      gp, s4, s11
core   0: 3 0x80002886 (0x01ba61b3) x 3 0x00000000
core   0: 0x8000288a (0x0066d493) srli    s1, a3, 6
core   0: 3 0x8000288a (0x0066d493) x 9 0x00000000
core   0: 0x8000288e (0x41418433) sub     s0, gp, s4
core   0: 3 0x8000288e (0x41418433) x 8 0x00000000
core   0: 0x80002892 (0x004fd0b3) srl     ra, t6, tp
core   0: 3 0x80002892 (0x004fd0b3) x 1 0x00000000
core   0: 0x80002896 (0x00005f7d) c.li    t5, -1
core   0: 3 0x80002896 (0x5f7d) x30 0xffffffff
core   0: 0x80002898 (0x01aec133) xor     sp, t4, s10
core   0: 3 0x80002898 (0x01aec133) x 2 0x3fcd8872
core   0: 0x8000289c (0x00f04cb3) xor     s9, zero, a5
core   0: 3 0x8000289c (0x00f04cb3) x25 0x7fff119b
core   0: 0x800028a0 (0x00000001) c.nop
core   0: 3 0x800028a0 (0x0001)
core   0: 0x800028a2 (0x3d758213) addi    tp, a1, 983
core   0: 3 0x800028a2 (0x3d758213) x 4 0x8000f23b
core   0: 0x800028a6 (0x01e20933) add     s2, tp, t5
core   0: 3 0x800028a6 (0x01e20933) x18 0x8000f23a
core   0: 0x800028aa (0x02d63133) mulhu   sp, a2, a3
core   0: 3 0x800028aa (0x02d63133) x 2 0x00000000
core   0: 0x800028ae (0x12d30a97) auipc   s5, 0x12d30
core   0: 3 0x800028ae (0x12d30a97) x21 0x92d328ae
core   0: 0x800028b2 (0x00006119) c.addi16sp sp, 384
core   0: 3 0x800028b2 (0x6119) x 2 0x00000180
core   0: 0x800028b4 (0x6206f113) andi    sp, a3, 1568
core   0: 3 0x800028b4 (0x6206f113) x 2 0x00000000
core   0: 0x800028b8 (0x000043c5) c.li    t2, 17
core   0: 3 0x800028b8 (0x43c5) x 7 0x00000011
core   0: 0x800028ba (0x00008729) c.srai  a4, 10
core   0: 3 0x800028ba (0x8729) x14 0x00000000
core   0: 0x800028bc (0xe055a093) slti    ra, a1, -507
core   0: 3 0x800028bc (0xe055a093) x 1 0x00000001
core   0: 0x800028c0 (0x00008fed) c.and   a5, a1
core   0: 3 0x800028c0 (0x8fed) x15 0x00000000
core   0: 0x800028c2 (0x00008ec1) c.or    a3, s0
core   0: 3 0x800028c2 (0x8ec1) x13 0x00000000
core   0: 0x800028c4 (0x0000838d) c.srli  a5, 3
core   0: 3 0x800028c4 (0x838d) x15 0x00000000
core   0: 0x800028c6 (0x41020a33) sub     s4, tp, a6
core   0: 3 0x800028c6 (0x41020a33) x20 0x8000f23b
core   0: 0x800028ca (0x017b6eb3) or      t4, s6, s7
core   0: 3 0x800028ca (0x017b6eb3) x29 0xfffffff7
core   0: 0x800028ce (0x02a62b33) mulhsu  s6, a2, a0
core   0: 3 0x800028ce (0x02a62b33) x22 0x0000187f
core   0: 0x800028d2 (0x000007f2) c.slli  a5, 28
core   0: 3 0x800028d2 (0x07f2) x15 0x00000000
core   0: 0x800028d4 (0x0385a933) mulhsu  s2, a1, s8
core   0: 3 0x800028d4 (0x0385a933) x18 0x801faf0b
core   0: 0x800028d8 (0x000093be) c.add   t2, a5
core   0: 3 0x800028d8 (0x93be) x 7 0x00000011
core   0: 0x800028da (0x0000987d) c.andi  s0, -1
core   0: 3 0x800028da (0x987d) x 8 0x00000000
core   0: 0x800028dc (0x41815333) sra     t1, sp, s8
core   0: 3 0x800028dc (0x41815333) x 6 0x00000000
core   0: 0x800028e0 (0x02030033) mul     zero, t1, zero
core   0: 3 0x800028e0 (0x02030033)
core   0: 0x800028e4 (0x015c6933) or      s2, s8, s5
core   0: 3 0x800028e4 (0x015c6933) x18 0xffd37ebf
core   0: 0x800028e8 (0x00008f5d) c.or    a4, a5
core   0: 3 0x800028e8 (0x8f5d) x14 0x00000000
core   0: 0x800028ea (0x03793db3) mulhu   s11, s2, s7
core   0: 3 0x800028ea (0x03793db3) x27 0x7fe8d4ab
core   0: 0x800028ee (0x02932933) mulhsu  s2, t1, s1
core   0: 3 0x800028ee (0x02932933) x18 0x00000000
core   0: 0x800028f2 (0x01e3a4b3) slt     s1, t2, t5
core   0: 3 0x800028f2 (0x01e3a4b3) x 9 0x00000000
core   0: 0x800028f6 (0x40c05c93) srai    s9, zero, 12
core   0: 3 0x800028f6 (0x40c05c93) x25 0x00000000
core   0: 0x800028fa (0x021bd6b3) divu    a3, s7, ra
core   0: 3 0x800028fa (0x021bd6b3) x13 0x7fff1523
core   0: 0x800028fe (0x00006389) c.lui   t2, 0x2
core   0: 3 0x800028fe (0x6389) x 7 0x00002000
core   0: 0x80002900 (0x008bf933) and     s2, s7, s0
core   0: 3 0x80002900 (0x008bf933) x18 0x00000000
core   0: 0x80002904 (0x02c01d33) mulh    s10, zero, a2
core   0: 3 0x80002904 (0x02c01d33) x26 0x00000000
core   0: 0x80002908 (0x00008c8d) c.sub   s1, a1
core   0: 3 0x80002908 (0x8c8d) x 9 0x7fff119c
core   0: 0x8000290a (0x000004d2) c.slli  s1, 20
core   0: 3 0x8000290a (0x04d2) x 9 0x19c00000
core   0: 0x8000290c (0x005a9193) slli    gp, s5, 5
core   0: 3 0x8000290c (0x005a9193) x 3 0x5a6515c0
core   0: 0x80002910 (0x0000137d) c.addi  t1, -1
core   0: 3 0x80002910 (0x137d) x 6 0xffffffff
core   0: 0x80002912 (0x00008ffd) c.and   a5, a5
core   0: 3 0x80002912 (0x8ffd) x15 0x00000000
core   0: 0x80002914 (0x000080b5) c.srli  s1, 13
core   0: 3 0x80002914 (0x80b5) x 9 0x0000ce00
core   0: 0x80002916 (0x02fbfa33) remu    s4, s7, a5
core   0: 3 0x80002916 (0x02fbfa33) x20 0x7fff1523
core   0: 0x8000291a (0x01b16cb3) or      s9, sp, s11
core   0: 3 0x8000291a (0x01b16cb3) x25 0x7fe8d4ab
core   0: 0x8000291e (0x00245ab3) srl     s5, s0, sp
core   0: 3 0x8000291e (0x00245ab3) x21 0x00000000
core   0: 0x80002922 (0x038b8733) mul     a4, s7, s8
core   0: 3 0x80002922 (0x038b8733) x14 0xedb36d9d
core   0: 0x80002926 (0x00e94433) xor     s0, s2, a4
core   0: 3 0x80002926 (0x00e94433) x 8 0xedb36d9d
core   0: 0x8000292a (0xcc324913) xori    s2, tp, -829
core   0: 3 0x8000292a (0xcc324913) x18 0x7fff0ef8
core   0: 0x8000292e (0x00001f10) c.addi4spn a2, sp, 944
core   0: 3 0x8000292e (0x1f10) x12 0x000003b0
core   0: 0x80002930 (0x000080d9) c.srli  s1, 22
core   0: 3 0x80002930 (0x80d9) x 9 0x00000000
core   0: 0x80002932 (0xb94d2937) lui     s2, 0xb94d2
core   0: 3 0x80002932 (0xb94d2937) x18 0xb94d2000
core   0: 0x80002936 (0x002142b3) xor     t0, sp, sp
core   0: 3 0x80002936 (0x002142b3) x 5 0x00000000
core   0: 0x8000293a (0x003b5e93) srli    t4, s6, 3
core   0: 3 0x8000293a (0x003b5e93) x29 0x0000030f
core   0: 0x8000293e (0x02b0a2b3) mulhsu  t0, ra, a1
core   0: 3 0x8000293e (0x02b0a2b3) x 5 0x00000000
core   0: 0x80002942 (0xa5b9b693) sltiu   a3, s3, -1445
core   0: 3 0x80002942 (0xa5b9b693) x13 0x00000001
core   0: 0x80002946 (0x03edb333) mulhu   t1, s11, t5
core   0: 3 0x80002946 (0x03edb333) x 6 0x7fe8d4aa
core   0: 0x8000294a (0x00008ea1) c.xor   a3, s0
core   0: 3 0x8000294a (0x8ea1) x13 0xedb36d9c
core   0: 0x8000294c (0x00ae37b3) sltu    a5, t3, a0
core   0: 3 0x8000294c (0x00ae37b3) x15 0x00000001
core   0: 0x80002950 (0x02c83cb3) mulhu   s9, a6, a2
core   0: 3 0x80002950 (0x02c83cb3) x25 0x00000000
core   0: 0x80002954 (0x94252413) slti    s0, a0, -1726
core   0: 3 0x80002954 (0x94252413) x 8 0x00000001
core   0: 0x80002958 (0x40e4ab37) lui     s6, 0x40e4a
core   0: 3 0x80002958 (0x40e4ab37) x22 0x40e4a000
core   0: 0x8000295c (0x00008f45) c.or    a4, s1
core   0: 3 0x8000295c (0x8f45) x14 0xedb36d9d
core   0: 0x8000295e (0x00699a13) slli    s4, s3, 6
core   0: 3 0x8000295e (0x00699a13) x20 0x80000000
core   0: 0x80002962 (0x02872333) mulhsu  t1, a4, s0
core   0: 3 0x80002962 (0x02872333) x 6 0xffffffff
core   0: 0x80002966 (0x01187133) and     sp, a6, a7
core   0: 3 0x80002966 (0x01187133) x 2 0x00000000
core   0: 0x8000296a (0xf053c013) xori    zero, t2, -251
core   0: 3 0x8000296a (0xf053c013)
core   0: 0x8000296e (0x00006139) c.addi16sp sp, 448
core   0: 3 0x8000296e (0x6139) x 2 0x000001c0
core   0: 0x80002970 (0x192e0713) addi    a4, t3, 402
core   0: 3 0x80002970 (0x192e0713) x14 0x00000192
core   0: 0x80002974 (0x00000f16) c.slli  t5, 5
core   0: 3 0x80002974 (0x0f16) x30 0xffffffe0
core   0: 0x80002976 (0x00008866) c.mv    a6, s9
core   0: 3 0x80002976 (0x8866) x16 0x00000000
core   0: 0x80002978 (0x99353693) sltiu   a3, a0, -1645
core   0: 3 0x80002978 (0x99353693) x13 0x00000001
core   0: 0x8000297c (0x82a9e793) ori     a5, s3, -2006
core   0: 3 0x8000297c (0x82a9e793) x15 0xfffff82a
core   0: 0x80002980 (0x000098f2) c.add   a7, t3
core   0: 3 0x80002980 (0x98f2) x17 0xffffffff
core   0: 0x80002982 (0x039042b3) div     t0, zero, s9
core   0: 3 0x80002982 (0x039042b3) x 5 0xffffffff
core   0: 0x80002986 (0x03505933) divu    s2, zero, s5
core   0: 3 0x80002986 (0x03505933) x18 0xffffffff
core   0: 0x8000298a (0x00008ec1) c.or    a3, s0
core   0: 3 0x8000298a (0x8ec1) x13 0x00000001
core   0: 0x8000298c (0xbaa3b813) sltiu   a6, t2, -1110
core   0: 3 0x8000298c (0xbaa3b813) x16 0x00000001
core   0: 0x80002990 (0x40555f13) srai    t5, a0, 5
core   0: 3 0x80002990 (0x40555f13) x30 0xfc000967
core   0: 0x80002994 (0x402dda93) srai    s5, s11, 2
core   0: 3 0x80002994 (0x402dda93) x21 0x1ffa352a
core   0: 0x80002998 (0x00404eb3) xor     t4, zero, tp
core   0: 3 0x80002998 (0x00404eb3) x29 0x8000f23b
core   0: 0x8000299c (0x00009096) c.add   ra, t0
core   0: 3 0x8000299c (0x9096) x 1 0x00000000
core   0: 0x8000299e (0x00008051) c.srli  s0, 20
core   0: 3 0x8000299e (0x8051) x 8 0x00000000
core   0: 0x800029a0 (0x00e0ad33) slt     s10, ra, a4
core   0: 3 0x800029a0 (0x00e0ad33) x26 0x00000001
core   0: 0x800029a4 (0xed204213) xori    tp, zero, -302
core   0: 3 0x800029a4 (0xed204213) x 4 0xfffffed2
core   0: 0x800029a8 (0x3eacb993) sltiu   s3, s9, 1002
core   0: 3 0x800029a8 (0x3eacb993) x19 0x00000001
core   0: 0x800029ac (0x0000988e) c.add   a7, gp
core   0: 3 0x800029ac (0x988e) x17 0x5a6515bf
core   0: 0x800029ae (0x14a8c013) xori    zero, a7, 330
core   0: 3 0x800029ae (0x14a8c013)
core   0: 0x800029b2 (0x018de433) or      s0, s11, s8
core   0: 3 0x800029b2 (0x018de433) x 8 0xffeafebf
core   0: 0x800029b6 (0x00000196) c.slli  gp, 5
core   0: 3 0x800029b6 (0x0196) x 3 0x4ca2b800
core   0: 0x800029b8 (0x00008e42) c.mv    t3, a6
core   0: 3 0x800029b8 (0x8e42) x28 0x00000001
core   0: 0x800029ba (0x8c543317) auipc   t1, 0x8c543
core   0: 3 0x800029ba (0x8c543317) x 6 0x0c5459ba
core   0: 0x800029be (0x00000001) c.nop
core   0: 3 0x800029be (0x0001)
core   0: 0x800029c0 (0x00006125) c.addi16sp sp, 96
core   0: 3 0x800029c0 (0x6125) x 2 0x00000220
core   0: 0x800029c2 (0xfb9abd13) sltiu   s10, s5, -71
core   0: 3 0x800029c2 (0xfb9abd13) x26 0x00000001
core   0: 0x800029c6 (0x010a5713) srli    a4, s4, 16
core   0: 3 0x800029c6 (0x010a5713) x14 0x00008000
core   0: 0x800029ca (0x03270833) mul     a6, a4, s2
core   0: 3 0x800029ca (0x03270833) x16 0xffff8000
core   0: 0x800029ce (0x01363033) sltu    zero, a2, s3
core   0: 3 0x800029ce (0x01363033)
core   0: 0x800029d2 (0x035d7fb3) remu    t6, s10, s5
core   0: 3 0x800029d2 (0x035d7fb3) x31 0x00000001
core   0: 0x800029d6 (0x021b8bb3) mul     s7, s7, ra
core   0: 3 0x800029d6 (0x021b8bb3) x23 0x00000000
core   0: 0x800029da (0x33f57e13) andi    t3, a0, 831
core   0: 3 0x800029da (0x33f57e13) x28 0x00000024
core   0: 0x800029de (0x00008359) c.srli  a4, 22
core   0: 3 0x800029de (0x8359) x14 0x00000000
core   0: 0x800029e0 (0x00000a22) c.slli  s4, 8
core   0: 3 0x800029e0 (0x0a22) x20 0x00000000
core   0: 0x800029e2 (0x03c2d433) divu    s0, t0, t3
core   0: 3 0x800029e2 (0x03c2d433) x 8 0x071c71c7
core   0: 0x800029e6 (0x03179933) mulh    s2, a5, a7
core   0: 3 0x800029e6 (0x03179933) x18 0xfffffd3b
core   0: 0x800029ea (0x00000001) c.nop
core   0: 3 0x800029ea (0x0001)
core   0: 0x800029ec (0x0329fe33) remu    t3, s3, s2
core   0: 3 0x800029ec (0x0329fe33) x28 0x00000001
core   0: 0x800029f0 (0x009a0e33) add     t3, s4, s1
core   0: 3 0x800029f0 (0x009a0e33) x28 0x00000000
core   0: 0x800029f4 (0x02bbed33) rem     s10, s7, a1
core   0: 3 0x800029f4 (0x02bbed33) x26 0x00000000
core   0: 0x800029f8 (0x00000156) c.slli  sp, 21
core   0: 3 0x800029f8 (0x0156) x 2 0x44000000
core   0: 0x800029fa (0x1efe4a13) xori    s4, t3, 495
core   0: 3 0x800029fa (0x1efe4a13) x20 0x000001ef
core   0: 0x800029fe (0x419201b3) sub     gp, tp, s9
core   0: 3 0x800029fe (0x419201b3) x 3 0xfffffed2
core   0: 0x80002a02 (0x00008ae9) c.andi  a3, 26
core   0: 3 0x80002a02 (0x8ae9) x13 0x00000000
core   0: 0x80002a04 (0x4080dd33) sra     s10, ra, s0
core   0: 3 0x80002a04 (0x4080dd33) x26 0x00000000
core   0: 0x80002a08 (0x01879e13) slli    t3, a5, 24
core   0: 3 0x80002a08 (0x01879e13) x28 0x2a000000
core   0: 0x80002a0c (0x00000001) c.nop
core   0: 3 0x80002a0c (0x0001)
core   0: 0x80002a0e (0x029c1933) mulh    s2, s8, s1
core   0: 3 0x80002a0e (0x029c1933) x18 0x00000000
core   0: 0x80002a12 (0x02ad14b3) mulh    s1, s10, a0
core   0: 3 0x80002a12 (0x02ad14b3) x 9 0x00000000
core   0: 0x80002a16 (0x40b85213) srai    tp, a6, 11
core   0: 3 0x80002a16 (0x40b85213) x 4 0xfffffff0
core   0: 0x80002a1a (0x45fd0313) addi    t1, s10, 1119
core   0: 3 0x80002a1a (0x45fd0313) x 6 0x0000045f
core   0: 0x80002a1e (0x03f101b3) mul     gp, sp, t6
core   0: 3 0x80002a1e (0x03f101b3) x 3 0x44000000
core   0: 0x80002a22 (0x00008f31) c.xor   a4, a2
core   0: 3 0x80002a22 (0x8f31) x14 0x000003b0
core   0: 0x80002a24 (0x00009416) c.add   s0, t0
core   0: 3 0x80002a24 (0x9416) x 8 0x071c71c6
core   0: 0x80002a26 (0x02a859b3) divu    s3, a6, a0
core   0: 3 0x80002a26 (0x02a859b3) x19 0x00000001
core   0: 0x80002a2a (0x3f58ba93) sltiu   s5, a7, 1013
core   0: 3 0x80002a2a (0x3f58ba93) x21 0x00000000
core   0: 0x80002a2e (0x0000717d) c.addi16sp sp, -16
core   0: 3 0x80002a2e (0x717d) x 2 0x43fffff0
core   0: 0x80002a30 (0x00008e42) c.mv    t3, a6
core   0: 3 0x80002a30 (0x8e42) x28 0xffff8000
core   0: 0x80002a32 (0x3287e493) ori     s1, a5, 808
core   0: 3 0x80002a32 (0x3287e493) x 9 0xfffffb2a
core   0: 0x80002a36 (0x7962b413) sltiu   s0, t0, 1942
core   0: 3 0x80002a36 (0x7962b413) x 8 0x00000000
core   0: 0x80002a3a (0xed1ec613) xori    a2, t4, -303
core   0: 3 0x80002a3a (0xed1ec613) x12 0x7fff0cea
core   0: 0x80002a3e (0x4f5b3f17) auipc   t5, 0x4f5b3
core   0: 3 0x80002a3e (0x4f5b3f17) x30 0xcf5b5a3e
core   0: 0x80002a42 (0x0307f7b3) remu    a5, a5, a6
core   0: 3 0x80002a42 (0x0307f7b3) x15 0x0000782a
core   0: 0x80002a46 (0x026cccb3) div     s9, s9, t1
core   0: 3 0x80002a46 (0x026cccb3) x25 0x00000000
core   0: 0x80002a4a (0x016aeb33) or      s6, s5, s6
core   0: 3 0x80002a4a (0x016aeb33) x22 0x40e4a000
core   0: 0x80002a4e (0x00000001) c.nop
core   0: 3 0x80002a4e (0x0001)
core   0: 0x80002a50 (0x41e60bb3) sub     s7, a2, t5
core   0: 3 0x80002a50 (0x41e60bb3) x23 0xb0a3b2ac
core   0: 0x80002a54 (0x00258e33) add     t3, a1, sp
core   0: 3 0x80002a54 (0x00258e33) x28 0xc400ee54
core   0: 0x80002a58 (0x22e85a37) lui     s4, 0x22e85
core   0: 3 0x80002a58 (0x22e85a37) x20 0x22e85000
core   0: 0x80002a5c (0x00006e3d) c.lui   t3, 0xf
core   0: 3 0x80002a5c (0x6e3d) x28 0x0000f000
core   0: 0x80002a5e (0x3e966937) lui     s2, 0x3e966
core   0: 3 0x80002a5e (0x3e966937) x18 0x3e966000
core   0: 0x80002a62 (0x0045dd93) srli    s11, a1, 4
core   0: 3 0x80002a62 (0x0045dd93) x27 0x08000ee6
core   0: 0x80002a66 (0x0039d613) srli    a2, s3, 3
core   0: 3 0x80002a66 (0x0039d613) x12 0x00000000
core   0: 0x80002a6a (0x413a04b3) sub     s1, s4, s3
core   0: 3 0x80002a6a (0x413a04b3) x 9 0x22e84fff
core   0: 0x80002a6e (0x3955a113) slti    sp, a1, 917
core   0: 3 0x80002a6e (0x3955a113) x 2 0x00000001
core   0: 0x80002a72 (0x2a9ef813) andi    a6, t4, 681
core   0: 3 0x80002a72 (0x2a9ef813) x16 0x00000229
core   0: 0x80002a76 (0x028fbbb3) mulhu   s7, t6, s0
core   0: 3 0x80002a76 (0x028fbbb3) x23 0x00000000
core   0: 0x80002a7a (0x41655393) srai    t2, a0, 22
core   0: 3 0x80002a7a (0x41655393) x 7 0xfffffe00
core   0: 0x80002a7e (0x00765c93) srli    s9, a2, 7
core   0: 3 0x80002a7e (0x00765c93) x25 0x00000000
core   0: 0x80002a82 (0xa87a4497) auipc   s1, 0xa87a4
core   0: 3 0x80002a82 (0xa87a4497) x 9 0x287a6a82
core   0: 0x80002a86 (0x01371113) slli    sp, a4, 19
core   0: 3 0x80002a86 (0x01371113) x 2 0x1d800000
core   0: 0x80002a8a (0x866bad17) auipc   s10, 0x866ba
core   0: 3 0x80002a8a (0x866bad17) x26 0x066bca8a
core   0: 0x80002a8e (0x42f50193) addi    gp, a0, 1071
core   0: 3 0x80002a8e (0x42f50193) x 3 0x80013113
core   0: 0x80002a92 (0x01e8aab3) slt     s5, a7, t5
core   0: 3 0x80002a92 (0x01e8aab3) x21 0x00000000
core   0: 0x80002a96 (0x32bd0f93) addi    t6, s10, 811
core   0: 3 0x80002a96 (0x32bd0f93) x31 0x066bcdb5
core   0: 0x80002a9a (0x00008ab2) c.mv    s5, a2
core   0: 3 0x80002a9a (0x8ab2) x21 0x00000000
core   0: 0x80002a9c (0x00008ff5) c.and   a5, a3
core   0: 3 0x80002a9c (0x8ff5) x15 0x00000000
core   0: 0x80002a9e (0x03e697b3) mulh    a5, a3, t5
core   0: 3 0x80002a9e (0x03e697b3) x15 0x00000000
core   0: 0x80002aa2 (0x005c5db3) srl     s11, s8, t0
core   0: 3 0x80002aa2 (0x005c5db3) x27 0x00000001
core   0: 0x80002aa6 (0x031ce9b3) rem     s3, s9, a7
core   0: 3 0x80002aa6 (0x031ce9b3) x19 0x00000000
core   0: 0x80002aaa (0x00000001) c.nop
core   0: 3 0x80002aaa (0x0001)
core   0: 0x80002aac (0x03411f33) mulh    t5, sp, s4
core   0: 3 0x80002aac (0x03411f33) x30 0x0405c538
core   0: 0x80002ab0 (0x24b1e013) ori     zero, gp, 587
core   0: 3 0x80002ab0 (0x24b1e013)
core   0: 0x80002ab4 (0x00f67f33) and     t5, a2, a5
core   0: 3 0x80002ab4 (0x00f67f33) x30 0x00000000
core   0: 0x80002ab8 (0x00006315) c.lui   t1, 0x5
core   0: 3 0x80002ab8 (0x6315) x 6 0x00005000
core   0: 0x80002aba (0x000086b5) c.srai  a3, 13
core   0: 3 0x80002aba (0x86b5) x13 0x00000000
core   0: 0x80002abc (0xd755f013) andi    zero, a1, -651
core   0: 3 0x80002abc (0xd755f013)
core   0: 0x80002ac0 (0x02604d33) div     s10, zero, t1
core   0: 3 0x80002ac0 (0x02604d33) x26 0x00000000
core   0: 0x80002ac4 (0x000049e1) c.li    s3, 24
core   0: 3 0x80002ac4 (0x49e1) x19 0x00000018
core   0: 0x80002ac6 (0xeb423913) sltiu   s2, tp, -332
core   0: 3 0x80002ac6 (0xeb423913) x18 0x00000000
core   0: 0x80002aca (0x000080f9) c.srli  s1, 30
core   0: 3 0x80002aca (0x80f9) x 9 0x00000000
core   0: 0x80002acc (0x40a65633) sra     a2, a2, a0
core   0: 3 0x80002acc (0x40a65633) x12 0x00000000
core   0: 0x80002ad0 (0x00215733) srl     a4, sp, sp
core   0: 3 0x80002ad0 (0x00215733) x14 0x1d800000
core   0: 0x80002ad4 (0x00008cb5) c.xor   s1, a3
core   0: 3 0x80002ad4 (0x8cb5) x 9 0x00000000
core   0: 0x80002ad6 (0x03825f33) divu    t5, tp, s8
core   0: 3 0x80002ad6 (0x03825f33) x30 0x00000001
core   0: 0x80002ada (0x408201b3) sub     gp, tp, s0
core   0: 3 0x80002ada (0x408201b3) x 3 0xfffffff0
core   0: 0x80002ade (0x00008741) c.srai  a4, 16
core   0: 3 0x80002ade (0x8741) x14 0x00001d80
core   0: 0x80002ae0 (0x02873a33) mulhu   s4, a4, s0
core   0: 3 0x80002ae0 (0x02873a33) x20 0x00000000
core   0: 0x80002ae4 (0x01ff2fb3) slt     t6, t5, t6
core   0: 3 0x80002ae4 (0x01ff2fb3) x31 0x00000001
core   0: 0x80002ae8 (0x00000001) c.nop
core   0: 3 0x80002ae8 (0x0001)
core   0: 0x80002aea (0x00008fd5) c.or    a5, a3
core   0: 3 0x80002aea (0x8fd5) x15 0x00000000
core   0: 0x80002aec (0x00735db3) srl     s11, t1, t2
core   0: 3 0x80002aec (0x00735db3) x27 0x00005000
core   0: 0x80002af0 (0x00009bfd) c.andi  a5, -1
core   0: 3 0x80002af0 (0x9bfd) x15 0x00000000
core   0: 0x80002af2 (0x0023feb3) and     t4, t2, sp
core   0: 3 0x80002af2 (0x0023feb3) x29 0x1d800000
core   0: 0x80002af6 (0x93777e93) andi    t4, a4, -1737
core   0: 3 0x80002af6 (0x93777e93) x29 0x00001900
core   0: 0x80002afa (0x404a5cb3) sra     s9, s4, tp
core   0: 3 0x80002afa (0x404a5cb3) x25 0x00000000
core   0: 0x80002afe (0x00008265) c.srli  a2, 25
core   0: 3 0x80002afe (0x8265) x12 0x00000000
core   0: 0x80002b00 (0x028f86b3) mul     a3, t6, s0
core   0: 3 0x80002b00 (0x028f86b3) x13 0x00000000
core   0: 0x80002b04 (0x00932cb3) slt     s9, t1, s1
core   0: 3 0x80002b04 (0x00932cb3) x25 0x00000000
core   0: 0x80002b08 (0x03f604b3) mul     s1, a2, t6
core   0: 3 0x80002b08 (0x03f604b3) x 9 0x00000000
core   0: 0x80002b0c (0x000080de) c.mv    ra, s7
core   0: 3 0x80002b0c (0x80de) x 1 0x00000000
core   0: 0x80002b0e (0x00000001) c.nop
core   0: 3 0x80002b0e (0x0001)
core   0: 0x80002b10 (0x021206b3) mul     a3, tp, ra
core   0: 3 0x80002b10 (0x021206b3) x13 0x00000000
core   0: 0x80002b14 (0x06f4c813) xori    a6, s1, 111
core   0: 3 0x80002b14 (0x06f4c813) x16 0x0000006f
core   0: 0x80002b18 (0x0133e033) or      zero, t2, s3
core   0: 3 0x80002b18 (0x0133e033)
core   0: 0x80002b1c (0x00008cc1) c.or    s1, s0
core   0: 3 0x80002b1c (0x8cc1) x 9 0x00000000
core   0: 0x80002b1e (0x3a058013) addi    zero, a1, 928
core   0: 3 0x80002b1e (0x3a058013)
core   0: 0x80002b22 (0x00008265) c.srli  a2, 25
core   0: 3 0x80002b22 (0x8265) x12 0x00000000
core   0: 0x80002b24 (0x0036f833) and     a6, a3, gp
core   0: 3 0x80002b24 (0x0036f833) x16 0x00000000
core   0: 0x80002b28 (0x000098fd) c.andi  s1, -1
core   0: 3 0x80002b28 (0x98fd) x 9 0x00000000
core   0: 0x80002b2a (0xedb06f13) ori     t5, zero, -293
core   0: 3 0x80002b2a (0xedb06f13) x30 0xfffffedb
core   0: 0x80002b2e (0x03818f33) mul     t5, gp, s8
core   0: 3 0x80002b2e (0x03818f33) x30 0x03d81c10
core   0: 0x80002b32 (0x03e93f33) mulhu   t5, s2, t5
core   0: 3 0x80002b32 (0x03e93f33) x30 0x00000000
core   0: 0x80002b36 (0x00000001) c.nop
core   0: 3 0x80002b36 (0x0001)
core   0: 0x80002b38 (0x025b58b3) divu    a7, s6, t0
core   0: 3 0x80002b38 (0x025b58b3) x17 0x00000000
core   0: 0x80002b3c (0x00469813) slli    a6, a3, 4
core   0: 3 0x80002b3c (0x00469813) x16 0x00000000
core   0: 0x80002b40 (0x00721fb3) sll     t6, tp, t2
core   0: 3 0x80002b40 (0x00721fb3) x31 0xfffffff0
core   0: 0x80002b44 (0x000040a9) c.li    ra, 10
core   0: 3 0x80002b44 (0x40a9) x 1 0x0000000a
core   0: 0x80002b46 (0x0000863d) c.srai  a2, 15
core   0: 3 0x80002b46 (0x863d) x12 0x00000000
core   0: 0x80002b48 (0x6d6b6b13) ori     s6, s6, 1750
core   0: 3 0x80002b48 (0x6d6b6b13) x22 0x40e4a6d6
core   0: 0x80002b4c (0x40208ab3) sub     s5, ra, sp
core   0: 3 0x80002b4c (0x40208ab3) x21 0xe280000a
core   0: 0x80002b50 (0x021268b3) rem     a7, tp, ra
core   0: 3 0x80002b50 (0x021268b3) x17 0xfffffffa
core   0: 0x80002b54 (0x417ed2b3) sra     t0, t4, s7
core   0: 3 0x80002b54 (0x417ed2b3) x 5 0x00001900
core   0: 0x80002b58 (0x4154d613) srai    a2, s1, 21
core   0: 3 0x80002b58 (0x4154d613) x12 0x00000000
core   0: 0x80002b5c (0x010d31b3) sltu    gp, s10, a6
core   0: 3 0x80002b5c (0x010d31b3) x 3 0x00000000
core   0: 0x80002b60 (0x02509233) mulh    tp, ra, t0
core   0: 3 0x80002b60 (0x02509233) x 4 0x00000000
core   0: 0x80002b64 (0x00008275) c.srli  a2, 29
core   0: 3 0x80002b64 (0x8275) x12 0x00000000
core   0: 0x80002b66 (0x00008f3d) c.xor   a4, a5
core   0: 3 0x80002b66 (0x8f3d) x14 0x00001d80
core   0: 0x80002b68 (0x012f7733) and     a4, t5, s2
core   0: 3 0x80002b68 (0x012f7733) x14 0x00000000
core   0: 0x80002b6c (0x00009236) c.add   tp, a3
core   0: 3 0x80002b6c (0x9236) x 4 0x00000000
core   0: 0x80002b6e (0x000091da) c.add   gp, s6
core   0: 3 0x80002b6e (0x91da) x 3 0x40e4a6d6
core   0: 0x80002b70 (0x009bdbb3) srl     s7, s7, s1
core   0: 3 0x80002b70 (0x009bdbb3) x23 0x00000000
core   0: 0x80002b74 (0x0000597d) c.li    s2, -1
core   0: 3 0x80002b74 (0x597d) x18 0xffffffff
core   0: 0x80002b76 (0x0000117d) c.addi  sp, -1
core   0: 3 0x80002b76 (0x117d) x 2 0x1d7fffff
core   0: 0x80002b78 (0x016b9893) slli    a7, s7, 22
core   0: 3 0x80002b78 (0x016b9893) x17 0x00000000
core   0: 0x80002b7c (0x0868a6b7) lui     a3, 0x868a
core   0: 3 0x80002b7c (0x0868a6b7) x13 0x0868a000
core   0: 0x80002b80 (0x00008e99) c.sub   a3, a4
core   0: 3 0x80002b80 (0x8e99) x13 0x0868a000
core   0: 0x80002b82 (0x00000001) c.nop
core   0: 3 0x80002b82 (0x0001)
core   0: 0x80002b84 (0x000004a2) c.slli  s1, 8
core   0: 3 0x80002b84 (0x04a2) x 9 0x00000000
core   0: 0x80002b86 (0x00008ead) c.xor   a3, a1
core   0: 3 0x80002b86 (0x8ead) x13 0x88684e64
core   0: 0x80002b88 (0x013ed413) srli    s0, t4, 19
core   0: 3 0x80002b88 (0x013ed413) x 8 0x00000000
core   0: 0x80002b8c (0x010afdb3) and     s11, s5, a6
core   0: 3 0x80002b8c (0x010afdb3) x27 0x00000000
core   0: 0x80002b90 (0x00008c9d) c.sub   s1, a5
core   0: 3 0x80002b90 (0x8c9d) x 9 0x00000000
core   0: 0x80002b92 (0x00c0b133) sltu    sp, ra, a2
core   0: 3 0x80002b92 (0x00c0b133) x 2 0x00000000
core   0: 0x80002b96 (0x01404fb3) xor     t6, zero, s4
core   0: 3 0x80002b96 (0x01404fb3) x31 0x00000000
core   0: 0x80002b9a (0x01235913) srli    s2, t1, 18
core   0: 3 0x80002b9a (0x01235913) x18 0x00000000
core   0: 0x80002b9e (0x008001b3) add     gp, zero, s0
core   0: 3 0x80002b9e (0x008001b3) x 3 0x00000000
core   0: 0x80002ba2 (0x038212b3) mulh    t0, tp, s8
core   0: 3 0x80002ba2 (0x038212b3) x 5 0x00000000
core   0: 0x80002ba6 (0x036d9d33) mulh    s10, s11, s6
core   0: 3 0x80002ba6 (0x036d9d33) x26 0x00000000
core   0: 0x80002baa (0x0252beb3) mulhu   t4, t0, t0
core   0: 3 0x80002baa (0x0252beb3) x29 0x00000000
core   0: 0x80002bae (0x00008cfd) c.and   s1, a5
core   0: 3 0x80002bae (0x8cfd) x 9 0x00000000
core   0: 0x80002bb0 (0x5ba6c713) xori    a4, a3, 1466
core   0: 3 0x80002bb0 (0x5ba6c713) x14 0x88684bde
core   0: 0x80002bb4 (0x00008f41) c.or    a4, s0
core   0: 3 0x80002bb4 (0x8f41) x14 0x88684bde
core   0: 0x80002bb6 (0x00008cc5) c.or    s1, s1
core   0: 3 0x80002bb6 (0x8cc5) x 9 0x00000000
core   0: 0x80002bb8 (0x00cf7333) and     t1, t5, a2
core   0: 3 0x80002bb8 (0x00cf7333) x 6 0x00000000
core   0: 0x80002bbc (0x0399dd33) divu    s10, s3, s9
core   0: 3 0x80002bbc (0x0399dd33) x26 0xffffffff
core   0: 0x80002bc0 (0x593fa993) slti    s3, t6, 1427
core   0: 3 0x80002bc0 (0x593fa993) x19 0x00000001
core   0: 0x80002bc4 (0x40140cb3) sub     s9, s0, ra
core   0: 3 0x80002bc4 (0x40140cb3) x25 0xfffffff6
core   0: 0x80002bc8 (0x00000a86) c.slli  s5, 1
core   0: 3 0x80002bc8 (0x0a86) x21 0xc5000014
core   0: 0x80002bca (0x00000001) c.nop
core   0: 3 0x80002bca (0x0001)
core   0: 0x80002bcc (0x01339d13) slli    s10, t2, 19
core   0: 3 0x80002bcc (0x01339d13) x26 0xf0000000
core   0: 0x80002bd0 (0xa79ee293) ori     t0, t4, -1415
core   0: 3 0x80002bd0 (0xa79ee293) x 5 0xfffffa79
core   0: 0x80002bd4 (0x00009ffe) c.add   t6, t6
core   0: 3 0x80002bd4 (0x9ffe) x31 0x00000000
core   0: 0x80002bd6 (0x00009ab6) c.add   s5, a3
core   0: 3 0x80002bd6 (0x9ab6) x21 0x4d684e78
core   0: 0x80002bd8 (0x00008bf9) c.andi  a5, 30
core   0: 3 0x80002bd8 (0x8bf9) x15 0x00000000
core   0: 0x80002bda (0x00008cc5) c.or    s1, s1
core   0: 3 0x80002bda (0x8cc5) x 9 0x00000000
core   0: 0x80002bdc (0x0000987d) c.andi  s0, -1
core   0: 3 0x80002bdc (0x987d) x 8 0x00000000
core   0: 0x80002bde (0x0000826d) c.srli  a2, 27
core   0: 3 0x80002bde (0x826d) x12 0x00000000
core   0: 0x80002be0 (0x00008ce5) c.and   s1, s1
core   0: 3 0x80002be0 (0x8ce5) x 9 0x00000000
core   0: 0x80002be2 (0x00000812) c.slli  a6, 4
core   0: 3 0x80002be2 (0x0812) x16 0x00000000
core   0: 0x80002be4 (0x016d07b3) add     a5, s10, s6
core   0: 3 0x80002be4 (0x016d07b3) x15 0x30e4a6d6
core   0: 0x80002be8 (0x00031db3) sll     s11, t1, zero
core   0: 3 0x80002be8 (0x00031db3) x27 0x00000000
core   0: 0x80002bec (0x0000926a) c.add   tp, s10
core   0: 3 0x80002bec (0x926a) x 4 0xf0000000
core   0: 0x80002bee (0x00000249) c.addi  tp, 18
core   0: 3 0x80002bee (0x0249) x 4 0xf0000012
core   0: 0x80002bf0 (0x034cddb3) divu    s11, s9, s4
core   0: 3 0x80002bf0 (0x034cddb3) x27 0xffffffff
core   0: 0x80002bf4 (0x017abb33) sltu    s6, s5, s7
core   0: 3 0x80002bf4 (0x017abb33) x22 0x00000000
core   0: 0x80002bf8 (0x0251f4b3) remu    s1, gp, t0
core   0: 3 0x80002bf8 (0x0251f4b3) x 9 0x00000000
core   0: 0x80002bfc (0x002d1db3) sll     s11, s10, sp
core   0: 3 0x80002bfc (0x002d1db3) x27 0xf0000000
core   0: 0x80002c00 (0x00000001) c.nop
core   0: 3 0x80002c00 (0x0001)
core   0: 0x80002c02 (0x0000613d) c.addi16sp sp, 480
core   0: 3 0x80002c02 (0x613d) x 2 0x000001e0
core   0: 0x80002c04 (0x032547b3) div     a5, a0, s2
core   0: 3 0x80002c04 (0x032547b3) x15 0xffffffff
core   0: 0x80002c08 (0x00000e84) c.addi4spn s1, sp, 848
core   0: 3 0x80002c08 (0x0e84) x 9 0x00000530
core   0: 0x80002c0a (0x00000492) c.slli  s1, 4
core   0: 3 0x80002c0a (0x0492) x 9 0x00005300
core   0: 0x80002c0c (0x03d299b3) mulh    s3, t0, t4
core   0: 3 0x80002c0c (0x03d299b3) x19 0x00000000
core   0: 0x80002c10 (0x40c0d7b3) sra     a5, ra, a2
core   0: 3 0x80002c10 (0x40c0d7b3) x15 0x0000000a
core   0: 0x80002c14 (0x00006ded) c.lui   s11, 0x1b
core   0: 3 0x80002c14 (0x6ded) x27 0x0001b000
core   0: 0x80002c16 (0x01545b33) srl     s6, s0, s5
core   0: 3 0x80002c16 (0x01545b33) x22 0x00000000
core   0: 0x80002c1a (0x01202d33) slt     s10, zero, s2
core   0: 3 0x80002c1a (0x01202d33) x26 0x00000000
core   0: 0x80002c1e (0xf7a14417) auipc   s0, 0xf7a14
core   0: 3 0x80002c1e (0xf7a14417) x 8 0x77a16c1e
core   0: 0x80002c22 (0x00165013) srli    zero, a2, 1
core   0: 3 0x80002c22 (0x00165013)
core   0: 0x80002c26 (0x01789913) slli    s2, a7, 23
core   0: 3 0x80002c26 (0x01789913) x18 0x00000000
core   0: 0x80002c2a (0x0682ce13) xori    t3, t0, 104
core   0: 3 0x80002c2a (0x0682ce13) x28 0xfffffa11
core   0: 0x80002c2e (0x0118d093) srli    ra, a7, 17
core   0: 3 0x80002c2e (0x0118d093) x 1 0x00000000
core   0: 0x80002c32 (0x00d0c6b3) xor     a3, ra, a3
core   0: 3 0x80002c32 (0x00d0c6b3) x13 0x88684e64
core   0: 0x80002c36 (0x00008265) c.srli  a2, 25
core   0: 3 0x80002c36 (0x8265) x12 0x00000000
core   0: 0x80002c38 (0x0000987d) c.andi  s0, -1
core   0: 3 0x80002c38 (0x987d) x 8 0x77a16c1e
core   0: 0x80002c3a (0x00248433) add     s0, s1, sp
core   0: 3 0x80002c3a (0x00248433) x 8 0x000054e0
core   0: 0x80002c3e (0x00001cfd) c.addi  s9, -1
core   0: 3 0x80002c3e (0x1cfd) x25 0xfffffff5
core   0: 0x80002c40 (0x00008f31) c.xor   a4, a2
core   0: 3 0x80002c40 (0x8f31) x14 0x88684bde
core   0: 0x80002c42 (0x408c7793) andi    a5, s8, 1032
core   0: 3 0x80002c42 (0x408c7793) x15 0x00000408
core   0: 0x80002c46 (0x00000001) c.nop
core   0: 3 0x80002c46 (0x0001)
core   0: 0x80002c48 (0x00df9293) slli    t0, t6, 13
core   0: 3 0x80002c48 (0x00df9293) x 5 0x00000000
core   0: 0x80002c4c (0x02a15d33) divu    s10, sp, a0
core   0: 3 0x80002c4c (0x02a15d33) x26 0x00000000
core   0: 0x80002c50 (0x00008ed1) c.or    a3, a2
core   0: 3 0x80002c50 (0x8ed1) x13 0x88684e64
core   0: 0x80002c52 (0x78d90b13) addi    s6, s2, 1933
core   0: 3 0x80002c52 (0x78d90b13) x22 0x0000078d
core   0: 0x80002c56 (0x01f114b3) sll     s1, sp, t6
core   0: 3 0x80002c56 (0x01f114b3) x 9 0x000001e0
core   0: 0x80002c5a (0xc680fa13) andi    s4, ra, -920
core   0: 3 0x80002c5a (0xc680fa13) x20 0x00000000
core   0: 0x80002c5e (0xc9e13e93) sltiu   t4, sp, -866
core   0: 3 0x80002c5e (0xc9e13e93) x29 0x00000001
core   0: 0x80002c62 (0x00000001) c.nop
core   0: 3 0x80002c62 (0x0001)
core   0: 0x80002c64 (0x24c5bc93) sltiu   s9, a1, 588
core   0: 3 0x80002c64 (0x24c5bc93) x25 0x00000000
core   0: 0x80002c68 (0x00b1f7b3) and     a5, gp, a1
core   0: 3 0x80002c68 (0x00b1f7b3) x15 0x00000000
core   0: 0x80002c6c (0x01dd18b3) sll     a7, s10, t4
core   0: 3 0x80002c6c (0x01dd18b3) x17 0x00000000
core   0: 0x80002c70 (0x00000eaa) c.slli  t4, 10
core   0: 3 0x80002c70 (0x0eaa) x29 0x00000400
core   0: 0x80002c72 (0x00bd5a13) srli    s4, s10, 11
core   0: 3 0x80002c72 (0x00bd5a13) x20 0x00000000
core   0: 0x80002c76 (0x76e8ff93) andi    t6, a7, 1902
core   0: 3 0x80002c76 (0x76e8ff93) x31 0x00000000
core   0: 0x80002c7a (0x005e46b3) xor     a3, t3, t0
core   0: 3 0x80002c7a (0x005e46b3) x13 0xfffffa11
core   0: 0x80002c7e (0x02d77cb3) remu    s9, a4, a3
core   0: 3 0x80002c7e (0x02d77cb3) x25 0x88684bde
core   0: 0x80002c82 (0x00000001) c.nop
core   0: 3 0x80002c82 (0x0001)
core   0: 0x80002c84 (0xb04a8e93) addi    t4, s5, -1276
core   0: 3 0x80002c84 (0xb04a8e93) x29 0x4d68497c
core   0: 0x80002c88 (0x00006a39) c.lui   s4, 0xe
core   0: 3 0x80002c88 (0x6a39) x20 0x0000e000
core   0: 0x80002c8a (0x00009afd) c.andi  a3, -1
core   0: 3 0x80002c8a (0x9afd) x13 0xfffffa11
core   0: 0x80002c8c (0x00008e31) c.xor   a2, a2
core   0: 3 0x80002c8c (0x8e31) x12 0x00000000
core   0: 0x80002c8e (0x01cc5733) srl     a4, s8, t3
core   0: 3 0x80002c8e (0x01cc5733) x14 0x00007fe1
core   0: 0x80002c92 (0x00006da5) c.lui   s11, 0x9
core   0: 3 0x80002c92 (0x6da5) x27 0x00009000
core   0: 0x80002c94 (0x00006bb5) c.lui   s7, 0xd
core   0: 3 0x80002c94 (0x6bb5) x23 0x0000d000
core   0: 0x80002c96 (0x6b588193) addi    gp, a7, 1717
core   0: 3 0x80002c96 (0x6b588193) x 3 0x000006b5
core   0: 0x80002c9a (0x00839613) slli    a2, t2, 8
core   0: 3 0x80002c9a (0x00839613) x12 0xfffe0000
core   0: 0x80002c9e (0x86b58d17) auipc   s10, 0x86b58
core   0: 3 0x80002c9e (0x86b58d17) x26 0x06b5ac9e
core   0: 0x80002ca2 (0x036c9633) mulh    a2, s9, s6
core   0: 3 0x80002ca2 (0x036c9633) x12 0xfffffc78
core   0: 0x80002ca6 (0x4176d613) srai    a2, a3, 23
core   0: 3 0x80002ca6 (0x4176d613) x12 0xffffffff
core   0: 0x80002caa (0x5484bd93) sltiu   s11, s1, 1352
core   0: 3 0x80002caa (0x5484bd93) x27 0x00000001
core   0: 0x80002cae (0x02b75ab3) divu    s5, a4, a1
core   0: 3 0x80002cae (0x02b75ab3) x21 0x00000000
core   0: 0x80002cb2 (0x000048e9) c.li    a7, 26
core   0: 3 0x80002cb2 (0x48e9) x17 0x0000001a
core   0: 0x80002cb4 (0x022dd733) divu    a4, s11, sp
core   0: 3 0x80002cb4 (0x022dd733) x14 0x00000000
core   0: 0x80002cb8 (0xb4317b13) andi    s6, sp, -1213
core   0: 3 0x80002cb8 (0xb4317b13) x22 0x00000140
core   0: 0x80002cbc (0x00008e8d) c.sub   a3, a1
core   0: 3 0x80002cbc (0x8e8d) x13 0x7fff0bad
core   0: 0x80002cbe (0x00001710) c.addi4spn a2, sp, 928
core   0: 3 0x80002cbe (0x1710) x12 0x00000580
core   0: 0x80002cc0 (0x03b06e33) rem     t3, zero, s11
core   0: 3 0x80002cc0 (0x03b06e33) x28 0x00000000
core   0: 0x80002cc4 (0x02c33fb3) mulhu   t6, t1, a2
core   0: 3 0x80002cc4 (0x02c33fb3) x31 0x00000000
core   0: 0x80002cc8 (0x0016d493) srli    s1, a3, 1
core   0: 3 0x80002cc8 (0x0016d493) x 9 0x3fff85d6
core   0: 0x80002ccc (0x026af7b3) remu    a5, s5, t1
core   0: 3 0x80002ccc (0x026af7b3) x15 0x00000000
core   0: 0x80002cd0 (0x00008fc1) c.or    a5, s0
core   0: 3 0x80002cd0 (0x8fc1) x15 0x000054e0
core   0: 0x80002cd2 (0x4e936a93) ori     s5, t1, 1257
core   0: 3 0x80002cd2 (0x4e936a93) x21 0x000004e9
core   0: 0x80002cd6 (0x00008449) c.srai  s0, 18
core   0: 3 0x80002cd6 (0x8449) x 8 0x00000000
core   0: 0x80002cd8 (0x70410293) addi    t0, sp, 1796
core   0: 3 0x80002cd8 (0x70410293) x 5 0x000008e4
core   0: 0x80002cdc (0x000051fd) c.li    gp, -1
core   0: 3 0x80002cdc (0x51fd) x 3 0xffffffff
core   0: 0x80002cde (0x000080d1) c.srli  s1, 20
core   0: 3 0x80002cde (0x80d1) x 9 0x000003ff
core   0: 0x80002ce0 (0x00008009) c.srli  s0, 2
core   0: 3 0x80002ce0 (0x8009) x 8 0x00000000
core   0: 0x80002ce2 (0x020d1fb3) mulh    t6, s10, zero
core   0: 3 0x80002ce2 (0x020d1fb3) x31 0x00000000
core   0: 0x80002ce6 (0x02e84733) div     a4, a6, a4
core   0: 3 0x80002ce6 (0x02e84733) x14 0xffffffff
core   0: 0x80002cea (0x0000877e) c.mv    a4, t6
core   0: 3 0x80002cea (0x877e) x14 0x00000000
core   0: 0x80002cec (0x00006d91) c.lui   s11, 0x4
core   0: 3 0x80002cec (0x6d91) x27 0x00004000
core   0: 0x80002cee (0x00008b55) c.andi  a4, 21
core   0: 3 0x80002cee (0x8b55) x14 0x00000000
core   0: 0x80002cf0 (0x012e9793) slli    a5, t4, 18
core   0: 3 0x80002cf0 (0x012e9793) x15 0x25f00000
core   0: 0x80002cf4 (0x1cf90613) addi    a2, s2, 463
core   0: 3 0x80002cf4 (0x1cf90613) x12 0x000001cf
core   0: 0x80002cf8 (0x000050fd) c.li    ra, -1
core   0: 3 0x80002cf8 (0x50fd) x 1 0xffffffff
core   0: 0x80002cfa (0x00008c75) c.and   s0, a3
core   0: 3 0x80002cfa (0x8c75) x 8 0x00000000
core   0: 0x80002cfc (0xa40cff13) andi    t5, s9, -1472
core   0: 3 0x80002cfc (0xa40cff13) x30 0x88684a40
core   0: 0x80002d00 (0x00000001) c.nop
core   0: 3 0x80002d00 (0x0001)
core   0: 0x80002d02 (0x87478113) addi    sp, a5, -1932
core   0: 3 0x80002d02 (0x87478113) x 2 0x25eff874
core   0: 0x80002d06 (0x00000001) c.nop
core   0: 3 0x80002d06 (0x0001)
core   0: 0x80002d08 (0x00001e18) c.addi4spn a4, sp, 816
core   0: 3 0x80002d08 (0x1e18) x14 0x25effba4
core   0: 0x80002d0a (0x00009b7d) c.andi  a4, -1
core   0: 3 0x80002d0a (0x9b7d) x14 0x25effba4
core   0: 0x80002d0c (0x00006149) c.addi16sp sp, 144
core   0: 3 0x80002d0c (0x6149) x 2 0x25eff904
core   0: 0x80002d0e (0x00760fb3) add     t6, a2, t2
core   0: 3 0x80002d0e (0x00760fb3) x31 0xffffffcf
core   0: 0x80002d12 (0x03075db3) divu    s11, a4, a6
core   0: 3 0x80002d12 (0x03075db3) x27 0xffffffff
core   0: 0x80002d16 (0x03bb38b3) mulhu   a7, s6, s11
core   0: 3 0x80002d16 (0x03bb38b3) x17 0x0000013f
core   0: 0x80002d1a (0x005ca7b3) slt     a5, s9, t0
core   0: 3 0x80002d1a (0x005ca7b3) x15 0x00000001
core   0: 0x80002d1e (0x03ec46b3) div     a3, s8, t5
core   0: 3 0x80002d1e (0x03ec46b3) x13 0x00000000
core   0: 0x80002d22 (0x00008dba) c.mv    s11, a4
core   0: 3 0x80002d22 (0x8dba) x27 0x25effba4
core   0: 0x80002d24 (0x2936c293) xori    t0, a3, 659
core   0: 3 0x80002d24 (0x2936c293) x 5 0x00000293
core   0: 0x80002d28 (0x00e23933) sltu    s2, tp, a4
core   0: 3 0x80002d28 (0x00e23933) x18 0x00000000
core   0: 0x80002d2c (0x6b8a6e13) ori     t3, s4, 1720
core   0: 3 0x80002d2c (0x6b8a6e13) x28 0x0000e6b8
core   0: 0x80002d30 (0x03971833) mulh    a6, a4, s9
core   0: 3 0x80002d30 (0x03971833) x16 0xee46f6c7
core   0: 0x80002d34 (0x000000a1) c.addi  ra, 8
core   0: 3 0x80002d34 (0x00a1) x 1 0x00000007
core   0: 0x80002d36 (0x00008fa1) c.xor   a5, s0
core   0: 3 0x80002d36 (0x8fa1) x15 0x00000001
core   0: 0x80002d38 (0xf9bc3e13) sltiu   t3, s8, -101
core   0: 3 0x80002d38 (0xf9bc3e13) x28 0x00000001
core   0: 0x80002d3c (0x01dbde13) srli    t3, s7, 29
core   0: 3 0x80002d3c (0x01dbde13) x28 0x00000000
core   0: 0x80002d40 (0x01c84333) xor     t1, a6, t3
core   0: 3 0x80002d40 (0x01c84333) x 6 0xee46f6c7
core   0: 0x80002d44 (0x03851a33) mulh    s4, a0, s8
core   0: 3 0x80002d44 (0x03851a33) x20 0x001ec098
core   0: 0x80002d48 (0x0000825d) c.srli  a2, 23
core   0: 3 0x80002d48 (0x825d) x12 0x00000000
core   0: 0x80002d4a (0x01bb2cb3) slt     s9, s6, s11
core   0: 3 0x80002d4a (0x01bb2cb3) x25 0x00000001
core   0: 0x80002d4e (0x10eee493) ori     s1, t4, 270
core   0: 3 0x80002d4e (0x10eee493) x 9 0x4d68497e
core   0: 0x80002d52 (0x00001e00) c.addi4spn s0, sp, 816
core   0: 3 0x80002d52 (0x1e00) x 8 0x25effc34
core   0: 0x80002d54 (0x0000717d) c.addi16sp sp, -16
core   0: 3 0x80002d54 (0x717d) x 2 0x25eff8f4
core   0: 0x80002d56 (0x00008b5e) c.mv    s6, s7
core   0: 3 0x80002d56 (0x8b5e) x22 0x0000d000
core   0: 0x80002d58 (0x00000001) c.nop
core   0: 3 0x80002d58 (0x0001)
core   0: 0x80002d5a (0x41b00833) sub     a6, zero, s11
core   0: 3 0x80002d5a (0x41b00833) x16 0xda10045c
core   0: 0x80002d5e (0x00000001) c.nop
core   0: 3 0x80002d5e (0x0001)
core   0: 0x80002d60 (0x4193d893) srai    a7, t2, 25
core   0: 3 0x80002d60 (0x4193d893) x17 0xffffffff
core   0: 0x80002d64 (0x9ee48013) addi    zero, s1, -1554
core   0: 3 0x80002d64 (0x9ee48013)
core   0: 0x80002d68 (0x00aa99b3) sll     s3, s5, a0
core   0: 3 0x80002d68 (0x00aa99b3) x19 0x00004e90
core   0: 0x80002d6c (0x00008031) c.srli  s0, 12
core   0: 3 0x80002d6c (0x8031) x 8 0x00025eff
core   0: 0x80002d6e (0x02c988b3) mul     a7, s3, a2
core   0: 3 0x80002d6e (0x02c988b3) x17 0x00000000
core   0: 0x80002d72 (0x000082bd) c.srli  a3, 15
core   0: 3 0x80002d72 (0x82bd) x13 0x00000000
core   0: 0x80002d74 (0x0000626d) c.lui   tp, 0x1b
core   0: 3 0x80002d74 (0x626d) x 4 0x0001b000
core   0: 0x80002d76 (0x00ee9133) sll     sp, t4, a4
core   0: 3 0x80002d76 (0x00ee9133) x 2 0xd68497c0
core   0: 0x80002d7a (0x00009346) c.add   t1, a7
core   0: 3 0x80002d7a (0x9346) x 6 0xee46f6c7
core   0: 0x80002d7c (0x00000001) c.nop
core   0: 3 0x80002d7c (0x0001)
core   0: 0x80002d7e (0x00008ff5) c.and   a5, a3
core   0: 3 0x80002d7e (0x8ff5) x15 0x00000000
core   0: 0x80002d80 (0x70314d97) auipc   s11, 0x70314
core   0: 3 0x80002d80 (0x70314d97) x27 0xf0316d80
core   0: 0x80002d84 (0x03ef6cb3) rem     s9, t5, t5
core   0: 3 0x80002d84 (0x03ef6cb3) x25 0x00000000
core   0: 0x80002d88 (0x70840f13) addi    t5, s0, 1800
core   0: 3 0x80002d88 (0x70840f13) x30 0x00026607
core   0: 0x80002d8c (0x40205613) srai    a2, zero, 2
core   0: 3 0x80002d8c (0x40205613) x12 0x00000000
core   0: 0x80002d90 (0x8ad5f2b7) lui     t0, 0x8ad5f
core   0: 3 0x80002d90 (0x8ad5f2b7) x 5 0x8ad5f000
core   0: 0x80002d94 (0x00c13e33) sltu    t3, sp, a2
core   0: 3 0x80002d94 (0x00c13e33) x28 0x00000000
core   0: 0x80002d98 (0x0338a133) mulhsu  sp, a7, s3
core   0: 3 0x80002d98 (0x0338a133) x 2 0x00000000
core   0: 0x80002d9c (0x41f95693) srai    a3, s2, 31
core   0: 3 0x80002d9c (0x41f95693) x13 0x00000000
core   0: 0x80002da0 (0x03f732b3) mulhu   t0, a4, t6
core   0: 3 0x80002da0 (0x03f732b3) x 5 0x25effb9c
core   0: 0x80002da4 (0x00008ea5) c.xor   a3, s1
core   0: 3 0x80002da4 (0x8ea5) x13 0x4d68497e
core   0: 0x80002da6 (0x25e8a413) slti    s0, a7, 606
core   0: 3 0x80002da6 (0x25e8a413) x 8 0x00000001
core   0: 0x80002daa (0xccce2f13) slti    t5, t3, -820
core   0: 3 0x80002daa (0xccce2f13) x30 0x00000000
core   0: 0x80002dae (0x9c18be97) auipc   t4, 0x9c18b
core   0: 3 0x80002dae (0x9c18be97) x29 0x1c18ddae
core   0: 0x80002db2 (0x0000886a) c.mv    a6, s10
core   0: 3 0x80002db2 (0x886a) x16 0x06b5ac9e
core   0: 0x80002db4 (0x012ed933) srl     s2, t4, s2
core   0: 3 0x80002db4 (0x012ed933) x18 0x1c18ddae
core   0: 0x80002db8 (0xc98cb097) auipc   ra, 0xc98cb
core   0: 3 0x80002db8 (0xc98cb097) x 1 0x498cddb8
core   0: 0x80002dbc (0x000090a6) c.add   ra, s1
core   0: 3 0x80002dbc (0x90a6) x 1 0x96f52736
core   0: 0x80002dbe (0x006e7033) and     zero, t3, t1
core   0: 3 0x80002dbe (0x006e7033)
core   0: 0x80002dc2 (0xbc003d13) sltiu   s10, zero, -1088
core   0: 3 0x80002dc2 (0xbc003d13) x26 0x00000001
core   0: 0x80002dc6 (0x4016d033) sra     zero, a3, ra
core   0: 3 0x80002dc6 (0x4016d033)
core   0: 0x80002dca (0x40dbdd33) sra     s10, s7, a3
core   0: 3 0x80002dca (0x40dbdd33) x26 0x00000000
core   0: 0x80002dce (0x00008099) c.srli  s1, 6
core   0: 3 0x80002dce (0x8099) x 9 0x0135a125
core   0: 0x80002dd0 (0x02e6a833) mulhsu  a6, a3, a4
core   0: 3 0x80002dd0 (0x02e6a833) x16 0x0b78a312
core   0: 0x80002dd4 (0xfbb36913) ori     s2, t1, -69
core   0: 3 0x80002dd4 (0xfbb36913) x18 0xffffffff
core   0: 0x80002dd8 (0x0000129c) c.addi4spn a5, sp, 352
core   0: 3 0x80002dd8 (0x129c) x15 0x00000160
core   0: 0x80002dda (0x0357a033) mulhsu  zero, a5, s5
core   0: 3 0x80002dda (0x0357a033)
core   0: 0x80002dde (0x00009f5e) c.add   t5, s7
core   0: 3 0x80002dde (0x9f5e) x30 0x0000d000
core   0: 0x80002de0 (0x00d61793) slli    a5, a2, 13
core   0: 3 0x80002de0 (0x00d61793) x15 0x00000000
core   0: 0x80002de4 (0x00008f85) c.sub   a5, s1
core   0: 3 0x80002de4 (0x8f85) x15 0xfeca5edb
core   0: 0x80002de6 (0x0325b333) mulhu   t1, a1, s2
core   0: 3 0x80002de6 (0x0325b333) x 6 0x8000ee63
core   0: 0x80002dea (0xebaebe13) sltiu   t3, t4, -326
core   0: 3 0x80002dea (0xebaebe13) x28 0x00000001
core   0: 0x80002dee (0x00009dca) c.add   s11, s2
core   0: 3 0x80002dee (0x9dca) x27 0xf0316d7f
core   0: 0x80002df0 (0x03701e33) mulh    t3, zero, s7
core   0: 3 0x80002df0 (0x03701e33) x28 0x00000000
core   0: 0x80002df4 (0x717ce413) ori     s0, s9, 1815
core   0: 3 0x80002df4 (0x717ce413) x 8 0x00000717
core   0: 0x80002df8 (0x007c11b3) sll     gp, s8, t2
core   0: 3 0x80002df8 (0x007c11b3) x 3 0xffc27e3f
core   0: 0x80002dfc (0x41225a13) srai    s4, tp, 18
core   0: 3 0x80002dfc (0x41225a13) x20 0x00000000
core   0: 0x80002e00 (0x00008c11) c.sub   s0, a2
core   0: 3 0x80002e00 (0x8c11) x 8 0x00000717
core   0: 0x80002e02 (0x0000049d) c.addi  s1, 7
core   0: 3 0x80002e02 (0x049d) x 9 0x0135a12c
core   0: 0x80002e04 (0x0196a633) slt     a2, a3, s9
core   0: 3 0x80002e04 (0x0196a633) x12 0x00000000
core   0: 0x80002e08 (0x02370bb3) mul     s7, a4, gp
core   0: 3 0x80002e08 (0x02370bb3) x23 0x8231a55c
core   0: 0x80002e0c (0x02d8b8b3) mulhu   a7, a7, a3
core   0: 3 0x80002e0c (0x02d8b8b3) x17 0x00000000
core   0: 0x80002e10 (0x00008cfd) c.and   s1, a5
core   0: 3 0x80002e10 (0x8cfd) x 9 0x00000008
core   0: 0x80002e12 (0x9a867493) andi    s1, a2, -1624
core   0: 3 0x80002e12 (0x9a867493) x 9 0x00000000
core   0: 0x80002e16 (0x01c05693) srli    a3, zero, 28
core   0: 3 0x80002e16 (0x01c05693) x13 0x00000000
core   0: 0x80002e1a (0x01e5b3b3) sltu    t2, a1, t5
core   0: 3 0x80002e1a (0x01e5b3b3) x 7 0x00000000
core   0: 0x80002e1e (0x00008ec5) c.or    a3, s1
core   0: 3 0x80002e1e (0x8ec5) x13 0x00000000
core   0: 0x80002e20 (0x034a60b3) rem     ra, s4, s4
core   0: 3 0x80002e20 (0x034a60b3) x 1 0x00000000
core   0: 0x80002e24 (0x00008c61) c.and   s0, s0
core   0: 3 0x80002e24 (0x8c61) x 8 0x00000717
core   0: 0x80002e26 (0x00008eb1) c.xor   a3, a2
core   0: 3 0x80002e26 (0x8eb1) x13 0x00000000
core   0: 0x80002e28 (0x000008e5) c.addi  a7, 25
core   0: 3 0x80002e28 (0x08e5) x17 0x00000019
core   0: 0x80002e2a (0x00d8a1b3) slt     gp, a7, a3
core   0: 3 0x80002e2a (0x00d8a1b3) x 3 0x00000000
core   0: 0x80002e2e (0x00008c21) c.xor   s0, s0
core   0: 3 0x80002e2e (0x8c21) x 8 0x00000000
core   0: 0x80002e30 (0x00008cf5) c.and   s1, a3
core   0: 3 0x80002e30 (0x8cf5) x 9 0x00000000
core   0: 0x80002e32 (0x41565833) sra     a6, a2, s5
core   0: 3 0x80002e32 (0x41565833) x16 0x00000000
core   0: 0x80002e36 (0x0309a733) mulhsu  a4, s3, a6
core   0: 3 0x80002e36 (0x0309a733) x14 0x00000000
core   0: 0x80002e3a (0x003db4b3) sltu    s1, s11, gp
core   0: 3 0x80002e3a (0x003db4b3) x 9 0x00000000
core   0: 0x80002e3e (0x00008fd1) c.or    a5, a2
core   0: 3 0x80002e3e (0x8fd1) x15 0xfeca5edb
core   0: 0x80002e40 (0xaca6a813) slti    a6, a3, -1334
core   0: 3 0x80002e40 (0xaca6a813) x16 0x00000000
core   0: 0x80002e44 (0x00006899) c.lui   a7, 0x6
core   0: 3 0x80002e44 (0x6899) x17 0x00006000
core   0: 0x80002e46 (0x03a580b3) mul     ra, a1, s10
core   0: 3 0x80002e46 (0x03a580b3) x 1 0x00000000
core   0: 0x80002e4a (0x00001404) c.addi4spn s1, sp, 544
core   0: 3 0x80002e4a (0x1404) x 9 0x00000220
core   0: 0x80002e4c (0x00008e09) c.sub   a2, a0
core   0: 3 0x80002e4c (0x8e09) x12 0x7ffed31c
core   0: 0x80002e4e (0xa344c393) xori    t2, s1, -1484
core   0: 3 0x80002e4e (0xa344c393) x 7 0xfffff814
core   0: 0x80002e52 (0x014e7833) and     a6, t3, s4
core   0: 3 0x80002e52 (0x014e7833) x16 0x00000000
core   0: 0x80002e56 (0x00001d98) c.addi4spn a4, sp, 752
core   0: 3 0x80002e56 (0x1d98) x14 0x000002f0
core   0: 0x80002e58 (0x01505db3) srl     s11, zero, s5
core   0: 3 0x80002e58 (0x01505db3) x27 0x00000000
core   0: 0x80002e5c (0x020eecb3) rem     s9, t4, zero
core   0: 3 0x80002e5c (0x020eecb3) x25 0x1c18ddae
core   0: 0x80002e60 (0x024b1033) mulh    zero, s6, tp
core   0: 3 0x80002e60 (0x024b1033)
core   0: 0x80002e64 (0x41285933) sra     s2, a6, s2
core   0: 3 0x80002e64 (0x41285933) x18 0x00000000
core   0: 0x80002e68 (0x01d63333) sltu    t1, a2, t4
core   0: 3 0x80002e68 (0x01d63333) x 6 0x00000000
core   0: 0x80002e6c (0x00000001) c.nop
core   0: 3 0x80002e6c (0x0001)
core   0: 0x80002e6e (0x00000a6a) c.slli  s4, 26
core   0: 3 0x80002e6e (0x0a6a) x20 0x00000000
core   0: 0x80002e70 (0x00000a9c) c.addi4spn a5, sp, 336
core   0: 3 0x80002e70 (0x0a9c) x15 0x00000150
core   0: 0x80002e72 (0x03e29eb3) mulh    t4, t0, t5
core   0: 3 0x80002e72 (0x03e29eb3) x29 0x00001ed2
core   0: 0x80002e76 (0xb358e6b7) lui     a3, 0xb358e
core   0: 3 0x80002e76 (0xb358e6b7) x13 0xb358e000
core   0: 0x80002e7a (0x621b3693) sltiu   a3, s6, 1569
core   0: 3 0x80002e7a (0x621b3693) x13 0x00000000
core   0: 0x80002e7e (0xfa0bfc93) andi    s9, s7, -96
core   0: 3 0x80002e7e (0xfa0bfc93) x25 0x8231a500
core   0: 0x80002e82 (0x34546d93) ori     s11, s0, 837
core   0: 3 0x80002e82 (0x34546d93) x27 0x00000345
core   0: 0x80002e86 (0x00008f9a) c.mv    t6, t1
core   0: 3 0x80002e86 (0x8f9a) x31 0x00000000
core   0: 0x80002e88 (0x014ab733) sltu    a4, s5, s4
core   0: 3 0x80002e88 (0x014ab733) x14 0x00000000
core   0: 0x80002e8c (0x01db04b3) add     s1, s6, t4
core   0: 3 0x80002e8c (0x01db04b3) x 9 0x0000eed2
core   0: 0x80002e90 (0xdcb56993) ori     s3, a0, -565
core   0: 3 0x80002e90 (0xdcb56993) x19 0xfffffdef
core   0: 0x80002e94 (0x00949a13) slli    s4, s1, 9
core   0: 3 0x80002e94 (0x00949a13) x20 0x01dda400
core   0: 0x80002e98 (0x00008c79) c.and   s0, a4
core   0: 3 0x80002e98 (0x8c79) x 8 0x00000000
core   0: 0x80002e9a (0x00008659) c.srai  a2, 22
core   0: 3 0x80002e9a (0x8659) x12 0x000001ff
core   0: 0x80002e9c (0x40f384b3) sub     s1, t2, a5
core   0: 3 0x80002e9c (0x40f384b3) x 9 0xfffff6c4
core   0: 0x80002ea0 (0x419456b3) sra     a3, s0, s9
core   0: 3 0x80002ea0 (0x419456b3) x13 0x00000000
core   0: 0x80002ea4 (0x02cbe633) rem     a2, s7, a2
core   0: 3 0x80002ea4 (0x02cbe633) x12 0xfffffeac
core   0: 0x80002ea8 (0x03e4b0b3) mulhu   ra, s1, t5
core   0: 3 0x80002ea8 (0x03e4b0b3) x 1 0x0000cfff
core   0: 0x80002eac (0x00000001) c.nop
core   0: 3 0x80002eac (0x0001)
core   0: 0x80002eae (0x01b48933) add     s2, s1, s11
core   0: 3 0x80002eae (0x01b48933) x18 0xfffffa09
core   0: 0x80002eb2 (0x0000823d) c.srli  a2, 15
core   0: 3 0x80002eb2 (0x823d) x12 0x0001ffff
core   0: 0x80002eb4 (0x02db0ab3) mul     s5, s6, a3
core   0: 3 0x80002eb4 (0x02db0ab3) x21 0x00000000
core   0: 0x80002eb8 (0x00bf9793) slli    a5, t6, 11
core   0: 3 0x80002eb8 (0x00bf9793) x15 0x00000000
core   0: 0x80002ebc (0x000066bd) c.lui   a3, 0xf
core   0: 3 0x80002ebc (0x66bd) x13 0x0000f000
core   0: 0x80002ebe (0x5b5c3a17) auipc   s4, 0x5b5c3
core   0: 3 0x80002ebe (0x5b5c3a17) x20 0xdb5c5ebe
core   0: 0x80002ec2 (0x00006f0d) c.lui   t5, 0x3
core   0: 3 0x80002ec2 (0x6f0d) x30 0x00003000
core   0: 0x80002ec4 (0x662a8f13) addi    t5, s5, 1634
core   0: 3 0x80002ec4 (0x662a8f13) x30 0x00000662
core   0: 0x80002ec8 (0x00008389) c.srli  a5, 2
core   0: 3 0x80002ec8 (0x8389) x15 0x00000000
core   0: 0x80002eca (0x0000987d) c.andi  s0, -1
core   0: 3 0x80002eca (0x987d) x 8 0x00000000
core   0: 0x80002ecc (0x022da133) mulhsu  sp, s11, sp
core   0: 3 0x80002ecc (0x022da133) x 2 0x00000000
core   0: 0x80002ed0 (0x038dd433) divu    s0, s11, s8
core   0: 3 0x80002ed0 (0x038dd433) x 8 0x00000000
core   0: 0x80002ed4 (0x03f4ceb3) div     t4, s1, t6
core   0: 3 0x80002ed4 (0x03f4ceb3) x29 0xffffffff
core   0: 0x80002ed8 (0x000088e1) c.andi  s1, 24
core   0: 3 0x80002ed8 (0x88e1) x 9 0x00000000
core   0: 0x80002eda (0x00fadd13) srli    s10, s5, 15
core   0: 3 0x80002eda (0x00fadd13) x26 0x00000000
core   0: 0x80002ede (0x6616b213) sltiu   tp, a3, 1633
core   0: 3 0x80002ede (0x6616b213) x 4 0x00000000
core   0: 0x80002ee2 (0x0000038a) c.slli  t2, 2
core   0: 3 0x80002ee2 (0x038a) x 7 0xffffe050
core   0: 0x80002ee4 (0x402bdf13) srai    t5, s7, 2
core   0: 3 0x80002ee4 (0x402bdf13) x30 0xe08c6957
core   0: 0x80002ee8 (0x00008c35) c.xor   s0, a3
core   0: 3 0x80002ee8 (0x8c35) x 8 0x0000f000
core   0: 0x80002eea (0xc401a293) slti    t0, gp, -960
core   0: 3 0x80002eea (0xc401a293) x 5 0x00000000
core   0: 0x80002eee (0x00000431) c.addi  s0, 12
core   0: 3 0x80002eee (0x0431) x 8 0x0000f00c
core   0: 0x80002ef0 (0xbf591b37) lui     s6, 0xbf591
core   0: 3 0x80002ef0 (0xbf591b37) x22 0xbf591000
core   0: 0x80002ef4 (0x000084b9) c.srai  s1, 14
core   0: 3 0x80002ef4 (0x84b9) x 9 0x00000000
core   0: 0x80002ef6 (0x00000236) c.slli  tp, 13
core   0: 3 0x80002ef6 (0x0236) x 4 0x00000000
core   0: 0x80002ef8 (0x0035c193) xori    gp, a1, 3
core   0: 3 0x80002ef8 (0x0035c193) x 3 0x8000ee67
core   0: 0x80002efc (0x0000875d) c.srai  a4, 23
core   0: 3 0x80002efc (0x875d) x14 0x00000000
core   0: 0x80002efe (0x00000ee1) c.addi  t4, 24
core   0: 3 0x80002efe (0x0ee1) x29 0x00000017
core   0: 0x80002f00 (0x41cb57b3) sra     a5, s6, t3
core   0: 3 0x80002f00 (0x41cb57b3) x15 0xbf591000
core   0: 0x80002f04 (0x401458b3) sra     a7, s0, ra
core   0: 3 0x80002f04 (0x401458b3) x17 0x00000000
core   0: 0x80002f08 (0x000009f9) c.addi  s3, 30
core   0: 3 0x80002f08 (0x09f9) x19 0xfffffe0d
core   0: 0x80002f0a (0x01ed1f13) slli    t5, s10, 30
core   0: 3 0x80002f0a (0x01ed1f13) x30 0x00000000
core   0: 0x80002f0e (0x001af1b3) and     gp, s5, ra
core   0: 3 0x80002f0e (0x001af1b3) x 3 0x00000000
core   0: 0x80002f12 (0x00000001) c.nop
core   0: 3 0x80002f12 (0x0001)
core   0: 0x80002f14 (0x01b85cb3) srl     s9, a6, s11
core   0: 3 0x80002f14 (0x01b85cb3) x25 0x00000000
core   0: 0x80002f18 (0x00009a46) c.add   s4, a7
core   0: 3 0x80002f18 (0x9a46) x20 0xdb5c5ebe
core   0: 0x80002f1a (0x00008b05) c.andi  a4, 1
core   0: 3 0x80002f1a (0x8b05) x14 0x00000000
core   0: 0x80002f1c (0x00000001) c.nop
core   0: 3 0x80002f1c (0x0001)
core   0: 0x80002f1e (0x00499a93) slli    s5, s3, 4
core   0: 3 0x80002f1e (0x00499a93) x21 0xffffe0d0
core   0: 0x80002f22 (0x560f7213) andi    tp, t5, 1376
core   0: 3 0x80002f22 (0x560f7213) x 4 0x00000000
core   0: 0x80002f26 (0xaac74613) xori    a2, a4, -1364
core   0: 3 0x80002f26 (0xaac74613) x12 0xfffffaac
core   0: 0x80002f2a (0x000007b6) c.slli  a5, 13
core   0: 3 0x80002f2a (0x07b6) x15 0x22000000
core   0: 0x80002f2c (0x011fb133) sltu    sp, t6, a7
core   0: 3 0x80002f2c (0x011fb133) x 2 0x00000000
core   0: 0x80002f30 (0x00000879) c.addi  a6, 30
core   0: 3 0x80002f30 (0x0879) x16 0x0000001e
core   0: 0x80002f32 (0x533d0293) addi    t0, s10, 1331
core   0: 3 0x80002f32 (0x533d0293) x 5 0x00000533
core   0: 0x80002f36 (0x00e664b3) or      s1, a2, a4
core   0: 3 0x80002f36 (0x00e664b3) x 9 0xfffffaac
core   0: 0x80002f3a (0x02f88433) mul     s0, a7, a5
core   0: 3 0x80002f3a (0x02f88433) x 8 0x00000000
core   0: 0x80002f3e (0x01262d33) slt     s10, a2, s2
core   0: 3 0x80002f3e (0x01262d33) x26 0x00000000
core   0: 0x80002f42 (0x95c34113) xori    sp, t1, -1700
core   0: 3 0x80002f42 (0x95c34113) x 2 0xfffff95c
core   0: 0x80002f46 (0x031599b3) mulh    s3, a1, a7
core   0: 3 0x80002f46 (0x031599b3) x19 0x00000000
core   0: 0x80002f4a (0x47116f93) ori     t6, sp, 1137
core   0: 3 0x80002f4a (0x47116f93) x31 0xfffffd7d
core   0: 0x80002f4e (0x00008786) c.mv    a5, ra
core   0: 3 0x80002f4e (0x8786) x15 0x0000cfff
core   0: 0x80002f50 (0x00008ef9) c.and   a3, a4
core   0: 3 0x80002f50 (0x8ef9) x13 0x00000000
core   0: 0x80002f52 (0x0000800d) c.srli  s0, 3
core   0: 3 0x80002f52 (0x800d) x 8 0x00000000
core   0: 0x80002f54 (0x00009626) c.add   a2, s1
core   0: 3 0x80002f54 (0x9626) x12 0xfffff558
core   0: 0x80002f56 (0x4156d913) srai    s2, a3, 21
core   0: 3 0x80002f56 (0x4156d913) x18 0x00000000
core   0: 0x80002f5a (0xbd274493) xori    s1, a4, -1070
core   0: 3 0x80002f5a (0xbd274493) x 9 0xfffffbd2
core   0: 0x80002f5e (0x00a25813) srli    a6, tp, 10
core   0: 3 0x80002f5e (0x00a25813) x16 0x00000000
core   0: 0x80002f62 (0x00008719) c.srai  a4, 6
core   0: 3 0x80002f62 (0x8719) x14 0x00000000
core   0: 0x80002f64 (0x00000cf6) c.slli  s9, 29
core   0: 3 0x80002f64 (0x0cf6) x25 0x00000000
core   0: 0x80002f66 (0x91d1c897) auipc   a7, 0x91d1c
core   0: 3 0x80002f66 (0x91d1c897) x17 0x11d1ef66
core   0: 0x80002f6a (0x03a86e33) rem     t3, a6, s10
core   0: 3 0x80002f6a (0x03a86e33) x28 0x00000000
core   0: 0x80002f6e (0x02b627b3) mulhsu  a5, a2, a1
core   0: 3 0x80002f6e (0x02b627b3) x15 0xfffffaab
core   0: 0x80002f72 (0x00000001) c.nop
core   0: 3 0x80002f72 (0x0001)
core   0: 0x80002f74 (0x01adf6b3) and     a3, s11, s10
core   0: 3 0x80002f74 (0x01adf6b3) x13 0x00000000
core   0: 0x80002f78 (0x00008266) c.mv    tp, s9
core   0: 3 0x80002f78 (0x8266) x 4 0x00000000
core   0: 0x80002f7a (0x00008fa5) c.xor   a5, s1
core   0: 3 0x80002f7a (0x8fa5) x15 0x00000179
core   0: 0x80002f7c (0x41435a93) srai    s5, t1, 20
core   0: 3 0x80002f7c (0x41435a93) x21 0x00000000
core   0: 0x80002f80 (0x000084e1) c.srai  s1, 24
core   0: 3 0x80002f80 (0x84e1) x 9 0xffffffff
core   0: 0x80002f82 (0x88ea4d13) xori    s10, s4, -1906
core   0: 3 0x80002f82 (0x88ea4d13) x26 0x24a3a630
core   0: 0x80002f86 (0x0000930a) c.add   t1, sp
core   0: 3 0x80002f86 (0x930a) x 6 0xfffff95c
core   0: 0x80002f88 (0x0309bcb3) mulhu   s9, s3, a6
core   0: 3 0x80002f88 (0x0309bcb3) x25 0x00000000
core   0: 0x80002f8c (0xed36a413) slti    s0, a3, -301
core   0: 3 0x80002f8c (0xed36a413) x 8 0x00000000
core   0: 0x80002f90 (0x01ee3a33) sltu    s4, t3, t5
core   0: 3 0x80002f90 (0x01ee3a33) x20 0x00000000
core   0: 0x80002f94 (0x0131e633) or      a2, gp, s3
core   0: 3 0x80002f94 (0x0131e633) x12 0x00000000
core   0: 0x80002f98 (0x0000012e) c.slli  sp, 11
core   0: 3 0x80002f98 (0x012e) x 2 0xffcae000
core   0: 0x80002f9a (0x00008eb1) c.xor   a3, a2
core   0: 3 0x80002f9a (0x8eb1) x13 0x00000000
core   0: 0x80002f9c (0x64962913) slti    s2, a2, 1609
core   0: 3 0x80002f9c (0x64962913) x18 0x00000001
core   0: 0x80002fa0 (0x00000380) c.addi4spn s0, sp, 448
core   0: 3 0x80002fa0 (0x0380) x 8 0xffcae1c0
core   0: 0x80002fa2 (0x00785bb3) srl     s7, a6, t2
core   0: 3 0x80002fa2 (0x00785bb3) x23 0x00000000
core   0: 0x80002fa6 (0x00000442) c.slli  s0, 16
core   0: 3 0x80002fa6 (0x0442) x 8 0xe1c00000
core   0: 0x80002fa8 (0x03931333) mulh    t1, t1, s9
core   0: 3 0x80002fa8 (0x03931333) x 6 0x00000000
core   0: 0x80002fac (0x02b46133) rem     sp, s0, a1
core   0: 3 0x80002fac (0x02b46133) x 2 0xe1c00000
core   0: 0x80002fb0 (0x0307afb3) mulhsu  t6, a5, a6
core   0: 3 0x80002fb0 (0x0307afb3) x31 0x00000000
core   0: 0x80002fb4 (0x00000001) c.nop
core   0: 3 0x80002fb4 (0x0001)
core   0: 0x80002fb6 (0x00008e19) c.sub   a2, a4
core   0: 3 0x80002fb6 (0x8e19) x12 0x00000000
core   0: 0x80002fb8 (0x0000870a) c.mv    a4, sp
core   0: 3 0x80002fb8 (0x870a) x14 0xe1c00000
core   0: 0x80002fba (0x00000001) c.nop
core   0: 3 0x80002fba (0x0001)
core   0: 0x80002fbc (0x5d993313) sltiu   t1, s2, 1497
core   0: 3 0x80002fbc (0x5d993313) x 6 0x00000001
core   0: 0x80002fc0 (0x036c9cb3) mulh    s9, s9, s6
core   0: 3 0x80002fc0 (0x036c9cb3) x25 0x00000000
core   0: 0x80002fc4 (0x00008c59) c.or    s0, a4
core   0: 3 0x80002fc4 (0x8c59) x 8 0xe1c00000
core   0: 0x80002fc6 (0x88374a13) xori    s4, a4, -1917
core   0: 3 0x80002fc6 (0x88374a13) x20 0x1e3ff883
core   0: 0x80002fca (0x03465933) divu    s2, a2, s4
core   0: 3 0x80002fca (0x03465933) x18 0x00000000
core   0: 0x80002fce (0xe6762193) slti    gp, a2, -409
core   0: 3 0x80002fce (0xe6762193) x 3 0x00000000
core   0: 0x80002fd2 (0x01d6beb3) sltu    t4, a3, t4
core   0: 3 0x80002fd2 (0x01d6beb3) x29 0x00000001
core   0: 0x80002fd6 (0x66b8e793) ori     a5, a7, 1643
core   0: 3 0x80002fd6 (0x66b8e793) x15 0x11d1ef6f
core   0: 0x80002fda (0xfa0d4993) xori    s3, s10, -96
core   0: 3 0x80002fda (0xfa0d4993) x19 0xdb5c5990
core   0: 0x80002fde (0x01f63433) sltu    s0, a2, t6
core   0: 3 0x80002fde (0x01f63433) x 8 0x00000000
core   0: 0x80002fe2 (0x0000830d) c.srli  a4, 3
core   0: 3 0x80002fe2 (0x830d) x14 0x1c380000
core   0: 0x80002fe4 (0x015c91b3) sll     gp, s9, s5
core   0: 3 0x80002fe4 (0x015c91b3) x 3 0x00000000
core   0: 0x80002fe8 (0x00006191) c.lui   gp, 0x4
core   0: 3 0x80002fe8 (0x6191) x 3 0x00004000
core   0: 0x80002fea (0xf816cd13) xori    s10, a3, -127
core   0: 3 0x80002fea (0xf816cd13) x26 0xffffff81
core   0: 0x80002fee (0x00008c59) c.or    s0, a4
core   0: 3 0x80002fee (0x8c59) x 8 0x1c380000
core   0: 0x80002ff0 (0x000080d1) c.srli  s1, 20
core   0: 3 0x80002ff0 (0x80d1) x 9 0x00000fff
core   0: 0x80002ff2 (0x00000001) c.nop
core   0: 3 0x80002ff2 (0x0001)
core   0: 0x80002ff4 (0x03011e33) mulh    t3, sp, a6
core   0: 3 0x80002ff4 (0x03011e33) x28 0x00000000
core   0: 0x80002ff8 (0x01e66733) or      a4, a2, t5
core   0: 3 0x80002ff8 (0x01e66733) x14 0x00000000
core   0: 0x80002ffc (0x033ad2b3) divu    t0, s5, s3
core   0: 3 0x80002ffc (0x033ad2b3) x 5 0x00000000
core   0: 0x80003000 (0x00008ce1) c.and   s1, s0
core   0: 3 0x80003000 (0x8ce1) x 9 0x00000000
core   0: 0x80003002 (0x00008e0d) c.sub   a2, a1
core   0: 3 0x80003002 (0x8e0d) x12 0x7fff119c
core   0: 0x80003004 (0x019cbfb3) sltu    t6, s9, s9
core   0: 3 0x80003004 (0x019cbfb3) x31 0x00000000
core   0: 0x80003008 (0x00008cf9) c.and   s1, a4
core   0: 3 0x80003008 (0x8cf9) x 9 0x00000000
core   0: 0x8000300a (0x00000001) c.nop
core   0: 3 0x8000300a (0x0001)
core   0: 0x8000300c (0x0000614d) c.addi16sp sp, 176
core   0: 3 0x8000300c (0x614d) x 2 0xe1c000b0
core   0: 0x8000300e (0x10294e13) xori    t3, s2, 258
core   0: 3 0x8000300e (0x10294e13) x28 0x00000102
core   0: 0x80003012 (0x0261be33) mulhu   t3, gp, t1
core   0: 3 0x80003012 (0x0261be33) x28 0x00000000
core   0: 0x80003016 (0x018c1233) sll     tp, s8, s8
core   0: 3 0x80003016 (0x018c1233) x 4 0x80000000
core   0: 0x8000301a (0x9e042d17) auipc   s10, 0x9e042
core   0: 3 0x8000301a (0x9e042d17) x26 0x1e04501a
core   0: 0x8000301e (0x00009b7d) c.andi  a4, -1
core   0: 3 0x8000301e (0x9b7d) x14 0x00000000
core   0: 0x80003020 (0x01ab10b3) sll     ra, s6, s10
core   0: 3 0x80003020 (0x01ab10b3) x 1 0x00000000
core   0: 0x80003024 (0x00000dc9) c.addi  s11, 18
core   0: 3 0x80003024 (0x0dc9) x27 0x00000357
core   0: 0x80003026 (0x0378b433) mulhu   s0, a7, s7
core   0: 3 0x80003026 (0x0378b433) x 8 0x00000000
core   0: 0x8000302a (0x00008fd9) c.or    a5, a4
core   0: 3 0x8000302a (0x8fd9) x15 0x11d1ef6f
core   0: 0x8000302c (0xf55f2e37) lui     t3, 0xf55f2
core   0: 3 0x8000302c (0xf55f2e37) x28 0xf55f2000
core   0: 0x80003030 (0xb7aff413) andi    s0, t6, -1158
core   0: 3 0x80003030 (0xb7aff413) x 8 0x00000000
core   0: 0x80003034 (0x004e71b3) and     gp, t3, tp
core   0: 3 0x80003034 (0x004e71b3) x 3 0x80000000
core   0: 0x80003038 (0x0000809d) c.srli  s1, 7
core   0: 3 0x80003038 (0x809d) x 9 0x00000000
core   0: 0x8000303a (0x021987b3) mul     a5, s3, ra
core   0: 3 0x8000303a (0x021987b3) x15 0x00000000
core   0: 0x8000303e (0x00008cd9) c.or    s1, a4
core   0: 3 0x8000303e (0x8cd9) x 9 0x00000000
core   0: 0x80003040 (0x0163b133) sltu    sp, t2, s6
core   0: 3 0x80003040 (0x0163b133) x 2 0x00000000
core   0: 0x80003044 (0x6714e413) ori     s0, s1, 1649
core   0: 3 0x80003044 (0x6714e413) x 8 0x00000671
core   0: 0x80003048 (0x1f0e8c97) auipc   s9, 0x1f0e8
core   0: 3 0x80003048 (0x1f0e8c97) x25 0x9f0eb048
core   0: 0x8000304c (0x00001b94) c.addi4spn a3, sp, 496
core   0: 3 0x8000304c (0x1b94) x13 0x000001f0
core   0: 0x8000304e (0x033e8433) mul     s0, t4, s3
core   0: 3 0x8000304e (0x033e8433) x 8 0xdb5c5990
core   0: 0x80003052 (0x511de913) ori     s2, s11, 1297
core   0: 3 0x80003052 (0x511de913) x18 0x00000757
core   0: 0x80003056 (0x00008b35) c.andi  a4, 13
core   0: 3 0x80003056 (0x8b35) x14 0x00000000
core   0: 0x80003058 (0x00000822) c.slli  a6, 8
core   0: 3 0x80003058 (0x0822) x16 0x00000000
core   0: 0x8000305a (0x03554f33) div     t5, a0, s5
core   0: 3 0x8000305a (0x03554f33) x30 0xffffffff
core   0: 0x8000305e (0x009b9433) sll     s0, s7, s1
core   0: 3 0x8000305e (0x009b9433) x 8 0x00000000
core   0: 0x80003062 (0x00008e75) c.and   a2, a3
core   0: 3 0x80003062 (0x8e75) x12 0x00000190
core   0: 0x80003064 (0x987af017) auipc   zero, 0x987af
core   0: 3 0x80003064 (0x987af017)
core   0: 0x80003068 (0x00820033) add     zero, tp, s0
core   0: 3 0x80003068 (0x00820033)
core   0: 0x8000306c (0x000008c2) c.slli  a7, 16
core   0: 3 0x8000306c (0x08c2) x17 0xef660000
core   0: 0x8000306e (0x00008f15) c.sub   a4, a3
core   0: 3 0x8000306e (0x8f15) x14 0xfffffe10
core   0: 0x80003070 (0x03194b33) div     s6, s2, a7
core   0: 3 0x80003070 (0x03194b33) x22 0x00000000
core   0: 0x80003074 (0x00000001) c.nop
core   0: 3 0x80003074 (0x0001)
core   0: 0x80003076 (0x0110d993) srli    s3, ra, 17
core   0: 3 0x80003076 (0x0110d993) x19 0x00000000
core   0: 0x8000307a (0xc9562693) slti    a3, a2, -875
core   0: 3 0x8000307a (0xc9562693) x13 0x00000000
core   0: 0x8000307e (0x03817b33) remu    s6, sp, s8
core   0: 3 0x8000307e (0x03817b33) x22 0x00000000
core   0: 0x80003082 (0x41638933) sub     s2, t2, s6
core   0: 3 0x80003082 (0x41638933) x18 0xffffe050
core   0: 0x80003086 (0x0000840d) c.srai  s0, 3
core   0: 3 0x80003086 (0x840d) x 8 0x00000000
core   0: 0x80003088 (0x033d50b3) divu    ra, s10, s3
core   0: 3 0x80003088 (0x033d50b3) x 1 0xffffffff
core   0: 0x8000308c (0x01f1b7b3) sltu    a5, gp, t6
core   0: 3 0x8000308c (0x01f1b7b3) x15 0x00000000
core   0: 0x80003090 (0xa258df17) auipc   t5, 0xa258d
core   0: 3 0x80003090 (0xa258df17) x30 0x22590090
core   0: 0x80003094 (0x02298733) mul     a4, s3, sp
core   0: 3 0x80003094 (0x02298733) x14 0x00000000
core   0: 0x80003098 (0x9db3c417) auipc   s0, 0x9db3c
core   0: 3 0x80003098 (0x9db3c417) x 8 0x1db3f098
core   0: 0x8000309c (0x00000001) c.nop
core   0: 3 0x8000309c (0x0001)
core   0: 0x8000309e (0x00eb9133) sll     sp, s7, a4
core   0: 3 0x8000309e (0x00eb9133) x 2 0x00000000
core   0: 0x800030a2 (0x02d943b3) div     t2, s2, a3
core   0: 3 0x800030a2 (0x02d943b3) x 7 0xffffffff
core   0: 0x800030a6 (0x005ebfb3) sltu    t6, t4, t0
core   0: 3 0x800030a6 (0x005ebfb3) x31 0x00000000
core   0: 0x800030aa (0x000083a1) c.srli  a5, 8
core   0: 3 0x800030aa (0x83a1) x15 0x00000000
core   0: 0x800030ac (0x40a45833) sra     a6, s0, a0
core   0: 3 0x800030ac (0x40a45833) x16 0x01db3f09
core   0: 0x800030b0 (0x037930b3) mulhu   ra, s2, s7
core   0: 3 0x800030b0 (0x037930b3) x 1 0x00000000
core   0: 0x800030b4 (0x415bd913) srai    s2, s7, 21
core   0: 3 0x800030b4 (0x415bd913) x18 0x00000000
core   0: 0x800030b8 (0x88d8a393) slti    t2, a7, -1907
core   0: 3 0x800030b8 (0x88d8a393) x 7 0x00000001
core   0: 0x800030bc (0x017074b3) and     s1, zero, s7
core   0: 3 0x800030bc (0x017074b3) x 9 0x00000000
core   0: 0x800030c0 (0x00005ffd) c.li    t6, -1
core   0: 3 0x800030c0 (0x5ffd) x31 0xffffffff
core   0: 0x800030c2 (0x00004dad) c.li    s11, 11
core   0: 3 0x800030c2 (0x4dad) x27 0x0000000b
core   0: 0x800030c4 (0x01c3e833) or      a6, t2, t3
core   0: 3 0x800030c4 (0x01c3e833) x16 0xf55f2001
core   0: 0x800030c8 (0x00000001) c.nop
core   0: 3 0x800030c8 (0x0001)
core   0: 0x800030ca (0x40b78333) sub     t1, a5, a1
core   0: 3 0x800030ca (0x40b78333) x 6 0x7fff119c
core   0: 0x800030ce (0x00008c11) c.sub   s0, a2
core   0: 3 0x800030ce (0x8c11) x 8 0x1db3ef08
core   0: 0x800030d0 (0x01dff9b3) and     s3, t6, t4
core   0: 3 0x800030d0 (0x01dff9b3) x19 0x00000001
core   0: 0x800030d4 (0x00008cc1) c.or    s1, s0
core   0: 3 0x800030d4 (0x8cc1) x 9 0x1db3ef08
core   0: 0x800030d6 (0x02de8233) mul     tp, t4, a3
core   0: 3 0x800030d6 (0x02de8233) x 4 0x00000000
core   0: 0x800030da (0x0000062e) c.slli  a2, 11
core   0: 3 0x800030da (0x062e) x12 0x000c8000
core   0: 0x800030dc (0x02ea0833) mul     a6, s4, a4
core   0: 3 0x800030dc (0x02ea0833) x16 0x00000000
core   0: 0x800030e0 (0xadcfe693) ori     a3, t6, -1316
core   0: 3 0x800030e0 (0xadcfe693) x13 0xffffffff
core   0: 0x800030e4 (0x011f5a13) srli    s4, t5, 17
core   0: 3 0x800030e4 (0x011f5a13) x20 0x0000112c
core   0: 0x800030e8 (0xdf428f13) addi    t5, t0, -524
core   0: 3 0x800030e8 (0xdf428f13) x30 0xfffffdf4
core   0: 0x800030ec (0x01025a93) srli    s5, tp, 16
core   0: 3 0x800030ec (0x01025a93) x21 0x00000000
core   0: 0x800030f0 (0x00000001) c.nop
core   0: 3 0x800030f0 (0x0001)
core   0: 0x800030f2 (0x00008f39) c.xor   a4, a4
core   0: 3 0x800030f2 (0x8f39) x14 0x00000000
core   0: 0x800030f4 (0x1a05e237) lui     tp, 0x1a05e
core   0: 3 0x800030f4 (0x1a05e237) x 4 0x1a05e000
core   0: 0x800030f8 (0x852d6f93) ori     t6, s10, -1966
core   0: 3 0x800030f8 (0x852d6f93) x31 0xfffff85a
core   0: 0x800030fc (0xbf570313) addi    t1, a4, -1035
core   0: 3 0x800030fc (0xbf570313) x 6 0xfffffbf5
core   0: 0x80003100 (0x00008ca9) c.xor   s1, a0
core   0: 3 0x80003100 (0x8ca9) x 9 0x9db2c3ec
core   0: 0x80003102 (0x00008c51) c.or    s0, a2
core   0: 3 0x80003102 (0x8c51) x 8 0x1dbfef08
core   0: 0x80003104 (0x03015db3) divu    s11, sp, a6
core   0: 3 0x80003104 (0x03015db3) x27 0xffffffff
core   0: 0x80003108 (0xeaa50213) addi    tp, a0, -342
core   0: 3 0x80003108 (0xeaa50213) x 4 0x80012b8e
core   0: 0x8000310c (0x000000ce) c.slli  ra, 19
core   0: 3 0x8000310c (0x00ce) x 1 0x00000000
core   0: 0x8000310e (0xda438c93) addi    s9, t2, -604
core   0: 3 0x8000310e (0xda438c93) x25 0xfffffda5
core   0: 0x80003112 (0xa1ba4893) xori    a7, s4, -1509
core   0: 3 0x80003112 (0xa1ba4893) x17 0xffffeb37
core   0: 0x80003116 (0x00009a7a) c.add   s4, t5
core   0: 3 0x80003116 (0x9a7a) x20 0x00000f20
core   0: 0x80003118 (0x01e51333) sll     t1, a0, t5
core   0: 3 0x80003118 (0x01e51333) x 6 0xce400000
core   0: 0x8000311c (0x0176de93) srli    t4, a3, 23
core   0: 3 0x8000311c (0x0176de93) x29 0x000001ff
core   0: 0x80003120 (0x03597433) remu    s0, s2, s5
core   0: 3 0x80003120 (0x03597433) x 8 0x00000000
core   0: 0x80003124 (0x03f58433) mul     s0, a1, t6
core   0: 3 0x80003124 (0x03f58433) x 8 0xf8e0af28
core   0: 0x80003128 (0x010e2433) slt     s0, t3, a6
core   0: 3 0x80003128 (0x010e2433) x 8 0x00000001
core   0: 0x8000312c (0x00008f66) c.mv    t5, s9
core   0: 3 0x8000312c (0x8f66) x30 0xfffffda5
core   0: 0x8000312e (0xfa918493) addi    s1, gp, -87
core   0: 3 0x8000312e (0xfa918493) x 9 0x7fffffa9
core   0: 0x80003132 (0x01409393) slli    t2, ra, 20
core   0: 3 0x80003132 (0x01409393) x 7 0x00000000
core   0: 0x80003136 (0x0000842e) c.mv    s0, a1
core   0: 3 0x80003136 (0x842e) x 8 0x8000ee64
core   0: 0x80003138 (0x00000a9e) c.slli  s5, 7
core   0: 3 0x80003138 (0x0a9e) x21 0x00000000
core   0: 0x8000313a (0x00008b1d) c.andi  a4, 7
core   0: 3 0x8000313a (0x8b1d) x14 0x00000000
core   0: 0x8000313c (0x01d91b13) slli    s6, s2, 29
core   0: 3 0x8000313c (0x01d91b13) x22 0x00000000
core   0: 0x80003140 (0x02b8f133) remu    sp, a7, a1
core   0: 3 0x80003140 (0x02b8f133) x 2 0x7ffefcd3
core   0: 0x80003144 (0x03020333) mul     t1, tp, a6
core   0: 3 0x80003144 (0x03020333) x 6 0x00000000
core   0: 0x80003148 (0xce128497) auipc   s1, 0xce128
core   0: 3 0x80003148 (0xce128497) x 9 0x4e12b148
core   0: 0x8000314c (0x0000987d) c.andi  s0, -1
core   0: 3 0x8000314c (0x987d) x 8 0x8000ee64
core   0: 0x8000314e (0x00000001) c.nop
core   0: 3 0x8000314e (0x0001)
core   0: 0x80003150 (0x000061bd) c.lui   gp, 0xf
core   0: 3 0x80003150 (0x61bd) x 3 0x0000f000
core   0: 0x80003152 (0x02e35933) divu    s2, t1, a4
core   0: 3 0x80003152 (0x02e35933) x18 0xffffffff
core   0: 0x80003156 (0x00faf833) and     a6, s5, a5
core   0: 3 0x80003156 (0x00faf833) x16 0x00000000
core   0: 0x8000315a (0x03abdd33) divu    s10, s7, s10
core   0: 3 0x8000315a (0x03abdd33) x26 0x00000000
core   0: 0x8000315e (0x4026deb3) sra     t4, a3, sp
core   0: 3 0x8000315e (0x4026deb3) x29 0xffffffff
core   0: 0x80003162 (0x000087c1) c.srai  a5, 16
core   0: 3 0x80003162 (0x87c1) x15 0x00000000
core   0: 0x80003164 (0xcdef8413) addi    s0, t6, -802
core   0: 3 0x80003164 (0xcdef8413) x 8 0xfffff538
core   0: 0x80003168 (0x00009b1e) c.add   s6, t2
core   0: 3 0x80003168 (0x9b1e) x22 0x00000000
core   0: 0x8000316a (0x8bb4c993) xori    s3, s1, -1861
core   0: 3 0x8000316a (0x8bb4c993) x19 0xb1ed49f3
core   0: 0x8000316e (0x000087b6) c.mv    a5, a3
core   0: 3 0x8000316e (0x87b6) x15 0xffffffff
core   0: 0x80003170 (0x00000114) c.addi4spn a3, sp, 128
core   0: 3 0x80003170 (0x0114) x13 0x7ffefd53
core   0: 0x80003172 (0x00008e01) c.sub   a2, s0
core   0: 3 0x80003172 (0x8e01) x12 0x000c8ac8
core   0: 0x80003174 (0x0300ed33) rem     s10, ra, a6
core   0: 3 0x80003174 (0x0300ed33) x26 0x00000000
core   0: 0x80003178 (0x014c8933) add     s2, s9, s4
core   0: 3 0x80003178 (0x014c8933) x18 0x00000cc5
core   0: 0x8000317c (0x00008f55) c.or    a4, a3
core   0: 3 0x8000317c (0x8f55) x14 0x7ffefd53
core   0: 0x8000317e (0x000081b2) c.mv    gp, a2
core   0: 3 0x8000317e (0x81b2) x 3 0x000c8ac8
core   0: 0x80003180 (0x0000981a) c.add   a6, t1
core   0: 3 0x80003180 (0x981a) x16 0x00000000
core   0: 0x80003182 (0x0000717d) c.addi16sp sp, -16
core   0: 3 0x80003182 (0x717d) x 2 0x7ffefcc3
core   0: 0x80003184 (0x02180233) mul     tp, a6, ra
core   0: 3 0x80003184 (0x02180233) x 4 0x00000000
core   0: 0x80003188 (0xad5bac93) slti    s9, s7, -1323
core   0: 3 0x80003188 (0xad5bac93) x25 0x00000000
core   0: 0x8000318c (0x00009832) c.add   a6, a2
core   0: 3 0x8000318c (0x9832) x16 0x000c8ac8
core   0: 0x8000318e (0x00000001) c.nop
core   0: 3 0x8000318e (0x0001)
core   0: 0x80003190 (0x00006e89) c.lui   t4, 0x2
core   0: 3 0x80003190 (0x6e89) x29 0x00002000
core   0: 0x80003192 (0x00009bfd) c.andi  a5, -1
core   0: 3 0x80003192 (0x9bfd) x15 0xffffffff
core   0: 0x80003194 (0x0000692d) c.lui   s2, 0xb
core   0: 3 0x80003194 (0x692d) x18 0x0000b000
core   0: 0x80003196 (0x00008c9d) c.sub   s1, a5
core   0: 3 0x80003196 (0x8c9d) x 9 0x4e12b149
core   0: 0x80003198 (0x73d2b493) sltiu   s1, t0, 1853
core   0: 3 0x80003198 (0x73d2b493) x 9 0x00000001
core   0: 0x8000319c (0x0291c133) div     sp, gp, s1
core   0: 3 0x8000319c (0x0291c133) x 2 0x000c8ac8
core   0: 0x800031a0 (0x037e6933) rem     s2, t3, s7
core   0: 3 0x800031a0 (0x037e6933) x18 0xf55f2000
core   0: 0x800031a4 (0x993bca13) xori    s4, s7, -1645
core   0: 3 0x800031a4 (0x993bca13) x20 0xfffff993
core   0: 0x800031a8 (0x0399fd33) remu    s10, s3, s9
core   0: 3 0x800031a8 (0x0399fd33) x26 0xb1ed49f3
core   0: 0x800031ac (0x00006195) c.lui   gp, 0x5
core   0: 3 0x800031ac (0x6195) x 3 0x00005000
core   0: 0x800031ae (0x40d7feb7) lui     t4, 0x40d7f
core   0: 3 0x800031ae (0x40d7feb7) x29 0x40d7f000
core   0: 0x800031b2 (0x00000cba) c.slli  s9, 14
core   0: 3 0x800031b2 (0x0cba) x25 0x00000000
core   0: 0x800031b4 (0x00000898) c.addi4spn a4, sp, 80
core   0: 3 0x800031b4 (0x0898) x14 0x000c8b18
core   0: 0x800031b6 (0x011aef33) or      t5, s5, a7
core   0: 3 0x800031b6 (0x011aef33) x30 0xffffeb37
core   0: 0x800031ba (0x40a1dc93) srai    s9, gp, 10
core   0: 3 0x800031ba (0x40a1dc93) x25 0x00000014
core   0: 0x800031be (0x00005cfd) c.li    s9, -1
core   0: 3 0x800031be (0x5cfd) x25 0xffffffff
core   0: 0x800031c0 (0x036c3333) mulhu   t1, s8, s6
core   0: 3 0x800031c0 (0x036c3333) x 6 0x00000000
core   0: 0x800031c4 (0x00001f7d) c.addi  t5, -1
core   0: 3 0x800031c4 (0x1f7d) x30 0xffffeb36
core   0: 0x800031c6 (0x15f1cf13) xori    t5, gp, 351
core   0: 3 0x800031c6 (0x15f1cf13) x30 0x0000515f
core   0: 0x800031ca (0x000060b9) c.lui   ra, 0xe
core   0: 3 0x800031ca (0x60b9) x 1 0x0000e000
core   0: 0x800031cc (0x000089d2) c.mv    s3, s4
core   0: 3 0x800031cc (0x89d2) x19 0xfffff993
core   0: 0x800031ce (0x00000001) c.nop
core   0: 3 0x800031ce (0x0001)
core   0: 0x800031d0 (0x000092aa) c.add   t0, a0
core   0: 3 0x800031d0 (0x92aa) x 5 0x80012ce4
core   0: 0x800031d2 (0x00008c75) c.and   s0, a3
core   0: 3 0x800031d2 (0x8c75) x 8 0x7ffef510
core   0: 0x800031d4 (0x2e8af713) andi    a4, s5, 744
core   0: 3 0x800031d4 (0x2e8af713) x14 0x00000000
core   0: 0x800031d8 (0x01b05a93) srli    s5, zero, 27
core   0: 3 0x800031d8 (0x01b05a93) x21 0x00000000
core   0: 0x800031dc (0x03202933) mulhsu  s2, zero, s2
core   0: 3 0x800031dc (0x03202933) x18 0x00000000
core   0: 0x800031e0 (0xe6eaacb7) lui     s9, 0xe6eaa
core   0: 3 0x800031e0 (0xe6eaacb7) x25 0xe6eaa000
core   0: 0x800031e4 (0x000094fe) c.add   s1, t6
core   0: 3 0x800031e4 (0x94fe) x 9 0xfffff85b
core   0: 0x800031e6 (0x0000820a) c.mv    tp, sp
core   0: 3 0x800031e6 (0x820a) x 4 0x000c8ac8
core   0: 0x800031e8 (0x0230cab3) div     s5, ra, gp
core   0: 3 0x800031e8 (0x0230cab3) x21 0x00000002
core   0: 0x800031ec (0x41ec5793) srai    a5, s8, 30
core   0: 3 0x800031ec (0x41ec5793) x15 0xffffffff
core   0: 0x800031f0 (0x4044de13) srai    t3, s1, 4
core   0: 3 0x800031f0 (0x4044de13) x28 0xffffff85
core   0: 0x800031f4 (0x00000252) c.slli  tp, 20
core   0: 3 0x800031f4 (0x0252) x 4 0xac800000
core   0: 0x800031f6 (0x03e0cbb3) div     s7, ra, t5
core   0: 3 0x800031f6 (0x03e0cbb3) x23 0x00000002
core   0: 0x800031fa (0x000090b2) c.add   ra, a2
core   0: 3 0x800031fa (0x90b2) x 1 0x000d6ac8
core   0: 0x800031fc (0x02ef5db3) divu    s11, t5, a4
core   0: 3 0x800031fc (0x02ef5db3) x27 0xffffffff
core   0: 0x80003200 (0x00a2cab3) xor     s5, t0, a0
core   0: 3 0x80003200 (0x00a2cab3) x21 0x00000000
core   0: 0x80003204 (0x2b7cfd13) andi    s10, s9, 695
core   0: 3 0x80003204 (0x2b7cfd13) x26 0x00000000
core   0: 0x80003208 (0x000098fd) c.andi  s1, -1
core   0: 3 0x80003208 (0x98fd) x 9 0xfffff85b
core   0: 0x8000320a (0x03154b33) div     s6, a0, a7
core   0: 3 0x8000320a (0x03154b33) x22 0x00062874
core   0: 0x8000320e (0x00006175) c.addi16sp sp, 368
core   0: 3 0x8000320e (0x6175) x 2 0x000c8c38
core   0: 0x80003210 (0x00a309b3) add     s3, t1, a0
core   0: 3 0x80003210 (0x00a309b3) x19 0x80012ce4
core   0: 0x80003214 (0x03d496b3) mulh    a3, s1, t4
core   0: 3 0x80003214 (0x03d496b3) x13 0xfffffe10
core   0: 0x80003218 (0x000084a9) c.srai  s1, 10
core   0: 3 0x80003218 (0x84a9) x 9 0xfffffffe
core   0: 0x8000321a (0x01133cb3) sltu    s9, t1, a7
core   0: 3 0x8000321a (0x01133cb3) x25 0x00000001
core   0: 0x8000321e (0x000000c2) c.slli  ra, 16
core   0: 3 0x8000321e (0x00c2) x 1 0x6ac80000
core   0: 0x80003220 (0x01bbd7b3) srl     a5, s7, s11
core   0: 3 0x80003220 (0x01bbd7b3) x15 0x00000000
core   0: 0x80003224 (0x482127b7) lui     a5, 0x48212
core   0: 3 0x80003224 (0x482127b7) x15 0x48212000
core   0: 0x80003228 (0x0068ce33) xor     t3, a7, t1
core   0: 3 0x80003228 (0x0068ce33) x28 0xffffeb37
core   0: 0x8000322c (0x033857b3) divu    a5, a6, s3
core   0: 3 0x8000322c (0x033857b3) x15 0x00000000
core   0: 0x80003230 (0x40b0d633) sra     a2, ra, a1
core   0: 3 0x80003230 (0x40b0d633) x12 0x06ac8000
core   0: 0x80003234 (0x0109bcb3) sltu    s9, s3, a6
core   0: 3 0x80003234 (0x0109bcb3) x25 0x00000000
core   0: 0x80003238 (0x000080dd) c.srli  s1, 23
core   0: 3 0x80003238 (0x80dd) x 9 0x000001ff
core   0: 0x8000323a (0x00008e9d) c.sub   a3, a5
core   0: 3 0x8000323a (0x8e9d) x13 0xfffffe10
core   0: 0x8000323c (0x41bdd133) sra     sp, s11, s11
core   0: 3 0x8000323c (0x41bdd133) x 2 0xffffffff
core   0: 0x80003240 (0x0adb8713) addi    a4, s7, 173
core   0: 3 0x80003240 (0x0adb8713) x14 0x000000af
core   0: 0x80003244 (0x007007b3) add     a5, zero, t2
core   0: 3 0x80003244 (0x007007b3) x15 0x00000000
core   0: 0x80003248 (0x00000001) c.nop
core   0: 3 0x80003248 (0x0001)
core   0: 0x8000324a (0x007599b3) sll     s3, a1, t2
core   0: 3 0x8000324a (0x007599b3) x19 0x8000ee64
core   0: 0x8000324e (0x9a97e493) ori     s1, a5, -1623
core   0: 3 0x8000324e (0x9a97e493) x 9 0xfffff9a9
core   0: 0x80003252 (0x00008912) c.mv    s2, tp
core   0: 3 0x80003252 (0x8912) x18 0xac800000
core   0: 0x80003254 (0x00008c71) c.and   s0, a2
core   0: 3 0x80003254 (0x8c71) x 8 0x06ac8000
core   0: 0x80003256 (0x00000001) c.nop
core   0: 3 0x80003256 (0x0001)
core   0: 0x80003258 (0x000f8833) add     a6, t6, zero
core   0: 3 0x80003258 (0x000f8833) x16 0xfffff85a
core   0: 0x8000325c (0x02def9b3) remu    s3, t4, a3
core   0: 3 0x8000325c (0x02def9b3) x19 0x40d7f000
core   0: 0x80003260 (0x00008836) c.mv    a6, a3
core   0: 3 0x80003260 (0x8836) x16 0xfffffe10
core   0: 0x80003262 (0x000089aa) c.mv    s3, a0
core   0: 3 0x80003262 (0x89aa) x19 0x80012ce4
core   0: 0x80003264 (0x014c3e33) sltu    t3, s8, s4
core   0: 3 0x80003264 (0x014c3e33) x28 0x00000001
core   0: 0x80003268 (0xdd673293) sltiu   t0, a4, -554
core   0: 3 0x80003268 (0xdd673293) x 5 0x00000001
core   0: 0x8000326c (0x01df5933) srl     s2, t5, t4
core   0: 3 0x8000326c (0x01df5933) x18 0x0000515f
core   0: 0x80003270 (0x014e9233) sll     tp, t4, s4
core   0: 3 0x80003270 (0x014e9233) x 4 0x80000000
core   0: 0x80003274 (0xb5d28d93) addi    s11, t0, -1187
core   0: 3 0x80003274 (0xb5d28d93) x27 0xfffffb5e
core   0: 0x80003278 (0x01749433) sll     s0, s1, s7
core   0: 3 0x80003278 (0x01749433) x 8 0xffffe6a4
core   0: 0x8000327c (0x00ebb133) sltu    sp, s7, a4
core   0: 3 0x8000327c (0x00ebb133) x 2 0x00000001
core   0: 0x80003280 (0x31427113) andi    sp, tp, 788
core   0: 3 0x80003280 (0x31427113) x 2 0x00000000
core   0: 0x80003284 (0x5588c193) xori    gp, a7, 1368
core   0: 3 0x80003284 (0x5588c193) x 3 0xffffee6f
core   0: 0x80003288 (0x02dd6d33) rem     s10, s10, a3
core   0: 3 0x80003288 (0x02dd6d33) x26 0x00000000
core   0: 0x8000328c (0x7b283113) sltiu   sp, a6, 1970
core   0: 3 0x8000328c (0x7b283113) x 2 0x00000000
core   0: 0x80003290 (0x0146b1b3) sltu    gp, a3, s4
core   0: 3 0x80003290 (0x0146b1b3) x 3 0x00000000
core   0: 0x80003294 (0x0000147d) c.addi  s0, -1
core   0: 3 0x80003294 (0x147d) x 8 0xffffe6a3
core   0: 0x80003296 (0x96644437) lui     s0, 0x96644
core   0: 3 0x80003296 (0x96644437) x 8 0x96644000
core   0: 0x8000329a (0x00008f4d) c.or    a4, a1
core   0: 3 0x8000329a (0x8f4d) x14 0x8000eeef
core   0: 0x8000329c (0x101f8213) addi    tp, t6, 257
core   0: 3 0x8000329c (0x101f8213) x 4 0xfffff95b
core   0: 0x800032a0 (0x00006109) c.addi16sp sp, 128
core   0: 3 0x800032a0 (0x6109) x 2 0x00000080
core   0: 0x800032a2 (0x00004bc9) c.li    s7, 18
core   0: 3 0x800032a2 (0x4bc9) x23 0x00000012
core   0: 0x800032a4 (0x00008cad) c.xor   s1, a1
core   0: 3 0x800032a4 (0x8cad) x 9 0x7fff17cd
core   0: 0x800032a6 (0x00009bfd) c.andi  a5, -1
core   0: 3 0x800032a6 (0x9bfd) x15 0x00000000
core   0: 0x800032a8 (0x00c756b3) srl     a3, a4, a2
core   0: 3 0x800032a8 (0x00c756b3) x13 0x8000eeef
core   0: 0x800032ac (0x03e3c2b3) div     t0, t2, t5
core   0: 3 0x800032ac (0x03e3c2b3) x 5 0x00000000
core   0: 0x800032b0 (0x01d32933) slt     s2, t1, t4
core   0: 3 0x800032b0 (0x01d32933) x18 0x00000001
core   0: 0x800032b4 (0x0000615d) c.addi16sp sp, 432
core   0: 3 0x800032b4 (0x615d) x 2 0x00000230
core   0: 0x800032b6 (0x02a050b3) divu    ra, zero, a0
core   0: 3 0x800032b6 (0x02a050b3) x 1 0x00000000
core   0: 0x800032ba (0x0147cab3) xor     s5, a5, s4
core   0: 3 0x800032ba (0x0147cab3) x21 0xfffff993
core   0: 0x800032be (0x03a23d33) mulhu   s10, tp, s10
core   0: 3 0x800032be (0x03a23d33) x26 0x00000000
core   0: 0x800032c2 (0x412a01b3) sub     gp, s4, s2
core   0: 3 0x800032c2 (0x412a01b3) x 3 0xfffff992
core   0: 0x800032c6 (0x0000634d) c.lui   t1, 0x13
core   0: 3 0x800032c6 (0x634d) x 6 0x00013000
core   0: 0x800032c8 (0x400dd8b3) sra     a7, s11, zero
core   0: 3 0x800032c8 (0x400dd8b3) x17 0xfffffb5e
core   0: 0x800032cc (0x00ac41b3) xor     gp, s8, a0
core   0: 3 0x800032cc (0x00ac41b3) x 3 0x7fc352db
core   0: 0x800032d0 (0x0339ceb3) div     t4, s3, s3
core   0: 3 0x800032d0 (0x0339ceb3) x29 0x00000001
core   0: 0x800032d4 (0x00008f85) c.sub   a5, s1
core   0: 3 0x800032d4 (0x8f85) x15 0x8000e833
core   0: 0x800032d6 (0x00008019) c.srli  s0, 6
core   0: 3 0x800032d6 (0x8019) x 8 0x02599100
core   0: 0x800032d8 (0x000083ed) c.srli  a5, 27
core   0: 3 0x800032d8 (0x83ed) x15 0x00000010
core   0: 0x800032da (0x02f781b3) mul     gp, a5, a5
core   0: 3 0x800032da (0x02f781b3) x 3 0x00000100
core   0: 0x800032de (0x03d33033) mulhu   zero, t1, t4
core   0: 3 0x800032de (0x03d33033)
core   0: 0x800032e2 (0x00008ebd) c.xor   a3, a5
core   0: 3 0x800032e2 (0x8ebd) x13 0x8000eeff
core   0: 0x800032e4 (0x00004935) c.li    s2, 13
core   0: 3 0x800032e4 (0x4935) x18 0x0000000d
core   0: 0x800032e6 (0x0076f7b3) and     a5, a3, t2
core   0: 3 0x800032e6 (0x0076f7b3) x15 0x00000000
core   0: 0x800032ea (0x00008345) c.srli  a4, 17
core   0: 3 0x800032ea (0x8345) x14 0x00004000
core   0: 0x800032ec (0xef013413) sltiu   s0, sp, -272
core   0: 3 0x800032ec (0xef013413) x 8 0x00000001
core   0: 0x800032f0 (0x00008f61) c.and   a4, s0
core   0: 3 0x800032f0 (0x8f61) x14 0x00000000
core   0: 0x800032f2 (0x8ae71d97) auipc   s11, 0x8ae71
core   0: 3 0x800032f2 (0x8ae71d97) x27 0x0ae742f2
core   0: 0x800032f6 (0x00006f21) c.lui   t5, 0x8
core   0: 3 0x800032f6 (0x6f21) x30 0x00008000
core   0: 0x800032f8 (0x5baf0893) addi    a7, t5, 1466
core   0: 3 0x800032f8 (0x5baf0893) x17 0x000085ba
core   0: 0x800032fc (0x0000086d) c.addi  a6, 27
core   0: 3 0x800032fc (0x086d) x16 0xfffffe2b
core   0: 0x800032fe (0x0000870d) c.srai  a4, 3
core   0: 3 0x800032fe (0x870d) x14 0x00000000
core   0: 0x80003300 (0x007434b3) sltu    s1, s0, t2
core   0: 3 0x80003300 (0x007434b3) x 9 0x00000000
core   0: 0x80003304 (0x001107b3) add     a5, sp, ra
core   0: 3 0x80003304 (0x001107b3) x15 0x00000230
core   0: 0x80003308 (0x00008c09) c.sub   s0, a0
core   0: 3 0x80003308 (0x8c09) x 8 0x7ffed31d
core   0: 0x8000330a (0x0282ba33) mulhu   s4, t0, s0
core   0: 3 0x8000330a (0x0282ba33) x20 0x00000000
core   0: 0x8000330e (0xca463d13) sltiu   s10, a2, -860
core   0: 3 0x8000330e (0xca463d13) x26 0x00000001
core   0: 0x80003312 (0x0000476d) c.li    a4, 27
core   0: 3 0x80003312 (0x476d) x14 0x0000001b
core   0: 0x80003314 (0x000099d2) c.add   s3, s4
core   0: 3 0x80003314 (0x99d2) x19 0x80012ce4
core   0: 0x80003316 (0xa8286413) ori     s0, a6, -1406
core   0: 3 0x80003316 (0xa8286413) x 8 0xfffffeab
core   0: 0x8000331a (0xc0201db7) lui     s11, 0xc0201
core   0: 3 0x8000331a (0xc0201db7) x27 0xc0201000
core   0: 0x8000331e (0x006e58b3) srl     a7, t3, t1
core   0: 3 0x8000331e (0x006e58b3) x17 0x00000001
core   0: 0x80003322 (0x03f1bdb3) mulhu   s11, gp, t6
core   0: 3 0x80003322 (0x03f1bdb3) x27 0x000000ff
core   0: 0x80003326 (0x7c6e7993) andi    s3, t3, 1990
core   0: 3 0x80003326 (0x7c6e7993) x19 0x00000000
core   0: 0x8000332a (0x00008396) c.mv    t2, t0
core   0: 3 0x8000332a (0x8396) x 7 0x00000000
core   0: 0x8000332c (0x01d05b13) srli    s6, zero, 29
core   0: 3 0x8000332c (0x01d05b13) x22 0x00000000
core   0: 0x80003330 (0x00bfc9b3) xor     s3, t6, a1
core   0: 3 0x80003330 (0x00bfc9b3) x19 0x7fff163e
core   0: 0x80003334 (0x00985b93) srli    s7, a6, 9
core   0: 3 0x80003334 (0x00985b93) x23 0x007fffff
core   0: 0x80003338 (0x018521b3) slt     gp, a0, s8
core   0: 3 0x80003338 (0x018521b3) x 3 0x00000001
core   0: 0x8000333c (0x02032033) mulhsu  zero, t1, zero
core   0: 3 0x8000333c (0x02032033)
core   0: 0x80003340 (0x15979817) auipc   a6, 0x15979
core   0: 3 0x80003340 (0x15979817) x16 0x9597c340
core   0: 0x80003344 (0x00008cd1) c.or    s1, a2
core   0: 3 0x80003344 (0x8cd1) x 9 0x06ac8000
core   0: 0x80003346 (0x0000868d) c.srai  a3, 3
core   0: 3 0x80003346 (0x868d) x13 0xf0001ddf
core   0: 0x80003348 (0x00008c25) c.xor   s0, s1
core   0: 3 0x80003348 (0x8c25) x 8 0xf9537eab
core   0: 0x8000334a (0x012b59b3) srl     s3, s6, s2
core   0: 3 0x8000334a (0x012b59b3) x19 0x00000000
core   0: 0x8000334e (0x00000001) c.nop
core   0: 3 0x8000334e (0x0001)
core   0: 0x80003350 (0x00004305) c.li    t1, 1
core   0: 3 0x80003350 (0x4305) x 6 0x00000001
core   0: 0x80003352 (0x02b46cb3) rem     s9, s0, a1
core   0: 3 0x80003352 (0x02b46cb3) x25 0xf9537eab
core   0: 0x80003356 (0x00a52f33) slt     t5, a0, a0
core   0: 3 0x80003356 (0x00a52f33) x30 0x00000000
core   0: 0x8000335a (0x00ddfd33) and     s10, s11, a3
core   0: 3 0x8000335a (0x00ddfd33) x26 0x000000df
core   0: 0x8000335e (0x00143fb3) sltu    t6, s0, ra
core   0: 3 0x8000335e (0x00143fb3) x31 0x00000000
core   0: 0x80003362 (0x00008c31) c.xor   s0, a2
core   0: 3 0x80003362 (0x8c31) x 8 0xfffffeab
core   0: 0x80003364 (0x02061db3) mulh    s11, a2, zero
core   0: 3 0x80003364 (0x02061db3) x27 0x00000000
core   0: 0x80003368 (0x0845d817) auipc   a6, 0x845d
core   0: 3 0x80003368 (0x0845d817) x16 0x88460368
core   0: 0x8000336c (0x02074cb3) div     s9, a4, zero
core   0: 3 0x8000336c (0x02074cb3) x25 0xffffffff
core   0: 0x80003370 (0x03f45833) divu    a6, s0, t6
core   0: 3 0x80003370 (0x03f45833) x16 0xffffffff
core   0: 0x80003374 (0x00008f7d) c.and   a4, a5
core   0: 3 0x80003374 (0x8f7d) x14 0x00000010
core   0: 0x80003376 (0x00006da9) c.lui   s11, 0xa
core   0: 3 0x80003376 (0x6da9) x27 0x0000a000
core   0: 0x80003378 (0x405488b3) sub     a7, s1, t0
core   0: 3 0x80003378 (0x405488b3) x17 0x06ac8000
core   0: 0x8000337c (0x000088bd) c.andi  s1, 15
core   0: 3 0x8000337c (0x88bd) x 9 0x00000000
core   0: 0x8000337e (0x75d06f37) lui     t5, 0x75d06
core   0: 3 0x8000337e (0x75d06f37) x30 0x75d06000
core   0: 0x80003382 (0x157f8b13) addi    s6, t6, 343
core   0: 3 0x80003382 (0x157f8b13) x22 0x00000157
core   0: 0x80003386 (0x61febf13) sltiu   t5, t4, 1567
core   0: 3 0x80003386 (0x61febf13) x30 0x00000001
core   0: 0x8000338a (0x017656b3) srl     a3, a2, s7
core   0: 3 0x8000338a (0x017656b3) x13 0x00000000
core   0: 0x8000338e (0x00008b0a) c.mv    s6, sp
core   0: 3 0x8000338e (0x8b0a) x22 0x00000230
core   0: 0x80003390 (0x0374bab3) mulhu   s5, s1, s7
core   0: 3 0x80003390 (0x0374bab3) x21 0x00000000
core   0: 0x80003394 (0x03bd6d33) rem     s10, s10, s11
core   0: 3 0x80003394 (0x03bd6d33) x26 0x000000df
core   0: 0x80003398 (0x00009436) c.add   s0, a3
core   0: 3 0x80003398 (0x9436) x 8 0xfffffeab
core   0: 0x8000339a (0x40f7da33) sra     s4, a5, a5
core   0: 3 0x8000339a (0x40f7da33) x20 0x00000000
core   0: 0x8000339e (0x00009d1e) c.add   s10, t2
core   0: 3 0x8000339e (0x9d1e) x26 0x000000df
core   0: 0x800033a0 (0x40040db3) sub     s11, s0, zero
core   0: 3 0x800033a0 (0x40040db3) x27 0xfffffeab
core   0: 0x800033a4 (0x03d36833) rem     a6, t1, t4
core   0: 3 0x800033a4 (0x03d36833) x16 0x00000000
core   0: 0x800033a8 (0x03fa7d33) remu    s10, s4, t6
core   0: 3 0x800033a8 (0x03fa7d33) x26 0x00000000
core   0: 0x800033ac (0x0261fab3) remu    s5, gp, t1
core   0: 3 0x800033ac (0x0261fab3) x21 0x00000000
core   0: 0x800033b0 (0x1e14f493) andi    s1, s1, 481
core   0: 3 0x800033b0 (0x1e14f493) x 9 0x00000000
core   0: 0x800033b4 (0x20dcbb13) sltiu   s6, s9, 525
core   0: 3 0x800033b4 (0x20dcbb13) x22 0x00000000
core   0: 0x800033b8 (0x01356233) or      tp, a0, s3
core   0: 3 0x800033b8 (0x01356233) x 4 0x80012ce4
core   0: 0x800033bc (0x00000796) c.slli  a5, 5
core   0: 3 0x800033bc (0x0796) x15 0x00004600
core   0: 0x800033be (0x6500c897) auipc   a7, 0x6500c
core   0: 3 0x800033be (0x6500c897) x17 0xe500f3be
core   0: 0x800033c2 (0x00000001) c.nop
core   0: 3 0x800033c2 (0x0001)
core   0: 0x800033c4 (0xb50a4d97) auipc   s11, 0xb50a4
core   0: 3 0x800033c4 (0xb50a4d97) x27 0x350a73c4
core   0: 0x800033c8 (0x0000837a) c.mv    t1, t5
core   0: 3 0x800033c8 (0x837a) x 6 0x00000001
core   0: 0x800033ca (0x00009d56) c.add   s10, s5
core   0: 3 0x800033ca (0x9d56) x26 0x00000000
core   0: 0x800033cc (0x00000118) c.addi4spn a4, sp, 128
core   0: 3 0x800033cc (0x0118) x14 0x000002b0
core   0: 0x800033ce (0x0062f633) and     a2, t0, t1
core   0: 3 0x800033ce (0x0062f633) x12 0x00000000
core   0: 0x800033d2 (0x018ba8b3) slt     a7, s7, s8
core   0: 3 0x800033d2 (0x018ba8b3) x17 0x00000000
core   0: 0x800033d6 (0xc4956c93) ori     s9, a0, -951
core   0: 3 0x800033d6 (0xc4956c93) x25 0xfffffced
core   0: 0x800033da (0x40515793) srai    a5, sp, 5
core   0: 3 0x800033da (0x40515793) x15 0x00000011
core   0: 0x800033de (0x0225c2b3) div     t0, a1, sp
core   0: 3 0x800033de (0x0225c2b3) x 5 0xffc57cc5
core   0: 0x800033e2 (0x00006f6d) c.lui   t5, 0x1b
core   0: 3 0x800033e2 (0x6f6d) x30 0x0001b000
core   0: 0x800033e4 (0x02385433) divu    s0, a6, gp
core   0: 3 0x800033e4 (0x02385433) x 8 0x00000000
core   0: 0x800033e8 (0x02d2e233) rem     tp, t0, a3
core   0: 3 0x800033e8 (0x02d2e233) x 4 0xffc57cc5
core   0: 0x800033ec (0x10163693) sltiu   a3, a2, 257
core   0: 3 0x800033ec (0x10163693) x13 0x00000001
core   0: 0x800033f0 (0x00001e7d) c.addi  t3, -1
core   0: 3 0x800033f0 (0x1e7d) x28 0x00000000
core   0: 0x800033f2 (0x85c14813) xori    a6, sp, -1956
core   0: 3 0x800033f2 (0x85c14813) x16 0xfffffa6c
core   0: 0x800033f6 (0x02d9cfb3) div     t6, s3, a3
core   0: 3 0x800033f6 (0x02d9cfb3) x31 0x00000000
core   0: 0x800033fa (0x002553b3) srl     t2, a0, sp
core   0: 3 0x800033fa (0x002553b3) x 7 0x00008001
core   0: 0x800033fe (0x00009bfd) c.andi  a5, -1
core   0: 3 0x800033fe (0x9bfd) x15 0x00000011
core   0: 0x80003400 (0x03ea37b3) mulhu   a5, s4, t5
core   0: 3 0x80003400 (0x03ea37b3) x15 0x00000000
core   0: 0x80003404 (0x403ddb93) srai    s7, s11, 3
core   0: 3 0x80003404 (0x403ddb93) x23 0x06a14e78
core   0: 0x80003408 (0x000fc0b3) xor     ra, t6, zero
core   0: 3 0x80003408 (0x000fc0b3) x 1 0x00000000
core   0: 0x8000340c (0x00009a22) c.add   s4, s0
core   0: 3 0x8000340c (0x9a22) x20 0x00000000
core   0: 0x8000340e (0x00001d80) c.addi4spn s0, sp, 752
core   0: 3 0x8000340e (0x1d80) x 8 0x00000520
core   0: 0x80003410 (0x01e23033) sltu    zero, tp, t5
core   0: 3 0x80003410 (0x01e23033)
core   0: 0x80003414 (0x56ebeb93) ori     s7, s7, 1390
core   0: 3 0x80003414 (0x56ebeb93) x23 0x06a14f7e
core   0: 0x80003418 (0x010500b3) add     ra, a0, a6
core   0: 3 0x80003418 (0x010500b3) x 1 0x80012750
core   0: 0x8000341c (0x00008015) c.srli  s0, 5
core   0: 3 0x8000341c (0x8015) x 8 0x00000029
core   0: 0x8000341e (0x41a0d9b3) sra     s3, ra, s10
core   0: 3 0x8000341e (0x41a0d9b3) x19 0x80012750
core   0: 0x80003422 (0x011a4633) xor     a2, s4, a7
core   0: 3 0x80003422 (0x011a4633) x12 0x00000000
core   0: 0x80003426 (0x64847a93) andi    s5, s0, 1608
core   0: 3 0x80003426 (0x64847a93) x21 0x00000008
core   0: 0x8000342a (0x03995033) divu    zero, s2, s9
core   0: 3 0x8000342a (0x03995033)
core   0: 0x8000342e (0x00008329) c.srli  a4, 10
core   0: 3 0x8000342e (0x8329) x14 0x00000000
core   0: 0x80003430 (0x01f89693) slli    a3, a7, 31
core   0: 3 0x80003430 (0x01f89693) x13 0x00000000
core   0: 0x80003434 (0x0000127d) c.addi  tp, -1
core   0: 3 0x80003434 (0x127d) x 4 0xffc57cc4
core   0: 0x80003436 (0x00008ff9) c.and   a5, a4
core   0: 3 0x80003436 (0x8ff9) x15 0x00000000
core   0: 0x80003438 (0xf9fa8297) auipc   t0, 0xf9fa8
core   0: 3 0x80003438 (0xf9fa8297) x 5 0x79fab438
core   0: 0x8000343c (0x00008b71) c.andi  a4, 28
core   0: 3 0x8000343c (0x8b71) x14 0x00000000
core   0: 0x8000343e (0x01805133) srl     sp, zero, s8
core   0: 3 0x8000343e (0x01805133) x 2 0x00000000
core   0: 0x80003442 (0x41e509b3) sub     s3, a0, t5
core   0: 3 0x80003442 (0x41e509b3) x19 0x7fff7ce4
core   0: 0x80003446 (0x0118fcb3) and     s9, a7, a7
core   0: 3 0x80003446 (0x0118fcb3) x25 0x00000000
core   0: 0x8000344a (0x0000826a) c.mv    tp, s10
core   0: 3 0x8000344a (0x826a) x 4 0x00000000
core   0: 0x8000344c (0x00155293) srli    t0, a0, 1
core   0: 3 0x8000344c (0x00155293) x 5 0x40009672
core   0: 0x80003450 (0x000097ee) c.add   a5, s11
core   0: 3 0x80003450 (0x97ee) x15 0x350a73c4
core   0: 0x80003452 (0x00008286) c.mv    t0, ra
core   0: 3 0x80003452 (0x8286) x 5 0x80012750
core   0: 0x80003454 (0x01e48733) add     a4, s1, t5
core   0: 3 0x80003454 (0x01e48733) x14 0x0001b000
core   0: 0x80003458 (0x00008c0d) c.sub   s0, a1
core   0: 3 0x80003458 (0x8c0d) x 8 0x7fff11c5
core   0: 0x8000345a (0x00008f91) c.sub   a5, a2
core   0: 3 0x8000345a (0x8f91) x15 0x350a73c4
core   0: 0x8000345c (0x00008371) c.srli  a4, 28
core   0: 3 0x8000345c (0x8371) x14 0x00000000
core   0: 0x8000345e (0xe550bd13) sltiu   s10, ra, -427
core   0: 3 0x8000345e (0xe550bd13) x26 0x00000001
core   0: 0x80003462 (0x0000717d) c.addi16sp sp, -16
core   0: 3 0x80003462 (0x717d) x 2 0xfffffff0
core   0: 0x80003464 (0x80532937) lui     s2, 0x80532
core   0: 3 0x80003464 (0x80532937) x18 0x80532000
core   0: 0x80003468 (0x72d97113) andi    sp, s2, 1837
core   0: 3 0x80003468 (0x72d97113) x 2 0x00000000
core   0: 0x8000346c (0x00008091) c.srli  s1, 4
core   0: 3 0x8000346c (0x8091) x 9 0x00000000
core   0: 0x8000346e (0x00006161) c.addi16sp sp, 80
core   0: 3 0x8000346e (0x6161) x 2 0x00000050
core   0: 0x80003470 (0x417fdb93) srai    s7, t6, 23
core   0: 3 0x80003470 (0x417fdb93) x23 0x00000000
core   0: 0x80003474 (0x034812b3) mulh    t0, a6, s4
core   0: 3 0x80003474 (0x034812b3) x 5 0x00000000
core   0: 0x80003478 (0x0000408d) c.li    ra, 3
core   0: 3 0x80003478 (0x408d) x 1 0x00000003
core   0: 0x8000347a (0x00008839) c.andi  s0, 14
core   0: 3 0x8000347a (0x8839) x 8 0x00000004
core   0: 0x8000347c (0x000f81b3) add     gp, t6, zero
core   0: 3 0x8000347c (0x000f81b3) x 3 0x00000000
core   0: 0x80003480 (0x023c98b3) mulh    a7, s9, gp
core   0: 3 0x80003480 (0x023c98b3) x17 0x00000000
core   0: 0x80003484 (0x00008049) c.srli  s0, 18
core   0: 3 0x80003484 (0x8049) x 8 0x00000000
core   0: 0x80003486 (0x0000088d) c.addi  a7, 3
core   0: 3 0x80003486 (0x088d) x17 0x00000003
core   0: 0x80003488 (0x00000001) c.nop
core   0: 3 0x80003488 (0x0001)
core   0: 0x8000348a (0x0055ea33) or      s4, a1, t0
core   0: 3 0x8000348a (0x0055ea33) x20 0x8000ee64
core   0: 0x8000348e (0x00008e49) c.or    a2, a0
core   0: 3 0x8000348e (0x8e49) x12 0x80012ce4
core   0: 0x80003490 (0x8b6a3697) auipc   a3, 0x8b6a3
core   0: 3 0x80003490 (0x8b6a3697) x13 0x0b6a6490
core   0: 0x80003494 (0x0376b1b3) mulhu   gp, a3, s7
core   0: 3 0x80003494 (0x0376b1b3) x 3 0x00000000
core   0: 0x80003498 (0x0000890a) c.mv    s2, sp
core   0: 3 0x80003498 (0x890a) x18 0x00000050
core   0: 0x8000349a (0x00008f39) c.xor   a4, a4
core   0: 3 0x8000349a (0x8f39) x14 0x00000000
core   0: 0x8000349c (0x03f7e4b3) rem     s1, a5, t6
core   0: 3 0x8000349c (0x03f7e4b3) x 9 0x350a73c4
core   0: 0x800034a0 (0x00000752) c.slli  a4, 20
core   0: 3 0x800034a0 (0x0752) x14 0x00000000
core   0: 0x800034a2 (0x00000001) c.nop
core   0: 3 0x800034a2 (0x0001)
core   0: 0x800034a4 (0x81b37493) andi    s1, t1, -2021
core   0: 3 0x800034a4 (0x81b37493) x 9 0x00000001
core   0: 0x800034a8 (0x0838b693) sltiu   a3, a7, 131
core   0: 3 0x800034a8 (0x0838b693) x13 0x00000001
core   0: 0x800034ac (0x00e32b33) slt     s6, t1, a4
core   0: 3 0x800034ac (0x00e32b33) x22 0x00000000
core   0: 0x800034b0 (0x00000001) c.nop
core   0: 3 0x800034b0 (0x0001)
core   0: 0x800034b2 (0x000019fd) c.addi  s3, -1
core   0: 3 0x800034b2 (0x19fd) x19 0x7fff7ce3
core   0: 0x800034b4 (0x01050433) add     s0, a0, a6
core   0: 3 0x800034b4 (0x01050433) x 8 0x80012750
core   0: 0x800034b8 (0xc88caa13) slti    s4, s9, -888
core   0: 3 0x800034b8 (0xc88caa13) x20 0x00000000
core   0: 0x800034bc (0x0000167d) c.addi  a2, -1
core   0: 3 0x800034bc (0x167d) x12 0x80012ce3
core   0: 0x800034be (0x00008c99) c.sub   s1, a4
core   0: 3 0x800034be (0x8c99) x 9 0x00000001
core   0: 0x800034c0 (0x40e3d2b3) sra     t0, t2, a4
core   0: 3 0x800034c0 (0x40e3d2b3) x 5 0x00008001
core   0: 0x800034c4 (0x005b27b3) slt     a5, s6, t0
core   0: 3 0x800034c4 (0x005b27b3) x15 0x00000001
core   0: 0x800034c8 (0x00008fa9) c.xor   a5, a0
core   0: 3 0x800034c8 (0x8fa9) x15 0x80012ce5
core   0: 0x800034ca (0x000080d5) c.srli  s1, 21
core   0: 3 0x800034ca (0x80d5) x 9 0x00000000
core   0: 0x800034cc (0x000082a9) c.srli  a3, 10
core   0: 3 0x800034cc (0x82a9) x13 0x00000000
core   0: 0x800034ce (0x0161d813) srli    a6, gp, 22
core   0: 3 0x800034ce (0x0161d813) x16 0x00000000
core   0: 0x800034d2 (0x000648b3) xor     a7, a2, zero
core   0: 3 0x800034d2 (0x000648b3) x17 0x80012ce3
core   0: 0x800034d6 (0xc5988993) addi    s3, a7, -935
core   0: 3 0x800034d6 (0xc5988993) x19 0x8001293c
core   0: 0x800034da (0x000087f5) c.srai  a5, 29
core   0: 3 0x800034da (0x87f5) x15 0xfffffffc
core   0: 0x800034dc (0x000088a1) c.andi  s1, 8
core   0: 3 0x800034dc (0x88a1) x 9 0x00000000
core   0: 0x800034de (0x4f877813) andi    a6, a4, 1272
core   0: 3 0x800034de (0x4f877813) x16 0x00000000
core   0: 0x800034e2 (0x018331b3) sltu    gp, t1, s8
core   0: 3 0x800034e2 (0x018331b3) x 3 0x00000001
core   0: 0x800034e6 (0x030688b3) mul     a7, a3, a6
core   0: 3 0x800034e6 (0x030688b3) x17 0x00000000
core   0: 0x800034ea (0x00000814) c.addi4spn a3, sp, 16
core   0: 3 0x800034ea (0x0814) x13 0x00000060
core   0: 0x800034ec (0x0000187d) c.addi  a6, -1
core   0: 3 0x800034ec (0x187d) x16 0xffffffff
core   0: 0x800034ee (0x00008836) c.mv    a6, a3
core   0: 3 0x800034ee (0x8836) x16 0x00000060
core   0: 0x800034f0 (0x02783233) mulhu   tp, a6, t2
core   0: 3 0x800034f0 (0x02783233) x 4 0x00000000
core   0: 0x800034f4 (0x000083e9) c.srli  a5, 26
core   0: 3 0x800034f4 (0x83e9) x15 0x0000003f
core   0: 0x800034f6 (0x0000987d) c.andi  s0, -1
core   0: 3 0x800034f6 (0x987d) x 8 0x80012750
core   0: 0x800034f8 (0x01e8e933) or      s2, a7, t5
core   0: 3 0x800034f8 (0x01e8e933) x18 0x0001b000
core   0: 0x800034fc (0x000083ad) c.srli  a5, 11
core   0: 3 0x800034fc (0x83ad) x15 0x00000000
core   0: 0x800034fe (0x41e9da13) srai    s4, s3, 30
core   0: 3 0x800034fe (0x41e9da13) x20 0xfffffffe
core   0: 0x80003502 (0x00009b7d) c.andi  a4, -1
core   0: 3 0x80003502 (0x9b7d) x14 0x00000000
core   0: 0x80003504 (0x000089be) c.mv    s3, a5
core   0: 3 0x80003504 (0x89be) x19 0x00000000
core   0: 0x80003506 (0x0127c6b3) xor     a3, a5, s2
core   0: 3 0x80003506 (0x0127c6b3) x13 0x0001b000
core   0: 0x8000350a (0x00000001) c.nop
core   0: 3 0x8000350a (0x0001)
core   0: 0x8000350c (0x0d8f2c93) slti    s9, t5, 216
core   0: 3 0x8000350c (0x0d8f2c93) x25 0x00000000
core   0: 0x80003510 (0x0076ddb3) srl     s11, a3, t2
core   0: 3 0x80003510 (0x0076ddb3) x27 0x0000d800
core   0: 0x80003514 (0x00008cb1) c.xor   s1, a2
core   0: 3 0x80003514 (0x8cb1) x 9 0x80012ce3
core   0: 0x80003516 (0x01209713) slli    a4, ra, 18
core   0: 3 0x80003516 (0x01209713) x14 0x000c0000
core   0: 0x8000351a (0xe398c437) lui     s0, 0xe398c
core   0: 3 0x8000351a (0xe398c437) x 8 0xe398c000
core   0: 0x8000351e (0x012e77b3) and     a5, t3, s2
core   0: 3 0x8000351e (0x012e77b3) x15 0x00000000
core   0: 0x80003522 (0x01226e33) or      t3, tp, s2
core   0: 3 0x80003522 (0x01226e33) x28 0x0001b000
core   0: 0x80003526 (0x0000839d) c.srli  a5, 7
core   0: 3 0x80003526 (0x839d) x15 0x00000000
core   0: 0x80003528 (0x4048d093) srai    ra, a7, 4
core   0: 3 0x80003528 (0x4048d093) x 1 0x00000000
core   0: 0x8000352c (0x00000266) c.slli  tp, 25
core   0: 3 0x8000352c (0x0266) x 4 0x00000000
core   0: 0x8000352e (0xb8c57f37) lui     t5, 0xb8c57
core   0: 3 0x8000352e (0xb8c57f37) x30 0xb8c57000
core   0: 0x80003532 (0x0000845d) c.srai  s0, 23
core   0: 3 0x80003532 (0x845d) x 8 0xffffffc7
core   0: 0x80003534 (0x00000dca) c.slli  s11, 18
core   0: 3 0x80003534 (0x0dca) x27 0x60000000
core   0: 0x80003536 (0x00009afd) c.andi  a3, -1
core   0: 3 0x80003536 (0x9afd) x13 0x0001b000
core   0: 0x80003538 (0x00009aa2) c.add   s5, s0
core   0: 3 0x80003538 (0x9aa2) x21 0xffffffcf
core   0: 0x8000353a (0x02daf7b3) remu    a5, s5, a3
core   0: 3 0x8000353a (0x02daf7b3) x15 0x00003fcf
core   0: 0x8000353e (0x0339ae33) mulhsu  t3, s3, s3
core   0: 3 0x8000353e (0x0339ae33) x28 0x00000000
core   0: 0x80003542 (0x0206cf33) div     t5, a3, zero
core   0: 3 0x80003542 (0x0206cf33) x30 0xffffffff
core   0: 0x80003546 (0x00000001) c.nop
core   0: 3 0x80003546 (0x0001)
core   0: 0x80003548 (0x000051fd) c.li    gp, -1
core   0: 3 0x80003548 (0x51fd) x 3 0xffffffff
core   0: 0x8000354a (0x01e373b3) and     t2, t1, t5
core   0: 3 0x8000354a (0x01e373b3) x 7 0x00000001
core   0: 0x8000354e (0x00000001) c.nop
core   0: 3 0x8000354e (0x0001)
core   0: 0x80003550 (0x00008e15) c.sub   a2, a3
core   0: 3 0x80003550 (0x8e15) x12 0x7fff7ce3
core   0: 0x80003552 (0x000052fd) c.li    t0, -1
core   0: 3 0x80003552 (0x52fd) x 5 0xffffffff
core   0: 0x80003554 (0x000012fd) c.addi  t0, -1
core   0: 3 0x80003554 (0x12fd) x 5 0xfffffffe
core   0: 0x80003556 (0x00da9e13) slli    t3, s5, 13
core   0: 3 0x80003556 (0x00da9e13) x28 0xfff9e000
core   0: 0x8000355a (0x00000001) c.nop
core   0: 3 0x8000355a (0x0001)
core   0: 0x8000355c (0x41325033) sra     zero, tp, s3
core   0: 3 0x8000355c (0x41325033)
core   0: 0x80003560 (0x000042f1) c.li    t0, 28
core   0: 3 0x80003560 (0x42f1) x 5 0x0000001c
core   0: 0x80003562 (0x008ab6b3) sltu    a3, s5, s0
core   0: 3 0x80003562 (0x008ab6b3) x13 0x00000000
core   0: 0x80003566 (0x03e93ab3) mulhu   s5, s2, t5
core   0: 3 0x80003566 (0x03e93ab3) x21 0x0001afff
core   0: 0x8000356a (0x0359eab3) rem     s5, s3, s5
core   0: 3 0x8000356a (0x0359eab3) x21 0x00000000
core   0: 0x8000356e (0x8a8ac993) xori    s3, s5, -1880
core   0: 3 0x8000356e (0x8a8ac993) x19 0xfffff8a8
core   0: 0x80003572 (0x015f8233) add     tp, t6, s5
core   0: 3 0x80003572 (0x015f8233) x 4 0x00000000
core   0: 0x80003576 (0x03e76b33) rem     s6, a4, t5
core   0: 3 0x80003576 (0x03e76b33) x22 0x00000000
core   0: 0x8000357a (0x00000001) c.nop
core   0: 3 0x8000357a (0x0001)
core   0: 0x8000357c (0x002d5813) srli    a6, s10, 2
core   0: 3 0x8000357c (0x002d5813) x16 0x00000000
core   0: 0x80003580 (0x036037b3) mulhu   a5, zero, s6
core   0: 3 0x80003580 (0x036037b3) x15 0x00000000
core   0: 0x80003584 (0x057aaa93) slti    s5, s5, 87
core   0: 3 0x80003584 (0x057aaa93) x21 0x00000001
core   0: 0x80003588 (0x00004999) c.li    s3, 6
core   0: 3 0x80003588 (0x4999) x19 0x00000006
core   0: 0x8000358a (0x0000019c) c.addi4spn a5, sp, 192
core   0: 3 0x8000358a (0x019c) x15 0x00000110
core   0: 0x8000358c (0x0000878d) c.srai  a5, 3
core   0: 3 0x8000358c (0x878d) x15 0x00000022
core   0: 0x8000358e (0x0000987d) c.andi  s0, -1
core   0: 3 0x8000358e (0x987d) x 8 0xffffffc7
core   0: 0x80003590 (0x2e747793) andi    a5, s0, 743
core   0: 3 0x80003590 (0x2e747793) x15 0x000002c7
core   0: 0x80003594 (0x02f0c133) div     sp, ra, a5
core   0: 3 0x80003594 (0x02f0c133) x 2 0x00000000
core   0: 0x80003598 (0x0000826d) c.srli  a2, 27
core   0: 3 0x80003598 (0x826d) x12 0x0000000f
core   0: 0x8000359a (0x27da0937) lui     s2, 0x27da0
core   0: 3 0x8000359a (0x27da0937) x18 0x27da0000
core   0: 0x8000359e (0x000082ea) c.mv    t0, s10
core   0: 3 0x8000359e (0x82ea) x 5 0x00000001
core   0: 0x800035a0 (0x02aaceb3) div     t4, s5, a0
core   0: 3 0x800035a0 (0x02aaceb3) x29 0x00000000
core   0: 0x800035a4 (0x037b7133) remu    sp, s6, s7
core   0: 3 0x800035a4 (0x037b7133) x 2 0x00000000
core   0: 0x800035a8 (0x3d48c913) xori    s2, a7, 980
core   0: 3 0x800035a8 (0x3d48c913) x18 0x000003d4
core   0: 0x800035ac (0x0000826e) c.mv    tp, s11
core   0: 3 0x800035ac (0x826e) x 4 0x60000000
core   0: 0x800035ae (0x03ede833) rem     a6, s11, t5
core   0: 3 0x800035ae (0x03ede833) x16 0x00000000
core   0: 0x800035b2 (0x900c6637) lui     a2, 0x900c6
core   0: 3 0x800035b2 (0x900c6637) x12 0x900c6000
core   0: 0x800035b6 (0x0337ceb3) div     t4, a5, s3
core   0: 3 0x800035b6 (0x0337ceb3) x29 0x00000076
core   0: 0x800035ba (0x03ae07b3) mul     a5, t3, s10
core   0: 3 0x800035ba (0x03ae07b3) x15 0xfff9e000
core   0: 0x800035be (0xdb283a93) sltiu   s5, a6, -590
core   0: 3 0x800035be (0xdb283a93) x21 0x00000001
core   0: 0x800035c2 (0x03fdceb3) div     t4, s11, t6
core   0: 3 0x800035c2 (0x03fdceb3) x29 0xffffffff
core   0: 0x800035c6 (0x03584e33) div     t3, a6, s5
core   0: 3 0x800035c6 (0x03584e33) x28 0x00000000
core   0: 0x800035ca (0x00e088b3) add     a7, ra, a4
core   0: 3 0x800035ca (0x00e088b3) x17 0x000c0000
core   0: 0x800035ce (0x0224c433) div     s0, s1, sp
core   0: 3 0x800035ce (0x0224c433) x 8 0xffffffff
core   0: 0x800035d2 (0x000007d2) c.slli  a5, 20
core   0: 3 0x800035d2 (0x07d2) x15 0x00000000
core   0: 0x800035d4 (0x00008041) c.srli  s0, 16
core   0: 3 0x800035d4 (0x8041) x 8 0x0000ffff
core   0: 0x800035d6 (0x00d41433) sll     s0, s0, a3
core   0: 3 0x800035d6 (0x00d41433) x 8 0x0000ffff
core   0: 0x800035da (0x00000d00) c.addi4spn s0, sp, 656
core   0: 3 0x800035da (0x0d00) x 8 0x00000290
core   0: 0x800035dc (0x036b9833) mulh    a6, s7, s6
core   0: 3 0x800035dc (0x036b9833) x16 0x00000000
core   0: 0x800035e0 (0x00009b7d) c.andi  a4, -1
core   0: 3 0x800035e0 (0x9b7d) x14 0x000c0000
core   0: 0x800035e2 (0x03965cb3) divu    s9, a2, s9
core   0: 3 0x800035e2 (0x03965cb3) x25 0xffffffff
core   0: 0x800035e6 (0x60038e13) addi    t3, t2, 1536
core   0: 3 0x800035e6 (0x60038e13) x28 0x00000601
core   0: 0x800035ea (0x00004f29) c.li    t5, 10
core   0: 3 0x800035ea (0x4f29) x30 0x0000000a
core   0: 0x800035ec (0x4c20ec93) ori     s9, ra, 1218
core   0: 3 0x800035ec (0x4c20ec93) x25 0x000004c2
core   0: 0x800035f0 (0x03910133) mul     sp, sp, s9
core   0: 3 0x800035f0 (0x03910133) x 2 0x00000000
core   0: 0x800035f4 (0x00f19a93) slli    s5, gp, 15
core   0: 3 0x800035f4 (0x00f19a93) x21 0xffff8000
core   0: 0x800035f8 (0x02b8c6b3) div     a3, a7, a1
core   0: 3 0x800035f8 (0x02b8c6b3) x13 0x00000000
core   0: 0x800035fc (0xe6a00c93) li      s9, -406
core   0: 3 0x800035fc (0xe6a00c93) x25 0xfffffe6a
core   0: 0x80003600 (0x00000001) c.nop
core   0: 3 0x80003600 (0x0001)
core   0: 0x80003602 (0x0134d413) srli    s0, s1, 19
core   0: 3 0x80003602 (0x0134d413) x 8 0x00001000
core   0: 0x80003606 (0x00008c11) c.sub   s0, a2
core   0: 3 0x80003606 (0x8c11) x 8 0x6ff3b000
core   0: 0x80003608 (0x0155d993) srli    s3, a1, 21
core   0: 3 0x80003608 (0x0155d993) x19 0x00000400
core   0: 0x8000360c (0x00009d7a) c.add   s10, t5
core   0: 3 0x8000360c (0x9d7a) x26 0x0000000b
core   0: 0x8000360e (0x40fbd713) srai    a4, s7, 15
core   0: 3 0x8000360e (0x40fbd713) x14 0x00000000
core   0: 0x80003612 (0x01ae0033) add     zero, t3, s10
core   0: 3 0x80003612 (0x01ae0033)
core   0: 0x80003616 (0x319b0993) addi    s3, s6, 793
core   0: 3 0x80003616 (0x319b0993) x19 0x00000319
core   0: 0x8000361a (0x00006399) c.lui   t2, 0x6
core   0: 3 0x8000361a (0x6399) x 7 0x00006000
core   0: 0x8000361c (0x00006261) c.lui   tp, 0x18
core   0: 3 0x8000361c (0x6261) x 4 0x00018000
core   0: 0x8000361e (0x00786033) or      zero, a6, t2
core   0: 3 0x8000361e (0x00786033)
core   0: 0x80003622 (0x86c61e97) auipc   t4, 0x86c61
core   0: 3 0x80003622 (0x86c61e97) x29 0x06c64622
core   0: 0x80003626 (0x00006e45) c.lui   t3, 0x11
core   0: 3 0x80003626 (0x6e45) x28 0x00011000
core   0: 0x80003628 (0x01b3f133) and     sp, t2, s11
core   0: 3 0x80003628 (0x01b3f133) x 2 0x00000000
core   0: 0x8000362c (0x03291133) mulh    sp, s2, s2
core   0: 3 0x8000362c (0x03291133) x 2 0x00000000
core   0: 0x80003630 (0x00592233) slt     tp, s2, t0
core   0: 3 0x80003630 (0x00592233) x 4 0x00000000
core   0: 0x80003634 (0x01d53e33) sltu    t3, a0, t4
core   0: 3 0x80003634 (0x01d53e33) x28 0x00000000
core   0: 0x80003638 (0x41c85433) sra     s0, a6, t3
core   0: 3 0x80003638 (0x41c85433) x 8 0x00000000
core   0: 0x8000363c (0x021b1bb3) mulh    s7, s6, ra
core   0: 3 0x8000363c (0x021b1bb3) x23 0x00000000
core   0: 0x80003640 (0x6890c913) xori    s2, ra, 1673
core   0: 3 0x80003640 (0x6890c913) x18 0x00000689
core   0: 0x80003644 (0x0000887a) c.mv    a6, t5
core   0: 3 0x80003644 (0x887a) x16 0x0000000a
core   0: 0x80003646 (0x01c9c433) xor     s0, s3, t3
core   0: 3 0x80003646 (0x01c9c433) x 8 0x00000319
core   0: 0x8000364a (0x00009d7a) c.add   s10, t5
core   0: 3 0x8000364a (0x9d7a) x26 0x00000015
core   0: 0x8000364c (0x023bbf33) mulhu   t5, s7, gp
core   0: 3 0x8000364c (0x023bbf33) x30 0x00000000
core   0: 0x80003650 (0x017b1f33) sll     t5, s6, s7
core   0: 3 0x80003650 (0x017b1f33) x30 0x00000000
core   0: 0x80003654 (0x021810b3) mulh    ra, a6, ra
core   0: 3 0x80003654 (0x021810b3) x 1 0x00000000
core   0: 0x80003658 (0x00008c89) c.sub   s1, a0
core   0: 3 0x80003658 (0x8c89) x 9 0xffffffff
core   0: 0x8000365a (0x02328eb3) mul     t4, t0, gp
core   0: 3 0x8000365a (0x02328eb3) x29 0xffffffff
core   0: 0x8000365e (0x41f25193) srai    gp, tp, 31
core   0: 3 0x8000365e (0x41f25193) x 3 0x00000000
core   0: 0x80003662 (0x0000881d) c.andi  s0, 7
core   0: 3 0x80003662 (0x881d) x 8 0x00000001
core   0: 0x80003664 (0x000088a1) c.andi  s1, 8
core   0: 3 0x80003664 (0x88a1) x 9 0x00000008
core   0: 0x80003666 (0x00008e3d) c.xor   a2, a5
core   0: 3 0x80003666 (0x8e3d) x12 0x900c6000
core   0: 0x80003668 (0x00000649) c.addi  a2, 18
core   0: 3 0x80003668 (0x0649) x12 0x900c6012
core   0: 0x8000366a (0x02c6da33) divu    s4, a3, a2
core   0: 3 0x8000366a (0x02c6da33) x20 0x00000000
core   0: 0x8000366e (0x00000761) c.addi  a4, 24
core   0: 3 0x8000366e (0x0761) x14 0x00000018
core   0: 0x80003670 (0x00008bf9) c.andi  a5, 30
core   0: 3 0x80003670 (0x8bf9) x15 0x00000000
core   0: 0x80003672 (0x0eed6313) ori     t1, s10, 238
core   0: 3 0x80003672 (0x0eed6313) x 6 0x000000ff
core   0: 0x80003676 (0x000006b9) c.addi  a3, 14
core   0: 3 0x80003676 (0x06b9) x13 0x0000000e
core   0: 0x80003678 (0x017a6933) or      s2, s4, s7
core   0: 3 0x80003678 (0x017a6933) x18 0x00000000
core   0: 0x8000367c (0x0178f0b3) and     ra, a7, s7
core   0: 3 0x8000367c (0x0178f0b3) x 1 0x00000000
core   0: 0x80003680 (0x03e3d0b3) divu    ra, t2, t5
core   0: 3 0x80003680 (0x03e3d0b3) x 1 0xffffffff
core   0: 0x80003684 (0x0000615d) c.addi16sp sp, 432
core   0: 3 0x80003684 (0x615d) x 2 0x000001b0
core   0: 0x80003686 (0x01fe7e33) and     t3, t3, t6
core   0: 3 0x80003686 (0x01fe7e33) x28 0x00000000
core   0: 0x8000368a (0x03f7acb3) mulhsu  s9, a5, t6
core   0: 3 0x8000368a (0x03f7acb3) x25 0x00000000
core   0: 0x8000368e (0x00009b7d) c.andi  a4, -1
core   0: 3 0x8000368e (0x9b7d) x14 0x00000018
core   0: 0x80003690 (0x00001014) c.addi4spn a3, sp, 32
core   0: 3 0x80003690 (0x1014) x13 0x000001d0
core   0: 0x80003692 (0x00000001) c.nop
core   0: 3 0x80003692 (0x0001)
core   0: 0x80003694 (0x19a37e93) andi    t4, t1, 410
core   0: 3 0x80003694 (0x19a37e93) x29 0x0000009a
core   0: 0x80003698 (0x03fb0933) mul     s2, s6, t6
core   0: 3 0x80003698 (0x03fb0933) x18 0x00000000
core   0: 0x8000369c (0x35e36817) auipc   a6, 0x35e36
core   0: 3 0x8000369c (0x35e36817) x16 0xb5e3969c
core   0: 0x800036a0 (0x021f97b3) mulh    a5, t6, ra
core   0: 3 0x800036a0 (0x021f97b3) x15 0x00000000
core   0: 0x800036a4 (0x53e69d17) auipc   s10, 0x53e69
core   0: 3 0x800036a4 (0x53e69d17) x26 0xd3e6c6a4
core   0: 0x800036a8 (0x0000187d) c.addi  a6, -1
core   0: 3 0x800036a8 (0x187d) x16 0xb5e3969b
core   0: 0x800036aa (0x00989b93) slli    s7, a7, 9
core   0: 3 0x800036aa (0x00989b93) x23 0x18000000
core   0: 0x800036ae (0x03c3f7b3) remu    a5, t2, t3
core   0: 3 0x800036ae (0x03c3f7b3) x15 0x00006000
core   0: 0x800036b2 (0xfda17497) auipc   s1, 0xfda17
core   0: 3 0x800036b2 (0xfda17497) x 9 0x7da1a6b2
core   0: 0x800036b6 (0x01725a13) srli    s4, tp, 23
core   0: 3 0x800036b6 (0x01725a13) x20 0x00000000
core   0: 0x800036ba (0x00c256b3) srl     a3, tp, a2
core   0: 3 0x800036ba (0x00c256b3) x13 0x00000000
core   0: 0x800036be (0xb4883437) lui     s0, 0xb4883
core   0: 3 0x800036be (0xb4883437) x 8 0xb4883000
core   0: 0x800036c2 (0x00cff2b3) and     t0, t6, a2
core   0: 3 0x800036c2 (0x00cff2b3) x 5 0x00000000
core   0: 0x800036c6 (0x00006dd9) c.lui   s11, 0x16
core   0: 3 0x800036c6 (0x6dd9) x27 0x00016000
core   0: 0x800036c8 (0x00009a7d) c.andi  a2, -1
core   0: 3 0x800036c8 (0x9a7d) x12 0x900c6012
core   0: 0x800036ca (0x241f7813) andi    a6, t5, 577
core   0: 3 0x800036ca (0x241f7813) x16 0x00000000
core   0: 0x800036ce (0xc6c8e937) lui     s2, 0xc6c8e
core   0: 3 0x800036ce (0xc6c8e937) x18 0xc6c8e000
core   0: 0x800036d2 (0x036341b3) div     gp, t1, s6
core   0: 3 0x800036d2 (0x036341b3) x 3 0xffffffff
core   0: 0x800036d6 (0x003a6d33) or      s10, s4, gp
core   0: 3 0x800036d6 (0x003a6d33) x26 0xffffffff
core   0: 0x800036da (0x00008cd1) c.or    s1, a2
core   0: 3 0x800036da (0x8cd1) x 9 0xfdade6b2
core   0: 0x800036dc (0x59846493) ori     s1, s0, 1432
core   0: 3 0x800036dc (0x59846493) x 9 0xb4883598
core   0: 0x800036e0 (0x00008c39) c.xor   s0, a4
core   0: 3 0x800036e0 (0x8c39) x 8 0xb4883018
core   0: 0x800036e2 (0x00008391) c.srli  a5, 4
core   0: 3 0x800036e2 (0x8391) x15 0x00000600
core   0: 0x800036e4 (0x41675f13) srai    t5, a4, 22
core   0: 3 0x800036e4 (0x41675f13) x30 0x00000000
core   0: 0x800036e8 (0x00004135) c.li    sp, 13
core   0: 3 0x800036e8 (0x4135) x 2 0x0000000d
core   0: 0x800036ea (0x406f0133) sub     sp, t5, t1
core   0: 3 0x800036ea (0x406f0133) x 2 0xffffff01
core   0: 0x800036ee (0x00b054b3) srl     s1, zero, a1
core   0: 3 0x800036ee (0x00b054b3) x 9 0x00000000
core   0: 0x800036f2 (0x00dd88b3) add     a7, s11, a3
core   0: 3 0x800036f2 (0x00dd88b3) x17 0x00016000
core   0: 0x800036f6 (0x000087ad) c.srai  a5, 11
core   0: 3 0x800036f6 (0x87ad) x15 0x00000000
core   0: 0x800036f8 (0x00009b7d) c.andi  a4, -1
core   0: 3 0x800036f8 (0x9b7d) x14 0x00000018
core   0: 0x800036fa (0x00008fc5) c.or    a5, s1
core   0: 3 0x800036fa (0x8fc5) x15 0x00000000
core   0: 0x800036fc (0xf50be093) ori     ra, s7, -176
core   0: 3 0x800036fc (0xf50be093) x 1 0xffffff50
core   0: 0x80003700 (0x00008e85) c.sub   a3, s1
core   0: 3 0x80003700 (0x8e85) x13 0x00000000
core   0: 0x80003702 (0x01225913) srli    s2, tp, 18
core   0: 3 0x80003702 (0x01225913) x18 0x00000000
core   0: 0x80003706 (0x00425313) srli    t1, tp, 4
core   0: 3 0x80003706 (0x00425313) x 6 0x00000000
core   0: 0x8000370a (0x003ce433) or      s0, s9, gp
core   0: 3 0x8000370a (0x003ce433) x 8 0xffffffff
core   0: 0x8000370e (0x00000001) c.nop
core   0: 3 0x8000370e (0x0001)
core   0: 0x80003710 (0x018b3333) sltu    t1, s6, s8
core   0: 3 0x80003710 (0x018b3333) x 6 0x00000001
core   0: 0x80003714 (0x012b68b3) or      a7, s6, s2
core   0: 3 0x80003714 (0x012b68b3) x17 0x00000000
core   0: 0x80003718 (0x41fcd813) srai    a6, s9, 31
core   0: 3 0x80003718 (0x41fcd813) x16 0x00000000
core   0: 0x8000371c (0x01a514b3) sll     s1, a0, s10
core   0: 3 0x8000371c (0x01a514b3) x 9 0x00000000
core   0: 0x80003720 (0x0000045e) c.slli  s0, 23
core   0: 3 0x80003720 (0x045e) x 8 0xff800000
core   0: 0x80003722 (0x00006605) c.lui   a2, 0x1
core   0: 3 0x80003722 (0x6605) x12 0x00001000
core   0: 0x80003724 (0x00008355) c.srli  a4, 21
core   0: 3 0x80003724 (0x8355) x14 0x00000000
core   0: 0x80003726 (0x00008425) c.srai  s0, 9
core   0: 3 0x80003726 (0x8425) x 8 0xffffc000
core   0: 0x80003728 (0x0000067a) c.slli  a2, 30
core   0: 3 0x80003728 (0x067a) x12 0x00000000
core   0: 0x8000372a (0x0219a133) mulhsu  sp, s3, ra
core   0: 3 0x8000372a (0x0219a133) x 2 0x00000318
core   0: 0x8000372e (0x0199aeb3) slt     t4, s3, s9
core   0: 3 0x8000372e (0x0199aeb3) x29 0x00000000
core   0: 0x80003732 (0x00e09433) sll     s0, ra, a4
core   0: 3 0x80003732 (0x00e09433) x 8 0xffffff50
core   0: 0x80003736 (0x01291d33) sll     s10, s2, s2
core   0: 3 0x80003736 (0x01291d33) x26 0x00000000
core   0: 0x8000373a (0x011419b3) sll     s3, s0, a7
core   0: 3 0x8000373a (0x011419b3) x19 0xffffff50
core   0: 0x8000373e (0x03328d33) mul     s10, t0, s3
core   0: 3 0x8000373e (0x03328d33) x26 0x00000000
core   0: 0x80003742 (0x9f8e1d97) auipc   s11, 0x9f8e1
core   0: 3 0x80003742 (0x9f8e1d97) x27 0x1f8e4742
core   0: 0x80003746 (0x01ac3233) sltu    tp, s8, s10
core   0: 3 0x80003746 (0x01ac3233) x 4 0x00000000
core   0: 0x8000374a (0x23a48013) addi    zero, s1, 570
core   0: 3 0x8000374a (0x23a48013)
core   0: 0x8000374e (0x018856b3) srl     a3, a6, s8
core   0: 3 0x8000374e (0x018856b3) x13 0x00000000
core   0: 0x80003752 (0x03a01833) mulh    a6, zero, s10
core   0: 3 0x80003752 (0x03a01833) x16 0x00000000
core   0: 0x80003756 (0x03971eb3) mulh    t4, a4, s9
core   0: 3 0x80003756 (0x03971eb3) x29 0x00000000
core   0: 0x8000375a (0x000080f9) c.srli  s1, 30
core   0: 3 0x8000375a (0x80f9) x 9 0x00000000
core   0: 0x8000375c (0x037c07b3) mul     a5, s8, s7
core   0: 3 0x8000375c (0x037c07b3) x15 0xe8000000
core   0: 0x80003760 (0x0003cab3) xor     s5, t2, zero
core   0: 3 0x80003760 (0x0003cab3) x21 0x00006000
core   0: 0x80003764 (0x00ddc333) xor     t1, s11, a3
core   0: 3 0x80003764 (0x00ddc333) x 6 0x1f8e4742
core   0: 0x80003768 (0x02ca0d33) mul     s10, s4, a2
core   0: 3 0x80003768 (0x02ca0d33) x26 0x00000000
core   0: 0x8000376c (0x40380733) sub     a4, a6, gp
core   0: 3 0x8000376c (0x40380733) x14 0x00000001
core   0: 0x80003770 (0x0000981a) c.add   a6, t1
core   0: 3 0x80003770 (0x981a) x16 0x1f8e4742
core   0: 0x80003772 (0x022a99b3) mulh    s3, s5, sp
core   0: 3 0x80003772 (0x022a99b3) x19 0x00000000
core   0: 0x80003776 (0x00000001) c.nop
core   0: 3 0x80003776 (0x0001)
core   0: 0x80003778 (0x008fb1b3) sltu    gp, t6, s0
core   0: 3 0x80003778 (0x008fb1b3) x 3 0x00000001
core   0: 0x8000377c (0x39f7b193) sltiu   gp, a5, 927
core   0: 3 0x8000377c (0x39f7b193) x 3 0x00000000
core   0: 0x80003780 (0x40475b93) srai    s7, a4, 4
core   0: 3 0x80003780 (0x40475b93) x23 0x00000000
core   0: 0x80003784 (0x00d9ce33) xor     t3, s3, a3
core   0: 3 0x80003784 (0x00d9ce33) x28 0x00000000
core   0: 0x80003788 (0x00008ea2) c.mv    t4, s0
core   0: 3 0x80003788 (0x8ea2) x29 0xffffff50
core   0: 0x8000378a (0x028e30b3) mulhu   ra, t3, s0
core   0: 3 0x8000378a (0x028e30b3) x 1 0x00000000
core   0: 0x8000378e (0x00005e7d) c.li    t3, -1
core   0: 3 0x8000378e (0x5e7d) x28 0xffffffff
core   0: 0x80003790 (0x69dd3217) auipc   tp, 0x69dd3
core   0: 3 0x80003790 (0x69dd3217) x 4 0xe9dd6790
core   0: 0x80003794 (0x00000229) c.addi  tp, 10
core   0: 3 0x80003794 (0x0229) x 4 0xe9dd679a
core   0: 0x80003796 (0x00150e33) add     t3, a0, ra
core   0: 3 0x80003796 (0x00150e33) x28 0x80012ce4
core   0: 0x8000379a (0x03c4edb3) rem     s11, s1, t3
core   0: 3 0x8000379a (0x03c4edb3) x27 0x00000000
core   0: 0x8000379e (0x03b4d833) divu    a6, s1, s11
core   0: 3 0x8000379e (0x03b4d833) x16 0xffffffff
core   0: 0x800037a2 (0x00887fb3) and     t6, a6, s0
core   0: 3 0x800037a2 (0x00887fb3) x31 0xffffff50
core   0: 0x800037a6 (0x029f9633) mulh    a2, t6, s1
core   0: 3 0x800037a6 (0x029f9633) x12 0x00000000
core   0: 0x800037aa (0x00008e59) c.or    a2, a4
core   0: 3 0x800037aa (0x8e59) x12 0x00000001
core   0: 0x800037ac (0x41ac5f13) srai    t5, s8, 26
core   0: 3 0x800037ac (0x41ac5f13) x30 0xffffffff
core   0: 0x800037b0 (0x03e722b3) mulhsu  t0, a4, t5
core   0: 3 0x800037b0 (0x03e722b3) x 5 0x00000000
core   0: 0x800037b4 (0x00009bee) c.add   s7, s11
core   0: 3 0x800037b4 (0x9bee) x23 0x00000000
core   0: 0x800037b6 (0x0000987d) c.andi  s0, -1
core   0: 3 0x800037b6 (0x987d) x 8 0xffffff50
core   0: 0x800037b8 (0xdf3e9e37) lui     t3, 0xdf3e9
core   0: 3 0x800037b8 (0xdf3e9e37) x28 0xdf3e9000
core   0: 0x800037bc (0x00008f41) c.or    a4, s0
core   0: 3 0x800037bc (0x8f41) x14 0xffffff51
core   0: 0x800037be (0x2fa24893) xori    a7, tp, 762
core   0: 3 0x800037be (0x2fa24893) x17 0xe9dd6560
core   0: 0x800037c2 (0x0834a393) slti    t2, s1, 131
core   0: 3 0x800037c2 (0x0834a393) x 7 0x00000001
core   0: 0x800037c6 (0x019f9213) slli    tp, t6, 25
core   0: 3 0x800037c6 (0x019f9213) x 4 0xa0000000
core   0: 0x800037ca (0x02426733) rem     a4, tp, tp
core   0: 3 0x800037ca (0x02426733) x14 0x00000000
core   0: 0x800037ce (0x00000001) c.nop
core   0: 3 0x800037ce (0x0001)
core   0: 0x800037d0 (0x1e663837) lui     a6, 0x1e663
core   0: 3 0x800037d0 (0x1e663837) x16 0x1e663000
core   0: 0x800037d4 (0x00a6f933) and     s2, a3, a0
core   0: 3 0x800037d4 (0x00a6f933) x18 0x00000000
core   0: 0x800037d8 (0x00000001) c.nop
core   0: 3 0x800037d8 (0x0001)
core   0: 0x800037da (0x00008065) c.srli  s0, 25
core   0: 3 0x800037da (0x8065) x 8 0x0000007f
core   0: 0x800037dc (0xc07bb097) auipc   ra, 0xc07bb
core   0: 3 0x800037dc (0xc07bb097) x 1 0x407be7dc
core   0: 0x800037e0 (0x01aa5133) srl     sp, s4, s10
core   0: 3 0x800037e0 (0x01aa5133) x 2 0x00000000
core   0: 0x800037e4 (0x00831793) slli    a5, t1, 8
core   0: 3 0x800037e4 (0x00831793) x15 0x8e474200
core   0: 0x800037e8 (0x028af8b3) remu    a7, s5, s0
core   0: 3 0x800037e8 (0x028af8b3) x17 0x00000041
core   0: 0x800037ec (0x59f1cb13) xori    s6, gp, 1439
core   0: 3 0x800037ec (0x59f1cb13) x22 0x0000059f
core   0: 0x800037f0 (0x00004105) c.li    sp, 1
core   0: 3 0x800037f0 (0x4105) x 2 0x00000001
core   0: 0x800037f2 (0x032b7ab3) remu    s5, s6, s2
core   0: 3 0x800037f2 (0x032b7ab3) x21 0x0000059f
core   0: 0x800037f6 (0x40ba8633) sub     a2, s5, a1
core   0: 3 0x800037f6 (0x40ba8633) x12 0x7fff173b
core   0: 0x800037fa (0x409a04b3) sub     s1, s4, s1
core   0: 3 0x800037fa (0x409a04b3) x 9 0x00000000
core   0: 0x800037fe (0x00000001) c.nop
core   0: 3 0x800037fe (0x0001)
core   0: 0x80003800 (0x00009e52) c.add   t3, s4
core   0: 3 0x80003800 (0x9e52) x28 0xdf3e9000
core   0: 0x80003802 (0x012b2833) slt     a6, s6, s2
core   0: 3 0x80003802 (0x012b2833) x16 0x00000000
core   0: 0x80003806 (0x02f02233) mulhsu  tp, zero, a5
core   0: 3 0x80003806 (0x02f02233) x 4 0x00000000
core   0: 0x8000380a (0x0285e2b3) rem     t0, a1, s0
core   0: 3 0x8000380a (0x0285e2b3) x 5 0xffffffbd
core   0: 0x8000380e (0x4099de13) srai    t3, s3, 9
core   0: 3 0x8000380e (0x4099de13) x28 0x00000000
core   0: 0x80003812 (0x41b15db3) sra     s11, sp, s11
core   0: 3 0x80003812 (0x41b15db3) x27 0x00000001
core   0: 0x80003816 (0x0189e3b3) or      t2, s3, s8
core   0: 3 0x80003816 (0x0189e3b3) x 7 0xffc27e3f
core   0: 0x8000381a (0x41db0fb3) sub     t6, s6, t4
core   0: 3 0x8000381a (0x41db0fb3) x31 0x0000064f
core   0: 0x8000381e (0x000084a1) c.srai  s1, 8
core   0: 3 0x8000381e (0x84a1) x 9 0x00000000
core   0: 0x80003820 (0x001684b3) add     s1, a3, ra
core   0: 3 0x80003820 (0x001684b3) x 9 0x407be7dc
core   0: 0x80003824 (0x40665713) srai    a4, a2, 6
core   0: 3 0x80003824 (0x40665713) x14 0x01fffc5c
core   0: 0x80003828 (0x0243e3b3) rem     t2, t2, tp
core   0: 3 0x80003828 (0x0243e3b3) x 7 0xffc27e3f
core   0: 0x8000382c (0x024232b3) mulhu   t0, tp, tp
core   0: 3 0x8000382c (0x024232b3) x 5 0x00000000
core   0: 0x80003830 (0x012be233) or      tp, s7, s2
core   0: 3 0x80003830 (0x012be233) x 4 0x00000000
core   0: 0x80003834 (0x03746333) rem     t1, s0, s7
core   0: 3 0x80003834 (0x03746333) x 6 0x0000007f
core   0: 0x80003838 (0xed338393) addi    t2, t2, -301
core   0: 3 0x80003838 (0xed338393) x 7 0xffc27d12
core   0: 0x8000383c (0x03b886b3) mul     a3, a7, s11
core   0: 3 0x8000383c (0x03b886b3) x13 0x00000041
core   0: 0x80003840 (0x00008b71) c.andi  a4, 28
core   0: 3 0x80003840 (0x8b71) x14 0x0000001c
core   0: 0x80003842 (0x01cb5c93) srli    s9, s6, 28
core   0: 3 0x80003842 (0x01cb5c93) x25 0x00000000
core   0: 0x80003846 (0x00008e5d) c.or    a2, a5
core   0: 3 0x80003846 (0x8e5d) x12 0xffff573b
core   0: 0x80003848 (0xfcfc4413) xori    s0, s8, -49
core   0: 3 0x80003848 (0xfcfc4413) x 8 0x003d81f0
core   0: 0x8000384c (0x033774b3) remu    s1, a4, s3
core   0: 3 0x8000384c (0x033774b3) x 9 0x0000001c
core   0: 0x80003850 (0x0000863d) c.srai  a2, 15
core   0: 3 0x80003850 (0x863d) x12 0xfffffffe
core   0: 0x80003852 (0x0097b3b3) sltu    t2, a5, s1
core   0: 3 0x80003852 (0x0097b3b3) x 7 0x00000000
core   0: 0x80003856 (0x00008d72) c.mv    s10, t3
core   0: 3 0x80003856 (0x8d72) x26 0x00000000
core   0: 0x80003858 (0x00009bfd) c.andi  a5, -1
core   0: 3 0x80003858 (0x9bfd) x15 0x8e474200
core   0: 0x8000385a (0x970e4e93) xori    t4, t3, -1680
core   0: 3 0x8000385a (0x970e4e93) x29 0xfffff970
core   0: 0x8000385e (0x00008c45) c.or    s0, s1
core   0: 3 0x8000385e (0x8c45) x 8 0x003d81fc
core   0: 0x80003860 (0x004c4133) xor     sp, s8, tp
core   0: 3 0x80003860 (0x004c4133) x 2 0xffc27e3f
core   0: 0x80003864 (0x00000ab5) c.addi  s5, 13
core   0: 3 0x80003864 (0x0ab5) x21 0x000005ac
core   0: 0x80003866 (0x00008e99) c.sub   a3, a4
core   0: 3 0x80003866 (0x8e99) x13 0x00000025
core   0: 0x80003868 (0x29dc2193) slti    gp, s8, 669
core   0: 3 0x80003868 (0x29dc2193) x 3 0x00000001
core   0: 0x8000386c (0x016157b3) srl     a5, sp, s6
core   0: 3 0x8000386c (0x016157b3) x15 0x00000001
core   0: 0x80003870 (0x01365293) srli    t0, a2, 19
core   0: 3 0x80003870 (0x01365293) x 5 0x00001fff
core   0: 0x80003874 (0x019e8fb3) add     t6, t4, s9
core   0: 3 0x80003874 (0x019e8fb3) x31 0xfffff970
core   0: 0x80003878 (0x00000d2d) c.addi  s10, 11
core   0: 3 0x80003878 (0x0d2d) x26 0x0000000b
core   0: 0x8000387a (0x01fb3db3) sltu    s11, s6, t6
core   0: 3 0x8000387a (0x01fb3db3) x27 0x00000001
core   0: 0x8000387e (0x00009cbe) c.add   s9, a5
core   0: 3 0x8000387e (0x9cbe) x25 0x00000001
core   0: 0x80003880 (0x025a2f33) mulhsu  t5, s4, t0
core   0: 3 0x80003880 (0x025a2f33) x30 0x00000000
core   0: 0x80003884 (0x000087f1) c.srai  a5, 28
core   0: 3 0x80003884 (0x87f1) x15 0x00000000
core   0: 0x80003886 (0x00008f1d) c.sub   a4, a5
core   0: 3 0x80003886 (0x8f1d) x14 0x0000001c
core   0: 0x80003888 (0x01ff3eb3) sltu    t4, t5, t6
core   0: 3 0x80003888 (0x01ff3eb3) x29 0x00000001
core   0: 0x8000388c (0x41da5833) sra     a6, s4, t4
core   0: 3 0x8000388c (0x41da5833) x16 0x00000000
core   0: 0x80003890 (0x00000494) c.addi4spn a3, sp, 576
core   0: 3 0x80003890 (0x0494) x13 0xffc2807f
core   0: 0x80003892 (0x00008f91) c.sub   a5, a2
core   0: 3 0x80003892 (0x8f91) x15 0x00000002
core   0: 0x80003894 (0x00001a94) c.addi4spn a3, sp, 368
core   0: 3 0x80003894 (0x1a94) x13 0xffc27faf
core   0: 0x80003896 (0x0000089c) c.addi4spn a5, sp, 80
core   0: 3 0x80003896 (0x089c) x15 0xffc27e8f
core   0: 0x80003898 (0x01ebc4b3) xor     s1, s7, t5
core   0: 3 0x80003898 (0x01ebc4b3) x 9 0x00000000
core   0: 0x8000389c (0x00008c29) c.xor   s0, a0
core   0: 3 0x8000389c (0x8c29) x 8 0x803cad18
core   0: 0x8000389e (0x00000001) c.nop
core   0: 3 0x8000389e (0x0001)
core   0: 0x800038a0 (0x0000141c) c.addi4spn a5, sp, 544
core   0: 3 0x800038a0 (0x141c) x15 0xffc2805f
core   0: 0x800038a2 (0x0000127d) c.addi  tp, -1
core   0: 3 0x800038a2 (0x127d) x 4 0xffffffff
core   0: 0x800038a4 (0x00006815) c.lui   a6, 0x5
core   0: 3 0x800038a4 (0x6815) x16 0x00005000
core   0: 0x800038a6 (0x00009eb2) c.add   t4, a2
core   0: 3 0x800038a6 (0x9eb2) x29 0xffffffff
core   0: 0x800038a8 (0x40d404b3) sub     s1, s0, a3
core   0: 3 0x800038a8 (0x40d404b3) x 9 0x807a2d69
core   0: 0x800038ac (0x00008fcd) c.or    a5, a1
core   0: 3 0x800038ac (0x8fcd) x15 0xffc2ee7f
core   0: 0x800038ae (0x03d1c433) div     s0, gp, t4
core   0: 3 0x800038ae (0x03d1c433) x 8 0xffffffff
core   0: 0x800038b2 (0x0000045e) c.slli  s0, 23
core   0: 3 0x800038b2 (0x045e) x 8 0xff800000
core   0: 0x800038b4 (0xab68f893) andi    a7, a7, -1354
core   0: 3 0x800038b4 (0xab68f893) x17 0x00000000
core   0: 0x800038b8 (0x03d2f233) remu    tp, t0, t4
core   0: 3 0x800038b8 (0x03d2f233) x 4 0x00001fff
core   0: 0x800038bc (0x3a88eb13) ori     s6, a7, 936
core   0: 3 0x800038bc (0x3a88eb13) x22 0x000003a8
core   0: 0x800038c0 (0x00005dfd) c.li    s11, -1
core   0: 3 0x800038c0 (0x5dfd) x27 0xffffffff
core   0: 0x800038c2 (0x00008edd) c.or    a3, a5
core   0: 3 0x800038c2 (0x8edd) x13 0xffc2ffff
core   0: 0x800038c4 (0x8d9b0e13) addi    t3, s6, -1831
core   0: 3 0x800038c4 (0x8d9b0e13) x28 0xfffffc81
core   0: 0x800038c8 (0x00006211) c.lui   tp, 0x4
core   0: 3 0x800038c8 (0x6211) x 4 0x00004000
core   0: 0x800038ca (0x0020d8b3) srl     a7, ra, sp
core   0: 3 0x800038ca (0x0020d8b3) x17 0x00000000
core   0: 0x800038ce (0x001ffbb3) and     s7, t6, ra
core   0: 3 0x800038ce (0x001ffbb3) x23 0x407be150
core   0: 0x800038d2 (0x00008795) c.srai  a5, 5
core   0: 3 0x800038d2 (0x8795) x15 0xfffe1773
core   0: 0x800038d4 (0x02302fb3) mulhsu  t6, zero, gp
core   0: 3 0x800038d4 (0x02302fb3) x31 0x00000000
core   0: 0x800038d8 (0x02c81fb3) mulh    t6, a6, a2
core   0: 3 0x800038d8 (0x02c81fb3) x31 0xffffffff
core   0: 0x800038dc (0x00008cb9) c.xor   s1, a4
core   0: 3 0x800038dc (0x8cb9) x 9 0x807a2d75
core   0: 0x800038de (0x000088d5) c.andi  s1, 21
core   0: 3 0x800038de (0x88d5) x 9 0x00000015
core   0: 0x800038e0 (0x023b2a33) mulhsu  s4, s6, gp
core   0: 3 0x800038e0 (0x023b2a33) x20 0x00000000
core   0: 0x800038e4 (0x00008d12) c.mv    s10, tp
core   0: 3 0x800038e4 (0x8d12) x26 0x00004000
core   0: 0x800038e6 (0x03faaa33) mulhsu  s4, s5, t6
core   0: 3 0x800038e6 (0x03faaa33) x20 0x000005ab
core   0: 0x800038ea (0x00008e39) c.xor   a2, a4
core   0: 3 0x800038ea (0x8e39) x12 0xffffffe2
core   0: 0x800038ec (0x0207e0b3) rem     ra, a5, zero
core   0: 3 0x800038ec (0x0207e0b3) x 1 0xfffe1773
core   0: 0x800038f0 (0x02a997b3) mulh    a5, s3, a0
core   0: 3 0x800038f0 (0x02a997b3) x15 0x00000000
core   0: 0x800038f4 (0xd5884713) xori    a4, a6, -680
core   0: 3 0x800038f4 (0xd5884713) x14 0xffffad58
core   0: 0x800038f8 (0xd3c67393) andi    t2, a2, -708
core   0: 3 0x800038f8 (0xd3c67393) x 7 0xfffffd20
core   0: 0x800038fc (0x0000094e) c.slli  s2, 19
core   0: 3 0x800038fc (0x094e) x18 0x00000000
core   0: 0x800038fe (0x00006959) c.lui   s2, 0x16
core   0: 3 0x800038fe (0x6959) x18 0x00016000
core   0: 0x80003900 (0xf75ed617) auipc   a2, 0xf75ed
core   0: 3 0x80003900 (0xf75ed617) x12 0x775f0900
core   0: 0x80003904 (0x0375ba33) mulhu   s4, a1, s7
core   0: 3 0x80003904 (0x0375ba33) x20 0x203e2cb4
core   0: 0x80003908 (0x419dd833) sra     a6, s11, s9
core   0: 3 0x80003908 (0x419dd833) x16 0xffffffff
core   0: 0x8000390c (0x01be0cb3) add     s9, t3, s11
core   0: 3 0x8000390c (0x01be0cb3) x25 0xfffffc80
core   0: 0x80003910 (0x02f2a7b3) mulhsu  a5, t0, a5
core   0: 3 0x80003910 (0x02f2a7b3) x15 0x00000000
core   0: 0x80003914 (0x40d35e93) srai    t4, t1, 13
core   0: 3 0x80003914 (0x40d35e93) x29 0x00000000
core   0: 0x80003918 (0x00008c99) c.sub   s1, a4
core   0: 3 0x80003918 (0x8c99) x 9 0x000052bd
core   0: 0x8000391a (0x00b38ab3) add     s5, t2, a1
core   0: 3 0x8000391a (0x00b38ab3) x21 0x8000eb84
core   0: 0x8000391e (0x02b31e33) mulh    t3, t1, a1
core   0: 3 0x8000391e (0x02b31e33) x28 0xffffffc0
core   0: 0x80003922 (0x000002fe) c.slli  t0, 31
core   0: 3 0x80003922 (0x02fe) x 5 0x80000000
core   0: 0x80003924 (0x000056fd) c.li    a3, -1
core   0: 3 0x80003924 (0x56fd) x13 0xffffffff
core   0: 0x80003926 (0x00000c94) c.addi4spn a3, sp, 592
core   0: 3 0x80003926 (0x0c94) x13 0xffc2808f
core   0: 0x80003928 (0x0000197d) c.addi  s2, -1
core   0: 3 0x80003928 (0x197d) x18 0x00015fff
core   0: 0x8000392a (0x88a7f137) lui     sp, 0x88a7f
core   0: 3 0x8000392a (0x88a7f137) x 2 0x88a7f000
core   0: 0x8000392e (0x000084b5) c.srai  s1, 13
core   0: 3 0x8000392e (0x84b5) x 9 0x00000002
core   0: 0x80003930 (0x013ee2b3) or      t0, t4, s3
core   0: 3 0x80003930 (0x013ee2b3) x 5 0x00000000
core   0: 0x80003934 (0x408e5093) srai    ra, t3, 8
core   0: 3 0x80003934 (0x408e5093) x 1 0xffffffff
core   0: 0x80003938 (0x00000cc9) c.addi  s9, 18
core   0: 3 0x80003938 (0x0cc9) x25 0xfffffc92
core   0: 0x8000393a (0x03575233) divu    tp, a4, s5
core   0: 3 0x8000393a (0x03575233) x 4 0x00000001
core   0: 0x8000393e (0x00008e21) c.xor   a2, s0
core   0: 3 0x8000393e (0x8e21) x12 0x88df0900
core   0: 0x80003940 (0x01102233) slt     tp, zero, a7
core   0: 3 0x80003940 (0x01102233) x 4 0x00000000
core   0: 0x80003944 (0x00128bb3) add     s7, t0, ra
core   0: 3 0x80003944 (0x00128bb3) x23 0xffffffff
core   0: 0x80003948 (0x00008e31) c.xor   a2, a2
core   0: 3 0x80003948 (0x8e31) x12 0x00000000
core   0: 0x8000394a (0x00008e51) c.or    a2, a2
core   0: 3 0x8000394a (0x8e51) x12 0x00000000
core   0: 0x8000394c (0x00569e13) slli    t3, a3, 5
core   0: 3 0x8000394c (0x00569e13) x28 0xf85011e0
core   0: 0x80003950 (0x01541bb3) sll     s7, s0, s5
core   0: 3 0x80003950 (0x01541bb3) x23 0xf8000000
core   0: 0x80003954 (0x00008cd9) c.or    s1, a4
core   0: 3 0x80003954 (0x8cd9) x 9 0xffffad5a
core   0: 0x80003956 (0x0000547d) c.li    s0, -1
core   0: 3 0x80003956 (0x547d) x 8 0xffffffff
core   0: 0x80003958 (0x008d74b3) and     s1, s10, s0
core   0: 3 0x80003958 (0x008d74b3) x 9 0x00004000
core   0: 0x8000395c (0x000084be) c.mv    s1, a5
core   0: 3 0x8000395c (0x84be) x 9 0x00000000
core   0: 0x8000395e (0x0000998e) c.add   s3, gp
core   0: 3 0x8000395e (0x998e) x19 0x00000001
core   0: 0x80003960 (0x0000197d) c.addi  s2, -1
core   0: 3 0x80003960 (0x197d) x18 0x00015ffe
core   0: 0x80003962 (0x00000cfa) c.slli  s9, 30
core   0: 3 0x80003962 (0x0cfa) x25 0x80000000
core   0: 0x80003964 (0x00008cf6) c.mv    s9, t4
core   0: 3 0x80003964 (0x8cf6) x25 0x00000000
core   0: 0x80003966 (0x000003e9) c.addi  t2, 26
core   0: 3 0x80003966 (0x03e9) x 7 0xfffffd3a
core   0: 0x80003968 (0x03434e33) div     t3, t1, s4
core   0: 3 0x80003968 (0x03434e33) x28 0x00000000
core   0: 0x8000396c (0xb5abfa93) andi    s5, s7, -1190
core   0: 3 0x8000396c (0xb5abfa93) x21 0xf8000000
core   0: 0x80003970 (0x00008bea) c.mv    s7, s10
core   0: 3 0x80003970 (0x8bea) x23 0x00004000
core   0: 0x80003972 (0x70860693) addi    a3, a2, 1800
core   0: 3 0x80003972 (0x70860693) x13 0x00000708
core   0: 0x80003976 (0x00008021) c.srli  s0, 8
core   0: 3 0x80003976 (0x8021) x 8 0x00ffffff
core   0: 0x80003978 (0x00008ec5) c.or    a3, s1
core   0: 3 0x80003978 (0x8ec5) x13 0x00000708
core   0: 0x8000397a (0x001af133) and     sp, s5, ra
core   0: 3 0x8000397a (0x001af133) x 2 0xf8000000
core   0: 0x8000397e (0x0219a9b3) mulhsu  s3, s3, ra
core   0: 3 0x8000397e (0x0219a9b3) x19 0x00000000
core   0: 0x80003982 (0x00008445) c.srai  s0, 17
core   0: 3 0x80003982 (0x8445) x 8 0x0000007f
core   0: 0x80003984 (0x00008445) c.srai  s0, 17
core   0: 3 0x80003984 (0x8445) x 8 0x00000000
core   0: 0x80003986 (0x00000001) c.nop
core   0: 3 0x80003986 (0x0001)
core   0: 0x80003988 (0x00901e33) sll     t3, zero, s1
core   0: 3 0x80003988 (0x00901e33) x28 0x00000000
core   0: 0x8000398c (0x00008e1d) c.sub   a2, a5
core   0: 3 0x8000398c (0x8e1d) x12 0x00000000
core   0: 0x8000398e (0x02b7ccb3) div     s9, a5, a1
core   0: 3 0x8000398e (0x02b7ccb3) x25 0x00000000
core   0: 0x80003992 (0x01068933) add     s2, a3, a6
core   0: 3 0x80003992 (0x01068933) x18 0x00000707
core   0: 0x80003996 (0x7fdb3093) sltiu   ra, s6, 2045
core   0: 3 0x80003996 (0x7fdb3093) x 1 0x00000001
core   0: 0x8000399a (0x00008fed) c.and   a5, a1
core   0: 3 0x8000399a (0x8fed) x15 0x00000000
core   0: 0x8000399c (0x000087c9) c.srai  a5, 18
core   0: 3 0x8000399c (0x87c9) x15 0x00000000
core   0: 0x8000399e (0x6a4bb8b7) lui     a7, 0x6a4bb
core   0: 3 0x8000399e (0x6a4bb8b7) x17 0x6a4bb000
core   0: 0x800039a2 (0x00008311) c.srli  a4, 4
core   0: 3 0x800039a2 (0x8311) x14 0x0ffffad5
core   0: 0x800039a4 (0x961cfd93) andi    s11, s9, -1695
core   0: 3 0x800039a4 (0x961cfd93) x27 0x00000000
core   0: 0x800039a8 (0x001d9eb3) sll     t4, s11, ra
core   0: 3 0x800039a8 (0x001d9eb3) x29 0x00000000
core   0: 0x800039ac (0x01b17433) and     s0, sp, s11
core   0: 3 0x800039ac (0x01b17433) x 8 0x00000000
core   0: 0x800039b0 (0x013ac633) xor     a2, s5, s3
core   0: 3 0x800039b0 (0x013ac633) x12 0xf8000000
core   0: 0x800039b4 (0x00f8bdb3) sltu    s11, a7, a5
core   0: 3 0x800039b4 (0x00f8bdb3) x27 0x00000000
core   0: 0x800039b8 (0xcacf4d93) xori    s11, t5, -852
core   0: 3 0x800039b8 (0xcacf4d93) x27 0xfffffcac
core   0: 0x800039bc (0xfd400e37) lui     t3, 0xfd400
core   0: 3 0x800039bc (0xfd400e37) x28 0xfd400000
core   0: 0x800039c0 (0xf97dbf13) sltiu   t5, s11, -105
core   0: 3 0x800039c0 (0xf97dbf13) x30 0x00000001
core   0: 0x800039c4 (0x000088d5) c.andi  s1, 21
core   0: 3 0x800039c4 (0x88d5) x 9 0x00000000
core   0: 0x800039c6 (0x2aa1ef93) ori     t6, gp, 682
core   0: 3 0x800039c6 (0x2aa1ef93) x31 0x000002ab
core   0: 0x800039ca (0x1a362d13) slti    s10, a2, 419
core   0: 3 0x800039ca (0x1a362d13) x26 0x00000001
core   0: 0x800039ce (0x00000e1c) c.addi4spn a5, sp, 784
core   0: 3 0x800039ce (0x0e1c) x15 0xf8000310
core   0: 0x800039d0 (0x00008bf9) c.andi  a5, 30
core   0: 3 0x800039d0 (0x8bf9) x15 0x00000010
core   0: 0x800039d2 (0x037499b3) mulh    s3, s1, s7
core   0: 3 0x800039d2 (0x037499b3) x19 0x00000000
core   0: 0x800039d6 (0x000012fd) c.addi  t0, -1
core   0: 3 0x800039d6 (0x12fd) x 5 0xffffffff
core   0: 0x800039d8 (0x00691d13) slli    s10, s2, 6
core   0: 3 0x800039d8 (0x00691d13) x26 0x0001c1c0
core   0: 0x800039dc (0x03251cb3) mulh    s9, a0, s2
core   0: 3 0x800039dc (0x03251cb3) x25 0xfffffc7c
core   0: 0x800039e0 (0x00004929) c.li    s2, 10
core   0: 3 0x800039e0 (0x4929) x18 0x0000000a
core   0: 0x800039e2 (0x01dc8e33) add     t3, s9, t4
core   0: 3 0x800039e2 (0x01dc8e33) x28 0xfffffc7c
core   0: 0x800039e6 (0x0337a933) mulhsu  s2, a5, s3
core   0: 3 0x800039e6 (0x0337a933) x18 0x00000000
core   0: 0x800039ea (0x01dc39b3) sltu    s3, s8, t4
core   0: 3 0x800039ea (0x01dc39b3) x19 0x00000000
core   0: 0x800039ee (0x030e3cb3) mulhu   s9, t3, a6
core   0: 3 0x800039ee (0x030e3cb3) x25 0xfffffc7b
core   0: 0x800039f2 (0x00008b29) c.andi  a4, 10
core   0: 3 0x800039f2 (0x8b29) x14 0x00000000
core   0: 0x800039f4 (0x0111e333) or      t1, gp, a7
core   0: 3 0x800039f4 (0x0111e333) x 6 0x6a4bb001
core   0: 0x800039f8 (0x010d1313) slli    t1, s10, 16
core   0: 3 0x800039f8 (0x010d1313) x 6 0xc1c00000
core   0: 0x800039fc (0x00008eb2) c.mv    t4, a2
core   0: 3 0x800039fc (0x8eb2) x29 0xf8000000
core   0: 0x800039fe (0x0000823a) c.mv    tp, a4
core   0: 3 0x800039fe (0x823a) x 4 0x00000000
core   0: 0x80003a00 (0x01e69333) sll     t1, a3, t5
core   0: 3 0x80003a00 (0x01e69333) x 6 0x00000e10
core   0: 0x80003a04 (0x02d9d4b3) divu    s1, s3, a3
core   0: 3 0x80003a04 (0x02d9d4b3) x 9 0x00000000
core   0: 0x80003a08 (0x020c51b3) divu    gp, s8, zero
core   0: 3 0x80003a08 (0x020c51b3) x 3 0xffffffff
core   0: 0x80003a0c (0xd15934b7) lui     s1, 0xd1593
core   0: 3 0x80003a0c (0xd15934b7) x 9 0xd1593000
core   0: 0x80003a10 (0x013851b3) srl     gp, a6, s3
core   0: 3 0x80003a10 (0x013851b3) x 3 0xffffffff
core   0: 0x80003a14 (0x3953f193) andi    gp, t2, 917
core   0: 3 0x80003a14 (0x3953f193) x 3 0x00000110
core   0: 0x80003a18 (0x03207133) remu    sp, zero, s2
core   0: 3 0x80003a18 (0x03207133) x 2 0x00000000
core   0: 0x80003a1c (0x41fecb13) xori    s6, t4, 1055
core   0: 3 0x80003a1c (0x41fecb13) x22 0xf800041f
core   0: 0x80003a20 (0x00dcd793) srli    a5, s9, 13
core   0: 3 0x80003a20 (0x00dcd793) x15 0x0007ffff
core   0: 0x80003a24 (0xc9a9ccb7) lui     s9, 0xc9a9c
core   0: 3 0x80003a24 (0xc9a9ccb7) x25 0xc9a9c000
core   0: 0x80003a28 (0x036382b3) mul     t0, t2, s6
core   0: 3 0x80003a28 (0x036382b3) x 5 0x2ff49206
core   0: 0x80003a2c (0x00001b94) c.addi4spn a3, sp, 496
core   0: 3 0x80003a2c (0x1b94) x13 0x000001f0
core   0: 0x80003a2e (0x00008f51) c.or    a4, a2
core   0: 3 0x80003a2e (0x8f51) x14 0xf8000000
core   0: 0x80003a30 (0x4014d1b3) sra     gp, s1, ra
core   0: 3 0x80003a30 (0x4014d1b3) x 3 0xe8ac9800
core   0: 0x80003a34 (0x00000d49) c.addi  s10, 18
core   0: 3 0x80003a34 (0x0d49) x26 0x0001c1d2
core   0: 0x80003a36 (0x00001380) c.addi4spn s0, sp, 480
core   0: 3 0x80003a36 (0x1380) x 8 0x000001e0
core   0: 0x80003a38 (0x40088d33) sub     s10, a7, zero
core   0: 3 0x80003a38 (0x40088d33) x26 0x6a4bb000
core   0: 0x80003a3c (0x00bfc8b3) xor     a7, t6, a1
core   0: 3 0x80003a3c (0x00bfc8b3) x17 0x8000eccf
core   0: 0x80003a40 (0x00786d33) or      s10, a6, t2
core   0: 3 0x80003a40 (0x00786d33) x26 0xffffffff
core   0: 0x80003a44 (0x0373d733) divu    a4, t2, s7
core   0: 3 0x80003a44 (0x0373d733) x14 0x0003ffff
core   0: 0x80003a48 (0x03293133) mulhu   sp, s2, s2
core   0: 3 0x80003a48 (0x03293133) x 2 0x00000000
core   0: 0x80003a4c (0x00009b7d) c.andi  a4, -1
core   0: 3 0x80003a4c (0x9b7d) x14 0x0003ffff
core   0: 0x80003a4e (0x00001300) c.addi4spn s0, sp, 416
core   0: 3 0x80003a4e (0x1300) x 8 0x000001a0
core   0: 0x80003a50 (0x00000b90) c.addi4spn a2, sp, 464
core   0: 3 0x80003a50 (0x0b90) x12 0x000001d0
core   0: 0x80003a52 (0xa102c713) xori    a4, t0, -1520
core   0: 3 0x80003a52 (0xa102c713) x14 0xd00b6816
core   0: 0x80003a56 (0x006f5d33) srl     s10, t5, t1
core   0: 3 0x80003a56 (0x006f5d33) x26 0x00000000
core   0: 0x80003a5a (0x40c1d093) srai    ra, gp, 12
core   0: 3 0x80003a5a (0x40c1d093) x 1 0xfffe8ac9
core   0: 0x80003a5e (0x4091d3b3) sra     t2, gp, s1
core   0: 3 0x80003a5e (0x4091d3b3) x 7 0xe8ac9800
core   0: 0x80003a62 (0x015d5813) srli    a6, s10, 21
core   0: 3 0x80003a62 (0x015d5813) x16 0x00000000
core   0: 0x80003a66 (0x037b8cb3) mul     s9, s7, s7
core   0: 3 0x80003a66 (0x037b8cb3) x25 0x10000000
core   0: 0x80003a6a (0x00008cd1) c.or    s1, a2
core   0: 3 0x80003a6a (0x8cd1) x 9 0xd15931d0
core   0: 0x80003a6c (0x02821733) mulh    a4, tp, s0
core   0: 3 0x80003a6c (0x02821733) x14 0x00000000
core   0: 0x80003a70 (0x00000815) c.addi  a6, 5
core   0: 3 0x80003a70 (0x0815) x16 0x00000005
core   0: 0x80003a72 (0x00008e05) c.sub   a2, s1
core   0: 3 0x80003a72 (0x8e05) x12 0x2ea6d000
core   0: 0x80003a74 (0x034eccb3) div     s9, t4, s4
core   0: 3 0x80003a74 (0x034eccb3) x25 0x00000000
core   0: 0x80003a78 (0x00008e89) c.sub   a3, a0
core   0: 3 0x80003a78 (0x8e89) x13 0x7ffed50c
core   0: 0x80003a7a (0x00000001) c.nop
core   0: 3 0x80003a7a (0x0001)
core   0: 0x80003a7c (0x002dccb3) xor     s9, s11, sp
core   0: 3 0x80003a7c (0x002dccb3) x25 0xfffffcac
core   0: 0x80003a80 (0x41435793) srai    a5, t1, 20
core   0: 3 0x80003a80 (0x41435793) x15 0x00000000
core   0: 0x80003a84 (0x020d7d33) remu    s10, s10, zero
core   0: 3 0x80003a84 (0x020d7d33) x26 0x00000000
core   0: 0x80003a88 (0x0000117d) c.addi  sp, -1
core   0: 3 0x80003a88 (0x117d) x 2 0xffffffff
core   0: 0x80003a8a (0x0338c833) div     a6, a7, s3
core   0: 3 0x80003a8a (0x0338c833) x16 0xffffffff
core   0: 0x80003a8e (0x00617db3) and     s11, sp, t1
core   0: 3 0x80003a8e (0x00617db3) x27 0x00000e10
core   0: 0x80003a92 (0x5739be93) sltiu   t4, s3, 1395
core   0: 3 0x80003a92 (0x5739be93) x29 0x00000001
core   0: 0x80003a96 (0x00001c98) c.addi4spn a4, sp, 624
core   0: 3 0x80003a96 (0x1c98) x14 0x0000026f
core   0: 0x80003a98 (0x01cb1813) slli    a6, s6, 28
core   0: 3 0x80003a98 (0x01cb1813) x16 0xf0000000
core   0: 0x80003a9c (0x00009cf6) c.add   s9, t4
core   0: 3 0x80003a9c (0x9cf6) x25 0xfffffcad
core   0: 0x80003a9e (0x0000072e) c.slli  a4, 11
core   0: 3 0x80003a9e (0x072e) x14 0x00137800
core   0: 0x80003aa0 (0x00006129) c.addi16sp sp, 192
core   0: 3 0x80003aa0 (0x6129) x 2 0x000000bf
core   0: 0x80003aa2 (0xf0aa4213) xori    tp, s4, -246
core   0: 3 0x80003aa2 (0xf0aa4213) x 4 0xdfc1d3be
core   0: 0x80003aa6 (0xa0298137) lui     sp, 0xa0298
core   0: 3 0x80003aa6 (0xa0298137) x 2 0xa0298000
core   0: 0x80003aaa (0x00008e3d) c.xor   a2, a5
core   0: 3 0x80003aaa (0x8e3d) x12 0x2ea6d000
core   0: 0x80003aac (0x00008f05) c.sub   a4, s1
core   0: 3 0x80003aac (0x8f05) x14 0x2eba4630
core   0: 0x80003aae (0x5c4ebe93) sltiu   t4, t4, 1476
core   0: 3 0x80003aae (0x5c4ebe93) x29 0x00000001
core   0: 0x80003ab2 (0x00000001) c.nop
core   0: 3 0x80003ab2 (0x0001)
core   0: 0x80003ab4 (0x00000180) c.addi4spn s0, sp, 192
core   0: 3 0x80003ab4 (0x0180) x 8 0xa02980c0
core   0: 0x80003ab6 (0x024966b3) rem     a3, s2, tp
core   0: 3 0x80003ab6 (0x024966b3) x13 0x00000000
core   0: 0x80003aba (0x02591a33) mulh    s4, s2, t0
core   0: 3 0x80003aba (0x02591a33) x20 0x00000000
core   0: 0x80003abe (0x00779e13) slli    t3, a5, 7
core   0: 3 0x80003abe (0x00779e13) x28 0x00000000
core   0: 0x80003ac2 (0x00000001) c.nop
core   0: 3 0x80003ac2 (0x0001)
core   0: 0x80003ac4 (0x97e2fd93) andi    s11, t0, -1666
core   0: 3 0x80003ac4 (0x97e2fd93) x27 0x2ff49006
core   0: 0x80003ac8 (0x00008fc1) c.or    a5, s0
core   0: 3 0x80003ac8 (0x8fc1) x15 0xa02980c0
core   0: 0x80003aca (0x00006cb1) c.lui   s9, 0xc
core   0: 3 0x80003aca (0x6cb1) x25 0x0000c000
core   0: 0x80003acc (0x0185cab3) xor     s5, a1, s8
core   0: 3 0x80003acc (0x0185cab3) x21 0x7fc2905b
core   0: 0x80003ad0 (0x00001798) c.addi4spn a4, sp, 992
core   0: 3 0x80003ad0 (0x1798) x14 0xa02983e0
core   0: 0x80003ad2 (0x8ddf4d13) xori    s10, t5, -1827
core   0: 3 0x80003ad2 (0x8ddf4d13) x26 0xfffff8dc
core   0: 0x80003ad6 (0x00000001) c.nop
core   0: 3 0x80003ad6 (0x0001)
core   0: 0x80003ad8 (0x000064d5) c.lui   s1, 0x15
core   0: 3 0x80003ad8 (0x64d5) x 9 0x00015000
core   0: 0x80003ada (0x41a0d133) sra     sp, ra, s10
core   0: 3 0x80003ada (0x41a0d133) x 2 0xffffffff
core   0: 0x80003ade (0x0000833d) c.srli  a4, 15
core   0: 3 0x80003ade (0x833d) x14 0x00014053
core   0: 0x80003ae0 (0x031429b3) mulhsu  s3, s0, a7
core   0: 3 0x80003ae0 (0x031429b3) x19 0xd01467b8
core   0: 0x80003ae4 (0xd2cda213) slti    tp, s11, -724
core   0: 3 0x80003ae4 (0xd2cda213) x 4 0x00000000
core   0: 0x80003ae8 (0x0000030e) c.slli  t1, 3
core   0: 3 0x80003ae8 (0x030e) x 6 0x00007080
core   0: 0x80003aea (0x00000dcd) c.addi  s11, 19
core   0: 3 0x80003aea (0x0dcd) x27 0x2ff49019
core   0: 0x80003aec (0x03a109b3) mul     s3, sp, s10
core   0: 3 0x80003aec (0x03a109b3) x19 0x00000724
core   0: 0x80003af0 (0x000080c9) c.srli  s1, 18
core   0: 3 0x80003af0 (0x80c9) x 9 0x00000000
core   0: 0x80003af2 (0x90bd5237) lui     tp, 0x90bd5
core   0: 3 0x80003af2 (0x90bd5237) x 4 0x90bd5000
core   0: 0x80003af6 (0x005ba6b3) slt     a3, s7, t0
core   0: 3 0x80003af6 (0x005ba6b3) x13 0x00000001
core   0: 0x80003afa (0x00000804) c.addi4spn s1, sp, 16
core   0: 3 0x80003afa (0x0804) x 9 0x0000000f
core   0: 0x80003afc (0x417c8433) sub     s0, s9, s7
core   0: 3 0x80003afc (0x417c8433) x 8 0x00008000
core   0: 0x80003b00 (0x0000091c) c.addi4spn a5, sp, 144
core   0: 3 0x80003b00 (0x091c) x15 0x0000008f
core   0: 0x80003b02 (0xf03e0113) addi    sp, t3, -253
core   0: 3 0x80003b02 (0xf03e0113) x 2 0xffffff03
core   0: 0x80003b06 (0x028a4333) div     t1, s4, s0
core   0: 3 0x80003b06 (0x028a4333) x 6 0x00000000
core   0: 0x80003b0a (0x01379db3) sll     s11, a5, s3
core   0: 3 0x80003b0a (0x01379db3) x27 0x000008f0
core   0: 0x80003b0e (0x000061d1) c.lui   gp, 0x14
core   0: 3 0x80003b0e (0x61d1) x 3 0x00014000
core   0: 0x80003b10 (0x03197e33) remu    t3, s2, a7
core   0: 3 0x80003b10 (0x03197e33) x28 0x00000000
core   0: 0x80003b14 (0x00008fc9) c.or    a5, a0
core   0: 3 0x80003b14 (0x8fc9) x15 0x80012cef
core   0: 0x80003b16 (0x40010e33) sub     t3, sp, zero
core   0: 3 0x80003b16 (0x40010e33) x28 0xffffff03
core   0: 0x80003b1a (0x004d6fb3) or      t6, s10, tp
core   0: 3 0x80003b1a (0x004d6fb3) x31 0xfffff8dc
core   0: 0x80003b1e (0x00000d26) c.slli  s10, 9
core   0: 3 0x80003b1e (0x0d26) x26 0xfff1b800
core   0: 0x80003b20 (0x00748133) add     sp, s1, t2
core   0: 3 0x80003b20 (0x00748133) x 2 0xe8ac980f
core   0: 0x80003b24 (0x023a60b3) rem     ra, s4, gp
core   0: 3 0x80003b24 (0x023a60b3) x 1 0x00000000
core   0: 0x80003b28 (0x40f2d0b3) sra     ra, t0, a5
core   0: 3 0x80003b28 (0x40f2d0b3) x 1 0x00005fe9
core   0: 0x80003b2c (0x0000987d) c.andi  s0, -1
core   0: 3 0x80003b2c (0x987d) x 8 0x00008000
core   0: 0x80003b2e (0x00008936) c.mv    s2, a3
core   0: 3 0x80003b2e (0x8936) x18 0x00000001
core   0: 0x80003b30 (0x4243f993) andi    s3, t2, 1060
core   0: 3 0x80003b30 (0x4243f993) x19 0x00000000
core   0: 0x80003b34 (0x0000960a) c.add   a2, sp
core   0: 3 0x80003b34 (0x960a) x12 0x1753680f
core   0: 0x80003b36 (0x000083bd) c.srli  a5, 15
core   0: 3 0x80003b36 (0x83bd) x15 0x00010002
core   0: 0x80003b38 (0x00cf1f93) slli    t6, t5, 12
core   0: 3 0x80003b38 (0x00cf1f93) x31 0x00001000
core   0: 0x80003b3c (0x40d6d413) srai    s0, a3, 13
core   0: 3 0x80003b3c (0x40d6d413) x 8 0x00000000
core   0: 0x80003b40 (0x00000651) c.addi  a2, 20
core   0: 3 0x80003b40 (0x0651) x12 0x17536823
core   0: 0x80003b42 (0x0000692d) c.lui   s2, 0xb
core   0: 3 0x80003b42 (0x692d) x18 0x0000b000
core   0: 0x80003b44 (0x01c1ad33) slt     s10, gp, t3
core   0: 3 0x80003b44 (0x01c1ad33) x26 0x00000000
core   0: 0x80003b48 (0x01cbf7b3) and     a5, s7, t3
core   0: 3 0x80003b48 (0x01cbf7b3) x15 0x00004000
core   0: 0x80003b4c (0x01154233) xor     tp, a0, a7
core   0: 3 0x80003b4c (0x01154233) x 4 0x0001c02b
core   0: 0x80003b50 (0x01fcd333) srl     t1, s9, t6
core   0: 3 0x80003b50 (0x01fcd333) x 6 0x0000c000
core   0: 0x80003b54 (0x26f70137) lui     sp, 0x26f70
core   0: 3 0x80003b54 (0x26f70137) x 2 0x26f70000
core   0: 0x80003b58 (0x4009de93) srai    t4, s3, 0
core   0: 3 0x80003b58 (0x4009de93) x29 0x00000000
core   0: 0x80003b5c (0x0383e9b3) rem     s3, t2, s8
core   0: 3 0x80003b5c (0x0383e9b3) x19 0xfffac221
core   0: 0x80003b60 (0x03b14eb3) div     t4, sp, s11
core   0: 3 0x80003b60 (0x03b14eb3) x29 0x00045c15
core   0: 0x80003b64 (0x00008ed1) c.or    a3, a2
core   0: 3 0x80003b64 (0x8ed1) x13 0x17536823
core   0: 0x80003b66 (0x00000001) c.nop
core   0: 3 0x80003b66 (0x0001)
core   0: 0x80003b68 (0x00264f33) xor     t5, a2, sp
core   0: 3 0x80003b68 (0x00264f33) x30 0x31a46823
core   0: 0x80003b6c (0xebc75637) lui     a2, 0xebc75
core   0: 3 0x80003b6c (0xebc75637) x12 0xebc75000
core   0: 0x80003b70 (0x01c9ea33) or      s4, s3, t3
core   0: 3 0x80003b70 (0x01c9ea33) x20 0xffffff23
core   0: 0x80003b74 (0x3dfc8237) lui     tp, 0x3dfc8
core   0: 3 0x80003b74 (0x3dfc8237) x 4 0x3dfc8000
core   0: 0x80003b78 (0x01be1913) slli    s2, t3, 27
core   0: 3 0x80003b78 (0x01be1913) x18 0x18000000
core   0: 0x80003b7c (0x00008d9a) c.mv    s11, t1
core   0: 3 0x80003b7c (0x8d9a) x27 0x0000c000
core   0: 0x80003b7e (0x01306f33) or      t5, zero, s3
core   0: 3 0x80003b7e (0x01306f33) x30 0xfffac221
core   0: 0x80003b82 (0x00dbadb3) slt     s11, s7, a3
core   0: 3 0x80003b82 (0x00dbadb3) x27 0x00000001
core   0: 0x80003b86 (0x6b5ce013) ori     zero, s9, 1717
core   0: 3 0x80003b86 (0x6b5ce013)
core   0: 0x80003b8a (0x01b54233) xor     tp, a0, s11
core   0: 3 0x80003b8a (0x01b54233) x 4 0x80012ce5
core   0: 0x80003b8e (0xa791b013) sltiu   zero, gp, -1415
core   0: 3 0x80003b8e (0xa791b013)
core   0: 0x80003b92 (0xb6f92e93) slti    t4, s2, -1169
core   0: 3 0x80003b92 (0xb6f92e93) x29 0x00000000
core   0: 0x80003b96 (0x0000717d) c.addi16sp sp, -16
core   0: 3 0x80003b96 (0x717d) x 2 0x26f6fff0
core   0: 0x80003b98 (0x02558433) mul     s0, a1, t0
core   0: 3 0x80003b98 (0x02558433) x 8 0x1b4a9e58
core   0: 0x80003b9c (0x065583b7) lui     t2, 0x6558
core   0: 3 0x80003b9c (0x065583b7) x 7 0x06558000
core   0: 0x80003ba0 (0x0000934a) c.add   t1, s2
core   0: 3 0x80003ba0 (0x934a) x 6 0x1800c000
core   0: 0x80003ba2 (0x000084a5) c.srai  s1, 9
core   0: 3 0x80003ba2 (0x84a5) x 9 0x00000000
core   0: 0x80003ba4 (0x0000717d) c.addi16sp sp, -16
core   0: 3 0x80003ba4 (0x717d) x 2 0x26f6ffe0
core   0: 0x80003ba6 (0x21f8ae93) slti    t4, a7, 543
core   0: 3 0x80003ba6 (0x21f8ae93) x29 0x00000001
core   0: 0x80003baa (0x0124c4b3) xor     s1, s1, s2
core   0: 3 0x80003baa (0x0124c4b3) x 9 0x18000000
core   0: 0x80003bae (0x039f2db3) mulhsu  s11, t5, s9
core   0: 3 0x80003bae (0x039f2db3) x27 0xfffffffc
core   0: 0x80003bb2 (0x02b68633) mul     a2, a3, a1
core   0: 3 0x80003bb2 (0x02b68633) x12 0x276537ac
core   0: 0x80003bb6 (0x00000b32) c.slli  s6, 12
core   0: 3 0x80003bb6 (0x0b32) x22 0x0041f000
core   0: 0x80003bb8 (0x005f9613) slli    a2, t6, 5
core   0: 3 0x80003bb8 (0x005f9613) x12 0x00020000
core   0: 0x80003bbc (0x000000fa) c.slli  ra, 30
core   0: 3 0x80003bbc (0x00fa) x 1 0x40000000
core   0: 0x80003bbe (0x03dca733) mulhsu  a4, s9, t4
core   0: 3 0x80003bbe (0x03dca733) x14 0x00000000
core   0: 0x80003bc2 (0x00009bfd) c.andi  a5, -1
core   0: 3 0x80003bc2 (0x9bfd) x15 0x00004000
core   0: 0x80003bc4 (0x2af5bf93) sltiu   t6, a1, 687
core   0: 3 0x80003bc4 (0x2af5bf93) x31 0x00000000
core   0: 0x80003bc8 (0x41ac56b3) sra     a3, s8, s10
core   0: 3 0x80003bc8 (0x41ac56b3) x13 0xffc27e3f
core   0: 0x80003bcc (0xf234c793) xori    a5, s1, -221
core   0: 3 0x80003bcc (0xf234c793) x15 0xe7ffff23
core   0: 0x80003bd0 (0x00008ef5) c.and   a3, a3
core   0: 3 0x80003bd0 (0x8ef5) x13 0xffc27e3f
core   0: 0x80003bd2 (0x01987e33) and     t3, a6, s9
core   0: 3 0x80003bd2 (0x01987e33) x28 0x00000000
core   0: 0x80003bd6 (0x023c7e33) remu    t3, s8, gp
core   0: 3 0x80003bd6 (0x023c7e33) x28 0x0000be3f
core   0: 0x80003bda (0x00004cad) c.li    s9, 11
core   0: 3 0x80003bda (0x4cad) x25 0x0000000b
core   0: 0x80003bdc (0x02969633) mulh    a2, a3, s1
core   0: 3 0x80003bdc (0x02969633) x12 0xfffa3bd5
core   0: 0x80003be0 (0x41f35db3) sra     s11, t1, t6
core   0: 3 0x80003be0 (0x41f35db3) x27 0x1800c000
core   0: 0x80003be4 (0x27860d13) addi    s10, a2, 632
core   0: 3 0x80003be4 (0x27860d13) x26 0xfffa3e4d
core   0: 0x80003be8 (0x00401633) sll     a2, zero, tp
core   0: 3 0x80003be8 (0x00401633) x12 0x00000000
core   0: 0x80003bec (0x01a028b3) slt     a7, zero, s10
core   0: 3 0x80003bec (0x01a028b3) x17 0x00000000
core   0: 0x80003bf0 (0x00008b86) c.mv    s7, ra
core   0: 3 0x80003bf0 (0x8b86) x23 0x40000000
core   0: 0x80003bf2 (0x03093033) mulhu   zero, s2, a6
core   0: 3 0x80003bf2 (0x03093033)
core   0: 0x80003bf6 (0xc69e2613) slti    a2, t3, -919
core   0: 3 0x80003bf6 (0xc69e2613) x12 0x00000000
core   0: 0x80003bfa (0x1a3f8713) addi    a4, t6, 419
core   0: 3 0x80003bfa (0x1a3f8713) x14 0x000001a3
core   0: 0x80003bfe (0x02410f33) mul     t5, sp, tp
core   0: 3 0x80003bfe (0x02410f33) x30 0x4ecd6360
core   0: 0x80003c02 (0x008343b3) xor     t2, t1, s0
core   0: 3 0x80003c02 (0x008343b3) x 7 0x034a5e58
core   0: 0x80003c06 (0x031d43b3) div     t2, s10, a7
core   0: 3 0x80003c06 (0x031d43b3) x 7 0xffffffff
core   0: 0x80003c0a (0x00008ec1) c.or    a3, s0
core   0: 3 0x80003c0a (0x8ec1) x13 0xffcafe7f
core   0: 0x80003c0c (0x029b7db3) remu    s11, s6, s1
core   0: 3 0x80003c0c (0x029b7db3) x27 0x0041f000
core   0: 0x80003c10 (0x00008e1d) c.sub   a2, a5
core   0: 3 0x80003c10 (0x8e1d) x12 0x180000dd
core   0: 0x80003c12 (0x0116ffb3) and     t6, a3, a7
core   0: 3 0x80003c12 (0x0116ffb3) x31 0x00000000
core   0: 0x80003c16 (0x4134de33) sra     t3, s1, s3
core   0: 3 0x80003c16 (0x4134de33) x28 0x0c000000
core   0: 0x80003c1a (0x018782b3) add     t0, a5, s8
core   0: 3 0x80003c1a (0x018782b3) x 5 0xe7c27d62
core   0: 0x80003c1e (0x000002c2) c.slli  t0, 16
core   0: 3 0x80003c1e (0x02c2) x 5 0x7d620000
core   0: 0x80003c20 (0x72362793) slti    a5, a2, 1827
core   0: 3 0x80003c20 (0x72362793) x15 0x00000000
core   0: 0x80003c24 (0xa5f10313) addi    t1, sp, -1441
core   0: 3 0x80003c24 (0xa5f10313) x 6 0x26f6fa3f
core   0: 0x80003c28 (0x03dec233) div     tp, t4, t4
core   0: 3 0x80003c28 (0x03dec233) x 4 0x00000001
core   0: 0x80003c2c (0x28fa8017) auipc   zero, 0x28fa8
core   0: 3 0x80003c2c (0x28fa8017)
core   0: 0x80003c30 (0xe4770813) addi    a6, a4, -441
core   0: 3 0x80003c30 (0xe4770813) x16 0xffffffea
core   0: 0x80003c34 (0x006fcb33) xor     s6, t6, t1
core   0: 3 0x80003c34 (0x006fcb33) x22 0x26f6fa3f
core   0: 0x80003c38 (0x03309033) mulh    zero, ra, s3
core   0: 3 0x80003c38 (0x03309033)
core   0: 0x80003c3c (0x000080fd) c.srli  s1, 31
core   0: 3 0x80003c3c (0x80fd) x 9 0x00000000
core   0: 0x80003c3e (0x01901db3) sll     s11, zero, s9
core   0: 3 0x80003c3e (0x01901db3) x27 0x00000000
core   0: 0x80003c42 (0x015ed893) srli    a7, t4, 21
core   0: 3 0x80003c42 (0x015ed893) x17 0x00000000
core   0: 0x80003c46 (0x00000001) c.nop
core   0: 3 0x80003c46 (0x0001)
core   0: 0x80003c48 (0x40df8fb3) sub     t6, t6, a3
core   0: 3 0x80003c48 (0x40df8fb3) x31 0x00350181
core   0: 0x80003c4c (0x02aab733) mulhu   a4, s5, a0
core   0: 3 0x80003c4c (0x02aab733) x14 0x3fe1de57
core   0: 0x80003c50 (0x9758cc93) xori    s9, a7, -1675
core   0: 3 0x80003c50 (0x9758cc93) x25 0xfffff975
core   0: 0x80003c54 (0x00000e18) c.addi4spn a4, sp, 784
core   0: 3 0x80003c54 (0x0e18) x14 0x26f702f0
core   0: 0x80003c56 (0x0369f9b3) remu    s3, s3, s6
core   0: 3 0x80003c56 (0x0369f9b3) x19 0x1630e4a7
core   0: 0x80003c5a (0x01e7edb3) or      s11, a5, t5
core   0: 3 0x80003c5a (0x01e7edb3) x27 0x4ecd6360
core   0: 0x80003c5e (0x01ccc433) xor     s0, s9, t3
core   0: 3 0x80003c5e (0x01ccc433) x 8 0xf3fff975
core   0: 0x80003c62 (0x03f9f733) remu    a4, s3, t6
core   0: 3 0x80003c62 (0x03f9f733) x14 0x000943bc
core   0: 0x80003c66 (0x0000987d) c.andi  s0, -1
core   0: 3 0x80003c66 (0x987d) x 8 0xf3fff975
core   0: 0x80003c68 (0x00008015) c.srli  s0, 5
core   0: 3 0x80003c68 (0x8015) x 8 0x079fffcb
core   0: 0x80003c6a (0x00000c85) c.addi  s9, 1
core   0: 3 0x80003c6a (0x0c85) x25 0xfffff976
core   0: 0x80003c6c (0x00000001) c.nop
core   0: 3 0x80003c6c (0x0001)
core   0: 0x80003c6e (0x0000717d) c.addi16sp sp, -16
core   0: 3 0x80003c6e (0x717d) x 2 0x26f6ffd0
core   0: 0x80003c70 (0x006a9f33) sll     t5, s5, t1
core   0: 3 0x80003c70 (0x006a9f33) x30 0x80000000
core   0: 0x80003c74 (0x000040f1) c.li    ra, 28
core   0: 3 0x80003c74 (0x40f1) x 1 0x0000001c
core   0: 0x80003c76 (0x3d954413) xori    s0, a0, 985
core   0: 3 0x80003c76 (0x3d954413) x 8 0x80012f3d
core   0: 0x80003c7a (0x000080d1) c.srli  s1, 20
core   0: 3 0x80003c7a (0x80d1) x 9 0x00000000
core   0: 0x80003c7c (0x0066f2b3) and     t0, a3, t1
core   0: 3 0x80003c7c (0x0066f2b3) x 5 0x26c2fa3f
core   0: 0x80003c80 (0x00bf0233) add     tp, t5, a1
core   0: 3 0x80003c80 (0x00bf0233) x 4 0x0000ee64
core   0: 0x80003c84 (0x00008ec5) c.or    a3, s1
core   0: 3 0x80003c84 (0x8ec5) x13 0xffcafe7f
core   0: 0x80003c86 (0x000084c9) c.srai  s1, 18
core   0: 3 0x80003c86 (0x84c9) x 9 0x00000000
core   0: 0x80003c88 (0x0302bcb3) mulhu   s9, t0, a6
core   0: 3 0x80003c88 (0x0302bcb3) x25 0x26c2fa3b
core   0: 0x80003c8c (0x5b6244b7) lui     s1, 0x5b624
core   0: 3 0x80003c8c (0x5b6244b7) x 9 0x5b624000
core   0: 0x80003c90 (0x01861e93) slli    t4, a2, 24
core   0: 3 0x80003c90 (0x01861e93) x29 0xdd000000
core   0: 0x80003c94 (0x00000001) c.nop
core   0: 3 0x80003c94 (0x0001)
core   0: 0x80003c96 (0x00000001) c.nop
core   0: 3 0x80003c96 (0x0001)
core   0: 0x80003c98 (0x00008f05) c.sub   a4, s1
core   0: 3 0x80003c98 (0x8f05) x14 0xa4a703bc
core   0: 0x80003c9a (0x400ed133) sra     sp, t4, zero
core   0: 3 0x80003c9a (0x400ed133) x 2 0xdd000000
core   0: 0x80003c9e (0x000098fd) c.andi  s1, -1
core   0: 3 0x80003c9e (0x98fd) x 9 0x5b624000
core   0: 0x80003ca0 (0x7d494693) xori    a3, s2, 2004
core   0: 3 0x80003ca0 (0x7d494693) x13 0x180007d4
core   0: 0x80003ca4 (0x00008471) c.srai  s0, 28
core   0: 3 0x80003ca4 (0x8471) x 8 0xfffffff8
core   0: 0x80003ca6 (0x00a74933) xor     s2, a4, a0
core   0: 3 0x80003ca6 (0x00a74933) x18 0x24a62f58
core   0: 0x80003caa (0x00000001) c.nop
core   0: 3 0x80003caa (0x0001)
core   0: 0x80003cac (0x00fc1433) sll     s0, s8, a5
core   0: 3 0x80003cac (0x00fc1433) x 8 0xffc27e3f
core   0: 0x80003cb0 (0x00a41a33) sll     s4, s0, a0
core   0: 3 0x80003cb0 (0x00a41a33) x20 0xfc27e3f0
core   0: 0x80003cb4 (0x00008ead) c.xor   a3, a1
core   0: 3 0x80003cb4 (0x8ead) x13 0x9800e9b0
core   0: 0x80003cb6 (0x00006dd9) c.lui   s11, 0x16
core   0: 3 0x80003cb6 (0x6dd9) x27 0x00016000
core   0: 0x80003cb8 (0x00000001) c.nop
core   0: 3 0x80003cb8 (0x0001)
core   0: 0x80003cba (0x02f661b3) rem     gp, a2, a5
core   0: 3 0x80003cba (0x02f661b3) x 3 0x180000dd
core   0: 0x80003cbe (0xd55a7413) andi    s0, s4, -683
core   0: 3 0x80003cbe (0xd55a7413) x 8 0xfc27e150
core   0: 0x80003cc2 (0x40905133) sra     sp, zero, s1
core   0: 3 0x80003cc2 (0x40905133) x 2 0x00000000
core   0: 0x80003cc6 (0x0000612d) c.addi16sp sp, 224
core   0: 3 0x80003cc6 (0x612d) x 2 0x000000e0
core   0: 0x80003cc8 (0x1cc65817) auipc   a6, 0x1cc65
core   0: 3 0x80003cc8 (0x1cc65817) x16 0x9cc68cc8
core   0: 0x80003ccc (0x0000862d) c.srai  a2, 11
core   0: 3 0x80003ccc (0x862d) x12 0x00030000
core   0: 0x80003cce (0x4096dab3) sra     s5, a3, s1
core   0: 3 0x80003cce (0x4096dab3) x21 0x9800e9b0
core   0: 0x80003cd2 (0x0000010a) c.slli  sp, 2
core   0: 3 0x80003cd2 (0x010a) x 2 0x00000380
core   0: 0x80003cd4 (0x0000137d) c.addi  t1, -1
core   0: 3 0x80003cd4 (0x137d) x 6 0x26f6fa3e
core   0: 0x80003cd6 (0x039939b3) mulhu   s3, s2, s9
core   0: 3 0x80003cd6 (0x039939b3) x19 0x058c94c9
core   0: 0x80003cda (0x02182733) mulhsu  a4, a6, ra
core   0: 3 0x80003cda (0x02182733) x14 0xfffffff5
core   0: 0x80003cde (0x012344b3) xor     s1, t1, s2
core   0: 3 0x80003cde (0x012344b3) x 9 0x0250d566
core   0: 0x80003ce2 (0x000099ce) c.add   s3, s3
core   0: 3 0x80003ce2 (0x99ce) x19 0x0b192992
core   0: 0x80003ce4 (0x0ff07c93) andi    s9, zero, 255
core   0: 3 0x80003ce4 (0x0ff07c93) x25 0x00000000
core   0: 0x80003ce8 (0x02449633) mulh    a2, s1, tp
core   0: 3 0x80003ce8 (0x02449633) x12 0x00000228
core   0: 0x80003cec (0x0000877d) c.srai  a4, 31
core   0: 3 0x80003cec (0x877d) x14 0xffffffff
core   0: 0x80003cee (0x01d09b93) slli    s7, ra, 29
core   0: 3 0x80003cee (0x01d09b93) x23 0x80000000
core   0: 0x80003cf2 (0x4c3bf493) andi    s1, s7, 1219
core   0: 3 0x80003cf2 (0x4c3bf493) x 9 0x00000000
core   0: 0x80003cf6 (0x037d1d33) mulh    s10, s10, s7
core   0: 3 0x80003cf6 (0x037d1d33) x26 0x0002e0d9
core   0: 0x80003cfa (0x01d3f233) and     tp, t2, t4
core   0: 3 0x80003cfa (0x01d3f233) x 4 0xdd000000
core   0: 0x80003cfe (0x41225e33) sra     t3, tp, s2
core   0: 3 0x80003cfe (0x41225e33) x28 0xffffffdd
core   0: 0x80003d02 (0x03734933) div     s2, t1, s7
core   0: 3 0x80003d02 (0x03734933) x18 0x00000000
core   0: 0x80003d06 (0x0000943a) c.add   s0, a4
core   0: 3 0x80003d06 (0x943a) x 8 0xfc27e14f
core   0: 0x80003d08 (0xef114193) xori    gp, sp, -271
core   0: 3 0x80003d08 (0xef114193) x 3 0xfffffd71
core   0: 0x80003d0c (0x02b3f433) remu    s0, t2, a1
core   0: 3 0x80003d0c (0x02b3f433) x 8 0x7fff119b
core   0: 0x80003d10 (0x00008785) c.srai  a5, 1
core   0: 3 0x80003d10 (0x8785) x15 0x00000000
core   0: 0x80003d12 (0x0000807d) c.srli  s0, 31
core   0: 3 0x80003d12 (0x807d) x 8 0x00000000
core   0: 0x80003d14 (0x01739833) sll     a6, t2, s7
core   0: 3 0x80003d14 (0x01739833) x16 0xffffffff
core   0: 0x80003d18 (0x415e06b3) sub     a3, t3, s5
core   0: 3 0x80003d18 (0x415e06b3) x13 0x67ff162d
core   0: 0x80003d1c (0x02df4db3) div     s11, t5, a3
core   0: 3 0x80003d1c (0x02df4db3) x27 0xffffffff
core   0: 0x80003d20 (0x00008741) c.srai  a4, 16
core   0: 3 0x80003d20 (0x8741) x14 0xffffffff
core   0: 0x80003d22 (0x00000104) c.addi4spn s1, sp, 128
core   0: 3 0x80003d22 (0x0104) x 9 0x00000400
core   0: 0x80003d24 (0x00008751) c.srai  a4, 20
core   0: 3 0x80003d24 (0x8751) x14 0xffffffff
core   0: 0x80003d26 (0x2a53cc93) xori    s9, t2, 677
core   0: 3 0x80003d26 (0x2a53cc93) x25 0xfffffd5a
core   0: 0x80003d2a (0x4b110a97) auipc   s5, 0x4b110
core   0: 3 0x80003d2a (0x4b110a97) x21 0xcb113d2a
core   0: 0x80003d2e (0x00fc5eb3) srl     t4, s8, a5
core   0: 3 0x80003d2e (0x00fc5eb3) x29 0xffc27e3f
core   0: 0x80003d32 (0x00008f31) c.xor   a4, a2
core   0: 3 0x80003d32 (0x8f31) x14 0xfffffdd7
core   0: 0x80003d34 (0x02548d33) mul     s10, s1, t0
core   0: 3 0x80003d34 (0x02548d33) x26 0x0be8fc00
core   0: 0x80003d38 (0x4bc47813) andi    a6, s0, 1212
core   0: 3 0x80003d38 (0x4bc47813) x16 0x00000000
core   0: 0x80003d3c (0x0000567d) c.li    a2, -1
core   0: 3 0x80003d3c (0x567d) x12 0xffffffff
core   0: 0x80003d3e (0x03b2c6b3) div     a3, t0, s11
core   0: 3 0x80003d3e (0x03b2c6b3) x13 0xd93d05c1
core   0: 0x80003d42 (0x419ddb33) sra     s6, s11, s9
core   0: 3 0x80003d42 (0x419ddb33) x22 0xffffffff
core   0: 0x80003d46 (0x02683633) mulhu   a2, a6, t1
core   0: 3 0x80003d46 (0x02683633) x12 0x00000000
core   0: 0x80003d4a (0x0566b113) sltiu   sp, a3, 86
core   0: 3 0x80003d4a (0x0566b113) x 2 0x00000000
core   0: 0x80003d4e (0x0000013a) c.slli  sp, 14
core   0: 3 0x80003d4e (0x013a) x 2 0x00000000
core   0: 0x80003d50 (0x0168c433) xor     s0, a7, s6
core   0: 3 0x80003d50 (0x0168c433) x 8 0xffffffff
core   0: 0x80003d54 (0x0394f733) remu    a4, s1, s9
core   0: 3 0x80003d54 (0x0394f733) x14 0x00000400
core   0: 0x80003d58 (0x01445f33) srl     t5, s0, s4
core   0: 3 0x80003d58 (0x01445f33) x30 0x0000ffff
core   0: 0x80003d5c (0x031dd2b3) divu    t0, s11, a7
core   0: 3 0x80003d5c (0x031dd2b3) x 5 0xffffffff
core   0: 0x80003d60 (0x00000001) c.nop
core   0: 3 0x80003d60 (0x0001)
core   0: 0x80003d62 (0x001e1093) slli    ra, t3, 1
core   0: 3 0x80003d62 (0x001e1093) x 1 0xffffffba
core   0: 0x80003d66 (0x00000001) c.nop
core   0: 3 0x80003d66 (0x0001)
core   0: 0x80003d68 (0x0000806d) c.srli  s0, 27
core   0: 3 0x80003d68 (0x806d) x 8 0x0000001f
core   0: 0x80003d6a (0x00009996) c.add   s3, t0
core   0: 3 0x80003d6a (0x9996) x19 0x0b192991
core   0: 0x80003d6c (0x039c90b3) mulh    ra, s9, s9
core   0: 3 0x80003d6c (0x039c90b3) x 1 0x00000000
core   0: 0x80003d70 (0x01b6dcb3) srl     s9, a3, s11
core   0: 3 0x80003d70 (0x01b6dcb3) x25 0x00000001
core   0: 0x80003d74 (0x0000717d) c.addi16sp sp, -16
core   0: 3 0x80003d74 (0x717d) x 2 0xfffffff0
core   0: 0x80003d76 (0x0231eb33) rem     s6, gp, gp
core   0: 3 0x80003d76 (0x0231eb33) x22 0x00000000
core   0: 0x80003d7a (0x00008a41) c.andi  a2, 16
core   0: 3 0x80003d7a (0x8a41) x12 0x00000000
core   0: 0x80003d7c (0x01855a13) srli    s4, a0, 24
core   0: 3 0x80003d7c (0x01855a13) x20 0x00000080
core   0: 0x80003d80 (0x00009b7d) c.andi  a4, -1
core   0: 3 0x80003d80 (0x9b7d) x14 0x00000400
core   0: 0x80003d82 (0x00000001) c.nop
core   0: 3 0x80003d82 (0x0001)
core   0: 0x80003d84 (0x00001e7d) c.addi  t3, -1
core   0: 3 0x80003d84 (0x1e7d) x28 0xffffffdc
core   0: 0x80003d86 (0xf8534e13) xori    t3, t1, -123
core   0: 3 0x80003d86 (0xf8534e13) x28 0xd90905bb
core   0: 0x80003d8a (0x00008ae1) c.andi  a3, 24
core   0: 3 0x80003d8a (0x8ae1) x13 0x00000000
core   0: 0x80003d8c (0x00008f11) c.sub   a4, a2
core   0: 3 0x80003d8c (0x8f11) x14 0x00000400
core   0: 0x80003d8e (0xb458ea97) auipc   s5, 0xb458e
core   0: 3 0x80003d8e (0xb458ea97) x21 0x34591d8e
core   0: 0x80003d92 (0x0000049e) c.slli  s1, 7
core   0: 3 0x80003d92 (0x049e) x 9 0x00020000
core   0: 0x80003d94 (0x4144da33) sra     s4, s1, s4
core   0: 3 0x80003d94 (0x4144da33) x20 0x00020000
core   0: 0x80003d98 (0x4194da13) srai    s4, s1, 25
core   0: 3 0x80003d98 (0x4194da13) x20 0x00000000
core   0: 0x80003d9c (0x00bb16b3) sll     a3, s6, a1
core   0: 3 0x80003d9c (0x00bb16b3) x13 0x00000000
core   0: 0x80003da0 (0xd636a913) slti    s2, a3, -669
core   0: 3 0x80003da0 (0xd636a913) x18 0x00000000
core   0: 0x80003da4 (0x016e89b3) add     s3, t4, s6
core   0: 3 0x80003da4 (0x016e89b3) x19 0xffc27e3f
core   0: 0x80003da8 (0x0109d113) srli    sp, s3, 16
core   0: 3 0x80003da8 (0x0109d113) x 2 0x0000ffc2
core   0: 0x80003dac (0x01824133) xor     sp, tp, s8
core   0: 3 0x80003dac (0x01824133) x 2 0x22c27e3f
core   0: 0x80003db0 (0x00008cb1) c.xor   s1, a2
core   0: 3 0x80003db0 (0x8cb1) x 9 0x00020000
core   0: 0x80003db2 (0x00000001) c.nop
core   0: 3 0x80003db2 (0x0001)
core   0: 0x80003db4 (0x7f3ace13) xori    t3, s5, 2035
core   0: 3 0x80003db4 (0x7f3ace13) x28 0x34591a7d
core   0: 0x80003db8 (0x00a8bab3) sltu    s5, a7, a0
core   0: 3 0x80003db8 (0x00a8bab3) x21 0x00000001
core   0: 0x80003dbc (0x03fad7b3) divu    a5, s5, t6
core   0: 3 0x80003dbc (0x03fad7b3) x15 0x00000000
core   0: 0x80003dc0 (0x00008449) c.srai  s0, 18
core   0: 3 0x80003dc0 (0x8449) x 8 0x00000000
core   0: 0x80003dc2 (0x00008e75) c.and   a2, a3
core   0: 3 0x80003dc2 (0x8e75) x12 0x00000000
core   0: 0x80003dc4 (0x03d34cb3) div     s9, t1, t4
core   0: 3 0x80003dc4 (0x03d34cb3) x25 0xffffff5e
core   0: 0x80003dc8 (0x000008e5) c.addi  a7, 25
core   0: 3 0x80003dc8 (0x08e5) x17 0x00000019
core   0: 0x80003dca (0x00009462) c.add   s0, s8
core   0: 3 0x80003dca (0x9462) x 8 0xffc27e3f
core   0: 0x80003dcc (0x00006379) c.lui   t1, 0x1e
core   0: 3 0x80003dcc (0x6379) x 6 0x0001e000
core   0: 0x80003dce (0x00008fb1) c.xor   a5, a2
core   0: 3 0x80003dce (0x8fb1) x15 0x00000000
core   0: 0x80003dd0 (0x000098fd) c.andi  s1, -1
core   0: 3 0x80003dd0 (0x98fd) x 9 0x00020000
core   0: 0x80003dd2 (0x028d11b3) mulh    gp, s10, s0
core   0: 3 0x80003dd2 (0x028d11b3) x 3 0xfffd2372
core   0: 0x80003dd6 (0x00008fd5) c.or    a5, a3
core   0: 3 0x80003dd6 (0x8fd5) x15 0x00000000
core   0: 0x80003dd8 (0x006c3133) sltu    sp, s8, t1
core   0: 3 0x80003dd8 (0x006c3133) x 2 0x00000000
core   0: 0x80003ddc (0x00ebeb33) or      s6, s7, a4
core   0: 3 0x80003ddc (0x00ebeb33) x22 0x80000400
core   0: 0x80003de0 (0x3a99cb13) xori    s6, s3, 937
core   0: 3 0x80003de0 (0x3a99cb13) x22 0xffc27d96
core   0: 0x80003de4 (0x0372abb3) mulhsu  s7, t0, s7
core   0: 3 0x80003de4 (0x0372abb3) x23 0xffffffff
core   0: 0x80003de8 (0x01137333) and     t1, t1, a7
core   0: 3 0x80003de8 (0x01137333) x 6 0x00000000
core   0: 0x80003dec (0x00008372) c.mv    t1, t3
core   0: 3 0x80003dec (0x8372) x 6 0x34591a7d
core   0: 0x80003dee (0x035282b3) mul     t0, t0, s5
core   0: 3 0x80003dee (0x035282b3) x 5 0xffffffff
core   0: 0x80003df2 (0xcea72493) slti    s1, a4, -790
core   0: 3 0x80003df2 (0xcea72493) x 9 0x00000000
core   0: 0x80003df6 (0x00c114b3) sll     s1, sp, a2
core   0: 3 0x80003df6 (0x00c114b3) x 9 0x00000000
core   0: 0x80003dfa (0x41945093) srai    ra, s0, 25
core   0: 3 0x80003dfa (0x41945093) x 1 0xffffffff
core   0: 0x80003dfe (0x30a17b13) andi    s6, sp, 778
core   0: 3 0x80003dfe (0x30a17b13) x22 0x00000000
core   0: 0x80003e02 (0x037547b3) div     a5, a0, s7
core   0: 3 0x80003e02 (0x037547b3) x15 0x7ffed31c
core   0: 0x80003e06 (0x00008e79) c.and   a2, a4
core   0: 3 0x80003e06 (0x8e79) x12 0x00000000
core   0: 0x80003e08 (0x01322db3) slt     s11, tp, s3
core   0: 3 0x80003e08 (0x01322db3) x27 0x00000001
core   0: 0x80003e0c (0x0239bd33) mulhu   s10, s3, gp
core   0: 3 0x80003e0c (0x0239bd33) x26 0xffbfa261
core   0: 0x80003e10 (0x00009bfd) c.andi  a5, -1
core   0: 3 0x80003e10 (0x9bfd) x15 0x7ffed31c
core   0: 0x80003e12 (0x00005b7d) c.li    s6, -1
core   0: 3 0x80003e12 (0x5b7d) x22 0xffffffff
core   0: 0x80003e14 (0x000007c2) c.slli  a5, 16
core   0: 3 0x80003e14 (0x07c2) x15 0xd31c0000
core   0: 0x80003e16 (0x00000dfa) c.slli  s11, 30
core   0: 3 0x80003e16 (0x0dfa) x27 0x40000000
core   0: 0x80003e18 (0x41a9d493) srai    s1, s3, 26
core   0: 3 0x80003e18 (0x41a9d493) x 9 0xffffffff
core   0: 0x80003e1c (0x01ac92b3) sll     t0, s9, s10
core   0: 3 0x80003e1c (0x01ac92b3) x 5 0xfffffebc
core   0: 0x80003e20 (0x011b2e33) slt     t3, s6, a7
core   0: 3 0x80003e20 (0x011b2e33) x28 0x00000001
core   0: 0x80003e24 (0x00000001) c.nop
core   0: 3 0x80003e24 (0x0001)
core   0: 0x80003e26 (0x00006121) c.addi16sp sp, 64
core   0: 3 0x80003e26 (0x6121) x 2 0x00000040
core   0: 0x80003e28 (0x00000001) c.nop
core   0: 3 0x80003e28 (0x0001)
core   0: 0x80003e2a (0x000064ed) c.lui   s1, 0x1b
core   0: 3 0x80003e2a (0x64ed) x 9 0x0001b000
core   0: 0x80003e2c (0xa3e26c93) ori     s9, tp, -1474
core   0: 3 0x80003e2c (0xa3e26c93) x25 0xfffffa3e
core   0: 0x80003e30 (0x97fa0613) addi    a2, s4, -1665
core   0: 3 0x80003e30 (0x97fa0613) x12 0xfffff97f
core   0: 0x80003e34 (0x035d2fb3) mulhsu  t6, s10, s5
core   0: 3 0x80003e34 (0x035d2fb3) x31 0xffffffff
core   0: 0x80003e38 (0x01c6e3b3) or      t2, a3, t3
core   0: 3 0x80003e38 (0x01c6e3b3) x 7 0x00000001
core   0: 0x80003e3c (0x40965333) sra     t1, a2, s1
core   0: 3 0x80003e3c (0x40965333) x 6 0xfffff97f
core   0: 0x80003e40 (0x00c051b3) srl     gp, zero, a2
core   0: 3 0x80003e40 (0x00c051b3) x 3 0x00000000
core   0: 0x80003e44 (0x00008e11) c.sub   a2, a2
core   0: 3 0x80003e44 (0x8e11) x12 0x00000000
core   0: 0x80003e46 (0x03511733) mulh    a4, sp, s5
core   0: 3 0x80003e46 (0x03511733) x14 0x00000000
core   0: 0x80003e4a (0x0000616d) c.addi16sp sp, 240
core   0: 3 0x80003e4a (0x616d) x 2 0x00000130
core   0: 0x80003e4c (0x403b0033) sub     zero, s6, gp
core   0: 3 0x80003e4c (0x403b0033)
core   0: 0x80003e50 (0x0004e233) or      tp, s1, zero
core   0: 3 0x80003e50 (0x0004e233) x 4 0x0001b000
core   0: 0x80003e54 (0x03a87db3) remu    s11, a6, s10
core   0: 3 0x80003e54 (0x03a87db3) x27 0x00000000
core   0: 0x80003e58 (0x038f02b3) mul     t0, t5, s8
core   0: 3 0x80003e58 (0x038f02b3) x 5 0x7e7c81c1
core   0: 0x80003e5c (0x009726b3) slt     a3, a4, s1
core   0: 3 0x80003e5c (0x009726b3) x13 0x00000001
core   0: 0x80003e60 (0x00fe4833) xor     a6, t3, a5
core   0: 3 0x80003e60 (0x00fe4833) x16 0xd31c0001
core   0: 0x80003e64 (0x00001e7d) c.addi  t3, -1
core   0: 3 0x80003e64 (0x1e7d) x28 0x00000000
core   0: 0x80003e66 (0x000083a2) c.mv    t2, s0
core   0: 3 0x80003e66 (0x83a2) x 7 0xffc27e3f
core   0: 0x80003e68 (0x91f2a093) slti    ra, t0, -1761
core   0: 3 0x80003e68 (0x91f2a093) x 1 0x00000000
core   0: 0x80003e6c (0x00000001) c.nop
core   0: 3 0x80003e6c (0x0001)
core   0: 0x80003e6e (0xc17cc017) auipc   zero, 0xc17cc
core   0: 3 0x80003e6e (0xc17cc017)
core   0: 0x80003e72 (0x000044dd) c.li    s1, 23
core   0: 3 0x80003e72 (0x44dd) x 9 0x00000017
core   0: 0x80003e74 (0xcbd8eb93) ori     s7, a7, -835
core   0: 3 0x80003e74 (0xcbd8eb93) x23 0xfffffcbd
core   0: 0x80003e78 (0x01ce89b3) add     s3, t4, t3
core   0: 3 0x80003e78 (0x01ce89b3) x19 0xffc27e3f
core   0: 0x80003e7c (0x5c20ec93) ori     s9, ra, 1474
core   0: 3 0x80003e7c (0x5c20ec93) x25 0x000005c2
core   0: 0x80003e80 (0x00000a18) c.addi4spn a4, sp, 272
core   0: 3 0x80003e80 (0x0a18) x14 0x00000240
core   0: 0x80003e82 (0x00008041) c.srli  s0, 16
core   0: 3 0x80003e82 (0x8041) x 8 0x0000ffc2
core   0: 0x80003e84 (0x00000001) c.nop
core   0: 3 0x80003e84 (0x0001)
core   0: 0x80003e86 (0x0171ef93) ori     t6, gp, 23
core   0: 3 0x80003e86 (0x0171ef93) x31 0x00000017
core   0: 0x80003e8a (0x0324a8b3) mulhsu  a7, s1, s2
core   0: 3 0x80003e8a (0x0324a8b3) x17 0x00000000
core   0: 0x80003e8e (0x00008cbd) c.xor   s1, a5
core   0: 3 0x80003e8e (0x8cbd) x 9 0xd31c0017
core   0: 0x80003e90 (0x03a7b7b3) mulhu   a5, a5, s10
core   0: 3 0x80003e90 (0x03a7b7b3) x15 0xd2e6ebcb
core   0: 0x80003e94 (0x00009b7d) c.andi  a4, -1
core   0: 3 0x80003e94 (0x9b7d) x14 0x00000240
core   0: 0x80003e96 (0x00000321) c.addi  t1, 8
core   0: 3 0x80003e96 (0x0321) x 6 0xfffff987
core   0: 0x80003e98 (0x009d24b3) slt     s1, s10, s1
core   0: 3 0x80003e98 (0x009d24b3) x 9 0x00000000
core   0: 0x80003e9c (0x02c50cb3) mul     s9, a0, a2
core   0: 3 0x80003e9c (0x02c50cb3) x25 0x00000000
core   0: 0x80003ea0 (0x2dad6e13) ori     t3, s10, 730
core   0: 3 0x80003ea0 (0x2dad6e13) x28 0xffbfa2fb
core   0: 0x80003ea4 (0x00000584) c.addi4spn s1, sp, 704
core   0: 3 0x80003ea4 (0x0584) x 9 0x000003f0
core   0: 0x80003ea6 (0x02c514b3) mulh    s1, a0, a2
core   0: 3 0x80003ea6 (0x02c514b3) x 9 0x00000000
core   0: 0x80003eaa (0x40bd00b3) sub     ra, s10, a1
core   0: 3 0x80003eaa (0x40bd00b3) x 1 0x7fbeb3fd
core   0: 0x80003eae (0x00008c51) c.or    s0, a2
core   0: 3 0x80003eae (0x8c51) x 8 0x0000ffc2
core   0: 0x80003eb0 (0x297af713) andi    a4, s5, 663
core   0: 3 0x80003eb0 (0x297af713) x14 0x00000001
core   0: 0x80003eb4 (0x00004191) c.li    gp, 4
core   0: 3 0x80003eb4 (0x4191) x 3 0x00000004
core   0: 0x80003eb6 (0x00759213) slli    tp, a1, 7
core   0: 3 0x80003eb6 (0x00759213) x 4 0x00773200
core   0: 0x80003eba (0x017a6ab3) or      s5, s4, s7
core   0: 3 0x80003eba (0x017a6ab3) x21 0xfffffcbd
core   0: 0x80003ebe (0x037a2033) mulhsu  zero, s4, s7
core   0: 3 0x80003ebe (0x037a2033)
core   0: 0x80003ec2 (0x98900f13) li      t5, -1655
core   0: 3 0x80003ec2 (0x98900f13) x30 0xfffff989
core   0: 0x80003ec6 (0x40b68b33) sub     s6, a3, a1
core   0: 3 0x80003ec6 (0x40b68b33) x22 0x7fff119d
core   0: 0x80003eca (0x000082d9) c.srli  a3, 22
core   0: 3 0x80003eca (0x82d9) x13 0x00000000
core   0: 0x80003ecc (0x00e3c7b3) xor     a5, t2, a4
core   0: 3 0x80003ecc (0x00e3c7b3) x15 0xffc27e3e
core   0: 0x80003ed0 (0xe1ad4e97) auipc   t4, 0xe1ad4
core   0: 3 0x80003ed0 (0xe1ad4e97) x29 0x61ad7ed0
core   0: 0x80003ed4 (0x00006145) c.addi16sp sp, 48
core   0: 3 0x80003ed4 (0x6145) x 2 0x00000160
core   0: 0x80003ed6 (0xa5e30e93) addi    t4, t1, -1442
core   0: 3 0x80003ed6 (0xa5e30e93) x29 0xfffff3e5
core   0: 0x80003eda (0x01e3e933) or      s2, t2, t5
core   0: 3 0x80003eda (0x01e3e933) x18 0xffffffbf
core   0: 0x80003ede (0x00001f7d) c.addi  t5, -1
core   0: 3 0x80003ede (0x1f7d) x30 0xfffff988
core   0: 0x80003ee0 (0x00d9b3b3) sltu    t2, s3, a3
core   0: 3 0x80003ee0 (0x00d9b3b3) x 7 0x00000000
core   0: 0x80003ee4 (0x0000117d) c.addi  sp, -1
core   0: 3 0x80003ee4 (0x117d) x 2 0x0000015f
core   0: 0x80003ee6 (0x00006171) c.addi16sp sp, 336
core   0: 3 0x80003ee6 (0x6171) x 2 0x000002af
core   0: 0x80003ee8 (0x01e21833) sll     a6, tp, t5
core   0: 3 0x80003ee8 (0x01e21833) x16 0x77320000
core   0: 0x80003eec (0x03c9d433) divu    s0, s3, t3
core   0: 3 0x80003eec (0x03c9d433) x 8 0x00000001
core   0: 0x80003ef0 (0x00000001) c.nop
core   0: 3 0x80003ef0 (0x0001)
core   0: 0x80003ef2 (0x02baf433) remu    s0, s5, a1
core   0: 3 0x80003ef2 (0x02baf433) x 8 0x7fff0e59
core   0: 0x80003ef6 (0x01862333) slt     t1, a2, s8
core   0: 3 0x80003ef6 (0x01862333) x 6 0x00000000
core   0: 0x80003efa (0x0366ceb3) div     t4, a3, s6
core   0: 3 0x80003efa (0x0366ceb3) x29 0x00000000
core   0: 0x80003efe (0x00008e3d) c.xor   a2, a5
core   0: 3 0x80003efe (0x8e3d) x12 0xffc27e3e
core   0: 0x80003f00 (0x03da9cb3) mulh    s9, s5, t4
core   0: 3 0x80003f00 (0x03da9cb3) x25 0x00000000
core   0: 0x80003f04 (0x029502b3) mul     t0, a0, s1
core   0: 3 0x80003f04 (0x029502b3) x 5 0x00000000
core   0: 0x80003f08 (0x028a3333) mulhu   t1, s4, s0
core   0: 3 0x80003f08 (0x028a3333) x 6 0x00000000
core   0: 0x80003f0c (0x03142833) mulhsu  a6, s0, a7
core   0: 3 0x80003f0c (0x03142833) x16 0x00000000
core   0: 0x80003f10 (0x00000db1) c.addi  s11, 12
core   0: 3 0x80003f10 (0x0db1) x27 0x0000000c
core   0: 0x80003f12 (0x02d1e9b3) rem     s3, gp, a3
core   0: 3 0x80003f12 (0x02d1e9b3) x19 0x00000004
core   0: 0x80003f16 (0x011b1e13) slli    t3, s6, 17
core   0: 3 0x80003f16 (0x011b1e13) x28 0x233a0000
core   0: 0x80003f1a (0x20774d93) xori    s11, a4, 519
core   0: 3 0x80003f1a (0x20774d93) x27 0x00000206
core   0: 0x80003f1e (0x00df17b3) sll     a5, t5, a3
core   0: 3 0x80003f1e (0x00df17b3) x15 0xfffff988
core   0: 0x80003f22 (0x02ea2733) mulhsu  a4, s4, a4
core   0: 3 0x80003f22 (0x02ea2733) x14 0x00000000
core   0: 0x80003f26 (0x0056e3b3) or      t2, a3, t0
core   0: 3 0x80003f26 (0x0056e3b3) x 7 0x00000000
core   0: 0x80003f2a (0x000067c5) c.lui   a5, 0x11
core   0: 3 0x80003f2a (0x67c5) x15 0x00011000
core   0: 0x80003f2c (0x00008c4d) c.or    s0, a1
core   0: 3 0x80003f2c (0x8c4d) x 8 0xffffee7d
core   0: 0x80003f2e (0x3d410193) addi    gp, sp, 980
core   0: 3 0x80003f2e (0x3d410193) x 3 0x00000683
core   0: 0x80003f32 (0x0000614d) c.addi16sp sp, 176
core   0: 3 0x80003f32 (0x614d) x 2 0x0000035f
core   0: 0x80003f34 (0x4138d6b3) sra     a3, a7, s3
core   0: 3 0x80003f34 (0x4138d6b3) x13 0x00000000
core   0: 0x80003f38 (0xeb1fe817) auipc   a6, 0xeb1fe
core   0: 3 0x80003f38 (0xeb1fe817) x16 0x6b201f38
core   0: 0x80003f3c (0x03a3afb3) mulhsu  t6, t2, s10
core   0: 3 0x80003f3c (0x03a3afb3) x31 0x00000000
core   0: 0x80003f40 (0xc1ea8493) addi    s1, s5, -994
core   0: 3 0x80003f40 (0xc1ea8493) x 9 0xfffff8db
core   0: 0x80003f44 (0x02494033) div     zero, s2, tp
core   0: 3 0x80003f44 (0x02494033)
core   0: 0x80003f48 (0x0000478d) c.li    a5, 3
core   0: 3 0x80003f48 (0x478d) x15 0x00000003
core   0: 0x80003f4a (0x00000ff1) c.addi  t6, 28
core   0: 3 0x80003f4a (0x0ff1) x31 0x0000001c
core   0: 0x80003f4c (0x000009e6) c.slli  s3, 25
core   0: 3 0x80003f4c (0x09e6) x19 0x08000000
core   0: 0x80003f4e (0xd8526293) ori     t0, tp, -635
core   0: 3 0x80003f4e (0xd8526293) x 5 0xffffff85
core   0: 0x80003f52 (0x0261a8b3) mulhsu  a7, gp, t1
core   0: 3 0x80003f52 (0x0261a8b3) x17 0x00000000
core   0: 0x80003f56 (0x01346f33) or      t5, s0, s3
core   0: 3 0x80003f56 (0x01346f33) x30 0xffffee7d
core   0: 0x80003f5a (0x01b37db3) and     s11, t1, s11
core   0: 3 0x80003f5a (0x01b37db3) x27 0x00000000
core   0: 0x80003f5e (0x0000968e) c.add   a3, gp
core   0: 3 0x80003f5e (0x968e) x13 0x00000683
core   0: 0x80003f60 (0x412ad313) srai    t1, s5, 18
core   0: 3 0x80003f60 (0x412ad313) x 6 0xffffffff
core   0: 0x80003f64 (0xb74741b7) lui     gp, 0xb7474
core   0: 3 0x80003f64 (0xb74741b7) x 3 0xb7474000
core   0: 0x80003f68 (0x403dd993) srai    s3, s11, 3
core   0: 3 0x80003f68 (0x403dd993) x19 0x00000000
core   0: 0x80003f6c (0xa2e53693) sltiu   a3, a0, -1490
core   0: 3 0x80003f6c (0xa2e53693) x13 0x00000001
core   0: 0x80003f70 (0x00006799) c.lui   a5, 0x6
core   0: 3 0x80003f70 (0x6799) x15 0x00006000
core   0: 0x80003f72 (0x03008433) mul     s0, ra, a6
core   0: 3 0x80003f72 (0x03008433) x 8 0x48230258
core   0: 0x80003f76 (0x02e352b3) divu    t0, t1, a4
core   0: 3 0x80003f76 (0x02e352b3) x 5 0xffffffff
core   0: 0x80003f7a (0x037b22b3) mulhsu  t0, s6, s7
core   0: 3 0x80003f7a (0x037b22b3) x 5 0x7fff0ffb
core   0: 0x80003f7e (0x00006119) c.addi16sp sp, 384
core   0: 3 0x80003f7e (0x6119) x 2 0x000004df
core   0: 0x80003f80 (0x00a6f133) and     sp, a3, a0
core   0: 3 0x80003f80 (0x00a6f133) x 2 0x00000000
core   0: 0x80003f84 (0x019d8933) add     s2, s11, s9
core   0: 3 0x80003f84 (0x019d8933) x18 0x00000000
core   0: 0x80003f88 (0x021c9133) mulh    sp, s9, ra
core   0: 3 0x80003f88 (0x021c9133) x 2 0x00000000
core   0: 0x80003f8c (0x4091d313) srai    t1, gp, 9
core   0: 3 0x80003f8c (0x4091d313) x 6 0xffdba3a0
core   0: 0x80003f90 (0x00008fbd) c.xor   a5, a5
core   0: 3 0x80003f90 (0x8fbd) x15 0x00000000
core   0: 0x80003f92 (0x00e6d9b3) srl     s3, a3, a4
core   0: 3 0x80003f92 (0x00e6d9b3) x19 0x00000001
core   0: 0x80003f96 (0x41be8eb3) sub     t4, t4, s11
core   0: 3 0x80003f96 (0x41be8eb3) x29 0x00000000
core   0: 0x80003f9a (0x416f5033) sra     zero, t5, s6
core   0: 3 0x80003f9a (0x416f5033)
core   0: 0x80003f9e (0x0000071c) c.addi4spn a5, sp, 896
core   0: 3 0x80003f9e (0x071c) x15 0x00000380
core   0: 0x80003fa0 (0x00006115) c.addi16sp sp, 288
core   0: 3 0x80003fa0 (0x6115) x 2 0x00000120
core   0: 0x80003fa2 (0x41948fb3) sub     t6, s1, s9
core   0: 3 0x80003fa2 (0x41948fb3) x31 0xfffff8db
core   0: 0x80003fa6 (0x69ad8393) addi    t2, s11, 1690
core   0: 3 0x80003fa6 (0x69ad8393) x 7 0x0000069a
core   0: 0x80003faa (0x62c76693) ori     a3, a4, 1580
core   0: 3 0x80003faa (0x62c76693) x13 0x0000062c
core   0: 0x80003fae (0x41e0df93) srai    t6, ra, 30
core   0: 3 0x80003fae (0x41e0df93) x31 0x00000001
core   0: 0x80003fb2 (0x414758b3) sra     a7, a4, s4
core   0: 3 0x80003fb2 (0x414758b3) x17 0x00000000
core   0: 0x80003fb6 (0x00008eaa) c.mv    t4, a0
core   0: 3 0x80003fb6 (0x8eaa) x29 0x80012ce4
core   0: 0x80003fb8 (0x0000861a) c.mv    a2, t1
core   0: 3 0x80003fb8 (0x861a) x12 0xffdba3a0
core   0: 0x80003fba (0x00008fa5) c.xor   a5, s1
core   0: 3 0x80003fba (0x8fa5) x15 0xfffffb5b
core   0: 0x80003fbc (0x9283c113) xori    sp, t2, -1752
core   0: 3 0x80003fbc (0x9283c113) x 2 0xffffffb2
core   0: 0x80003fc0 (0x0352c9b3) div     s3, t0, s5
core   0: 3 0x80003fc0 (0x0352c9b3) x19 0xffd8c20d
core   0: 0x80003fc4 (0x010823b3) slt     t2, a6, a6
core   0: 3 0x80003fc4 (0x010823b3) x 7 0x00000000
core   0: 0x80003fc8 (0x00008ead) c.xor   a3, a1
core   0: 3 0x80003fc8 (0x8ead) x13 0x8000e848
core   0: 0x80003fca (0x000086bd) c.srai  a3, 15
core   0: 3 0x80003fca (0x86bd) x13 0xffff0001
core   0: 0x80003fcc (0x01669b33) sll     s6, a3, s6
core   0: 3 0x80003fcc (0x01669b33) x22 0x20000000
core   0: 0x80003fd0 (0x00008f6d) c.and   a4, a1
core   0: 3 0x80003fd0 (0x8f6d) x14 0x00000000
core   0: 0x80003fd2 (0x01bf37b3) sltu    a5, t5, s11
core   0: 3 0x80003fd2 (0x01bf37b3) x15 0x00000000
core   0: 0x80003fd6 (0x014c1db3) sll     s11, s8, s4
core   0: 3 0x80003fd6 (0x014c1db3) x27 0xffc27e3f
core   0: 0x80003fda (0x8fd74737) lui     a4, 0x8fd74
core   0: 3 0x80003fda (0x8fd74737) x14 0x8fd74000
core   0: 0x80003fde (0x40170713) addi    a4, a4, 1025
core   0: 3 0x80003fde (0x40170713) x14 0x8fd74401
core   0: 0x80003fe2 (0x3cf5aeb7) lui     t4, 0x3cf5a
core   0: 3 0x80003fe2 (0x3cf5aeb7) x29 0x3cf5a000
core   0: 0x80003fe6 (0x51ae8e93) addi    t4, t4, 1306
core   0: 3 0x80003fe6 (0x51ae8e93) x29 0x3cf5a51a
core   0: 0x80003fea (0xfff00893) li      a7, -1
core   0: 3 0x80003fea (0xfff00893) x17 0xffffffff
core   0: 0x80003fee (0xfff00393) li      t2, -1
core   0: 3 0x80003fee (0xfff00393) x 7 0xffffffff
core   0: 0x80003ff2 (0x80000837) lui     a6, 0x80000
core   0: 3 0x80003ff2 (0x80000837) x16 0x80000000
core   0: 0x80003ff6 (0x00004d81) c.li    s11, 0
core   0: 3 0x80003ff6 (0x4d81) x27 0x00000000
core   0: 0x80003ff8 (0xfff00493) li      s1, -1
core   0: 3 0x80003ff8 (0xfff00493) x 9 0xffffffff
core   0: 0x80003ffc (0xfff00f13) li      t5, -1
core   0: 3 0x80003ffc (0xfff00f13) x30 0xffffffff
core   0: 0x80004000 (0x80000d37) lui     s10, 0x80000
core   0: 3 0x80004000 (0x80000d37) x26 0x80000000
core   0: 0x80004004 (0x00004e01) c.li    t3, 0
core   0: 3 0x80004004 (0x4e01) x28 0x00000000
core   0: 0x80004006 (0xdfac8eb7) lui     t4, 0xdfac8
core   0: 3 0x80004006 (0xdfac8eb7) x29 0xdfac8000
core   0: 0x8000400a (0x66971737) lui     a4, 0x66971
core   0: 3 0x8000400a (0x66971737) x14 0x66971000
core   0: 0x8000400e (0x02ed28b3) mulhsu  a7, s10, a4
core   0: 3 0x8000400e (0x02ed28b3) x17 0xccb47800
core   0: 0x80004012 (0x0308f3b3) remu    t2, a7, a6
core   0: 3 0x80004012 (0x0308f3b3) x 7 0x4cb47800
core   0: 0x80004016 (0x01188e33) add     t3, a7, a7
core   0: 3 0x80004016 (0x01188e33) x28 0x9968f000
core   0: 0x8000401a (0x03af4db3) div     s11, t5, s10
core   0: 3 0x8000401a (0x03af4db3) x27 0x00000000
core   0: 0x8000401e (0x03e4f833) remu    a6, s1, t5
core   0: 3 0x8000401e (0x03e4f833) x16 0x00000000
core   0: 0x80004022 (0x3d980813) addi    a6, a6, 985
core   0: 3 0x80004022 (0x3d980813) x16 0x000003d9
core   0: 0x80004026 (0x1f032837) lui     a6, 0x1f032
core   0: 3 0x80004026 (0x1f032837) x16 0x1f032000
core   0: 0x8000402a (0x0293d3b3) divu    t2, t2, s1
core   0: 3 0x8000402a (0x0293d3b3) x 7 0x00000000
core   0: 0x8000402e (0x03086733) rem     a4, a6, a6
core   0: 3 0x8000402e (0x03086733) x14 0x00000000
core   0: 0x80004032 (0x88b77737) lui     a4, 0x88b77
core   0: 3 0x80004032 (0x88b77737) x14 0x88b77000
core   0: 0x80004036 (0x030d9e33) mulh    t3, s11, a6
core   0: 3 0x80004036 (0x030d9e33) x28 0x00000000
core   0: 0x8000403a (0x0308b4b3) mulhu   s1, a7, a6
core   0: 3 0x8000403a (0x0308b4b3) x 9 0x18cc5a3b
core   0: 0x8000403e (0x7d972837) lui     a6, 0x7d972
core   0: 3 0x8000403e (0x7d972837) x16 0x7d972000
core   0: 0x80004042 (0x03b768b3) rem     a7, a4, s11
core   0: 3 0x80004042 (0x03b768b3) x17 0x88b77000
core   0: 0x80004046 (0x03b84e33) div     t3, a6, s11
core   0: 3 0x80004046 (0x03b84e33) x28 0xffffffff
core   0: 0x8000404a (0x41ad8833) sub     a6, s11, s10
core   0: 3 0x8000404a (0x41ad8833) x16 0x80000000
core   0: 0x8000404e (0x0298a8b3) mulhsu  a7, a7, s1
core   0: 3 0x8000404e (0x0298a8b3) x17 0xf471faa2
core   0: 0x80004052 (0x01c0e733) or      a4, ra, t3
core   0: 3 0x80004052 (0x01c0e733) x14 0xffffffff
core   0: 0x80004056 (0x000083a1) c.srli  a5, 8
core   0: 3 0x80004056 (0x83a1) x15 0x00000000
core   0: 0x80004058 (0x00008f19) c.sub   a4, a4
core   0: 3 0x80004058 (0x8f19) x14 0x00000000
core   0: 0x8000405a (0x41aa0cb3) sub     s9, s4, s10
core   0: 3 0x8000405a (0x41aa0cb3) x25 0x80000000
core   0: 0x8000405e (0x02c10f33) mul     t5, sp, a2
core   0: 3 0x8000405e (0x02c10f33) x30 0x0b142540
core   0: 0x80004062 (0x008b81b3) add     gp, s7, s0
core   0: 3 0x80004062 (0x008b81b3) x 3 0x4822ff15
core   0: 0x80004066 (0x000313b3) sll     t2, t1, zero
core   0: 3 0x80004066 (0x000313b3) x 7 0xffdba3a0
core   0: 0x8000406a (0x00001a98) c.addi4spn a4, sp, 368
core   0: 3 0x8000406a (0x1a98) x14 0x00000122
core   0: 0x8000406c (0x013560b3) or      ra, a0, s3
core   0: 3 0x8000406c (0x013560b3) x 1 0xffd9eeed
core   0: 0x80004070 (0x00008835) c.andi  s0, 13
core   0: 3 0x80004070 (0x8835) x 8 0x00000008
core   0: 0x80004072 (0xbc6d6293) ori     t0, s10, -1082
core   0: 3 0x80004072 (0xbc6d6293) x 5 0xfffffbc6
core   0: 0x80004076 (0x01ba4033) xor     zero, s4, s11
core   0: 3 0x80004076 (0x01ba4033)
core   0: 0x8000407a (0x2bd11437) lui     s0, 0x2bd11
core   0: 3 0x8000407a (0x2bd11437) x 8 0x2bd11000
core   0: 0x8000407e (0x00009dda) c.add   s11, s6
core   0: 3 0x8000407e (0x9dda) x27 0x20000000
core   0: 0x80004080 (0x00000d7e) c.slli  s10, 31
core   0: 3 0x80004080 (0x0d7e) x26 0x00000000
core   0: 0x80004082 (0xd25e3797) auipc   a5, 0xd25e3
core   0: 3 0x80004082 (0xd25e3797) x15 0x525e7082
core   0: 0x80004086 (0x001a5cb3) srl     s9, s4, ra
core   0: 3 0x80004086 (0x001a5cb3) x25 0x00000000
core   0: 0x8000408a (0x00008ea5) c.xor   a3, s1
core   0: 3 0x8000408a (0x8ea5) x13 0xe7335a3a
core   0: 0x8000408c (0x008cd193) srli    gp, s9, 8
core   0: 3 0x8000408c (0x008cd193) x 3 0x00000000
core   0: 0x80004090 (0x0000717d) c.addi16sp sp, -16
core   0: 3 0x80004090 (0x717d) x 2 0xffffffa2
core   0: 0x80004092 (0xa52391b7) lui     gp, 0xa5239
core   0: 3 0x80004092 (0xa52391b7) x 3 0xa5239000
core   0: 0x80004096 (0x00888cb3) add     s9, a7, s0
core   0: 3 0x80004096 (0x00888cb3) x25 0x20430aa2
core   0: 0x8000409a (0x02caf3b3) remu    t2, s5, a2
core   0: 3 0x8000409a (0x02caf3b3) x 7 0x0024591d
core   0: 0x8000409e (0x012d3d33) sltu    s10, s10, s2
core   0: 3 0x8000409e (0x012d3d33) x26 0x00000000
core   0: 0x800040a2 (0x00008fa1) c.xor   a5, s0
core   0: 3 0x800040a2 (0x8fa1) x15 0x798f6082
core   0: 0x800040a4 (0x411b50b3) sra     ra, s6, a7
core   0: 3 0x800040a4 (0x411b50b3) x 1 0x08000000
core   0: 0x800040a8 (0x00000104) c.addi4spn s1, sp, 128
core   0: 3 0x800040a8 (0x0104) x 9 0x00000022
core   0: 0x800040aa (0x00008d7a) c.mv    s10, t5
core   0: 3 0x800040aa (0x8d7a) x26 0x0b142540
core   0: 0x800040ac (0x03bd8433) mul     s0, s11, s11
core   0: 3 0x800040ac (0x03bd8433) x 8 0x00000000
core   0: 0x800040b0 (0x03f23933) mulhu   s2, tp, t6
core   0: 3 0x800040b0 (0x03f23933) x18 0x00000000
core   0: 0x800040b4 (0x00008f29) c.xor   a4, a0
core   0: 3 0x800040b4 (0x8f29) x14 0x80012dc6
core   0: 0x800040b6 (0x00009bfd) c.andi  a5, -1
core   0: 3 0x800040b6 (0x9bfd) x15 0x798f6082
core   0: 0x800040b8 (0x0000079d) c.addi  a5, 7
core   0: 3 0x800040b8 (0x079d) x15 0x798f6089
core   0: 0x800040ba (0x41c10cb3) sub     s9, sp, t3
core   0: 3 0x800040ba (0x41c10cb3) x25 0xffffffa3
core   0: 0x800040be (0x40850233) sub     tp, a0, s0
core   0: 3 0x800040be (0x40850233) x 4 0x80012ce4
core   0: 0x800040c2 (0x00006165) c.addi16sp sp, 112
core   0: 3 0x800040c2 (0x6165) x 2 0x00000012
core   0: 0x800040c4 (0x59b6a793) slti    a5, a3, 1435
core   0: 3 0x800040c4 (0x59b6a793) x15 0x00000001
core   0: 0x800040c8 (0x003e0eb3) add     t4, t3, gp
core   0: 3 0x800040c8 (0x003e0eb3) x29 0xa5238fff
core   0: 0x800040cc (0x00008cc9) c.or    s1, a0
core   0: 3 0x800040cc (0x8cc9) x 9 0x80012ce6
core   0: 0x800040ce (0x00c6df93) srli    t6, a3, 12
core   0: 3 0x800040ce (0x00c6df93) x31 0x000e7335
core   0: 0x800040d2 (0x01c92ab3) slt     s5, s2, t3
core   0: 3 0x800040d2 (0x01c92ab3) x21 0x00000000
core   0: 0x800040d6 (0x013d2bb3) slt     s7, s10, s3
core   0: 3 0x800040d6 (0x013d2bb3) x23 0x00000000
core   0: 0x800040da (0x4144ddb3) sra     s11, s1, s4
core   0: 3 0x800040da (0x4144ddb3) x27 0x80012ce6
core   0: 0x800040de (0x41e500b3) sub     ra, a0, t5
core   0: 3 0x800040de (0x41e500b3) x 1 0x74ed07a4
core   0: 0x800040e2 (0x000087a9) c.srai  a5, 10
core   0: 3 0x800040e2 (0x87a9) x15 0x00000000
core   0: 0x800040e4 (0x039d8033) mul     zero, s11, s9
core   0: 3 0x800040e4 (0x039d8033)
core   0: 0x800040e8 (0x03bb8db3) mul     s11, s7, s11
core   0: 3 0x800040e8 (0x03bb8db3) x27 0x00000000
core   0: 0x800040ec (0x00008011) c.srli  s0, 4
core   0: 3 0x800040ec (0x8011) x 8 0x00000000
core   0: 0x800040ee (0x41ea8293) addi    t0, s5, 1054
core   0: 3 0x800040ee (0x41ea8293) x 5 0x0000041e
core   0: 0x800040f2 (0x00000001) c.nop
core   0: 3 0x800040f2 (0x0001)
core   0: 0x800040f4 (0x030da4b3) mulhsu  s1, s11, a6
core   0: 3 0x800040f4 (0x030da4b3) x 9 0x00000000
core   0: 0x800040f8 (0x01e7b733) sltu    a4, a5, t5
core   0: 3 0x800040f8 (0x01e7b733) x14 0x00000001
core   0: 0x800040fc (0x800001b7) lui     gp, 0x80000
core   0: 3 0x800040fc (0x800001b7) x 3 0x80000000
core   0: 0x80004100 (0x144b38b7) lui     a7, 0x144b3
core   0: 3 0x80004100 (0x144b38b7) x17 0x144b3000
core   0: 0x80004104 (0xbe988893) addi    a7, a7, -1047
core   0: 3 0x80004104 (0xbe988893) x17 0x144b2be9
core   0: 0x80004108 (0x6020f737) lui     a4, 0x6020f
core   0: 3 0x80004108 (0x6020f737) x14 0x6020f000
core   0: 0x8000410c (0xed470713) addi    a4, a4, -300
core   0: 3 0x8000410c (0xed470713) x14 0x6020eed4
core   0: 0x80004110 (0xa7e03e37) lui     t3, 0xa7e03
core   0: 3 0x80004110 (0xa7e03e37) x28 0xa7e03000
core   0: 0x80004114 (0x1d4e0e13) addi    t3, t3, 468
core   0: 3 0x80004114 (0x1d4e0e13) x28 0xa7e031d4
core   0: 0x80004118 (0xfff00793) li      a5, -1
core   0: 3 0x80004118 (0xfff00793) x15 0xffffffff
core   0: 0x8000411c (0xfff00d13) li      s10, -1
core   0: 3 0x8000411c (0xfff00d13) x26 0xffffffff
core   0: 0x80004120 (0xfff00613) li      a2, -1
core   0: 3 0x80004120 (0xfff00613) x12 0xffffffff
core   0: 0x80004124 (0x00004681) c.li    a3, 0
core   0: 3 0x80004124 (0x4681) x13 0x00000000
core   0: 0x80004126 (0xfff00393) li      t2, -1
core   0: 3 0x80004126 (0xfff00393) x 7 0xffffffff
core   0: 0x8000412a (0x80000137) lui     sp, 0x80000
core   0: 3 0x8000412a (0x80000137) x 2 0x80000000
core   0: 0x8000412e (0xb2638137) lui     sp, 0xb2638
core   0: 3 0x8000412e (0xb2638137) x 2 0xb2638000
core   0: 0x80004132 (0x00000001) c.nop
core   0: 3 0x80004132 (0x0001)
core   0: 0x80004134 (0x9b325d37) lui     s10, 0x9b325
core   0: 3 0x80004134 (0x9b325d37) x26 0x9b325000
core   0: 0x80004138 (0xf1b15897) auipc   a7, 0xf1b15
core   0: 3 0x80004138 (0xf1b15897) x17 0x71b19138
core   0: 0x8000413c (0x0227ad33) mulhsu  s10, a5, sp
core   0: 3 0x8000413c (0x0227ad33) x26 0xffffffff
core   0: 0x80004140 (0x00000001) c.nop
core   0: 3 0x80004140 (0x0001)
core   0: 0x80004142 (0x00000001) c.nop
core   0: 3 0x80004142 (0x0001)
core   0: 0x80004144 (0x00f101b3) add     gp, sp, a5
core   0: 3 0x80004144 (0x00f101b3) x 3 0xb2637fff
core   0: 0x80004148 (0x027e38b3) mulhu   a7, t3, t2
core   0: 3 0x80004148 (0x027e38b3) x17 0xa7e031d3
core   0: 0x8000414c (0x00000001) c.nop
core   0: 3 0x8000414c (0x0001)
core   0: 0x8000414e (0x03a89e33) mulh    t3, a7, s10
core   0: 3 0x8000414e (0x03a89e33) x28 0x00000000
core   0: 0x80004152 (0x027106b3) mul     a3, sp, t2
core   0: 3 0x80004152 (0x027106b3) x13 0x4d9c8000
core   0: 0x80004156 (0x02c881b3) mul     gp, a7, a2
core   0: 3 0x80004156 (0x02c881b3) x 3 0x581fce2d
core   0: 0x8000415a (0x40ee03b3) sub     t2, t3, a4
core   0: 3 0x8000415a (0x40ee03b3) x 7 0x9fdf112c
core   0: 0x8000415e (0x023e58b3) divu    a7, t3, gp
core   0: 3 0x8000415e (0x023e58b3) x17 0x00000000
core   0: 0x80004162 (0xd3b68113) addi    sp, a3, -709
core   0: 3 0x80004162 (0xd3b68113) x 2 0x4d9c7d3b
core   0: 0x80004166 (0x03119133) mulh    sp, gp, a7
core   0: 3 0x80004166 (0x03119133) x 2 0x00000000
core   0: 0x8000416a (0x003041b3) xor     gp, zero, gp
core   0: 3 0x8000416a (0x003041b3) x 3 0x581fce2d
core   0: 0x8000416e (0x032c2033) mulhsu  zero, s8, s2
core   0: 3 0x8000416e (0x032c2033)
core   0: 0x80004172 (0x40335093) srai    ra, t1, 3
core   0: 3 0x80004172 (0x40335093) x 1 0xfffb7474
core   0: 0x80004176 (0x11160e93) addi    t4, a2, 273
core   0: 3 0x80004176 (0x11160e93) x29 0x00000110
core   0: 0x8000417a (0x028e64b3) rem     s1, t3, s0
core   0: 3 0x8000417a (0x028e64b3) x 9 0x00000000
core   0: 0x8000417e (0x00006109) c.addi16sp sp, 128
core   0: 3 0x8000417e (0x6109) x 2 0x00000080
core   0: 0x80004180 (0x00000001) c.nop
core   0: 3 0x80004180 (0x0001)
core   0: 0x80004182 (0x00000001) c.nop
core   0: 3 0x80004182 (0x0001)
core   0: 0x80004184 (0x00000795) c.addi  a5, 5
core   0: 3 0x80004184 (0x0795) x15 0x00000004
core   0: 0x80004186 (0x00008385) c.srli  a5, 1
core   0: 3 0x80004186 (0x8385) x15 0x00000002
core   0: 0x80004188 (0x030b8933) mul     s2, s7, a6
core   0: 3 0x80004188 (0x030b8933) x18 0x00000000
core   0: 0x8000418c (0x0000485d) c.li    a6, 23
core   0: 3 0x8000418c (0x485d) x16 0x00000017
core   0: 0x8000418e (0x00005ffd) c.li    t6, -1
core   0: 3 0x8000418e (0x5ffd) x31 0xffffffff
core   0: 0x80004190 (0x00006ef5) c.lui   t4, 0x1d
core   0: 3 0x80004190 (0x6ef5) x29 0x0001d000
core   0: 0x80004192 (0x00945313) srli    t1, s0, 9
core   0: 3 0x80004192 (0x00945313) x 6 0x00000000
core   0: 0x80004196 (0x00008a2e) c.mv    s4, a1
core   0: 3 0x80004196 (0x8a2e) x20 0x8000ee64
core   0: 0x80004198 (0x0140c8b3) xor     a7, ra, s4
core   0: 3 0x80004198 (0x0140c8b3) x17 0x7ffb9a10
core   0: 0x8000419c (0x00cf7233) and     tp, t5, a2
core   0: 3 0x8000419c (0x00cf7233) x 4 0x0b142540
core   0: 0x800041a0 (0x00009f9a) c.add   t6, t1
core   0: 3 0x800041a0 (0x9f9a) x31 0xffffffff
core   0: 0x800041a2 (0x01362db3) slt     s11, a2, s3
core   0: 3 0x800041a2 (0x01362db3) x27 0x00000000
core   0: 0x800041a6 (0xdf25b893) sltiu   a7, a1, -526
core   0: 3 0x800041a6 (0xdf25b893) x17 0x00000001
core   0: 0x800041aa (0x8cb8e093) ori     ra, a7, -1845
core   0: 3 0x800041aa (0x8cb8e093) x 1 0xfffff8cb
core   0: 0x800041ae (0x00000fd5) c.addi  t6, 21
core   0: 3 0x800041ae (0x0fd5) x31 0x00000014
core   0: 0x800041b0 (0x00001214) c.addi4spn a3, sp, 288
core   0: 3 0x800041b0 (0x1214) x13 0x000001a0
core   0: 0x800041b2 (0x01e667b3) or      a5, a2, t5
core   0: 3 0x800041b2 (0x01e667b3) x15 0xffffffff
core   0: 0x800041b6 (0xfcc83317) auipc   t1, 0xfcc83
core   0: 3 0x800041b6 (0xfcc83317) x 6 0x7cc871b6
core   0: 0x800041ba (0x00008fc1) c.or    a5, s0
core   0: 3 0x800041ba (0x8fc1) x15 0xffffffff
core   0: 0x800041bc (0x00008cc9) c.or    s1, a0
core   0: 3 0x800041bc (0x8cc9) x 9 0x80012ce4
core   0: 0x800041be (0xe0a12ab7) lui     s5, 0xe0a12
core   0: 3 0x800041be (0xe0a12ab7) x21 0xe0a12000
core   0: 0x800041c2 (0x038a69b3) rem     s3, s4, s8
core   0: 3 0x800041c2 (0x038a69b3) x19 0xffd29378
core   0: 0x800041c6 (0x0000717d) c.addi16sp sp, -16
core   0: 3 0x800041c6 (0x717d) x 2 0x00000070
core   0: 0x800041c8 (0x02c8f1b3) remu    gp, a7, a2
core   0: 3 0x800041c8 (0x02c8f1b3) x 3 0x00000001
core   0: 0x800041cc (0x00000236) c.slli  tp, 13
core   0: 3 0x800041cc (0x0236) x 4 0x84a80000
core   0: 0x800041ce (0x02ad77b3) remu    a5, s10, a0
core   0: 3 0x800041ce (0x02ad77b3) x15 0x7ffed31b
core   0: 0x800041d2 (0x01f9be33) sltu    t3, s3, t6
core   0: 3 0x800041d2 (0x01f9be33) x28 0x00000000
core   0: 0x800041d6 (0x03f292b3) mulh    t0, t0, t6
core   0: 3 0x800041d6 (0x03f292b3) x 5 0x00000000
core   0: 0x800041da (0x00008f19) c.sub   a4, a4
core   0: 3 0x800041da (0x8f19) x14 0x00000000
core   0: 0x800041dc (0x0366bb33) mulhu   s6, a3, s6
core   0: 3 0x800041dc (0x0366bb33) x22 0x00000034
core   0: 0x800041e0 (0x00009e46) c.add   t3, a7
core   0: 3 0x800041e0 (0x9e46) x28 0x00000001
core   0: 0x800041e2 (0x00008cad) c.xor   s1, a1
core   0: 3 0x800041e2 (0x8cad) x 9 0x0001c280
core   0: 0x800041e4 (0x000082e1) c.srli  a3, 24
core   0: 3 0x800041e4 (0x82e1) x13 0x00000000
core   0: 0x800041e6 (0x0000617d) c.addi16sp sp, 496
core   0: 3 0x800041e6 (0x617d) x 2 0x00000260
core   0: 0x800041e8 (0x41c1d893) srai    a7, gp, 28
core   0: 3 0x800041e8 (0x41c1d893) x17 0x00000000
core   0: 0x800041ec (0x6ea50ab7) lui     s5, 0x6ea50
core   0: 3 0x800041ec (0x6ea50ab7) x21 0x6ea50000
core   0: 0x800041f0 (0xa08d4413) xori    s0, s10, -1528
core   0: 3 0x800041f0 (0xa08d4413) x 8 0x000005f7
core   0: 0x800041f4 (0x00000e2a) c.slli  t3, 10
core   0: 3 0x800041f4 (0x0e2a) x28 0x00000400
core   0: 0x800041f6 (0x00000001) c.nop
core   0: 3 0x800041f6 (0x0001)
core   0: 0x800041f8 (0x00d461b3) or      gp, s0, a3
core   0: 3 0x800041f8 (0x00d461b3) x 3 0x000005f7
core   0: 0x800041fc (0x00000001) c.nop
core   0: 3 0x800041fc (0x0001)
core   0: 0x800041fe (0x02096d33) rem     s10, s2, zero
core   0: 3 0x800041fe (0x02096d33) x26 0x00000000
core   0: 0x80004202 (0x000088e9) c.andi  s1, 26
core   0: 3 0x80004202 (0x88e9) x 9 0x00000000
core   0: 0x80004204 (0x036bfa33) remu    s4, s7, s6
core   0: 3 0x80004204 (0x036bfa33) x20 0x00000000
core   0: 0x80004208 (0x00008c85) c.sub   s1, s1
core   0: 3 0x80004208 (0x8c85) x 9 0x00000000
core   0: 0x8000420a (0x00000001) c.nop
core   0: 3 0x8000420a (0x0001)
core   0: 0x8000420c (0x00008f71) c.and   a4, a2
core   0: 3 0x8000420c (0x8f71) x14 0x00000000
core   0: 0x8000420e (0x00006935) c.lui   s2, 0xd
core   0: 3 0x8000420e (0x6935) x18 0x0000d000
core   0: 0x80004210 (0x00008af9) c.andi  a3, 30
core   0: 3 0x80004210 (0x8af9) x13 0x00000000
core   0: 0x80004212 (0x00039433) sll     s0, t2, zero
core   0: 3 0x80004212 (0x00039433) x 8 0x9fdf112c
core   0: 0x80004216 (0xa0fbf093) andi    ra, s7, -1521
core   0: 3 0x80004216 (0xa0fbf093) x 1 0x00000000
core   0: 0x8000421a (0x407e5413) srai    s0, t3, 7
core   0: 3 0x8000421a (0x407e5413) x 8 0x00000008
core   0: 0x8000421e (0x00008f81) c.sub   a5, s0
core   0: 3 0x8000421e (0x8f81) x15 0x7ffed313
core   0: 0x80004220 (0x0000971e) c.add   a4, t2
core   0: 3 0x80004220 (0x971e) x14 0x9fdf112c
core   0: 0x80004222 (0x00000001) c.nop
core   0: 3 0x80004222 (0x0001)
core   0: 0x80004224 (0x00b45633) srl     a2, s0, a1
core   0: 3 0x80004224 (0x00b45633) x12 0x00000000
core   0: 0x80004228 (0x6377e393) ori     t2, a5, 1591
core   0: 3 0x80004228 (0x6377e393) x 7 0x7ffed737
core   0: 0x8000422c (0x0000909a) c.add   ra, t1
core   0: 3 0x8000422c (0x909a) x 1 0x7cc871b6
core   0: 0x8000422e (0x7e617c97) auipc   s9, 0x7e617
core   0: 3 0x8000422e (0x7e617c97) x25 0xfe61b22e
core   0: 0x80004232 (0x034f9cb3) mulh    s9, t6, s4
core   0: 3 0x80004232 (0x034f9cb3) x25 0x00000000
core   0: 0x80004236 (0x403681b3) sub     gp, a3, gp
core   0: 3 0x80004236 (0x403681b3) x 3 0xfffffa09
core   0: 0x8000423a (0x00000584) c.addi4spn s1, sp, 704
core   0: 3 0x8000423a (0x0584) x 9 0x00000520
core   0: 0x8000423c (0x0000612d) c.addi16sp sp, 224
core   0: 3 0x8000423c (0x612d) x 2 0x00000340
core   0: 0x8000423e (0x00000001) c.nop
core   0: 3 0x8000423e (0x0001)
core   0: 0x80004240 (0x00006fe1) c.lui   t6, 0x18
core   0: 3 0x80004240 (0x6fe1) x31 0x00018000
core   0: 0x80004242 (0xeb5fcb97) auipc   s7, 0xeb5fc
core   0: 3 0x80004242 (0xeb5fcb97) x23 0x6b600242
core   0: 0x80004246 (0x000066a1) c.lui   a3, 0x8
core   0: 3 0x80004246 (0x66a1) x13 0x00008000
core   0: 0x80004248 (0x0336c933) div     s2, a3, s3
core   0: 3 0x80004248 (0x0336c933) x18 0x00000000
core   0: 0x8000424c (0x00008f65) c.and   a4, s1
core   0: 3 0x8000424c (0x8f65) x14 0x00000120
core   0: 0x8000424e (0x03f8c333) div     t1, a7, t6
core   0: 3 0x8000424e (0x03f8c333) x 6 0x00000000
core   0: 0x80004252 (0x02200ab3) mul     s5, zero, sp
core   0: 3 0x80004252 (0x02200ab3) x21 0x00000000
core   0: 0x80004256 (0x41070cb3) sub     s9, a4, a6
core   0: 3 0x80004256 (0x41070cb3) x25 0x00000109
core   0: 0x8000425a (0x000098fd) c.andi  s1, -1
core   0: 3 0x8000425a (0x98fd) x 9 0x00000520
core   0: 0x8000425c (0x408887b3) sub     a5, a7, s0
core   0: 3 0x8000425c (0x408887b3) x15 0xfffffff8
core   0: 0x80004260 (0x03768133) mul     sp, a3, s7
core   0: 3 0x80004260 (0x03768133) x 2 0x01210000
core   0: 0x80004264 (0x003831b3) sltu    gp, a6, gp
core   0: 3 0x80004264 (0x003831b3) x 3 0x00000001
core   0: 0x80004268 (0x00000b21) c.addi  s6, 8
core   0: 3 0x80004268 (0x0b21) x22 0x0000003c
core   0: 0x8000426a (0x00917133) and     sp, sp, s1
core   0: 3 0x8000426a (0x00917133) x 2 0x00000000
core   0: 0x8000426e (0x629b2c93) slti    s9, s6, 1577
core   0: 3 0x8000426e (0x629b2c93) x25 0x00000001
core   0: 0x80004272 (0x006fd113) srli    sp, t6, 6
core   0: 3 0x80004272 (0x006fd113) x 2 0x00000600
core   0: 0x80004276 (0x00008879) c.andi  s0, 30
core   0: 3 0x80004276 (0x8879) x 8 0x00000008
core   0: 0x80004278 (0x00008aaa) c.mv    s5, a0
core   0: 3 0x80004278 (0x8aaa) x21 0x80012ce4
core   0: 0x8000427a (0x324df293) andi    t0, s11, 804
core   0: 3 0x8000427a (0x324df293) x 5 0x00000000
core   0: 0x8000427e (0x00008c45) c.or    s0, s1
core   0: 3 0x8000427e (0x8c45) x 8 0x00000528
core   0: 0x80004280 (0xbca71717) auipc   a4, 0xbca71
core   0: 3 0x80004280 (0xbca71717) x14 0x3ca75280
core   0: 0x80004284 (0x016956b3) srl     a3, s2, s6
core   0: 3 0x80004284 (0x016956b3) x13 0x00000000
core   0: 0x80004288 (0x000018fd) c.addi  a7, -1
core   0: 3 0x80004288 (0x18fd) x17 0xffffffff
core   0: 0x8000428a (0x3107f193) andi    gp, a5, 784
core   0: 3 0x8000428a (0x3107f193) x 3 0x00000310
core   0: 0x8000428e (0x7370b993) sltiu   s3, ra, 1847
core   0: 3 0x8000428e (0x7370b993) x19 0x00000000
core   0: 0x80004292 (0x00000a00) c.addi4spn s0, sp, 272
core   0: 3 0x80004292 (0x0a00) x 8 0x00000710
core   0: 0x80004294 (0xc31939b7) lui     s3, 0xc3193
core   0: 3 0x80004294 (0xc31939b7) x19 0xc3193000
core   0: 0x80004298 (0x036262b3) rem     t0, tp, s6
core   0: 3 0x80004298 (0x036262b3) x 5 0xfffffff0
core   0: 0x8000429c (0x000c9933) sll     s2, s9, zero
core   0: 3 0x8000429c (0x000c9933) x18 0x00000001
core   0: 0x800042a0 (0x00006145) c.addi16sp sp, 48
core   0: 3 0x800042a0 (0x6145) x 2 0x00000630
core   0: 0x800042a2 (0x00008ee9) c.and   a3, a0
core   0: 3 0x800042a2 (0x8ee9) x13 0x00000000
core   0: 0x800042a4 (0xbf9aa237) lui     tp, 0xbf9aa
core   0: 3 0x800042a4 (0xbf9aa237) x 4 0xbf9aa000
core   0: 0x800042a8 (0x406b5633) sra     a2, s6, t1
core   0: 3 0x800042a8 (0x406b5633) x12 0x0000003c
core   0: 0x800042ac (0x0000815a) c.mv    sp, s6
core   0: 3 0x800042ac (0x815a) x 2 0x0000003c
core   0: 0x800042ae (0x00008e95) c.sub   a3, a3
core   0: 3 0x800042ae (0x8e95) x13 0x00000000
core   0: 0x800042b0 (0x00001efd) c.addi  t4, -1
core   0: 3 0x800042b0 (0x1efd) x29 0x0001cfff
core   0: 0x800042b2 (0x562e8d13) addi    s10, t4, 1378
core   0: 3 0x800042b2 (0x562e8d13) x26 0x0001d561
core   0: 0x800042b6 (0x4086df13) srai    t5, a3, 8
core   0: 3 0x800042b6 (0x4086df13) x30 0x00000000
core   0: 0x800042ba (0x00ea08b3) add     a7, s4, a4
core   0: 3 0x800042ba (0x00ea08b3) x17 0x3ca75280
core   0: 0x800042be (0x00000001) c.nop
core   0: 3 0x800042be (0x0001)
core   0: 0x800042c0 (0x71ed6d13) ori     s10, s10, 1822
core   0: 3 0x800042c0 (0x71ed6d13) x26 0x0001d77f
core   0: 0x800042c4 (0xb8882a93) slti    s5, a6, -1144
core   0: 3 0x800042c4 (0xb8882a93) x21 0x00000000
core   0: 0x800042c8 (0x00006125) c.addi16sp sp, 96
core   0: 3 0x800042c8 (0x6125) x 2 0x0000009c
core   0: 0x800042ca (0x001f5413) srli    s0, t5, 1
core   0: 3 0x800042ca (0x001f5413) x 8 0x00000000
core   0: 0x800042ce (0x00008a6d) c.andi  a2, 27
core   0: 3 0x800042ce (0x8a6d) x12 0x00000018
core   0: 0x800042d0 (0x006598b3) sll     a7, a1, t1
core   0: 3 0x800042d0 (0x006598b3) x17 0x8000ee64
core   0: 0x800042d4 (0x01709693) slli    a3, ra, 23
core   0: 3 0x800042d4 (0x01709693) x13 0xdb000000
core   0: 0x800042d8 (0x000c70b3) and     ra, s8, zero
core   0: 3 0x800042d8 (0x000c70b3) x 1 0x00000000
core   0: 0x800042dc (0x7dfd8e13) addi    t3, s11, 2015
core   0: 3 0x800042dc (0x7dfd8e13) x28 0x000007df
core   0: 0x800042e0 (0x016ec833) xor     a6, t4, s6
core   0: 3 0x800042e0 (0x016ec833) x16 0x0001cfc3
core   0: 0x800042e4 (0xb822f213) andi    tp, t0, -1150
core   0: 3 0x800042e4 (0xb822f213) x 4 0xfffffb80
core   0: 0x800042e8 (0x37e1d017) auipc   zero, 0x37e1d
core   0: 3 0x800042e8 (0x37e1d017)
core   0: 0x800042ec (0xda532613) slti    a2, t1, -603
core   0: 3 0x800042ec (0xda532613) x12 0x00000000
core   0: 0x800042f0 (0x00008f6d) c.and   a4, a1
core   0: 3 0x800042f0 (0x8f6d) x14 0x00004200
core   0: 0x800042f2 (0x03c13d33) mulhu   s10, sp, t3
core   0: 3 0x800042f2 (0x03c13d33) x26 0x00000000
core   0: 0x800042f6 (0x02861ab3) mulh    s5, a2, s0
core   0: 3 0x800042f6 (0x02861ab3) x21 0x00000000
core   0: 0x800042fa (0x005afab3) and     s5, s5, t0
core   0: 3 0x800042fa (0x005afab3) x21 0x00000000
core   0: 0x800042fe (0x00000aa2) c.slli  s5, 8
core   0: 3 0x800042fe (0x0aa2) x21 0x00000000
core   0: 0x80004300 (0x004ae6b3) or      a3, s5, tp
core   0: 3 0x80004300 (0x004ae6b3) x13 0xfffffb80
core   0: 0x80004304 (0x00151233) sll     tp, a0, ra
core   0: 3 0x80004304 (0x00151233) x 4 0x80012ce4
core   0: 0x80004308 (0x00000f52) c.slli  t5, 20
core   0: 3 0x80004308 (0x0f52) x30 0x00000000
core   0: 0x8000430a (0x415cd333) sra     t1, s9, s5
core   0: 3 0x8000430a (0x415cd333) x 6 0x00000001
core   0: 0x8000430e (0x0000802d) c.srli  s0, 11
core   0: 3 0x8000430e (0x802d) x 8 0x00000000
core   0: 0x80004310 (0x02afd033) divu    zero, t6, a0
core   0: 3 0x80004310 (0x02afd033)
core   0: 0x80004314 (0x01787bb3) and     s7, a6, s7
core   0: 3 0x80004314 (0x01787bb3) x23 0x00000242
core   0: 0x80004318 (0x03ca43b3) div     t2, s4, t3
core   0: 3 0x80004318 (0x03ca43b3) x 7 0x00000000
core   0: 0x8000431c (0x000098b6) c.add   a7, a3
core   0: 3 0x8000431c (0x98b6) x17 0x8000e9e4
core   0: 0x8000431e (0x00001700) c.addi4spn s0, sp, 928
core   0: 3 0x8000431e (0x1700) x 8 0x0000043c
core   0: 0x80004320 (0x00008f3d) c.xor   a4, a5
core   0: 3 0x80004320 (0x8f3d) x14 0xffffbdf8
core   0: 0x80004322 (0x01389433) sll     s0, a7, s3
core   0: 3 0x80004322 (0x01389433) x 8 0x8000e9e4
core   0: 0x80004326 (0x0109d093) srli    ra, s3, 16
core   0: 3 0x80004326 (0x0109d093) x 1 0x0000c319
core   0: 0x8000432a (0x13fda613) slti    a2, s11, 319
core   0: 3 0x8000432a (0x13fda613) x12 0x00000001
core   0: 0x8000432e (0x5a1f8793) addi    a5, t6, 1441
core   0: 3 0x8000432e (0x5a1f8793) x15 0x000185a1
core   0: 0x80004332 (0x00000135) c.addi  sp, 13
core   0: 3 0x80004332 (0x0135) x 2 0x000000a9
core   0: 0x80004334 (0x026b5033) divu    zero, s6, t1
core   0: 3 0x80004334 (0x026b5033)
core   0: 0x80004338 (0x402c8933) sub     s2, s9, sp
core   0: 3 0x80004338 (0x402c8933) x18 0xffffff58
core   0: 0x8000433c (0x417b8f33) sub     t5, s7, s7
core   0: 3 0x8000433c (0x417b8f33) x30 0x00000000
core   0: 0x80004340 (0x11d6cd93) xori    s11, a3, 285
core   0: 3 0x80004340 (0x11d6cd93) x27 0xfffffa9d
core   0: 0x80004344 (0x00000001) c.nop
core   0: 3 0x80004344 (0x0001)
core   0: 0x80004346 (0x00000001) c.nop
core   0: 3 0x80004346 (0x0001)
core   0: 0x80004348 (0x02ce84b3) mul     s1, t4, a2
core   0: 3 0x80004348 (0x02ce84b3) x 9 0x0001cfff
core   0: 0x8000434c (0x03231233) mulh    tp, t1, s2
core   0: 3 0x8000434c (0x03231233) x 4 0xffffffff
core   0: 0x80004350 (0x00006149) c.addi16sp sp, 144
core   0: 3 0x80004350 (0x6149) x 2 0x00000139
core   0: 0x80004352 (0x4d8e4113) xori    sp, t3, 1240
core   0: 3 0x80004352 (0x4d8e4113) x 2 0x00000307
core   0: 0x80004356 (0x000086fe) c.mv    a3, t6
core   0: 3 0x80004356 (0x86fe) x13 0x00018000
core   0: 0x80004358 (0x03b9c0b3) div     ra, s3, s11
core   0: 3 0x80004358 (0x03b9c0b3) x 1 0x000b4e4e
core   0: 0x8000435c (0x021f81b3) mul     gp, t6, ra
core   0: 3 0x8000435c (0x021f81b3) x 3 0xf5750000
core   0: 0x80004360 (0x00000001) c.nop
core   0: 3 0x80004360 (0x0001)
core   0: 0x80004362 (0x000091b6) c.add   gp, a3
core   0: 3 0x80004362 (0x91b6) x 3 0xf5768000
core   0: 0x80004364 (0x03bcb133) mulhu   sp, s9, s11
core   0: 3 0x80004364 (0x03bcb133) x 2 0x00000000
core   0: 0x80004368 (0x02422233) mulhsu  tp, tp, tp
core   0: 3 0x80004368 (0x02422233) x 4 0xffffffff
core   0: 0x8000436c (0x00000001) c.nop
core   0: 3 0x8000436c (0x0001)
core   0: 0x8000436e (0x02b243b3) div     t2, tp, a1
core   0: 3 0x8000436e (0x02b243b3) x 7 0x00000000
core   0: 0x80004372 (0x03d846b3) div     a3, a6, t4
core   0: 3 0x80004372 (0x03d846b3) x13 0x00000000
core   0: 0x80004376 (0x00006c99) c.lui   s9, 0x6
core   0: 3 0x80004376 (0x6c99) x25 0x00006000
core   0: 0x80004378 (0x0211a833) mulhsu  a6, gp, ra
core   0: 3 0x80004378 (0x0211a833) x16 0xffff88de
core   0: 0x8000437c (0x0000886a) c.mv    a6, s10
core   0: 3 0x8000437c (0x886a) x16 0x00000000
core   0: 0x8000437e (0xe98f0493) addi    s1, t5, -360
core   0: 3 0x8000437e (0xe98f0493) x 9 0xfffffe98
core   0: 0x80004382 (0x41858fb3) sub     t6, a1, s8
core   0: 3 0x80004382 (0x41858fb3) x31 0x803e7025
core   0: 0x80004386 (0x01439893) slli    a7, t2, 20
core   0: 3 0x80004386 (0x01439893) x17 0x00000000
core   0: 0x8000438a (0x40935d13) srai    s10, t1, 9
core   0: 3 0x8000438a (0x40935d13) x26 0x00000000
core   0: 0x8000438e (0x00b4cfb3) xor     t6, s1, a1
core   0: 3 0x8000438e (0x00b4cfb3) x31 0x7fff10fc
core   0: 0x80004392 (0x02432d33) mulhsu  s10, t1, tp
core   0: 3 0x80004392 (0x02432d33) x26 0x00000000
core   0: 0x80004396 (0x4173d933) sra     s2, t2, s7
core   0: 3 0x80004396 (0x4173d933) x18 0x00000000
core   0: 0x8000439a (0x00009626) c.add   a2, s1
core   0: 3 0x8000439a (0x9626) x12 0xfffffe99
core   0: 0x8000439c (0x00008fc5) c.or    a5, s1
core   0: 3 0x8000439c (0x8fc5) x15 0xffffffb9
core   0: 0x8000439e (0x037f01b3) mul     gp, t5, s7
core   0: 3 0x8000439e (0x037f01b3) x 3 0x00000000
core   0: 0x800043a2 (0x00000001) c.nop
core   0: 3 0x800043a2 (0x0001)
core   0: 0x800043a4 (0x4c958d93) addi    s11, a1, 1225
core   0: 3 0x800043a4 (0x4c958d93) x27 0x8000f32d
core   0: 0x800043a8 (0x00008625) c.srai  a2, 9
core   0: 3 0x800043a8 (0x8625) x12 0xffffffff
core   0: 0x800043aa (0x1bb77a13) andi    s4, a4, 443
core   0: 3 0x800043aa (0x1bb77a13) x20 0x000001b8
core   0: 0x800043ae (0x03aa8733) mul     a4, s5, s10
core   0: 3 0x800043ae (0x03aa8733) x14 0x00000000
core   0: 0x800043b2 (0x1338f417) auipc   s0, 0x1338f
core   0: 3 0x800043b2 (0x1338f417) x 8 0x933933b2
core   0: 0x800043b6 (0x00000001) c.nop
core   0: 3 0x800043b6 (0x0001)
core   0: 0x800043b8 (0x01f2d793) srli    a5, t0, 31
core   0: 3 0x800043b8 (0x01f2d793) x15 0x00000001
core   0: 0x800043bc (0x00005ffd) c.li    t6, -1
core   0: 3 0x800043bc (0x5ffd) x31 0xffffffff
core   0: 0x800043be (0x0205ee33) rem     t3, a1, zero
core   0: 3 0x800043be (0x0205ee33) x28 0x8000ee64
core   0: 0x800043c2 (0x034e3233) mulhu   tp, t3, s4
core   0: 3 0x800043c2 (0x034e3233) x 4 0x000000dc
core   0: 0x800043c6 (0xfd1d3913) sltiu   s2, s10, -47
core   0: 3 0x800043c6 (0xfd1d3913) x18 0x00000001
core   0: 0x800043ca (0x02f86b33) rem     s6, a6, a5
core   0: 3 0x800043ca (0x02f86b33) x22 0x00000000
core   0: 0x800043ce (0x40efdbb3) sra     s7, t6, a4
core   0: 3 0x800043ce (0x40efdbb3) x23 0xffffffff
core   0: 0x800043d2 (0x02be2bb3) mulhsu  s7, t3, a1
core   0: 3 0x800043d2 (0x02be2bb3) x23 0xc0000000
core   0: 0x800043d6 (0x00008c3d) c.xor   s0, a5
core   0: 3 0x800043d6 (0x8c3d) x 8 0x933933b3
core   0: 0x800043d8 (0x00e29f33) sll     t5, t0, a4
core   0: 3 0x800043d8 (0x00e29f33) x30 0xfffffff0
core   0: 0x800043dc (0x0000042a) c.slli  s0, 10
core   0: 3 0x800043dc (0x042a) x 8 0xe4cecc00
core   0: 0x800043de (0x000046b9) c.li    a3, 14
core   0: 3 0x800043de (0x46b9) x13 0x0000000e
core   0: 0x800043e0 (0x8d398993) addi    s3, s3, -1837
core   0: 3 0x800043e0 (0x8d398993) x19 0xc31928d3
core   0: 0x800043e4 (0x90a07093) andi    ra, zero, -1782
core   0: 3 0x800043e4 (0x90a07093) x 1 0x00000000
core   0: 0x800043e8 (0x03815f33) divu    t5, sp, s8
core   0: 3 0x800043e8 (0x03815f33) x30 0x00000000
core   0: 0x800043ec (0x00d5f333) and     t1, a1, a3
core   0: 3 0x800043ec (0x00d5f333) x 6 0x00000004
core   0: 0x800043f0 (0x014ede33) srl     t3, t4, s4
core   0: 3 0x800043f0 (0x014ede33) x28 0x00000000
core   0: 0x800043f4 (0x02bea7b3) mulhsu  a5, t4, a1
core   0: 3 0x800043f4 (0x02bea7b3) x15 0x0000e801
core   0: 0x800043f8 (0x000004c2) c.slli  s1, 16
core   0: 3 0x800043f8 (0x04c2) x 9 0xfe980000
core   0: 0x800043fa (0xdd636493) ori     s1, t1, -554
core   0: 3 0x800043fa (0xdd636493) x 9 0xfffffdd6
core   0: 0x800043fe (0x02180cb3) mul     s9, a6, ra
core   0: 3 0x800043fe (0x02180cb3) x25 0x00000000
core   0: 0x80004402 (0x00008cbd) c.xor   s1, a5
core   0: 3 0x80004402 (0x8cbd) x 9 0xffff15d7
core   0: 0x80004404 (0x00000b65) c.addi  s6, 25
core   0: 3 0x80004404 (0x0b65) x22 0x00000019
core   0: 0x80004406 (0x000008d2) c.slli  a7, 20
core   0: 3 0x80004406 (0x08d2) x17 0x00000000
core   0: 0x80004408 (0x01631db3) sll     s11, t1, s6
core   0: 3 0x80004408 (0x01631db3) x27 0x08000000
core   0: 0x8000440c (0x01950f33) add     t5, a0, s9
core   0: 3 0x8000440c (0x01950f33) x30 0x80012ce4
core   0: 0x80004410 (0x00000001) c.nop
core   0: 3 0x80004410 (0x0001)
core   0: 0x80004412 (0x00009d5e) c.add   s10, s7
core   0: 3 0x80004412 (0x9d5e) x26 0xc0000000
core   0: 0x80004414 (0xb8362813) slti    a6, a2, -1149
core   0: 3 0x80004414 (0xb8362813) x16 0x00000000
core   0: 0x80004418 (0x01fa9133) sll     sp, s5, t6
core   0: 3 0x80004418 (0x01fa9133) x 2 0x00000000
core   0: 0x8000441c (0x44c9ba13) sltiu   s4, s3, 1100
core   0: 3 0x8000441c (0x44c9ba13) x20 0x00000000
core   0: 0x80004420 (0x00008c0d) c.sub   s0, a1
core   0: 3 0x80004420 (0x8c0d) x 8 0x64cddd9c
core   0: 0x80004422 (0x00008cf1) c.and   s1, a2
core   0: 3 0x80004422 (0x8cf1) x 9 0xffff15d7
core   0: 0x80004424 (0x00009256) c.add   tp, s5
core   0: 3 0x80004424 (0x9256) x 4 0x000000dc
core   0: 0x80004426 (0x00008f1d) c.sub   a4, a5
core   0: 3 0x80004426 (0x8f1d) x14 0xffff17ff
core   0: 0x80004428 (0x01c673b3) and     t2, a2, t3
core   0: 3 0x80004428 (0x01c673b3) x 7 0x00000000
core   0: 0x8000442c (0x4013d333) sra     t1, t2, ra
core   0: 3 0x8000442c (0x4013d333) x 6 0x00000000
core   0: 0x80004430 (0x03b593b3) mulh    t2, a1, s11
core   0: 3 0x80004430 (0x03b593b3) x 7 0xfc000773
core   0: 0x80004434 (0x01f307b3) add     a5, t1, t6
core   0: 3 0x80004434 (0x01f307b3) x15 0xffffffff
core   0: 0x80004438 (0x0137afb3) slt     t6, a5, s3
core   0: 3 0x80004438 (0x0137afb3) x31 0x00000000
core   0: 0x8000443c (0x000059fd) c.li    s3, -1
core   0: 3 0x8000443c (0x59fd) x19 0xffffffff
core   0: 0x8000443e (0x000080f9) c.srli  s1, 30
core   0: 3 0x8000443e (0x80f9) x 9 0x00000003
core   0: 0x80004440 (0x0000177d) c.addi  a4, -1
core   0: 3 0x80004440 (0x177d) x14 0xffff17fe
core   0: 0x80004442 (0x02e93733) mulhu   a4, s2, a4
core   0: 3 0x80004442 (0x02e93733) x14 0x00000000
core   0: 0x80004446 (0x00008c55) c.or    s0, a3
core   0: 3 0x80004446 (0x8c55) x 8 0x64cddd9e
core   0: 0x80004448 (0x1692fa13) andi    s4, t0, 361
core   0: 3 0x80004448 (0x1692fa13) x20 0x00000160
core   0: 0x8000444c (0x00008e71) c.and   a2, a2
core   0: 3 0x8000444c (0x8e71) x12 0xffffffff
core   0: 0x8000444e (0x00008b1d) c.andi  a4, 7
core   0: 3 0x8000444e (0x8b1d) x14 0x00000000
core   0: 0x80004450 (0x0000669d) c.lui   a3, 0x7
core   0: 3 0x80004450 (0x669d) x13 0x00007000
core   0: 0x80004452 (0x00008f91) c.sub   a5, a2
core   0: 3 0x80004452 (0x8f91) x15 0x00000000
core   0: 0x80004454 (0x79cc7f13) andi    t5, s8, 1948
core   0: 3 0x80004454 (0x79cc7f13) x30 0x0000061c
core   0: 0x80004458 (0x00008f45) c.or    a4, s1
core   0: 3 0x80004458 (0x8f45) x14 0x00000003
core   0: 0x8000445a (0x407ed633) sra     a2, t4, t2
core   0: 3 0x8000445a (0x407ed633) x12 0x00000000
core   0: 0x8000445e (0x00059493) slli    s1, a1, 0
core   0: 3 0x8000445e (0x00059493) x 9 0x8000ee64
core   0: 0x80004462 (0x00008fad) c.xor   a5, a1
core   0: 3 0x80004462 (0x8fad) x15 0x8000ee64
core   0: 0x80004464 (0x00000001) c.nop
core   0: 3 0x80004464 (0x0001)
core   0: 0x80004466 (0x418b5393) srai    t2, s6, 24
core   0: 3 0x80004466 (0x418b5393) x 7 0x00000000
core   0: 0x8000446a (0x01100b33) add     s6, zero, a7
core   0: 3 0x8000446a (0x01100b33) x22 0x00000000
core   0: 0x8000446e (0x79e0fe37) lui     t3, 0x79e0f
core   0: 3 0x8000446e (0x79e0fe37) x28 0x79e0f000
core   0: 0x80004472 (0x5f3a9e17) auipc   t3, 0x5f3a9
core   0: 3 0x80004472 (0x5f3a9e17) x28 0xdf3ad472
core   0: 0x80004476 (0xcfab63b7) lui     t2, 0xcfab6
core   0: 3 0x80004476 (0xcfab63b7) x 7 0xcfab6000
core   0: 0x8000447a (0x24fb6617) auipc   a2, 0x24fb6
core   0: 3 0x8000447a (0x24fb6617) x12 0xa4fba47a
core   0: 0x8000447e (0x03c31933) mulh    s2, t1, t3
core   0: 3 0x8000447e (0x03c31933) x18 0x00000000
core   0: 0x80004482 (0x40590a33) sub     s4, s2, t0
core   0: 3 0x80004482 (0x40590a33) x20 0x00000010
core   0: 0x80004486 (0x0197b1b3) sltu    gp, a5, s9
core   0: 3 0x80004486 (0x0197b1b3) x 3 0x00000000
core   0: 0x8000448a (0x00008a32) c.mv    s4, a2
core   0: 3 0x8000448a (0x8a32) x20 0xa4fba47a
core   0: 0x8000448c (0x024611b3) mulh    gp, a2, tp
core   0: 3 0x8000448c (0x024611b3) x 3 0xffffffb1
core   0: 0x80004490 (0x79ec3f93) sltiu   t6, s8, 1950
core   0: 3 0x80004490 (0x79ec3f93) x31 0x00000000
core   0: 0x80004494 (0x0037a833) slt     a6, a5, gp
core   0: 3 0x80004494 (0x0037a833) x16 0x00000001
core   0: 0x80004498 (0x00008c65) c.and   s0, s1
core   0: 3 0x80004498 (0x8c65) x 8 0x0000cc04
core   0: 0x8000449a (0x0312d933) divu    s2, t0, a7
core   0: 3 0x8000449a (0x0312d933) x18 0xffffffff
core   0: 0x8000449e (0x02475133) divu    sp, a4, tp
core   0: 3 0x8000449e (0x02475133) x 2 0x00000000
core   0: 0x800044a2 (0x036902b3) mul     t0, s2, s6
core   0: 3 0x800044a2 (0x036902b3) x 5 0x00000000
core   0: 0x800044a6 (0xdc0da113) slti    sp, s11, -576
core   0: 3 0x800044a6 (0xdc0da113) x 2 0x00000000
core   0: 0x800044aa (0x01e95233) srl     tp, s2, t5
core   0: 3 0x800044aa (0x01e95233) x 4 0x0000000f
core   0: 0x800044ae (0x00008f1e) c.mv    t5, t2
core   0: 3 0x800044ae (0x8f1e) x30 0xcfab6000
core   0: 0x800044b0 (0x5e74bc93) sltiu   s9, s1, 1511
core   0: 3 0x800044b0 (0x5e74bc93) x25 0x00000000
core   0: 0x800044b4 (0x00609613) slli    a2, ra, 6
core   0: 3 0x800044b4 (0x00609613) x12 0x00000000
core   0: 0x800044b8 (0x00005bfd) c.li    s7, -1
core   0: 3 0x800044b8 (0x5bfd) x23 0xffffffff
core   0: 0x800044ba (0x41dad4b3) sra     s1, s5, t4
core   0: 3 0x800044ba (0x41dad4b3) x 9 0x00000000
core   0: 0x800044be (0x00000001) c.nop
core   0: 3 0x800044be (0x0001)
core   0: 0x800044c0 (0x0309a733) mulhsu  a4, s3, a6
core   0: 3 0x800044c0 (0x0309a733) x14 0xffffffff
core   0: 0x800044c4 (0x034f93b3) mulh    t2, t6, s4
core   0: 3 0x800044c4 (0x034f93b3) x 7 0x00000000
core   0: 0x800044c8 (0x024a2e33) mulhsu  t3, s4, tp
core   0: 3 0x800044c8 (0x024a2e33) x28 0xfffffffa
core   0: 0x800044cc (0x91271a37) lui     s4, 0x91271
core   0: 3 0x800044cc (0x91271a37) x20 0x91271000
core   0: 0x800044d0 (0x403e0733) sub     a4, t3, gp
core   0: 3 0x800044d0 (0x403e0733) x14 0x00000049
core   0: 0x800044d4 (0xe1b3b993) sltiu   s3, t2, -485
core   0: 3 0x800044d4 (0xe1b3b993) x19 0x00000001
core   0: 0x800044d8 (0x00008f9d) c.sub   a5, a5
core   0: 3 0x800044d8 (0x8f9d) x15 0x00000000
core   0: 0x800044da (0x00269333) sll     t1, a3, sp
core   0: 3 0x800044da (0x00269333) x 6 0x00007000
core   0: 0x800044de (0x41ea58b3) sra     a7, s4, t5
core   0: 3 0x800044de (0x41ea58b3) x17 0x91271000
core   0: 0x800044e2 (0x010daa33) slt     s4, s11, a6
core   0: 3 0x800044e2 (0x010daa33) x20 0x00000000
core   0: 0x800044e6 (0x9047e913) ori     s2, a5, -1788
core   0: 3 0x800044e6 (0x9047e913) x18 0xfffff904
core   0: 0x800044ea (0x00000001) c.nop
core   0: 3 0x800044ea (0x0001)
core   0: 0x800044ec (0x00eb7033) and     zero, s6, a4
core   0: 3 0x800044ec (0x00eb7033)
core   0: 0x800044f0 (0x0000070a) c.slli  a4, 2
core   0: 3 0x800044f0 (0x070a) x14 0x00000124
core   0: 0x800044f2 (0x02d822b3) mulhsu  t0, a6, a3
core   0: 3 0x800044f2 (0x02d822b3) x 5 0x00000000
core   0: 0x800044f6 (0x0017db93) srli    s7, a5, 1
core   0: 3 0x800044f6 (0x0017db93) x23 0x00000000
core   0: 0x800044fa (0x0106ccb3) xor     s9, a3, a6
core   0: 3 0x800044fa (0x0106ccb3) x25 0x00007001
core   0: 0x800044fe (0x410fd833) sra     a6, t6, a6
core   0: 3 0x800044fe (0x410fd833) x16 0x00000000
core   0: 0x80004502 (0x02573ab3) mulhu   s5, a4, t0
core   0: 3 0x80004502 (0x02573ab3) x21 0x00000000
core   0: 0x80004506 (0x00009a7d) c.andi  a2, -1
core   0: 3 0x80004506 (0x9a7d) x12 0x00000000
core   0: 0x80004508 (0x00006d0d) c.lui   s10, 0x3
core   0: 3 0x80004508 (0x6d0d) x26 0x00003000
core   0: 0x8000450a (0x0277d3b3) divu    t2, a5, t2
core   0: 3 0x8000450a (0x0277d3b3) x 7 0xffffffff
core   0: 0x8000450e (0x0032cdb3) xor     s11, t0, gp
core   0: 3 0x8000450e (0x0032cdb3) x27 0xffffffb1
core   0: 0x80004512 (0x00000310) c.addi4spn a2, sp, 384
core   0: 3 0x80004512 (0x0310) x12 0x00000180
core   0: 0x80004514 (0x00000001) c.nop
core   0: 3 0x80004514 (0x0001)
core   0: 0x80004516 (0x40675eb3) sra     t4, a4, t1
core   0: 3 0x80004516 (0x40675eb3) x29 0x00000124
core   0: 0x8000451a (0x89647b13) andi    s6, s0, -1898
core   0: 3 0x8000451a (0x89647b13) x22 0x0000c804
core   0: 0x8000451e (0x000088fe) c.mv    a7, t6
core   0: 3 0x8000451e (0x88fe) x17 0x00000000
core   0: 0x80004520 (0x00000ced) c.addi  s9, 27
core   0: 3 0x80004520 (0x0ced) x25 0x0000701c
core   0: 0x80004522 (0x01dbed33) or      s10, s7, t4
core   0: 3 0x80004522 (0x01dbed33) x26 0x00000124
core   0: 0x80004526 (0x00001a7d) c.addi  s4, -1
core   0: 3 0x80004526 (0x1a7d) x20 0xffffffff
core   0: 0x80004528 (0x5cb0e013) ori     zero, ra, 1483
core   0: 3 0x80004528 (0x5cb0e013)
core   0: 0x8000452c (0x40ad5713) srai    a4, s10, 10
core   0: 3 0x8000452c (0x40ad5713) x14 0x00000000
core   0: 0x80004530 (0x86627f93) andi    t6, tp, -1946
core   0: 3 0x80004530 (0x86627f93) x31 0x00000006
core   0: 0x80004534 (0x1edfee13) ori     t3, t6, 493
core   0: 3 0x80004534 (0x1edfee13) x28 0x000001ef
core   0: 0x80004538 (0x00000001) c.nop
core   0: 3 0x80004538 (0x0001)
core   0: 0x8000453a (0x03905fb3) divu    t6, zero, s9
core   0: 3 0x8000453a (0x03905fb3) x31 0x00000000
core   0: 0x8000453e (0x0260e733) rem     a4, ra, t1
core   0: 3 0x8000453e (0x0260e733) x14 0x00000000
core   0: 0x80004542 (0x01721713) slli    a4, tp, 23
core   0: 3 0x80004542 (0x01721713) x14 0x07800000
core   0: 0x80004546 (0x02e15333) divu    t1, sp, a4
core   0: 3 0x80004546 (0x02e15333) x 6 0x00000000
core   0: 0x8000454a (0x035e1633) mulh    a2, t3, s5
core   0: 3 0x8000454a (0x035e1633) x12 0x00000000
core   0: 0x8000454e (0x016cedb3) or      s11, s9, s6
core   0: 3 0x8000454e (0x016cedb3) x27 0x0000f81c
core   0: 0x80004552 (0xc44b7813) andi    a6, s6, -956
core   0: 3 0x80004552 (0xc44b7813) x16 0x0000c804
core   0: 0x80004556 (0x08197837) lui     a6, 0x8197
core   0: 3 0x80004556 (0x08197837) x16 0x08197000
core   0: 0x8000455a (0x02500eb3) mul     t4, zero, t0
core   0: 3 0x8000455a (0x02500eb3) x29 0x00000000
core   0: 0x8000455e (0x016f1313) slli    t1, t5, 22
core   0: 3 0x8000455e (0x016f1313) x 6 0x00000000
core   0: 0x80004562 (0x00b0d013) srli    zero, ra, 11
core   0: 3 0x80004562 (0x00b0d013)
core   0: 0x80004566 (0x00747b33) and     s6, s0, t2
core   0: 3 0x80004566 (0x00747b33) x22 0x0000cc04
core   0: 0x8000456a (0x9fb4bd13) sltiu   s10, s1, -1541
core   0: 3 0x8000456a (0x9fb4bd13) x26 0x00000001
core   0: 0x8000456e (0x0273bf33) mulhu   t5, t2, t2
core   0: 3 0x8000456e (0x0273bf33) x30 0xfffffffe
core   0: 0x80004572 (0x00dc9233) sll     tp, s9, a3
core   0: 3 0x80004572 (0x00dc9233) x 4 0x0000701c
core   0: 0x80004576 (0x00508db3) add     s11, ra, t0
core   0: 3 0x80004576 (0x00508db3) x27 0x00000000
core   0: 0x8000457a (0x00008bed) c.andi  a5, 27
core   0: 3 0x8000457a (0x8bed) x15 0x00000000
core   0: 0x8000457c (0x02a08f33) mul     t5, ra, a0
core   0: 3 0x8000457c (0x02a08f33) x30 0x00000000
core   0: 0x80004580 (0x00000001) c.nop
core   0: 3 0x80004580 (0x0001)
core   0: 0x80004582 (0x00008f4d) c.or    a4, a1
core   0: 3 0x80004582 (0x8f4d) x14 0x8780ee64
core   0: 0x80004584 (0x016afa33) and     s4, s5, s6
core   0: 3 0x80004584 (0x016afa33) x20 0x00000000
core   0: 0x80004588 (0x02d45733) divu    a4, s0, a3
core   0: 3 0x80004588 (0x02d45733) x14 0x00000001
core   0: 0x8000458c (0x000006a6) c.slli  a3, 9
core   0: 3 0x8000458c (0x06a6) x13 0x00e00000
core   0: 0x8000458e (0x21f7aa93) slti    s5, a5, 543
core   0: 3 0x8000458e (0x21f7aa93) x21 0x00000001
core   0: 0x80004592 (0x00bc4d33) xor     s10, s8, a1
core   0: 3 0x80004592 (0x00bc4d33) x26 0x7fc2905b
core   0: 0x80004596 (0x00008f59) c.or    a4, a4
core   0: 3 0x80004596 (0x8f59) x14 0x00000001
core   0: 0x80004598 (0x0e66ae13) slti    t3, a3, 230
core   0: 3 0x80004598 (0x0e66ae13) x28 0x00000000
core   0: 0x8000459c (0x03972633) mulhsu  a2, a4, s9
core   0: 3 0x8000459c (0x03972633) x12 0x00000000
core   0: 0x800045a0 (0x00008c85) c.sub   s1, s1
core   0: 3 0x800045a0 (0x8c85) x 9 0x00000000
core   0: 0x800045a2 (0xd3e4c193) xori    gp, s1, -706
core   0: 3 0x800045a2 (0xd3e4c193) x 3 0xfffffd3e
core   0: 0x800045a6 (0xa0574413) xori    s0, a4, -1531
core   0: 3 0x800045a6 (0xa0574413) x 8 0xfffffa04
core   0: 0x800045aa (0x03fca933) mulhsu  s2, s9, t6
core   0: 3 0x800045aa (0x03fca933) x18 0x00000000
core   0: 0x800045ae (0x00d01eb3) sll     t4, zero, a3
core   0: 3 0x800045ae (0x00d01eb3) x29 0x00000000
core   0: 0x800045b2 (0x02eb6933) rem     s2, s6, a4
core   0: 3 0x800045b2 (0x02eb6933) x18 0x00000000
core   0: 0x800045b6 (0x01442633) slt     a2, s0, s4
core   0: 3 0x800045b6 (0x01442633) x12 0x00000001
core   0: 0x800045ba (0x01712933) slt     s2, sp, s7
core   0: 3 0x800045ba (0x01712933) x18 0x00000000
core   0: 0x800045be (0x54387493) andi    s1, a6, 1347
core   0: 3 0x800045be (0x54387493) x 9 0x00000000
core   0: 0x800045c2 (0x0190d8b3) srl     a7, ra, s9
core   0: 3 0x800045c2 (0x0190d8b3) x17 0x00000000
core   0: 0x800045c6 (0x3f2a4f13) xori    t5, s4, 1010
core   0: 3 0x800045c6 (0x3f2a4f13) x30 0x000003f2
core   0: 0x800045ca (0x00008c09) c.sub   s0, a0
core   0: 3 0x800045ca (0x8c09) x 8 0x7ffecd20
core   0: 0x800045cc (0x0c1b6413) ori     s0, s6, 193
core   0: 3 0x800045cc (0x0c1b6413) x 8 0x0000ccc5
core   0: 0x800045d0 (0x88f08c93) addi    s9, ra, -1905
core   0: 3 0x800045d0 (0x88f08c93) x25 0xfffff88f
core   0: 0x800045d4 (0x03af2db3) mulhsu  s11, t5, s10
core   0: 3 0x800045d4 (0x03af2db3) x27 0x000001f8
core   0: 0x800045d8 (0x019e5f13) srli    t5, t3, 25
core   0: 3 0x800045d8 (0x019e5f13) x30 0x00000000
core   0: 0x800045dc (0x014968b3) or      a7, s2, s4
core   0: 3 0x800045dc (0x014968b3) x17 0x00000000
core   0: 0x800045e0 (0x00008ea5) c.xor   a3, s1
core   0: 3 0x800045e0 (0x8ea5) x13 0x00e00000
core   0: 0x800045e2 (0x010dd1b3) srl     gp, s11, a6
core   0: 3 0x800045e2 (0x010dd1b3) x 3 0x000001f8
core   0: 0x800045e6 (0x00825833) srl     a6, tp, s0
core   0: 3 0x800045e6 (0x00825833) x16 0x00000380
core   0: 0x800045ea (0xa0c73993) sltiu   s3, a4, -1524
core   0: 3 0x800045ea (0xa0c73993) x19 0x00000001
core   0: 0x800045ee (0x00008f85) c.sub   a5, s1
core   0: 3 0x800045ee (0x8f85) x15 0x00000000
core   0: 0x800045f0 (0x40deda33) sra     s4, t4, a3
core   0: 3 0x800045f0 (0x40deda33) x20 0x00000000
core   0: 0x800045f4 (0x7bf37b93) andi    s7, t1, 1983
core   0: 3 0x800045f4 (0x7bf37b93) x23 0x00000000
core   0: 0x800045f8 (0x0ed9ab93) slti    s7, s3, 237
core   0: 3 0x800045f8 (0x0ed9ab93) x23 0x00000001
core   0: 0x800045fc (0x00006129) c.addi16sp sp, 192
core   0: 3 0x800045fc (0x6129) x 2 0x000000c0
core   0: 0x800045fe (0x03e2ef33) rem     t5, t0, t5
core   0: 3 0x800045fe (0x03e2ef33) x30 0x00000000
core   0: 0x80004602 (0x032bf1b3) remu    gp, s7, s2
core   0: 3 0x80004602 (0x032bf1b3) x 3 0x00000001
core   0: 0x80004606 (0x000060ad) c.lui   ra, 0xb
core   0: 3 0x80004606 (0x60ad) x 1 0x0000b000
core   0: 0x80004608 (0x017322b3) slt     t0, t1, s7
core   0: 3 0x80004608 (0x017322b3) x 5 0x00000001
core   0: 0x8000460c (0x52220093) addi    ra, tp, 1314
core   0: 3 0x8000460c (0x52220093) x 1 0x0000753e
core   0: 0x80004610 (0xee7c4113) xori    sp, s8, -281
core   0: 3 0x80004610 (0xee7c4113) x 2 0x003d80d8
core   0: 0x80004614 (0x017e4333) xor     t1, t3, s7
core   0: 3 0x80004614 (0x017e4333) x 6 0x00000001
core   0: 0x80004618 (0x00008409) c.srai  s0, 2
core   0: 3 0x80004618 (0x8409) x 8 0x00003331
core   0: 0x8000461a (0x03b63033) mulhu   zero, a2, s11
core   0: 3 0x8000461a (0x03b63033)
core   0: 0x8000461e (0x0000717d) c.addi16sp sp, -16
core   0: 3 0x8000461e (0x717d) x 2 0x003d80c8
core   0: 0x80004620 (0xb0adeb13) ori     s6, s11, -1270
core   0: 3 0x80004620 (0xb0adeb13) x22 0xfffffbfa
core   0: 0x80004624 (0x02a70eb3) mul     t4, a4, a0
core   0: 3 0x80004624 (0x02a70eb3) x29 0x80012ce4
core   0: 0x80004628 (0x0377e933) rem     s2, a5, s7
core   0: 3 0x80004628 (0x0377e933) x18 0x00000000
core   0: 0x8000462c (0x003fa8b3) slt     a7, t6, gp
core   0: 3 0x8000462c (0x003fa8b3) x17 0x00000001
core   0: 0x80004630 (0x8fb27917) auipc   s2, 0x8fb27
core   0: 3 0x80004630 (0x8fb27917) x18 0x0fb2b630
core   0: 0x80004634 (0x00008cd9) c.or    s1, a4
core   0: 3 0x80004634 (0x8cd9) x 9 0x00000001
core   0: 0x80004636 (0x00008859) c.andi  s0, 22
core   0: 3 0x80004636 (0x8859) x 8 0x00000010
core   0: 0x80004638 (0x40798233) sub     tp, s3, t2
core   0: 3 0x80004638 (0x40798233) x 4 0x00000002
core   0: 0x8000463c (0x407f87b3) sub     a5, t6, t2
core   0: 3 0x8000463c (0x407f87b3) x15 0x00000001
core   0: 0x80004640 (0xbc37bd97) auipc   s11, 0xbc37b
core   0: 3 0x80004640 (0xbc37bd97) x27 0x3c37f640
core   0: 0x80004644 (0x00008a56) c.mv    s4, s5
core   0: 3 0x80004644 (0x8a56) x20 0x00000001
core   0: 0x80004646 (0x02ffd4b3) divu    s1, t6, a5
core   0: 3 0x80004646 (0x02ffd4b3) x 9 0x00000000
core   0: 0x8000464a (0x00006119) c.addi16sp sp, 384
core   0: 3 0x8000464a (0x6119) x 2 0x003d8248
core   0: 0x8000464c (0x8ba7e3b7) lui     t2, 0x8ba7e
core   0: 3 0x8000464c (0x8ba7e3b7) x 7 0x8ba7e000
core   0: 0x80004650 (0x01941113) slli    sp, s0, 25
core   0: 3 0x80004650 (0x01941113) x 2 0x20000000
core   0: 0x80004654 (0x03b2abb3) mulhsu  s7, t0, s11
core   0: 3 0x80004654 (0x03b2abb3) x23 0x00000000
core   0: 0x80004658 (0xfea1c237) lui     tp, 0xfea1c
core   0: 3 0x80004658 (0xfea1c237) x 4 0xfea1c000
core   0: 0x8000465c (0x4158d833) sra     a6, a7, s5
core   0: 3 0x8000465c (0x4158d833) x16 0x00000000
core   0: 0x80004660 (0x00000001) c.nop
core   0: 3 0x80004660 (0x0001)
core   0: 0x80004662 (0x00008cc5) c.or    s1, s1
core   0: 3 0x80004662 (0x8cc5) x 9 0x00000000
core   0: 0x80004664 (0x0121c7b3) xor     a5, gp, s2
core   0: 3 0x80004664 (0x0121c7b3) x15 0x0fb2b631
core   0: 0x80004668 (0x000041b5) c.li    gp, 13
core   0: 3 0x80004668 (0x41b5) x 3 0x0000000d
core   0: 0x8000466a (0x01c13cb3) sltu    s9, sp, t3
core   0: 3 0x8000466a (0x01c13cb3) x25 0x00000000
core   0: 0x8000466e (0x7e74f193) andi    gp, s1, 2023
core   0: 3 0x8000466e (0x7e74f193) x 3 0x00000000
core   0: 0x80004672 (0x00000001) c.nop
core   0: 3 0x80004672 (0x0001)
core   0: 0x80004674 (0x018432b3) sltu    t0, s0, s8
core   0: 3 0x80004674 (0x018432b3) x 5 0x00000001
core   0: 0x80004678 (0x033f6733) rem     a4, t5, s3
core   0: 3 0x80004678 (0x033f6733) x14 0x00000000
core   0: 0x8000467c (0x0000092e) c.slli  s2, 11
core   0: 3 0x8000467c (0x092e) x18 0x95b18000
core   0: 0x8000467e (0x00008e6d) c.and   a2, a1
core   0: 3 0x8000467e (0x8e6d) x12 0x00000000
core   0: 0x80004680 (0x00000266) c.slli  tp, 25
core   0: 3 0x80004680 (0x0266) x 4 0x00000000
core   0: 0x80004682 (0x00008759) c.srai  a4, 22
core   0: 3 0x80004682 (0x8759) x14 0x00000000
core   0: 0x80004684 (0x00000001) c.nop
core   0: 3 0x80004684 (0x0001)
core   0: 0x80004686 (0x00008ca1) c.xor   s1, s0
core   0: 3 0x80004686 (0x8ca1) x 9 0x00000010
core   0: 0x80004688 (0x0000987d) c.andi  s0, -1
core   0: 3 0x80004688 (0x987d) x 8 0x00000010
core   0: 0x8000468a (0x01015633) srl     a2, sp, a6
core   0: 3 0x8000468a (0x01015633) x12 0x20000000
core   0: 0x8000468e (0x000086bd) c.srai  a3, 15
core   0: 3 0x8000468e (0x86bd) x13 0x000001c0
core   0: 0x80004690 (0x00008f59) c.or    a4, a4
core   0: 3 0x80004690 (0x8f59) x14 0x00000000
core   0: 0x80004692 (0x019af8b3) and     a7, s5, s9
core   0: 3 0x80004692 (0x019af8b3) x17 0x00000000
core   0: 0x80004696 (0x0000849d) c.srai  s1, 7
core   0: 3 0x80004696 (0x849d) x 9 0x00000000
core   0: 0x80004698 (0x0000046e) c.slli  s0, 27
core   0: 3 0x80004698 (0x046e) x 8 0x80000000
core   0: 0x8000469a (0x019978b3) and     a7, s2, s9
core   0: 3 0x8000469a (0x019978b3) x17 0x00000000
core   0: 0x8000469e (0x408b5033) sra     zero, s6, s0
core   0: 3 0x8000469e (0x408b5033)
core   0: 0x800046a2 (0x40095c93) srai    s9, s2, 0
core   0: 3 0x800046a2 (0x40095c93) x25 0x95b18000
core   0: 0x800046a6 (0xc25fc413) xori    s0, t6, -987
core   0: 3 0x800046a6 (0xc25fc413) x 8 0xfffffc25
core   0: 0x800046aa (0x9cea8b93) addi    s7, s5, -1586
core   0: 3 0x800046aa (0x9cea8b93) x23 0xfffff9cf
core   0: 0x800046ae (0x016f8933) add     s2, t6, s6
core   0: 3 0x800046ae (0x016f8933) x18 0xfffffbfa
core   0: 0x800046b2 (0x00000fc9) c.addi  t6, 18
core   0: 3 0x800046b2 (0x0fc9) x31 0x00000012
core   0: 0x800046b4 (0x03ea1933) mulh    s2, s4, t5
core   0: 3 0x800046b4 (0x03ea1933) x18 0x00000000
core   0: 0x800046b8 (0x0191cf33) xor     t5, gp, s9
core   0: 3 0x800046b8 (0x0191cf33) x30 0x95b18000
core   0: 0x800046bc (0x01229793) slli    a5, t0, 18
core   0: 3 0x800046bc (0x01229793) x15 0x00040000
core   0: 0x800046c0 (0x0060dcb3) srl     s9, ra, t1
core   0: 3 0x800046c0 (0x0060dcb3) x25 0x00003a9f
core   0: 0x800046c4 (0x0000527d) c.li    tp, -1
core   0: 3 0x800046c4 (0x527d) x 4 0xffffffff
core   0: 0x800046c6 (0x96588813) addi    a6, a7, -1691
core   0: 3 0x800046c6 (0x96588813) x16 0xfffff965
core   0: 0x800046ca (0x01af9f33) sll     t5, t6, s10
core   0: 3 0x800046ca (0x01af9f33) x30 0x90000000
core   0: 0x800046ce (0x015c8e33) add     t3, s9, s5
core   0: 3 0x800046ce (0x015c8e33) x28 0x00003aa0
core   0: 0x800046d2 (0x00009b7d) c.andi  a4, -1
core   0: 3 0x800046d2 (0x9b7d) x14 0x00000000
core   0: 0x800046d4 (0x000086ce) c.mv    a3, s3
core   0: 3 0x800046d4 (0x86ce) x13 0x00000001
core   0: 0x800046d6 (0x00717133) and     sp, sp, t2
core   0: 3 0x800046d6 (0x00717133) x 2 0x00000000
core   0: 0x800046da (0x0000809e) c.mv    ra, t2
core   0: 3 0x800046da (0x809e) x 1 0x8ba7e000
core   0: 0x800046dc (0x01f70e33) add     t3, a4, t6
core   0: 3 0x800046dc (0x01f70e33) x28 0x00000012
core   0: 0x800046e0 (0x00a91d93) slli    s11, s2, 10
core   0: 3 0x800046e0 (0x00a91d93) x27 0x00000000
core   0: 0x800046e4 (0x00008fe1) c.and   a5, s0
core   0: 3 0x800046e4 (0x8fe1) x15 0x00040000
core   0: 0x800046e6 (0x617fc313) xori    t1, t6, 1559
core   0: 3 0x800046e6 (0x617fc313) x 6 0x00000605
core   0: 0x800046ea (0x008a0833) add     a6, s4, s0
core   0: 3 0x800046ea (0x008a0833) x16 0xfffffc26
core   0: 0x800046ee (0x000098fd) c.andi  s1, -1
core   0: 3 0x800046ee (0x98fd) x 9 0x00000000
core   0: 0x800046f0 (0x01a25133) srl     sp, tp, s10
core   0: 3 0x800046f0 (0x01a25133) x 2 0x0000001f
core   0: 0x800046f4 (0x9dffa193) slti    gp, t6, -1569
core   0: 3 0x800046f4 (0x9dffa193) x 3 0x00000000
core   0: 0x800046f8 (0x017ef2b3) and     t0, t4, s7
core   0: 3 0x800046f8 (0x017ef2b3) x 5 0x800128c4
core   0: 0x800046fc (0x009e2e33) slt     t3, t3, s1
core   0: 3 0x800046fc (0x009e2e33) x28 0x00000000
core   0: 0x80004700 (0x01dedd33) srl     s10, t4, t4
core   0: 3 0x80004700 (0x01dedd33) x26 0x080012ce
core   0: 0x80004704 (0x037ce033) rem     zero, s9, s7
core   0: 3 0x80004704 (0x037ce033)
core   0: 0x80004708 (0x0085cdb3) xor     s11, a1, s0
core   0: 3 0x80004708 (0x0085cdb3) x27 0x7fff1241
core   0: 0x8000470c (0x034853b3) divu    t2, a6, s4
core   0: 3 0x8000470c (0x034853b3) x 7 0xfffffc26
core   0: 0x80004710 (0x00008fe5) c.and   a5, s1
core   0: 3 0x80004710 (0x8fe5) x15 0x00000000
core   0: 0x80004712 (0x0b8a3613) sltiu   a2, s4, 184
core   0: 3 0x80004712 (0x0b8a3613) x12 0x00000001
core   0: 0x80004716 (0x00000919) c.addi  s2, 6
core   0: 3 0x80004716 (0x0919) x18 0x00000006
core   0: 0x80004718 (0x025158b3) divu    a7, sp, t0
core   0: 3 0x80004718 (0x025158b3) x17 0x00000000
core   0: 0x8000471c (0x01b65c93) srli    s9, a2, 27
core   0: 3 0x8000471c (0x01b65c93) x25 0x00000000
core   0: 0x80004720 (0x018e6d33) or      s10, t3, s8
core   0: 3 0x80004720 (0x018e6d33) x26 0xffc27e3f
core   0: 0x80004724 (0x0000527d) c.li    tp, -1
core   0: 3 0x80004724 (0x527d) x 4 0xffffffff
core   0: 0x80004726 (0xbf856a93) ori     s5, a0, -1032
core   0: 3 0x80004726 (0xbf856a93) x21 0xfffffffc
core   0: 0x8000472a (0x000088c1) c.andi  s1, 16
core   0: 3 0x8000472a (0x88c1) x 9 0x00000000
core   0: 0x8000472c (0x005137b3) sltu    a5, sp, t0
core   0: 3 0x8000472c (0x005137b3) x15 0x00000001
core   0: 0x80004730 (0x0257fd33) remu    s10, a5, t0
core   0: 3 0x80004730 (0x0257fd33) x26 0x00000001
core   0: 0x80004734 (0x00000e84) c.addi4spn s1, sp, 848
core   0: 3 0x80004734 (0x0e84) x 9 0x0000036f
core   0: 0x80004736 (0x03bbc1b3) div     gp, s7, s11
core   0: 3 0x80004736 (0x03bbc1b3) x 3 0x00000000
core   0: 0x8000473a (0xf13d6693) ori     a3, s10, -237
core   0: 3 0x8000473a (0xf13d6693) x13 0xffffff13
core   0: 0x8000473e (0x00008ac6) c.mv    s5, a7
core   0: 3 0x8000473e (0x8ac6) x21 0x00000000
core   0: 0x80004740 (0x92754a13) xori    s4, a0, -1753
core   0: 3 0x80004740 (0x92754a13) x20 0x7ffed5c3
core   0: 0x80004744 (0x40d6da33) sra     s4, a3, a3
core   0: 3 0x80004744 (0x40d6da33) x20 0xffffffff
core   0: 0x80004748 (0x00667633) and     a2, a2, t1
core   0: 3 0x80004748 (0x00667633) x12 0x00000001
core   0: 0x8000474c (0x03139eb3) mulh    t4, t2, a7
core   0: 3 0x8000474c (0x03139eb3) x29 0x00000000
core   0: 0x80004750 (0x016f7033) and     zero, t5, s6
core   0: 3 0x80004750 (0x016f7033)
core   0: 0x80004754 (0x0000717d) c.addi16sp sp, -16
core   0: 3 0x80004754 (0x717d) x 2 0x0000000f
core   0: 0x80004756 (0x0177a8b3) slt     a7, a5, s7
core   0: 3 0x80004756 (0x0177a8b3) x17 0x00000000
core   0: 0x8000475a (0x007d8733) add     a4, s11, t2
core   0: 3 0x8000475a (0x007d8733) x14 0x7fff0e67
core   0: 0x8000475e (0x00a0bdb3) sltu    s11, ra, a0
core   0: 3 0x8000475e (0x00a0bdb3) x27 0x00000000
core   0: 0x80004762 (0x00006179) c.addi16sp sp, 464
core   0: 3 0x80004762 (0x6179) x 2 0x000001df
core   0: 0x80004764 (0x00008f1d) c.sub   a4, a5
core   0: 3 0x80004764 (0x8f1d) x14 0x7fff0e66
core   0: 0x80004766 (0x00000001) c.nop
core   0: 3 0x80004766 (0x0001)
core   0: 0x80004768 (0xf2d7ad13) slti    s10, a5, -211
core   0: 3 0x80004768 (0xf2d7ad13) x26 0x00000000
core   0: 0x8000476c (0x0000667d) c.lui   a2, 0x1f
core   0: 3 0x8000476c (0x667d) x12 0x0001f000
core   0: 0x8000476e (0x02972433) mulhsu  s0, a4, s1
core   0: 3 0x8000476e (0x02972433) x 8 0x000001b7
core   0: 0x80004772 (0x00004a41) c.li    s4, 16
core   0: 3 0x80004772 (0x4a41) x20 0x00000010
core   0: 0x80004774 (0x00386ab3) or      s5, a6, gp
core   0: 3 0x80004774 (0x00386ab3) x21 0xfffffc26
core   0: 0x80004778 (0x0348f4b3) remu    s1, a7, s4
core   0: 3 0x80004778 (0x0348f4b3) x 9 0x00000000
core   0: 0x8000477c (0x00009206) c.add   tp, ra
core   0: 3 0x8000477c (0x9206) x 4 0x8ba7dfff
core   0: 0x8000477e (0x0000717d) c.addi16sp sp, -16
core   0: 3 0x8000477e (0x717d) x 2 0x000001cf
core   0: 0x80004780 (0x02425fb3) divu    t6, tp, tp
core   0: 3 0x80004780 (0x02425fb3) x31 0x00000001
core   0: 0x80004784 (0x00004e3d) c.li    t3, 15
core   0: 3 0x80004784 (0x4e3d) x28 0x0000000f
core   0: 0x80004786 (0x41b354b3) sra     s1, t1, s11
core   0: 3 0x80004786 (0x41b354b3) x 9 0x00000605
core   0: 0x8000478a (0xb81e7713) andi    a4, t3, -1151
core   0: 3 0x8000478a (0xb81e7713) x14 0x00000001
core   0: 0x8000478e (0x416dd2b3) sra     t0, s11, s6
core   0: 3 0x8000478e (0x416dd2b3) x 5 0x00000000
core   0: 0x80004792 (0x00001a98) c.addi4spn a4, sp, 368
core   0: 3 0x80004792 (0x1a98) x14 0x0000033f
core   0: 0x80004794 (0x00001e00) c.addi4spn s0, sp, 816
core   0: 3 0x80004794 (0x1e00) x 8 0x000004ff
core   0: 0x80004796 (0x2ce2ab13) slti    s6, t0, 718
core   0: 3 0x80004796 (0x2ce2ab13) x22 0x00000001
core   0: 0x8000479a (0x0031eb33) or      s6, gp, gp
core   0: 3 0x8000479a (0x0031eb33) x22 0x00000000
core   0: 0x8000479e (0x00001efd) c.addi  t4, -1
core   0: 3 0x8000479e (0x1efd) x29 0xffffffff
core   0: 0x800047a0 (0x00008436) c.mv    s0, a3
core   0: 3 0x800047a0 (0x8436) x 8 0xffffff13
core   0: 0x800047a2 (0x01766733) or      a4, a2, s7
core   0: 3 0x800047a2 (0x01766733) x14 0xfffff9cf
core   0: 0x800047a6 (0x016e1d33) sll     s10, t3, s6
core   0: 3 0x800047a6 (0x016e1d33) x26 0x0000000f
core   0: 0x800047aa (0x02e87eb3) remu    t4, a6, a4
core   0: 3 0x800047aa (0x02e87eb3) x29 0x00000257
core   0: 0x800047ae (0x41f35e33) sra     t3, t1, t6
core   0: 3 0x800047ae (0x41f35e33) x28 0x00000302
core   0: 0x800047b2 (0x00008cd9) c.or    s1, a4
core   0: 3 0x800047b2 (0x8cd9) x 9 0xffffffcf
core   0: 0x800047b4 (0xdb0acb93) xori    s7, s5, -592
core   0: 3 0x800047b4 (0xdb0acb93) x23 0x00000196
core   0: 0x800047b8 (0x0000717d) c.addi16sp sp, -16
core   0: 3 0x800047b8 (0x717d) x 2 0x000001bf
core   0: 0x800047ba (0xd5350093) addi    ra, a0, -685
core   0: 3 0x800047ba (0xd5350093) x 1 0x80012a37
core   0: 0x800047be (0x020a6ab3) rem     s5, s4, zero
core   0: 3 0x800047be (0x020a6ab3) x21 0x00000010
core   0: 0x800047c2 (0x0000577d) c.li    a4, -1
core   0: 3 0x800047c2 (0x577d) x14 0xffffffff
core   0: 0x800047c4 (0x4160dfb3) sra     t6, ra, s6
core   0: 3 0x800047c4 (0x4160dfb3) x31 0x80012a37
core   0: 0x800047c8 (0x0388a6b3) mulhsu  a3, a7, s8
core   0: 3 0x800047c8 (0x0388a6b3) x13 0x00000000
core   0: 0x800047cc (0x011228b3) slt     a7, tp, a7
core   0: 3 0x800047cc (0x011228b3) x17 0x00000001
core   0: 0x800047d0 (0x038d0d33) mul     s10, s10, s8
core   0: 3 0x800047d0 (0x038d0d33) x26 0xfc6565b1
core   0: 0x800047d4 (0x01e94433) xor     s0, s2, t5
core   0: 3 0x800047d4 (0x01e94433) x 8 0x90000006
core   0: 0x800047d8 (0x00be0d33) add     s10, t3, a1
core   0: 3 0x800047d8 (0x00be0d33) x26 0x8000f166
core   0: 0x800047dc (0xf09a7713) andi    a4, s4, -247
core   0: 3 0x800047dc (0xf09a7713) x14 0x00000000
core   0: 0x800047e0 (0x00008f55) c.or    a4, a3
core   0: 3 0x800047e0 (0x8f55) x14 0x00000000
core   0: 0x800047e2 (0x00006ca5) c.lui   s9, 0x9
core   0: 3 0x800047e2 (0x6ca5) x25 0x00009000
core   0: 0x800047e4 (0x0000613d) c.addi16sp sp, 480
core   0: 3 0x800047e4 (0x613d) x 2 0x0000039f
core   0: 0x800047e6 (0x00000710) c.addi4spn a2, sp, 896
core   0: 3 0x800047e6 (0x0710) x12 0x0000071f
core   0: 0x800047e8 (0xdf5c9d37) lui     s10, 0xdf5c9
core   0: 3 0x800047e8 (0xdf5c9d37) x26 0xdf5c9000
core   0: 0x800047ec (0x01e69e93) slli    t4, a3, 30
core   0: 3 0x800047ec (0x01e69e93) x29 0x00000000
core   0: 0x800047f0 (0x0000027e) c.slli  tp, 31
core   0: 3 0x800047f0 (0x027e) x 4 0x80000000
core   0: 0x800047f2 (0x00008cc5) c.or    s1, s1
core   0: 3 0x800047f2 (0x8cc5) x 9 0xffffffcf
core   0: 0x800047f4 (0x00009a7d) c.andi  a2, -1
core   0: 3 0x800047f4 (0x9a7d) x12 0x0000071f
core   0: 0x800047f6 (0x00000001) c.nop
core   0: 3 0x800047f6 (0x0001)
core   0: 0x800047f8 (0x030738b3) mulhu   a7, a4, a6
core   0: 3 0x800047f8 (0x030738b3) x17 0x00000000
core   0: 0x800047fc (0x0000717d) c.addi16sp sp, -16
core   0: 3 0x800047fc (0x717d) x 2 0x0000038f
core   0: 0x800047fe (0x0000167d) c.addi  a2, -1
core   0: 3 0x800047fe (0x167d) x12 0x0000071e
core   0: 0x80004800 (0x00008ec5) c.or    a3, s1
core   0: 3 0x80004800 (0x8ec5) x13 0xffffffcf
core   0: 0x80004802 (0x016510b3) sll     ra, a0, s6
core   0: 3 0x80004802 (0x016510b3) x 1 0x80012ce4
core   0: 0x80004806 (0x00008832) c.mv    a6, a2
core   0: 3 0x80004806 (0x8832) x16 0x0000071e
core   0: 0x80004808 (0xc0214e93) xori    t4, sp, -1022
core   0: 3 0x80004808 (0xc0214e93) x29 0xffffff8d
core   0: 0x8000480c (0x03950a33) mul     s4, a0, s9
core   0: 3 0x8000480c (0x03950a33) x20 0xa9404000
core   0: 0x80004810 (0xa552e413) ori     s0, t0, -1451
core   0: 3 0x80004810 (0xa552e413) x 8 0xfffffa55
core   0: 0x80004814 (0x3efc8a17) auipc   s4, 0x3efc8
core   0: 3 0x80004814 (0x3efc8a17) x20 0xbefcc814
core   0: 0x80004818 (0xedd6e013) ori     zero, a3, -291
core   0: 3 0x80004818 (0xedd6e013)
core   0: 0x8000481c (0x02bbb4b3) mulhu   s1, s7, a1
core   0: 3 0x8000481c (0x02bbb4b3) x 9 0x000000cb
core   0: 0x80004820 (0x015b1333) sll     t1, s6, s5
core   0: 3 0x80004820 (0x015b1333) x 6 0x00000000
core   0: 0x80004824 (0x00000636) c.slli  a2, 13
core   0: 3 0x80004824 (0x0636) x12 0x00e3c000
core   0: 0x80004826 (0x00008c86) c.mv    s9, ra
core   0: 3 0x80004826 (0x8c86) x25 0x80012ce4
core   0: 0x80004828 (0x00008ee9) c.and   a3, a0
core   0: 3 0x80004828 (0x8ee9) x13 0x80012cc4
core   0: 0x8000482a (0x73faba13) sltiu   s4, s5, 1855
core   0: 3 0x8000482a (0x73faba13) x20 0x00000001
core   0: 0x8000482e (0x02f921b3) mulhsu  gp, s2, a5
core   0: 3 0x8000482e (0x02f921b3) x 3 0x00000000
core   0: 0x80004832 (0x01ef5e13) srli    t3, t5, 30
core   0: 3 0x80004832 (0x01ef5e13) x28 0x00000002
core   0: 0x80004836 (0x00000001) c.nop
core   0: 3 0x80004836 (0x0001)
core   0: 0x80004838 (0x0377b0b3) mulhu   ra, a5, s7
core   0: 3 0x80004838 (0x0377b0b3) x 1 0x00000000
core   0: 0x8000483c (0x02a90433) mul     s0, s2, a0
core   0: 3 0x8000483c (0x02a90433) x 8 0x00070d58
core   0: 0x80004840 (0x00008445) c.srai  s0, 17
core   0: 3 0x80004840 (0x8445) x 8 0x00000003
core   0: 0x80004842 (0x011e78b3) and     a7, t3, a7
core   0: 3 0x80004842 (0x011e78b3) x17 0x00000000
core   0: 0x80004846 (0x000083dd) c.srli  a5, 23
core   0: 3 0x80004846 (0x83dd) x15 0x00000000
core   0: 0x80004848 (0x003b2733) slt     a4, s6, gp
core   0: 3 0x80004848 (0x003b2733) x14 0x00000000
core   0: 0x8000484c (0x02dd2633) mulhsu  a2, s10, a3
core   0: 3 0x8000484c (0x02dd2633) x12 0xefae21a7
core   0: 0x80004850 (0x00000001) c.nop
core   0: 3 0x80004850 (0x0001)
core   0: 0x80004852 (0x01122733) slt     a4, tp, a7
core   0: 3 0x80004852 (0x01122733) x14 0x00000001
core   0: 0x80004856 (0x0000069e) c.slli  a3, 7
core   0: 3 0x80004856 (0x069e) x13 0x00966200
core   0: 0x80004858 (0x00a3eb33) or      s6, t2, a0
core   0: 3 0x80004858 (0x00a3eb33) x22 0xfffffce6
core   0: 0x8000485c (0x00008a0d) c.andi  a2, 3
core   0: 3 0x8000485c (0x8a0d) x12 0x00000003
core   0: 0x8000485e (0xf7af2293) slti    t0, t5, -134
core   0: 3 0x8000485e (0xf7af2293) x 5 0x00000001
core   0: 0x80004862 (0x0000882e) c.mv    a6, a1
core   0: 3 0x80004862 (0x882e) x16 0x8000ee64
core   0: 0x80004864 (0x037d2033) mulhsu  zero, s10, s7
core   0: 3 0x80004864 (0x037d2033)
core   0: 0x80004868 (0x00008f19) c.sub   a4, a4
core   0: 3 0x80004868 (0x8f19) x14 0x00000000
core   0: 0x8000486a (0x000098fd) c.andi  s1, -1
core   0: 3 0x8000486a (0x98fd) x 9 0x000000cb
core   0: 0x8000486c (0x0d7f0893) addi    a7, t5, 215
core   0: 3 0x8000486c (0x0d7f0893) x17 0x900000d7
core   0: 0x80004870 (0x00445213) srli    tp, s0, 4
core   0: 3 0x80004870 (0x00445213) x 4 0x00000000
core   0: 0x80004874 (0xe9b8a293) slti    t0, a7, -357
core   0: 3 0x80004874 (0xe9b8a293) x 5 0x00000001
core   0: 0x80004878 (0x00009b7d) c.andi  a4, -1
core   0: 3 0x80004878 (0x9b7d) x14 0x00000000
core   0: 0x8000487a (0x00a06eb3) or      t4, zero, a0
core   0: 3 0x8000487a (0x00a06eb3) x29 0x80012ce4
core   0: 0x8000487e (0x00006ff5) c.lui   t6, 0x1d
core   0: 3 0x8000487e (0x6ff5) x31 0x0001d000
core   0: 0x80004880 (0x00006e25) c.lui   t3, 0x9
core   0: 3 0x80004880 (0x6e25) x28 0x00009000
core   0: 0x80004882 (0x02a78333) mul     t1, a5, a0
core   0: 3 0x80004882 (0x02a78333) x 6 0x00000000
core   0: 0x80004886 (0x01e15113) srli    sp, sp, 30
core   0: 3 0x80004886 (0x01e15113) x 2 0x00000000
core   0: 0x8000488a (0x02611eb3) mulh    t4, sp, t1
core   0: 3 0x8000488a (0x02611eb3) x29 0x00000000
core   0: 0x8000488e (0x0000179c) c.addi4spn a5, sp, 992
core   0: 3 0x8000488e (0x179c) x15 0x000003e0
core   0: 0x80004890 (0x0000717d) c.addi16sp sp, -16
core   0: 3 0x80004890 (0x717d) x 2 0xfffffff0
core   0: 0x80004892 (0x4069d3b3) sra     t2, s3, t1
core   0: 3 0x80004892 (0x4069d3b3) x 7 0x00000001
core   0: 0x80004896 (0xe2ce3093) sltiu   ra, t3, -468
core   0: 3 0x80004896 (0xe2ce3093) x 1 0x00000001
core   0: 0x8000489a (0x00a7d913) srli    s2, a5, 10
core   0: 3 0x8000489a (0x00a7d913) x18 0x00000000
core   0: 0x8000489e (0xc1efca93) xori    s5, t6, -994
core   0: 3 0x8000489e (0xc1efca93) x21 0xfffe2c1e
core   0: 0x800048a2 (0x015a1d13) slli    s10, s4, 21
core   0: 3 0x800048a2 (0x015a1d13) x26 0x00200000
core   0: 0x800048a6 (0x020be433) rem     s0, s7, zero
core   0: 3 0x800048a6 (0x020be433) x 8 0x00000196
core   0: 0x800048aa (0x000082de) c.mv    t0, s7
core   0: 3 0x800048aa (0x82de) x 5 0x00000196
core   0: 0x800048ac (0x00008ca9) c.xor   s1, a0
core   0: 3 0x800048ac (0x8ca9) x 9 0x80012c2f
core   0: 0x800048ae (0x0000717d) c.addi16sp sp, -16
core   0: 3 0x800048ae (0x717d) x 2 0xffffffe0
core   0: 0x800048b0 (0x5ee60313) addi    t1, a2, 1518
core   0: 3 0x800048b0 (0x5ee60313) x 6 0x000005f1
core   0: 0x800048b4 (0xd4363393) sltiu   t2, a2, -701
core   0: 3 0x800048b4 (0xd4363393) x 7 0x00000001
core   0: 0x800048b8 (0xf1dccd13) xori    s10, s9, -227
core   0: 3 0x800048b8 (0xf1dccd13) x26 0x7ffed3f9
core   0: 0x800048bc (0x00815eb3) srl     t4, sp, s0
core   0: 3 0x800048bc (0x00815eb3) x29 0x000003ff
core   0: 0x800048c0 (0x6409f293) andi    t0, s3, 1600
core   0: 3 0x800048c0 (0x6409f293) x 5 0x00000000
core   0: 0x800048c4 (0x00575b33) srl     s6, a4, t0
core   0: 3 0x800048c4 (0x00575b33) x22 0x00000000
core   0: 0x800048c8 (0x00008cdd) c.or    s1, a5
core   0: 3 0x800048c8 (0x8cdd) x 9 0x80012fef
core   0: 0x800048ca (0x01137cb3) and     s9, t1, a7
core   0: 3 0x800048ca (0x01137cb3) x25 0x000000d1
core   0: 0x800048ce (0x00ef5233) srl     tp, t5, a4
core   0: 3 0x800048ce (0x00ef5233) x 4 0x90000000
core   0: 0x800048d2 (0x038fe7b3) rem     a5, t6, s8
core   0: 3 0x800048d2 (0x038fe7b3) x15 0x0001d000
core   0: 0x800048d6 (0x00008f99) c.sub   a5, a4
core   0: 3 0x800048d6 (0x8f99) x15 0x0001d000
core   0: 0x800048d8 (0x02805833) divu    a6, zero, s0
core   0: 3 0x800048d8 (0x02805833) x16 0x00000000
core   0: 0x800048dc (0x00008c41) c.or    s0, s0
core   0: 3 0x800048dc (0x8c41) x 8 0x00000196
core   0: 0x800048de (0x02f73233) mulhu   tp, a4, a5
core   0: 3 0x800048de (0x02f73233) x 4 0x00000000
core   0: 0x800048e2 (0xe469f813) andi    a6, s3, -442
core   0: 3 0x800048e2 (0xe469f813) x16 0x00000000
core   0: 0x800048e6 (0xfcad3f93) sltiu   t6, s10, -54
core   0: 3 0x800048e6 (0xfcad3f93) x31 0x00000001
core   0: 0x800048ea (0x4b6f4713) xori    a4, t5, 1206
core   0: 3 0x800048ea (0x4b6f4713) x14 0x900004b6
core   0: 0x800048ee (0x00008c71) c.and   s0, a2
core   0: 3 0x800048ee (0x8c71) x 8 0x00000002
core   0: 0x800048f0 (0x0000868d) c.srai  a3, 3
core   0: 3 0x800048f0 (0x868d) x13 0x0012cc40
core   0: 0x800048f2 (0x01c26d33) or      s10, tp, t3
core   0: 3 0x800048f2 (0x01c26d33) x26 0x00009000
core   0: 0x800048f6 (0x00000001) c.nop
core   0: 3 0x800048f6 (0x0001)
core   0: 0x800048f8 (0x0000887d) c.andi  s0, 31
core   0: 3 0x800048f8 (0x887d) x 8 0x00000002
core   0: 0x800048fa (0x0000870d) c.srai  a4, 3
core   0: 3 0x800048fa (0x870d) x14 0xf2000096
core   0: 0x800048fc (0x00008f2d) c.xor   a4, a1
core   0: 3 0x800048fc (0x8f2d) x14 0x7200eef2
core   0: 0x800048fe (0x0000022e) c.slli  tp, 11
core   0: 3 0x800048fe (0x022e) x 4 0x00000000
core   0: 0x80004900 (0x40b35693) srai    a3, t1, 11
core   0: 3 0x80004900 (0x40b35693) x13 0x00000000
core   0: 0x80004904 (0x0196d193) srli    gp, a3, 25
core   0: 3 0x80004904 (0x0196d193) x 3 0x00000000
core   0: 0x80004908 (0x3cdaaf17) auipc   t5, 0x3cdaa
core   0: 3 0x80004908 (0x3cdaaf17) x30 0xbcdae908
core   0: 0x8000490c (0x414e5633) sra     a2, t3, s4
core   0: 3 0x8000490c (0x414e5633) x12 0x00004800
core   0: 0x80004910 (0x030b96b3) mulh    a3, s7, a6
core   0: 3 0x80004910 (0x030b96b3) x13 0x00000000
core   0: 0x80004914 (0xe4e46a97) auipc   s5, 0xe4e46
core   0: 3 0x80004914 (0xe4e46a97) x21 0x64e4a914
core   0: 0x80004918 (0x3aaa3e13) sltiu   t3, s4, 938
core   0: 3 0x80004918 (0x3aaa3e13) x28 0x00000001
core   0: 0x8000491c (0x00009afd) c.andi  a3, -1
core   0: 3 0x8000491c (0x9afd) x13 0x00000000
core   0: 0x8000491e (0x02e40cb3) mul     s9, s0, a4
core   0: 3 0x8000491e (0x02e40cb3) x25 0xe401dde4
core   0: 0x80004922 (0x004b20b3) slt     ra, s6, tp
core   0: 3 0x80004922 (0x004b20b3) x 1 0x00000000
core   0: 0x80004926 (0x037e8833) mul     a6, t4, s7
core   0: 3 0x80004926 (0x037e8833) x16 0x0006566a
core   0: 0x8000492a (0x02a5b133) mulhu   sp, a1, a0
core   0: 3 0x8000492a (0x02a5b133) x 2 0x40010da5
core   0: 0x8000492e (0x0352bfb3) mulhu   t6, t0, s5
core   0: 3 0x8000492e (0x0352bfb3) x31 0x00000000
core   0: 0x80004932 (0x0000869a) c.mv    a3, t1
core   0: 3 0x80004932 (0x869a) x13 0x000005f1
core   0: 0x80004934 (0x470d0b13) addi    s6, s10, 1136
core   0: 3 0x80004934 (0x470d0b13) x22 0x00009470
core   0: 0x80004938 (0x00009dc2) c.add   s11, a6
core   0: 3 0x80004938 (0x9dc2) x27 0x0006566a
core   0: 0x8000493a (0x013fcf33) xor     t5, t6, s3
core   0: 3 0x8000493a (0x013fcf33) x30 0x00000001
core   0: 0x8000493e (0x0000888d) c.andi  s1, 3
core   0: 3 0x8000493e (0x888d) x 9 0x00000003
core   0: 0x80004940 (0x0130f133) and     sp, ra, s3
core   0: 3 0x80004940 (0x0130f133) x 2 0x00000000
core   0: 0x80004944 (0x022def33) rem     t5, s11, sp
core   0: 3 0x80004944 (0x022def33) x30 0x0006566a
core   0: 0x80004948 (0x9f6dff13) andi    t5, s11, -1546
core   0: 3 0x80004948 (0x9f6dff13) x30 0x00065062
core   0: 0x8000494c (0xf21ce613) ori     a2, s9, -223
core   0: 3 0x8000494c (0xf21ce613) x12 0xffffffe5
core   0: 0x80004950 (0x01bb1a93) slli    s5, s6, 27
core   0: 3 0x80004950 (0x01bb1a93) x21 0x80000000
core   0: 0x80004954 (0x405459b3) sra     s3, s0, t0
core   0: 3 0x80004954 (0x405459b3) x19 0x00000002
core   0: 0x80004958 (0x01a45fb3) srl     t6, s0, s10
core   0: 3 0x80004958 (0x01a45fb3) x31 0x00000002
core   0: 0x8000495c (0x41f15313) srai    t1, sp, 31
core   0: 3 0x8000495c (0x41f15313) x 6 0x00000000
core   0: 0x80004960 (0x0000537d) c.li    t1, -1
core   0: 3 0x80004960 (0x537d) x 6 0xffffffff
core   0: 0x80004962 (0x000003dd) c.addi  t2, 23
core   0: 3 0x80004962 (0x03dd) x 7 0x00000018
core   0: 0x80004964 (0x000086ed) c.srai  a3, 27
core   0: 3 0x80004964 (0x86ed) x13 0x00000000
core   0: 0x80004966 (0x4160d293) srai    t0, ra, 22
core   0: 3 0x80004966 (0x4160d293) x 5 0x00000000
core   0: 0x8000496a (0x9e73ed93) ori     s11, t2, -1561
core   0: 3 0x8000496a (0x9e73ed93) x27 0xfffff9ff
core   0: 0x8000496e (0x41055c93) srai    s9, a0, 16
core   0: 3 0x8000496e (0x41055c93) x25 0xffff8001
core   0: 0x80004972 (0xe2b74413) xori    s0, a4, -469
core   0: 3 0x80004972 (0xe2b74413) x 8 0x8dff10d9
core   0: 0x80004976 (0xd8c7a413) slti    s0, a5, -628
core   0: 3 0x80004976 (0xd8c7a413) x 8 0x00000000
core   0: 0x8000497a (0x000084d1) c.srai  s1, 20
core   0: 3 0x8000497a (0x84d1) x 9 0x00000000
core   0: 0x8000497c (0x015f61b3) or      gp, t5, s5
core   0: 3 0x8000497c (0x015f61b3) x 3 0x80065062
core   0: 0x80004980 (0x000080e5) c.srli  s1, 25
core   0: 3 0x80004980 (0x80e5) x 9 0x00000000
core   0: 0x80004982 (0x00008e51) c.or    a2, a2
core   0: 3 0x80004982 (0x8e51) x12 0xffffffe5
core   0: 0x80004984 (0x0000864e) c.mv    a2, s3
core   0: 3 0x80004984 (0x864e) x12 0x00000002
core   0: 0x80004986 (0xb55f7413) andi    s0, t5, -1195
core   0: 3 0x80004986 (0xb55f7413) x 8 0x00065040
core   0: 0x8000498a (0x027acab3) div     s5, s5, t2
core   0: 3 0x8000498a (0x027acab3) x21 0xfaaaaaab
core   0: 0x8000498e (0x00008f8d) c.sub   a5, a1
core   0: 3 0x8000498e (0x8f8d) x15 0x8000e19c
core   0: 0x80004990 (0x013eea33) or      s4, t4, s3
core   0: 3 0x80004990 (0x013eea33) x20 0x000003ff
core   0: 0x80004994 (0x03c12133) mulhsu  sp, sp, t3
core   0: 3 0x80004994 (0x03c12133) x 2 0x00000000
core   0: 0x80004998 (0x02bdf433) remu    s0, s11, a1
core   0: 3 0x80004998 (0x02bdf433) x 8 0x7fff0b9b
core   0: 0x8000499c (0x40fb5d33) sra     s10, s6, a5
core   0: 3 0x8000499c (0x40fb5d33) x26 0x00000000
core   0: 0x800049a0 (0x00006109) c.addi16sp sp, 128
core   0: 3 0x800049a0 (0x6109) x 2 0x00000080
core   0: 0x800049a2 (0x00000386) c.slli  t2, 1
core   0: 3 0x800049a2 (0x0386) x 7 0x00000030
core   0: 0x800049a4 (0x027f6a33) rem     s4, t5, t2
core   0: 3 0x800049a4 (0x027f6a33) x20 0x00000022
core   0: 0x800049a8 (0xd342e813) ori     a6, t0, -716
core   0: 3 0x800049a8 (0xd342e813) x16 0xfffffd34
core   0: 0x800049ac (0x00008e09) c.sub   a2, a0
core   0: 3 0x800049ac (0x8e09) x12 0x7ffed31e
core   0: 0x800049ae (0x03b6fcb3) remu    s9, a3, s11
core   0: 3 0x800049ae (0x03b6fcb3) x25 0x00000000
core   0: 0x800049b2 (0x00009b7d) c.andi  a4, -1
core   0: 3 0x800049b2 (0x9b7d) x14 0x7200eef2
core   0: 0x800049b4 (0x0000830d) c.srli  a4, 3
core   0: 3 0x800049b4 (0x830d) x14 0x0e401dde
core   0: 0x800049b6 (0x03e58b33) mul     s6, a1, t5
core   0: 3 0x800049b6 (0x03e58b33) x22 0xe1328248
core   0: 0x800049ba (0x00006115) c.addi16sp sp, 288
core   0: 3 0x800049ba (0x6115) x 2 0x000001a0
core   0: 0x800049bc (0x41255eb3) sra     t4, a0, s2
core   0: 3 0x800049bc (0x41255eb3) x29 0x80012ce4
core   0: 0x800049c0 (0x1afae713) ori     a4, s5, 431
core   0: 3 0x800049c0 (0x1afae713) x14 0xfaaaabaf
core   0: 0x800049c4 (0x0000717d) c.addi16sp sp, -16
core   0: 3 0x800049c4 (0x717d) x 2 0x00000190
core   0: 0x800049c6 (0xd0f4f293) andi    t0, s1, -753
core   0: 3 0x800049c6 (0xd0f4f293) x 5 0x00000000
core   0: 0x800049ca (0x414fd2b3) sra     t0, t6, s4
core   0: 3 0x800049ca (0x414fd2b3) x 5 0x00000000
core   0: 0x800049ce (0x00000f62) c.slli  t5, 24
core   0: 3 0x800049ce (0x0f62) x30 0x62000000
core   0: 0x800049d0 (0x03fab3b3) mulhu   t2, s5, t6
core   0: 3 0x800049d0 (0x03fab3b3) x 7 0x00000001
core   0: 0x800049d4 (0x00e05693) srli    a3, zero, 14
core   0: 3 0x800049d4 (0x00e05693) x13 0x00000000
core   0: 0x800049d8 (0x02a657b3) divu    a5, a2, a0
core   0: 3 0x800049d8 (0x02a657b3) x15 0x00000000
core   0: 0x800049dc (0x0161fbb3) and     s7, gp, s6
core   0: 3 0x800049dc (0x0161fbb3) x23 0x80020040
core   0: 0x800049e0 (0x00000001) c.nop
core   0: 3 0x800049e0 (0x0001)
core   0: 0x800049e2 (0x00008d42) c.mv    s10, a6
core   0: 3 0x800049e2 (0x8d42) x26 0xfffffd34
core   0: 0x800049e4 (0x4082de93) srai    t4, t0, 8
core   0: 3 0x800049e4 (0x4082de93) x29 0x00000000
core   0: 0x800049e8 (0x02f4b2b3) mulhu   t0, s1, a5
core   0: 3 0x800049e8 (0x02f4b2b3) x 5 0x00000000
core   0: 0x800049ec (0x00558e33) add     t3, a1, t0
core   0: 3 0x800049ec (0x00558e33) x28 0x8000ee64
core   0: 0x800049f0 (0x02410d33) mul     s10, sp, tp
core   0: 3 0x800049f0 (0x02410d33) x26 0x00000000
core   0: 0x800049f4 (0xcaa23213) sltiu   tp, tp, -854
core   0: 3 0x800049f4 (0xcaa23213) x 4 0x00000001
core   0: 0x800049f8 (0x00bb6033) or      zero, s6, a1
core   0: 3 0x800049f8 (0x00bb6033)
core   0: 0x800049fc (0x00008c19) c.sub   s0, a4
core   0: 3 0x800049fc (0x8c19) x 8 0x85545fec
core   0: 0x800049fe (0x5de3b617) auipc   a2, 0x5de3b
core   0: 3 0x800049fe (0x5de3b617) x12 0xdde3f9fe
core   0: 0x80004a02 (0x03a3b6b3) mulhu   a3, t2, s10
core   0: 3 0x80004a02 (0x03a3b6b3) x13 0x00000000
core   0: 0x80004a06 (0x43f57613) andi    a2, a0, 1087
core   0: 3 0x80004a06 (0x43f57613) x12 0x00000424
core   0: 0x80004a0a (0x00e8b633) sltu    a2, a7, a4
core   0: 3 0x80004a0a (0x00e8b633) x12 0x00000001
core   0: 0x80004a0e (0x009eb833) sltu    a6, t4, s1
core   0: 3 0x80004a0e (0x009eb833) x16 0x00000000
core   0: 0x80004a12 (0x00008399) c.srli  a5, 6
core   0: 3 0x80004a12 (0x8399) x15 0x00000000
core   0: 0x80004a14 (0x02c81433) mulh    s0, a6, a2
core   0: 3 0x80004a14 (0x02c81433) x 8 0x00000000
core   0: 0x80004a18 (0x00008e49) c.or    a2, a0
core   0: 3 0x80004a18 (0x8e49) x12 0x80012ce5
core   0: 0x80004a1a (0x005b5e93) srli    t4, s6, 5
core   0: 3 0x80004a1a (0x005b5e93) x29 0x07099412
core   0: 0x80004a1e (0x02141ab3) mulh    s5, s0, ra
core   0: 3 0x80004a1e (0x02141ab3) x21 0x00000000
core   0: 0x80004a22 (0x025638b3) mulhu   a7, a2, t0
core   0: 3 0x80004a22 (0x025638b3) x17 0x00000000
core   0: 0x80004a26 (0xf6fa0613) addi    a2, s4, -145
core   0: 3 0x80004a26 (0xf6fa0613) x12 0xffffff91
core   0: 0x80004a2a (0x00000294) c.addi4spn a3, sp, 320
core   0: 3 0x80004a2a (0x0294) x13 0x000002d0
core   0: 0x80004a2c (0x00f02eb3) slt     t4, zero, a5
core   0: 3 0x80004a2c (0x00f02eb3) x29 0x00000000
core   0: 0x80004a30 (0x2b861717) auipc   a4, 0x2b861
core   0: 3 0x80004a30 (0x2b861717) x14 0xab865a30
core   0: 0x80004a34 (0x0274bcb3) mulhu   s9, s1, t2
core   0: 3 0x80004a34 (0x0274bcb3) x25 0x00000000
core   0: 0x80004a38 (0x019852b3) srl     t0, a6, s9
core   0: 3 0x80004a38 (0x019852b3) x 5 0x00000000
core   0: 0x80004a3c (0x00000001) c.nop
core   0: 3 0x80004a3c (0x0001)
core   0: 0x80004a3e (0x00efd293) srli    t0, t6, 14
core   0: 3 0x80004a3e (0x00efd293) x 5 0x00000000
core   0: 0x80004a42 (0x01c61e93) slli    t4, a2, 28
core   0: 3 0x80004a42 (0x01c61e93) x29 0x10000000
core   0: 0x80004a46 (0xe2397213) andi    tp, s2, -477
core   0: 3 0x80004a46 (0xe2397213) x 4 0x00000000
core   0: 0x80004a4a (0x02fc4b33) div     s6, s8, a5
core   0: 3 0x80004a4a (0x02fc4b33) x22 0xffffffff
core   0: 0x80004a4e (0x00008fa9) c.xor   a5, a0
core   0: 3 0x80004a4e (0x8fa9) x15 0x80012ce4
core   0: 0x80004a50 (0x02dbeeb3) rem     t4, s7, a3
core   0: 3 0x80004a50 (0x02dbeeb3) x29 0xffffffe0
core   0: 0x80004a54 (0xba8a9917) auipc   s2, 0xba8a9
core   0: 3 0x80004a54 (0xba8a9917) x18 0x3a8ada54
core   0: 0x80004a58 (0x45083793) sltiu   a5, a6, 1104
core   0: 3 0x80004a58 (0x45083793) x15 0x00000001
core   0: 0x80004a5c (0x03e7f6b3) remu    a3, a5, t5
core   0: 3 0x80004a5c (0x03e7f6b3) x13 0x00000001
core   0: 0x80004a60 (0x0392a8b3) mulhsu  a7, t0, s9
core   0: 3 0x80004a60 (0x0392a8b3) x17 0x00000000
core   0: 0x80004a64 (0x00006135) c.addi16sp sp, 352
core   0: 3 0x80004a64 (0x6135) x 2 0x000002f0
core   0: 0x80004a66 (0xc56f7393) andi    t2, t5, -938
core   0: 3 0x80004a66 (0xc56f7393) x 7 0x62000000
core   0: 0x80004a6a (0x106b3a93) sltiu   s5, s6, 262
core   0: 3 0x80004a6a (0x106b3a93) x21 0x00000000
core   0: 0x80004a6e (0x66d7c037) lui     zero, 0x66d7c
core   0: 3 0x80004a6e (0x66d7c037)
core   0: 0x80004a72 (0x02695b33) divu    s6, s2, t1
core   0: 3 0x80004a72 (0x02695b33) x22 0x00000000
core   0: 0x80004a76 (0x00006155) c.addi16sp sp, 304
core   0: 3 0x80004a76 (0x6155) x 2 0x00000420
core   0: 0x80004a78 (0x00000bb1) c.addi  s7, 12
core   0: 3 0x80004a78 (0x0bb1) x23 0x8002004c
core   0: 0x80004a7a (0x0113d193) srli    gp, t2, 17
core   0: 3 0x80004a7a (0x0113d193) x 3 0x00003100
core   0: 0x80004a7e (0x00000435) c.addi  s0, 13
core   0: 3 0x80004a7e (0x0435) x 8 0x0000000d
core   0: 0x80004a80 (0xb757a693) slti    a3, a5, -1163
core   0: 3 0x80004a80 (0xb757a693) x13 0x00000000
core   0: 0x80004a84 (0x000052fd) c.li    t0, -1
core   0: 3 0x80004a84 (0x52fd) x 5 0xffffffff
core   0: 0x80004a86 (0x02749133) mulh    sp, s1, t2
core   0: 3 0x80004a86 (0x02749133) x 2 0x00000000
core   0: 0x80004a8a (0x00006a1d) c.lui   s4, 0x7
core   0: 3 0x80004a8a (0x6a1d) x20 0x00007000
core   0: 0x80004a8c (0x4c762d93) slti    s11, a2, 1223
core   0: 3 0x80004a8c (0x4c762d93) x27 0x00000001
core   0: 0x80004a90 (0x00032cb3) slt     s9, t1, zero
core   0: 3 0x80004a90 (0x00032cb3) x25 0x00000001
core   0: 0x80004a94 (0x01e75913) srli    s2, a4, 30
core   0: 3 0x80004a94 (0x01e75913) x18 0x00000002
core   0: 0x80004a98 (0x601cb113) sltiu   sp, s9, 1537
core   0: 3 0x80004a98 (0x601cb113) x 2 0x00000001
core   0: 0x80004a9c (0x00a06033) or      zero, zero, a0
core   0: 3 0x80004a9c (0x00a06033)
core   0: 0x80004aa0 (0xec592f13) slti    t5, s2, -315
core   0: 3 0x80004aa0 (0xec592f13) x30 0x00000000
core   0: 0x80004aa4 (0x51557e13) andi    t3, a0, 1301
core   0: 3 0x80004aa4 (0x51557e13) x28 0x00000404
core   0: 0x80004aa8 (0x33569d17) auipc   s10, 0x33569
core   0: 3 0x80004aa8 (0x33569d17) x26 0xb356daa8
core   0: 0x80004aac (0x5a380313) addi    t1, a6, 1443
core   0: 3 0x80004aac (0x5a380313) x 6 0x000005a3
core   0: 0x80004ab0 (0x00006c91) c.lui   s9, 0x4
core   0: 3 0x80004ab0 (0x6c91) x25 0x00004000
core   0: 0x80004ab2 (0x000084f9) c.srai  s1, 30
core   0: 3 0x80004ab2 (0x84f9) x 9 0x00000000
core   0: 0x80004ab4 (0x015e9413) slli    s0, t4, 21
core   0: 3 0x80004ab4 (0x015e9413) x 8 0xfc000000
core   0: 0x80004ab8 (0x020a8133) mul     sp, s5, zero
core   0: 3 0x80004ab8 (0x020a8133) x 2 0x00000000
core   0: 0x80004abc (0x41a6dd93) srai    s11, a3, 26
core   0: 3 0x80004abc (0x41a6dd93) x27 0x00000000
core   0: 0x80004ac0 (0x00008c51) c.or    s0, a2
core   0: 3 0x80004ac0 (0x8c51) x 8 0xffffff91
core   0: 0x80004ac2 (0x020bfeb3) remu    t4, s7, zero
core   0: 3 0x80004ac2 (0x020bfeb3) x29 0x8002004c
core   0: 0x80004ac6 (0x00008c85) c.sub   s1, s1
core   0: 3 0x80004ac6 (0x8c85) x 9 0x00000000
core   0: 0x80004ac8 (0x00008e25) c.xor   a2, s1
core   0: 3 0x80004ac8 (0x8e25) x12 0xffffff91
core   0: 0x80004aca (0x00001a7d) c.addi  s4, -1
core   0: 3 0x80004aca (0x1a7d) x20 0x00006fff
core   0: 0x80004acc (0x000083bd) c.srli  a5, 15
core   0: 3 0x80004acc (0x83bd) x15 0x00000000
core   0: 0x80004ace (0xec087b13) andi    s6, a6, -320
core   0: 3 0x80004ace (0xec087b13) x22 0x00000000
core   0: 0x80004ad2 (0x013efeb3) and     t4, t4, s3
core   0: 3 0x80004ad2 (0x013efeb3) x29 0x00000000
core   0: 0x80004ad6 (0x000087ed) c.srai  a5, 27
core   0: 3 0x80004ad6 (0x87ed) x15 0x00000000
core   0: 0x80004ad8 (0x03a5ad33) mulhsu  s10, a1, s10
core   0: 3 0x80004ad8 (0x03a5ad33) x26 0xa65539ac
core   0: 0x80004adc (0x0091c8b3) xor     a7, gp, s1
core   0: 3 0x80004adc (0x0091c8b3) x17 0x00003100
core   0: 0x80004ae0 (0x006c1313) slli    t1, s8, 6
core   0: 3 0x80004ae0 (0x006c1313) x 6 0xf09f8fc0
core   0: 0x80004ae4 (0x00008fd5) c.or    a5, a3
core   0: 3 0x80004ae4 (0x8fd5) x15 0x00000000
core   0: 0x80004ae6 (0x034e7cb3) remu    s9, t3, s4
core   0: 3 0x80004ae6 (0x034e7cb3) x25 0x00000404
core   0: 0x80004aea (0x00008406) c.mv    s0, ra
core   0: 3 0x80004aea (0x8406) x 8 0x00000000
core   0: 0x80004aec (0x00008cfd) c.and   s1, a5
core   0: 3 0x80004aec (0x8cfd) x 9 0x00000000
core   0: 0x80004aee (0x0000717d) c.addi16sp sp, -16
core   0: 3 0x80004aee (0x717d) x 2 0xfffffff0
core   0: 0x80004af0 (0x00008021) c.srli  s0, 8
core   0: 3 0x80004af0 (0x8021) x 8 0x00000000
core   0: 0x80004af2 (0x1a42a813) slti    a6, t0, 420
core   0: 3 0x80004af2 (0x1a42a813) x16 0x00000001
core   0: 0x80004af6 (0x00000001) c.nop
core   0: 3 0x80004af6 (0x0001)
core   0: 0x80004af8 (0x01c91393) slli    t2, s2, 28
core   0: 3 0x80004af8 (0x01c91393) x 7 0x20000000
core   0: 0x80004afc (0xa769c813) xori    a6, s3, -1418
core   0: 3 0x80004afc (0xa769c813) x16 0xfffffa74
core   0: 0x80004b00 (0x0000987d) c.andi  s0, -1
core   0: 3 0x80004b00 (0x987d) x 8 0x00000000
core   0: 0x80004b02 (0x033eddb3) divu    s11, t4, s3
core   0: 3 0x80004b02 (0x033eddb3) x27 0x00000000
core   0: 0x80004b06 (0x00008652) c.mv    a2, s4
core   0: 3 0x80004b06 (0x8652) x12 0x00006fff
core   0: 0x80004b08 (0x0170c4b3) xor     s1, ra, s7
core   0: 3 0x80004b08 (0x0170c4b3) x 9 0x8002004c
core   0: 0x80004b0c (0x020be733) rem     a4, s7, zero
core   0: 3 0x80004b0c (0x020be733) x14 0x8002004c
core   0: 0x80004b10 (0x00001a14) c.addi4spn a3, sp, 304
core   0: 3 0x80004b10 (0x1a14) x13 0x00000120
core   0: 0x80004b12 (0x5d1bad13) slti    s10, s7, 1489
core   0: 3 0x80004b12 (0x5d1bad13) x26 0x00000001
core   0: 0x80004b16 (0x0166fdb3) and     s11, a3, s6
core   0: 3 0x80004b16 (0x0166fdb3) x27 0x00000000
core   0: 0x80004b1a (0x00000ae1) c.addi  s5, 24
core   0: 3 0x80004b1a (0x0ae1) x21 0x00000018
core   0: 0x80004b1c (0x000084e9) c.srai  s1, 26
core   0: 3 0x80004b1c (0x84e9) x 9 0xffffffe0
core   0: 0x80004b1e (0x01f8de13) srli    t3, a7, 31
core   0: 3 0x80004b1e (0x01f8de13) x28 0x00000000
core   0: 0x80004b22 (0x0000882d) c.andi  s0, 11
core   0: 3 0x80004b22 (0x882d) x 8 0x00000000
core   0: 0x80004b24 (0x00008776) c.mv    a4, t4
core   0: 3 0x80004b24 (0x8776) x14 0x00000000
core   0: 0x80004b26 (0x00af03b3) add     t2, t5, a0
core   0: 3 0x80004b26 (0x00af03b3) x 7 0x80012ce4
core   0: 0x80004b2a (0x5a059017) auipc   zero, 0x5a059
core   0: 3 0x80004b2a (0x5a059017)
core   0: 0x80004b2e (0x0208aab3) mulhsu  s5, a7, zero
core   0: 3 0x80004b2e (0x0208aab3) x21 0x00000000
core   0: 0x80004b32 (0x00b01713) slli    a4, zero, 11
core   0: 3 0x80004b32 (0x00b01713) x14 0x00000000
core   0: 0x80004b36 (0x02a7d7b3) divu    a5, a5, a0
core   0: 3 0x80004b36 (0x02a7d7b3) x15 0x00000000
core   0: 0x80004b3a (0x026021b3) mulhsu  gp, zero, t1
core   0: 3 0x80004b3a (0x026021b3) x 3 0x00000000
core   0: 0x80004b3e (0x03eb2833) mulhsu  a6, s6, t5
core   0: 3 0x80004b3e (0x03eb2833) x16 0x00000000
core   0: 0x80004b42 (0x00008225) c.srli  a2, 9
core   0: 3 0x80004b42 (0x8225) x12 0x00000037
core   0: 0x80004b44 (0x00000001) c.nop
core   0: 3 0x80004b44 (0x0001)
core   0: 0x80004b46 (0x01bd93b3) sll     t2, s11, s11
core   0: 3 0x80004b46 (0x01bd93b3) x 7 0x00000000
core   0: 0x80004b4a (0x0000838a) c.mv    t2, sp
core   0: 3 0x80004b4a (0x838a) x 7 0xfffffff0
core   0: 0x80004b4c (0x0000889a) c.mv    a7, t1
core   0: 3 0x80004b4c (0x889a) x17 0xf09f8fc0
core   0: 0x80004b4e (0x00008e69) c.and   a2, a0
core   0: 3 0x80004b4e (0x8e69) x12 0x00000024
core   0: 0x80004b50 (0x55aceb13) ori     s6, s9, 1370
core   0: 3 0x80004b50 (0x55aceb13) x22 0x0000055e
core   0: 0x80004b54 (0x01b8be33) sltu    t3, a7, s11
core   0: 3 0x80004b54 (0x01b8be33) x28 0x00000000
core   0: 0x80004b58 (0x00000001) c.nop
core   0: 3 0x80004b58 (0x0001)
core   0: 0x80004b5a (0x01f93833) sltu    a6, s2, t6
core   0: 3 0x80004b5a (0x01f93833) x16 0x00000000
core   0: 0x80004b5e (0x02c24f33) div     t5, tp, a2
core   0: 3 0x80004b5e (0x02c24f33) x30 0x00000000
core   0: 0x80004b62 (0x00008679) c.srai  a2, 30
core   0: 3 0x80004b62 (0x8679) x12 0x00000000
core   0: 0x80004b64 (0x03c851b3) divu    gp, a6, t3
core   0: 3 0x80004b64 (0x03c851b3) x 3 0xffffffff
core   0: 0x80004b68 (0xeed0e193) ori     gp, ra, -275
core   0: 3 0x80004b68 (0xeed0e193) x 3 0xfffffeed
core   0: 0x80004b6c (0x41df84b3) sub     s1, t6, t4
core   0: 3 0x80004b6c (0x41df84b3) x 9 0x00000002
core   0: 0x80004b70 (0x7ac58413) addi    s0, a1, 1964
core   0: 3 0x80004b70 (0x7ac58413) x 8 0x8000f610
core   0: 0x80004b74 (0x022b5d33) divu    s10, s6, sp
core   0: 3 0x80004b74 (0x022b5d33) x26 0x00000000
core   0: 0x80004b78 (0x010bf4b3) and     s1, s7, a6
core   0: 3 0x80004b78 (0x010bf4b3) x 9 0x00000000
core   0: 0x80004b7c (0x46a02b93) slti    s7, zero, 1130
core   0: 3 0x80004b7c (0x46a02b93) x23 0x00000001
core   0: 0x80004b80 (0x00000001) c.nop
core   0: 3 0x80004b80 (0x0001)
core   0: 0x80004b82 (0xf342b313) sltiu   t1, t0, -204
core   0: 3 0x80004b82 (0xf342b313) x 6 0x00000000
core   0: 0x80004b86 (0x01e9e433) or      s0, s3, t5
core   0: 3 0x80004b86 (0x01e9e433) x 8 0x00000002
core   0: 0x80004b8a (0x015e4e33) xor     t3, t3, s5
core   0: 3 0x80004b8a (0x015e4e33) x28 0x00000000
core   0: 0x80004b8e (0x407f5133) sra     sp, t5, t2
core   0: 3 0x80004b8e (0x407f5133) x 2 0x00000000
core   0: 0x80004b92 (0x0000011c) c.addi4spn a5, sp, 128
core   0: 3 0x80004b92 (0x011c) x15 0x00000080
core   0: 0x80004b94 (0x0000717d) c.addi16sp sp, -16
core   0: 3 0x80004b94 (0x717d) x 2 0xfffffff0
core   0: 0x80004b96 (0x00769493) slli    s1, a3, 7
core   0: 3 0x80004b96 (0x00769493) x 9 0x00009000
core   0: 0x80004b9a (0x412983b3) sub     t2, s3, s2
core   0: 3 0x80004b9a (0x412983b3) x 7 0x00000000
core   0: 0x80004b9e (0x00000001) c.nop
core   0: 3 0x80004b9e (0x0001)
core   0: 0x80004ba0 (0x00008765) c.srai  a4, 25
core   0: 3 0x80004ba0 (0x8765) x14 0x00000000
core   0: 0x80004ba2 (0x80000837) lui     a6, 0x80000
core   0: 3 0x80004ba2 (0x80000837) x16 0x80000000
core   0: 0x80004ba6 (0xfff00d13) li      s10, -1
core   0: 3 0x80004ba6 (0xfff00d13) x26 0xffffffff
core   0: 0x80004baa (0x137e76b7) lui     a3, 0x137e7
core   0: 3 0x80004baa (0x137e76b7) x13 0x137e7000
core   0: 0x80004bae (0x0a868693) addi    a3, a3, 168
core   0: 3 0x80004bae (0x0a868693) x13 0x137e70a8
core   0: 0x80004bb2 (0x80000b37) lui     s6, 0x80000
core   0: 3 0x80004bb2 (0x80000b37) x22 0x80000000
core   0: 0x80004bb6 (0xdf98f637) lui     a2, 0xdf98f
core   0: 3 0x80004bb6 (0xdf98f637) x12 0xdf98f000
core   0: 0x80004bba (0x4cf60613) addi    a2, a2, 1231
core   0: 3 0x80004bba (0x4cf60613) x12 0xdf98f4cf
core   0: 0x80004bbe (0xfff00f93) li      t6, -1
core   0: 3 0x80004bbe (0xfff00f93) x31 0xffffffff
core   0: 0x80004bc2 (0xfff00d93) li      s11, -1
core   0: 3 0x80004bc2 (0xfff00d93) x27 0xffffffff
core   0: 0x80004bc6 (0xa2f16337) lui     t1, 0xa2f16
core   0: 3 0x80004bc6 (0xa2f16337) x 6 0xa2f16000
core   0: 0x80004bca (0x74030313) addi    t1, t1, 1856
core   0: 3 0x80004bca (0x74030313) x 6 0xa2f16740
core   0: 0x80004bce (0xfff00913) li      s2, -1
core   0: 3 0x80004bce (0xfff00913) x18 0xffffffff
core   0: 0x80004bd2 (0xfff00f13) li      t5, -1
core   0: 3 0x80004bd2 (0xfff00f13) x30 0xffffffff
core   0: 0x80004bd6 (0x03fd4db3) div     s11, s10, t6
core   0: 3 0x80004bd6 (0x03fd4db3) x27 0x00000001
core   0: 0x80004bda (0x032d3fb3) mulhu   t6, s10, s2
core   0: 3 0x80004bda (0x032d3fb3) x31 0xfffffffe
core   0: 0x80004bde (0x02d67db3) remu    s11, a2, a3
core   0: 3 0x80004bde (0x02d67db3) x27 0x092a1d97
core   0: 0x80004be2 (0x026ffdb3) remu    s11, t6, t1
core   0: 3 0x80004be2 (0x026ffdb3) x27 0x5d0e98be
core   0: 0x80004be6 (0xde468d93) addi    s11, a3, -540
core   0: 3 0x80004be6 (0xde468d93) x27 0x137e6e8c
core   0: 0x80004bea (0x030b4833) div     a6, s6, a6
core   0: 3 0x80004bea (0x030b4833) x16 0x00000001
core   0: 0x80004bee (0x03f856b3) divu    a3, a6, t6
core   0: 3 0x80004bee (0x03f856b3) x13 0x00000000
core   0: 0x80004bf2 (0x030d1fb3) mulh    t6, s10, a6
core   0: 3 0x80004bf2 (0x030d1fb3) x31 0xffffffff
core   0: 0x80004bf6 (0x02c6c933) div     s2, a3, a2
core   0: 3 0x80004bf6 (0x02c6c933) x18 0x00000000
core   0: 0x80004bfa (0x030b5833) divu    a6, s6, a6
core   0: 3 0x80004bfa (0x030b5833) x16 0x80000000
core   0: 0x80004bfe (0x03f6cfb3) div     t6, a3, t6
core   0: 3 0x80004bfe (0x03f6cfb3) x31 0x00000000
core   0: 0x80004c02 (0x00000001) c.nop
core   0: 3 0x80004c02 (0x0001)
core   0: 0x80004c04 (0x00000001) c.nop
core   0: 3 0x80004c04 (0x0001)
core   0: 0x80004c06 (0xc223fb17) auipc   s6, 0xc223f
core   0: 3 0x80004c06 (0xc223fb17) x22 0x42243c06
core   0: 0x80004c0a (0x01060db3) add     s11, a2, a6
core   0: 3 0x80004c0a (0x01060db3) x27 0x5f98f4cf
core   0: 0x80004c0e (0x03a83833) mulhu   a6, a6, s10
core   0: 3 0x80004c0e (0x03a83833) x16 0x7fffffff
core   0: 0x80004c12 (0x98764637) lui     a2, 0x98764
core   0: 3 0x80004c12 (0x98764637) x12 0x98764000
core   0: 0x80004c16 (0x03e6dd33) divu    s10, a3, t5
core   0: 3 0x80004c16 (0x03e6dd33) x26 0x00000000
core   0: 0x80004c1a (0x03ef3fb3) mulhu   t6, t5, t5
core   0: 3 0x80004c1a (0x03ef3fb3) x31 0xfffffffe
core   0: 0x80004c1e (0x02632333) mulhsu  t1, t1, t1
core   0: 3 0x80004c1e (0x02632333) x 6 0xc4c50310
core   0: 0x80004c22 (0x03edc633) div     a2, s11, t5
core   0: 3 0x80004c22 (0x03edc633) x12 0xa0670b31
core   0: 0x80004c26 (0x03285333) divu    t1, a6, s2
core   0: 3 0x80004c26 (0x03285333) x 6 0xffffffff
core   0: 0x80004c2a (0x03fb0633) mul     a2, s6, t6
core   0: 3 0x80004c2a (0x03fb0633) x12 0x7bb787f4
core   0: 0x80004c2e (0x02c37b33) remu    s6, t1, a2
core   0: 3 0x80004c2e (0x02c37b33) x22 0x0890f017
core   0: 0x80004c32 (0x02d6e633) rem     a2, a3, a3
core   0: 3 0x80004c32 (0x02d6e633) x12 0x00000000
core   0: 0x80004c36 (0x03a866b3) rem     a3, a6, s10
core   0: 3 0x80004c36 (0x03a866b3) x13 0x7fffffff
core   0: 0x80004c3a (0x03f68fb3) mul     t6, a3, t6
core   0: 3 0x80004c3a (0x03f68fb3) x31 0x00000002
core   0: 0x80004c3e (0x03f6f333) remu    t1, a3, t6
core   0: 3 0x80004c3e (0x03f6f333) x 6 0x00000001
core   0: 0x80004c42 (0x00000001) c.nop
core   0: 3 0x80004c42 (0x0001)
core   0: 0x80004c44 (0x298d2a13) slti    s4, s10, 664
core   0: 3 0x80004c44 (0x298d2a13) x20 0x00000001
core   0: 0x80004c48 (0x00009466) c.add   s0, s9
core   0: 3 0x80004c48 (0x9466) x 8 0x00000406
core   0: 0x80004c4a (0x000008d6) c.slli  a7, 21
core   0: 3 0x80004c4a (0x08d6) x17 0xf8000000
core   0: 0x80004c4c (0x41715f13) srai    t5, sp, 23
core   0: 3 0x80004c4c (0x41715f13) x30 0xffffffff
core   0: 0x80004c50 (0xb278c413) xori    s0, a7, -1241
core   0: 3 0x80004c50 (0xb278c413) x 8 0x07fffb27
core   0: 0x80004c54 (0x01139213) slli    tp, t2, 17
core   0: 3 0x80004c54 (0x01139213) x 4 0x00000000
core   0: 0x80004c58 (0x8a893313) sltiu   t1, s2, -1880
core   0: 3 0x80004c58 (0x8a893313) x 6 0x00000001
core   0: 0x80004c5c (0x6b3e4413) xori    s0, t3, 1715
core   0: 3 0x80004c5c (0x6b3e4413) x 8 0x000006b3
core   0: 0x80004c60 (0x009fe833) or      a6, t6, s1
core   0: 3 0x80004c60 (0x009fe833) x16 0x00009002
core   0: 0x80004c64 (0xdad8ba93) sltiu   s5, a7, -595
core   0: 3 0x80004c64 (0xdad8ba93) x21 0x00000001
core   0: 0x80004c68 (0x024e9a33) mulh    s4, t4, tp
core   0: 3 0x80004c68 (0x024e9a33) x20 0x00000000
core   0: 0x80004c6c (0x00006351) c.lui   t1, 0x14
core   0: 3 0x80004c6c (0x6351) x 6 0x00014000
core   0: 0x80004c6e (0x0000075d) c.addi  a4, 23
core   0: 3 0x80004c6e (0x075d) x14 0x00000017
core   0: 0x80004c70 (0x0273ce33) div     t3, t2, t2
core   0: 3 0x80004c70 (0x0273ce33) x28 0xffffffff
core   0: 0x80004c74 (0x01855db3) srl     s11, a0, s8
core   0: 3 0x80004c74 (0x01855db3) x27 0x00000001
core   0: 0x80004c78 (0x00a55493) srli    s1, a0, 10
core   0: 3 0x80004c78 (0x00a55493) x 9 0x0020004b
core   0: 0x80004c7c (0x00008419) c.srai  s0, 6
core   0: 3 0x80004c7c (0x8419) x 8 0x0000001a
core   0: 0x80004c7e (0x00a9d433) srl     s0, s3, a0
core   0: 3 0x80004c7e (0x00a9d433) x 8 0x00000000
core   0: 0x80004c82 (0x00008e0d) c.sub   a2, a1
core   0: 3 0x80004c82 (0x8e0d) x12 0x7fff119c
core   0: 0x80004c84 (0x387e0397) auipc   t2, 0x387e0
core   0: 3 0x80004c84 (0x387e0397) x 7 0xb87e4c84
core   0: 0x80004c88 (0x00000a4a) c.slli  s4, 18
core   0: 3 0x80004c88 (0x0a4a) x20 0x00000000
core   0: 0x80004c8a (0x000098fd) c.andi  s1, -1
core   0: 3 0x80004c8a (0x98fd) x 9 0x0020004b
core   0: 0x80004c8c (0x40dad4b3) sra     s1, s5, a3
core   0: 3 0x80004c8c (0x40dad4b3) x 9 0x00000000
core   0: 0x80004c90 (0x413888b3) sub     a7, a7, s3
core   0: 3 0x80004c90 (0x413888b3) x17 0xf7fffffe
core   0: 0x80004c94 (0x000091e2) c.add   gp, s8
core   0: 3 0x80004c94 (0x91e2) x 3 0xffc27d2c
core   0: 0x80004c96 (0x00001a7d) c.addi  s4, -1
core   0: 3 0x80004c96 (0x1a7d) x20 0xffffffff
core   0: 0x80004c98 (0x000043e9) c.li    t2, 26
core   0: 3 0x80004c98 (0x43e9) x 7 0x0000001a
core   0: 0x80004c9a (0x000068e5) c.lui   a7, 0x19
core   0: 3 0x80004c9a (0x68e5) x17 0x00019000
core   0: 0x80004c9c (0x02ad1933) mulh    s2, s10, a0
core   0: 3 0x80004c9c (0x02ad1933) x18 0x00000000
core   0: 0x80004ca0 (0x0000717d) c.addi16sp sp, -16
core   0: 3 0x80004ca0 (0x717d) x 2 0xffffffe0
core   0: 0x80004ca2 (0x41aedd93) srai    s11, t4, 26
core   0: 3 0x80004ca2 (0x41aedd93) x27 0x00000000
core   0: 0x80004ca6 (0x00008e3a) c.mv    t3, a4
core   0: 3 0x80004ca6 (0x8e3a) x28 0x00000017
core   0: 0x80004ca8 (0x408c57b3) sra     a5, s8, s0
core   0: 3 0x80004ca8 (0x408c57b3) x15 0xffc27e3f
core   0: 0x80004cac (0x033aa7b3) mulhsu  a5, s5, s3
core   0: 3 0x80004cac (0x033aa7b3) x15 0x00000000
core   0: 0x80004cb0 (0x019f4133) xor     sp, t5, s9
core   0: 3 0x80004cb0 (0x019f4133) x 2 0xfffffbfb
core   0: 0x80004cb4 (0x033c42b3) div     t0, s8, s3
core   0: 3 0x80004cb4 (0x033c42b3) x 5 0xffe13f20
core   0: 0x80004cb8 (0x03a308b3) mul     a7, t1, s10
core   0: 3 0x80004cb8 (0x03a308b3) x17 0x00000000
core   0: 0x80004cbc (0x014fc433) xor     s0, t6, s4
core   0: 3 0x80004cbc (0x014fc433) x 8 0xfffffffd
core   0: 0x80004cc0 (0x000086fd) c.srai  a3, 31
core   0: 3 0x80004cc0 (0x86fd) x13 0x00000000
core   0: 0x80004cc2 (0x02cf3933) mulhu   s2, t5, a2
core   0: 3 0x80004cc2 (0x02cf3933) x18 0x7fff119b
core   0: 0x80004cc6 (0x023f51b3) divu    gp, t5, gp
core   0: 3 0x80004cc6 (0x023f51b3) x 3 0x00000001
core   0: 0x80004cca (0x9df771b7) lui     gp, 0x9df77
core   0: 3 0x80004cca (0x9df771b7) x 3 0x9df77000
core   0: 0x80004cce (0x5564a393) slti    t2, s1, 1366
core   0: 3 0x80004cce (0x5564a393) x 7 0x00000001
core   0: 0x80004cd2 (0xa957f113) andi    sp, a5, -1387
core   0: 3 0x80004cd2 (0xa957f113) x 2 0x00000000
core   0: 0x80004cd6 (0x00006a39) c.lui   s4, 0xe
core   0: 3 0x80004cd6 (0x6a39) x20 0x0000e000
core   0: 0x80004cd8 (0x000096e6) c.add   a3, s9
core   0: 3 0x80004cd8 (0x96e6) x13 0x00000404
core   0: 0x80004cda (0x03bb0bb3) mul     s7, s6, s11
core   0: 3 0x80004cda (0x03bb0bb3) x23 0x00000000
core   0: 0x80004cde (0x00008c3d) c.xor   s0, a5
core   0: 3 0x80004cde (0x8c3d) x 8 0xfffffffd
core   0: 0x80004ce0 (0xbcc92793) slti    a5, s2, -1076
core   0: 3 0x80004ce0 (0xbcc92793) x15 0x00000000
core   0: 0x80004ce4 (0x00000001) c.nop
core   0: 3 0x80004ce4 (0x0001)
core   0: 0x80004ce6 (0x50b6f493) andi    s1, a3, 1291
core   0: 3 0x80004ce6 (0x50b6f493) x 9 0x00000400
core   0: 0x80004cea (0x94373d13) sltiu   s10, a4, -1725
core   0: 3 0x80004cea (0x94373d13) x26 0x00000001
core   0: 0x80004cee (0x016d8a33) add     s4, s11, s6
core   0: 3 0x80004cee (0x016d8a33) x20 0x0890f017
core   0: 0x80004cf2 (0x00008f3d) c.xor   a4, a5
core   0: 3 0x80004cf2 (0x8f3d) x14 0x00000017
core   0: 0x80004cf4 (0x980e0e13) addi    t3, t3, -1664
core   0: 3 0x80004cf4 (0x980e0e13) x28 0xfffff997
core   0: 0x80004cf8 (0x000098fd) c.andi  s1, -1
core   0: 3 0x80004cf8 (0x98fd) x 9 0x00000400
core   0: 0x80004cfa (0x01775393) srli    t2, a4, 23
core   0: 3 0x80004cfa (0x01775393) x 7 0x00000000
core   0: 0x80004cfe (0x39a17b93) andi    s7, sp, 922
core   0: 3 0x80004cfe (0x39a17b93) x23 0x00000000
core   0: 0x80004d02 (0x01c9abb3) slt     s7, s3, t3
core   0: 3 0x80004d02 (0x01c9abb3) x23 0x00000000
core   0: 0x80004d06 (0x00960d33) add     s10, a2, s1
core   0: 3 0x80004d06 (0x00960d33) x26 0x7fff159c
core   0: 0x80004d0a (0x01dacab3) xor     s5, s5, t4
core   0: 3 0x80004d0a (0x01dacab3) x21 0x00000001
core   0: 0x80004d0e (0x00006141) c.addi16sp sp, 16
core   0: 3 0x80004d0e (0x6141) x 2 0x00000010
core   0: 0x80004d10 (0x033aeab3) rem     s5, s5, s3
core   0: 3 0x80004d10 (0x033aeab3) x21 0x00000001
core   0: 0x80004d14 (0x01c6c733) xor     a4, a3, t3
core   0: 3 0x80004d14 (0x01c6c733) x14 0xfffffd93
core   0: 0x80004d18 (0x000018fd) c.addi  a7, -1
core   0: 3 0x80004d18 (0x18fd) x17 0xffffffff
core   0: 0x80004d1a (0x0000861e) c.mv    a2, t2
core   0: 3 0x80004d1a (0x861e) x12 0x00000000
core   0: 0x80004d1c (0x006659b3) srl     s3, a2, t1
core   0: 3 0x80004d1c (0x006659b3) x19 0x00000000
core   0: 0x80004d20 (0x000083d1) c.srli  a5, 20
core   0: 3 0x80004d20 (0x83d1) x15 0x00000000
core   0: 0x80004d22 (0x006fbeb3) sltu    t4, t6, t1
core   0: 3 0x80004d22 (0x006fbeb3) x29 0x00000001
core   0: 0x80004d26 (0xd2e92437) lui     s0, 0xd2e92
core   0: 3 0x80004d26 (0xd2e92437) x 8 0xd2e92000
core   0: 0x80004d2a (0x035f7d33) remu    s10, t5, s5
core   0: 3 0x80004d2a (0x035f7d33) x26 0x00000000
core   0: 0x80004d2e (0x007148b3) xor     a7, sp, t2
core   0: 3 0x80004d2e (0x007148b3) x17 0x00000010
core   0: 0x80004d32 (0x00008039) c.srli  s0, 14
core   0: 3 0x80004d32 (0x8039) x 8 0x00034ba4
core   0: 0x80004d34 (0x03aaa033) mulhsu  zero, s5, s10
core   0: 3 0x80004d34 (0x03aaa033)
core   0: 0x80004d38 (0x01460433) add     s0, a2, s4
core   0: 3 0x80004d38 (0x01460433) x 8 0x0890f017
core   0: 0x80004d3c (0x000083a1) c.srli  a5, 8
core   0: 3 0x80004d3c (0x83a1) x15 0x00000000
core   0: 0x80004d3e (0x00fd7133) and     sp, s10, a5
core   0: 3 0x80004d3e (0x00fd7133) x 2 0x00000000
core   0: 0x80004d42 (0x000083d5) c.srli  a5, 21
core   0: 3 0x80004d42 (0x83d5) x15 0x00000000
core   0: 0x80004d44 (0x00008c5d) c.or    s0, a5
core   0: 3 0x80004d44 (0x8c5d) x 8 0x0890f017
core   0: 0x80004d46 (0x00591733) sll     a4, s2, t0
core   0: 3 0x80004d46 (0x00591733) x14 0x7fff119b
core   0: 0x80004d4a (0x00000471) c.addi  s0, 28
core   0: 3 0x80004d4a (0x0471) x 8 0x0890f033
core   0: 0x80004d4c (0x00000001) c.nop
core   0: 3 0x80004d4c (0x0001)
core   0: 0x80004d4e (0x01471193) slli    gp, a4, 20
core   0: 3 0x80004d4e (0x01471193) x 3 0x19b00000
core   0: 0x80004d52 (0x8195e093) ori     ra, a1, -2023
core   0: 3 0x80004d52 (0x8195e093) x 1 0xfffffe7d
core   0: 0x80004d56 (0x2bbb0d37) lui     s10, 0x2bbb0
core   0: 3 0x80004d56 (0x2bbb0d37) x26 0x2bbb0000
core   0: 0x80004d5a (0x00d21f33) sll     t5, tp, a3
core   0: 3 0x80004d5a (0x00d21f33) x30 0x00000000
core   0: 0x80004d5e (0x005ed2b3) srl     t0, t4, t0
core   0: 3 0x80004d5e (0x005ed2b3) x 5 0x00000001
core   0: 0x80004d62 (0x026524b3) mulhsu  s1, a0, t1
core   0: 3 0x80004d62 (0x026524b3) x 9 0xffff6001
core   0: 0x80004d66 (0x181e3293) sltiu   t0, t3, 385
core   0: 3 0x80004d66 (0x181e3293) x 5 0x00000000
core   0: 0x80004d6a (0x00008fad) c.xor   a5, a1
core   0: 3 0x80004d6a (0x8fad) x15 0x8000ee64
core   0: 0x80004d6c (0x009964b3) or      s1, s2, s1
core   0: 3 0x80004d6c (0x009964b3) x 9 0xffff719b
core   0: 0x80004d70 (0x00005a7d) c.li    s4, -1
core   0: 3 0x80004d70 (0x5a7d) x20 0xffffffff
core   0: 0x80004d72 (0x8c50c113) xori    sp, ra, -1851
core   0: 3 0x80004d72 (0x8c50c113) x 2 0x000006b8
core   0: 0x80004d76 (0x403483b3) sub     t2, s1, gp
core   0: 3 0x80004d76 (0x403483b3) x 7 0xe64f719b
core   0: 0x80004d7a (0x03573cb3) mulhu   s9, a4, s5
core   0: 3 0x80004d7a (0x03573cb3) x25 0x00000000
core   0: 0x80004d7e (0x01bfecb3) or      s9, t6, s11
core   0: 3 0x80004d7e (0x01bfecb3) x25 0x00000002
core   0: 0x80004d82 (0x00c22433) slt     s0, tp, a2
core   0: 3 0x80004d82 (0x00c22433) x 8 0x00000000
core   0: 0x80004d86 (0x029e49b3) div     s3, t3, s1
core   0: 3 0x80004d86 (0x029e49b3) x19 0x00000000
core   0: 0x80004d8a (0xcd387e13) andi    t3, a6, -813
core   0: 3 0x80004d8a (0xcd387e13) x28 0x00009002
core   0: 0x80004d8e (0x00001d18) c.addi4spn a4, sp, 688
core   0: 3 0x80004d8e (0x1d18) x14 0x00000968
core   0: 0x80004d90 (0xec2b0d37) lui     s10, 0xec2b0
core   0: 3 0x80004d90 (0xec2b0d37) x26 0xec2b0000
core   0: 0x80004d94 (0x00008fd1) c.or    a5, a2
core   0: 3 0x80004d94 (0x8fd1) x15 0x8000ee64
core   0: 0x80004d96 (0x01ed4bb3) xor     s7, s10, t5
core   0: 3 0x80004d96 (0x01ed4bb3) x23 0xec2b0000
core   0: 0x80004d9a (0x0293c1b3) div     gp, t2, s1
core   0: 3 0x80004d9a (0x0293c1b3) x 3 0x00002e2f
core   0: 0x80004d9e (0x00d99a13) slli    s4, s3, 13
core   0: 3 0x80004d9e (0x00d99a13) x20 0x00000000
core   0: 0x80004da2 (0x000007a1) c.addi  a5, 8
core   0: 3 0x80004da2 (0x07a1) x15 0x8000ee6c
core   0: 0x80004da4 (0x000082dd) c.srli  a3, 23
core   0: 3 0x80004da4 (0x82dd) x13 0x00000000
core   0: 0x80004da6 (0x0000171c) c.addi4spn a5, sp, 928
core   0: 3 0x80004da6 (0x171c) x15 0x00000a58
core   0: 0x80004da8 (0x021a3a33) mulhu   s4, s4, ra
core   0: 3 0x80004da8 (0x021a3a33) x20 0x00000000
core   0: 0x80004dac (0x00008379) c.srli  a4, 30
core   0: 3 0x80004dac (0x8379) x14 0x00000000
core   0: 0x80004dae (0x03acf133) remu    sp, s9, s10
core   0: 3 0x80004dae (0x03acf133) x 2 0x00000002
core   0: 0x80004db2 (0x00734bb3) xor     s7, t1, t2
core   0: 3 0x80004db2 (0x00734bb3) x23 0xe64e319b
core   0: 0x80004db6 (0x40055433) sra     s0, a0, zero
core   0: 3 0x80004db6 (0x40055433) x 8 0x80012ce4
core   0: 0x80004dba (0x0ec471b7) lui     gp, 0xec47
core   0: 3 0x80004dba (0x0ec471b7) x 3 0x0ec47000
core   0: 0x80004dbe (0x00008ffd) c.and   a5, a5
core   0: 3 0x80004dbe (0x8ffd) x15 0x00000a58
core   0: 0x80004dc0 (0x00008edd) c.or    a3, a5
core   0: 3 0x80004dc0 (0x8edd) x13 0x00000a58
core   0: 0x80004dc2 (0x00004e01) c.li    t3, 0
core   0: 3 0x80004dc2 (0x4e01) x28 0x00000000
core   0: 0x80004dc4 (0x00000001) c.nop
core   0: 3 0x80004dc4 (0x0001)
core   0: 0x80004dc6 (0x00f59293) slli    t0, a1, 15
core   0: 3 0x80004dc6 (0x00f59293) x 5 0x77320000
core   0: 0x80004dca (0x581a4f13) xori    t5, s4, 1409
core   0: 3 0x80004dca (0x581a4f13) x30 0x00000581
core   0: 0x80004dce (0x00008331) c.srli  a4, 12
core   0: 3 0x80004dce (0x8331) x14 0x00000000
core   0: 0x80004dd0 (0x02f22433) mulhsu  s0, tp, a5
core   0: 3 0x80004dd0 (0x02f22433) x 8 0x00000000
core   0: 0x80004dd4 (0x5f863f93) sltiu   t6, a2, 1528
core   0: 3 0x80004dd4 (0x5f863f93) x31 0x00000001
core   0: 0x80004dd8 (0x02d5c0b3) div     ra, a1, a3
core   0: 3 0x80004dd8 (0x02d5c0b3) x 1 0xfff3a030
core   0: 0x80004ddc (0x00008e1d) c.sub   a2, a5
core   0: 3 0x80004ddc (0x8e1d) x12 0xfffff5a8
core   0: 0x80004dde (0x028b7433) remu    s0, s6, s0
core   0: 3 0x80004dde (0x028b7433) x 8 0x0890f017
core   0: 0x80004de2 (0x00000890) c.addi4spn a2, sp, 80
core   0: 3 0x80004de2 (0x0890) x12 0x00000052
core   0: 0x80004de4 (0x2704e817) auipc   a6, 0x2704e
core   0: 3 0x80004de4 (0x2704e817) x16 0xa7052de4
core   0: 0x80004de8 (0x022dcf33) div     t5, s11, sp
core   0: 3 0x80004de8 (0x022dcf33) x30 0x00000000
core   0: 0x80004dec (0x00008ffe) c.mv    t6, t6
core   0: 3 0x80004dec (0x8ffe) x31 0x00000001
core   0: 0x80004dee (0x00009d3a) c.add   s10, a4
core   0: 3 0x80004dee (0x9d3a) x26 0xec2b0000
core   0: 0x80004df0 (0x02af18b3) mulh    a7, t5, a0
core   0: 3 0x80004df0 (0x02af18b3) x17 0x00000000
core   0: 0x80004df4 (0x019abbb3) sltu    s7, s5, s9
core   0: 3 0x80004df4 (0x019abbb3) x23 0x00000001
core   0: 0x80004df8 (0x02464033) div     zero, a2, tp
core   0: 3 0x80004df8 (0x02464033)
core   0: 0x80004dfc (0x032748b3) div     a7, a4, s2
core   0: 3 0x80004dfc (0x032748b3) x17 0x00000000
core   0: 0x80004e00 (0x01eee433) or      s0, t4, t5
core   0: 3 0x80004e00 (0x01eee433) x 8 0x00000001
core   0: 0x80004e04 (0x01231d93) slli    s11, t1, 18
core   0: 3 0x80004e04 (0x01231d93) x27 0x00000000
core   0: 0x80004e08 (0x015a5ab3) srl     s5, s4, s5
core   0: 3 0x80004e08 (0x015a5ab3) x21 0x00000000
core   0: 0x80004e0c (0x412e5333) sra     t1, t3, s2
core   0: 3 0x80004e0c (0x412e5333) x 6 0x00000000
core   0: 0x80004e10 (0x00008ade) c.mv    s5, s7
core   0: 3 0x80004e10 (0x8ade) x21 0x00000001
core   0: 0x80004e12 (0x0000717d) c.addi16sp sp, -16
core   0: 3 0x80004e12 (0x717d) x 2 0xfffffff2
core   0: 0x80004e14 (0x413c5113) srai    sp, s8, 19
core   0: 3 0x80004e14 (0x413c5113) x 2 0xfffffff8
core   0: 0x80004e18 (0x00df9e33) sll     t3, t6, a3
core   0: 3 0x80004e18 (0x00df9e33) x28 0x01000000
core   0: 0x80004e1c (0x026f2933) mulhsu  s2, t5, t1
core   0: 3 0x80004e1c (0x026f2933) x18 0x00000000
core   0: 0x80004e20 (0x4043d633) sra     a2, t2, tp
core   0: 3 0x80004e20 (0x4043d633) x12 0xe64f719b
core   0: 0x80004e24 (0x03c5d8b3) divu    a7, a1, t3
core   0: 3 0x80004e24 (0x03c5d8b3) x17 0x00000080
core   0: 0x80004e28 (0x010c0f33) add     t5, s8, a6
core   0: 3 0x80004e28 (0x010c0f33) x30 0xa6c7ac23
core   0: 0x80004e2c (0xd83ab197) auipc   gp, 0xd83ab
core   0: 3 0x80004e2c (0xd83ab197) x 3 0x583afe2c
core   0: 0x80004e30 (0x8f8f0b93) addi    s7, t5, -1800
core   0: 3 0x80004e30 (0x8f8f0b93) x23 0xa6c7a51b
core   0: 0x80004e34 (0x00008f19) c.sub   a4, a4
core   0: 3 0x80004e34 (0x8f19) x14 0x00000000
core   0: 0x80004e36 (0x01b21613) slli    a2, tp, 27
core   0: 3 0x80004e36 (0x01b21613) x12 0x00000000
core   0: 0x80004e3a (0x027428b3) mulhsu  a7, s0, t2
core   0: 3 0x80004e3a (0x027428b3) x17 0x00000000
core   0: 0x80004e3e (0x0000843d) c.srai  s0, 15
core   0: 3 0x80004e3e (0x843d) x 8 0x00000000
core   0: 0x80004e40 (0xe2d3f2b7) lui     t0, 0xe2d3f
core   0: 3 0x80004e40 (0xe2d3f2b7) x 5 0xe2d3f000
core   0: 0x80004e44 (0xcf25a137) lui     sp, 0xcf25a
core   0: 3 0x80004e44 (0xcf25a137) x 2 0xcf25a000
core   0: 0x80004e48 (0x008eacb3) slt     s9, t4, s0
core   0: 3 0x80004e48 (0x008eacb3) x25 0x00000000
core   0: 0x80004e4c (0x654cad93) slti    s11, s9, 1620
core   0: 3 0x80004e4c (0x654cad93) x27 0x00000001
core   0: 0x80004e50 (0x0268e9b3) rem     s3, a7, t1
core   0: 3 0x80004e50 (0x0268e9b3) x19 0x00000000
core   0: 0x80004e54 (0x030d44b3) div     s1, s10, a6
core   0: 3 0x80004e54 (0x030d44b3) x 9 0x00000000
core   0: 0x80004e58 (0x9beeae13) slti    t3, t4, -1602
core   0: 3 0x80004e58 (0x9beeae13) x28 0x00000000
core   0: 0x80004e5c (0x00000a0e) c.slli  s4, 3
core   0: 3 0x80004e5c (0x0a0e) x20 0x00000000
core   0: 0x80004e5e (0x00008475) c.srai  s0, 29
core   0: 3 0x80004e5e (0x8475) x 8 0x00000000
core   0: 0x80004e60 (0x000084d1) c.srai  s1, 20
core   0: 3 0x80004e60 (0x84d1) x 9 0x00000000
core   0: 0x80004e62 (0x41455413) srai    s0, a0, 20
core   0: 3 0x80004e62 (0x41455413) x 8 0xfffff800
core   0: 0x80004e66 (0x00009a7d) c.andi  a2, -1
core   0: 3 0x80004e66 (0x9a7d) x12 0x00000000
core   0: 0x80004e68 (0xae086f13) ori     t5, a6, -1312
core   0: 3 0x80004e68 (0xae086f13) x30 0xffffffe4
core   0: 0x80004e6c (0x00000c00) c.addi4spn s0, sp, 528
core   0: 3 0x80004e6c (0x0c00) x 8 0xcf25a210
core   0: 0x80004e6e (0x4025df93) srai    t6, a1, 2
core   0: 3 0x80004e6e (0x4025df93) x31 0xe0003b99
core   0: 0x80004e72 (0x8dc5ca13) xori    s4, a1, -1828
core   0: 3 0x80004e72 (0x8dc5ca13) x20 0x7fff16b8
core   0: 0x80004e76 (0x005a9793) slli    a5, s5, 5
core   0: 3 0x80004e76 (0x005a9793) x15 0x00000020
core   0: 0x80004e7a (0x000082a2) c.mv    t0, s0
core   0: 3 0x80004e7a (0x82a2) x 5 0xcf25a210
core   0: 0x80004e7c (0x031009b3) mul     s3, zero, a7
core   0: 3 0x80004e7c (0x031009b3) x19 0x00000000
core   0: 0x80004e80 (0x0382f633) remu    a2, t0, s8
core   0: 3 0x80004e80 (0x0382f633) x12 0xcf25a210
core   0: 0x80004e84 (0x02918fb3) mul     t6, gp, s1
core   0: 3 0x80004e84 (0x02918fb3) x31 0x00000000
core   0: 0x80004e88 (0x00009e0a) c.add   t3, sp
core   0: 3 0x80004e88 (0x9e0a) x28 0xcf25a000
core   0: 0x80004e8a (0x00008f9e) c.mv    t6, t2
core   0: 3 0x80004e8a (0x8f9e) x31 0xe64f719b
core   0: 0x80004e8c (0x400953b3) sra     t2, s2, zero
core   0: 3 0x80004e8c (0x400953b3) x 7 0x00000000
core   0: 0x80004e90 (0x000080f9) c.srli  s1, 30
core   0: 3 0x80004e90 (0x80f9) x 9 0x00000000
core   0: 0x80004e92 (0x022e90b3) mulh    ra, t4, sp
core   0: 3 0x80004e92 (0x022e90b3) x 1 0xffffffff
core   0: 0x80004e96 (0x4a9cd737) lui     a4, 0x4a9cd
core   0: 3 0x80004e96 (0x4a9cd737) x14 0x4a9cd000
core   0: 0x80004e9a (0x00009bfd) c.andi  a5, -1
core   0: 3 0x80004e9a (0x9bfd) x15 0x00000020
core   0: 0x80004e9c (0x0000807d) c.srli  s0, 31
core   0: 3 0x80004e9c (0x807d) x 8 0x00000001
core   0: 0x80004e9e (0x00000001) c.nop
core   0: 3 0x80004e9e (0x0001)
core   0: 0x80004ea0 (0x750c7f93) andi    t6, s8, 1872
core   0: 3 0x80004ea0 (0x750c7f93) x31 0x00000610
core   0: 0x80004ea4 (0x30790413) addi    s0, s2, 775
core   0: 3 0x80004ea4 (0x30790413) x 8 0x00000307
core   0: 0x80004ea8 (0x0d64c993) xori    s3, s1, 214
core   0: 3 0x80004ea8 (0x0d64c993) x19 0x000000d6
core   0: 0x80004eac (0x000086dd) c.srai  a3, 23
core   0: 3 0x80004eac (0x86dd) x13 0x00000000
core   0: 0x80004eae (0x00370db3) add     s11, a4, gp
core   0: 3 0x80004eae (0x00370db3) x27 0xa2d7ce2c
core   0: 0x80004eb2 (0x00cc1db3) sll     s11, s8, a2
core   0: 3 0x80004eb2 (0x00cc1db3) x27 0x7e3f0000
core   0: 0x80004eb6 (0x00000001) c.nop
core   0: 3 0x80004eb6 (0x0001)
core   0: 0x80004eb8 (0x008ede13) srli    t3, t4, 8
core   0: 3 0x80004eb8 (0x008ede13) x28 0x00000000
core   0: 0x80004ebc (0x0075ad33) slt     s10, a1, t2
core   0: 3 0x80004ebc (0x0075ad33) x26 0x00000001
core   0: 0x80004ec0 (0x7995e013) ori     zero, a1, 1945
core   0: 3 0x80004ec0 (0x7995e013)
core   0: 0x80004ec4 (0x78f8e813) ori     a6, a7, 1935
core   0: 3 0x80004ec4 (0x78f8e813) x16 0x0000078f
core   0: 0x80004ec8 (0x00008ca5) c.xor   s1, s1
core   0: 3 0x80004ec8 (0x8ca5) x 9 0x00000000
core   0: 0x80004eca (0x00000e9c) c.addi4spn a5, sp, 848
core   0: 3 0x80004eca (0x0e9c) x15 0xcf25a350
core   0: 0x80004ecc (0x3186ea93) ori     s5, a3, 792
core   0: 3 0x80004ecc (0x3186ea93) x21 0x00000318
core   0: 0x80004ed0 (0x013a6eb3) or      t4, s4, s3
core   0: 3 0x80004ed0 (0x013a6eb3) x29 0x7fff16fe
core   0: 0x80004ed4 (0x00000001) c.nop
core   0: 3 0x80004ed4 (0x0001)
core   0: 0x80004ed6 (0x01710833) add     a6, sp, s7
core   0: 3 0x80004ed6 (0x01710833) x16 0x75ed451b
core   0: 0x80004eda (0x000012fd) c.addi  t0, -1
core   0: 3 0x80004eda (0x12fd) x 5 0xcf25a20f
core   0: 0x80004edc (0x00001e7d) c.addi  t3, -1
core   0: 3 0x80004edc (0x1e7d) x28 0xffffffff
core   0: 0x80004ede (0x00c75493) srli    s1, a4, 12
core   0: 3 0x80004ede (0x00c75493) x 9 0x0004a9cd
core   0: 0x80004ee2 (0x0243f3b3) remu    t2, t2, tp
core   0: 3 0x80004ee2 (0x0243f3b3) x 7 0x00000000
core   0: 0x80004ee6 (0x00000001) c.nop
core   0: 3 0x80004ee6 (0x0001)
core   0: 0x80004ee8 (0x40ffd933) sra     s2, t6, a5
core   0: 3 0x80004ee8 (0x40ffd933) x18 0x00000000
core   0: 0x80004eec (0x03560433) mul     s0, a2, s5
core   0: 3 0x80004eec (0x03560433) x 8 0xdc6d6180
core   0: 0x80004ef0 (0x00004459) c.li    s0, 22
core   0: 3 0x80004ef0 (0x4459) x 8 0x00000016
core   0: 0x80004ef2 (0x0141b1b3) sltu    gp, gp, s4
core   0: 3 0x80004ef2 (0x0141b1b3) x 3 0x00000001
core   0: 0x80004ef6 (0x64ff8713) addi    a4, t6, 1615
core   0: 3 0x80004ef6 (0x64ff8713) x14 0x00000c5f
core   0: 0x80004efa (0x001acfb3) xor     t6, s5, ra
core   0: 3 0x80004efa (0x001acfb3) x31 0xfffffce7
core   0: 0x80004efe (0x31757413) andi    s0, a0, 791
core   0: 3 0x80004efe (0x31757413) x 8 0x00000004
core   0: 0x80004f02 (0x0ec40b13) addi    s6, s0, 236
core   0: 3 0x80004f02 (0x0ec40b13) x22 0x000000f0
core   0: 0x80004f06 (0x00448db3) add     s11, s1, tp
core   0: 3 0x80004f06 (0x00448db3) x27 0x0004a9cd
core   0: 0x80004f0a (0x14d08693) addi    a3, ra, 333
core   0: 3 0x80004f0a (0x14d08693) x13 0x0000014c
core   0: 0x80004f0e (0xe6033713) sltiu   a4, t1, -416
core   0: 3 0x80004f0e (0xe6033713) x14 0x00000001
core   0: 0x80004f12 (0x03a8a1b3) mulhsu  gp, a7, s10
core   0: 3 0x80004f12 (0x03a8a1b3) x 3 0x00000000
core   0: 0x80004f16 (0x00009622) c.add   a2, s0
core   0: 3 0x80004f16 (0x9622) x12 0xcf25a214
core   0: 0x80004f18 (0x031d0433) mul     s0, s10, a7
core   0: 3 0x80004f18 (0x031d0433) x 8 0x00000000
core   0: 0x80004f1c (0x03d751b3) divu    gp, a4, t4
core   0: 3 0x80004f1c (0x03d751b3) x 3 0x00000000
core   0: 0x80004f20 (0x03526a33) rem     s4, tp, s5
core   0: 3 0x80004f20 (0x03526a33) x20 0x00000000
core   0: 0x80004f24 (0xc75ac993) xori    s3, s5, -907
core   0: 3 0x80004f24 (0xc75ac993) x19 0xffffff6d
core   0: 0x80004f28 (0x0000079a) c.slli  a5, 6
core   0: 3 0x80004f28 (0x079a) x15 0xc968d400
core   0: 0x80004f2a (0x008062b3) or      t0, zero, s0
core   0: 3 0x80004f2a (0x008062b3) x 5 0x00000000
core   0: 0x80004f2e (0x003c7f33) and     t5, s8, gp
core   0: 3 0x80004f2e (0x003c7f33) x30 0x00000000
core   0: 0x80004f32 (0x41915613) srai    a2, sp, 25
core   0: 3 0x80004f32 (0x41915613) x12 0xffffffe7
core   0: 0x80004f36 (0x01cf6433) or      s0, t5, t3
core   0: 3 0x80004f36 (0x01cf6433) x 8 0xffffffff
core   0: 0x80004f3a (0x9e952f97) auipc   t6, 0x9e952
core   0: 3 0x80004f3a (0x9e952f97) x31 0x1e956f3a
core   0: 0x80004f3e (0x0000801d) c.srli  s0, 7
core   0: 3 0x80004f3e (0x801d) x 8 0x01ffffff
core   0: 0x80004f40 (0x00d67433) and     s0, a2, a3
core   0: 3 0x80004f40 (0x00d67433) x 8 0x00000144
core   0: 0x80004f44 (0x00000bf6) c.slli  s7, 29
core   0: 3 0x80004f44 (0x0bf6) x23 0x60000000
core   0: 0x80004f46 (0x00000172) c.slli  sp, 28
core   0: 3 0x80004f46 (0x0172) x 2 0x00000000
core   0: 0x80004f48 (0x000014fd) c.addi  s1, -1
core   0: 3 0x80004f48 (0x14fd) x 9 0x0004a9cc
core   0: 0x80004f4a (0x02594033) div     zero, s2, t0
core   0: 3 0x80004f4a (0x02594033)
core   0: 0x80004f4e (0x038a4d33) div     s10, s4, s8
core   0: 3 0x80004f4e (0x038a4d33) x26 0x00000000
core   0: 0x80004f52 (0x016e31b3) sltu    gp, t3, s6
core   0: 3 0x80004f52 (0x016e31b3) x 3 0x00000000
core   0: 0x80004f56 (0xb500c037) lui     zero, 0xb500c
core   0: 3 0x80004f56 (0xb500c037)
core   0: 0x80004f5a (0x7ec49817) auipc   a6, 0x7ec49
core   0: 3 0x80004f5a (0x7ec49817) x16 0xfec4df5a
core   0: 0x80004f5e (0x02ff0033) mul     zero, t5, a5
core   0: 3 0x80004f5e (0x02ff0033)
core   0: 0x80004f62 (0x021c51b3) divu    gp, s8, ra
core   0: 3 0x80004f62 (0x021c51b3) x 3 0x00000000
core   0: 0x80004f66 (0x00008cb5) c.xor   s1, a3
core   0: 3 0x80004f66 (0x8cb5) x 9 0x0004a880
core   0: 0x80004f68 (0x0000973e) c.add   a4, a5
core   0: 3 0x80004f68 (0x973e) x14 0xc968d401
core   0: 0x80004f6a (0x03cdcdb3) div     s11, s11, t3
core   0: 3 0x80004f6a (0x03cdcdb3) x27 0xfffb5633
core   0: 0x80004f6e (0x03680133) mul     sp, a6, s6
core   0: 3 0x80004f6e (0x03680133) x 2 0xd8916460
core   0: 0x80004f72 (0x00c9a1b3) slt     gp, s3, a2
core   0: 3 0x80004f72 (0x00c9a1b3) x 3 0x00000001
core   0: 0x80004f76 (0x00001298) c.addi4spn a4, sp, 352
core   0: 3 0x80004f76 (0x1298) x14 0xd89165c0
core   0: 0x80004f78 (0x00000929) c.addi  s2, 10
core   0: 3 0x80004f78 (0x0929) x18 0x0000000a
core   0: 0x80004f7a (0x01402eb3) slt     t4, zero, s4
core   0: 3 0x80004f7a (0x01402eb3) x29 0x00000000
core   0: 0x80004f7e (0x00000001) c.nop
core   0: 3 0x80004f7e (0x0001)
core   0: 0x80004f80 (0x12810013) addi    zero, sp, 296
core   0: 3 0x80004f80 (0x12810013)
core   0: 0x80004f84 (0x002016b3) sll     a3, zero, sp
core   0: 3 0x80004f84 (0x002016b3) x13 0x00000000
core   0: 0x80004f88 (0x7ef96f93) ori     t6, s2, 2031
core   0: 3 0x80004f88 (0x7ef96f93) x31 0x000007ef
core   0: 0x80004f8c (0x02ff6833) rem     a6, t5, a5
core   0: 3 0x80004f8c (0x02ff6833) x16 0x00000000
core   0: 0x80004f90 (0x01671db3) sll     s11, a4, s6
core   0: 3 0x80004f90 (0x01671db3) x27 0x65c00000
core   0: 0x80004f94 (0x018ba6b3) slt     a3, s7, s8
core   0: 3 0x80004f94 (0x018ba6b3) x13 0x00000000
core   0: 0x80004f98 (0x403fddb3) sra     s11, t6, gp
core   0: 3 0x80004f98 (0x403fddb3) x27 0x000003f7
core   0: 0x80004f9c (0x02f32db3) mulhsu  s11, t1, a5
core   0: 3 0x80004f9c (0x02f32db3) x27 0x00000000
core   0: 0x80004fa0 (0x9f437a93) andi    s5, t1, -1548
core   0: 3 0x80004fa0 (0x9f437a93) x21 0x00000000
core   0: 0x80004fa4 (0x00000001) c.nop
core   0: 3 0x80004fa4 (0x0001)
core   0: 0x80004fa6 (0x000002c2) c.slli  t0, 16
core   0: 3 0x80004fa6 (0x02c2) x 5 0x00000000
core   0: 0x80004fa8 (0x00939813) slli    a6, t2, 9
core   0: 3 0x80004fa8 (0x00939813) x16 0x00000000
core   0: 0x80004fac (0x0000860d) c.srai  a2, 3
core   0: 3 0x80004fac (0x860d) x12 0xfffffffc
core   0: 0x80004fae (0x00008ee5) c.and   a3, s1
core   0: 3 0x80004fae (0x8ee5) x13 0x00000000
core   0: 0x80004fb0 (0x0306d933) divu    s2, a3, a6
core   0: 3 0x80004fb0 (0x0306d933) x18 0xffffffff
core   0: 0x80004fb4 (0x00006145) c.addi16sp sp, 48
core   0: 3 0x80004fb4 (0x6145) x 2 0xd8916490
core   0: 0x80004fb6 (0x01567233) and     tp, a2, s5
core   0: 3 0x80004fb6 (0x01567233) x 4 0x00000000
core   0: 0x80004fba (0x00008f75) c.and   a4, a3
core   0: 3 0x80004fba (0x8f75) x14 0x00000000
core   0: 0x80004fbc (0x01b1f833) and     a6, gp, s11
core   0: 3 0x80004fbc (0x01b1f833) x16 0x00000000
core   0: 0x80004fc0 (0x00c30bb3) add     s7, t1, a2
core   0: 3 0x80004fc0 (0x00c30bb3) x23 0xfffffffc
core   0: 0x80004fc4 (0x00401fb3) sll     t6, zero, tp
core   0: 3 0x80004fc4 (0x00401fb3) x31 0x00000000
core   0: 0x80004fc8 (0x0165db93) srli    s7, a1, 22
core   0: 3 0x80004fc8 (0x0165db93) x23 0x00000200
core   0: 0x80004fcc (0x00008f69) c.and   a4, a0
core   0: 3 0x80004fcc (0x8f69) x14 0x00000000
core   0: 0x80004fce (0x01dede93) srli    t4, t4, 29
core   0: 3 0x80004fce (0x01dede93) x29 0x00000000
core   0: 0x80004fd2 (0x01d45a17) auipc   s4, 0x1d45
core   0: 3 0x80004fd2 (0x01d45a17) x20 0x81d49fd2
core   0: 0x80004fd6 (0x00008c1d) c.sub   s0, a5
core   0: 3 0x80004fd6 (0x8c1d) x 8 0x36972d44
core   0: 0x80004fd8 (0x00fed493) srli    s1, t4, 15
core   0: 3 0x80004fd8 (0x00fed493) x 9 0x00000000
core   0: 0x80004fdc (0x1876a013) slti    zero, a3, 391
core   0: 3 0x80004fdc (0x1876a013)
core   0: 0x80004fe0 (0x0000717d) c.addi16sp sp, -16
core   0: 3 0x80004fe0 (0x717d) x 2 0xd8916480
core   0: 0x80004fe2 (0xfc0b2a93) slti    s5, s6, -64
core   0: 3 0x80004fe2 (0xfc0b2a93) x21 0x00000000
core   0: 0x80004fe6 (0x0000117d) c.addi  sp, -1
core   0: 3 0x80004fe6 (0x117d) x 2 0xd891647f
core   0: 0x80004fe8 (0x020bee33) rem     t3, s7, zero
core   0: 3 0x80004fe8 (0x020bee33) x28 0x00000200
core   0: 0x80004fec (0x01a01133) sll     sp, zero, s10
core   0: 3 0x80004fec (0x01a01133) x 2 0x00000000
core   0: 0x80004ff0 (0x00006105) c.addi16sp sp, 32
core   0: 3 0x80004ff0 (0x6105) x 2 0x00000020
core   0: 0x80004ff2 (0x03de08b3) mul     a7, t3, t4
core   0: 3 0x80004ff2 (0x03de08b3) x17 0x00000000
core   0: 0x80004ff6 (0x02077db3) remu    s11, a4, zero
core   0: 3 0x80004ff6 (0x02077db3) x27 0x00000000
core   0: 0x80004ffa (0x03c85733) divu    a4, a6, t3
core   0: 3 0x80004ffa (0x03c85733) x14 0x00000000
core   0: 0x80004ffe (0x00001e84) c.addi4spn s1, sp, 880
core   0: 3 0x80004ffe (0x1e84) x 9 0x00000390
core   0: 0x80005000 (0x24912213) slti    tp, sp, 585
core   0: 3 0x80005000 (0x24912213) x 4 0x00000001
core   0: 0x80005004 (0x000086ee) c.mv    a3, s11
core   0: 3 0x80005004 (0x86ee) x13 0x00000000
core   0: 0x80005006 (0x00000001) c.nop
core   0: 3 0x80005006 (0x0001)
core   0: 0x80005008 (0xe47e22b7) lui     t0, 0xe47e2
core   0: 3 0x80005008 (0xe47e22b7) x 5 0xe47e2000
core   0: 0x8000500c (0x0114af33) slt     t5, s1, a7
core   0: 3 0x8000500c (0x0114af33) x30 0x00000000
core   0: 0x80005010 (0x587d7893) andi    a7, s10, 1415
core   0: 3 0x80005010 (0x587d7893) x17 0x00000000
core   0: 0x80005014 (0x03312b33) mulhsu  s6, sp, s3
core   0: 3 0x80005014 (0x03312b33) x22 0x0000001f
core   0: 0x80005018 (0x03850cb3) mul     s9, a0, s8
core   0: 3 0x80005018 (0x03850cb3) x25 0x352a441c
core   0: 0x8000501c (0x035fc033) div     zero, t6, s5
core   0: 3 0x8000501c (0x035fc033)
core   0: 0x80005020 (0xaba19417) auipc   s0, 0xaba19
core   0: 3 0x80005020 (0xaba19417) x 8 0x2ba1e020
core   0: 0x80005024 (0x00000001) c.nop
core   0: 3 0x80005024 (0x0001)
core   0: 0x80005026 (0x40be0b33) sub     s6, t3, a1
core   0: 3 0x80005026 (0x40be0b33) x22 0x7fff139c
core   0: 0x8000502a (0x0005b1b3) sltu    gp, a1, zero
core   0: 3 0x8000502a (0x0005b1b3) x 3 0x00000000
core   0: 0x8000502e (0x000096be) c.add   a3, a5
core   0: 3 0x8000502e (0x96be) x13 0xc968d400
core   0: 0x80005030 (0x00008fa9) c.xor   a5, a0
core   0: 3 0x80005030 (0x8fa9) x15 0x4969f8e4
core   0: 0x80005032 (0x0198fe33) and     t3, a7, s9
core   0: 3 0x80005032 (0x0198fe33) x28 0x00000000
core   0: 0x80005036 (0x00008ebd) c.xor   a3, a5
core   0: 3 0x80005036 (0x8ebd) x13 0x80012ce4
core   0: 0x80005038 (0x004c9233) sll     tp, s9, tp
core   0: 3 0x80005038 (0x004c9233) x 4 0x6a548838
core   0: 0x8000503c (0x0000945a) c.add   s0, s6
core   0: 3 0x8000503c (0x945a) x 8 0xaba0f3bc
core   0: 0x8000503e (0x007d5a93) srli    s5, s10, 7
core   0: 3 0x8000503e (0x007d5a93) x21 0x00000000
core   0: 0x80005042 (0x023d3333) mulhu   t1, s10, gp
core   0: 3 0x80005042 (0x023d3333) x 6 0x00000000
core   0: 0x80005046 (0x00000a29) c.addi  s4, 10
core   0: 3 0x80005046 (0x0a29) x20 0x81d49fdc
core   0: 0x80005048 (0x03330733) mul     a4, t1, s3
core   0: 3 0x80005048 (0x03330733) x14 0x00000000
core   0: 0x8000504c (0x03e77bb3) remu    s7, a4, t5
core   0: 3 0x8000504c (0x03e77bb3) x23 0x00000000
core   0: 0x80005050 (0x00000886) c.slli  a7, 1
core   0: 3 0x80005050 (0x0886) x17 0x00000000
core   0: 0x80005052 (0x018ad813) srli    a6, s5, 24
core   0: 3 0x80005052 (0x018ad813) x16 0x00000000
core   0: 0x80005056 (0xbe236db7) lui     s11, 0xbe236
core   0: 3 0x80005056 (0xbe236db7) x27 0xbe236000
core   0: 0x8000505a (0x262caf13) slti    t5, s9, 610
core   0: 3 0x8000505a (0x262caf13) x30 0x00000000
core   0: 0x8000505e (0x0000717d) c.addi16sp sp, -16
core   0: 3 0x8000505e (0x717d) x 2 0x00000010
core   0: 0x80005060 (0x00008cad) c.xor   s1, a1
core   0: 3 0x80005060 (0x8cad) x 9 0x8000edf4
core   0: 0x80005062 (0x00004a8d) c.li    s5, 3
core   0: 3 0x80005062 (0x4a8d) x21 0x00000003
core   0: 0x80005064 (0x41d15613) srai    a2, sp, 29
core   0: 3 0x80005064 (0x41d15613) x12 0x00000000
core   0: 0x80005068 (0x00004a55) c.li    s4, 21
core   0: 3 0x80005068 (0x4a55) x20 0x00000015
core   0: 0x8000506a (0x00065f13) srli    t5, a2, 0
core   0: 3 0x8000506a (0x00065f13) x30 0x00000000
core   0: 0x8000506e (0x94200f13) li      t5, -1726
core   0: 3 0x8000506e (0x94200f13) x30 0xfffff942
core   0: 0x80005072 (0x0000151c) c.addi4spn a5, sp, 672
core   0: 3 0x80005072 (0x151c) x15 0x000002b0
core   0: 0x80005074 (0x000093ae) c.add   t2, a1
core   0: 3 0x80005074 (0x93ae) x 7 0x8000ee64
core   0: 0x80005076 (0x419f0ab3) sub     s5, t5, s9
core   0: 3 0x80005076 (0x419f0ab3) x21 0xcad5b526
core   0: 0x8000507a (0x0000866d) c.srai  a2, 27
core   0: 3 0x8000507a (0x866d) x12 0x00000000
core   0: 0x8000507c (0x00004e5d) c.li    t3, 23
core   0: 3 0x8000507c (0x4e5d) x28 0x00000017
core   0: 0x8000507e (0x00000001) c.nop
core   0: 3 0x8000507e (0x0001)
core   0: 0x80005080 (0x00b3e633) or      a2, t2, a1
core   0: 3 0x80005080 (0x00b3e633) x12 0x8000ee64
core   0: 0x80005084 (0x00008ef1) c.and   a3, a2
core   0: 3 0x80005084 (0x8ef1) x13 0x80002c64
core   0: 0x80005086 (0x030d2133) mulhsu  sp, s10, a6
core   0: 3 0x80005086 (0x030d2133) x 2 0x00000000
core   0: 0x8000508a (0x0000717d) c.addi16sp sp, -16
core   0: 3 0x8000508a (0x717d) x 2 0xfffffff0
core   0: 0x8000508c (0x023753b3) divu    t2, a4, gp
core   0: 3 0x8000508c (0x023753b3) x 7 0xffffffff
core   0: 0x80005090 (0x02252fb3) mulhsu  t6, a0, sp
core   0: 3 0x80005090 (0x02252fb3) x31 0x80012ceb
core   0: 0x80005094 (0x40140d33) sub     s10, s0, ra
core   0: 3 0x80005094 (0x40140d33) x26 0xaba0f3bd
core   0: 0x80005098 (0x0000147d) c.addi  s0, -1
core   0: 3 0x80005098 (0x147d) x 8 0xaba0f3bb
core   0: 0x8000509a (0x00f9f8b3) and     a7, s3, a5
core   0: 3 0x8000509a (0x00f9f8b3) x17 0x00000220
core   0: 0x8000509e (0x00008c95) c.sub   s1, a3
core   0: 3 0x8000509e (0x8c95) x 9 0x0000c190
core   0: 0x800050a0 (0xcb3ac493) xori    s1, s5, -845
core   0: 3 0x800050a0 (0xcb3ac493) x 9 0x352a4995
core   0: 0x800050a4 (0x0000717d) c.addi16sp sp, -16
core   0: 3 0x800050a4 (0x717d) x 2 0xffffffe0
core   0: 0x800050a6 (0x2e6b6d13) ori     s10, s6, 742
core   0: 3 0x800050a6 (0x2e6b6d13) x26 0x7fff13fe
core   0: 0x800050aa (0x0000885d) c.andi  s0, 23
core   0: 3 0x800050aa (0x885d) x 8 0x00000013
core   0: 0x800050ac (0x00008fa5) c.xor   a5, s1
core   0: 3 0x800050ac (0x8fa5) x15 0x352a4b25
core   0: 0x800050ae (0x00648eb3) add     t4, s1, t1
core   0: 3 0x800050ae (0x00648eb3) x29 0x352a4995
core   0: 0x800050b2 (0x9419bf93) sltiu   t6, s3, -1727
core   0: 3 0x800050b2 (0x9419bf93) x31 0x00000000
core   0: 0x800050b6 (0x00159233) sll     tp, a1, ra
core   0: 3 0x800050b6 (0x00159233) x 4 0x00000000
core   0: 0x800050ba (0x00fd9f93) slli    t6, s11, 15
core   0: 3 0x800050ba (0x00fd9f93) x31 0xb0000000
core   0: 0x800050be (0x4ddff813) andi    a6, t6, 1245
core   0: 3 0x800050be (0x4ddff813) x16 0x00000000
core   0: 0x800050c2 (0x8a60a793) slti    a5, ra, -1882
core   0: 3 0x800050c2 (0x8a60a793) x15 0x00000000
core   0: 0x800050c6 (0x0189f3b3) and     t2, s3, s8
core   0: 3 0x800050c6 (0x0189f3b3) x 7 0xffc27e2d
core   0: 0x800050ca (0x0131acb3) slt     s9, gp, s3
core   0: 3 0x800050ca (0x0131acb3) x25 0x00000000
core   0: 0x800050ce (0x00006a7d) c.lui   s4, 0x1f
core   0: 3 0x800050ce (0x6a7d) x20 0x0001f000
core   0: 0x800050d0 (0x38138b37) lui     s6, 0x38138
core   0: 3 0x800050d0 (0x38138b37) x22 0x38138000
core   0: 0x800050d4 (0x00008fd1) c.or    a5, a2
core   0: 3 0x800050d4 (0x8fd1) x15 0x8000ee64
core   0: 0x800050d6 (0x1f96cc93) xori    s9, a3, 505
core   0: 3 0x800050d6 (0x1f96cc93) x25 0x80002d9d
core   0: 0x800050da (0xdde4b413) sltiu   s0, s1, -546
core   0: 3 0x800050da (0xdde4b413) x 8 0x00000001
core   0: 0x800050de (0x4183d613) srai    a2, t2, 24
core   0: 3 0x800050de (0x4183d613) x12 0xffffffff
core   0: 0x800050e2 (0x029644b3) div     s1, a2, s1
core   0: 3 0x800050e2 (0x029644b3) x 9 0x00000000
core   0: 0x800050e6 (0x432b0f93) addi    t6, s6, 1074
core   0: 3 0x800050e6 (0x432b0f93) x31 0x38138432
core   0: 0x800050ea (0x00a5d733) srl     a4, a1, a0
core   0: 3 0x800050ea (0x00a5d733) x14 0x08000ee6
core   0: 0x800050ee (0x40c68133) sub     sp, a3, a2
core   0: 3 0x800050ee (0x40c68133) x 2 0x80002c65
core   0: 0x800050f2 (0x01173cb3) sltu    s9, a4, a7
core   0: 3 0x800050f2 (0x01173cb3) x25 0x00000000
core   0: 0x800050f6 (0x60947f13) andi    t5, s0, 1545
core   0: 3 0x800050f6 (0x60947f13) x30 0x00000001
core   0: 0x800050fa (0x00008d3e) c.mv    s10, a5
core   0: 3 0x800050fa (0x8d3e) x26 0x8000ee64
core   0: 0x800050fc (0x23e8c913) xori    s2, a7, 574
core   0: 3 0x800050fc (0x23e8c913) x18 0x0000001e
core   0: 0x80005100 (0x0055dcb3) srl     s9, a1, t0
core   0: 3 0x80005100 (0x0055dcb3) x25 0x8000ee64
core   0: 0x80005104 (0x40205833) sra     a6, zero, sp
core   0: 3 0x80005104 (0x40205833) x16 0x00000000
core   0: 0x80005108 (0x02aa24b3) mulhsu  s1, s4, a0
core   0: 3 0x80005108 (0x02aa24b3) x 9 0x0000f802
core   0: 0x8000510c (0x00a30833) add     a6, t1, a0
core   0: 3 0x8000510c (0x00a30833) x16 0x80012ce4
core   0: 0x80005110 (0x39116b93) ori     s7, sp, 913
core   0: 3 0x80005110 (0x39116b93) x23 0x80002ff5
core   0: 0x80005114 (0x014834b3) sltu    s1, a6, s4
core   0: 3 0x80005114 (0x014834b3) x 9 0x00000000
core   0: 0x80005118 (0x033a8193) addi    gp, s5, 51
core   0: 3 0x80005118 (0x033a8193) x 3 0xcad5b559
core   0: 0x8000511c (0x00008fa5) c.xor   a5, s1
core   0: 3 0x8000511c (0x8fa5) x15 0x8000ee64
core   0: 0x8000511e (0x405389b3) sub     s3, t2, t0
core   0: 3 0x8000511e (0x405389b3) x19 0x1b445e2d
core   0: 0x80005122 (0x00000001) c.nop
core   0: 3 0x80005122 (0x0001)
core   0: 0x80005124 (0x50f53713) sltiu   a4, a0, 1295
core   0: 3 0x80005124 (0x50f53713) x14 0x00000000
core   0: 0x80005128 (0x000098fd) c.andi  s1, -1
core   0: 3 0x80005128 (0x98fd) x 9 0x00000000
core   0: 0x8000512a (0x00004675) c.li    a2, 29
core   0: 3 0x8000512a (0x4675) x12 0x0000001d
core   0: 0x8000512c (0x00008e05) c.sub   a2, s1
core   0: 3 0x8000512c (0x8e05) x12 0x0000001d
core   0: 0x8000512e (0x27557417) auipc   s0, 0x27557
core   0: 3 0x8000512e (0x27557417) x 8 0xa755c12e
core   0: 0x80005132 (0x00421793) slli    a5, tp, 4
core   0: 3 0x80005132 (0x00421793) x15 0x00000000
core   0: 0x80005136 (0x01ca0f33) add     t5, s4, t3
core   0: 3 0x80005136 (0x01ca0f33) x30 0x0001f017
core   0: 0x8000513a (0x87a06793) ori     a5, zero, -1926
core   0: 3 0x8000513a (0x87a06793) x15 0xfffff87a
core   0: 0x8000513e (0xe5392b93) slti    s7, s2, -429
core   0: 3 0x8000513e (0xe5392b93) x23 0x00000000
core   0: 0x80005142 (0x01f2dd33) srl     s10, t0, t6
core   0: 3 0x80005142 (0x01f2dd33) x26 0x0000391f
core   0: 0x80005146 (0x00004231) c.li    tp, 12
core   0: 3 0x80005146 (0x4231) x 4 0x0000000c
core   0: 0x80005148 (0x00008e89) c.sub   a3, a0
core   0: 3 0x80005148 (0x8e89) x13 0xfffeff80
core   0: 0x8000514a (0x0067d013) srli    zero, a5, 6
core   0: 3 0x8000514a (0x0067d013)
core   0: 0x8000514e (0x00008c61) c.and   s0, s0
core   0: 3 0x8000514e (0x8c61) x 8 0xa755c12e
core   0: 0x80005150 (0x00000e4a) c.slli  t3, 18
core   0: 3 0x80005150 (0x0e4a) x28 0x005c0000
core   0: 0x80005152 (0x01c3cb33) xor     s6, t2, t3
core   0: 3 0x80005152 (0x01c3cb33) x22 0xff9e7e2d
core   0: 0x80005156 (0x00006371) c.lui   t1, 0x1c
core   0: 3 0x80005156 (0x6371) x 6 0x0001c000
core   0: 0x80005158 (0x0000117d) c.addi  sp, -1
core   0: 3 0x80005158 (0x117d) x 2 0x80002c64
core   0: 0x8000515a (0x032b4e33) div     t3, s6, s2
core   0: 3 0x8000515a (0x032b4e33) x28 0xfffcbff1
core   0: 0x8000515e (0x00008f61) c.and   a4, s0
core   0: 3 0x8000515e (0x8f61) x14 0x00000000
core   0: 0x80005160 (0x03e82833) mulhsu  a6, a6, t5
core   0: 3 0x80005160 (0x03e82833) x16 0xffff07f6
core   0: 0x80005164 (0x000051fd) c.li    gp, -1
core   0: 3 0x80005164 (0x51fd) x 3 0xffffffff
core   0: 0x80005166 (0x3ee14b37) lui     s6, 0x3ee14
core   0: 3 0x80005166 (0x3ee14b37) x22 0x3ee14000
core   0: 0x8000516a (0x00cdd413) srli    s0, s11, 12
core   0: 3 0x8000516a (0x00cdd413) x 8 0x000be236
core   0: 0x8000516e (0x06d18117) auipc   sp, 0x6d18
core   0: 3 0x8000516e (0x06d18117) x 2 0x86d1d16e
core   0: 0x80005172 (0x6d374d93) xori    s11, a4, 1747
core   0: 3 0x80005172 (0x6d374d93) x27 0x000006d3
core   0: 0x80005176 (0x0356f333) remu    t1, a3, s5
core   0: 3 0x80005176 (0x0356f333) x 6 0x35294a5a
core   0: 0x8000517a (0x00008626) c.mv    a2, s1
core   0: 3 0x8000517a (0x8626) x12 0x00000000
core   0: 0x8000517c (0x00008c89) c.sub   s1, a0
core   0: 3 0x8000517c (0x8c89) x 9 0x7ffed31c
core   0: 0x8000517e (0x00008e21) c.xor   a2, s0
core   0: 3 0x8000517e (0x8e21) x12 0x000be236
core   0: 0x80005180 (0x41735b33) sra     s6, t1, s7
core   0: 3 0x80005180 (0x41735b33) x22 0x35294a5a
core   0: 0x80005184 (0x4af84e13) xori    t3, a6, 1199
core   0: 3 0x80005184 (0x4af84e13) x28 0xffff0359
core   0: 0x80005188 (0x40f0d0b3) sra     ra, ra, a5
core   0: 3 0x80005188 (0x40f0d0b3) x 1 0xffffffff
core   0: 0x8000518c (0x00008051) c.srli  s0, 20
core   0: 3 0x8000518c (0x8051) x 8 0x00000000
core   0: 0x8000518e (0x00932233) slt     tp, t1, s1
core   0: 3 0x8000518e (0x00932233) x 4 0x00000001
core   0: 0x80005192 (0x0292d8b3) divu    a7, t0, s1
core   0: 3 0x80005192 (0x0292d8b3) x17 0x00000001
core   0: 0x80005196 (0x03d6f3b3) remu    t2, a3, t4
core   0: 3 0x80005196 (0x03d6f3b3) x 7 0x2b55d92c
core   0: 0x8000519a (0x0283d733) divu    a4, t2, s0
core   0: 3 0x8000519a (0x0283d733) x14 0xffffffff
core   0: 0x8000519e (0x1d9c4a93) xori    s5, s8, 473
core   0: 3 0x8000519e (0x1d9c4a93) x21 0xffc27fe6
core   0: 0x800051a2 (0x00008cc1) c.or    s1, s0
core   0: 3 0x800051a2 (0x8cc1) x 9 0x7ffed31c
core   0: 0x800051a4 (0x00a66eb3) or      t4, a2, a0
core   0: 3 0x800051a4 (0x00a66eb3) x29 0x800beef6
core   0: 0x800051a8 (0x007a7f33) and     t5, s4, t2
core   0: 3 0x800051a8 (0x007a7f33) x30 0x0001d000
core   0: 0x800051ac (0x030059b3) divu    s3, zero, a6
core   0: 3 0x800051ac (0x030059b3) x19 0x00000000
core   0: 0x800051b0 (0x0239a833) mulhsu  a6, s3, gp
core   0: 3 0x800051b0 (0x0239a833) x16 0x00000000
core   0: 0x800051b4 (0x00008466) c.mv    s0, s9
core   0: 3 0x800051b4 (0x8466) x 8 0x8000ee64
core   0: 0x800051b6 (0x4ecd7237) lui     tp, 0x4ecd7
core   0: 3 0x800051b6 (0x4ecd7237) x 4 0x4ecd7000
core   0: 0x800051ba (0x00009e42) c.add   t3, a6
core   0: 3 0x800051ba (0x9e42) x28 0xffff0359
core   0: 0x800051bc (0x01b83933) sltu    s2, a6, s11
core   0: 3 0x800051bc (0x01b83933) x18 0x00000001
core   0: 0x800051c0 (0x020d9bb3) mulh    s7, s11, zero
core   0: 3 0x800051c0 (0x020d9bb3) x23 0x00000000
core   0: 0x800051c4 (0x006f1a93) slli    s5, t5, 6
core   0: 3 0x800051c4 (0x006f1a93) x21 0x00740000
core   0: 0x800051c8 (0x02c964b3) rem     s1, s2, a2
core   0: 3 0x800051c8 (0x02c964b3) x 9 0x00000001
core   0: 0x800051cc (0x015351b3) srl     gp, t1, s5
core   0: 3 0x800051cc (0x015351b3) x 3 0x35294a5a
core   0: 0x800051d0 (0x0071b6b3) sltu    a3, gp, t2
core   0: 3 0x800051d0 (0x0071b6b3) x13 0x00000000
core   0: 0x800051d4 (0x00031e93) slli    t4, t1, 0
core   0: 3 0x800051d4 (0x00031e93) x29 0x35294a5a
core   0: 0x800051d8 (0x00000fdd) c.addi  t6, 23
core   0: 3 0x800051d8 (0x0fdd) x31 0x38138449
core   0: 0x800051da (0x00642333) slt     t1, s0, t1
core   0: 3 0x800051da (0x00642333) x 6 0x00000001
core   0: 0x800051de (0x00000d16) c.slli  s10, 5
core   0: 3 0x800051de (0x0d16) x26 0x000723e0
core   0: 0x800051e0 (0x00008116) c.mv    sp, t0
core   0: 3 0x800051e0 (0x8116) x 2 0xe47e2000
core   0: 0x800051e2 (0x40cd0fb3) sub     t6, s10, a2
core   0: 3 0x800051e2 (0x40cd0fb3) x31 0xfffb41aa
core   0: 0x800051e6 (0x45e47993) andi    s3, s0, 1118
core   0: 3 0x800051e6 (0x45e47993) x19 0x00000444
core   0: 0x800051ea (0x0000019c) c.addi4spn a5, sp, 192
core   0: 3 0x800051ea (0x019c) x15 0xe47e20c0
core   0: 0x800051ec (0x00a35413) srli    s0, t1, 10
core   0: 3 0x800051ec (0x00a35413) x 8 0x00000000
core   0: 0x800051f0 (0x00008f2d) c.xor   a4, a1
core   0: 3 0x800051f0 (0x8f2d) x14 0x7fff119b
core   0: 0x800051f2 (0x029c76b3) remu    a3, s8, s1
core   0: 3 0x800051f2 (0x029c76b3) x13 0x00000000
core   0: 0x800051f6 (0x00000cdd) c.addi  s9, 23
core   0: 3 0x800051f6 (0x0cdd) x25 0x8000ee7b
core   0: 0x800051f8 (0x5e4bbb13) sltiu   s6, s7, 1508
core   0: 3 0x800051f8 (0x5e4bbb13) x22 0x00000001
core   0: 0x800051fc (0x01d4d113) srli    sp, s1, 29
core   0: 3 0x800051fc (0x01d4d113) x 2 0x00000000
core   0: 0x80005200 (0xade6be93) sltiu   t4, a3, -1314
core   0: 3 0x80005200 (0xade6be93) x29 0x00000001
core   0: 0x80005204 (0x9b30b093) sltiu   ra, ra, -1613
core   0: 3 0x80005204 (0x9b30b093) x 1 0x00000000
core   0: 0x80005208 (0x00000704) c.addi4spn s1, sp, 896
core   0: 3 0x80005208 (0x0704) x 9 0x00000380
core   0: 0x8000520a (0x00001104) c.addi4spn s1, sp, 160
core   0: 3 0x8000520a (0x1104) x 9 0x000000a0
core   0: 0x8000520c (0x00008405) c.srai  s0, 1
core   0: 3 0x8000520c (0x8405) x 8 0x00000000
core   0: 0x8000520e (0x00008eea) c.mv    t4, s10
core   0: 3 0x8000520e (0x8eea) x29 0x000723e0
core   0: 0x80005210 (0x00c5e993) ori     s3, a1, 12
core   0: 3 0x80005210 (0x00c5e993) x19 0x8000ee6c
core   0: 0x80005214 (0x2ae37493) andi    s1, t1, 686
core   0: 3 0x80005214 (0x2ae37493) x 9 0x00000000
core   0: 0x80005218 (0x00005dfd) c.li    s11, -1
core   0: 3 0x80005218 (0x5dfd) x27 0xffffffff
core   0: 0x8000521a (0x001e1233) sll     tp, t3, ra
core   0: 3 0x8000521a (0x001e1233) x 4 0xffff0359
core   0: 0x8000521e (0x01b5f233) and     tp, a1, s11
core   0: 3 0x8000521e (0x01b5f233) x 4 0x8000ee64
core   0: 0x80005222 (0x41780b33) sub     s6, a6, s7
core   0: 3 0x80005222 (0x41780b33) x22 0x00000000
core   0: 0x80005226 (0x03a6e0b3) rem     ra, a3, s10
core   0: 3 0x80005226 (0x03a6e0b3) x 1 0x00000000
core   0: 0x8000522a (0x01f4ca33) xor     s4, s1, t6
core   0: 3 0x8000522a (0x01f4ca33) x20 0xfffb41aa
core   0: 0x8000522e (0x00d8ad33) slt     s10, a7, a3
core   0: 3 0x8000522e (0x00d8ad33) x26 0x00000000
core   0: 0x80005232 (0x008667b3) or      a5, a2, s0
core   0: 3 0x80005232 (0x008667b3) x15 0x000be236
core   0: 0x80005236 (0x00006149) c.addi16sp sp, 144
core   0: 3 0x80005236 (0x6149) x 2 0x00000090
core   0: 0x80005238 (0x00000001) c.nop
core   0: 3 0x80005238 (0x0001)
core   0: 0x8000523a (0x0070d3b3) srl     t2, ra, t2
core   0: 3 0x8000523a (0x0070d3b3) x 7 0x00000000
core   0: 0x8000523e (0x00006129) c.addi16sp sp, 192
core   0: 3 0x8000523e (0x6129) x 2 0x00000150
core   0: 0x80005240 (0x00008f51) c.or    a4, a2
core   0: 3 0x80005240 (0x8f51) x14 0x7ffff3bf
core   0: 0x80005242 (0x00008e15) c.sub   a2, a3
core   0: 3 0x80005242 (0x8e15) x12 0x000be236
core   0: 0x80005244 (0x01c5e633) or      a2, a1, t3
core   0: 3 0x80005244 (0x01c5e633) x12 0xffffef7d
core   0: 0x80005248 (0x00000a11) c.addi  s4, 4
core   0: 3 0x80005248 (0x0a11) x20 0xfffb41ae
core   0: 0x8000524a (0x0056f633) and     a2, a3, t0
core   0: 3 0x8000524a (0x0056f633) x12 0x00000000
core   0: 0x8000524e (0x08578cb7) lui     s9, 0x8578
core   0: 3 0x8000524e (0x08578cb7) x25 0x08578000
core   0: 0x80005252 (0x005f8733) add     a4, t6, t0
core   0: 3 0x80005252 (0x005f8733) x14 0xe47961aa
core   0: 0x80005256 (0x5c409417) auipc   s0, 0x5c409
core   0: 3 0x80005256 (0x5c409417) x 8 0xdc40e256
core   0: 0x8000525a (0x012fef33) or      t5, t6, s2
core   0: 3 0x8000525a (0x012fef33) x30 0xfffb41ab
core   0: 0x8000525e (0xcd33c893) xori    a7, t2, -813
core   0: 3 0x8000525e (0xcd33c893) x17 0xfffffcd3
core   0: 0x80005262 (0x412bdd33) sra     s10, s7, s2
core   0: 3 0x80005262 (0x412bdd33) x26 0x00000000
core   0: 0x80005266 (0x00008efd) c.and   a3, a5
core   0: 3 0x80005266 (0x8efd) x13 0x00000000
core   0: 0x80005268 (0x00000e04) c.addi4spn s1, sp, 784
core   0: 3 0x80005268 (0x0e04) x 9 0x00000460
core   0: 0x8000526a (0x00008685) c.srai  a3, 1
core   0: 3 0x8000526a (0x8685) x13 0x00000000
core   0: 0x8000526c (0x03bdf1b3) remu    gp, s11, s11
core   0: 3 0x8000526c (0x03bdf1b3) x 3 0x00000000
core   0: 0x80005270 (0x0151e4b3) or      s1, gp, s5
core   0: 3 0x80005270 (0x0151e4b3) x 9 0x00740000
core   0: 0x80005274 (0x02b402b3) mul     t0, s0, a1
core   0: 3 0x80005274 (0x02b402b3) x 5 0x5bc45d98
core   0: 0x80005278 (0x41680cb3) sub     s9, a6, s6
core   0: 3 0x80005278 (0x41680cb3) x25 0x00000000
core   0: 0x8000527c (0x0207ecb3) rem     s9, a5, zero
core   0: 3 0x8000527c (0x0207ecb3) x25 0x000be236
core   0: 0x80005280 (0x0236ea33) rem     s4, a3, gp
core   0: 3 0x80005280 (0x0236ea33) x20 0x00000000
core   0: 0x80005284 (0x00245713) srli    a4, s0, 2
core   0: 3 0x80005284 (0x00245713) x14 0x37103895
core   0: 0x80005288 (0x0f2be3b7) lui     t2, 0xf2be
core   0: 3 0x80005288 (0x0f2be3b7) x 7 0x0f2be000
core   0: 0x8000528c (0x01975d33) srl     s10, a4, s9
core   0: 3 0x8000528c (0x01975d33) x26 0x000000dc
core   0: 0x80005290 (0x00008f8d) c.sub   a5, a1
core   0: 3 0x80005290 (0x8f8d) x15 0x800af3d2
core   0: 0x80005292 (0x020b0cb3) mul     s9, s6, zero
core   0: 3 0x80005292 (0x020b0cb3) x25 0x00000000
core   0: 0x80005296 (0x01a9de93) srli    t4, s3, 26
core   0: 3 0x80005296 (0x01a9de93) x29 0x00000020
core   0: 0x8000529a (0x03909e33) mulh    t3, ra, s9
core   0: 3 0x8000529a (0x03909e33) x28 0x00000000
core   0: 0x8000529e (0x0000187d) c.addi  a6, -1
core   0: 3 0x8000529e (0x187d) x16 0xffffffff
core   0: 0x800052a0 (0x02e690b3) mulh    ra, a3, a4
core   0: 3 0x800052a0 (0x02e690b3) x 1 0x00000000
core   0: 0x800052a4 (0x00374933) xor     s2, a4, gp
core   0: 3 0x800052a4 (0x00374933) x18 0x37103895
core   0: 0x800052a8 (0x00008c4d) c.or    s0, a1
core   0: 3 0x800052a8 (0x8c4d) x 8 0xdc40ee76
core   0: 0x800052aa (0x029c7db3) remu    s11, s8, s1
core   0: 3 0x800052aa (0x029c7db3) x27 0x00327e3f
core   0: 0x800052ae (0x00008fe9) c.and   a5, a0
core   0: 3 0x800052ae (0x8fe9) x15 0x800020c0
core   0: 0x800052b0 (0x95a61217) auipc   tp, 0x95a61
core   0: 3 0x800052b0 (0x95a61217) x 4 0x15a662b0
core   0: 0x800052b4 (0x000087ed) c.srai  a5, 27
core   0: 3 0x800052b4 (0x87ed) x15 0xfffffff0
core   0: 0x800052b6 (0x035ce933) rem     s2, s9, s5
core   0: 3 0x800052b6 (0x035ce933) x18 0x00000000
core   0: 0x800052ba (0x000067a1) c.lui   a5, 0x8
core   0: 3 0x800052ba (0x67a1) x15 0x00008000
core   0: 0x800052bc (0x00006141) c.addi16sp sp, 16
core   0: 3 0x800052bc (0x6141) x 2 0x00000160
core   0: 0x800052be (0x00008e4d) c.or    a2, a1
core   0: 3 0x800052be (0x8e4d) x12 0x8000ee64
core   0: 0x800052c0 (0x00008415) c.srai  s0, 5
core   0: 3 0x800052c0 (0x8415) x 8 0xfee20773
core   0: 0x800052c2 (0x4f1f8993) addi    s3, t6, 1265
core   0: 3 0x800052c2 (0x4f1f8993) x19 0xfffb469b
core   0: 0x800052c6 (0x018e3e33) sltu    t3, t3, s8
core   0: 3 0x800052c6 (0x018e3e33) x28 0x00000001
core   0: 0x800052ca (0x01e303b3) add     t2, t1, t5
core   0: 3 0x800052ca (0x01e303b3) x 7 0xfffb41ac
core   0: 0x800052ce (0x4142d033) sra     zero, t0, s4
core   0: 3 0x800052ce (0x4142d033)
core   0: 0x800052d2 (0x023d8233) mul     tp, s11, gp
core   0: 3 0x800052d2 (0x023d8233) x 4 0x00000000
core   0: 0x800052d6 (0x00000001) c.nop
core   0: 3 0x800052d6 (0x0001)
core   0: 0x800052d8 (0x000097ae) c.add   a5, a1
core   0: 3 0x800052d8 (0x97ae) x15 0x80016e64
core   0: 0x800052da (0x400206b3) sub     a3, tp, zero
core   0: 3 0x800052da (0x400206b3) x13 0x00000000
core   0: 0x800052de (0x033c0133) mul     sp, s8, s3
core   0: 3 0x800052de (0x033c0133) x 2 0x920caa25
core   0: 0x800052e2 (0x000098fd) c.andi  s1, -1
core   0: 3 0x800052e2 (0x98fd) x 9 0x00740000
core   0: 0x800052e4 (0x00008e39) c.xor   a2, a4
core   0: 3 0x800052e4 (0x8e39) x12 0xb710d6f1
core   0: 0x800052e6 (0x00008c0d) c.sub   s0, a1
core   0: 3 0x800052e6 (0x8c0d) x 8 0x7ee1190f
core   0: 0x800052e8 (0x0169d113) srli    sp, s3, 22
core   0: 3 0x800052e8 (0x0169d113) x 2 0x000003ff
core   0: 0x800052ec (0x023034b3) mulhu   s1, zero, gp
core   0: 3 0x800052ec (0x023034b3) x 9 0x00000000
core   0: 0x800052f0 (0x00009b7d) c.andi  a4, -1
core   0: 3 0x800052f0 (0x9b7d) x14 0x37103895
core   0: 0x800052f2 (0x02f32db3) mulhsu  s11, t1, a5
core   0: 3 0x800052f2 (0x02f32db3) x27 0x00000000
core   0: 0x800052f6 (0x00000001) c.nop
core   0: 3 0x800052f6 (0x0001)
core   0: 0x800052f8 (0x004fd9b3) srl     s3, t6, tp
core   0: 3 0x800052f8 (0x004fd9b3) x19 0xfffb41aa
core   0: 0x800052fc (0xc3a8aa13) slti    s4, a7, -966
core   0: 3 0x800052fc (0xc3a8aa13) x20 0x00000000
core   0: 0x80005300 (0x82bc6a37) lui     s4, 0x82bc6
core   0: 3 0x80005300 (0x82bc6a37) x20 0x82bc6000
core   0: 0x80005304 (0x03b113b3) mulh    t2, sp, s11
core   0: 3 0x80005304 (0x03b113b3) x 7 0x00000000
core   0: 0x80005308 (0x00006fdd) c.lui   t6, 0x17
core   0: 3 0x80005308 (0x6fdd) x31 0x00017000
core   0: 0x8000530a (0x00000001) c.nop
core   0: 3 0x8000530a (0x0001)
core   0: 0x8000530c (0x00008239) c.srli  a2, 14
core   0: 3 0x8000530c (0x8239) x12 0x0002dc43
core   0: 0x8000530e (0xbae64cb7) lui     s9, 0xbae64
core   0: 3 0x8000530e (0xbae64cb7) x25 0xbae64000
core   0: 0x80005312 (0x01d09393) slli    t2, ra, 29
core   0: 3 0x80005312 (0x01d09393) x 7 0x00000000
core   0: 0x80005316 (0x3925ac93) slti    s9, a1, 914
core   0: 3 0x80005316 (0x3925ac93) x25 0x00000001
core   0: 0x8000531a (0x404c8433) sub     s0, s9, tp
core   0: 3 0x8000531a (0x404c8433) x 8 0x00000001
core   0: 0x8000531e (0x00000001) c.nop
core   0: 3 0x8000531e (0x0001)
core   0: 0x80005320 (0x00b45893) srli    a7, s0, 11
core   0: 3 0x80005320 (0x00b45893) x17 0x00000000
core   0: 0x80005324 (0x00000001) c.nop
core   0: 3 0x80005324 (0x0001)
core   0: 0x80005326 (0x34276e93) ori     t4, a4, 834
core   0: 3 0x80005326 (0x34276e93) x29 0x37103bd7
core   0: 0x8000532a (0xe98182b7) lui     t0, 0xe9818
core   0: 3 0x8000532a (0xe98182b7) x 5 0xe9818000
core   0: 0x8000532e (0x00000b1c) c.addi4spn a5, sp, 400
core   0: 3 0x8000532e (0x0b1c) x15 0x0000058f
core   0: 0x80005330 (0x3e774b13) xori    s6, a4, 999
core   0: 3 0x80005330 (0x3e774b13) x22 0x37103b72
core   0: 0x80005334 (0x00000001) c.nop
core   0: 3 0x80005334 (0x0001)
core   0: 0x80005336 (0x00000e1c) c.addi4spn a5, sp, 784
core   0: 3 0x80005336 (0x0e1c) x15 0x0000070f
core   0: 0x80005338 (0x000080cd) c.srli  s1, 19
core   0: 3 0x80005338 (0x80cd) x 9 0x00000000
core   0: 0x8000533a (0x80f5a217) auipc   tp, 0x80f5a
core   0: 3 0x8000533a (0x80f5a217) x 4 0x00f5f33a
core   0: 0x8000533e (0x027edd33) divu    s10, t4, t2
core   0: 3 0x8000533e (0x027edd33) x26 0xffffffff
core   0: 0x80005342 (0x0000866d) c.srai  a2, 27
core   0: 3 0x80005342 (0x866d) x12 0x00000000
core   0: 0x80005344 (0x00008baa) c.mv    s7, a0
core   0: 3 0x80005344 (0x8baa) x23 0x80012ce4
core   0: 0x80005346 (0x01f6a433) slt     s0, a3, t6
core   0: 3 0x80005346 (0x01f6a433) x 8 0x00000001
core   0: 0x8000534a (0x407adb33) sra     s6, s5, t2
core   0: 3 0x8000534a (0x407adb33) x22 0x00740000
core   0: 0x8000534e (0x000000c6) c.slli  ra, 17
core   0: 3 0x8000534e (0x00c6) x 1 0x00000000
core   0: 0x80005350 (0x00006e25) c.lui   t3, 0x9
core   0: 3 0x80005350 (0x6e25) x28 0x00009000
core   0: 0x80005352 (0x03632733) mulhsu  a4, t1, s6
core   0: 3 0x80005352 (0x03632733) x14 0x00000000
core   0: 0x80005356 (0x00000780) c.addi4spn s0, sp, 960
core   0: 3 0x80005356 (0x0780) x 8 0x000007bf
core   0: 0x80005358 (0x012871b3) and     gp, a6, s2
core   0: 3 0x80005358 (0x012871b3) x 3 0x00000000
core   0: 0x8000535c (0x8e5b6913) ori     s2, s6, -1819
core   0: 3 0x8000535c (0x8e5b6913) x18 0xfffff8e5
core   0: 0x80005360 (0x01815633) srl     a2, sp, s8
core   0: 3 0x80005360 (0x01815633) x12 0x00000000
core   0: 0x80005364 (0x018443b3) xor     t2, s0, s8
core   0: 3 0x80005364 (0x018443b3) x 7 0xffc27980
core   0: 0x80005368 (0x00000001) c.nop
core   0: 3 0x80005368 (0x0001)
core   0: 0x8000536a (0x00004465) c.li    s0, 25
core   0: 3 0x8000536a (0x4465) x 8 0x00000019
core   0: 0x8000536c (0x03a7dab3) divu    s5, a5, s10
core   0: 3 0x8000536c (0x03a7dab3) x21 0x00000000
core   0: 0x80005370 (0x402d5193) srai    gp, s10, 2
core   0: 3 0x80005370 (0x402d5193) x 3 0xffffffff
core   0: 0x80005374 (0x000084e9) c.srai  s1, 26
core   0: 3 0x80005374 (0x84e9) x 9 0x00000000
core   0: 0x80005376 (0x73fc4a17) auipc   s4, 0x73fc4
core   0: 3 0x80005376 (0x73fc4a17) x20 0xf3fc9376
core   0: 0x8000537a (0x000046d9) c.li    a3, 22
core   0: 3 0x8000537a (0x46d9) x13 0x00000016
core   0: 0x8000537c (0x00008021) c.srli  s0, 8
core   0: 3 0x8000537c (0x8021) x 8 0x00000000
core   0: 0x8000537e (0x035d7633) remu    a2, s10, s5
core   0: 3 0x8000537e (0x035d7633) x12 0xffffffff
core   0: 0x80005382 (0x000040f1) c.li    ra, 28
core   0: 3 0x80005382 (0x40f1) x 1 0x0000001c
core   0: 0x80005384 (0x01b5b733) sltu    a4, a1, s11
core   0: 3 0x80005384 (0x01b5b733) x14 0x00000000
core   0: 0x80005388 (0x0000840d) c.srai  s0, 3
core   0: 3 0x80005388 (0x840d) x 8 0x00000000
core   0: 0x8000538a (0x00006179) c.addi16sp sp, 464
core   0: 3 0x8000538a (0x6179) x 2 0x000005cf
core   0: 0x8000538c (0x000084b1) c.srai  s1, 12
core   0: 3 0x8000538c (0x84b1) x 9 0x00000000
core   0: 0x8000538e (0x00001d84) c.addi4spn s1, sp, 752
core   0: 3 0x8000538e (0x1d84) x 9 0x000008bf
core   0: 0x80005390 (0x016dd093) srli    ra, s11, 22
core   0: 3 0x80005390 (0x016dd093) x 1 0x00000000
core   0: 0x80005394 (0x007fb6b3) sltu    a3, t6, t2
core   0: 3 0x80005394 (0x007fb6b3) x13 0x00000001
core   0: 0x80005398 (0x0000061e) c.slli  a2, 7
core   0: 3 0x80005398 (0x061e) x12 0xffffff80
core   0: 0x8000539a (0x03397db3) remu    s11, s2, s3
core   0: 3 0x8000539a (0x03397db3) x27 0x0004b73b
core   0: 0x8000539e (0x02b19db3) mulh    s11, gp, a1
core   0: 3 0x8000539e (0x02b19db3) x27 0x00000000
core   0: 0x800053a2 (0xbdb9bc93) sltiu   s9, s3, -1061
core   0: 3 0x800053a2 (0xbdb9bc93) x25 0x00000001
core   0: 0x800053a6 (0x031db733) mulhu   a4, s11, a7
core   0: 3 0x800053a6 (0x031db733) x14 0x00000000
core   0: 0x800053aa (0x405951b3) sra     gp, s2, t0
core   0: 3 0x800053aa (0x405951b3) x 3 0xfffff8e5
core   0: 0x800053ae (0x0006e0b3) or      ra, a3, zero
core   0: 3 0x800053ae (0x0006e0b3) x 1 0x00000001
core   0: 0x800053b2 (0x02d3e133) rem     sp, t2, a3
core   0: 3 0x800053b2 (0x02d3e133) x 2 0x00000000
core   0: 0x800053b6 (0x40818e33) sub     t3, gp, s0
core   0: 3 0x800053b6 (0x40818e33) x28 0xfffff8e5
core   0: 0x800053ba (0x0284f633) remu    a2, s1, s0
core   0: 3 0x800053ba (0x0284f633) x12 0x000008bf
core   0: 0x800053be (0x017bd133) srl     sp, s7, s7
core   0: 3 0x800053be (0x017bd133) x 2 0x080012ce
core   0: 0x800053c2 (0x01db48b3) xor     a7, s6, t4
core   0: 3 0x800053c2 (0x01db48b3) x17 0x37643bd7
core   0: 0x800053c6 (0x0000187d) c.addi  a6, -1
core   0: 3 0x800053c6 (0x187d) x16 0xfffffffe
core   0: 0x800053c8 (0x011f1133) sll     sp, t5, a7
core   0: 3 0x800053c8 (0x011f1133) x 2 0xd5800000
core   0: 0x800053cc (0x0000717d) c.addi16sp sp, -16
core   0: 3 0x800053cc (0x717d) x 2 0xd57ffff0
core   0: 0x800053ce (0x00008f35) c.xor   a4, a3
core   0: 3 0x800053ce (0x8f35) x14 0x00000001
core   0: 0x800053d0 (0x4133d493) srai    s1, t2, 19
core   0: 3 0x800053d0 (0x4133d493) x 9 0xfffffff8
core   0: 0x800053d4 (0x2392ffb7) lui     t6, 0x2392f
core   0: 3 0x800053d4 (0x2392ffb7) x31 0x2392f000
core   0: 0x800053d8 (0x03dfb3b3) mulhu   t2, t6, t4
core   0: 3 0x800053d8 (0x03dfb3b3) x 7 0x07a6d30f
core   0: 0x800053dc (0x00000232) c.slli  tp, 12
core   0: 3 0x800053dc (0x0232) x 4 0x5f33a000
core   0: 0x800053de (0x0203e2b3) rem     t0, t2, zero
core   0: 3 0x800053de (0x0203e2b3) x 5 0x07a6d30f
core   0: 0x800053e2 (0x1821c993) xori    s3, gp, 386
core   0: 3 0x800053e2 (0x1821c993) x19 0xfffff967
core   0: 0x800053e6 (0x01f8d913) srli    s2, a7, 31
core   0: 3 0x800053e6 (0x01f8d913) x18 0x00000000
core   0: 0x800053ea (0x40b15293) srai    t0, sp, 11
core   0: 3 0x800053ea (0x40b15293) x 5 0xfffaafff
core   0: 0x800053ee (0x00008ca6) c.mv    s9, s1
core   0: 3 0x800053ee (0x8ca6) x25 0xfffffff8
core   0: 0x800053f0 (0x00005dfd) c.li    s11, -1
core   0: 3 0x800053f0 (0x5dfd) x27 0xffffffff
core   0: 0x800053f2 (0x00008f69) c.and   a4, a0
core   0: 3 0x800053f2 (0x8f69) x14 0x00000000
core   0: 0x800053f4 (0x00008f25) c.xor   a4, s1
core   0: 3 0x800053f4 (0x8f25) x14 0xfffffff8
core   0: 0x800053f6 (0x00009dbe) c.add   s11, a5
core   0: 3 0x800053f6 (0x9dbe) x27 0x0000070e
core   0: 0x800053f8 (0x0221e8b3) rem     a7, gp, sp
core   0: 3 0x800053f8 (0x0221e8b3) x17 0xfffff8e5
core   0: 0x800053fc (0x01cfaa33) slt     s4, t6, t3
core   0: 3 0x800053fc (0x01cfaa33) x20 0x00000000
core   0: 0x80005400 (0x0000617d) c.addi16sp sp, 496
core   0: 3 0x80005400 (0x617d) x 2 0xd58001e0
core   0: 0x80005402 (0x030afab3) remu    s5, s5, a6
core   0: 3 0x80005402 (0x030afab3) x21 0x00000000
core   0: 0x80005406 (0x00006bc9) c.lui   s7, 0x12
core   0: 3 0x80005406 (0x6bc9) x23 0x00012000
core   0: 0x80005408 (0x00009bfd) c.andi  a5, -1
core   0: 3 0x80005408 (0x9bfd) x15 0x0000070f
core   0: 0x8000540a (0x00008f6d) c.and   a4, a1
core   0: 3 0x8000540a (0x8f6d) x14 0x8000ee60
core   0: 0x8000540c (0x00c099b3) sll     s3, ra, a2
core   0: 3 0x8000540c (0x00c099b3) x19 0x80000000
core   0: 0x80005410 (0x00008f25) c.xor   a4, s1
core   0: 3 0x80005410 (0x8f25) x14 0x7fff1198
core   0: 0x80005412 (0x026819b3) mulh    s3, a6, t1
core   0: 3 0x80005412 (0x026819b3) x19 0xffffffff
core   0: 0x80005416 (0x00000492) c.slli  s1, 4
core   0: 3 0x80005416 (0x0492) x 9 0xffffff80
core   0: 0x80005418 (0x0339fe33) remu    t3, s3, s3
core   0: 3 0x80005418 (0x0339fe33) x28 0x00000000
core   0: 0x8000541c (0x03155f33) divu    t5, a0, a7
core   0: 3 0x8000541c (0x03155f33) x30 0x00000000
core   0: 0x80005420 (0x03ac9633) mulh    a2, s9, s10
core   0: 3 0x80005420 (0x03ac9633) x12 0x00000000
core   0: 0x80005424 (0x2fb2fc93) andi    s9, t0, 763
core   0: 3 0x80005424 (0x2fb2fc93) x25 0x000002fb
core   0: 0x80005428 (0x4347e7b7) lui     a5, 0x4347e
core   0: 3 0x80005428 (0x4347e7b7) x15 0x4347e000
core   0: 0x8000542c (0xff078793) addi    a5, a5, -16
core   0: 3 0x8000542c (0xff078793) x15 0x4347dff0
core   0: 0x80005430 (0x800000b7) lui     ra, 0x80000
core   0: 3 0x80005430 (0x800000b7) x 1 0x80000000
core   0: 0x80005434 (0xfff00913) li      s2, -1
core   0: 3 0x80005434 (0xfff00913) x18 0xffffffff
core   0: 0x80005438 (0xfff00713) li      a4, -1
core   0: 3 0x80005438 (0xfff00713) x14 0xffffffff
core   0: 0x8000543c (0x50d80237) lui     tp, 0x50d80
core   0: 3 0x8000543c (0x50d80237) x 4 0x50d80000
core   0: 0x80005440 (0xb3f20213) addi    tp, tp, -1217
core   0: 3 0x80005440 (0xb3f20213) x 4 0x50d7fb3f
core   0: 0x80005444 (0x00004d01) c.li    s10, 0
core   0: 3 0x80005444 (0x4d01) x26 0x00000000
core   0: 0x80005446 (0x00004b01) c.li    s6, 0
core   0: 3 0x80005446 (0x4b01) x22 0x00000000
core   0: 0x80005448 (0xdd3a0f37) lui     t5, 0xdd3a0
core   0: 3 0x80005448 (0xdd3a0f37) x30 0xdd3a0000
core   0: 0x8000544c (0x027f0f13) addi    t5, t5, 39
core   0: 3 0x8000544c (0x027f0f13) x30 0xdd3a0027
core   0: 0x80005450 (0x80000cb7) lui     s9, 0x80000
core   0: 3 0x80005450 (0x80000cb7) x25 0x80000000
core   0: 0x80005454 (0x703019b7) lui     s3, 0x70301
core   0: 3 0x80005454 (0x703019b7) x19 0x70301000
core   0: 0x80005458 (0x6b698993) addi    s3, s3, 1718
core   0: 3 0x80005458 (0x6b698993) x19 0x703016b6
core   0: 0x8000545c (0x02f7d233) divu    tp, a5, a5
core   0: 3 0x8000545c (0x02f7d233) x 4 0x00000001
core   0: 0x80005460 (0x03270233) mul     tp, a4, s2
core   0: 3 0x80005460 (0x03270233) x 4 0x00000001
core   0: 0x80005464 (0x416b09b3) sub     s3, s6, s6
core   0: 3 0x80005464 (0x416b09b3) x19 0x00000000
core   0: 0x80005468 (0x00000001) c.nop
core   0: 3 0x80005468 (0x0001)
core   0: 0x8000546a (0x03ec99b3) mulh    s3, s9, t5
core   0: 3 0x8000546a (0x03ec99b3) x19 0x1162ffec
core   0: 0x8000546e (0x0337a7b3) mulhsu  a5, a5, s3
core   0: 3 0x8000546e (0x0337a7b3) x15 0x0491caa5
core   0: 0x80005472 (0xa29e3d37) lui     s10, 0xa29e3
core   0: 3 0x80005472 (0xa29e3d37) x26 0xa29e3000
core   0: 0x80005476 (0x0e6e6d17) auipc   s10, 0xe6e6
core   0: 3 0x80005476 (0x0e6e6d17) x26 0x8e6eb476
core   0: 0x8000547a (0x47008b13) addi    s6, ra, 1136
core   0: 3 0x8000547a (0x47008b13) x22 0x80000470
core   0: 0x8000547e (0xfd91bb37) lui     s6, 0xfd91b
core   0: 3 0x8000547e (0xfd91bb37) x22 0xfd91b000
core   0: 0x80005482 (0x41998233) sub     tp, s3, s9
core   0: 3 0x80005482 (0x41998233) x 4 0x9162ffec
core   0: 0x80005486 (0x41998233) sub     tp, s3, s9
core   0: 3 0x80005486 (0x41998233) x 4 0x9162ffec
core   0: 0x8000548a (0xbec18b37) lui     s6, 0xbec18
core   0: 3 0x8000548a (0xbec18b37) x22 0xbec18000
core   0: 0x8000548e (0x03a9ef33) rem     t5, s3, s10
core   0: 3 0x8000548e (0x03a9ef33) x30 0x1162ffec
core   0: 0x80005492 (0x0390ad33) mulhsu  s10, ra, s9
core   0: 3 0x80005492 (0x0390ad33) x26 0xc0000000
core   0: 0x80005496 (0x024927b3) mulhsu  a5, s2, tp
core   0: 3 0x80005496 (0x024927b3) x15 0xffffffff
core   0: 0x8000549a (0x03227733) remu    a4, tp, s2
core   0: 3 0x8000549a (0x03227733) x14 0x9162ffec
core   0: 0x8000549e (0x00000001) c.nop
core   0: 3 0x8000549e (0x0001)
core   0: 0x800054a0 (0x16b20213) addi    tp, tp, 363
core   0: 3 0x800054a0 (0x16b20213) x 4 0x91630157
core   0: 0x800054a4 (0x00000001) c.nop
core   0: 3 0x800054a4 (0x0001)
core   0: 0x800054a6 (0x036997b3) mulh    a5, s3, s6
core   0: 3 0x800054a6 (0x036997b3) x15 0xfb919e59
core   0: 0x800054aa (0x0367dcb3) divu    s9, a5, s6
core   0: 3 0x800054aa (0x0367dcb3) x25 0x00000001
core   0: 0x800054ae (0x1249e097) auipc   ra, 0x1249e
core   0: 3 0x800054ae (0x1249e097) x 1 0x924a34ae
core   0: 0x800054b2 (0x03a7ff33) remu    t5, a5, s10
core   0: 3 0x800054b2 (0x03a7ff33) x30 0x3b919e59
core   0: 0x800054b6 (0x033b5733) divu    a4, s6, s3
core   0: 3 0x800054b6 (0x033b5733) x14 0x0000000a
core   0: 0x800054ba (0x024cc233) div     tp, s9, tp
core   0: 3 0x800054ba (0x024cc233) x 4 0x00000000
core   0: 0x800054be (0x02ed7233) remu    tp, s10, a4
core   0: 3 0x800054be (0x02ed7233) x 4 0x00000002
core   0: 0x800054c2 (0x02fb7b33) remu    s6, s6, a5
core   0: 3 0x800054c2 (0x02fb7b33) x22 0xbec18000
core   0: 0x800054c6 (0x42798713) addi    a4, s3, 1063
core   0: 3 0x800054c6 (0x42798713) x14 0x11630413
core   0: 0x800054ca (0x0397acb3) mulhsu  s9, a5, s9
core   0: 3 0x800054ca (0x0397acb3) x25 0xffffffff
core   0: 0x800054ce (0x00008c3d) c.xor   s0, a5
core   0: 3 0x800054ce (0x8c3d) x 8 0xfb919e59
core   0: 0x800054d0 (0xf98c7093) andi    ra, s8, -104
core   0: 3 0x800054d0 (0xf98c7093) x 1 0xffc27e18
core   0: 0x800054d4 (0x03a246b3) div     a3, tp, s10
core   0: 3 0x800054d4 (0x03a246b3) x13 0x00000000
core   0: 0x800054d8 (0x0310ecb3) rem     s9, ra, a7
core   0: 3 0x800054d8 (0x0310ecb3) x25 0xffffffd0
core   0: 0x800054dc (0x00006d75) c.lui   s10, 0x1d
core   0: 3 0x800054dc (0x6d75) x26 0x0001d000
core   0: 0x800054de (0x0000616d) c.addi16sp sp, 240
core   0: 3 0x800054de (0x616d) x 2 0xd58002d0
core   0: 0x800054e0 (0x41abd993) srai    s3, s7, 26
core   0: 3 0x800054e0 (0x41abd993) x19 0x00000000
core   0: 0x800054e4 (0x00cde1b3) or      gp, s11, a2
core   0: 3 0x800054e4 (0x00cde1b3) x 3 0x0000070e
core   0: 0x800054e8 (0x00008e15) c.sub   a2, a3
core   0: 3 0x800054e8 (0x8e15) x12 0x00000000
core   0: 0x800054ea (0x00000001) c.nop
core   0: 3 0x800054ea (0x0001)
core   0: 0x800054ec (0xc2912e13) slti    t3, sp, -983
core   0: 3 0x800054ec (0xc2912e13) x28 0x00000001
core   0: 0x800054f0 (0x763987b7) lui     a5, 0x76398
core   0: 3 0x800054f0 (0x763987b7) x15 0x76398000
core   0: 0x800054f4 (0x03670433) mul     s0, a4, s6
core   0: 3 0x800054f4 (0x03670433) x 8 0xae5c8000
core   0: 0x800054f8 (0x00000001) c.nop
core   0: 3 0x800054f8 (0x0001)
core   0: 0x800054fa (0x00000a95) c.addi  s5, 5
core   0: 3 0x800054fa (0x0a95) x21 0x00000005
core   0: 0x800054fc (0x0000048a) c.slli  s1, 2
core   0: 3 0x800054fc (0x048a) x 9 0xfffffe00
core   0: 0x800054fe (0x000009c9) c.addi  s3, 18
core   0: 3 0x800054fe (0x09c9) x19 0x00000012
core   0: 0x80005500 (0x41c8ddb3) sra     s11, a7, t3
core   0: 3 0x80005500 (0x41c8ddb3) x27 0xfffffc72
core   0: 0x80005504 (0xf82f7d93) andi    s11, t5, -126
core   0: 3 0x80005504 (0xf82f7d93) x27 0x3b919e00
core   0: 0x80005508 (0x00008ce1) c.and   s1, s0
core   0: 3 0x80005508 (0x8ce1) x 9 0xae5c8000
core   0: 0x8000550a (0x00008f2d) c.xor   a4, a1
core   0: 3 0x8000550a (0x8f2d) x14 0x9163ea77
core   0: 0x8000550c (0x00f363b3) or      t2, t1, a5
core   0: 3 0x8000550c (0x00f363b3) x 7 0x76398001
core   0: 0x80005510 (0x406b8bb3) sub     s7, s7, t1
core   0: 3 0x80005510 (0x406b8bb3) x23 0x00011fff
core   0: 0x80005514 (0x023546b3) div     a3, a0, gp
core   0: 3 0x80005514 (0x023546b3) x13 0xffeddb50
core   0: 0x80005518 (0xee2db393) sltiu   t2, s11, -286
core   0: 3 0x80005518 (0xee2db393) x 7 0x00000001
core   0: 0x8000551c (0x0cf7b913) sltiu   s2, a5, 207
core   0: 3 0x8000551c (0x0cf7b913) x18 0x00000000
core   0: 0x80005520 (0x00000b19) c.addi  s6, 6
core   0: 3 0x80005520 (0x0b19) x22 0xbec18006
core   0: 0x80005522 (0x40d35a93) srai    s5, t1, 13
core   0: 3 0x80005522 (0x40d35a93) x21 0x00000000
core   0: 0x80005526 (0x01607633) and     a2, zero, s6
core   0: 3 0x80005526 (0x01607633) x12 0x00000000
core   0: 0x8000552a (0x01291a93) slli    s5, s2, 18
core   0: 3 0x8000552a (0x01291a93) x21 0x00000000
core   0: 0x8000552e (0x0077c7b3) xor     a5, a5, t2
core   0: 3 0x8000552e (0x0077c7b3) x15 0x76398001
core   0: 0x80005532 (0x1d63bb13) sltiu   s6, t2, 470
core   0: 3 0x80005532 (0x1d63bb13) x22 0x00000001
core   0: 0x80005536 (0x0000987d) c.andi  s0, -1
core   0: 3 0x80005536 (0x987d) x 8 0xae5c8000
core   0: 0x80005538 (0x0165e633) or      a2, a1, s6
core   0: 3 0x80005538 (0x0165e633) x12 0x8000ee65
core   0: 0x8000553c (0x0000147d) c.addi  s0, -1
core   0: 3 0x8000553c (0x147d) x 8 0xae5c7fff
core   0: 0x8000553e (0x0227f0b3) remu    ra, a5, sp
core   0: 3 0x8000553e (0x0227f0b3) x 1 0x76398001
core   0: 0x80005542 (0xc61b4913) xori    s2, s6, -927
core   0: 3 0x80005542 (0xc61b4913) x18 0xfffffc60
core   0: 0x80005546 (0x0323f1b3) remu    gp, t2, s2
core   0: 3 0x80005546 (0x0323f1b3) x 3 0x00000001
core   0: 0x8000554a (0x00005afd) c.li    s5, -1
core   0: 3 0x8000554a (0x5afd) x21 0xffffffff
core   0: 0x8000554c (0x0000916a) c.add   sp, s10
core   0: 3 0x8000554c (0x916a) x 2 0xd581d2d0
core   0: 0x8000554e (0x00008c3d) c.xor   s0, a5
core   0: 3 0x8000554e (0x8c3d) x 8 0xd865fffe
core   0: 0x80005550 (0x039e7433) remu    s0, t3, s9
core   0: 3 0x80005550 (0x039e7433) x 8 0x00000001
core   0: 0x80005554 (0xac926793) ori     a5, tp, -1335
core   0: 3 0x80005554 (0xac926793) x15 0xfffffacb
core   0: 0x80005558 (0x00008f0d) c.sub   a4, a1
core   0: 3 0x80005558 (0x8f0d) x14 0x1162fc13
core   0: 0x8000555a (0x4d1b8993) addi    s3, s7, 1233
core   0: 3 0x8000555a (0x4d1b8993) x19 0x000124d0
core   0: 0x8000555e (0x00065f33) srl     t5, a2, zero
core   0: 3 0x8000555e (0x00065f33) x30 0x8000ee65
core   0: 0x80005562 (0x005571b3) and     gp, a0, t0
core   0: 3 0x80005562 (0x005571b3) x 3 0x80002ce4
core   0: 0x80005566 (0x40f487b3) sub     a5, s1, a5
core   0: 3 0x80005566 (0x40f487b3) x15 0xae5c8535
core   0: 0x8000556a (0x010ddcb3) srl     s9, s11, a6
core   0: 3 0x8000556a (0x010ddcb3) x25 0x00000000
core   0: 0x8000556e (0x584ee413) ori     s0, t4, 1412
core   0: 3 0x8000556e (0x584ee413) x 8 0x37103fd7
core   0: 0x80005572 (0x01b014b3) sll     s1, zero, s11
core   0: 3 0x80005572 (0x01b014b3) x 9 0x00000000
core   0: 0x80005576 (0x0000071c) c.addi4spn a5, sp, 896
core   0: 3 0x80005576 (0x071c) x15 0xd581d650
core   0: 0x80005578 (0x015d9b33) sll     s6, s11, s5
core   0: 3 0x80005578 (0x015d9b33) x22 0x00000000
core   0: 0x8000557c (0x00988233) add     tp, a7, s1
core   0: 3 0x8000557c (0x00988233) x 4 0xfffff8e5
core   0: 0x80005580 (0x00008e2d) c.xor   a2, a1
core   0: 3 0x80005580 (0x8e2d) x12 0x00000001
core   0: 0x80005582 (0x3fb02e93) slti    t4, zero, 1019
core   0: 3 0x80005582 (0x3fb02e93) x29 0x00000001
core   0: 0x80005586 (0x00008c99) c.sub   s1, a4
core   0: 3 0x80005586 (0x8c99) x 9 0xee9d03ed
core   0: 0x80005588 (0x03a2b7b3) mulhu   a5, t0, s10
core   0: 3 0x80005588 (0x03a2b7b3) x15 0x0001cff6
core   0: 0x8000558c (0x00008ff1) c.and   a5, a2
core   0: 3 0x8000558c (0x8ff1) x15 0x00000000
core   0: 0x8000558e (0x00c6d433) srl     s0, a3, a2
core   0: 3 0x8000558e (0x00c6d433) x 8 0x7ff6eda8
core   0: 0x80005592 (0x03be87b3) mul     a5, t4, s11
core   0: 3 0x80005592 (0x03be87b3) x15 0x3b919e00
core   0: 0x80005596 (0x0281cd33) div     s10, gp, s0
core   0: 3 0x80005596 (0x0281cd33) x26 0xffffffff
core   0: 0x8000559a (0x00008ee1) c.and   a3, s0
core   0: 3 0x8000559a (0x8ee1) x13 0x7fe4c900
core   0: 0x8000559c (0x000086b9) c.srai  a3, 14
core   0: 3 0x8000559c (0x86b9) x13 0x0001ff93
core   0: 0x8000559e (0x0340e333) rem     t1, ra, s4
core   0: 3 0x8000559e (0x0340e333) x 6 0x76398001
core   0: 0x800055a2 (0x00004c91) c.li    s9, 4
core   0: 3 0x800055a2 (0x4c91) x25 0x00000004
core   0: 0x800055a4 (0x00004169) c.li    sp, 26
core   0: 3 0x800055a4 (0x4169) x 2 0x0000001a
core   0: 0x800055a6 (0x406050b3) sra     ra, zero, t1
core   0: 3 0x800055a6 (0x406050b3) x 1 0x00000000
core   0: 0x800055aa (0x01452fb3) slt     t6, a0, s4
core   0: 3 0x800055aa (0x01452fb3) x31 0x00000001
core   0: 0x800055ae (0x00008e65) c.and   a2, s1
core   0: 3 0x800055ae (0x8e65) x12 0x00000001
core   0: 0x800055b0 (0x00b051b3) srl     gp, zero, a1
core   0: 3 0x800055b0 (0x00b051b3) x 3 0x00000000
core   0: 0x800055b4 (0x00000d21) c.addi  s10, 8
core   0: 3 0x800055b4 (0x0d21) x26 0x00000007
core   0: 0x800055b6 (0x00008c09) c.sub   s0, a0
core   0: 3 0x800055b6 (0x8c09) x 8 0xfff5c0c4
core   0: 0x800055b8 (0x000080d6) c.mv    ra, s5
core   0: 3 0x800055b8 (0x80d6) x 1 0xffffffff
core   0: 0x800055ba (0x19ae0b93) addi    s7, t3, 410
core   0: 3 0x800055ba (0x19ae0b93) x23 0x0000019b
core   0: 0x800055be (0xc1be5f17) auipc   t5, 0xc1be5
core   0: 3 0x800055be (0xc1be5f17) x30 0x41bea5be
core   0: 0x800055c2 (0x00004825) c.li    a6, 9
core   0: 3 0x800055c2 (0x4825) x16 0x00000009
core   0: 0x800055c4 (0x4170d493) srai    s1, ra, 23
core   0: 3 0x800055c4 (0x4170d493) x 9 0xffffffff
core   0: 0x800055c8 (0x6ef4c193) xori    gp, s1, 1775
core   0: 3 0x800055c8 (0x6ef4c193) x 3 0xfffff910
core   0: 0x800055cc (0x00004651) c.li    a2, 20
core   0: 3 0x800055cc (0x4651) x12 0x00000014
core   0: 0x800055ce (0x027e54b3) divu    s1, t3, t2
core   0: 3 0x800055ce (0x027e54b3) x 9 0x00000001
core   0: 0x800055d2 (0x41710133) sub     sp, sp, s7
core   0: 3 0x800055d2 (0x41710133) x 2 0xfffffe7f
core   0: 0x800055d6 (0x01fd1993) slli    s3, s10, 31
core   0: 3 0x800055d6 (0x01fd1993) x19 0x80000000
core   0: 0x800055da (0x018dc133) xor     sp, s11, s8
core   0: 3 0x800055da (0x018dc133) x 2 0xc453e03f
core   0: 0x800055de (0x00873eb3) sltu    t4, a4, s0
core   0: 3 0x800055de (0x00873eb3) x29 0x00000001
core   0: 0x800055e2 (0x000084dd) c.srai  s1, 23
core   0: 3 0x800055e2 (0x84dd) x 9 0x00000000
core   0: 0x800055e4 (0x00000001) c.nop
core   0: 3 0x800055e4 (0x0001)
core   0: 0x800055e6 (0x01513eb3) sltu    t4, sp, s5
core   0: 3 0x800055e6 (0x01513eb3) x29 0x00000001
core   0: 0x800055ea (0xbe6ea993) slti    s3, t4, -1050
core   0: 3 0x800055ea (0xbe6ea993) x19 0x00000000
core   0: 0x800055ee (0x03a4fab3) remu    s5, s1, s10
core   0: 3 0x800055ee (0x03a4fab3) x21 0x00000000
core   0: 0x800055f2 (0x65b3b993) sltiu   s3, t2, 1627
core   0: 3 0x800055f2 (0x65b3b993) x19 0x00000001
core   0: 0x800055f6 (0xa46bcf13) xori    t5, s7, -1466
core   0: 3 0x800055f6 (0xa46bcf13) x30 0xfffffbdd
core   0: 0x800055fa (0x012fceb3) xor     t4, t6, s2
core   0: 3 0x800055fa (0x012fceb3) x29 0xfffffc61
core   0: 0x800055fe (0x02435e33) divu    t3, t1, tp
core   0: 3 0x800055fe (0x02435e33) x28 0x00000000
core   0: 0x80005602 (0x00000d69) c.addi  s10, 26
core   0: 3 0x80005602 (0x0d69) x26 0x00000021
core   0: 0x80005604 (0x01887cb3) and     s9, a6, s8
core   0: 3 0x80005604 (0x01887cb3) x25 0x00000009
core   0: 0x80005608 (0x034372b3) remu    t0, t1, s4
core   0: 3 0x80005608 (0x034372b3) x 5 0x76398001
core   0: 0x8000560c (0x0000020a) c.slli  tp, 2
core   0: 3 0x8000560c (0x020a) x 4 0xffffe394
core   0: 0x8000560e (0x00001104) c.addi4spn s1, sp, 160
core   0: 3 0x8000560e (0x1104) x 9 0xc453e0df
core   0: 0x80005610 (0x0226c4b3) div     s1, a3, sp
core   0: 3 0x80005610 (0x0226c4b3) x 9 0x00000000
core   0: 0x80005614 (0x0013a233) slt     tp, t2, ra
core   0: 3 0x80005614 (0x0013a233) x 4 0x00000000
core   0: 0x80005618 (0x00000001) c.nop
core   0: 3 0x80005618 (0x0001)
core   0: 0x8000561a (0x0000717d) c.addi16sp sp, -16
core   0: 3 0x8000561a (0x717d) x 2 0xc453e02f
core   0: 0x8000561c (0x41b786b3) sub     a3, a5, s11
core   0: 3 0x8000561c (0x41b786b3) x13 0x00000000
core   0: 0x80005620 (0xcffcc213) xori    tp, s9, -769
core   0: 3 0x80005620 (0xcffcc213) x 4 0xfffffcf6
core   0: 0x80005624 (0x03a69db3) mulh    s11, a3, s10
core   0: 3 0x80005624 (0x03a69db3) x27 0x00000000
core   0: 0x80005628 (0x000000f6) c.slli  ra, 29
core   0: 3 0x80005628 (0x00f6) x 1 0xe0000000
core   0: 0x8000562a (0x0333ba33) mulhu   s4, t2, s3
core   0: 3 0x8000562a (0x0333ba33) x20 0x00000000
core   0: 0x8000562e (0x00008ef9) c.and   a3, a4
core   0: 3 0x8000562e (0x8ef9) x13 0x00000000
core   0: 0x80005630 (0x00009aae) c.add   s5, a1
core   0: 3 0x80005630 (0x9aae) x21 0x8000ee64
core   0: 0x80005632 (0x40310033) sub     zero, sp, gp
core   0: 3 0x80005632 (0x40310033)
core   0: 0x80005636 (0xc7b72d13) slti    s10, a4, -901
core   0: 3 0x80005636 (0xc7b72d13) x26 0x00000000
core   0: 0x8000563a (0x03dff8b3) remu    a7, t6, t4
core   0: 3 0x8000563a (0x03dff8b3) x17 0x00000001
core   0: 0x8000563e (0x000007bd) c.addi  a5, 15
core   0: 3 0x8000563e (0x07bd) x15 0x3b919e0f
core   0: 0x80005640 (0x41e2d733) sra     a4, t0, t5
core   0: 3 0x80005640 (0x41e2d733) x14 0x00000003
core   0: 0x80005644 (0xc9d6a813) slti    a6, a3, -867
core   0: 3 0x80005644 (0xc9d6a813) x16 0x00000000
core   0: 0x80005648 (0x025ef4b3) remu    s1, t4, t0
core   0: 3 0x80005648 (0x025ef4b3) x 9 0x138cfc5f
core   0: 0x8000564c (0x000094ce) c.add   s1, s3
core   0: 3 0x8000564c (0x94ce) x 9 0x138cfc60
core   0: 0x8000564e (0x000082c1) c.srli  a3, 16
core   0: 3 0x8000564e (0x82c1) x13 0x00000000
core   0: 0x80005650 (0x01e28a33) add     s4, t0, t5
core   0: 3 0x80005650 (0x01e28a33) x20 0x76397bde
core   0: 0x80005654 (0x00d05d93) srli    s11, zero, 13
core   0: 3 0x80005654 (0x00d05d93) x27 0x00000000
core   0: 0x80005658 (0x00009e42) c.add   t3, a6
core   0: 3 0x80005658 (0x9e42) x28 0x00000000
core   0: 0x8000565a (0x00008361) c.srli  a4, 24
core   0: 3 0x8000565a (0x8361) x14 0x00000000
core   0: 0x8000565c (0x00000001) c.nop
core   0: 3 0x8000565c (0x0001)
core   0: 0x8000565e (0x00000001) c.nop
core   0: 3 0x8000565e (0x0001)
core   0: 0x80005660 (0x94f88e93) addi    t4, a7, -1713
core   0: 3 0x80005660 (0x94f88e93) x29 0xfffff950
core   0: 0x80005664 (0x00006fb1) c.lui   t6, 0xc
core   0: 3 0x80005664 (0x6fb1) x31 0x0000c000
core   0: 0x80005666 (0x00008e55) c.or    a2, a3
core   0: 3 0x80005666 (0x8e55) x12 0x00000014
core   0: 0x80005668 (0x02ab5fb3) divu    t6, s6, a0
core   0: 3 0x80005668 (0x02ab5fb3) x31 0x00000000
core   0: 0x8000566c (0x0000167d) c.addi  a2, -1
core   0: 3 0x8000566c (0x167d) x12 0x00000013
core   0: 0x8000566e (0xfb58ad13) slti    s10, a7, -75
core   0: 3 0x8000566e (0xfb58ad13) x26 0x00000000
core   0: 0x80005672 (0x00000001) c.nop
core   0: 3 0x80005672 (0x0001)
core   0: 0x80005674 (0x039731b3) mulhu   gp, a4, s9
core   0: 3 0x80005674 (0x039731b3) x 3 0x00000000
core   0: 0x80005678 (0x89d2f913) andi    s2, t0, -1891
core   0: 3 0x80005678 (0x89d2f913) x18 0x76398001
core   0: 0x8000567c (0x00001e04) c.addi4spn s1, sp, 816
core   0: 3 0x8000567c (0x1e04) x 9 0xc453e35f
core   0: 0x8000567e (0x00008ee1) c.and   a3, s0
core   0: 3 0x8000567e (0x8ee1) x13 0x00000000
core   0: 0x80005680 (0x0000047e) c.slli  s0, 31
core   0: 3 0x80005680 (0x047e) x 8 0x00000000
core   0: 0x80005682 (0x000006b1) c.addi  a3, 12
core   0: 3 0x80005682 (0x06b1) x13 0x0000000c
core   0: 0x80005684 (0xdf303f37) lui     t5, 0xdf303
core   0: 3 0x80005684 (0xdf303f37) x30 0xdf303000
core   0: 0x80005688 (0x00f979b3) and     s3, s2, a5
core   0: 3 0x80005688 (0x00f979b3) x19 0x32118001
core   0: 0x8000568c (0x000059fd) c.li    s3, -1
core   0: 3 0x8000568c (0x59fd) x19 0xffffffff
core   0: 0x8000568e (0x347e3f93) sltiu   t6, t3, 839
core   0: 3 0x8000568e (0x347e3f93) x31 0x00000001
core   0: 0x80005692 (0x00008c31) c.xor   s0, a2
core   0: 3 0x80005692 (0x8c31) x 8 0x00000013
core   0: 0x80005694 (0xff353993) sltiu   s3, a0, -13
core   0: 3 0x80005694 (0xff353993) x19 0x00000001
core   0: 0x80005698 (0xb253bd13) sltiu   s10, t2, -1243
core   0: 3 0x80005698 (0xb253bd13) x26 0x00000001
core   0: 0x8000569c (0xd2213e93) sltiu   t4, sp, -734
core   0: 3 0x8000569c (0xd2213e93) x29 0x00000001
core   0: 0x800056a0 (0x401280b3) sub     ra, t0, ra
core   0: 3 0x800056a0 (0x401280b3) x 1 0x96398001
core   0: 0x800056a4 (0x016397b3) sll     a5, t2, s6
core   0: 3 0x800056a4 (0x016397b3) x15 0x00000001
core   0: 0x800056a8 (0x00001510) c.addi4spn a2, sp, 672
core   0: 3 0x800056a8 (0x1510) x12 0xc453e2cf
core   0: 0x800056aa (0x00008f45) c.or    a4, s1
core   0: 3 0x800056aa (0x8f45) x14 0xc453e35f
core   0: 0x800056ac (0x02bfff33) remu    t5, t6, a1
core   0: 3 0x800056ac (0x02bfff33) x30 0x00000001
core   0: 0x800056b0 (0x0000717d) c.addi16sp sp, -16
core   0: 3 0x800056b0 (0x717d) x 2 0xc453e01f
core   0: 0x800056b2 (0x03fcc833) div     a6, s9, t6
core   0: 3 0x800056b2 (0x03fcc833) x16 0x00000009
core   0: 0x800056b6 (0x00009e2a) c.add   t3, a0
core   0: 3 0x800056b6 (0x9e2a) x28 0x80012ce4
core   0: 0x800056b8 (0x00008e3d) c.xor   a2, a5
core   0: 3 0x800056b8 (0x8e3d) x12 0xc453e2ce
core   0: 0x800056ba (0x0000822d) c.srli  a2, 11
core   0: 3 0x800056ba (0x822d) x12 0x00188a7c
core   0: 0x800056bc (0xe4507793) andi    a5, zero, -443
core   0: 3 0x800056bc (0xe4507793) x15 0x00000000
core   0: 0x800056c0 (0x000058fd) c.li    a7, -1
core   0: 3 0x800056c0 (0x58fd) x17 0xffffffff
core   0: 0x800056c2 (0x6a290093) addi    ra, s2, 1698
core   0: 3 0x800056c2 (0x6a290093) x 1 0x763986a3
core   0: 0x800056c6 (0x01ebb133) sltu    sp, s7, t5
core   0: 3 0x800056c6 (0x01ebb133) x 2 0x00000000
core   0: 0x800056ca (0xb2e1c993) xori    s3, gp, -1234
core   0: 3 0x800056ca (0xb2e1c993) x19 0xfffffb2e
core   0: 0x800056ce (0x00008465) c.srai  s0, 25
core   0: 3 0x800056ce (0x8465) x 8 0x00000000
core   0: 0x800056d0 (0x00000001) c.nop
core   0: 3 0x800056d0 (0x0001)
core   0: 0x800056d2 (0x000048e9) c.li    a7, 26
core   0: 3 0x800056d2 (0x48e9) x17 0x0000001a
core   0: 0x800056d4 (0x0191b233) sltu    tp, gp, s9
core   0: 3 0x800056d4 (0x0191b233) x 4 0x00000001
core   0: 0x800056d8 (0x008fb8b3) sltu    a7, t6, s0
core   0: 3 0x800056d8 (0x008fb8b3) x17 0x00000000
core   0: 0x800056dc (0x00008731) c.srai  a4, 12
core   0: 3 0x800056dc (0x8731) x14 0xfffc453e
core   0: 0x800056de (0x03376733) rem     a4, a4, s3
core   0: 3 0x800056de (0x03376733) x14 0xffffffaa
core   0: 0x800056e2 (0x03ee3eb3) mulhu   t4, t3, t5
core   0: 3 0x800056e2 (0x03ee3eb3) x29 0x00000000
core   0: 0x800056e6 (0x00000f92) c.slli  t6, 4
core   0: 3 0x800056e6 (0x0f92) x31 0x00000010
core   0: 0x800056e8 (0x00008c51) c.or    s0, a2
core   0: 3 0x800056e8 (0x8c51) x 8 0x00188a7c
core   0: 0x800056ea (0x00001004) c.addi4spn s1, sp, 32
core   0: 3 0x800056ea (0x1004) x 9 0x00000020
core   0: 0x800056ec (0x00000001) c.nop
core   0: 3 0x800056ec (0x0001)
core   0: 0x800056ee (0x001bc833) xor     a6, s7, ra
core   0: 3 0x800056ee (0x001bc833) x16 0x76398738
core   0: 0x800056f2 (0x00008f21) c.xor   a4, s0
core   0: 3 0x800056f2 (0x8f21) x14 0xffe775d6
core   0: 0x800056f4 (0x01d0fd33) and     s10, ra, t4
core   0: 3 0x800056f4 (0x01d0fd33) x26 0x00000000
core   0: 0x800056f8 (0x017900b3) add     ra, s2, s7
core   0: 3 0x800056f8 (0x017900b3) x 1 0x7639819c
core   0: 0x800056fc (0xbadce093) ori     ra, s9, -1107
core   0: 3 0x800056fc (0xbadce093) x 1 0xfffffbad
core   0: 0x80005700 (0x5325af13) slti    t5, a1, 1330
core   0: 3 0x80005700 (0x5325af13) x30 0x00000001
core   0: 0x80005704 (0x000087f9) c.srai  a5, 30
core   0: 3 0x80005704 (0x87f9) x15 0x00000000
core   0: 0x80005706 (0x40c3d193) srai    gp, t2, 12
core   0: 3 0x80005706 (0x40c3d193) x 3 0x00000000
core   0: 0x8000570a (0x4beb3d93) sltiu   s11, s6, 1214
core   0: 3 0x8000570a (0x4beb3d93) x27 0x00000001
core   0: 0x8000570e (0x40ff5433) sra     s0, t5, a5
core   0: 3 0x8000570e (0x40ff5433) x 8 0x00000001
core   0: 0x80005712 (0x01cdefb3) or      t6, s11, t3
core   0: 3 0x80005712 (0x01cdefb3) x31 0x80012ce5
core   0: 0x80005716 (0x00008a21) c.andi  a2, 8
core   0: 3 0x80005716 (0x8a21) x12 0x00000008
core   0: 0x80005718 (0x03054fb3) div     t6, a0, a6
core   0: 3 0x80005718 (0x03054fb3) x31 0xffffffff
core   0: 0x8000571c (0x037b8233) mul     tp, s7, s7
core   0: 3 0x8000571c (0x037b8233) x 4 0x000293d9
core   0: 0x80005720 (0x000043e1) c.li    t2, 24
core   0: 3 0x80005720 (0x43e1) x 7 0x00000018
core   0: 0x80005722 (0x02b4a133) mulhsu  sp, s1, a1
core   0: 3 0x80005722 (0x02b4a133) x 2 0x00000010
core   0: 0x80005726 (0x00000e75) c.addi  t3, 29
core   0: 3 0x80005726 (0x0e75) x28 0x80012d01
core   0: 0x80005728 (0x1915e093) ori     ra, a1, 401
core   0: 3 0x80005728 (0x1915e093) x 1 0x8000eff5
core   0: 0x8000572c (0x028eb733) mulhu   a4, t4, s0
core   0: 3 0x8000572c (0x028eb733) x14 0x00000000
core   0: 0x80005730 (0x02ee4bb3) div     s7, t3, a4
core   0: 3 0x80005730 (0x02ee4bb3) x23 0xffffffff
core   0: 0x80005734 (0x03673f33) mulhu   t5, a4, s6
core   0: 3 0x80005734 (0x03673f33) x30 0x00000000
core   0: 0x80005738 (0x4122d033) sra     zero, t0, s2
core   0: 3 0x80005738 (0x4122d033)
core   0: 0x8000573c (0x00646633) or      a2, s0, t1
core   0: 3 0x8000573c (0x00646633) x12 0x76398001
core   0: 0x80005740 (0x0354e1b3) rem     gp, s1, s5
core   0: 3 0x80005740 (0x0354e1b3) x 3 0x00000020
core   0: 0x80005744 (0x00cb0433) add     s0, s6, a2
core   0: 3 0x80005744 (0x00cb0433) x 8 0x76398001
core   0: 0x80005748 (0x03183933) mulhu   s2, a6, a7
core   0: 3 0x80005748 (0x03183933) x18 0x00000000
core   0: 0x8000574c (0x000087e5) c.srai  a5, 25
core   0: 3 0x8000574c (0x87e5) x15 0x00000000
core   0: 0x8000574e (0x00a29c93) slli    s9, t0, 10
core   0: 3 0x8000574e (0x00a29c93) x25 0xe6000400
core   0: 0x80005752 (0x00000001) c.nop
core   0: 3 0x80005752 (0x0001)
core   0: 0x80005754 (0x00000001) c.nop
core   0: 3 0x80005754 (0x0001)
core   0: 0x80005756 (0xfe57bb13) sltiu   s6, a5, -27
core   0: 3 0x80005756 (0xfe57bb13) x22 0x00000001
core   0: 0x8000575a (0x024170b3) remu    ra, sp, tp
core   0: 3 0x8000575a (0x024170b3) x 1 0x00000010
core   0: 0x8000575e (0x00008ff5) c.and   a5, a3
core   0: 3 0x8000575e (0x8ff5) x15 0x00000000
core   0: 0x80005760 (0x9ef22193) slti    gp, tp, -1553
core   0: 3 0x80005760 (0x9ef22193) x 3 0x00000000
core   0: 0x80005764 (0x00000001) c.nop
core   0: 3 0x80005764 (0x0001)
core   0: 0x80005766 (0x00d1e233) or      tp, gp, a3
core   0: 3 0x80005766 (0x00d1e233) x 4 0x0000000c
core   0: 0x8000576a (0x01b17b33) and     s6, sp, s11
core   0: 3 0x8000576a (0x01b17b33) x22 0x00000000
core   0: 0x8000576e (0x00e77fb3) and     t6, a4, a4
core   0: 3 0x8000576e (0x00e77fb3) x31 0x00000000
core   0: 0x80005772 (0x00de1893) slli    a7, t3, 13
core   0: 3 0x80005772 (0x00de1893) x17 0x25a02000
core   0: 0x80005776 (0x0000875d) c.srai  a4, 23
core   0: 3 0x80005776 (0x875d) x14 0x00000000
core   0: 0x80005778 (0x015fbd33) sltu    s10, t6, s5
core   0: 3 0x80005778 (0x015fbd33) x26 0x00000001
core   0: 0x8000577c (0x00004171) c.li    sp, 28
core   0: 3 0x8000577c (0x4171) x 2 0x0000001c
core   0: 0x8000577e (0x00008ff9) c.and   a5, a4
core   0: 3 0x8000577e (0x8ff9) x15 0x00000000
core   0: 0x80005780 (0x03e79233) mulh    tp, a5, t5
core   0: 3 0x80005780 (0x03e79233) x 4 0x00000000
core   0: 0x80005784 (0x403d5bb3) sra     s7, s10, gp
core   0: 3 0x80005784 (0x403d5bb3) x23 0x00000001
core   0: 0x80005788 (0x01cdfeb3) and     t4, s11, t3
core   0: 3 0x80005788 (0x01cdfeb3) x29 0x00000001
core   0: 0x8000578c (0x010ac733) xor     a4, s5, a6
core   0: 3 0x8000578c (0x010ac733) x14 0xf639695c
core   0: 0x80005790 (0x4155dc93) srai    s9, a1, 21
core   0: 3 0x80005790 (0x4155dc93) x25 0xfffffc00
core   0: 0x80005794 (0x00008cad) c.xor   s1, a1
core   0: 3 0x80005794 (0x8cad) x 9 0x8000ee44
core   0: 0x80005796 (0x00001afd) c.addi  s5, -1
core   0: 3 0x80005796 (0x1afd) x21 0x8000ee63
core   0: 0x80005798 (0x6f74bd93) sltiu   s11, s1, 1783
core   0: 3 0x80005798 (0x6f74bd93) x27 0x00000000
core   0: 0x8000579c (0x00001494) c.addi4spn a3, sp, 608
core   0: 3 0x8000579c (0x1494) x13 0x0000027c
core   0: 0x8000579e (0x00000001) c.nop
core   0: 3 0x8000579e (0x0001)
core   0: 0x800057a0 (0x008224b3) slt     s1, tp, s0
core   0: 3 0x800057a0 (0x008224b3) x 9 0x00000001
core   0: 0x800057a4 (0x00000b18) c.addi4spn a4, sp, 400
core   0: 3 0x800057a4 (0x0b18) x14 0x000001ac
core   0: 0x800057a6 (0x00000001) c.nop
core   0: 3 0x800057a6 (0x0001)
core   0: 0x800057a8 (0x02fdc8b3) div     a7, s11, a5
core   0: 3 0x800057a8 (0x02fdc8b3) x17 0xffffffff
core   0: 0x800057ac (0x01bf6db3) or      s11, t5, s11
core   0: 3 0x800057ac (0x01bf6db3) x27 0x00000000
core   0: 0x800057b0 (0x00000001) c.nop
core   0: 3 0x800057b0 (0x0001)
core   0: 0x800057b2 (0x01fd3a33) sltu    s4, s10, t6
core   0: 3 0x800057b2 (0x01fd3a33) x20 0x00000000
core   0: 0x800057b6 (0x00005bfd) c.li    s7, -1
core   0: 3 0x800057b6 (0x5bfd) x23 0xffffffff
core   0: 0x800057b8 (0x01e01133) sll     sp, zero, t5
core   0: 3 0x800057b8 (0x01e01133) x 2 0x00000000
core   0: 0x800057bc (0x00008ab9) c.andi  a3, 14
core   0: 3 0x800057bc (0x8ab9) x13 0x0000000c
core   0: 0x800057be (0x00663133) sltu    sp, a2, t1
core   0: 3 0x800057be (0x00663133) x 2 0x00000000
core   0: 0x800057c2 (0x40b05493) srai    s1, zero, 11
core   0: 3 0x800057c2 (0x40b05493) x 9 0x00000000
core   0: 0x800057c6 (0x00009b7d) c.andi  a4, -1
core   0: 3 0x800057c6 (0x9b7d) x14 0x000001ac
core   0: 0x800057c8 (0x00009b7d) c.andi  a4, -1
core   0: 3 0x800057c8 (0x9b7d) x14 0x000001ac
core   0: 0x800057ca (0x00006df9) c.lui   s11, 0x1e
core   0: 3 0x800057ca (0x6df9) x27 0x0001e000
core   0: 0x800057cc (0x00008e31) c.xor   a2, a2
core   0: 3 0x800057cc (0x8e31) x12 0x00000000
core   0: 0x800057ce (0x000080b9) c.srli  s1, 14
core   0: 3 0x800057ce (0x80b9) x 9 0x00000000
core   0: 0x800057d0 (0x00000001) c.nop
core   0: 3 0x800057d0 (0x0001)
core   0: 0x800057d2 (0x00008ecd) c.or    a3, a1
core   0: 3 0x800057d2 (0x8ecd) x13 0x8000ee6c
core   0: 0x800057d4 (0x01931433) sll     s0, t1, s9
core   0: 3 0x800057d4 (0x01931433) x 8 0x76398001
core   0: 0x800057d8 (0x072d2393) slti    t2, s10, 114
core   0: 3 0x800057d8 (0x072d2393) x 7 0x00000001
core   0: 0x800057dc (0x4032d093) srai    ra, t0, 3
core   0: 3 0x800057dc (0x4032d093) x 1 0x0ec73000
core   0: 0x800057e0 (0x00000001) c.nop
core   0: 3 0x800057e0 (0x0001)
core   0: 0x800057e2 (0x00000e36) c.slli  t3, 13
core   0: 3 0x800057e2 (0x0e36) x28 0x25a02000
core   0: 0x800057e4 (0x0347b233) mulhu   tp, a5, s4
core   0: 3 0x800057e4 (0x0347b233) x 4 0x00000000
core   0: 0x800057e8 (0x0046bdb3) sltu    s11, a3, tp
core   0: 3 0x800057e8 (0x0046bdb3) x27 0x00000000
core   0: 0x800057ec (0xa63fe637) lui     a2, 0xa63fe
core   0: 3 0x800057ec (0xa63fe637) x12 0xa63fe000
core   0: 0x800057f0 (0x00000001) c.nop
core   0: 3 0x800057f0 (0x0001)
core   0: 0x800057f2 (0x01310333) add     t1, sp, s3
core   0: 3 0x800057f2 (0x01310333) x 6 0xfffffb2e
core   0: 0x800057f6 (0x41105d13) srai    s10, zero, 17
core   0: 3 0x800057f6 (0x41105d13) x26 0x00000000
core   0: 0x800057fa (0xd94b6a93) ori     s5, s6, -620
core   0: 3 0x800057fa (0xd94b6a93) x21 0xfffffd94
core   0: 0x800057fe (0x926c4813) xori    a6, s8, -1754
core   0: 3 0x800057fe (0x926c4813) x16 0x003d8719
core   0: 0x80005802 (0x038630b3) mulhu   ra, a2, s8
core   0: 3 0x80005802 (0x038630b3) x 1 0xa617ee84
core   0: 0x80005806 (0x01825433) srl     s0, tp, s8
core   0: 3 0x80005806 (0x01825433) x 8 0x00000000
core   0: 0x8000580a (0x02b8d7b3) divu    a5, a7, a1
core   0: 3 0x8000580a (0x02b8d7b3) x15 0x00000001
core   0: 0x8000580e (0x408d06b3) sub     a3, s10, s0
core   0: 3 0x8000580e (0x408d06b3) x13 0x00000000
core   0: 0x80005812 (0x00005f7d) c.li    t5, -1
core   0: 3 0x80005812 (0x5f7d) x30 0xffffffff
core   0: 0x80005814 (0x02c40333) mul     t1, s0, a2
core   0: 3 0x80005814 (0x02c40333) x 6 0x00000000
core   0: 0x80005818 (0x00005e7d) c.li    t3, -1
core   0: 3 0x80005818 (0x5e7d) x28 0xffffffff
core   0: 0x8000581a (0x0000717d) c.addi16sp sp, -16
core   0: 3 0x8000581a (0x717d) x 2 0xfffffff0
core   0: 0x8000581c (0x02b38433) mul     s0, t2, a1
core   0: 3 0x8000581c (0x02b38433) x 8 0x8000ee64
core   0: 0x80005820 (0x032fa2b3) mulhsu  t0, t6, s2
core   0: 3 0x80005820 (0x032fa2b3) x 5 0x00000000
core   0: 0x80005824 (0x95789017) auipc   zero, 0x95789
core   0: 3 0x80005824 (0x95789017)
core   0: 0x80005828 (0x00000001) c.nop
core   0: 3 0x80005828 (0x0001)
core   0: 0x8000582a (0x0000717d) c.addi16sp sp, -16
core   0: 3 0x8000582a (0x717d) x 2 0xffffffe0
core   0: 0x8000582c (0x031bb833) mulhu   a6, s7, a7
core   0: 3 0x8000582c (0x031bb833) x16 0xfffffffe
core   0: 0x80005830 (0x00006161) c.addi16sp sp, 80
core   0: 3 0x80005830 (0x6161) x 2 0x00000030
core   0: 0x80005832 (0x41818133) sub     sp, gp, s8
core   0: 3 0x80005832 (0x41818133) x 2 0x003d81c1
core   0: 0x80005836 (0x00000c95) c.addi  s9, 5
core   0: 3 0x80005836 (0x0c95) x25 0xfffffc05
core   0: 0x80005838 (0x00006159) c.addi16sp sp, 400
core   0: 3 0x80005838 (0x6159) x 2 0x003d8351
core   0: 0x8000583a (0x03b92933) mulhsu  s2, s2, s11
core   0: 3 0x8000583a (0x03b92933) x18 0x00000000
core   0: 0x8000583e (0x408b0cb3) sub     s9, s6, s0
core   0: 3 0x8000583e (0x408b0cb3) x25 0x7fff119c
core   0: 0x80005842 (0x41075613) srai    a2, a4, 16
core   0: 3 0x80005842 (0x41075613) x12 0x00000000
core   0: 0x80005846 (0x0212ce33) div     t3, t0, ra
core   0: 3 0x80005846 (0x0212ce33) x28 0x00000000
core   0: 0x8000584a (0x02449033) mulh    zero, s1, tp
core   0: 3 0x8000584a (0x02449033)
core   0: 0x8000584e (0x41d40833) sub     a6, s0, t4
core   0: 3 0x8000584e (0x41d40833) x16 0x8000ee63
core   0: 0x80005852 (0x000080b9) c.srli  s1, 14
core   0: 3 0x80005852 (0x80b9) x 9 0x00000000
core   0: 0x80005854 (0x00b3eb33) or      s6, t2, a1
core   0: 3 0x80005854 (0x00b3eb33) x22 0x8000ee65
core   0: 0x80005858 (0x55087013) andi    zero, a6, 1360
core   0: 3 0x80005858 (0x55087013)
core   0: 0x8000585c (0x00008366) c.mv    t1, s9
core   0: 3 0x8000585c (0x8366) x 6 0x7fff119c
core   0: 0x8000585e (0x0158c4b3) xor     s1, a7, s5
core   0: 3 0x8000585e (0x0158c4b3) x 9 0x0000026b
core   0: 0x80005862 (0x01cc76b3) and     a3, s8, t3
core   0: 3 0x80005862 (0x01cc76b3) x13 0x00000000
core   0: 0x80005866 (0x000063d5) c.lui   t2, 0x15
core   0: 3 0x80005866 (0x63d5) x 7 0x00015000
core   0: 0x80005868 (0x01a21fb3) sll     t6, tp, s10
core   0: 3 0x80005868 (0x01a21fb3) x31 0x00000000
core   0: 0x8000586c (0x01819b13) slli    s6, gp, 24
core   0: 3 0x8000586c (0x01819b13) x22 0x00000000
core   0: 0x80005870 (0xba13e293) ori     t0, t2, -1119
core   0: 3 0x80005870 (0xba13e293) x 5 0xfffffba1
core   0: 0x80005874 (0x00000001) c.nop
core   0: 3 0x80005874 (0x0001)
core   0: 0x80005876 (0x50266693) ori     a3, a2, 1282
core   0: 3 0x80005876 (0x50266693) x13 0x00000502
core   0: 0x8000587a (0x00008ffa) c.mv    t6, t5
core   0: 3 0x8000587a (0x8ffa) x31 0xffffffff
core   0: 0x8000587c (0x5abd7993) andi    s3, s10, 1451
core   0: 3 0x8000587c (0x5abd7993) x19 0x00000000
core   0: 0x80005880 (0x40cb8ab3) sub     s5, s7, a2
core   0: 3 0x80005880 (0x40cb8ab3) x21 0xffffffff
core   0: 0x80005884 (0x00266d33) or      s10, a2, sp
core   0: 3 0x80005884 (0x00266d33) x26 0x003d8351
core   0: 0x80005888 (0x0175c9b3) xor     s3, a1, s7
core   0: 3 0x80005888 (0x0175c9b3) x19 0x7fff119b
core   0: 0x8000588c (0x00499413) slli    s0, s3, 4
core   0: 3 0x8000588c (0x00499413) x 8 0xfff119b0
core   0: 0x80005890 (0x00000b26) c.slli  s6, 9
core   0: 3 0x80005890 (0x0b26) x22 0x00000000
core   0: 0x80005892 (0x03bc81b3) mul     gp, s9, s11
core   0: 3 0x80005892 (0x03bc81b3) x 3 0x00000000
core   0: 0x80005896 (0x00d90633) add     a2, s2, a3
core   0: 3 0x80005896 (0x00d90633) x12 0x00000502
core   0: 0x8000589a (0x00008f99) c.sub   a5, a4
core   0: 3 0x8000589a (0x8f99) x15 0xfffffe55
core   0: 0x8000589c (0x02834633) div     a2, t1, s0
core   0: 3 0x8000589c (0x02834633) x12 0xfffff769
core   0: 0x800058a0 (0x9d9b8693) addi    a3, s7, -1575
core   0: 3 0x800058a0 (0x9d9b8693) x13 0xfffff9d8
core   0: 0x800058a4 (0x00289233) sll     tp, a7, sp
core   0: 3 0x800058a4 (0x00289233) x 4 0xfffe0000
core   0: 0x800058a8 (0x9a15ad37) lui     s10, 0x9a15a
core   0: 3 0x800058a8 (0x9a15ad37) x26 0x9a15a000
core   0: 0x800058ac (0x01687733) and     a4, a6, s6
core   0: 3 0x800058ac (0x01687733) x14 0x00000000
core   0: 0x800058b0 (0x00000001) c.nop
core   0: 3 0x800058b0 (0x0001)
core   0: 0x800058b2 (0x03ce6d33) rem     s10, t3, t3
core   0: 3 0x800058b2 (0x03ce6d33) x26 0x00000000
core   0: 0x800058b6 (0x02839cb3) mulh    s9, t2, s0
core   0: 3 0x800058b6 (0x02839cb3) x25 0xffffffec
core   0: 0x800058ba (0x0264d0b3) divu    ra, s1, t1
core   0: 3 0x800058ba (0x0264d0b3) x 1 0x00000000
core   0: 0x800058be (0x41200b33) sub     s6, zero, s2
core   0: 3 0x800058be (0x41200b33) x22 0x00000000
core   0: 0x800058c2 (0x00be5b13) srli    s6, t3, 11
core   0: 3 0x800058c2 (0x00be5b13) x22 0x00000000
core   0: 0x800058c6 (0x01619e33) sll     t3, gp, s6
core   0: 3 0x800058c6 (0x01619e33) x28 0x00000000
core   0: 0x800058ca (0x0fb21897) auipc   a7, 0xfb21
core   0: 3 0x800058ca (0x0fb21897) x17 0x8fb268ca
core   0: 0x800058ce (0x00008bc9) c.andi  a5, 18
core   0: 3 0x800058ce (0x8bc9) x15 0x00000010
core   0: 0x800058d0 (0x00903e33) snez    t3, s1
core   0: 3 0x800058d0 (0x00903e33) x28 0x00000001
core   0: 0x800058d4 (0x00008ed1) c.or    a3, a2
core   0: 3 0x800058d4 (0x8ed1) x13 0xfffffff9
core   0: 0x800058d6 (0x0299e4b3) rem     s1, s3, s1
core   0: 3 0x800058d6 (0x0299e4b3) x 9 0x000000c7
core   0: 0x800058da (0x00000001) c.nop
core   0: 3 0x800058da (0x0001)
core   0: 0x800058dc (0x00fcf2b3) and     t0, s9, a5
core   0: 3 0x800058dc (0x00fcf2b3) x 5 0x00000000
core   0: 0x800058e0 (0x00000f00) c.addi4spn s0, sp, 912
core   0: 3 0x800058e0 (0x0f00) x 8 0x003d86e1
core   0: 0x800058e2 (0x03da1833) mulh    a6, s4, t4
core   0: 3 0x800058e2 (0x03da1833) x16 0x00000000
core   0: 0x800058e6 (0x03afee33) rem     t3, t6, s10
core   0: 3 0x800058e6 (0x03afee33) x28 0xffffffff
core   0: 0x800058ea (0x00008f1d) c.sub   a4, a5
core   0: 3 0x800058ea (0x8f1d) x14 0xfffffff0
core   0: 0x800058ec (0x000006e6) c.slli  a3, 25
core   0: 3 0x800058ec (0x06e6) x13 0xf2000000
core   0: 0x800058ee (0x01b25613) srli    a2, tp, 27
core   0: 3 0x800058ee (0x01b25613) x12 0x0000001f
core   0: 0x800058f2 (0x035e5ab3) divu    s5, t3, s5
core   0: 3 0x800058f2 (0x035e5ab3) x21 0x00000001
core   0: 0x800058f6 (0x00004be9) c.li    s7, 26
core   0: 3 0x800058f6 (0x4be9) x23 0x0000001a
core   0: 0x800058f8 (0x00006d35) c.lui   s10, 0xd
core   0: 3 0x800058f8 (0x6d35) x26 0x0000d000
core   0: 0x800058fa (0x021cbab3) mulhu   s5, s9, ra
core   0: 3 0x800058fa (0x021cbab3) x21 0x00000000
core   0: 0x800058fe (0x5c04fb97) auipc   s7, 0x5c04f
core   0: 3 0x800058fe (0x5c04fb97) x23 0xdc0548fe
core   0: 0x80005902 (0x90d08793) addi    a5, ra, -1779
core   0: 3 0x80005902 (0x90d08793) x15 0xfffff90d
core   0: 0x80005906 (0x00000001) c.nop
core   0: 3 0x80005906 (0x0001)
core   0: 0x80005908 (0x0000717d) c.addi16sp sp, -16
core   0: 3 0x80005908 (0x717d) x 2 0x003d8341
core   0: 0x8000590a (0x0000625d) c.lui   tp, 0x17
core   0: 3 0x8000590a (0x625d) x 4 0x00017000
core   0: 0x8000590c (0x56f13797) auipc   a5, 0x56f13
core   0: 3 0x8000590c (0x56f13797) x15 0xd6f1890c
core   0: 0x80005910 (0x029bdb33) divu    s6, s7, s1
core   0: 3 0x80005910 (0x029bdb33) x22 0x011b0aa8
core   0: 0x80005914 (0x03a6ceb3) div     t4, a3, s10
core   0: 3 0x80005914 (0x03a6ceb3) x29 0xffffeec5
core   0: 0x80005918 (0x03f78433) mul     s0, a5, t6
core   0: 3 0x80005918 (0x03f78433) x 8 0x290e76f4
core   0: 0x8000591c (0x009300b3) add     ra, t1, s1
core   0: 3 0x8000591c (0x009300b3) x 1 0x7fff1263
core   0: 0x80005920 (0x00000001) c.nop
core   0: 3 0x80005920 (0x0001)
core   0: 0x80005922 (0x0000987d) c.andi  s0, -1
core   0: 3 0x80005922 (0x987d) x 8 0x290e76f4
core   0: 0x80005924 (0x00000001) c.nop
core   0: 3 0x80005924 (0x0001)
core   0: 0x80005926 (0xf79a2993) slti    s3, s4, -135
core   0: 3 0x80005926 (0xf79a2993) x19 0x00000000
core   0: 0x8000592a (0x409350b3) sra     ra, t1, s1
core   0: 3 0x8000592a (0x409350b3) x 1 0x00fffe23
core   0: 0x8000592e (0x00009646) c.add   a2, a7
core   0: 3 0x8000592e (0x9646) x12 0x8fb268e9
core   0: 0x80005930 (0x00008ef5) c.and   a3, a3
core   0: 3 0x80005930 (0x8ef5) x13 0xf2000000
core   0: 0x80005932 (0x40925493) srai    s1, tp, 9
core   0: 3 0x80005932 (0x40925493) x 9 0x000000b8
core   0: 0x80005936 (0x00001414) c.addi4spn a3, sp, 544
core   0: 3 0x80005936 (0x1414) x13 0x003d8561
core   0: 0x80005938 (0x03cb7233) remu    tp, s6, t3
core   0: 3 0x80005938 (0x03cb7233) x 4 0x011b0aa8
core   0: 0x8000593c (0x00000a51) c.addi  s4, 20
core   0: 3 0x8000593c (0x0a51) x20 0x00000014
core   0: 0x8000593e (0xcb6e8293) addi    t0, t4, -842
core   0: 3 0x8000593e (0xcb6e8293) x 5 0xffffeb7b
core   0: 0x80005942 (0x03939e33) mulh    t3, t2, s9
core   0: 3 0x80005942 (0x03939e33) x28 0xffffffff
core   0: 0x80005946 (0x02c044b3) div     s1, zero, a2
core   0: 3 0x80005946 (0x02c044b3) x 9 0x00000000
core   0: 0x8000594a (0x02d11933) mulh    s2, sp, a3
core   0: 3 0x8000594a (0x02d11933) x18 0x00000ec8
core   0: 0x8000594e (0xb33eec93) ori     s9, t4, -1229
core   0: 3 0x8000594e (0xb33eec93) x25 0xfffffff7
core   0: 0x80005952 (0x02da2cb3) mulhsu  s9, s4, a3
core   0: 3 0x80005952 (0x02da2cb3) x25 0x00000000
core   0: 0x80005956 (0x00008f61) c.and   a4, s0
core   0: 3 0x80005956 (0x8f61) x14 0x290e76f0
core   0: 0x80005958 (0x004d5093) srli    ra, s10, 4
core   0: 3 0x80005958 (0x004d5093) x 1 0x00000d00
core   0: 0x8000595c (0x0125c0b3) xor     ra, a1, s2
core   0: 3 0x8000595c (0x0125c0b3) x 1 0x8000e0ac
core   0: 0x80005960 (0x03151d33) mulh    s10, a0, a7
core   0: 3 0x80005960 (0x03151d33) x26 0x3826479c
core   0: 0x80005964 (0x7ebaad13) slti    s10, s5, 2027
core   0: 3 0x80005964 (0x7ebaad13) x26 0x00000001
core   0: 0x80005968 (0x0000717d) c.addi16sp sp, -16
core   0: 3 0x80005968 (0x717d) x 2 0x003d8331
core   0: 0x8000596a (0x00ad30b3) sltu    ra, s10, a0
core   0: 3 0x8000596a (0x00ad30b3) x 1 0x00000001
core   0: 0x8000596e (0x02c0e233) rem     tp, ra, a2
core   0: 3 0x8000596e (0x02c0e233) x 4 0x00000001
core   0: 0x80005972 (0x03b1acb3) mulhsu  s9, gp, s11
core   0: 3 0x80005972 (0x03b1acb3) x25 0x00000000
core   0: 0x80005976 (0x000620b3) slt     ra, a2, zero
core   0: 3 0x80005976 (0x000620b3) x 1 0x00000001
core   0: 0x8000597a (0x00008ca9) c.xor   s1, a0
core   0: 3 0x8000597a (0x8ca9) x 9 0x80012ce4
core   0: 0x8000597c (0x029fd433) divu    s0, t6, s1
core   0: 3 0x8000597c (0x029fd433) x 8 0x00000001
core   0: 0x80005980 (0x03c0e0b3) rem     ra, ra, t3
core   0: 3 0x80005980 (0x03c0e0b3) x 1 0x00000000
core   0: 0x80005984 (0x37b30093) addi    ra, t1, 891
core   0: 3 0x80005984 (0x37b30093) x 1 0x7fff1517
core   0: 0x80005988 (0x03f41733) mulh    a4, s0, t6
core   0: 3 0x80005988 (0x03f41733) x14 0xffffffff
core   0: 0x8000598c (0x00bbff33) and     t5, s7, a1
core   0: 3 0x8000598c (0x00bbff33) x30 0x80004864
core   0: 0x80005990 (0x012d5e93) srli    t4, s10, 18
core   0: 3 0x80005990 (0x012d5e93) x29 0x00000000
core   0: 0x80005994 (0x0aeb6293) ori     t0, s6, 174
core   0: 3 0x80005994 (0x0aeb6293) x 5 0x011b0aae
core   0: 0x80005998 (0x00000001) c.nop
core   0: 3 0x80005998 (0x0001)
core   0: 0x8000599a (0x00006141) c.addi16sp sp, 16
core   0: 3 0x8000599a (0x6141) x 2 0x003d8341
core   0: 0x8000599c (0x00008d06) c.mv    s10, ra
core   0: 3 0x8000599c (0x8d06) x26 0x7fff1517
core   0: 0x8000599e (0x00008ce5) c.and   s1, s1
core   0: 3 0x8000599e (0x8ce5) x 9 0x80012ce4
core   0: 0x800059a0 (0x036309b3) mul     s3, t1, s6
core   0: 3 0x800059a0 (0x036309b3) x19 0x6d87a660
core   0: 0x800059a4 (0x0000888e) c.mv    a7, gp
core   0: 3 0x800059a4 (0x888e) x17 0x00000000
core   0: 0x800059a6 (0x00001d7d) c.addi  s10, -1
core   0: 3 0x800059a6 (0x1d7d) x26 0x7fff1516
core   0: 0x800059a8 (0x03970733) mul     a4, a4, s9
core   0: 3 0x800059a8 (0x03970733) x14 0x00000000
core   0: 0x800059ac (0x0000861d) c.srai  a2, 7
core   0: 3 0x800059ac (0x861d) x12 0xff1f64d1
core   0: 0x800059ae (0x01dc13b3) sll     t2, s8, t4
core   0: 3 0x800059ae (0x01dc13b3) x 7 0xffc27e3f
core   0: 0x800059b2 (0x018a2433) slt     s0, s4, s8
core   0: 3 0x800059b2 (0x018a2433) x 8 0x00000000
core   0: 0x800059b6 (0x000080f5) c.srli  s1, 29
core   0: 3 0x800059b6 (0x80f5) x 9 0x00000004
core   0: 0x800059b8 (0x00008ecd) c.or    a3, a1
core   0: 3 0x800059b8 (0x8ecd) x13 0x803def65
core   0: 0x800059ba (0x012ef8b7) lui     a7, 0x12ef
core   0: 3 0x800059ba (0x012ef8b7) x17 0x012ef000
core   0: 0x800059be (0x02e298b3) mulh    a7, t0, a4
core   0: 3 0x800059be (0x02e298b3) x17 0x00000000
core   0: 0x800059c2 (0x01778cb3) add     s9, a5, s7
core   0: 3 0x800059c2 (0x01778cb3) x25 0xb2f6d20a
core   0: 0x800059c6 (0x02035033) divu    zero, t1, zero
core   0: 3 0x800059c6 (0x02035033)
core   0: 0x800059ca (0x00008c29) c.xor   s0, a0
core   0: 3 0x800059ca (0x8c29) x 8 0x80012ce4
core   0: 0x800059cc (0x02e619b3) mulh    s3, a2, a4
core   0: 3 0x800059cc (0x02e619b3) x19 0x00000000
core   0: 0x800059d0 (0x0255e4b3) rem     s1, a1, t0
core   0: 3 0x800059d0 (0x0255e4b3) x 9 0xff26ba8e
core   0: 0x800059d4 (0x0000801d) c.srli  s0, 7
core   0: 3 0x800059d4 (0x801d) x 8 0x01000259
core   0: 0x800059d6 (0x032eb733) mulhu   a4, t4, s2
core   0: 3 0x800059d6 (0x032eb733) x14 0x00000000
core   0: 0x800059da (0x00008cb1) c.xor   s1, a2
core   0: 3 0x800059da (0x8cb1) x 9 0x0039de5f
core   0: 0x800059dc (0x00000001) c.nop
core   0: 3 0x800059dc (0x0001)
core   0: 0x800059de (0x03cd8233) mul     tp, s11, t3
core   0: 3 0x800059de (0x03cd8233) x 4 0x00000000
core   0: 0x800059e2 (0x412256b3) sra     a3, tp, s2
core   0: 3 0x800059e2 (0x412256b3) x13 0x00000000
core   0: 0x800059e6 (0x39eb0e13) addi    t3, s6, 926
core   0: 3 0x800059e6 (0x39eb0e13) x28 0x011b0e46
core   0: 0x800059ea (0x0296d2b3) divu    t0, a3, s1
core   0: 3 0x800059ea (0x0296d2b3) x 5 0x00000000
core   0: 0x800059ee (0x2a52e997) auipc   s3, 0x2a52e
core   0: 3 0x800059ee (0x2a52e997) x19 0xaa5339ee
core   0: 0x800059f2 (0x00001b7d) c.addi  s6, -1
core   0: 3 0x800059f2 (0x1b7d) x22 0x011b0aa7
core   0: 0x800059f4 (0x00008f7d) c.and   a4, a5
core   0: 3 0x800059f4 (0x8f7d) x14 0x00000000
core   0: 0x800059f6 (0x41a25cb3) sra     s9, tp, s10
core   0: 3 0x800059f6 (0x41a25cb3) x25 0x00000000
core   0: 0x800059fa (0x0082b3b3) sltu    t2, t0, s0
core   0: 3 0x800059fa (0x0082b3b3) x 7 0x00000001
core   0: 0x800059fe (0x03e56233) rem     tp, a0, t5
core   0: 3 0x800059fe (0x03e56233) x 4 0x80012ce4
core   0: 0x80005a02 (0x00000001) c.nop
core   0: 3 0x80005a02 (0x0001)
core   0: 0x80005a04 (0x02e1c8b3) div     a7, gp, a4
core   0: 3 0x80005a04 (0x02e1c8b3) x17 0xffffffff
core   0: 0x80005a08 (0x418088b3) sub     a7, ra, s8
core   0: 3 0x80005a08 (0x418088b3) x17 0x803c96d8
core   0: 0x80005a0c (0x18007f13) andi    t5, zero, 384
core   0: 3 0x80005a0c (0x18007f13) x30 0x00000000
core   0: 0x80005a10 (0x0365a8b3) mulhsu  a7, a1, s6
core   0: 3 0x80005a10 (0x0365a8b3) x17 0xff727bb4
core   0: 0x80005a14 (0x0000717d) c.addi16sp sp, -16
core   0: 3 0x80005a14 (0x717d) x 2 0x003d8331
core   0: 0x80005a16 (0x007e7033) and     zero, t3, t2
core   0: 3 0x80005a16 (0x007e7033)
core   0: 0x80005a1a (0x41dc8033) sub     zero, s9, t4
core   0: 3 0x80005a1a (0x41dc8033)
core   0: 0x80005a1e (0x40065193) srai    gp, a2, 0
core   0: 3 0x80005a1e (0x40065193) x 3 0xff1f64d1
core   0: 0x80005a22 (0x00006745) c.lui   a4, 0x11
core   0: 3 0x80005a22 (0x6745) x14 0x00011000
core   0: 0x80005a24 (0x6c2ecb93) xori    s7, t4, 1730
core   0: 3 0x80005a24 (0x6c2ecb93) x23 0x000006c2
core   0: 0x80005a28 (0x00006e39) c.lui   t3, 0xe
core   0: 3 0x80005a28 (0x6e39) x28 0x0000e000
core   0: 0x80005a2a (0x000080c9) c.srli  s1, 18
core   0: 3 0x80005a2a (0x80c9) x 9 0x0000000e
core   0: 0x80005a2c (0x014e5733) srl     a4, t3, s4
core   0: 3 0x80005a2c (0x014e5733) x14 0x00000000
core   0: 0x80005a30 (0x000010fd) c.addi  ra, -1
core   0: 3 0x80005a30 (0x10fd) x 1 0x7fff1516
core   0: 0x80005a32 (0x4045d893) srai    a7, a1, 4
core   0: 3 0x80005a32 (0x4045d893) x17 0xf8000ee6
core   0: 0x80005a36 (0xe046a193) slti    gp, a3, -508
core   0: 3 0x80005a36 (0xe046a193) x 3 0x00000000
core   0: 0x80005a3a (0x02e06e33) rem     t3, zero, a4
core   0: 3 0x80005a3a (0x02e06e33) x28 0x00000000
core   0: 0x80005a3e (0x00001afd) c.addi  s5, -1
core   0: 3 0x80005a3e (0x1afd) x21 0xffffffff
core   0: 0x80005a40 (0x00001bfd) c.addi  s7, -1
core   0: 3 0x80005a40 (0x1bfd) x23 0x000006c1
core   0: 0x80005a42 (0x00008c7d) c.and   s0, a5
core   0: 3 0x80005a42 (0x8c7d) x 8 0x00000008
core   0: 0x80005a44 (0x00009bfd) c.andi  a5, -1
core   0: 3 0x80005a44 (0x9bfd) x15 0xd6f1890c
core   0: 0x80005a46 (0x03cd0033) mul     zero, s10, t3
core   0: 3 0x80005a46 (0x03cd0033)
core   0: 0x80005a4a (0x03b39db3) mulh    s11, t2, s11
core   0: 3 0x80005a4a (0x03b39db3) x27 0x00000000
core   0: 0x80005a4e (0x000080a1) c.srli  s1, 8
core   0: 3 0x80005a4e (0x80a1) x 9 0x00000000
core   0: 0x80005a50 (0xc53ea293) slti    t0, t4, -941
core   0: 3 0x80005a50 (0xc53ea293) x 5 0x00000000
core   0: 0x80005a54 (0x40355493) srai    s1, a0, 3
core   0: 3 0x80005a54 (0x40355493) x 9 0xf000259c
core   0: 0x80005a58 (0x707cc717) auipc   a4, 0x707cc
core   0: 3 0x80005a58 (0x707cc717) x14 0xf07d1a58
core   0: 0x80005a5c (0x0000717d) c.addi16sp sp, -16
core   0: 3 0x80005a5c (0x717d) x 2 0x003d8321
core   0: 0x80005a5e (0x40ac8cb3) sub     s9, s9, a0
core   0: 3 0x80005a5e (0x40ac8cb3) x25 0x7ffed31c
core   0: 0x80005a62 (0x000013fd) c.addi  t2, -1
core   0: 3 0x80005a62 (0x13fd) x 7 0x00000000
core   0: 0x80005a64 (0x0100d2b3) srl     t0, ra, a6
core   0: 3 0x80005a64 (0x0100d2b3) x 5 0x7fff1516
core   0: 0x80005a68 (0x027ea1b3) mulhsu  gp, t4, t2
core   0: 3 0x80005a68 (0x027ea1b3) x 3 0x00000000
core   0: 0x80005a6c (0x00001e7d) c.addi  t3, -1
core   0: 3 0x80005a6c (0x1e7d) x28 0xffffffff
core   0: 0x80005a6e (0x00006155) c.addi16sp sp, 304
core   0: 3 0x80005a6e (0x6155) x 2 0x003d8451
core   0: 0x80005a70 (0x86b7a713) slti    a4, a5, -1941
core   0: 3 0x80005a70 (0x86b7a713) x14 0x00000001
core   0: 0x80005a74 (0x00000df9) c.addi  s11, 30
core   0: 3 0x80005a74 (0x0df9) x27 0x0000001e
core   0: 0x80005a76 (0x034e4133) div     sp, t3, s4
core   0: 3 0x80005a76 (0x034e4133) x 2 0x00000000
core   0: 0x80005a7a (0xfe1a3193) sltiu   gp, s4, -31
core   0: 3 0x80005a7a (0xfe1a3193) x 3 0x00000001
core   0: 0x80005a7e (0x000001b1) c.addi  gp, 12
core   0: 3 0x80005a7e (0x01b1) x 3 0x0000000d
core   0: 0x80005a80 (0x00009bfd) c.andi  a5, -1
core   0: 3 0x80005a80 (0x9bfd) x15 0xd6f1890c
core   0: 0x80005a82 (0x02085eb3) divu    t4, a6, zero
core   0: 3 0x80005a82 (0x02085eb3) x29 0xffffffff
core   0: 0x80005a86 (0x028263b3) rem     t2, tp, s0
core   0: 3 0x80005a86 (0x028263b3) x 7 0xfffffffc
core   0: 0x80005a8a (0x00009b8a) c.add   s7, sp
core   0: 3 0x80005a8a (0x9b8a) x23 0x000006c1
core   0: 0x80005a8c (0x40690f33) sub     t5, s2, t1
core   0: 3 0x80005a8c (0x40690f33) x30 0x8000fd2c
core   0: 0x80005a90 (0xa5467693) andi    a3, a2, -1452
core   0: 3 0x80005a90 (0xa5467693) x13 0xff1f6050
core   0: 0x80005a94 (0x00008f65) c.and   a4, s1
core   0: 3 0x80005a94 (0x8f65) x14 0x00000000
core   0: 0x80005a96 (0x0000044e) c.slli  s0, 19
core   0: 3 0x80005a96 (0x044e) x 8 0x00400000
core   0: 0x80005a98 (0x000091ee) c.add   gp, s11
core   0: 3 0x80005a98 (0x91ee) x 3 0x0000002b
core   0: 0x80005a9a (0x000087c6) c.mv    a5, a7
core   0: 3 0x80005a9a (0x87c6) x15 0xf8000ee6
core   0: 0x80005a9c (0x00008789) c.srai  a5, 2
core   0: 3 0x80005a9c (0x8789) x15 0xfe0003b9
core   0: 0x80005a9e (0x0000187d) c.addi  a6, -1
core   0: 3 0x80005a9e (0x187d) x16 0xffffffff
core   0: 0x80005aa0 (0x00000432) c.slli  s0, 12
core   0: 3 0x80005aa0 (0x0432) x 8 0x00000000
core   0: 0x80005aa2 (0xf0cb2217) auipc   tp, 0xf0cb2
core   0: 3 0x80005aa2 (0xf0cb2217) x 4 0x70cb7aa2
core   0: 0x80005aa6 (0x00491eb3) sll     t4, s2, tp
core   0: 3 0x80005aa6 (0x00491eb3) x29 0x00003b20
core   0: 0x80005aaa (0x0064efb3) or      t6, s1, t1
core   0: 3 0x80005aaa (0x0064efb3) x31 0xffff359c
core   0: 0x80005aae (0x0000611d) c.addi16sp sp, 416
core   0: 3 0x80005aae (0x611d) x 2 0x000001a0
core   0: 0x80005ab0 (0x00009152) c.add   sp, s4
core   0: 3 0x80005ab0 (0x9152) x 2 0x000001b4
core   0: 0x80005ab2 (0x00000001) c.nop
core   0: 3 0x80005ab2 (0x0001)
core   0: 0x80005ab4 (0x00a267b3) or      a5, tp, a0
core   0: 3 0x80005ab4 (0x00a267b3) x15 0xf0cb7ee6
core   0: 0x80005ab8 (0x02b3f433) remu    s0, t2, a1
core   0: 3 0x80005ab8 (0x02b3f433) x 8 0x7fff1198
core   0: 0x80005abc (0x03589ab3) mulh    s5, a7, s5
core   0: 3 0x80005abc (0x03589ab3) x21 0x00000000
core   0: 0x80005ac0 (0x00008cc1) c.or    s1, s0
core   0: 3 0x80005ac0 (0x8cc1) x 9 0xffff359c
core   0: 0x80005ac2 (0x500da397) auipc   t2, 0x500da
core   0: 3 0x80005ac2 (0x500da397) x 7 0xd00dfac2
core   0: 0x80005ac6 (0x41995c93) srai    s9, s2, 25
core   0: 3 0x80005ac6 (0x41995c93) x25 0x00000000
core   0: 0x80005aca (0xafb2ed93) ori     s11, t0, -1285
core   0: 3 0x80005aca (0xafb2ed93) x27 0xffffffff
core   0: 0x80005ace (0x41735a13) srai    s4, t1, 23
core   0: 3 0x80005ace (0x41735a13) x20 0x000000ff
core   0: 0x80005ad2 (0x00008e65) c.and   a2, s1
core   0: 3 0x80005ad2 (0x8e65) x12 0xff1f2490
core   0: 0x80005ad4 (0x408d0d33) sub     s10, s10, s0
core   0: 3 0x80005ad4 (0x408d0d33) x26 0x0000037e
core   0: 0x80005ad8 (0x00008b01) c.andi  a4, 0
core   0: 3 0x80005ad8 (0x8b01) x14 0x00000000
core   0: 0x80005ada (0x0000984e) c.add   a6, s3
core   0: 3 0x80005ada (0x984e) x16 0xaa5339ed
core   0: 0x80005adc (0x00000d7a) c.slli  s10, 30
core   0: 3 0x80005adc (0x0d7a) x26 0x80000000
core   0: 0x80005ade (0x0265fd33) remu    s10, a1, t1
core   0: 3 0x80005ade (0x0265fd33) x26 0x0001dcc8
core   0: 0x80005ae2 (0x02e13b33) mulhu   s6, sp, a4
core   0: 3 0x80005ae2 (0x02e13b33) x22 0x00000000
core   0: 0x80005ae6 (0x016899b3) sll     s3, a7, s6
core   0: 3 0x80005ae6 (0x016899b3) x19 0xf8000ee6
core   0: 0x80005aea (0x000052fd) c.li    t0, -1
core   0: 3 0x80005aea (0x52fd) x 5 0xffffffff
core   0: 0x80005aec (0x402edb33) sra     s6, t4, sp
core   0: 3 0x80005aec (0x402edb33) x22 0x00000000
core   0: 0x80005af0 (0x00008f15) c.sub   a4, a3
core   0: 3 0x80005af0 (0x8f15) x14 0x00e09fb0
core   0: 0x80005af2 (0x02328433) mul     s0, t0, gp
core   0: 3 0x80005af2 (0x02328433) x 8 0xffffffd5
core   0: 0x80005af6 (0x6a692a93) slti    s5, s2, 1702
core   0: 3 0x80005af6 (0x6a692a93) x21 0x00000000
core   0: 0x80005afa (0x00000001) c.nop
core   0: 3 0x80005afa (0x0001)
core   0: 0x80005afc (0x02c17bb3) remu    s7, sp, a2
core   0: 3 0x80005afc (0x02c17bb3) x23 0x000001b4
core   0: 0x80005b00 (0x3cf52ab7) lui     s5, 0x3cf52
core   0: 3 0x80005b00 (0x3cf52ab7) x21 0x3cf52000
core   0: 0x80005b04 (0x0000939e) c.add   t2, t2
core   0: 3 0x80005b04 (0x939e) x 7 0xa01bf584
core   0: 0x80005b06 (0x00000f76) c.slli  t5, 29
core   0: 3 0x80005b06 (0x0f76) x30 0x80000000
core   0: 0x80005b08 (0x03a4b7b3) mulhu   a5, s1, s10
core   0: 3 0x80005b08 (0x03a4b7b3) x15 0x0001dcc6
core   0: 0x80005b0c (0x401a50b3) sra     ra, s4, ra
core   0: 3 0x80005b0c (0x401a50b3) x 1 0x00000000
core   0: 0x80005b10 (0x0014d313) srli    t1, s1, 1
core   0: 3 0x80005b10 (0x0014d313) x 6 0x7fff9ace
core   0: 0x80005b14 (0x01d7a4b3) slt     s1, a5, t4
core   0: 3 0x80005b14 (0x01d7a4b3) x 9 0x00000000
core   0: 0x80005b18 (0x00008f8d) c.sub   a5, a1
core   0: 3 0x80005b18 (0x8f8d) x15 0x8000ee62
core   0: 0x80005b1a (0x00009b66) c.add   s6, s9
core   0: 3 0x80005b1a (0x9b66) x22 0x00000000
core   0: 0x80005b1c (0x00000ce2) c.slli  s9, 24
core   0: 3 0x80005b1c (0x0ce2) x25 0x00000000
core   0: 0x80005b1e (0x03f011b3) mulh    gp, zero, t6
core   0: 3 0x80005b1e (0x03f011b3) x 3 0x00000000
core   0: 0x80005b22 (0x00004af9) c.li    s5, 30
core   0: 3 0x80005b22 (0x4af9) x21 0x0000001e
core   0: 0x80005b24 (0x00004fe1) c.li    t6, 24
core   0: 3 0x80005b24 (0x4fe1) x31 0x00000018
core   0: 0x80005b26 (0x2538a713) slti    a4, a7, 595
core   0: 3 0x80005b26 (0x2538a713) x14 0x00000001
core   0: 0x80005b2a (0x00008271) c.srli  a2, 28
core   0: 3 0x80005b2a (0x8271) x12 0x0000000f
core   0: 0x80005b2c (0x01b85eb3) srl     t4, a6, s11
core   0: 3 0x80005b2c (0x01b85eb3) x29 0x00000001
core   0: 0x80005b30 (0x5efbe293) ori     t0, s7, 1519
core   0: 3 0x80005b30 (0x5efbe293) x 5 0x000005ff
core   0: 0x80005b34 (0x0094b733) sltu    a4, s1, s1
core   0: 3 0x80005b34 (0x0094b733) x14 0x00000000
core   0: 0x80005b38 (0x0087e3b3) or      t2, a5, s0
core   0: 3 0x80005b38 (0x0087e3b3) x 7 0xfffffff7
core   0: 0x80005b3c (0x0341d733) divu    a4, gp, s4
core   0: 3 0x80005b3c (0x0341d733) x14 0x00000000
core   0: 0x80005b40 (0x00001f04) c.addi4spn s1, sp, 944
core   0: 3 0x80005b40 (0x1f04) x 9 0x00000564
core   0: 0x80005b42 (0x03945db3) divu    s11, s0, s9
core   0: 3 0x80005b42 (0x03945db3) x27 0xffffffff
core   0: 0x80005b46 (0xb6d1e337) lui     t1, 0xb6d1e
core   0: 3 0x80005b46 (0xb6d1e337) x 6 0xb6d1e000
core   0: 0x80005b4a (0x08830313) addi    t1, t1, 136
core   0: 3 0x80005b4a (0x08830313) x 6 0xb6d1e088
core   0: 0x80005b4e (0x00d89d37) lui     s10, 0xd89
core   0: 3 0x80005b4e (0x00d89d37) x26 0x00d89000
core   0: 0x80005b52 (0x2d3d0d13) addi    s10, s10, 723
core   0: 3 0x80005b52 (0x2d3d0d13) x26 0x00d892d3
core   0: 0x80005b56 (0xfff00a13) li      s4, -1
core   0: 3 0x80005b56 (0xfff00a13) x20 0xffffffff
core   0: 0x80005b5a (0x80000137) lui     sp, 0x80000
core   0: 3 0x80005b5a (0x80000137) x 2 0x80000000
core   0: 0x80005b5e (0x00004081) c.li    ra, 0
core   0: 3 0x80005b5e (0x4081) x 1 0x00000000
core   0: 0x80005b60 (0x35eeb9b7) lui     s3, 0x35eeb
core   0: 3 0x80005b60 (0x35eeb9b7) x19 0x35eeb000
core   0: 0x80005b64 (0x71498993) addi    s3, s3, 1812
core   0: 3 0x80005b64 (0x71498993) x19 0x35eeb714
core   0: 0x80005b68 (0xfff00f93) li      t6, -1
core   0: 3 0x80005b68 (0xfff00f93) x31 0xffffffff
core   0: 0x80005b6c (0x5fa37237) lui     tp, 0x5fa37
core   0: 3 0x80005b6c (0x5fa37237) x 4 0x5fa37000
core   0: 0x80005b70 (0xfe720213) addi    tp, tp, -25
core   0: 3 0x80005b70 (0xfe720213) x 4 0x5fa36fe7
core   0: 0x80005b74 (0x80000eb7) lui     t4, 0x80000
core   0: 3 0x80005b74 (0x80000eb7) x29 0x80000000
core   0: 0x80005b78 (0x80000b37) lui     s6, 0x80000
core   0: 3 0x80005b78 (0x80000b37) x22 0x80000000
core   0: 0x80005b7c (0x03af99b3) mulh    s3, t6, s10
core   0: 3 0x80005b7c (0x03af99b3) x19 0xffffffff
core   0: 0x80005b80 (0x07de9317) auipc   t1, 0x7de9
core   0: 3 0x80005b80 (0x07de9317) x 6 0x87deeb80
core   0: 0x80005b84 (0x02409eb3) mulh    t4, ra, tp
core   0: 3 0x80005b84 (0x02409eb3) x29 0x00000000
core   0: 0x80005b88 (0xfbefeb17) auipc   s6, 0xfbefe
core   0: 3 0x80005b88 (0xfbefeb17) x22 0x7bf03b88
core   0: 0x80005b8c (0x024a69b3) rem     s3, s4, tp
core   0: 3 0x80005b8c (0x024a69b3) x19 0xffffffff
core   0: 0x80005b90 (0x034d7d33) remu    s10, s10, s4
core   0: 3 0x80005b90 (0x034d7d33) x26 0x00d892d3
core   0: 0x80005b94 (0x8ea33b37) lui     s6, 0x8ea33
core   0: 3 0x80005b94 (0x8ea33b37) x22 0x8ea33000
core   0: 0x80005b98 (0x41320a33) sub     s4, tp, s3
core   0: 3 0x80005b98 (0x41320a33) x20 0x5fa36fe8
core   0: 0x80005b9c (0x00000001) c.nop
core   0: 3 0x80005b9c (0x0001)
core   0: 0x80005b9e (0x03d100b3) mul     ra, sp, t4
core   0: 3 0x80005b9e (0x03d100b3) x 1 0x00000000
core   0: 0x80005ba2 (0x7c9e3fb7) lui     t6, 0x7c9e3
core   0: 3 0x80005ba2 (0x7c9e3fb7) x31 0x7c9e3000
core   0: 0x80005ba6 (0x03d9fd33) remu    s10, s3, t4
core   0: 3 0x80005ba6 (0x03d9fd33) x26 0xffffffff
core   0: 0x80005baa (0x03aefeb3) remu    t4, t4, s10
core   0: 3 0x80005baa (0x03aefeb3) x29 0x00000000
core   0: 0x80005bae (0xb6324117) auipc   sp, 0xb6324
core   0: 3 0x80005bae (0xb6324117) x 2 0x36329bae
core   0: 0x80005bb2 (0x024a4d33) div     s10, s4, tp
core   0: 3 0x80005bb2 (0x024a4d33) x26 0x00000001
core   0: 0x80005bb6 (0x0220e9b3) rem     s3, ra, sp
core   0: 3 0x80005bb6 (0x0220e9b3) x19 0x00000000
core   0: 0x80005bba (0x41308d33) sub     s10, ra, s3
core   0: 3 0x80005bba (0x41308d33) x26 0x00000000
core   0: 0x80005bbe (0x033eafb3) mulhsu  t6, t4, s3
core   0: 3 0x80005bbe (0x033eafb3) x31 0x00000000
core   0: 0x80005bc2 (0x0360e333) rem     t1, ra, s6
core   0: 3 0x80005bc2 (0x0360e333) x 6 0x00000000
core   0: 0x80005bc6 (0x0369aa33) mulhsu  s4, s3, s6
core   0: 3 0x80005bc6 (0x0369aa33) x20 0x00000000
core   0: 0x80005bca (0x03f98b33) mul     s6, s3, t6
core   0: 3 0x80005bca (0x03f98b33) x22 0x00000000
core   0: 0x80005bce (0x024eab33) mulhsu  s6, t4, tp
core   0: 3 0x80005bce (0x024eab33) x22 0x00000000
core   0: 0x80005bd2 (0x03f09333) mulh    t1, ra, t6
core   0: 3 0x80005bd2 (0x03f09333) x 6 0x00000000
core   0: 0x80005bd6 (0x026fefb3) rem     t6, t6, t1
core   0: 3 0x80005bd6 (0x026fefb3) x31 0x00000000
core   0: 0x80005bda (0x416d0133) sub     sp, s10, s6
core   0: 3 0x80005bda (0x416d0133) x 2 0x00000000
core   0: 0x80005bde (0x550e8213) addi    tp, t4, 1360
core   0: 3 0x80005bde (0x550e8213) x 4 0x00000550
core   0: 0x80005be2 (0x033d2a33) mulhsu  s4, s10, s3
core   0: 3 0x80005be2 (0x033d2a33) x20 0x00000000
core   0: 0x80005be6 (0xfecf7f97) auipc   t6, 0xfecf7
core   0: 3 0x80005be6 (0xfecf7f97) x31 0x7ecfcbe6
core   0: 0x80005bea (0x4e112db7) lui     s11, 0x4e112
core   0: 3 0x80005bea (0x4e112db7) x27 0x4e112000
core   0: 0x80005bee (0x00000106) c.slli  sp, 1
core   0: 3 0x80005bee (0x0106) x 2 0x00000000
core   0: 0x80005bf0 (0x00006115) c.addi16sp sp, 288
core   0: 3 0x80005bf0 (0x6115) x 2 0x00000120
core   0: 0x80005bf2 (0x759d8613) addi    a2, s11, 1881
core   0: 3 0x80005bf2 (0x759d8613) x12 0x4e112759
core   0: 0x80005bf6 (0x025e2433) mulhsu  s0, t3, t0
core   0: 3 0x80005bf6 (0x025e2433) x 8 0xffffffff
core   0: 0x80005bfa (0x000041b1) c.li    gp, 12
core   0: 3 0x80005bfa (0x41b1) x 3 0x0000000c
core   0: 0x80005bfc (0x41898ab3) sub     s5, s3, s8
core   0: 3 0x80005bfc (0x41898ab3) x21 0x003d81c1
core   0: 0x80005c00 (0x014d2633) slt     a2, s10, s4
core   0: 3 0x80005c00 (0x014d2633) x12 0x00000000
core   0: 0x80005c04 (0x40f5d793) srai    a5, a1, 15
core   0: 3 0x80005c04 (0x40f5d793) x15 0xffff0001
core   0: 0x80005c08 (0x01ccbfb3) sltu    t6, s9, t3
core   0: 3 0x80005c08 (0x01ccbfb3) x31 0x00000001
core   0: 0x80005c0c (0x01f97033) and     zero, s2, t6
core   0: 3 0x80005c0c (0x01f97033)
core   0: 0x80005c10 (0x00008399) c.srli  a5, 6
core   0: 3 0x80005c10 (0x8399) x15 0x03fffc00
core   0: 0x80005c12 (0x0000913a) c.add   sp, a4
core   0: 3 0x80005c12 (0x913a) x 2 0x00000120
core   0: 0x80005c14 (0x03e6edb3) rem     s11, a3, t5
core   0: 3 0x80005c14 (0x03e6edb3) x27 0xff1f6050
core   0: 0x80005c18 (0x02e564b3) rem     s1, a0, a4
core   0: 3 0x80005c18 (0x02e564b3) x 9 0x80012ce4
core   0: 0x80005c1c (0x00008fbd) c.xor   a5, a5
core   0: 3 0x80005c1c (0x8fbd) x15 0x00000000
core   0: 0x80005c1e (0x00d84e33) xor     t3, a6, a3
core   0: 3 0x80005c1e (0x00d84e33) x28 0x554c59bd
core   0: 0x80005c22 (0x000007da) c.slli  a5, 22
core   0: 3 0x80005c22 (0x07da) x15 0x00000000
core   0: 0x80005c24 (0x00001f7d) c.addi  t5, -1
core   0: 3 0x80005c24 (0x1f7d) x30 0x7fffffff
core   0: 0x80005c26 (0xeeca80b7) lui     ra, 0xeeca8
core   0: 3 0x80005c26 (0xeeca80b7) x 1 0xeeca8000
core   0: 0x80005c2a (0x02fd4333) div     t1, s10, a5
core   0: 3 0x80005c2a (0x02fd4333) x 6 0xffffffff
core   0: 0x80005c2e (0xe7133b13) sltiu   s6, t1, -399
core   0: 3 0x80005c2e (0xe7133b13) x22 0x00000000
core   0: 0x80005c32 (0x000081ce) c.mv    gp, s3
core   0: 3 0x80005c32 (0x81ce) x 3 0x00000000
core   0: 0x80005c34 (0x66bab993) sltiu   s3, s5, 1643
core   0: 3 0x80005c34 (0x66bab993) x19 0x00000000
core   0: 0x80005c38 (0x0138d033) srl     zero, a7, s3
core   0: 3 0x80005c38 (0x0138d033)
core   0: 0x80005c3c (0xd2897313) andi    t1, s2, -728
core   0: 3 0x80005c3c (0xd2897313) x 6 0x00000c08
core   0: 0x80005c40 (0x00008245) c.srli  a2, 17
core   0: 3 0x80005c40 (0x8245) x12 0x00000000
core   0: 0x80005c42 (0x22a0a813) slti    a6, ra, 554
core   0: 3 0x80005c42 (0x22a0a813) x16 0x00000001
core   0: 0x80005c46 (0x00000001) c.nop
core   0: 3 0x80005c46 (0x0001)
core   0: 0x80005c48 (0x02f4ceb3) div     t4, s1, a5
core   0: 3 0x80005c48 (0x02f4ceb3) x29 0xffffffff
core   0: 0x80005c4c (0x020247b3) div     a5, tp, zero
core   0: 3 0x80005c4c (0x020247b3) x15 0xffffffff
core   0: 0x80005c50 (0x033f12b3) mulh    t0, t5, s3
core   0: 3 0x80005c50 (0x033f12b3) x 5 0x00000000
core   0: 0x80005c54 (0x0000127d) c.addi  tp, -1
core   0: 3 0x80005c54 (0x127d) x 4 0x0000054f
core   0: 0x80005c56 (0x012e5113) srli    sp, t3, 18
core   0: 3 0x80005c56 (0x012e5113) x 2 0x00001553
core   0: 0x80005c5a (0x41d958b3) sra     a7, s2, t4
core   0: 3 0x80005c5a (0x41d958b3) x17 0x00000000
core   0: 0x80005c5e (0x00008f81) c.sub   a5, s0
core   0: 3 0x80005c5e (0x8f81) x15 0x00000000
core   0: 0x80005c60 (0x2e632c93) slti    s9, t1, 742
core   0: 3 0x80005c60 (0x2e632c93) x25 0x00000000
core   0: 0x80005c64 (0x0000076a) c.slli  a4, 26
core   0: 3 0x80005c64 (0x076a) x14 0x00000000
core   0: 0x80005c66 (0x00008f11) c.sub   a4, a2
core   0: 3 0x80005c66 (0x8f11) x14 0x00000000
core   0: 0x80005c68 (0x02d2fcb3) remu    s9, t0, a3
core   0: 3 0x80005c68 (0x02d2fcb3) x25 0x00000000
core   0: 0x80005c6c (0x00008b91) c.andi  a5, 4
core   0: 3 0x80005c6c (0x8b91) x15 0x00000000
core   0: 0x80005c6e (0x4062d793) srai    a5, t0, 6
core   0: 3 0x80005c6e (0x4062d793) x15 0x00000000
core   0: 0x80005c72 (0x02935a33) divu    s4, t1, s1
core   0: 3 0x80005c72 (0x02935a33) x20 0x00000000
core   0: 0x80005c76 (0x415c5d33) sra     s10, s8, s5
core   0: 3 0x80005c76 (0x415c5d33) x26 0xffe13f1f
core   0: 0x80005c7a (0x00591793) slli    a5, s2, 5
core   0: 3 0x80005c7a (0x00591793) x15 0x0001d900
core   0: 0x80005c7e (0x00005dfd) c.li    s11, -1
core   0: 3 0x80005c7e (0x5dfd) x27 0xffffffff
core   0: 0x80005c80 (0x02b20033) mul     zero, tp, a1
core   0: 3 0x80005c80 (0x02b20033)
core   0: 0x80005c84 (0x00b0cbb3) xor     s7, ra, a1
core   0: 3 0x80005c84 (0x00b0cbb3) x23 0x6eca6e64
core   0: 0x80005c88 (0x002c5793) srli    a5, s8, 2
core   0: 3 0x80005c88 (0x002c5793) x15 0x3ff09f8f
core   0: 0x80005c8c (0x010957b3) srl     a5, s2, a6
core   0: 3 0x80005c8c (0x010957b3) x15 0x00000764
core   0: 0x80005c90 (0x01891093) slli    ra, s2, 24
core   0: 3 0x80005c90 (0x01891093) x 1 0xc8000000
core   0: 0x80005c94 (0x02579db3) mulh    s11, a5, t0
core   0: 3 0x80005c94 (0x02579db3) x27 0x00000000
core   0: 0x80005c98 (0x86a4fa13) andi    s4, s1, -1942
core   0: 3 0x80005c98 (0x86a4fa13) x20 0x80012860
core   0: 0x80005c9c (0x03ed4733) div     a4, s10, t5
core   0: 3 0x80005c9c (0x03ed4733) x14 0x00000000
core   0: 0x80005ca0 (0x00008349) c.srli  a4, 18
core   0: 3 0x80005ca0 (0x8349) x14 0x00000000
core   0: 0x80005ca2 (0x023593b3) mulh    t2, a1, gp
core   0: 3 0x80005ca2 (0x023593b3) x 7 0x00000000
core   0: 0x80005ca6 (0x3b18f813) andi    a6, a7, 945
core   0: 3 0x80005ca6 (0x3b18f813) x16 0x00000000
core   0: 0x80005caa (0x036f7433) remu    s0, t5, s6
core   0: 3 0x80005caa (0x036f7433) x 8 0x7fffffff
core   0: 0x80005cae (0x00008e79) c.and   a2, a4
core   0: 3 0x80005cae (0x8e79) x12 0x00000000
core   0: 0x80005cb0 (0x039d5d33) divu    s10, s10, s9
core   0: 3 0x80005cb0 (0x039d5d33) x26 0xffffffff
core   0: 0x80005cb4 (0x00000001) c.nop
core   0: 3 0x80005cb4 (0x0001)
core   0: 0x80005cb6 (0x00009b7d) c.andi  a4, -1
core   0: 3 0x80005cb6 (0x9b7d) x14 0x00000000
core   0: 0x80005cb8 (0x00649fb3) sll     t6, s1, t1
core   0: 3 0x80005cb8 (0x00649fb3) x31 0x012ce400
core   0: 0x80005cbc (0xd56f6d37) lui     s10, 0xd56f6
core   0: 3 0x80005cbc (0xd56f6d37) x26 0xd56f6000
core   0: 0x80005cc0 (0x405bdf13) srai    t5, s7, 5
core   0: 3 0x80005cc0 (0x405bdf13) x30 0x03765373
core   0: 0x80005cc4 (0x00008e0d) c.sub   a2, a1
core   0: 3 0x80005cc4 (0x8e0d) x12 0x7fff119c
core   0: 0x80005cc6 (0xcb424013) xori    zero, tp, -844
core   0: 3 0x80005cc6 (0xcb424013)
core   0: 0x80005cca (0x03f65b33) divu    s6, a2, t6
core   0: 3 0x80005cca (0x03f65b33) x22 0x0000006c
core   0: 0x80005cce (0x020d16b3) mulh    a3, s10, zero
core   0: 3 0x80005cce (0x020d16b3) x13 0x00000000
core   0: 0x80005cd2 (0x017c6d33) or      s10, s8, s7
core   0: 3 0x80005cd2 (0x017c6d33) x26 0xffca7e7f
core   0: 0x80005cd6 (0x000091b6) c.add   gp, a3
core   0: 3 0x80005cd6 (0x91b6) x 3 0x00000000
core   0: 0x80005cd8 (0x419e5433) sra     s0, t3, s9
core   0: 3 0x80005cd8 (0x419e5433) x 8 0x554c59bd
core   0: 0x80005cdc (0x00008a51) c.andi  a2, 20
core   0: 3 0x80005cdc (0x8a51) x12 0x00000014
core   0: 0x80005cde (0x01101cb3) sll     s9, zero, a7
core   0: 3 0x80005cde (0x01101cb3) x25 0x00000000
core   0: 0x80005ce2 (0x83924a93) xori    s5, tp, -1991
core   0: 3 0x80005ce2 (0x83924a93) x21 0xfffffd76
core   0: 0x80005ce6 (0x01feb6b3) sltu    a3, t4, t6
core   0: 3 0x80005ce6 (0x01feb6b3) x13 0x00000000
core   0: 0x80005cea (0x91289bb7) lui     s7, 0x91289
core   0: 3 0x80005cea (0x91289bb7) x23 0x91289000
core   0: 0x80005cee (0x2699b1b7) lui     gp, 0x2699b
core   0: 3 0x80005cee (0x2699b1b7) x 3 0x2699b000
core   0: 0x80005cf2 (0x006fed33) or      s10, t6, t1
core   0: 3 0x80005cf2 (0x006fed33) x26 0x012cec08
core   0: 0x80005cf6 (0x03858db3) mul     s11, a1, s8
core   0: 3 0x80005cf6 (0x03858db3) x27 0x3957e29c
core   0: 0x80005cfa (0x00004e01) c.li    t3, 0
core   0: 3 0x80005cfa (0x4e01) x28 0x00000000
core   0: 0x80005cfc (0x00004a81) c.li    s5, 0
core   0: 3 0x80005cfc (0x4a81) x21 0x00000000
core   0: 0x80005cfe (0x00004881) c.li    a7, 0
core   0: 3 0x80005cfe (0x4881) x17 0x00000000
core   0: 0x80005d00 (0xaa304eb7) lui     t4, 0xaa304
core   0: 3 0x80005d00 (0xaa304eb7) x29 0xaa304000
core   0: 0x80005d04 (0xd29e8e93) addi    t4, t4, -727
core   0: 3 0x80005d04 (0xd29e8e93) x29 0xaa303d29
core   0: 0x80005d08 (0x22c056b7) lui     a3, 0x22c05
core   0: 3 0x80005d08 (0x22c056b7) x13 0x22c05000
core   0: 0x80005d0c (0x53b68693) addi    a3, a3, 1339
core   0: 3 0x80005d0c (0x53b68693) x13 0x22c0553b
core   0: 0x80005d10 (0xf092f1b7) lui     gp, 0xf092f
core   0: 3 0x80005d10 (0xf092f1b7) x 3 0xf092f000
core   0: 0x80005d14 (0x48018193) addi    gp, gp, 1152
core   0: 3 0x80005d14 (0x48018193) x 3 0xf092f480
core   0: 0x80005d18 (0x00004281) c.li    t0, 0
core   0: 3 0x80005d18 (0x4281) x 5 0x00000000
core   0: 0x80005d1a (0x5880e637) lui     a2, 0x5880e
core   0: 3 0x80005d1a (0x5880e637) x12 0x5880e000
core   0: 0x80005d1e (0x49c60613) addi    a2, a2, 1180
core   0: 3 0x80005d1e (0x49c60613) x12 0x5880e49c
core   0: 0x80005d22 (0x800009b7) lui     s3, 0x80000
core   0: 3 0x80005d22 (0x800009b7) x19 0x80000000
core   0: 0x80005d26 (0x80000937) lui     s2, 0x80000
core   0: 3 0x80005d26 (0x80000937) x18 0x80000000
core   0: 0x80005d2a (0x03d9b2b3) mulhu   t0, s3, t4
core   0: 3 0x80005d2a (0x03d9b2b3) x 5 0x55181e94
core   0: 0x80005d2e (0x00000001) c.nop
core   0: 3 0x80005d2e (0x0001)
core   0: 0x80005d30 (0x03d8ceb3) div     t4, a7, t4
core   0: 3 0x80005d30 (0x03d8ceb3) x29 0x00000000
core   0: 0x80005d34 (0x075db197) auipc   gp, 0x75db
core   0: 3 0x80005d34 (0x075db197) x 3 0x875e0d34
core   0: 0x80005d38 (0x03c60933) mul     s2, a2, t3
core   0: 3 0x80005d38 (0x03c60933) x18 0x00000000
core   0: 0x80005d3c (0x033abeb3) mulhu   t4, s5, s3
core   0: 3 0x80005d3c (0x033abeb3) x29 0x00000000
core   0: 0x80005d40 (0x00000001) c.nop
core   0: 3 0x80005d40 (0x0001)
core   0: 0x80005d42 (0x8b460913) addi    s2, a2, -1868
core   0: 3 0x80005d42 (0x8b460913) x18 0x5880dd50
core   0: 0x80005d46 (0xbc9609b7) lui     s3, 0xbc960
core   0: 3 0x80005d46 (0xbc9609b7) x19 0xbc960000
core   0: 0x80005d4a (0x02d6d9b3) divu    s3, a3, a3
core   0: 3 0x80005d4a (0x02d6d9b3) x19 0x00000001
core   0: 0x80005d4e (0x77c4c937) lui     s2, 0x77c4c
core   0: 3 0x80005d4e (0x77c4c937) x18 0x77c4c000
core   0: 0x80005d52 (0xf56b36b7) lui     a3, 0xf56b3
core   0: 3 0x80005d52 (0xf56b36b7) x13 0xf56b3000
core   0: 0x80005d56 (0x40de81b3) sub     gp, t4, a3
core   0: 3 0x80005d56 (0x40de81b3) x 3 0x0a94d000
core   0: 0x80005d5a (0x03c91933) mulh    s2, s2, t3
core   0: 3 0x80005d5a (0x03c91933) x18 0x00000000
core   0: 0x80005d5e (0x02d67633) remu    a2, a2, a3
core   0: 3 0x80005d5e (0x02d67633) x12 0x5880e49c
core   0: 0x80005d62 (0x01c986b3) add     a3, s3, t3
core   0: 3 0x80005d62 (0x01c986b3) x13 0x00000001
core   0: 0x80005d66 (0x40c901b3) sub     gp, s2, a2
core   0: 3 0x80005d66 (0x40c901b3) x 3 0xa77f1b64
core   0: 0x80005d6a (0x033988b3) mul     a7, s3, s3
core   0: 3 0x80005d6a (0x033988b3) x17 0x00000001
core   0: 0x80005d6e (0x032981b3) mul     gp, s3, s2
core   0: 3 0x80005d6e (0x032981b3) x 3 0x00000000
core   0: 0x80005d72 (0x0338e1b3) rem     gp, a7, s3
core   0: 3 0x80005d72 (0x0338e1b3) x 3 0x00000000
core   0: 0x80005d76 (0x02518933) mul     s2, gp, t0
core   0: 3 0x80005d76 (0x02518933) x18 0x00000000
core   0: 0x80005d7a (0x027e9433) mulh    s0, t4, t2
core   0: 3 0x80005d7a (0x027e9433) x 8 0x00000000
core   0: 0x80005d7e (0x01b927b3) slt     a5, s2, s11
core   0: 3 0x80005d7e (0x01b927b3) x15 0x00000001
core   0: 0x80005d82 (0xa506b093) sltiu   ra, a3, -1456
core   0: 3 0x80005d82 (0xa506b093) x 1 0x00000001
core   0: 0x80005d86 (0x02805933) divu    s2, zero, s0
core   0: 3 0x80005d86 (0x02805933) x18 0xffffffff
core   0: 0x80005d8a (0x00001598) c.addi4spn a4, sp, 736
core   0: 3 0x80005d8a (0x1598) x14 0x00001833
core   0: 0x80005d8c (0x9f8e0f13) addi    t5, t3, -1544
core   0: 3 0x80005d8c (0x9f8e0f13) x30 0xfffff9f8
core   0: 0x80005d90 (0x000069e1) c.lui   s3, 0x18
core   0: 3 0x80005d90 (0x69e1) x19 0x00018000
core   0: 0x80005d92 (0x00f1c333) xor     t1, gp, a5
core   0: 3 0x80005d92 (0x00f1c333) x 6 0x00000001
core   0: 0x80005d96 (0x00000cb5) c.addi  s9, 13
core   0: 3 0x80005d96 (0x0cb5) x25 0x0000000d
core   0: 0x80005d98 (0x02c1e033) rem     zero, gp, a2
core   0: 3 0x80005d98 (0x02c1e033)
core   0: 0x80005d9c (0x02c54733) div     a4, a0, a2
core   0: 3 0x80005d9c (0x02c54733) x14 0xffffffff
core   0: 0x80005da0 (0x005cf033) and     zero, s9, t0
core   0: 3 0x80005da0 (0x005cf033)
core   0: 0x80005da4 (0x407108b3) sub     a7, sp, t2
core   0: 3 0x80005da4 (0x407108b3) x17 0x00001553
core   0: 0x80005da8 (0x000011fd) c.addi  gp, -1
core   0: 3 0x80005da8 (0x11fd) x 3 0xffffffff
core   0: 0x80005daa (0xd9436cb7) lui     s9, 0xd9436
core   0: 3 0x80005daa (0xd9436cb7) x25 0xd9436000
core   0: 0x80005dae (0x0024d733) srl     a4, s1, sp
core   0: 3 0x80005dae (0x0024d733) x14 0x00001000
core   0: 0x80005db2 (0x039fe6b3) rem     a3, t6, s9
core   0: 3 0x80005db2 (0x039fe6b3) x13 0x012ce400
core   0: 0x80005db6 (0x00004159) c.li    sp, 22
core   0: 3 0x80005db6 (0x4159) x 2 0x00000016
core   0: 0x80005db8 (0x09b73813) sltiu   a6, a4, 155
core   0: 3 0x80005db8 (0x09b73813) x16 0x00000000
core   0: 0x80005dbc (0x35ad0213) addi    tp, s10, 858
core   0: 3 0x80005dbc (0x35ad0213) x 4 0x012cef62
core   0: 0x80005dc0 (0x01ae5e33) srl     t3, t3, s10
core   0: 3 0x80005dc0 (0x01ae5e33) x28 0x00000000
core   0: 0x80005dc4 (0x00008be9) c.andi  a5, 26
core   0: 3 0x80005dc4 (0x8be9) x15 0x00000000
core   0: 0x80005dc6 (0x00000814) c.addi4spn a3, sp, 16
core   0: 3 0x80005dc6 (0x0814) x13 0x00000026
core   0: 0x80005dc8 (0x00000001) c.nop
core   0: 3 0x80005dc8 (0x0001)
core   0: 0x80005dca (0x03c97433) remu    s0, s2, t3
core   0: 3 0x80005dca (0x03c97433) x 8 0xffffffff
core   0: 0x80005dce (0x1e04af13) slti    t5, s1, 480
core   0: 3 0x80005dce (0x1e04af13) x30 0x00000001
core   0: 0x80005dd2 (0x01d880b3) add     ra, a7, t4
core   0: 3 0x80005dd2 (0x01d880b3) x 1 0x00001553
core   0: 0x80005dd6 (0x02b8beb3) mulhu   t4, a7, a1
core   0: 3 0x80005dd6 (0x02b8beb3) x29 0x00000aa9
core   0: 0x80005dda (0x2dc8c693) xori    a3, a7, 732
core   0: 3 0x80005dda (0x2dc8c693) x13 0x0000178f
core   0: 0x80005dde (0xcda26293) ori     t0, tp, -806
core   0: 3 0x80005dde (0xcda26293) x 5 0xfffffffa
core   0: 0x80005de2 (0x00008889) c.andi  s1, 2
core   0: 3 0x80005de2 (0x8889) x 9 0x00000000
core   0: 0x80005de4 (0x00008465) c.srai  s0, 25
core   0: 3 0x80005de4 (0x8465) x 8 0xffffffff
core   0: 0x80005de6 (0x00006429) c.lui   s0, 0xa
core   0: 3 0x80005de6 (0x6429) x 8 0x0000a000
core   0: 0x80005de8 (0x018d1c93) slli    s9, s10, 24
core   0: 3 0x80005de8 (0x018d1c93) x25 0x08000000
core   0: 0x80005dec (0x00064cb3) xor     s9, a2, zero
core   0: 3 0x80005dec (0x00064cb3) x25 0x5880e49c
core   0: 0x80005df0 (0x03492bb3) mulhsu  s7, s2, s4
core   0: 3 0x80005df0 (0x03492bb3) x23 0xffffffff
core   0: 0x80005df4 (0x6e96b413) sltiu   s0, a3, 1769
core   0: 3 0x80005df4 (0x6e96b413) x 8 0x00000000
core   0: 0x80005df8 (0x0000609d) c.lui   ra, 0x7
core   0: 3 0x80005df8 (0x609d) x 1 0x00007000
core   0: 0x80005dfa (0x00001b7d) c.addi  s6, -1
core   0: 3 0x80005dfa (0x1b7d) x22 0x0000006b
core   0: 0x80005dfc (0x64bde637) lui     a2, 0x64bde
core   0: 3 0x80005dfc (0x64bde637) x12 0x64bde000
core   0: 0x80005e00 (0x032ebd33) mulhu   s10, t4, s2
core   0: 3 0x80005e00 (0x032ebd33) x26 0x00000aa8
core   0: 0x80005e04 (0x0309abb3) mulhsu  s7, s3, a6
core   0: 3 0x80005e04 (0x0309abb3) x23 0x00000000
core   0: 0x80005e08 (0x03725db3) divu    s11, tp, s7
core   0: 3 0x80005e08 (0x03725db3) x27 0xffffffff
core   0: 0x80005e0c (0x03080033) mul     zero, a6, a6
core   0: 3 0x80005e0c (0x03080033)
core   0: 0x80005e10 (0x005dd9b3) srl     s3, s11, t0
core   0: 3 0x80005e10 (0x005dd9b3) x19 0x0000003f
core   0: 0x80005e14 (0x01baceb3) xor     t4, s5, s11
core   0: 3 0x80005e14 (0x01baceb3) x29 0xffffffff
core   0: 0x80005e18 (0x03eceab3) rem     s5, s9, t5
core   0: 3 0x80005e18 (0x03eceab3) x21 0x00000000
core   0: 0x80005e1c (0x00001a80) c.addi4spn s0, sp, 368
core   0: 3 0x80005e1c (0x1a80) x 8 0x00000186
core   0: 0x80005e1e (0x02a6a4b3) mulhsu  s1, a3, a0
core   0: 3 0x80005e1e (0x02a6a4b3) x 9 0x00000bc7
core   0: 0x80005e22 (0x00008339) c.srli  a4, 14
core   0: 3 0x80005e22 (0x8339) x14 0x00000000
core   0: 0x80005e24 (0x0000717d) c.addi16sp sp, -16
core   0: 3 0x80005e24 (0x717d) x 2 0x00000006
core   0: 0x80005e26 (0x000098fd) c.andi  s1, -1
core   0: 3 0x80005e26 (0x98fd) x 9 0x00000bc7
core   0: 0x80005e28 (0x7fd6c893) xori    a7, a3, 2045
core   0: 3 0x80005e28 (0x7fd6c893) x17 0x00001072
core   0: 0x80005e2c (0x2fbdf413) andi    s0, s11, 763
core   0: 3 0x80005e2c (0x2fbdf413) x 8 0x000002fb
core   0: 0x80005e30 (0x0000617d) c.addi16sp sp, 496
core   0: 3 0x80005e30 (0x617d) x 2 0x000001f6
core   0: 0x80005e32 (0x00c314b3) sll     s1, t1, a2
core   0: 3 0x80005e32 (0x00c314b3) x 9 0x00000001
core   0: 0x80005e36 (0x018dceb3) xor     t4, s11, s8
core   0: 3 0x80005e36 (0x018dceb3) x29 0x003d81c0
core   0: 0x80005e3a (0x00006a61) c.lui   s4, 0x18
core   0: 3 0x80005e3a (0x6a61) x20 0x00018000
core   0: 0x80005e3c (0x0229e433) rem     s0, s3, sp
core   0: 3 0x80005e3c (0x0229e433) x 8 0x0000003f
core   0: 0x80005e40 (0x00e7f133) and     sp, a5, a4
core   0: 3 0x80005e40 (0x00e7f133) x 2 0x00000000
core   0: 0x80005e44 (0x002bcfb3) xor     t6, s7, sp
core   0: 3 0x80005e44 (0x002bcfb3) x31 0x00000000
core   0: 0x80005e48 (0x0190e6b3) or      a3, ra, s9
core   0: 3 0x80005e48 (0x0190e6b3) x13 0x5880f49c
core   0: 0x80005e4c (0x408107b3) sub     a5, sp, s0
core   0: 3 0x80005e4c (0x408107b3) x15 0xffffffc1
core   0: 0x80005e50 (0x003fa833) slt     a6, t6, gp
core   0: 3 0x80005e50 (0x003fa833) x16 0x00000000
core   0: 0x80005e54 (0x00000001) c.nop
core   0: 3 0x80005e54 (0x0001)
core   0: 0x80005e56 (0x00305ab3) srl     s5, zero, gp
core   0: 3 0x80005e56 (0x00305ab3) x21 0x00000000
core   0: 0x80005e5a (0x00b09113) slli    sp, ra, 11
core   0: 3 0x80005e5a (0x00b09113) x 2 0x03800000
core   0: 0x80005e5e (0x02baa7b3) mulhsu  a5, s5, a1
core   0: 3 0x80005e5e (0x02baa7b3) x15 0x00000000
core   0: 0x80005e62 (0x00000121) c.addi  sp, 8
core   0: 3 0x80005e62 (0x0121) x 2 0x03800008
core   0: 0x80005e64 (0x00006829) c.lui   a6, 0xa
core   0: 3 0x80005e64 (0x6829) x16 0x0000a000
core   0: 0x80005e66 (0x00e66833) or      a6, a2, a4
core   0: 3 0x80005e66 (0x00e66833) x16 0x64bde000
core   0: 0x80005e6a (0x000083b1) c.srli  a5, 12
core   0: 3 0x80005e6a (0x83b1) x15 0x00000000
core   0: 0x80005e6c (0x00c1e333) or      t1, gp, a2
core   0: 3 0x80005e6c (0x00c1e333) x 6 0xffffffff
core   0: 0x80005e70 (0x00865133) srl     sp, a2, s0
core   0: 3 0x80005e70 (0x00865133) x 2 0x00000000
core   0: 0x80005e74 (0x038e22b3) mulhsu  t0, t3, s8
core   0: 3 0x80005e74 (0x038e22b3) x 5 0x00000000
core   0: 0x80005e78 (0x00008279) c.srli  a2, 30
core   0: 3 0x80005e78 (0x8279) x12 0x00000001
core   0: 0x80005e7a (0x02b870b3) remu    ra, a6, a1
core   0: 3 0x80005e7a (0x02b870b3) x 1 0x64bde000
core   0: 0x80005e7e (0x000084f1) c.srai  s1, 28
core   0: 3 0x80005e7e (0x84f1) x 9 0x00000000
core   0: 0x80005e80 (0x02dca033) mulhsu  zero, s9, a3
core   0: 3 0x80005e80 (0x02dca033)
core   0: 0x80005e84 (0x00008c25) c.xor   s0, s1
core   0: 3 0x80005e84 (0x8c25) x 8 0x0000003f
core   0: 0x80005e86 (0x03f7dcb3) divu    s9, a5, t6
core   0: 3 0x80005e86 (0x03f7dcb3) x25 0xffffffff
core   0: 0x80005e8a (0x028c8733) mul     a4, s9, s0
core   0: 3 0x80005e8a (0x028c8733) x14 0xffffffc1
core   0: 0x80005e8e (0x025eccb3) div     s9, t4, t0
core   0: 3 0x80005e8e (0x025eccb3) x25 0xffffffff
core   0: 0x80005e92 (0x00000001) c.nop
core   0: 3 0x80005e92 (0x0001)
core   0: 0x80005e94 (0x01f89993) slli    s3, a7, 31
core   0: 3 0x80005e94 (0x01f89993) x19 0x00000000
core   0: 0x80005e98 (0x0018f7b3) and     a5, a7, ra
core   0: 3 0x80005e98 (0x0018f7b3) x15 0x00000000
core   0: 0x80005e9c (0xd7f14213) xori    tp, sp, -641
core   0: 3 0x80005e9c (0xd7f14213) x 4 0xfffffd7f
core   0: 0x80005ea0 (0x4eb32b13) slti    s6, t1, 1259
core   0: 3 0x80005ea0 (0x4eb32b13) x22 0x00000001
core   0: 0x80005ea4 (0x41dcd0b3) sra     ra, s9, t4
core   0: 3 0x80005ea4 (0x41dcd0b3) x 1 0xffffffff
core   0: 0x80005ea8 (0x00000001) c.nop
core   0: 3 0x80005ea8 (0x0001)
core   0: 0x80005eaa (0xbd8f3237) lui     tp, 0xbd8f3
core   0: 3 0x80005eaa (0xbd8f3237) x 4 0xbd8f3000
core   0: 0x80005eae (0x02c85d33) divu    s10, a6, a2
core   0: 3 0x80005eae (0x02c85d33) x26 0x64bde000
core   0: 0x80005eb2 (0x00000001) c.nop
core   0: 3 0x80005eb2 (0x0001)
core   0: 0x80005eb4 (0x0000059c) c.addi4spn a5, sp, 704
core   0: 3 0x80005eb4 (0x059c) x15 0x000002c0
core   0: 0x80005eb6 (0x00008fd5) c.or    a5, a3
core   0: 3 0x80005eb6 (0x8fd5) x15 0x5880f6dc
core   0: 0x80005eb8 (0x03fc7a33) remu    s4, s8, t6
core   0: 3 0x80005eb8 (0x03fc7a33) x20 0xffc27e3f
core   0: 0x80005ebc (0x0308e8b3) rem     a7, a7, a6
core   0: 3 0x80005ebc (0x0308e8b3) x17 0x00001072
core   0: 0x80005ec0 (0x002b6833) or      a6, s6, sp
core   0: 3 0x80005ec0 (0x002b6833) x16 0x00000001
core   0: 0x80005ec4 (0x417a8e33) sub     t3, s5, s7
core   0: 3 0x80005ec4 (0x417a8e33) x28 0x00000000
core   0: 0x80005ec8 (0x0cbbb993) sltiu   s3, s7, 203
core   0: 3 0x80005ec8 (0x0cbbb993) x19 0x00000001
core   0: 0x80005ecc (0xd3ee2813) slti    a6, t3, -706
core   0: 3 0x80005ecc (0xd3ee2813) x16 0x00000000
core   0: 0x80005ed0 (0x000d8933) add     s2, s11, zero
core   0: 3 0x80005ed0 (0x000d8933) x18 0xffffffff
core   0: 0x80005ed4 (0x0000844a) c.mv    s0, s2
core   0: 3 0x80005ed4 (0x844a) x 8 0xffffffff
core   0: 0x80005ed6 (0x00008b86) c.mv    s7, ra
core   0: 3 0x80005ed6 (0x8b86) x23 0xffffffff
core   0: 0x80005ed8 (0x00009baa) c.add   s7, a0
core   0: 3 0x80005ed8 (0x9baa) x23 0x80012ce3
core   0: 0x80005eda (0x00008226) c.mv    tp, s1
core   0: 3 0x80005eda (0x8226) x 4 0x00000000
core   0: 0x80005edc (0x000009fa) c.slli  s3, 30
core   0: 3 0x80005edc (0x09fa) x19 0x40000000
core   0: 0x80005ede (0x40375733) sra     a4, a4, gp
core   0: 3 0x80005ede (0x40375733) x14 0xffffffff
core   0: 0x80005ee2 (0x03bb79b3) remu    s3, s6, s11
core   0: 3 0x80005ee2 (0x03bb79b3) x19 0x00000001
core   0: 0x80005ee6 (0x009cfb33) and     s6, s9, s1
core   0: 3 0x80005ee6 (0x009cfb33) x22 0x00000000
core   0: 0x80005eea (0x028cad33) mulhsu  s10, s9, s0
core   0: 3 0x80005eea (0x028cad33) x26 0xffffffff
core   0: 0x80005eee (0x00000001) c.nop
core   0: 3 0x80005eee (0x0001)
core   0: 0x80005ef0 (0x017b0433) add     s0, s6, s7
core   0: 3 0x80005ef0 (0x017b0433) x 8 0x80012ce3
core   0: 0x80005ef4 (0x00e276b3) and     a3, tp, a4
core   0: 3 0x80005ef4 (0x00e276b3) x13 0x00000000
core   0: 0x80005ef8 (0x02ecdeb3) divu    t4, s9, a4
core   0: 3 0x80005ef8 (0x02ecdeb3) x29 0x00000001
core   0: 0x80005efc (0x41efd833) sra     a6, t6, t5
core   0: 3 0x80005efc (0x41efd833) x16 0x00000000
core   0: 0x80005f00 (0x015dd133) srl     sp, s11, s5
core   0: 3 0x80005f00 (0x015dd133) x 2 0xffffffff
core   0: 0x80005f04 (0x416c8833) sub     a6, s9, s6
core   0: 3 0x80005f04 (0x416c8833) x16 0xffffffff
core   0: 0x80005f08 (0x00a95713) srli    a4, s2, 10
core   0: 3 0x80005f08 (0x00a95713) x14 0x003fffff
core   0: 0x80005f0c (0xa1c33113) sltiu   sp, t1, -1508
core   0: 3 0x80005f0c (0xa1c33113) x 2 0x00000000
core   0: 0x80005f10 (0x021a6eb3) rem     t4, s4, ra
core   0: 3 0x80005f10 (0x021a6eb3) x29 0x00000000
core   0: 0x80005f14 (0x036f6333) rem     t1, t5, s6
core   0: 3 0x80005f14 (0x036f6333) x 6 0x00000001
core   0: 0x80005f18 (0x41b95113) srai    sp, s2, 27
core   0: 3 0x80005f18 (0x41b95113) x 2 0xffffffff
core   0: 0x80005f1c (0x035c29b3) mulhsu  s3, s8, s5
core   0: 3 0x80005f1c (0x035c29b3) x19 0x00000000
core   0: 0x80005f20 (0x017211b3) sll     gp, tp, s7
core   0: 3 0x80005f20 (0x017211b3) x 3 0x00000000
core   0: 0x80005f24 (0x029a4e33) div     t3, s4, s1
core   0: 3 0x80005f24 (0x029a4e33) x28 0xffffffff
core   0: 0x80005f28 (0x00008429) c.srai  s0, 10
core   0: 3 0x80005f28 (0x8429) x 8 0xffe0004b
core   0: 0x80005f2a (0x0248fb33) remu    s6, a7, tp
core   0: 3 0x80005f2a (0x0248fb33) x22 0x00001072
core   0: 0x80005f2e (0x00008b45) c.andi  a4, 17
core   0: 3 0x80005f2e (0x8b45) x14 0x00000011
core   0: 0x80005f30 (0x00000001) c.nop
core   0: 3 0x80005f30 (0x0001)
core   0: 0x80005f32 (0x0323b833) mulhu   a6, t2, s2
core   0: 3 0x80005f32 (0x0323b833) x16 0x00000000
core   0: 0x80005f36 (0x00008ca9) c.xor   s1, a0
core   0: 3 0x80005f36 (0x8ca9) x 9 0x80012ce4
core   0: 0x80005f38 (0x4160d2b3) sra     t0, ra, s6
core   0: 3 0x80005f38 (0x4160d2b3) x 5 0xffffffff
core   0: 0x80005f3c (0x00006155) c.addi16sp sp, 304
core   0: 3 0x80005f3c (0x6155) x 2 0x0000012f
core   0: 0x80005f3e (0x00000001) c.nop
core   0: 3 0x80005f3e (0x0001)
core   0: 0x80005f40 (0x03038733) mul     a4, t2, a6
core   0: 3 0x80005f40 (0x03038733) x14 0x00000000
core   0: 0x80005f44 (0x03314b33) div     s6, sp, s3
core   0: 3 0x80005f44 (0x03314b33) x22 0xffffffff
core   0: 0x80005f48 (0xea610cb7) lui     s9, 0xea610
core   0: 3 0x80005f48 (0xea610cb7) x25 0xea610000
core   0: 0x80005f4c (0xffac8c93) addi    s9, s9, -6
core   0: 3 0x80005f4c (0xffac8c93) x25 0xea60fffa
core   0: 0x80005f50 (0x80000937) lui     s2, 0x80000
core   0: 3 0x80005f50 (0x80000937) x18 0x80000000
core   0: 0x80005f54 (0x800002b7) lui     t0, 0x80000
core   0: 3 0x80005f54 (0x800002b7) x 5 0x80000000
core   0: 0x80005f58 (0xfff00113) li      sp, -1
core   0: 3 0x80005f58 (0xfff00113) x 2 0xffffffff
core   0: 0x80005f5c (0x80000db7) lui     s11, 0x80000
core   0: 3 0x80005f5c (0x80000db7) x27 0x80000000
core   0: 0x80005f60 (0x800000b7) lui     ra, 0x80000
core   0: 3 0x80005f60 (0x800000b7) x 1 0x80000000
core   0: 0x80005f64 (0xfff00d13) li      s10, -1
core   0: 3 0x80005f64 (0xfff00d13) x26 0xffffffff
core   0: 0x80005f68 (0x00004981) c.li    s3, 0
core   0: 3 0x80005f68 (0x4981) x19 0x00000000
core   0: 0x80005f6a (0xfff00713) li      a4, -1
core   0: 3 0x80005f6a (0xfff00713) x14 0xffffffff
core   0: 0x80005f6e (0xfff00f93) li      t6, -1
core   0: 3 0x80005f6e (0xfff00f93) x31 0xffffffff
core   0: 0x80005f72 (0x03377fb3) remu    t6, a4, s3
core   0: 3 0x80005f72 (0x03377fb3) x31 0xffffffff
core   0: 0x80005f76 (0x39862cb7) lui     s9, 0x39862
core   0: 3 0x80005f76 (0x39862cb7) x25 0x39862000
core   0: 0x80005f7a (0x0252f733) remu    a4, t0, t0
core   0: 3 0x80005f7a (0x0252f733) x14 0x00000000
core   0: 0x80005f7e (0x038f8f93) addi    t6, t6, 56
core   0: 3 0x80005f7e (0x038f8f93) x31 0x00000037
core   0: 0x80005f82 (0x03bc9d33) mulh    s10, s9, s11
core   0: 3 0x80005f82 (0x03bc9d33) x26 0xe33cf000
core   0: 0x80005f86 (0x59f03db7) lui     s11, 0x59f03
core   0: 3 0x80005f86 (0x59f03db7) x27 0x59f03000
core   0: 0x80005f8a (0x53208713) addi    a4, ra, 1330
core   0: 3 0x80005f8a (0x53208713) x14 0x80000532
core   0: 0x80005f8e (0xf8d940b7) lui     ra, 0xf8d94
core   0: 3 0x80005f8e (0xf8d940b7) x 1 0xf8d94000
core   0: 0x80005f92 (0x0210dfb3) divu    t6, ra, ra
core   0: 3 0x80005f92 (0x0210dfb3) x31 0x00000001
core   0: 0x80005f96 (0x02e91733) mulh    a4, s2, a4
core   0: 3 0x80005f96 (0x02e91733) x14 0x3ffffd67
core   0: 0x80005f9a (0x03bd9cb3) mulh    s9, s11, s11
core   0: 3 0x80005f9a (0x03bd9cb3) x25 0x1f98e2ba
core   0: 0x80005f9e (0xb4708c93) addi    s9, ra, -1209
core   0: 3 0x80005f9e (0xb4708c93) x25 0xf8d93b47
core   0: 0x80005fa2 (0x03ad1fb3) mulh    t6, s10, s10
core   0: 3 0x80005fa2 (0x03ad1fb3) x31 0x033b4021
core   0: 0x80005fa6 (0x0cac8d93) addi    s11, s9, 202
core   0: 3 0x80005fa6 (0x0cac8d93) x27 0xf8d93c11
core   0: 0x80005faa (0xc77f8c93) addi    s9, t6, -905
core   0: 3 0x80005faa (0xc77f8c93) x25 0x033b3c98
core   0: 0x80005fae (0x770a1117) auipc   sp, 0x770a1
core   0: 3 0x80005fae (0x770a1117) x 2 0xf70a6fae
core   0: 0x80005fb2 (0x03fdbcb3) mulhu   s9, s11, t6
core   0: 3 0x80005fb2 (0x03fdbcb3) x25 0x0324241b
core   0: 0x80005fb6 (0xa7f45d17) auipc   s10, 0xa7f45
core   0: 3 0x80005fb6 (0xa7f45d17) x26 0x27f4afb6
core   0: 0x80005fba (0x03f0c0b3) div     ra, ra, t6
core   0: 3 0x80005fba (0x03f0c0b3) x 1 0xfffffffe
core   0: 0x80005fbe (0x00000001) c.nop
core   0: 3 0x80005fbe (0x0001)
core   0: 0x80005fc0 (0x03972933) mulhsu  s2, a4, s9
core   0: 3 0x80005fc0 (0x03972933) x18 0x00c908fe
core   0: 0x80005fc4 (0x03b712b3) mulh    t0, a4, s11
core   0: 3 0x80005fc4 (0x03b712b3) x 5 0xfe364f16
core   0: 0x80005fc8 (0x03309fb3) mulh    t6, ra, s3
core   0: 3 0x80005fc8 (0x03309fb3) x31 0x00000000
core   0: 0x80005fcc (0xb5228c93) addi    s9, t0, -1198
core   0: 3 0x80005fcc (0xb5228c93) x25 0xfe364a68
core   0: 0x80005fd0 (0x032989b3) mul     s3, s3, s2
core   0: 3 0x80005fd0 (0x032989b3) x19 0x00000000
core   0: 0x80005fd4 (0x03ad32b3) mulhu   t0, s10, s10
core   0: 3 0x80005fd4 (0x03ad32b3) x 5 0x063c7768
core   0: 0x80005fd8 (0x021fc9b3) div     s3, t6, ra
core   0: 3 0x80005fd8 (0x021fc9b3) x19 0x00000000
core   0: 0x80005fdc (0xa30a0f97) auipc   t6, 0xa30a0
core   0: 3 0x80005fdc (0xa30a0f97) x31 0x230a5fdc
core   0: 0x80005fe0 (0x9aa44097) auipc   ra, 0x9aa44
core   0: 3 0x80005fe0 (0x9aa44097) x 1 0x1aa49fe0
core   0: 0x80005fe4 (0x0278d6b3) divu    a3, a7, t2
core   0: 3 0x80005fe4 (0x0278d6b3) x13 0xffffffff
core   0: 0x80005fe8 (0x632d2293) slti    t0, s10, 1586
core   0: 3 0x80005fe8 (0x632d2293) x 5 0x00000000
core   0: 0x80005fec (0x0625a613) slti    a2, a1, 98
core   0: 3 0x80005fec (0x0625a613) x12 0x00000001
core   0: 0x80005ff0 (0x63e5e037) lui     zero, 0x63e5e
core   0: 3 0x80005ff0 (0x63e5e037)
core   0: 0x80005ff4 (0x00008356) c.mv    t1, s5
core   0: 3 0x80005ff4 (0x8356) x 6 0x00000000
core   0: 0x80005ff6 (0x0000117d) c.addi  sp, -1
core   0: 3 0x80005ff6 (0x117d) x 2 0xf70a6fad
core   0: 0x80005ff8 (0x02ac6a33) rem     s4, s8, a0
core   0: 3 0x80005ff8 (0x02ac6a33) x20 0xffc27e3f
core   0: 0x80005ffc (0x00008cad) c.xor   s1, a1
core   0: 3 0x80005ffc (0x8cad) x 9 0x0001c280
core   0: 0x80005ffe (0x00000001) c.nop
core   0: 3 0x80005ffe (0x0001)
core   0: 0x80006000 (0x556e2893) slti    a7, t3, 1366
core   0: 3 0x80006000 (0x556e2893) x17 0x00000001
core   0: 0x80006004 (0xc1688f93) addi    t6, a7, -1002
core   0: 3 0x80006004 (0xc1688f93) x31 0xfffffc17
core   0: 0x80006008 (0x03af9fb3) mulh    t6, t6, s10
core   0: 3 0x80006008 (0x03af9fb3) x31 0xffffff63
core   0: 0x8000600c (0x009bd333) srl     t1, s7, s1
core   0: 3 0x8000600c (0x009bd333) x 6 0x80012ce3
core   0: 0x80006010 (0x01466133) or      sp, a2, s4
core   0: 3 0x80006010 (0x01466133) x 2 0xffc27e3f
core   0: 0x80006014 (0xa482d8b7) lui     a7, 0xa482d
core   0: 3 0x80006014 (0xa482d8b7) x17 0xa482d000
core   0: 0x80006018 (0x00006121) c.addi16sp sp, 64
core   0: 3 0x80006018 (0x6121) x 2 0xffc27e7f
core   0: 0x8000601a (0x4069d7b3) sra     a5, s3, t1
core   0: 3 0x8000601a (0x4069d7b3) x15 0x00000000
core   0: 0x8000601e (0x03aac7b3) div     a5, s5, s10
core   0: 3 0x8000601e (0x03aac7b3) x15 0x00000000
core   0: 0x80006022 (0x032447b3) div     a5, s0, s2
core   0: 3 0x80006022 (0x032447b3) x15 0x00000000
core   0: 0x80006026 (0x00000a90) c.addi4spn a2, sp, 336
core   0: 3 0x80006026 (0x0a90) x12 0xffc27fcf
core   0: 0x80006028 (0x00006105) c.addi16sp sp, 32
core   0: 3 0x80006028 (0x6105) x 2 0xffc27e9f
core   0: 0x8000602a (0x00547f33) and     t5, s0, t0
core   0: 3 0x8000602a (0x00547f33) x30 0x00000000
core   0: 0x8000602e (0x00006479) c.lui   s0, 0x1e
core   0: 3 0x8000602e (0x6479) x 8 0x0001e000
core   0: 0x80006030 (0x00006ced) c.lui   s9, 0x1b
core   0: 3 0x80006030 (0x6ced) x25 0x0001b000
core   0: 0x80006032 (0x00008755) c.srai  a4, 21
core   0: 3 0x80006032 (0x8755) x14 0x000001ff
core   0: 0x80006034 (0x014a0d33) add     s10, s4, s4
core   0: 3 0x80006034 (0x014a0d33) x26 0xff84fc7e
core   0: 0x80006038 (0xffdfd997) auipc   s3, 0xffdfd
core   0: 3 0x80006038 (0xffdfd997) x19 0x7fe03038
core   0: 0x8000603c (0x02463933) mulhu   s2, a2, tp
core   0: 3 0x8000603c (0x02463933) x18 0x00000000
core   0: 0x80006040 (0x01fbfdb3) and     s11, s7, t6
core   0: 3 0x80006040 (0x01fbfdb3) x27 0x80012c63
core   0: 0x80006044 (0x03ee1633) mulh    a2, t3, t5
core   0: 3 0x80006044 (0x03ee1633) x12 0x00000000
core   0: 0x80006048 (0x01f1b7b3) sltu    a5, gp, t6
core   0: 3 0x80006048 (0x01f1b7b3) x15 0x00000001
core   0: 0x8000604c (0x0a700a13) li      s4, 167
core   0: 3 0x8000604c (0x0a700a13) x20 0x000000a7
core   0: 0x80006050 (0x03d791b3) mulh    gp, a5, t4
core   0: 3 0x80006050 (0x03d791b3) x 3 0x00000000
core   0: 0x80006054 (0x01d5d033) srl     zero, a1, t4
core   0: 3 0x80006054 (0x01d5d033)
core   0: 0x80006058 (0x00000001) c.nop
core   0: 3 0x80006058 (0x0001)
core   0: 0x8000605a (0x00d28833) add     a6, t0, a3
core   0: 3 0x8000605a (0x00d28833) x16 0xffffffff
core   0: 0x8000605e (0x00004d81) c.li    s11, 0
core   0: 3 0x8000605e (0x4d81) x27 0x00000000
core   0: 0x80006060 (0x19949e37) lui     t3, 0x19949
core   0: 3 0x80006060 (0x19949e37) x28 0x19949000
core   0: 0x80006064 (0x58ae0e13) addi    t3, t3, 1418
core   0: 3 0x80006064 (0x58ae0e13) x28 0x1994958a
core   0: 0x80006068 (0xfff00713) li      a4, -1
core   0: 3 0x80006068 (0xfff00713) x14 0xffffffff
core   0: 0x8000606c (0x00004981) c.li    s3, 0
core   0: 3 0x8000606c (0x4981) x19 0x00000000
core   0: 0x8000606e (0x4f0af8b7) lui     a7, 0x4f0af
core   0: 3 0x8000606e (0x4f0af8b7) x17 0x4f0af000
core   0: 0x80006072 (0x0a588893) addi    a7, a7, 165
core   0: 3 0x80006072 (0x0a588893) x17 0x4f0af0a5
core   0: 0x80006076 (0x80000237) lui     tp, 0x80000
core   0: 3 0x80006076 (0x80000237) x 4 0x80000000
core   0: 0x8000607a (0x800000b7) lui     ra, 0x80000
core   0: 3 0x8000607a (0x800000b7) x 1 0x80000000
core   0: 0x8000607e (0x67f8db37) lui     s6, 0x67f8d
core   0: 3 0x8000607e (0x67f8db37) x22 0x67f8d000
core   0: 0x80006082 (0x910b0b13) addi    s6, s6, -1776
core   0: 3 0x80006082 (0x910b0b13) x22 0x67f8c910
core   0: 0x80006086 (0x00004e81) c.li    t4, 0
core   0: 3 0x80006086 (0x4e81) x29 0x00000000
core   0: 0x80006088 (0x00004c81) c.li    s9, 0
core   0: 3 0x80006088 (0x4c81) x25 0x00000000
core   0: 0x8000608a (0xce8e0993) addi    s3, t3, -792
core   0: 3 0x8000608a (0xce8e0993) x19 0x19949272
core   0: 0x8000608e (0x03cb1233) mulh    tp, s6, t3
core   0: 3 0x8000608e (0x03cb1233) x 4 0x0a63a432
core   0: 0x80006092 (0x021d9b33) mulh    s6, s11, ra
core   0: 3 0x80006092 (0x021d9b33) x22 0x00000000
core   0: 0x80006096 (0x81de4e17) auipc   t3, 0x81de4
core   0: 3 0x80006096 (0x81de4e17) x28 0x01dea096
core   0: 0x8000609a (0x17798093) addi    ra, s3, 375
core   0: 3 0x8000609a (0x17798093) x 1 0x199493e9
core   0: 0x8000609e (0x031e3e33) mulhu   t3, t3, a7
core   0: 3 0x8000609e (0x031e3e33) x28 0x0093c802
core   0: 0x800060a2 (0x401980b3) sub     ra, s3, ra
core   0: 3 0x800060a2 (0x401980b3) x 1 0xfffffe89
core   0: 0x800060a6 (0x01b700b3) add     ra, a4, s11
core   0: 3 0x800060a6 (0x01b700b3) x 1 0xffffffff
core   0: 0x800060aa (0x03673eb3) mulhu   t4, a4, s6
core   0: 3 0x800060aa (0x03673eb3) x29 0x00000000
core   0: 0x800060ae (0x03de0233) mul     tp, t3, t4
core   0: 3 0x800060ae (0x03de0233) x 4 0x00000000
core   0: 0x800060b2 (0x413b00b3) sub     ra, s6, s3
core   0: 3 0x800060b2 (0x413b00b3) x 1 0xe66b6d8e
core   0: 0x800060b6 (0x021deeb3) rem     t4, s11, ra
core   0: 3 0x800060b6 (0x021deeb3) x29 0x00000000
core   0: 0x800060ba (0x12220b13) addi    s6, tp, 290
core   0: 3 0x800060ba (0x12220b13) x22 0x00000122
core   0: 0x800060be (0x03db2233) mulhsu  tp, s6, t4
core   0: 3 0x800060be (0x03db2233) x 4 0x00000000
core   0: 0x800060c2 (0x03de0eb3) mul     t4, t3, t4
core   0: 3 0x800060c2 (0x03de0eb3) x29 0x00000000
core   0: 0x800060c6 (0x00009272) c.add   tp, t3
core   0: 3 0x800060c6 (0x9272) x 4 0x0093c802
core   0: 0x800060c8 (0x021e9733) mulh    a4, t4, ra
core   0: 3 0x800060c8 (0x021e9733) x14 0x00000000
core   0: 0x800060cc (0xbc198213) addi    tp, s3, -1087
core   0: 3 0x800060cc (0xbc198213) x 4 0x19948e33
core   0: 0x800060d0 (0x0249f0b3) remu    ra, s3, tp
core   0: 3 0x800060d0 (0x0249f0b3) x 1 0x0000043f
core   0: 0x800060d4 (0x039da9b3) mulhsu  s3, s11, s9
core   0: 3 0x800060d4 (0x039da9b3) x19 0x00000000
core   0: 0x800060d8 (0x029b8eb3) mul     t4, s7, s1
core   0: 3 0x800060d8 (0x029b8eb3) x29 0x117d7780
core   0: 0x800060dc (0x006b5b93) srli    s7, s6, 6
core   0: 3 0x800060dc (0x006b5b93) x23 0x00000004
core   0: 0x800060e0 (0x00006a11) c.lui   s4, 0x4
core   0: 3 0x800060e0 (0x6a11) x20 0x00004000
core   0: 0x800060e2 (0x028064b3) rem     s1, zero, s0
core   0: 3 0x800060e2 (0x028064b3) x 9 0x00000000
core   0: 0x800060e6 (0x00000001) c.nop
core   0: 3 0x800060e6 (0x0001)
core   0: 0x800060e8 (0x709e7f93) andi    t6, t3, 1801
core   0: 3 0x800060e8 (0x709e7f93) x31 0x00000000
core   0: 0x800060ec (0x00f11f13) slli    t5, sp, 15
core   0: 3 0x800060ec (0x00f11f13) x30 0x3f4f8000
core   0: 0x800060f0 (0x001fda33) srl     s4, t6, ra
core   0: 3 0x800060f0 (0x001fda33) x20 0x00000000
core   0: 0x800060f4 (0x2accfe93) andi    t4, s9, 684
core   0: 3 0x800060f4 (0x2accfe93) x29 0x00000000
core   0: 0x800060f8 (0x000084ee) c.mv    s1, s11
core   0: 3 0x800060f8 (0x84ee) x 9 0x00000000
core   0: 0x800060fa (0x79bd0e13) addi    t3, s10, 1947
core   0: 3 0x800060fa (0x79bd0e13) x28 0xff850419
core   0: 0x800060fe (0x039f12b3) mulh    t0, t5, s9
core   0: 3 0x800060fe (0x039f12b3) x 5 0x00000000
core   0: 0x80006102 (0xc9663a37) lui     s4, 0xc9663
core   0: 3 0x80006102 (0xc9663a37) x20 0xc9663000
core   0: 0x80006106 (0x17d00013) li      zero, 381
core   0: 3 0x80006106 (0x17d00013)
core   0: 0x8000610a (0x00000d0d) c.addi  s10, 3
core   0: 3 0x8000610a (0x0d0d) x26 0xff84fc81
core   0: 0x8000610c (0x00855733) srl     a4, a0, s0
core   0: 3 0x8000610c (0x00855733) x14 0x80012ce4
core   0: 0x80006110 (0x0357aa33) mulhsu  s4, a5, s5
core   0: 3 0x80006110 (0x0357aa33) x20 0x00000000
core   0: 0x80006114 (0x025c87b3) mul     a5, s9, t0
core   0: 3 0x80006114 (0x025c87b3) x15 0x00000000
core   0: 0x80006118 (0x0000717d) c.addi16sp sp, -16
core   0: 3 0x80006118 (0x717d) x 2 0xffc27e8f
core   0: 0x8000611a (0x00000386) c.slli  t2, 1
core   0: 3 0x8000611a (0x0386) x 7 0x00000000
core   0: 0x8000611c (0x00005ffd) c.li    t6, -1
core   0: 3 0x8000611c (0x5ffd) x31 0xffffffff
core   0: 0x8000611e (0x00004225) c.li    tp, 9
core   0: 3 0x8000611e (0x4225) x 4 0x00000009
core   0: 0x80006120 (0x00000001) c.nop
core   0: 3 0x80006120 (0x0001)
core   0: 0x80006122 (0x00000c84) c.addi4spn s1, sp, 592
core   0: 3 0x80006122 (0x0c84) x 9 0xffc280df
core   0: 0x80006124 (0x03dc4db3) div     s11, s8, t4
core   0: 3 0x80006124 (0x03dc4db3) x27 0xffffffff
core   0: 0x80006128 (0x02914033) div     zero, sp, s1
core   0: 3 0x80006128 (0x02914033)
core   0: 0x8000612c (0xcc70c293) xori    t0, ra, -825
core   0: 3 0x8000612c (0xcc70c293) x 5 0xfffff8f8
core   0: 0x80006130 (0x00978d33) add     s10, a5, s1
core   0: 3 0x80006130 (0x00978d33) x26 0xffc280df
core   0: 0x80006134 (0x00c949b3) xor     s3, s2, a2
core   0: 3 0x80006134 (0x00c949b3) x19 0x00000000
core   0: 0x80006138 (0x00008ffd) c.and   a5, a5
core   0: 3 0x80006138 (0x8ffd) x15 0x00000000
core   0: 0x8000613a (0x0048af33) slt     t5, a7, tp
core   0: 3 0x8000613a (0x0048af33) x30 0x00000000
core   0: 0x8000613e (0x036a0db3) mul     s11, s4, s6
core   0: 3 0x8000613e (0x036a0db3) x27 0x00000000
core   0: 0x80006142 (0x03f82eb3) mulhsu  t4, a6, t6
core   0: 3 0x80006142 (0x03f82eb3) x29 0xffffffff
core   0: 0x80006146 (0x0010ffb3) and     t6, ra, ra
core   0: 3 0x80006146 (0x0010ffb3) x31 0x0000043f
core   0: 0x8000614a (0x3b590393) addi    t2, s2, 949
core   0: 3 0x8000614a (0x3b590393) x 7 0x000003b5
core   0: 0x8000614e (0x00000001) c.nop
core   0: 3 0x8000614e (0x0001)
core   0: 0x80006150 (0x00006b69) c.lui   s6, 0x1a
core   0: 3 0x80006150 (0x6b69) x22 0x0001a000
core   0: 0x80006152 (0x00008f45) c.or    a4, s1
core   0: 3 0x80006152 (0x8f45) x14 0xffc3acff
core   0: 0x80006154 (0x00008711) c.srai  a4, 4
core   0: 3 0x80006154 (0x8711) x14 0xfffc3acf
core   0: 0x80006156 (0x032f7e33) remu    t3, t5, s2
core   0: 3 0x80006156 (0x032f7e33) x28 0x00000000
core   0: 0x8000615a (0x01d08fb3) add     t6, ra, t4
core   0: 3 0x8000615a (0x01d08fb3) x31 0x0000043e
core   0: 0x8000615e (0xb0e880b7) lui     ra, 0xb0e88
core   0: 3 0x8000615e (0xb0e880b7) x 1 0xb0e88000
core   0: 0x80006162 (0x014b2e33) slt     t3, s6, s4
core   0: 3 0x80006162 (0x014b2e33) x28 0x00000000
core   0: 0x80006166 (0xd5886d13) ori     s10, a6, -680
core   0: 3 0x80006166 (0xd5886d13) x26 0xffffffff
core   0: 0x8000616a (0x00008d5e) c.mv    s10, s7
core   0: 3 0x8000616a (0x8d5e) x26 0x00000004
core   0: 0x8000616c (0x00b68833) add     a6, a3, a1
core   0: 3 0x8000616c (0x00b68833) x16 0x8000ee63
core   0: 0x80006170 (0x00000001) c.nop
core   0: 3 0x80006170 (0x0001)
core   0: 0x80006172 (0x41add693) srai    a3, s11, 26
core   0: 3 0x80006172 (0x41add693) x13 0x00000000
core   0: 0x80006176 (0x05d4e313) ori     t1, s1, 93
core   0: 3 0x80006176 (0x05d4e313) x 6 0xffc280df
core   0: 0x8000617a (0x00191093) slli    ra, s2, 1
core   0: 3 0x8000617a (0x00191093) x 1 0x00000000
core   0: 0x8000617e (0x00008e05) c.sub   a2, s1
core   0: 3 0x8000617e (0x8e05) x12 0x003d7f21
core   0: 0x80006180 (0x00000001) c.nop
core   0: 3 0x80006180 (0x0001)
core   0: 0x80006182 (0x00000001) c.nop
core   0: 3 0x80006182 (0x0001)
core   0: 0x80006184 (0x02ab4d33) div     s10, s6, a0
core   0: 3 0x80006184 (0x02ab4d33) x26 0x00000000
core   0: 0x80006188 (0x41505033) sra     zero, zero, s5
core   0: 3 0x80006188 (0x41505033)
core   0: 0x8000618c (0x00009932) c.add   s2, a2
core   0: 3 0x8000618c (0x9932) x18 0x003d7f21
core   0: 0x8000618e (0x416edcb3) sra     s9, t4, s6
core   0: 3 0x8000618e (0x416edcb3) x25 0xffffffff
core   0: 0x80006192 (0x01834b33) xor     s6, t1, s8
core   0: 3 0x80006192 (0x01834b33) x22 0x0000fee0
core   0: 0x80006196 (0x021a60b3) rem     ra, s4, ra
core   0: 3 0x80006196 (0x021a60b3) x 1 0x00000000
core   0: 0x8000619a (0x01193233) sltu    tp, s2, a7
core   0: 3 0x8000619a (0x01193233) x 4 0x00000001
core   0: 0x8000619e (0x010411b3) sll     gp, s0, a6
core   0: 3 0x8000619e (0x010411b3) x 3 0x000f0000
core   0: 0x800061a2 (0x027e4d33) div     s10, t3, t2
core   0: 3 0x800061a2 (0x027e4d33) x26 0x00000000
core   0: 0x800061a6 (0x00008f49) c.or    a4, a0
core   0: 3 0x800061a6 (0x8f49) x14 0xfffd3eef
core   0: 0x800061a8 (0x00000ea2) c.slli  t4, 8
core   0: 3 0x800061a8 (0x0ea2) x29 0xffffff00
core   0: 0x800061aa (0x000086d2) c.mv    a3, s4
core   0: 3 0x800061aa (0x86d2) x13 0x00000000
core   0: 0x800061ac (0x0000717d) c.addi16sp sp, -16
core   0: 3 0x800061ac (0x717d) x 2 0xffc27e7f
core   0: 0x800061ae (0x013a27b3) slt     a5, s4, s3
core   0: 3 0x800061ae (0x013a27b3) x15 0x00000000
core   0: 0x800061b2 (0xaae24b93) xori    s7, tp, -1362
core   0: 3 0x800061b2 (0xaae24b93) x23 0xfffffaaf
core   0: 0x800061b6 (0x048c3393) sltiu   t2, s8, 72
core   0: 3 0x800061b6 (0x048c3393) x 7 0x00000000
core   0: 0x800061ba (0x3ab0b913) sltiu   s2, ra, 939
core   0: 3 0x800061ba (0x3ab0b913) x18 0x00000001
core   0: 0x800061be (0x20c34e93) xori    t4, t1, 524
core   0: 3 0x800061be (0x20c34e93) x29 0xffc282d3
core   0: 0x800061c2 (0x00001b18) c.addi4spn a4, sp, 432
core   0: 3 0x800061c2 (0x1b18) x14 0xffc2802f
core   0: 0x800061c4 (0x3ae00793) li      a5, 942
core   0: 3 0x800061c4 (0x3ae00793) x15 0x000003ae
core   0: 0x800061c8 (0x004043b3) xor     t2, zero, tp
core   0: 3 0x800061c8 (0x004043b3) x 7 0x00000001
core   0: 0x800061cc (0x10fda937) lui     s2, 0x10fda
core   0: 3 0x800061cc (0x10fda937) x18 0x10fda000
core   0: 0x800061d0 (0x1ee0eb93) ori     s7, ra, 494
core   0: 3 0x800061d0 (0x1ee0eb93) x23 0x000001ee
core   0: 0x800061d4 (0x029bcdb3) div     s11, s7, s1
core   0: 3 0x800061d4 (0x029bcdb3) x27 0x00000000
core   0: 0x800061d8 (0x5c2be113) ori     sp, s7, 1474
core   0: 3 0x800061d8 (0x5c2be113) x 2 0x000005ee
core   0: 0x800061dc (0x02f72bb3) mulhsu  s7, a4, a5
core   0: 3 0x800061dc (0x02f72bb3) x23 0xffffffff
core   0: 0x800061e0 (0x000046b9) c.li    a3, 14
core   0: 3 0x800061e0 (0x46b9) x13 0x0000000e
core   0: 0x800061e2 (0x00008c01) c.sub   s0, s0
core   0: 3 0x800061e2 (0x8c01) x 8 0x00000000
core   0: 0x800061e4 (0x00b64db3) xor     s11, a2, a1
core   0: 3 0x800061e4 (0x00b64db3) x27 0x803d9145
core   0: 0x800061e8 (0x00000b10) c.addi4spn a2, sp, 400
core   0: 3 0x800061e8 (0x0b10) x12 0x0000077e
core   0: 0x800061ea (0x5e3eb613) sltiu   a2, t4, 1507
core   0: 3 0x800061ea (0x5e3eb613) x12 0x00000000
core   0: 0x800061ee (0x9ee06913) ori     s2, zero, -1554
core   0: 3 0x800061ee (0x9ee06913) x18 0xfffff9ee
core   0: 0x800061f2 (0x00008fa9) c.xor   a5, a0
core   0: 3 0x800061f2 (0x8fa9) x15 0x80012f4a
core   0: 0x800061f4 (0x028f4933) div     s2, t5, s0
core   0: 3 0x800061f4 (0x028f4933) x18 0xffffffff
core   0: 0x800061f8 (0x03d16033) rem     zero, sp, t4
core   0: 3 0x800061f8 (0x03d16033)
core   0: 0x800061fc (0xfd4d3893) sltiu   a7, s10, -44
core   0: 3 0x800061fc (0xfd4d3893) x17 0x00000001
core   0: 0x80006200 (0xf614eb17) auipc   s6, 0xf614e
core   0: 3 0x80006200 (0xf614eb17) x22 0x76154200
core   0: 0x80006204 (0x00008f15) c.sub   a4, a3
core   0: 3 0x80006204 (0x8f15) x14 0xffc28021
core   0: 0x80006206 (0x40420e33) sub     t3, tp, tp
core   0: 3 0x80006206 (0x40420e33) x28 0x00000000
core   0: 0x8000620a (0x00000001) c.nop
core   0: 3 0x8000620a (0x0001)
core   0: 0x8000620c (0x000009ad) c.addi  s3, 11
core   0: 3 0x8000620c (0x09ad) x19 0x0000000b
core   0: 0x8000620e (0x0106c0b3) xor     ra, a3, a6
core   0: 3 0x8000620e (0x0106c0b3) x 1 0x8000ee6d
core   0: 0x80006212 (0x00dc26b3) slt     a3, s8, a3
core   0: 3 0x80006212 (0x00dc26b3) x13 0x00000001
core   0: 0x80006216 (0xbb1c7913) andi    s2, s8, -1103
core   0: 3 0x80006216 (0xbb1c7913) x18 0xffc27a31
core   0: 0x8000621a (0x41a35493) srai    s1, t1, 26
core   0: 3 0x8000621a (0x41a35493) x 9 0xffffffff
core   0: 0x8000621e (0x40928633) sub     a2, t0, s1
core   0: 3 0x8000621e (0x40928633) x12 0xfffff8f9
core   0: 0x80006222 (0x00009362) c.add   t1, s8
core   0: 3 0x80006222 (0x9362) x 6 0xff84ff1e
core   0: 0x80006224 (0x00009b7d) c.andi  a4, -1
core   0: 3 0x80006224 (0x9b7d) x14 0xffc28021
core   0: 0x80006226 (0x0196e2b3) or      t0, a3, s9
core   0: 3 0x80006226 (0x0196e2b3) x 5 0xffffffff
core   0: 0x8000622a (0x00008fd9) c.or    a5, a4
core   0: 3 0x8000622a (0x8fd9) x15 0xffc3af6b
core   0: 0x8000622c (0x0124a8b3) slt     a7, s1, s2
core   0: 3 0x8000622c (0x0124a8b3) x17 0x00000000
core   0: 0x80006230 (0x00008b26) c.mv    s6, s1
core   0: 3 0x80006230 (0x8b26) x22 0xffffffff
core   0: 0x80006232 (0x00008371) c.srli  a4, 28
core   0: 3 0x80006232 (0x8371) x14 0x0000000f
core   0: 0x80006234 (0x03348833) mul     a6, s1, s3
core   0: 3 0x80006234 (0x03348833) x16 0xfffffff5
core   0: 0x80006238 (0x00008f01) c.sub   a4, s0
core   0: 3 0x80006238 (0x8f01) x14 0x0000000f
core   0: 0x8000623a (0x01325733) srl     a4, tp, s3
core   0: 3 0x8000623a (0x01325733) x14 0x00000000
core   0: 0x8000623e (0x0000863a) c.mv    a2, a4
core   0: 3 0x8000623e (0x863a) x12 0x00000000
core   0: 0x80006240 (0x01ab1133) sll     sp, s6, s10
core   0: 3 0x80006240 (0x01ab1133) x 2 0xffffffff
core   0: 0x80006244 (0x940d0113) addi    sp, s10, -1728
core   0: 3 0x80006244 (0x940d0113) x 2 0xfffff940
core   0: 0x80006248 (0xc48eb113) sltiu   sp, t4, -952
core   0: 3 0x80006248 (0xc48eb113) x 2 0x00000001
core   0: 0x8000624c (0x000099ba) c.add   s3, a4
core   0: 3 0x8000624c (0x99ba) x19 0x0000000b
core   0: 0x8000624e (0x003b1793) slli    a5, s6, 3
core   0: 3 0x8000624e (0x003b1793) x15 0xfffffff8
core   0: 0x80006252 (0x00008e89) c.sub   a3, a0
core   0: 3 0x80006252 (0x8e89) x13 0x7ffed31d
core   0: 0x80006254 (0xf04eb713) sltiu   a4, t4, -252
core   0: 3 0x80006254 (0xf04eb713) x14 0x00000001
core   0: 0x80006258 (0x00008361) c.srli  a4, 24
core   0: 3 0x80006258 (0x8361) x14 0x00000000
core   0: 0x8000625a (0x000097be) c.add   a5, a5
core   0: 3 0x8000625a (0x97be) x15 0xfffffff0
core   0: 0x8000625c (0x00000398) c.addi4spn a4, sp, 448
core   0: 3 0x8000625c (0x0398) x14 0x000001c1
core   0: 0x8000625e (0x00000001) c.nop
core   0: 3 0x8000625e (0x0001)
core   0: 0x80006260 (0x009f56b3) srl     a3, t5, s1
core   0: 3 0x80006260 (0x009f56b3) x13 0x00000000
core   0: 0x80006264 (0x01881093) slli    ra, a6, 24
core   0: 3 0x80006264 (0x01881093) x 1 0xf5000000
core   0: 0x80006268 (0x406b0e33) sub     t3, s6, t1
core   0: 3 0x80006268 (0x406b0e33) x28 0x007b00e1
core   0: 0x8000626c (0x01eb5933) srl     s2, s6, t5
core   0: 3 0x8000626c (0x01eb5933) x18 0xffffffff
core   0: 0x80006270 (0x6e932313) slti    t1, t1, 1769
core   0: 3 0x80006270 (0x6e932313) x 6 0x00000001
core   0: 0x80006274 (0x000083e1) c.srli  a5, 24
core   0: 3 0x80006274 (0x83e1) x15 0x000000ff
core   0: 0x80006276 (0x03d48e33) mul     t3, s1, t4
core   0: 3 0x80006276 (0x03d48e33) x28 0x003d7d2d
core   0: 0x8000627a (0x419d8233) sub     tp, s11, s9
core   0: 3 0x8000627a (0x419d8233) x 4 0x803d9146
core   0: 0x8000627e (0x00259633) sll     a2, a1, sp
core   0: 3 0x8000627e (0x00259633) x12 0x0001dcc8
core   0: 0x80006282 (0x08ce7d93) andi    s11, t3, 140
core   0: 3 0x80006282 (0x08ce7d93) x27 0x0000000c
core   0: 0x80006286 (0x00008f3d) c.xor   a4, a5
core   0: 3 0x80006286 (0x8f3d) x14 0x0000013e
core   0: 0x80006288 (0x00008f31) c.xor   a4, a2
core   0: 3 0x80006288 (0x8f31) x14 0x0001ddf6
core   0: 0x8000628a (0x0000890a) c.mv    s2, sp
core   0: 3 0x8000628a (0x890a) x18 0x00000001
core   0: 0x8000628c (0x0000836d) c.srli  a4, 27
core   0: 3 0x8000628c (0x836d) x14 0x00000000
core   0: 0x8000628e (0x000093e2) c.add   t2, s8
core   0: 3 0x8000628e (0x93e2) x 7 0xffc27e40
core   0: 0x80006290 (0x00654d33) xor     s10, a0, t1
core   0: 3 0x80006290 (0x00654d33) x26 0x80012ce5
core   0: 0x80006294 (0x9ec6c713) xori    a4, a3, -1556
core   0: 3 0x80006294 (0x9ec6c713) x14 0xfffff9ec
core   0: 0x80006298 (0x00008785) c.srai  a5, 1
core   0: 3 0x80006298 (0x8785) x15 0x0000007f
core   0: 0x8000629a (0x01414e33) xor     t3, sp, s4
core   0: 3 0x8000629a (0x01414e33) x28 0x00000001
core   0: 0x8000629e (0x00008ce5) c.and   s1, s1
core   0: 3 0x8000629e (0x8ce5) x 9 0xffffffff
core   0: 0x800062a0 (0x00008cbd) c.xor   s1, a5
core   0: 3 0x800062a0 (0x8cbd) x 9 0xffffff80
core   0: 0x800062a2 (0x00000718) c.addi4spn a4, sp, 896
core   0: 3 0x800062a2 (0x0718) x14 0x00000381
core   0: 0x800062a4 (0x75c70e93) addi    t4, a4, 1884
core   0: 3 0x800062a4 (0x75c70e93) x29 0x00000add
core   0: 0x800062a8 (0x02e2ba33) mulhu   s4, t0, a4
core   0: 3 0x800062a8 (0x02e2ba33) x20 0x00000380
core   0: 0x800062ac (0x0e1ae013) ori     zero, s5, 225
core   0: 3 0x800062ac (0x0e1ae013)
core   0: 0x800062b0 (0x00008f75) c.and   a4, a3
core   0: 3 0x800062b0 (0x8f75) x14 0x00000000
core   0: 0x800062b2 (0x00008322) c.mv    t1, s0
core   0: 3 0x800062b2 (0x8322) x 6 0x00000000
core   0: 0x800062b4 (0x01257a33) and     s4, a0, s2
core   0: 3 0x800062b4 (0x01257a33) x20 0x00000000
core   0: 0x800062b8 (0x00008fc9) c.or    a5, a0
core   0: 3 0x800062b8 (0x8fc9) x15 0x80012cff
core   0: 0x800062ba (0xe6f588b7) lui     a7, 0xe6f58
core   0: 3 0x800062ba (0xe6f588b7) x17 0xe6f58000
core   0: 0x800062be (0x2a770f93) addi    t6, a4, 679
core   0: 3 0x800062be (0x2a770f93) x31 0x000002a7
core   0: 0x800062c2 (0x00e82433) slt     s0, a6, a4
core   0: 3 0x800062c2 (0x00e82433) x 8 0x00000001
core   0: 0x800062c6 (0x41fe0133) sub     sp, t3, t6
core   0: 3 0x800062c6 (0x41fe0133) x 2 0xfffffd5a
core   0: 0x800062ca (0x01e0aeb3) slt     t4, ra, t5
core   0: 3 0x800062ca (0x01e0aeb3) x29 0x00000001
core   0: 0x800062ce (0x978e5db7) lui     s11, 0x978e5
core   0: 3 0x800062ce (0x978e5db7) x27 0x978e5000
core   0: 0x800062d2 (0x2d204d13) xori    s10, zero, 722
core   0: 3 0x800062d2 (0x2d204d13) x26 0x000002d2
core   0: 0x800062d6 (0x00179fb3) sll     t6, a5, ra
core   0: 3 0x800062d6 (0x00179fb3) x31 0x80012cff
core   0: 0x800062da (0x7cd9aab7) lui     s5, 0x7cd9a
core   0: 3 0x800062da (0x7cd9aab7) x21 0x7cd9a000
core   0: 0x800062de (0x01ca0433) add     s0, s4, t3
core   0: 3 0x800062de (0x01ca0433) x 8 0x00000001
core   0: 0x800062e2 (0x00009446) c.add   s0, a7
core   0: 3 0x800062e2 (0x9446) x 8 0xe6f58001
core   0: 0x800062e4 (0x03e6e833) rem     a6, a3, t5
core   0: 3 0x800062e4 (0x03e6e833) x16 0x00000000
core   0: 0x800062e8 (0x00008c21) c.xor   s0, s0
core   0: 3 0x800062e8 (0x8c21) x 8 0x00000000
core   0: 0x800062ea (0x00008f09) c.sub   a4, a0
core   0: 3 0x800062ea (0x8f09) x14 0x7ffed31c
core   0: 0x800062ec (0x914ef413) andi    s0, t4, -1772
core   0: 3 0x800062ec (0x914ef413) x 8 0x00000000
core   0: 0x800062f0 (0x005421b3) slt     gp, s0, t0
core   0: 3 0x800062f0 (0x005421b3) x 3 0x00000000
core   0: 0x800062f4 (0x598ca437) lui     s0, 0x598ca
core   0: 3 0x800062f4 (0x598ca437) x 8 0x598ca000
core   0: 0x800062f8 (0x400908b3) sub     a7, s2, zero
core   0: 3 0x800062f8 (0x400908b3) x17 0x00000001
core   0: 0x800062fc (0x00000001) c.nop
core   0: 3 0x800062fc (0x0001)
core   0: 0x800062fe (0x03d7a133) mulhsu  sp, a5, t4
core   0: 3 0x800062fe (0x03d7a133) x 2 0xffffffff
core   0: 0x80006302 (0x0048db93) srli    s7, a7, 4
core   0: 3 0x80006302 (0x0048db93) x23 0x00000000
core   0: 0x80006306 (0x01e4cd33) xor     s10, s1, t5
core   0: 3 0x80006306 (0x01e4cd33) x26 0xffffff80
core   0: 0x8000630a (0x00008e85) c.sub   a3, s1
core   0: 3 0x8000630a (0x8e85) x13 0x00000080
core   0: 0x8000630c (0x00733cb3) sltu    s9, t1, t2
core   0: 3 0x8000630c (0x00733cb3) x25 0x00000001
core   0: 0x80006310 (0x0000177d) c.addi  a4, -1
core   0: 3 0x80006310 (0x177d) x14 0x7ffed31b
core   0: 0x80006312 (0x0168bdb3) sltu    s11, a7, s6
core   0: 3 0x80006312 (0x0168bdb3) x27 0x00000001
core   0: 0x80006316 (0x00006109) c.addi16sp sp, 128
core   0: 3 0x80006316 (0x6109) x 2 0x0000007f
core   0: 0x80006318 (0x4188d933) sra     s2, a7, s8
core   0: 3 0x80006318 (0x4188d933) x18 0x00000000
core   0: 0x8000631c (0xec86ad93) slti    s11, a3, -312
core   0: 3 0x8000631c (0xec86ad93) x27 0x00000000
core   0: 0x80006320 (0x00008cf9) c.and   s1, a4
core   0: 3 0x80006320 (0x8cf9) x 9 0x7ffed300
core   0: 0x80006322 (0x015c6d33) or      s10, s8, s5
core   0: 3 0x80006322 (0x015c6d33) x26 0xffdbfe3f
core   0: 0x80006326 (0x00eaaeb3) slt     t4, s5, a4
core   0: 3 0x80006326 (0x00eaaeb3) x29 0x00000001
core   0: 0x8000632a (0x00008f19) c.sub   a4, a4
core   0: 3 0x8000632a (0x8f19) x14 0x00000000
core   0: 0x8000632c (0x000080d9) c.srli  s1, 22
core   0: 3 0x8000632c (0x80d9) x 9 0x000001ff
core   0: 0x8000632e (0x018b1093) slli    ra, s6, 24
core   0: 3 0x8000632e (0x018b1093) x 1 0xff000000
core   0: 0x80006332 (0x6eed0713) addi    a4, s10, 1774
core   0: 3 0x80006332 (0x6eed0713) x14 0xffdc052d
core   0: 0x80006336 (0x000184b3) add     s1, gp, zero
core   0: 3 0x80006336 (0x000184b3) x 9 0x00000000
core   0: 0x8000633a (0x02206f33) rem     t5, zero, sp
core   0: 3 0x8000633a (0x02206f33) x30 0x00000000
core   0: 0x8000633e (0x00beae33) slt     t3, t4, a1
core   0: 3 0x8000633e (0x00beae33) x28 0x00000000
core   0: 0x80006342 (0x9fad0093) addi    ra, s10, -1542
core   0: 3 0x80006342 (0x9fad0093) x 1 0xffdbf839
core   0: 0x80006346 (0x00008e7d) c.and   a2, a5
core   0: 3 0x80006346 (0x8e7d) x12 0x00010cc8
core   0: 0x80006348 (0x00af8633) add     a2, t6, a0
core   0: 3 0x80006348 (0x00af8633) x12 0x000259e3
core   0: 0x8000634c (0x0129ddb3) srl     s11, s3, s2
core   0: 3 0x8000634c (0x0129ddb3) x27 0x0000000b
core   0: 0x80006350 (0x001658b3) srl     a7, a2, ra
core   0: 3 0x80006350 (0x001658b3) x17 0x00000000
core   0: 0x80006354 (0x01cf9333) sll     t1, t6, t3
core   0: 3 0x80006354 (0x01cf9333) x 6 0x80012cff
core   0: 0x80006358 (0x01281e93) slli    t4, a6, 18
core   0: 3 0x80006358 (0x01281e93) x29 0x00000000
core   0: 0x8000635c (0x02388133) mul     sp, a7, gp
core   0: 3 0x8000635c (0x02388133) x 2 0x00000000
core   0: 0x80006360 (0x00005dfd) c.li    s11, -1
core   0: 3 0x80006360 (0x5dfd) x27 0xffffffff
core   0: 0x80006362 (0x010d9693) slli    a3, s11, 16
core   0: 3 0x80006362 (0x010d9693) x13 0xffff0000
core   0: 0x80006366 (0x0263e8b3) rem     a7, t2, t1
core   0: 3 0x80006366 (0x0263e8b3) x17 0xffc27e40
core   0: 0x8000636a (0x00000001) c.nop
core   0: 3 0x8000636a (0x0001)
core   0: 0x8000636c (0x00006ef5) c.lui   t4, 0x1d
core   0: 3 0x8000636c (0x6ef5) x29 0x0001d000
core   0: 0x8000636e (0x39da6713) ori     a4, s4, 925
core   0: 3 0x8000636e (0x39da6713) x14 0x0000039d
core   0: 0x80006372 (0x03511133) mulh    sp, sp, s5
core   0: 3 0x80006372 (0x03511133) x 2 0x00000000
core   0: 0x80006376 (0x000099a6) c.add   s3, s1
core   0: 3 0x80006376 (0x99a6) x19 0x0000000b
core   0: 0x80006378 (0x03005d33) divu    s10, zero, a6
core   0: 3 0x80006378 (0x03005d33) x26 0xffffffff
core   0: 0x8000637c (0x000094ea) c.add   s1, s10
core   0: 3 0x8000637c (0x94ea) x 9 0xffffffff
core   0: 0x8000637e (0x0207b2b3) mulhu   t0, a5, zero
core   0: 3 0x8000637e (0x0207b2b3) x 5 0x00000000
core   0: 0x80006382 (0xd0f92793) slti    a5, s2, -753
core   0: 3 0x80006382 (0xd0f92793) x15 0x00000000
core   0: 0x80006386 (0xb367b793) sltiu   a5, a5, -1226
core   0: 3 0x80006386 (0xb367b793) x15 0x00000001
core   0: 0x8000638a (0x018eecb3) or      s9, t4, s8
core   0: 3 0x8000638a (0x018eecb3) x25 0xffc3fe3f
core   0: 0x8000638e (0x01fad213) srli    tp, s5, 31
core   0: 3 0x8000638e (0x01fad213) x 4 0x00000000
core   0: 0x80006392 (0x000007a1) c.addi  a5, 8
core   0: 3 0x80006392 (0x07a1) x15 0x00000009
core   0: 0x80006394 (0x000050fd) c.li    ra, -1
core   0: 3 0x80006394 (0x50fd) x 1 0xffffffff
core   0: 0x80006396 (0xb7d36393) ori     t2, t1, -1155
core   0: 3 0x80006396 (0xb7d36393) x 7 0xffffffff
core   0: 0x8000639a (0x029bedb3) rem     s11, s7, s1
core   0: 3 0x8000639a (0x029bedb3) x27 0x00000000
core   0: 0x8000639e (0x00008ce1) c.and   s1, s0
core   0: 3 0x8000639e (0x8ce1) x 9 0x598ca000
core   0: 0x800063a0 (0x01aa2833) slt     a6, s4, s10
core   0: 3 0x800063a0 (0x01aa2833) x16 0x00000000
core   0: 0x800063a4 (0x19a40d93) addi    s11, s0, 410
core   0: 3 0x800063a4 (0x19a40d93) x27 0x598ca19a
core   0: 0x800063a8 (0x00008f0d) c.sub   a4, a1
core   0: 3 0x800063a8 (0x8f0d) x14 0x7fff1539
core   0: 0x800063aa (0x02fda8b3) mulhsu  a7, s11, a5
core   0: 3 0x800063aa (0x02fda8b3) x17 0x00000003
core   0: 0x800063ae (0x00001b9c) c.addi4spn a5, sp, 496
core   0: 3 0x800063ae (0x1b9c) x15 0x000001f0
core   0: 0x800063b0 (0x00008ce5) c.and   s1, s1
core   0: 3 0x800063b0 (0x8ce5) x 9 0x598ca000
core   0: 0x800063b2 (0x000087e5) c.srai  a5, 25
core   0: 3 0x800063b2 (0x87e5) x15 0x00000000
core   0: 0x800063b4 (0xee02fe13) andi    t3, t0, -288
core   0: 3 0x800063b4 (0xee02fe13) x28 0x00000000
core   0: 0x800063b8 (0x12a52413) slti    s0, a0, 298
core   0: 3 0x800063b8 (0x12a52413) x 8 0x00000001
core   0: 0x800063bc (0x00008c65) c.and   s0, s1
core   0: 3 0x800063bc (0x8c65) x 8 0x00000000
core   0: 0x800063be (0x00009bc2) c.add   s7, a6
core   0: 3 0x800063be (0x9bc2) x23 0x00000000
core   0: 0x800063c0 (0x00000304) c.addi4spn s1, sp, 384
core   0: 3 0x800063c0 (0x0304) x 9 0x00000180
core   0: 0x800063c2 (0x03f5f733) remu    a4, a1, t6
core   0: 3 0x800063c2 (0x03f5f733) x14 0x8000ee64
core   0: 0x800063c6 (0x51587193) andi    gp, a6, 1301
core   0: 3 0x800063c6 (0x51587193) x 3 0x00000000
core   0: 0x800063ca (0x905fe713) ori     a4, t6, -1787
core   0: 3 0x800063ca (0x905fe713) x14 0xfffffdff
core   0: 0x800063ce (0x00008791) c.srai  a5, 4
core   0: 3 0x800063ce (0x8791) x15 0x00000000
core   0: 0x800063d0 (0x030ba733) mulhsu  a4, s7, a6
core   0: 3 0x800063d0 (0x030ba733) x14 0x00000000
core   0: 0x800063d4 (0x00001184) c.addi4spn s1, sp, 224
core   0: 3 0x800063d4 (0x1184) x 9 0x000000e0
core   0: 0x800063d6 (0x033f7633) remu    a2, t5, s3
core   0: 3 0x800063d6 (0x033f7633) x12 0x00000000
core   0: 0x800063da (0x01645093) srli    ra, s0, 22
core   0: 3 0x800063da (0x01645093) x 1 0x00000000
core   0: 0x800063de (0x0370d433) divu    s0, ra, s7
core   0: 3 0x800063de (0x0370d433) x 8 0xffffffff
core   0: 0x800063e2 (0x742a8997) auipc   s3, 0x742a8
core   0: 3 0x800063e2 (0x742a8997) x19 0xf42ae3e2
core   0: 0x800063e6 (0x00008bb5) c.andi  a5, 13
core   0: 3 0x800063e6 (0x8bb5) x15 0x00000000
core   0: 0x800063e8 (0x5dc64a13) xori    s4, a2, 1500
core   0: 3 0x800063e8 (0x5dc64a13) x20 0x000005dc
core   0: 0x800063ec (0x0373eab3) rem     s5, t2, s7
core   0: 3 0x800063ec (0x0373eab3) x21 0xffffffff
core   0: 0x800063f0 (0x00930db3) add     s11, t1, s1
core   0: 3 0x800063f0 (0x00930db3) x27 0x80012ddf
core   0: 0x800063f4 (0x40b18633) sub     a2, gp, a1
core   0: 3 0x800063f4 (0x40b18633) x12 0x7fff119c
core   0: 0x800063f8 (0x016ecf33) xor     t5, t4, s6
core   0: 3 0x800063f8 (0x016ecf33) x30 0xfffe2fff
core   0: 0x800063fc (0x0000836d) c.srli  a4, 27
core   0: 3 0x800063fc (0x836d) x14 0x00000000
core   0: 0x800063fe (0x00004fb9) c.li    t6, 14
core   0: 3 0x800063fe (0x4fb9) x31 0x0000000e
core   0: 0x80006400 (0x0373f133) remu    sp, t2, s7
core   0: 3 0x80006400 (0x0373f133) x 2 0xffffffff
core   0: 0x80006404 (0x03707f33) remu    t5, zero, s7
core   0: 3 0x80006404 (0x03707f33) x30 0x00000000
core   0: 0x80006408 (0xdd3e3713) sltiu   a4, t3, -557
core   0: 3 0x80006408 (0xdd3e3713) x14 0x00000001
core   0: 0x8000640c (0x00009af2) c.add   s5, t3
core   0: 3 0x8000640c (0x9af2) x21 0xffffffff
core   0: 0x8000640e (0x02dddcb3) divu    s9, s11, a3
core   0: 3 0x8000640e (0x02dddcb3) x25 0x00000000
core   0: 0x80006412 (0x01c73833) sltu    a6, a4, t3
core   0: 3 0x80006412 (0x01c73833) x16 0x00000000
core   0: 0x80006416 (0xa3106d93) ori     s11, zero, -1487
core   0: 3 0x80006416 (0xa3106d93) x27 0xfffffa31
core   0: 0x8000641a (0x00008f1d) c.sub   a4, a5
core   0: 3 0x8000641a (0x8f1d) x14 0x00000001
core   0: 0x8000641c (0x01a883b3) add     t2, a7, s10
core   0: 3 0x8000641c (0x01a883b3) x 7 0x00000002
core   0: 0x80006420 (0x0000613d) c.addi16sp sp, 480
core   0: 3 0x80006420 (0x613d) x 2 0x000001df
core   0: 0x80006422 (0x00008c65) c.and   s0, s1
core   0: 3 0x80006422 (0x8c65) x 8 0x000000e0
core   0: 0x80006424 (0x01f5e333) or      t1, a1, t6
core   0: 3 0x80006424 (0x01f5e333) x 6 0x8000ee6e
core   0: 0x80006428 (0x00afbdb3) sltu    s11, t6, a0
core   0: 3 0x80006428 (0x00afbdb3) x27 0x00000001
core   0: 0x8000642c (0x02fb1b33) mulh    s6, s6, a5
core   0: 3 0x8000642c (0x02fb1b33) x22 0x00000000
core   0: 0x80006430 (0x41de5d33) sra     s10, t3, t4
core   0: 3 0x80006430 (0x41de5d33) x26 0x00000000
core   0: 0x80006434 (0x01617733) and     a4, sp, s6
core   0: 3 0x80006434 (0x01617733) x14 0x00000000
core   0: 0x80006438 (0x000052fd) c.li    t0, -1
core   0: 3 0x80006438 (0x52fd) x 5 0xffffffff
core   0: 0x8000643a (0x00008f19) c.sub   a4, a4
core   0: 3 0x8000643a (0x8f19) x14 0x00000000
core   0: 0x8000643c (0x41c78733) sub     a4, a5, t3
core   0: 3 0x8000643c (0x41c78733) x14 0x00000000
core   0: 0x80006440 (0x00000cee) c.slli  s9, 27
core   0: 3 0x80006440 (0x0cee) x25 0x00000000
core   0: 0x80006442 (0xe20ef217) auipc   tp, 0xe20ef
core   0: 3 0x80006442 (0xe20ef217) x 4 0x620f5442
core   0: 0x80006446 (0x02fb3233) mulhu   tp, s6, a5
core   0: 3 0x80006446 (0x02fb3233) x 4 0x00000000
core   0: 0x8000644a (0x00f09f13) slli    t5, ra, 15
core   0: 3 0x8000644a (0x00f09f13) x30 0x00000000
core   0: 0x8000644e (0x2b708c93) addi    s9, ra, 695
core   0: 3 0x8000644e (0x2b708c93) x25 0x000002b7
core   0: 0x80006452 (0x01f91d13) slli    s10, s2, 31
core   0: 3 0x80006452 (0x01f91d13) x26 0x00000000
core   0: 0x80006456 (0x41305cb3) sra     s9, zero, s3
core   0: 3 0x80006456 (0x41305cb3) x25 0x00000000
core   0: 0x8000645a (0x00008c79) c.and   s0, a4
core   0: 3 0x8000645a (0x8c79) x 8 0x00000000
core   0: 0x8000645c (0x01965913) srli    s2, a2, 25
core   0: 3 0x8000645c (0x01965913) x18 0x0000003f
core   0: 0x80006460 (0x00008462) c.mv    s0, s8
core   0: 3 0x80006460 (0x8462) x 8 0xffc27e3f
core   0: 0x80006462 (0x02570733) mul     a4, a4, t0
core   0: 3 0x80006462 (0x02570733) x14 0x00000000
core   0: 0x80006466 (0x03817933) remu    s2, sp, s8
core   0: 3 0x80006466 (0x03817933) x18 0x000001df
core   0: 0x8000646a (0x03af2733) mulhsu  a4, t5, s10
core   0: 3 0x8000646a (0x03af2733) x14 0x00000000
core   0: 0x8000646e (0x03333833) mulhu   a6, t1, s3
core   0: 3 0x8000646e (0x03333833) x16 0x7a165559
core   0: 0x80006472 (0x2df2ab93) slti    s7, t0, 735
core   0: 3 0x80006472 (0x2df2ab93) x23 0x00000001
core   0: 0x80006476 (0x017a0e33) add     t3, s4, s7
core   0: 3 0x80006476 (0x017a0e33) x28 0x000005dd
core   0: 0x8000647a (0x8d867f93) andi    t6, a2, -1832
core   0: 3 0x8000647a (0x8d867f93) x31 0x7fff1098
core   0: 0x8000647e (0x00008ccd) c.or    s1, a1
core   0: 3 0x8000647e (0x8ccd) x 9 0x8000eee4
core   0: 0x80006480 (0x00001504) c.addi4spn s1, sp, 672
core   0: 3 0x80006480 (0x1504) x 9 0x0000047f
core   0: 0x80006482 (0x0000717d) c.addi16sp sp, -16
core   0: 3 0x80006482 (0x717d) x 2 0x000001cf
core   0: 0x80006484 (0x7b7b9c97) auipc   s9, 0x7b7b9
core   0: 3 0x80006484 (0x7b7b9c97) x25 0xfb7bf484
core   0: 0x80006488 (0x41fb02b3) sub     t0, s6, t6
core   0: 3 0x80006488 (0x41fb02b3) x 5 0x8000ef68
core   0: 0x8000648c (0x03944833) div     a6, s0, s9
core   0: 3 0x8000648c (0x03944833) x16 0x00000000
core   0: 0x80006490 (0x01b39bb3) sll     s7, t2, s11
core   0: 3 0x80006490 (0x01b39bb3) x23 0x00000004
core   0: 0x80006494 (0x000007a6) c.slli  a5, 9
core   0: 3 0x80006494 (0x07a6) x15 0x00000000
core   0: 0x80006496 (0x00f3b333) sltu    t1, t2, a5
core   0: 3 0x80006496 (0x00f3b333) x 6 0x00000000
core   0: 0x8000649a (0x01a736b3) sltu    a3, a4, s10
core   0: 3 0x8000649a (0x01a736b3) x13 0x00000000
core   0: 0x8000649e (0x00008439) c.srai  s0, 14
core   0: 3 0x8000649e (0x8439) x 8 0xffffff09
core   0: 0x800064a0 (0x00008fd9) c.or    a5, a4
core   0: 3 0x800064a0 (0x8fd9) x15 0x00000000
core   0: 0x800064a2 (0x41558db3) sub     s11, a1, s5
core   0: 3 0x800064a2 (0x41558db3) x27 0x8000ee65
core   0: 0x800064a6 (0x00b969b3) or      s3, s2, a1
core   0: 3 0x800064a6 (0x00b969b3) x19 0x8000efff
core   0: 0x800064aa (0x02e141b3) div     gp, sp, a4
core   0: 3 0x800064aa (0x02e141b3) x 3 0xffffffff
core   0: 0x800064ae (0x0065ba33) sltu    s4, a1, t1
core   0: 3 0x800064ae (0x0065ba33) x20 0x00000000
core   0: 0x800064b2 (0x00008eb5) c.xor   a3, a3
core   0: 3 0x800064b2 (0x8eb5) x13 0x00000000
core   0: 0x800064b4 (0x01683e33) sltu    t3, a6, s6
core   0: 3 0x800064b4 (0x01683e33) x28 0x00000000
core   0: 0x800064b8 (0xb0213413) sltiu   s0, sp, -1278
core   0: 3 0x800064b8 (0xb0213413) x 8 0x00000001
core   0: 0x800064bc (0x03907433) remu    s0, zero, s9
core   0: 3 0x800064bc (0x03907433) x 8 0x00000000
core   0: 0x800064c0 (0x00008055) c.srli  s0, 21
core   0: 3 0x800064c0 (0x8055) x 8 0x00000000
core   0: 0x800064c2 (0x000000e6) c.slli  ra, 25
core   0: 3 0x800064c2 (0x00e6) x 1 0x00000000
core   0: 0x800064c4 (0x000040c5) c.li    ra, 17
core   0: 3 0x800064c4 (0x40c5) x 1 0x00000011
core   0: 0x800064c6 (0x7cdefe93) andi    t4, t4, 1997
core   0: 3 0x800064c6 (0x7cdefe93) x29 0x00000000
core   0: 0x800064ca (0x1c944a13) xori    s4, s0, 457
core   0: 3 0x800064ca (0x1c944a13) x20 0x000001c9
core   0: 0x800064ce (0x076d83b7) lui     t2, 0x76d8
core   0: 3 0x800064ce (0x076d83b7) x 7 0x076d8000
core   0: 0x800064d2 (0x00000001) c.nop
core   0: 3 0x800064d2 (0x0001)
core   0: 0x800064d4 (0xad4fcc93) xori    s9, t6, -1324
core   0: 3 0x800064d4 (0xad4fcc93) x25 0x8000ea4c
core   0: 0x800064d8 (0x00e50633) add     a2, a0, a4
core   0: 3 0x800064d8 (0x00e50633) x12 0x80012ce4
core   0: 0x800064dc (0x0148f2b3) and     t0, a7, s4
core   0: 3 0x800064dc (0x0148f2b3) x 5 0x00000001
core   0: 0x800064e0 (0x00006179) c.addi16sp sp, 464
core   0: 3 0x800064e0 (0x6179) x 2 0x0000039f
core   0: 0x800064e2 (0x40798133) sub     sp, s3, t2
core   0: 3 0x800064e2 (0x40798133) x 2 0x78936fff
core   0: 0x800064e6 (0x01e51193) slli    gp, a0, 30
core   0: 3 0x800064e6 (0x01e51193) x 3 0x00000000
core   0: 0x800064ea (0xc399d1b7) lui     gp, 0xc399d
core   0: 3 0x800064ea (0xc399d1b7) x 3 0xc399d000
core   0: 0x800064ee (0x02fc7733) remu    a4, s8, a5
core   0: 3 0x800064ee (0x02fc7733) x14 0xffc27e3f
core   0: 0x800064f2 (0x0000717d) c.addi16sp sp, -16
core   0: 3 0x800064f2 (0x717d) x 2 0x78936fef
core   0: 0x800064f4 (0x03dc2fb3) mulhsu  t6, s8, t4
core   0: 3 0x800064f4 (0x03dc2fb3) x31 0x00000000
core   0: 0x800064f8 (0x010cbe33) sltu    t3, s9, a6
core   0: 3 0x800064f8 (0x010cbe33) x28 0x00000000
core   0: 0x800064fc (0x000019fd) c.addi  s3, -1
core   0: 3 0x800064fc (0x19fd) x19 0x8000effe
core   0: 0x800064fe (0x00000e10) c.addi4spn a2, sp, 784
core   0: 3 0x800064fe (0x0e10) x12 0x789372ff
core   0: 0x80006500 (0x023bb333) mulhu   t1, s7, gp
core   0: 3 0x80006500 (0x023bb333) x 6 0x00000003
core   0: 0x80006504 (0x8a1ec713) xori    a4, t4, -1887
core   0: 3 0x80006504 (0x8a1ec713) x14 0xfffff8a1
core   0: 0x80006508 (0x0000717d) c.addi16sp sp, -16
core   0: 3 0x80006508 (0x717d) x 2 0x78936fdf
core   0: 0x8000650a (0x00a5ee33) or      t3, a1, a0
core   0: 3 0x8000650a (0x00a5ee33) x28 0x8001eee4
core   0: 0x8000650e (0x00700733) add     a4, zero, t2
core   0: 3 0x8000650e (0x00700733) x14 0x076d8000
core   0: 0x80006512 (0x000002ca) c.slli  t0, 18
core   0: 3 0x80006512 (0x02ca) x 5 0x00040000
core   0: 0x80006514 (0x03ba42b3) div     t0, s4, s11
core   0: 3 0x80006514 (0x03ba42b3) x 5 0x00000000
core   0: 0x80006518 (0x0000916a) c.add   sp, s10
core   0: 3 0x80006518 (0x916a) x 2 0x78936fdf
core   0: 0x8000651a (0x0004e133) or      sp, s1, zero
core   0: 3 0x8000651a (0x0004e133) x 2 0x0000047f
core   0: 0x8000651e (0x00008c0d) c.sub   s0, a1
core   0: 3 0x8000651e (0x8c0d) x 8 0x7fff119c
core   0: 0x80006520 (0x00008ea1) c.xor   a3, s0
core   0: 3 0x80006520 (0x8ea1) x13 0x7fff119c
core   0: 0x80006522 (0x0312ecb3) rem     s9, t0, a7
core   0: 3 0x80006522 (0x0312ecb3) x25 0x00000000
core   0: 0x80006526 (0x01e568b3) or      a7, a0, t5
core   0: 3 0x80006526 (0x01e568b3) x17 0x80012ce4
core   0: 0x8000652a (0x23d47813) andi    a6, s0, 573
core   0: 3 0x8000652a (0x23d47813) x16 0x0000001c
core   0: 0x8000652e (0x011b66b3) or      a3, s6, a7
core   0: 3 0x8000652e (0x011b66b3) x13 0x80012ce4
core   0: 0x80006532 (0x41805233) sra     tp, zero, s8
core   0: 3 0x80006532 (0x41805233) x 4 0x00000000
core   0: 0x80006536 (0x0082ccb3) xor     s9, t0, s0
core   0: 3 0x80006536 (0x0082ccb3) x25 0x7fff119c
core   0: 0x8000653a (0x0220c7b3) div     a5, ra, sp
core   0: 3 0x8000653a (0x0220c7b3) x15 0x00000000
core   0: 0x8000653e (0x01115b33) srl     s6, sp, a7
core   0: 3 0x8000653e (0x01115b33) x22 0x00000047
core   0: 0x80006542 (0x00000001) c.nop
core   0: 3 0x80006542 (0x0001)
core   0: 0x80006544 (0x000080c5) c.srli  s1, 17
core   0: 3 0x80006544 (0x80c5) x 9 0x00000000
core   0: 0x80006546 (0x01779c93) slli    s9, a5, 23
core   0: 3 0x80006546 (0x01779c93) x25 0x00000000
core   0: 0x8000654a (0x013ede13) srli    t3, t4, 19
core   0: 3 0x8000654a (0x013ede13) x28 0x00000000
core   0: 0x8000654e (0x03b07333) remu    t1, zero, s11
core   0: 3 0x8000654e (0x03b07333) x 6 0x00000000
core   0: 0x80006552 (0x4019dab3) sra     s5, s3, ra
core   0: 3 0x80006552 (0x4019dab3) x21 0xffffc000
core   0: 0x80006556 (0x01479493) slli    s1, a5, 20
core   0: 3 0x80006556 (0x01479493) x 9 0x00000000
core   0: 0x8000655a (0xe0746893) ori     a7, s0, -505
core   0: 3 0x8000655a (0xe0746893) x17 0xffffff9f
core   0: 0x8000655e (0x00000001) c.nop
core   0: 3 0x8000655e (0x0001)
core   0: 0x80006560 (0x011358b3) srl     a7, t1, a7
core   0: 3 0x80006560 (0x011358b3) x17 0x00000000
core   0: 0x80006564 (0x00008ca5) c.xor   s1, s1
core   0: 3 0x80006564 (0x8ca5) x 9 0x00000000
core   0: 0x80006566 (0x03e41433) mulh    s0, s0, t5
core   0: 3 0x80006566 (0x03e41433) x 8 0x00000000
core   0: 0x8000656a (0x00000b42) c.slli  s6, 16
core   0: 3 0x8000656a (0x0b42) x22 0x00470000
core   0: 0x8000656c (0x00006111) c.addi16sp sp, 256
core   0: 3 0x8000656c (0x6111) x 2 0x0000057f
core   0: 0x8000656e (0x00008b79) c.andi  a4, 30
core   0: 3 0x8000656e (0x8b79) x14 0x00000000
core   0: 0x80006570 (0x00008e9d) c.sub   a3, a5
core   0: 3 0x80006570 (0x8e9d) x13 0x80012ce4
core   0: 0x80006572 (0x00009152) c.add   sp, s4
core   0: 3 0x80006572 (0x9152) x 2 0x00000748
core   0: 0x80006574 (0x535ee913) ori     s2, t4, 1333
core   0: 3 0x80006574 (0x535ee913) x18 0x00000535
core   0: 0x80006578 (0x00006749) c.lui   a4, 0x12
core   0: 3 0x80006578 (0x6749) x14 0x00012000
core   0: 0x8000657a (0x02b272b3) remu    t0, tp, a1
core   0: 3 0x8000657a (0x02b272b3) x 5 0x00000000
core   0: 0x8000657e (0x028947b3) div     a5, s2, s0
core   0: 3 0x8000657e (0x028947b3) x15 0xffffffff
core   0: 0x80006582 (0x0000862a) c.mv    a2, a0
core   0: 3 0x80006582 (0x862a) x12 0x80012ce4
core   0: 0x80006584 (0x007c6eb3) or      t4, s8, t2
core   0: 3 0x80006584 (0x007c6eb3) x29 0xffeffe3f
core   0: 0x80006588 (0x000009ba) c.slli  s3, 14
core   0: 3 0x80006588 (0x09ba) x19 0x3bff8000
core   0: 0x8000658a (0x03a528b3) mulhsu  a7, a0, s10
core   0: 3 0x8000658a (0x03a528b3) x17 0x00000000
core   0: 0x8000658e (0x01585293) srli    t0, a6, 21
core   0: 3 0x8000658e (0x01585293) x 5 0x00000000
core   0: 0x80006592 (0x0000717d) c.addi16sp sp, -16
core   0: 3 0x80006592 (0x717d) x 2 0x00000738
core   0: 0x80006594 (0x01d43233) sltu    tp, s0, t4
core   0: 3 0x80006594 (0x01d43233) x 4 0x00000001
core   0: 0x80006598 (0x016c6a33) or      s4, s8, s6
core   0: 3 0x80006598 (0x016c6a33) x20 0xffc77e3f
core   0: 0x8000659c (0x0186ebb3) or      s7, a3, s8
core   0: 3 0x8000659c (0x0186ebb3) x23 0xffc37eff
core   0: 0x800065a0 (0x00000e72) c.slli  t3, 28
core   0: 3 0x800065a0 (0x0e72) x28 0x00000000
core   0: 0x800065a2 (0x0271ae33) mulhsu  t3, gp, t2
core   0: 3 0x800065a2 (0x0271ae33) x28 0xfe3f5efa
core   0: 0x800065a6 (0x00008765) c.srai  a4, 25
core   0: 3 0x800065a6 (0x8765) x14 0x00000000
core   0: 0x800065a8 (0xfb00a993) slti    s3, ra, -80
core   0: 3 0x800065a8 (0xfb00a993) x19 0x00000000
core   0: 0x800065ac (0x01e76133) or      sp, a4, t5
core   0: 3 0x800065ac (0x01e76133) x 2 0x00000000
core   0: 0x800065b0 (0x03a0a933) mulhsu  s2, ra, s10
core   0: 3 0x800065b0 (0x03a0a933) x18 0x00000000
core   0: 0x800065b4 (0x006b17b3) sll     a5, s6, t1
core   0: 3 0x800065b4 (0x006b17b3) x15 0x00470000
core   0: 0x800065b8 (0x00009672) c.add   a2, t3
core   0: 3 0x800065b8 (0x9672) x12 0x7e408bde
core   0: 0x800065ba (0x023f33b3) mulhu   t2, t5, gp
core   0: 3 0x800065ba (0x023f33b3) x 7 0x00000000
core   0: 0x800065be (0x02199db3) mulh    s11, s3, ra
core   0: 3 0x800065be (0x02199db3) x27 0x00000000
core   0: 0x800065c2 (0x01064db3) xor     s11, a2, a6
core   0: 3 0x800065c2 (0x01064db3) x27 0x7e408bc2
core   0: 0x800065c6 (0x0312b1b3) mulhu   gp, t0, a7
core   0: 3 0x800065c6 (0x0312b1b3) x 3 0x00000000
core   0: 0x800065ca (0x03c630b3) mulhu   ra, a2, t3
core   0: 3 0x800065ca (0x03c630b3) x 1 0x7d634b7f
core   0: 0x800065ce (0x001c41b3) xor     gp, s8, ra
core   0: 3 0x800065ce (0x001c41b3) x 3 0x82a13540
core   0: 0x800065d2 (0x000063c1) c.lui   t2, 0x10
core   0: 3 0x800065d2 (0x63c1) x 7 0x00010000
core   0: 0x800065d4 (0x0000717d) c.addi16sp sp, -16
core   0: 3 0x800065d4 (0x717d) x 2 0xfffffff0
core   0: 0x800065d6 (0x00008c49) c.or    s0, a0
core   0: 3 0x800065d6 (0x8c49) x 8 0x80012ce4
core   0: 0x800065d8 (0x00008e39) c.xor   a2, a4
core   0: 3 0x800065d8 (0x8e39) x12 0x7e408bde
core   0: 0x800065da (0x00008fc1) c.or    a5, s0
core   0: 3 0x800065da (0x8fc1) x15 0x80472ce4
core   0: 0x800065dc (0x00b167b3) or      a5, sp, a1
core   0: 3 0x800065dc (0x00b167b3) x15 0xfffffff4
core   0: 0x800065e0 (0xb6520413) addi    s0, tp, -1179
core   0: 3 0x800065e0 (0xb6520413) x 8 0xfffffb66
core   0: 0x800065e4 (0x03f6a233) mulhsu  tp, a3, t6
core   0: 3 0x800065e4 (0x03f6a233) x 4 0x00000000
core   0: 0x800065e8 (0x01072233) slt     tp, a4, a6
core   0: 3 0x800065e8 (0x01072233) x 4 0x00000001
core   0: 0x800065ec (0x762b9437) lui     s0, 0x762b9
core   0: 3 0x800065ec (0x762b9437) x 8 0x762b9000
core   0: 0x800065f0 (0x00005e7d) c.li    t3, -1
core   0: 3 0x800065f0 (0x5e7d) x28 0xffffffff
core   0: 0x800065f2 (0x00ac9cb3) sll     s9, s9, a0
core   0: 3 0x800065f2 (0x00ac9cb3) x25 0x00000000
core   0: 0x800065f6 (0xd85f8213) addi    tp, t6, -635
core   0: 3 0x800065f6 (0xd85f8213) x 4 0xfffffd85
core   0: 0x800065fa (0x7e070e13) addi    t3, a4, 2016
core   0: 3 0x800065fa (0x7e070e13) x28 0x000007e0
core   0: 0x800065fe (0x7e150313) addi    t1, a0, 2017
core   0: 3 0x800065fe (0x7e150313) x 6 0x800134c5
core   0: 0x80006602 (0x00006bfd) c.lui   s7, 0x1f
core   0: 3 0x80006602 (0x6bfd) x23 0x0001f000
core   0: 0x80006604 (0x037d32b3) mulhu   t0, s10, s7
core   0: 3 0x80006604 (0x037d32b3) x 5 0x00000000
core   0: 0x80006608 (0x022c47b3) div     a5, s8, sp
core   0: 3 0x80006608 (0x022c47b3) x15 0x0003d81c
core   0: 0x8000660c (0x029ffa13) andi    s4, t6, 41
core   0: 3 0x8000660c (0x029ffa13) x20 0x00000000
core   0: 0x80006610 (0x02487233) remu    tp, a6, tp
core   0: 3 0x80006610 (0x02487233) x 4 0x0000001c
core   0: 0x80006614 (0x0232e1b3) rem     gp, t0, gp
core   0: 3 0x80006614 (0x0232e1b3) x 3 0x00000000
core   0: 0x80006618 (0x00000700) c.addi4spn s0, sp, 896
core   0: 3 0x80006618 (0x0700) x 8 0x00000370
core   0: 0x8000661a (0x019c6db3) or      s11, s8, s9
core   0: 3 0x8000661a (0x019c6db3) x27 0xffc27e3f
core   0: 0x8000661e (0x000098fd) c.andi  s1, -1
core   0: 3 0x8000661e (0x98fd) x 9 0x00000000
core   0: 0x80006620 (0x64388e93) addi    t4, a7, 1603
core   0: 3 0x80006620 (0x64388e93) x29 0x00000643
core   0: 0x80006624 (0x00d3d997) auipc   s3, 0xd3d
core   0: 3 0x80006624 (0x00d3d997) x19 0x80d43624
core   0: 0x80006628 (0x000056fd) c.li    a3, -1
core   0: 3 0x80006628 (0x56fd) x13 0xffffffff
core   0: 0x8000662a (0xcd1c8113) addi    sp, s9, -815
core   0: 3 0x8000662a (0xcd1c8113) x 2 0xfffffcd1
core   0: 0x8000662e (0x41295813) srai    a6, s2, 18
core   0: 3 0x8000662e (0x41295813) x16 0x00000000
core   0: 0x80006632 (0x32a06f93) ori     t6, zero, 810
core   0: 3 0x80006632 (0x32a06f93) x31 0x0000032a
core   0: 0x80006636 (0x4a29a313) slti    t1, s3, 1186
core   0: 3 0x80006636 (0x4a29a313) x 6 0x00000001
core   0: 0x8000663a (0xf5372013) slti    zero, a4, -173
core   0: 3 0x8000663a (0xf5372013)
core   0: 0x8000663e (0x000082b5) c.srli  a3, 13
core   0: 3 0x8000663e (0x82b5) x13 0x0007ffff
core   0: 0x80006640 (0x4056db33) sra     s6, a3, t0
core   0: 3 0x80006640 (0x4056db33) x22 0x0007ffff
core   0: 0x80006644 (0x03d3ba33) mulhu   s4, t2, t4
core   0: 3 0x80006644 (0x03d3ba33) x20 0x00000000
core   0: 0x80006648 (0x000087c1) c.srai  a5, 16
core   0: 3 0x80006648 (0x87c1) x15 0x00000003
core   0: 0x8000664a (0x0127bcb3) sltu    s9, a5, s2
core   0: 3 0x8000664a (0x0127bcb3) x25 0x00000000
core   0: 0x8000664e (0x00000ae5) c.addi  s5, 25
core   0: 3 0x8000664e (0x0ae5) x21 0xffffc019
core   0: 0x80006650 (0x00000001) c.nop
core   0: 3 0x80006650 (0x0001)
core   0: 0x80006652 (0x028718b3) mulh    a7, a4, s0
core   0: 3 0x80006652 (0x028718b3) x17 0x00000000
core   0: 0x80006656 (0x00000980) c.addi4spn s0, sp, 208
core   0: 3 0x80006656 (0x0980) x 8 0xfffffda1
core   0: 0x80006658 (0x03005b33) divu    s6, zero, a6
core   0: 3 0x80006658 (0x03005b33) x22 0xffffffff
core   0: 0x8000665c (0x000066d5) c.lui   a3, 0x15
core   0: 3 0x8000665c (0x66d5) x13 0x00015000
core   0: 0x8000665e (0x0000577d) c.li    a4, -1
core   0: 3 0x8000665e (0x577d) x14 0xffffffff
core   0: 0x80006660 (0xc8ff7793) andi    a5, t5, -881
core   0: 3 0x80006660 (0xc8ff7793) x15 0x00000000
core   0: 0x80006664 (0x02c38733) mul     a4, t2, a2
core   0: 3 0x80006664 (0x02c38733) x14 0x8bde0000
core   0: 0x80006668 (0x56ff0993) addi    s3, t5, 1391
core   0: 3 0x80006668 (0x56ff0993) x19 0x0000056f
core   0: 0x8000666c (0x40f3d633) sra     a2, t2, a5
core   0: 3 0x8000666c (0x40f3d633) x12 0x00010000
core   0: 0x80006670 (0x0000717d) c.addi16sp sp, -16
core   0: 3 0x80006670 (0x717d) x 2 0xfffffcc1
core   0: 0x80006672 (0x78323913) sltiu   s2, tp, 1923
core   0: 3 0x80006672 (0x78323913) x18 0x00000001
core   0: 0x80006676 (0x000004a1) c.addi  s1, 8
core   0: 3 0x80006676 (0x04a1) x 9 0x00000008
core   0: 0x80006678 (0xcdeeec93) ori     s9, t4, -802
core   0: 3 0x80006678 (0xcdeeec93) x25 0xfffffedf
core   0: 0x8000667c (0x00000001) c.nop
core   0: 3 0x8000667c (0x0001)
core   0: 0x8000667e (0x00009916) c.add   s2, t0
core   0: 3 0x8000667e (0x9916) x18 0x00000001
core   0: 0x80006680 (0x00923833) sltu    a6, tp, s1
core   0: 3 0x80006680 (0x00923833) x16 0x00000000
core   0: 0x80006684 (0x00fc8eb3) add     t4, s9, a5
core   0: 3 0x80006684 (0x00fc8eb3) x29 0xfffffedf
core   0: 0x80006688 (0x00009906) c.add   s2, ra
core   0: 3 0x80006688 (0x9906) x18 0x7d634b80
core   0: 0x8000668a (0x00006ddd) c.lui   s11, 0x17
core   0: 3 0x8000668a (0x6ddd) x27 0x00017000
core   0: 0x8000668c (0x000082c9) c.srli  a3, 18
core   0: 3 0x8000668c (0x82c9) x13 0x00000000
core   0: 0x8000668e (0x002032b3) snez    t0, sp
core   0: 3 0x8000668e (0x002032b3) x 5 0x00000001
core   0: 0x80006692 (0x0085ae33) slt     t3, a1, s0
core   0: 3 0x80006692 (0x0085ae33) x28 0x00000001
core   0: 0x80006696 (0x00008c51) c.or    s0, a2
core   0: 3 0x80006696 (0x8c51) x 8 0xfffffda1
core   0: 0x80006698 (0x00004489) c.li    s1, 2
core   0: 3 0x80006698 (0x4489) x 9 0x00000002
core   0: 0x8000669a (0x40c754b3) sra     s1, a4, a2
core   0: 3 0x8000669a (0x40c754b3) x 9 0x8bde0000
core   0: 0x8000669e (0x000086a5) c.srai  a3, 9
core   0: 3 0x8000669e (0x86a5) x13 0x00000000
core   0: 0x800066a0 (0x00006a75) c.lui   s4, 0x1d
core   0: 3 0x800066a0 (0x6a75) x20 0x0001d000
core   0: 0x800066a2 (0x00008305) c.srli  a4, 1
core   0: 3 0x800066a2 (0x8305) x14 0x45ef0000
core   0: 0x800066a4 (0x00009d66) c.add   s10, s9
core   0: 3 0x800066a4 (0x9d66) x26 0xfffffedf
core   0: 0x800066a6 (0x009e7fb3) and     t6, t3, s1
core   0: 3 0x800066a6 (0x009e7fb3) x31 0x00000000
core   0: 0x800066aa (0x01232833) slt     a6, t1, s2
core   0: 3 0x800066aa (0x01232833) x16 0x00000001
core   0: 0x800066ae (0x01dff433) and     s0, t6, t4
core   0: 3 0x800066ae (0x01dff433) x 8 0x00000000
core   0: 0x800066b2 (0x01450fb3) add     t6, a0, s4
core   0: 3 0x800066b2 (0x01450fb3) x31 0x8002fce4
core   0: 0x800066b6 (0xd124cb13) xori    s6, s1, -750
core   0: 3 0x800066b6 (0xd124cb13) x22 0x7421fd12
core   0: 0x800066ba (0x0388d333) divu    t1, a7, s8
core   0: 3 0x800066ba (0x0388d333) x 6 0x00000000
core   0: 0x800066be (0x00000d9e) c.slli  s11, 7
core   0: 3 0x800066be (0x0d9e) x27 0x00b80000
core   0: 0x800066c0 (0x02fe4733) div     a4, t3, a5
core   0: 3 0x800066c0 (0x02fe4733) x14 0xffffffff
core   0: 0x800066c4 (0x00000001) c.nop
core   0: 3 0x800066c4 (0x0001)
core   0: 0x800066c6 (0x00006159) c.addi16sp sp, 400
core   0: 3 0x800066c6 (0x6159) x 2 0xfffffe51
core   0: 0x800066c8 (0x00008f29) c.xor   a4, a0
core   0: 3 0x800066c8 (0x8f29) x14 0x7ffed31b
core   0: 0x800066ca (0x41f45013) srai    zero, s0, 31
core   0: 3 0x800066ca (0x41f45013)
core   0: 0x800066ce (0x00008f79) c.and   a4, a4
core   0: 3 0x800066ce (0x8f79) x14 0x7ffed31b
core   0: 0x800066d0 (0x02ec1633) mulh    a2, s8, a4
core   0: 3 0x800066d0 (0x02ec1633) x12 0xffe13f67
core   0: 0x800066d4 (0x00ff1993) slli    s3, t5, 15
core   0: 3 0x800066d4 (0x00ff1993) x19 0x00000000
core   0: 0x800066d8 (0x000067cd) c.lui   a5, 0x13
core   0: 3 0x800066d8 (0x67cd) x15 0x00013000
core   0: 0x800066da (0x0258f0b3) remu    ra, a7, t0
core   0: 3 0x800066da (0x0258f0b3) x 1 0x00000000
core   0: 0x800066de (0x012c9233) sll     tp, s9, s2
core   0: 3 0x800066de (0x012c9233) x 4 0xfffffedf
core   0: 0x800066e2 (0xaf2e6813) ori     a6, t3, -1294
core   0: 3 0x800066e2 (0xaf2e6813) x16 0xfffffaf3
core   0: 0x800066e6 (0x00d2b633) sltu    a2, t0, a3
core   0: 3 0x800066e6 (0x00d2b633) x12 0x00000000
core   0: 0x800066ea (0x0000171c) c.addi4spn a5, sp, 928
core   0: 3 0x800066ea (0x171c) x15 0x000001f1
core   0: 0x800066ec (0x00234ab3) xor     s5, t1, sp
core   0: 3 0x800066ec (0x00234ab3) x21 0xfffffe51
core   0: 0x800066f0 (0x00001bfd) c.addi  s7, -1
core   0: 3 0x800066f0 (0x1bfd) x23 0x0001efff
core   0: 0x800066f2 (0x00dc98b3) sll     a7, s9, a3
core   0: 3 0x800066f2 (0x00dc98b3) x17 0xfffffedf
core   0: 0x800066f6 (0x00ac10b3) sll     ra, s8, a0
core   0: 3 0x800066f6 (0x00ac10b3) x 1 0xfc27e3f0
core   0: 0x800066fa (0x00785633) srl     a2, a6, t2
core   0: 3 0x800066fa (0x00785633) x12 0xfffffaf3
core   0: 0x800066fe (0x414000b3) sub     ra, zero, s4
core   0: 3 0x800066fe (0x414000b3) x 1 0xfffe3000
core   0: 0x80006702 (0x00009f26) c.add   t5, s1
core   0: 3 0x80006702 (0x9f26) x30 0x8bde0000
core   0: 0x80006704 (0x00bcd813) srli    a6, s9, 11
core   0: 3 0x80006704 (0x00bcd813) x16 0x001fffff
core   0: 0x80006708 (0x01591633) sll     a2, s2, s5
core   0: 3 0x80006708 (0x01591633) x12 0x97000000
core   0: 0x8000670c (0x00008c55) c.or    s0, a3
core   0: 3 0x8000670c (0x8c55) x 8 0x00000000
core   0: 0x8000670e (0x00009b7d) c.andi  a4, -1
core   0: 3 0x8000670e (0x9b7d) x14 0x7ffed31b
core   0: 0x80006710 (0x0272cd33) div     s10, t0, t2
core   0: 3 0x80006710 (0x0272cd33) x26 0x00000000
core   0: 0x80006714 (0x00889b13) slli    s6, a7, 8
core   0: 3 0x80006714 (0x00889b13) x22 0xfffedf00
core   0: 0x80006718 (0x9fc03d93) sltiu   s11, zero, -1540
core   0: 3 0x80006718 (0x9fc03d93) x27 0x00000001
core   0: 0x8000671c (0x03eb7d33) remu    s10, s6, t5
core   0: 3 0x8000671c (0x03eb7d33) x26 0x7420df00
core   0: 0x80006720 (0x4b60c193) xori    gp, ra, 1206
core   0: 3 0x80006720 (0x4b60c193) x 3 0xfffe34b6
core   0: 0x80006724 (0x0000127d) c.addi  tp, -1
core   0: 3 0x80006724 (0x127d) x 4 0xfffffede
core   0: 0x80006726 (0xe3798197) auipc   gp, 0xe3798
core   0: 3 0x80006726 (0xe3798197) x 3 0x6379e726
core   0: 0x8000672a (0x398f8d93) addi    s11, t6, 920
core   0: 3 0x8000672a (0x398f8d93) x27 0x8003007c
core   0: 0x8000672e (0x41e3d1b3) sra     gp, t2, t5
core   0: 3 0x8000672e (0x41e3d1b3) x 3 0x00010000
core   0: 0x80006732 (0x00009efe) c.add   t4, t6
core   0: 3 0x80006732 (0x9efe) x29 0x8002fbc3
core   0: 0x80006734 (0x00b20b33) add     s6, tp, a1
core   0: 3 0x80006734 (0x00b20b33) x22 0x8000ed42
core   0: 0x80006738 (0x00ab1e93) slli    t4, s6, 10
core   0: 3 0x80006738 (0x00ab1e93) x29 0x03b50800
core   0: 0x8000673c (0x0016b233) sltu    tp, a3, ra
core   0: 3 0x8000673c (0x0016b233) x 4 0x00000001
core   0: 0x80006740 (0x00000001) c.nop
core   0: 3 0x80006740 (0x0001)
core   0: 0x80006742 (0x011c7333) and     t1, s8, a7
core   0: 3 0x80006742 (0x011c7333) x 6 0xffc27e1f
core   0: 0x80006746 (0x0137b3b3) sltu    t2, a5, s3
core   0: 3 0x80006746 (0x0137b3b3) x 7 0x00000000
core   0: 0x8000674a (0x00ee7cb3) and     s9, t3, a4
core   0: 3 0x8000674a (0x00ee7cb3) x25 0x00000001
core   0: 0x8000674e (0x038c2d33) mulhsu  s10, s8, s8
core   0: 3 0x8000674e (0x038c2d33) x26 0xffc28d06
core   0: 0x80006752 (0x84a6c093) xori    ra, a3, -1974
core   0: 3 0x80006752 (0x84a6c093) x 1 0xfffff84a
core   0: 0x80006756 (0xb9152e13) slti    t3, a0, -1135
core   0: 3 0x80006756 (0xb9152e13) x28 0x00000001
core   0: 0x8000675a (0x03b05033) divu    zero, zero, s11
core   0: 3 0x8000675a (0x03b05033)
core   0: 0x8000675e (0x00008eb9) c.xor   a3, a4
core   0: 3 0x8000675e (0x8eb9) x13 0x7ffed31b
core   0: 0x80006760 (0x00000001) c.nop
core   0: 3 0x80006760 (0x0001)
core   0: 0x80006762 (0xbd606213) ori     tp, zero, -1066
core   0: 3 0x80006762 (0xbd606213) x 4 0xfffffbd6
core   0: 0x80006766 (0x00009f62) c.add   t5, s8
core   0: 3 0x80006766 (0x9f62) x30 0x8ba07e3f
core   0: 0x80006768 (0x00e910b3) sll     ra, s2, a4
core   0: 3 0x80006768 (0x00e910b3) x 1 0x00000000
core   0: 0x8000676c (0x00ef3bb3) sltu    s7, t5, a4
core   0: 3 0x8000676c (0x00ef3bb3) x23 0x00000000
core   0: 0x80006770 (0x00008ff9) c.and   a5, a4
core   0: 3 0x80006770 (0x8ff9) x15 0x00000111
core   0: 0x80006772 (0x01b8de33) srl     t3, a7, s11
core   0: 3 0x80006772 (0x01b8de33) x28 0x0000000f
core   0: 0x80006776 (0x00000001) c.nop
core   0: 3 0x80006776 (0x0001)
core   0: 0x80006778 (0x00000d98) c.addi4spn a4, sp, 720
core   0: 3 0x80006778 (0x0d98) x14 0x00000121
core   0: 0x8000677a (0x036654b3) divu    s1, a2, s6
core   0: 3 0x8000677a (0x036654b3) x 9 0x00000001
core   0: 0x8000677e (0x013951b3) srl     gp, s2, s3
core   0: 3 0x8000677e (0x013951b3) x 3 0x7d634b80
core   0: 0x80006782 (0x0266ecb3) rem     s9, a3, t1
core   0: 3 0x80006782 (0x0266ecb3) x25 0x002ceb87
core   0: 0x80006786 (0x00009192) c.add   gp, tp
core   0: 3 0x80006786 (0x9192) x 3 0x7d634756
core   0: 0x80006788 (0x01763e33) sltu    t3, a2, s7
core   0: 3 0x80006788 (0x01763e33) x28 0x00000000
core   0: 0x8000678c (0x00000a76) c.slli  s4, 29
core   0: 3 0x8000678c (0x0a76) x20 0x00000000
core   0: 0x8000678e (0x00008725) c.srai  a4, 9
core   0: 3 0x8000678e (0x8725) x14 0x00000000
core   0: 0x80006790 (0xabb1c017) auipc   zero, 0xabb1c
core   0: 3 0x80006790 (0xabb1c017)
core   0: 0x80006794 (0x0348d6b3) divu    a3, a7, s4
core   0: 3 0x80006794 (0x0348d6b3) x13 0xffffffff
core   0: 0x80006798 (0x017b1233) sll     tp, s6, s7
core   0: 3 0x80006798 (0x017b1233) x 4 0x8000ed42
core   0: 0x8000679c (0x28947193) andi    gp, s0, 649
core   0: 3 0x8000679c (0x28947193) x 3 0x00000000
core   0: 0x800067a0 (0x00001bfd) c.addi  s7, -1
core   0: 3 0x800067a0 (0x1bfd) x23 0xffffffff
core   0: 0x800067a2 (0x00006959) c.lui   s2, 0x16
core   0: 3 0x800067a2 (0x6959) x18 0x00016000
core   0: 0x800067a4 (0x02e54a33) div     s4, a0, a4
core   0: 3 0x800067a4 (0x02e54a33) x20 0xffffffff
core   0: 0x800067a8 (0x00008091) c.srli  s1, 4
core   0: 3 0x800067a8 (0x8091) x 9 0x00000000
core   0: 0x800067aa (0x00008aaa) c.mv    s5, a0
core   0: 3 0x800067aa (0x8aaa) x21 0x80012ce4
core   0: 0x800067ac (0x407cd113) srai    sp, s9, 7
core   0: 3 0x800067ac (0x407cd113) x 2 0x000059d7
core   0: 0x800067b0 (0x016b6a33) or      s4, s6, s6
core   0: 3 0x800067b0 (0x016b6a33) x20 0x8000ed42
core   0: 0x800067b4 (0x000087e9) c.srai  a5, 26
core   0: 3 0x800067b4 (0x87e9) x15 0x00000000
core   0: 0x800067b6 (0x01b71993) slli    s3, a4, 27
core   0: 3 0x800067b6 (0x01b71993) x19 0x00000000
core   0: 0x800067ba (0x000008dd) c.addi  a7, 23
core   0: 3 0x800067ba (0x08dd) x17 0xfffffef6
core   0: 0x800067bc (0x00006105) c.addi16sp sp, 32
core   0: 3 0x800067bc (0x6105) x 2 0x000059f7
core   0: 0x800067be (0x0000849d) c.srai  s1, 7
core   0: 3 0x800067be (0x849d) x 9 0x00000000
core   0: 0x800067c0 (0x000086ad) c.srai  a3, 11
core   0: 3 0x800067c0 (0x86ad) x13 0xffffffff
core   0: 0x800067c2 (0x00b3bb33) sltu    s6, t2, a1
core   0: 3 0x800067c2 (0x00b3bb33) x22 0x00000001
core   0: 0x800067c6 (0xe6b5f393) andi    t2, a1, -405
core   0: 3 0x800067c6 (0xe6b5f393) x 7 0x8000ee60
core   0: 0x800067ca (0x00008f4d) c.or    a4, a1
core   0: 3 0x800067ca (0x8f4d) x14 0x8000ee64
core   0: 0x800067cc (0x03141733) mulh    a4, s0, a7
core   0: 3 0x800067cc (0x03141733) x14 0x00000000
core   0: 0x800067d0 (0x6dc48f93) addi    t6, s1, 1756
core   0: 3 0x800067d0 (0x6dc48f93) x31 0x000006dc
core   0: 0x800067d4 (0x00008b56) c.mv    s6, s5
core   0: 3 0x800067d4 (0x8b56) x22 0x80012ce4
core   0: 0x800067d6 (0x00000001) c.nop
core   0: 3 0x800067d6 (0x0001)
core   0: 0x800067d8 (0x00f55233) srl     tp, a0, a5
core   0: 3 0x800067d8 (0x00f55233) x 4 0x80012ce4
core   0: 0x800067dc (0x00000d69) c.addi  s10, 26
core   0: 3 0x800067dc (0x0d69) x26 0xffc28d20
core   0: 0x800067de (0x03d30233) mul     tp, t1, t4
core   0: 3 0x800067de (0x03d30233) x 4 0x9cdbf800
core   0: 0x800067e2 (0x418dd633) sra     a2, s11, s8
core   0: 3 0x800067e2 (0x418dd633) x12 0xffffffff
core   0: 0x800067e6 (0x011521b3) slt     gp, a0, a7
core   0: 3 0x800067e6 (0x011521b3) x 3 0x00000001
core   0: 0x800067ea (0x00000862) c.slli  a6, 24
core   0: 3 0x800067ea (0x0862) x16 0xff000000
core   0: 0x800067ec (0xb4f48713) addi    a4, s1, -1201
core   0: 3 0x800067ec (0xb4f48713) x14 0xfffffb4f
core   0: 0x800067f0 (0x011cb8b3) sltu    a7, s9, a7
core   0: 3 0x800067f0 (0x011cb8b3) x17 0x00000001
core   0: 0x800067f4 (0x416f8b33) sub     s6, t6, s6
core   0: 3 0x800067f4 (0x416f8b33) x22 0x7ffed9f8
core   0: 0x800067f8 (0x0000024e) c.slli  tp, 19
core   0: 3 0x800067f8 (0x024e) x 4 0xc0000000
core   0: 0x800067fa (0x00009bfd) c.andi  a5, -1
core   0: 3 0x800067fa (0x9bfd) x15 0x00000000
core   0: 0x800067fc (0x039c23b3) mulhsu  t2, s8, s9
core   0: 3 0x800067fc (0x039c23b3) x 7 0xfffff535
core   0: 0x80006800 (0x00001c80) c.addi4spn s0, sp, 624
core   0: 3 0x80006800 (0x1c80) x 8 0x00005c67
core   0: 0x80006802 (0x000003cd) c.addi  t2, 19
core   0: 3 0x80006802 (0x03cd) x 7 0xfffff548
core   0: 0x80006804 (0xe598fd93) andi    s11, a7, -423
core   0: 3 0x80006804 (0xe598fd93) x27 0x00000001
core   0: 0x80006808 (0x01ad7b33) and     s6, s10, s10
core   0: 3 0x80006808 (0x01ad7b33) x22 0xffc28d20
core   0: 0x8000680c (0x02971833) mulh    a6, a4, s1
core   0: 3 0x8000680c (0x02971833) x16 0x00000000
core   0: 0x80006810 (0x68536637) lui     a2, 0x68536
core   0: 3 0x80006810 (0x68536637) x12 0x68536000
core   0: 0x80006814 (0x00008ac1) c.andi  a3, 16
core   0: 3 0x80006814 (0x8ac1) x13 0x00000010
core   0: 0x80006816 (0x00008b1d) c.andi  a4, 7
core   0: 3 0x80006816 (0x8b1d) x14 0x00000007
core   0: 0x80006818 (0x01625193) srli    gp, tp, 22
core   0: 3 0x80006818 (0x01625193) x 3 0x00000300
core   0: 0x8000681c (0x012c7db3) and     s11, s8, s2
core   0: 3 0x8000681c (0x012c7db3) x27 0x00006000
core   0: 0x80006820 (0x000044b1) c.li    s1, 12
core   0: 3 0x80006820 (0x44b1) x 9 0x0000000c
core   0: 0x80006822 (0x000087fd) c.srai  a5, 31
core   0: 3 0x80006822 (0x87fd) x15 0x00000000
core   0: 0x80006824 (0x4145dcb3) sra     s9, a1, s4
core   0: 3 0x80006824 (0x4145dcb3) x25 0xe0003b99
core   0: 0x80006828 (0x00000001) c.nop
core   0: 3 0x80006828 (0x0001)
core   0: 0x8000682a (0x0122d633) srl     a2, t0, s2
core   0: 3 0x8000682a (0x0122d633) x12 0x00000001
core   0: 0x8000682e (0x01b5df93) srli    t6, a1, 27
core   0: 3 0x8000682e (0x01b5df93) x31 0x00000010
core   0: 0x80006832 (0x012fb4b3) sltu    s1, t6, s2
core   0: 3 0x80006832 (0x012fb4b3) x 9 0x00000001
core   0: 0x80006836 (0x000083f9) c.srli  a5, 30
core   0: 3 0x80006836 (0x83f9) x15 0x00000000
core   0: 0x80006838 (0x0038a433) slt     s0, a7, gp
core   0: 3 0x80006838 (0x0038a433) x 8 0x00000001
core   0: 0x8000683c (0x409a8433) sub     s0, s5, s1
core   0: 3 0x8000683c (0x409a8433) x 8 0x80012ce3
core   0: 0x80006840 (0x01d6cfb3) xor     t6, a3, t4
core   0: 3 0x80006840 (0x01d6cfb3) x31 0x03b50810
core   0: 0x80006844 (0x02b7c133) div     sp, a5, a1
core   0: 3 0x80006844 (0x02b7c133) x 2 0x00000000
core   0: 0x80006848 (0x1f2aa893) slti    a7, s5, 498
core   0: 3 0x80006848 (0x1f2aa893) x17 0x00000001
core   0: 0x8000684c (0x00008c96) c.mv    s9, t0
core   0: 3 0x8000684c (0x8c96) x25 0x00000001
core   0: 0x8000684e (0xaa88cb17) auipc   s6, 0xaa88c
core   0: 3 0x8000684e (0xaa88cb17) x22 0x2a89284e
core   0: 0x80006852 (0x000082f1) c.srli  a3, 28
core   0: 3 0x80006852 (0x82f1) x13 0x00000000
core   0: 0x80006854 (0x00000484) c.addi4spn s1, sp, 576
core   0: 3 0x80006854 (0x0484) x 9 0x00000240
core   0: 0x80006856 (0x00fb63b3) or      t2, s6, a5
core   0: 3 0x80006856 (0x00fb63b3) x 7 0x2a89284e
core   0: 0x8000685a (0x000086d1) c.srai  a3, 20
core   0: 3 0x8000685a (0x86d1) x13 0x00000000
core   0: 0x8000685c (0x02ba6e33) rem     t3, s4, a1
core   0: 3 0x8000685c (0x02ba6e33) x28 0xfffffede
core   0: 0x80006860 (0xab477913) andi    s2, a4, -1356
core   0: 3 0x80006860 (0xab477913) x18 0x00000004
core   0: 0x80006864 (0x00000d25) c.addi  s10, 9
core   0: 3 0x80006864 (0x0d25) x26 0xffc28d29
core   0: 0x80006866 (0x01412e33) slt     t3, sp, s4
core   0: 3 0x80006866 (0x01412e33) x28 0x00000000
core   0: 0x8000686a (0x0255fdb3) remu    s11, a1, t0
core   0: 3 0x8000686a (0x0255fdb3) x27 0x00000000
core   0: 0x8000686e (0x0000187d) c.addi  a6, -1
core   0: 3 0x8000686e (0x187d) x16 0xffffffff
core   0: 0x80006870 (0x00d41f93) slli    t6, s0, 13
core   0: 3 0x80006870 (0x00d41f93) x31 0x259c6000
core   0: 0x80006874 (0x00008fc1) c.or    a5, s0
core   0: 3 0x80006874 (0x8fc1) x15 0x80012ce3
core   0: 0x80006876 (0x3a03f417) auipc   s0, 0x3a03f
core   0: 3 0x80006876 (0x3a03f417) x 8 0xba045876
core   0: 0x8000687a (0x00000685) c.addi  a3, 1
core   0: 3 0x8000687a (0x0685) x13 0x00000001
core   0: 0x8000687c (0x00009b7d) c.andi  a4, -1
core   0: 3 0x8000687c (0x9b7d) x14 0x00000007
core   0: 0x8000687e (0x00004ac5) c.li    s5, 17
core   0: 3 0x8000687e (0x4ac5) x21 0x00000011
core   0: 0x80006880 (0x41918bb3) sub     s7, gp, s9
core   0: 3 0x80006880 (0x41918bb3) x23 0x000002ff
core   0: 0x80006884 (0x03bbe2b3) rem     t0, s7, s11
core   0: 3 0x80006884 (0x03bbe2b3) x 5 0x000002ff
core   0: 0x80006888 (0x00000718) c.addi4spn a4, sp, 896
core   0: 3 0x80006888 (0x0718) x14 0x00000380
core   0: 0x8000688a (0x02038cb3) mul     s9, t2, zero
core   0: 3 0x8000688a (0x02038cb3) x25 0x00000000
core   0: 0x8000688e (0x0250d3b3) divu    t2, ra, t0
core   0: 3 0x8000688e (0x0250d3b3) x 7 0x00000000
core   0: 0x80006892 (0xce5d0eb7) lui     t4, 0xce5d0
core   0: 3 0x80006892 (0xce5d0eb7) x29 0xce5d0000
core   0: 0x80006896 (0x033d79b3) remu    s3, s10, s3
core   0: 3 0x80006896 (0x033d79b3) x19 0xffc28d29
core   0: 0x8000689a (0x41358cb3) sub     s9, a1, s3
core   0: 3 0x8000689a (0x41358cb3) x25 0x803e613b
core   0: 0x8000689e (0x019d92b3) sll     t0, s11, s9
core   0: 3 0x8000689e (0x019d92b3) x 5 0x00000000
core   0: 0x800068a2 (0x02fa3d33) mulhu   s10, s4, a5
core   0: 3 0x800068a2 (0x02fa3d33) x26 0x40010d13
core   0: 0x800068a6 (0x00008fc9) c.or    a5, a0
core   0: 3 0x800068a6 (0x8fc9) x15 0x80012ce7
core   0: 0x800068a8 (0x967d7f93) andi    t6, s10, -1689
core   0: 3 0x800068a8 (0x967d7f93) x31 0x40010903
core   0: 0x800068ac (0x014f6ab3) or      s5, t5, s4
core   0: 3 0x800068ac (0x014f6ab3) x21 0x8ba0ff7f
core   0: 0x800068b0 (0x01c67633) and     a2, a2, t3
core   0: 3 0x800068b0 (0x01c67633) x12 0x00000000
core   0: 0x800068b4 (0x00009d2a) c.add   s10, a0
core   0: 3 0x800068b4 (0x9d2a) x26 0xc00239f7
core   0: 0x800068b6 (0x000086e1) c.srai  a3, 24
core   0: 3 0x800068b6 (0x86e1) x13 0x00000000
core   0: 0x800068b8 (0x0349b4b3) mulhu   s1, s3, s4
core   0: 3 0x800068b8 (0x0349b4b3) x 9 0x7fe2339d
core   0: 0x800068bc (0x41bcdb13) srai    s6, s9, 27
core   0: 3 0x800068bc (0x41bcdb13) x22 0xfffffff0
core   0: 0x800068c0 (0x00006999) c.lui   s3, 0x6
core   0: 3 0x800068c0 (0x6999) x19 0x00006000
core   0: 0x800068c2 (0x00008449) c.srai  s0, 18
core   0: 3 0x800068c2 (0x8449) x 8 0xffffee81
core   0: 0x800068c4 (0x409fd893) srai    a7, t6, 9
core   0: 3 0x800068c4 (0x409fd893) x17 0x00200084
core   0: 0x800068c8 (0xdd70bc93) sltiu   s9, ra, -553
core   0: 3 0x800068c8 (0xdd70bc93) x25 0x00000001
core   0: 0x800068cc (0x00006109) c.addi16sp sp, 128
core   0: 3 0x800068cc (0x6109) x 2 0x00000080
core   0: 0x800068ce (0x000003dd) c.addi  t2, 23
core   0: 3 0x800068ce (0x03dd) x 7 0x00000017
core   0: 0x800068d0 (0xd99c0d93) addi    s11, s8, -615
core   0: 3 0x800068d0 (0xd99c0d93) x27 0xffc27bd8
core   0: 0x800068d4 (0x01dd8b33) add     s6, s11, t4
core   0: 3 0x800068d4 (0x01dd8b33) x22 0xce1f7bd8
core   0: 0x800068d8 (0x40215b13) srai    s6, sp, 2
core   0: 3 0x800068d8 (0x40215b13) x22 0x00000020
core   0: 0x800068dc (0xbbbd8813) addi    a6, s11, -1093
core   0: 3 0x800068dc (0xbbbd8813) x16 0xffc27793
core   0: 0x800068e0 (0x41b65933) sra     s2, a2, s11
core   0: 3 0x800068e0 (0x41b65933) x18 0x00000000
core   0: 0x800068e4 (0x015a4bb3) xor     s7, s4, s5
core   0: 3 0x800068e4 (0x015a4bb3) x23 0x0ba0123d
core   0: 0x800068e8 (0x02eb5333) divu    t1, s6, a4
core   0: 3 0x800068e8 (0x02eb5333) x 6 0x00000000
core   0: 0x800068ec (0x62c1e393) ori     t2, gp, 1580
core   0: 3 0x800068ec (0x62c1e393) x 7 0x0000072c
core   0: 0x800068f0 (0x00b75cb3) srl     s9, a4, a1
core   0: 3 0x800068f0 (0x00b75cb3) x25 0x00000038
core   0: 0x800068f4 (0x00008ff5) c.and   a5, a3
core   0: 3 0x800068f4 (0x8ff5) x15 0x00000000
core   0: 0x800068f6 (0x01899193) slli    gp, s3, 24
core   0: 3 0x800068f6 (0x01899193) x 3 0x00000000
core   0: 0x800068fa (0x000006ca) c.slli  a3, 18
core   0: 3 0x800068fa (0x06ca) x13 0x00000000
core   0: 0x800068fc (0x57604213) xori    tp, zero, 1398
core   0: 3 0x800068fc (0x57604213) x 4 0x00000576
core   0: 0x80006900 (0x00000001) c.nop
core   0: 3 0x80006900 (0x0001)
core   0: 0x80006902 (0x0000717d) c.addi16sp sp, -16
core   0: 3 0x80006902 (0x717d) x 2 0x00000070
core   0: 0x80006904 (0x0000587d) c.li    a6, -1
core   0: 3 0x80006904 (0x587d) x16 0xffffffff
core   0: 0x80006906 (0x00008e0d) c.sub   a2, a1
core   0: 3 0x80006906 (0x8e0d) x12 0x7fff119c
core   0: 0x80006908 (0x00000336) c.slli  t1, 13
core   0: 3 0x80006908 (0x0336) x 6 0x00000000
core   0: 0x8000690a (0x00008ed1) c.or    a3, a2
core   0: 3 0x8000690a (0x8ed1) x13 0x7fff119c
core   0: 0x8000690c (0x03293833) mulhu   a6, s2, s2
core   0: 3 0x8000690c (0x03293833) x16 0x00000000
core   0: 0x80006910 (0x00004e49) c.li    t3, 18
core   0: 3 0x80006910 (0x4e49) x28 0x00000012
core   0: 0x80006912 (0x61fa8693) addi    a3, s5, 1567
core   0: 3 0x80006912 (0x61fa8693) x13 0x8ba1059e
core   0: 0x80006916 (0x000091ee) c.add   gp, s11
core   0: 3 0x80006916 (0x91ee) x 3 0xffc27bd8
core   0: 0x80006918 (0x0011f7b3) and     a5, gp, ra
core   0: 3 0x80006918 (0x0011f7b3) x15 0x00000000
core   0: 0x8000691c (0x40175bb3) sra     s7, a4, ra
core   0: 3 0x8000691c (0x40175bb3) x23 0x00000380
core   0: 0x80006920 (0x037bf7b3) remu    a5, s7, s7
core   0: 3 0x80006920 (0x037bf7b3) x15 0x00000000
core   0: 0x80006924 (0x00000500) c.addi4spn s0, sp, 640
core   0: 3 0x80006924 (0x0500) x 8 0x000002f0
core   0: 0x80006926 (0xc5f29c97) auipc   s9, 0xc5f29
core   0: 3 0x80006926 (0xc5f29c97) x25 0x45f2f926
core   0: 0x8000692a (0x00001e98) c.addi4spn a4, sp, 880
core   0: 3 0x8000692a (0x1e98) x14 0x000003e0
core   0: 0x8000692c (0x00310433) add     s0, sp, gp
core   0: 3 0x8000692c (0x00310433) x 8 0xffc27c48
core   0: 0x80006930 (0x03d299b3) mulh    s3, t0, t4
core   0: 3 0x80006930 (0x03d299b3) x19 0x00000000
core   0: 0x80006934 (0x0000939a) c.add   t2, t1
core   0: 3 0x80006934 (0x939a) x 7 0x0000072c
core   0: 0x80006936 (0x00009a8a) c.add   s5, sp
core   0: 3 0x80006936 (0x9a8a) x21 0x8ba0ffef
core   0: 0x80006938 (0x00000904) c.addi4spn s1, sp, 144
core   0: 3 0x80006938 (0x0904) x 9 0x00000100
core   0: 0x8000693a (0x01fab033) sltu    zero, s5, t6
core   0: 3 0x8000693a (0x01fab033)
core   0: 0x8000693e (0x0000866e) c.mv    a2, s11
core   0: 3 0x8000693e (0x866e) x12 0xffc27bd8
core   0: 0x80006940 (0x006c0b33) add     s6, s8, t1
core   0: 3 0x80006940 (0x006c0b33) x22 0xffc27e3f
core   0: 0x80006944 (0x00008d56) c.mv    s10, s5
core   0: 3 0x80006944 (0x8d56) x26 0x8ba0ffef
core   0: 0x80006946 (0x69dc2913) slti    s2, s8, 1693
core   0: 3 0x80006946 (0x69dc2913) x18 0x00000001
core   0: 0x8000694a (0x41985a93) srai    s5, a6, 25
core   0: 3 0x8000694a (0x41985a93) x21 0x00000000
core   0: 0x8000694e (0x00008b69) c.andi  a4, 26
core   0: 3 0x8000694e (0x8b69) x14 0x00000000
core   0: 0x80006950 (0xb71bb393) sltiu   t2, s7, -1167
core   0: 3 0x80006950 (0xb71bb393) x 7 0x00000001
core   0: 0x80006954 (0x0000984e) c.add   a6, s3
core   0: 3 0x80006954 (0x984e) x16 0x00000000
core   0: 0x80006956 (0x01ff4d13) xori    s10, t5, 31
core   0: 3 0x80006956 (0x01ff4d13) x26 0x8ba07e20
core   0: 0x8000695a (0x00000001) c.nop
core   0: 3 0x8000695a (0x0001)
core   0: 0x8000695c (0x037f83b3) mul     t2, t6, s7
core   0: 3 0x8000695c (0x037f83b3) x 7 0x039f8a80
core   0: 0x80006960 (0x01e19ab3) sll     s5, gp, t5
core   0: 3 0x80006960 (0x01e19ab3) x21 0x00000000
core   0: 0x80006964 (0x00f02133) slt     sp, zero, a5
core   0: 3 0x80006964 (0x00f02133) x 2 0x00000000
core   0: 0x80006968 (0x00000001) c.nop
core   0: 3 0x80006968 (0x0001)
core   0: 0x8000696a (0x00006ef1) c.lui   t4, 0x1c
core   0: 3 0x8000696a (0x6ef1) x29 0x0001c000
core   0: 0x8000696c (0x02a020b3) mulhsu  ra, zero, a0
core   0: 3 0x8000696c (0x02a020b3) x 1 0x00000000
core   0: 0x80006970 (0x00000236) c.slli  tp, 13
core   0: 3 0x80006970 (0x0236) x 4 0x00aec000
core   0: 0x80006972 (0xc9c9b993) sltiu   s3, s3, -868
core   0: 3 0x80006972 (0xc9c9b993) x19 0x00000001
core   0: 0x80006976 (0xaadfcc93) xori    s9, t6, -1363
core   0: 3 0x80006976 (0xaadfcc93) x25 0xbffef3ae
core   0: 0x8000697a (0x01f459b3) srl     s3, s0, t6
core   0: 3 0x8000697a (0x01f459b3) x19 0x1ff84f89
core   0: 0x8000697e (0x00008e95) c.sub   a3, a3
core   0: 3 0x8000697e (0x8e95) x13 0x00000000
core   0: 0x80006980 (0xf6e4a213) slti    tp, s1, -146
core   0: 3 0x80006980 (0xf6e4a213) x 4 0x00000000
core   0: 0x80006984 (0x00008fb5) c.xor   a5, a3
core   0: 3 0x80006984 (0x8fb5) x15 0x00000000
core   0: 0x80006986 (0x00008ce5) c.and   s1, s1
core   0: 3 0x80006986 (0x8ce5) x 9 0x00000100
core   0: 0x80006988 (0x6804b013) sltiu   zero, s1, 1664
core   0: 3 0x80006988 (0x6804b013)
core   0: 0x8000698c (0x35d7e017) auipc   zero, 0x35d7e
core   0: 3 0x8000698c (0x35d7e017)
core   0: 0x80006990 (0x40c103b3) sub     t2, sp, a2
core   0: 3 0x80006990 (0x40c103b3) x 7 0x003d8428
core   0: 0x80006994 (0x017dd1b3) srl     gp, s11, s7
core   0: 3 0x80006994 (0x017dd1b3) x 3 0xffc27bd8
core   0: 0x80006998 (0xb0c24693) xori    a3, tp, -1268
core   0: 3 0x80006998 (0xb0c24693) x13 0xfffffb0c
core   0: 0x8000699c (0x000050fd) c.li    ra, -1
core   0: 3 0x8000699c (0x50fd) x 1 0xffffffff
core   0: 0x8000699e (0x6d94e293) ori     t0, s1, 1753
core   0: 3 0x8000699e (0x6d94e293) x 5 0x000007d9
core   0: 0x800069a2 (0x02537633) remu    a2, t1, t0
core   0: 3 0x800069a2 (0x02537633) x12 0x00000000
core   0: 0x800069a6 (0x00000001) c.nop
core   0: 3 0x800069a6 (0x0001)
core   0: 0x800069a8 (0x017b0233) add     tp, s6, s7
core   0: 3 0x800069a8 (0x017b0233) x 4 0xffc281bf
core   0: 0x800069ac (0x03e75eb3) divu    t4, a4, t5
core   0: 3 0x800069ac (0x03e75eb3) x29 0x00000000
core   0: 0x800069b0 (0x023ebbb3) mulhu   s7, t4, gp
core   0: 3 0x800069b0 (0x023ebbb3) x23 0x00000000
core   0: 0x800069b4 (0x0353b033) mulhu   zero, t2, s5
core   0: 3 0x800069b4 (0x0353b033)
core   0: 0x800069b8 (0xa16de693) ori     a3, s11, -1514
core   0: 3 0x800069b8 (0xa16de693) x13 0xfffffbde
core   0: 0x800069bc (0x00008271) c.srli  a2, 28
core   0: 3 0x800069bc (0x8271) x12 0x00000000
core   0: 0x800069be (0x0000862e) c.mv    a2, a1
core   0: 3 0x800069be (0x862e) x12 0x8000ee64
core   0: 0x800069c0 (0x025379b3) remu    s3, t1, t0
core   0: 3 0x800069c0 (0x025379b3) x19 0x00000000
core   0: 0x800069c4 (0x023dccb3) div     s9, s11, gp
core   0: 3 0x800069c4 (0x023dccb3) x25 0x00000001
core   0: 0x800069c8 (0x00441793) slli    a5, s0, 4
core   0: 3 0x800069c8 (0x00441793) x15 0xfc27c480
core   0: 0x800069cc (0x19123437) lui     s0, 0x19123
core   0: 3 0x800069cc (0x19123437) x 8 0x19123000
core   0: 0x800069d0 (0x00001e80) c.addi4spn s0, sp, 880
core   0: 3 0x800069d0 (0x1e80) x 8 0x00000370
core   0: 0x800069d2 (0x00009afd) c.andi  a3, -1
core   0: 3 0x800069d2 (0x9afd) x13 0xfffffbde
core   0: 0x800069d4 (0x00008ea1) c.xor   a3, s0
core   0: 3 0x800069d4 (0x8ea1) x13 0xfffff8ae
core   0: 0x800069d6 (0x0000875d) c.srai  a4, 23
core   0: 3 0x800069d6 (0x875d) x14 0x00000000
core   0: 0x800069d8 (0x00000001) c.nop
core   0: 3 0x800069d8 (0x0001)
core   0: 0x800069da (0x00001498) c.addi4spn a4, sp, 608
core   0: 3 0x800069da (0x1498) x14 0x00000260
core   0: 0x800069dc (0x00008b75) c.andi  a4, 29
core   0: 3 0x800069dc (0x8b75) x14 0x00000000
core   0: 0x800069de (0x025cab33) mulhsu  s6, s9, t0
core   0: 3 0x800069de (0x025cab33) x22 0x00000000
core   0: 0x800069e2 (0x03bf21b3) mulhsu  gp, t5, s11
core   0: 3 0x800069e2 (0x03bf21b3) x 3 0x8bbc7514
core   0: 0x800069e6 (0x01745713) srli    a4, s0, 23
core   0: 3 0x800069e6 (0x01745713) x14 0x00000000
core   0: 0x800069ea (0x073aeb13) ori     s6, s5, 115
core   0: 3 0x800069ea (0x073aeb13) x22 0x00000073
core   0: 0x800069ee (0x00e304b3) add     s1, t1, a4
core   0: 3 0x800069ee (0x00e304b3) x 9 0x00000000
core   0: 0x800069f2 (0x020d47b3) div     a5, s10, zero
core   0: 3 0x800069f2 (0x020d47b3) x15 0xffffffff
core   0: 0x800069f6 (0x02f22833) mulhsu  a6, tp, a5
core   0: 3 0x800069f6 (0x02f22833) x16 0xffc281bf
core   0: 0x800069fa (0x021109b3) mul     s3, sp, ra
core   0: 3 0x800069fa (0x021109b3) x19 0x00000000
core   0: 0x800069fe (0x023a7db3) remu    s11, s4, gp
core   0: 3 0x800069fe (0x023a7db3) x27 0x8000ed42
core   0: 0x80006a02 (0x00387d33) and     s10, a6, gp
core   0: 3 0x80006a02 (0x00387d33) x26 0x8b800114
core   0: 0x80006a06 (0x00009b7d) c.andi  a4, -1
core   0: 3 0x80006a06 (0x9b7d) x14 0x00000000
core   0: 0x80006a08 (0x032f4633) div     a2, t5, s2
core   0: 3 0x80006a08 (0x032f4633) x12 0x8ba07e3f
core   0: 0x80006a0c (0x00008c51) c.or    s0, a2
core   0: 3 0x80006a0c (0x8c51) x 8 0x8ba07f7f
core   0: 0x80006a0e (0x000083ee) c.mv    t2, s11
core   0: 3 0x80006a0e (0x83ee) x 7 0x8000ed42
core   0: 0x80006a10 (0x00b690b3) sll     ra, a3, a1
core   0: 3 0x80006a10 (0x00b690b3) x 1 0xffff8ae0
core   0: 0x80006a14 (0xf2967113) andi    sp, a2, -215
core   0: 3 0x80006a14 (0xf2967113) x 2 0x8ba07e29
core   0: 0x80006a18 (0x008934b3) sltu    s1, s2, s0
core   0: 3 0x80006a18 (0x008934b3) x 9 0x00000001
core   0: 0x80006a1c (0x007baab3) slt     s5, s7, t2
core   0: 3 0x80006a1c (0x007baab3) x21 0x00000000
core   0: 0x80006a20 (0x027df333) remu    t1, s11, t2
core   0: 3 0x80006a20 (0x027df333) x 6 0x00000000
core   0: 0x80006a24 (0x00000231) c.addi  tp, 12
core   0: 3 0x80006a24 (0x0231) x 4 0xffc281cb
core   0: 0x80006a26 (0x00a401b3) add     gp, s0, a0
core   0: 3 0x80006a26 (0x00a401b3) x 3 0x0ba1ac63
core   0: 0x80006a2a (0x11256613) ori     a2, a0, 274
core   0: 3 0x80006a2a (0x11256613) x12 0x80012df6
core   0: 0x80006a2e (0x76dc4c93) xori    s9, s8, 1901
core   0: 3 0x80006a2e (0x76dc4c93) x25 0xffc27952
core   0: 0x80006a32 (0x0052cab3) xor     s5, t0, t0
core   0: 3 0x80006a32 (0x0052cab3) x21 0x00000000
core   0: 0x80006a36 (0x00006139) c.addi16sp sp, 448
core   0: 3 0x80006a36 (0x6139) x 2 0x8ba07fe9
core   0: 0x80006a38 (0x01c91ab3) sll     s5, s2, t3
core   0: 3 0x80006a38 (0x01c91ab3) x21 0x00040000
core   0: 0x80006a3c (0x00008e3d) c.xor   a2, a5
core   0: 3 0x80006a3c (0x8e3d) x12 0x7ffed209
core   0: 0x80006a3e (0x0000023e) c.slli  tp, 15
core   0: 3 0x80006a3e (0x023e) x 4 0x40e58000
core   0: 0x80006a40 (0x000099c2) c.add   s3, a6
core   0: 3 0x80006a40 (0x99c2) x19 0xffc281bf
core   0: 0x80006a42 (0x000044a9) c.li    s1, 10
core   0: 3 0x80006a42 (0x44a9) x 9 0x0000000a
core   0: 0x80006a44 (0x006d9e33) sll     t3, s11, t1
core   0: 3 0x80006a44 (0x006d9e33) x28 0x8000ed42
core   0: 0x80006a48 (0x00006471) c.lui   s0, 0x1c
core   0: 3 0x80006a48 (0x6471) x 8 0x0001c000
core   0: 0x80006a4a (0x09ddf713) andi    a4, s11, 157
core   0: 3 0x80006a4a (0x09ddf713) x14 0x00000000
core   0: 0x80006a4e (0x9d578693) addi    a3, a5, -1579
core   0: 3 0x80006a4e (0x9d578693) x13 0xfffff9d4
core   0: 0x80006a52 (0x47bf99b7) lui     s3, 0x47bf9
core   0: 3 0x80006a52 (0x47bf99b7) x19 0x47bf9000
core   0: 0x80006a56 (0x40a8d833) sra     a6, a7, a0
core   0: 3 0x80006a56 (0x40a8d833) x16 0x00020008
core   0: 0x80006a5a (0x515a0a13) addi    s4, s4, 1301
core   0: 3 0x80006a5a (0x515a0a13) x20 0x8000f257
core   0: 0x80006a5e (0x029de933) rem     s2, s11, s1
core   0: 3 0x80006a5e (0x029de933) x18 0x00000000
core   0: 0x80006a62 (0x866e3613) sltiu   a2, t3, -1946
core   0: 3 0x80006a62 (0x866e3613) x12 0x00000001
core   0: 0x80006a66 (0x03bbcdb3) div     s11, s7, s11
core   0: 3 0x80006a66 (0x03bbcdb3) x27 0x00000000
core   0: 0x80006a6a (0x00006145) c.addi16sp sp, 48
core   0: 3 0x80006a6a (0x6145) x 2 0x8ba08019
core   0: 0x80006a6c (0x00b893b3) sll     t2, a7, a1
core   0: 3 0x80006a6c (0x00b893b3) x 7 0x02000840
core   0: 0x80006a70 (0x0359fab3) remu    s5, s3, s5
core   0: 3 0x80006a70 (0x0359fab3) x21 0x00039000
core   0: 0x80006a74 (0x4162d793) srai    a5, t0, 22
core   0: 3 0x80006a74 (0x4162d793) x15 0x00000000
core   0: 0x80006a78 (0xd892d017) auipc   zero, 0xd892d
core   0: 3 0x80006a78 (0xd892d017)
core   0: 0x80006a7c (0x40ae5933) sra     s2, t3, a0
core   0: 3 0x80006a7c (0x40ae5933) x18 0xf8000ed4
core   0: 0x80006a80 (0x00008ce1) c.and   s1, s0
core   0: 3 0x80006a80 (0x8ce1) x 9 0x00000000
core   0: 0x80006a82 (0x033a8e33) mul     t3, s5, s3
core   0: 3 0x80006a82 (0x033a8e33) x28 0x71000000
core   0: 0x80006a86 (0x00009fde) c.add   t6, s7
core   0: 3 0x80006a86 (0x9fde) x31 0x40010903
core   0: 0x80006a88 (0x02cc0e33) mul     t3, s8, a2
core   0: 3 0x80006a88 (0x02cc0e33) x28 0xffc27e3f
core   0: 0x80006a8c (0x0259b2b3) mulhu   t0, s3, t0
core   0: 3 0x80006a8c (0x0259b2b3) x 5 0x00000233
core   0: 0x80006a90 (0x000087f2) c.mv    a5, t3
core   0: 3 0x80006a90 (0x87f2) x15 0xffc27e3f
core   0: 0x80006a92 (0x412ed813) srai    a6, t4, 18
core   0: 3 0x80006a92 (0x412ed813) x16 0x00000000
core   0: 0x80006a96 (0x01bf88b3) add     a7, t6, s11
core   0: 3 0x80006a96 (0x01bf88b3) x17 0x40010903
core   0: 0x80006a9a (0x000000ae) c.slli  ra, 11
core   0: 3 0x80006a9a (0x00ae) x 1 0xfc570000
core   0: 0x80006a9c (0x6ffffd13) andi    s10, t6, 1791
core   0: 3 0x80006a9c (0x6ffffd13) x26 0x00000003
core   0: 0x80006aa0 (0xdff4f117) auipc   sp, 0xdff4f
core   0: 3 0x80006aa0 (0xdff4f117) x 2 0x5ff55aa0
core   0: 0x80006aa4 (0x02c31b33) mulh    s6, t1, a2
core   0: 3 0x80006aa4 (0x02c31b33) x22 0x00000000
core   0: 0x80006aa8 (0x41145cb3) sra     s9, s0, a7
core   0: 3 0x80006aa8 (0x41145cb3) x25 0x00003800
core   0: 0x80006aac (0x01b2fd33) and     s10, t0, s11
core   0: 3 0x80006aac (0x01b2fd33) x26 0x00000000
core   0: 0x80006ab0 (0x0026b4b3) sltu    s1, a3, sp
core   0: 3 0x80006ab0 (0x0026b4b3) x 9 0x00000000
core   0: 0x80006ab4 (0x00008f9d) c.sub   a5, a5
core   0: 3 0x80006ab4 (0x8f9d) x15 0x00000000
core   0: 0x80006ab6 (0x01e44833) xor     a6, s0, t5
core   0: 3 0x80006ab6 (0x01e44833) x16 0x8ba1be3f
core   0: 0x80006aba (0x00008079) c.srli  s0, 30
core   0: 3 0x80006aba (0x8079) x 8 0x00000000
core   0: 0x80006abc (0x02b3c9b3) div     s3, t2, a1
core   0: 3 0x80006abc (0x02b3c9b3) x19 0x00000000
core   0: 0x80006ac0 (0x507ecc93) xori    s9, t4, 1287
core   0: 3 0x80006ac0 (0x507ecc93) x25 0x00000507
core   0: 0x80006ac4 (0x01c3ceb3) xor     t4, t2, t3
core   0: 3 0x80006ac4 (0x01c3ceb3) x29 0xfdc2767f
core   0: 0x80006ac8 (0x0000577d) c.li    a4, -1
core   0: 3 0x80006ac8 (0x577d) x14 0xffffffff
core   0: 0x80006aca (0x7aa36c93) ori     s9, t1, 1962
core   0: 3 0x80006aca (0x7aa36c93) x25 0x000007aa
core   0: 0x80006ace (0x02076f33) rem     t5, a4, zero
core   0: 3 0x80006ace (0x02076f33) x30 0xffffffff
core   0: 0x80006ad2 (0x00008bfe) c.mv    s7, t6
core   0: 3 0x80006ad2 (0x8bfe) x23 0x40010903
core   0: 0x80006ad4 (0x031b9333) mulh    t1, s7, a7
core   0: 3 0x80006ad4 (0x031b9333) x 6 0x10008482
core   0: 0x80006ad8 (0x00008f49) c.or    a4, a0
core   0: 3 0x80006ad8 (0x8f49) x14 0xffffffff
core   0: 0x80006ada (0x025ebeb3) mulhu   t4, t4, t0
core   0: 3 0x80006ada (0x025ebeb3) x29 0x0000022e
core   0: 0x80006ade (0x00000198) c.addi4spn a4, sp, 192
core   0: 3 0x80006ade (0x0198) x14 0x5ff55b60
core   0: 0x80006ae0 (0x005117b3) sll     a5, sp, t0
core   0: 3 0x80006ae0 (0x005117b3) x15 0xd5000000
core   0: 0x80006ae4 (0x3b0cd337) lui     t1, 0x3b0cd
core   0: 3 0x80006ae4 (0x3b0cd337) x 6 0x3b0cd000
core   0: 0x80006ae8 (0x03510a33) mul     s4, sp, s5
core   0: 3 0x80006ae8 (0x03510a33) x20 0x12da0000
core   0: 0x80006aec (0x415d8733) sub     a4, s11, s5
core   0: 3 0x80006aec (0x415d8733) x14 0xfffc7000
core   0: 0x80006af0 (0x013500b3) add     ra, a0, s3
core   0: 3 0x80006af0 (0x013500b3) x 1 0x80012ce4
core   0: 0x80006af4 (0x02b39ab3) mulh    s5, t2, a1
core   0: 3 0x80006af4 (0x02b39ab3) x21 0xfefffdbc
core   0: 0x80006af8 (0x039a5f33) divu    t5, s4, s9
core   0: 3 0x80006af8 (0x039a5f33) x30 0x000275b1
core   0: 0x80006afc (0x407304b3) sub     s1, t1, t2
core   0: 3 0x80006afc (0x407304b3) x 9 0x390cc7c0
core   0: 0x80006b00 (0x02f3f1b3) remu    gp, t2, a5
core   0: 3 0x80006b00 (0x02f3f1b3) x 3 0x02000840
core   0: 0x80006b04 (0x00000001) c.nop
core   0: 3 0x80006b04 (0x0001)
core   0: 0x80006b06 (0x00001cfd) c.addi  s9, -1
core   0: 3 0x80006b06 (0x1cfd) x25 0x000007a9
core   0: 0x80006b08 (0xf632a197) auipc   gp, 0xf632a
core   0: 3 0x80006b08 (0xf632a197) x 3 0x76330b08
core   0: 0x80006b0c (0x00008f49) c.or    a4, a0
core   0: 3 0x80006b0c (0x8f49) x14 0xfffd7ce4
core   0: 0x80006b0e (0x0000808a) c.mv    ra, sp
core   0: 3 0x80006b0e (0x808a) x 1 0x5ff55aa0
core   0: 0x80006b10 (0x01313cb3) sltu    s9, sp, s3
core   0: 3 0x80006b10 (0x01313cb3) x25 0x00000000
core   0: 0x80006b14 (0x023da433) mulhsu  s0, s11, gp
core   0: 3 0x80006b14 (0x023da433) x 8 0x00000000
core   0: 0x80006b18 (0xa57aa193) slti    gp, s5, -1449
core   0: 3 0x80006b18 (0xa57aa193) x 3 0x00000001
core   0: 0x80006b1c (0x0593aa93) slti    s5, t2, 89
core   0: 3 0x80006b1c (0x0593aa93) x21 0x00000000
core   0: 0x80006b20 (0x92e4f193) andi    gp, s1, -1746
core   0: 3 0x80006b20 (0x92e4f193) x 3 0x390cc100
core   0: 0x80006b24 (0x0105d213) srli    tp, a1, 16
core   0: 3 0x80006b24 (0x0105d213) x 4 0x00008000
core   0: 0x80006b28 (0x00008c41) c.or    s0, s0
core   0: 3 0x80006b28 (0x8c41) x 8 0x00000000
core   0: 0x80006b2a (0x00004495) c.li    s1, 5
core   0: 3 0x80006b2a (0x4495) x 9 0x00000005
core   0: 0x80006b2c (0x00008f01) c.sub   a4, s0
core   0: 3 0x80006b2c (0x8f01) x14 0xfffd7ce4
core   0: 0x80006b2e (0x00005cfd) c.li    s9, -1
core   0: 3 0x80006b2e (0x5cfd) x25 0xffffffff
core   0: 0x80006b30 (0x00d7d313) srli    t1, a5, 13
core   0: 3 0x80006b30 (0x00d7d313) x 6 0x0006a800
core   0: 0x80006b34 (0x00000001) c.nop
core   0: 3 0x80006b34 (0x0001)
core   0: 0x80006b36 (0x03752033) mulhsu  zero, a0, s7
core   0: 3 0x80006b36 (0x03752033)
core   0: 0x80006b3a (0x003790b3) sll     ra, a5, gp
core   0: 3 0x80006b3a (0x003790b3) x 1 0xd5000000
core   0: 0x80006b3e (0x00009b1e) c.add   s6, t2
core   0: 3 0x80006b3e (0x9b1e) x22 0x02000840
core   0: 0x80006b40 (0x030f0bb3) mul     s7, t5, a6
core   0: 3 0x80006b40 (0x030f0bb3) x23 0xf345548f
core   0: 0x80006b44 (0x00001e7d) c.addi  t3, -1
core   0: 3 0x80006b44 (0x1e7d) x28 0xffc27e3e
core   0: 0x80006b46 (0xc0b43113) sltiu   sp, s0, -1013
core   0: 3 0x80006b46 (0xc0b43113) x 2 0x00000001
core   0: 0x80006b4a (0x9d192d13) slti    s10, s2, -1583
core   0: 3 0x80006b4a (0x9d192d13) x26 0x00000001
core   0: 0x80006b4e (0x000008de) c.slli  a7, 23
core   0: 3 0x80006b4e (0x08de) x17 0x81800000
core   0: 0x80006b50 (0x0120b4b3) sltu    s1, ra, s2
core   0: 3 0x80006b50 (0x0120b4b3) x 9 0x00000001
core   0: 0x80006b54 (0x4168d093) srai    ra, a7, 22
core   0: 3 0x80006b54 (0x4168d093) x 1 0xfffffe06
core   0: 0x80006b58 (0x00a9edb3) or      s11, s3, a0
core   0: 3 0x80006b58 (0x00a9edb3) x27 0x80012ce4
core   0: 0x80006b5c (0xf7ce2613) slti    a2, t3, -132
core   0: 3 0x80006b5c (0xf7ce2613) x12 0x00000001
core   0: 0x80006b60 (0x000069d1) c.lui   s3, 0x14
core   0: 3 0x80006b60 (0x69d1) x19 0x00014000
core   0: 0x80006b62 (0x000014fd) c.addi  s1, -1
core   0: 3 0x80006b62 (0x14fd) x 9 0x00000000
core   0: 0x80006b64 (0x00006145) c.addi16sp sp, 48
core   0: 3 0x80006b64 (0x6145) x 2 0x00000031
core   0: 0x80006b66 (0x0083bbb3) sltu    s7, t2, s0
core   0: 3 0x80006b66 (0x0083bbb3) x23 0x00000000
core   0: 0x80006b6a (0x00006d65) c.lui   s10, 0x19
core   0: 3 0x80006b6a (0x6d65) x26 0x00019000
core   0: 0x80006b6c (0x01df50b3) srl     ra, t5, t4
core   0: 3 0x80006b6c (0x01df50b3) x 1 0x00000009
core   0: 0x80006b70 (0x8834f013) andi    zero, s1, -1917
core   0: 3 0x80006b70 (0x8834f013)
core   0: 0x80006b74 (0x00000001) c.nop
core   0: 3 0x80006b74 (0x0001)
core   0: 0x80006b76 (0x03cd2e33) mulhsu  t3, s10, t3
core   0: 3 0x80006b76 (0x03cd2e33) x28 0x00018f9f
core   0: 0x80006b7a (0x03c0e633) rem     a2, ra, t3
core   0: 3 0x80006b7a (0x03c0e633) x12 0x00000009
core   0: 0x80006b7e (0x84104c93) xori    s9, zero, -1983
core   0: 3 0x80006b7e (0x84104c93) x25 0xfffff841
core   0: 0x80006b82 (0xd27fa913) slti    s2, t6, -729
core   0: 3 0x80006b82 (0xd27fa913) x18 0x00000000
core   0: 0x80006b86 (0x005ab733) sltu    a4, s5, t0
core   0: 3 0x80006b86 (0x005ab733) x14 0x00000001
core   0: 0x80006b8a (0x00004e0d) c.li    t3, 3
core   0: 3 0x80006b8a (0x4e0d) x28 0x00000003
core   0: 0x80006b8c (0x03293133) mulhu   sp, s2, s2
core   0: 3 0x80006b8c (0x03293133) x 2 0x00000000
core   0: 0x80006b90 (0x1cfadcb7) lui     s9, 0x1cfad
core   0: 3 0x80006b90 (0x1cfadcb7) x25 0x1cfad000
core   0: 0x80006b94 (0x0a360a13) addi    s4, a2, 163
core   0: 3 0x80006b94 (0x0a360a13) x20 0x000000ac
core   0: 0x80006b98 (0x01812733) slt     a4, sp, s8
core   0: 3 0x80006b98 (0x01812733) x14 0x00000000
core   0: 0x80006b9c (0x41cdd913) srai    s2, s11, 28
core   0: 3 0x80006b9c (0x41cdd913) x18 0xfffffff8
core   0: 0x80006ba0 (0x00000001) c.nop
core   0: 3 0x80006ba0 (0x0001)
core   0: 0x80006ba2 (0x0000987d) c.andi  s0, -1
core   0: 3 0x80006ba2 (0x987d) x 8 0x00000000
core   0: 0x80006ba4 (0x0000717d) c.addi16sp sp, -16
core   0: 3 0x80006ba4 (0x717d) x 2 0xfffffff0
core   0: 0x80006ba6 (0x0000611d) c.addi16sp sp, 416
core   0: 3 0x80006ba6 (0x611d) x 2 0x00000190
core   0: 0x80006ba8 (0x00928bb3) add     s7, t0, s1
core   0: 3 0x80006ba8 (0x00928bb3) x23 0x00000233
core   0: 0x80006bac (0x4089df33) sra     t5, s3, s0
core   0: 3 0x80006bac (0x4089df33) x30 0x00014000
core   0: 0x80006bb0 (0x00008fd9) c.or    a5, a4
core   0: 3 0x80006bb0 (0x8fd9) x15 0xd5000000
core   0: 0x80006bb2 (0x011c1093) slli    ra, s8, 17
core   0: 3 0x80006bb2 (0x011c1093) x 1 0xfc7e0000
core   0: 0x80006bb6 (0x4329d737) lui     a4, 0x4329d
core   0: 3 0x80006bb6 (0x4329d737) x14 0x4329d000
core   0: 0x80006bba (0x00008fe1) c.and   a5, s0
core   0: 3 0x80006bba (0x8fe1) x15 0x00000000
core   0: 0x80006bbc (0x00000001) c.nop
core   0: 3 0x80006bbc (0x0001)
core   0: 0x80006bbe (0x03ef3733) mulhu   a4, t5, t5
core   0: 3 0x80006bbe (0x03ef3733) x14 0x00000001
core   0: 0x80006bc2 (0x405f5e33) sra     t3, t5, t0
core   0: 3 0x80006bc2 (0x405f5e33) x28 0x00000000
core   0: 0x80006bc6 (0x02dfc233) div     tp, t6, a3
core   0: 3 0x80006bc6 (0x02dfc233) x 4 0xfff5a136
core   0: 0x80006bca (0x40865693) srai    a3, a2, 8
core   0: 3 0x80006bca (0x40865693) x13 0x00000000
core   0: 0x80006bce (0x00008f39) c.xor   a4, a4
core   0: 3 0x80006bce (0x8f39) x14 0x00000000
core   0: 0x80006bd0 (0x00f91893) slli    a7, s2, 15
core   0: 3 0x80006bd0 (0x00f91893) x17 0xfffc0000
core   0: 0x80006bd4 (0x01e91fb3) sll     t6, s2, t5
core   0: 3 0x80006bd4 (0x01e91fb3) x31 0xfffffff8
core   0: 0x80006bd8 (0x1dfd7813) andi    a6, s10, 479
core   0: 3 0x80006bd8 (0x1dfd7813) x16 0x00000000
core   0: 0x80006bdc (0x00a160b3) or      ra, sp, a0
core   0: 3 0x80006bdc (0x00a160b3) x 1 0x80012df4
core   0: 0x80006be0 (0x00000001) c.nop
core   0: 3 0x80006be0 (0x0001)
core   0: 0x80006be2 (0x00008c51) c.or    s0, a2
core   0: 3 0x80006be2 (0x8c51) x 8 0x00000009
core   0: 0x80006be4 (0x01f38b33) add     s6, t2, t6
core   0: 3 0x80006be4 (0x01f38b33) x22 0x02000838
core   0: 0x80006be8 (0x00000001) c.nop
core   0: 3 0x80006be8 (0x0001)
core   0: 0x80006bea (0x00008295) c.srli  a3, 5
core   0: 3 0x80006bea (0x8295) x13 0x00000000
core   0: 0x80006bec (0x029ab133) mulhu   sp, s5, s1
core   0: 3 0x80006bec (0x029ab133) x 2 0x00000000
core   0: 0x80006bf0 (0x03209b33) mulh    s6, ra, s2
core   0: 3 0x80006bf0 (0x03209b33) x22 0x00000003
core   0: 0x80006bf4 (0x00006f1d) c.lui   t5, 0x7
core   0: 3 0x80006bf4 (0x6f1d) x30 0x00007000
core   0: 0x80006bf6 (0x02828733) mul     a4, t0, s0
core   0: 3 0x80006bf6 (0x02828733) x14 0x000013cb
core   0: 0x80006bfa (0x00008411) c.srai  s0, 4
core   0: 3 0x80006bfa (0x8411) x 8 0x00000000
core   0: 0x80006bfc (0x9104b013) sltiu   zero, s1, -1776
core   0: 3 0x80006bfc (0x9104b013)
core   0: 0x80006c00 (0x000048f5) c.li    a7, 29
core   0: 3 0x80006c00 (0x48f5) x17 0x0000001d
core   0: 0x80006c02 (0x01b2b033) sltu    zero, t0, s11
core   0: 3 0x80006c02 (0x01b2b033)
core   0: 0x80006c06 (0x01d61013) slli    zero, a2, 29
core   0: 3 0x80006c06 (0x01d61013)
core   0: 0x80006c0a (0x00000001) c.nop
core   0: 3 0x80006c0a (0x0001)
core   0: 0x80006c0c (0x01609ab3) sll     s5, ra, s6
core   0: 3 0x80006c0c (0x01609ab3) x21 0x00096fa0
core   0: 0x80006c10 (0x02a5f133) remu    sp, a1, a0
core   0: 3 0x80006c10 (0x02a5f133) x 2 0x8000ee64
core   0: 0x80006c14 (0x00008692) c.mv    a3, tp
core   0: 3 0x80006c14 (0x8692) x13 0xfff5a136
core   0: 0x80006c16 (0x02ac7033) remu    zero, s8, a0
core   0: 3 0x80006c16 (0x02ac7033)
core   0: 0x80006c1a (0x54797293) andi    t0, s2, 1351
core   0: 3 0x80006c1a (0x54797293) x 5 0x00000540
core   0: 0x80006c1e (0x007f9013) slli    zero, t6, 7
core   0: 3 0x80006c1e (0x007f9013)
core   0: 0x80006c22 (0x01243433) sltu    s0, s0, s2
core   0: 3 0x80006c22 (0x01243433) x 8 0x00000001
core   0: 0x80006c26 (0x02156ab3) rem     s5, a0, ra
core   0: 3 0x80006c26 (0x02156ab3) x21 0xfffffef0
core   0: 0x80006c2a (0x00cf7fb3) and     t6, t5, a2
core   0: 3 0x80006c2a (0x00cf7fb3) x31 0x00000000
core   0: 0x80006c2e (0x00008e09) c.sub   a2, a0
core   0: 3 0x80006c2e (0x8e09) x12 0x7ffed325
core   0: 0x80006c30 (0x00863833) sltu    a6, a2, s0
core   0: 3 0x80006c30 (0x00863833) x16 0x00000000
core   0: 0x80006c34 (0x00000001) c.nop
core   0: 3 0x80006c34 (0x0001)
core   0: 0x80006c36 (0x00a07ab3) and     s5, zero, a0
core   0: 3 0x80006c36 (0x00a07ab3) x21 0x00000000
core   0: 0x80006c3a (0xfa992193) slti    gp, s2, -87
core   0: 3 0x80006c3a (0xfa992193) x 3 0x00000000
core   0: 0x80006c3e (0x5b070693) addi    a3, a4, 1456
core   0: 3 0x80006c3e (0x5b070693) x13 0x0000197b
core   0: 0x80006c42 (0x006b5413) srli    s0, s6, 6
core   0: 3 0x80006c42 (0x006b5413) x 8 0x00000000
core   0: 0x80006c46 (0x41e8dd93) srai    s11, a7, 30
core   0: 3 0x80006c46 (0x41e8dd93) x27 0x00000000
core   0: 0x80006c4a (0x03a516b3) mulh    a3, a0, s10
core   0: 3 0x80006c4a (0x03a516b3) x13 0xffff3801
core   0: 0x80006c4e (0x00008f91) c.sub   a5, a2
core   0: 3 0x80006c4e (0x8f91) x15 0x80012cdb
core   0: 0x80006c50 (0x00000001) c.nop
core   0: 3 0x80006c50 (0x0001)
core   0: 0x80006c52 (0x00008f41) c.or    a4, s0
core   0: 3 0x80006c52 (0x8f41) x14 0x000013cb
core   0: 0x80006c54 (0x03748033) mul     zero, s1, s7
core   0: 3 0x80006c54 (0x03748033)
core   0: 0x80006c58 (0x00009baa) c.add   s7, a0
core   0: 3 0x80006c58 (0x9baa) x23 0x80012f17
core   0: 0x80006c5a (0x0156ceb3) xor     t4, a3, s5
core   0: 3 0x80006c5a (0x0156ceb3) x29 0xffff3801
core   0: 0x80006c5e (0x00006121) c.addi16sp sp, 64
core   0: 3 0x80006c5e (0x6121) x 2 0x8000eea4
core   0: 0x80006c60 (0x00009bfd) c.andi  a5, -1
core   0: 3 0x80006c60 (0x9bfd) x15 0x80012cdb
core   0: 0x80006c62 (0x402189b3) sub     s3, gp, sp
core   0: 3 0x80006c62 (0x402189b3) x19 0x7fff115c
core   0: 0x80006c66 (0x01c3be33) sltu    t3, t2, t3
core   0: 3 0x80006c66 (0x01c3be33) x28 0x00000000
core   0: 0x80006c6a (0x00505c93) srli    s9, zero, 5
core   0: 3 0x80006c6a (0x00505c93) x25 0x00000000
core   0: 0x80006c6e (0x78479a17) auipc   s4, 0x78479
core   0: 3 0x80006c6e (0x78479a17) x20 0xf847fc6e
core   0: 0x80006c72 (0x4ba9f893) andi    a7, s3, 1210
core   0: 3 0x80006c72 (0x4ba9f893) x17 0x00000018
core   0: 0x80006c76 (0x5a903697) auipc   a3, 0x5a903
core   0: 3 0x80006c76 (0x5a903697) x13 0xda909c76
core   0: 0x80006c7a (0x00008c61) c.and   s0, s0
core   0: 3 0x80006c7a (0x8c61) x 8 0x00000000
core   0: 0x80006c7c (0x00008025) c.srli  s0, 9
core   0: 3 0x80006c7c (0x8025) x 8 0x00000000
core   0: 0x80006c7e (0x02f9df33) divu    t5, s3, a5
core   0: 3 0x80006c7e (0x02f9df33) x30 0x00000000
core   0: 0x80006c82 (0x63a9aa93) slti    s5, s3, 1594
core   0: 3 0x80006c82 (0x63a9aa93) x21 0x00000000
core   0: 0x80006c86 (0x00001efd) c.addi  t4, -1
core   0: 3 0x80006c86 (0x1efd) x29 0xffff3800
core   0: 0x80006c88 (0x3decb713) sltiu   a4, s9, 990
core   0: 3 0x80006c88 (0x3decb713) x14 0x00000001
core   0: 0x80006c8c (0x00000001) c.nop
core   0: 3 0x80006c8c (0x0001)
core   0: 0x80006c8e (0x01df80b3) add     ra, t6, t4
core   0: 3 0x80006c8e (0x01df80b3) x 1 0xffff3800
core   0: 0x80006c92 (0x00cf1193) slli    gp, t5, 12
core   0: 3 0x80006c92 (0x00cf1193) x 3 0x00000000
core   0: 0x80006c96 (0x40da5193) srai    gp, s4, 13
core   0: 3 0x80006c96 (0x40da5193) x 3 0xffffc23f
core   0: 0x80006c9a (0x00008c89) c.sub   s1, a0
core   0: 3 0x80006c9a (0x8c89) x 9 0x7ffed31c
core   0: 0x80006c9c (0x028e9233) mulh    tp, t4, s0
core   0: 3 0x80006c9c (0x028e9233) x 4 0x00000000
core   0: 0x80006ca0 (0x039f2833) mulhsu  a6, t5, s9
core   0: 3 0x80006ca0 (0x039f2833) x16 0x00000000
core   0: 0x80006ca4 (0x408454b3) sra     s1, s0, s0
core   0: 3 0x80006ca4 (0x408454b3) x 9 0x00000000
core   0: 0x80006ca8 (0x00cb9613) slli    a2, s7, 12
core   0: 3 0x80006ca8 (0x00cb9613) x12 0x12f17000
core   0: 0x80006cac (0x02477233) remu    tp, a4, tp
core   0: 3 0x80006cac (0x02477233) x 4 0x00000001
core   0: 0x80006cb0 (0x032da433) mulhsu  s0, s11, s2
core   0: 3 0x80006cb0 (0x032da433) x 8 0x00000000
core   0: 0x80006cb4 (0x00008f55) c.or    a4, a3
core   0: 3 0x80006cb4 (0x8f55) x14 0xda909c77
core   0: 0x80006cb6 (0x00008a16) c.mv    s4, t0
core   0: 3 0x80006cb6 (0x8a16) x20 0x00000540
core   0: 0x80006cb8 (0x00000001) c.nop
core   0: 3 0x80006cb8 (0x0001)
core   0: 0x80006cba (0x00004445) c.li    s0, 17
core   0: 3 0x80006cba (0x4445) x 8 0x00000011
core   0: 0x80006cbc (0x01b8beb3) sltu    t4, a7, s11
core   0: 3 0x80006cbc (0x01b8beb3) x29 0x00000000
core   0: 0x80006cc0 (0x00008ce9) c.and   s1, a0
core   0: 3 0x80006cc0 (0x8ce9) x 9 0x00000000
core   0: 0x80006cc2 (0x029ebeb3) mulhu   t4, t4, s1
core   0: 3 0x80006cc2 (0x029ebeb3) x29 0x00000000
core   0: 0x80006cc6 (0x00008d3a) c.mv    s10, a4
core   0: 3 0x80006cc6 (0x8d3a) x26 0xda909c77
core   0: 0x80006cc8 (0x0000472d) c.li    a4, 11
core   0: 3 0x80006cc8 (0x472d) x14 0x0000000b
core   0: 0x80006cca (0xd88c3493) sltiu   s1, s8, -632
core   0: 3 0x80006cca (0xd88c3493) x 9 0x00000001
core   0: 0x80006cce (0x4102d033) sra     zero, t0, a6
core   0: 3 0x80006cce (0x4102d033)
core   0: 0x80006cd2 (0x02934133) div     sp, t1, s1
core   0: 3 0x80006cd2 (0x02934133) x 2 0x0006a800
core   0: 0x80006cd6 (0xf7f1e113) ori     sp, gp, -129
core   0: 3 0x80006cd6 (0xf7f1e113) x 2 0xffffff7f
core   0: 0x80006cda (0x022761b3) rem     gp, a4, sp
core   0: 3 0x80006cda (0x022761b3) x 3 0x0000000b
core   0: 0x80006cde (0x006a57b3) srl     a5, s4, t1
core   0: 3 0x80006cde (0x006a57b3) x15 0x00000540
core   0: 0x80006ce2 (0x021e7133) remu    sp, t3, ra
core   0: 3 0x80006ce2 (0x021e7133) x 2 0x00000000
core   0: 0x80006ce6 (0x00008e51) c.or    a2, a2
core   0: 3 0x80006ce6 (0x8e51) x12 0x12f17000
core   0: 0x80006ce8 (0x8ad1f413) andi    s0, gp, -1875
core   0: 3 0x80006ce8 (0x8ad1f413) x 8 0x00000009
core   0: 0x80006cec (0x0261ea33) rem     s4, gp, t1
core   0: 3 0x80006cec (0x0261ea33) x20 0x0000000b
core   0: 0x80006cf0 (0x45b66d13) ori     s10, a2, 1115
core   0: 3 0x80006cf0 (0x45b66d13) x26 0x12f1745b
core   0: 0x80006cf4 (0x01759cb3) sll     s9, a1, s7
core   0: 3 0x80006cf4 (0x01759cb3) x25 0x32000000
core   0: 0x80006cf8 (0x0046acb3) slt     s9, a3, tp
core   0: 3 0x80006cf8 (0x0046acb3) x25 0x00000001
core   0: 0x80006cfc (0x00000001) c.nop
core   0: 3 0x80006cfc (0x0001)
core   0: 0x80006cfe (0x00000cde) c.slli  s9, 23
core   0: 3 0x80006cfe (0x0cde) x25 0x00800000
core   0: 0x80006d00 (0xfa363213) sltiu   tp, a2, -93
core   0: 3 0x80006d00 (0xfa363213) x 4 0x00000001
core   0: 0x80006d04 (0x404f5d13) srai    s10, t5, 4
core   0: 3 0x80006d04 (0x404f5d13) x26 0x00000000
core   0: 0x80006d08 (0x95cc6493) ori     s1, s8, -1700
core   0: 3 0x80006d08 (0x95cc6493) x 9 0xffffff7f
core   0: 0x80006d0c (0x01511613) slli    a2, sp, 21
core   0: 3 0x80006d0c (0x01511613) x12 0x00000000
core   0: 0x80006d10 (0x000083d5) c.srli  a5, 21
core   0: 3 0x80006d10 (0x83d5) x15 0x00000000
core   0: 0x80006d12 (0x01c7f2b3) and     t0, a5, t3
core   0: 3 0x80006d12 (0x01c7f2b3) x 5 0x00000000
core   0: 0x80006d16 (0x0000717d) c.addi16sp sp, -16
core   0: 3 0x80006d16 (0x717d) x 2 0xfffffff0
core   0: 0x80006d18 (0x03d518b3) mulh    a7, a0, t4
core   0: 3 0x80006d18 (0x03d518b3) x17 0x00000000
core   0: 0x80006d1c (0x00effe33) and     t3, t6, a4
core   0: 3 0x80006d1c (0x00effe33) x28 0x00000000
core   0: 0x80006d20 (0x00a8f133) and     sp, a7, a0
core   0: 3 0x80006d20 (0x00a8f133) x 2 0x00000000
core   0: 0x80006d24 (0x40550733) sub     a4, a0, t0
core   0: 3 0x80006d24 (0x40550733) x14 0x80012ce4
core   0: 0x80006d28 (0x03e3d1b3) divu    gp, t2, t5
core   0: 3 0x80006d28 (0x03e3d1b3) x 3 0xffffffff
core   0: 0x80006d2c (0x01bd8d33) add     s10, s11, s11
core   0: 3 0x80006d2c (0x01bd8d33) x26 0x00000000
core   0: 0x80006d30 (0x00394033) xor     zero, s2, gp
core   0: 3 0x80006d30 (0x00394033)
core   0: 0x80006d34 (0x000087b5) c.srai  a5, 13
core   0: 3 0x80006d34 (0x87b5) x15 0x00000000
core   0: 0x80006d36 (0x03eda333) mulhsu  t1, s11, t5
core   0: 3 0x80006d36 (0x03eda333) x 6 0x00000000
core   0: 0x80006d3a (0x8f9c0e97) auipc   t4, 0x8f9c0
core   0: 3 0x80006d3a (0x8f9c0e97) x29 0x0f9c6d3a
core   0: 0x80006d3e (0x00787eb3) and     t4, a6, t2
core   0: 3 0x80006d3e (0x00787eb3) x29 0x00000000
core   0: 0x80006d42 (0x25e13093) sltiu   ra, sp, 606
core   0: 3 0x80006d42 (0x25e13093) x 1 0x00000001
core   0: 0x80006d46 (0x40505933) sra     s2, zero, t0
core   0: 3 0x80006d46 (0x40505933) x18 0x00000000
core   0: 0x80006d4a (0x0299abb3) mulhsu  s7, s3, s1
core   0: 3 0x80006d4a (0x0299abb3) x23 0x7fff111b
core   0: 0x80006d4e (0x314794b7) lui     s1, 0x31479
core   0: 3 0x80006d4e (0x314794b7) x 9 0x31479000
core   0: 0x80006d52 (0x0342c133) div     sp, t0, s4
core   0: 3 0x80006d52 (0x0342c133) x 2 0x00000000
core   0: 0x80006d56 (0x01a3d913) srli    s2, t2, 26
core   0: 3 0x80006d56 (0x01a3d913) x18 0x00000000
core   0: 0x80006d5a (0xb680e413) ori     s0, ra, -1176
core   0: 3 0x80006d5a (0xb680e413) x 8 0xfffffb69
core   0: 0x80006d5e (0x00006f65) c.lui   t5, 0x19
core   0: 3 0x80006d5e (0x6f65) x30 0x00019000
core   0: 0x80006d60 (0x03852a33) mulhsu  s4, a0, s8
core   0: 3 0x80006d60 (0x03852a33) x20 0x801fed7c
core   0: 0x80006d64 (0x00000001) c.nop
core   0: 3 0x80006d64 (0x0001)
core   0: 0x80006d66 (0x000087fd) c.srai  a5, 31
core   0: 3 0x80006d66 (0x87fd) x15 0x00000000
core   0: 0x80006d68 (0x26668393) addi    t2, a3, 614
core   0: 3 0x80006d68 (0x26668393) x 7 0xda909edc
core   0: 0x80006d6c (0x412fdb93) srai    s7, t6, 18
core   0: 3 0x80006d6c (0x412fdb93) x23 0x00000000
core   0: 0x80006d70 (0x01864333) xor     t1, a2, s8
core   0: 3 0x80006d70 (0x01864333) x 6 0xffc27e3f
core   0: 0x80006d74 (0x01d44ab3) xor     s5, s0, t4
core   0: 3 0x80006d74 (0x01d44ab3) x21 0xfffffb69
core   0: 0x80006d78 (0x037ec2b3) div     t0, t4, s7
core   0: 3 0x80006d78 (0x037ec2b3) x 5 0xffffffff
core   0: 0x80006d7c (0x0000101c) c.addi4spn a5, sp, 32
core   0: 3 0x80006d7c (0x101c) x15 0x00000020
core   0: 0x80006d7e (0x00006d09) c.lui   s10, 0x2
core   0: 3 0x80006d7e (0x6d09) x26 0x00002000
core   0: 0x80006d80 (0x00009c8e) c.add   s9, gp
core   0: 3 0x80006d80 (0x9c8e) x25 0x007fffff
core   0: 0x80006d82 (0x09c07113) andi    sp, zero, 156
core   0: 3 0x80006d82 (0x09c07113) x 2 0x00000000
core   0: 0x80006d86 (0x02fbe433) rem     s0, s7, a5
core   0: 3 0x80006d86 (0x02fbe433) x 8 0x00000000
core   0: 0x80006d8a (0x41538bb3) sub     s7, t2, s5
core   0: 3 0x80006d8a (0x41538bb3) x23 0xda90a373
core   0: 0x80006d8e (0x00008275) c.srli  a2, 29
core   0: 3 0x80006d8e (0x8275) x12 0x00000000
core   0: 0x80006d90 (0x3e582693) slti    a3, a6, 997
core   0: 3 0x80006d90 (0x3e582693) x13 0x00000001
core   0: 0x80006d94 (0x000059fd) c.li    s3, -1
core   0: 3 0x80006d94 (0x59fd) x19 0xffffffff
core   0: 0x80006d96 (0x00009b96) c.add   s7, t0
core   0: 3 0x80006d96 (0x9b96) x23 0xda90a372
core   0: 0x80006d98 (0x01de34b3) sltu    s1, t3, t4
core   0: 3 0x80006d98 (0x01de34b3) x 9 0x00000000
core   0: 0x80006d9c (0x03613833) mulhu   a6, sp, s6
core   0: 3 0x80006d9c (0x03613833) x16 0x00000000
core   0: 0x80006da0 (0xf09e0213) addi    tp, t3, -247
core   0: 3 0x80006da0 (0xf09e0213) x 4 0xffffff09
core   0: 0x80006da4 (0x0000614d) c.addi16sp sp, 176
core   0: 3 0x80006da4 (0x614d) x 2 0x000000b0
core   0: 0x80006da6 (0x00000398) c.addi4spn a4, sp, 448
core   0: 3 0x80006da6 (0x0398) x14 0x00000270
core   0: 0x80006da8 (0x00008e4d) c.or    a2, a1
core   0: 3 0x80006da8 (0x8e4d) x12 0x8000ee64
core   0: 0x80006daa (0x0000696d) c.lui   s2, 0x1b
core   0: 3 0x80006daa (0x696d) x18 0x0001b000
core   0: 0x80006dac (0x41235e93) srai    t4, t1, 18
core   0: 3 0x80006dac (0x41235e93) x29 0xfffffff0
core   0: 0x80006db0 (0xced87917) auipc   s2, 0xced87
core   0: 3 0x80006db0 (0xced87917) x18 0x4ed8ddb0
core   0: 0x80006db4 (0x00008f01) c.sub   a4, s0
core   0: 3 0x80006db4 (0x8f01) x14 0x00000270
core   0: 0x80006db6 (0x00005cfd) c.li    s9, -1
core   0: 3 0x80006db6 (0x5cfd) x25 0xffffffff
core   0: 0x80006db8 (0x03ebe8b3) rem     a7, s7, t5
core   0: 3 0x80006db8 (0x03ebe8b3) x17 0xffff7372
core   0: 0x80006dbc (0x40d7d4b3) sra     s1, a5, a3
core   0: 3 0x80006dbc (0x40d7d4b3) x 9 0x00000010
core   0: 0x80006dc0 (0xa212bb93) sltiu   s7, t0, -1503
core   0: 3 0x80006dc0 (0xa212bb93) x23 0x00000000
core   0: 0x80006dc4 (0x01cd3033) sltu    zero, s10, t3
core   0: 3 0x80006dc4 (0x01cd3033)
core   0: 0x80006dc8 (0x013acd33) xor     s10, s5, s3
core   0: 3 0x80006dc8 (0x013acd33) x26 0x00000496
core   0: 0x80006dcc (0x0000717d) c.addi16sp sp, -16
core   0: 3 0x80006dcc (0x717d) x 2 0x000000a0
core   0: 0x80006dce (0x036f71b3) remu    gp, t5, s6
core   0: 3 0x80006dce (0x036f71b3) x 3 0x00000001
core   0: 0x80006dd2 (0x010d2433) slt     s0, s10, a6
core   0: 3 0x80006dd2 (0x010d2433) x 8 0x00000000
core   0: 0x80006dd6 (0x0348dab3) divu    s5, a7, s4
core   0: 3 0x80006dd6 (0x0348dab3) x21 0x00000001
core   0: 0x80006dda (0x00008ccd) c.or    s1, a1
core   0: 3 0x80006dda (0x8ccd) x 9 0x8000ee74
core   0: 0x80006ddc (0x00008431) c.srai  s0, 12
core   0: 3 0x80006ddc (0x8431) x 8 0x00000000
core   0: 0x80006dde (0x0261bf33) mulhu   t5, gp, t1
core   0: 3 0x80006dde (0x0261bf33) x30 0x00000000
core   0: 0x80006de2 (0x00006151) c.addi16sp sp, 272
core   0: 3 0x80006de2 (0x6151) x 2 0x000001b0
core   0: 0x80006de4 (0x00006151) c.addi16sp sp, 272
core   0: 3 0x80006de4 (0x6151) x 2 0x000002c0
core   0: 0x80006de6 (0x00000441) c.addi  s0, 16
core   0: 3 0x80006de6 (0x0441) x 8 0x00000010
core   0: 0x80006de8 (0x40225433) sra     s0, tp, sp
core   0: 3 0x80006de8 (0x40225433) x 8 0xffffff09
core   0: 0x80006dec (0xf569f1b7) lui     gp, 0xf569f
core   0: 3 0x80006dec (0xf569f1b7) x 3 0xf569f000
core   0: 0x80006df0 (0x00000001) c.nop
core   0: 3 0x80006df0 (0x0001)
core   0: 0x80006df2 (0x00000755) c.addi  a4, 21
core   0: 3 0x80006df2 (0x0755) x14 0x00000285
core   0: 0x80006df4 (0x0000717d) c.addi16sp sp, -16
core   0: 3 0x80006df4 (0x717d) x 2 0x000002b0
core   0: 0x80006df6 (0x41ec0fb3) sub     t6, s8, t5
core   0: 3 0x80006df6 (0x41ec0fb3) x31 0xffc27e3f
core   0: 0x80006dfa (0x000060b5) c.lui   ra, 0xd
core   0: 3 0x80006dfa (0x60b5) x 1 0x0000d000
core   0: 0x80006dfc (0x03d76d33) rem     s10, a4, t4
core   0: 3 0x80006dfc (0x03d76d33) x26 0x00000005
core   0: 0x80006e00 (0x000084cd) c.srai  s1, 19
core   0: 3 0x80006e00 (0x84cd) x 9 0xfffff000
core   0: 0x80006e02 (0x405389b3) sub     s3, t2, t0
core   0: 3 0x80006e02 (0x405389b3) x19 0xda909edd
core   0: 0x80006e06 (0x00493333) sltu    t1, s2, tp
core   0: 3 0x80006e06 (0x00493333) x 6 0x00000001
core   0: 0x80006e0a (0x00005efd) c.li    t4, -1
core   0: 3 0x80006e0a (0x5efd) x29 0xffffffff
core   0: 0x80006e0c (0x8eb97e93) andi    t4, s2, -1813
core   0: 3 0x80006e0c (0x8eb97e93) x29 0x4ed8d8a0
core   0: 0x80006e10 (0x00008f01) c.sub   a4, s0
core   0: 3 0x80006e10 (0x8f01) x14 0x0000037c
core   0: 0x80006e12 (0x030b6d33) rem     s10, s6, a6
core   0: 3 0x80006e12 (0x030b6d33) x26 0x00000003
core   0: 0x80006e16 (0x9ca73f13) sltiu   t5, a4, -1590
core   0: 3 0x80006e16 (0x9ca73f13) x30 0x00000001
core   0: 0x80006e1a (0x0000932a) c.add   t1, a0
core   0: 3 0x80006e1a (0x932a) x 6 0x80012ce5
core   0: 0x80006e1c (0x0320cbb3) div     s7, ra, s2
core   0: 3 0x80006e1c (0x0320cbb3) x23 0x00000000
core   0: 0x80006e20 (0x01cda8b3) slt     a7, s11, t3
core   0: 3 0x80006e20 (0x01cda8b3) x17 0x00000000
core   0: 0x80006e24 (0x0000517d) c.li    sp, -1
core   0: 3 0x80006e24 (0x517d) x 2 0xffffffff
core   0: 0x80006e26 (0x00000001) c.nop
core   0: 3 0x80006e26 (0x0001)
core   0: 0x80006e28 (0x40cb8eb3) sub     t4, s7, a2
core   0: 3 0x80006e28 (0x40cb8eb3) x29 0x7fff119c
core   0: 0x80006e2c (0x038a48b3) div     a7, s4, s8
core   0: 3 0x80006e2c (0x038a48b3) x17 0x00000214
core   0: 0x80006e30 (0x0000033e) c.slli  t1, 15
core   0: 3 0x80006e30 (0x033e) x 6 0x96728000
core   0: 0x80006e32 (0x00000001) c.nop
core   0: 3 0x80006e32 (0x0001)
core   0: 0x80006e34 (0x4100d433) sra     s0, ra, a6
core   0: 3 0x80006e34 (0x4100d433) x 8 0x0000d000
core   0: 0x80006e38 (0x0000717d) c.addi16sp sp, -16
core   0: 3 0x80006e38 (0x717d) x 2 0xffffffef
core   0: 0x80006e3a (0x4065db13) srai    s6, a1, 6
core   0: 3 0x80006e3a (0x4065db13) x22 0xfe0003b9
core   0: 0x80006e3e (0x0000717d) c.addi16sp sp, -16
core   0: 3 0x80006e3e (0x717d) x 2 0xffffffdf
core   0: 0x80006e40 (0x00cc6733) or      a4, s8, a2
core   0: 3 0x80006e40 (0x00cc6733) x14 0xffc2fe7f
core   0: 0x80006e44 (0x0014a0b3) slt     ra, s1, ra
core   0: 3 0x80006e44 (0x0014a0b3) x 1 0x00000001
core   0: 0x80006e48 (0x02c9e833) rem     a6, s3, a2
core   0: 3 0x80006e48 (0x02c9e833) x16 0xda909edd
core   0: 0x80006e4c (0x033612b3) mulh    t0, a2, s3
core   0: 3 0x80006e4c (0x033612b3) x 5 0x12b78db5
core   0: 0x80006e50 (0x00008c79) c.and   s0, a4
core   0: 3 0x80006e50 (0x8c79) x 8 0x0000d000
core   0: 0x80006e52 (0x00008299) c.srli  a3, 6
core   0: 3 0x80006e52 (0x8299) x13 0x00000000
core   0: 0x80006e54 (0x00008079) c.srli  s0, 30
core   0: 3 0x80006e54 (0x8079) x 8 0x00000000
core   0: 0x80006e56 (0x0000167d) c.addi  a2, -1
core   0: 3 0x80006e56 (0x167d) x12 0x8000ee63
core   0: 0x80006e58 (0x034b2033) mulhsu  zero, s6, s4
core   0: 3 0x80006e58 (0x034b2033)
core   0: 0x80006e5c (0x41528233) sub     tp, t0, s5
core   0: 3 0x80006e5c (0x41528233) x 4 0x12b78db4
core   0: 0x80006e60 (0x93eef493) andi    s1, t4, -1730
core   0: 3 0x80006e60 (0x93eef493) x 9 0x7fff111c
core   0: 0x80006e64 (0xd2936b93) ori     s7, t1, -727
core   0: 3 0x80006e64 (0xd2936b93) x23 0xfffffd29
core   0: 0x80006e68 (0x00008fc5) c.or    a5, s1
core   0: 3 0x80006e68 (0x8fc5) x15 0x7fff113c
core   0: 0x80006e6a (0x0000844d) c.srai  s0, 19
core   0: 3 0x80006e6a (0x844d) x 8 0x00000000
core   0: 0x80006e6c (0x0000614d) c.addi16sp sp, 176
core   0: 3 0x80006e6c (0x614d) x 2 0x0000008f
core   0: 0x80006e6e (0x00008e95) c.sub   a3, a3
core   0: 3 0x80006e6e (0x8e95) x13 0x00000000
core   0: 0x80006e70 (0x80000137) lui     sp, 0x80000
core   0: 3 0x80006e70 (0x80000137) x 2 0x80000000
core   0: 0x80006e74 (0xfff00813) li      a6, -1
core   0: 3 0x80006e74 (0xfff00813) x16 0xffffffff
core   0: 0x80006e78 (0x20a47737) lui     a4, 0x20a47
core   0: 3 0x80006e78 (0x20a47737) x14 0x20a47000
core   0: 0x80006e7c (0xfcf70713) addi    a4, a4, -49
core   0: 3 0x80006e7c (0xfcf70713) x14 0x20a46fcf
core   0: 0x80006e80 (0x243e5bb7) lui     s7, 0x243e5
core   0: 3 0x80006e80 (0x243e5bb7) x23 0x243e5000
core   0: 0x80006e84 (0xed7b8b93) addi    s7, s7, -297
core   0: 3 0x80006e84 (0xed7b8b93) x23 0x243e4ed7
core   0: 0x80006e88 (0xcb6171b7) lui     gp, 0xcb617
core   0: 3 0x80006e88 (0xcb6171b7) x 3 0xcb617000
core   0: 0x80006e8c (0x19118193) addi    gp, gp, 401
core   0: 3 0x80006e8c (0x19118193) x 3 0xcb617191
core   0: 0x80006e90 (0x80000ab7) lui     s5, 0x80000
core   0: 3 0x80006e90 (0x80000ab7) x21 0x80000000
core   0: 0x80006e94 (0x00004f81) c.li    t6, 0
core   0: 3 0x80006e94 (0x4f81) x31 0x00000000
core   0: 0x80006e96 (0x54aadeb7) lui     t4, 0x54aad
core   0: 3 0x80006e96 (0x54aadeb7) x29 0x54aad000
core   0: 0x80006e9a (0x1fde8e93) addi    t4, t4, 509
core   0: 3 0x80006e9a (0x1fde8e93) x29 0x54aad1fd
core   0: 0x80006e9e (0xfff00a13) li      s4, -1
core   0: 3 0x80006e9e (0xfff00a13) x20 0xffffffff
core   0: 0x80006ea2 (0x00004681) c.li    a3, 0
core   0: 3 0x80006ea2 (0x4681) x13 0x00000000
core   0: 0x80006ea4 (0xd4f75117) auipc   sp, 0xd4f75
core   0: 3 0x80006ea4 (0xd4f75117) x 2 0x54f7bea4
core   0: 0x80006ea8 (0x037161b3) rem     gp, sp, s7
core   0: 3 0x80006ea8 (0x037161b3) x 3 0x0c7b20f6
core   0: 0x80006eac (0x02ebf733) remu    a4, s7, a4
core   0: 3 0x80006eac (0x02ebf733) x14 0x0399df08
core   0: 0x80006eb0 (0x2aa70813) addi    a6, a4, 682
core   0: 3 0x80006eb0 (0x2aa70813) x16 0x0399e1b2
core   0: 0x80006eb4 (0xf7b8da97) auipc   s5, 0xf7b8d
core   0: 3 0x80006eb4 (0xf7b8da97) x21 0x77b93eb4
core   0: 0x80006eb8 (0x414a81b3) sub     gp, s5, s4
core   0: 3 0x80006eb8 (0x414a81b3) x 3 0x77b93eb5
core   0: 0x80006ebc (0x02276ab3) rem     s5, a4, sp
core   0: 3 0x80006ebc (0x02276ab3) x21 0x0399df08
core   0: 0x80006ec0 (0xd9a49117) auipc   sp, 0xd9a49
core   0: 3 0x80006ec0 (0xd9a49117) x 2 0x59a4fec0
core   0: 0x80006ec4 (0x014806b3) add     a3, a6, s4
core   0: 3 0x80006ec4 (0x014806b3) x13 0x0399e1b1
core   0: 0x80006ec8 (0x00959a17) auipc   s4, 0x959
core   0: 3 0x80006ec8 (0x00959a17) x20 0x8095fec8
core   0: 0x80006ecc (0x00000001) c.nop
core   0: 3 0x80006ecc (0x0001)
core   0: 0x80006ece (0x02280733) mul     a4, a6, sp
core   0: 3 0x80006ece (0x02280733) x14 0xd95fe180
core   0: 0x80006ed2 (0x03d11733) mulh    a4, sp, t4
core   0: 3 0x80006ed2 (0x03d11733) x14 0x1da5f4b0
core   0: 0x80006ed6 (0xbc95cf97) auipc   t6, 0xbc95c
core   0: 3 0x80006ed6 (0xbc95cf97) x31 0x3c962ed6
core   0: 0x80006eda (0x02313733) mulhu   a4, sp, gp
core   0: 3 0x80006eda (0x02313733) x14 0x29ec909c
core   0: 0x80006ede (0x00000001) c.nop
core   0: 3 0x80006ede (0x0001)
core   0: 0x80006ee0 (0x00000c1c) c.addi4spn a5, sp, 528
core   0: 3 0x80006ee0 (0x0c1c) x15 0x59a500d0
core   0: 0x80006ee2 (0x41b9d913) srai    s2, s3, 27
core   0: 3 0x80006ee2 (0x41b9d913) x18 0xfffffffb
core   0: 0x80006ee6 (0x000096aa) c.add   a3, a0
core   0: 3 0x80006ee6 (0x96aa) x13 0x839b0e95
core   0: 0x80006ee8 (0x407f0eb3) sub     t4, t5, t2
core   0: 3 0x80006ee8 (0x407f0eb3) x29 0x256f6125
core   0: 0x80006eec (0x0000717d) c.addi16sp sp, -16
core   0: 3 0x80006eec (0x717d) x 2 0x59a4feb0
core   0: 0x80006eee (0x01f99fb3) sll     t6, s3, t6
core   0: 3 0x80006eee (0x01f99fb3) x31 0xb7400000
core   0: 0x80006ef2 (0x00008ecd) c.or    a3, a1
core   0: 3 0x80006ef2 (0x8ecd) x13 0x839beef5
core   0: 0x80006ef4 (0x000044a5) c.li    s1, 9
core   0: 3 0x80006ef4 (0x44a5) x 9 0x00000009
core   0: 0x80006ef6 (0x02913833) mulhu   a6, sp, s1
core   0: 3 0x80006ef6 (0x02913833) x16 0x00000003
core   0: 0x80006efa (0x00008ec9) c.or    a3, a0
core   0: 3 0x80006efa (0x8ec9) x13 0x839beef5
core   0: 0x80006efc (0x41c30cb3) sub     s9, t1, t3
core   0: 3 0x80006efc (0x41c30cb3) x25 0x96728000
core   0: 0x80006f00 (0x00008c65) c.and   s0, s1
core   0: 3 0x80006f00 (0x8c65) x 8 0x00000000
core   0: 0x80006f02 (0x006f97b3) sll     a5, t6, t1
core   0: 3 0x80006f02 (0x006f97b3) x15 0xb7400000
core   0: 0x80006f06 (0x00000001) c.nop
core   0: 3 0x80006f06 (0x0001)
core   0: 0x80006f08 (0x00e0fa33) and     s4, ra, a4
core   0: 3 0x80006f08 (0x00e0fa33) x20 0x00000000
core   0: 0x80006f0c (0x00008d12) c.mv    s10, tp
core   0: 3 0x80006f0c (0x8d12) x26 0x12b78db4
core   0: 0x80006f0e (0x01ff5b93) srli    s7, t5, 31
core   0: 3 0x80006f0e (0x01ff5b93) x23 0x00000000
core   0: 0x80006f12 (0x02cd6eb3) rem     t4, s10, a2
core   0: 3 0x80006f12 (0x02cd6eb3) x29 0x12b78db4
core   0: 0x80006f16 (0x00464fb3) xor     t6, a2, tp
core   0: 3 0x80006f16 (0x00464fb3) x31 0x92b763d7
core   0: 0x80006f1a (0x00008fbd) c.xor   a5, a5
core   0: 3 0x80006f1a (0x8fbd) x15 0x00000000
core   0: 0x80006f1c (0x00008ced) c.and   s1, a1
core   0: 3 0x80006f1c (0x8ced) x 9 0x00000000
core   0: 0x80006f1e (0x00abd193) srli    gp, s7, 10
core   0: 3 0x80006f1e (0x00abd193) x 3 0x00000000
core   0: 0x80006f22 (0x00006179) c.addi16sp sp, 464
core   0: 3 0x80006f22 (0x6179) x 2 0x59a50080
core   0: 0x80006f24 (0x00cc1213) slli    tp, s8, 12
core   0: 3 0x80006f24 (0x00cc1213) x 4 0x27e3f000
core   0: 0x80006f28 (0x00008cd5) c.or    s1, a3
core   0: 3 0x80006f28 (0x8cd5) x 9 0x839beef5
core   0: 0x80006f2a (0x000080ad) c.srli  s1, 11
core   0: 3 0x80006f2a (0x80ad) x 9 0x0010737d
core   0: 0x80006f2c (0x001f9913) slli    s2, t6, 1
core   0: 3 0x80006f2c (0x001f9913) x18 0x256ec7ae
core   0: 0x80006f30 (0x00005d7d) c.li    s10, -1
core   0: 3 0x80006f30 (0x5d7d) x26 0xffffffff
core   0: 0x80006f32 (0x039ef2b3) remu    t0, t4, s9
core   0: 3 0x80006f32 (0x039ef2b3) x 5 0x12b78db4
core   0: 0x80006f36 (0x0080d693) srli    a3, ra, 8
core   0: 3 0x80006f36 (0x0080d693) x13 0x00000000
core   0: 0x80006f3a (0x00a43e33) sltu    t3, s0, a0
core   0: 3 0x80006f3a (0x00a43e33) x28 0x00000001
core   0: 0x80006f3e (0x00006941) c.lui   s2, 0x10
core   0: 3 0x80006f3e (0x6941) x18 0x00010000
core   0: 0x80006f40 (0xe4aa2293) slti    t0, s4, -438
core   0: 3 0x80006f40 (0xe4aa2293) x 5 0x00000000
core   0: 0x80006f44 (0x03e0d433) divu    s0, ra, t5
core   0: 3 0x80006f44 (0x03e0d433) x 8 0x00000001
core   0: 0x80006f48 (0x00dd0a33) add     s4, s10, a3
core   0: 3 0x80006f48 (0x00dd0a33) x20 0xffffffff
core   0: 0x80006f4c (0x33fd8193) addi    gp, s11, 831
core   0: 3 0x80006f4c (0x33fd8193) x 3 0x0000033f
core   0: 0x80006f50 (0x000080ea) c.mv    ra, s10
core   0: 3 0x80006f50 (0x80ea) x 1 0xffffffff
core   0: 0x80006f52 (0x00dc3eb3) sltu    t4, s8, a3
core   0: 3 0x80006f52 (0x00dc3eb3) x29 0x00000000
core   0: 0x80006f56 (0x41715093) srai    ra, sp, 23
core   0: 3 0x80006f56 (0x41715093) x 1 0x000000b3
core   0: 0x80006f5a (0x00008f51) c.or    a4, a2
core   0: 3 0x80006f5a (0x8f51) x14 0xa9ecfeff
core   0: 0x80006f5c (0xfd8b3213) sltiu   tp, s6, -40
core   0: 3 0x80006f5c (0xfd8b3213) x 4 0x00000001
core   0: 0x80006f60 (0x417c8133) sub     sp, s9, s7
core   0: 3 0x80006f60 (0x417c8133) x 2 0x96728000
core   0: 0x80006f64 (0x02b44133) div     sp, s0, a1
core   0: 3 0x80006f64 (0x02b44133) x 2 0x00000000
core   0: 0x80006f68 (0x00000b2e) c.slli  s6, 11
core   0: 3 0x80006f68 (0x0b2e) x22 0x001dc800
core   0: 0x80006f6a (0x00000e69) c.addi  t3, 26
core   0: 3 0x80006f6a (0x0e69) x28 0x0000001b
core   0: 0x80006f6c (0x03b64433) div     s0, a2, s11
core   0: 3 0x80006f6c (0x03b64433) x 8 0xffffffff
core   0: 0x80006f70 (0x0252a8b3) mulhsu  a7, t0, t0
core   0: 3 0x80006f70 (0x0252a8b3) x17 0x00000000
core   0: 0x80006f74 (0x1b3b3e13) sltiu   t3, s6, 435
core   0: 3 0x80006f74 (0x1b3b3e13) x28 0x00000000
core   0: 0x80006f78 (0x00000fc6) c.slli  t6, 17
core   0: 3 0x80006f78 (0x0fc6) x31 0xc7ae0000
core   0: 0x80006f7a (0x009a99b3) sll     s3, s5, s1
core   0: 3 0x80006f7a (0x009a99b3) x19 0x00000000
core   0: 0x80006f7e (0x3a7bc113) xori    sp, s7, 935
core   0: 3 0x80006f7e (0x3a7bc113) x 2 0x000003a7
core   0: 0x80006f82 (0x02ff09b3) mul     s3, t5, a5
core   0: 3 0x80006f82 (0x02ff09b3) x19 0x00000000
core   0: 0x80006f86 (0x01c981b3) add     gp, s3, t3
core   0: 3 0x80006f86 (0x01c981b3) x 3 0x00000000
core   0: 0x80006f8a (0x023cc0b3) div     ra, s9, gp
core   0: 3 0x80006f8a (0x023cc0b3) x 1 0xffffffff
core   0: 0x80006f8e (0x0149b833) sltu    a6, s3, s4
core   0: 3 0x80006f8e (0x0149b833) x16 0x00000001
core   0: 0x80006f92 (0x00000dda) c.slli  s11, 22
core   0: 3 0x80006f92 (0x0dda) x27 0x00000000
core   0: 0x80006f94 (0x00008ee9) c.and   a3, a0
core   0: 3 0x80006f94 (0x8ee9) x13 0x00000000
core   0: 0x80006f96 (0x00008c85) c.sub   s1, s1
core   0: 3 0x80006f96 (0x8c85) x 9 0x00000000
core   0: 0x80006f98 (0x02d0b433) mulhu   s0, ra, a3
core   0: 3 0x80006f98 (0x02d0b433) x 8 0x00000000
core   0: 0x80006f9c (0x023219b3) mulh    s3, tp, gp
core   0: 3 0x80006f9c (0x023219b3) x19 0x00000000
core   0: 0x80006fa0 (0x00000001) c.nop
core   0: 3 0x80006fa0 (0x0001)
core   0: 0x80006fa2 (0x03863333) mulhu   t1, a2, s8
core   0: 3 0x80006fa2 (0x03863333) x 6 0x7fe22d49
core   0: 0x80006fa6 (0x00000146) c.slli  sp, 17
core   0: 3 0x80006fa6 (0x0146) x 2 0x074e0000
core   0: 0x80006fa8 (0xa1b28393) addi    t2, t0, -1509
core   0: 3 0x80006fa8 (0xa1b28393) x 7 0xfffffa1b
core   0: 0x80006fac (0x03694133) div     sp, s2, s6
core   0: 3 0x80006fac (0x03694133) x 2 0x00000000
core   0: 0x80006fb0 (0x000084b9) c.srai  s1, 14
core   0: 3 0x80006fb0 (0x84b9) x 9 0x00000000
core   0: 0x80006fb2 (0x4081d993) srai    s3, gp, 8
core   0: 3 0x80006fb2 (0x4081d993) x19 0x00000000
core   0: 0x80006fb6 (0x01855933) srl     s2, a0, s8
core   0: 3 0x80006fb6 (0x01855933) x18 0x00000001
core   0: 0x80006fba (0x00000001) c.nop
core   0: 3 0x80006fba (0x0001)
core   0: 0x80006fbc (0xbaefc213) xori    tp, t6, -1106
core   0: 3 0x80006fbc (0xbaefc213) x 4 0x3851fbae
core   0: 0x80006fc0 (0xab0afd13) andi    s10, s5, -1360
core   0: 3 0x80006fc0 (0xab0afd13) x26 0x0399da00
core   0: 0x80006fc4 (0x00000175) c.addi  sp, 29
core   0: 3 0x80006fc4 (0x0175) x 2 0x0000001d
core   0: 0x80006fc6 (0x00008645) c.srai  a2, 17
core   0: 3 0x80006fc6 (0x8645) x12 0xffffc000
core   0: 0x80006fc8 (0x6a0c6237) lui     tp, 0x6a0c6
core   0: 3 0x80006fc8 (0x6a0c6237) x 4 0x6a0c6000
core   0: 0x80006fcc (0x02de7eb3) remu    t4, t3, a3
core   0: 3 0x80006fcc (0x02de7eb3) x29 0x00000000
core   0: 0x80006fd0 (0x0000717d) c.addi16sp sp, -16
core   0: 3 0x80006fd0 (0x717d) x 2 0x0000000d
core   0: 0x80006fd2 (0x013d1e93) slli    t4, s10, 19
core   0: 3 0x80006fd2 (0x013d1e93) x29 0xd0000000
core   0: 0x80006fd6 (0x03900fb3) mul     t6, zero, s9
core   0: 3 0x80006fd6 (0x03900fb3) x31 0x00000000
core   0: 0x80006fda (0x403dd4b3) sra     s1, s11, gp
core   0: 3 0x80006fda (0x403dd4b3) x 9 0x00000000
core   0: 0x80006fde (0x01965333) srl     t1, a2, s9
core   0: 3 0x80006fde (0x01965333) x 6 0xffffc000
core   0: 0x80006fe2 (0x00eb2d33) slt     s10, s6, a4
core   0: 3 0x80006fe2 (0x00eb2d33) x26 0x00000000
core   0: 0x80006fe6 (0x03bccfb3) div     t6, s9, s11
core   0: 3 0x80006fe6 (0x03bccfb3) x31 0xffffffff
core   0: 0x80006fea (0x034817b3) mulh    a5, a6, s4
core   0: 3 0x80006fea (0x034817b3) x15 0xffffffff
core   0: 0x80006fee (0x00000001) c.nop
core   0: 3 0x80006fee (0x0001)
core   0: 0x80006ff0 (0x027c9db3) mulh    s11, s9, t2
core   0: 3 0x80006ff0 (0x027c9db3) x27 0x0000026e
core   0: 0x80006ff4 (0x02591233) mulh    tp, s2, t0
core   0: 3 0x80006ff4 (0x02591233) x 4 0x00000000
core   0: 0x80006ff8 (0x41d3df93) srai    t6, t2, 29
core   0: 3 0x80006ff8 (0x41d3df93) x31 0xffffffff
core   0: 0x80006ffc (0x0038a633) slt     a2, a7, gp
core   0: 3 0x80006ffc (0x0038a633) x12 0x00000000
core   0: 0x80007000 (0x030176b3) remu    a3, sp, a6
core   0: 3 0x80007000 (0x030176b3) x13 0x00000000
core   0: 0x80007004 (0x40fd0a33) sub     s4, s10, a5
core   0: 3 0x80007004 (0x40fd0a33) x20 0x00000001
core   0: 0x80007008 (0x00006ec1) c.lui   t4, 0x10
core   0: 3 0x80007008 (0x6ec1) x29 0x00010000
core   0: 0x8000700a (0x000080e1) c.srli  s1, 24
core   0: 3 0x8000700a (0x80e1) x 9 0x00000000
core   0: 0x8000700c (0x00008e79) c.and   a2, a4
core   0: 3 0x8000700c (0x8e79) x12 0x00000000
core   0: 0x8000700e (0x030afeb3) remu    t4, s5, a6
core   0: 3 0x8000700e (0x030afeb3) x29 0x00000000
core   0: 0x80007012 (0x409dd793) srai    a5, s11, 9
core   0: 3 0x80007012 (0x409dd793) x15 0x00000001
core   0: 0x80007016 (0x31f32613) slti    a2, t1, 799
core   0: 3 0x80007016 (0x31f32613) x12 0x00000001
core   0: 0x8000701a (0x00008e75) c.and   a2, a3
core   0: 3 0x8000701a (0x8e75) x12 0x00000000
core   0: 0x8000701c (0x00008fed) c.and   a5, a1
core   0: 3 0x8000701c (0x8fed) x15 0x00000000
core   0: 0x8000701e (0x00000001) c.nop
core   0: 3 0x8000701e (0x0001)
core   0: 0x80007020 (0x028556b3) divu    a3, a0, s0
core   0: 3 0x80007020 (0x028556b3) x13 0xffffffff
core   0: 0x80007024 (0x00000326) c.slli  t1, 9
core   0: 3 0x80007024 (0x0326) x 6 0xff800000
core   0: 0x80007026 (0x03adccb3) div     s9, s11, s10
core   0: 3 0x80007026 (0x03adccb3) x25 0xffffffff
core   0: 0x8000702a (0x0000099c) c.addi4spn a5, sp, 208
core   0: 3 0x8000702a (0x099c) x15 0x000000dd
core   0: 0x8000702c (0x00b542b3) xor     t0, a0, a1
core   0: 3 0x8000702c (0x00b542b3) x 5 0x0001c280
core   0: 0x80007030 (0x0027fa33) and     s4, a5, sp
core   0: 3 0x80007030 (0x0027fa33) x20 0x0000000d
core   0: 0x80007034 (0x00004b91) c.li    s7, 4
core   0: 3 0x80007034 (0x4b91) x23 0x00000004
core   0: 0x80007036 (0x000044bd) c.li    s1, 15
core   0: 3 0x80007036 (0x44bd) x 9 0x0000000f
core   0: 0x80007038 (0x00008c61) c.and   s0, s0
core   0: 3 0x80007038 (0x8c61) x 8 0x00000000
core   0: 0x8000703a (0x0397f933) remu    s2, a5, s9
core   0: 3 0x8000703a (0x0397f933) x18 0x000000dd
core   0: 0x8000703e (0x57cf0693) addi    a3, t5, 1404
core   0: 3 0x8000703e (0x57cf0693) x13 0x0000057d
core   0: 0x80007042 (0x022550b3) divu    ra, a0, sp
core   0: 3 0x80007042 (0x022550b3) x 1 0x09d8b4af
core   0: 0x80007046 (0x00008e45) c.or    a2, s1
core   0: 3 0x80007046 (0x8e45) x12 0x0000000f
core   0: 0x80007048 (0x0000836d) c.srli  a4, 27
core   0: 3 0x80007048 (0x836d) x14 0x00000015
core   0: 0x8000704a (0x87bd8e93) addi    t4, s11, -1925
core   0: 3 0x8000704a (0x87bd8e93) x29 0xfffffae9
core   0: 0x8000704e (0xb8716793) ori     a5, sp, -1145
core   0: 3 0x8000704e (0xb8716793) x15 0xfffffb8f
core   0: 0x80007052 (0x03906e33) rem     t3, zero, s9
core   0: 3 0x80007052 (0x03906e33) x28 0x00000000
core   0: 0x80007056 (0x4c2bc093) xori    ra, s7, 1218
core   0: 3 0x80007056 (0x4c2bc093) x 1 0x000004c6
core   0: 0x8000705a (0x9eb4ef13) ori     t5, s1, -1557
core   0: 3 0x8000705a (0x9eb4ef13) x30 0xfffff9ef
core   0: 0x8000705e (0x41da5833) sra     a6, s4, t4
core   0: 3 0x8000705e (0x41da5833) x16 0x00000000
core   0: 0x80007062 (0x02898133) mul     sp, s3, s0
core   0: 3 0x80007062 (0x02898133) x 2 0x00000000
core   0: 0x80007066 (0x00001280) c.addi4spn s0, sp, 352
core   0: 3 0x80007066 (0x1280) x 8 0x00000160
core   0: 0x80007068 (0x026c2cb3) mulhsu  s9, s8, t1
core   0: 3 0x80007068 (0x026c2cb3) x25 0xffc29cff
core   0: 0x8000706c (0x00006309) c.lui   t1, 0x2
core   0: 3 0x8000706c (0x6309) x 6 0x00002000
core   0: 0x8000706e (0x41c5d333) sra     t1, a1, t3
core   0: 3 0x8000706e (0x41c5d333) x 6 0x8000ee64
core   0: 0x80007072 (0x02b76633) rem     a2, a4, a1
core   0: 3 0x80007072 (0x02b76633) x12 0x00000015
core   0: 0x80007076 (0x03876333) rem     t1, a4, s8
core   0: 3 0x80007076 (0x03876333) x 6 0x00000015
core   0: 0x8000707a (0x0160d013) srli    zero, ra, 22
core   0: 3 0x8000707a (0x0160d013)
core   0: 0x8000707e (0x02236833) rem     a6, t1, sp
core   0: 3 0x8000707e (0x02236833) x16 0x00000015
core   0: 0x80007082 (0x036dfdb3) remu    s11, s11, s6
core   0: 3 0x80007082 (0x036dfdb3) x27 0x0000026e
core   0: 0x80007086 (0x00601013) slli    zero, zero, 6
core   0: 3 0x80007086 (0x00601013)
core   0: 0x8000708a (0x000084d9) c.srai  s1, 22
core   0: 3 0x8000708a (0x84d9) x 9 0x00000000
core   0: 0x8000708c (0x00008942) c.mv    s2, a6
core   0: 3 0x8000708c (0x8942) x18 0x00000015
core   0: 0x8000708e (0x5931e6b7) lui     a3, 0x5931e
core   0: 3 0x8000708e (0x5931e6b7) x13 0x5931e000
core   0: 0x80007092 (0xdbd67737) lui     a4, 0xdbd67
core   0: 3 0x80007092 (0xdbd67737) x14 0xdbd67000
core   0: 0x80007096 (0x9c95b313) sltiu   t1, a1, -1591
core   0: 3 0x80007096 (0x9c95b313) x 6 0x00000001
core   0: 0x8000709a (0x00008cad) c.xor   s1, a1
core   0: 3 0x8000709a (0x8cad) x 9 0x8000ee64
core   0: 0x8000709c (0x00000001) c.nop
core   0: 3 0x8000709c (0x0001)
core   0: 0x8000709e (0x00000001) c.nop
core   0: 3 0x8000709e (0x0001)
core   0: 0x800070a0 (0x000cd013) srli    zero, s9, 0
core   0: 3 0x800070a0 (0x000cd013)
core   0: 0x800070a4 (0x5bcc0f13) addi    t5, s8, 1468
core   0: 3 0x800070a4 (0x5bcc0f13) x30 0xffc283fb
core   0: 0x800070a8 (0x00008c21) c.xor   s0, s0
core   0: 3 0x800070a8 (0x8c21) x 8 0x00000000
core   0: 0x800070aa (0x001fe433) or      s0, t6, ra
core   0: 3 0x800070aa (0x001fe433) x 8 0xffffffff
core   0: 0x800070ae (0x408f0d33) sub     s10, t5, s0
core   0: 3 0x800070ae (0x408f0d33) x26 0xffc283fc
core   0: 0x800070b2 (0x0000681d) c.lui   a6, 0x7
core   0: 3 0x800070b2 (0x681d) x16 0x00007000
core   0: 0x800070b4 (0x00008256) c.mv    tp, s5
core   0: 3 0x800070b4 (0x8256) x 4 0x0399df08
core   0: 0x800070b6 (0x1a7e2f93) slti    t6, t3, 423
core   0: 3 0x800070b6 (0x1a7e2f93) x31 0x00000001
core   0: 0x800070ba (0x00001d7d) c.addi  s10, -1
core   0: 3 0x800070ba (0x1d7d) x26 0xffc283fb
core   0: 0x800070bc (0x41790e33) sub     t3, s2, s7
core   0: 3 0x800070bc (0x41790e33) x28 0x00000011
core   0: 0x800070c0 (0x01340d33) add     s10, s0, s3
core   0: 3 0x800070c0 (0x01340d33) x26 0xffffffff
core   0: 0x800070c4 (0x00940b33) add     s6, s0, s1
core   0: 3 0x800070c4 (0x00940b33) x22 0x8000ee63
core   0: 0x800070c8 (0x000041bd) c.li    gp, 15
core   0: 3 0x800070c8 (0x41bd) x 3 0x0000000f
core   0: 0x800070ca (0x00a683b3) add     t2, a3, a0
core   0: 3 0x800070ca (0x00a683b3) x 7 0xd9330ce4
core   0: 0x800070ce (0x03ccecb3) rem     s9, s9, t3
core   0: 3 0x800070ce (0x03ccecb3) x25 0xfffffff8
core   0: 0x800070d2 (0x077dff37) lui     t5, 0x77df
core   0: 3 0x800070d2 (0x077dff37) x30 0x077df000
core   0: 0x800070d6 (0x00000001) c.nop
core   0: 3 0x800070d6 (0x0001)
core   0: 0x800070d8 (0x89b37c93) andi    s9, t1, -1893
core   0: 3 0x800070d8 (0x89b37c93) x25 0x00000001
core   0: 0x800070dc (0x01a1dd33) srl     s10, gp, s10
core   0: 3 0x800070dc (0x01a1dd33) x26 0x00000000
core   0: 0x800070e0 (0x00008c71) c.and   s0, a2
core   0: 3 0x800070e0 (0x8c71) x 8 0x00000015
core   0: 0x800070e2 (0x00be1433) sll     s0, t3, a1
core   0: 3 0x800070e2 (0x00be1433) x 8 0x00000110
core   0: 0x800070e6 (0x000006e6) c.slli  a3, 25
core   0: 3 0x800070e6 (0x06e6) x13 0x00000000
core   0: 0x800070e8 (0x02d227b3) mulhsu  a5, tp, a3
core   0: 3 0x800070e8 (0x02d227b3) x15 0x00000000
core   0: 0x800070ec (0x027592b3) mulh    t0, a1, t2
core   0: 3 0x800070ec (0x027592b3) x 5 0x1366556c
core   0: 0x800070f0 (0x00005e7d) c.li    t3, -1
core   0: 3 0x800070f0 (0x5e7d) x28 0xffffffff
core   0: 0x800070f2 (0x3dcc6e93) ori     t4, s8, 988
core   0: 3 0x800070f2 (0x3dcc6e93) x29 0xffc27fff
core   0: 0x800070f6 (0x00009b7d) c.andi  a4, -1
core   0: 3 0x800070f6 (0x9b7d) x14 0xdbd67000
core   0: 0x800070f8 (0x0085de13) srli    t3, a1, 8
core   0: 3 0x800070f8 (0x0085de13) x28 0x008000ee
core   0: 0x800070fc (0x33564693) xori    a3, a2, 821
core   0: 3 0x800070fc (0x33564693) x13 0x00000320
core   0: 0x80007100 (0x01199313) slli    t1, s3, 17
core   0: 3 0x80007100 (0x01199313) x 6 0x00000000
core   0: 0x80007104 (0x00c5ce33) xor     t3, a1, a2
core   0: 3 0x80007104 (0x00c5ce33) x28 0x8000ee71
core   0: 0x80007108 (0x0000890e) c.mv    s2, gp
core   0: 3 0x80007108 (0x890e) x18 0x0000000f
core   0: 0x8000710a (0x00006121) c.addi16sp sp, 64
core   0: 3 0x8000710a (0x6121) x 2 0x00000040
core   0: 0x8000710c (0x00008cf9) c.and   s1, a4
core   0: 3 0x8000710c (0x8cf9) x 9 0x80006000
core   0: 0x8000710e (0x01ae3033) sltu    zero, t3, s10
core   0: 3 0x8000710e (0x01ae3033)
core   0: 0x80007112 (0xc847a113) slti    sp, a5, -892
core   0: 3 0x80007112 (0xc847a113) x 2 0x00000000
core   0: 0x80007116 (0x00008239) c.srli  a2, 14
core   0: 3 0x80007116 (0x8239) x12 0x00000000
core   0: 0x80007118 (0x40bd5e13) srai    t3, s10, 11
core   0: 3 0x80007118 (0x40bd5e13) x28 0x00000000
core   0: 0x8000711c (0x00001918) c.addi4spn a4, sp, 176
core   0: 3 0x8000711c (0x1918) x14 0x000000b0
core   0: 0x8000711e (0x03fac9b3) div     s3, s5, t6
core   0: 3 0x8000711e (0x03fac9b3) x19 0x0399df08
core   0: 0x80007122 (0x03ca2d33) mulhsu  s10, s4, t3
core   0: 3 0x80007122 (0x03ca2d33) x26 0x00000000
core   0: 0x80007126 (0xa720be93) sltiu   t4, ra, -1422
core   0: 3 0x80007126 (0xa720be93) x29 0x00000001
core   0: 0x8000712a (0x025fa333) mulhsu  t1, t6, t0
core   0: 3 0x8000712a (0x025fa333) x 6 0x00000000
core   0: 0x8000712e (0x000081c2) c.mv    gp, a6
core   0: 3 0x8000712e (0x81c2) x 3 0x00007000
core   0: 0x80007130 (0x00ddf6b3) and     a3, s11, a3
core   0: 3 0x80007130 (0x00ddf6b3) x13 0x00000220
core   0: 0x80007134 (0x01306d33) or      s10, zero, s3
core   0: 3 0x80007134 (0x01306d33) x26 0x0399df08
core   0: 0x80007138 (0x00006155) c.addi16sp sp, 304
core   0: 3 0x80007138 (0x6155) x 2 0x00000130
core   0: 0x8000713a (0x00000392) c.slli  t2, 4
core   0: 3 0x8000713a (0x0392) x 7 0x9330ce40
core   0: 0x8000713c (0x02e5ccb3) div     s9, a1, a4
core   0: 3 0x8000713c (0x02e5ccb3) x25 0xff45d2d0
core   0: 0x80007140 (0x00000001) c.nop
core   0: 3 0x80007140 (0x0001)
core   0: 0x80007142 (0x00008f25) c.xor   a4, s1
core   0: 3 0x80007142 (0x8f25) x14 0x800060b0
core   0: 0x80007144 (0x00000001) c.nop
core   0: 3 0x80007144 (0x0001)
core   0: 0x80007146 (0x9a54c613) xori    a2, s1, -1627
core   0: 3 0x80007146 (0x9a54c613) x12 0x7fff99a5
core   0: 0x8000714a (0x0067f633) and     a2, a5, t1
core   0: 3 0x8000714a (0x0067f633) x12 0x00000000
core   0: 0x8000714e (0x00669413) slli    s0, a3, 6
core   0: 3 0x8000714e (0x00669413) x 8 0x00008800
core   0: 0x80007152 (0x03926633) rem     a2, tp, s9
core   0: 3 0x80007152 (0x03926633) x12 0x00b12a48
core   0: 0x80007156 (0x00000efe) c.slli  t4, 31
core   0: 3 0x80007156 (0x0efe) x29 0x80000000
core   0: 0x80007158 (0x0000167d) c.addi  a2, -1
core   0: 3 0x80007158 (0x167d) x12 0x00b12a47
core   0: 0x8000715a (0x00008e49) c.or    a2, a0
core   0: 3 0x8000715a (0x8e49) x12 0x80b12ee7
core   0: 0x8000715c (0x0000987a) c.add   a6, t5
core   0: 3 0x8000715c (0x987a) x16 0x077e6000
core   0: 0x8000715e (0x00000ce1) c.addi  s9, 24
core   0: 3 0x8000715e (0x0ce1) x25 0xff45d2e8
core   0: 0x80007160 (0x03a25833) divu    a6, tp, s10
core   0: 3 0x80007160 (0x03a25833) x16 0x00000001
core   0: 0x80007164 (0x01a628b3) slt     a7, a2, s10
core   0: 3 0x80007164 (0x01a628b3) x17 0x00000001
core   0: 0x80007168 (0xc969f313) andi    t1, s3, -874
core   0: 3 0x80007168 (0xc969f313) x 6 0x0399dc00
core   0: 0x8000716c (0x00000e6e) c.slli  t3, 27
core   0: 3 0x8000716c (0x0e6e) x28 0x00000000
core   0: 0x8000716e (0x02fc51b3) divu    gp, s8, a5
core   0: 3 0x8000716e (0x02fc51b3) x 3 0xffffffff
core   0: 0x80007172 (0x0000717d) c.addi16sp sp, -16
core   0: 3 0x80007172 (0x717d) x 2 0x00000120
core   0: 0x80007174 (0x017833b3) sltu    t2, a6, s7
core   0: 3 0x80007174 (0x017833b3) x 7 0x00000001
core   0: 0x80007178 (0x00489c93) slli    s9, a7, 4
core   0: 3 0x80007178 (0x00489c93) x25 0x00000010
core   0: 0x8000717c (0x000007e9) c.addi  a5, 26
core   0: 3 0x8000717c (0x07e9) x15 0x0000001a
core   0: 0x8000717e (0x01afd993) srli    s3, t6, 26
core   0: 3 0x8000717e (0x01afd993) x19 0x00000000
core   0: 0x80007182 (0x40650fb3) sub     t6, a0, t1
core   0: 3 0x80007182 (0x40650fb3) x31 0x7c6750e4
core   0: 0x80007186 (0x00008d86) c.mv    s11, ra
core   0: 3 0x80007186 (0x8d86) x27 0x000004c6
core   0: 0x80007188 (0x025c97b3) mulh    a5, s9, t0
core   0: 3 0x80007188 (0x025c97b3) x15 0x00000001
core   0: 0x8000718c (0x00008fd1) c.or    a5, a2
core   0: 3 0x8000718c (0x8fd1) x15 0x80b12ee7
core   0: 0x8000718e (0x00000001) c.nop
core   0: 3 0x8000718e (0x0001)
core   0: 0x80007190 (0x02e6a333) mulhsu  t1, a3, a4
core   0: 3 0x80007190 (0x02e6a333) x 6 0x00000110
core   0: 0x80007194 (0x00da7b33) and     s6, s4, a3
core   0: 3 0x80007194 (0x00da7b33) x22 0x00000000
core   0: 0x80007198 (0x00000001) c.nop
core   0: 3 0x80007198 (0x0001)
core   0: 0x8000719a (0x00008fd1) c.or    a5, a2
core   0: 3 0x8000719a (0x8fd1) x15 0x80b12ee7
core   0: 0x8000719c (0x00000001) c.nop
core   0: 3 0x8000719c (0x0001)
core   0: 0x8000719e (0x00008ca1) c.xor   s1, s0
core   0: 3 0x8000719e (0x8ca1) x 9 0x8000e800
core   0: 0x800071a0 (0x00000001) c.nop
core   0: 3 0x800071a0 (0x0001)
core   0: 0x800071a2 (0x0126d993) srli    s3, a3, 18
core   0: 3 0x800071a2 (0x0126d993) x19 0x00000000
core   0: 0x800071a6 (0x536a3b93) sltiu   s7, s4, 1334
core   0: 3 0x800071a6 (0x536a3b93) x23 0x00000001
core   0: 0x800071aa (0x000093ae) c.add   t2, a1
core   0: 3 0x800071aa (0x93ae) x 7 0x8000ee65
core   0: 0x800071ac (0x016dbb33) sltu    s6, s11, s6
core   0: 3 0x800071ac (0x016dbb33) x22 0x00000000
core   0: 0x800071b0 (0x03c472b3) remu    t0, s0, t3
core   0: 3 0x800071b0 (0x03c472b3) x 5 0x00008800
core   0: 0x800071b4 (0x00004879) c.li    a6, 30
core   0: 3 0x800071b4 (0x4879) x16 0x0000001e
core   0: 0x800071b6 (0x00001efd) c.addi  t4, -1
core   0: 3 0x800071b6 (0x1efd) x29 0x7fffffff
core   0: 0x800071b8 (0x00006171) c.addi16sp sp, 336
core   0: 3 0x800071b8 (0x6171) x 2 0x00000270
core   0: 0x800071ba (0x00f16db3) or      s11, sp, a5
core   0: 3 0x800071ba (0x00f16db3) x27 0x80b12ef7
core   0: 0x800071be (0x000086c5) c.srai  a3, 17
core   0: 3 0x800071be (0x86c5) x13 0x00000000
core   0: 0x800071c0 (0x022a3133) mulhu   sp, s4, sp
core   0: 3 0x800071c0 (0x022a3133) x 2 0x00000000
core   0: 0x800071c4 (0x02ee0b33) mul     s6, t3, a4
core   0: 3 0x800071c4 (0x02ee0b33) x22 0x00000000
core   0: 0x800071c8 (0x019d1893) slli    a7, s10, 25
core   0: 3 0x800071c8 (0x019d1893) x17 0x10000000
core   0: 0x800071cc (0x00008349) c.srli  a4, 18
core   0: 3 0x800071cc (0x8349) x14 0x00002000
core   0: 0x800071ce (0x00008416) c.mv    s0, t0
core   0: 3 0x800071ce (0x8416) x 8 0x00008800
core   0: 0x800071d0 (0x02cf91b3) mulh    gp, t6, a2
core   0: 3 0x800071d0 (0x02cf91b3) x 3 0xc22271c7
core   0: 0x800071d4 (0x0000962a) c.add   a2, a0
core   0: 3 0x800071d4 (0x962a) x12 0x00b25bcb
core   0: 0x800071d6 (0x021ef2b3) remu    t0, t4, ra
core   0: 3 0x800071d6 (0x021ef2b3) x 5 0x000002d5
core   0: 0x800071da (0x011be133) or      sp, s7, a7
core   0: 3 0x800071da (0x011be133) x 2 0x10000001
core   0: 0x800071de (0x00008e85) c.sub   a3, s1
core   0: 3 0x800071de (0x8e85) x13 0x7fff1800
core   0: 0x800071e0 (0xc17ef113) andi    sp, t4, -1001
core   0: 3 0x800071e0 (0xc17ef113) x 2 0x7ffffc17
core   0: 0x800071e4 (0x036ddab3) divu    s5, s11, s6
core   0: 3 0x800071e4 (0x036ddab3) x21 0xffffffff
core   0: 0x800071e8 (0x000080bd) c.srli  s1, 15
core   0: 3 0x800071e8 (0x80bd) x 9 0x00010001
core   0: 0x800071ea (0x170f3a13) sltiu   s4, t5, 368
core   0: 3 0x800071ea (0x170f3a13) x20 0x00000000
core   0: 0x800071ee (0x00008c9d) c.sub   s1, a5
core   0: 3 0x800071ee (0x8c9d) x 9 0x7f4fd11a
core   0: 0x800071f0 (0x4f057b93) andi    s7, a0, 1264
core   0: 3 0x800071f0 (0x4f057b93) x23 0x000004e0
core   0: 0x800071f4 (0x41ca8d33) sub     s10, s5, t3
core   0: 3 0x800071f4 (0x41ca8d33) x26 0xffffffff
core   0: 0x800071f8 (0x03ab8433) mul     s0, s7, s10
core   0: 3 0x800071f8 (0x03ab8433) x 8 0xfffffb20
core   0: 0x800071fc (0x00008c7d) c.and   s0, a5
core   0: 3 0x800071fc (0x8c7d) x 8 0x80b12a20
core   0: 0x800071fe (0x00000001) c.nop
core   0: 3 0x800071fe (0x0001)
core   0: 0x80007200 (0x02403433) mulhu   s0, zero, tp
core   0: 3 0x80007200 (0x02403433) x 8 0x00000000
core   0: 0x80007204 (0x0000149c) c.addi4spn a5, sp, 608
core   0: 3 0x80007204 (0x149c) x15 0x7ffffe77
core   0: 0x80007206 (0x00008f81) c.sub   a5, s0
core   0: 3 0x80007206 (0x8f81) x15 0x7ffffe77
core   0: 0x80007208 (0x0388b433) mulhu   s0, a7, s8
core   0: 3 0x80007208 (0x0388b433) x 8 0x0ffc27e3
core   0: 0x8000720c (0x03067433) remu    s0, a2, a6
core   0: 3 0x8000720c (0x03067433) x 8 0x00000007
core   0: 0x80007210 (0x4068d193) srai    gp, a7, 6
core   0: 3 0x80007210 (0x4068d193) x 3 0x00400000
core   0: 0x80007214 (0x0000828d) c.srli  a3, 3
core   0: 3 0x80007214 (0x828d) x13 0x0fffe300
core   0: 0x80007216 (0x00431413) slli    s0, t1, 4
core   0: 3 0x80007216 (0x00431413) x 8 0x00001100
core   0: 0x8000721a (0x4166d913) srai    s2, a3, 22
core   0: 3 0x8000721a (0x4166d913) x18 0x0000003f
core   0: 0x8000721e (0x00008686) c.mv    a3, ra
core   0: 3 0x8000721e (0x8686) x13 0x000004c6
core   0: 0x80007220 (0x00008ce9) c.and   s1, a0
core   0: 3 0x80007220 (0x8ce9) x 9 0x00010000
core   0: 0x80007222 (0x026cba33) mulhu   s4, s9, t1
core   0: 3 0x80007222 (0x026cba33) x20 0x00000000
core   0: 0x80007226 (0x00239913) slli    s2, t2, 2
core   0: 3 0x80007226 (0x00239913) x18 0x0003b994
core   0: 0x8000722a (0x01f11793) slli    a5, sp, 31
core   0: 3 0x8000722a (0x01f11793) x15 0x80000000
core   0: 0x8000722e (0x00008f29) c.xor   a4, a0
core   0: 3 0x8000722e (0x8f29) x14 0x80010ce4
core   0: 0x80007230 (0x00dd3933) sltu    s2, s10, a3
core   0: 3 0x80007230 (0x00dd3933) x18 0x00000000
core   0: 0x80007234 (0x0343fdb3) remu    s11, t2, s4
core   0: 3 0x80007234 (0x0343fdb3) x27 0x8000ee65
core   0: 0x80007238 (0x00008cd9) c.or    s1, a4
core   0: 3 0x80007238 (0x8cd9) x 9 0x80010ce4
core   0: 0x8000723a (0x01d5b233) sltu    tp, a1, t4
core   0: 3 0x8000723a (0x01d5b233) x 4 0x00000000
core   0: 0x8000723e (0xc3384193) xori    gp, a6, -973
core   0: 3 0x8000723e (0xc3384193) x 3 0xfffffc2d
core   0: 0x80007242 (0x01459eb3) sll     t4, a1, s4
core   0: 3 0x80007242 (0x01459eb3) x29 0x8000ee64
core   0: 0x80007246 (0x00008f59) c.or    a4, a4
core   0: 3 0x80007246 (0x8f59) x14 0x80010ce4
core   0: 0x80007248 (0x000050fd) c.li    ra, -1
core   0: 3 0x80007248 (0x50fd) x 1 0xffffffff
core   0: 0x8000724a (0x019fcb33) xor     s6, t6, s9
core   0: 3 0x8000724a (0x019fcb33) x22 0x7c6750f4
core   0: 0x8000724e (0xaf99e113) ori     sp, s3, -1287
core   0: 3 0x8000724e (0xaf99e113) x 2 0xfffffaf9
core   0: 0x80007252 (0xbd6c1017) auipc   zero, 0xbd6c1
core   0: 3 0x80007252 (0xbd6c1017)
core   0: 0x80007256 (0x8296f093) andi    ra, a3, -2007
core   0: 3 0x80007256 (0x8296f093) x 1 0x00000000
core   0: 0x8000725a (0x00000684) c.addi4spn s1, sp, 832
core   0: 3 0x8000725a (0x0684) x 9 0xfffffe39
core   0: 0x8000725c (0x0000069e) c.slli  a3, 7
core   0: 3 0x8000725c (0x069e) x13 0x00026300
core   0: 0x8000725e (0xbad7e113) ori     sp, a5, -1107
core   0: 3 0x8000725e (0xbad7e113) x 2 0xfffffbad
core   0: 0x80007262 (0x4023d493) srai    s1, t2, 2
core   0: 3 0x80007262 (0x4023d493) x 9 0xe0003b99
core   0: 0x80007266 (0x00008a1d) c.andi  a2, 7
core   0: 3 0x80007266 (0x8a1d) x12 0x00000003
core   0: 0x80007268 (0x24f74013) xori    zero, a4, 591
core   0: 3 0x80007268 (0x24f74013)
core   0: 0x8000726c (0x01169ab3) sll     s5, a3, a7
core   0: 3 0x8000726c (0x01169ab3) x21 0x00026300
core   0: 0x80007270 (0x02ecb833) mulhu   a6, s9, a4
core   0: 3 0x80007270 (0x02ecb833) x16 0x00000008
core   0: 0x80007274 (0x43e38393) addi    t2, t2, 1086
core   0: 3 0x80007274 (0x43e38393) x 7 0x8000f2a3
core   0: 0x80007278 (0x02fefab3) remu    s5, t4, a5
core   0: 3 0x80007278 (0x02fefab3) x21 0x0000ee64
core   0: 0x8000727c (0x00000ade) c.slli  s5, 23
core   0: 3 0x8000727c (0x0ade) x21 0x32000000
core   0: 0x8000727e (0x00baf9b3) and     s3, s5, a1
core   0: 3 0x8000727e (0x00baf9b3) x19 0x00000000
core   0: 0x80007282 (0x00008c8d) c.sub   s1, a1
core   0: 3 0x80007282 (0x8c8d) x 9 0x5fff4d35
core   0: 0x80007284 (0x404f5613) srai    a2, t5, 4
core   0: 3 0x80007284 (0x404f5613) x12 0x0077df00
core   0: 0x80007288 (0x0000820d) c.srli  a2, 3
core   0: 3 0x80007288 (0x820d) x12 0x000efbe0
core   0: 0x8000728a (0x0245c733) div     a4, a1, tp
core   0: 3 0x8000728a (0x0245c733) x14 0xffffffff
core   0: 0x8000728e (0x00bfd6b3) srl     a3, t6, a1
core   0: 3 0x8000728e (0x00bfd6b3) x13 0x07c6750e
core   0: 0x80007292 (0x02536bb3) rem     s7, t1, t0
core   0: 3 0x80007292 (0x02536bb3) x23 0x00000110
core   0: 0x80007296 (0x005e6733) or      a4, t3, t0
core   0: 3 0x80007296 (0x005e6733) x14 0x000002d5
core   0: 0x8000729a (0x00008f49) c.or    a4, a0
core   0: 3 0x8000729a (0x8f49) x14 0x80012ef5
core   0: 0x8000729c (0x00008e85) c.sub   a3, s1
core   0: 3 0x8000729c (0x8e85) x13 0xa7c727d9
core   0: 0x8000729e (0xfd5a4e17) auipc   t3, 0xfd5a4
core   0: 3 0x8000729e (0xfd5a4e17) x28 0x7d5ab29e
core   0: 0x800072a2 (0x00009646) c.add   a2, a7
core   0: 3 0x800072a2 (0x9646) x12 0x100efbe0
core   0: 0x800072a4 (0x031fa0b3) mulhsu  ra, t6, a7
core   0: 3 0x800072a4 (0x031fa0b3) x 1 0x07c6750e
core   0: 0x800072a8 (0x00000001) c.nop
core   0: 3 0x800072a8 (0x0001)
core   0: 0x800072aa (0x01945333) srl     t1, s0, s9
core   0: 3 0x800072aa (0x01945333) x 6 0x00000000
core   0: 0x800072ae (0x00006ddd) c.lui   s11, 0x17
core   0: 3 0x800072ae (0x6ddd) x27 0x00017000
core   0: 0x800072b0 (0x0000831d) c.srli  a4, 7
core   0: 3 0x800072b0 (0x831d) x14 0x0100025d
core   0: 0x800072b2 (0x03232eb3) mulhsu  t4, t1, s2
core   0: 3 0x800072b2 (0x03232eb3) x29 0x00000000
core   0: 0x800072b6 (0x00000e4e) c.slli  t3, 19
core   0: 3 0x800072b6 (0x0e4e) x28 0x94f00000
core   0: 0x800072b8 (0x01a06333) or      t1, zero, s10
core   0: 3 0x800072b8 (0x01a06333) x 6 0xffffffff
core   0: 0x800072bc (0x00424a33) xor     s4, tp, tp
core   0: 3 0x800072bc (0x00424a33) x20 0x00000000
core   0: 0x800072c0 (0x00000001) c.nop
core   0: 3 0x800072c0 (0x0001)
core   0: 0x800072c2 (0x03a696b3) mulh    a3, a3, s10
core   0: 3 0x800072c2 (0x03a696b3) x13 0x00000000
core   0: 0x800072c6 (0xd4d6ee13) ori     t3, a3, -691
core   0: 3 0x800072c6 (0xd4d6ee13) x28 0xfffffd4d
core   0: 0x800072ca (0x00000da6) c.slli  s11, 9
core   0: 3 0x800072ca (0x0da6) x27 0x02e00000
core   0: 0x800072cc (0x016aa133) slt     sp, s5, s6
core   0: 3 0x800072cc (0x016aa133) x 2 0x00000001
core   0: 0x800072d0 (0x03f3abb3) mulhsu  s7, t2, t6
core   0: 3 0x800072d0 (0x03f3abb3) x23 0xc1cccd76
core   0: 0x800072d4 (0x000086f1) c.srai  a3, 28
core   0: 3 0x800072d4 (0x86f1) x13 0x00000000
core   0: 0x800072d6 (0x00000001) c.nop
core   0: 3 0x800072d6 (0x0001)
core   0: 0x800072d8 (0x00008779) c.srai  a4, 30
core   0: 3 0x800072d8 (0x8779) x14 0x00000000
core   0: 0x800072da (0x02c1c1b3) div     gp, gp, a2
core   0: 3 0x800072da (0x02c1c1b3) x 3 0x00000000
core   0: 0x800072de (0x02e25fb3) divu    t6, tp, a4
core   0: 3 0x800072de (0x02e25fb3) x31 0xffffffff
core   0: 0x800072e2 (0x02553ab3) mulhu   s5, a0, t0
core   0: 3 0x800072e2 (0x02553ab3) x21 0x0000016a
core   0: 0x800072e6 (0x00000001) c.nop
core   0: 3 0x800072e6 (0x0001)
core   0: 0x800072e8 (0x40d189b3) sub     s3, gp, a3
core   0: 3 0x800072e8 (0x40d189b3) x19 0x00000000
core   0: 0x800072ec (0x00008f8d) c.sub   a5, a1
core   0: 3 0x800072ec (0x8f8d) x15 0xffff119c
core   0: 0x800072ee (0x00001e7d) c.addi  t3, -1
core   0: 3 0x800072ee (0x1e7d) x28 0xfffffd4c
core   0: 0x800072f0 (0x400757b3) sra     a5, a4, zero
core   0: 3 0x800072f0 (0x400757b3) x15 0x00000000
core   0: 0x800072f4 (0x6749ba13) sltiu   s4, s3, 1652
core   0: 3 0x800072f4 (0x6749ba13) x20 0x00000001
core   0: 0x800072f8 (0x00008055) c.srli  s0, 21
core   0: 3 0x800072f8 (0x8055) x 8 0x00000000
core   0: 0x800072fa (0xb8feef13) ori     t5, t4, -1137
core   0: 3 0x800072fa (0xb8feef13) x30 0xfffffb8f
core   0: 0x800072fe (0xd18b01b7) lui     gp, 0xd18b0
core   0: 3 0x800072fe (0xd18b01b7) x 3 0xd18b0000
core   0: 0x80007302 (0x020626b3) mulhsu  a3, a2, zero
core   0: 3 0x80007302 (0x020626b3) x13 0x00000000
core   0: 0x80007306 (0x000003d2) c.slli  t2, 20
core   0: 3 0x80007306 (0x03d2) x 7 0x2a300000
core   0: 0x80007308 (0x0000646d) c.lui   s0, 0x1b
core   0: 3 0x80007308 (0x646d) x 8 0x0001b000
core   0: 0x8000730a (0x0000517d) c.li    sp, -1
core   0: 3 0x8000730a (0x517d) x 2 0xffffffff
core   0: 0x8000730c (0x019b9f33) sll     t5, s7, s9
core   0: 3 0x8000730c (0x019b9f33) x30 0xcd760000
core   0: 0x80007310 (0x9c4cc813) xori    a6, s9, -1596
core   0: 3 0x80007310 (0x9c4cc813) x16 0xfffff9d4
core   0: 0x80007314 (0x02b8fbb3) remu    s7, a7, a1
core   0: 3 0x80007314 (0x02b8fbb3) x23 0x10000000
core   0: 0x80007318 (0x0024f933) and     s2, s1, sp
core   0: 3 0x80007318 (0x0024f933) x18 0x5fff4d35
core   0: 0x8000731c (0x0252b0b3) mulhu   ra, t0, t0
core   0: 3 0x8000731c (0x0252b0b3) x 1 0x00000000
core   0: 0x80007320 (0x000082f9) c.srli  a3, 30
core   0: 3 0x80007320 (0x82f9) x13 0x00000000
core   0: 0x80007322 (0x00008c15) c.sub   s0, a3
core   0: 3 0x80007322 (0x8c15) x 8 0x0001b000
core   0: 0x80007324 (0x018e49b3) xor     s3, t3, s8
core   0: 3 0x80007324 (0x018e49b3) x19 0x003d8373
core   0: 0x80007328 (0x11337213) andi    tp, t1, 275
core   0: 3 0x80007328 (0x11337213) x 4 0x00000113
core   0: 0x8000732c (0x00008f61) c.and   a4, s0
core   0: 3 0x8000732c (0x8f61) x14 0x00000000
core   0: 0x8000732e (0x41af84b3) sub     s1, t6, s10
core   0: 3 0x8000732e (0x41af84b3) x 9 0x00000000
core   0: 0x80007332 (0x01c71d33) sll     s10, a4, t3
core   0: 3 0x80007332 (0x01c71d33) x26 0x00000000
core   0: 0x80007336 (0x96838e93) addi    t4, t2, -1688
core   0: 3 0x80007336 (0x96838e93) x29 0x2a2ff968
core   0: 0x8000733a (0x034c3133) mulhu   sp, s8, s4
core   0: 3 0x8000733a (0x034c3133) x 2 0x00000000
core   0: 0x8000733e (0x492ad2b7) lui     t0, 0x492ad
core   0: 3 0x8000733e (0x492ad2b7) x 5 0x492ad000
core   0: 0x80007342 (0x03ee2d33) mulhsu  s10, t3, t5
core   0: 3 0x80007342 (0x03ee2d33) x26 0xfffffdd4
core   0: 0x80007346 (0x03cf76b3) remu    a3, t5, t3
core   0: 3 0x80007346 (0x03cf76b3) x13 0xcd760000
core   0: 0x8000734a (0x41ce5633) sra     a2, t3, t3
core   0: 3 0x8000734a (0x41ce5633) x12 0xffffffff
core   0: 0x8000734e (0x00000341) c.addi  t1, 16
core   0: 3 0x8000734e (0x0341) x 6 0x0000000f
core   0: 0x80007350 (0x01886fb3) or      t6, a6, s8
core   0: 3 0x80007350 (0x01886fb3) x31 0xffffffff
core   0: 0x80007354 (0x33ead617) auipc   a2, 0x33ead
core   0: 3 0x80007354 (0x33ead617) x12 0xb3eb4354
core   0: 0x80007358 (0x00d59e13) slli    t3, a1, 13
core   0: 3 0x80007358 (0x00d59e13) x28 0x1dcc8000
core   0: 0x8000735c (0x0263a6b3) mulhsu  a3, t2, t1
core   0: 3 0x8000735c (0x0263a6b3) x13 0x00000002
core   0: 0x80007360 (0x03e356b3) divu    a3, t1, t5
core   0: 3 0x80007360 (0x03e356b3) x13 0x00000000
core   0: 0x80007364 (0x0000587d) c.li    a6, -1
core   0: 3 0x80007364 (0x587d) x16 0xffffffff
core   0: 0x80007366 (0x00000ca6) c.slli  s9, 9
core   0: 3 0x80007366 (0x0ca6) x25 0x00002000
core   0: 0x80007368 (0x00000ca2) c.slli  s9, 8
core   0: 3 0x80007368 (0x0ca2) x25 0x00200000
core   0: 0x8000736a (0x00000ace) c.slli  s5, 19
core   0: 3 0x8000736a (0x0ace) x21 0x0b500000
core   0: 0x8000736c (0x00008f99) c.sub   a5, a4
core   0: 3 0x8000736c (0x8f99) x15 0x00000000
core   0: 0x8000736e (0x896df913) andi    s2, s11, -1898
core   0: 3 0x8000736e (0x896df913) x18 0x02e00000
core   0: 0x80007372 (0x0051cb33) xor     s6, gp, t0
core   0: 3 0x80007372 (0x0051cb33) x22 0x98a1d000
core   0: 0x80007376 (0x0000042a) c.slli  s0, 10
core   0: 3 0x80007376 (0x042a) x 8 0x06c00000
core   0: 0x80007378 (0x7919e413) ori     s0, s3, 1937
core   0: 3 0x80007378 (0x7919e413) x 8 0x003d87f3
core   0: 0x8000737c (0x00000001) c.nop
core   0: 3 0x8000737c (0x0001)
core   0: 0x8000737e (0x00468033) add     zero, a3, tp
core   0: 3 0x8000737e (0x00468033)
core   0: 0x80007382 (0x02b84333) div     t1, a6, a1
core   0: 3 0x80007382 (0x02b84333) x 6 0x00000000
core   0: 0x80007386 (0x2961bb13) sltiu   s6, gp, 662
core   0: 3 0x80007386 (0x2961bb13) x22 0x00000000
core   0: 0x8000738a (0x00008059) c.srli  s0, 22
core   0: 3 0x8000738a (0x8059) x 8 0x00000000
core   0: 0x8000738c (0x01d0d113) srli    sp, ra, 29
core   0: 3 0x8000738c (0x01d0d113) x 2 0x00000000
core   0: 0x80007390 (0x00009e7a) c.add   t3, t5
core   0: 3 0x80007390 (0x9e7a) x28 0xeb428000
core   0: 0x80007392 (0xb91ae717) auipc   a4, 0xb91ae
core   0: 3 0x80007392 (0xb91ae717) x14 0x391b5392
core   0: 0x80007396 (0x03adedb3) rem     s11, s11, s10
core   0: 3 0x80007396 (0x03adedb3) x27 0x00000180
core   0: 0x8000739a (0x02f848b3) div     a7, a6, a5
core   0: 3 0x8000739a (0x02f848b3) x17 0xffffffff
core   0: 0x8000739e (0x00006695) c.lui   a3, 0x5
core   0: 3 0x8000739e (0x6695) x13 0x00005000
core   0: 0x800073a0 (0x039b5733) divu    a4, s6, s9
core   0: 3 0x800073a0 (0x039b5733) x14 0x00000000
core   0: 0x800073a4 (0x02939f33) mulh    t5, t2, s1
core   0: 3 0x800073a4 (0x02939f33) x30 0x00000000
core   0: 0x800073a8 (0x01159e93) slli    t4, a1, 17
core   0: 3 0x800073a8 (0x01159e93) x29 0xdcc80000
core   0: 0x800073ac (0x403aea93) ori     s5, s5, 1027
core   0: 3 0x800073ac (0x403aea93) x21 0x0b500403
core   0: 0x800073b0 (0x03731633) mulh    a2, t1, s7
core   0: 3 0x800073b0 (0x03731633) x12 0x00000000
core   0: 0x800073b4 (0x0126cd13) xori    s10, a3, 18
core   0: 3 0x800073b4 (0x0126cd13) x26 0x00005012
core   0: 0x800073b8 (0x023c1f33) mulh    t5, s8, gp
core   0: 3 0x800073b8 (0x023c1f33) x30 0x000b296c
core   0: 0x800073bc (0x00005d7d) c.li    s10, -1
core   0: 3 0x800073bc (0x5d7d) x26 0xffffffff
core   0: 0x800073be (0x40e55193) srai    gp, a0, 14
core   0: 3 0x800073be (0x40e55193) x 3 0xfffe0004
core   0: 0x800073c2 (0x00009786) c.add   a5, ra
core   0: 3 0x800073c2 (0x9786) x15 0x00000000
core   0: 0x800073c4 (0x00008f75) c.and   a4, a3
core   0: 3 0x800073c4 (0x8f75) x14 0x00000000
core   0: 0x800073c6 (0x00dc5a13) srli    s4, s8, 13
core   0: 3 0x800073c6 (0x00dc5a13) x20 0x0007fe13
core   0: 0x800073ca (0x02d3d9b3) divu    s3, t2, a3
core   0: 3 0x800073ca (0x02d3d9b3) x19 0x00008700
core   0: 0x800073ce (0x52766413) ori     s0, a2, 1319
core   0: 3 0x800073ce (0x52766413) x 8 0x00000527
core   0: 0x800073d2 (0x00008361) c.srli  a4, 24
core   0: 3 0x800073d2 (0x8361) x14 0x00000000
core   0: 0x800073d4 (0x02288133) mul     sp, a7, sp
core   0: 3 0x800073d4 (0x02288133) x 2 0x00000000
core   0: 0x800073d8 (0x2c982793) slti    a5, a6, 713
core   0: 3 0x800073d8 (0x2c982793) x15 0x00000001
core   0: 0x800073dc (0x00000001) c.nop
core   0: 3 0x800073dc (0x0001)
core   0: 0x800073de (0x03772f33) mulhsu  t5, a4, s7
core   0: 3 0x800073de (0x03772f33) x30 0x00000000
core   0: 0x800073e2 (0x00001a7d) c.addi  s4, -1
core   0: 3 0x800073e2 (0x1a7d) x20 0x0007fe12
core   0: 0x800073e4 (0x5a3937b7) lui     a5, 0x5a393
core   0: 3 0x800073e4 (0x5a3937b7) x15 0x5a393000
core   0: 0x800073e8 (0xbc864393) xori    t2, a2, -1080
core   0: 3 0x800073e8 (0xbc864393) x 7 0xfffffbc8
core   0: 0x800073ec (0x00009852) c.add   a6, s4
core   0: 3 0x800073ec (0x9852) x16 0x0007fe11
core   0: 0x800073ee (0x03d49ab3) mulh    s5, s1, t4
core   0: 3 0x800073ee (0x03d49ab3) x21 0x00000000
core   0: 0x800073f2 (0x00008665) c.srai  a2, 25
core   0: 3 0x800073f2 (0x8665) x12 0x00000000
core   0: 0x800073f4 (0x41c85133) sra     sp, a6, t3
core   0: 3 0x800073f4 (0x41c85133) x 2 0x0007fe11
core   0: 0x800073f8 (0x00000001) c.nop
core   0: 3 0x800073f8 (0x0001)
core   0: 0x800073fa (0x6d204313) xori    t1, zero, 1746
core   0: 3 0x800073fa (0x6d204313) x 6 0x000006d2
core   0: 0x800073fe (0x00008846) c.mv    a6, a7
core   0: 3 0x800073fe (0x8846) x16 0xffffffff
core   0: 0x80007400 (0x025b0cb3) mul     s9, s6, t0
core   0: 3 0x80007400 (0x025b0cb3) x25 0x00000000
core   0: 0x80007404 (0x0100f0b3) and     ra, ra, a6
core   0: 3 0x80007404 (0x0100f0b3) x 1 0x00000000
core   0: 0x80007408 (0x40b252b3) sra     t0, tp, a1
core   0: 3 0x80007408 (0x40b252b3) x 5 0x00000011
core   0: 0x8000740c (0x2bc28293) addi    t0, t0, 700
core   0: 3 0x8000740c (0x2bc28293) x 5 0x000002cd
core   0: 0x80007410 (0x000019fd) c.addi  s3, -1
core   0: 3 0x80007410 (0x19fd) x19 0x000086ff
core   0: 0x80007412 (0x03cf71b3) remu    gp, t5, t3
core   0: 3 0x80007412 (0x03cf71b3) x 3 0x00000000
core   0: 0x80007416 (0x0374feb3) remu    t4, s1, s7
core   0: 3 0x80007416 (0x0374feb3) x29 0x00000000
core   0: 0x8000741a (0x5cedbe37) lui     t3, 0x5cedb
core   0: 3 0x8000741a (0x5cedbe37) x28 0x5cedb000
core   0: 0x8000741e (0x0149cab3) xor     s5, s3, s4
core   0: 3 0x8000741e (0x0149cab3) x21 0x000778ed
core   0: 0x80007422 (0x00008b66) c.mv    s6, s9
core   0: 3 0x80007422 (0x8b66) x22 0x00000000
core   0: 0x80007424 (0x00008e45) c.or    a2, s1
core   0: 3 0x80007424 (0x8e45) x12 0x00000000
core   0: 0x80007426 (0x89ad7413) andi    s0, s10, -1894
core   0: 3 0x80007426 (0x89ad7413) x 8 0xfffff89a
core   0: 0x8000742a (0x03f33b33) mulhu   s6, t1, t6
core   0: 3 0x8000742a (0x03f33b33) x22 0x000006d1
core   0: 0x8000742e (0x00008fe1) c.and   a5, s0
core   0: 3 0x8000742e (0x8fe1) x15 0x5a393000
core   0: 0x80007430 (0x509fa893) slti    a7, t6, 1289
core   0: 3 0x80007430 (0x509fa893) x17 0x00000001
core   0: 0x80007434 (0x23234e13) xori    t3, t1, 562
core   0: 3 0x80007434 (0x23234e13) x28 0x000004e0
core   0: 0x80007438 (0x4a120793) addi    a5, tp, 1185
core   0: 3 0x80007438 (0x4a120793) x15 0x000005b4
core   0: 0x8000743c (0x00008f01) c.sub   a4, s0
core   0: 3 0x8000743c (0x8f01) x14 0x00000766
core   0: 0x8000743e (0xaab86f93) ori     t6, a6, -1365
core   0: 3 0x8000743e (0xaab86f93) x31 0xffffffff
core   0: 0x80007442 (0x0286dcb3) divu    s9, a3, s0
core   0: 3 0x80007442 (0x0286dcb3) x25 0x00000000
core   0: 0x80007446 (0x00000e72) c.slli  t3, 28
core   0: 3 0x80007446 (0x0e72) x28 0x00000000
core   0: 0x80007448 (0x00ba8fb3) add     t6, s5, a1
core   0: 3 0x80007448 (0x00ba8fb3) x31 0x80086751
core   0: 0x8000744c (0x034bc133) div     sp, s7, s4
core   0: 3 0x8000744c (0x034bc133) x 2 0x00000200
core   0: 0x80007450 (0x6e335bb7) lui     s7, 0x6e335
core   0: 3 0x80007450 (0x6e335bb7) x23 0x6e335000
core   0: 0x80007454 (0x00004981) c.li    s3, 0
core   0: 3 0x80007454 (0x4981) x19 0x00000000
core   0: 0x80007456 (0x00004481) c.li    s1, 0
core   0: 3 0x80007456 (0x4481) x 9 0x00000000
core   0: 0x80007458 (0x00004c81) c.li    s9, 0
core   0: 3 0x80007458 (0x4c81) x25 0x00000000
core   0: 0x8000745a (0x00004081) c.li    ra, 0
core   0: 3 0x8000745a (0x4081) x 1 0x00000000
core   0: 0x8000745c (0x00004601) c.li    a2, 0
core   0: 3 0x8000745c (0x4601) x12 0x00000000
core   0: 0x8000745e (0x80000fb7) lui     t6, 0x80000
core   0: 3 0x8000745e (0x80000fb7) x31 0x80000000
core   0: 0x80007462 (0xfff00693) li      a3, -1
core   0: 3 0x80007462 (0xfff00693) x13 0xffffffff
core   0: 0x80007466 (0x314a8337) lui     t1, 0x314a8
core   0: 3 0x80007466 (0x314a8337) x 6 0x314a8000
core   0: 0x8000746a (0x9bf30313) addi    t1, t1, -1601
core   0: 3 0x8000746a (0x9bf30313) x 6 0x314a79bf
core   0: 0x8000746e (0xfff00413) li      s0, -1
core   0: 3 0x8000746e (0xfff00413) x 8 0xffffffff
core   0: 0x80007472 (0x00004b01) c.li    s6, 0
core   0: 3 0x80007472 (0x4b01) x22 0x00000000
core   0: 0x80007474 (0x02d6e433) rem     s0, a3, a3
core   0: 3 0x80007474 (0x02d6e433) x 8 0x00000000
core   0: 0x80007478 (0x996d6097) auipc   ra, 0x996d6
core   0: 3 0x80007478 (0x996d6097) x 1 0x196dd478
core   0: 0x8000747c (0x3bf66cb7) lui     s9, 0x3bf66
core   0: 3 0x8000747c (0x3bf66cb7) x25 0x3bf66000
core   0: 0x80007480 (0x00009626) c.add   a2, s1
core   0: 3 0x80007480 (0x9626) x12 0x00000000
core   0: 0x80007482 (0x4cfcb6b7) lui     a3, 0x4cfcb
core   0: 3 0x80007482 (0x4cfcb6b7) x13 0x4cfcb000
core   0: 0x80007486 (0x23195317) auipc   t1, 0x23195
core   0: 3 0x80007486 (0x23195317) x 6 0xa319c486
core   0: 0x8000748a (0x02c9acb3) mulhsu  s9, s3, a2
core   0: 3 0x8000748a (0x02c9acb3) x25 0x00000000
core   0: 0x8000748e (0x03935b33) divu    s6, t1, s9
core   0: 3 0x8000748e (0x03935b33) x22 0xffffffff
core   0: 0x80007492 (0x03f466b3) rem     a3, s0, t6
core   0: 3 0x80007492 (0x03f466b3) x13 0x00000000
core   0: 0x80007496 (0x91cc8693) addi    a3, s9, -1764
core   0: 3 0x80007496 (0x91cc8693) x13 0xfffff91c
core   0: 0x8000749a (0x0339e6b3) rem     a3, s3, s3
core   0: 3 0x8000749a (0x0339e6b3) x13 0x00000000
core   0: 0x8000749e (0x63740313) addi    t1, s0, 1591
core   0: 3 0x8000749e (0x63740313) x 6 0x00000637
core   0: 0x800074a2 (0x028436b3) mulhu   a3, s0, s0
core   0: 3 0x800074a2 (0x028436b3) x13 0x00000000
core   0: 0x800074a6 (0xd6c01fb7) lui     t6, 0xd6c01
core   0: 3 0x800074a6 (0xd6c01fb7) x31 0xd6c01000
core   0: 0x800074aa (0x5f968413) addi    s0, a3, 1529
core   0: 3 0x800074aa (0x5f968413) x 8 0x000005f9
core   0: 0x800074ae (0x40d40633) sub     a2, s0, a3
core   0: 3 0x800074ae (0x40d40633) x12 0x000005f9
core   0: 0x800074b2 (0x74568613) addi    a2, a3, 1861
core   0: 3 0x800074b2 (0x74568613) x12 0x00000745
core   0: 0x800074b6 (0x03c227b3) mulhsu  a5, tp, t3
core   0: 3 0x800074b6 (0x03c227b3) x15 0x00000000
core   0: 0x800074ba (0x00004751) c.li    a4, 20
core   0: 3 0x800074ba (0x4751) x14 0x00000014
core   0: 0x800074bc (0x00004fe9) c.li    t6, 26
core   0: 3 0x800074bc (0x4fe9) x31 0x0000001a
core   0: 0x800074be (0x00fe1033) sll     zero, t3, a5
core   0: 3 0x800074be (0x00fe1033)
core   0: 0x800074c2 (0x00008cb9) c.xor   s1, a4
core   0: 3 0x800074c2 (0x8cb9) x 9 0x00000014
core   0: 0x800074c4 (0x41475c93) srai    s9, a4, 20
core   0: 3 0x800074c4 (0x41475c93) x25 0x00000000
core   0: 0x800074c8 (0xa6c1cd93) xori    s11, gp, -1428
core   0: 3 0x800074c8 (0xa6c1cd93) x27 0xfffffa6c
core   0: 0x800074cc (0x00008c2d) c.xor   s0, a1
core   0: 3 0x800074cc (0x8c2d) x 8 0x8000eb9d
core   0: 0x800074ce (0x00c9d613) srli    a2, s3, 12
core   0: 3 0x800074ce (0x00c9d613) x12 0x00000000
core   0: 0x800074d2 (0x69c1f293) andi    t0, gp, 1692
core   0: 3 0x800074d2 (0x69c1f293) x 5 0x00000000
core   0: 0x800074d6 (0x00008e5e) c.mv    t3, s7
core   0: 3 0x800074d6 (0x8e5e) x28 0x6e335000
core   0: 0x800074d8 (0xb53beab7) lui     s5, 0xb53be
core   0: 3 0x800074d8 (0xb53beab7) x21 0xb53be000
core   0: 0x800074dc (0x02511e33) mulh    t3, sp, t0
core   0: 3 0x800074dc (0x02511e33) x28 0x00000000
core   0: 0x800074e0 (0x029bc733) div     a4, s7, s1
core   0: 3 0x800074e0 (0x029bc733) x14 0x058290cc
core   0: 0x800074e4 (0x00006121) c.addi16sp sp, 64
core   0: 3 0x800074e4 (0x6121) x 2 0x00000240
core   0: 0x800074e6 (0xd08ded13) ori     s10, s11, -760
core   0: 3 0x800074e6 (0xd08ded13) x26 0xffffff6c
core   0: 0x800074ea (0x000084b5) c.srai  s1, 13
core   0: 3 0x800074ea (0x84b5) x 9 0x00000000
core   0: 0x800074ec (0x00009bfd) c.andi  a5, -1
core   0: 3 0x800074ec (0x9bfd) x15 0x00000000
core   0: 0x800074ee (0x00008c3d) c.xor   s0, a5
core   0: 3 0x800074ee (0x8c3d) x 8 0x8000eb9d
core   0: 0x800074f0 (0x0ae3a693) slti    a3, t2, 174
core   0: 3 0x800074f0 (0x0ae3a693) x13 0x00000001
core   0: 0x800074f4 (0x0372a3b3) mulhsu  t2, t0, s7
core   0: 3 0x800074f4 (0x0372a3b3) x 7 0x00000000
core   0: 0x800074f8 (0x40575f13) srai    t5, a4, 5
core   0: 3 0x800074f8 (0x40575f13) x30 0x002c1486
core   0: 0x800074fc (0x5bf8d897) auipc   a7, 0x5bf8d
core   0: 3 0x800074fc (0x5bf8d897) x17 0xdbf944fc
core   0: 0x80007500 (0x03d24db3) div     s11, tp, t4
core   0: 3 0x80007500 (0x03d24db3) x27 0xffffffff
core   0: 0x80007504 (0x00008ef1) c.and   a3, a2
core   0: 3 0x80007504 (0x8ef1) x13 0x00000000
core   0: 0x80007506 (0xb304c693) xori    a3, s1, -1232
core   0: 3 0x80007506 (0xb304c693) x13 0xfffffb30
core   0: 0x8000750a (0x00009406) c.add   s0, ra
core   0: 3 0x8000750a (0x9406) x 8 0x996ec015
core   0: 0x8000750c (0x0000880a) c.mv    a6, sp
core   0: 3 0x8000750c (0x880a) x16 0x00000240
core   0: 0x8000750e (0x03fb13b3) mulh    t2, s6, t6
core   0: 3 0x8000750e (0x03fb13b3) x 7 0xffffffff
core   0: 0x80007512 (0x00008d16) c.mv    s10, t0
core   0: 3 0x80007512 (0x8d16) x26 0x00000000
core   0: 0x80007514 (0x40e30133) sub     sp, t1, a4
core   0: 3 0x80007514 (0x40e30133) x 2 0xfa7d756b
core   0: 0x80007518 (0x00008cad) c.xor   s1, a1
core   0: 3 0x80007518 (0x8cad) x 9 0x8000ee64
core   0: 0x8000751a (0xb58f2393) slti    t2, t5, -1192
core   0: 3 0x8000751a (0xb58f2393) x 7 0x00000000
core   0: 0x8000751e (0x03c027b3) mulhsu  a5, zero, t3
core   0: 3 0x8000751e (0x03c027b3) x15 0x00000000
core   0: 0x80007522 (0x014a47b3) xor     a5, s4, s4
core   0: 3 0x80007522 (0x014a47b3) x15 0x00000000
core   0: 0x80007526 (0x023c7f33) remu    t5, s8, gp
core   0: 3 0x80007526 (0x023c7f33) x30 0xffc27e3f
core   0: 0x8000752a (0x03cffbb3) remu    s7, t6, t3
core   0: 3 0x8000752a (0x03cffbb3) x23 0x0000001a
core   0: 0x8000752e (0x022f7db3) remu    s11, t5, sp
core   0: 3 0x8000752e (0x022f7db3) x27 0x054508d4
core   0: 0x80007532 (0x00005afd) c.li    s5, -1
core   0: 3 0x80007532 (0x5afd) x21 0xffffffff
core   0: 0x80007534 (0x0152c413) xori    s0, t0, 21
core   0: 3 0x80007534 (0x0152c413) x 8 0x00000015
core   0: 0x80007538 (0x00008bfd) c.andi  a5, 31
core   0: 3 0x80007538 (0x8bfd) x15 0x00000000
core   0: 0x8000753a (0x00008cfe) c.mv    s9, t6
core   0: 3 0x8000753a (0x8cfe) x25 0x0000001a
core   0: 0x8000753c (0x02e5b6b3) mulhu   a3, a1, a4
core   0: 3 0x8000753c (0x02e5b6b3) x13 0x02c14d87
core   0: 0x80007540 (0x00008329) c.srli  a4, 10
core   0: 3 0x80007540 (0x8329) x14 0x000160a4
core   0: 0x80007542 (0x40a2d1b3) sra     gp, t0, a0
core   0: 3 0x80007542 (0x40a2d1b3) x 3 0x00000000
core   0: 0x80007546 (0x01c8a333) slt     t1, a7, t3
core   0: 3 0x80007546 (0x01c8a333) x 6 0x00000001
core   0: 0x8000754a (0x024bc633) div     a2, s7, tp
core   0: 3 0x8000754a (0x024bc633) x12 0x00000000
core   0: 0x8000754e (0x0152d393) srli    t2, t0, 21
core   0: 3 0x8000754e (0x0152d393) x 7 0x00000000
core   0: 0x80007552 (0x01c369b3) or      s3, t1, t3
core   0: 3 0x80007552 (0x01c369b3) x19 0x00000001
core   0: 0x80007556 (0x00008f6d) c.and   a4, a1
core   0: 3 0x80007556 (0x8f6d) x14 0x00006024
core   0: 0x80007558 (0x02983133) mulhu   sp, a6, s1
core   0: 3 0x80007558 (0x02983133) x 2 0x00000120
core   0: 0x8000755c (0x4151d493) srai    s1, gp, 21
core   0: 3 0x8000755c (0x4151d493) x 9 0x00000000
core   0: 0x80007560 (0x00590db3) add     s11, s2, t0
core   0: 3 0x80007560 (0x00590db3) x27 0x02e00000
core   0: 0x80007564 (0x4953ae13) slti    t3, t2, 1173
core   0: 3 0x80007564 (0x4953ae13) x28 0x00000001
core   0: 0x80007568 (0x41eed813) srai    a6, t4, 30
core   0: 3 0x80007568 (0x41eed813) x16 0x00000000
core   0: 0x8000756c (0x00000001) c.nop
core   0: 3 0x8000756c (0x0001)
core   0: 0x8000756e (0x0000117d) c.addi  sp, -1
core   0: 3 0x8000756e (0x117d) x 2 0x0000011f
core   0: 0x80007570 (0x000080ce) c.mv    ra, s3
core   0: 3 0x80007570 (0x80ce) x 1 0x00000001
core   0: 0x80007572 (0x00008fa5) c.xor   a5, s1
core   0: 3 0x80007572 (0x8fa5) x15 0x00000000
core   0: 0x80007574 (0x00008299) c.srli  a3, 6
core   0: 3 0x80007574 (0x8299) x13 0x000b0536
core   0: 0x80007576 (0x01278833) add     a6, a5, s2
core   0: 3 0x80007576 (0x01278833) x16 0x02e00000
core   0: 0x8000757a (0x00b49e33) sll     t3, s1, a1
core   0: 3 0x8000757a (0x00b49e33) x28 0x00000000
core   0: 0x8000757e (0x005d9333) sll     t1, s11, t0
core   0: 3 0x8000757e (0x005d9333) x 6 0x02e00000
core   0: 0x80007582 (0x01bbfab3) and     s5, s7, s11
core   0: 3 0x80007582 (0x01bbfab3) x21 0x00000000
core   0: 0x80007586 (0x0000072a) c.slli  a4, 10
core   0: 3 0x80007586 (0x072a) x14 0x01809000
core   0: 0x80007588 (0x0000064a) c.slli  a2, 18
core   0: 3 0x80007588 (0x064a) x12 0x00000000
core   0: 0x8000758a (0x000017fd) c.addi  a5, -1
core   0: 3 0x8000758a (0x17fd) x15 0xffffffff
core   0: 0x8000758c (0x5a332493) slti    s1, t1, 1443
core   0: 3 0x8000758c (0x5a332493) x 9 0x00000000
core   0: 0x80007590 (0x00008e9d) c.sub   a3, a5
core   0: 3 0x80007590 (0x8e9d) x13 0x000b0537
core   0: 0x80007592 (0xaf6beb17) auipc   s6, 0xaf6be
core   0: 3 0x80007592 (0xaf6beb17) x22 0x2f6c5592
core   0: 0x80007596 (0x409554b3) sra     s1, a0, s1
core   0: 3 0x80007596 (0x409554b3) x 9 0x80012ce4
core   0: 0x8000759a (0x00163733) sltu    a4, a2, ra
core   0: 3 0x8000759a (0x00163733) x14 0x00000001
core   0: 0x8000759e (0x00008c85) c.sub   s1, s1
core   0: 3 0x8000759e (0x8c85) x 9 0x00000000
core   0: 0x800075a0 (0x01fddf93) srli    t6, s11, 31
core   0: 3 0x800075a0 (0x01fddf93) x31 0x00000000
core   0: 0x800075a4 (0x0054ab33) slt     s6, s1, t0
core   0: 3 0x800075a4 (0x0054ab33) x22 0x00000000
core   0: 0x800075a8 (0x000c5393) srli    t2, s8, 0
core   0: 3 0x800075a8 (0x000c5393) x 7 0xffc27e3f
core   0: 0x800075ac (0x417d5eb3) sra     t4, s10, s7
core   0: 3 0x800075ac (0x417d5eb3) x29 0x00000000
core   0: 0x800075b0 (0x00006635) c.lui   a2, 0xd
core   0: 3 0x800075b0 (0x6635) x12 0x0000d000
core   0: 0x800075b2 (0x0082bbb3) sltu    s7, t0, s0
core   0: 3 0x800075b2 (0x0082bbb3) x23 0x00000001
core   0: 0x800075b6 (0x20adf813) andi    a6, s11, 522
core   0: 3 0x800075b6 (0x20adf813) x16 0x00000000
core   0: 0x800075ba (0x00008ca1) c.xor   s1, s0
core   0: 3 0x800075ba (0x8ca1) x 9 0x00000015
core   0: 0x800075bc (0x024054b3) divu    s1, zero, tp
core   0: 3 0x800075bc (0x024054b3) x 9 0x00000000
core   0: 0x800075c0 (0x000009c6) c.slli  s3, 17
core   0: 3 0x800075c0 (0x09c6) x19 0x00020000
core   0: 0x800075c2 (0x6b61f697) auipc   a3, 0x6b61f
core   0: 3 0x800075c2 (0x6b61f697) x13 0xeb6265c2
core   0: 0x800075c6 (0x41fa5db3) sra     s11, s4, t6
core   0: 3 0x800075c6 (0x41fa5db3) x27 0x0007fe12
core   0: 0x800075ca (0x00008f59) c.or    a4, a4
core   0: 3 0x800075ca (0x8f59) x14 0x00000001
core   0: 0x800075cc (0x0000717d) c.addi16sp sp, -16
core   0: 3 0x800075cc (0x717d) x 2 0x0000010f
core   0: 0x800075ce (0x0000717d) c.addi16sp sp, -16
core   0: 3 0x800075ce (0x717d) x 2 0x000000ff
core   0: 0x800075d0 (0x00006625) c.lui   a2, 0x9
core   0: 3 0x800075d0 (0x6625) x12 0x00009000
core   0: 0x800075d2 (0xbc0c7993) andi    s3, s8, -1088
core   0: 3 0x800075d2 (0xbc0c7993) x19 0xffc27a00
core   0: 0x800075d6 (0xe26b83b7) lui     t2, 0xe26b8
core   0: 3 0x800075d6 (0xe26b83b7) x 7 0xe26b8000
core   0: 0x800075da (0x00009b7d) c.andi  a4, -1
core   0: 3 0x800075da (0x9b7d) x14 0x00000001
core   0: 0x800075dc (0x00008c45) c.or    s0, s1
core   0: 3 0x800075dc (0x8c45) x 8 0x00000015
core   0: 0x800075de (0x02255933) divu    s2, a0, sp
core   0: 3 0x800075de (0x02255933) x18 0x008081ae
core   0: 0x800075e2 (0x00f28eb3) add     t4, t0, a5
core   0: 3 0x800075e2 (0x00f28eb3) x29 0xffffffff
core   0: 0x800075e6 (0x0000042a) c.slli  s0, 10
core   0: 3 0x800075e6 (0x042a) x 8 0x00005400
core   0: 0x800075e8 (0x00d05233) srl     tp, zero, a3
core   0: 3 0x800075e8 (0x00d05233) x 4 0x00000000
core   0: 0x800075ec (0x00008eee) c.mv    t4, s11
core   0: 3 0x800075ec (0x8eee) x29 0x0007fe12
core   0: 0x800075ee (0x00008459) c.srai  s0, 22
core   0: 3 0x800075ee (0x8459) x 8 0x00000000
core   0: 0x800075f0 (0x0000809a) c.mv    ra, t1
core   0: 3 0x800075f0 (0x809a) x 1 0x02e00000
core   0: 0x800075f2 (0x3c898013) addi    zero, s3, 968
core   0: 3 0x800075f2 (0x3c898013)
core   0: 0x800075f6 (0x00000001) c.nop
core   0: 3 0x800075f6 (0x0001)
core   0: 0x800075f8 (0x03cd96b3) mulh    a3, s11, t3
core   0: 3 0x800075f8 (0x03cd96b3) x13 0x00000000
core   0: 0x800075fc (0x0000537d) c.li    t1, -1
core   0: 3 0x800075fc (0x537d) x 6 0xffffffff
core   0: 0x800075fe (0x014531b3) sltu    gp, a0, s4
core   0: 3 0x800075fe (0x014531b3) x 3 0x00000000
core   0: 0x80007602 (0x00005cfd) c.li    s9, -1
core   0: 3 0x80007602 (0x5cfd) x25 0xffffffff
core   0: 0x80007604 (0x00008219) c.srli  a2, 6
core   0: 3 0x80007604 (0x8219) x12 0x00000240
core   0: 0x80007606 (0x00008395) c.srli  a5, 5
core   0: 3 0x80007606 (0x8395) x15 0x07ffffff
core   0: 0x80007608 (0x0000197d) c.addi  s2, -1
core   0: 3 0x80007608 (0x197d) x18 0x008081ad
core   0: 0x8000760a (0x000080d9) c.srli  s1, 22
core   0: 3 0x8000760a (0x80d9) x 9 0x00000000
core   0: 0x8000760c (0x009476b3) and     a3, s0, s1
core   0: 3 0x8000760c (0x009476b3) x13 0x00000000
core   0: 0x80007610 (0x01d29393) slli    t2, t0, 29
core   0: 3 0x80007610 (0x01d29393) x 7 0x00000000
core   0: 0x80007614 (0x00008c89) c.sub   s1, a0
core   0: 3 0x80007614 (0x8c89) x 9 0x7ffed31c
core   0: 0x80007616 (0x47cafc93) andi    s9, s5, 1148
core   0: 3 0x80007616 (0x47cafc93) x25 0x00000000
core   0: 0x8000761a (0x00000001) c.nop
core   0: 3 0x8000761a (0x0001)
core   0: 0x8000761c (0x03b88333) mul     t1, a7, s11
core   0: 3 0x8000761c (0x03b88333) x 6 0xacdce1b8
core   0: 0x80007620 (0x038ca733) mulhsu  a4, s9, s8
core   0: 3 0x80007620 (0x038ca733) x14 0x00000000
core   0: 0x80007624 (0x00000ff2) c.slli  t6, 28
core   0: 3 0x80007624 (0x0ff2) x31 0x00000000
core   0: 0x80007626 (0x00589613) slli    a2, a7, 5
core   0: 3 0x80007626 (0x00589613) x12 0x7f289f80
core   0: 0x8000762a (0x01fd5db3) srl     s11, s10, t6
core   0: 3 0x8000762a (0x01fd5db3) x27 0x00000000
core   0: 0x8000762e (0x40178fb3) sub     t6, a5, ra
core   0: 3 0x8000762e (0x40178fb3) x31 0x051fffff
core   0: 0x80007632 (0x0259e1b3) rem     gp, s3, t0
core   0: 3 0x80007632 (0x0259e1b3) x 3 0xffc27a00
core   0: 0x80007636 (0x01a43333) sltu    t1, s0, s10
core   0: 3 0x80007636 (0x01a43333) x 6 0x00000000
core   0: 0x8000763a (0x00008f39) c.xor   a4, a4
core   0: 3 0x8000763a (0x8f39) x14 0x00000000
core   0: 0x8000763c (0x01f39b33) sll     s6, t2, t6
core   0: 3 0x8000763c (0x01f39b33) x22 0x00000000
core   0: 0x80007640 (0x00b517b3) sll     a5, a0, a1
core   0: 3 0x80007640 (0x00b517b3) x15 0x0012ce40
core   0: 0x80007644 (0xce67bb93) sltiu   s7, a5, -794
core   0: 3 0x80007644 (0xce67bb93) x23 0x00000001
core   0: 0x80007648 (0x00006149) c.addi16sp sp, 144
core   0: 3 0x80007648 (0x6149) x 2 0x0000018f
core   0: 0x8000764a (0x0132feb3) and     t4, t0, s3
core   0: 3 0x8000764a (0x0132feb3) x29 0x00000000
core   0: 0x8000764e (0x40dc5293) srai    t0, s8, 13
core   0: 3 0x8000764e (0x40dc5293) x 5 0xfffffe13
core   0: 0x80007652 (0x000f7133) and     sp, t5, zero
core   0: 3 0x80007652 (0x000f7133) x 2 0x00000000
core   0: 0x80007656 (0x000081e2) c.mv    gp, s8
core   0: 3 0x80007656 (0x81e2) x 3 0xffc27e3f
core   0: 0x80007658 (0x00009b7d) c.andi  a4, -1
core   0: 3 0x80007658 (0x9b7d) x14 0x00000000
core   0: 0x8000765a (0x1086c693) xori    a3, a3, 264
core   0: 3 0x8000765a (0x1086c693) x13 0x00000108
core   0: 0x8000765e (0x007980b3) add     ra, s3, t2
core   0: 3 0x8000765e (0x007980b3) x 1 0xffc27a00
core   0: 0x80007662 (0x0000800d) c.srli  s0, 3
core   0: 3 0x80007662 (0x800d) x 8 0x00000000
core   0: 0x80007664 (0x0000020a) c.slli  tp, 2
core   0: 3 0x80007664 (0x020a) x 4 0x00000000
core   0: 0x80007666 (0xe4c9be13) sltiu   t3, s3, -436
core   0: 3 0x80007666 (0xe4c9be13) x28 0x00000001
core   0: 0x8000766a (0x4120dcb3) sra     s9, ra, s2
core   0: 3 0x8000766a (0x4120dcb3) x25 0xfffffe13
core   0: 0x8000766e (0x00f0bf33) sltu    t5, ra, a5
core   0: 3 0x8000766e (0x00f0bf33) x30 0x00000000
core   0: 0x80007672 (0x0311e833) rem     a6, gp, a7
core   0: 3 0x80007672 (0x0311e833) x16 0xffc27e3f
core   0: 0x80007676 (0x00008ea1) c.xor   a3, s0
core   0: 3 0x80007676 (0x8ea1) x13 0x00000108
core   0: 0x80007678 (0x0171aeb3) slt     t4, gp, s7
core   0: 3 0x80007678 (0x0171aeb3) x29 0x00000001
core   0: 0x8000767c (0x03ccbdb3) mulhu   s11, s9, t3
core   0: 3 0x8000767c (0x03ccbdb3) x27 0x00000000
core   0: 0x80007680 (0x00006df1) c.lui   s11, 0x1c
core   0: 3 0x80007680 (0x6df1) x27 0x0001c000
core   0: 0x80007682 (0x0000611d) c.addi16sp sp, 416
core   0: 3 0x80007682 (0x611d) x 2 0x000001a0
core   0: 0x80007684 (0x00000d76) c.slli  s10, 29
core   0: 3 0x80007684 (0x0d76) x26 0x00000000
core   0: 0x80007686 (0x01123cb3) sltu    s9, tp, a7
core   0: 3 0x80007686 (0x01123cb3) x25 0x00000001
core   0: 0x8000768a (0x01872833) slt     a6, a4, s8
core   0: 3 0x8000768a (0x01872833) x16 0x00000000
core   0: 0x8000768e (0x5a3db993) sltiu   s3, s11, 1443
core   0: 3 0x8000768e (0x5a3db993) x19 0x00000000
core   0: 0x80007692 (0x00008442) c.mv    s0, a6
core   0: 3 0x80007692 (0x8442) x 8 0x00000000
core   0: 0x80007694 (0x40708b33) sub     s6, ra, t2
core   0: 3 0x80007694 (0x40708b33) x22 0xffc27a00
core   0: 0x80007698 (0x035fe9b3) rem     s3, t6, s5
core   0: 3 0x80007698 (0x035fe9b3) x19 0x051fffff
core   0: 0x8000769c (0x03f78f33) mul     t5, a5, t6
core   0: 3 0x8000769c (0x03f78f33) x30 0x07ed31c0
core   0: 0x800076a0 (0x1af1c413) xori    s0, gp, 431
core   0: 3 0x800076a0 (0x1af1c413) x 8 0xffc27f90
core   0: 0x800076a4 (0x0000147d) c.addi  s0, -1
core   0: 3 0x800076a4 (0x147d) x 8 0xffc27f8f
core   0: 0x800076a6 (0x00000001) c.nop
core   0: 3 0x800076a6 (0x0001)
core   0: 0x800076a8 (0x00006721) c.lui   a4, 0x8
core   0: 3 0x800076a8 (0x6721) x14 0x00008000
core   0: 0x800076aa (0x00000001) c.nop
core   0: 3 0x800076aa (0x0001)
core   0: 0x800076ac (0x01911fb3) sll     t6, sp, s9
core   0: 3 0x800076ac (0x01911fb3) x31 0x00000340
core   0: 0x800076b0 (0x00000001) c.nop
core   0: 3 0x800076b0 (0x0001)
core   0: 0x800076b2 (0x41418db3) sub     s11, gp, s4
core   0: 3 0x800076b2 (0x41418db3) x27 0xffba802d
core   0: 0x800076b6 (0x03efbdb3) mulhu   s11, t6, t5
core   0: 3 0x800076b6 (0x03efbdb3) x27 0x00000019
core   0: 0x800076ba (0x000080ee) c.mv    ra, s11
core   0: 3 0x800076ba (0x80ee) x 1 0x00000019
core   0: 0x800076bc (0x880c4197) auipc   gp, 0x880c4
core   0: 3 0x800076bc (0x880c4197) x 3 0x080cb6bc
core   0: 0x800076c0 (0x00000252) c.slli  tp, 20
core   0: 3 0x800076c0 (0x0252) x 4 0x00000000
core   0: 0x800076c2 (0xfce7a113) slti    sp, a5, -50
core   0: 3 0x800076c2 (0xfce7a113) x 2 0x00000000
core   0: 0x800076c6 (0x000058fd) c.li    a7, -1
core   0: 3 0x800076c6 (0x58fd) x17 0xffffffff
core   0: 0x800076c8 (0x000080d1) c.srli  s1, 20
core   0: 3 0x800076c8 (0x80d1) x 9 0x000007ff
core   0: 0x800076ca (0x41c55113) srai    sp, a0, 28
core   0: 3 0x800076ca (0x41c55113) x 2 0xfffffff8
core   0: 0x800076ce (0x40b403b3) sub     t2, s0, a1
core   0: 3 0x800076ce (0x40b403b3) x 7 0x7fc1912b
core   0: 0x800076d2 (0x01228ab3) add     s5, t0, s2
core   0: 3 0x800076d2 (0x01228ab3) x21 0x00807fc0
core   0: 0x800076d6 (0x00008f69) c.and   a4, a0
core   0: 3 0x800076d6 (0x8f69) x14 0x00000000
core   0: 0x800076d8 (0x40ba0f33) sub     t5, s4, a1
core   0: 3 0x800076d8 (0x40ba0f33) x30 0x80070fae
core   0: 0x800076dc (0x41885693) srai    a3, a6, 24
core   0: 3 0x800076dc (0x41885693) x13 0x00000000
core   0: 0x800076e0 (0x0068b2b3) sltu    t0, a7, t1
core   0: 3 0x800076e0 (0x0068b2b3) x 5 0x00000000
core   0: 0x800076e4 (0x0203d133) divu    sp, t2, zero
core   0: 3 0x800076e4 (0x0203d133) x 2 0xffffffff
core   0: 0x800076e8 (0x02dac4b3) div     s1, s5, a3
core   0: 3 0x800076e8 (0x02dac4b3) x 9 0xffffffff
core   0: 0x800076ec (0x5016f713) andi    a4, a3, 1281
core   0: 3 0x800076ec (0x5016f713) x14 0x00000000
core   0: 0x800076f0 (0x00004ed1) c.li    t4, 20
core   0: 3 0x800076f0 (0x4ed1) x29 0x00000014
core   0: 0x800076f2 (0x79e0e8b7) lui     a7, 0x79e0e
core   0: 3 0x800076f2 (0x79e0e8b7) x17 0x79e0e000
core   0: 0x800076f6 (0x00008369) c.srli  a4, 26
core   0: 3 0x800076f6 (0x8369) x14 0x00000000
core   0: 0x800076f8 (0x011063b3) or      t2, zero, a7
core   0: 3 0x800076f8 (0x011063b3) x 7 0x79e0e000
core   0: 0x800076fc (0x69e75eb7) lui     t4, 0x69e75
core   0: 3 0x800076fc (0x69e75eb7) x29 0x69e75000
core   0: 0x80007700 (0x00006d41) c.lui   s10, 0x10
core   0: 3 0x80007700 (0x6d41) x26 0x00010000
core   0: 0x80007702 (0x01641013) slli    zero, s0, 22
core   0: 3 0x80007702 (0x01641013)
core   0: 0x80007706 (0x7d420d93) addi    s11, tp, 2004
core   0: 3 0x80007706 (0x7d420d93) x27 0x000007d4
core   0: 0x8000770a (0x03a9fd33) remu    s10, s3, s10
core   0: 3 0x8000770a (0x03a9fd33) x26 0x0000ffff
core   0: 0x8000770e (0x02f854b3) divu    s1, a6, a5
core   0: 3 0x8000770e (0x02f854b3) x 9 0x00000000
core   0: 0x80007712 (0x01e99093) slli    ra, s3, 30
core   0: 3 0x80007712 (0x01e99093) x 1 0xc0000000
core   0: 0x80007716 (0x00008f42) c.mv    t5, a6
core   0: 3 0x80007716 (0x8f42) x30 0x00000000
core   0: 0x80007718 (0x7e7e0893) addi    a7, t3, 2023
core   0: 3 0x80007718 (0x7e7e0893) x17 0x000007e8
core   0: 0x8000771c (0x00008645) c.srai  a2, 17
core   0: 3 0x8000771c (0x8645) x12 0x00003f94
core   0: 0x8000771e (0x00009bfd) c.andi  a5, -1
core   0: 3 0x8000771e (0x9bfd) x15 0x0012ce40
core   0: 0x80007720 (0x000099f2) c.add   s3, t3
core   0: 3 0x80007720 (0x99f2) x19 0x05200000
core   0: 0x80007722 (0x418f52b3) sra     t0, t5, s8
core   0: 3 0x80007722 (0x418f52b3) x 5 0x00000000
core   0: 0x80007726 (0x43024993) xori    s3, tp, 1072
core   0: 3 0x80007726 (0x43024993) x19 0x00000430
core   0: 0x8000772a (0x03e8b233) mulhu   tp, a7, t5
core   0: 3 0x8000772a (0x03e8b233) x 4 0x00000000
core   0: 0x8000772e (0x02fa2d33) mulhsu  s10, s4, a5
core   0: 3 0x8000772e (0x02fa2d33) x26 0x00000096
core   0: 0x80007732 (0x00004239) c.li    tp, 14
core   0: 3 0x80007732 (0x4239) x 4 0x0000000e
core   0: 0x80007734 (0x03d8eeb3) rem     t4, a7, t4
core   0: 3 0x80007734 (0x03d8eeb3) x29 0x000007e8
core   0: 0x80007738 (0x00008e29) c.xor   a2, a0
core   0: 3 0x80007738 (0x8e29) x12 0x80011370
core   0: 0x8000773a (0x0335cab3) div     s5, a1, s3
core   0: 3 0x8000773a (0x0335cab3) x21 0xffe16f08
core   0: 0x8000773e (0xdf273e93) sltiu   t4, a4, -526
core   0: 3 0x8000773e (0xdf273e93) x29 0x00000001
core   0: 0x80007742 (0x00008e35) c.xor   a2, a3
core   0: 3 0x80007742 (0x8e35) x12 0x80011370
core   0: 0x80007744 (0x038c92b3) mulh    t0, s9, s8
core   0: 3 0x80007744 (0x038c92b3) x 5 0xffffffff
core   0: 0x80007748 (0xec828293) addi    t0, t0, -312
core   0: 3 0x80007748 (0xec828293) x 5 0xfffffec7
core   0: 0x8000774c (0x03ec9b33) mulh    s6, s9, t5
core   0: 3 0x8000774c (0x03ec9b33) x22 0x00000000
core   0: 0x80007750 (0x0102a4b3) slt     s1, t0, a6
core   0: 3 0x80007750 (0x0102a4b3) x 9 0x00000001
core   0: 0x80007754 (0x00000001) c.nop
core   0: 3 0x80007754 (0x0001)
core   0: 0x80007756 (0x41980433) sub     s0, a6, s9
core   0: 3 0x80007756 (0x41980433) x 8 0xffffffff
core   0: 0x8000775a (0x41455493) srai    s1, a0, 20
core   0: 3 0x8000775a (0x41455493) x 9 0xfffff800
core   0: 0x8000775e (0x006ff0b3) and     ra, t6, t1
core   0: 3 0x8000775e (0x006ff0b3) x 1 0x00000000
core   0: 0x80007762 (0x00008e09) c.sub   a2, a0
core   0: 3 0x80007762 (0x8e09) x12 0xffffe68c
core   0: 0x80007764 (0x009ce833) or      a6, s9, s1
core   0: 3 0x80007764 (0x009ce833) x16 0xfffff801
core   0: 0x80007768 (0x00ccecb3) or      s9, s9, a2
core   0: 3 0x80007768 (0x00ccecb3) x25 0xffffe68d
core   0: 0x8000776c (0x00008cd9) c.or    s1, a4
core   0: 3 0x8000776c (0x8cd9) x 9 0xfffff800
core   0: 0x8000776e (0x01118bb3) add     s7, gp, a7
core   0: 3 0x8000776e (0x01118bb3) x23 0x080cbea4
core   0: 0x80007772 (0xc789ca93) xori    s5, s3, -904
core   0: 3 0x80007772 (0xc789ca93) x21 0xfffff848
core   0: 0x80007776 (0x000003f5) c.addi  t2, 29
core   0: 3 0x80007776 (0x03f5) x 7 0x79e0e01d
core   0: 0x80007778 (0x0114b6b3) sltu    a3, s1, a7
core   0: 3 0x80007778 (0x0114b6b3) x13 0x00000000
core   0: 0x8000777c (0x00009ce2) c.add   s9, s8
core   0: 3 0x8000777c (0x9ce2) x25 0xffc264cc
core   0: 0x8000777e (0x03d4e7b3) rem     a5, s1, t4
core   0: 3 0x8000777e (0x03d4e7b3) x15 0x00000000
core   0: 0x80007782 (0x000086dd) c.srai  a3, 23
core   0: 3 0x80007782 (0x86dd) x13 0x00000000
core   0: 0x80007784 (0x86bab793) sltiu   a5, s5, -1941
core   0: 3 0x80007784 (0x86bab793) x15 0x00000001
core   0: 0x80007788 (0x000098fd) c.andi  s1, -1
core   0: 3 0x80007788 (0x98fd) x 9 0xfffff800
core   0: 0x8000778a (0x01d050b3) srl     ra, zero, t4
core   0: 3 0x8000778a (0x01d050b3) x 1 0x00000000
core   0: 0x8000778e (0x3727f017) auipc   zero, 0x3727f
core   0: 3 0x8000778e (0x3727f017)
core   0: 0x80007792 (0xb8c03e13) sltiu   t3, zero, -1140
core   0: 3 0x80007792 (0xb8c03e13) x28 0x00000001
core   0: 0x80007796 (0x00008ec9) c.or    a3, a0
core   0: 3 0x80007796 (0x8ec9) x13 0x80012ce4
core   0: 0x80007798 (0x01d346b3) xor     a3, t1, t4
core   0: 3 0x80007798 (0x01d346b3) x13 0x00000001
core   0: 0x8000779c (0x00008bd9) c.andi  a5, 22
core   0: 3 0x8000779c (0x8bd9) x15 0x00000000
core   0: 0x8000779e (0x039fb233) mulhu   tp, t6, s9
core   0: 3 0x8000779e (0x039fb233) x 4 0x0000033f
core   0: 0x800077a2 (0x02c6b4b3) mulhu   s1, a3, a2
core   0: 3 0x800077a2 (0x02c6b4b3) x 9 0x00000000
core   0: 0x800077a6 (0x000048d1) c.li    a7, 20
core   0: 3 0x800077a6 (0x48d1) x17 0x00000014
core   0: 0x800077a8 (0x0b575e37) lui     t3, 0xb575
core   0: 3 0x800077a8 (0x0b575e37) x28 0x0b575000
core   0: 0x800077ac (0x000083c9) c.srli  a5, 18
core   0: 3 0x800077ac (0x83c9) x15 0x00000000
core   0: 0x800077ae (0x029799b3) mulh    s3, a5, s1
core   0: 3 0x800077ae (0x029799b3) x19 0x00000000
core   0: 0x800077b2 (0x9e088c93) addi    s9, a7, -1568
core   0: 3 0x800077b2 (0x9e088c93) x25 0xfffff9f4
core   0: 0x800077b6 (0x00004d71) c.li    s10, 28
core   0: 3 0x800077b6 (0x4d71) x26 0x0000001c
core   0: 0x800077b8 (0x000084b9) c.srai  s1, 14
core   0: 3 0x800077b8 (0x84b9) x 9 0x00000000
core   0: 0x800077ba (0x7d1cad93) slti    s11, s9, 2001
core   0: 3 0x800077ba (0x7d1cad93) x27 0x00000001
core   0: 0x800077be (0x0349c2b3) div     t0, s3, s4
core   0: 3 0x800077be (0x0349c2b3) x 5 0x00000000
core   0: 0x800077c2 (0x02d8a833) mulhsu  a6, a7, a3
core   0: 3 0x800077c2 (0x02d8a833) x16 0x00000000
core   0: 0x800077c6 (0x3f3e3893) sltiu   a7, t3, 1011
core   0: 3 0x800077c6 (0x3f3e3893) x17 0x00000000
core   0: 0x800077ca (0x00ecdf93) srli    t6, s9, 14
core   0: 3 0x800077ca (0x00ecdf93) x31 0x0003ffff
core   0: 0x800077ce (0x008f57b3) srl     a5, t5, s0
core   0: 3 0x800077ce (0x008f57b3) x15 0x00000000
core   0: 0x800077d2 (0x00dd91b3) sll     gp, s11, a3
core   0: 3 0x800077d2 (0x00dd91b3) x 3 0x00000002
core   0: 0x800077d6 (0x0000844d) c.srai  s0, 19
core   0: 3 0x800077d6 (0x844d) x 8 0xffffffff
core   0: 0x800077d8 (0x01271093) slli    ra, a4, 18
core   0: 3 0x800077d8 (0x01271093) x 1 0x00000000
core   0: 0x800077dc (0x0000187d) c.addi  a6, -1
core   0: 3 0x800077dc (0x187d) x16 0xffffffff
core   0: 0x800077de (0x5d246d13) ori     s10, s0, 1490
core   0: 3 0x800077de (0x5d246d13) x26 0xffffffff
core   0: 0x800077e2 (0xd08baf13) slti    t5, s7, -760
core   0: 3 0x800077e2 (0xd08baf13) x30 0x00000000
core   0: 0x800077e6 (0x417c01b3) sub     gp, s8, s7
core   0: 3 0x800077e6 (0x417c01b3) x 3 0xf7b5bf9b
core   0: 0x800077ea (0x021d4033) div     zero, s10, ra
core   0: 3 0x800077ea (0x021d4033)
core   0: 0x800077ee (0x028218b3) mulh    a7, tp, s0
core   0: 3 0x800077ee (0x028218b3) x17 0xffffffff
core   0: 0x800077f2 (0x0000987d) c.andi  s0, -1
core   0: 3 0x800077f2 (0x987d) x 8 0xffffffff
core   0: 0x800077f4 (0x009627b3) slt     a5, a2, s1
core   0: 3 0x800077f4 (0x009627b3) x15 0x00000001
core   0: 0x800077f8 (0x0127da93) srli    s5, a5, 18
core   0: 3 0x800077f8 (0x0127da93) x21 0x00000000
core   0: 0x800077fc (0x11ce3693) sltiu   a3, t3, 284
core   0: 3 0x800077fc (0x11ce3693) x13 0x00000000
core   0: 0x80007800 (0x015ad1b3) srl     gp, s5, s5
core   0: 3 0x80007800 (0x015ad1b3) x 3 0x00000000
core   0: 0x80007804 (0x00d22a33) slt     s4, tp, a3
core   0: 3 0x80007804 (0x00d22a33) x20 0x00000000
core   0: 0x80007808 (0x40e88cb3) sub     s9, a7, a4
core   0: 3 0x80007808 (0x40e88cb3) x25 0xffffffff
core   0: 0x8000780c (0x00000f06) c.slli  t5, 1
core   0: 3 0x8000780c (0x0f06) x30 0x00000000
core   0: 0x8000780e (0x00008cfd) c.and   s1, a5
core   0: 3 0x8000780e (0x8cfd) x 9 0x00000000
core   0: 0x80007810 (0x00008ef1) c.and   a3, a2
core   0: 3 0x80007810 (0x8ef1) x13 0x00000000
core   0: 0x80007812 (0x015ab4b3) sltu    s1, s5, s5
core   0: 3 0x80007812 (0x015ab4b3) x 9 0x00000000
core   0: 0x80007816 (0x026a7133) remu    sp, s4, t1
core   0: 3 0x80007816 (0x026a7133) x 2 0x00000000
core   0: 0x8000781a (0x00005ffd) c.li    t6, -1
core   0: 3 0x8000781a (0x5ffd) x31 0xffffffff
core   0: 0x8000781c (0x018f2733) slt     a4, t5, s8
core   0: 3 0x8000781c (0x018f2733) x14 0x00000000
core   0: 0x80007820 (0x00000001) c.nop
core   0: 3 0x80007820 (0x0001)
core   0: 0x80007822 (0x0024d1b3) srl     gp, s1, sp
core   0: 3 0x80007822 (0x0024d1b3) x 3 0x00000000
core   0: 0x80007826 (0xa022c717) auipc   a4, 0xa022c
core   0: 3 0x80007826 (0xa022c717) x14 0x20233826
core   0: 0x8000782a (0x00001b90) c.addi4spn a2, sp, 496
core   0: 3 0x8000782a (0x1b90) x12 0x000001f0
core   0: 0x8000782c (0x00009976) c.add   s2, t4
core   0: 3 0x8000782c (0x9976) x18 0x008081ae
core   0: 0x8000782e (0x01419813) slli    a6, gp, 20
core   0: 3 0x8000782e (0x01419813) x16 0x00000000
core   0: 0x80007832 (0xed190b17) auipc   s6, 0xed190
core   0: 3 0x80007832 (0xed190b17) x22 0x6d197832
core   0: 0x80007836 (0xe81a3213) sltiu   tp, s4, -383
core   0: 3 0x80007836 (0xe81a3213) x 4 0x00000001
core   0: 0x8000783a (0x40a4d9b3) sra     s3, s1, a0
core   0: 3 0x8000783a (0x40a4d9b3) x19 0x00000000
core   0: 0x8000783e (0x014fbdb3) sltu    s11, t6, s4
core   0: 3 0x8000783e (0x014fbdb3) x27 0x00000000
core   0: 0x80007842 (0x009dbd33) sltu    s10, s11, s1
core   0: 3 0x80007842 (0x009dbd33) x26 0x00000000
core   0: 0x80007846 (0x0000075a) c.slli  a4, 22
core   0: 3 0x80007846 (0x075a) x14 0x09800000
core   0: 0x80007848 (0x0242e033) rem     zero, t0, tp
core   0: 3 0x80007848 (0x0242e033)
core   0: 0x8000784c (0x021e1433) mulh    s0, t3, ra
core   0: 3 0x8000784c (0x021e1433) x 8 0x00000000
core   0: 0x80007850 (0x0da1f993) andi    s3, gp, 218
core   0: 3 0x80007850 (0x0da1f993) x19 0x00000000
core   0: 0x80007854 (0x2948b693) sltiu   a3, a7, 660
core   0: 3 0x80007854 (0x2948b693) x13 0x00000000
core   0: 0x80007858 (0x40ff0233) sub     tp, t5, a5
core   0: 3 0x80007858 (0x40ff0233) x 4 0xffffffff
core   0: 0x8000785c (0x00008ea5) c.xor   a3, s1
core   0: 3 0x8000785c (0x8ea5) x13 0x00000000
core   0: 0x8000785e (0x00008fc9) c.or    a5, a0
core   0: 3 0x8000785e (0x8fc9) x15 0x80012ce5
core   0: 0x80007860 (0x0000717d) c.addi16sp sp, -16
core   0: 3 0x80007860 (0x717d) x 2 0xfffffff0
core   0: 0x80007862 (0x00006495) c.lui   s1, 0x5
core   0: 3 0x80007862 (0x6495) x 9 0x00005000
core   0: 0x80007864 (0x756bae93) slti    t4, s7, 1878
core   0: 3 0x80007864 (0x756bae93) x29 0x00000000
core   0: 0x80007868 (0x70654f93) xori    t6, a0, 1798
core   0: 3 0x80007868 (0x70654f93) x31 0x80012be2
core   0: 0x8000786c (0x00008ced) c.and   s1, a1
core   0: 3 0x8000786c (0x8ced) x 9 0x00004000
core   0: 0x8000786e (0x000086a1) c.srai  a3, 8
core   0: 3 0x8000786e (0x86a1) x13 0x00000000
core   0: 0x80007870 (0xdcac0793) addi    a5, s8, -566
core   0: 3 0x80007870 (0xdcac0793) x15 0xffc27c09
core   0: 0x80007874 (0x0000717d) c.addi16sp sp, -16
core   0: 3 0x80007874 (0x717d) x 2 0xffffffe0
core   0: 0x80007876 (0x00008f0d) c.sub   a4, a1
core   0: 3 0x80007876 (0x8f0d) x14 0x897f119c
core   0: 0x80007878 (0x03b62bb3) mulhsu  s7, a2, s11
core   0: 3 0x80007878 (0x03b62bb3) x23 0x00000000
core   0: 0x8000787c (0x020156b3) divu    a3, sp, zero
core   0: 3 0x8000787c (0x020156b3) x13 0xffffffff
core   0: 0x80007880 (0x00008bd1) c.andi  a5, 20
core   0: 3 0x80007880 (0x8bd1) x15 0x00000000
core   0: 0x80007882 (0x000080f5) c.srli  s1, 29
core   0: 3 0x80007882 (0x80f5) x 9 0x00000000
core   0: 0x80007884 (0x00658633) add     a2, a1, t1
core   0: 3 0x80007884 (0x00658633) x12 0x8000ee64
core   0: 0x80007888 (0x00975393) srli    t2, a4, 9
core   0: 3 0x80007888 (0x00975393) x 7 0x0044bf88
core   0: 0x8000788c (0x00000504) c.addi4spn s1, sp, 640
core   0: 3 0x8000788c (0x0504) x 9 0x00000260
core   0: 0x8000788e (0x01a1a2b3) slt     t0, gp, s10
core   0: 3 0x8000788e (0x01a1a2b3) x 5 0x00000000
core   0: 0x80007892 (0xec5b0013) addi    zero, s6, -315
core   0: 3 0x80007892 (0xec5b0013)
core   0: 0x80007896 (0x66db0793) addi    a5, s6, 1645
core   0: 3 0x80007896 (0x66db0793) x15 0x6d197e9f
core   0: 0x8000789a (0x00008e11) c.sub   a2, a2
core   0: 3 0x8000789a (0x8e11) x12 0x00000000
core   0: 0x8000789c (0x00a64033) xor     zero, a2, a0
core   0: 3 0x8000789c (0x00a64033)
core   0: 0x800078a0 (0x03e1a133) mulhsu  sp, gp, t5
core   0: 3 0x800078a0 (0x03e1a133) x 2 0x00000000
core   0: 0x800078a4 (0x02637b33) remu    s6, t1, t1
core   0: 3 0x800078a4 (0x02637b33) x22 0x00000000
core   0: 0x800078a8 (0x000043e5) c.li    t2, 25
core   0: 3 0x800078a8 (0x43e5) x 7 0x00000019
core   0: 0x800078aa (0x00008c4d) c.or    s0, a1
core   0: 3 0x800078aa (0x8c4d) x 8 0x8000ee64
core   0: 0x800078ac (0x00001104) c.addi4spn s1, sp, 160
core   0: 3 0x800078ac (0x1104) x 9 0x000000a0
core   0: 0x800078ae (0xba713013) sltiu   zero, sp, -1113
core   0: 3 0x800078ae (0xba713013)
core   0: 0x800078b2 (0x00008cb1) c.xor   s1, a2
core   0: 3 0x800078b2 (0x8cb1) x 9 0x000000a0
core   0: 0x800078b4 (0x01c25733) srl     a4, tp, t3
core   0: 3 0x800078b4 (0x01c25733) x14 0xffffffff
core   0: 0x800078b8 (0x03e722b3) mulhsu  t0, a4, t5
core   0: 3 0x800078b8 (0x03e722b3) x 5 0x00000000
core   0: 0x800078bc (0x000087d9) c.srai  a5, 22
core   0: 3 0x800078bc (0x87d9) x15 0x000001b4
core   0: 0x800078be (0xa62b1d37) lui     s10, 0xa62b1
core   0: 3 0x800078be (0xa62b1d37) x26 0xa62b1000
core   0: 0x800078c2 (0x000062b1) c.lui   t0, 0xc
core   0: 3 0x800078c2 (0x62b1) x 5 0x0000c000
core   0: 0x800078c4 (0x00000001) c.nop
core   0: 3 0x800078c4 (0x0001)
core   0: 0x800078c6 (0x000056fd) c.li    a3, -1
core   0: 3 0x800078c6 (0x56fd) x13 0xffffffff
core   0: 0x800078c8 (0xd9594393) xori    t2, s2, -619
core   0: 3 0x800078c8 (0xd9594393) x 7 0xff7f7c3b
core   0: 0x800078cc (0x009c67b3) or      a5, s8, s1
core   0: 3 0x800078cc (0x009c67b3) x15 0xffc27ebf
core   0: 0x800078d0 (0x00000001) c.nop
core   0: 3 0x800078d0 (0x0001)
core   0: 0x800078d2 (0x01efc1b3) xor     gp, t6, t5
core   0: 3 0x800078d2 (0x01efc1b3) x 3 0x80012be2
core   0: 0x800078d6 (0x03054e13) xori    t3, a0, 48
core   0: 3 0x800078d6 (0x03054e13) x28 0x80012cd4
core   0: 0x800078da (0x01b72233) slt     tp, a4, s11
core   0: 3 0x800078da (0x01b72233) x 4 0x00000001
core   0: 0x800078de (0x00008e0d) c.sub   a2, a1
core   0: 3 0x800078de (0x8e0d) x12 0x7fff119c
core   0: 0x800078e0 (0x00f522b3) slt     t0, a0, a5
core   0: 3 0x800078e0 (0x00f522b3) x 5 0x00000001
core   0: 0x800078e4 (0x00006a89) c.lui   s5, 0x2
core   0: 3 0x800078e4 (0x6a89) x21 0x00002000
core   0: 0x800078e6 (0x402e0fb3) sub     t6, t3, sp
core   0: 3 0x800078e6 (0x402e0fb3) x31 0x80012cd4
core   0: 0x800078ea (0x0241d9b3) divu    s3, gp, tp
core   0: 3 0x800078ea (0x0241d9b3) x19 0x80012be2
core   0: 0x800078ee (0x542f6937) lui     s2, 0x542f6
core   0: 3 0x800078ee (0x542f6937) x18 0x542f6000
core   0: 0x800078f2 (0xabb90913) addi    s2, s2, -1349
core   0: 3 0x800078f2 (0xabb90913) x18 0x542f5abb
core   0: 0x800078f6 (0x80000eb7) lui     t4, 0x80000
core   0: 3 0x800078f6 (0x80000eb7) x29 0x80000000
core   0: 0x800078fa (0x2af6d837) lui     a6, 0x2af6d
core   0: 3 0x800078fa (0x2af6d837) x16 0x2af6d000
core   0: 0x800078fe (0x55080813) addi    a6, a6, 1360
core   0: 3 0x800078fe (0x55080813) x16 0x2af6d550
core   0: 0x80007902 (0xfff00413) li      s0, -1
core   0: 3 0x80007902 (0xfff00413) x 8 0xffffffff
core   0: 0x80007906 (0x80000237) lui     tp, 0x80000
core   0: 3 0x80007906 (0x80000237) x 4 0x80000000
core   0: 0x8000790a (0xb0ab5337) lui     t1, 0xb0ab5
core   0: 3 0x8000790a (0xb0ab5337) x 6 0xb0ab5000
core   0: 0x8000790e (0x94930313) addi    t1, t1, -1719
core   0: 3 0x8000790e (0x94930313) x 6 0xb0ab4949
core   0: 0x80007912 (0xfff00193) li      gp, -1
core   0: 3 0x80007912 (0xfff00193) x 3 0xffffffff
core   0: 0x80007916 (0x00004d01) c.li    s10, 0
core   0: 3 0x80007916 (0x4d01) x26 0x00000000
core   0: 0x80007918 (0x800002b7) lui     t0, 0x80000
core   0: 3 0x80007918 (0x800002b7) x 5 0x80000000
core   0: 0x8000791c (0x94d096b7) lui     a3, 0x94d09
core   0: 3 0x8000791c (0x94d096b7) x13 0x94d09000
core   0: 0x80007920 (0x34a68693) addi    a3, a3, 842
core   0: 3 0x80007920 (0x34a68693) x13 0x94d0934a
core   0: 0x80007924 (0x02531833) mulh    a6, t1, t0
core   0: 3 0x80007924 (0x02531833) x16 0x27aa5b5b
core   0: 0x80007928 (0x00000001) c.nop
core   0: 3 0x80007928 (0x0001)
core   0: 0x8000792a (0x03018333) mul     t1, gp, a6
core   0: 3 0x8000792a (0x03018333) x 6 0xd855a4a5
core   0: 0x8000792e (0x012302b3) add     t0, t1, s2
core   0: 3 0x8000792e (0x012302b3) x 5 0x2c84ff60
core   0: 0x80007932 (0x0241d1b3) divu    gp, gp, tp
core   0: 3 0x80007932 (0x0241d1b3) x 3 0x00000001
core   0: 0x80007936 (0x032681b3) mul     gp, a3, s2
core   0: 3 0x80007936 (0x032681b3) x 3 0x5ab99b0e
core   0: 0x8000793a (0x03d32eb3) mulhsu  t4, t1, t4
core   0: 3 0x8000793a (0x03d32eb3) x29 0xec2ad252
core   0: 0x8000793e (0x03dd7d33) remu    s10, s10, t4
core   0: 3 0x8000793e (0x03dd7d33) x26 0x00000000
core   0: 0x80007942 (0x03d2f433) remu    s0, t0, t4
core   0: 3 0x80007942 (0x03d2f433) x 8 0x2c84ff60
core   0: 0x80007946 (0x00000001) c.nop
core   0: 3 0x80007946 (0x0001)
core   0: 0x80007948 (0x7a020413) addi    s0, tp, 1952
core   0: 3 0x80007948 (0x7a020413) x 8 0x800007a0
core   0: 0x8000794c (0x0251b1b3) mulhu   gp, gp, t0
core   0: 3 0x8000794c (0x0251b1b3) x 3 0x0fc708db
core   0: 0x80007950 (0x02881d33) mulh    s10, a6, s0
core   0: 3 0x80007950 (0x02881d33) x26 0xec2ad380
core   0: 0x80007954 (0xef240913) addi    s2, s0, -270
core   0: 3 0x80007954 (0xef240913) x18 0x80000692
core   0: 0x80007958 (0x02333eb3) mulhu   t4, t1, gp
core   0: 3 0x80007958 (0x02333eb3) x29 0x0d5536b4
core   0: 0x8000795c (0xfc218237) lui     tp, 0xfc218
core   0: 3 0x8000795c (0xfc218237) x 4 0xfc218000
core   0: 0x80007960 (0x006201b3) add     gp, tp, t1
core   0: 3 0x80007960 (0x006201b3) x 3 0xd47724a5
core   0: 0x80007964 (0x1ddcfd37) lui     s10, 0x1ddcf
core   0: 3 0x80007964 (0x1ddcfd37) x26 0x1ddcf000
core   0: 0x80007968 (0x00000001) c.nop
core   0: 3 0x80007968 (0x0001)
core   0: 0x8000796a (0x03def433) remu    s0, t4, t4
core   0: 3 0x8000796a (0x03def433) x 8 0x00000000
core   0: 0x8000796e (0x030ead33) mulhsu  s10, t4, a6
core   0: 3 0x8000796e (0x030ead33) x26 0x0210daad
core   0: 0x80007972 (0x0302beb3) mulhu   t4, t0, a6
core   0: 3 0x80007972 (0x0302beb3) x29 0x06e5e31c
core   0: 0x80007976 (0x00000001) c.nop
core   0: 3 0x80007976 (0x0001)
core   0: 0x80007978 (0xd7f56817) auipc   a6, 0xd7f56
core   0: 3 0x80007978 (0xd7f56817) x16 0x57f5d978
core   0: 0x8000797c (0x25e18913) addi    s2, gp, 606
core   0: 3 0x8000797c (0x25e18913) x18 0xd4772703
core   0: 0x80007980 (0x013070b3) and     ra, zero, s3
core   0: 3 0x80007980 (0x013070b3) x 1 0x00000000
core   0: 0x80007984 (0x0242e633) rem     a2, t0, tp
core   0: 3 0x80007984 (0x0242e633) x12 0x01f57f60
core   0: 0x80007988 (0x0115eeb3) or      t4, a1, a7
core   0: 3 0x80007988 (0x0115eeb3) x29 0xffffffff
core   0: 0x8000798c (0x7e400e13) li      t3, 2020
core   0: 3 0x8000798c (0x7e400e13) x28 0x000007e4
core   0: 0x80007990 (0x00008341) c.srli  a4, 16
core   0: 3 0x80007990 (0x8341) x14 0x0000ffff
core   0: 0x80007992 (0x0000577d) c.li    a4, -1
core   0: 3 0x80007992 (0x577d) x14 0xffffffff
core   0: 0x80007994 (0x019c6833) or      a6, s8, s9
core   0: 3 0x80007994 (0x019c6833) x16 0xffffffff
core   0: 0x80007998 (0x03625f33) divu    t5, tp, s6
core   0: 3 0x80007998 (0x03625f33) x30 0xffffffff
core   0: 0x8000799c (0x000056fd) c.li    a3, -1
core   0: 3 0x8000799c (0x56fd) x13 0xffffffff
core   0: 0x8000799e (0x82ed6e93) ori     t4, s10, -2002
core   0: 3 0x8000799e (0x82ed6e93) x29 0xfffffaaf
core   0: 0x800079a2 (0x03c98e33) mul     t3, s3, t3
core   0: 3 0x800079a2 (0x03c98e33) x28 0x093e4348
core   0: 0x800079a6 (0x00a6bab3) sltu    s5, a3, a0
core   0: 3 0x800079a6 (0x00a6bab3) x21 0x00000000
core   0: 0x800079aa (0x414d86b3) sub     a3, s11, s4
core   0: 3 0x800079aa (0x414d86b3) x13 0x00000000
core   0: 0x800079ae (0x00008272) c.mv    tp, t3
core   0: 3 0x800079ae (0x8272) x 4 0x093e4348
core   0: 0x800079b0 (0x00000b10) c.addi4spn a2, sp, 400
core   0: 3 0x800079b0 (0x0b10) x12 0x00000190
core   0: 0x800079b2 (0x00006d51) c.lui   s10, 0x14
core   0: 3 0x800079b2 (0x6d51) x26 0x00014000
core   0: 0x800079b4 (0x41368cb3) sub     s9, a3, s3
core   0: 3 0x800079b4 (0x41368cb3) x25 0x7ffed41e
core   0: 0x800079b8 (0x86dbf937) lui     s2, 0x86dbf
core   0: 3 0x800079b8 (0x86dbf937) x18 0x86dbf000
core   0: 0x800079bc (0x00006141) c.addi16sp sp, 16
core   0: 3 0x800079bc (0x6141) x 2 0x00000010
core   0: 0x800079be (0x012e1013) slli    zero, t3, 18
core   0: 3 0x800079be (0x012e1013)
core   0: 0x800079c2 (0x00c2a1b3) slt     gp, t0, a2
core   0: 3 0x800079c2 (0x00c2a1b3) x 3 0x00000000
core   0: 0x800079c6 (0x0000137d) c.addi  t1, -1
core   0: 3 0x800079c6 (0x137d) x 6 0xd855a4a4
core   0: 0x800079c8 (0x0000717d) c.addi16sp sp, -16
core   0: 3 0x800079c8 (0x717d) x 2 0x00000000
core   0: 0x800079ca (0x000084b9) c.srai  s1, 14
core   0: 3 0x800079ca (0x84b9) x 9 0x00000000
core   0: 0x800079cc (0x037ccdb3) div     s11, s9, s7
core   0: 3 0x800079cc (0x037ccdb3) x27 0xffffffff
core   0: 0x800079d0 (0x0cfa0d13) addi    s10, s4, 207
core   0: 3 0x800079d0 (0x0cfa0d13) x26 0x000000cf
core   0: 0x800079d4 (0x03e5dcb3) divu    s9, a1, t5
core   0: 3 0x800079d4 (0x03e5dcb3) x25 0x00000000
core   0: 0x800079d8 (0x00482433) slt     s0, a6, tp
core   0: 3 0x800079d8 (0x00482433) x 8 0x00000001
core   0: 0x800079dc (0x73de3ab7) lui     s5, 0x73de3
core   0: 3 0x800079dc (0x73de3ab7) x21 0x73de3000
core   0: 0x800079e0 (0x02b9bcb3) mulhu   s9, s3, a1
core   0: 3 0x800079e0 (0x02b9bcb3) x25 0x40010d24
core   0: 0x800079e4 (0x41b4d3b3) sra     t2, s1, s11
core   0: 3 0x800079e4 (0x41b4d3b3) x 7 0x00000000
core   0: 0x800079e8 (0x010fcbb3) xor     s7, t6, a6
core   0: 3 0x800079e8 (0x010fcbb3) x23 0x7ffed32b
core   0: 0x800079ec (0x02adfcb3) remu    s9, s11, a0
core   0: 3 0x800079ec (0x02adfcb3) x25 0x7ffed31b
core   0: 0x800079f0 (0x00008f31) c.xor   a4, a2
core   0: 3 0x800079f0 (0x8f31) x14 0xfffffe6f
core   0: 0x800079f2 (0x40635293) srai    t0, t1, 6
core   0: 3 0x800079f2 (0x40635293) x 5 0xff615692
core   0: 0x800079f6 (0x00001914) c.addi4spn a3, sp, 176
core   0: 3 0x800079f6 (0x1914) x13 0x000000b0
core   0: 0x800079f8 (0x03282d33) mulhsu  s10, a6, s2
core   0: 3 0x800079f8 (0x03282d33) x26 0xffffffff
core   0: 0x800079fc (0x00008f61) c.and   a4, s0
core   0: 3 0x800079fc (0x8f61) x14 0x00000001
core   0: 0x800079fe (0x00008041) c.srli  s0, 16
core   0: 3 0x800079fe (0x8041) x 8 0x00000000
core   0: 0x80007a00 (0x00008ffd) c.and   a5, a5
core   0: 3 0x80007a00 (0x8ffd) x15 0xffc27ebf
core   0: 0x80007a02 (0x01715e93) srli    t4, sp, 23
core   0: 3 0x80007a02 (0x01715e93) x29 0x00000000
core   0: 0x80007a06 (0x003a5d93) srli    s11, s4, 3
core   0: 3 0x80007a06 (0x003a5d93) x27 0x00000000
core   0: 0x80007a0a (0x00008fb5) c.xor   a5, a3
core   0: 3 0x80007a0a (0x8fb5) x15 0xffc27e0f
core   0: 0x80007a0c (0x000001f9) c.addi  gp, 30
core   0: 3 0x80007a0c (0x01f9) x 3 0x0000001e
core   0: 0x80007a0e (0x03b99133) mulh    sp, s3, s11
core   0: 3 0x80007a0e (0x03b99133) x 2 0x00000000
core   0: 0x80007a12 (0x00000001) c.nop
core   0: 3 0x80007a12 (0x0001)
core   0: 0x80007a14 (0x033697b3) mulh    a5, a3, s3
core   0: 3 0x80007a14 (0x033697b3) x15 0xffffffa8
core   0: 0x80007a18 (0x030880b3) mul     ra, a7, a6
core   0: 3 0x80007a18 (0x030880b3) x 1 0x00000001
core   0: 0x80007a1c (0x9ab1c293) xori    t0, gp, -1621
core   0: 3 0x80007a1c (0x9ab1c293) x 5 0xfffff9b5
core   0: 0x80007a20 (0x0215bdb3) mulhu   s11, a1, ra
core   0: 3 0x80007a20 (0x0215bdb3) x27 0x00000000
core   0: 0x80007a24 (0x00009242) c.add   tp, a6
core   0: 3 0x80007a24 (0x9242) x 4 0x093e4347
core   0: 0x80007a26 (0x01cad2b3) srl     t0, s5, t3
core   0: 3 0x80007a26 (0x01cad2b3) x 5 0x0073de30
core   0: 0x80007a2a (0x0004d413) srli    s0, s1, 0
core   0: 3 0x80007a2a (0x0004d413) x 8 0x00000000
core   0: 0x80007a2e (0x359cbe93) sltiu   t4, s9, 857
core   0: 3 0x80007a2e (0x359cbe93) x29 0x00000000
core   0: 0x80007a32 (0x40c3da93) srai    s5, t2, 12
core   0: 3 0x80007a32 (0x40c3da93) x21 0x00000000
core   0: 0x80007a36 (0x01d72233) slt     tp, a4, t4
core   0: 3 0x80007a36 (0x01d72233) x 4 0x00000000
core   0: 0x80007a3a (0x00009bfd) c.andi  a5, -1
core   0: 3 0x80007a3a (0x9bfd) x15 0xffffffa8
core   0: 0x80007a3c (0x00008c25) c.xor   s0, s1
core   0: 3 0x80007a3c (0x8c25) x 8 0x00000000
core   0: 0x80007a3e (0x00000001) c.nop
core   0: 3 0x80007a3e (0x0001)
core   0: 0x80007a40 (0x21df2493) slti    s1, t5, 541
core   0: 3 0x80007a40 (0x21df2493) x 9 0x00000001
core   0: 0x80007a44 (0x0000011c) c.addi4spn a5, sp, 128
core   0: 3 0x80007a44 (0x011c) x15 0x00000080
core   0: 0x80007a46 (0xfb2ae713) ori     a4, s5, -78
core   0: 3 0x80007a46 (0xfb2ae713) x14 0xffffffb2
core   0: 0x80007a4a (0x35c0cd13) xori    s10, ra, 860
core   0: 3 0x80007a4a (0x35c0cd13) x26 0x0000035d
core   0: 0x80007a4e (0x00008366) c.mv    t1, s9
core   0: 3 0x80007a4e (0x8366) x 6 0x7ffed31b
core   0: 0x80007a50 (0x02aa7eb3) remu    t4, s4, a0
core   0: 3 0x80007a50 (0x02aa7eb3) x29 0x00000000
core   0: 0x80007a54 (0x0270f133) remu    sp, ra, t2
core   0: 3 0x80007a54 (0x0270f133) x 2 0x00000001
core   0: 0x80007a58 (0x02e77933) remu    s2, a4, a4
core   0: 3 0x80007a58 (0x02e77933) x18 0x00000000
core   0: 0x80007a5c (0x00000001) c.nop
core   0: 3 0x80007a5c (0x0001)
core   0: 0x80007a5e (0x00000310) c.addi4spn a2, sp, 384
core   0: 3 0x80007a5e (0x0310) x12 0x00000181
core   0: 0x80007a60 (0xd367b813) sltiu   a6, a5, -714
core   0: 3 0x80007a60 (0xd367b813) x16 0x00000001
core   0: 0x80007a64 (0x00f848b3) xor     a7, a6, a5
core   0: 3 0x80007a64 (0x00f848b3) x17 0x00000081
core   0: 0x80007a68 (0x039db6b3) mulhu   a3, s11, s9
core   0: 3 0x80007a68 (0x039db6b3) x13 0x00000000
core   0: 0x80007a6c (0x00008fed) c.and   a5, a1
core   0: 3 0x80007a6c (0x8fed) x15 0x00000000
core   0: 0x80007a6e (0x623dca93) xori    s5, s11, 1571
core   0: 3 0x80007a6e (0x623dca93) x21 0x00000623
core   0: 0x80007a72 (0x00008f29) c.xor   a4, a0
core   0: 3 0x80007a72 (0x8f29) x14 0x7ffed356
core   0: 0x80007a74 (0x40e95713) srai    a4, s2, 14
core   0: 3 0x80007a74 (0x40e95713) x14 0x00000000
core   0: 0x80007a78 (0x0292a2b3) mulhsu  t0, t0, s1
core   0: 3 0x80007a78 (0x0292a2b3) x 5 0x00000000
core   0: 0x80007a7c (0x012ad233) srl     tp, s5, s2
core   0: 3 0x80007a7c (0x012ad233) x 4 0x00000623
core   0: 0x80007a80 (0x000086dd) c.srai  a3, 23
core   0: 3 0x80007a80 (0x86dd) x13 0x00000000
core   0: 0x80007a82 (0x0000717d) c.addi16sp sp, -16
core   0: 3 0x80007a82 (0x717d) x 2 0xfffffff1
core   0: 0x80007a84 (0x031fa233) mulhsu  tp, t6, a7
core   0: 3 0x80007a84 (0x031fa233) x 4 0xffffffbf
core   0: 0x80007a88 (0x0279e6b3) rem     a3, s3, t2
core   0: 3 0x80007a88 (0x0279e6b3) x13 0x80012be2
core   0: 0x80007a8c (0x00008f85) c.sub   a5, s1
core   0: 3 0x80007a8c (0x8f85) x15 0xffffffff
core   0: 0x80007a8e (0x2b9de097) auipc   ra, 0x2b9de
core   0: 3 0x80007a8e (0x2b9de097) x 1 0xab9e5a8e
core   0: 0x80007a92 (0x032b12b3) mulh    t0, s6, s2
core   0: 3 0x80007a92 (0x032b12b3) x 5 0x00000000
core   0: 0x80007a96 (0x88191d17) auipc   s10, 0x88191
core   0: 3 0x80007a96 (0x88191d17) x26 0x08198a96
core   0: 0x80007a9a (0x00008ed9) c.or    a3, a4
core   0: 3 0x80007a9a (0x8ed9) x13 0x80012be2
core   0: 0x80007a9c (0x00001f7d) c.addi  t5, -1
core   0: 3 0x80007a9c (0x1f7d) x30 0xfffffffe
core   0: 0x80007a9e (0xfaadc713) xori    a4, s11, -86
core   0: 3 0x80007a9e (0xfaadc713) x14 0xffffffaa
core   0: 0x80007aa2 (0x018d6bb3) or      s7, s10, s8
core   0: 3 0x80007aa2 (0x018d6bb3) x23 0xffdbfebf
core   0: 0x80007aa6 (0x02ddc6b3) div     a3, s11, a3
core   0: 3 0x80007aa6 (0x02ddc6b3) x13 0x00000000
core   0: 0x80007aaa (0x419b84b3) sub     s1, s7, s9
core   0: 3 0x80007aaa (0x419b84b3) x 9 0x7fdd2ba4
core   0: 0x80007aae (0x0273e1b3) rem     gp, t2, t2
core   0: 3 0x80007aae (0x0273e1b3) x 3 0x00000000
core   0: 0x80007ab2 (0x00113e33) sltu    t3, sp, ra
core   0: 3 0x80007ab2 (0x00113e33) x28 0x00000000
core   0: 0x80007ab6 (0x0000189c) c.addi4spn a5, sp, 112
core   0: 3 0x80007ab6 (0x189c) x15 0x00000061
core   0: 0x80007ab8 (0x0185dd33) srl     s10, a1, s8
core   0: 3 0x80007ab8 (0x0185dd33) x26 0x00000001
core   0: 0x80007abc (0x01436833) or      a6, t1, s4
core   0: 3 0x80007abc (0x01436833) x16 0x7ffed31b
core   0: 0x80007ac0 (0x02b64cb3) div     s9, a2, a1
core   0: 3 0x80007ac0 (0x02b64cb3) x25 0x00000000
core   0: 0x80007ac4 (0x02113f33) mulhu   t5, sp, ra
core   0: 3 0x80007ac4 (0x02113f33) x30 0xab9e5a83
core   0: 0x80007ac8 (0x8e5d0a13) addi    s4, s10, -1819
core   0: 3 0x80007ac8 (0x8e5d0a13) x20 0xfffff8e6
core   0: 0x80007acc (0xd4f2c813) xori    a6, t0, -689
core   0: 3 0x80007acc (0xd4f2c813) x16 0xfffffd4f
core   0: 0x80007ad0 (0x00000001) c.nop
core   0: 3 0x80007ad0 (0x0001)
core   0: 0x80007ad2 (0x00001f7d) c.addi  t5, -1
core   0: 3 0x80007ad2 (0x1f7d) x30 0xab9e5a82
core   0: 0x80007ad4 (0x00008e91) c.sub   a3, a2
core   0: 3 0x80007ad4 (0x8e91) x13 0xfffffe7f
core   0: 0x80007ad6 (0x00000ede) c.slli  t4, 23
core   0: 3 0x80007ad6 (0x0ede) x29 0x00000000
core   0: 0x80007ad8 (0x00008e89) c.sub   a3, a0
core   0: 3 0x80007ad8 (0x8e89) x13 0x7ffed19b
core   0: 0x80007ada (0x00008c2d) c.xor   s0, a1
core   0: 3 0x80007ada (0x8c2d) x 8 0x8000ee64
core   0: 0x80007adc (0x0064c933) xor     s2, s1, t1
core   0: 3 0x80007adc (0x0064c933) x18 0x0023f8bf
core   0: 0x80007ae0 (0x002cfa33) and     s4, s9, sp
core   0: 3 0x80007ae0 (0x002cfa33) x20 0x00000000
core   0: 0x80007ae4 (0x01a8ddb3) srl     s11, a7, s10
core   0: 3 0x80007ae4 (0x01a8ddb3) x27 0x00000040
core   0: 0x80007ae8 (0x000c4cb3) xor     s9, s8, zero
core   0: 3 0x80007ae8 (0x000c4cb3) x25 0xffc27e3f
core   0: 0x80007aec (0x0000987d) c.andi  s0, -1
core   0: 3 0x80007aec (0x987d) x 8 0x8000ee64
core   0: 0x80007aee (0x9f2f7413) andi    s0, t5, -1550
core   0: 3 0x80007aee (0x9f2f7413) x 8 0xab9e5882
core   0: 0x80007af2 (0x00aa0733) add     a4, s4, a0
core   0: 3 0x80007af2 (0x00aa0733) x14 0x80012ce4
core   0: 0x80007af6 (0x002e7133) and     sp, t3, sp
core   0: 3 0x80007af6 (0x002e7133) x 2 0x00000000
core   0: 0x80007afa (0x00001a9c) c.addi4spn a5, sp, 368
core   0: 3 0x80007afa (0x1a9c) x15 0x00000170
core   0: 0x80007afc (0x008e04b3) add     s1, t3, s0
core   0: 3 0x80007afc (0x008e04b3) x 9 0xab9e5882
core   0: 0x80007b00 (0x016fb133) sltu    sp, t6, s6
core   0: 3 0x80007b00 (0x016fb133) x 2 0x00000000
core   0: 0x80007b04 (0x00008e95) c.sub   a3, a3
core   0: 3 0x80007b04 (0x8e95) x13 0x00000000
core   0: 0x80007b06 (0x00000001) c.nop
core   0: 3 0x80007b06 (0x0001)
core   0: 0x80007b08 (0x00008c01) c.sub   s0, s0
core   0: 3 0x80007b08 (0x8c01) x 8 0x00000000
core   0: 0x80007b0a (0x409f5493) srai    s1, t5, 9
core   0: 3 0x80007b0a (0x409f5493) x 9 0xffd5cf2d
core   0: 0x80007b0e (0x03716db3) rem     s11, sp, s7
core   0: 3 0x80007b0e (0x03716db3) x27 0x00000000
core   0: 0x80007b12 (0x00000dbe) c.slli  s11, 15
core   0: 3 0x80007b12 (0x0dbe) x27 0x00000000
core   0: 0x80007b14 (0xfcf52193) slti    gp, a0, -49
core   0: 3 0x80007b14 (0xfcf52193) x 3 0x00000001
core   0: 0x80007b18 (0x036f64b3) rem     s1, t5, s6
core   0: 3 0x80007b18 (0x036f64b3) x 9 0xab9e5a82
core   0: 0x80007b1c (0x03899433) mulh    s0, s3, s8
core   0: 3 0x80007b1c (0x03899433) x 8 0x001ec098
core   0: 0x80007b20 (0x0000989a) c.add   a7, t1
core   0: 3 0x80007b20 (0x989a) x17 0x7ffed39c
core   0: 0x80007b22 (0x016372b3) and     t0, t1, s6
core   0: 3 0x80007b22 (0x016372b3) x 5 0x00000000
core   0: 0x80007b26 (0x00008b11) c.andi  a4, 4
core   0: 3 0x80007b26 (0x8b11) x14 0x00000004
core   0: 0x80007b28 (0x19236193) ori     gp, t1, 402
core   0: 3 0x80007b28 (0x19236193) x 3 0x7ffed39b
core   0: 0x80007b2c (0x02d55eb3) divu    t4, a0, a3
core   0: 3 0x80007b2c (0x02d55eb3) x29 0xffffffff
core   0: 0x80007b30 (0x0130a8b3) slt     a7, ra, s3
core   0: 3 0x80007b30 (0x0130a8b3) x17 0x00000000
core   0: 0x80007b34 (0x00000d46) c.slli  s10, 17
core   0: 3 0x80007b34 (0x0d46) x26 0x00020000
core   0: 0x80007b36 (0x000007ca) c.slli  a5, 18
core   0: 3 0x80007b36 (0x07ca) x15 0x05c00000
core   0: 0x80007b38 (0x00000001) c.nop
core   0: 3 0x80007b38 (0x0001)
core   0: 0x80007b3a (0x287e0417) auipc   s0, 0x287e0
core   0: 3 0x80007b3a (0x287e0417) x 8 0xa87e7b3a
core   0: 0x80007b3e (0x025c0f33) mul     t5, s8, t0
core   0: 3 0x80007b3e (0x025c0f33) x30 0x00000000
core   0: 0x80007b42 (0x000003e9) c.addi  t2, 26
core   0: 3 0x80007b42 (0x03e9) x 7 0x0000001a
core   0: 0x80007b44 (0x00000d5e) c.slli  s10, 23
core   0: 3 0x80007b44 (0x0d5e) x26 0x00000000
core   0: 0x80007b46 (0x03643bb3) mulhu   s7, s0, s6
core   0: 3 0x80007b46 (0x03643bb3) x23 0x00000000
core   0: 0x80007b4a (0x02da1633) mulh    a2, s4, a3
core   0: 3 0x80007b4a (0x02da1633) x12 0x00000000
core   0: 0x80007b4e (0x03c1dcb3) divu    s9, gp, t3
core   0: 3 0x80007b4e (0x03c1dcb3) x25 0xffffffff
core   0: 0x80007b52 (0x00000ee2) c.slli  t4, 24
core   0: 3 0x80007b52 (0x0ee2) x29 0xff000000
core   0: 0x80007b54 (0x0066c6b3) xor     a3, a3, t1
core   0: 3 0x80007b54 (0x0066c6b3) x13 0x7ffed31b
core   0: 0x80007b58 (0x00008ea1) c.xor   a3, s0
core   0: 3 0x80007b58 (0x8ea1) x13 0xd780a821
core   0: 0x80007b5a (0x34fc5117) auipc   sp, 0x34fc5
core   0: 3 0x80007b5a (0x34fc5117) x 2 0xb4fccb5a
core   0: 0x80007b5e (0x017f7db3) and     s11, t5, s7
core   0: 3 0x80007b5e (0x017f7db3) x27 0x00000000
core   0: 0x80007b62 (0x00008cb5) c.xor   s1, a3
core   0: 3 0x80007b62 (0x8cb5) x 9 0x7c1ef2a3
core   0: 0x80007b64 (0x00000001) c.nop
core   0: 3 0x80007b64 (0x0001)
core   0: 0x80007b66 (0x000080ee) c.mv    ra, s11
core   0: 3 0x80007b66 (0x80ee) x 1 0x00000000
core   0: 0x80007b68 (0x013ffa33) and     s4, t6, s3
core   0: 3 0x80007b68 (0x013ffa33) x20 0x800128c0
core   0: 0x80007b6c (0x117c0cb7) lui     s9, 0x117c0
core   0: 3 0x80007b6c (0x117c0cb7) x25 0x117c0000
core   0: 0x80007b70 (0x56978e13) addi    t3, a5, 1385
core   0: 3 0x80007b70 (0x56978e13) x28 0x05c00569
core   0: 0x80007b74 (0x013b6633) or      a2, s6, s3
core   0: 3 0x80007b74 (0x013b6633) x12 0x80012be2
core   0: 0x80007b78 (0x011dda93) srli    s5, s11, 17
core   0: 3 0x80007b78 (0x011dda93) x21 0x00000000
core   0: 0x80007b7c (0xec24a613) slti    a2, s1, -318
core   0: 3 0x80007b7c (0xec24a613) x12 0x00000000
core   0: 0x80007b80 (0x038d4bb3) div     s7, s10, s8
core   0: 3 0x80007b80 (0x038d4bb3) x23 0x00000000
core   0: 0x80007b84 (0x023c9b33) mulh    s6, s9, gp
core   0: 3 0x80007b84 (0x023c9b33) x22 0x08bdeb7b
core   0: 0x80007b88 (0x02113db3) mulhu   s11, sp, ra
core   0: 3 0x80007b88 (0x02113db3) x27 0x00000000
core   0: 0x80007b8c (0x03ec74b3) remu    s1, s8, t5
core   0: 3 0x80007b8c (0x03ec74b3) x 9 0xffc27e3f
core   0: 0x80007b90 (0x407152b3) sra     t0, sp, t2
core   0: 3 0x80007b90 (0x407152b3) x 5 0xffffffed
core   0: 0x80007b94 (0x01cdb333) sltu    t1, s11, t3
core   0: 3 0x80007b94 (0x01cdb333) x 6 0x00000001
core   0: 0x80007b98 (0x40198333) sub     t1, s3, ra
core   0: 3 0x80007b98 (0x40198333) x 6 0x80012be2
core   0: 0x80007b9c (0x0bb52e93) slti    t4, a0, 187
core   0: 3 0x80007b9c (0x0bb52e93) x29 0x00000001
core   0: 0x80007ba0 (0x010919b3) sll     s3, s2, a6
core   0: 3 0x80007ba0 (0x010919b3) x19 0xfc5f8000
core   0: 0x80007ba4 (0x9e41fb97) auipc   s7, 0x9e41f
core   0: 3 0x80007ba4 (0x9e41fb97) x23 0x1e426ba4
core   0: 0x80007ba8 (0x601f8293) addi    t0, t6, 1537
core   0: 3 0x80007ba8 (0x601f8293) x 5 0x800132d5
core   0: 0x80007bac (0x02f6c233) div     tp, a3, a5
core   0: 3 0x80007bac (0x02f6c233) x 4 0xfffffff9
core   0: 0x80007bb0 (0x01f7dfb3) srl     t6, a5, t6
core   0: 3 0x80007bb0 (0x01f7dfb3) x31 0x0000005c
core   0: 0x80007bb4 (0x00008e0d) c.sub   a2, a1
core   0: 3 0x80007bb4 (0x8e0d) x12 0x7fff119c
core   0: 0x80007bb6 (0x01ced033) srl     zero, t4, t3
core   0: 3 0x80007bb6 (0x01ced033)
core   0: 0x80007bba (0x01af5d93) srli    s11, t5, 26
core   0: 3 0x80007bba (0x01af5d93) x27 0x00000000
core   0: 0x80007bbe (0x006de833) or      a6, s11, t1
core   0: 3 0x80007bbe (0x006de833) x16 0x80012be2
core   0: 0x80007bc2 (0x0065cd33) xor     s10, a1, t1
core   0: 3 0x80007bc2 (0x0065cd33) x26 0x0001c586
core   0: 0x80007bc6 (0xe827f1b7) lui     gp, 0xe827f
core   0: 3 0x80007bc6 (0xe827f1b7) x 3 0xe827f000
core   0: 0x80007bca (0x01dd7eb3) and     t4, s10, t4
core   0: 3 0x80007bca (0x01dd7eb3) x29 0x00000000
core   0: 0x80007bce (0x032d5db3) divu    s11, s10, s2
core   0: 3 0x80007bce (0x032d5db3) x27 0x00000000
core   0: 0x80007bd2 (0x03276d33) rem     s10, a4, s2
core   0: 3 0x80007bd2 (0x03276d33) x26 0x00000004
core   0: 0x80007bd6 (0x00008f45) c.or    a4, s1
core   0: 3 0x80007bd6 (0x8f45) x14 0xffc27e3f
core   0: 0x80007bd8 (0x00008c79) c.and   s0, a4
core   0: 3 0x80007bd8 (0x8c79) x 8 0xa8427a3a
core   0: 0x80007bda (0x0c7b4f13) xori    t5, s6, 199
core   0: 3 0x80007bda (0x0c7b4f13) x30 0x08bdebbc
core   0: 0x80007bde (0x00000a2a) c.slli  s4, 10
core   0: 3 0x80007bde (0x0a2a) x20 0x04a30000
core   0: 0x80007be0 (0x00008c85) c.sub   s1, s1
core   0: 3 0x80007be0 (0x8c85) x 9 0x00000000
core   0: 0x80007be2 (0x010291b3) sll     gp, t0, a6
core   0: 3 0x80007be2 (0x010291b3) x 3 0x0004cb54
core   0: 0x80007be6 (0x665f7e93) andi    t4, t5, 1637
core   0: 3 0x80007be6 (0x665f7e93) x29 0x00000224
core   0: 0x80007bea (0x033441b3) div     gp, s0, s3
core   0: 3 0x80007bea (0x033441b3) x 3 0x00000018
core   0: 0x80007bee (0x0000169c) c.addi4spn a5, sp, 864
core   0: 3 0x80007bee (0x169c) x15 0xb4fcceba
core   0: 0x80007bf0 (0x004f7bb3) and     s7, t5, tp
core   0: 3 0x80007bf0 (0x004f7bb3) x23 0x08bdebb8
core   0: 0x80007bf4 (0x4017dc93) srai    s9, a5, 1
core   0: 3 0x80007bf4 (0x4017dc93) x25 0xda7e675d
core   0: 0x80007bf8 (0x00949333) sll     t1, s1, s1
core   0: 3 0x80007bf8 (0x00949333) x 6 0x00000000
core   0: 0x80007bfc (0x00e228b3) slt     a7, tp, a4
core   0: 3 0x80007bfc (0x00e228b3) x17 0x00000000
core   0: 0x80007c00 (0x27788b93) addi    s7, a7, 631
core   0: 3 0x80007c00 (0x27788b93) x23 0x00000277
core   0: 0x80007c04 (0x013d71b3) and     gp, s10, s3
core   0: 3 0x80007c04 (0x013d71b3) x 3 0x00000000
core   0: 0x80007c08 (0x03470233) mul     tp, a4, s4
core   0: 3 0x80007c08 (0x03470233) x 4 0x5e1d0000
core   0: 0x80007c0c (0x00008236) c.mv    tp, a3
core   0: 3 0x80007c0c (0x8236) x 4 0xd780a821
core   0: 0x80007c0e (0x41e55713) srai    a4, a0, 30
core   0: 3 0x80007c0e (0x41e55713) x14 0xfffffffe
core   0: 0x80007c12 (0x80ac3713) sltiu   a4, s8, -2038
core   0: 3 0x80007c12 (0x80ac3713) x14 0x00000001
core   0: 0x80007c16 (0x00008345) c.srli  a4, 17
core   0: 3 0x80007c16 (0x8345) x14 0x00000000
core   0: 0x80007c18 (0x80750393) addi    t2, a0, -2041
core   0: 3 0x80007c18 (0x80750393) x 7 0x800124eb
core   0: 0x80007c1c (0x031e5e33) divu    t3, t3, a7
core   0: 3 0x80007c1c (0x031e5e33) x28 0xffffffff
core   0: 0x80007c20 (0x012a6033) or      zero, s4, s2
core   0: 3 0x80007c20 (0x012a6033)
core   0: 0x80007c24 (0x00a628b3) slt     a7, a2, a0
core   0: 3 0x80007c24 (0x00a628b3) x17 0x00000000
core   0: 0x80007c28 (0x000087a6) c.mv    a5, s1
core   0: 3 0x80007c28 (0x87a6) x15 0x00000000
core   0: 0x80007c2a (0x00008fc9) c.or    a5, a0
core   0: 3 0x80007c2a (0x8fc9) x15 0x80012ce4
core   0: 0x80007c2c (0x03588633) mul     a2, a7, s5
core   0: 3 0x80007c2c (0x03588633) x12 0x00000000
core   0: 0x80007c30 (0xf33cc993) xori    s3, s9, -205
core   0: 3 0x80007c30 (0xf33cc993) x19 0x2581986e
core   0: 0x80007c34 (0x004d1db3) sll     s11, s10, tp
core   0: 3 0x80007c34 (0x004d1db3) x27 0x00000008
core   0: 0x80007c38 (0x0088fe33) and     t3, a7, s0
core   0: 3 0x80007c38 (0x0088fe33) x28 0x00000000
core   0: 0x80007c3c (0x02a6b0b3) mulhu   ra, a3, a0
core   0: 3 0x80007c3c (0x02a6b0b3) x 1 0x6bc1515b
core   0: 0x80007c40 (0x5af96c93) ori     s9, s2, 1455
core   0: 3 0x80007c40 (0x5af96c93) x25 0x0023fdbf
core   0: 0x80007c44 (0x00000716) c.slli  a4, 5
core   0: 3 0x80007c44 (0x0716) x14 0x00000000
core   0: 0x80007c46 (0x005fad33) slt     s10, t6, t0
core   0: 3 0x80007c46 (0x005fad33) x26 0x00000000
core   0: 0x80007c4a (0x004b5133) srl     sp, s6, tp
core   0: 3 0x80007c4a (0x004b5133) x 2 0x045ef5bd
core   0: 0x80007c4e (0x039099b3) mulh    s3, ra, s9
core   0: 3 0x80007c4e (0x039099b3) x19 0x000f263c
core   0: 0x80007c52 (0x41dc02b3) sub     t0, s8, t4
core   0: 3 0x80007c52 (0x41dc02b3) x 5 0xffc27c1b
core   0: 0x80007c56 (0x01de78b3) and     a7, t3, t4
core   0: 3 0x80007c56 (0x01de78b3) x17 0x00000000
core   0: 0x80007c5a (0x02a7f7b3) remu    a5, a5, a0
core   0: 3 0x80007c5a (0x02a7f7b3) x15 0x00000000
core   0: 0x80007c5e (0x0000717d) c.addi16sp sp, -16
core   0: 3 0x80007c5e (0x717d) x 2 0x045ef5ad
core   0: 0x80007c60 (0x00009956) c.add   s2, s5
core   0: 3 0x80007c60 (0x9956) x18 0x0023f8bf
core   0: 0x80007c62 (0x0099df33) srl     t5, s3, s1
core   0: 3 0x80007c62 (0x0099df33) x30 0x000f263c
core   0: 0x80007c66 (0x0276b733) mulhu   a4, a3, t2
core   0: 3 0x80007c66 (0x0276b733) x14 0x6bc14aa5
core   0: 0x80007c6a (0x0203a633) mulhsu  a2, t2, zero
core   0: 3 0x80007c6a (0x0203a633) x12 0x00000000
core   0: 0x80007c6e (0x000016fd) c.addi  a3, -1
core   0: 3 0x80007c6e (0x16fd) x13 0xd780a820
core   0: 0x80007c70 (0x3c9f3b93) sltiu   s7, t5, 969
core   0: 3 0x80007c70 (0x3c9f3b93) x23 0x00000000
core   0: 0x80007c74 (0x000081ae) c.mv    gp, a1
core   0: 3 0x80007c74 (0x81ae) x 3 0x8000ee64
core   0: 0x80007c76 (0x000041e5) c.li    gp, 25
core   0: 3 0x80007c76 (0x41e5) x 3 0x00000019
core   0: 0x80007c78 (0x00008791) c.srai  a5, 4
core   0: 3 0x80007c78 (0x8791) x15 0x00000000
core   0: 0x80007c7a (0x02fbea33) rem     s4, s7, a5
core   0: 3 0x80007c7a (0x02fbea33) x20 0x00000000
core   0: 0x80007c7e (0x00008749) c.srai  a4, 18
core   0: 3 0x80007c7e (0x8749) x14 0x00001af0
core   0: 0x80007c80 (0x0000849d) c.srai  s1, 7
core   0: 3 0x80007c80 (0x849d) x 9 0x00000000
core   0: 0x80007c82 (0xdb158c93) addi    s9, a1, -591
core   0: 3 0x80007c82 (0xdb158c93) x25 0x8000ec15
core   0: 0x80007c86 (0x41f6d233) sra     tp, a3, t6
core   0: 3 0x80007c86 (0x41f6d233) x 4 0xfffffffd
core   0: 0x80007c8a (0x000f3bb3) sltu    s7, t5, zero
core   0: 3 0x80007c8a (0x000f3bb3) x23 0x00000000
core   0: 0x80007c8e (0x000047f9) c.li    a5, 30
core   0: 3 0x80007c8e (0x47f9) x15 0x0000001e
core   0: 0x80007c90 (0x0000011a) c.slli  sp, 6
core   0: 3 0x80007c90 (0x011a) x 2 0x17bd6b40
core   0: 0x80007c92 (0x027b2933) mulhsu  s2, s6, t2
core   0: 3 0x80007c92 (0x027b2933) x18 0x045effbe
core   0: 0x80007c96 (0x35a56493) ori     s1, a0, 858
core   0: 3 0x80007c96 (0x35a56493) x 9 0x80012ffe
core   0: 0x80007c9a (0x000010fd) c.addi  ra, -1
core   0: 3 0x80007c9a (0x10fd) x 1 0x6bc1515a
core   0: 0x80007c9c (0x035478b3) remu    a7, s0, s5
core   0: 3 0x80007c9c (0x035478b3) x17 0xa8427a3a
core   0: 0x80007ca0 (0x000084f9) c.srai  s1, 30
core   0: 3 0x80007ca0 (0x84f9) x 9 0xfffffffe
core   0: 0x80007ca2 (0x40d38eb3) sub     t4, t2, a3
core   0: 3 0x80007ca2 (0x40d38eb3) x29 0xa8807ccb
core   0: 0x80007ca6 (0x00ddf233) and     tp, s11, a3
core   0: 3 0x80007ca6 (0x00ddf233) x 4 0x00000000
core   0: 0x80007caa (0x01a5b0b3) sltu    ra, a1, s10
core   0: 3 0x80007caa (0x01a5b0b3) x 1 0x00000000
core   0: 0x80007cae (0x00000001) c.nop
core   0: 3 0x80007cae (0x0001)
core   0: 0x80007cb0 (0x0132fcb3) and     s9, t0, s3
core   0: 3 0x80007cb0 (0x0132fcb3) x25 0x00022418
core   0: 0x80007cb4 (0x40af54b3) sra     s1, t5, a0
core   0: 3 0x80007cb4 (0x40af54b3) x 9 0x0000f263
core   0: 0x80007cb8 (0x00000e15) c.addi  t3, 5
core   0: 3 0x80007cb8 (0x0e15) x28 0x00000005
core   0: 0x80007cba (0x00d1a433) slt     s0, gp, a3
core   0: 3 0x80007cba (0x00d1a433) x 8 0x00000000
core   0: 0x80007cbe (0x000087c1) c.srai  a5, 16
core   0: 3 0x80007cbe (0x87c1) x15 0x00000000
core   0: 0x80007cc0 (0x038aea33) rem     s4, s5, s8
core   0: 3 0x80007cc0 (0x038aea33) x20 0x00000000
core   0: 0x80007cc4 (0x2941fb93) andi    s7, gp, 660
core   0: 3 0x80007cc4 (0x2941fb93) x23 0x00000010
core   0: 0x80007cc8 (0x0000517d) c.li    sp, -1
core   0: 3 0x80007cc8 (0x517d) x 2 0xffffffff
core   0: 0x80007cca (0x00001194) c.addi4spn a3, sp, 224
core   0: 3 0x80007cca (0x1194) x13 0x000000df
core   0: 0x80007ccc (0x00000419) c.addi  s0, 6
core   0: 3 0x80007ccc (0x0419) x 8 0x00000006
core   0: 0x80007cce (0x000088b1) c.andi  s1, 12
core   0: 3 0x80007cce (0x88b1) x 9 0x00000000
core   0: 0x80007cd0 (0x00dbbdb3) sltu    s11, s7, a3
core   0: 3 0x80007cd0 (0x00dbbdb3) x27 0x00000001
core   0: 0x80007cd4 (0x02f6fe33) remu    t3, a3, a5
core   0: 3 0x80007cd4 (0x02f6fe33) x28 0x000000df
core   0: 0x80007cd8 (0x00d9af33) slt     t5, s3, a3
core   0: 3 0x80007cd8 (0x00d9af33) x30 0x00000000
core   0: 0x80007cdc (0xae770693) addi    a3, a4, -1305
core   0: 3 0x80007cdc (0xae770693) x13 0x000015d7
core   0: 0x80007ce0 (0x00badf33) srl     t5, s5, a1
core   0: 3 0x80007ce0 (0x00badf33) x30 0x00000000
core   0: 0x80007ce4 (0x00000fcd) c.addi  t6, 19
core   0: 3 0x80007ce4 (0x0fcd) x31 0x0000006f
core   0: 0x80007ce6 (0x02ab6e33) rem     t3, s6, a0
core   0: 3 0x80007ce6 (0x02ab6e33) x28 0x08bdeb7b
core   0: 0x80007cea (0x4051d933) sra     s2, gp, t0
core   0: 3 0x80007cea (0x4051d933) x18 0x00000000
core   0: 0x80007cee (0xefab8a93) addi    s5, s7, -262
core   0: 3 0x80007cee (0xefab8a93) x21 0xffffff0a
core   0: 0x80007cf2 (0x7bb42893) slti    a7, s0, 1979
core   0: 3 0x80007cf2 (0x7bb42893) x17 0x00000001
core   0: 0x80007cf6 (0x031c6433) rem     s0, s8, a7
core   0: 3 0x80007cf6 (0x031c6433) x 8 0x00000000
core   0: 0x80007cfa (0x0348c2b3) div     t0, a7, s4
core   0: 3 0x80007cfa (0x0348c2b3) x 5 0xffffffff
core   0: 0x80007cfe (0x000082fd) c.srli  a3, 31
core   0: 3 0x80007cfe (0x82fd) x13 0x00000000
core   0: 0x80007d00 (0x6d1e6e93) ori     t4, t3, 1745
core   0: 3 0x80007d00 (0x6d1e6e93) x29 0x08bdeffb
core   0: 0x80007d04 (0x01a92f33) slt     t5, s2, s10
core   0: 3 0x80007d04 (0x01a92f33) x30 0x00000000
core   0: 0x80007d08 (0xf0c56693) ori     a3, a0, -244
core   0: 3 0x80007d08 (0xf0c56693) x13 0xffffffec
core   0: 0x80007d0c (0x0f786113) ori     sp, a6, 247
core   0: 3 0x80007d0c (0x0f786113) x 2 0x80012bf7
core   0: 0x80007d10 (0x01857233) and     tp, a0, s8
core   0: 3 0x80007d10 (0x01857233) x 4 0x80002c24
core   0: 0x80007d14 (0x0000846d) c.srai  s0, 27
core   0: 3 0x80007d14 (0x846d) x 8 0x00000000
core   0: 0x80007d16 (0x03062233) mulhsu  tp, a2, a6
core   0: 3 0x80007d16 (0x03062233) x 4 0x00000000
core   0: 0x80007d1a (0x0124ad33) slt     s10, s1, s2
core   0: 3 0x80007d1a (0x0124ad33) x26 0x00000000
core   0: 0x80007d1e (0x00008f1d) c.sub   a4, a5
core   0: 3 0x80007d1e (0x8f1d) x14 0x00001af0
core   0: 0x80007d20 (0x00000001) c.nop
core   0: 3 0x80007d20 (0x0001)
core   0: 0x80007d22 (0x00d33933) sltu    s2, t1, a3
core   0: 3 0x80007d22 (0x00d33933) x18 0x00000001
core   0: 0x80007d26 (0x4186d733) sra     a4, a3, s8
core   0: 3 0x80007d26 (0x4186d733) x14 0xffffffff
core   0: 0x80007d2a (0x012ad833) srl     a6, s5, s2
core   0: 3 0x80007d2a (0x012ad833) x16 0x7fffff85
core   0: 0x80007d2e (0x00000209) c.addi  tp, 2
core   0: 3 0x80007d2e (0x0209) x 4 0x00000002
core   0: 0x80007d30 (0x028a24b3) mulhsu  s1, s4, s0
core   0: 3 0x80007d30 (0x028a24b3) x 9 0x00000000
core   0: 0x80007d34 (0x00000a42) c.slli  s4, 16
core   0: 3 0x80007d34 (0x0a42) x20 0x00000000
core   0: 0x80007d36 (0x00c58033) add     zero, a1, a2
core   0: 3 0x80007d36 (0x00c58033)
core   0: 0x80007d3a (0x003856b3) srl     a3, a6, gp
core   0: 3 0x80007d3a (0x003856b3) x13 0x0000003f
core   0: 0x80007d3e (0x00008391) c.srli  a5, 4
core   0: 3 0x80007d3e (0x8391) x15 0x00000000
core   0: 0x80007d40 (0xce10c417) auipc   s0, 0xce10c
core   0: 3 0x80007d40 (0xce10c417) x 8 0x4e113d40
core   0: 0x80007d44 (0x039539b3) mulhu   s3, a0, s9
core   0: 3 0x80007d44 (0x039539b3) x19 0x0001120e
core   0: 0x80007d48 (0x0000717d) c.addi16sp sp, -16
core   0: 3 0x80007d48 (0x717d) x 2 0x80012be7
core   0: 0x80007d4a (0x00008461) c.srai  s0, 24
core   0: 3 0x80007d4a (0x8461) x 8 0x0000004e
core   0: 0x80007d4c (0x0000197d) c.addi  s2, -1
core   0: 3 0x80007d4c (0x197d) x18 0x00000000
core   0: 0x80007d4e (0x40bb8e33) sub     t3, s7, a1
core   0: 3 0x80007d4e (0x40bb8e33) x28 0x7fff11ac
core   0: 0x80007d52 (0x40eb5f13) srai    t5, s6, 14
core   0: 3 0x80007d52 (0x40eb5f13) x30 0x000022f7
core   0: 0x80007d56 (0x000098fd) c.andi  s1, -1
core   0: 3 0x80007d56 (0x98fd) x 9 0x00000000
core   0: 0x80007d58 (0x00008f46) c.mv    t5, a7
core   0: 3 0x80007d58 (0x8f46) x30 0x00000001
core   0: 0x80007d5a (0x0000412d) c.li    sp, 11
core   0: 3 0x80007d5a (0x412d) x 2 0x0000000b
core   0: 0x80007d5c (0x00008edd) c.or    a3, a5
core   0: 3 0x80007d5c (0x8edd) x13 0x0000003f
core   0: 0x80007d5e (0x02bc27b3) mulhsu  a5, s8, a1
core   0: 3 0x80007d5e (0x02bc27b3) x15 0xffe13ee6
core   0: 0x80007d62 (0x01f55213) srli    tp, a0, 31
core   0: 3 0x80007d62 (0x01f55213) x 4 0x00000001
core   0: 0x80007d66 (0x780aba13) sltiu   s4, s5, 1920
core   0: 3 0x80007d66 (0x780aba13) x20 0x00000000
core   0: 0x80007d6a (0x017a9013) slli    zero, s5, 23
core   0: 3 0x80007d6a (0x017a9013)
core   0: 0x80007d6e (0x00001d7d) c.addi  s10, -1
core   0: 3 0x80007d6e (0x1d7d) x26 0xffffffff
core   0: 0x80007d70 (0x00008801) c.andi  s0, 0
core   0: 3 0x80007d70 (0x8801) x 8 0x00000000
core   0: 0x80007d72 (0xedfbae13) slti    t3, s7, -289
core   0: 3 0x80007d72 (0xedfbae13) x28 0x00000000
core   0: 0x80007d76 (0x00594233) xor     tp, s2, t0
core   0: 3 0x80007d76 (0x00594233) x 4 0xffffffff
core   0: 0x80007d7a (0x010884b3) add     s1, a7, a6
core   0: 3 0x80007d7a (0x010884b3) x 9 0x7fffff86
core   0: 0x80007d7e (0x00008b66) c.mv    s6, s9
core   0: 3 0x80007d7e (0x8b66) x22 0x00022418
core   0: 0x80007d80 (0x8abf4c93) xori    s9, t5, -1877
core   0: 3 0x80007d80 (0x8abf4c93) x25 0xfffff8aa
core   0: 0x80007d84 (0x00006dc5) c.lui   s11, 0x11
core   0: 3 0x80007d84 (0x6dc5) x27 0x00011000
core   0: 0x80007d86 (0x03b46733) rem     a4, s0, s11
core   0: 3 0x80007d86 (0x03b46733) x14 0x00000000
core   0: 0x80007d8a (0x016bcab3) xor     s5, s7, s6
core   0: 3 0x80007d8a (0x016bcab3) x21 0x00022408
core   0: 0x80007d8e (0x00eb8cb3) add     s9, s7, a4
core   0: 3 0x80007d8e (0x00eb8cb3) x25 0x00000010
core   0: 0x80007d92 (0x3de7b997) auipc   s3, 0x3de7b
core   0: 3 0x80007d92 (0x3de7b997) x19 0xbde82d92
core   0: 0x80007d96 (0x03aecd33) div     s10, t4, s10
core   0: 3 0x80007d96 (0x03aecd33) x26 0xf7421005
core   0: 0x80007d9a (0xe77f8117) auipc   sp, 0xe77f8
core   0: 3 0x80007d9a (0xe77f8117) x 2 0x677ffd9a
core   0: 0x80007d9e (0x0000717d) c.addi16sp sp, -16
core   0: 3 0x80007d9e (0x717d) x 2 0x677ffd8a
core   0: 0x80007da0 (0x4015d393) srai    t2, a1, 1
core   0: 3 0x80007da0 (0x4015d393) x 7 0xc0007732
core   0: 0x80007da4 (0x00838733) add     a4, t2, s0
core   0: 3 0x80007da4 (0x00838733) x14 0xc0007732
core   0: 0x80007da8 (0x00889813) slli    a6, a7, 8
core   0: 3 0x80007da8 (0x00889813) x16 0x00000100
core   0: 0x80007dac (0x00008826) c.mv    a6, s1
core   0: 3 0x80007dac (0x8826) x16 0x7fffff86
core   0: 0x80007dae (0x5d1e3493) sltiu   s1, t3, 1489
core   0: 3 0x80007dae (0x5d1e3493) x 9 0x00000001
core   0: 0x80007db2 (0xf5ada893) slti    a7, s11, -166
core   0: 3 0x80007db2 (0xf5ada893) x17 0x00000000
core   0: 0x80007db6 (0x0000868d) c.srai  a3, 3
core   0: 3 0x80007db6 (0x868d) x13 0x00000007
core   0: 0x80007db8 (0x409b5013) srai    zero, s6, 9
core   0: 3 0x80007db8 (0x409b5013)
core   0: 0x80007dbc (0x0116cab3) xor     s5, a3, a7
core   0: 3 0x80007dbc (0x0116cab3) x21 0x00000007
core   0: 0x80007dc0 (0x02015bb3) divu    s7, sp, zero
core   0: 3 0x80007dc0 (0x02015bb3) x23 0xffffffff
core   0: 0x80007dc4 (0x41eed293) srai    t0, t4, 30
core   0: 3 0x80007dc4 (0x41eed293) x 5 0x00000000
core   0: 0x80007dc8 (0x022ec4b3) div     s1, t4, sp
core   0: 3 0x80007dc8 (0x022ec4b3) x 9 0x00000000
core   0: 0x80007dcc (0x0151dab3) srl     s5, gp, s5
core   0: 3 0x80007dcc (0x0151dab3) x21 0x00000000
core   0: 0x80007dd0 (0x00000001) c.nop
core   0: 3 0x80007dd0 (0x0001)
core   0: 0x80007dd2 (0x0000044a) c.slli  s0, 18
core   0: 3 0x80007dd2 (0x044a) x 8 0x00000000
core   0: 0x80007dd4 (0x0041b933) sltu    s2, gp, tp
core   0: 3 0x80007dd4 (0x0041b933) x18 0x00000001
core   0: 0x80007dd8 (0x40635293) srai    t0, t1, 6
core   0: 3 0x80007dd8 (0x40635293) x 5 0x00000000
core   0: 0x80007ddc (0x416b00b3) sub     ra, s6, s6
core   0: 3 0x80007ddc (0x416b00b3) x 1 0x00000000
core   0: 0x80007de0 (0x029e86b3) mul     a3, t4, s1
core   0: 3 0x80007de0 (0x029e86b3) x13 0x00000000
core   0: 0x80007de4 (0x00008e15) c.sub   a2, a3
core   0: 3 0x80007de4 (0x8e15) x12 0x00000000
core   0: 0x80007de6 (0x40d606b3) sub     a3, a2, a3
core   0: 3 0x80007de6 (0x40d606b3) x13 0x00000000
core   0: 0x80007dea (0x02848eb3) mul     t4, s1, s0
core   0: 3 0x80007dea (0x02848eb3) x29 0x00000000
core   0: 0x80007dee (0x00009bfd) c.andi  a5, -1
core   0: 3 0x80007dee (0x9bfd) x15 0xffe13ee6
core   0: 0x80007df0 (0x0000987a) c.add   a6, t5
core   0: 3 0x80007df0 (0x987a) x16 0x7fffff87
core   0: 0x80007df2 (0x00000ca1) c.addi  s9, 8
core   0: 3 0x80007df2 (0x0ca1) x25 0x00000018
core   0: 0x80007df4 (0x60a24993) xori    s3, tp, 1546
core   0: 3 0x80007df4 (0x60a24993) x19 0xfffff9f5
core   0: 0x80007df8 (0x0279fe33) remu    t3, s3, t2
core   0: 3 0x80007df8 (0x0279fe33) x28 0x3fff82c3
core   0: 0x80007dfc (0x030b21b3) mulhsu  gp, s6, a6
core   0: 3 0x80007dfc (0x030b21b3) x 3 0x0001120b
core   0: 0x80007e00 (0x0000070e) c.slli  a4, 3
core   0: 3 0x80007e00 (0x070e) x14 0x0003b990
core   0: 0x80007e02 (0x415f5ab3) sra     s5, t5, s5
core   0: 3 0x80007e02 (0x415f5ab3) x21 0x00000001
core   0: 0x80007e06 (0x0000868d) c.srai  a3, 3
core   0: 3 0x80007e06 (0x868d) x13 0x00000000
core   0: 0x80007e08 (0x00000cd2) c.slli  s9, 20
core   0: 3 0x80007e08 (0x0cd2) x25 0x01800000
core   0: 0x80007e0a (0x5b0d6613) ori     a2, s10, 1456
core   0: 3 0x80007e0a (0x5b0d6613) x12 0xf74215b5
core   0: 0x80007e0e (0x00006309) c.lui   t1, 0x2
core   0: 3 0x80007e0e (0x6309) x 6 0x00002000
core   0: 0x80007e10 (0x00000d7a) c.slli  s10, 30
core   0: 3 0x80007e10 (0x0d7a) x26 0x40000000
core   0: 0x80007e12 (0x00008f8d) c.sub   a5, a1
core   0: 3 0x80007e12 (0x8f8d) x15 0x7fe05082
core   0: 0x80007e14 (0x018d8cb3) add     s9, s11, s8
core   0: 3 0x80007e14 (0x018d8cb3) x25 0xffc38e3f
core   0: 0x80007e18 (0x02569db3) mulh    s11, a3, t0
core   0: 3 0x80007e18 (0x02569db3) x27 0x00000000
core   0: 0x80007e1c (0x4180d093) srai    ra, ra, 24
core   0: 3 0x80007e1c (0x4180d093) x 1 0x00000000
core   0: 0x80007e20 (0xa30d2013) slti    zero, s10, -1488
core   0: 3 0x80007e20 (0xa30d2013)
core   0: 0x80007e24 (0x02509333) mulh    t1, ra, t0
core   0: 3 0x80007e24 (0x02509333) x 6 0x00000000
core   0: 0x80007e28 (0x01789493) slli    s1, a7, 23
core   0: 3 0x80007e28 (0x01789493) x 9 0x00000000
core   0: 0x80007e2c (0x00a80033) add     zero, a6, a0
core   0: 3 0x80007e2c (0x00a80033)
core   0: 0x80007e30 (0x00008859) c.andi  s0, 22
core   0: 3 0x80007e30 (0x8859) x 8 0x00000000
core   0: 0x80007e32 (0x000041f1) c.li    gp, 28
core   0: 3 0x80007e32 (0x41f1) x 3 0x0000001c
core   0: 0x80007e34 (0x00009a7d) c.andi  a2, -1
core   0: 3 0x80007e34 (0x9a7d) x12 0xf74215b5
core   0: 0x80007e36 (0xbba0ad13) slti    s10, ra, -1094
core   0: 3 0x80007e36 (0xbba0ad13) x26 0x00000000
core   0: 0x80007e3a (0x00000001) c.nop
core   0: 3 0x80007e3a (0x0001)
core   0: 0x80007e3c (0x00008c21) c.xor   s0, s0
core   0: 3 0x80007e3c (0x8c21) x 8 0x00000000
core   0: 0x80007e3e (0x00008fdd) c.or    a5, a5
core   0: 3 0x80007e3e (0x8fdd) x15 0x7fe05082
core   0: 0x80007e40 (0x0000611d) c.addi16sp sp, 416
core   0: 3 0x80007e40 (0x611d) x 2 0x677fff2a
core   0: 0x80007e42 (0x1788c837) lui     a6, 0x1788c
core   0: 3 0x80007e42 (0x1788c837) x16 0x1788c000
core   0: 0x80007e46 (0x01ddaa33) slt     s4, s11, t4
core   0: 3 0x80007e46 (0x01ddaa33) x20 0x00000000
core   0: 0x80007e4a (0x00da9493) slli    s1, s5, 13
core   0: 3 0x80007e4a (0x00da9493) x 9 0x00002000
core   0: 0x80007e4e (0xc601fd13) andi    s10, gp, -928
core   0: 3 0x80007e4e (0xc601fd13) x26 0x00000000
core   0: 0x80007e52 (0x00000175) c.addi  sp, 29
core   0: 3 0x80007e52 (0x0175) x 2 0x677fff47
core   0: 0x80007e54 (0x00000e25) c.addi  t3, 9
core   0: 3 0x80007e54 (0x0e25) x28 0x3fff82cc
core   0: 0x80007e56 (0x00006175) c.addi16sp sp, 368
core   0: 3 0x80007e56 (0x6175) x 2 0x678000b7
core   0: 0x80007e58 (0x6c3af893) andi    a7, s5, 1731
core   0: 3 0x80007e58 (0x6c3af893) x17 0x00000001
core   0: 0x80007e5c (0x0122ccb3) xor     s9, t0, s2
core   0: 3 0x80007e5c (0x0122ccb3) x25 0x00000001
core   0: 0x80007e60 (0x01b099b3) sll     s3, ra, s11
core   0: 3 0x80007e60 (0x01b099b3) x19 0x00000000
core   0: 0x80007e64 (0xeaf62393) slti    t2, a2, -337
core   0: 3 0x80007e64 (0xeaf62393) x 7 0x00000001
core   0: 0x80007e68 (0x00000001) c.nop
core   0: 3 0x80007e68 (0x0001)
core   0: 0x80007e6a (0x0094c0b3) xor     ra, s1, s1
core   0: 3 0x80007e6a (0x0094c0b3) x 1 0x00000000
core   0: 0x80007e6e (0x01b5e233) or      tp, a1, s11
core   0: 3 0x80007e6e (0x01b5e233) x 4 0x8000ee64
core   0: 0x80007e72 (0x01795493) srli    s1, s2, 23
core   0: 3 0x80007e72 (0x01795493) x 9 0x00000000
core   0: 0x80007e76 (0x00e15813) srli    a6, sp, 14
core   0: 3 0x80007e76 (0x00e15813) x16 0x00019e00
core   0: 0x80007e7a (0x00008cd9) c.or    s1, a4
core   0: 3 0x80007e7a (0x8cd9) x 9 0x0003b990
core   0: 0x80007e7c (0x0326aab3) mulhsu  s5, a3, s2
core   0: 3 0x80007e7c (0x0326aab3) x21 0x00000000
core   0: 0x80007e80 (0x01529bb3) sll     s7, t0, s5
core   0: 3 0x80007e80 (0x01529bb3) x23 0x00000000
core   0: 0x80007e84 (0x4143d813) srai    a6, t2, 20
core   0: 3 0x80007e84 (0x4143d813) x16 0x00000000
core   0: 0x80007e88 (0x0274a833) mulhsu  a6, s1, t2
core   0: 3 0x80007e88 (0x0274a833) x16 0x00000000
core   0: 0x80007e8c (0x02b3b0b3) mulhu   ra, t2, a1
core   0: 3 0x80007e8c (0x02b3b0b3) x 1 0x00000000
core   0: 0x80007e90 (0x00008f89) c.sub   a5, a0
core   0: 3 0x80007e90 (0x8f89) x15 0xffdf239e
core   0: 0x80007e92 (0x403a5a93) srai    s5, s4, 3
core   0: 3 0x80007e92 (0x403a5a93) x21 0x00000000
core   0: 0x80007e96 (0x00000001) c.nop
core   0: 3 0x80007e96 (0x0001)
core   0: 0x80007e98 (0x7effe313) ori     t1, t6, 2031
core   0: 3 0x80007e98 (0x7effe313) x 6 0x000007ef
core   0: 0x80007e9c (0x00008b89) c.andi  a5, 2
core   0: 3 0x80007e9c (0x8b89) x15 0x00000002
core   0: 0x80007e9e (0x01317e33) and     t3, sp, s3
core   0: 3 0x80007e9e (0x01317e33) x28 0x00000000
core   0: 0x80007ea2 (0x00000001) c.nop
core   0: 3 0x80007ea2 (0x0001)
core   0: 0x80007ea4 (0x00000929) c.addi  s2, 10
core   0: 3 0x80007ea4 (0x0929) x18 0x0000000b
core   0: 0x80007ea6 (0x14516d93) ori     s11, sp, 325
core   0: 3 0x80007ea6 (0x14516d93) x27 0x678001f7
core   0: 0x80007eaa (0x02b28d33) mul     s10, t0, a1
core   0: 3 0x80007eaa (0x02b28d33) x26 0x00000000
core   0: 0x80007eae (0x41c65c93) srai    s9, a2, 28
core   0: 3 0x80007eae (0x41c65c93) x25 0xffffffff
core   0: 0x80007eb2 (0x00000001) c.nop
core   0: 3 0x80007eb2 (0x0001)
core   0: 0x80007eb4 (0x00006215) c.lui   tp, 0x5
core   0: 3 0x80007eb4 (0x6215) x 4 0x00005000
core   0: 0x80007eb6 (0x00000001) c.nop
core   0: 3 0x80007eb6 (0x0001)
core   0: 0x80007eb8 (0x01d7cf33) xor     t5, a5, t4
core   0: 3 0x80007eb8 (0x01d7cf33) x30 0x00000002
core   0: 0x80007ebc (0x004c7633) and     a2, s8, tp
core   0: 3 0x80007ebc (0x004c7633) x12 0x00005000
core   0: 0x80007ec0 (0x7d083d93) sltiu   s11, a6, 2000
core   0: 3 0x80007ec0 (0x7d083d93) x27 0x00000001
core   0: 0x80007ec4 (0x4067d093) srai    ra, a5, 6
core   0: 3 0x80007ec4 (0x4067d093) x 1 0x00000000
core   0: 0x80007ec8 (0x0354ed33) rem     s10, s1, s5
core   0: 3 0x80007ec8 (0x0354ed33) x26 0x0003b990
core   0: 0x80007ecc (0x0050c4b3) xor     s1, ra, t0
core   0: 3 0x80007ecc (0x0050c4b3) x 9 0x00000000
core   0: 0x80007ed0 (0x00008f09) c.sub   a4, a0
core   0: 3 0x80007ed0 (0x8f09) x14 0x80028cac
core   0: 0x80007ed2 (0x1d0e7f13) andi    t5, t3, 464
core   0: 3 0x80007ed2 (0x1d0e7f13) x30 0x00000000
core   0: 0x80007ed6 (0x010f3833) sltu    a6, t5, a6
core   0: 3 0x80007ed6 (0x010f3833) x16 0x00000000
core   0: 0x80007eda (0x016a81b3) add     gp, s5, s6
core   0: 3 0x80007eda (0x016a81b3) x 3 0x00022418
core   0: 0x80007ede (0x01d09313) slli    t1, ra, 29
core   0: 3 0x80007ede (0x01d09313) x 6 0x00000000
core   0: 0x80007ee2 (0x03941433) mulh    s0, s0, s9
core   0: 3 0x80007ee2 (0x03941433) x 8 0x00000000
core   0: 0x80007ee6 (0x0000012a) c.slli  sp, 10
core   0: 3 0x80007ee6 (0x012a) x 2 0x0002dc00
core   0: 0x80007ee8 (0x000091c2) c.add   gp, a6
core   0: 3 0x80007ee8 (0x91c2) x 3 0x00022418
core   0: 0x80007eea (0x00000818) c.addi4spn a4, sp, 16
core   0: 3 0x80007eea (0x0818) x14 0x0002dc10
core   0: 0x80007eec (0xe28b6e93) ori     t4, s6, -472
core   0: 3 0x80007eec (0xe28b6e93) x29 0xfffffe38
core   0: 0x80007ef0 (0x02f582b3) mul     t0, a1, a5
core   0: 3 0x80007ef0 (0x02f582b3) x 5 0x0001dcc8
core   0: 0x80007ef4 (0x00000001) c.nop
core   0: 3 0x80007ef4 (0x0001)
core   0: 0x80007ef6 (0x0206df33) divu    t5, a3, zero
core   0: 3 0x80007ef6 (0x0206df33) x30 0xffffffff
core   0: 0x80007efa (0x0185d933) srl     s2, a1, s8
core   0: 3 0x80007efa (0x0185d933) x18 0x00000001
core   0: 0x80007efe (0x000064f5) c.lui   s1, 0x1d
core   0: 3 0x80007efe (0x64f5) x 9 0x0001d000
core   0: 0x80007f00 (0xbbbf8993) addi    s3, t6, -1093
core   0: 3 0x80007f00 (0xbbbf8993) x19 0xfffffc2a
core   0: 0x80007f04 (0x03e2ed33) rem     s10, t0, t5
core   0: 3 0x80007f04 (0x03e2ed33) x26 0x00000000
core   0: 0x80007f08 (0x00000001) c.nop
core   0: 3 0x80007f08 (0x0001)
core   0: 0x80007f0a (0x03bb92b3) mulh    t0, s7, s11
core   0: 3 0x80007f0a (0x03bb92b3) x 5 0x00000000
core   0: 0x80007f0e (0x000040f9) c.li    ra, 30
core   0: 3 0x80007f0e (0x40f9) x 1 0x0000001e
core   0: 0x80007f10 (0x00008ba5) c.andi  a5, 9
core   0: 3 0x80007f10 (0x8ba5) x15 0x00000000
core   0: 0x80007f12 (0x00008c75) c.and   s0, a3
core   0: 3 0x80007f12 (0x8c75) x 8 0x00000000
core   0: 0x80007f14 (0x38247a13) andi    s4, s0, 898
core   0: 3 0x80007f14 (0x38247a13) x20 0x00000000
core   0: 0x80007f18 (0x00008f4d) c.or    a4, a1
core   0: 3 0x80007f18 (0x8f4d) x14 0x8002fe74
core   0: 0x80007f1a (0x000086f5) c.srai  a3, 29
core   0: 3 0x80007f1a (0x86f5) x13 0x00000000
core   0: 0x80007f1c (0x07778313) addi    t1, a5, 119
core   0: 3 0x80007f1c (0x07778313) x 6 0x00000077
core   0: 0x80007f20 (0x7d051297) auipc   t0, 0x7d051
core   0: 3 0x80007f20 (0x7d051297) x 5 0xfd058f20
core   0: 0x80007f24 (0x00000cdd) c.addi  s9, 23
core   0: 3 0x80007f24 (0x0cdd) x25 0x00000016
core   0: 0x80007f26 (0x0110cbb3) xor     s7, ra, a7
core   0: 3 0x80007f26 (0x0110cbb3) x23 0x0000001f
core   0: 0x80007f2a (0x00008c39) c.xor   s0, a4
core   0: 3 0x80007f2a (0x8c39) x 8 0x8002fe74
core   0: 0x80007f2c (0x0000828d) c.srli  a3, 3
core   0: 3 0x80007f2c (0x828d) x13 0x00000000
core   0: 0x80007f2e (0x0000088e) c.slli  a7, 3
core   0: 3 0x80007f2e (0x088e) x17 0x00000008
core   0: 0x80007f30 (0x416a8a33) sub     s4, s5, s6
core   0: 3 0x80007f30 (0x416a8a33) x20 0xfffddbe8
core   0: 0x80007f34 (0x00001d80) c.addi4spn s0, sp, 752
core   0: 3 0x80007f34 (0x1d80) x 8 0x0002def0
core   0: 0x80007f36 (0x02ae2b33) mulhsu  s6, t3, a0
core   0: 3 0x80007f36 (0x02ae2b33) x22 0x00000000
core   0: 0x80007f3a (0x00006899) c.lui   a7, 0x6
core   0: 3 0x80007f3a (0x6899) x17 0x00006000
core   0: 0x80007f3c (0x0000717d) c.addi16sp sp, -16
core   0: 3 0x80007f3c (0x717d) x 2 0x0002dbf0
core   0: 0x80007f3e (0x02fae133) rem     sp, s5, a5
core   0: 3 0x80007f3e (0x02fae133) x 2 0x00000000
core   0: 0x80007f42 (0x03b3d233) divu    tp, t2, s11
core   0: 3 0x80007f42 (0x03b3d233) x 4 0x00000001
core   0: 0x80007f46 (0x4052d133) sra     sp, t0, t0
core   0: 3 0x80007f46 (0x4052d133) x 2 0xfd058f20
core   0: 0x80007f4a (0x00008e59) c.or    a2, a4
core   0: 3 0x80007f4a (0x8e59) x12 0x8002fe74
core   0: 0x80007f4c (0x0240aa33) mulhsu  s4, ra, tp
core   0: 3 0x80007f4c (0x0240aa33) x20 0x00000000
core   0: 0x80007f50 (0x4093d133) sra     sp, t2, s1
core   0: 3 0x80007f50 (0x4093d133) x 2 0x00000001
core   0: 0x80007f54 (0x03c9cfb3) div     t6, s3, t3
core   0: 3 0x80007f54 (0x03c9cfb3) x31 0xffffffff
core   0: 0x80007f58 (0xa28ce313) ori     t1, s9, -1496
core   0: 3 0x80007f58 (0xa28ce313) x 6 0xfffffa3e
core   0: 0x80007f5c (0x000082e5) c.srli  a3, 25
core   0: 3 0x80007f5c (0x82e5) x13 0x00000000
core   0: 0x80007f5e (0x00009b7d) c.andi  a4, -1
core   0: 3 0x80007f5e (0x9b7d) x14 0x8002fe74
core   0: 0x80007f60 (0x00008f41) c.or    a4, s0
core   0: 3 0x80007f60 (0x8f41) x14 0x8002fef4
core   0: 0x80007f62 (0xb4ae8a13) addi    s4, t4, -1206
core   0: 3 0x80007f62 (0xb4ae8a13) x20 0xfffff982
core   0: 0x80007f66 (0x00004431) c.li    s0, 12
core   0: 3 0x80007f66 (0x4431) x 8 0x0000000c
core   0: 0x80007f68 (0x0000987a) c.add   a6, t5
core   0: 3 0x80007f68 (0x987a) x16 0xffffffff
core   0: 0x80007f6a (0x1bb1c413) xori    s0, gp, 443
core   0: 3 0x80007f6a (0x1bb1c413) x 8 0x000225a3
core   0: 0x80007f6e (0x6efd6893) ori     a7, s10, 1775
core   0: 3 0x80007f6e (0x6efd6893) x17 0x000006ef
core   0: 0x80007f72 (0x01fb1ab3) sll     s5, s6, t6
core   0: 3 0x80007f72 (0x01fb1ab3) x21 0x00000000
core   0: 0x80007f76 (0x01645133) srl     sp, s0, s6
core   0: 3 0x80007f76 (0x01645133) x 2 0x000225a3
core   0: 0x80007f7a (0x000084c6) c.mv    s1, a7
core   0: 3 0x80007f7a (0x84c6) x 9 0x000006ef
core   0: 0x80007f7c (0x0000617d) c.addi16sp sp, 496
core   0: 3 0x80007f7c (0x617d) x 2 0x00022793
core   0: 0x80007f7e (0xb16c3d93) sltiu   s11, s8, -1258
core   0: 3 0x80007f7e (0xb16c3d93) x27 0x00000001
core   0: 0x80007f82 (0x3e981097) auipc   ra, 0x3e981
core   0: 3 0x80007f82 (0x3e981097) x 1 0xbe988f82
core   0: 0x80007f86 (0x0000909a) c.add   ra, t1
core   0: 3 0x80007f86 (0x909a) x 1 0xbe9889c0
core   0: 0x80007f88 (0x00fb1893) slli    a7, s6, 15
core   0: 3 0x80007f88 (0x00fb1893) x17 0x00000000
core   0: 0x80007f8c (0x00009d62) c.add   s10, s8
core   0: 3 0x80007f8c (0x9d62) x26 0xffc27e3f
core   0: 0x80007f8e (0x000087e5) c.srai  a5, 25
core   0: 3 0x80007f8e (0x87e5) x15 0x00000000
core   0: 0x80007f90 (0x03bc08b3) mul     a7, s8, s11
core   0: 3 0x80007f90 (0x03bc08b3) x17 0xffc27e3f
core   0: 0x80007f94 (0x00000001) c.nop
core   0: 3 0x80007f94 (0x0001)
core   0: 0x80007f96 (0x0222bcb3) mulhu   s9, t0, sp
core   0: 3 0x80007f96 (0x0222bcb3) x25 0x00022128
core   0: 0x80007f9a (0x03d82cb3) mulhsu  s9, a6, t4
core   0: 3 0x80007f9a (0x03d82cb3) x25 0xffffffff
core   0: 0x80007f9e (0x00001384) c.addi4spn s1, sp, 480
core   0: 3 0x80007f9e (0x1384) x 9 0x00022973
core   0: 0x80007fa0 (0x40ed00b3) sub     ra, s10, a4
core   0: 3 0x80007fa0 (0x40ed00b3) x 1 0x7fbf7f4b
core   0: 0x80007fa4 (0x40a5da33) sra     s4, a1, a0
core   0: 3 0x80007fa4 (0x40a5da33) x20 0xf8000ee6
core   0: 0x80007fa8 (0x0002c633) xor     a2, t0, zero
core   0: 3 0x80007fa8 (0x0002c633) x12 0xfd058f20
core   0: 0x80007fac (0x02c441b3) div     gp, s0, a2
core   0: 3 0x80007fac (0x02c441b3) x 3 0x00000000
core   0: 0x80007fb0 (0x90ef0bb7) lui     s7, 0x90ef0
core   0: 3 0x80007fb0 (0x90ef0bb7) x23 0x90ef0000
core   0: 0x80007fb4 (0x005d9f13) slli    t5, s11, 5
core   0: 3 0x80007fb4 (0x005d9f13) x30 0x00000020
core   0: 0x80007fb8 (0x02ae6433) rem     s0, t3, a0
core   0: 3 0x80007fb8 (0x02ae6433) x 8 0x00000000
core   0: 0x80007fbc (0x00008fcd) c.or    a5, a1
core   0: 3 0x80007fbc (0x8fcd) x15 0x8000ee64
core   0: 0x80007fbe (0x00009416) c.add   s0, t0
core   0: 3 0x80007fbe (0x9416) x 8 0xfd058f20
core   0: 0x80007fc0 (0x00008cc5) c.or    s1, s1
core   0: 3 0x80007fc0 (0x8cc5) x 9 0x00022973
core   0: 0x80007fc2 (0x02cc19b3) mulh    s3, s8, a2
core   0: 3 0x80007fc2 (0x02cc19b3) x19 0x0000b72f
core   0: 0x80007fc6 (0x0240d433) divu    s0, ra, tp
core   0: 3 0x80007fc6 (0x0240d433) x 8 0x7fbf7f4b
core   0: 0x80007fca (0x00008f61) c.and   a4, s0
core   0: 3 0x80007fca (0x8f61) x14 0x00027e40
core   0: 0x80007fcc (0x8d6d6c93) ori     s9, s10, -1834
core   0: 3 0x80007fcc (0x8d6d6c93) x25 0xfffffeff
core   0: 0x80007fd0 (0x0351b2b3) mulhu   t0, gp, s5
core   0: 3 0x80007fd0 (0x0351b2b3) x 5 0x00000000
core   0: 0x80007fd4 (0x3f89fb17) auipc   s6, 0x3f89f
core   0: 3 0x80007fd4 (0x3f89fb17) x22 0xbf8a6fd4
core   0: 0x80007fd8 (0x03cdeab3) rem     s5, s11, t3
core   0: 3 0x80007fd8 (0x03cdeab3) x21 0x00000001
core   0: 0x80007fdc (0x41b5d7b3) sra     a5, a1, s11
core   0: 3 0x80007fdc (0x41b5d7b3) x15 0xc0007732
core   0: 0x80007fe0 (0x00d0aeb3) slt     t4, ra, a3
core   0: 3 0x80007fe0 (0x00d0aeb3) x29 0x00000000
core   0: 0x80007fe4 (0x00008ac6) c.mv    s5, a7
core   0: 3 0x80007fe4 (0x8ac6) x21 0xffc27e3f
core   0: 0x80007fe6 (0x03a96cb3) rem     s9, s2, s10
core   0: 3 0x80007fe6 (0x03a96cb3) x25 0x00000001
core   0: 0x80007fea (0x0000717d) c.addi16sp sp, -16
core   0: 3 0x80007fea (0x717d) x 2 0x00022783
core   0: 0x80007fec (0x03f2e033) rem     zero, t0, t6
core   0: 3 0x80007fec (0x03f2e033)
core   0: 0x80007ff0 (0x00325913) srli    s2, tp, 3
core   0: 3 0x80007ff0 (0x00325913) x18 0x00000000
core   0: 0x80007ff4 (0xc8b54393) xori    t2, a0, -885
core   0: 3 0x80007ff4 (0xc8b54393) x 7 0x7ffed06f
core   0: 0x80007ff8 (0x00008cad) c.xor   s1, a1
core   0: 3 0x80007ff8 (0x8cad) x 9 0x8002c717
core   0: 0x80007ffa (0x0000597d) c.li    s2, -1
core   0: 3 0x80007ffa (0x597d) x18 0xffffffff
core   0: 0x80007ffc (0x02113cb3) mulhu   s9, sp, ra
core   0: 3 0x80007ffc (0x02113cb3) x25 0x00011336
core   0: 0x80008000 (0x02ad12b3) mulh    t0, s10, a0
core   0: 3 0x80008000 (0x02ad12b3) x 5 0x001ec098
core   0: 0x80008004 (0x01ee12b3) sll     t0, t3, t5
core   0: 3 0x80008004 (0x01ee12b3) x 5 0x00000000
core   0: 0x80008008 (0x03eda133) mulhsu  sp, s11, t5
core   0: 3 0x80008008 (0x03eda133) x 2 0x00000000
core   0: 0x8000800c (0x403bdbb3) sra     s7, s7, gp
core   0: 3 0x8000800c (0x403bdbb3) x23 0x90ef0000
core   0: 0x80008010 (0xd83d7437) lui     s0, 0xd83d7
core   0: 3 0x80008010 (0xd83d7437) x 8 0xd83d7000
core   0: 0x80008014 (0x00006171) c.addi16sp sp, 336
core   0: 3 0x80008014 (0x6171) x 2 0x00000150
core   0: 0x80008016 (0x0202d0b3) divu    ra, t0, zero
core   0: 3 0x80008016 (0x0202d0b3) x 1 0xffffffff
core   0: 0x8000801a (0x0054e633) or      a2, s1, t0
core   0: 3 0x8000801a (0x0054e633) x12 0x8002c717
core   0: 0x8000801e (0x00780433) add     s0, a6, t2
core   0: 3 0x8000801e (0x00780433) x 8 0x7ffed06e
core   0: 0x80008022 (0x026cc9b3) div     s3, s9, t1
core   0: 3 0x80008022 (0x026cc9b3) x19 0xffffffd1
core   0: 0x80008026 (0x000061c1) c.lui   gp, 0x10
core   0: 3 0x80008026 (0x61c1) x 3 0x00010000
core   0: 0x80008028 (0x2fecc393) xori    t2, s9, 766
core   0: 3 0x80008028 (0x2fecc393) x 7 0x000111c8
core   0: 0x8000802c (0x0000627d) c.lui   tp, 0x1f
core   0: 3 0x8000802c (0x627d) x 4 0x0001f000
core   0: 0x8000802e (0x01969e13) slli    t3, a3, 25
core   0: 3 0x8000802e (0x01969e13) x28 0x00000000
core   0: 0x80008032 (0x006ce133) or      sp, s9, t1
core   0: 3 0x80008032 (0x006ce133) x 2 0xfffffb3e
core   0: 0x80008036 (0x68af2893) slti    a7, t5, 1674
core   0: 3 0x80008036 (0x68af2893) x17 0x00000001
core   0: 0x8000803a (0x00004289) c.li    t0, 2
core   0: 3 0x8000803a (0x4289) x 5 0x00000002
core   0: 0x8000803c (0x5d7fc193) xori    gp, t6, 1495
core   0: 3 0x8000803c (0x5d7fc193) x 3 0xfffffa28
core   0: 0x80008040 (0x327b4313) xori    t1, s6, 807
core   0: 3 0x80008040 (0x327b4313) x 6 0xbf8a6cf3
core   0: 0x80008044 (0x00008fa2) c.mv    t6, s0
core   0: 3 0x80008044 (0x8fa2) x31 0x7ffed06e
core   0: 0x80008046 (0x160ccb13) xori    s6, s9, 352
core   0: 3 0x80008046 (0x160ccb13) x22 0x00011256
core   0: 0x8000804a (0xeb97fe93) andi    t4, a5, -327
core   0: 3 0x8000804a (0xeb97fe93) x29 0xc0007630
core   0: 0x8000804e (0x02c370b3) remu    ra, t1, a2
core   0: 3 0x8000804e (0x02c370b3) x 1 0x3f87a5dc
core   0: 0x80008052 (0x000001d6) c.slli  gp, 21
core   0: 3 0x80008052 (0x01d6) x 3 0x45000000
core   0: 0x80008054 (0x034b07b3) mul     a5, s6, s4
core   0: 3 0x80008054 (0x034b07b3) x15 0x5ff72d44
core   0: 0x80008058 (0x01b22a33) slt     s4, tp, s11
core   0: 3 0x80008058 (0x01b22a33) x20 0x00000000
core   0: 0x8000805c (0x000c90b3) sll     ra, s9, zero
core   0: 3 0x8000805c (0x000c90b3) x 1 0x00011336
core   0: 0x80008060 (0x02799ab3) mulh    s5, s3, t2
core   0: 3 0x80008060 (0x02799ab3) x21 0xffffffff
core   0: 0x80008064 (0x6a002d13) slti    s10, zero, 1696
core   0: 3 0x80008064 (0x6a002d13) x26 0x00000001
core   0: 0x80008068 (0xdea7ab93) slti    s7, a5, -534
core   0: 3 0x80008068 (0xdea7ab93) x23 0x00000000
core   0: 0x8000806c (0x4163d713) srai    a4, t2, 22
core   0: 3 0x8000806c (0x4163d713) x14 0x00000000
core   0: 0x80008070 (0x00008c85) c.sub   s1, s1
core   0: 3 0x80008070 (0x8c85) x 9 0x00000000
core   0: 0x80008072 (0x025541b3) div     gp, a0, t0
core   0: 3 0x80008072 (0x025541b3) x 3 0xc0009672
core   0: 0x80008076 (0x02dcb633) mulhu   a2, s9, a3
core   0: 3 0x80008076 (0x02dcb633) x12 0x00000000
core   0: 0x8000807a (0x00000001) c.nop
core   0: 3 0x8000807a (0x0001)
core   0: 0x8000807c (0x00008c75) c.and   s0, a3
core   0: 3 0x8000807c (0x8c75) x 8 0x00000000
core   0: 0x8000807e (0x01321193) slli    gp, tp, 19
core   0: 3 0x8000807e (0x01321193) x 3 0x80000000
core   0: 0x80008082 (0x000046d5) c.li    a3, 21
core   0: 3 0x80008082 (0x46d5) x13 0x00000015
core   0: 0x80008084 (0x00008e3d) c.xor   a2, a5
core   0: 3 0x80008084 (0x8e3d) x12 0x5ff72d44
core   0: 0x80008086 (0x014d5933) srl     s2, s10, s4
core   0: 3 0x80008086 (0x014d5933) x18 0x00000001
core   0: 0x8000808a (0x3e166493) ori     s1, a2, 993
core   0: 3 0x8000808a (0x3e166493) x 9 0x5ff72fe5
core   0: 0x8000808e (0x016610b3) sll     ra, a2, s6
core   0: 3 0x8000808e (0x016610b3) x 1 0x51000000
core   0: 0x80008092 (0x41905393) srai    t2, zero, 25
core   0: 3 0x80008092 (0x41905393) x 7 0x00000000
core   0: 0x80008096 (0x007642b3) xor     t0, a2, t2
core   0: 3 0x80008096 (0x007642b3) x 5 0x5ff72d44
core   0: 0x8000809a (0x00008fb9) c.xor   a5, a4
core   0: 3 0x8000809a (0x8fb9) x15 0x5ff72d44
core   0: 0x8000809c (0xfbf08eb7) lui     t4, 0xfbf08
core   0: 3 0x8000809c (0xfbf08eb7) x29 0xfbf08000
core   0: 0x800080a0 (0x022dbf33) mulhu   t5, s11, sp
core   0: 3 0x800080a0 (0x022dbf33) x30 0x00000000
core   0: 0x800080a4 (0x039e8433) mul     s0, t4, s9
core   0: 3 0x800080a4 (0x039e8433) x 8 0x7e3b0000
core   0: 0x800080a8 (0x00001efd) c.addi  t4, -1
core   0: 3 0x800080a8 (0x1efd) x29 0xfbf07fff
core   0: 0x800080aa (0xb50f1f17) auipc   t5, 0xb50f1
core   0: 3 0x800080aa (0xb50f1f17) x30 0x350f90aa
core   0: 0x800080ae (0x0000547d) c.li    s0, -1
core   0: 3 0x800080ae (0x547d) x 8 0xffffffff
core   0: 0x800080b0 (0x00008ebd) c.xor   a3, a5
core   0: 3 0x800080b0 (0x8ebd) x13 0x5ff72d51
core   0: 0x800080b2 (0x00006b2d) c.lui   s6, 0xb
core   0: 3 0x800080b2 (0x6b2d) x22 0x0000b000
core   0: 0x800080b4 (0x011f6797) auipc   a5, 0x11f6
core   0: 3 0x800080b4 (0x011f6797) x15 0x811fe0b4
core   0: 0x800080b8 (0xb17e2f13) slti    t5, t3, -1257
core   0: 3 0x800080b8 (0xb17e2f13) x30 0x00000000
core   0: 0x800080bc (0x000000f6) c.slli  ra, 29
core   0: 3 0x800080bc (0x00f6) x 1 0x00000000
core   0: 0x800080be (0x03ec4433) div     s0, s8, t5
core   0: 3 0x800080be (0x03ec4433) x 8 0xffffffff
core   0: 0x800080c2 (0x00146433) or      s0, s0, ra
core   0: 3 0x800080c2 (0x00146433) x 8 0xffffffff
core   0: 0x800080c6 (0x00008b46) c.mv    s6, a7
core   0: 3 0x800080c6 (0x8b46) x22 0x00000001
core   0: 0x800080c8 (0xb5061a37) lui     s4, 0xb5061
core   0: 3 0x800080c8 (0xb5061a37) x20 0xb5061000
core   0: 0x800080cc (0x01756833) or      a6, a0, s7
core   0: 3 0x800080cc (0x01756833) x16 0x80012ce4
core   0: 0x800080d0 (0x365e8113) addi    sp, t4, 869
core   0: 3 0x800080d0 (0x365e8113) x 2 0xfbf08364
core   0: 0x800080d4 (0x00000862) c.slli  a6, 24
core   0: 3 0x800080d4 (0x0862) x16 0xe4000000
core   0: 0x800080d6 (0x035aa1b3) mulhsu  gp, s5, s5
core   0: 3 0x800080d6 (0x035aa1b3) x 3 0xffffffff
core   0: 0x800080da (0x0c2ce693) ori     a3, s9, 194
core   0: 3 0x800080da (0x0c2ce693) x13 0x000113f6
core   0: 0x800080de (0x0309e8b3) rem     a7, s3, a6
core   0: 3 0x800080de (0x0309e8b3) x17 0xffffffd1
core   0: 0x800080e2 (0x00001e7d) c.addi  t3, -1
core   0: 3 0x800080e2 (0x1e7d) x28 0xffffffff
core   0: 0x800080e4 (0xda794c93) xori    s9, s2, -601
core   0: 3 0x800080e4 (0xda794c93) x25 0xfffffda6
core   0: 0x800080e8 (0x00008f6d) c.and   a4, a1
core   0: 3 0x800080e8 (0x8f6d) x14 0x00000000
core   0: 0x800080ea (0x01d306b3) add     a3, t1, t4
core   0: 3 0x800080ea (0x01d306b3) x13 0xbb7aecf2
core   0: 0x800080ee (0x00008306) c.mv    t1, ra
core   0: 3 0x800080ee (0x8306) x 6 0x00000000
core   0: 0x800080f0 (0xb411f193) andi    gp, gp, -1215
core   0: 3 0x800080f0 (0xb411f193) x 3 0xfffffb41
core   0: 0x800080f4 (0x935a2e13) slti    t3, s4, -1739
core   0: 3 0x800080f4 (0x935a2e13) x28 0x00000001
core   0: 0x800080f8 (0x72ec8913) addi    s2, s9, 1838
core   0: 3 0x800080f8 (0x72ec8913) x18 0x000004d4
core   0: 0x800080fc (0xbdb0a613) slti    a2, ra, -1061
core   0: 3 0x800080fc (0xbdb0a613) x12 0x00000000
core   0: 0x80008100 (0x00d9f3b3) and     t2, s3, a3
core   0: 3 0x80008100 (0x00d9f3b3) x 7 0xbb7aecd0
core   0: 0x80008104 (0x00008abd) c.andi  a3, 15
core   0: 3 0x80008104 (0x8abd) x13 0x00000002
core   0: 0x80008106 (0x015dd4b3) srl     s1, s11, s5
core   0: 3 0x80008106 (0x015dd4b3) x 9 0x00000000
core   0: 0x8000810a (0x0000008e) c.slli  ra, 3
core   0: 3 0x8000810a (0x008e) x 1 0x00000000
core   0: 0x8000810c (0x00008e75) c.and   a2, a3
core   0: 3 0x8000810c (0x8e75) x12 0x00000000
core   0: 0x8000810e (0x00000655) c.addi  a2, 21
core   0: 3 0x8000810e (0x0655) x12 0x00000015
core   0: 0x80008110 (0x40528ab3) sub     s5, t0, t0
core   0: 3 0x80008110 (0x40528ab3) x21 0x00000000
core   0: 0x80008114 (0x00008c69) c.and   s0, a0
core   0: 3 0x80008114 (0x8c69) x 8 0x80012ce4
core   0: 0x80008116 (0x000082a5) c.srli  a3, 9
core   0: 3 0x80008116 (0x82a5) x13 0x00000000
core   0: 0x80008118 (0x00008cc9) c.or    s1, a0
core   0: 3 0x80008118 (0x8cc9) x 9 0x80012ce4
core   0: 0x8000811a (0xf77b1617) auipc   a2, 0xf77b1
core   0: 3 0x8000811a (0xf77b1617) x12 0x777b911a
core   0: 0x8000811e (0x0222e013) ori     zero, t0, 34
core   0: 3 0x8000811e (0x0222e013)
core   0: 0x80008122 (0x41735733) sra     a4, t1, s7
core   0: 3 0x80008122 (0x41735733) x14 0x00000000
core   0: 0x80008126 (0x010c4bb3) xor     s7, s8, a6
core   0: 3 0x80008126 (0x010c4bb3) x23 0x1bc27e3f
core   0: 0x8000812a (0x0246a9b3) mulhsu  s3, a3, tp
core   0: 3 0x8000812a (0x0246a9b3) x19 0x00000000
core   0: 0x8000812e (0x41af5e33) sra     t3, t5, s10
core   0: 3 0x8000812e (0x41af5e33) x28 0x00000000
core   0: 0x80008132 (0xe2c8bf13) sltiu   t5, a7, -468
core   0: 3 0x80008132 (0xe2c8bf13) x30 0x00000000
core   0: 0x80008136 (0x02b26eb3) rem     t4, tp, a1
core   0: 3 0x80008136 (0x02b26eb3) x29 0x0001f000
core   0: 0x8000813a (0x3cec7317) auipc   t1, 0x3cec7
core   0: 3 0x8000813a (0x3cec7317) x 6 0xbcecf13a
core   0: 0x8000813e (0x0257f0b3) remu    ra, a5, t0
core   0: 3 0x8000813e (0x0257f0b3) x 1 0x2128b370
core   0: 0x80008142 (0x00008685) c.srai  a3, 1
core   0: 3 0x80008142 (0x8685) x13 0x00000000
core   0: 0x80008144 (0x00008c59) c.or    s0, a4
core   0: 3 0x80008144 (0x8c59) x 8 0x80012ce4
core   0: 0x80008146 (0x00009172) c.add   sp, t3
core   0: 3 0x80008146 (0x9172) x 2 0xfbf08364
core   0: 0x80008148 (0x414e5a93) srai    s5, t3, 20
core   0: 3 0x80008148 (0x414e5a93) x21 0x00000000
core   0: 0x8000814c (0xc50a4793) xori    a5, s4, -944
core   0: 3 0x8000814c (0xc50a4793) x15 0x4af9ec50
core   0: 0x80008150 (0x00006a99) c.lui   s5, 0x6
core   0: 3 0x80008150 (0x6a99) x21 0x00006000
core   0: 0x80008152 (0x020ee7b3) rem     a5, t4, zero
core   0: 3 0x80008152 (0x020ee7b3) x15 0x0001f000
core   0: 0x80008156 (0x000064b9) c.lui   s1, 0xe
core   0: 3 0x80008156 (0x64b9) x 9 0x0000e000
core   0: 0x80008158 (0x00008c25) c.xor   s0, s1
core   0: 3 0x80008158 (0x8c25) x 8 0x8001cce4
core   0: 0x8000815a (0x00045eb3) srl     t4, s0, zero
core   0: 3 0x8000815a (0x00045eb3) x29 0x8001cce4
core   0: 0x8000815e (0x00008f51) c.or    a4, a2
core   0: 3 0x8000815e (0x8f51) x14 0x777b911a
core   0: 0x80008160 (0x00006909) c.lui   s2, 0x2
core   0: 3 0x80008160 (0x6909) x18 0x00002000
core   0: 0x80008162 (0x031ed9b3) divu    s3, t4, a7
core   0: 3 0x80008162 (0x031ed9b3) x19 0x00000000
core   0: 0x80008166 (0x01aa3bb3) sltu    s7, s4, s10
core   0: 3 0x80008166 (0x01aa3bb3) x23 0x00000000
core   0: 0x8000816a (0x03ad12b3) mulh    t0, s10, s10
core   0: 3 0x8000816a (0x03ad12b3) x 5 0x00000000
core   0: 0x8000816e (0x01fc44b3) xor     s1, s8, t6
core   0: 3 0x8000816e (0x01fc44b3) x 9 0x803cae51
core   0: 0x80008172 (0x00008c5d) c.or    s0, a5
core   0: 3 0x80008172 (0x8c5d) x 8 0x8001fce4
core   0: 0x80008174 (0x00001890) c.addi4spn a2, sp, 112
core   0: 3 0x80008174 (0x1890) x12 0xfbf083d4
core   0: 0x80008176 (0x00c3dbb3) srl     s7, t2, a2
core   0: 3 0x80008176 (0x00c3dbb3) x23 0x00000bb7
core   0: 0x8000817a (0x00006c91) c.lui   s9, 0x4
core   0: 3 0x8000817a (0x6c91) x25 0x00004000
core   0: 0x8000817c (0x00dad6b3) srl     a3, s5, a3
core   0: 3 0x8000817c (0x00dad6b3) x13 0x00006000
core   0: 0x80008180 (0x00026933) or      s2, tp, zero
core   0: 3 0x80008180 (0x00026933) x18 0x0001f000
core   0: 0x80008184 (0x01f53933) sltu    s2, a0, t6
core   0: 3 0x80008184 (0x01f53933) x18 0x00000000
core   0: 0x80008188 (0x00000194) c.addi4spn a3, sp, 192
core   0: 3 0x80008188 (0x0194) x13 0xfbf08424
core   0: 0x8000818a (0x00008421) c.srai  s0, 8
core   0: 3 0x8000818a (0x8421) x 8 0xff8001fc
core   0: 0x8000818c (0x71090a13) addi    s4, s2, 1808
core   0: 3 0x8000818c (0x71090a13) x20 0x00000710
core   0: 0x80008190 (0x000088fd) c.andi  s1, 31
core   0: 3 0x80008190 (0x88fd) x 9 0x00000011
core   0: 0x80008192 (0x01252e13) slti    t3, a0, 18
core   0: 3 0x80008192 (0x01252e13) x28 0x00000001
core   0: 0x80008196 (0x00008ff1) c.and   a5, a2
core   0: 3 0x80008196 (0x8ff1) x15 0x00008000
core   0: 0x80008198 (0x00000422) c.slli  s0, 8
core   0: 3 0x80008198 (0x0422) x 8 0x8001fc00
core   0: 0x8000819a (0x86c50e93) addi    t4, a0, -1940
core   0: 3 0x8000819a (0x86c50e93) x29 0x80012550
core   0: 0x8000819e (0x68c99b17) auipc   s6, 0x68c99
core   0: 3 0x8000819e (0x68c99b17) x22 0xe8ca119e
core   0: 0x800081a2 (0x0000117d) c.addi  sp, -1
core   0: 3 0x800081a2 (0x117d) x 2 0xfbf08363
core   0: 0x800081a4 (0xe695c913) xori    s2, a1, -407
core   0: 3 0x800081a4 (0xe695c913) x18 0x7fff100d
core   0: 0x800081a8 (0x00005f7d) c.li    t5, -1
core   0: 3 0x800081a8 (0x5f7d) x30 0xffffffff
core   0: 0x800081aa (0x033c92b3) mulh    t0, s9, s3
core   0: 3 0x800081aa (0x033c92b3) x 5 0x00000000
core   0: 0x800081ae (0x024cf433) remu    s0, s9, tp
core   0: 3 0x800081ae (0x024cf433) x 8 0x00004000
core   0: 0x800081b2 (0x02ddc433) div     s0, s11, a3
core   0: 3 0x800081b2 (0x02ddc433) x 8 0x00000000
core   0: 0x800081b6 (0x41098cb3) sub     s9, s3, a6
core   0: 3 0x800081b6 (0x41098cb3) x25 0x1c000000
core   0: 0x800081ba (0x00008816) c.mv    a6, t0
core   0: 3 0x800081ba (0x8816) x16 0x00000000
core   0: 0x800081bc (0x013f51b3) srl     gp, t5, s3
core   0: 3 0x800081bc (0x013f51b3) x 3 0xffffffff
core   0: 0x800081c0 (0xecfd0b13) addi    s6, s10, -305
core   0: 3 0x800081c0 (0xecfd0b13) x22 0xfffffed0
core   0: 0x800081c4 (0x00000001) c.nop
core   0: 3 0x800081c4 (0x0001)
core   0: 0x800081c6 (0x6b7ebe13) sltiu   t3, t4, 1719
core   0: 3 0x800081c6 (0x6b7ebe13) x28 0x00000000
core   0: 0x800081ca (0x01985433) srl     s0, a6, s9
core   0: 3 0x800081ca (0x01985433) x 8 0x00000000
core   0: 0x800081ce (0x00256233) or      tp, a0, sp
core   0: 3 0x800081ce (0x00256233) x 4 0xfbf1afe7
core   0: 0x800081d2 (0x0000717d) c.addi16sp sp, -16
core   0: 3 0x800081d2 (0x717d) x 2 0xfbf08353
core   0: 0x800081d4 (0x0326dd33) divu    s10, a3, s2
core   0: 3 0x800081d4 (0x0326dd33) x26 0x00000001
core   0: 0x800081d8 (0x0000922a) c.add   tp, a0
core   0: 3 0x800081d8 (0x922a) x 4 0x7bf2dccb
core   0: 0x800081da (0xd82acb93) xori    s7, s5, -638
core   0: 3 0x800081da (0xd82acb93) x23 0xffff9d82
core   0: 0x800081de (0x4180dd33) sra     s10, ra, s8
core   0: 3 0x800081de (0x4180dd33) x26 0x00000000
core   0: 0x800081e2 (0x02f2d0b3) divu    ra, t0, a5
core   0: 3 0x800081e2 (0x02f2d0b3) x 1 0x00000000
core   0: 0x800081e6 (0xb4dffe93) andi    t4, t6, -1203
core   0: 3 0x800081e6 (0xb4dffe93) x29 0x7ffed04c
core   0: 0x800081ea (0x0000045e) c.slli  s0, 23
core   0: 3 0x800081ea (0x045e) x 8 0x00000000
core   0: 0x800081ec (0x00008751) c.srai  a4, 20
core   0: 3 0x800081ec (0x8751) x14 0x00000777
core   0: 0x800081ee (0x01909833) sll     a6, ra, s9
core   0: 3 0x800081ee (0x01909833) x16 0x00000000
core   0: 0x800081f2 (0x0024b433) sltu    s0, s1, sp
core   0: 3 0x800081f2 (0x0024b433) x 8 0x00000001
core   0: 0x800081f6 (0x03da73b3) remu    t2, s4, t4
core   0: 3 0x800081f6 (0x03da73b3) x 7 0x00000710
core   0: 0x800081fa (0x483d3913) sltiu   s2, s10, 1155
core   0: 3 0x800081fa (0x483d3913) x18 0x00000001
core   0: 0x800081fe (0x00008e49) c.or    a2, a0
core   0: 3 0x800081fe (0x8e49) x12 0xfbf1aff4
core   0: 0x80008200 (0x4a9820b7) lui     ra, 0x4a982
core   0: 3 0x80008200 (0x4a9820b7) x 1 0x4a982000
core   0: 0x80008204 (0x00000e0a) c.slli  t3, 2
core   0: 3 0x80008204 (0x0e0a) x28 0x00000000
core   0: 0x80008206 (0x0000934e) c.add   t1, s3
core   0: 3 0x80008206 (0x934e) x 6 0xbcecf13a
core   0: 0x80008208 (0x0000717d) c.addi16sp sp, -16
core   0: 3 0x80008208 (0x717d) x 2 0xfbf08343
core   0: 0x8000820a (0x00000bfa) c.slli  s7, 30
core   0: 3 0x8000820a (0x0bfa) x23 0x80000000
core   0: 0x8000820c (0x02a9a633) mulhsu  a2, s3, a0
core   0: 3 0x8000820c (0x02a9a633) x12 0x00000000
core   0: 0x80008210 (0x42c7b413) sltiu   s0, a5, 1068
core   0: 3 0x80008210 (0x42c7b413) x 8 0x00000000
core   0: 0x80008214 (0x02273f33) mulhu   t5, a4, sp
core   0: 3 0x80008214 (0x02273f33) x30 0x00000758
core   0: 0x80008218 (0x281ca393) slti    t2, s9, 641
core   0: 3 0x80008218 (0x281ca393) x 7 0x00000000
core   0: 0x8000821c (0x00008745) c.srai  a4, 17
core   0: 3 0x8000821c (0x8745) x14 0x00000000
core   0: 0x8000821e (0x0368e833) rem     a6, a7, s6
core   0: 3 0x8000821e (0x0368e833) x16 0xffffffd1
core   0: 0x80008222 (0x00008ef1) c.and   a3, a2
core   0: 3 0x80008222 (0x8ef1) x13 0x00000000
core   0: 0x80008224 (0xc1a06693) ori     a3, zero, -998
core   0: 3 0x80008224 (0xc1a06693) x13 0xfffffc1a
core   0: 0x80008228 (0x000087c5) c.srai  a5, 17
core   0: 3 0x80008228 (0x87c5) x15 0x00000000
core   0: 0x8000822a (0x006a56b3) srl     a3, s4, t1
core   0: 3 0x8000822a (0x006a56b3) x13 0x00000000
core   0: 0x8000822e (0x41128333) sub     t1, t0, a7
core   0: 3 0x8000822e (0x41128333) x 6 0x0000002f
core   0: 0x80008232 (0x4109de33) sra     t3, s3, a6
core   0: 3 0x80008232 (0x4109de33) x28 0x00000000
core   0: 0x80008236 (0x00e66bb3) or      s7, a2, a4
core   0: 3 0x80008236 (0x00e66bb3) x23 0x00000000
core   0: 0x8000823a (0x03ebaeb3) mulhsu  t4, s7, t5
core   0: 3 0x8000823a (0x03ebaeb3) x29 0x00000000
core   0: 0x8000823e (0x7180cdb7) lui     s11, 0x7180c
core   0: 3 0x8000823e (0x7180cdb7) x27 0x7180c000
core   0: 0x80008242 (0x9e217193) andi    gp, sp, -1566
core   0: 3 0x80008242 (0x9e217193) x 3 0xfbf08142
core   0: 0x80008246 (0x5741cd93) xori    s11, gp, 1396
core   0: 3 0x80008246 (0x5741cd93) x27 0xfbf08436
core   0: 0x8000824a (0x00033133) sltu    sp, t1, zero
core   0: 3 0x8000824a (0x00033133) x 2 0x00000000
core   0: 0x8000824e (0x000080f1) c.srli  s1, 28
core   0: 3 0x8000824e (0x80f1) x 9 0x00000000
core   0: 0x80008250 (0x022ec233) div     tp, t4, sp
core   0: 3 0x80008250 (0x022ec233) x 4 0xffffffff
core   0: 0x80008254 (0x03491133) mulh    sp, s2, s4
core   0: 3 0x80008254 (0x03491133) x 2 0x00000000
core   0: 0x80008258 (0x79fbbe13) sltiu   t3, s7, 1951
core   0: 3 0x80008258 (0x79fbbe13) x28 0x00000001
core   0: 0x8000825c (0x02df1fb3) mulh    t6, t5, a3
core   0: 3 0x8000825c (0x02df1fb3) x31 0x00000000
core   0: 0x80008260 (0x000eb6b3) sltu    a3, t4, zero
core   0: 3 0x80008260 (0x000eb6b3) x13 0x00000000
core   0: 0x80008264 (0xdb71b493) sltiu   s1, gp, -585
core   0: 3 0x80008264 (0xdb71b493) x 9 0x00000001
core   0: 0x80008268 (0x00000001) c.nop
core   0: 3 0x80008268 (0x0001)
core   0: 0x8000826a (0xce6b5897) auipc   a7, 0xce6b5
core   0: 3 0x8000826a (0xce6b5897) x17 0x4e6bd26a
core   0: 0x8000826e (0x019b7033) and     zero, s6, s9
core   0: 3 0x8000826e (0x019b7033)
core   0: 0x80008272 (0x0046e033) or      zero, a3, tp
core   0: 3 0x80008272 (0x0046e033)
core   0: 0x80008276 (0x00008cb1) c.xor   s1, a2
core   0: 3 0x80008276 (0x8cb1) x 9 0x00000001
core   0: 0x80008278 (0x00008c15) c.sub   s0, a3
core   0: 3 0x80008278 (0x8c15) x 8 0x00000000
core   0: 0x8000827a (0x9806ba93) sltiu   s5, a3, -1664
core   0: 3 0x8000827a (0x9806ba93) x21 0x00000001
core   0: 0x8000827e (0x03cf2db3) mulhsu  s11, t5, t3
core   0: 3 0x8000827e (0x03cf2db3) x27 0x00000000
core   0: 0x80008282 (0x00008f71) c.and   a4, a2
core   0: 3 0x80008282 (0x8f71) x14 0x00000000
core   0: 0x80008284 (0x01525733) srl     a4, tp, s5
core   0: 3 0x80008284 (0x01525733) x14 0x7fffffff
core   0: 0x80008288 (0x02780fb3) mul     t6, a6, t2
core   0: 3 0x80008288 (0x02780fb3) x31 0x00000000
core   0: 0x8000828c (0xc12c0e93) addi    t4, s8, -1006
core   0: 3 0x8000828c (0xc12c0e93) x29 0xffc27a51
core   0: 0x80008290 (0x00e951b3) srl     gp, s2, a4
core   0: 3 0x80008290 (0x00e951b3) x 3 0x00000000
core   0: 0x80008294 (0xdd724813) xori    a6, tp, -553
core   0: 3 0x80008294 (0xdd724813) x16 0x00000228
core   0: 0x80008298 (0x000098fe) c.add   a7, t6
core   0: 3 0x80008298 (0x98fe) x17 0x4e6bd26a
core   0: 0x8000829a (0x02cf49b3) div     s3, t5, a2
core   0: 3 0x8000829a (0x02cf49b3) x19 0xffffffff
core   0: 0x8000829e (0x41ce8633) sub     a2, t4, t3
core   0: 3 0x8000829e (0x41ce8633) x12 0xffc27a50
core   0: 0x800082a2 (0x418308b3) sub     a7, t1, s8
core   0: 3 0x800082a2 (0x418308b3) x17 0x003d81f0
core   0: 0x800082a6 (0x000093be) c.add   t2, a5
core   0: 3 0x800082a6 (0x93be) x 7 0x00000000
core   0: 0x800082a8 (0x0000567d) c.li    a2, -1
core   0: 3 0x800082a8 (0x567d) x12 0xffffffff
core   0: 0x800082aa (0x032a1833) mulh    a6, s4, s2
core   0: 3 0x800082aa (0x032a1833) x16 0x00000000
core   0: 0x800082ae (0xe427cb13) xori    s6, a5, -446
core   0: 3 0x800082ae (0xe427cb13) x22 0xfffffe42
core   0: 0x800082b2 (0xe5c17893) andi    a7, sp, -420
core   0: 3 0x800082b2 (0xe5c17893) x17 0x00000000
core   0: 0x800082b6 (0x029e07b3) mul     a5, t3, s1
core   0: 3 0x800082b6 (0x029e07b3) x15 0x00000001
core   0: 0x800082ba (0x00000001) c.nop
core   0: 3 0x800082ba (0x0001)
core   0: 0x800082bc (0x40c88bb3) sub     s7, a7, a2
core   0: 3 0x800082bc (0x40c88bb3) x23 0x00000001
core   0: 0x800082c0 (0x0027edb3) or      s11, a5, sp
core   0: 3 0x800082c0 (0x0027edb3) x27 0x00000001
core   0: 0x800082c4 (0x01550bb3) add     s7, a0, s5
core   0: 3 0x800082c4 (0x01550bb3) x23 0x80012ce5
core   0: 0x800082c8 (0x803fb313) sltiu   t1, t6, -2045
core   0: 3 0x800082c8 (0x803fb313) x 6 0x00000001
core   0: 0x800082cc (0x034073b3) remu    t2, zero, s4
core   0: 3 0x800082cc (0x034073b3) x 7 0x00000000
core   0: 0x800082d0 (0x00aa5133) srl     sp, s4, a0
core   0: 3 0x800082d0 (0x00aa5133) x 2 0x00000071
core   0: 0x800082d4 (0x00008b3d) c.andi  a4, 15
core   0: 3 0x800082d4 (0x8b3d) x14 0x0000000f
core   0: 0x800082d6 (0x00000eaa) c.slli  t4, 10
core   0: 3 0x800082d6 (0x0eaa) x29 0x09e94400
core   0: 0x800082d8 (0x00008f76) c.mv    t5, t4
core   0: 3 0x800082d8 (0x8f76) x30 0x09e94400
core   0: 0x800082da (0x00008496) c.mv    s1, t0
core   0: 3 0x800082da (0x8496) x 9 0x00000000
core   0: 0x800082dc (0x025d0233) mul     tp, s10, t0
core   0: 3 0x800082dc (0x025d0233) x 4 0x00000000
core   0: 0x800082e0 (0x402c54b3) sra     s1, s8, sp
core   0: 3 0x800082e0 (0x402c54b3) x 9 0xffffffe1
core   0: 0x800082e4 (0x415050b3) sra     ra, zero, s5
core   0: 3 0x800082e4 (0x415050b3) x 1 0x00000000
core   0: 0x800082e8 (0xd9556013) ori     zero, a0, -619
core   0: 3 0x800082e8 (0xd9556013)
core   0: 0x800082ec (0x02b5c333) div     t1, a1, a1
core   0: 3 0x800082ec (0x02b5c333) x 6 0x00000001
core   0: 0x800082f0 (0x98c64a13) xori    s4, a2, -1652
core   0: 3 0x800082f0 (0x98c64a13) x20 0x00000673
core   0: 0x800082f4 (0x00000001) c.nop
core   0: 3 0x800082f4 (0x0001)
core   0: 0x800082f6 (0x00000001) c.nop
core   0: 3 0x800082f6 (0x0001)
core   0: 0x800082f8 (0x0000717d) c.addi16sp sp, -16
core   0: 3 0x800082f8 (0x717d) x 2 0x00000061
core   0: 0x800082fa (0x00008c3d) c.xor   s0, a5
core   0: 3 0x800082fa (0x8c3d) x 8 0x00000001
core   0: 0x800082fc (0x021d73b3) remu    t2, s10, ra
core   0: 3 0x800082fc (0x021d73b3) x 7 0x00000000
core   0: 0x80008300 (0x037f4bb3) div     s7, t5, s7
core   0: 3 0x80008300 (0x037f4bb3) x23 0x00000000
core   0: 0x80008304 (0x02be5d33) divu    s10, t3, a1
core   0: 3 0x80008304 (0x02be5d33) x26 0x00000000
core   0: 0x80008308 (0x0000074e) c.slli  a4, 19
core   0: 3 0x80008308 (0x074e) x14 0x00780000
core   0: 0x8000830a (0x4050d4b3) sra     s1, ra, t0
core   0: 3 0x8000830a (0x4050d4b3) x 9 0x00000000
core   0: 0x8000830e (0xd5d27a13) andi    s4, tp, -675
core   0: 3 0x8000830e (0xd5d27a13) x20 0x00000000
core   0: 0x80008312 (0x081f6d93) ori     s11, t5, 129
core   0: 3 0x80008312 (0x081f6d93) x27 0x09e94481
core   0: 0x80008316 (0x00815bb3) srl     s7, sp, s0
core   0: 3 0x80008316 (0x00815bb3) x23 0x00000030
core   0: 0x8000831a (0x80050493) addi    s1, a0, -2048
core   0: 3 0x8000831a (0x80050493) x 9 0x800124e4
core   0: 0x8000831e (0x02323033) mulhu   zero, tp, gp
core   0: 3 0x8000831e (0x02323033)
core   0: 0x80008322 (0x003e47b3) xor     a5, t3, gp
core   0: 3 0x80008322 (0x003e47b3) x15 0x00000001
core   0: 0x80008326 (0x00000001) c.nop
core   0: 3 0x80008326 (0x0001)
core   0: 0x80008328 (0x0227ef33) rem     t5, a5, sp
core   0: 3 0x80008328 (0x0227ef33) x30 0x00000001
core   0: 0x8000832c (0x008f2eb3) slt     t4, t5, s0
core   0: 3 0x8000832c (0x008f2eb3) x29 0x00000000
core   0: 0x80008330 (0x028216b3) mulh    a3, tp, s0
core   0: 3 0x80008330 (0x028216b3) x13 0x00000000
core   0: 0x80008334 (0x03a90a33) mul     s4, s2, s10
core   0: 3 0x80008334 (0x03a90a33) x20 0x00000000
core   0: 0x80008338 (0x003dea33) or      s4, s11, gp
core   0: 3 0x80008338 (0x003dea33) x20 0x09e94481
core   0: 0x8000833c (0x00008c5d) c.or    s0, a5
core   0: 3 0x8000833c (0x8c5d) x 8 0x00000001
core   0: 0x8000833e (0xce489097) auipc   ra, 0xce489
core   0: 3 0x8000833e (0xce489097) x 1 0x4e49133e
core   0: 0x80008342 (0x00006da9) c.lui   s11, 0xa
core   0: 3 0x80008342 (0x6da9) x27 0x0000a000
core   0: 0x80008344 (0x4eb8a617) auipc   a2, 0x4eb8a
core   0: 3 0x80008344 (0x4eb8a617) x12 0xceb92344
core   0: 0x80008348 (0x02368a33) mul     s4, a3, gp
core   0: 3 0x80008348 (0x02368a33) x20 0x00000000
core   0: 0x8000834c (0x00bd04b3) add     s1, s10, a1
core   0: 3 0x8000834c (0x00bd04b3) x 9 0x8000ee64
core   0: 0x80008350 (0x012b6333) or      t1, s6, s2
core   0: 3 0x80008350 (0x012b6333) x 6 0xfffffe43
core   0: 0x80008354 (0x02fe5033) divu    zero, t3, a5
core   0: 3 0x80008354 (0x02fe5033)
core   0: 0x80008358 (0x0000517d) c.li    sp, -1
core   0: 3 0x80008358 (0x517d) x 2 0xffffffff
core   0: 0x8000835a (0x00006119) c.addi16sp sp, 384
core   0: 3 0x8000835a (0x6119) x 2 0x0000017f
core   0: 0x8000835c (0x00008c35) c.xor   s0, a3
core   0: 3 0x8000835c (0x8c35) x 8 0x00000001
core   0: 0x8000835e (0x0195eb33) or      s6, a1, s9
core   0: 3 0x8000835e (0x0195eb33) x22 0x9c00ee64
core   0: 0x80008362 (0x00008cad) c.xor   s1, a1
core   0: 3 0x80008362 (0x8cad) x 9 0x00000000
core   0: 0x80008364 (0x000084a6) c.mv    s1, s1
core   0: 3 0x80008364 (0x84a6) x 9 0x00000000
core   0: 0x80008366 (0x00008c41) c.or    s0, s0
core   0: 3 0x80008366 (0x8c41) x 8 0x00000001
core   0: 0x80008368 (0x00008ff9) c.and   a5, a4
core   0: 3 0x80008368 (0x8ff9) x15 0x00000000
core   0: 0x8000836a (0x01ba5fb3) srl     t6, s4, s11
core   0: 3 0x8000836a (0x01ba5fb3) x31 0x00000000
core   0: 0x8000836e (0x03532fb3) mulhsu  t6, t1, s5
core   0: 3 0x8000836e (0x03532fb3) x31 0xffffffff
core   0: 0x80008372 (0x02663333) mulhu   t1, a2, t1
core   0: 3 0x80008372 (0x02663333) x 6 0xceb921dc
core   0: 0x80008376 (0x41670233) sub     tp, a4, s6
core   0: 3 0x80008376 (0x41670233) x 4 0x6477119c
core   0: 0x8000837a (0x00000001) c.nop
core   0: 3 0x8000837a (0x0001)
core   0: 0x8000837c (0x006db333) sltu    t1, s11, t1
core   0: 3 0x8000837c (0x006db333) x 6 0x00000001
core   0: 0x80008380 (0x000082f9) c.srli  a3, 30
core   0: 3 0x80008380 (0x82f9) x13 0x00000000
core   0: 0x80008382 (0x00008fa1) c.xor   a5, s0
core   0: 3 0x80008382 (0x8fa1) x15 0x00000001
core   0: 0x80008384 (0x00001e7d) c.addi  t3, -1
core   0: 3 0x80008384 (0x1e7d) x28 0x00000000
core   0: 0x80008386 (0x03fe5eb3) divu    t4, t3, t6
core   0: 3 0x80008386 (0x03fe5eb3) x29 0x00000000
core   0: 0x8000838a (0x00000001) c.nop
core   0: 3 0x8000838a (0x0001)
core   0: 0x8000838c (0x418fdab3) sra     s5, t6, s8
core   0: 3 0x8000838c (0x418fdab3) x21 0xffffffff
core   0: 0x80008390 (0x02fb0a33) mul     s4, s6, a5
core   0: 3 0x80008390 (0x02fb0a33) x20 0x9c00ee64
core   0: 0x80008394 (0x00008f9e) c.mv    t6, t2
core   0: 3 0x80008394 (0x8f9e) x31 0x00000000
core   0: 0x80008396 (0xae096f13) ori     t5, s2, -1312
core   0: 3 0x80008396 (0xae096f13) x30 0xfffffae1
core   0: 0x8000839a (0x13947093) andi    ra, s0, 313
core   0: 3 0x8000839a (0x13947093) x 1 0x00000001
core   0: 0x8000839e (0x027279b3) remu    s3, tp, t2
core   0: 3 0x8000839e (0x027279b3) x19 0x6477119c
core   0: 0x800083a2 (0x9781a113) slti    sp, gp, -1672
core   0: 3 0x800083a2 (0x9781a113) x 2 0x00000000
core   0: 0x800083a6 (0x00000001) c.nop
core   0: 3 0x800083a6 (0x0001)
core   0: 0x800083a8 (0x021f7133) remu    sp, t5, ra
core   0: 3 0x800083a8 (0x021f7133) x 2 0x00000000
core   0: 0x800083ac (0x00000b79) c.addi  s6, 30
core   0: 3 0x800083ac (0x0b79) x22 0x9c00ee82
core   0: 0x800083ae (0x003e37b3) sltu    a5, t3, gp
core   0: 3 0x800083ae (0x003e37b3) x15 0x00000000
core   0: 0x800083b2 (0x0000084e) c.slli  a6, 19
core   0: 3 0x800083b2 (0x084e) x16 0x00000000
core   0: 0x800083b4 (0x57294993) xori    s3, s2, 1394
core   0: 3 0x800083b4 (0x57294993) x19 0x00000573
core   0: 0x800083b8 (0x0000547d) c.li    s0, -1
core   0: 3 0x800083b8 (0x547d) x 8 0xffffffff
core   0: 0x800083ba (0x00008715) c.srai  a4, 5
core   0: 3 0x800083ba (0x8715) x14 0x0003c000
core   0: 0x800083bc (0x00008629) c.srai  a2, 10
core   0: 3 0x800083bc (0x8629) x12 0xfff3ae48
core   0: 0x800083be (0x7160a737) lui     a4, 0x7160a
core   0: 3 0x800083be (0x7160a737) x14 0x7160a000
core   0: 0x800083c2 (0x02cf1bb3) mulh    s7, t5, a2
core   0: 3 0x800083c2 (0x02cf1bb3) x23 0x00000000
core   0: 0x800083c6 (0x035750b3) divu    ra, a4, s5
core   0: 3 0x800083c6 (0x035750b3) x 1 0x00000000
core   0: 0x800083ca (0x3c2a7e13) andi    t3, s4, 962
core   0: 3 0x800083ca (0x3c2a7e13) x28 0x00000240
core   0: 0x800083ce (0x000dc133) xor     sp, s11, zero
core   0: 3 0x800083ce (0x000dc133) x 2 0x0000a000
core   0: 0x800083d2 (0x03f14eb3) div     t4, sp, t6
core   0: 3 0x800083d2 (0x03f14eb3) x29 0xffffffff
core   0: 0x800083d6 (0xaa0b9e97) auipc   t4, 0xaa0b9
core   0: 3 0x800083d6 (0xaa0b9e97) x29 0x2a0c13d6
core   0: 0x800083da (0x03310eb3) mul     t4, sp, s3
core   0: 3 0x800083da (0x03310eb3) x29 0x0367e000
core   0: 0x800083de (0x004c7333) and     t1, s8, tp
core   0: 3 0x800083de (0x004c7333) x 6 0x6442101c
core   0: 0x800083e2 (0x01615133) srl     sp, sp, s6
core   0: 3 0x800083e2 (0x01615133) x 2 0x00002800
core   0: 0x800083e6 (0x0164d293) srli    t0, s1, 22
core   0: 3 0x800083e6 (0x0164d293) x 5 0x00000000
core   0: 0x800083ea (0x0065df13) srli    t5, a1, 6
core   0: 3 0x800083ea (0x0065df13) x30 0x020003b9
core   0: 0x800083ee (0x00000f22) c.slli  t5, 8
core   0: 3 0x800083ee (0x0f22) x30 0x0003b900
core   0: 0x800083f0 (0x40dede13) srai    t3, t4, 13
core   0: 3 0x800083f0 (0x40dede13) x28 0x00001b3f
core   0: 0x800083f4 (0x40f45233) sra     tp, s0, a5
core   0: 3 0x800083f4 (0x40f45233) x 4 0xffffffff
core   0: 0x800083f8 (0x13ba8d93) addi    s11, s5, 315
core   0: 3 0x800083f8 (0x13ba8d93) x27 0x0000013a
core   0: 0x800083fc (0x0000945e) c.add   s0, s7
core   0: 3 0x800083fc (0x945e) x 8 0xffffffff
core   0: 0x800083fe (0xf4ab4f93) xori    t6, s6, -182
core   0: 3 0x800083fe (0xf4ab4f93) x31 0x63ff11c8
core   0: 0x80008402 (0x00008f81) c.sub   a5, s0
core   0: 3 0x80008402 (0x8f81) x15 0x00000001
core   0: 0x80008404 (0x11783e37) lui     t3, 0x11783
core   0: 3 0x80008404 (0x11783e37) x28 0x11783000
core   0: 0x80008408 (0x00ddb433) sltu    s0, s11, a3
core   0: 3 0x80008408 (0x00ddb433) x 8 0x00000000
core   0: 0x8000840c (0x064ac913) xori    s2, s5, 100
core   0: 3 0x8000840c (0x064ac913) x18 0xffffff9b
core   0: 0x80008410 (0x00006d05) c.lui   s10, 0x1
core   0: 3 0x80008410 (0x6d05) x26 0x00001000
core   0: 0x80008412 (0x0125feb3) and     t4, a1, s2
core   0: 3 0x80008412 (0x0125feb3) x29 0x8000ee00
core   0: 0x80008416 (0x02398033) mul     zero, s3, gp
core   0: 3 0x80008416 (0x02398033)
core   0: 0x8000841a (0x00008c92) c.mv    s9, tp
core   0: 3 0x8000841a (0x8c92) x25 0xffffffff
core   0: 0x8000841c (0x00000f1a) c.slli  t5, 6
core   0: 3 0x8000841c (0x0f1a) x30 0x00ee4000
core   0: 0x8000841e (0x0000717d) c.addi16sp sp, -16
core   0: 3 0x8000841e (0x717d) x 2 0x000027f0
core   0: 0x80008420 (0x000080de) c.mv    ra, s7
core   0: 3 0x80008420 (0x80de) x 1 0x00000000
core   0: 0x80008422 (0x01b7aeb3) slt     t4, a5, s11
core   0: 3 0x80008422 (0x01b7aeb3) x29 0x00000001
core   0: 0x80008426 (0x00008eb9) c.xor   a3, a4
core   0: 3 0x80008426 (0x8eb9) x13 0x7160a000
core   0: 0x80008428 (0x0000527d) c.li    tp, -1
core   0: 3 0x80008428 (0x527d) x 4 0xffffffff
core   0: 0x8000842a (0x00008791) c.srai  a5, 4
core   0: 3 0x8000842a (0x8791) x15 0x00000000
core   0: 0x8000842c (0x02196133) rem     sp, s2, ra
core   0: 3 0x8000842c (0x02196133) x 2 0xffffff9b
core   0: 0x80008430 (0x00006fa9) c.lui   t6, 0xa
core   0: 3 0x80008430 (0x6fa9) x31 0x0000a000
core   0: 0x80008432 (0x00006e99) c.lui   t4, 0x6
core   0: 3 0x80008432 (0x6e99) x29 0x00006000
core   0: 0x80008434 (0x41e05b93) srai    s7, zero, 30
core   0: 3 0x80008434 (0x41e05b93) x23 0x00000000
core   0: 0x80008438 (0xa06fe113) ori     sp, t6, -1530
core   0: 3 0x80008438 (0xa06fe113) x 2 0xfffffa06
core   0: 0x8000843c (0x01e2c9b3) xor     s3, t0, t5
core   0: 3 0x8000843c (0x01e2c9b3) x19 0x00ee4000
core   0: 0x80008440 (0x01101ab3) sll     s5, zero, a7
core   0: 3 0x80008440 (0x01101ab3) x21 0x00000000
core   0: 0x80008444 (0x01fc1133) sll     sp, s8, t6
core   0: 3 0x80008444 (0x01fc1133) x 2 0xffc27e3f
core   0: 0x80008448 (0x00000001) c.nop
core   0: 3 0x80008448 (0x0001)
core   0: 0x8000844a (0x000087de) c.mv    a5, s7
core   0: 3 0x8000844a (0x87de) x15 0x00000000
core   0: 0x8000844c (0x022882b3) mul     t0, a7, sp
core   0: 3 0x8000844c (0x022882b3) x 5 0x00000000
core   0: 0x80008450 (0x00006139) c.addi16sp sp, 448
core   0: 3 0x80008450 (0x6139) x 2 0xffc27fff
core   0: 0x80008452 (0x4154d413) srai    s0, s1, 21
core   0: 3 0x80008452 (0x4154d413) x 8 0x00000000
core   0: 0x80008456 (0x01a4e2b3) or      t0, s1, s10
core   0: 3 0x80008456 (0x01a4e2b3) x 5 0x00001000
core   0: 0x8000845a (0x00ca1b93) slli    s7, s4, 12
core   0: 3 0x8000845a (0x00ca1b93) x23 0x0ee64000
core   0: 0x8000845e (0x02273933) mulhu   s2, a4, sp
core   0: 3 0x8000845e (0x02273933) x18 0x71456349
core   0: 0x80008462 (0x00000b9e) c.slli  s7, 7
core   0: 3 0x80008462 (0x0b9e) x23 0x73200000
core   0: 0x80008464 (0x0269c133) div     sp, s3, t1
core   0: 3 0x80008464 (0x0269c133) x 2 0x00000000
core   0: 0x80008468 (0x02af3933) mulhu   s2, t5, a0
core   0: 3 0x80008468 (0x02af3933) x18 0x00772118
core   0: 0x8000846c (0x00000001) c.nop
core   0: 3 0x8000846c (0x0001)
core   0: 0x8000846e (0x27902b93) slti    s7, zero, 633
core   0: 3 0x8000846e (0x27902b93) x23 0x00000001
core   0: 0x80008472 (0x000087a6) c.mv    a5, s1
core   0: 3 0x80008472 (0x87a6) x15 0x00000000
core   0: 0x80008474 (0x036b1bb3) mulh    s7, s6, s6
core   0: 3 0x80008474 (0x036b1bb3) x23 0x270f45ab
core   0: 0x80008478 (0x000083b9) c.srli  a5, 14
core   0: 3 0x80008478 (0x83b9) x15 0x00000000
core   0: 0x8000847a (0xba492c93) slti    s9, s2, -1116
core   0: 3 0x8000847a (0xba492c93) x25 0x00000000
core   0: 0x8000847e (0x00008cf5) c.and   s1, a3
core   0: 3 0x8000847e (0x8cf5) x 9 0x00000000
core   0: 0x80008480 (0xc9d68b13) addi    s6, a3, -867
core   0: 3 0x80008480 (0xc9d68b13) x22 0x71609c9d
core   0: 0x80008484 (0x00000001) c.nop
core   0: 3 0x80008484 (0x0001)
core   0: 0x80008486 (0x00008465) c.srai  s0, 25
core   0: 3 0x80008486 (0x8465) x 8 0x00000000
core   0: 0x80008488 (0x000064ed) c.lui   s1, 0x1b
core   0: 3 0x80008488 (0x64ed) x 9 0x0001b000
core   0: 0x8000848a (0x40a08833) sub     a6, ra, a0
core   0: 3 0x8000848a (0x40a08833) x16 0x7ffed31c
core   0: 0x8000848e (0xb2317437) lui     s0, 0xb2317
core   0: 3 0x8000848e (0xb2317437) x 8 0xb2317000
core   0: 0x80008492 (0x41ed07b3) sub     a5, s10, t5
core   0: 3 0x80008492 (0x41ed07b3) x15 0xff11d000
core   0: 0x80008496 (0x00000086) c.slli  ra, 1
core   0: 3 0x80008496 (0x0086) x 1 0x00000000
core   0: 0x80008498 (0x00032cb3) slt     s9, t1, zero
core   0: 3 0x80008498 (0x00032cb3) x25 0x00000000
core   0: 0x8000849c (0xcd3a2693) slti    a3, s4, -813
core   0: 3 0x8000849c (0xcd3a2693) x13 0x00000001
core   0: 0x800084a0 (0x00fea1b3) slt     gp, t4, a5
core   0: 3 0x800084a0 (0x00fea1b3) x 3 0x00000000
core   0: 0x800084a4 (0x00006a09) c.lui   s4, 0x2
core   0: 3 0x800084a4 (0x6a09) x20 0x00002000
core   0: 0x800084a6 (0x03f076b3) remu    a3, zero, t6
core   0: 3 0x800084a6 (0x03f076b3) x13 0x00000000
core   0: 0x800084aa (0x00008e2d) c.xor   a2, a1
core   0: 3 0x800084aa (0x8e2d) x12 0x7ff3402c
core   0: 0x800084ac (0x0000717d) c.addi16sp sp, -16
core   0: 3 0x800084ac (0x717d) x 2 0xfffffff0
core   0: 0x800084ae (0x0000841a) c.mv    s0, t1
core   0: 3 0x800084ae (0x841a) x 8 0x6442101c
core   0: 0x800084b0 (0x000017fd) c.addi  a5, -1
core   0: 3 0x800084b0 (0x17fd) x15 0xff11cfff
core   0: 0x800084b2 (0x00ed9313) slli    t1, s11, 14
core   0: 3 0x800084b2 (0x00ed9313) x 6 0x004e8000
core   0: 0x800084b6 (0x000081fa) c.mv    gp, t5
core   0: 3 0x800084b6 (0x81fa) x 3 0x00ee4000
core   0: 0x800084b8 (0x00008b0d) c.andi  a4, 3
core   0: 3 0x800084b8 (0x8b0d) x14 0x00000000
core   0: 0x800084ba (0x00000001) c.nop
core   0: 3 0x800084ba (0x0001)
core   0: 0x800084bc (0x0000717d) c.addi16sp sp, -16
core   0: 3 0x800084bc (0x717d) x 2 0xffffffe0
core   0: 0x800084be (0x00000001) c.nop
core   0: 3 0x800084be (0x0001)
core   0: 0x800084c0 (0x00000001) c.nop
core   0: 3 0x800084c0 (0x0001)
core   0: 0x800084c2 (0x03388733) mul     a4, a7, s3
core   0: 3 0x800084c2 (0x03388733) x14 0x00000000
core   0: 0x800084c6 (0x01a2c7b3) xor     a5, t0, s10
core   0: 3 0x800084c6 (0x01a2c7b3) x15 0x00000000
core   0: 0x800084ca (0x00008775) c.srai  a4, 29
core   0: 3 0x800084ca (0x8775) x14 0x00000000
core   0: 0x800084cc (0x016687b3) add     a5, a3, s6
core   0: 3 0x800084cc (0x016687b3) x15 0x71609c9d
core   0: 0x800084d0 (0x00008fa1) c.xor   a5, s0
core   0: 3 0x800084d0 (0x8fa1) x15 0x15228c81
core   0: 0x800084d2 (0x6f73c113) xori    sp, t2, 1783
core   0: 3 0x800084d2 (0x6f73c113) x 2 0x000006f7
core   0: 0x800084d6 (0x0000614d) c.addi16sp sp, 176
core   0: 3 0x800084d6 (0x614d) x 2 0x000007a7
core   0: 0x800084d8 (0xf8f54cb7) lui     s9, 0xf8f54
core   0: 3 0x800084d8 (0xf8f54cb7) x25 0xf8f54000
core   0: 0x800084dc (0x03ffd333) divu    t1, t6, t6
core   0: 3 0x800084dc (0x03ffd333) x 6 0x00000001
core   0: 0x800084e0 (0x41f5a913) slti    s2, a1, 1055
core   0: 3 0x800084e0 (0x41f5a913) x18 0x00000001
core   0: 0x800084e4 (0x00006951) c.lui   s2, 0x14
core   0: 3 0x800084e4 (0x6951) x18 0x00014000
core   0: 0x800084e6 (0x00006925) c.lui   s2, 0x9
core   0: 3 0x800084e6 (0x6925) x18 0x00009000
core   0: 0x800084e8 (0x00009b7d) c.andi  a4, -1
core   0: 3 0x800084e8 (0x9b7d) x14 0x00000000
core   0: 0x800084ea (0x3e387d93) andi    s11, a6, 995
core   0: 3 0x800084ea (0x3e387d93) x27 0x00000300
core   0: 0x800084ee (0x736e8113) addi    sp, t4, 1846
core   0: 3 0x800084ee (0x736e8113) x 2 0x00006736
core   0: 0x800084f2 (0x00008cc9) c.or    s1, a0
core   0: 3 0x800084f2 (0x8cc9) x 9 0x8001bce4
core   0: 0x800084f4 (0x00752e33) slt     t3, a0, t2
core   0: 3 0x800084f4 (0x00752e33) x28 0x00000001
core   0: 0x800084f8 (0x00000001) c.nop
core   0: 3 0x800084f8 (0x0001)
core   0: 0x800084fa (0x00000001) c.nop
core   0: 3 0x800084fa (0x0001)
core   0: 0x800084fc (0x41c8d793) srai    a5, a7, 28
core   0: 3 0x800084fc (0x41c8d793) x15 0x00000000
core   0: 0x80008500 (0x00008035) c.srli  s0, 13
core   0: 3 0x80008500 (0x8035) x 8 0x00032210
core   0: 0x80008502 (0x021ad933) divu    s2, s5, ra
core   0: 3 0x80008502 (0x021ad933) x18 0xffffffff
core   0: 0x80008506 (0x00981033) sll     zero, a6, s1
core   0: 3 0x80008506 (0x00981033)
core   0: 0x8000850a (0x00008ef1) c.and   a3, a2
core   0: 3 0x8000850a (0x8ef1) x13 0x00000000
core   0: 0x8000850c (0x414551b3) sra     gp, a0, s4
core   0: 3 0x8000850c (0x414551b3) x 3 0x80012ce4
core   0: 0x80008510 (0x16206117) auipc   sp, 0x16206
core   0: 3 0x80008510 (0x16206117) x 2 0x9620e510
core   0: 0x80008514 (0x00008399) c.srli  a5, 6
core   0: 3 0x80008514 (0x8399) x15 0x00000000
core   0: 0x80008516 (0x00008cf1) c.and   s1, a2
core   0: 3 0x80008516 (0x8cf1) x 9 0x00010024
core   0: 0x80008518 (0x00006785) c.lui   a5, 0x1
core   0: 3 0x80008518 (0x6785) x15 0x00001000
core   0: 0x8000851a (0x00000001) c.nop
core   0: 3 0x8000851a (0x0001)
core   0: 0x8000851c (0x00008ce9) c.and   s1, a0
core   0: 3 0x8000851c (0x8ce9) x 9 0x00010024
core   0: 0x8000851e (0x0000612d) c.addi16sp sp, 224
core   0: 3 0x8000851e (0x612d) x 2 0x9620e5f0
core   0: 0x80008520 (0x000067cd) c.lui   a5, 0x13
core   0: 3 0x80008520 (0x67cd) x15 0x00013000
core   0: 0x80008522 (0x03dde0b3) rem     ra, s11, t4
core   0: 3 0x80008522 (0x03dde0b3) x 1 0x00000300
core   0: 0x80008526 (0x00143933) sltu    s2, s0, ra
core   0: 3 0x80008526 (0x00143933) x18 0x00000000
core   0: 0x8000852a (0x0000464d) c.li    a2, 19
core   0: 3 0x8000852a (0x464d) x12 0x00000013
core   0: 0x8000852c (0x00c316b3) sll     a3, t1, a2
core   0: 3 0x8000852c (0x00c316b3) x13 0x00080000
core   0: 0x80008530 (0x29902db7) lui     s11, 0x29902
core   0: 3 0x80008530 (0x29902db7) x27 0x29902000
core   0: 0x80008534 (0x00006dd9) c.lui   s11, 0x16
core   0: 3 0x80008534 (0x6dd9) x27 0x00016000
core   0: 0x80008536 (0x000064e9) c.lui   s1, 0x1a
core   0: 3 0x80008536 (0x64e9) x 9 0x0001a000
core   0: 0x80008538 (0x03e83f33) mulhu   t5, a6, t5
core   0: 3 0x80008538 (0x03e83f33) x30 0x00771ee7
core   0: 0x8000853c (0x000083f9) c.srli  a5, 30
core   0: 3 0x8000853c (0x83f9) x15 0x00000000
core   0: 0x8000853e (0x00008b21) c.andi  a4, 8
core   0: 3 0x8000853e (0x8b21) x14 0x00000000
core   0: 0x80008540 (0x0305b733) mulhu   a4, a1, a6
core   0: 3 0x80008540 (0x0305b733) x14 0x3fffe0be
core   0: 0x80008544 (0x00009b7d) c.andi  a4, -1
core   0: 3 0x80008544 (0x9b7d) x14 0x3fffe0be
core   0: 0x80008546 (0x00000d9e) c.slli  s11, 7
core   0: 3 0x80008546 (0x0d9e) x27 0x00b00000
core   0: 0x80008548 (0x000080f1) c.srli  s1, 28
core   0: 3 0x80008548 (0x80f1) x 9 0x00000000
core   0: 0x8000854a (0x00008ff5) c.and   a5, a3
core   0: 3 0x8000854a (0x8ff5) x15 0x00000000
core   0: 0x8000854c (0x012fd733) srl     a4, t6, s2
core   0: 3 0x8000854c (0x012fd733) x14 0x0000a000
core   0: 0x80008550 (0x00008ed5) c.or    a3, a3
core   0: 3 0x80008550 (0x8ed5) x13 0x00080000
core   0: 0x80008552 (0x00705613) srli    a2, zero, 7
core   0: 3 0x80008552 (0x00705613) x12 0x00000000
core   0: 0x80008556 (0x00000001) c.nop
core   0: 3 0x80008556 (0x0001)
core   0: 0x80008558 (0x02908233) mul     tp, ra, s1
core   0: 3 0x80008558 (0x02908233) x 4 0x00000000
core   0: 0x8000855c (0x02a0f733) remu    a4, ra, a0
core   0: 3 0x8000855c (0x02a0f733) x14 0x00000300
core   0: 0x80008560 (0x03334db3) div     s11, t1, s3
core   0: 3 0x80008560 (0x03334db3) x27 0x00000000
core   0: 0x80008564 (0x00000001) c.nop
core   0: 3 0x80008564 (0x0001)
core   0: 0x80008566 (0x000061ed) c.lui   gp, 0x1b
core   0: 3 0x80008566 (0x61ed) x 3 0x0001b000
core   0: 0x80008568 (0x0000127d) c.addi  tp, -1
core   0: 3 0x80008568 (0x127d) x 4 0xffffffff
core   0: 0x8000856a (0x00008c5d) c.or    s0, a5
core   0: 3 0x8000856a (0x8c5d) x 8 0x00032210
core   0: 0x8000856c (0x00008cd9) c.or    s1, a4
core   0: 3 0x8000856c (0x8cd9) x 9 0x00000300
core   0: 0x8000856e (0x417b0033) sub     zero, s6, s7
core   0: 3 0x8000856e (0x417b0033)
core   0: 0x80008572 (0x18be6793) ori     a5, t3, 395
core   0: 3 0x80008572 (0x18be6793) x15 0x0000018b
core   0: 0x80008576 (0x598639b7) lui     s3, 0x59863
core   0: 3 0x80008576 (0x598639b7) x19 0x59863000
core   0: 0x8000857a (0x00008cd1) c.or    s1, a2
core   0: 3 0x8000857a (0x8cd1) x 9 0x00000300
core   0: 0x8000857c (0xed03ec97) auipc   s9, 0xed03e
core   0: 3 0x8000857c (0xed03ec97) x25 0x6d04657c
core   0: 0x80008580 (0x00f641b3) xor     gp, a2, a5
core   0: 3 0x80008580 (0x00f641b3) x 3 0x0000018b
core   0: 0x80008584 (0x00008e6e) c.mv    t3, s11
core   0: 3 0x80008584 (0x8e6e) x28 0x00000000
core   0: 0x80008586 (0x01fc80b3) add     ra, s9, t6
core   0: 3 0x80008586 (0x01fc80b3) x 1 0x6d05057c
core   0: 0x8000858a (0x03b620b3) mulhsu  ra, a2, s11
core   0: 3 0x8000858a (0x03b620b3) x 1 0x00000000
core   0: 0x8000858e (0x01a489b3) add     s3, s1, s10
core   0: 3 0x8000858e (0x01a489b3) x19 0x00001300
core   0: 0x80008592 (0x00008f2d) c.xor   a4, a1
core   0: 3 0x80008592 (0x8f2d) x14 0x8000ed64
core   0: 0x80008594 (0xaae7f393) andi    t2, a5, -1362
core   0: 3 0x80008594 (0xaae7f393) x 7 0x0000008a
core   0: 0x80008598 (0x038d9bb3) mulh    s7, s11, s8
core   0: 3 0x80008598 (0x038d9bb3) x23 0x00000000
core   0: 0x8000859c (0x016dc0b3) xor     ra, s11, s6
core   0: 3 0x8000859c (0x016dc0b3) x 1 0x71609c9d
core   0: 0x800085a0 (0x0000577d) c.li    a4, -1
core   0: 3 0x800085a0 (0x577d) x14 0xffffffff
core   0: 0x800085a2 (0x00008ad5) c.andi  a3, 21
core   0: 3 0x800085a2 (0x8ad5) x13 0x00000000
core   0: 0x800085a4 (0x013c06b3) add     a3, s8, s3
core   0: 3 0x800085a4 (0x013c06b3) x13 0xffc2913f
core   0: 0x800085a8 (0x00526233) or      tp, tp, t0
core   0: 3 0x800085a8 (0x00526233) x 4 0xffffffff
core   0: 0x800085ac (0x011b9cb3) sll     s9, s7, a7
core   0: 3 0x800085ac (0x011b9cb3) x25 0x00000000
core   0: 0x800085b0 (0x01c934b3) sltu    s1, s2, t3
core   0: 3 0x800085b0 (0x01c934b3) x 9 0x00000000
core   0: 0x800085b4 (0x0350c033) div     zero, ra, s5
core   0: 3 0x800085b4 (0x0350c033)
core   0: 0x800085b8 (0x000080bd) c.srli  s1, 15
core   0: 3 0x800085b8 (0x80bd) x 9 0x00000000
core   0: 0x800085ba (0x01dbe9b3) or      s3, s7, t4
core   0: 3 0x800085ba (0x01dbe9b3) x19 0x00006000
core   0: 0x800085be (0x038b1133) mulh    sp, s6, s8
core   0: 3 0x800085be (0x038b1133) x 2 0xffe4c283
core   0: 0x800085c2 (0x00008225) c.srli  a2, 9
core   0: 3 0x800085c2 (0x8225) x12 0x00000000
core   0: 0x800085c4 (0x41745893) srai    a7, s0, 23
core   0: 3 0x800085c4 (0x41745893) x17 0x00000000
core   0: 0x800085c8 (0x00008e99) c.sub   a3, a4
core   0: 3 0x800085c8 (0x8e99) x13 0xffc29140
core   0: 0x800085ca (0x00008c29) c.xor   s0, a0
core   0: 3 0x800085ca (0x8c29) x 8 0x80020ef4
core   0: 0x800085cc (0x02e94233) div     tp, s2, a4
core   0: 3 0x800085cc (0x02e94233) x 4 0x00000000
core   0: 0x800085d0 (0x0143ab33) slt     s6, t2, s4
core   0: 3 0x800085d0 (0x0143ab33) x22 0x00000001
core   0: 0x800085d4 (0x03d02333) mulhsu  t1, zero, t4
core   0: 3 0x800085d4 (0x03d02333) x 6 0x00000000
core   0: 0x800085d8 (0x01009e93) slli    t4, ra, 16
core   0: 3 0x800085d8 (0x01009e93) x29 0x9c9d0000
core   0: 0x800085dc (0x0000717d) c.addi16sp sp, -16
core   0: 3 0x800085dc (0x717d) x 2 0xffe4c273
core   0: 0x800085de (0x018e6b33) or      s6, t3, s8
core   0: 3 0x800085de (0x018e6b33) x22 0xffc27e3f
core   0: 0x800085e2 (0x01996d33) or      s10, s2, s9
core   0: 3 0x800085e2 (0x01996d33) x26 0x00000000
core   0: 0x800085e6 (0x00e274b3) and     s1, tp, a4
core   0: 3 0x800085e6 (0x00e274b3) x 9 0x00000000
core   0: 0x800085ea (0xade2ef13) ori     t5, t0, -1314
core   0: 3 0x800085ea (0xade2ef13) x30 0xfffffade
core   0: 0x800085ee (0x000001de) c.slli  gp, 23
core   0: 3 0x800085ee (0x01de) x 3 0xc5800000
core   0: 0x800085f0 (0xa6d9b393) sltiu   t2, s3, -1427
core   0: 3 0x800085f0 (0xa6d9b393) x 7 0x00000001
core   0: 0x800085f4 (0x419edf93) srai    t6, t4, 25
core   0: 3 0x800085f4 (0x419edf93) x31 0xffffffce
core   0: 0x800085f8 (0xbe1ebf93) sltiu   t6, t4, -1055
core   0: 3 0x800085f8 (0xbe1ebf93) x31 0x00000001
core   0: 0x800085fc (0x4a3fb613) sltiu   a2, t6, 1187
core   0: 3 0x800085fc (0x4a3fb613) x12 0x00000001
core   0: 0x80008600 (0x00ff1eb3) sll     t4, t5, a5
core   0: 3 0x80008600 (0x00ff1eb3) x29 0xffd6f000
core   0: 0x80008604 (0x02caa133) mulhsu  sp, s5, a2
core   0: 3 0x80008604 (0x02caa133) x 2 0x00000000
core   0: 0x80008608 (0x00001194) c.addi4spn a3, sp, 224
core   0: 3 0x80008608 (0x1194) x13 0x000000e0
core   0: 0x8000860a (0x886fa213) slti    tp, t6, -1914
core   0: 3 0x8000860a (0x886fa213) x 4 0x00000000
core   0: 0x8000860e (0x00004ddd) c.li    s11, 23
core   0: 3 0x8000860e (0x4ddd) x27 0x00000017
core   0: 0x80008610 (0x0184dd13) srli    s10, s1, 24
core   0: 3 0x80008610 (0x0184dd13) x26 0x00000000
core   0: 0x80008614 (0x01070033) add     zero, a4, a6
core   0: 3 0x80008614 (0x01070033)
core   0: 0x80008618 (0x01ef6933) or      s2, t5, t5
core   0: 3 0x80008618 (0x01ef6933) x18 0xfffffade
core   0: 0x8000861c (0x00008c11) c.sub   s0, a2
core   0: 3 0x8000861c (0x8c11) x 8 0x80020ef3
core   0: 0x8000861e (0x02f469b3) rem     s3, s0, a5
core   0: 3 0x8000861e (0x02f469b3) x19 0xfffffe8a
core   0: 0x80008622 (0x0376edb3) rem     s11, a3, s7
core   0: 3 0x80008622 (0x0376edb3) x27 0x000000e0
core   0: 0x80008626 (0x00000001) c.nop
core   0: 3 0x80008626 (0x0001)
core   0: 0x80008628 (0x03c11033) mulh    zero, sp, t3
core   0: 3 0x80008628 (0x03c11033)
core   0: 0x8000862c (0x3a7fb813) sltiu   a6, t6, 935
core   0: 3 0x8000862c (0x3a7fb813) x16 0x00000001
core   0: 0x80008630 (0x00000001) c.nop
core   0: 3 0x80008630 (0x0001)
core   0: 0x80008632 (0x00009a06) c.add   s4, ra
core   0: 3 0x80008632 (0x9a06) x20 0x7160bc9d
core   0: 0x80008634 (0x00006785) c.lui   a5, 0x1
core   0: 3 0x80008634 (0x6785) x15 0x00001000
core   0: 0x80008636 (0x00001010) c.addi4spn a2, sp, 32
core   0: 3 0x80008636 (0x1010) x12 0x00000020
core   0: 0x80008638 (0x410adf13) srai    t5, s5, 16
core   0: 3 0x80008638 (0x410adf13) x30 0x00000000
core   0: 0x8000863c (0x7e728093) addi    ra, t0, 2023
core   0: 3 0x8000863c (0x7e728093) x 1 0x000017e7
core   0: 0x80008640 (0xc6e74f37) lui     t5, 0xc6e74
core   0: 3 0x80008640 (0xc6e74f37) x30 0xc6e74000
core   0: 0x80008644 (0x00008829) c.andi  s0, 10
core   0: 3 0x80008644 (0x8829) x 8 0x00000002
core   0: 0x80008646 (0x03b06333) rem     t1, zero, s11
core   0: 3 0x80008646 (0x03b06333) x 6 0x00000000
core   0: 0x8000864a (0x029ee033) rem     zero, t4, s1
core   0: 3 0x8000864a (0x029ee033)
core   0: 0x8000864e (0x0000717d) c.addi16sp sp, -16
core   0: 3 0x8000864e (0x717d) x 2 0xfffffff0
core   0: 0x80008650 (0x570b0f13) addi    t5, s6, 1392
core   0: 3 0x80008650 (0x570b0f13) x30 0xffc283af
core   0: 0x80008654 (0x000083bd) c.srli  a5, 15
core   0: 3 0x80008654 (0x83bd) x15 0x00000000
core   0: 0x80008656 (0x03499db3) mulh    s11, s3, s4
core   0: 3 0x80008656 (0x03499db3) x27 0xffffff5a
core   0: 0x8000865a (0x02ab8f33) mul     t5, s7, a0
core   0: 3 0x8000865a (0x02ab8f33) x30 0x00000000
core   0: 0x8000865e (0x40d40033) sub     zero, s0, a3
core   0: 3 0x8000865e (0x40d40033)
core   0: 0x80008662 (0x0f86c093) xori    ra, a3, 248
core   0: 3 0x80008662 (0x0f86c093) x 1 0x00000018
core   0: 0x80008666 (0x00000001) c.nop
core   0: 3 0x80008666 (0x0001)
core   0: 0x80008668 (0x00008c2d) c.xor   s0, a1
core   0: 3 0x80008668 (0x8c2d) x 8 0x8000ee66
core   0: 0x8000866a (0x40068d33) sub     s10, a3, zero
core   0: 3 0x8000866a (0x40068d33) x26 0x000000e0
core   0: 0x8000866e (0x01ce9d33) sll     s10, t4, t3
core   0: 3 0x8000866e (0x01ce9d33) x26 0xffd6f000
core   0: 0x80008672 (0x023327b3) mulhsu  a5, t1, gp
core   0: 3 0x80008672 (0x023327b3) x15 0x00000000
core   0: 0x80008676 (0x455df993) andi    s3, s11, 1109
core   0: 3 0x80008676 (0x455df993) x19 0x00000450
core   0: 0x8000867a (0x0205b233) mulhu   tp, a1, zero
core   0: 3 0x8000867a (0x0205b233) x 4 0x00000000
core   0: 0x8000867e (0xa838da17) auipc   s4, 0xa838d
core   0: 3 0x8000867e (0xa838da17) x20 0x2839567e
core   0: 0x80008682 (0x00000001) c.nop
core   0: 3 0x80008682 (0x0001)
core   0: 0x80008684 (0x000061f5) c.lui   gp, 0x1d
core   0: 3 0x80008684 (0x61f5) x 3 0x0001d000
core   0: 0x80008686 (0x00000dd6) c.slli  s11, 21
core   0: 3 0x80008686 (0x0dd6) x27 0xeb400000
core   0: 0x80008688 (0xbbf5a737) lui     a4, 0xbbf5a
core   0: 3 0x80008688 (0xbbf5a737) x14 0xbbf5a000
core   0: 0x8000868c (0x036f5b33) divu    s6, t5, s6
core   0: 3 0x8000868c (0x036f5b33) x22 0x00000000
core   0: 0x80008690 (0x00000001) c.nop
core   0: 3 0x80008690 (0x0001)
core   0: 0x80008692 (0x00008c9d) c.sub   s1, a5
core   0: 3 0x80008692 (0x8c9d) x 9 0x00000000
core   0: 0x80008694 (0x038ab6b3) mulhu   a3, s5, s8
core   0: 3 0x80008694 (0x038ab6b3) x13 0x00000000
core   0: 0x80008698 (0x19b1f217) auipc   tp, 0x19b1f
core   0: 3 0x80008698 (0x19b1f217) x 4 0x99b27698
core   0: 0x8000869c (0x41c5dd33) sra     s10, a1, t3
core   0: 3 0x8000869c (0x41c5dd33) x26 0x8000ee64
core   0: 0x800086a0 (0x00000001) c.nop
core   0: 3 0x800086a0 (0x0001)
core   0: 0x800086a2 (0x83e82993) slti    s3, a6, -1986
core   0: 3 0x800086a2 (0x83e82993) x19 0x00000000
core   0: 0x800086a6 (0x9d936793) ori     a5, t1, -1575
core   0: 3 0x800086a6 (0x9d936793) x15 0xfffff9d9
core   0: 0x800086aa (0x01a3dbb3) srl     s7, t2, s10
core   0: 3 0x800086aa (0x01a3dbb3) x23 0x00000000
core   0: 0x800086ae (0x00000cba) c.slli  s9, 14
core   0: 3 0x800086ae (0x0cba) x25 0x00000000
core   0: 0x800086b0 (0x46928f93) addi    t6, t0, 1129
core   0: 3 0x800086b0 (0x46928f93) x31 0x00001469
core   0: 0x800086b4 (0x0000717d) c.addi16sp sp, -16
core   0: 3 0x800086b4 (0x717d) x 2 0xffffffe0
core   0: 0x800086b6 (0x00008f69) c.and   a4, a0
core   0: 3 0x800086b6 (0x8f69) x14 0x80012000
core   0: 0x800086b8 (0x00004b95) c.li    s7, 5
core   0: 3 0x800086b8 (0x4b95) x23 0x00000005
core   0: 0x800086ba (0xcc123193) sltiu   gp, tp, -831
core   0: 3 0x800086ba (0xcc123193) x 3 0x00000001
core   0: 0x800086be (0x000002e2) c.slli  t0, 24
core   0: 3 0x800086be (0x02e2) x 5 0x00000000
core   0: 0x800086c0 (0x00008e25) c.xor   a2, s1
core   0: 3 0x800086c0 (0x8e25) x12 0x00000020
core   0: 0x800086c2 (0x83aabf17) auipc   t5, 0x83aab
core   0: 3 0x800086c2 (0x83aabf17) x30 0x03ab36c2
core   0: 0x800086c6 (0x008f80b3) add     ra, t6, s0
core   0: 3 0x800086c6 (0x008f80b3) x 1 0x800102cf
core   0: 0x800086ca (0x03e2a3b3) mulhsu  t2, t0, t5
core   0: 3 0x800086ca (0x03e2a3b3) x 7 0x00000000
core   0: 0x800086ce (0x00008c81) c.sub   s1, s0
core   0: 3 0x800086ce (0x8c81) x 9 0x7fff119a
core   0: 0x800086d0 (0x00628fb3) add     t6, t0, t1
core   0: 3 0x800086d0 (0x00628fb3) x31 0x00000000
core   0: 0x800086d4 (0xec1b9437) lui     s0, 0xec1b9
core   0: 3 0x800086d4 (0xec1b9437) x 8 0xec1b9000
core   0: 0x800086d8 (0x00006a41) c.lui   s4, 0x10
core   0: 3 0x800086d8 (0x6a41) x20 0x00010000
core   0: 0x800086da (0x41bbdeb3) sra     t4, s7, s11
core   0: 3 0x800086da (0x41bbdeb3) x29 0x00000005
core   0: 0x800086de (0x00000001) c.nop
core   0: 3 0x800086de (0x0001)
core   0: 0x800086e0 (0x01c4c9b3) xor     s3, s1, t3
core   0: 3 0x800086e0 (0x01c4c9b3) x19 0x7fff119a
core   0: 0x800086e4 (0x0207b033) mulhu   zero, a5, zero
core   0: 3 0x800086e4 (0x0207b033)
core   0: 0x800086e8 (0x5c260093) addi    ra, a2, 1474
core   0: 3 0x800086e8 (0x5c260093) x 1 0x000005e2
core   0: 0x800086ec (0x00000c18) c.addi4spn a4, sp, 528
core   0: 3 0x800086ec (0x0c18) x14 0x000001f0
core   0: 0x800086ee (0x000086b1) c.srai  a3, 12
core   0: 3 0x800086ee (0x86b1) x13 0x00000000
core   0: 0x800086f0 (0x00000001) c.nop
core   0: 3 0x800086f0 (0x0001)
core   0: 0x800086f2 (0x0369b133) mulhu   sp, s3, s6
core   0: 3 0x800086f2 (0x0369b133) x 2 0x00000000
core   0: 0x800086f6 (0x003bca33) xor     s4, s7, gp
core   0: 3 0x800086f6 (0x003bca33) x20 0x00000004
core   0: 0x800086fa (0x00008c19) c.sub   s0, a4
core   0: 3 0x800086fa (0x8c19) x 8 0xec1b8e10
core   0: 0x800086fc (0x01fbdd33) srl     s10, s7, t6
core   0: 3 0x800086fc (0x01fbdd33) x26 0x00000005
core   0: 0x80008700 (0x016d7d33) and     s10, s10, s6
core   0: 3 0x80008700 (0x016d7d33) x26 0x00000000
core   0: 0x80008704 (0x03084633) div     a2, a6, a6
core   0: 3 0x80008704 (0x03084633) x12 0x00000001
core   0: 0x80008708 (0x02df6e33) rem     t3, t5, a3
core   0: 3 0x80008708 (0x02df6e33) x28 0x03ab36c2
core   0: 0x8000870c (0x02d6d2b3) divu    t0, a3, a3
core   0: 3 0x8000870c (0x02d6d2b3) x 5 0xffffffff
core   0: 0x80008710 (0x0000882d) c.andi  s0, 11
core   0: 3 0x80008710 (0x882d) x 8 0x00000000
core   0: 0x80008712 (0x00008339) c.srli  a4, 14
core   0: 3 0x80008712 (0x8339) x14 0x00000000
core   0: 0x80008714 (0x021c30b3) mulhu   ra, s8, ra
core   0: 3 0x80008714 (0x021c30b3) x 1 0x000005e0
core   0: 0x80008718 (0x00008ed9) c.or    a3, a4
core   0: 3 0x80008718 (0x8ed9) x13 0x00000000
core   0: 0x8000871a (0x021121b3) mulhsu  gp, sp, ra
core   0: 3 0x8000871a (0x021121b3) x 3 0x00000000
core   0: 0x8000871e (0x00008f11) c.sub   a4, a2
core   0: 3 0x8000871e (0x8f11) x14 0xffffffff
core   0: 0x80008720 (0x4186dab3) sra     s5, a3, s8
core   0: 3 0x80008720 (0x4186dab3) x21 0x00000000
core   0: 0x80008724 (0x0000935a) c.add   t1, s6
core   0: 3 0x80008724 (0x935a) x 6 0x00000000
core   0: 0x80008726 (0x000086ed) c.srai  a3, 27
core   0: 3 0x80008726 (0x86ed) x13 0x00000000
core   0: 0x80008728 (0x00009bfd) c.andi  a5, -1
core   0: 3 0x80008728 (0x9bfd) x15 0xfffff9d9
core   0: 0x8000872a (0x00d71c93) slli    s9, a4, 13
core   0: 3 0x8000872a (0x00d71c93) x25 0xffffe000
core   0: 0x8000872e (0x034e18b3) mulh    a7, t3, s4
core   0: 3 0x8000872e (0x034e18b3) x17 0x00000000
core   0: 0x80008732 (0xb652ee13) ori     t3, t0, -1179
core   0: 3 0x80008732 (0xb652ee13) x28 0xffffffff
core   0: 0x80008736 (0xd5ed3117) auipc   sp, 0xd5ed3
core   0: 3 0x80008736 (0xd5ed3117) x 2 0x55edb736
core   0: 0x8000873a (0x009494b3) sll     s1, s1, s1
core   0: 3 0x8000873a (0x009494b3) x 9 0x68000000
core   0: 0x8000873e (0xd818c893) xori    a7, a7, -639
core   0: 3 0x8000873e (0xd818c893) x17 0xfffffd81
core   0: 0x80008742 (0x0074e0b3) or      ra, s1, t2
core   0: 3 0x80008742 (0x0074e0b3) x 1 0x68000000
core   0: 0x80008746 (0x00008ffd) c.and   a5, a5
core   0: 3 0x80008746 (0x8ffd) x15 0xfffff9d9
core   0: 0x80008748 (0x0079e333) or      t1, s3, t2
core   0: 3 0x80008748 (0x0079e333) x 6 0x7fff119a
core   0: 0x8000874c (0x40a55a93) srai    s5, a0, 10
core   0: 3 0x8000874c (0x40a55a93) x21 0xffe0004b
core   0: 0x80008750 (0x000084e5) c.srai  s1, 25
core   0: 3 0x80008750 (0x84e5) x 9 0x00000034
core   0: 0x80008752 (0x0203c1b3) div     gp, t2, zero
core   0: 3 0x80008752 (0x0203c1b3) x 3 0xffffffff
core   0: 0x80008756 (0x01f90cb3) add     s9, s2, t6
core   0: 3 0x80008756 (0x01f90cb3) x25 0xfffffade
core   0: 0x8000875a (0x037bc933) div     s2, s7, s7
core   0: 3 0x8000875a (0x037bc933) x18 0x00000001
core   0: 0x8000875e (0x6a19c893) xori    a7, s3, 1697
core   0: 3 0x8000875e (0x6a19c893) x17 0x7fff173b
core   0: 0x80008762 (0x000012fd) c.addi  t0, -1
core   0: 3 0x80008762 (0x12fd) x 5 0xfffffffe
core   0: 0x80008764 (0x00a53db3) sltu    s11, a0, a0
core   0: 3 0x80008764 (0x00a53db3) x27 0x00000000
core   0: 0x80008768 (0x00a79133) sll     sp, a5, a0
core   0: 3 0x80008768 (0x00a79133) x 2 0xffff9d90
core   0: 0x8000876c (0x00000d9e) c.slli  s11, 7
core   0: 3 0x8000876c (0x0d9e) x27 0x00000000
core   0: 0x8000876e (0xe2af2913) slti    s2, t5, -470
core   0: 3 0x8000876e (0xe2af2913) x18 0x00000000
core   0: 0x80008772 (0x40ab5d93) srai    s11, s6, 10
core   0: 3 0x80008772 (0x40ab5d93) x27 0x00000000
core   0: 0x80008776 (0x4191d333) sra     t1, gp, s9
core   0: 3 0x80008776 (0x4191d333) x 6 0xffffffff
core   0: 0x8000877a (0x02859bb3) mulh    s7, a1, s0
core   0: 3 0x8000877a (0x02859bb3) x23 0x00000000
core   0: 0x8000877e (0x00008261) c.srli  a2, 24
core   0: 3 0x8000877e (0x8261) x12 0x00000000
core   0: 0x80008780 (0x00008ca6) c.mv    s9, s1
core   0: 3 0x80008780 (0x8ca6) x25 0x00000034
core   0: 0x80008782 (0x4106dd13) srai    s10, a3, 16
core   0: 3 0x80008782 (0x4106dd13) x26 0x00000000
core   0: 0x80008786 (0x41055113) srai    sp, a0, 16
core   0: 3 0x80008786 (0x41055113) x 2 0xffff8001
core   0: 0x8000878a (0x00b82233) slt     tp, a6, a1
core   0: 3 0x8000878a (0x00b82233) x 4 0x00000000
core   0: 0x8000878e (0x40bcd3b3) sra     t2, s9, a1
core   0: 3 0x8000878e (0x40bcd3b3) x 7 0x00000003
core   0: 0x80008792 (0x0151beb3) sltu    t4, gp, s5
core   0: 3 0x80008792 (0x0151beb3) x29 0x00000000
core   0: 0x80008796 (0x00001d1c) c.addi4spn a5, sp, 688
core   0: 3 0x80008796 (0x1d1c) x15 0xffff82b1
core   0: 0x80008798 (0x012d2e33) slt     t3, s10, s2
core   0: 3 0x80008798 (0x012d2e33) x28 0x00000000
core   0: 0x8000879c (0x001add93) srli    s11, s5, 1
core   0: 3 0x8000879c (0x001add93) x27 0x7ff00025
core   0: 0x800087a0 (0x023a8fb3) mul     t6, s5, gp
core   0: 3 0x800087a0 (0x023a8fb3) x31 0x001fffb5
core   0: 0x800087a4 (0x41628cb3) sub     s9, t0, s6
core   0: 3 0x800087a4 (0x41628cb3) x25 0xfffffffe
core   0: 0x800087a8 (0x41a95993) srai    s3, s2, 26
core   0: 3 0x800087a8 (0x41a95993) x19 0x00000000
core   0: 0x800087ac (0x00008ae5) c.andi  a3, 25
core   0: 3 0x800087ac (0x8ae5) x13 0x00000000
core   0: 0x800087ae (0x0000151c) c.addi4spn a5, sp, 672
core   0: 3 0x800087ae (0x151c) x15 0xffff82a1
core   0: 0x800087b0 (0x00000a86) c.slli  s5, 1
core   0: 3 0x800087b0 (0x0a86) x21 0xffc00096
core   0: 0x800087b2 (0x03461033) mulh    zero, a2, s4
core   0: 3 0x800087b2 (0x03461033)
core   0: 0x800087b6 (0x039926b3) mulhsu  a3, s2, s9
core   0: 3 0x800087b6 (0x039926b3) x13 0x00000000
core   0: 0x800087ba (0x000084f5) c.srai  s1, 29
core   0: 3 0x800087ba (0x84f5) x 9 0x00000000
core   0: 0x800087bc (0x00e00833) add     a6, zero, a4
core   0: 3 0x800087bc (0x00e00833) x16 0xffffffff
core   0: 0x800087c0 (0x028dbbb3) mulhu   s7, s11, s0
core   0: 3 0x800087c0 (0x028dbbb3) x23 0x00000000
core   0: 0x800087c4 (0x01989c93) slli    s9, a7, 25
core   0: 3 0x800087c4 (0x01989c93) x25 0x76000000
core   0: 0x800087c8 (0x000086d1) c.srai  a3, 20
core   0: 3 0x800087c8 (0x86d1) x13 0x00000000
core   0: 0x800087ca (0x03ffb633) mulhu   a2, t6, t6
core   0: 3 0x800087ca (0x03ffb633) x12 0x000003ff
core   0: 0x800087ce (0x00008c3d) c.xor   s0, a5
core   0: 3 0x800087ce (0x8c3d) x 8 0xffff82a1
core   0: 0x800087d0 (0xb892dcb7) lui     s9, 0xb892d
core   0: 3 0x800087d0 (0xb892dcb7) x25 0xb892d000
core   0: 0x800087d4 (0x00000001) c.nop
core   0: 3 0x800087d4 (0x0001)
core   0: 0x800087d6 (0x0000717d) c.addi16sp sp, -16
core   0: 3 0x800087d6 (0x717d) x 2 0xffff7ff1
core   0: 0x800087d8 (0x00d7d413) srli    s0, a5, 13
core   0: 3 0x800087d8 (0x00d7d413) x 8 0x0007fffc
core   0: 0x800087dc (0x4119d7b3) sra     a5, s3, a7
core   0: 3 0x800087dc (0x4119d7b3) x15 0x00000000
core   0: 0x800087e0 (0x0000831d) c.srli  a4, 7
core   0: 3 0x800087e0 (0x831d) x14 0x01ffffff
core   0: 0x800087e2 (0x00000001) c.nop
core   0: 3 0x800087e2 (0x0001)
core   0: 0x800087e4 (0x00008ffd) c.and   a5, a5
core   0: 3 0x800087e4 (0x8ffd) x15 0x00000000
core   0: 0x800087e6 (0x01802bb3) slt     s7, zero, s8
core   0: 3 0x800087e6 (0x01802bb3) x23 0x00000000
core   0: 0x800087ea (0x62617f93) andi    t6, sp, 1574
core   0: 3 0x800087ea (0x62617f93) x31 0x00000620
core   0: 0x800087ee (0x009a8933) add     s2, s5, s1
core   0: 3 0x800087ee (0x009a8933) x18 0xffc00096
core   0: 0x800087f2 (0x0000717d) c.addi16sp sp, -16
core   0: 3 0x800087f2 (0x717d) x 2 0xffff7fe1
core   0: 0x800087f4 (0xc86ea793) slti    a5, t4, -890
core   0: 3 0x800087f4 (0xc86ea793) x15 0x00000000
core   0: 0x800087f8 (0x00001d7d) c.addi  s10, -1
core   0: 3 0x800087f8 (0x1d7d) x26 0xffffffff
core   0: 0x800087fa (0x005a6fb3) or      t6, s4, t0
core   0: 3 0x800087fa (0x005a6fb3) x31 0xfffffffe
core   0: 0x800087fe (0x000084b9) c.srai  s1, 14
core   0: 3 0x800087fe (0x84b9) x 9 0x00000000
core   0: 0x80008800 (0x00008239) c.srli  a2, 14
core   0: 3 0x80008800 (0x8239) x12 0x00000000
core   0: 0x80008802 (0x03fde333) rem     t1, s11, t6
core   0: 3 0x80008802 (0x03fde333) x 6 0x00000001
core   0: 0x80008806 (0x02a221b3) mulhsu  gp, tp, a0
core   0: 3 0x80008806 (0x02a221b3) x 3 0x00000000
core   0: 0x8000880a (0x5cc4e693) ori     a3, s1, 1484
core   0: 3 0x8000880a (0x5cc4e693) x13 0x000005cc
core   0: 0x8000880e (0x00008f15) c.sub   a4, a3
core   0: 3 0x8000880e (0x8f15) x14 0x01fffa33
core   0: 0x80008810 (0x0284fe33) remu    t3, s1, s0
core   0: 3 0x80008810 (0x0284fe33) x28 0x00000000
core   0: 0x80008814 (0x0142dfb3) srl     t6, t0, s4
core   0: 3 0x80008814 (0x0142dfb3) x31 0x0fffffff
core   0: 0x80008818 (0x0000824e) c.mv    tp, s3
core   0: 3 0x80008818 (0x824e) x 4 0x00000000
core   0: 0x8000881a (0x000088e9) c.andi  s1, 26
core   0: 3 0x8000881a (0x88e9) x 9 0x00000000
core   0: 0x8000881c (0x00001cfd) c.addi  s9, -1
core   0: 3 0x8000881c (0x1cfd) x25 0xb892cfff
core   0: 0x8000881e (0x00008f7d) c.and   a4, a5
core   0: 3 0x8000881e (0x8f7d) x14 0x00000000
core   0: 0x80008820 (0x00000890) c.addi4spn a2, sp, 80
core   0: 3 0x80008820 (0x0890) x12 0xffff8031
core   0: 0x80008822 (0x00000001) c.nop
core   0: 3 0x80008822 (0x0001)
core   0: 0x80008824 (0x00006ed5) c.lui   t4, 0x15
core   0: 3 0x80008824 (0x6ed5) x29 0x00015000
core   0: 0x80008826 (0x01dda833) slt     a6, s11, t4
core   0: 3 0x80008826 (0x01dda833) x16 0x00000000
core   0: 0x8000882a (0x00000f04) c.addi4spn s1, sp, 912
core   0: 3 0x8000882a (0x0f04) x 9 0xffff8371
core   0: 0x8000882c (0xaa88e413) ori     s0, a7, -1368
core   0: 3 0x8000882c (0xaa88e413) x 8 0xffffffbb
core   0: 0x80008830 (0x0289d133) divu    sp, s3, s0
core   0: 3 0x80008830 (0x0289d133) x 2 0x00000000
core   0: 0x80008834 (0x00008475) c.srai  s0, 29
core   0: 3 0x80008834 (0x8475) x 8 0xffffffff
core   0: 0x80008836 (0x00121193) slli    gp, tp, 1
core   0: 3 0x80008836 (0x00121193) x 3 0x00000000
core   0: 0x8000883a (0x01bbbcb3) sltu    s9, s7, s11
core   0: 3 0x8000883a (0x01bbbcb3) x25 0x00000001
core   0: 0x8000883e (0x00004431) c.li    s0, 12
core   0: 3 0x8000883e (0x4431) x 8 0x0000000c
core   0: 0x80008840 (0x00a738b3) sltu    a7, a4, a0
core   0: 3 0x80008840 (0x00a738b3) x17 0x00000001
core   0: 0x80008844 (0x0372c033) div     zero, t0, s7
core   0: 3 0x80008844 (0x0372c033)
core   0: 0x80008848 (0x00006155) c.addi16sp sp, 304
core   0: 3 0x80008848 (0x6155) x 2 0x00000130
core   0: 0x8000884a (0x02aee7b3) rem     a5, t4, a0
core   0: 3 0x8000884a (0x02aee7b3) x15 0x00015000
core   0: 0x8000884e (0x00a56a33) or      s4, a0, a0
core   0: 3 0x8000884e (0x00a56a33) x20 0x80012ce4
core   0: 0x80008852 (0x01e91793) slli    a5, s2, 30
core   0: 3 0x80008852 (0x01e91793) x15 0x80000000
core   0: 0x80008856 (0x84012293) slti    t0, sp, -1984
core   0: 3 0x80008856 (0x84012293) x 5 0x00000000
core   0: 0x8000885a (0x00009bfd) c.andi  a5, -1
core   0: 3 0x8000885a (0x9bfd) x15 0x80000000
core   0: 0x8000885c (0x02cee133) rem     sp, t4, a2
core   0: 3 0x8000885c (0x02cee133) x 2 0x00005062
core   0: 0x80008860 (0x000098fd) c.andi  s1, -1
core   0: 3 0x80008860 (0x98fd) x 9 0xffff8371
core   0: 0x80008862 (0x011926b3) slt     a3, s2, a7
core   0: 3 0x80008862 (0x011926b3) x13 0x00000001
core   0: 0x80008866 (0x00000001) c.nop
core   0: 3 0x80008866 (0x0001)
core   0: 0x80008868 (0x000098fd) c.andi  s1, -1
core   0: 3 0x80008868 (0x98fd) x 9 0xffff8371
core   0: 0x8000886a (0x01508cb3) add     s9, ra, s5
core   0: 3 0x8000886a (0x01508cb3) x25 0x67c00096
core   0: 0x8000886e (0x00000b9d) c.addi  s7, 7
core   0: 3 0x8000886e (0x0b9d) x23 0x00000007
core   0: 0x80008870 (0x01d34033) xor     zero, t1, t4
core   0: 3 0x80008870 (0x01d34033)
core   0: 0x80008874 (0x00000780) c.addi4spn s0, sp, 960
core   0: 3 0x80008874 (0x0780) x 8 0x00005422
core   0: 0x80008876 (0x28904313) xori    t1, zero, 649
core   0: 3 0x80008876 (0x28904313) x 6 0x00000289
core   0: 0x8000887a (0x016dc633) xor     a2, s11, s6
core   0: 3 0x8000887a (0x016dc633) x12 0x7ff00025
core   0: 0x8000887e (0x5ec8af13) slti    t5, a7, 1516
core   0: 3 0x8000887e (0x5ec8af13) x30 0x00000001
core   0: 0x80008882 (0x00000001) c.nop
core   0: 3 0x80008882 (0x0001)
core   0: 0x80008884 (0x41bf07b3) sub     a5, t5, s11
core   0: 3 0x80008884 (0x41bf07b3) x15 0x800fffdc
core   0: 0x80008888 (0x00006cdd) c.lui   s9, 0x17
core   0: 3 0x80008888 (0x6cdd) x25 0x00017000
core   0: 0x8000888a (0x00008fce) c.mv    t6, s3
core   0: 3 0x8000888a (0x8fce) x31 0x00000000
core   0: 0x8000888c (0x03652733) mulhsu  a4, a0, s6
core   0: 3 0x8000888c (0x03652733) x14 0x00000000
core   0: 0x80008890 (0x00089093) slli    ra, a7, 0
core   0: 3 0x80008890 (0x00089093) x 1 0x00000001
core   0: 0x80008894 (0x7c5ffd93) andi    s11, t6, 1989
core   0: 3 0x80008894 (0x7c5ffd93) x27 0x00000000
core   0: 0x80008898 (0x00000500) c.addi4spn s0, sp, 640
core   0: 3 0x80008898 (0x0500) x 8 0x000052e2
core   0: 0x8000889a (0x00d6d413) srli    s0, a3, 13
core   0: 3 0x8000889a (0x00d6d413) x 8 0x00000000
core   0: 0x8000889e (0x000558b3) srl     a7, a0, zero
core   0: 3 0x8000889e (0x000558b3) x17 0x80012ce4
core   0: 0x800088a2 (0x40a4d813) srai    a6, s1, 10
core   0: 3 0x800088a2 (0x40a4d813) x16 0xffffffe0
core   0: 0x800088a6 (0x0198de33) srl     t3, a7, s9
core   0: 3 0x800088a6 (0x0198de33) x28 0x80012ce4
core   0: 0x800088aa (0x025f7433) remu    s0, t5, t0
core   0: 3 0x800088aa (0x025f7433) x 8 0x00000001
core   0: 0x800088ae (0x00c4de93) srli    t4, s1, 12
core   0: 3 0x800088ae (0x00c4de93) x29 0x000ffff8
core   0: 0x800088b2 (0x00008c2d) c.xor   s0, a1
core   0: 3 0x800088b2 (0x8c2d) x 8 0x8000ee65
core   0: 0x800088b4 (0x00000001) c.nop
core   0: 3 0x800088b4 (0x0001)
core   0: 0x800088b6 (0x68efcb13) xori    s6, t6, 1678
core   0: 3 0x800088b6 (0x68efcb13) x22 0x0000068e
core   0: 0x800088ba (0x03013bb3) mulhu   s7, sp, a6
core   0: 3 0x800088ba (0x03013bb3) x23 0x00005061
core   0: 0x800088be (0x00c19cb3) sll     s9, gp, a2
core   0: 3 0x800088be (0x00c19cb3) x25 0x00000000
core   0: 0x800088c2 (0x000061dd) c.lui   gp, 0x17
core   0: 3 0x800088c2 (0x61dd) x 3 0x00017000
core   0: 0x800088c4 (0x00008e8d) c.sub   a3, a1
core   0: 3 0x800088c4 (0x8e8d) x13 0x7fff119d
core   0: 0x800088c6 (0x8a7c3cb7) lui     s9, 0x8a7c3
core   0: 3 0x800088c6 (0x8a7c3cb7) x25 0x8a7c3000
core   0: 0x800088ca (0x01174d33) xor     s10, a4, a7
core   0: 3 0x800088ca (0x01174d33) x26 0x80012ce4
core   0: 0x800088ce (0x00008f69) c.and   a4, a0
core   0: 3 0x800088ce (0x8f69) x14 0x00000000
core   0: 0x800088d0 (0x03a156b3) divu    a3, sp, s10
core   0: 3 0x800088d0 (0x03a156b3) x13 0x00000000
core   0: 0x800088d4 (0xfb67c413) xori    s0, a5, -74
core   0: 3 0x800088d4 (0xfb67c413) x 8 0x7ff0006a
core   0: 0x800088d8 (0x00000001) c.nop
core   0: 3 0x800088d8 (0x0001)
core   0: 0x800088da (0x0000876d) c.srai  a4, 27
core   0: 3 0x800088da (0x876d) x14 0x00000000
core   0: 0x800088dc (0x01996033) or      zero, s2, s9
core   0: 3 0x800088dc (0x01996033)
core   0: 0x800088e0 (0xdfa2c793) xori    a5, t0, -518
core   0: 3 0x800088e0 (0xdfa2c793) x15 0xfffffdfa
core   0: 0x800088e4 (0x9118b793) sltiu   a5, a7, -1775
core   0: 3 0x800088e4 (0x9118b793) x15 0x00000001
core   0: 0x800088e8 (0x004a9f93) slli    t6, s5, 4
core   0: 3 0x800088e8 (0x004a9f93) x31 0xfc000960
core   0: 0x800088ec (0x00000001) c.nop
core   0: 3 0x800088ec (0x0001)
core   0: 0x800088ee (0x00008c75) c.and   s0, a3
core   0: 3 0x800088ee (0x8c75) x 8 0x00000000
core   0: 0x800088f0 (0x014c6d33) or      s10, s8, s4
core   0: 3 0x800088f0 (0x014c6d33) x26 0xffc37eff
core   0: 0x800088f4 (0x00000001) c.nop
core   0: 3 0x800088f4 (0x0001)
core   0: 0x800088f6 (0x00000001) c.nop
core   0: 3 0x800088f6 (0x0001)
core   0: 0x800088f8 (0x1e9c4413) xori    s0, s8, 489
core   0: 3 0x800088f8 (0x1e9c4413) x 8 0xffc27fd6
core   0: 0x800088fc (0x000000a6) c.slli  ra, 9
core   0: 3 0x800088fc (0x00a6) x 1 0x00000200
core   0: 0x800088fe (0xb6153393) sltiu   t2, a0, -1183
core   0: 3 0x800088fe (0xb6153393) x 7 0x00000001
core   0: 0x80008902 (0x00008319) c.srli  a4, 6
core   0: 3 0x80008902 (0x8319) x14 0x00000000
core   0: 0x80008904 (0x000084a6) c.mv    s1, s1
core   0: 3 0x80008904 (0x84a6) x 9 0xffff8371
core   0: 0x80008906 (0x00008d3e) c.mv    s10, a5
core   0: 3 0x80008906 (0x8d3e) x26 0x00000001
core   0: 0x80008908 (0x00000fe2) c.slli  t6, 24
core   0: 3 0x80008908 (0x0fe2) x31 0x60000000
core   0: 0x8000890a (0x0000717d) c.addi16sp sp, -16
core   0: 3 0x8000890a (0x717d) x 2 0x00005052
core   0: 0x8000890c (0x00000001) c.nop
core   0: 3 0x8000890c (0x0001)
core   0: 0x8000890e (0x00000765) c.addi  a4, 25
core   0: 3 0x8000890e (0x0765) x14 0x00000019
core   0: 0x80008910 (0x39567e13) andi    t3, a2, 917
core   0: 3 0x80008910 (0x39567e13) x28 0x00000005
core   0: 0x80008914 (0x03b9e633) rem     a2, s3, s11
core   0: 3 0x80008914 (0x03b9e633) x12 0x00000000
core   0: 0x80008918 (0x03552b33) mulhsu  s6, a0, s5
core   0: 3 0x80008918 (0x03552b33) x22 0x80212c4d
core   0: 0x8000891c (0x5cfa7d13) andi    s10, s4, 1487
core   0: 3 0x8000891c (0x5cfa7d13) x26 0x000004c4
core   0: 0x80008920 (0xb43ac113) xori    sp, s5, -1213
core   0: 3 0x80008920 (0xb43ac113) x 2 0x003ffbd5
core   0: 0x80008924 (0xc18fbe37) lui     t3, 0xc18fb
core   0: 3 0x80008924 (0xc18fbe37) x28 0xc18fb000
core   0: 0x80008928 (0xae1e0e13) addi    t3, t3, -1311
core   0: 3 0x80008928 (0xae1e0e13) x28 0xc18faae1
core   0: 0x8000892c (0xfff00613) li      a2, -1
core   0: 3 0x8000892c (0xfff00613) x12 0xffffffff
core   0: 0x80008930 (0xfff00113) li      sp, -1
core   0: 3 0x80008930 (0xfff00113) x 2 0xffffffff
core   0: 0x80008934 (0x00004681) c.li    a3, 0
core   0: 3 0x80008934 (0x4681) x13 0x00000000
core   0: 0x80008936 (0x00004b01) c.li    s6, 0
core   0: 3 0x80008936 (0x4b01) x22 0x00000000
core   0: 0x80008938 (0xfff00293) li      t0, -1
core   0: 3 0x80008938 (0xfff00293) x 5 0xffffffff
core   0: 0x8000893c (0x800008b7) lui     a7, 0x80000
core   0: 3 0x8000893c (0x800008b7) x17 0x80000000
core   0: 0x80008940 (0x80000eb7) lui     t4, 0x80000
core   0: 3 0x80008940 (0x80000eb7) x29 0x80000000
core   0: 0x80008944 (0xfff00193) li      gp, -1
core   0: 3 0x80008944 (0xfff00193) x 3 0xffffffff
core   0: 0x80008948 (0x124430b7) lui     ra, 0x12443
core   0: 3 0x80008948 (0x124430b7) x 1 0x12443000
core   0: 0x8000894c (0x18808093) addi    ra, ra, 392
core   0: 3 0x8000894c (0x18808093) x 1 0x12443188
core   0: 0x80008950 (0x03cb6133) rem     sp, s6, t3
core   0: 3 0x80008950 (0x03cb6133) x 2 0x00000000
core   0: 0x80008954 (0x0221a133) mulhsu  sp, gp, sp
core   0: 3 0x80008954 (0x0221a133) x 2 0x00000000
core   0: 0x80008958 (0x03c61133) mulh    sp, a2, t3
core   0: 3 0x80008958 (0x03c61133) x 2 0x00000000
core   0: 0x8000895c (0x416e8eb3) sub     t4, t4, s6
core   0: 3 0x8000895c (0x416e8eb3) x29 0x80000000
core   0: 0x80008960 (0x023101b3) mul     gp, sp, gp
core   0: 3 0x80008960 (0x023101b3) x 3 0x00000000
core   0: 0x80008964 (0x03de96b3) mulh    a3, t4, t4
core   0: 3 0x80008964 (0x03de96b3) x13 0x40000000
core   0: 0x80008968 (0x7ed18b13) addi    s6, gp, 2029
core   0: 3 0x80008968 (0x7ed18b13) x22 0x000007ed
core   0: 0x8000896c (0x022e8133) mul     sp, t4, sp
core   0: 3 0x8000896c (0x022e8133) x 2 0x00000000
core   0: 0x80008970 (0x03de76b3) remu    a3, t3, t4
core   0: 3 0x80008970 (0x03de76b3) x13 0x418faae1
core   0: 0x80008974 (0x022ea8b3) mulhsu  a7, t4, sp
core   0: 3 0x80008974 (0x022ea8b3) x17 0x00000000
core   0: 0x80008978 (0xad971e97) auipc   t4, 0xad971
core   0: 3 0x80008978 (0xad971e97) x29 0x2d979978
core   0: 0x8000897c (0xe6fe8113) addi    sp, t4, -401
core   0: 3 0x8000897c (0xe6fe8113) x 2 0x2d9797e7
core   0: 0x80008980 (0x0251deb3) divu    t4, gp, t0
core   0: 3 0x80008980 (0x0251deb3) x29 0x00000000
core   0: 0x80008984 (0x036892b3) mulh    t0, a7, s6
core   0: 3 0x80008984 (0x036892b3) x 5 0x00000000
core   0: 0x80008988 (0x0230be33) mulhu   t3, ra, gp
core   0: 3 0x80008988 (0x0230be33) x28 0x00000000
core   0: 0x8000898c (0x003ab2b3) sltu    t0, s5, gp
core   0: 3 0x8000898c (0x003ab2b3) x 5 0x00000000
core   0: 0x80008990 (0x86138a13) addi    s4, t2, -1951
core   0: 3 0x80008990 (0x86138a13) x20 0xfffff862
core   0: 0x80008994 (0x00006635) c.lui   a2, 0xd
core   0: 3 0x80008994 (0x6635) x12 0x0000d000
core   0: 0x80008996 (0x00008eaa) c.mv    t4, a0
core   0: 3 0x80008996 (0x8eaa) x29 0x80012ce4
core   0: 0x80008998 (0x01ad7633) and     a2, s10, s10
core   0: 3 0x80008998 (0x01ad7633) x12 0x000004c4
core   0: 0x8000899c (0x00000d5a) c.slli  s10, 22
core   0: 3 0x8000899c (0x0d5a) x26 0x31000000
core   0: 0x8000899e (0x000083e9) c.srli  a5, 26
core   0: 3 0x8000899e (0x83e9) x15 0x00000000
core   0: 0x800089a0 (0x0000843d) c.srai  s0, 15
core   0: 3 0x800089a0 (0x843d) x 8 0xffffff84
core   0: 0x800089a2 (0x00008f19) c.sub   a4, a4
core   0: 3 0x800089a2 (0x8f19) x14 0x00000000
core   0: 0x800089a4 (0x72cf0937) lui     s2, 0x72cf0
core   0: 3 0x800089a4 (0x72cf0937) x18 0x72cf0000
core   0: 0x800089a8 (0x039ec9b3) div     s3, t4, s9
core   0: 3 0x800089a8 (0x039ec9b3) x19 0x00000001
core   0: 0x800089ac (0x02c717b3) mulh    a5, a4, a2
core   0: 3 0x800089ac (0x02c717b3) x15 0x00000000
core   0: 0x800089b0 (0x280f0993) addi    s3, t5, 640
core   0: 3 0x800089b0 (0x280f0993) x19 0x00000281
core   0: 0x800089b4 (0x0008d813) srli    a6, a7, 0
core   0: 3 0x800089b4 (0x0008d813) x16 0x00000000
core   0: 0x800089b8 (0x002e0fb3) add     t6, t3, sp
core   0: 3 0x800089b8 (0x002e0fb3) x31 0x2d9797e7
core   0: 0x800089bc (0x00008e29) c.xor   a2, a0
core   0: 3 0x800089bc (0x8e29) x12 0x80012820
core   0: 0x800089be (0x00000bce) c.slli  s7, 19
core   0: 3 0x800089be (0x0bce) x23 0x83080000
core   0: 0x800089c0 (0xa199fd13) andi    s10, s3, -1511
core   0: 3 0x800089c0 (0xa199fd13) x26 0x00000201
core   0: 0x800089c4 (0x9ad44f93) xori    t6, s0, -1619
core   0: 3 0x800089c4 (0x9ad44f93) x31 0x00000629
core   0: 0x800089c8 (0x0000946a) c.add   s0, s10
core   0: 3 0x800089c8 (0x946a) x 8 0x00000185
core   0: 0x800089ca (0x80ba8737) lui     a4, 0x80ba8
core   0: 3 0x800089ca (0x80ba8737) x14 0x80ba8000
core   0: 0x800089ce (0x01f2d393) srli    t2, t0, 31
core   0: 3 0x800089ce (0x01f2d393) x 7 0x00000000
core   0: 0x800089d2 (0x00e1d833) srl     a6, gp, a4
core   0: 3 0x800089d2 (0x00e1d833) x16 0x00000000
core   0: 0x800089d6 (0x00008f55) c.or    a4, a3
core   0: 3 0x800089d6 (0x8f55) x14 0xc1bfaae1
core   0: 0x800089d8 (0x00000001) c.nop
core   0: 3 0x800089d8 (0x0001)
core   0: 0x800089da (0x000086b5) c.srai  a3, 13
core   0: 3 0x800089da (0x86b5) x13 0x00020c7d
core   0: 0x800089dc (0x034e7b33) remu    s6, t3, s4
core   0: 3 0x800089dc (0x034e7b33) x22 0x00000000
core   0: 0x800089e0 (0x007dba33) sltu    s4, s11, t2
core   0: 3 0x800089e0 (0x007dba33) x20 0x00000000
core   0: 0x800089e4 (0x00008fb9) c.xor   a5, a4
core   0: 3 0x800089e4 (0x8fb9) x15 0xc1bfaae1
core   0: 0x800089e6 (0x00000922) c.slli  s2, 8
core   0: 3 0x800089e6 (0x0922) x18 0xcf000000
core   0: 0x800089e8 (0x00008845) c.andi  s0, 17
core   0: 3 0x800089e8 (0x8845) x 8 0x00000001
core   0: 0x800089ea (0x81389fb7) lui     t6, 0x81389
core   0: 3 0x800089ea (0x81389fb7) x31 0x81389000
core   0: 0x800089ee (0x00008be9) c.andi  a5, 26
core   0: 3 0x800089ee (0x8be9) x15 0x00000000
core   0: 0x800089f0 (0xa9ea7c93) andi    s9, s4, -1378
core   0: 3 0x800089f0 (0xa9ea7c93) x25 0x00000000
core   0: 0x800089f4 (0x8b608817) auipc   a6, 0x8b608
core   0: 3 0x800089f4 (0x8b608817) x16 0x0b6109f4
core   0: 0x800089f8 (0x02aa12b3) mulh    t0, s4, a0
core   0: 3 0x800089f8 (0x02aa12b3) x 5 0x00000000
core   0: 0x800089fc (0x02b42833) mulhsu  a6, s0, a1
core   0: 3 0x800089fc (0x02b42833) x16 0x00000000
core   0: 0x80008a00 (0x017d7e33) and     t3, s10, s7
core   0: 3 0x80008a00 (0x017d7e33) x28 0x00000000
core   0: 0x80008a04 (0x0100b333) sltu    t1, ra, a6
core   0: 3 0x80008a04 (0x0100b333) x 6 0x00000000
core   0: 0x80008a08 (0x487bb893) sltiu   a7, s7, 1159
core   0: 3 0x80008a08 (0x487bb893) x17 0x00000000
core   0: 0x80008a0c (0x0006c1b3) xor     gp, a3, zero
core   0: 3 0x80008a0c (0x0006c1b3) x 3 0x00020c7d
core   0: 0x80008a10 (0x6777bd13) sltiu   s10, a5, 1655
core   0: 3 0x80008a10 (0x6777bd13) x26 0x00000001
core   0: 0x80008a14 (0x02e36033) rem     zero, t1, a4
core   0: 3 0x80008a14 (0x02e36033)
core   0: 0x80008a18 (0x03857a33) remu    s4, a0, s8
core   0: 3 0x80008a18 (0x03857a33) x20 0x80012ce4
core   0: 0x80008a1c (0x40395bb3) sra     s7, s2, gp
core   0: 3 0x80008a1c (0x40395bb3) x23 0xfffffffe
core   0: 0x80008a20 (0x00008f4d) c.or    a4, a1
core   0: 3 0x80008a20 (0x8f4d) x14 0xc1bfeee5
core   0: 0x80008a22 (0x00008fe9) c.and   a5, a0
core   0: 3 0x80008a22 (0x8fe9) x15 0x00000000
core   0: 0x80008a24 (0x00008c19) c.sub   s0, a4
core   0: 3 0x80008a24 (0x8c19) x 8 0x3e40111c
core   0: 0x80008a26 (0x03989d33) mulh    s10, a7, s9
core   0: 3 0x80008a26 (0x03989d33) x26 0x00000000
core   0: 0x80008a2a (0x40a55713) srai    a4, a0, 10
core   0: 3 0x80008a2a (0x40a55713) x14 0xffe0004b
core   0: 0x80008a2e (0x00000001) c.nop
core   0: 3 0x80008a2e (0x0001)
core   0: 0x80008a30 (0x7e9faf93) slti    t6, t6, 2025
core   0: 3 0x80008a30 (0x7e9faf93) x31 0x00000001
core   0: 0x80008a34 (0xdb4ba213) slti    tp, s7, -588
core   0: 3 0x80008a34 (0xdb4ba213) x 4 0x00000000
core   0: 0x80008a38 (0x00000001) c.nop
core   0: 3 0x80008a38 (0x0001)
core   0: 0x80008a3a (0x07194a93) xori    s5, s2, 113
core   0: 3 0x80008a3a (0x07194a93) x21 0xcf000071
core   0: 0x80008a3e (0xf804ab93) slti    s7, s1, -128
core   0: 3 0x80008a3e (0xf804ab93) x23 0x00000001
core   0: 0x80008a42 (0x0327cd33) div     s10, a5, s2
core   0: 3 0x80008a42 (0x0327cd33) x26 0x00000000
core   0: 0x80008a46 (0x015bee33) or      t3, s7, s5
core   0: 3 0x80008a46 (0x015bee33) x28 0xcf000071
core   0: 0x80008a4a (0x00009b7d) c.andi  a4, -1
core   0: 3 0x80008a4a (0x9b7d) x14 0xffe0004b
core   0: 0x80008a4c (0x00006795) c.lui   a5, 0x5
core   0: 3 0x80008a4c (0x6795) x15 0x00005000
core   0: 0x80008a4e (0x0132df33) srl     t5, t0, s3
core   0: 3 0x80008a4e (0x0132df33) x30 0x00000000
core   0: 0x80008a52 (0x00000e1c) c.addi4spn a5, sp, 784
core   0: 3 0x80008a52 (0x0e1c) x15 0x2d979af7
core   0: 0x80008a54 (0x0207c093) xori    ra, a5, 32
core   0: 3 0x80008a54 (0x0207c093) x 1 0x2d979ad7
core   0: 0x80008a58 (0x031f92b3) mulh    t0, t6, a7
core   0: 3 0x80008a58 (0x031f92b3) x 5 0x00000000
core   0: 0x80008a5c (0x000082d1) c.srli  a3, 20
core   0: 3 0x80008a5c (0x82d1) x13 0x00000000
core   0: 0x80008a5e (0x40dd8833) sub     a6, s11, a3
core   0: 3 0x80008a5e (0x40dd8833) x16 0x00000000
core   0: 0x80008a62 (0x00000d86) c.slli  s11, 1
core   0: 3 0x80008a62 (0x0d86) x27 0x00000000
core   0: 0x80008a64 (0x02e703b3) mul     t2, a4, a4
core   0: 3 0x80008a64 (0x02e703b3) x 7 0xed4015f9
core   0: 0x80008a68 (0x03906d33) rem     s10, zero, s9
core   0: 3 0x80008a68 (0x03906d33) x26 0x00000000
core   0: 0x80008a6c (0x00008b3d) c.andi  a4, 15
core   0: 3 0x80008a6c (0x8b3d) x14 0x0000000b
core   0: 0x80008a6e (0x40b90f33) sub     t5, s2, a1
core   0: 3 0x80008a6e (0x40b90f33) x30 0x4eff119c
core   0: 0x80008a72 (0x00000001) c.nop
core   0: 3 0x80008a72 (0x0001)
core   0: 0x80008a74 (0x4013db33) sra     s6, t2, ra
core   0: 3 0x80008a74 (0x4013db33) x22 0xffffffda
core   0: 0x80008a78 (0x405b5193) srai    gp, s6, 5
core   0: 3 0x80008a78 (0x405b5193) x 3 0xfffffffe
core   0: 0x80008a7c (0x00006105) c.addi16sp sp, 32
core   0: 3 0x80008a7c (0x6105) x 2 0x2d979807
core   0: 0x80008a7e (0x00008bf1) c.andi  a5, 28
core   0: 3 0x80008a7e (0x8bf1) x15 0x00000014
core   0: 0x80008a80 (0x03644333) div     t1, s0, s6
core   0: 3 0x80008a80 (0x03644333) x 6 0xfe5ca13c
core   0: 0x80008a84 (0xe7940d93) addi    s11, s0, -391
core   0: 3 0x80008a84 (0xe7940d93) x27 0x3e400f95
core   0: 0x80008a88 (0x007e9cb3) sll     s9, t4, t2
core   0: 3 0x80008a88 (0x007e9cb3) x25 0xc8000000
core   0: 0x80008a8c (0x8ad3eb37) lui     s6, 0x8ad3e
core   0: 3 0x80008a8c (0x8ad3eb37) x22 0x8ad3e000
core   0: 0x80008a90 (0x016ef8b3) and     a7, t4, s6
core   0: 3 0x80008a90 (0x016ef8b3) x17 0x80012000
core   0: 0x80008a94 (0x0207aab3) mulhsu  s5, a5, zero
core   0: 3 0x80008a94 (0x0207aab3) x21 0x00000000
core   0: 0x80008a98 (0xd03c0113) addi    sp, s8, -765
core   0: 3 0x80008a98 (0xd03c0113) x 2 0xffc27b42
core   0: 0x80008a9c (0x03787d33) remu    s10, a6, s7
core   0: 3 0x80008a9c (0x03787d33) x26 0x00000000
core   0: 0x80008aa0 (0x017de633) or      a2, s11, s7
core   0: 3 0x80008aa0 (0x017de633) x12 0x3e400f95
core   0: 0x80008aa4 (0x01c257b3) srl     a5, tp, t3
core   0: 3 0x80008aa4 (0x01c257b3) x15 0x00000000
core   0: 0x80008aa8 (0x00f2e133) or      sp, t0, a5
core   0: 3 0x80008aa8 (0x00f2e133) x 2 0x00000000
core   0: 0x80008aac (0x39c26f13) ori     t5, tp, 924
core   0: 3 0x80008aac (0x39c26f13) x30 0x0000039c
core   0: 0x80008ab0 (0x036dffb3) remu    t6, s11, s6
core   0: 3 0x80008ab0 (0x036dffb3) x31 0x3e400f95
core   0: 0x80008ab4 (0x00000001) c.nop
core   0: 3 0x80008ab4 (0x0001)
core   0: 0x80008ab6 (0x019bb033) sltu    zero, s7, s9
core   0: 3 0x80008ab6 (0x019bb033)
core   0: 0x80008aba (0xbedf6413) ori     s0, t5, -1043
core   0: 3 0x80008aba (0xbedf6413) x 8 0xfffffbfd
core   0: 0x80008abe (0x00000001) c.nop
core   0: 3 0x80008abe (0x0001)
core   0: 0x80008ac0 (0xeaab4493) xori    s1, s6, -342
core   0: 3 0x80008ac0 (0xeaab4493) x 9 0x752c1eaa
core   0: 0x80008ac4 (0xd6305e17) auipc   t3, 0xd6305
core   0: 3 0x80008ac4 (0xd6305e17) x28 0x5630dac4
core   0: 0x80008ac8 (0x00001518) c.addi4spn a4, sp, 672
core   0: 3 0x80008ac8 (0x1518) x14 0x000002a0
core   0: 0x80008aca (0x033ca133) mulhsu  sp, s9, s3
core   0: 3 0x80008aca (0x033ca133) x 2 0xffffff73
core   0: 0x80008ace (0x72b60793) addi    a5, a2, 1835
core   0: 3 0x80008ace (0x72b60793) x15 0x3e4016c0
core   0: 0x80008ad2 (0x00000001) c.nop
core   0: 3 0x80008ad2 (0x0001)
core   0: 0x80008ad4 (0xf5a20013) addi    zero, tp, -166
core   0: 3 0x80008ad4 (0xf5a20013)
core   0: 0x80008ad8 (0x010f0cb3) add     s9, t5, a6
core   0: 3 0x80008ad8 (0x010f0cb3) x25 0x0000039c
core   0: 0x80008adc (0x035a6433) rem     s0, s4, s5
core   0: 3 0x80008adc (0x035a6433) x 8 0x80012ce4
core   0: 0x80008ae0 (0x41ddd293) srai    t0, s11, 29
core   0: 3 0x80008ae0 (0x41ddd293) x 5 0x00000001
core   0: 0x80008ae4 (0x01b2ebb3) or      s7, t0, s11
core   0: 3 0x80008ae4 (0x01b2ebb3) x23 0x3e400f95
core   0: 0x80008ae8 (0x00009e3e) c.add   t3, a5
core   0: 3 0x80008ae8 (0x9e3e) x28 0x9470f184
core   0: 0x80008aea (0x00008ee5) c.and   a3, s1
core   0: 3 0x80008aea (0x8ee5) x13 0x00000000
core   0: 0x80008aec (0x0323f2b3) remu    t0, t2, s2
core   0: 3 0x80008aec (0x0323f2b3) x 5 0x1e4015f9
core   0: 0x80008af0 (0x11147d93) andi    s11, s0, 273
core   0: 3 0x80008af0 (0x11147d93) x27 0x00000000
core   0: 0x80008af4 (0x00008c01) c.sub   s0, s0
core   0: 3 0x80008af4 (0x8c01) x 8 0x00000000
core   0: 0x80008af6 (0x038c5433) divu    s0, s8, s8
core   0: 3 0x80008af6 (0x038c5433) x 8 0x00000001
core   0: 0x80008afa (0x00008962) c.mv    s2, s8
core   0: 3 0x80008afa (0x8962) x18 0xffc27e3f
core   0: 0x80008afc (0x00000001) c.nop
core   0: 3 0x80008afc (0x0001)
core   0: 0x80008afe (0x03396fb3) rem     t6, s2, s3
core   0: 3 0x80008afe (0x03396fb3) x31 0xfffffecf
core   0: 0x80008b02 (0x62b10793) addi    a5, sp, 1579
core   0: 3 0x80008b02 (0x62b10793) x15 0x0000059e
core   0: 0x80008b06 (0x01908eb3) add     t4, ra, s9
core   0: 3 0x80008b06 (0x01908eb3) x29 0x2d979e73
core   0: 0x80008b0a (0x0350fcb3) remu    s9, ra, s5
core   0: 3 0x80008b0a (0x0350fcb3) x25 0x2d979ad7
core   0: 0x80008b0e (0x000084c1) c.srai  s1, 16
core   0: 3 0x80008b0e (0x84c1) x 9 0x0000752c
core   0: 0x80008b10 (0xaccb7413) andi    s0, s6, -1332
core   0: 3 0x80008b10 (0xaccb7413) x 8 0x8ad3e000
core   0: 0x80008b14 (0x000064d1) c.lui   s1, 0x14
core   0: 3 0x80008b14 (0x64d1) x 9 0x00014000
core   0: 0x80008b16 (0x033e2b33) mulhsu  s6, t3, s3
core   0: 3 0x80008b16 (0x033e2b33) x22 0xfffffef2
core   0: 0x80008b1a (0x00008f3e) c.mv    t5, a5
core   0: 3 0x80008b1a (0x8f3e) x30 0x0000059e
core   0: 0x80008b1c (0x0000843a) c.mv    s0, a4
core   0: 3 0x80008b1c (0x843a) x 8 0x000002a0
core   0: 0x80008b1e (0x00001118) c.addi4spn a4, sp, 160
core   0: 3 0x80008b1e (0x1118) x14 0x00000013
core   0: 0x80008b20 (0x033b5eb3) divu    t4, s6, s3
core   0: 3 0x80008b20 (0x033b5eb3) x29 0x00663d80
core   0: 0x80008b24 (0x00000198) c.addi4spn a4, sp, 192
core   0: 3 0x80008b24 (0x0198) x14 0x00000033
core   0: 0x80008b26 (0x00006a39) c.lui   s4, 0xe
core   0: 3 0x80008b26 (0x6a39) x20 0x0000e000
core   0: 0x80008b28 (0x4439f493) andi    s1, s3, 1091
core   0: 3 0x80008b28 (0x4439f493) x 9 0x00000001
core   0: 0x80008b2c (0x016782b3) add     t0, a5, s6
core   0: 3 0x80008b2c (0x016782b3) x 5 0x00000490
core   0: 0x80008b30 (0x06b4ca93) xori    s5, s1, 107
core   0: 3 0x80008b30 (0x06b4ca93) x21 0x0000006a
core   0: 0x80008b34 (0x002a7633) and     a2, s4, sp
core   0: 3 0x80008b34 (0x002a7633) x12 0x0000e000
core   0: 0x80008b38 (0xfd7c4d93) xori    s11, s8, -41
core   0: 3 0x80008b38 (0xfd7c4d93) x27 0x003d81e8
core   0: 0x80008b3c (0xd30c5737) lui     a4, 0xd30c5
core   0: 3 0x80008b3c (0xd30c5737) x14 0xd30c5000
core   0: 0x80008b40 (0x00008c25) c.xor   s0, s1
core   0: 3 0x80008b40 (0x8c25) x 8 0x000002a1
core   0: 0x80008b42 (0x01851f13) slli    t5, a0, 24
core   0: 3 0x80008b42 (0x01851f13) x30 0xe4000000
core   0: 0x80008b46 (0x03b10833) mul     a6, sp, s11
core   0: 3 0x80008b46 (0x03b10833) x16 0xde1f7338
core   0: 0x80008b4a (0x00004785) c.li    a5, 1
core   0: 3 0x80008b4a (0x4785) x15 0x00000001
core   0: 0x80008b4c (0x00001d90) c.addi4spn a2, sp, 752
core   0: 3 0x80008b4c (0x1d90) x12 0x00000263
core   0: 0x80008b4e (0x27b14737) lui     a4, 0x27b14
core   0: 3 0x80008b4e (0x27b14737) x14 0x27b14000
core   0: 0x80008b52 (0xb4ff2cb7) lui     s9, 0xb4ff2
core   0: 3 0x80008b52 (0xb4ff2cb7) x25 0xb4ff2000
core   0: 0x80008b56 (0x02e47433) remu    s0, s0, a4
core   0: 3 0x80008b56 (0x02e47433) x 8 0x000002a1
core   0: 0x80008b5a (0x02ec7e33) remu    t3, s8, a4
core   0: 3 0x80008b5a (0x02ec7e33) x28 0x119afe3f
core   0: 0x80008b5e (0x021881b3) mul     gp, a7, ra
core   0: 3 0x80008b5e (0x021881b3) x 3 0x0e31e000
core   0: 0x80008b62 (0x00008fd1) c.or    a5, a2
core   0: 3 0x80008b62 (0x8fd1) x15 0x00000263
core   0: 0x80008b64 (0x00008c3d) c.xor   s0, a5
core   0: 3 0x80008b64 (0x8c3d) x 8 0x000000c2
core   0: 0x80008b66 (0x006c9493) slli    s1, s9, 6
core   0: 3 0x80008b66 (0x006c9493) x 9 0x3fc80000
core   0: 0x80008b6a (0x000c3233) sltu    tp, s8, zero
core   0: 3 0x80008b6a (0x000c3233) x 4 0x00000000
core   0: 0x80008b6e (0x032b8db3) mul     s11, s7, s2
core   0: 3 0x80008b6e (0x032b8db3) x27 0x13592bab
core   0: 0x80008b72 (0x00001498) c.addi4spn a4, sp, 608
core   0: 3 0x80008b72 (0x1498) x14 0x000001d3
core   0: 0x80008b74 (0xbab80113) addi    sp, a6, -1109
core   0: 3 0x80008b74 (0xbab80113) x 2 0xde1f6ee3
core   0: 0x80008b78 (0xcccc4497) auipc   s1, 0xcccc4
core   0: 3 0x80008b78 (0xcccc4497) x 9 0x4ccccb78
core   0: 0x80008b7c (0x0239ca33) div     s4, s3, gp
core   0: 3 0x80008b7c (0x0239ca33) x20 0x00000000
core   0: 0x80008b80 (0x000097aa) c.add   a5, a0
core   0: 3 0x80008b80 (0x97aa) x15 0x80012f47
core   0: 0x80008b82 (0x00b67d33) and     s10, a2, a1
core   0: 3 0x80008b82 (0x00b67d33) x26 0x00000260
core   0: 0x80008b86 (0x03a77a93) andi    s5, a4, 58
core   0: 3 0x80008b86 (0x03a77a93) x21 0x00000012
core   0: 0x80008b8a (0x008087b3) add     a5, ra, s0
core   0: 3 0x80008b8a (0x008087b3) x15 0x2d979b99
core   0: 0x80008b8e (0x8d9d6e93) ori     t4, s10, -1831
core   0: 3 0x80008b8e (0x8d9d6e93) x29 0xfffffaf9
core   0: 0x80008b92 (0x000098fd) c.andi  s1, -1
core   0: 3 0x80008b92 (0x98fd) x 9 0x4ccccb78
core   0: 0x80008b94 (0x000056fd) c.li    a3, -1
core   0: 3 0x80008b94 (0x56fd) x13 0xffffffff
core   0: 0x80008b96 (0x409d5313) srai    t1, s10, 9
core   0: 3 0x80008b96 (0x409d5313) x 6 0x00000001
core   0: 0x80008b9a (0x02ff9133) mulh    sp, t6, a5
core   0: 3 0x80008b9a (0x02ff9133) x 2 0xffffffc9
core   0: 0x80008b9e (0x00008fd9) c.or    a5, a4
core   0: 3 0x80008b9e (0x8fd9) x15 0x2d979bdb
core   0: 0x80008ba0 (0x66f0bb13) sltiu   s6, ra, 1647
core   0: 3 0x80008ba0 (0x66f0bb13) x22 0x00000000
core   0: 0x80008ba4 (0x01233d33) sltu    s10, t1, s2
core   0: 3 0x80008ba4 (0x01233d33) x26 0x00000001
core   0: 0x80008ba8 (0xa70ee313) ori     t1, t4, -1424
core   0: 3 0x80008ba8 (0xa70ee313) x 6 0xfffffaf9
core   0: 0x80008bac (0x01151cb3) sll     s9, a0, a7
core   0: 3 0x80008bac (0x01151cb3) x25 0x80012ce4
core   0: 0x80008bb0 (0x013afdb3) and     s11, s5, s3
core   0: 3 0x80008bb0 (0x013afdb3) x27 0x00000000
core   0: 0x80008bb4 (0x40c45fb3) sra     t6, s0, a2
core   0: 3 0x80008bb4 (0x40c45fb3) x31 0x00000018
core   0: 0x80008bb8 (0x03e6d0b3) divu    ra, a3, t5
core   0: 3 0x80008bb8 (0x03e6d0b3) x 1 0x00000001
core   0: 0x80008bbc (0x00008fb1) c.xor   a5, a2
core   0: 3 0x80008bbc (0x8fb1) x15 0x2d9799b8
core   0: 0x80008bbe (0x827da493) slti    s1, s11, -2009
core   0: 3 0x80008bbe (0x827da493) x 9 0x00000000
core   0: 0x80008bc2 (0x00008cd5) c.or    s1, a3
core   0: 3 0x80008bc2 (0x8cd5) x 9 0xffffffff
core   0: 0x80008bc4 (0xcab70493) addi    s1, a4, -853
core   0: 3 0x80008bc4 (0xcab70493) x 9 0xfffffe7e
core   0: 0x80008bc8 (0x9b3f8313) addi    t1, t6, -1613
core   0: 3 0x80008bc8 (0x9b3f8313) x 6 0xfffff9cb
core   0: 0x80008bcc (0x02e400b3) mul     ra, s0, a4
core   0: 3 0x80008bcc (0x02e400b3) x 1 0x000161e6
core   0: 0x80008bd0 (0x00009ab6) c.add   s5, a3
core   0: 3 0x80008bd0 (0x9ab6) x21 0x00000011
core   0: 0x80008bd2 (0xfde8be93) sltiu   t4, a7, -34
core   0: 3 0x80008bd2 (0xfde8be93) x29 0x00000001
core   0: 0x80008bd6 (0x7f4de813) ori     a6, s11, 2036
core   0: 3 0x80008bd6 (0x7f4de813) x16 0x000007f4
core   0: 0x80008bda (0x00000001) c.nop
core   0: 3 0x80008bda (0x0001)
core   0: 0x80008bdc (0x002c64b3) or      s1, s8, sp
core   0: 3 0x80008bdc (0x002c64b3) x 9 0xffffffff
core   0: 0x80008be0 (0x00000910) c.addi4spn a2, sp, 144
core   0: 3 0x80008be0 (0x0910) x12 0x00000059
core   0: 0x80008be2 (0x00008459) c.srai  s0, 22
core   0: 3 0x80008be2 (0x8459) x 8 0x00000000
core   0: 0x80008be4 (0x000084c1) c.srai  s1, 16
core   0: 3 0x80008be4 (0x84c1) x 9 0xffffffff
core   0: 0x80008be6 (0x0000049c) c.addi4spn a5, sp, 576
core   0: 3 0x80008be6 (0x049c) x15 0x00000209
core   0: 0x80008be8 (0x01501093) slli    ra, zero, 21
core   0: 3 0x80008be8 (0x01501093) x 1 0x00000000
core   0: 0x80008bec (0x013b5413) srli    s0, s6, 19
core   0: 3 0x80008bec (0x013b5413) x 8 0x00000000
core   0: 0x80008bf0 (0x02d1a933) mulhsu  s2, gp, a3
core   0: 3 0x80008bf0 (0x02d1a933) x18 0x0e31dfff
core   0: 0x80008bf4 (0x02e09233) mulh    tp, ra, a4
core   0: 3 0x80008bf4 (0x02e09233) x 4 0x00000000
core   0: 0x80008bf8 (0x0217feb3) remu    t4, a5, ra
core   0: 3 0x80008bf8 (0x0217feb3) x29 0x00000209
core   0: 0x80008bfc (0x64660b93) addi    s7, a2, 1606
core   0: 3 0x80008bfc (0x64660b93) x23 0x0000069f
core   0: 0x80008c00 (0x00000db1) c.addi  s11, 12
core   0: 3 0x80008c00 (0x0db1) x27 0x0000000c
core   0: 0x80008c02 (0x02a66d33) rem     s10, a2, a0
core   0: 3 0x80008c02 (0x02a66d33) x26 0x00000059
core   0: 0x80008c06 (0xcad0c793) xori    a5, ra, -851
core   0: 3 0x80008c06 (0xcad0c793) x15 0xfffffcad
core   0: 0x80008c0a (0xf5caeb17) auipc   s6, 0xf5cae
core   0: 3 0x80008c0a (0xf5caeb17) x22 0x75cb6c0a
core   0: 0x80008c0e (0x02e6d033) divu    zero, a3, a4
core   0: 3 0x80008c0e (0x02e6d033)
core   0: 0x80008c12 (0x0063a7b3) slt     a5, t2, t1
core   0: 3 0x80008c12 (0x0063a7b3) x15 0x00000001
core   0: 0x80008c16 (0x004941b3) xor     gp, s2, tp
core   0: 3 0x80008c16 (0x004941b3) x 3 0x0e31dfff
core   0: 0x80008c1a (0x9c48e313) ori     t1, a7, -1596
core   0: 3 0x80008c1a (0x9c48e313) x 6 0xfffff9c4
core   0: 0x80008c1e (0xc2aa8893) addi    a7, s5, -982
core   0: 3 0x80008c1e (0xc2aa8893) x17 0xfffffc3b
core   0: 0x80008c22 (0x0362a733) mulhsu  a4, t0, s6
core   0: 3 0x80008c22 (0x0362a733) x14 0x00000219
core   0: 0x80008c26 (0x0022adb3) slt     s11, t0, sp
core   0: 3 0x80008c26 (0x0022adb3) x27 0x00000000
core   0: 0x80008c2a (0x4058d713) srai    a4, a7, 5
core   0: 3 0x80008c2a (0x4058d713) x14 0xffffffe1
core   0: 0x80008c2e (0x02739933) mulh    s2, t2, t2
core   0: 3 0x80008c2e (0x02739933) x18 0x015f8cc8
core   0: 0x80008c32 (0x00a31e13) slli    t3, t1, 10
core   0: 3 0x80008c32 (0x00a31e13) x28 0xffe71000
core   0: 0x80008c36 (0x000006f6) c.slli  a3, 29
core   0: 3 0x80008c36 (0x06f6) x13 0xe0000000
core   0: 0x80008c38 (0x032d4eb3) div     t4, s10, s2
core   0: 3 0x80008c38 (0x032d4eb3) x29 0x00000000
core   0: 0x80008c3c (0x037c36b3) mulhu   a3, s8, s7
core   0: 3 0x80008c3c (0x037c36b3) x13 0x0000069d
core   0: 0x80008c40 (0x00009222) c.add   tp, s0
core   0: 3 0x80008c40 (0x9222) x 4 0x00000000
core   0: 0x80008c42 (0x00d4cdb3) xor     s11, s1, a3
core   0: 3 0x80008c42 (0x00d4cdb3) x27 0xfffff962
core   0: 0x80008c46 (0x0000577d) c.li    a4, -1
core   0: 3 0x80008c46 (0x577d) x14 0xffffffff
core   0: 0x80008c48 (0x00000001) c.nop
core   0: 3 0x80008c48 (0x0001)
core   0: 0x80008c4a (0x00009d22) c.add   s10, s0
core   0: 3 0x80008c4a (0x9d22) x26 0x00000059
core   0: 0x80008c4c (0x00008fe5) c.and   a5, s1
core   0: 3 0x80008c4c (0x8fe5) x15 0x00000001
core   0: 0x80008c4e (0x00fdf133) and     sp, s11, a5
core   0: 3 0x80008c4e (0x00fdf133) x 2 0x00000000
core   0: 0x80008c52 (0x00000e96) c.slli  t4, 5
core   0: 3 0x80008c52 (0x0e96) x29 0x00000000
core   0: 0x80008c54 (0x007d9a33) sll     s4, s11, t2
core   0: 3 0x80008c54 (0x007d9a33) x20 0xc4000000
core   0: 0x80008c58 (0x022378b3) remu    a7, t1, sp
core   0: 3 0x80008c58 (0x022378b3) x17 0xfffff9c4
core   0: 0x80008c5c (0x033b3cb3) mulhu   s9, s6, s3
core   0: 3 0x80008c5c (0x033b3cb3) x25 0x00000126
core   0: 0x80008c60 (0x62d80b93) addi    s7, a6, 1581
core   0: 3 0x80008c60 (0x62d80b93) x23 0x00000e21
core   0: 0x80008c64 (0x00205013) srli    zero, zero, 2
core   0: 3 0x80008c64 (0x00205013)
core   0: 0x80008c68 (0x0000597d) c.li    s2, -1
core   0: 3 0x80008c68 (0x597d) x18 0xffffffff
core   0: 0x80008c6a (0xaac67e93) andi    t4, a2, -1364
core   0: 3 0x80008c6a (0xaac67e93) x29 0x00000008
core   0: 0x80008c6e (0x015ed093) srli    ra, t4, 21
core   0: 3 0x80008c6e (0x015ed093) x 1 0x00000000
core   0: 0x80008c72 (0x01fdeeb3) or      t4, s11, t6
core   0: 3 0x80008c72 (0x01fdeeb3) x29 0xfffff97a
core   0: 0x80008c76 (0x02e527b3) mulhsu  a5, a0, a4
core   0: 3 0x80008c76 (0x02e527b3) x15 0x80012ce4
core   0: 0x80008c7a (0xe1f87093) andi    ra, a6, -481
core   0: 3 0x80008c7a (0xe1f87093) x 1 0x00000614
core   0: 0x80008c7e (0x00008839) c.andi  s0, 14
core   0: 3 0x80008c7e (0x8839) x 8 0x00000000
core   0: 0x80008c80 (0x013d6bb3) or      s7, s10, s3
core   0: 3 0x80008c80 (0x013d6bb3) x23 0x000002d9
core   0: 0x80008c84 (0x4b0fcf13) xori    t5, t6, 1200
core   0: 3 0x80008c84 (0x4b0fcf13) x30 0x000004a8
core   0: 0x80008c88 (0x02dfc033) div     zero, t6, a3
core   0: 3 0x80008c88 (0x02dfc033)
core   0: 0x80008c8c (0xf30ffb93) andi    s7, t6, -208
core   0: 3 0x80008c8c (0xf30ffb93) x23 0x00000010
core   0: 0x80008c90 (0x000083a5) c.srli  a5, 9
core   0: 3 0x80008c90 (0x83a5) x15 0x00400096
core   0: 0x80008c92 (0x02d10433) mul     s0, sp, a3
core   0: 3 0x80008c92 (0x02d10433) x 8 0x00000000
core   0: 0x80008c96 (0x00001098) c.addi4spn a4, sp, 96
core   0: 3 0x80008c96 (0x1098) x14 0x00000060
core   0: 0x80008c98 (0x0112dfb3) srl     t6, t0, a7
core   0: 3 0x80008c98 (0x0112dfb3) x31 0x00000049
core   0: 0x80008c9c (0x75ce8c93) addi    s9, t4, 1884
core   0: 3 0x80008c9c (0x75ce8c93) x25 0x000000d6
core   0: 0x80008ca0 (0x00000001) c.nop
core   0: 3 0x80008ca0 (0x0001)
core   0: 0x80008ca2 (0x9cf3ad13) slti    s10, t2, -1585
core   0: 3 0x80008ca2 (0x9cf3ad13) x26 0x00000001
core   0: 0x80008ca6 (0x40905e13) srai    t3, zero, 9
core   0: 3 0x80008ca6 (0x40905e13) x28 0x00000000
core   0: 0x80008caa (0x02cf6433) rem     s0, t5, a2
core   0: 3 0x80008caa (0x02cf6433) x 8 0x00000023
core   0: 0x80008cae (0x003ff0b3) and     ra, t6, gp
core   0: 3 0x80008cae (0x003ff0b3) x 1 0x00000049
core   0: 0x80008cb2 (0x01081c93) slli    s9, a6, 16
core   0: 3 0x80008cb2 (0x01081c93) x25 0x07f40000
core   0: 0x80008cb6 (0x00005bfd) c.li    s7, -1
core   0: 3 0x80008cb6 (0x5bfd) x23 0xffffffff
core   0: 0x80008cb8 (0x01aae133) or      sp, s5, s10
core   0: 3 0x80008cb8 (0x01aae133) x 2 0x00000011
core   0: 0x80008cbc (0x00001afd) c.addi  s5, -1
core   0: 3 0x80008cbc (0x1afd) x21 0x00000010
core   0: 0x80008cbe (0x01209913) slli    s2, ra, 18
core   0: 3 0x80008cbe (0x01209913) x18 0x01240000
core   0: 0x80008cc2 (0x00f51893) slli    a7, a0, 15
core   0: 3 0x80008cc2 (0x00f51893) x17 0x96720000
core   0: 0x80008cc6 (0x032486b3) mul     a3, s1, s2
core   0: 3 0x80008cc6 (0x032486b3) x13 0xfedc0000
core   0: 0x80008cca (0x00008c65) c.and   s0, s1
core   0: 3 0x80008cca (0x8c65) x 8 0x00000023
core   0: 0x80008ccc (0x000084d9) c.srai  s1, 22
core   0: 3 0x80008ccc (0x84d9) x 9 0xffffffff
core   0: 0x80008cce (0x41ab8733) sub     a4, s7, s10
core   0: 3 0x80008cce (0x41ab8733) x14 0xfffffffe
core   0: 0x80008cd2 (0x00008c5d) c.or    s0, a5
core   0: 3 0x80008cd2 (0x8c5d) x 8 0x004000b7
core   0: 0x80008cd4 (0x00000001) c.nop
core   0: 3 0x80008cd4 (0x0001)
core   0: 0x80008cd6 (0x00009a8a) c.add   s5, sp
core   0: 3 0x80008cd6 (0x9a8a) x21 0x00000021
core   0: 0x80008cd8 (0x003a1eb3) sll     t4, s4, gp
core   0: 3 0x80008cd8 (0x003a1eb3) x29 0x00000000
core   0: 0x80008cdc (0x41b60433) sub     s0, a2, s11
core   0: 3 0x80008cdc (0x41b60433) x 8 0x000006f7
core   0: 0x80008ce0 (0x0000871e) c.mv    a4, t2
core   0: 3 0x80008ce0 (0x871e) x14 0xed4015f9
core   0: 0x80008ce2 (0x00565213) srli    tp, a2, 5
core   0: 3 0x80008ce2 (0x00565213) x 4 0x00000002
core   0: 0x80008ce6 (0x00000d41) c.addi  s10, 16
core   0: 3 0x80008ce6 (0x0d41) x26 0x00000011
core   0: 0x80008ce8 (0x033943b3) div     t2, s2, s3
core   0: 3 0x80008ce8 (0x033943b3) x 7 0x0000749e
core   0: 0x80008cec (0x03300f33) mul     t5, zero, s3
core   0: 3 0x80008cec (0x03300f33) x30 0x00000000
core   0: 0x80008cf0 (0x000080e2) c.mv    ra, s8
core   0: 3 0x80008cf0 (0x80e2) x 1 0xffc27e3f
core   0: 0x80008cf2 (0x0149f333) and     t1, s3, s4
core   0: 3 0x80008cf2 (0x0149f333) x 6 0x00000000
core   0: 0x80008cf6 (0x00000001) c.nop
core   0: 3 0x80008cf6 (0x0001)
core   0: 0x80008cf8 (0x028b2233) mulhsu  tp, s6, s0
core   0: 3 0x80008cf8 (0x028b2233) x 4 0x00000334
core   0: 0x80008cfc (0xaf27f093) andi    ra, a5, -1294
core   0: 3 0x80008cfc (0xaf27f093) x 1 0x00400092
core   0: 0x80008d00 (0x00e13133) sltu    sp, sp, a4
core   0: 3 0x80008d00 (0x00e13133) x 2 0x00000001
core   0: 0x80008d04 (0x0267f933) remu    s2, a5, t1
core   0: 3 0x80008d04 (0x0267f933) x18 0x00400096
core   0: 0x80008d08 (0x00006f51) c.lui   t5, 0x14
core   0: 3 0x80008d08 (0x6f51) x30 0x00014000
core   0: 0x80008d0a (0x018ab833) sltu    a6, s5, s8
core   0: 3 0x80008d0a (0x018ab833) x16 0x00000001
core   0: 0x80008d0e (0x03a00733) mul     a4, zero, s10
core   0: 3 0x80008d0e (0x03a00733) x14 0x00000000
core   0: 0x80008d12 (0x000041bd) c.li    gp, 15
core   0: 3 0x80008d12 (0x41bd) x 3 0x0000000f
core   0: 0x80008d14 (0x00008d86) c.mv    s11, ra
core   0: 3 0x80008d14 (0x8d86) x27 0x00400092
core   0: 0x80008d16 (0x8ef2ab97) auipc   s7, 0x8ef2a
core   0: 3 0x80008d16 (0x8ef2ab97) x23 0x0ef32d16
core   0: 0x80008d1a (0x24dabd93) sltiu   s11, s5, 589
core   0: 3 0x80008d1a (0x24dabd93) x27 0x00000001
core   0: 0x80008d1e (0x00009daa) c.add   s11, a0
core   0: 3 0x80008d1e (0x9daa) x27 0x80012ce5
core   0: 0x80008d20 (0x000098d2) c.add   a7, s4
core   0: 3 0x80008d20 (0x98d2) x17 0x5a720000
core   0: 0x80008d22 (0x02c6cd33) div     s10, a3, a2
core   0: 3 0x80008d22 (0x02c6cd33) x26 0xfffcb818
core   0: 0x80008d26 (0x034730b3) mulhu   ra, a4, s4
core   0: 3 0x80008d26 (0x034730b3) x 1 0x00000000
core   0: 0x80008d2a (0x00000190) c.addi4spn a2, sp, 192
core   0: 3 0x80008d2a (0x0190) x12 0x000000c1
core   0: 0x80008d2c (0x66094193) xori    gp, s2, 1632
core   0: 3 0x80008d2c (0x66094193) x 3 0x004006f6
core   0: 0x80008d30 (0x00009e56) c.add   t3, s5
core   0: 3 0x80008d30 (0x9e56) x28 0x00000021
core   0: 0x80008d32 (0x00ea62b3) or      t0, s4, a4
core   0: 3 0x80008d32 (0x00ea62b3) x 5 0xc4000000
core   0: 0x80008d36 (0x0000986e) c.add   a6, s11
core   0: 3 0x80008d36 (0x986e) x16 0x80012ce6
core   0: 0x80008d38 (0x000053fd) c.li    t2, -1
core   0: 3 0x80008d38 (0x53fd) x 7 0xffffffff
core   0: 0x80008d3a (0x00008d26) c.mv    s10, s1
core   0: 3 0x80008d3a (0x8d26) x26 0xffffffff
core   0: 0x80008d3c (0xe0cb0cb7) lui     s9, 0xe0cb0
core   0: 3 0x80008d3c (0xe0cb0cb7) x25 0xe0cb0000
core   0: 0x80008d40 (0xbe086b13) ori     s6, a6, -1056
core   0: 3 0x80008d40 (0xbe086b13) x22 0xffffffe6
core   0: 0x80008d44 (0xcc4d2293) slti    t0, s10, -828
core   0: 3 0x80008d44 (0xcc4d2293) x 5 0x00000000
core   0: 0x80008d48 (0x6c0d6637) lui     a2, 0x6c0d6
core   0: 3 0x80008d48 (0x6c0d6637) x12 0x6c0d6000
core   0: 0x80008d4c (0x00009a9a) c.add   s5, t1
core   0: 3 0x80008d4c (0x9a9a) x21 0x00000021
core   0: 0x80008d4e (0x02c76433) rem     s0, a4, a2
core   0: 3 0x80008d4e (0x02c76433) x 8 0x00000000
core   0: 0x80008d52 (0x00008c31) c.xor   s0, a2
core   0: 3 0x80008d52 (0x8c31) x 8 0x6c0d6000
core   0: 0x80008d54 (0x5a7b6b93) ori     s7, s6, 1447
core   0: 3 0x80008d54 (0x5a7b6b93) x23 0xffffffe7
core   0: 0x80008d58 (0xea71b893) sltiu   a7, gp, -345
core   0: 3 0x80008d58 (0xea71b893) x17 0x00000001
core   0: 0x80008d5c (0x00008cd9) c.or    s1, a4
core   0: 3 0x80008d5c (0x8cd9) x 9 0xffffffff
core   0: 0x80008d5e (0x00000001) c.nop
core   0: 3 0x80008d5e (0x0001)
core   0: 0x80008d60 (0x03756933) rem     s2, a0, s7
core   0: 3 0x80008d60 (0x03756933) x18 0xffffffec
core   0: 0x80008d64 (0x25ce0f93) addi    t6, t3, 604
core   0: 3 0x80008d64 (0x25ce0f93) x31 0x0000027d
core   0: 0x80008d68 (0x00008c65) c.and   s0, s1
core   0: 3 0x80008d68 (0x8c65) x 8 0x6c0d6000
core   0: 0x80008d6a (0x00008fe1) c.and   a5, s0
core   0: 3 0x80008d6a (0x8fe1) x15 0x00000000
core   0: 0x80008d6c (0x32e48d93) addi    s11, s1, 814
core   0: 3 0x80008d6c (0x32e48d93) x27 0x0000032d
core   0: 0x80008d70 (0x00008b6d) c.andi  a4, 27
core   0: 3 0x80008d70 (0x8b6d) x14 0x00000000
core   0: 0x80008d72 (0x01c60b33) add     s6, a2, t3
core   0: 3 0x80008d72 (0x01c60b33) x22 0x6c0d6021
core   0: 0x80008d76 (0x008ab033) sltu    zero, s5, s0
core   0: 3 0x80008d76 (0x008ab033)
core   0: 0x80008d7a (0xb8553a93) sltiu   s5, a0, -1147
core   0: 3 0x80008d7a (0xb8553a93) x21 0x00000001
core   0: 0x80008d7e (0x01464933) xor     s2, a2, s4
core   0: 3 0x80008d7e (0x01464933) x18 0xa80d6000
core   0: 0x80008d82 (0x00006115) c.addi16sp sp, 288
core   0: 3 0x80008d82 (0x6115) x 2 0x00000121
core   0: 0x80008d84 (0x01312933) slt     s2, sp, s3
core   0: 3 0x80008d84 (0x01312933) x18 0x00000001
core   0: 0x80008d88 (0x000048a5) c.li    a7, 9
core   0: 3 0x80008d88 (0x48a5) x17 0x00000009
core   0: 0x80008d8a (0x00008305) c.srli  a4, 1
core   0: 3 0x80008d8a (0x8305) x14 0x00000000
core   0: 0x80008d8c (0x0152cf33) xor     t5, t0, s5
core   0: 3 0x80008d8c (0x0152cf33) x30 0x00000001
core   0: 0x80008d90 (0x01ac1713) slli    a4, s8, 26
core   0: 3 0x80008d90 (0x01ac1713) x14 0xfc000000
core   0: 0x80008d94 (0x029c94b3) mulh    s1, s9, s1
core   0: 3 0x80008d94 (0x029c94b3) x 9 0x00000000
core   0: 0x80008d98 (0x03be1933) mulh    s2, t3, s11
core   0: 3 0x80008d98 (0x03be1933) x18 0x00000000
core   0: 0x80008d9c (0x02cabab3) mulhu   s5, s5, a2
core   0: 3 0x80008d9c (0x02cabab3) x21 0x00000000
core   0: 0x80008da0 (0x51c27993) andi    s3, tp, 1308
core   0: 3 0x80008da0 (0x51c27993) x19 0x00000114
core   0: 0x80008da4 (0x00904f33) xor     t5, zero, s1
core   0: 3 0x80008da4 (0x00904f33) x30 0x00000000
core   0: 0x80008da8 (0x00006f65) c.lui   t5, 0x19
core   0: 3 0x80008da8 (0x6f65) x30 0x00019000
core   0: 0x80008daa (0x02f91d33) mulh    s10, s2, a5
core   0: 3 0x80008daa (0x02f91d33) x26 0x00000000
core   0: 0x80008dae (0x0050f7b3) and     a5, ra, t0
core   0: 3 0x80008dae (0x0050f7b3) x15 0x00000000
core   0: 0x80008db2 (0x404853b3) sra     t2, a6, tp
core   0: 3 0x80008db2 (0x404853b3) x 7 0xfffff800
core   0: 0x80008db6 (0x00000e0a) c.slli  t3, 2
core   0: 3 0x80008db6 (0x0e0a) x28 0x00000084
core   0: 0x80008db8 (0x034b0d33) mul     s10, s6, s4
core   0: 3 0x80008db8 (0x034b0d33) x26 0x44000000
core   0: 0x80008dbc (0x6a58a113) slti    sp, a7, 1701
core   0: 3 0x80008dbc (0x6a58a113) x 2 0x00000001
core   0: 0x80008dc0 (0x00008cbd) c.xor   s1, a5
core   0: 3 0x80008dc0 (0x8cbd) x 9 0x00000000
core   0: 0x80008dc2 (0x13e66713) ori     a4, a2, 318
core   0: 3 0x80008dc2 (0x13e66713) x14 0x6c0d613e
core   0: 0x80008dc6 (0x55867d13) andi    s10, a2, 1368
core   0: 3 0x80008dc6 (0x55867d13) x26 0x00000000
core   0: 0x80008dca (0x02653233) mulhu   tp, a0, t1
core   0: 3 0x80008dca (0x02653233) x 4 0x00000000
core   0: 0x80008dce (0x0334b833) mulhu   a6, s1, s3
core   0: 3 0x80008dce (0x0334b833) x16 0x00000000
core   0: 0x80008dd2 (0x40a60bb3) sub     s7, a2, a0
core   0: 3 0x80008dd2 (0x40a60bb3) x23 0xec0c331c
core   0: 0x80008dd6 (0x00008cb1) c.xor   s1, a2
core   0: 3 0x80008dd6 (0x8cb1) x 9 0x6c0d6000
core   0: 0x80008dd8 (0x01c293b3) sll     t2, t0, t3
core   0: 3 0x80008dd8 (0x01c293b3) x 7 0x00000000
core   0: 0x80008ddc (0x00000001) c.nop
core   0: 3 0x80008ddc (0x0001)
core   0: 0x80008dde (0xfd367b13) andi    s6, a2, -45
core   0: 3 0x80008dde (0xfd367b13) x22 0x6c0d6000
core   0: 0x80008de2 (0x0000987d) c.andi  s0, -1
core   0: 3 0x80008de2 (0x987d) x 8 0x6c0d6000
core   0: 0x80008de4 (0x00009afd) c.andi  a3, -1
core   0: 3 0x80008de4 (0x9afd) x13 0xfedc0000
core   0: 0x80008de6 (0x020a7a33) remu    s4, s4, zero
core   0: 3 0x80008de6 (0x020a7a33) x20 0xc4000000
core   0: 0x80008dea (0x00008671) c.srai  a2, 28
core   0: 3 0x80008dea (0x8671) x12 0x00000006
core   0: 0x80008dec (0x000014fd) c.addi  s1, -1
core   0: 3 0x80008dec (0x14fd) x 9 0x6c0d5fff
core   0: 0x80008dee (0x00004959) c.li    s2, 22
core   0: 3 0x80008dee (0x4959) x18 0x00000016
core   0: 0x80008df0 (0x018c79b3) and     s3, s8, s8
core   0: 3 0x80008df0 (0x018c79b3) x19 0xffc27e3f
core   0: 0x80008df4 (0x0158d433) srl     s0, a7, s5
core   0: 3 0x80008df4 (0x0158d433) x 8 0x00000009
core   0: 0x80008df8 (0x00000001) c.nop
core   0: 3 0x80008df8 (0x0001)
core   0: 0x80008dfa (0x00006639) c.lui   a2, 0xe
core   0: 3 0x80008dfa (0x6639) x12 0x0000e000
core   0: 0x80008dfc (0x00e17233) and     tp, sp, a4
core   0: 3 0x80008dfc (0x00e17233) x 4 0x00000000
core   0: 0x80008e00 (0x00008c69) c.and   s0, a0
core   0: 3 0x80008e00 (0x8c69) x 8 0x00000000
core   0: 0x80008e02 (0x00000001) c.nop
core   0: 3 0x80008e02 (0x0001)
core   0: 0x80008e04 (0x000ac7b3) xor     a5, s5, zero
core   0: 3 0x80008e04 (0x000ac7b3) x15 0x00000000
core   0: 0x80008e08 (0x02d4c233) div     tp, s1, a3
core   0: 3 0x80008e08 (0x02d4c233) x 4 0xffffffa2
core   0: 0x80008e0c (0x00008cf9) c.and   s1, a4
core   0: 3 0x80008e0c (0x8cf9) x 9 0x6c0d413e
core   0: 0x80008e0e (0x00008c69) c.and   s0, a0
core   0: 3 0x80008e0e (0x8c69) x 8 0x00000000
core   0: 0x80008e10 (0x406adab3) sra     s5, s5, t1
core   0: 3 0x80008e10 (0x406adab3) x21 0x00000000
core   0: 0x80008e14 (0x000083a1) c.srli  a5, 8
core   0: 3 0x80008e14 (0x83a1) x15 0x00000000
core   0: 0x80008e16 (0x00008f4d) c.or    a4, a1
core   0: 3 0x80008e16 (0x8f4d) x14 0xec0def7e
core   0: 0x80008e18 (0x000084d5) c.srai  s1, 21
core   0: 3 0x80008e18 (0x84d5) x 9 0x00000360
core   0: 0x80008e1a (0x00006fb9) c.lui   t6, 0xe
core   0: 3 0x80008e1a (0x6fb9) x31 0x0000e000
core   0: 0x80008e1c (0x40bfd133) sra     sp, t6, a1
core   0: 3 0x80008e1c (0x40bfd133) x 2 0x00000e00
core   0: 0x80008e20 (0x0073f3b3) and     t2, t2, t2
core   0: 3 0x80008e20 (0x0073f3b3) x 7 0x00000000
core   0: 0x80008e24 (0x00009bfd) c.andi  a5, -1
core   0: 3 0x80008e24 (0x9bfd) x15 0x00000000
core   0: 0x80008e26 (0x030b5d33) divu    s10, s6, a6
core   0: 3 0x80008e26 (0x030b5d33) x26 0xffffffff
core   0: 0x80008e2a (0x023e3cb3) mulhu   s9, t3, gp
core   0: 3 0x80008e2a (0x023e3cb3) x25 0x00000000
core   0: 0x80008e2e (0xb169ae93) slti    t4, s3, -1258
core   0: 3 0x80008e2e (0xb169ae93) x29 0x00000001
core   0: 0x80008e32 (0x00c727b3) slt     a5, a4, a2
core   0: 3 0x80008e32 (0x00c727b3) x15 0x00000001
core   0: 0x80008e36 (0x01e461b3) or      gp, s0, t5
core   0: 3 0x80008e36 (0x01e461b3) x 3 0x00019000
core   0: 0x80008e3a (0x00008f99) c.sub   a5, a4
core   0: 3 0x80008e3a (0x8f99) x15 0x13f21083
core   0: 0x80008e3c (0xa0466213) ori     tp, a2, -1532
core   0: 3 0x80008e3c (0xa0466213) x 4 0xfffffa04
core   0: 0x80008e40 (0x010bbab3) sltu    s5, s7, a6
core   0: 3 0x80008e40 (0x010bbab3) x21 0x00000000
core   0: 0x80008e44 (0x40f78733) sub     a4, a5, a5
core   0: 3 0x80008e44 (0x40f78733) x14 0x00000000
core   0: 0x80008e48 (0x000098fd) c.andi  s1, -1
core   0: 3 0x80008e48 (0x98fd) x 9 0x00000360
core   0: 0x80008e4a (0x01929e93) slli    t4, t0, 25
core   0: 3 0x80008e4a (0x01929e93) x29 0x00000000
core   0: 0x80008e4e (0x13250493) addi    s1, a0, 306
core   0: 3 0x80008e4e (0x13250493) x 9 0x80012e16
core   0: 0x80008e52 (0x00008f75) c.and   a4, a3
core   0: 3 0x80008e52 (0x8f75) x14 0x00000000
core   0: 0x80008e54 (0x0241be33) mulhu   t3, gp, tp
core   0: 3 0x80008e54 (0x0241be33) x28 0x00018fff
core   0: 0x80008e58 (0x00008665) c.srai  a2, 25
core   0: 3 0x80008e58 (0x8665) x12 0x00000000
core   0: 0x80008e5a (0x01df0bb3) add     s7, t5, t4
core   0: 3 0x80008e5a (0x01df0bb3) x23 0x00019000
core   0: 0x80008e5e (0xe7213993) sltiu   s3, sp, -398
core   0: 3 0x80008e5e (0xe7213993) x19 0x00000001
core   0: 0x80008e62 (0x18a0ea13) ori     s4, ra, 394
core   0: 3 0x80008e62 (0x18a0ea13) x20 0x0000018a
core   0: 0x80008e66 (0x03db1133) mulh    sp, s6, t4
core   0: 3 0x80008e66 (0x03db1133) x 2 0x00000000
core   0: 0x80008e6a (0x0f292d93) slti    s11, s2, 242
core   0: 3 0x80008e6a (0x0f292d93) x27 0x00000001
core   0: 0x80008e6e (0x00c450b3) srl     ra, s0, a2
core   0: 3 0x80008e6e (0x00c450b3) x 1 0x00000000
core   0: 0x80008e72 (0x0256ad33) mulhsu  s10, a3, t0
core   0: 3 0x80008e72 (0x0256ad33) x26 0x00000000
core   0: 0x80008e76 (0x03b402b3) mul     t0, s0, s11
core   0: 3 0x80008e76 (0x03b402b3) x 5 0x00000000
core   0: 0x80008e7a (0x00004251) c.li    tp, 20
core   0: 3 0x80008e7a (0x4251) x 4 0x00000014
core   0: 0x80008e7c (0x319ef813) andi    a6, t4, 793
core   0: 3 0x80008e7c (0x319ef813) x16 0x00000000
core   0: 0x80008e80 (0x41ea8633) sub     a2, s5, t5
core   0: 3 0x80008e80 (0x41ea8633) x12 0xfffe7000
core   0: 0x80008e84 (0x00cf86b3) add     a3, t6, a2
core   0: 3 0x80008e84 (0x00cf86b3) x13 0xffff5000
core   0: 0x80008e88 (0xf2137413) andi    s0, t1, -223
core   0: 3 0x80008e88 (0xf2137413) x 8 0x00000000
core   0: 0x80008e8c (0x02621bb3) mulh    s7, tp, t1
core   0: 3 0x80008e8c (0x02621bb3) x23 0x00000000
core   0: 0x80008e90 (0x03bec2b3) div     t0, t4, s11
core   0: 3 0x80008e90 (0x03bec2b3) x 5 0x00000000
core   0: 0x80008e94 (0x001bfd33) and     s10, s7, ra
core   0: 3 0x80008e94 (0x001bfd33) x26 0x00000000
core   0: 0x80008e98 (0x0127d813) srli    a6, a5, 18
core   0: 3 0x80008e98 (0x0127d813) x16 0x000004fc
core   0: 0x80008e9c (0x021d9db3) mulh    s11, s11, ra
core   0: 3 0x80008e9c (0x021d9db3) x27 0x00000000
core   0: 0x80008ea0 (0x0370ef33) rem     t5, ra, s7
core   0: 3 0x80008ea0 (0x0370ef33) x30 0x00000000
core   0: 0x80008ea4 (0xb2419037) lui     zero, 0xb2419
core   0: 3 0x80008ea4 (0xb2419037)
core   0: 0x80008ea8 (0x009c5933) srl     s2, s8, s1
core   0: 3 0x80008ea8 (0x009c5933) x18 0x000003ff
core   0: 0x80008eac (0xfecc7c93) andi    s9, s8, -20
core   0: 3 0x80008eac (0xfecc7c93) x25 0xffc27e2c
core   0: 0x80008eb0 (0x016ce813) ori     a6, s9, 22
core   0: 3 0x80008eb0 (0x016ce813) x16 0xffc27e3e
core   0: 0x80008eb4 (0x01501693) slli    a3, zero, 21
core   0: 3 0x80008eb4 (0x01501693) x13 0x00000000
core   0: 0x80008eb8 (0x6d16a093) slti    ra, a3, 1745
core   0: 3 0x80008eb8 (0x6d16a093) x 1 0x00000001
core   0: 0x80008ebc (0x00006705) c.lui   a4, 0x1
core   0: 3 0x80008ebc (0x6705) x14 0x00001000
core   0: 0x80008ebe (0x00004999) c.li    s3, 6
core   0: 3 0x80008ebe (0x4999) x19 0x00000006
core   0: 0x80008ec0 (0x01411713) slli    a4, sp, 20
core   0: 3 0x80008ec0 (0x01411713) x14 0x00000000
core   0: 0x80008ec4 (0x2269dcb7) lui     s9, 0x2269d
core   0: 3 0x80008ec4 (0x2269dcb7) x25 0x2269d000
core   0: 0x80008ec8 (0x00d6b3b3) sltu    t2, a3, a3
core   0: 3 0x80008ec8 (0x00d6b3b3) x 7 0x00000000
core   0: 0x80008ecc (0x0265ce33) div     t3, a1, t1
core   0: 3 0x80008ecc (0x0265ce33) x28 0xffffffff
core   0: 0x80008ed0 (0x011e0fb3) add     t6, t3, a7
core   0: 3 0x80008ed0 (0x011e0fb3) x31 0x00000008
core   0: 0x80008ed4 (0x0074cbb3) xor     s7, s1, t2
core   0: 3 0x80008ed4 (0x0074cbb3) x23 0x80012e16
core   0: 0x80008ed8 (0x2a457437) lui     s0, 0x2a457
core   0: 3 0x80008ed8 (0x2a457437) x 8 0x2a457000
core   0: 0x80008edc (0x00009afd) c.andi  a3, -1
core   0: 3 0x80008edc (0x9afd) x13 0x00000000
core   0: 0x80008ede (0x02975ab3) divu    s5, a4, s1
core   0: 3 0x80008ede (0x02975ab3) x21 0x00000000
core   0: 0x80008ee2 (0x60d12e93) slti    t4, sp, 1549
core   0: 3 0x80008ee2 (0x60d12e93) x29 0x00000001
core   0: 0x80008ee6 (0x4126d613) srai    a2, a3, 18
core   0: 3 0x80008ee6 (0x4126d613) x12 0x00000000
core   0: 0x80008eea (0x0108ccb3) xor     s9, a7, a6
core   0: 3 0x80008eea (0x0108ccb3) x25 0xffc27e37
core   0: 0x80008eee (0x0000960e) c.add   a2, gp
core   0: 3 0x80008eee (0x960e) x12 0x00019000
core   0: 0x80008ef0 (0x40275a93) srai    s5, a4, 2
core   0: 3 0x80008ef0 (0x40275a93) x21 0x00000000
core   0: 0x80008ef4 (0x00008bb1) c.andi  a5, 12
core   0: 3 0x80008ef4 (0x8bb1) x15 0x00000000
core   0: 0x80008ef6 (0xad48fb37) lui     s6, 0xad48f
core   0: 3 0x80008ef6 (0xad48fb37) x22 0xad48f000
core   0: 0x80008efa (0xeb1e6393) ori     t2, t3, -335
core   0: 3 0x80008efa (0xeb1e6393) x 7 0xffffffff
core   0: 0x80008efe (0xe630cb13) xori    s6, ra, -413
core   0: 3 0x80008efe (0xe630cb13) x22 0xfffffe62
core   0: 0x80008f02 (0x01199133) sll     sp, s3, a7
core   0: 3 0x80008f02 (0x01199133) x 2 0x00000c00
core   0: 0x80008f06 (0x00000245) c.addi  tp, 17
core   0: 3 0x80008f06 (0x0245) x 4 0x00000025
core   0: 0x80008f08 (0x03a47b33) remu    s6, s0, s10
core   0: 3 0x80008f08 (0x03a47b33) x22 0x2a457000
core   0: 0x80008f0c (0x38fb6317) auipc   t1, 0x38fb6
core   0: 3 0x80008f0c (0x38fb6317) x 6 0xb8fbef0c
core   0: 0x80008f10 (0x03339433) mulh    s0, t2, s3
core   0: 3 0x80008f10 (0x03339433) x 8 0xffffffff
core   0: 0x80008f14 (0x8ed9cf93) xori    t6, s3, -1811
core   0: 3 0x80008f14 (0x8ed9cf93) x31 0xfffff8eb
core   0: 0x80008f18 (0x00000f84) c.addi4spn s1, sp, 976
core   0: 3 0x80008f18 (0x0f84) x 9 0x00000fd0
core   0: 0x80008f1a (0x40a58333) sub     t1, a1, a0
core   0: 3 0x80008f1a (0x40a58333) x 6 0xffffc180
core   0: 0x80008f1e (0x032aff33) remu    t5, s5, s2
core   0: 3 0x80008f1e (0x032aff33) x30 0x00000000
core   0: 0x80008f22 (0x4069d7b3) sra     a5, s3, t1
core   0: 3 0x80008f22 (0x4069d7b3) x15 0x00000006
core   0: 0x80008f26 (0x020e4ab3) div     s5, t3, zero
core   0: 3 0x80008f26 (0x020e4ab3) x21 0xffffffff
core   0: 0x80008f2a (0x028a0133) mul     sp, s4, s0
core   0: 3 0x80008f2a (0x028a0133) x 2 0xfffffe76
core   0: 0x80008f2e (0xdeef0d13) addi    s10, t5, -530
core   0: 3 0x80008f2e (0xdeef0d13) x26 0xfffffdee
core   0: 0x80008f32 (0x001b7cb3) and     s9, s6, ra
core   0: 3 0x80008f32 (0x001b7cb3) x25 0x00000000
core   0: 0x80008f36 (0x00000001) c.nop
core   0: 3 0x80008f36 (0x0001)
core   0: 0x80008f38 (0x00008f01) c.sub   a4, s0
core   0: 3 0x80008f38 (0x8f01) x14 0x00000001
core   0: 0x80008f3a (0x0000039a) c.slli  t2, 6
core   0: 3 0x80008f3a (0x039a) x 7 0xffffffc0
core   0: 0x80008f3c (0x00008c39) c.xor   s0, a4
core   0: 3 0x80008f3c (0x8c39) x 8 0xfffffffe
core   0: 0x80008f3e (0x031d43b3) div     t2, s10, a7
core   0: 3 0x80008f3e (0x031d43b3) x 7 0xffffffc6
core   0: 0x80008f42 (0x0055abb3) slt     s7, a1, t0
core   0: 3 0x80008f42 (0x0055abb3) x23 0x00000001
core   0: 0x80008f46 (0x00008211) c.srli  a2, 4
core   0: 3 0x80008f46 (0x8211) x12 0x00001900
core   0: 0x80008f48 (0x40fdd213) srai    tp, s11, 15
core   0: 3 0x80008f48 (0x40fdd213) x 4 0x00000000
core   0: 0x80008f4c (0x00008a01) c.andi  a2, 0
core   0: 3 0x80008f4c (0x8a01) x12 0x00000000
core   0: 0x80008f4e (0x01db09b3) add     s3, s6, t4
core   0: 3 0x80008f4e (0x01db09b3) x19 0x2a457001
core   0: 0x80008f52 (0x705fa093) slti    ra, t6, 1797
core   0: 3 0x80008f52 (0x705fa093) x 1 0x00000001
core   0: 0x80008f56 (0x01545433) srl     s0, s0, s5
core   0: 3 0x80008f56 (0x01545433) x 8 0x00000001
core   0: 0x80008f5a (0x145dbd37) lui     s10, 0x145db
core   0: 3 0x80008f5a (0x145dbd37) x26 0x145db000
core   0: 0x80008f5e (0x00000f31) c.addi  t5, 12
core   0: 3 0x80008f5e (0x0f31) x30 0x0000000c
core   0: 0x80008f60 (0x0000879e) c.mv    a5, t2
core   0: 3 0x80008f60 (0x879e) x15 0xffffffc6
core   0: 0x80008f62 (0x41d7dcb3) sra     s9, a5, t4
core   0: 3 0x80008f62 (0x41d7dcb3) x25 0xffffffe3
core   0: 0x80008f66 (0x039d3433) mulhu   s0, s10, s9
core   0: 3 0x80008f66 (0x039d3433) x 8 0x145daffd
core   0: 0x80008f6a (0x037ba6b3) mulhsu  a3, s7, s7
core   0: 3 0x80008f6a (0x037ba6b3) x13 0x00000000
core   0: 0x80008f6e (0x000082a5) c.srli  a3, 9
core   0: 3 0x80008f6e (0x82a5) x13 0x00000000
core   0: 0x80008f70 (0x01f29133) sll     sp, t0, t6
core   0: 3 0x80008f70 (0x01f29133) x 2 0x00000000
core   0: 0x80008f74 (0x0000717d) c.addi16sp sp, -16
core   0: 3 0x80008f74 (0x717d) x 2 0xfffffff0
core   0: 0x80008f76 (0x00bf84b3) add     s1, t6, a1
core   0: 3 0x80008f76 (0x00bf84b3) x 9 0x8000e74f
core   0: 0x80008f7a (0x03a607b3) mul     a5, a2, s10
core   0: 3 0x80008f7a (0x03a607b3) x15 0x00000000
core   0: 0x80008f7e (0x019a83b3) add     t2, s5, s9
core   0: 3 0x80008f7e (0x019a83b3) x 7 0xffffffe2
core   0: 0x80008f82 (0x03476933) rem     s2, a4, s4
core   0: 3 0x80008f82 (0x03476933) x18 0x00000001
core   0: 0x80008f86 (0x00008e7d) c.and   a2, a5
core   0: 3 0x80008f86 (0x8e7d) x12 0x00000000
core   0: 0x80008f88 (0x00000d05) c.addi  s10, 1
core   0: 3 0x80008f88 (0x0d05) x26 0x145db001
core   0: 0x80008f8a (0x00008611) c.srai  a2, 4
core   0: 3 0x80008f8a (0x8611) x12 0x00000000
core   0: 0x80008f8c (0x40a10833) sub     a6, sp, a0
core   0: 3 0x80008f8c (0x40a10833) x16 0x7ffed30c
core   0: 0x80008f90 (0x02c74333) div     t1, a4, a2
core   0: 3 0x80008f90 (0x02c74333) x 6 0xffffffff
core   0: 0x80008f94 (0x000088f5) c.andi  s1, 29
core   0: 3 0x80008f94 (0x88f5) x 9 0x0000000d
core   0: 0x80008f96 (0x023641b3) div     gp, a2, gp
core   0: 3 0x80008f96 (0x023641b3) x 3 0x00000000
core   0: 0x80008f9a (0x404f8333) sub     t1, t6, tp
core   0: 3 0x80008f9a (0x404f8333) x 6 0xfffff8eb
core   0: 0x80008f9e (0x03cf29b3) mulhsu  s3, t5, t3
core   0: 3 0x80008f9e (0x03cf29b3) x19 0x0000000b
core   0: 0x80008fa2 (0x95210b93) addi    s7, sp, -1710
core   0: 3 0x80008fa2 (0x95210b93) x23 0xfffff942
core   0: 0x80008fa6 (0x00000f18) c.addi4spn a4, sp, 912
core   0: 3 0x80008fa6 (0x0f18) x14 0x00000380
core   0: 0x80008fa8 (0x000089b2) c.mv    s3, a2
core   0: 3 0x80008fa8 (0x89b2) x19 0x00000000
core   0: 0x80008faa (0xf8c5b693) sltiu   a3, a1, -116
core   0: 3 0x80008faa (0xf8c5b693) x13 0x00000001
core   0: 0x80008fae (0x00009a4e) c.add   s4, s3
core   0: 3 0x80008fae (0x9a4e) x20 0x0000018a
core   0: 0x80008fb0 (0x032fa833) mulhsu  a6, t6, s2
core   0: 3 0x80008fb0 (0x032fa833) x16 0xffffffff
core   0: 0x80008fb4 (0x00006175) c.addi16sp sp, 368
core   0: 3 0x80008fb4 (0x6175) x 2 0x00000160
core   0: 0x80008fb6 (0x41b1df33) sra     t5, gp, s11
core   0: 3 0x80008fb6 (0x41b1df33) x30 0x00000000
core   0: 0x80008fba (0xbffb3f13) sltiu   t5, s6, -1025
core   0: 3 0x80008fba (0xbffb3f13) x30 0x00000001
core   0: 0x80008fbe (0x000087cd) c.srai  a5, 19
core   0: 3 0x80008fbe (0x87cd) x15 0x00000000
core   0: 0x80008fc0 (0x008170b3) and     ra, sp, s0
core   0: 3 0x80008fc0 (0x008170b3) x 1 0x00000160
core   0: 0x80008fc4 (0xba324b93) xori    s7, tp, -1117
core   0: 3 0x80008fc4 (0xba324b93) x23 0xfffffba3
core   0: 0x80008fc8 (0x00000001) c.nop
core   0: 3 0x80008fc8 (0x0001)
core   0: 0x80008fca (0x00008eb9) c.xor   a3, a4
core   0: 3 0x80008fca (0x8eb9) x13 0x00000381
core   0: 0x80008fcc (0x31a810b7) lui     ra, 0x31a81
core   0: 3 0x80008fcc (0x31a810b7) x 1 0x31a81000
core   0: 0x80008fd0 (0x01e66733) or      a4, a2, t5
core   0: 3 0x80008fd0 (0x01e66733) x14 0x00000001
core   0: 0x80008fd4 (0x54c28b93) addi    s7, t0, 1356
core   0: 3 0x80008fd4 (0x54c28b93) x23 0x0000054c
core   0: 0x80008fd8 (0x0000717d) c.addi16sp sp, -16
core   0: 3 0x80008fd8 (0x717d) x 2 0x00000150
core   0: 0x80008fda (0x00008cf5) c.and   s1, a3
core   0: 3 0x80008fda (0x8cf5) x 9 0x00000001
core   0: 0x80008fdc (0x4088d813) srai    a6, a7, 8
core   0: 3 0x80008fdc (0x4088d813) x16 0x00000000
core   0: 0x80008fe0 (0x00008f29) c.xor   a4, a0
core   0: 3 0x80008fe0 (0x8f29) x14 0x80012ce5
core   0: 0x80008fe2 (0x02a3f0b3) remu    ra, t2, a0
core   0: 3 0x80008fe2 (0x02a3f0b3) x 1 0x7ffed2fe
core   0: 0x80008fe6 (0x000f5d93) srli    s11, t5, 0
core   0: 3 0x80008fe6 (0x000f5d93) x27 0x00000001
core   0: 0x80008fea (0x038aedb3) rem     s11, s5, s8
core   0: 3 0x80008fea (0x038aedb3) x27 0xffffffff
core   0: 0x80008fee (0x00d400b3) add     ra, s0, a3
core   0: 3 0x80008fee (0x00d400b3) x 1 0x145db37e
core   0: 0x80008ff2 (0x00008ae2) c.mv    s5, s8
core   0: 3 0x80008ff2 (0x8ae2) x21 0xffc27e3f
core   0: 0x80008ff4 (0x02afe6b3) rem     a3, t6, a0
core   0: 3 0x80008ff4 (0x02afe6b3) x13 0xfffff8eb
core   0: 0x80008ff8 (0x004df9b3) and     s3, s11, tp
core   0: 3 0x80008ff8 (0x004df9b3) x19 0x00000000
core   0: 0x80008ffc (0x000009f2) c.slli  s3, 28
core   0: 3 0x80008ffc (0x09f2) x19 0x00000000
core   0: 0x80008ffe (0xf2d1fa93) andi    s5, gp, -211
core   0: 3 0x80008ffe (0xf2d1fa93) x21 0x00000000
core   0: 0x80009002 (0x010827b3) slt     a5, a6, a6
core   0: 3 0x80009002 (0x010827b3) x15 0x00000000
core   0: 0x80009006 (0xa977d417) auipc   s0, 0xa977d
core   0: 3 0x80009006 (0xa977d417) x 8 0x29786006
core   0: 0x8000900a (0x034e3bb3) mulhu   s7, t3, s4
core   0: 3 0x8000900a (0x034e3bb3) x23 0x00000189
core   0: 0x8000900e (0x41d9dd93) srai    s11, s3, 29
core   0: 3 0x8000900e (0x41d9dd93) x27 0x00000000
core   0: 0x80009012 (0x015cb133) sltu    sp, s9, s5
core   0: 3 0x80009012 (0x015cb133) x 2 0x00000000
core   0: 0x80009016 (0x007e77b3) and     a5, t3, t2
core   0: 3 0x80009016 (0x007e77b3) x15 0xffffffe2
core   0: 0x8000901a (0xc6a74813) xori    a6, a4, -918
core   0: 3 0x8000901a (0xc6a74813) x16 0x7ffed08f
core   0: 0x8000901e (0x56f52993) slti    s3, a0, 1391
core   0: 3 0x8000901e (0x56f52993) x19 0x00000001
core   0: 0x80009022 (0x01151193) slli    gp, a0, 17
core   0: 3 0x80009022 (0x01151193) x 3 0x59c80000
core   0: 0x80009026 (0x62043993) sltiu   s3, s0, 1568
core   0: 3 0x80009026 (0x62043993) x19 0x00000000
core   0: 0x8000902a (0x0993fe37) lui     t3, 0x993f
core   0: 3 0x8000902a (0x0993fe37) x28 0x0993f000
core   0: 0x8000902e (0x00000efa) c.slli  t4, 30
core   0: 3 0x8000902e (0x0efa) x29 0x40000000
core   0: 0x80009030 (0x00008f6d) c.and   a4, a1
core   0: 3 0x80009030 (0x8f6d) x14 0x80002c64
core   0: 0x80009032 (0xb627c213) xori    tp, a5, -1182
core   0: 3 0x80009032 (0xb627c213) x 4 0x00000480
core   0: 0x80009036 (0x00000175) c.addi  sp, 29
core   0: 3 0x80009036 (0x0175) x 2 0x0000001d
core   0: 0x80009038 (0x00008fc9) c.or    a5, a0
core   0: 3 0x80009038 (0x8fc9) x15 0xffffffe6
core   0: 0x8000903a (0x6e932713) slti    a4, t1, 1769
core   0: 3 0x8000903a (0x6e932713) x14 0x00000001
core   0: 0x8000903e (0x9994e213) ori     tp, s1, -1639
core   0: 3 0x8000903e (0x9994e213) x 4 0xfffff999
core   0: 0x80009042 (0x00006119) c.addi16sp sp, 384
core   0: 3 0x80009042 (0x6119) x 2 0x0000019d
core   0: 0x80009044 (0x02193833) mulhu   a6, s2, ra
core   0: 3 0x80009044 (0x02193833) x16 0x00000000
core   0: 0x80009048 (0x00000001) c.nop
core   0: 3 0x80009048 (0x0001)
core   0: 0x8000904a (0x03049bb3) mulh    s7, s1, a6
core   0: 3 0x8000904a (0x03049bb3) x23 0x00000000
core   0: 0x8000904e (0x00008449) c.srai  s0, 18
core   0: 3 0x8000904e (0x8449) x 8 0x00000a5e
core   0: 0x80009050 (0x00264033) xor     zero, a2, sp
core   0: 3 0x80009050 (0x00264033)
core   0: 0x80009054 (0x02d1f433) remu    s0, gp, a3
core   0: 3 0x80009054 (0x02d1f433) x 8 0x59c80000
core   0: 0x80009058 (0x01254e33) xor     t3, a0, s2
core   0: 3 0x80009058 (0x01254e33) x28 0x80012ce5
core   0: 0x8000905c (0x01135f93) srli    t6, t1, 17
core   0: 3 0x8000905c (0x01135f93) x31 0x00007fff
core   0: 0x80009060 (0x00000001) c.nop
core   0: 3 0x80009060 (0x0001)
core   0: 0x80009062 (0x0227c833) div     a6, a5, sp
core   0: 3 0x80009062 (0x0227c833) x16 0x00000000
core   0: 0x80009066 (0x0000927a) c.add   tp, t5
core   0: 3 0x80009066 (0x927a) x 4 0xfffff99a
core   0: 0x80009068 (0x83056f97) auipc   t6, 0x83056
core   0: 3 0x80009068 (0x83056f97) x31 0x0305f068
core   0: 0x8000906c (0x000df433) and     s0, s11, zero
core   0: 3 0x8000906c (0x000df433) x 8 0x00000000
core   0: 0x80009070 (0x0000717d) c.addi16sp sp, -16
core   0: 3 0x80009070 (0x717d) x 2 0x0000018d
core   0: 0x80009072 (0x00001080) c.addi4spn s0, sp, 96
core   0: 3 0x80009072 (0x1080) x 8 0x000001ed
core   0: 0x80009074 (0x01948a33) add     s4, s1, s9
core   0: 3 0x80009074 (0x01948a33) x20 0xffffffe4
core   0: 0x80009078 (0x00ecda93) srli    s5, s9, 14
core   0: 3 0x80009078 (0x00ecda93) x21 0x0003ffff
core   0: 0x8000907c (0x0000816a) c.mv    sp, s10
core   0: 3 0x8000907c (0x816a) x 2 0x145db001
core   0: 0x8000907e (0x00008f01) c.sub   a4, s0
core   0: 3 0x8000907e (0x8f01) x14 0xfffffe14
core   0: 0x80009080 (0x00000001) c.nop
core   0: 3 0x80009080 (0x0001)
core   0: 0x80009082 (0x70d6a293) slti    t0, a3, 1805
core   0: 3 0x80009082 (0x70d6a293) x 5 0x00000001
core   0: 0x80009086 (0x00009a7d) c.andi  a2, -1
core   0: 3 0x80009086 (0x9a7d) x12 0x00000000
core   0: 0x80009088 (0x03da0833) mul     a6, s4, t4
core   0: 3 0x80009088 (0x03da0833) x16 0x00000000
core   0: 0x8000908c (0x01054933) xor     s2, a0, a6
core   0: 3 0x8000908c (0x01054933) x18 0x80012ce4
core   0: 0x80009090 (0x4fd3ef93) ori     t6, t2, 1277
core   0: 3 0x80009090 (0x4fd3ef93) x31 0xffffffff
core   0: 0x80009094 (0x03f5c833) div     a6, a1, t6
core   0: 3 0x80009094 (0x03f5c833) x16 0x7fff119c
core   0: 0x80009098 (0x0000835d) c.srli  a4, 23
core   0: 3 0x80009098 (0x835d) x14 0x000001ff
core   0: 0x8000909a (0x00215913) srli    s2, sp, 2
core   0: 3 0x8000909a (0x00215913) x18 0x05176c00
core   0: 0x8000909e (0x90ca8497) auipc   s1, 0x90ca8
core   0: 3 0x8000909e (0x90ca8497) x 9 0x10cb109e
core   0: 0x800090a2 (0x00841633) sll     a2, s0, s0
core   0: 3 0x800090a2 (0x00841633) x12 0x003da000
core   0: 0x800090a6 (0x8fe57a13) andi    s4, a0, -1794
core   0: 3 0x800090a6 (0x8fe57a13) x20 0x800128e4
core   0: 0x800090aa (0x2b8c6893) ori     a7, s8, 696
core   0: 3 0x800090aa (0x2b8c6893) x17 0xffc27ebf
core   0: 0x800090ae (0xced24e13) xori    t3, tp, -787
core   0: 3 0x800090ae (0xced24e13) x28 0x00000577
core   0: 0x800090b2 (0x50844213) xori    tp, s0, 1288
core   0: 3 0x800090b2 (0x50844213) x 4 0x000004e5
core   0: 0x800090b6 (0x40375013) srai    zero, a4, 3
core   0: 3 0x800090b6 (0x40375013)
core   0: 0x800090ba (0x000087ed) c.srai  a5, 27
core   0: 3 0x800090ba (0x87ed) x15 0xffffffff
core   0: 0x800090bc (0x00008452) c.mv    s0, s4
core   0: 3 0x800090bc (0x8452) x 8 0x800128e4
core   0: 0x800090be (0x02c41d33) mulh    s10, s0, a2
core   0: 3 0x800090be (0x02c41d33) x26 0xffe13047
core   0: 0x800090c2 (0x00008fb1) c.xor   a5, a2
core   0: 3 0x800090c2 (0x8fb1) x15 0xffc25fff
core   0: 0x800090c4 (0x41c55cb3) sra     s9, a0, t3
core   0: 3 0x800090c4 (0x41c55cb3) x25 0xffffff00
core   0: 0x800090c8 (0x01d76b33) or      s6, a4, t4
core   0: 3 0x800090c8 (0x01d76b33) x22 0x400001ff
core   0: 0x800090cc (0x00fbd9b3) srl     s3, s7, a5
core   0: 3 0x800090cc (0x00fbd9b3) x19 0x00000000
core   0: 0x800090d0 (0x00006d65) c.lui   s10, 0x19
core   0: 3 0x800090d0 (0x6d65) x26 0x00019000
core   0: 0x800090d2 (0x000083f5) c.srli  a5, 29
core   0: 3 0x800090d2 (0x83f5) x15 0x00000007
core   0: 0x800090d4 (0x55124e17) auipc   t3, 0x55124
core   0: 3 0x800090d4 (0x55124e17) x28 0xd512d0d4
core   0: 0x800090d8 (0x001a64b3) or      s1, s4, ra
core   0: 3 0x800090d8 (0x001a64b3) x 9 0x945dbbfe
core   0: 0x800090dc (0x020439b3) mulhu   s3, s0, zero
core   0: 3 0x800090dc (0x020439b3) x19 0x00000000
core   0: 0x800090e0 (0x7d0f2193) slti    gp, t5, 2000
core   0: 3 0x800090e0 (0x7d0f2193) x 3 0x00000001
core   0: 0x800090e4 (0x000c7db3) and     s11, s8, zero
core   0: 3 0x800090e4 (0x000c7db3) x27 0x00000000
core   0: 0x800090e8 (0xc0fa7193) andi    gp, s4, -1009
core   0: 3 0x800090e8 (0xc0fa7193) x 3 0x80012804
core   0: 0x800090ec (0x020e6433) rem     s0, t3, zero
core   0: 3 0x800090ec (0x020e6433) x 8 0xd512d0d4
core   0: 0x800090f0 (0x0000717d) c.addi16sp sp, -16
core   0: 3 0x800090f0 (0x717d) x 2 0x145daff1
core   0: 0x800090f2 (0x00000001) c.nop
core   0: 3 0x800090f2 (0x0001)
core   0: 0x800090f4 (0xebdabd13) sltiu   s10, s5, -323
core   0: 3 0x800090f4 (0xebdabd13) x26 0x00000001
core   0: 0x800090f8 (0x88baf417) auipc   s0, 0x88baf
core   0: 3 0x800090f8 (0x88baf417) x 8 0x08bb80f8
core   0: 0x800090fc (0x000060b1) c.lui   ra, 0xc
core   0: 3 0x800090fc (0x60b1) x 1 0x0000c000
core   0: 0x800090fe (0x628ace13) xori    t3, s5, 1576
core   0: 3 0x800090fe (0x628ace13) x28 0x0003f9d7
core   0: 0x80009102 (0x00008f41) c.or    a4, s0
core   0: 3 0x80009102 (0x8f41) x14 0x08bb81ff
core   0: 0x80009104 (0x00000296) c.slli  t0, 5
core   0: 3 0x80009104 (0x0296) x 5 0x00000020
core   0: 0x80009106 (0x00008345) c.srli  a4, 17
core   0: 3 0x80009106 (0x8345) x14 0x0000045d
core   0: 0x80009108 (0x00008c85) c.sub   s1, s1
core   0: 3 0x80009108 (0x8c85) x 9 0x00000000
core   0: 0x8000910a (0x000821b3) slt     gp, a6, zero
core   0: 3 0x8000910a (0x000821b3) x 3 0x00000000
core   0: 0x8000910e (0x01281933) sll     s2, a6, s2
core   0: 3 0x8000910e (0x01281933) x18 0x7fff119c
core   0: 0x80009112 (0xdce74d93) xori    s11, a4, -562
core   0: 3 0x80009112 (0xdce74d93) x27 0xfffff993
core   0: 0x80009116 (0x00008e8d) c.sub   a3, a1
core   0: 3 0x80009116 (0x8e8d) x13 0x7fff0a87
core   0: 0x80009118 (0x00bbd793) srli    a5, s7, 11
core   0: 3 0x80009118 (0x00bbd793) x15 0x00000000
core   0: 0x8000911c (0x00008eed) c.and   a3, a1
core   0: 3 0x8000911c (0x8eed) x13 0x00000a04
core   0: 0x8000911e (0x02a25ab3) divu    s5, tp, a0
core   0: 3 0x8000911e (0x02a25ab3) x21 0x00000000
core   0: 0x80009122 (0x9c387293) andi    t0, a6, -1597
core   0: 3 0x80009122 (0x9c387293) x 5 0x7fff1180
core   0: 0x80009126 (0x00000d9c) c.addi4spn a5, sp, 720
core   0: 3 0x80009126 (0x0d9c) x15 0x145db2c1
core   0: 0x80009128 (0xdc78b213) sltiu   tp, a7, -569
core   0: 3 0x80009128 (0xdc78b213) x 4 0x00000001
core   0: 0x8000912c (0x000091ce) c.add   gp, s3
core   0: 3 0x8000912c (0x91ce) x 3 0x00000000
core   0: 0x8000912e (0x00009bfd) c.andi  a5, -1
core   0: 3 0x8000912e (0x9bfd) x15 0x145db2c1
core   0: 0x80009130 (0x014ada93) srli    s5, s5, 20
core   0: 3 0x80009130 (0x014ada93) x21 0x00000000
core   0: 0x80009134 (0xca3bc793) xori    a5, s7, -861
core   0: 3 0x80009134 (0xca3bc793) x15 0xfffffca3
core   0: 0x80009138 (0x439dad37) lui     s10, 0x439da
core   0: 3 0x80009138 (0x439dad37) x26 0x439da000
core   0: 0x8000913c (0x9ae8f697) auipc   a3, 0x9ae8f
core   0: 3 0x8000913c (0x9ae8f697) x13 0x1ae9813c
core   0: 0x80009140 (0x415054b3) sra     s1, zero, s5
core   0: 3 0x80009140 (0x415054b3) x 9 0x00000000
core   0: 0x80009144 (0x0156c2b3) xor     t0, a3, s5
core   0: 3 0x80009144 (0x0156c2b3) x 5 0x1ae9813c
core   0: 0x80009148 (0x00a1f9b3) and     s3, gp, a0
core   0: 3 0x80009148 (0x00a1f9b3) x19 0x00000000
core   0: 0x8000914c (0x0000939e) c.add   t2, t2
core   0: 3 0x8000914c (0x939e) x 7 0xffffffc4
core   0: 0x8000914e (0x000017fd) c.addi  a5, -1
core   0: 3 0x8000914e (0x17fd) x15 0xfffffca2
core   0: 0x80009150 (0x0218a333) mulhsu  t1, a7, ra
core   0: 3 0x80009150 (0x0218a333) x 6 0xffffffd1
core   0: 0x80009154 (0x00009aba) c.add   s5, a4
core   0: 3 0x80009154 (0x9aba) x21 0x0000045d
core   0: 0x80009156 (0x00009c8a) c.add   s9, sp
core   0: 3 0x80009156 (0x9c8a) x25 0x145daef1
core   0: 0x80009158 (0x00008f9d) c.sub   a5, a5
core   0: 3 0x80009158 (0x8f9d) x15 0x00000000
core   0: 0x8000915a (0x7dc06a13) ori     s4, zero, 2012
core   0: 3 0x8000915a (0x7dc06a13) x20 0x000007dc
core   0: 0x8000915e (0x00008c0d) c.sub   s0, a1
core   0: 3 0x8000915e (0x8c0d) x 8 0x88ba9294
core   0: 0x80009160 (0x03ec40b3) div     ra, s8, t5
core   0: 3 0x80009160 (0x03ec40b3) x 1 0xffc27e3f
core   0: 0x80009164 (0x41568bb3) sub     s7, a3, s5
core   0: 3 0x80009164 (0x41568bb3) x23 0x1ae97cdf
core   0: 0x80009168 (0x03d93fb3) mulhu   t6, s2, t4
core   0: 3 0x80009168 (0x03d93fb3) x31 0x1fffc467
core   0: 0x8000916c (0x006b1e13) slli    t3, s6, 6
core   0: 3 0x8000916c (0x006b1e13) x28 0x00007fc0
core   0: 0x80009170 (0x012980b3) add     ra, s3, s2
core   0: 3 0x80009170 (0x012980b3) x 1 0x7fff119c
core   0: 0x80009174 (0x01874933) xor     s2, a4, s8
core   0: 3 0x80009174 (0x01874933) x18 0xffc27a62
core   0: 0x80009178 (0x9d536813) ori     a6, t1, -1579
core   0: 3 0x80009178 (0x9d536813) x16 0xffffffd5
core   0: 0x8000917c (0xaf1b3093) sltiu   ra, s6, -1295
core   0: 3 0x8000917c (0xaf1b3093) x 1 0x00000001
core   0: 0x80009180 (0x408a5a93) srai    s5, s4, 8
core   0: 3 0x80009180 (0x408a5a93) x21 0x00000007
core   0: 0x80009184 (0x40490db3) sub     s11, s2, tp
core   0: 3 0x80009184 (0x40490db3) x27 0xffc27a61
core   0: 0x80009188 (0x4e21c913) xori    s2, gp, 1250
core   0: 3 0x80009188 (0x4e21c913) x18 0x000004e2
core   0: 0x8000918c (0x7a8b0d93) addi    s11, s6, 1960
core   0: 3 0x8000918c (0x7a8b0d93) x27 0x400009a7
core   0: 0x80009190 (0x0002f7b3) and     a5, t0, zero
core   0: 3 0x80009190 (0x0002f7b3) x15 0x00000000
core   0: 0x80009194 (0x41e8db93) srai    s7, a7, 30
core   0: 3 0x80009194 (0x41e8db93) x23 0xffffffff
core   0: 0x80009198 (0x00000105) c.addi  sp, 1
core   0: 3 0x80009198 (0x0105) x 2 0x145daff2
core   0: 0x8000919a (0x00caecb3) or      s9, s5, a2
core   0: 3 0x8000919a (0x00caecb3) x25 0x003da007
core   0: 0x8000919e (0x000e36b3) sltu    a3, t3, zero
core   0: 3 0x8000919e (0x000e36b3) x13 0x00000000
core   0: 0x800091a2 (0x00000001) c.nop
core   0: 3 0x800091a2 (0x0001)
core   0: 0x800091a4 (0x00008bc2) c.mv    s7, a6
core   0: 3 0x800091a4 (0x8bc2) x23 0xffffffd5
core   0: 0x800091a6 (0x16262193) slti    gp, a2, 354
core   0: 3 0x800091a6 (0x16262193) x 3 0x00000000
core   0: 0x800091aa (0x00008e95) c.sub   a3, a3
core   0: 3 0x800091aa (0x8e95) x13 0x00000000
core   0: 0x800091ac (0x00008bfd) c.andi  a5, 31
core   0: 3 0x800091ac (0x8bfd) x15 0x00000000
core   0: 0x800091ae (0x37bd0f97) auipc   t6, 0x37bd0
core   0: 3 0x800091ae (0x37bd0f97) x31 0xb7bd91ae
core   0: 0x800091b2 (0x00008ea1) c.xor   a3, s0
core   0: 3 0x800091b2 (0x8ea1) x13 0x88ba9294
core   0: 0x800091b4 (0xa2746093) ori     ra, s0, -1497
core   0: 3 0x800091b4 (0xa2746093) x 1 0xfffffab7
core   0: 0x800091b8 (0x40d48493) addi    s1, s1, 1037
core   0: 3 0x800091b8 (0x40d48493) x 9 0x0000040d
core   0: 0x800091bc (0x02732f33) mulhsu  t5, t1, t2
core   0: 3 0x800091bc (0x02732f33) x30 0xffffffd1
core   0: 0x800091c0 (0x03bf2633) mulhsu  a2, t5, s11
core   0: 3 0x800091c0 (0x03bf2633) x12 0xfffffff4
core   0: 0x800091c4 (0x03f2bab3) mulhu   s5, t0, t6
core   0: 3 0x800091c4 (0x03f2bab3) x21 0x1350d916
core   0: 0x800091c8 (0x032a24b3) mulhsu  s1, s4, s2
core   0: 3 0x800091c8 (0x032a24b3) x 9 0x00000000
core   0: 0x800091cc (0x9799e337) lui     t1, 0x9799e
core   0: 3 0x800091cc (0x9799e337) x 6 0x9799e000
core   0: 0x800091d0 (0x000067fd) c.lui   a5, 0x1f
core   0: 3 0x800091d0 (0x67fd) x15 0x0001f000
core   0: 0x800091d2 (0x03d97eb3) remu    t4, s2, t4
core   0: 3 0x800091d2 (0x03d97eb3) x29 0x000004e2
core   0: 0x800091d6 (0x40440e33) sub     t3, s0, tp
core   0: 3 0x800091d6 (0x40440e33) x28 0x88ba9293
core   0: 0x800091da (0x00008ed9) c.or    a3, a4
core   0: 3 0x800091da (0x8ed9) x13 0x88ba96dd
core   0: 0x800091dc (0x002d2db3) slt     s11, s10, sp
core   0: 3 0x800091dc (0x002d2db3) x27 0x00000000
core   0: 0x800091e0 (0x41535fb3) sra     t6, t1, s5
core   0: 3 0x800091e0 (0x41535fb3) x31 0xfffffe5e
core   0: 0x800091e4 (0x034eaab3) mulhsu  s5, t4, s4
core   0: 3 0x800091e4 (0x034eaab3) x21 0x00000000
core   0: 0x800091e8 (0x035047b3) div     a5, zero, s5
core   0: 3 0x800091e8 (0x035047b3) x15 0xffffffff
core   0: 0x800091ec (0x00000001) c.nop
core   0: 3 0x800091ec (0x0001)
core   0: 0x800091ee (0x013ee7b3) or      a5, t4, s3
core   0: 3 0x800091ee (0x013ee7b3) x15 0x000004e2
core   0: 0x800091f2 (0x0000547d) c.li    s0, -1
core   0: 3 0x800091f2 (0x547d) x 8 0xffffffff
core   0: 0x800091f4 (0x65d18793) addi    a5, gp, 1629
core   0: 3 0x800091f4 (0x65d18793) x15 0x0000065d
core   0: 0x800091f8 (0x03e3fa33) remu    s4, t2, t5
core   0: 3 0x800091f8 (0x03e3fa33) x20 0xffffffc4
core   0: 0x800091fc (0xc1c6e413) ori     s0, a3, -996
core   0: 3 0x800091fc (0xc1c6e413) x 8 0xfffffedd
core   0: 0x80009200 (0x02a5da33) divu    s4, a1, a0
core   0: 3 0x80009200 (0x02a5da33) x20 0x00000000
core   0: 0x80009204 (0x02289933) mulh    s2, a7, sp
core   0: 3 0x80009204 (0x02289933) x18 0xfffb1b64
core   0: 0x80009208 (0x00000a35) c.addi  s4, 13
core   0: 3 0x80009208 (0x0a35) x20 0x0000000d
core   0: 0x8000920a (0x0145fe33) and     t3, a1, s4
core   0: 3 0x8000920a (0x0145fe33) x28 0x00000004
core   0: 0x8000920e (0x00000841) c.addi  a6, 16
core   0: 3 0x8000920e (0x0841) x16 0xffffffe5
core   0: 0x80009210 (0x02b0cb33) div     s6, ra, a1
core   0: 3 0x80009210 (0x02b0cb33) x22 0x00000000
core   0: 0x80009214 (0xc753b393) sltiu   t2, t2, -907
core   0: 3 0x80009214 (0xc753b393) x 7 0x00000000
core   0: 0x80009218 (0x00008ccd) c.or    s1, a1
core   0: 3 0x80009218 (0x8ccd) x 9 0x8000ee64
core   0: 0x8000921a (0x01099393) slli    t2, s3, 16
core   0: 3 0x8000921a (0x01099393) x 7 0x00000000
core   0: 0x8000921e (0x419dd6b3) sra     a3, s11, s9
core   0: 3 0x8000921e (0x419dd6b3) x13 0x00000000
core   0: 0x80009222 (0x024d8bb3) mul     s7, s11, tp
core   0: 3 0x80009222 (0x024d8bb3) x23 0x00000000
core   0: 0x80009226 (0x46b2a493) slti    s1, t0, 1131
core   0: 3 0x80009226 (0x46b2a493) x 9 0x00000000
core   0: 0x8000922a (0xca148413) addi    s0, s1, -863
core   0: 3 0x8000922a (0xca148413) x 8 0xfffffca1
core   0: 0x8000922e (0x03fe7933) remu    s2, t3, t6
core   0: 3 0x8000922e (0x03fe7933) x18 0x00000004
core   0: 0x80009232 (0x00958f33) add     t5, a1, s1
core   0: 3 0x80009232 (0x00958f33) x30 0x8000ee64
core   0: 0x80009236 (0x00005f7d) c.li    t5, -1
core   0: 3 0x80009236 (0x5f7d) x30 0xffffffff
core   0: 0x80009238 (0x412bd613) srai    a2, s7, 18
core   0: 3 0x80009238 (0x412bd613) x12 0x00000000
core   0: 0x8000923c (0xf7802e37) lui     t3, 0xf7802
core   0: 3 0x8000923c (0xf7802e37) x28 0xf7802000
core   0: 0x80009240 (0x40af8233) sub     tp, t6, a0
core   0: 3 0x80009240 (0x40af8233) x 4 0x7ffed17a
core   0: 0x80009244 (0xb7553a93) sltiu   s5, a0, -1163
core   0: 3 0x80009244 (0xb7553a93) x21 0x00000001
core   0: 0x80009248 (0x014ebe33) sltu    t3, t4, s4
core   0: 3 0x80009248 (0x014ebe33) x28 0x00000000
core   0: 0x8000924c (0x27514a37) lui     s4, 0x27514
core   0: 3 0x8000924c (0x27514a37) x20 0x27514000
core   0: 0x80009250 (0x0275f8b3) remu    a7, a1, t2
core   0: 3 0x80009250 (0x0275f8b3) x17 0x8000ee64
core   0: 0x80009254 (0x00008992) c.mv    s3, tp
core   0: 3 0x80009254 (0x8992) x19 0x7ffed17a
core   0: 0x80009256 (0x00005e7d) c.li    t3, -1
core   0: 3 0x80009256 (0x5e7d) x28 0xffffffff
core   0: 0x80009258 (0x00008f9d) c.sub   a5, a5
core   0: 3 0x80009258 (0x8f9d) x15 0x00000000
core   0: 0x8000925a (0x00a352b3) srl     t0, t1, a0
core   0: 3 0x8000925a (0x00a352b3) x 5 0x09799e00
core   0: 0x8000925e (0x00000b00) c.addi4spn s0, sp, 400
core   0: 3 0x8000925e (0x0b00) x 8 0x145db182
core   0: 0x80009260 (0x00008c31) c.xor   s0, a2
core   0: 3 0x80009260 (0x8c31) x 8 0x145db182
core   0: 0x80009262 (0x007304b3) add     s1, t1, t2
core   0: 3 0x80009262 (0x007304b3) x 9 0x9799e000
core   0: 0x80009266 (0x01a5e733) or      a4, a1, s10
core   0: 3 0x80009266 (0x01a5e733) x14 0xc39dee64
core   0: 0x8000926a (0x03e5beb3) mulhu   t4, a1, t5
core   0: 3 0x8000926a (0x03e5beb3) x29 0x8000ee63
core   0: 0x8000926e (0x022253b3) divu    t2, tp, sp
core   0: 3 0x8000926e (0x022253b3) x 7 0x00000006
core   0: 0x80009272 (0x02159fb3) mulh    t6, a1, ra
core   0: 3 0x80009272 (0x02159fb3) x31 0x000002a4
core   0: 0x80009276 (0x01fdfeb3) and     t4, s11, t6
core   0: 3 0x80009276 (0x01fdfeb3) x29 0x00000000
core   0: 0x8000927a (0x402f0733) sub     a4, t5, sp
core   0: 3 0x8000927a (0x402f0733) x14 0xeba2500d
core   0: 0x8000927e (0x00008f21) c.xor   a4, s0
core   0: 3 0x8000927e (0x8f21) x14 0xffffe18f
core   0: 0x80009280 (0x0000927e) c.add   tp, t6
core   0: 3 0x80009280 (0x927e) x 4 0x7ffed41e
core   0: 0x80009282 (0x00815333) srl     t1, sp, s0
core   0: 3 0x80009282 (0x00815333) x 6 0x05176bfc
core   0: 0x80009286 (0x0036d793) srli    a5, a3, 3
core   0: 3 0x80009286 (0x0036d793) x15 0x00000000
core   0: 0x8000928a (0x00000504) c.addi4spn s1, sp, 640
core   0: 3 0x8000928a (0x0504) x 9 0x145db272
core   0: 0x8000928c (0x00000e94) c.addi4spn a3, sp, 848
core   0: 3 0x8000928c (0x0e94) x13 0x145db342
core   0: 0x8000928e (0x01f3d093) srli    ra, t2, 31
core   0: 3 0x8000928e (0x01f3d093) x 1 0x00000000
core   0: 0x80009292 (0x40b850b3) sra     ra, a6, a1
core   0: 3 0x80009292 (0x40b850b3) x 1 0xfffffffe
core   0: 0x80009296 (0x00008ea5) c.xor   a3, s1
core   0: 3 0x80009296 (0x8ea5) x13 0x00000130
core   0: 0x80009298 (0xd2e04f93) xori    t6, zero, -722
core   0: 3 0x80009298 (0xd2e04f93) x31 0xfffffd2e
core   0: 0x8000929c (0x00000cc5) c.addi  s9, 17
core   0: 3 0x8000929c (0x0cc5) x25 0x003da018
core   0: 0x8000929e (0x00008cc1) c.or    s1, s0
core   0: 3 0x8000929e (0x8cc1) x 9 0x145db3f2
core   0: 0x800092a0 (0x00b2fb33) and     s6, t0, a1
core   0: 3 0x800092a0 (0x00b2fb33) x22 0x00008e00
core   0: 0x800092a4 (0x000068f9) c.lui   a7, 0x1e
core   0: 3 0x800092a4 (0x68f9) x17 0x0001e000
core   0: 0x800092a6 (0x038d9933) mulh    s2, s11, s8
core   0: 3 0x800092a6 (0x038d9933) x18 0x00000000
core   0: 0x800092aa (0x0011dd33) srl     s10, gp, ra
core   0: 3 0x800092aa (0x0011dd33) x26 0x00000000
core   0: 0x800092ae (0x01b054b3) srl     s1, zero, s11
core   0: 3 0x800092ae (0x01b054b3) x 9 0x00000000
core   0: 0x800092b2 (0x03795eb3) divu    t4, s2, s7
core   0: 3 0x800092b2 (0x03795eb3) x29 0xffffffff
core   0: 0x800092b6 (0x42d68113) addi    sp, a3, 1069
core   0: 3 0x800092b6 (0x42d68113) x 2 0x0000055d
core   0: 0x800092ba (0xdec0ae13) slti    t3, ra, -532
core   0: 3 0x800092ba (0xdec0ae13) x28 0x00000000
core   0: 0x800092be (0x01fa4133) xor     sp, s4, t6
core   0: 3 0x800092be (0x01fa4133) x 2 0xd8aebd2e
core   0: 0x800092c2 (0x0000071c) c.addi4spn a5, sp, 896
core   0: 3 0x800092c2 (0x071c) x15 0xd8aec0ae
core   0: 0x800092c4 (0x01812eb3) slt     t4, sp, s8
core   0: 3 0x800092c4 (0x01812eb3) x29 0x00000001
core   0: 0x800092c8 (0xb04d4613) xori    a2, s10, -1276
core   0: 3 0x800092c8 (0xb04d4613) x12 0xfffffb04
core   0: 0x800092cc (0x032597b3) mulh    a5, a1, s2
core   0: 3 0x800092cc (0x032597b3) x15 0x00000000
core   0: 0x800092d0 (0x00000194) c.addi4spn a3, sp, 192
core   0: 3 0x800092d0 (0x0194) x13 0xd8aebdee
core   0: 0x800092d2 (0x02e64e33) div     t3, a2, a4
core   0: 3 0x800092d2 (0x02e64e33) x28 0x00000000
core   0: 0x800092d6 (0x1ab23913) sltiu   s2, tp, 427
core   0: 3 0x800092d6 (0x1ab23913) x18 0x00000000
core   0: 0x800092da (0x41235293) srai    t0, t1, 18
core   0: 3 0x800092da (0x41235293) x 5 0x00000145
core   0: 0x800092de (0x1b33fa93) andi    s5, t2, 435
core   0: 3 0x800092de (0x1b33fa93) x21 0x00000002
core   0: 0x800092e2 (0x00001884) c.addi4spn s1, sp, 112
core   0: 3 0x800092e2 (0x1884) x 9 0xd8aebd9e
core   0: 0x800092e4 (0x00000001) c.nop
core   0: 3 0x800092e4 (0x0001)
core   0: 0x800092e6 (0x00941793) slli    a5, s0, 9
core   0: 3 0x800092e6 (0x00941793) x15 0xbb630400
core   0: 0x800092ea (0x0291ab33) mulhsu  s6, gp, s1
core   0: 3 0x800092ea (0x0291ab33) x22 0x00000000
core   0: 0x800092ee (0x03162133) mulhsu  sp, a2, a7
core   0: 3 0x800092ee (0x03162133) x 2 0xffffffff
core   0: 0x800092f2 (0x70f0fc93) andi    s9, ra, 1807
core   0: 3 0x800092f2 (0x70f0fc93) x25 0x0000070e
core   0: 0x800092f6 (0x016a5393) srli    t2, s4, 22
core   0: 3 0x800092f6 (0x016a5393) x 7 0x0000009d
core   0: 0x800092fa (0xe547c317) auipc   t1, 0xe547c
core   0: 3 0x800092fa (0xe547c317) x 6 0x654852fa
core   0: 0x800092fe (0x019493b3) sll     t2, s1, s9
core   0: 3 0x800092fe (0x019493b3) x 7 0xaf678000
core   0: 0x80009302 (0x01c7b9b3) sltu    s3, a5, t3
core   0: 3 0x80009302 (0x01c7b9b3) x19 0x00000000
core   0: 0x80009306 (0x000012fd) c.addi  t0, -1
core   0: 3 0x80009306 (0x12fd) x 5 0x00000144
core   0: 0x80009308 (0x010a9d93) slli    s11, s5, 16
core   0: 3 0x80009308 (0x010a9d93) x27 0x00020000
core   0: 0x8000930c (0x0077ae33) slt     t3, a5, t2
core   0: 3 0x8000930c (0x0077ae33) x28 0x00000000
core   0: 0x80009310 (0x01348db3) add     s11, s1, s3
core   0: 3 0x80009310 (0x01348db3) x27 0xd8aebd9e
core   0: 0x80009314 (0x00741033) sll     zero, s0, t2
core   0: 3 0x80009314 (0x00741033)
core   0: 0x80009318 (0x0385d133) divu    sp, a1, s8
core   0: 3 0x80009318 (0x0385d133) x 2 0x00000000
core   0: 0x8000931c (0x02441433) mulh    s0, s0, tp
core   0: 3 0x8000931c (0x02441433) x 8 0x0a2ec0e5
core   0: 0x80009320 (0xb7384f13) xori    t5, a6, -1165
core   0: 3 0x80009320 (0xb7384f13) x30 0x00000496
core   0: 0x80009324 (0x000098fd) c.andi  s1, -1
core   0: 3 0x80009324 (0x98fd) x 9 0xd8aebd9e
core   0: 0x80009326 (0x41675d33) sra     s10, a4, s6
core   0: 3 0x80009326 (0x41675d33) x26 0xffffe18f
core   0: 0x8000932a (0x00521133) sll     sp, tp, t0
core   0: 3 0x8000932a (0x00521133) x 2 0xffed41e0
core   0: 0x8000932e (0x8b4aec93) ori     s9, s5, -1868
core   0: 3 0x8000932e (0x8b4aec93) x25 0xfffff8b6
core   0: 0x80009332 (0x03903cb3) mulhu   s9, zero, s9
core   0: 3 0x80009332 (0x03903cb3) x25 0x00000000
core   0: 0x80009336 (0x017e5113) srli    sp, t3, 23
core   0: 3 0x80009336 (0x017e5113) x 2 0x00000000
core   0: 0x8000933a (0x41895013) srai    zero, s2, 24
core   0: 3 0x8000933a (0x41895013)
core   0: 0x8000933e (0x603b7d93) andi    s11, s6, 1539
core   0: 3 0x8000933e (0x603b7d93) x27 0x00000000
core   0: 0x80009342 (0xc4038093) addi    ra, t2, -960
core   0: 3 0x80009342 (0xc4038093) x 1 0xaf677c40
core   0: 0x80009346 (0xf3996693) ori     a3, s2, -199
core   0: 3 0x80009346 (0xf3996693) x13 0xffffff39
core   0: 0x8000934a (0x41b10d33) sub     s10, sp, s11
core   0: 3 0x8000934a (0x41b10d33) x26 0x00000000
core   0: 0x8000934e (0x00000f49) c.addi  t5, 18
core   0: 3 0x8000934e (0x0f49) x30 0x000004a8
core   0: 0x80009350 (0x00006449) c.lui   s0, 0x12
core   0: 3 0x80009350 (0x6449) x 8 0x00012000
core   0: 0x80009352 (0xd374ba13) sltiu   s4, s1, -713
core   0: 3 0x80009352 (0xd374ba13) x20 0x00000001
core   0: 0x80009356 (0x0291c3b3) div     t2, gp, s1
core   0: 3 0x80009356 (0x0291c3b3) x 7 0x00000000
core   0: 0x8000935a (0x00008f89) c.sub   a5, a0
core   0: 3 0x8000935a (0x8f89) x15 0x3b61d71c
core   0: 0x8000935c (0xb2a38013) addi    zero, t2, -1238
core   0: 3 0x8000935c (0xb2a38013)
core   0: 0x80009360 (0x41fbdd33) sra     s10, s7, t6
core   0: 3 0x80009360 (0x41fbdd33) x26 0x00000000
core   0: 0x80009364 (0x001c2433) slt     s0, s8, ra
core   0: 3 0x80009364 (0x001c2433) x 8 0x00000000
core   0: 0x80009368 (0x00000001) c.nop
core   0: 3 0x80009368 (0x0001)
core   0: 0x8000936a (0x001d9e93) slli    t4, s11, 1
core   0: 3 0x8000936a (0x001d9e93) x29 0x00000000
core   0: 0x8000936e (0x01eef2b3) and     t0, t4, t5
core   0: 3 0x8000936e (0x01eef2b3) x 5 0x00000000
core   0: 0x80009372 (0x00929bb3) sll     s7, t0, s1
core   0: 3 0x80009372 (0x00929bb3) x23 0x00000000
core   0: 0x80009376 (0x002ed7b3) srl     a5, t4, sp
core   0: 3 0x80009376 (0x002ed7b3) x15 0x00000000
core   0: 0x8000937a (0x00000001) c.nop
core   0: 3 0x8000937a (0x0001)
core   0: 0x8000937c (0x028eaf33) mulhsu  t5, t4, s0
core   0: 3 0x8000937c (0x028eaf33) x30 0x00000000
core   0: 0x80009380 (0x0000841d) c.srai  s0, 7
core   0: 3 0x80009380 (0x841d) x 8 0x00000000
core   0: 0x80009382 (0x3c046d13) ori     s10, s0, 960
core   0: 3 0x80009382 (0x3c046d13) x26 0x000003c0
core   0: 0x80009386 (0x00004825) c.li    a6, 9
core   0: 3 0x80009386 (0x4825) x16 0x00000009
core   0: 0x80009388 (0x013138b3) sltu    a7, sp, s3
core   0: 3 0x80009388 (0x013138b3) x17 0x00000000
core   0: 0x8000938c (0x00008b6d) c.andi  a4, 27
core   0: 3 0x8000938c (0x8b6d) x14 0x0000000b
core   0: 0x8000938e (0x000098fd) c.andi  s1, -1
core   0: 3 0x8000938e (0x98fd) x 9 0xd8aebd9e
core   0: 0x80009390 (0x00513b33) sltu    s6, sp, t0
core   0: 3 0x80009390 (0x00513b33) x22 0x00000000
core   0: 0x80009394 (0x00158133) add     sp, a1, ra
core   0: 3 0x80009394 (0x00158133) x 2 0x2f686aa4
core   0: 0x80009398 (0x006222b3) slt     t0, tp, t1
core   0: 3 0x80009398 (0x006222b3) x 5 0x00000000
core   0: 0x8000939c (0x03659db3) mulh    s11, a1, s6
core   0: 3 0x8000939c (0x03659db3) x27 0x00000000
core   0: 0x800093a0 (0x0000019c) c.addi4spn a5, sp, 192
core   0: 3 0x800093a0 (0x019c) x15 0x2f686b64
core   0: 0x800093a2 (0x00008c3d) c.xor   s0, a5
core   0: 3 0x800093a2 (0x8c3d) x 8 0x2f686b64
core   0: 0x800093a4 (0xf3912e93) slti    t4, sp, -199
core   0: 3 0x800093a4 (0xf3912e93) x29 0x00000000
core   0: 0x800093a8 (0x00008e3d) c.xor   a2, a5
core   0: 3 0x800093a8 (0x8e3d) x12 0xd0979060
core   0: 0x800093aa (0x00afc233) xor     tp, t6, a0
core   0: 3 0x800093aa (0x00afc233) x 4 0x7ffed1ca
core   0: 0x800093ae (0x0000717d) c.addi16sp sp, -16
core   0: 3 0x800093ae (0x717d) x 2 0x2f686a94
core   0: 0x800093b0 (0x40115713) srai    a4, sp, 1
core   0: 3 0x800093b0 (0x40115713) x14 0x17b4354a
core   0: 0x800093b4 (0x029ed0b3) divu    ra, t4, s1
core   0: 3 0x800093b4 (0x029ed0b3) x 1 0x00000000
core   0: 0x800093b8 (0xcf58e213) ori     tp, a7, -779
core   0: 3 0x800093b8 (0xcf58e213) x 4 0xfffffcf5
core   0: 0x800093bc (0x000063e9) c.lui   t2, 0x1a
core   0: 3 0x800093bc (0x63e9) x 7 0x0001a000
core   0: 0x800093be (0x000098fa) c.add   a7, t5
core   0: 3 0x800093be (0x98fa) x17 0x00000000
core   0: 0x800093c0 (0x419a58b3) sra     a7, s4, s9
core   0: 3 0x800093c0 (0x419a58b3) x17 0x00000001
core   0: 0x800093c4 (0x03fd1b33) mulh    s6, s10, t6
core   0: 3 0x800093c4 (0x03fd1b33) x22 0xffffffff
core   0: 0x800093c8 (0x00008e5d) c.or    a2, a5
core   0: 3 0x800093c8 (0x8e5d) x12 0xfffffb64
core   0: 0x800093ca (0x919729b7) lui     s3, 0x91972
core   0: 3 0x800093ca (0x919729b7) x19 0x91972000
core   0: 0x800093ce (0x00006139) c.addi16sp sp, 448
core   0: 3 0x800093ce (0x6139) x 2 0x2f686c54
core   0: 0x800093d0 (0x4eb14213) xori    tp, sp, 1259
core   0: 3 0x800093d0 (0x4eb14213) x 4 0x2f6868bf
core   0: 0x800093d4 (0x000058fd) c.li    a7, -1
core   0: 3 0x800093d4 (0x58fd) x17 0xffffffff
core   0: 0x800093d6 (0x015a9313) slli    t1, s5, 21
core   0: 3 0x800093d6 (0x015a9313) x 6 0x00400000
core   0: 0x800093da (0x00008c3d) c.xor   s0, a5
core   0: 3 0x800093da (0x8c3d) x 8 0x00000000
core   0: 0x800093dc (0x00009a7d) c.andi  a2, -1
core   0: 3 0x800093dc (0x9a7d) x12 0xfffffb64
core   0: 0x800093de (0x81ccfa13) andi    s4, s9, -2020
core   0: 3 0x800093de (0x81ccfa13) x20 0x00000000
core   0: 0x800093e2 (0x002f0433) add     s0, t5, sp
core   0: 3 0x800093e2 (0x002f0433) x 8 0x2f686c54
core   0: 0x800093e6 (0x409c82b3) sub     t0, s9, s1
core   0: 3 0x800093e6 (0x409c82b3) x 5 0x27514262
core   0: 0x800093ea (0x40850933) sub     s2, a0, s0
core   0: 3 0x800093ea (0x40850933) x18 0x5098c090
core   0: 0x800093ee (0x01e57f33) and     t5, a0, t5
core   0: 3 0x800093ee (0x01e57f33) x30 0x00000000
core   0: 0x800093f2 (0x00008789) c.srai  a5, 2
core   0: 3 0x800093f2 (0x8789) x15 0x0bda1ad9
core   0: 0x800093f4 (0x069fa013) slti    zero, t6, 105
core   0: 3 0x800093f4 (0x069fa013)
core   0: 0x800093f8 (0x00008f4d) c.or    a4, a1
core   0: 3 0x800093f8 (0x8f4d) x14 0x97b4ff6e
core   0: 0x800093fa (0x03eeb3b3) mulhu   t2, t4, t5
core   0: 3 0x800093fa (0x03eeb3b3) x 7 0x00000000
core   0: 0x800093fe (0x40f3d3b3) sra     t2, t2, a5
core   0: 3 0x800093fe (0x40f3d3b3) x 7 0x00000000
core   0: 0x80009402 (0xf8abf093) andi    ra, s7, -118
core   0: 3 0x80009402 (0xf8abf093) x 1 0x00000000
core   0: 0x80009406 (0x40375213) srai    tp, a4, 3
core   0: 3 0x80009406 (0x40375213) x 4 0xf2f69fed
core   0: 0x8000940a (0x03629033) mulh    zero, t0, s6
core   0: 3 0x8000940a (0x03629033)
core   0: 0x8000940e (0x00001680) c.addi4spn s0, sp, 864
core   0: 3 0x8000940e (0x1680) x 8 0x2f686fb4
core   0: 0x80009410 (0x000084b9) c.srai  s1, 14
core   0: 3 0x80009410 (0x84b9) x 9 0xffff62ba
core   0: 0x80009412 (0x00000a26) c.slli  s4, 9
core   0: 3 0x80009412 (0x0a26) x20 0x00000000
core   0: 0x80009414 (0x00467b33) and     s6, a2, tp
core   0: 3 0x80009414 (0x00467b33) x22 0xf2f69b64
core   0: 0x80009418 (0xbeedb093) sltiu   ra, s11, -1042
core   0: 3 0x80009418 (0xbeedb093) x 1 0x00000001
core   0: 0x8000941c (0x001154b3) srl     s1, sp, ra
core   0: 3 0x8000941c (0x001154b3) x 9 0x17b4362a
core   0: 0x80009420 (0x03511433) mulh    s0, sp, s5
core   0: 3 0x80009420 (0x03511433) x 8 0x00000000
core   0: 0x80009424 (0x00008f85) c.sub   a5, s1
core   0: 3 0x80009424 (0x8f85) x15 0xf425e4af
core   0: 0x80009426 (0x000091b6) c.add   gp, a3
core   0: 3 0x80009426 (0x91b6) x 3 0xffffff39
core   0: 0x80009428 (0x0000717d) c.addi16sp sp, -16
core   0: 3 0x80009428 (0x717d) x 2 0x2f686c44
core   0: 0x8000942a (0xd2c94913) xori    s2, s2, -724
core   0: 3 0x8000942a (0xd2c94913) x18 0xaf673dbc
core   0: 0x8000942e (0xb3266737) lui     a4, 0xb3266
core   0: 3 0x8000942e (0xb3266737) x14 0xb3266000
core   0: 0x80009432 (0x00006645) c.lui   a2, 0x11
core   0: 3 0x80009432 (0x6645) x12 0x00011000
core   0: 0x80009434 (0x402ad313) srai    t1, s5, 2
core   0: 3 0x80009434 (0x402ad313) x 6 0x00000000
core   0: 0x80009438 (0x8f7bae97) auipc   t4, 0x8f7ba
core   0: 3 0x80009438 (0x8f7bae97) x29 0x0f7c3438
core   0: 0x8000943c (0x02686033) rem     zero, a6, t1
core   0: 3 0x8000943c (0x02686033)
core   0: 0x80009440 (0x02f18ab3) mul     s5, gp, a5
core   0: 3 0x80009440 (0x02f18ab3) x21 0x368b3bf7
core   0: 0x80009444 (0x00000304) c.addi4spn s1, sp, 384
core   0: 3 0x80009444 (0x0304) x 9 0x2f686dc4
core   0: 0x80009446 (0x0000527d) c.li    tp, -1
core   0: 3 0x80009446 (0x527d) x 4 0xffffffff
core   0: 0x80009448 (0x002d92b3) sll     t0, s11, sp
core   0: 3 0x80009448 (0x002d92b3) x 5 0x00000000
core   0: 0x8000944c (0x000087ad) c.srai  a5, 11
core   0: 3 0x8000944c (0x87ad) x15 0xfffe84bc
core   0: 0x8000944e (0xfa785d17) auipc   s10, 0xfa785
core   0: 3 0x8000944e (0xfa785d17) x26 0x7a78e44e
core   0: 0x80009452 (0x00006be9) c.lui   s7, 0x1a
core   0: 3 0x80009452 (0x6be9) x23 0x0001a000
core   0: 0x80009454 (0x00009cca) c.add   s9, s2
core   0: 3 0x80009454 (0x9cca) x25 0xaf673dbc
core   0: 0x80009456 (0x00fee793) ori     a5, t4, 15
core   0: 3 0x80009456 (0x00fee793) x15 0x0f7c343f
core   0: 0x8000945a (0x79f5fa13) andi    s4, a1, 1951
core   0: 3 0x8000945a (0x79f5fa13) x20 0x00000604
core   0: 0x8000945e (0x029d21b3) mulhsu  gp, s10, s1
core   0: 3 0x8000945e (0x029d21b3) x 3 0x16ae278a
core   0: 0x80009462 (0x00000704) c.addi4spn s1, sp, 896
core   0: 3 0x80009462 (0x0704) x 9 0x2f686fc4
core   0: 0x80009464 (0x00008fc1) c.or    a5, s0
core   0: 3 0x80009464 (0x8fc1) x15 0x0f7c343f
core   0: 0x80009466 (0x031653b3) divu    t2, a2, a7
core   0: 3 0x80009466 (0x031653b3) x 7 0x00000000
core   0: 0x8000946a (0x74fdcf13) xori    t5, s11, 1871
core   0: 3 0x8000946a (0x74fdcf13) x30 0x0000074f
core   0: 0x8000946e (0x79964713) xori    a4, a2, 1945
core   0: 3 0x8000946e (0x79964713) x14 0x00011799
core   0: 0x80009472 (0xf5be0c97) auipc   s9, 0xf5be0
core   0: 3 0x80009472 (0xf5be0c97) x25 0x75be9472
core   0: 0x80009476 (0x00005afd) c.li    s5, -1
core   0: 3 0x80009476 (0x5afd) x21 0xffffffff
core   0: 0x80009478 (0x015d6233) or      tp, s10, s5
core   0: 3 0x80009478 (0x015d6233) x 4 0xffffffff
core   0: 0x8000947c (0x40a85113) srai    sp, a6, 10
core   0: 3 0x8000947c (0x40a85113) x 2 0x00000000
core   0: 0x80009480 (0x0194adb3) slt     s11, s1, s9
core   0: 3 0x80009480 (0x0194adb3) x27 0x00000001
core   0: 0x80009484 (0x00e4b633) sltu    a2, s1, a4
core   0: 3 0x80009484 (0x00e4b633) x12 0x00000000
core   0: 0x80009488 (0x2b2be113) ori     sp, s7, 690
core   0: 3 0x80009488 (0x2b2be113) x 2 0x0001a2b2
core   0: 0x8000948c (0x4133d933) sra     s2, t2, s3
core   0: 3 0x8000948c (0x4133d933) x18 0x00000000
core   0: 0x80009490 (0x0000021a) c.slli  tp, 6
core   0: 3 0x80009490 (0x021a) x 4 0xffffffc0
core   0: 0x80009492 (0x00000001) c.nop
core   0: 3 0x80009492 (0x0001)
core   0: 0x80009494 (0x88646cb7) lui     s9, 0x88646
core   0: 3 0x80009494 (0x88646cb7) x25 0x88646000
core   0: 0x80009498 (0x40c45e93) srai    t4, s0, 12
core   0: 3 0x80009498 (0x40c45e93) x29 0x00000000
core   0: 0x8000949c (0x000088f9) c.andi  s1, 30
core   0: 3 0x8000949c (0x88f9) x 9 0x00000004
core   0: 0x8000949e (0x0000885d) c.andi  s0, 23
core   0: 3 0x8000949e (0x885d) x 8 0x00000000
core   0: 0x800094a0 (0x028f24b3) mulhsu  s1, t5, s0
core   0: 3 0x800094a0 (0x028f24b3) x 9 0x00000000
core   0: 0x800094a4 (0x403e80b3) sub     ra, t4, gp
core   0: 3 0x800094a4 (0x403e80b3) x 1 0xe951d876
core   0: 0x800094a8 (0x00008fc5) c.or    a5, s1
core   0: 3 0x800094a8 (0x8fc5) x15 0x0f7c343f
core   0: 0x800094aa (0x23e3ed37) lui     s10, 0x23e3e
core   0: 3 0x800094aa (0x23e3ed37) x26 0x23e3e000
core   0: 0x800094ae (0x0232b1b3) mulhu   gp, t0, gp
core   0: 3 0x800094ae (0x0232b1b3) x 3 0x00000000
core   0: 0x800094b2 (0x017e8033) add     zero, t4, s7
core   0: 3 0x800094b2 (0x017e8033)
core   0: 0x800094b6 (0x03cb4033) div     zero, s6, t3
core   0: 3 0x800094b6 (0x03cb4033)
core   0: 0x800094ba (0x00d3fbb3) and     s7, t2, a3
core   0: 3 0x800094ba (0x00d3fbb3) x23 0x00000000
core   0: 0x800094be (0x0049d9b3) srl     s3, s3, tp
core   0: 3 0x800094be (0x0049d9b3) x19 0x91972000
core   0: 0x800094c2 (0x000003ad) c.addi  t2, 11
core   0: 3 0x800094c2 (0x03ad) x 7 0x0000000b
core   0: 0x800094c4 (0x011dc133) xor     sp, s11, a7
core   0: 3 0x800094c4 (0x011dc133) x 2 0xfffffffe
core   0: 0x800094c8 (0x036ffab3) remu    s5, t6, s6
core   0: 3 0x800094c8 (0x036ffab3) x21 0x0d0961ca
core   0: 0x800094cc (0x48572993) slti    s3, a4, 1157
core   0: 3 0x800094cc (0x48572993) x19 0x00000000
core   0: 0x800094d0 (0x41105613) srai    a2, zero, 17
core   0: 3 0x800094d0 (0x41105613) x12 0x00000000
core   0: 0x800094d4 (0x00b646b3) xor     a3, a2, a1
core   0: 3 0x800094d4 (0x00b646b3) x13 0x8000ee64
core   0: 0x800094d8 (0x00006685) c.lui   a3, 0x1
core   0: 3 0x800094d8 (0x6685) x13 0x00001000
core   0: 0x800094da (0x001cbdb3) sltu    s11, s9, ra
core   0: 3 0x800094da (0x001cbdb3) x27 0x00000001
core   0: 0x800094de (0x53f0e693) ori     a3, ra, 1343
core   0: 3 0x800094de (0x53f0e693) x13 0xe951dd7f
core   0: 0x800094e2 (0x00008ec1) c.or    a3, s0
core   0: 3 0x800094e2 (0x8ec1) x13 0xe951dd7f
core   0: 0x800094e4 (0x00008ff1) c.and   a5, a2
core   0: 3 0x800094e4 (0x8ff1) x15 0x00000000
core   0: 0x800094e6 (0x00000872) c.slli  a6, 28
core   0: 3 0x800094e6 (0x0872) x16 0x90000000
core   0: 0x800094e8 (0x00ae9c93) slli    s9, t4, 10
core   0: 3 0x800094e8 (0x00ae9c93) x25 0x00000000
core   0: 0x800094ec (0x521b6393) ori     t2, s6, 1313
core   0: 3 0x800094ec (0x521b6393) x 7 0xf2f69f65
core   0: 0x800094f0 (0x2e796f93) ori     t6, s2, 743
core   0: 3 0x800094f0 (0x2e796f93) x31 0x000002e7
core   0: 0x800094f4 (0x00000001) c.nop
core   0: 3 0x800094f4 (0x0001)
core   0: 0x800094f6 (0x037bff33) remu    t5, s7, s7
core   0: 3 0x800094f6 (0x037bff33) x30 0x00000000
core   0: 0x800094fa (0x00048e33) add     t3, s1, zero
core   0: 3 0x800094fa (0x00048e33) x28 0x00000000
core   0: 0x800094fe (0x00000f31) c.addi  t5, 12
core   0: 3 0x800094fe (0x0f31) x30 0x0000000c
core   0: 0x80009500 (0x0000947e) c.add   s0, t6
core   0: 3 0x80009500 (0x947e) x 8 0x000002e7
core   0: 0x80009502 (0x00008ef9) c.and   a3, a4
core   0: 3 0x80009502 (0x8ef9) x13 0x00011519
core   0: 0x80009504 (0x00c344b3) xor     s1, t1, a2
core   0: 3 0x80009504 (0x00c344b3) x 9 0x00000000
core   0: 0x80009508 (0x0000879e) c.mv    a5, t2
core   0: 3 0x80009508 (0x879e) x15 0xf2f69f65
core   0: 0x8000950a (0x00008b2d) c.andi  a4, 11
core   0: 3 0x8000950a (0x8b2d) x14 0x00000009
core   0: 0x8000950c (0x0000127d) c.addi  tp, -1
core   0: 3 0x8000950c (0x127d) x 4 0xffffffbf
core   0: 0x8000950e (0x00008c61) c.and   s0, s0
core   0: 3 0x8000950e (0x8c61) x 8 0x000002e7
core   0: 0x80009510 (0x63cc2f93) slti    t6, s8, 1596
core   0: 3 0x80009510 (0x63cc2f93) x31 0x00000001
core   0: 0x80009514 (0x40d0d393) srai    t2, ra, 13
core   0: 3 0x80009514 (0x40d0d393) x 7 0xffff4a8e
core   0: 0x80009518 (0xca03e317) auipc   t1, 0xca03e
core   0: 3 0x80009518 (0xca03e317) x 6 0x4a047518
core   0: 0x8000951c (0xfddf1d97) auipc   s11, 0xfddf1
core   0: 3 0x8000951c (0xfddf1d97) x27 0x7ddfa51c
core   0: 0x80009520 (0x02d973b3) remu    t2, s2, a3
core   0: 3 0x80009520 (0x02d973b3) x 7 0x00000000
core   0: 0x80009524 (0xcc70e893) ori     a7, ra, -825
core   0: 3 0x80009524 (0xcc70e893) x17 0xfffffcf7
core   0: 0x80009528 (0x00008376) c.mv    t1, t4
core   0: 3 0x80009528 (0x8376) x 6 0x00000000
core   0: 0x8000952a (0x02f2f333) remu    t1, t0, a5
core   0: 3 0x8000952a (0x02f2f333) x 6 0x00000000
core   0: 0x8000952e (0x000093fe) c.add   t2, t6
core   0: 3 0x8000952e (0x93fe) x 7 0x00000001
core   0: 0x80009530 (0x0205fb33) remu    s6, a1, zero
core   0: 3 0x80009530 (0x0205fb33) x22 0x8000ee64
core   0: 0x80009534 (0x00965113) srli    sp, a2, 9
core   0: 3 0x80009534 (0x00965113) x 2 0x00000000
core   0: 0x80009538 (0x03fb7cb3) remu    s9, s6, t6
core   0: 3 0x80009538 (0x03fb7cb3) x25 0x00000000
core   0: 0x8000953c (0x01a92eb3) slt     t4, s2, s10
core   0: 3 0x8000953c (0x01a92eb3) x29 0x00000001
core   0: 0x80009540 (0x9af00637) lui     a2, 0x9af00
core   0: 3 0x80009540 (0x9af00637) x12 0x9af00000
core   0: 0x80009544 (0x41915813) srai    a6, sp, 25
core   0: 3 0x80009544 (0x41915813) x16 0x00000000
core   0: 0x80009548 (0x00000001) c.nop
core   0: 3 0x80009548 (0x0001)
core   0: 0x8000954a (0x01327f33) and     t5, tp, s3
core   0: 3 0x8000954a (0x01327f33) x30 0x00000000
core   0: 0x8000954e (0xa1b70413) addi    s0, a4, -1509
core   0: 3 0x8000954e (0xa1b70413) x 8 0xfffffa24
core   0: 0x80009552 (0x415309b3) sub     s3, t1, s5
core   0: 3 0x80009552 (0x415309b3) x19 0xf2f69e36
core   0: 0x80009556 (0x00000d10) c.addi4spn a2, sp, 656
core   0: 3 0x80009556 (0x0d10) x12 0x00000290
core   0: 0x80009558 (0x401ed213) srai    tp, t4, 1
core   0: 3 0x80009558 (0x401ed213) x 4 0x00000000
core   0: 0x8000955c (0x0046ab33) slt     s6, a3, tp
core   0: 3 0x8000955c (0x0046ab33) x22 0x00000000
core   0: 0x80009560 (0x00000001) c.nop
core   0: 3 0x80009560 (0x0001)
core   0: 0x80009562 (0x02d29233) mulh    tp, t0, a3
core   0: 3 0x80009562 (0x02d29233) x 4 0x00000000
core   0: 0x80009566 (0x0000615d) c.addi16sp sp, 432
core   0: 3 0x80009566 (0x615d) x 2 0x000001b0
core   0: 0x80009568 (0x48aa2f93) slti    t6, s4, 1162
core   0: 3 0x80009568 (0x48aa2f93) x31 0x00000000
core   0: 0x8000956c (0xc2e4c813) xori    a6, s1, -978
core   0: 3 0x8000956c (0xc2e4c813) x16 0xfffffc2e
core   0: 0x80009570 (0x00000c17) auipc   s8, 0x0
core   0: 3 0x80009570 (0x00000c17) x24 0x80009570
core   0: 0x80009574 (0x00cc0c13) addi    s8, s8, 12
core   0: 3 0x80009574 (0x00cc0c13) x24 0x8000957c
core   0: 0x80009578 (0x000c0067) jr      s8
core   0: 3 0x80009578 (0x000c0067)
core   0: 0x8000957c (0x00004185) c.li    gp, 1
core   0: 3 0x8000957c (0x4185) x 3 0x00000001
core   0: 0x8000957e (0x00000073) ecall
core   0: exception trap_machine_ecall, epc 0x8000957e
core   0: >>>>  mtvec_handler
core   0: 0x80009590 (0x00001571) c.addi  a0, -4
core   0: 3 0x80009590 (0x1571) x10 0x80012ce0
core   0: 0x80009592 (0x0000c10c) c.sw    a1, 0(a0)
core   0: 3 0x80009592 (0xc10c) mem 0x80012ce0 0x8000ee64
core   0: 0x80009594 (0x000505b3) add     a1, a0, zero
core   0: 3 0x80009594 (0x000505b3) x11 0x80012ce0
core   0: 0x80009598 (0xf8058593) addi    a1, a1, -128
core   0: 3 0x80009598 (0xf8058593) x11 0x80012c60
core   0: 0x8000959c (0x0015a223) sw      ra, 4(a1)
core   0: 3 0x8000959c (0x0015a223) mem 0x80012c64 0xe951d876
core   0: 0x800095a0 (0x0025a423) sw      sp, 8(a1)
core   0: 3 0x800095a0 (0x0025a423) mem 0x80012c68 0x000001b0
core   0: 0x800095a4 (0x0035a623) sw      gp, 12(a1)
core   0: 3 0x800095a4 (0x0035a623) mem 0x80012c6c 0x00000001
core   0: 0x800095a8 (0x0045a823) sw      tp, 16(a1)
core   0: 3 0x800095a8 (0x0045a823) mem 0x80012c70 0x00000000
core   0: 0x800095ac (0x0055aa23) sw      t0, 20(a1)
core   0: 3 0x800095ac (0x0055aa23) mem 0x80012c74 0x00000000
core   0: 0x800095b0 (0x0065ac23) sw      t1, 24(a1)
core   0: 3 0x800095b0 (0x0065ac23) mem 0x80012c78 0x00000000
core   0: 0x800095b4 (0x0075ae23) sw      t2, 28(a1)
core   0: 3 0x800095b4 (0x0075ae23) mem 0x80012c7c 0x00000001
core   0: 0x800095b8 (0x0000d180) c.sw    s0, 32(a1)
core   0: 3 0x800095b8 (0xd180) mem 0x80012c80 0xfffffa24
core   0: 0x800095ba (0x0000d1c4) c.sw    s1, 36(a1)
core   0: 3 0x800095ba (0xd1c4) mem 0x80012c84 0x00000000
core   0: 0x800095bc (0x0000d588) c.sw    a0, 40(a1)
core   0: 3 0x800095bc (0xd588) mem 0x80012c88 0x80012ce0
core   0: 0x800095be (0x0000d5cc) c.sw    a1, 44(a1)
core   0: 3 0x800095be (0xd5cc) mem 0x80012c8c 0x80012c60
core   0: 0x800095c0 (0x0000d990) c.sw    a2, 48(a1)
core   0: 3 0x800095c0 (0xd990) mem 0x80012c90 0x00000290
core   0: 0x800095c2 (0x0000d9d4) c.sw    a3, 52(a1)
core   0: 3 0x800095c2 (0xd9d4) mem 0x80012c94 0x00011519
core   0: 0x800095c4 (0x0000dd98) c.sw    a4, 56(a1)
core   0: 3 0x800095c4 (0xdd98) mem 0x80012c98 0x00000009
core   0: 0x800095c6 (0x0000dddc) c.sw    a5, 60(a1)
core   0: 3 0x800095c6 (0xdddc) mem 0x80012c9c 0xf2f69f65
core   0: 0x800095c8 (0x0505a023) sw      a6, 64(a1)
core   0: 3 0x800095c8 (0x0505a023) mem 0x80012ca0 0xfffffc2e
core   0: 0x800095cc (0x0515a223) sw      a7, 68(a1)
core   0: 3 0x800095cc (0x0515a223) mem 0x80012ca4 0xfffffcf7
core   0: 0x800095d0 (0x0525a423) sw      s2, 72(a1)
core   0: 3 0x800095d0 (0x0525a423) mem 0x80012ca8 0x00000000
core   0: 0x800095d4 (0x0535a623) sw      s3, 76(a1)
core   0: 3 0x800095d4 (0x0535a623) mem 0x80012cac 0xf2f69e36
core   0: 0x800095d8 (0x0545a823) sw      s4, 80(a1)
core   0: 3 0x800095d8 (0x0545a823) mem 0x80012cb0 0x00000604
core   0: 0x800095dc (0x0555aa23) sw      s5, 84(a1)
core   0: 3 0x800095dc (0x0555aa23) mem 0x80012cb4 0x0d0961ca
core   0: 0x800095e0 (0x0565ac23) sw      s6, 88(a1)
core   0: 3 0x800095e0 (0x0565ac23) mem 0x80012cb8 0x00000000
core   0: 0x800095e4 (0x0575ae23) sw      s7, 92(a1)
core   0: 3 0x800095e4 (0x0575ae23) mem 0x80012cbc 0x00000000
core   0: 0x800095e8 (0x0785a023) sw      s8, 96(a1)
core   0: 3 0x800095e8 (0x0785a023) mem 0x80012cc0 0x8000957c
core   0: 0x800095ec (0x0795a223) sw      s9, 100(a1)
core   0: 3 0x800095ec (0x0795a223) mem 0x80012cc4 0x00000000
core   0: 0x800095f0 (0x07a5a423) sw      s10, 104(a1)
core   0: 3 0x800095f0 (0x07a5a423) mem 0x80012cc8 0x23e3e000
core   0: 0x800095f4 (0x07b5a623) sw      s11, 108(a1)
core   0: 3 0x800095f4 (0x07b5a623) mem 0x80012ccc 0x7ddfa51c
core   0: 0x800095f8 (0x07c5a823) sw      t3, 112(a1)
core   0: 3 0x800095f8 (0x07c5a823) mem 0x80012cd0 0x00000000
core   0: 0x800095fc (0x07d5aa23) sw      t4, 116(a1)
core   0: 3 0x800095fc (0x07d5aa23) mem 0x80012cd4 0x00000001
core   0: 0x80009600 (0x07e5ac23) sw      t5, 120(a1)
core   0: 3 0x80009600 (0x07e5ac23) mem 0x80012cd8 0x00000000
core   0: 0x80009604 (0x07f5ae23) sw      t6, 124(a1)
core   0: 3 0x80009604 (0x07f5ae23) mem 0x80012cdc 0x00000000
core   0: 0x80009608 (0x00058533) add     a0, a1, zero
core   0: 3 0x80009608 (0x00058533) x10 0x80012c60
core   0: 0x8000960c (0x30002bf3) csrr    s7, mstatus
core   0: 3 0x8000960c (0x30002bf3) x23 0x00001800
core   0: 0x80009610 (0x34202bf3) csrr    s7, mcause
core   0: 3 0x80009610 (0x34202bf3) x23 0x0000000b
core   0: 0x80009614 (0x01fbdb93) srli    s7, s7, 31
core   0: 3 0x80009614 (0x01fbdb93) x23 0x00000000
core   0: 0x80009618 (0x380b9463) bnez    s7, pc + 904
core   0: 3 0x80009618 (0x380b9463)
core   0: 0x8000961c (0x34102bf3) csrr    s7, mepc
core   0: 3 0x8000961c (0x34102bf3) x23 0x8000957e
core   0: 0x80009620 (0x34202bf3) csrr    s7, mcause
core   0: 3 0x80009620 (0x34202bf3) x23 0x0000000b
core   0: 0x80009624 (0x0000498d) c.li    s3, 3
core   0: 3 0x80009624 (0x498d) x19 0x00000003
core   0: 0x80009626 (0x273b8263) beq     s7, s3, pc + 612
core   0: 3 0x80009626 (0x273b8263)
core   0: 0x8000962a (0x000049a1) c.li    s3, 8
core   0: 3 0x8000962a (0x49a1) x19 0x00000008
core   0: 0x8000962c (0x053b8563) beq     s7, s3, pc + 74
core   0: 3 0x8000962c (0x053b8563)
core   0: 0x80009630 (0x000049a5) c.li    s3, 9
core   0: 3 0x80009630 (0x49a5) x19 0x00000009
core   0: 0x80009632 (0x053b8263) beq     s7, s3, pc + 68
core   0: 3 0x80009632 (0x053b8263)
core   0: 0x80009636 (0x000049ad) c.li    s3, 11
core   0: 3 0x80009636 (0x49ad) x19 0x0000000b
core   0: 0x80009638 (0x033b8f63) beq     s7, s3, pc + 62
core   0: 3 0x80009638 (0x033b8f63)
core   0: 0x80009676 (0xffff7b97) auipc   s7, 0xffff7
core   0: 3 0x80009676 (0xffff7b97) x23 0x80000676
core   0: 0x8000967a (0x98ab8b93) addi    s7, s7, -1654
core   0: 3 0x8000967a (0x98ab8b93) x23 0x80000000
core   0: 0x8000967e (0x000ba023) sw      zero, 0(s7)
core   0: 3 0x8000967e (0x000ba023) mem 0x80000000 0x00000000
core   0: 0x80009682 (0x001ba223) sw      ra, 4(s7)
core   0: 3 0x80009682 (0x001ba223) mem 0x80000004 0xe951d876
core   0: 0x80009686 (0x002ba423) sw      sp, 8(s7)
core   0: 3 0x80009686 (0x002ba423) mem 0x80000008 0x000001b0
core   0: 0x8000968a (0x003ba623) sw      gp, 12(s7)
core   0: 3 0x8000968a (0x003ba623) mem 0x8000000c 0x00000001
core   0: 0x8000968e (0x004ba823) sw      tp, 16(s7)
core   0: 3 0x8000968e (0x004ba823) mem 0x80000010 0x00000000
core   0: 0x80009692 (0x005baa23) sw      t0, 20(s7)
core   0: 3 0x80009692 (0x005baa23) mem 0x80000014 0x00000000
core   0: 0x80009696 (0x006bac23) sw      t1, 24(s7)
core   0: 3 0x80009696 (0x006bac23) mem 0x80000018 0x00000000
core   0: 0x8000969a (0x007bae23) sw      t2, 28(s7)
core   0: 3 0x8000969a (0x007bae23) mem 0x8000001c 0x00000001
core   0: 0x8000969e (0x028ba023) sw      s0, 32(s7)
core   0: 3 0x8000969e (0x028ba023) mem 0x80000020 0xfffffa24
core   0: 0x800096a2 (0x029ba223) sw      s1, 36(s7)
core   0: 3 0x800096a2 (0x029ba223) mem 0x80000024 0x00000000
core   0: 0x800096a6 (0x02aba423) sw      a0, 40(s7)
core   0: 3 0x800096a6 (0x02aba423) mem 0x80000028 0x80012c60
core   0: 0x800096aa (0x02bba623) sw      a1, 44(s7)
core   0: 3 0x800096aa (0x02bba623) mem 0x8000002c 0x80012c60
core   0: 0x800096ae (0x02cba823) sw      a2, 48(s7)
core   0: 3 0x800096ae (0x02cba823) mem 0x80000030 0x00000290
core   0: 0x800096b2 (0x02dbaa23) sw      a3, 52(s7)
core   0: 3 0x800096b2 (0x02dbaa23) mem 0x80000034 0x00011519
core   0: 0x800096b6 (0x02ebac23) sw      a4, 56(s7)
core   0: 3 0x800096b6 (0x02ebac23) mem 0x80000038 0x00000009
core   0: 0x800096ba (0x02fbae23) sw      a5, 60(s7)
core   0: 3 0x800096ba (0x02fbae23) mem 0x8000003c 0xf2f69f65
core   0: 0x800096be (0x050ba023) sw      a6, 64(s7)
core   0: 3 0x800096be (0x050ba023) mem 0x80000040 0xfffffc2e
core   0: 0x800096c2 (0x051ba223) sw      a7, 68(s7)
core   0: 3 0x800096c2 (0x051ba223) mem 0x80000044 0xfffffcf7
core   0: 0x800096c6 (0x052ba423) sw      s2, 72(s7)
core   0: 3 0x800096c6 (0x052ba423) mem 0x80000048 0x00000000
core   0: 0x800096ca (0x053ba623) sw      s3, 76(s7)
core   0: 3 0x800096ca (0x053ba623) mem 0x8000004c 0x0000000b
core   0: 0x800096ce (0x054ba823) sw      s4, 80(s7)
core   0: 3 0x800096ce (0x054ba823) mem 0x80000050 0x00000604
core   0: 0x800096d2 (0x055baa23) sw      s5, 84(s7)
core   0: 3 0x800096d2 (0x055baa23) mem 0x80000054 0x0d0961ca
core   0: 0x800096d6 (0x056bac23) sw      s6, 88(s7)
core   0: 3 0x800096d6 (0x056bac23) mem 0x80000058 0x00000000
core   0: 0x800096da (0x057bae23) sw      s7, 92(s7)
core   0: 3 0x800096da (0x057bae23) mem 0x8000005c 0x80000000
core   0: 0x800096de (0x078ba023) sw      s8, 96(s7)
core   0: 3 0x800096de (0x078ba023) mem 0x80000060 0x8000957c
core   0: 0x800096e2 (0x079ba223) sw      s9, 100(s7)
core   0: 3 0x800096e2 (0x079ba223) mem 0x80000064 0x00000000
core   0: 0x800096e6 (0x07aba423) sw      s10, 104(s7)
core   0: 3 0x800096e6 (0x07aba423) mem 0x80000068 0x23e3e000
core   0: 0x800096ea (0x07bba623) sw      s11, 108(s7)
core   0: 3 0x800096ea (0x07bba623) mem 0x8000006c 0x7ddfa51c
core   0: 0x800096ee (0x07cba823) sw      t3, 112(s7)
core   0: 3 0x800096ee (0x07cba823) mem 0x80000070 0x00000000
core   0: 0x800096f2 (0x07dbaa23) sw      t4, 116(s7)
core   0: 3 0x800096f2 (0x07dbaa23) mem 0x80000074 0x00000001
core   0: 0x800096f6 (0x07ebac23) sw      t5, 120(s7)
core   0: 3 0x800096f6 (0x07ebac23) mem 0x80000078 0x00000000
core   0: 0x800096fa (0x07fbae23) sw      t6, 124(s7)
core   0: 3 0x800096fa (0x07fbae23) mem 0x8000007c 0x00000000
core   0: 0x800096fe (0x00000c17) auipc   s8, 0x0
core   0: 3 0x800096fe (0x00000c17) x24 0x800096fe
core   0: 0x80009702 (0xe84c0c13) addi    s8, s8, -380
core   0: 3 0x80009702 (0xe84c0c13) x24 0x80009582
core   0: 0x80009706 (0x000c0067) jr      s8
core   0: 3 0x80009706 (0x000c0067)
core   0: 0x80009582 (0x00001f17) auipc   t5, 0x1
core   0: 3 0x80009582 (0x00001f17) x30 0x8000a582
core   0: 0x80009586 (0xa63f2f23) sw      gp, -1410(t5)
core   0: 3 0x80009586 (0xa63f2f23) mem 0x8000a000 0x00000001
core   0: 0x8000958a (0x0000bfe5) c.j     pc - 8
core   0: 3 0x8000958a (0xbfe5)
core   0: 0x80009582 (0x00001f17) auipc   t5, 0x1
core   0: 3 0x80009582 (0x00001f17) x30 0x8000a582
core   0: 0x80009586 (0xa63f2f23) sw      gp, -1410(t5)
core   0: 3 0x80009586 (0xa63f2f23) mem 0x8000a000 0x00000001
core   0: 0x8000958a (0x0000bfe5) c.j     pc - 8
core   0: 3 0x8000958a (0xbfe5)
core   0: 0x80009582 (0x00001f17) auipc   t5, 0x1
core   0: 3 0x80009582 (0x00001f17) x30 0x8000a582
core   0: 0x80009586 (0xa63f2f23) sw      gp, -1410(t5)
core   0: 3 0x80009586 (0xa63f2f23) mem 0x8000a000 0x00000001
core   0: 0x8000958a (0x0000bfe5) c.j     pc - 8
core   0: 3 0x8000958a (0xbfe5)
core   0: 0x80009582 (0x00001f17) auipc   t5, 0x1
core   0: 3 0x80009582 (0x00001f17) x30 0x8000a582
core   0: 0x80009586 (0xa63f2f23) sw      gp, -1410(t5)
core   0: 3 0x80009586 (0xa63f2f23) mem 0x8000a000 0x00000001
core   0: 0x8000958a (0x0000bfe5) c.j     pc - 8
core   0: 3 0x8000958a (0xbfe5)
core   0: 0x80009582 (0x00001f17) auipc   t5, 0x1
core   0: 3 0x80009582 (0x00001f17) x30 0x8000a582
core   0: 0x80009586 (0xa63f2f23) sw      gp, -1410(t5)
core   0: 3 0x80009586 (0xa63f2f23) mem 0x8000a000 0x00000001
core   0: 0x8000958a (0x0000bfe5) c.j     pc - 8
core   0: 3 0x8000958a (0xbfe5)
core   0: 0x80009582 (0x00001f17) auipc   t5, 0x1
core   0: 3 0x80009582 (0x00001f17) x30 0x8000a582
core   0: 0x80009586 (0xa63f2f23) sw      gp, -1410(t5)
core   0: 3 0x80009586 (0xa63f2f23) mem 0x8000a000 0x00000001
core   0: 0x8000958a (0x0000bfe5) c.j     pc - 8
core   0: 3 0x8000958a (0xbfe5)
core   0: 0x80009582 (0x00001f17) auipc   t5, 0x1
core   0: 3 0x80009582 (0x00001f17) x30 0x8000a582
core   0: 0x80009586 (0xa63f2f23) sw      gp, -1410(t5)
core   0: 3 0x80009586 (0xa63f2f23) mem 0x8000a000 0x00000001
core   0: 0x8000958a (0x0000bfe5) c.j     pc - 8
core   0: 3 0x8000958a (0xbfe5)
core   0: 0x80009582 (0x00001f17) auipc   t5, 0x1
core   0: 3 0x80009582 (0x00001f17) x30 0x8000a582
core   0: 0x80009586 (0xa63f2f23) sw      gp, -1410(t5)
core   0: 3 0x80009586 (0xa63f2f23) mem 0x8000a000 0x00000001
core   0: 0x8000958a (0x0000bfe5) c.j     pc - 8
core   0: 3 0x8000958a (0xbfe5)
core   0: 0x80009582 (0x00001f17) auipc   t5, 0x1
core   0: 3 0x80009582 (0x00001f17) x30 0x8000a582
core   0: 0x80009586 (0xa63f2f23) sw      gp, -1410(t5)
core   0: 3 0x80009586 (0xa63f2f23) mem 0x8000a000 0x00000001
core   0: 0x8000958a (0x0000bfe5) c.j     pc - 8
core   0: 3 0x8000958a (0xbfe5)
core   0: 0x80009582 (0x00001f17) auipc   t5, 0x1
core   0: 3 0x80009582 (0x00001f17) x30 0x8000a582
core   0: 0x80009586 (0xa63f2f23) sw      gp, -1410(t5)
core   0: 3 0x80009586 (0xa63f2f23) mem 0x8000a000 0x00000001
core   0: 0x8000958a (0x0000bfe5) c.j     pc - 8
core   0: 3 0x8000958a (0xbfe5)
core   0: 0x80009582 (0x00001f17) auipc   t5, 0x1
core   0: 3 0x80009582 (0x00001f17) x30 0x8000a582
core   0: 0x80009586 (0xa63f2f23) sw      gp, -1410(t5)
core   0: 3 0x80009586 (0xa63f2f23) mem 0x8000a000 0x00000001
core   0: 0x8000958a (0x0000bfe5) c.j     pc - 8
core   0: 3 0x8000958a (0xbfe5)
core   0: 0x80009582 (0x00001f17) auipc   t5, 0x1
core   0: 3 0x80009582 (0x00001f17) x30 0x8000a582
core   0: 0x80009586 (0xa63f2f23) sw      gp, -1410(t5)
core   0: 3 0x80009586 (0xa63f2f23) mem 0x8000a000 0x00000001
core   0: 0x8000958a (0x0000bfe5) c.j     pc - 8
core   0: 3 0x8000958a (0xbfe5)
core   0: 0x80009582 (0x00001f17) auipc   t5, 0x1
core   0: 3 0x80009582 (0x00001f17) x30 0x8000a582
core   0: 0x80009586 (0xa63f2f23) sw      gp, -1410(t5)
core   0: 3 0x80009586 (0xa63f2f23) mem 0x8000a000 0x00000001
core   0: 0x8000958a (0x0000bfe5) c.j     pc - 8
core   0: 3 0x8000958a (0xbfe5)
core   0: 0x80009582 (0x00001f17) auipc   t5, 0x1
core   0: 3 0x80009582 (0x00001f17) x30 0x8000a582
core   0: 0x80009586 (0xa63f2f23) sw      gp, -1410(t5)
core   0: 3 0x80009586 (0xa63f2f23) mem 0x8000a000 0x00000001
core   0: 0x8000958a (0x0000bfe5) c.j     pc - 8
core   0: 3 0x8000958a (0xbfe5)
core   0: 0x80009582 (0x00001f17) auipc   t5, 0x1
core   0: 3 0x80009582 (0x00001f17) x30 0x8000a582
core   0: 0x80009586 (0xa63f2f23) sw      gp, -1410(t5)
core   0: 3 0x80009586 (0xa63f2f23) mem 0x8000a000 0x00000001
core   0: 0x8000958a (0x0000bfe5) c.j     pc - 8
core   0: 3 0x8000958a (0xbfe5)
core   0: 0x80009582 (0x00001f17) auipc   t5, 0x1
core   0: 3 0x80009582 (0x00001f17) x30 0x8000a582
core   0: 0x80009586 (0xa63f2f23) sw      gp, -1410(t5)
core   0: 3 0x80009586 (0xa63f2f23) mem 0x8000a000 0x00000001
core   0: 0x8000958a (0x0000bfe5) c.j     pc - 8
core   0: 3 0x8000958a (0xbfe5)
core   0: 0x80009582 (0x00001f17) auipc   t5, 0x1
core   0: 3 0x80009582 (0x00001f17) x30 0x8000a582
core   0: 0x80009586 (0xa63f2f23) sw      gp, -1410(t5)
core   0: 3 0x80009586 (0xa63f2f23) mem 0x8000a000 0x00000001
core   0: 0x8000958a (0x0000bfe5) c.j     pc - 8
core   0: 3 0x8000958a (0xbfe5)
core   0: 0x80009582 (0x00001f17) auipc   t5, 0x1
core   0: 3 0x80009582 (0x00001f17) x30 0x8000a582
core   0: 0x80009586 (0xa63f2f23) sw      gp, -1410(t5)
core   0: 3 0x80009586 (0xa63f2f23) mem 0x8000a000 0x00000001
core   0: 0x8000958a (0x0000bfe5) c.j     pc - 8
core   0: 3 0x8000958a (0xbfe5)
core   0: 0x80009582 (0x00001f17) auipc   t5, 0x1
core   0: 3 0x80009582 (0x00001f17) x30 0x8000a582
core   0: 0x80009586 (0xa63f2f23) sw      gp, -1410(t5)
core   0: 3 0x80009586 (0xa63f2f23) mem 0x8000a000 0x00000001
core   0: 0x8000958a (0x0000bfe5) c.j     pc - 8
core   0: 3 0x8000958a (0xbfe5)
core   0: 0x80009582 (0x00001f17) auipc   t5, 0x1
core   0: 3 0x80009582 (0x00001f17) x30 0x8000a582
core   0: 0x80009586 (0xa63f2f23) sw      gp, -1410(t5)
core   0: 3 0x80009586 (0xa63f2f23) mem 0x8000a000 0x00000001
core   0: 0x8000958a (0x0000bfe5) c.j     pc - 8
core   0: 3 0x8000958a (0xbfe5)
core   0: 0x80009582 (0x00001f17) auipc   t5, 0x1
core   0: 3 0x80009582 (0x00001f17) x30 0x8000a582
core   0: 0x80009586 (0xa63f2f23) sw      gp, -1410(t5)
core   0: 3 0x80009586 (0xa63f2f23) mem 0x8000a000 0x00000001
core   0: 0x8000958a (0x0000bfe5) c.j     pc - 8
core   0: 3 0x8000958a (0xbfe5)
core   0: 0x80009582 (0x00001f17) auipc   t5, 0x1
core   0: 3 0x80009582 (0x00001f17) x30 0x8000a582
core   0: 0x80009586 (0xa63f2f23) sw      gp, -1410(t5)
core   0: 3 0x80009586 (0xa63f2f23) mem 0x8000a000 0x00000001
core   0: 0x8000958a (0x0000bfe5) c.j     pc - 8
core   0: 3 0x8000958a (0xbfe5)
core   0: 0x80009582 (0x00001f17) auipc   t5, 0x1
core   0: 3 0x80009582 (0x00001f17) x30 0x8000a582
core   0: 0x80009586 (0xa63f2f23) sw      gp, -1410(t5)
core   0: 3 0x80009586 (0xa63f2f23) mem 0x8000a000 0x00000001
core   0: 0x8000958a (0x0000bfe5) c.j     pc - 8
core   0: 3 0x8000958a (0xbfe5)
core   0: 0x80009582 (0x00001f17) auipc   t5, 0x1
core   0: 3 0x80009582 (0x00001f17) x30 0x8000a582
core   0: 0x80009586 (0xa63f2f23) sw      gp, -1410(t5)
core   0: 3 0x80009586 (0xa63f2f23) mem 0x8000a000 0x00000001
core   0: 0x8000958a (0x0000bfe5) c.j     pc - 8
core   0: 3 0x8000958a (0xbfe5)
core   0: 0x80009582 (0x00001f17) auipc   t5, 0x1
core   0: 3 0x80009582 (0x00001f17) x30 0x8000a582
core   0: 0x80009586 (0xa63f2f23) sw      gp, -1410(t5)
core   0: 3 0x80009586 (0xa63f2f23) mem 0x8000a000 0x00000001
core   0: 0x8000958a (0x0000bfe5) c.j     pc - 8
core   0: 3 0x8000958a (0xbfe5)
core   0: 0x80009582 (0x00001f17) auipc   t5, 0x1
core   0: 3 0x80009582 (0x00001f17) x30 0x8000a582
core   0: 0x80009586 (0xa63f2f23) sw      gp, -1410(t5)
core   0: 3 0x80009586 (0xa63f2f23) mem 0x8000a000 0x00000001
core   0: 0x8000958a (0x0000bfe5) c.j     pc - 8
core   0: 3 0x8000958a (0xbfe5)
core   0: 0x80009582 (0x00001f17) auipc   t5, 0x1
core   0: 3 0x80009582 (0x00001f17) x30 0x8000a582
core   0: 0x80009586 (0xa63f2f23) sw      gp, -1410(t5)
core   0: 3 0x80009586 (0xa63f2f23) mem 0x8000a000 0x00000001
core   0: 0x8000958a (0x0000bfe5) c.j     pc - 8
core   0: 3 0x8000958a (0xbfe5)
core   0: 0x80009582 (0x00001f17) auipc   t5, 0x1
core   0: 3 0x80009582 (0x00001f17) x30 0x8000a582
core   0: 0x80009586 (0xa63f2f23) sw      gp, -1410(t5)
core   0: 3 0x80009586 (0xa63f2f23) mem 0x8000a000 0x00000001
core   0: 0x8000958a (0x0000bfe5) c.j     pc - 8
core   0: 3 0x8000958a (0xbfe5)
core   0: 0x80009582 (0x00001f17) auipc   t5, 0x1
core   0: 3 0x80009582 (0x00001f17) x30 0x8000a582
core   0: 0x80009586 (0xa63f2f23) sw      gp, -1410(t5)
core   0: 3 0x80009586 (0xa63f2f23) mem 0x8000a000 0x00000001
core   0: 0x8000958a (0x0000bfe5) c.j     pc - 8
core   0: 3 0x8000958a (0xbfe5)
core   0: 0x80009582 (0x00001f17) auipc   t5, 0x1
core   0: 3 0x80009582 (0x00001f17) x30 0x8000a582
core   0: 0x80009586 (0xa63f2f23) sw      gp, -1410(t5)
core   0: 3 0x80009586 (0xa63f2f23) mem 0x8000a000 0x00000001
core   0: 0x8000958a (0x0000bfe5) c.j     pc - 8
core   0: 3 0x8000958a (0xbfe5)
core   0: 0x80009582 (0x00001f17) auipc   t5, 0x1
core   0: 3 0x80009582 (0x00001f17) x30 0x8000a582
core   0: 0x80009586 (0xa63f2f23) sw      gp, -1410(t5)
core   0: 3 0x80009586 (0xa63f2f23) mem 0x8000a000 0x00000001
core   0: 0x8000958a (0x0000bfe5) c.j     pc - 8
core   0: 3 0x8000958a (0xbfe5)
core   0: 0x80009582 (0x00001f17) auipc   t5, 0x1
core   0: 3 0x80009582 (0x00001f17) x30 0x8000a582
core   0: 0x80009586 (0xa63f2f23) sw      gp, -1410(t5)
core   0: 3 0x80009586 (0xa63f2f23) mem 0x8000a000 0x00000001
core   0: 0x8000958a (0x0000bfe5) c.j     pc - 8
core   0: 3 0x8000958a (0xbfe5)
core   0: 0x80009582 (0x00001f17) auipc   t5, 0x1
core   0: 3 0x80009582 (0x00001f17) x30 0x8000a582
core   0: 0x80009586 (0xa63f2f23) sw      gp, -1410(t5)
core   0: 3 0x80009586 (0xa63f2f23) mem 0x8000a000 0x00000001
core   0: 0x8000958a (0x0000bfe5) c.j     pc - 8
core   0: 3 0x8000958a (0xbfe5)
core   0: 0x80009582 (0x00001f17) auipc   t5, 0x1
core   0: 3 0x80009582 (0x00001f17) x30 0x8000a582
core   0: 0x80009586 (0xa63f2f23) sw      gp, -1410(t5)
core   0: 3 0x80009586 (0xa63f2f23) mem 0x8000a000 0x00000001
core   0: 0x8000958a (0x0000bfe5) c.j     pc - 8
core   0: 3 0x8000958a (0xbfe5)
core   0: 0x80009582 (0x00001f17) auipc   t5, 0x1
core   0: 3 0x80009582 (0x00001f17) x30 0x8000a582
core   0: 0x80009586 (0xa63f2f23) sw      gp, -1410(t5)
core   0: 3 0x80009586 (0xa63f2f23) mem 0x8000a000 0x00000001
core   0: 0x8000958a (0x0000bfe5) c.j     pc - 8
core   0: 3 0x8000958a (0xbfe5)
core   0: 0x80009582 (0x00001f17) auipc   t5, 0x1
core   0: 3 0x80009582 (0x00001f17) x30 0x8000a582
core   0: 0x80009586 (0xa63f2f23) sw      gp, -1410(t5)
core   0: 3 0x80009586 (0xa63f2f23) mem 0x8000a000 0x00000001
core   0: 0x8000958a (0x0000bfe5) c.j     pc - 8
core   0: 3 0x8000958a (0xbfe5)
core   0: 0x80009582 (0x00001f17) auipc   t5, 0x1
core   0: 3 0x80009582 (0x00001f17) x30 0x8000a582
core   0: 0x80009586 (0xa63f2f23) sw      gp, -1410(t5)
core   0: 3 0x80009586 (0xa63f2f23) mem 0x8000a000 0x00000001
core   0: 0x8000958a (0x0000bfe5) c.j     pc - 8
core   0: 3 0x8000958a (0xbfe5)
core   0: 0x80009582 (0x00001f17) auipc   t5, 0x1
core   0: 3 0x80009582 (0x00001f17) x30 0x8000a582
core   0: 0x80009586 (0xa63f2f23) sw      gp, -1410(t5)
core   0: 3 0x80009586 (0xa63f2f23) mem 0x8000a000 0x00000001
core   0: 0x8000958a (0x0000bfe5) c.j     pc - 8
core   0: 3 0x8000958a (0xbfe5)
core   0: 0x80009582 (0x00001f17) auipc   t5, 0x1
core   0: 3 0x80009582 (0x00001f17) x30 0x8000a582
core   0: 0x80009586 (0xa63f2f23) sw      gp, -1410(t5)
core   0: 3 0x80009586 (0xa63f2f23) mem 0x8000a000 0x00000001
core   0: 0x8000958a (0x0000bfe5) c.j     pc - 8
core   0: 3 0x8000958a (0xbfe5)
core   0: 0x80009582 (0x00001f17) auipc   t5, 0x1
core   0: 3 0x80009582 (0x00001f17) x30 0x8000a582
core   0: 0x80009586 (0xa63f2f23) sw      gp, -1410(t5)
core   0: 3 0x80009586 (0xa63f2f23) mem 0x8000a000 0x00000001
core   0: 0x8000958a (0x0000bfe5) c.j     pc - 8
core   0: 3 0x8000958a (0xbfe5)
core   0: 0x80009582 (0x00001f17) auipc   t5, 0x1
core   0: 3 0x80009582 (0x00001f17) x30 0x8000a582
core   0: 0x80009586 (0xa63f2f23) sw      gp, -1410(t5)
core   0: 3 0x80009586 (0xa63f2f23) mem 0x8000a000 0x00000001
core   0: 0x8000958a (0x0000bfe5) c.j     pc - 8
core   0: 3 0x8000958a (0xbfe5)
core   0: 0x80009582 (0x00001f17) auipc   t5, 0x1
core   0: 3 0x80009582 (0x00001f17) x30 0x8000a582
core   0: 0x80009586 (0xa63f2f23) sw      gp, -1410(t5)
core   0: 3 0x80009586 (0xa63f2f23) mem 0x8000a000 0x00000001
core   0: 0x8000958a (0x0000bfe5) c.j     pc - 8
core   0: 3 0x8000958a (0xbfe5)
core   0: 0x80009582 (0x00001f17) auipc   t5, 0x1
core   0: 3 0x80009582 (0x00001f17) x30 0x8000a582
core   0: 0x80009586 (0xa63f2f23) sw      gp, -1410(t5)
core   0: 3 0x80009586 (0xa63f2f23) mem 0x8000a000 0x00000001
core   0: 0x8000958a (0x0000bfe5) c.j     pc - 8
core   0: 3 0x8000958a (0xbfe5)
core   0: 0x80009582 (0x00001f17) auipc   t5, 0x1
core   0: 3 0x80009582 (0x00001f17) x30 0x8000a582
core   0: 0x80009586 (0xa63f2f23) sw      gp, -1410(t5)
core   0: 3 0x80009586 (0xa63f2f23) mem 0x8000a000 0x00000001
core   0: 0x8000958a (0x0000bfe5) c.j     pc - 8
core   0: 3 0x8000958a (0xbfe5)
core   0: 0x80009582 (0x00001f17) auipc   t5, 0x1
core   0: 3 0x80009582 (0x00001f17) x30 0x8000a582
core   0: 0x80009586 (0xa63f2f23) sw      gp, -1410(t5)
core   0: 3 0x80009586 (0xa63f2f23) mem 0x8000a000 0x00000001
core   0: 0x8000958a (0x0000bfe5) c.j     pc - 8
core   0: 3 0x8000958a (0xbfe5)
core   0: 0x80009582 (0x00001f17) auipc   t5, 0x1
core   0: 3 0x80009582 (0x00001f17) x30 0x8000a582
core   0: 0x80009586 (0xa63f2f23) sw      gp, -1410(t5)
core   0: 3 0x80009586 (0xa63f2f23) mem 0x8000a000 0x00000001
core   0: 0x8000958a (0x0000bfe5) c.j     pc - 8
core   0: 3 0x8000958a (0xbfe5)
core   0: 0x80009582 (0x00001f17) auipc   t5, 0x1
core   0: 3 0x80009582 (0x00001f17) x30 0x8000a582
core   0: 0x80009586 (0xa63f2f23) sw      gp, -1410(t5)
core   0: 3 0x80009586 (0xa63f2f23) mem 0x8000a000 0x00000001
core   0: 0x8000958a (0x0000bfe5) c.j     pc - 8
core   0: 3 0x8000958a (0xbfe5)
core   0: 0x80009582 (0x00001f17) auipc   t5, 0x1
core   0: 3 0x80009582 (0x00001f17) x30 0x8000a582
core   0: 0x80009586 (0xa63f2f23) sw      gp, -1410(t5)
core   0: 3 0x80009586 (0xa63f2f23) mem 0x8000a000 0x00000001
core   0: 0x8000958a (0x0000bfe5) c.j     pc - 8
core   0: 3 0x8000958a (0xbfe5)
core   0: 0x80009582 (0x00001f17) auipc   t5, 0x1
core   0: 3 0x80009582 (0x00001f17) x30 0x8000a582
core   0: 0x80009586 (0xa63f2f23) sw      gp, -1410(t5)
core   0: 3 0x80009586 (0xa63f2f23) mem 0x8000a000 0x00000001
core   0: 0x8000958a (0x0000bfe5) c.j     pc - 8
core   0: 3 0x8000958a (0xbfe5)
core   0: 0x80009582 (0x00001f17) auipc   t5, 0x1
core   0: 3 0x80009582 (0x00001f17) x30 0x8000a582
core   0: 0x80009586 (0xa63f2f23) sw      gp, -1410(t5)
core   0: 3 0x80009586 (0xa63f2f23) mem 0x8000a000 0x00000001
core   0: 0x8000958a (0x0000bfe5) c.j     pc - 8
core   0: 3 0x8000958a (0xbfe5)
core   0: 0x80009582 (0x00001f17) auipc   t5, 0x1
core   0: 3 0x80009582 (0x00001f17) x30 0x8000a582
core   0: 0x80009586 (0xa63f2f23) sw      gp, -1410(t5)
core   0: 3 0x80009586 (0xa63f2f23) mem 0x8000a000 0x00000001
core   0: 0x8000958a (0x0000bfe5) c.j     pc - 8
core   0: 3 0x8000958a (0xbfe5)
core   0: 0x80009582 (0x00001f17) auipc   t5, 0x1
core   0: 3 0x80009582 (0x00001f17) x30 0x8000a582
core   0: 0x80009586 (0xa63f2f23) sw      gp, -1410(t5)
core   0: 3 0x80009586 (0xa63f2f23) mem 0x8000a000 0x00000001
core   0: 0x8000958a (0x0000bfe5) c.j     pc - 8
core   0: 3 0x8000958a (0xbfe5)
core   0: 0x80009582 (0x00001f17) auipc   t5, 0x1
core   0: 3 0x80009582 (0x00001f17) x30 0x8000a582
core   0: 0x80009586 (0xa63f2f23) sw      gp, -1410(t5)
core   0: 3 0x80009586 (0xa63f2f23) mem 0x8000a000 0x00000001
core   0: 0x8000958a (0x0000bfe5) c.j     pc - 8
core   0: 3 0x8000958a (0xbfe5)
core   0: 0x80009582 (0x00001f17) auipc   t5, 0x1
core   0: 3 0x80009582 (0x00001f17) x30 0x8000a582
core   0: 0x80009586 (0xa63f2f23) sw      gp, -1410(t5)
core   0: 3 0x80009586 (0xa63f2f23) mem 0x8000a000 0x00000001
core   0: 0x8000958a (0x0000bfe5) c.j     pc - 8
core   0: 3 0x8000958a (0xbfe5)
core   0: 0x80009582 (0x00001f17) auipc   t5, 0x1
core   0: 3 0x80009582 (0x00001f17) x30 0x8000a582
core   0: 0x80009586 (0xa63f2f23) sw      gp, -1410(t5)
core   0: 3 0x80009586 (0xa63f2f23) mem 0x8000a000 0x00000001
core   0: 0x8000958a (0x0000bfe5) c.j     pc - 8
core   0: 3 0x8000958a (0xbfe5)
core   0: 0x80009582 (0x00001f17) auipc   t5, 0x1
core   0: 3 0x80009582 (0x00001f17) x30 0x8000a582
core   0: 0x80009586 (0xa63f2f23) sw      gp, -1410(t5)
core   0: 3 0x80009586 (0xa63f2f23) mem 0x8000a000 0x00000001
core   0: 0x8000958a (0x0000bfe5) c.j     pc - 8
core   0: 3 0x8000958a (0xbfe5)
core   0: 0x80009582 (0x00001f17) auipc   t5, 0x1
core   0: 3 0x80009582 (0x00001f17) x30 0x8000a582
core   0: 0x80009586 (0xa63f2f23) sw      gp, -1410(t5)
core   0: 3 0x80009586 (0xa63f2f23) mem 0x8000a000 0x00000001
core   0: 0x8000958a (0x0000bfe5) c.j     pc - 8
core   0: 3 0x8000958a (0xbfe5)
core   0: 0x80009582 (0x00001f17) auipc   t5, 0x1
core   0: 3 0x80009582 (0x00001f17) x30 0x8000a582
core   0: 0x80009586 (0xa63f2f23) sw      gp, -1410(t5)
core   0: 3 0x80009586 (0xa63f2f23) mem 0x8000a000 0x00000001
core   0: 0x8000958a (0x0000bfe5) c.j     pc - 8
core   0: 3 0x8000958a (0xbfe5)
core   0: 0x80009582 (0x00001f17) auipc   t5, 0x1
core   0: 3 0x80009582 (0x00001f17) x30 0x8000a582
core   0: 0x80009586 (0xa63f2f23) sw      gp, -1410(t5)
core   0: 3 0x80009586 (0xa63f2f23) mem 0x8000a000 0x00000001
core   0: 0x8000958a (0x0000bfe5) c.j     pc - 8
core   0: 3 0x8000958a (0xbfe5)
core   0: 0x80009582 (0x00001f17) auipc   t5, 0x1
core   0: 3 0x80009582 (0x00001f17) x30 0x8000a582
core   0: 0x80009586 (0xa63f2f23) sw      gp, -1410(t5)
core   0: 3 0x80009586 (0xa63f2f23) mem 0x8000a000 0x00000001
core   0: 0x8000958a (0x0000bfe5) c.j     pc - 8
core   0: 3 0x8000958a (0xbfe5)
core   0: 0x80009582 (0x00001f17) auipc   t5, 0x1
core   0: 3 0x80009582 (0x00001f17) x30 0x8000a582
core   0: 0x80009586 (0xa63f2f23) sw      gp, -1410(t5)
core   0: 3 0x80009586 (0xa63f2f23) mem 0x8000a000 0x00000001
core   0: 0x8000958a (0x0000bfe5) c.j     pc - 8
core   0: 3 0x8000958a (0xbfe5)
core   0: 0x80009582 (0x00001f17) auipc   t5, 0x1
core   0: 3 0x80009582 (0x00001f17) x30 0x8000a582
core   0: 0x80009586 (0xa63f2f23) sw      gp, -1410(t5)
core   0: 3 0x80009586 (0xa63f2f23) mem 0x8000a000 0x00000001
core   0: 0x8000958a (0x0000bfe5) c.j     pc - 8
core   0: 3 0x8000958a (0xbfe5)
core   0: 0x80009582 (0x00001f17) auipc   t5, 0x1
core   0: 3 0x80009582 (0x00001f17) x30 0x8000a582
core   0: 0x80009586 (0xa63f2f23) sw      gp, -1410(t5)
core   0: 3 0x80009586 (0xa63f2f23) mem 0x8000a000 0x00000001
core   0: 0x8000958a (0x0000bfe5) c.j     pc - 8
core   0: 3 0x8000958a (0xbfe5)
core   0: 0x80009582 (0x00001f17) auipc   t5, 0x1
core   0: 3 0x80009582 (0x00001f17) x30 0x8000a582
core   0: 0x80009586 (0xa63f2f23) sw      gp, -1410(t5)
core   0: 3 0x80009586 (0xa63f2f23) mem 0x8000a000 0x00000001
core   0: 0x8000958a (0x0000bfe5) c.j     pc - 8
core   0: 3 0x8000958a (0xbfe5)
core   0: 0x80009582 (0x00001f17) auipc   t5, 0x1
core   0: 3 0x80009582 (0x00001f17) x30 0x8000a582
core   0: 0x80009586 (0xa63f2f23) sw      gp, -1410(t5)
core   0: 3 0x80009586 (0xa63f2f23) mem 0x8000a000 0x00000001
core   0: 0x8000958a (0x0000bfe5) c.j     pc - 8
core   0: 3 0x8000958a (0xbfe5)
core   0: 0x80009582 (0x00001f17) auipc   t5, 0x1
core   0: 3 0x80009582 (0x00001f17) x30 0x8000a582
core   0: 0x80009586 (0xa63f2f23) sw      gp, -1410(t5)
core   0: 3 0x80009586 (0xa63f2f23) mem 0x8000a000 0x00000001
core   0: 0x8000958a (0x0000bfe5) c.j     pc - 8
core   0: 3 0x8000958a (0xbfe5)
core   0: 0x80009582 (0x00001f17) auipc   t5, 0x1
core   0: 3 0x80009582 (0x00001f17) x30 0x8000a582
core   0: 0x80009586 (0xa63f2f23) sw      gp, -1410(t5)
core   0: 3 0x80009586 (0xa63f2f23) mem 0x8000a000 0x00000001
core   0: 0x8000958a (0x0000bfe5) c.j     pc - 8
core   0: 3 0x8000958a (0xbfe5)
core   0: 0x80009582 (0x00001f17) auipc   t5, 0x1
core   0: 3 0x80009582 (0x00001f17) x30 0x8000a582
core   0: 0x80009586 (0xa63f2f23) sw      gp, -1410(t5)
core   0: 3 0x80009586 (0xa63f2f23) mem 0x8000a000 0x00000001
core   0: 0x8000958a (0x0000bfe5) c.j     pc - 8
core   0: 3 0x8000958a (0xbfe5)
core   0: 0x80009582 (0x00001f17) auipc   t5, 0x1
core   0: 3 0x80009582 (0x00001f17) x30 0x8000a582
core   0: 0x80009586 (0xa63f2f23) sw      gp, -1410(t5)
core   0: 3 0x80009586 (0xa63f2f23) mem 0x8000a000 0x00000001
core   0: 0x8000958a (0x0000bfe5) c.j     pc - 8
core   0: 3 0x8000958a (0xbfe5)
core   0: 0x80009582 (0x00001f17) auipc   t5, 0x1
core   0: 3 0x80009582 (0x00001f17) x30 0x8000a582
core   0: 0x80009586 (0xa63f2f23) sw      gp, -1410(t5)
core   0: 3 0x80009586 (0xa63f2f23) mem 0x8000a000 0x00000001
core   0: 0x8000958a (0x0000bfe5) c.j     pc - 8
core   0: 3 0x8000958a (0xbfe5)
core   0: 0x80009582 (0x00001f17) auipc   t5, 0x1
core   0: 3 0x80009582 (0x00001f17) x30 0x8000a582
core   0: 0x80009586 (0xa63f2f23) sw      gp, -1410(t5)
core   0: 3 0x80009586 (0xa63f2f23) mem 0x8000a000 0x00000001
core   0: 0x8000958a (0x0000bfe5) c.j     pc - 8
core   0: 3 0x8000958a (0xbfe5)
core   0: 0x80009582 (0x00001f17) auipc   t5, 0x1
core   0: 3 0x80009582 (0x00001f17) x30 0x8000a582
core   0: 0x80009586 (0xa63f2f23) sw      gp, -1410(t5)
core   0: 3 0x80009586 (0xa63f2f23) mem 0x8000a000 0x00000001
core   0: 0x8000958a (0x0000bfe5) c.j     pc - 8
core   0: 3 0x8000958a (0xbfe5)
core   0: 0x80009582 (0x00001f17) auipc   t5, 0x1
core   0: 3 0x80009582 (0x00001f17) x30 0x8000a582
core   0: 0x80009586 (0xa63f2f23) sw      gp, -1410(t5)
core   0: 3 0x80009586 (0xa63f2f23) mem 0x8000a000 0x00000001
core   0: 0x8000958a (0x0000bfe5) c.j     pc - 8
core   0: 3 0x8000958a (0xbfe5)
core   0: 0x80009582 (0x00001f17) auipc   t5, 0x1
core   0: 3 0x80009582 (0x00001f17) x30 0x8000a582
core   0: 0x80009586 (0xa63f2f23) sw      gp, -1410(t5)
core   0: 3 0x80009586 (0xa63f2f23) mem 0x8000a000 0x00000001
core   0: 0x8000958a (0x0000bfe5) c.j     pc - 8
core   0: 3 0x8000958a (0xbfe5)
core   0: 0x80009582 (0x00001f17) auipc   t5, 0x1
core   0: 3 0x80009582 (0x00001f17) x30 0x8000a582
core   0: 0x80009586 (0xa63f2f23) sw      gp, -1410(t5)
core   0: 3 0x80009586 (0xa63f2f23) mem 0x8000a000 0x00000001
core   0: 0x8000958a (0x0000bfe5) c.j     pc - 8
core   0: 3 0x8000958a (0xbfe5)
core   0: 0x80009582 (0x00001f17) auipc   t5, 0x1
core   0: 3 0x80009582 (0x00001f17) x30 0x8000a582
core   0: 0x80009586 (0xa63f2f23) sw      gp, -1410(t5)
core   0: 3 0x80009586 (0xa63f2f23) mem 0x8000a000 0x00000001
core   0: 0x8000958a (0x0000bfe5) c.j     pc - 8
core   0: 3 0x8000958a (0xbfe5)
core   0: 0x80009582 (0x00001f17) auipc   t5, 0x1
core   0: 3 0x80009582 (0x00001f17) x30 0x8000a582
core   0: 0x80009586 (0xa63f2f23) sw      gp, -1410(t5)
core   0: 3 0x80009586 (0xa63f2f23) mem 0x8000a000 0x00000001
core   0: 0x8000958a (0x0000bfe5) c.j     pc - 8
core   0: 3 0x8000958a (0xbfe5)
core   0: 0x80009582 (0x00001f17) auipc   t5, 0x1
core   0: 3 0x80009582 (0x00001f17) x30 0x8000a582
core   0: 0x80009586 (0xa63f2f23) sw      gp, -1410(t5)
core   0: 3 0x80009586 (0xa63f2f23) mem 0x8000a000 0x00000001
core   0: 0x8000958a (0x0000bfe5) c.j     pc - 8
core   0: 3 0x8000958a (0xbfe5)
core   0: 0x80009582 (0x00001f17) auipc   t5, 0x1
core   0: 3 0x80009582 (0x00001f17) x30 0x8000a582
core   0: 0x80009586 (0xa63f2f23) sw      gp, -1410(t5)
core   0: 3 0x80009586 (0xa63f2f23) mem 0x8000a000 0x00000001
core   0: 0x8000958a (0x0000bfe5) c.j     pc - 8
core   0: 3 0x8000958a (0xbfe5)
core   0: 0x80009582 (0x00001f17) auipc   t5, 0x1
core   0: 3 0x80009582 (0x00001f17) x30 0x8000a582
core   0: 0x80009586 (0xa63f2f23) sw      gp, -1410(t5)
core   0: 3 0x80009586 (0xa63f2f23) mem 0x8000a000 0x00000001
core   0: 0x8000958a (0x0000bfe5) c.j     pc - 8
core   0: 3 0x8000958a (0xbfe5)
core   0: 0x80009582 (0x00001f17) auipc   t5, 0x1
core   0: 3 0x80009582 (0x00001f17) x30 0x8000a582
core   0: 0x80009586 (0xa63f2f23) sw      gp, -1410(t5)
core   0: 3 0x80009586 (0xa63f2f23) mem 0x8000a000 0x00000001
core   0: 0x8000958a (0x0000bfe5) c.j     pc - 8
core   0: 3 0x8000958a (0xbfe5)
core   0: 0x80009582 (0x00001f17) auipc   t5, 0x1
core   0: 3 0x80009582 (0x00001f17) x30 0x8000a582
core   0: 0x80009586 (0xa63f2f23) sw      gp, -1410(t5)
core   0: 3 0x80009586 (0xa63f2f23) mem 0x8000a000 0x00000001
core   0: 0x8000958a (0x0000bfe5) c.j     pc - 8
core   0: 3 0x8000958a (0xbfe5)
core   0: 0x80009582 (0x00001f17) auipc   t5, 0x1
core   0: 3 0x80009582 (0x00001f17) x30 0x8000a582
core   0: 0x80009586 (0xa63f2f23) sw      gp, -1410(t5)
core   0: 3 0x80009586 (0xa63f2f23) mem 0x8000a000 0x00000001
core   0: 0x8000958a (0x0000bfe5) c.j     pc - 8
core   0: 3 0x8000958a (0xbfe5)
core   0: 0x80009582 (0x00001f17) auipc   t5, 0x1
core   0: 3 0x80009582 (0x00001f17) x30 0x8000a582
core   0: 0x80009586 (0xa63f2f23) sw      gp, -1410(t5)
core   0: 3 0x80009586 (0xa63f2f23) mem 0x8000a000 0x00000001
core   0: 0x8000958a (0x0000bfe5) c.j     pc - 8
core   0: 3 0x8000958a (0xbfe5)
core   0: 0x80009582 (0x00001f17) auipc   t5, 0x1
core   0: 3 0x80009582 (0x00001f17) x30 0x8000a582
core   0: 0x80009586 (0xa63f2f23) sw      gp, -1410(t5)
core   0: 3 0x80009586 (0xa63f2f23) mem 0x8000a000 0x00000001
core   0: 0x8000958a (0x0000bfe5) c.j     pc - 8
core   0: 3 0x8000958a (0xbfe5)
core   0: 0x80009582 (0x00001f17) auipc   t5, 0x1
core   0: 3 0x80009582 (0x00001f17) x30 0x8000a582
core   0: 0x80009586 (0xa63f2f23) sw      gp, -1410(t5)
core   0: 3 0x80009586 (0xa63f2f23) mem 0x8000a000 0x00000001
core   0: 0x8000958a (0x0000bfe5) c.j     pc - 8
core   0: 3 0x8000958a (0xbfe5)
core   0: 0x80009582 (0x00001f17) auipc   t5, 0x1
core   0: 3 0x80009582 (0x00001f17) x30 0x8000a582
core   0: 0x80009586 (0xa63f2f23) sw      gp, -1410(t5)
core   0: 3 0x80009586 (0xa63f2f23) mem 0x8000a000 0x00000001
core   0: 0x8000958a (0x0000bfe5) c.j     pc - 8
core   0: 3 0x8000958a (0xbfe5)
core   0: 0x80009582 (0x00001f17) auipc   t5, 0x1
core   0: 3 0x80009582 (0x00001f17) x30 0x8000a582
core   0: 0x80009586 (0xa63f2f23) sw      gp, -1410(t5)
core   0: 3 0x80009586 (0xa63f2f23) mem 0x8000a000 0x00000001
core   0: 0x8000958a (0x0000bfe5) c.j     pc - 8
core   0: 3 0x8000958a (0xbfe5)
core   0: 0x80009582 (0x00001f17) auipc   t5, 0x1
core   0: 3 0x80009582 (0x00001f17) x30 0x8000a582
core   0: 0x80009586 (0xa63f2f23) sw      gp, -1410(t5)
core   0: 3 0x80009586 (0xa63f2f23) mem 0x8000a000 0x00000001
core   0: 0x8000958a (0x0000bfe5) c.j     pc - 8
core   0: 3 0x8000958a (0xbfe5)
core   0: 0x80009582 (0x00001f17) auipc   t5, 0x1
core   0: 3 0x80009582 (0x00001f17) x30 0x8000a582
core   0: 0x80009586 (0xa63f2f23) sw      gp, -1410(t5)
core   0: 3 0x80009586 (0xa63f2f23) mem 0x8000a000 0x00000001
core   0: 0x8000958a (0x0000bfe5) c.j     pc - 8
core   0: 3 0x8000958a (0xbfe5)
core   0: 0x80009582 (0x00001f17) auipc   t5, 0x1
core   0: 3 0x80009582 (0x00001f17) x30 0x8000a582
core   0: 0x80009586 (0xa63f2f23) sw      gp, -1410(t5)
core   0: 3 0x80009586 (0xa63f2f23) mem 0x8000a000 0x00000001
core   0: 0x8000958a (0x0000bfe5) c.j     pc - 8
core   0: 3 0x8000958a (0xbfe5)
core   0: 0x80009582 (0x00001f17) auipc   t5, 0x1
core   0: 3 0x80009582 (0x00001f17) x30 0x8000a582
core   0: 0x80009586 (0xa63f2f23) sw      gp, -1410(t5)
core   0: 3 0x80009586 (0xa63f2f23) mem 0x8000a000 0x00000001
core   0: 0x8000958a (0x0000bfe5) c.j     pc - 8
core   0: 3 0x8000958a (0xbfe5)
core   0: 0x80009582 (0x00001f17) auipc   t5, 0x1
core   0: 3 0x80009582 (0x00001f17) x30 0x8000a582
core   0: 0x80009586 (0xa63f2f23) sw      gp, -1410(t5)
core   0: 3 0x80009586 (0xa63f2f23) mem 0x8000a000 0x00000001
core   0: 0x8000958a (0x0000bfe5) c.j     pc - 8
core   0: 3 0x8000958a (0xbfe5)
core   0: 0x80009582 (0x00001f17) auipc   t5, 0x1
core   0: 3 0x80009582 (0x00001f17) x30 0x8000a582
core   0: 0x80009586 (0xa63f2f23) sw      gp, -1410(t5)
core   0: 3 0x80009586 (0xa63f2f23) mem 0x8000a000 0x00000001
core   0: 0x8000958a (0x0000bfe5) c.j     pc - 8
core   0: 3 0x8000958a (0xbfe5)
core   0: 0x80009582 (0x00001f17) auipc   t5, 0x1
core   0: 3 0x80009582 (0x00001f17) x30 0x8000a582
core   0: 0x80009586 (0xa63f2f23) sw      gp, -1410(t5)
core   0: 3 0x80009586 (0xa63f2f23) mem 0x8000a000 0x00000001
core   0: 0x8000958a (0x0000bfe5) c.j     pc - 8
core   0: 3 0x8000958a (0xbfe5)
core   0: 0x80009582 (0x00001f17) auipc   t5, 0x1
core   0: 3 0x80009582 (0x00001f17) x30 0x8000a582
core   0: 0x80009586 (0xa63f2f23) sw      gp, -1410(t5)
core   0: 3 0x80009586 (0xa63f2f23) mem 0x8000a000 0x00000001
core   0: 0x8000958a (0x0000bfe5) c.j     pc - 8
core   0: 3 0x8000958a (0xbfe5)
core   0: 0x80009582 (0x00001f17) auipc   t5, 0x1
core   0: 3 0x80009582 (0x00001f17) x30 0x8000a582
core   0: 0x80009586 (0xa63f2f23) sw      gp, -1410(t5)
core   0: 3 0x80009586 (0xa63f2f23) mem 0x8000a000 0x00000001
core   0: 0x8000958a (0x0000bfe5) c.j     pc - 8
core   0: 3 0x8000958a (0xbfe5)
core   0: 0x80009582 (0x00001f17) auipc   t5, 0x1
core   0: 3 0x80009582 (0x00001f17) x30 0x8000a582
core   0: 0x80009586 (0xa63f2f23) sw      gp, -1410(t5)
core   0: 3 0x80009586 (0xa63f2f23) mem 0x8000a000 0x00000001
core   0: 0x8000958a (0x0000bfe5) c.j     pc - 8
core   0: 3 0x8000958a (0xbfe5)
core   0: 0x80009582 (0x00001f17) auipc   t5, 0x1
core   0: 3 0x80009582 (0x00001f17) x30 0x8000a582
core   0: 0x80009586 (0xa63f2f23) sw      gp, -1410(t5)
core   0: 3 0x80009586 (0xa63f2f23) mem 0x8000a000 0x00000001
core   0: 0x8000958a (0x0000bfe5) c.j     pc - 8
core   0: 3 0x8000958a (0xbfe5)
core   0: 0x80009582 (0x00001f17) auipc   t5, 0x1
core   0: 3 0x80009582 (0x00001f17) x30 0x8000a582
core   0: 0x80009586 (0xa63f2f23) sw      gp, -1410(t5)
core   0: 3 0x80009586 (0xa63f2f23) mem 0x8000a000 0x00000001
core   0: 0x8000958a (0x0000bfe5) c.j     pc - 8
core   0: 3 0x8000958a (0xbfe5)
core   0: 0x80009582 (0x00001f17) auipc   t5, 0x1
core   0: 3 0x80009582 (0x00001f17) x30 0x8000a582
core   0: 0x80009586 (0xa63f2f23) sw      gp, -1410(t5)
core   0: 3 0x80009586 (0xa63f2f23) mem 0x8000a000 0x00000001
core   0: 0x8000958a (0x0000bfe5) c.j     pc - 8
core   0: 3 0x8000958a (0xbfe5)
core   0: 0x80009582 (0x00001f17) auipc   t5, 0x1
core   0: 3 0x80009582 (0x00001f17) x30 0x8000a582
core   0: 0x80009586 (0xa63f2f23) sw      gp, -1410(t5)
core   0: 3 0x80009586 (0xa63f2f23) mem 0x8000a000 0x00000001
core   0: 0x8000958a (0x0000bfe5) c.j     pc - 8
core   0: 3 0x8000958a (0xbfe5)
core   0: 0x80009582 (0x00001f17) auipc   t5, 0x1
core   0: 3 0x80009582 (0x00001f17) x30 0x8000a582
core   0: 0x80009586 (0xa63f2f23) sw      gp, -1410(t5)
core   0: 3 0x80009586 (0xa63f2f23) mem 0x8000a000 0x00000001
core   0: 0x8000958a (0x0000bfe5) c.j     pc - 8
core   0: 3 0x8000958a (0xbfe5)
core   0: 0x80009582 (0x00001f17) auipc   t5, 0x1
core   0: 3 0x80009582 (0x00001f17) x30 0x8000a582
core   0: 0x80009586 (0xa63f2f23) sw      gp, -1410(t5)
core   0: 3 0x80009586 (0xa63f2f23) mem 0x8000a000 0x00000001
core   0: 0x8000958a (0x0000bfe5) c.j     pc - 8
core   0: 3 0x8000958a (0xbfe5)
core   0: 0x80009582 (0x00001f17) auipc   t5, 0x1
core   0: 3 0x80009582 (0x00001f17) x30 0x8000a582
core   0: 0x80009586 (0xa63f2f23) sw      gp, -1410(t5)
core   0: 3 0x80009586 (0xa63f2f23) mem 0x8000a000 0x00000001
core   0: 0x8000958a (0x0000bfe5) c.j     pc - 8
core   0: 3 0x8000958a (0xbfe5)
core   0: 0x80009582 (0x00001f17) auipc   t5, 0x1
core   0: 3 0x80009582 (0x00001f17) x30 0x8000a582
core   0: 0x80009586 (0xa63f2f23) sw      gp, -1410(t5)
core   0: 3 0x80009586 (0xa63f2f23) mem 0x8000a000 0x00000001
core   0: 0x8000958a (0x0000bfe5) c.j     pc - 8
core   0: 3 0x8000958a (0xbfe5)
core   0: 0x80009582 (0x00001f17) auipc   t5, 0x1
core   0: 3 0x80009582 (0x00001f17) x30 0x8000a582
core   0: 0x80009586 (0xa63f2f23) sw      gp, -1410(t5)
core   0: 3 0x80009586 (0xa63f2f23) mem 0x8000a000 0x00000001
core   0: 0x8000958a (0x0000bfe5) c.j     pc - 8
core   0: 3 0x8000958a (0xbfe5)
core   0: 0x80009582 (0x00001f17) auipc   t5, 0x1
core   0: 3 0x80009582 (0x00001f17) x30 0x8000a582
core   0: 0x80009586 (0xa63f2f23) sw      gp, -1410(t5)
core   0: 3 0x80009586 (0xa63f2f23) mem 0x8000a000 0x00000001
core   0: 0x8000958a (0x0000bfe5) c.j     pc - 8
core   0: 3 0x8000958a (0xbfe5)
core   0: 0x80009582 (0x00001f17) auipc   t5, 0x1
core   0: 3 0x80009582 (0x00001f17) x30 0x8000a582
core   0: 0x80009586 (0xa63f2f23) sw      gp, -1410(t5)
core   0: 3 0x80009586 (0xa63f2f23) mem 0x8000a000 0x00000001
core   0: 0x8000958a (0x0000bfe5) c.j     pc - 8
core   0: 3 0x8000958a (0xbfe5)
core   0: 0x80009582 (0x00001f17) auipc   t5, 0x1
core   0: 3 0x80009582 (0x00001f17) x30 0x8000a582
core   0: 0x80009586 (0xa63f2f23) sw      gp, -1410(t5)
core   0: 3 0x80009586 (0xa63f2f23) mem 0x8000a000 0x00000001
core   0: 0x8000958a (0x0000bfe5) c.j     pc - 8
core   0: 3 0x8000958a (0xbfe5)
core   0: 0x80009582 (0x00001f17) auipc   t5, 0x1
core   0: 3 0x80009582 (0x00001f17) x30 0x8000a582
core   0: 0x80009586 (0xa63f2f23) sw      gp, -1410(t5)
core   0: 3 0x80009586 (0xa63f2f23) mem 0x8000a000 0x00000001
core   0: 0x8000958a (0x0000bfe5) c.j     pc - 8
core   0: 3 0x8000958a (0xbfe5)
core   0: 0x80009582 (0x00001f17) auipc   t5, 0x1
core   0: 3 0x80009582 (0x00001f17) x30 0x8000a582
core   0: 0x80009586 (0xa63f2f23) sw      gp, -1410(t5)
core   0: 3 0x80009586 (0xa63f2f23) mem 0x8000a000 0x00000001
core   0: 0x8000958a (0x0000bfe5) c.j     pc - 8
core   0: 3 0x8000958a (0xbfe5)
core   0: 0x80009582 (0x00001f17) auipc   t5, 0x1
core   0: 3 0x80009582 (0x00001f17) x30 0x8000a582
core   0: 0x80009586 (0xa63f2f23) sw      gp, -1410(t5)
core   0: 3 0x80009586 (0xa63f2f23) mem 0x8000a000 0x00000001
core   0: 0x8000958a (0x0000bfe5) c.j     pc - 8
core   0: 3 0x8000958a (0xbfe5)
core   0: 0x80009582 (0x00001f17) auipc   t5, 0x1
core   0: 3 0x80009582 (0x00001f17) x30 0x8000a582
core   0: 0x80009586 (0xa63f2f23) sw      gp, -1410(t5)
core   0: 3 0x80009586 (0xa63f2f23) mem 0x8000a000 0x00000001
core   0: 0x8000958a (0x0000bfe5) c.j     pc - 8
core   0: 3 0x8000958a (0xbfe5)
core   0: 0x80009582 (0x00001f17) auipc   t5, 0x1
core   0: 3 0x80009582 (0x00001f17) x30 0x8000a582
core   0: 0x80009586 (0xa63f2f23) sw      gp, -1410(t5)
core   0: 3 0x80009586 (0xa63f2f23) mem 0x8000a000 0x00000001
core   0: 0x8000958a (0x0000bfe5) c.j     pc - 8
core   0: 3 0x8000958a (0xbfe5)
core   0: 0x80009582 (0x00001f17) auipc   t5, 0x1
core   0: 3 0x80009582 (0x00001f17) x30 0x8000a582
core   0: 0x80009586 (0xa63f2f23) sw      gp, -1410(t5)
core   0: 3 0x80009586 (0xa63f2f23) mem 0x8000a000 0x00000001
core   0: 0x8000958a (0x0000bfe5) c.j     pc - 8
core   0: 3 0x8000958a (0xbfe5)
core   0: 0x80009582 (0x00001f17) auipc   t5, 0x1
core   0: 3 0x80009582 (0x00001f17) x30 0x8000a582
core   0: 0x80009586 (0xa63f2f23) sw      gp, -1410(t5)
core   0: 3 0x80009586 (0xa63f2f23) mem 0x8000a000 0x00000001
core   0: 0x8000958a (0x0000bfe5) c.j     pc - 8
core   0: 3 0x8000958a (0xbfe5)
core   0: 0x80009582 (0x00001f17) auipc   t5, 0x1
core   0: 3 0x80009582 (0x00001f17) x30 0x8000a582
core   0: 0x80009586 (0xa63f2f23) sw      gp, -1410(t5)
core   0: 3 0x80009586 (0xa63f2f23) mem 0x8000a000 0x00000001
core   0: 0x8000958a (0x0000bfe5) c.j     pc - 8
core   0: 3 0x8000958a (0xbfe5)
core   0: 0x80009582 (0x00001f17) auipc   t5, 0x1
core   0: 3 0x80009582 (0x00001f17) x30 0x8000a582
core   0: 0x80009586 (0xa63f2f23) sw      gp, -1410(t5)
core   0: 3 0x80009586 (0xa63f2f23) mem 0x8000a000 0x00000001
core   0: 0x8000958a (0x0000bfe5) c.j     pc - 8
core   0: 3 0x8000958a (0xbfe5)
core   0: 0x80009582 (0x00001f17) auipc   t5, 0x1
core   0: 3 0x80009582 (0x00001f17) x30 0x8000a582
core   0: 0x80009586 (0xa63f2f23) sw      gp, -1410(t5)
core   0: 3 0x80009586 (0xa63f2f23) mem 0x8000a000 0x00000001
core   0: 0x8000958a (0x0000bfe5) c.j     pc - 8
core   0: 3 0x8000958a (0xbfe5)
core   0: 0x80009582 (0x00001f17) auipc   t5, 0x1
core   0: 3 0x80009582 (0x00001f17) x30 0x8000a582
core   0: 0x80009586 (0xa63f2f23) sw      gp, -1410(t5)
core   0: 3 0x80009586 (0xa63f2f23) mem 0x8000a000 0x00000001
core   0: 0x8000958a (0x0000bfe5) c.j     pc - 8
core   0: 3 0x8000958a (0xbfe5)
core   0: 0x80009582 (0x00001f17) auipc   t5, 0x1
core   0: 3 0x80009582 (0x00001f17) x30 0x8000a582
core   0: 0x80009586 (0xa63f2f23) sw      gp, -1410(t5)
core   0: 3 0x80009586 (0xa63f2f23) mem 0x8000a000 0x00000001
core   0: 0x8000958a (0x0000bfe5) c.j     pc - 8
core   0: 3 0x8000958a (0xbfe5)
core   0: 0x80009582 (0x00001f17) auipc   t5, 0x1
core   0: 3 0x80009582 (0x00001f17) x30 0x8000a582
core   0: 0x80009586 (0xa63f2f23) sw      gp, -1410(t5)
core   0: 3 0x80009586 (0xa63f2f23) mem 0x8000a000 0x00000001
core   0: 0x8000958a (0x0000bfe5) c.j     pc - 8
core   0: 3 0x8000958a (0xbfe5)
core   0: 0x80009582 (0x00001f17) auipc   t5, 0x1
core   0: 3 0x80009582 (0x00001f17) x30 0x8000a582
core   0: 0x80009586 (0xa63f2f23) sw      gp, -1410(t5)
core   0: 3 0x80009586 (0xa63f2f23) mem 0x8000a000 0x00000001
core   0: 0x8000958a (0x0000bfe5) c.j     pc - 8
core   0: 3 0x8000958a (0xbfe5)
core   0: 0x80009582 (0x00001f17) auipc   t5, 0x1
core   0: 3 0x80009582 (0x00001f17) x30 0x8000a582
core   0: 0x80009586 (0xa63f2f23) sw      gp, -1410(t5)
core   0: 3 0x80009586 (0xa63f2f23) mem 0x8000a000 0x00000001
core   0: 0x8000958a (0x0000bfe5) c.j     pc - 8
core   0: 3 0x8000958a (0xbfe5)
core   0: 0x80009582 (0x00001f17) auipc   t5, 0x1
core   0: 3 0x80009582 (0x00001f17) x30 0x8000a582
core   0: 0x80009586 (0xa63f2f23) sw      gp, -1410(t5)
core   0: 3 0x80009586 (0xa63f2f23) mem 0x8000a000 0x00000001
core   0: 0x8000958a (0x0000bfe5) c.j     pc - 8
core   0: 3 0x8000958a (0xbfe5)
core   0: 0x80009582 (0x00001f17) auipc   t5, 0x1
core   0: 3 0x80009582 (0x00001f17) x30 0x8000a582
core   0: 0x80009586 (0xa63f2f23) sw      gp, -1410(t5)
core   0: 3 0x80009586 (0xa63f2f23) mem 0x8000a000 0x00000001
core   0: 0x8000958a (0x0000bfe5) c.j     pc - 8
core   0: 3 0x8000958a (0xbfe5)
core   0: 0x80009582 (0x00001f17) auipc   t5, 0x1
core   0: 3 0x80009582 (0x00001f17) x30 0x8000a582
core   0: 0x80009586 (0xa63f2f23) sw      gp, -1410(t5)
core   0: 3 0x80009586 (0xa63f2f23) mem 0x8000a000 0x00000001
core   0: 0x8000958a (0x0000bfe5) c.j     pc - 8
core   0: 3 0x8000958a (0xbfe5)
core   0: 0x80009582 (0x00001f17) auipc   t5, 0x1
core   0: 3 0x80009582 (0x00001f17) x30 0x8000a582
core   0: 0x80009586 (0xa63f2f23) sw      gp, -1410(t5)
core   0: 3 0x80009586 (0xa63f2f23) mem 0x8000a000 0x00000001
core   0: 0x8000958a (0x0000bfe5) c.j     pc - 8
core   0: 3 0x8000958a (0xbfe5)
core   0: 0x80009582 (0x00001f17) auipc   t5, 0x1
core   0: 3 0x80009582 (0x00001f17) x30 0x8000a582
core   0: 0x80009586 (0xa63f2f23) sw      gp, -1410(t5)
core   0: 3 0x80009586 (0xa63f2f23) mem 0x8000a000 0x00000001
core   0: 0x8000958a (0x0000bfe5) c.j     pc - 8
core   0: 3 0x8000958a (0xbfe5)
core   0: 0x80009582 (0x00001f17) auipc   t5, 0x1
core   0: 3 0x80009582 (0x00001f17) x30 0x8000a582
core   0: 0x80009586 (0xa63f2f23) sw      gp, -1410(t5)
core   0: 3 0x80009586 (0xa63f2f23) mem 0x8000a000 0x00000001
core   0: 0x8000958a (0x0000bfe5) c.j     pc - 8
core   0: 3 0x8000958a (0xbfe5)
core   0: 0x80009582 (0x00001f17) auipc   t5, 0x1
core   0: 3 0x80009582 (0x00001f17) x30 0x8000a582
core   0: 0x80009586 (0xa63f2f23) sw      gp, -1410(t5)
core   0: 3 0x80009586 (0xa63f2f23) mem 0x8000a000 0x00000001
core   0: 0x8000958a (0x0000bfe5) c.j     pc - 8
core   0: 3 0x8000958a (0xbfe5)
core   0: 0x80009582 (0x00001f17) auipc   t5, 0x1
core   0: 3 0x80009582 (0x00001f17) x30 0x8000a582
core   0: 0x80009586 (0xa63f2f23) sw      gp, -1410(t5)
core   0: 3 0x80009586 (0xa63f2f23) mem 0x8000a000 0x00000001
core   0: 0x8000958a (0x0000bfe5) c.j     pc - 8
core   0: 3 0x8000958a (0xbfe5)
core   0: 0x80009582 (0x00001f17) auipc   t5, 0x1
core   0: 3 0x80009582 (0x00001f17) x30 0x8000a582
core   0: 0x80009586 (0xa63f2f23) sw      gp, -1410(t5)
core   0: 3 0x80009586 (0xa63f2f23) mem 0x8000a000 0x00000001
core   0: 0x8000958a (0x0000bfe5) c.j     pc - 8
core   0: 3 0x8000958a (0xbfe5)
core   0: 0x80009582 (0x00001f17) auipc   t5, 0x1
core   0: 3 0x80009582 (0x00001f17) x30 0x8000a582
core   0: 0x80009586 (0xa63f2f23) sw      gp, -1410(t5)
core   0: 3 0x80009586 (0xa63f2f23) mem 0x8000a000 0x00000001
core   0: 0x8000958a (0x0000bfe5) c.j     pc - 8
core   0: 3 0x8000958a (0xbfe5)
core   0: 0x80009582 (0x00001f17) auipc   t5, 0x1
core   0: 3 0x80009582 (0x00001f17) x30 0x8000a582
core   0: 0x80009586 (0xa63f2f23) sw      gp, -1410(t5)
core   0: 3 0x80009586 (0xa63f2f23) mem 0x8000a000 0x00000001
core   0: 0x8000958a (0x0000bfe5) c.j     pc - 8
core   0: 3 0x8000958a (0xbfe5)
core   0: 0x80009582 (0x00001f17) auipc   t5, 0x1
core   0: 3 0x80009582 (0x00001f17) x30 0x8000a582
core   0: 0x80009586 (0xa63f2f23) sw      gp, -1410(t5)
core   0: 3 0x80009586 (0xa63f2f23) mem 0x8000a000 0x00000001
core   0: 0x8000958a (0x0000bfe5) c.j     pc - 8
core   0: 3 0x8000958a (0xbfe5)
core   0: 0x80009582 (0x00001f17) auipc   t5, 0x1
core   0: 3 0x80009582 (0x00001f17) x30 0x8000a582
core   0: 0x80009586 (0xa63f2f23) sw      gp, -1410(t5)
core   0: 3 0x80009586 (0xa63f2f23) mem 0x8000a000 0x00000001
core   0: 0x8000958a (0x0000bfe5) c.j     pc - 8
core   0: 3 0x8000958a (0xbfe5)
core   0: 0x80009582 (0x00001f17) auipc   t5, 0x1
core   0: 3 0x80009582 (0x00001f17) x30 0x8000a582
core   0: 0x80009586 (0xa63f2f23) sw      gp, -1410(t5)
core   0: 3 0x80009586 (0xa63f2f23) mem 0x8000a000 0x00000001
core   0: 0x8000958a (0x0000bfe5) c.j     pc - 8
core   0: 3 0x8000958a (0xbfe5)
core   0: 0x80009582 (0x00001f17) auipc   t5, 0x1
core   0: 3 0x80009582 (0x00001f17) x30 0x8000a582
core   0: 0x80009586 (0xa63f2f23) sw      gp, -1410(t5)
core   0: 3 0x80009586 (0xa63f2f23) mem 0x8000a000 0x00000001
core   0: 0x8000958a (0x0000bfe5) c.j     pc - 8
core   0: 3 0x8000958a (0xbfe5)
core   0: 0x80009582 (0x00001f17) auipc   t5, 0x1
core   0: 3 0x80009582 (0x00001f17) x30 0x8000a582
core   0: 0x80009586 (0xa63f2f23) sw      gp, -1410(t5)
core   0: 3 0x80009586 (0xa63f2f23) mem 0x8000a000 0x00000001
core   0: 0x8000958a (0x0000bfe5) c.j     pc - 8
core   0: 3 0x8000958a (0xbfe5)
core   0: 0x80009582 (0x00001f17) auipc   t5, 0x1
core   0: 3 0x80009582 (0x00001f17) x30 0x8000a582
core   0: 0x80009586 (0xa63f2f23) sw      gp, -1410(t5)
core   0: 3 0x80009586 (0xa63f2f23) mem 0x8000a000 0x00000001
core   0: 0x8000958a (0x0000bfe5) c.j     pc - 8
core   0: 3 0x8000958a (0xbfe5)
core   0: 0x80009582 (0x00001f17) auipc   t5, 0x1
core   0: 3 0x80009582 (0x00001f17) x30 0x8000a582
core   0: 0x80009586 (0xa63f2f23) sw      gp, -1410(t5)
core   0: 3 0x80009586 (0xa63f2f23) mem 0x8000a000 0x00000001
core   0: 0x8000958a (0x0000bfe5) c.j     pc - 8
core   0: 3 0x8000958a (0xbfe5)
core   0: 0x80009582 (0x00001f17) auipc   t5, 0x1
core   0: 3 0x80009582 (0x00001f17) x30 0x8000a582
core   0: 0x80009586 (0xa63f2f23) sw      gp, -1410(t5)
core   0: 3 0x80009586 (0xa63f2f23) mem 0x8000a000 0x00000001
core   0: 0x8000958a (0x0000bfe5) c.j     pc - 8
core   0: 3 0x8000958a (0xbfe5)
core   0: 0x80009582 (0x00001f17) auipc   t5, 0x1
core   0: 3 0x80009582 (0x00001f17) x30 0x8000a582
core   0: 0x80009586 (0xa63f2f23) sw      gp, -1410(t5)
core   0: 3 0x80009586 (0xa63f2f23) mem 0x8000a000 0x00000001
core   0: 0x8000958a (0x0000bfe5) c.j     pc - 8
core   0: 3 0x8000958a (0xbfe5)
core   0: 0x80009582 (0x00001f17) auipc   t5, 0x1
core   0: 3 0x80009582 (0x00001f17) x30 0x8000a582
core   0: 0x80009586 (0xa63f2f23) sw      gp, -1410(t5)
core   0: 3 0x80009586 (0xa63f2f23) mem 0x8000a000 0x00000001
core   0: 0x8000958a (0x0000bfe5) c.j     pc - 8
core   0: 3 0x8000958a (0xbfe5)
core   0: 0x80009582 (0x00001f17) auipc   t5, 0x1
core   0: 3 0x80009582 (0x00001f17) x30 0x8000a582
core   0: 0x80009586 (0xa63f2f23) sw      gp, -1410(t5)
core   0: 3 0x80009586 (0xa63f2f23) mem 0x8000a000 0x00000001
core   0: 0x8000958a (0x0000bfe5) c.j     pc - 8
core   0: 3 0x8000958a (0xbfe5)
core   0: 0x80009582 (0x00001f17) auipc   t5, 0x1
core   0: 3 0x80009582 (0x00001f17) x30 0x8000a582
core   0: 0x80009586 (0xa63f2f23) sw      gp, -1410(t5)
core   0: 3 0x80009586 (0xa63f2f23) mem 0x8000a000 0x00000001
core   0: 0x8000958a (0x0000bfe5) c.j     pc - 8
core   0: 3 0x8000958a (0xbfe5)
core   0: 0x80009582 (0x00001f17) auipc   t5, 0x1
core   0: 3 0x80009582 (0x00001f17) x30 0x8000a582
core   0: 0x80009586 (0xa63f2f23) sw      gp, -1410(t5)
core   0: 3 0x80009586 (0xa63f2f23) mem 0x8000a000 0x00000001
core   0: 0x8000958a (0x0000bfe5) c.j     pc - 8
core   0: 3 0x8000958a (0xbfe5)
core   0: 0x80009582 (0x00001f17) auipc   t5, 0x1
core   0: 3 0x80009582 (0x00001f17) x30 0x8000a582
core   0: 0x80009586 (0xa63f2f23) sw      gp, -1410(t5)
core   0: 3 0x80009586 (0xa63f2f23) mem 0x8000a000 0x00000001
core   0: 0x8000958a (0x0000bfe5) c.j     pc - 8
core   0: 3 0x8000958a (0xbfe5)
core   0: 0x80009582 (0x00001f17) auipc   t5, 0x1
core   0: 3 0x80009582 (0x00001f17) x30 0x8000a582
core   0: 0x80009586 (0xa63f2f23) sw      gp, -1410(t5)
core   0: 3 0x80009586 (0xa63f2f23) mem 0x8000a000 0x00000001
core   0: 0x8000958a (0x0000bfe5) c.j     pc - 8
core   0: 3 0x8000958a (0xbfe5)
core   0: 0x80009582 (0x00001f17) auipc   t5, 0x1
core   0: 3 0x80009582 (0x00001f17) x30 0x8000a582
core   0: 0x80009586 (0xa63f2f23) sw      gp, -1410(t5)
core   0: 3 0x80009586 (0xa63f2f23) mem 0x8000a000 0x00000001
core   0: 0x8000958a (0x0000bfe5) c.j     pc - 8
core   0: 3 0x8000958a (0xbfe5)
core   0: 0x80009582 (0x00001f17) auipc   t5, 0x1
core   0: 3 0x80009582 (0x00001f17) x30 0x8000a582
core   0: 0x80009586 (0xa63f2f23) sw      gp, -1410(t5)
core   0: 3 0x80009586 (0xa63f2f23) mem 0x8000a000 0x00000001
core   0: 0x8000958a (0x0000bfe5) c.j     pc - 8
core   0: 3 0x8000958a (0xbfe5)
core   0: 0x80009582 (0x00001f17) auipc   t5, 0x1
core   0: 3 0x80009582 (0x00001f17) x30 0x8000a582
core   0: 0x80009586 (0xa63f2f23) sw      gp, -1410(t5)
core   0: 3 0x80009586 (0xa63f2f23) mem 0x8000a000 0x00000001
core   0: 0x8000958a (0x0000bfe5) c.j     pc - 8
core   0: 3 0x8000958a (0xbfe5)
core   0: 0x80009582 (0x00001f17) auipc   t5, 0x1
core   0: 3 0x80009582 (0x00001f17) x30 0x8000a582
core   0: 0x80009586 (0xa63f2f23) sw      gp, -1410(t5)
core   0: 3 0x80009586 (0xa63f2f23) mem 0x8000a000 0x00000001
core   0: 0x8000958a (0x0000bfe5) c.j     pc - 8
core   0: 3 0x8000958a (0xbfe5)
core   0: 0x80009582 (0x00001f17) auipc   t5, 0x1
core   0: 3 0x80009582 (0x00001f17) x30 0x8000a582
core   0: 0x80009586 (0xa63f2f23) sw      gp, -1410(t5)
core   0: 3 0x80009586 (0xa63f2f23) mem 0x8000a000 0x00000001
core   0: 0x8000958a (0x0000bfe5) c.j     pc - 8
core   0: 3 0x8000958a (0xbfe5)
core   0: 0x80009582 (0x00001f17) auipc   t5, 0x1
core   0: 3 0x80009582 (0x00001f17) x30 0x8000a582
core   0: 0x80009586 (0xa63f2f23) sw      gp, -1410(t5)
core   0: 3 0x80009586 (0xa63f2f23) mem 0x8000a000 0x00000001
core   0: 0x8000958a (0x0000bfe5) c.j     pc - 8
core   0: 3 0x8000958a (0xbfe5)
core   0: 0x80009582 (0x00001f17) auipc   t5, 0x1
core   0: 3 0x80009582 (0x00001f17) x30 0x8000a582
core   0: 0x80009586 (0xa63f2f23) sw      gp, -1410(t5)
core   0: 3 0x80009586 (0xa63f2f23) mem 0x8000a000 0x00000001
core   0: 0x8000958a (0x0000bfe5) c.j     pc - 8
core   0: 3 0x8000958a (0xbfe5)
core   0: 0x80009582 (0x00001f17) auipc   t5, 0x1
core   0: 3 0x80009582 (0x00001f17) x30 0x8000a582
core   0: 0x80009586 (0xa63f2f23) sw      gp, -1410(t5)
core   0: 3 0x80009586 (0xa63f2f23) mem 0x8000a000 0x00000001
core   0: 0x8000958a (0x0000bfe5) c.j     pc - 8
core   0: 3 0x8000958a (0xbfe5)
core   0: 0x80009582 (0x00001f17) auipc   t5, 0x1
core   0: 3 0x80009582 (0x00001f17) x30 0x8000a582
core   0: 0x80009586 (0xa63f2f23) sw      gp, -1410(t5)
core   0: 3 0x80009586 (0xa63f2f23) mem 0x8000a000 0x00000001
core   0: 0x8000958a (0x0000bfe5) c.j     pc - 8
core   0: 3 0x8000958a (0xbfe5)
core   0: 0x80009582 (0x00001f17) auipc   t5, 0x1
core   0: 3 0x80009582 (0x00001f17) x30 0x8000a582
core   0: 0x80009586 (0xa63f2f23) sw      gp, -1410(t5)
core   0: 3 0x80009586 (0xa63f2f23) mem 0x8000a000 0x00000001
core   0: 0x8000958a (0x0000bfe5) c.j     pc - 8
core   0: 3 0x8000958a (0xbfe5)
core   0: 0x80009582 (0x00001f17) auipc   t5, 0x1
core   0: 3 0x80009582 (0x00001f17) x30 0x8000a582
core   0: 0x80009586 (0xa63f2f23) sw      gp, -1410(t5)
core   0: 3 0x80009586 (0xa63f2f23) mem 0x8000a000 0x00000001
core   0: 0x8000958a (0x0000bfe5) c.j     pc - 8
core   0: 3 0x8000958a (0xbfe5)
core   0: 0x80009582 (0x00001f17) auipc   t5, 0x1
core   0: 3 0x80009582 (0x00001f17) x30 0x8000a582
core   0: 0x80009586 (0xa63f2f23) sw      gp, -1410(t5)
core   0: 3 0x80009586 (0xa63f2f23) mem 0x8000a000 0x00000001
core   0: 0x8000958a (0x0000bfe5) c.j     pc - 8
core   0: 3 0x8000958a (0xbfe5)
core   0: 0x80009582 (0x00001f17) auipc   t5, 0x1
core   0: 3 0x80009582 (0x00001f17) x30 0x8000a582
core   0: 0x80009586 (0xa63f2f23) sw      gp, -1410(t5)
core   0: 3 0x80009586 (0xa63f2f23) mem 0x8000a000 0x00000001
core   0: 0x8000958a (0x0000bfe5) c.j     pc - 8
core   0: 3 0x8000958a (0xbfe5)
core   0: 0x80009582 (0x00001f17) auipc   t5, 0x1
core   0: 3 0x80009582 (0x00001f17) x30 0x8000a582
core   0: 0x80009586 (0xa63f2f23) sw      gp, -1410(t5)
core   0: 3 0x80009586 (0xa63f2f23) mem 0x8000a000 0x00000001
core   0: 0x8000958a (0x0000bfe5) c.j     pc - 8
core   0: 3 0x8000958a (0xbfe5)
core   0: 0x80009582 (0x00001f17) auipc   t5, 0x1
core   0: 3 0x80009582 (0x00001f17) x30 0x8000a582
core   0: 0x80009586 (0xa63f2f23) sw      gp, -1410(t5)
core   0: 3 0x80009586 (0xa63f2f23) mem 0x8000a000 0x00000001
core   0: 0x8000958a (0x0000bfe5) c.j     pc - 8
core   0: 3 0x8000958a (0xbfe5)
core   0: 0x80009582 (0x00001f17) auipc   t5, 0x1
core   0: 3 0x80009582 (0x00001f17) x30 0x8000a582
core   0: 0x80009586 (0xa63f2f23) sw      gp, -1410(t5)
core   0: 3 0x80009586 (0xa63f2f23) mem 0x8000a000 0x00000001
core   0: 0x8000958a (0x0000bfe5) c.j     pc - 8
core   0: 3 0x8000958a (0xbfe5)
core   0: 0x80009582 (0x00001f17) auipc   t5, 0x1
core   0: 3 0x80009582 (0x00001f17) x30 0x8000a582
core   0: 0x80009586 (0xa63f2f23) sw      gp, -1410(t5)
core   0: 3 0x80009586 (0xa63f2f23) mem 0x8000a000 0x00000001
core   0: 0x8000958a (0x0000bfe5) c.j     pc - 8
core   0: 3 0x8000958a (0xbfe5)
core   0: 0x80009582 (0x00001f17) auipc   t5, 0x1
core   0: 3 0x80009582 (0x00001f17) x30 0x8000a582
core   0: 0x80009586 (0xa63f2f23) sw      gp, -1410(t5)
core   0: 3 0x80009586 (0xa63f2f23) mem 0x8000a000 0x00000001
core   0: 0x8000958a (0x0000bfe5) c.j     pc - 8
core   0: 3 0x8000958a (0xbfe5)
core   0: 0x80009582 (0x00001f17) auipc   t5, 0x1
core   0: 3 0x80009582 (0x00001f17) x30 0x8000a582
core   0: 0x80009586 (0xa63f2f23) sw      gp, -1410(t5)
core   0: 3 0x80009586 (0xa63f2f23) mem 0x8000a000 0x00000001
core   0: 0x8000958a (0x0000bfe5) c.j     pc - 8
core   0: 3 0x8000958a (0xbfe5)
core   0: 0x80009582 (0x00001f17) auipc   t5, 0x1
core   0: 3 0x80009582 (0x00001f17) x30 0x8000a582
core   0: 0x80009586 (0xa63f2f23) sw      gp, -1410(t5)
core   0: 3 0x80009586 (0xa63f2f23) mem 0x8000a000 0x00000001
core   0: 0x8000958a (0x0000bfe5) c.j     pc - 8
core   0: 3 0x8000958a (0xbfe5)
core   0: 0x80009582 (0x00001f17) auipc   t5, 0x1
core   0: 3 0x80009582 (0x00001f17) x30 0x8000a582
core   0: 0x80009586 (0xa63f2f23) sw      gp, -1410(t5)
core   0: 3 0x80009586 (0xa63f2f23) mem 0x8000a000 0x00000001
core   0: 0x8000958a (0x0000bfe5) c.j     pc - 8
core   0: 3 0x8000958a (0xbfe5)
core   0: 0x80009582 (0x00001f17) auipc   t5, 0x1
core   0: 3 0x80009582 (0x00001f17) x30 0x8000a582
core   0: 0x80009586 (0xa63f2f23) sw      gp, -1410(t5)
core   0: 3 0x80009586 (0xa63f2f23) mem 0x8000a000 0x00000001
core   0: 0x8000958a (0x0000bfe5) c.j     pc - 8
core   0: 3 0x8000958a (0xbfe5)
core   0: 0x80009582 (0x00001f17) auipc   t5, 0x1
core   0: 3 0x80009582 (0x00001f17) x30 0x8000a582
core   0: 0x80009586 (0xa63f2f23) sw      gp, -1410(t5)
core   0: 3 0x80009586 (0xa63f2f23) mem 0x8000a000 0x00000001
core   0: 0x8000958a (0x0000bfe5) c.j     pc - 8
core   0: 3 0x8000958a (0xbfe5)
core   0: 0x80009582 (0x00001f17) auipc   t5, 0x1
core   0: 3 0x80009582 (0x00001f17) x30 0x8000a582
core   0: 0x80009586 (0xa63f2f23) sw      gp, -1410(t5)
core   0: 3 0x80009586 (0xa63f2f23) mem 0x8000a000 0x00000001
core   0: 0x8000958a (0x0000bfe5) c.j     pc - 8
core   0: 3 0x8000958a (0xbfe5)
core   0: 0x80009582 (0x00001f17) auipc   t5, 0x1
core   0: 3 0x80009582 (0x00001f17) x30 0x8000a582
core   0: 0x80009586 (0xa63f2f23) sw      gp, -1410(t5)
core   0: 3 0x80009586 (0xa63f2f23) mem 0x8000a000 0x00000001
core   0: 0x8000958a (0x0000bfe5) c.j     pc - 8
core   0: 3 0x8000958a (0xbfe5)
core   0: 0x80009582 (0x00001f17) auipc   t5, 0x1
core   0: 3 0x80009582 (0x00001f17) x30 0x8000a582
core   0: 0x80009586 (0xa63f2f23) sw      gp, -1410(t5)
core   0: 3 0x80009586 (0xa63f2f23) mem 0x8000a000 0x00000001
core   0: 0x8000958a (0x0000bfe5) c.j     pc - 8
core   0: 3 0x8000958a (0xbfe5)
core   0: 0x80009582 (0x00001f17) auipc   t5, 0x1
core   0: 3 0x80009582 (0x00001f17) x30 0x8000a582
core   0: 0x80009586 (0xa63f2f23) sw      gp, -1410(t5)
core   0: 3 0x80009586 (0xa63f2f23) mem 0x8000a000 0x00000001
core   0: 0x8000958a (0x0000bfe5) c.j     pc - 8
core   0: 3 0x8000958a (0xbfe5)
core   0: 0x80009582 (0x00001f17) auipc   t5, 0x1
core   0: 3 0x80009582 (0x00001f17) x30 0x8000a582
core   0: 0x80009586 (0xa63f2f23) sw      gp, -1410(t5)
core   0: 3 0x80009586 (0xa63f2f23) mem 0x8000a000 0x00000001
core   0: 0x8000958a (0x0000bfe5) c.j     pc - 8
core   0: 3 0x8000958a (0xbfe5)
core   0: 0x80009582 (0x00001f17) auipc   t5, 0x1
core   0: 3 0x80009582 (0x00001f17) x30 0x8000a582
core   0: 0x80009586 (0xa63f2f23) sw      gp, -1410(t5)
core   0: 3 0x80009586 (0xa63f2f23) mem 0x8000a000 0x00000001
core   0: 0x8000958a (0x0000bfe5) c.j     pc - 8
core   0: 3 0x8000958a (0xbfe5)
core   0: 0x80009582 (0x00001f17) auipc   t5, 0x1
core   0: 3 0x80009582 (0x00001f17) x30 0x8000a582
core   0: 0x80009586 (0xa63f2f23) sw      gp, -1410(t5)
core   0: 3 0x80009586 (0xa63f2f23) mem 0x8000a000 0x00000001
core   0: 0x8000958a (0x0000bfe5) c.j     pc - 8
core   0: 3 0x8000958a (0xbfe5)
core   0: 0x80009582 (0x00001f17) auipc   t5, 0x1
core   0: 3 0x80009582 (0x00001f17) x30 0x8000a582
core   0: 0x80009586 (0xa63f2f23) sw      gp, -1410(t5)
core   0: 3 0x80009586 (0xa63f2f23) mem 0x8000a000 0x00000001
core   0: 0x8000958a (0x0000bfe5) c.j     pc - 8
core   0: 3 0x8000958a (0xbfe5)
core   0: 0x80009582 (0x00001f17) auipc   t5, 0x1
core   0: 3 0x80009582 (0x00001f17) x30 0x8000a582
core   0: 0x80009586 (0xa63f2f23) sw      gp, -1410(t5)
core   0: 3 0x80009586 (0xa63f2f23) mem 0x8000a000 0x00000001
core   0: 0x8000958a (0x0000bfe5) c.j     pc - 8
core   0: 3 0x8000958a (0xbfe5)
core   0: 0x80009582 (0x00001f17) auipc   t5, 0x1
core   0: 3 0x80009582 (0x00001f17) x30 0x8000a582
core   0: 0x80009586 (0xa63f2f23) sw      gp, -1410(t5)
core   0: 3 0x80009586 (0xa63f2f23) mem 0x8000a000 0x00000001
core   0: 0x8000958a (0x0000bfe5) c.j     pc - 8
core   0: 3 0x8000958a (0xbfe5)
core   0: 0x80009582 (0x00001f17) auipc   t5, 0x1
core   0: 3 0x80009582 (0x00001f17) x30 0x8000a582
core   0: 0x80009586 (0xa63f2f23) sw      gp, -1410(t5)
core   0: 3 0x80009586 (0xa63f2f23) mem 0x8000a000 0x00000001
core   0: 0x8000958a (0x0000bfe5) c.j     pc - 8
core   0: 3 0x8000958a (0xbfe5)
core   0: 0x80009582 (0x00001f17) auipc   t5, 0x1
core   0: 3 0x80009582 (0x00001f17) x30 0x8000a582
core   0: 0x80009586 (0xa63f2f23) sw      gp, -1410(t5)
core   0: 3 0x80009586 (0xa63f2f23) mem 0x8000a000 0x00000001
core   0: 0x8000958a (0x0000bfe5) c.j     pc - 8
core   0: 3 0x8000958a (0xbfe5)
core   0: 0x80009582 (0x00001f17) auipc   t5, 0x1
core   0: 3 0x80009582 (0x00001f17) x30 0x8000a582
core   0: 0x80009586 (0xa63f2f23) sw      gp, -1410(t5)
core   0: 3 0x80009586 (0xa63f2f23) mem 0x8000a000 0x00000001
core   0: 0x8000958a (0x0000bfe5) c.j     pc - 8
core   0: 3 0x8000958a (0xbfe5)
core   0: 0x80009582 (0x00001f17) auipc   t5, 0x1
core   0: 3 0x80009582 (0x00001f17) x30 0x8000a582
core   0: 0x80009586 (0xa63f2f23) sw      gp, -1410(t5)
core   0: 3 0x80009586 (0xa63f2f23) mem 0x8000a000 0x00000001
core   0: 0x8000958a (0x0000bfe5) c.j     pc - 8
core   0: 3 0x8000958a (0xbfe5)
core   0: 0x80009582 (0x00001f17) auipc   t5, 0x1
core   0: 3 0x80009582 (0x00001f17) x30 0x8000a582
core   0: 0x80009586 (0xa63f2f23) sw      gp, -1410(t5)
core   0: 3 0x80009586 (0xa63f2f23) mem 0x8000a000 0x00000001
core   0: 0x8000958a (0x0000bfe5) c.j     pc - 8
core   0: 3 0x8000958a (0xbfe5)
core   0: 0x80009582 (0x00001f17) auipc   t5, 0x1
core   0: 3 0x80009582 (0x00001f17) x30 0x8000a582
core   0: 0x80009586 (0xa63f2f23) sw      gp, -1410(t5)
core   0: 3 0x80009586 (0xa63f2f23) mem 0x8000a000 0x00000001
core   0: 0x8000958a (0x0000bfe5) c.j     pc - 8
core   0: 3 0x8000958a (0xbfe5)
core   0: 0x80009582 (0x00001f17) auipc   t5, 0x1
core   0: 3 0x80009582 (0x00001f17) x30 0x8000a582
core   0: 0x80009586 (0xa63f2f23) sw      gp, -1410(t5)
core   0: 3 0x80009586 (0xa63f2f23) mem 0x8000a000 0x00000001
core   0: 0x8000958a (0x0000bfe5) c.j     pc - 8
core   0: 3 0x8000958a (0xbfe5)
core   0: 0x80009582 (0x00001f17) auipc   t5, 0x1
core   0: 3 0x80009582 (0x00001f17) x30 0x8000a582
core   0: 0x80009586 (0xa63f2f23) sw      gp, -1410(t5)
core   0: 3 0x80009586 (0xa63f2f23) mem 0x8000a000 0x00000001
core   0: 0x8000958a (0x0000bfe5) c.j     pc - 8
core   0: 3 0x8000958a (0xbfe5)
core   0: 0x80009582 (0x00001f17) auipc   t5, 0x1
core   0: 3 0x80009582 (0x00001f17) x30 0x8000a582
core   0: 0x80009586 (0xa63f2f23) sw      gp, -1410(t5)
core   0: 3 0x80009586 (0xa63f2f23) mem 0x8000a000 0x00000001
core   0: 0x8000958a (0x0000bfe5) c.j     pc - 8
core   0: 3 0x8000958a (0xbfe5)
core   0: 0x80009582 (0x00001f17) auipc   t5, 0x1
core   0: 3 0x80009582 (0x00001f17) x30 0x8000a582
core   0: 0x80009586 (0xa63f2f23) sw      gp, -1410(t5)
core   0: 3 0x80009586 (0xa63f2f23) mem 0x8000a000 0x00000001
core   0: 0x8000958a (0x0000bfe5) c.j     pc - 8
core   0: 3 0x8000958a (0xbfe5)
core   0: 0x80009582 (0x00001f17) auipc   t5, 0x1
core   0: 3 0x80009582 (0x00001f17) x30 0x8000a582
core   0: 0x80009586 (0xa63f2f23) sw      gp, -1410(t5)
core   0: 3 0x80009586 (0xa63f2f23) mem 0x8000a000 0x00000001
core   0: 0x8000958a (0x0000bfe5) c.j     pc - 8
core   0: 3 0x8000958a (0xbfe5)
core   0: 0x80009582 (0x00001f17) auipc   t5, 0x1
core   0: 3 0x80009582 (0x00001f17) x30 0x8000a582
core   0: 0x80009586 (0xa63f2f23) sw      gp, -1410(t5)
core   0: 3 0x80009586 (0xa63f2f23) mem 0x8000a000 0x00000001
core   0: 0x8000958a (0x0000bfe5) c.j     pc - 8
core   0: 3 0x8000958a (0xbfe5)
core   0: 0x80009582 (0x00001f17) auipc   t5, 0x1
core   0: 3 0x80009582 (0x00001f17) x30 0x8000a582
core   0: 0x80009586 (0xa63f2f23) sw      gp, -1410(t5)
core   0: 3 0x80009586 (0xa63f2f23) mem 0x8000a000 0x00000001
core   0: 0x8000958a (0x0000bfe5) c.j     pc - 8
core   0: 3 0x8000958a (0xbfe5)
core   0: 0x80009582 (0x00001f17) auipc   t5, 0x1
core   0: 3 0x80009582 (0x00001f17) x30 0x8000a582
core   0: 0x80009586 (0xa63f2f23) sw      gp, -1410(t5)
core   0: 3 0x80009586 (0xa63f2f23) mem 0x8000a000 0x00000001
core   0: 0x8000958a (0x0000bfe5) c.j     pc - 8
core   0: 3 0x8000958a (0xbfe5)
core   0: 0x80009582 (0x00001f17) auipc   t5, 0x1
core   0: 3 0x80009582 (0x00001f17) x30 0x8000a582
core   0: 0x80009586 (0xa63f2f23) sw      gp, -1410(t5)
core   0: 3 0x80009586 (0xa63f2f23) mem 0x8000a000 0x00000001
core   0: 0x8000958a (0x0000bfe5) c.j     pc - 8
core   0: 3 0x8000958a (0xbfe5)
core   0: 0x80009582 (0x00001f17) auipc   t5, 0x1
core   0: 3 0x80009582 (0x00001f17) x30 0x8000a582
core   0: 0x80009586 (0xa63f2f23) sw      gp, -1410(t5)
core   0: 3 0x80009586 (0xa63f2f23) mem 0x8000a000 0x00000001
core   0: 0x8000958a (0x0000bfe5) c.j     pc - 8
core   0: 3 0x8000958a (0xbfe5)
core   0: 0x80009582 (0x00001f17) auipc   t5, 0x1
core   0: 3 0x80009582 (0x00001f17) x30 0x8000a582
core   0: 0x80009586 (0xa63f2f23) sw      gp, -1410(t5)
core   0: 3 0x80009586 (0xa63f2f23) mem 0x8000a000 0x00000001
core   0: 0x8000958a (0x0000bfe5) c.j     pc - 8
core   0: 3 0x8000958a (0xbfe5)
core   0: 0x80009582 (0x00001f17) auipc   t5, 0x1
core   0: 3 0x80009582 (0x00001f17) x30 0x8000a582
core   0: 0x80009586 (0xa63f2f23) sw      gp, -1410(t5)
core   0: 3 0x80009586 (0xa63f2f23) mem 0x8000a000 0x00000001
core   0: 0x8000958a (0x0000bfe5) c.j     pc - 8
core   0: 3 0x8000958a (0xbfe5)
core   0: 0x80009582 (0x00001f17) auipc   t5, 0x1
core   0: 3 0x80009582 (0x00001f17) x30 0x8000a582
core   0: 0x80009586 (0xa63f2f23) sw      gp, -1410(t5)
core   0: 3 0x80009586 (0xa63f2f23) mem 0x8000a000 0x00000001
core   0: 0x8000958a (0x0000bfe5) c.j     pc - 8
core   0: 3 0x8000958a (0xbfe5)
core   0: 0x80009582 (0x00001f17) auipc   t5, 0x1
core   0: 3 0x80009582 (0x00001f17) x30 0x8000a582
core   0: 0x80009586 (0xa63f2f23) sw      gp, -1410(t5)
core   0: 3 0x80009586 (0xa63f2f23) mem 0x8000a000 0x00000001
core   0: 0x8000958a (0x0000bfe5) c.j     pc - 8
core   0: 3 0x8000958a (0xbfe5)
core   0: 0x80009582 (0x00001f17) auipc   t5, 0x1
core   0: 3 0x80009582 (0x00001f17) x30 0x8000a582
core   0: 0x80009586 (0xa63f2f23) sw      gp, -1410(t5)
core   0: 3 0x80009586 (0xa63f2f23) mem 0x8000a000 0x00000001
core   0: 0x8000958a (0x0000bfe5) c.j     pc - 8
core   0: 3 0x8000958a (0xbfe5)
core   0: 0x80009582 (0x00001f17) auipc   t5, 0x1
core   0: 3 0x80009582 (0x00001f17) x30 0x8000a582
core   0: 0x80009586 (0xa63f2f23) sw      gp, -1410(t5)
core   0: 3 0x80009586 (0xa63f2f23) mem 0x8000a000 0x00000001
core   0: 0x8000958a (0x0000bfe5) c.j     pc - 8
core   0: 3 0x8000958a (0xbfe5)
core   0: 0x80009582 (0x00001f17) auipc   t5, 0x1
core   0: 3 0x80009582 (0x00001f17) x30 0x8000a582
core   0: 0x80009586 (0xa63f2f23) sw      gp, -1410(t5)
core   0: 3 0x80009586 (0xa63f2f23) mem 0x8000a000 0x00000001
core   0: 0x8000958a (0x0000bfe5) c.j     pc - 8
core   0: 3 0x8000958a (0xbfe5)
core   0: 0x80009582 (0x00001f17) auipc   t5, 0x1
core   0: 3 0x80009582 (0x00001f17) x30 0x8000a582
core   0: 0x80009586 (0xa63f2f23) sw      gp, -1410(t5)
core   0: 3 0x80009586 (0xa63f2f23) mem 0x8000a000 0x00000001
core   0: 0x8000958a (0x0000bfe5) c.j     pc - 8
core   0: 3 0x8000958a (0xbfe5)
core   0: 0x80009582 (0x00001f17) auipc   t5, 0x1
core   0: 3 0x80009582 (0x00001f17) x30 0x8000a582
core   0: 0x80009586 (0xa63f2f23) sw      gp, -1410(t5)
core   0: 3 0x80009586 (0xa63f2f23) mem 0x8000a000 0x00000001
core   0: 0x8000958a (0x0000bfe5) c.j     pc - 8
core   0: 3 0x8000958a (0xbfe5)
core   0: 0x80009582 (0x00001f17) auipc   t5, 0x1
core   0: 3 0x80009582 (0x00001f17) x30 0x8000a582
core   0: 0x80009586 (0xa63f2f23) sw      gp, -1410(t5)
core   0: 3 0x80009586 (0xa63f2f23) mem 0x8000a000 0x00000001
core   0: 0x8000958a (0x0000bfe5) c.j     pc - 8
core   0: 3 0x8000958a (0xbfe5)
core   0: 0x80009582 (0x00001f17) auipc   t5, 0x1
core   0: 3 0x80009582 (0x00001f17) x30 0x8000a582
core   0: 0x80009586 (0xa63f2f23) sw      gp, -1410(t5)
core   0: 3 0x80009586 (0xa63f2f23) mem 0x8000a000 0x00000001
core   0: 0x8000958a (0x0000bfe5) c.j     pc - 8
core   0: 3 0x8000958a (0xbfe5)
core   0: 0x80009582 (0x00001f17) auipc   t5, 0x1
core   0: 3 0x80009582 (0x00001f17) x30 0x8000a582
core   0: 0x80009586 (0xa63f2f23) sw      gp, -1410(t5)
core   0: 3 0x80009586 (0xa63f2f23) mem 0x8000a000 0x00000001
core   0: 0x8000958a (0x0000bfe5) c.j     pc - 8
core   0: 3 0x8000958a (0xbfe5)
core   0: 0x80009582 (0x00001f17) auipc   t5, 0x1
core   0: 3 0x80009582 (0x00001f17) x30 0x8000a582
core   0: 0x80009586 (0xa63f2f23) sw      gp, -1410(t5)
core   0: 3 0x80009586 (0xa63f2f23) mem 0x8000a000 0x00000001
core   0: 0x8000958a (0x0000bfe5) c.j     pc - 8
core   0: 3 0x8000958a (0xbfe5)
core   0: 0x80009582 (0x00001f17) auipc   t5, 0x1
core   0: 3 0x80009582 (0x00001f17) x30 0x8000a582
core   0: 0x80009586 (0xa63f2f23) sw      gp, -1410(t5)
core   0: 3 0x80009586 (0xa63f2f23) mem 0x8000a000 0x00000001
core   0: 0x8000958a (0x0000bfe5) c.j     pc - 8
core   0: 3 0x8000958a (0xbfe5)
core   0: 0x80009582 (0x00001f17) auipc   t5, 0x1
core   0: 3 0x80009582 (0x00001f17) x30 0x8000a582
core   0: 0x80009586 (0xa63f2f23) sw      gp, -1410(t5)
core   0: 3 0x80009586 (0xa63f2f23) mem 0x8000a000 0x00000001
core   0: 0x8000958a (0x0000bfe5) c.j     pc - 8
core   0: 3 0x8000958a (0xbfe5)
core   0: 0x80009582 (0x00001f17) auipc   t5, 0x1
core   0: 3 0x80009582 (0x00001f17) x30 0x8000a582
core   0: 0x80009586 (0xa63f2f23) sw      gp, -1410(t5)
core   0: 3 0x80009586 (0xa63f2f23) mem 0x8000a000 0x00000001
core   0: 0x8000958a (0x0000bfe5) c.j     pc - 8
core   0: 3 0x8000958a (0xbfe5)
core   0: 0x80009582 (0x00001f17) auipc   t5, 0x1
core   0: 3 0x80009582 (0x00001f17) x30 0x8000a582
core   0: 0x80009586 (0xa63f2f23) sw      gp, -1410(t5)
core   0: 3 0x80009586 (0xa63f2f23) mem 0x8000a000 0x00000001
core   0: 0x8000958a (0x0000bfe5) c.j     pc - 8
core   0: 3 0x8000958a (0xbfe5)
core   0: 0x80009582 (0x00001f17) auipc   t5, 0x1
core   0: 3 0x80009582 (0x00001f17) x30 0x8000a582
core   0: 0x80009586 (0xa63f2f23) sw      gp, -1410(t5)
core   0: 3 0x80009586 (0xa63f2f23) mem 0x8000a000 0x00000001
core   0: 0x8000958a (0x0000bfe5) c.j     pc - 8
core   0: 3 0x8000958a (0xbfe5)
core   0: 0x80009582 (0x00001f17) auipc   t5, 0x1
core   0: 3 0x80009582 (0x00001f17) x30 0x8000a582
core   0: 0x80009586 (0xa63f2f23) sw      gp, -1410(t5)
core   0: 3 0x80009586 (0xa63f2f23) mem 0x8000a000 0x00000001
core   0: 0x8000958a (0x0000bfe5) c.j     pc - 8
core   0: 3 0x8000958a (0xbfe5)
core   0: 0x80009582 (0x00001f17) auipc   t5, 0x1
core   0: 3 0x80009582 (0x00001f17) x30 0x8000a582
core   0: 0x80009586 (0xa63f2f23) sw      gp, -1410(t5)
core   0: 3 0x80009586 (0xa63f2f23) mem 0x8000a000 0x00000001
core   0: 0x8000958a (0x0000bfe5) c.j     pc - 8
core   0: 3 0x8000958a (0xbfe5)
core   0: 0x80009582 (0x00001f17) auipc   t5, 0x1
core   0: 3 0x80009582 (0x00001f17) x30 0x8000a582
core   0: 0x80009586 (0xa63f2f23) sw      gp, -1410(t5)
core   0: 3 0x80009586 (0xa63f2f23) mem 0x8000a000 0x00000001
core   0: 0x8000958a (0x0000bfe5) c.j     pc - 8
core   0: 3 0x8000958a (0xbfe5)
core   0: 0x80009582 (0x00001f17) auipc   t5, 0x1
core   0: 3 0x80009582 (0x00001f17) x30 0x8000a582
core   0: 0x80009586 (0xa63f2f23) sw      gp, -1410(t5)
core   0: 3 0x80009586 (0xa63f2f23) mem 0x8000a000 0x00000001
core   0: 0x8000958a (0x0000bfe5) c.j     pc - 8
core   0: 3 0x8000958a (0xbfe5)
core   0: 0x80009582 (0x00001f17) auipc   t5, 0x1
core   0: 3 0x80009582 (0x00001f17) x30 0x8000a582
core   0: 0x80009586 (0xa63f2f23) sw      gp, -1410(t5)
core   0: 3 0x80009586 (0xa63f2f23) mem 0x8000a000 0x00000001
core   0: 0x8000958a (0x0000bfe5) c.j     pc - 8
core   0: 3 0x8000958a (0xbfe5)
core   0: 0x80009582 (0x00001f17) auipc   t5, 0x1
core   0: 3 0x80009582 (0x00001f17) x30 0x8000a582
core   0: 0x80009586 (0xa63f2f23) sw      gp, -1410(t5)
core   0: 3 0x80009586 (0xa63f2f23) mem 0x8000a000 0x00000001
core   0: 0x8000958a (0x0000bfe5) c.j     pc - 8
core   0: 3 0x8000958a (0xbfe5)
core   0: 0x80009582 (0x00001f17) auipc   t5, 0x1
core   0: 3 0x80009582 (0x00001f17) x30 0x8000a582
core   0: 0x80009586 (0xa63f2f23) sw      gp, -1410(t5)
core   0: 3 0x80009586 (0xa63f2f23) mem 0x8000a000 0x00000001
core   0: 0x8000958a (0x0000bfe5) c.j     pc - 8
core   0: 3 0x8000958a (0xbfe5)
core   0: 0x80009582 (0x00001f17) auipc   t5, 0x1
core   0: 3 0x80009582 (0x00001f17) x30 0x8000a582
core   0: 0x80009586 (0xa63f2f23) sw      gp, -1410(t5)
core   0: 3 0x80009586 (0xa63f2f23) mem 0x8000a000 0x00000001
core   0: 0x8000958a (0x0000bfe5) c.j     pc - 8
core   0: 3 0x8000958a (0xbfe5)
core   0: 0x80009582 (0x00001f17) auipc   t5, 0x1
core   0: 3 0x80009582 (0x00001f17) x30 0x8000a582
core   0: 0x80009586 (0xa63f2f23) sw      gp, -1410(t5)
core   0: 3 0x80009586 (0xa63f2f23) mem 0x8000a000 0x00000001
core   0: 0x8000958a (0x0000bfe5) c.j     pc - 8
core   0: 3 0x8000958a (0xbfe5)
core   0: 0x80009582 (0x00001f17) auipc   t5, 0x1
core   0: 3 0x80009582 (0x00001f17) x30 0x8000a582
core   0: 0x80009586 (0xa63f2f23) sw      gp, -1410(t5)
core   0: 3 0x80009586 (0xa63f2f23) mem 0x8000a000 0x00000001
core   0: 0x8000958a (0x0000bfe5) c.j     pc - 8
core   0: 3 0x8000958a (0xbfe5)
core   0: 0x80009582 (0x00001f17) auipc   t5, 0x1
core   0: 3 0x80009582 (0x00001f17) x30 0x8000a582
core   0: 0x80009586 (0xa63f2f23) sw      gp, -1410(t5)
core   0: 3 0x80009586 (0xa63f2f23) mem 0x8000a000 0x00000001
core   0: 0x8000958a (0x0000bfe5) c.j     pc - 8
core   0: 3 0x8000958a (0xbfe5)
core   0: 0x80009582 (0x00001f17) auipc   t5, 0x1
core   0: 3 0x80009582 (0x00001f17) x30 0x8000a582
core   0: 0x80009586 (0xa63f2f23) sw      gp, -1410(t5)
core   0: 3 0x80009586 (0xa63f2f23) mem 0x8000a000 0x00000001
core   0: 0x8000958a (0x0000bfe5) c.j     pc - 8
core   0: 3 0x8000958a (0xbfe5)
core   0: 0x80009582 (0x00001f17) auipc   t5, 0x1
core   0: 3 0x80009582 (0x00001f17) x30 0x8000a582
core   0: 0x80009586 (0xa63f2f23) sw      gp, -1410(t5)
core   0: 3 0x80009586 (0xa63f2f23) mem 0x8000a000 0x00000001
core   0: 0x8000958a (0x0000bfe5) c.j     pc - 8
core   0: 3 0x8000958a (0xbfe5)
core   0: 0x80009582 (0x00001f17) auipc   t5, 0x1
core   0: 3 0x80009582 (0x00001f17) x30 0x8000a582
core   0: 0x80009586 (0xa63f2f23) sw      gp, -1410(t5)
core   0: 3 0x80009586 (0xa63f2f23) mem 0x8000a000 0x00000001
core   0: 0x8000958a (0x0000bfe5) c.j     pc - 8
core   0: 3 0x8000958a (0xbfe5)
core   0: 0x80009582 (0x00001f17) auipc   t5, 0x1
core   0: 3 0x80009582 (0x00001f17) x30 0x8000a582
core   0: 0x80009586 (0xa63f2f23) sw      gp, -1410(t5)
core   0: 3 0x80009586 (0xa63f2f23) mem 0x8000a000 0x00000001
core   0: 0x8000958a (0x0000bfe5) c.j     pc - 8
core   0: 3 0x8000958a (0xbfe5)
core   0: 0x80009582 (0x00001f17) auipc   t5, 0x1
core   0: 3 0x80009582 (0x00001f17) x30 0x8000a582
core   0: 0x80009586 (0xa63f2f23) sw      gp, -1410(t5)
core   0: 3 0x80009586 (0xa63f2f23) mem 0x8000a000 0x00000001
core   0: 0x8000958a (0x0000bfe5) c.j     pc - 8
core   0: 3 0x8000958a (0xbfe5)
core   0: 0x80009582 (0x00001f17) auipc   t5, 0x1
core   0: 3 0x80009582 (0x00001f17) x30 0x8000a582
core   0: 0x80009586 (0xa63f2f23) sw      gp, -1410(t5)
core   0: 3 0x80009586 (0xa63f2f23) mem 0x8000a000 0x00000001
core   0: 0x8000958a (0x0000bfe5) c.j     pc - 8
core   0: 3 0x8000958a (0xbfe5)
core   0: 0x80009582 (0x00001f17) auipc   t5, 0x1
core   0: 3 0x80009582 (0x00001f17) x30 0x8000a582
core   0: 0x80009586 (0xa63f2f23) sw      gp, -1410(t5)
core   0: 3 0x80009586 (0xa63f2f23) mem 0x8000a000 0x00000001
core   0: 0x8000958a (0x0000bfe5) c.j     pc - 8
core   0: 3 0x8000958a (0xbfe5)
core   0: 0x80009582 (0x00001f17) auipc   t5, 0x1
core   0: 3 0x80009582 (0x00001f17) x30 0x8000a582
core   0: 0x80009586 (0xa63f2f23) sw      gp, -1410(t5)
core   0: 3 0x80009586 (0xa63f2f23) mem 0x8000a000 0x00000001
core   0: 0x8000958a (0x0000bfe5) c.j     pc - 8
core   0: 3 0x8000958a (0xbfe5)
core   0: 0x80009582 (0x00001f17) auipc   t5, 0x1
core   0: 3 0x80009582 (0x00001f17) x30 0x8000a582
core   0: 0x80009586 (0xa63f2f23) sw      gp, -1410(t5)
core   0: 3 0x80009586 (0xa63f2f23) mem 0x8000a000 0x00000001
core   0: 0x8000958a (0x0000bfe5) c.j     pc - 8
core   0: 3 0x8000958a (0xbfe5)
core   0: 0x80009582 (0x00001f17) auipc   t5, 0x1
core   0: 3 0x80009582 (0x00001f17) x30 0x8000a582
core   0: 0x80009586 (0xa63f2f23) sw      gp, -1410(t5)
core   0: 3 0x80009586 (0xa63f2f23) mem 0x8000a000 0x00000001
core   0: 0x8000958a (0x0000bfe5) c.j     pc - 8
core   0: 3 0x8000958a (0xbfe5)
core   0: 0x80009582 (0x00001f17) auipc   t5, 0x1
core   0: 3 0x80009582 (0x00001f17) x30 0x8000a582
core   0: 0x80009586 (0xa63f2f23) sw      gp, -1410(t5)
core   0: 3 0x80009586 (0xa63f2f23) mem 0x8000a000 0x00000001
core   0: 0x8000958a (0x0000bfe5) c.j     pc - 8
core   0: 3 0x8000958a (0xbfe5)
core   0: 0x80009582 (0x00001f17) auipc   t5, 0x1
core   0: 3 0x80009582 (0x00001f17) x30 0x8000a582
core   0: 0x80009586 (0xa63f2f23) sw      gp, -1410(t5)
core   0: 3 0x80009586 (0xa63f2f23) mem 0x8000a000 0x00000001
core   0: 0x8000958a (0x0000bfe5) c.j     pc - 8
core   0: 3 0x8000958a (0xbfe5)
core   0: 0x80009582 (0x00001f17) auipc   t5, 0x1
core   0: 3 0x80009582 (0x00001f17) x30 0x8000a582
core   0: 0x80009586 (0xa63f2f23) sw      gp, -1410(t5)
core   0: 3 0x80009586 (0xa63f2f23) mem 0x8000a000 0x00000001
core   0: 0x8000958a (0x0000bfe5) c.j     pc - 8
core   0: 3 0x8000958a (0xbfe5)
core   0: 0x80009582 (0x00001f17) auipc   t5, 0x1
core   0: 3 0x80009582 (0x00001f17) x30 0x8000a582
core   0: 0x80009586 (0xa63f2f23) sw      gp, -1410(t5)
core   0: 3 0x80009586 (0xa63f2f23) mem 0x8000a000 0x00000001
core   0: 0x8000958a (0x0000bfe5) c.j     pc - 8
core   0: 3 0x8000958a (0xbfe5)
core   0: 0x80009582 (0x00001f17) auipc   t5, 0x1
core   0: 3 0x80009582 (0x00001f17) x30 0x8000a582
core   0: 0x80009586 (0xa63f2f23) sw      gp, -1410(t5)
core   0: 3 0x80009586 (0xa63f2f23) mem 0x8000a000 0x00000001
core   0: 0x8000958a (0x0000bfe5) c.j     pc - 8
core   0: 3 0x8000958a (0xbfe5)
core   0: 0x80009582 (0x00001f17) auipc   t5, 0x1
core   0: 3 0x80009582 (0x00001f17) x30 0x8000a582
core   0: 0x80009586 (0xa63f2f23) sw      gp, -1410(t5)
core   0: 3 0x80009586 (0xa63f2f23) mem 0x8000a000 0x00000001
core   0: 0x8000958a (0x0000bfe5) c.j     pc - 8
core   0: 3 0x8000958a (0xbfe5)
core   0: 0x80009582 (0x00001f17) auipc   t5, 0x1
core   0: 3 0x80009582 (0x00001f17) x30 0x8000a582
core   0: 0x80009586 (0xa63f2f23) sw      gp, -1410(t5)
core   0: 3 0x80009586 (0xa63f2f23) mem 0x8000a000 0x00000001
core   0: 0x8000958a (0x0000bfe5) c.j     pc - 8
core   0: 3 0x8000958a (0xbfe5)
core   0: 0x80009582 (0x00001f17) auipc   t5, 0x1
core   0: 3 0x80009582 (0x00001f17) x30 0x8000a582
core   0: 0x80009586 (0xa63f2f23) sw      gp, -1410(t5)
core   0: 3 0x80009586 (0xa63f2f23) mem 0x8000a000 0x00000001
core   0: 0x8000958a (0x0000bfe5) c.j     pc - 8
core   0: 3 0x8000958a (0xbfe5)
core   0: 0x80009582 (0x00001f17) auipc   t5, 0x1
core   0: 3 0x80009582 (0x00001f17) x30 0x8000a582
core   0: 0x80009586 (0xa63f2f23) sw      gp, -1410(t5)
core   0: 3 0x80009586 (0xa63f2f23) mem 0x8000a000 0x00000001
core   0: 0x8000958a (0x0000bfe5) c.j     pc - 8
core   0: 3 0x8000958a (0xbfe5)
core   0: 0x80009582 (0x00001f17) auipc   t5, 0x1
core   0: 3 0x80009582 (0x00001f17) x30 0x8000a582
core   0: 0x80009586 (0xa63f2f23) sw      gp, -1410(t5)
core   0: 3 0x80009586 (0xa63f2f23) mem 0x8000a000 0x00000001
core   0: 0x8000958a (0x0000bfe5) c.j     pc - 8
core   0: 3 0x8000958a (0xbfe5)
core   0: 0x80009582 (0x00001f17) auipc   t5, 0x1
core   0: 3 0x80009582 (0x00001f17) x30 0x8000a582
core   0: 0x80009586 (0xa63f2f23) sw      gp, -1410(t5)
core   0: 3 0x80009586 (0xa63f2f23) mem 0x8000a000 0x00000001
core   0: 0x8000958a (0x0000bfe5) c.j     pc - 8
core   0: 3 0x8000958a (0xbfe5)
core   0: 0x80009582 (0x00001f17) auipc   t5, 0x1
core   0: 3 0x80009582 (0x00001f17) x30 0x8000a582
core   0: 0x80009586 (0xa63f2f23) sw      gp, -1410(t5)
core   0: 3 0x80009586 (0xa63f2f23) mem 0x8000a000 0x00000001
core   0: 0x8000958a (0x0000bfe5) c.j     pc - 8
core   0: 3 0x8000958a (0xbfe5)
core   0: 0x80009582 (0x00001f17) auipc   t5, 0x1
core   0: 3 0x80009582 (0x00001f17) x30 0x8000a582
core   0: 0x80009586 (0xa63f2f23) sw      gp, -1410(t5)
core   0: 3 0x80009586 (0xa63f2f23) mem 0x8000a000 0x00000001
core   0: 0x8000958a (0x0000bfe5) c.j     pc - 8
core   0: 3 0x8000958a (0xbfe5)
core   0: 0x80009582 (0x00001f17) auipc   t5, 0x1
core   0: 3 0x80009582 (0x00001f17) x30 0x8000a582
core   0: 0x80009586 (0xa63f2f23) sw      gp, -1410(t5)
core   0: 3 0x80009586 (0xa63f2f23) mem 0x8000a000 0x00000001
core   0: 0x8000958a (0x0000bfe5) c.j     pc - 8
core   0: 3 0x8000958a (0xbfe5)
core   0: 0x80009582 (0x00001f17) auipc   t5, 0x1
core   0: 3 0x80009582 (0x00001f17) x30 0x8000a582
core   0: 0x80009586 (0xa63f2f23) sw      gp, -1410(t5)
core   0: 3 0x80009586 (0xa63f2f23) mem 0x8000a000 0x00000001
core   0: 0x8000958a (0x0000bfe5) c.j     pc - 8
core   0: 3 0x8000958a (0xbfe5)
core   0: 0x80009582 (0x00001f17) auipc   t5, 0x1
core   0: 3 0x80009582 (0x00001f17) x30 0x8000a582
core   0: 0x80009586 (0xa63f2f23) sw      gp, -1410(t5)
core   0: 3 0x80009586 (0xa63f2f23) mem 0x8000a000 0x00000001
core   0: 0x8000958a (0x0000bfe5) c.j     pc - 8
core   0: 3 0x8000958a (0xbfe5)
core   0: 0x80009582 (0x00001f17) auipc   t5, 0x1
core   0: 3 0x80009582 (0x00001f17) x30 0x8000a582
core   0: 0x80009586 (0xa63f2f23) sw      gp, -1410(t5)
core   0: 3 0x80009586 (0xa63f2f23) mem 0x8000a000 0x00000001
core   0: 0x8000958a (0x0000bfe5) c.j     pc - 8
core   0: 3 0x8000958a (0xbfe5)
core   0: 0x80009582 (0x00001f17) auipc   t5, 0x1
core   0: 3 0x80009582 (0x00001f17) x30 0x8000a582
core   0: 0x80009586 (0xa63f2f23) sw      gp, -1410(t5)
core   0: 3 0x80009586 (0xa63f2f23) mem 0x8000a000 0x00000001
core   0: 0x8000958a (0x0000bfe5) c.j     pc - 8
core   0: 3 0x8000958a (0xbfe5)
core   0: 0x80009582 (0x00001f17) auipc   t5, 0x1
core   0: 3 0x80009582 (0x00001f17) x30 0x8000a582
core   0: 0x80009586 (0xa63f2f23) sw      gp, -1410(t5)
core   0: 3 0x80009586 (0xa63f2f23) mem 0x8000a000 0x00000001
core   0: 0x8000958a (0x0000bfe5) c.j     pc - 8
core   0: 3 0x8000958a (0xbfe5)
core   0: 0x80009582 (0x00001f17) auipc   t5, 0x1
core   0: 3 0x80009582 (0x00001f17) x30 0x8000a582
core   0: 0x80009586 (0xa63f2f23) sw      gp, -1410(t5)
core   0: 3 0x80009586 (0xa63f2f23) mem 0x8000a000 0x00000001
core   0: 0x8000958a (0x0000bfe5) c.j     pc - 8
core   0: 3 0x8000958a (0xbfe5)
core   0: 0x80009582 (0x00001f17) auipc   t5, 0x1
core   0: 3 0x80009582 (0x00001f17) x30 0x8000a582
core   0: 0x80009586 (0xa63f2f23) sw      gp, -1410(t5)
core   0: 3 0x80009586 (0xa63f2f23) mem 0x8000a000 0x00000001
core   0: 0x8000958a (0x0000bfe5) c.j     pc - 8
core   0: 3 0x8000958a (0xbfe5)
core   0: 0x80009582 (0x00001f17) auipc   t5, 0x1
core   0: 3 0x80009582 (0x00001f17) x30 0x8000a582
core   0: 0x80009586 (0xa63f2f23) sw      gp, -1410(t5)
core   0: 3 0x80009586 (0xa63f2f23) mem 0x8000a000 0x00000001
core   0: 0x8000958a (0x0000bfe5) c.j     pc - 8
core   0: 3 0x8000958a (0xbfe5)
core   0: 0x80009582 (0x00001f17) auipc   t5, 0x1
core   0: 3 0x80009582 (0x00001f17) x30 0x8000a582
core   0: 0x80009586 (0xa63f2f23) sw      gp, -1410(t5)
core   0: 3 0x80009586 (0xa63f2f23) mem 0x8000a000 0x00000001
core   0: 0x8000958a (0x0000bfe5) c.j     pc - 8
core   0: 3 0x8000958a (0xbfe5)
core   0: 0x80009582 (0x00001f17) auipc   t5, 0x1
core   0: 3 0x80009582 (0x00001f17) x30 0x8000a582
core   0: 0x80009586 (0xa63f2f23) sw      gp, -1410(t5)
core   0: 3 0x80009586 (0xa63f2f23) mem 0x8000a000 0x00000001
core   0: 0x8000958a (0x0000bfe5) c.j     pc - 8
core   0: 3 0x8000958a (0xbfe5)
core   0: 0x80009582 (0x00001f17) auipc   t5, 0x1
core   0: 3 0x80009582 (0x00001f17) x30 0x8000a582
core   0: 0x80009586 (0xa63f2f23) sw      gp, -1410(t5)
core   0: 3 0x80009586 (0xa63f2f23) mem 0x8000a000 0x00000001
core   0: 0x8000958a (0x0000bfe5) c.j     pc - 8
core   0: 3 0x8000958a (0xbfe5)
core   0: 0x80009582 (0x00001f17) auipc   t5, 0x1
core   0: 3 0x80009582 (0x00001f17) x30 0x8000a582
core   0: 0x80009586 (0xa63f2f23) sw      gp, -1410(t5)
core   0: 3 0x80009586 (0xa63f2f23) mem 0x8000a000 0x00000001
core   0: 0x8000958a (0x0000bfe5) c.j     pc - 8
core   0: 3 0x8000958a (0xbfe5)
core   0: 0x80009582 (0x00001f17) auipc   t5, 0x1
core   0: 3 0x80009582 (0x00001f17) x30 0x8000a582
core   0: 0x80009586 (0xa63f2f23) sw      gp, -1410(t5)
core   0: 3 0x80009586 (0xa63f2f23) mem 0x8000a000 0x00000001
core   0: 0x8000958a (0x0000bfe5) c.j     pc - 8
core   0: 3 0x8000958a (0xbfe5)
core   0: 0x80009582 (0x00001f17) auipc   t5, 0x1
core   0: 3 0x80009582 (0x00001f17) x30 0x8000a582
core   0: 0x80009586 (0xa63f2f23) sw      gp, -1410(t5)
core   0: 3 0x80009586 (0xa63f2f23) mem 0x8000a000 0x00000001
core   0: 0x8000958a (0x0000bfe5) c.j     pc - 8
core   0: 3 0x8000958a (0xbfe5)
core   0: 0x80009582 (0x00001f17) auipc   t5, 0x1
core   0: 3 0x80009582 (0x00001f17) x30 0x8000a582
core   0: 0x80009586 (0xa63f2f23) sw      gp, -1410(t5)
core   0: 3 0x80009586 (0xa63f2f23) mem 0x8000a000 0x00000001
core   0: 0x8000958a (0x0000bfe5) c.j     pc - 8
core   0: 3 0x8000958a (0xbfe5)
core   0: 0x80009582 (0x00001f17) auipc   t5, 0x1
core   0: 3 0x80009582 (0x00001f17) x30 0x8000a582
core   0: 0x80009586 (0xa63f2f23) sw      gp, -1410(t5)
core   0: 3 0x80009586 (0xa63f2f23) mem 0x8000a000 0x00000001
core   0: 0x8000958a (0x0000bfe5) c.j     pc - 8
core   0: 3 0x8000958a (0xbfe5)
core   0: 0x80009582 (0x00001f17) auipc   t5, 0x1
core   0: 3 0x80009582 (0x00001f17) x30 0x8000a582
core   0: 0x80009586 (0xa63f2f23) sw      gp, -1410(t5)
core   0: 3 0x80009586 (0xa63f2f23) mem 0x8000a000 0x00000001
core   0: 0x8000958a (0x0000bfe5) c.j     pc - 8
core   0: 3 0x8000958a (0xbfe5)
core   0: 0x80009582 (0x00001f17) auipc   t5, 0x1
core   0: 3 0x80009582 (0x00001f17) x30 0x8000a582
core   0: 0x80009586 (0xa63f2f23) sw      gp, -1410(t5)
core   0: 3 0x80009586 (0xa63f2f23) mem 0x8000a000 0x00000001
core   0: 0x8000958a (0x0000bfe5) c.j     pc - 8
core   0: 3 0x8000958a (0xbfe5)
core   0: 0x80009582 (0x00001f17) auipc   t5, 0x1
core   0: 3 0x80009582 (0x00001f17) x30 0x8000a582
core   0: 0x80009586 (0xa63f2f23) sw      gp, -1410(t5)
core   0: 3 0x80009586 (0xa63f2f23) mem 0x8000a000 0x00000001
core   0: 0x8000958a (0x0000bfe5) c.j     pc - 8
core   0: 3 0x8000958a (0xbfe5)
core   0: 0x80009582 (0x00001f17) auipc   t5, 0x1
core   0: 3 0x80009582 (0x00001f17) x30 0x8000a582
core   0: 0x80009586 (0xa63f2f23) sw      gp, -1410(t5)
core   0: 3 0x80009586 (0xa63f2f23) mem 0x8000a000 0x00000001
core   0: 0x8000958a (0x0000bfe5) c.j     pc - 8
core   0: 3 0x8000958a (0xbfe5)
core   0: 0x80009582 (0x00001f17) auipc   t5, 0x1
core   0: 3 0x80009582 (0x00001f17) x30 0x8000a582
core   0: 0x80009586 (0xa63f2f23) sw      gp, -1410(t5)
core   0: 3 0x80009586 (0xa63f2f23) mem 0x8000a000 0x00000001
core   0: 0x8000958a (0x0000bfe5) c.j     pc - 8
core   0: 3 0x8000958a (0xbfe5)
core   0: 0x80009582 (0x00001f17) auipc   t5, 0x1
core   0: 3 0x80009582 (0x00001f17) x30 0x8000a582
core   0: 0x80009586 (0xa63f2f23) sw      gp, -1410(t5)
core   0: 3 0x80009586 (0xa63f2f23) mem 0x8000a000 0x00000001
core   0: 0x8000958a (0x0000bfe5) c.j     pc - 8
core   0: 3 0x8000958a (0xbfe5)
core   0: 0x80009582 (0x00001f17) auipc   t5, 0x1
core   0: 3 0x80009582 (0x00001f17) x30 0x8000a582
core   0: 0x80009586 (0xa63f2f23) sw      gp, -1410(t5)
core   0: 3 0x80009586 (0xa63f2f23) mem 0x8000a000 0x00000001
core   0: 0x8000958a (0x0000bfe5) c.j     pc - 8
core   0: 3 0x8000958a (0xbfe5)
core   0: 0x80009582 (0x00001f17) auipc   t5, 0x1
core   0: 3 0x80009582 (0x00001f17) x30 0x8000a582
core   0: 0x80009586 (0xa63f2f23) sw      gp, -1410(t5)
core   0: 3 0x80009586 (0xa63f2f23) mem 0x8000a000 0x00000001
core   0: 0x8000958a (0x0000bfe5) c.j     pc - 8
core   0: 3 0x8000958a (0xbfe5)
core   0: 0x80009582 (0x00001f17) auipc   t5, 0x1
core   0: 3 0x80009582 (0x00001f17) x30 0x8000a582
core   0: 0x80009586 (0xa63f2f23) sw      gp, -1410(t5)
core   0: 3 0x80009586 (0xa63f2f23) mem 0x8000a000 0x00000001
core   0: 0x8000958a (0x0000bfe5) c.j     pc - 8
core   0: 3 0x8000958a (0xbfe5)
core   0: 0x80009582 (0x00001f17) auipc   t5, 0x1
core   0: 3 0x80009582 (0x00001f17) x30 0x8000a582
core   0: 0x80009586 (0xa63f2f23) sw      gp, -1410(t5)
core   0: 3 0x80009586 (0xa63f2f23) mem 0x8000a000 0x00000001
core   0: 0x8000958a (0x0000bfe5) c.j     pc - 8
core   0: 3 0x8000958a (0xbfe5)
core   0: 0x80009582 (0x00001f17) auipc   t5, 0x1
core   0: 3 0x80009582 (0x00001f17) x30 0x8000a582
core   0: 0x80009586 (0xa63f2f23) sw      gp, -1410(t5)
core   0: 3 0x80009586 (0xa63f2f23) mem 0x8000a000 0x00000001
core   0: 0x8000958a (0x0000bfe5) c.j     pc - 8
core   0: 3 0x8000958a (0xbfe5)
core   0: 0x80009582 (0x00001f17) auipc   t5, 0x1
core   0: 3 0x80009582 (0x00001f17) x30 0x8000a582
core   0: 0x80009586 (0xa63f2f23) sw      gp, -1410(t5)
core   0: 3 0x80009586 (0xa63f2f23) mem 0x8000a000 0x00000001
core   0: 0x8000958a (0x0000bfe5) c.j     pc - 8
core   0: 3 0x8000958a (0xbfe5)
core   0: 0x80009582 (0x00001f17) auipc   t5, 0x1
core   0: 3 0x80009582 (0x00001f17) x30 0x8000a582
core   0: 0x80009586 (0xa63f2f23) sw      gp, -1410(t5)
core   0: 3 0x80009586 (0xa63f2f23) mem 0x8000a000 0x00000001
core   0: 0x8000958a (0x0000bfe5) c.j     pc - 8
core   0: 3 0x8000958a (0xbfe5)
core   0: 0x80009582 (0x00001f17) auipc   t5, 0x1
core   0: 3 0x80009582 (0x00001f17) x30 0x8000a582
core   0: 0x80009586 (0xa63f2f23) sw      gp, -1410(t5)
core   0: 3 0x80009586 (0xa63f2f23) mem 0x8000a000 0x00000001
core   0: 0x8000958a (0x0000bfe5) c.j     pc - 8
core   0: 3 0x8000958a (0xbfe5)
core   0: 0x80009582 (0x00001f17) auipc   t5, 0x1
core   0: 3 0x80009582 (0x00001f17) x30 0x8000a582
core   0: 0x80009586 (0xa63f2f23) sw      gp, -1410(t5)
core   0: 3 0x80009586 (0xa63f2f23) mem 0x8000a000 0x00000001
core   0: 0x8000958a (0x0000bfe5) c.j     pc - 8
core   0: 3 0x8000958a (0xbfe5)
core   0: 0x80009582 (0x00001f17) auipc   t5, 0x1
core   0: 3 0x80009582 (0x00001f17) x30 0x8000a582
core   0: 0x80009586 (0xa63f2f23) sw      gp, -1410(t5)
core   0: 3 0x80009586 (0xa63f2f23) mem 0x8000a000 0x00000001
core   0: 0x8000958a (0x0000bfe5) c.j     pc - 8
core   0: 3 0x8000958a (0xbfe5)
core   0: 0x80009582 (0x00001f17) auipc   t5, 0x1
core   0: 3 0x80009582 (0x00001f17) x30 0x8000a582
core   0: 0x80009586 (0xa63f2f23) sw      gp, -1410(t5)
core   0: 3 0x80009586 (0xa63f2f23) mem 0x8000a000 0x00000001
core   0: 0x8000958a (0x0000bfe5) c.j     pc - 8
core   0: 3 0x8000958a (0xbfe5)
core   0: 0x80009582 (0x00001f17) auipc   t5, 0x1
core   0: 3 0x80009582 (0x00001f17) x30 0x8000a582
core   0: 0x80009586 (0xa63f2f23) sw      gp, -1410(t5)
core   0: 3 0x80009586 (0xa63f2f23) mem 0x8000a000 0x00000001
core   0: 0x8000958a (0x0000bfe5) c.j     pc - 8
core   0: 3 0x8000958a (0xbfe5)
core   0: 0x80009582 (0x00001f17) auipc   t5, 0x1
core   0: 3 0x80009582 (0x00001f17) x30 0x8000a582
core   0: 0x80009586 (0xa63f2f23) sw      gp, -1410(t5)
core   0: 3 0x80009586 (0xa63f2f23) mem 0x8000a000 0x00000001
core   0: 0x8000958a (0x0000bfe5) c.j     pc - 8
core   0: 3 0x8000958a (0xbfe5)
core   0: 0x80009582 (0x00001f17) auipc   t5, 0x1
core   0: 3 0x80009582 (0x00001f17) x30 0x8000a582
core   0: 0x80009586 (0xa63f2f23) sw      gp, -1410(t5)
core   0: 3 0x80009586 (0xa63f2f23) mem 0x8000a000 0x00000001
core   0: 0x8000958a (0x0000bfe5) c.j     pc - 8
core   0: 3 0x8000958a (0xbfe5)
core   0: 0x80009582 (0x00001f17) auipc   t5, 0x1
core   0: 3 0x80009582 (0x00001f17) x30 0x8000a582
core   0: 0x80009586 (0xa63f2f23) sw      gp, -1410(t5)
core   0: 3 0x80009586 (0xa63f2f23) mem 0x8000a000 0x00000001
core   0: 0x8000958a (0x0000bfe5) c.j     pc - 8
core   0: 3 0x8000958a (0xbfe5)
core   0: 0x80009582 (0x00001f17) auipc   t5, 0x1
core   0: 3 0x80009582 (0x00001f17) x30 0x8000a582
core   0: 0x80009586 (0xa63f2f23) sw      gp, -1410(t5)
core   0: 3 0x80009586 (0xa63f2f23) mem 0x8000a000 0x00000001
core   0: 0x8000958a (0x0000bfe5) c.j     pc - 8
core   0: 3 0x8000958a (0xbfe5)
core   0: 0x80009582 (0x00001f17) auipc   t5, 0x1
core   0: 3 0x80009582 (0x00001f17) x30 0x8000a582
core   0: 0x80009586 (0xa63f2f23) sw      gp, -1410(t5)
core   0: 3 0x80009586 (0xa63f2f23) mem 0x8000a000 0x00000001
core   0: 0x8000958a (0x0000bfe5) c.j     pc - 8
core   0: 3 0x8000958a (0xbfe5)
core   0: 0x80009582 (0x00001f17) auipc   t5, 0x1
core   0: 3 0x80009582 (0x00001f17) x30 0x8000a582
core   0: 0x80009586 (0xa63f2f23) sw      gp, -1410(t5)
core   0: 3 0x80009586 (0xa63f2f23) mem 0x8000a000 0x00000001
core   0: 0x8000958a (0x0000bfe5) c.j     pc - 8
core   0: 3 0x8000958a (0xbfe5)
core   0: 0x80009582 (0x00001f17) auipc   t5, 0x1
core   0: 3 0x80009582 (0x00001f17) x30 0x8000a582
core   0: 0x80009586 (0xa63f2f23) sw      gp, -1410(t5)
core   0: 3 0x80009586 (0xa63f2f23) mem 0x8000a000 0x00000001
core   0: 0x8000958a (0x0000bfe5) c.j     pc - 8
core   0: 3 0x8000958a (0xbfe5)
core   0: 0x80009582 (0x00001f17) auipc   t5, 0x1
core   0: 3 0x80009582 (0x00001f17) x30 0x8000a582
core   0: 0x80009586 (0xa63f2f23) sw      gp, -1410(t5)
core   0: 3 0x80009586 (0xa63f2f23) mem 0x8000a000 0x00000001
core   0: 0x8000958a (0x0000bfe5) c.j     pc - 8
core   0: 3 0x8000958a (0xbfe5)
core   0: 0x80009582 (0x00001f17) auipc   t5, 0x1
core   0: 3 0x80009582 (0x00001f17) x30 0x8000a582
core   0: 0x80009586 (0xa63f2f23) sw      gp, -1410(t5)
core   0: 3 0x80009586 (0xa63f2f23) mem 0x8000a000 0x00000001
core   0: 0x8000958a (0x0000bfe5) c.j     pc - 8
core   0: 3 0x8000958a (0xbfe5)
core   0: 0x80009582 (0x00001f17) auipc   t5, 0x1
core   0: 3 0x80009582 (0x00001f17) x30 0x8000a582
core   0: 0x80009586 (0xa63f2f23) sw      gp, -1410(t5)
core   0: 3 0x80009586 (0xa63f2f23) mem 0x8000a000 0x00000001
core   0: 0x8000958a (0x0000bfe5) c.j     pc - 8
core   0: 3 0x8000958a (0xbfe5)
core   0: 0x80009582 (0x00001f17) auipc   t5, 0x1
core   0: 3 0x80009582 (0x00001f17) x30 0x8000a582
core   0: 0x80009586 (0xa63f2f23) sw      gp, -1410(t5)
core   0: 3 0x80009586 (0xa63f2f23) mem 0x8000a000 0x00000001
core   0: 0x8000958a (0x0000bfe5) c.j     pc - 8
core   0: 3 0x8000958a (0xbfe5)
core   0: 0x80009582 (0x00001f17) auipc   t5, 0x1
core   0: 3 0x80009582 (0x00001f17) x30 0x8000a582
core   0: 0x80009586 (0xa63f2f23) sw      gp, -1410(t5)
core   0: 3 0x80009586 (0xa63f2f23) mem 0x8000a000 0x00000001
core   0: 0x8000958a (0x0000bfe5) c.j     pc - 8
core   0: 3 0x8000958a (0xbfe5)
core   0: 0x80009582 (0x00001f17) auipc   t5, 0x1
core   0: 3 0x80009582 (0x00001f17) x30 0x8000a582
core   0: 0x80009586 (0xa63f2f23) sw      gp, -1410(t5)
core   0: 3 0x80009586 (0xa63f2f23) mem 0x8000a000 0x00000001
core   0: 0x8000958a (0x0000bfe5) c.j     pc - 8
core   0: 3 0x8000958a (0xbfe5)
core   0: 0x80009582 (0x00001f17) auipc   t5, 0x1
core   0: 3 0x80009582 (0x00001f17) x30 0x8000a582
core   0: 0x80009586 (0xa63f2f23) sw      gp, -1410(t5)
core   0: 3 0x80009586 (0xa63f2f23) mem 0x8000a000 0x00000001
core   0: 0x8000958a (0x0000bfe5) c.j     pc - 8
core   0: 3 0x8000958a (0xbfe5)
core   0: 0x80009582 (0x00001f17) auipc   t5, 0x1
core   0: 3 0x80009582 (0x00001f17) x30 0x8000a582
core   0: 0x80009586 (0xa63f2f23) sw      gp, -1410(t5)
core   0: 3 0x80009586 (0xa63f2f23) mem 0x8000a000 0x00000001
core   0: 0x8000958a (0x0000bfe5) c.j     pc - 8
core   0: 3 0x8000958a (0xbfe5)
core   0: 0x80009582 (0x00001f17) auipc   t5, 0x1
core   0: 3 0x80009582 (0x00001f17) x30 0x8000a582
core   0: 0x80009586 (0xa63f2f23) sw      gp, -1410(t5)
core   0: 3 0x80009586 (0xa63f2f23) mem 0x8000a000 0x00000001
core   0: 0x8000958a (0x0000bfe5) c.j     pc - 8
core   0: 3 0x8000958a (0xbfe5)
core   0: 0x80009582 (0x00001f17) auipc   t5, 0x1
core   0: 3 0x80009582 (0x00001f17) x30 0x8000a582
core   0: 0x80009586 (0xa63f2f23) sw      gp, -1410(t5)
core   0: 3 0x80009586 (0xa63f2f23) mem 0x8000a000 0x00000001
core   0: 0x8000958a (0x0000bfe5) c.j     pc - 8
core   0: 3 0x8000958a (0xbfe5)
core   0: 0x80009582 (0x00001f17) auipc   t5, 0x1
core   0: 3 0x80009582 (0x00001f17) x30 0x8000a582
core   0: 0x80009586 (0xa63f2f23) sw      gp, -1410(t5)
core   0: 3 0x80009586 (0xa63f2f23) mem 0x8000a000 0x00000001
core   0: 0x8000958a (0x0000bfe5) c.j     pc - 8
core   0: 3 0x8000958a (0xbfe5)
core   0: 0x80009582 (0x00001f17) auipc   t5, 0x1
core   0: 3 0x80009582 (0x00001f17) x30 0x8000a582
core   0: 0x80009586 (0xa63f2f23) sw      gp, -1410(t5)
core   0: 3 0x80009586 (0xa63f2f23) mem 0x8000a000 0x00000001
core   0: 0x8000958a (0x0000bfe5) c.j     pc - 8
core   0: 3 0x8000958a (0xbfe5)
core   0: 0x80009582 (0x00001f17) auipc   t5, 0x1
core   0: 3 0x80009582 (0x00001f17) x30 0x8000a582
core   0: 0x80009586 (0xa63f2f23) sw      gp, -1410(t5)
core   0: 3 0x80009586 (0xa63f2f23) mem 0x8000a000 0x00000001
core   0: 0x8000958a (0x0000bfe5) c.j     pc - 8
core   0: 3 0x8000958a (0xbfe5)
core   0: 0x80009582 (0x00001f17) auipc   t5, 0x1
core   0: 3 0x80009582 (0x00001f17) x30 0x8000a582
core   0: 0x80009586 (0xa63f2f23) sw      gp, -1410(t5)
core   0: 3 0x80009586 (0xa63f2f23) mem 0x8000a000 0x00000001
core   0: 0x8000958a (0x0000bfe5) c.j     pc - 8
core   0: 3 0x8000958a (0xbfe5)
core   0: 0x80009582 (0x00001f17) auipc   t5, 0x1
core   0: 3 0x80009582 (0x00001f17) x30 0x8000a582
core   0: 0x80009586 (0xa63f2f23) sw      gp, -1410(t5)
core   0: 3 0x80009586 (0xa63f2f23) mem 0x8000a000 0x00000001
core   0: 0x8000958a (0x0000bfe5) c.j     pc - 8
core   0: 3 0x8000958a (0xbfe5)
core   0: 0x80009582 (0x00001f17) auipc   t5, 0x1
core   0: 3 0x80009582 (0x00001f17) x30 0x8000a582
core   0: 0x80009586 (0xa63f2f23) sw      gp, -1410(t5)
core   0: 3 0x80009586 (0xa63f2f23) mem 0x8000a000 0x00000001
core   0: 0x8000958a (0x0000bfe5) c.j     pc - 8
core   0: 3 0x8000958a (0xbfe5)
core   0: 0x80009582 (0x00001f17) auipc   t5, 0x1
core   0: 3 0x80009582 (0x00001f17) x30 0x8000a582
core   0: 0x80009586 (0xa63f2f23) sw      gp, -1410(t5)
core   0: 3 0x80009586 (0xa63f2f23) mem 0x8000a000 0x00000001
core   0: 0x8000958a (0x0000bfe5) c.j     pc - 8
core   0: 3 0x8000958a (0xbfe5)
core   0: 0x80009582 (0x00001f17) auipc   t5, 0x1
core   0: 3 0x80009582 (0x00001f17) x30 0x8000a582
core   0: 0x80009586 (0xa63f2f23) sw      gp, -1410(t5)
core   0: 3 0x80009586 (0xa63f2f23) mem 0x8000a000 0x00000001
core   0: 0x8000958a (0x0000bfe5) c.j     pc - 8
core   0: 3 0x8000958a (0xbfe5)
core   0: 0x80009582 (0x00001f17) auipc   t5, 0x1
core   0: 3 0x80009582 (0x00001f17) x30 0x8000a582
core   0: 0x80009586 (0xa63f2f23) sw      gp, -1410(t5)
core   0: 3 0x80009586 (0xa63f2f23) mem 0x8000a000 0x00000001
core   0: 0x8000958a (0x0000bfe5) c.j     pc - 8
core   0: 3 0x8000958a (0xbfe5)
core   0: 0x80009582 (0x00001f17) auipc   t5, 0x1
core   0: 3 0x80009582 (0x00001f17) x30 0x8000a582
core   0: 0x80009586 (0xa63f2f23) sw      gp, -1410(t5)
core   0: 3 0x80009586 (0xa63f2f23) mem 0x8000a000 0x00000001
core   0: 0x8000958a (0x0000bfe5) c.j     pc - 8
core   0: 3 0x8000958a (0xbfe5)
core   0: 0x80009582 (0x00001f17) auipc   t5, 0x1
core   0: 3 0x80009582 (0x00001f17) x30 0x8000a582
core   0: 0x80009586 (0xa63f2f23) sw      gp, -1410(t5)
core   0: 3 0x80009586 (0xa63f2f23) mem 0x8000a000 0x00000001
core   0: 0x8000958a (0x0000bfe5) c.j     pc - 8
core   0: 3 0x8000958a (0xbfe5)
core   0: 0x80009582 (0x00001f17) auipc   t5, 0x1
core   0: 3 0x80009582 (0x00001f17) x30 0x8000a582
core   0: 0x80009586 (0xa63f2f23) sw      gp, -1410(t5)
core   0: 3 0x80009586 (0xa63f2f23) mem 0x8000a000 0x00000001
core   0: 0x8000958a (0x0000bfe5) c.j     pc - 8
core   0: 3 0x8000958a (0xbfe5)
core   0: 0x80009582 (0x00001f17) auipc   t5, 0x1
core   0: 3 0x80009582 (0x00001f17) x30 0x8000a582
core   0: 0x80009586 (0xa63f2f23) sw      gp, -1410(t5)
core   0: 3 0x80009586 (0xa63f2f23) mem 0x8000a000 0x00000001
core   0: 0x8000958a (0x0000bfe5) c.j     pc - 8
core   0: 3 0x8000958a (0xbfe5)
core   0: 0x80009582 (0x00001f17) auipc   t5, 0x1
core   0: 3 0x80009582 (0x00001f17) x30 0x8000a582
core   0: 0x80009586 (0xa63f2f23) sw      gp, -1410(t5)
core   0: 3 0x80009586 (0xa63f2f23) mem 0x8000a000 0x00000001
core   0: 0x8000958a (0x0000bfe5) c.j     pc - 8
core   0: 3 0x8000958a (0xbfe5)
core   0: 0x80009582 (0x00001f17) auipc   t5, 0x1
core   0: 3 0x80009582 (0x00001f17) x30 0x8000a582
core   0: 0x80009586 (0xa63f2f23) sw      gp, -1410(t5)
core   0: 3 0x80009586 (0xa63f2f23) mem 0x8000a000 0x00000001
core   0: 0x8000958a (0x0000bfe5) c.j     pc - 8
core   0: 3 0x8000958a (0xbfe5)
core   0: 0x80009582 (0x00001f17) auipc   t5, 0x1
core   0: 3 0x80009582 (0x00001f17) x30 0x8000a582
core   0: 0x80009586 (0xa63f2f23) sw      gp, -1410(t5)
core   0: 3 0x80009586 (0xa63f2f23) mem 0x8000a000 0x00000001
core   0: 0x8000958a (0x0000bfe5) c.j     pc - 8
core   0: 3 0x8000958a (0xbfe5)
core   0: 0x80009582 (0x00001f17) auipc   t5, 0x1
core   0: 3 0x80009582 (0x00001f17) x30 0x8000a582
core   0: 0x80009586 (0xa63f2f23) sw      gp, -1410(t5)
core   0: 3 0x80009586 (0xa63f2f23) mem 0x8000a000 0x00000001
core   0: 0x8000958a (0x0000bfe5) c.j     pc - 8
core   0: 3 0x8000958a (0xbfe5)
core   0: 0x80009582 (0x00001f17) auipc   t5, 0x1
core   0: 3 0x80009582 (0x00001f17) x30 0x8000a582
core   0: 0x80009586 (0xa63f2f23) sw      gp, -1410(t5)
core   0: 3 0x80009586 (0xa63f2f23) mem 0x8000a000 0x00000001
core   0: 0x8000958a (0x0000bfe5) c.j     pc - 8
core   0: 3 0x8000958a (0xbfe5)
core   0: 0x80009582 (0x00001f17) auipc   t5, 0x1
core   0: 3 0x80009582 (0x00001f17) x30 0x8000a582
core   0: 0x80009586 (0xa63f2f23) sw      gp, -1410(t5)
core   0: 3 0x80009586 (0xa63f2f23) mem 0x8000a000 0x00000001
core   0: 0x8000958a (0x0000bfe5) c.j     pc - 8
core   0: 3 0x8000958a (0xbfe5)
core   0: 0x80009582 (0x00001f17) auipc   t5, 0x1
core   0: 3 0x80009582 (0x00001f17) x30 0x8000a582
core   0: 0x80009586 (0xa63f2f23) sw      gp, -1410(t5)
core   0: 3 0x80009586 (0xa63f2f23) mem 0x8000a000 0x00000001
core   0: 0x8000958a (0x0000bfe5) c.j     pc - 8
core   0: 3 0x8000958a (0xbfe5)
core   0: 0x80009582 (0x00001f17) auipc   t5, 0x1
core   0: 3 0x80009582 (0x00001f17) x30 0x8000a582
core   0: 0x80009586 (0xa63f2f23) sw      gp, -1410(t5)
core   0: 3 0x80009586 (0xa63f2f23) mem 0x8000a000 0x00000001
core   0: 0x8000958a (0x0000bfe5) c.j     pc - 8
core   0: 3 0x8000958a (0xbfe5)
core   0: 0x80009582 (0x00001f17) auipc   t5, 0x1
core   0: 3 0x80009582 (0x00001f17) x30 0x8000a582
core   0: 0x80009586 (0xa63f2f23) sw      gp, -1410(t5)
core   0: 3 0x80009586 (0xa63f2f23) mem 0x8000a000 0x00000001
core   0: 0x8000958a (0x0000bfe5) c.j     pc - 8
core   0: 3 0x8000958a (0xbfe5)
core   0: 0x80009582 (0x00001f17) auipc   t5, 0x1
core   0: 3 0x80009582 (0x00001f17) x30 0x8000a582
core   0: 0x80009586 (0xa63f2f23) sw      gp, -1410(t5)
core   0: 3 0x80009586 (0xa63f2f23) mem 0x8000a000 0x00000001
core   0: 0x8000958a (0x0000bfe5) c.j     pc - 8
core   0: 3 0x8000958a (0xbfe5)
core   0: 0x80009582 (0x00001f17) auipc   t5, 0x1
core   0: 3 0x80009582 (0x00001f17) x30 0x8000a582
core   0: 0x80009586 (0xa63f2f23) sw      gp, -1410(t5)
core   0: 3 0x80009586 (0xa63f2f23) mem 0x8000a000 0x00000001
core   0: 0x8000958a (0x0000bfe5) c.j     pc - 8
core   0: 3 0x8000958a (0xbfe5)
core   0: 0x80009582 (0x00001f17) auipc   t5, 0x1
core   0: 3 0x80009582 (0x00001f17) x30 0x8000a582
core   0: 0x80009586 (0xa63f2f23) sw      gp, -1410(t5)
core   0: 3 0x80009586 (0xa63f2f23) mem 0x8000a000 0x00000001
core   0: 0x8000958a (0x0000bfe5) c.j     pc - 8
core   0: 3 0x8000958a (0xbfe5)
core   0: 0x80009582 (0x00001f17) auipc   t5, 0x1
core   0: 3 0x80009582 (0x00001f17) x30 0x8000a582
core   0: 0x80009586 (0xa63f2f23) sw      gp, -1410(t5)
core   0: 3 0x80009586 (0xa63f2f23) mem 0x8000a000 0x00000001
core   0: 0x8000958a (0x0000bfe5) c.j     pc - 8
core   0: 3 0x8000958a (0xbfe5)
core   0: 0x80009582 (0x00001f17) auipc   t5, 0x1
core   0: 3 0x80009582 (0x00001f17) x30 0x8000a582
core   0: 0x80009586 (0xa63f2f23) sw      gp, -1410(t5)
core   0: 3 0x80009586 (0xa63f2f23) mem 0x8000a000 0x00000001
core   0: 0x8000958a (0x0000bfe5) c.j     pc - 8
core   0: 3 0x8000958a (0xbfe5)
core   0: 0x80009582 (0x00001f17) auipc   t5, 0x1
core   0: 3 0x80009582 (0x00001f17) x30 0x8000a582
core   0: 0x80009586 (0xa63f2f23) sw      gp, -1410(t5)
core   0: 3 0x80009586 (0xa63f2f23) mem 0x8000a000 0x00000001
core   0: 0x8000958a (0x0000bfe5) c.j     pc - 8
core   0: 3 0x8000958a (0xbfe5)
core   0: 0x80009582 (0x00001f17) auipc   t5, 0x1
core   0: 3 0x80009582 (0x00001f17) x30 0x8000a582
core   0: 0x80009586 (0xa63f2f23) sw      gp, -1410(t5)
core   0: 3 0x80009586 (0xa63f2f23) mem 0x8000a000 0x00000001
core   0: 0x8000958a (0x0000bfe5) c.j     pc - 8
core   0: 3 0x8000958a (0xbfe5)
core   0: 0x80009582 (0x00001f17) auipc   t5, 0x1
core   0: 3 0x80009582 (0x00001f17) x30 0x8000a582
core   0: 0x80009586 (0xa63f2f23) sw      gp, -1410(t5)
core   0: 3 0x80009586 (0xa63f2f23) mem 0x8000a000 0x00000001
core   0: 0x8000958a (0x0000bfe5) c.j     pc - 8
core   0: 3 0x8000958a (0xbfe5)
core   0: 0x80009582 (0x00001f17) auipc   t5, 0x1
core   0: 3 0x80009582 (0x00001f17) x30 0x8000a582
core   0: 0x80009586 (0xa63f2f23) sw      gp, -1410(t5)
core   0: 3 0x80009586 (0xa63f2f23) mem 0x8000a000 0x00000001
core   0: 0x8000958a (0x0000bfe5) c.j     pc - 8
core   0: 3 0x8000958a (0xbfe5)
core   0: 0x80009582 (0x00001f17) auipc   t5, 0x1
core   0: 3 0x80009582 (0x00001f17) x30 0x8000a582
core   0: 0x80009586 (0xa63f2f23) sw      gp, -1410(t5)
core   0: 3 0x80009586 (0xa63f2f23) mem 0x8000a000 0x00000001
core   0: 0x8000958a (0x0000bfe5) c.j     pc - 8
core   0: 3 0x8000958a (0xbfe5)
core   0: 0x80009582 (0x00001f17) auipc   t5, 0x1
core   0: 3 0x80009582 (0x00001f17) x30 0x8000a582
core   0: 0x80009586 (0xa63f2f23) sw      gp, -1410(t5)
core   0: 3 0x80009586 (0xa63f2f23) mem 0x8000a000 0x00000001
core   0: 0x8000958a (0x0000bfe5) c.j     pc - 8
core   0: 3 0x8000958a (0xbfe5)
core   0: 0x80009582 (0x00001f17) auipc   t5, 0x1
core   0: 3 0x80009582 (0x00001f17) x30 0x8000a582
core   0: 0x80009586 (0xa63f2f23) sw      gp, -1410(t5)
core   0: 3 0x80009586 (0xa63f2f23) mem 0x8000a000 0x00000001
core   0: 0x8000958a (0x0000bfe5) c.j     pc - 8
core   0: 3 0x8000958a (0xbfe5)
core   0: 0x80009582 (0x00001f17) auipc   t5, 0x1
core   0: 3 0x80009582 (0x00001f17) x30 0x8000a582
core   0: 0x80009586 (0xa63f2f23) sw      gp, -1410(t5)
core   0: 3 0x80009586 (0xa63f2f23) mem 0x8000a000 0x00000001
core   0: 0x8000958a (0x0000bfe5) c.j     pc - 8
core   0: 3 0x8000958a (0xbfe5)
core   0: 0x80009582 (0x00001f17) auipc   t5, 0x1
core   0: 3 0x80009582 (0x00001f17) x30 0x8000a582
core   0: 0x80009586 (0xa63f2f23) sw      gp, -1410(t5)
core   0: 3 0x80009586 (0xa63f2f23) mem 0x8000a000 0x00000001
core   0: 0x8000958a (0x0000bfe5) c.j     pc - 8
core   0: 3 0x8000958a (0xbfe5)
core   0: 0x80009582 (0x00001f17) auipc   t5, 0x1
core   0: 3 0x80009582 (0x00001f17) x30 0x8000a582
core   0: 0x80009586 (0xa63f2f23) sw      gp, -1410(t5)
core   0: 3 0x80009586 (0xa63f2f23) mem 0x8000a000 0x00000001
core   0: 0x8000958a (0x0000bfe5) c.j     pc - 8
core   0: 3 0x8000958a (0xbfe5)
core   0: 0x80009582 (0x00001f17) auipc   t5, 0x1
core   0: 3 0x80009582 (0x00001f17) x30 0x8000a582
core   0: 0x80009586 (0xa63f2f23) sw      gp, -1410(t5)
core   0: 3 0x80009586 (0xa63f2f23) mem 0x8000a000 0x00000001
core   0: 0x8000958a (0x0000bfe5) c.j     pc - 8
core   0: 3 0x8000958a (0xbfe5)
core   0: 0x80009582 (0x00001f17) auipc   t5, 0x1
core   0: 3 0x80009582 (0x00001f17) x30 0x8000a582
core   0: 0x80009586 (0xa63f2f23) sw      gp, -1410(t5)
core   0: 3 0x80009586 (0xa63f2f23) mem 0x8000a000 0x00000001
core   0: 0x8000958a (0x0000bfe5) c.j     pc - 8
core   0: 3 0x8000958a (0xbfe5)
core   0: 0x80009582 (0x00001f17) auipc   t5, 0x1
core   0: 3 0x80009582 (0x00001f17) x30 0x8000a582
core   0: 0x80009586 (0xa63f2f23) sw      gp, -1410(t5)
core   0: 3 0x80009586 (0xa63f2f23) mem 0x8000a000 0x00000001
core   0: 0x8000958a (0x0000bfe5) c.j     pc - 8
core   0: 3 0x8000958a (0xbfe5)
core   0: 0x80009582 (0x00001f17) auipc   t5, 0x1
core   0: 3 0x80009582 (0x00001f17) x30 0x8000a582
core   0: 0x80009586 (0xa63f2f23) sw      gp, -1410(t5)
core   0: 3 0x80009586 (0xa63f2f23) mem 0x8000a000 0x00000001
core   0: 0x8000958a (0x0000bfe5) c.j     pc - 8
core   0: 3 0x8000958a (0xbfe5)
core   0: 0x80009582 (0x00001f17) auipc   t5, 0x1
core   0: 3 0x80009582 (0x00001f17) x30 0x8000a582
core   0: 0x80009586 (0xa63f2f23) sw      gp, -1410(t5)
core   0: 3 0x80009586 (0xa63f2f23) mem 0x8000a000 0x00000001
core   0: 0x8000958a (0x0000bfe5) c.j     pc - 8
core   0: 3 0x8000958a (0xbfe5)
core   0: 0x80009582 (0x00001f17) auipc   t5, 0x1
core   0: 3 0x80009582 (0x00001f17) x30 0x8000a582
core   0: 0x80009586 (0xa63f2f23) sw      gp, -1410(t5)
core   0: 3 0x80009586 (0xa63f2f23) mem 0x8000a000 0x00000001
core   0: 0x8000958a (0x0000bfe5) c.j     pc - 8
core   0: 3 0x8000958a (0xbfe5)
core   0: 0x80009582 (0x00001f17) auipc   t5, 0x1
core   0: 3 0x80009582 (0x00001f17) x30 0x8000a582
core   0: 0x80009586 (0xa63f2f23) sw      gp, -1410(t5)
core   0: 3 0x80009586 (0xa63f2f23) mem 0x8000a000 0x00000001
core   0: 0x8000958a (0x0000bfe5) c.j     pc - 8
core   0: 3 0x8000958a (0xbfe5)
core   0: 0x80009582 (0x00001f17) auipc   t5, 0x1
core   0: 3 0x80009582 (0x00001f17) x30 0x8000a582
core   0: 0x80009586 (0xa63f2f23) sw      gp, -1410(t5)
core   0: 3 0x80009586 (0xa63f2f23) mem 0x8000a000 0x00000001
core   0: 0x8000958a (0x0000bfe5) c.j     pc - 8
core   0: 3 0x8000958a (0xbfe5)
core   0: 0x80009582 (0x00001f17) auipc   t5, 0x1
core   0: 3 0x80009582 (0x00001f17) x30 0x8000a582
core   0: 0x80009586 (0xa63f2f23) sw      gp, -1410(t5)
core   0: 3 0x80009586 (0xa63f2f23) mem 0x8000a000 0x00000001
core   0: 0x8000958a (0x0000bfe5) c.j     pc - 8
core   0: 3 0x8000958a (0xbfe5)
core   0: 0x80009582 (0x00001f17) auipc   t5, 0x1
core   0: 3 0x80009582 (0x00001f17) x30 0x8000a582
core   0: 0x80009586 (0xa63f2f23) sw      gp, -1410(t5)
core   0: 3 0x80009586 (0xa63f2f23) mem 0x8000a000 0x00000001
core   0: 0x8000958a (0x0000bfe5) c.j     pc - 8
core   0: 3 0x8000958a (0xbfe5)
core   0: 0x80009582 (0x00001f17) auipc   t5, 0x1
core   0: 3 0x80009582 (0x00001f17) x30 0x8000a582
core   0: 0x80009586 (0xa63f2f23) sw      gp, -1410(t5)
core   0: 3 0x80009586 (0xa63f2f23) mem 0x8000a000 0x00000001
core   0: 0x8000958a (0x0000bfe5) c.j     pc - 8
core   0: 3 0x8000958a (0xbfe5)
core   0: 0x80009582 (0x00001f17) auipc   t5, 0x1
core   0: 3 0x80009582 (0x00001f17) x30 0x8000a582
core   0: 0x80009586 (0xa63f2f23) sw      gp, -1410(t5)
core   0: 3 0x80009586 (0xa63f2f23) mem 0x8000a000 0x00000001
core   0: 0x8000958a (0x0000bfe5) c.j     pc - 8
core   0: 3 0x8000958a (0xbfe5)
core   0: 0x80009582 (0x00001f17) auipc   t5, 0x1
core   0: 3 0x80009582 (0x00001f17) x30 0x8000a582
core   0: 0x80009586 (0xa63f2f23) sw      gp, -1410(t5)
core   0: 3 0x80009586 (0xa63f2f23) mem 0x8000a000 0x00000001
core   0: 0x8000958a (0x0000bfe5) c.j     pc - 8
core   0: 3 0x8000958a (0xbfe5)
core   0: 0x80009582 (0x00001f17) auipc   t5, 0x1
core   0: 3 0x80009582 (0x00001f17) x30 0x8000a582
core   0: 0x80009586 (0xa63f2f23) sw      gp, -1410(t5)
core   0: 3 0x80009586 (0xa63f2f23) mem 0x8000a000 0x00000001
core   0: 0x8000958a (0x0000bfe5) c.j     pc - 8
core   0: 3 0x8000958a (0xbfe5)
core   0: 0x80009582 (0x00001f17) auipc   t5, 0x1
core   0: 3 0x80009582 (0x00001f17) x30 0x8000a582
core   0: 0x80009586 (0xa63f2f23) sw      gp, -1410(t5)
core   0: 3 0x80009586 (0xa63f2f23) mem 0x8000a000 0x00000001
core   0: 0x8000958a (0x0000bfe5) c.j     pc - 8
core   0: 3 0x8000958a (0xbfe5)
core   0: 0x80009582 (0x00001f17) auipc   t5, 0x1
core   0: 3 0x80009582 (0x00001f17) x30 0x8000a582
core   0: 0x80009586 (0xa63f2f23) sw      gp, -1410(t5)
core   0: 3 0x80009586 (0xa63f2f23) mem 0x8000a000 0x00000001
core   0: 0x8000958a (0x0000bfe5) c.j     pc - 8
core   0: 3 0x8000958a (0xbfe5)
core   0: 0x80009582 (0x00001f17) auipc   t5, 0x1
core   0: 3 0x80009582 (0x00001f17) x30 0x8000a582
core   0: 0x80009586 (0xa63f2f23) sw      gp, -1410(t5)
core   0: 3 0x80009586 (0xa63f2f23) mem 0x8000a000 0x00000001
core   0: 0x8000958a (0x0000bfe5) c.j     pc - 8
core   0: 3 0x8000958a (0xbfe5)
core   0: 0x80009582 (0x00001f17) auipc   t5, 0x1
core   0: 3 0x80009582 (0x00001f17) x30 0x8000a582
core   0: 0x80009586 (0xa63f2f23) sw      gp, -1410(t5)
core   0: 3 0x80009586 (0xa63f2f23) mem 0x8000a000 0x00000001
core   0: 0x8000958a (0x0000bfe5) c.j     pc - 8
core   0: 3 0x8000958a (0xbfe5)
core   0: 0x80009582 (0x00001f17) auipc   t5, 0x1
core   0: 3 0x80009582 (0x00001f17) x30 0x8000a582
core   0: 0x80009586 (0xa63f2f23) sw      gp, -1410(t5)
core   0: 3 0x80009586 (0xa63f2f23) mem 0x8000a000 0x00000001
core   0: 0x8000958a (0x0000bfe5) c.j     pc - 8
core   0: 3 0x8000958a (0xbfe5)
core   0: 0x80009582 (0x00001f17) auipc   t5, 0x1
core   0: 3 0x80009582 (0x00001f17) x30 0x8000a582
core   0: 0x80009586 (0xa63f2f23) sw      gp, -1410(t5)
core   0: 3 0x80009586 (0xa63f2f23) mem 0x8000a000 0x00000001
core   0: 0x8000958a (0x0000bfe5) c.j     pc - 8
core   0: 3 0x8000958a (0xbfe5)
core   0: 0x80009582 (0x00001f17) auipc   t5, 0x1
core   0: 3 0x80009582 (0x00001f17) x30 0x8000a582
core   0: 0x80009586 (0xa63f2f23) sw      gp, -1410(t5)
core   0: 3 0x80009586 (0xa63f2f23) mem 0x8000a000 0x00000001
core   0: 0x8000958a (0x0000bfe5) c.j     pc - 8
core   0: 3 0x8000958a (0xbfe5)
core   0: 0x80009582 (0x00001f17) auipc   t5, 0x1
core   0: 3 0x80009582 (0x00001f17) x30 0x8000a582
core   0: 0x80009586 (0xa63f2f23) sw      gp, -1410(t5)
core   0: 3 0x80009586 (0xa63f2f23) mem 0x8000a000 0x00000001
core   0: 0x8000958a (0x0000bfe5) c.j     pc - 8
core   0: 3 0x8000958a (0xbfe5)
core   0: 0x80009582 (0x00001f17) auipc   t5, 0x1
core   0: 3 0x80009582 (0x00001f17) x30 0x8000a582
core   0: 0x80009586 (0xa63f2f23) sw      gp, -1410(t5)
core   0: 3 0x80009586 (0xa63f2f23) mem 0x8000a000 0x00000001
core   0: 0x8000958a (0x0000bfe5) c.j     pc - 8
core   0: 3 0x8000958a (0xbfe5)
core   0: 0x80009582 (0x00001f17) auipc   t5, 0x1
core   0: 3 0x80009582 (0x00001f17) x30 0x8000a582
core   0: 0x80009586 (0xa63f2f23) sw      gp, -1410(t5)
core   0: 3 0x80009586 (0xa63f2f23) mem 0x8000a000 0x00000001
core   0: 0x8000958a (0x0000bfe5) c.j     pc - 8
core   0: 3 0x8000958a (0xbfe5)
core   0: 0x80009582 (0x00001f17) auipc   t5, 0x1
core   0: 3 0x80009582 (0x00001f17) x30 0x8000a582
core   0: 0x80009586 (0xa63f2f23) sw      gp, -1410(t5)
core   0: 3 0x80009586 (0xa63f2f23) mem 0x8000a000 0x00000001
core   0: 0x8000958a (0x0000bfe5) c.j     pc - 8
core   0: 3 0x8000958a (0xbfe5)
core   0: 0x80009582 (0x00001f17) auipc   t5, 0x1
core   0: 3 0x80009582 (0x00001f17) x30 0x8000a582
core   0: 0x80009586 (0xa63f2f23) sw      gp, -1410(t5)
core   0: 3 0x80009586 (0xa63f2f23) mem 0x8000a000 0x00000001
core   0: 0x8000958a (0x0000bfe5) c.j     pc - 8
core   0: 3 0x8000958a (0xbfe5)
core   0: 0x80009582 (0x00001f17) auipc   t5, 0x1
core   0: 3 0x80009582 (0x00001f17) x30 0x8000a582
core   0: 0x80009586 (0xa63f2f23) sw      gp, -1410(t5)
core   0: 3 0x80009586 (0xa63f2f23) mem 0x8000a000 0x00000001
core   0: 0x8000958a (0x0000bfe5) c.j     pc - 8
core   0: 3 0x8000958a (0xbfe5)
core   0: 0x80009582 (0x00001f17) auipc   t5, 0x1
core   0: 3 0x80009582 (0x00001f17) x30 0x8000a582
core   0: 0x80009586 (0xa63f2f23) sw      gp, -1410(t5)
core   0: 3 0x80009586 (0xa63f2f23) mem 0x8000a000 0x00000001
core   0: 0x8000958a (0x0000bfe5) c.j     pc - 8
core   0: 3 0x8000958a (0xbfe5)
core   0: 0x80009582 (0x00001f17) auipc   t5, 0x1
core   0: 3 0x80009582 (0x00001f17) x30 0x8000a582
core   0: 0x80009586 (0xa63f2f23) sw      gp, -1410(t5)
core   0: 3 0x80009586 (0xa63f2f23) mem 0x8000a000 0x00000001
core   0: 0x8000958a (0x0000bfe5) c.j     pc - 8
core   0: 3 0x8000958a (0xbfe5)
core   0: 0x80009582 (0x00001f17) auipc   t5, 0x1
core   0: 3 0x80009582 (0x00001f17) x30 0x8000a582
core   0: 0x80009586 (0xa63f2f23) sw      gp, -1410(t5)
core   0: 3 0x80009586 (0xa63f2f23) mem 0x8000a000 0x00000001
core   0: 0x8000958a (0x0000bfe5) c.j     pc - 8
core   0: 3 0x8000958a (0xbfe5)
core   0: 0x80009582 (0x00001f17) auipc   t5, 0x1
core   0: 3 0x80009582 (0x00001f17) x30 0x8000a582
core   0: 0x80009586 (0xa63f2f23) sw      gp, -1410(t5)
core   0: 3 0x80009586 (0xa63f2f23) mem 0x8000a000 0x00000001
core   0: 0x8000958a (0x0000bfe5) c.j     pc - 8
core   0: 3 0x8000958a (0xbfe5)
core   0: 0x80009582 (0x00001f17) auipc   t5, 0x1
core   0: 3 0x80009582 (0x00001f17) x30 0x8000a582
core   0: 0x80009586 (0xa63f2f23) sw      gp, -1410(t5)
core   0: 3 0x80009586 (0xa63f2f23) mem 0x8000a000 0x00000001
core   0: 0x8000958a (0x0000bfe5) c.j     pc - 8
core   0: 3 0x8000958a (0xbfe5)
core   0: 0x80009582 (0x00001f17) auipc   t5, 0x1
core   0: 3 0x80009582 (0x00001f17) x30 0x8000a582
core   0: 0x80009586 (0xa63f2f23) sw      gp, -1410(t5)
core   0: 3 0x80009586 (0xa63f2f23) mem 0x8000a000 0x00000001
core   0: 0x8000958a (0x0000bfe5) c.j     pc - 8
core   0: 3 0x8000958a (0xbfe5)
core   0: 0x80009582 (0x00001f17) auipc   t5, 0x1
core   0: 3 0x80009582 (0x00001f17) x30 0x8000a582
core   0: 0x80009586 (0xa63f2f23) sw      gp, -1410(t5)
core   0: 3 0x80009586 (0xa63f2f23) mem 0x8000a000 0x00000001
core   0: 0x8000958a (0x0000bfe5) c.j     pc - 8
core   0: 3 0x8000958a (0xbfe5)
core   0: 0x80009582 (0x00001f17) auipc   t5, 0x1
core   0: 3 0x80009582 (0x00001f17) x30 0x8000a582
core   0: 0x80009586 (0xa63f2f23) sw      gp, -1410(t5)
core   0: 3 0x80009586 (0xa63f2f23) mem 0x8000a000 0x00000001
core   0: 0x8000958a (0x0000bfe5) c.j     pc - 8
core   0: 3 0x8000958a (0xbfe5)
core   0: 0x80009582 (0x00001f17) auipc   t5, 0x1
core   0: 3 0x80009582 (0x00001f17) x30 0x8000a582
core   0: 0x80009586 (0xa63f2f23) sw      gp, -1410(t5)
core   0: 3 0x80009586 (0xa63f2f23) mem 0x8000a000 0x00000001
core   0: 0x8000958a (0x0000bfe5) c.j     pc - 8
core   0: 3 0x8000958a (0xbfe5)
core   0: 0x80009582 (0x00001f17) auipc   t5, 0x1
core   0: 3 0x80009582 (0x00001f17) x30 0x8000a582
core   0: 0x80009586 (0xa63f2f23) sw      gp, -1410(t5)
core   0: 3 0x80009586 (0xa63f2f23) mem 0x8000a000 0x00000001
core   0: 0x8000958a (0x0000bfe5) c.j     pc - 8
core   0: 3 0x8000958a (0xbfe5)
core   0: 0x80009582 (0x00001f17) auipc   t5, 0x1
core   0: 3 0x80009582 (0x00001f17) x30 0x8000a582
core   0: 0x80009586 (0xa63f2f23) sw      gp, -1410(t5)
core   0: 3 0x80009586 (0xa63f2f23) mem 0x8000a000 0x00000001
core   0: 0x8000958a (0x0000bfe5) c.j     pc - 8
core   0: 3 0x8000958a (0xbfe5)
core   0: 0x80009582 (0x00001f17) auipc   t5, 0x1
core   0: 3 0x80009582 (0x00001f17) x30 0x8000a582
core   0: 0x80009586 (0xa63f2f23) sw      gp, -1410(t5)
core   0: 3 0x80009586 (0xa63f2f23) mem 0x8000a000 0x00000001
core   0: 0x8000958a (0x0000bfe5) c.j     pc - 8
core   0: 3 0x8000958a (0xbfe5)
core   0: 0x80009582 (0x00001f17) auipc   t5, 0x1
core   0: 3 0x80009582 (0x00001f17) x30 0x8000a582
core   0: 0x80009586 (0xa63f2f23) sw      gp, -1410(t5)
core   0: 3 0x80009586 (0xa63f2f23) mem 0x8000a000 0x00000001
core   0: 0x8000958a (0x0000bfe5) c.j     pc - 8
core   0: 3 0x8000958a (0xbfe5)
core   0: 0x80009582 (0x00001f17) auipc   t5, 0x1
core   0: 3 0x80009582 (0x00001f17) x30 0x8000a582
core   0: 0x80009586 (0xa63f2f23) sw      gp, -1410(t5)
core   0: 3 0x80009586 (0xa63f2f23) mem 0x8000a000 0x00000001
core   0: 0x8000958a (0x0000bfe5) c.j     pc - 8
core   0: 3 0x8000958a (0xbfe5)
core   0: 0x80009582 (0x00001f17) auipc   t5, 0x1
core   0: 3 0x80009582 (0x00001f17) x30 0x8000a582
core   0: 0x80009586 (0xa63f2f23) sw      gp, -1410(t5)
core   0: 3 0x80009586 (0xa63f2f23) mem 0x8000a000 0x00000001
core   0: 0x8000958a (0x0000bfe5) c.j     pc - 8
core   0: 3 0x8000958a (0xbfe5)
core   0: 0x80009582 (0x00001f17) auipc   t5, 0x1
core   0: 3 0x80009582 (0x00001f17) x30 0x8000a582
core   0: 0x80009586 (0xa63f2f23) sw      gp, -1410(t5)
core   0: 3 0x80009586 (0xa63f2f23) mem 0x8000a000 0x00000001
core   0: 0x8000958a (0x0000bfe5) c.j     pc - 8
core   0: 3 0x8000958a (0xbfe5)
core   0: 0x80009582 (0x00001f17) auipc   t5, 0x1
core   0: 3 0x80009582 (0x00001f17) x30 0x8000a582
core   0: 0x80009586 (0xa63f2f23) sw      gp, -1410(t5)
core   0: 3 0x80009586 (0xa63f2f23) mem 0x8000a000 0x00000001
core   0: 0x8000958a (0x0000bfe5) c.j     pc - 8
core   0: 3 0x8000958a (0xbfe5)
core   0: 0x80009582 (0x00001f17) auipc   t5, 0x1
core   0: 3 0x80009582 (0x00001f17) x30 0x8000a582
core   0: 0x80009586 (0xa63f2f23) sw      gp, -1410(t5)
core   0: 3 0x80009586 (0xa63f2f23) mem 0x8000a000 0x00000001
core   0: 0x8000958a (0x0000bfe5) c.j     pc - 8
core   0: 3 0x8000958a (0xbfe5)
core   0: 0x80009582 (0x00001f17) auipc   t5, 0x1
core   0: 3 0x80009582 (0x00001f17) x30 0x8000a582
core   0: 0x80009586 (0xa63f2f23) sw      gp, -1410(t5)
core   0: 3 0x80009586 (0xa63f2f23) mem 0x8000a000 0x00000001
core   0: 0x8000958a (0x0000bfe5) c.j     pc - 8
core   0: 3 0x8000958a (0xbfe5)
core   0: 0x80009582 (0x00001f17) auipc   t5, 0x1
core   0: 3 0x80009582 (0x00001f17) x30 0x8000a582
core   0: 0x80009586 (0xa63f2f23) sw      gp, -1410(t5)
core   0: 3 0x80009586 (0xa63f2f23) mem 0x8000a000 0x00000001
core   0: 0x8000958a (0x0000bfe5) c.j     pc - 8
core   0: 3 0x8000958a (0xbfe5)
core   0: 0x80009582 (0x00001f17) auipc   t5, 0x1
core   0: 3 0x80009582 (0x00001f17) x30 0x8000a582
core   0: 0x80009586 (0xa63f2f23) sw      gp, -1410(t5)
core   0: 3 0x80009586 (0xa63f2f23) mem 0x8000a000 0x00000001
core   0: 0x8000958a (0x0000bfe5) c.j     pc - 8
core   0: 3 0x8000958a (0xbfe5)
core   0: 0x80009582 (0x00001f17) auipc   t5, 0x1
core   0: 3 0x80009582 (0x00001f17) x30 0x8000a582
core   0: 0x80009586 (0xa63f2f23) sw      gp, -1410(t5)
core   0: 3 0x80009586 (0xa63f2f23) mem 0x8000a000 0x00000001
core   0: 0x8000958a (0x0000bfe5) c.j     pc - 8
core   0: 3 0x8000958a (0xbfe5)
core   0: 0x80009582 (0x00001f17) auipc   t5, 0x1
core   0: 3 0x80009582 (0x00001f17) x30 0x8000a582
core   0: 0x80009586 (0xa63f2f23) sw      gp, -1410(t5)
core   0: 3 0x80009586 (0xa63f2f23) mem 0x8000a000 0x00000001
core   0: 0x8000958a (0x0000bfe5) c.j     pc - 8
core   0: 3 0x8000958a (0xbfe5)
core   0: 0x80009582 (0x00001f17) auipc   t5, 0x1
core   0: 3 0x80009582 (0x00001f17) x30 0x8000a582
core   0: 0x80009586 (0xa63f2f23) sw      gp, -1410(t5)
core   0: 3 0x80009586 (0xa63f2f23) mem 0x8000a000 0x00000001
core   0: 0x8000958a (0x0000bfe5) c.j     pc - 8
core   0: 3 0x8000958a (0xbfe5)
core   0: 0x80009582 (0x00001f17) auipc   t5, 0x1
core   0: 3 0x80009582 (0x00001f17) x30 0x8000a582
core   0: 0x80009586 (0xa63f2f23) sw      gp, -1410(t5)
core   0: 3 0x80009586 (0xa63f2f23) mem 0x8000a000 0x00000001
core   0: 0x8000958a (0x0000bfe5) c.j     pc - 8
core   0: 3 0x8000958a (0xbfe5)
core   0: 0x80009582 (0x00001f17) auipc   t5, 0x1
core   0: 3 0x80009582 (0x00001f17) x30 0x8000a582
core   0: 0x80009586 (0xa63f2f23) sw      gp, -1410(t5)
core   0: 3 0x80009586 (0xa63f2f23) mem 0x8000a000 0x00000001
core   0: 0x8000958a (0x0000bfe5) c.j     pc - 8
core   0: 3 0x8000958a (0xbfe5)
core   0: 0x80009582 (0x00001f17) auipc   t5, 0x1
core   0: 3 0x80009582 (0x00001f17) x30 0x8000a582
core   0: 0x80009586 (0xa63f2f23) sw      gp, -1410(t5)
core   0: 3 0x80009586 (0xa63f2f23) mem 0x8000a000 0x00000001
core   0: 0x8000958a (0x0000bfe5) c.j     pc - 8
core   0: 3 0x8000958a (0xbfe5)
core   0: 0x80009582 (0x00001f17) auipc   t5, 0x1
core   0: 3 0x80009582 (0x00001f17) x30 0x8000a582
core   0: 0x80009586 (0xa63f2f23) sw      gp, -1410(t5)
core   0: 3 0x80009586 (0xa63f2f23) mem 0x8000a000 0x00000001
core   0: 0x8000958a (0x0000bfe5) c.j     pc - 8
core   0: 3 0x8000958a (0xbfe5)
core   0: 0x80009582 (0x00001f17) auipc   t5, 0x1
core   0: 3 0x80009582 (0x00001f17) x30 0x8000a582
core   0: 0x80009586 (0xa63f2f23) sw      gp, -1410(t5)
core   0: 3 0x80009586 (0xa63f2f23) mem 0x8000a000 0x00000001
core   0: 0x8000958a (0x0000bfe5) c.j     pc - 8
core   0: 3 0x8000958a (0xbfe5)
core   0: 0x80009582 (0x00001f17) auipc   t5, 0x1
core   0: 3 0x80009582 (0x00001f17) x30 0x8000a582
core   0: 0x80009586 (0xa63f2f23) sw      gp, -1410(t5)
core   0: 3 0x80009586 (0xa63f2f23) mem 0x8000a000 0x00000001
core   0: 0x8000958a (0x0000bfe5) c.j     pc - 8
core   0: 3 0x8000958a (0xbfe5)
core   0: 0x80009582 (0x00001f17) auipc   t5, 0x1
core   0: 3 0x80009582 (0x00001f17) x30 0x8000a582
core   0: 0x80009586 (0xa63f2f23) sw      gp, -1410(t5)
core   0: 3 0x80009586 (0xa63f2f23) mem 0x8000a000 0x00000001
core   0: 0x8000958a (0x0000bfe5) c.j     pc - 8
core   0: 3 0x8000958a (0xbfe5)
core   0: 0x80009582 (0x00001f17) auipc   t5, 0x1
core   0: 3 0x80009582 (0x00001f17) x30 0x8000a582
core   0: 0x80009586 (0xa63f2f23) sw      gp, -1410(t5)
core   0: 3 0x80009586 (0xa63f2f23) mem 0x8000a000 0x00000001
core   0: 0x8000958a (0x0000bfe5) c.j     pc - 8
core   0: 3 0x8000958a (0xbfe5)
core   0: 0x80009582 (0x00001f17) auipc   t5, 0x1
core   0: 3 0x80009582 (0x00001f17) x30 0x8000a582
core   0: 0x80009586 (0xa63f2f23) sw      gp, -1410(t5)
core   0: 3 0x80009586 (0xa63f2f23) mem 0x8000a000 0x00000001
core   0: 0x8000958a (0x0000bfe5) c.j     pc - 8
core   0: 3 0x8000958a (0xbfe5)
core   0: 0x80009582 (0x00001f17) auipc   t5, 0x1
core   0: 3 0x80009582 (0x00001f17) x30 0x8000a582
core   0: 0x80009586 (0xa63f2f23) sw      gp, -1410(t5)
core   0: 3 0x80009586 (0xa63f2f23) mem 0x8000a000 0x00000001
core   0: 0x8000958a (0x0000bfe5) c.j     pc - 8
core   0: 3 0x8000958a (0xbfe5)
core   0: 0x80009582 (0x00001f17) auipc   t5, 0x1
core   0: 3 0x80009582 (0x00001f17) x30 0x8000a582
core   0: 0x80009586 (0xa63f2f23) sw      gp, -1410(t5)
core   0: 3 0x80009586 (0xa63f2f23) mem 0x8000a000 0x00000001
core   0: 0x8000958a (0x0000bfe5) c.j     pc - 8
core   0: 3 0x8000958a (0xbfe5)
core   0: 0x80009582 (0x00001f17) auipc   t5, 0x1
core   0: 3 0x80009582 (0x00001f17) x30 0x8000a582
core   0: 0x80009586 (0xa63f2f23) sw      gp, -1410(t5)
core   0: 3 0x80009586 (0xa63f2f23) mem 0x8000a000 0x00000001
core   0: 0x8000958a (0x0000bfe5) c.j     pc - 8
core   0: 3 0x8000958a (0xbfe5)
core   0: 0x80009582 (0x00001f17) auipc   t5, 0x1
core   0: 3 0x80009582 (0x00001f17) x30 0x8000a582
core   0: 0x80009586 (0xa63f2f23) sw      gp, -1410(t5)
core   0: 3 0x80009586 (0xa63f2f23) mem 0x8000a000 0x00000001
core   0: 0x8000958a (0x0000bfe5) c.j     pc - 8
core   0: 3 0x8000958a (0xbfe5)
core   0: 0x80009582 (0x00001f17) auipc   t5, 0x1
core   0: 3 0x80009582 (0x00001f17) x30 0x8000a582
core   0: 0x80009586 (0xa63f2f23) sw      gp, -1410(t5)
core   0: 3 0x80009586 (0xa63f2f23) mem 0x8000a000 0x00000001
core   0: 0x8000958a (0x0000bfe5) c.j     pc - 8
core   0: 3 0x8000958a (0xbfe5)
core   0: 0x80009582 (0x00001f17) auipc   t5, 0x1
core   0: 3 0x80009582 (0x00001f17) x30 0x8000a582
core   0: 0x80009586 (0xa63f2f23) sw      gp, -1410(t5)
core   0: 3 0x80009586 (0xa63f2f23) mem 0x8000a000 0x00000001
core   0: 0x8000958a (0x0000bfe5) c.j     pc - 8
core   0: 3 0x8000958a (0xbfe5)
core   0: 0x80009582 (0x00001f17) auipc   t5, 0x1
core   0: 3 0x80009582 (0x00001f17) x30 0x8000a582
core   0: 0x80009586 (0xa63f2f23) sw      gp, -1410(t5)
core   0: 3 0x80009586 (0xa63f2f23) mem 0x8000a000 0x00000001
core   0: 0x8000958a (0x0000bfe5) c.j     pc - 8
core   0: 3 0x8000958a (0xbfe5)
core   0: 0x80009582 (0x00001f17) auipc   t5, 0x1
core   0: 3 0x80009582 (0x00001f17) x30 0x8000a582
core   0: 0x80009586 (0xa63f2f23) sw      gp, -1410(t5)
core   0: 3 0x80009586 (0xa63f2f23) mem 0x8000a000 0x00000001
core   0: 0x8000958a (0x0000bfe5) c.j     pc - 8
core   0: 3 0x8000958a (0xbfe5)
core   0: 0x80009582 (0x00001f17) auipc   t5, 0x1
core   0: 3 0x80009582 (0x00001f17) x30 0x8000a582
core   0: 0x80009586 (0xa63f2f23) sw      gp, -1410(t5)
core   0: 3 0x80009586 (0xa63f2f23) mem 0x8000a000 0x00000001
core   0: 0x8000958a (0x0000bfe5) c.j     pc - 8
core   0: 3 0x8000958a (0xbfe5)
core   0: 0x80009582 (0x00001f17) auipc   t5, 0x1
core   0: 3 0x80009582 (0x00001f17) x30 0x8000a582
core   0: 0x80009586 (0xa63f2f23) sw      gp, -1410(t5)
core   0: 3 0x80009586 (0xa63f2f23) mem 0x8000a000 0x00000001
core   0: 0x8000958a (0x0000bfe5) c.j     pc - 8
core   0: 3 0x8000958a (0xbfe5)
core   0: 0x80009582 (0x00001f17) auipc   t5, 0x1
core   0: 3 0x80009582 (0x00001f17) x30 0x8000a582
core   0: 0x80009586 (0xa63f2f23) sw      gp, -1410(t5)
core   0: 3 0x80009586 (0xa63f2f23) mem 0x8000a000 0x00000001
core   0: 0x8000958a (0x0000bfe5) c.j     pc - 8
core   0: 3 0x8000958a (0xbfe5)
core   0: 0x80009582 (0x00001f17) auipc   t5, 0x1
core   0: 3 0x80009582 (0x00001f17) x30 0x8000a582
core   0: 0x80009586 (0xa63f2f23) sw      gp, -1410(t5)
core   0: 3 0x80009586 (0xa63f2f23) mem 0x8000a000 0x00000001
core   0: 0x8000958a (0x0000bfe5) c.j     pc - 8
core   0: 3 0x8000958a (0xbfe5)
core   0: 0x80009582 (0x00001f17) auipc   t5, 0x1
core   0: 3 0x80009582 (0x00001f17) x30 0x8000a582
core   0: 0x80009586 (0xa63f2f23) sw      gp, -1410(t5)
core   0: 3 0x80009586 (0xa63f2f23) mem 0x8000a000 0x00000001
core   0: 0x8000958a (0x0000bfe5) c.j     pc - 8
core   0: 3 0x8000958a (0xbfe5)
core   0: 0x80009582 (0x00001f17) auipc   t5, 0x1
core   0: 3 0x80009582 (0x00001f17) x30 0x8000a582
core   0: 0x80009586 (0xa63f2f23) sw      gp, -1410(t5)
core   0: 3 0x80009586 (0xa63f2f23) mem 0x8000a000 0x00000001
core   0: 0x8000958a (0x0000bfe5) c.j     pc - 8
core   0: 3 0x8000958a (0xbfe5)
core   0: 0x80009582 (0x00001f17) auipc   t5, 0x1
core   0: 3 0x80009582 (0x00001f17) x30 0x8000a582
core   0: 0x80009586 (0xa63f2f23) sw      gp, -1410(t5)
core   0: 3 0x80009586 (0xa63f2f23) mem 0x8000a000 0x00000001
core   0: 0x8000958a (0x0000bfe5) c.j     pc - 8
core   0: 3 0x8000958a (0xbfe5)
core   0: 0x80009582 (0x00001f17) auipc   t5, 0x1
core   0: 3 0x80009582 (0x00001f17) x30 0x8000a582
core   0: 0x80009586 (0xa63f2f23) sw      gp, -1410(t5)
core   0: 3 0x80009586 (0xa63f2f23) mem 0x8000a000 0x00000001
core   0: 0x8000958a (0x0000bfe5) c.j     pc - 8
core   0: 3 0x8000958a (0xbfe5)
core   0: 0x80009582 (0x00001f17) auipc   t5, 0x1
core   0: 3 0x80009582 (0x00001f17) x30 0x8000a582
core   0: 0x80009586 (0xa63f2f23) sw      gp, -1410(t5)
core   0: 3 0x80009586 (0xa63f2f23) mem 0x8000a000 0x00000001
core   0: 0x8000958a (0x0000bfe5) c.j     pc - 8
core   0: 3 0x8000958a (0xbfe5)
core   0: 0x80009582 (0x00001f17) auipc   t5, 0x1
core   0: 3 0x80009582 (0x00001f17) x30 0x8000a582
core   0: 0x80009586 (0xa63f2f23) sw      gp, -1410(t5)
core   0: 3 0x80009586 (0xa63f2f23) mem 0x8000a000 0x00000001
core   0: 0x8000958a (0x0000bfe5) c.j     pc - 8
core   0: 3 0x8000958a (0xbfe5)
core   0: 0x80009582 (0x00001f17) auipc   t5, 0x1
core   0: 3 0x80009582 (0x00001f17) x30 0x8000a582
core   0: 0x80009586 (0xa63f2f23) sw      gp, -1410(t5)
core   0: 3 0x80009586 (0xa63f2f23) mem 0x8000a000 0x00000001
core   0: 0x8000958a (0x0000bfe5) c.j     pc - 8
core   0: 3 0x8000958a (0xbfe5)
core   0: 0x80009582 (0x00001f17) auipc   t5, 0x1
core   0: 3 0x80009582 (0x00001f17) x30 0x8000a582
core   0: 0x80009586 (0xa63f2f23) sw      gp, -1410(t5)
core   0: 3 0x80009586 (0xa63f2f23) mem 0x8000a000 0x00000001
core   0: 0x8000958a (0x0000bfe5) c.j     pc - 8
core   0: 3 0x8000958a (0xbfe5)
core   0: 0x80009582 (0x00001f17) auipc   t5, 0x1
core   0: 3 0x80009582 (0x00001f17) x30 0x8000a582
core   0: 0x80009586 (0xa63f2f23) sw      gp, -1410(t5)
core   0: 3 0x80009586 (0xa63f2f23) mem 0x8000a000 0x00000001
core   0: 0x8000958a (0x0000bfe5) c.j     pc - 8
core   0: 3 0x8000958a (0xbfe5)
core   0: 0x80009582 (0x00001f17) auipc   t5, 0x1
core   0: 3 0x80009582 (0x00001f17) x30 0x8000a582
core   0: 0x80009586 (0xa63f2f23) sw      gp, -1410(t5)
core   0: 3 0x80009586 (0xa63f2f23) mem 0x8000a000 0x00000001
core   0: 0x8000958a (0x0000bfe5) c.j     pc - 8
core   0: 3 0x8000958a (0xbfe5)
core   0: 0x80009582 (0x00001f17) auipc   t5, 0x1
core   0: 3 0x80009582 (0x00001f17) x30 0x8000a582
core   0: 0x80009586 (0xa63f2f23) sw      gp, -1410(t5)
core   0: 3 0x80009586 (0xa63f2f23) mem 0x8000a000 0x00000001
core   0: 0x8000958a (0x0000bfe5) c.j     pc - 8
core   0: 3 0x8000958a (0xbfe5)
core   0: 0x80009582 (0x00001f17) auipc   t5, 0x1
core   0: 3 0x80009582 (0x00001f17) x30 0x8000a582
core   0: 0x80009586 (0xa63f2f23) sw      gp, -1410(t5)
core   0: 3 0x80009586 (0xa63f2f23) mem 0x8000a000 0x00000001
core   0: 0x8000958a (0x0000bfe5) c.j     pc - 8
core   0: 3 0x8000958a (0xbfe5)
core   0: 0x80009582 (0x00001f17) auipc   t5, 0x1
core   0: 3 0x80009582 (0x00001f17) x30 0x8000a582
core   0: 0x80009586 (0xa63f2f23) sw      gp, -1410(t5)
core   0: 3 0x80009586 (0xa63f2f23) mem 0x8000a000 0x00000001
core   0: 0x8000958a (0x0000bfe5) c.j     pc - 8
core   0: 3 0x8000958a (0xbfe5)
core   0: 0x80009582 (0x00001f17) auipc   t5, 0x1
core   0: 3 0x80009582 (0x00001f17) x30 0x8000a582
core   0: 0x80009586 (0xa63f2f23) sw      gp, -1410(t5)
core   0: 3 0x80009586 (0xa63f2f23) mem 0x8000a000 0x00000001
core   0: 0x8000958a (0x0000bfe5) c.j     pc - 8
core   0: 3 0x8000958a (0xbfe5)
core   0: 0x80009582 (0x00001f17) auipc   t5, 0x1
core   0: 3 0x80009582 (0x00001f17) x30 0x8000a582
core   0: 0x80009586 (0xa63f2f23) sw      gp, -1410(t5)
core   0: 3 0x80009586 (0xa63f2f23) mem 0x8000a000 0x00000001
core   0: 0x8000958a (0x0000bfe5) c.j     pc - 8
core   0: 3 0x8000958a (0xbfe5)
core   0: 0x80009582 (0x00001f17) auipc   t5, 0x1
core   0: 3 0x80009582 (0x00001f17) x30 0x8000a582
core   0: 0x80009586 (0xa63f2f23) sw      gp, -1410(t5)
core   0: 3 0x80009586 (0xa63f2f23) mem 0x8000a000 0x00000001
core   0: 0x8000958a (0x0000bfe5) c.j     pc - 8
core   0: 3 0x8000958a (0xbfe5)
core   0: 0x80009582 (0x00001f17) auipc   t5, 0x1
core   0: 3 0x80009582 (0x00001f17) x30 0x8000a582
core   0: 0x80009586 (0xa63f2f23) sw      gp, -1410(t5)
core   0: 3 0x80009586 (0xa63f2f23) mem 0x8000a000 0x00000001
core   0: 0x8000958a (0x0000bfe5) c.j     pc - 8
core   0: 3 0x8000958a (0xbfe5)
core   0: 0x80009582 (0x00001f17) auipc   t5, 0x1
core   0: 3 0x80009582 (0x00001f17) x30 0x8000a582
core   0: 0x80009586 (0xa63f2f23) sw      gp, -1410(t5)
core   0: 3 0x80009586 (0xa63f2f23) mem 0x8000a000 0x00000001
core   0: 0x8000958a (0x0000bfe5) c.j     pc - 8
core   0: 3 0x8000958a (0xbfe5)
core   0: 0x80009582 (0x00001f17) auipc   t5, 0x1
core   0: 3 0x80009582 (0x00001f17) x30 0x8000a582
core   0: 0x80009586 (0xa63f2f23) sw      gp, -1410(t5)
core   0: 3 0x80009586 (0xa63f2f23) mem 0x8000a000 0x00000001
core   0: 0x8000958a (0x0000bfe5) c.j     pc - 8
core   0: 3 0x8000958a (0xbfe5)
core   0: 0x80009582 (0x00001f17) auipc   t5, 0x1
core   0: 3 0x80009582 (0x00001f17) x30 0x8000a582
core   0: 0x80009586 (0xa63f2f23) sw      gp, -1410(t5)
core   0: 3 0x80009586 (0xa63f2f23) mem 0x8000a000 0x00000001
core   0: 0x8000958a (0x0000bfe5) c.j     pc - 8
core   0: 3 0x8000958a (0xbfe5)
core   0: 0x80009582 (0x00001f17) auipc   t5, 0x1
core   0: 3 0x80009582 (0x00001f17) x30 0x8000a582
core   0: 0x80009586 (0xa63f2f23) sw      gp, -1410(t5)
core   0: 3 0x80009586 (0xa63f2f23) mem 0x8000a000 0x00000001
core   0: 0x8000958a (0x0000bfe5) c.j     pc - 8
core   0: 3 0x8000958a (0xbfe5)
core   0: 0x80009582 (0x00001f17) auipc   t5, 0x1
core   0: 3 0x80009582 (0x00001f17) x30 0x8000a582
core   0: 0x80009586 (0xa63f2f23) sw      gp, -1410(t5)
core   0: 3 0x80009586 (0xa63f2f23) mem 0x8000a000 0x00000001
core   0: 0x8000958a (0x0000bfe5) c.j     pc - 8
core   0: 3 0x8000958a (0xbfe5)
core   0: 0x80009582 (0x00001f17) auipc   t5, 0x1
core   0: 3 0x80009582 (0x00001f17) x30 0x8000a582
core   0: 0x80009586 (0xa63f2f23) sw      gp, -1410(t5)
core   0: 3 0x80009586 (0xa63f2f23) mem 0x8000a000 0x00000001
core   0: 0x8000958a (0x0000bfe5) c.j     pc - 8
core   0: 3 0x8000958a (0xbfe5)
core   0: 0x80009582 (0x00001f17) auipc   t5, 0x1
core   0: 3 0x80009582 (0x00001f17) x30 0x8000a582
core   0: 0x80009586 (0xa63f2f23) sw      gp, -1410(t5)
core   0: 3 0x80009586 (0xa63f2f23) mem 0x8000a000 0x00000001
core   0: 0x8000958a (0x0000bfe5) c.j     pc - 8
core   0: 3 0x8000958a (0xbfe5)
core   0: 0x80009582 (0x00001f17) auipc   t5, 0x1
core   0: 3 0x80009582 (0x00001f17) x30 0x8000a582
core   0: 0x80009586 (0xa63f2f23) sw      gp, -1410(t5)
core   0: 3 0x80009586 (0xa63f2f23) mem 0x8000a000 0x00000001
core   0: 0x8000958a (0x0000bfe5) c.j     pc - 8
core   0: 3 0x8000958a (0xbfe5)
core   0: 0x80009582 (0x00001f17) auipc   t5, 0x1
core   0: 3 0x80009582 (0x00001f17) x30 0x8000a582
core   0: 0x80009586 (0xa63f2f23) sw      gp, -1410(t5)
core   0: 3 0x80009586 (0xa63f2f23) mem 0x8000a000 0x00000001
core   0: 0x8000958a (0x0000bfe5) c.j     pc - 8
core   0: 3 0x8000958a (0xbfe5)
core   0: 0x80009582 (0x00001f17) auipc   t5, 0x1
core   0: 3 0x80009582 (0x00001f17) x30 0x8000a582
core   0: 0x80009586 (0xa63f2f23) sw      gp, -1410(t5)
core   0: 3 0x80009586 (0xa63f2f23) mem 0x8000a000 0x00000001
core   0: 0x8000958a (0x0000bfe5) c.j     pc - 8
core   0: 3 0x8000958a (0xbfe5)
core   0: 0x80009582 (0x00001f17) auipc   t5, 0x1
core   0: 3 0x80009582 (0x00001f17) x30 0x8000a582
core   0: 0x80009586 (0xa63f2f23) sw      gp, -1410(t5)
core   0: 3 0x80009586 (0xa63f2f23) mem 0x8000a000 0x00000001
core   0: 0x8000958a (0x0000bfe5) c.j     pc - 8
core   0: 3 0x8000958a (0xbfe5)
core   0: 0x80009582 (0x00001f17) auipc   t5, 0x1
core   0: 3 0x80009582 (0x00001f17) x30 0x8000a582
core   0: 0x80009586 (0xa63f2f23) sw      gp, -1410(t5)
core   0: 3 0x80009586 (0xa63f2f23) mem 0x8000a000 0x00000001
core   0: 0x8000958a (0x0000bfe5) c.j     pc - 8
core   0: 3 0x8000958a (0xbfe5)
core   0: 0x80009582 (0x00001f17) auipc   t5, 0x1
core   0: 3 0x80009582 (0x00001f17) x30 0x8000a582
core   0: 0x80009586 (0xa63f2f23) sw      gp, -1410(t5)
core   0: 3 0x80009586 (0xa63f2f23) mem 0x8000a000 0x00000001
core   0: 0x8000958a (0x0000bfe5) c.j     pc - 8
core   0: 3 0x8000958a (0xbfe5)
core   0: 0x80009582 (0x00001f17) auipc   t5, 0x1
core   0: 3 0x80009582 (0x00001f17) x30 0x8000a582
core   0: 0x80009586 (0xa63f2f23) sw      gp, -1410(t5)
core   0: 3 0x80009586 (0xa63f2f23) mem 0x8000a000 0x00000001
core   0: 0x8000958a (0x0000bfe5) c.j     pc - 8
core   0: 3 0x8000958a (0xbfe5)
core   0: 0x80009582 (0x00001f17) auipc   t5, 0x1
core   0: 3 0x80009582 (0x00001f17) x30 0x8000a582
core   0: 0x80009586 (0xa63f2f23) sw      gp, -1410(t5)
core   0: 3 0x80009586 (0xa63f2f23) mem 0x8000a000 0x00000001
core   0: 0x8000958a (0x0000bfe5) c.j     pc - 8
core   0: 3 0x8000958a (0xbfe5)
core   0: 0x80009582 (0x00001f17) auipc   t5, 0x1
core   0: 3 0x80009582 (0x00001f17) x30 0x8000a582
core   0: 0x80009586 (0xa63f2f23) sw      gp, -1410(t5)
core   0: 3 0x80009586 (0xa63f2f23) mem 0x8000a000 0x00000001
core   0: 0x8000958a (0x0000bfe5) c.j     pc - 8
core   0: 3 0x8000958a (0xbfe5)
core   0: 0x80009582 (0x00001f17) auipc   t5, 0x1
core   0: 3 0x80009582 (0x00001f17) x30 0x8000a582
core   0: 0x80009586 (0xa63f2f23) sw      gp, -1410(t5)
core   0: 3 0x80009586 (0xa63f2f23) mem 0x8000a000 0x00000001
core   0: 0x8000958a (0x0000bfe5) c.j     pc - 8
core   0: 3 0x8000958a (0xbfe5)
core   0: 0x80009582 (0x00001f17) auipc   t5, 0x1
core   0: 3 0x80009582 (0x00001f17) x30 0x8000a582
core   0: 0x80009586 (0xa63f2f23) sw      gp, -1410(t5)
core   0: 3 0x80009586 (0xa63f2f23) mem 0x8000a000 0x00000001
core   0: 0x8000958a (0x0000bfe5) c.j     pc - 8
core   0: 3 0x8000958a (0xbfe5)
core   0: 0x80009582 (0x00001f17) auipc   t5, 0x1
core   0: 3 0x80009582 (0x00001f17) x30 0x8000a582
core   0: 0x80009586 (0xa63f2f23) sw      gp, -1410(t5)
core   0: 3 0x80009586 (0xa63f2f23) mem 0x8000a000 0x00000001
core   0: 0x8000958a (0x0000bfe5) c.j     pc - 8
core   0: 3 0x8000958a (0xbfe5)
core   0: 0x80009582 (0x00001f17) auipc   t5, 0x1
core   0: 3 0x80009582 (0x00001f17) x30 0x8000a582
core   0: 0x80009586 (0xa63f2f23) sw      gp, -1410(t5)
core   0: 3 0x80009586 (0xa63f2f23) mem 0x8000a000 0x00000001
core   0: 0x8000958a (0x0000bfe5) c.j     pc - 8
core   0: 3 0x8000958a (0xbfe5)
core   0: 0x80009582 (0x00001f17) auipc   t5, 0x1
core   0: 3 0x80009582 (0x00001f17) x30 0x8000a582
core   0: 0x80009586 (0xa63f2f23) sw      gp, -1410(t5)
core   0: 3 0x80009586 (0xa63f2f23) mem 0x8000a000 0x00000001
core   0: 0x8000958a (0x0000bfe5) c.j     pc - 8
core   0: 3 0x8000958a (0xbfe5)
core   0: 0x80009582 (0x00001f17) auipc   t5, 0x1
core   0: 3 0x80009582 (0x00001f17) x30 0x8000a582
core   0: 0x80009586 (0xa63f2f23) sw      gp, -1410(t5)
core   0: 3 0x80009586 (0xa63f2f23) mem 0x8000a000 0x00000001
core   0: 0x8000958a (0x0000bfe5) c.j     pc - 8
core   0: 3 0x8000958a (0xbfe5)
core   0: 0x80009582 (0x00001f17) auipc   t5, 0x1
core   0: 3 0x80009582 (0x00001f17) x30 0x8000a582
core   0: 0x80009586 (0xa63f2f23) sw      gp, -1410(t5)
core   0: 3 0x80009586 (0xa63f2f23) mem 0x8000a000 0x00000001
core   0: 0x8000958a (0x0000bfe5) c.j     pc - 8
core   0: 3 0x8000958a (0xbfe5)
core   0: 0x80009582 (0x00001f17) auipc   t5, 0x1
core   0: 3 0x80009582 (0x00001f17) x30 0x8000a582
core   0: 0x80009586 (0xa63f2f23) sw      gp, -1410(t5)
core   0: 3 0x80009586 (0xa63f2f23) mem 0x8000a000 0x00000001
core   0: 0x8000958a (0x0000bfe5) c.j     pc - 8
core   0: 3 0x8000958a (0xbfe5)
core   0: 0x80009582 (0x00001f17) auipc   t5, 0x1
core   0: 3 0x80009582 (0x00001f17) x30 0x8000a582
core   0: 0x80009586 (0xa63f2f23) sw      gp, -1410(t5)
core   0: 3 0x80009586 (0xa63f2f23) mem 0x8000a000 0x00000001
core   0: 0x8000958a (0x0000bfe5) c.j     pc - 8
core   0: 3 0x8000958a (0xbfe5)
core   0: 0x80009582 (0x00001f17) auipc   t5, 0x1
core   0: 3 0x80009582 (0x00001f17) x30 0x8000a582
core   0: 0x80009586 (0xa63f2f23) sw      gp, -1410(t5)
core   0: 3 0x80009586 (0xa63f2f23) mem 0x8000a000 0x00000001
core   0: 0x8000958a (0x0000bfe5) c.j     pc - 8
core   0: 3 0x8000958a (0xbfe5)
core   0: 0x80009582 (0x00001f17) auipc   t5, 0x1
core   0: 3 0x80009582 (0x00001f17) x30 0x8000a582
core   0: 0x80009586 (0xa63f2f23) sw      gp, -1410(t5)
core   0: 3 0x80009586 (0xa63f2f23) mem 0x8000a000 0x00000001
core   0: 0x8000958a (0x0000bfe5) c.j     pc - 8
core   0: 3 0x8000958a (0xbfe5)
core   0: 0x80009582 (0x00001f17) auipc   t5, 0x1
core   0: 3 0x80009582 (0x00001f17) x30 0x8000a582
core   0: 0x80009586 (0xa63f2f23) sw      gp, -1410(t5)
core   0: 3 0x80009586 (0xa63f2f23) mem 0x8000a000 0x00000001
core   0: 0x8000958a (0x0000bfe5) c.j     pc - 8
core   0: 3 0x8000958a (0xbfe5)
core   0: 0x80009582 (0x00001f17) auipc   t5, 0x1
core   0: 3 0x80009582 (0x00001f17) x30 0x8000a582
core   0: 0x80009586 (0xa63f2f23) sw      gp, -1410(t5)
core   0: 3 0x80009586 (0xa63f2f23) mem 0x8000a000 0x00000001
core   0: 0x8000958a (0x0000bfe5) c.j     pc - 8
core   0: 3 0x8000958a (0xbfe5)
core   0: 0x80009582 (0x00001f17) auipc   t5, 0x1
core   0: 3 0x80009582 (0x00001f17) x30 0x8000a582
core   0: 0x80009586 (0xa63f2f23) sw      gp, -1410(t5)
core   0: 3 0x80009586 (0xa63f2f23) mem 0x8000a000 0x00000001
core   0: 0x8000958a (0x0000bfe5) c.j     pc - 8
core   0: 3 0x8000958a (0xbfe5)
core   0: 0x80009582 (0x00001f17) auipc   t5, 0x1
core   0: 3 0x80009582 (0x00001f17) x30 0x8000a582
core   0: 0x80009586 (0xa63f2f23) sw      gp, -1410(t5)
core   0: 3 0x80009586 (0xa63f2f23) mem 0x8000a000 0x00000001
core   0: 0x8000958a (0x0000bfe5) c.j     pc - 8
core   0: 3 0x8000958a (0xbfe5)
core   0: 0x80009582 (0x00001f17) auipc   t5, 0x1
core   0: 3 0x80009582 (0x00001f17) x30 0x8000a582
core   0: 0x80009586 (0xa63f2f23) sw      gp, -1410(t5)
core   0: 3 0x80009586 (0xa63f2f23) mem 0x8000a000 0x00000001
core   0: 0x8000958a (0x0000bfe5) c.j     pc - 8
core   0: 3 0x8000958a (0xbfe5)
core   0: 0x80009582 (0x00001f17) auipc   t5, 0x1
core   0: 3 0x80009582 (0x00001f17) x30 0x8000a582
core   0: 0x80009586 (0xa63f2f23) sw      gp, -1410(t5)
core   0: 3 0x80009586 (0xa63f2f23) mem 0x8000a000 0x00000001
core   0: 0x8000958a (0x0000bfe5) c.j     pc - 8
core   0: 3 0x8000958a (0xbfe5)
core   0: 0x80009582 (0x00001f17) auipc   t5, 0x1
core   0: 3 0x80009582 (0x00001f17) x30 0x8000a582
core   0: 0x80009586 (0xa63f2f23) sw      gp, -1410(t5)
core   0: 3 0x80009586 (0xa63f2f23) mem 0x8000a000 0x00000001
core   0: 0x8000958a (0x0000bfe5) c.j     pc - 8
core   0: 3 0x8000958a (0xbfe5)
core   0: 0x80009582 (0x00001f17) auipc   t5, 0x1
core   0: 3 0x80009582 (0x00001f17) x30 0x8000a582
core   0: 0x80009586 (0xa63f2f23) sw      gp, -1410(t5)
core   0: 3 0x80009586 (0xa63f2f23) mem 0x8000a000 0x00000001
core   0: 0x8000958a (0x0000bfe5) c.j     pc - 8
core   0: 3 0x8000958a (0xbfe5)
core   0: 0x80009582 (0x00001f17) auipc   t5, 0x1
core   0: 3 0x80009582 (0x00001f17) x30 0x8000a582
core   0: 0x80009586 (0xa63f2f23) sw      gp, -1410(t5)
core   0: 3 0x80009586 (0xa63f2f23) mem 0x8000a000 0x00000001
core   0: 0x8000958a (0x0000bfe5) c.j     pc - 8
core   0: 3 0x8000958a (0xbfe5)
core   0: 0x80009582 (0x00001f17) auipc   t5, 0x1
core   0: 3 0x80009582 (0x00001f17) x30 0x8000a582
core   0: 0x80009586 (0xa63f2f23) sw      gp, -1410(t5)
core   0: 3 0x80009586 (0xa63f2f23) mem 0x8000a000 0x00000001
core   0: 0x8000958a (0x0000bfe5) c.j     pc - 8
core   0: 3 0x8000958a (0xbfe5)
core   0: 0x80009582 (0x00001f17) auipc   t5, 0x1
core   0: 3 0x80009582 (0x00001f17) x30 0x8000a582
core   0: 0x80009586 (0xa63f2f23) sw      gp, -1410(t5)
core   0: 3 0x80009586 (0xa63f2f23) mem 0x8000a000 0x00000001
core   0: 0x8000958a (0x0000bfe5) c.j     pc - 8
core   0: 3 0x8000958a (0xbfe5)
core   0: 0x80009582 (0x00001f17) auipc   t5, 0x1
core   0: 3 0x80009582 (0x00001f17) x30 0x8000a582
core   0: 0x80009586 (0xa63f2f23) sw      gp, -1410(t5)
core   0: 3 0x80009586 (0xa63f2f23) mem 0x8000a000 0x00000001
core   0: 0x8000958a (0x0000bfe5) c.j     pc - 8
core   0: 3 0x8000958a (0xbfe5)
core   0: 0x80009582 (0x00001f17) auipc   t5, 0x1
core   0: 3 0x80009582 (0x00001f17) x30 0x8000a582
core   0: 0x80009586 (0xa63f2f23) sw      gp, -1410(t5)
core   0: 3 0x80009586 (0xa63f2f23) mem 0x8000a000 0x00000001
core   0: 0x8000958a (0x0000bfe5) c.j     pc - 8
core   0: 3 0x8000958a (0xbfe5)
core   0: 0x80009582 (0x00001f17) auipc   t5, 0x1
core   0: 3 0x80009582 (0x00001f17) x30 0x8000a582
core   0: 0x80009586 (0xa63f2f23) sw      gp, -1410(t5)
core   0: 3 0x80009586 (0xa63f2f23) mem 0x8000a000 0x00000001
core   0: 0x8000958a (0x0000bfe5) c.j     pc - 8
core   0: 3 0x8000958a (0xbfe5)
core   0: 0x80009582 (0x00001f17) auipc   t5, 0x1
core   0: 3 0x80009582 (0x00001f17) x30 0x8000a582
core   0: 0x80009586 (0xa63f2f23) sw      gp, -1410(t5)
core   0: 3 0x80009586 (0xa63f2f23) mem 0x8000a000 0x00000001
core   0: 0x8000958a (0x0000bfe5) c.j     pc - 8
core   0: 3 0x8000958a (0xbfe5)
core   0: 0x80009582 (0x00001f17) auipc   t5, 0x1
core   0: 3 0x80009582 (0x00001f17) x30 0x8000a582
core   0: 0x80009586 (0xa63f2f23) sw      gp, -1410(t5)
core   0: 3 0x80009586 (0xa63f2f23) mem 0x8000a000 0x00000001
core   0: 0x8000958a (0x0000bfe5) c.j     pc - 8
core   0: 3 0x8000958a (0xbfe5)
core   0: 0x80009582 (0x00001f17) auipc   t5, 0x1
core   0: 3 0x80009582 (0x00001f17) x30 0x8000a582
core   0: 0x80009586 (0xa63f2f23) sw      gp, -1410(t5)
core   0: 3 0x80009586 (0xa63f2f23) mem 0x8000a000 0x00000001
core   0: 0x8000958a (0x0000bfe5) c.j     pc - 8
core   0: 3 0x8000958a (0xbfe5)
core   0: 0x80009582 (0x00001f17) auipc   t5, 0x1
core   0: 3 0x80009582 (0x00001f17) x30 0x8000a582
core   0: 0x80009586 (0xa63f2f23) sw      gp, -1410(t5)
core   0: 3 0x80009586 (0xa63f2f23) mem 0x8000a000 0x00000001
core   0: 0x8000958a (0x0000bfe5) c.j     pc - 8
core   0: 3 0x8000958a (0xbfe5)
core   0: 0x80009582 (0x00001f17) auipc   t5, 0x1
core   0: 3 0x80009582 (0x00001f17) x30 0x8000a582
core   0: 0x80009586 (0xa63f2f23) sw      gp, -1410(t5)
core   0: 3 0x80009586 (0xa63f2f23) mem 0x8000a000 0x00000001
core   0: 0x8000958a (0x0000bfe5) c.j     pc - 8
core   0: 3 0x8000958a (0xbfe5)
core   0: 0x80009582 (0x00001f17) auipc   t5, 0x1
core   0: 3 0x80009582 (0x00001f17) x30 0x8000a582
core   0: 0x80009586 (0xa63f2f23) sw      gp, -1410(t5)
core   0: 3 0x80009586 (0xa63f2f23) mem 0x8000a000 0x00000001
core   0: 0x8000958a (0x0000bfe5) c.j     pc - 8
core   0: 3 0x8000958a (0xbfe5)
core   0: 0x80009582 (0x00001f17) auipc   t5, 0x1
core   0: 3 0x80009582 (0x00001f17) x30 0x8000a582
core   0: 0x80009586 (0xa63f2f23) sw      gp, -1410(t5)
core   0: 3 0x80009586 (0xa63f2f23) mem 0x8000a000 0x00000001
core   0: 0x8000958a (0x0000bfe5) c.j     pc - 8
core   0: 3 0x8000958a (0xbfe5)
core   0: 0x80009582 (0x00001f17) auipc   t5, 0x1
core   0: 3 0x80009582 (0x00001f17) x30 0x8000a582
core   0: 0x80009586 (0xa63f2f23) sw      gp, -1410(t5)
core   0: 3 0x80009586 (0xa63f2f23) mem 0x8000a000 0x00000001
core   0: 0x8000958a (0x0000bfe5) c.j     pc - 8
core   0: 3 0x8000958a (0xbfe5)
core   0: 0x80009582 (0x00001f17) auipc   t5, 0x1
core   0: 3 0x80009582 (0x00001f17) x30 0x8000a582
core   0: 0x80009586 (0xa63f2f23) sw      gp, -1410(t5)
core   0: 3 0x80009586 (0xa63f2f23) mem 0x8000a000 0x00000001
core   0: 0x8000958a (0x0000bfe5) c.j     pc - 8
core   0: 3 0x8000958a (0xbfe5)
core   0: 0x80009582 (0x00001f17) auipc   t5, 0x1
core   0: 3 0x80009582 (0x00001f17) x30 0x8000a582
core   0: 0x80009586 (0xa63f2f23) sw      gp, -1410(t5)
core   0: 3 0x80009586 (0xa63f2f23) mem 0x8000a000 0x00000001
core   0: 0x8000958a (0x0000bfe5) c.j     pc - 8
core   0: 3 0x8000958a (0xbfe5)
core   0: 0x80009582 (0x00001f17) auipc   t5, 0x1
core   0: 3 0x80009582 (0x00001f17) x30 0x8000a582
core   0: 0x80009586 (0xa63f2f23) sw      gp, -1410(t5)
core   0: 3 0x80009586 (0xa63f2f23) mem 0x8000a000 0x00000001
core   0: 0x8000958a (0x0000bfe5) c.j     pc - 8
core   0: 3 0x8000958a (0xbfe5)
core   0: 0x80009582 (0x00001f17) auipc   t5, 0x1
core   0: 3 0x80009582 (0x00001f17) x30 0x8000a582
core   0: 0x80009586 (0xa63f2f23) sw      gp, -1410(t5)
core   0: 3 0x80009586 (0xa63f2f23) mem 0x8000a000 0x00000001
core   0: 0x8000958a (0x0000bfe5) c.j     pc - 8
core   0: 3 0x8000958a (0xbfe5)
core   0: 0x80009582 (0x00001f17) auipc   t5, 0x1
core   0: 3 0x80009582 (0x00001f17) x30 0x8000a582
core   0: 0x80009586 (0xa63f2f23) sw      gp, -1410(t5)
core   0: 3 0x80009586 (0xa63f2f23) mem 0x8000a000 0x00000001
core   0: 0x8000958a (0x0000bfe5) c.j     pc - 8
core   0: 3 0x8000958a (0xbfe5)
core   0: 0x80009582 (0x00001f17) auipc   t5, 0x1
core   0: 3 0x80009582 (0x00001f17) x30 0x8000a582
core   0: 0x80009586 (0xa63f2f23) sw      gp, -1410(t5)
core   0: 3 0x80009586 (0xa63f2f23) mem 0x8000a000 0x00000001
core   0: 0x8000958a (0x0000bfe5) c.j     pc - 8
core   0: 3 0x8000958a (0xbfe5)
core   0: 0x80009582 (0x00001f17) auipc   t5, 0x1
core   0: 3 0x80009582 (0x00001f17) x30 0x8000a582
core   0: 0x80009586 (0xa63f2f23) sw      gp, -1410(t5)
core   0: 3 0x80009586 (0xa63f2f23) mem 0x8000a000 0x00000001
core   0: 0x8000958a (0x0000bfe5) c.j     pc - 8
core   0: 3 0x8000958a (0xbfe5)
core   0: 0x80009582 (0x00001f17) auipc   t5, 0x1
core   0: 3 0x80009582 (0x00001f17) x30 0x8000a582
core   0: 0x80009586 (0xa63f2f23) sw      gp, -1410(t5)
core   0: 3 0x80009586 (0xa63f2f23) mem 0x8000a000 0x00000001
core   0: 0x8000958a (0x0000bfe5) c.j     pc - 8
core   0: 3 0x8000958a (0xbfe5)
core   0: 0x80009582 (0x00001f17) auipc   t5, 0x1
core   0: 3 0x80009582 (0x00001f17) x30 0x8000a582
core   0: 0x80009586 (0xa63f2f23) sw      gp, -1410(t5)
core   0: 3 0x80009586 (0xa63f2f23) mem 0x8000a000 0x00000001
core   0: 0x8000958a (0x0000bfe5) c.j     pc - 8
core   0: 3 0x8000958a (0xbfe5)
core   0: 0x80009582 (0x00001f17) auipc   t5, 0x1
core   0: 3 0x80009582 (0x00001f17) x30 0x8000a582
core   0: 0x80009586 (0xa63f2f23) sw      gp, -1410(t5)
core   0: 3 0x80009586 (0xa63f2f23) mem 0x8000a000 0x00000001
core   0: 0x8000958a (0x0000bfe5) c.j     pc - 8
core   0: 3 0x8000958a (0xbfe5)
core   0: 0x80009582 (0x00001f17) auipc   t5, 0x1
core   0: 3 0x80009582 (0x00001f17) x30 0x8000a582
core   0: 0x80009586 (0xa63f2f23) sw      gp, -1410(t5)
core   0: 3 0x80009586 (0xa63f2f23) mem 0x8000a000 0x00000001
core   0: 0x8000958a (0x0000bfe5) c.j     pc - 8
core   0: 3 0x8000958a (0xbfe5)
core   0: 0x80009582 (0x00001f17) auipc   t5, 0x1
core   0: 3 0x80009582 (0x00001f17) x30 0x8000a582
core   0: 0x80009586 (0xa63f2f23) sw      gp, -1410(t5)
core   0: 3 0x80009586 (0xa63f2f23) mem 0x8000a000 0x00000001
core   0: 0x8000958a (0x0000bfe5) c.j     pc - 8
core   0: 3 0x8000958a (0xbfe5)
core   0: 0x80009582 (0x00001f17) auipc   t5, 0x1
core   0: 3 0x80009582 (0x00001f17) x30 0x8000a582
core   0: 0x80009586 (0xa63f2f23) sw      gp, -1410(t5)
core   0: 3 0x80009586 (0xa63f2f23) mem 0x8000a000 0x00000001
core   0: 0x8000958a (0x0000bfe5) c.j     pc - 8
core   0: 3 0x8000958a (0xbfe5)
core   0: 0x80009582 (0x00001f17) auipc   t5, 0x1
core   0: 3 0x80009582 (0x00001f17) x30 0x8000a582
core   0: 0x80009586 (0xa63f2f23) sw      gp, -1410(t5)
core   0: 3 0x80009586 (0xa63f2f23) mem 0x8000a000 0x00000001
core   0: 0x8000958a (0x0000bfe5) c.j     pc - 8
core   0: 3 0x8000958a (0xbfe5)
core   0: 0x80009582 (0x00001f17) auipc   t5, 0x1
core   0: 3 0x80009582 (0x00001f17) x30 0x8000a582
core   0: 0x80009586 (0xa63f2f23) sw      gp, -1410(t5)
core   0: 3 0x80009586 (0xa63f2f23) mem 0x8000a000 0x00000001
core   0: 0x8000958a (0x0000bfe5) c.j     pc - 8
core   0: 3 0x8000958a (0xbfe5)
core   0: 0x80009582 (0x00001f17) auipc   t5, 0x1
core   0: 3 0x80009582 (0x00001f17) x30 0x8000a582
core   0: 0x80009586 (0xa63f2f23) sw      gp, -1410(t5)
core   0: 3 0x80009586 (0xa63f2f23) mem 0x8000a000 0x00000001
core   0: 0x8000958a (0x0000bfe5) c.j     pc - 8
core   0: 3 0x8000958a (0xbfe5)
core   0: 0x80009582 (0x00001f17) auipc   t5, 0x1
core   0: 3 0x80009582 (0x00001f17) x30 0x8000a582
core   0: 0x80009586 (0xa63f2f23) sw      gp, -1410(t5)
core   0: 3 0x80009586 (0xa63f2f23) mem 0x8000a000 0x00000001
core   0: 0x8000958a (0x0000bfe5) c.j     pc - 8
core   0: 3 0x8000958a (0xbfe5)
core   0: 0x80009582 (0x00001f17) auipc   t5, 0x1
core   0: 3 0x80009582 (0x00001f17) x30 0x8000a582
core   0: 0x80009586 (0xa63f2f23) sw      gp, -1410(t5)
core   0: 3 0x80009586 (0xa63f2f23) mem 0x8000a000 0x00000001
core   0: 0x8000958a (0x0000bfe5) c.j     pc - 8
core   0: 3 0x8000958a (0xbfe5)
core   0: 0x80009582 (0x00001f17) auipc   t5, 0x1
core   0: 3 0x80009582 (0x00001f17) x30 0x8000a582
core   0: 0x80009586 (0xa63f2f23) sw      gp, -1410(t5)
core   0: 3 0x80009586 (0xa63f2f23) mem 0x8000a000 0x00000001
core   0: 0x8000958a (0x0000bfe5) c.j     pc - 8
core   0: 3 0x8000958a (0xbfe5)
core   0: 0x80009582 (0x00001f17) auipc   t5, 0x1
core   0: 3 0x80009582 (0x00001f17) x30 0x8000a582
core   0: 0x80009586 (0xa63f2f23) sw      gp, -1410(t5)
core   0: 3 0x80009586 (0xa63f2f23) mem 0x8000a000 0x00000001
core   0: 0x8000958a (0x0000bfe5) c.j     pc - 8
core   0: 3 0x8000958a (0xbfe5)
core   0: 0x80009582 (0x00001f17) auipc   t5, 0x1
core   0: 3 0x80009582 (0x00001f17) x30 0x8000a582
core   0: 0x80009586 (0xa63f2f23) sw      gp, -1410(t5)
core   0: 3 0x80009586 (0xa63f2f23) mem 0x8000a000 0x00000001
core   0: 0x8000958a (0x0000bfe5) c.j     pc - 8
core   0: 3 0x8000958a (0xbfe5)
core   0: 0x80009582 (0x00001f17) auipc   t5, 0x1
core   0: 3 0x80009582 (0x00001f17) x30 0x8000a582
core   0: 0x80009586 (0xa63f2f23) sw      gp, -1410(t5)
core   0: 3 0x80009586 (0xa63f2f23) mem 0x8000a000 0x00000001
core   0: 0x8000958a (0x0000bfe5) c.j     pc - 8
core   0: 3 0x8000958a (0xbfe5)
core   0: 0x80009582 (0x00001f17) auipc   t5, 0x1
core   0: 3 0x80009582 (0x00001f17) x30 0x8000a582
core   0: 0x80009586 (0xa63f2f23) sw      gp, -1410(t5)
core   0: 3 0x80009586 (0xa63f2f23) mem 0x8000a000 0x00000001
core   0: 0x8000958a (0x0000bfe5) c.j     pc - 8
core   0: 3 0x8000958a (0xbfe5)
core   0: 0x80009582 (0x00001f17) auipc   t5, 0x1
core   0: 3 0x80009582 (0x00001f17) x30 0x8000a582
core   0: 0x80009586 (0xa63f2f23) sw      gp, -1410(t5)
core   0: 3 0x80009586 (0xa63f2f23) mem 0x8000a000 0x00000001
core   0: 0x8000958a (0x0000bfe5) c.j     pc - 8
core   0: 3 0x8000958a (0xbfe5)
core   0: 0x80009582 (0x00001f17) auipc   t5, 0x1
core   0: 3 0x80009582 (0x00001f17) x30 0x8000a582
core   0: 0x80009586 (0xa63f2f23) sw      gp, -1410(t5)
core   0: 3 0x80009586 (0xa63f2f23) mem 0x8000a000 0x00000001
core   0: 0x8000958a (0x0000bfe5) c.j     pc - 8
core   0: 3 0x8000958a (0xbfe5)
core   0: 0x80009582 (0x00001f17) auipc   t5, 0x1
core   0: 3 0x80009582 (0x00001f17) x30 0x8000a582
core   0: 0x80009586 (0xa63f2f23) sw      gp, -1410(t5)
core   0: 3 0x80009586 (0xa63f2f23) mem 0x8000a000 0x00000001
core   0: 0x8000958a (0x0000bfe5) c.j     pc - 8
core   0: 3 0x8000958a (0xbfe5)
core   0: 0x80009582 (0x00001f17) auipc   t5, 0x1
core   0: 3 0x80009582 (0x00001f17) x30 0x8000a582
core   0: 0x80009586 (0xa63f2f23) sw      gp, -1410(t5)
core   0: 3 0x80009586 (0xa63f2f23) mem 0x8000a000 0x00000001
core   0: 0x8000958a (0x0000bfe5) c.j     pc - 8
core   0: 3 0x8000958a (0xbfe5)
core   0: 0x80009582 (0x00001f17) auipc   t5, 0x1
core   0: 3 0x80009582 (0x00001f17) x30 0x8000a582
core   0: 0x80009586 (0xa63f2f23) sw      gp, -1410(t5)
core   0: 3 0x80009586 (0xa63f2f23) mem 0x8000a000 0x00000001
core   0: 0x8000958a (0x0000bfe5) c.j     pc - 8
core   0: 3 0x8000958a (0xbfe5)
core   0: 0x80009582 (0x00001f17) auipc   t5, 0x1
core   0: 3 0x80009582 (0x00001f17) x30 0x8000a582
core   0: 0x80009586 (0xa63f2f23) sw      gp, -1410(t5)
core   0: 3 0x80009586 (0xa63f2f23) mem 0x8000a000 0x00000001
core   0: 0x8000958a (0x0000bfe5) c.j     pc - 8
core   0: 3 0x8000958a (0xbfe5)
core   0: 0x80009582 (0x00001f17) auipc   t5, 0x1
core   0: 3 0x80009582 (0x00001f17) x30 0x8000a582
core   0: 0x80009586 (0xa63f2f23) sw      gp, -1410(t5)
core   0: 3 0x80009586 (0xa63f2f23) mem 0x8000a000 0x00000001
core   0: 0x8000958a (0x0000bfe5) c.j     pc - 8
core   0: 3 0x8000958a (0xbfe5)
core   0: 0x80009582 (0x00001f17) auipc   t5, 0x1
core   0: 3 0x80009582 (0x00001f17) x30 0x8000a582
core   0: 0x80009586 (0xa63f2f23) sw      gp, -1410(t5)
core   0: 3 0x80009586 (0xa63f2f23) mem 0x8000a000 0x00000001
core   0: 0x8000958a (0x0000bfe5) c.j     pc - 8
core   0: 3 0x8000958a (0xbfe5)
core   0: 0x80009582 (0x00001f17) auipc   t5, 0x1
core   0: 3 0x80009582 (0x00001f17) x30 0x8000a582
core   0: 0x80009586 (0xa63f2f23) sw      gp, -1410(t5)
core   0: 3 0x80009586 (0xa63f2f23) mem 0x8000a000 0x00000001
core   0: 0x8000958a (0x0000bfe5) c.j     pc - 8
core   0: 3 0x8000958a (0xbfe5)
core   0: 0x80009582 (0x00001f17) auipc   t5, 0x1
core   0: 3 0x80009582 (0x00001f17) x30 0x8000a582
core   0: 0x80009586 (0xa63f2f23) sw      gp, -1410(t5)
core   0: 3 0x80009586 (0xa63f2f23) mem 0x8000a000 0x00000001
core   0: 0x8000958a (0x0000bfe5) c.j     pc - 8
core   0: 3 0x8000958a (0xbfe5)
core   0: 0x80009582 (0x00001f17) auipc   t5, 0x1
core   0: 3 0x80009582 (0x00001f17) x30 0x8000a582
core   0: 0x80009586 (0xa63f2f23) sw      gp, -1410(t5)
core   0: 3 0x80009586 (0xa63f2f23) mem 0x8000a000 0x00000001
core   0: 0x8000958a (0x0000bfe5) c.j     pc - 8
core   0: 3 0x8000958a (0xbfe5)
core   0: 0x80009582 (0x00001f17) auipc   t5, 0x1
core   0: 3 0x80009582 (0x00001f17) x30 0x8000a582
core   0: 0x80009586 (0xa63f2f23) sw      gp, -1410(t5)
core   0: 3 0x80009586 (0xa63f2f23) mem 0x8000a000 0x00000001
core   0: 0x8000958a (0x0000bfe5) c.j     pc - 8
core   0: 3 0x8000958a (0xbfe5)
core   0: 0x80009582 (0x00001f17) auipc   t5, 0x1
core   0: 3 0x80009582 (0x00001f17) x30 0x8000a582
core   0: 0x80009586 (0xa63f2f23) sw      gp, -1410(t5)
core   0: 3 0x80009586 (0xa63f2f23) mem 0x8000a000 0x00000001
core   0: 0x8000958a (0x0000bfe5) c.j     pc - 8
core   0: 3 0x8000958a (0xbfe5)
core   0: 0x80009582 (0x00001f17) auipc   t5, 0x1
core   0: 3 0x80009582 (0x00001f17) x30 0x8000a582
core   0: 0x80009586 (0xa63f2f23) sw      gp, -1410(t5)
core   0: 3 0x80009586 (0xa63f2f23) mem 0x8000a000 0x00000001
core   0: 0x8000958a (0x0000bfe5) c.j     pc - 8
core   0: 3 0x8000958a (0xbfe5)
core   0: 0x80009582 (0x00001f17) auipc   t5, 0x1
core   0: 3 0x80009582 (0x00001f17) x30 0x8000a582
core   0: 0x80009586 (0xa63f2f23) sw      gp, -1410(t5)
core   0: 3 0x80009586 (0xa63f2f23) mem 0x8000a000 0x00000001
core   0: 0x8000958a (0x0000bfe5) c.j     pc - 8
core   0: 3 0x8000958a (0xbfe5)
core   0: 0x80009582 (0x00001f17) auipc   t5, 0x1
core   0: 3 0x80009582 (0x00001f17) x30 0x8000a582
core   0: 0x80009586 (0xa63f2f23) sw      gp, -1410(t5)
core   0: 3 0x80009586 (0xa63f2f23) mem 0x8000a000 0x00000001
core   0: 0x8000958a (0x0000bfe5) c.j     pc - 8
core   0: 3 0x8000958a (0xbfe5)
core   0: 0x80009582 (0x00001f17) auipc   t5, 0x1
core   0: 3 0x80009582 (0x00001f17) x30 0x8000a582
core   0: 0x80009586 (0xa63f2f23) sw      gp, -1410(t5)
core   0: 3 0x80009586 (0xa63f2f23) mem 0x8000a000 0x00000001
core   0: 0x8000958a (0x0000bfe5) c.j     pc - 8
core   0: 3 0x8000958a (0xbfe5)
core   0: 0x80009582 (0x00001f17) auipc   t5, 0x1
core   0: 3 0x80009582 (0x00001f17) x30 0x8000a582
core   0: 0x80009586 (0xa63f2f23) sw      gp, -1410(t5)
core   0: 3 0x80009586 (0xa63f2f23) mem 0x8000a000 0x00000001
core   0: 0x8000958a (0x0000bfe5) c.j     pc - 8
core   0: 3 0x8000958a (0xbfe5)
core   0: 0x80009582 (0x00001f17) auipc   t5, 0x1
core   0: 3 0x80009582 (0x00001f17) x30 0x8000a582
core   0: 0x80009586 (0xa63f2f23) sw      gp, -1410(t5)
core   0: 3 0x80009586 (0xa63f2f23) mem 0x8000a000 0x00000001
core   0: 0x8000958a (0x0000bfe5) c.j     pc - 8
core   0: 3 0x8000958a (0xbfe5)
core   0: 0x80009582 (0x00001f17) auipc   t5, 0x1
core   0: 3 0x80009582 (0x00001f17) x30 0x8000a582
core   0: 0x80009586 (0xa63f2f23) sw      gp, -1410(t5)
core   0: 3 0x80009586 (0xa63f2f23) mem 0x8000a000 0x00000001
core   0: 0x8000958a (0x0000bfe5) c.j     pc - 8
core   0: 3 0x8000958a (0xbfe5)
core   0: 0x80009582 (0x00001f17) auipc   t5, 0x1
core   0: 3 0x80009582 (0x00001f17) x30 0x8000a582
core   0: 0x80009586 (0xa63f2f23) sw      gp, -1410(t5)
core   0: 3 0x80009586 (0xa63f2f23) mem 0x8000a000 0x00000001
core   0: 0x8000958a (0x0000bfe5) c.j     pc - 8
core   0: 3 0x8000958a (0xbfe5)
core   0: 0x80009582 (0x00001f17) auipc   t5, 0x1
core   0: 3 0x80009582 (0x00001f17) x30 0x8000a582
core   0: 0x80009586 (0xa63f2f23) sw      gp, -1410(t5)
core   0: 3 0x80009586 (0xa63f2f23) mem 0x8000a000 0x00000001
core   0: 0x8000958a (0x0000bfe5) c.j     pc - 8
core   0: 3 0x8000958a (0xbfe5)
core   0: 0x80009582 (0x00001f17) auipc   t5, 0x1
core   0: 3 0x80009582 (0x00001f17) x30 0x8000a582
core   0: 0x80009586 (0xa63f2f23) sw      gp, -1410(t5)
core   0: 3 0x80009586 (0xa63f2f23) mem 0x8000a000 0x00000001
core   0: 0x8000958a (0x0000bfe5) c.j     pc - 8
core   0: 3 0x8000958a (0xbfe5)
core   0: 0x80009582 (0x00001f17) auipc   t5, 0x1
core   0: 3 0x80009582 (0x00001f17) x30 0x8000a582
core   0: 0x80009586 (0xa63f2f23) sw      gp, -1410(t5)
core   0: 3 0x80009586 (0xa63f2f23) mem 0x8000a000 0x00000001
core   0: 0x8000958a (0x0000bfe5) c.j     pc - 8
core   0: 3 0x8000958a (0xbfe5)
core   0: 0x80009582 (0x00001f17) auipc   t5, 0x1
core   0: 3 0x80009582 (0x00001f17) x30 0x8000a582
core   0: 0x80009586 (0xa63f2f23) sw      gp, -1410(t5)
core   0: 3 0x80009586 (0xa63f2f23) mem 0x8000a000 0x00000001
core   0: 0x8000958a (0x0000bfe5) c.j     pc - 8
core   0: 3 0x8000958a (0xbfe5)
core   0: 0x80009582 (0x00001f17) auipc   t5, 0x1
core   0: 3 0x80009582 (0x00001f17) x30 0x8000a582
core   0: 0x80009586 (0xa63f2f23) sw      gp, -1410(t5)
core   0: 3 0x80009586 (0xa63f2f23) mem 0x8000a000 0x00000001
core   0: 0x8000958a (0x0000bfe5) c.j     pc - 8
core   0: 3 0x8000958a (0xbfe5)
core   0: 0x80009582 (0x00001f17) auipc   t5, 0x1
core   0: 3 0x80009582 (0x00001f17) x30 0x8000a582
core   0: 0x80009586 (0xa63f2f23) sw      gp, -1410(t5)
core   0: 3 0x80009586 (0xa63f2f23) mem 0x8000a000 0x00000001
core   0: 0x8000958a (0x0000bfe5) c.j     pc - 8
core   0: 3 0x8000958a (0xbfe5)
core   0: 0x80009582 (0x00001f17) auipc   t5, 0x1
core   0: 3 0x80009582 (0x00001f17) x30 0x8000a582
core   0: 0x80009586 (0xa63f2f23) sw      gp, -1410(t5)
core   0: 3 0x80009586 (0xa63f2f23) mem 0x8000a000 0x00000001
core   0: 0x8000958a (0x0000bfe5) c.j     pc - 8
core   0: 3 0x8000958a (0xbfe5)
core   0: 0x80009582 (0x00001f17) auipc   t5, 0x1
core   0: 3 0x80009582 (0x00001f17) x30 0x8000a582
core   0: 0x80009586 (0xa63f2f23) sw      gp, -1410(t5)
core   0: 3 0x80009586 (0xa63f2f23) mem 0x8000a000 0x00000001
core   0: 0x8000958a (0x0000bfe5) c.j     pc - 8
core   0: 3 0x8000958a (0xbfe5)
core   0: 0x80009582 (0x00001f17) auipc   t5, 0x1
core   0: 3 0x80009582 (0x00001f17) x30 0x8000a582
core   0: 0x80009586 (0xa63f2f23) sw      gp, -1410(t5)
core   0: 3 0x80009586 (0xa63f2f23) mem 0x8000a000 0x00000001
core   0: 0x8000958a (0x0000bfe5) c.j     pc - 8
core   0: 3 0x8000958a (0xbfe5)
core   0: 0x80009582 (0x00001f17) auipc   t5, 0x1
core   0: 3 0x80009582 (0x00001f17) x30 0x8000a582
core   0: 0x80009586 (0xa63f2f23) sw      gp, -1410(t5)
core   0: 3 0x80009586 (0xa63f2f23) mem 0x8000a000 0x00000001
core   0: 0x8000958a (0x0000bfe5) c.j     pc - 8
core   0: 3 0x8000958a (0xbfe5)
core   0: 0x80009582 (0x00001f17) auipc   t5, 0x1
core   0: 3 0x80009582 (0x00001f17) x30 0x8000a582
core   0: 0x80009586 (0xa63f2f23) sw      gp, -1410(t5)
core   0: 3 0x80009586 (0xa63f2f23) mem 0x8000a000 0x00000001
core   0: 0x8000958a (0x0000bfe5) c.j     pc - 8
core   0: 3 0x8000958a (0xbfe5)
core   0: 0x80009582 (0x00001f17) auipc   t5, 0x1
core   0: 3 0x80009582 (0x00001f17) x30 0x8000a582
core   0: 0x80009586 (0xa63f2f23) sw      gp, -1410(t5)
core   0: 3 0x80009586 (0xa63f2f23) mem 0x8000a000 0x00000001
core   0: 0x8000958a (0x0000bfe5) c.j     pc - 8
core   0: 3 0x8000958a (0xbfe5)
core   0: 0x80009582 (0x00001f17) auipc   t5, 0x1
core   0: 3 0x80009582 (0x00001f17) x30 0x8000a582
core   0: 0x80009586 (0xa63f2f23) sw      gp, -1410(t5)
core   0: 3 0x80009586 (0xa63f2f23) mem 0x8000a000 0x00000001
core   0: 0x8000958a (0x0000bfe5) c.j     pc - 8
core   0: 3 0x8000958a (0xbfe5)
core   0: 0x80009582 (0x00001f17) auipc   t5, 0x1
core   0: 3 0x80009582 (0x00001f17) x30 0x8000a582
core   0: 0x80009586 (0xa63f2f23) sw      gp, -1410(t5)
core   0: 3 0x80009586 (0xa63f2f23) mem 0x8000a000 0x00000001
core   0: 0x8000958a (0x0000bfe5) c.j     pc - 8
core   0: 3 0x8000958a (0xbfe5)
core   0: 0x80009582 (0x00001f17) auipc   t5, 0x1
core   0: 3 0x80009582 (0x00001f17) x30 0x8000a582
core   0: 0x80009586 (0xa63f2f23) sw      gp, -1410(t5)
core   0: 3 0x80009586 (0xa63f2f23) mem 0x8000a000 0x00000001
core   0: 0x8000958a (0x0000bfe5) c.j     pc - 8
core   0: 3 0x8000958a (0xbfe5)
core   0: 0x80009582 (0x00001f17) auipc   t5, 0x1
core   0: 3 0x80009582 (0x00001f17) x30 0x8000a582
core   0: 0x80009586 (0xa63f2f23) sw      gp, -1410(t5)
core   0: 3 0x80009586 (0xa63f2f23) mem 0x8000a000 0x00000001
core   0: 0x8000958a (0x0000bfe5) c.j     pc - 8
core   0: 3 0x8000958a (0xbfe5)
core   0: 0x80009582 (0x00001f17) auipc   t5, 0x1
core   0: 3 0x80009582 (0x00001f17) x30 0x8000a582
core   0: 0x80009586 (0xa63f2f23) sw      gp, -1410(t5)
core   0: 3 0x80009586 (0xa63f2f23) mem 0x8000a000 0x00000001
core   0: 0x8000958a (0x0000bfe5) c.j     pc - 8
core   0: 3 0x8000958a (0xbfe5)
core   0: 0x80009582 (0x00001f17) auipc   t5, 0x1
core   0: 3 0x80009582 (0x00001f17) x30 0x8000a582
core   0: 0x80009586 (0xa63f2f23) sw      gp, -1410(t5)
core   0: 3 0x80009586 (0xa63f2f23) mem 0x8000a000 0x00000001
core   0: 0x8000958a (0x0000bfe5) c.j     pc - 8
core   0: 3 0x8000958a (0xbfe5)
core   0: 0x80009582 (0x00001f17) auipc   t5, 0x1
core   0: 3 0x80009582 (0x00001f17) x30 0x8000a582
core   0: 0x80009586 (0xa63f2f23) sw      gp, -1410(t5)
core   0: 3 0x80009586 (0xa63f2f23) mem 0x8000a000 0x00000001
core   0: 0x8000958a (0x0000bfe5) c.j     pc - 8
core   0: 3 0x8000958a (0xbfe5)
core   0: 0x80009582 (0x00001f17) auipc   t5, 0x1
core   0: 3 0x80009582 (0x00001f17) x30 0x8000a582
core   0: 0x80009586 (0xa63f2f23) sw      gp, -1410(t5)
core   0: 3 0x80009586 (0xa63f2f23) mem 0x8000a000 0x00000001
core   0: 0x8000958a (0x0000bfe5) c.j     pc - 8
core   0: 3 0x8000958a (0xbfe5)
core   0: 0x80009582 (0x00001f17) auipc   t5, 0x1
core   0: 3 0x80009582 (0x00001f17) x30 0x8000a582
core   0: 0x80009586 (0xa63f2f23) sw      gp, -1410(t5)
core   0: 3 0x80009586 (0xa63f2f23) mem 0x8000a000 0x00000001
core   0: 0x8000958a (0x0000bfe5) c.j     pc - 8
core   0: 3 0x8000958a (0xbfe5)
core   0: 0x80009582 (0x00001f17) auipc   t5, 0x1
core   0: 3 0x80009582 (0x00001f17) x30 0x8000a582
core   0: 0x80009586 (0xa63f2f23) sw      gp, -1410(t5)
core   0: 3 0x80009586 (0xa63f2f23) mem 0x8000a000 0x00000001
core   0: 0x8000958a (0x0000bfe5) c.j     pc - 8
core   0: 3 0x8000958a (0xbfe5)
core   0: 0x80009582 (0x00001f17) auipc   t5, 0x1
core   0: 3 0x80009582 (0x00001f17) x30 0x8000a582
core   0: 0x80009586 (0xa63f2f23) sw      gp, -1410(t5)
core   0: 3 0x80009586 (0xa63f2f23) mem 0x8000a000 0x00000001
core   0: 0x8000958a (0x0000bfe5) c.j     pc - 8
core   0: 3 0x8000958a (0xbfe5)
core   0: 0x80009582 (0x00001f17) auipc   t5, 0x1
core   0: 3 0x80009582 (0x00001f17) x30 0x8000a582
core   0: 0x80009586 (0xa63f2f23) sw      gp, -1410(t5)
core   0: 3 0x80009586 (0xa63f2f23) mem 0x8000a000 0x00000001
core   0: 0x8000958a (0x0000bfe5) c.j     pc - 8
core   0: 3 0x8000958a (0xbfe5)
core   0: 0x80009582 (0x00001f17) auipc   t5, 0x1
core   0: 3 0x80009582 (0x00001f17) x30 0x8000a582
core   0: 0x80009586 (0xa63f2f23) sw      gp, -1410(t5)
core   0: 3 0x80009586 (0xa63f2f23) mem 0x8000a000 0x00000001
core   0: 0x8000958a (0x0000bfe5) c.j     pc - 8
core   0: 3 0x8000958a (0xbfe5)
core   0: 0x80009582 (0x00001f17) auipc   t5, 0x1
core   0: 3 0x80009582 (0x00001f17) x30 0x8000a582
core   0: 0x80009586 (0xa63f2f23) sw      gp, -1410(t5)
core   0: 3 0x80009586 (0xa63f2f23) mem 0x8000a000 0x00000001
core   0: 0x8000958a (0x0000bfe5) c.j     pc - 8
core   0: 3 0x8000958a (0xbfe5)
core   0: 0x80009582 (0x00001f17) auipc   t5, 0x1
core   0: 3 0x80009582 (0x00001f17) x30 0x8000a582
core   0: 0x80009586 (0xa63f2f23) sw      gp, -1410(t5)
core   0: 3 0x80009586 (0xa63f2f23) mem 0x8000a000 0x00000001
core   0: 0x8000958a (0x0000bfe5) c.j     pc - 8
core   0: 3 0x8000958a (0xbfe5)
core   0: 0x80009582 (0x00001f17) auipc   t5, 0x1
core   0: 3 0x80009582 (0x00001f17) x30 0x8000a582
core   0: 0x80009586 (0xa63f2f23) sw      gp, -1410(t5)
core   0: 3 0x80009586 (0xa63f2f23) mem 0x8000a000 0x00000001
core   0: 0x8000958a (0x0000bfe5) c.j     pc - 8
core   0: 3 0x8000958a (0xbfe5)
core   0: 0x80009582 (0x00001f17) auipc   t5, 0x1
core   0: 3 0x80009582 (0x00001f17) x30 0x8000a582
core   0: 0x80009586 (0xa63f2f23) sw      gp, -1410(t5)
core   0: 3 0x80009586 (0xa63f2f23) mem 0x8000a000 0x00000001
core   0: 0x8000958a (0x0000bfe5) c.j     pc - 8
core   0: 3 0x8000958a (0xbfe5)
core   0: 0x80009582 (0x00001f17) auipc   t5, 0x1
core   0: 3 0x80009582 (0x00001f17) x30 0x8000a582
core   0: 0x80009586 (0xa63f2f23) sw      gp, -1410(t5)
core   0: 3 0x80009586 (0xa63f2f23) mem 0x8000a000 0x00000001
core   0: 0x8000958a (0x0000bfe5) c.j     pc - 8
core   0: 3 0x8000958a (0xbfe5)
core   0: 0x80009582 (0x00001f17) auipc   t5, 0x1
core   0: 3 0x80009582 (0x00001f17) x30 0x8000a582
core   0: 0x80009586 (0xa63f2f23) sw      gp, -1410(t5)
core   0: 3 0x80009586 (0xa63f2f23) mem 0x8000a000 0x00000001
core   0: 0x8000958a (0x0000bfe5) c.j     pc - 8
core   0: 3 0x8000958a (0xbfe5)
core   0: 0x80009582 (0x00001f17) auipc   t5, 0x1
core   0: 3 0x80009582 (0x00001f17) x30 0x8000a582
core   0: 0x80009586 (0xa63f2f23) sw      gp, -1410(t5)
core   0: 3 0x80009586 (0xa63f2f23) mem 0x8000a000 0x00000001
core   0: 0x8000958a (0x0000bfe5) c.j     pc - 8
core   0: 3 0x8000958a (0xbfe5)
core   0: 0x80009582 (0x00001f17) auipc   t5, 0x1
core   0: 3 0x80009582 (0x00001f17) x30 0x8000a582
core   0: 0x80009586 (0xa63f2f23) sw      gp, -1410(t5)
core   0: 3 0x80009586 (0xa63f2f23) mem 0x8000a000 0x00000001
core   0: 0x8000958a (0x0000bfe5) c.j     pc - 8
core   0: 3 0x8000958a (0xbfe5)
core   0: 0x80009582 (0x00001f17) auipc   t5, 0x1
core   0: 3 0x80009582 (0x00001f17) x30 0x8000a582
core   0: 0x80009586 (0xa63f2f23) sw      gp, -1410(t5)
core   0: 3 0x80009586 (0xa63f2f23) mem 0x8000a000 0x00000001
core   0: 0x8000958a (0x0000bfe5) c.j     pc - 8
core   0: 3 0x8000958a (0xbfe5)
core   0: 0x80009582 (0x00001f17) auipc   t5, 0x1
core   0: 3 0x80009582 (0x00001f17) x30 0x8000a582
core   0: 0x80009586 (0xa63f2f23) sw      gp, -1410(t5)
core   0: 3 0x80009586 (0xa63f2f23) mem 0x8000a000 0x00000001
core   0: 0x8000958a (0x0000bfe5) c.j     pc - 8
core   0: 3 0x8000958a (0xbfe5)
core   0: 0x80009582 (0x00001f17) auipc   t5, 0x1
core   0: 3 0x80009582 (0x00001f17) x30 0x8000a582
core   0: 0x80009586 (0xa63f2f23) sw      gp, -1410(t5)
core   0: 3 0x80009586 (0xa63f2f23) mem 0x8000a000 0x00000001
core   0: 0x8000958a (0x0000bfe5) c.j     pc - 8
core   0: 3 0x8000958a (0xbfe5)
core   0: 0x80009582 (0x00001f17) auipc   t5, 0x1
core   0: 3 0x80009582 (0x00001f17) x30 0x8000a582
core   0: 0x80009586 (0xa63f2f23) sw      gp, -1410(t5)
core   0: 3 0x80009586 (0xa63f2f23) mem 0x8000a000 0x00000001
core   0: 0x8000958a (0x0000bfe5) c.j     pc - 8
core   0: 3 0x8000958a (0xbfe5)
core   0: 0x80009582 (0x00001f17) auipc   t5, 0x1
core   0: 3 0x80009582 (0x00001f17) x30 0x8000a582
core   0: 0x80009586 (0xa63f2f23) sw      gp, -1410(t5)
core   0: 3 0x80009586 (0xa63f2f23) mem 0x8000a000 0x00000001
core   0: 0x8000958a (0x0000bfe5) c.j     pc - 8
core   0: 3 0x8000958a (0xbfe5)
core   0: 0x80009582 (0x00001f17) auipc   t5, 0x1
core   0: 3 0x80009582 (0x00001f17) x30 0x8000a582
core   0: 0x80009586 (0xa63f2f23) sw      gp, -1410(t5)
core   0: 3 0x80009586 (0xa63f2f23) mem 0x8000a000 0x00000001
core   0: 0x8000958a (0x0000bfe5) c.j     pc - 8
core   0: 3 0x8000958a (0xbfe5)
core   0: 0x80009582 (0x00001f17) auipc   t5, 0x1
core   0: 3 0x80009582 (0x00001f17) x30 0x8000a582
core   0: 0x80009586 (0xa63f2f23) sw      gp, -1410(t5)
core   0: 3 0x80009586 (0xa63f2f23) mem 0x8000a000 0x00000001
core   0: 0x8000958a (0x0000bfe5) c.j     pc - 8
core   0: 3 0x8000958a (0xbfe5)
core   0: 0x80009582 (0x00001f17) auipc   t5, 0x1
core   0: 3 0x80009582 (0x00001f17) x30 0x8000a582
core   0: 0x80009586 (0xa63f2f23) sw      gp, -1410(t5)
core   0: 3 0x80009586 (0xa63f2f23) mem 0x8000a000 0x00000001
core   0: 0x8000958a (0x0000bfe5) c.j     pc - 8
core   0: 3 0x8000958a (0xbfe5)
core   0: 0x80009582 (0x00001f17) auipc   t5, 0x1
core   0: 3 0x80009582 (0x00001f17) x30 0x8000a582
core   0: 0x80009586 (0xa63f2f23) sw      gp, -1410(t5)
core   0: 3 0x80009586 (0xa63f2f23) mem 0x8000a000 0x00000001
core   0: 0x8000958a (0x0000bfe5) c.j     pc - 8
core   0: 3 0x8000958a (0xbfe5)
core   0: 0x80009582 (0x00001f17) auipc   t5, 0x1
core   0: 3 0x80009582 (0x00001f17) x30 0x8000a582
core   0: 0x80009586 (0xa63f2f23) sw      gp, -1410(t5)
core   0: 3 0x80009586 (0xa63f2f23) mem 0x8000a000 0x00000001
core   0: 0x8000958a (0x0000bfe5) c.j     pc - 8
core   0: 3 0x8000958a (0xbfe5)
core   0: 0x80009582 (0x00001f17) auipc   t5, 0x1
core   0: 3 0x80009582 (0x00001f17) x30 0x8000a582
core   0: 0x80009586 (0xa63f2f23) sw      gp, -1410(t5)
core   0: 3 0x80009586 (0xa63f2f23) mem 0x8000a000 0x00000001
core   0: 0x8000958a (0x0000bfe5) c.j     pc - 8
core   0: 3 0x8000958a (0xbfe5)
core   0: 0x80009582 (0x00001f17) auipc   t5, 0x1
core   0: 3 0x80009582 (0x00001f17) x30 0x8000a582
core   0: 0x80009586 (0xa63f2f23) sw      gp, -1410(t5)
core   0: 3 0x80009586 (0xa63f2f23) mem 0x8000a000 0x00000001
core   0: 0x8000958a (0x0000bfe5) c.j     pc - 8
core   0: 3 0x8000958a (0xbfe5)
core   0: 0x80009582 (0x00001f17) auipc   t5, 0x1
core   0: 3 0x80009582 (0x00001f17) x30 0x8000a582
core   0: 0x80009586 (0xa63f2f23) sw      gp, -1410(t5)
core   0: 3 0x80009586 (0xa63f2f23) mem 0x8000a000 0x00000001
core   0: 0x8000958a (0x0000bfe5) c.j     pc - 8
core   0: 3 0x8000958a (0xbfe5)
core   0: 0x80009582 (0x00001f17) auipc   t5, 0x1
core   0: 3 0x80009582 (0x00001f17) x30 0x8000a582
core   0: 0x80009586 (0xa63f2f23) sw      gp, -1410(t5)
core   0: 3 0x80009586 (0xa63f2f23) mem 0x8000a000 0x00000001
core   0: 0x8000958a (0x0000bfe5) c.j     pc - 8
core   0: 3 0x8000958a (0xbfe5)
core   0: 0x80009582 (0x00001f17) auipc   t5, 0x1
core   0: 3 0x80009582 (0x00001f17) x30 0x8000a582
core   0: 0x80009586 (0xa63f2f23) sw      gp, -1410(t5)
core   0: 3 0x80009586 (0xa63f2f23) mem 0x8000a000 0x00000001
core   0: 0x8000958a (0x0000bfe5) c.j     pc - 8
core   0: 3 0x8000958a (0xbfe5)
core   0: 0x80009582 (0x00001f17) auipc   t5, 0x1
core   0: 3 0x80009582 (0x00001f17) x30 0x8000a582
core   0: 0x80009586 (0xa63f2f23) sw      gp, -1410(t5)
core   0: 3 0x80009586 (0xa63f2f23) mem 0x8000a000 0x00000001
core   0: 0x8000958a (0x0000bfe5) c.j     pc - 8
core   0: 3 0x8000958a (0xbfe5)
core   0: 0x80009582 (0x00001f17) auipc   t5, 0x1
core   0: 3 0x80009582 (0x00001f17) x30 0x8000a582
core   0: 0x80009586 (0xa63f2f23) sw      gp, -1410(t5)
core   0: 3 0x80009586 (0xa63f2f23) mem 0x8000a000 0x00000001
core   0: 0x8000958a (0x0000bfe5) c.j     pc - 8
core   0: 3 0x8000958a (0xbfe5)
core   0: 0x80009582 (0x00001f17) auipc   t5, 0x1
core   0: 3 0x80009582 (0x00001f17) x30 0x8000a582
core   0: 0x80009586 (0xa63f2f23) sw      gp, -1410(t5)
core   0: 3 0x80009586 (0xa63f2f23) mem 0x8000a000 0x00000001
core   0: 0x8000958a (0x0000bfe5) c.j     pc - 8
core   0: 3 0x8000958a (0xbfe5)
core   0: 0x80009582 (0x00001f17) auipc   t5, 0x1
core   0: 3 0x80009582 (0x00001f17) x30 0x8000a582
core   0: 0x80009586 (0xa63f2f23) sw      gp, -1410(t5)
core   0: 3 0x80009586 (0xa63f2f23) mem 0x8000a000 0x00000001
core   0: 0x8000958a (0x0000bfe5) c.j     pc - 8
core   0: 3 0x8000958a (0xbfe5)
core   0: 0x80009582 (0x00001f17) auipc   t5, 0x1
core   0: 3 0x80009582 (0x00001f17) x30 0x8000a582
core   0: 0x80009586 (0xa63f2f23) sw      gp, -1410(t5)
core   0: 3 0x80009586 (0xa63f2f23) mem 0x8000a000 0x00000001
core   0: 0x8000958a (0x0000bfe5) c.j     pc - 8
core   0: 3 0x8000958a (0xbfe5)
core   0: 0x80009582 (0x00001f17) auipc   t5, 0x1
core   0: 3 0x80009582 (0x00001f17) x30 0x8000a582
core   0: 0x80009586 (0xa63f2f23) sw      gp, -1410(t5)
core   0: 3 0x80009586 (0xa63f2f23) mem 0x8000a000 0x00000001
core   0: 0x8000958a (0x0000bfe5) c.j     pc - 8
core   0: 3 0x8000958a (0xbfe5)
core   0: 0x80009582 (0x00001f17) auipc   t5, 0x1
core   0: 3 0x80009582 (0x00001f17) x30 0x8000a582
core   0: 0x80009586 (0xa63f2f23) sw      gp, -1410(t5)
core   0: 3 0x80009586 (0xa63f2f23) mem 0x8000a000 0x00000001
core   0: 0x8000958a (0x0000bfe5) c.j     pc - 8
core   0: 3 0x8000958a (0xbfe5)
core   0: 0x80009582 (0x00001f17) auipc   t5, 0x1
core   0: 3 0x80009582 (0x00001f17) x30 0x8000a582
core   0: 0x80009586 (0xa63f2f23) sw      gp, -1410(t5)
core   0: 3 0x80009586 (0xa63f2f23) mem 0x8000a000 0x00000001
core   0: 0x8000958a (0x0000bfe5) c.j     pc - 8
core   0: 3 0x8000958a (0xbfe5)
core   0: 0x80009582 (0x00001f17) auipc   t5, 0x1
core   0: 3 0x80009582 (0x00001f17) x30 0x8000a582
core   0: 0x80009586 (0xa63f2f23) sw      gp, -1410(t5)
core   0: 3 0x80009586 (0xa63f2f23) mem 0x8000a000 0x00000001
core   0: 0x8000958a (0x0000bfe5) c.j     pc - 8
core   0: 3 0x8000958a (0xbfe5)
core   0: 0x80009582 (0x00001f17) auipc   t5, 0x1
core   0: 3 0x80009582 (0x00001f17) x30 0x8000a582
core   0: 0x80009586 (0xa63f2f23) sw      gp, -1410(t5)
core   0: 3 0x80009586 (0xa63f2f23) mem 0x8000a000 0x00000001
core   0: 0x8000958a (0x0000bfe5) c.j     pc - 8
core   0: 3 0x8000958a (0xbfe5)
core   0: 0x80009582 (0x00001f17) auipc   t5, 0x1
core   0: 3 0x80009582 (0x00001f17) x30 0x8000a582
core   0: 0x80009586 (0xa63f2f23) sw      gp, -1410(t5)
core   0: 3 0x80009586 (0xa63f2f23) mem 0x8000a000 0x00000001
core   0: 0x8000958a (0x0000bfe5) c.j     pc - 8
core   0: 3 0x8000958a (0xbfe5)
core   0: 0x80009582 (0x00001f17) auipc   t5, 0x1
core   0: 3 0x80009582 (0x00001f17) x30 0x8000a582
core   0: 0x80009586 (0xa63f2f23) sw      gp, -1410(t5)
core   0: 3 0x80009586 (0xa63f2f23) mem 0x8000a000 0x00000001
core   0: 0x8000958a (0x0000bfe5) c.j     pc - 8
core   0: 3 0x8000958a (0xbfe5)
core   0: 0x80009582 (0x00001f17) auipc   t5, 0x1
core   0: 3 0x80009582 (0x00001f17) x30 0x8000a582
core   0: 0x80009586 (0xa63f2f23) sw      gp, -1410(t5)
core   0: 3 0x80009586 (0xa63f2f23) mem 0x8000a000 0x00000001
core   0: 0x8000958a (0x0000bfe5) c.j     pc - 8
core   0: 3 0x8000958a (0xbfe5)
core   0: 0x80009582 (0x00001f17) auipc   t5, 0x1
core   0: 3 0x80009582 (0x00001f17) x30 0x8000a582
core   0: 0x80009586 (0xa63f2f23) sw      gp, -1410(t5)
core   0: 3 0x80009586 (0xa63f2f23) mem 0x8000a000 0x00000001
core   0: 0x8000958a (0x0000bfe5) c.j     pc - 8
core   0: 3 0x8000958a (0xbfe5)
core   0: 0x80009582 (0x00001f17) auipc   t5, 0x1
core   0: 3 0x80009582 (0x00001f17) x30 0x8000a582
core   0: 0x80009586 (0xa63f2f23) sw      gp, -1410(t5)
core   0: 3 0x80009586 (0xa63f2f23) mem 0x8000a000 0x00000001
core   0: 0x8000958a (0x0000bfe5) c.j     pc - 8
core   0: 3 0x8000958a (0xbfe5)
core   0: 0x80009582 (0x00001f17) auipc   t5, 0x1
core   0: 3 0x80009582 (0x00001f17) x30 0x8000a582
core   0: 0x80009586 (0xa63f2f23) sw      gp, -1410(t5)
core   0: 3 0x80009586 (0xa63f2f23) mem 0x8000a000 0x00000001
core   0: 0x8000958a (0x0000bfe5) c.j     pc - 8
core   0: 3 0x8000958a (0xbfe5)
core   0: 0x80009582 (0x00001f17) auipc   t5, 0x1
core   0: 3 0x80009582 (0x00001f17) x30 0x8000a582
core   0: 0x80009586 (0xa63f2f23) sw      gp, -1410(t5)
core   0: 3 0x80009586 (0xa63f2f23) mem 0x8000a000 0x00000001
core   0: 0x8000958a (0x0000bfe5) c.j     pc - 8
core   0: 3 0x8000958a (0xbfe5)
core   0: 0x80009582 (0x00001f17) auipc   t5, 0x1
core   0: 3 0x80009582 (0x00001f17) x30 0x8000a582
core   0: 0x80009586 (0xa63f2f23) sw      gp, -1410(t5)
core   0: 3 0x80009586 (0xa63f2f23) mem 0x8000a000 0x00000001
core   0: 0x8000958a (0x0000bfe5) c.j     pc - 8
core   0: 3 0x8000958a (0xbfe5)
core   0: 0x80009582 (0x00001f17) auipc   t5, 0x1
core   0: 3 0x80009582 (0x00001f17) x30 0x8000a582
core   0: 0x80009586 (0xa63f2f23) sw      gp, -1410(t5)
core   0: 3 0x80009586 (0xa63f2f23) mem 0x8000a000 0x00000001
core   0: 0x8000958a (0x0000bfe5) c.j     pc - 8
core   0: 3 0x8000958a (0xbfe5)
core   0: 0x80009582 (0x00001f17) auipc   t5, 0x1
core   0: 3 0x80009582 (0x00001f17) x30 0x8000a582
core   0: 0x80009586 (0xa63f2f23) sw      gp, -1410(t5)
core   0: 3 0x80009586 (0xa63f2f23) mem 0x8000a000 0x00000001
core   0: 0x8000958a (0x0000bfe5) c.j     pc - 8
core   0: 3 0x8000958a (0xbfe5)
core   0: 0x80009582 (0x00001f17) auipc   t5, 0x1
core   0: 3 0x80009582 (0x00001f17) x30 0x8000a582
core   0: 0x80009586 (0xa63f2f23) sw      gp, -1410(t5)
core   0: 3 0x80009586 (0xa63f2f23) mem 0x8000a000 0x00000001
core   0: 0x8000958a (0x0000bfe5) c.j     pc - 8
core   0: 3 0x8000958a (0xbfe5)
core   0: 0x80009582 (0x00001f17) auipc   t5, 0x1
core   0: 3 0x80009582 (0x00001f17) x30 0x8000a582
core   0: 0x80009586 (0xa63f2f23) sw      gp, -1410(t5)
core   0: 3 0x80009586 (0xa63f2f23) mem 0x8000a000 0x00000001
core   0: 0x8000958a (0x0000bfe5) c.j     pc - 8
core   0: 3 0x8000958a (0xbfe5)
core   0: 0x80009582 (0x00001f17) auipc   t5, 0x1
core   0: 3 0x80009582 (0x00001f17) x30 0x8000a582
core   0: 0x80009586 (0xa63f2f23) sw      gp, -1410(t5)
core   0: 3 0x80009586 (0xa63f2f23) mem 0x8000a000 0x00000001
core   0: 0x8000958a (0x0000bfe5) c.j     pc - 8
core   0: 3 0x8000958a (0xbfe5)
core   0: 0x80009582 (0x00001f17) auipc   t5, 0x1
core   0: 3 0x80009582 (0x00001f17) x30 0x8000a582
core   0: 0x80009586 (0xa63f2f23) sw      gp, -1410(t5)
core   0: 3 0x80009586 (0xa63f2f23) mem 0x8000a000 0x00000001
core   0: 0x8000958a (0x0000bfe5) c.j     pc - 8
core   0: 3 0x8000958a (0xbfe5)
core   0: 0x80009582 (0x00001f17) auipc   t5, 0x1
core   0: 3 0x80009582 (0x00001f17) x30 0x8000a582
core   0: 0x80009586 (0xa63f2f23) sw      gp, -1410(t5)
core   0: 3 0x80009586 (0xa63f2f23) mem 0x8000a000 0x00000001
core   0: 0x8000958a (0x0000bfe5) c.j     pc - 8
core   0: 3 0x8000958a (0xbfe5)
core   0: 0x80009582 (0x00001f17) auipc   t5, 0x1
core   0: 3 0x80009582 (0x00001f17) x30 0x8000a582
core   0: 0x80009586 (0xa63f2f23) sw      gp, -1410(t5)
core   0: 3 0x80009586 (0xa63f2f23) mem 0x8000a000 0x00000001
core   0: 0x8000958a (0x0000bfe5) c.j     pc - 8
core   0: 3 0x8000958a (0xbfe5)
core   0: 0x80009582 (0x00001f17) auipc   t5, 0x1
core   0: 3 0x80009582 (0x00001f17) x30 0x8000a582
core   0: 0x80009586 (0xa63f2f23) sw      gp, -1410(t5)
core   0: 3 0x80009586 (0xa63f2f23) mem 0x8000a000 0x00000001
core   0: 0x8000958a (0x0000bfe5) c.j     pc - 8
core   0: 3 0x8000958a (0xbfe5)
core   0: 0x80009582 (0x00001f17) auipc   t5, 0x1
core   0: 3 0x80009582 (0x00001f17) x30 0x8000a582
core   0: 0x80009586 (0xa63f2f23) sw      gp, -1410(t5)
core   0: 3 0x80009586 (0xa63f2f23) mem 0x8000a000 0x00000001
core   0: 0x8000958a (0x0000bfe5) c.j     pc - 8
core   0: 3 0x8000958a (0xbfe5)
core   0: 0x80009582 (0x00001f17) auipc   t5, 0x1
core   0: 3 0x80009582 (0x00001f17) x30 0x8000a582
core   0: 0x80009586 (0xa63f2f23) sw      gp, -1410(t5)
core   0: 3 0x80009586 (0xa63f2f23) mem 0x8000a000 0x00000001
core   0: 0x8000958a (0x0000bfe5) c.j     pc - 8
core   0: 3 0x8000958a (0xbfe5)
core   0: 0x80009582 (0x00001f17) auipc   t5, 0x1
core   0: 3 0x80009582 (0x00001f17) x30 0x8000a582
core   0: 0x80009586 (0xa63f2f23) sw      gp, -1410(t5)
core   0: 3 0x80009586 (0xa63f2f23) mem 0x8000a000 0x00000001
core   0: 0x8000958a (0x0000bfe5) c.j     pc - 8
core   0: 3 0x8000958a (0xbfe5)
core   0: 0x80009582 (0x00001f17) auipc   t5, 0x1
core   0: 3 0x80009582 (0x00001f17) x30 0x8000a582
core   0: 0x80009586 (0xa63f2f23) sw      gp, -1410(t5)
core   0: 3 0x80009586 (0xa63f2f23) mem 0x8000a000 0x00000001
core   0: 0x8000958a (0x0000bfe5) c.j     pc - 8
core   0: 3 0x8000958a (0xbfe5)
core   0: 0x80009582 (0x00001f17) auipc   t5, 0x1
core   0: 3 0x80009582 (0x00001f17) x30 0x8000a582
core   0: 0x80009586 (0xa63f2f23) sw      gp, -1410(t5)
core   0: 3 0x80009586 (0xa63f2f23) mem 0x8000a000 0x00000001
core   0: 0x8000958a (0x0000bfe5) c.j     pc - 8
core   0: 3 0x8000958a (0xbfe5)
core   0: 0x80009582 (0x00001f17) auipc   t5, 0x1
core   0: 3 0x80009582 (0x00001f17) x30 0x8000a582
core   0: 0x80009586 (0xa63f2f23) sw      gp, -1410(t5)
core   0: 3 0x80009586 (0xa63f2f23) mem 0x8000a000 0x00000001
core   0: 0x8000958a (0x0000bfe5) c.j     pc - 8
core   0: 3 0x8000958a (0xbfe5)
core   0: 0x80009582 (0x00001f17) auipc   t5, 0x1
core   0: 3 0x80009582 (0x00001f17) x30 0x8000a582
core   0: 0x80009586 (0xa63f2f23) sw      gp, -1410(t5)
core   0: 3 0x80009586 (0xa63f2f23) mem 0x8000a000 0x00000001
core   0: 0x8000958a (0x0000bfe5) c.j     pc - 8
core   0: 3 0x8000958a (0xbfe5)
core   0: 0x80009582 (0x00001f17) auipc   t5, 0x1
core   0: 3 0x80009582 (0x00001f17) x30 0x8000a582
core   0: 0x80009586 (0xa63f2f23) sw      gp, -1410(t5)
core   0: 3 0x80009586 (0xa63f2f23) mem 0x8000a000 0x00000001
core   0: 0x8000958a (0x0000bfe5) c.j     pc - 8
core   0: 3 0x8000958a (0xbfe5)
core   0: 0x80009582 (0x00001f17) auipc   t5, 0x1
core   0: 3 0x80009582 (0x00001f17) x30 0x8000a582
core   0: 0x80009586 (0xa63f2f23) sw      gp, -1410(t5)
core   0: 3 0x80009586 (0xa63f2f23) mem 0x8000a000 0x00000001
core   0: 0x8000958a (0x0000bfe5) c.j     pc - 8
core   0: 3 0x8000958a (0xbfe5)
core   0: 0x80009582 (0x00001f17) auipc   t5, 0x1
core   0: 3 0x80009582 (0x00001f17) x30 0x8000a582
core   0: 0x80009586 (0xa63f2f23) sw      gp, -1410(t5)
core   0: 3 0x80009586 (0xa63f2f23) mem 0x8000a000 0x00000001
core   0: 0x8000958a (0x0000bfe5) c.j     pc - 8
core   0: 3 0x8000958a (0xbfe5)
core   0: 0x80009582 (0x00001f17) auipc   t5, 0x1
core   0: 3 0x80009582 (0x00001f17) x30 0x8000a582
core   0: 0x80009586 (0xa63f2f23) sw      gp, -1410(t5)
core   0: 3 0x80009586 (0xa63f2f23) mem 0x8000a000 0x00000001
core   0: 0x8000958a (0x0000bfe5) c.j     pc - 8
core   0: 3 0x8000958a (0xbfe5)
core   0: 0x80009582 (0x00001f17) auipc   t5, 0x1
core   0: 3 0x80009582 (0x00001f17) x30 0x8000a582
core   0: 0x80009586 (0xa63f2f23) sw      gp, -1410(t5)
core   0: 3 0x80009586 (0xa63f2f23) mem 0x8000a000 0x00000001
core   0: 0x8000958a (0x0000bfe5) c.j     pc - 8
core   0: 3 0x8000958a (0xbfe5)
core   0: 0x80009582 (0x00001f17) auipc   t5, 0x1
core   0: 3 0x80009582 (0x00001f17) x30 0x8000a582
core   0: 0x80009586 (0xa63f2f23) sw      gp, -1410(t5)
core   0: 3 0x80009586 (0xa63f2f23) mem 0x8000a000 0x00000001
core   0: 0x8000958a (0x0000bfe5) c.j     pc - 8
core   0: 3 0x8000958a (0xbfe5)
core   0: 0x80009582 (0x00001f17) auipc   t5, 0x1
core   0: 3 0x80009582 (0x00001f17) x30 0x8000a582
core   0: 0x80009586 (0xa63f2f23) sw      gp, -1410(t5)
core   0: 3 0x80009586 (0xa63f2f23) mem 0x8000a000 0x00000001
core   0: 0x8000958a (0x0000bfe5) c.j     pc - 8
core   0: 3 0x8000958a (0xbfe5)
core   0: 0x80009582 (0x00001f17) auipc   t5, 0x1
core   0: 3 0x80009582 (0x00001f17) x30 0x8000a582
core   0: 0x80009586 (0xa63f2f23) sw      gp, -1410(t5)
core   0: 3 0x80009586 (0xa63f2f23) mem 0x8000a000 0x00000001
core   0: 0x8000958a (0x0000bfe5) c.j     pc - 8
core   0: 3 0x8000958a (0xbfe5)
core   0: 0x80009582 (0x00001f17) auipc   t5, 0x1
core   0: 3 0x80009582 (0x00001f17) x30 0x8000a582
core   0: 0x80009586 (0xa63f2f23) sw      gp, -1410(t5)
core   0: 3 0x80009586 (0xa63f2f23) mem 0x8000a000 0x00000001
core   0: 0x8000958a (0x0000bfe5) c.j     pc - 8
core   0: 3 0x8000958a (0xbfe5)
core   0: 0x80009582 (0x00001f17) auipc   t5, 0x1
core   0: 3 0x80009582 (0x00001f17) x30 0x8000a582
core   0: 0x80009586 (0xa63f2f23) sw      gp, -1410(t5)
core   0: 3 0x80009586 (0xa63f2f23) mem 0x8000a000 0x00000001
core   0: 0x8000958a (0x0000bfe5) c.j     pc - 8
core   0: 3 0x8000958a (0xbfe5)
core   0: 0x80009582 (0x00001f17) auipc   t5, 0x1
core   0: 3 0x80009582 (0x00001f17) x30 0x8000a582
core   0: 0x80009586 (0xa63f2f23) sw      gp, -1410(t5)
core   0: 3 0x80009586 (0xa63f2f23) mem 0x8000a000 0x00000001
core   0: 0x8000958a (0x0000bfe5) c.j     pc - 8
core   0: 3 0x8000958a (0xbfe5)
core   0: 0x80009582 (0x00001f17) auipc   t5, 0x1
core   0: 3 0x80009582 (0x00001f17) x30 0x8000a582
core   0: 0x80009586 (0xa63f2f23) sw      gp, -1410(t5)
core   0: 3 0x80009586 (0xa63f2f23) mem 0x8000a000 0x00000001
core   0: 0x8000958a (0x0000bfe5) c.j     pc - 8
core   0: 3 0x8000958a (0xbfe5)
core   0: 0x80009582 (0x00001f17) auipc   t5, 0x1
core   0: 3 0x80009582 (0x00001f17) x30 0x8000a582
core   0: 0x80009586 (0xa63f2f23) sw      gp, -1410(t5)
core   0: 3 0x80009586 (0xa63f2f23) mem 0x8000a000 0x00000001
core   0: 0x8000958a (0x0000bfe5) c.j     pc - 8
core   0: 3 0x8000958a (0xbfe5)
core   0: 0x80009582 (0x00001f17) auipc   t5, 0x1
core   0: 3 0x80009582 (0x00001f17) x30 0x8000a582
core   0: 0x80009586 (0xa63f2f23) sw      gp, -1410(t5)
core   0: 3 0x80009586 (0xa63f2f23) mem 0x8000a000 0x00000001
core   0: 0x8000958a (0x0000bfe5) c.j     pc - 8
core   0: 3 0x8000958a (0xbfe5)
core   0: 0x80009582 (0x00001f17) auipc   t5, 0x1
core   0: 3 0x80009582 (0x00001f17) x30 0x8000a582
core   0: 0x80009586 (0xa63f2f23) sw      gp, -1410(t5)
core   0: 3 0x80009586 (0xa63f2f23) mem 0x8000a000 0x00000001
core   0: 0x8000958a (0x0000bfe5) c.j     pc - 8
core   0: 3 0x8000958a (0xbfe5)
core   0: 0x80009582 (0x00001f17) auipc   t5, 0x1
core   0: 3 0x80009582 (0x00001f17) x30 0x8000a582
core   0: 0x80009586 (0xa63f2f23) sw      gp, -1410(t5)
core   0: 3 0x80009586 (0xa63f2f23) mem 0x8000a000 0x00000001
core   0: 0x8000958a (0x0000bfe5) c.j     pc - 8
core   0: 3 0x8000958a (0xbfe5)
core   0: 0x80009582 (0x00001f17) auipc   t5, 0x1
core   0: 3 0x80009582 (0x00001f17) x30 0x8000a582
core   0: 0x80009586 (0xa63f2f23) sw      gp, -1410(t5)
core   0: 3 0x80009586 (0xa63f2f23) mem 0x8000a000 0x00000001
core   0: 0x8000958a (0x0000bfe5) c.j     pc - 8
core   0: 3 0x8000958a (0xbfe5)
core   0: 0x80009582 (0x00001f17) auipc   t5, 0x1
core   0: 3 0x80009582 (0x00001f17) x30 0x8000a582
core   0: 0x80009586 (0xa63f2f23) sw      gp, -1410(t5)
core   0: 3 0x80009586 (0xa63f2f23) mem 0x8000a000 0x00000001
core   0: 0x8000958a (0x0000bfe5) c.j     pc - 8
core   0: 3 0x8000958a (0xbfe5)
core   0: 0x80009582 (0x00001f17) auipc   t5, 0x1
core   0: 3 0x80009582 (0x00001f17) x30 0x8000a582
core   0: 0x80009586 (0xa63f2f23) sw      gp, -1410(t5)
core   0: 3 0x80009586 (0xa63f2f23) mem 0x8000a000 0x00000001
core   0: 0x8000958a (0x0000bfe5) c.j     pc - 8
core   0: 3 0x8000958a (0xbfe5)
core   0: 0x80009582 (0x00001f17) auipc   t5, 0x1
core   0: 3 0x80009582 (0x00001f17) x30 0x8000a582
core   0: 0x80009586 (0xa63f2f23) sw      gp, -1410(t5)
core   0: 3 0x80009586 (0xa63f2f23) mem 0x8000a000 0x00000001
core   0: 0x8000958a (0x0000bfe5) c.j     pc - 8
core   0: 3 0x8000958a (0xbfe5)
core   0: 0x80009582 (0x00001f17) auipc   t5, 0x1
core   0: 3 0x80009582 (0x00001f17) x30 0x8000a582
core   0: 0x80009586 (0xa63f2f23) sw      gp, -1410(t5)
core   0: 3 0x80009586 (0xa63f2f23) mem 0x8000a000 0x00000001
core   0: 0x8000958a (0x0000bfe5) c.j     pc - 8
core   0: 3 0x8000958a (0xbfe5)
core   0: 0x80009582 (0x00001f17) auipc   t5, 0x1
core   0: 3 0x80009582 (0x00001f17) x30 0x8000a582
core   0: 0x80009586 (0xa63f2f23) sw      gp, -1410(t5)
core   0: 3 0x80009586 (0xa63f2f23) mem 0x8000a000 0x00000001
core   0: 0x8000958a (0x0000bfe5) c.j     pc - 8
core   0: 3 0x8000958a (0xbfe5)
core   0: 0x80009582 (0x00001f17) auipc   t5, 0x1
core   0: 3 0x80009582 (0x00001f17) x30 0x8000a582
core   0: 0x80009586 (0xa63f2f23) sw      gp, -1410(t5)
core   0: 3 0x80009586 (0xa63f2f23) mem 0x8000a000 0x00000001
core   0: 0x8000958a (0x0000bfe5) c.j     pc - 8
core   0: 3 0x8000958a (0xbfe5)
core   0: 0x80009582 (0x00001f17) auipc   t5, 0x1
core   0: 3 0x80009582 (0x00001f17) x30 0x8000a582
core   0: 0x80009586 (0xa63f2f23) sw      gp, -1410(t5)
core   0: 3 0x80009586 (0xa63f2f23) mem 0x8000a000 0x00000001
core   0: 0x8000958a (0x0000bfe5) c.j     pc - 8
core   0: 3 0x8000958a (0xbfe5)
core   0: 0x80009582 (0x00001f17) auipc   t5, 0x1
core   0: 3 0x80009582 (0x00001f17) x30 0x8000a582
core   0: 0x80009586 (0xa63f2f23) sw      gp, -1410(t5)
core   0: 3 0x80009586 (0xa63f2f23) mem 0x8000a000 0x00000001
core   0: 0x8000958a (0x0000bfe5) c.j     pc - 8
core   0: 3 0x8000958a (0xbfe5)
core   0: 0x80009582 (0x00001f17) auipc   t5, 0x1
core   0: 3 0x80009582 (0x00001f17) x30 0x8000a582
core   0: 0x80009586 (0xa63f2f23) sw      gp, -1410(t5)
core   0: 3 0x80009586 (0xa63f2f23) mem 0x8000a000 0x00000001
core   0: 0x8000958a (0x0000bfe5) c.j     pc - 8
core   0: 3 0x8000958a (0xbfe5)
core   0: 0x80009582 (0x00001f17) auipc   t5, 0x1
core   0: 3 0x80009582 (0x00001f17) x30 0x8000a582
core   0: 0x80009586 (0xa63f2f23) sw      gp, -1410(t5)
core   0: 3 0x80009586 (0xa63f2f23) mem 0x8000a000 0x00000001
core   0: 0x8000958a (0x0000bfe5) c.j     pc - 8
core   0: 3 0x8000958a (0xbfe5)
core   0: 0x80009582 (0x00001f17) auipc   t5, 0x1
core   0: 3 0x80009582 (0x00001f17) x30 0x8000a582
core   0: 0x80009586 (0xa63f2f23) sw      gp, -1410(t5)
core   0: 3 0x80009586 (0xa63f2f23) mem 0x8000a000 0x00000001
core   0: 0x8000958a (0x0000bfe5) c.j     pc - 8
core   0: 3 0x8000958a (0xbfe5)
core   0: 0x80009582 (0x00001f17) auipc   t5, 0x1
core   0: 3 0x80009582 (0x00001f17) x30 0x8000a582
core   0: 0x80009586 (0xa63f2f23) sw      gp, -1410(t5)
core   0: 3 0x80009586 (0xa63f2f23) mem 0x8000a000 0x00000001
core   0: 0x8000958a (0x0000bfe5) c.j     pc - 8
core   0: 3 0x8000958a (0xbfe5)
core   0: 0x80009582 (0x00001f17) auipc   t5, 0x1
core   0: 3 0x80009582 (0x00001f17) x30 0x8000a582
core   0: 0x80009586 (0xa63f2f23) sw      gp, -1410(t5)
core   0: 3 0x80009586 (0xa63f2f23) mem 0x8000a000 0x00000001
core   0: 0x8000958a (0x0000bfe5) c.j     pc - 8
core   0: 3 0x8000958a (0xbfe5)
core   0: 0x80009582 (0x00001f17) auipc   t5, 0x1
core   0: 3 0x80009582 (0x00001f17) x30 0x8000a582
core   0: 0x80009586 (0xa63f2f23) sw      gp, -1410(t5)
core   0: 3 0x80009586 (0xa63f2f23) mem 0x8000a000 0x00000001
core   0: 0x8000958a (0x0000bfe5) c.j     pc - 8
core   0: 3 0x8000958a (0xbfe5)
core   0: 0x80009582 (0x00001f17) auipc   t5, 0x1
core   0: 3 0x80009582 (0x00001f17) x30 0x8000a582
core   0: 0x80009586 (0xa63f2f23) sw      gp, -1410(t5)
core   0: 3 0x80009586 (0xa63f2f23) mem 0x8000a000 0x00000001
core   0: 0x8000958a (0x0000bfe5) c.j     pc - 8
core   0: 3 0x8000958a (0xbfe5)
core   0: 0x80009582 (0x00001f17) auipc   t5, 0x1
core   0: 3 0x80009582 (0x00001f17) x30 0x8000a582
core   0: 0x80009586 (0xa63f2f23) sw      gp, -1410(t5)
core   0: 3 0x80009586 (0xa63f2f23) mem 0x8000a000 0x00000001
core   0: 0x8000958a (0x0000bfe5) c.j     pc - 8
core   0: 3 0x8000958a (0xbfe5)
core   0: 0x80009582 (0x00001f17) auipc   t5, 0x1
core   0: 3 0x80009582 (0x00001f17) x30 0x8000a582
core   0: 0x80009586 (0xa63f2f23) sw      gp, -1410(t5)
core   0: 3 0x80009586 (0xa63f2f23) mem 0x8000a000 0x00000001
core   0: 0x8000958a (0x0000bfe5) c.j     pc - 8
core   0: 3 0x8000958a (0xbfe5)
core   0: 0x80009582 (0x00001f17) auipc   t5, 0x1
core   0: 3 0x80009582 (0x00001f17) x30 0x8000a582
core   0: 0x80009586 (0xa63f2f23) sw      gp, -1410(t5)
core   0: 3 0x80009586 (0xa63f2f23) mem 0x8000a000 0x00000001
core   0: 0x8000958a (0x0000bfe5) c.j     pc - 8
core   0: 3 0x8000958a (0xbfe5)
core   0: 0x80009582 (0x00001f17) auipc   t5, 0x1
core   0: 3 0x80009582 (0x00001f17) x30 0x8000a582
core   0: 0x80009586 (0xa63f2f23) sw      gp, -1410(t5)
core   0: 3 0x80009586 (0xa63f2f23) mem 0x8000a000 0x00000001
core   0: 0x8000958a (0x0000bfe5) c.j     pc - 8
core   0: 3 0x8000958a (0xbfe5)
core   0: 0x80009582 (0x00001f17) auipc   t5, 0x1
core   0: 3 0x80009582 (0x00001f17) x30 0x8000a582
core   0: 0x80009586 (0xa63f2f23) sw      gp, -1410(t5)
core   0: 3 0x80009586 (0xa63f2f23) mem 0x8000a000 0x00000001
core   0: 0x8000958a (0x0000bfe5) c.j     pc - 8
core   0: 3 0x8000958a (0xbfe5)
core   0: 0x80009582 (0x00001f17) auipc   t5, 0x1
core   0: 3 0x80009582 (0x00001f17) x30 0x8000a582
core   0: 0x80009586 (0xa63f2f23) sw      gp, -1410(t5)
core   0: 3 0x80009586 (0xa63f2f23) mem 0x8000a000 0x00000001
core   0: 0x8000958a (0x0000bfe5) c.j     pc - 8
core   0: 3 0x8000958a (0xbfe5)
core   0: 0x80009582 (0x00001f17) auipc   t5, 0x1
core   0: 3 0x80009582 (0x00001f17) x30 0x8000a582
core   0: 0x80009586 (0xa63f2f23) sw      gp, -1410(t5)
core   0: 3 0x80009586 (0xa63f2f23) mem 0x8000a000 0x00000001
core   0: 0x8000958a (0x0000bfe5) c.j     pc - 8
core   0: 3 0x8000958a (0xbfe5)
core   0: 0x80009582 (0x00001f17) auipc   t5, 0x1
core   0: 3 0x80009582 (0x00001f17) x30 0x8000a582
core   0: 0x80009586 (0xa63f2f23) sw      gp, -1410(t5)
core   0: 3 0x80009586 (0xa63f2f23) mem 0x8000a000 0x00000001
core   0: 0x8000958a (0x0000bfe5) c.j     pc - 8
core   0: 3 0x8000958a (0xbfe5)
core   0: 0x80009582 (0x00001f17) auipc   t5, 0x1
core   0: 3 0x80009582 (0x00001f17) x30 0x8000a582
core   0: 0x80009586 (0xa63f2f23) sw      gp, -1410(t5)
core   0: 3 0x80009586 (0xa63f2f23) mem 0x8000a000 0x00000001
core   0: 0x8000958a (0x0000bfe5) c.j     pc - 8
core   0: 3 0x8000958a (0xbfe5)
core   0: 0x80009582 (0x00001f17) auipc   t5, 0x1
core   0: 3 0x80009582 (0x00001f17) x30 0x8000a582
core   0: 0x80009586 (0xa63f2f23) sw      gp, -1410(t5)
core   0: 3 0x80009586 (0xa63f2f23) mem 0x8000a000 0x00000001
core   0: 0x8000958a (0x0000bfe5) c.j     pc - 8
core   0: 3 0x8000958a (0xbfe5)
core   0: 0x80009582 (0x00001f17) auipc   t5, 0x1
core   0: 3 0x80009582 (0x00001f17) x30 0x8000a582
core   0: 0x80009586 (0xa63f2f23) sw      gp, -1410(t5)
core   0: 3 0x80009586 (0xa63f2f23) mem 0x8000a000 0x00000001
core   0: 0x8000958a (0x0000bfe5) c.j     pc - 8
core   0: 3 0x8000958a (0xbfe5)
core   0: 0x80009582 (0x00001f17) auipc   t5, 0x1
core   0: 3 0x80009582 (0x00001f17) x30 0x8000a582
core   0: 0x80009586 (0xa63f2f23) sw      gp, -1410(t5)
core   0: 3 0x80009586 (0xa63f2f23) mem 0x8000a000 0x00000001
core   0: 0x8000958a (0x0000bfe5) c.j     pc - 8
core   0: 3 0x8000958a (0xbfe5)
core   0: 0x80009582 (0x00001f17) auipc   t5, 0x1
core   0: 3 0x80009582 (0x00001f17) x30 0x8000a582
core   0: 0x80009586 (0xa63f2f23) sw      gp, -1410(t5)
core   0: 3 0x80009586 (0xa63f2f23) mem 0x8000a000 0x00000001
core   0: 0x8000958a (0x0000bfe5) c.j     pc - 8
core   0: 3 0x8000958a (0xbfe5)
core   0: 0x80009582 (0x00001f17) auipc   t5, 0x1
core   0: 3 0x80009582 (0x00001f17) x30 0x8000a582
core   0: 0x80009586 (0xa63f2f23) sw      gp, -1410(t5)
core   0: 3 0x80009586 (0xa63f2f23) mem 0x8000a000 0x00000001
core   0: 0x8000958a (0x0000bfe5) c.j     pc - 8
core   0: 3 0x8000958a (0xbfe5)
core   0: 0x80009582 (0x00001f17) auipc   t5, 0x1
core   0: 3 0x80009582 (0x00001f17) x30 0x8000a582
core   0: 0x80009586 (0xa63f2f23) sw      gp, -1410(t5)
core   0: 3 0x80009586 (0xa63f2f23) mem 0x8000a000 0x00000001
core   0: 0x8000958a (0x0000bfe5) c.j     pc - 8
core   0: 3 0x8000958a (0xbfe5)
core   0: 0x80009582 (0x00001f17) auipc   t5, 0x1
core   0: 3 0x80009582 (0x00001f17) x30 0x8000a582
core   0: 0x80009586 (0xa63f2f23) sw      gp, -1410(t5)
core   0: 3 0x80009586 (0xa63f2f23) mem 0x8000a000 0x00000001
core   0: 0x8000958a (0x0000bfe5) c.j     pc - 8
core   0: 3 0x8000958a (0xbfe5)
core   0: 0x80009582 (0x00001f17) auipc   t5, 0x1
core   0: 3 0x80009582 (0x00001f17) x30 0x8000a582
core   0: 0x80009586 (0xa63f2f23) sw      gp, -1410(t5)
core   0: 3 0x80009586 (0xa63f2f23) mem 0x8000a000 0x00000001
core   0: 0x8000958a (0x0000bfe5) c.j     pc - 8
core   0: 3 0x8000958a (0xbfe5)
core   0: 0x80009582 (0x00001f17) auipc   t5, 0x1
core   0: 3 0x80009582 (0x00001f17) x30 0x8000a582
core   0: 0x80009586 (0xa63f2f23) sw      gp, -1410(t5)
core   0: 3 0x80009586 (0xa63f2f23) mem 0x8000a000 0x00000001
core   0: 0x8000958a (0x0000bfe5) c.j     pc - 8
core   0: 3 0x8000958a (0xbfe5)
core   0: 0x80009582 (0x00001f17) auipc   t5, 0x1
core   0: 3 0x80009582 (0x00001f17) x30 0x8000a582
core   0: 0x80009586 (0xa63f2f23) sw      gp, -1410(t5)
core   0: 3 0x80009586 (0xa63f2f23) mem 0x8000a000 0x00000001
core   0: 0x8000958a (0x0000bfe5) c.j     pc - 8
core   0: 3 0x8000958a (0xbfe5)
core   0: 0x80009582 (0x00001f17) auipc   t5, 0x1
core   0: 3 0x80009582 (0x00001f17) x30 0x8000a582
core   0: 0x80009586 (0xa63f2f23) sw      gp, -1410(t5)
core   0: 3 0x80009586 (0xa63f2f23) mem 0x8000a000 0x00000001
core   0: 0x8000958a (0x0000bfe5) c.j     pc - 8
core   0: 3 0x8000958a (0xbfe5)
core   0: 0x80009582 (0x00001f17) auipc   t5, 0x1
core   0: 3 0x80009582 (0x00001f17) x30 0x8000a582
core   0: 0x80009586 (0xa63f2f23) sw      gp, -1410(t5)
core   0: 3 0x80009586 (0xa63f2f23) mem 0x8000a000 0x00000001
core   0: 0x8000958a (0x0000bfe5) c.j     pc - 8
core   0: 3 0x8000958a (0xbfe5)
core   0: 0x80009582 (0x00001f17) auipc   t5, 0x1
core   0: 3 0x80009582 (0x00001f17) x30 0x8000a582
core   0: 0x80009586 (0xa63f2f23) sw      gp, -1410(t5)
core   0: 3 0x80009586 (0xa63f2f23) mem 0x8000a000 0x00000001
core   0: 0x8000958a (0x0000bfe5) c.j     pc - 8
core   0: 3 0x8000958a (0xbfe5)
core   0: 0x80009582 (0x00001f17) auipc   t5, 0x1
core   0: 3 0x80009582 (0x00001f17) x30 0x8000a582
core   0: 0x80009586 (0xa63f2f23) sw      gp, -1410(t5)
core   0: 3 0x80009586 (0xa63f2f23) mem 0x8000a000 0x00000001
core   0: 0x8000958a (0x0000bfe5) c.j     pc - 8
core   0: 3 0x8000958a (0xbfe5)
core   0: 0x80009582 (0x00001f17) auipc   t5, 0x1
core   0: 3 0x80009582 (0x00001f17) x30 0x8000a582
core   0: 0x80009586 (0xa63f2f23) sw      gp, -1410(t5)
core   0: 3 0x80009586 (0xa63f2f23) mem 0x8000a000 0x00000001
core   0: 0x8000958a (0x0000bfe5) c.j     pc - 8
core   0: 3 0x8000958a (0xbfe5)
core   0: 0x80009582 (0x00001f17) auipc   t5, 0x1
core   0: 3 0x80009582 (0x00001f17) x30 0x8000a582
core   0: 0x80009586 (0xa63f2f23) sw      gp, -1410(t5)
core   0: 3 0x80009586 (0xa63f2f23) mem 0x8000a000 0x00000001
core   0: 0x8000958a (0x0000bfe5) c.j     pc - 8
core   0: 3 0x8000958a (0xbfe5)
core   0: 0x80009582 (0x00001f17) auipc   t5, 0x1
core   0: 3 0x80009582 (0x00001f17) x30 0x8000a582
core   0: 0x80009586 (0xa63f2f23) sw      gp, -1410(t5)
core   0: 3 0x80009586 (0xa63f2f23) mem 0x8000a000 0x00000001
core   0: 0x8000958a (0x0000bfe5) c.j     pc - 8
core   0: 3 0x8000958a (0xbfe5)
core   0: 0x80009582 (0x00001f17) auipc   t5, 0x1
core   0: 3 0x80009582 (0x00001f17) x30 0x8000a582
core   0: 0x80009586 (0xa63f2f23) sw      gp, -1410(t5)
core   0: 3 0x80009586 (0xa63f2f23) mem 0x8000a000 0x00000001
core   0: 0x8000958a (0x0000bfe5) c.j     pc - 8
core   0: 3 0x8000958a (0xbfe5)
core   0: 0x80009582 (0x00001f17) auipc   t5, 0x1
core   0: 3 0x80009582 (0x00001f17) x30 0x8000a582
core   0: 0x80009586 (0xa63f2f23) sw      gp, -1410(t5)
core   0: 3 0x80009586 (0xa63f2f23) mem 0x8000a000 0x00000001
core   0: 0x8000958a (0x0000bfe5) c.j     pc - 8
core   0: 3 0x8000958a (0xbfe5)
core   0: 0x80009582 (0x00001f17) auipc   t5, 0x1
core   0: 3 0x80009582 (0x00001f17) x30 0x8000a582
core   0: 0x80009586 (0xa63f2f23) sw      gp, -1410(t5)
core   0: 3 0x80009586 (0xa63f2f23) mem 0x8000a000 0x00000001
core   0: 0x8000958a (0x0000bfe5) c.j     pc - 8
core   0: 3 0x8000958a (0xbfe5)
core   0: 0x80009582 (0x00001f17) auipc   t5, 0x1
core   0: 3 0x80009582 (0x00001f17) x30 0x8000a582
core   0: 0x80009586 (0xa63f2f23) sw      gp, -1410(t5)
core   0: 3 0x80009586 (0xa63f2f23) mem 0x8000a000 0x00000001
core   0: 0x8000958a (0x0000bfe5) c.j     pc - 8
core   0: 3 0x8000958a (0xbfe5)
core   0: 0x80009582 (0x00001f17) auipc   t5, 0x1
core   0: 3 0x80009582 (0x00001f17) x30 0x8000a582
core   0: 0x80009586 (0xa63f2f23) sw      gp, -1410(t5)
core   0: 3 0x80009586 (0xa63f2f23) mem 0x8000a000 0x00000001
core   0: 0x8000958a (0x0000bfe5) c.j     pc - 8
core   0: 3 0x8000958a (0xbfe5)
core   0: 0x80009582 (0x00001f17) auipc   t5, 0x1
core   0: 3 0x80009582 (0x00001f17) x30 0x8000a582
core   0: 0x80009586 (0xa63f2f23) sw      gp, -1410(t5)
core   0: 3 0x80009586 (0xa63f2f23) mem 0x8000a000 0x00000001
core   0: 0x8000958a (0x0000bfe5) c.j     pc - 8
core   0: 3 0x8000958a (0xbfe5)
core   0: 0x80009582 (0x00001f17) auipc   t5, 0x1
core   0: 3 0x80009582 (0x00001f17) x30 0x8000a582
core   0: 0x80009586 (0xa63f2f23) sw      gp, -1410(t5)
core   0: 3 0x80009586 (0xa63f2f23) mem 0x8000a000 0x00000001
core   0: 0x8000958a (0x0000bfe5) c.j     pc - 8
core   0: 3 0x8000958a (0xbfe5)
core   0: 0x80009582 (0x00001f17) auipc   t5, 0x1
core   0: 3 0x80009582 (0x00001f17) x30 0x8000a582
core   0: 0x80009586 (0xa63f2f23) sw      gp, -1410(t5)
core   0: 3 0x80009586 (0xa63f2f23) mem 0x8000a000 0x00000001
core   0: 0x8000958a (0x0000bfe5) c.j     pc - 8
core   0: 3 0x8000958a (0xbfe5)
core   0: 0x80009582 (0x00001f17) auipc   t5, 0x1
core   0: 3 0x80009582 (0x00001f17) x30 0x8000a582
core   0: 0x80009586 (0xa63f2f23) sw      gp, -1410(t5)
core   0: 3 0x80009586 (0xa63f2f23) mem 0x8000a000 0x00000001
core   0: 0x8000958a (0x0000bfe5) c.j     pc - 8
core   0: 3 0x8000958a (0xbfe5)
core   0: 0x80009582 (0x00001f17) auipc   t5, 0x1
core   0: 3 0x80009582 (0x00001f17) x30 0x8000a582
core   0: 0x80009586 (0xa63f2f23) sw      gp, -1410(t5)
core   0: 3 0x80009586 (0xa63f2f23) mem 0x8000a000 0x00000001
core   0: 0x8000958a (0x0000bfe5) c.j     pc - 8
core   0: 3 0x8000958a (0xbfe5)
core   0: 0x80009582 (0x00001f17) auipc   t5, 0x1
core   0: 3 0x80009582 (0x00001f17) x30 0x8000a582
core   0: 0x80009586 (0xa63f2f23) sw      gp, -1410(t5)
core   0: 3 0x80009586 (0xa63f2f23) mem 0x8000a000 0x00000001
core   0: 0x8000958a (0x0000bfe5) c.j     pc - 8
core   0: 3 0x8000958a (0xbfe5)
core   0: 0x80009582 (0x00001f17) auipc   t5, 0x1
core   0: 3 0x80009582 (0x00001f17) x30 0x8000a582
core   0: 0x80009586 (0xa63f2f23) sw      gp, -1410(t5)
core   0: 3 0x80009586 (0xa63f2f23) mem 0x8000a000 0x00000001
core   0: 0x8000958a (0x0000bfe5) c.j     pc - 8
core   0: 3 0x8000958a (0xbfe5)
core   0: 0x80009582 (0x00001f17) auipc   t5, 0x1
core   0: 3 0x80009582 (0x00001f17) x30 0x8000a582
core   0: 0x80009586 (0xa63f2f23) sw      gp, -1410(t5)
core   0: 3 0x80009586 (0xa63f2f23) mem 0x8000a000 0x00000001
core   0: 0x8000958a (0x0000bfe5) c.j     pc - 8
core   0: 3 0x8000958a (0xbfe5)
core   0: 0x80009582 (0x00001f17) auipc   t5, 0x1
core   0: 3 0x80009582 (0x00001f17) x30 0x8000a582
core   0: 0x80009586 (0xa63f2f23) sw      gp, -1410(t5)
core   0: 3 0x80009586 (0xa63f2f23) mem 0x8000a000 0x00000001
core   0: 0x8000958a (0x0000bfe5) c.j     pc - 8
core   0: 3 0x8000958a (0xbfe5)
core   0: 0x80009582 (0x00001f17) auipc   t5, 0x1
core   0: 3 0x80009582 (0x00001f17) x30 0x8000a582
core   0: 0x80009586 (0xa63f2f23) sw      gp, -1410(t5)
core   0: 3 0x80009586 (0xa63f2f23) mem 0x8000a000 0x00000001
core   0: 0x8000958a (0x0000bfe5) c.j     pc - 8
core   0: 3 0x8000958a (0xbfe5)
core   0: 0x80009582 (0x00001f17) auipc   t5, 0x1
core   0: 3 0x80009582 (0x00001f17) x30 0x8000a582
core   0: 0x80009586 (0xa63f2f23) sw      gp, -1410(t5)
core   0: 3 0x80009586 (0xa63f2f23) mem 0x8000a000 0x00000001
core   0: 0x8000958a (0x0000bfe5) c.j     pc - 8
core   0: 3 0x8000958a (0xbfe5)
core   0: 0x80009582 (0x00001f17) auipc   t5, 0x1
core   0: 3 0x80009582 (0x00001f17) x30 0x8000a582
core   0: 0x80009586 (0xa63f2f23) sw      gp, -1410(t5)
core   0: 3 0x80009586 (0xa63f2f23) mem 0x8000a000 0x00000001
core   0: 0x8000958a (0x0000bfe5) c.j     pc - 8
core   0: 3 0x8000958a (0xbfe5)
core   0: 0x80009582 (0x00001f17) auipc   t5, 0x1
core   0: 3 0x80009582 (0x00001f17) x30 0x8000a582
core   0: 0x80009586 (0xa63f2f23) sw      gp, -1410(t5)
core   0: 3 0x80009586 (0xa63f2f23) mem 0x8000a000 0x00000001
core   0: 0x8000958a (0x0000bfe5) c.j     pc - 8
core   0: 3 0x8000958a (0xbfe5)
core   0: 0x80009582 (0x00001f17) auipc   t5, 0x1
core   0: 3 0x80009582 (0x00001f17) x30 0x8000a582
core   0: 0x80009586 (0xa63f2f23) sw      gp, -1410(t5)
core   0: 3 0x80009586 (0xa63f2f23) mem 0x8000a000 0x00000001
core   0: 0x8000958a (0x0000bfe5) c.j     pc - 8
core   0: 3 0x8000958a (0xbfe5)
core   0: 0x80009582 (0x00001f17) auipc   t5, 0x1
core   0: 3 0x80009582 (0x00001f17) x30 0x8000a582
core   0: 0x80009586 (0xa63f2f23) sw      gp, -1410(t5)
core   0: 3 0x80009586 (0xa63f2f23) mem 0x8000a000 0x00000001
core   0: 0x8000958a (0x0000bfe5) c.j     pc - 8
core   0: 3 0x8000958a (0xbfe5)
core   0: 0x80009582 (0x00001f17) auipc   t5, 0x1
core   0: 3 0x80009582 (0x00001f17) x30 0x8000a582
core   0: 0x80009586 (0xa63f2f23) sw      gp, -1410(t5)
core   0: 3 0x80009586 (0xa63f2f23) mem 0x8000a000 0x00000001
core   0: 0x8000958a (0x0000bfe5) c.j     pc - 8
core   0: 3 0x8000958a (0xbfe5)
core   0: 0x80009582 (0x00001f17) auipc   t5, 0x1
core   0: 3 0x80009582 (0x00001f17) x30 0x8000a582
core   0: 0x80009586 (0xa63f2f23) sw      gp, -1410(t5)
core   0: 3 0x80009586 (0xa63f2f23) mem 0x8000a000 0x00000001
core   0: 0x8000958a (0x0000bfe5) c.j     pc - 8
core   0: 3 0x8000958a (0xbfe5)
core   0: 0x80009582 (0x00001f17) auipc   t5, 0x1
core   0: 3 0x80009582 (0x00001f17) x30 0x8000a582
core   0: 0x80009586 (0xa63f2f23) sw      gp, -1410(t5)
core   0: 3 0x80009586 (0xa63f2f23) mem 0x8000a000 0x00000001
core   0: 0x8000958a (0x0000bfe5) c.j     pc - 8
core   0: 3 0x8000958a (0xbfe5)
core   0: 0x80009582 (0x00001f17) auipc   t5, 0x1
core   0: 3 0x80009582 (0x00001f17) x30 0x8000a582
core   0: 0x80009586 (0xa63f2f23) sw      gp, -1410(t5)
core   0: 3 0x80009586 (0xa63f2f23) mem 0x8000a000 0x00000001
core   0: 0x8000958a (0x0000bfe5) c.j     pc - 8
core   0: 3 0x8000958a (0xbfe5)
core   0: 0x80009582 (0x00001f17) auipc   t5, 0x1
core   0: 3 0x80009582 (0x00001f17) x30 0x8000a582
core   0: 0x80009586 (0xa63f2f23) sw      gp, -1410(t5)
core   0: 3 0x80009586 (0xa63f2f23) mem 0x8000a000 0x00000001
core   0: 0x8000958a (0x0000bfe5) c.j     pc - 8
core   0: 3 0x8000958a (0xbfe5)
core   0: 0x80009582 (0x00001f17) auipc   t5, 0x1
core   0: 3 0x80009582 (0x00001f17) x30 0x8000a582
core   0: 0x80009586 (0xa63f2f23) sw      gp, -1410(t5)
core   0: 3 0x80009586 (0xa63f2f23) mem 0x8000a000 0x00000001
core   0: 0x8000958a (0x0000bfe5) c.j     pc - 8
core   0: 3 0x8000958a (0xbfe5)
core   0: 0x80009582 (0x00001f17) auipc   t5, 0x1
core   0: 3 0x80009582 (0x00001f17) x30 0x8000a582
core   0: 0x80009586 (0xa63f2f23) sw      gp, -1410(t5)
core   0: 3 0x80009586 (0xa63f2f23) mem 0x8000a000 0x00000001
core   0: 0x8000958a (0x0000bfe5) c.j     pc - 8
core   0: 3 0x8000958a (0xbfe5)
core   0: 0x80009582 (0x00001f17) auipc   t5, 0x1
core   0: 3 0x80009582 (0x00001f17) x30 0x8000a582
core   0: 0x80009586 (0xa63f2f23) sw      gp, -1410(t5)
core   0: 3 0x80009586 (0xa63f2f23) mem 0x8000a000 0x00000001
core   0: 0x8000958a (0x0000bfe5) c.j     pc - 8
core   0: 3 0x8000958a (0xbfe5)
core   0: 0x80009582 (0x00001f17) auipc   t5, 0x1
core   0: 3 0x80009582 (0x00001f17) x30 0x8000a582
core   0: 0x80009586 (0xa63f2f23) sw      gp, -1410(t5)
core   0: 3 0x80009586 (0xa63f2f23) mem 0x8000a000 0x00000001
core   0: 0x8000958a (0x0000bfe5) c.j     pc - 8
core   0: 3 0x8000958a (0xbfe5)
core   0: 0x80009582 (0x00001f17) auipc   t5, 0x1
core   0: 3 0x80009582 (0x00001f17) x30 0x8000a582
core   0: 0x80009586 (0xa63f2f23) sw      gp, -1410(t5)
core   0: 3 0x80009586 (0xa63f2f23) mem 0x8000a000 0x00000001
core   0: 0x8000958a (0x0000bfe5) c.j     pc - 8
core   0: 3 0x8000958a (0xbfe5)
core   0: 0x80009582 (0x00001f17) auipc   t5, 0x1
core   0: 3 0x80009582 (0x00001f17) x30 0x8000a582
core   0: 0x80009586 (0xa63f2f23) sw      gp, -1410(t5)
core   0: 3 0x80009586 (0xa63f2f23) mem 0x8000a000 0x00000001
core   0: 0x8000958a (0x0000bfe5) c.j     pc - 8
core   0: 3 0x8000958a (0xbfe5)
core   0: 0x80009582 (0x00001f17) auipc   t5, 0x1
core   0: 3 0x80009582 (0x00001f17) x30 0x8000a582
core   0: 0x80009586 (0xa63f2f23) sw      gp, -1410(t5)
core   0: 3 0x80009586 (0xa63f2f23) mem 0x8000a000 0x00000001
core   0: 0x8000958a (0x0000bfe5) c.j     pc - 8
core   0: 3 0x8000958a (0xbfe5)
core   0: 0x80009582 (0x00001f17) auipc   t5, 0x1
core   0: 3 0x80009582 (0x00001f17) x30 0x8000a582
core   0: 0x80009586 (0xa63f2f23) sw      gp, -1410(t5)
core   0: 3 0x80009586 (0xa63f2f23) mem 0x8000a000 0x00000001
core   0: 0x8000958a (0x0000bfe5) c.j     pc - 8
core   0: 3 0x8000958a (0xbfe5)
core   0: 0x80009582 (0x00001f17) auipc   t5, 0x1
core   0: 3 0x80009582 (0x00001f17) x30 0x8000a582
core   0: 0x80009586 (0xa63f2f23) sw      gp, -1410(t5)
core   0: 3 0x80009586 (0xa63f2f23) mem 0x8000a000 0x00000001
core   0: 0x8000958a (0x0000bfe5) c.j     pc - 8
core   0: 3 0x8000958a (0xbfe5)
core   0: 0x80009582 (0x00001f17) auipc   t5, 0x1
core   0: 3 0x80009582 (0x00001f17) x30 0x8000a582
core   0: 0x80009586 (0xa63f2f23) sw      gp, -1410(t5)
core   0: 3 0x80009586 (0xa63f2f23) mem 0x8000a000 0x00000001
core   0: 0x8000958a (0x0000bfe5) c.j     pc - 8
core   0: 3 0x8000958a (0xbfe5)
core   0: 0x80009582 (0x00001f17) auipc   t5, 0x1
core   0: 3 0x80009582 (0x00001f17) x30 0x8000a582
core   0: 0x80009586 (0xa63f2f23) sw      gp, -1410(t5)
core   0: 3 0x80009586 (0xa63f2f23) mem 0x8000a000 0x00000001
core   0: 0x8000958a (0x0000bfe5) c.j     pc - 8
core   0: 3 0x8000958a (0xbfe5)
core   0: 0x80009582 (0x00001f17) auipc   t5, 0x1
core   0: 3 0x80009582 (0x00001f17) x30 0x8000a582
core   0: 0x80009586 (0xa63f2f23) sw      gp, -1410(t5)
core   0: 3 0x80009586 (0xa63f2f23) mem 0x8000a000 0x00000001
core   0: 0x8000958a (0x0000bfe5) c.j     pc - 8
core   0: 3 0x8000958a (0xbfe5)
core   0: 0x80009582 (0x00001f17) auipc   t5, 0x1
core   0: 3 0x80009582 (0x00001f17) x30 0x8000a582
core   0: 0x80009586 (0xa63f2f23) sw      gp, -1410(t5)
core   0: 3 0x80009586 (0xa63f2f23) mem 0x8000a000 0x00000001
core   0: 0x8000958a (0x0000bfe5) c.j     pc - 8
core   0: 3 0x8000958a (0xbfe5)
core   0: 0x80009582 (0x00001f17) auipc   t5, 0x1
core   0: 3 0x80009582 (0x00001f17) x30 0x8000a582
core   0: 0x80009586 (0xa63f2f23) sw      gp, -1410(t5)
core   0: 3 0x80009586 (0xa63f2f23) mem 0x8000a000 0x00000001
core   0: 0x8000958a (0x0000bfe5) c.j     pc - 8
core   0: 3 0x8000958a (0xbfe5)
core   0: 0x80009582 (0x00001f17) auipc   t5, 0x1
core   0: 3 0x80009582 (0x00001f17) x30 0x8000a582
core   0: 0x80009586 (0xa63f2f23) sw      gp, -1410(t5)
core   0: 3 0x80009586 (0xa63f2f23) mem 0x8000a000 0x00000001
core   0: 0x8000958a (0x0000bfe5) c.j     pc - 8
core   0: 3 0x8000958a (0xbfe5)
core   0: 0x80009582 (0x00001f17) auipc   t5, 0x1
core   0: 3 0x80009582 (0x00001f17) x30 0x8000a582
core   0: 0x80009586 (0xa63f2f23) sw      gp, -1410(t5)
core   0: 3 0x80009586 (0xa63f2f23) mem 0x8000a000 0x00000001
core   0: 0x8000958a (0x0000bfe5) c.j     pc - 8
core   0: 3 0x8000958a (0xbfe5)
core   0: 0x80009582 (0x00001f17) auipc   t5, 0x1
core   0: 3 0x80009582 (0x00001f17) x30 0x8000a582
core   0: 0x80009586 (0xa63f2f23) sw      gp, -1410(t5)
core   0: 3 0x80009586 (0xa63f2f23) mem 0x8000a000 0x00000001
core   0: 0x8000958a (0x0000bfe5) c.j     pc - 8
core   0: 3 0x8000958a (0xbfe5)
core   0: 0x80009582 (0x00001f17) auipc   t5, 0x1
core   0: 3 0x80009582 (0x00001f17) x30 0x8000a582
core   0: 0x80009586 (0xa63f2f23) sw      gp, -1410(t5)
core   0: 3 0x80009586 (0xa63f2f23) mem 0x8000a000 0x00000001
core   0: 0x8000958a (0x0000bfe5) c.j     pc - 8
core   0: 3 0x8000958a (0xbfe5)
core   0: 0x80009582 (0x00001f17) auipc   t5, 0x1
core   0: 3 0x80009582 (0x00001f17) x30 0x8000a582
core   0: 0x80009586 (0xa63f2f23) sw      gp, -1410(t5)
core   0: 3 0x80009586 (0xa63f2f23) mem 0x8000a000 0x00000001
core   0: 0x8000958a (0x0000bfe5) c.j     pc - 8
core   0: 3 0x8000958a (0xbfe5)
core   0: 0x80009582 (0x00001f17) auipc   t5, 0x1
core   0: 3 0x80009582 (0x00001f17) x30 0x8000a582
core   0: 0x80009586 (0xa63f2f23) sw      gp, -1410(t5)
core   0: 3 0x80009586 (0xa63f2f23) mem 0x8000a000 0x00000001
core   0: 0x8000958a (0x0000bfe5) c.j     pc - 8
core   0: 3 0x8000958a (0xbfe5)
core   0: 0x80009582 (0x00001f17) auipc   t5, 0x1
core   0: 3 0x80009582 (0x00001f17) x30 0x8000a582
core   0: 0x80009586 (0xa63f2f23) sw      gp, -1410(t5)
core   0: 3 0x80009586 (0xa63f2f23) mem 0x8000a000 0x00000001
core   0: 0x8000958a (0x0000bfe5) c.j     pc - 8
core   0: 3 0x8000958a (0xbfe5)
core   0: 0x80009582 (0x00001f17) auipc   t5, 0x1
core   0: 3 0x80009582 (0x00001f17) x30 0x8000a582
core   0: 0x80009586 (0xa63f2f23) sw      gp, -1410(t5)
core   0: 3 0x80009586 (0xa63f2f23) mem 0x8000a000 0x00000001
core   0: 0x8000958a (0x0000bfe5) c.j     pc - 8
core   0: 3 0x8000958a (0xbfe5)
core   0: 0x80009582 (0x00001f17) auipc   t5, 0x1
core   0: 3 0x80009582 (0x00001f17) x30 0x8000a582
core   0: 0x80009586 (0xa63f2f23) sw      gp, -1410(t5)
core   0: 3 0x80009586 (0xa63f2f23) mem 0x8000a000 0x00000001
core   0: 0x8000958a (0x0000bfe5) c.j     pc - 8
core   0: 3 0x8000958a (0xbfe5)
core   0: 0x80009582 (0x00001f17) auipc   t5, 0x1
core   0: 3 0x80009582 (0x00001f17) x30 0x8000a582
core   0: 0x80009586 (0xa63f2f23) sw      gp, -1410(t5)
core   0: 3 0x80009586 (0xa63f2f23) mem 0x8000a000 0x00000001
core   0: 0x8000958a (0x0000bfe5) c.j     pc - 8
core   0: 3 0x8000958a (0xbfe5)
core   0: 0x80009582 (0x00001f17) auipc   t5, 0x1
core   0: 3 0x80009582 (0x00001f17) x30 0x8000a582
core   0: 0x80009586 (0xa63f2f23) sw      gp, -1410(t5)
core   0: 3 0x80009586 (0xa63f2f23) mem 0x8000a000 0x00000001
core   0: 0x8000958a (0x0000bfe5) c.j     pc - 8
core   0: 3 0x8000958a (0xbfe5)
core   0: 0x80009582 (0x00001f17) auipc   t5, 0x1
core   0: 3 0x80009582 (0x00001f17) x30 0x8000a582
core   0: 0x80009586 (0xa63f2f23) sw      gp, -1410(t5)
core   0: 3 0x80009586 (0xa63f2f23) mem 0x8000a000 0x00000001
core   0: 0x8000958a (0x0000bfe5) c.j     pc - 8
core   0: 3 0x8000958a (0xbfe5)
core   0: 0x80009582 (0x00001f17) auipc   t5, 0x1
core   0: 3 0x80009582 (0x00001f17) x30 0x8000a582
core   0: 0x80009586 (0xa63f2f23) sw      gp, -1410(t5)
core   0: 3 0x80009586 (0xa63f2f23) mem 0x8000a000 0x00000001
core   0: 0x8000958a (0x0000bfe5) c.j     pc - 8
core   0: 3 0x8000958a (0xbfe5)
core   0: 0x80009582 (0x00001f17) auipc   t5, 0x1
core   0: 3 0x80009582 (0x00001f17) x30 0x8000a582
core   0: 0x80009586 (0xa63f2f23) sw      gp, -1410(t5)
core   0: 3 0x80009586 (0xa63f2f23) mem 0x8000a000 0x00000001
core   0: 0x8000958a (0x0000bfe5) c.j     pc - 8
core   0: 3 0x8000958a (0xbfe5)
core   0: 0x80009582 (0x00001f17) auipc   t5, 0x1
core   0: 3 0x80009582 (0x00001f17) x30 0x8000a582
core   0: 0x80009586 (0xa63f2f23) sw      gp, -1410(t5)
core   0: 3 0x80009586 (0xa63f2f23) mem 0x8000a000 0x00000001
core   0: 0x8000958a (0x0000bfe5) c.j     pc - 8
core   0: 3 0x8000958a (0xbfe5)
core   0: 0x80009582 (0x00001f17) auipc   t5, 0x1
core   0: 3 0x80009582 (0x00001f17) x30 0x8000a582
core   0: 0x80009586 (0xa63f2f23) sw      gp, -1410(t5)
core   0: 3 0x80009586 (0xa63f2f23) mem 0x8000a000 0x00000001
core   0: 0x8000958a (0x0000bfe5) c.j     pc - 8
core   0: 3 0x8000958a (0xbfe5)
core   0: 0x80009582 (0x00001f17) auipc   t5, 0x1
core   0: 3 0x80009582 (0x00001f17) x30 0x8000a582
core   0: 0x80009586 (0xa63f2f23) sw      gp, -1410(t5)
core   0: 3 0x80009586 (0xa63f2f23) mem 0x8000a000 0x00000001
core   0: 0x8000958a (0x0000bfe5) c.j     pc - 8
core   0: 3 0x8000958a (0xbfe5)
core   0: 0x80009582 (0x00001f17) auipc   t5, 0x1
core   0: 3 0x80009582 (0x00001f17) x30 0x8000a582
core   0: 0x80009586 (0xa63f2f23) sw      gp, -1410(t5)
core   0: 3 0x80009586 (0xa63f2f23) mem 0x8000a000 0x00000001
core   0: 0x8000958a (0x0000bfe5) c.j     pc - 8
core   0: 3 0x8000958a (0xbfe5)
core   0: 0x80009582 (0x00001f17) auipc   t5, 0x1
core   0: 3 0x80009582 (0x00001f17) x30 0x8000a582
core   0: 0x80009586 (0xa63f2f23) sw      gp, -1410(t5)
core   0: 3 0x80009586 (0xa63f2f23) mem 0x8000a000 0x00000001
core   0: 0x8000958a (0x0000bfe5) c.j     pc - 8
core   0: 3 0x8000958a (0xbfe5)
core   0: 0x80009582 (0x00001f17) auipc   t5, 0x1
core   0: 3 0x80009582 (0x00001f17) x30 0x8000a582
core   0: 0x80009586 (0xa63f2f23) sw      gp, -1410(t5)
core   0: 3 0x80009586 (0xa63f2f23) mem 0x8000a000 0x00000001
core   0: 0x8000958a (0x0000bfe5) c.j     pc - 8
core   0: 3 0x8000958a (0xbfe5)
core   0: 0x80009582 (0x00001f17) auipc   t5, 0x1
core   0: 3 0x80009582 (0x00001f17) x30 0x8000a582
core   0: 0x80009586 (0xa63f2f23) sw      gp, -1410(t5)
core   0: 3 0x80009586 (0xa63f2f23) mem 0x8000a000 0x00000001
core   0: 0x8000958a (0x0000bfe5) c.j     pc - 8
core   0: 3 0x8000958a (0xbfe5)
core   0: 0x80009582 (0x00001f17) auipc   t5, 0x1
core   0: 3 0x80009582 (0x00001f17) x30 0x8000a582
core   0: 0x80009586 (0xa63f2f23) sw      gp, -1410(t5)
core   0: 3 0x80009586 (0xa63f2f23) mem 0x8000a000 0x00000001
core   0: 0x8000958a (0x0000bfe5) c.j     pc - 8
core   0: 3 0x8000958a (0xbfe5)
core   0: 0x80009582 (0x00001f17) auipc   t5, 0x1
core   0: 3 0x80009582 (0x00001f17) x30 0x8000a582
core   0: 0x80009586 (0xa63f2f23) sw      gp, -1410(t5)
core   0: 3 0x80009586 (0xa63f2f23) mem 0x8000a000 0x00000001
core   0: 0x8000958a (0x0000bfe5) c.j     pc - 8
core   0: 3 0x8000958a (0xbfe5)
core   0: 0x80009582 (0x00001f17) auipc   t5, 0x1
core   0: 3 0x80009582 (0x00001f17) x30 0x8000a582
core   0: 0x80009586 (0xa63f2f23) sw      gp, -1410(t5)
core   0: 3 0x80009586 (0xa63f2f23) mem 0x8000a000 0x00000001
core   0: 0x8000958a (0x0000bfe5) c.j     pc - 8
core   0: 3 0x8000958a (0xbfe5)
core   0: 0x80009582 (0x00001f17) auipc   t5, 0x1
core   0: 3 0x80009582 (0x00001f17) x30 0x8000a582
core   0: 0x80009586 (0xa63f2f23) sw      gp, -1410(t5)
core   0: 3 0x80009586 (0xa63f2f23) mem 0x8000a000 0x00000001
core   0: 0x8000958a (0x0000bfe5) c.j     pc - 8
core   0: 3 0x8000958a (0xbfe5)
core   0: 0x80009582 (0x00001f17) auipc   t5, 0x1
core   0: 3 0x80009582 (0x00001f17) x30 0x8000a582
core   0: 0x80009586 (0xa63f2f23) sw      gp, -1410(t5)
core   0: 3 0x80009586 (0xa63f2f23) mem 0x8000a000 0x00000001
core   0: 0x8000958a (0x0000bfe5) c.j     pc - 8
core   0: 3 0x8000958a (0xbfe5)
core   0: 0x80009582 (0x00001f17) auipc   t5, 0x1
core   0: 3 0x80009582 (0x00001f17) x30 0x8000a582
core   0: 0x80009586 (0xa63f2f23) sw      gp, -1410(t5)
core   0: 3 0x80009586 (0xa63f2f23) mem 0x8000a000 0x00000001
core   0: 0x8000958a (0x0000bfe5) c.j     pc - 8
core   0: 3 0x8000958a (0xbfe5)
core   0: 0x80009582 (0x00001f17) auipc   t5, 0x1
core   0: 3 0x80009582 (0x00001f17) x30 0x8000a582
core   0: 0x80009586 (0xa63f2f23) sw      gp, -1410(t5)
core   0: 3 0x80009586 (0xa63f2f23) mem 0x8000a000 0x00000001
core   0: 0x8000958a (0x0000bfe5) c.j     pc - 8
core   0: 3 0x8000958a (0xbfe5)
core   0: 0x80009582 (0x00001f17) auipc   t5, 0x1
core   0: 3 0x80009582 (0x00001f17) x30 0x8000a582
core   0: 0x80009586 (0xa63f2f23) sw      gp, -1410(t5)
core   0: 3 0x80009586 (0xa63f2f23) mem 0x8000a000 0x00000001
core   0: 0x8000958a (0x0000bfe5) c.j     pc - 8
core   0: 3 0x8000958a (0xbfe5)
core   0: 0x80009582 (0x00001f17) auipc   t5, 0x1
core   0: 3 0x80009582 (0x00001f17) x30 0x8000a582
core   0: 0x80009586 (0xa63f2f23) sw      gp, -1410(t5)
core   0: 3 0x80009586 (0xa63f2f23) mem 0x8000a000 0x00000001
core   0: 0x8000958a (0x0000bfe5) c.j     pc - 8
core   0: 3 0x8000958a (0xbfe5)
core   0: 0x80009582 (0x00001f17) auipc   t5, 0x1
core   0: 3 0x80009582 (0x00001f17) x30 0x8000a582
core   0: 0x80009586 (0xa63f2f23) sw      gp, -1410(t5)
core   0: 3 0x80009586 (0xa63f2f23) mem 0x8000a000 0x00000001
core   0: 0x8000958a (0x0000bfe5) c.j     pc - 8
core   0: 3 0x8000958a (0xbfe5)
core   0: 0x80009582 (0x00001f17) auipc   t5, 0x1
core   0: 3 0x80009582 (0x00001f17) x30 0x8000a582
core   0: 0x80009586 (0xa63f2f23) sw      gp, -1410(t5)
core   0: 3 0x80009586 (0xa63f2f23) mem 0x8000a000 0x00000001
core   0: 0x8000958a (0x0000bfe5) c.j     pc - 8
core   0: 3 0x8000958a (0xbfe5)
core   0: 0x80009582 (0x00001f17) auipc   t5, 0x1
core   0: 3 0x80009582 (0x00001f17) x30 0x8000a582
core   0: 0x80009586 (0xa63f2f23) sw      gp, -1410(t5)
core   0: 3 0x80009586 (0xa63f2f23) mem 0x8000a000 0x00000001
core   0: 0x8000958a (0x0000bfe5) c.j     pc - 8
core   0: 3 0x8000958a (0xbfe5)
core   0: 0x80009582 (0x00001f17) auipc   t5, 0x1
core   0: 3 0x80009582 (0x00001f17) x30 0x8000a582
core   0: 0x80009586 (0xa63f2f23) sw      gp, -1410(t5)
core   0: 3 0x80009586 (0xa63f2f23) mem 0x8000a000 0x00000001
core   0: 0x8000958a (0x0000bfe5) c.j     pc - 8
core   0: 3 0x8000958a (0xbfe5)
core   0: 0x80009582 (0x00001f17) auipc   t5, 0x1
core   0: 3 0x80009582 (0x00001f17) x30 0x8000a582
core   0: 0x80009586 (0xa63f2f23) sw      gp, -1410(t5)
core   0: 3 0x80009586 (0xa63f2f23) mem 0x8000a000 0x00000001
core   0: 0x8000958a (0x0000bfe5) c.j     pc - 8
core   0: 3 0x8000958a (0xbfe5)
core   0: 0x80009582 (0x00001f17) auipc   t5, 0x1
core   0: 3 0x80009582 (0x00001f17) x30 0x8000a582
core   0: 0x80009586 (0xa63f2f23) sw      gp, -1410(t5)
core   0: 3 0x80009586 (0xa63f2f23) mem 0x8000a000 0x00000001
core   0: 0x8000958a (0x0000bfe5) c.j     pc - 8
core   0: 3 0x8000958a (0xbfe5)
core   0: 0x80009582 (0x00001f17) auipc   t5, 0x1
core   0: 3 0x80009582 (0x00001f17) x30 0x8000a582
core   0: 0x80009586 (0xa63f2f23) sw      gp, -1410(t5)
core   0: 3 0x80009586 (0xa63f2f23) mem 0x8000a000 0x00000001
core   0: 0x8000958a (0x0000bfe5) c.j     pc - 8
core   0: 3 0x8000958a (0xbfe5)
core   0: 0x80009582 (0x00001f17) auipc   t5, 0x1
core   0: 3 0x80009582 (0x00001f17) x30 0x8000a582
core   0: 0x80009586 (0xa63f2f23) sw      gp, -1410(t5)
core   0: 3 0x80009586 (0xa63f2f23) mem 0x8000a000 0x00000001
core   0: 0x8000958a (0x0000bfe5) c.j     pc - 8
core   0: 3 0x8000958a (0xbfe5)
core   0: 0x80009582 (0x00001f17) auipc   t5, 0x1
core   0: 3 0x80009582 (0x00001f17) x30 0x8000a582
core   0: 0x80009586 (0xa63f2f23) sw      gp, -1410(t5)
core   0: 3 0x80009586 (0xa63f2f23) mem 0x8000a000 0x00000001
core   0: 0x8000958a (0x0000bfe5) c.j     pc - 8
core   0: 3 0x8000958a (0xbfe5)
core   0: 0x80009582 (0x00001f17) auipc   t5, 0x1
core   0: 3 0x80009582 (0x00001f17) x30 0x8000a582
core   0: 0x80009586 (0xa63f2f23) sw      gp, -1410(t5)
core   0: 3 0x80009586 (0xa63f2f23) mem 0x8000a000 0x00000001
core   0: 0x8000958a (0x0000bfe5) c.j     pc - 8
core   0: 3 0x8000958a (0xbfe5)
core   0: 0x80009582 (0x00001f17) auipc   t5, 0x1
core   0: 3 0x80009582 (0x00001f17) x30 0x8000a582
core   0: 0x80009586 (0xa63f2f23) sw      gp, -1410(t5)
core   0: 3 0x80009586 (0xa63f2f23) mem 0x8000a000 0x00000001
core   0: 0x8000958a (0x0000bfe5) c.j     pc - 8
core   0: 3 0x8000958a (0xbfe5)
core   0: 0x80009582 (0x00001f17) auipc   t5, 0x1
core   0: 3 0x80009582 (0x00001f17) x30 0x8000a582
core   0: 0x80009586 (0xa63f2f23) sw      gp, -1410(t5)
core   0: 3 0x80009586 (0xa63f2f23) mem 0x8000a000 0x00000001
core   0: 0x8000958a (0x0000bfe5) c.j     pc - 8
core   0: 3 0x8000958a (0xbfe5)
core   0: 0x80009582 (0x00001f17) auipc   t5, 0x1
core   0: 3 0x80009582 (0x00001f17) x30 0x8000a582
core   0: 0x80009586 (0xa63f2f23) sw      gp, -1410(t5)
core   0: 3 0x80009586 (0xa63f2f23) mem 0x8000a000 0x00000001
core   0: 0x8000958a (0x0000bfe5) c.j     pc - 8
core   0: 3 0x8000958a (0xbfe5)
core   0: 0x80009582 (0x00001f17) auipc   t5, 0x1
core   0: 3 0x80009582 (0x00001f17) x30 0x8000a582
core   0: 0x80009586 (0xa63f2f23) sw      gp, -1410(t5)
core   0: 3 0x80009586 (0xa63f2f23) mem 0x8000a000 0x00000001
core   0: 0x8000958a (0x0000bfe5) c.j     pc - 8
core   0: 3 0x8000958a (0xbfe5)
core   0: 0x80009582 (0x00001f17) auipc   t5, 0x1
core   0: 3 0x80009582 (0x00001f17) x30 0x8000a582
core   0: 0x80009586 (0xa63f2f23) sw      gp, -1410(t5)
core   0: 3 0x80009586 (0xa63f2f23) mem 0x8000a000 0x00000001
core   0: 0x8000958a (0x0000bfe5) c.j     pc - 8
core   0: 3 0x8000958a (0xbfe5)
core   0: 0x80009582 (0x00001f17) auipc   t5, 0x1
core   0: 3 0x80009582 (0x00001f17) x30 0x8000a582
core   0: 0x80009586 (0xa63f2f23) sw      gp, -1410(t5)
core   0: 3 0x80009586 (0xa63f2f23) mem 0x8000a000 0x00000001
core   0: 0x8000958a (0x0000bfe5) c.j     pc - 8
core   0: 3 0x8000958a (0xbfe5)
core   0: 0x80009582 (0x00001f17) auipc   t5, 0x1
core   0: 3 0x80009582 (0x00001f17) x30 0x8000a582
core   0: 0x80009586 (0xa63f2f23) sw      gp, -1410(t5)
core   0: 3 0x80009586 (0xa63f2f23) mem 0x8000a000 0x00000001
core   0: 0x8000958a (0x0000bfe5) c.j     pc - 8
core   0: 3 0x8000958a (0xbfe5)
core   0: 0x80009582 (0x00001f17) auipc   t5, 0x1
core   0: 3 0x80009582 (0x00001f17) x30 0x8000a582
core   0: 0x80009586 (0xa63f2f23) sw      gp, -1410(t5)
core   0: 3 0x80009586 (0xa63f2f23) mem 0x8000a000 0x00000001
core   0: 0x8000958a (0x0000bfe5) c.j     pc - 8
core   0: 3 0x8000958a (0xbfe5)
core   0: 0x80009582 (0x00001f17) auipc   t5, 0x1
core   0: 3 0x80009582 (0x00001f17) x30 0x8000a582
core   0: 0x80009586 (0xa63f2f23) sw      gp, -1410(t5)
core   0: 3 0x80009586 (0xa63f2f23) mem 0x8000a000 0x00000001
core   0: 0x8000958a (0x0000bfe5) c.j     pc - 8
core   0: 3 0x8000958a (0xbfe5)
core   0: 0x80009582 (0x00001f17) auipc   t5, 0x1
core   0: 3 0x80009582 (0x00001f17) x30 0x8000a582
core   0: 0x80009586 (0xa63f2f23) sw      gp, -1410(t5)
core   0: 3 0x80009586 (0xa63f2f23) mem 0x8000a000 0x00000001
core   0: 0x8000958a (0x0000bfe5) c.j     pc - 8
core   0: 3 0x8000958a (0xbfe5)
core   0: 0x80009582 (0x00001f17) auipc   t5, 0x1
core   0: 3 0x80009582 (0x00001f17) x30 0x8000a582
core   0: 0x80009586 (0xa63f2f23) sw      gp, -1410(t5)
core   0: 3 0x80009586 (0xa63f2f23) mem 0x8000a000 0x00000001
core   0: 0x8000958a (0x0000bfe5) c.j     pc - 8
core   0: 3 0x8000958a (0xbfe5)
core   0: 0x80009582 (0x00001f17) auipc   t5, 0x1
core   0: 3 0x80009582 (0x00001f17) x30 0x8000a582
core   0: 0x80009586 (0xa63f2f23) sw      gp, -1410(t5)
core   0: 3 0x80009586 (0xa63f2f23) mem 0x8000a000 0x00000001
core   0: 0x8000958a (0x0000bfe5) c.j     pc - 8
core   0: 3 0x8000958a (0xbfe5)
core   0: 0x80009582 (0x00001f17) auipc   t5, 0x1
core   0: 3 0x80009582 (0x00001f17) x30 0x8000a582
core   0: 0x80009586 (0xa63f2f23) sw      gp, -1410(t5)
core   0: 3 0x80009586 (0xa63f2f23) mem 0x8000a000 0x00000001
core   0: 0x8000958a (0x0000bfe5) c.j     pc - 8
core   0: 3 0x8000958a (0xbfe5)
core   0: 0x80009582 (0x00001f17) auipc   t5, 0x1
core   0: 3 0x80009582 (0x00001f17) x30 0x8000a582
core   0: 0x80009586 (0xa63f2f23) sw      gp, -1410(t5)
core   0: 3 0x80009586 (0xa63f2f23) mem 0x8000a000 0x00000001
core   0: 0x8000958a (0x0000bfe5) c.j     pc - 8
core   0: 3 0x8000958a (0xbfe5)
core   0: 0x80009582 (0x00001f17) auipc   t5, 0x1
core   0: 3 0x80009582 (0x00001f17) x30 0x8000a582
core   0: 0x80009586 (0xa63f2f23) sw      gp, -1410(t5)
core   0: 3 0x80009586 (0xa63f2f23) mem 0x8000a000 0x00000001
core   0: 0x8000958a (0x0000bfe5) c.j     pc - 8
core   0: 3 0x8000958a (0xbfe5)
core   0: 0x80009582 (0x00001f17) auipc   t5, 0x1
core   0: 3 0x80009582 (0x00001f17) x30 0x8000a582
core   0: 0x80009586 (0xa63f2f23) sw      gp, -1410(t5)
core   0: 3 0x80009586 (0xa63f2f23) mem 0x8000a000 0x00000001
core   0: 0x8000958a (0x0000bfe5) c.j     pc - 8
core   0: 3 0x8000958a (0xbfe5)
core   0: 0x80009582 (0x00001f17) auipc   t5, 0x1
core   0: 3 0x80009582 (0x00001f17) x30 0x8000a582
core   0: 0x80009586 (0xa63f2f23) sw      gp, -1410(t5)
core   0: 3 0x80009586 (0xa63f2f23) mem 0x8000a000 0x00000001
core   0: 0x8000958a (0x0000bfe5) c.j     pc - 8
core   0: 3 0x8000958a (0xbfe5)
core   0: 0x80009582 (0x00001f17) auipc   t5, 0x1
core   0: 3 0x80009582 (0x00001f17) x30 0x8000a582
core   0: 0x80009586 (0xa63f2f23) sw      gp, -1410(t5)
core   0: 3 0x80009586 (0xa63f2f23) mem 0x8000a000 0x00000001
core   0: 0x8000958a (0x0000bfe5) c.j     pc - 8
core   0: 3 0x8000958a (0xbfe5)
core   0: 0x80009582 (0x00001f17) auipc   t5, 0x1
core   0: 3 0x80009582 (0x00001f17) x30 0x8000a582
core   0: 0x80009586 (0xa63f2f23) sw      gp, -1410(t5)
core   0: 3 0x80009586 (0xa63f2f23) mem 0x8000a000 0x00000001
core   0: 0x8000958a (0x0000bfe5) c.j     pc - 8
core   0: 3 0x8000958a (0xbfe5)
core   0: 0x80009582 (0x00001f17) auipc   t5, 0x1
core   0: 3 0x80009582 (0x00001f17) x30 0x8000a582
core   0: 0x80009586 (0xa63f2f23) sw      gp, -1410(t5)
core   0: 3 0x80009586 (0xa63f2f23) mem 0x8000a000 0x00000001
core   0: 0x8000958a (0x0000bfe5) c.j     pc - 8
core   0: 3 0x8000958a (0xbfe5)
core   0: 0x80009582 (0x00001f17) auipc   t5, 0x1
core   0: 3 0x80009582 (0x00001f17) x30 0x8000a582
core   0: 0x80009586 (0xa63f2f23) sw      gp, -1410(t5)
core   0: 3 0x80009586 (0xa63f2f23) mem 0x8000a000 0x00000001
core   0: 0x8000958a (0x0000bfe5) c.j     pc - 8
core   0: 3 0x8000958a (0xbfe5)
core   0: 0x80009582 (0x00001f17) auipc   t5, 0x1
core   0: 3 0x80009582 (0x00001f17) x30 0x8000a582
core   0: 0x80009586 (0xa63f2f23) sw      gp, -1410(t5)
core   0: 3 0x80009586 (0xa63f2f23) mem 0x8000a000 0x00000001
core   0: 0x8000958a (0x0000bfe5) c.j     pc - 8
core   0: 3 0x8000958a (0xbfe5)
core   0: 0x80009582 (0x00001f17) auipc   t5, 0x1
core   0: 3 0x80009582 (0x00001f17) x30 0x8000a582
core   0: 0x80009586 (0xa63f2f23) sw      gp, -1410(t5)
core   0: 3 0x80009586 (0xa63f2f23) mem 0x8000a000 0x00000001
core   0: 0x8000958a (0x0000bfe5) c.j     pc - 8
core   0: 3 0x8000958a (0xbfe5)
core   0: 0x80009582 (0x00001f17) auipc   t5, 0x1
core   0: 3 0x80009582 (0x00001f17) x30 0x8000a582
core   0: 0x80009586 (0xa63f2f23) sw      gp, -1410(t5)
core   0: 3 0x80009586 (0xa63f2f23) mem 0x8000a000 0x00000001
core   0: 0x8000958a (0x0000bfe5) c.j     pc - 8
core   0: 3 0x8000958a (0xbfe5)
core   0: 0x80009582 (0x00001f17) auipc   t5, 0x1
core   0: 3 0x80009582 (0x00001f17) x30 0x8000a582
core   0: 0x80009586 (0xa63f2f23) sw      gp, -1410(t5)
core   0: 3 0x80009586 (0xa63f2f23) mem 0x8000a000 0x00000001
core   0: 0x8000958a (0x0000bfe5) c.j     pc - 8
core   0: 3 0x8000958a (0xbfe5)
core   0: 0x80009582 (0x00001f17) auipc   t5, 0x1
core   0: 3 0x80009582 (0x00001f17) x30 0x8000a582
core   0: 0x80009586 (0xa63f2f23) sw      gp, -1410(t5)
core   0: 3 0x80009586 (0xa63f2f23) mem 0x8000a000 0x00000001
core   0: 0x8000958a (0x0000bfe5) c.j     pc - 8
core   0: 3 0x8000958a (0xbfe5)
core   0: 0x80009582 (0x00001f17) auipc   t5, 0x1
core   0: 3 0x80009582 (0x00001f17) x30 0x8000a582
core   0: 0x80009586 (0xa63f2f23) sw      gp, -1410(t5)
core   0: 3 0x80009586 (0xa63f2f23) mem 0x8000a000 0x00000001
core   0: 0x8000958a (0x0000bfe5) c.j     pc - 8
core   0: 3 0x8000958a (0xbfe5)
core   0: 0x80009582 (0x00001f17) auipc   t5, 0x1
core   0: 3 0x80009582 (0x00001f17) x30 0x8000a582
core   0: 0x80009586 (0xa63f2f23) sw      gp, -1410(t5)
core   0: 3 0x80009586 (0xa63f2f23) mem 0x8000a000 0x00000001
core   0: 0x8000958a (0x0000bfe5) c.j     pc - 8
core   0: 3 0x8000958a (0xbfe5)
core   0: 0x80009582 (0x00001f17) auipc   t5, 0x1
core   0: 3 0x80009582 (0x00001f17) x30 0x8000a582
core   0: 0x80009586 (0xa63f2f23) sw      gp, -1410(t5)
core   0: 3 0x80009586 (0xa63f2f23) mem 0x8000a000 0x00000001
core   0: 0x8000958a (0x0000bfe5) c.j     pc - 8
core   0: 3 0x8000958a (0xbfe5)
core   0: 0x80009582 (0x00001f17) auipc   t5, 0x1
core   0: 3 0x80009582 (0x00001f17) x30 0x8000a582
core   0: 0x80009586 (0xa63f2f23) sw      gp, -1410(t5)
core   0: 3 0x80009586 (0xa63f2f23) mem 0x8000a000 0x00000001
core   0: 0x8000958a (0x0000bfe5) c.j     pc - 8
core   0: 3 0x8000958a (0xbfe5)
core   0: 0x80009582 (0x00001f17) auipc   t5, 0x1
core   0: 3 0x80009582 (0x00001f17) x30 0x8000a582
core   0: 0x80009586 (0xa63f2f23) sw      gp, -1410(t5)
core   0: 3 0x80009586 (0xa63f2f23) mem 0x8000a000 0x00000001
core   0: 0x8000958a (0x0000bfe5) c.j     pc - 8
core   0: 3 0x8000958a (0xbfe5)
core   0: 0x80009582 (0x00001f17) auipc   t5, 0x1
core   0: 3 0x80009582 (0x00001f17) x30 0x8000a582
core   0: 0x80009586 (0xa63f2f23) sw      gp, -1410(t5)
core   0: 3 0x80009586 (0xa63f2f23) mem 0x8000a000 0x00000001
core   0: 0x8000958a (0x0000bfe5) c.j     pc - 8
core   0: 3 0x8000958a (0xbfe5)
core   0: 0x80009582 (0x00001f17) auipc   t5, 0x1
core   0: 3 0x80009582 (0x00001f17) x30 0x8000a582
core   0: 0x80009586 (0xa63f2f23) sw      gp, -1410(t5)
core   0: 3 0x80009586 (0xa63f2f23) mem 0x8000a000 0x00000001
core   0: 0x8000958a (0x0000bfe5) c.j     pc - 8
core   0: 3 0x8000958a (0xbfe5)
core   0: 0x80009582 (0x00001f17) auipc   t5, 0x1
core   0: 3 0x80009582 (0x00001f17) x30 0x8000a582
core   0: 0x80009586 (0xa63f2f23) sw      gp, -1410(t5)
core   0: 3 0x80009586 (0xa63f2f23) mem 0x8000a000 0x00000001
core   0: 0x8000958a (0x0000bfe5) c.j     pc - 8
core   0: 3 0x8000958a (0xbfe5)
core   0: 0x80009582 (0x00001f17) auipc   t5, 0x1
core   0: 3 0x80009582 (0x00001f17) x30 0x8000a582
core   0: 0x80009586 (0xa63f2f23) sw      gp, -1410(t5)
core   0: 3 0x80009586 (0xa63f2f23) mem 0x8000a000 0x00000001
core   0: 0x8000958a (0x0000bfe5) c.j     pc - 8
core   0: 3 0x8000958a (0xbfe5)
core   0: 0x80009582 (0x00001f17) auipc   t5, 0x1
core   0: 3 0x80009582 (0x00001f17) x30 0x8000a582
core   0: 0x80009586 (0xa63f2f23) sw      gp, -1410(t5)
core   0: 3 0x80009586 (0xa63f2f23) mem 0x8000a000 0x00000001
core   0: 0x8000958a (0x0000bfe5) c.j     pc - 8
core   0: 3 0x8000958a (0xbfe5)
core   0: 0x80009582 (0x00001f17) auipc   t5, 0x1
core   0: 3 0x80009582 (0x00001f17) x30 0x8000a582
core   0: 0x80009586 (0xa63f2f23) sw      gp, -1410(t5)
core   0: 3 0x80009586 (0xa63f2f23) mem 0x8000a000 0x00000001
core   0: 0x8000958a (0x0000bfe5) c.j     pc - 8
core   0: 3 0x8000958a (0xbfe5)
core   0: 0x80009582 (0x00001f17) auipc   t5, 0x1
core   0: 3 0x80009582 (0x00001f17) x30 0x8000a582
core   0: 0x80009586 (0xa63f2f23) sw      gp, -1410(t5)
core   0: 3 0x80009586 (0xa63f2f23) mem 0x8000a000 0x00000001
core   0: 0x8000958a (0x0000bfe5) c.j     pc - 8
core   0: 3 0x8000958a (0xbfe5)
core   0: 0x80009582 (0x00001f17) auipc   t5, 0x1
core   0: 3 0x80009582 (0x00001f17) x30 0x8000a582
core   0: 0x80009586 (0xa63f2f23) sw      gp, -1410(t5)
core   0: 3 0x80009586 (0xa63f2f23) mem 0x8000a000 0x00000001
core   0: 0x8000958a (0x0000bfe5) c.j     pc - 8
core   0: 3 0x8000958a (0xbfe5)
core   0: 0x80009582 (0x00001f17) auipc   t5, 0x1
core   0: 3 0x80009582 (0x00001f17) x30 0x8000a582
core   0: 0x80009586 (0xa63f2f23) sw      gp, -1410(t5)
core   0: 3 0x80009586 (0xa63f2f23) mem 0x8000a000 0x00000001
core   0: 0x8000958a (0x0000bfe5) c.j     pc - 8
core   0: 3 0x8000958a (0xbfe5)
core   0: 0x80009582 (0x00001f17) auipc   t5, 0x1
core   0: 3 0x80009582 (0x00001f17) x30 0x8000a582
core   0: 0x80009586 (0xa63f2f23) sw      gp, -1410(t5)
core   0: 3 0x80009586 (0xa63f2f23) mem 0x8000a000 0x00000001
core   0: 0x8000958a (0x0000bfe5) c.j     pc - 8
core   0: 3 0x8000958a (0xbfe5)
core   0: 0x80009582 (0x00001f17) auipc   t5, 0x1
core   0: 3 0x80009582 (0x00001f17) x30 0x8000a582
core   0: 0x80009586 (0xa63f2f23) sw      gp, -1410(t5)
core   0: 3 0x80009586 (0xa63f2f23) mem 0x8000a000 0x00000001
core   0: 0x8000958a (0x0000bfe5) c.j     pc - 8
core   0: 3 0x8000958a (0xbfe5)
core   0: 0x80009582 (0x00001f17) auipc   t5, 0x1
core   0: 3 0x80009582 (0x00001f17) x30 0x8000a582
core   0: 0x80009586 (0xa63f2f23) sw      gp, -1410(t5)
core   0: 3 0x80009586 (0xa63f2f23) mem 0x8000a000 0x00000001
core   0: 0x8000958a (0x0000bfe5) c.j     pc - 8
core   0: 3 0x8000958a (0xbfe5)
core   0: 0x80009582 (0x00001f17) auipc   t5, 0x1
core   0: 3 0x80009582 (0x00001f17) x30 0x8000a582
core   0: 0x80009586 (0xa63f2f23) sw      gp, -1410(t5)
core   0: 3 0x80009586 (0xa63f2f23) mem 0x8000a000 0x00000001
core   0: 0x8000958a (0x0000bfe5) c.j     pc - 8
core   0: 3 0x8000958a (0xbfe5)
core   0: 0x80009582 (0x00001f17) auipc   t5, 0x1
core   0: 3 0x80009582 (0x00001f17) x30 0x8000a582
core   0: 0x80009586 (0xa63f2f23) sw      gp, -1410(t5)
core   0: 3 0x80009586 (0xa63f2f23) mem 0x8000a000 0x00000001
core   0: 0x8000958a (0x0000bfe5) c.j     pc - 8
core   0: 3 0x8000958a (0xbfe5)
core   0: 0x80009582 (0x00001f17) auipc   t5, 0x1
core   0: 3 0x80009582 (0x00001f17) x30 0x8000a582
core   0: 0x80009586 (0xa63f2f23) sw      gp, -1410(t5)
core   0: 3 0x80009586 (0xa63f2f23) mem 0x8000a000 0x00000001
core   0: 0x8000958a (0x0000bfe5) c.j     pc - 8
core   0: 3 0x8000958a (0xbfe5)
core   0: 0x80009582 (0x00001f17) auipc   t5, 0x1
core   0: 3 0x80009582 (0x00001f17) x30 0x8000a582
core   0: 0x80009586 (0xa63f2f23) sw      gp, -1410(t5)
core   0: 3 0x80009586 (0xa63f2f23) mem 0x8000a000 0x00000001
core   0: 0x8000958a (0x0000bfe5) c.j     pc - 8
core   0: 3 0x8000958a (0xbfe5)
core   0: 0x80009582 (0x00001f17) auipc   t5, 0x1
core   0: 3 0x80009582 (0x00001f17) x30 0x8000a582
core   0: 0x80009586 (0xa63f2f23) sw      gp, -1410(t5)
core   0: 3 0x80009586 (0xa63f2f23) mem 0x8000a000 0x00000001
core   0: 0x8000958a (0x0000bfe5) c.j     pc - 8
core   0: 3 0x8000958a (0xbfe5)
core   0: 0x80009582 (0x00001f17) auipc   t5, 0x1
core   0: 3 0x80009582 (0x00001f17) x30 0x8000a582
core   0: 0x80009586 (0xa63f2f23) sw      gp, -1410(t5)
core   0: 3 0x80009586 (0xa63f2f23) mem 0x8000a000 0x00000001
core   0: 0x8000958a (0x0000bfe5) c.j     pc - 8
core   0: 3 0x8000958a (0xbfe5)
core   0: 0x80009582 (0x00001f17) auipc   t5, 0x1
core   0: 3 0x80009582 (0x00001f17) x30 0x8000a582
core   0: 0x80009586 (0xa63f2f23) sw      gp, -1410(t5)
core   0: 3 0x80009586 (0xa63f2f23) mem 0x8000a000 0x00000001
core   0: 0x8000958a (0x0000bfe5) c.j     pc - 8
core   0: 3 0x8000958a (0xbfe5)
core   0: 0x80009582 (0x00001f17) auipc   t5, 0x1
core   0: 3 0x80009582 (0x00001f17) x30 0x8000a582
core   0: 0x80009586 (0xa63f2f23) sw      gp, -1410(t5)
core   0: 3 0x80009586 (0xa63f2f23) mem 0x8000a000 0x00000001
core   0: 0x8000958a (0x0000bfe5) c.j     pc - 8
core   0: 3 0x8000958a (0xbfe5)
core   0: 0x80009582 (0x00001f17) auipc   t5, 0x1
core   0: 3 0x80009582 (0x00001f17) x30 0x8000a582
core   0: 0x80009586 (0xa63f2f23) sw      gp, -1410(t5)
core   0: 3 0x80009586 (0xa63f2f23) mem 0x8000a000 0x00000001
core   0: 0x8000958a (0x0000bfe5) c.j     pc - 8
core   0: 3 0x8000958a (0xbfe5)
core   0: 0x80009582 (0x00001f17) auipc   t5, 0x1
core   0: 3 0x80009582 (0x00001f17) x30 0x8000a582
core   0: 0x80009586 (0xa63f2f23) sw      gp, -1410(t5)
core   0: 3 0x80009586 (0xa63f2f23) mem 0x8000a000 0x00000001
core   0: 0x8000958a (0x0000bfe5) c.j     pc - 8
core   0: 3 0x8000958a (0xbfe5)
core   0: 0x80009582 (0x00001f17) auipc   t5, 0x1
core   0: 3 0x80009582 (0x00001f17) x30 0x8000a582
core   0: 0x80009586 (0xa63f2f23) sw      gp, -1410(t5)
core   0: 3 0x80009586 (0xa63f2f23) mem 0x8000a000 0x00000001
core   0: 0x8000958a (0x0000bfe5) c.j     pc - 8
core   0: 3 0x8000958a (0xbfe5)
core   0: 0x80009582 (0x00001f17) auipc   t5, 0x1
core   0: 3 0x80009582 (0x00001f17) x30 0x8000a582
core   0: 0x80009586 (0xa63f2f23) sw      gp, -1410(t5)
core   0: 3 0x80009586 (0xa63f2f23) mem 0x8000a000 0x00000001
core   0: 0x8000958a (0x0000bfe5) c.j     pc - 8
core   0: 3 0x8000958a (0xbfe5)
core   0: 0x80009582 (0x00001f17) auipc   t5, 0x1
core   0: 3 0x80009582 (0x00001f17) x30 0x8000a582
core   0: 0x80009586 (0xa63f2f23) sw      gp, -1410(t5)
core   0: 3 0x80009586 (0xa63f2f23) mem 0x8000a000 0x00000001
core   0: 0x8000958a (0x0000bfe5) c.j     pc - 8
core   0: 3 0x8000958a (0xbfe5)
core   0: 0x80009582 (0x00001f17) auipc   t5, 0x1
core   0: 3 0x80009582 (0x00001f17) x30 0x8000a582
core   0: 0x80009586 (0xa63f2f23) sw      gp, -1410(t5)
core   0: 3 0x80009586 (0xa63f2f23) mem 0x8000a000 0x00000001
core   0: 0x8000958a (0x0000bfe5) c.j     pc - 8
core   0: 3 0x8000958a (0xbfe5)
core   0: 0x80009582 (0x00001f17) auipc   t5, 0x1
core   0: 3 0x80009582 (0x00001f17) x30 0x8000a582
core   0: 0x80009586 (0xa63f2f23) sw      gp, -1410(t5)
core   0: 3 0x80009586 (0xa63f2f23) mem 0x8000a000 0x00000001
core   0: 0x8000958a (0x0000bfe5) c.j     pc - 8
core   0: 3 0x8000958a (0xbfe5)
core   0: 0x80009582 (0x00001f17) auipc   t5, 0x1
core   0: 3 0x80009582 (0x00001f17) x30 0x8000a582
core   0: 0x80009586 (0xa63f2f23) sw      gp, -1410(t5)
core   0: 3 0x80009586 (0xa63f2f23) mem 0x8000a000 0x00000001
core   0: 0x8000958a (0x0000bfe5) c.j     pc - 8
core   0: 3 0x8000958a (0xbfe5)
core   0: 0x80009582 (0x00001f17) auipc   t5, 0x1
core   0: 3 0x80009582 (0x00001f17) x30 0x8000a582
core   0: 0x80009586 (0xa63f2f23) sw      gp, -1410(t5)
core   0: 3 0x80009586 (0xa63f2f23) mem 0x8000a000 0x00000001
core   0: 0x8000958a (0x0000bfe5) c.j     pc - 8
core   0: 3 0x8000958a (0xbfe5)
core   0: 0x80009582 (0x00001f17) auipc   t5, 0x1
core   0: 3 0x80009582 (0x00001f17) x30 0x8000a582
core   0: 0x80009586 (0xa63f2f23) sw      gp, -1410(t5)
core   0: 3 0x80009586 (0xa63f2f23) mem 0x8000a000 0x00000001
core   0: 0x8000958a (0x0000bfe5) c.j     pc - 8
core   0: 3 0x8000958a (0xbfe5)
core   0: 0x80009582 (0x00001f17) auipc   t5, 0x1
core   0: 3 0x80009582 (0x00001f17) x30 0x8000a582
core   0: 0x80009586 (0xa63f2f23) sw      gp, -1410(t5)
core   0: 3 0x80009586 (0xa63f2f23) mem 0x8000a000 0x00000001
core   0: 0x8000958a (0x0000bfe5) c.j     pc - 8
core   0: 3 0x8000958a (0xbfe5)
core   0: 0x80009582 (0x00001f17) auipc   t5, 0x1
core   0: 3 0x80009582 (0x00001f17) x30 0x8000a582
core   0: 0x80009586 (0xa63f2f23) sw      gp, -1410(t5)
core   0: 3 0x80009586 (0xa63f2f23) mem 0x8000a000 0x00000001
core   0: 0x8000958a (0x0000bfe5) c.j     pc - 8
core   0: 3 0x8000958a (0xbfe5)
core   0: 0x80009582 (0x00001f17) auipc   t5, 0x1
core   0: 3 0x80009582 (0x00001f17) x30 0x8000a582
core   0: 0x80009586 (0xa63f2f23) sw      gp, -1410(t5)
core   0: 3 0x80009586 (0xa63f2f23) mem 0x8000a000 0x00000001
core   0: 0x8000958a (0x0000bfe5) c.j     pc - 8
core   0: 3 0x8000958a (0xbfe5)
core   0: 0x80009582 (0x00001f17) auipc   t5, 0x1
core   0: 3 0x80009582 (0x00001f17) x30 0x8000a582
core   0: 0x80009586 (0xa63f2f23) sw      gp, -1410(t5)
core   0: 3 0x80009586 (0xa63f2f23) mem 0x8000a000 0x00000001
core   0: 0x8000958a (0x0000bfe5) c.j     pc - 8
core   0: 3 0x8000958a (0xbfe5)
core   0: 0x80009582 (0x00001f17) auipc   t5, 0x1
core   0: 3 0x80009582 (0x00001f17) x30 0x8000a582
core   0: 0x80009586 (0xa63f2f23) sw      gp, -1410(t5)
core   0: 3 0x80009586 (0xa63f2f23) mem 0x8000a000 0x00000001
core   0: 0x8000958a (0x0000bfe5) c.j     pc - 8
core   0: 3 0x8000958a (0xbfe5)
core   0: 0x80009582 (0x00001f17) auipc   t5, 0x1
core   0: 3 0x80009582 (0x00001f17) x30 0x8000a582
core   0: 0x80009586 (0xa63f2f23) sw      gp, -1410(t5)
core   0: 3 0x80009586 (0xa63f2f23) mem 0x8000a000 0x00000001
core   0: 0x8000958a (0x0000bfe5) c.j     pc - 8
core   0: 3 0x8000958a (0xbfe5)
core   0: 0x80009582 (0x00001f17) auipc   t5, 0x1
core   0: 3 0x80009582 (0x00001f17) x30 0x8000a582
core   0: 0x80009586 (0xa63f2f23) sw      gp, -1410(t5)
core   0: 3 0x80009586 (0xa63f2f23) mem 0x8000a000 0x00000001
core   0: 0x8000958a (0x0000bfe5) c.j     pc - 8
core   0: 3 0x8000958a (0xbfe5)
core   0: 0x80009582 (0x00001f17) auipc   t5, 0x1
core   0: 3 0x80009582 (0x00001f17) x30 0x8000a582
core   0: 0x80009586 (0xa63f2f23) sw      gp, -1410(t5)
core   0: 3 0x80009586 (0xa63f2f23) mem 0x8000a000 0x00000001
core   0: 0x8000958a (0x0000bfe5) c.j     pc - 8
core   0: 3 0x8000958a (0xbfe5)
core   0: 0x80009582 (0x00001f17) auipc   t5, 0x1
core   0: 3 0x80009582 (0x00001f17) x30 0x8000a582
core   0: 0x80009586 (0xa63f2f23) sw      gp, -1410(t5)
core   0: 3 0x80009586 (0xa63f2f23) mem 0x8000a000 0x00000001
core   0: 0x8000958a (0x0000bfe5) c.j     pc - 8
core   0: 3 0x8000958a (0xbfe5)
core   0: 0x80009582 (0x00001f17) auipc   t5, 0x1
core   0: 3 0x80009582 (0x00001f17) x30 0x8000a582
core   0: 0x80009586 (0xa63f2f23) sw      gp, -1410(t5)
core   0: 3 0x80009586 (0xa63f2f23) mem 0x8000a000 0x00000001
core   0: 0x8000958a (0x0000bfe5) c.j     pc - 8
core   0: 3 0x8000958a (0xbfe5)
core   0: 0x80009582 (0x00001f17) auipc   t5, 0x1
core   0: 3 0x80009582 (0x00001f17) x30 0x8000a582
core   0: 0x80009586 (0xa63f2f23) sw      gp, -1410(t5)
core   0: 3 0x80009586 (0xa63f2f23) mem 0x8000a000 0x00000001
core   0: 0x8000958a (0x0000bfe5) c.j     pc - 8
core   0: 3 0x8000958a (0xbfe5)
core   0: 0x80009582 (0x00001f17) auipc   t5, 0x1
core   0: 3 0x80009582 (0x00001f17) x30 0x8000a582
core   0: 0x80009586 (0xa63f2f23) sw      gp, -1410(t5)
core   0: 3 0x80009586 (0xa63f2f23) mem 0x8000a000 0x00000001
core   0: 0x8000958a (0x0000bfe5) c.j     pc - 8
core   0: 3 0x8000958a (0xbfe5)
core   0: 0x80009582 (0x00001f17) auipc   t5, 0x1
core   0: 3 0x80009582 (0x00001f17) x30 0x8000a582
core   0: 0x80009586 (0xa63f2f23) sw      gp, -1410(t5)
core   0: 3 0x80009586 (0xa63f2f23) mem 0x8000a000 0x00000001
core   0: 0x8000958a (0x0000bfe5) c.j     pc - 8
core   0: 3 0x8000958a (0xbfe5)
core   0: 0x80009582 (0x00001f17) auipc   t5, 0x1
core   0: 3 0x80009582 (0x00001f17) x30 0x8000a582
core   0: 0x80009586 (0xa63f2f23) sw      gp, -1410(t5)
core   0: 3 0x80009586 (0xa63f2f23) mem 0x8000a000 0x00000001
core   0: 0x8000958a (0x0000bfe5) c.j     pc - 8
core   0: 3 0x8000958a (0xbfe5)
core   0: 0x80009582 (0x00001f17) auipc   t5, 0x1
core   0: 3 0x80009582 (0x00001f17) x30 0x8000a582
core   0: 0x80009586 (0xa63f2f23) sw      gp, -1410(t5)
core   0: 3 0x80009586 (0xa63f2f23) mem 0x8000a000 0x00000001
core   0: 0x8000958a (0x0000bfe5) c.j     pc - 8
core   0: 3 0x8000958a (0xbfe5)
core   0: 0x80009582 (0x00001f17) auipc   t5, 0x1
core   0: 3 0x80009582 (0x00001f17) x30 0x8000a582
core   0: 0x80009586 (0xa63f2f23) sw      gp, -1410(t5)
core   0: 3 0x80009586 (0xa63f2f23) mem 0x8000a000 0x00000001
core   0: 0x8000958a (0x0000bfe5) c.j     pc - 8
core   0: 3 0x8000958a (0xbfe5)
core   0: 0x80009582 (0x00001f17) auipc   t5, 0x1
core   0: 3 0x80009582 (0x00001f17) x30 0x8000a582
core   0: 0x80009586 (0xa63f2f23) sw      gp, -1410(t5)
core   0: 3 0x80009586 (0xa63f2f23) mem 0x8000a000 0x00000001
core   0: 0x8000958a (0x0000bfe5) c.j     pc - 8
core   0: 3 0x8000958a (0xbfe5)
core   0: 0x80009582 (0x00001f17) auipc   t5, 0x1
core   0: 3 0x80009582 (0x00001f17) x30 0x8000a582
core   0: 0x80009586 (0xa63f2f23) sw      gp, -1410(t5)
core   0: 3 0x80009586 (0xa63f2f23) mem 0x8000a000 0x00000001
core   0: 0x8000958a (0x0000bfe5) c.j     pc - 8
core   0: 3 0x8000958a (0xbfe5)
core   0: 0x80009582 (0x00001f17) auipc   t5, 0x1
core   0: 3 0x80009582 (0x00001f17) x30 0x8000a582
core   0: 0x80009586 (0xa63f2f23) sw      gp, -1410(t5)
core   0: 3 0x80009586 (0xa63f2f23) mem 0x8000a000 0x00000001
core   0: 0x8000958a (0x0000bfe5) c.j     pc - 8
core   0: 3 0x8000958a (0xbfe5)
core   0: 0x80009582 (0x00001f17) auipc   t5, 0x1
core   0: 3 0x80009582 (0x00001f17) x30 0x8000a582
core   0: 0x80009586 (0xa63f2f23) sw      gp, -1410(t5)
core   0: 3 0x80009586 (0xa63f2f23) mem 0x8000a000 0x00000001
core   0: 0x8000958a (0x0000bfe5) c.j     pc - 8
core   0: 3 0x8000958a (0xbfe5)
core   0: 0x80009582 (0x00001f17) auipc   t5, 0x1
core   0: 3 0x80009582 (0x00001f17) x30 0x8000a582
core   0: 0x80009586 (0xa63f2f23) sw      gp, -1410(t5)
core   0: 3 0x80009586 (0xa63f2f23) mem 0x8000a000 0x00000001
core   0: 0x8000958a (0x0000bfe5) c.j     pc - 8
core   0: 3 0x8000958a (0xbfe5)
core   0: 0x80009582 (0x00001f17) auipc   t5, 0x1
core   0: 3 0x80009582 (0x00001f17) x30 0x8000a582
core   0: 0x80009586 (0xa63f2f23) sw      gp, -1410(t5)
core   0: 3 0x80009586 (0xa63f2f23) mem 0x8000a000 0x00000001
core   0: 0x8000958a (0x0000bfe5) c.j     pc - 8
core   0: 3 0x8000958a (0xbfe5)
core   0: 0x80009582 (0x00001f17) auipc   t5, 0x1
core   0: 3 0x80009582 (0x00001f17) x30 0x8000a582
core   0: 0x80009586 (0xa63f2f23) sw      gp, -1410(t5)
core   0: 3 0x80009586 (0xa63f2f23) mem 0x8000a000 0x00000001
core   0: 0x8000958a (0x0000bfe5) c.j     pc - 8
core   0: 3 0x8000958a (0xbfe5)
core   0: 0x80009582 (0x00001f17) auipc   t5, 0x1
core   0: 3 0x80009582 (0x00001f17) x30 0x8000a582
core   0: 0x80009586 (0xa63f2f23) sw      gp, -1410(t5)
core   0: 3 0x80009586 (0xa63f2f23) mem 0x8000a000 0x00000001
core   0: 0x8000958a (0x0000bfe5) c.j     pc - 8
core   0: 3 0x8000958a (0xbfe5)
core   0: 0x80009582 (0x00001f17) auipc   t5, 0x1
core   0: 3 0x80009582 (0x00001f17) x30 0x8000a582
core   0: 0x80009586 (0xa63f2f23) sw      gp, -1410(t5)
core   0: 3 0x80009586 (0xa63f2f23) mem 0x8000a000 0x00000001
core   0: 0x8000958a (0x0000bfe5) c.j     pc - 8
core   0: 3 0x8000958a (0xbfe5)
core   0: 0x80009582 (0x00001f17) auipc   t5, 0x1
core   0: 3 0x80009582 (0x00001f17) x30 0x8000a582
core   0: 0x80009586 (0xa63f2f23) sw      gp, -1410(t5)
core   0: 3 0x80009586 (0xa63f2f23) mem 0x8000a000 0x00000001
core   0: 0x8000958a (0x0000bfe5) c.j     pc - 8
core   0: 3 0x8000958a (0xbfe5)
core   0: 0x80009582 (0x00001f17) auipc   t5, 0x1
core   0: 3 0x80009582 (0x00001f17) x30 0x8000a582
core   0: 0x80009586 (0xa63f2f23) sw      gp, -1410(t5)
core   0: 3 0x80009586 (0xa63f2f23) mem 0x8000a000 0x00000001
core   0: 0x8000958a (0x0000bfe5) c.j     pc - 8
core   0: 3 0x8000958a (0xbfe5)
core   0: 0x80009582 (0x00001f17) auipc   t5, 0x1
core   0: 3 0x80009582 (0x00001f17) x30 0x8000a582
core   0: 0x80009586 (0xa63f2f23) sw      gp, -1410(t5)
core   0: 3 0x80009586 (0xa63f2f23) mem 0x8000a000 0x00000001
core   0: 0x8000958a (0x0000bfe5) c.j     pc - 8
core   0: 3 0x8000958a (0xbfe5)
core   0: 0x80009582 (0x00001f17) auipc   t5, 0x1
core   0: 3 0x80009582 (0x00001f17) x30 0x8000a582
core   0: 0x80009586 (0xa63f2f23) sw      gp, -1410(t5)
core   0: 3 0x80009586 (0xa63f2f23) mem 0x8000a000 0x00000001
core   0: 0x8000958a (0x0000bfe5) c.j     pc - 8
core   0: 3 0x8000958a (0xbfe5)
core   0: 0x80009582 (0x00001f17) auipc   t5, 0x1
core   0: 3 0x80009582 (0x00001f17) x30 0x8000a582
core   0: 0x80009586 (0xa63f2f23) sw      gp, -1410(t5)
core   0: 3 0x80009586 (0xa63f2f23) mem 0x8000a000 0x00000001
core   0: 0x8000958a (0x0000bfe5) c.j     pc - 8
core   0: 3 0x8000958a (0xbfe5)
core   0: 0x80009582 (0x00001f17) auipc   t5, 0x1
core   0: 3 0x80009582 (0x00001f17) x30 0x8000a582
core   0: 0x80009586 (0xa63f2f23) sw      gp, -1410(t5)
core   0: 3 0x80009586 (0xa63f2f23) mem 0x8000a000 0x00000001
core   0: 0x8000958a (0x0000bfe5) c.j     pc - 8
core   0: 3 0x8000958a (0xbfe5)
core   0: 0x80009582 (0x00001f17) auipc   t5, 0x1
core   0: 3 0x80009582 (0x00001f17) x30 0x8000a582
core   0: 0x80009586 (0xa63f2f23) sw      gp, -1410(t5)
core   0: 3 0x80009586 (0xa63f2f23) mem 0x8000a000 0x00000001
core   0: 0x8000958a (0x0000bfe5) c.j     pc - 8
core   0: 3 0x8000958a (0xbfe5)
core   0: 0x80009582 (0x00001f17) auipc   t5, 0x1
core   0: 3 0x80009582 (0x00001f17) x30 0x8000a582
core   0: 0x80009586 (0xa63f2f23) sw      gp, -1410(t5)
core   0: 3 0x80009586 (0xa63f2f23) mem 0x8000a000 0x00000001
core   0: 0x8000958a (0x0000bfe5) c.j     pc - 8
core   0: 3 0x8000958a (0xbfe5)
core   0: 0x80009582 (0x00001f17) auipc   t5, 0x1
core   0: 3 0x80009582 (0x00001f17) x30 0x8000a582
core   0: 0x80009586 (0xa63f2f23) sw      gp, -1410(t5)
core   0: 3 0x80009586 (0xa63f2f23) mem 0x8000a000 0x00000001
core   0: 0x8000958a (0x0000bfe5) c.j     pc - 8
core   0: 3 0x8000958a (0xbfe5)
core   0: 0x80009582 (0x00001f17) auipc   t5, 0x1
core   0: 3 0x80009582 (0x00001f17) x30 0x8000a582
core   0: 0x80009586 (0xa63f2f23) sw      gp, -1410(t5)
core   0: 3 0x80009586 (0xa63f2f23) mem 0x8000a000 0x00000001
core   0: 0x8000958a (0x0000bfe5) c.j     pc - 8
core   0: 3 0x8000958a (0xbfe5)
core   0: 0x80009582 (0x00001f17) auipc   t5, 0x1
core   0: 3 0x80009582 (0x00001f17) x30 0x8000a582
core   0: 0x80009586 (0xa63f2f23) sw      gp, -1410(t5)
core   0: 3 0x80009586 (0xa63f2f23) mem 0x8000a000 0x00000001
core   0: 0x8000958a (0x0000bfe5) c.j     pc - 8
core   0: 3 0x8000958a (0xbfe5)
core   0: 0x80009582 (0x00001f17) auipc   t5, 0x1
core   0: 3 0x80009582 (0x00001f17) x30 0x8000a582
core   0: 0x80009586 (0xa63f2f23) sw      gp, -1410(t5)
core   0: 3 0x80009586 (0xa63f2f23) mem 0x8000a000 0x00000001
core   0: 0x8000958a (0x0000bfe5) c.j     pc - 8
core   0: 3 0x8000958a (0xbfe5)
core   0: 0x80009582 (0x00001f17) auipc   t5, 0x1
core   0: 3 0x80009582 (0x00001f17) x30 0x8000a582
core   0: 0x80009586 (0xa63f2f23) sw      gp, -1410(t5)
core   0: 3 0x80009586 (0xa63f2f23) mem 0x8000a000 0x00000001
core   0: 0x8000958a (0x0000bfe5) c.j     pc - 8
core   0: 3 0x8000958a (0xbfe5)
core   0: 0x80009582 (0x00001f17) auipc   t5, 0x1
core   0: 3 0x80009582 (0x00001f17) x30 0x8000a582
core   0: 0x80009586 (0xa63f2f23) sw      gp, -1410(t5)
core   0: 3 0x80009586 (0xa63f2f23) mem 0x8000a000 0x00000001
core   0: 0x8000958a (0x0000bfe5) c.j     pc - 8
core   0: 3 0x8000958a (0xbfe5)
core   0: 0x80009582 (0x00001f17) auipc   t5, 0x1
core   0: 3 0x80009582 (0x00001f17) x30 0x8000a582
core   0: 0x80009586 (0xa63f2f23) sw      gp, -1410(t5)
core   0: 3 0x80009586 (0xa63f2f23) mem 0x8000a000 0x00000001
core   0: 0x8000958a (0x0000bfe5) c.j     pc - 8
core   0: 3 0x8000958a (0xbfe5)
core   0: 0x80009582 (0x00001f17) auipc   t5, 0x1
core   0: 3 0x80009582 (0x00001f17) x30 0x8000a582
core   0: 0x80009586 (0xa63f2f23) sw      gp, -1410(t5)
core   0: 3 0x80009586 (0xa63f2f23) mem 0x8000a000 0x00000001
core   0: 0x8000958a (0x0000bfe5) c.j     pc - 8
core   0: 3 0x8000958a (0xbfe5)
core   0: 0x80009582 (0x00001f17) auipc   t5, 0x1
core   0: 3 0x80009582 (0x00001f17) x30 0x8000a582
core   0: 0x80009586 (0xa63f2f23) sw      gp, -1410(t5)
core   0: 3 0x80009586 (0xa63f2f23) mem 0x8000a000 0x00000001
core   0: 0x8000958a (0x0000bfe5) c.j     pc - 8
core   0: 3 0x8000958a (0xbfe5)
core   0: 0x80009582 (0x00001f17) auipc   t5, 0x1
core   0: 3 0x80009582 (0x00001f17) x30 0x8000a582
core   0: 0x80009586 (0xa63f2f23) sw      gp, -1410(t5)
core   0: 3 0x80009586 (0xa63f2f23) mem 0x8000a000 0x00000001
core   0: 0x8000958a (0x0000bfe5) c.j     pc - 8
core   0: 3 0x8000958a (0xbfe5)
core   0: 0x80009582 (0x00001f17) auipc   t5, 0x1
core   0: 3 0x80009582 (0x00001f17) x30 0x8000a582
core   0: 0x80009586 (0xa63f2f23) sw      gp, -1410(t5)
core   0: 3 0x80009586 (0xa63f2f23) mem 0x8000a000 0x00000001
core   0: 0x8000958a (0x0000bfe5) c.j     pc - 8
core   0: 3 0x8000958a (0xbfe5)
core   0: 0x80009582 (0x00001f17) auipc   t5, 0x1
core   0: 3 0x80009582 (0x00001f17) x30 0x8000a582
core   0: 0x80009586 (0xa63f2f23) sw      gp, -1410(t5)
core   0: 3 0x80009586 (0xa63f2f23) mem 0x8000a000 0x00000001
core   0: 0x8000958a (0x0000bfe5) c.j     pc - 8
core   0: 3 0x8000958a (0xbfe5)
core   0: 0x80009582 (0x00001f17) auipc   t5, 0x1
core   0: 3 0x80009582 (0x00001f17) x30 0x8000a582
core   0: 0x80009586 (0xa63f2f23) sw      gp, -1410(t5)
core   0: 3 0x80009586 (0xa63f2f23) mem 0x8000a000 0x00000001
core   0: 0x8000958a (0x0000bfe5) c.j     pc - 8
core   0: 3 0x8000958a (0xbfe5)
core   0: 0x80009582 (0x00001f17) auipc   t5, 0x1
core   0: 3 0x80009582 (0x00001f17) x30 0x8000a582
core   0: 0x80009586 (0xa63f2f23) sw      gp, -1410(t5)
core   0: 3 0x80009586 (0xa63f2f23) mem 0x8000a000 0x00000001
core   0: 0x8000958a (0x0000bfe5) c.j     pc - 8
core   0: 3 0x8000958a (0xbfe5)
core   0: 0x80009582 (0x00001f17) auipc   t5, 0x1
core   0: 3 0x80009582 (0x00001f17) x30 0x8000a582
core   0: 0x80009586 (0xa63f2f23) sw      gp, -1410(t5)
core   0: 3 0x80009586 (0xa63f2f23) mem 0x8000a000 0x00000001
core   0: 0x8000958a (0x0000bfe5) c.j     pc - 8
core   0: 3 0x8000958a (0xbfe5)
core   0: 0x80009582 (0x00001f17) auipc   t5, 0x1
core   0: 3 0x80009582 (0x00001f17) x30 0x8000a582
core   0: 0x80009586 (0xa63f2f23) sw      gp, -1410(t5)
core   0: 3 0x80009586 (0xa63f2f23) mem 0x8000a000 0x00000001
core   0: 0x8000958a (0x0000bfe5) c.j     pc - 8
core   0: 3 0x8000958a (0xbfe5)
core   0: 0x80009582 (0x00001f17) auipc   t5, 0x1
core   0: 3 0x80009582 (0x00001f17) x30 0x8000a582
core   0: 0x80009586 (0xa63f2f23) sw      gp, -1410(t5)
core   0: 3 0x80009586 (0xa63f2f23) mem 0x8000a000 0x00000001
core   0: 0x8000958a (0x0000bfe5) c.j     pc - 8
core   0: 3 0x8000958a (0xbfe5)
core   0: 0x80009582 (0x00001f17) auipc   t5, 0x1
core   0: 3 0x80009582 (0x00001f17) x30 0x8000a582
core   0: 0x80009586 (0xa63f2f23) sw      gp, -1410(t5)
core   0: 3 0x80009586 (0xa63f2f23) mem 0x8000a000 0x00000001
core   0: 0x8000958a (0x0000bfe5) c.j     pc - 8
core   0: 3 0x8000958a (0xbfe5)
core   0: 0x80009582 (0x00001f17) auipc   t5, 0x1
core   0: 3 0x80009582 (0x00001f17) x30 0x8000a582
core   0: 0x80009586 (0xa63f2f23) sw      gp, -1410(t5)
core   0: 3 0x80009586 (0xa63f2f23) mem 0x8000a000 0x00000001
core   0: 0x8000958a (0x0000bfe5) c.j     pc - 8
core   0: 3 0x8000958a (0xbfe5)
core   0: 0x80009582 (0x00001f17) auipc   t5, 0x1
core   0: 3 0x80009582 (0x00001f17) x30 0x8000a582
core   0: 0x80009586 (0xa63f2f23) sw      gp, -1410(t5)
core   0: 3 0x80009586 (0xa63f2f23) mem 0x8000a000 0x00000001
core   0: 0x8000958a (0x0000bfe5) c.j     pc - 8
core   0: 3 0x8000958a (0xbfe5)
core   0: 0x80009582 (0x00001f17) auipc   t5, 0x1
core   0: 3 0x80009582 (0x00001f17) x30 0x8000a582
core   0: 0x80009586 (0xa63f2f23) sw      gp, -1410(t5)
core   0: 3 0x80009586 (0xa63f2f23) mem 0x8000a000 0x00000001
core   0: 0x8000958a (0x0000bfe5) c.j     pc - 8
core   0: 3 0x8000958a (0xbfe5)
core   0: 0x80009582 (0x00001f17) auipc   t5, 0x1
core   0: 3 0x80009582 (0x00001f17) x30 0x8000a582
core   0: 0x80009586 (0xa63f2f23) sw      gp, -1410(t5)
core   0: 3 0x80009586 (0xa63f2f23) mem 0x8000a000 0x00000001
core   0: 0x8000958a (0x0000bfe5) c.j     pc - 8
core   0: 3 0x8000958a (0xbfe5)
core   0: 0x80009582 (0x00001f17) auipc   t5, 0x1
core   0: 3 0x80009582 (0x00001f17) x30 0x8000a582
core   0: 0x80009586 (0xa63f2f23) sw      gp, -1410(t5)
core   0: 3 0x80009586 (0xa63f2f23) mem 0x8000a000 0x00000001
core   0: 0x8000958a (0x0000bfe5) c.j     pc - 8
core   0: 3 0x8000958a (0xbfe5)
core   0: 0x80009582 (0x00001f17) auipc   t5, 0x1
core   0: 3 0x80009582 (0x00001f17) x30 0x8000a582
core   0: 0x80009586 (0xa63f2f23) sw      gp, -1410(t5)
core   0: 3 0x80009586 (0xa63f2f23) mem 0x8000a000 0x00000001
core   0: 0x8000958a (0x0000bfe5) c.j     pc - 8
core   0: 3 0x8000958a (0xbfe5)
core   0: 0x80009582 (0x00001f17) auipc   t5, 0x1
core   0: 3 0x80009582 (0x00001f17) x30 0x8000a582
core   0: 0x80009586 (0xa63f2f23) sw      gp, -1410(t5)
core   0: 3 0x80009586 (0xa63f2f23) mem 0x8000a000 0x00000001
core   0: 0x8000958a (0x0000bfe5) c.j     pc - 8
core   0: 3 0x8000958a (0xbfe5)
core   0: 0x80009582 (0x00001f17) auipc   t5, 0x1
core   0: 3 0x80009582 (0x00001f17) x30 0x8000a582
core   0: 0x80009586 (0xa63f2f23) sw      gp, -1410(t5)
core   0: 3 0x80009586 (0xa63f2f23) mem 0x8000a000 0x00000001
core   0: 0x8000958a (0x0000bfe5) c.j     pc - 8
core   0: 3 0x8000958a (0xbfe5)
core   0: 0x80009582 (0x00001f17) auipc   t5, 0x1
core   0: 3 0x80009582 (0x00001f17) x30 0x8000a582
core   0: 0x80009586 (0xa63f2f23) sw      gp, -1410(t5)
core   0: 3 0x80009586 (0xa63f2f23) mem 0x8000a000 0x00000001
core   0: 0x8000958a (0x0000bfe5) c.j     pc - 8
core   0: 3 0x8000958a (0xbfe5)
core   0: 0x80009582 (0x00001f17) auipc   t5, 0x1
core   0: 3 0x80009582 (0x00001f17) x30 0x8000a582
core   0: 0x80009586 (0xa63f2f23) sw      gp, -1410(t5)
core   0: 3 0x80009586 (0xa63f2f23) mem 0x8000a000 0x00000001
core   0: 0x8000958a (0x0000bfe5) c.j     pc - 8
core   0: 3 0x8000958a (0xbfe5)
core   0: 0x80009582 (0x00001f17) auipc   t5, 0x1
core   0: 3 0x80009582 (0x00001f17) x30 0x8000a582
core   0: 0x80009586 (0xa63f2f23) sw      gp, -1410(t5)
core   0: 3 0x80009586 (0xa63f2f23) mem 0x8000a000 0x00000001
core   0: 0x8000958a (0x0000bfe5) c.j     pc - 8
core   0: 3 0x8000958a (0xbfe5)
core   0: 0x80009582 (0x00001f17) auipc   t5, 0x1
core   0: 3 0x80009582 (0x00001f17) x30 0x8000a582
core   0: 0x80009586 (0xa63f2f23) sw      gp, -1410(t5)
core   0: 3 0x80009586 (0xa63f2f23) mem 0x8000a000 0x00000001
core   0: 0x8000958a (0x0000bfe5) c.j     pc - 8
core   0: 3 0x8000958a (0xbfe5)
core   0: 0x80009582 (0x00001f17) auipc   t5, 0x1
core   0: 3 0x80009582 (0x00001f17) x30 0x8000a582
core   0: 0x80009586 (0xa63f2f23) sw      gp, -1410(t5)
core   0: 3 0x80009586 (0xa63f2f23) mem 0x8000a000 0x00000001
core   0: 0x8000958a (0x0000bfe5) c.j     pc - 8
core   0: 3 0x8000958a (0xbfe5)
core   0: 0x80009582 (0x00001f17) auipc   t5, 0x1
core   0: 3 0x80009582 (0x00001f17) x30 0x8000a582
core   0: 0x80009586 (0xa63f2f23) sw      gp, -1410(t5)
core   0: 3 0x80009586 (0xa63f2f23) mem 0x8000a000 0x00000001
core   0: 0x8000958a (0x0000bfe5) c.j     pc - 8
core   0: 3 0x8000958a (0xbfe5)
core   0: 0x80009582 (0x00001f17) auipc   t5, 0x1
core   0: 3 0x80009582 (0x00001f17) x30 0x8000a582
core   0: 0x80009586 (0xa63f2f23) sw      gp, -1410(t5)
core   0: 3 0x80009586 (0xa63f2f23) mem 0x8000a000 0x00000001
core   0: 0x8000958a (0x0000bfe5) c.j     pc - 8
core   0: 3 0x8000958a (0xbfe5)
core   0: 0x80009582 (0x00001f17) auipc   t5, 0x1
core   0: 3 0x80009582 (0x00001f17) x30 0x8000a582
core   0: 0x80009586 (0xa63f2f23) sw      gp, -1410(t5)
core   0: 3 0x80009586 (0xa63f2f23) mem 0x8000a000 0x00000001
core   0: 0x8000958a (0x0000bfe5) c.j     pc - 8
core   0: 3 0x8000958a (0xbfe5)
core   0: 0x80009582 (0x00001f17) auipc   t5, 0x1
core   0: 3 0x80009582 (0x00001f17) x30 0x8000a582
core   0: 0x80009586 (0xa63f2f23) sw      gp, -1410(t5)
core   0: 3 0x80009586 (0xa63f2f23) mem 0x8000a000 0x00000001
core   0: 0x8000958a (0x0000bfe5) c.j     pc - 8
core   0: 3 0x8000958a (0xbfe5)
core   0: 0x80009582 (0x00001f17) auipc   t5, 0x1
core   0: 3 0x80009582 (0x00001f17) x30 0x8000a582
core   0: 0x80009586 (0xa63f2f23) sw      gp, -1410(t5)
core   0: 3 0x80009586 (0xa63f2f23) mem 0x8000a000 0x00000001
core   0: 0x8000958a (0x0000bfe5) c.j     pc - 8
core   0: 3 0x8000958a (0xbfe5)
core   0: 0x80009582 (0x00001f17) auipc   t5, 0x1
core   0: 3 0x80009582 (0x00001f17) x30 0x8000a582
core   0: 0x80009586 (0xa63f2f23) sw      gp, -1410(t5)
core   0: 3 0x80009586 (0xa63f2f23) mem 0x8000a000 0x00000001
core   0: 0x8000958a (0x0000bfe5) c.j     pc - 8
core   0: 3 0x8000958a (0xbfe5)
core   0: 0x80009582 (0x00001f17) auipc   t5, 0x1
core   0: 3 0x80009582 (0x00001f17) x30 0x8000a582
core   0: 0x80009586 (0xa63f2f23) sw      gp, -1410(t5)
core   0: 3 0x80009586 (0xa63f2f23) mem 0x8000a000 0x00000001
core   0: 0x8000958a (0x0000bfe5) c.j     pc - 8
core   0: 3 0x8000958a (0xbfe5)
core   0: 0x80009582 (0x00001f17) auipc   t5, 0x1
core   0: 3 0x80009582 (0x00001f17) x30 0x8000a582
core   0: 0x80009586 (0xa63f2f23) sw      gp, -1410(t5)
core   0: 3 0x80009586 (0xa63f2f23) mem 0x8000a000 0x00000001
core   0: 0x8000958a (0x0000bfe5) c.j     pc - 8
core   0: 3 0x8000958a (0xbfe5)
core   0: 0x80009582 (0x00001f17) auipc   t5, 0x1
core   0: 3 0x80009582 (0x00001f17) x30 0x8000a582
core   0: 0x80009586 (0xa63f2f23) sw      gp, -1410(t5)
core   0: 3 0x80009586 (0xa63f2f23) mem 0x8000a000 0x00000001
core   0: 0x8000958a (0x0000bfe5) c.j     pc - 8
core   0: 3 0x8000958a (0xbfe5)
core   0: 0x80009582 (0x00001f17) auipc   t5, 0x1
core   0: 3 0x80009582 (0x00001f17) x30 0x8000a582
core   0: 0x80009586 (0xa63f2f23) sw      gp, -1410(t5)
core   0: 3 0x80009586 (0xa63f2f23) mem 0x8000a000 0x00000001
core   0: 0x8000958a (0x0000bfe5) c.j     pc - 8
core   0: 3 0x8000958a (0xbfe5)
core   0: 0x80009582 (0x00001f17) auipc   t5, 0x1
core   0: 3 0x80009582 (0x00001f17) x30 0x8000a582
core   0: 0x80009586 (0xa63f2f23) sw      gp, -1410(t5)
core   0: 3 0x80009586 (0xa63f2f23) mem 0x8000a000 0x00000001
core   0: 0x8000958a (0x0000bfe5) c.j     pc - 8
core   0: 3 0x8000958a (0xbfe5)
core   0: 0x80009582 (0x00001f17) auipc   t5, 0x1
core   0: 3 0x80009582 (0x00001f17) x30 0x8000a582
core   0: 0x80009586 (0xa63f2f23) sw      gp, -1410(t5)
core   0: 3 0x80009586 (0xa63f2f23) mem 0x8000a000 0x00000001
core   0: 0x8000958a (0x0000bfe5) c.j     pc - 8
core   0: 3 0x8000958a (0xbfe5)
core   0: 0x80009582 (0x00001f17) auipc   t5, 0x1
core   0: 3 0x80009582 (0x00001f17) x30 0x8000a582
core   0: 0x80009586 (0xa63f2f23) sw      gp, -1410(t5)
core   0: 3 0x80009586 (0xa63f2f23) mem 0x8000a000 0x00000001
core   0: 0x8000958a (0x0000bfe5) c.j     pc - 8
core   0: 3 0x8000958a (0xbfe5)
core   0: 0x80009582 (0x00001f17) auipc   t5, 0x1
core   0: 3 0x80009582 (0x00001f17) x30 0x8000a582
core   0: 0x80009586 (0xa63f2f23) sw      gp, -1410(t5)
core   0: 3 0x80009586 (0xa63f2f23) mem 0x8000a000 0x00000001
core   0: 0x8000958a (0x0000bfe5) c.j     pc - 8
core   0: 3 0x8000958a (0xbfe5)
core   0: 0x80009582 (0x00001f17) auipc   t5, 0x1
core   0: 3 0x80009582 (0x00001f17) x30 0x8000a582
core   0: 0x80009586 (0xa63f2f23) sw      gp, -1410(t5)
core   0: 3 0x80009586 (0xa63f2f23) mem 0x8000a000 0x00000001
core   0: 0x8000958a (0x0000bfe5) c.j     pc - 8
core   0: 3 0x8000958a (0xbfe5)
core   0: 0x80009582 (0x00001f17) auipc   t5, 0x1
core   0: 3 0x80009582 (0x00001f17) x30 0x8000a582
core   0: 0x80009586 (0xa63f2f23) sw      gp, -1410(t5)
core   0: 3 0x80009586 (0xa63f2f23) mem 0x8000a000 0x00000001
core   0: 0x8000958a (0x0000bfe5) c.j     pc - 8
core   0: 3 0x8000958a (0xbfe5)
core   0: 0x80009582 (0x00001f17) auipc   t5, 0x1
core   0: 3 0x80009582 (0x00001f17) x30 0x8000a582
core   0: 0x80009586 (0xa63f2f23) sw      gp, -1410(t5)
core   0: 3 0x80009586 (0xa63f2f23) mem 0x8000a000 0x00000001
core   0: 0x8000958a (0x0000bfe5) c.j     pc - 8
core   0: 3 0x8000958a (0xbfe5)
core   0: 0x80009582 (0x00001f17) auipc   t5, 0x1
core   0: 3 0x80009582 (0x00001f17) x30 0x8000a582
core   0: 0x80009586 (0xa63f2f23) sw      gp, -1410(t5)
core   0: 3 0x80009586 (0xa63f2f23) mem 0x8000a000 0x00000001
core   0: 0x8000958a (0x0000bfe5) c.j     pc - 8
core   0: 3 0x8000958a (0xbfe5)
core   0: 0x80009582 (0x00001f17) auipc   t5, 0x1
core   0: 3 0x80009582 (0x00001f17) x30 0x8000a582
core   0: 0x80009586 (0xa63f2f23) sw      gp, -1410(t5)
core   0: 3 0x80009586 (0xa63f2f23) mem 0x8000a000 0x00000001
core   0: 0x8000958a (0x0000bfe5) c.j     pc - 8
core   0: 3 0x8000958a (0xbfe5)
core   0: 0x80009582 (0x00001f17) auipc   t5, 0x1
core   0: 3 0x80009582 (0x00001f17) x30 0x8000a582
core   0: 0x80009586 (0xa63f2f23) sw      gp, -1410(t5)
core   0: 3 0x80009586 (0xa63f2f23) mem 0x8000a000 0x00000001
core   0: 0x8000958a (0x0000bfe5) c.j     pc - 8
core   0: 3 0x8000958a (0xbfe5)
core   0: 0x80009582 (0x00001f17) auipc   t5, 0x1
core   0: 3 0x80009582 (0x00001f17) x30 0x8000a582
core   0: 0x80009586 (0xa63f2f23) sw      gp, -1410(t5)
core   0: 3 0x80009586 (0xa63f2f23) mem 0x8000a000 0x00000001
core   0: 0x8000958a (0x0000bfe5) c.j     pc - 8
core   0: 3 0x8000958a (0xbfe5)
core   0: 0x80009582 (0x00001f17) auipc   t5, 0x1
core   0: 3 0x80009582 (0x00001f17) x30 0x8000a582
core   0: 0x80009586 (0xa63f2f23) sw      gp, -1410(t5)
core   0: 3 0x80009586 (0xa63f2f23) mem 0x8000a000 0x00000001
core   0: 0x8000958a (0x0000bfe5) c.j     pc - 8
core   0: 3 0x8000958a (0xbfe5)
core   0: 0x80009582 (0x00001f17) auipc   t5, 0x1
core   0: 3 0x80009582 (0x00001f17) x30 0x8000a582
core   0: 0x80009586 (0xa63f2f23) sw      gp, -1410(t5)
core   0: 3 0x80009586 (0xa63f2f23) mem 0x8000a000 0x00000001
core   0: 0x8000958a (0x0000bfe5) c.j     pc - 8
core   0: 3 0x8000958a (0xbfe5)
core   0: 0x80009582 (0x00001f17) auipc   t5, 0x1
core   0: 3 0x80009582 (0x00001f17) x30 0x8000a582
core   0: 0x80009586 (0xa63f2f23) sw      gp, -1410(t5)
core   0: 3 0x80009586 (0xa63f2f23) mem 0x8000a000 0x00000001
core   0: 0x8000958a (0x0000bfe5) c.j     pc - 8
core   0: 3 0x8000958a (0xbfe5)
core   0: 0x80009582 (0x00001f17) auipc   t5, 0x1
core   0: 3 0x80009582 (0x00001f17) x30 0x8000a582
core   0: 0x80009586 (0xa63f2f23) sw      gp, -1410(t5)
core   0: 3 0x80009586 (0xa63f2f23) mem 0x8000a000 0x00000001
core   0: 0x8000958a (0x0000bfe5) c.j     pc - 8
core   0: 3 0x8000958a (0xbfe5)
core   0: 0x80009582 (0x00001f17) auipc   t5, 0x1
core   0: 3 0x80009582 (0x00001f17) x30 0x8000a582
core   0: 0x80009586 (0xa63f2f23) sw      gp, -1410(t5)
core   0: 3 0x80009586 (0xa63f2f23) mem 0x8000a000 0x00000001
core   0: 0x8000958a (0x0000bfe5) c.j     pc - 8
core   0: 3 0x8000958a (0xbfe5)
core   0: 0x80009582 (0x00001f17) auipc   t5, 0x1
core   0: 3 0x80009582 (0x00001f17) x30 0x8000a582
core   0: 0x80009586 (0xa63f2f23) sw      gp, -1410(t5)
core   0: 3 0x80009586 (0xa63f2f23) mem 0x8000a000 0x00000001
core   0: 0x8000958a (0x0000bfe5) c.j     pc - 8
core   0: 3 0x8000958a (0xbfe5)
core   0: 0x80009582 (0x00001f17) auipc   t5, 0x1
core   0: 3 0x80009582 (0x00001f17) x30 0x8000a582
core   0: 0x80009586 (0xa63f2f23) sw      gp, -1410(t5)
core   0: 3 0x80009586 (0xa63f2f23) mem 0x8000a000 0x00000001
core   0: 0x8000958a (0x0000bfe5) c.j     pc - 8
core   0: 3 0x8000958a (0xbfe5)
core   0: 0x80009582 (0x00001f17) auipc   t5, 0x1
core   0: 3 0x80009582 (0x00001f17) x30 0x8000a582
core   0: 0x80009586 (0xa63f2f23) sw      gp, -1410(t5)
core   0: 3 0x80009586 (0xa63f2f23) mem 0x8000a000 0x00000001
core   0: 0x8000958a (0x0000bfe5) c.j     pc - 8
core   0: 3 0x8000958a (0xbfe5)
core   0: 0x80009582 (0x00001f17) auipc   t5, 0x1
core   0: 3 0x80009582 (0x00001f17) x30 0x8000a582
core   0: 0x80009586 (0xa63f2f23) sw      gp, -1410(t5)
core   0: 3 0x80009586 (0xa63f2f23) mem 0x8000a000 0x00000001
core   0: 0x8000958a (0x0000bfe5) c.j     pc - 8
core   0: 3 0x8000958a (0xbfe5)
core   0: 0x80009582 (0x00001f17) auipc   t5, 0x1
core   0: 3 0x80009582 (0x00001f17) x30 0x8000a582
core   0: 0x80009586 (0xa63f2f23) sw      gp, -1410(t5)
core   0: 3 0x80009586 (0xa63f2f23) mem 0x8000a000 0x00000001
core   0: 0x8000958a (0x0000bfe5) c.j     pc - 8
core   0: 3 0x8000958a (0xbfe5)
core   0: 0x80009582 (0x00001f17) auipc   t5, 0x1
core   0: 3 0x80009582 (0x00001f17) x30 0x8000a582
core   0: 0x80009586 (0xa63f2f23) sw      gp, -1410(t5)
core   0: 3 0x80009586 (0xa63f2f23) mem 0x8000a000 0x00000001
core   0: 0x8000958a (0x0000bfe5) c.j     pc - 8
core   0: 3 0x8000958a (0xbfe5)
core   0: 0x80009582 (0x00001f17) auipc   t5, 0x1
core   0: 3 0x80009582 (0x00001f17) x30 0x8000a582
core   0: 0x80009586 (0xa63f2f23) sw      gp, -1410(t5)
core   0: 3 0x80009586 (0xa63f2f23) mem 0x8000a000 0x00000001
core   0: 0x8000958a (0x0000bfe5) c.j     pc - 8
core   0: 3 0x8000958a (0xbfe5)
core   0: 0x80009582 (0x00001f17) auipc   t5, 0x1
core   0: 3 0x80009582 (0x00001f17) x30 0x8000a582
core   0: 0x80009586 (0xa63f2f23) sw      gp, -1410(t5)
core   0: 3 0x80009586 (0xa63f2f23) mem 0x8000a000 0x00000001
core   0: 0x8000958a (0x0000bfe5) c.j     pc - 8
core   0: 3 0x8000958a (0xbfe5)
core   0: 0x80009582 (0x00001f17) auipc   t5, 0x1
core   0: 3 0x80009582 (0x00001f17) x30 0x8000a582
core   0: 0x80009586 (0xa63f2f23) sw      gp, -1410(t5)
core   0: 3 0x80009586 (0xa63f2f23) mem 0x8000a000 0x00000001
core   0: 0x8000958a (0x0000bfe5) c.j     pc - 8
core   0: 3 0x8000958a (0xbfe5)
core   0: 0x80009582 (0x00001f17) auipc   t5, 0x1
core   0: 3 0x80009582 (0x00001f17) x30 0x8000a582
core   0: 0x80009586 (0xa63f2f23) sw      gp, -1410(t5)
core   0: 3 0x80009586 (0xa63f2f23) mem 0x8000a000 0x00000001
core   0: 0x8000958a (0x0000bfe5) c.j     pc - 8
core   0: 3 0x8000958a (0xbfe5)
core   0: 0x80009582 (0x00001f17) auipc   t5, 0x1
core   0: 3 0x80009582 (0x00001f17) x30 0x8000a582
core   0: 0x80009586 (0xa63f2f23) sw      gp, -1410(t5)
core   0: 3 0x80009586 (0xa63f2f23) mem 0x8000a000 0x00000001
core   0: 0x8000958a (0x0000bfe5) c.j     pc - 8
core   0: 3 0x8000958a (0xbfe5)
core   0: 0x80009582 (0x00001f17) auipc   t5, 0x1
core   0: 3 0x80009582 (0x00001f17) x30 0x8000a582
core   0: 0x80009586 (0xa63f2f23) sw      gp, -1410(t5)
core   0: 3 0x80009586 (0xa63f2f23) mem 0x8000a000 0x00000001
core   0: 0x8000958a (0x0000bfe5) c.j     pc - 8
core   0: 3 0x8000958a (0xbfe5)
core   0: 0x80009582 (0x00001f17) auipc   t5, 0x1
core   0: 3 0x80009582 (0x00001f17) x30 0x8000a582
core   0: 0x80009586 (0xa63f2f23) sw      gp, -1410(t5)
core   0: 3 0x80009586 (0xa63f2f23) mem 0x8000a000 0x00000001
core   0: 0x8000958a (0x0000bfe5) c.j     pc - 8
core   0: 3 0x8000958a (0xbfe5)
core   0: 0x80009582 (0x00001f17) auipc   t5, 0x1
core   0: 3 0x80009582 (0x00001f17) x30 0x8000a582
core   0: 0x80009586 (0xa63f2f23) sw      gp, -1410(t5)
core   0: 3 0x80009586 (0xa63f2f23) mem 0x8000a000 0x00000001
core   0: 0x8000958a (0x0000bfe5) c.j     pc - 8
core   0: 3 0x8000958a (0xbfe5)
core   0: 0x80009582 (0x00001f17) auipc   t5, 0x1
core   0: 3 0x80009582 (0x00001f17) x30 0x8000a582
core   0: 0x80009586 (0xa63f2f23) sw      gp, -1410(t5)
core   0: 3 0x80009586 (0xa63f2f23) mem 0x8000a000 0x00000001
core   0: 0x8000958a (0x0000bfe5) c.j     pc - 8
core   0: 3 0x8000958a (0xbfe5)
core   0: 0x80009582 (0x00001f17) auipc   t5, 0x1
core   0: 3 0x80009582 (0x00001f17) x30 0x8000a582
core   0: 0x80009586 (0xa63f2f23) sw      gp, -1410(t5)
core   0: 3 0x80009586 (0xa63f2f23) mem 0x8000a000 0x00000001
core   0: 0x8000958a (0x0000bfe5) c.j     pc - 8
core   0: 3 0x8000958a (0xbfe5)
core   0: 0x80009582 (0x00001f17) auipc   t5, 0x1
core   0: 3 0x80009582 (0x00001f17) x30 0x8000a582
core   0: 0x80009586 (0xa63f2f23) sw      gp, -1410(t5)
core   0: 3 0x80009586 (0xa63f2f23) mem 0x8000a000 0x00000001
core   0: 0x8000958a (0x0000bfe5) c.j     pc - 8
core   0: 3 0x8000958a (0xbfe5)
core   0: 0x80009582 (0x00001f17) auipc   t5, 0x1
core   0: 3 0x80009582 (0x00001f17) x30 0x8000a582
core   0: 0x80009586 (0xa63f2f23) sw      gp, -1410(t5)
core   0: 3 0x80009586 (0xa63f2f23) mem 0x8000a000 0x00000001
core   0: 0x8000958a (0x0000bfe5) c.j     pc - 8
core   0: 3 0x8000958a (0xbfe5)
core   0: 0x80009582 (0x00001f17) auipc   t5, 0x1
core   0: 3 0x80009582 (0x00001f17) x30 0x8000a582
core   0: 0x80009586 (0xa63f2f23) sw      gp, -1410(t5)
core   0: 3 0x80009586 (0xa63f2f23) mem 0x8000a000 0x00000001
core   0: 0x8000958a (0x0000bfe5) c.j     pc - 8
core   0: 3 0x8000958a (0xbfe5)
core   0: 0x80009582 (0x00001f17) auipc   t5, 0x1
core   0: 3 0x80009582 (0x00001f17) x30 0x8000a582
core   0: 0x80009586 (0xa63f2f23) sw      gp, -1410(t5)
core   0: 3 0x80009586 (0xa63f2f23) mem 0x8000a000 0x00000001
core   0: 0x8000958a (0x0000bfe5) c.j     pc - 8
core   0: 3 0x8000958a (0xbfe5)
core   0: 0x80009582 (0x00001f17) auipc   t5, 0x1
core   0: 3 0x80009582 (0x00001f17) x30 0x8000a582
core   0: 0x80009586 (0xa63f2f23) sw      gp, -1410(t5)
core   0: 3 0x80009586 (0xa63f2f23) mem 0x8000a000 0x00000001
core   0: 0x8000958a (0x0000bfe5) c.j     pc - 8
core   0: 3 0x8000958a (0xbfe5)
core   0: 0x80009582 (0x00001f17) auipc   t5, 0x1
core   0: 3 0x80009582 (0x00001f17) x30 0x8000a582
core   0: 0x80009586 (0xa63f2f23) sw      gp, -1410(t5)
core   0: 3 0x80009586 (0xa63f2f23) mem 0x8000a000 0x00000001
core   0: 0x8000958a (0x0000bfe5) c.j     pc - 8
core   0: 3 0x8000958a (0xbfe5)
core   0: 0x80009582 (0x00001f17) auipc   t5, 0x1
core   0: 3 0x80009582 (0x00001f17) x30 0x8000a582
core   0: 0x80009586 (0xa63f2f23) sw      gp, -1410(t5)
core   0: 3 0x80009586 (0xa63f2f23) mem 0x8000a000 0x00000001
core   0: 0x8000958a (0x0000bfe5) c.j     pc - 8
core   0: 3 0x8000958a (0xbfe5)
core   0: 0x80009582 (0x00001f17) auipc   t5, 0x1
core   0: 3 0x80009582 (0x00001f17) x30 0x8000a582
core   0: 0x80009586 (0xa63f2f23) sw      gp, -1410(t5)
core   0: 3 0x80009586 (0xa63f2f23) mem 0x8000a000 0x00000001
core   0: 0x8000958a (0x0000bfe5) c.j     pc - 8
core   0: 3 0x8000958a (0xbfe5)
core   0: 0x80009582 (0x00001f17) auipc   t5, 0x1
core   0: 3 0x80009582 (0x00001f17) x30 0x8000a582
core   0: 0x80009586 (0xa63f2f23) sw      gp, -1410(t5)
core   0: 3 0x80009586 (0xa63f2f23) mem 0x8000a000 0x00000001
core   0: 0x8000958a (0x0000bfe5) c.j     pc - 8
core   0: 3 0x8000958a (0xbfe5)
core   0: 0x80009582 (0x00001f17) auipc   t5, 0x1
core   0: 3 0x80009582 (0x00001f17) x30 0x8000a582
core   0: 0x80009586 (0xa63f2f23) sw      gp, -1410(t5)
core   0: 3 0x80009586 (0xa63f2f23) mem 0x8000a000 0x00000001
core   0: 0x8000958a (0x0000bfe5) c.j     pc - 8
core   0: 3 0x8000958a (0xbfe5)
core   0: 0x80009582 (0x00001f17) auipc   t5, 0x1
core   0: 3 0x80009582 (0x00001f17) x30 0x8000a582
core   0: 0x80009586 (0xa63f2f23) sw      gp, -1410(t5)
core   0: 3 0x80009586 (0xa63f2f23) mem 0x8000a000 0x00000001
core   0: 0x8000958a (0x0000bfe5) c.j     pc - 8
core   0: 3 0x8000958a (0xbfe5)
core   0: 0x80009582 (0x00001f17) auipc   t5, 0x1
core   0: 3 0x80009582 (0x00001f17) x30 0x8000a582
core   0: 0x80009586 (0xa63f2f23) sw      gp, -1410(t5)
core   0: 3 0x80009586 (0xa63f2f23) mem 0x8000a000 0x00000001
core   0: 0x8000958a (0x0000bfe5) c.j     pc - 8
core   0: 3 0x8000958a (0xbfe5)
core   0: 0x80009582 (0x00001f17) auipc   t5, 0x1
core   0: 3 0x80009582 (0x00001f17) x30 0x8000a582
core   0: 0x80009586 (0xa63f2f23) sw      gp, -1410(t5)
core   0: 3 0x80009586 (0xa63f2f23) mem 0x8000a000 0x00000001
core   0: 0x8000958a (0x0000bfe5) c.j     pc - 8
core   0: 3 0x8000958a (0xbfe5)
core   0: 0x80009582 (0x00001f17) auipc   t5, 0x1
core   0: 3 0x80009582 (0x00001f17) x30 0x8000a582
core   0: 0x80009586 (0xa63f2f23) sw      gp, -1410(t5)
core   0: 3 0x80009586 (0xa63f2f23) mem 0x8000a000 0x00000001
core   0: 0x8000958a (0x0000bfe5) c.j     pc - 8
core   0: 3 0x8000958a (0xbfe5)
core   0: 0x80009582 (0x00001f17) auipc   t5, 0x1
core   0: 3 0x80009582 (0x00001f17) x30 0x8000a582
core   0: 0x80009586 (0xa63f2f23) sw      gp, -1410(t5)
core   0: 3 0x80009586 (0xa63f2f23) mem 0x8000a000 0x00000001
core   0: 0x8000958a (0x0000bfe5) c.j     pc - 8
core   0: 3 0x8000958a (0xbfe5)
core   0: 0x80009582 (0x00001f17) auipc   t5, 0x1
core   0: 3 0x80009582 (0x00001f17) x30 0x8000a582
core   0: 0x80009586 (0xa63f2f23) sw      gp, -1410(t5)
core   0: 3 0x80009586 (0xa63f2f23) mem 0x8000a000 0x00000001
core   0: 0x8000958a (0x0000bfe5) c.j     pc - 8
core   0: 3 0x8000958a (0xbfe5)
core   0: 0x80009582 (0x00001f17) auipc   t5, 0x1
core   0: 3 0x80009582 (0x00001f17) x30 0x8000a582
core   0: 0x80009586 (0xa63f2f23) sw      gp, -1410(t5)
core   0: 3 0x80009586 (0xa63f2f23) mem 0x8000a000 0x00000001
core   0: 0x8000958a (0x0000bfe5) c.j     pc - 8
core   0: 3 0x8000958a (0xbfe5)
core   0: 0x80009582 (0x00001f17) auipc   t5, 0x1
core   0: 3 0x80009582 (0x00001f17) x30 0x8000a582
core   0: 0x80009586 (0xa63f2f23) sw      gp, -1410(t5)
core   0: 3 0x80009586 (0xa63f2f23) mem 0x8000a000 0x00000001
core   0: 0x8000958a (0x0000bfe5) c.j     pc - 8
core   0: 3 0x8000958a (0xbfe5)
core   0: 0x80009582 (0x00001f17) auipc   t5, 0x1
core   0: 3 0x80009582 (0x00001f17) x30 0x8000a582
core   0: 0x80009586 (0xa63f2f23) sw      gp, -1410(t5)
core   0: 3 0x80009586 (0xa63f2f23) mem 0x8000a000 0x00000001
core   0: 0x8000958a (0x0000bfe5) c.j     pc - 8
core   0: 3 0x8000958a (0xbfe5)
core   0: 0x80009582 (0x00001f17) auipc   t5, 0x1
core   0: 3 0x80009582 (0x00001f17) x30 0x8000a582
core   0: 0x80009586 (0xa63f2f23) sw      gp, -1410(t5)
core   0: 3 0x80009586 (0xa63f2f23) mem 0x8000a000 0x00000001
core   0: 0x8000958a (0x0000bfe5) c.j     pc - 8
core   0: 3 0x8000958a (0xbfe5)
core   0: 0x80009582 (0x00001f17) auipc   t5, 0x1
core   0: 3 0x80009582 (0x00001f17) x30 0x8000a582
core   0: 0x80009586 (0xa63f2f23) sw      gp, -1410(t5)
core   0: 3 0x80009586 (0xa63f2f23) mem 0x8000a000 0x00000001
core   0: 0x8000958a (0x0000bfe5) c.j     pc - 8
core   0: 3 0x8000958a (0xbfe5)
core   0: 0x80009582 (0x00001f17) auipc   t5, 0x1
core   0: 3 0x80009582 (0x00001f17) x30 0x8000a582
core   0: 0x80009586 (0xa63f2f23) sw      gp, -1410(t5)
core   0: 3 0x80009586 (0xa63f2f23) mem 0x8000a000 0x00000001
core   0: 0x8000958a (0x0000bfe5) c.j     pc - 8
core   0: 3 0x8000958a (0xbfe5)
core   0: 0x80009582 (0x00001f17) auipc   t5, 0x1
core   0: 3 0x80009582 (0x00001f17) x30 0x8000a582
core   0: 0x80009586 (0xa63f2f23) sw      gp, -1410(t5)
core   0: 3 0x80009586 (0xa63f2f23) mem 0x8000a000 0x00000001
core   0: 0x8000958a (0x0000bfe5) c.j     pc - 8
core   0: 3 0x8000958a (0xbfe5)
core   0: 0x80009582 (0x00001f17) auipc   t5, 0x1
core   0: 3 0x80009582 (0x00001f17) x30 0x8000a582
core   0: 0x80009586 (0xa63f2f23) sw      gp, -1410(t5)
core   0: 3 0x80009586 (0xa63f2f23) mem 0x8000a000 0x00000001
core   0: 0x8000958a (0x0000bfe5) c.j     pc - 8
core   0: 3 0x8000958a (0xbfe5)
core   0: 0x80009582 (0x00001f17) auipc   t5, 0x1
core   0: 3 0x80009582 (0x00001f17) x30 0x8000a582
core   0: 0x80009586 (0xa63f2f23) sw      gp, -1410(t5)
core   0: 3 0x80009586 (0xa63f2f23) mem 0x8000a000 0x00000001
core   0: 0x8000958a (0x0000bfe5) c.j     pc - 8
core   0: 3 0x8000958a (0xbfe5)
core   0: 0x80009582 (0x00001f17) auipc   t5, 0x1
core   0: 3 0x80009582 (0x00001f17) x30 0x8000a582
core   0: 0x80009586 (0xa63f2f23) sw      gp, -1410(t5)
core   0: 3 0x80009586 (0xa63f2f23) mem 0x8000a000 0x00000001
core   0: 0x8000958a (0x0000bfe5) c.j     pc - 8
core   0: 3 0x8000958a (0xbfe5)
core   0: 0x80009582 (0x00001f17) auipc   t5, 0x1
core   0: 3 0x80009582 (0x00001f17) x30 0x8000a582
core   0: 0x80009586 (0xa63f2f23) sw      gp, -1410(t5)
core   0: 3 0x80009586 (0xa63f2f23) mem 0x8000a000 0x00000001
core   0: 0x8000958a (0x0000bfe5) c.j     pc - 8
core   0: 3 0x8000958a (0xbfe5)
core   0: 0x80009582 (0x00001f17) auipc   t5, 0x1
core   0: 3 0x80009582 (0x00001f17) x30 0x8000a582
core   0: 0x80009586 (0xa63f2f23) sw      gp, -1410(t5)
core   0: 3 0x80009586 (0xa63f2f23) mem 0x8000a000 0x00000001
core   0: 0x8000958a (0x0000bfe5) c.j     pc - 8
core   0: 3 0x8000958a (0xbfe5)
core   0: 0x80009582 (0x00001f17) auipc   t5, 0x1
core   0: 3 0x80009582 (0x00001f17) x30 0x8000a582
core   0: 0x80009586 (0xa63f2f23) sw      gp, -1410(t5)
core   0: 3 0x80009586 (0xa63f2f23) mem 0x8000a000 0x00000001
core   0: 0x8000958a (0x0000bfe5) c.j     pc - 8
core   0: 3 0x8000958a (0xbfe5)
core   0: 0x80009582 (0x00001f17) auipc   t5, 0x1
core   0: 3 0x80009582 (0x00001f17) x30 0x8000a582
core   0: 0x80009586 (0xa63f2f23) sw      gp, -1410(t5)
core   0: 3 0x80009586 (0xa63f2f23) mem 0x8000a000 0x00000001
core   0: 0x8000958a (0x0000bfe5) c.j     pc - 8
core   0: 3 0x8000958a (0xbfe5)
core   0: 0x80009582 (0x00001f17) auipc   t5, 0x1
core   0: 3 0x80009582 (0x00001f17) x30 0x8000a582
core   0: 0x80009586 (0xa63f2f23) sw      gp, -1410(t5)
core   0: 3 0x80009586 (0xa63f2f23) mem 0x8000a000 0x00000001
core   0: 0x8000958a (0x0000bfe5) c.j     pc - 8
core   0: 3 0x8000958a (0xbfe5)
core   0: 0x80009582 (0x00001f17) auipc   t5, 0x1
core   0: 3 0x80009582 (0x00001f17) x30 0x8000a582
core   0: 0x80009586 (0xa63f2f23) sw      gp, -1410(t5)
core   0: 3 0x80009586 (0xa63f2f23) mem 0x8000a000 0x00000001
core   0: 0x8000958a (0x0000bfe5) c.j     pc - 8
core   0: 3 0x8000958a (0xbfe5)
core   0: 0x80009582 (0x00001f17) auipc   t5, 0x1
core   0: 3 0x80009582 (0x00001f17) x30 0x8000a582
core   0: 0x80009586 (0xa63f2f23) sw      gp, -1410(t5)
core   0: 3 0x80009586 (0xa63f2f23) mem 0x8000a000 0x00000001
core   0: 0x8000958a (0x0000bfe5) c.j     pc - 8
core   0: 3 0x8000958a (0xbfe5)
core   0: 0x80009582 (0x00001f17) auipc   t5, 0x1
core   0: 3 0x80009582 (0x00001f17) x30 0x8000a582
core   0: 0x80009586 (0xa63f2f23) sw      gp, -1410(t5)
core   0: 3 0x80009586 (0xa63f2f23) mem 0x8000a000 0x00000001
core   0: 0x8000958a (0x0000bfe5) c.j     pc - 8
core   0: 3 0x8000958a (0xbfe5)
core   0: 0x80009582 (0x00001f17) auipc   t5, 0x1
core   0: 3 0x80009582 (0x00001f17) x30 0x8000a582
core   0: 0x80009586 (0xa63f2f23) sw      gp, -1410(t5)
core   0: 3 0x80009586 (0xa63f2f23) mem 0x8000a000 0x00000001
core   0: 0x8000958a (0x0000bfe5) c.j     pc - 8
core   0: 3 0x8000958a (0xbfe5)
core   0: 0x80009582 (0x00001f17) auipc   t5, 0x1
core   0: 3 0x80009582 (0x00001f17) x30 0x8000a582
core   0: 0x80009586 (0xa63f2f23) sw      gp, -1410(t5)
core   0: 3 0x80009586 (0xa63f2f23) mem 0x8000a000 0x00000001
core   0: 0x8000958a (0x0000bfe5) c.j     pc - 8
core   0: 3 0x8000958a (0xbfe5)
core   0: 0x80009582 (0x00001f17) auipc   t5, 0x1
core   0: 3 0x80009582 (0x00001f17) x30 0x8000a582
core   0: 0x80009586 (0xa63f2f23) sw      gp, -1410(t5)
core   0: 3 0x80009586 (0xa63f2f23) mem 0x8000a000 0x00000001
core   0: 0x8000958a (0x0000bfe5) c.j     pc - 8
core   0: 3 0x8000958a (0xbfe5)
core   0: 0x80009582 (0x00001f17) auipc   t5, 0x1
core   0: 3 0x80009582 (0x00001f17) x30 0x8000a582
core   0: 0x80009586 (0xa63f2f23) sw      gp, -1410(t5)
core   0: 3 0x80009586 (0xa63f2f23) mem 0x8000a000 0x00000001
core   0: 0x8000958a (0x0000bfe5) c.j     pc - 8
core   0: 3 0x8000958a (0xbfe5)
core   0: 0x80009582 (0x00001f17) auipc   t5, 0x1
core   0: 3 0x80009582 (0x00001f17) x30 0x8000a582
core   0: 0x80009586 (0xa63f2f23) sw      gp, -1410(t5)
core   0: 3 0x80009586 (0xa63f2f23) mem 0x8000a000 0x00000001
core   0: 0x8000958a (0x0000bfe5) c.j     pc - 8
core   0: 3 0x8000958a (0xbfe5)
core   0: 0x80009582 (0x00001f17) auipc   t5, 0x1
core   0: 3 0x80009582 (0x00001f17) x30 0x8000a582
core   0: 0x80009586 (0xa63f2f23) sw      gp, -1410(t5)
core   0: 3 0x80009586 (0xa63f2f23) mem 0x8000a000 0x00000001
core   0: 0x8000958a (0x0000bfe5) c.j     pc - 8
core   0: 3 0x8000958a (0xbfe5)
core   0: 0x80009582 (0x00001f17) auipc   t5, 0x1
core   0: 3 0x80009582 (0x00001f17) x30 0x8000a582
core   0: 0x80009586 (0xa63f2f23) sw      gp, -1410(t5)
core   0: 3 0x80009586 (0xa63f2f23) mem 0x8000a000 0x00000001
core   0: 0x8000958a (0x0000bfe5) c.j     pc - 8
core   0: 3 0x8000958a (0xbfe5)
core   0: 0x80009582 (0x00001f17) auipc   t5, 0x1
core   0: 3 0x80009582 (0x00001f17) x30 0x8000a582
core   0: 0x80009586 (0xa63f2f23) sw      gp, -1410(t5)
core   0: 3 0x80009586 (0xa63f2f23) mem 0x8000a000 0x00000001
core   0: 0x8000958a (0x0000bfe5) c.j     pc - 8
core   0: 3 0x8000958a (0xbfe5)
core   0: 0x80009582 (0x00001f17) auipc   t5, 0x1
core   0: 3 0x80009582 (0x00001f17) x30 0x8000a582
core   0: 0x80009586 (0xa63f2f23) sw      gp, -1410(t5)
core   0: 3 0x80009586 (0xa63f2f23) mem 0x8000a000 0x00000001
core   0: 0x8000958a (0x0000bfe5) c.j     pc - 8
core   0: 3 0x8000958a (0xbfe5)
core   0: 0x80009582 (0x00001f17) auipc   t5, 0x1
core   0: 3 0x80009582 (0x00001f17) x30 0x8000a582
core   0: 0x80009586 (0xa63f2f23) sw      gp, -1410(t5)
core   0: 3 0x80009586 (0xa63f2f23) mem 0x8000a000 0x00000001
core   0: 0x8000958a (0x0000bfe5) c.j     pc - 8
core   0: 3 0x8000958a (0xbfe5)
core   0: 0x80009582 (0x00001f17) auipc   t5, 0x1
core   0: 3 0x80009582 (0x00001f17) x30 0x8000a582
core   0: 0x80009586 (0xa63f2f23) sw      gp, -1410(t5)
core   0: 3 0x80009586 (0xa63f2f23) mem 0x8000a000 0x00000001
core   0: 0x8000958a (0x0000bfe5) c.j     pc - 8
core   0: 3 0x8000958a (0xbfe5)
core   0: 0x80009582 (0x00001f17) auipc   t5, 0x1
core   0: 3 0x80009582 (0x00001f17) x30 0x8000a582
core   0: 0x80009586 (0xa63f2f23) sw      gp, -1410(t5)
core   0: 3 0x80009586 (0xa63f2f23) mem 0x8000a000 0x00000001
core   0: 0x8000958a (0x0000bfe5) c.j     pc - 8
core   0: 3 0x8000958a (0xbfe5)
core   0: 0x80009582 (0x00001f17) auipc   t5, 0x1
core   0: 3 0x80009582 (0x00001f17) x30 0x8000a582
core   0: 0x80009586 (0xa63f2f23) sw      gp, -1410(t5)
core   0: 3 0x80009586 (0xa63f2f23) mem 0x8000a000 0x00000001
core   0: 0x8000958a (0x0000bfe5) c.j     pc - 8
core   0: 3 0x8000958a (0xbfe5)
core   0: 0x80009582 (0x00001f17) auipc   t5, 0x1
core   0: 3 0x80009582 (0x00001f17) x30 0x8000a582
core   0: 0x80009586 (0xa63f2f23) sw      gp, -1410(t5)
core   0: 3 0x80009586 (0xa63f2f23) mem 0x8000a000 0x00000001
core   0: 0x8000958a (0x0000bfe5) c.j     pc - 8
core   0: 3 0x8000958a (0xbfe5)
core   0: 0x80009582 (0x00001f17) auipc   t5, 0x1
core   0: 3 0x80009582 (0x00001f17) x30 0x8000a582
core   0: 0x80009586 (0xa63f2f23) sw      gp, -1410(t5)
core   0: 3 0x80009586 (0xa63f2f23) mem 0x8000a000 0x00000001
core   0: 0x8000958a (0x0000bfe5) c.j     pc - 8
core   0: 3 0x8000958a (0xbfe5)
core   0: 0x80009582 (0x00001f17) auipc   t5, 0x1
core   0: 3 0x80009582 (0x00001f17) x30 0x8000a582
core   0: 0x80009586 (0xa63f2f23) sw      gp, -1410(t5)
core   0: 3 0x80009586 (0xa63f2f23) mem 0x8000a000 0x00000001
core   0: 0x8000958a (0x0000bfe5) c.j     pc - 8
core   0: 3 0x8000958a (0xbfe5)
core   0: 0x80009582 (0x00001f17) auipc   t5, 0x1
core   0: 3 0x80009582 (0x00001f17) x30 0x8000a582
core   0: 0x80009586 (0xa63f2f23) sw      gp, -1410(t5)
core   0: 3 0x80009586 (0xa63f2f23) mem 0x8000a000 0x00000001
core   0: 0x8000958a (0x0000bfe5) c.j     pc - 8
core   0: 3 0x8000958a (0xbfe5)
core   0: 0x80009582 (0x00001f17) auipc   t5, 0x1
core   0: 3 0x80009582 (0x00001f17) x30 0x8000a582
core   0: 0x80009586 (0xa63f2f23) sw      gp, -1410(t5)
core   0: 3 0x80009586 (0xa63f2f23) mem 0x8000a000 0x00000001
core   0: 0x8000958a (0x0000bfe5) c.j     pc - 8
core   0: 3 0x8000958a (0xbfe5)
core   0: 0x80009582 (0x00001f17) auipc   t5, 0x1
core   0: 3 0x80009582 (0x00001f17) x30 0x8000a582
core   0: 0x80009586 (0xa63f2f23) sw      gp, -1410(t5)
core   0: 3 0x80009586 (0xa63f2f23) mem 0x8000a000 0x00000001
core   0: 0x8000958a (0x0000bfe5) c.j     pc - 8
core   0: 3 0x8000958a (0xbfe5)
core   0: 0x80009582 (0x00001f17) auipc   t5, 0x1
core   0: 3 0x80009582 (0x00001f17) x30 0x8000a582
core   0: 0x80009586 (0xa63f2f23) sw      gp, -1410(t5)
core   0: 3 0x80009586 (0xa63f2f23) mem 0x8000a000 0x00000001
core   0: 0x8000958a (0x0000bfe5) c.j     pc - 8
core   0: 3 0x8000958a (0xbfe5)
core   0: 0x80009582 (0x00001f17) auipc   t5, 0x1
core   0: 3 0x80009582 (0x00001f17) x30 0x8000a582
core   0: 0x80009586 (0xa63f2f23) sw      gp, -1410(t5)
core   0: 3 0x80009586 (0xa63f2f23) mem 0x8000a000 0x00000001
core   0: 0x8000958a (0x0000bfe5) c.j     pc - 8
core   0: 3 0x8000958a (0xbfe5)
core   0: 0x80009582 (0x00001f17) auipc   t5, 0x1
core   0: 3 0x80009582 (0x00001f17) x30 0x8000a582
core   0: 0x80009586 (0xa63f2f23) sw      gp, -1410(t5)
core   0: 3 0x80009586 (0xa63f2f23) mem 0x8000a000 0x00000001
core   0: 0x8000958a (0x0000bfe5) c.j     pc - 8
core   0: 3 0x8000958a (0xbfe5)
core   0: 0x80009582 (0x00001f17) auipc   t5, 0x1
core   0: 3 0x80009582 (0x00001f17) x30 0x8000a582
core   0: 0x80009586 (0xa63f2f23) sw      gp, -1410(t5)
core   0: 3 0x80009586 (0xa63f2f23) mem 0x8000a000 0x00000001
core   0: 0x8000958a (0x0000bfe5) c.j     pc - 8
core   0: 3 0x8000958a (0xbfe5)
core   0: 0x80009582 (0x00001f17) auipc   t5, 0x1
core   0: 3 0x80009582 (0x00001f17) x30 0x8000a582
core   0: 0x80009586 (0xa63f2f23) sw      gp, -1410(t5)
core   0: 3 0x80009586 (0xa63f2f23) mem 0x8000a000 0x00000001
core   0: 0x8000958a (0x0000bfe5) c.j     pc - 8
core   0: 3 0x8000958a (0xbfe5)
core   0: 0x80009582 (0x00001f17) auipc   t5, 0x1
core   0: 3 0x80009582 (0x00001f17) x30 0x8000a582
core   0: 0x80009586 (0xa63f2f23) sw      gp, -1410(t5)
core   0: 3 0x80009586 (0xa63f2f23) mem 0x8000a000 0x00000001
core   0: 0x8000958a (0x0000bfe5) c.j     pc - 8
core   0: 3 0x8000958a (0xbfe5)
core   0: 0x80009582 (0x00001f17) auipc   t5, 0x1
core   0: 3 0x80009582 (0x00001f17) x30 0x8000a582
core   0: 0x80009586 (0xa63f2f23) sw      gp, -1410(t5)
core   0: 3 0x80009586 (0xa63f2f23) mem 0x8000a000 0x00000001
core   0: 0x8000958a (0x0000bfe5) c.j     pc - 8
core   0: 3 0x8000958a (0xbfe5)
core   0: 0x80009582 (0x00001f17) auipc   t5, 0x1
core   0: 3 0x80009582 (0x00001f17) x30 0x8000a582
core   0: 0x80009586 (0xa63f2f23) sw      gp, -1410(t5)
core   0: 3 0x80009586 (0xa63f2f23) mem 0x8000a000 0x00000001
core   0: 0x8000958a (0x0000bfe5) c.j     pc - 8
core   0: 3 0x8000958a (0xbfe5)
core   0: 0x80009582 (0x00001f17) auipc   t5, 0x1
core   0: 3 0x80009582 (0x00001f17) x30 0x8000a582
core   0: 0x80009586 (0xa63f2f23) sw      gp, -1410(t5)
core   0: 3 0x80009586 (0xa63f2f23) mem 0x8000a000 0x00000001
core   0: 0x8000958a (0x0000bfe5) c.j     pc - 8
core   0: 3 0x8000958a (0xbfe5)
core   0: 0x80009582 (0x00001f17) auipc   t5, 0x1
core   0: 3 0x80009582 (0x00001f17) x30 0x8000a582
core   0: 0x80009586 (0xa63f2f23) sw      gp, -1410(t5)
core   0: 3 0x80009586 (0xa63f2f23) mem 0x8000a000 0x00000001
core   0: 0x8000958a (0x0000bfe5) c.j     pc - 8
core   0: 3 0x8000958a (0xbfe5)
core   0: 0x80009582 (0x00001f17) auipc   t5, 0x1
core   0: 3 0x80009582 (0x00001f17) x30 0x8000a582
core   0: 0x80009586 (0xa63f2f23) sw      gp, -1410(t5)
core   0: 3 0x80009586 (0xa63f2f23) mem 0x8000a000 0x00000001
core   0: 0x8000958a (0x0000bfe5) c.j     pc - 8
core   0: 3 0x8000958a (0xbfe5)
core   0: 0x80009582 (0x00001f17) auipc   t5, 0x1
core   0: 3 0x80009582 (0x00001f17) x30 0x8000a582
core   0: 0x80009586 (0xa63f2f23) sw      gp, -1410(t5)
core   0: 3 0x80009586 (0xa63f2f23) mem 0x8000a000 0x00000001
core   0: 0x8000958a (0x0000bfe5) c.j     pc - 8
core   0: 3 0x8000958a (0xbfe5)
core   0: 0x80009582 (0x00001f17) auipc   t5, 0x1
core   0: 3 0x80009582 (0x00001f17) x30 0x8000a582
core   0: 0x80009586 (0xa63f2f23) sw      gp, -1410(t5)
core   0: 3 0x80009586 (0xa63f2f23) mem 0x8000a000 0x00000001
core   0: 0x8000958a (0x0000bfe5) c.j     pc - 8
core   0: 3 0x8000958a (0xbfe5)
core   0: 0x80009582 (0x00001f17) auipc   t5, 0x1
core   0: 3 0x80009582 (0x00001f17) x30 0x8000a582
core   0: 0x80009586 (0xa63f2f23) sw      gp, -1410(t5)
core   0: 3 0x80009586 (0xa63f2f23) mem 0x8000a000 0x00000001
core   0: 0x8000958a (0x0000bfe5) c.j     pc - 8
core   0: 3 0x8000958a (0xbfe5)
core   0: 0x80009582 (0x00001f17) auipc   t5, 0x1
core   0: 3 0x80009582 (0x00001f17) x30 0x8000a582
core   0: 0x80009586 (0xa63f2f23) sw      gp, -1410(t5)
core   0: 3 0x80009586 (0xa63f2f23) mem 0x8000a000 0x00000001
core   0: 0x8000958a (0x0000bfe5) c.j     pc - 8
core   0: 3 0x8000958a (0xbfe5)
core   0: 0x80009582 (0x00001f17) auipc   t5, 0x1
core   0: 3 0x80009582 (0x00001f17) x30 0x8000a582
core   0: 0x80009586 (0xa63f2f23) sw      gp, -1410(t5)
core   0: 3 0x80009586 (0xa63f2f23) mem 0x8000a000 0x00000001
core   0: 0x8000958a (0x0000bfe5) c.j     pc - 8
core   0: 3 0x8000958a (0xbfe5)
core   0: 0x80009582 (0x00001f17) auipc   t5, 0x1
core   0: 3 0x80009582 (0x00001f17) x30 0x8000a582
core   0: 0x80009586 (0xa63f2f23) sw      gp, -1410(t5)
core   0: 3 0x80009586 (0xa63f2f23) mem 0x8000a000 0x00000001
core   0: 0x8000958a (0x0000bfe5) c.j     pc - 8
core   0: 3 0x8000958a (0xbfe5)
core   0: 0x80009582 (0x00001f17) auipc   t5, 0x1
core   0: 3 0x80009582 (0x00001f17) x30 0x8000a582
core   0: 0x80009586 (0xa63f2f23) sw      gp, -1410(t5)
core   0: 3 0x80009586 (0xa63f2f23) mem 0x8000a000 0x00000001
core   0: 0x8000958a (0x0000bfe5) c.j     pc - 8
core   0: 3 0x8000958a (0xbfe5)
core   0: 0x80009582 (0x00001f17) auipc   t5, 0x1
core   0: 3 0x80009582 (0x00001f17) x30 0x8000a582
core   0: 0x80009586 (0xa63f2f23) sw      gp, -1410(t5)
core   0: 3 0x80009586 (0xa63f2f23) mem 0x8000a000 0x00000001
core   0: 0x8000958a (0x0000bfe5) c.j     pc - 8
core   0: 3 0x8000958a (0xbfe5)
core   0: 0x80009582 (0x00001f17) auipc   t5, 0x1
core   0: 3 0x80009582 (0x00001f17) x30 0x8000a582
core   0: 0x80009586 (0xa63f2f23) sw      gp, -1410(t5)
core   0: 3 0x80009586 (0xa63f2f23) mem 0x8000a000 0x00000001
core   0: 0x8000958a (0x0000bfe5) c.j     pc - 8
core   0: 3 0x8000958a (0xbfe5)
core   0: 0x80009582 (0x00001f17) auipc   t5, 0x1
core   0: 3 0x80009582 (0x00001f17) x30 0x8000a582
core   0: 0x80009586 (0xa63f2f23) sw      gp, -1410(t5)
core   0: 3 0x80009586 (0xa63f2f23) mem 0x8000a000 0x00000001
core   0: 0x8000958a (0x0000bfe5) c.j     pc - 8
core   0: 3 0x8000958a (0xbfe5)
core   0: 0x80009582 (0x00001f17) auipc   t5, 0x1
core   0: 3 0x80009582 (0x00001f17) x30 0x8000a582
core   0: 0x80009586 (0xa63f2f23) sw      gp, -1410(t5)
core   0: 3 0x80009586 (0xa63f2f23) mem 0x8000a000 0x00000001
core   0: 0x8000958a (0x0000bfe5) c.j     pc - 8
core   0: 3 0x8000958a (0xbfe5)
core   0: 0x80009582 (0x00001f17) auipc   t5, 0x1
core   0: 3 0x80009582 (0x00001f17) x30 0x8000a582
core   0: 0x80009586 (0xa63f2f23) sw      gp, -1410(t5)
core   0: 3 0x80009586 (0xa63f2f23) mem 0x8000a000 0x00000001
core   0: 0x8000958a (0x0000bfe5) c.j     pc - 8
core   0: 3 0x8000958a (0xbfe5)
core   0: 0x80009582 (0x00001f17) auipc   t5, 0x1
core   0: 3 0x80009582 (0x00001f17) x30 0x8000a582
core   0: 0x80009586 (0xa63f2f23) sw      gp, -1410(t5)
core   0: 3 0x80009586 (0xa63f2f23) mem 0x8000a000 0x00000001
core   0: 0x8000958a (0x0000bfe5) c.j     pc - 8
core   0: 3 0x8000958a (0xbfe5)
core   0: 0x80009582 (0x00001f17) auipc   t5, 0x1
core   0: 3 0x80009582 (0x00001f17) x30 0x8000a582
core   0: 0x80009586 (0xa63f2f23) sw      gp, -1410(t5)
core   0: 3 0x80009586 (0xa63f2f23) mem 0x8000a000 0x00000001
core   0: 0x8000958a (0x0000bfe5) c.j     pc - 8
core   0: 3 0x8000958a (0xbfe5)
core   0: 0x80009582 (0x00001f17) auipc   t5, 0x1
core   0: 3 0x80009582 (0x00001f17) x30 0x8000a582
core   0: 0x80009586 (0xa63f2f23) sw      gp, -1410(t5)
core   0: 3 0x80009586 (0xa63f2f23) mem 0x8000a000 0x00000001
core   0: 0x8000958a (0x0000bfe5) c.j     pc - 8
core   0: 3 0x8000958a (0xbfe5)
core   0: 0x80009582 (0x00001f17) auipc   t5, 0x1
core   0: 3 0x80009582 (0x00001f17) x30 0x8000a582
core   0: 0x80009586 (0xa63f2f23) sw      gp, -1410(t5)
core   0: 3 0x80009586 (0xa63f2f23) mem 0x8000a000 0x00000001
core   0: 0x8000958a (0x0000bfe5) c.j     pc - 8
core   0: 3 0x8000958a (0xbfe5)
core   0: 0x80009582 (0x00001f17) auipc   t5, 0x1
core   0: 3 0x80009582 (0x00001f17) x30 0x8000a582
core   0: 0x80009586 (0xa63f2f23) sw      gp, -1410(t5)
core   0: 3 0x80009586 (0xa63f2f23) mem 0x8000a000 0x00000001
core   0: 0x8000958a (0x0000bfe5) c.j     pc - 8
core   0: 3 0x8000958a (0xbfe5)
core   0: 0x80009582 (0x00001f17) auipc   t5, 0x1
core   0: 3 0x80009582 (0x00001f17) x30 0x8000a582
core   0: 0x80009586 (0xa63f2f23) sw      gp, -1410(t5)
core   0: 3 0x80009586 (0xa63f2f23) mem 0x8000a000 0x00000001
core   0: 0x8000958a (0x0000bfe5) c.j     pc - 8
core   0: 3 0x8000958a (0xbfe5)
core   0: 0x80009582 (0x00001f17) auipc   t5, 0x1
core   0: 3 0x80009582 (0x00001f17) x30 0x8000a582
core   0: 0x80009586 (0xa63f2f23) sw      gp, -1410(t5)
core   0: 3 0x80009586 (0xa63f2f23) mem 0x8000a000 0x00000001
core   0: 0x8000958a (0x0000bfe5) c.j     pc - 8
core   0: 3 0x8000958a (0xbfe5)
core   0: 0x80009582 (0x00001f17) auipc   t5, 0x1
core   0: 3 0x80009582 (0x00001f17) x30 0x8000a582
core   0: 0x80009586 (0xa63f2f23) sw      gp, -1410(t5)
core   0: 3 0x80009586 (0xa63f2f23) mem 0x8000a000 0x00000001
core   0: 0x8000958a (0x0000bfe5) c.j     pc - 8
core   0: 3 0x8000958a (0xbfe5)
core   0: 0x80009582 (0x00001f17) auipc   t5, 0x1
core   0: 3 0x80009582 (0x00001f17) x30 0x8000a582
core   0: 0x80009586 (0xa63f2f23) sw      gp, -1410(t5)
core   0: 3 0x80009586 (0xa63f2f23) mem 0x8000a000 0x00000001
core   0: 0x8000958a (0x0000bfe5) c.j     pc - 8
core   0: 3 0x8000958a (0xbfe5)
core   0: 0x80009582 (0x00001f17) auipc   t5, 0x1
core   0: 3 0x80009582 (0x00001f17) x30 0x8000a582
core   0: 0x80009586 (0xa63f2f23) sw      gp, -1410(t5)
core   0: 3 0x80009586 (0xa63f2f23) mem 0x8000a000 0x00000001
core   0: 0x8000958a (0x0000bfe5) c.j     pc - 8
core   0: 3 0x8000958a (0xbfe5)
core   0: 0x80009582 (0x00001f17) auipc   t5, 0x1
core   0: 3 0x80009582 (0x00001f17) x30 0x8000a582
core   0: 0x80009586 (0xa63f2f23) sw      gp, -1410(t5)
core   0: 3 0x80009586 (0xa63f2f23) mem 0x8000a000 0x00000001
core   0: 0x8000958a (0x0000bfe5) c.j     pc - 8
core   0: 3 0x8000958a (0xbfe5)
core   0: 0x80009582 (0x00001f17) auipc   t5, 0x1
core   0: 3 0x80009582 (0x00001f17) x30 0x8000a582
core   0: 0x80009586 (0xa63f2f23) sw      gp, -1410(t5)
core   0: 3 0x80009586 (0xa63f2f23) mem 0x8000a000 0x00000001
core   0: 0x8000958a (0x0000bfe5) c.j     pc - 8
core   0: 3 0x8000958a (0xbfe5)
core   0: 0x80009582 (0x00001f17) auipc   t5, 0x1
core   0: 3 0x80009582 (0x00001f17) x30 0x8000a582
core   0: 0x80009586 (0xa63f2f23) sw      gp, -1410(t5)
core   0: 3 0x80009586 (0xa63f2f23) mem 0x8000a000 0x00000001
core   0: 0x8000958a (0x0000bfe5) c.j     pc - 8
core   0: 3 0x8000958a (0xbfe5)
core   0: 0x80009582 (0x00001f17) auipc   t5, 0x1
core   0: 3 0x80009582 (0x00001f17) x30 0x8000a582
core   0: 0x80009586 (0xa63f2f23) sw      gp, -1410(t5)
core   0: 3 0x80009586 (0xa63f2f23) mem 0x8000a000 0x00000001
core   0: 0x8000958a (0x0000bfe5) c.j     pc - 8
core   0: 3 0x8000958a (0xbfe5)
core   0: 0x80009582 (0x00001f17) auipc   t5, 0x1
core   0: 3 0x80009582 (0x00001f17) x30 0x8000a582
core   0: 0x80009586 (0xa63f2f23) sw      gp, -1410(t5)
core   0: 3 0x80009586 (0xa63f2f23) mem 0x8000a000 0x00000001
core   0: 0x8000958a (0x0000bfe5) c.j     pc - 8
core   0: 3 0x8000958a (0xbfe5)
core   0: 0x80009582 (0x00001f17) auipc   t5, 0x1
core   0: 3 0x80009582 (0x00001f17) x30 0x8000a582
core   0: 0x80009586 (0xa63f2f23) sw      gp, -1410(t5)
core   0: 3 0x80009586 (0xa63f2f23) mem 0x8000a000 0x00000001
core   0: 0x8000958a (0x0000bfe5) c.j     pc - 8
core   0: 3 0x8000958a (0xbfe5)
core   0: 0x80009582 (0x00001f17) auipc   t5, 0x1
core   0: 3 0x80009582 (0x00001f17) x30 0x8000a582
core   0: 0x80009586 (0xa63f2f23) sw      gp, -1410(t5)
core   0: 3 0x80009586 (0xa63f2f23) mem 0x8000a000 0x00000001
core   0: 0x8000958a (0x0000bfe5) c.j     pc - 8
core   0: 3 0x8000958a (0xbfe5)
core   0: 0x80009582 (0x00001f17) auipc   t5, 0x1
core   0: 3 0x80009582 (0x00001f17) x30 0x8000a582
core   0: 0x80009586 (0xa63f2f23) sw      gp, -1410(t5)
core   0: 3 0x80009586 (0xa63f2f23) mem 0x8000a000 0x00000001
core   0: 0x8000958a (0x0000bfe5) c.j     pc - 8
core   0: 3 0x8000958a (0xbfe5)
core   0: 0x80009582 (0x00001f17) auipc   t5, 0x1
core   0: 3 0x80009582 (0x00001f17) x30 0x8000a582
core   0: 0x80009586 (0xa63f2f23) sw      gp, -1410(t5)
core   0: 3 0x80009586 (0xa63f2f23) mem 0x8000a000 0x00000001
core   0: 0x8000958a (0x0000bfe5) c.j     pc - 8
core   0: 3 0x8000958a (0xbfe5)
core   0: 0x80009582 (0x00001f17) auipc   t5, 0x1
core   0: 3 0x80009582 (0x00001f17) x30 0x8000a582
core   0: 0x80009586 (0xa63f2f23) sw      gp, -1410(t5)
core   0: 3 0x80009586 (0xa63f2f23) mem 0x8000a000 0x00000001
core   0: 0x8000958a (0x0000bfe5) c.j     pc - 8
core   0: 3 0x8000958a (0xbfe5)
core   0: 0x80009582 (0x00001f17) auipc   t5, 0x1
core   0: 3 0x80009582 (0x00001f17) x30 0x8000a582
core   0: 0x80009586 (0xa63f2f23) sw      gp, -1410(t5)
core   0: 3 0x80009586 (0xa63f2f23) mem 0x8000a000 0x00000001
core   0: 0x8000958a (0x0000bfe5) c.j     pc - 8
core   0: 3 0x8000958a (0xbfe5)
core   0: 0x80009582 (0x00001f17) auipc   t5, 0x1
core   0: 3 0x80009582 (0x00001f17) x30 0x8000a582
core   0: 0x80009586 (0xa63f2f23) sw      gp, -1410(t5)
core   0: 3 0x80009586 (0xa63f2f23) mem 0x8000a000 0x00000001
core   0: 0x8000958a (0x0000bfe5) c.j     pc - 8
core   0: 3 0x8000958a (0xbfe5)
core   0: 0x80009582 (0x00001f17) auipc   t5, 0x1
core   0: 3 0x80009582 (0x00001f17) x30 0x8000a582
core   0: 0x80009586 (0xa63f2f23) sw      gp, -1410(t5)
core   0: 3 0x80009586 (0xa63f2f23) mem 0x8000a000 0x00000001
core   0: 0x8000958a (0x0000bfe5) c.j     pc - 8
core   0: 3 0x8000958a (0xbfe5)
core   0: 0x80009582 (0x00001f17) auipc   t5, 0x1
core   0: 3 0x80009582 (0x00001f17) x30 0x8000a582
core   0: 0x80009586 (0xa63f2f23) sw      gp, -1410(t5)
core   0: 3 0x80009586 (0xa63f2f23) mem 0x8000a000 0x00000001
core   0: 0x8000958a (0x0000bfe5) c.j     pc - 8
core   0: 3 0x8000958a (0xbfe5)
core   0: 0x80009582 (0x00001f17) auipc   t5, 0x1
core   0: 3 0x80009582 (0x00001f17) x30 0x8000a582
core   0: 0x80009586 (0xa63f2f23) sw      gp, -1410(t5)
core   0: 3 0x80009586 (0xa63f2f23) mem 0x8000a000 0x00000001
core   0: 0x8000958a (0x0000bfe5) c.j     pc - 8
core   0: 3 0x8000958a (0xbfe5)
core   0: 0x80009582 (0x00001f17) auipc   t5, 0x1
core   0: 3 0x80009582 (0x00001f17) x30 0x8000a582
core   0: 0x80009586 (0xa63f2f23) sw      gp, -1410(t5)
core   0: 3 0x80009586 (0xa63f2f23) mem 0x8000a000 0x00000001
core   0: 0x8000958a (0x0000bfe5) c.j     pc - 8
core   0: 3 0x8000958a (0xbfe5)
core   0: 0x80009582 (0x00001f17) auipc   t5, 0x1
core   0: 3 0x80009582 (0x00001f17) x30 0x8000a582
core   0: 0x80009586 (0xa63f2f23) sw      gp, -1410(t5)
core   0: 3 0x80009586 (0xa63f2f23) mem 0x8000a000 0x00000001
core   0: 0x8000958a (0x0000bfe5) c.j     pc - 8
core   0: 3 0x8000958a (0xbfe5)
core   0: 0x80009582 (0x00001f17) auipc   t5, 0x1
core   0: 3 0x80009582 (0x00001f17) x30 0x8000a582
core   0: 0x80009586 (0xa63f2f23) sw      gp, -1410(t5)
core   0: 3 0x80009586 (0xa63f2f23) mem 0x8000a000 0x00000001
core   0: 0x8000958a (0x0000bfe5) c.j     pc - 8
core   0: 3 0x8000958a (0xbfe5)
core   0: 0x80009582 (0x00001f17) auipc   t5, 0x1
core   0: 3 0x80009582 (0x00001f17) x30 0x8000a582
core   0: 0x80009586 (0xa63f2f23) sw      gp, -1410(t5)
core   0: 3 0x80009586 (0xa63f2f23) mem 0x8000a000 0x00000001
core   0: 0x8000958a (0x0000bfe5) c.j     pc - 8
core   0: 3 0x8000958a (0xbfe5)
core   0: 0x80009582 (0x00001f17) auipc   t5, 0x1
core   0: 3 0x80009582 (0x00001f17) x30 0x8000a582
core   0: 0x80009586 (0xa63f2f23) sw      gp, -1410(t5)
core   0: 3 0x80009586 (0xa63f2f23) mem 0x8000a000 0x00000001
core   0: 0x8000958a (0x0000bfe5) c.j     pc - 8
core   0: 3 0x8000958a (0xbfe5)
core   0: 0x80009582 (0x00001f17) auipc   t5, 0x1
core   0: 3 0x80009582 (0x00001f17) x30 0x8000a582
core   0: 0x80009586 (0xa63f2f23) sw      gp, -1410(t5)
core   0: 3 0x80009586 (0xa63f2f23) mem 0x8000a000 0x00000001
core   0: 0x8000958a (0x0000bfe5) c.j     pc - 8
core   0: 3 0x8000958a (0xbfe5)
core   0: 0x80009582 (0x00001f17) auipc   t5, 0x1
core   0: 3 0x80009582 (0x00001f17) x30 0x8000a582
core   0: 0x80009586 (0xa63f2f23) sw      gp, -1410(t5)
core   0: 3 0x80009586 (0xa63f2f23) mem 0x8000a000 0x00000001
core   0: 0x8000958a (0x0000bfe5) c.j     pc - 8
core   0: 3 0x8000958a (0xbfe5)
core   0: 0x80009582 (0x00001f17) auipc   t5, 0x1
core   0: 3 0x80009582 (0x00001f17) x30 0x8000a582
core   0: 0x80009586 (0xa63f2f23) sw      gp, -1410(t5)
core   0: 3 0x80009586 (0xa63f2f23) mem 0x8000a000 0x00000001
core   0: 0x8000958a (0x0000bfe5) c.j     pc - 8
core   0: 3 0x8000958a (0xbfe5)
core   0: 0x80009582 (0x00001f17) auipc   t5, 0x1
core   0: 3 0x80009582 (0x00001f17) x30 0x8000a582
core   0: 0x80009586 (0xa63f2f23) sw      gp, -1410(t5)
core   0: 3 0x80009586 (0xa63f2f23) mem 0x8000a000 0x00000001
core   0: 0x8000958a (0x0000bfe5) c.j     pc - 8
core   0: 3 0x8000958a (0xbfe5)
core   0: 0x80009582 (0x00001f17) auipc   t5, 0x1
core   0: 3 0x80009582 (0x00001f17) x30 0x8000a582
core   0: 0x80009586 (0xa63f2f23) sw      gp, -1410(t5)
core   0: 3 0x80009586 (0xa63f2f23) mem 0x8000a000 0x00000001
core   0: 0x8000958a (0x0000bfe5) c.j     pc - 8
core   0: 3 0x8000958a (0xbfe5)
core   0: 0x80009582 (0x00001f17) auipc   t5, 0x1
core   0: 3 0x80009582 (0x00001f17) x30 0x8000a582
core   0: 0x80009586 (0xa63f2f23) sw      gp, -1410(t5)
core   0: 3 0x80009586 (0xa63f2f23) mem 0x8000a000 0x00000001
core   0: 0x8000958a (0x0000bfe5) c.j     pc - 8
core   0: 3 0x8000958a (0xbfe5)
core   0: 0x80009582 (0x00001f17) auipc   t5, 0x1
core   0: 3 0x80009582 (0x00001f17) x30 0x8000a582
core   0: 0x80009586 (0xa63f2f23) sw      gp, -1410(t5)
core   0: 3 0x80009586 (0xa63f2f23) mem 0x8000a000 0x00000001
core   0: 0x8000958a (0x0000bfe5) c.j     pc - 8
core   0: 3 0x8000958a (0xbfe5)
core   0: 0x80009582 (0x00001f17) auipc   t5, 0x1
core   0: 3 0x80009582 (0x00001f17) x30 0x8000a582
core   0: 0x80009586 (0xa63f2f23) sw      gp, -1410(t5)
core   0: 3 0x80009586 (0xa63f2f23) mem 0x8000a000 0x00000001
core   0: 0x8000958a (0x0000bfe5) c.j     pc - 8
core   0: 3 0x8000958a (0xbfe5)
core   0: 0x80009582 (0x00001f17) auipc   t5, 0x1
core   0: 3 0x80009582 (0x00001f17) x30 0x8000a582
core   0: 0x80009586 (0xa63f2f23) sw      gp, -1410(t5)
core   0: 3 0x80009586 (0xa63f2f23) mem 0x8000a000 0x00000001
core   0: 0x8000958a (0x0000bfe5) c.j     pc - 8
core   0: 3 0x8000958a (0xbfe5)
core   0: 0x80009582 (0x00001f17) auipc   t5, 0x1
core   0: 3 0x80009582 (0x00001f17) x30 0x8000a582
core   0: 0x80009586 (0xa63f2f23) sw      gp, -1410(t5)
core   0: 3 0x80009586 (0xa63f2f23) mem 0x8000a000 0x00000001
core   0: 0x8000958a (0x0000bfe5) c.j     pc - 8
core   0: 3 0x8000958a (0xbfe5)
core   0: 0x80009582 (0x00001f17) auipc   t5, 0x1
core   0: 3 0x80009582 (0x00001f17) x30 0x8000a582
core   0: 0x80009586 (0xa63f2f23) sw      gp, -1410(t5)
core   0: 3 0x80009586 (0xa63f2f23) mem 0x8000a000 0x00000001
core   0: 0x8000958a (0x0000bfe5) c.j     pc - 8
core   0: 3 0x8000958a (0xbfe5)
core   0: 0x80009582 (0x00001f17) auipc   t5, 0x1
core   0: 3 0x80009582 (0x00001f17) x30 0x8000a582
core   0: 0x80009586 (0xa63f2f23) sw      gp, -1410(t5)
core   0: 3 0x80009586 (0xa63f2f23) mem 0x8000a000 0x00000001
core   0: 0x8000958a (0x0000bfe5) c.j     pc - 8
core   0: 3 0x8000958a (0xbfe5)
core   0: 0x80009582 (0x00001f17) auipc   t5, 0x1
core   0: 3 0x80009582 (0x00001f17) x30 0x8000a582
core   0: 0x80009586 (0xa63f2f23) sw      gp, -1410(t5)
core   0: 3 0x80009586 (0xa63f2f23) mem 0x8000a000 0x00000001
core   0: 0x8000958a (0x0000bfe5) c.j     pc - 8
core   0: 3 0x8000958a (0xbfe5)
core   0: 0x80009582 (0x00001f17) auipc   t5, 0x1
core   0: 3 0x80009582 (0x00001f17) x30 0x8000a582
core   0: 0x80009586 (0xa63f2f23) sw      gp, -1410(t5)
core   0: 3 0x80009586 (0xa63f2f23) mem 0x8000a000 0x00000001
core   0: 0x8000958a (0x0000bfe5) c.j     pc - 8
core   0: 3 0x8000958a (0xbfe5)
core   0: 0x80009582 (0x00001f17) auipc   t5, 0x1
core   0: 3 0x80009582 (0x00001f17) x30 0x8000a582
core   0: 0x80009586 (0xa63f2f23) sw      gp, -1410(t5)
core   0: 3 0x80009586 (0xa63f2f23) mem 0x8000a000 0x00000001
core   0: 0x8000958a (0x0000bfe5) c.j     pc - 8
core   0: 3 0x8000958a (0xbfe5)
core   0: 0x80009582 (0x00001f17) auipc   t5, 0x1
core   0: 3 0x80009582 (0x00001f17) x30 0x8000a582
core   0: 0x80009586 (0xa63f2f23) sw      gp, -1410(t5)
core   0: 3 0x80009586 (0xa63f2f23) mem 0x8000a000 0x00000001
core   0: 0x8000958a (0x0000bfe5) c.j     pc - 8
core   0: 3 0x8000958a (0xbfe5)
core   0: 0x80009582 (0x00001f17) auipc   t5, 0x1
core   0: 3 0x80009582 (0x00001f17) x30 0x8000a582
core   0: 0x80009586 (0xa63f2f23) sw      gp, -1410(t5)
core   0: 3 0x80009586 (0xa63f2f23) mem 0x8000a000 0x00000001
core   0: 0x8000958a (0x0000bfe5) c.j     pc - 8
core   0: 3 0x8000958a (0xbfe5)
core   0: 0x80009582 (0x00001f17) auipc   t5, 0x1
core   0: 3 0x80009582 (0x00001f17) x30 0x8000a582
core   0: 0x80009586 (0xa63f2f23) sw      gp, -1410(t5)
core   0: 3 0x80009586 (0xa63f2f23) mem 0x8000a000 0x00000001
core   0: 0x8000958a (0x0000bfe5) c.j     pc - 8
core   0: 3 0x8000958a (0xbfe5)
core   0: 0x80009582 (0x00001f17) auipc   t5, 0x1
core   0: 3 0x80009582 (0x00001f17) x30 0x8000a582
core   0: 0x80009586 (0xa63f2f23) sw      gp, -1410(t5)
core   0: 3 0x80009586 (0xa63f2f23) mem 0x8000a000 0x00000001
core   0: 0x8000958a (0x0000bfe5) c.j     pc - 8
core   0: 3 0x8000958a (0xbfe5)
core   0: 0x80009582 (0x00001f17) auipc   t5, 0x1
core   0: 3 0x80009582 (0x00001f17) x30 0x8000a582
core   0: 0x80009586 (0xa63f2f23) sw      gp, -1410(t5)
core   0: 3 0x80009586 (0xa63f2f23) mem 0x8000a000 0x00000001
core   0: 0x8000958a (0x0000bfe5) c.j     pc - 8
core   0: 3 0x8000958a (0xbfe5)
core   0: 0x80009582 (0x00001f17) auipc   t5, 0x1
core   0: 3 0x80009582 (0x00001f17) x30 0x8000a582
core   0: 0x80009586 (0xa63f2f23) sw      gp, -1410(t5)
core   0: 3 0x80009586 (0xa63f2f23) mem 0x8000a000 0x00000001
core   0: 0x8000958a (0x0000bfe5) c.j     pc - 8
core   0: 3 0x8000958a (0xbfe5)
core   0: 0x80009582 (0x00001f17) auipc   t5, 0x1
core   0: 3 0x80009582 (0x00001f17) x30 0x8000a582
core   0: 0x80009586 (0xa63f2f23) sw      gp, -1410(t5)
core   0: 3 0x80009586 (0xa63f2f23) mem 0x8000a000 0x00000001
core   0: 0x8000958a (0x0000bfe5) c.j     pc - 8
core   0: 3 0x8000958a (0xbfe5)
core   0: 0x80009582 (0x00001f17) auipc   t5, 0x1
core   0: 3 0x80009582 (0x00001f17) x30 0x8000a582
core   0: 0x80009586 (0xa63f2f23) sw      gp, -1410(t5)
core   0: 3 0x80009586 (0xa63f2f23) mem 0x8000a000 0x00000001
core   0: 0x8000958a (0x0000bfe5) c.j     pc - 8
core   0: 3 0x8000958a (0xbfe5)
core   0: 0x80009582 (0x00001f17) auipc   t5, 0x1
core   0: 3 0x80009582 (0x00001f17) x30 0x8000a582
core   0: 0x80009586 (0xa63f2f23) sw      gp, -1410(t5)
core   0: 3 0x80009586 (0xa63f2f23) mem 0x8000a000 0x00000001
core   0: 0x8000958a (0x0000bfe5) c.j     pc - 8
core   0: 3 0x8000958a (0xbfe5)
core   0: 0x80009582 (0x00001f17) auipc   t5, 0x1
core   0: 3 0x80009582 (0x00001f17) x30 0x8000a582
core   0: 0x80009586 (0xa63f2f23) sw      gp, -1410(t5)
core   0: 3 0x80009586 (0xa63f2f23) mem 0x8000a000 0x00000001
core   0: 0x8000958a (0x0000bfe5) c.j     pc - 8
core   0: 3 0x8000958a (0xbfe5)
core   0: 0x80009582 (0x00001f17) auipc   t5, 0x1
core   0: 3 0x80009582 (0x00001f17) x30 0x8000a582
core   0: 0x80009586 (0xa63f2f23) sw      gp, -1410(t5)
core   0: 3 0x80009586 (0xa63f2f23) mem 0x8000a000 0x00000001
core   0: 0x8000958a (0x0000bfe5) c.j     pc - 8
core   0: 3 0x8000958a (0xbfe5)
core   0: 0x80009582 (0x00001f17) auipc   t5, 0x1
core   0: 3 0x80009582 (0x00001f17) x30 0x8000a582
core   0: 0x80009586 (0xa63f2f23) sw      gp, -1410(t5)
core   0: 3 0x80009586 (0xa63f2f23) mem 0x8000a000 0x00000001
core   0: 0x8000958a (0x0000bfe5) c.j     pc - 8
core   0: 3 0x8000958a (0xbfe5)
core   0: 0x80009582 (0x00001f17) auipc   t5, 0x1
core   0: 3 0x80009582 (0x00001f17) x30 0x8000a582
core   0: 0x80009586 (0xa63f2f23) sw      gp, -1410(t5)
core   0: 3 0x80009586 (0xa63f2f23) mem 0x8000a000 0x00000001
core   0: 0x8000958a (0x0000bfe5) c.j     pc - 8
core   0: 3 0x8000958a (0xbfe5)
core   0: 0x80009582 (0x00001f17) auipc   t5, 0x1
core   0: 3 0x80009582 (0x00001f17) x30 0x8000a582
core   0: 0x80009586 (0xa63f2f23) sw      gp, -1410(t5)
core   0: 3 0x80009586 (0xa63f2f23) mem 0x8000a000 0x00000001
core   0: 0x8000958a (0x0000bfe5) c.j     pc - 8
core   0: 3 0x8000958a (0xbfe5)
core   0: 0x80009582 (0x00001f17) auipc   t5, 0x1
core   0: 3 0x80009582 (0x00001f17) x30 0x8000a582
core   0: 0x80009586 (0xa63f2f23) sw      gp, -1410(t5)
core   0: 3 0x80009586 (0xa63f2f23) mem 0x8000a000 0x00000001
core   0: 0x8000958a (0x0000bfe5) c.j     pc - 8
core   0: 3 0x8000958a (0xbfe5)
core   0: 0x80009582 (0x00001f17) auipc   t5, 0x1
core   0: 3 0x80009582 (0x00001f17) x30 0x8000a582
core   0: 0x80009586 (0xa63f2f23) sw      gp, -1410(t5)
core   0: 3 0x80009586 (0xa63f2f23) mem 0x8000a000 0x00000001
core   0: 0x8000958a (0x0000bfe5) c.j     pc - 8
core   0: 3 0x8000958a (0xbfe5)
core   0: 0x80009582 (0x00001f17) auipc   t5, 0x1
core   0: 3 0x80009582 (0x00001f17) x30 0x8000a582
core   0: 0x80009586 (0xa63f2f23) sw      gp, -1410(t5)
core   0: 3 0x80009586 (0xa63f2f23) mem 0x8000a000 0x00000001
core   0: 0x8000958a (0x0000bfe5) c.j     pc - 8
core   0: 3 0x8000958a (0xbfe5)
core   0: 0x80009582 (0x00001f17) auipc   t5, 0x1
core   0: 3 0x80009582 (0x00001f17) x30 0x8000a582
core   0: 0x80009586 (0xa63f2f23) sw      gp, -1410(t5)
core   0: 3 0x80009586 (0xa63f2f23) mem 0x8000a000 0x00000001
core   0: 0x8000958a (0x0000bfe5) c.j     pc - 8
core   0: 3 0x8000958a (0xbfe5)
core   0: 0x80009582 (0x00001f17) auipc   t5, 0x1
core   0: 3 0x80009582 (0x00001f17) x30 0x8000a582
core   0: 0x80009586 (0xa63f2f23) sw      gp, -1410(t5)
core   0: 3 0x80009586 (0xa63f2f23) mem 0x8000a000 0x00000001
core   0: 0x8000958a (0x0000bfe5) c.j     pc - 8
core   0: 3 0x8000958a (0xbfe5)
core   0: 0x80009582 (0x00001f17) auipc   t5, 0x1
core   0: 3 0x80009582 (0x00001f17) x30 0x8000a582
core   0: 0x80009586 (0xa63f2f23) sw      gp, -1410(t5)
core   0: 3 0x80009586 (0xa63f2f23) mem 0x8000a000 0x00000001
core   0: 0x8000958a (0x0000bfe5) c.j     pc - 8
core   0: 3 0x8000958a (0xbfe5)
core   0: 0x80009582 (0x00001f17) auipc   t5, 0x1
core   0: 3 0x80009582 (0x00001f17) x30 0x8000a582
core   0: 0x80009586 (0xa63f2f23) sw      gp, -1410(t5)
core   0: 3 0x80009586 (0xa63f2f23) mem 0x8000a000 0x00000001
core   0: 0x8000958a (0x0000bfe5) c.j     pc - 8
core   0: 3 0x8000958a (0xbfe5)
core   0: 0x80009582 (0x00001f17) auipc   t5, 0x1
core   0: 3 0x80009582 (0x00001f17) x30 0x8000a582
core   0: 0x80009586 (0xa63f2f23) sw      gp, -1410(t5)
core   0: 3 0x80009586 (0xa63f2f23) mem 0x8000a000 0x00000001
core   0: 0x8000958a (0x0000bfe5) c.j     pc - 8
core   0: 3 0x8000958a (0xbfe5)
core   0: 0x80009582 (0x00001f17) auipc   t5, 0x1
core   0: 3 0x80009582 (0x00001f17) x30 0x8000a582
core   0: 0x80009586 (0xa63f2f23) sw      gp, -1410(t5)
core   0: 3 0x80009586 (0xa63f2f23) mem 0x8000a000 0x00000001
core   0: 0x8000958a (0x0000bfe5) c.j     pc - 8
core   0: 3 0x8000958a (0xbfe5)
core   0: 0x80009582 (0x00001f17) auipc   t5, 0x1
core   0: 3 0x80009582 (0x00001f17) x30 0x8000a582
core   0: 0x80009586 (0xa63f2f23) sw      gp, -1410(t5)
core   0: 3 0x80009586 (0xa63f2f23) mem 0x8000a000 0x00000001
core   0: 0x8000958a (0x0000bfe5) c.j     pc - 8
core   0: 3 0x8000958a (0xbfe5)
core   0: 0x80009582 (0x00001f17) auipc   t5, 0x1
core   0: 3 0x80009582 (0x00001f17) x30 0x8000a582
core   0: 0x80009586 (0xa63f2f23) sw      gp, -1410(t5)
core   0: 3 0x80009586 (0xa63f2f23) mem 0x8000a000 0x00000001
core   0: 0x8000958a (0x0000bfe5) c.j     pc - 8
core   0: 3 0x8000958a (0xbfe5)
core   0: 0x80009582 (0x00001f17) auipc   t5, 0x1
core   0: 3 0x80009582 (0x00001f17) x30 0x8000a582
core   0: 0x80009586 (0xa63f2f23) sw      gp, -1410(t5)
core   0: 3 0x80009586 (0xa63f2f23) mem 0x8000a000 0x00000001
core   0: 0x8000958a (0x0000bfe5) c.j     pc - 8
core   0: 3 0x8000958a (0xbfe5)
core   0: 0x80009582 (0x00001f17) auipc   t5, 0x1
core   0: 3 0x80009582 (0x00001f17) x30 0x8000a582
core   0: 0x80009586 (0xa63f2f23) sw      gp, -1410(t5)
core   0: 3 0x80009586 (0xa63f2f23) mem 0x8000a000 0x00000001
core   0: 0x8000958a (0x0000bfe5) c.j     pc - 8
core   0: 3 0x8000958a (0xbfe5)
core   0: 0x80009582 (0x00001f17) auipc   t5, 0x1
core   0: 3 0x80009582 (0x00001f17) x30 0x8000a582
core   0: 0x80009586 (0xa63f2f23) sw      gp, -1410(t5)
core   0: 3 0x80009586 (0xa63f2f23) mem 0x8000a000 0x00000001
core   0: 0x8000958a (0x0000bfe5) c.j     pc - 8
core   0: 3 0x8000958a (0xbfe5)
core   0: 0x80009582 (0x00001f17) auipc   t5, 0x1
core   0: 3 0x80009582 (0x00001f17) x30 0x8000a582
core   0: 0x80009586 (0xa63f2f23) sw      gp, -1410(t5)
core   0: 3 0x80009586 (0xa63f2f23) mem 0x8000a000 0x00000001
core   0: 0x8000958a (0x0000bfe5) c.j     pc - 8
core   0: 3 0x8000958a (0xbfe5)
core   0: 0x80009582 (0x00001f17) auipc   t5, 0x1
core   0: 3 0x80009582 (0x00001f17) x30 0x8000a582
core   0: 0x80009586 (0xa63f2f23) sw      gp, -1410(t5)
core   0: 3 0x80009586 (0xa63f2f23) mem 0x8000a000 0x00000001
core   0: 0x8000958a (0x0000bfe5) c.j     pc - 8
core   0: 3 0x8000958a (0xbfe5)
core   0: 0x80009582 (0x00001f17) auipc   t5, 0x1
core   0: 3 0x80009582 (0x00001f17) x30 0x8000a582
core   0: 0x80009586 (0xa63f2f23) sw      gp, -1410(t5)
core   0: 3 0x80009586 (0xa63f2f23) mem 0x8000a000 0x00000001
core   0: 0x8000958a (0x0000bfe5) c.j     pc - 8
core   0: 3 0x8000958a (0xbfe5)
core   0: 0x80009582 (0x00001f17) auipc   t5, 0x1
core   0: 3 0x80009582 (0x00001f17) x30 0x8000a582
core   0: 0x80009586 (0xa63f2f23) sw      gp, -1410(t5)
core   0: 3 0x80009586 (0xa63f2f23) mem 0x8000a000 0x00000001
core   0: 0x8000958a (0x0000bfe5) c.j     pc - 8
core   0: 3 0x8000958a (0xbfe5)
core   0: 0x80009582 (0x00001f17) auipc   t5, 0x1
core   0: 3 0x80009582 (0x00001f17) x30 0x8000a582
core   0: 0x80009586 (0xa63f2f23) sw      gp, -1410(t5)
core   0: 3 0x80009586 (0xa63f2f23) mem 0x8000a000 0x00000001
core   0: 0x8000958a (0x0000bfe5) c.j     pc - 8
core   0: 3 0x8000958a (0xbfe5)
core   0: 0x80009582 (0x00001f17) auipc   t5, 0x1
core   0: 3 0x80009582 (0x00001f17) x30 0x8000a582
core   0: 0x80009586 (0xa63f2f23) sw      gp, -1410(t5)
core   0: 3 0x80009586 (0xa63f2f23) mem 0x8000a000 0x00000001
core   0: 0x8000958a (0x0000bfe5) c.j     pc - 8
core   0: 3 0x8000958a (0xbfe5)
core   0: 0x80009582 (0x00001f17) auipc   t5, 0x1
core   0: 3 0x80009582 (0x00001f17) x30 0x8000a582
core   0: 0x80009586 (0xa63f2f23) sw      gp, -1410(t5)
core   0: 3 0x80009586 (0xa63f2f23) mem 0x8000a000 0x00000001
core   0: 0x8000958a (0x0000bfe5) c.j     pc - 8
core   0: 3 0x8000958a (0xbfe5)
core   0: 0x80009582 (0x00001f17) auipc   t5, 0x1
core   0: 3 0x80009582 (0x00001f17) x30 0x8000a582
core   0: 0x80009586 (0xa63f2f23) sw      gp, -1410(t5)
core   0: 3 0x80009586 (0xa63f2f23) mem 0x8000a000 0x00000001
core   0: 0x8000958a (0x0000bfe5) c.j     pc - 8
core   0: 3 0x8000958a (0xbfe5)
core   0: 0x80009582 (0x00001f17) auipc   t5, 0x1
core   0: 3 0x80009582 (0x00001f17) x30 0x8000a582
core   0: 0x80009586 (0xa63f2f23) sw      gp, -1410(t5)
core   0: 3 0x80009586 (0xa63f2f23) mem 0x8000a000 0x00000001
core   0: 0x8000958a (0x0000bfe5) c.j     pc - 8
core   0: 3 0x8000958a (0xbfe5)
core   0: 0x80009582 (0x00001f17) auipc   t5, 0x1
core   0: 3 0x80009582 (0x00001f17) x30 0x8000a582
core   0: 0x80009586 (0xa63f2f23) sw      gp, -1410(t5)
core   0: 3 0x80009586 (0xa63f2f23) mem 0x8000a000 0x00000001
core   0: 0x8000958a (0x0000bfe5) c.j     pc - 8
core   0: 3 0x8000958a (0xbfe5)
core   0: 0x80009582 (0x00001f17) auipc   t5, 0x1
core   0: 3 0x80009582 (0x00001f17) x30 0x8000a582
core   0: 0x80009586 (0xa63f2f23) sw      gp, -1410(t5)
core   0: 3 0x80009586 (0xa63f2f23) mem 0x8000a000 0x00000001
core   0: 0x8000958a (0x0000bfe5) c.j     pc - 8
core   0: 3 0x8000958a (0xbfe5)
core   0: 0x80009582 (0x00001f17) auipc   t5, 0x1
core   0: 3 0x80009582 (0x00001f17) x30 0x8000a582
core   0: 0x80009586 (0xa63f2f23) sw      gp, -1410(t5)
core   0: 3 0x80009586 (0xa63f2f23) mem 0x8000a000 0x00000001
core   0: 0x8000958a (0x0000bfe5) c.j     pc - 8
core   0: 3 0x8000958a (0xbfe5)
core   0: 0x80009582 (0x00001f17) auipc   t5, 0x1
core   0: 3 0x80009582 (0x00001f17) x30 0x8000a582
core   0: 0x80009586 (0xa63f2f23) sw      gp, -1410(t5)
core   0: 3 0x80009586 (0xa63f2f23) mem 0x8000a000 0x00000001
core   0: 0x8000958a (0x0000bfe5) c.j     pc - 8
core   0: 3 0x8000958a (0xbfe5)
core   0: 0x80009582 (0x00001f17) auipc   t5, 0x1
core   0: 3 0x80009582 (0x00001f17) x30 0x8000a582
core   0: 0x80009586 (0xa63f2f23) sw      gp, -1410(t5)
core   0: 3 0x80009586 (0xa63f2f23) mem 0x8000a000 0x00000001
core   0: 0x8000958a (0x0000bfe5) c.j     pc - 8
core   0: 3 0x8000958a (0xbfe5)
core   0: 0x80009582 (0x00001f17) auipc   t5, 0x1
core   0: 3 0x80009582 (0x00001f17) x30 0x8000a582
core   0: 0x80009586 (0xa63f2f23) sw      gp, -1410(t5)
core   0: 3 0x80009586 (0xa63f2f23) mem 0x8000a000 0x00000001
core   0: 0x8000958a (0x0000bfe5) c.j     pc - 8
core   0: 3 0x8000958a (0xbfe5)
core   0: 0x80009582 (0x00001f17) auipc   t5, 0x1
core   0: 3 0x80009582 (0x00001f17) x30 0x8000a582
core   0: 0x80009586 (0xa63f2f23) sw      gp, -1410(t5)
core   0: 3 0x80009586 (0xa63f2f23) mem 0x8000a000 0x00000001
core   0: 0x8000958a (0x0000bfe5) c.j     pc - 8
core   0: 3 0x8000958a (0xbfe5)
core   0: 0x80009582 (0x00001f17) auipc   t5, 0x1
core   0: 3 0x80009582 (0x00001f17) x30 0x8000a582
core   0: 0x80009586 (0xa63f2f23) sw      gp, -1410(t5)
core   0: 3 0x80009586 (0xa63f2f23) mem 0x8000a000 0x00000001
core   0: 0x8000958a (0x0000bfe5) c.j     pc - 8
core   0: 3 0x8000958a (0xbfe5)
core   0: 0x80009582 (0x00001f17) auipc   t5, 0x1
core   0: 3 0x80009582 (0x00001f17) x30 0x8000a582
core   0: 0x80009586 (0xa63f2f23) sw      gp, -1410(t5)
core   0: 3 0x80009586 (0xa63f2f23) mem 0x8000a000 0x00000001
core   0: 0x8000958a (0x0000bfe5) c.j     pc - 8
core   0: 3 0x8000958a (0xbfe5)
core   0: 0x80009582 (0x00001f17) auipc   t5, 0x1
core   0: 3 0x80009582 (0x00001f17) x30 0x8000a582
core   0: 0x80009586 (0xa63f2f23) sw      gp, -1410(t5)
core   0: 3 0x80009586 (0xa63f2f23) mem 0x8000a000 0x00000001
core   0: 0x8000958a (0x0000bfe5) c.j     pc - 8
core   0: 3 0x8000958a (0xbfe5)
core   0: 0x80009582 (0x00001f17) auipc   t5, 0x1
core   0: 3 0x80009582 (0x00001f17) x30 0x8000a582
core   0: 0x80009586 (0xa63f2f23) sw      gp, -1410(t5)
core   0: 3 0x80009586 (0xa63f2f23) mem 0x8000a000 0x00000001
core   0: 0x8000958a (0x0000bfe5) c.j     pc - 8
core   0: 3 0x8000958a (0xbfe5)
core   0: 0x80009582 (0x00001f17) auipc   t5, 0x1
core   0: 3 0x80009582 (0x00001f17) x30 0x8000a582
core   0: 0x80009586 (0xa63f2f23) sw      gp, -1410(t5)
core   0: 3 0x80009586 (0xa63f2f23) mem 0x8000a000 0x00000001
core   0: 0x8000958a (0x0000bfe5) c.j     pc - 8
core   0: 3 0x8000958a (0xbfe5)
core   0: 0x80009582 (0x00001f17) auipc   t5, 0x1
core   0: 3 0x80009582 (0x00001f17) x30 0x8000a582
core   0: 0x80009586 (0xa63f2f23) sw      gp, -1410(t5)
core   0: 3 0x80009586 (0xa63f2f23) mem 0x8000a000 0x00000001
core   0: 0x8000958a (0x0000bfe5) c.j     pc - 8
core   0: 3 0x8000958a (0xbfe5)
core   0: 0x80009582 (0x00001f17) auipc   t5, 0x1
core   0: 3 0x80009582 (0x00001f17) x30 0x8000a582
core   0: 0x80009586 (0xa63f2f23) sw      gp, -1410(t5)
core   0: 3 0x80009586 (0xa63f2f23) mem 0x8000a000 0x00000001
core   0: 0x8000958a (0x0000bfe5) c.j     pc - 8
core   0: 3 0x8000958a (0xbfe5)
core   0: 0x80009582 (0x00001f17) auipc   t5, 0x1
core   0: 3 0x80009582 (0x00001f17) x30 0x8000a582
core   0: 0x80009586 (0xa63f2f23) sw      gp, -1410(t5)
core   0: 3 0x80009586 (0xa63f2f23) mem 0x8000a000 0x00000001
core   0: 0x8000958a (0x0000bfe5) c.j     pc - 8
core   0: 3 0x8000958a (0xbfe5)
core   0: 0x80009582 (0x00001f17) auipc   t5, 0x1
core   0: 3 0x80009582 (0x00001f17) x30 0x8000a582
core   0: 0x80009586 (0xa63f2f23) sw      gp, -1410(t5)
core   0: 3 0x80009586 (0xa63f2f23) mem 0x8000a000 0x00000001
core   0: 0x8000958a (0x0000bfe5) c.j     pc - 8
core   0: 3 0x8000958a (0xbfe5)
core   0: 0x80009582 (0x00001f17) auipc   t5, 0x1
core   0: 3 0x80009582 (0x00001f17) x30 0x8000a582
core   0: 0x80009586 (0xa63f2f23) sw      gp, -1410(t5)
core   0: 3 0x80009586 (0xa63f2f23) mem 0x8000a000 0x00000001
core   0: 0x8000958a (0x0000bfe5) c.j     pc - 8
core   0: 3 0x8000958a (0xbfe5)
core   0: 0x80009582 (0x00001f17) auipc   t5, 0x1
core   0: 3 0x80009582 (0x00001f17) x30 0x8000a582
core   0: 0x80009586 (0xa63f2f23) sw      gp, -1410(t5)
core   0: 3 0x80009586 (0xa63f2f23) mem 0x8000a000 0x00000001
core   0: 0x8000958a (0x0000bfe5) c.j     pc - 8
core   0: 3 0x8000958a (0xbfe5)
core   0: 0x80009582 (0x00001f17) auipc   t5, 0x1
core   0: 3 0x80009582 (0x00001f17) x30 0x8000a582
core   0: 0x80009586 (0xa63f2f23) sw      gp, -1410(t5)
core   0: 3 0x80009586 (0xa63f2f23) mem 0x8000a000 0x00000001
core   0: 0x8000958a (0x0000bfe5) c.j     pc - 8
core   0: 3 0x8000958a (0xbfe5)
core   0: 0x80009582 (0x00001f17) auipc   t5, 0x1
core   0: 3 0x80009582 (0x00001f17) x30 0x8000a582
core   0: 0x80009586 (0xa63f2f23) sw      gp, -1410(t5)
core   0: 3 0x80009586 (0xa63f2f23) mem 0x8000a000 0x00000001
core   0: 0x8000958a (0x0000bfe5) c.j     pc - 8
core   0: 3 0x8000958a (0xbfe5)
core   0: 0x80009582 (0x00001f17) auipc   t5, 0x1
core   0: 3 0x80009582 (0x00001f17) x30 0x8000a582
core   0: 0x80009586 (0xa63f2f23) sw      gp, -1410(t5)
core   0: 3 0x80009586 (0xa63f2f23) mem 0x8000a000 0x00000001
core   0: 0x8000958a (0x0000bfe5) c.j     pc - 8
core   0: 3 0x8000958a (0xbfe5)
core   0: 0x80009582 (0x00001f17) auipc   t5, 0x1
core   0: 3 0x80009582 (0x00001f17) x30 0x8000a582
core   0: 0x80009586 (0xa63f2f23) sw      gp, -1410(t5)
core   0: 3 0x80009586 (0xa63f2f23) mem 0x8000a000 0x00000001
core   0: 0x8000958a (0x0000bfe5) c.j     pc - 8
core   0: 3 0x8000958a (0xbfe5)
core   0: 0x80009582 (0x00001f17) auipc   t5, 0x1
core   0: 3 0x80009582 (0x00001f17) x30 0x8000a582
core   0: 0x80009586 (0xa63f2f23) sw      gp, -1410(t5)
core   0: 3 0x80009586 (0xa63f2f23) mem 0x8000a000 0x00000001
core   0: 0x8000958a (0x0000bfe5) c.j     pc - 8
core   0: 3 0x8000958a (0xbfe5)
core   0: 0x80009582 (0x00001f17) auipc   t5, 0x1
core   0: 3 0x80009582 (0x00001f17) x30 0x8000a582
core   0: 0x80009586 (0xa63f2f23) sw      gp, -1410(t5)
core   0: 3 0x80009586 (0xa63f2f23) mem 0x8000a000 0x00000001
core   0: 0x8000958a (0x0000bfe5) c.j     pc - 8
core   0: 3 0x8000958a (0xbfe5)
core   0: 0x80009582 (0x00001f17) auipc   t5, 0x1
core   0: 3 0x80009582 (0x00001f17) x30 0x8000a582
core   0: 0x80009586 (0xa63f2f23) sw      gp, -1410(t5)
core   0: 3 0x80009586 (0xa63f2f23) mem 0x8000a000 0x00000001
core   0: 0x8000958a (0x0000bfe5) c.j     pc - 8
core   0: 3 0x8000958a (0xbfe5)
core   0: 0x80009582 (0x00001f17) auipc   t5, 0x1
core   0: 3 0x80009582 (0x00001f17) x30 0x8000a582
core   0: 0x80009586 (0xa63f2f23) sw      gp, -1410(t5)
core   0: 3 0x80009586 (0xa63f2f23) mem 0x8000a000 0x00000001
core   0: 0x8000958a (0x0000bfe5) c.j     pc - 8
core   0: 3 0x8000958a (0xbfe5)
core   0: 0x80009582 (0x00001f17) auipc   t5, 0x1
core   0: 3 0x80009582 (0x00001f17) x30 0x8000a582
core   0: 0x80009586 (0xa63f2f23) sw      gp, -1410(t5)
core   0: 3 0x80009586 (0xa63f2f23) mem 0x8000a000 0x00000001
core   0: 0x8000958a (0x0000bfe5) c.j     pc - 8
core   0: 3 0x8000958a (0xbfe5)
core   0: 0x80009582 (0x00001f17) auipc   t5, 0x1
core   0: 3 0x80009582 (0x00001f17) x30 0x8000a582
core   0: 0x80009586 (0xa63f2f23) sw      gp, -1410(t5)
core   0: 3 0x80009586 (0xa63f2f23) mem 0x8000a000 0x00000001
core   0: 0x8000958a (0x0000bfe5) c.j     pc - 8
core   0: 3 0x8000958a (0xbfe5)
core   0: 0x80009582 (0x00001f17) auipc   t5, 0x1
core   0: 3 0x80009582 (0x00001f17) x30 0x8000a582
core   0: 0x80009586 (0xa63f2f23) sw      gp, -1410(t5)
core   0: 3 0x80009586 (0xa63f2f23) mem 0x8000a000 0x00000001
core   0: 0x8000958a (0x0000bfe5) c.j     pc - 8
core   0: 3 0x8000958a (0xbfe5)
core   0: 0x80009582 (0x00001f17) auipc   t5, 0x1
core   0: 3 0x80009582 (0x00001f17) x30 0x8000a582
core   0: 0x80009586 (0xa63f2f23) sw      gp, -1410(t5)
core   0: 3 0x80009586 (0xa63f2f23) mem 0x8000a000 0x00000001
core   0: 0x8000958a (0x0000bfe5) c.j     pc - 8
core   0: 3 0x8000958a (0xbfe5)
core   0: 0x80009582 (0x00001f17) auipc   t5, 0x1
core   0: 3 0x80009582 (0x00001f17) x30 0x8000a582
core   0: 0x80009586 (0xa63f2f23) sw      gp, -1410(t5)
core   0: 3 0x80009586 (0xa63f2f23) mem 0x8000a000 0x00000001
core   0: 0x8000958a (0x0000bfe5) c.j     pc - 8
core   0: 3 0x8000958a (0xbfe5)
core   0: 0x80009582 (0x00001f17) auipc   t5, 0x1
core   0: 3 0x80009582 (0x00001f17) x30 0x8000a582
core   0: 0x80009586 (0xa63f2f23) sw      gp, -1410(t5)
core   0: 3 0x80009586 (0xa63f2f23) mem 0x8000a000 0x00000001
core   0: 0x8000958a (0x0000bfe5) c.j     pc - 8
core   0: 3 0x8000958a (0xbfe5)
core   0: 0x80009582 (0x00001f17) auipc   t5, 0x1
core   0: 3 0x80009582 (0x00001f17) x30 0x8000a582
core   0: 0x80009586 (0xa63f2f23) sw      gp, -1410(t5)
core   0: 3 0x80009586 (0xa63f2f23) mem 0x8000a000 0x00000001
core   0: 0x8000958a (0x0000bfe5) c.j     pc - 8
core   0: 3 0x8000958a (0xbfe5)
core   0: 0x80009582 (0x00001f17) auipc   t5, 0x1
core   0: 3 0x80009582 (0x00001f17) x30 0x8000a582
core   0: 0x80009586 (0xa63f2f23) sw      gp, -1410(t5)
core   0: 3 0x80009586 (0xa63f2f23) mem 0x8000a000 0x00000001
core   0: 0x8000958a (0x0000bfe5) c.j     pc - 8
core   0: 3 0x8000958a (0xbfe5)
core   0: 0x80009582 (0x00001f17) auipc   t5, 0x1
core   0: 3 0x80009582 (0x00001f17) x30 0x8000a582
core   0: 0x80009586 (0xa63f2f23) sw      gp, -1410(t5)
core   0: 3 0x80009586 (0xa63f2f23) mem 0x8000a000 0x00000001
core   0: 0x8000958a (0x0000bfe5) c.j     pc - 8
core   0: 3 0x8000958a (0xbfe5)
core   0: 0x80009582 (0x00001f17) auipc   t5, 0x1
core   0: 3 0x80009582 (0x00001f17) x30 0x8000a582
core   0: 0x80009586 (0xa63f2f23) sw      gp, -1410(t5)
core   0: 3 0x80009586 (0xa63f2f23) mem 0x8000a000 0x00000001
core   0: 0x8000958a (0x0000bfe5) c.j     pc - 8
core   0: 3 0x8000958a (0xbfe5)
core   0: 0x80009582 (0x00001f17) auipc   t5, 0x1
core   0: 3 0x80009582 (0x00001f17) x30 0x8000a582
core   0: 0x80009586 (0xa63f2f23) sw      gp, -1410(t5)
core   0: 3 0x80009586 (0xa63f2f23) mem 0x8000a000 0x00000001
core   0: 0x8000958a (0x0000bfe5) c.j     pc - 8
core   0: 3 0x8000958a (0xbfe5)
core   0: 0x80009582 (0x00001f17) auipc   t5, 0x1
core   0: 3 0x80009582 (0x00001f17) x30 0x8000a582
core   0: 0x80009586 (0xa63f2f23) sw      gp, -1410(t5)
core   0: 3 0x80009586 (0xa63f2f23) mem 0x8000a000 0x00000001
core   0: 0x8000958a (0x0000bfe5) c.j     pc - 8
core   0: 3 0x8000958a (0xbfe5)
core   0: 0x80009582 (0x00001f17) auipc   t5, 0x1
core   0: 3 0x80009582 (0x00001f17) x30 0x8000a582
core   0: 0x80009586 (0xa63f2f23) sw      gp, -1410(t5)
core   0: 3 0x80009586 (0xa63f2f23) mem 0x8000a000 0x00000001
core   0: 0x8000958a (0x0000bfe5) c.j     pc - 8
core   0: 3 0x8000958a (0xbfe5)
core   0: 0x80009582 (0x00001f17) auipc   t5, 0x1
core   0: 3 0x80009582 (0x00001f17) x30 0x8000a582
core   0: 0x80009586 (0xa63f2f23) sw      gp, -1410(t5)
core   0: 3 0x80009586 (0xa63f2f23) mem 0x8000a000 0x00000001
core   0: 0x8000958a (0x0000bfe5) c.j     pc - 8
core   0: 3 0x8000958a (0xbfe5)
core   0: 0x80009582 (0x00001f17) auipc   t5, 0x1
core   0: 3 0x80009582 (0x00001f17) x30 0x8000a582
core   0: 0x80009586 (0xa63f2f23) sw      gp, -1410(t5)
core   0: 3 0x80009586 (0xa63f2f23) mem 0x8000a000 0x00000001
core   0: 0x8000958a (0x0000bfe5) c.j     pc - 8
core   0: 3 0x8000958a (0xbfe5)
core   0: 0x80009582 (0x00001f17) auipc   t5, 0x1
core   0: 3 0x80009582 (0x00001f17) x30 0x8000a582
core   0: 0x80009586 (0xa63f2f23) sw      gp, -1410(t5)
core   0: 3 0x80009586 (0xa63f2f23) mem 0x8000a000 0x00000001
core   0: 0x8000958a (0x0000bfe5) c.j     pc - 8
core   0: 3 0x8000958a (0xbfe5)
core   0: 0x80009582 (0x00001f17) auipc   t5, 0x1
core   0: 3 0x80009582 (0x00001f17) x30 0x8000a582
core   0: 0x80009586 (0xa63f2f23) sw      gp, -1410(t5)
core   0: 3 0x80009586 (0xa63f2f23) mem 0x8000a000 0x00000001
core   0: 0x8000958a (0x0000bfe5) c.j     pc - 8
core   0: 3 0x8000958a (0xbfe5)
core   0: 0x80009582 (0x00001f17) auipc   t5, 0x1
core   0: 3 0x80009582 (0x00001f17) x30 0x8000a582
core   0: 0x80009586 (0xa63f2f23) sw      gp, -1410(t5)
core   0: 3 0x80009586 (0xa63f2f23) mem 0x8000a000 0x00000001
core   0: 0x8000958a (0x0000bfe5) c.j     pc - 8
core   0: 3 0x8000958a (0xbfe5)
core   0: 0x80009582 (0x00001f17) auipc   t5, 0x1
core   0: 3 0x80009582 (0x00001f17) x30 0x8000a582
core   0: 0x80009586 (0xa63f2f23) sw      gp, -1410(t5)
core   0: 3 0x80009586 (0xa63f2f23) mem 0x8000a000 0x00000001
core   0: 0x8000958a (0x0000bfe5) c.j     pc - 8
core   0: 3 0x8000958a (0xbfe5)
core   0: 0x80009582 (0x00001f17) auipc   t5, 0x1
core   0: 3 0x80009582 (0x00001f17) x30 0x8000a582
core   0: 0x80009586 (0xa63f2f23) sw      gp, -1410(t5)
core   0: 3 0x80009586 (0xa63f2f23) mem 0x8000a000 0x00000001
core   0: 0x8000958a (0x0000bfe5) c.j     pc - 8
core   0: 3 0x8000958a (0xbfe5)
core   0: 0x80009582 (0x00001f17) auipc   t5, 0x1
core   0: 3 0x80009582 (0x00001f17) x30 0x8000a582
core   0: 0x80009586 (0xa63f2f23) sw      gp, -1410(t5)
core   0: 3 0x80009586 (0xa63f2f23) mem 0x8000a000 0x00000001
core   0: 0x8000958a (0x0000bfe5) c.j     pc - 8
core   0: 3 0x8000958a (0xbfe5)
core   0: 0x80009582 (0x00001f17) auipc   t5, 0x1
core   0: 3 0x80009582 (0x00001f17) x30 0x8000a582
core   0: 0x80009586 (0xa63f2f23) sw      gp, -1410(t5)
core   0: 3 0x80009586 (0xa63f2f23) mem 0x8000a000 0x00000001
core   0: 0x8000958a (0x0000bfe5) c.j     pc - 8
core   0: 3 0x8000958a (0xbfe5)
core   0: 0x80009582 (0x00001f17) auipc   t5, 0x1
core   0: 3 0x80009582 (0x00001f17) x30 0x8000a582
core   0: 0x80009586 (0xa63f2f23) sw      gp, -1410(t5)
core   0: 3 0x80009586 (0xa63f2f23) mem 0x8000a000 0x00000001
core   0: 0x8000958a (0x0000bfe5) c.j     pc - 8
core   0: 3 0x8000958a (0xbfe5)
core   0: 0x80009582 (0x00001f17) auipc   t5, 0x1
core   0: 3 0x80009582 (0x00001f17) x30 0x8000a582
core   0: 0x80009586 (0xa63f2f23) sw      gp, -1410(t5)
core   0: 3 0x80009586 (0xa63f2f23) mem 0x8000a000 0x00000001
core   0: 0x8000958a (0x0000bfe5) c.j     pc - 8
core   0: 3 0x8000958a (0xbfe5)
core   0: 0x80009582 (0x00001f17) auipc   t5, 0x1
core   0: 3 0x80009582 (0x00001f17) x30 0x8000a582
core   0: 0x80009586 (0xa63f2f23) sw      gp, -1410(t5)
core   0: 3 0x80009586 (0xa63f2f23) mem 0x8000a000 0x00000001
core   0: 0x8000958a (0x0000bfe5) c.j     pc - 8
core   0: 3 0x8000958a (0xbfe5)
core   0: 0x80009582 (0x00001f17) auipc   t5, 0x1
core   0: 3 0x80009582 (0x00001f17) x30 0x8000a582
core   0: 0x80009586 (0xa63f2f23) sw      gp, -1410(t5)
core   0: 3 0x80009586 (0xa63f2f23) mem 0x8000a000 0x00000001
core   0: 0x8000958a (0x0000bfe5) c.j     pc - 8
core   0: 3 0x8000958a (0xbfe5)
core   0: 0x80009582 (0x00001f17) auipc   t5, 0x1
core   0: 3 0x80009582 (0x00001f17) x30 0x8000a582
core   0: 0x80009586 (0xa63f2f23) sw      gp, -1410(t5)
core   0: 3 0x80009586 (0xa63f2f23) mem 0x8000a000 0x00000001
core   0: 0x8000958a (0x0000bfe5) c.j     pc - 8
core   0: 3 0x8000958a (0xbfe5)
core   0: 0x80009582 (0x00001f17) auipc   t5, 0x1
core   0: 3 0x80009582 (0x00001f17) x30 0x8000a582
core   0: 0x80009586 (0xa63f2f23) sw      gp, -1410(t5)
core   0: 3 0x80009586 (0xa63f2f23) mem 0x8000a000 0x00000001
core   0: 0x8000958a (0x0000bfe5) c.j     pc - 8
core   0: 3 0x8000958a (0xbfe5)
core   0: 0x80009582 (0x00001f17) auipc   t5, 0x1
core   0: 3 0x80009582 (0x00001f17) x30 0x8000a582
core   0: 0x80009586 (0xa63f2f23) sw      gp, -1410(t5)
core   0: 3 0x80009586 (0xa63f2f23) mem 0x8000a000 0x00000001
core   0: 0x8000958a (0x0000bfe5) c.j     pc - 8
core   0: 3 0x8000958a (0xbfe5)
core   0: 0x80009582 (0x00001f17) auipc   t5, 0x1
core   0: 3 0x80009582 (0x00001f17) x30 0x8000a582
core   0: 0x80009586 (0xa63f2f23) sw      gp, -1410(t5)
core   0: 3 0x80009586 (0xa63f2f23) mem 0x8000a000 0x00000001
core   0: 0x8000958a (0x0000bfe5) c.j     pc - 8
core   0: 3 0x8000958a (0xbfe5)
core   0: 0x80009582 (0x00001f17) auipc   t5, 0x1
core   0: 3 0x80009582 (0x00001f17) x30 0x8000a582
core   0: 0x80009586 (0xa63f2f23) sw      gp, -1410(t5)
core   0: 3 0x80009586 (0xa63f2f23) mem 0x8000a000 0x00000001
core   0: 0x8000958a (0x0000bfe5) c.j     pc - 8
core   0: 3 0x8000958a (0xbfe5)
core   0: 0x80009582 (0x00001f17) auipc   t5, 0x1
core   0: 3 0x80009582 (0x00001f17) x30 0x8000a582
core   0: 0x80009586 (0xa63f2f23) sw      gp, -1410(t5)
core   0: 3 0x80009586 (0xa63f2f23) mem 0x8000a000 0x00000001
core   0: 0x8000958a (0x0000bfe5) c.j     pc - 8
core   0: 3 0x8000958a (0xbfe5)
core   0: 0x80009582 (0x00001f17) auipc   t5, 0x1
core   0: 3 0x80009582 (0x00001f17) x30 0x8000a582
core   0: 0x80009586 (0xa63f2f23) sw      gp, -1410(t5)
core   0: 3 0x80009586 (0xa63f2f23) mem 0x8000a000 0x00000001
core   0: 0x8000958a (0x0000bfe5) c.j     pc - 8
core   0: 3 0x8000958a (0xbfe5)
core   0: 0x80009582 (0x00001f17) auipc   t5, 0x1
core   0: 3 0x80009582 (0x00001f17) x30 0x8000a582
core   0: 0x80009586 (0xa63f2f23) sw      gp, -1410(t5)
core   0: 3 0x80009586 (0xa63f2f23) mem 0x8000a000 0x00000001
core   0: 0x8000958a (0x0000bfe5) c.j     pc - 8
core   0: 3 0x8000958a (0xbfe5)
core   0: 0x80009582 (0x00001f17) auipc   t5, 0x1
core   0: 3 0x80009582 (0x00001f17) x30 0x8000a582
core   0: 0x80009586 (0xa63f2f23) sw      gp, -1410(t5)
core   0: 3 0x80009586 (0xa63f2f23) mem 0x8000a000 0x00000001
core   0: 0x8000958a (0x0000bfe5) c.j     pc - 8
core   0: 3 0x8000958a (0xbfe5)
core   0: 0x80009582 (0x00001f17) auipc   t5, 0x1
core   0: 3 0x80009582 (0x00001f17) x30 0x8000a582
core   0: 0x80009586 (0xa63f2f23) sw      gp, -1410(t5)
core   0: 3 0x80009586 (0xa63f2f23) mem 0x8000a000 0x00000001
core   0: 0x8000958a (0x0000bfe5) c.j     pc - 8
core   0: 3 0x8000958a (0xbfe5)
core   0: 0x80009582 (0x00001f17) auipc   t5, 0x1
core   0: 3 0x80009582 (0x00001f17) x30 0x8000a582
core   0: 0x80009586 (0xa63f2f23) sw      gp, -1410(t5)
core   0: 3 0x80009586 (0xa63f2f23) mem 0x8000a000 0x00000001
core   0: 0x8000958a (0x0000bfe5) c.j     pc - 8
core   0: 3 0x8000958a (0xbfe5)
core   0: 0x80009582 (0x00001f17) auipc   t5, 0x1
core   0: 3 0x80009582 (0x00001f17) x30 0x8000a582
core   0: 0x80009586 (0xa63f2f23) sw      gp, -1410(t5)
core   0: 3 0x80009586 (0xa63f2f23) mem 0x8000a000 0x00000001
core   0: 0x8000958a (0x0000bfe5) c.j     pc - 8
core   0: 3 0x8000958a (0xbfe5)
core   0: 0x80009582 (0x00001f17) auipc   t5, 0x1
core   0: 3 0x80009582 (0x00001f17) x30 0x8000a582
core   0: 0x80009586 (0xa63f2f23) sw      gp, -1410(t5)
core   0: 3 0x80009586 (0xa63f2f23) mem 0x8000a000 0x00000001
core   0: 0x8000958a (0x0000bfe5) c.j     pc - 8
core   0: 3 0x8000958a (0xbfe5)
core   0: 0x80009582 (0x00001f17) auipc   t5, 0x1
core   0: 3 0x80009582 (0x00001f17) x30 0x8000a582
core   0: 0x80009586 (0xa63f2f23) sw      gp, -1410(t5)
core   0: 3 0x80009586 (0xa63f2f23) mem 0x8000a000 0x00000001
core   0: 0x8000958a (0x0000bfe5) c.j     pc - 8
core   0: 3 0x8000958a (0xbfe5)
core   0: 0x80009582 (0x00001f17) auipc   t5, 0x1
core   0: 3 0x80009582 (0x00001f17) x30 0x8000a582
core   0: 0x80009586 (0xa63f2f23) sw      gp, -1410(t5)
core   0: 3 0x80009586 (0xa63f2f23) mem 0x8000a000 0x00000001
core   0: 0x8000958a (0x0000bfe5) c.j     pc - 8
core   0: 3 0x8000958a (0xbfe5)
core   0: 0x80009582 (0x00001f17) auipc   t5, 0x1
core   0: 3 0x80009582 (0x00001f17) x30 0x8000a582
core   0: 0x80009586 (0xa63f2f23) sw      gp, -1410(t5)
core   0: 3 0x80009586 (0xa63f2f23) mem 0x8000a000 0x00000001
core   0: 0x8000958a (0x0000bfe5) c.j     pc - 8
core   0: 3 0x8000958a (0xbfe5)
core   0: 0x80009582 (0x00001f17) auipc   t5, 0x1
core   0: 3 0x80009582 (0x00001f17) x30 0x8000a582
core   0: 0x80009586 (0xa63f2f23) sw      gp, -1410(t5)
core   0: 3 0x80009586 (0xa63f2f23) mem 0x8000a000 0x00000001
core   0: 0x8000958a (0x0000bfe5) c.j     pc - 8
core   0: 3 0x8000958a (0xbfe5)
core   0: 0x80009582 (0x00001f17) auipc   t5, 0x1
core   0: 3 0x80009582 (0x00001f17) x30 0x8000a582
core   0: 0x80009586 (0xa63f2f23) sw      gp, -1410(t5)
core   0: 3 0x80009586 (0xa63f2f23) mem 0x8000a000 0x00000001
core   0: 0x8000958a (0x0000bfe5) c.j     pc - 8
core   0: 3 0x8000958a (0xbfe5)
core   0: 0x80009582 (0x00001f17) auipc   t5, 0x1
core   0: 3 0x80009582 (0x00001f17) x30 0x8000a582
core   0: 0x80009586 (0xa63f2f23) sw      gp, -1410(t5)
core   0: 3 0x80009586 (0xa63f2f23) mem 0x8000a000 0x00000001
core   0: 0x8000958a (0x0000bfe5) c.j     pc - 8
core   0: 3 0x8000958a (0xbfe5)
core   0: 0x80009582 (0x00001f17) auipc   t5, 0x1
core   0: 3 0x80009582 (0x00001f17) x30 0x8000a582
core   0: 0x80009586 (0xa63f2f23) sw      gp, -1410(t5)
core   0: 3 0x80009586 (0xa63f2f23) mem 0x8000a000 0x00000001
core   0: 0x8000958a (0x0000bfe5) c.j     pc - 8
core   0: 3 0x8000958a (0xbfe5)
core   0: 0x80009582 (0x00001f17) auipc   t5, 0x1
core   0: 3 0x80009582 (0x00001f17) x30 0x8000a582
core   0: 0x80009586 (0xa63f2f23) sw      gp, -1410(t5)
core   0: 3 0x80009586 (0xa63f2f23) mem 0x8000a000 0x00000001
core   0: 0x8000958a (0x0000bfe5) c.j     pc - 8
core   0: 3 0x8000958a (0xbfe5)
core   0: 0x80009582 (0x00001f17) auipc   t5, 0x1
core   0: 3 0x80009582 (0x00001f17) x30 0x8000a582
core   0: 0x80009586 (0xa63f2f23) sw      gp, -1410(t5)
core   0: 3 0x80009586 (0xa63f2f23) mem 0x8000a000 0x00000001
core   0: 0x8000958a (0x0000bfe5) c.j     pc - 8
core   0: 3 0x8000958a (0xbfe5)
core   0: 0x80009582 (0x00001f17) auipc   t5, 0x1
core   0: 3 0x80009582 (0x00001f17) x30 0x8000a582
core   0: 0x80009586 (0xa63f2f23) sw      gp, -1410(t5)
core   0: 3 0x80009586 (0xa63f2f23) mem 0x8000a000 0x00000001
core   0: 0x8000958a (0x0000bfe5) c.j     pc - 8
core   0: 3 0x8000958a (0xbfe5)
core   0: 0x80009582 (0x00001f17) auipc   t5, 0x1
core   0: 3 0x80009582 (0x00001f17) x30 0x8000a582
core   0: 0x80009586 (0xa63f2f23) sw      gp, -1410(t5)
core   0: 3 0x80009586 (0xa63f2f23) mem 0x8000a000 0x00000001
core   0: 0x8000958a (0x0000bfe5) c.j     pc - 8
core   0: 3 0x8000958a (0xbfe5)
core   0: 0x80009582 (0x00001f17) auipc   t5, 0x1
core   0: 3 0x80009582 (0x00001f17) x30 0x8000a582
core   0: 0x80009586 (0xa63f2f23) sw      gp, -1410(t5)
core   0: 3 0x80009586 (0xa63f2f23) mem 0x8000a000 0x00000001
core   0: 0x8000958a (0x0000bfe5) c.j     pc - 8
core   0: 3 0x8000958a (0xbfe5)
core   0: 0x80009582 (0x00001f17) auipc   t5, 0x1
core   0: 3 0x80009582 (0x00001f17) x30 0x8000a582
core   0: 0x80009586 (0xa63f2f23) sw      gp, -1410(t5)
core   0: 3 0x80009586 (0xa63f2f23) mem 0x8000a000 0x00000001
core   0: 0x8000958a (0x0000bfe5) c.j     pc - 8
core   0: 3 0x8000958a (0xbfe5)
core   0: 0x80009582 (0x00001f17) auipc   t5, 0x1
core   0: 3 0x80009582 (0x00001f17) x30 0x8000a582
core   0: 0x80009586 (0xa63f2f23) sw      gp, -1410(t5)
core   0: 3 0x80009586 (0xa63f2f23) mem 0x8000a000 0x00000001
core   0: 0x8000958a (0x0000bfe5) c.j     pc - 8
core   0: 3 0x8000958a (0xbfe5)
core   0: 0x80009582 (0x00001f17) auipc   t5, 0x1
core   0: 3 0x80009582 (0x00001f17) x30 0x8000a582
core   0: 0x80009586 (0xa63f2f23) sw      gp, -1410(t5)
core   0: 3 0x80009586 (0xa63f2f23) mem 0x8000a000 0x00000001
core   0: 0x8000958a (0x0000bfe5) c.j     pc - 8
core   0: 3 0x8000958a (0xbfe5)
core   0: 0x80009582 (0x00001f17) auipc   t5, 0x1
core   0: 3 0x80009582 (0x00001f17) x30 0x8000a582
core   0: 0x80009586 (0xa63f2f23) sw      gp, -1410(t5)
core   0: 3 0x80009586 (0xa63f2f23) mem 0x8000a000 0x00000001
core   0: 0x8000958a (0x0000bfe5) c.j     pc - 8
core   0: 3 0x8000958a (0xbfe5)
core   0: 0x80009582 (0x00001f17) auipc   t5, 0x1
core   0: 3 0x80009582 (0x00001f17) x30 0x8000a582
core   0: 0x80009586 (0xa63f2f23) sw      gp, -1410(t5)
core   0: 3 0x80009586 (0xa63f2f23) mem 0x8000a000 0x00000001
core   0: 0x8000958a (0x0000bfe5) c.j     pc - 8
core   0: 3 0x8000958a (0xbfe5)
core   0: 0x80009582 (0x00001f17) auipc   t5, 0x1
core   0: 3 0x80009582 (0x00001f17) x30 0x8000a582
core   0: 0x80009586 (0xa63f2f23) sw      gp, -1410(t5)
core   0: 3 0x80009586 (0xa63f2f23) mem 0x8000a000 0x00000001
core   0: 0x8000958a (0x0000bfe5) c.j     pc - 8
core   0: 3 0x8000958a (0xbfe5)
core   0: 0x80009582 (0x00001f17) auipc   t5, 0x1
core   0: 3 0x80009582 (0x00001f17) x30 0x8000a582
core   0: 0x80009586 (0xa63f2f23) sw      gp, -1410(t5)
core   0: 3 0x80009586 (0xa63f2f23) mem 0x8000a000 0x00000001
core   0: 0x8000958a (0x0000bfe5) c.j     pc - 8
core   0: 3 0x8000958a (0xbfe5)
core   0: 0x80009582 (0x00001f17) auipc   t5, 0x1
core   0: 3 0x80009582 (0x00001f17) x30 0x8000a582
core   0: 0x80009586 (0xa63f2f23) sw      gp, -1410(t5)
core   0: 3 0x80009586 (0xa63f2f23) mem 0x8000a000 0x00000001
core   0: 0x8000958a (0x0000bfe5) c.j     pc - 8
core   0: 3 0x8000958a (0xbfe5)
core   0: 0x80009582 (0x00001f17) auipc   t5, 0x1
core   0: 3 0x80009582 (0x00001f17) x30 0x8000a582
core   0: 0x80009586 (0xa63f2f23) sw      gp, -1410(t5)
core   0: 3 0x80009586 (0xa63f2f23) mem 0x8000a000 0x00000001
core   0: 0x8000958a (0x0000bfe5) c.j     pc - 8
core   0: 3 0x8000958a (0xbfe5)
core   0: 0x80009582 (0x00001f17) auipc   t5, 0x1
core   0: 3 0x80009582 (0x00001f17) x30 0x8000a582
core   0: 0x80009586 (0xa63f2f23) sw      gp, -1410(t5)
core   0: 3 0x80009586 (0xa63f2f23) mem 0x8000a000 0x00000001
core   0: 0x8000958a (0x0000bfe5) c.j     pc - 8
core   0: 3 0x8000958a (0xbfe5)
core   0: 0x80009582 (0x00001f17) auipc   t5, 0x1
core   0: 3 0x80009582 (0x00001f17) x30 0x8000a582
core   0: 0x80009586 (0xa63f2f23) sw      gp, -1410(t5)
core   0: 3 0x80009586 (0xa63f2f23) mem 0x8000a000 0x00000001
core   0: 0x8000958a (0x0000bfe5) c.j     pc - 8
core   0: 3 0x8000958a (0xbfe5)
core   0: 0x80009582 (0x00001f17) auipc   t5, 0x1
core   0: 3 0x80009582 (0x00001f17) x30 0x8000a582
core   0: 0x80009586 (0xa63f2f23) sw      gp, -1410(t5)
core   0: 3 0x80009586 (0xa63f2f23) mem 0x8000a000 0x00000001
core   0: 0x8000958a (0x0000bfe5) c.j     pc - 8
core   0: 3 0x8000958a (0xbfe5)
core   0: 0x80009582 (0x00001f17) auipc   t5, 0x1
core   0: 3 0x80009582 (0x00001f17) x30 0x8000a582
core   0: 0x80009586 (0xa63f2f23) sw      gp, -1410(t5)
core   0: 3 0x80009586 (0xa63f2f23) mem 0x8000a000 0x00000001
core   0: 0x8000958a (0x0000bfe5) c.j     pc - 8
core   0: 3 0x8000958a (0xbfe5)
core   0: 0x80009582 (0x00001f17) auipc   t5, 0x1
core   0: 3 0x80009582 (0x00001f17) x30 0x8000a582
core   0: 0x80009586 (0xa63f2f23) sw      gp, -1410(t5)
core   0: 3 0x80009586 (0xa63f2f23) mem 0x8000a000 0x00000001
core   0: 0x8000958a (0x0000bfe5) c.j     pc - 8
core   0: 3 0x8000958a (0xbfe5)
core   0: 0x80009582 (0x00001f17) auipc   t5, 0x1
core   0: 3 0x80009582 (0x00001f17) x30 0x8000a582
core   0: 0x80009586 (0xa63f2f23) sw      gp, -1410(t5)
core   0: 3 0x80009586 (0xa63f2f23) mem 0x8000a000 0x00000001
core   0: 0x8000958a (0x0000bfe5) c.j     pc - 8
core   0: 3 0x8000958a (0xbfe5)
core   0: 0x80009582 (0x00001f17) auipc   t5, 0x1
core   0: 3 0x80009582 (0x00001f17) x30 0x8000a582
core   0: 0x80009586 (0xa63f2f23) sw      gp, -1410(t5)
core   0: 3 0x80009586 (0xa63f2f23) mem 0x8000a000 0x00000001
core   0: 0x8000958a (0x0000bfe5) c.j     pc - 8
core   0: 3 0x8000958a (0xbfe5)
core   0: 0x80009582 (0x00001f17) auipc   t5, 0x1
core   0: 3 0x80009582 (0x00001f17) x30 0x8000a582
core   0: 0x80009586 (0xa63f2f23) sw      gp, -1410(t5)
core   0: 3 0x80009586 (0xa63f2f23) mem 0x8000a000 0x00000001
core   0: 0x8000958a (0x0000bfe5) c.j     pc - 8
core   0: 3 0x8000958a (0xbfe5)
core   0: 0x80009582 (0x00001f17) auipc   t5, 0x1
core   0: 3 0x80009582 (0x00001f17) x30 0x8000a582
core   0: 0x80009586 (0xa63f2f23) sw      gp, -1410(t5)
core   0: 3 0x80009586 (0xa63f2f23) mem 0x8000a000 0x00000001
core   0: 0x8000958a (0x0000bfe5) c.j     pc - 8
core   0: 3 0x8000958a (0xbfe5)
core   0: 0x80009582 (0x00001f17) auipc   t5, 0x1
core   0: 3 0x80009582 (0x00001f17) x30 0x8000a582
core   0: 0x80009586 (0xa63f2f23) sw      gp, -1410(t5)
core   0: 3 0x80009586 (0xa63f2f23) mem 0x8000a000 0x00000001
core   0: 0x8000958a (0x0000bfe5) c.j     pc - 8
core   0: 3 0x8000958a (0xbfe5)
core   0: 0x80009582 (0x00001f17) auipc   t5, 0x1
core   0: 3 0x80009582 (0x00001f17) x30 0x8000a582
core   0: 0x80009586 (0xa63f2f23) sw      gp, -1410(t5)
core   0: 3 0x80009586 (0xa63f2f23) mem 0x8000a000 0x00000001
core   0: 0x8000958a (0x0000bfe5) c.j     pc - 8
core   0: 3 0x8000958a (0xbfe5)
core   0: 0x80009582 (0x00001f17) auipc   t5, 0x1
core   0: 3 0x80009582 (0x00001f17) x30 0x8000a582
core   0: 0x80009586 (0xa63f2f23) sw      gp, -1410(t5)
core   0: 3 0x80009586 (0xa63f2f23) mem 0x8000a000 0x00000001
core   0: 0x8000958a (0x0000bfe5) c.j     pc - 8
core   0: 3 0x8000958a (0xbfe5)
core   0: 0x80009582 (0x00001f17) auipc   t5, 0x1
core   0: 3 0x80009582 (0x00001f17) x30 0x8000a582
core   0: 0x80009586 (0xa63f2f23) sw      gp, -1410(t5)
core   0: 3 0x80009586 (0xa63f2f23) mem 0x8000a000 0x00000001
core   0: 0x8000958a (0x0000bfe5) c.j     pc - 8
core   0: 3 0x8000958a (0xbfe5)
core   0: 0x80009582 (0x00001f17) auipc   t5, 0x1
core   0: 3 0x80009582 (0x00001f17) x30 0x8000a582
core   0: 0x80009586 (0xa63f2f23) sw      gp, -1410(t5)
core   0: 3 0x80009586 (0xa63f2f23) mem 0x8000a000 0x00000001
core   0: 0x8000958a (0x0000bfe5) c.j     pc - 8
core   0: 3 0x8000958a (0xbfe5)
core   0: 0x80009582 (0x00001f17) auipc   t5, 0x1
core   0: 3 0x80009582 (0x00001f17) x30 0x8000a582
core   0: 0x80009586 (0xa63f2f23) sw      gp, -1410(t5)
core   0: 3 0x80009586 (0xa63f2f23) mem 0x8000a000 0x00000001
core   0: 0x8000958a (0x0000bfe5) c.j     pc - 8
core   0: 3 0x8000958a (0xbfe5)
core   0: 0x80009582 (0x00001f17) auipc   t5, 0x1
core   0: 3 0x80009582 (0x00001f17) x30 0x8000a582
core   0: 0x80009586 (0xa63f2f23) sw      gp, -1410(t5)
core   0: 3 0x80009586 (0xa63f2f23) mem 0x8000a000 0x00000001
core   0: 0x8000958a (0x0000bfe5) c.j     pc - 8
core   0: 3 0x8000958a (0xbfe5)
core   0: 0x80009582 (0x00001f17) auipc   t5, 0x1
core   0: 3 0x80009582 (0x00001f17) x30 0x8000a582
core   0: 0x80009586 (0xa63f2f23) sw      gp, -1410(t5)
core   0: 3 0x80009586 (0xa63f2f23) mem 0x8000a000 0x00000001
core   0: 0x8000958a (0x0000bfe5) c.j     pc - 8
core   0: 3 0x8000958a (0xbfe5)
core   0: 0x80009582 (0x00001f17) auipc   t5, 0x1
core   0: 3 0x80009582 (0x00001f17) x30 0x8000a582
core   0: 0x80009586 (0xa63f2f23) sw      gp, -1410(t5)
core   0: 3 0x80009586 (0xa63f2f23) mem 0x8000a000 0x00000001
core   0: 0x8000958a (0x0000bfe5) c.j     pc - 8
core   0: 3 0x8000958a (0xbfe5)
core   0: 0x80009582 (0x00001f17) auipc   t5, 0x1
core   0: 3 0x80009582 (0x00001f17) x30 0x8000a582
core   0: 0x80009586 (0xa63f2f23) sw      gp, -1410(t5)
core   0: 3 0x80009586 (0xa63f2f23) mem 0x8000a000 0x00000001
core   0: 0x8000958a (0x0000bfe5) c.j     pc - 8
core   0: 3 0x8000958a (0xbfe5)
core   0: 0x80009582 (0x00001f17) auipc   t5, 0x1
core   0: 3 0x80009582 (0x00001f17) x30 0x8000a582
core   0: 0x80009586 (0xa63f2f23) sw      gp, -1410(t5)
core   0: 3 0x80009586 (0xa63f2f23) mem 0x8000a000 0x00000001
core   0: 0x8000958a (0x0000bfe5) c.j     pc - 8
core   0: 3 0x8000958a (0xbfe5)
core   0: 0x80009582 (0x00001f17) auipc   t5, 0x1
core   0: 3 0x80009582 (0x00001f17) x30 0x8000a582
core   0: 0x80009586 (0xa63f2f23) sw      gp, -1410(t5)
core   0: 3 0x80009586 (0xa63f2f23) mem 0x8000a000 0x00000001
core   0: 0x8000958a (0x0000bfe5) c.j     pc - 8
core   0: 3 0x8000958a (0xbfe5)
core   0: 0x80009582 (0x00001f17) auipc   t5, 0x1
core   0: 3 0x80009582 (0x00001f17) x30 0x8000a582
core   0: 0x80009586 (0xa63f2f23) sw      gp, -1410(t5)
core   0: 3 0x80009586 (0xa63f2f23) mem 0x8000a000 0x00000001
core   0: 0x8000958a (0x0000bfe5) c.j     pc - 8
core   0: 3 0x8000958a (0xbfe5)
core   0: 0x80009582 (0x00001f17) auipc   t5, 0x1
core   0: 3 0x80009582 (0x00001f17) x30 0x8000a582
core   0: 0x80009586 (0xa63f2f23) sw      gp, -1410(t5)
core   0: 3 0x80009586 (0xa63f2f23) mem 0x8000a000 0x00000001
core   0: 0x8000958a (0x0000bfe5) c.j     pc - 8
core   0: 3 0x8000958a (0xbfe5)
core   0: 0x80009582 (0x00001f17) auipc   t5, 0x1
core   0: 3 0x80009582 (0x00001f17) x30 0x8000a582
core   0: 0x80009586 (0xa63f2f23) sw      gp, -1410(t5)
core   0: 3 0x80009586 (0xa63f2f23) mem 0x8000a000 0x00000001
core   0: 0x8000958a (0x0000bfe5) c.j     pc - 8
core   0: 3 0x8000958a (0xbfe5)
core   0: 0x80009582 (0x00001f17) auipc   t5, 0x1
core   0: 3 0x80009582 (0x00001f17) x30 0x8000a582
core   0: 0x80009586 (0xa63f2f23) sw      gp, -1410(t5)
core   0: 3 0x80009586 (0xa63f2f23) mem 0x8000a000 0x00000001
core   0: 0x8000958a (0x0000bfe5) c.j     pc - 8
core   0: 3 0x8000958a (0xbfe5)
core   0: 0x80009582 (0x00001f17) auipc   t5, 0x1
core   0: 3 0x80009582 (0x00001f17) x30 0x8000a582
core   0: 0x80009586 (0xa63f2f23) sw      gp, -1410(t5)
core   0: 3 0x80009586 (0xa63f2f23) mem 0x8000a000 0x00000001
core   0: 0x8000958a (0x0000bfe5) c.j     pc - 8
core   0: 3 0x8000958a (0xbfe5)
core   0: 0x80009582 (0x00001f17) auipc   t5, 0x1
core   0: 3 0x80009582 (0x00001f17) x30 0x8000a582
core   0: 0x80009586 (0xa63f2f23) sw      gp, -1410(t5)
core   0: 3 0x80009586 (0xa63f2f23) mem 0x8000a000 0x00000001
core   0: 0x8000958a (0x0000bfe5) c.j     pc - 8
core   0: 3 0x8000958a (0xbfe5)
core   0: 0x80009582 (0x00001f17) auipc   t5, 0x1
core   0: 3 0x80009582 (0x00001f17) x30 0x8000a582
core   0: 0x80009586 (0xa63f2f23) sw      gp, -1410(t5)
core   0: 3 0x80009586 (0xa63f2f23) mem 0x8000a000 0x00000001
core   0: 0x8000958a (0x0000bfe5) c.j     pc - 8
core   0: 3 0x8000958a (0xbfe5)
core   0: 0x80009582 (0x00001f17) auipc   t5, 0x1
core   0: 3 0x80009582 (0x00001f17) x30 0x8000a582
core   0: 0x80009586 (0xa63f2f23) sw      gp, -1410(t5)
core   0: 3 0x80009586 (0xa63f2f23) mem 0x8000a000 0x00000001
core   0: 0x8000958a (0x0000bfe5) c.j     pc - 8
core   0: 3 0x8000958a (0xbfe5)
core   0: 0x80009582 (0x00001f17) auipc   t5, 0x1
core   0: 3 0x80009582 (0x00001f17) x30 0x8000a582
core   0: 0x80009586 (0xa63f2f23) sw      gp, -1410(t5)
core   0: 3 0x80009586 (0xa63f2f23) mem 0x8000a000 0x00000001
core   0: 0x8000958a (0x0000bfe5) c.j     pc - 8
core   0: 3 0x8000958a (0xbfe5)
core   0: 0x80009582 (0x00001f17) auipc   t5, 0x1
core   0: 3 0x80009582 (0x00001f17) x30 0x8000a582
core   0: 0x80009586 (0xa63f2f23) sw      gp, -1410(t5)
core   0: 3 0x80009586 (0xa63f2f23) mem 0x8000a000 0x00000001
core   0: 0x8000958a (0x0000bfe5) c.j     pc - 8
core   0: 3 0x8000958a (0xbfe5)
core   0: 0x80009582 (0x00001f17) auipc   t5, 0x1
core   0: 3 0x80009582 (0x00001f17) x30 0x8000a582
core   0: 0x80009586 (0xa63f2f23) sw      gp, -1410(t5)
core   0: 3 0x80009586 (0xa63f2f23) mem 0x8000a000 0x00000001
core   0: 0x8000958a (0x0000bfe5) c.j     pc - 8
core   0: 3 0x8000958a (0xbfe5)
core   0: 0x80009582 (0x00001f17) auipc   t5, 0x1
core   0: 3 0x80009582 (0x00001f17) x30 0x8000a582
core   0: 0x80009586 (0xa63f2f23) sw      gp, -1410(t5)
core   0: 3 0x80009586 (0xa63f2f23) mem 0x8000a000 0x00000001
core   0: 0x8000958a (0x0000bfe5) c.j     pc - 8
core   0: 3 0x8000958a (0xbfe5)
core   0: 0x80009582 (0x00001f17) auipc   t5, 0x1
core   0: 3 0x80009582 (0x00001f17) x30 0x8000a582
core   0: 0x80009586 (0xa63f2f23) sw      gp, -1410(t5)
core   0: 3 0x80009586 (0xa63f2f23) mem 0x8000a000 0x00000001
core   0: 0x8000958a (0x0000bfe5) c.j     pc - 8
core   0: 3 0x8000958a (0xbfe5)
core   0: 0x80009582 (0x00001f17) auipc   t5, 0x1
core   0: 3 0x80009582 (0x00001f17) x30 0x8000a582
core   0: 0x80009586 (0xa63f2f23) sw      gp, -1410(t5)
core   0: 3 0x80009586 (0xa63f2f23) mem 0x8000a000 0x00000001
core   0: 0x8000958a (0x0000bfe5) c.j     pc - 8
core   0: 3 0x8000958a (0xbfe5)
core   0: 0x80009582 (0x00001f17) auipc   t5, 0x1
core   0: 3 0x80009582 (0x00001f17) x30 0x8000a582
core   0: 0x80009586 (0xa63f2f23) sw      gp, -1410(t5)
core   0: 3 0x80009586 (0xa63f2f23) mem 0x8000a000 0x00000001
core   0: 0x8000958a (0x0000bfe5) c.j     pc - 8
core   0: 3 0x8000958a (0xbfe5)
core   0: 0x80009582 (0x00001f17) auipc   t5, 0x1
core   0: 3 0x80009582 (0x00001f17) x30 0x8000a582
core   0: 0x80009586 (0xa63f2f23) sw      gp, -1410(t5)
core   0: 3 0x80009586 (0xa63f2f23) mem 0x8000a000 0x00000001
core   0: 0x8000958a (0x0000bfe5) c.j     pc - 8
core   0: 3 0x8000958a (0xbfe5)
core   0: 0x80009582 (0x00001f17) auipc   t5, 0x1
core   0: 3 0x80009582 (0x00001f17) x30 0x8000a582
core   0: 0x80009586 (0xa63f2f23) sw      gp, -1410(t5)
core   0: 3 0x80009586 (0xa63f2f23) mem 0x8000a000 0x00000001
core   0: 0x8000958a (0x0000bfe5) c.j     pc - 8
core   0: 3 0x8000958a (0xbfe5)
core   0: 0x80009582 (0x00001f17) auipc   t5, 0x1
core   0: 3 0x80009582 (0x00001f17) x30 0x8000a582
core   0: 0x80009586 (0xa63f2f23) sw      gp, -1410(t5)
core   0: 3 0x80009586 (0xa63f2f23) mem 0x8000a000 0x00000001
core   0: 0x8000958a (0x0000bfe5) c.j     pc - 8
core   0: 3 0x8000958a (0xbfe5)
core   0: 0x80009582 (0x00001f17) auipc   t5, 0x1
core   0: 3 0x80009582 (0x00001f17) x30 0x8000a582
core   0: 0x80009586 (0xa63f2f23) sw      gp, -1410(t5)
core   0: 3 0x80009586 (0xa63f2f23) mem 0x8000a000 0x00000001
core   0: 0x8000958a (0x0000bfe5) c.j     pc - 8
core   0: 3 0x8000958a (0xbfe5)
core   0: 0x80009582 (0x00001f17) auipc   t5, 0x1
core   0: 3 0x80009582 (0x00001f17) x30 0x8000a582
core   0: 0x80009586 (0xa63f2f23) sw      gp, -1410(t5)
core   0: 3 0x80009586 (0xa63f2f23) mem 0x8000a000 0x00000001
core   0: 0x8000958a (0x0000bfe5) c.j     pc - 8
core   0: 3 0x8000958a (0xbfe5)
core   0: 0x80009582 (0x00001f17) auipc   t5, 0x1
core   0: 3 0x80009582 (0x00001f17) x30 0x8000a582
core   0: 0x80009586 (0xa63f2f23) sw      gp, -1410(t5)
core   0: 3 0x80009586 (0xa63f2f23) mem 0x8000a000 0x00000001
core   0: 0x8000958a (0x0000bfe5) c.j     pc - 8
core   0: 3 0x8000958a (0xbfe5)
core   0: 0x80009582 (0x00001f17) auipc   t5, 0x1
core   0: 3 0x80009582 (0x00001f17) x30 0x8000a582
core   0: 0x80009586 (0xa63f2f23) sw      gp, -1410(t5)
core   0: 3 0x80009586 (0xa63f2f23) mem 0x8000a000 0x00000001
core   0: 0x8000958a (0x0000bfe5) c.j     pc - 8
core   0: 3 0x8000958a (0xbfe5)
core   0: 0x80009582 (0x00001f17) auipc   t5, 0x1
core   0: 3 0x80009582 (0x00001f17) x30 0x8000a582
core   0: 0x80009586 (0xa63f2f23) sw      gp, -1410(t5)
core   0: 3 0x80009586 (0xa63f2f23) mem 0x8000a000 0x00000001
core   0: 0x8000958a (0x0000bfe5) c.j     pc - 8
core   0: 3 0x8000958a (0xbfe5)
core   0: 0x80009582 (0x00001f17) auipc   t5, 0x1
core   0: 3 0x80009582 (0x00001f17) x30 0x8000a582
core   0: 0x80009586 (0xa63f2f23) sw      gp, -1410(t5)
core   0: 3 0x80009586 (0xa63f2f23) mem 0x8000a000 0x00000001
core   0: 0x8000958a (0x0000bfe5) c.j     pc - 8
core   0: 3 0x8000958a (0xbfe5)
core   0: 0x80009582 (0x00001f17) auipc   t5, 0x1
core   0: 3 0x80009582 (0x00001f17) x30 0x8000a582
core   0: 0x80009586 (0xa63f2f23) sw      gp, -1410(t5)
core   0: 3 0x80009586 (0xa63f2f23) mem 0x8000a000 0x00000001
core   0: 0x8000958a (0x0000bfe5) c.j     pc - 8
core   0: 3 0x8000958a (0xbfe5)
core   0: 0x80009582 (0x00001f17) auipc   t5, 0x1
core   0: 3 0x80009582 (0x00001f17) x30 0x8000a582
core   0: 0x80009586 (0xa63f2f23) sw      gp, -1410(t5)
core   0: 3 0x80009586 (0xa63f2f23) mem 0x8000a000 0x00000001
core   0: 0x8000958a (0x0000bfe5) c.j     pc - 8
core   0: 3 0x8000958a (0xbfe5)
core   0: 0x80009582 (0x00001f17) auipc   t5, 0x1
core   0: 3 0x80009582 (0x00001f17) x30 0x8000a582
core   0: 0x80009586 (0xa63f2f23) sw      gp, -1410(t5)
core   0: 3 0x80009586 (0xa63f2f23) mem 0x8000a000 0x00000001
core   0: 0x8000958a (0x0000bfe5) c.j     pc - 8
core   0: 3 0x8000958a (0xbfe5)
core   0: 0x80009582 (0x00001f17) auipc   t5, 0x1
core   0: 3 0x80009582 (0x00001f17) x30 0x8000a582
core   0: 0x80009586 (0xa63f2f23) sw      gp, -1410(t5)
core   0: 3 0x80009586 (0xa63f2f23) mem 0x8000a000 0x00000001
core   0: 0x8000958a (0x0000bfe5) c.j     pc - 8
core   0: 3 0x8000958a (0xbfe5)
core   0: 0x80009582 (0x00001f17) auipc   t5, 0x1
core   0: 3 0x80009582 (0x00001f17) x30 0x8000a582
core   0: 0x80009586 (0xa63f2f23) sw      gp, -1410(t5)
core   0: 3 0x80009586 (0xa63f2f23) mem 0x8000a000 0x00000001
core   0: 0x8000958a (0x0000bfe5) c.j     pc - 8
core   0: 3 0x8000958a (0xbfe5)
core   0: 0x80009582 (0x00001f17) auipc   t5, 0x1
core   0: 3 0x80009582 (0x00001f17) x30 0x8000a582
core   0: 0x80009586 (0xa63f2f23) sw      gp, -1410(t5)
core   0: 3 0x80009586 (0xa63f2f23) mem 0x8000a000 0x00000001
core   0: 0x8000958a (0x0000bfe5) c.j     pc - 8
core   0: 3 0x8000958a (0xbfe5)
core   0: 0x80009582 (0x00001f17) auipc   t5, 0x1
core   0: 3 0x80009582 (0x00001f17) x30 0x8000a582
core   0: 0x80009586 (0xa63f2f23) sw      gp, -1410(t5)
core   0: 3 0x80009586 (0xa63f2f23) mem 0x8000a000 0x00000001
core   0: 0x8000958a (0x0000bfe5) c.j     pc - 8
core   0: 3 0x8000958a (0xbfe5)
core   0: 0x80009582 (0x00001f17) auipc   t5, 0x1
core   0: 3 0x80009582 (0x00001f17) x30 0x8000a582
core   0: 0x80009586 (0xa63f2f23) sw      gp, -1410(t5)
core   0: 3 0x80009586 (0xa63f2f23) mem 0x8000a000 0x00000001
core   0: 0x8000958a (0x0000bfe5) c.j     pc - 8
core   0: 3 0x8000958a (0xbfe5)
core   0: 0x80009582 (0x00001f17) auipc   t5, 0x1
core   0: 3 0x80009582 (0x00001f17) x30 0x8000a582
core   0: 0x80009586 (0xa63f2f23) sw      gp, -1410(t5)
core   0: 3 0x80009586 (0xa63f2f23) mem 0x8000a000 0x00000001
core   0: 0x8000958a (0x0000bfe5) c.j     pc - 8
core   0: 3 0x8000958a (0xbfe5)
core   0: 0x80009582 (0x00001f17) auipc   t5, 0x1
core   0: 3 0x80009582 (0x00001f17) x30 0x8000a582
core   0: 0x80009586 (0xa63f2f23) sw      gp, -1410(t5)
core   0: 3 0x80009586 (0xa63f2f23) mem 0x8000a000 0x00000001
core   0: 0x8000958a (0x0000bfe5) c.j     pc - 8
core   0: 3 0x8000958a (0xbfe5)
core   0: 0x80009582 (0x00001f17) auipc   t5, 0x1
core   0: 3 0x80009582 (0x00001f17) x30 0x8000a582
core   0: 0x80009586 (0xa63f2f23) sw      gp, -1410(t5)
core   0: 3 0x80009586 (0xa63f2f23) mem 0x8000a000 0x00000001
core   0: 0x8000958a (0x0000bfe5) c.j     pc - 8
core   0: 3 0x8000958a (0xbfe5)
core   0: 0x80009582 (0x00001f17) auipc   t5, 0x1
core   0: 3 0x80009582 (0x00001f17) x30 0x8000a582
core   0: 0x80009586 (0xa63f2f23) sw      gp, -1410(t5)
core   0: 3 0x80009586 (0xa63f2f23) mem 0x8000a000 0x00000001
core   0: 0x8000958a (0x0000bfe5) c.j     pc - 8
core   0: 3 0x8000958a (0xbfe5)
core   0: 0x80009582 (0x00001f17) auipc   t5, 0x1
core   0: 3 0x80009582 (0x00001f17) x30 0x8000a582
core   0: 0x80009586 (0xa63f2f23) sw      gp, -1410(t5)
core   0: 3 0x80009586 (0xa63f2f23) mem 0x8000a000 0x00000001
core   0: 0x8000958a (0x0000bfe5) c.j     pc - 8
core   0: 3 0x8000958a (0xbfe5)
core   0: 0x80009582 (0x00001f17) auipc   t5, 0x1
core   0: 3 0x80009582 (0x00001f17) x30 0x8000a582
core   0: 0x80009586 (0xa63f2f23) sw      gp, -1410(t5)
core   0: 3 0x80009586 (0xa63f2f23) mem 0x8000a000 0x00000001
core   0: 0x8000958a (0x0000bfe5) c.j     pc - 8
core   0: 3 0x8000958a (0xbfe5)
core   0: 0x80009582 (0x00001f17) auipc   t5, 0x1
core   0: 3 0x80009582 (0x00001f17) x30 0x8000a582
core   0: 0x80009586 (0xa63f2f23) sw      gp, -1410(t5)
core   0: 3 0x80009586 (0xa63f2f23) mem 0x8000a000 0x00000001
core   0: 0x8000958a (0x0000bfe5) c.j     pc - 8
core   0: 3 0x8000958a (0xbfe5)
core   0: 0x80009582 (0x00001f17) auipc   t5, 0x1
core   0: 3 0x80009582 (0x00001f17) x30 0x8000a582
core   0: 0x80009586 (0xa63f2f23) sw      gp, -1410(t5)
core   0: 3 0x80009586 (0xa63f2f23) mem 0x8000a000 0x00000001
core   0: 0x8000958a (0x0000bfe5) c.j     pc - 8
core   0: 3 0x8000958a (0xbfe5)
core   0: 0x80009582 (0x00001f17) auipc   t5, 0x1
core   0: 3 0x80009582 (0x00001f17) x30 0x8000a582
core   0: 0x80009586 (0xa63f2f23) sw      gp, -1410(t5)
core   0: 3 0x80009586 (0xa63f2f23) mem 0x8000a000 0x00000001
core   0: 0x8000958a (0x0000bfe5) c.j     pc - 8
core   0: 3 0x8000958a (0xbfe5)
core   0: 0x80009582 (0x00001f17) auipc   t5, 0x1
core   0: 3 0x80009582 (0x00001f17) x30 0x8000a582
core   0: 0x80009586 (0xa63f2f23) sw      gp, -1410(t5)
core   0: 3 0x80009586 (0xa63f2f23) mem 0x8000a000 0x00000001
core   0: 0x8000958a (0x0000bfe5) c.j     pc - 8
core   0: 3 0x8000958a (0xbfe5)
core   0: 0x80009582 (0x00001f17) auipc   t5, 0x1
core   0: 3 0x80009582 (0x00001f17) x30 0x8000a582
core   0: 0x80009586 (0xa63f2f23) sw      gp, -1410(t5)
core   0: 3 0x80009586 (0xa63f2f23) mem 0x8000a000 0x00000001
core   0: 0x8000958a (0x0000bfe5) c.j     pc - 8
core   0: 3 0x8000958a (0xbfe5)
core   0: 0x80009582 (0x00001f17) auipc   t5, 0x1
core   0: 3 0x80009582 (0x00001f17) x30 0x8000a582
core   0: 0x80009586 (0xa63f2f23) sw      gp, -1410(t5)
core   0: 3 0x80009586 (0xa63f2f23) mem 0x8000a000 0x00000001
core   0: 0x8000958a (0x0000bfe5) c.j     pc - 8
core   0: 3 0x8000958a (0xbfe5)
core   0: 0x80009582 (0x00001f17) auipc   t5, 0x1
core   0: 3 0x80009582 (0x00001f17) x30 0x8000a582
core   0: 0x80009586 (0xa63f2f23) sw      gp, -1410(t5)
core   0: 3 0x80009586 (0xa63f2f23) mem 0x8000a000 0x00000001
core   0: 0x8000958a (0x0000bfe5) c.j     pc - 8
core   0: 3 0x8000958a (0xbfe5)
core   0: 0x80009582 (0x00001f17) auipc   t5, 0x1
core   0: 3 0x80009582 (0x00001f17) x30 0x8000a582
core   0: 0x80009586 (0xa63f2f23) sw      gp, -1410(t5)
core   0: 3 0x80009586 (0xa63f2f23) mem 0x8000a000 0x00000001
core   0: 0x8000958a (0x0000bfe5) c.j     pc - 8
core   0: 3 0x8000958a (0xbfe5)
core   0: 0x80009582 (0x00001f17) auipc   t5, 0x1
core   0: 3 0x80009582 (0x00001f17) x30 0x8000a582
core   0: 0x80009586 (0xa63f2f23) sw      gp, -1410(t5)
core   0: 3 0x80009586 (0xa63f2f23) mem 0x8000a000 0x00000001
core   0: 0x8000958a (0x0000bfe5) c.j     pc - 8
core   0: 3 0x8000958a (0xbfe5)
core   0: 0x80009582 (0x00001f17) auipc   t5, 0x1
core   0: 3 0x80009582 (0x00001f17) x30 0x8000a582
core   0: 0x80009586 (0xa63f2f23) sw      gp, -1410(t5)
core   0: 3 0x80009586 (0xa63f2f23) mem 0x8000a000 0x00000001
core   0: 0x8000958a (0x0000bfe5) c.j     pc - 8
core   0: 3 0x8000958a (0xbfe5)
core   0: 0x80009582 (0x00001f17) auipc   t5, 0x1
core   0: 3 0x80009582 (0x00001f17) x30 0x8000a582
core   0: 0x80009586 (0xa63f2f23) sw      gp, -1410(t5)
core   0: 3 0x80009586 (0xa63f2f23) mem 0x8000a000 0x00000001
core   0: 0x8000958a (0x0000bfe5) c.j     pc - 8
core   0: 3 0x8000958a (0xbfe5)
core   0: 0x80009582 (0x00001f17) auipc   t5, 0x1
core   0: 3 0x80009582 (0x00001f17) x30 0x8000a582
core   0: 0x80009586 (0xa63f2f23) sw      gp, -1410(t5)
core   0: 3 0x80009586 (0xa63f2f23) mem 0x8000a000 0x00000001
core   0: 0x8000958a (0x0000bfe5) c.j     pc - 8
core   0: 3 0x8000958a (0xbfe5)
core   0: 0x80009582 (0x00001f17) auipc   t5, 0x1
core   0: 3 0x80009582 (0x00001f17) x30 0x8000a582
core   0: 0x80009586 (0xa63f2f23) sw      gp, -1410(t5)
core   0: 3 0x80009586 (0xa63f2f23) mem 0x8000a000 0x00000001
core   0: 0x8000958a (0x0000bfe5) c.j     pc - 8
core   0: 3 0x8000958a (0xbfe5)
core   0: 0x80009582 (0x00001f17) auipc   t5, 0x1
core   0: 3 0x80009582 (0x00001f17) x30 0x8000a582
core   0: 0x80009586 (0xa63f2f23) sw      gp, -1410(t5)
core   0: 3 0x80009586 (0xa63f2f23) mem 0x8000a000 0x00000001
core   0: 0x8000958a (0x0000bfe5) c.j     pc - 8
core   0: 3 0x8000958a (0xbfe5)
core   0: 0x80009582 (0x00001f17) auipc   t5, 0x1
core   0: 3 0x80009582 (0x00001f17) x30 0x8000a582
core   0: 0x80009586 (0xa63f2f23) sw      gp, -1410(t5)
core   0: 3 0x80009586 (0xa63f2f23) mem 0x8000a000 0x00000001
core   0: 0x8000958a (0x0000bfe5) c.j     pc - 8
core   0: 3 0x8000958a (0xbfe5)
core   0: 0x80009582 (0x00001f17) auipc   t5, 0x1
core   0: 3 0x80009582 (0x00001f17) x30 0x8000a582
core   0: 0x80009586 (0xa63f2f23) sw      gp, -1410(t5)
core   0: 3 0x80009586 (0xa63f2f23) mem 0x8000a000 0x00000001
core   0: 0x8000958a (0x0000bfe5) c.j     pc - 8
core   0: 3 0x8000958a (0xbfe5)
core   0: 0x80009582 (0x00001f17) auipc   t5, 0x1
core   0: 3 0x80009582 (0x00001f17) x30 0x8000a582
core   0: 0x80009586 (0xa63f2f23) sw      gp, -1410(t5)
core   0: 3 0x80009586 (0xa63f2f23) mem 0x8000a000 0x00000001
core   0: 0x8000958a (0x0000bfe5) c.j     pc - 8
core   0: 3 0x8000958a (0xbfe5)
core   0: 0x80009582 (0x00001f17) auipc   t5, 0x1
core   0: 3 0x80009582 (0x00001f17) x30 0x8000a582
core   0: 0x80009586 (0xa63f2f23) sw      gp, -1410(t5)
core   0: 3 0x80009586 (0xa63f2f23) mem 0x8000a000 0x00000001
core   0: 0x8000958a (0x0000bfe5) c.j     pc - 8
core   0: 3 0x8000958a (0xbfe5)
core   0: 0x80009582 (0x00001f17) auipc   t5, 0x1
core   0: 3 0x80009582 (0x00001f17) x30 0x8000a582
core   0: 0x80009586 (0xa63f2f23) sw      gp, -1410(t5)
core   0: 3 0x80009586 (0xa63f2f23) mem 0x8000a000 0x00000001
core   0: 0x8000958a (0x0000bfe5) c.j     pc - 8
core   0: 3 0x8000958a (0xbfe5)
core   0: 0x80009582 (0x00001f17) auipc   t5, 0x1
core   0: 3 0x80009582 (0x00001f17) x30 0x8000a582
core   0: 0x80009586 (0xa63f2f23) sw      gp, -1410(t5)
core   0: 3 0x80009586 (0xa63f2f23) mem 0x8000a000 0x00000001
core   0: 0x8000958a (0x0000bfe5) c.j     pc - 8
core   0: 3 0x8000958a (0xbfe5)
core   0: 0x80009582 (0x00001f17) auipc   t5, 0x1
core   0: 3 0x80009582 (0x00001f17) x30 0x8000a582
core   0: 0x80009586 (0xa63f2f23) sw      gp, -1410(t5)
core   0: 3 0x80009586 (0xa63f2f23) mem 0x8000a000 0x00000001
core   0: 0x8000958a (0x0000bfe5) c.j     pc - 8
core   0: 3 0x8000958a (0xbfe5)
core   0: 0x80009582 (0x00001f17) auipc   t5, 0x1
core   0: 3 0x80009582 (0x00001f17) x30 0x8000a582
core   0: 0x80009586 (0xa63f2f23) sw      gp, -1410(t5)
core   0: 3 0x80009586 (0xa63f2f23) mem 0x8000a000 0x00000001
core   0: 0x8000958a (0x0000bfe5) c.j     pc - 8
core   0: 3 0x8000958a (0xbfe5)
core   0: 0x80009582 (0x00001f17) auipc   t5, 0x1
core   0: 3 0x80009582 (0x00001f17) x30 0x8000a582
core   0: 0x80009586 (0xa63f2f23) sw      gp, -1410(t5)
core   0: 3 0x80009586 (0xa63f2f23) mem 0x8000a000 0x00000001
core   0: 0x8000958a (0x0000bfe5) c.j     pc - 8
core   0: 3 0x8000958a (0xbfe5)
core   0: 0x80009582 (0x00001f17) auipc   t5, 0x1
core   0: 3 0x80009582 (0x00001f17) x30 0x8000a582
core   0: 0x80009586 (0xa63f2f23) sw      gp, -1410(t5)
core   0: 3 0x80009586 (0xa63f2f23) mem 0x8000a000 0x00000001
core   0: 0x8000958a (0x0000bfe5) c.j     pc - 8
core   0: 3 0x8000958a (0xbfe5)
core   0: 0x80009582 (0x00001f17) auipc   t5, 0x1
core   0: 3 0x80009582 (0x00001f17) x30 0x8000a582
core   0: 0x80009586 (0xa63f2f23) sw      gp, -1410(t5)
core   0: 3 0x80009586 (0xa63f2f23) mem 0x8000a000 0x00000001
core   0: 0x8000958a (0x0000bfe5) c.j     pc - 8
core   0: 3 0x8000958a (0xbfe5)
core   0: 0x80009582 (0x00001f17) auipc   t5, 0x1
core   0: 3 0x80009582 (0x00001f17) x30 0x8000a582
core   0: 0x80009586 (0xa63f2f23) sw      gp, -1410(t5)
core   0: 3 0x80009586 (0xa63f2f23) mem 0x8000a000 0x00000001
core   0: 0x8000958a (0x0000bfe5) c.j     pc - 8
core   0: 3 0x8000958a (0xbfe5)
core   0: 0x80009582 (0x00001f17) auipc   t5, 0x1
core   0: 3 0x80009582 (0x00001f17) x30 0x8000a582
core   0: 0x80009586 (0xa63f2f23) sw      gp, -1410(t5)
core   0: 3 0x80009586 (0xa63f2f23) mem 0x8000a000 0x00000001
core   0: 0x8000958a (0x0000bfe5) c.j     pc - 8
core   0: 3 0x8000958a (0xbfe5)
core   0: 0x80009582 (0x00001f17) auipc   t5, 0x1
core   0: 3 0x80009582 (0x00001f17) x30 0x8000a582
core   0: 0x80009586 (0xa63f2f23) sw      gp, -1410(t5)
core   0: 3 0x80009586 (0xa63f2f23) mem 0x8000a000 0x00000001
core   0: 0x8000958a (0x0000bfe5) c.j     pc - 8
core   0: 3 0x8000958a (0xbfe5)
core   0: 0x80009582 (0x00001f17) auipc   t5, 0x1
core   0: 3 0x80009582 (0x00001f17) x30 0x8000a582
core   0: 0x80009586 (0xa63f2f23) sw      gp, -1410(t5)
core   0: 3 0x80009586 (0xa63f2f23) mem 0x8000a000 0x00000001
core   0: 0x8000958a (0x0000bfe5) c.j     pc - 8
core   0: 3 0x8000958a (0xbfe5)
core   0: 0x80009582 (0x00001f17) auipc   t5, 0x1
core   0: 3 0x80009582 (0x00001f17) x30 0x8000a582
core   0: 0x80009586 (0xa63f2f23) sw      gp, -1410(t5)
core   0: 3 0x80009586 (0xa63f2f23) mem 0x8000a000 0x00000001
core   0: 0x8000958a (0x0000bfe5) c.j     pc - 8
core   0: 3 0x8000958a (0xbfe5)
core   0: 0x80009582 (0x00001f17) auipc   t5, 0x1
core   0: 3 0x80009582 (0x00001f17) x30 0x8000a582
core   0: 0x80009586 (0xa63f2f23) sw      gp, -1410(t5)
core   0: 3 0x80009586 (0xa63f2f23) mem 0x8000a000 0x00000001
core   0: 0x8000958a (0x0000bfe5) c.j     pc - 8
core   0: 3 0x8000958a (0xbfe5)
core   0: 0x80009582 (0x00001f17) auipc   t5, 0x1
core   0: 3 0x80009582 (0x00001f17) x30 0x8000a582
core   0: 0x80009586 (0xa63f2f23) sw      gp, -1410(t5)
core   0: 3 0x80009586 (0xa63f2f23) mem 0x8000a000 0x00000001
core   0: 0x8000958a (0x0000bfe5) c.j     pc - 8
core   0: 3 0x8000958a (0xbfe5)
core   0: 0x80009582 (0x00001f17) auipc   t5, 0x1
core   0: 3 0x80009582 (0x00001f17) x30 0x8000a582
core   0: 0x80009586 (0xa63f2f23) sw      gp, -1410(t5)
core   0: 3 0x80009586 (0xa63f2f23) mem 0x8000a000 0x00000001
core   0: 0x8000958a (0x0000bfe5) c.j     pc - 8
core   0: 3 0x8000958a (0xbfe5)
core   0: 0x80009582 (0x00001f17) auipc   t5, 0x1
core   0: 3 0x80009582 (0x00001f17) x30 0x8000a582
core   0: 0x80009586 (0xa63f2f23) sw      gp, -1410(t5)
core   0: 3 0x80009586 (0xa63f2f23) mem 0x8000a000 0x00000001
core   0: 0x8000958a (0x0000bfe5) c.j     pc - 8
core   0: 3 0x8000958a (0xbfe5)
core   0: 0x80009582 (0x00001f17) auipc   t5, 0x1
core   0: 3 0x80009582 (0x00001f17) x30 0x8000a582
core   0: 0x80009586 (0xa63f2f23) sw      gp, -1410(t5)
core   0: 3 0x80009586 (0xa63f2f23) mem 0x8000a000 0x00000001
core   0: 0x8000958a (0x0000bfe5) c.j     pc - 8
core   0: 3 0x8000958a (0xbfe5)
core   0: 0x80009582 (0x00001f17) auipc   t5, 0x1
core   0: 3 0x80009582 (0x00001f17) x30 0x8000a582
core   0: 0x80009586 (0xa63f2f23) sw      gp, -1410(t5)
core   0: 3 0x80009586 (0xa63f2f23) mem 0x8000a000 0x00000001
core   0: 0x8000958a (0x0000bfe5) c.j     pc - 8
core   0: 3 0x8000958a (0xbfe5)
core   0: 0x80009582 (0x00001f17) auipc   t5, 0x1
core   0: 3 0x80009582 (0x00001f17) x30 0x8000a582
core   0: 0x80009586 (0xa63f2f23) sw      gp, -1410(t5)
core   0: 3 0x80009586 (0xa63f2f23) mem 0x8000a000 0x00000001
core   0: 0x8000958a (0x0000bfe5) c.j     pc - 8
core   0: 3 0x8000958a (0xbfe5)
core   0: 0x80009582 (0x00001f17) auipc   t5, 0x1
core   0: 3 0x80009582 (0x00001f17) x30 0x8000a582
core   0: 0x80009586 (0xa63f2f23) sw      gp, -1410(t5)
core   0: 3 0x80009586 (0xa63f2f23) mem 0x8000a000 0x00000001
core   0: 0x8000958a (0x0000bfe5) c.j     pc - 8
core   0: 3 0x8000958a (0xbfe5)
core   0: 0x80009582 (0x00001f17) auipc   t5, 0x1
core   0: 3 0x80009582 (0x00001f17) x30 0x8000a582
core   0: 0x80009586 (0xa63f2f23) sw      gp, -1410(t5)
core   0: 3 0x80009586 (0xa63f2f23) mem 0x8000a000 0x00000001
core   0: 0x8000958a (0x0000bfe5) c.j     pc - 8
core   0: 3 0x8000958a (0xbfe5)
core   0: 0x80009582 (0x00001f17) auipc   t5, 0x1
core   0: 3 0x80009582 (0x00001f17) x30 0x8000a582
core   0: 0x80009586 (0xa63f2f23) sw      gp, -1410(t5)
core   0: 3 0x80009586 (0xa63f2f23) mem 0x8000a000 0x00000001
core   0: 0x8000958a (0x0000bfe5) c.j     pc - 8
core   0: 3 0x8000958a (0xbfe5)
core   0: 0x80009582 (0x00001f17) auipc   t5, 0x1
core   0: 3 0x80009582 (0x00001f17) x30 0x8000a582
core   0: 0x80009586 (0xa63f2f23) sw      gp, -1410(t5)
core   0: 3 0x80009586 (0xa63f2f23) mem 0x8000a000 0x00000001
core   0: 0x8000958a (0x0000bfe5) c.j     pc - 8
core   0: 3 0x8000958a (0xbfe5)
core   0: 0x80009582 (0x00001f17) auipc   t5, 0x1
core   0: 3 0x80009582 (0x00001f17) x30 0x8000a582
core   0: 0x80009586 (0xa63f2f23) sw      gp, -1410(t5)
core   0: 3 0x80009586 (0xa63f2f23) mem 0x8000a000 0x00000001
core   0: 0x8000958a (0x0000bfe5) c.j     pc - 8
core   0: 3 0x8000958a (0xbfe5)
core   0: 0x80009582 (0x00001f17) auipc   t5, 0x1
core   0: 3 0x80009582 (0x00001f17) x30 0x8000a582
core   0: 0x80009586 (0xa63f2f23) sw      gp, -1410(t5)
core   0: 3 0x80009586 (0xa63f2f23) mem 0x8000a000 0x00000001
core   0: 0x8000958a (0x0000bfe5) c.j     pc - 8
core   0: 3 0x8000958a (0xbfe5)
core   0: 0x80009582 (0x00001f17) auipc   t5, 0x1
core   0: 3 0x80009582 (0x00001f17) x30 0x8000a582
core   0: 0x80009586 (0xa63f2f23) sw      gp, -1410(t5)
core   0: 3 0x80009586 (0xa63f2f23) mem 0x8000a000 0x00000001
core   0: 0x8000958a (0x0000bfe5) c.j     pc - 8
core   0: 3 0x8000958a (0xbfe5)
core   0: 0x80009582 (0x00001f17) auipc   t5, 0x1
core   0: 3 0x80009582 (0x00001f17) x30 0x8000a582
core   0: 0x80009586 (0xa63f2f23) sw      gp, -1410(t5)
core   0: 3 0x80009586 (0xa63f2f23) mem 0x8000a000 0x00000001
core   0: 0x8000958a (0x0000bfe5) c.j     pc - 8
core   0: 3 0x8000958a (0xbfe5)
core   0: 0x80009582 (0x00001f17) auipc   t5, 0x1
core   0: 3 0x80009582 (0x00001f17) x30 0x8000a582
core   0: 0x80009586 (0xa63f2f23) sw      gp, -1410(t5)
core   0: 3 0x80009586 (0xa63f2f23) mem 0x8000a000 0x00000001
core   0: 0x8000958a (0x0000bfe5) c.j     pc - 8
core   0: 3 0x8000958a (0xbfe5)
core   0: 0x80009582 (0x00001f17) auipc   t5, 0x1
core   0: 3 0x80009582 (0x00001f17) x30 0x8000a582
core   0: 0x80009586 (0xa63f2f23) sw      gp, -1410(t5)
core   0: 3 0x80009586 (0xa63f2f23) mem 0x8000a000 0x00000001
core   0: 0x8000958a (0x0000bfe5) c.j     pc - 8
core   0: 3 0x8000958a (0xbfe5)
core   0: 0x80009582 (0x00001f17) auipc   t5, 0x1
core   0: 3 0x80009582 (0x00001f17) x30 0x8000a582
core   0: 0x80009586 (0xa63f2f23) sw      gp, -1410(t5)
core   0: 3 0x80009586 (0xa63f2f23) mem 0x8000a000 0x00000001
core   0: 0x8000958a (0x0000bfe5) c.j     pc - 8
core   0: 3 0x8000958a (0xbfe5)
core   0: 0x80009582 (0x00001f17) auipc   t5, 0x1
core   0: 3 0x80009582 (0x00001f17) x30 0x8000a582
core   0: 0x80009586 (0xa63f2f23) sw      gp, -1410(t5)
core   0: 3 0x80009586 (0xa63f2f23) mem 0x8000a000 0x00000001
core   0: 0x8000958a (0x0000bfe5) c.j     pc - 8
core   0: 3 0x8000958a (0xbfe5)
core   0: 0x80009582 (0x00001f17) auipc   t5, 0x1
core   0: 3 0x80009582 (0x00001f17) x30 0x8000a582
core   0: 0x80009586 (0xa63f2f23) sw      gp, -1410(t5)
core   0: 3 0x80009586 (0xa63f2f23) mem 0x8000a000 0x00000001
core   0: 0x8000958a (0x0000bfe5) c.j     pc - 8
core   0: 3 0x8000958a (0xbfe5)
core   0: 0x80009582 (0x00001f17) auipc   t5, 0x1
core   0: 3 0x80009582 (0x00001f17) x30 0x8000a582
core   0: 0x80009586 (0xa63f2f23) sw      gp, -1410(t5)
core   0: 3 0x80009586 (0xa63f2f23) mem 0x8000a000 0x00000001
core   0: 0x8000958a (0x0000bfe5) c.j     pc - 8
core   0: 3 0x8000958a (0xbfe5)
core   0: 0x80009582 (0x00001f17) auipc   t5, 0x1
core   0: 3 0x80009582 (0x00001f17) x30 0x8000a582
core   0: 0x80009586 (0xa63f2f23) sw      gp, -1410(t5)
core   0: 3 0x80009586 (0xa63f2f23) mem 0x8000a000 0x00000001
core   0: 0x8000958a (0x0000bfe5) c.j     pc - 8
core   0: 3 0x8000958a (0xbfe5)
core   0: 0x80009582 (0x00001f17) auipc   t5, 0x1
core   0: 3 0x80009582 (0x00001f17) x30 0x8000a582
core   0: 0x80009586 (0xa63f2f23) sw      gp, -1410(t5)
core   0: 3 0x80009586 (0xa63f2f23) mem 0x8000a000 0x00000001
core   0: 0x8000958a (0x0000bfe5) c.j     pc - 8
core   0: 3 0x8000958a (0xbfe5)
core   0: 0x80009582 (0x00001f17) auipc   t5, 0x1
core   0: 3 0x80009582 (0x00001f17) x30 0x8000a582
core   0: 0x80009586 (0xa63f2f23) sw      gp, -1410(t5)
core   0: 3 0x80009586 (0xa63f2f23) mem 0x8000a000 0x00000001
core   0: 0x8000958a (0x0000bfe5) c.j     pc - 8
core   0: 3 0x8000958a (0xbfe5)
core   0: 0x80009582 (0x00001f17) auipc   t5, 0x1
core   0: 3 0x80009582 (0x00001f17) x30 0x8000a582
core   0: 0x80009586 (0xa63f2f23) sw      gp, -1410(t5)
core   0: 3 0x80009586 (0xa63f2f23) mem 0x8000a000 0x00000001
core   0: 0x8000958a (0x0000bfe5) c.j     pc - 8
core   0: 3 0x8000958a (0xbfe5)
core   0: 0x80009582 (0x00001f17) auipc   t5, 0x1
core   0: 3 0x80009582 (0x00001f17) x30 0x8000a582
core   0: 0x80009586 (0xa63f2f23) sw      gp, -1410(t5)
core   0: 3 0x80009586 (0xa63f2f23) mem 0x8000a000 0x00000001
core   0: 0x8000958a (0x0000bfe5) c.j     pc - 8
core   0: 3 0x8000958a (0xbfe5)
core   0: 0x80009582 (0x00001f17) auipc   t5, 0x1
core   0: 3 0x80009582 (0x00001f17) x30 0x8000a582
core   0: 0x80009586 (0xa63f2f23) sw      gp, -1410(t5)
core   0: 3 0x80009586 (0xa63f2f23) mem 0x8000a000 0x00000001
core   0: 0x8000958a (0x0000bfe5) c.j     pc - 8
core   0: 3 0x8000958a (0xbfe5)
core   0: 0x80009582 (0x00001f17) auipc   t5, 0x1
core   0: 3 0x80009582 (0x00001f17) x30 0x8000a582
core   0: 0x80009586 (0xa63f2f23) sw      gp, -1410(t5)
core   0: 3 0x80009586 (0xa63f2f23) mem 0x8000a000 0x00000001
core   0: 0x8000958a (0x0000bfe5) c.j     pc - 8
core   0: 3 0x8000958a (0xbfe5)
core   0: 0x80009582 (0x00001f17) auipc   t5, 0x1
core   0: 3 0x80009582 (0x00001f17) x30 0x8000a582
core   0: 0x80009586 (0xa63f2f23) sw      gp, -1410(t5)
core   0: 3 0x80009586 (0xa63f2f23) mem 0x8000a000 0x00000001
core   0: 0x8000958a (0x0000bfe5) c.j     pc - 8
core   0: 3 0x8000958a (0xbfe5)
core   0: 0x80009582 (0x00001f17) auipc   t5, 0x1
core   0: 3 0x80009582 (0x00001f17) x30 0x8000a582
core   0: 0x80009586 (0xa63f2f23) sw      gp, -1410(t5)
core   0: 3 0x80009586 (0xa63f2f23) mem 0x8000a000 0x00000001
core   0: 0x8000958a (0x0000bfe5) c.j     pc - 8
core   0: 3 0x8000958a (0xbfe5)
core   0: 0x80009582 (0x00001f17) auipc   t5, 0x1
core   0: 3 0x80009582 (0x00001f17) x30 0x8000a582
core   0: 0x80009586 (0xa63f2f23) sw      gp, -1410(t5)
core   0: 3 0x80009586 (0xa63f2f23) mem 0x8000a000 0x00000001
core   0: 0x8000958a (0x0000bfe5) c.j     pc - 8
core   0: 3 0x8000958a (0xbfe5)
core   0: 0x80009582 (0x00001f17) auipc   t5, 0x1
core   0: 3 0x80009582 (0x00001f17) x30 0x8000a582
core   0: 0x80009586 (0xa63f2f23) sw      gp, -1410(t5)
core   0: 3 0x80009586 (0xa63f2f23) mem 0x8000a000 0x00000001
core   0: 0x8000958a (0x0000bfe5) c.j     pc - 8
core   0: 3 0x8000958a (0xbfe5)
core   0: 0x80009582 (0x00001f17) auipc   t5, 0x1
core   0: 3 0x80009582 (0x00001f17) x30 0x8000a582
core   0: 0x80009586 (0xa63f2f23) sw      gp, -1410(t5)
core   0: 3 0x80009586 (0xa63f2f23) mem 0x8000a000 0x00000001
core   0: 0x8000958a (0x0000bfe5) c.j     pc - 8
core   0: 3 0x8000958a (0xbfe5)
core   0: 0x80009582 (0x00001f17) auipc   t5, 0x1
core   0: 3 0x80009582 (0x00001f17) x30 0x8000a582
core   0: 0x80009586 (0xa63f2f23) sw      gp, -1410(t5)
core   0: 3 0x80009586 (0xa63f2f23) mem 0x8000a000 0x00000001
core   0: 0x8000958a (0x0000bfe5) c.j     pc - 8
core   0: 3 0x8000958a (0xbfe5)
core   0: 0x80009582 (0x00001f17) auipc   t5, 0x1
core   0: 3 0x80009582 (0x00001f17) x30 0x8000a582
core   0: 0x80009586 (0xa63f2f23) sw      gp, -1410(t5)
core   0: 3 0x80009586 (0xa63f2f23) mem 0x8000a000 0x00000001
core   0: 0x8000958a (0x0000bfe5) c.j     pc - 8
core   0: 3 0x8000958a (0xbfe5)
core   0: 0x80009582 (0x00001f17) auipc   t5, 0x1
core   0: 3 0x80009582 (0x00001f17) x30 0x8000a582
core   0: 0x80009586 (0xa63f2f23) sw      gp, -1410(t5)
core   0: 3 0x80009586 (0xa63f2f23) mem 0x8000a000 0x00000001
core   0: 0x8000958a (0x0000bfe5) c.j     pc - 8
core   0: 3 0x8000958a (0xbfe5)
core   0: 0x80009582 (0x00001f17) auipc   t5, 0x1
core   0: 3 0x80009582 (0x00001f17) x30 0x8000a582
core   0: 0x80009586 (0xa63f2f23) sw      gp, -1410(t5)
core   0: 3 0x80009586 (0xa63f2f23) mem 0x8000a000 0x00000001
core   0: 0x8000958a (0x0000bfe5) c.j     pc - 8
core   0: 3 0x8000958a (0xbfe5)
core   0: 0x80009582 (0x00001f17) auipc   t5, 0x1
core   0: 3 0x80009582 (0x00001f17) x30 0x8000a582
core   0: 0x80009586 (0xa63f2f23) sw      gp, -1410(t5)
core   0: 3 0x80009586 (0xa63f2f23) mem 0x8000a000 0x00000001
core   0: 0x8000958a (0x0000bfe5) c.j     pc - 8
core   0: 3 0x8000958a (0xbfe5)
core   0: 0x80009582 (0x00001f17) auipc   t5, 0x1
core   0: 3 0x80009582 (0x00001f17) x30 0x8000a582
core   0: 0x80009586 (0xa63f2f23) sw      gp, -1410(t5)
core   0: 3 0x80009586 (0xa63f2f23) mem 0x8000a000 0x00000001
core   0: 0x8000958a (0x0000bfe5) c.j     pc - 8
core   0: 3 0x8000958a (0xbfe5)
core   0: 0x80009582 (0x00001f17) auipc   t5, 0x1
core   0: 3 0x80009582 (0x00001f17) x30 0x8000a582
core   0: 0x80009586 (0xa63f2f23) sw      gp, -1410(t5)
core   0: 3 0x80009586 (0xa63f2f23) mem 0x8000a000 0x00000001
core   0: 0x8000958a (0x0000bfe5) c.j     pc - 8
core   0: 3 0x8000958a (0xbfe5)
core   0: 0x80009582 (0x00001f17) auipc   t5, 0x1
core   0: 3 0x80009582 (0x00001f17) x30 0x8000a582
core   0: 0x80009586 (0xa63f2f23) sw      gp, -1410(t5)
core   0: 3 0x80009586 (0xa63f2f23) mem 0x8000a000 0x00000001
core   0: 0x8000958a (0x0000bfe5) c.j     pc - 8
core   0: 3 0x8000958a (0xbfe5)
core   0: 0x80009582 (0x00001f17) auipc   t5, 0x1
core   0: 3 0x80009582 (0x00001f17) x30 0x8000a582
core   0: 0x80009586 (0xa63f2f23) sw      gp, -1410(t5)
core   0: 3 0x80009586 (0xa63f2f23) mem 0x8000a000 0x00000001
core   0: 0x8000958a (0x0000bfe5) c.j     pc - 8
core   0: 3 0x8000958a (0xbfe5)
core   0: 0x80009582 (0x00001f17) auipc   t5, 0x1
core   0: 3 0x80009582 (0x00001f17) x30 0x8000a582
core   0: 0x80009586 (0xa63f2f23) sw      gp, -1410(t5)
core   0: 3 0x80009586 (0xa63f2f23) mem 0x8000a000 0x00000001
core   0: 0x8000958a (0x0000bfe5) c.j     pc - 8
core   0: 3 0x8000958a (0xbfe5)
core   0: 0x80009582 (0x00001f17) auipc   t5, 0x1
core   0: 3 0x80009582 (0x00001f17) x30 0x8000a582
core   0: 0x80009586 (0xa63f2f23) sw      gp, -1410(t5)
core   0: 3 0x80009586 (0xa63f2f23) mem 0x8000a000 0x00000001
core   0: 0x8000958a (0x0000bfe5) c.j     pc - 8
core   0: 3 0x8000958a (0xbfe5)
core   0: 0x80009582 (0x00001f17) auipc   t5, 0x1
core   0: 3 0x80009582 (0x00001f17) x30 0x8000a582
core   0: 0x80009586 (0xa63f2f23) sw      gp, -1410(t5)
core   0: 3 0x80009586 (0xa63f2f23) mem 0x8000a000 0x00000001
core   0: 0x8000958a (0x0000bfe5) c.j     pc - 8
core   0: 3 0x8000958a (0xbfe5)
core   0: 0x80009582 (0x00001f17) auipc   t5, 0x1
core   0: 3 0x80009582 (0x00001f17) x30 0x8000a582
core   0: 0x80009586 (0xa63f2f23) sw      gp, -1410(t5)
core   0: 3 0x80009586 (0xa63f2f23) mem 0x8000a000 0x00000001
core   0: 0x8000958a (0x0000bfe5) c.j     pc - 8
core   0: 3 0x8000958a (0xbfe5)
core   0: 0x80009582 (0x00001f17) auipc   t5, 0x1
core   0: 3 0x80009582 (0x00001f17) x30 0x8000a582
core   0: 0x80009586 (0xa63f2f23) sw      gp, -1410(t5)
core   0: 3 0x80009586 (0xa63f2f23) mem 0x8000a000 0x00000001
core   0: 0x8000958a (0x0000bfe5) c.j     pc - 8
core   0: 3 0x8000958a (0xbfe5)
core   0: 0x80009582 (0x00001f17) auipc   t5, 0x1
core   0: 3 0x80009582 (0x00001f17) x30 0x8000a582
core   0: 0x80009586 (0xa63f2f23) sw      gp, -1410(t5)
core   0: 3 0x80009586 (0xa63f2f23) mem 0x8000a000 0x00000001
core   0: 0x8000958a (0x0000bfe5) c.j     pc - 8
core   0: 3 0x8000958a (0xbfe5)
core   0: 0x80009582 (0x00001f17) auipc   t5, 0x1
core   0: 3 0x80009582 (0x00001f17) x30 0x8000a582
core   0: 0x80009586 (0xa63f2f23) sw      gp, -1410(t5)
core   0: 3 0x80009586 (0xa63f2f23) mem 0x8000a000 0x00000001
core   0: 0x8000958a (0x0000bfe5) c.j     pc - 8
core   0: 3 0x8000958a (0xbfe5)
core   0: 0x80009582 (0x00001f17) auipc   t5, 0x1
core   0: 3 0x80009582 (0x00001f17) x30 0x8000a582
core   0: 0x80009586 (0xa63f2f23) sw      gp, -1410(t5)
core   0: 3 0x80009586 (0xa63f2f23) mem 0x8000a000 0x00000001
core   0: 0x8000958a (0x0000bfe5) c.j     pc - 8
core   0: 3 0x8000958a (0xbfe5)
core   0: 0x80009582 (0x00001f17) auipc   t5, 0x1
core   0: 3 0x80009582 (0x00001f17) x30 0x8000a582
core   0: 0x80009586 (0xa63f2f23) sw      gp, -1410(t5)
core   0: 3 0x80009586 (0xa63f2f23) mem 0x8000a000 0x00000001
core   0: 0x8000958a (0x0000bfe5) c.j     pc - 8
core   0: 3 0x8000958a (0xbfe5)
core   0: 0x80009582 (0x00001f17) auipc   t5, 0x1
core   0: 3 0x80009582 (0x00001f17) x30 0x8000a582
core   0: 0x80009586 (0xa63f2f23) sw      gp, -1410(t5)
core   0: 3 0x80009586 (0xa63f2f23) mem 0x8000a000 0x00000001
core   0: 0x8000958a (0x0000bfe5) c.j     pc - 8
core   0: 3 0x8000958a (0xbfe5)
core   0: 0x80009582 (0x00001f17) auipc   t5, 0x1
core   0: 3 0x80009582 (0x00001f17) x30 0x8000a582
core   0: 0x80009586 (0xa63f2f23) sw      gp, -1410(t5)
core   0: 3 0x80009586 (0xa63f2f23) mem 0x8000a000 0x00000001
core   0: 0x8000958a (0x0000bfe5) c.j     pc - 8
core   0: 3 0x8000958a (0xbfe5)
core   0: 0x80009582 (0x00001f17) auipc   t5, 0x1
core   0: 3 0x80009582 (0x00001f17) x30 0x8000a582
core   0: 0x80009586 (0xa63f2f23) sw      gp, -1410(t5)
core   0: 3 0x80009586 (0xa63f2f23) mem 0x8000a000 0x00000001
core   0: 0x8000958a (0x0000bfe5) c.j     pc - 8
core   0: 3 0x8000958a (0xbfe5)
core   0: 0x80009582 (0x00001f17) auipc   t5, 0x1
core   0: 3 0x80009582 (0x00001f17) x30 0x8000a582
core   0: 0x80009586 (0xa63f2f23) sw      gp, -1410(t5)
core   0: 3 0x80009586 (0xa63f2f23) mem 0x8000a000 0x00000001
core   0: 0x8000958a (0x0000bfe5) c.j     pc - 8
core   0: 3 0x8000958a (0xbfe5)
core   0: 0x80009582 (0x00001f17) auipc   t5, 0x1
core   0: 3 0x80009582 (0x00001f17) x30 0x8000a582
core   0: 0x80009586 (0xa63f2f23) sw      gp, -1410(t5)
core   0: 3 0x80009586 (0xa63f2f23) mem 0x8000a000 0x00000001
core   0: 0x8000958a (0x0000bfe5) c.j     pc - 8
core   0: 3 0x8000958a (0xbfe5)
core   0: 0x80009582 (0x00001f17) auipc   t5, 0x1
core   0: 3 0x80009582 (0x00001f17) x30 0x8000a582
core   0: 0x80009586 (0xa63f2f23) sw      gp, -1410(t5)
core   0: 3 0x80009586 (0xa63f2f23) mem 0x8000a000 0x00000001
core   0: 0x8000958a (0x0000bfe5) c.j     pc - 8
core   0: 3 0x8000958a (0xbfe5)
core   0: 0x80009582 (0x00001f17) auipc   t5, 0x1
core   0: 3 0x80009582 (0x00001f17) x30 0x8000a582
core   0: 0x80009586 (0xa63f2f23) sw      gp, -1410(t5)
core   0: 3 0x80009586 (0xa63f2f23) mem 0x8000a000 0x00000001
core   0: 0x8000958a (0x0000bfe5) c.j     pc - 8
core   0: 3 0x8000958a (0xbfe5)
core   0: 0x80009582 (0x00001f17) auipc   t5, 0x1
core   0: 3 0x80009582 (0x00001f17) x30 0x8000a582
core   0: 0x80009586 (0xa63f2f23) sw      gp, -1410(t5)
core   0: 3 0x80009586 (0xa63f2f23) mem 0x8000a000 0x00000001
core   0: 0x8000958a (0x0000bfe5) c.j     pc - 8
core   0: 3 0x8000958a (0xbfe5)
core   0: 0x80009582 (0x00001f17) auipc   t5, 0x1
core   0: 3 0x80009582 (0x00001f17) x30 0x8000a582
core   0: 0x80009586 (0xa63f2f23) sw      gp, -1410(t5)
core   0: 3 0x80009586 (0xa63f2f23) mem 0x8000a000 0x00000001
core   0: 0x8000958a (0x0000bfe5) c.j     pc - 8
core   0: 3 0x8000958a (0xbfe5)
core   0: 0x80009582 (0x00001f17) auipc   t5, 0x1
core   0: 3 0x80009582 (0x00001f17) x30 0x8000a582
core   0: 0x80009586 (0xa63f2f23) sw      gp, -1410(t5)
core   0: 3 0x80009586 (0xa63f2f23) mem 0x8000a000 0x00000001
core   0: 0x8000958a (0x0000bfe5) c.j     pc - 8
core   0: 3 0x8000958a (0xbfe5)
core   0: 0x80009582 (0x00001f17) auipc   t5, 0x1
core   0: 3 0x80009582 (0x00001f17) x30 0x8000a582
core   0: 0x80009586 (0xa63f2f23) sw      gp, -1410(t5)
core   0: 3 0x80009586 (0xa63f2f23) mem 0x8000a000 0x00000001
core   0: 0x8000958a (0x0000bfe5) c.j     pc - 8
core   0: 3 0x8000958a (0xbfe5)
core   0: 0x80009582 (0x00001f17) auipc   t5, 0x1
core   0: 3 0x80009582 (0x00001f17) x30 0x8000a582
core   0: 0x80009586 (0xa63f2f23) sw      gp, -1410(t5)
core   0: 3 0x80009586 (0xa63f2f23) mem 0x8000a000 0x00000001
core   0: 0x8000958a (0x0000bfe5) c.j     pc - 8
core   0: 3 0x8000958a (0xbfe5)
core   0: 0x80009582 (0x00001f17) auipc   t5, 0x1
core   0: 3 0x80009582 (0x00001f17) x30 0x8000a582
core   0: 0x80009586 (0xa63f2f23) sw      gp, -1410(t5)
core   0: 3 0x80009586 (0xa63f2f23) mem 0x8000a000 0x00000001
core   0: 0x8000958a (0x0000bfe5) c.j     pc - 8
core   0: 3 0x8000958a (0xbfe5)
core   0: 0x80009582 (0x00001f17) auipc   t5, 0x1
core   0: 3 0x80009582 (0x00001f17) x30 0x8000a582
core   0: 0x80009586 (0xa63f2f23) sw      gp, -1410(t5)
core   0: 3 0x80009586 (0xa63f2f23) mem 0x8000a000 0x00000001
core   0: 0x8000958a (0x0000bfe5) c.j     pc - 8
core   0: 3 0x8000958a (0xbfe5)
core   0: 0x80009582 (0x00001f17) auipc   t5, 0x1
core   0: 3 0x80009582 (0x00001f17) x30 0x8000a582
core   0: 0x80009586 (0xa63f2f23) sw      gp, -1410(t5)
core   0: 3 0x80009586 (0xa63f2f23) mem 0x8000a000 0x00000001
core   0: 0x8000958a (0x0000bfe5) c.j     pc - 8
core   0: 3 0x8000958a (0xbfe5)
core   0: 0x80009582 (0x00001f17) auipc   t5, 0x1
core   0: 3 0x80009582 (0x00001f17) x30 0x8000a582
core   0: 0x80009586 (0xa63f2f23) sw      gp, -1410(t5)
core   0: 3 0x80009586 (0xa63f2f23) mem 0x8000a000 0x00000001
core   0: 0x8000958a (0x0000bfe5) c.j     pc - 8
core   0: 3 0x8000958a (0xbfe5)
core   0: 0x80009582 (0x00001f17) auipc   t5, 0x1
core   0: 3 0x80009582 (0x00001f17) x30 0x8000a582
core   0: 0x80009586 (0xa63f2f23) sw      gp, -1410(t5)
core   0: 3 0x80009586 (0xa63f2f23) mem 0x8000a000 0x00000001
core   0: 0x8000958a (0x0000bfe5) c.j     pc - 8
core   0: 3 0x8000958a (0xbfe5)
core   0: 0x80009582 (0x00001f17) auipc   t5, 0x1
core   0: 3 0x80009582 (0x00001f17) x30 0x8000a582
core   0: 0x80009586 (0xa63f2f23) sw      gp, -1410(t5)
core   0: 3 0x80009586 (0xa63f2f23) mem 0x8000a000 0x00000001
core   0: 0x8000958a (0x0000bfe5) c.j     pc - 8
core   0: 3 0x8000958a (0xbfe5)
core   0: 0x80009582 (0x00001f17) auipc   t5, 0x1
core   0: 3 0x80009582 (0x00001f17) x30 0x8000a582
core   0: 0x80009586 (0xa63f2f23) sw      gp, -1410(t5)
core   0: 3 0x80009586 (0xa63f2f23) mem 0x8000a000 0x00000001
core   0: 0x8000958a (0x0000bfe5) c.j     pc - 8
core   0: 3 0x8000958a (0xbfe5)
core   0: 0x80009582 (0x00001f17) auipc   t5, 0x1
core   0: 3 0x80009582 (0x00001f17) x30 0x8000a582
core   0: 0x80009586 (0xa63f2f23) sw      gp, -1410(t5)
core   0: 3 0x80009586 (0xa63f2f23) mem 0x8000a000 0x00000001
core   0: 0x8000958a (0x0000bfe5) c.j     pc - 8
core   0: 3 0x8000958a (0xbfe5)
core   0: 0x80009582 (0x00001f17) auipc   t5, 0x1
core   0: 3 0x80009582 (0x00001f17) x30 0x8000a582
core   0: 0x80009586 (0xa63f2f23) sw      gp, -1410(t5)
core   0: 3 0x80009586 (0xa63f2f23) mem 0x8000a000 0x00000001
core   0: 0x8000958a (0x0000bfe5) c.j     pc - 8
core   0: 3 0x8000958a (0xbfe5)
core   0: 0x80009582 (0x00001f17) auipc   t5, 0x1
core   0: 3 0x80009582 (0x00001f17) x30 0x8000a582
core   0: 0x80009586 (0xa63f2f23) sw      gp, -1410(t5)
core   0: 3 0x80009586 (0xa63f2f23) mem 0x8000a000 0x00000001
core   0: 0x8000958a (0x0000bfe5) c.j     pc - 8
core   0: 3 0x8000958a (0xbfe5)
core   0: 0x80009582 (0x00001f17) auipc   t5, 0x1
core   0: 3 0x80009582 (0x00001f17) x30 0x8000a582
core   0: 0x80009586 (0xa63f2f23) sw      gp, -1410(t5)
core   0: 3 0x80009586 (0xa63f2f23) mem 0x8000a000 0x00000001
core   0: 0x8000958a (0x0000bfe5) c.j     pc - 8
core   0: 3 0x8000958a (0xbfe5)
core   0: 0x80009582 (0x00001f17) auipc   t5, 0x1
core   0: 3 0x80009582 (0x00001f17) x30 0x8000a582
core   0: 0x80009586 (0xa63f2f23) sw      gp, -1410(t5)
core   0: 3 0x80009586 (0xa63f2f23) mem 0x8000a000 0x00000001
core   0: 0x8000958a (0x0000bfe5) c.j     pc - 8
core   0: 3 0x8000958a (0xbfe5)
core   0: 0x80009582 (0x00001f17) auipc   t5, 0x1
core   0: 3 0x80009582 (0x00001f17) x30 0x8000a582
core   0: 0x80009586 (0xa63f2f23) sw      gp, -1410(t5)
core   0: 3 0x80009586 (0xa63f2f23) mem 0x8000a000 0x00000001
core   0: 0x8000958a (0x0000bfe5) c.j     pc - 8
core   0: 3 0x8000958a (0xbfe5)
core   0: 0x80009582 (0x00001f17) auipc   t5, 0x1
core   0: 3 0x80009582 (0x00001f17) x30 0x8000a582
core   0: 0x80009586 (0xa63f2f23) sw      gp, -1410(t5)
core   0: 3 0x80009586 (0xa63f2f23) mem 0x8000a000 0x00000001
core   0: 0x8000958a (0x0000bfe5) c.j     pc - 8
core   0: 3 0x8000958a (0xbfe5)
core   0: 0x80009582 (0x00001f17) auipc   t5, 0x1
core   0: 3 0x80009582 (0x00001f17) x30 0x8000a582
core   0: 0x80009586 (0xa63f2f23) sw      gp, -1410(t5)
core   0: 3 0x80009586 (0xa63f2f23) mem 0x8000a000 0x00000001
core   0: 0x8000958a (0x0000bfe5) c.j     pc - 8
core   0: 3 0x8000958a (0xbfe5)
core   0: 0x80009582 (0x00001f17) auipc   t5, 0x1
core   0: 3 0x80009582 (0x00001f17) x30 0x8000a582
core   0: 0x80009586 (0xa63f2f23) sw      gp, -1410(t5)
core   0: 3 0x80009586 (0xa63f2f23) mem 0x8000a000 0x00000001
core   0: 0x8000958a (0x0000bfe5) c.j     pc - 8
core   0: 3 0x8000958a (0xbfe5)
core   0: 0x80009582 (0x00001f17) auipc   t5, 0x1
core   0: 3 0x80009582 (0x00001f17) x30 0x8000a582
core   0: 0x80009586 (0xa63f2f23) sw      gp, -1410(t5)
core   0: 3 0x80009586 (0xa63f2f23) mem 0x8000a000 0x00000001
core   0: 0x8000958a (0x0000bfe5) c.j     pc - 8
core   0: 3 0x8000958a (0xbfe5)
core   0: 0x80009582 (0x00001f17) auipc   t5, 0x1
core   0: 3 0x80009582 (0x00001f17) x30 0x8000a582
core   0: 0x80009586 (0xa63f2f23) sw      gp, -1410(t5)
core   0: 3 0x80009586 (0xa63f2f23) mem 0x8000a000 0x00000001
core   0: 0x8000958a (0x0000bfe5) c.j     pc - 8
core   0: 3 0x8000958a (0xbfe5)
core   0: 0x80009582 (0x00001f17) auipc   t5, 0x1
core   0: 3 0x80009582 (0x00001f17) x30 0x8000a582
core   0: 0x80009586 (0xa63f2f23) sw      gp, -1410(t5)
core   0: 3 0x80009586 (0xa63f2f23) mem 0x8000a000 0x00000001
core   0: 0x8000958a (0x0000bfe5) c.j     pc - 8
core   0: 3 0x8000958a (0xbfe5)
core   0: 0x80009582 (0x00001f17) auipc   t5, 0x1
core   0: 3 0x80009582 (0x00001f17) x30 0x8000a582
core   0: 0x80009586 (0xa63f2f23) sw      gp, -1410(t5)
core   0: 3 0x80009586 (0xa63f2f23) mem 0x8000a000 0x00000001
core   0: 0x8000958a (0x0000bfe5) c.j     pc - 8
core   0: 3 0x8000958a (0xbfe5)
core   0: 0x80009582 (0x00001f17) auipc   t5, 0x1
core   0: 3 0x80009582 (0x00001f17) x30 0x8000a582
core   0: 0x80009586 (0xa63f2f23) sw      gp, -1410(t5)
core   0: 3 0x80009586 (0xa63f2f23) mem 0x8000a000 0x00000001
core   0: 0x8000958a (0x0000bfe5) c.j     pc - 8
core   0: 3 0x8000958a (0xbfe5)
core   0: 0x80009582 (0x00001f17) auipc   t5, 0x1
core   0: 3 0x80009582 (0x00001f17) x30 0x8000a582
core   0: 0x80009586 (0xa63f2f23) sw      gp, -1410(t5)
core   0: 3 0x80009586 (0xa63f2f23) mem 0x8000a000 0x00000001
core   0: 0x8000958a (0x0000bfe5) c.j     pc - 8
core   0: 3 0x8000958a (0xbfe5)
core   0: 0x80009582 (0x00001f17) auipc   t5, 0x1
core   0: 3 0x80009582 (0x00001f17) x30 0x8000a582
core   0: 0x80009586 (0xa63f2f23) sw      gp, -1410(t5)
core   0: 3 0x80009586 (0xa63f2f23) mem 0x8000a000 0x00000001
core   0: 0x8000958a (0x0000bfe5) c.j     pc - 8
core   0: 3 0x8000958a (0xbfe5)
core   0: 0x80009582 (0x00001f17) auipc   t5, 0x1
core   0: 3 0x80009582 (0x00001f17) x30 0x8000a582
core   0: 0x80009586 (0xa63f2f23) sw      gp, -1410(t5)
core   0: 3 0x80009586 (0xa63f2f23) mem 0x8000a000 0x00000001
core   0: 0x8000958a (0x0000bfe5) c.j     pc - 8
core   0: 3 0x8000958a (0xbfe5)
core   0: 0x80009582 (0x00001f17) auipc   t5, 0x1
core   0: 3 0x80009582 (0x00001f17) x30 0x8000a582
core   0: 0x80009586 (0xa63f2f23) sw      gp, -1410(t5)
core   0: 3 0x80009586 (0xa63f2f23) mem 0x8000a000 0x00000001
core   0: 0x8000958a (0x0000bfe5) c.j     pc - 8
core   0: 3 0x8000958a (0xbfe5)
core   0: 0x80009582 (0x00001f17) auipc   t5, 0x1
core   0: 3 0x80009582 (0x00001f17) x30 0x8000a582
core   0: 0x80009586 (0xa63f2f23) sw      gp, -1410(t5)
core   0: 3 0x80009586 (0xa63f2f23) mem 0x8000a000 0x00000001
core   0: 0x8000958a (0x0000bfe5) c.j     pc - 8
core   0: 3 0x8000958a (0xbfe5)
core   0: 0x80009582 (0x00001f17) auipc   t5, 0x1
core   0: 3 0x80009582 (0x00001f17) x30 0x8000a582
core   0: 0x80009586 (0xa63f2f23) sw      gp, -1410(t5)
core   0: 3 0x80009586 (0xa63f2f23) mem 0x8000a000 0x00000001
core   0: 0x8000958a (0x0000bfe5) c.j     pc - 8
core   0: 3 0x8000958a (0xbfe5)
core   0: 0x80009582 (0x00001f17) auipc   t5, 0x1
core   0: 3 0x80009582 (0x00001f17) x30 0x8000a582
core   0: 0x80009586 (0xa63f2f23) sw      gp, -1410(t5)
core   0: 3 0x80009586 (0xa63f2f23) mem 0x8000a000 0x00000001
core   0: 0x8000958a (0x0000bfe5) c.j     pc - 8
core   0: 3 0x8000958a (0xbfe5)
core   0: 0x80009582 (0x00001f17) auipc   t5, 0x1
core   0: 3 0x80009582 (0x00001f17) x30 0x8000a582
core   0: 0x80009586 (0xa63f2f23) sw      gp, -1410(t5)
core   0: 3 0x80009586 (0xa63f2f23) mem 0x8000a000 0x00000001
core   0: 0x8000958a (0x0000bfe5) c.j     pc - 8
core   0: 3 0x8000958a (0xbfe5)
core   0: 0x80009582 (0x00001f17) auipc   t5, 0x1
core   0: 3 0x80009582 (0x00001f17) x30 0x8000a582
core   0: 0x80009586 (0xa63f2f23) sw      gp, -1410(t5)
core   0: 3 0x80009586 (0xa63f2f23) mem 0x8000a000 0x00000001
core   0: 0x8000958a (0x0000bfe5) c.j     pc - 8
core   0: 3 0x8000958a (0xbfe5)
core   0: 0x80009582 (0x00001f17) auipc   t5, 0x1
core   0: 3 0x80009582 (0x00001f17) x30 0x8000a582
core   0: 0x80009586 (0xa63f2f23) sw      gp, -1410(t5)
core   0: 3 0x80009586 (0xa63f2f23) mem 0x8000a000 0x00000001
core   0: 0x8000958a (0x0000bfe5) c.j     pc - 8
core   0: 3 0x8000958a (0xbfe5)
core   0: 0x80009582 (0x00001f17) auipc   t5, 0x1
core   0: 3 0x80009582 (0x00001f17) x30 0x8000a582
core   0: 0x80009586 (0xa63f2f23) sw      gp, -1410(t5)
core   0: 3 0x80009586 (0xa63f2f23) mem 0x8000a000 0x00000001
core   0: 0x8000958a (0x0000bfe5) c.j     pc - 8
core   0: 3 0x8000958a (0xbfe5)
core   0: 0x80009582 (0x00001f17) auipc   t5, 0x1
core   0: 3 0x80009582 (0x00001f17) x30 0x8000a582
core   0: 0x80009586 (0xa63f2f23) sw      gp, -1410(t5)
core   0: 3 0x80009586 (0xa63f2f23) mem 0x8000a000 0x00000001
core   0: 0x8000958a (0x0000bfe5) c.j     pc - 8
core   0: 3 0x8000958a (0xbfe5)
core   0: 0x80009582 (0x00001f17) auipc   t5, 0x1
core   0: 3 0x80009582 (0x00001f17) x30 0x8000a582
core   0: 0x80009586 (0xa63f2f23) sw      gp, -1410(t5)
core   0: 3 0x80009586 (0xa63f2f23) mem 0x8000a000 0x00000001
core   0: 0x8000958a (0x0000bfe5) c.j     pc - 8
core   0: 3 0x8000958a (0xbfe5)
core   0: 0x80009582 (0x00001f17) auipc   t5, 0x1
core   0: 3 0x80009582 (0x00001f17) x30 0x8000a582
core   0: 0x80009586 (0xa63f2f23) sw      gp, -1410(t5)
core   0: 3 0x80009586 (0xa63f2f23) mem 0x8000a000 0x00000001
core   0: 0x8000958a (0x0000bfe5) c.j     pc - 8
core   0: 3 0x8000958a (0xbfe5)
core   0: 0x80009582 (0x00001f17) auipc   t5, 0x1
core   0: 3 0x80009582 (0x00001f17) x30 0x8000a582
core   0: 0x80009586 (0xa63f2f23) sw      gp, -1410(t5)
core   0: 3 0x80009586 (0xa63f2f23) mem 0x8000a000 0x00000001
core   0: 0x8000958a (0x0000bfe5) c.j     pc - 8
core   0: 3 0x8000958a (0xbfe5)
core   0: 0x80009582 (0x00001f17) auipc   t5, 0x1
core   0: 3 0x80009582 (0x00001f17) x30 0x8000a582
core   0: 0x80009586 (0xa63f2f23) sw      gp, -1410(t5)
core   0: 3 0x80009586 (0xa63f2f23) mem 0x8000a000 0x00000001
core   0: 0x8000958a (0x0000bfe5) c.j     pc - 8
core   0: 3 0x8000958a (0xbfe5)
core   0: 0x80009582 (0x00001f17) auipc   t5, 0x1
core   0: 3 0x80009582 (0x00001f17) x30 0x8000a582
core   0: 0x80009586 (0xa63f2f23) sw      gp, -1410(t5)
core   0: 3 0x80009586 (0xa63f2f23) mem 0x8000a000 0x00000001
core   0: 0x8000958a (0x0000bfe5) c.j     pc - 8
core   0: 3 0x8000958a (0xbfe5)
core   0: 0x80009582 (0x00001f17) auipc   t5, 0x1
core   0: 3 0x80009582 (0x00001f17) x30 0x8000a582
core   0: 0x80009586 (0xa63f2f23) sw      gp, -1410(t5)
core   0: 3 0x80009586 (0xa63f2f23) mem 0x8000a000 0x00000001
core   0: 0x8000958a (0x0000bfe5) c.j     pc - 8
core   0: 3 0x8000958a (0xbfe5)
core   0: 0x80009582 (0x00001f17) auipc   t5, 0x1
core   0: 3 0x80009582 (0x00001f17) x30 0x8000a582
core   0: 0x80009586 (0xa63f2f23) sw      gp, -1410(t5)
core   0: 3 0x80009586 (0xa63f2f23) mem 0x8000a000 0x00000001
core   0: 0x8000958a (0x0000bfe5) c.j     pc - 8
core   0: 3 0x8000958a (0xbfe5)
core   0: 0x80009582 (0x00001f17) auipc   t5, 0x1
core   0: 3 0x80009582 (0x00001f17) x30 0x8000a582
core   0: 0x80009586 (0xa63f2f23) sw      gp, -1410(t5)
core   0: 3 0x80009586 (0xa63f2f23) mem 0x8000a000 0x00000001
core   0: 0x8000958a (0x0000bfe5) c.j     pc - 8
core   0: 3 0x8000958a (0xbfe5)
core   0: 0x80009582 (0x00001f17) auipc   t5, 0x1
core   0: 3 0x80009582 (0x00001f17) x30 0x8000a582
core   0: 0x80009586 (0xa63f2f23) sw      gp, -1410(t5)
core   0: 3 0x80009586 (0xa63f2f23) mem 0x8000a000 0x00000001
core   0: 0x8000958a (0x0000bfe5) c.j     pc - 8
core   0: 3 0x8000958a (0xbfe5)
core   0: 0x80009582 (0x00001f17) auipc   t5, 0x1
core   0: 3 0x80009582 (0x00001f17) x30 0x8000a582
core   0: 0x80009586 (0xa63f2f23) sw      gp, -1410(t5)
core   0: 3 0x80009586 (0xa63f2f23) mem 0x8000a000 0x00000001
core   0: 0x8000958a (0x0000bfe5) c.j     pc - 8
core   0: 3 0x8000958a (0xbfe5)
core   0: 0x80009582 (0x00001f17) auipc   t5, 0x1
core   0: 3 0x80009582 (0x00001f17) x30 0x8000a582
core   0: 0x80009586 (0xa63f2f23) sw      gp, -1410(t5)
core   0: 3 0x80009586 (0xa63f2f23) mem 0x8000a000 0x00000001
core   0: 0x8000958a (0x0000bfe5) c.j     pc - 8
core   0: 3 0x8000958a (0xbfe5)
core   0: 0x80009582 (0x00001f17) auipc   t5, 0x1
core   0: 3 0x80009582 (0x00001f17) x30 0x8000a582
core   0: 0x80009586 (0xa63f2f23) sw      gp, -1410(t5)
core   0: 3 0x80009586 (0xa63f2f23) mem 0x8000a000 0x00000001
core   0: 0x8000958a (0x0000bfe5) c.j     pc - 8
core   0: 3 0x8000958a (0xbfe5)
core   0: 0x80009582 (0x00001f17) auipc   t5, 0x1
core   0: 3 0x80009582 (0x00001f17) x30 0x8000a582
core   0: 0x80009586 (0xa63f2f23) sw      gp, -1410(t5)
core   0: 3 0x80009586 (0xa63f2f23) mem 0x8000a000 0x00000001
core   0: 0x8000958a (0x0000bfe5) c.j     pc - 8
core   0: 3 0x8000958a (0xbfe5)
core   0: 0x80009582 (0x00001f17) auipc   t5, 0x1
core   0: 3 0x80009582 (0x00001f17) x30 0x8000a582
core   0: 0x80009586 (0xa63f2f23) sw      gp, -1410(t5)
core   0: 3 0x80009586 (0xa63f2f23) mem 0x8000a000 0x00000001
core   0: 0x8000958a (0x0000bfe5) c.j     pc - 8
core   0: 3 0x8000958a (0xbfe5)
core   0: 0x80009582 (0x00001f17) auipc   t5, 0x1
core   0: 3 0x80009582 (0x00001f17) x30 0x8000a582
core   0: 0x80009586 (0xa63f2f23) sw      gp, -1410(t5)
core   0: 3 0x80009586 (0xa63f2f23) mem 0x8000a000 0x00000001
core   0: 0x8000958a (0x0000bfe5) c.j     pc - 8
core   0: 3 0x8000958a (0xbfe5)
core   0: 0x80009582 (0x00001f17) auipc   t5, 0x1
core   0: 3 0x80009582 (0x00001f17) x30 0x8000a582
core   0: 0x80009586 (0xa63f2f23) sw      gp, -1410(t5)
core   0: 3 0x80009586 (0xa63f2f23) mem 0x8000a000 0x00000001
core   0: 0x8000958a (0x0000bfe5) c.j     pc - 8
core   0: 3 0x8000958a (0xbfe5)
core   0: 0x80009582 (0x00001f17) auipc   t5, 0x1
core   0: 3 0x80009582 (0x00001f17) x30 0x8000a582
core   0: 0x80009586 (0xa63f2f23) sw      gp, -1410(t5)
core   0: 3 0x80009586 (0xa63f2f23) mem 0x8000a000 0x00000001
core   0: 0x8000958a (0x0000bfe5) c.j     pc - 8
core   0: 3 0x8000958a (0xbfe5)
core   0: 0x80009582 (0x00001f17) auipc   t5, 0x1
core   0: 3 0x80009582 (0x00001f17) x30 0x8000a582
core   0: 0x80009586 (0xa63f2f23) sw      gp, -1410(t5)
core   0: 3 0x80009586 (0xa63f2f23) mem 0x8000a000 0x00000001
core   0: 0x8000958a (0x0000bfe5) c.j     pc - 8
core   0: 3 0x8000958a (0xbfe5)
core   0: 0x80009582 (0x00001f17) auipc   t5, 0x1
core   0: 3 0x80009582 (0x00001f17) x30 0x8000a582
core   0: 0x80009586 (0xa63f2f23) sw      gp, -1410(t5)
core   0: 3 0x80009586 (0xa63f2f23) mem 0x8000a000 0x00000001
core   0: 0x8000958a (0x0000bfe5) c.j     pc - 8
core   0: 3 0x8000958a (0xbfe5)
core   0: 0x80009582 (0x00001f17) auipc   t5, 0x1
core   0: 3 0x80009582 (0x00001f17) x30 0x8000a582
core   0: 0x80009586 (0xa63f2f23) sw      gp, -1410(t5)
core   0: 3 0x80009586 (0xa63f2f23) mem 0x8000a000 0x00000001
core   0: 0x8000958a (0x0000bfe5) c.j     pc - 8
core   0: 3 0x8000958a (0xbfe5)
core   0: 0x80009582 (0x00001f17) auipc   t5, 0x1
core   0: 3 0x80009582 (0x00001f17) x30 0x8000a582
core   0: 0x80009586 (0xa63f2f23) sw      gp, -1410(t5)
core   0: 3 0x80009586 (0xa63f2f23) mem 0x8000a000 0x00000001
core   0: 0x8000958a (0x0000bfe5) c.j     pc - 8
core   0: 3 0x8000958a (0xbfe5)
core   0: 0x80009582 (0x00001f17) auipc   t5, 0x1
core   0: 3 0x80009582 (0x00001f17) x30 0x8000a582
core   0: 0x80009586 (0xa63f2f23) sw      gp, -1410(t5)
core   0: 3 0x80009586 (0xa63f2f23) mem 0x8000a000 0x00000001
core   0: 0x8000958a (0x0000bfe5) c.j     pc - 8
core   0: 3 0x8000958a (0xbfe5)
core   0: 0x80009582 (0x00001f17) auipc   t5, 0x1
core   0: 3 0x80009582 (0x00001f17) x30 0x8000a582
core   0: 0x80009586 (0xa63f2f23) sw      gp, -1410(t5)
core   0: 3 0x80009586 (0xa63f2f23) mem 0x8000a000 0x00000001
core   0: 0x8000958a (0x0000bfe5) c.j     pc - 8
core   0: 3 0x8000958a (0xbfe5)
core   0: 0x80009582 (0x00001f17) auipc   t5, 0x1
core   0: 3 0x80009582 (0x00001f17) x30 0x8000a582
core   0: 0x80009586 (0xa63f2f23) sw      gp, -1410(t5)
core   0: 3 0x80009586 (0xa63f2f23) mem 0x8000a000 0x00000001
core   0: 0x8000958a (0x0000bfe5) c.j     pc - 8
core   0: 3 0x8000958a (0xbfe5)
core   0: 0x80009582 (0x00001f17) auipc   t5, 0x1
core   0: 3 0x80009582 (0x00001f17) x30 0x8000a582
core   0: 0x80009586 (0xa63f2f23) sw      gp, -1410(t5)
core   0: 3 0x80009586 (0xa63f2f23) mem 0x8000a000 0x00000001
core   0: 0x8000958a (0x0000bfe5) c.j     pc - 8
core   0: 3 0x8000958a (0xbfe5)
core   0: 0x80009582 (0x00001f17) auipc   t5, 0x1
core   0: 3 0x80009582 (0x00001f17) x30 0x8000a582
core   0: 0x80009586 (0xa63f2f23) sw      gp, -1410(t5)
core   0: 3 0x80009586 (0xa63f2f23) mem 0x8000a000 0x00000001
core   0: 0x8000958a (0x0000bfe5) c.j     pc - 8
core   0: 3 0x8000958a (0xbfe5)
core   0: 0x80009582 (0x00001f17) auipc   t5, 0x1
core   0: 3 0x80009582 (0x00001f17) x30 0x8000a582
core   0: 0x80009586 (0xa63f2f23) sw      gp, -1410(t5)
core   0: 3 0x80009586 (0xa63f2f23) mem 0x8000a000 0x00000001
core   0: 0x8000958a (0x0000bfe5) c.j     pc - 8
core   0: 3 0x8000958a (0xbfe5)
core   0: 0x80009582 (0x00001f17) auipc   t5, 0x1
core   0: 3 0x80009582 (0x00001f17) x30 0x8000a582
core   0: 0x80009586 (0xa63f2f23) sw      gp, -1410(t5)
core   0: 3 0x80009586 (0xa63f2f23) mem 0x8000a000 0x00000001
core   0: 0x8000958a (0x0000bfe5) c.j     pc - 8
core   0: 3 0x8000958a (0xbfe5)
core   0: 0x80009582 (0x00001f17) auipc   t5, 0x1
core   0: 3 0x80009582 (0x00001f17) x30 0x8000a582
core   0: 0x80009586 (0xa63f2f23) sw      gp, -1410(t5)
core   0: 3 0x80009586 (0xa63f2f23) mem 0x8000a000 0x00000001
core   0: 0x8000958a (0x0000bfe5) c.j     pc - 8
core   0: 3 0x8000958a (0xbfe5)
core   0: 0x80009582 (0x00001f17) auipc   t5, 0x1
core   0: 3 0x80009582 (0x00001f17) x30 0x8000a582
core   0: 0x80009586 (0xa63f2f23) sw      gp, -1410(t5)
core   0: 3 0x80009586 (0xa63f2f23) mem 0x8000a000 0x00000001
core   0: 0x8000958a (0x0000bfe5) c.j     pc - 8
core   0: 3 0x8000958a (0xbfe5)
core   0: 0x80009582 (0x00001f17) auipc   t5, 0x1
core   0: 3 0x80009582 (0x00001f17) x30 0x8000a582
core   0: 0x80009586 (0xa63f2f23) sw      gp, -1410(t5)
core   0: 3 0x80009586 (0xa63f2f23) mem 0x8000a000 0x00000001
core   0: 0x8000958a (0x0000bfe5) c.j     pc - 8
core   0: 3 0x8000958a (0xbfe5)
core   0: 0x80009582 (0x00001f17) auipc   t5, 0x1
core   0: 3 0x80009582 (0x00001f17) x30 0x8000a582
core   0: 0x80009586 (0xa63f2f23) sw      gp, -1410(t5)
core   0: 3 0x80009586 (0xa63f2f23) mem 0x8000a000 0x00000001
core   0: 0x8000958a (0x0000bfe5) c.j     pc - 8
core   0: 3 0x8000958a (0xbfe5)
core   0: 0x80009582 (0x00001f17) auipc   t5, 0x1
core   0: 3 0x80009582 (0x00001f17) x30 0x8000a582
core   0: 0x80009586 (0xa63f2f23) sw      gp, -1410(t5)
core   0: 3 0x80009586 (0xa63f2f23) mem 0x8000a000 0x00000001
core   0: 0x8000958a (0x0000bfe5) c.j     pc - 8
core   0: 3 0x8000958a (0xbfe5)
core   0: 0x80009582 (0x00001f17) auipc   t5, 0x1
core   0: 3 0x80009582 (0x00001f17) x30 0x8000a582
core   0: 0x80009586 (0xa63f2f23) sw      gp, -1410(t5)
core   0: 3 0x80009586 (0xa63f2f23) mem 0x8000a000 0x00000001
core   0: 0x8000958a (0x0000bfe5) c.j     pc - 8
core   0: 3 0x8000958a (0xbfe5)
core   0: 0x80009582 (0x00001f17) auipc   t5, 0x1
core   0: 3 0x80009582 (0x00001f17) x30 0x8000a582
core   0: 0x80009586 (0xa63f2f23) sw      gp, -1410(t5)
core   0: 3 0x80009586 (0xa63f2f23) mem 0x8000a000 0x00000001
core   0: 0x8000958a (0x0000bfe5) c.j     pc - 8
core   0: 3 0x8000958a (0xbfe5)
core   0: 0x80009582 (0x00001f17) auipc   t5, 0x1
core   0: 3 0x80009582 (0x00001f17) x30 0x8000a582
core   0: 0x80009586 (0xa63f2f23) sw      gp, -1410(t5)
core   0: 3 0x80009586 (0xa63f2f23) mem 0x8000a000 0x00000001
core   0: 0x8000958a (0x0000bfe5) c.j     pc - 8
core   0: 3 0x8000958a (0xbfe5)
core   0: 0x80009582 (0x00001f17) auipc   t5, 0x1
core   0: 3 0x80009582 (0x00001f17) x30 0x8000a582
core   0: 0x80009586 (0xa63f2f23) sw      gp, -1410(t5)
core   0: 3 0x80009586 (0xa63f2f23) mem 0x8000a000 0x00000001
core   0: 0x8000958a (0x0000bfe5) c.j     pc - 8
core   0: 3 0x8000958a (0xbfe5)
core   0: 0x80009582 (0x00001f17) auipc   t5, 0x1
core   0: 3 0x80009582 (0x00001f17) x30 0x8000a582
core   0: 0x80009586 (0xa63f2f23) sw      gp, -1410(t5)
core   0: 3 0x80009586 (0xa63f2f23) mem 0x8000a000 0x00000001
core   0: 0x8000958a (0x0000bfe5) c.j     pc - 8
core   0: 3 0x8000958a (0xbfe5)
core   0: 0x80009582 (0x00001f17) auipc   t5, 0x1
core   0: 3 0x80009582 (0x00001f17) x30 0x8000a582
core   0: 0x80009586 (0xa63f2f23) sw      gp, -1410(t5)
core   0: 3 0x80009586 (0xa63f2f23) mem 0x8000a000 0x00000001
core   0: 0x8000958a (0x0000bfe5) c.j     pc - 8
core   0: 3 0x8000958a (0xbfe5)
core   0: 0x80009582 (0x00001f17) auipc   t5, 0x1
core   0: 3 0x80009582 (0x00001f17) x30 0x8000a582
core   0: 0x80009586 (0xa63f2f23) sw      gp, -1410(t5)
core   0: 3 0x80009586 (0xa63f2f23) mem 0x8000a000 0x00000001
core   0: 0x8000958a (0x0000bfe5) c.j     pc - 8
core   0: 3 0x8000958a (0xbfe5)
core   0: 0x80009582 (0x00001f17) auipc   t5, 0x1
core   0: 3 0x80009582 (0x00001f17) x30 0x8000a582
core   0: 0x80009586 (0xa63f2f23) sw      gp, -1410(t5)
core   0: 3 0x80009586 (0xa63f2f23) mem 0x8000a000 0x00000001
core   0: 0x8000958a (0x0000bfe5) c.j     pc - 8
core   0: 3 0x8000958a (0xbfe5)
core   0: 0x80009582 (0x00001f17) auipc   t5, 0x1
core   0: 3 0x80009582 (0x00001f17) x30 0x8000a582
core   0: 0x80009586 (0xa63f2f23) sw      gp, -1410(t5)
core   0: 3 0x80009586 (0xa63f2f23) mem 0x8000a000 0x00000001
core   0: 0x8000958a (0x0000bfe5) c.j     pc - 8
core   0: 3 0x8000958a (0xbfe5)
core   0: 0x80009582 (0x00001f17) auipc   t5, 0x1
core   0: 3 0x80009582 (0x00001f17) x30 0x8000a582
core   0: 0x80009586 (0xa63f2f23) sw      gp, -1410(t5)
core   0: 3 0x80009586 (0xa63f2f23) mem 0x8000a000 0x00000001
core   0: 0x8000958a (0x0000bfe5) c.j     pc - 8
core   0: 3 0x8000958a (0xbfe5)
core   0: 0x80009582 (0x00001f17) auipc   t5, 0x1
core   0: 3 0x80009582 (0x00001f17) x30 0x8000a582
core   0: 0x80009586 (0xa63f2f23) sw      gp, -1410(t5)
core   0: 3 0x80009586 (0xa63f2f23) mem 0x8000a000 0x00000001
core   0: 0x8000958a (0x0000bfe5) c.j     pc - 8
core   0: 3 0x8000958a (0xbfe5)
core   0: 0x80009582 (0x00001f17) auipc   t5, 0x1
core   0: 3 0x80009582 (0x00001f17) x30 0x8000a582
core   0: 0x80009586 (0xa63f2f23) sw      gp, -1410(t5)
core   0: 3 0x80009586 (0xa63f2f23) mem 0x8000a000 0x00000001
core   0: 0x8000958a (0x0000bfe5) c.j     pc - 8
core   0: 3 0x8000958a (0xbfe5)
core   0: 0x80009582 (0x00001f17) auipc   t5, 0x1
core   0: 3 0x80009582 (0x00001f17) x30 0x8000a582
core   0: 0x80009586 (0xa63f2f23) sw      gp, -1410(t5)
core   0: 3 0x80009586 (0xa63f2f23) mem 0x8000a000 0x00000001
core   0: 0x8000958a (0x0000bfe5) c.j     pc - 8
core   0: 3 0x8000958a (0xbfe5)
core   0: 0x80009582 (0x00001f17) auipc   t5, 0x1
core   0: 3 0x80009582 (0x00001f17) x30 0x8000a582
core   0: 0x80009586 (0xa63f2f23) sw      gp, -1410(t5)
core   0: 3 0x80009586 (0xa63f2f23) mem 0x8000a000 0x00000001
core   0: 0x8000958a (0x0000bfe5) c.j     pc - 8
core   0: 3 0x8000958a (0xbfe5)
core   0: 0x80009582 (0x00001f17) auipc   t5, 0x1
core   0: 3 0x80009582 (0x00001f17) x30 0x8000a582
core   0: 0x80009586 (0xa63f2f23) sw      gp, -1410(t5)
core   0: 3 0x80009586 (0xa63f2f23) mem 0x8000a000 0x00000001
core   0: 0x8000958a (0x0000bfe5) c.j     pc - 8
core   0: 3 0x8000958a (0xbfe5)
core   0: 0x80009582 (0x00001f17) auipc   t5, 0x1
core   0: 3 0x80009582 (0x00001f17) x30 0x8000a582
core   0: 0x80009586 (0xa63f2f23) sw      gp, -1410(t5)
core   0: 3 0x80009586 (0xa63f2f23) mem 0x8000a000 0x00000001
core   0: 0x8000958a (0x0000bfe5) c.j     pc - 8
core   0: 3 0x8000958a (0xbfe5)
core   0: 0x80009582 (0x00001f17) auipc   t5, 0x1
core   0: 3 0x80009582 (0x00001f17) x30 0x8000a582
core   0: 0x80009586 (0xa63f2f23) sw      gp, -1410(t5)
core   0: 3 0x80009586 (0xa63f2f23) mem 0x8000a000 0x00000001
core   0: 0x8000958a (0x0000bfe5) c.j     pc - 8
core   0: 3 0x8000958a (0xbfe5)
core   0: 0x80009582 (0x00001f17) auipc   t5, 0x1
core   0: 3 0x80009582 (0x00001f17) x30 0x8000a582
core   0: 0x80009586 (0xa63f2f23) sw      gp, -1410(t5)
core   0: 3 0x80009586 (0xa63f2f23) mem 0x8000a000 0x00000001
core   0: 0x8000958a (0x0000bfe5) c.j     pc - 8
core   0: 3 0x8000958a (0xbfe5)
core   0: 0x80009582 (0x00001f17) auipc   t5, 0x1
core   0: 3 0x80009582 (0x00001f17) x30 0x8000a582
core   0: 0x80009586 (0xa63f2f23) sw      gp, -1410(t5)
core   0: 3 0x80009586 (0xa63f2f23) mem 0x8000a000 0x00000001
core   0: 0x8000958a (0x0000bfe5) c.j     pc - 8
core   0: 3 0x8000958a (0xbfe5)
core   0: 0x80009582 (0x00001f17) auipc   t5, 0x1
core   0: 3 0x80009582 (0x00001f17) x30 0x8000a582
core   0: 0x80009586 (0xa63f2f23) sw      gp, -1410(t5)
core   0: 3 0x80009586 (0xa63f2f23) mem 0x8000a000 0x00000001
core   0: 0x8000958a (0x0000bfe5) c.j     pc - 8
core   0: 3 0x8000958a (0xbfe5)
core   0: 0x80009582 (0x00001f17) auipc   t5, 0x1
core   0: 3 0x80009582 (0x00001f17) x30 0x8000a582
core   0: 0x80009586 (0xa63f2f23) sw      gp, -1410(t5)
core   0: 3 0x80009586 (0xa63f2f23) mem 0x8000a000 0x00000001
core   0: 0x8000958a (0x0000bfe5) c.j     pc - 8
core   0: 3 0x8000958a (0xbfe5)
core   0: 0x80009582 (0x00001f17) auipc   t5, 0x1
core   0: 3 0x80009582 (0x00001f17) x30 0x8000a582
core   0: 0x80009586 (0xa63f2f23) sw      gp, -1410(t5)
core   0: 3 0x80009586 (0xa63f2f23) mem 0x8000a000 0x00000001
core   0: 0x8000958a (0x0000bfe5) c.j     pc - 8
core   0: 3 0x8000958a (0xbfe5)
core   0: 0x80009582 (0x00001f17) auipc   t5, 0x1
core   0: 3 0x80009582 (0x00001f17) x30 0x8000a582
core   0: 0x80009586 (0xa63f2f23) sw      gp, -1410(t5)
core   0: 3 0x80009586 (0xa63f2f23) mem 0x8000a000 0x00000001
core   0: 0x8000958a (0x0000bfe5) c.j     pc - 8
core   0: 3 0x8000958a (0xbfe5)
core   0: 0x80009582 (0x00001f17) auipc   t5, 0x1
core   0: 3 0x80009582 (0x00001f17) x30 0x8000a582
core   0: 0x80009586 (0xa63f2f23) sw      gp, -1410(t5)
core   0: 3 0x80009586 (0xa63f2f23) mem 0x8000a000 0x00000001
core   0: 0x8000958a (0x0000bfe5) c.j     pc - 8
core   0: 3 0x8000958a (0xbfe5)
core   0: 0x80009582 (0x00001f17) auipc   t5, 0x1
core   0: 3 0x80009582 (0x00001f17) x30 0x8000a582
core   0: 0x80009586 (0xa63f2f23) sw      gp, -1410(t5)
core   0: 3 0x80009586 (0xa63f2f23) mem 0x8000a000 0x00000001
core   0: 0x8000958a (0x0000bfe5) c.j     pc - 8
core   0: 3 0x8000958a (0xbfe5)
core   0: 0x80009582 (0x00001f17) auipc   t5, 0x1
core   0: 3 0x80009582 (0x00001f17) x30 0x8000a582
core   0: 0x80009586 (0xa63f2f23) sw      gp, -1410(t5)
core   0: 3 0x80009586 (0xa63f2f23) mem 0x8000a000 0x00000001
core   0: 0x8000958a (0x0000bfe5) c.j     pc - 8
core   0: 3 0x8000958a (0xbfe5)
core   0: 0x80009582 (0x00001f17) auipc   t5, 0x1
core   0: 3 0x80009582 (0x00001f17) x30 0x8000a582
core   0: 0x80009586 (0xa63f2f23) sw      gp, -1410(t5)
core   0: 3 0x80009586 (0xa63f2f23) mem 0x8000a000 0x00000001
core   0: 0x8000958a (0x0000bfe5) c.j     pc - 8
core   0: 3 0x8000958a (0xbfe5)
core   0: 0x80009582 (0x00001f17) auipc   t5, 0x1
core   0: 3 0x80009582 (0x00001f17) x30 0x8000a582
core   0: 0x80009586 (0xa63f2f23) sw      gp, -1410(t5)
core   0: 3 0x80009586 (0xa63f2f23) mem 0x8000a000 0x00000001
core   0: 0x8000958a (0x0000bfe5) c.j     pc - 8
core   0: 3 0x8000958a (0xbfe5)
core   0: 0x80009582 (0x00001f17) auipc   t5, 0x1
core   0: 3 0x80009582 (0x00001f17) x30 0x8000a582
core   0: 0x80009586 (0xa63f2f23) sw      gp, -1410(t5)
core   0: 3 0x80009586 (0xa63f2f23) mem 0x8000a000 0x00000001
core   0: 0x8000958a (0x0000bfe5) c.j     pc - 8
core   0: 3 0x8000958a (0xbfe5)
core   0: 0x80009582 (0x00001f17) auipc   t5, 0x1
core   0: 3 0x80009582 (0x00001f17) x30 0x8000a582
core   0: 0x80009586 (0xa63f2f23) sw      gp, -1410(t5)
core   0: 3 0x80009586 (0xa63f2f23) mem 0x8000a000 0x00000001
core   0: 0x8000958a (0x0000bfe5) c.j     pc - 8
core   0: 3 0x8000958a (0xbfe5)
core   0: 0x80009582 (0x00001f17) auipc   t5, 0x1
core   0: 3 0x80009582 (0x00001f17) x30 0x8000a582
core   0: 0x80009586 (0xa63f2f23) sw      gp, -1410(t5)
core   0: 3 0x80009586 (0xa63f2f23) mem 0x8000a000 0x00000001
core   0: 0x8000958a (0x0000bfe5) c.j     pc - 8
core   0: 3 0x8000958a (0xbfe5)
core   0: 0x80009582 (0x00001f17) auipc   t5, 0x1
core   0: 3 0x80009582 (0x00001f17) x30 0x8000a582
core   0: 0x80009586 (0xa63f2f23) sw      gp, -1410(t5)
core   0: 3 0x80009586 (0xa63f2f23) mem 0x8000a000 0x00000001
core   0: 0x8000958a (0x0000bfe5) c.j     pc - 8
core   0: 3 0x8000958a (0xbfe5)
core   0: 0x80009582 (0x00001f17) auipc   t5, 0x1
core   0: 3 0x80009582 (0x00001f17) x30 0x8000a582
core   0: 0x80009586 (0xa63f2f23) sw      gp, -1410(t5)
core   0: 3 0x80009586 (0xa63f2f23) mem 0x8000a000 0x00000001
core   0: 0x8000958a (0x0000bfe5) c.j     pc - 8
core   0: 3 0x8000958a (0xbfe5)
core   0: 0x80009582 (0x00001f17) auipc   t5, 0x1
core   0: 3 0x80009582 (0x00001f17) x30 0x8000a582
core   0: 0x80009586 (0xa63f2f23) sw      gp, -1410(t5)
core   0: 3 0x80009586 (0xa63f2f23) mem 0x8000a000 0x00000001
core   0: 0x8000958a (0x0000bfe5) c.j     pc - 8
core   0: 3 0x8000958a (0xbfe5)
core   0: 0x80009582 (0x00001f17) auipc   t5, 0x1
core   0: 3 0x80009582 (0x00001f17) x30 0x8000a582
core   0: 0x80009586 (0xa63f2f23) sw      gp, -1410(t5)
core   0: 3 0x80009586 (0xa63f2f23) mem 0x8000a000 0x00000001
core   0: 0x8000958a (0x0000bfe5) c.j     pc - 8
core   0: 3 0x8000958a (0xbfe5)
core   0: 0x80009582 (0x00001f17) auipc   t5, 0x1
core   0: 3 0x80009582 (0x00001f17) x30 0x8000a582
core   0: 0x80009586 (0xa63f2f23) sw      gp, -1410(t5)
core   0: 3 0x80009586 (0xa63f2f23) mem 0x8000a000 0x00000001
core   0: 0x8000958a (0x0000bfe5) c.j     pc - 8
core   0: 3 0x8000958a (0xbfe5)
core   0: 0x80009582 (0x00001f17) auipc   t5, 0x1
core   0: 3 0x80009582 (0x00001f17) x30 0x8000a582
core   0: 0x80009586 (0xa63f2f23) sw      gp, -1410(t5)
core   0: 3 0x80009586 (0xa63f2f23) mem 0x8000a000 0x00000001
core   0: 0x8000958a (0x0000bfe5) c.j     pc - 8
core   0: 3 0x8000958a (0xbfe5)
core   0: 0x80009582 (0x00001f17) auipc   t5, 0x1
core   0: 3 0x80009582 (0x00001f17) x30 0x8000a582
core   0: 0x80009586 (0xa63f2f23) sw      gp, -1410(t5)
core   0: 3 0x80009586 (0xa63f2f23) mem 0x8000a000 0x00000001
core   0: 0x8000958a (0x0000bfe5) c.j     pc - 8
core   0: 3 0x8000958a (0xbfe5)
core   0: 0x80009582 (0x00001f17) auipc   t5, 0x1
core   0: 3 0x80009582 (0x00001f17) x30 0x8000a582
core   0: 0x80009586 (0xa63f2f23) sw      gp, -1410(t5)
core   0: 3 0x80009586 (0xa63f2f23) mem 0x8000a000 0x00000001
core   0: 0x8000958a (0x0000bfe5) c.j     pc - 8
core   0: 3 0x8000958a (0xbfe5)
core   0: 0x80009582 (0x00001f17) auipc   t5, 0x1
core   0: 3 0x80009582 (0x00001f17) x30 0x8000a582
core   0: 0x80009586 (0xa63f2f23) sw      gp, -1410(t5)
core   0: 3 0x80009586 (0xa63f2f23) mem 0x8000a000 0x00000001
core   0: 0x8000958a (0x0000bfe5) c.j     pc - 8
core   0: 3 0x8000958a (0xbfe5)
core   0: 0x80009582 (0x00001f17) auipc   t5, 0x1
core   0: 3 0x80009582 (0x00001f17) x30 0x8000a582
core   0: 0x80009586 (0xa63f2f23) sw      gp, -1410(t5)
core   0: 3 0x80009586 (0xa63f2f23) mem 0x8000a000 0x00000001
core   0: 0x8000958a (0x0000bfe5) c.j     pc - 8
core   0: 3 0x8000958a (0xbfe5)
core   0: 0x80009582 (0x00001f17) auipc   t5, 0x1
core   0: 3 0x80009582 (0x00001f17) x30 0x8000a582
core   0: 0x80009586 (0xa63f2f23) sw      gp, -1410(t5)
core   0: 3 0x80009586 (0xa63f2f23) mem 0x8000a000 0x00000001
core   0: 0x8000958a (0x0000bfe5) c.j     pc - 8
core   0: 3 0x8000958a (0xbfe5)
core   0: 0x80009582 (0x00001f17) auipc   t5, 0x1
core   0: 3 0x80009582 (0x00001f17) x30 0x8000a582
core   0: 0x80009586 (0xa63f2f23) sw      gp, -1410(t5)
core   0: 3 0x80009586 (0xa63f2f23) mem 0x8000a000 0x00000001
core   0: 0x8000958a (0x0000bfe5) c.j     pc - 8
core   0: 3 0x8000958a (0xbfe5)
core   0: 0x80009582 (0x00001f17) auipc   t5, 0x1
core   0: 3 0x80009582 (0x00001f17) x30 0x8000a582
core   0: 0x80009586 (0xa63f2f23) sw      gp, -1410(t5)
core   0: 3 0x80009586 (0xa63f2f23) mem 0x8000a000 0x00000001
core   0: 0x8000958a (0x0000bfe5) c.j     pc - 8
core   0: 3 0x8000958a (0xbfe5)
core   0: 0x80009582 (0x00001f17) auipc   t5, 0x1
core   0: 3 0x80009582 (0x00001f17) x30 0x8000a582
core   0: 0x80009586 (0xa63f2f23) sw      gp, -1410(t5)
core   0: 3 0x80009586 (0xa63f2f23) mem 0x8000a000 0x00000001
core   0: 0x8000958a (0x0000bfe5) c.j     pc - 8
core   0: 3 0x8000958a (0xbfe5)
core   0: 0x80009582 (0x00001f17) auipc   t5, 0x1
core   0: 3 0x80009582 (0x00001f17) x30 0x8000a582
core   0: 0x80009586 (0xa63f2f23) sw      gp, -1410(t5)
core   0: 3 0x80009586 (0xa63f2f23) mem 0x8000a000 0x00000001
core   0: 0x8000958a (0x0000bfe5) c.j     pc - 8
core   0: 3 0x8000958a (0xbfe5)
core   0: 0x80009582 (0x00001f17) auipc   t5, 0x1
core   0: 3 0x80009582 (0x00001f17) x30 0x8000a582
core   0: 0x80009586 (0xa63f2f23) sw      gp, -1410(t5)
core   0: 3 0x80009586 (0xa63f2f23) mem 0x8000a000 0x00000001
core   0: 0x8000958a (0x0000bfe5) c.j     pc - 8
core   0: 3 0x8000958a (0xbfe5)
core   0: 0x80009582 (0x00001f17) auipc   t5, 0x1
core   0: 3 0x80009582 (0x00001f17) x30 0x8000a582
core   0: 0x80009586 (0xa63f2f23) sw      gp, -1410(t5)
core   0: 3 0x80009586 (0xa63f2f23) mem 0x8000a000 0x00000001
core   0: 0x8000958a (0x0000bfe5) c.j     pc - 8
core   0: 3 0x8000958a (0xbfe5)
core   0: 0x80009582 (0x00001f17) auipc   t5, 0x1
core   0: 3 0x80009582 (0x00001f17) x30 0x8000a582
core   0: 0x80009586 (0xa63f2f23) sw      gp, -1410(t5)
core   0: 3 0x80009586 (0xa63f2f23) mem 0x8000a000 0x00000001
core   0: 0x8000958a (0x0000bfe5) c.j     pc - 8
core   0: 3 0x8000958a (0xbfe5)
core   0: 0x80009582 (0x00001f17) auipc   t5, 0x1
core   0: 3 0x80009582 (0x00001f17) x30 0x8000a582
core   0: 0x80009586 (0xa63f2f23) sw      gp, -1410(t5)
core   0: 3 0x80009586 (0xa63f2f23) mem 0x8000a000 0x00000001
core   0: 0x8000958a (0x0000bfe5) c.j     pc - 8
core   0: 3 0x8000958a (0xbfe5)
core   0: 0x80009582 (0x00001f17) auipc   t5, 0x1
core   0: 3 0x80009582 (0x00001f17) x30 0x8000a582
core   0: 0x80009586 (0xa63f2f23) sw      gp, -1410(t5)
core   0: 3 0x80009586 (0xa63f2f23) mem 0x8000a000 0x00000001
core   0: 0x8000958a (0x0000bfe5) c.j     pc - 8
core   0: 3 0x8000958a (0xbfe5)
core   0: 0x80009582 (0x00001f17) auipc   t5, 0x1
core   0: 3 0x80009582 (0x00001f17) x30 0x8000a582
core   0: 0x80009586 (0xa63f2f23) sw      gp, -1410(t5)
core   0: 3 0x80009586 (0xa63f2f23) mem 0x8000a000 0x00000001
core   0: 0x8000958a (0x0000bfe5) c.j     pc - 8
core   0: 3 0x8000958a (0xbfe5)
core   0: 0x80009582 (0x00001f17) auipc   t5, 0x1
core   0: 3 0x80009582 (0x00001f17) x30 0x8000a582
core   0: 0x80009586 (0xa63f2f23) sw      gp, -1410(t5)
core   0: 3 0x80009586 (0xa63f2f23) mem 0x8000a000 0x00000001
core   0: 0x8000958a (0x0000bfe5) c.j     pc - 8
core   0: 3 0x8000958a (0xbfe5)
core   0: 0x80009582 (0x00001f17) auipc   t5, 0x1
core   0: 3 0x80009582 (0x00001f17) x30 0x8000a582
core   0: 0x80009586 (0xa63f2f23) sw      gp, -1410(t5)
core   0: 3 0x80009586 (0xa63f2f23) mem 0x8000a000 0x00000001
core   0: 0x8000958a (0x0000bfe5) c.j     pc - 8
core   0: 3 0x8000958a (0xbfe5)
core   0: 0x80009582 (0x00001f17) auipc   t5, 0x1
core   0: 3 0x80009582 (0x00001f17) x30 0x8000a582
core   0: 0x80009586 (0xa63f2f23) sw      gp, -1410(t5)
core   0: 3 0x80009586 (0xa63f2f23) mem 0x8000a000 0x00000001
core   0: 0x8000958a (0x0000bfe5) c.j     pc - 8
core   0: 3 0x8000958a (0xbfe5)
core   0: 0x80009582 (0x00001f17) auipc   t5, 0x1
core   0: 3 0x80009582 (0x00001f17) x30 0x8000a582
core   0: 0x80009586 (0xa63f2f23) sw      gp, -1410(t5)
core   0: 3 0x80009586 (0xa63f2f23) mem 0x8000a000 0x00000001
core   0: 0x8000958a (0x0000bfe5) c.j     pc - 8
core   0: 3 0x8000958a (0xbfe5)
core   0: 0x80009582 (0x00001f17) auipc   t5, 0x1
core   0: 3 0x80009582 (0x00001f17) x30 0x8000a582
core   0: 0x80009586 (0xa63f2f23) sw      gp, -1410(t5)
core   0: 3 0x80009586 (0xa63f2f23) mem 0x8000a000 0x00000001
core   0: 0x8000958a (0x0000bfe5) c.j     pc - 8
core   0: 3 0x8000958a (0xbfe5)
core   0: 0x80009582 (0x00001f17) auipc   t5, 0x1
core   0: 3 0x80009582 (0x00001f17) x30 0x8000a582
core   0: 0x80009586 (0xa63f2f23) sw      gp, -1410(t5)
core   0: 3 0x80009586 (0xa63f2f23) mem 0x8000a000 0x00000001
core   0: 0x8000958a (0x0000bfe5) c.j     pc - 8
core   0: 3 0x8000958a (0xbfe5)
core   0: 0x80009582 (0x00001f17) auipc   t5, 0x1
core   0: 3 0x80009582 (0x00001f17) x30 0x8000a582
core   0: 0x80009586 (0xa63f2f23) sw      gp, -1410(t5)
core   0: 3 0x80009586 (0xa63f2f23) mem 0x8000a000 0x00000001
core   0: 0x8000958a (0x0000bfe5) c.j     pc - 8
core   0: 3 0x8000958a (0xbfe5)
core   0: 0x80009582 (0x00001f17) auipc   t5, 0x1
core   0: 3 0x80009582 (0x00001f17) x30 0x8000a582
core   0: 0x80009586 (0xa63f2f23) sw      gp, -1410(t5)
core   0: 3 0x80009586 (0xa63f2f23) mem 0x8000a000 0x00000001
core   0: 0x8000958a (0x0000bfe5) c.j     pc - 8
core   0: 3 0x8000958a (0xbfe5)
core   0: 0x80009582 (0x00001f17) auipc   t5, 0x1
core   0: 3 0x80009582 (0x00001f17) x30 0x8000a582
core   0: 0x80009586 (0xa63f2f23) sw      gp, -1410(t5)
core   0: 3 0x80009586 (0xa63f2f23) mem 0x8000a000 0x00000001
core   0: 0x8000958a (0x0000bfe5) c.j     pc - 8
core   0: 3 0x8000958a (0xbfe5)
core   0: 0x80009582 (0x00001f17) auipc   t5, 0x1
core   0: 3 0x80009582 (0x00001f17) x30 0x8000a582
core   0: 0x80009586 (0xa63f2f23) sw      gp, -1410(t5)
core   0: 3 0x80009586 (0xa63f2f23) mem 0x8000a000 0x00000001
core   0: 0x8000958a (0x0000bfe5) c.j     pc - 8
core   0: 3 0x8000958a (0xbfe5)
core   0: 0x80009582 (0x00001f17) auipc   t5, 0x1
core   0: 3 0x80009582 (0x00001f17) x30 0x8000a582
core   0: 0x80009586 (0xa63f2f23) sw      gp, -1410(t5)
core   0: 3 0x80009586 (0xa63f2f23) mem 0x8000a000 0x00000001
core   0: 0x8000958a (0x0000bfe5) c.j     pc - 8
core   0: 3 0x8000958a (0xbfe5)
core   0: 0x80009582 (0x00001f17) auipc   t5, 0x1
core   0: 3 0x80009582 (0x00001f17) x30 0x8000a582
core   0: 0x80009586 (0xa63f2f23) sw      gp, -1410(t5)
core   0: 3 0x80009586 (0xa63f2f23) mem 0x8000a000 0x00000001
core   0: 0x8000958a (0x0000bfe5) c.j     pc - 8
core   0: 3 0x8000958a (0xbfe5)
core   0: 0x80009582 (0x00001f17) auipc   t5, 0x1
core   0: 3 0x80009582 (0x00001f17) x30 0x8000a582
core   0: 0x80009586 (0xa63f2f23) sw      gp, -1410(t5)
core   0: 3 0x80009586 (0xa63f2f23) mem 0x8000a000 0x00000001
core   0: 0x8000958a (0x0000bfe5) c.j     pc - 8
core   0: 3 0x8000958a (0xbfe5)
core   0: 0x80009582 (0x00001f17) auipc   t5, 0x1
core   0: 3 0x80009582 (0x00001f17) x30 0x8000a582
core   0: 0x80009586 (0xa63f2f23) sw      gp, -1410(t5)
core   0: 3 0x80009586 (0xa63f2f23) mem 0x8000a000 0x00000001
core   0: 0x8000958a (0x0000bfe5) c.j     pc - 8
core   0: 3 0x8000958a (0xbfe5)
core   0: 0x80009582 (0x00001f17) auipc   t5, 0x1
core   0: 3 0x80009582 (0x00001f17) x30 0x8000a582
core   0: 0x80009586 (0xa63f2f23) sw      gp, -1410(t5)
core   0: 3 0x80009586 (0xa63f2f23) mem 0x8000a000 0x00000001
core   0: 0x8000958a (0x0000bfe5) c.j     pc - 8
core   0: 3 0x8000958a (0xbfe5)
core   0: 0x80009582 (0x00001f17) auipc   t5, 0x1
core   0: 3 0x80009582 (0x00001f17) x30 0x8000a582
core   0: 0x80009586 (0xa63f2f23) sw      gp, -1410(t5)
core   0: 3 0x80009586 (0xa63f2f23) mem 0x8000a000 0x00000001
core   0: 0x8000958a (0x0000bfe5) c.j     pc - 8
core   0: 3 0x8000958a (0xbfe5)
core   0: 0x80009582 (0x00001f17) auipc   t5, 0x1
core   0: 3 0x80009582 (0x00001f17) x30 0x8000a582
core   0: 0x80009586 (0xa63f2f23) sw      gp, -1410(t5)
core   0: 3 0x80009586 (0xa63f2f23) mem 0x8000a000 0x00000001
core   0: 0x8000958a (0x0000bfe5) c.j     pc - 8
core   0: 3 0x8000958a (0xbfe5)
core   0: 0x80009582 (0x00001f17) auipc   t5, 0x1
core   0: 3 0x80009582 (0x00001f17) x30 0x8000a582
core   0: 0x80009586 (0xa63f2f23) sw      gp, -1410(t5)
core   0: 3 0x80009586 (0xa63f2f23) mem 0x8000a000 0x00000001
core   0: 0x8000958a (0x0000bfe5) c.j     pc - 8
core   0: 3 0x8000958a (0xbfe5)
core   0: 0x80009582 (0x00001f17) auipc   t5, 0x1
core   0: 3 0x80009582 (0x00001f17) x30 0x8000a582
core   0: 0x80009586 (0xa63f2f23) sw      gp, -1410(t5)
core   0: 3 0x80009586 (0xa63f2f23) mem 0x8000a000 0x00000001
core   0: 0x8000958a (0x0000bfe5) c.j     pc - 8
core   0: 3 0x8000958a (0xbfe5)
core   0: 0x80009582 (0x00001f17) auipc   t5, 0x1
core   0: 3 0x80009582 (0x00001f17) x30 0x8000a582
core   0: 0x80009586 (0xa63f2f23) sw      gp, -1410(t5)
core   0: 3 0x80009586 (0xa63f2f23) mem 0x8000a000 0x00000001
core   0: 0x8000958a (0x0000bfe5) c.j     pc - 8
core   0: 3 0x8000958a (0xbfe5)
core   0: 0x80009582 (0x00001f17) auipc   t5, 0x1
core   0: 3 0x80009582 (0x00001f17) x30 0x8000a582
core   0: 0x80009586 (0xa63f2f23) sw      gp, -1410(t5)
core   0: 3 0x80009586 (0xa63f2f23) mem 0x8000a000 0x00000001
core   0: 0x8000958a (0x0000bfe5) c.j     pc - 8
core   0: 3 0x8000958a (0xbfe5)
core   0: 0x80009582 (0x00001f17) auipc   t5, 0x1
core   0: 3 0x80009582 (0x00001f17) x30 0x8000a582
core   0: 0x80009586 (0xa63f2f23) sw      gp, -1410(t5)
core   0: 3 0x80009586 (0xa63f2f23) mem 0x8000a000 0x00000001
core   0: 0x8000958a (0x0000bfe5) c.j     pc - 8
core   0: 3 0x8000958a (0xbfe5)
core   0: 0x80009582 (0x00001f17) auipc   t5, 0x1
core   0: 3 0x80009582 (0x00001f17) x30 0x8000a582
core   0: 0x80009586 (0xa63f2f23) sw      gp, -1410(t5)
core   0: 3 0x80009586 (0xa63f2f23) mem 0x8000a000 0x00000001
core   0: 0x8000958a (0x0000bfe5) c.j     pc - 8
core   0: 3 0x8000958a (0xbfe5)
core   0: 0x80009582 (0x00001f17) auipc   t5, 0x1
core   0: 3 0x80009582 (0x00001f17) x30 0x8000a582
core   0: 0x80009586 (0xa63f2f23) sw      gp, -1410(t5)
core   0: 3 0x80009586 (0xa63f2f23) mem 0x8000a000 0x00000001
core   0: 0x8000958a (0x0000bfe5) c.j     pc - 8
core   0: 3 0x8000958a (0xbfe5)
core   0: 0x80009582 (0x00001f17) auipc   t5, 0x1
core   0: 3 0x80009582 (0x00001f17) x30 0x8000a582
core   0: 0x80009586 (0xa63f2f23) sw      gp, -1410(t5)
core   0: 3 0x80009586 (0xa63f2f23) mem 0x8000a000 0x00000001
core   0: 0x8000958a (0x0000bfe5) c.j     pc - 8
core   0: 3 0x8000958a (0xbfe5)
core   0: 0x80009582 (0x00001f17) auipc   t5, 0x1
core   0: 3 0x80009582 (0x00001f17) x30 0x8000a582
core   0: 0x80009586 (0xa63f2f23) sw      gp, -1410(t5)
core   0: 3 0x80009586 (0xa63f2f23) mem 0x8000a000 0x00000001
core   0: 0x8000958a (0x0000bfe5) c.j     pc - 8
core   0: 3 0x8000958a (0xbfe5)
core   0: 0x80009582 (0x00001f17) auipc   t5, 0x1
core   0: 3 0x80009582 (0x00001f17) x30 0x8000a582
core   0: 0x80009586 (0xa63f2f23) sw      gp, -1410(t5)
core   0: 3 0x80009586 (0xa63f2f23) mem 0x8000a000 0x00000001
core   0: 0x8000958a (0x0000bfe5) c.j     pc - 8
core   0: 3 0x8000958a (0xbfe5)
core   0: 0x80009582 (0x00001f17) auipc   t5, 0x1
core   0: 3 0x80009582 (0x00001f17) x30 0x8000a582
core   0: 0x80009586 (0xa63f2f23) sw      gp, -1410(t5)
core   0: 3 0x80009586 (0xa63f2f23) mem 0x8000a000 0x00000001
core   0: 0x8000958a (0x0000bfe5) c.j     pc - 8
core   0: 3 0x8000958a (0xbfe5)
core   0: 0x80009582 (0x00001f17) auipc   t5, 0x1
core   0: 3 0x80009582 (0x00001f17) x30 0x8000a582
core   0: 0x80009586 (0xa63f2f23) sw      gp, -1410(t5)
core   0: 3 0x80009586 (0xa63f2f23) mem 0x8000a000 0x00000001
core   0: 0x8000958a (0x0000bfe5) c.j     pc - 8
core   0: 3 0x8000958a (0xbfe5)
core   0: 0x80009582 (0x00001f17) auipc   t5, 0x1
core   0: 3 0x80009582 (0x00001f17) x30 0x8000a582
core   0: 0x80009586 (0xa63f2f23) sw      gp, -1410(t5)
core   0: 3 0x80009586 (0xa63f2f23) mem 0x8000a000 0x00000001
core   0: 0x8000958a (0x0000bfe5) c.j     pc - 8
core   0: 3 0x8000958a (0xbfe5)
core   0: 0x80009582 (0x00001f17) auipc   t5, 0x1
core   0: 3 0x80009582 (0x00001f17) x30 0x8000a582
core   0: 0x80009586 (0xa63f2f23) sw      gp, -1410(t5)
core   0: 3 0x80009586 (0xa63f2f23) mem 0x8000a000 0x00000001
core   0: 0x8000958a (0x0000bfe5) c.j     pc - 8
core   0: 3 0x8000958a (0xbfe5)
core   0: 0x80009582 (0x00001f17) auipc   t5, 0x1
core   0: 3 0x80009582 (0x00001f17) x30 0x8000a582
core   0: 0x80009586 (0xa63f2f23) sw      gp, -1410(t5)
core   0: 3 0x80009586 (0xa63f2f23) mem 0x8000a000 0x00000001
core   0: 0x8000958a (0x0000bfe5) c.j     pc - 8
core   0: 3 0x8000958a (0xbfe5)
core   0: 0x80009582 (0x00001f17) auipc   t5, 0x1
core   0: 3 0x80009582 (0x00001f17) x30 0x8000a582
core   0: 0x80009586 (0xa63f2f23) sw      gp, -1410(t5)
core   0: 3 0x80009586 (0xa63f2f23) mem 0x8000a000 0x00000001
core   0: 0x8000958a (0x0000bfe5) c.j     pc - 8
core   0: 3 0x8000958a (0xbfe5)
core   0: 0x80009582 (0x00001f17) auipc   t5, 0x1
core   0: 3 0x80009582 (0x00001f17) x30 0x8000a582
core   0: 0x80009586 (0xa63f2f23) sw      gp, -1410(t5)
core   0: 3 0x80009586 (0xa63f2f23) mem 0x8000a000 0x00000001
core   0: 0x8000958a (0x0000bfe5) c.j     pc - 8
core   0: 3 0x8000958a (0xbfe5)
core   0: 0x80009582 (0x00001f17) auipc   t5, 0x1
core   0: 3 0x80009582 (0x00001f17) x30 0x8000a582
core   0: 0x80009586 (0xa63f2f23) sw      gp, -1410(t5)
core   0: 3 0x80009586 (0xa63f2f23) mem 0x8000a000 0x00000001
core   0: 0x8000958a (0x0000bfe5) c.j     pc - 8
core   0: 3 0x8000958a (0xbfe5)
core   0: 0x80009582 (0x00001f17) auipc   t5, 0x1
core   0: 3 0x80009582 (0x00001f17) x30 0x8000a582
core   0: 0x80009586 (0xa63f2f23) sw      gp, -1410(t5)
core   0: 3 0x80009586 (0xa63f2f23) mem 0x8000a000 0x00000001
core   0: 0x8000958a (0x0000bfe5) c.j     pc - 8
core   0: 3 0x8000958a (0xbfe5)
core   0: 0x80009582 (0x00001f17) auipc   t5, 0x1
core   0: 3 0x80009582 (0x00001f17) x30 0x8000a582
core   0: 0x80009586 (0xa63f2f23) sw      gp, -1410(t5)
core   0: 3 0x80009586 (0xa63f2f23) mem 0x8000a000 0x00000001
core   0: 0x8000958a (0x0000bfe5) c.j     pc - 8
core   0: 3 0x8000958a (0xbfe5)
core   0: 0x80009582 (0x00001f17) auipc   t5, 0x1
core   0: 3 0x80009582 (0x00001f17) x30 0x8000a582
core   0: 0x80009586 (0xa63f2f23) sw      gp, -1410(t5)
core   0: 3 0x80009586 (0xa63f2f23) mem 0x8000a000 0x00000001
core   0: 0x8000958a (0x0000bfe5) c.j     pc - 8
core   0: 3 0x8000958a (0xbfe5)
core   0: 0x80009582 (0x00001f17) auipc   t5, 0x1
core   0: 3 0x80009582 (0x00001f17) x30 0x8000a582
core   0: 0x80009586 (0xa63f2f23) sw      gp, -1410(t5)
core   0: 3 0x80009586 (0xa63f2f23) mem 0x8000a000 0x00000001
core   0: 0x8000958a (0x0000bfe5) c.j     pc - 8
core   0: 3 0x8000958a (0xbfe5)
core   0: 0x80009582 (0x00001f17) auipc   t5, 0x1
core   0: 3 0x80009582 (0x00001f17) x30 0x8000a582
core   0: 0x80009586 (0xa63f2f23) sw      gp, -1410(t5)
core   0: 3 0x80009586 (0xa63f2f23) mem 0x8000a000 0x00000001
core   0: 0x8000958a (0x0000bfe5) c.j     pc - 8
core   0: 3 0x8000958a (0xbfe5)
core   0: 0x80009582 (0x00001f17) auipc   t5, 0x1
core   0: 3 0x80009582 (0x00001f17) x30 0x8000a582
core   0: 0x80009586 (0xa63f2f23) sw      gp, -1410(t5)
core   0: 3 0x80009586 (0xa63f2f23) mem 0x8000a000 0x00000001
core   0: 0x8000958a (0x0000bfe5) c.j     pc - 8
core   0: 3 0x8000958a (0xbfe5)
core   0: 0x80009582 (0x00001f17) auipc   t5, 0x1
core   0: 3 0x80009582 (0x00001f17) x30 0x8000a582
core   0: 0x80009586 (0xa63f2f23) sw      gp, -1410(t5)
core   0: 3 0x80009586 (0xa63f2f23) mem 0x8000a000 0x00000001
core   0: 0x8000958a (0x0000bfe5) c.j     pc - 8
core   0: 3 0x8000958a (0xbfe5)
core   0: 0x80009582 (0x00001f17) auipc   t5, 0x1
core   0: 3 0x80009582 (0x00001f17) x30 0x8000a582
core   0: 0x80009586 (0xa63f2f23) sw      gp, -1410(t5)
core   0: 3 0x80009586 (0xa63f2f23) mem 0x8000a000 0x00000001
core   0: 0x8000958a (0x0000bfe5) c.j     pc - 8
core   0: 3 0x8000958a (0xbfe5)
core   0: 0x80009582 (0x00001f17) auipc   t5, 0x1
core   0: 3 0x80009582 (0x00001f17) x30 0x8000a582
core   0: 0x80009586 (0xa63f2f23) sw      gp, -1410(t5)
core   0: 3 0x80009586 (0xa63f2f23) mem 0x8000a000 0x00000001
core   0: 0x8000958a (0x0000bfe5) c.j     pc - 8
core   0: 3 0x8000958a (0xbfe5)
core   0: 0x80009582 (0x00001f17) auipc   t5, 0x1
core   0: 3 0x80009582 (0x00001f17) x30 0x8000a582
core   0: 0x80009586 (0xa63f2f23) sw      gp, -1410(t5)
core   0: 3 0x80009586 (0xa63f2f23) mem 0x8000a000 0x00000001
core   0: 0x8000958a (0x0000bfe5) c.j     pc - 8
core   0: 3 0x8000958a (0xbfe5)
core   0: 0x80009582 (0x00001f17) auipc   t5, 0x1
core   0: 3 0x80009582 (0x00001f17) x30 0x8000a582
core   0: 0x80009586 (0xa63f2f23) sw      gp, -1410(t5)
core   0: 3 0x80009586 (0xa63f2f23) mem 0x8000a000 0x00000001
core   0: 0x8000958a (0x0000bfe5) c.j     pc - 8
core   0: 3 0x8000958a (0xbfe5)
core   0: 0x80009582 (0x00001f17) auipc   t5, 0x1
core   0: 3 0x80009582 (0x00001f17) x30 0x8000a582
core   0: 0x80009586 (0xa63f2f23) sw      gp, -1410(t5)
core   0: 3 0x80009586 (0xa63f2f23) mem 0x8000a000 0x00000001
core   0: 0x8000958a (0x0000bfe5) c.j     pc - 8
core   0: 3 0x8000958a (0xbfe5)
core   0: 0x80009582 (0x00001f17) auipc   t5, 0x1
core   0: 3 0x80009582 (0x00001f17) x30 0x8000a582
core   0: 0x80009586 (0xa63f2f23) sw      gp, -1410(t5)
core   0: 3 0x80009586 (0xa63f2f23) mem 0x8000a000 0x00000001
core   0: 0x8000958a (0x0000bfe5) c.j     pc - 8
core   0: 3 0x8000958a (0xbfe5)
core   0: 0x80009582 (0x00001f17) auipc   t5, 0x1
core   0: 3 0x80009582 (0x00001f17) x30 0x8000a582
core   0: 0x80009586 (0xa63f2f23) sw      gp, -1410(t5)
core   0: 3 0x80009586 (0xa63f2f23) mem 0x8000a000 0x00000001
core   0: 0x8000958a (0x0000bfe5) c.j     pc - 8
core   0: 3 0x8000958a (0xbfe5)
core   0: 0x80009582 (0x00001f17) auipc   t5, 0x1
core   0: 3 0x80009582 (0x00001f17) x30 0x8000a582
core   0: 0x80009586 (0xa63f2f23) sw      gp, -1410(t5)
core   0: 3 0x80009586 (0xa63f2f23) mem 0x8000a000 0x00000001
core   0: 0x8000958a (0x0000bfe5) c.j     pc - 8
core   0: 3 0x8000958a (0xbfe5)
core   0: 0x80009582 (0x00001f17) auipc   t5, 0x1
core   0: 3 0x80009582 (0x00001f17) x30 0x8000a582
core   0: 0x80009586 (0xa63f2f23) sw      gp, -1410(t5)
core   0: 3 0x80009586 (0xa63f2f23) mem 0x8000a000 0x00000001
core   0: 0x8000958a (0x0000bfe5) c.j     pc - 8
core   0: 3 0x8000958a (0xbfe5)
core   0: 0x80009582 (0x00001f17) auipc   t5, 0x1
core   0: 3 0x80009582 (0x00001f17) x30 0x8000a582
core   0: 0x80009586 (0xa63f2f23) sw      gp, -1410(t5)
core   0: 3 0x80009586 (0xa63f2f23) mem 0x8000a000 0x00000001
core   0: 0x8000958a (0x0000bfe5) c.j     pc - 8
core   0: 3 0x8000958a (0xbfe5)
core   0: 0x80009582 (0x00001f17) auipc   t5, 0x1
core   0: 3 0x80009582 (0x00001f17) x30 0x8000a582
core   0: 0x80009586 (0xa63f2f23) sw      gp, -1410(t5)
core   0: 3 0x80009586 (0xa63f2f23) mem 0x8000a000 0x00000001
core   0: 0x8000958a (0x0000bfe5) c.j     pc - 8
core   0: 3 0x8000958a (0xbfe5)
core   0: 0x80009582 (0x00001f17) auipc   t5, 0x1
core   0: 3 0x80009582 (0x00001f17) x30 0x8000a582
core   0: 0x80009586 (0xa63f2f23) sw      gp, -1410(t5)
core   0: 3 0x80009586 (0xa63f2f23) mem 0x8000a000 0x00000001
core   0: 0x8000958a (0x0000bfe5) c.j     pc - 8
core   0: 3 0x8000958a (0xbfe5)
core   0: 0x80009582 (0x00001f17) auipc   t5, 0x1
core   0: 3 0x80009582 (0x00001f17) x30 0x8000a582
core   0: 0x80009586 (0xa63f2f23) sw      gp, -1410(t5)
core   0: 3 0x80009586 (0xa63f2f23) mem 0x8000a000 0x00000001
core   0: 0x8000958a (0x0000bfe5) c.j     pc - 8
core   0: 3 0x8000958a (0xbfe5)
core   0: 0x80009582 (0x00001f17) auipc   t5, 0x1
core   0: 3 0x80009582 (0x00001f17) x30 0x8000a582
core   0: 0x80009586 (0xa63f2f23) sw      gp, -1410(t5)
core   0: 3 0x80009586 (0xa63f2f23) mem 0x8000a000 0x00000001
core   0: 0x8000958a (0x0000bfe5) c.j     pc - 8
core   0: 3 0x8000958a (0xbfe5)
core   0: 0x80009582 (0x00001f17) auipc   t5, 0x1
core   0: 3 0x80009582 (0x00001f17) x30 0x8000a582
core   0: 0x80009586 (0xa63f2f23) sw      gp, -1410(t5)
core   0: 3 0x80009586 (0xa63f2f23) mem 0x8000a000 0x00000001
core   0: 0x8000958a (0x0000bfe5) c.j     pc - 8
core   0: 3 0x8000958a (0xbfe5)
core   0: 0x80009582 (0x00001f17) auipc   t5, 0x1
core   0: 3 0x80009582 (0x00001f17) x30 0x8000a582
core   0: 0x80009586 (0xa63f2f23) sw      gp, -1410(t5)
core   0: 3 0x80009586 (0xa63f2f23) mem 0x8000a000 0x00000001
core   0: 0x8000958a (0x0000bfe5) c.j     pc - 8
core   0: 3 0x8000958a (0xbfe5)
core   0: 0x80009582 (0x00001f17) auipc   t5, 0x1
core   0: 3 0x80009582 (0x00001f17) x30 0x8000a582
core   0: 0x80009586 (0xa63f2f23) sw      gp, -1410(t5)
core   0: 3 0x80009586 (0xa63f2f23) mem 0x8000a000 0x00000001
core   0: 0x8000958a (0x0000bfe5) c.j     pc - 8
core   0: 3 0x8000958a (0xbfe5)
core   0: 0x80009582 (0x00001f17) auipc   t5, 0x1
core   0: 3 0x80009582 (0x00001f17) x30 0x8000a582
core   0: 0x80009586 (0xa63f2f23) sw      gp, -1410(t5)
core   0: 3 0x80009586 (0xa63f2f23) mem 0x8000a000 0x00000001
core   0: 0x8000958a (0x0000bfe5) c.j     pc - 8
core   0: 3 0x8000958a (0xbfe5)
core   0: 0x80009582 (0x00001f17) auipc   t5, 0x1
core   0: 3 0x80009582 (0x00001f17) x30 0x8000a582
core   0: 0x80009586 (0xa63f2f23) sw      gp, -1410(t5)
core   0: 3 0x80009586 (0xa63f2f23) mem 0x8000a000 0x00000001
core   0: 0x8000958a (0x0000bfe5) c.j     pc - 8
core   0: 3 0x8000958a (0xbfe5)
core   0: 0x80009582 (0x00001f17) auipc   t5, 0x1
core   0: 3 0x80009582 (0x00001f17) x30 0x8000a582
core   0: 0x80009586 (0xa63f2f23) sw      gp, -1410(t5)
core   0: 3 0x80009586 (0xa63f2f23) mem 0x8000a000 0x00000001
core   0: 0x8000958a (0x0000bfe5) c.j     pc - 8
core   0: 3 0x8000958a (0xbfe5)
core   0: 0x80009582 (0x00001f17) auipc   t5, 0x1
core   0: 3 0x80009582 (0x00001f17) x30 0x8000a582
core   0: 0x80009586 (0xa63f2f23) sw      gp, -1410(t5)
core   0: 3 0x80009586 (0xa63f2f23) mem 0x8000a000 0x00000001
core   0: 0x8000958a (0x0000bfe5) c.j     pc - 8
core   0: 3 0x8000958a (0xbfe5)
core   0: 0x80009582 (0x00001f17) auipc   t5, 0x1
core   0: 3 0x80009582 (0x00001f17) x30 0x8000a582
core   0: 0x80009586 (0xa63f2f23) sw      gp, -1410(t5)
core   0: 3 0x80009586 (0xa63f2f23) mem 0x8000a000 0x00000001
core   0: 0x8000958a (0x0000bfe5) c.j     pc - 8
core   0: 3 0x8000958a (0xbfe5)
core   0: 0x80009582 (0x00001f17) auipc   t5, 0x1
core   0: 3 0x80009582 (0x00001f17) x30 0x8000a582
core   0: 0x80009586 (0xa63f2f23) sw      gp, -1410(t5)
core   0: 3 0x80009586 (0xa63f2f23) mem 0x8000a000 0x00000001
core   0: 0x8000958a (0x0000bfe5) c.j     pc - 8
core   0: 3 0x8000958a (0xbfe5)
core   0: 0x80009582 (0x00001f17) auipc   t5, 0x1
core   0: 3 0x80009582 (0x00001f17) x30 0x8000a582
core   0: 0x80009586 (0xa63f2f23) sw      gp, -1410(t5)
core   0: 3 0x80009586 (0xa63f2f23) mem 0x8000a000 0x00000001
core   0: 0x8000958a (0x0000bfe5) c.j     pc - 8
core   0: 3 0x8000958a (0xbfe5)
core   0: 0x80009582 (0x00001f17) auipc   t5, 0x1
core   0: 3 0x80009582 (0x00001f17) x30 0x8000a582
core   0: 0x80009586 (0xa63f2f23) sw      gp, -1410(t5)
core   0: 3 0x80009586 (0xa63f2f23) mem 0x8000a000 0x00000001
core   0: 0x8000958a (0x0000bfe5) c.j     pc - 8
core   0: 3 0x8000958a (0xbfe5)
core   0: 0x80009582 (0x00001f17) auipc   t5, 0x1
core   0: 3 0x80009582 (0x00001f17) x30 0x8000a582
core   0: 0x80009586 (0xa63f2f23) sw      gp, -1410(t5)
core   0: 3 0x80009586 (0xa63f2f23) mem 0x8000a000 0x00000001
core   0: 0x8000958a (0x0000bfe5) c.j     pc - 8
core   0: 3 0x8000958a (0xbfe5)
core   0: 0x80009582 (0x00001f17) auipc   t5, 0x1
core   0: 3 0x80009582 (0x00001f17) x30 0x8000a582
core   0: 0x80009586 (0xa63f2f23) sw      gp, -1410(t5)
core   0: 3 0x80009586 (0xa63f2f23) mem 0x8000a000 0x00000001
core   0: 0x8000958a (0x0000bfe5) c.j     pc - 8
core   0: 3 0x8000958a (0xbfe5)
core   0: 0x80009582 (0x00001f17) auipc   t5, 0x1
core   0: 3 0x80009582 (0x00001f17) x30 0x8000a582
core   0: 0x80009586 (0xa63f2f23) sw      gp, -1410(t5)
core   0: 3 0x80009586 (0xa63f2f23) mem 0x8000a000 0x00000001
core   0: 0x8000958a (0x0000bfe5) c.j     pc - 8
core   0: 3 0x8000958a (0xbfe5)
core   0: 0x80009582 (0x00001f17) auipc   t5, 0x1
core   0: 3 0x80009582 (0x00001f17) x30 0x8000a582
core   0: 0x80009586 (0xa63f2f23) sw      gp, -1410(t5)
core   0: 3 0x80009586 (0xa63f2f23) mem 0x8000a000 0x00000001
core   0: 0x8000958a (0x0000bfe5) c.j     pc - 8
core   0: 3 0x8000958a (0xbfe5)
core   0: 0x80009582 (0x00001f17) auipc   t5, 0x1
core   0: 3 0x80009582 (0x00001f17) x30 0x8000a582
core   0: 0x80009586 (0xa63f2f23) sw      gp, -1410(t5)
core   0: 3 0x80009586 (0xa63f2f23) mem 0x8000a000 0x00000001
core   0: 0x8000958a (0x0000bfe5) c.j     pc - 8
core   0: 3 0x8000958a (0xbfe5)
core   0: 0x80009582 (0x00001f17) auipc   t5, 0x1
core   0: 3 0x80009582 (0x00001f17) x30 0x8000a582
core   0: 0x80009586 (0xa63f2f23) sw      gp, -1410(t5)
core   0: 3 0x80009586 (0xa63f2f23) mem 0x8000a000 0x00000001
core   0: 0x8000958a (0x0000bfe5) c.j     pc - 8
core   0: 3 0x8000958a (0xbfe5)
core   0: 0x80009582 (0x00001f17) auipc   t5, 0x1
core   0: 3 0x80009582 (0x00001f17) x30 0x8000a582
core   0: 0x80009586 (0xa63f2f23) sw      gp, -1410(t5)
core   0: 3 0x80009586 (0xa63f2f23) mem 0x8000a000 0x00000001
core   0: 0x8000958a (0x0000bfe5) c.j     pc - 8
core   0: 3 0x8000958a (0xbfe5)
core   0: 0x80009582 (0x00001f17) auipc   t5, 0x1
core   0: 3 0x80009582 (0x00001f17) x30 0x8000a582
core   0: 0x80009586 (0xa63f2f23) sw      gp, -1410(t5)
core   0: 3 0x80009586 (0xa63f2f23) mem 0x8000a000 0x00000001
core   0: 0x8000958a (0x0000bfe5) c.j     pc - 8
core   0: 3 0x8000958a (0xbfe5)
core   0: 0x80009582 (0x00001f17) auipc   t5, 0x1
core   0: 3 0x80009582 (0x00001f17) x30 0x8000a582
core   0: 0x80009586 (0xa63f2f23) sw      gp, -1410(t5)
core   0: 3 0x80009586 (0xa63f2f23) mem 0x8000a000 0x00000001
core   0: 0x8000958a (0x0000bfe5) c.j     pc - 8
core   0: 3 0x8000958a (0xbfe5)
core   0: 0x80009582 (0x00001f17) auipc   t5, 0x1
core   0: 3 0x80009582 (0x00001f17) x30 0x8000a582
core   0: 0x80009586 (0xa63f2f23) sw      gp, -1410(t5)
core   0: 3 0x80009586 (0xa63f2f23) mem 0x8000a000 0x00000001
core   0: 0x8000958a (0x0000bfe5) c.j     pc - 8
core   0: 3 0x8000958a (0xbfe5)
core   0: 0x80009582 (0x00001f17) auipc   t5, 0x1
core   0: 3 0x80009582 (0x00001f17) x30 0x8000a582
core   0: 0x80009586 (0xa63f2f23) sw      gp, -1410(t5)
core   0: 3 0x80009586 (0xa63f2f23) mem 0x8000a000 0x00000001
core   0: 0x8000958a (0x0000bfe5) c.j     pc - 8
core   0: 3 0x8000958a (0xbfe5)
core   0: 0x80009582 (0x00001f17) auipc   t5, 0x1
core   0: 3 0x80009582 (0x00001f17) x30 0x8000a582
core   0: 0x80009586 (0xa63f2f23) sw      gp, -1410(t5)
core   0: 3 0x80009586 (0xa63f2f23) mem 0x8000a000 0x00000001
core   0: 0x8000958a (0x0000bfe5) c.j     pc - 8
core   0: 3 0x8000958a (0xbfe5)
core   0: 0x80009582 (0x00001f17) auipc   t5, 0x1
core   0: 3 0x80009582 (0x00001f17) x30 0x8000a582
core   0: 0x80009586 (0xa63f2f23) sw      gp, -1410(t5)
core   0: 3 0x80009586 (0xa63f2f23) mem 0x8000a000 0x00000001
core   0: 0x8000958a (0x0000bfe5) c.j     pc - 8
core   0: 3 0x8000958a (0xbfe5)
core   0: 0x80009582 (0x00001f17) auipc   t5, 0x1
core   0: 3 0x80009582 (0x00001f17) x30 0x8000a582
core   0: 0x80009586 (0xa63f2f23) sw      gp, -1410(t5)
core   0: 3 0x80009586 (0xa63f2f23) mem 0x8000a000 0x00000001
core   0: 0x8000958a (0x0000bfe5) c.j     pc - 8
core   0: 3 0x8000958a (0xbfe5)
core   0: 0x80009582 (0x00001f17) auipc   t5, 0x1
core   0: 3 0x80009582 (0x00001f17) x30 0x8000a582
core   0: 0x80009586 (0xa63f2f23) sw      gp, -1410(t5)
core   0: 3 0x80009586 (0xa63f2f23) mem 0x8000a000 0x00000001
core   0: 0x8000958a (0x0000bfe5) c.j     pc - 8
core   0: 3 0x8000958a (0xbfe5)
core   0: 0x80009582 (0x00001f17) auipc   t5, 0x1
core   0: 3 0x80009582 (0x00001f17) x30 0x8000a582
core   0: 0x80009586 (0xa63f2f23) sw      gp, -1410(t5)
core   0: 3 0x80009586 (0xa63f2f23) mem 0x8000a000 0x00000001
core   0: 0x8000958a (0x0000bfe5) c.j     pc - 8
core   0: 3 0x8000958a (0xbfe5)
core   0: 0x80009582 (0x00001f17) auipc   t5, 0x1
core   0: 3 0x80009582 (0x00001f17) x30 0x8000a582
core   0: 0x80009586 (0xa63f2f23) sw      gp, -1410(t5)
core   0: 3 0x80009586 (0xa63f2f23) mem 0x8000a000 0x00000001
core   0: 0x8000958a (0x0000bfe5) c.j     pc - 8
core   0: 3 0x8000958a (0xbfe5)
core   0: 0x80009582 (0x00001f17) auipc   t5, 0x1
core   0: 3 0x80009582 (0x00001f17) x30 0x8000a582
core   0: 0x80009586 (0xa63f2f23) sw      gp, -1410(t5)
core   0: 3 0x80009586 (0xa63f2f23) mem 0x8000a000 0x00000001
core   0: 0x8000958a (0x0000bfe5) c.j     pc - 8
core   0: 3 0x8000958a (0xbfe5)
core   0: 0x80009582 (0x00001f17) auipc   t5, 0x1
core   0: 3 0x80009582 (0x00001f17) x30 0x8000a582
core   0: 0x80009586 (0xa63f2f23) sw      gp, -1410(t5)
core   0: 3 0x80009586 (0xa63f2f23) mem 0x8000a000 0x00000001
core   0: 0x8000958a (0x0000bfe5) c.j     pc - 8
core   0: 3 0x8000958a (0xbfe5)
core   0: 0x80009582 (0x00001f17) auipc   t5, 0x1
core   0: 3 0x80009582 (0x00001f17) x30 0x8000a582
core   0: 0x80009586 (0xa63f2f23) sw      gp, -1410(t5)
core   0: 3 0x80009586 (0xa63f2f23) mem 0x8000a000 0x00000001
core   0: 0x8000958a (0x0000bfe5) c.j     pc - 8
core   0: 3 0x8000958a (0xbfe5)
core   0: 0x80009582 (0x00001f17) auipc   t5, 0x1
core   0: 3 0x80009582 (0x00001f17) x30 0x8000a582
core   0: 0x80009586 (0xa63f2f23) sw      gp, -1410(t5)
core   0: 3 0x80009586 (0xa63f2f23) mem 0x8000a000 0x00000001
core   0: 0x8000958a (0x0000bfe5) c.j     pc - 8
core   0: 3 0x8000958a (0xbfe5)
core   0: 0x80009582 (0x00001f17) auipc   t5, 0x1
core   0: 3 0x80009582 (0x00001f17) x30 0x8000a582
core   0: 0x80009586 (0xa63f2f23) sw      gp, -1410(t5)
core   0: 3 0x80009586 (0xa63f2f23) mem 0x8000a000 0x00000001
core   0: 0x8000958a (0x0000bfe5) c.j     pc - 8
core   0: 3 0x8000958a (0xbfe5)
core   0: 0x80009582 (0x00001f17) auipc   t5, 0x1
core   0: 3 0x80009582 (0x00001f17) x30 0x8000a582
core   0: 0x80009586 (0xa63f2f23) sw      gp, -1410(t5)
core   0: 3 0x80009586 (0xa63f2f23) mem 0x8000a000 0x00000001
core   0: 0x8000958a (0x0000bfe5) c.j     pc - 8
core   0: 3 0x8000958a (0xbfe5)
core   0: 0x80009582 (0x00001f17) auipc   t5, 0x1
core   0: 3 0x80009582 (0x00001f17) x30 0x8000a582
core   0: 0x80009586 (0xa63f2f23) sw      gp, -1410(t5)
core   0: 3 0x80009586 (0xa63f2f23) mem 0x8000a000 0x00000001
core   0: 0x8000958a (0x0000bfe5) c.j     pc - 8
core   0: 3 0x8000958a (0xbfe5)
core   0: 0x80009582 (0x00001f17) auipc   t5, 0x1
core   0: 3 0x80009582 (0x00001f17) x30 0x8000a582
core   0: 0x80009586 (0xa63f2f23) sw      gp, -1410(t5)
core   0: 3 0x80009586 (0xa63f2f23) mem 0x8000a000 0x00000001
core   0: 0x8000958a (0x0000bfe5) c.j     pc - 8
core   0: 3 0x8000958a (0xbfe5)
core   0: 0x80009582 (0x00001f17) auipc   t5, 0x1
core   0: 3 0x80009582 (0x00001f17) x30 0x8000a582
core   0: 0x80009586 (0xa63f2f23) sw      gp, -1410(t5)
core   0: 3 0x80009586 (0xa63f2f23) mem 0x8000a000 0x00000001
core   0: 0x8000958a (0x0000bfe5) c.j     pc - 8
core   0: 3 0x8000958a (0xbfe5)
core   0: 0x80009582 (0x00001f17) auipc   t5, 0x1
core   0: 3 0x80009582 (0x00001f17) x30 0x8000a582
core   0: 0x80009586 (0xa63f2f23) sw      gp, -1410(t5)
core   0: 3 0x80009586 (0xa63f2f23) mem 0x8000a000 0x00000001
core   0: 0x8000958a (0x0000bfe5) c.j     pc - 8
core   0: 3 0x8000958a (0xbfe5)
core   0: 0x80009582 (0x00001f17) auipc   t5, 0x1
core   0: 3 0x80009582 (0x00001f17) x30 0x8000a582
core   0: 0x80009586 (0xa63f2f23) sw      gp, -1410(t5)
core   0: 3 0x80009586 (0xa63f2f23) mem 0x8000a000 0x00000001
core   0: 0x8000958a (0x0000bfe5) c.j     pc - 8
core   0: 3 0x8000958a (0xbfe5)
core   0: 0x80009582 (0x00001f17) auipc   t5, 0x1
core   0: 3 0x80009582 (0x00001f17) x30 0x8000a582
core   0: 0x80009586 (0xa63f2f23) sw      gp, -1410(t5)
core   0: 3 0x80009586 (0xa63f2f23) mem 0x8000a000 0x00000001
core   0: 0x8000958a (0x0000bfe5) c.j     pc - 8
core   0: 3 0x8000958a (0xbfe5)
core   0: 0x80009582 (0x00001f17) auipc   t5, 0x1
core   0: 3 0x80009582 (0x00001f17) x30 0x8000a582
core   0: 0x80009586 (0xa63f2f23) sw      gp, -1410(t5)
core   0: 3 0x80009586 (0xa63f2f23) mem 0x8000a000 0x00000001
core   0: 0x8000958a (0x0000bfe5) c.j     pc - 8
core   0: 3 0x8000958a (0xbfe5)
core   0: 0x80009582 (0x00001f17) auipc   t5, 0x1
core   0: 3 0x80009582 (0x00001f17) x30 0x8000a582
core   0: 0x80009586 (0xa63f2f23) sw      gp, -1410(t5)
core   0: 3 0x80009586 (0xa63f2f23) mem 0x8000a000 0x00000001
core   0: 0x8000958a (0x0000bfe5) c.j     pc - 8
core   0: 3 0x8000958a (0xbfe5)
core   0: 0x80009582 (0x00001f17) auipc   t5, 0x1
core   0: 3 0x80009582 (0x00001f17) x30 0x8000a582
core   0: 0x80009586 (0xa63f2f23) sw      gp, -1410(t5)
core   0: 3 0x80009586 (0xa63f2f23) mem 0x8000a000 0x00000001
core   0: 0x8000958a (0x0000bfe5) c.j     pc - 8
core   0: 3 0x8000958a (0xbfe5)
core   0: 0x80009582 (0x00001f17) auipc   t5, 0x1
core   0: 3 0x80009582 (0x00001f17) x30 0x8000a582
core   0: 0x80009586 (0xa63f2f23) sw      gp, -1410(t5)
core   0: 3 0x80009586 (0xa63f2f23) mem 0x8000a000 0x00000001
core   0: 0x8000958a (0x0000bfe5) c.j     pc - 8
core   0: 3 0x8000958a (0xbfe5)
core   0: 0x80009582 (0x00001f17) auipc   t5, 0x1
core   0: 3 0x80009582 (0x00001f17) x30 0x8000a582
core   0: 0x80009586 (0xa63f2f23) sw      gp, -1410(t5)
core   0: 3 0x80009586 (0xa63f2f23) mem 0x8000a000 0x00000001
core   0: 0x8000958a (0x0000bfe5) c.j     pc - 8
core   0: 3 0x8000958a (0xbfe5)
core   0: 0x80009582 (0x00001f17) auipc   t5, 0x1
core   0: 3 0x80009582 (0x00001f17) x30 0x8000a582
core   0: 0x80009586 (0xa63f2f23) sw      gp, -1410(t5)
core   0: 3 0x80009586 (0xa63f2f23) mem 0x8000a000 0x00000001
core   0: 0x8000958a (0x0000bfe5) c.j     pc - 8
core   0: 3 0x8000958a (0xbfe5)
core   0: 0x80009582 (0x00001f17) auipc   t5, 0x1
core   0: 3 0x80009582 (0x00001f17) x30 0x8000a582
core   0: 0x80009586 (0xa63f2f23) sw      gp, -1410(t5)
core   0: 3 0x80009586 (0xa63f2f23) mem 0x8000a000 0x00000001
core   0: 0x8000958a (0x0000bfe5) c.j     pc - 8
core   0: 3 0x8000958a (0xbfe5)
core   0: 0x80009582 (0x00001f17) auipc   t5, 0x1
core   0: 3 0x80009582 (0x00001f17) x30 0x8000a582
core   0: 0x80009586 (0xa63f2f23) sw      gp, -1410(t5)
core   0: 3 0x80009586 (0xa63f2f23) mem 0x8000a000 0x00000001
core   0: 0x8000958a (0x0000bfe5) c.j     pc - 8
core   0: 3 0x8000958a (0xbfe5)
core   0: 0x80009582 (0x00001f17) auipc   t5, 0x1
core   0: 3 0x80009582 (0x00001f17) x30 0x8000a582
core   0: 0x80009586 (0xa63f2f23) sw      gp, -1410(t5)
core   0: 3 0x80009586 (0xa63f2f23) mem 0x8000a000 0x00000001
core   0: 0x8000958a (0x0000bfe5) c.j     pc - 8
core   0: 3 0x8000958a (0xbfe5)
core   0: 0x80009582 (0x00001f17) auipc   t5, 0x1
core   0: 3 0x80009582 (0x00001f17) x30 0x8000a582
core   0: 0x80009586 (0xa63f2f23) sw      gp, -1410(t5)
core   0: 3 0x80009586 (0xa63f2f23) mem 0x8000a000 0x00000001
core   0: 0x8000958a (0x0000bfe5) c.j     pc - 8
core   0: 3 0x8000958a (0xbfe5)
core   0: 0x80009582 (0x00001f17) auipc   t5, 0x1
core   0: 3 0x80009582 (0x00001f17) x30 0x8000a582
core   0: 0x80009586 (0xa63f2f23) sw      gp, -1410(t5)
core   0: 3 0x80009586 (0xa63f2f23) mem 0x8000a000 0x00000001
core   0: 0x8000958a (0x0000bfe5) c.j     pc - 8
core   0: 3 0x8000958a (0xbfe5)
core   0: 0x80009582 (0x00001f17) auipc   t5, 0x1
core   0: 3 0x80009582 (0x00001f17) x30 0x8000a582
core   0: 0x80009586 (0xa63f2f23) sw      gp, -1410(t5)
core   0: 3 0x80009586 (0xa63f2f23) mem 0x8000a000 0x00000001
core   0: 0x8000958a (0x0000bfe5) c.j     pc - 8
core   0: 3 0x8000958a (0xbfe5)
core   0: 0x80009582 (0x00001f17) auipc   t5, 0x1
core   0: 3 0x80009582 (0x00001f17) x30 0x8000a582
core   0: 0x80009586 (0xa63f2f23) sw      gp, -1410(t5)
core   0: 3 0x80009586 (0xa63f2f23) mem 0x8000a000 0x00000001
core   0: 0x8000958a (0x0000bfe5) c.j     pc - 8
core   0: 3 0x8000958a (0xbfe5)
core   0: 0x80009582 (0x00001f17) auipc   t5, 0x1
core   0: 3 0x80009582 (0x00001f17) x30 0x8000a582
core   0: 0x80009586 (0xa63f2f23) sw      gp, -1410(t5)
core   0: 3 0x80009586 (0xa63f2f23) mem 0x8000a000 0x00000001
core   0: 0x8000958a (0x0000bfe5) c.j     pc - 8
core   0: 3 0x8000958a (0xbfe5)
core   0: 0x80009582 (0x00001f17) auipc   t5, 0x1
core   0: 3 0x80009582 (0x00001f17) x30 0x8000a582
core   0: 0x80009586 (0xa63f2f23) sw      gp, -1410(t5)
core   0: 3 0x80009586 (0xa63f2f23) mem 0x8000a000 0x00000001
core   0: 0x8000958a (0x0000bfe5) c.j     pc - 8
core   0: 3 0x8000958a (0xbfe5)
core   0: 0x80009582 (0x00001f17) auipc   t5, 0x1
core   0: 3 0x80009582 (0x00001f17) x30 0x8000a582
core   0: 0x80009586 (0xa63f2f23) sw      gp, -1410(t5)
core   0: 3 0x80009586 (0xa63f2f23) mem 0x8000a000 0x00000001
core   0: 0x8000958a (0x0000bfe5) c.j     pc - 8
core   0: 3 0x8000958a (0xbfe5)
core   0: 0x80009582 (0x00001f17) auipc   t5, 0x1
core   0: 3 0x80009582 (0x00001f17) x30 0x8000a582
core   0: 0x80009586 (0xa63f2f23) sw      gp, -1410(t5)
core   0: 3 0x80009586 (0xa63f2f23) mem 0x8000a000 0x00000001
core   0: 0x8000958a (0x0000bfe5) c.j     pc - 8
core   0: 3 0x8000958a (0xbfe5)
core   0: 0x80009582 (0x00001f17) auipc   t5, 0x1
core   0: 3 0x80009582 (0x00001f17) x30 0x8000a582
core   0: 0x80009586 (0xa63f2f23) sw      gp, -1410(t5)
core   0: 3 0x80009586 (0xa63f2f23) mem 0x8000a000 0x00000001
core   0: 0x8000958a (0x0000bfe5) c.j     pc - 8
core   0: 3 0x8000958a (0xbfe5)
core   0: 0x80009582 (0x00001f17) auipc   t5, 0x1
core   0: 3 0x80009582 (0x00001f17) x30 0x8000a582
core   0: 0x80009586 (0xa63f2f23) sw      gp, -1410(t5)
core   0: 3 0x80009586 (0xa63f2f23) mem 0x8000a000 0x00000001
core   0: 0x8000958a (0x0000bfe5) c.j     pc - 8
core   0: 3 0x8000958a (0xbfe5)
core   0: 0x80009582 (0x00001f17) auipc   t5, 0x1
core   0: 3 0x80009582 (0x00001f17) x30 0x8000a582
core   0: 0x80009586 (0xa63f2f23) sw      gp, -1410(t5)
core   0: 3 0x80009586 (0xa63f2f23) mem 0x8000a000 0x00000001
core   0: 0x8000958a (0x0000bfe5) c.j     pc - 8
core   0: 3 0x8000958a (0xbfe5)
core   0: 0x80009582 (0x00001f17) auipc   t5, 0x1
core   0: 3 0x80009582 (0x00001f17) x30 0x8000a582
core   0: 0x80009586 (0xa63f2f23) sw      gp, -1410(t5)
core   0: 3 0x80009586 (0xa63f2f23) mem 0x8000a000 0x00000001
core   0: 0x8000958a (0x0000bfe5) c.j     pc - 8
core   0: 3 0x8000958a (0xbfe5)
core   0: 0x80009582 (0x00001f17) auipc   t5, 0x1
core   0: 3 0x80009582 (0x00001f17) x30 0x8000a582
core   0: 0x80009586 (0xa63f2f23) sw      gp, -1410(t5)
core   0: 3 0x80009586 (0xa63f2f23) mem 0x8000a000 0x00000001
core   0: 0x8000958a (0x0000bfe5) c.j     pc - 8
core   0: 3 0x8000958a (0xbfe5)
core   0: 0x80009582 (0x00001f17) auipc   t5, 0x1
core   0: 3 0x80009582 (0x00001f17) x30 0x8000a582
core   0: 0x80009586 (0xa63f2f23) sw      gp, -1410(t5)
core   0: 3 0x80009586 (0xa63f2f23) mem 0x8000a000 0x00000001
core   0: 0x8000958a (0x0000bfe5) c.j     pc - 8
core   0: 3 0x8000958a (0xbfe5)
core   0: 0x80009582 (0x00001f17) auipc   t5, 0x1
core   0: 3 0x80009582 (0x00001f17) x30 0x8000a582
core   0: 0x80009586 (0xa63f2f23) sw      gp, -1410(t5)
core   0: 3 0x80009586 (0xa63f2f23) mem 0x8000a000 0x00000001
core   0: 0x8000958a (0x0000bfe5) c.j     pc - 8
core   0: 3 0x8000958a (0xbfe5)
core   0: 0x80009582 (0x00001f17) auipc   t5, 0x1
core   0: 3 0x80009582 (0x00001f17) x30 0x8000a582
core   0: 0x80009586 (0xa63f2f23) sw      gp, -1410(t5)
core   0: 3 0x80009586 (0xa63f2f23) mem 0x8000a000 0x00000001
core   0: 0x8000958a (0x0000bfe5) c.j     pc - 8
core   0: 3 0x8000958a (0xbfe5)
core   0: 0x80009582 (0x00001f17) auipc   t5, 0x1
core   0: 3 0x80009582 (0x00001f17) x30 0x8000a582
core   0: 0x80009586 (0xa63f2f23) sw      gp, -1410(t5)
core   0: 3 0x80009586 (0xa63f2f23) mem 0x8000a000 0x00000001
core   0: 0x8000958a (0x0000bfe5) c.j     pc - 8
core   0: 3 0x8000958a (0xbfe5)
core   0: 0x80009582 (0x00001f17) auipc   t5, 0x1
core   0: 3 0x80009582 (0x00001f17) x30 0x8000a582
core   0: 0x80009586 (0xa63f2f23) sw      gp, -1410(t5)
core   0: 3 0x80009586 (0xa63f2f23) mem 0x8000a000 0x00000001
core   0: 0x8000958a (0x0000bfe5) c.j     pc - 8
core   0: 3 0x8000958a (0xbfe5)
core   0: 0x80009582 (0x00001f17) auipc   t5, 0x1
core   0: 3 0x80009582 (0x00001f17) x30 0x8000a582
core   0: 0x80009586 (0xa63f2f23) sw      gp, -1410(t5)
core   0: 3 0x80009586 (0xa63f2f23) mem 0x8000a000 0x00000001
core   0: 0x8000958a (0x0000bfe5) c.j     pc - 8
core   0: 3 0x8000958a (0xbfe5)
core   0: 0x80009582 (0x00001f17) auipc   t5, 0x1
core   0: 3 0x80009582 (0x00001f17) x30 0x8000a582
core   0: 0x80009586 (0xa63f2f23) sw      gp, -1410(t5)
core   0: 3 0x80009586 (0xa63f2f23) mem 0x8000a000 0x00000001
core   0: 0x8000958a (0x0000bfe5) c.j     pc - 8
core   0: 3 0x8000958a (0xbfe5)
core   0: 0x80009582 (0x00001f17) auipc   t5, 0x1
core   0: 3 0x80009582 (0x00001f17) x30 0x8000a582
core   0: 0x80009586 (0xa63f2f23) sw      gp, -1410(t5)
core   0: 3 0x80009586 (0xa63f2f23) mem 0x8000a000 0x00000001
core   0: 0x8000958a (0x0000bfe5) c.j     pc - 8
core   0: 3 0x8000958a (0xbfe5)
core   0: 0x80009582 (0x00001f17) auipc   t5, 0x1
core   0: 3 0x80009582 (0x00001f17) x30 0x8000a582
core   0: 0x80009586 (0xa63f2f23) sw      gp, -1410(t5)
core   0: 3 0x80009586 (0xa63f2f23) mem 0x8000a000 0x00000001
core   0: 0x8000958a (0x0000bfe5) c.j     pc - 8
core   0: 3 0x8000958a (0xbfe5)
core   0: 0x80009582 (0x00001f17) auipc   t5, 0x1
core   0: 3 0x80009582 (0x00001f17) x30 0x8000a582
core   0: 0x80009586 (0xa63f2f23) sw      gp, -1410(t5)
core   0: 3 0x80009586 (0xa63f2f23) mem 0x8000a000 0x00000001
core   0: 0x8000958a (0x0000bfe5) c.j     pc - 8
core   0: 3 0x8000958a (0xbfe5)
core   0: 0x80009582 (0x00001f17) auipc   t5, 0x1
core   0: 3 0x80009582 (0x00001f17) x30 0x8000a582
core   0: 0x80009586 (0xa63f2f23) sw      gp, -1410(t5)
core   0: 3 0x80009586 (0xa63f2f23) mem 0x8000a000 0x00000001
core   0: 0x8000958a (0x0000bfe5) c.j     pc - 8
core   0: 3 0x8000958a (0xbfe5)
core   0: 0x80009582 (0x00001f17) auipc   t5, 0x1
core   0: 3 0x80009582 (0x00001f17) x30 0x8000a582
core   0: 0x80009586 (0xa63f2f23) sw      gp, -1410(t5)
core   0: 3 0x80009586 (0xa63f2f23) mem 0x8000a000 0x00000001
core   0: 0x8000958a (0x0000bfe5) c.j     pc - 8
core   0: 3 0x8000958a (0xbfe5)
core   0: 0x80009582 (0x00001f17) auipc   t5, 0x1
core   0: 3 0x80009582 (0x00001f17) x30 0x8000a582
core   0: 0x80009586 (0xa63f2f23) sw      gp, -1410(t5)
core   0: 3 0x80009586 (0xa63f2f23) mem 0x8000a000 0x00000001
core   0: 0x8000958a (0x0000bfe5) c.j     pc - 8
core   0: 3 0x8000958a (0xbfe5)
core   0: 0x80009582 (0x00001f17) auipc   t5, 0x1
core   0: 3 0x80009582 (0x00001f17) x30 0x8000a582
core   0: 0x80009586 (0xa63f2f23) sw      gp, -1410(t5)
core   0: 3 0x80009586 (0xa63f2f23) mem 0x8000a000 0x00000001
core   0: 0x8000958a (0x0000bfe5) c.j     pc - 8
core   0: 3 0x8000958a (0xbfe5)
core   0: 0x80009582 (0x00001f17) auipc   t5, 0x1
core   0: 3 0x80009582 (0x00001f17) x30 0x8000a582
core   0: 0x80009586 (0xa63f2f23) sw      gp, -1410(t5)
core   0: 3 0x80009586 (0xa63f2f23) mem 0x8000a000 0x00000001
core   0: 0x8000958a (0x0000bfe5) c.j     pc - 8
core   0: 3 0x8000958a (0xbfe5)
core   0: 0x80009582 (0x00001f17) auipc   t5, 0x1
core   0: 3 0x80009582 (0x00001f17) x30 0x8000a582
core   0: 0x80009586 (0xa63f2f23) sw      gp, -1410(t5)
core   0: 3 0x80009586 (0xa63f2f23) mem 0x8000a000 0x00000001
core   0: 0x8000958a (0x0000bfe5) c.j     pc - 8
core   0: 3 0x8000958a (0xbfe5)
core   0: 0x80009582 (0x00001f17) auipc   t5, 0x1
core   0: 3 0x80009582 (0x00001f17) x30 0x8000a582
core   0: 0x80009586 (0xa63f2f23) sw      gp, -1410(t5)
core   0: 3 0x80009586 (0xa63f2f23) mem 0x8000a000 0x00000001
core   0: 0x8000958a (0x0000bfe5) c.j     pc - 8
core   0: 3 0x8000958a (0xbfe5)
core   0: 0x80009582 (0x00001f17) auipc   t5, 0x1
core   0: 3 0x80009582 (0x00001f17) x30 0x8000a582
core   0: 0x80009586 (0xa63f2f23) sw      gp, -1410(t5)
core   0: 3 0x80009586 (0xa63f2f23) mem 0x8000a000 0x00000001
core   0: 0x8000958a (0x0000bfe5) c.j     pc - 8
core   0: 3 0x8000958a (0xbfe5)
core   0: 0x80009582 (0x00001f17) auipc   t5, 0x1
core   0: 3 0x80009582 (0x00001f17) x30 0x8000a582
core   0: 0x80009586 (0xa63f2f23) sw      gp, -1410(t5)
core   0: 3 0x80009586 (0xa63f2f23) mem 0x8000a000 0x00000001
core   0: 0x8000958a (0x0000bfe5) c.j     pc - 8
core   0: 3 0x8000958a (0xbfe5)
core   0: 0x80009582 (0x00001f17) auipc   t5, 0x1
core   0: 3 0x80009582 (0x00001f17) x30 0x8000a582
core   0: 0x80009586 (0xa63f2f23) sw      gp, -1410(t5)
core   0: 3 0x80009586 (0xa63f2f23) mem 0x8000a000 0x00000001
core   0: 0x8000958a (0x0000bfe5) c.j     pc - 8
core   0: 3 0x8000958a (0xbfe5)
core   0: 0x80009582 (0x00001f17) auipc   t5, 0x1
core   0: 3 0x80009582 (0x00001f17) x30 0x8000a582
core   0: 0x80009586 (0xa63f2f23) sw      gp, -1410(t5)
core   0: 3 0x80009586 (0xa63f2f23) mem 0x8000a000 0x00000001
core   0: 0x8000958a (0x0000bfe5) c.j     pc - 8
core   0: 3 0x8000958a (0xbfe5)
core   0: 0x80009582 (0x00001f17) auipc   t5, 0x1
core   0: 3 0x80009582 (0x00001f17) x30 0x8000a582
core   0: 0x80009586 (0xa63f2f23) sw      gp, -1410(t5)
core   0: 3 0x80009586 (0xa63f2f23) mem 0x8000a000 0x00000001
core   0: 0x8000958a (0x0000bfe5) c.j     pc - 8
core   0: 3 0x8000958a (0xbfe5)
core   0: 0x80009582 (0x00001f17) auipc   t5, 0x1
core   0: 3 0x80009582 (0x00001f17) x30 0x8000a582
core   0: 0x80009586 (0xa63f2f23) sw      gp, -1410(t5)
core   0: 3 0x80009586 (0xa63f2f23) mem 0x8000a000 0x00000001
core   0: 0x8000958a (0x0000bfe5) c.j     pc - 8
core   0: 3 0x8000958a (0xbfe5)
core   0: 0x80009582 (0x00001f17) auipc   t5, 0x1
core   0: 3 0x80009582 (0x00001f17) x30 0x8000a582
core   0: 0x80009586 (0xa63f2f23) sw      gp, -1410(t5)
core   0: 3 0x80009586 (0xa63f2f23) mem 0x8000a000 0x00000001
core   0: 0x8000958a (0x0000bfe5) c.j     pc - 8
core   0: 3 0x8000958a (0xbfe5)
core   0: 0x80009582 (0x00001f17) auipc   t5, 0x1
core   0: 3 0x80009582 (0x00001f17) x30 0x8000a582
core   0: 0x80009586 (0xa63f2f23) sw      gp, -1410(t5)
core   0: 3 0x80009586 (0xa63f2f23) mem 0x8000a000 0x00000001
core   0: 0x8000958a (0x0000bfe5) c.j     pc - 8
core   0: 3 0x8000958a (0xbfe5)
core   0: 0x80009582 (0x00001f17) auipc   t5, 0x1
core   0: 3 0x80009582 (0x00001f17) x30 0x8000a582
core   0: 0x80009586 (0xa63f2f23) sw      gp, -1410(t5)
core   0: 3 0x80009586 (0xa63f2f23) mem 0x8000a000 0x00000001
core   0: 0x8000958a (0x0000bfe5) c.j     pc - 8
core   0: 3 0x8000958a (0xbfe5)
core   0: 0x80009582 (0x00001f17) auipc   t5, 0x1
core   0: 3 0x80009582 (0x00001f17) x30 0x8000a582
core   0: 0x80009586 (0xa63f2f23) sw      gp, -1410(t5)
core   0: 3 0x80009586 (0xa63f2f23) mem 0x8000a000 0x00000001
core   0: 0x8000958a (0x0000bfe5) c.j     pc - 8
core   0: 3 0x8000958a (0xbfe5)
core   0: 0x80009582 (0x00001f17) auipc   t5, 0x1
core   0: 3 0x80009582 (0x00001f17) x30 0x8000a582
core   0: 0x80009586 (0xa63f2f23) sw      gp, -1410(t5)
core   0: 3 0x80009586 (0xa63f2f23) mem 0x8000a000 0x00000001
core   0: 0x8000958a (0x0000bfe5) c.j     pc - 8
core   0: 3 0x8000958a (0xbfe5)
core   0: 0x80009582 (0x00001f17) auipc   t5, 0x1
core   0: 3 0x80009582 (0x00001f17) x30 0x8000a582
core   0: 0x80009586 (0xa63f2f23) sw      gp, -1410(t5)
core   0: 3 0x80009586 (0xa63f2f23) mem 0x8000a000 0x00000001
core   0: 0x8000958a (0x0000bfe5) c.j     pc - 8
core   0: 3 0x8000958a (0xbfe5)
core   0: 0x80009582 (0x00001f17) auipc   t5, 0x1
core   0: 3 0x80009582 (0x00001f17) x30 0x8000a582
core   0: 0x80009586 (0xa63f2f23) sw      gp, -1410(t5)
core   0: 3 0x80009586 (0xa63f2f23) mem 0x8000a000 0x00000001
core   0: 0x8000958a (0x0000bfe5) c.j     pc - 8
core   0: 3 0x8000958a (0xbfe5)
core   0: 0x80009582 (0x00001f17) auipc   t5, 0x1
core   0: 3 0x80009582 (0x00001f17) x30 0x8000a582
core   0: 0x80009586 (0xa63f2f23) sw      gp, -1410(t5)
core   0: 3 0x80009586 (0xa63f2f23) mem 0x8000a000 0x00000001
core   0: 0x8000958a (0x0000bfe5) c.j     pc - 8
core   0: 3 0x8000958a (0xbfe5)
core   0: 0x80009582 (0x00001f17) auipc   t5, 0x1
core   0: 3 0x80009582 (0x00001f17) x30 0x8000a582
core   0: 0x80009586 (0xa63f2f23) sw      gp, -1410(t5)
core   0: 3 0x80009586 (0xa63f2f23) mem 0x8000a000 0x00000001
core   0: 0x8000958a (0x0000bfe5) c.j     pc - 8
core   0: 3 0x8000958a (0xbfe5)
core   0: 0x80009582 (0x00001f17) auipc   t5, 0x1
core   0: 3 0x80009582 (0x00001f17) x30 0x8000a582
core   0: 0x80009586 (0xa63f2f23) sw      gp, -1410(t5)
core   0: 3 0x80009586 (0xa63f2f23) mem 0x8000a000 0x00000001
core   0: 0x8000958a (0x0000bfe5) c.j     pc - 8
core   0: 3 0x8000958a (0xbfe5)
core   0: 0x80009582 (0x00001f17) auipc   t5, 0x1
core   0: 3 0x80009582 (0x00001f17) x30 0x8000a582
core   0: 0x80009586 (0xa63f2f23) sw      gp, -1410(t5)
core   0: 3 0x80009586 (0xa63f2f23) mem 0x8000a000 0x00000001
core   0: 0x8000958a (0x0000bfe5) c.j     pc - 8
core   0: 3 0x8000958a (0xbfe5)
core   0: 0x80009582 (0x00001f17) auipc   t5, 0x1
core   0: 3 0x80009582 (0x00001f17) x30 0x8000a582
core   0: 0x80009586 (0xa63f2f23) sw      gp, -1410(t5)
core   0: 3 0x80009586 (0xa63f2f23) mem 0x8000a000 0x00000001
core   0: 0x8000958a (0x0000bfe5) c.j     pc - 8
core   0: 3 0x8000958a (0xbfe5)
core   0: 0x80009582 (0x00001f17) auipc   t5, 0x1
core   0: 3 0x80009582 (0x00001f17) x30 0x8000a582
core   0: 0x80009586 (0xa63f2f23) sw      gp, -1410(t5)
core   0: 3 0x80009586 (0xa63f2f23) mem 0x8000a000 0x00000001
core   0: 0x8000958a (0x0000bfe5) c.j     pc - 8
core   0: 3 0x8000958a (0xbfe5)
core   0: 0x80009582 (0x00001f17) auipc   t5, 0x1
core   0: 3 0x80009582 (0x00001f17) x30 0x8000a582
core   0: 0x80009586 (0xa63f2f23) sw      gp, -1410(t5)
core   0: 3 0x80009586 (0xa63f2f23) mem 0x8000a000 0x00000001
core   0: 0x8000958a (0x0000bfe5) c.j     pc - 8
core   0: 3 0x8000958a (0xbfe5)
core   0: 0x80009582 (0x00001f17) auipc   t5, 0x1
core   0: 3 0x80009582 (0x00001f17) x30 0x8000a582
core   0: 0x80009586 (0xa63f2f23) sw      gp, -1410(t5)
core   0: 3 0x80009586 (0xa63f2f23) mem 0x8000a000 0x00000001
core   0: 0x8000958a (0x0000bfe5) c.j     pc - 8
core   0: 3 0x8000958a (0xbfe5)
core   0: 0x80009582 (0x00001f17) auipc   t5, 0x1
core   0: 3 0x80009582 (0x00001f17) x30 0x8000a582
core   0: 0x80009586 (0xa63f2f23) sw      gp, -1410(t5)
core   0: 3 0x80009586 (0xa63f2f23) mem 0x8000a000 0x00000001
core   0: 0x8000958a (0x0000bfe5) c.j     pc - 8
core   0: 3 0x8000958a (0xbfe5)
core   0: 0x80009582 (0x00001f17) auipc   t5, 0x1
core   0: 3 0x80009582 (0x00001f17) x30 0x8000a582
core   0: 0x80009586 (0xa63f2f23) sw      gp, -1410(t5)
core   0: 3 0x80009586 (0xa63f2f23) mem 0x8000a000 0x00000001
core   0: 0x8000958a (0x0000bfe5) c.j     pc - 8
core   0: 3 0x8000958a (0xbfe5)
core   0: 0x80009582 (0x00001f17) auipc   t5, 0x1
core   0: 3 0x80009582 (0x00001f17) x30 0x8000a582
core   0: 0x80009586 (0xa63f2f23) sw      gp, -1410(t5)
core   0: 3 0x80009586 (0xa63f2f23) mem 0x8000a000 0x00000001
core   0: 0x8000958a (0x0000bfe5) c.j     pc - 8
core   0: 3 0x8000958a (0xbfe5)
core   0: 0x80009582 (0x00001f17) auipc   t5, 0x1
core   0: 3 0x80009582 (0x00001f17) x30 0x8000a582
core   0: 0x80009586 (0xa63f2f23) sw      gp, -1410(t5)
core   0: 3 0x80009586 (0xa63f2f23) mem 0x8000a000 0x00000001
core   0: 0x8000958a (0x0000bfe5) c.j     pc - 8
core   0: 3 0x8000958a (0xbfe5)
core   0: 0x80009582 (0x00001f17) auipc   t5, 0x1
core   0: 3 0x80009582 (0x00001f17) x30 0x8000a582
core   0: 0x80009586 (0xa63f2f23) sw      gp, -1410(t5)
core   0: 3 0x80009586 (0xa63f2f23) mem 0x8000a000 0x00000001
core   0: 0x8000958a (0x0000bfe5) c.j     pc - 8
core   0: 3 0x8000958a (0xbfe5)
core   0: 0x80009582 (0x00001f17) auipc   t5, 0x1
core   0: 3 0x80009582 (0x00001f17) x30 0x8000a582
core   0: 0x80009586 (0xa63f2f23) sw      gp, -1410(t5)
core   0: 3 0x80009586 (0xa63f2f23) mem 0x8000a000 0x00000001
core   0: 0x8000958a (0x0000bfe5) c.j     pc - 8
core   0: 3 0x8000958a (0xbfe5)
core   0: 0x80009582 (0x00001f17) auipc   t5, 0x1
core   0: 3 0x80009582 (0x00001f17) x30 0x8000a582
core   0: 0x80009586 (0xa63f2f23) sw      gp, -1410(t5)
core   0: 3 0x80009586 (0xa63f2f23) mem 0x8000a000 0x00000001
core   0: 0x8000958a (0x0000bfe5) c.j     pc - 8
core   0: 3 0x8000958a (0xbfe5)
core   0: 0x80009582 (0x00001f17) auipc   t5, 0x1
core   0: 3 0x80009582 (0x00001f17) x30 0x8000a582
core   0: 0x80009586 (0xa63f2f23) sw      gp, -1410(t5)
core   0: 3 0x80009586 (0xa63f2f23) mem 0x8000a000 0x00000001
core   0: 0x8000958a (0x0000bfe5) c.j     pc - 8
core   0: 3 0x8000958a (0xbfe5)
core   0: 0x80009582 (0x00001f17) auipc   t5, 0x1
core   0: 3 0x80009582 (0x00001f17) x30 0x8000a582
core   0: 0x80009586 (0xa63f2f23) sw      gp, -1410(t5)
core   0: 3 0x80009586 (0xa63f2f23) mem 0x8000a000 0x00000001
core   0: 0x8000958a (0x0000bfe5) c.j     pc - 8
core   0: 3 0x8000958a (0xbfe5)
core   0: 0x80009582 (0x00001f17) auipc   t5, 0x1
core   0: 3 0x80009582 (0x00001f17) x30 0x8000a582
core   0: 0x80009586 (0xa63f2f23) sw      gp, -1410(t5)
core   0: 3 0x80009586 (0xa63f2f23) mem 0x8000a000 0x00000001
core   0: 0x8000958a (0x0000bfe5) c.j     pc - 8
core   0: 3 0x8000958a (0xbfe5)
core   0: 0x80009582 (0x00001f17) auipc   t5, 0x1
core   0: 3 0x80009582 (0x00001f17) x30 0x8000a582
core   0: 0x80009586 (0xa63f2f23) sw      gp, -1410(t5)
core   0: 3 0x80009586 (0xa63f2f23) mem 0x8000a000 0x00000001
core   0: 0x8000958a (0x0000bfe5) c.j     pc - 8
core   0: 3 0x8000958a (0xbfe5)
core   0: 0x80009582 (0x00001f17) auipc   t5, 0x1
core   0: 3 0x80009582 (0x00001f17) x30 0x8000a582
core   0: 0x80009586 (0xa63f2f23) sw      gp, -1410(t5)
core   0: 3 0x80009586 (0xa63f2f23) mem 0x8000a000 0x00000001
core   0: 0x8000958a (0x0000bfe5) c.j     pc - 8
core   0: 3 0x8000958a (0xbfe5)
core   0: 0x80009582 (0x00001f17) auipc   t5, 0x1
core   0: 3 0x80009582 (0x00001f17) x30 0x8000a582
core   0: 0x80009586 (0xa63f2f23) sw      gp, -1410(t5)
core   0: 3 0x80009586 (0xa63f2f23) mem 0x8000a000 0x00000001
core   0: 0x8000958a (0x0000bfe5) c.j     pc - 8
core   0: 3 0x8000958a (0xbfe5)
core   0: 0x80009582 (0x00001f17) auipc   t5, 0x1
core   0: 3 0x80009582 (0x00001f17) x30 0x8000a582
core   0: 0x80009586 (0xa63f2f23) sw      gp, -1410(t5)
core   0: 3 0x80009586 (0xa63f2f23) mem 0x8000a000 0x00000001
core   0: 0x8000958a (0x0000bfe5) c.j     pc - 8
core   0: 3 0x8000958a (0xbfe5)
core   0: 0x80009582 (0x00001f17) auipc   t5, 0x1
core   0: 3 0x80009582 (0x00001f17) x30 0x8000a582
core   0: 0x80009586 (0xa63f2f23) sw      gp, -1410(t5)
core   0: 3 0x80009586 (0xa63f2f23) mem 0x8000a000 0x00000001
core   0: 0x8000958a (0x0000bfe5) c.j     pc - 8
core   0: 3 0x8000958a (0xbfe5)
core   0: 0x80009582 (0x00001f17) auipc   t5, 0x1
core   0: 3 0x80009582 (0x00001f17) x30 0x8000a582
core   0: 0x80009586 (0xa63f2f23) sw      gp, -1410(t5)
core   0: 3 0x80009586 (0xa63f2f23) mem 0x8000a000 0x00000001
core   0: 0x8000958a (0x0000bfe5) c.j     pc - 8
core   0: 3 0x8000958a (0xbfe5)
core   0: 0x80009582 (0x00001f17) auipc   t5, 0x1
core   0: 3 0x80009582 (0x00001f17) x30 0x8000a582
core   0: 0x80009586 (0xa63f2f23) sw      gp, -1410(t5)
core   0: 3 0x80009586 (0xa63f2f23) mem 0x8000a000 0x00000001
core   0: 0x8000958a (0x0000bfe5) c.j     pc - 8
core   0: 3 0x8000958a (0xbfe5)
core   0: 0x80009582 (0x00001f17) auipc   t5, 0x1
core   0: 3 0x80009582 (0x00001f17) x30 0x8000a582
core   0: 0x80009586 (0xa63f2f23) sw      gp, -1410(t5)
core   0: 3 0x80009586 (0xa63f2f23) mem 0x8000a000 0x00000001
core   0: 0x8000958a (0x0000bfe5) c.j     pc - 8
core   0: 3 0x8000958a (0xbfe5)
core   0: 0x80009582 (0x00001f17) auipc   t5, 0x1
core   0: 3 0x80009582 (0x00001f17) x30 0x8000a582
core   0: 0x80009586 (0xa63f2f23) sw      gp, -1410(t5)
core   0: 3 0x80009586 (0xa63f2f23) mem 0x8000a000 0x00000001
core   0: 0x8000958a (0x0000bfe5) c.j     pc - 8
core   0: 3 0x8000958a (0xbfe5)
core   0: 0x80009582 (0x00001f17) auipc   t5, 0x1
core   0: 3 0x80009582 (0x00001f17) x30 0x8000a582
core   0: 0x80009586 (0xa63f2f23) sw      gp, -1410(t5)
core   0: 3 0x80009586 (0xa63f2f23) mem 0x8000a000 0x00000001
core   0: 0x8000958a (0x0000bfe5) c.j     pc - 8
core   0: 3 0x8000958a (0xbfe5)
core   0: 0x80009582 (0x00001f17) auipc   t5, 0x1
core   0: 3 0x80009582 (0x00001f17) x30 0x8000a582
core   0: 0x80009586 (0xa63f2f23) sw      gp, -1410(t5)
core   0: 3 0x80009586 (0xa63f2f23) mem 0x8000a000 0x00000001
core   0: 0x8000958a (0x0000bfe5) c.j     pc - 8
core   0: 3 0x8000958a (0xbfe5)
core   0: 0x80009582 (0x00001f17) auipc   t5, 0x1
core   0: 3 0x80009582 (0x00001f17) x30 0x8000a582
core   0: 0x80009586 (0xa63f2f23) sw      gp, -1410(t5)
core   0: 3 0x80009586 (0xa63f2f23) mem 0x8000a000 0x00000001
core   0: 0x8000958a (0x0000bfe5) c.j     pc - 8
core   0: 3 0x8000958a (0xbfe5)
core   0: 0x80009582 (0x00001f17) auipc   t5, 0x1
core   0: 3 0x80009582 (0x00001f17) x30 0x8000a582
core   0: 0x80009586 (0xa63f2f23) sw      gp, -1410(t5)
core   0: 3 0x80009586 (0xa63f2f23) mem 0x8000a000 0x00000001
core   0: 0x8000958a (0x0000bfe5) c.j     pc - 8
core   0: 3 0x8000958a (0xbfe5)
core   0: 0x80009582 (0x00001f17) auipc   t5, 0x1
core   0: 3 0x80009582 (0x00001f17) x30 0x8000a582
core   0: 0x80009586 (0xa63f2f23) sw      gp, -1410(t5)
core   0: 3 0x80009586 (0xa63f2f23) mem 0x8000a000 0x00000001
core   0: 0x8000958a (0x0000bfe5) c.j     pc - 8
core   0: 3 0x8000958a (0xbfe5)
core   0: 0x80009582 (0x00001f17) auipc   t5, 0x1
core   0: 3 0x80009582 (0x00001f17) x30 0x8000a582
core   0: 0x80009586 (0xa63f2f23) sw      gp, -1410(t5)
core   0: 3 0x80009586 (0xa63f2f23) mem 0x8000a000 0x00000001
core   0: 0x8000958a (0x0000bfe5) c.j     pc - 8
core   0: 3 0x8000958a (0xbfe5)
core   0: 0x80009582 (0x00001f17) auipc   t5, 0x1
core   0: 3 0x80009582 (0x00001f17) x30 0x8000a582
core   0: 0x80009586 (0xa63f2f23) sw      gp, -1410(t5)
core   0: 3 0x80009586 (0xa63f2f23) mem 0x8000a000 0x00000001
core   0: 0x8000958a (0x0000bfe5) c.j     pc - 8
core   0: 3 0x8000958a (0xbfe5)
core   0: 0x80009582 (0x00001f17) auipc   t5, 0x1
core   0: 3 0x80009582 (0x00001f17) x30 0x8000a582
core   0: 0x80009586 (0xa63f2f23) sw      gp, -1410(t5)
core   0: 3 0x80009586 (0xa63f2f23) mem 0x8000a000 0x00000001
core   0: 0x8000958a (0x0000bfe5) c.j     pc - 8
core   0: 3 0x8000958a (0xbfe5)
core   0: 0x80009582 (0x00001f17) auipc   t5, 0x1
core   0: 3 0x80009582 (0x00001f17) x30 0x8000a582
core   0: 0x80009586 (0xa63f2f23) sw      gp, -1410(t5)
core   0: 3 0x80009586 (0xa63f2f23) mem 0x8000a000 0x00000001
core   0: 0x8000958a (0x0000bfe5) c.j     pc - 8
core   0: 3 0x8000958a (0xbfe5)
core   0: 0x80009582 (0x00001f17) auipc   t5, 0x1
core   0: 3 0x80009582 (0x00001f17) x30 0x8000a582
core   0: 0x80009586 (0xa63f2f23) sw      gp, -1410(t5)
core   0: 3 0x80009586 (0xa63f2f23) mem 0x8000a000 0x00000001
core   0: 0x8000958a (0x0000bfe5) c.j     pc - 8
core   0: 3 0x8000958a (0xbfe5)
core   0: 0x80009582 (0x00001f17) auipc   t5, 0x1
core   0: 3 0x80009582 (0x00001f17) x30 0x8000a582
core   0: 0x80009586 (0xa63f2f23) sw      gp, -1410(t5)
core   0: 3 0x80009586 (0xa63f2f23) mem 0x8000a000 0x00000001
core   0: 0x8000958a (0x0000bfe5) c.j     pc - 8
core   0: 3 0x8000958a (0xbfe5)
core   0: 0x80009582 (0x00001f17) auipc   t5, 0x1
core   0: 3 0x80009582 (0x00001f17) x30 0x8000a582
core   0: 0x80009586 (0xa63f2f23) sw      gp, -1410(t5)
core   0: 3 0x80009586 (0xa63f2f23) mem 0x8000a000 0x00000001
core   0: 0x8000958a (0x0000bfe5) c.j     pc - 8
core   0: 3 0x8000958a (0xbfe5)
core   0: 0x80009582 (0x00001f17) auipc   t5, 0x1
core   0: 3 0x80009582 (0x00001f17) x30 0x8000a582
core   0: 0x80009586 (0xa63f2f23) sw      gp, -1410(t5)
core   0: 3 0x80009586 (0xa63f2f23) mem 0x8000a000 0x00000001
core   0: 0x8000958a (0x0000bfe5) c.j     pc - 8
core   0: 3 0x8000958a (0xbfe5)
core   0: 0x80009582 (0x00001f17) auipc   t5, 0x1
core   0: 3 0x80009582 (0x00001f17) x30 0x8000a582
core   0: 0x80009586 (0xa63f2f23) sw      gp, -1410(t5)
core   0: 3 0x80009586 (0xa63f2f23) mem 0x8000a000 0x00000001
core   0: 0x8000958a (0x0000bfe5) c.j     pc - 8
core   0: 3 0x8000958a (0xbfe5)
core   0: 0x80009582 (0x00001f17) auipc   t5, 0x1
core   0: 3 0x80009582 (0x00001f17) x30 0x8000a582
core   0: 0x80009586 (0xa63f2f23) sw      gp, -1410(t5)
core   0: 3 0x80009586 (0xa63f2f23) mem 0x8000a000 0x00000001
core   0: 0x8000958a (0x0000bfe5) c.j     pc - 8
core   0: 3 0x8000958a (0xbfe5)
core   0: 0x80009582 (0x00001f17) auipc   t5, 0x1
core   0: 3 0x80009582 (0x00001f17) x30 0x8000a582
core   0: 0x80009586 (0xa63f2f23) sw      gp, -1410(t5)
core   0: 3 0x80009586 (0xa63f2f23) mem 0x8000a000 0x00000001
core   0: 0x8000958a (0x0000bfe5) c.j     pc - 8
core   0: 3 0x8000958a (0xbfe5)
core   0: 0x80009582 (0x00001f17) auipc   t5, 0x1
core   0: 3 0x80009582 (0x00001f17) x30 0x8000a582
core   0: 0x80009586 (0xa63f2f23) sw      gp, -1410(t5)
core   0: 3 0x80009586 (0xa63f2f23) mem 0x8000a000 0x00000001
core   0: 0x8000958a (0x0000bfe5) c.j     pc - 8
core   0: 3 0x8000958a (0xbfe5)
core   0: 0x80009582 (0x00001f17) auipc   t5, 0x1
core   0: 3 0x80009582 (0x00001f17) x30 0x8000a582
core   0: 0x80009586 (0xa63f2f23) sw      gp, -1410(t5)
core   0: 3 0x80009586 (0xa63f2f23) mem 0x8000a000 0x00000001
core   0: 0x8000958a (0x0000bfe5) c.j     pc - 8
core   0: 3 0x8000958a (0xbfe5)
core   0: 0x80009582 (0x00001f17) auipc   t5, 0x1
core   0: 3 0x80009582 (0x00001f17) x30 0x8000a582
core   0: 0x80009586 (0xa63f2f23) sw      gp, -1410(t5)
core   0: 3 0x80009586 (0xa63f2f23) mem 0x8000a000 0x00000001
core   0: 0x8000958a (0x0000bfe5) c.j     pc - 8
core   0: 3 0x8000958a (0xbfe5)
core   0: 0x80009582 (0x00001f17) auipc   t5, 0x1
core   0: 3 0x80009582 (0x00001f17) x30 0x8000a582
core   0: 0x80009586 (0xa63f2f23) sw      gp, -1410(t5)
core   0: 3 0x80009586 (0xa63f2f23) mem 0x8000a000 0x00000001
core   0: 0x8000958a (0x0000bfe5) c.j     pc - 8
core   0: 3 0x8000958a (0xbfe5)
core   0: 0x80009582 (0x00001f17) auipc   t5, 0x1
core   0: 3 0x80009582 (0x00001f17) x30 0x8000a582
core   0: 0x80009586 (0xa63f2f23) sw      gp, -1410(t5)
core   0: 3 0x80009586 (0xa63f2f23) mem 0x8000a000 0x00000001
core   0: 0x8000958a (0x0000bfe5) c.j     pc - 8
core   0: 3 0x8000958a (0xbfe5)
core   0: 0x80009582 (0x00001f17) auipc   t5, 0x1
core   0: 3 0x80009582 (0x00001f17) x30 0x8000a582
core   0: 0x80009586 (0xa63f2f23) sw      gp, -1410(t5)
core   0: 3 0x80009586 (0xa63f2f23) mem 0x8000a000 0x00000001
core   0: 0x8000958a (0x0000bfe5) c.j     pc - 8
core   0: 3 0x8000958a (0xbfe5)
core   0: 0x80009582 (0x00001f17) auipc   t5, 0x1
core   0: 3 0x80009582 (0x00001f17) x30 0x8000a582
core   0: 0x80009586 (0xa63f2f23) sw      gp, -1410(t5)
core   0: 3 0x80009586 (0xa63f2f23) mem 0x8000a000 0x00000001
core   0: 0x8000958a (0x0000bfe5) c.j     pc - 8
core   0: 3 0x8000958a (0xbfe5)
core   0: 0x80009582 (0x00001f17) auipc   t5, 0x1
core   0: 3 0x80009582 (0x00001f17) x30 0x8000a582
core   0: 0x80009586 (0xa63f2f23) sw      gp, -1410(t5)
core   0: 3 0x80009586 (0xa63f2f23) mem 0x8000a000 0x00000001
core   0: 0x8000958a (0x0000bfe5) c.j     pc - 8
core   0: 3 0x8000958a (0xbfe5)
core   0: 0x80009582 (0x00001f17) auipc   t5, 0x1
core   0: 3 0x80009582 (0x00001f17) x30 0x8000a582
core   0: 0x80009586 (0xa63f2f23) sw      gp, -1410(t5)
core   0: 3 0x80009586 (0xa63f2f23) mem 0x8000a000 0x00000001
core   0: 0x8000958a (0x0000bfe5) c.j     pc - 8
core   0: 3 0x8000958a (0xbfe5)
core   0: 0x80009582 (0x00001f17) auipc   t5, 0x1
core   0: 3 0x80009582 (0x00001f17) x30 0x8000a582
core   0: 0x80009586 (0xa63f2f23) sw      gp, -1410(t5)
core   0: 3 0x80009586 (0xa63f2f23) mem 0x8000a000 0x00000001
core   0: 0x8000958a (0x0000bfe5) c.j     pc - 8
core   0: 3 0x8000958a (0xbfe5)
core   0: 0x80009582 (0x00001f17) auipc   t5, 0x1
core   0: 3 0x80009582 (0x00001f17) x30 0x8000a582
core   0: 0x80009586 (0xa63f2f23) sw      gp, -1410(t5)
core   0: 3 0x80009586 (0xa63f2f23) mem 0x8000a000 0x00000001
core   0: 0x8000958a (0x0000bfe5) c.j     pc - 8
core   0: 3 0x8000958a (0xbfe5)
core   0: 0x80009582 (0x00001f17) auipc   t5, 0x1
core   0: 3 0x80009582 (0x00001f17) x30 0x8000a582
core   0: 0x80009586 (0xa63f2f23) sw      gp, -1410(t5)
core   0: 3 0x80009586 (0xa63f2f23) mem 0x8000a000 0x00000001
core   0: 0x8000958a (0x0000bfe5) c.j     pc - 8
core   0: 3 0x8000958a (0xbfe5)
core   0: 0x80009582 (0x00001f17) auipc   t5, 0x1
core   0: 3 0x80009582 (0x00001f17) x30 0x8000a582
core   0: 0x80009586 (0xa63f2f23) sw      gp, -1410(t5)
core   0: 3 0x80009586 (0xa63f2f23) mem 0x8000a000 0x00000001
core   0: 0x8000958a (0x0000bfe5) c.j     pc - 8
core   0: 3 0x8000958a (0xbfe5)
core   0: 0x80009582 (0x00001f17) auipc   t5, 0x1
core   0: 3 0x80009582 (0x00001f17) x30 0x8000a582
core   0: 0x80009586 (0xa63f2f23) sw      gp, -1410(t5)
core   0: 3 0x80009586 (0xa63f2f23) mem 0x8000a000 0x00000001
core   0: 0x8000958a (0x0000bfe5) c.j     pc - 8
core   0: 3 0x8000958a (0xbfe5)
core   0: 0x80009582 (0x00001f17) auipc   t5, 0x1
core   0: 3 0x80009582 (0x00001f17) x30 0x8000a582
core   0: 0x80009586 (0xa63f2f23) sw      gp, -1410(t5)
core   0: 3 0x80009586 (0xa63f2f23) mem 0x8000a000 0x00000001
core   0: 0x8000958a (0x0000bfe5) c.j     pc - 8
core   0: 3 0x8000958a (0xbfe5)
core   0: 0x80009582 (0x00001f17) auipc   t5, 0x1
core   0: 3 0x80009582 (0x00001f17) x30 0x8000a582
core   0: 0x80009586 (0xa63f2f23) sw      gp, -1410(t5)
core   0: 3 0x80009586 (0xa63f2f23) mem 0x8000a000 0x00000001
core   0: 0x8000958a (0x0000bfe5) c.j     pc - 8
core   0: 3 0x8000958a (0xbfe5)
core   0: 0x80009582 (0x00001f17) auipc   t5, 0x1
core   0: 3 0x80009582 (0x00001f17) x30 0x8000a582
core   0: 0x80009586 (0xa63f2f23) sw      gp, -1410(t5)
core   0: 3 0x80009586 (0xa63f2f23) mem 0x8000a000 0x00000001
core   0: 0x8000958a (0x0000bfe5) c.j     pc - 8
core   0: 3 0x8000958a (0xbfe5)
core   0: 0x80009582 (0x00001f17) auipc   t5, 0x1
core   0: 3 0x80009582 (0x00001f17) x30 0x8000a582
core   0: 0x80009586 (0xa63f2f23) sw      gp, -1410(t5)
core   0: 3 0x80009586 (0xa63f2f23) mem 0x8000a000 0x00000001
core   0: 0x8000958a (0x0000bfe5) c.j     pc - 8
core   0: 3 0x8000958a (0xbfe5)
core   0: 0x80009582 (0x00001f17) auipc   t5, 0x1
core   0: 3 0x80009582 (0x00001f17) x30 0x8000a582
core   0: 0x80009586 (0xa63f2f23) sw      gp, -1410(t5)
core   0: 3 0x80009586 (0xa63f2f23) mem 0x8000a000 0x00000001
core   0: 0x8000958a (0x0000bfe5) c.j     pc - 8
core   0: 3 0x8000958a (0xbfe5)
core   0: 0x80009582 (0x00001f17) auipc   t5, 0x1
core   0: 3 0x80009582 (0x00001f17) x30 0x8000a582
core   0: 0x80009586 (0xa63f2f23) sw      gp, -1410(t5)
core   0: 3 0x80009586 (0xa63f2f23) mem 0x8000a000 0x00000001
core   0: 0x8000958a (0x0000bfe5) c.j     pc - 8
core   0: 3 0x8000958a (0xbfe5)
core   0: 0x80009582 (0x00001f17) auipc   t5, 0x1
core   0: 3 0x80009582 (0x00001f17) x30 0x8000a582
core   0: 0x80009586 (0xa63f2f23) sw      gp, -1410(t5)
core   0: 3 0x80009586 (0xa63f2f23) mem 0x8000a000 0x00000001
core   0: 0x8000958a (0x0000bfe5) c.j     pc - 8
core   0: 3 0x8000958a (0xbfe5)
core   0: 0x80009582 (0x00001f17) auipc   t5, 0x1
core   0: 3 0x80009582 (0x00001f17) x30 0x8000a582
core   0: 0x80009586 (0xa63f2f23) sw      gp, -1410(t5)
core   0: 3 0x80009586 (0xa63f2f23) mem 0x8000a000 0x00000001
core   0: 0x8000958a (0x0000bfe5) c.j     pc - 8
core   0: 3 0x8000958a (0xbfe5)
core   0: 0x80009582 (0x00001f17) auipc   t5, 0x1
core   0: 3 0x80009582 (0x00001f17) x30 0x8000a582
core   0: 0x80009586 (0xa63f2f23) sw      gp, -1410(t5)
core   0: 3 0x80009586 (0xa63f2f23) mem 0x8000a000 0x00000001
core   0: 0x8000958a (0x0000bfe5) c.j     pc - 8
core   0: 3 0x8000958a (0xbfe5)
core   0: 0x80009582 (0x00001f17) auipc   t5, 0x1
core   0: 3 0x80009582 (0x00001f17) x30 0x8000a582
core   0: 0x80009586 (0xa63f2f23) sw      gp, -1410(t5)
core   0: 3 0x80009586 (0xa63f2f23) mem 0x8000a000 0x00000001
