core   0: 0x00001000 (0x00000297) auipc   t0, 0x0
core   0: 3 0x00001000 (0x00000297) x 5 0x00001000
core   0: 0x00001004 (0x02028593) addi    a1, t0, 32
core   0: 3 0x00001004 (0x02028593) x11 0x00001020
core   0: 0x00001008 (0xf1402573) csrr    a0, mhartid
core   0: 3 0x00001008 (0xf1402573) x10 0x00000000
core   0: 0x0000100c (0x0182a283) lw      t0, 24(t0)
core   0: 3 0x0000100c (0x0182a283) x 5 0x80000000 mem 0x00001018
core   0: 0x00001010 (0x00028067) jr      t0
core   0: 3 0x00001010 (0x00028067)
core   0: 0x80000000 (0xf14022f3) csrr    t0, mhartid
core   0: 3 0x80000000 (0xf14022f3) x 5 0x00000000
core   0: 0x80000004 (0x00004301) c.li    t1, 0
core   0: 3 0x80000004 (0x4301) x 6 0x00000000
core   0: 0x80000006 (0x00628263) beq     t0, t1, pc + 4
core   0: 3 0x80000006 (0x00628263)
core   0: 0x8000000a (0x00000397) auipc   t2, 0x0
core   0: 3 0x8000000a (0x00000397) x 7 0x8000000a
core   0: 0x8000000e (0x00c38393) addi    t2, t2, 12
core   0: 3 0x8000000e (0x00c38393) x 7 0x80000016
core   0: 0x80000012 (0x00038067) jr      t2
core   0: 3 0x80000012 (0x00038067)
core   0: 0x80000016 (0x40001437) lui     s0, 0x40001
core   0: 3 0x80000016 (0x40001437) x 8 0x40001000
core   0: 0x8000001a (0x10540413) addi    s0, s0, 261
core   0: 3 0x8000001a (0x10540413) x 8 0x40001105
core   0: 0x8000001e (0x30141073) csrw    misa, s0
core   0: 3 0x8000001e (0x30141073) c769_misa 0x40141105
core   0: 0x80000022 (0x0002c697) auipc   a3, 0x2c
core   0: 3 0x80000022 (0x0002c697) x13 0x8002c022
core   0: 0x80000026 (0xd0268693) addi    a3, a3, -766
core   0: 3 0x80000026 (0xd0268693) x13 0x8002bd24
core   0: 0x8000002a (0x00011417) auipc   s0, 0x11
core   0: 3 0x8000002a (0x00011417) x 8 0x8001102a
core   0: 0x8000002e (0xbc240413) addi    s0, s0, -1086
core   0: 3 0x8000002e (0xbc240413) x 8 0x80010bec
core   0: 0x80000032 (0x00046413) ori     s0, s0, 0
core   0: 3 0x80000032 (0x00046413) x 8 0x80010bec
core   0: 0x80000036 (0x30541073) csrw    mtvec, s0
core   0: 3 0x80000036 (0x30541073) c773_mtvec 0x80010bec
core   0: 0x8000003a (0x00000417) auipc   s0, 0x0
core   0: 3 0x8000003a (0x00000417) x 8 0x8000003a
core   0: 0x8000003e (0x02240413) addi    s0, s0, 34
core   0: 3 0x8000003e (0x02240413) x 8 0x8000005c
core   0: 0x80000042 (0x34141073) csrw    mepc, s0
core   0: 3 0x80000042 (0x34141073) c833_mepc 0x8000005c
core   0: 0x80000046 (0x00000001) c.nop
core   0: 3 0x80000046 (0x0001)
core   0: 0x80000048 (0x00006409) c.lui   s0, 0x2
core   0: 3 0x80000048 (0x6409) x 8 0x00002000
core   0: 0x8000004a (0x80040413) addi    s0, s0, -2048
core   0: 3 0x8000004a (0x80040413) x 8 0x00001800
core   0: 0x8000004e (0x30041073) csrw    mstatus, s0
core   0: 3 0x8000004e (0x30041073) c768_mstatus 0x00001800
core   0: 0x80000052 (0x00004401) c.li    s0, 0
core   0: 3 0x80000052 (0x4401) x 8 0x00000000
core   0: 0x80000054 (0x30441073) csrw    mie, s0
core   0: 3 0x80000054 (0x30441073) c772_mie 0x00000000
core   0: 0x80000058 (0x30200073) mret
core   0: 3 0x80000058 (0x30200073) c768_mstatus 0x00000080
core   0: >>>>  init
core   0: 0x8000005c (0x00f00013) li      zero, 15
core   0: 3 0x8000005c (0x00f00013)
core   0: 0x80000060 (0x6afe40b7) lui     ra, 0x6afe4
core   0: 3 0x80000060 (0x6afe40b7) x 1 0x6afe4000
core   0: 0x80000064 (0xb4408093) addi    ra, ra, -1212
core   0: 3 0x80000064 (0xb4408093) x 1 0x6afe3b44
core   0: 0x80000068 (0xf856e137) lui     sp, 0xf856e
core   0: 3 0x80000068 (0xf856e137) x 2 0xf856e000
core   0: 0x8000006c (0xefe10113) addi    sp, sp, -258
core   0: 3 0x8000006c (0xefe10113) x 2 0xf856defe
core   0: 0x80000070 (0x800001b7) lui     gp, 0x80000
core   0: 3 0x80000070 (0x800001b7) x 3 0x80000000
core   0: 0x80000074 (0x00004201) c.li    tp, 0
core   0: 3 0x80000074 (0x4201) x 4 0x00000000
core   0: 0x80000076 (0xfd3262b7) lui     t0, 0xfd326
core   0: 3 0x80000076 (0xfd3262b7) x 5 0xfd326000
core   0: 0x8000007a (0xb1728293) addi    t0, t0, -1257
core   0: 3 0x8000007a (0xb1728293) x 5 0xfd325b17
core   0: 0x8000007e (0x80000337) lui     t1, 0x80000
core   0: 3 0x8000007e (0x80000337) x 6 0x80000000
core   0: 0x80000082 (0x00004381) c.li    t2, 0
core   0: 3 0x80000082 (0x4381) x 7 0x00000000
core   0: 0x80000084 (0x0000440d) c.li    s0, 3
core   0: 3 0x80000084 (0x440d) x 8 0x00000003
core   0: 0x80000086 (0x00004481) c.li    s1, 0
core   0: 3 0x80000086 (0x4481) x 9 0x00000000
core   0: 0x80000088 (0x80000537) lui     a0, 0x80000
core   0: 3 0x80000088 (0x80000537) x10 0x80000000
core   0: 0x8000008c (0xf40f75b7) lui     a1, 0xf40f7
core   0: 3 0x8000008c (0xf40f75b7) x11 0xf40f7000
core   0: 0x80000090 (0x12558593) addi    a1, a1, 293
core   0: 3 0x80000090 (0x12558593) x11 0xf40f7125
core   0: 0x80000094 (0xbbde7637) lui     a2, 0xbbde7
core   0: 3 0x80000094 (0xbbde7637) x12 0xbbde7000
core   0: 0x80000098 (0xefc60613) addi    a2, a2, -260
core   0: 3 0x80000098 (0xefc60613) x12 0xbbde6efc
core   0: 0x8000009c (0x80000737) lui     a4, 0x80000
core   0: 3 0x8000009c (0x80000737) x14 0x80000000
core   0: 0x800000a0 (0x00004781) c.li    a5, 0
core   0: 3 0x800000a0 (0x4781) x15 0x00000000
core   0: 0x800000a2 (0x000048a5) c.li    a7, 9
core   0: 3 0x800000a2 (0x48a5) x17 0x00000009
core   0: 0x800000a4 (0x0000492d) c.li    s2, 11
core   0: 3 0x800000a4 (0x492d) x18 0x0000000b
core   0: 0x800000a6 (0xf3df59b7) lui     s3, 0xf3df5
core   0: 3 0x800000a6 (0xf3df59b7) x19 0xf3df5000
core   0: 0x800000aa (0x4f798993) addi    s3, s3, 1271
core   0: 3 0x800000aa (0x4f798993) x19 0xf3df54f7
core   0: 0x800000ae (0x00004a2d) c.li    s4, 11
core   0: 3 0x800000ae (0x4a2d) x20 0x0000000b
core   0: 0x800000b0 (0x00004aa9) c.li    s5, 10
core   0: 3 0x800000b0 (0x4aa9) x21 0x0000000a
core   0: 0x800000b2 (0xfd824b37) lui     s6, 0xfd824
core   0: 3 0x800000b2 (0xfd824b37) x22 0xfd824000
core   0: 0x800000b6 (0xda0b0b13) addi    s6, s6, -608
core   0: 3 0x800000b6 (0xda0b0b13) x22 0xfd823da0
core   0: 0x800000ba (0xf94e0bb7) lui     s7, 0xf94e0
core   0: 3 0x800000ba (0xf94e0bb7) x23 0xf94e0000
core   0: 0x800000be (0x337b8b93) addi    s7, s7, 823
core   0: 3 0x800000be (0x337b8b93) x23 0xf94e0337
core   0: 0x800000c2 (0x00004c05) c.li    s8, 1
core   0: 3 0x800000c2 (0x4c05) x24 0x00000001
core   0: 0x800000c4 (0xa9333cb7) lui     s9, 0xa9333
core   0: 3 0x800000c4 (0xa9333cb7) x25 0xa9333000
core   0: 0x800000c8 (0x0c9c8c93) addi    s9, s9, 201
core   0: 3 0x800000c8 (0x0c9c8c93) x25 0xa93330c9
core   0: 0x800000cc (0xf3f51d37) lui     s10, 0xf3f51
core   0: 3 0x800000cc (0xf3f51d37) x26 0xf3f51000
core   0: 0x800000d0 (0xbadd0d13) addi    s10, s10, -1107
core   0: 3 0x800000d0 (0xbadd0d13) x26 0xf3f50bad
core   0: 0x800000d4 (0x80000db7) lui     s11, 0x80000
core   0: 3 0x800000d4 (0x80000db7) x27 0x80000000
core   0: 0x800000d8 (0xf4bb0e37) lui     t3, 0xf4bb0
core   0: 3 0x800000d8 (0xf4bb0e37) x28 0xf4bb0000
core   0: 0x800000dc (0x436e0e13) addi    t3, t3, 1078
core   0: 3 0x800000dc (0x436e0e13) x28 0xf4bb0436
core   0: 0x800000e0 (0xf4e8deb7) lui     t4, 0xf4e8d
core   0: 3 0x800000e0 (0xf4e8deb7) x29 0xf4e8d000
core   0: 0x800000e4 (0xe86e8e93) addi    t4, t4, -378
core   0: 3 0x800000e4 (0xe86e8e93) x29 0xf4e8ce86
core   0: 0x800000e8 (0x00004f15) c.li    t5, 5
core   0: 3 0x800000e8 (0x4f15) x30 0x00000005
core   0: 0x800000ea (0x00004f95) c.li    t6, 5
core   0: 3 0x800000ea (0x4f95) x31 0x00000005
core   0: 0x800000ec (0x00028817) auipc   a6, 0x28
core   0: 3 0x800000ec (0x00028817) x16 0x800280ec
core   0: 0x800000f0 (0xdb880813) addi    a6, a6, -584
core   0: 3 0x800000f0 (0xdb880813) x16 0x80027ea4
core   0: 0x800000f4 (0x00023e17) auipc   t3, 0x23
core   0: 3 0x800000f4 (0x00023e17) x28 0x800230f4
core   0: 0x800000f8 (0xf6ce0e13) addi    t3, t3, -148
core   0: 3 0x800000f8 (0xf6ce0e13) x28 0x80023060
core   0: 0x800000fc (0xa1ce20af) amomax.w ra, t3, (t3)
core   0: 3 0x800000fc (0xa1ce20af) x 1 0xf052ba2e mem 0x80023060 mem 0x80023060 0xf052ba2e
core   0: 0x80000100 (0x0000566d) c.li    a2, -5
core   0: 3 0x80000100 (0x566d) x12 0xfffffffb
core   0: 0x80000102 (0x19470c93) addi    s9, a4, 404
core   0: 3 0x80000102 (0x19470c93) x25 0x80000194
core   0: 0x80000106 (0x00a38333) add     t1, t2, a0
core   0: 3 0x80000106 (0x00a38333) x 6 0x80000000
core   0: 0x8000010a (0x0a18ef93) ori     t6, a7, 161
core   0: 3 0x8000010a (0x0a18ef93) x31 0x000000a9
core   0: 0x8000010e (0x01fe17b3) sll     a5, t3, t6
core   0: 3 0x8000010e (0x01fe17b3) x15 0x0460c000
core   0: 0x80000112 (0x00000001) c.nop
core   0: 3 0x80000112 (0x0001)
core   0: 0x80000114 (0xe2b7ba93) sltiu   s5, a5, -469
core   0: 3 0x80000114 (0xe2b7ba93) x21 0x00000001
core   0: 0x80000118 (0xebccfa17) auipc   s4, 0xebccf
core   0: 3 0x80000118 (0xebccfa17) x20 0x6bccf118
core   0: 0x8000011c (0x0000987d) c.andi  s0, -1
core   0: 3 0x8000011c (0x987d) x 8 0x00000003
core   0: 0x8000011e (0x0000616d) c.addi16sp sp, 240
core   0: 3 0x8000011e (0x616d) x 2 0xf856dfee
core   0: 0x80000120 (0x00008529) c.srai  a0, 10
core   0: 3 0x80000120 (0x8529) x10 0xffe00000
core   0: 0x80000122 (0x00001e7d) c.addi  t3, -1
core   0: 3 0x80000122 (0x1e7d) x28 0x8002305f
core   0: 0x80000124 (0x0ff0000f) fence   iorw,iorw
core   0: 3 0x80000124 (0x0ff0000f)
core   0: 0x80000128 (0x0208ed33) rem     s10, a7, zero
core   0: 3 0x80000128 (0x0208ed33) x26 0x00000009
core   0: 0x8000012c (0x00000615) c.addi  a2, 5
core   0: 3 0x8000012c (0x0615) x12 0x00000000
core   0: 0x8000012e (0x037bcfb3) div     t6, s7, s7
core   0: 3 0x8000012e (0x037bcfb3) x31 0x00000001
core   0: 0x80000132 (0xf304c313) xori    t1, s1, -208
core   0: 3 0x80000132 (0xf304c313) x 6 0xffffff30
core   0: 0x80000136 (0x00008c99) c.sub   s1, a4
core   0: 3 0x80000136 (0x8c99) x 9 0x80000000
core   0: 0x80000138 (0x0000fe71) c.bnez  a2, pc - 36
core   0: 3 0x80000138 (0xfe71)
core   0: 0x8000013a (0x00921f33) sll     t5, tp, s1
core   0: 3 0x8000013a (0x00921f33) x30 0x00000000
core   0: 0x8000013e (0x022000ef) jal     pc + 0x22
core   0: 3 0x8000013e (0x022000ef) x 1 0x80000142
core   0: 0x80000160 (0xfedff0ef) jal     pc - 0x14
core   0: 3 0x80000160 (0xfedff0ef) x 1 0x80000164
core   0: 0x8000014c (0xff7ff0ef) jal     pc - 0xa
core   0: 3 0x8000014c (0xff7ff0ef) x 1 0x80000150
core   0: 0x80000142 (0x0000a801) c.j     pc + 16
core   0: 3 0x80000142 (0xa801)
core   0: 0x80000152 (0x00a000ef) jal     pc + 0xa
core   0: 3 0x80000152 (0x00a000ef) x 1 0x80000156
core   0: 0x8000015c (0x00002009) c.jal   pc + 2
core   0: 3 0x8000015c (0x2009) x 1 0x8000015e
core   0: 0x8000015e (0x00002021) c.jal   pc + 8
core   0: 3 0x8000015e (0x2021) x 1 0x80000160
core   0: 0x80000166 (0xff3ff0ef) jal     pc - 0xe
core   0: 3 0x80000166 (0xff3ff0ef) x 1 0x8000016a
core   0: 0x80000158 (0x00c000ef) jal     pc + 0xc
core   0: 3 0x80000158 (0x00c000ef) x 1 0x8000015c
core   0: 0x80000164 (0x0000b7c5) c.j     pc - 32
core   0: 3 0x80000164 (0xb7c5)
core   0: 0x80000144 (0x00c000ef) jal     pc + 0xc
core   0: 3 0x80000144 (0x00c000ef) x 1 0x80000148
core   0: 0x80000150 (0x00002019) c.jal   pc + 6
core   0: 3 0x80000150 (0x2019) x 1 0x80000152
core   0: 0x80000156 (0x00003fcd) c.jal   pc - 14
core   0: 3 0x80000156 (0x3fcd) x 1 0x80000158
core   0: 0x80000148 (0x00002009) c.jal   pc + 2
core   0: 3 0x80000148 (0x2009) x 1 0x8000014a
core   0: 0x8000014a (0x00002005) c.jal   pc + 32
core   0: 3 0x8000014a (0x2005) x 1 0x8000014c
core   0: 0x8000016a (0x682ef193) andi    gp, t4, 1666
core   0: 3 0x8000016a (0x682ef193) x 3 0x00000682
core   0: 0x8000016e (0x00023d17) auipc   s10, 0x23
core   0: 3 0x8000016e (0x00023d17) x26 0x8002316e
core   0: 0x80000172 (0xeeed0d13) addi    s10, s10, -274
core   0: 3 0x80000172 (0xeeed0d13) x26 0x8002305c
core   0: 0x80000176 (0x00023a17) auipc   s4, 0x23
core   0: 3 0x80000176 (0x00023a17) x20 0x80023176
core   0: 0x8000017a (0xefaa0a13) addi    s4, s4, -262
core   0: 3 0x8000017a (0xefaa0a13) x20 0x80023070
core   0: 0x8000017e (0x405d2b2f) amoor.w s6, t0, (s10)
core   0: 3 0x8000017e (0x405d2b2f) x22 0xbd09cd8f mem 0x8002305c mem 0x8002305c 0xfd3bdf9f
core   0: 0x80000182 (0x0ff0000f) fence   iorw,iorw
core   0: 3 0x80000182 (0x0ff0000f)
core   0: 0x80000186 (0x04fd2daf) amoadd.w s11, a5, (s10)
core   0: 3 0x80000186 (0x04fd2daf) x27 0xfd3bdf9f mem 0x8002305c mem 0x8002305c 0x019c9f9f
core   0: 0x8000018a (0x622d2b2f) amoand.w s6, sp, (s10)
core   0: 3 0x8000018a (0x622d2b2f) x22 0x019c9f9f mem 0x8002305c mem 0x8002305c 0x00149f8e
core   0: 0x8000018e (0x40fa2aaf) amoor.w s5, a5, (s4)
core   0: 3 0x8000018e (0x40fa2aaf) x21 0x4b258a97 mem 0x80023070 mem 0x80023070 0x4f65ca97
core   0: 0x80000192 (0x00008e15) c.sub   a2, a3
core   0: 3 0x80000192 (0x8e15) x12 0x7ffd42dc
core   0: 0x80000194 (0x422d29af) amoor.w s3, sp, (s10)
core   0: 3 0x80000194 (0x422d29af) x19 0x00149f8e mem 0x8002305c mem 0x8002305c 0xf856dfee
core   0: 0x80000198 (0xa4fa20af) amomax.w ra, a5, (s4)
core   0: 3 0x80000198 (0xa4fa20af) x 1 0x4f65ca97 mem 0x80023070 mem 0x80023070 0x4f65ca97
core   0: 0x8000019c (0x0001d317) auipc   t1, 0x1d
core   0: 3 0x8000019c (0x0001d317) x 6 0x8001d19c
core   0: 0x800001a0 (0x3cb30313) addi    t1, t1, 971
core   0: 3 0x800001a0 (0x3cb30313) x 6 0x8001d567
core   0: 0x800001a4 (0x01734103) lbu     sp, 23(t1)
core   0: 3 0x800001a4 (0x01734103) x 2 0x000000ba mem 0x8001d57e
core   0: 0x800001a8 (0x5fb82013) slti    zero, a6, 1531
core   0: 3 0x800001a8 (0x5fb82013)
core   0: 0x800001ac (0x005568b3) or      a7, a0, t0
core   0: 3 0x800001ac (0x005568b3) x17 0xfff25b17
core   0: 0x800001b0 (0x02330023) sb      gp, 32(t1)
core   0: 3 0x800001b0 (0x02330023) mem 0x8001d587 0x82
core   0: 0x800001b4 (0x03b30ca3) sb      s11, 57(t1)
core   0: 3 0x800001b4 (0x03b30ca3) mem 0x8001d5a0 0x9f
core   0: 0x800001b8 (0x002eb4b3) sltu    s1, t4, sp
core   0: 3 0x800001b8 (0x002eb4b3) x 9 0x00000000
core   0: 0x800001bc (0x03a9a0b3) mulhsu  ra, s3, s10
core   0: 3 0x800001bc (0x03a9a0b3) x 1 0x000a4ff4
core   0: 0x800001c0 (0x02434203) lbu     tp, 36(t1)
core   0: 3 0x800001c0 (0x02434203) x 4 0x00000092 mem 0x8001d58b
core   0: 0x800001c4 (0xd6780197) auipc   gp, 0xd6780
core   0: 3 0x800001c4 (0xd6780197) x 3 0x567801c4
core   0: 0x800001c8 (0x00f34283) lbu     t0, 15(t1)
core   0: 3 0x800001c8 (0x00f34283) x 5 0x00000028 mem 0x8001d576
core   0: 0x800001cc (0x02c30b23) sb      a2, 54(t1)
core   0: 3 0x800001cc (0x02c30b23) mem 0x8001d59d 0xdc
core   0: 0x800001d0 (0xfe9313a3) sh      s1, -25(t1)
core   0: 3 0x800001d0 (0xfe9313a3) mem 0x8001d54e 0x0000
core   0: 0x800001d4 (0x00000b0e) c.slli  s6, 3
core   0: 3 0x800001d4 (0x0b0e) x22 0x0ce4fcf8
core   0: 0x800001d6 (0xfd130283) lb      t0, -47(t1)
core   0: 3 0x800001d6 (0xfd130283) x 5 0xffffffd4 mem 0x8001d538
core   0: 0x800001da (0x02e30aa3) sb      a4, 53(t1)
core   0: 3 0x800001da (0x02e30aa3) mem 0x8001d59c 0x0
core   0: 0x800001de (0x7cc6b013) sltiu   zero, a3, 1996
core   0: 3 0x800001de (0x7cc6b013)
core   0: 0x800001e2 (0x03b30503) lb      a0, 59(t1)
core   0: 3 0x800001e2 (0x03b30503) x10 0x00000033 mem 0x8001d5a2
core   0: 0x800001e6 (0x02330a83) lb      s5, 35(t1)
core   0: 3 0x800001e6 (0x02330a83) x21 0x00000078 mem 0x8001d58a
core   0: 0x800001ea (0x02a6cf33) div     t5, a3, a0
core   0: 3 0x800001ea (0x02a6cf33) x30 0xfd7d8b3d
core   0: 0x800001ee (0xd26e2c13) slti    s8, t3, -730
core   0: 3 0x800001ee (0xd26e2c13) x24 0x00000001
core   0: 0x800001f2 (0x00c31aa3) sh      a2, 21(t1)
core   0: 3 0x800001f2 (0x00c31aa3) mem 0x8001d57c 0x42dc
core   0: 0x800001f6 (0x01530f23) sb      s5, 30(t1)
core   0: 3 0x800001f6 (0x01530f23) mem 0x8001d585 0x78
core   0: 0x800001fa (0x40bdd533) sra     a0, s11, a1
core   0: 3 0x800001fa (0x40bdd533) x10 0xffe9defc
core   0: 0x800001fe (0x00b35b83) lhu     s7, 11(t1)
core   0: 3 0x800001fe (0x00b35b83) x23 0x0000add7 mem 0x8001d572
core   0: 0x80000202 (0xffc30883) lb      a7, -4(t1)
core   0: 3 0x80000202 (0xffc30883) x17 0x0000003e mem 0x8001d563
core   0: 0x80000206 (0xfe830a23) sb      s0, -12(t1)
core   0: 3 0x80000206 (0xfe830a23) mem 0x8001d55b 0x3
core   0: 0x8000020a (0xfee34d03) lbu     s10, -18(t1)
core   0: 3 0x8000020a (0xfee34d03) x26 0x0000003c mem 0x8001d555
core   0: 0x8000020e (0xfc630a03) lb      s4, -58(t1)
core   0: 3 0x8000020e (0xfc630a03) x20 0x0000001b mem 0x8001d52d
core   0: 0x80000212 (0x00013117) auipc   sp, 0x13
core   0: 3 0x80000212 (0x00013117) x 2 0x80013212
core   0: 0x80000216 (0xfa510113) addi    sp, sp, -91
core   0: 3 0x80000216 (0xfa510113) x 2 0x800131b7
core   0: 0x8000021a (0x0000100f) fence.i
core   0: 3 0x8000021a (0x0000100f)
core   0: 0x8000021e (0x0ff0000f) fence   iorw,iorw
core   0: 3 0x8000021e (0x0ff0000f)
core   0: 0x80000222 (0x956e2613) slti    a2, t3, -1706
core   0: 3 0x80000222 (0x956e2613) x12 0x00000001
core   0: 0x80000226 (0x03c2ce33) div     t3, t0, t3
core   0: 3 0x80000226 (0x03c2ce33) x28 0x00000000
core   0: 0x8000022a (0x47c10c23) sb      t3, 1144(sp)
core   0: 3 0x8000022a (0x47c10c23) mem 0x8001362f 0x0
core   0: 0x8000022e (0x34314603) lbu     a2, 835(sp)
core   0: 3 0x8000022e (0x34314603) x12 0x0000001f mem 0x800134fa
core   0: 0x80000232 (0x00000659) c.addi  a2, 22
core   0: 3 0x80000232 (0x0659) x12 0x00000035
core   0: 0x80000234 (0x26c2f993) andi    s3, t0, 620
core   0: 3 0x80000234 (0x26c2f993) x19 0x00000244
core   0: 0x80000238 (0x62614303) lbu     t1, 1574(sp)
core   0: 3 0x80000238 (0x62614303) x 6 0x000000c4 mem 0x800137dd
core   0: 0x8000023c (0x22022293) slti    t0, tp, 544
core   0: 3 0x8000023c (0x22022293) x 5 0x00000001
core   0: 0x80000240 (0x00008e11) c.sub   a2, a2
core   0: 3 0x80000240 (0x8e11) x12 0x00000000
core   0: 0x80000242 (0x02521233) mulh    tp, tp, t0
core   0: 3 0x80000242 (0x02521233) x 4 0x00000000
core   0: 0x80000246 (0xf8510e23) sb      t0, -100(sp)
core   0: 3 0x80000246 (0xf8510e23) mem 0x80013153 0x1
core   0: 0x8000024a (0x00008a49) c.andi  a2, 18
core   0: 3 0x8000024a (0x8a49) x12 0x00000000
core   0: 0x8000024c (0x5e5104a3) sb      t0, 1513(sp)
core   0: 3 0x8000024c (0x5e5104a3) mem 0x800137a0 0x1
core   0: 0x80000250 (0x02466233) rem     tp, a2, tp
core   0: 3 0x80000250 (0x02466233) x 4 0x00000000
core   0: 0x80000254 (0x7fa14e03) lbu     t3, 2042(sp)
core   0: 3 0x80000254 (0x7fa14e03) x28 0x00000007 mem 0x800139b1
core   0: 0x80000258 (0x000012fd) c.addi  t0, -1
core   0: 3 0x80000258 (0x12fd) x 5 0x00000000
core   0: 0x8000025a (0x00626233) or      tp, tp, t1
core   0: 3 0x8000025a (0x00626233) x 4 0x000000c4
core   0: 0x8000025e (0x47c114a3) sh      t3, 1129(sp)
core   0: 3 0x8000025e (0x47c114a3) mem 0x80013620 0x0007
core   0: 0x80000262 (0x00008e31) c.xor   a2, a2
core   0: 3 0x80000262 (0x8e31) x12 0x00000000
core   0: 0x80000264 (0x025209b3) mul     s3, tp, t0
core   0: 3 0x80000264 (0x025209b3) x19 0x00000000
core   0: 0x80000268 (0x50a26313) ori     t1, tp, 1290
core   0: 3 0x80000268 (0x50a26313) x 6 0x000005ce
core   0: 0x8000026c (0x02560e33) mul     t3, a2, t0
core   0: 3 0x8000026c (0x02560e33) x28 0x00000000
core   0: 0x80000270 (0x000052fd) c.li    t0, -1
core   0: 3 0x80000270 (0x52fd) x 5 0xffffffff
core   0: 0x80000272 (0xf5f30293) addi    t0, t1, -161
core   0: 3 0x80000272 (0xf5f30293) x 5 0x0000052d
core   0: 0x80000276 (0x02627633) remu    a2, tp, t1
core   0: 3 0x80000276 (0x02627633) x12 0x000000c4
core   0: 0x8000027a (0x01337e33) and     t3, t1, s3
core   0: 3 0x8000027a (0x01337e33) x28 0x00000000
core   0: 0x8000027e (0x00004621) c.li    a2, 8
core   0: 3 0x8000027e (0x4621) x12 0x00000008
core   0: 0x80000280 (0xfd610203) lb      tp, -42(sp)
core   0: 3 0x80000280 (0xfd610203) x 4 0xffffff94 mem 0x8001318d
core   0: 0x80000284 (0x00008205) c.srli  a2, 1
core   0: 3 0x80000284 (0x8205) x12 0x00000004
core   0: 0x80000286 (0x66711283) lh      t0, 1639(sp)
core   0: 3 0x80000286 (0x66711283) x 5 0x0000396e mem 0x8001381e
core   0: 0x8000028a (0x0000100f) fence.i
core   0: 3 0x8000028a (0x0000100f)
core   0: 0x8000028e (0x05d12983) lw      s3, 93(sp)
core   0: 3 0x8000028e (0x05d12983) x19 0xa7803ba2 mem 0x80013214
core   0: 0x80000292 (0x45d10e03) lb      t3, 1117(sp)
core   0: 3 0x80000292 (0x45d10e03) x28 0x00000047 mem 0x80013614
core   0: 0x80000296 (0x00012297) auipc   t0, 0x12
core   0: 3 0x80000296 (0x00012297) x 5 0x80012296
core   0: 0x8000029a (0x48128293) addi    t0, t0, 1153
core   0: 3 0x8000029a (0x48128293) x 5 0x80012717
core   0: 0x8000029e (0xff22c603) lbu     a2, -14(t0)
core   0: 3 0x8000029e (0xff22c603) x12 0x00000092 mem 0x80012709
core   0: 0x800002a2 (0x00012717) auipc   a4, 0x12
core   0: 3 0x800002a2 (0x00012717) x14 0x800122a2
core   0: 0x800002a6 (0x14570713) addi    a4, a4, 325
core   0: 3 0x800002a6 (0x14570713) x14 0x800123e7
core   0: 0x800002aa (0x01170b03) lb      s6, 17(a4)
core   0: 3 0x800002aa (0x01170b03) x22 0x00000071 mem 0x800123f8
core   0: 0x800002ae (0x00e28903) lb      s2, 14(t0)
core   0: 3 0x800002ae (0x00e28903) x18 0xffffffaa mem 0x80012725
core   0: 0x800002b2 (0x0002cc83) lbu     s9, 0(t0)
core   0: 3 0x800002b2 (0x0002cc83) x25 0x00000096 mem 0x80012717
core   0: 0x800002b6 (0x014294a3) sh      s4, 9(t0)
core   0: 3 0x800002b6 (0x014294a3) mem 0x80012720 0x001b
core   0: 0x800002ba (0x04228023) sb      sp, 64(t0)
core   0: 3 0x800002ba (0x04228023) mem 0x80012757 0xb7
core   0: 0x800002be (0xfe375c03) lhu     s8, -29(a4)
core   0: 3 0x800002be (0xfe375c03) x24 0x0000628d mem 0x800123ca
core   0: 0x800002c2 (0xfff2c303) lbu     t1, -1(t0)
core   0: 3 0x800002c2 (0xfff2c303) x 6 0x0000008c mem 0x80012716
core   0: 0x800002c6 (0x00670ca3) sb      t1, 25(a4)
core   0: 3 0x800002c6 (0x00670ca3) mem 0x80012400 0x8c
core   0: 0x800002ca (0x01729f03) lh      t5, 23(t0)
core   0: 3 0x800002ca (0x01729f03) x30 0x0000685d mem 0x8001272e
core   0: 0x800002ce (0x02e70403) lb      s0, 46(a4)
core   0: 3 0x800002ce (0x02e70403) x 8 0xffffffa1 mem 0x80012415
core   0: 0x800002d2 (0x01174b83) lbu     s7, 17(a4)
core   0: 3 0x800002d2 (0x01174b83) x23 0x00000071 mem 0x800123f8
core   0: 0x800002d6 (0xfe771903) lh      s2, -25(a4)
core   0: 3 0x800002d6 (0xfe771903) x18 0x000072c6 mem 0x800123ce
core   0: 0x800002da (0xffe2c783) lbu     a5, -2(t0)
core   0: 3 0x800002da (0xffe2c783) x15 0x0000008a mem 0x80012715
core   0: 0x800002de (0x00023997) auipc   s3, 0x23
core   0: 3 0x800002de (0x00023997) x19 0x800232de
core   0: 0x800002e2 (0xd8a98993) addi    s3, s3, -630
core   0: 3 0x800002e2 (0xd8a98993) x19 0x80023068
core   0: 0x800002e6 (0x6d5d8a13) addi    s4, s11, 1749
core   0: 3 0x800002e6 (0x6d5d8a13) x20 0xfd3be674
core   0: 0x800002ea (0xef836413) ori     s0, t1, -264
core   0: 3 0x800002ea (0xef836413) x 8 0xfffffefc
core   0: 0x800002ee (0x00008cd9) c.or    s1, a4
core   0: 3 0x800002ee (0x8cd9) x 9 0x800123e7
core   0: 0x800002f0 (0x1209a02f) lr.w    zero, (s3)
core   0: 3 0x800002f0 (0x1209a02f) mem 0x80023068
core   0: 0x800002f4 (0x41c55193) srai    gp, a0, 28
core   0: 3 0x800002f4 (0x41c55193) x 3 0xffffffff
core   0: 0x800002f8 (0x016f2233) slt     tp, t5, s6
core   0: 3 0x800002f8 (0x016f2233) x 4 0x00000000
core   0: 0x800002fc (0xb5724893) xori    a7, tp, -1193
core   0: 3 0x800002fc (0xb5724893) x17 0xfffffb57
core   0: 0x80000300 (0x00000001) c.nop
core   0: 3 0x80000300 (0x0001)
core   0: 0x80000302 (0x1d69a62f) sc.w    a2, s6, (s3)
core   0: 3 0x80000302 (0x1d69a62f) x12 0x00000000 mem 0x80023068 0x00000071
core   0: 0x80000306 (0x00023997) auipc   s3, 0x23
core   0: 3 0x80000306 (0x00023997) x19 0x80023306
core   0: 0x8000030a (0xd6698993) addi    s3, s3, -666
core   0: 3 0x8000030a (0xd6698993) x19 0x8002306c
core   0: 0x8000030e (0x00023897) auipc   a7, 0x23
core   0: 3 0x8000030e (0x00023897) x17 0x8002330e
core   0: 0x80000312 (0xd4288893) addi    a7, a7, -702
core   0: 3 0x80000312 (0xd4288893) x17 0x80023050
core   0: 0x80000316 (0x00023a17) auipc   s4, 0x23
core   0: 3 0x80000316 (0x00023a17) x20 0x80023316
core   0: 0x8000031a (0xd5aa0a13) addi    s4, s4, -678
core   0: 3 0x8000031a (0xd5aa0a13) x20 0x80023070
core   0: 0x8000031e (0x4dc94293) xori    t0, s2, 1244
core   0: 3 0x8000031e (0x4dc94293) x 5 0x0000761a
core   0: 0x80000322 (0xc17a22af) amominu.w t0, s7, (s4)
core   0: 3 0x80000322 (0xc17a22af) x 5 0x4f65ca97 mem 0x80023070 mem 0x80023070 0x00000071
core   0: 0x80000326 (0x00008c05) c.sub   s0, s1
core   0: 3 0x80000326 (0x8c05) x 8 0x7ffedb15
core   0: 0x80000328 (0x448a22af) amoor.w t0, s0, (s4)
core   0: 3 0x80000328 (0x448a22af) x 5 0x00000071 mem 0x80023070 mem 0x80023070 0x7ffedb75
core   0: 0x8000032c (0x6208afaf) amoand.w t6, zero, (a7)
core   0: 3 0x8000032c (0x6208afaf) x31 0xfe0282ce mem 0x80023050 mem 0x80023050 0x00000000
core   0: 0x80000330 (0x00023e97) auipc   t4, 0x23
core   0: 3 0x80000330 (0x00023e97) x29 0x80023330
core   0: 0x80000334 (0xd1ce8e93) addi    t4, t4, -740
core   0: 3 0x80000334 (0xd1ce8e93) x29 0x8002304c
core   0: 0x80000338 (0x6cee6313) ori     t1, t3, 1742
core   0: 3 0x80000338 (0x6cee6313) x 6 0x000006cf
core   0: 0x8000033c (0xbc904617) auipc   a2, 0xbc904
core   0: 3 0x8000033c (0xbc904617) x12 0x3c90433c
core   0: 0x80000340 (0x100ea7af) lr.w    a5, (t4)
core   0: 3 0x80000340 (0x100ea7af) x15 0xc93f32cc mem 0x8002304c
core   0: 0x80000344 (0x03597ab3) remu    s5, s2, s5
core   0: 3 0x80000344 (0x03597ab3) x21 0x00000066
core   0: 0x80000348 (0x03b03cb3) mulhu   s9, zero, s11
core   0: 3 0x80000348 (0x03b03cb3) x25 0x00000000
core   0: 0x8000034c (0x02066e33) rem     t3, a2, zero
core   0: 3 0x8000034c (0x02066e33) x28 0x3c90433c
core   0: 0x80000350 (0x00000d00) c.addi4spn s0, sp, 656
core   0: 3 0x80000350 (0x0d00) x 8 0x80013447
core   0: 0x80000352 (0x00089cb3) sll     s9, a7, zero
core   0: 3 0x80000352 (0x00089cb3) x25 0x80023050
core   0: 0x80000356 (0x7da99537) lui     a0, 0x7da99
core   0: 3 0x80000356 (0x7da99537) x10 0x7da99000
core   0: 0x8000035a (0xb8acea93) ori     s5, s9, -1142
core   0: 3 0x8000035a (0xb8acea93) x21 0xfffffbda
core   0: 0x8000035e (0x1aaea8af) sc.w    a7, a0, (t4)
core   0: 3 0x8000035e (0x1aaea8af) x17 0x00000000 mem 0x8002304c 0x7da99000
core   0: 0x80000362 (0x00022f97) auipc   t6, 0x22
core   0: 3 0x80000362 (0x00022f97) x31 0x80022362
core   0: 0x80000366 (0x673f8f93) addi    t6, t6, 1651
core   0: 3 0x80000366 (0x673f8f93) x31 0x800229d5
core   0: 0x8000036a (0x017f9f03) lh      t5, 23(t6)
core   0: 3 0x8000036a (0x017f9f03) x30 0xffffb50c mem 0x800229ec
core   0: 0x8000036e (0x005f8ba3) sb      t0, 23(t6)
core   0: 3 0x8000036e (0x005f8ba3) mem 0x800229ec 0x71
core   0: 0x80000372 (0x017f9603) lh      a2, 23(t6)
core   0: 3 0x80000372 (0x017f9603) x12 0xffffb571 mem 0x800229ec
core   0: 0x80000376 (0x017f8b83) lb      s7, 23(t6)
core   0: 3 0x80000376 (0x017f8b83) x23 0x00000071 mem 0x800229ec
core   0: 0x8000037a (0xf6ef88a3) sb      a4, -143(t6)
core   0: 3 0x8000037a (0xf6ef88a3) mem 0x80022946 0xe7
core   0: 0x8000037e (0xf71fca03) lbu     s4, -143(t6)
core   0: 3 0x8000037e (0xf71fca03) x20 0x000000e7 mem 0x80022946
core   0: 0x80000382 (0x079fd083) lhu     ra, 121(t6)
core   0: 3 0x80000382 (0x079fd083) x 1 0x00004731 mem 0x80022a4e
core   0: 0x80000386 (0x04cf99a3) sh      a2, 83(t6)
core   0: 3 0x80000386 (0x04cf99a3) mem 0x80022a28 0xb571
core   0: 0x8000038a (0x053f8d83) lb      s11, 83(t6)
core   0: 3 0x8000038a (0x053f8d83) x27 0x00000071 mem 0x80022a28
core   0: 0x8000038e (0x053fd783) lhu     a5, 83(t6)
core   0: 3 0x8000038e (0x053fd783) x15 0x0000b571 mem 0x80022a28
core   0: 0x80000392 (0xf6efc003) lbu     zero, -146(t6)
core   0: 3 0x80000392 (0xf6efc003) mem 0x80022943
core   0: 0x80000396 (0xf6ef8283) lb      t0, -146(t6)
core   0: 3 0x80000396 (0xf6ef8283) x 5 0x0000002b mem 0x80022943
core   0: 0x8000039a (0x010f8e23) sb      a6, 28(t6)
core   0: 3 0x8000039a (0x010f8e23) mem 0x800229f1 0xa4
core   0: 0x8000039e (0x02af8f23) sb      a0, 62(t6)
core   0: 3 0x8000039e (0x02af8f23) mem 0x80022a13 0x0
core   0: 0x800003a2 (0x03efc203) lbu     tp, 62(t6)
core   0: 3 0x800003a2 (0x03efc203) x 4 0x00000000 mem 0x80022a13
core   0: 0x800003a6 (0x024f8f23) sb      tp, 62(t6)
core   0: 3 0x800003a6 (0x024f8f23) mem 0x80022a13 0x0
core   0: 0x800003aa (0x00008421) c.srai  s0, 8
core   0: 3 0x800003aa (0x8421) x 8 0xff800134
core   0: 0x800003ac (0xf28fc503) lbu     a0, -216(t6)
core   0: 3 0x800003ac (0xf28fc503) x10 0x00000087 mem 0x800228fd
core   0: 0x800003b0 (0x0fef8a83) lb      s5, 254(t6)
core   0: 3 0x800003b0 (0x0fef8a83) x21 0x00000007 mem 0x80022ad3
core   0: 0x800003b4 (0x00023417) auipc   s0, 0x23
core   0: 3 0x800003b4 (0x00023417) x 8 0x800233b4
core   0: 0x800003b8 (0xcc840413) addi    s0, s0, -824
core   0: 3 0x800003b8 (0xcc840413) x 8 0x8002307c
core   0: 0x800003bc (0x00f425b3) slt     a1, s0, a5
core   0: 3 0x800003bc (0x00f425b3) x11 0x00000001
core   0: 0x800003c0 (0x036b1f33) mulh    t5, s6, s6
core   0: 3 0x800003c0 (0x036b1f33) x30 0x00000000
core   0: 0x800003c4 (0x00009b7d) c.andi  a4, -1
core   0: 3 0x800003c4 (0x9b7d) x14 0x800123e7
core   0: 0x800003c6 (0x1204212f) lr.w    sp, (s0)
core   0: 3 0x800003c6 (0x1204212f) x 2 0x6fe439d1 mem 0x8002307c
core   0: 0x800003ca (0x02e191b3) mulh    gp, gp, a4
core   0: 3 0x800003ca (0x02e191b3) x 3 0x00000000
core   0: 0x800003ce (0x6acea793) slti    a5, t4, 1708
core   0: 3 0x800003ce (0x6acea793) x15 0x00000001
core   0: 0x800003d2 (0x01883333) sltu    t1, a6, s8
core   0: 3 0x800003d2 (0x01883333) x 6 0x00000000
core   0: 0x800003d6 (0x00004bb5) c.li    s7, 13
core   0: 3 0x800003d6 (0x4bb5) x23 0x0000000d
core   0: 0x800003d8 (0x01ac18b3) sll     a7, s8, s10
core   0: 3 0x800003d8 (0x01ac18b3) x17 0xd0000000
core   0: 0x800003dc (0x00009b66) c.add   s6, s9
core   0: 3 0x800003dc (0x9b66) x22 0x800230c1
core   0: 0x800003de (0x00008e39) c.xor   a2, a4
core   0: 3 0x800003de (0x8e39) x12 0x7ffe9696
core   0: 0x800003e0 (0x00006139) c.addi16sp sp, 448
core   0: 3 0x800003e0 (0x6139) x 2 0x6fe43b91
core   0: 0x800003e2 (0x00000001) c.nop
core   0: 3 0x800003e2 (0x0001)
core   0: 0x800003e4 (0x96990b13) addi    s6, s2, -1687
core   0: 3 0x800003e4 (0x96990b13) x22 0x00006c2f
core   0: 0x800003e8 (0x016651b3) srl     gp, a2, s6
core   0: 3 0x800003e8 (0x016651b3) x 3 0x0000fffd
core   0: 0x800003ec (0x004acd33) xor     s10, s5, tp
core   0: 3 0x800003ec (0x004acd33) x26 0x00000007
core   0: 0x800003f0 (0x1d1429af) sc.w    s3, a7, (s0)
core   0: 3 0x800003f0 (0x1d1429af) x19 0x00000000 mem 0x8002307c 0xd0000000
core   0: 0x800003f4 (0x000080f5) c.srli  s1, 29
core   0: 3 0x800003f4 (0x80f5) x 9 0x00000004
core   0: 0x800003f6 (0x00000500) c.addi4spn s0, sp, 640
core   0: 3 0x800003f6 (0x0500) x 8 0x6fe43e11
core   0: 0x800003f8 (0x0090d413) srli    s0, ra, 9
core   0: 3 0x800003f8 (0x0090d413) x 8 0x00000023
core   0: 0x800003fc (0x0171d713) srli    a4, gp, 23
core   0: 3 0x800003fc (0x0171d713) x14 0x00000000
core   0: 0x80000400 (0xfd844c93) xori    s9, s0, -40
core   0: 3 0x80000400 (0xfd844c93) x25 0xfffffffb
core   0: 0x80000404 (0x00000001) c.nop
core   0: 3 0x80000404 (0x0001)
core   0: 0x80000406 (0x00dd0c33) add     s8, s10, a3
core   0: 3 0x80000406 (0x00dd0c33) x24 0x8002bd2b
core   0: 0x8000040a (0x41ce80b3) sub     ra, t4, t3
core   0: 3 0x8000040a (0x41ce80b3) x 1 0x4371ed10
core   0: 0x8000040e (0x060a6f63) bltu    s4, zero, pc + 126
core   0: 3 0x8000040e (0x060a6f63)
core   0: 0x80000412 (0x407582b3) sub     t0, a1, t2
core   0: 3 0x80000412 (0x407582b3) x 5 0x00000001
core   0: 0x80000416 (0x03b5cd33) div     s10, a1, s11
core   0: 3 0x80000416 (0x03b5cd33) x26 0x00000000
core   0: 0x8000041a (0x09700c63) beq     zero, s7, pc + 152
core   0: 3 0x8000041a (0x09700c63)
core   0: 0x8000041e (0x000080dd) c.srli  s1, 23
core   0: 3 0x8000041e (0x80dd) x 9 0x00000000
core   0: 0x80000420 (0x00000890) c.addi4spn a2, sp, 80
core   0: 3 0x80000420 (0x0890) x12 0x6fe43be1
core   0: 0x80000422 (0x00023b17) auipc   s6, 0x23
core   0: 3 0x80000422 (0x00023b17) x22 0x80023422
core   0: 0x80000426 (0xc2ab0b13) addi    s6, s6, -982
core   0: 3 0x80000426 (0xc2ab0b13) x22 0x8002304c
core   0: 0x8000042a (0x00023417) auipc   s0, 0x23
core   0: 3 0x8000042a (0x00023417) x 8 0x8002342a
core   0: 0x8000042e (0xc4a40413) addi    s0, s0, -950
core   0: 3 0x8000042e (0xc4a40413) x 8 0x80023074
core   0: 0x80000432 (0x00023497) auipc   s1, 0x23
core   0: 3 0x80000432 (0x00023497) x 9 0x80023432
core   0: 0x80000436 (0xc5248493) addi    s1, s1, -942
core   0: 3 0x80000436 (0xc5248493) x 9 0x80023084
core   0: 0x8000043a (0x00023297) auipc   t0, 0x23
core   0: 3 0x8000043a (0x00023297) x 5 0x8002343a
core   0: 0x8000043e (0xc3228293) addi    t0, t0, -974
core   0: 3 0x8000043e (0xc3228293) x 5 0x8002306c
core   0: 0x80000442 (0x8ebcb613) sltiu   a2, s9, -1813
core   0: 3 0x80000442 (0x8ebcb613) x12 0x00000000
core   0: 0x80000446 (0x410adcb3) sra     s9, s5, a6
core   0: 3 0x80000446 (0x410adcb3) x25 0x00000000
core   0: 0x8000044a (0x00009bfd) c.andi  a5, -1
core   0: 3 0x8000044a (0x9bfd) x15 0x00000001
core   0: 0x8000044c (0x00001288) c.addi4spn a0, sp, 352
core   0: 3 0x8000044c (0x1288) x10 0x6fe43cf1
core   0: 0x8000044e (0xc322a9af) amominu.w s3, s2, (t0)
core   0: 3 0x8000044e (0xc322a9af) x19 0x0c18113e mem 0x8002306c mem 0x8002306c 0x000072c6
core   0: 0x80000452 (0x85f2a12f) amomin.w sp, t6, (t0)
core   0: 3 0x80000452 (0x85f2a12f) x 2 0x000072c6 mem 0x8002306c mem 0x8002306c 0x800229d5
core   0: 0x80000456 (0x0340b1b3) mulhu   gp, ra, s4
core   0: 3 0x80000456 (0x0340b1b3) x 3 0x0000003c
core   0: 0x8000045a (0x81e42e2f) amomin.w t3, t5, (s0)
core   0: 3 0x8000045a (0x81e42e2f) x28 0x78174d04 mem 0x80023074 mem 0x80023074 0x00000000
core   0: 0x8000045e (0x23d4aeaf) amoxor.w t4, t4, (s1)
core   0: 3 0x8000045e (0x23d4aeaf) x29 0x2a4ffbe6 mem 0x80023084 mem 0x80023084 0xaa4dcbaa
core   0: 0x80000462 (0xf7195917) auipc   s2, 0xf7195
core   0: 3 0x80000462 (0xf7195917) x18 0x77195462
core   0: 0x80000466 (0xe3e2acaf) amomaxu.w s9, t5, (t0)
core   0: 3 0x80000466 (0xe3e2acaf) x25 0x800229d5 mem 0x8002306c mem 0x8002306c 0x800229d5
core   0: 0x8000046a (0xc0cb28af) amominu.w a7, a2, (s6)
core   0: 3 0x8000046a (0xc0cb28af) x17 0x7da99000 mem 0x8002304c mem 0x8002304c 0x00000000
core   0: 0x8000046e (0x93796713) ori     a4, s2, -1737
core   0: 3 0x8000046e (0x93796713) x14 0xfffffd77
core   0: 0x80000472 (0x43b4af2f) amoor.w t5, s11, (s1)
core   0: 3 0x80000472 (0x43b4af2f) x30 0xaa4dcbaa mem 0x80023084 mem 0x80023084 0xaa4dcbfb
core   0: 0x80000476 (0x082b28af) amoswap.w a7, sp, (s6)
core   0: 3 0x80000476 (0x082b28af) x17 0x00000000 mem 0x8002304c mem 0x8002304c 0x000072c6
core   0: 0x8000047a (0x036fcab3) div     s5, t6, s6
core   0: 3 0x8000047a (0x036fcab3) x21 0x00000001
core   0: 0x8000047e (0x01884933) xor     s2, a6, s8
core   0: 3 0x8000047e (0x01884933) x18 0x0000c38f
core   0: 0x80000482 (0x01cf2733) slt     a4, t5, t3
core   0: 3 0x80000482 (0x01cf2733) x14 0x00000001
core   0: 0x80000486 (0x00000001) c.nop
core   0: 3 0x80000486 (0x0001)
core   0: 0x80000488 (0x01f3d713) srli    a4, t2, 31
core   0: 3 0x80000488 (0x01f3d713) x14 0x00000000
core   0: 0x8000048c (0x39dba937) lui     s2, 0x39dba
core   0: 3 0x8000048c (0x39dba937) x18 0x39dba000
core   0: 0x80000490 (0x01773d33) sltu    s10, a4, s7
core   0: 3 0x80000490 (0x01773d33) x26 0x00000001
core   0: 0x80000494 (0x03f998b3) mulh    a7, s3, t6
core   0: 3 0x80000494 (0x03f998b3) x17 0xf9f4118b
core   0: 0x80000498 (0x013ad213) srli    tp, s5, 19
core   0: 3 0x80000498 (0x013ad213) x 4 0x00000000
core   0: 0x8000049c (0x00001c00) c.addi4spn s0, sp, 560
core   0: 3 0x8000049c (0x1c00) x 8 0x000074f6
core   0: 0x8000049e (0x0005ec63) bltu    a1, zero, pc + 24
core   0: 3 0x8000049e (0x0005ec63)
core   0: 0x800004a2 (0x01ca7133) and     sp, s4, t3
core   0: 3 0x800004a2 (0x01ca7133) x 2 0x00000004
core   0: 0x800004a6 (0x0000055a) c.slli  a0, 22
core   0: 3 0x800004a6 (0x055a) x10 0x3c400000
core   0: 0x800004a8 (0x00989233) sll     tp, a7, s1
core   0: 3 0x800004a8 (0x00989233) x 4 0x9f4118b0
core   0: 0x800004ac (0x00c35213) srli    tp, t1, 12
core   0: 3 0x800004ac (0x00c35213) x 4 0x00000000
core   0: 0x800004b0 (0x00008cad) c.xor   s1, a1
core   0: 3 0x800004b0 (0x8cad) x 9 0x80023085
core   0: 0x800004b2 (0x03d00963) beq     zero, t4, pc + 50
core   0: 3 0x800004b2 (0x03d00963)
core   0: 0x800004b6 (0x0000527d) c.li    tp, -1
core   0: 3 0x800004b6 (0x527d) x 4 0xffffffff
core   0: 0x800004b8 (0x00008d9d) c.sub   a1, a5
core   0: 3 0x800004b8 (0x8d9d) x11 0x00000000
core   0: 0x800004ba (0x0000717d) c.addi16sp sp, -16
core   0: 3 0x800004ba (0x717d) x 2 0xfffffff4
core   0: 0x800004bc (0x000081ae) c.mv    gp, a1
core   0: 3 0x800004bc (0x81ae) x 3 0x00000000
core   0: 0x800004be (0x0000ca05) c.beqz  a2, pc + 48
core   0: 3 0x800004be (0xca05)
core   0: 0x800004ee (0x007c7563) bgeu    s8, t2, pc + 10
core   0: 3 0x800004ee (0x007c7563)
core   0: 0x800004f8 (0x0000c199) c.beqz  a1, pc + 6
core   0: 3 0x800004f8 (0xc199)
core   0: 0x800004fe (0x01e61eb3) sll     t4, a2, t5
core   0: 3 0x800004fe (0x01e61eb3) x29 0x00000000
core   0: 0x80000502 (0x00008ff9) c.and   a5, a4
core   0: 3 0x80000502 (0x8ff9) x15 0x00000000
core   0: 0x80000504 (0x00008dbd) c.xor   a1, a5
core   0: 3 0x80000504 (0x8dbd) x11 0x00000000
core   0: 0x80000506 (0x10caff93) andi    t6, s5, 268
core   0: 3 0x80000506 (0x10caff93) x31 0x00000000
core   0: 0x8000050a (0xe1ee6013) ori     zero, t3, -482
core   0: 3 0x8000050a (0xe1ee6013)
core   0: 0x8000050e (0x0000613d) c.addi16sp sp, 480
core   0: 3 0x8000050e (0x613d) x 2 0x000001d4
core   0: 0x80000510 (0x000007a2) c.slli  a5, 8
core   0: 3 0x80000510 (0x07a2) x15 0x00000000
core   0: 0x80000512 (0x02fb1bb3) mulh    s7, s6, a5
core   0: 3 0x80000512 (0x02fb1bb3) x23 0x00000000
core   0: 0x80000516 (0x447dcb97) auipc   s7, 0x447dc
core   0: 3 0x80000516 (0x447dcb97) x23 0xc47dc516
core   0: 0x8000051a (0x00008621) c.srai  a2, 8
core   0: 3 0x8000051a (0x8621) x12 0x00000000
core   0: 0x8000051c (0x0000100f) fence.i
core   0: 3 0x8000051c (0x0000100f)
core   0: 0x80000520 (0x0151c133) xor     sp, gp, s5
core   0: 3 0x80000520 (0x0151c133) x 2 0x00000001
core   0: 0x80000524 (0x0000717d) c.addi16sp sp, -16
core   0: 3 0x80000524 (0x717d) x 2 0xfffffff1
core   0: 0x80000526 (0x01fbef63) bltu    s7, t6, pc + 30
core   0: 3 0x80000526 (0x01fbef63)
core   0: 0x8000052a (0x00a61b33) sll     s6, a2, a0
core   0: 3 0x8000052a (0x00a61b33) x22 0x00000000
core   0: 0x8000052e (0x00008c09) c.sub   s0, a0
core   0: 3 0x8000052e (0x8c09) x 8 0xc3c074f6
core   0: 0x80000530 (0x029a5fb3) divu    t6, s4, s1
core   0: 3 0x80000530 (0x029a5fb3) x31 0x00000000
core   0: 0x80000534 (0x44d16913) ori     s2, sp, 1101
core   0: 3 0x80000534 (0x44d16913) x18 0xfffffffd
core   0: 0x80000538 (0x03f68eb3) mul     t4, a3, t6
core   0: 3 0x80000538 (0x03f68eb3) x29 0x00000000
core   0: 0x8000053c (0xae998213) addi    tp, s3, -1303
core   0: 3 0x8000053c (0xae998213) x 4 0x0c180c27
core   0: 0x80000540 (0x00008bbd) c.andi  a5, 15
core   0: 3 0x80000540 (0x8bbd) x15 0x00000000
core   0: 0x80000542 (0x0000c88d) c.beqz  s1, pc + 50
core   0: 3 0x80000542 (0xc88d)
core   0: 0x80000544 (0x002b4ab3) xor     s5, s6, sp
core   0: 3 0x80000544 (0x002b4ab3) x21 0xfffffff1
core   0: 0x80000548 (0x4094d1b3) sra     gp, s1, s1
core   0: 3 0x80000548 (0x4094d1b3) x 3 0xfc001184
core   0: 0x8000054c (0x000088e1) c.andi  s1, 24
core   0: 3 0x8000054c (0x88e1) x 9 0x00000000
core   0: 0x8000054e (0x013bef63) bltu    s7, s3, pc + 30
core   0: 3 0x8000054e (0x013bef63)
core   0: 0x80000552 (0x027a1a63) bne     s4, t2, pc + 52
core   0: 3 0x80000552 (0x027a1a63)
core   0: 0x80000586 (0x000087e5) c.srai  a5, 25
core   0: 3 0x80000586 (0x87e5) x15 0x00000000
core   0: 0x80000588 (0x48e56597) auipc   a1, 0x48e56
core   0: 3 0x80000588 (0x48e56597) x11 0xc8e56588
core   0: 0x8000058c (0x41df89b3) sub     s3, t6, t4
core   0: 3 0x8000058c (0x41df89b3) x19 0x00000000
core   0: 0x80000590 (0x03148fb3) mul     t6, s1, a7
core   0: 3 0x80000590 (0x03148fb3) x31 0x00000000
core   0: 0x80000594 (0x2074f213) andi    tp, s1, 519
core   0: 3 0x80000594 (0x2074f213) x 4 0x00000000
core   0: 0x80000598 (0x02657eb3) remu    t4, a0, t1
core   0: 3 0x80000598 (0x02657eb3) x29 0x3c400000
core   0: 0x8000059c (0x4100df93) srai    t6, ra, 16
core   0: 3 0x8000059c (0x4100df93) x31 0x00004371
core   0: 0x800005a0 (0x0000849d) c.srai  s1, 7
core   0: 3 0x800005a0 (0x849d) x 9 0x00000000
core   0: 0x800005a2 (0x03583b33) mulhu   s6, a6, s5
core   0: 3 0x800005a2 (0x03583b33) x22 0x80027e9c
core   0: 0x800005a6 (0x02bd6263) bltu    s10, a1, pc + 36
core   0: 3 0x800005a6 (0x02bd6263)
core   0: 0x800005ca (0x0000c489) c.beqz  s1, pc + 10
core   0: 3 0x800005ca (0xc489)
core   0: 0x800005d4 (0x00008d65) c.and   a0, s1
core   0: 3 0x800005d4 (0x8d65) x10 0x00000000
core   0: 0x800005d6 (0xed1f6093) ori     ra, t5, -303
core   0: 3 0x800005d6 (0xed1f6093) x 1 0xfffffffb
core   0: 0x800005da (0x03500733) mul     a4, zero, s5
core   0: 3 0x800005da (0x03500733) x14 0x00000000
core   0: 0x800005de (0x01962233) slt     tp, a2, s9
core   0: 3 0x800005de (0x01962233) x 4 0x00000000
core   0: 0x800005e2 (0x00004f8d) c.li    t6, 3
core   0: 3 0x800005e2 (0x4f8d) x31 0x00000003
core   0: 0x800005e4 (0x0ff0000f) fence   iorw,iorw
core   0: 3 0x800005e4 (0x0ff0000f)
core   0: 0x800005e8 (0x00000e0e) c.slli  t3, 3
core   0: 3 0x800005e8 (0x0e0e) x28 0xc0ba6820
core   0: 0x800005ea (0x004d82b3) add     t0, s11, tp
core   0: 3 0x800005ea (0x004d82b3) x 5 0x00000071
core   0: 0x800005ee (0x41460f33) sub     t5, a2, s4
core   0: 3 0x800005ee (0x41460f33) x30 0xffffff19
core   0: 0x800005f2 (0x00000c2a) c.slli  s8, 10
core   0: 3 0x800005f2 (0x0c2a) x24 0x0af4ac00
core   0: 0x800005f4 (0x01235533) srl     a0, t1, s2
core   0: 3 0x800005f4 (0x01235533) x10 0x00000000
core   0: 0x800005f8 (0x59d37913) andi    s2, t1, 1437
core   0: 3 0x800005f8 (0x59d37913) x18 0x00000000
core   0: 0x800005fc (0x03da7c33) remu    s8, s4, t4
core   0: 3 0x800005fc (0x03da7c33) x24 0x000000e7
core   0: 0x80000600 (0x00000209) c.addi  tp, 2
core   0: 3 0x80000600 (0x0209) x 4 0x00000002
core   0: 0x80000602 (0x00008fc9) c.or    a5, a0
core   0: 3 0x80000602 (0x8fc9) x15 0x00000000
core   0: 0x80000604 (0x046c1563) bne     s8, t1, pc + 74
core   0: 3 0x80000604 (0x046c1563)
core   0: 0x8000064e (0x00000001) c.nop
core   0: 3 0x8000064e (0x0001)
core   0: 0x80000650 (0xd702fd93) andi    s11, t0, -656
core   0: 3 0x80000650 (0xd702fd93) x27 0x00000070
core   0: 0x80000654 (0x0041a5b3) slt     a1, gp, tp
core   0: 3 0x80000654 (0x0041a5b3) x11 0x00000001
core   0: 0x80000658 (0x00ce5cb3) srl     s9, t3, a2
core   0: 3 0x80000658 (0x00ce5cb3) x25 0xc0ba6820
core   0: 0x8000065c (0x03225563) bge     tp, s2, pc + 42
core   0: 3 0x8000065c (0x03225563)
core   0: 0x80000686 (0x4409e213) ori     tp, s3, 1088
core   0: 3 0x80000686 (0x4409e213) x 4 0x00000440
core   0: 0x8000068a (0x16966493) ori     s1, a2, 361
core   0: 3 0x8000068a (0x16966493) x 9 0x00000169
core   0: 0x8000068e (0x00000d17) auipc   s10, 0x0
core   0: 3 0x8000068e (0x00000d17) x26 0x8000068e
core   0: 0x80000692 (0x45cd0d13) addi    s10, s10, 1116
core   0: 3 0x80000692 (0x45cd0d13) x26 0x80000aea
core   0: 0x80000696 (0x00000da6) c.slli  s11, 9
core   0: 3 0x80000696 (0x0da6) x27 0x0000e000
core   0: 0x80000698 (0x40888933) sub     s2, a7, s0
core   0: 3 0x80000698 (0x40888933) x18 0x36339c95
core   0: 0x8000069c (0xe86d0d13) addi    s10, s10, -378
core   0: 3 0x8000069c (0xe86d0d13) x26 0x80000970
core   0: 0x800006a0 (0x004a22b3) slt     t0, s4, tp
core   0: 3 0x800006a0 (0x004a22b3) x 5 0x00000001
core   0: 0x800006a4 (0x00008f31) c.xor   a4, a2
core   0: 3 0x800006a4 (0x8f31) x14 0x00000000
core   0: 0x800006a6 (0x01f0e363) bltu    ra, t6, pc + 6
core   0: 3 0x800006a6 (0x01f0e363)
core   0: 0x800006aa (0x00000616) c.slli  a2, 5
core   0: 3 0x800006aa (0x0616) x12 0x00000000
core   0: 0x800006ac (0x17ad00e7) jalr    ra, s10, 378
core   0: 3 0x800006ac (0x17ad00e7) x 1 0x800006b0
core   0: 0x80000aea (0x00001841) c.addi  a6, -16
core   0: 3 0x80000aea (0x1841) x16 0x80027e94
core   0: 0x80000aec (0x0000157d) c.addi  a0, -1
core   0: 3 0x80000aec (0x157d) x10 0xffffffff
core   0: 0x80000aee (0x030b0233) mul     tp, s6, a6
core   0: 3 0x80000aee (0x030b0233) x 4 0x38f9fa30
core   0: 0x80000af2 (0x00182223) sw      ra, 4(a6)
core   0: 3 0x80000af2 (0x00182223) mem 0x80027e98 0x800006b0
core   0: 0x80000af6 (0x0ff0000f) fence   iorw,iorw
core   0: 3 0x80000af6 (0x0ff0000f)
core   0: 0x80000afa (0x02204233) div     tp, zero, sp
core   0: 3 0x80000afa (0x02204233) x 4 0x00000000
core   0: 0x80000afe (0x000048cd) c.li    a7, 19
core   0: 3 0x80000afe (0x48cd) x17 0x00000013
core   0: 0x80000b00 (0x00009476) c.add   s0, t4
core   0: 3 0x80000b00 (0x9476) x 8 0x000074f6
core   0: 0x80000b02 (0x000005e2) c.slli  a1, 24
core   0: 3 0x80000b02 (0x05e2) x11 0x01000000
core   0: 0x80000b04 (0x00008171) c.srli  a0, 28
core   0: 3 0x80000b04 (0x8171) x10 0x0000000f
core   0: 0x80000b06 (0x02c2fd33) remu    s10, t0, a2
core   0: 3 0x80000b06 (0x02c2fd33) x26 0x00000001
core   0: 0x80000b0a (0xf894d1b7) lui     gp, 0xf894d
core   0: 3 0x80000b0a (0xf894d1b7) x 3 0xf894d000
core   0: 0x80000b0e (0x00009d97) auipc   s11, 0x9
core   0: 3 0x80000b0e (0x00009d97) x27 0x80009b0e
core   0: 0x80000b12 (0x178d8d93) addi    s11, s11, 376
core   0: 3 0x80000b12 (0x178d8d93) x27 0x80009c86
core   0: 0x80000b16 (0x0000028c) c.addi4spn a1, sp, 320
core   0: 3 0x80000b16 (0x028c) x11 0x00000131
core   0: 0x80000b18 (0x00000d85) c.addi  s11, 1
core   0: 3 0x80000b18 (0x0d85) x27 0x80009c87
core   0: 0x80000b1a (0x00946763) bltu    s0, s1, pc + 14
core   0: 3 0x80000b1a (0x00946763)
core   0: 0x80000b1e (0xe1552113) slti    sp, a0, -491
core   0: 3 0x80000b1e (0xe1552113) x 2 0x00000000
core   0: 0x80000b22 (0x0000865d) c.srai  a2, 23
core   0: 3 0x80000b22 (0x865d) x12 0x00000000
core   0: 0x80000b24 (0x009b0233) add     tp, s6, s1
core   0: 3 0x80000b24 (0x009b0233) x 4 0x80028005
core   0: 0x80000b28 (0x00009d82) c.jalr  s11
core   0: 3 0x80000b28 (0x9d82) x 1 0x80000b2a
core   0: 0x80009c86 (0x00008c91) c.sub   s1, a2
core   0: 3 0x80009c86 (0x8c91) x 9 0x00000169
core   0: 0x80009c88 (0x036b59b3) divu    s3, s6, s6
core   0: 3 0x80009c88 (0x036b59b3) x19 0x00000001
core   0: 0x80009c8c (0x00001821) c.addi  a6, -24
core   0: 3 0x80009c8c (0x1821) x16 0x80027e7c
core   0: 0x80009c8e (0x0003c233) xor     tp, t2, zero
core   0: 3 0x80009c8e (0x0003c233) x 4 0x00000000
core   0: 0x80009c92 (0x024569b3) rem     s3, a0, tp
core   0: 3 0x80009c92 (0x024569b3) x19 0x0000000f
core   0: 0x80009c96 (0x00000001) c.nop
core   0: 3 0x80009c96 (0x0001)
core   0: 0x80009c98 (0x00182223) sw      ra, 4(a6)
core   0: 3 0x80009c98 (0x00182223) mem 0x80027e80 0x80000b2a
core   0: 0x80009c9c (0xe411a313) slti    t1, gp, -447
core   0: 3 0x80009c9c (0xe411a313) x 6 0x00000001
core   0: 0x80009ca0 (0x7e9db413) sltiu   s0, s11, 2025
core   0: 3 0x80009ca0 (0x7e9db413) x 8 0x00000000
core   0: 0x80009ca4 (0x01f6d293) srli    t0, a3, 31
core   0: 3 0x80009ca4 (0x01f6d293) x 5 0x00000001
core   0: 0x80009ca8 (0x00019517) auipc   a0, 0x19
core   0: 3 0x80009ca8 (0x00019517) x10 0x80022ca8
core   0: 0x80009cac (0x3dc50513) addi    a0, a0, 988
core   0: 3 0x80009cac (0x3dc50513) x10 0x80023084
core   0: 0x80009cb0 (0x00019c97) auipc   s9, 0x19
core   0: 3 0x80009cb0 (0x00019c97) x25 0x80022cb0
core   0: 0x80009cb4 (0x3ccc8c93) addi    s9, s9, 972
core   0: 3 0x80009cb4 (0x3ccc8c93) x25 0x8002307c
core   0: 0x80009cb8 (0x046caaaf) amoadd.w s5, t1, (s9)
core   0: 3 0x80009cb8 (0x046caaaf) x21 0xd0000000 mem 0x8002307c mem 0x8002307c 0xd0000001
core   0: 0x80009cbc (0x0168c0b3) xor     ra, a7, s6
core   0: 3 0x80009cbc (0x0168c0b3) x 1 0x80027e8f
core   0: 0x80009cc0 (0x025528af) amoadd.w a7, t0, (a0)
core   0: 3 0x80009cc0 (0x025528af) x17 0xaa4dcbfb mem 0x80023084 mem 0x80023084 0xaa4dcbfc
core   0: 0x80009cc4 (0xe5352aaf) amomaxu.w s5, s3, (a0)
core   0: 3 0x80009cc4 (0xe5352aaf) x21 0xaa4dcbfc mem 0x80023084 mem 0x80023084 0xaa4dcbfc
core   0: 0x80009cc8 (0x00019597) auipc   a1, 0x19
core   0: 3 0x80009cc8 (0x00019597) x11 0x80022cc8
core   0: 0x80009ccc (0x3b058593) addi    a1, a1, 944
core   0: 3 0x80009ccc (0x3b058593) x11 0x80023078
core   0: 0x80009cd0 (0x1205aa2f) lr.w    s4, (a1)
core   0: 3 0x80009cd0 (0x1205aa2f) x20 0x516d15b4 mem 0x80023078
core   0: 0x80009cd4 (0x02bb0ab3) mul     s5, s6, a1
core   0: 3 0x80009cd4 (0x02bb0ab3) x21 0x76209920
core   0: 0x80009cd8 (0x00291613) slli    a2, s2, 2
core   0: 3 0x80009cd8 (0x00291613) x12 0xd8ce7254
core   0: 0x80009cdc (0x1815a02f) sc.w    zero, ra, (a1)
core   0: 3 0x80009cdc (0x1815a02f) mem 0x80023078 0x80027e8f
core   0: 0x80009ce0 (0x00009c97) auipc   s9, 0x9
core   0: 3 0x80009ce0 (0x00009c97) x25 0x80012ce0
core   0: 0x80009ce4 (0x0e3c8c93) addi    s9, s9, 227
core   0: 3 0x80009ce4 (0x0e3c8c93) x25 0x80012dc3
core   0: 0x80009ce8 (0x00009497) auipc   s1, 0x9
core   0: 3 0x80009ce8 (0x00009497) x 9 0x80012ce8
core   0: 0x80009cec (0xb3f48493) addi    s1, s1, -1217
core   0: 3 0x80009cec (0xb3f48493) x 9 0x80012827
core   0: 0x80009cf0 (0xf3acce83) lbu     t4, -198(s9)
core   0: 3 0x80009cf0 (0xf3acce83) x29 0x0000007b mem 0x80012cfd
core   0: 0x80009cf4 (0xffa48223) sb      s10, -28(s1)
core   0: 3 0x80009cf4 (0xffa48223) mem 0x8001280b 0x1
core   0: 0x80009cf8 (0x00008b97) auipc   s7, 0x8
core   0: 3 0x80009cf8 (0x00008b97) x23 0x80011cf8
core   0: 0x80009cfc (0x71eb8b93) addi    s7, s7, 1822
core   0: 3 0x80009cfc (0x71eb8b93) x23 0x80012416
core   0: 0x80009d00 (0x054c8223) sb      s4, 68(s9)
core   0: 3 0x80009d00 (0x054c8223) mem 0x80012e07 0xb4
core   0: 0x80009d04 (0xf0248503) lb      a0, -254(s1)
core   0: 3 0x80009d04 (0xf0248503) x10 0xffffffee mem 0x80012729
core   0: 0x80009d08 (0xf6ec8023) sb      a4, -160(s9)
core   0: 3 0x80009d08 (0xf6ec8023) mem 0x80012d23 0x0
core   0: 0x80009d0c (0x01fb8303) lb      t1, 31(s7)
core   0: 3 0x80009d0c (0x01fb8303) x 6 0x0000005d mem 0x80012435
core   0: 0x80009d10 (0x014b84a3) sb      s4, 9(s7)
core   0: 3 0x80009d10 (0x014b84a3) mem 0x8001241f 0xb4
core   0: 0x80009d14 (0xf8dc9503) lh      a0, -115(s9)
core   0: 3 0x80009d14 (0xf8dc9503) x10 0xffff80a4 mem 0x80012d50
core   0: 0x80009d18 (0x00bb9c23) sh      a1, 24(s7)
core   0: 3 0x80009d18 (0x00bb9c23) mem 0x8001242e 0x3078
core   0: 0x80009d1c (0xf1dcc183) lbu     gp, -227(s9)
core   0: 3 0x80009d1c (0xf1dcc183) x 3 0x0000000c mem 0x80012ce0
core   0: 0x80009d20 (0xf634dc03) lhu     s8, -157(s1)
core   0: 3 0x80009d20 (0xf634dc03) x24 0x0000fe76 mem 0x8001278a
core   0: 0x80009d24 (0x00848723) sb      s0, 14(s1)
core   0: 3 0x80009d24 (0x00848723) mem 0x80012835 0x0
core   0: 0x80009d28 (0xfebbc083) lbu     ra, -21(s7)
core   0: 3 0x80009d28 (0xfebbc083) x 1 0x000000d8 mem 0x80012401
core   0: 0x80009d2c (0xf91c8103) lb      sp, -111(s9)
core   0: 3 0x80009d2c (0xf91c8103) x 2 0xffffffb2 mem 0x80012d54
core   0: 0x80009d30 (0x032491a3) sh      s2, 35(s1)
core   0: 3 0x80009d30 (0x032491a3) mem 0x8001284a 0x9c95
core   0: 0x80009d34 (0xf41ccf03) lbu     t5, -191(s9)
core   0: 3 0x80009d34 (0xf41ccf03) x30 0x0000008e mem 0x80012d04
core   0: 0x80009d38 (0x01cb8ba3) sb      t3, 23(s7)
core   0: 3 0x80009d38 (0x01cb8ba3) mem 0x8001242d 0x20
core   0: 0x80009d3c (0xf50c8c03) lb      s8, -176(s9)
core   0: 3 0x80009d3c (0xf50c8c03) x24 0x00000025 mem 0x80012d13
core   0: 0x80009d40 (0x0000576d) c.li    a4, -5
core   0: 3 0x80009d40 (0x576d) x14 0xfffffffb
core   0: 0x80009d42 (0x00b07f33) and     t5, zero, a1
core   0: 3 0x80009d42 (0x00b07f33) x30 0x00000000
core   0: 0x80009d46 (0x02f6eeb3) rem     t4, a3, a5
core   0: 3 0x80009d46 (0x02f6eeb3) x29 0x8002bd24
core   0: 0x80009d4a (0xc81da893) slti    a7, s11, -895
core   0: 3 0x80009d4a (0xc81da893) x17 0x00000001
core   0: 0x80009d4e (0x00000001) c.nop
core   0: 3 0x80009d4e (0x0001)
core   0: 0x80009d50 (0x00008c2d) c.xor   s0, a1
core   0: 3 0x80009d50 (0x8c2d) x 8 0x80023078
core   0: 0x80009d52 (0x00008d2d) c.xor   a0, a1
core   0: 3 0x80009d52 (0x8d2d) x10 0x7ffdb0dc
core   0: 0x80009d54 (0x00000715) c.addi  a4, 5
core   0: 3 0x80009d54 (0x0715) x14 0x00000000
core   0: 0x80009d56 (0x40685b13) srai    s6, a6, 6
core   0: 3 0x80009d56 (0x40685b13) x22 0xfe0009f9
core   0: 0x80009d5a (0x0000df65) c.beqz  a4, pc - 8
core   0: 3 0x80009d5a (0xdf65)
core   0: 0x80009d52 (0x00008d2d) c.xor   a0, a1
core   0: 3 0x80009d52 (0x8d2d) x10 0xffff80a4
core   0: 0x80009d54 (0x00000715) c.addi  a4, 5
core   0: 3 0x80009d54 (0x0715) x14 0x00000005
core   0: 0x80009d56 (0x40685b13) srai    s6, a6, 6
core   0: 3 0x80009d56 (0x40685b13) x22 0xfe0009f9
core   0: 0x80009d5a (0x0000df65) c.beqz  a4, pc - 8
core   0: 3 0x80009d5a (0xdf65)
core   0: 0x80009d5c (0x0314ee33) rem     t3, s1, a7
core   0: 3 0x80009d5c (0x0314ee33) x28 0x00000000
core   0: 0x80009d60 (0x00012117) auipc   sp, 0x12
core   0: 3 0x80009d60 (0x00012117) x 2 0x8001bd60
core   0: 0x80009d64 (0x6c510113) addi    sp, sp, 1733
core   0: 3 0x80009d64 (0x6c510113) x 2 0x8001c425
core   0: 0x80009d68 (0x00810523) sb      s0, 10(sp)
core   0: 3 0x80009d68 (0x00810523) mem 0x8001c42f 0x78
core   0: 0x80009d6c (0x04715583) lhu     a1, 71(sp)
core   0: 3 0x80009d6c (0x04715583) x11 0x00006a6a mem 0x8001c46c
core   0: 0x80009d70 (0xfc111fa3) sh      ra, -33(sp)
core   0: 3 0x80009d70 (0xfc111fa3) mem 0x8001c404 0x00d8
core   0: 0x80009d74 (0x0000067d) c.addi  a2, 31
core   0: 3 0x80009d74 (0x067d) x12 0xd8ce7273
core   0: 0x80009d76 (0x02810523) sb      s0, 42(sp)
core   0: 3 0x80009d76 (0x02810523) mem 0x8001c44f 0x78
core   0: 0x80009d7a (0x001450b3) srl     ra, s0, ra
core   0: 3 0x80009d7a (0x001450b3) x 1 0x00000080
core   0: 0x80009d7e (0x0df12583) lw      a1, 223(sp)
core   0: 3 0x80009d7e (0x0df12583) x11 0x279a3923 mem 0x8001c504
core   0: 0x80009d82 (0x008445b3) xor     a1, s0, s0
core   0: 3 0x80009d82 (0x008445b3) x11 0x00000000
core   0: 0x80009d86 (0x01610583) lb      a1, 22(sp)
core   0: 3 0x80009d86 (0x01610583) x11 0xffffff8a mem 0x8001c43b
core   0: 0x80009d8a (0x00000001) c.nop
core   0: 3 0x80009d8a (0x0001)
core   0: 0x80009d8c (0x001620b3) slt     ra, a2, ra
core   0: 3 0x80009d8c (0x001620b3) x 1 0x00000001
core   0: 0x80009d90 (0xfa312403) lw      s0, -93(sp)
core   0: 3 0x80009d90 (0xfa312403) x 8 0xd7c0ee53 mem 0x8001c3c8
core   0: 0x80009d94 (0x0ff0000f) fence   iorw,iorw
core   0: 3 0x80009d94 (0x0ff0000f)
core   0: 0x80009d98 (0x02a0a5b3) mulhsu  a1, ra, a0
core   0: 3 0x80009d98 (0x02a0a5b3) x11 0x00000000
core   0: 0x80009d9c (0xfe712583) lw      a1, -25(sp)
core   0: 3 0x80009d9c (0xfe712583) x11 0x9689213a mem 0x8001c40c
core   0: 0x80009da0 (0x2dc00c17) auipc   s8, 0x2dc00
core   0: 3 0x80009da0 (0x2dc00c17) x24 0xadc09da0
core   0: 0x80009da4 (0xfb8109a3) sb      s8, -77(sp)
core   0: 3 0x80009da4 (0xfb8109a3) mem 0x8001c3d8 0xa0
core   0: 0x80009da8 (0x02a0e5b3) rem     a1, ra, a0
core   0: 3 0x80009da8 (0x02a0e5b3) x11 0x00000001
core   0: 0x80009dac (0x40365093) srai    ra, a2, 3
core   0: 3 0x80009dac (0x40365093) x 1 0xfb19ce4e
core   0: 0x80009db0 (0x02c5d633) divu    a2, a1, a2
core   0: 3 0x80009db0 (0x02c5d633) x12 0x00000000
core   0: 0x80009db4 (0x021080b3) mul     ra, ra, ra
core   0: 3 0x80009db4 (0x021080b3) x 1 0xe57d9fc4
core   0: 0x80009db8 (0xa9743593) sltiu   a1, s0, -1385
core   0: 3 0x80009db8 (0xa9743593) x11 0x00000001
core   0: 0x80009dbc (0x0ff0000f) fence   iorw,iorw
core   0: 3 0x80009dbc (0x0ff0000f)
core   0: 0x80009dc0 (0x02410083) lb      ra, 36(sp)
core   0: 3 0x80009dc0 (0x02410083) x 1 0x00000013 mem 0x8001c449
core   0: 0x80009dc4 (0x0000862e) c.mv    a2, a1
core   0: 3 0x80009dc4 (0x862e) x12 0x00000001
core   0: 0x80009dc6 (0x08214603) lbu     a2, 130(sp)
core   0: 3 0x80009dc6 (0x08214603) x12 0x000000f8 mem 0x8001c4a7
core   0: 0x80009dca (0x00b110a3) sh      a1, 1(sp)
core   0: 3 0x80009dca (0x00b110a3) mem 0x8001c426 0x0001
core   0: 0x80009dce (0xae13c097) auipc   ra, 0xae13c
core   0: 3 0x80009dce (0xae13c097) x 1 0x2e145dce
core   0: 0x80009dd2 (0x0bf14c03) lbu     s8, 191(sp)
core   0: 3 0x80009dd2 (0x0bf14c03) x24 0x00000068 mem 0x8001c4e4
core   0: 0x80009dd6 (0x00f65513) srli    a0, a2, 15
core   0: 3 0x80009dd6 (0x00f65513) x10 0x00000000
core   0: 0x80009dda (0x05114403) lbu     s0, 81(sp)
core   0: 3 0x80009dda (0x05114403) x 8 0x00000057 mem 0x8001c476
core   0: 0x80009dde (0xfec10ba3) sb      a2, -9(sp)
core   0: 3 0x80009dde (0xfec10ba3) mem 0x8001c41c 0xf8
core   0: 0x80009de2 (0x04610403) lb      s0, 70(sp)
core   0: 3 0x80009de2 (0x04610403) x 8 0xffffff8c mem 0x8001c46b
core   0: 0x80009de6 (0xfb8118a3) sh      s8, -79(sp)
core   0: 3 0x80009de6 (0xfb8118a3) mem 0x8001c3d6 0x0068
core   0: 0x80009dea (0x008000ef) jal     pc + 0x8
core   0: 3 0x80009dea (0x008000ef) x 1 0x80009dee
core   0: 0x80009df2 (0x00002829) c.jal   pc + 26
core   0: 3 0x80009df2 (0x2829) x 1 0x80009df4
core   0: 0x80009e0c (0x0000a031) c.j     pc + 12
core   0: 3 0x80009e0c (0xa031)
core   0: 0x80009e18 (0xfebff0ef) jal     pc - 0x16
core   0: 3 0x80009e18 (0xfebff0ef) x 1 0x80009e1c
core   0: 0x80009e02 (0xfffff36f) jal     t1, pc - 0x2
core   0: 3 0x80009e02 (0xfffff36f) x 6 0x80009e06
core   0: 0x80009e00 (0x0000a801) c.j     pc + 16
core   0: 3 0x80009e00 (0xa801)
core   0: 0x80009e10 (0x00003ffd) c.jal   pc - 2
core   0: 3 0x80009e10 (0x3ffd) x 1 0x80009e12
core   0: 0x80009e0e (0x000037f5) c.jal   pc - 20
core   0: 3 0x80009e0e (0x37f5) x 1 0x80009e10
core   0: 0x80009dfa (0x00002009) c.jal   pc + 2
core   0: 3 0x80009dfa (0x2009) x 1 0x80009dfc
core   0: 0x80009dfc (0x00a000ef) jal     pc + 0xa
core   0: 3 0x80009dfc (0x00a000ef) x 1 0x80009e00
core   0: 0x80009e06 (0x00002009) c.jal   pc + 2
core   0: 3 0x80009e06 (0x2009) x 1 0x80009e08
core   0: 0x80009e08 (0x00a000ef) jal     pc + 0xa
core   0: 3 0x80009e08 (0x00a000ef) x 1 0x80009e0c
core   0: 0x80009e12 (0x0000b7cd) c.j     pc - 30
core   0: 3 0x80009e12 (0xb7cd)
core   0: 0x80009df4 (0x0000bfed) c.j     pc - 6
core   0: 3 0x80009df4 (0xbfed)
core   0: 0x80009dee (0x0000a01d) c.j     pc + 38
core   0: 3 0x80009dee (0xa01d)
core   0: 0x80009e14 (0xfe3ff36f) jal     t1, pc - 0x1e
core   0: 3 0x80009e14 (0xfe3ff36f) x 6 0x80009e18
core   0: 0x80009df6 (0xffbff0ef) jal     pc - 0x6
core   0: 3 0x80009df6 (0xffbff0ef) x 1 0x80009dfa
core   0: 0x80009df0 (0x00002035) c.jal   pc + 44
core   0: 3 0x80009df0 (0x2035) x 1 0x80009df2
core   0: 0x80009e1c (0x0000100f) fence.i
core   0: 3 0x80009e1c (0x0000100f)
core   0: 0x80009e20 (0x00009117) auipc   sp, 0x9
core   0: 3 0x80009e20 (0x00009117) x 2 0x80012e20
core   0: 0x80009e24 (0xcd310113) addi    sp, sp, -813
core   0: 3 0x80009e24 (0xcd310113) x 2 0x80012af3
core   0: 0x80009e28 (0x00e14b03) lbu     s6, 14(sp)
core   0: 3 0x80009e28 (0x00e14b03) x22 0x000000ac mem 0x80012b01
core   0: 0x80009e2c (0x00008da9) c.xor   a1, a0
core   0: 3 0x80009e2c (0x8da9) x11 0x00000001
core   0: 0x80009e2e (0x00114e03) lbu     t3, 1(sp)
core   0: 3 0x80009e2e (0x00114e03) x28 0x00000072 mem 0x80012af4
core   0: 0x80009e32 (0xff211ea3) sh      s2, -3(sp)
core   0: 3 0x80009e32 (0xff211ea3) mem 0x80012af0 0x9c95
core   0: 0x80009e36 (0x01810623) sb      s8, 12(sp)
core   0: 3 0x80009e36 (0x01810623) mem 0x80012aff 0x68
core   0: 0x80009e3a (0x00710083) lb      ra, 7(sp)
core   0: 3 0x80009e3a (0x00710083) x 1 0x0000001a mem 0x80012afa
core   0: 0x80009e3e (0xfe910f23) sb      s1, -2(sp)
core   0: 3 0x80009e3e (0xfe910f23) mem 0x80012af1 0x27
core   0: 0x80009e42 (0xffe10a83) lb      s5, -2(sp)
core   0: 3 0x80009e42 (0xffe10a83) x21 0x00000027 mem 0x80012af1
core   0: 0x80009e46 (0x00b15083) lhu     ra, 11(sp)
core   0: 3 0x80009e46 (0x00b15083) x 1 0x0000684e mem 0x80012afe
core   0: 0x80009e4a (0x00b15703) lhu     a4, 11(sp)
core   0: 3 0x80009e4a (0x00b15703) x14 0x0000684e mem 0x80012afe
core   0: 0x80009e4e (0xffb11ca3) sh      s11, -7(sp)
core   0: 3 0x80009e4e (0xffb11ca3) mem 0x80012aec 0x9c87
core   0: 0x80009e52 (0x011104a3) sb      a7, 9(sp)
core   0: 3 0x80009e52 (0x011104a3) mem 0x80012afc 0x1
core   0: 0x80009e56 (0xff411ba3) sh      s4, -9(sp)
core   0: 3 0x80009e56 (0xff411ba3) mem 0x80012aea 0x15b4
core   0: 0x80009e5a (0xff315a83) lhu     s5, -13(sp)
core   0: 3 0x80009e5a (0xff315a83) x21 0x0000a926 mem 0x80012ae6
core   0: 0x80009e5e (0x00e14f03) lbu     t5, 14(sp)
core   0: 3 0x80009e5e (0x00e14f03) x30 0x000000ac mem 0x80012b01
core   0: 0x80009e62 (0x00e14783) lbu     a5, 14(sp)
core   0: 3 0x80009e62 (0x00e14783) x15 0x000000ac mem 0x80012b01
core   0: 0x80009e66 (0x00f14003) lbu     zero, 15(sp)
core   0: 3 0x80009e66 (0x00f14003) mem 0x80012b02
core   0: 0x80009e6a (0x00410523) sb      tp, 10(sp)
core   0: 3 0x80009e6a (0x00410523) mem 0x80012afd 0x0
core   0: 0x80009e6e (0x00a10283) lb      t0, 10(sp)
core   0: 3 0x80009e6e (0x00a10283) x 5 0x00000000 mem 0x80012afd
core   0: 0x80009e72 (0x00015897) auipc   a7, 0x15
core   0: 3 0x80009e72 (0x00015897) x17 0x8001ee72
core   0: 0x80009e76 (0xbb288893) addi    a7, a7, -1102
core   0: 3 0x80009e76 (0xbb288893) x17 0x8001ea24
core   0: 0x80009e7a (0xf1f8c583) lbu     a1, -225(a7)
core   0: 3 0x80009e7a (0xf1f8c583) x11 0x0000000f mem 0x8001e943
core   0: 0x80009e7e (0x0000d097) auipc   ra, 0xd
core   0: 3 0x80009e7e (0x0000d097) x 1 0x80016e7e
core   0: 0x80009e82 (0xfec08093) addi    ra, ra, -20
core   0: 3 0x80009e82 (0xfec08093) x 1 0x80016e6a
core   0: 0x80009e86 (0x018083a3) sb      s8, 7(ra)
core   0: 3 0x80009e86 (0x018083a3) mem 0x80016e71 0x68
core   0: 0x80009e8a (0xff60d583) lhu     a1, -10(ra)
core   0: 3 0x80009e8a (0xff60d583) x11 0x00005fae mem 0x80016e60
core   0: 0x80009e8e (0xff708903) lb      s2, -9(ra)
core   0: 3 0x80009e8e (0xff708903) x18 0x0000005f mem 0x80016e61
core   0: 0x80009e92 (0x0698c483) lbu     s1, 105(a7)
core   0: 3 0x80009e92 (0x0698c483) x 9 0x000000da mem 0x8001ea8d
core   0: 0x80009e96 (0xfb38c983) lbu     s3, -77(a7)
core   0: 3 0x80009e96 (0xfb38c983) x19 0x0000009e mem 0x8001e9d7
core   0: 0x80009e9a (0x06488e23) sb      tp, 124(a7)
core   0: 3 0x80009e9a (0x06488e23) mem 0x8001eaa0 0x0
core   0: 0x80009e9e (0x0100d603) lhu     a2, 16(ra)
core   0: 3 0x80009e9e (0x0100d603) x12 0x00008d93 mem 0x80016e7a
core   0: 0x80009ea2 (0x0b388ea3) sb      s3, 189(a7)
core   0: 3 0x80009ea2 (0x0b388ea3) mem 0x8001eae1 0x9e
core   0: 0x80009ea6 (0x01009703) lh      a4, 16(ra)
core   0: 3 0x80009ea6 (0x01009703) x14 0xffff8d93 mem 0x80016e7a
core   0: 0x80009eaa (0x0448aa83) lw      s5, 68(a7)
core   0: 3 0x80009eaa (0x0448aa83) x21 0x75f2f9aa mem 0x8001ea68
core   0: 0x80009eae (0xfe908ca3) sb      s1, -7(ra)
core   0: 3 0x80009eae (0xfe908ca3) mem 0x80016e63 0xda
core   0: 0x80009eb2 (0x00019297) auipc   t0, 0x19
core   0: 3 0x80009eb2 (0x00019297) x 5 0x80022eb2
core   0: 0x80009eb6 (0x1c228293) addi    t0, t0, 450
core   0: 3 0x80009eb6 (0x1c228293) x 5 0x80023074
core   0: 0x80009eba (0x013c78b3) and     a7, s8, s3
core   0: 3 0x80009eba (0x013c78b3) x17 0x00000008
core   0: 0x80009ebe (0x01ce5a33) srl     s4, t3, t3
core   0: 3 0x80009ebe (0x01ce5a33) x20 0x00000000
core   0: 0x80009ec2 (0x00008fc9) c.or    a5, a0
core   0: 3 0x80009ec2 (0x8fc9) x15 0x000000ac
core   0: 0x80009ec4 (0x00000001) c.nop
core   0: 3 0x80009ec4 (0x0001)
core   0: 0x80009ec6 (0x1402a62f) lr.w    a2, (t0)
core   0: 3 0x80009ec6 (0x1402a62f) x12 0x00000000 mem 0x80023074
core   0: 0x80009eca (0x01a14a33) xor     s4, sp, s10
core   0: 3 0x80009eca (0x01a14a33) x20 0x80012af2
core   0: 0x80009ece (0x9e098a13) addi    s4, s3, -1568
core   0: 3 0x80009ece (0x9e098a13) x20 0xfffffa7e
core   0: 0x80009ed2 (0x01f22d33) slt     s10, tp, t6
core   0: 3 0x80009ed2 (0x01f22d33) x26 0x00000001
core   0: 0x80009ed6 (0x3c074913) xori    s2, a4, 960
core   0: 3 0x80009ed6 (0x3c074913) x18 0xffff8e53
core   0: 0x80009eda (0x41700333) sub     t1, zero, s7
core   0: 3 0x80009eda (0x41700333) x 6 0x7ffedbea
core   0: 0x80009ede (0x00e7cb33) xor     s6, a5, a4
core   0: 3 0x80009ede (0x00e7cb33) x22 0xffff8d3f
core   0: 0x80009ee2 (0x1d32a4af) sc.w    s1, s3, (t0)
core   0: 3 0x80009ee2 (0x1d32a4af) x 9 0x00000000 mem 0x80023074 0x0000009e
core   0: 0x80009ee6 (0x00019297) auipc   t0, 0x19
core   0: 3 0x80009ee6 (0x00019297) x 5 0x80022ee6
core   0: 0x80009eea (0x19a28293) addi    t0, t0, 410
core   0: 3 0x80009eea (0x19a28293) x 5 0x80023080
core   0: 0x80009eee (0xc392abaf) amominu.w s7, s9, (t0)
core   0: 3 0x80009eee (0xc392abaf) x23 0xc7f32b01 mem 0x80023080 mem 0x80023080 0x80012dc3
core   0: 0x80009ef2 (0x00006cdd) c.lui   s9, 0x17
core   0: 3 0x80009ef2 (0x6cdd) x25 0x00017000
core   0: 0x80009ef4 (0x4342a8af) amoor.w a7, s4, (t0)
core   0: 3 0x80009ef4 (0x4342a8af) x17 0x80012dc3 mem 0x80023080 mem 0x80023080 0xffffffff
core   0: 0x80009ef8 (0x00018897) auipc   a7, 0x18
core   0: 3 0x80009ef8 (0x00018897) x17 0x80021ef8
core   0: 0x80009efc (0x4c788893) addi    a7, a7, 1223
core   0: 3 0x80009efc (0x4c788893) x17 0x800223bf
core   0: 0x80009f00 (0x000085f1) c.srai  a1, 28
core   0: 3 0x80009f00 (0x85f1) x11 0x00000000
core   0: 0x80009f02 (0xb6940013) addi    zero, s0, -1175
core   0: 3 0x80009f02 (0xb6940013)
core   0: 0x80009f06 (0x604bb213) sltiu   tp, s7, 1540
core   0: 3 0x80009f06 (0x604bb213) x 4 0x00000000
core   0: 0x80009f0a (0x35c8c083) lbu     ra, 860(a7)
core   0: 3 0x80009f0a (0x35c8c083) x 1 0x00000097 mem 0x8002271b
core   0: 0x80009f0e (0x00ca9e33) sll     t3, s5, a2
core   0: 3 0x80009f0e (0x00ca9e33) x28 0x75f2f9aa
core   0: 0x80009f12 (0xb1e88e83) lb      t4, -1250(a7)
core   0: 3 0x80009f12 (0xb1e88e83) x29 0xffffffca mem 0x80021edd
core   0: 0x80009f16 (0x000017fd) c.addi  a5, -1
core   0: 3 0x80009f16 (0x17fd) x15 0x000000ab
core   0: 0x80009f18 (0x00008115) c.srli  a0, 5
core   0: 3 0x80009f18 (0x8115) x10 0x00000000
core   0: 0x80009f1a (0x00ddbe33) sltu    t3, s11, a3
core   0: 3 0x80009f1a (0x00ddbe33) x28 0x00000001
core   0: 0x80009f1e (0xaeb88723) sb      a1, -1298(a7)
core   0: 3 0x80009f1e (0xaeb88723) mem 0x80021ead 0x0
core   0: 0x80009f22 (0xe2489ea3) sh      tp, -451(a7)
core   0: 3 0x80009f22 (0xe2489ea3) mem 0x800221fc 0x0000
core   0: 0x80009f26 (0x51b89203) lh      tp, 1307(a7)
core   0: 3 0x80009f26 (0x51b89203) x 4 0x00006900 mem 0x800228da
core   0: 0x80009f2a (0x5a588d03) lb      s10, 1445(a7)
core   0: 3 0x80009f2a (0x5a588d03) x26 0xfffffffc mem 0x80022964
core   0: 0x80009f2e (0x88acf013) andi    zero, s9, -1910
core   0: 3 0x80009f2e (0x88acf013)
core   0: 0x80009f32 (0x84c8ce83) lbu     t4, -1972(a7)
core   0: 3 0x80009f32 (0x84c8ce83) x29 0x0000004b mem 0x80021c0b
core   0: 0x80009f36 (0xab5c6093) ori     ra, s8, -1355
core   0: 3 0x80009f36 (0xab5c6093) x 1 0xfffffafd
core   0: 0x80009f3a (0x6f088aa3) sb      a6, 1781(a7)
core   0: 3 0x80009f3a (0x6f088aa3) mem 0x80022ab4 0x7c
core   0: 0x80009f3e (0x3a088823) sb      zero, 944(a7)
core   0: 3 0x80009f3e (0x3a088823) mem 0x8002276f 0x0
core   0: 0x80009f42 (0x0000100f) fence.i
core   0: 3 0x80009f42 (0x0000100f)
core   0: 0x80009f46 (0xcb88c403) lbu     s0, -840(a7)
core   0: 3 0x80009f46 (0xcb88c403) x 8 0x00000085 mem 0x80022077
core   0: 0x80009f4a (0x00edc433) xor     s0, s11, a4
core   0: 3 0x80009f4a (0x00edc433) x 8 0x7fff1114
core   0: 0x80009f4e (0x406f5eb3) sra     t4, t5, t1
core   0: 3 0x80009f4e (0x406f5eb3) x29 0x00000000
core   0: 0x80009f52 (0xbfa8c103) lbu     sp, -1030(a7)
core   0: 3 0x80009f52 (0xbfa8c103) x 2 0x0000003c mem 0x80021fb9
core   0: 0x80009f56 (0x8998a603) lw      a2, -1895(a7)
core   0: 3 0x80009f56 (0x8998a603) x12 0xd2972750 mem 0x80021c58
core   0: 0x80009f5a (0x2ff8c983) lbu     s3, 767(a7)
core   0: 3 0x80009f5a (0x2ff8c983) x19 0x000000bc mem 0x800226be
core   0: 0x80009f5e (0x65288903) lb      s2, 1618(a7)
core   0: 3 0x80009f5e (0x65288903) x18 0x00000068 mem 0x80022a11
core   0: 0x80009f62 (0x21788b23) sb      s7, 534(a7)
core   0: 3 0x80009f62 (0x21788b23) mem 0x800225d5 0x1
core   0: 0x80009f66 (0xf5789603) lh      a2, -169(a7)
core   0: 3 0x80009f66 (0xf5789603) x12 0xffffafc8 mem 0x80022316
core   0: 0x80009f6a (0x4002d1b3) sra     gp, t0, zero
core   0: 3 0x80009f6a (0x4002d1b3) x 3 0x80023080
core   0: 0x80009f6e (0x0203f4b3) remu    s1, t2, zero
core   0: 3 0x80009f6e (0x0203f4b3) x 9 0x00000000
core   0: 0x80009f72 (0x6208cc83) lbu     s9, 1568(a7)
core   0: 3 0x80009f72 (0x6208cc83) x25 0x000000c1 mem 0x800229df
core   0: 0x80009f76 (0x2128cc83) lbu     s9, 530(a7)
core   0: 3 0x80009f76 (0x2128cc83) x25 0x000000c7 mem 0x800225d1
core   0: 0x80009f7a (0x00000001) c.nop
core   0: 3 0x80009f7a (0x0001)
core   0: 0x80009f7c (0x7878c283) lbu     t0, 1927(a7)
core   0: 3 0x80009f7c (0x7878c283) x 5 0x00000083 mem 0x80022b46
core   0: 0x80009f80 (0x8f388423) sb      s3, -1816(a7)
core   0: 3 0x80009f80 (0x8f388423) mem 0x80021ca7 0xbc
core   0: 0x80009f84 (0x3b68cd03) lbu     s10, 950(a7)
core   0: 3 0x80009f84 (0x3b68cd03) x26 0x00000038 mem 0x80022775
core   0: 0x80009f88 (0x00f8d783) lhu     a5, 15(a7)
core   0: 3 0x80009f88 (0x00f8d783) x15 0x000020a4 mem 0x800223ce
core   0: 0x80009f8c (0xe458cb83) lbu     s7, -443(a7)
core   0: 3 0x80009f8c (0xe458cb83) x23 0x000000a4 mem 0x80022204
core   0: 0x80009f90 (0x726891a3) sh      t1, 1827(a7)
core   0: 3 0x80009f90 (0x726891a3) mem 0x80022ae2 0xdbea
core   0: 0x80009f94 (0x7038dc83) lhu     s9, 1795(a7)
core   0: 3 0x80009f94 (0x7038dc83) x25 0x00002578 mem 0x80022ac2
core   0: 0x80009f98 (0x01a000ef) jal     pc + 0x1a
core   0: 3 0x80009f98 (0x01a000ef) x 1 0x80009f9c
core   0: 0x80009fb2 (0x00002025) c.jal   pc + 40
core   0: 3 0x80009fb2 (0x2025) x 1 0x80009fb4
core   0: 0x80009fda (0xfefff0ef) jal     pc - 0x12
core   0: 3 0x80009fda (0xfefff0ef) x 1 0x80009fde
core   0: 0x80009fc8 (0x000037c5) c.jal   pc - 32
core   0: 3 0x80009fc8 (0x37c5) x 1 0x80009fca
core   0: 0x80009fa8 (0x0000203d) c.jal   pc + 46
core   0: 3 0x80009fa8 (0x203d) x 1 0x80009faa
core   0: 0x80009fd6 (0x00002031) c.jal   pc + 12
core   0: 3 0x80009fd6 (0x2031) x 1 0x80009fd8
core   0: 0x80009fe2 (0x0000bfcd) c.j     pc - 14
core   0: 3 0x80009fe2 (0xbfcd)
core   0: 0x80009fd4 (0x00003fdd) c.jal   pc - 10
core   0: 3 0x80009fd4 (0x3fdd) x 1 0x80009fd6
core   0: 0x80009fca (0x00002021) c.jal   pc + 8
core   0: 3 0x80009fca (0x2021) x 1 0x80009fcc
core   0: 0x80009fd2 (0x0000bffd) c.j     pc - 2
core   0: 3 0x80009fd2 (0xbffd)
core   0: 0x80009fd0 (0x00003fc9) c.jal   pc - 46
core   0: 3 0x80009fd0 (0x3fc9) x 1 0x80009fd2
core   0: 0x80009fa2 (0x00002831) c.jal   pc + 28
core   0: 3 0x80009fa2 (0x2831) x 1 0x80009fa4
core   0: 0x80009fbe (0xfe7ff0ef) jal     pc - 0x1a
core   0: 3 0x80009fbe (0xfe7ff0ef) x 1 0x80009fc2
core   0: 0x80009fa4 (0x03c0036f) jal     t1, pc + 0x3c
core   0: 3 0x80009fa4 (0x03c0036f) x 6 0x80009fa8
core   0: 0x80009fe0 (0x000037dd) c.jal   pc - 26
core   0: 3 0x80009fe0 (0x37dd) x 1 0x80009fe2
core   0: 0x80009fc6 (0x0000a809) c.j     pc + 18
core   0: 3 0x80009fc6 (0xa809)
core   0: 0x80009fd8 (0x00003ff9) c.jal   pc - 34
core   0: 3 0x80009fd8 (0x3ff9) x 1 0x80009fda
core   0: 0x80009fb6 (0xff9ff0ef) jal     pc - 0x8
core   0: 3 0x80009fb6 (0xff9ff0ef) x 1 0x80009fba
core   0: 0x80009fae (0x00003ff5) c.jal   pc - 4
core   0: 3 0x80009fae (0x3ff5) x 1 0x80009fb0
core   0: 0x80009faa (0x022000ef) jal     pc + 0x22
core   0: 3 0x80009faa (0x022000ef) x 1 0x80009fae
core   0: 0x80009fcc (0xfe9ff26f) jal     tp, pc - 0x18
core   0: 3 0x80009fcc (0xfe9ff26f) x 4 0x80009fd0
core   0: 0x80009fb4 (0x0000a039) c.j     pc + 14
core   0: 3 0x80009fb4 (0xa039)
core   0: 0x80009fc2 (0x022000ef) jal     pc + 0x22
core   0: 3 0x80009fc2 (0x022000ef) x 1 0x80009fc6
core   0: 0x80009fe4 (0x0000bf65) c.j     pc - 72
core   0: 3 0x80009fe4 (0xbf65)
core   0: 0x80009f9c (0x00002811) c.jal   pc + 20
core   0: 3 0x80009f9c (0x2811) x 1 0x80009f9e
core   0: 0x80009fb0 (0x000037fd) c.jal   pc - 18
core   0: 3 0x80009fb0 (0x37fd) x 1 0x80009fb2
core   0: 0x80009f9e (0x040000ef) jal     pc + 0x40
core   0: 3 0x80009f9e (0x040000ef) x 1 0x80009fa2
core   0: 0x80009fde (0x0000a021) c.j     pc + 8
core   0: 3 0x80009fde (0xa021)
core   0: 0x80009fe6 (0xfd5ff2ef) jal     t0, pc - 0x2c
core   0: 3 0x80009fe6 (0xfd5ff2ef) x 5 0x80009fea
core   0: 0x80009fba (0x0300036f) jal     t1, pc + 0x30
core   0: 3 0x80009fba (0x0300036f) x 6 0x80009fbe
core   0: 0x80009fea (0x00a43333) sltu    t1, s0, a0
core   0: 3 0x80009fea (0x00a43333) x 6 0x00000000
core   0: 0x80009fee (0x00019d17) auipc   s10, 0x19
core   0: 3 0x80009fee (0x00019d17) x26 0x80022fee
core   0: 0x80009ff2 (0x06ed0d13) addi    s10, s10, 110
core   0: 3 0x80009ff2 (0x06ed0d13) x26 0x8002305c
core   0: 0x80009ff6 (0xfe952593) slti    a1, a0, -23
core   0: 3 0x80009ff6 (0xfe952593) x11 0x00000000
core   0: 0x80009ffa (0x0000717d) c.addi16sp sp, -16
core   0: 3 0x80009ffa (0x717d) x 2 0x0000002c
core   0: 0x80009ffc (0x01ee72b3) and     t0, t3, t5
core   0: 3 0x80009ffc (0x01ee72b3) x 5 0x00000000
core   0: 0x8000a000 (0x027a9b33) mulh    s6, s5, t2
core   0: 3 0x8000a000 (0x027a9b33) x22 0x00000000
core   0: 0x8000a004 (0x8ef74213) xori    tp, a4, -1809
core   0: 3 0x8000a004 (0x8ef74213) x 4 0x0000757c
core   0: 0x8000a008 (0x120d29af) lr.w    s3, (s10)
core   0: 3 0x8000a008 (0x120d29af) x19 0xf856dfee mem 0x8002305c
core   0: 0x8000a00c (0x029d9633) mulh    a2, s11, s1
core   0: 3 0x8000a00c (0x029d9633) x12 0x00000000
core   0: 0x8000a010 (0x02f0fa33) remu    s4, ra, a5
core   0: 3 0x8000a010 (0x02f0fa33) x20 0x00001d16
core   0: 0x8000a014 (0x00004db1) c.li    s11, 12
core   0: 3 0x8000a014 (0x4db1) x27 0x0000000c
core   0: 0x8000a016 (0x1bcd2f2f) sc.w    t5, t3, (s10)
core   0: 3 0x8000a016 (0x1bcd2f2f) x30 0x00000000 mem 0x8002305c 0x00000001
core   0: 0x8000a01a (0x00019117) auipc   sp, 0x19
core   0: 3 0x8000a01a (0x00019117) x 2 0x8002301a
core   0: 0x8000a01e (0x06610113) addi    sp, sp, 102
core   0: 3 0x8000a01e (0x06610113) x 2 0x80023080
core   0: 0x8000a022 (0x0130d313) srli    t1, ra, 19
core   0: 3 0x8000a022 (0x0130d313) x 6 0x00001000
core   0: 0x8000a026 (0x405f51b3) sra     gp, t5, t0
core   0: 3 0x8000a026 (0x405f51b3) x 3 0x00000000
core   0: 0x8000a02a (0x407fdf33) sra     t5, t6, t2
core   0: 3 0x8000a02a (0x407fdf33) x30 0x00000003
core   0: 0x8000a02e (0x40c98433) sub     s0, s3, a2
core   0: 3 0x8000a02e (0x40c98433) x 8 0xf856dfee
core   0: 0x8000a032 (0x5513e513) ori     a0, t2, 1361
core   0: 3 0x8000a032 (0x5513e513) x10 0x00000551
core   0: 0x8000a036 (0x01fb24b3) slt     s1, s6, t6
core   0: 3 0x8000a036 (0x01fb24b3) x 9 0x00000001
core   0: 0x8000a03a (0x1001252f) lr.w    a0, (sp)
core   0: 3 0x8000a03a (0x1001252f) x10 0xffffffff mem 0x80023080
core   0: 0x8000a03e (0x00008da9) c.xor   a1, a0
core   0: 3 0x8000a03e (0x8da9) x11 0xffffffff
core   0: 0x8000a040 (0xf6d96013) ori     zero, s2, -147
core   0: 3 0x8000a040 (0xf6d96013)
core   0: 0x8000a044 (0x00839513) slli    a0, t2, 8
core   0: 3 0x8000a044 (0x00839513) x10 0x00000000
core   0: 0x8000a048 (0x00e99e33) sll     t3, s3, a4
core   0: 3 0x8000a048 (0x00e99e33) x28 0xff700000
core   0: 0x8000a04c (0x00d2ddb3) srl     s11, t0, a3
core   0: 3 0x8000a04c (0x00d2ddb3) x27 0x00000000
core   0: 0x8000a050 (0x00008191) c.srli  a1, 4
core   0: 3 0x8000a050 (0x8191) x11 0x0fffffff
core   0: 0x8000a052 (0x00001ffd) c.addi  t6, -1
core   0: 3 0x8000a052 (0x1ffd) x31 0x00000002
core   0: 0x8000a054 (0x00892eb3) slt     t4, s2, s0
core   0: 3 0x8000a054 (0x00892eb3) x29 0x00000000
core   0: 0x8000a058 (0x00008559) c.srai  a0, 22
core   0: 3 0x8000a058 (0x8559) x10 0x00000000
core   0: 0x8000a05a (0x1cb129af) sc.w    s3, a1, (sp)
core   0: 3 0x8000a05a (0x1cb129af) x19 0x00000000 mem 0x80023080 0x0fffffff
core   0: 0x8000a05e (0x00013f97) auipc   t6, 0x13
core   0: 3 0x8000a05e (0x00013f97) x31 0x8001d05e
core   0: 0x8000a062 (0x345f8f93) addi    t6, t6, 837
core   0: 3 0x8000a062 (0x345f8f93) x31 0x8001d3a3
core   0: 0x8000a066 (0x00bfc003) lbu     zero, 11(t6)
core   0: 3 0x8000a066 (0x00bfc003) mem 0x8001d3ae
core   0: 0x8000a06a (0x00010717) auipc   a4, 0x10
core   0: 3 0x8000a06a (0x00010717) x14 0x8001a06a
core   0: 0x8000a06e (0xe4370713) addi    a4, a4, -445
core   0: 3 0x8000a06e (0xe4370713) x14 0x80019ead
core   0: 0x8000a072 (0xfea74b03) lbu     s6, -22(a4)
core   0: 3 0x8000a072 (0xfea74b03) x22 0x0000005f mem 0x80019e97
core   0: 0x8000a076 (0xff470283) lb      t0, -12(a4)
core   0: 3 0x8000a076 (0xff470283) x 5 0x00000079 mem 0x80019ea1
core   0: 0x8000a07a (0x00018c97) auipc   s9, 0x18
core   0: 3 0x8000a07a (0x00018c97) x25 0x8002207a
core   0: 0x8000a07e (0xf8cc8c93) addi    s9, s9, -116
core   0: 3 0x8000a07e (0xf8cc8c93) x25 0x80022006
core   0: 0x8000a082 (0x083ccf03) lbu     t5, 131(s9)
core   0: 3 0x8000a082 (0x083ccf03) x30 0x000000b6 mem 0x80022089
core   0: 0x8000a086 (0x03570283) lb      t0, 53(a4)
core   0: 3 0x8000a086 (0x03570283) x 5 0xffffffce mem 0x80019ee2
core   0: 0x8000a08a (0x01070223) sb      a6, 4(a4)
core   0: 3 0x8000a08a (0x01070223) mem 0x80019eb1 0x7c
core   0: 0x8000a08e (0xff8fca03) lbu     s4, -8(t6)
core   0: 3 0x8000a08e (0xff8fca03) x20 0x0000003f mem 0x8001d39b
core   0: 0x8000a092 (0x052c9a03) lh      s4, 82(s9)
core   0: 3 0x8000a092 (0x052c9a03) x20 0x00005a54 mem 0x80022058
core   0: 0x8000a096 (0xff3fcf03) lbu     t5, -13(t6)
core   0: 3 0x8000a096 (0xff3fcf03) x30 0x000000bd mem 0x8001d396
core   0: 0x8000a09a (0x03e70003) lb      zero, 62(a4)
core   0: 3 0x8000a09a (0x03e70003) mem 0x80019eeb
core   0: 0x8000a09e (0xf96c8823) sb      s6, -112(s9)
core   0: 3 0x8000a09e (0xf96c8823) mem 0x80021f96 0x5f
core   0: 0x8000a0a2 (0x00bfcd83) lbu     s11, 11(t6)
core   0: 3 0x8000a0a2 (0x00bfcd83) x27 0x00000090 mem 0x8001d3ae
core   0: 0x8000a0a6 (0x000f87a3) sb      zero, 15(t6)
core   0: 3 0x8000a0a6 (0x000f87a3) mem 0x8001d3b2 0x0
core   0: 0x8000a0aa (0x0f1c8b83) lb      s7, 241(s9)
core   0: 3 0x8000a0aa (0x0f1c8b83) x23 0x00000023 mem 0x800220f7
core   0: 0x8000a0ae (0x02975583) lhu     a1, 41(a4)
core   0: 3 0x8000a0ae (0x02975583) x11 0x000035b5 mem 0x80019ed6
core   0: 0x8000a0b2 (0x03d74a83) lbu     s5, 61(a4)
core   0: 3 0x8000a0b2 (0x03d74a83) x21 0x00000064 mem 0x80019eea
core   0: 0x8000a0b6 (0xfcd75a83) lhu     s5, -51(a4)
core   0: 3 0x8000a0b6 (0xfcd75a83) x21 0x00003af8 mem 0x80019e7a
core   0: 0x8000a0ba (0xf91c80a3) sb      a7, -127(s9)
core   0: 3 0x8000a0ba (0xf91c80a3) mem 0x80021f87 0xbf
core   0: 0x8000a0be (0xfd870503) lb      a0, -40(a4)
core   0: 3 0x8000a0be (0xfd870503) x10 0x0000007b mem 0x80019e85
core   0: 0x8000a0c2 (0x021716a3) sh      ra, 45(a4)
core   0: 3 0x8000a0c2 (0x021716a3) mem 0x80019eda 0x9fa2
core   0: 0x8000a0c6 (0x00bfc103) lbu     sp, 11(t6)
core   0: 3 0x8000a0c6 (0x00bfc103) x 2 0x00000090 mem 0x8001d3ae
core   0: 0x8000a0ca (0xffdfda03) lhu     s4, -3(t6)
core   0: 3 0x8000a0ca (0xffdfda03) x20 0x00006d3b mem 0x8001d3a0
core   0: 0x8000a0ce (0x0d8c9083) lh      ra, 216(s9)
core   0: 3 0x8000a0ce (0x0d8c9083) x 1 0x00004e2f mem 0x800220de
core   0: 0x8000a0d2 (0x032c8423) sb      s2, 40(s9)
core   0: 3 0x8000a0d2 (0x032c8423) mem 0x8002202e 0x68
core   0: 0x8000a0d6 (0x00019717) auipc   a4, 0x19
core   0: 3 0x8000a0d6 (0x00019717) x14 0x800230d6
core   0: 0x8000a0da (0xfaa70713) addi    a4, a4, -86
core   0: 3 0x8000a0da (0xfaa70713) x14 0x80023080
core   0: 0x8000a0de (0x00e62933) slt     s2, a2, a4
core   0: 3 0x8000a0de (0x00e62933) x18 0x00000000
core   0: 0x8000a0e2 (0xcd8d5337) lui     t1, 0xcd8d5
core   0: 3 0x8000a0e2 (0xcd8d5337) x 6 0xcd8d5000
core   0: 0x8000a0e6 (0x1007202f) lr.w    zero, (a4)
core   0: 3 0x8000a0e6 (0x1007202f) mem 0x80023080
core   0: 0x8000a0ea (0x01d74933) xor     s2, a4, t4
core   0: 3 0x8000a0ea (0x01d74933) x18 0x80023080
core   0: 0x8000a0ee (0x00008d19) c.sub   a0, a4
core   0: 3 0x8000a0ee (0x8d19) x10 0x7ffdcffb
core   0: 0x8000a0f0 (0x0259f7b3) remu    a5, s3, t0
core   0: 3 0x8000a0f0 (0x0259f7b3) x15 0x00000000
core   0: 0x8000a0f4 (0x00008e15) c.sub   a2, a3
core   0: 3 0x8000a0f4 (0x8e15) x12 0x7ffd42dc
core   0: 0x8000a0f6 (0x01926933) or      s2, tp, s9
core   0: 3 0x8000a0f6 (0x01926933) x18 0x8002757e
core   0: 0x8000a0fa (0x005cbeb3) sltu    t4, s9, t0
core   0: 3 0x8000a0fa (0x005cbeb3) x29 0x00000001
core   0: 0x8000a0fe (0x00001cfd) c.addi  s9, -1
core   0: 3 0x8000a0fe (0x1cfd) x25 0x80022005
core   0: 0x8000a100 (0x18c7222f) sc.w    tp, a2, (a4)
core   0: 3 0x8000a100 (0x18c7222f) x 4 0x00000000 mem 0x80023080 0x7ffd42dc
core   0: 0x8000a104 (0x00019d97) auipc   s11, 0x19
core   0: 3 0x8000a104 (0x00019d97) x27 0x80023104
core   0: 0x8000a108 (0xf60d8d93) addi    s11, s11, -160
core   0: 3 0x8000a108 (0xf60d8d93) x27 0x80023064
core   0: 0x8000a10c (0x120da9af) lr.w    s3, (s11)
core   0: 3 0x8000a10c (0x120da9af) x19 0xb6d81e02 mem 0x80023064
core   0: 0x8000a110 (0x01dfe8b3) or      a7, t6, t4
core   0: 3 0x8000a110 (0x01dfe8b3) x17 0x8001d3a3
core   0: 0x8000a114 (0xc02b38b7) lui     a7, 0xc02b3
core   0: 3 0x8000a114 (0xc02b38b7) x17 0xc02b3000
core   0: 0x8000a118 (0x00009a7d) c.andi  a2, -1
core   0: 3 0x8000a118 (0x9a7d) x12 0x7ffd42dc
core   0: 0x8000a11a (0x41ec5533) sra     a0, s8, t5
core   0: 3 0x8000a11a (0x41ec5533) x10 0x00000000
core   0: 0x8000a11e (0x03818733) mul     a4, gp, s8
core   0: 3 0x8000a11e (0x03818733) x14 0x00000000
core   0: 0x8000a122 (0x0000167d) c.addi  a2, -1
core   0: 3 0x8000a122 (0x167d) x12 0x7ffd42db
core   0: 0x8000a124 (0x00000fb5) c.addi  t6, 13
core   0: 3 0x8000a124 (0x0fb5) x31 0x8001d3b0
core   0: 0x8000a126 (0x027e8c33) mul     s8, t4, t2
core   0: 3 0x8000a126 (0x027e8c33) x24 0x00000000
core   0: 0x8000a12a (0x00008f25) c.xor   a4, s1
core   0: 3 0x8000a12a (0x8f25) x14 0x00000001
core   0: 0x8000a12c (0x00000001) c.nop
core   0: 3 0x8000a12c (0x0001)
core   0: 0x8000a12e (0xfcea3f13) sltiu   t5, s4, -50
core   0: 3 0x8000a12e (0xfcea3f13) x30 0x00000001
core   0: 0x8000a132 (0x033ef033) remu    zero, t4, s3
core   0: 3 0x8000a132 (0x033ef033)
core   0: 0x8000a136 (0x194dafaf) sc.w    t6, s4, (s11)
core   0: 3 0x8000a136 (0x194dafaf) x31 0x00000000 mem 0x80023064 0x00006d3b
core   0: 0x8000a13a (0x00019997) auipc   s3, 0x19
core   0: 3 0x8000a13a (0x00019997) x19 0x8002313a
core   0: 0x8000a13e (0xf1e98993) addi    s3, s3, -226
core   0: 3 0x8000a13e (0xf1e98993) x19 0x80023058
core   0: 0x8000a142 (0x1409a02f) lr.w    zero, (s3)
core   0: 3 0x8000a142 (0x1409a02f) mem 0x80023058
core   0: 0x8000a146 (0x008ed413) srli    s0, t4, 8
core   0: 3 0x8000a146 (0x008ed413) x 8 0x00000000
core   0: 0x8000a14a (0x55a1b293) sltiu   t0, gp, 1370
core   0: 3 0x8000a14a (0x55a1b293) x 5 0x00000001
core   0: 0x8000a14e (0x00000c32) c.slli  s8, 12
core   0: 3 0x8000a14e (0x0c32) x24 0x00000000
core   0: 0x8000a150 (0x19f9a1af) sc.w    gp, t6, (s3)
core   0: 3 0x8000a150 (0x19f9a1af) x 3 0x00000000 mem 0x80023058 0x00000000
core   0: 0x8000a154 (0x00008c17) auipc   s8, 0x8
core   0: 3 0x8000a154 (0x00008c17) x24 0x80012154
core   0: 0x8000a158 (0x166c0c13) addi    s8, s8, 358
core   0: 3 0x8000a158 (0x166c0c13) x24 0x800122ba
core   0: 0x8000a15c (0x037c4c83) lbu     s9, 55(s8)
core   0: 3 0x8000a15c (0x037c4c83) x25 0x00000058 mem 0x800122f1
core   0: 0x8000a160 (0x037c0f03) lb      t5, 55(s8)
core   0: 3 0x8000a160 (0x037c0f03) x30 0x00000058 mem 0x800122f1
core   0: 0x8000a164 (0x03cc0ba3) sb      t3, 55(s8)
core   0: 3 0x8000a164 (0x03cc0ba3) mem 0x800122f1 0x0
core   0: 0x8000a168 (0x032c4503) lbu     a0, 50(s8)
core   0: 3 0x8000a168 (0x032c4503) x10 0x00000024 mem 0x800122ec
core   0: 0x8000a16c (0xfffc4e83) lbu     t4, -1(s8)
core   0: 3 0x8000a16c (0xfffc4e83) x29 0x0000001a mem 0x800122b9
core   0: 0x8000a170 (0xfffc0483) lb      s1, -1(s8)
core   0: 3 0x8000a170 (0xfffc0483) x 9 0x0000001a mem 0x800122b9
core   0: 0x8000a174 (0xfffc0a03) lb      s4, -1(s8)
core   0: 3 0x8000a174 (0xfffc0a03) x20 0x0000001a mem 0x800122b9
core   0: 0x8000a178 (0x017c0123) sb      s7, 2(s8)
core   0: 3 0x8000a178 (0x017c0123) mem 0x800122bc 0x23
core   0: 0x8000a17c (0x014c1b23) sh      s4, 22(s8)
core   0: 3 0x8000a17c (0x014c1b23) mem 0x800122d0 0x001a
core   0: 0x8000a180 (0x000088cd) c.andi  s1, 19
core   0: 3 0x8000a180 (0x88cd) x 9 0x00000012
core   0: 0x8000a182 (0x016c4a83) lbu     s5, 22(s8)
core   0: 3 0x8000a182 (0x016c4a83) x21 0x0000001a mem 0x800122d0
core   0: 0x8000a186 (0x01bc2b23) sw      s11, 22(s8)
core   0: 3 0x8000a186 (0x01bc2b23) mem 0x800122d0 0x80023064
core   0: 0x8000a18a (0x04dc0023) sb      a3, 64(s8)
core   0: 3 0x8000a18a (0x04dc0023) mem 0x800122fa 0x24
core   0: 0x8000a18e (0x00008061) c.srli  s0, 24
core   0: 3 0x8000a18e (0x8061) x 8 0x00000000
core   0: 0x8000a190 (0x00000001) c.nop
core   0: 3 0x8000a190 (0x0001)
core   0: 0x8000a192 (0x01cc4b03) lbu     s6, 28(s8)
core   0: 3 0x8000a192 (0x01cc4b03) x22 0x000000b8 mem 0x800122d6
core   0: 0x8000a196 (0xfc9c0e83) lb      t4, -55(s8)
core   0: 3 0x8000a196 (0xfc9c0e83) x29 0xffffff9b mem 0x80012283
core   0: 0x8000a19a (0xfc8c04a3) sb      s0, -55(s8)
core   0: 3 0x8000a19a (0xfc8c04a3) mem 0x80012283 0x0
core   0: 0x8000a19e (0x028c0a83) lb      s5, 40(s8)
core   0: 3 0x8000a19e (0x028c0a83) x21 0x0000004d mem 0x800122e2
core   0: 0x8000a1a2 (0x028c0203) lb      tp, 40(s8)
core   0: 3 0x8000a1a2 (0x028c0203) x 4 0x0000004d mem 0x800122e2
core   0: 0x8000a1a6 (0x03dc4303) lbu     t1, 61(s8)
core   0: 3 0x8000a1a6 (0x03dc4303) x 6 0x00000003 mem 0x800122f7
core   0: 0x8000a1aa (0xfc9c0823) sb      s1, -48(s8)
core   0: 3 0x8000a1aa (0xfc9c0823) mem 0x8001228a 0x12
core   0: 0x8000a1ae (0x00dc0403) lb      s0, 13(s8)
core   0: 3 0x8000a1ae (0x00dc0403) x 8 0x0000001e mem 0x800122c7
core   0: 0x8000a1b2 (0x00009e17) auipc   t3, 0x9
core   0: 3 0x8000a1b2 (0x00009e17) x28 0x800131b2
core   0: 0x8000a1b6 (0xc39e0e13) addi    t3, t3, -967
core   0: 3 0x8000a1b6 (0xc39e0e13) x28 0x80012deb
core   0: 0x8000a1ba (0x013e15a3) sh      s3, 11(t3)
core   0: 3 0x8000a1ba (0x013e15a3) mem 0x80012df6 0x3058
core   0: 0x8000a1be (0x001e0123) sb      ra, 2(t3)
core   0: 3 0x8000a1be (0x001e0123) mem 0x80012ded 0x2f
core   0: 0x8000a1c2 (0x0000074e) c.slli  a4, 19
core   0: 3 0x8000a1c2 (0x074e) x14 0x00080000
core   0: 0x8000a1c4 (0x007e4783) lbu     a5, 7(t3)
core   0: 3 0x8000a1c4 (0x007e4783) x15 0x0000003b mem 0x80012df2
core   0: 0x8000a1c8 (0x03821333) mulh    t1, tp, s8
core   0: 3 0x8000a1c8 (0x03821333) x 6 0xffffffd9
core   0: 0x8000a1cc (0x00ab6a33) or      s4, s6, a0
core   0: 3 0x8000a1cc (0x00ab6a33) x20 0x000000bc
core   0: 0x8000a1d0 (0x03ad39b3) mulhu   s3, s10, s10
core   0: 3 0x8000a1d0 (0x03ad39b3) x19 0x40023060
core   0: 0x8000a1d4 (0x01ef4c33) xor     s8, t5, t5
core   0: 3 0x8000a1d4 (0x01ef4c33) x24 0x00000000
core   0: 0x8000a1d8 (0x01de0523) sb      t4, 10(t3)
core   0: 3 0x8000a1d8 (0x01de0523) mem 0x80012df5 0x9b
core   0: 0x8000a1dc (0xff2e1ba3) sh      s2, -9(t3)
core   0: 3 0x8000a1dc (0xff2e1ba3) mem 0x80012de2 0x757e
core   0: 0x8000a1e0 (0x00006fad) c.lui   t6, 0xb
core   0: 3 0x8000a1e0 (0x6fad) x31 0x0000b000
core   0: 0x8000a1e2 (0x000081b6) c.mv    gp, a3
core   0: 3 0x8000a1e2 (0x81b6) x 3 0x8002bd24
core   0: 0x8000a1e4 (0x41780cb3) sub     s9, a6, s7
core   0: 3 0x8000a1e4 (0x41780cb3) x25 0x80027e59
core   0: 0x8000a1e8 (0x0000100f) fence.i
core   0: 3 0x8000a1e8 (0x0000100f)
core   0: 0x8000a1ec (0x011e0223) sb      a7, 4(t3)
core   0: 3 0x8000a1ec (0x011e0223) mem 0x80012def 0x0
core   0: 0x8000a1f0 (0x010e11a3) sh      a6, 3(t3)
core   0: 3 0x8000a1f0 (0x010e11a3) mem 0x80012dee 0x7e7c
core   0: 0x8000a1f4 (0x009e1b03) lh      s6, 9(t3)
core   0: 3 0x8000a1f4 (0x009e1b03) x22 0xffff9bdc mem 0x80012df4
core   0: 0x8000a1f8 (0xca46b113) sltiu   sp, a3, -860
core   0: 3 0x8000a1f8 (0xca46b113) x 2 0x00000001
core   0: 0x8000a1fc (0x003e0323) sb      gp, 6(t3)
core   0: 3 0x8000a1fc (0x003e0323) mem 0x80012df1 0x24
core   0: 0x8000a200 (0xff9e5103) lhu     sp, -7(t3)
core   0: 3 0x8000a200 (0xff9e5103) x 2 0x00007377 mem 0x80012de4
core   0: 0x8000a204 (0x00be5d83) lhu     s11, 11(t3)
core   0: 3 0x8000a204 (0x00be5d83) x27 0x00003058 mem 0x80012df6
core   0: 0x8000a208 (0x009e0c83) lb      s9, 9(t3)
core   0: 3 0x8000a208 (0x009e0c83) x25 0xffffffdc mem 0x80012df4
core   0: 0x8000a20c (0x03c03433) mulhu   s0, zero, t3
core   0: 3 0x8000a20c (0x03c03433) x 8 0x00000000
core   0: 0x8000a210 (0x410558b3) sra     a7, a0, a6
core   0: 3 0x8000a210 (0x410558b3) x17 0x00000000
core   0: 0x8000a214 (0x000098fd) c.andi  s1, -1
core   0: 3 0x8000a214 (0x98fd) x 9 0x00000012
core   0: 0x8000a216 (0x00008b7e) c.mv    s6, t6
core   0: 3 0x8000a216 (0x8b7e) x22 0x0000b000
core   0: 0x8000a218 (0xff6e09a3) sb      s6, -13(t3)
core   0: 3 0x8000a218 (0xff6e09a3) mem 0x80012dde 0x0
core   0: 0x8000a21c (0x1da44c13) xori    s8, s0, 474
core   0: 3 0x8000a21c (0x1da44c13) x24 0x000001da
core   0: 0x8000a220 (0x00ce4d03) lbu     s10, 12(t3)
core   0: 3 0x8000a220 (0x00ce4d03) x26 0x00000030 mem 0x80012df7
core   0: 0x8000a224 (0x0000717d) c.addi16sp sp, -16
core   0: 3 0x8000a224 (0x717d) x 2 0x00007367
core   0: 0x8000a226 (0xce5ef113) andi    sp, t4, -795
core   0: 3 0x8000a226 (0xce5ef113) x 2 0xfffffc81
core   0: 0x8000a22a (0x005ae633) or      a2, s5, t0
core   0: 3 0x8000a22a (0x005ae633) x12 0x0000004d
core   0: 0x8000a22e (0x00d9ca33) xor     s4, s3, a3
core   0: 3 0x8000a22e (0x00d9ca33) x20 0xc0008d44
core   0: 0x8000a232 (0x009e4f03) lbu     t5, 9(t3)
core   0: 3 0x8000a232 (0x009e4f03) x30 0x000000dc mem 0x80012df4
core   0: 0x8000a236 (0x03144ab3) div     s5, s0, a7
core   0: 3 0x8000a236 (0x03144ab3) x21 0xffffffff
core   0: 0x8000a23a (0x018e5bb3) srl     s7, t3, s8
core   0: 3 0x8000a23a (0x018e5bb3) x23 0x00000020
core   0: 0x8000a23e (0x00dcf933) and     s2, s9, a3
core   0: 3 0x8000a23e (0x00dcf933) x18 0x8002bd04
core   0: 0x8000a242 (0x40df8033) sub     zero, t6, a3
core   0: 3 0x8000a242 (0x40df8033)
core   0: 0x8000a246 (0xf1b0c213) xori    tp, ra, -229
core   0: 3 0x8000a246 (0xf1b0c213) x 4 0xffffb134
core   0: 0x8000a24a (0x02241633) mulh    a2, s0, sp
core   0: 3 0x8000a24a (0x02241633) x12 0x00000000
core   0: 0x8000a24e (0x0155ddb3) srl     s11, a1, s5
core   0: 3 0x8000a24e (0x0155ddb3) x27 0x00000000
core   0: 0x8000a252 (0x40bb0133) sub     sp, s6, a1
core   0: 3 0x8000a252 (0x40bb0133) x 2 0x00007a4b
core   0: 0x8000a256 (0xffce0a83) lb      s5, -4(t3)
core   0: 3 0x8000a256 (0xffce0a83) x21 0xffffffe1 mem 0x80012de7
core   0: 0x8000a25a (0x00019617) auipc   a2, 0x19
core   0: 3 0x8000a25a (0x00019617) x12 0x8002325a
core   0: 0x8000a25e (0xe0e60613) addi    a2, a2, -498
core   0: 3 0x8000a25e (0xe0e60613) x12 0x80023068
core   0: 0x8000a262 (0x00019b97) auipc   s7, 0x19
core   0: 3 0x8000a262 (0x00019b97) x23 0x80023262
core   0: 0x8000a266 (0xe0ab8b93) addi    s7, s7, -502
core   0: 3 0x8000a266 (0xe0ab8b93) x23 0x8002306c
core   0: 0x8000a26a (0x00019217) auipc   tp, 0x19
core   0: 3 0x8000a26a (0x00019217) x 4 0x8002326a
core   0: 0x8000a26e (0xdfa20213) addi    tp, tp, -518
core   0: 3 0x8000a26e (0xdfa20213) x 4 0x80023064
core   0: 0x8000a272 (0x00019517) auipc   a0, 0x19
core   0: 3 0x8000a272 (0x00019517) x10 0x80023272
core   0: 0x8000a276 (0xdfa50513) addi    a0, a0, -518
core   0: 3 0x8000a276 (0xdfa50513) x10 0x8002306c
core   0: 0x8000a27a (0x023de7b3) rem     a5, s11, gp
core   0: 3 0x8000a27a (0x023de7b3) x15 0x00000000
core   0: 0x8000a27e (0x05962eaf) amoadd.w t4, s9, (a2)
core   0: 3 0x8000a27e (0x05962eaf) x29 0x00000071 mem 0x80023068 mem 0x80023068 0x0000004d
core   0: 0x8000a282 (0x00008fcd) c.or    a5, a1
core   0: 3 0x8000a282 (0x8fcd) x15 0x000035b5
core   0: 0x8000a284 (0x44722b2f) amoor.w s6, t2, (tp)
core   0: 3 0x8000a284 (0x44722b2f) x22 0x00006d3b mem 0x80023064 mem 0x80023064 0x00006d3b
core   0: 0x8000a288 (0xa5e62daf) amomax.w s11, t5, (a2)
core   0: 3 0x8000a288 (0xa5e62daf) x27 0x0000004d mem 0x80023068 mem 0x80023068 0x000000dc
core   0: 0x8000a28c (0x00a4bf33) sltu    t5, s1, a0
core   0: 3 0x8000a28c (0x00a4bf33) x30 0x00000001
core   0: 0x8000a290 (0xc05ba0af) amominu.w ra, t0, (s7)
core   0: 3 0x8000a290 (0xc05ba0af) x 1 0x800229d5 mem 0x8002306c mem 0x8002306c 0x00000001
core   0: 0x8000a294 (0x629bad2f) amoand.w s10, s1, (s7)
core   0: 3 0x8000a294 (0x629bad2f) x26 0x00000001 mem 0x8002306c mem 0x8002306c 0x00000000
core   0: 0x8000a298 (0x0000948e) c.add   s1, gp
core   0: 3 0x8000a298 (0x948e) x 9 0x8002bd36
core   0: 0x8000a29a (0x05a222af) amoadd.w t0, s10, (tp)
core   0: 3 0x8000a29a (0x05a222af) x 5 0x00006d3b mem 0x80023064 mem 0x80023064 0x00006d3c
core   0: 0x8000a29e (0x81f6232f) amomin.w t1, t6, (a2)
core   0: 3 0x8000a29e (0x81f6232f) x 6 0x000000dc mem 0x80023068 mem 0x80023068 0x000000dc
core   0: 0x8000a2a2 (0x456baf2f) amoor.w t5, s6, (s7)
core   0: 3 0x8000a2a2 (0x456baf2f) x30 0x00000000 mem 0x8002306c mem 0x8002306c 0x00006d3b
core   0: 0x8000a2a6 (0x8175272f) amomin.w a4, s7, (a0)
core   0: 3 0x8000a2a6 (0x8175272f) x14 0x00006d3b mem 0x8002306c mem 0x8002306c 0x8002306c
core   0: 0x8000a2aa (0x03352b2f) amoadd.w s6, s3, (a0)
core   0: 3 0x8000a2aa (0x03352b2f) x22 0x8002306c mem 0x8002306c mem 0x8002306c 0xc00460cc
core   0: 0x8000a2ae (0x00015d97) auipc   s11, 0x15
core   0: 3 0x8000a2ae (0x00015d97) x27 0x8001f2ae
core   0: 0x8000a2b2 (0xbc1d8d93) addi    s11, s11, -1087
core   0: 3 0x8000a2b2 (0xbc1d8d93) x27 0x8001ee6f
core   0: 0x8000a2b6 (0x006d8a03) lb      s4, 6(s11)
core   0: 3 0x8000a2b6 (0x006d8a03) x20 0xffffffa0 mem 0x8001ee75
core   0: 0x8000a2ba (0x00008f97) auipc   t6, 0x8
core   0: 3 0x8000a2ba (0x00008f97) x31 0x800122ba
core   0: 0x8000a2be (0x143f8f93) addi    t6, t6, 323
core   0: 3 0x8000a2be (0x143f8f93) x31 0x800123fd
core   0: 0x8000a2c2 (0x008dc603) lbu     a2, 8(s11)
core   0: 3 0x8000a2c2 (0x008dc603) x12 0x000000ce mem 0x8001ee77
core   0: 0x8000a2c6 (0xd78f90a3) sh      s8, -671(t6)
core   0: 3 0x8000a2c6 (0xd78f90a3) mem 0x8001215e 0x01da
core   0: 0x8000a2ca (0xff6d8b23) sb      s6, -10(s11)
core   0: 3 0x8000a2ca (0xff6d8b23) mem 0x8001ee65 0x6c
core   0: 0x8000a2ce (0xd72f8d23) sb      s2, -646(t6)
core   0: 3 0x8000a2ce (0xd72f8d23) mem 0x80012177 0x4
core   0: 0x8000a2d2 (0xffdd8923) sb      t4, -14(s11)
core   0: 3 0x8000a2d2 (0xffdd8923) mem 0x8001ee61 0x71
core   0: 0x8000a2d6 (0x77bf8c23) sb      s11, 1912(t6)
core   0: 3 0x8000a2d6 (0x77bf8c23) mem 0x80012b75 0x6f
core   0: 0x8000a2da (0xe5bf94a3) sh      s11, -439(t6)
core   0: 3 0x8000a2da (0xe5bf94a3) mem 0x80012246 0xee6f
core   0: 0x8000a2de (0x3aff90a3) sh      a5, 929(t6)
core   0: 3 0x8000a2de (0x3aff90a3) mem 0x8001279e 0x35b5
core   0: 0x8000a2e2 (0x00fd8623) sb      a5, 12(s11)
core   0: 3 0x8000a2e2 (0x00fd8623) mem 0x8001ee7b 0xb5
core   0: 0x8000a2e6 (0xffcd8fa3) sb      t3, -1(s11)
core   0: 3 0x8000a2e6 (0xffcd8fa3) mem 0x8001ee6e 0xeb
core   0: 0x8000a2ea (0x777f8423) sb      s7, 1896(t6)
core   0: 3 0x8000a2ea (0x777f8423) mem 0x80012b65 0x6c
core   0: 0x8000a2ee (0x028000ef) jal     pc + 0x28
core   0: 3 0x8000a2ee (0x028000ef) x 1 0x8000a2f2
core   0: 0x8000a316 (0x00003ff9) c.jal   pc - 34
core   0: 3 0x8000a316 (0x3ff9) x 1 0x8000a318
core   0: 0x8000a2f4 (0xfffff16f) jal     sp, pc - 0x2
core   0: 3 0x8000a2f4 (0xfffff16f) x 2 0x8000a2f8
core   0: 0x8000a2f2 (0x00002005) c.jal   pc + 32
core   0: 3 0x8000a2f2 (0x2005) x 1 0x8000a2f4
core   0: 0x8000a312 (0xff3ff36f) jal     t1, pc - 0xe
core   0: 3 0x8000a312 (0xff3ff36f) x 6 0x8000a316
core   0: 0x8000a304 (0x0000bfdd) c.j     pc - 10
core   0: 3 0x8000a304 (0xbfdd)
core   0: 0x8000a2fa (0x02c000ef) jal     pc + 0x2c
core   0: 3 0x8000a2fa (0x02c000ef) x 1 0x8000a2fe
core   0: 0x8000a326 (0x0000b7c5) c.j     pc - 32
core   0: 3 0x8000a326 (0xb7c5)
core   0: 0x8000a306 (0x00002009) c.jal   pc + 2
core   0: 3 0x8000a306 (0x2009) x 1 0x8000a308
core   0: 0x8000a308 (0xff9ff0ef) jal     pc - 0x8
core   0: 3 0x8000a308 (0xff9ff0ef) x 1 0x8000a30c
core   0: 0x8000a300 (0x01a000ef) jal     pc + 0x1a
core   0: 3 0x8000a300 (0x01a000ef) x 1 0x8000a304
core   0: 0x8000a31a (0xff7ffb6f) jal     s6, pc - 0xa
core   0: 3 0x8000a31a (0xff7ffb6f) x22 0x8000a31e
core   0: 0x8000a310 (0x000037fd) c.jal   pc - 18
core   0: 3 0x8000a310 (0x37fd) x 1 0x8000a312
core   0: 0x8000a2fe (0x0000281d) c.jal   pc + 54
core   0: 3 0x8000a2fe (0x281d) x 1 0x8000a300
core   0: 0x8000a334 (0x00003fe5) c.jal   pc - 8
core   0: 3 0x8000a334 (0x3fe5) x 1 0x8000a336
core   0: 0x8000a32c (0x0000bfdd) c.j     pc - 10
core   0: 3 0x8000a32c (0xbfdd)
core   0: 0x8000a322 (0xff7ff0ef) jal     pc - 0xa
core   0: 3 0x8000a322 (0xff7ff0ef) x 1 0x8000a326
core   0: 0x8000a318 (0x00002821) c.jal   pc + 24
core   0: 3 0x8000a318 (0x2821) x 1 0x8000a31a
core   0: 0x8000a330 (0x00003fe5) c.jal   pc - 8
core   0: 3 0x8000a330 (0x3fe5) x 1 0x8000a332
core   0: 0x8000a328 (0x00a00aef) jal     s5, pc + 0xa
core   0: 3 0x8000a328 (0x00a00aef) x21 0x8000a32c
core   0: 0x8000a332 (0x0000b7f5) c.j     pc - 20
core   0: 3 0x8000a332 (0xb7f5)
core   0: 0x8000a31e (0xfefff36f) jal     t1, pc - 0x12
core   0: 3 0x8000a31e (0xfefff36f) x 6 0x8000a322
core   0: 0x8000a30c (0x00002009) c.jal   pc + 2
core   0: 3 0x8000a30c (0x2009) x 1 0x8000a30e
core   0: 0x8000a30e (0x0000a025) c.j     pc + 40
core   0: 3 0x8000a30e (0xa025)
core   0: 0x8000a336 (0xff9ff0ef) jal     pc - 0x8
core   0: 3 0x8000a336 (0xff9ff0ef) x 1 0x8000a33a
core   0: 0x8000a32e (0x000037e9) c.jal   pc - 54
core   0: 3 0x8000a32e (0x37e9) x 1 0x8000a330
core   0: 0x8000a2f8 (0x0000a089) c.j     pc + 66
core   0: 3 0x8000a2f8 (0xa089)
core   0: 0x8000a33a (0x6e500513) li      a0, 1765
core   0: 3 0x8000a33a (0x6e500513) x10 0x000006e5
core   0: 0x8000a33e (0x00008917) auipc   s2, 0x8
core   0: 3 0x8000a33e (0x00008917) x18 0x8001233e
core   0: 0x8000a342 (0xd3190913) addi    s2, s2, -719
core   0: 3 0x8000a342 (0xd3190913) x18 0x8001206f
core   0: 0x8000a346 (0x02f94703) lbu     a4, 47(s2)
core   0: 3 0x8000a346 (0x02f94703) x14 0x00000038 mem 0x8001209e
core   0: 0x8000a34a (0x03a907a3) sb      s10, 47(s2)
core   0: 3 0x8000a34a (0x03a907a3) mem 0x8001209e 0x1
core   0: 0x8000a34e (0x078911a3) sh      s8, 99(s2)
core   0: 3 0x8000a34e (0x078911a3) mem 0x800120d2 0x01da
core   0: 0x8000a352 (0xe6588313) addi    t1, a7, -411
core   0: 3 0x8000a352 (0xe6588313) x 6 0xfffffe65
core   0: 0x8000a356 (0x0fd90e03) lb      t3, 253(s2)
core   0: 3 0x8000a356 (0x0fd90e03) x28 0x00000010 mem 0x8001216c
core   0: 0x8000a35a (0x0e890ea3) sb      s0, 253(s2)
core   0: 3 0x8000a35a (0x0e890ea3) mem 0x8001216c 0x0
core   0: 0x8000a35e (0x02b91203) lh      tp, 43(s2)
core   0: 3 0x8000a35e (0x02b91203) x 4 0x00000e6e mem 0x8001209a
core   0: 0x8000a362 (0xfe894d83) lbu     s11, -24(s2)
core   0: 3 0x8000a362 (0xfe894d83) x27 0x000000ea mem 0x80012057
core   0: 0x8000a366 (0xfe890e83) lb      t4, -24(s2)
core   0: 3 0x8000a366 (0xfe890e83) x29 0xffffffea mem 0x80012057
core   0: 0x8000a36a (0x0b894503) lbu     a0, 184(s2)
core   0: 3 0x8000a36a (0x0b894503) x10 0x000000bb mem 0x80012127
core   0: 0x8000a36e (0x0f294a83) lbu     s5, 242(s2)
core   0: 3 0x8000a36e (0x0f294a83) x21 0x000000a0 mem 0x80012161
core   0: 0x8000a372 (0x01d91003) lh      zero, 29(s2)
core   0: 3 0x8000a372 (0x01d91003) mem 0x8001208c
core   0: 0x8000a376 (0x0a090e83) lb      t4, 160(s2)
core   0: 3 0x8000a376 (0x0a090e83) x29 0xffffffa4 mem 0x8001210f
core   0: 0x8000a37a (0x0a094f03) lbu     t5, 160(s2)
core   0: 3 0x8000a37a (0x0a094f03) x30 0x000000a4 mem 0x8001210f
core   0: 0x8000a37e (0x00494183) lbu     gp, 4(s2)
core   0: 3 0x8000a37e (0x00494183) x 3 0x00000006 mem 0x80012073
core   0: 0x8000a382 (0x17a60b17) auipc   s6, 0x17a60
core   0: 3 0x8000a382 (0x17a60b17) x22 0x97a6a382
core   0: 0x8000a386 (0x06b95203) lhu     tp, 107(s2)
core   0: 3 0x8000a386 (0x06b95203) x 4 0x00006481 mem 0x800120da
core   0: 0x8000a38a (0x00008a17) auipc   s4, 0x8
core   0: 3 0x8000a38a (0x00008a17) x20 0x8001238a
core   0: 0x8000a38e (0x055a0a13) addi    s4, s4, 85
core   0: 3 0x8000a38e (0x055a0a13) x20 0x800123df
core   0: 0x8000a392 (0x00008b17) auipc   s6, 0x8
core   0: 3 0x8000a392 (0x00008b17) x22 0x80012392
core   0: 0x8000a396 (0x25fb0b13) addi    s6, s6, 607
core   0: 3 0x8000a396 (0x25fb0b13) x22 0x800125f1
core   0: 0x8000a39a (0x052a4703) lbu     a4, 82(s4)
core   0: 3 0x8000a39a (0x052a4703) x14 0x00000026 mem 0x80012431
core   0: 0x8000a39e (0x00008517) auipc   a0, 0x8
core   0: 3 0x8000a39e (0x00008517) x10 0x8001239e
core   0: 0x8000a3a2 (0xf7150513) addi    a0, a0, -143
core   0: 3 0x8000a3a2 (0xf7150513) x10 0x8001230f
core   0: 0x8000a3a6 (0x029a0203) lb      tp, 41(s4)
core   0: 3 0x8000a3a6 (0x029a0203) x 4 0x00000016 mem 0x80012408
core   0: 0x8000a3aa (0xfd1b5303) lhu     t1, -47(s6)
core   0: 3 0x8000a3aa (0xfd1b5303) x 6 0x00005de6 mem 0x800125c2
core   0: 0x8000a3ae (0x03050723) sb      a6, 46(a0)
core   0: 3 0x8000a3ae (0x03050723) mem 0x8001233d 0x7c
core   0: 0x8000a3b2 (0x078a0c83) lb      s9, 120(s4)
core   0: 3 0x8000a3b2 (0x078a0c83) x25 0x0000002f mem 0x80012457
core   0: 0x8000a3b6 (0xfdc50923) sb      t3, -46(a0)
core   0: 3 0x8000a3b6 (0xfdc50923) mem 0x800122e1 0x10
core   0: 0x8000a3ba (0xfb0a4f03) lbu     t5, -80(s4)
core   0: 3 0x8000a3ba (0xfb0a4f03) x30 0x00000092 mem 0x8001238f
core   0: 0x8000a3be (0xfa8a0183) lb      gp, -88(s4)
core   0: 3 0x8000a3be (0xfa8a0183) x 3 0x00000053 mem 0x80012387
core   0: 0x8000a3c2 (0xfcea0303) lb      t1, -50(s4)
core   0: 3 0x8000a3c2 (0xfcea0303) x 6 0xfffffff7 mem 0x800123ad
core   0: 0x8000a3c6 (0x002b4903) lbu     s2, 2(s6)
core   0: 3 0x8000a3c6 (0x002b4903) x18 0x00000076 mem 0x800125f3
core   0: 0x8000a3ca (0xf48a0903) lb      s2, -184(s4)
core   0: 3 0x8000a3ca (0xf48a0903) x18 0x00000013 mem 0x80012327
core   0: 0x8000a3ce (0xfe450a23) sb      tp, -12(a0)
core   0: 3 0x8000a3ce (0xfe450a23) mem 0x80012303 0x16
core   0: 0x8000a3d2 (0xfe6b0903) lb      s2, -26(s6)
core   0: 3 0x8000a3d2 (0xfe6b0903) x18 0xffffffd7 mem 0x800125d7
core   0: 0x8000a3d6 (0x060a0e83) lb      t4, 96(s4)
core   0: 3 0x8000a3d6 (0x060a0e83) x29 0x0000001a mem 0x8001243f
core   0: 0x8000a3da (0xf21a2303) lw      t1, -223(s4)
core   0: 3 0x8000a3da (0xf21a2303) x 6 0x167a7a46 mem 0x80012300
core   0: 0x8000a3de (0x01755983) lhu     s3, 23(a0)
core   0: 3 0x8000a3de (0x01755983) x19 0x000013d1 mem 0x80012326
core   0: 0x8000a3e2 (0xfe7b0a23) sb      t2, -12(s6)
core   0: 3 0x8000a3e2 (0xfe7b0a23) mem 0x800125e5 0x0
core   0: 0x8000a3e6 (0x00b55983) lhu     s3, 11(a0)
core   0: 3 0x8000a3e6 (0x00b55983) x19 0x00002eb4 mem 0x8001231a
core   0: 0x8000a3ea (0xfeb51a83) lh      s5, -21(a0)
core   0: 3 0x8000a3ea (0xfeb51a83) x21 0x00004124 mem 0x800122fa
core   0: 0x8000a3ee (0x087a0703) lb      a4, 135(s4)
core   0: 3 0x8000a3ee (0x087a0703) x14 0x00000052 mem 0x80012466
core   0: 0x8000a3f2 (0x03155e03) lhu     t3, 49(a0)
core   0: 3 0x8000a3f2 (0x03155e03) x28 0x000007db mem 0x80012340
core   0: 0x8000a3f6 (0xfc9b0d83) lb      s11, -55(s6)
core   0: 3 0x8000a3f6 (0xfc9b0d83) x27 0xffffff88 mem 0x800125ba
core   0: 0x8000a3fa (0x00019d17) auipc   s10, 0x19
core   0: 3 0x8000a3fa (0x00019d17) x26 0x800233fa
core   0: 0x8000a3fe (0xc56d0d13) addi    s10, s10, -938
core   0: 3 0x8000a3fe (0xc56d0d13) x26 0x80023050
core   0: 0x8000a402 (0x000062e9) c.lui   t0, 0x1a
core   0: 3 0x8000a402 (0x62e9) x 5 0x0001a000
core   0: 0x8000a404 (0x00008fad) c.xor   a5, a1
core   0: 3 0x8000a404 (0x8fad) x15 0x00000000
core   0: 0x8000a406 (0x40825433) sra     s0, tp, s0
core   0: 3 0x8000a406 (0x40825433) x 8 0x00000016
core   0: 0x8000a40a (0x407c8f33) sub     t5, s9, t2
core   0: 3 0x8000a40a (0x407c8f33) x30 0x0000002f
core   0: 0x8000a40e (0x4112d133) sra     sp, t0, a7
core   0: 3 0x8000a40e (0x4112d133) x 2 0x0001a000
core   0: 0x8000a412 (0x00006119) c.addi16sp sp, 384
core   0: 3 0x8000a412 (0x6119) x 2 0x0001a180
core   0: 0x8000a414 (0x00008455) c.srai  s0, 21
core   0: 3 0x8000a414 (0x8455) x 8 0x00000000
core   0: 0x8000a416 (0x40d25633) sra     a2, tp, a3
core   0: 3 0x8000a416 (0x40d25633) x12 0x00000001
core   0: 0x8000a41a (0x00008f21) c.xor   a4, s0
core   0: 3 0x8000a41a (0x8f21) x14 0x00000052
core   0: 0x8000a41c (0x00004b89) c.li    s7, 2
core   0: 3 0x8000a41c (0x4b89) x23 0x00000002
core   0: 0x8000a41e (0x00a6c933) xor     s2, a3, a0
core   0: 3 0x8000a41e (0x00a6c933) x18 0x00039e2b
core   0: 0x8000a422 (0x03a1b433) mulhu   s0, gp, s10
core   0: 3 0x8000a422 (0x03a1b433) x 8 0x00000029
core   0: 0x8000a426 (0x140d29af) lr.w    s3, (s10)
core   0: 3 0x8000a426 (0x140d29af) x19 0x00000000 mem 0x80023050
core   0: 0x8000a42a (0x00008fd5) c.or    a5, a3
core   0: 3 0x8000a42a (0x8fd5) x15 0x8002bd24
core   0: 0x8000a42c (0x40570533) sub     a0, a4, t0
core   0: 3 0x8000a42c (0x40570533) x10 0xfffe6052
core   0: 0x8000a430 (0x183d2eaf) sc.w    t4, gp, (s10)
core   0: 3 0x8000a430 (0x183d2eaf) x29 0x00000000 mem 0x80023050 0x00000053
core   0: 0x8000a434 (0x00008a97) auipc   s5, 0x8
core   0: 3 0x8000a434 (0x00008a97) x21 0x80012434
core   0: 0x8000a438 (0x6b9a8a93) addi    s5, s5, 1721
core   0: 3 0x8000a438 (0x6b9a8a93) x21 0x80012aed
core   0: 0x8000a43c (0x00008597) auipc   a1, 0x8
core   0: 3 0x8000a43c (0x00008597) x11 0x8001243c
core   0: 0x8000a440 (0x65658593) addi    a1, a1, 1622
core   0: 3 0x8000a440 (0x65658593) x11 0x80012a92
core   0: 0x8000a444 (0x00fa8283) lb      t0, 15(s5)
core   0: 3 0x8000a444 (0x00fa8283) x 5 0x00000001 mem 0x80012afc
core   0: 0x8000a448 (0x00009997) auipc   s3, 0x9
core   0: 3 0x8000a448 (0x00009997) x19 0x80013448
core   0: 0x8000a44c (0xa5e98993) addi    s3, s3, -1442
core   0: 3 0x8000a44c (0xa5e98993) x19 0x80012ea6
core   0: 0x8000a450 (0xff1a9f83) lh      t6, -15(s5)
core   0: 3 0x8000a450 (0xff1a9f83) x31 0x00004f58 mem 0x80012ade
core   0: 0x8000a454 (0xfe7a8d23) sb      t2, -6(s5)
core   0: 3 0x8000a454 (0xfe7a8d23) mem 0x80012ae7 0x0
core   0: 0x8000a458 (0x007586a3) sb      t2, 13(a1)
core   0: 3 0x8000a458 (0x007586a3) mem 0x80012a9f 0x0
core   0: 0x8000a45c (0x00c99b03) lh      s6, 12(s3)
core   0: 3 0x8000a45c (0x00c99b03) x22 0xfffff524 mem 0x80012eb2
core   0: 0x8000a460 (0x00158303) lb      t1, 1(a1)
core   0: 3 0x8000a460 (0x00158303) x 6 0xffffff8b mem 0x80012a93
core   0: 0x8000a464 (0x0025a323) sw      sp, 6(a1)
core   0: 3 0x8000a464 (0x0025a323) mem 0x80012a98 0x0001a180
core   0: 0x8000a468 (0xff1ac883) lbu     a7, -15(s5)
core   0: 3 0x8000a468 (0xff1ac883) x17 0x00000058 mem 0x80012ade
core   0: 0x8000a46c (0xff498903) lb      s2, -12(s3)
core   0: 3 0x8000a46c (0xff498903) x18 0x0000006f mem 0x80012e9a
core   0: 0x8000a470 (0xff5a9183) lh      gp, -11(s5)
core   0: 3 0x8000a470 (0xff5a9183) x 3 0xffffecea mem 0x80012ae2
core   0: 0x8000a474 (0xfff58b03) lb      s6, -1(a1)
core   0: 3 0x8000a474 (0xfff58b03) x22 0x00000066 mem 0x80012a91
core   0: 0x8000a478 (0xffc5d283) lhu     t0, -4(a1)
core   0: 3 0x8000a478 (0xffc5d283) x 5 0x00004692 mem 0x80012a8e
core   0: 0x8000a47c (0xff998ea3) sb      s9, -3(s3)
core   0: 3 0x8000a47c (0xff998ea3) mem 0x80012ea3 0x2f
core   0: 0x8000a480 (0x003a9d03) lh      s10, 3(s5)
core   0: 3 0x8000a480 (0x003a9d03) x26 0x00002795 mem 0x80012af0
core   0: 0x8000a484 (0xff958b03) lb      s6, -7(a1)
core   0: 3 0x8000a484 (0xff958b03) x22 0x00000056 mem 0x80012a8b
core   0: 0x8000a488 (0x00e9ae03) lw      t3, 14(s3)
core   0: 3 0x8000a488 (0x00e9ae03) x28 0x47a07a60 mem 0x80012eb4
core   0: 0x8000a48c (0x00d9ce83) lbu     t4, 13(s3)
core   0: 3 0x8000a48c (0x00d9ce83) x29 0x000000f5 mem 0x80012eb3
core   0: 0x8000a490 (0x00019c17) auipc   s8, 0x19
core   0: 3 0x8000a490 (0x00019c17) x24 0x80023490
core   0: 0x8000a494 (0xbe8c0c13) addi    s8, s8, -1048
core   0: 3 0x8000a494 (0xbe8c0c13) x24 0x80023078
core   0: 0x8000a498 (0x01505193) srli    gp, zero, 21
core   0: 3 0x8000a498 (0x01505193) x 3 0x00000000
core   0: 0x8000a49c (0x00001efd) c.addi  t4, -1
core   0: 3 0x8000a49c (0x1efd) x29 0x000000f4
core   0: 0x8000a49e (0x0083c4b3) xor     s1, t2, s0
core   0: 3 0x8000a49e (0x0083c4b3) x 9 0x00000029
core   0: 0x8000a4a2 (0x100c24af) lr.w    s1, (s8)
core   0: 3 0x8000a4a2 (0x100c24af) x 9 0x80027e8f mem 0x80023078
core   0: 0x8000a4a6 (0x00000001) c.nop
core   0: 3 0x8000a4a6 (0x0001)
core   0: 0x8000a4a8 (0x00125e93) srli    t4, tp, 1
core   0: 3 0x8000a4a8 (0x00125e93) x29 0x0000000b
core   0: 0x8000a4ac (0x0000717d) c.addi16sp sp, -16
core   0: 3 0x8000a4ac (0x717d) x 2 0x0001a170
core   0: 0x8000a4ae (0x03f18ab3) mul     s5, gp, t6
core   0: 3 0x8000a4ae (0x03f18ab3) x21 0x00000000
core   0: 0x8000a4b2 (0x00008e71) c.and   a2, a2
core   0: 3 0x8000a4b2 (0x8e71) x12 0x00000001
core   0: 0x8000a4b4 (0x014bc4b3) xor     s1, s7, s4
core   0: 3 0x8000a4b4 (0x014bc4b3) x 9 0x800123dd
core   0: 0x8000a4b8 (0x02a81ab3) mulh    s5, a6, a0
core   0: 3 0x8000a4b8 (0x02a81ab3) x21 0x0000cfd2
core   0: 0x8000a4bc (0x40f6d493) srai    s1, a3, 15
core   0: 3 0x8000a4bc (0x40f6d493) x 9 0xffff0005
core   0: 0x8000a4c0 (0x62d73093) sltiu   ra, a4, 1581
core   0: 3 0x8000a4c0 (0x62d73093) x 1 0x00000001
core   0: 0x8000a4c4 (0x02234433) div     s0, t1, sp
core   0: 3 0x8000a4c4 (0x02234433) x 8 0x00000000
core   0: 0x8000a4c8 (0x1c3c2daf) sc.w    s11, gp, (s8)
core   0: 3 0x8000a4c8 (0x1c3c2daf) x27 0x00000000 mem 0x80023078 0x00000000
core   0: 0x8000a4cc (0x00019217) auipc   tp, 0x19
core   0: 3 0x8000a4cc (0x00019217) x 4 0x800234cc
core   0: 0x8000a4d0 (0xb9c20213) addi    tp, tp, -1124
core   0: 3 0x8000a4d0 (0xb9c20213) x 4 0x80023068
core   0: 0x8000a4d4 (0x00019b17) auipc   s6, 0x19
core   0: 3 0x8000a4d4 (0x00019b17) x22 0x800234d4
core   0: 0x8000a4d8 (0xb9cb0b13) addi    s6, s6, -1124
core   0: 3 0x8000a4d8 (0xb9cb0b13) x22 0x80023070
core   0: 0x8000a4dc (0x00019c97) auipc   s9, 0x19
core   0: 3 0x8000a4dc (0x00019c97) x25 0x800234dc
core   0: 0x8000a4e0 (0xb90c8c93) addi    s9, s9, -1136
core   0: 3 0x8000a4e0 (0xb90c8c93) x25 0x8002306c
core   0: 0x8000a4e4 (0x00019a17) auipc   s4, 0x19
core   0: 3 0x8000a4e4 (0x00019a17) x20 0x800234e4
core   0: 0x8000a4e8 (0xb9ca0a13) addi    s4, s4, -1124
core   0: 3 0x8000a4e8 (0xb9ca0a13) x20 0x80023080
core   0: 0x8000a4ec (0xc0aca7af) amominu.w a5, a0, (s9)
core   0: 3 0x8000a4ec (0xc0aca7af) x15 0xc00460cc mem 0x8002306c mem 0x8002306c 0xc00460cc
core   0: 0x8000a4f0 (0xc50a2f2f) amominu.w t5, a6, (s4)
core   0: 3 0x8000a4f0 (0xc50a2f2f) x30 0x7ffd42dc mem 0x80023080 mem 0x80023080 0x7ffd42dc
core   0: 0x8000a4f4 (0xa56ca42f) amomax.w s0, s6, (s9)
core   0: 3 0x8000a4f4 (0xa56ca42f) x 8 0xc00460cc mem 0x8002306c mem 0x8002306c 0xc00460cc
core   0: 0x8000a4f8 (0x50154bb7) lui     s7, 0x50154
core   0: 3 0x8000a4f8 (0x50154bb7) x23 0x50154000
core   0: 0x8000a4fc (0x498752b7) lui     t0, 0x49875
core   0: 3 0x8000a4fc (0x498752b7) x 5 0x49875000
core   0: 0x8000a500 (0x02240033) mul     zero, s0, sp
core   0: 3 0x8000a500 (0x02240033)
core   0: 0x8000a504 (0xc23ca12f) amominu.w sp, gp, (s9)
core   0: 3 0x8000a504 (0xc23ca12f) x 2 0xc00460cc mem 0x8002306c mem 0x8002306c 0x00000000
core   0: 0x8000a508 (0x010681b3) add     gp, a3, a6
core   0: 3 0x8000a508 (0x010681b3) x 3 0x00053ba0
core   0: 0x8000a50c (0x00006085) c.lui   ra, 0x1
core   0: 3 0x8000a50c (0x6085) x 1 0x00001000
core   0: 0x8000a50e (0x0ff0000f) fence   iorw,iorw
core   0: 3 0x8000a50e (0x0ff0000f)
core   0: 0x8000a512 (0x4068dd33) sra     s10, a7, t1
core   0: 3 0x8000a512 (0x4068dd33) x26 0x00000000
core   0: 0x8000a516 (0x61e2212f) amoand.w sp, t5, (tp)
core   0: 3 0x8000a516 (0x61e2212f) x 2 0x000000dc mem 0x80023068 mem 0x80023068 0x000000dc
core   0: 0x8000a51a (0x0d2221af) amoswap.w gp, s2, (tp)
core   0: 3 0x8000a51a (0x0d2221af) x 3 0x000000dc mem 0x80023068 mem 0x80023068 0x0000006f
core   0: 0x8000a51e (0x0ac2232f) amoswap.w t1, a2, (tp)
core   0: 3 0x8000a51e (0x0ac2232f) x 6 0x0000006f mem 0x80023068 mem 0x80023068 0x00000001
core   0: 0x8000a522 (0x024000ef) jal     pc + 0x24
core   0: 3 0x8000a522 (0x024000ef) x 1 0x8000a526
core   0: 0x8000a546 (0xfe9ff0ef) jal     pc - 0x18
core   0: 3 0x8000a546 (0xfe9ff0ef) x 1 0x8000a54a
core   0: 0x8000a52e (0x012000ef) jal     pc + 0x12
core   0: 3 0x8000a52e (0x012000ef) x 1 0x8000a532
core   0: 0x8000a540 (0x0000b7ed) c.j     pc - 22
core   0: 3 0x8000a540 (0xb7ed)
core   0: 0x8000a52a (0x01a000ef) jal     pc + 0x1a
core   0: 3 0x8000a52a (0x01a000ef) x 1 0x8000a52e
core   0: 0x8000a544 (0x0000bfdd) c.j     pc - 10
core   0: 3 0x8000a544 (0xbfdd)
core   0: 0x8000a53a (0x0040036f) jal     t1, pc + 0x4
core   0: 3 0x8000a53a (0x0040036f) x 6 0x8000a53e
core   0: 0x8000a53e (0x00003fd5) c.jal   pc - 12
core   0: 3 0x8000a53e (0x3fd5) x 1 0x8000a540
core   0: 0x8000a532 (0x0000a009) c.j     pc + 2
core   0: 3 0x8000a532 (0xa009)
core   0: 0x8000a534 (0xff3ff0ef) jal     pc - 0xe
core   0: 3 0x8000a534 (0xff3ff0ef) x 1 0x8000a538
core   0: 0x8000a526 (0x01c00e6f) jal     t3, pc + 0x1c
core   0: 3 0x8000a526 (0x01c00e6f) x28 0x8000a52a
core   0: 0x8000a542 (0x0000a021) c.j     pc + 8
core   0: 3 0x8000a542 (0xa021)
core   0: 0x8000a54a (0x0040056f) jal     a0, pc + 0x4
core   0: 3 0x8000a54a (0x0040056f) x10 0x8000a54e
core   0: 0x8000a54e (0x0000b7ed) c.j     pc - 22
core   0: 3 0x8000a54e (0xb7ed)
core   0: 0x8000a538 (0x0000a821) c.j     pc + 24
core   0: 3 0x8000a538 (0xa821)
core   0: 0x8000a550 (0x004000ef) jal     pc + 0x4
core   0: 3 0x8000a550 (0x004000ef) x 1 0x8000a554
core   0: 0x8000a554 (0xe1004e97) auipc   t4, 0xe1004
core   0: 3 0x8000a554 (0xe1004e97) x29 0x6100e554
core   0: 0x8000a558 (0x00008997) auipc   s3, 0x8
core   0: 3 0x8000a558 (0x00008997) x19 0x80012558
core   0: 0x8000a55c (0xc6098993) addi    s3, s3, -928
core   0: 3 0x8000a55c (0xc6098993) x19 0x800121b8
core   0: 0x8000a560 (0x15814713) xori    a4, sp, 344
core   0: 3 0x8000a560 (0x15814713) x14 0x00000184
core   0: 0x8000a564 (0x00499203) lh      tp, 4(s3)
core   0: 3 0x8000a564 (0x00499203) x 4 0x00001483 mem 0x800121bc
core   0: 0x8000a568 (0x013a1713) slli    a4, s4, 19
core   0: 3 0x8000a568 (0x013a1713) x14 0x84000000
core   0: 0x8000a56c (0xb1942737) lui     a4, 0xb1942
core   0: 3 0x8000a56c (0xb1942737) x14 0xb1942000
core   0: 0x8000a570 (0xff4988a3) sb      s4, -15(s3)
core   0: 3 0x8000a570 (0xff4988a3) mem 0x800121a9 0x80
core   0: 0x8000a574 (0xff698103) lb      sp, -10(s3)
core   0: 3 0x8000a574 (0xff698103) x 2 0x00000069 mem 0x800121ae
core   0: 0x8000a578 (0x024a0733) mul     a4, s4, tp
core   0: 3 0x8000a578 (0x024a0733) x14 0xace8d180
core   0: 0x8000a57c (0xff99c103) lbu     sp, -7(s3)
core   0: 3 0x8000a57c (0xff99c103) x 2 0x00000038 mem 0x800121b1
core   0: 0x8000a580 (0x00e9c903) lbu     s2, 14(s3)
core   0: 3 0x8000a580 (0x00e9c903) x18 0x00000088 mem 0x800121c6
core   0: 0x8000a584 (0x03220cb3) mul     s9, tp, s2
core   0: 3 0x8000a584 (0x03220cb3) x25 0x000ae598
core   0: 0x8000a588 (0xff298ba3) sb      s2, -9(s3)
core   0: 3 0x8000a588 (0xff298ba3) mem 0x800121af 0x88
core   0: 0x8000a58c (0x0d4cf713) andi    a4, s9, 212
core   0: 3 0x8000a58c (0x0d4cf713) x14 0x00000090
core   0: 0x8000a590 (0xffd9c703) lbu     a4, -3(s3)
core   0: 3 0x8000a590 (0xffd9c703) x14 0x00000084 mem 0x800121b5
core   0: 0x8000a594 (0x00000001) c.nop
core   0: 3 0x8000a594 (0x0001)
core   0: 0x8000a596 (0x02215cb3) divu    s9, sp, sp
core   0: 3 0x8000a596 (0x02215cb3) x25 0x00000001
core   0: 0x8000a59a (0x0029c903) lbu     s2, 2(s3)
core   0: 3 0x8000a59a (0x0029c903) x18 0x00000010 mem 0x800121ba
core   0: 0x8000a59e (0x00b98c83) lb      s9, 11(s3)
core   0: 3 0x8000a59e (0x00b98c83) x25 0x0000005b mem 0x800121c3
core   0: 0x8000a5a2 (0x039cf933) remu    s2, s9, s9
core   0: 3 0x8000a5a2 (0x039cf933) x18 0x00000000
core   0: 0x8000a5a6 (0xff998a03) lb      s4, -7(s3)
core   0: 3 0x8000a5a6 (0xff998a03) x20 0x00000038 mem 0x800121b1
core   0: 0x8000a5aa (0xff498aa3) sb      s4, -11(s3)
core   0: 3 0x8000a5aa (0xff498aa3) mem 0x800121ad 0x38
core   0: 0x8000a5ae (0xff998203) lb      tp, -7(s3)
core   0: 3 0x8000a5ae (0xff998203) x 4 0x00000038 mem 0x800121b1
core   0: 0x8000a5b2 (0x002a3233) sltu    tp, s4, sp
core   0: 3 0x8000a5b2 (0x002a3233) x 4 0x00000000
core   0: 0x8000a5b6 (0x00d98a03) lb      s4, 13(s3)
core   0: 3 0x8000a5b6 (0x00d98a03) x20 0xffffff92 mem 0x800121c5
core   0: 0x8000a5ba (0x00d98203) lb      tp, 13(s3)
core   0: 3 0x8000a5ba (0x00d98203) x 4 0xffffff92 mem 0x800121c5
core   0: 0x8000a5be (0x01226133) or      sp, tp, s2
core   0: 3 0x8000a5be (0x01226133) x 2 0xffffff92
core   0: 0x8000a5c2 (0xd28ca913) slti    s2, s9, -728
core   0: 3 0x8000a5c2 (0xd28ca913) x18 0x00000000
core   0: 0x8000a5c6 (0x00a99203) lh      tp, 10(s3)
core   0: 3 0x8000a5c6 (0x00a99203) x 4 0x00005bcf mem 0x800121c2
core   0: 0x8000a5ca (0x00e98a03) lb      s4, 14(s3)
core   0: 3 0x8000a5ca (0x00e98a03) x20 0xffffff88 mem 0x800121c6
core   0: 0x8000a5ce (0xfff9c103) lbu     sp, -1(s3)
core   0: 3 0x8000a5ce (0xfff9c103) x 2 0x0000001e mem 0x800121b7
core   0: 0x8000a5d2 (0x00e9d103) lhu     sp, 14(s3)
core   0: 3 0x8000a5d2 (0x00e9d103) x 2 0x00000488 mem 0x800121c6
core   0: 0x8000a5d6 (0x00000935) c.addi  s2, 13
core   0: 3 0x8000a5d6 (0x0935) x18 0x0000000d
core   0: 0x8000a5d8 (0x00f9c203) lbu     tp, 15(s3)
core   0: 3 0x8000a5d8 (0x00f9c203) x 4 0x00000004 mem 0x800121c7
core   0: 0x8000a5dc (0xff998103) lb      sp, -7(s3)
core   0: 3 0x8000a5dc (0xff998103) x 2 0x00000038 mem 0x800121b1
core   0: 0x8000a5e0 (0x019a5113) srli    sp, s4, 25
core   0: 3 0x8000a5e0 (0x019a5113) x 2 0x0000007f
core   0: 0x8000a5e4 (0x6fa80737) lui     a4, 0x6fa80
core   0: 3 0x8000a5e4 (0x6fa80737) x14 0x6fa80000
core   0: 0x8000a5e8 (0x02e24733) div     a4, tp, a4
core   0: 3 0x8000a5e8 (0x02e24733) x14 0x00000000
core   0: 0x8000a5ec (0x0089c103) lbu     sp, 8(s3)
core   0: 3 0x8000a5ec (0x0089c103) x 2 0x000000ad mem 0x800121c0
core   0: 0x8000a5f0 (0x00000001) c.nop
core   0: 3 0x8000a5f0 (0x0001)
core   0: 0x8000a5f2 (0x00d9c903) lbu     s2, 13(s3)
core   0: 3 0x8000a5f2 (0x00d9c903) x18 0x00000092 mem 0x800121c5
core   0: 0x8000a5f6 (0x0149a823) sw      s4, 16(s3)
core   0: 3 0x8000a5f6 (0x0149a823) mem 0x800121c8 0xffffff88
core   0: 0x8000a5fa (0x00008f59) c.or    a4, a4
core   0: 3 0x8000a5fa (0x8f59) x14 0x00000000
core   0: 0x8000a5fc (0xaa8a7113) andi    sp, s4, -1368
core   0: 3 0x8000a5fc (0xaa8a7113) x 2 0xfffffa88
core   0: 0x8000a600 (0x02274933) div     s2, a4, sp
core   0: 3 0x8000a600 (0x02274933) x18 0x00000000
core   0: 0x8000a604 (0x41295a33) sra     s4, s2, s2
core   0: 3 0x8000a604 (0x41295a33) x20 0x00000000
core   0: 0x8000a608 (0x74516a13) ori     s4, sp, 1861
core   0: 3 0x8000a608 (0x74516a13) x20 0xffffffcd
core   0: 0x8000a60c (0x00a9c903) lbu     s2, 10(s3)
core   0: 3 0x8000a60c (0x00a9c903) x18 0x000000cf mem 0x800121c2
core   0: 0x8000a610 (0x0000100f) fence.i
core   0: 3 0x8000a610 (0x0000100f)
core   0: 0x8000a614 (0x004983a3) sb      tp, 7(s3)
core   0: 3 0x8000a614 (0x004983a3) mem 0x800121bf 0x4
core   0: 0x8000a618 (0x00099903) lh      s2, 0(s3)
core   0: 3 0x8000a618 (0x00099903) x18 0x00001b21 mem 0x800121b8
core   0: 0x8000a61c (0x00000cb6) c.slli  s9, 13
core   0: 3 0x8000a61c (0x0cb6) x25 0x000b6000
core   0: 0x8000a61e (0xffe98203) lb      tp, -2(s3)
core   0: 3 0x8000a61e (0xffe98203) x 4 0x0000005e mem 0x800121b6
core   0: 0x8000a622 (0x0000b797) auipc   a5, 0xb
core   0: 3 0x8000a622 (0x0000b797) x15 0x80015622
core   0: 0x8000a626 (0x3f578793) addi    a5, a5, 1013
core   0: 3 0x8000a626 (0x3f578793) x15 0x80015a17
core   0: 0x8000a62a (0x01278823) sb      s2, 16(a5)
core   0: 3 0x8000a62a (0x01278823) mem 0x80015a27 0x21
core   0: 0x8000a62e (0x0107ca83) lbu     s5, 16(a5)
core   0: 3 0x8000a62e (0x0107ca83) x21 0x00000021 mem 0x80015a27
core   0: 0x8000a632 (0x056cc213) xori    tp, s9, 86
core   0: 3 0x8000a632 (0x056cc213) x 4 0x000b6056
core   0: 0x8000a636 (0x01078183) lb      gp, 16(a5)
core   0: 3 0x8000a636 (0x01078183) x 3 0x00000021 mem 0x80015a27
core   0: 0x8000a63a (0x0107ce83) lbu     t4, 16(a5)
core   0: 3 0x8000a63a (0x0107ce83) x29 0x00000021 mem 0x80015a27
core   0: 0x8000a63e (0x01078403) lb      s0, 16(a5)
core   0: 3 0x8000a63e (0x01078403) x 8 0x00000021 mem 0x80015a27
core   0: 0x8000a642 (0x00e78823) sb      a4, 16(a5)
core   0: 3 0x8000a642 (0x00e78823) mem 0x80015a27 0x0
core   0: 0x8000a646 (0x02c7c903) lbu     s2, 44(a5)
core   0: 3 0x8000a646 (0x02c7c903) x18 0x000000f2 mem 0x80015a43
core   0: 0x8000a64a (0x00cd1933) sll     s2, s10, a2
core   0: 3 0x8000a64a (0x00cd1933) x18 0x00000000
core   0: 0x8000a64e (0x61aaae93) slti    t4, s5, 1562
core   0: 3 0x8000a64e (0x61aaae93) x29 0x00000001
core   0: 0x8000a652 (0x01f7cd03) lbu     s10, 31(a5)
core   0: 3 0x8000a652 (0x01f7cd03) x26 0x000000af mem 0x80015a36
core   0: 0x8000a656 (0x01f78a03) lb      s4, 31(a5)
core   0: 3 0x8000a656 (0x01f78a03) x20 0xffffffaf mem 0x80015a36
core   0: 0x8000a65a (0x01878fa3) sb      s8, 31(a5)
core   0: 3 0x8000a65a (0x01878fa3) mem 0x80015a36 0x78
core   0: 0x8000a65e (0x03f78d23) sb      t6, 58(a5)
core   0: 3 0x8000a65e (0x03f78d23) mem 0x80015a51 0x58
core   0: 0x8000a662 (0xfc779da3) sh      t2, -37(a5)
core   0: 3 0x8000a662 (0xfc779da3) mem 0x800159f2 0x0000
core   0: 0x8000a666 (0xfdb7da83) lhu     s5, -37(a5)
core   0: 3 0x8000a666 (0xfdb7da83) x21 0x00000000 mem 0x800159f2
core   0: 0x8000a66a (0xfd179da3) sh      a7, -37(a5)
core   0: 3 0x8000a66a (0xfd179da3) mem 0x800159f2 0x0058
core   0: 0x8000a66e (0xfdb79903) lh      s2, -37(a5)
core   0: 3 0x8000a66e (0xfdb79903) x18 0x00000058 mem 0x800159f2
core   0: 0x8000a672 (0x00008d9d) c.sub   a1, a5
core   0: 3 0x8000a672 (0x8d9d) x11 0xffffd07b
core   0: 0x8000a674 (0x01b7cc03) lbu     s8, 27(a5)
core   0: 3 0x8000a674 (0x01b7cc03) x24 0x000000b2 mem 0x80015a32
core   0: 0x8000a678 (0x00c78da3) sb      a2, 27(a5)
core   0: 3 0x8000a678 (0x00c78da3) mem 0x80015a32 0x1
core   0: 0x8000a67c (0x01b7d283) lhu     t0, 27(a5)
core   0: 3 0x8000a67c (0x01b7d283) x 5 0x00006501 mem 0x80015a32
core   0: 0x8000a680 (0x00008997) auipc   s3, 0x8
core   0: 3 0x8000a680 (0x00008997) x19 0x80012680
core   0: 0x8000a684 (0xf0d98993) addi    s3, s3, -243
core   0: 3 0x8000a684 (0xf0d98993) x19 0x8001258d
core   0: 0x8000a688 (0x00008f61) c.and   a4, s0
core   0: 3 0x8000a688 (0x8f61) x14 0x00000000
core   0: 0x8000a68a (0x00008dd5) c.or    a1, a3
core   0: 3 0x8000a68a (0x8dd5) x11 0xfffffd7f
core   0: 0x8000a68c (0x28e9ca83) lbu     s5, 654(s3)
core   0: 3 0x8000a68c (0x28e9ca83) x21 0x00000060 mem 0x8001281b
core   0: 0x8000a690 (0x01331a13) slli    s4, t1, 19
core   0: 3 0x8000a690 (0x01331a13) x20 0x29f00000
core   0: 0x8000a694 (0x5be98103) lb      sp, 1470(s3)
core   0: 3 0x8000a694 (0x5be98103) x 2 0x00000011 mem 0x80012b4b
core   0: 0x8000a698 (0x38298b03) lb      s6, 898(s3)
core   0: 3 0x8000a698 (0x38298b03) x22 0x00000071 mem 0x8001290f
core   0: 0x8000a69c (0x01d80bb3) add     s7, a6, t4
core   0: 3 0x8000a69c (0x01d80bb3) x23 0x80027e7d
core   0: 0x8000a6a0 (0x06cce713) ori     a4, s9, 108
core   0: 3 0x8000a6a0 (0x06cce713) x14 0x000b606c
core   0: 0x8000a6a4 (0x5fc0c213) xori    tp, ra, 1532
core   0: 3 0x8000a6a4 (0x5fc0c213) x 4 0x8000a0a8
core   0: 0x8000a6a8 (0x00005b7d) c.li    s6, -1
core   0: 3 0x8000a6a8 (0x5b7d) x22 0xffffffff
core   0: 0x8000a6aa (0xb3d9cf83) lbu     t6, -1219(s3)
core   0: 3 0x8000a6aa (0xb3d9cf83) x31 0x000000de mem 0x800120ca
core   0: 0x8000a6ae (0x000081e9) c.srli  a1, 26
core   0: 3 0x8000a6ae (0x81e9) x11 0x0000003f
core   0: 0x8000a6b0 (0x554988a3) sb      s4, 1361(s3)
core   0: 3 0x8000a6b0 (0x554988a3) mem 0x80012ade 0x0
core   0: 0x8000a6b4 (0x00f5ddb3) srl     s11, a1, a5
core   0: 3 0x8000a6b4 (0x00f5ddb3) x27 0x00000000
core   0: 0x8000a6b8 (0x00006105) c.addi16sp sp, 32
core   0: 3 0x8000a6b8 (0x6105) x 2 0x00000031
core   0: 0x8000a6ba (0x0178e933) or      s2, a7, s7
core   0: 3 0x8000a6ba (0x0178e933) x18 0x80027e7d
core   0: 0x8000a6be (0x4cb996a3) sh      a1, 1229(s3)
core   0: 3 0x8000a6be (0x4cb996a3) mem 0x80012a5a 0x003f
core   0: 0x8000a6c2 (0xd8498c83) lb      s9, -636(s3)
core   0: 3 0x8000a6c2 (0xd8498c83) x25 0x00000064 mem 0x80012311
core   0: 0x8000a6c6 (0x4ddc0593) addi    a1, s8, 1245
core   0: 3 0x8000a6c6 (0x4ddc0593) x11 0x0000058f
core   0: 0x8000a6ca (0x037ab8b3) mulhu   a7, s5, s7
core   0: 3 0x8000a6ca (0x037ab8b3) x17 0x00000030
core   0: 0x8000a6ce (0x0230f333) remu    t1, ra, gp
core   0: 3 0x8000a6ce (0x0230f333) x 6 0x00000014
core   0: 0x8000a6d2 (0x000089f9) c.andi  a1, 30
core   0: 3 0x8000a6d2 (0x89f9) x11 0x0000000e
core   0: 0x8000a6d4 (0xeed99703) lh      a4, -275(s3)
core   0: 3 0x8000a6d4 (0xeed99703) x14 0x000038f6 mem 0x8001247a
core   0: 0x8000a6d8 (0x29698003) lb      zero, 662(s3)
core   0: 3 0x8000a6d8 (0x29698003) mem 0x80012823
core   0: 0x8000a6dc (0x00615933) srl     s2, sp, t1
core   0: 3 0x8000a6dc (0x00615933) x18 0x00000000
core   0: 0x8000a6e0 (0x78f980a3) sb      a5, 1921(s3)
core   0: 3 0x8000a6e0 (0x78f980a3) mem 0x80012d0e 0x17
core   0: 0x8000a6e4 (0x00edd2b3) srl     t0, s11, a4
core   0: 3 0x8000a6e4 (0x00edd2b3) x 5 0x00000000
core   0: 0x8000a6e8 (0x022354b3) divu    s1, t1, sp
core   0: 3 0x8000a6e8 (0x022354b3) x 9 0x00000000
core   0: 0x8000a6ec (0xb5298e03) lb      t3, -1198(s3)
core   0: 3 0x8000a6ec (0xb5298e03) x28 0xffffffa0 mem 0x800120df
core   0: 0x8000a6f0 (0x41e1d633) sra     a2, gp, t5
core   0: 3 0x8000a6f0 (0x41e1d633) x12 0x00000000
core   0: 0x8000a6f4 (0x00009b7d) c.andi  a4, -1
core   0: 3 0x8000a6f4 (0x9b7d) x14 0x000038f6
core   0: 0x8000a6f6 (0xbb09ce03) lbu     t3, -1104(s3)
core   0: 3 0x8000a6f6 (0xbb09ce03) x28 0x00000058 mem 0x8001213d
core   0: 0x8000a6fa (0x03c7fdb3) remu    s11, a5, t3
core   0: 3 0x8000a6fa (0x03c7fdb3) x27 0x00000007
core   0: 0x8000a6fe (0x02325533) divu    a0, tp, gp
core   0: 3 0x8000a6fe (0x02325533) x10 0x03e0fd1c
core   0: 0x8000a702 (0x5659d283) lhu     t0, 1381(s3)
core   0: 3 0x8000a702 (0x5659d283) x 5 0x0000691b mem 0x80012af2
core   0: 0x8000a706 (0x00008497) auipc   s1, 0x8
core   0: 3 0x8000a706 (0x00008497) x 9 0x80012706
core   0: 0x8000a70a (0xf3948493) addi    s1, s1, -199
core   0: 3 0x8000a70a (0xf3948493) x 9 0x8001263f
core   0: 0x8000a70e (0x00016297) auipc   t0, 0x16
core   0: 3 0x8000a70e (0x00016297) x 5 0x8002070e
core   0: 0x8000a712 (0x9f028293) addi    t0, t0, -1552
core   0: 3 0x8000a712 (0x9f028293) x 5 0x800200fe
core   0: 0x8000a716 (0x00c288a3) sb      a2, 17(t0)
core   0: 3 0x8000a716 (0x00c288a3) mem 0x8002010f 0x0
core   0: 0x8000a71a (0xf5f48583) lb      a1, -161(s1)
core   0: 3 0x8000a71a (0xf5f48583) x11 0xffffffd7 mem 0x8001259e
core   0: 0x8000a71e (0xfda29723) sh      s10, -50(t0)
core   0: 3 0x8000a71e (0xfda29723) mem 0x800200cc 0x00af
core   0: 0x8000a722 (0xfa54a8a3) sw      t0, -79(s1)
core   0: 3 0x8000a722 (0xfa54a8a3) mem 0x800125f0 0x800200fe
core   0: 0x8000a726 (0xfee48103) lb      sp, -18(s1)
core   0: 3 0x8000a726 (0xfee48103) x 2 0x00000037 mem 0x8001262d
core   0: 0x8000a72a (0xff9280a3) sb      s9, -31(t0)
core   0: 3 0x8000a72a (0xff9280a3) mem 0x800200df 0x64
core   0: 0x8000a72e (0x02c29423) sh      a2, 40(t0)
core   0: 3 0x8000a72e (0x02c29423) mem 0x80020126 0x0000
core   0: 0x8000a732 (0xf374aaa3) sw      s7, -203(s1)
core   0: 3 0x8000a732 (0xf374aaa3) mem 0x80012574 0x80027e7d
core   0: 0x8000a736 (0x0b54a903) lw      s2, 181(s1)
core   0: 3 0x8000a736 (0x0b54a903) x18 0x60c91d05 mem 0x800126f4
core   0: 0x8000a73a (0x01f49003) lh      zero, 31(s1)
core   0: 3 0x8000a73a (0x01f49003) mem 0x8001265e
core   0: 0x8000a73e (0x04349aa3) sh      gp, 85(s1)
core   0: 3 0x8000a73e (0x04349aa3) mem 0x80012694 0x0021
core   0: 0x8000a742 (0x02429f03) lh      t5, 36(t0)
core   0: 3 0x8000a742 (0x02429f03) x30 0xffffff1d mem 0x80020122
core   0: 0x8000a746 (0x0062ad83) lw      s11, 6(t0)
core   0: 3 0x8000a746 (0x0062ad83) x27 0xfa8cacca mem 0x80020104
core   0: 0x8000a74a (0xf764c583) lbu     a1, -138(s1)
core   0: 3 0x8000a74a (0xf764c583) x11 0x000000c8 mem 0x800125b5
core   0: 0x8000a74e (0x00019517) auipc   a0, 0x19
core   0: 3 0x8000a74e (0x00019517) x10 0x8002374e
core   0: 0x8000a752 (0x91a50513) addi    a0, a0, -1766
core   0: 3 0x8000a752 (0x91a50513) x10 0x80023068
core   0: 0x8000a756 (0x40110433) sub     s0, sp, ra
core   0: 3 0x8000a756 (0x40110433) x 8 0x7fff5ae3
core   0: 0x8000a75a (0x000085e1) c.srai  a1, 24
core   0: 3 0x8000a75a (0x85e1) x11 0x00000000
core   0: 0x8000a75c (0x019f1d93) slli    s11, t5, 25
core   0: 3 0x8000a75c (0x019f1d93) x27 0x3a000000
core   0: 0x8000a760 (0x4009deb3) sra     t4, s3, zero
core   0: 3 0x8000a760 (0x4009deb3) x29 0x8001258d
core   0: 0x8000a764 (0xabaecbb7) lui     s7, 0xabaec
core   0: 3 0x8000a764 (0xabaecbb7) x23 0xabaec000
core   0: 0x8000a768 (0x12052a2f) lr.w    s4, (a0)
core   0: 3 0x8000a768 (0x12052a2f) x20 0x00000001 mem 0x80023068
core   0: 0x8000a76c (0x02a172b3) remu    t0, sp, a0
core   0: 3 0x8000a76c (0x02a172b3) x 5 0x00000037
core   0: 0x8000a770 (0x021bed33) rem     s10, s7, ra
core   0: 3 0x8000a770 (0x021bed33) x26 0xabaec000
core   0: 0x8000a774 (0x000080c1) c.srli  s1, 16
core   0: 3 0x8000a774 (0x80c1) x 9 0x00008001
core   0: 0x8000a776 (0x00006129) c.addi16sp sp, 192
core   0: 3 0x8000a776 (0x6129) x 2 0x000000f7
core   0: 0x8000a778 (0x0000807d) c.srli  s0, 31
core   0: 3 0x8000a778 (0x807d) x 8 0x00000000
core   0: 0x8000a77a (0x01aec933) xor     s2, t4, s10
core   0: 3 0x8000a77a (0x01aec933) x18 0x2bafe58d
core   0: 0x8000a77e (0x000061b9) c.lui   gp, 0xe
core   0: 3 0x8000a77e (0x61b9) x 3 0x0000e000
core   0: 0x8000a780 (0x183520af) sc.w    ra, gp, (a0)
core   0: 3 0x8000a780 (0x183520af) x 1 0x00000000 mem 0x80023068 0x0000e000
core   0: 0x8000a784 (0x00019597) auipc   a1, 0x19
core   0: 3 0x8000a784 (0x00019597) x11 0x80023784
core   0: 0x8000a788 (0x8fc58593) addi    a1, a1, -1796
core   0: 3 0x8000a788 (0x8fc58593) x11 0x80023080
core   0: 0x8000a78c (0x00019897) auipc   a7, 0x19
core   0: 3 0x8000a78c (0x00019897) x17 0x8002378c
core   0: 0x8000a790 (0x8f088893) addi    a7, a7, -1808
core   0: 3 0x8000a790 (0x8f088893) x17 0x8002307c
core   0: 0x8000a794 (0x2495a22f) amoxor.w tp, s1, (a1)
core   0: 3 0x8000a794 (0x2495a22f) x 4 0x7ffd42dc mem 0x80023080 mem 0x80023080 0x7ffdc2dd
core   0: 0x8000a798 (0x1cbbb313) sltiu   t1, s7, 459
core   0: 3 0x8000a798 (0x1cbbb313) x 6 0x00000000
core   0: 0x8000a79c (0x2315acaf) amoxor.w s9, a7, (a1)
core   0: 3 0x8000a79c (0x2315acaf) x25 0x7ffdc2dd mem 0x80023080 mem 0x80023080 0xfffff2a1
core   0: 0x8000a7a0 (0xe598a92f) amomaxu.w s2, s9, (a7)
core   0: 3 0x8000a7a0 (0xe598a92f) x18 0xd0000001 mem 0x8002307c mem 0x8002307c 0xd0000001
core   0: 0x8000a7a4 (0x0000923a) c.add   tp, a4
core   0: 3 0x8000a7a4 (0x923a) x 4 0x7ffd7bd2
core   0: 0x8000a7a6 (0x236b7e17) auipc   t3, 0x236b7
core   0: 3 0x8000a7a6 (0x236b7e17) x28 0xa36c17a6
core   0: 0x8000a7aa (0x02a5abaf) amoadd.w s7, a0, (a1)
core   0: 3 0x8000a7aa (0x02a5abaf) x23 0xfffff2a1 mem 0x80023080 mem 0x80023080 0x80022309
core   0: 0x8000a7ae (0x6228a0af) amoand.w ra, sp, (a7)
core   0: 3 0x8000a7ae (0x6228a0af) x 1 0xd0000001 mem 0x8002307c mem 0x8002307c 0x00000001
core   0: 0x8000a7b2 (0x00006179) c.addi16sp sp, 464
core   0: 3 0x8000a7b2 (0x6179) x 2 0x000002c7
core   0: 0x8000a7b4 (0x4045a32f) amoor.w t1, tp, (a1)
core   0: 3 0x8000a7b4 (0x4045a32f) x 6 0x80022309 mem 0x80023080 mem 0x80023080 0xffff7bdb
core   0: 0x8000a7b8 (0x25b5a02f) amoxor.w zero, s11, (a1)
core   0: 3 0x8000a7b8 (0x25b5a02f) mem 0x80023080 mem 0x80023080 0xc5ff7bdb
core   0: 0x8000a7bc (0x0a25a12f) amoswap.w sp, sp, (a1)
core   0: 3 0x8000a7bc (0x0a25a12f) x 2 0xc5ff7bdb mem 0x80023080 mem 0x80023080 0x000002c7
core   0: 0x8000a7c0 (0x00008485) c.srai  s1, 1
core   0: 3 0x8000a7c0 (0x8485) x 9 0x00004000
core   0: 0x8000a7c2 (0x8135a9af) amomin.w s3, s3, (a1)
core   0: 3 0x8000a7c2 (0x8135a9af) x19 0x000002c7 mem 0x80023080 mem 0x80023080 0x8001258d
core   0: 0x8000a7c6 (0x01c36c33) or      s8, t1, t3
core   0: 3 0x8000a7c6 (0x01c36c33) x24 0xa36e37af
core   0: 0x8000a7ca (0x8165aeaf) amomin.w t4, s6, (a1)
core   0: 3 0x8000a7ca (0x8165aeaf) x29 0x8001258d mem 0x80023080 mem 0x80023080 0x8001258d
core   0: 0x8000a7ce (0x00008a97) auipc   s5, 0x8
core   0: 3 0x8000a7ce (0x00008a97) x21 0x800127ce
core   0: 0x8000a7d2 (0x731a8a93) addi    s5, s5, 1841
core   0: 3 0x8000a7d2 (0x731a8a93) x21 0x80012eff
core   0: 0x8000a7d6 (0xf1ba8ea3) sb      s11, -227(s5)
core   0: 3 0x8000a7d6 (0xf1ba8ea3) mem 0x80012e1c 0x0
core   0: 0x8000a7da (0x00008555) c.srai  a0, 21
core   0: 3 0x8000a7da (0x8555) x10 0xfffffc00
core   0: 0x8000a7dc (0x413ddc93) srai    s9, s11, 19
core   0: 3 0x8000a7dc (0x413ddc93) x25 0x00000740
core   0: 0x8000a7e0 (0x007c87b3) add     a5, s9, t2
core   0: 3 0x8000a7e0 (0x007c87b3) x15 0x00000740
core   0: 0x8000a7e4 (0xfdaa97a3) sh      s10, -49(s5)
core   0: 3 0x8000a7e4 (0xfdaa97a3) mem 0x80012ece 0xc000
core   0: 0x8000a7e8 (0xba954413) xori    s0, a0, -1111
core   0: 3 0x8000a7e8 (0xba954413) x 8 0x000007a9
core   0: 0x8000a7ec (0x00000001) c.nop
core   0: 3 0x8000a7ec (0x0001)
core   0: 0x8000a7ee (0x039231b3) mulhu   gp, tp, s9
core   0: 3 0x8000a7ee (0x039231b3) x 3 0x0000039f
core   0: 0x8000a7f2 (0x0000893d) c.andi  a0, 15
core   0: 3 0x8000a7f2 (0x893d) x10 0x00000000
core   0: 0x8000a7f4 (0x0ff0000f) fence   iorw,iorw
core   0: 3 0x8000a7f4 (0x0ff0000f)
core   0: 0x8000a7f8 (0x05bac203) lbu     tp, 91(s5)
core   0: 3 0x8000a7f8 (0x05bac203) x 4 0x000000cf mem 0x80012f5a
core   0: 0x8000a7fc (0xf73acd03) lbu     s10, -141(s5)
core   0: 3 0x8000a7fc (0xf73acd03) x26 0x000000d2 mem 0x80012e72
core   0: 0x8000a800 (0xfe0a8083) lb      ra, -32(s5)
core   0: 3 0x8000a800 (0xfe0a8083) x 1 0xffffffa2 mem 0x80012edf
core   0: 0x8000a804 (0x00000576) c.slli  a0, 29
core   0: 3 0x8000a804 (0x0576) x10 0x00000000
core   0: 0x8000a806 (0x033f94b3) mulh    s1, t6, s3
core   0: 3 0x8000a806 (0x033f94b3) x 9 0x00000000
core   0: 0x8000a80a (0x00000001) c.nop
core   0: 3 0x8000a80a (0x0001)
core   0: 0x8000a80c (0x417101b3) sub     gp, sp, s7
core   0: 3 0x8000a80c (0x417101b3) x 3 0xc5ff893a
core   0: 0x8000a810 (0x217bec13) ori     s8, s7, 535
core   0: 3 0x8000a810 (0x217bec13) x24 0xfffff2b7
core   0: 0x8000a814 (0x01d09b93) slli    s7, ra, 29
core   0: 3 0x8000a814 (0x01d09b93) x23 0x40000000
core   0: 0x8000a818 (0x03af4b33) div     s6, t5, s10
core   0: 3 0x8000a818 (0x03af4b33) x22 0xffffffff
core   0: 0x8000a81c (0x024069b3) rem     s3, zero, tp
core   0: 3 0x8000a81c (0x024069b3) x19 0x00000000
core   0: 0x8000a820 (0x0000079e) c.slli  a5, 7
core   0: 3 0x8000a820 (0x079e) x15 0x0003a000
core   0: 0x8000a822 (0x005b5a33) srl     s4, s6, t0
core   0: 3 0x8000a822 (0x005b5a33) x20 0x000001ff
core   0: 0x8000a826 (0xf73ad303) lhu     t1, -141(s5)
core   0: 3 0x8000a826 (0xf73ad303) x 6 0x0000c2d2 mem 0x80012e72
core   0: 0x8000a82a (0x0a9a9ea3) sh      s1, 189(s5)
core   0: 3 0x8000a82a (0x0a9a9ea3) mem 0x80012fbc 0x0000
core   0: 0x8000a82e (0x0b3ad283) lhu     t0, 179(s5)
core   0: 3 0x8000a82e (0x0b3ad283) x 5 0x0000a643 mem 0x80012fb2
core   0: 0x8000a832 (0x01bf4fb3) xor     t6, t5, s11
core   0: 3 0x8000a832 (0x01bf4fb3) x31 0xc5ffff1d
core   0: 0x8000a836 (0x00006cb1) c.lui   s9, 0xc
core   0: 3 0x8000a836 (0x6cb1) x25 0x0000c000
core   0: 0x8000a838 (0x00009a7d) c.andi  a2, -1
core   0: 3 0x8000a838 (0x9a7d) x12 0x00000000
core   0: 0x8000a83a (0x06fa8503) lb      a0, 111(s5)
core   0: 3 0x8000a83a (0x06fa8503) x10 0x00000017 mem 0x80012f6e
core   0: 0x8000a83e (0x025557b3) divu    a5, a0, t0
core   0: 3 0x8000a83e (0x025557b3) x15 0x00000000
core   0: 0x8000a842 (0x00001c08) c.addi4spn a0, sp, 560
core   0: 3 0x8000a842 (0x1c08) x10 0xc5ff7e0b
core   0: 0x8000a844 (0x00008c75) c.and   s0, a3
core   0: 3 0x8000a844 (0x8c75) x 8 0x00000520
core   0: 0x8000a846 (0xf20a8c23) sb      zero, -200(s5)
core   0: 3 0x8000a846 (0xf20a8c23) mem 0x80012e37 0x0
core   0: 0x8000a84a (0xf1dacd83) lbu     s11, -227(s5)
core   0: 3 0x8000a84a (0xf1dacd83) x27 0x00000000 mem 0x80012e1c
core   0: 0x8000a84e (0xf47ad783) lhu     a5, -185(s5)
core   0: 3 0x8000a84e (0xf47ad783) x15 0x00005ddd mem 0x80012e46
core   0: 0x8000a852 (0x00000001) c.nop
core   0: 3 0x8000a852 (0x0001)
core   0: 0x8000a854 (0x40bc5c13) srai    s8, s8, 11
core   0: 3 0x8000a854 (0x40bc5c13) x24 0xfffffffe
core   0: 0x8000a858 (0x03daa2b3) mulhsu  t0, s5, t4
core   0: 3 0x8000a858 (0x03daa2b3) x 5 0xc00004ba
core   0: 0x8000a85c (0xf79acb03) lbu     s6, -135(s5)
core   0: 3 0x8000a85c (0xf79acb03) x22 0x000000d8 mem 0x80012e78
core   0: 0x8000a860 (0x0dbadf03) lhu     t5, 219(s5)
core   0: 3 0x8000a860 (0x0dbadf03) x30 0x0000488f mem 0x80012fda
core   0: 0x8000a864 (0x00016b17) auipc   s6, 0x16
core   0: 3 0x8000a864 (0x00016b17) x22 0x80020864
core   0: 0x8000a868 (0x886b0b13) addi    s6, s6, -1914
core   0: 3 0x8000a868 (0x886b0b13) x22 0x800200ea
core   0: 0x8000a86c (0x00008417) auipc   s0, 0x8
core   0: 3 0x8000a86c (0x00008417) x 8 0x8001286c
core   0: 0x8000a870 (0x9a940413) addi    s0, s0, -1623
core   0: 3 0x8000a870 (0x9a940413) x 8 0x80012215
core   0: 0x8000a874 (0x02540083) lb      ra, 37(s0)
core   0: 3 0x8000a874 (0x02540083) x 1 0x0000000d mem 0x8001223a
core   0: 0x8000a878 (0xfe644d83) lbu     s11, -26(s0)
core   0: 3 0x8000a878 (0xfe644d83) x27 0x00000068 mem 0x800121fb
core   0: 0x8000a87c (0x016b1f23) sh      s6, 30(s6)
core   0: 3 0x8000a87c (0x016b1f23) mem 0x80020108 0x00ea
core   0: 0x8000a880 (0xfe2b09a3) sb      sp, -13(s6)
core   0: 3 0x8000a880 (0xfe2b09a3) mem 0x800200dd 0xdb
core   0: 0x8000a884 (0x01d40523) sb      t4, 10(s0)
core   0: 3 0x8000a884 (0x01d40523) mem 0x8001221f 0x8d
core   0: 0x8000a888 (0xfc6b08a3) sb      t1, -47(s6)
core   0: 3 0x8000a888 (0xfc6b08a3) mem 0x800200bb 0xd2
core   0: 0x8000a88c (0x00644f03) lbu     t5, 6(s0)
core   0: 3 0x8000a88c (0x00644f03) x30 0x000000a7 mem 0x8001221b
core   0: 0x8000a890 (0xfd840c23) sb      s8, -40(s0)
core   0: 3 0x8000a890 (0xfd840c23) mem 0x800121ed 0xfe
core   0: 0x8000a894 (0x001b4e03) lbu     t3, 1(s6)
core   0: 3 0x8000a894 (0x001b4e03) x28 0x0000001f mem 0x800200eb
core   0: 0x8000a898 (0xfd9b0483) lb      s1, -39(s6)
core   0: 3 0x8000a898 (0xfd9b0483) x 9 0x00000053 mem 0x800200c3
core   0: 0x8000a89c (0xfe0b4003) lbu     zero, -32(s6)
core   0: 3 0x8000a89c (0xfe0b4003) mem 0x800200ca
core   0: 0x8000a8a0 (0x03240c23) sb      s2, 56(s0)
core   0: 3 0x8000a8a0 (0x03240c23) mem 0x8001224d 0x1
core   0: 0x8000a8a4 (0x00ab2003) lw      zero, 10(s6)
core   0: 3 0x8000a8a4 (0x00ab2003) mem 0x800200f4
core   0: 0x8000a8a8 (0xffbb4703) lbu     a4, -5(s6)
core   0: 3 0x8000a8a8 (0xffbb4703) x14 0x00000089 mem 0x800200e5
core   0: 0x8000a8ac (0x00040423) sb      zero, 8(s0)
core   0: 3 0x8000a8ac (0x00040423) mem 0x8001221d 0x0
core   0: 0x8000a8b0 (0xfffb4283) lbu     t0, -1(s6)
core   0: 3 0x8000a8b0 (0xfffb4283) x 5 0x000000b5 mem 0x800200e9
core   0: 0x8000a8b4 (0xfccb4783) lbu     a5, -52(s6)
core   0: 3 0x8000a8b4 (0xfccb4783) x15 0x000000ca mem 0x800200b6
core   0: 0x8000a8b8 (0x01944f83) lbu     t6, 25(s0)
core   0: 3 0x8000a8b8 (0x01944f83) x31 0x0000006b mem 0x8001222e
core   0: 0x8000a8bc (0x01940ea3) sb      s9, 29(s0)
core   0: 3 0x8000a8bc (0x01940ea3) mem 0x80012232 0x0
core   0: 0x8000a8c0 (0x01840283) lb      t0, 24(s0)
core   0: 3 0x8000a8c0 (0x01840283) x 5 0x00000021 mem 0x8001222d
core   0: 0x8000a8c4 (0x0000a317) auipc   t1, 0xa
core   0: 3 0x8000a8c4 (0x0000a317) x 6 0x800148c4
core   0: 0x8000a8c8 (0xde630313) addi    t1, t1, -538
core   0: 3 0x8000a8c8 (0xde630313) x 6 0x800146aa
core   0: 0x8000a8cc (0x03949433) mulh    s0, s1, s9
core   0: 3 0x8000a8cc (0x03949433) x 8 0x00000000
core   0: 0x8000a8d0 (0x008604b3) add     s1, a2, s0
core   0: 3 0x8000a8d0 (0x008604b3) x 9 0x00000000
core   0: 0x8000a8d4 (0x000084d5) c.srai  s1, 21
core   0: 3 0x8000a8d4 (0x84d5) x 9 0x00000000
core   0: 0x8000a8d6 (0xfff30603) lb      a2, -1(t1)
core   0: 3 0x8000a8d6 (0xfff30603) x12 0xffffffe2 mem 0x800146a9
core   0: 0x8000a8da (0x01031603) lh      a2, 16(t1)
core   0: 3 0x8000a8da (0x01031603) x12 0x000079c2 mem 0x800146ba
core   0: 0x8000a8de (0xfff30503) lb      a0, -1(t1)
core   0: 3 0x8000a8de (0xfff30503) x10 0xffffffe2 mem 0x800146a9
core   0: 0x8000a8e2 (0x00831483) lh      s1, 8(t1)
core   0: 3 0x8000a8e2 (0x00831483) x 9 0x000057c3 mem 0x800146b2
core   0: 0x8000a8e6 (0xff834603) lbu     a2, -8(t1)
core   0: 3 0x8000a8e6 (0xff834603) x12 0x000000aa mem 0x800146a2
core   0: 0x8000a8ea (0x00730603) lb      a2, 7(t1)
core   0: 3 0x8000a8ea (0x00730603) x12 0x0000003a mem 0x800146b1
core   0: 0x8000a8ee (0xff431903) lh      s2, -12(t1)
core   0: 3 0x8000a8ee (0xff431903) x18 0x000061c2 mem 0x8001469e
core   0: 0x8000a8f2 (0x00a306a3) sb      a0, 13(t1)
core   0: 3 0x8000a8f2 (0x00a306a3) mem 0x800146b7 0xe2
core   0: 0x8000a8f6 (0xff930ba3) sb      s9, -9(t1)
core   0: 3 0x8000a8f6 (0xff930ba3) mem 0x800146a1 0x0
core   0: 0x8000a8fa (0x00330c83) lb      s9, 3(t1)
core   0: 3 0x8000a8fa (0x00330c83) x25 0xffffffca mem 0x800146ad
core   0: 0x8000a8fe (0x00232c83) lw      s9, 2(t1)
core   0: 3 0x8000a8fe (0x00232c83) x25 0x88dfca8f mem 0x800146ac
core   0: 0x8000a902 (0xff434c83) lbu     s9, -12(t1)
core   0: 3 0x8000a902 (0xff434c83) x25 0x000000c2 mem 0x8001469e
core   0: 0x8000a906 (0x00000001) c.nop
core   0: 3 0x8000a906 (0x0001)
core   0: 0x8000a908 (0xffa34903) lbu     s2, -6(t1)
core   0: 3 0x8000a908 (0xffa34903) x18 0x00000092 mem 0x800146a4
core   0: 0x8000a90c (0xff334603) lbu     a2, -13(t1)
core   0: 3 0x8000a90c (0xff334603) x12 0x000000d1 mem 0x8001469d
core   0: 0x8000a910 (0x00430603) lb      a2, 4(t1)
core   0: 3 0x8000a910 (0x00430603) x12 0xffffffdf mem 0x800146ae
core   0: 0x8000a914 (0xff830c83) lb      s9, -8(t1)
core   0: 3 0x8000a914 (0xff830c83) x25 0xffffffaa mem 0x800146a2
core   0: 0x8000a918 (0x0000100f) fence.i
core   0: 3 0x8000a918 (0x0000100f)
core   0: 0x8000a91c (0x01230223) sb      s2, 4(t1)
core   0: 3 0x8000a91c (0x01230223) mem 0x800146ae 0x92
core   0: 0x8000a920 (0x00000001) c.nop
core   0: 3 0x8000a920 (0x0001)
core   0: 0x8000a922 (0x00c306a3) sb      a2, 13(t1)
core   0: 3 0x8000a922 (0x00c306a3) mem 0x800146b7 0xdf
core   0: 0x8000a926 (0x40acd433) sra     s0, s9, a0
core   0: 3 0x8000a926 (0x40acd433) x 8 0xffffffea
core   0: 0x8000a92a (0x00e32503) lw      a0, 14(t1)
core   0: 3 0x8000a92a (0x00e32503) x10 0x79c24faf mem 0x800146b8
core   0: 0x8000a92e (0xff130603) lb      a2, -15(t1)
core   0: 3 0x8000a92e (0xff130603) x12 0xffffffb6 mem 0x8001469b
core   0: 0x8000a932 (0x03243633) mulhu   a2, s0, s2
core   0: 3 0x8000a932 (0x03243633) x12 0x00000091
core   0: 0x8000a936 (0x01993933) sltu    s2, s2, s9
core   0: 3 0x8000a936 (0x01993933) x18 0x00000001
core   0: 0x8000a93a (0x012303a3) sb      s2, 7(t1)
core   0: 3 0x8000a93a (0x012303a3) mem 0x800146b1 0x1
core   0: 0x8000a93e (0x00930323) sb      s1, 6(t1)
core   0: 3 0x8000a93e (0x00930323) mem 0x800146b0 0xc3
core   0: 0x8000a942 (0x00e32403) lw      s0, 14(t1)
core   0: 3 0x8000a942 (0x00e32403) x 8 0x79c24faf mem 0x800146b8
core   0: 0x8000a946 (0x009302a3) sb      s1, 5(t1)
core   0: 3 0x8000a946 (0x009302a3) mem 0x800146af 0xc3
core   0: 0x8000a94a (0x01296433) or      s0, s2, s2
core   0: 3 0x8000a94a (0x01296433) x 8 0x00000001
core   0: 0x8000a94e (0xfea31923) sh      a0, -14(t1)
core   0: 3 0x8000a94e (0xfea31923) mem 0x8001469c 0x4faf
core   0: 0x8000a952 (0xfea30c23) sb      a0, -8(t1)
core   0: 3 0x8000a952 (0xfea30c23) mem 0x800146a2 0xaf
core   0: 0x8000a956 (0x00930503) lb      a0, 9(t1)
core   0: 3 0x8000a956 (0x00930503) x10 0x00000057 mem 0x800146b3
core   0: 0x8000a95a (0x00a30623) sb      a0, 12(t1)
core   0: 3 0x8000a95a (0x00a30623) mem 0x800146b6 0x57
core   0: 0x8000a95e (0x00130603) lb      a2, 1(t1)
core   0: 3 0x8000a95e (0x00130603) x12 0x00000045 mem 0x800146ab
core   0: 0x8000a962 (0x00012717) auipc   a4, 0x12
core   0: 3 0x8000a962 (0x00012717) x14 0x8001c962
core   0: 0x8000a966 (0x05470713) addi    a4, a4, 84
core   0: 3 0x8000a966 (0x05470713) x14 0x8001c9b6
core   0: 0x8000a96a (0x00017897) auipc   a7, 0x17
core   0: 3 0x8000a96a (0x00017897) x17 0x8002196a
core   0: 0x8000a96e (0x53f88893) addi    a7, a7, 1343
core   0: 3 0x8000a96e (0x53f88893) x17 0x80021ea9
core   0: 0x8000a972 (0xfe374d83) lbu     s11, -29(a4)
core   0: 3 0x8000a972 (0xfe374d83) x27 0x000000a2 mem 0x8001c999
core   0: 0x8000a976 (0x00011d17) auipc   s10, 0x11
core   0: 3 0x8000a976 (0x00011d17) x26 0x8001b976
core   0: 0x8000a97a (0x105d0d13) addi    s10, s10, 261
core   0: 3 0x8000a97a (0x105d0d13) x26 0x8001ba7b
core   0: 0x8000a97e (0xe9cd0f83) lb      t6, -356(s10)
core   0: 3 0x8000a97e (0xe9cd0f83) x31 0xffffffaa mem 0x8001b917
core   0: 0x8000a982 (0x00017f17) auipc   t5, 0x17
core   0: 3 0x8000a982 (0x00017f17) x30 0x80021982
core   0: 0x8000a986 (0x5a2f0f13) addi    t5, t5, 1442
core   0: 3 0x8000a986 (0x5a2f0f13) x30 0x80021f24
core   0: 0x8000a98a (0x95fd1183) lh      gp, -1697(s10)
core   0: 3 0x8000a98a (0x95fd1183) x 3 0xffff8a0e mem 0x8001b3da
core   0: 0x8000a98e (0xf9af0723) sb      s10, -114(t5)
core   0: 3 0x8000a98e (0xf9af0723) mem 0x80021eb2 0x7b
core   0: 0x8000a992 (0x02d74203) lbu     tp, 45(a4)
core   0: 3 0x8000a992 (0x02d74203) x 4 0x0000006b mem 0x8001c9e3
core   0: 0x8000a996 (0xe7b88783) lb      a5, -389(a7)
core   0: 3 0x8000a996 (0xe7b88783) x15 0xffffff93 mem 0x80021d24
core   0: 0x8000a99a (0x5c2894a3) sh      sp, 1481(a7)
core   0: 3 0x8000a99a (0x5c2894a3) mem 0x80022472 0x7bdb
core   0: 0x8000a99e (0xf9df4e83) lbu     t4, -99(t5)
core   0: 3 0x8000a99e (0xf9df4e83) x29 0x00000019 mem 0x80021ec1
core   0: 0x8000a9a2 (0x00ff4b83) lbu     s7, 15(t5)
core   0: 3 0x8000a9a2 (0x00ff4b83) x23 0x000000f7 mem 0x80021f33
core   0: 0x8000a9a6 (0xe5a88ba3) sb      s10, -425(a7)
core   0: 3 0x8000a9a6 (0xe5a88ba3) mem 0x80021d00 0x7b
core   0: 0x8000a9aa (0x0d570983) lb      s3, 213(a4)
core   0: 3 0x8000a9aa (0x0d570983) x19 0x0000004b mem 0x8001ca8b
core   0: 0x8000a9ae (0xf80f1b03) lh      s6, -128(t5)
core   0: 3 0x8000a9ae (0xf80f1b03) x22 0xffffbcc6 mem 0x80021ea4
core   0: 0x8000a9b2 (0xf7271f23) sh      s2, -130(a4)
core   0: 3 0x8000a9b2 (0xf7271f23) mem 0x8001c934 0x0001
core   0: 0x8000a9b6 (0xfd970323) sb      s9, -58(a4)
core   0: 3 0x8000a9b6 (0xfd970323) mem 0x8001c97c 0xaa
core   0: 0x8000a9ba (0x1cd8d203) lhu     tp, 461(a7)
core   0: 3 0x8000a9ba (0x1cd8d203) x 4 0x000085f1 mem 0x80022076
core   0: 0x8000a9be (0x67cd0c23) sb      t3, 1656(s10)
core   0: 3 0x8000a9be (0x67cd0c23) mem 0x8001c0f3 0x1f
core   0: 0x8000a9c2 (0xfe8f5103) lhu     sp, -24(t5)
core   0: 3 0x8000a9c2 (0xfe8f5103) x 2 0x00009898 mem 0x80021f0c
core   0: 0x8000a9c6 (0x3d970983) lb      s3, 985(a4)
core   0: 3 0x8000a9c6 (0x3d970983) x19 0x00000030 mem 0x8001cd8f
core   0: 0x8000a9ca (0xee2d0da3) sb      sp, -261(s10)
core   0: 3 0x8000a9ca (0xee2d0da3) mem 0x8001b976 0x98
core   0: 0x8000a9ce (0x4f68c503) lbu     a0, 1270(a7)
core   0: 3 0x8000a9ce (0x4f68c503) x10 0x00000067 mem 0x8002239f
core   0: 0x8000a9d2 (0xf92f4503) lbu     a0, -110(t5)
core   0: 3 0x8000a9d2 (0xf92f4503) x10 0x00000019 mem 0x80021eb6
core   0: 0x8000a9d6 (0x3d8d4b83) lbu     s7, 984(s10)
core   0: 3 0x8000a9d6 (0x3d8d4b83) x23 0x0000007f mem 0x8001be53
core   0: 0x8000a9da (0xfdbf1623) sh      s11, -52(t5)
core   0: 3 0x8000a9da (0xfdbf1623) mem 0x80021ef0 0x00a2
core   0: 0x8000a9de (0xce671e03) lh      t3, -794(a4)
core   0: 3 0x8000a9de (0xce671e03) x28 0x000018f5 mem 0x8001c69c
core   0: 0x8000a9e2 (0xcc970a83) lb      s5, -823(a4)
core   0: 3 0x8000a9e2 (0xcc970a83) x21 0x00000063 mem 0x8001c67f
core   0: 0x8000a9e6 (0xd45d4583) lbu     a1, -699(s10)
core   0: 3 0x8000a9e6 (0xd45d4583) x11 0x00000073 mem 0x8001b7c0
core   0: 0x8000a9ea (0x372894a3) sh      s2, 873(a7)
core   0: 3 0x8000a9ea (0x372894a3) mem 0x80022212 0x0001
core   0: 0x8000a9ee (0x00018c17) auipc   s8, 0x18
core   0: 3 0x8000a9ee (0x00018c17) x24 0x800229ee
core   0: 0x8000a9f2 (0x666c0c13) addi    s8, s8, 1638
core   0: 3 0x8000a9f2 (0x666c0c13) x24 0x80023054
core   0: 0x8000a9f6 (0x00018e97) auipc   t4, 0x18
core   0: 3 0x8000a9f6 (0x00018e97) x29 0x800229f6
core   0: 0x8000a9fa (0x67ae8e93) addi    t4, t4, 1658
core   0: 3 0x8000a9fa (0x67ae8e93) x29 0x80023070
core   0: 0x8000a9fe (0x452c21af) amoor.w gp, s2, (s8)
core   0: 3 0x8000a9fe (0x452c21af) x 3 0x2b1b36e7 mem 0x80023054 mem 0x80023054 0x2b1b36e7
core   0: 0x8000aa02 (0x031c29af) amoadd.w s3, a7, (s8)
core   0: 3 0x8000aa02 (0x031c29af) x19 0x2b1b36e7 mem 0x80023054 mem 0x80023054 0xab1d5590
core   0: 0x8000aa06 (0x652c22af) amoand.w t0, s2, (s8)
core   0: 3 0x8000aa06 (0x652c22af) x 5 0xab1d5590 mem 0x80023054 mem 0x80023054 0x00000000
core   0: 0x8000aa0a (0x43cc25af) amoor.w a1, t3, (s8)
core   0: 3 0x8000aa0a (0x43cc25af) x11 0x00000000 mem 0x80023054 mem 0x80023054 0x000018f5
core   0: 0x8000aa0e (0x056eadaf) amoadd.w s11, s6, (t4)
core   0: 3 0x8000aa0e (0x056eadaf) x27 0x7ffedb75 mem 0x80023070 mem 0x80023070 0x7ffe983b
core   0: 0x8000aa12 (0x0b4c252f) amoswap.w a0, s4, (s8)
core   0: 3 0x8000aa12 (0x0b4c252f) x10 0x000018f5 mem 0x80023054 mem 0x80023054 0x000001ff
core   0: 0x8000aa16 (0x0000c997) auipc   s3, 0xc
core   0: 3 0x8000aa16 (0x0000c997) x19 0x80016a16
core   0: 0x8000aa1a (0x2a698993) addi    s3, s3, 678
core   0: 3 0x8000aa1a (0x2a698993) x19 0x80016cbc
core   0: 0x8000aa1e (0xf9e98503) lb      a0, -98(s3)
core   0: 3 0x8000aa1e (0xf9e98503) x10 0xffffffc2 mem 0x80016c5a
core   0: 0x8000aa22 (0x024af7b3) remu    a5, s5, tp
core   0: 3 0x8000aa22 (0x024af7b3) x15 0x00000063
core   0: 0x8000aa26 (0x9b0d6097) auipc   ra, 0x9b0d6
core   0: 3 0x8000aa26 (0x9b0d6097) x 1 0x1b0e0a26
core   0: 0x8000aa2a (0xaaa08897) auipc   a7, 0xaaa08
core   0: 3 0x8000aa2a (0xaaa08897) x17 0x2aa12a2a
core   0: 0x8000aa2e (0x00008f75) c.and   a4, a3
core   0: 3 0x8000aa2e (0x8f75) x14 0x80008924
core   0: 0x8000aa30 (0xf3e9c003) lbu     zero, -194(s3)
core   0: 3 0x8000aa30 (0xf3e9c003) mem 0x80016bfa
core   0: 0x8000aa34 (0x0396cbb3) div     s7, a3, s9
core   0: 3 0x8000aa34 (0x0396cbb3) x23 0x017cfdcc
core   0: 0x8000aa38 (0x00008d21) c.xor   a0, s0
core   0: 3 0x8000aa38 (0x8d21) x10 0xffffffc3
core   0: 0x8000aa3a (0xf6e984a3) sb      a4, -151(s3)
core   0: 3 0x8000aa3a (0xf6e984a3) mem 0x80016c25 0x24
core   0: 0x8000aa3e (0x00008669) c.srai  a2, 26
core   0: 3 0x8000aa3e (0x8669) x12 0x00000000
core   0: 0x8000aa40 (0x02f98e03) lb      t3, 47(s3)
core   0: 3 0x8000aa40 (0x02f98e03) x28 0xffffffa1 mem 0x80016ceb
core   0: 0x8000aa44 (0x01d35ab3) srl     s5, t1, t4
core   0: 3 0x8000aa44 (0x01d35ab3) x21 0x00008001
core   0: 0x8000aa48 (0xf85e0113) addi    sp, t3, -123
core   0: 3 0x8000aa48 (0xf85e0113) x 2 0xffffff26
core   0: 0x8000aa4c (0xea097593) andi    a1, s2, -352
core   0: 3 0x8000aa4c (0xea097593) x11 0x00000000
core   0: 0x8000aa50 (0xffd98903) lb      s2, -3(s3)
core   0: 3 0x8000aa50 (0xffd98903) x18 0xffffffd2 mem 0x80016cb9
core   0: 0x8000aa54 (0xfd59c703) lbu     a4, -43(s3)
core   0: 3 0x8000aa54 (0xfd59c703) x14 0x00000004 mem 0x80016c91
core   0: 0x8000aa58 (0x0c89c703) lbu     a4, 200(s3)
core   0: 3 0x8000aa58 (0x0c89c703) x14 0x00000009 mem 0x80016d84
core   0: 0x8000aa5c (0x00ba77b3) and     a5, s4, a1
core   0: 3 0x8000aa5c (0x00ba77b3) x15 0x00000000
core   0: 0x8000aa60 (0x0000100f) fence.i
core   0: 3 0x8000aa60 (0x0000100f)
core   0: 0x8000aa64 (0x0ff0000f) fence   iorw,iorw
core   0: 3 0x8000aa64 (0x0ff0000f)
core   0: 0x8000aa68 (0x00008fd1) c.or    a5, a2
core   0: 3 0x8000aa68 (0x8fd1) x15 0x00000000
core   0: 0x8000aa6a (0x0a298123) sb      sp, 162(s3)
core   0: 3 0x8000aa6a (0x0a298123) mem 0x80016d5e 0x26
core   0: 0x8000aa6e (0xf6d98303) lb      t1, -147(s3)
core   0: 3 0x8000aa6e (0xf6d98303) x 6 0x00000020 mem 0x80016c29
core   0: 0x8000aa72 (0x2d3fa293) slti    t0, t6, 723
core   0: 3 0x8000aa72 (0x2d3fa293) x 5 0x00000001
core   0: 0x8000aa76 (0x0063ac33) slt     s8, t2, t1
core   0: 3 0x8000aa76 (0x0063ac33) x24 0x00000001
core   0: 0x8000aa7a (0xfdb99e23) sh      s11, -36(s3)
core   0: 3 0x8000aa7a (0xfdb99e23) mem 0x80016c98 0xdb75
core   0: 0x8000aa7e (0x00cf3f33) sltu    t5, t5, a2
core   0: 3 0x8000aa7e (0x00cf3f33) x30 0x00000000
core   0: 0x8000aa82 (0xf2598303) lb      t1, -219(s3)
core   0: 3 0x8000aa82 (0xf2598303) x 6 0x0000006c mem 0x80016be1
core   0: 0x8000aa86 (0x00008ddd) c.or    a1, a5
core   0: 3 0x8000aa86 (0x8ddd) x11 0x00000000
core   0: 0x8000aa88 (0xfdf98503) lb      a0, -33(s3)
core   0: 3 0x8000aa88 (0xfdf98503) x10 0x0000001d mem 0x80016c9b
core   0: 0x8000aa8c (0xf7d9c303) lbu     t1, -131(s3)
core   0: 3 0x8000aa8c (0xf7d9c303) x 6 0x00000014 mem 0x80016c39
core   0: 0x8000aa90 (0x0149cd03) lbu     s10, 20(s3)
core   0: 3 0x8000aa90 (0x0149cd03) x26 0x00000019 mem 0x80016cd0
core   0: 0x8000aa94 (0x01a93c33) sltu    s8, s2, s10
core   0: 3 0x8000aa94 (0x01a93c33) x24 0x00000000
core   0: 0x8000aa98 (0x03e9cd03) lbu     s10, 62(s3)
core   0: 3 0x8000aa98 (0x03e9cd03) x26 0x00000056 mem 0x80016cfa
core   0: 0x8000aa9c (0x00581c93) slli    s9, a6, 5
core   0: 3 0x8000aa9c (0x00581c93) x25 0x004fcf80
core   0: 0x8000aaa0 (0xfa198aa3) sb      ra, -75(s3)
core   0: 3 0x8000aaa0 (0xfa198aa3) mem 0x80016c71 0x26
core   0: 0x8000aaa4 (0xf3f9cb83) lbu     s7, -193(s3)
core   0: 3 0x8000aaa4 (0xf3f9cb83) x23 0x000000cd mem 0x80016bfb
core   0: 0x8000aaa8 (0xfd098623) sb      a6, -52(s3)
core   0: 3 0x8000aaa8 (0xfd098623) mem 0x80016c88 0x7c
core   0: 0x8000aaac (0xf439cf03) lbu     t5, -189(s3)
core   0: 3 0x8000aaac (0xf439cf03) x30 0x0000006b mem 0x80016bff
core   0: 0x8000aab0 (0xfa799823) sh      t2, -80(s3)
core   0: 3 0x8000aab0 (0xfa799823) mem 0x80016c6c 0x0000
core   0: 0x8000aab4 (0x03613d33) mulhu   s10, sp, s6
core   0: 3 0x8000aab4 (0x03613d33) x26 0xffffbbec
core   0: 0x8000aab8 (0xf2e9c083) lbu     ra, -210(s3)
core   0: 3 0x8000aab8 (0xf2e9c083) x 1 0x00000015 mem 0x80016bea
core   0: 0x8000aabc (0x000087fe) c.mv    a5, t6
core   0: 3 0x8000aabc (0x87fe) x15 0xffffffaa
core   0: 0x8000aabe (0x0f99cd83) lbu     s11, 249(s3)
core   0: 3 0x8000aabe (0x0f99cd83) x27 0x00000094 mem 0x80016db5
core   0: 0x8000aac2 (0x00018e17) auipc   t3, 0x18
core   0: 3 0x8000aac2 (0x00018e17) x28 0x80022ac2
core   0: 0x8000aac6 (0x5aee0e13) addi    t3, t3, 1454
core   0: 3 0x8000aac6 (0x5aee0e13) x28 0x80023070
core   0: 0x8000aaca (0x00008d09) c.sub   a0, a0
core   0: 3 0x8000aaca (0x8d09) x10 0x00000000
core   0: 0x8000aacc (0x00008f75) c.and   a4, a3
core   0: 3 0x8000aacc (0x8f75) x14 0x00000000
core   0: 0x8000aace (0x00008fee) c.mv    t6, s11
core   0: 3 0x8000aace (0x8fee) x31 0x00000094
core   0: 0x8000aad0 (0x0213c7b3) div     a5, t2, ra
core   0: 3 0x8000aad0 (0x0213c7b3) x15 0x00000000
core   0: 0x8000aad4 (0x01ecd913) srli    s2, s9, 30
core   0: 3 0x8000aad4 (0x01ecd913) x18 0x00000000
core   0: 0x8000aad8 (0x100e21af) lr.w    gp, (t3)
core   0: 3 0x8000aad8 (0x100e21af) x 3 0x7ffe983b mem 0x80023070
core   0: 0x8000aadc (0x183e2f2f) sc.w    t5, gp, (t3)
core   0: 3 0x8000aadc (0x183e2f2f) x30 0x00000000 mem 0x80023070 0x7ffe983b
core   0: 0x8000aae0 (0x00a000ef) jal     pc + 0xa
core   0: 3 0x8000aae0 (0x00a000ef) x 1 0x8000aae4
core   0: 0x8000aaea (0x0000a811) c.j     pc + 20
core   0: 3 0x8000aaea (0xa811)
core   0: 0x8000aafe (0x00003fed) c.jal   pc - 6
core   0: 3 0x8000aafe (0x3fed) x 1 0x8000ab00
core   0: 0x8000aaf8 (0xffbff0ef) jal     pc - 0x6
core   0: 3 0x8000aaf8 (0xffbff0ef) x 1 0x8000aafc
core   0: 0x8000aaf2 (0x00002009) c.jal   pc + 2
core   0: 3 0x8000aaf2 (0x2009) x 1 0x8000aaf4
core   0: 0x8000aaf4 (0xffbff0ef) jal     pc - 0x6
core   0: 3 0x8000aaf4 (0xffbff0ef) x 1 0x8000aaf8
core   0: 0x8000aaee (0x00003fed) c.jal   pc - 6
core   0: 3 0x8000aaee (0x3fed) x 1 0x8000aaf0
core   0: 0x8000aae8 (0x00002021) c.jal   pc + 8
core   0: 3 0x8000aae8 (0x2021) x 1 0x8000aaea
core   0: 0x8000aaf0 (0x00003ff5) c.jal   pc - 4
core   0: 3 0x8000aaf0 (0x3ff5) x 1 0x8000aaf2
core   0: 0x8000aaec (0x0000bfe5) c.j     pc - 8
core   0: 3 0x8000aaec (0xbfe5)
core   0: 0x8000aae4 (0x018000ef) jal     pc + 0x18
core   0: 3 0x8000aae4 (0x018000ef) x 1 0x8000aae8
core   0: 0x8000aafc (0x0000a011) c.j     pc + 4
core   0: 3 0x8000aafc (0xa011)
core   0: 0x8000ab00 (0x01927033) and     zero, tp, s9
core   0: 3 0x8000ab00 (0x01927033)
core   0: 0x8000ab04 (0x00018117) auipc   sp, 0x18
core   0: 3 0x8000ab04 (0x00018117) x 2 0x80022b04
core   0: 0x8000ab08 (0x55010113) addi    sp, sp, 1360
core   0: 3 0x8000ab08 (0x55010113) x 2 0x80023054
core   0: 0x8000ab0c (0x00018197) auipc   gp, 0x18
core   0: 3 0x8000ab0c (0x00018197) x 3 0x80022b0c
core   0: 0x8000ab10 (0x57418193) addi    gp, gp, 1396
core   0: 3 0x8000ab10 (0x57418193) x 3 0x80023080
core   0: 0x8000ab14 (0x000050fd) c.li    ra, -1
core   0: 3 0x8000ab14 (0x50fd) x 1 0xffffffff
core   0: 0x8000ab16 (0x40012a2f) amoor.w s4, zero, (sp)
core   0: 3 0x8000ab16 (0x40012a2f) x20 0x000001ff mem 0x80023054 mem 0x80023054 0x000001ff
core   0: 0x8000ab1a (0xc4a1ad2f) amominu.w s10, a0, (gp)
core   0: 3 0x8000ab1a (0xc4a1ad2f) x26 0x8001258d mem 0x80023080 mem 0x80023080 0x00000000
core   0: 0x8000ab1e (0x4361a72f) amoor.w a4, s6, (gp)
core   0: 3 0x8000ab1e (0x4361a72f) x14 0x00000000 mem 0x80023080 mem 0x80023080 0xffffbcc6
core   0: 0x8000ab22 (0x00008bae) c.mv    s7, a1
core   0: 3 0x8000ab22 (0x8bae) x23 0x00000000
core   0: 0x8000ab24 (0x02774ab3) div     s5, a4, t2
core   0: 3 0x8000ab24 (0x02774ab3) x21 0xffffffff
core   0: 0x8000ab28 (0x61612e2f) amoand.w t3, s6, (sp)
core   0: 3 0x8000ab28 (0x61612e2f) x28 0x000001ff mem 0x80023054 mem 0x80023054 0x000000c6
core   0: 0x8000ab2c (0x8511242f) amomin.w s0, a7, (sp)
core   0: 3 0x8000ab2c (0x8511242f) x 8 0x000000c6 mem 0x80023054 mem 0x80023054 0x000000c6
core   0: 0x8000ab30 (0x039f1d33) mulh    s10, t5, s9
core   0: 3 0x8000ab30 (0x039f1d33) x26 0x00000000
core   0: 0x8000ab34 (0x82612f2f) amomin.w t5, t1, (sp)
core   0: 3 0x8000ab34 (0x82612f2f) x30 0x000000c6 mem 0x80023054 mem 0x80023054 0x00000014
core   0: 0x8000ab38 (0x02a5a9b3) mulhsu  s3, a1, a0
core   0: 3 0x8000ab38 (0x02a5a9b3) x19 0x00000000
core   0: 0x8000ab3c (0xc0e125af) amominu.w a1, a4, (sp)
core   0: 3 0x8000ab3c (0xc0e125af) x11 0x00000014 mem 0x80023054 mem 0x80023054 0x00000000
core   0: 0x8000ab40 (0x2161272f) amoxor.w a4, s6, (sp)
core   0: 3 0x8000ab40 (0x2161272f) x14 0x00000000 mem 0x80023054 mem 0x80023054 0xffffbcc6
core   0: 0x8000ab44 (0xc3b1a42f) amominu.w s0, s11, (gp)
core   0: 3 0x8000ab44 (0xc3b1a42f) x 8 0xffffbcc6 mem 0x80023080 mem 0x80023080 0x00000094
core   0: 0x8000ab48 (0xc5712a2f) amominu.w s4, s7, (sp)
core   0: 3 0x8000ab48 (0xc5712a2f) x20 0xffffbcc6 mem 0x80023054 mem 0x80023054 0x00000000
core   0: 0x8000ab4c (0x00007b97) auipc   s7, 0x7
core   0: 3 0x8000ab4c (0x00007b97) x23 0x80011b4c
core   0: 0x8000ab50 (0x7e9b8b93) addi    s7, s7, 2025
core   0: 3 0x8000ab50 (0x7e9b8b93) x23 0x80012335
core   0: 0x8000ab54 (0x00007c17) auipc   s8, 0x7
core   0: 3 0x8000ab54 (0x00007c17) x24 0x80011b54
core   0: 0x8000ab58 (0x69cc0c13) addi    s8, s8, 1692
core   0: 3 0x8000ab58 (0x69cc0c13) x24 0x800121f0
core   0: 0x8000ab5c (0xfddb8ca3) sb      t4, -39(s7)
core   0: 3 0x8000ab5c (0xfddb8ca3) mem 0x8001230e 0x70
core   0: 0x8000ab60 (0x025c4183) lbu     gp, 37(s8)
core   0: 3 0x8000ab60 (0x025c4183) x 3 0x0000008a mem 0x80012215
core   0: 0x8000ab64 (0xffbb8e03) lb      t3, -5(s7)
core   0: 3 0x8000ab64 (0xffbb8e03) x28 0xfffffffb mem 0x80012330
core   0: 0x8000ab68 (0xfe4c4a83) lbu     s5, -28(s8)
core   0: 3 0x8000ab68 (0xfe4c4a83) x21 0x0000001b mem 0x800121d4
core   0: 0x8000ab6c (0xfc3b8403) lb      s0, -61(s7)
core   0: 3 0x8000ab6c (0xfc3b8403) x 8 0x00000042 mem 0x800122f8
core   0: 0x8000ab70 (0x007c01a3) sb      t2, 3(s8)
core   0: 3 0x8000ab70 (0x007c01a3) mem 0x800121f3 0x0
core   0: 0x8000ab74 (0xf41c0a83) lb      s5, -191(s8)
core   0: 3 0x8000ab74 (0xf41c0a83) x21 0x0000005c mem 0x80012131
core   0: 0x8000ab78 (0x010bc983) lbu     s3, 16(s7)
core   0: 3 0x8000ab78 (0x010bc983) x19 0x00000055 mem 0x80012345
core   0: 0x8000ab7c (0x00cb85a3) sb      a2, 11(s7)
core   0: 3 0x8000ab7c (0x00cb85a3) mem 0x80012340 0x0
core   0: 0x8000ab80 (0xfdec1183) lh      gp, -34(s8)
core   0: 3 0x8000ab80 (0xfdec1183) x 3 0x0000771c mem 0x800121ce
core   0: 0x8000ab84 (0xfefb97a3) sh      a5, -17(s7)
core   0: 3 0x8000ab84 (0xfefb97a3) mem 0x80012324 0x0000
core   0: 0x8000ab88 (0xfe4c1623) sh      tp, -20(s8)
core   0: 3 0x8000ab88 (0xfe4c1623) mem 0x800121dc 0x85f1
core   0: 0x8000ab8c (0x0b2c5303) lhu     t1, 178(s8)
core   0: 3 0x8000ab8c (0x0b2c5303) x 6 0x00005558 mem 0x800122a2
core   0: 0x8000ab90 (0xfddb82a3) sb      t4, -59(s7)
core   0: 3 0x8000ab90 (0xfddb82a3) mem 0x800122fa 0x70
core   0: 0x8000ab94 (0xf47c4703) lbu     a4, -185(s8)
core   0: 3 0x8000ab94 (0xf47c4703) x14 0x000000b6 mem 0x80012137
core   0: 0x8000ab98 (0xfe4bc283) lbu     t0, -28(s7)
core   0: 3 0x8000ab98 (0xfe4bc283) x 5 0x0000002e mem 0x80012319
core   0: 0x8000ab9c (0x02bb8103) lb      sp, 43(s7)
core   0: 3 0x8000ab9c (0x02bb8103) x 2 0x00000061 mem 0x80012360
core   0: 0x8000aba0 (0xfaec0003) lb      zero, -82(s8)
core   0: 3 0x8000aba0 (0xfaec0003) mem 0x8001219e
core   0: 0x8000aba4 (0x00018217) auipc   tp, 0x18
core   0: 3 0x8000aba4 (0x00018217) x 4 0x80022ba4
core   0: 0x8000aba8 (0x4a820213) addi    tp, tp, 1192
core   0: 3 0x8000aba8 (0x4a820213) x 4 0x8002304c
core   0: 0x8000abac (0x412cda93) srai    s5, s9, 18
core   0: 3 0x8000abac (0x412cda93) x21 0x00000013
core   0: 0x8000abb0 (0x009b2633) slt     a2, s6, s1
core   0: 3 0x8000abb0 (0x009b2633) x12 0x00000001
core   0: 0x8000abb4 (0x006c6f33) or      t5, s8, t1
core   0: 3 0x8000abb4 (0x006c6f33) x30 0x800175f8
core   0: 0x8000abb8 (0x0000013e) c.slli  sp, 15
core   0: 3 0x8000abb8 (0x013e) x 2 0x00308000
core   0: 0x8000abba (0x018ecbb3) xor     s7, t4, s8
core   0: 3 0x8000abba (0x018ecbb3) x23 0x00031180
core   0: 0x8000abbe (0x01c679b3) and     s3, a2, t3
core   0: 3 0x8000abbe (0x01c679b3) x19 0x00000001
core   0: 0x8000abc2 (0x014a5bb3) srl     s7, s4, s4
core   0: 3 0x8000abc2 (0x014a5bb3) x23 0x03fffef3
core   0: 0x8000abc6 (0x40530017) auipc   zero, 0x40530
core   0: 3 0x8000abc6 (0x40530017)
core   0: 0x8000abca (0x010f8cb3) add     s9, t6, a6
core   0: 3 0x8000abca (0x010f8cb3) x25 0x80027f10
core   0: 0x8000abce (0x1202242f) lr.w    s0, (tp)
core   0: 3 0x8000abce (0x1202242f) x 8 0x000072c6 mem 0x8002304c
core   0: 0x8000abd2 (0x0127b733) sltu    a4, a5, s2
core   0: 3 0x8000abd2 (0x0127b733) x14 0x00000000
core   0: 0x8000abd6 (0x1c922e2f) sc.w    t3, s1, (tp)
core   0: 3 0x8000abd6 (0x1c922e2f) x28 0x00000000 mem 0x8002304c 0x000057c3
core   0: 0x8000abda (0x024000ef) jal     pc + 0x24
core   0: 3 0x8000abda (0x024000ef) x 1 0x8000abde
core   0: 0x8000abfe (0x0000a809) c.j     pc + 18
core   0: 3 0x8000abfe (0xa809)
core   0: 0x8000ac10 (0x00003ff9) c.jal   pc - 34
core   0: 3 0x8000ac10 (0x3ff9) x 1 0x8000ac12
core   0: 0x8000abee (0x0000a029) c.j     pc + 10
core   0: 3 0x8000abee (0xa029)
core   0: 0x8000abf8 (0x00e000ef) jal     pc + 0xe
core   0: 3 0x8000abf8 (0x00e000ef) x 1 0x8000abfc
core   0: 0x8000ac06 (0x0000b7ed) c.j     pc - 22
core   0: 3 0x8000ac06 (0xb7ed)
core   0: 0x8000abf0 (0x0000bfed) c.j     pc - 6
core   0: 3 0x8000abf0 (0xbfed)
core   0: 0x8000abea (0x01a0036f) jal     t1, pc + 0x1a
core   0: 3 0x8000abea (0x01a0036f) x 6 0x8000abee
core   0: 0x8000ac04 (0x000037d5) c.jal   pc - 28
core   0: 3 0x8000ac04 (0x37d5) x 1 0x8000ac06
core   0: 0x8000abe8 (0x0000a039) c.j     pc + 14
core   0: 3 0x8000abe8 (0xa039)
core   0: 0x8000abf6 (0x0000b7e5) c.j     pc - 24
core   0: 3 0x8000abf6 (0xb7e5)
core   0: 0x8000abde (0x00002819) c.jal   pc + 22
core   0: 3 0x8000abde (0x2819) x 1 0x8000abe0
core   0: 0x8000abf4 (0x0000a021) c.j     pc + 8
core   0: 3 0x8000abf4 (0xa021)
core   0: 0x8000abfc (0x0000a011) c.j     pc + 4
core   0: 3 0x8000abfc (0xa011)
core   0: 0x8000ac00 (0xff3ff36f) jal     t1, pc - 0xe
core   0: 3 0x8000ac00 (0xff3ff36f) x 6 0x8000ac04
core   0: 0x8000abf2 (0x00002819) c.jal   pc + 22
core   0: 3 0x8000abf2 (0x2819) x 1 0x8000abf4
core   0: 0x8000ac08 (0xfdfff8ef) jal     a7, pc - 0x22
core   0: 3 0x8000ac08 (0xfdfff8ef) x17 0x8000ac0c
core   0: 0x8000abe6 (0x00003fed) c.jal   pc - 6
core   0: 3 0x8000abe6 (0x3fed) x 1 0x8000abe8
core   0: 0x8000abe0 (0x02c000ef) jal     pc + 0x2c
core   0: 3 0x8000abe0 (0x02c000ef) x 1 0x8000abe4
core   0: 0x8000ac0c (0xfd9ff0ef) jal     pc - 0x28
core   0: 3 0x8000ac0c (0xfd9ff0ef) x 1 0x8000ac10
core   0: 0x8000abe4 (0x0000203d) c.jal   pc + 46
core   0: 3 0x8000abe4 (0x203d) x 1 0x8000abe6
core   0: 0x8000ac12 (0xfac0d7b7) lui     a5, 0xfac0d
core   0: 3 0x8000ac12 (0xfac0d7b7) x15 0xfac0d000
core   0: 0x8000ac16 (0x0000448d) c.li    s1, 3
core   0: 3 0x8000ac16 (0x448d) x 9 0x00000003
core   0: 0x8000ac18 (0x0135a333) slt     t1, a1, s3
core   0: 3 0x8000ac18 (0x0135a333) x 6 0x00000000
core   0: 0x8000ac1c (0x0000498d) c.li    s3, 3
core   0: 3 0x8000ac1c (0x498d) x19 0x00000003
core   0: 0x8000ac1e (0x006f3cb3) sltu    s9, t5, t1
core   0: 3 0x8000ac1e (0x006f3cb3) x25 0x00000000
core   0: 0x8000ac22 (0x000014f9) c.addi  s1, -2
core   0: 3 0x8000ac22 (0x14f9) x 9 0x00000001
core   0: 0x8000ac24 (0x0000100f) fence.i
core   0: 3 0x8000ac24 (0x0000100f)
core   0: 0x8000ac28 (0x00008405) c.srai  s0, 1
core   0: 3 0x8000ac28 (0x8405) x 8 0x00003963
core   0: 0x8000ac2a (0x00008c71) c.and   s0, a2
core   0: 3 0x8000ac2a (0x8c71) x 8 0x00000001
core   0: 0x8000ac2c (0x00004a9d) c.li    s5, 7
core   0: 3 0x8000ac2c (0x4a9d) x21 0x00000007
core   0: 0x8000ac2e (0x00005165) c.li    sp, -7
core   0: 3 0x8000ac2e (0x5165) x 2 0xfffffff9
core   0: 0x8000ac30 (0x544e3513) sltiu   a0, t3, 1348
core   0: 3 0x8000ac30 (0x544e3513) x10 0x00000001
core   0: 0x8000ac34 (0x40635d33) sra     s10, t1, t1
core   0: 3 0x8000ac34 (0x40635d33) x26 0x00000000
core   0: 0x8000ac38 (0x033c2db3) mulhsu  s11, s8, s3
core   0: 3 0x8000ac38 (0x033c2db3) x27 0xfffffffe
core   0: 0x8000ac3c (0x00001ae5) c.addi  s5, -7
core   0: 3 0x8000ac3c (0x1ae5) x21 0x00000000
core   0: 0x8000ac3e (0xfe2a9de3) bne     s5, sp, pc - 6
core   0: 3 0x8000ac3e (0xfe2a9de3)
core   0: 0x8000ac38 (0x033c2db3) mulhsu  s11, s8, s3
core   0: 3 0x8000ac38 (0x033c2db3) x27 0xfffffffe
core   0: 0x8000ac3c (0x00001ae5) c.addi  s5, -7
core   0: 3 0x8000ac3c (0x1ae5) x21 0xfffffff9
core   0: 0x8000ac3e (0xfe2a9de3) bne     s5, sp, pc - 6
core   0: 3 0x8000ac3e (0xfe2a9de3)
core   0: 0x8000ac42 (0x03abef33) rem     t5, s7, s10
core   0: 3 0x8000ac42 (0x03abef33) x30 0x03fffef3
core   0: 0x8000ac46 (0x000040b9) c.li    ra, 14
core   0: 3 0x8000ac46 (0x40b9) x 1 0x0000000e
core   0: 0x8000ac48 (0xfd34fbe3) bgeu    s1, s3, pc - 42
core   0: 3 0x8000ac48 (0xfd34fbe3)
core   0: 0x8000ac4c (0x00006e6d) c.lui   t3, 0x1b
core   0: 3 0x8000ac4c (0x6e6d) x28 0x0001b000
core   0: 0x8000ac4e (0x00018497) auipc   s1, 0x18
core   0: 3 0x8000ac4e (0x00018497) x 9 0x80022c4e
core   0: 0x8000ac52 (0x42e48493) addi    s1, s1, 1070
core   0: 3 0x8000ac52 (0x42e48493) x 9 0x8002307c
core   0: 0x8000ac56 (0x00018c97) auipc   s9, 0x18
core   0: 3 0x8000ac56 (0x00018c97) x25 0x80022c56
core   0: 0x8000ac5a (0x416c8c93) addi    s9, s9, 1046
core   0: 3 0x8000ac5a (0x416c8c93) x25 0x8002306c
core   0: 0x8000ac5e (0x00018417) auipc   s0, 0x18
core   0: 3 0x8000ac5e (0x00018417) x 8 0x80022c5e
core   0: 0x8000ac62 (0x3f240413) addi    s0, s0, 1010
core   0: 3 0x8000ac62 (0x3f240413) x 8 0x80023050
core   0: 0x8000ac66 (0x0215e0b3) rem     ra, a1, ra
core   0: 3 0x8000ac66 (0x0215e0b3) x 1 0x00000006
core   0: 0x8000ac6a (0x25cca7af) amoxor.w a5, t3, (s9)
core   0: 3 0x8000ac6a (0x25cca7af) x15 0x00000000 mem 0x8002306c mem 0x8002306c 0x0001b000
core   0: 0x8000ac6e (0xa42ca72f) amomax.w a4, sp, (s9)
core   0: 3 0x8000ac6e (0xa42ca72f) x14 0x0001b000 mem 0x8002306c mem 0x8002306c 0x0001b000
core   0: 0x8000ac72 (0x43acaf2f) amoor.w t5, s10, (s9)
core   0: 3 0x8000ac72 (0x43acaf2f) x30 0x0001b000 mem 0x8002306c mem 0x8002306c 0x0001b000
core   0: 0x8000ac76 (0x031ca5af) amoadd.w a1, a7, (s9)
core   0: 3 0x8000ac76 (0x031ca5af) x11 0x0001b000 mem 0x8002306c mem 0x8002306c 0x80025c0c
core   0: 0x8000ac7a (0x000091fe) c.add   gp, t6
core   0: 3 0x8000ac7a (0x91fe) x 3 0x000077b0
core   0: 0x8000ac7c (0x20f4ad2f) amoxor.w s10, a5, (s1)
core   0: 3 0x8000ac7c (0x20f4ad2f) x26 0x00000001 mem 0x8002307c mem 0x8002307c 0x00000001
core   0: 0x8000ac80 (0x046ca5af) amoadd.w a1, t1, (s9)
core   0: 3 0x8000ac80 (0x046ca5af) x11 0x80025c0c mem 0x8002306c mem 0x8002306c 0x80025c0c
core   0: 0x8000ac84 (0xc56428af) amominu.w a7, s6, (s0)
core   0: 3 0x8000ac84 (0xc56428af) x17 0x00000053 mem 0x80023050 mem 0x80023050 0x00000053
core   0: 0x8000ac88 (0x00018617) auipc   a2, 0x18
core   0: 3 0x8000ac88 (0x00018617) x12 0x80022c88
core   0: 0x8000ac8c (0x3c460613) addi    a2, a2, 964
core   0: 3 0x8000ac8c (0x3c460613) x12 0x8002304c
core   0: 0x8000ac90 (0x00018717) auipc   a4, 0x18
core   0: 3 0x8000ac90 (0x00018717) x14 0x80022c90
core   0: 0x8000ac94 (0x3e870713) addi    a4, a4, 1000
core   0: 3 0x8000ac94 (0x3e870713) x14 0x80023078
core   0: 0x8000ac98 (0x02cb0fb3) mul     t6, s6, a2
core   0: 3 0x8000ac98 (0x02cb0fb3) x31 0x6cdd2ac8
core   0: 0x8000ac9c (0x00ed5493) srli    s1, s10, 14
core   0: 3 0x8000ac9c (0x00ed5493) x 9 0x00000000
core   0: 0x8000aca0 (0x21662a2f) amoxor.w s4, s6, (a2)
core   0: 3 0x8000aca0 (0x21662a2f) x20 0x000057c3 mem 0x8002304c mem 0x8002304c 0xffffeb05
core   0: 0x8000aca4 (0x00008c79) c.and   s0, a4
core   0: 3 0x8000aca4 (0x8c79) x 8 0x80023050
core   0: 0x8000aca6 (0x63f62baf) amoand.w s7, t6, (a2)
core   0: 3 0x8000aca6 (0x63f62baf) x23 0xffffeb05 mem 0x8002304c mem 0x8002304c 0x6cdd2a00
core   0: 0x8000acaa (0x0000717d) c.addi16sp sp, -16
core   0: 3 0x8000acaa (0x717d) x 2 0xffffffe9
core   0: 0x8000acac (0x036fc233) div     tp, t6, s6
core   0: 3 0x8000acac (0x036fc233) x 4 0xfffe6172
core   0: 0x8000acb0 (0x0d66252f) amoswap.w a0, s6, (a2)
core   0: 3 0x8000acb0 (0x0d66252f) x10 0x6cdd2a00 mem 0x8002304c mem 0x8002304c 0xffffbcc6
core   0: 0x8000acb4 (0x231629af) amoxor.w s3, a7, (a2)
core   0: 3 0x8000acb4 (0x231629af) x19 0xffffbcc6 mem 0x8002304c mem 0x8002304c 0xffffbc95
core   0: 0x8000acb8 (0xe497242f) amomaxu.w s0, s1, (a4)
core   0: 3 0x8000acb8 (0xe497242f) x 8 0x00000000 mem 0x80023078 mem 0x80023078 0x00000000
core   0: 0x8000acbc (0x00015a17) auipc   s4, 0x15
core   0: 3 0x8000acbc (0x00015a17) x20 0x8001fcbc
core   0: 0x8000acc0 (0xe01a0a13) addi    s4, s4, -511
core   0: 3 0x8000acc0 (0xe01a0a13) x20 0x8001fabd
core   0: 0x8000acc4 (0x00008bd9) c.andi  a5, 22
core   0: 3 0x8000acc4 (0x8bd9) x15 0x00000000
core   0: 0x8000acc6 (0x69892793) slti    a5, s2, 1688
core   0: 3 0x8000acc6 (0x69892793) x15 0x00000001
core   0: 0x8000acca (0x00ca23a3) sw      a2, 7(s4)
core   0: 3 0x8000acca (0x00ca23a3) mem 0x8001fac4 0x8002304c
core   0: 0x8000acce (0xff8a0603) lb      a2, -8(s4)
core   0: 3 0x8000acce (0xff8a0603) x12 0x00000051 mem 0x8001fab5
core   0: 0x8000acd2 (0xa4abe613) ori     a2, s7, -1462
core   0: 3 0x8000acd2 (0xa4abe613) x12 0xfffffb4f
core   0: 0x8000acd6 (0xfffa0f83) lb      t6, -1(s4)
core   0: 3 0x8000acd6 (0xfffa0f83) x31 0xffffffaa mem 0x8001fabc
core   0: 0x8000acda (0xaeb64d13) xori    s10, a2, -1301
core   0: 3 0x8000acda (0xaeb64d13) x26 0x000001a4
core   0: 0x8000acde (0x007a5903) lhu     s2, 7(s4)
core   0: 3 0x8000acde (0x007a5903) x18 0x0000304c mem 0x8001fac4
core   0: 0x8000ace2 (0xff8a4603) lbu     a2, -8(s4)
core   0: 3 0x8000ace2 (0xff8a4603) x12 0x00000051 mem 0x8001fab5
core   0: 0x8000ace6 (0x02f7a933) mulhsu  s2, a5, a5
core   0: 3 0x8000ace6 (0x02f7a933) x18 0x00000000
core   0: 0x8000acea (0x037d7633) remu    a2, s10, s7
core   0: 3 0x8000acea (0x037d7633) x12 0x000001a4
core   0: 0x8000acee (0x413d5d13) srai    s10, s10, 19
core   0: 3 0x8000acee (0x413d5d13) x26 0x00000000
core   0: 0x8000acf2 (0x01aa0623) sb      s10, 12(s4)
core   0: 3 0x8000acf2 (0x01aa0623) mem 0x8001fac9 0x0
core   0: 0x8000acf6 (0xff0a0603) lb      a2, -16(s4)
core   0: 3 0x8000acf6 (0xff0a0603) x12 0x00000011 mem 0x8001faad
core   0: 0x8000acfa (0x032d4d33) div     s10, s10, s2
core   0: 3 0x8000acfa (0x032d4d33) x26 0xffffffff
core   0: 0x8000acfe (0x000087fe) c.mv    a5, t6
core   0: 3 0x8000acfe (0x87fe) x15 0xffffffaa
core   0: 0x8000ad00 (0xfefa19a3) sh      a5, -13(s4)
core   0: 3 0x8000ad00 (0xfefa19a3) mem 0x8001fab0 0xffaa
core   0: 0x8000ad04 (0xff2a4603) lbu     a2, -14(s4)
core   0: 3 0x8000ad04 (0xff2a4603) x12 0x0000000e mem 0x8001faaf
core   0: 0x8000ad08 (0xff7a1ea3) sh      s7, -3(s4)
core   0: 3 0x8000ad08 (0xff7a1ea3) mem 0x8001faba 0xeb05
core   0: 0x8000ad0c (0x002a0f83) lb      t6, 2(s4)
core   0: 3 0x8000ad0c (0x002a0f83) x31 0xffffffd5 mem 0x8001fabf
core   0: 0x8000ad10 (0x02fbbfb3) mulhu   t6, s7, a5
core   0: 3 0x8000ad10 (0x02fbbfb3) x31 0xffffeaaf
core   0: 0x8000ad14 (0x00009a7d) c.andi  a2, -1
core   0: 3 0x8000ad14 (0x9a7d) x12 0x0000000e
core   0: 0x8000ad16 (0xfefa18a3) sh      a5, -15(s4)
core   0: 3 0x8000ad16 (0xfefa18a3) mem 0x8001faae 0xffaa
core   0: 0x8000ad1a (0x00008e1d) c.sub   a2, a5
core   0: 3 0x8000ad1a (0x8e1d) x12 0x00000064
core   0: 0x8000ad1c (0x012a0423) sb      s2, 8(s4)
core   0: 3 0x8000ad1c (0x012a0423) mem 0x8001fac5 0x0
core   0: 0x8000ad20 (0x00005759) c.li    a4, -10
core   0: 3 0x8000ad20 (0x5759) x14 0xfffffff6
core   0: 0x8000ad22 (0x00004135) c.li    sp, 13
core   0: 3 0x8000ad22 (0x4135) x 2 0x0000000d
core   0: 0x8000ad24 (0xc9255337) lui     t1, 0xc9255
core   0: 3 0x8000ad24 (0xc9255337) x 6 0xc9255000
core   0: 0x8000ad28 (0x01c2e5b3) or      a1, t0, t3
core   0: 3 0x8000ad28 (0x01c2e5b3) x11 0x0001b02e
core   0: 0x8000ad2c (0x4080d293) srai    t0, ra, 8
core   0: 3 0x8000ad2c (0x4080d293) x 5 0x00000000
core   0: 0x8000ad30 (0x9a15be97) auipc   t4, 0x9a15b
core   0: 3 0x8000ad30 (0x9a15be97) x29 0x1a165d30
core   0: 0x8000ad34 (0x403a5db3) sra     s11, s4, gp
core   0: 3 0x8000ad34 (0x403a5db3) x27 0xffff8001
core   0: 0x8000ad38 (0x00008cb9) c.xor   s1, a4
core   0: 3 0x8000ad38 (0x8cb9) x 9 0xfffffff6
core   0: 0x8000ad3a (0x01cc1f93) slli    t6, s8, 28
core   0: 3 0x8000ad3a (0x01cc1f93) x31 0x00000000
core   0: 0x8000ad3e (0x00008d29) c.xor   a0, a0
core   0: 3 0x8000ad3e (0x8d29) x10 0x00000000
core   0: 0x8000ad40 (0x00000729) c.addi  a4, 10
core   0: 3 0x8000ad40 (0x0729) x14 0x00000000
core   0: 0x8000ad42 (0x00004d1d) c.li    s10, 7
core   0: 3 0x8000ad42 (0x4d1d) x26 0x00000007
core   0: 0x8000ad44 (0x00004ca5) c.li    s9, 9
core   0: 3 0x8000ad44 (0x4ca5) x25 0x00000009
core   0: 0x8000ad46 (0x00008b72) c.mv    s6, t3
core   0: 3 0x8000ad46 (0x8b72) x22 0x0001b000
core   0: 0x8000ad48 (0x00008c6d) c.and   s0, a1
core   0: 3 0x8000ad48 (0x8c6d) x 8 0x00000000
core   0: 0x8000ad4a (0x003ab233) sltu    tp, s5, gp
core   0: 3 0x8000ad4a (0x003ab233) x 4 0x00000000
core   0: 0x8000ad4e (0x00000d0d) c.addi  s10, 3
core   0: 3 0x8000ad4e (0x0d0d) x26 0x0000000a
core   0: 0x8000ad50 (0x00008ded) c.and   a1, a1
core   0: 3 0x8000ad50 (0x8ded) x11 0x0001b02e
core   0: 0x8000ad52 (0xff9d4be3) blt     s10, s9, pc - 10
core   0: 3 0x8000ad52 (0xff9d4be3)
core   0: 0x8000ad56 (0xaf6ec793) xori    a5, t4, -1290
core   0: 3 0x8000ad56 (0xaf6ec793) x15 0xe5e9a7c6
core   0: 0x8000ad5a (0x50724213) xori    tp, tp, 1287
core   0: 3 0x8000ad5a (0x50724213) x 4 0x00000507
core   0: 0x8000ad5e (0x00006ead) c.lui   t4, 0xb
core   0: 3 0x8000ad5e (0x6ead) x29 0x0000b000
core   0: 0x8000ad60 (0x000085f5) c.srai  a1, 29
core   0: 3 0x8000ad60 (0x85f5) x11 0x00000000
core   0: 0x8000ad62 (0x01b2ddb3) srl     s11, t0, s11
core   0: 3 0x8000ad62 (0x01b2ddb3) x27 0x00000000
core   0: 0x8000ad66 (0x0000100f) fence.i
core   0: 3 0x8000ad66 (0x0000100f)
core   0: 0x8000ad6a (0x01249db3) sll     s11, s1, s2
core   0: 3 0x8000ad6a (0x01249db3) x27 0xfffffff6
core   0: 0x8000ad6e (0x464f6537) lui     a0, 0x464f6
core   0: 3 0x8000ad6e (0x464f6537) x10 0x464f6000
core   0: 0x8000ad72 (0x7a556593) ori     a1, a0, 1957
core   0: 3 0x8000ad72 (0x7a556593) x11 0x464f67a5
core   0: 0x8000ad76 (0xfa2747e3) blt     a4, sp, pc - 82
core   0: 3 0x8000ad76 (0xfa2747e3)
core   0: 0x8000ad24 (0xc9255337) lui     t1, 0xc9255
core   0: 3 0x8000ad24 (0xc9255337) x 6 0xc9255000
core   0: 0x8000ad28 (0x01c2e5b3) or      a1, t0, t3
core   0: 3 0x8000ad28 (0x01c2e5b3) x11 0x0001b000
core   0: 0x8000ad2c (0x4080d293) srai    t0, ra, 8
core   0: 3 0x8000ad2c (0x4080d293) x 5 0x00000000
core   0: 0x8000ad30 (0x9a15be97) auipc   t4, 0x9a15b
core   0: 3 0x8000ad30 (0x9a15be97) x29 0x1a165d30
core   0: 0x8000ad34 (0x403a5db3) sra     s11, s4, gp
core   0: 3 0x8000ad34 (0x403a5db3) x27 0xffff8001
core   0: 0x8000ad38 (0x00008cb9) c.xor   s1, a4
core   0: 3 0x8000ad38 (0x8cb9) x 9 0xfffffff6
core   0: 0x8000ad3a (0x01cc1f93) slli    t6, s8, 28
core   0: 3 0x8000ad3a (0x01cc1f93) x31 0x00000000
core   0: 0x8000ad3e (0x00008d29) c.xor   a0, a0
core   0: 3 0x8000ad3e (0x8d29) x10 0x00000000
core   0: 0x8000ad40 (0x00000729) c.addi  a4, 10
core   0: 3 0x8000ad40 (0x0729) x14 0x0000000a
core   0: 0x8000ad42 (0x00004d1d) c.li    s10, 7
core   0: 3 0x8000ad42 (0x4d1d) x26 0x00000007
core   0: 0x8000ad44 (0x00004ca5) c.li    s9, 9
core   0: 3 0x8000ad44 (0x4ca5) x25 0x00000009
core   0: 0x8000ad46 (0x00008b72) c.mv    s6, t3
core   0: 3 0x8000ad46 (0x8b72) x22 0x0001b000
core   0: 0x8000ad48 (0x00008c6d) c.and   s0, a1
core   0: 3 0x8000ad48 (0x8c6d) x 8 0x00000000
core   0: 0x8000ad4a (0x003ab233) sltu    tp, s5, gp
core   0: 3 0x8000ad4a (0x003ab233) x 4 0x00000000
core   0: 0x8000ad4e (0x00000d0d) c.addi  s10, 3
core   0: 3 0x8000ad4e (0x0d0d) x26 0x0000000a
core   0: 0x8000ad50 (0x00008ded) c.and   a1, a1
core   0: 3 0x8000ad50 (0x8ded) x11 0x0001b000
core   0: 0x8000ad52 (0xff9d4be3) blt     s10, s9, pc - 10
core   0: 3 0x8000ad52 (0xff9d4be3)
core   0: 0x8000ad56 (0xaf6ec793) xori    a5, t4, -1290
core   0: 3 0x8000ad56 (0xaf6ec793) x15 0xe5e9a7c6
core   0: 0x8000ad5a (0x50724213) xori    tp, tp, 1287
core   0: 3 0x8000ad5a (0x50724213) x 4 0x00000507
core   0: 0x8000ad5e (0x00006ead) c.lui   t4, 0xb
core   0: 3 0x8000ad5e (0x6ead) x29 0x0000b000
core   0: 0x8000ad60 (0x000085f5) c.srai  a1, 29
core   0: 3 0x8000ad60 (0x85f5) x11 0x00000000
core   0: 0x8000ad62 (0x01b2ddb3) srl     s11, t0, s11
core   0: 3 0x8000ad62 (0x01b2ddb3) x27 0x00000000
core   0: 0x8000ad66 (0x0000100f) fence.i
core   0: 3 0x8000ad66 (0x0000100f)
core   0: 0x8000ad6a (0x01249db3) sll     s11, s1, s2
core   0: 3 0x8000ad6a (0x01249db3) x27 0xfffffff6
core   0: 0x8000ad6e (0x464f6537) lui     a0, 0x464f6
core   0: 3 0x8000ad6e (0x464f6537) x10 0x464f6000
core   0: 0x8000ad72 (0x7a556593) ori     a1, a0, 1957
core   0: 3 0x8000ad72 (0x7a556593) x11 0x464f67a5
core   0: 0x8000ad76 (0xfa2747e3) blt     a4, sp, pc - 82
core   0: 3 0x8000ad76 (0xfa2747e3)
core   0: 0x8000ad24 (0xc9255337) lui     t1, 0xc9255
core   0: 3 0x8000ad24 (0xc9255337) x 6 0xc9255000
core   0: 0x8000ad28 (0x01c2e5b3) or      a1, t0, t3
core   0: 3 0x8000ad28 (0x01c2e5b3) x11 0x0001b000
core   0: 0x8000ad2c (0x4080d293) srai    t0, ra, 8
core   0: 3 0x8000ad2c (0x4080d293) x 5 0x00000000
core   0: 0x8000ad30 (0x9a15be97) auipc   t4, 0x9a15b
core   0: 3 0x8000ad30 (0x9a15be97) x29 0x1a165d30
core   0: 0x8000ad34 (0x403a5db3) sra     s11, s4, gp
core   0: 3 0x8000ad34 (0x403a5db3) x27 0xffff8001
core   0: 0x8000ad38 (0x00008cb9) c.xor   s1, a4
core   0: 3 0x8000ad38 (0x8cb9) x 9 0xfffffffc
core   0: 0x8000ad3a (0x01cc1f93) slli    t6, s8, 28
core   0: 3 0x8000ad3a (0x01cc1f93) x31 0x00000000
core   0: 0x8000ad3e (0x00008d29) c.xor   a0, a0
core   0: 3 0x8000ad3e (0x8d29) x10 0x00000000
core   0: 0x8000ad40 (0x00000729) c.addi  a4, 10
core   0: 3 0x8000ad40 (0x0729) x14 0x00000014
core   0: 0x8000ad42 (0x00004d1d) c.li    s10, 7
core   0: 3 0x8000ad42 (0x4d1d) x26 0x00000007
core   0: 0x8000ad44 (0x00004ca5) c.li    s9, 9
core   0: 3 0x8000ad44 (0x4ca5) x25 0x00000009
core   0: 0x8000ad46 (0x00008b72) c.mv    s6, t3
core   0: 3 0x8000ad46 (0x8b72) x22 0x0001b000
core   0: 0x8000ad48 (0x00008c6d) c.and   s0, a1
core   0: 3 0x8000ad48 (0x8c6d) x 8 0x00000000
core   0: 0x8000ad4a (0x003ab233) sltu    tp, s5, gp
core   0: 3 0x8000ad4a (0x003ab233) x 4 0x00000000
core   0: 0x8000ad4e (0x00000d0d) c.addi  s10, 3
core   0: 3 0x8000ad4e (0x0d0d) x26 0x0000000a
core   0: 0x8000ad50 (0x00008ded) c.and   a1, a1
core   0: 3 0x8000ad50 (0x8ded) x11 0x0001b000
core   0: 0x8000ad52 (0xff9d4be3) blt     s10, s9, pc - 10
core   0: 3 0x8000ad52 (0xff9d4be3)
core   0: 0x8000ad56 (0xaf6ec793) xori    a5, t4, -1290
core   0: 3 0x8000ad56 (0xaf6ec793) x15 0xe5e9a7c6
core   0: 0x8000ad5a (0x50724213) xori    tp, tp, 1287
core   0: 3 0x8000ad5a (0x50724213) x 4 0x00000507
core   0: 0x8000ad5e (0x00006ead) c.lui   t4, 0xb
core   0: 3 0x8000ad5e (0x6ead) x29 0x0000b000
core   0: 0x8000ad60 (0x000085f5) c.srai  a1, 29
core   0: 3 0x8000ad60 (0x85f5) x11 0x00000000
core   0: 0x8000ad62 (0x01b2ddb3) srl     s11, t0, s11
core   0: 3 0x8000ad62 (0x01b2ddb3) x27 0x00000000
core   0: 0x8000ad66 (0x0000100f) fence.i
core   0: 3 0x8000ad66 (0x0000100f)
core   0: 0x8000ad6a (0x01249db3) sll     s11, s1, s2
core   0: 3 0x8000ad6a (0x01249db3) x27 0xfffffffc
core   0: 0x8000ad6e (0x464f6537) lui     a0, 0x464f6
core   0: 3 0x8000ad6e (0x464f6537) x10 0x464f6000
core   0: 0x8000ad72 (0x7a556593) ori     a1, a0, 1957
core   0: 3 0x8000ad72 (0x7a556593) x11 0x464f67a5
core   0: 0x8000ad76 (0xfa2747e3) blt     a4, sp, pc - 82
core   0: 3 0x8000ad76 (0xfa2747e3)
core   0: 0x8000ad7a (0xccce28b7) lui     a7, 0xccce2
core   0: 3 0x8000ad7a (0xccce28b7) x17 0xccce2000
core   0: 0x8000ad7e (0x00007117) auipc   sp, 0x7
core   0: 3 0x8000ad7e (0x00007117) x 2 0x80011d7e
core   0: 0x8000ad82 (0x7b710113) addi    sp, sp, 1975
core   0: 3 0x8000ad82 (0x7b710113) x 2 0x80012535
core   0: 0x8000ad86 (0x01f10623) sb      t6, 12(sp)
core   0: 3 0x8000ad86 (0x01f10623) mem 0x80012541 0x0
core   0: 0x8000ad8a (0x00c10d03) lb      s10, 12(sp)
core   0: 3 0x8000ad8a (0x00c10d03) x26 0x00000000 mem 0x80012541
core   0: 0x8000ad8e (0x00c10f83) lb      t6, 12(sp)
core   0: 3 0x8000ad8e (0x00c10f83) x31 0x00000000 mem 0x80012541
core   0: 0x8000ad92 (0x00c10c83) lb      s9, 12(sp)
core   0: 3 0x8000ad92 (0x00c10c83) x25 0x00000000 mem 0x80012541
core   0: 0x8000ad96 (0x00c14503) lbu     a0, 12(sp)
core   0: 3 0x8000ad96 (0x00c14503) x10 0x00000000 mem 0x80012541
core   0: 0x8000ad9a (0x01a10623) sb      s10, 12(sp)
core   0: 3 0x8000ad9a (0x01a10623) mem 0x80012541 0x0
core   0: 0x8000ad9e (0x00c14b83) lbu     s7, 12(sp)
core   0: 3 0x8000ad9e (0x00c14b83) x23 0x00000000 mem 0x80012541
core   0: 0x8000ada2 (0x98ca6b13) ori     s6, s4, -1652
core   0: 3 0x8000ada2 (0x98ca6b13) x22 0xfffffbbd
core   0: 0x8000ada6 (0xfe911283) lh      t0, -23(sp)
core   0: 3 0x8000ada6 (0xfe911283) x 5 0x00002439 mem 0x8001251e
core   0: 0x8000adaa (0xfe914a83) lbu     s5, -23(sp)
core   0: 3 0x8000adaa (0xfe914a83) x21 0x00000039 mem 0x8001251e
core   0: 0x8000adae (0xfe914503) lbu     a0, -23(sp)
core   0: 3 0x8000adae (0xfe914503) x10 0x00000039 mem 0x8001251e
core   0: 0x8000adb2 (0x30dbe413) ori     s0, s7, 781
core   0: 3 0x8000adb2 (0x30dbe413) x 8 0x0000030d
core   0: 0x8000adb6 (0xfe915503) lhu     a0, -23(sp)
core   0: 3 0x8000adb6 (0xfe915503) x10 0x00002439 mem 0x8001251e
core   0: 0x8000adba (0x02d11083) lh      ra, 45(sp)
core   0: 3 0x8000adba (0x02d11083) x 1 0xffffd3fc mem 0x80012562
core   0: 0x8000adbe (0x02d14d83) lbu     s11, 45(sp)
core   0: 3 0x8000adbe (0x02d14d83) x27 0x000000fc mem 0x80012562
core   0: 0x8000adc2 (0x02d11e03) lh      t3, 45(sp)
core   0: 3 0x8000adc2 (0x02d11e03) x28 0xffffd3fc mem 0x80012562
core   0: 0x8000adc6 (0x02d11283) lh      t0, 45(sp)
core   0: 3 0x8000adc6 (0x02d11283) x 5 0xffffd3fc mem 0x80012562
core   0: 0x8000adca (0x031116a3) sh      a7, 45(sp)
core   0: 3 0x8000adca (0x031116a3) mem 0x80012562 0x2000
core   0: 0x8000adce (0x02d11f83) lh      t6, 45(sp)
core   0: 3 0x8000adce (0x02d11f83) x31 0x00002000 mem 0x80012562
core   0: 0x8000add2 (0x024116a3) sh      tp, 45(sp)
core   0: 3 0x8000add2 (0x024116a3) mem 0x80012562 0x0507
core   0: 0x8000add6 (0x01e121a3) sw      t5, 3(sp)
core   0: 3 0x8000add6 (0x01e121a3) mem 0x80012538 0x0001b000
core   0: 0x8000adda (0x00311303) lh      t1, 3(sp)
core   0: 3 0x8000adda (0x00311303) x 6 0xffffb000 mem 0x80012538
core   0: 0x8000adde (0x00007c97) auipc   s9, 0x7
core   0: 3 0x8000adde (0x00007c97) x25 0x80011dde
core   0: 0x8000ade2 (0x4afc8c93) addi    s9, s9, 1199
core   0: 3 0x8000ade2 (0x4afc8c93) x25 0x8001228d
core   0: 0x8000ade6 (0x409404b3) sub     s1, s0, s1
core   0: 3 0x8000ade6 (0x409404b3) x 9 0x00000311
core   0: 0x8000adea (0x00000001) c.nop
core   0: 3 0x8000adea (0x0001)
core   0: 0x8000adec (0x0d328293) addi    t0, t0, 211
core   0: 3 0x8000adec (0x0d328293) x 5 0xffffd4cf
core   0: 0x8000adf0 (0xf46c8b83) lb      s7, -186(s9)
core   0: 3 0x8000adf0 (0xf46c8b83) x23 0x0000002e mem 0x800121d3
core   0: 0x8000adf4 (0x031704b3) mul     s1, a4, a7
core   0: 3 0x8000adf4 (0x031704b3) x 9 0x001a8000
core   0: 0x8000adf8 (0x00008cb9) c.xor   s1, a4
core   0: 3 0x8000adf8 (0x8cb9) x 9 0x001a8014
core   0: 0x8000adfa (0x000080a9) c.srli  s1, 10
core   0: 3 0x8000adfa (0x80a9) x 9 0x000006a0
core   0: 0x8000adfc (0x051c8123) sb      a7, 66(s9)
core   0: 3 0x8000adfc (0x051c8123) mem 0x800122cf 0x0
core   0: 0x8000ae00 (0x0374b8b3) mulhu   a7, s1, s7
core   0: 3 0x8000ae00 (0x0374b8b3) x17 0x00000000
core   0: 0x8000ae04 (0x0ecc8483) lb      s1, 236(s9)
core   0: 3 0x8000ae04 (0x0ecc8483) x 9 0x00000043 mem 0x80012379
core   0: 0x8000ae08 (0x4024d713) srai    a4, s1, 2
core   0: 3 0x8000ae08 (0x4024d713) x14 0x00000010
core   0: 0x8000ae0c (0x000018fd) c.addi  a7, -1
core   0: 3 0x8000ae0c (0x18fd) x17 0xffffffff
core   0: 0x8000ae0e (0x008be2b3) or      t0, s7, s0
core   0: 3 0x8000ae0e (0x008be2b3) x 5 0x0000032f
core   0: 0x8000ae12 (0x00008cb9) c.xor   s1, a4
core   0: 3 0x8000ae12 (0x8cb9) x 9 0x00000053
core   0: 0x8000ae14 (0xf08ccb83) lbu     s7, -248(s9)
core   0: 3 0x8000ae14 (0xf08ccb83) x23 0x000000cb mem 0x80012195
core   0: 0x8000ae18 (0x03bc8b83) lb      s7, 59(s9)
core   0: 3 0x8000ae18 (0x03bc8b83) x23 0xffffffc2 mem 0x800122c8
core   0: 0x8000ae1c (0x025734b3) mulhu   s1, a4, t0
core   0: 3 0x8000ae1c (0x025734b3) x 9 0x00000000
core   0: 0x8000ae20 (0x069cd483) lhu     s1, 105(s9)
core   0: 3 0x8000ae20 (0x069cd483) x 9 0x0000031f mem 0x800122f6
core   0: 0x8000ae24 (0x009c9aa3) sh      s1, 21(s9)
core   0: 3 0x8000ae24 (0x009c9aa3) mem 0x800122a2 0x031f
core   0: 0x8000ae28 (0x0bccc703) lbu     a4, 188(s9)
core   0: 3 0x8000ae28 (0x0bccc703) x14 0x00000045 mem 0x80012349
core   0: 0x8000ae2c (0xfe5c8623) sb      t0, -20(s9)
core   0: 3 0x8000ae2c (0xfe5c8623) mem 0x80012279 0x2f
core   0: 0x8000ae30 (0x0b3cd283) lhu     t0, 179(s9)
core   0: 3 0x8000ae30 (0x0b3cd283) x 5 0x00000700 mem 0x80012340
core   0: 0x8000ae34 (0x00008419) c.srai  s0, 6
core   0: 3 0x8000ae34 (0x8419) x 8 0x0000000c
core   0: 0x8000ae36 (0x009c9403) lh      s0, 9(s9)
core   0: 3 0x8000ae36 (0x009c9403) x 8 0xfffffc94 mem 0x80012296
core   0: 0x8000ae3a (0x00018317) auipc   t1, 0x18
core   0: 3 0x8000ae3a (0x00018317) x 6 0x80022e3a
core   0: 0x8000ae3e (0x23230313) addi    t1, t1, 562
core   0: 3 0x8000ae3e (0x23230313) x 6 0x8002306c
core   0: 0x8000ae42 (0x009a5d33) srl     s10, s4, s1
core   0: 3 0x8000ae42 (0x009a5d33) x26 0x00000001
core   0: 0x8000ae46 (0x22f327af) amoxor.w a5, a5, (t1)
core   0: 3 0x8000ae46 (0x22f327af) x15 0x80025c0c mem 0x8002306c mem 0x8002306c 0x65ebfbca
core   0: 0x8000ae4a (0x417d8ab3) sub     s5, s11, s7
core   0: 3 0x8000ae4a (0x417d8ab3) x21 0x0000013a
core   0: 0x8000ae4e (0x0953272f) amoswap.w a4, s5, (t1)
core   0: 3 0x8000ae4e (0x0953272f) x14 0x65ebfbca mem 0x8002306c mem 0x8002306c 0x0000013a
core   0: 0x8000ae52 (0xc0e32f2f) amominu.w t5, a4, (t1)
core   0: 3 0x8000ae52 (0xc0e32f2f) x30 0x0000013a mem 0x8002306c mem 0x8002306c 0x0000013a
core   0: 0x8000ae56 (0x60f32c2f) amoand.w s8, a5, (t1)
core   0: 3 0x8000ae56 (0x60f32c2f) x24 0x0000013a mem 0x8002306c mem 0x8002306c 0x00000008
core   0: 0x8000ae5a (0xa0932b2f) amomax.w s6, s1, (t1)
core   0: 3 0x8000ae5a (0xa0932b2f) x22 0x00000008 mem 0x8002306c mem 0x8002306c 0x0000031f
core   0: 0x8000ae5e (0x0000813d) c.srli  a0, 15
core   0: 3 0x8000ae5e (0x813d) x10 0x00000000
core   0: 0x8000ae60 (0x15c70d93) addi    s11, a4, 348
core   0: 3 0x8000ae60 (0x15c70d93) x27 0x65ebfd26
core   0: 0x8000ae64 (0xc3532faf) amominu.w t6, s5, (t1)
core   0: 3 0x8000ae64 (0xc3532faf) x31 0x0000031f mem 0x8002306c mem 0x8002306c 0x0000013a
core   0: 0x8000ae68 (0x007599b3) sll     s3, a1, t2
core   0: 3 0x8000ae68 (0x007599b3) x19 0x464f67a5
core   0: 0x8000ae6c (0xe2932f2f) amomaxu.w t5, s1, (t1)
core   0: 3 0x8000ae6c (0xe2932f2f) x30 0x0000013a mem 0x8002306c mem 0x8002306c 0x0000031f
core   0: 0x8000ae70 (0x00018d17) auipc   s10, 0x18
core   0: 3 0x8000ae70 (0x00018d17) x26 0x80022e70
core   0: 0x8000ae74 (0x1ecd0d13) addi    s10, s10, 492
core   0: 3 0x8000ae74 (0x1ecd0d13) x26 0x8002305c
core   0: 0x8000ae78 (0x00018497) auipc   s1, 0x18
core   0: 3 0x8000ae78 (0x00018497) x 9 0x80022e78
core   0: 0x8000ae7c (0x1e848493) addi    s1, s1, 488
core   0: 3 0x8000ae7c (0x1e848493) x 9 0x80023060
core   0: 0x8000ae80 (0x00018f17) auipc   t5, 0x18
core   0: 3 0x8000ae80 (0x00018f17) x30 0x80022e80
core   0: 0x8000ae84 (0x1e4f0f13) addi    t5, t5, 484
core   0: 3 0x8000ae84 (0x1e4f0f13) x30 0x80023064
core   0: 0x8000ae88 (0x00018b17) auipc   s6, 0x18
core   0: 3 0x8000ae88 (0x00018b17) x22 0x80022e88
core   0: 0x8000ae8c (0x1e8b0b13) addi    s6, s6, 488
core   0: 3 0x8000ae8c (0x1e8b0b13) x22 0x80023070
core   0: 0x8000ae90 (0x0874afaf) amoswap.w t6, t2, (s1)
core   0: 3 0x8000ae90 (0x0874afaf) x31 0xf052ba2e mem 0x80023060 mem 0x80023060 0x00000000
core   0: 0x8000ae94 (0x005a17b3) sll     a5, s4, t0
core   0: 3 0x8000ae94 (0x005a17b3) x15 0x8001fabd
core   0: 0x8000ae98 (0x426b29af) amoor.w s3, t1, (s6)
core   0: 3 0x8000ae98 (0x426b29af) x19 0x7ffe983b mem 0x80023070 mem 0x80023070 0xfffeb87f
core   0: 0x8000ae9c (0x60db2a2f) amoand.w s4, a3, (s6)
core   0: 3 0x8000ae9c (0x60db2a2f) x20 0xfffeb87f mem 0x80023070 mem 0x80023070 0x8002b824
core   0: 0x8000aea0 (0x0d24a52f) amoswap.w a0, s2, (s1)
core   0: 3 0x8000aea0 (0x0d24a52f) x10 0x00000000 mem 0x80023060 mem 0x80023060 0x00000000
core   0: 0x8000aea4 (0x0000a997) auipc   s3, 0xa
core   0: 3 0x8000aea4 (0x0000a997) x19 0x80014ea4
core   0: 0x8000aea8 (0xec798993) addi    s3, s3, -313
core   0: 3 0x8000aea8 (0xec798993) x19 0x80014d6b
core   0: 0x8000aeac (0x00015597) auipc   a1, 0x15
core   0: 3 0x8000aeac (0x00015597) x11 0x8001feac
core   0: 0x8000aeb0 (0x0e858593) addi    a1, a1, 232
core   0: 3 0x8000aeb0 (0x0e858593) x11 0x8001ff94
core   0: 0x8000aeb4 (0xf95981a3) sb      s5, -125(s3)
core   0: 3 0x8000aeb4 (0xf95981a3) mem 0x80014cee 0x3a
core   0: 0x8000aeb8 (0x05398f03) lb      t5, 83(s3)
core   0: 3 0x8000aeb8 (0x05398f03) x30 0xffffffba mem 0x80014dbe
core   0: 0x8000aebc (0x23e589a3) sb      t5, 563(a1)
core   0: 3 0x8000aebc (0x23e589a3) mem 0x800201c7 0xba
core   0: 0x8000aec0 (0x2555cb83) lbu     s7, 597(a1)
core   0: 3 0x8000aec0 (0x2555cb83) x23 0x00000059 mem 0x800201e9
core   0: 0x8000aec4 (0x0f7992a3) sh      s7, 229(s3)
core   0: 3 0x8000aec4 (0x0f7992a3) mem 0x80014e50 0x0059
core   0: 0x8000aec8 (0x1615c203) lbu     tp, 353(a1)
core   0: 3 0x8000aec8 (0x1615c203) x 4 0x0000007b mem 0x800200f5
core   0: 0x8000aecc (0x0cf98123) sb      a5, 194(s3)
core   0: 3 0x8000aecc (0x0cf98123) mem 0x80014e2d 0xbd
core   0: 0x8000aed0 (0x0a098d03) lb      s10, 160(s3)
core   0: 3 0x8000aed0 (0x0a098d03) x26 0xffffffea mem 0x80014e0b
core   0: 0x8000aed4 (0xf7d98503) lb      a0, -131(s3)
core   0: 3 0x8000aed4 (0xf7d98503) x10 0x00000049 mem 0x80014ce8
core   0: 0x8000aed8 (0x4f358e23) sb      s3, 1276(a1)
core   0: 3 0x8000aed8 (0x4f358e23) mem 0x80020490 0x6b
core   0: 0x8000aedc (0x08f997a3) sh      a5, 143(s3)
core   0: 3 0x8000aedc (0x08f997a3) mem 0x80014dfa 0xfabd
core   0: 0x8000aee0 (0x0aa59c03) lh      s8, 170(a1)
core   0: 3 0x8000aee0 (0x0aa59c03) x24 0xffffb8a8 mem 0x8002003e
core   0: 0x8000aee4 (0x00005ee1) c.li    t4, -8
core   0: 3 0x8000aee4 (0x5ee1) x29 0xfffffff8
core   0: 0x8000aee6 (0x00001418) c.addi4spn a4, sp, 544
core   0: 3 0x8000aee6 (0x1418) x14 0x80012755
core   0: 0x8000aee8 (0x00008735) c.srai  a4, 13
core   0: 3 0x8000aee8 (0x8735) x14 0xfffc0009
core   0: 0x8000aeea (0x00001e7d) c.addi  t3, -1
core   0: 3 0x8000aeea (0x1e7d) x28 0xffffd3fb
core   0: 0x8000aeec (0x00008fa9) c.xor   a5, a0
core   0: 3 0x8000aeec (0x8fa9) x15 0x8001faf4
core   0: 0x8000aeee (0x00008f7d) c.and   a4, a5
core   0: 3 0x8000aeee (0x8f7d) x14 0x80000000
core   0: 0x8000aef0 (0x00000001) c.nop
core   0: 3 0x8000aef0 (0x0001)
core   0: 0x8000aef2 (0x000099fe) c.add   s3, t6
core   0: 3 0x8000aef2 (0x99fe) x19 0x70540799
core   0: 0x8000aef4 (0x07f9b413) sltiu   s0, s3, 127
core   0: 3 0x8000aef4 (0x07f9b413) x 8 0x00000000
core   0: 0x8000aef8 (0x00004b95) c.li    s7, 5
core   0: 3 0x8000aef8 (0x4b95) x23 0x00000005
core   0: 0x8000aefa (0x016ae0b3) or      ra, s5, s6
core   0: 3 0x8000aefa (0x016ae0b3) x 1 0x8002317a
core   0: 0x8000aefe (0x7b92ef93) ori     t6, t0, 1977
core   0: 3 0x8000aefe (0x7b92ef93) x31 0x000007b9
core   0: 0x8000af02 (0x016bd633) srl     a2, s7, s6
core   0: 3 0x8000af02 (0x016bd633) x12 0x00000000
core   0: 0x8000af06 (0x0000138c) c.addi4spn a1, sp, 480
core   0: 3 0x8000af06 (0x138c) x11 0x80012715
core   0: 0x8000af08 (0x0000856d) c.srai  a0, 27
core   0: 3 0x8000af08 (0x856d) x10 0x00000000
core   0: 0x8000af0a (0x010aad33) slt     s10, s5, a6
core   0: 3 0x8000af0a (0x010aad33) x26 0x00000000
core   0: 0x8000af0e (0xce7ee493) ori     s1, t4, -793
core   0: 3 0x8000af0e (0xce7ee493) x 9 0xffffffff
core   0: 0x8000af12 (0x0060ac33) slt     s8, ra, t1
core   0: 3 0x8000af12 (0x0060ac33) x24 0x00000000
core   0: 0x8000af16 (0x00008105) c.srli  a0, 1
core   0: 3 0x8000af16 (0x8105) x10 0x00000000
core   0: 0x8000af18 (0x00001a18) c.addi4spn a4, sp, 304
core   0: 3 0x8000af18 (0x1a18) x14 0x80012665
core   0: 0x8000af1a (0x00d36c33) or      s8, t1, a3
core   0: 3 0x8000af1a (0x00d36c33) x24 0x8002bd6c
core   0: 0x8000af1e (0x000088b1) c.andi  s1, 12
core   0: 3 0x8000af1e (0x88b1) x 9 0x0000000c
core   0: 0x8000af20 (0x019381b3) add     gp, t2, s9
core   0: 3 0x8000af20 (0x019381b3) x 3 0x8001228d
core   0: 0x8000af24 (0x025a6533) rem     a0, s4, t0
core   0: 3 0x8000af24 (0x025a6533) x10 0xfffffa7f
core   0: 0x8000af28 (0x00000ea5) c.addi  t4, 9
core   0: 3 0x8000af28 (0x0ea5) x29 0x00000001
core   0: 0x8000af2a (0x3047bc93) sltiu   s9, a5, 772
core   0: 3 0x8000af2a (0x3047bc93) x25 0x00000000
core   0: 0x8000af2e (0x000098c2) c.add   a7, a6
core   0: 3 0x8000af2e (0x98c2) x17 0x80027e7b
core   0: 0x8000af30 (0xff7ec8e3) blt     t4, s7, pc - 16
core   0: 3 0x8000af30 (0xff7ec8e3)
core   0: 0x8000af20 (0x019381b3) add     gp, t2, s9
core   0: 3 0x8000af20 (0x019381b3) x 3 0x00000000
core   0: 0x8000af24 (0x025a6533) rem     a0, s4, t0
core   0: 3 0x8000af24 (0x025a6533) x10 0xfffffa7f
core   0: 0x8000af28 (0x00000ea5) c.addi  t4, 9
core   0: 3 0x8000af28 (0x0ea5) x29 0x0000000a
core   0: 0x8000af2a (0x3047bc93) sltiu   s9, a5, 772
core   0: 3 0x8000af2a (0x3047bc93) x25 0x00000000
core   0: 0x8000af2e (0x000098c2) c.add   a7, a6
core   0: 3 0x8000af2e (0x98c2) x17 0x0004fcf7
core   0: 0x8000af30 (0xff7ec8e3) blt     t4, s7, pc - 16
core   0: 3 0x8000af30 (0xff7ec8e3)
core   0: 0x8000af34 (0x006dbd33) sltu    s10, s11, t1
core   0: 3 0x8000af34 (0x006dbd33) x26 0x00000001
core   0: 0x8000af38 (0x00018417) auipc   s0, 0x18
core   0: 3 0x8000af38 (0x00018417) x 8 0x80022f38
core   0: 0x8000af3c (0x11840413) addi    s0, s0, 280
core   0: 3 0x8000af3c (0x11840413) x 8 0x80023050
core   0: 0x8000af40 (0x022eaab3) mulhsu  s5, t4, sp
core   0: 3 0x8000af40 (0x022eaab3) x21 0x00000005
core   0: 0x8000af44 (0x40495a93) srai    s5, s2, 4
core   0: 3 0x8000af44 (0x40495a93) x21 0x00000000
core   0: 0x8000af48 (0x03786733) rem     a4, a6, s7
core   0: 3 0x8000af48 (0x03786733) x14 0xffffffff
core   0: 0x8000af4c (0x000069d9) c.lui   s3, 0x16
core   0: 3 0x8000af4c (0x69d9) x19 0x00016000
core   0: 0x8000af4e (0xcc45f993) andi    s3, a1, -828
core   0: 3 0x8000af4e (0xcc45f993) x19 0x80012404
core   0: 0x8000af52 (0xff95ba93) sltiu   s5, a1, -7
core   0: 3 0x8000af52 (0xff95ba93) x21 0x00000001
core   0: 0x8000af56 (0x0071d793) srli    a5, gp, 7
core   0: 3 0x8000af56 (0x0071d793) x15 0x00000000
core   0: 0x8000af5a (0x01edef33) or      t5, s11, t5
core   0: 3 0x8000af5a (0x01edef33) x30 0xffffffbe
core   0: 0x8000af5e (0x14042c2f) lr.w    s8, (s0)
core   0: 3 0x8000af5e (0x14042c2f) x24 0x00000053 mem 0x80023050
core   0: 0x8000af62 (0x00000aa2) c.slli  s5, 8
core   0: 3 0x8000af62 (0x0aa2) x21 0x00000100
core   0: 0x8000af64 (0x01a44233) xor     tp, s0, s10
core   0: 3 0x8000af64 (0x01a44233) x 4 0x80023051
core   0: 0x8000af68 (0x005e6533) or      a0, t3, t0
core   0: 3 0x8000af68 (0x005e6533) x10 0xffffd7fb
core   0: 0x8000af6c (0x00c07a33) and     s4, zero, a2
core   0: 3 0x8000af6c (0x00c07a33) x20 0x00000000
core   0: 0x8000af70 (0x1d0428af) sc.w    a7, a6, (s0)
core   0: 3 0x8000af70 (0x1d0428af) x17 0x00000000 mem 0x80023050 0x80027e7c
core   0: 0x8000af74 (0x00005759) c.li    a4, -10
core   0: 3 0x8000af74 (0x5759) x14 0xfffffff6
core   0: 0x8000af76 (0x01b505b3) add     a1, a0, s11
core   0: 3 0x8000af76 (0x01b505b3) x11 0x65ebd521
core   0: 0x8000af7a (0x00008d71) c.and   a0, a2
core   0: 3 0x8000af7a (0x8d71) x10 0x00000000
core   0: 0x8000af7c (0xca6ced93) ori     s11, s9, -858
core   0: 3 0x8000af7c (0xca6ced93) x27 0xfffffca6
core   0: 0x8000af80 (0x03cf0413) addi    s0, t5, 60
core   0: 3 0x8000af80 (0x03cf0413) x 8 0xfffffffa
core   0: 0x8000af84 (0x000002be) c.slli  t0, 15
core   0: 3 0x8000af84 (0x02be) x 5 0x03800000
core   0: 0x8000af86 (0xabe6fc13) andi    s8, a3, -1346
core   0: 3 0x8000af86 (0xabe6fc13) x24 0x8002b824
core   0: 0x8000af8a (0x0094e2b3) or      t0, s1, s1
core   0: 3 0x8000af8a (0x0094e2b3) x 5 0x0000000c
core   0: 0x8000af8e (0x00000001) c.nop
core   0: 3 0x8000af8e (0x0001)
core   0: 0x8000af90 (0x00000001) c.nop
core   0: 3 0x8000af90 (0x0001)
core   0: 0x8000af92 (0x40b0da13) srai    s4, ra, 11
core   0: 3 0x8000af92 (0x40b0da13) x20 0xfff00046
core   0: 0x8000af96 (0x00008995) c.andi  a1, 5
core   0: 3 0x8000af96 (0x8995) x11 0x00000001
core   0: 0x8000af98 (0x00009a0e) c.add   s4, gp
core   0: 3 0x8000af98 (0x9a0e) x20 0xfff00046
core   0: 0x8000af9a (0x00a9a2b3) slt     t0, s3, a0
core   0: 3 0x8000af9a (0x00a9a2b3) x 5 0x00000001
core   0: 0x8000af9e (0x00009b42) c.add   s6, a6
core   0: 3 0x8000af9e (0x9b42) x22 0x0004aeec
core   0: 0x8000afa0 (0x00009bfd) c.andi  a5, -1
core   0: 3 0x8000afa0 (0x9bfd) x15 0x00000000
core   0: 0x8000afa2 (0x00000729) c.addi  a4, 10
core   0: 3 0x8000afa2 (0x0729) x14 0x00000000
core   0: 0x8000afa4 (0x024f21b3) mulhsu  gp, t5, tp
core   0: 3 0x8000afa4 (0x024f21b3) x 3 0xffffffde
core   0: 0x8000afa8 (0x000050dd) c.li    ra, -9
core   0: 3 0x8000afa8 (0x50dd) x 1 0xfffffff7
core   0: 0x8000afaa (0x00005bd1) c.li    s7, -12
core   0: 3 0x8000afaa (0x5bd1) x23 0xfffffff4
core   0: 0x8000afac (0x00000d10) c.addi4spn a2, sp, 656
core   0: 3 0x8000afac (0x0d10) x12 0x800127c5
core   0: 0x8000afae (0x0238bf33) mulhu   t5, a7, gp
core   0: 3 0x8000afae (0x0238bf33) x30 0x00000000
core   0: 0x8000afb2 (0xa235b113) sltiu   sp, a1, -1501
core   0: 3 0x8000afb2 (0xa235b113) x 2 0x00000001
core   0: 0x8000afb6 (0x00000800) c.addi4spn s0, sp, 16
core   0: 3 0x8000afb6 (0x0800) x 8 0x00000011
core   0: 0x8000afb8 (0x00fbdc93) srli    s9, s7, 15
core   0: 3 0x8000afb8 (0x00fbdc93) x25 0x0001ffff
core   0: 0x8000afbc (0xff0ffa13) andi    s4, t6, -16
core   0: 3 0x8000afbc (0xff0ffa13) x20 0x000007b0
core   0: 0x8000afc0 (0x000010dd) c.addi  ra, -9
core   0: 3 0x8000afc0 (0x10dd) x 1 0xffffffee
core   0: 0x8000afc2 (0xff70d6e3) bge     ra, s7, pc - 20
core   0: 3 0x8000afc2 (0xff70d6e3)
core   0: 0x8000afc6 (0x029a9a33) mulh    s4, s5, s1
core   0: 3 0x8000afc6 (0x029a9a33) x20 0x00000000
core   0: 0x8000afca (0x0ff0000f) fence   iorw,iorw
core   0: 3 0x8000afca (0x0ff0000f)
core   0: 0x8000afce (0x0ff0000f) fence   iorw,iorw
core   0: 3 0x8000afce (0x0ff0000f)
core   0: 0x8000afd2 (0x00000001) c.nop
core   0: 3 0x8000afd2 (0x0001)
core   0: 0x8000afd4 (0x0000f379) c.bnez  a4, pc - 58
core   0: 3 0x8000afd4 (0xf379)
core   0: 0x8000afd6 (0x0078b633) sltu    a2, a7, t2
core   0: 3 0x8000afd6 (0x0078b633) x12 0x00000000
core   0: 0x8000afda (0x00011597) auipc   a1, 0x11
core   0: 3 0x8000afda (0x00011597) x11 0x8001bfda
core   0: 0x8000afde (0x3c858593) addi    a1, a1, 968
core   0: 3 0x8000afde (0x3c858593) x11 0x8001c3a2
core   0: 0x8000afe2 (0xfda586a3) sb      s10, -51(a1)
core   0: 3 0x8000afe2 (0xfda586a3) mem 0x8001c36f 0x1
core   0: 0x8000afe6 (0xfcd5c203) lbu     tp, -51(a1)
core   0: 3 0x8000afe6 (0xfcd5c203) x 4 0x00000001 mem 0x8001c36f
core   0: 0x8000afea (0x0d958a83) lb      s5, 217(a1)
core   0: 3 0x8000afea (0x0d958a83) x21 0xffffffcd mem 0x8001c47b
core   0: 0x8000afee (0x0d95cf83) lbu     t6, 217(a1)
core   0: 3 0x8000afee (0x0d95cf83) x31 0x000000cd mem 0x8001c47b
core   0: 0x8000aff2 (0x0ca58ca3) sb      a0, 217(a1)
core   0: 3 0x8000aff2 (0x0ca58ca3) mem 0x8001c47b 0x0
core   0: 0x8000aff6 (0x0d95cd83) lbu     s11, 217(a1)
core   0: 3 0x8000aff6 (0x0d95cd83) x27 0x00000000 mem 0x8001c47b
core   0: 0x8000affa (0x0000100f) fence.i
core   0: 3 0x8000affa (0x0000100f)
core   0: 0x8000affe (0x0ae5a303) lw      t1, 174(a1)
core   0: 3 0x8000affe (0x0ae5a303) x 6 0xfbafd52d mem 0x8001c450
core   0: 0x8000b002 (0x0b159723) sh      a7, 174(a1)
core   0: 3 0x8000b002 (0x0b159723) mem 0x8001c450 0x0000
core   0: 0x8000b006 (0x0ae58303) lb      t1, 174(a1)
core   0: 3 0x8000b006 (0x0ae58303) x 6 0x00000000 mem 0x8001c450
core   0: 0x8000b00a (0xf0259a03) lh      s4, -254(a1)
core   0: 3 0x8000b00a (0xf0259a03) x20 0x00005f30 mem 0x8001c2a4
core   0: 0x8000b00e (0x00018517) auipc   a0, 0x18
core   0: 3 0x8000b00e (0x00018517) x10 0x8002300e
core   0: 0x8000b012 (0x07250513) addi    a0, a0, 114
core   0: 3 0x8000b012 (0x07250513) x10 0x80023080
core   0: 0x8000b016 (0x00d287b3) add     a5, t0, a3
core   0: 3 0x8000b016 (0x00d287b3) x15 0x8002bd25
core   0: 0x8000b01a (0xc4452c2f) amominu.w s8, tp, (a0)
core   0: 3 0x8000b01a (0xc4452c2f) x24 0x00000094 mem 0x80023080 mem 0x80023080 0x00000001
core   0: 0x8000b01e (0xe435292f) amomaxu.w s2, gp, (a0)
core   0: 3 0x8000b01e (0xe435292f) x18 0x00000001 mem 0x80023080 mem 0x80023080 0xffffffde
core   0: 0x8000b022 (0x00018717) auipc   a4, 0x18
core   0: 3 0x8000b022 (0x00018717) x14 0x80023022
core   0: 0x8000b026 (0x05a70713) addi    a4, a4, 90
core   0: 3 0x8000b026 (0x05a70713) x14 0x8002307c
core   0: 0x8000b02a (0x10072eaf) lr.w    t4, (a4)
core   0: 3 0x8000b02a (0x10072eaf) x29 0x00000001 mem 0x8002307c
core   0: 0x8000b02e (0x00008199) c.srli  a1, 6
core   0: 3 0x8000b02e (0x8199) x11 0x0200070e
core   0: 0x8000b030 (0x1b572c2f) sc.w    s8, s5, (a4)
core   0: 3 0x8000b030 (0x1b572c2f) x24 0x00000000 mem 0x8002307c 0xffffffcd
core   0: 0x8000b034 (0x00018097) auipc   ra, 0x18
core   0: 3 0x8000b034 (0x00018097) x 1 0x80023034
core   0: 0x8000b038 (0x04008093) addi    ra, ra, 64
core   0: 3 0x8000b038 (0x04008093) x 1 0x80023074
core   0: 0x8000b03c (0x00000001) c.nop
core   0: 3 0x8000b03c (0x0001)
core   0: 0x8000b03e (0x40fd5cb3) sra     s9, s10, a5
core   0: 3 0x8000b03e (0x40fd5cb3) x25 0x00000000
core   0: 0x8000b042 (0x0066abb3) slt     s7, a3, t1
core   0: 3 0x8000b042 (0x0066abb3) x23 0x00000001
core   0: 0x8000b046 (0x014fd533) srl     a0, t6, s4
core   0: 3 0x8000b046 (0x014fd533) x10 0x00000000
core   0: 0x8000b04a (0x1200ab2f) lr.w    s6, (ra)
core   0: 3 0x8000b04a (0x1200ab2f) x22 0x0000009e mem 0x80023074
core   0: 0x8000b04e (0x40ec8bb3) sub     s7, s9, a4
core   0: 3 0x8000b04e (0x40ec8bb3) x23 0x7ffdcf84
core   0: 0x8000b052 (0x405685b3) sub     a1, a3, t0
core   0: 3 0x8000b052 (0x405685b3) x11 0x8002bd23
core   0: 0x8000b056 (0x01f52cb3) slt     s9, a0, t6
core   0: 3 0x8000b056 (0x01f52cb3) x25 0x00000001
core   0: 0x8000b05a (0x03c637b3) mulhu   a5, a2, t3
core   0: 3 0x8000b05a (0x03c637b3) x15 0x00000000
core   0: 0x8000b05e (0xaef78993) addi    s3, a5, -1297
core   0: 3 0x8000b05e (0xaef78993) x19 0xfffffaef
core   0: 0x8000b062 (0x40158433) sub     s0, a1, ra
core   0: 3 0x8000b062 (0x40158433) x 8 0x00008caf
core   0: 0x8000b066 (0x00006125) c.addi16sp sp, 96
core   0: 3 0x8000b066 (0x6125) x 2 0x00000061
core   0: 0x8000b068 (0x1b70ac2f) sc.w    s8, s7, (ra)
core   0: 3 0x8000b068 (0x1b70ac2f) x24 0x00000000 mem 0x80023074 0x7ffdcf84
core   0: 0x8000b06c (0x018000ef) jal     pc + 0x18
core   0: 3 0x8000b06c (0x018000ef) x 1 0x8000b070
core   0: 0x8000b084 (0x0000a009) c.j     pc + 2
core   0: 3 0x8000b084 (0xa009)
core   0: 0x8000b086 (0x00003fe5) c.jal   pc - 8
core   0: 3 0x8000b086 (0x3fe5) x 1 0x8000b088
core   0: 0x8000b07e (0x0000bffd) c.j     pc - 2
core   0: 3 0x8000b07e (0xbffd)
core   0: 0x8000b07c (0x0000bff5) c.j     pc - 4
core   0: 3 0x8000b07c (0xbff5)
core   0: 0x8000b078 (0x018008ef) jal     a7, pc + 0x18
core   0: 3 0x8000b078 (0x018008ef) x17 0x8000b07c
core   0: 0x8000b090 (0xfe5ffaef) jal     s5, pc - 0x1c
core   0: 3 0x8000b090 (0xfe5ffaef) x21 0x8000b094
core   0: 0x8000b074 (0x00003ff5) c.jal   pc - 4
core   0: 3 0x8000b074 (0x3ff5) x 1 0x8000b076
core   0: 0x8000b070 (0x010000ef) jal     pc + 0x10
core   0: 3 0x8000b070 (0x010000ef) x 1 0x8000b074
core   0: 0x8000b080 (0x00a0046f) jal     s0, pc + 0xa
core   0: 3 0x8000b080 (0x00a0046f) x 8 0x8000b084
core   0: 0x8000b08a (0x00002031) c.jal   pc + 12
core   0: 3 0x8000b08a (0x2031) x 1 0x8000b08c
core   0: 0x8000b096 (0x0000bffd) c.j     pc - 2
core   0: 3 0x8000b096 (0xbffd)
core   0: 0x8000b094 (0x00002011) c.jal   pc + 4
core   0: 3 0x8000b094 (0x2011) x 1 0x8000b096
core   0: 0x8000b098 (0xff1ff0ef) jal     pc - 0x10
core   0: 3 0x8000b098 (0xff1ff0ef) x 1 0x8000b09c
core   0: 0x8000b088 (0x0000a819) c.j     pc + 22
core   0: 3 0x8000b088 (0xa819)
core   0: 0x8000b09e (0x0000bffd) c.j     pc - 2
core   0: 3 0x8000b09e (0xbffd)
core   0: 0x8000b09c (0x00003fc5) c.jal   pc - 16
core   0: 3 0x8000b09c (0x3fc5) x 1 0x8000b09e
core   0: 0x8000b08c (0x014000ef) jal     pc + 0x14
core   0: 3 0x8000b08c (0x014000ef) x 1 0x8000b090
core   0: 0x8000b0a0 (0x0000bfd9) c.j     pc - 42
core   0: 3 0x8000b0a0 (0xbfd9)
core   0: 0x8000b076 (0x0000a035) c.j     pc + 44
core   0: 3 0x8000b076 (0xa035)
core   0: 0x8000b0a2 (0x00008c91) c.sub   s1, a2
core   0: 3 0x8000b0a2 (0x8c91) x 9 0x0000000c
core   0: 0x8000b0a4 (0x0000de97) auipc   t4, 0xd
core   0: 3 0x8000b0a4 (0x0000de97) x29 0x800180a4
core   0: 0x8000b0a8 (0xa21e8e93) addi    t4, t4, -1503
core   0: 3 0x8000b0a8 (0xa21e8e93) x29 0x80017ac5
core   0: 0x8000b0ac (0x00008717) auipc   a4, 0x8
core   0: 3 0x8000b0ac (0x00008717) x14 0x800130ac
core   0: 0x8000b0b0 (0xefd70713) addi    a4, a4, -259
core   0: 3 0x8000b0b0 (0xefd70713) x14 0x80012fa9
core   0: 0x8000b0b4 (0xfc7e8d23) sb      t2, -38(t4)
core   0: 3 0x8000b0b4 (0xfc7e8d23) mem 0x80017a9f 0x0
core   0: 0x8000b0b8 (0xfcc70083) lb      ra, -52(a4)
core   0: 3 0x8000b0b8 (0xfcc70083) x 1 0xffffffd2 mem 0x80012f75
core   0: 0x8000b0bc (0x035e9203) lh      tp, 53(t4)
core   0: 3 0x8000b0bc (0x035e9203) x 4 0x00001343 mem 0x80017afa
core   0: 0x8000b0c0 (0xfbc74a03) lbu     s4, -68(a4)
core   0: 3 0x8000b0c0 (0xfbc74a03) x20 0x000000ca mem 0x80012f65
core   0: 0x8000b0c4 (0x02a703a3) sb      a0, 39(a4)
core   0: 3 0x8000b0c4 (0x02a703a3) mem 0x80012fd0 0x0
core   0: 0x8000b0c8 (0xffeeada3) sw      t5, -5(t4)
core   0: 3 0x8000b0c8 (0xffeeada3) mem 0x80017ac0 0x00000000
core   0: 0x8000b0cc (0x020e8d83) lb      s11, 32(t4)
core   0: 3 0x8000b0cc (0x020e8d83) x27 0x0000001d mem 0x80017ae5
core   0: 0x8000b0d0 (0xf1274183) lbu     gp, -238(a4)
core   0: 3 0x8000b0d0 (0xf1274183) x 3 0x00000083 mem 0x80012ebb
core   0: 0x8000b0d4 (0xfffe87a3) sb      t6, -17(t4)
core   0: 3 0x8000b0d4 (0xfffe87a3) mem 0x80017ab4 0xcd
core   0: 0x8000b0d8 (0xf6175183) lhu     gp, -159(a4)
core   0: 3 0x8000b0d8 (0xf6175183) x 3 0x00009c74 mem 0x80012f0a
core   0: 0x8000b0dc (0xf7d71483) lh      s1, -131(a4)
core   0: 3 0x8000b0dc (0xf7d71483) x 9 0xffffe5ea mem 0x80012f26
core   0: 0x8000b0e0 (0xfc670903) lb      s2, -58(a4)
core   0: 3 0x8000b0e0 (0xfc670903) x18 0xffffffc3 mem 0x80012f6f
core   0: 0x8000b0e4 (0xfb970083) lb      ra, -71(a4)
core   0: 3 0x8000b0e4 (0xfb970083) x 1 0x00000050 mem 0x80012f62
core   0: 0x8000b0e8 (0x029ed983) lhu     s3, 41(t4)
core   0: 3 0x8000b0e8 (0x029ed983) x19 0x000037fa mem 0x80017aee
core   0: 0x8000b0ec (0x020e8f23) sb      zero, 62(t4)
core   0: 3 0x8000b0ec (0x020e8f23) mem 0x80017b03 0x0
core   0: 0x8000b0f0 (0xfc9ed983) lhu     s3, -55(t4)
core   0: 3 0x8000b0f0 (0xfc9ed983) x19 0x0000cc58 mem 0x80017a8e
core   0: 0x8000b0f4 (0xfd2e8da3) sb      s2, -37(t4)
core   0: 3 0x8000b0f4 (0xfd2e8da3) mem 0x80017aa0 0xc3
core   0: 0x8000b0f8 (0xfd170b23) sb      a7, -42(a4)
core   0: 3 0x8000b0f8 (0xfd170b23) mem 0x80012f7f 0x7c
core   0: 0x8000b0fc (0xfd6e8883) lb      a7, -42(t4)
core   0: 3 0x8000b0fc (0xfd6e8883) x17 0xffffff9e mem 0x80017a9b
core   0: 0x8000b100 (0xff074b83) lbu     s7, -16(a4)
core   0: 3 0x8000b100 (0xff074b83) x23 0x00000057 mem 0x80012f99
core   0: 0x8000b104 (0x016000ef) jal     pc + 0x16
core   0: 3 0x8000b104 (0x016000ef) x 1 0x8000b108
core   0: 0x8000b11a (0x004000ef) jal     pc + 0x4
core   0: 3 0x8000b11a (0x004000ef) x 1 0x8000b11e
core   0: 0x8000b11e (0x0000a831) c.j     pc + 28
core   0: 3 0x8000b11e (0xa831)
core   0: 0x8000b13a (0x00002011) c.jal   pc + 4
core   0: 3 0x8000b13a (0x2011) x 1 0x8000b13c
core   0: 0x8000b13e (0x000037f5) c.jal   pc - 20
core   0: 3 0x8000b13e (0x37f5) x 1 0x8000b140
core   0: 0x8000b12a (0x0000b7e5) c.j     pc - 24
core   0: 3 0x8000b12a (0xb7e5)
core   0: 0x8000b112 (0x0000202d) c.jal   pc + 42
core   0: 3 0x8000b112 (0x202d) x 1 0x8000b114
core   0: 0x8000b13c (0x0000b7f9) c.j     pc - 50
core   0: 3 0x8000b13c (0xb7f9)
core   0: 0x8000b10a (0x0000202d) c.jal   pc + 42
core   0: 3 0x8000b10a (0x202d) x 1 0x8000b10c
core   0: 0x8000b134 (0xfefff36f) jal     t1, pc - 0x12
core   0: 3 0x8000b134 (0xfefff36f) x 6 0x8000b138
core   0: 0x8000b122 (0xfedff0ef) jal     pc - 0x14
core   0: 3 0x8000b122 (0xfedff0ef) x 1 0x8000b126
core   0: 0x8000b10e (0x018000ef) jal     pc + 0x18
core   0: 3 0x8000b10e (0x018000ef) x 1 0x8000b112
core   0: 0x8000b126 (0x01a000ef) jal     pc + 0x1a
core   0: 3 0x8000b126 (0x01a000ef) x 1 0x8000b12a
core   0: 0x8000b140 (0x00a000ef) jal     pc + 0xa
core   0: 3 0x8000b140 (0x00a000ef) x 1 0x8000b144
core   0: 0x8000b14a (0x00003ffd) c.jal   pc - 2
core   0: 3 0x8000b14a (0x3ffd) x 1 0x8000b14c
core   0: 0x8000b148 (0x0000b7d5) c.j     pc - 28
core   0: 3 0x8000b148 (0xb7d5)
core   0: 0x8000b12c (0xfe1ff4ef) jal     s1, pc - 0x20
core   0: 3 0x8000b12c (0xfe1ff4ef) x 9 0x8000b130
core   0: 0x8000b10c (0x00002015) c.jal   pc + 36
core   0: 3 0x8000b10c (0x2015) x 1 0x8000b10e
core   0: 0x8000b130 (0xff1ff0ef) jal     pc - 0x10
core   0: 3 0x8000b130 (0xff1ff0ef) x 1 0x8000b134
core   0: 0x8000b120 (0x00002805) c.jal   pc + 48
core   0: 3 0x8000b120 (0x2805) x 1 0x8000b122
core   0: 0x8000b150 (0x004000ef) jal     pc + 0x4
core   0: 3 0x8000b150 (0x004000ef) x 1 0x8000b154
core   0: 0x8000b154 (0x00003fe5) c.jal   pc - 8
core   0: 3 0x8000b154 (0x3fe5) x 1 0x8000b156
core   0: 0x8000b14c (0xfedff0ef) jal     pc - 0x14
core   0: 3 0x8000b14c (0xfedff0ef) x 1 0x8000b150
core   0: 0x8000b138 (0x000037c5) c.jal   pc - 32
core   0: 3 0x8000b138 (0x37c5) x 1 0x8000b13a
core   0: 0x8000b118 (0x0000bfc5) c.j     pc - 16
core   0: 3 0x8000b118 (0xbfc5)
core   0: 0x8000b108 (0x0000a0b9) c.j     pc + 78
core   0: 3 0x8000b108 (0xa0b9)
core   0: 0x8000b156 (0x0000b7c1) c.j     pc - 64
core   0: 3 0x8000b156 (0xb7c1)
core   0: 0x8000b116 (0x00002805) c.jal   pc + 48
core   0: 3 0x8000b116 (0x2805) x 1 0x8000b118
core   0: 0x8000b146 (0x0000b7f9) c.j     pc - 50
core   0: 3 0x8000b146 (0xb7f9)
core   0: 0x8000b114 (0x0000a805) c.j     pc + 48
core   0: 3 0x8000b114 (0xa805)
core   0: 0x8000b144 (0x00002811) c.jal   pc + 20
core   0: 3 0x8000b144 (0x2811) x 1 0x8000b146
core   0: 0x8000b158 (0x0000816a) c.mv    sp, s10
core   0: 3 0x8000b158 (0x816a) x 2 0x00000001
core   0: 0x8000b15a (0x0000b797) auipc   a5, 0xb
core   0: 3 0x8000b15a (0x0000b797) x15 0x8001615a
core   0: 0x8000b15e (0x09c78793) addi    a5, a5, 156
core   0: 3 0x8000b15e (0x09c78793) x15 0x800161f6
core   0: 0x8000b162 (0x00012917) auipc   s2, 0x12
core   0: 3 0x8000b162 (0x00012917) x18 0x8001d162
core   0: 0x8000b166 (0xabb90913) addi    s2, s2, -1349
core   0: 3 0x8000b166 (0xabb90913) x18 0x8001cc1d
core   0: 0x8000b16a (0x08f78183) lb      gp, 143(a5)
core   0: 3 0x8000b16a (0x08f78183) x 3 0xffffffa8 mem 0x80016285
core   0: 0x8000b16e (0xdf494e83) lbu     t4, -524(s2)
core   0: 3 0x8000b16e (0xdf494e83) x29 0x0000006a mem 0x8001ca11
core   0: 0x8000b172 (0x2c290603) lb      a2, 706(s2)
core   0: 3 0x8000b172 (0x2c290603) x12 0xffffff8f mem 0x8001cedf
core   0: 0x8000b176 (0xf3078023) sb      a6, -224(a5)
core   0: 3 0x8000b176 (0xf3078023) mem 0x80016116 0x7c
core   0: 0x8000b17a (0x09c79703) lh      a4, 156(a5)
core   0: 3 0x8000b17a (0x09c79703) x14 0x00000b65 mem 0x80016292
core   0: 0x8000b17e (0xf7e79403) lh      s0, -130(a5)
core   0: 3 0x8000b17e (0xf7e79403) x 8 0x00000f3d mem 0x80016174
core   0: 0x8000b182 (0x36d95403) lhu     s0, 877(s2)
core   0: 3 0x8000b182 (0x36d95403) x 8 0x0000f2b2 mem 0x8001cf8a
core   0: 0x8000b186 (0x0a490b83) lb      s7, 164(s2)
core   0: 3 0x8000b186 (0x0a490b83) x23 0x0000002c mem 0x8001ccc1
core   0: 0x8000b18a (0xfc678283) lb      t0, -58(a5)
core   0: 3 0x8000b18a (0xfc678283) x 5 0x00000032 mem 0x800161bc
core   0: 0x8000b18e (0x84b90723) sb      a1, -1970(s2)
core   0: 3 0x8000b18e (0x84b90723) mem 0x8001c46b 0x23
core   0: 0x8000b192 (0x05b78ca3) sb      s11, 89(a5)
core   0: 3 0x8000b192 (0x05b78ca3) mem 0x8001624f 0x1d
core   0: 0x8000b196 (0xfcf7cb83) lbu     s7, -49(a5)
core   0: 3 0x8000b196 (0xfcf7cb83) x23 0x00000096 mem 0x800161c5
core   0: 0x8000b19a (0x0fd788a3) sb      t4, 241(a5)
core   0: 3 0x8000b19a (0x0fd788a3) mem 0x800162e7 0x6a
core   0: 0x8000b19e (0x4c195b83) lhu     s7, 1217(s2)
core   0: 3 0x8000b19e (0x4c195b83) x23 0x0000d8fa mem 0x8001d0de
core   0: 0x8000b1a2 (0xf527c183) lbu     gp, -174(a5)
core   0: 3 0x8000b1a2 (0xf527c183) x 3 0x000000e9 mem 0x80016148
core   0: 0x8000b1a6 (0xfc07dc03) lhu     s8, -64(a5)
core   0: 3 0x8000b1a6 (0xfc07dc03) x24 0x0000e9f5 mem 0x800161b6
core   0: 0x8000b1aa (0xc4a90e03) lb      t3, -950(s2)
core   0: 3 0x8000b1aa (0xc4a90e03) x28 0x00000063 mem 0x8001c867
core   0: 0x8000b1ae (0x01a000ef) jal     pc + 0x1a
core   0: 3 0x8000b1ae (0x01a000ef) x 1 0x8000b1b2
core   0: 0x8000b1c8 (0x00003fc5) c.jal   pc - 16
core   0: 3 0x8000b1c8 (0x3fc5) x 1 0x8000b1ca
core   0: 0x8000b1b8 (0x00002009) c.jal   pc + 2
core   0: 3 0x8000b1b8 (0x2009) x 1 0x8000b1ba
core   0: 0x8000b1ba (0x0000a831) c.j     pc + 28
core   0: 3 0x8000b1ba (0xa831)
core   0: 0x8000b1d6 (0x0000a011) c.j     pc + 4
core   0: 3 0x8000b1d6 (0xa011)
core   0: 0x8000b1da (0x0000bfdd) c.j     pc - 10
core   0: 3 0x8000b1da (0xbfdd)
core   0: 0x8000b1d0 (0xfe5ff0ef) jal     pc - 0x1c
core   0: 3 0x8000b1d0 (0xfe5ff0ef) x 1 0x8000b1d4
core   0: 0x8000b1b4 (0x016000ef) jal     pc + 0x16
core   0: 3 0x8000b1b4 (0x016000ef) x 1 0x8000b1b8
core   0: 0x8000b1ca (0xff5ff0ef) jal     pc - 0xc
core   0: 3 0x8000b1ca (0xff5ff0ef) x 1 0x8000b1ce
core   0: 0x8000b1be (0x0000a801) c.j     pc + 16
core   0: 3 0x8000b1be (0xa801)
core   0: 0x8000b1ce (0x00003fcd) c.jal   pc - 14
core   0: 3 0x8000b1ce (0x3fcd) x 1 0x8000b1d0
core   0: 0x8000b1c0 (0x014000ef) jal     pc + 0x14
core   0: 3 0x8000b1c0 (0x014000ef) x 1 0x8000b1c4
core   0: 0x8000b1d4 (0x00003ff9) c.jal   pc - 34
core   0: 3 0x8000b1d4 (0x3ff9) x 1 0x8000b1d6
core   0: 0x8000b1b2 (0x0000a01d) c.j     pc + 38
core   0: 3 0x8000b1b2 (0xa01d)
core   0: 0x8000b1d8 (0x00002011) c.jal   pc + 4
core   0: 3 0x8000b1d8 (0x2011) x 1 0x8000b1da
core   0: 0x8000b1dc (0x0000b7ed) c.j     pc - 22
core   0: 3 0x8000b1dc (0xb7ed)
core   0: 0x8000b1c6 (0x0000bffd) c.j     pc - 2
core   0: 3 0x8000b1c6 (0xbffd)
core   0: 0x8000b1c4 (0x00003fe5) c.jal   pc - 8
core   0: 3 0x8000b1c4 (0x3fe5) x 1 0x8000b1c6
core   0: 0x8000b1bc (0x0000200d) c.jal   pc + 34
core   0: 3 0x8000b1bc (0x200d) x 1 0x8000b1be
core   0: 0x8000b1de (0x0000a009) c.j     pc + 2
core   0: 3 0x8000b1de (0xa009)
core   0: 0x8000b1e0 (0x00000001) c.nop
core   0: 3 0x8000b1e0 (0x0001)
core   0: 0x8000b1e2 (0x00018097) auipc   ra, 0x18
core   0: 3 0x8000b1e2 (0x00018097) x 1 0x800231e2
core   0: 0x8000b1e6 (0xe6e08093) addi    ra, ra, -402
core   0: 3 0x8000b1e6 (0xe6e08093) x 1 0x80023050
core   0: 0x8000b1ea (0x00b0a92f) amoadd.w s2, a1, (ra)
core   0: 3 0x8000b1ea (0x00b0a92f) x18 0x80027e7c mem 0x80023050 mem 0x80023050 0x00053b9f
core   0: 0x8000b1ee (0x0ccfb613) sltiu   a2, t6, 204
core   0: 3 0x8000b1ee (0x0ccfb613) x12 0x00000000
core   0: 0x8000b1f2 (0xc100abaf) amominu.w s7, a6, (ra)
core   0: 3 0x8000b1f2 (0xc100abaf) x23 0x00053b9f mem 0x80023050 mem 0x80023050 0x00053b9f
core   0: 0x8000b1f6 (0xc550a8af) amominu.w a7, s5, (ra)
core   0: 3 0x8000b1f6 (0xc550a8af) x17 0x00053b9f mem 0x80023050 mem 0x80023050 0x00053b9f
core   0: 0x8000b1fa (0x00f0ac2f) amoadd.w s8, a5, (ra)
core   0: 3 0x8000b1fa (0x00f0ac2f) x24 0x00053b9f mem 0x80023050 mem 0x80023050 0x80069d95
core   0: 0x8000b1fe (0xe460acaf) amomaxu.w s9, t1, (ra)
core   0: 3 0x8000b1fe (0xe460acaf) x25 0x80069d95 mem 0x80023050 mem 0x80023050 0x80069d95
core   0: 0x8000b202 (0x8240a52f) amomin.w a0, tp, (ra)
core   0: 3 0x8000b202 (0x8240a52f) x10 0x80069d95 mem 0x80023050 mem 0x80023050 0x80069d95
core   0: 0x8000b206 (0x0000db17) auipc   s6, 0xd
core   0: 3 0x8000b206 (0x0000db17) x22 0x80018206
core   0: 0x8000b20a (0x67cb0b13) addi    s6, s6, 1660
core   0: 3 0x8000b20a (0x67cb0b13) x22 0x80018882
core   0: 0x8000b20e (0xffeb4f03) lbu     t5, -2(s6)
core   0: 3 0x8000b20e (0xffeb4f03) x30 0x000000ff mem 0x80018880
core   0: 0x8000b212 (0x003b4703) lbu     a4, 3(s6)
core   0: 3 0x8000b212 (0x003b4703) x14 0x00000012 mem 0x80018885
core   0: 0x8000b216 (0xffeb5703) lhu     a4, -2(s6)
core   0: 3 0x8000b216 (0xffeb5703) x14 0x0000c8ff mem 0x80018880
core   0: 0x8000b21a (0x009b0a03) lb      s4, 9(s6)
core   0: 3 0x8000b21a (0x009b0a03) x20 0x0000004f mem 0x8001888b
core   0: 0x8000b21e (0xfffb4703) lbu     a4, -1(s6)
core   0: 3 0x8000b21e (0xfffb4703) x14 0x000000c8 mem 0x80018881
core   0: 0x8000b222 (0xff0b5883) lhu     a7, -16(s6)
core   0: 3 0x8000b222 (0xff0b5883) x17 0x0000fb2e mem 0x80018872
core   0: 0x8000b226 (0x00000001) c.nop
core   0: 3 0x8000b226 (0x0001)
core   0: 0x8000b228 (0x910e7f13) andi    t5, t3, -1776
core   0: 3 0x8000b228 (0x910e7f13) x30 0x00000000
core   0: 0x8000b22c (0x00009e52) c.add   t3, s4
core   0: 3 0x8000b22c (0x9e52) x28 0x000000b2
core   0: 0x8000b22e (0x40ef5e33) sra     t3, t5, a4
core   0: 3 0x8000b22e (0x40ef5e33) x28 0x00000000
core   0: 0x8000b232 (0x01175e33) srl     t3, a4, a7
core   0: 3 0x8000b232 (0x01175e33) x28 0x00000000
core   0: 0x8000b236 (0xffbef893) andi    a7, t4, -5
core   0: 3 0x8000b236 (0xffbef893) x17 0x0000006a
core   0: 0x8000b23a (0x034e38b3) mulhu   a7, t3, s4
core   0: 3 0x8000b23a (0x034e38b3) x17 0x00000000
core   0: 0x8000b23e (0x01cb05a3) sb      t3, 11(s6)
core   0: 3 0x8000b23e (0x01cb05a3) mem 0x8001888d 0x0
core   0: 0x8000b242 (0x803a0e13) addi    t3, s4, -2045
core   0: 3 0x8000b242 (0x803a0e13) x28 0xfffff852
core   0: 0x8000b246 (0x01da2f33) slt     t5, s4, t4
core   0: 3 0x8000b246 (0x01da2f33) x30 0x00000001
core   0: 0x8000b24a (0x90af2a13) slti    s4, t5, -1782
core   0: 3 0x8000b24a (0x90af2a13) x20 0x00000000
core   0: 0x8000b24e (0x01d74a33) xor     s4, a4, t4
core   0: 3 0x8000b24e (0x01d74a33) x20 0x000000a2
core   0: 0x8000b252 (0x034e5a33) divu    s4, t3, s4
core   0: 3 0x8000b252 (0x034e5a33) x20 0x01948b03
core   0: 0x8000b256 (0x007b4a03) lbu     s4, 7(s6)
core   0: 3 0x8000b256 (0x007b4a03) x20 0x000000a4 mem 0x80018889
core   0: 0x8000b25a (0x41d88733) sub     a4, a7, t4
core   0: 3 0x8000b25a (0x41d88733) x14 0xffffff96
core   0: 0x8000b25e (0x01ee4e33) xor     t3, t3, t5
core   0: 3 0x8000b25e (0x01ee4e33) x28 0xfffff853
core   0: 0x8000b262 (0x000b4703) lbu     a4, 0(s6)
core   0: 3 0x8000b262 (0x000b4703) x14 0x00000024 mem 0x80018882
core   0: 0x8000b266 (0x41ee8a33) sub     s4, t4, t5
core   0: 3 0x8000b266 (0x41ee8a33) x20 0x00000069
core   0: 0x8000b26a (0x01cb1023) sh      t3, 0(s6)
core   0: 3 0x8000b26a (0x01cb1023) mem 0x80018882 0xf853
core   0: 0x8000b26e (0x014b0523) sb      s4, 10(s6)
core   0: 3 0x8000b26e (0x014b0523) mem 0x8001888c 0x69
core   0: 0x8000b272 (0xffbb0e03) lb      t3, -5(s6)
core   0: 3 0x8000b272 (0xffbb0e03) x28 0xffffff9c mem 0x8001887d
core   0: 0x8000b276 (0x00ba5713) srli    a4, s4, 11
core   0: 3 0x8000b276 (0x00ba5713) x14 0x00000000
core   0: 0x8000b27a (0x00008f19) c.sub   a4, a4
core   0: 3 0x8000b27a (0x8f19) x14 0x00000000
core   0: 0x8000b27c (0x01db06a3) sb      t4, 13(s6)
core   0: 3 0x8000b27c (0x01db06a3) mem 0x8001888f 0x6a
core   0: 0x8000b280 (0x01ce98b3) sll     a7, t4, t3
core   0: 3 0x8000b280 (0x01ce98b3) x17 0xa0000000
core   0: 0x8000b284 (0x00006e5d) c.lui   t3, 0x17
core   0: 3 0x8000b284 (0x6e5d) x28 0x00017000
core   0: 0x8000b286 (0x03d88733) mul     a4, a7, t4
core   0: 3 0x8000b286 (0x03d88733) x14 0x40000000
core   0: 0x8000b28a (0x00000001) c.nop
core   0: 3 0x8000b28a (0x0001)
core   0: 0x8000b28c (0x011b04a3) sb      a7, 9(s6)
core   0: 3 0x8000b28c (0x011b04a3) mem 0x8001888b 0x0
core   0: 0x8000b290 (0x85b66f17) auipc   t5, 0x85b66
core   0: 3 0x8000b290 (0x85b66f17) x30 0x05b71290
core   0: 0x8000b294 (0x0ff0000f) fence   iorw,iorw
core   0: 3 0x8000b294 (0x0ff0000f)
core   0: 0x8000b298 (0x011f6a33) or      s4, t5, a7
core   0: 3 0x8000b298 (0x011f6a33) x20 0xa5b71290
core   0: 0x8000b29c (0x011f4f33) xor     t5, t5, a7
core   0: 3 0x8000b29c (0x011f4f33) x30 0xa5b71290
core   0: 0x8000b2a0 (0x00009e76) c.add   t3, t4
core   0: 3 0x8000b2a0 (0x9e76) x28 0x0001706a
core   0: 0x8000b2a2 (0x01db1723) sh      t4, 14(s6)
core   0: 3 0x8000b2a2 (0x01db1723) mem 0x80018890 0x006a
core   0: 0x8000b2a6 (0x00eb5703) lhu     a4, 14(s6)
core   0: 3 0x8000b2a6 (0x00eb5703) x14 0x0000006a mem 0x80018890
core   0: 0x8000b2aa (0x01ea2a33) slt     s4, s4, t5
core   0: 3 0x8000b2aa (0x01ea2a33) x20 0x00000000
core   0: 0x8000b2ae (0x000b0f03) lb      t5, 0(s6)
core   0: 3 0x8000b2ae (0x000b0f03) x30 0x00000053 mem 0x80018882
core   0: 0x8000b2b2 (0xffeb09a3) sb      t5, -13(s6)
core   0: 3 0x8000b2b2 (0xffeb09a3) mem 0x80018875 0x53
core   0: 0x8000b2b6 (0xffcb0da3) sb      t3, -5(s6)
core   0: 3 0x8000b2b6 (0xffcb0da3) mem 0x8001887d 0x6a
core   0: 0x8000b2ba (0x01cb07a3) sb      t3, 15(s6)
core   0: 3 0x8000b2ba (0x01cb07a3) mem 0x80018891 0x6a
core   0: 0x8000b2be (0x03de3733) mulhu   a4, t3, t4
core   0: 3 0x8000b2be (0x03de3733) x14 0x00000000
core   0: 0x8000b2c2 (0xffeb1823) sh      t5, -16(s6)
core   0: 3 0x8000b2c2 (0xffeb1823) mem 0x80018872 0x0053
core   0: 0x8000b2c6 (0x01eb2723) sw      t5, 14(s6)
core   0: 3 0x8000b2c6 (0x01eb2723) mem 0x80018890 0x00000053
core   0: 0x8000b2ca (0x00018617) auipc   a2, 0x18
core   0: 3 0x8000b2ca (0x00018617) x12 0x800232ca
core   0: 0x8000b2ce (0xdb660613) addi    a2, a2, -586
core   0: 3 0x8000b2ce (0xdb660613) x12 0x80023080
core   0: 0x8000b2d2 (0x1206292f) lr.w    s2, (a2)
core   0: 3 0x8000b2d2 (0x1206292f) x18 0xffffffde mem 0x80023080
core   0: 0x8000b2d6 (0x02dfa0b3) mulhsu  ra, t6, a3
core   0: 3 0x8000b2d6 (0x02dfa0b3) x 1 0x00000066
core   0: 0x8000b2da (0x02ca2c33) mulhsu  s8, s4, a2
core   0: 3 0x8000b2da (0x02ca2c33) x24 0x00000000
core   0: 0x8000b2de (0x19362e2f) sc.w    t3, s3, (a2)
core   0: 3 0x8000b2de (0x19362e2f) x28 0x00000000 mem 0x80023080 0x0000cc58
core   0: 0x8000b2e2 (0x00018217) auipc   tp, 0x18
core   0: 3 0x8000b2e2 (0x00018217) x 4 0x800232e2
core   0: 0x8000b2e6 (0xd7620213) addi    tp, tp, -650
core   0: 3 0x8000b2e6 (0xd7620213) x 4 0x80023058
core   0: 0x8000b2ea (0x018b1a13) slli    s4, s6, 24
core   0: 3 0x8000b2ea (0x018b1a13) x20 0x82000000
core   0: 0x8000b2ee (0x41865513) srai    a0, a2, 24
core   0: 3 0x8000b2ee (0x41865513) x10 0xffffff80
core   0: 0x8000b2f2 (0x00000001) c.nop
core   0: 3 0x8000b2f2 (0x0001)
core   0: 0x8000b2f4 (0x120229af) lr.w    s3, (tp)
core   0: 3 0x8000b2f4 (0x120229af) x19 0x00000000 mem 0x80023058
core   0: 0x8000b2f8 (0x0114df93) srli    t6, s1, 17
core   0: 3 0x8000b2f8 (0x0114df93) x31 0x00004000
core   0: 0x8000b2fc (0x00000784) c.addi4spn s1, sp, 960
core   0: 3 0x8000b2fc (0x0784) x 9 0x000003c1
core   0: 0x8000b2fe (0x1d32272f) sc.w    a4, s3, (tp)
core   0: 3 0x8000b2fe (0x1d32272f) x14 0x00000000 mem 0x80023058 0x00000000
core   0: 0x8000b302 (0x00018d97) auipc   s11, 0x18
core   0: 3 0x8000b302 (0x00018d97) x27 0x80023302
core   0: 0x8000b306 (0xd6ed8d93) addi    s11, s11, -658
core   0: 3 0x8000b306 (0xd6ed8d93) x27 0x80023070
core   0: 0x8000b30a (0x00018517) auipc   a0, 0x18
core   0: 3 0x8000b30a (0x00018517) x10 0x8002330a
core   0: 0x8000b30e (0xd6650513) addi    a0, a0, -666
core   0: 3 0x8000b30e (0xd6650513) x10 0x80023070
core   0: 0x8000b312 (0x8045232f) amomin.w t1, tp, (a0)
core   0: 3 0x8000b312 (0x8045232f) x 6 0x8002b824 mem 0x80023070 mem 0x80023070 0x80023058
core   0: 0x8000b316 (0x81052d2f) amomin.w s10, a6, (a0)
core   0: 3 0x8000b316 (0x81052d2f) x26 0x80023058 mem 0x80023070 mem 0x80023070 0x80023058
core   0: 0x8000b31a (0x25e527af) amoxor.w a5, t5, (a0)
core   0: 3 0x8000b31a (0x25e527af) x15 0x80023058 mem 0x80023070 mem 0x80023070 0x8002300b
core   0: 0x8000b31e (0x04452e2f) amoadd.w t3, tp, (a0)
core   0: 3 0x8000b31e (0x04452e2f) x28 0x8002300b mem 0x80023070 mem 0x80023070 0x00046063
core   0: 0x8000b322 (0x24edacaf) amoxor.w s9, a4, (s11)
core   0: 3 0x8000b322 (0x24edacaf) x25 0x00046063 mem 0x80023070 mem 0x80023070 0x00046063
core   0: 0x8000b326 (0x00018097) auipc   ra, 0x18
core   0: 3 0x8000b326 (0x00018097) x 1 0x80023326
core   0: 0x8000b32a (0xd3608093) addi    ra, ra, -714
core   0: 3 0x8000b32a (0xd3608093) x 1 0x8002305c
core   0: 0x8000b32e (0x0000717d) c.addi16sp sp, -16
core   0: 3 0x8000b32e (0x717d) x 2 0xfffffff1
core   0: 0x8000b330 (0x00008595) c.srai  a1, 5
core   0: 3 0x8000b330 (0x8595) x11 0xfc0015e9
core   0: 0x8000b332 (0x015b1b33) sll     s6, s6, s5
core   0: 3 0x8000b332 (0x015b1b33) x22 0x88200000
core   0: 0x8000b336 (0xe370a7af) amomaxu.w a5, s7, (ra)
core   0: 3 0x8000b336 (0xe370a7af) x15 0x00000001 mem 0x8002305c mem 0x8002305c 0x00053b9f
core   0: 0x8000b33a (0xc140a52f) amominu.w a0, s4, (ra)
core   0: 3 0x8000b33a (0xc140a52f) x10 0x00053b9f mem 0x8002305c mem 0x8002305c 0x00053b9f
core   0: 0x8000b33e (0xa3a0a42f) amomax.w s0, s10, (ra)
core   0: 3 0x8000b33e (0xa3a0a42f) x 8 0x00053b9f mem 0x8002305c mem 0x8002305c 0x00053b9f
core   0: 0x8000b342 (0x0000100f) fence.i
core   0: 3 0x8000b342 (0x0000100f)
core   0: 0x8000b346 (0xa1f0ab2f) amomax.w s6, t6, (ra)
core   0: 3 0x8000b346 (0xa1f0ab2f) x22 0x00053b9f mem 0x8002305c mem 0x8002305c 0x00053b9f
core   0: 0x8000b34a (0xa520a22f) amomax.w tp, s2, (ra)
core   0: 3 0x8000b34a (0xa520a22f) x 4 0x00053b9f mem 0x8002305c mem 0x8002305c 0x00053b9f
core   0: 0x8000b34e (0x01111a33) sll     s4, sp, a7
core   0: 3 0x8000b34e (0x01111a33) x20 0xfffffff1
core   0: 0x8000b352 (0x9f00e713) ori     a4, ra, -1552
core   0: 3 0x8000b352 (0x9f00e713) x14 0xfffff9fc
core   0: 0x8000b356 (0x41520733) sub     a4, tp, s5
core   0: 3 0x8000b356 (0x41520733) x14 0x80048b0b
core   0: 0x8000b35a (0x8210ad2f) amomin.w s10, ra, (ra)
core   0: 3 0x8000b35a (0x8210ad2f) x26 0x00053b9f mem 0x8002305c mem 0x8002305c 0x8002305c
core   0: 0x8000b35e (0x0280a22f) amoadd.w tp, s0, (ra)
core   0: 3 0x8000b35e (0x0280a22f) x 4 0x8002305c mem 0x8002305c mem 0x8002305c 0x80076bfb
core   0: 0x8000b362 (0x00007a97) auipc   s5, 0x7
core   0: 3 0x8000b362 (0x00007a97) x21 0x80012362
core   0: 0x8000b366 (0x24aa8a93) addi    s5, s5, 586
core   0: 3 0x8000b366 (0x24aa8a93) x21 0x800125ac
core   0: 0x8000b36a (0x00008f19) c.sub   a4, a4
core   0: 3 0x8000b36a (0x8f19) x14 0x00000000
core   0: 0x8000b36c (0x6a0adf03) lhu     t5, 1696(s5)
core   0: 3 0x8000b36c (0x6a0adf03) x30 0x0000d637 mem 0x80012c4c
core   0: 0x8000b370 (0x014ac7b3) xor     a5, s5, s4
core   0: 3 0x8000b370 (0x014ac7b3) x15 0x7ffeda5d
core   0: 0x8000b374 (0x645a87a3) sb      t0, 1615(s5)
core   0: 3 0x8000b374 (0x645a87a3) mem 0x80012bfb 0x32
core   0: 0x8000b378 (0x00008b4a) c.mv    s6, s2
core   0: 3 0x8000b378 (0x8b4a) x22 0xffffffde
core   0: 0x8000b37a (0x0000117d) c.addi  sp, -1
core   0: 3 0x8000b37a (0x117d) x 2 0xfffffff0
core   0: 0x8000b37c (0x00006741) c.lui   a4, 0x10
core   0: 3 0x8000b37c (0x6741) x14 0x00010000
core   0: 0x8000b37e (0x02adbd33) mulhu   s10, s11, a0
core   0: 3 0x8000b37e (0x02adbd33) x26 0x00029dda
core   0: 0x8000b382 (0x0077f133) and     sp, a5, t2
core   0: 3 0x8000b382 (0x0077f133) x 2 0x00000000
core   0: 0x8000b386 (0x1512a513) slti    a0, t0, 337
core   0: 3 0x8000b386 (0x1512a513) x10 0x00000001
core   0: 0x8000b38a (0x0000100f) fence.i
core   0: 3 0x8000b38a (0x0000100f)
core   0: 0x8000b38e (0x02960e33) mul     t3, a2, s1
core   0: 3 0x8000b38e (0x02960e33) x28 0x88381080
core   0: 0x8000b392 (0x02229c33) mulh    s8, t0, sp
core   0: 3 0x8000b392 (0x02229c33) x24 0x00000000
core   0: 0x8000b396 (0x01005793) srli    a5, zero, 16
core   0: 3 0x8000b396 (0x01005793) x15 0x00000000
core   0: 0x8000b39a (0x02562c33) mulhsu  s8, a2, t0
core   0: 3 0x8000b39a (0x02562c33) x24 0xffffffe7
core   0: 0x8000b39e (0x417a88a3) sb      s7, 1041(s5)
core   0: 3 0x8000b39e (0x417a88a3) mem 0x800129bd 0x9f
core   0: 0x8000b3a2 (0x41e5d893) srai    a7, a1, 30
core   0: 3 0x8000b3a2 (0x41e5d893) x17 0xffffffff
core   0: 0x8000b3a6 (0x00cbde93) srli    t4, s7, 12
core   0: 3 0x8000b3a6 (0x00cbde93) x29 0x00000053
core   0: 0x8000b3aa (0x133ac083) lbu     ra, 307(s5)
core   0: 3 0x8000b3aa (0x133ac083) x 1 0x000000fd mem 0x800126df
core   0: 0x8000b3ae (0xbeba8c03) lb      s8, -1045(s5)
core   0: 3 0x8000b3ae (0xbeba8c03) x24 0xffffff87 mem 0x80012197
core   0: 0x8000b3b2 (0x000080bd) c.srli  s1, 15
core   0: 3 0x8000b3b2 (0x80bd) x 9 0x00000000
core   0: 0x8000b3b4 (0x40d25313) srai    t1, tp, 13
core   0: 3 0x8000b3b4 (0x40d25313) x 6 0xfffc0011
core   0: 0x8000b3b8 (0x000002c6) c.slli  t0, 17
core   0: 3 0x8000b3b8 (0x02c6) x 5 0x00640000
core   0: 0x8000b3ba (0xecca8623) sb      a2, -308(s5)
core   0: 3 0x8000b3ba (0xecca8623) mem 0x80012478 0x80
core   0: 0x8000b3be (0x01e8d8b3) srl     a7, a7, t5
core   0: 3 0x8000b3be (0x01e8d8b3) x17 0x000001ff
core   0: 0x8000b3c2 (0x221aa423) sw      ra, 552(s5)
core   0: 3 0x8000b3c2 (0x221aa423) mem 0x800127d4 0x000000fd
core   0: 0x8000b3c6 (0x013bd213) srli    tp, s7, 19
core   0: 3 0x8000b3c6 (0x013bd213) x 4 0x00000000
core   0: 0x8000b3ca (0xfe9ac883) lbu     a7, -23(s5)
core   0: 3 0x8000b3ca (0xfe9ac883) x17 0x000000d7 mem 0x80012595
core   0: 0x8000b3ce (0x000069d9) c.lui   s3, 0x16
core   0: 3 0x8000b3ce (0x69d9) x19 0x00016000
core   0: 0x8000b3d0 (0x00000690) c.addi4spn a2, sp, 832
core   0: 3 0x8000b3d0 (0x0690) x12 0x00000340
core   0: 0x8000b3d2 (0x00008341) c.srli  a4, 16
core   0: 3 0x8000b3d2 (0x8341) x14 0x00000001
core   0: 0x8000b3d4 (0x11fbb213) sltiu   tp, s7, 287
core   0: 3 0x8000b3d4 (0x11fbb213) x 4 0x00000000
core   0: 0x8000b3d8 (0x00001280) c.addi4spn s0, sp, 352
core   0: 3 0x8000b3d8 (0x1280) x 8 0x00000160
core   0: 0x8000b3da (0xa90234b7) lui     s1, 0xa9023
core   0: 3 0x8000b3da (0xa90234b7) x 9 0xa9023000
core   0: 0x8000b3de (0x0d2a8083) lb      ra, 210(s5)
core   0: 3 0x8000b3de (0x0d2a8083) x 1 0x00000044 mem 0x8001267e
core   0: 0x8000b3e2 (0x65ea8403) lb      s0, 1630(s5)
core   0: 3 0x8000b3e2 (0x65ea8403) x 8 0xffffffa1 mem 0x80012c0a
core   0: 0x8000b3e6 (0x00018b17) auipc   s6, 0x18
core   0: 3 0x8000b3e6 (0x00018b17) x22 0x800233e6
core   0: 0x8000b3ea (0xc9eb0b13) addi    s6, s6, -866
core   0: 3 0x8000b3ea (0xc9eb0b13) x22 0x80023084
core   0: 0x8000b3ee (0x03c94bb3) div     s7, s2, t3
core   0: 3 0x8000b3ee (0x03c94bb3) x23 0x00000000
core   0: 0x8000b3f2 (0x031c7f33) remu    t5, s8, a7
core   0: 3 0x8000b3f2 (0x031c7f33) x30 0x0000006e
core   0: 0x8000b3f6 (0x41408533) sub     a0, ra, s4
core   0: 3 0x8000b3f6 (0x41408533) x10 0x00000053
core   0: 0x8000b3fa (0xdca48413) addi    s0, s1, -566
core   0: 3 0x8000b3fa (0xdca48413) x 8 0xa9022dca
core   0: 0x8000b3fe (0x033dba33) mulhu   s4, s11, s3
core   0: 3 0x8000b3fe (0x033dba33) x20 0x0000b003
core   0: 0x8000b402 (0x00008cc1) c.or    s1, s0
core   0: 3 0x8000b402 (0x8cc1) x 9 0xa9023dca
core   0: 0x8000b404 (0x140b20af) lr.w    ra, (s6)
core   0: 3 0x8000b404 (0x140b20af) x 1 0xaa4dcbfc mem 0x80023084
core   0: 0x8000b408 (0x00008fe1) c.and   a5, s0
core   0: 3 0x8000b408 (0x8fe1) x15 0x00000000
core   0: 0x8000b40a (0x01cc5e93) srli    t4, s8, 28
core   0: 3 0x8000b40a (0x01cc5e93) x29 0x0000000f
core   0: 0x8000b40e (0x0032bab3) sltu    s5, t0, gp
core   0: 3 0x8000b40e (0x0032bab3) x21 0x00000000
core   0: 0x8000b412 (0x000060b9) c.lui   ra, 0xe
core   0: 3 0x8000b412 (0x60b9) x 1 0x0000e000
core   0: 0x8000b414 (0x1d5b292f) sc.w    s2, s5, (s6)
core   0: 3 0x8000b414 (0x1d5b292f) x18 0x00000000 mem 0x80023084 0x00000000
core   0: 0x8000b418 (0x00018c97) auipc   s9, 0x18
core   0: 3 0x8000b418 (0x00018c97) x25 0x80023418
core   0: 0x8000b41c (0xc3cc8c93) addi    s9, s9, -964
core   0: 3 0x8000b41c (0xc3cc8c93) x25 0x80023054
core   0: 0x8000b420 (0x0ff0000f) fence   iorw,iorw
core   0: 3 0x8000b420 (0x0ff0000f)
core   0: 0x8000b424 (0x84bca0af) amomin.w ra, a1, (s9)
core   0: 3 0x8000b424 (0x84bca0af) x 1 0x00000000 mem 0x80023054 mem 0x80023054 0xfc0015e9
core   0: 0x8000b428 (0x400ca52f) amoor.w a0, zero, (s9)
core   0: 3 0x8000b428 (0x400ca52f) x10 0xfc0015e9 mem 0x80023054 mem 0x80023054 0xfc0015e9
core   0: 0x8000b42c (0xc5bca42f) amominu.w s0, s11, (s9)
core   0: 3 0x8000b42c (0xc5bca42f) x 8 0xfc0015e9 mem 0x80023054 mem 0x80023054 0x80023070
core   0: 0x8000b430 (0x00010197) auipc   gp, 0x10
core   0: 3 0x8000b430 (0x00010197) x 3 0x8001b430
core   0: 0x8000b434 (0x88318193) addi    gp, gp, -1917
core   0: 3 0x8000b434 (0x88318193) x 3 0x8001acb3
core   0: 0x8000b438 (0x61c00013) li      zero, 1564
core   0: 3 0x8000b438 (0x61c00013)
core   0: 0x8000b43c (0x00008d29) c.xor   a0, a0
core   0: 3 0x8000b43c (0x8d29) x10 0x00000000
core   0: 0x8000b43e (0x10619ea3) sh      t1, 285(gp)
core   0: 3 0x8000b43e (0x10619ea3) mem 0x8001add0 0x0011
core   0: 0x8000b442 (0x4bf18a23) sb      t6, 1204(gp)
core   0: 3 0x8000b442 (0x4bf18a23) mem 0x8001b167 0x0
core   0: 0x8000b446 (0x9411a903) lw      s2, -1727(gp)
core   0: 3 0x8000b446 (0x9411a903) x18 0xf8e55f21 mem 0x8001a5f4
core   0: 0x8000b44a (0x00008159) c.srli  a0, 22
core   0: 3 0x8000b44a (0x8159) x10 0x00000000
core   0: 0x8000b44c (0x5b103917) auipc   s2, 0x5b103
core   0: 3 0x8000b44c (0x5b103917) x18 0xdb10e44c
core   0: 0x8000b450 (0x846189a3) sb      t1, -1965(gp)
core   0: 3 0x8000b450 (0x846189a3) mem 0x8001a506 0x11
core   0: 0x8000b454 (0xcd218b23) sb      s2, -810(gp)
core   0: 3 0x8000b454 (0xcd218b23) mem 0x8001a989 0x4c
core   0: 0x8000b458 (0x00008505) c.srai  a0, 1
core   0: 3 0x8000b458 (0x8505) x10 0x00000000
core   0: 0x8000b45a (0x00005ffd) c.li    t6, -1
core   0: 3 0x8000b45a (0x5ffd) x31 0xffffffff
core   0: 0x8000b45c (0x03731333) mulh    t1, t1, s7
core   0: 3 0x8000b45c (0x03731333) x 6 0x00000000
core   0: 0x8000b460 (0x032ff533) remu    a0, t6, s2
core   0: 3 0x8000b460 (0x032ff533) x10 0x24ef1bb3
core   0: 0x8000b464 (0x00000001) c.nop
core   0: 3 0x8000b464 (0x0001)
core   0: 0x8000b466 (0x400b8bb3) sub     s7, s7, zero
core   0: 3 0x8000b466 (0x400b8bb3) x23 0x00000000
core   0: 0x8000b46a (0x00694333) xor     t1, s2, t1
core   0: 3 0x8000b46a (0x00694333) x 6 0xdb10e44c
core   0: 0x8000b46e (0xa4618923) sb      t1, -1454(gp)
core   0: 3 0x8000b46e (0xa4618923) mem 0x8001a705 0x4c
core   0: 0x8000b472 (0x292194a3) sh      s2, 649(gp)
core   0: 3 0x8000b472 (0x292194a3) mem 0x8001af3c 0xe44c
core   0: 0x8000b476 (0x8461c503) lbu     a0, -1978(gp)
core   0: 3 0x8000b476 (0x8461c503) x10 0x000000f8 mem 0x8001a4f9
core   0: 0x8000b47a (0x6131cf83) lbu     t6, 1555(gp)
core   0: 3 0x8000b47a (0x6131cf83) x31 0x00000072 mem 0x8001b2c6
core   0: 0x8000b47e (0x40690333) sub     t1, s2, t1
core   0: 3 0x8000b47e (0x40690333) x 6 0x00000000
core   0: 0x8000b482 (0xea71d303) lhu     t1, -345(gp)
core   0: 3 0x8000b482 (0xea71d303) x 6 0x0000374d mem 0x8001ab5a
core   0: 0x8000b486 (0x96a188a3) sb      a0, -1679(gp)
core   0: 3 0x8000b486 (0x96a188a3) mem 0x8001a624 0xf8
core   0: 0x8000b48a (0xf7f18f23) sb      t6, -130(gp)
core   0: 3 0x8000b48a (0xf7f18f23) mem 0x8001ac31 0x72
core   0: 0x8000b48e (0x0000090a) c.slli  s2, 2
core   0: 3 0x8000b48e (0x090a) x18 0x6c439130
core   0: 0x8000b490 (0x84d19b83) lh      s7, -1971(gp)
core   0: 3 0x8000b490 (0x84d19b83) x23 0xffffcd92 mem 0x8001a500
core   0: 0x8000b494 (0x03f32533) mulhsu  a0, t1, t6
core   0: 3 0x8000b494 (0x03f32533) x10 0x00000000
core   0: 0x8000b498 (0x0000997d) c.andi  a0, -1
core   0: 3 0x8000b498 (0x997d) x10 0x00000000
core   0: 0x8000b49a (0x00008d69) c.and   a0, a0
core   0: 3 0x8000b49a (0x8d69) x10 0x00000000
core   0: 0x8000b49c (0x00afc933) xor     s2, t6, a0
core   0: 3 0x8000b49c (0x00afc933) x18 0x00000072
core   0: 0x8000b4a0 (0x68018023) sb      zero, 1664(gp)
core   0: 3 0x8000b4a0 (0x68018023) mem 0x8001b333 0x0
core   0: 0x8000b4a4 (0xcfd54bb7) lui     s7, 0xcfd54
core   0: 3 0x8000b4a4 (0xcfd54bb7) x23 0xcfd54000
core   0: 0x8000b4a8 (0x7d51c303) lbu     t1, 2005(gp)
core   0: 3 0x8000b4a8 (0x7d51c303) x 6 0x00000016 mem 0x8001b488
core   0: 0x8000b4ac (0x00805b93) srli    s7, zero, 8
core   0: 3 0x8000b4ac (0x00805b93) x23 0x00000000
core   0: 0x8000b4b0 (0x4a41cb83) lbu     s7, 1188(gp)
core   0: 3 0x8000b4b0 (0x4a41cb83) x23 0x000000bd mem 0x8001b157
core   0: 0x8000b4b4 (0x9b837013) andi    zero, t1, -1608
core   0: 3 0x8000b4b4 (0x9b837013)
core   0: 0x8000b4b8 (0x020bc933) div     s2, s7, zero
core   0: 3 0x8000b4b8 (0x020bc933) x18 0xffffffff
core   0: 0x8000b4bc (0x00008d49) c.or    a0, a0
core   0: 3 0x8000b4bc (0x8d49) x10 0x00000000
core   0: 0x8000b4be (0xbd2191a3) sh      s2, -1085(gp)
core   0: 3 0x8000b4be (0xbd2191a3) mem 0x8001a876 0xffff
core   0: 0x8000b4c2 (0x00009417) auipc   s0, 0x9
core   0: 3 0x8000b4c2 (0x00009417) x 8 0x800144c2
core   0: 0x8000b4c6 (0x93740413) addi    s0, s0, -1737
core   0: 3 0x8000b4c6 (0x93740413) x 8 0x80013df9
core   0: 0x8000b4ca (0x4170d5b3) sra     a1, ra, s7
core   0: 3 0x8000b4ca (0x4170d5b3) x11 0x00000000
core   0: 0x8000b4ce (0x40b0db33) sra     s6, ra, a1
core   0: 3 0x8000b4ce (0x40b0db33) x22 0x00000000
core   0: 0x8000b4d2 (0xffd45603) lhu     a2, -3(s0)
core   0: 3 0x8000b4d2 (0xffd45603) x12 0x00000d2f mem 0x80013df6
core   0: 0x8000b4d6 (0x00006bf5) c.lui   s7, 0x1d
core   0: 3 0x8000b4d6 (0x6bf5) x23 0x0001d000
core   0: 0x8000b4d8 (0x02000b33) mul     s6, zero, zero
core   0: 3 0x8000b4d8 (0x02000b33) x22 0x00000000
core   0: 0x8000b4dc (0xfe140ea3) sb      ra, -3(s0)
core   0: 3 0x8000b4dc (0xfe140ea3) mem 0x80013df6 0x0
core   0: 0x8000b4e0 (0xffb41083) lh      ra, -5(s0)
core   0: 3 0x8000b4e0 (0xffb41083) x 1 0x00001290 mem 0x80013df4
core   0: 0x8000b4e4 (0x00cb2633) slt     a2, s6, a2
core   0: 3 0x8000b4e4 (0x00cb2633) x12 0x00000001
core   0: 0x8000b4e8 (0x00008e4d) c.or    a2, a1
core   0: 3 0x8000b4e8 (0x8e4d) x12 0x00000001
core   0: 0x8000b4ea (0xff140583) lb      a1, -15(s0)
core   0: 3 0x8000b4ea (0xff140583) x11 0x00000036 mem 0x80013dea
core   0: 0x8000b4ee (0x000645b3) xor     a1, a2, zero
core   0: 3 0x8000b4ee (0x000645b3) x11 0x00000001
core   0: 0x8000b4f2 (0xff640da3) sb      s6, -5(s0)
core   0: 3 0x8000b4f2 (0xff640da3) mem 0x80013df4 0x0
core   0: 0x8000b4f6 (0x00008e51) c.or    a2, a2
core   0: 3 0x8000b4f6 (0x8e51) x12 0x00000001
core   0: 0x8000b4f8 (0x00144603) lbu     a2, 1(s0)
core   0: 3 0x8000b4f8 (0x00144603) x12 0x00000032 mem 0x80013dfa
core   0: 0x8000b4fc (0x0015a033) slt     zero, a1, ra
core   0: 3 0x8000b4fc (0x0015a033)
core   0: 0x8000b500 (0x01640823) sb      s6, 16(s0)
core   0: 3 0x8000b500 (0x01640823) mem 0x80013e09 0x0
core   0: 0x8000b504 (0x02159633) mulh    a2, a1, ra
core   0: 3 0x8000b504 (0x02159633) x12 0x00000000
core   0: 0x8000b508 (0xff544603) lbu     a2, -11(s0)
core   0: 3 0x8000b508 (0xff544603) x12 0x000000d3 mem 0x80013dee
core   0: 0x8000b50c (0x414bd593) srai    a1, s7, 20
core   0: 3 0x8000b50c (0x414bd593) x11 0x00000000
core   0: 0x8000b510 (0x0000100f) fence.i
core   0: 3 0x8000b510 (0x0000100f)
core   0: 0x8000b514 (0xffa40b03) lb      s6, -6(s0)
core   0: 3 0x8000b514 (0xffa40b03) x22 0xfffffff8 mem 0x80013df3
core   0: 0x8000b518 (0xff640003) lb      zero, -10(s0)
core   0: 3 0x8000b518 (0xff640003) mem 0x80013def
core   0: 0x8000b51c (0x02cb5bb3) divu    s7, s6, a2
core   0: 3 0x8000b51c (0x02cb5bb3) x23 0x013698df
core   0: 0x8000b520 (0x00008e4d) c.or    a2, a1
core   0: 3 0x8000b520 (0x8e4d) x12 0x000000d3
core   0: 0x8000b522 (0x0000065a) c.slli  a2, 22
core   0: 3 0x8000b522 (0x065a) x12 0x34c00000
core   0: 0x8000b524 (0x00d45583) lhu     a1, 13(s0)
core   0: 3 0x8000b524 (0x00d45583) x11 0x00006511 mem 0x80013e06
core   0: 0x8000b528 (0x03766b33) rem     s6, a2, s7
core   0: 3 0x8000b528 (0x03766b33) x22 0x0094528b
core   0: 0x8000b52c (0xff640823) sb      s6, -16(s0)
core   0: 3 0x8000b52c (0xff640823) mem 0x80013de9 0x8b
core   0: 0x8000b530 (0x00008033) add     zero, ra, zero
core   0: 3 0x8000b530 (0x00008033)
core   0: 0x8000b534 (0xff240003) lb      zero, -14(s0)
core   0: 3 0x8000b534 (0xff240003) mem 0x80013deb
core   0: 0x8000b538 (0x000055fd) c.li    a1, -1
core   0: 3 0x8000b538 (0x55fd) x11 0xffffffff
core   0: 0x8000b53a (0x00008e4d) c.or    a2, a1
core   0: 3 0x8000b53a (0x8e4d) x12 0xffffffff
core   0: 0x8000b53c (0x01640123) sb      s6, 2(s0)
core   0: 3 0x8000b53c (0x01640123) mem 0x80013dfb 0x8b
core   0: 0x8000b540 (0x0000100f) fence.i
core   0: 3 0x8000b540 (0x0000100f)
core   0: 0x8000b544 (0x0205c5b3) div     a1, a1, zero
core   0: 3 0x8000b544 (0x0205c5b3) x11 0xffffffff
core   0: 0x8000b548 (0xfeb418a3) sh      a1, -15(s0)
core   0: 3 0x8000b548 (0xfeb418a3) mem 0x80013dea 0xffff
core   0: 0x8000b54c (0x1ff58093) addi    ra, a1, 511
core   0: 3 0x8000b54c (0x1ff58093) x 1 0x000001fe
core   0: 0x8000b550 (0xb81bbb93) sltiu   s7, s7, -1151
core   0: 3 0x8000b550 (0xb81bbb93) x23 0x00000001
core   0: 0x8000b554 (0xffb41083) lh      ra, -5(s0)
core   0: 3 0x8000b554 (0xffb41083) x 1 0x00001200 mem 0x80013df4
core   0: 0x8000b558 (0x00000001) c.nop
core   0: 3 0x8000b558 (0x0001)
core   0: 0x8000b55a (0xf525f593) andi    a1, a1, -174
core   0: 3 0x8000b55a (0xf525f593) x11 0xffffff52
core   0: 0x8000b55e (0x4165dbb3) sra     s7, a1, s6
core   0: 3 0x8000b55e (0x4165dbb3) x23 0xffffffff
core   0: 0x8000b562 (0x01065b13) srli    s6, a2, 16
core   0: 3 0x8000b562 (0x01065b13) x22 0x0000ffff
core   0: 0x8000b566 (0x02101b33) mulh    s6, zero, ra
core   0: 3 0x8000b566 (0x02101b33) x22 0x00000000
core   0: 0x8000b56a (0x0000660d) c.lui   a2, 0x3
core   0: 3 0x8000b56a (0x660d) x12 0x00003000
core   0: 0x8000b56c (0x35764b93) xori    s7, a2, 855
core   0: 3 0x8000b56c (0x35764b93) x23 0x00003357
core   0: 0x8000b570 (0x01740723) sb      s7, 14(s0)
core   0: 3 0x8000b570 (0x01740723) mem 0x80013e07 0x57
core   0: 0x8000b574 (0xffd41b83) lh      s7, -3(s0)
core   0: 3 0x8000b574 (0xffd41b83) x23 0x00000d00 mem 0x80013df6
core   0: 0x8000b578 (0x00018597) auipc   a1, 0x18
core   0: 3 0x8000b578 (0x00018597) x11 0x80023578
core   0: 0x8000b57c (0xb0458593) addi    a1, a1, -1276
core   0: 3 0x8000b57c (0xb0458593) x11 0x8002307c
core   0: 0x8000b580 (0xa195a32f) amomax.w t1, s9, (a1)
core   0: 3 0x8000b580 (0xa195a32f) x 6 0xffffffcd mem 0x8002307c mem 0x8002307c 0xffffffcd
core   0: 0x8000b584 (0x00008d4d) c.or    a0, a1
core   0: 3 0x8000b584 (0x8d4d) x10 0x8002307c
core   0: 0x8000b586 (0x0225aaaf) amoadd.w s5, sp, (a1)
core   0: 3 0x8000b586 (0x0225aaaf) x21 0xffffffcd mem 0x8002307c mem 0x8002307c 0xffffffcd
core   0: 0x8000b58a (0x03f5a4af) amoadd.w s1, t6, (a1)
core   0: 3 0x8000b58a (0x03f5a4af) x 9 0xffffffcd mem 0x8002307c mem 0x8002307c 0x0000003f
core   0: 0x8000b58e (0xe4c5a8af) amomaxu.w a7, a2, (a1)
core   0: 3 0x8000b58e (0xe4c5a8af) x17 0x0000003f mem 0x8002307c mem 0x8002307c 0x00003000
core   0: 0x8000b592 (0xe1b5a0af) amomaxu.w ra, s11, (a1)
core   0: 3 0x8000b592 (0xe1b5a0af) x 1 0x00003000 mem 0x8002307c mem 0x8002307c 0x80023070
core   0: 0x8000b596 (0x6135ab2f) amoand.w s6, s3, (a1)
core   0: 3 0x8000b596 (0x6135ab2f) x22 0x80023070 mem 0x8002307c mem 0x8002307c 0x00002000
core   0: 0x8000b59a (0x84e5aa2f) amomin.w s4, a4, (a1)
core   0: 3 0x8000b59a (0x84e5aa2f) x20 0x00002000 mem 0x8002307c mem 0x8002307c 0x00000001
core   0: 0x8000b59e (0x0325acaf) amoadd.w s9, s2, (a1)
core   0: 3 0x8000b59e (0x0325acaf) x25 0x00000001 mem 0x8002307c mem 0x8002307c 0x00000000
core   0: 0x8000b5a2 (0x0000c297) auipc   t0, 0xc
core   0: 3 0x8000b5a2 (0x0000c297) x 5 0x800175a2
core   0: 0x8000b5a6 (0x10728293) addi    t0, t0, 263
core   0: 3 0x8000b5a6 (0x10728293) x 5 0x800176a9
core   0: 0x8000b5aa (0x00008d97) auipc   s11, 0x8
core   0: 3 0x8000b5aa (0x00008d97) x27 0x800135aa
core   0: 0x8000b5ae (0xa23d8d93) addi    s11, s11, -1501
core   0: 3 0x8000b5ae (0xa23d8d93) x27 0x80012fcd
core   0: 0x8000b5b2 (0xfee28a83) lb      s5, -18(t0)
core   0: 3 0x8000b5b2 (0xfee28a83) x21 0x0000004f mem 0x80017697
core   0: 0x8000b5b6 (0xfde28e23) sb      t5, -36(t0)
core   0: 3 0x8000b5b6 (0xfde28e23) mem 0x80017685 0x6e
core   0: 0x8000b5ba (0xff2dcf83) lbu     t6, -14(s11)
core   0: 3 0x8000b5ba (0xff2dcf83) x31 0x00000001 mem 0x80012fbf
core   0: 0x8000b5be (0xff62ce83) lbu     t4, -10(t0)
core   0: 3 0x8000b5be (0xff62ce83) x29 0x00000001 mem 0x8001769f
core   0: 0x8000b5c2 (0xff9d8e23) sb      s9, -4(s11)
core   0: 3 0x8000b5c2 (0xff9d8e23) mem 0x80012fc9 0x1
core   0: 0x8000b5c6 (0xfff28c23) sb      t6, -8(t0)
core   0: 3 0x8000b5c6 (0xfff28c23) mem 0x800176a1 0x1
core   0: 0x8000b5ca (0x00bdcd03) lbu     s10, 11(s11)
core   0: 3 0x8000b5ca (0x00bdcd03) x26 0x000000d4 mem 0x80012fd8
core   0: 0x8000b5ce (0x03228583) lb      a1, 50(t0)
core   0: 3 0x8000b5ce (0x03228583) x11 0x00000040 mem 0x800176db
core   0: 0x8000b5d2 (0x01d28983) lb      s3, 29(t0)
core   0: 3 0x8000b5d2 (0x01d28983) x19 0x00000010 mem 0x800176c6
core   0: 0x8000b5d6 (0x009ddb03) lhu     s6, 9(s11)
core   0: 3 0x8000b5d6 (0x009ddb03) x22 0x000032b0 mem 0x80012fd6
core   0: 0x8000b5da (0xff4d8b83) lb      s7, -12(s11)
core   0: 3 0x8000b5da (0xff4d8b83) x23 0xfffffff2 mem 0x80012fc1
core   0: 0x8000b5de (0x03828c03) lb      s8, 56(t0)
core   0: 3 0x8000b5de (0x03828c03) x24 0x00000040 mem 0x800176e1
core   0: 0x8000b5e2 (0x006dc203) lbu     tp, 6(s11)
core   0: 3 0x8000b5e2 (0x006dc203) x 4 0x00000096 mem 0x80012fd3
core   0: 0x8000b5e6 (0xfde28b83) lb      s7, -34(t0)
core   0: 3 0x8000b5e6 (0xfde28b83) x23 0xffffffec mem 0x80017687
core   0: 0x8000b5ea (0xfce286a3) sb      a4, -51(t0)
core   0: 3 0x8000b5ea (0xfce286a3) mem 0x80017676 0x1
core   0: 0x8000b5ee (0x00018e17) auipc   t3, 0x18
core   0: 3 0x8000b5ee (0x00018e17) x28 0x800235ee
core   0: 0x8000b5f2 (0xa76e0e13) addi    t3, t3, -1418
core   0: 3 0x8000b5f2 (0xa76e0e13) x28 0x80023064
core   0: 0x8000b5f6 (0x03e62bb3) mulhsu  s7, a2, t5
core   0: 3 0x8000b5f6 (0x03e62bb3) x23 0x00000000
core   0: 0x8000b5fa (0x0000008d) c.addi  ra, 3
core   0: 3 0x8000b5fa (0x008d) x 1 0x00003003
core   0: 0x8000b5fc (0x03818bb3) mul     s7, gp, s8
core   0: 3 0x8000b5fc (0x03818bb3) x23 0x006b2cc0
core   0: 0x8000b600 (0x02dc5c33) divu    s8, s8, a3
core   0: 3 0x8000b600 (0x02dc5c33) x24 0x00000000
core   0: 0x8000b604 (0x00d840b3) xor     ra, a6, a3
core   0: 3 0x8000b604 (0x00d840b3) x 1 0x0000c358
core   0: 0x8000b608 (0x00000001) c.nop
core   0: 3 0x8000b608 (0x0001)
core   0: 0x8000b60a (0x140e252f) lr.w    a0, (t3)
core   0: 3 0x8000b60a (0x140e252f) x10 0x00006d3c mem 0x80023064
core   0: 0x8000b60e (0x02566433) rem     s0, a2, t0
core   0: 3 0x8000b60e (0x02566433) x 8 0x00003000
core   0: 0x8000b612 (0x02e47ab3) remu    s5, s0, a4
core   0: 3 0x8000b612 (0x02e47ab3) x21 0x00000000
core   0: 0x8000b616 (0x0000717d) c.addi16sp sp, -16
core   0: 3 0x8000b616 (0x717d) x 2 0xfffffff0
core   0: 0x8000b618 (0x0000913a) c.add   sp, a4
core   0: 3 0x8000b618 (0x913a) x 2 0xfffffff1
core   0: 0x8000b61a (0x1aee2aaf) sc.w    s5, a4, (t3)
core   0: 3 0x8000b61a (0x1aee2aaf) x21 0x00000000 mem 0x80023064 0x00000001
core   0: 0x8000b61e (0x00018a17) auipc   s4, 0x18
core   0: 3 0x8000b61e (0x00018a17) x20 0x8002361e
core   0: 0x8000b622 (0xa66a0a13) addi    s4, s4, -1434
core   0: 3 0x8000b622 (0xa66a0a13) x20 0x80023084
core   0: 0x8000b626 (0x0396d533) divu    a0, a3, s9
core   0: 3 0x8000b626 (0x0396d533) x10 0x8002bd24
core   0: 0x8000b62a (0x0173e0b3) or      ra, t2, s7
core   0: 3 0x8000b62a (0x0173e0b3) x 1 0x006b2cc0
core   0: 0x8000b62e (0x00006ff9) c.lui   t6, 0x1e
core   0: 3 0x8000b62e (0x6ff9) x31 0x0001e000
core   0: 0x8000b630 (0x0000077e) c.slli  a4, 31
core   0: 3 0x8000b630 (0x077e) x14 0x80000000
core   0: 0x8000b632 (0x411f5793) srai    a5, t5, 17
core   0: 3 0x8000b632 (0x411f5793) x15 0x00000000
core   0: 0x8000b636 (0x00000001) c.nop
core   0: 3 0x8000b636 (0x0001)
core   0: 0x8000b638 (0x01002db3) slt     s11, zero, a6
core   0: 3 0x8000b638 (0x01002db3) x27 0x00000000
core   0: 0x8000b63c (0x140a2caf) lr.w    s9, (s4)
core   0: 3 0x8000b63c (0x140a2caf) x25 0x00000000 mem 0x80023084
core   0: 0x8000b640 (0x00005f7d) c.li    t5, -1
core   0: 3 0x8000b640 (0x5f7d) x30 0xffffffff
core   0: 0x8000b642 (0x00008d6d) c.and   a0, a1
core   0: 3 0x8000b642 (0x8d6d) x10 0x00000000
core   0: 0x8000b644 (0x0156f7b3) and     a5, a3, s5
core   0: 3 0x8000b644 (0x0156f7b3) x15 0x00000000
core   0: 0x8000b648 (0x006a5913) srli    s2, s4, 6
core   0: 3 0x8000b648 (0x006a5913) x18 0x020008c2
core   0: 0x8000b64c (0xc843ad93) slti    s11, t2, -892
core   0: 3 0x8000b64c (0xc843ad93) x27 0x00000000
core   0: 0x8000b650 (0x184a2aaf) sc.w    s5, tp, (s4)
core   0: 3 0x8000b650 (0x184a2aaf) x21 0x00000000 mem 0x80023084 0x00000096
core   0: 0x8000b654 (0x00018497) auipc   s1, 0x18
core   0: 3 0x8000b654 (0x00018497) x 9 0x80023654
core   0: 0x8000b658 (0xa1848493) addi    s1, s1, -1512
core   0: 3 0x8000b658 (0xa1848493) x 9 0x8002306c
core   0: 0x8000b65c (0x00008d6d) c.and   a0, a1
core   0: 3 0x8000b65c (0x8d6d) x10 0x00000000
core   0: 0x8000b65e (0x00cc5eb3) srl     t4, s8, a2
core   0: 3 0x8000b65e (0x00cc5eb3) x29 0x00000000
core   0: 0x8000b662 (0x1004aeaf) lr.w    t4, (s1)
core   0: 3 0x8000b662 (0x1004aeaf) x29 0x0000031f mem 0x8002306c
core   0: 0x8000b666 (0x000087e9) c.srai  a5, 26
core   0: 3 0x8000b666 (0x87e9) x15 0x00000000
core   0: 0x8000b668 (0x7bbe7a93) andi    s5, t3, 1979
core   0: 3 0x8000b668 (0x7bbe7a93) x21 0x00000020
core   0: 0x8000b66c (0x0074e793) ori     a5, s1, 7
core   0: 3 0x8000b66c (0x0074e793) x15 0x8002306f
core   0: 0x8000b670 (0x02ca9bb3) mulh    s7, s5, a2
core   0: 3 0x8000b670 (0x02ca9bb3) x23 0x00000000
core   0: 0x8000b674 (0x411f09b3) sub     s3, t5, a7
core   0: 3 0x8000b674 (0x411f09b3) x19 0xffffffc0
core   0: 0x8000b678 (0x1b64abaf) sc.w    s7, s6, (s1)
core   0: 3 0x8000b678 (0x1b64abaf) x23 0x00000000 mem 0x8002306c 0x000032b0
core   0: 0x8000b67c (0x00007e17) auipc   t3, 0x7
core   0: 3 0x8000b67c (0x00007e17) x28 0x8001267c
core   0: 0x8000b680 (0x25ee0e13) addi    t3, t3, 606
core   0: 3 0x8000b680 (0x25ee0e13) x28 0x800128da
core   0: 0x8000b684 (0x018e5583) lhu     a1, 24(t3)
core   0: 3 0x8000b684 (0x018e5583) x11 0x00001eb6 mem 0x800128f2
core   0: 0x8000b688 (0x018e5603) lhu     a2, 24(t3)
core   0: 3 0x8000b688 (0x018e5603) x12 0x00001eb6 mem 0x800128f2
core   0: 0x8000b68c (0x01be0c23) sb      s11, 24(t3)
core   0: 3 0x8000b68c (0x01be0c23) mem 0x800128f2 0x0
core   0: 0x8000b690 (0xfc3e0e83) lb      t4, -61(t3)
core   0: 3 0x8000b690 (0xfc3e0e83) x29 0xffffffcc mem 0x8001289d
core   0: 0x8000b694 (0xfc3e0183) lb      gp, -61(t3)
core   0: 3 0x8000b694 (0xfc3e0183) x 3 0xffffffcc mem 0x8001289d
core   0: 0x8000b698 (0x07be4b83) lbu     s7, 123(t3)
core   0: 3 0x8000b698 (0x07be4b83) x23 0x000000fe mem 0x80012955
core   0: 0x8000b69c (0x07fe0e83) lb      t4, 127(t3)
core   0: 3 0x8000b69c (0x07fe0e83) x29 0x00000057 mem 0x80012959
core   0: 0x8000b6a0 (0x06ae0fa3) sb      a0, 127(t3)
core   0: 3 0x8000b6a0 (0x06ae0fa3) mem 0x80012959 0x0
core   0: 0x8000b6a4 (0x07fe4583) lbu     a1, 127(t3)
core   0: 3 0x8000b6a4 (0x07fe4583) x11 0x00000000 mem 0x80012959
core   0: 0x8000b6a8 (0x060e0fa3) sb      zero, 127(t3)
core   0: 3 0x8000b6a8 (0x060e0fa3) mem 0x80012959 0x0
core   0: 0x8000b6ac (0x06fe0783) lb      a5, 111(t3)
core   0: 3 0x8000b6ac (0x06fe0783) x15 0xffffffe7 mem 0x80012949
core   0: 0x8000b6b0 (0x06fe4203) lbu     tp, 111(t3)
core   0: 3 0x8000b6b0 (0x06fe4203) x 4 0x000000e7 mem 0x80012949
core   0: 0x8000b6b4 (0x010bc033) xor     zero, s7, a6
core   0: 3 0x8000b6b4 (0x010bc033)
core   0: 0x8000b6b8 (0xdc967d93) andi    s11, a2, -567
core   0: 3 0x8000b6b8 (0xdc967d93) x27 0x00001c80
core   0: 0x8000b6bc (0x06fe4a83) lbu     s5, 111(t3)
core   0: 3 0x8000b6bc (0x06fe4a83) x21 0x000000e7 mem 0x80012949
core   0: 0x8000b6c0 (0x0000860d) c.srai  a2, 3
core   0: 3 0x8000b6c0 (0x860d) x12 0x000003d6
core   0: 0x8000b6c2 (0x06fe0703) lb      a4, 111(t3)
core   0: 3 0x8000b6c2 (0x06fe0703) x14 0xffffffe7 mem 0x80012949
core   0: 0x8000b6c6 (0x06fe4203) lbu     tp, 111(t3)
core   0: 3 0x8000b6c6 (0x06fe4203) x 4 0x000000e7 mem 0x80012949
core   0: 0x8000b6ca (0x06fe0f83) lb      t6, 111(t3)
core   0: 3 0x8000b6ca (0x06fe0f83) x31 0xffffffe7 mem 0x80012949
core   0: 0x8000b6ce (0x06fe4d03) lbu     s10, 111(t3)
core   0: 3 0x8000b6ce (0x06fe4d03) x26 0x000000e7 mem 0x80012949
core   0: 0x8000b6d2 (0x06fe4e83) lbu     t4, 111(t3)
core   0: 3 0x8000b6d2 (0x06fe4e83) x29 0x000000e7 mem 0x80012949
core   0: 0x8000b6d6 (0x0000eb97) auipc   s7, 0xe
core   0: 3 0x8000b6d6 (0x0000eb97) x23 0x800196d6
core   0: 0x8000b6da (0xed6b8b93) addi    s7, s7, -298
core   0: 3 0x8000b6da (0xed6b8b93) x23 0x800195ac
core   0: 0x8000b6de (0x087bc103) lbu     sp, 135(s7)
core   0: 3 0x8000b6de (0x087bc103) x 2 0x0000003b mem 0x80019633
core   0: 0x8000b6e2 (0x00000e1e) c.slli  t3, 7
core   0: 3 0x8000b6e2 (0x0e1e) x28 0x00946d00
core   0: 0x8000b6e4 (0x087b8b03) lb      s6, 135(s7)
core   0: 3 0x8000b6e4 (0x087b8b03) x22 0x0000003b mem 0x80019633
core   0: 0x8000b6e8 (0x087bca83) lbu     s5, 135(s7)
core   0: 3 0x8000b6e8 (0x087bca83) x21 0x0000003b mem 0x80019633
core   0: 0x8000b6ec (0x024a1d33) mulh    s10, s4, tp
core   0: 3 0x8000b6ec (0x024a1d33) x26 0xffffff8c
core   0: 0x8000b6f0 (0x0000852d) c.srai  a0, 11
core   0: 3 0x8000b6f0 (0x852d) x10 0x00000000
core   0: 0x8000b6f2 (0x0a6b8f83) lb      t6, 166(s7)
core   0: 3 0x8000b6f2 (0x0a6b8f83) x31 0xffffff8b mem 0x80019652
core   0: 0x8000b6f6 (0x000092de) c.add   t0, s7
core   0: 3 0x8000b6f6 (0x92de) x 5 0x00030c55
core   0: 0x8000b6f8 (0x0a6b8f83) lb      t6, 166(s7)
core   0: 3 0x8000b6f8 (0x0a6b8f83) x31 0xffffff8b mem 0x80019652
core   0: 0x8000b6fc (0x0b9b85a3) sb      s9, 171(s7)
core   0: 3 0x8000b6fc (0x0b9b85a3) mem 0x80019657 0x0
core   0: 0x8000b700 (0xaa2cc013) xori    zero, s9, -1374
core   0: 3 0x8000b700 (0xaa2cc013)
core   0: 0x8000b704 (0x0f9b8e03) lb      t3, 249(s7)
core   0: 3 0x8000b704 (0x0f9b8e03) x28 0xffffffe5 mem 0x800196a5
core   0: 0x8000b708 (0x0f9bc603) lbu     a2, 249(s7)
core   0: 3 0x8000b708 (0x0f9bc603) x12 0x000000e5 mem 0x800196a5
core   0: 0x8000b70c (0x0f9b8003) lb      zero, 249(s7)
core   0: 3 0x8000b70c (0x0f9b8003) mem 0x800196a5
core   0: 0x8000b710 (0x01ddd013) srli    zero, s11, 29
core   0: 3 0x8000b710 (0x01ddd013)
core   0: 0x8000b714 (0x0f9b8583) lb      a1, 249(s7)
core   0: 3 0x8000b714 (0x0f9b8583) x11 0xffffffe5 mem 0x800196a5
core   0: 0x8000b718 (0x0000100f) fence.i
core   0: 3 0x8000b718 (0x0000100f)
core   0: 0x8000b71c (0x0e1bc483) lbu     s1, 225(s7)
core   0: 3 0x8000b71c (0x0e1bc483) x 9 0x0000003f mem 0x8001968d
core   0: 0x8000b720 (0x0e1bcf83) lbu     t6, 225(s7)
core   0: 3 0x8000b720 (0x0e1bcf83) x31 0x0000003f mem 0x8001968d
core   0: 0x8000b724 (0x0000d897) auipc   a7, 0xd
core   0: 3 0x8000b724 (0x0000d897) x17 0x80018724
core   0: 0x8000b728 (0x5fb88893) addi    a7, a7, 1531
core   0: 3 0x8000b728 (0x5fb88893) x17 0x80018d1f
core   0: 0x8000b72c (0x8138c583) lbu     a1, -2029(a7)
core   0: 3 0x8000b72c (0x8138c583) x11 0x000000ff mem 0x80018532
core   0: 0x8000b730 (0x7808aca3) sw      zero, 1945(a7)
core   0: 3 0x8000b730 (0x7808aca3) mem 0x800194b8 0x00000000
core   0: 0x8000b734 (0xf1d8aca3) sw      t4, -231(a7)
core   0: 3 0x8000b734 (0xf1d8aca3) mem 0x80018c38 0x000000e7
core   0: 0x8000b738 (0x03770a33) mul     s4, a4, s7
core   0: 3 0x8000b738 (0x03770a33) x20 0x7fd86234
core   0: 0x8000b73c (0x5e989d03) lh      s10, 1513(a7)
core   0: 3 0x8000b73c (0x5e989d03) x26 0xfffff5e7 mem 0x80019308
core   0: 0x8000b740 (0x35c74c37) lui     s8, 0x35c74
core   0: 3 0x8000b740 (0x35c74c37) x24 0x35c74000
core   0: 0x8000b744 (0x005e4db3) xor     s11, t3, t0
core   0: 3 0x8000b744 (0x005e4db3) x27 0xfffcf3b0
core   0: 0x8000b748 (0xd86884a3) sb      t1, -631(a7)
core   0: 3 0x8000b748 (0xd86884a3) mem 0x80018aa8 0xcd
core   0: 0x8000b74c (0x322897a3) sh      sp, 815(a7)
core   0: 3 0x8000b74c (0x322897a3) mem 0x8001904e 0x003b
core   0: 0x8000b750 (0x00009c9a) c.add   s9, t1
core   0: 3 0x8000b750 (0x9c9a) x25 0xffffffcd
core   0: 0x8000b752 (0x00c87f33) and     t5, a6, a2
core   0: 3 0x8000b752 (0x00c87f33) x30 0x00000064
core   0: 0x8000b756 (0xae68aaa3) sw      t1, -1291(a7)
core   0: 3 0x8000b756 (0xae68aaa3) mem 0x80018814 0xffffffcd
core   0: 0x8000b75a (0x42288083) lb      ra, 1058(a7)
core   0: 3 0x8000b75a (0x42288083) x 1 0x00000064 mem 0x80019141
core   0: 0x8000b75e (0x57888fa3) sb      s8, 1407(a7)
core   0: 3 0x8000b75e (0x57888fa3) mem 0x8001929e 0x0
core   0: 0x8000b762 (0x003adfb3) srl     t6, s5, gp
core   0: 3 0x8000b762 (0x003adfb3) x31 0x00000000
core   0: 0x8000b766 (0x000010fd) c.addi  ra, -1
core   0: 3 0x8000b766 (0x10fd) x 1 0x00000063
core   0: 0x8000b768 (0x41468933) sub     s2, a3, s4
core   0: 3 0x8000b768 (0x41468933) x18 0x002a5af0
core   0: 0x8000b76c (0x57488b83) lb      s7, 1396(a7)
core   0: 3 0x8000b76c (0x57488b83) x23 0x0000002f mem 0x80019293
core   0: 0x8000b770 (0x909890a3) sh      s1, -1791(a7)
core   0: 3 0x8000b770 (0x909890a3) mem 0x80018620 0x003f
core   0: 0x8000b774 (0x036b1733) mulh    a4, s6, s6
core   0: 3 0x8000b774 (0x036b1733) x14 0x00000000
core   0: 0x8000b778 (0x6b188623) sb      a7, 1708(a7)
core   0: 3 0x8000b778 (0x6b188623) mem 0x800193cb 0x1f
core   0: 0x8000b77c (0xf7b88423) sb      s11, -152(a7)
core   0: 3 0x8000b77c (0xf7b88423) mem 0x80018c87 0xb0
core   0: 0x8000b780 (0x01e9de33) srl     t3, s3, t5
core   0: 3 0x8000b780 (0x01e9de33) x28 0x0ffffffc
core   0: 0x8000b784 (0xbc888283) lb      t0, -1080(a7)
core   0: 3 0x8000b784 (0xbc888283) x 5 0x0000001a mem 0x800188e7
core   0: 0x8000b788 (0x4a68c783) lbu     a5, 1190(a7)
core   0: 3 0x8000b788 (0x4a68c783) x15 0x00000019 mem 0x800191c5
core   0: 0x8000b78c (0x00015117) auipc   sp, 0x15
core   0: 3 0x8000b78c (0x00015117) x 2 0x8002078c
core   0: 0x8000b790 (0x8c910113) addi    sp, sp, -1847
core   0: 3 0x8000b790 (0x8c910113) x 2 0x80020055
core   0: 0x8000b794 (0x01310123) sb      s3, 2(sp)
core   0: 3 0x8000b794 (0x01310123) mem 0x80020057 0xc0
core   0: 0x8000b798 (0xe2774e93) xori    t4, a4, -473
core   0: 3 0x8000b798 (0xe2774e93) x29 0xfffffe27
core   0: 0x8000b79c (0x010123a3) sw      a6, 7(sp)
core   0: 3 0x8000b79c (0x010123a3) mem 0x8002005c 0x80027e7c
core   0: 0x8000b7a0 (0x41f78433) sub     s0, a5, t6
core   0: 3 0x8000b7a0 (0x41f78433) x 8 0x00000019
core   0: 0x8000b7a4 (0xff911903) lh      s2, -7(sp)
core   0: 3 0x8000b7a4 (0xff911903) x18 0xffffb8d5 mem 0x8002004e
core   0: 0x8000b7a8 (0xb7dfc0b7) lui     ra, 0xb7dfc
core   0: 3 0x8000b7a8 (0xb7dfc0b7) x 1 0xb7dfc000
core   0: 0x8000b7ac (0x00008e65) c.and   a2, s1
core   0: 3 0x8000b7ac (0x8e65) x12 0x00000025
core   0: 0x8000b7ae (0xffe11ba3) sh      t5, -9(sp)
core   0: 3 0x8000b7ae (0xffe11ba3) mem 0x8002004c 0x0064
core   0: 0x8000b7b2 (0xcdda8713) addi    a4, s5, -803
core   0: 3 0x8000b7b2 (0xcdda8713) x14 0xfffffd18
core   0: 0x8000b7b6 (0x018116a3) sh      s8, 13(sp)
core   0: 3 0x8000b7b6 (0x018116a3) mem 0x80020062 0x4000
core   0: 0x8000b7ba (0x4c740093) addi    ra, s0, 1223
core   0: 3 0x8000b7ba (0x4c740093) x 1 0x000004e0
core   0: 0x8000b7be (0x02e40b33) mul     s6, s0, a4
core   0: 3 0x8000b7be (0x02e40b33) x22 0xffffb758
core   0: 0x8000b7c2 (0x01010e83) lb      t4, 16(sp)
core   0: 3 0x8000b7c2 (0x01010e83) x29 0x0000007c mem 0x80020065
core   0: 0x8000b7c6 (0x00008d49) c.or    a0, a0
core   0: 3 0x8000b7c6 (0x8d49) x10 0x00000000
core   0: 0x8000b7c8 (0x00814083) lbu     ra, 8(sp)
core   0: 3 0x8000b7c8 (0x00814083) x 1 0x0000007e mem 0x8002005d
core   0: 0x8000b7cc (0x00510083) lb      ra, 5(sp)
core   0: 3 0x8000b7cc (0x00510083) x 1 0x00000063 mem 0x8002005a
core   0: 0x8000b7d0 (0x00004301) c.li    t1, 0
core   0: 3 0x8000b7d0 (0x4301) x 6 0x00000000
core   0: 0x8000b7d2 (0xa997cd93) xori    s11, a5, -1383
core   0: 3 0x8000b7d2 (0xa997cd93) x27 0xfffffa80
core   0: 0x8000b7d6 (0x00bab033) sltu    zero, s5, a1
core   0: 3 0x8000b7d6 (0x00bab033)
core   0: 0x8000b7da (0x00008c19) c.sub   s0, a4
core   0: 3 0x8000b7da (0x8c19) x 8 0x00000301
core   0: 0x8000b7dc (0x00710323) sb      t2, 6(sp)
core   0: 3 0x8000b7dc (0x00710323) mem 0x8002005b 0x0
core   0: 0x8000b7e0 (0x001ab0b3) sltu    ra, s5, ra
core   0: 3 0x8000b7e0 (0x001ab0b3) x 1 0x00000001
core   0: 0x8000b7e4 (0x00115903) lhu     s2, 1(sp)
core   0: 3 0x8000b7e4 (0x00115903) x18 0x0000c049 mem 0x80020056
core   0: 0x8000b7e8 (0xffe10e03) lb      t3, -2(sp)
core   0: 3 0x8000b7e8 (0xffe10e03) x28 0x00000019 mem 0x80020053
core   0: 0x8000b7ec (0x00a14503) lbu     a0, 10(sp)
core   0: 3 0x8000b7ec (0x00a14503) x10 0x00000080 mem 0x8002005f
core   0: 0x8000b7f0 (0x00004ee5) c.li    t4, 25
core   0: 3 0x8000b7f0 (0x4ee5) x29 0x00000019
core   0: 0x8000b7f2 (0x00715983) lhu     s3, 7(sp)
core   0: 3 0x8000b7f2 (0x00715983) x19 0x00007e7c mem 0x8002005c
core   0: 0x8000b7f6 (0xff911583) lh      a1, -7(sp)
core   0: 3 0x8000b7f6 (0xff911583) x11 0xffffb8d5 mem 0x8002004e
core   0: 0x8000b7fa (0x00b11483) lh      s1, 11(sp)
core   0: 3 0x8000b7fa (0x00b11483) x 9 0xffffab16 mem 0x80020060
core   0: 0x8000b7fe (0x004115a3) sh      tp, 11(sp)
core   0: 3 0x8000b7fe (0x004115a3) mem 0x80020060 0x00e7
core   0: 0x8000b802 (0xda087db7) lui     s11, 0xda087
core   0: 3 0x8000b802 (0xda087db7) x27 0xda087000
core   0: 0x8000b806 (0xff010203) lb      tp, -16(sp)
core   0: 3 0x8000b806 (0xff010203) x 4 0x00000059 mem 0x80020045
core   0: 0x8000b80a (0x00018517) auipc   a0, 0x18
core   0: 3 0x8000b80a (0x00018517) x10 0x8002380a
core   0: 0x8000b80e (0x87250513) addi    a0, a0, -1934
core   0: 3 0x8000b80e (0x87250513) x10 0x8002307c
core   0: 0x8000b812 (0xc3e52d2f) amominu.w s10, t5, (a0)
core   0: 3 0x8000b812 (0xc3e52d2f) x26 0x00000000 mem 0x8002307c mem 0x8002307c 0x00000000
core   0: 0x8000b816 (0x0cc525af) amoswap.w a1, a2, (a0)
core   0: 3 0x8000b816 (0x0cc525af) x11 0x00000000 mem 0x8002307c mem 0x8002307c 0x00000025
core   0: 0x8000b81a (0x00009592) c.add   a1, tp
core   0: 3 0x8000b81a (0x9592) x11 0x00000059
core   0: 0x8000b81c (0xe585222f) amomaxu.w tp, s8, (a0)
core   0: 3 0x8000b81c (0xe585222f) x 4 0x00000025 mem 0x8002307c mem 0x8002307c 0x35c74000
core   0: 0x8000b820 (0x44552b2f) amoor.w s6, t0, (a0)
core   0: 3 0x8000b820 (0x44552b2f) x22 0x35c74000 mem 0x8002307c mem 0x8002307c 0x35c7401a
core   0: 0x8000b824 (0x0000a117) auipc   sp, 0xa
core   0: 3 0x8000b824 (0x0000a117) x 2 0x80015824
core   0: 0x8000b828 (0x10710113) addi    sp, sp, 263
core   0: 3 0x8000b828 (0x10710113) x 2 0x8001592b
core   0: 0x8000b82c (0x00008735) c.srai  a4, 13
core   0: 3 0x8000b82c (0x8735) x14 0xffffffff
core   0: 0x8000b82e (0x01911a03) lh      s4, 25(sp)
core   0: 3 0x8000b82e (0x01911a03) x20 0x00003897 mem 0x80015944
core   0: 0x8000b832 (0x0000850d) c.srai  a0, 3
core   0: 3 0x8000b832 (0x850d) x10 0xf000460f
core   0: 0x8000b834 (0x741eb193) sltiu   gp, t4, 1857
core   0: 3 0x8000b834 (0x741eb193) x 3 0x00000001
core   0: 0x8000b838 (0xf18115a3) sh      s8, -245(sp)
core   0: 3 0x8000b838 (0xf18115a3) mem 0x80015836 0x4000
core   0: 0x8000b83c (0x01273e33) sltu    t3, a4, s2
core   0: 3 0x8000b83c (0x01273e33) x28 0x00000000
core   0: 0x8000b840 (0xf8214d03) lbu     s10, -126(sp)
core   0: 3 0x8000b840 (0xf8214d03) x26 0x0000003d mem 0x800158ad
core   0: 0x8000b844 (0xfde10183) lb      gp, -34(sp)
core   0: 3 0x8000b844 (0xfde10183) x 3 0x0000007c mem 0x80015909
core   0: 0x8000b848 (0x0362a2b3) mulhsu  t0, t0, s6
core   0: 3 0x8000b848 (0x0362a2b3) x 5 0x00000005
core   0: 0x8000b84c (0x00008ff5) c.and   a5, a3
core   0: 3 0x8000b84c (0x8ff5) x15 0x00000000
core   0: 0x8000b84e (0x00008c71) c.and   s0, a2
core   0: 3 0x8000b84e (0x8c71) x 8 0x00000001
core   0: 0x8000b850 (0xf7610723) sb      s6, -146(sp)
core   0: 3 0x8000b850 (0xf7610723) mem 0x80015899 0x0
core   0: 0x8000b854 (0x00000486) c.slli  s1, 1
core   0: 3 0x8000b854 (0x0486) x 9 0xffff562c
core   0: 0x8000b856 (0x03d76b33) rem     s6, a4, t4
core   0: 3 0x8000b856 (0x03d76b33) x22 0xffffffff
core   0: 0x8000b85a (0x9e5a3793) sltiu   a5, s4, -1563
core   0: 3 0x8000b85a (0x9e5a3793) x15 0x00000001
core   0: 0x8000b85e (0x033d2b33) mulhsu  s6, s10, s3
core   0: 3 0x8000b85e (0x033d2b33) x22 0x00000000
core   0: 0x8000b862 (0x0e410823) sb      tp, 240(sp)
core   0: 3 0x8000b862 (0x0e410823) mem 0x80015a1b 0x25
core   0: 0x8000b866 (0x00008f55) c.or    a4, a3
core   0: 3 0x8000b866 (0x8f55) x14 0xffffffff
core   0: 0x8000b868 (0x01db9bb3) sll     s7, s7, t4
core   0: 3 0x8000b868 (0x01db9bb3) x23 0x5e000000
core   0: 0x8000b86c (0x01e9ae33) slt     t3, s3, t5
core   0: 3 0x8000b86c (0x01e9ae33) x28 0x00000000
core   0: 0x8000b870 (0x00000001) c.nop
core   0: 3 0x8000b870 (0x0001)
core   0: 0x8000b872 (0x0092e1b3) or      gp, t0, s1
core   0: 3 0x8000b872 (0x0092e1b3) x 3 0xffff562d
core   0: 0x8000b876 (0x0db11183) lh      gp, 219(sp)
core   0: 3 0x8000b876 (0x0db11183) x 3 0xffffb217 mem 0x80015a06
core   0: 0x8000b87a (0x12f5a893) slti    a7, a1, 303
core   0: 3 0x8000b87a (0x12f5a893) x17 0x00000001
core   0: 0x8000b87e (0xbe99a913) slti    s2, s3, -1047
core   0: 3 0x8000b87e (0xbe99a913) x18 0x00000000
core   0: 0x8000b882 (0x01654b33) xor     s6, a0, s6
core   0: 3 0x8000b882 (0x01654b33) x22 0xf000460f
core   0: 0x8000b886 (0xf8014d03) lbu     s10, -128(sp)
core   0: 3 0x8000b886 (0xf8014d03) x26 0x000000c0 mem 0x800158ab
core   0: 0x8000b88a (0xf5811fa3) sh      s8, -161(sp)
core   0: 3 0x8000b88a (0xf5811fa3) mem 0x8001588a 0x4000
core   0: 0x8000b88e (0x01365d33) srl     s10, a2, s3
core   0: 3 0x8000b88e (0x01365d33) x26 0x00000000
core   0: 0x8000b892 (0x00006599) c.lui   a1, 0x6
core   0: 3 0x8000b892 (0x6599) x11 0x00006000
core   0: 0x8000b894 (0xfac14403) lbu     s0, -84(sp)
core   0: 3 0x8000b894 (0xfac14403) x 8 0x00000013 mem 0x800158d7
core   0: 0x8000b898 (0xfb410023) sb      s4, -96(sp)
core   0: 3 0x8000b898 (0xfb410023) mem 0x800158cb 0x97
core   0: 0x8000b89c (0x00017517) auipc   a0, 0x17
core   0: 3 0x8000b89c (0x00017517) x10 0x8002289c
core   0: 0x8000b8a0 (0x7e050513) addi    a0, a0, 2016
core   0: 3 0x8000b8a0 (0x7e050513) x10 0x8002307c
core   0: 0x8000b8a4 (0x00017297) auipc   t0, 0x17
core   0: 3 0x8000b8a4 (0x00017297) x 5 0x800228a4
core   0: 0x8000b8a8 (0x7cc28293) addi    t0, t0, 1996
core   0: 3 0x8000b8a8 (0x7cc28293) x 5 0x80023070
core   0: 0x8000b8ac (0x00017917) auipc   s2, 0x17
core   0: 3 0x8000b8ac (0x00017917) x18 0x800228ac
core   0: 0x8000b8b0 (0x7b890913) addi    s2, s2, 1976
core   0: 3 0x8000b8b0 (0x7b890913) x18 0x80023064
core   0: 0x8000b8b4 (0x405bd713) srai    a4, s7, 5
core   0: 3 0x8000b8b4 (0x405bd713) x14 0x02f00000
core   0: 0x8000b8b8 (0x238525af) amoxor.w a1, s8, (a0)
core   0: 3 0x8000b8b8 (0x238525af) x11 0x35c7401a mem 0x8002307c mem 0x8002307c 0x0000001a
core   0: 0x8000b8bc (0x009c1b33) sll     s6, s8, s1
core   0: 3 0x8000b8bc (0x009c1b33) x22 0x74000000
core   0: 0x8000b8c0 (0xa5952a2f) amomax.w s4, s9, (a0)
core   0: 3 0x8000b8c0 (0xa5952a2f) x20 0x0000001a mem 0x8002307c mem 0x8002307c 0x0000001a
core   0: 0x8000b8c4 (0x8049272f) amomin.w a4, tp, (s2)
core   0: 3 0x8000b8c4 (0x8049272f) x14 0x00000001 mem 0x80023064 mem 0x80023064 0x00000001
core   0: 0x8000b8c8 (0x03192baf) amoadd.w s7, a7, (s2)
core   0: 3 0x8000b8c8 (0x03192baf) x23 0x00000001 mem 0x80023064 mem 0x80023064 0x00000002
core   0: 0x8000b8cc (0xa332acaf) amomax.w s9, s3, (t0)
core   0: 3 0x8000b8cc (0xa332acaf) x25 0x00046063 mem 0x80023070 mem 0x80023070 0x00046063
core   0: 0x8000b8d0 (0xe499202f) amomaxu.w zero, s1, (s2)
core   0: 3 0x8000b8d0 (0xe499202f) mem 0x80023064 mem 0x80023064 0xffff562c
core   0: 0x8000b8d4 (0x407525af) amoor.w a1, t2, (a0)
core   0: 3 0x8000b8d4 (0x407525af) x11 0x0000001a mem 0x8002307c mem 0x8002307c 0x0000001a
core   0: 0x8000b8d8 (0x00008d95) c.sub   a1, a3
core   0: 3 0x8000b8d8 (0x8d95) x11 0x7ffd42f6
core   0: 0x8000b8da (0xe0592eaf) amomaxu.w t4, t0, (s2)
core   0: 3 0x8000b8da (0xe0592eaf) x29 0xffff562c mem 0x80023064 mem 0x80023064 0xffff562c
core   0: 0x8000b8de (0x01414433) xor     s0, sp, s4
core   0: 3 0x8000b8de (0x01414433) x 8 0x80015931
core   0: 0x8000b8e2 (0x0005232f) amoadd.w t1, zero, (a0)
core   0: 3 0x8000b8e2 (0x0005232f) x 6 0x0000001a mem 0x8002307c mem 0x8002307c 0x0000001a
core   0: 0x8000b8e6 (0x0a92a0af) amoswap.w ra, s1, (t0)
core   0: 3 0x8000b8e6 (0x0a92a0af) x 1 0x00046063 mem 0x80023070 mem 0x80023070 0xffff562c
core   0: 0x8000b8ea (0x00017c97) auipc   s9, 0x17
core   0: 3 0x8000b8ea (0x00017c97) x25 0x800228ea
core   0: 0x8000b8ee (0x766c8c93) addi    s9, s9, 1894
core   0: 3 0x8000b8ee (0x766c8c93) x25 0x80023050
core   0: 0x8000b8f2 (0x00008661) c.srai  a2, 24
core   0: 3 0x8000b8f2 (0x8661) x12 0x00000000
core   0: 0x8000b8f4 (0x140caf2f) lr.w    t5, (s9)
core   0: 3 0x8000b8f4 (0x140caf2f) x30 0x80069d95 mem 0x80023050
core   0: 0x8000b8f8 (0x00008c5d) c.or    s0, a5
core   0: 3 0x8000b8f8 (0x8c5d) x 8 0x80015931
core   0: 0x8000b8fa (0x00000132) c.slli  sp, 12
core   0: 3 0x8000b8fa (0x0132) x 2 0x1592b000
core   0: 0x8000b8fc (0x03556633) rem     a2, a0, s5
core   0: 3 0x8000b8fc (0x03556633) x12 0x00000000
core   0: 0x8000b900 (0x0000635d) c.lui   t1, 0x17
core   0: 3 0x8000b900 (0x635d) x 6 0x00017000
core   0: 0x8000b902 (0x02f1f0b3) remu    ra, gp, a5
core   0: 3 0x8000b902 (0x02f1f0b3) x 1 0x00000000
core   0: 0x8000b906 (0x00008d31) c.xor   a0, a2
core   0: 3 0x8000b906 (0x8d31) x10 0x8002307c
core   0: 0x8000b908 (0xdf747f13) andi    t5, s0, -521
core   0: 3 0x8000b908 (0xdf747f13) x30 0x80015931
core   0: 0x8000b90c (0x000084f1) c.srai  s1, 28
core   0: 3 0x8000b90c (0x84f1) x 9 0xffffffff
core   0: 0x8000b90e (0x03df97b3) mulh    a5, t6, t4
core   0: 3 0x8000b90e (0x03df97b3) x15 0x00000000
core   0: 0x8000b912 (0x183ca5af) sc.w    a1, gp, (s9)
core   0: 3 0x8000b912 (0x183ca5af) x11 0x00000000 mem 0x80023050 0xffffb217
core   0: 0x8000b916 (0x00007417) auipc   s0, 0x7
core   0: 3 0x8000b916 (0x00007417) x 8 0x80012916
core   0: 0x8000b91a (0xccf40413) addi    s0, s0, -817
core   0: 3 0x8000b91a (0xccf40413) x 8 0x800125e5
core   0: 0x8000b91e (0x01c9f9b3) and     s3, s3, t3
core   0: 3 0x8000b91e (0x01c9f9b3) x19 0x00000000
core   0: 0x8000b922 (0xffa44983) lbu     s3, -6(s0)
core   0: 3 0x8000b922 (0xffa44983) x19 0x00000080 mem 0x800125df
core   0: 0x8000b926 (0x00ab8e33) add     t3, s7, a0
core   0: 3 0x8000b926 (0x00ab8e33) x28 0x8002307d
core   0: 0x8000b92a (0xff741e03) lh      t3, -9(s0)
core   0: 3 0x8000b92a (0xff741e03) x28 0x00007665 mem 0x800125dc
core   0: 0x8000b92e (0x01b411a3) sh      s11, 3(s0)
core   0: 3 0x8000b92e (0x01b411a3) mem 0x800125e8 0x7000
core   0: 0x8000b932 (0xfff44983) lbu     s3, -1(s0)
core   0: 3 0x8000b932 (0xfff44983) x19 0x00000015 mem 0x800125e4
core   0: 0x8000b936 (0x033e34b3) mulhu   s1, t3, s3
core   0: 3 0x8000b936 (0x033e34b3) x 9 0x00000000
core   0: 0x8000b93a (0xc924eb93) ori     s7, s1, -878
core   0: 3 0x8000b93a (0xc924eb93) x23 0xfffffc92
core   0: 0x8000b93e (0x417bd993) srai    s3, s7, 23
core   0: 3 0x8000b93e (0x417bd993) x19 0xffffffff
core   0: 0x8000b942 (0x03244503) lbu     a0, 50(s0)
core   0: 3 0x8000b942 (0x03244503) x10 0x000000a8 mem 0x80012617
core   0: 0x8000b946 (0x4d89ce13) xori    t3, s3, 1240
core   0: 3 0x8000b946 (0x4d89ce13) x28 0xfffffb27
core   0: 0x8000b94a (0x03b53533) mulhu   a0, a0, s11
core   0: 3 0x8000b94a (0x03b53533) x10 0x0000008f
core   0: 0x8000b94e (0x03c4e4b3) rem     s1, s1, t3
core   0: 3 0x8000b94e (0x03c4e4b3) x 9 0x00000000
core   0: 0x8000b952 (0x01741503) lh      a0, 23(s0)
core   0: 3 0x8000b952 (0x01741503) x10 0xffffaf7d mem 0x800125fc
core   0: 0x8000b956 (0xfcb44e03) lbu     t3, -53(s0)
core   0: 3 0x8000b956 (0xfcb44e03) x28 0x00000049 mem 0x800125b0
core   0: 0x8000b95a (0x01ce6533) or      a0, t3, t3
core   0: 3 0x8000b95a (0x01ce6533) x10 0x00000049
core   0: 0x8000b95e (0x254df493) andi    s1, s11, 596
core   0: 3 0x8000b95e (0x254df493) x 9 0x00000000
core   0: 0x8000b962 (0x02744483) lbu     s1, 39(s0)
core   0: 3 0x8000b962 (0x02744483) x 9 0x00000036 mem 0x8001260c
core   0: 0x8000b966 (0xfdc40d83) lb      s11, -36(s0)
core   0: 3 0x8000b966 (0xfdc40d83) x27 0xffffff8b mem 0x800125c1
core   0: 0x8000b96a (0x0000997d) c.andi  a0, -1
core   0: 3 0x8000b96a (0x997d) x10 0x00000049
core   0: 0x8000b96c (0xff040b83) lb      s7, -16(s0)
core   0: 3 0x8000b96c (0xff040b83) x23 0x00000033 mem 0x800125d5
core   0: 0x8000b970 (0x41355bb3) sra     s7, a0, s3
core   0: 3 0x8000b970 (0x41355bb3) x23 0x00000000
core   0: 0x8000b974 (0xfdc40f23) sb      t3, -34(s0)
core   0: 3 0x8000b974 (0xfdc40f23) mem 0x800125c3 0x49
core   0: 0x8000b978 (0x00000001) c.nop
core   0: 3 0x8000b978 (0x0001)
core   0: 0x8000b97a (0x00008ce5) c.and   s1, s1
core   0: 3 0x8000b97a (0x8ce5) x 9 0x00000036
core   0: 0x8000b97c (0xe4698e13) addi    t3, s3, -442
core   0: 3 0x8000b97c (0xe4698e13) x28 0xfffffe45
core   0: 0x8000b980 (0x01755533) srl     a0, a0, s7
core   0: 3 0x8000b980 (0x01755533) x10 0x00000049
core   0: 0x8000b984 (0xfdd40483) lb      s1, -35(s0)
core   0: 3 0x8000b984 (0xfdd40483) x 9 0xffffffe6 mem 0x800125c2
core   0: 0x8000b988 (0x000014fd) c.addi  s1, -1
core   0: 3 0x8000b988 (0x14fd) x 9 0xffffffe5
core   0: 0x8000b98a (0xfda40503) lb      a0, -38(s0)
core   0: 3 0x8000b98a (0xfda40503) x10 0xffffffbe mem 0x800125bf
core   0: 0x8000b98e (0xfc9403a3) sb      s1, -57(s0)
core   0: 3 0x8000b98e (0xfc9403a3) mem 0x800125ac 0xe5
core   0: 0x8000b992 (0xb7d52d93) slti    s11, a0, -1155
core   0: 3 0x8000b992 (0xb7d52d93) x27 0x00000000
core   0: 0x8000b996 (0x02244e03) lbu     t3, 34(s0)
core   0: 3 0x8000b996 (0x02244e03) x28 0x00000091 mem 0x80012607
core   0: 0x8000b99a (0x01145d83) lhu     s11, 17(s0)
core   0: 3 0x8000b99a (0x01145d83) x27 0x000061b6 mem 0x800125f6
core   0: 0x8000b99e (0x00009df2) c.add   s11, t3
core   0: 3 0x8000b99e (0x9df2) x27 0x00006247
core   0: 0x8000b9a0 (0x7b39fd93) andi    s11, s3, 1971
core   0: 3 0x8000b9a0 (0x7b39fd93) x27 0x000007b3
core   0: 0x8000b9a4 (0x2939c993) xori    s3, s3, 659
core   0: 3 0x8000b9a4 (0x2939c993) x19 0xfffffd6c
core   0: 0x8000b9a8 (0x0000891d) c.andi  a0, 7
core   0: 3 0x8000b9a8 (0x891d) x10 0x00000006
core   0: 0x8000b9aa (0xff340ca3) sb      s3, -7(s0)
core   0: 3 0x8000b9aa (0xff340ca3) mem 0x800125de 0x6c
core   0: 0x8000b9ae (0x00a9abb3) slt     s7, s3, a0
core   0: 3 0x8000b9ae (0x00a9abb3) x23 0x00000001
core   0: 0x8000b9b2 (0xfca404a3) sb      a0, -55(s0)
core   0: 3 0x8000b9b2 (0xfca404a3) mem 0x800125ae 0x6
core   0: 0x8000b9b6 (0x03bdc4b3) div     s1, s11, s11
core   0: 3 0x8000b9b6 (0x03bdc4b3) x 9 0x00000001
core   0: 0x8000b9ba (0xfde40483) lb      s1, -34(s0)
core   0: 3 0x8000b9ba (0xfde40483) x 9 0x00000049 mem 0x800125c3
core   0: 0x8000b9be (0x409e09b3) sub     s3, t3, s1
core   0: 3 0x8000b9be (0x409e09b3) x19 0x00000048
core   0: 0x8000b9c2 (0x0299ae33) mulhsu  t3, s3, s1
core   0: 3 0x8000b9c2 (0x0299ae33) x28 0x00000000
core   0: 0x8000b9c6 (0x009425a3) sw      s1, 11(s0)
core   0: 3 0x8000b9c6 (0x009425a3) mem 0x800125f0 0x00000049
core   0: 0x8000b9ca (0x0000f997) auipc   s3, 0xf
core   0: 3 0x8000b9ca (0x0000f997) x19 0x8001a9ca
core   0: 0x8000b9ce (0x4e098993) addi    s3, s3, 1248
core   0: 3 0x8000b9ce (0x4e098993) x19 0x8001aeaa
core   0: 0x8000b9d2 (0x028ab933) mulhu   s2, s5, s0
core   0: 3 0x8000b9d2 (0x028ab933) x18 0x0000001d
core   0: 0x8000b9d6 (0xb4c982a3) sb      a2, -1211(s3)
core   0: 3 0x8000b9d6 (0xb4c982a3) mem 0x8001a9ef 0x0
core   0: 0x8000b9da (0x37e9da83) lhu     s5, 894(s3)
core   0: 3 0x8000b9da (0x37e9da83) x21 0x00000392 mem 0x8001b228
core   0: 0x8000b9de (0x4069cb03) lbu     s6, 1030(s3)
core   0: 3 0x8000b9de (0x4069cb03) x22 0x000000d6 mem 0x8001b2b0
core   0: 0x8000b9e2 (0x40e98323) sb      a4, 1030(s3)
core   0: 3 0x8000b9e2 (0x40e98323) mem 0x8001b2b0 0x1
core   0: 0x8000b9e6 (0x0000717d) c.addi16sp sp, -16
core   0: 3 0x8000b9e6 (0x717d) x 2 0x1592aff0
core   0: 0x8000b9e8 (0xefe9da83) lhu     s5, -258(s3)
core   0: 3 0x8000b9e8 (0xefe9da83) x21 0x0000164e mem 0x8001ada8
core   0: 0x8000b9ec (0xee899f23) sh      s0, -258(s3)
core   0: 3 0x8000b9ec (0xee899f23) mem 0x8001ada8 0x25e5
core   0: 0x8000b9f0 (0x019a9233) sll     tp, s5, s9
core   0: 3 0x8000b9f0 (0x019a9233) x 4 0x164e0000
core   0: 0x8000b9f4 (0xefe9d183) lhu     gp, -258(s3)
core   0: 3 0x8000b9f4 (0xefe9d183) x 3 0x000025e5 mem 0x8001ada8
core   0: 0x8000b9f8 (0x00006a95) c.lui   s5, 0x5
core   0: 3 0x8000b9f8 (0x6a95) x21 0x00005000
core   0: 0x8000b9fa (0xefe9a903) lw      s2, -258(s3)
core   0: 3 0x8000b9fa (0xefe9a903) x18 0xc82825e5 mem 0x8001ada8
core   0: 0x8000b9fe (0xe209cc03) lbu     s8, -480(s3)
core   0: 3 0x8000b9fe (0xe209cc03) x24 0x000000ca mem 0x8001acca
core   0: 0x8000ba02 (0xc2098e03) lb      t3, -992(s3)
core   0: 3 0x8000ba02 (0xc2098e03) x28 0x00000030 mem 0x8001aaca
core   0: 0x8000ba06 (0x00007f17) auipc   t5, 0x7
core   0: 3 0x8000ba06 (0x00007f17) x30 0x80012a06
core   0: 0x8000ba0a (0x808f0f13) addi    t5, t5, -2040
core   0: 3 0x8000ba0a (0x808f0f13) x30 0x8001220e
core   0: 0x8000ba0e (0x00013297) auipc   t0, 0x13
core   0: 3 0x8000ba0e (0x00013297) x 5 0x8001ea0e
core   0: 0x8000ba12 (0x90c28293) addi    t0, t0, -1780
core   0: 3 0x8000ba12 (0x90c28293) x 5 0x8001e31a
core   0: 0x8000ba16 (0x5a6287a3) sb      t1, 1455(t0)
core   0: 3 0x8000ba16 (0x5a6287a3) mem 0x8001e8c9 0x0
core   0: 0x8000ba1a (0x07c280a3) sb      t3, 97(t0)
core   0: 3 0x8000ba1a (0x07c280a3) mem 0x8001e37b 0x30
core   0: 0x8000ba1e (0x02ff0c83) lb      s9, 47(t5)
core   0: 3 0x8000ba1e (0x02ff0c83) x25 0x0000006c mem 0x8001223d
core   0: 0x8000ba22 (0x97128083) lb      ra, -1679(t0)
core   0: 3 0x8000ba22 (0x97128083) x 1 0x00000009 mem 0x8001dc8b
core   0: 0x8000ba26 (0x84f28b03) lb      s6, -1969(t0)
core   0: 3 0x8000ba26 (0x84f28b03) x22 0xffffff88 mem 0x8001db69
core   0: 0x8000ba2a (0xfeef1883) lh      a7, -18(t5)
core   0: 3 0x8000ba2a (0xfeef1883) x17 0x00006d12 mem 0x800121fc
core   0: 0x8000ba2e (0x29d2cc83) lbu     s9, 669(t0)
core   0: 3 0x8000ba2e (0x29d2cc83) x25 0x000000ad mem 0x8001e5b7
core   0: 0x8000ba32 (0x02cf4d83) lbu     s11, 44(t5)
core   0: 3 0x8000ba32 (0x02cf4d83) x27 0x0000000d mem 0x8001223a
core   0: 0x8000ba36 (0x026f4783) lbu     a5, 38(t5)
core   0: 3 0x8000ba36 (0x026f4783) x15 0x00000087 mem 0x80012234
core   0: 0x8000ba3a (0x48e2a003) lw      zero, 1166(t0)
core   0: 3 0x8000ba3a (0x48e2a003) mem 0x8001e7a8
core   0: 0x8000ba3e (0x9f128d03) lb      s10, -1551(t0)
core   0: 3 0x8000ba3e (0x9f128d03) x26 0x0000001f mem 0x8001dd0b
core   0: 0x8000ba42 (0x005f4183) lbu     gp, 5(t5)
core   0: 3 0x8000ba42 (0x005f4183) x 3 0x00000018 mem 0x80012213
core   0: 0x8000ba46 (0xfc8f5d83) lhu     s11, -56(t5)
core   0: 3 0x8000ba46 (0xfc8f5d83) x27 0x0000f283 mem 0x800121d6
core   0: 0x8000ba4a (0x4bb28e03) lb      t3, 1211(t0)
core   0: 3 0x8000ba4a (0x4bb28e03) x28 0xffffffdc mem 0x8001e7d5
core   0: 0x8000ba4e (0x00008e97) auipc   t4, 0x8
core   0: 3 0x8000ba4e (0x00008e97) x29 0x80013a4e
core   0: 0x8000ba52 (0xc6ee8e93) addi    t4, t4, -914
core   0: 3 0x8000ba52 (0xc6ee8e93) x29 0x800136bc
core   0: 0x8000ba56 (0x0000ab17) auipc   s6, 0xa
core   0: 3 0x8000ba56 (0x0000ab17) x22 0x80015a56
core   0: 0x8000ba5a (0x183b0b13) addi    s6, s6, 387
core   0: 3 0x8000ba5a (0x183b0b13) x22 0x80015bd9
core   0: 0x8000ba5e (0x0000a617) auipc   a2, 0xa
core   0: 3 0x8000ba5e (0x0000a617) x12 0x80015a5e
core   0: 0x8000ba62 (0x50b60613) addi    a2, a2, 1291
core   0: 3 0x8000ba62 (0x50b60613) x12 0x80015f69
core   0: 0x8000ba66 (0x00eb0083) lb      ra, 14(s6)
core   0: 3 0x8000ba66 (0x00eb0083) x 1 0xffffffaa mem 0x80015be7
core   0: 0x8000ba6a (0x09264d83) lbu     s11, 146(a2)
core   0: 3 0x8000ba6a (0x09264d83) x27 0x00000041 mem 0x80015ffb
core   0: 0x8000ba6e (0x3f3e8c83) lb      s9, 1011(t4)
core   0: 3 0x8000ba6e (0x3f3e8c83) x25 0x0000004c mem 0x80013aaf
core   0: 0x8000ba72 (0xff4b0a83) lb      s5, -12(s6)
core   0: 3 0x8000ba72 (0xff4b0a83) x21 0xffffffc5 mem 0x80015bcd
core   0: 0x8000ba76 (0xd3be8783) lb      a5, -709(t4)
core   0: 3 0x8000ba76 (0xd3be8783) x15 0x00000025 mem 0x800133f7
core   0: 0x8000ba7a (0xff2b0883) lb      a7, -14(s6)
core   0: 3 0x8000ba7a (0xff2b0883) x17 0x0000007e mem 0x80015bcb
core   0: 0x8000ba7e (0xac1e8a03) lb      s4, -1343(t4)
core   0: 3 0x8000ba7e (0xac1e8a03) x20 0xffffffeb mem 0x8001317d
core   0: 0x8000ba82 (0xb2f62503) lw      a0, -1233(a2)
core   0: 3 0x8000ba82 (0xb2f62503) x10 0xc0b5b9a0 mem 0x80015a98
core   0: 0x8000ba86 (0x656610a3) sh      s6, 1601(a2)
core   0: 3 0x8000ba86 (0x656610a3) mem 0x800165aa 0x5bd9
core   0: 0x8000ba8a (0x00bb0423) sb      a1, 8(s6)
core   0: 3 0x8000ba8a (0x00bb0423) mem 0x80015be1 0x0
core   0: 0x8000ba8e (0xc96ed703) lhu     a4, -874(t4)
core   0: 3 0x8000ba8e (0xc96ed703) x14 0x0000f6e2 mem 0x80013352
core   0: 0x8000ba92 (0x840616a3) sh      zero, -1971(a2)
core   0: 3 0x8000ba92 (0x840616a3) mem 0x800157b6 0x0000
core   0: 0x8000ba96 (0xfffb5403) lhu     s0, -1(s6)
core   0: 3 0x8000ba96 (0xfffb5403) x 8 0x0000245f mem 0x80015bd8
core   0: 0x8000ba9a (0x20de8e03) lb      t3, 525(t4)
core   0: 3 0x8000ba9a (0x20de8e03) x28 0xffffff87 mem 0x800138c9
core   0: 0x8000ba9e (0x003b16a3) sh      gp, 13(s6)
core   0: 3 0x8000ba9e (0x003b16a3) mem 0x80015be6 0x0018
core   0: 0x8000baa2 (0xbfaec003) lbu     zero, -1030(t4)
core   0: 3 0x8000baa2 (0xbfaec003) mem 0x800132b6
core   0: 0x8000baa6 (0xeb260703) lb      a4, -334(a2)
core   0: 3 0x8000baa6 (0xeb260703) x14 0xffffffa7 mem 0x80015e1b
core   0: 0x8000baaa (0xffab4f03) lbu     t5, -6(s6)
core   0: 3 0x8000baaa (0xffab4f03) x30 0x0000001d mem 0x80015bd3
core   0: 0x8000baae (0x6b660b23) sb      s6, 1718(a2)
core   0: 3 0x8000baae (0x6b660b23) mem 0x8001661f 0xd9
core   0: 0x8000bab2 (0x00017217) auipc   tp, 0x17
core   0: 3 0x8000bab2 (0x00017217) x 4 0x80022ab2
core   0: 0x8000bab6 (0x5aa20213) addi    tp, tp, 1450
core   0: 3 0x8000bab6 (0x5aa20213) x 4 0x8002305c
core   0: 0x8000baba (0x5adaf637) lui     a2, 0x5adaf
core   0: 3 0x8000baba (0x5adaf637) x12 0x5adaf000
core   0: 0x8000babe (0x00000a62) c.slli  s4, 24
core   0: 3 0x8000babe (0x0a62) x20 0xeb000000
core   0: 0x8000bac0 (0x01b058b3) srl     a7, zero, s11
core   0: 3 0x8000bac0 (0x01b058b3) x17 0x00000000
core   0: 0x8000bac4 (0x0217c9b3) div     s3, a5, ra
core   0: 3 0x8000bac4 (0x0217c9b3) x19 0x00000000
core   0: 0x8000bac8 (0x0050e9b3) or      s3, ra, t0
core   0: 3 0x8000bac8 (0x0050e9b3) x19 0xffffffba
core   0: 0x8000bacc (0x140220af) lr.w    ra, (tp)
core   0: 3 0x8000bacc (0x140220af) x 1 0x80076bfb mem 0x8002305c
core   0: 0x8000bad0 (0x00001b80) c.addi4spn s0, sp, 496
core   0: 3 0x8000bad0 (0x1b80) x 8 0x1592b1e0
core   0: 0x8000bad2 (0x002c9fb3) sll     t6, s9, sp
core   0: 3 0x8000bad2 (0x002c9fb3) x31 0x004c0000
core   0: 0x8000bad6 (0x00000001) c.nop
core   0: 3 0x8000bad6 (0x0001)
core   0: 0x8000bad8 (0x0000863d) c.srai  a2, 15
core   0: 3 0x8000bad8 (0x863d) x12 0x0000b5b5
core   0: 0x8000bada (0x00008cad) c.xor   s1, a1
core   0: 3 0x8000bada (0x8cad) x 9 0x00000049
core   0: 0x8000badc (0x405e0a33) sub     s4, t3, t0
core   0: 3 0x8000badc (0x405e0a33) x20 0x7ffe1c6d
core   0: 0x8000bae0 (0x006bdab3) srl     s5, s7, t1
core   0: 3 0x8000bae0 (0x006bdab3) x21 0x00000001
core   0: 0x8000bae4 (0x02eabdb3) mulhu   s11, s5, a4
core   0: 3 0x8000bae4 (0x02eabdb3) x27 0x00000000
core   0: 0x8000bae8 (0x18422d2f) sc.w    s10, tp, (tp)
core   0: 3 0x8000bae8 (0x18422d2f) x26 0x00000000 mem 0x8002305c 0x8002305c
core   0: 0x8000baec (0x00007d97) auipc   s11, 0x7
core   0: 3 0x8000baec (0x00007d97) x27 0x80012aec
core   0: 0x8000baf0 (0x834d8d93) addi    s11, s11, -1996
core   0: 3 0x8000baf0 (0x834d8d93) x27 0x80012320
core   0: 0x8000baf4 (0x00012e97) auipc   t4, 0x12
core   0: 3 0x8000baf4 (0x00012e97) x29 0x8001daf4
core   0: 0x8000baf8 (0x0cbe8e93) addi    t4, t4, 203
core   0: 3 0x8000baf8 (0x0cbe8e93) x29 0x8001dbbf
core   0: 0x8000bafc (0xfe7d8c23) sb      t2, -8(s11)
core   0: 3 0x8000bafc (0xfe7d8c23) mem 0x80012318 0x0
core   0: 0x8000bb00 (0xfe8e91a3) sh      s0, -29(t4)
core   0: 3 0x8000bb00 (0xfe8e91a3) mem 0x8001dba2 0xb1e0
core   0: 0x8000bb04 (0x00bdc703) lbu     a4, 11(s11)
core   0: 3 0x8000bb04 (0x00bdc703) x14 0x000000cc mem 0x8001232b
core   0: 0x8000bb08 (0x013d8603) lb      a2, 19(s11)
core   0: 3 0x8000bb08 (0x013d8603) x12 0xffffffce mem 0x80012333
core   0: 0x8000bb0c (0xffcd8ea3) sb      t3, -3(s11)
core   0: 3 0x8000bb0c (0xffcd8ea3) mem 0x8001231d 0x87
core   0: 0x8000bb10 (0x036e9ba3) sh      s6, 55(t4)
core   0: 3 0x8000bb10 (0x036e9ba3) mem 0x8001dbf6 0x5bd9
core   0: 0x8000bb14 (0xff6e8603) lb      a2, -10(t4)
core   0: 3 0x8000bb14 (0xff6e8603) x12 0x00000008 mem 0x8001dbb5
core   0: 0x8000bb18 (0x016d8c03) lb      s8, 22(s11)
core   0: 3 0x8000bb18 (0x016d8c03) x24 0x00000059 mem 0x80012336
core   0: 0x8000bb1c (0xffdea183) lw      gp, -3(t4)
core   0: 3 0x8000bb1c (0xffdea183) x 3 0x3ebce3f9 mem 0x8001dbbc
core   0: 0x8000bb20 (0xfd7da623) sw      s7, -52(s11)
core   0: 3 0x8000bb20 (0xfd7da623) mem 0x800122ec 0x00000001
core   0: 0x8000bb24 (0x036dda83) lhu     s5, 54(s11)
core   0: 3 0x8000bb24 (0x036dda83) x21 0x0000b6ac mem 0x80012356
core   0: 0x8000bb28 (0x00fe9003) lh      zero, 15(t4)
core   0: 3 0x8000bb28 (0x00fe9003) mem 0x8001dbce
core   0: 0x8000bb2c (0x00dd9323) sh      a3, 6(s11)
core   0: 3 0x8000bb2c (0x00dd9323) mem 0x80012326 0xbd24
core   0: 0x8000bb30 (0x026e8723) sb      t1, 46(t4)
core   0: 3 0x8000bb30 (0x026e8723) mem 0x8001dbed 0x0
core   0: 0x8000bb34 (0xfe6e8303) lb      t1, -26(t4)
core   0: 3 0x8000bb34 (0xfe6e8303) x 6 0xffffff83 mem 0x8001dba5
core   0: 0x8000bb38 (0xfefe8603) lb      a2, -17(t4)
core   0: 3 0x8000bb38 (0xfefe8603) x12 0xffffffc7 mem 0x8001dbae
core   0: 0x8000bb3c (0x00007617) auipc   a2, 0x7
core   0: 3 0x8000bb3c (0x00007617) x12 0x80012b3c
core   0: 0x8000bb40 (0x9ad60613) addi    a2, a2, -1619
core   0: 3 0x8000bb40 (0x9ad60613) x12 0x800124e9
core   0: 0x8000bb44 (0xfc561e83) lh      t4, -59(a2)
core   0: 3 0x8000bb44 (0xfc561e83) x29 0xffffd3f6 mem 0x800124ae
core   0: 0x8000bb48 (0x00016597) auipc   a1, 0x16
core   0: 3 0x8000bb48 (0x00016597) x11 0x80021b48
core   0: 0x8000bb4c (0xee158593) addi    a1, a1, -287
core   0: 3 0x8000bb4c (0xee158593) x11 0x80021a29
core   0: 0x8000bb50 (0xfd765a03) lhu     s4, -41(a2)
core   0: 3 0x8000bb50 (0xfd765a03) x20 0x00006865 mem 0x800124c0
core   0: 0x8000bb54 (0xd2058323) sb      zero, -730(a1)
core   0: 3 0x8000bb54 (0xd2058323) mem 0x8002174f 0x0
core   0: 0x8000bb58 (0x4c058623) sb      zero, 1228(a1)
core   0: 3 0x8000bb58 (0x4c058623) mem 0x80021ef5 0x0
core   0: 0x8000bb5c (0x56c5c083) lbu     ra, 1388(a1)
core   0: 3 0x8000bb5c (0x56c5c083) x 1 0x000000f3 mem 0x80021f95
core   0: 0x8000bb60 (0x01a64103) lbu     sp, 26(a2)
core   0: 3 0x8000bb60 (0x01a64103) x 2 0x0000001c mem 0x80012503
core   0: 0x8000bb64 (0x03460403) lb      s0, 52(a2)
core   0: 3 0x8000bb64 (0x03460403) x 8 0xffffffcb mem 0x8001251d
core   0: 0x8000bb68 (0xce559da3) sh      t0, -773(a1)
core   0: 3 0x8000bb68 (0xce559da3) mem 0x80021724 0xe31a
core   0: 0x8000bb6c (0x00064d83) lbu     s11, 0(a2)
core   0: 3 0x8000bb6c (0x00064d83) x27 0x00000090 mem 0x800124e9
core   0: 0x8000bb70 (0xb795d703) lhu     a4, -1159(a1)
core   0: 3 0x8000bb70 (0xb795d703) x14 0x00003b1b mem 0x800215a2
core   0: 0x8000bb74 (0x02560f83) lb      t6, 37(a2)
core   0: 3 0x8000bb74 (0x02560f83) x31 0xfffffff7 mem 0x8001250e
core   0: 0x8000bb78 (0x62f58923) sb      a5, 1586(a1)
core   0: 3 0x8000bb78 (0x62f58923) mem 0x8002205b 0x25
core   0: 0x8000bb7c (0xfcc60b83) lb      s7, -52(a2)
core   0: 3 0x8000bb7c (0xfcc60b83) x23 0xffffff8f mem 0x800124b5
core   0: 0x8000bb80 (0x9ff58e03) lb      t3, -1537(a1)
core   0: 3 0x8000bb80 (0x9ff58e03) x28 0x00000039 mem 0x80021428
core   0: 0x8000bb84 (0xfd660183) lb      gp, -42(a2)
core   0: 3 0x8000bb84 (0xfd660183) x 3 0x0000001f mem 0x800124bf
core   0: 0x8000bb88 (0x48158a23) sb      ra, 1172(a1)
core   0: 3 0x8000bb88 (0x48158a23) mem 0x80021ebd 0xf3
core   0: 0x8000bb8c (0xfce60123) sb      a4, -62(a2)
core   0: 3 0x8000bb8c (0xfce60123) mem 0x800124ab 0x1b
core   0: 0x8000bb90 (0x00017317) auipc   t1, 0x17
core   0: 3 0x8000bb90 (0x00017317) x 6 0x80022b90
core   0: 0x8000bb94 (0x4e430313) addi    t1, t1, 1252
core   0: 3 0x8000bb94 (0x4e430313) x 6 0x80023074
core   0: 0x8000bb98 (0x12032e2f) lr.w    t3, (t1)
core   0: 3 0x8000bb98 (0x12032e2f) x28 0x7ffdcf84 mem 0x80023074
core   0: 0x8000bb9c (0x18820d93) addi    s11, tp, 392
core   0: 3 0x8000bb9c (0x18820d93) x27 0x800231e4
core   0: 0x8000bba0 (0x0258e5b3) rem     a1, a7, t0
core   0: 3 0x8000bba0 (0x0258e5b3) x11 0x00000000
core   0: 0x8000bba4 (0x017c87b3) add     a5, s9, s7
core   0: 3 0x8000bba4 (0x017c87b3) x15 0xffffffdb
core   0: 0x8000bba8 (0x00000001) c.nop
core   0: 3 0x8000bba8 (0x0001)
core   0: 0x8000bbaa (0xe50d29b7) lui     s3, 0xe50d2
core   0: 3 0x8000bbaa (0xe50d29b7) x19 0xe50d2000
core   0: 0x8000bbae (0x0000092e) c.slli  s2, 11
core   0: 3 0x8000bbae (0x092e) x18 0x412f2800
core   0: 0x8000bbb0 (0x002821b3) slt     gp, a6, sp
core   0: 3 0x8000bbb0 (0x002821b3) x 3 0x00000001
core   0: 0x8000bbb4 (0x019a42b3) xor     t0, s4, s9
core   0: 3 0x8000bbb4 (0x019a42b3) x 5 0x00006829
core   0: 0x8000bbb8 (0x196325af) sc.w    a1, s6, (t1)
core   0: 3 0x8000bbb8 (0x196325af) x11 0x00000000 mem 0x80023074 0x80015bd9
core   0: 0x8000bbbc (0x00017797) auipc   a5, 0x17
core   0: 3 0x8000bbbc (0x00017797) x15 0x80022bbc
core   0: 0x8000bbc0 (0x49878793) addi    a5, a5, 1176
core   0: 3 0x8000bbc0 (0x49878793) x15 0x80023054
core   0: 0x8000bbc4 (0x00017717) auipc   a4, 0x17
core   0: 3 0x8000bbc4 (0x00017717) x14 0x80022bc4
core   0: 0x8000bbc8 (0x48c70713) addi    a4, a4, 1164
core   0: 3 0x8000bbc8 (0x48c70713) x14 0x80023050
core   0: 0x8000bbcc (0x00017497) auipc   s1, 0x17
core   0: 3 0x8000bbcc (0x00017497) x 9 0x80022bcc
core   0: 0x8000bbd0 (0x48c48493) addi    s1, s1, 1164
core   0: 3 0x8000bbd0 (0x48c48493) x 9 0x80023058
core   0: 0x8000bbd4 (0x0187afaf) amoadd.w t6, s8, (a5)
core   0: 3 0x8000bbd4 (0x0187afaf) x31 0x80023070 mem 0x80023054 mem 0x80023054 0x800230c9
core   0: 0x8000bbd8 (0x0534a52f) amoadd.w a0, s3, (s1)
core   0: 3 0x8000bbd8 (0x0534a52f) x10 0x00000000 mem 0x80023058 mem 0x80023058 0xe50d2000
core   0: 0x8000bbdc (0x04e725af) amoadd.w a1, a4, (a4)
core   0: 3 0x8000bbdc (0x04e725af) x11 0xffffb217 mem 0x80023050 mem 0x80023050 0x8001e267
core   0: 0x8000bbe0 (0xe417a9af) amomaxu.w s3, ra, (a5)
core   0: 3 0x8000bbe0 (0xe417a9af) x19 0x800230c9 mem 0x80023054 mem 0x80023054 0x800230c9
core   0: 0x8000bbe4 (0x00017d97) auipc   s11, 0x17
core   0: 3 0x8000bbe4 (0x00017d97) x27 0x80022be4
core   0: 0x8000bbe8 (0x488d8d93) addi    s11, s11, 1160
core   0: 3 0x8000bbe8 (0x488d8d93) x27 0x8002306c
core   0: 0x8000bbec (0x00017597) auipc   a1, 0x17
core   0: 3 0x8000bbec (0x00017597) x11 0x80022bec
core   0: 0x8000bbf0 (0x48858593) addi    a1, a1, 1160
core   0: 3 0x8000bbf0 (0x48858593) x11 0x80023074
core   0: 0x8000bbf4 (0x00017497) auipc   s1, 0x17
core   0: 3 0x8000bbf4 (0x00017497) x 9 0x80022bf4
core   0: 0x8000bbf8 (0x46448493) addi    s1, s1, 1124
core   0: 3 0x8000bbf8 (0x46448493) x 9 0x80023058
core   0: 0x8000bbfc (0xe27fa113) slti    sp, t6, -473
core   0: 3 0x8000bbfc (0xe27fa113) x 2 0x00000001
core   0: 0x8000bc00 (0x0514a9af) amoadd.w s3, a7, (s1)
core   0: 3 0x8000bc00 (0x0514a9af) x19 0xe50d2000 mem 0x80023058 mem 0x80023058 0xe50d2000
core   0: 0x8000bc04 (0x028b6bb3) rem     s7, s6, s0
core   0: 3 0x8000bc04 (0x028b6bb3) x23 0xfffffff4
core   0: 0x8000bc08 (0x0000100f) fence.i
core   0: 3 0x8000bc08 (0x0000100f)
core   0: 0x8000bc0c (0xc4eda8af) amominu.w a7, a4, (s11)
core   0: 3 0x8000bc0c (0xc4eda8af) x17 0x000032b0 mem 0x8002306c mem 0x8002306c 0x000032b0
core   0: 0x8000bc10 (0x62a4aaaf) amoand.w s5, a0, (s1)
core   0: 3 0x8000bc10 (0x62a4aaaf) x21 0xe50d2000 mem 0x80023058 mem 0x80023058 0x00000000
core   0: 0x8000bc14 (0x0985aaaf) amoswap.w s5, s8, (a1)
core   0: 3 0x8000bc14 (0x0985aaaf) x21 0x80015bd9 mem 0x80023074 mem 0x80023074 0x00000059
core   0: 0x8000bc18 (0xa154a8af) amomax.w a7, s5, (s1)
core   0: 3 0x8000bc18 (0xa154a8af) x17 0x00000000 mem 0x80023058 mem 0x80023058 0x00000000
core   0: 0x8000bc1c (0x4324ac2f) amoor.w s8, s2, (s1)
core   0: 3 0x8000bc1c (0x4324ac2f) x24 0x00000000 mem 0x80023058 mem 0x80023058 0x412f2800
core   0: 0x8000bc20 (0x20fda72f) amoxor.w a4, a5, (s11)
core   0: 3 0x8000bc20 (0x20fda72f) x14 0x000032b0 mem 0x8002306c mem 0x8002306c 0x800202e4
core   0: 0x8000bc24 (0x00012f97) auipc   t6, 0x12
core   0: 3 0x8000bc24 (0x00012f97) x31 0x8001dc24
core   0: 0x8000bc28 (0x178f8f93) addi    t6, t6, 376
core   0: 3 0x8000bc28 (0x178f8f93) x31 0x8001dd9c
core   0: 0x8000bc2c (0x00007b17) auipc   s6, 0x7
core   0: 3 0x8000bc2c (0x00007b17) x22 0x80012c2c
core   0: 0x8000bc30 (0xe94b0b13) addi    s6, s6, -364
core   0: 3 0x8000bc30 (0xe94b0b13) x22 0x80012ac0
core   0: 0x8000bc34 (0x00af8903) lb      s2, 10(t6)
core   0: 3 0x8000bc34 (0x00af8903) x18 0x00000055 mem 0x8001dda6
core   0: 0x8000bc38 (0x2eab0c83) lb      s9, 746(s6)
core   0: 3 0x8000bc38 (0x2eab0c83) x25 0xffffff99 mem 0x80012daa
core   0: 0x8000bc3c (0x545b0d03) lb      s10, 1349(s6)
core   0: 3 0x8000bc3c (0x545b0d03) x26 0x00000015 mem 0x80013005
core   0: 0x8000bc40 (0xfe2fdd03) lhu     s10, -30(t6)
core   0: 3 0x8000bc40 (0xfe2fdd03) x26 0x0000b189 mem 0x8001dd7e
core   0: 0x8000bc44 (0x531b4603) lbu     a2, 1329(s6)
core   0: 3 0x8000bc44 (0x531b4603) x12 0x00000027 mem 0x80012ff1
core   0: 0x8000bc48 (0xfc2f8b83) lb      s7, -62(t6)
core   0: 3 0x8000bc48 (0xfc2f8b83) x23 0xffffffe8 mem 0x8001dd5e
core   0: 0x8000bc4c (0x03efae23) sw      t5, 60(t6)
core   0: 3 0x8000bc4c (0x03efae23) mem 0x8001ddd8 0x0000001d
core   0: 0x8000bc50 (0x12eb4d83) lbu     s11, 302(s6)
core   0: 3 0x8000bc50 (0x12eb4d83) x27 0x000000ff mem 0x80012bee
core   0: 0x8000bc54 (0x412b1323) sh      s2, 1030(s6)
core   0: 3 0x8000bc54 (0x412b1323) mem 0x80012ec6 0x0055
core   0: 0x8000bc58 (0xfe0f8f23) sb      zero, -2(t6)
core   0: 3 0x8000bc58 (0xfe0f8f23) mem 0x8001dd9a 0x0
core   0: 0x8000bc5c (0x00017b17) auipc   s6, 0x17
core   0: 3 0x8000bc5c (0x00017b17) x22 0x80022c5c
core   0: 0x8000bc60 (0x40cb0b13) addi    s6, s6, 1036
core   0: 3 0x8000bc60 (0x40cb0b13) x22 0x80023068
core   0: 0x8000bc64 (0x00d465b3) or      a1, s0, a3
core   0: 3 0x8000bc64 (0x00d465b3) x11 0xffffffef
core   0: 0x8000bc68 (0x00008521) c.srai  a0, 8
core   0: 3 0x8000bc68 (0x8521) x10 0x00000000
core   0: 0x8000bc6a (0x140b20af) lr.w    ra, (s6)
core   0: 3 0x8000bc6a (0x140b20af) x 1 0x0000e000 mem 0x80023068
core   0: 0x8000bc6e (0x03e0fd33) remu    s10, ra, t5
core   0: 3 0x8000bc6e (0x03e0fd33) x26 0x0000000b
core   0: 0x8000bc72 (0x00000ab2) c.slli  s5, 12
core   0: 3 0x8000bc72 (0x0ab2) x21 0x15bd9000
core   0: 0x8000bc74 (0x1858c893) xori    a7, a7, 389
core   0: 3 0x8000bc74 (0x1858c893) x17 0x00000185
core   0: 0x8000bc78 (0xa91ef317) auipc   t1, 0xa91ef
core   0: 3 0x8000bc78 (0xa91ef317) x 6 0x291fac78
core   0: 0x8000bc7c (0x000007ae) c.slli  a5, 11
core   0: 3 0x8000bc7c (0x07ae) x15 0x1182a000
core   0: 0x8000bc7e (0xfd42c413) xori    s0, t0, -44
core   0: 3 0x8000bc7e (0xfd42c413) x 8 0xffff97fd
core   0: 0x8000bc82 (0x00000001) c.nop
core   0: 3 0x8000bc82 (0x0001)
core   0: 0x8000bc84 (0x000007fa) c.slli  a5, 30
core   0: 3 0x8000bc84 (0x07fa) x15 0x00000000
core   0: 0x8000bc86 (0x6d80aa93) slti    s5, ra, 1752
core   0: 3 0x8000bc86 (0x6d80aa93) x21 0x00000000
core   0: 0x8000bc8a (0x0380bcb3) mulhu   s9, ra, s8
core   0: 3 0x8000bc8a (0x0380bcb3) x25 0x00000000
core   0: 0x8000bc8e (0x19bb2daf) sc.w    s11, s11, (s6)
core   0: 3 0x8000bc8e (0x19bb2daf) x27 0x00000000 mem 0x80023068 0x000000ff
core   0: 0x8000bc92 (0x00008ca1) c.xor   s1, s0
core   0: 3 0x8000bc92 (0x8ca1) x 9 0x7ffda7a5
core   0: 0x8000bc94 (0x01685893) srli    a7, a6, 22
core   0: 3 0x8000bc94 (0x01685893) x17 0x00000200
core   0: 0x8000bc98 (0x01eb6433) or      s0, s6, t5
core   0: 3 0x8000bc98 (0x01eb6433) x 8 0x8002307d
core   0: 0x8000bc9c (0x00b19b93) slli    s7, gp, 11
core   0: 3 0x8000bc9c (0x00b19b93) x23 0x00000800
core   0: 0x8000bca0 (0x6d281e97) auipc   t4, 0x6d281
core   0: 3 0x8000bca0 (0x6d281e97) x29 0xed28cca0
core   0: 0x8000bca4 (0x0000100f) fence.i
core   0: 3 0x8000bca4 (0x0000100f)
core   0: 0x8000bca8 (0x01103eb3) snez    t4, a7
core   0: 3 0x8000bca8 (0x01103eb3) x29 0x00000001
core   0: 0x8000bcac (0x0024df33) srl     t5, s1, sp
core   0: 3 0x8000bcac (0x0024df33) x30 0x3ffed3d2
core   0: 0x8000bcb0 (0x4090dc13) srai    s8, ra, 9
core   0: 3 0x8000bcb0 (0x4090dc13) x24 0x00000070
core   0: 0x8000bcb4 (0x0000100f) fence.i
core   0: 3 0x8000bcb4 (0x0000100f)
core   0: 0x8000bcb8 (0x40ea5113) srai    sp, s4, 14
core   0: 3 0x8000bcb8 (0x40ea5113) x 2 0x00000001
core   0: 0x8000bcbc (0x00008d65) c.and   a0, s1
core   0: 3 0x8000bcbc (0x8d65) x10 0x00000000
core   0: 0x8000bcbe (0xee0c3193) sltiu   gp, s8, -288
core   0: 3 0x8000bcbe (0xee0c3193) x 3 0x00000001
core   0: 0x8000bcc2 (0x02e9c863) blt     s3, a4, pc + 48
core   0: 3 0x8000bcc2 (0x02e9c863)
core   0: 0x8000bcf2 (0x0000997d) c.andi  a0, -1
core   0: 3 0x8000bcf2 (0x997d) x10 0x00000000
core   0: 0x8000bcf4 (0x0000717d) c.addi16sp sp, -16
core   0: 3 0x8000bcf4 (0x717d) x 2 0xfffffff1
core   0: 0x8000bcf6 (0x41420b33) sub     s6, tp, s4
core   0: 3 0x8000bcf6 (0x41420b33) x22 0x8001c7f7
core   0: 0x8000bcfa (0x018674b3) and     s1, a2, s8
core   0: 3 0x8000bcfa (0x018674b3) x 9 0x00000020
core   0: 0x8000bcfe (0x03250033) mul     zero, a0, s2
core   0: 3 0x8000bcfe (0x03250033)
core   0: 0x8000bd02 (0x0000c881) c.beqz  s1, pc + 16
core   0: 3 0x8000bd02 (0xc881)
core   0: 0x8000bd04 (0x1c6a6a13) ori     s4, s4, 454
core   0: 3 0x8000bd04 (0x1c6a6a13) x20 0x000069e7
core   0: 0x8000bd08 (0x02f130b3) mulhu   ra, sp, a5
core   0: 3 0x8000bd08 (0x02f130b3) x 1 0x00000000
core   0: 0x8000bd0c (0x0000717d) c.addi16sp sp, -16
core   0: 3 0x8000bd0c (0x717d) x 2 0xffffffe1
core   0: 0x8000bd0e (0x01589033) sll     zero, a7, s5
core   0: 3 0x8000bd0e (0x01589033)
core   0: 0x8000bd12 (0x00008dc5) c.or    a1, s1
core   0: 3 0x8000bd12 (0x8dc5) x11 0xffffffef
core   0: 0x8000bd14 (0x00c76663) bltu    a4, a2, pc + 12
core   0: 3 0x8000bd14 (0x00c76663)
core   0: 0x8000bd18 (0x3832a913) slti    s2, t0, 899
core   0: 3 0x8000bd18 (0x3832a913) x18 0x00000000
core   0: 0x8000bd1c (0x0017df33) srl     t5, a5, ra
core   0: 3 0x8000bd1c (0x0017df33) x30 0x00000000
core   0: 0x8000bd20 (0x00008029) c.srli  s0, 10
core   0: 3 0x8000bd20 (0x8029) x 8 0x0020008c
core   0: 0x8000bd22 (0x00008b7d) c.andi  a4, 31
core   0: 3 0x8000bd22 (0x8b7d) x14 0x00000010
core   0: 0x8000bd24 (0x41625233) sra     tp, tp, s6
core   0: 3 0x8000bd24 (0x41625233) x 4 0xffffff00
core   0: 0x8000bd28 (0x04024063) bltz    tp, pc + 64
core   0: 3 0x8000bd28 (0x04024063)
core   0: 0x8000bd68 (0x0000161c) c.addi4spn a5, sp, 800
core   0: 3 0x8000bd68 (0x161c) x15 0x00000301
core   0: 0x8000bd6a (0x020dc5b3) div     a1, s11, zero
core   0: 3 0x8000bd6a (0x020dc5b3) x11 0xffffffff
core   0: 0x8000bd6e (0x00001390) c.addi4spn a2, sp, 480
core   0: 3 0x8000bd6e (0x1390) x12 0x000001c1
core   0: 0x8000bd70 (0x00fa2033) slt     zero, s4, a5
core   0: 3 0x8000bd70 (0x00fa2033)
core   0: 0x8000bd74 (0x00008e01) c.sub   a2, s0
core   0: 3 0x8000bd74 (0x8e01) x12 0xffe00135
core   0: 0x8000bd76 (0x00000001) c.nop
core   0: 3 0x8000bd76 (0x0001)
core   0: 0x8000bd78 (0x02581433) mulh    s0, a6, t0
core   0: 3 0x8000bd78 (0x02581433) x 8 0xffffcbec
core   0: 0x8000bd7c (0x02b3c2b3) div     t0, t2, a1
core   0: 3 0x8000bd7c (0x02b3c2b3) x 5 0x00000000
core   0: 0x8000bd80 (0x02b68563) beq     a3, a1, pc + 42
core   0: 3 0x8000bd80 (0x02b68563)
core   0: 0x8000bd84 (0x00008df9) c.and   a1, a4
core   0: 3 0x8000bd84 (0x8df9) x11 0x00000010
core   0: 0x8000bd86 (0x02d6cb63) blt     a3, a3, pc + 54
core   0: 3 0x8000bd86 (0x02d6cb63)
core   0: 0x8000bd8a (0x0ff0000f) fence   iorw,iorw
core   0: 3 0x8000bd8a (0x0ff0000f)
core   0: 0x8000bd8e (0xd469ef93) ori     t6, s3, -698
core   0: 3 0x8000bd8e (0xd469ef93) x31 0xfffffd46
core   0: 0x8000bd92 (0x01170933) add     s2, a4, a7
core   0: 3 0x8000bd92 (0x01170933) x18 0x00000210
core   0: 0x8000bd96 (0x404d0133) sub     sp, s10, tp
core   0: 3 0x8000bd96 (0x404d0133) x 2 0x0000010b
core   0: 0x8000bd9a (0x03baebb3) rem     s7, s5, s11
core   0: 3 0x8000bd9a (0x03baebb3) x23 0x00000000
core   0: 0x8000bd9e (0x6dfeac13) slti    s8, t4, 1759
core   0: 3 0x8000bd9e (0x6dfeac13) x24 0x00000001
core   0: 0x8000bda2 (0x000007bd) c.addi  a5, 15
core   0: 3 0x8000bda2 (0x07bd) x15 0x00000310
core   0: 0x8000bda4 (0x033fddb3) divu    s11, t6, s3
core   0: 3 0x8000bda4 (0x033fddb3) x27 0x00000001
core   0: 0x8000bda8 (0x00008ccd) c.or    s1, a1
core   0: 3 0x8000bda8 (0x8ccd) x 9 0x00000030
core   0: 0x8000bdaa (0x00407a63) bgeu    zero, tp, pc + 20
core   0: 3 0x8000bdaa (0x00407a63)
core   0: 0x8000bdae (0x61124a93) xori    s5, tp, 1553
core   0: 3 0x8000bdae (0x61124a93) x21 0xfffff911
core   0: 0x8000bdb2 (0x000084e1) c.srai  s1, 24
core   0: 3 0x8000bdb2 (0x84e1) x 9 0x00000000
core   0: 0x8000bdb4 (0x0100fab3) and     s5, ra, a6
core   0: 3 0x8000bdb4 (0x0100fab3) x21 0x00000000
core   0: 0x8000bdb8 (0x3fe3c313) xori    t1, t2, 1022
core   0: 3 0x8000bdb8 (0x3fe3c313) x 6 0x000003fe
core   0: 0x8000bdbc (0x0000ee15) c.bnez  a2, pc + 60
core   0: 3 0x8000bdbc (0xee15)
core   0: 0x8000bdf8 (0xdf1e7b93) andi    s7, t3, -527
core   0: 3 0x8000bdf8 (0xdf1e7b93) x23 0x7ffdcd80
core   0: 0x8000bdfc (0x0359e033) rem     zero, s3, s5
core   0: 3 0x8000bdfc (0x0359e033)
core   0: 0x8000be00 (0x039069b3) rem     s3, zero, s9
core   0: 3 0x8000be00 (0x039069b3) x19 0x00000000
core   0: 0x8000be04 (0x0000894a) c.mv    s2, s2
core   0: 3 0x8000be04 (0x894a) x18 0x00000210
core   0: 0x8000be06 (0x41940cb3) sub     s9, s0, s9
core   0: 3 0x8000be06 (0x41940cb3) x25 0xffffcbec
core   0: 0x8000be0a (0x4057d7b3) sra     a5, a5, t0
core   0: 3 0x8000be0a (0x4057d7b3) x15 0x00000310
core   0: 0x8000be0e (0x000081b1) c.srli  a1, 12
core   0: 3 0x8000be0e (0x81b1) x11 0x00000000
core   0: 0x8000be10 (0x2453ec13) ori     s8, t2, 581
core   0: 3 0x8000be10 (0x2453ec13) x24 0x00000245
core   0: 0x8000be14 (0x41d55893) srai    a7, a0, 29
core   0: 3 0x8000be14 (0x41d55893) x17 0x00000000
core   0: 0x8000be18 (0xa3fb91b7) lui     gp, 0xa3fb9
core   0: 3 0x8000be18 (0xa3fb91b7) x 3 0xa3fb9000
core   0: 0x8000be1c (0x978a2637) lui     a2, 0x978a2
core   0: 3 0x8000be1c (0x978a2637) x12 0x978a2000
core   0: 0x8000be20 (0x03dd7b63) bgeu    s10, t4, pc + 54
core   0: 3 0x8000be20 (0x03dd7b63)
core   0: 0x8000be56 (0x0000717d) c.addi16sp sp, -16
core   0: 3 0x8000be56 (0x717d) x 2 0x000000fb
core   0: 0x8000be58 (0x02511c63) bne     sp, t0, pc + 56
core   0: 3 0x8000be58 (0x02511c63)
core   0: 0x8000be90 (0x0030b033) sltu    zero, ra, gp
core   0: 3 0x8000be90 (0x0030b033)
core   0: 0x8000be94 (0x00008cc9) c.or    s1, a0
core   0: 3 0x8000be94 (0x8cc9) x 9 0x00000000
core   0: 0x8000be96 (0x02c14663) blt     sp, a2, pc + 44
core   0: 3 0x8000be96 (0x02c14663)
core   0: 0x8000be9a (0x00001b90) c.addi4spn a2, sp, 496
core   0: 3 0x8000be9a (0x1b90) x12 0x000002eb
core   0: 0x8000be9c (0x000099fd) c.andi  a1, -1
core   0: 3 0x8000be9c (0x99fd) x11 0x00000000
core   0: 0x8000be9e (0x00008e75) c.and   a2, a3
core   0: 3 0x8000be9e (0x8e75) x12 0x00000020
core   0: 0x8000bea0 (0x4daf6097) auipc   ra, 0x4daf6
core   0: 3 0x8000bea0 (0x4daf6097) x 1 0xcdb01ea0
core   0: 0x8000bea4 (0x01980f33) add     t5, a6, s9
core   0: 3 0x8000bea4 (0x01980f33) x30 0x80024a68
core   0: 0x8000bea8 (0x00001d84) c.addi4spn s1, sp, 752
core   0: 3 0x8000bea8 (0x1d84) x 9 0x000003eb
core   0: 0x8000beaa (0x00001b08) c.addi4spn a0, sp, 432
core   0: 3 0x8000beaa (0x1b08) x10 0x000002ab
core   0: 0x8000beac (0x0000e119) c.bnez  a0, pc + 6
core   0: 3 0x8000beac (0xe119)
core   0: 0x8000beb2 (0x02cdfdb3) remu    s11, s11, a2
core   0: 3 0x8000beb2 (0x02cdfdb3) x27 0x00000001
core   0: 0x8000beb6 (0x00009f1a) c.add   t5, t1
core   0: 3 0x8000beb6 (0x9f1a) x30 0x80024e66
core   0: 0x8000beb8 (0x00000001) c.nop
core   0: 3 0x8000beb8 (0x0001)
core   0: 0x8000beba (0x02638763) beq     t2, t1, pc + 46
core   0: 3 0x8000beba (0x02638763)
core   0: 0x8000bebe (0x4012d893) srai    a7, t0, 1
core   0: 3 0x8000bebe (0x4012d893) x17 0x00000000
core   0: 0x8000bec2 (0x41978cb3) sub     s9, a5, s9
core   0: 3 0x8000bec2 (0x41978cb3) x25 0x00003724
core   0: 0x8000bec6 (0x0000e51d) c.bnez  a0, pc + 46
core   0: 3 0x8000bec6 (0xe51d)
core   0: 0x8000bef4 (0x0000e481) c.bnez  s1, pc + 8
core   0: 3 0x8000bef4 (0xe481)
core   0: 0x8000befc (0x0261c063) blt     gp, t1, pc + 32
core   0: 3 0x8000befc (0x0261c063)
core   0: 0x8000bf1c (0x0000e19d) c.bnez  a1, pc + 38
core   0: 3 0x8000bf1c (0xe19d)
core   0: 0x8000bf1e (0x02d64f33) div     t5, a2, a3
core   0: 3 0x8000bf1e (0x02d64f33) x30 0x00000000
core   0: 0x8000bf22 (0x00009a7d) c.andi  a2, -1
core   0: 3 0x8000bf22 (0x9a7d) x12 0x00000020
core   0: 0x8000bf24 (0x00169c33) sll     s8, a3, ra
core   0: 3 0x8000bf24 (0x00169c33) x24 0x8002bd24
core   0: 0x8000bf28 (0x000084ce) c.mv    s1, s3
core   0: 3 0x8000bf28 (0x84ce) x 9 0x00000000
core   0: 0x8000bf2a (0xbce46413) ori     s0, s0, -1074
core   0: 3 0x8000bf2a (0xbce46413) x 8 0xfffffbee
core   0: 0x8000bf2e (0x00008fb1) c.xor   a5, a2
core   0: 3 0x8000bf2e (0x8fb1) x15 0x00000330
core   0: 0x8000bf30 (0x000087ee) c.mv    a5, s11
core   0: 3 0x8000bf30 (0x87ee) x15 0x00000001
core   0: 0x8000bf32 (0x0050deb3) srl     t4, ra, t0
core   0: 3 0x8000bf32 (0x0050deb3) x29 0xcdb01ea0
core   0: 0x8000bf36 (0x00000001) c.nop
core   0: 3 0x8000bf36 (0x0001)
core   0: 0x8000bf38 (0x00000a98) c.addi4spn a4, sp, 336
core   0: 3 0x8000bf38 (0x0a98) x14 0x0000024b
core   0: 0x8000bf3a (0x453bc413) xori    s0, s7, 1107
core   0: 3 0x8000bf3a (0x453bc413) x 8 0x7ffdc9d3
core   0: 0x8000bf3e (0x02660363) beq     a2, t1, pc + 38
core   0: 3 0x8000bf3e (0x02660363)
core   0: 0x8000bf42 (0x0541c063) blt     gp, s4, pc + 64
core   0: 3 0x8000bf42 (0x0541c063)
core   0: 0x8000bf82 (0x03279433) mulh    s0, a5, s2
core   0: 3 0x8000bf82 (0x03279433) x 8 0x00000000
core   0: 0x8000bf86 (0x037991b3) mulh    gp, s3, s7
core   0: 3 0x8000bf86 (0x037991b3) x 3 0x00000000
core   0: 0x8000bf8a (0x00000318) c.addi4spn a4, sp, 384
core   0: 3 0x8000bf8a (0x0318) x14 0x0000027b
core   0: 0x8000bf8c (0x00ae1133) sll     sp, t3, a0
core   0: 3 0x8000bf8c (0x00ae1133) x 2 0xee7c2000
core   0: 0x8000bf90 (0x00008dda) c.mv    s11, s6
core   0: 3 0x8000bf90 (0x8dda) x27 0x8001c7f7
core   0: 0x8000bf92 (0x00008c11) c.sub   s0, a2
core   0: 3 0x8000bf92 (0x8c11) x 8 0xffffffe0
core   0: 0x8000bf94 (0x41558d33) sub     s10, a1, s5
core   0: 3 0x8000bf94 (0x41558d33) x26 0x00000000
core   0: 0x8000bf98 (0x00497663) bgeu    s2, tp, pc + 12
core   0: 3 0x8000bf98 (0x00497663)
core   0: 0x8000bf9c (0x00004e39) c.li    t3, 14
core   0: 3 0x8000bf9c (0x4e39) x28 0x0000000e
core   0: 0x8000bf9e (0x00008dd9) c.or    a1, a4
core   0: 3 0x8000bf9e (0x8dd9) x11 0x0000027b
core   0: 0x8000bfa0 (0x04ae6163) bltu    t3, a0, pc + 66
core   0: 3 0x8000bfa0 (0x04ae6163)
core   0: 0x8000bfe2 (0x00008f11) c.sub   a4, a2
core   0: 3 0x8000bfe2 (0x8f11) x14 0x0000025b
core   0: 0x8000bfe4 (0x039bd863) bge     s7, s9, pc + 48
core   0: 3 0x8000bfe4 (0x039bd863)
core   0: 0x8000c014 (0x00afdf33) srl     t5, t6, a0
core   0: 3 0x8000c014 (0x00afdf33) x30 0x001fffff
core   0: 0x8000c018 (0x007280b3) add     ra, t0, t2
core   0: 3 0x8000c018 (0x007280b3) x 1 0x00000000
core   0: 0x8000c01c (0x02a1cb33) div     s6, gp, a0
core   0: 3 0x8000c01c (0x02a1cb33) x22 0x00000000
core   0: 0x8000c020 (0x41048cb3) sub     s9, s1, a6
core   0: 3 0x8000c020 (0x41048cb3) x25 0x7ffd8184
core   0: 0x8000c024 (0x02c70333) mul     t1, a4, a2
core   0: 3 0x8000c024 (0x02c70333) x 6 0x00004b60
core   0: 0x8000c028 (0x01929d93) slli    s11, t0, 25
core   0: 3 0x8000c028 (0x01929d93) x27 0x00000000
core   0: 0x8000c02c (0x00d61b33) sll     s6, a2, a3
core   0: 3 0x8000c02c (0x00d61b33) x22 0x00000200
core   0: 0x8000c030 (0x01ffb133) sltu    sp, t6, t6
core   0: 3 0x8000c030 (0x01ffb133) x 2 0x00000000
core   0: 0x8000c034 (0x0000e615) c.bnez  a2, pc + 44
core   0: 3 0x8000c034 (0xe615)
core   0: 0x8000c060 (0x000085c9) c.srai  a1, 18
core   0: 3 0x8000c060 (0x85c9) x11 0x00000000
core   0: 0x8000c062 (0x00a02f33) slt     t5, zero, a0
core   0: 3 0x8000c062 (0x00a02f33) x30 0x00000001
core   0: 0x8000c066 (0x6117fe13) andi    t3, a5, 1553
core   0: 3 0x8000c066 (0x6117fe13) x28 0x00000001
core   0: 0x8000c06a (0x0163ebb3) or      s7, t2, s6
core   0: 3 0x8000c06a (0x0163ebb3) x23 0x00000200
core   0: 0x8000c06e (0x0000100f) fence.i
core   0: 3 0x8000c06e (0x0000100f)
core   0: 0x8000c072 (0x015f1933) sll     s2, t5, s5
core   0: 3 0x8000c072 (0x015f1933) x18 0x00000001
core   0: 0x8000c076 (0x016d5033) srl     zero, s10, s6
core   0: 3 0x8000c076 (0x016d5033)
core   0: 0x8000c07a (0x000018fd) c.addi  a7, -1
core   0: 3 0x8000c07a (0x18fd) x17 0xffffffff
core   0: 0x8000c07c (0x0000616d) c.addi16sp sp, 240
core   0: 3 0x8000c07c (0x616d) x 2 0x000000f0
core   0: 0x8000c07e (0x00008d35) c.xor   a0, a3
core   0: 3 0x8000c07e (0x8d35) x10 0x8002bf8f
core   0: 0x8000c080 (0x00e238b3) sltu    a7, tp, a4
core   0: 3 0x8000c080 (0x00e238b3) x17 0x00000000
core   0: 0x8000c084 (0x002cddb3) srl     s11, s9, sp
core   0: 3 0x8000c084 (0x002cddb3) x27 0x00007ffd
core   0: 0x8000c088 (0x02a71e63) bne     a4, a0, pc + 60
core   0: 3 0x8000c088 (0x02a71e63)
core   0: 0x8000c0c4 (0x00008cd5) c.or    s1, a3
core   0: 3 0x8000c0c4 (0x8cd5) x 9 0x8002bd24
core   0: 0x8000c0c6 (0x03de65b3) rem     a1, t3, t4
core   0: 3 0x8000c0c6 (0x03de65b3) x11 0x00000001
core   0: 0x8000c0ca (0x5c6ff013) andi    zero, t6, 1478
core   0: 3 0x8000c0ca (0x5c6ff013)
core   0: 0x8000c0ce (0x0000661d) c.lui   a2, 0x7
core   0: 3 0x8000c0ce (0x661d) x12 0x00007000
core   0: 0x8000c0d0 (0x01960463) beq     a2, s9, pc + 8
core   0: 3 0x8000c0d0 (0x01960463)
core   0: 0x8000c0d4 (0x00c06563) bltu    zero, a2, pc + 10
core   0: 3 0x8000c0d4 (0x00c06563)
core   0: 0x8000c0de (0x01a841b3) xor     gp, a6, s10
core   0: 3 0x8000c0de (0x01a841b3) x 3 0x80027e7c
core   0: 0x8000c0e2 (0x0000ce05) c.beqz  a2, pc + 56
core   0: 3 0x8000c0e2 (0xce05)
core   0: 0x8000c0e4 (0x00000001) c.nop
core   0: 3 0x8000c0e4 (0x0001)
core   0: 0x8000c0e6 (0x03500433) mul     s0, zero, s5
core   0: 3 0x8000c0e6 (0x03500433) x 8 0x00000000
core   0: 0x8000c0ea (0x00006d41) c.lui   s10, 0x10
core   0: 3 0x8000c0ea (0x6d41) x26 0x00010000
core   0: 0x8000c0ec (0x0ff0000f) fence   iorw,iorw
core   0: 3 0x8000c0ec (0x0ff0000f)
core   0: 0x8000c0f0 (0x02d07b33) remu    s6, zero, a3
core   0: 3 0x8000c0f0 (0x02d07b33) x22 0x00000000
core   0: 0x8000c0f4 (0x00000001) c.nop
core   0: 3 0x8000c0f4 (0x0001)
core   0: 0x8000c0f6 (0x0285cc93) xori    s9, a1, 40
core   0: 3 0x8000c0f6 (0x0285cc93) x25 0x00000029
core   0: 0x8000c0fa (0xfe9f3937) lui     s2, 0xfe9f3
core   0: 3 0x8000c0fa (0xfe9f3937) x18 0xfe9f3000
core   0: 0x8000c0fe (0x01d19e13) slli    t3, gp, 29
core   0: 3 0x8000c0fe (0x01d19e13) x28 0x80000000
core   0: 0x8000c102 (0x0000cd81) c.beqz  a1, pc + 24
core   0: 3 0x8000c102 (0xcd81)
core   0: 0x8000c104 (0x00000d98) c.addi4spn a4, sp, 720
core   0: 3 0x8000c104 (0x0d98) x14 0x000003c0
core   0: 0x8000c106 (0x00205413) srli    s0, zero, 2
core   0: 3 0x8000c106 (0x00205413) x 8 0x00000000
core   0: 0x8000c10a (0x00008262) c.mv    tp, s8
core   0: 3 0x8000c10a (0x8262) x 4 0x8002bd24
core   0: 0x8000c10c (0x4135deb3) sra     t4, a1, s3
core   0: 3 0x8000c10c (0x4135deb3) x29 0x00000001
core   0: 0x8000c110 (0xdf412113) slti    sp, sp, -524
core   0: 3 0x8000c110 (0xdf412113) x 2 0x00000000
core   0: 0x8000c114 (0x01b56463) bltu    a0, s11, pc + 8
core   0: 3 0x8000c114 (0x01b56463)
core   0: 0x8000c118 (0x00004f7d) c.li    t5, 31
core   0: 3 0x8000c118 (0x4f7d) x30 0x0000001f
core   0: 0x8000c11a (0x0000197d) c.addi  s2, -1
core   0: 3 0x8000c11a (0x197d) x18 0xfe9f2fff
core   0: 0x8000c11c (0x0000e41d) c.bnez  s0, pc + 46
core   0: 3 0x8000c11c (0xe41d)
core   0: 0x8000c11e (0x00095f13) srli    t5, s2, 0
core   0: 3 0x8000c11e (0x00095f13) x30 0xfe9f2fff
core   0: 0x8000c122 (0x00867bb3) and     s7, a2, s0
core   0: 3 0x8000c122 (0x00867bb3) x23 0x00000000
core   0: 0x8000c126 (0x9b17fe93) andi    t4, a5, -1615
core   0: 3 0x8000c126 (0x9b17fe93) x29 0x00000001
core   0: 0x8000c12a (0x01509233) sll     tp, ra, s5
core   0: 3 0x8000c12a (0x01509233) x 4 0x00000000
core   0: 0x8000c12e (0x00004de5) c.li    s11, 25
core   0: 3 0x8000c12e (0x4de5) x27 0x00000019
core   0: 0x8000c130 (0x00006709) c.lui   a4, 0x2
core   0: 3 0x8000c130 (0x6709) x14 0x00002000
core   0: 0x8000c132 (0x00f6e733) or      a4, a3, a5
core   0: 3 0x8000c132 (0x00f6e733) x14 0x8002bd25
core   0: 0x8000c136 (0x01b8a7b3) slt     a5, a7, s11
core   0: 3 0x8000c136 (0x01b8a7b3) x15 0x00000001
core   0: 0x8000c13a (0x00000001) c.nop
core   0: 3 0x8000c13a (0x0001)
core   0: 0x8000c13c (0x03fe1563) bne     t3, t6, pc + 42
core   0: 3 0x8000c13c (0x03fe1563)
core   0: 0x8000c166 (0x4165da93) srai    s5, a1, 22
core   0: 3 0x8000c166 (0x4165da93) x21 0x00000000
core   0: 0x8000c16a (0x4124df93) srai    t6, s1, 18
core   0: 3 0x8000c16a (0x4124df93) x31 0xffffe000
core   0: 0x8000c16e (0x0000e605) c.bnez  a2, pc + 40
core   0: 3 0x8000c16e (0xe605)
core   0: 0x8000c196 (0x03c84a63) blt     a6, t3, pc + 52
core   0: 3 0x8000c196 (0x03c84a63)
core   0: 0x8000c19a (0x68ca0493) addi    s1, s4, 1676
core   0: 3 0x8000c19a (0x68ca0493) x 9 0x00007073
core   0: 0x8000c19e (0xa63b4513) xori    a0, s6, -1437
core   0: 3 0x8000c19e (0xa63b4513) x10 0xfffffa63
core   0: 0x8000c1a2 (0x4005d0b3) sra     ra, a1, zero
core   0: 3 0x8000c1a2 (0x4005d0b3) x 1 0x00000001
core   0: 0x8000c1a6 (0x01f715b3) sll     a1, a4, t6
core   0: 3 0x8000c1a6 (0x01f715b3) x11 0x8002bd25
core   0: 0x8000c1aa (0x034d0563) beq     s10, s4, pc + 42
core   0: 3 0x8000c1aa (0x034d0563)
core   0: 0x8000c1ae (0x0266cc63) blt     a3, t1, pc + 56
core   0: 3 0x8000c1ae (0x0266cc63)
core   0: 0x8000c1e6 (0x0000e711) c.bnez  a4, pc + 12
core   0: 3 0x8000c1e6 (0xe711)
core   0: 0x8000c1f2 (0x02fc9863) bne     s9, a5, pc + 48
core   0: 3 0x8000c1f2 (0x02fc9863)
core   0: 0x8000c222 (0x83248e13) addi    t3, s1, -1998
core   0: 3 0x8000c222 (0x83248e13) x28 0x000068a5
core   0: 0x8000c226 (0x02ac42b3) div     t0, s8, a0
core   0: 3 0x8000c226 (0x02ac42b3) x 5 0x0016cd18
core   0: 0x8000c22a (0x000055fd) c.li    a1, -1
core   0: 3 0x8000c22a (0x55fd) x11 0xffffffff
core   0: 0x8000c22c (0x00000dea) c.slli  s11, 26
core   0: 3 0x8000c22c (0x0dea) x27 0x64000000
core   0: 0x8000c22e (0x00008d4d) c.or    a0, a1
core   0: 3 0x8000c22e (0x8d4d) x10 0xffffffff
core   0: 0x8000c230 (0x00000a80) c.addi4spn s0, sp, 336
core   0: 3 0x8000c230 (0x0a80) x 8 0x00000150
core   0: 0x8000c232 (0x8c9b0513) addi    a0, s6, -1847
core   0: 3 0x8000c232 (0x8c9b0513) x10 0xfffff8c9
core   0: 0x8000c236 (0x02a6ccb3) div     s9, a3, a0
core   0: 3 0x8000c236 (0x02a6ccb3) x25 0x0011bd5e
core   0: 0x8000c23a (0x034ff563) bgeu    t6, s4, pc + 42
core   0: 3 0x8000c23a (0x034ff563)
core   0: 0x8000c264 (0x00008f09) c.sub   a4, a0
core   0: 3 0x8000c264 (0x8f09) x14 0x8002c45c
core   0: 0x8000c266 (0x00008ce9) c.and   s1, a0
core   0: 3 0x8000c266 (0x8ce9) x 9 0x00007041
core   0: 0x8000c268 (0x017d6663) bltu    s10, s7, pc + 12
core   0: 3 0x8000c268 (0x017d6663)
core   0: 0x8000c26c (0x0ff0000f) fence   iorw,iorw
core   0: 3 0x8000c26c (0x0ff0000f)
core   0: 0x8000c270 (0x0000100f) fence.i
core   0: 3 0x8000c270 (0x0000100f)
core   0: 0x8000c274 (0x013c10b3) sll     ra, s8, s3
core   0: 3 0x8000c274 (0x013c10b3) x 1 0x8002bd24
core   0: 0x8000c278 (0xaa054e17) auipc   t3, 0xaa054
core   0: 3 0x8000c278 (0xaa054e17) x28 0x2a060278
core   0: 0x8000c27c (0x024c1333) mulh    t1, s8, tp
core   0: 3 0x8000c27c (0x024c1333) x 6 0x00000000
core   0: 0x8000c280 (0x49cca793) slti    a5, s9, 1180
core   0: 3 0x8000c280 (0x49cca793) x15 0x00000000
core   0: 0x8000c284 (0x029bc363) blt     s7, s1, pc + 38
core   0: 3 0x8000c284 (0x029bc363)
core   0: 0x8000c2aa (0x023578b3) remu    a7, a0, gp
core   0: 3 0x8000c2aa (0x023578b3) x17 0x7ffd7a4d
core   0: 0x8000c2ae (0x0000717d) c.addi16sp sp, -16
core   0: 3 0x8000c2ae (0x717d) x 2 0xfffffff0
core   0: 0x8000c2b0 (0x03ffd363) bge     t6, t6, pc + 38
core   0: 3 0x8000c2b0 (0x03ffd363)
core   0: 0x8000c2d6 (0x41c687b3) sub     a5, a3, t3
core   0: 3 0x8000c2d6 (0x41c687b3) x15 0x55fcbaac
core   0: 0x8000c2da (0x023f3733) mulhu   a4, t5, gp
core   0: 3 0x8000c2da (0x023f3733) x14 0x7f52130b
core   0: 0x8000c2de (0x0312fdb3) remu    s11, t0, a7
core   0: 3 0x8000c2de (0x0312fdb3) x27 0x0016cd18
core   0: 0x8000c2e2 (0x41cc5933) sra     s2, s8, t3
core   0: 3 0x8000c2e2 (0x41cc5933) x18 0xffffff80
core   0: 0x8000c2e6 (0x00375113) srli    sp, a4, 3
core   0: 3 0x8000c2e6 (0x00375113) x 2 0x0fea4261
core   0: 0x8000c2ea (0x02a4bf33) mulhu   t5, s1, a0
core   0: 3 0x8000c2ea (0x02a4bf33) x30 0x00007040
core   0: 0x8000c2ee (0x02723eb3) mulhu   t4, tp, t2
core   0: 3 0x8000c2ee (0x02723eb3) x29 0x00000000
core   0: 0x8000c2f2 (0x0000597d) c.li    s2, -1
core   0: 3 0x8000c2f2 (0x597d) x18 0xffffffff
core   0: 0x8000c2f4 (0x0116eeb3) or      t4, a3, a7
core   0: 3 0x8000c2f4 (0x0116eeb3) x29 0xffffff6d
core   0: 0x8000c2f8 (0x309c4d97) auipc   s11, 0x309c4
core   0: 3 0x8000c2f8 (0x309c4d97) x27 0xb09d02f8
core   0: 0x8000c2fc (0x00706f33) or      t5, zero, t2
core   0: 3 0x8000c2fc (0x00706f33) x30 0x00000000
core   0: 0x8000c300 (0x73a63413) sltiu   s0, a2, 1850
core   0: 3 0x8000c300 (0x73a63413) x 8 0x00000000
core   0: 0x8000c304 (0x03056b33) rem     s6, a0, a6
core   0: 3 0x8000c304 (0x03056b33) x22 0xfffff8c9
core   0: 0x8000c308 (0x40658433) sub     s0, a1, t1
core   0: 3 0x8000c308 (0x40658433) x 8 0xffffffff
core   0: 0x8000c30c (0x037b4563) blt     s6, s7, pc + 42
core   0: 3 0x8000c30c (0x037b4563)
core   0: 0x8000c336 (0x000081d5) c.srli  a1, 21
core   0: 3 0x8000c336 (0x81d5) x11 0x000007ff
core   0: 0x8000c338 (0x00008d15) c.sub   a0, a3
core   0: 3 0x8000c338 (0x8d15) x10 0x7ffd3ba5
core   0: 0x8000c33a (0x03d112b3) mulh    t0, sp, t4
core   0: 3 0x8000c33a (0x03d112b3) x 5 0xfffffff6
core   0: 0x8000c33e (0xc4dfbc13) sltiu   s8, t6, -947
core   0: 3 0x8000c33e (0xc4dfbc13) x24 0x00000001
core   0: 0x8000c342 (0x005f71b3) and     gp, t5, t0
core   0: 3 0x8000c342 (0x005f71b3) x 3 0x00000000
core   0: 0x8000c346 (0x0000874d) c.srai  a4, 19
core   0: 3 0x8000c346 (0x874d) x14 0x00000fea
core   0: 0x8000c348 (0x00008c15) c.sub   s0, a3
core   0: 3 0x8000c348 (0x8c15) x 8 0x7ffd42db
core   0: 0x8000c34a (0x03841733) mulh    a4, s0, s8
core   0: 3 0x8000c34a (0x03841733) x14 0x00000000
core   0: 0x8000c34e (0xc688fa17) auipc   s4, 0xc688f
core   0: 3 0x8000c34e (0xc688fa17) x20 0x4689b34e
core   0: 0x8000c352 (0x00000001) c.nop
core   0: 3 0x8000c352 (0x0001)
core   0: 0x8000c354 (0x0204e4b3) rem     s1, s1, zero
core   0: 3 0x8000c354 (0x0204e4b3) x 9 0x00007041
core   0: 0x8000c358 (0x40e25933) sra     s2, tp, a4
core   0: 3 0x8000c358 (0x40e25933) x18 0x00000000
core   0: 0x8000c35c (0x0345ec33) rem     s8, a1, s4
core   0: 3 0x8000c35c (0x0345ec33) x24 0x000007ff
core   0: 0x8000c360 (0x00008951) c.andi  a0, 20
core   0: 3 0x8000c360 (0x8951) x10 0x00000004
core   0: 0x8000c362 (0x0000e519) c.bnez  a0, pc + 14
core   0: 3 0x8000c362 (0xe519)
core   0: 0x8000c370 (0x01979493) slli    s1, a5, 25
core   0: 3 0x8000c370 (0x01979493) x 9 0x58000000
core   0: 0x8000c374 (0x03cdad33) mulhsu  s10, s11, t3
core   0: 3 0x8000c374 (0x03cdad33) x26 0xf2f7e566
core   0: 0x8000c378 (0x0000987d) c.andi  s0, -1
core   0: 3 0x8000c378 (0x987d) x 8 0x7ffd42db
core   0: 0x8000c37a (0x036c62b3) rem     t0, s8, s6
core   0: 3 0x8000c37a (0x036c62b3) x 5 0x000000c8
core   0: 0x8000c37e (0x40565533) sra     a0, a2, t0
core   0: 3 0x8000c37e (0x40565533) x10 0x00000070
core   0: 0x8000c382 (0x2dc5f093) andi    ra, a1, 732
core   0: 3 0x8000c382 (0x2dc5f093) x 1 0x000002dc
core   0: 0x8000c386 (0x03a915b3) mulh    a1, s2, s10
core   0: 3 0x8000c386 (0x03a915b3) x11 0x00000000
core   0: 0x8000c38a (0x03239633) mulh    a2, t2, s2
core   0: 3 0x8000c38a (0x03239633) x12 0x00000000
core   0: 0x8000c38e (0x0000100f) fence.i
core   0: 3 0x8000c38e (0x0000100f)
core   0: 0x8000c392 (0x01c8de13) srli    t3, a7, 28
core   0: 3 0x8000c392 (0x01c8de13) x28 0x00000007
core   0: 0x8000c396 (0x004fb1b3) sltu    gp, t6, tp
core   0: 3 0x8000c396 (0x004fb1b3) x 3 0x00000000
core   0: 0x8000c39a (0x0000100f) fence.i
core   0: 3 0x8000c39a (0x0000100f)
core   0: 0x8000c39e (0x00008c29) c.xor   s0, a0
core   0: 3 0x8000c39e (0x8c29) x 8 0x7ffd42ab
core   0: 0x8000c3a0 (0x008b55b3) srl     a1, s6, s0
core   0: 3 0x8000c3a0 (0x008b55b3) x11 0x001fffff
core   0: 0x8000c3a4 (0x0000100f) fence.i
core   0: 3 0x8000c3a4 (0x0000100f)
core   0: 0x8000c3a8 (0x000080d2) c.mv    ra, s4
core   0: 3 0x8000c3a8 (0x80d2) x 1 0x4689b34e
core   0: 0x8000c3aa (0x0241cd63) blt     gp, tp, pc + 58
core   0: 3 0x8000c3aa (0x0241cd63)
core   0: 0x8000c3ae (0x40c20d33) sub     s10, tp, a2
core   0: 3 0x8000c3ae (0x40c20d33) x26 0x00000000
core   0: 0x8000c3b2 (0x0000717d) c.addi16sp sp, -16
core   0: 3 0x8000c3b2 (0x717d) x 2 0x0fea4251
core   0: 0x8000c3b4 (0x02af4c33) div     s8, t5, a0
core   0: 3 0x8000c3b4 (0x02af4c33) x24 0x00000000
core   0: 0x8000c3b8 (0x00b62ab3) slt     s5, a2, a1
core   0: 3 0x8000c3b8 (0x00b62ab3) x21 0x00000001
core   0: 0x8000c3bc (0x0032fcb3) and     s9, t0, gp
core   0: 3 0x8000c3bc (0x0032fcb3) x25 0x00000000
core   0: 0x8000c3c0 (0x00008c95) c.sub   s1, a3
core   0: 3 0x8000c3c0 (0x8c95) x 9 0xd7fd42dc
core   0: 0x8000c3c2 (0x00009c0a) c.add   s8, sp
core   0: 3 0x8000c3c2 (0x9c0a) x24 0x0fea4251
core   0: 0x8000c3c4 (0x03756cb3) rem     s9, a0, s7
core   0: 3 0x8000c3c4 (0x03756cb3) x25 0x00000070
core   0: 0x8000c3c8 (0x00001910) c.addi4spn a2, sp, 176
core   0: 3 0x8000c3c8 (0x1910) x12 0x0fea4301
core   0: 0x8000c3ca (0x002e5413) srli    s0, t3, 2
core   0: 3 0x8000c3ca (0x002e5413) x 8 0x00000001
core   0: 0x8000c3ce (0x0000ea85) c.bnez  a3, pc + 48
core   0: 3 0x8000c3ce (0xea85)
core   0: 0x8000c3fe (0x000088fe) c.mv    a7, t6
core   0: 3 0x8000c3fe (0x88fe) x17 0xffffe000
core   0: 0x8000c400 (0x4178d313) srai    t1, a7, 23
core   0: 3 0x8000c400 (0x4178d313) x 6 0xffffffff
core   0: 0x8000c404 (0x0000100f) fence.i
core   0: 3 0x8000c404 (0x0000100f)
core   0: 0x8000c408 (0x004bd4b3) srl     s1, s7, tp
core   0: 3 0x8000c408 (0x004bd4b3) x 9 0x00000000
core   0: 0x8000c40c (0x40b909b3) sub     s3, s2, a1
core   0: 3 0x8000c40c (0x40b909b3) x19 0xffe00001
core   0: 0x8000c410 (0x00000b9c) c.addi4spn a5, sp, 464
core   0: 3 0x8000c410 (0x0b9c) x15 0x0fea4421
core   0: 0x8000c412 (0x0068c763) blt     a7, t1, pc + 14
core   0: 3 0x8000c412 (0x0068c763)
core   0: 0x8000c420 (0x003360b3) or      ra, t1, gp
core   0: 3 0x8000c420 (0x003360b3) x 1 0xffffffff
core   0: 0x8000c424 (0x00004cf5) c.li    s9, 29
core   0: 3 0x8000c424 (0x4cf5) x25 0x0000001d
core   0: 0x8000c426 (0x02c322b3) mulhsu  t0, t1, a2
core   0: 3 0x8000c426 (0x02c322b3) x 5 0xffffffff
core   0: 0x8000c42a (0x41e05793) srai    a5, zero, 30
core   0: 3 0x8000c42a (0x41e05793) x15 0x00000000
core   0: 0x8000c42e (0x00008635) c.srai  a2, 13
core   0: 3 0x8000c42e (0x8635) x12 0x00007f52
core   0: 0x8000c430 (0x00000001) c.nop
core   0: 3 0x8000c430 (0x0001)
core   0: 0x8000c432 (0x00001dfd) c.addi  s11, -1
core   0: 3 0x8000c432 (0x1dfd) x27 0xb09d02f7
core   0: 0x8000c434 (0x407d0033) sub     zero, s10, t2
core   0: 3 0x8000c434 (0x407d0033)
core   0: 0x8000c438 (0x00008d99) c.sub   a1, a4
core   0: 3 0x8000c438 (0x8d99) x11 0x001fffff
core   0: 0x8000c43a (0x030db5b3) mulhu   a1, s11, a6
core   0: 3 0x8000c43a (0x030db5b3) x11 0x585039f8
core   0: 0x8000c43e (0x00c1a333) slt     t1, gp, a2
core   0: 3 0x8000c43e (0x00c1a333) x 6 0x00000001
core   0: 0x8000c442 (0x03420533) mul     a0, tp, s4
core   0: 3 0x8000c442 (0x03420533) x10 0x00000000
core   0: 0x8000c446 (0x030fc963) blt     t6, a6, pc + 50
core   0: 3 0x8000c446 (0x030fc963)
core   0: 0x8000c44a (0x00008e49) c.or    a2, a0
core   0: 3 0x8000c44a (0x8e49) x12 0x00007f52
core   0: 0x8000c44c (0x008ec463) blt     t4, s0, pc + 8
core   0: 3 0x8000c44c (0x008ec463)
core   0: 0x8000c454 (0x3b564713) xori    a4, a2, 949
core   0: 3 0x8000c454 (0x3b564713) x14 0x00007ce7
core   0: 0x8000c458 (0x013a7e33) and     t3, s4, s3
core   0: 3 0x8000c458 (0x013a7e33) x28 0x46800000
core   0: 0x8000c45c (0x41978133) sub     sp, a5, s9
core   0: 3 0x8000c45c (0x41978133) x 2 0xffffffe3
core   0: 0x8000c460 (0x00008395) c.srli  a5, 5
core   0: 3 0x8000c460 (0x8395) x15 0x00000000
core   0: 0x8000c462 (0x0324fb63) bgeu    s1, s2, pc + 54
core   0: 3 0x8000c462 (0x0324fb63)
core   0: 0x8000c498 (0x002d4cb3) xor     s9, s10, sp
core   0: 3 0x8000c498 (0x002d4cb3) x25 0xffffffe3
core   0: 0x8000c49c (0x0000cb9d) c.beqz  a5, pc + 54
core   0: 3 0x8000c49c (0xcb9d)
core   0: 0x8000c4d2 (0x00006141) c.addi16sp sp, 16
core   0: 3 0x8000c4d2 (0x6141) x 2 0xfffffff3
core   0: 0x8000c4d4 (0x04d56063) bltu    a0, a3, pc + 64
core   0: 3 0x8000c4d4 (0x04d56063)
core   0: 0x8000c514 (0x00000001) c.nop
core   0: 3 0x8000c514 (0x0001)
core   0: 0x8000c516 (0x00006105) c.addi16sp sp, 32
core   0: 3 0x8000c516 (0x6105) x 2 0x00000013
core   0: 0x8000c518 (0x41b00033) sub     zero, zero, s11
core   0: 3 0x8000c518 (0x41b00033)
core   0: 0x8000c51c (0x00000001) c.nop
core   0: 3 0x8000c51c (0x0001)
core   0: 0x8000c51e (0x00001e10) c.addi4spn a2, sp, 816
core   0: 3 0x8000c51e (0x1e10) x12 0x00000343
core   0: 0x8000c520 (0x000085b2) c.mv    a1, a2
core   0: 3 0x8000c520 (0x85b2) x11 0x00000343
core   0: 0x8000c522 (0x033e90b3) mulh    ra, t4, s3
core   0: 3 0x8000c522 (0x033e90b3) x 1 0x00000000
core   0: 0x8000c526 (0x411f5313) srai    t1, t5, 17
core   0: 3 0x8000c526 (0x411f5313) x 6 0x00000000
core   0: 0x8000c52a (0x43866213) ori     tp, a2, 1080
core   0: 3 0x8000c52a (0x43866213) x 4 0x0000077b
core   0: 0x8000c52e (0x4c958d93) addi    s11, a1, 1225
core   0: 3 0x8000c52e (0x4c958d93) x27 0x0000080c
core   0: 0x8000c532 (0x00004d0d) c.li    s10, 3
core   0: 3 0x8000c532 (0x4d0d) x26 0x00000003
core   0: 0x8000c534 (0x00008ca9) c.xor   s1, a0
core   0: 3 0x8000c534 (0x8ca9) x 9 0x00000000
core   0: 0x8000c536 (0x000080a1) c.srli  s1, 8
core   0: 3 0x8000c536 (0x80a1) x 9 0x00000000
core   0: 0x8000c538 (0x0210dcb3) divu    s9, ra, ra
core   0: 3 0x8000c538 (0x0210dcb3) x25 0xffffffff
core   0: 0x8000c53c (0xab14a893) slti    a7, s1, -1359
core   0: 3 0x8000c53c (0xab14a893) x17 0x00000000
core   0: 0x8000c540 (0x01753bb3) sltu    s7, a0, s7
core   0: 3 0x8000c540 (0x01753bb3) x23 0x00000000
core   0: 0x8000c544 (0x00001490) c.addi4spn a2, sp, 608
core   0: 3 0x8000c544 (0x1490) x12 0x00000273
core   0: 0x8000c546 (0x0000025a) c.slli  tp, 22
core   0: 3 0x8000c546 (0x025a) x 4 0xdec00000
core   0: 0x8000c548 (0x89c40913) addi    s2, s0, -1892
core   0: 3 0x8000c548 (0x89c40913) x18 0xfffff89d
core   0: 0x8000c54c (0x000008e5) c.addi  a7, 25
core   0: 3 0x8000c54c (0x08e5) x17 0x00000019
core   0: 0x8000c54e (0x000089ca) c.mv    s3, s2
core   0: 3 0x8000c54e (0x89ca) x19 0xfffff89d
core   0: 0x8000c550 (0x0185fcb3) and     s9, a1, s8
core   0: 3 0x8000c550 (0x0185fcb3) x25 0x00000241
core   0: 0x8000c554 (0x00009192) c.add   gp, tp
core   0: 3 0x8000c554 (0x9192) x 3 0xdec00000
core   0: 0x8000c556 (0x00006641) c.lui   a2, 0x10
core   0: 3 0x8000c556 (0x6641) x12 0x00010000
core   0: 0x8000c558 (0x000067ad) c.lui   a5, 0xb
core   0: 3 0x8000c558 (0x67ad) x15 0x0000b000
core   0: 0x8000c55a (0x01a4da33) srl     s4, s1, s10
core   0: 3 0x8000c55a (0x01a4da33) x20 0x00000000
core   0: 0x8000c55e (0x01418bb3) add     s7, gp, s4
core   0: 3 0x8000c55e (0x01418bb3) x23 0xdec00000
core   0: 0x8000c562 (0x00004589) c.li    a1, 2
core   0: 3 0x8000c562 (0x4589) x11 0x00000002
core   0: 0x8000c564 (0x404eda13) srai    s4, t4, 4
core   0: 3 0x8000c564 (0x404eda13) x20 0xfffffff6
core   0: 0x8000c568 (0x00008c1d) c.sub   s0, a5
core   0: 3 0x8000c568 (0x8c1d) x 8 0xffff5001
core   0: 0x8000c56a (0xfe52c0b7) lui     ra, 0xfe52c
core   0: 3 0x8000c56a (0xfe52c0b7) x 1 0xfe52c000
core   0: 0x8000c56e (0x00006109) c.addi16sp sp, 128
core   0: 3 0x8000c56e (0x6109) x 2 0x00000093
core   0: 0x8000c570 (0x00464c33) xor     s8, a2, tp
core   0: 3 0x8000c570 (0x00464c33) x24 0xdec10000
core   0: 0x8000c574 (0x00000ece) c.slli  t4, 19
core   0: 3 0x8000c574 (0x0ece) x29 0xfb680000
core   0: 0x8000c576 (0x86a3f713) andi    a4, t2, -1942
core   0: 3 0x8000c576 (0x86a3f713) x14 0x00000000
core   0: 0x8000c57a (0x00001d7d) c.addi  s10, -1
core   0: 3 0x8000c57a (0x1d7d) x26 0x00000002
core   0: 0x8000c57c (0x40f401b3) sub     gp, s0, a5
core   0: 3 0x8000c57c (0x40f401b3) x 3 0xfffea001
core   0: 0x8000c580 (0x00000001) c.nop
core   0: 3 0x8000c580 (0x0001)
core   0: 0x8000c582 (0xfebd7ae3) bgeu    s10, a1, pc - 12
core   0: 3 0x8000c582 (0xfebd7ae3)
core   0: 0x8000c576 (0x86a3f713) andi    a4, t2, -1942
core   0: 3 0x8000c576 (0x86a3f713) x14 0x00000000
core   0: 0x8000c57a (0x00001d7d) c.addi  s10, -1
core   0: 3 0x8000c57a (0x1d7d) x26 0x00000001
core   0: 0x8000c57c (0x40f401b3) sub     gp, s0, a5
core   0: 3 0x8000c57c (0x40f401b3) x 3 0xfffea001
core   0: 0x8000c580 (0x00000001) c.nop
core   0: 3 0x8000c580 (0x0001)
core   0: 0x8000c582 (0xfebd7ae3) bgeu    s10, a1, pc - 12
core   0: 3 0x8000c582 (0xfebd7ae3)
core   0: 0x8000c586 (0xac4f8713) addi    a4, t6, -1340
core   0: 3 0x8000c586 (0xac4f8713) x14 0xffffdac4
core   0: 0x8000c58a (0x01081263) bne     a6, a6, pc + 4
core   0: 3 0x8000c58a (0x01081263)
core   0: 0x8000c58e (0x0246f663) bgeu    a3, tp, pc + 44
core   0: 3 0x8000c58e (0x0246f663)
core   0: 0x8000c592 (0x00002f17) auipc   t5, 0x2
core   0: 3 0x8000c592 (0x00002f17) x30 0x8000e592
core   0: 0x8000c596 (0xbcaf0f13) addi    t5, t5, -1078
core   0: 3 0x8000c596 (0xbcaf0f13) x30 0x8000e15c
core   0: 0x8000c59a (0x03cd37b3) mulhu   a5, s10, t3
core   0: 3 0x8000c59a (0x03cd37b3) x15 0x00000000
core   0: 0x8000c59e (0x0000914a) c.add   sp, s2
core   0: 3 0x8000c59e (0x914a) x 2 0xfffff930
core   0: 0x8000c5a0 (0x01b99e93) slli    t4, s3, 27
core   0: 3 0x8000c5a0 (0x01b99e93) x29 0xe8000000
core   0: 0x8000c5a4 (0x016dd413) srli    s0, s11, 22
core   0: 3 0x8000c5a4 (0x016dd413) x 8 0x00000000
core   0: 0x8000c5a8 (0x41bb5193) srai    gp, s6, 27
core   0: 3 0x8000c5a8 (0x41bb5193) x 3 0xffffffff
core   0: 0x8000c5ac (0x00000f05) c.addi  t5, 1
core   0: 3 0x8000c5ac (0x0f05) x30 0x8000e15d
core   0: 0x8000c5ae (0x018e29b3) slt     s3, t3, s8
core   0: 3 0x8000c5ae (0x018e29b3) x19 0x00000000
core   0: 0x8000c5b2 (0x017ae433) or      s0, s5, s7
core   0: 3 0x8000c5b2 (0x017ae433) x 8 0xdec00001
core   0: 0x8000c5b6 (0x00008d71) c.and   a0, a2
core   0: 3 0x8000c5b6 (0x8d71) x10 0x00000000
core   0: 0x8000c5b8 (0x00009f02) c.jalr  t5
core   0: 3 0x8000c5b8 (0x9f02) x 1 0x8000c5ba
core   0: 0x8000e15c (0x00000001) c.nop
core   0: 3 0x8000e15c (0x0001)
core   0: 0x8000e15e (0x016d5263) bge     s10, s6, pc + 4
core   0: 3 0x8000e15e (0x016d5263)
core   0: 0x8000e162 (0xfdc80813) addi    a6, a6, -36
core   0: 3 0x8000e162 (0xfdc80813) x16 0x80027e58
core   0: 0x8000e166 (0x404ed193) srai    gp, t4, 4
core   0: 3 0x8000e166 (0x404ed193) x 3 0xfe800000
core   0: 0x8000e16a (0x00182223) sw      ra, 4(a6)
core   0: 3 0x8000e16a (0x00182223) mem 0x80027e5c 0x8000c5ba
core   0: 0x8000e16e (0x00ea5f13) srli    t5, s4, 14
core   0: 3 0x8000e16e (0x00ea5f13) x30 0x0003ffff
core   0: 0x8000e172 (0x00004897) auipc   a7, 0x4
core   0: 3 0x8000e172 (0x00004897) x17 0x80012172
core   0: 0x8000e176 (0x42e88893) addi    a7, a7, 1070
core   0: 3 0x8000e176 (0x42e88893) x17 0x800125a0
core   0: 0x8000e17a (0x00004a97) auipc   s5, 0x4
core   0: 3 0x8000e17a (0x00004a97) x21 0x8001217a
core   0: 0x8000e17e (0x343a8a93) addi    s5, s5, 835
core   0: 3 0x8000e17e (0x343a8a93) x21 0x800124bd
core   0: 0x8000e182 (0xfcda8083) lb      ra, -51(s5)
core   0: 3 0x8000e182 (0xfcda8083) x 1 0xffffffbb mem 0x8001248a
core   0: 0x8000e186 (0xfd889603) lh      a2, -40(a7)
core   0: 3 0x8000e186 (0xfd889603) x12 0x000038d9 mem 0x80012578
core   0: 0x8000e18a (0xfeaa8503) lb      a0, -22(s5)
core   0: 3 0x8000e18a (0xfeaa8503) x10 0x0000005b mem 0x800124a7
core   0: 0x8000e18e (0x00005d17) auipc   s10, 0x5
core   0: 3 0x8000e18e (0x00005d17) x26 0x8001318e
core   0: 0x8000e192 (0x97ad0d13) addi    s10, s10, -1670
core   0: 3 0x8000e192 (0x97ad0d13) x26 0x80012b08
core   0: 0x8000e196 (0xfc3a8b83) lb      s7, -61(s5)
core   0: 3 0x8000e196 (0xfc3a8b83) x23 0x00000016 mem 0x80012480
core   0: 0x8000e19a (0xfe98ce83) lbu     t4, -23(a7)
core   0: 3 0x8000e19a (0xfe98ce83) x29 0x00000029 mem 0x80012589
core   0: 0x8000e19e (0x93cd1983) lh      s3, -1732(s10)
core   0: 3 0x8000e19e (0x93cd1983) x19 0xffff8d34 mem 0x80012444
core   0: 0x8000e1a2 (0xfd488603) lb      a2, -44(a7)
core   0: 3 0x8000e1a2 (0xfd488603) x12 0x0000007d mem 0x80012574
core   0: 0x8000e1a6 (0xff7a8603) lb      a2, -9(s5)
core   0: 3 0x8000e1a6 (0xff7a8603) x12 0x00000047 mem 0x800124b4
core   0: 0x8000e1aa (0xff9a8983) lb      s3, -7(s5)
core   0: 3 0x8000e1aa (0xff9a8983) x19 0x00000071 mem 0x800124b6
core   0: 0x8000e1ae (0x00aac183) lbu     gp, 10(s5)
core   0: 3 0x8000e1ae (0x00aac183) x 3 0x000000a3 mem 0x800124c7
core   0: 0x8000e1b2 (0x010883a3) sb      a6, 7(a7)
core   0: 3 0x8000e1b2 (0x010883a3) mem 0x800125a7 0x58
core   0: 0x8000e1b6 (0xfb6d0183) lb      gp, -74(s10)
core   0: 3 0x8000e1b6 (0xfb6d0183) x 3 0x00000075 mem 0x80012abe
core   0: 0x8000e1ba (0xbfed1c23) sh      t5, -1032(s10)
core   0: 3 0x8000e1ba (0xbfed1c23) mem 0x80012700 0xffff
core   0: 0x8000e1be (0x8ded5f83) lhu     t6, -1826(s10)
core   0: 3 0x8000e1be (0x8ded5f83) x31 0x000020be mem 0x800123e6
core   0: 0x8000e1c2 (0xfe488283) lb      t0, -28(a7)
core   0: 3 0x8000e1c2 (0xfe488283) x 5 0xffffffe7 mem 0x80012584
core   0: 0x8000e1c6 (0x011a8103) lb      sp, 17(s5)
core   0: 3 0x8000e1c6 (0x011a8103) x 2 0xffffff83 mem 0x800124ce
core   0: 0x8000e1ca (0x00988a23) sb      s1, 20(a7)
core   0: 3 0x8000e1ca (0x00988a23) mem 0x800125b4 0x0
core   0: 0x8000e1ce (0x03b8ca03) lbu     s4, 59(a7)
core   0: 3 0x8000e1ce (0x03b8ca03) x20 0x0000006a mem 0x800125db
core   0: 0x8000e1d2 (0x421d1823) sh      ra, 1072(s10)
core   0: 3 0x8000e1d2 (0x421d1823) mem 0x80012f38 0xffbb
core   0: 0x8000e1d6 (0x00015497) auipc   s1, 0x15
core   0: 3 0x8000e1d6 (0x00015497) x 9 0x800231d6
core   0: 0x8000e1da (0xe7248493) addi    s1, s1, -398
core   0: 3 0x8000e1da (0xe7248493) x 9 0x80023048
core   0: 0x8000e1de (0x00005cfd) c.li    s9, -1
core   0: 3 0x8000e1de (0x5cfd) x25 0xffffffff
core   0: 0x8000e1e0 (0x03267bb3) remu    s7, a2, s2
core   0: 3 0x8000e1e0 (0x03267bb3) x23 0x00000047
core   0: 0x8000e1e4 (0x03ab0433) mul     s0, s6, s10
core   0: 3 0x8000e1e4 (0x03ab0433) x 8 0x77928948
core   0: 0x8000e1e8 (0x000000fd) c.addi  ra, 31
core   0: 3 0x8000e1e8 (0x00fd) x 1 0xffffffda
core   0: 0x8000e1ea (0x4450f113) andi    sp, ra, 1093
core   0: 3 0x8000e1ea (0x4450f113) x 2 0x00000440
core   0: 0x8000e1ee (0x00008d29) c.xor   a0, a0
core   0: 3 0x8000e1ee (0x8d29) x10 0x00000000
core   0: 0x8000e1f0 (0x00000f12) c.slli  t5, 4
core   0: 3 0x8000e1f0 (0x0f12) x30 0x003ffff0
core   0: 0x8000e1f2 (0x00008f9d) c.sub   a5, a5
core   0: 3 0x8000e1f2 (0x8f9d) x15 0x00000000
core   0: 0x8000e1f4 (0x1404a5af) lr.w    a1, (s1)
core   0: 3 0x8000e1f4 (0x1404a5af) x11 0x0bed860d mem 0x80023048
core   0: 0x8000e1f8 (0x1a94aaaf) sc.w    s5, s1, (s1)
core   0: 3 0x8000e1f8 (0x1a94aaaf) x21 0x00000000 mem 0x80023048 0x80023048
core   0: 0x8000e1fc (0x000044a9) c.li    s1, 10
core   0: 3 0x8000e1fc (0x44a9) x 9 0x0000000a
core   0: 0x8000e1fe (0x00000001) c.nop
core   0: 3 0x8000e1fe (0x0001)
core   0: 0x8000e200 (0x6f946a13) ori     s4, s0, 1785
core   0: 3 0x8000e200 (0x6f946a13) x20 0x77928ff9
core   0: 0x8000e204 (0x00006de5) c.lui   s11, 0x19
core   0: 3 0x8000e204 (0x6de5) x27 0x00019000
core   0: 0x8000e206 (0x000014ed) c.addi  s1, -5
core   0: 3 0x8000e206 (0x14ed) x 9 0x00000005
core   0: 0x8000e208 (0x000007ca) c.slli  a5, 18
core   0: 3 0x8000e208 (0x07ca) x15 0x00000000
core   0: 0x8000e20a (0x00004e81) c.li    t4, 0
core   0: 3 0x8000e20a (0x4e81) x29 0x00000000
core   0: 0x8000e20c (0x00005471) c.li    s0, -4
core   0: 3 0x8000e20c (0x5471) x 8 0xfffffffc
core   0: 0x8000e20e (0x00008e09) c.sub   a2, a0
core   0: 3 0x8000e20e (0x8e09) x12 0x00000047
core   0: 0x8000e210 (0x00001ef1) c.addi  t4, -4
core   0: 3 0x8000e210 (0x1ef1) x29 0xfffffffc
core   0: 0x8000e212 (0xd2c29d17) auipc   s10, 0xd2c29
core   0: 3 0x8000e212 (0xd2c29d17) x26 0x52c37212
core   0: 0x8000e216 (0xfe8e8ce3) beq     t4, s0, pc - 8
core   0: 3 0x8000e216 (0xfe8e8ce3)
core   0: 0x8000e20e (0x00008e09) c.sub   a2, a0
core   0: 3 0x8000e20e (0x8e09) x12 0x00000047
core   0: 0x8000e210 (0x00001ef1) c.addi  t4, -4
core   0: 3 0x8000e210 (0x1ef1) x29 0xfffffff8
core   0: 0x8000e212 (0xd2c29d17) auipc   s10, 0xd2c29
core   0: 3 0x8000e212 (0xd2c29d17) x26 0x52c37212
core   0: 0x8000e216 (0xfe8e8ce3) beq     t4, s0, pc - 8
core   0: 3 0x8000e216 (0xfe8e8ce3)
core   0: 0x8000e21a (0x0000d4ed) c.beqz  s1, pc - 22
core   0: 3 0x8000e21a (0xd4ed)
core   0: 0x8000e21c (0x02dc15b3) mulh    a1, s8, a3
core   0: 3 0x8000e21c (0x02dc15b3) x11 0x109f24f1
core   0: 0x8000e220 (0x00005117) auipc   sp, 0x5
core   0: 3 0x8000e220 (0x00005117) x 2 0x80013220
core   0: 0x8000e224 (0x91c10113) addi    sp, sp, -1764
core   0: 3 0x8000e224 (0x91c10113) x 2 0x80012b3c
core   0: 0x8000e228 (0x00110b03) lb      s6, 1(sp)
core   0: 3 0x8000e228 (0x00110b03) x22 0xffffffd5 mem 0x80012b3d
core   0: 0x8000e22c (0xb418f013) andi    zero, a7, -1215
core   0: 3 0x8000e22c (0xb418f013)
core   0: 0x8000e230 (0xffd14e83) lbu     t4, -3(sp)
core   0: 3 0x8000e230 (0xffd14e83) x29 0x0000003a mem 0x80012b39
core   0: 0x8000e234 (0x00008f31) c.xor   a4, a2
core   0: 3 0x8000e234 (0x8f31) x14 0xffffda83
core   0: 0x8000e236 (0x001105a3) sb      ra, 11(sp)
core   0: 3 0x8000e236 (0x001105a3) mem 0x80012b47 0xda
core   0: 0x8000e23a (0x00006c4d) c.lui   s8, 0x13
core   0: 3 0x8000e23a (0x6c4d) x24 0x00013000
core   0: 0x8000e23c (0xffd14c03) lbu     s8, -3(sp)
core   0: 3 0x8000e23c (0xffd14c03) x24 0x0000003a mem 0x80012b39
core   0: 0x8000e240 (0xff914403) lbu     s0, -7(sp)
core   0: 3 0x8000e240 (0xff914403) x 8 0x00000094 mem 0x80012b35
core   0: 0x8000e244 (0x00004a82) c.lwsp  s5, 0(sp)
core   0: 3 0x8000e244 (0x4a82) x21 0x9976d545 mem 0x80012b3c
core   0: 0x8000e246 (0x00910583) lb      a1, 9(sp)
core   0: 3 0x8000e246 (0x00910583) x11 0x00000055 mem 0x80012b45
core   0: 0x8000e24a (0x0149e7b3) or      a5, s3, s4
core   0: 3 0x8000e24a (0x0149e7b3) x15 0x77928ff9
core   0: 0x8000e24e (0x06807213) andi    tp, zero, 104
core   0: 3 0x8000e24e (0x06807213) x 4 0x00000000
core   0: 0x8000e252 (0x03814733) div     a4, sp, s8
core   0: 3 0x8000e252 (0x03814733) x14 0xfdcb0dfd
core   0: 0x8000e256 (0xffa14083) lbu     ra, -6(sp)
core   0: 3 0x8000e256 (0xffa14083) x 1 0x0000008c mem 0x80012b36
core   0: 0x8000e25a (0x00004c42) c.lwsp  s8, 16(sp)
core   0: 3 0x8000e25a (0x4c42) x24 0x9628fa99 mem 0x80012b4c
core   0: 0x8000e25c (0x00937233) and     tp, t1, s1
core   0: 3 0x8000e25c (0x00937233) x 4 0x00000000
core   0: 0x8000e260 (0x81014793) xori    a5, sp, -2032
core   0: 3 0x8000e260 (0x81014793) x15 0x7ffed32c
core   0: 0x8000e264 (0xffe10ea3) sb      t5, -3(sp)
core   0: 3 0x8000e264 (0xffe10ea3) mem 0x80012b39 0xf0
core   0: 0x8000e268 (0xff110303) lb      t1, -15(sp)
core   0: 3 0x8000e268 (0xff110303) x 6 0x0000006b mem 0x80012b2d
core   0: 0x8000e26c (0x006d8b33) add     s6, s11, t1
core   0: 3 0x8000e26c (0x006d8b33) x22 0x0001906b
core   0: 0x8000e270 (0xff314083) lbu     ra, -13(sp)
core   0: 3 0x8000e270 (0xff314083) x 1 0x00000007 mem 0x80012b2f
core   0: 0x8000e274 (0x00e15203) lhu     tp, 14(sp)
core   0: 3 0x8000e274 (0x00e15203) x 4 0x0000116e mem 0x80012b4a
core   0: 0x8000e278 (0xff615903) lhu     s2, -10(sp)
core   0: 3 0x8000e278 (0xff615903) x18 0x00005adb mem 0x80012b32
core   0: 0x8000e27c (0x00510b83) lb      s7, 5(sp)
core   0: 3 0x8000e27c (0x00510b83) x23 0x00000019 mem 0x80012b41
core   0: 0x8000e280 (0x039675b3) remu    a1, a2, s9
core   0: 3 0x8000e280 (0x039675b3) x11 0x00000047
core   0: 0x8000e284 (0x00f14603) lbu     a2, 15(sp)
core   0: 3 0x8000e284 (0x00f14603) x12 0x00000011 mem 0x80012b4b
core   0: 0x8000e288 (0xffa14503) lbu     a0, -6(sp)
core   0: 3 0x8000e288 (0xffa14503) x10 0x0000008c mem 0x80012b36
core   0: 0x8000e28c (0xffa10e03) lb      t3, -6(sp)
core   0: 3 0x8000e28c (0xffa10e03) x28 0xffffff8c mem 0x80012b36
core   0: 0x8000e290 (0xff610303) lb      t1, -10(sp)
core   0: 3 0x8000e290 (0xff610303) x 6 0xffffffdb mem 0x80012b32
core   0: 0x8000e294 (0x00008db1) c.xor   a1, a2
core   0: 3 0x8000e294 (0x8db1) x11 0x00000056
core   0: 0x8000e296 (0x00b14603) lbu     a2, 11(sp)
core   0: 3 0x8000e296 (0x00b14603) x12 0x000000da mem 0x80012b47
core   0: 0x8000e29a (0x408a0033) sub     zero, s4, s0
core   0: 3 0x8000e29a (0x408a0033)
core   0: 0x8000e29e (0x00004512) c.lwsp  a0, 4(sp)
core   0: 3 0x8000e29e (0x4512) x10 0x6e62196f mem 0x80012b40
core   0: 0x8000e2a0 (0xffe10003) lb      zero, -2(sp)
core   0: 3 0x8000e2a0 (0xffe10003) mem 0x80012b3a
core   0: 0x8000e2a4 (0x00015d97) auipc   s11, 0x15
core   0: 3 0x8000e2a4 (0x00015d97) x27 0x800232a4
core   0: 0x8000e2a8 (0xdacd8d93) addi    s11, s11, -596
core   0: 3 0x8000e2a8 (0xdacd8d93) x27 0x80023050
core   0: 0x8000e2ac (0x00015617) auipc   a2, 0x15
core   0: 3 0x8000e2ac (0x00015617) x12 0x800232ac
core   0: 0x8000e2b0 (0xdd460613) addi    a2, a2, -556
core   0: 3 0x8000e2b0 (0xdd460613) x12 0x80023080
core   0: 0x8000e2b4 (0x04eda5af) amoadd.w a1, a4, (s11)
core   0: 3 0x8000e2b4 (0x04eda5af) x11 0x8001e267 mem 0x80023050 mem 0x80023050 0x7dccf064
core   0: 0x8000e2b8 (0x83a62b2f) amomin.w s6, s10, (a2)
core   0: 3 0x8000e2b8 (0x83a62b2f) x22 0x0000cc58 mem 0x80023080 mem 0x80023080 0x0000cc58
core   0: 0x8000e2bc (0x00004d17) auipc   s10, 0x4
core   0: 3 0x8000e2bc (0x00004d17) x26 0x800122bc
core   0: 0x8000e2c0 (0x419d0d13) addi    s10, s10, 1049
core   0: 3 0x8000e2c0 (0x419d0d13) x26 0x800126d5
core   0: 0x8000e2c4 (0x00004f97) auipc   t6, 0x4
core   0: 3 0x8000e2c4 (0x00004f97) x31 0x800122c4
core   0: 0x8000e2c8 (0xfe4f8f93) addi    t6, t6, -28
core   0: 3 0x8000e2c8 (0xfe4f8f93) x31 0x800122a8
core   0: 0x8000e2cc (0x002f9723) sh      sp, 14(t6)
core   0: 3 0x8000e2cc (0x002f9723) mem 0x800122b6 0x2b3c
core   0: 0x8000e2d0 (0xf9ad0203) lb      tp, -102(s10)
core   0: 3 0x8000e2d0 (0xf9ad0203) x 4 0xfffffffa mem 0x8001266f
core   0: 0x8000e2d4 (0x091d4083) lbu     ra, 145(s10)
core   0: 3 0x8000e2d4 (0x091d4083) x 1 0x000000b4 mem 0x80012766
core   0: 0x8000e2d8 (0x09cd0503) lb      a0, 156(s10)
core   0: 3 0x8000e2d8 (0x09cd0503) x10 0x00000073 mem 0x80012771
core   0: 0x8000e2dc (0x0b5fa023) sw      s5, 160(t6)
core   0: 3 0x8000e2dc (0x0b5fa023) mem 0x80012348 0x9976d545
core   0: 0x8000e2e0 (0xf90d4003) lbu     zero, -112(s10)
core   0: 3 0x8000e2e0 (0xf90d4003) mem 0x80012665
core   0: 0x8000e2e4 (0xf5efcf03) lbu     t5, -162(t6)
core   0: 3 0x8000e2e4 (0xf5efcf03) x30 0x0000000b mem 0x80012206
core   0: 0x8000e2e8 (0x092fd983) lhu     s3, 146(t6)
core   0: 3 0x8000e2e8 (0x092fd983) x19 0x0000d03b mem 0x8001233a
core   0: 0x8000e2ec (0x04ed0123) sb      a4, 66(s10)
core   0: 3 0x8000e2ec (0x04ed0123) mem 0x80012717 0xfd
core   0: 0x8000e2f0 (0xfa6fae23) sw      t1, -68(t6)
core   0: 3 0x8000e2f0 (0xfa6fae23) mem 0x80012264 0xffffffdb
core   0: 0x8000e2f4 (0xf7bd4703) lbu     a4, -133(s10)
core   0: 3 0x8000e2f4 (0xf7bd4703) x14 0x000000e2 mem 0x80012650
core   0: 0x8000e2f8 (0xfbbd0283) lb      t0, -69(s10)
core   0: 3 0x8000e2f8 (0xfbbd0283) x 5 0xffffffa1 mem 0x80012690
core   0: 0x8000e2fc (0xfc5f8983) lb      s3, -59(t6)
core   0: 3 0x8000e2fc (0xfc5f8983) x19 0xffffff8e mem 0x8001226d
core   0: 0x8000e300 (0x058d0b83) lb      s7, 88(s10)
core   0: 3 0x8000e300 (0x058d0b83) x23 0xffffff95 mem 0x8001272d
core   0: 0x8000e304 (0xf06d4d83) lbu     s11, -250(s10)
core   0: 3 0x8000e304 (0xf06d4d83) x27 0x0000006a mem 0x800125db
core   0: 0x8000e308 (0x0c5fc183) lbu     gp, 197(t6)
core   0: 3 0x8000e308 (0x0c5fc183) x 3 0x000000c7 mem 0x8001236d
core   0: 0x8000e30c (0x00015a97) auipc   s5, 0x15
core   0: 3 0x8000e30c (0x00015a97) x21 0x8002330c
core   0: 0x8000e310 (0xd78a8a93) addi    s5, s5, -648
core   0: 3 0x8000e310 (0xd78a8a93) x21 0x80023084
core   0: 0x8000e314 (0x140aa2af) lr.w    t0, (s5)
core   0: 3 0x8000e314 (0x140aa2af) x 5 0x00000096 mem 0x80023084
core   0: 0x8000e318 (0x00000e75) c.addi  t3, 29
core   0: 3 0x8000e318 (0x0e75) x28 0xffffffa9
core   0: 0x8000e31a (0x0128ffb3) and     t6, a7, s2
core   0: 3 0x8000e31a (0x0128ffb3) x31 0x00000080
core   0: 0x8000e31e (0x00000e09) c.addi  t3, 2
core   0: 3 0x8000e31e (0x0e09) x28 0xffffffab
core   0: 0x8000e320 (0x00008cc9) c.or    s1, a0
core   0: 3 0x8000e320 (0x8cc9) x 9 0x00000077
core   0: 0x8000e322 (0x00a64db3) xor     s11, a2, a0
core   0: 3 0x8000e322 (0x00a64db3) x27 0x800230f3
core   0: 0x8000e326 (0x1b8aa9af) sc.w    s3, s8, (s5)
core   0: 3 0x8000e326 (0x1b8aa9af) x19 0x00000000 mem 0x80023084 0x9628fa99
core   0: 0x8000e32a (0x00015c97) auipc   s9, 0x15
core   0: 3 0x8000e32a (0x00015c97) x25 0x8002332a
core   0: 0x8000e32e (0xd1ec8c93) addi    s9, s9, -738
core   0: 3 0x8000e32e (0xd1ec8c93) x25 0x80023048
core   0: 0x8000e332 (0x417c0e33) sub     t3, s8, s7
core   0: 3 0x8000e332 (0x417c0e33) x28 0x9628fb04
core   0: 0x8000e336 (0x0183af33) slt     t5, t2, s8
core   0: 3 0x8000e336 (0x0183af33) x30 0x00000000
core   0: 0x8000e33a (0x411355b3) sra     a1, t1, a7
core   0: 3 0x8000e33a (0x411355b3) x11 0xffffffdb
core   0: 0x8000e33e (0x000087f1) c.srai  a5, 28
core   0: 3 0x8000e33e (0x87f1) x15 0x00000007
core   0: 0x8000e340 (0x140ca4af) lr.w    s1, (s9)
core   0: 3 0x8000e340 (0x140ca4af) x 9 0x80023048 mem 0x80023048
core   0: 0x8000e344 (0x18dca9af) sc.w    s3, a3, (s9)
core   0: 3 0x8000e344 (0x18dca9af) x19 0x00000000 mem 0x80023048 0x8002bd24
core   0: 0x8000e348 (0x00005117) auipc   sp, 0x5
core   0: 3 0x8000e348 (0x00005117) x 2 0x80013348
core   0: 0x8000e34c (0x9f810113) addi    sp, sp, -1544
core   0: 3 0x8000e34c (0x9f810113) x 2 0x80012d40
core   0: 0x8000e350 (0x83a14503) lbu     a0, -1990(sp)
core   0: 3 0x8000e350 (0x83a14503) x10 0x000000c0 mem 0x8001257a
core   0: 0x8000e354 (0xc3610fa3) sb      s6, -961(sp)
core   0: 3 0x8000e354 (0xc3610fa3) mem 0x8001297f 0x58
core   0: 0x8000e358 (0x0ff0000f) fence   iorw,iorw
core   0: 3 0x8000e358 (0x0ff0000f)
core   0: 0x8000e35c (0x9e410da3) sb      tp, -1541(sp)
core   0: 3 0x8000e35c (0x9e410da3) mem 0x8001273b 0xfa
core   0: 0x8000e360 (0xf4814b03) lbu     s6, -184(sp)
core   0: 3 0x8000e360 (0xf4814b03) x22 0x00000027 mem 0x80012c88
core   0: 0x8000e364 (0x99710c83) lb      s9, -1641(sp)
core   0: 3 0x8000e364 (0x99710c83) x25 0xffffffe8 mem 0x800126d7
core   0: 0x8000e368 (0x00008d69) c.and   a0, a0
core   0: 3 0x8000e368 (0x8d69) x10 0x000000c0
core   0: 0x8000e36a (0xa7911223) sh      s9, -1436(sp)
core   0: 3 0x8000e36a (0xa7911223) mem 0x800127a4 0xffe8
core   0: 0x8000e36e (0xcb810c83) lb      s9, -840(sp)
core   0: 3 0x8000e36e (0xcb810c83) x25 0x0000003b mem 0x800129f8
core   0: 0x8000e372 (0x81910c83) lb      s9, -2023(sp)
core   0: 3 0x8000e372 (0x81910c83) x25 0x00000064 mem 0x80012559
core   0: 0x8000e376 (0x40475b33) sra     s6, a4, tp
core   0: 3 0x8000e376 (0x40475b33) x22 0x00000000
core   0: 0x8000e37a (0xb2a10aa3) sb      a0, -1227(sp)
core   0: 3 0x8000e37a (0xb2a10aa3) mem 0x80012875 0xc0
core   0: 0x8000e37e (0x00004ce1) c.li    s9, 24
core   0: 3 0x8000e37e (0x4ce1) x25 0x00000018
core   0: 0x8000e380 (0xd1314203) lbu     tp, -749(sp)
core   0: 3 0x8000e380 (0xd1314203) x 4 0x00000093 mem 0x80012a53
core   0: 0x8000e384 (0x1df10503) lb      a0, 479(sp)
core   0: 3 0x8000e384 (0x1df10503) x10 0xffffffeb mem 0x80012f1f
core   0: 0x8000e388 (0x85614c83) lbu     s9, -1962(sp)
core   0: 3 0x8000e388 (0x85614c83) x25 0x0000001d mem 0x80012596
core   0: 0x8000e38c (0xb2114b03) lbu     s6, -1247(sp)
core   0: 3 0x8000e38c (0xb2114b03) x22 0x0000006a mem 0x80012861
core   0: 0x8000e390 (0x92015b03) lhu     s6, -1760(sp)
core   0: 3 0x8000e390 (0x92015b03) x22 0x0000498b mem 0x80012660
core   0: 0x8000e394 (0x11f10b03) lb      s6, 287(sp)
core   0: 3 0x8000e394 (0x11f10b03) x22 0x00000036 mem 0x80012e5f
core   0: 0x8000e398 (0x00008171) c.srli  a0, 28
core   0: 3 0x8000e398 (0x8171) x10 0x0000000f
core   0: 0x8000e39a (0xc7a56f13) ori     t5, a0, -902
core   0: 3 0x8000e39a (0xc7a56f13) x30 0xfffffc7f
core   0: 0x8000e39e (0x0e4105a3) sb      tp, 235(sp)
core   0: 3 0x8000e39e (0x0e4105a3) mem 0x80012e2b 0x93
core   0: 0x8000e3a2 (0x0ce105a3) sb      a4, 203(sp)
core   0: 3 0x8000e3a2 (0x0ce105a3) mem 0x80012e0b 0xe2
core   0: 0x8000e3a6 (0xa1d73f13) sltiu   t5, a4, -1507
core   0: 3 0x8000e3a6 (0xa1d73f13) x30 0x00000001
core   0: 0x8000e3aa (0x40470533) sub     a0, a4, tp
core   0: 3 0x8000e3aa (0x40470533) x10 0x0000004f
core   0: 0x8000e3ae (0x00008349) c.srli  a4, 18
core   0: 3 0x8000e3ae (0x8349) x14 0x00000000
core   0: 0x8000e3b0 (0x00af6b33) or      s6, t5, a0
core   0: 3 0x8000e3b0 (0x00af6b33) x22 0x0000004f
core   0: 0x8000e3b4 (0xeb411203) lh      tp, -332(sp)
core   0: 3 0x8000e3b4 (0xeb411203) x 4 0x000007a5 mem 0x80012bf4
core   0: 0x8000e3b8 (0x084102a3) sb      tp, 133(sp)
core   0: 3 0x8000e3b8 (0x084102a3) mem 0x80012dc5 0xa5
core   0: 0x8000e3bc (0x685f0f13) addi    t5, t5, 1669
core   0: 3 0x8000e3bc (0x685f0f13) x30 0x00000686
core   0: 0x8000e3c0 (0x04215203) lhu     tp, 66(sp)
core   0: 3 0x8000e3c0 (0x04215203) x 4 0x0000d4e1 mem 0x80012d82
core   0: 0x8000e3c4 (0x190f7513) andi    a0, t5, 400
core   0: 3 0x8000e3c4 (0x190f7513) x10 0x00000080
core   0: 0x8000e3c8 (0x404f0f33) sub     t5, t5, tp
core   0: 3 0x8000e3c8 (0x404f0f33) x30 0xffff31a5
core   0: 0x8000e3cc (0xa3e22c93) slti    s9, tp, -1474
core   0: 3 0x8000e3cc (0xa3e22c93) x25 0x00000000
core   0: 0x8000e3d0 (0x27c14b03) lbu     s6, 636(sp)
core   0: 3 0x8000e3d0 (0x27c14b03) x22 0x00000000 mem 0x80012fbc
core   0: 0x8000e3d4 (0x2ef10503) lb      a0, 751(sp)
core   0: 3 0x8000e3d4 (0x2ef10503) x10 0x00000065 mem 0x8001302f
core   0: 0x8000e3d8 (0xf4a10123) sb      a0, -190(sp)
core   0: 3 0x8000e3d8 (0xf4a10123) mem 0x80012c82 0x65
core   0: 0x8000e3dc (0x0000054e) c.slli  a0, 19
core   0: 3 0x8000e3dc (0x054e) x10 0x03280000
core   0: 0x8000e3de (0x00008b2a) c.mv    s6, a0
core   0: 3 0x8000e3de (0x8b2a) x22 0x03280000
core   0: 0x8000e3e0 (0x91f10203) lb      tp, -1761(sp)
core   0: 3 0x8000e3e0 (0x91f10203) x 4 0x00000050 mem 0x8001265f
core   0: 0x8000e3e4 (0xf5211c83) lh      s9, -174(sp)
core   0: 3 0x8000e3e4 (0xf5211c83) x25 0xffff8274 mem 0x80012c92
core   0: 0x8000e3e8 (0x1cf10f03) lb      t5, 463(sp)
core   0: 3 0x8000e3e8 (0x1cf10f03) x30 0x0000002b mem 0x80012f0f
core   0: 0x8000e3ec (0x00015e97) auipc   t4, 0x15
core   0: 3 0x8000e3ec (0x00015e97) x29 0x800233ec
core   0: 0x8000e3f0 (0xc8ce8e93) addi    t4, t4, -884
core   0: 3 0x8000e3f0 (0xc8ce8e93) x29 0x80023078
core   0: 0x8000e3f4 (0x00015197) auipc   gp, 0x15
core   0: 3 0x8000e3f4 (0x00015197) x 3 0x800233f4
core   0: 0x8000e3f8 (0xc6418193) addi    gp, gp, -924
core   0: 3 0x8000e3f8 (0xc6418193) x 3 0x80023058
core   0: 0x8000e3fc (0xa43eac2f) amomax.w s8, gp, (t4)
core   0: 3 0x8000e3fc (0xa43eac2f) x24 0x00000000 mem 0x80023078 mem 0x80023078 0x00000000
core   0: 0x8000e400 (0x000ea12f) amoadd.w sp, zero, (t4)
core   0: 3 0x8000e400 (0x000ea12f) x 2 0x00000000 mem 0x80023078 mem 0x80023078 0x00000000
core   0: 0x8000e404 (0xc021af2f) amominu.w t5, sp, (gp)
core   0: 3 0x8000e404 (0xc021af2f) x30 0x412f2800 mem 0x80023058 mem 0x80023058 0x00000000
core   0: 0x8000e408 (0x01cea4af) amoadd.w s1, t3, (t4)
core   0: 3 0x8000e408 (0x01cea4af) x 9 0x00000000 mem 0x80023078 mem 0x80023078 0x9628fb04
core   0: 0x8000e40c (0x451ea7af) amoor.w a5, a7, (t4)
core   0: 3 0x8000e40c (0x451ea7af) x15 0x9628fb04 mem 0x80023078 mem 0x80023078 0x9629ffa4
core   0: 0x8000e410 (0x00015e97) auipc   t4, 0x15
core   0: 3 0x8000e410 (0x00015e97) x29 0x80023410
core   0: 0x8000e414 (0xc58e8e93) addi    t4, t4, -936
core   0: 3 0x8000e414 (0xc58e8e93) x29 0x80023068
core   0: 0x8000e418 (0x00005d7d) c.li    s10, -1
core   0: 3 0x8000e418 (0x5d7d) x26 0xffffffff
core   0: 0x8000e41a (0x437eacaf) amoor.w s9, s7, (t4)
core   0: 3 0x8000e41a (0x437eacaf) x25 0x000000ff mem 0x80023068 mem 0x80023068 0xffffffff
core   0: 0x8000e41e (0x00015a17) auipc   s4, 0x15
core   0: 3 0x8000e41e (0x00015a17) x20 0x8002341e
core   0: 0x8000e422 (0xc4ea0a13) addi    s4, s4, -946
core   0: 3 0x8000e422 (0xc4ea0a13) x20 0x8002306c
core   0: 0x8000e426 (0x140a2baf) lr.w    s7, (s4)
core   0: 3 0x8000e426 (0x140a2baf) x23 0x800202e4 mem 0x8002306c
core   0: 0x8000e42a (0x1a3a21af) sc.w    gp, gp, (s4)
core   0: 3 0x8000e42a (0x1a3a21af) x 3 0x00000000 mem 0x8002306c 0x80023058
core   0: 0x8000e42e (0x00004097) auipc   ra, 0x4
core   0: 3 0x8000e42e (0x00004097) x 1 0x8001242e
core   0: 0x8000e432 (0x4bb08093) addi    ra, ra, 1211
core   0: 3 0x8000e432 (0x4bb08093) x 1 0x800128e9
core   0: 0x8000e436 (0x08408323) sb      tp, 134(ra)
core   0: 3 0x8000e436 (0x08408323) mem 0x8001296f 0x50
core   0: 0x8000e43a (0x00012217) auipc   tp, 0x12
core   0: 3 0x8000e43a (0x00012217) x 4 0x8002043a
core   0: 0x8000e43e (0x5c420213) addi    tp, tp, 1476
core   0: 3 0x8000e43e (0x5c420213) x 4 0x800209fe
core   0: 0x8000e442 (0xc8c08503) lb      a0, -884(ra)
core   0: 3 0x8000e442 (0xc8c08503) x10 0x0000007e mem 0x80012575
core   0: 0x8000e446 (0xded09b83) lh      s7, -531(ra)
core   0: 3 0x8000e446 (0xded09b83) x23 0xffffe8e9 mem 0x800126d6
core   0: 0x8000e44a (0x00520583) lb      a1, 5(tp)
core   0: 3 0x8000e44a (0x00520583) x11 0xfffffff3 mem 0x80020a03
core   0: 0x8000e44e (0x00620a03) lb      s4, 6(tp)
core   0: 3 0x8000e44e (0x00620a03) x20 0xffffffae mem 0x80020a04
core   0: 0x8000e452 (0xdf908e03) lb      t3, -519(ra)
core   0: 3 0x8000e452 (0xdf908e03) x28 0xffffff9c mem 0x800126e2
core   0: 0x8000e456 (0xe5f09ba3) sh      t6, -425(ra)
core   0: 3 0x8000e456 (0xe5f09ba3) mem 0x80012740 0x0080
core   0: 0x8000e45a (0xff620b23) sb      s6, -10(tp)
core   0: 3 0x8000e45a (0xff620b23) mem 0x800209f4 0x0
core   0: 0x8000e45e (0x4c00ca83) lbu     s5, 1216(ra)
core   0: 3 0x8000e45e (0x4c00ca83) x21 0x0000002f mem 0x80012da9
core   0: 0x8000e462 (0x41b0cd03) lbu     s10, 1051(ra)
core   0: 3 0x8000e462 (0x41b0cd03) x26 0x0000008e mem 0x80012d04
core   0: 0x8000e466 (0xffe20a03) lb      s4, -2(tp)
core   0: 3 0x8000e466 (0xffe20a03) x20 0x0000004e mem 0x800209fc
core   0: 0x8000e46a (0x70d08e83) lb      t4, 1805(ra)
core   0: 3 0x8000e46a (0x70d08e83) x29 0xffffff9e mem 0x80012ff6
core   0: 0x8000e46e (0xa3008a83) lb      s5, -1488(ra)
core   0: 3 0x8000e46e (0xa3008a83) x21 0x0000002e mem 0x80012319
core   0: 0x8000e472 (0xff020403) lb      s0, -16(tp)
core   0: 3 0x8000e472 (0xff020403) x 8 0xffffff9c mem 0x800209ee
core   0: 0x8000e476 (0xd9f08483) lb      s1, -609(ra)
core   0: 3 0x8000e476 (0xd9f08483) x 9 0xffffff93 mem 0x80012688
core   0: 0x8000e47a (0xff720b03) lb      s6, -9(tp)
core   0: 3 0x8000e47a (0xff720b03) x22 0xfffffff9 mem 0x800209f5
core   0: 0x8000e47e (0x00009597) auipc   a1, 0x9
core   0: 3 0x8000e47e (0x00009597) x11 0x8001747e
core   0: 0x8000e482 (0x35758593) addi    a1, a1, 855
core   0: 3 0x8000e482 (0x35758593) x11 0x800177d5
core   0: 0x8000e486 (0x037172b3) remu    t0, sp, s7
core   0: 3 0x8000e486 (0x037172b3) x 5 0x00000000
core   0: 0x8000e48a (0x77c5c603) lbu     a2, 1916(a1)
core   0: 3 0x8000e48a (0x77c5c603) x12 0x0000001b mem 0x80017f51
core   0: 0x8000e48e (0x03767bb3) remu    s7, a2, s7
core   0: 3 0x8000e48e (0x03767bb3) x23 0x0000001b
core   0: 0x8000e492 (0x8142e613) ori     a2, t0, -2028
core   0: 3 0x8000e492 (0x8142e613) x12 0xfffff814
core   0: 0x8000e496 (0xb015d103) lhu     sp, -1279(a1)
core   0: 3 0x8000e496 (0xb015d103) x 2 0x00002195 mem 0x800172d6
core   0: 0x8000e49a (0x00000001) c.nop
core   0: 3 0x8000e49a (0x0001)
core   0: 0x8000e49c (0x0a258ca3) sb      sp, 185(a1)
core   0: 3 0x8000e49c (0x0a258ca3) mem 0x8001788e 0x95
core   0: 0x8000e4a0 (0x00008f79) c.and   a4, a4
core   0: 3 0x8000e4a0 (0x8f79) x14 0x00000000
core   0: 0x8000e4a2 (0x000019fd) c.addi  s3, -1
core   0: 3 0x8000e4a2 (0x19fd) x19 0xffffffff
core   0: 0x8000e4a4 (0x000049e1) c.li    s3, 24
core   0: 3 0x8000e4a4 (0x49e1) x19 0x00000018
core   0: 0x8000e4a6 (0x98c58983) lb      s3, -1652(a1)
core   0: 3 0x8000e4a6 (0x98c58983) x19 0xffffffb8 mem 0x80017161
core   0: 0x8000e4aa (0x00000001) c.nop
core   0: 3 0x8000e4aa (0x0001)
core   0: 0x8000e4ac (0x8b35a603) lw      a2, -1869(a1)
core   0: 3 0x8000e4ac (0x8b35a603) x12 0xd190791f mem 0x80017088
core   0: 0x8000e4b0 (0x054b8113) addi    sp, s7, 84
core   0: 3 0x8000e4b0 (0x054b8113) x 2 0x0000006f
core   0: 0x8000e4b4 (0x3b65c283) lbu     t0, 950(a1)
core   0: 3 0x8000e4b4 (0x3b65c283) x 5 0x000000f8 mem 0x80017b8b
core   0: 0x8000e4b8 (0x0595d103) lhu     sp, 89(a1)
core   0: 3 0x8000e4b8 (0x0595d103) x 2 0x00000e69 mem 0x8001782e
core   0: 0x8000e4bc (0x7b758ea3) sb      s7, 1981(a1)
core   0: 3 0x8000e4bc (0x7b758ea3) mem 0x80017f92 0x1b
core   0: 0x8000e4c0 (0x0000717d) c.addi16sp sp, -16
core   0: 3 0x8000e4c0 (0x717d) x 2 0x00000e59
core   0: 0x8000e4c2 (0x7a75a603) lw      a2, 1959(a1)
core   0: 3 0x8000e4c2 (0x7a75a603) x12 0x856a8714 mem 0x80017f7c
core   0: 0x8000e4c6 (0x0000100f) fence.i
core   0: 3 0x8000e4c6 (0x0000100f)
core   0: 0x8000e4ca (0x8c058283) lb      t0, -1856(a1)
core   0: 3 0x8000e4ca (0x8c058283) x 5 0x00000014 mem 0x80017095
core   0: 0x8000e4ce (0x02c75133) divu    sp, a4, a2
core   0: 3 0x8000e4ce (0x02c75133) x 2 0x00000000
core   0: 0x8000e4d2 (0x86f59283) lh      t0, -1937(a1)
core   0: 3 0x8000e4d2 (0x86f59283) x 5 0x0000510e mem 0x80017044
core   0: 0x8000e4d6 (0x9fc5c703) lbu     a4, -1540(a1)
core   0: 3 0x8000e4d6 (0x9fc5c703) x14 0x000000dc mem 0x800171d1
core   0: 0x8000e4da (0x00c2a633) slt     a2, t0, a2
core   0: 3 0x8000e4da (0x00c2a633) x12 0x00000000
core   0: 0x8000e4de (0xa8c5c983) lbu     s3, -1396(a1)
core   0: 3 0x8000e4de (0xa8c5c983) x19 0x00000060 mem 0x80017261
core   0: 0x8000e4e2 (0x00260bb3) add     s7, a2, sp
core   0: 3 0x8000e4e2 (0x00260bb3) x23 0x00000000
core   0: 0x8000e4e6 (0x00d75993) srli    s3, a4, 13
core   0: 3 0x8000e4e6 (0x00d75993) x19 0x00000000
core   0: 0x8000e4ea (0x01365633) srl     a2, a2, s3
core   0: 3 0x8000e4ea (0x01365633) x12 0x00000000
core   0: 0x8000e4ee (0xeea58983) lb      s3, -278(a1)
core   0: 3 0x8000e4ee (0xeea58983) x19 0xffffffe3 mem 0x800176bf
core   0: 0x8000e4f2 (0x4925c103) lbu     sp, 1170(a1)
core   0: 3 0x8000e4f2 (0x4925c103) x 2 0x000000f5 mem 0x80017c67
core   0: 0x8000e4f6 (0xd815d983) lhu     s3, -639(a1)
core   0: 3 0x8000e4f6 (0xd815d983) x19 0x00007632 mem 0x80017556
core   0: 0x8000e4fa (0x00008116) c.mv    sp, t0
core   0: 3 0x8000e4fa (0x8116) x 2 0x0000510e
core   0: 0x8000e4fc (0xc62598a3) sh      sp, -911(a1)
core   0: 3 0x8000e4fc (0xc62598a3) mem 0x80017446 0x510e
core   0: 0x8000e500 (0x35e58283) lb      t0, 862(a1)
core   0: 3 0x8000e500 (0x35e58283) x 5 0xffffffcc mem 0x80017b33
core   0: 0x8000e504 (0x5135db83) lhu     s7, 1299(a1)
core   0: 3 0x8000e504 (0x5135db83) x23 0x00009fc9 mem 0x80017ce8
core   0: 0x8000e508 (0xd425c603) lbu     a2, -702(a1)
core   0: 3 0x8000e508 (0xd425c603) x12 0x000000ca mem 0x80017517
core   0: 0x8000e50c (0x0000863a) c.mv    a2, a4
core   0: 3 0x8000e50c (0x863a) x12 0x000000dc
core   0: 0x8000e50e (0x01761113) slli    sp, a2, 23
core   0: 3 0x8000e50e (0x01761113) x 2 0x6e000000
core   0: 0x8000e512 (0xa455c283) lbu     t0, -1467(a1)
core   0: 3 0x8000e512 (0xa455c283) x 5 0x000000ed mem 0x8001721a
core   0: 0x8000e516 (0x346a2737) lui     a4, 0x346a2
core   0: 3 0x8000e516 (0x346a2737) x14 0x346a2000
core   0: 0x8000e51a (0x00008a71) c.andi  a2, 28
core   0: 3 0x8000e51a (0x8a71) x12 0x0000001c
core   0: 0x8000e51c (0xbd05c103) lbu     sp, -1072(a1)
core   0: 3 0x8000e51c (0xbd05c103) x 2 0x0000006d mem 0x800173a5
core   0: 0x8000e520 (0x025169b3) rem     s3, sp, t0
core   0: 3 0x8000e520 (0x025169b3) x19 0x0000006d
core   0: 0x8000e524 (0x29a58103) lb      sp, 666(a1)
core   0: 3 0x8000e524 (0x29a58103) x 2 0x0000006f mem 0x80017a6f
core   0: 0x8000e528 (0x84c58703) lb      a4, -1972(a1)
core   0: 3 0x8000e528 (0x84c58703) x14 0x00000003 mem 0x80017021
core   0: 0x8000e52c (0x0172b2b3) sltu    t0, t0, s7
core   0: 3 0x8000e52c (0x0172b2b3) x 5 0x00000001
core   0: 0x8000e530 (0x01329993) slli    s3, t0, 19
core   0: 3 0x8000e530 (0x01329993) x19 0x00080000
core   0: 0x8000e534 (0x00001698) c.addi4spn a4, sp, 864
core   0: 3 0x8000e534 (0x1698) x14 0x000003cf
core   0: 0x8000e536 (0xa5b5a703) lw      a4, -1445(a1)
core   0: 3 0x8000e536 (0xa5b5a703) x14 0x8711b857 mem 0x80017230
core   0: 0x8000e53a (0x00013997) auipc   s3, 0x13
core   0: 3 0x8000e53a (0x00013997) x19 0x8002153a
core   0: 0x8000e53e (0x98c98993) addi    s3, s3, -1652
core   0: 3 0x8000e53e (0x98c98993) x19 0x80020ec6
core   0: 0x8000e542 (0xffd98183) lb      gp, -3(s3)
core   0: 3 0x8000e542 (0xffd98183) x 3 0xffffffd9 mem 0x80020ec3
core   0: 0x8000e546 (0xfee98ea3) sb      a4, -3(s3)
core   0: 3 0x8000e546 (0xfee98ea3) mem 0x80020ec3 0x57
core   0: 0x8000e54a (0xfea98ea3) sb      a0, -3(s3)
core   0: 3 0x8000e54a (0xfea98ea3) mem 0x80020ec3 0x7e
core   0: 0x8000e54e (0xfef98ea3) sb      a5, -3(s3)
core   0: 3 0x8000e54e (0xfef98ea3) mem 0x80020ec3 0x4
core   0: 0x8000e552 (0xff398f83) lb      t6, -13(s3)
core   0: 3 0x8000e552 (0xff398f83) x31 0x00000020 mem 0x80020eb9
core   0: 0x8000e556 (0x02709933) mulh    s2, ra, t2
core   0: 3 0x8000e556 (0x02709933) x18 0x00000000
core   0: 0x8000e55a (0xff39c783) lbu     a5, -13(s3)
core   0: 3 0x8000e55a (0xff39c783) x15 0x00000020 mem 0x80020eb9
core   0: 0x8000e55e (0x00798883) lb      a7, 7(s3)
core   0: 3 0x8000e55e (0x00798883) x17 0x00000041 mem 0x80020ecd
core   0: 0x8000e562 (0x00798303) lb      t1, 7(s3)
core   0: 3 0x8000e562 (0x00798303) x 6 0x00000041 mem 0x80020ecd
core   0: 0x8000e566 (0xfe098fa3) sb      zero, -1(s3)
core   0: 3 0x8000e566 (0xfe098fa3) mem 0x80020ec5 0x0
core   0: 0x8000e56a (0xfff98903) lb      s2, -1(s3)
core   0: 3 0x8000e56a (0xfff98903) x18 0x00000000 mem 0x80020ec5
core   0: 0x8000e56e (0xffd98fa3) sb      t4, -1(s3)
core   0: 3 0x8000e56e (0xffd98fa3) mem 0x80020ec5 0x9e
core   0: 0x8000e572 (0x00013f17) auipc   t5, 0x13
core   0: 3 0x8000e572 (0x00013f17) x30 0x80021572
core   0: 0x8000e576 (0x84df0f13) addi    t5, t5, -1971
core   0: 3 0x8000e576 (0x84df0f13) x30 0x80020dbf
core   0: 0x8000e57a (0xe7bf0c83) lb      s9, -389(t5)
core   0: 3 0x8000e57a (0xe7bf0c83) x25 0x00000064 mem 0x80020c3a
core   0: 0x8000e57e (0xe7bf5583) lhu     a1, -389(t5)
core   0: 3 0x8000e57e (0xe7bf5583) x11 0x0000ad64 mem 0x80020c3a
core   0: 0x8000e582 (0xe7bf4983) lbu     s3, -389(t5)
core   0: 3 0x8000e582 (0xe7bf4983) x19 0x00000064 mem 0x80020c3a
core   0: 0x8000e586 (0xe7bf4b03) lbu     s6, -389(t5)
core   0: 3 0x8000e586 (0xe7bf4b03) x22 0x00000064 mem 0x80020c3a
core   0: 0x8000e58a (0xe74f0da3) sb      s4, -389(t5)
core   0: 3 0x8000e58a (0xe74f0da3) mem 0x80020c3a 0x4e
core   0: 0x8000e58e (0xe7bf0403) lb      s0, -389(t5)
core   0: 3 0x8000e58e (0xe7bf0403) x 8 0x0000004e mem 0x80020c3a
core   0: 0x8000e592 (0x0245f2b3) remu    t0, a1, tp
core   0: 3 0x8000e592 (0x0245f2b3) x 5 0x0000ad64
core   0: 0x8000e596 (0x033785b3) mul     a1, a5, s3
core   0: 3 0x8000e596 (0x033785b3) x11 0x00000c80
core   0: 0x8000e59a (0xe7bf0c03) lb      s8, -389(t5)
core   0: 3 0x8000e59a (0xe7bf0c03) x24 0x0000004e mem 0x80020c3a
core   0: 0x8000e59e (0x01fb02b3) add     t0, s6, t6
core   0: 3 0x8000e59e (0x01fb02b3) x 5 0x00000084
core   0: 0x8000e5a2 (0x00008c99) c.sub   s1, a4
core   0: 3 0x8000e5a2 (0x8c99) x 9 0x78ee473c
core   0: 0x8000e5a4 (0xe73f0da3) sb      s3, -389(t5)
core   0: 3 0x8000e5a4 (0xe73f0da3) mem 0x80020c3a 0x64
core   0: 0x8000e5a8 (0xe6cf1da3) sh      a2, -389(t5)
core   0: 3 0x8000e5a8 (0xe6cf1da3) mem 0x80020c3a 0x001c
core   0: 0x8000e5ac (0xe7bf1b03) lh      s6, -389(t5)
core   0: 3 0x8000e5ac (0xe7bf1b03) x22 0x0000001c mem 0x80020c3a
core   0: 0x8000e5b0 (0xe7bf5403) lhu     s0, -389(t5)
core   0: 3 0x8000e5b0 (0xe7bf5403) x 8 0x0000001c mem 0x80020c3a
core   0: 0x8000e5b4 (0x096f09a3) sb      s6, 147(t5)
core   0: 3 0x8000e5b4 (0x096f09a3) mem 0x80020e52 0x1c
core   0: 0x8000e5b8 (0x00000100) c.addi4spn s0, sp, 128
core   0: 3 0x8000e5b8 (0x0100) x 8 0x000000ef
core   0: 0x8000e5ba (0x093f5e03) lhu     t3, 147(t5)
core   0: 3 0x8000e5ba (0x093f5e03) x28 0x0000511c mem 0x80020e52
core   0: 0x8000e5be (0x00015197) auipc   gp, 0x15
core   0: 3 0x8000e5be (0x00015197) x 3 0x800235be
core   0: 0x8000e5c2 (0xaa618193) addi    gp, gp, -1370
core   0: 3 0x8000e5c2 (0xaa618193) x 3 0x80023064
core   0: 0x8000e5c6 (0x0137db33) srl     s6, a5, s3
core   0: 3 0x8000e5c6 (0x0137db33) x22 0x00000002
core   0: 0x8000e5ca (0xa0e1a8af) amomax.w a7, a4, (gp)
core   0: 3 0x8000e5ca (0xa0e1a8af) x17 0xffff562c mem 0x80023064 mem 0x80023064 0xffff562c
core   0: 0x8000e5ce (0x00013117) auipc   sp, 0x13
core   0: 3 0x8000e5ce (0x00013117) x 2 0x800215ce
core   0: 0x8000e5d2 (0x0de10113) addi    sp, sp, 222
core   0: 3 0x8000e5d2 (0x0de10113) x 2 0x800216ac
core   0: 0x8000e5d6 (0xfe314e83) lbu     t4, -29(sp)
core   0: 3 0x8000e5d6 (0xfe314e83) x29 0x000000d2 mem 0x8002168f
core   0: 0x8000e5da (0x00110ba3) sb      ra, 23(sp)
core   0: 3 0x8000e5da (0x00110ba3) mem 0x800216c3 0xe9
core   0: 0x8000e5de (0x01710ba3) sb      s7, 23(sp)
core   0: 3 0x8000e5de (0x01710ba3) mem 0x800216c3 0xc9
core   0: 0x8000e5e2 (0x0000c432) c.swsp  a2, 8(sp)
core   0: 3 0x8000e5e2 (0xc432) mem 0x800216b4 0x0000001c
core   0: 0x8000e5e4 (0x00004ba2) c.lwsp  s7, 8(sp)
core   0: 3 0x8000e5e4 (0x4ba2) x23 0x0000001c mem 0x800216b4
core   0: 0x8000e5e6 (0x0000c402) c.swsp  zero, 8(sp)
core   0: 3 0x8000e5e6 (0xc402) mem 0x800216b4 0x00000000
core   0: 0x8000e5e8 (0xfd9103a3) sb      s9, -57(sp)
core   0: 3 0x8000e5e8 (0xfd9103a3) mem 0x80021673 0x64
core   0: 0x8000e5ec (0x03710c03) lb      s8, 55(sp)
core   0: 3 0x8000e5ec (0x03710c03) x24 0xfffffffa mem 0x800216e3
core   0: 0x8000e5f0 (0x021104a3) sb      ra, 41(sp)
core   0: 3 0x8000e5f0 (0x021104a3) mem 0x800216d5 0xe9
core   0: 0x8000e5f4 (0x00006c71) c.lui   s8, 0x1c
core   0: 3 0x8000e5f4 (0x6c71) x24 0x0001c000
core   0: 0x8000e5f6 (0xfec10303) lb      t1, -20(sp)
core   0: 3 0x8000e5f6 (0xfec10303) x 6 0xffffffea mem 0x80021698
core   0: 0x8000e5fa (0xfe312223) sw      gp, -28(sp)
core   0: 3 0x8000e5fa (0xfe312223) mem 0x80021690 0x80023064
core   0: 0x8000e5fe (0xfed12223) sw      a3, -28(sp)
core   0: 3 0x8000e5fe (0xfed12223) mem 0x80021690 0x8002bd24
core   0: 0x8000e602 (0xfdf10aa3) sb      t6, -43(sp)
core   0: 3 0x8000e602 (0xfdf10aa3) mem 0x80021681 0x20
core   0: 0x8000e606 (0x00004c86) c.lwsp  s9, 64(sp)
core   0: 3 0x8000e606 (0x4c86) x25 0x55793855 mem 0x800216ec
core   0: 0x8000e608 (0x02714503) lbu     a0, 39(sp)
core   0: 3 0x8000e608 (0x02714503) x10 0x00000072 mem 0x800216d3
core   0: 0x8000e60c (0xff311623) sh      s3, -20(sp)
core   0: 3 0x8000e60c (0xff311623) mem 0x80021698 0x0064
core   0: 0x8000e610 (0x00009f8a) c.add   t6, sp
core   0: 3 0x8000e610 (0x9f8a) x31 0x800216cc
core   0: 0x8000e612 (0x0000d61e) c.swsp  t2, 44(sp)
core   0: 3 0x8000e612 (0xd61e) mem 0x800216d8 0x00000000
core   0: 0x8000e614 (0x00005db2) c.lwsp  s11, 44(sp)
core   0: 3 0x8000e614 (0x5db2) x27 0x00000000 mem 0x800216d8
core   0: 0x8000e616 (0x00004c97) auipc   s9, 0x4
core   0: 3 0x8000e616 (0x00004c97) x25 0x80012616
core   0: 0x8000e61a (0x24ec8c93) addi    s9, s9, 590
core   0: 3 0x8000e61a (0x24ec8c93) x25 0x80012864
core   0: 0x8000e61e (0xffec8183) lb      gp, -2(s9)
core   0: 3 0x8000e61e (0xffec8183) x 3 0xffffffd7 mem 0x80012862
core   0: 0x8000e622 (0x00cc9583) lh      a1, 12(s9)
core   0: 3 0x8000e622 (0x00cc9583) x11 0x0000021d mem 0x80012870
core   0: 0x8000e626 (0x00ccda83) lhu     s5, 12(s9)
core   0: 3 0x8000e626 (0x00ccda83) x21 0x0000021d mem 0x80012870
core   0: 0x8000e62a (0x008ca623) sw      s0, 12(s9)
core   0: 3 0x8000e62a (0x008ca623) mem 0x80012870 0x000000ef
core   0: 0x8000e62e (0x007fd733) srl     a4, t6, t2
core   0: 3 0x8000e62e (0x007fd733) x14 0x800216cc
core   0: 0x8000e632 (0x01dc81a3) sb      t4, 3(s9)
core   0: 3 0x8000e632 (0x01dc81a3) mem 0x80012867 0xd2
core   0: 0x8000e636 (0x027df9b3) remu    s3, s11, t2
core   0: 3 0x8000e636 (0x027df9b3) x19 0x00000000
core   0: 0x8000e63a (0x01e3d533) srl     a0, t2, t5
core   0: 3 0x8000e63a (0x01e3d533) x10 0x00000000
core   0: 0x8000e63e (0x003cc503) lbu     a0, 3(s9)
core   0: 3 0x8000e63e (0x003cc503) x10 0x000000d2 mem 0x80012867
core   0: 0x8000e642 (0x016c81a3) sb      s6, 3(s9)
core   0: 3 0x8000e642 (0x016c81a3) mem 0x80012867 0x2
core   0: 0x8000e646 (0x0072fd33) and     s10, t0, t2
core   0: 3 0x8000e646 (0x0072fd33) x26 0x00000000
core   0: 0x8000e64a (0x00fcce83) lbu     t4, 15(s9)
core   0: 3 0x8000e64a (0x00fcce83) x29 0x00000000 mem 0x80012873
core   0: 0x8000e64e (0x70cf0213) addi    tp, t5, 1804
core   0: 3 0x8000e64e (0x70cf0213) x 4 0x800214cb
core   0: 0x8000e652 (0x00dc8a83) lb      s5, 13(s9)
core   0: 3 0x8000e652 (0x00dc8a83) x21 0x00000000 mem 0x80012871
core   0: 0x8000e656 (0xfebc8aa3) sb      a1, -11(s9)
core   0: 3 0x8000e656 (0xfebc8aa3) mem 0x80012859 0x1d
core   0: 0x8000e65a (0xff5cca83) lbu     s5, -11(s9)
core   0: 3 0x8000e65a (0xff5cca83) x21 0x0000001d mem 0x80012859
core   0: 0x8000e65e (0x0000100f) fence.i
core   0: 3 0x8000e65e (0x0000100f)
core   0: 0x8000e662 (0xff5c8303) lb      t1, -11(s9)
core   0: 3 0x8000e662 (0xff5c8303) x 6 0x0000001d mem 0x80012859
core   0: 0x8000e666 (0x007c8a83) lb      s5, 7(s9)
core   0: 3 0x8000e666 (0x007c8a83) x21 0x0000005f mem 0x8001286b
core   0: 0x8000e66a (0x02332933) mulhsu  s2, t1, gp
core   0: 3 0x8000e66a (0x02332933) x18 0x0000001c
core   0: 0x8000e66e (0x00fc83a3) sb      a5, 7(s9)
core   0: 3 0x8000e66e (0x00fc83a3) mem 0x8001286b 0x20
core   0: 0x8000e672 (0x008cc203) lbu     tp, 8(s9)
core   0: 3 0x8000e672 (0x008cc203) x 4 0x000000e2 mem 0x8001286c
core   0: 0x8000e676 (0xffcc8983) lb      s3, -4(s9)
core   0: 3 0x8000e676 (0xffcc8983) x19 0xffffffac mem 0x80012860
core   0: 0x8000e67a (0xffcc8583) lb      a1, -4(s9)
core   0: 3 0x8000e67a (0xffcc8583) x11 0xffffffac mem 0x80012860
core   0: 0x8000e67e (0xfffcc983) lbu     s3, -1(s9)
core   0: 3 0x8000e67e (0xfffcc983) x19 0x0000004e mem 0x80012863
core   0: 0x8000e682 (0x00004c97) auipc   s9, 0x4
core   0: 3 0x8000e682 (0x00004c97) x25 0x80012682
core   0: 0x8000e686 (0xbecc8c93) addi    s9, s9, -1044
core   0: 3 0x8000e686 (0xbecc8c93) x25 0x8001226e
core   0: 0x8000e68a (0x00010a97) auipc   s5, 0x10
core   0: 3 0x8000e68a (0x00010a97) x21 0x8001e68a
core   0: 0x8000e68e (0x525a8a93) addi    s5, s5, 1317
core   0: 3 0x8000e68e (0x525a8a93) x21 0x8001ebaf
core   0: 0x8000e692 (0x057c8983) lb      s3, 87(s9)
core   0: 3 0x8000e692 (0x057c8983) x19 0x00000023 mem 0x800122c5
core   0: 0x8000e696 (0xf9ec80a3) sb      t5, -127(s9)
core   0: 3 0x8000e696 (0xf9ec80a3) mem 0x800121ef 0xbf
core   0: 0x8000e69a (0xff7ad003) lhu     zero, -9(s5)
core   0: 3 0x8000e69a (0xff7ad003) mem 0x8001eba6
core   0: 0x8000e69e (0x3a0c9523) sh      zero, 938(s9)
core   0: 3 0x8000e69e (0x3a0c9523) mem 0x80012618 0x0000
core   0: 0x8000e6a2 (0x008ac603) lbu     a2, 8(s5)
core   0: 3 0x8000e6a2 (0x008ac603) x12 0x00000010 mem 0x8001ebb7
core   0: 0x8000e6a6 (0x746c9623) sh      t1, 1868(s9)
core   0: 3 0x8000e6a6 (0x746c9623) mem 0x800129ba 0x001d
core   0: 0x8000e6aa (0xff7ada03) lhu     s4, -9(s5)
core   0: 3 0x8000e6aa (0xff7ada03) x20 0x0000130c mem 0x8001eba6
core   0: 0x8000e6ae (0xf73c8d83) lb      s11, -141(s9)
core   0: 3 0x8000e6ae (0xf73c8d83) x27 0xffffffe6 mem 0x800121e1
core   0: 0x8000e6b2 (0x00aa96a3) sh      a0, 13(s5)
core   0: 3 0x8000e6b2 (0x00aa96a3) mem 0x8001ebbc 0x00d2
core   0: 0x8000e6b6 (0xff2a8a03) lb      s4, -14(s5)
core   0: 3 0x8000e6b6 (0xff2a8a03) x20 0xffffff95 mem 0x8001eba1
core   0: 0x8000e6ba (0xfb2ca603) lw      a2, -78(s9)
core   0: 3 0x8000e6ba (0xfb2ca603) x12 0xd1fa5360 mem 0x80012220
core   0: 0x8000e6be (0x1bcc8da3) sb      t3, 443(s9)
core   0: 3 0x8000e6be (0x1bcc8da3) mem 0x80012429 0x1c
core   0: 0x8000e6c2 (0x005a80a3) sb      t0, 1(s5)
core   0: 3 0x8000e6c2 (0x005a80a3) mem 0x8001ebb0 0x84
core   0: 0x8000e6c6 (0xf88c9603) lh      a2, -120(s9)
core   0: 3 0x8000e6c6 (0xf88c9603) x12 0xffffc4cd mem 0x800121f6
core   0: 0x8000e6ca (0xfe7a8e23) sb      t2, -4(s5)
core   0: 3 0x8000e6ca (0xfe7a8e23) mem 0x8001ebab 0x0
core   0: 0x8000e6ce (0x23ac9883) lh      a7, 570(s9)
core   0: 3 0x8000e6ce (0x23ac9883) x17 0xffffe87b mem 0x800124a8
core   0: 0x8000e6d2 (0x002a8f03) lb      t5, 2(s5)
core   0: 3 0x8000e6d2 (0x002a8f03) x30 0xffffffd4 mem 0x8001ebb1
core   0: 0x8000e6d6 (0x026000ef) jal     pc + 0x26
core   0: 3 0x8000e6d6 (0x026000ef) x 1 0x8000e6da
core   0: 0x8000e6fc (0xfedff36f) jal     t1, pc - 0x14
core   0: 3 0x8000e6fc (0xfedff36f) x 6 0x8000e700
core   0: 0x8000e6e8 (0xff9ff76f) jal     a4, pc - 0x8
core   0: 3 0x8000e6e8 (0xff9ff76f) x14 0x8000e6ec
core   0: 0x8000e6e0 (0x00002829) c.jal   pc + 26
core   0: 3 0x8000e6e0 (0x2829) x 1 0x8000e6e2
core   0: 0x8000e6fa (0x00003fe5) c.jal   pc - 8
core   0: 3 0x8000e6fa (0x3fe5) x 1 0x8000e6fc
core   0: 0x8000e6f2 (0x0000bfd5) c.j     pc - 12
core   0: 3 0x8000e6f2 (0xbfd5)
core   0: 0x8000e6e6 (0x0000bfdd) c.j     pc - 10
core   0: 3 0x8000e6e6 (0xbfdd)
core   0: 0x8000e6dc (0x02600def) jal     s11, pc + 0x26
core   0: 3 0x8000e6dc (0x02600def) x27 0x8000e6e0
core   0: 0x8000e702 (0xfebff0ef) jal     pc - 0x16
core   0: 3 0x8000e702 (0xfebff0ef) x 1 0x8000e706
core   0: 0x8000e6ec (0x00c000ef) jal     pc + 0xc
core   0: 3 0x8000e6ec (0x00c000ef) x 1 0x8000e6f0
core   0: 0x8000e6f8 (0x000037cd) c.jal   pc - 30
core   0: 3 0x8000e6f8 (0x37cd) x 1 0x8000e6fa
core   0: 0x8000e6da (0x00002831) c.jal   pc + 28
core   0: 3 0x8000e6da (0x2831) x 1 0x8000e6dc
core   0: 0x8000e6f6 (0x0000a029) c.j     pc + 10
core   0: 3 0x8000e6f6 (0xa029)
core   0: 0x8000e700 (0x0000bfc5) c.j     pc - 16
core   0: 3 0x8000e700 (0xbfc5)
core   0: 0x8000e6f0 (0x0000bfcd) c.j     pc - 14
core   0: 3 0x8000e6f0 (0xbfcd)
core   0: 0x8000e6e2 (0x01200c6f) jal     s8, pc + 0x12
core   0: 3 0x8000e6e2 (0x01200c6f) x24 0x8000e6e6
core   0: 0x8000e6f4 (0x00002809) c.jal   pc + 18
core   0: 3 0x8000e6f4 (0x2809) x 1 0x8000e6f6
core   0: 0x8000e706 (0xed1cbc93) sltiu   s9, s9, -303
core   0: 3 0x8000e706 (0xed1cbc93) x25 0x00000001
core   0: 0x8000e70a (0x00015917) auipc   s2, 0x15
core   0: 3 0x8000e70a (0x00015917) x18 0x8002370a
core   0: 0x8000e70e (0x95e90913) addi    s2, s2, -1698
core   0: 3 0x8000e70e (0x95e90913) x18 0x80023068
core   0: 0x8000e712 (0x00015117) auipc   sp, 0x15
core   0: 3 0x8000e712 (0x00015117) x 2 0x80023712
core   0: 0x8000e716 (0x94210113) addi    sp, sp, -1726
core   0: 3 0x8000e716 (0x94210113) x 2 0x80023054
core   0: 0x8000e71a (0x00015e17) auipc   t3, 0x15
core   0: 3 0x8000e71a (0x00015e17) x28 0x8002371a
core   0: 0x8000e71e (0x956e0e13) addi    t3, t3, -1706
core   0: 3 0x8000e71e (0x956e0e13) x28 0x80023070
core   0: 0x8000e722 (0x41c9232f) amoor.w t1, t3, (s2)
core   0: 3 0x8000e722 (0x41c9232f) x 6 0xffffffff mem 0x80023068 mem 0x80023068 0xffffffff
core   0: 0x8000e726 (0x41e92a2f) amoor.w s4, t5, (s2)
core   0: 3 0x8000e726 (0x41e92a2f) x20 0xffffffff mem 0x80023068 mem 0x80023068 0xffffffff
core   0: 0x8000e72a (0x01c09733) sll     a4, ra, t3
core   0: 3 0x8000e72a (0x01c09733) x14 0xe6f60000
core   0: 0x8000e72e (0x40a9232f) amoor.w t1, a0, (s2)
core   0: 3 0x8000e72e (0x40a9232f) x 6 0xffffffff mem 0x80023068 mem 0x80023068 0xffffffff
core   0: 0x8000e732 (0x00015717) auipc   a4, 0x15
core   0: 3 0x8000e732 (0x00015717) x14 0x80023732
core   0: 0x8000e736 (0x94670713) addi    a4, a4, -1722
core   0: 3 0x8000e736 (0x94670713) x14 0x80023078
core   0: 0x8000e73a (0x00d6cb33) xor     s6, a3, a3
core   0: 3 0x8000e73a (0x00d6cb33) x22 0x00000000
core   0: 0x8000e73e (0x100728af) lr.w    a7, (a4)
core   0: 3 0x8000e73e (0x100728af) x17 0x9629ffa4 mem 0x80023078
core   0: 0x8000e742 (0x03c41e33) mulh    t3, s0, t3
core   0: 3 0x8000e742 (0x03c41e33) x28 0xffffff88
core   0: 0x8000e746 (0x00000156) c.slli  sp, 21
core   0: 3 0x8000e746 (0x0156) x 2 0x0a800000
core   0: 0x8000e748 (0x00008c3d) c.xor   s0, a5
core   0: 3 0x8000e748 (0x8c3d) x 8 0x000000cf
core   0: 0x8000e74a (0x000081c9) c.srli  a1, 18
core   0: 3 0x8000e74a (0x81c9) x11 0x00003fff
core   0: 0x8000e74c (0x01999793) slli    a5, s3, 25
core   0: 3 0x8000e74c (0x01999793) x15 0x46000000
core   0: 0x8000e750 (0x02eafab3) remu    s5, s5, a4
core   0: 3 0x8000e750 (0x02eafab3) x21 0x8001ebaf
core   0: 0x8000e754 (0x00008c41) c.or    s0, s0
core   0: 3 0x8000e754 (0x8c41) x 8 0x000000cf
core   0: 0x8000e756 (0x03d8da33) divu    s4, a7, t4
core   0: 3 0x8000e756 (0x03d8da33) x20 0xffffffff
core   0: 0x8000e75a (0xe8d10d13) addi    s10, sp, -371
core   0: 3 0x8000e75a (0xe8d10d13) x26 0x0a7ffe8d
core   0: 0x8000e75e (0x1d172baf) sc.w    s7, a7, (a4)
core   0: 3 0x8000e75e (0x1d172baf) x23 0x00000000 mem 0x80023078 0x9629ffa4
core   0: 0x8000e762 (0x00015c97) auipc   s9, 0x15
core   0: 3 0x8000e762 (0x00015c97) x25 0x80023762
core   0: 0x8000e766 (0x8fec8c93) addi    s9, s9, -1794
core   0: 3 0x8000e766 (0x8fec8c93) x25 0x80023060
core   0: 0x8000e76a (0x00005bfd) c.li    s7, -1
core   0: 3 0x8000e76a (0x5bfd) x23 0xffffffff
core   0: 0x8000e76c (0x0b5caaaf) amoswap.w s5, s5, (s9)
core   0: 3 0x8000e76c (0x0b5caaaf) x21 0x00000000 mem 0x80023060 mem 0x80023060 0x8001ebaf
core   0: 0x8000e770 (0x00cca4af) amoadd.w s1, a2, (s9)
core   0: 3 0x8000e770 (0x00cca4af) x 9 0x8001ebaf mem 0x80023060 mem 0x80023060 0x8001b07c
core   0: 0x8000e774 (0xe55ca72f) amomaxu.w a4, s5, (s9)
core   0: 3 0x8000e774 (0xe55ca72f) x14 0x8001b07c mem 0x80023060 mem 0x80023060 0x8001b07c
core   0: 0x8000e778 (0x85ee3793) sltiu   a5, t3, -1954
core   0: 3 0x8000e778 (0x85ee3793) x15 0x00000000
core   0: 0x8000e77c (0xa09ca9af) amomax.w s3, s1, (s9)
core   0: 3 0x8000e77c (0xa09ca9af) x19 0x8001b07c mem 0x80023060 mem 0x80023060 0x8001ebaf
core   0: 0x8000e780 (0xc43ca8af) amominu.w a7, gp, (s9)
core   0: 3 0x8000e780 (0xc43ca8af) x17 0x8001ebaf mem 0x80023060 mem 0x80023060 0x8001ebaf
core   0: 0x8000e784 (0x0000c117) auipc   sp, 0xc
core   0: 3 0x8000e784 (0x0000c117) x 2 0x8001a784
core   0: 0x8000e788 (0x30810113) addi    sp, sp, 776
core   0: 3 0x8000e788 (0x30810113) x 2 0x8001aa8c
core   0: 0x8000e78c (0x00008da5) c.xor   a1, s1
core   0: 3 0x8000e78c (0x8da5) x11 0x8001d450
core   0: 0x8000e78e (0x020087b3) mul     a5, ra, zero
core   0: 3 0x8000e78e (0x020087b3) x15 0x00000000
core   0: 0x8000e792 (0x00009bfd) c.andi  a5, -1
core   0: 3 0x8000e792 (0x9bfd) x15 0x00000000
core   0: 0x8000e794 (0x1a210e83) lb      t4, 418(sp)
core   0: 3 0x8000e794 (0x1a210e83) x29 0x0000002e mem 0x8001ac2e
core   0: 0x8000e798 (0x4065de93) srai    t4, a1, 6
core   0: 3 0x8000e798 (0x4065de93) x29 0xfe000751
core   0: 0x8000e79c (0xdc710483) lb      s1, -569(sp)
core   0: 3 0x8000e79c (0xdc710483) x 9 0xffffffcb mem 0x8001a853
core   0: 0x8000e7a0 (0x000088e9) c.andi  s1, 26
core   0: 3 0x8000e7a0 (0x88e9) x 9 0x0000000a
core   0: 0x8000e7a2 (0xc4b10583) lb      a1, -949(sp)
core   0: 3 0x8000e7a2 (0xc4b10583) x11 0x0000007f mem 0x8001a6d7
core   0: 0x8000e7a6 (0x00000e89) c.addi  t4, 2
core   0: 3 0x8000e7a6 (0x0e89) x29 0xfe000753
core   0: 0x8000e7a8 (0xe8b10023) sb      a1, -384(sp)
core   0: 3 0x8000e7a8 (0xe8b10023) mem 0x8001a90c 0x7f
core   0: 0x8000e7ac (0x00978033) add     zero, a5, s1
core   0: 3 0x8000e7ac (0x00978033)
core   0: 0x8000e7b0 (0x0ff0000f) fence   iorw,iorw
core   0: 3 0x8000e7b0 (0x0ff0000f)
core   0: 0x8000e7b4 (0xabd12423) sw      t4, -1368(sp)
core   0: 3 0x8000e7b4 (0xabd12423) mem 0x8001a534 0xfe000753
core   0: 0x8000e7b8 (0x00001efd) c.addi  t4, -1
core   0: 3 0x8000e7b8 (0x1efd) x29 0xfe000752
core   0: 0x8000e7ba (0x0010a033) slt     zero, ra, ra
core   0: 3 0x8000e7ba (0x0010a033)
core   0: 0x8000e7be (0x41d00eb3) sub     t4, zero, t4
core   0: 3 0x8000e7be (0x41d00eb3) x29 0x01fff8ae
core   0: 0x8000e7c2 (0x09884037) lui     zero, 0x9884
core   0: 3 0x8000e7c2 (0x09884037)
core   0: 0x8000e7c6 (0x809104a3) sb      s1, -2039(sp)
core   0: 3 0x8000e7c6 (0x809104a3) mem 0x8001a295 0xa
core   0: 0x8000e7ca (0x12d10583) lb      a1, 301(sp)
core   0: 3 0x8000e7ca (0x12d10583) x11 0x00000026 mem 0x8001abb9
core   0: 0x8000e7ce (0x00004591) c.li    a1, 4
core   0: 3 0x8000e7ce (0x4591) x11 0x00000004
core   0: 0x8000e7d0 (0x020eb7b3) mulhu   a5, t4, zero
core   0: 3 0x8000e7d0 (0x020eb7b3) x15 0x00000000
core   0: 0x8000e7d4 (0x0000100f) fence.i
core   0: 3 0x8000e7d4 (0x0000100f)
core   0: 0x8000e7d8 (0x00000e8a) c.slli  t4, 2
core   0: 3 0x8000e7d8 (0x0e8a) x29 0x07ffe2b8
core   0: 0x8000e7da (0x000004be) c.slli  s1, 15
core   0: 3 0x8000e7da (0x04be) x 9 0x00050000
core   0: 0x8000e7dc (0x00008de5) c.and   a1, s1
core   0: 3 0x8000e7dc (0x8de5) x11 0x00000000
core   0: 0x8000e7de (0xe3810083) lb      ra, -456(sp)
core   0: 3 0x8000e7de (0xe3810083) x 1 0x0000007d mem 0x8001a8c4
core   0: 0x8000e7e2 (0x000094a6) c.add   s1, s1
core   0: 3 0x8000e7e2 (0x94a6) x 9 0x000a0000
core   0: 0x8000e7e4 (0xb2215083) lhu     ra, -1246(sp)
core   0: 3 0x8000e7e4 (0xb2215083) x 1 0x00005174 mem 0x8001a5ae
core   0: 0x8000e7e8 (0x000014fd) c.addi  s1, -1
core   0: 3 0x8000e7e8 (0x14fd) x 9 0x0009ffff
core   0: 0x8000e7ea (0x03d7b5b3) mulhu   a1, a5, t4
core   0: 3 0x8000e7ea (0x03d7b5b3) x11 0x00000000
core   0: 0x8000e7ee (0x7ed58793) addi    a5, a1, 2029
core   0: 3 0x8000e7ee (0x7ed58793) x15 0x000007ed
core   0: 0x8000e7f2 (0x01109493) slli    s1, ra, 17
core   0: 3 0x8000e7f2 (0x01109493) x 9 0xa2e80000
core   0: 0x8000e7f6 (0x6c1101a3) sb      ra, 1731(sp)
core   0: 3 0x8000e7f6 (0x6c1101a3) mem 0x8001b14f 0x74
core   0: 0x8000e7fa (0x8c314e83) lbu     t4, -1853(sp)
core   0: 3 0x8000e7fa (0x8c314e83) x29 0x000000c0 mem 0x8001a34f
core   0: 0x8000e7fe (0x0094a7b3) slt     a5, s1, s1
core   0: 3 0x8000e7fe (0x0094a7b3) x15 0x00000000
core   0: 0x8000e802 (0x3a310583) lb      a1, 931(sp)
core   0: 3 0x8000e802 (0x3a310583) x11 0x0000002d mem 0x8001ae2f
core   0: 0x8000e806 (0x02b7e0b3) rem     ra, a5, a1
core   0: 3 0x8000e806 (0x02b7e0b3) x 1 0x00000000
core   0: 0x8000e80a (0x000087c5) c.srai  a5, 17
core   0: 3 0x8000e80a (0x87c5) x15 0x00000000
core   0: 0x8000e80c (0x02f4aeb3) mulhsu  t4, s1, a5
core   0: 3 0x8000e80c (0x02f4aeb3) x29 0x00000000
core   0: 0x8000e810 (0x22d14783) lbu     a5, 557(sp)
core   0: 3 0x8000e810 (0x22d14783) x15 0x00000085 mem 0x8001acb9
core   0: 0x8000e814 (0x00012117) auipc   sp, 0x12
core   0: 3 0x8000e814 (0x00012117) x 2 0x80020814
core   0: 0x8000e818 (0xdd110113) addi    sp, sp, -559
core   0: 3 0x8000e818 (0xdd110113) x 2 0x800205e5
core   0: 0x8000e81c (0x0ff0000f) fence   iorw,iorw
core   0: 3 0x8000e81c (0x0ff0000f)
core   0: 0x8000e820 (0xff610e83) lb      t4, -10(sp)
core   0: 3 0x8000e820 (0xff610e83) x29 0xfffffffb mem 0x800205db
core   0: 0x8000e824 (0x00a115a3) sh      a0, 11(sp)
core   0: 3 0x8000e824 (0x00a115a3) mem 0x800205f0 0x00d2
core   0: 0x8000e828 (0xffd10f03) lb      t5, -3(sp)
core   0: 3 0x8000e828 (0xffd10f03) x30 0x0000004a mem 0x800205e2
core   0: 0x8000e82c (0xb6e26e13) ori     t3, tp, -1170
core   0: 3 0x8000e82c (0xb6e26e13) x28 0xfffffbee
core   0: 0x8000e830 (0x01931793) slli    a5, t1, 25
core   0: 3 0x8000e830 (0x01931793) x15 0xfe000000
core   0: 0x8000e834 (0xffa109a3) sb      s10, -13(sp)
core   0: 3 0x8000e834 (0xffa109a3) mem 0x800205d8 0x8d
core   0: 0x8000e838 (0x01f83eb3) sltu    t4, a6, t6
core   0: 3 0x8000e838 (0x01f83eb3) x29 0x00000000
core   0: 0x8000e83c (0xff914403) lbu     s0, -7(sp)
core   0: 3 0x8000e83c (0xff914403) x 8 0x0000007f mem 0x800205de
core   0: 0x8000e840 (0x000104a3) sb      zero, 9(sp)
core   0: 3 0x8000e840 (0x000104a3) mem 0x800205ee 0x0
core   0: 0x8000e844 (0x416d5d13) srai    s10, s10, 22
core   0: 3 0x8000e844 (0x416d5d13) x26 0x00000029
core   0: 0x8000e848 (0x00810e03) lb      t3, 8(sp)
core   0: 3 0x8000e848 (0x00810e03) x28 0xffffffdd mem 0x800205ed
core   0: 0x8000e84c (0x00008da9) c.xor   a1, a0
core   0: 3 0x8000e84c (0x8da9) x11 0x000000ff
core   0: 0x8000e84e (0x002110a3) sh      sp, 1(sp)
core   0: 3 0x8000e84e (0x002110a3) mem 0x800205e6 0x05e5
core   0: 0x8000e852 (0x00008df9) c.and   a1, a4
core   0: 3 0x8000e852 (0x8df9) x11 0x0000007c
core   0: 0x8000e854 (0x00004099) c.li    ra, 6
core   0: 3 0x8000e854 (0x4099) x 1 0x00000006
core   0: 0x8000e856 (0x01410323) sb      s4, 6(sp)
core   0: 3 0x8000e856 (0x01410323) mem 0x800205eb 0xff
core   0: 0x8000e85a (0xff414783) lbu     a5, -12(sp)
core   0: 3 0x8000e85a (0xff414783) x15 0x00000014 mem 0x800205d9
core   0: 0x8000e85e (0x01014f83) lbu     t6, 16(sp)
core   0: 3 0x8000e85e (0x01014f83) x31 0x00000044 mem 0x800205f5
core   0: 0x8000e862 (0x00008da1) c.xor   a1, s0
core   0: 3 0x8000e862 (0x8da1) x11 0x00000003
core   0: 0x8000e864 (0x00008dc9) c.or    a1, a0
core   0: 3 0x8000e864 (0x8dc9) x11 0x000000d3
core   0: 0x8000e866 (0x00000001) c.nop
core   0: 3 0x8000e866 (0x0001)
core   0: 0x8000e868 (0x03a59433) mulh    s0, a1, s10
core   0: 3 0x8000e868 (0x03a59433) x 8 0x00000000
core   0: 0x8000e86c (0xff515f03) lhu     t5, -11(sp)
core   0: 3 0x8000e86c (0xff515f03) x30 0x0000fbb0 mem 0x800205da
core   0: 0x8000e870 (0xff410083) lb      ra, -12(sp)
core   0: 3 0x8000e870 (0xff410083) x 1 0x00000014 mem 0x800205d9
core   0: 0x8000e874 (0xff010003) lb      zero, -16(sp)
core   0: 3 0x8000e874 (0xff010003) mem 0x800205d5
core   0: 0x8000e878 (0x00fbe033) or      zero, s7, a5
core   0: 3 0x8000e878 (0x00fbe033)
core   0: 0x8000e87c (0x036234b3) mulhu   s1, tp, s6
core   0: 3 0x8000e87c (0x036234b3) x 9 0x00000000
core   0: 0x8000e880 (0xe673e797) auipc   a5, 0xe673e
core   0: 3 0x8000e880 (0xe673e797) x15 0x6674c880
core   0: 0x8000e884 (0x00510f83) lb      t6, 5(sp)
core   0: 3 0x8000e884 (0x00510f83) x31 0xffffffe5 mem 0x800205ea
core   0: 0x8000e888 (0x00008fb1) c.xor   a5, a2
core   0: 3 0x8000e888 (0x8fb1) x15 0x998b0c4d
core   0: 0x8000e88a (0xffa14903) lbu     s2, -6(sp)
core   0: 3 0x8000e88a (0xffa14903) x18 0x00000098 mem 0x800205df
core   0: 0x8000e88e (0x6d4f8313) addi    t1, t6, 1748
core   0: 3 0x8000e88e (0x6d4f8313) x 6 0x000006b9
core   0: 0x8000e892 (0x007d2a33) slt     s4, s10, t2
core   0: 3 0x8000e892 (0x007d2a33) x20 0x00000000
core   0: 0x8000e896 (0x00000001) c.nop
core   0: 3 0x8000e896 (0x0001)
core   0: 0x8000e898 (0x007ec233) xor     tp, t4, t2
core   0: 3 0x8000e898 (0x007ec233) x 4 0x00000000
core   0: 0x8000e89c (0x0000863e) c.mv    a2, a5
core   0: 3 0x8000e89c (0x863e) x12 0x998b0c4d
core   0: 0x8000e89e (0x00000001) c.nop
core   0: 3 0x8000e89e (0x0001)
core   0: 0x8000e8a0 (0x01291333) sll     t1, s2, s2
core   0: 3 0x8000e8a0 (0x01291333) x 6 0x98000000
core   0: 0x8000e8a4 (0xff310f03) lb      t5, -13(sp)
core   0: 3 0x8000e8a4 (0xff310f03) x30 0xffffff8d mem 0x800205d8
core   0: 0x8000e8a8 (0x00a10083) lb      ra, 10(sp)
core   0: 3 0x8000e8a8 (0x00a10083) x 1 0xffffffa6 mem 0x800205ef
core   0: 0x8000e8ac (0x00010c83) lb      s9, 0(sp)
core   0: 3 0x8000e8ac (0x00010c83) x25 0xffffff8f mem 0x800205e5
core   0: 0x8000e8b0 (0x00a10883) lb      a7, 10(sp)
core   0: 3 0x8000e8b0 (0x00a10883) x17 0xffffffa6 mem 0x800205ef
core   0: 0x8000e8b4 (0x00008f5d) c.or    a4, a5
core   0: 3 0x8000e8b4 (0x8f5d) x14 0x998bbc7d
core   0: 0x8000e8b6 (0x00b15d03) lhu     s10, 11(sp)
core   0: 3 0x8000e8b6 (0x00b15d03) x26 0x000000d2 mem 0x800205f0
core   0: 0x8000e8ba (0xff410283) lb      t0, -12(sp)
core   0: 3 0x8000e8ba (0xff410283) x 5 0x00000014 mem 0x800205d9
core   0: 0x8000e8be (0x00510903) lb      s2, 5(sp)
core   0: 3 0x8000e8be (0x00510903) x18 0xffffffe5 mem 0x800205ea
core   0: 0x8000e8c2 (0x00004717) auipc   a4, 0x4
core   0: 3 0x8000e8c2 (0x00004717) x14 0x800128c2
core   0: 0x8000e8c6 (0x64170713) addi    a4, a4, 1601
core   0: 3 0x8000e8c6 (0x64170713) x14 0x80012f03
core   0: 0x8000e8ca (0x00470103) lb      sp, 4(a4)
core   0: 3 0x8000e8ca (0x00470103) x 2 0xffffffb8 mem 0x80012f07
core   0: 0x8000e8ce (0xff274e83) lbu     t4, -14(a4)
core   0: 3 0x8000e8ce (0xff274e83) x29 0x00000006 mem 0x80012ef5
core   0: 0x8000e8d2 (0x0217f233) remu    tp, a5, ra
core   0: 3 0x8000e8d2 (0x0217f233) x 4 0x998b0c4d
core   0: 0x8000e8d6 (0xffd71b83) lh      s7, -3(a4)
core   0: 3 0x8000e8d6 (0xffd71b83) x23 0xffffc6d4 mem 0x80012f00
core   0: 0x8000e8da (0x032287b3) mul     a5, t0, s2
core   0: 3 0x8000e8da (0x032287b3) x15 0xfffffde4
core   0: 0x8000e8de (0x00290533) add     a0, s2, sp
core   0: 3 0x8000e8de (0x00290533) x10 0xffffff9d
core   0: 0x8000e8e2 (0x00008fe1) c.and   a5, s0
core   0: 3 0x8000e8e2 (0x8fe1) x15 0x00000000
core   0: 0x8000e8e4 (0xffd71f83) lh      t6, -3(a4)
core   0: 3 0x8000e8e4 (0xffd71f83) x31 0xffffc6d4 mem 0x80012f00
core   0: 0x8000e8e8 (0x015ba533) slt     a0, s7, s5
core   0: 3 0x8000e8e8 (0x015ba533) x10 0x00000001
core   0: 0x8000e8ec (0xffa70823) sb      s10, -16(a4)
core   0: 3 0x8000e8ec (0xffa70823) mem 0x80012ef3 0xd2
core   0: 0x8000e8f0 (0xff572583) lw      a1, -11(a4)
core   0: 3 0x8000e8f0 (0xff572583) x11 0x8c426d56 mem 0x80012ef8
core   0: 0x8000e8f4 (0xffa70203) lb      tp, -6(a4)
core   0: 3 0x8000e8f4 (0xffa70203) x 4 0x0000005c mem 0x80012efd
core   0: 0x8000e8f8 (0x03632433) mulhsu  s0, t1, s6
core   0: 3 0x8000e8f8 (0x03632433) x 8 0x00000000
core   0: 0x8000e8fc (0x022cceb3) div     t4, s9, sp
core   0: 3 0x8000e8fc (0x022cceb3) x29 0x00000001
core   0: 0x8000e900 (0x025677b3) remu    a5, a2, t0
core   0: 3 0x8000e900 (0x025677b3) x15 0x00000001
core   0: 0x8000e904 (0x00008c8d) c.sub   s1, a1
core   0: 3 0x8000e904 (0x8c8d) x 9 0x73bd92aa
core   0: 0x8000e906 (0xff070603) lb      a2, -16(a4)
core   0: 3 0x8000e906 (0xff070603) x12 0xffffffd2 mem 0x80012ef3
core   0: 0x8000e90a (0x5b092793) slti    a5, s2, 1456
core   0: 3 0x8000e90a (0x5b092793) x15 0x00000001
core   0: 0x8000e90e (0x00008b0a) c.mv    s6, sp
core   0: 3 0x8000e90e (0x8b0a) x22 0xffffffb8
core   0: 0x8000e910 (0xff274983) lbu     s3, -14(a4)
core   0: 3 0x8000e910 (0xff274983) x19 0x00000006 mem 0x80012ef5
core   0: 0x8000e914 (0x00000001) c.nop
core   0: 3 0x8000e914 (0x0001)
core   0: 0x8000e916 (0xffd75a03) lhu     s4, -3(a4)
core   0: 3 0x8000e916 (0xffd75a03) x20 0x0000c6d4 mem 0x80012f00
core   0: 0x8000e91a (0xfe071da3) sh      zero, -5(a4)
core   0: 3 0x8000e91a (0xfe071da3) mem 0x80012efe 0x0000
core   0: 0x8000e91e (0x00971503) lh      a0, 9(a4)
core   0: 3 0x8000e91e (0x00971503) x10 0xffff8376 mem 0x80012f0c
core   0: 0x8000e922 (0x002711a3) sh      sp, 3(a4)
core   0: 3 0x8000e922 (0x002711a3) mem 0x80012f06 0xffb8
core   0: 0x8000e926 (0x00009bf2) c.add   s7, t3
core   0: 3 0x8000e926 (0x9bf2) x23 0xffffc6b1
core   0: 0x8000e928 (0x01b70423) sb      s11, 8(a4)
core   0: 3 0x8000e928 (0x01b70423) mem 0x80012f0b 0xe0
core   0: 0x8000e92c (0xbca36b93) ori     s7, t1, -1078
core   0: 3 0x8000e92c (0xbca36b93) x23 0xfffffbca
core   0: 0x8000e930 (0x0254ca33) div     s4, s1, t0
core   0: 3 0x8000e930 (0x0254ca33) x20 0x05c97a88
core   0: 0x8000e934 (0x00774783) lbu     a5, 7(a4)
core   0: 3 0x8000e934 (0x00774783) x15 0x00000074 mem 0x80012f0a
core   0: 0x8000e938 (0x8319a593) slti    a1, s3, -1999
core   0: 3 0x8000e938 (0x8319a593) x11 0x00000000
core   0: 0x8000e93c (0x00008e3d) c.xor   a2, a5
core   0: 3 0x8000e93c (0x8e3d) x12 0xffffffa6
core   0: 0x8000e93e (0x00008c91) c.sub   s1, a2
core   0: 3 0x8000e93e (0x8c91) x 9 0x73bd9304
core   0: 0x8000e940 (0x00009afa) c.add   s5, t5
core   0: 3 0x8000e940 (0x9afa) x21 0xffffff8d
core   0: 0x8000e942 (0xb1c93193) sltiu   gp, s2, -1252
core   0: 3 0x8000e942 (0xb1c93193) x 3 0x00000000
core   0: 0x8000e946 (0x00008d12) c.mv    s10, tp
core   0: 3 0x8000e946 (0x8d12) x26 0x0000005c
core   0: 0x8000e948 (0x0000717d) c.addi16sp sp, -16
core   0: 3 0x8000e948 (0x717d) x 2 0xffffffa8
core   0: 0x8000e94a (0x007700a3) sb      t2, 1(a4)
core   0: 3 0x8000e94a (0x007700a3) mem 0x80012f04 0x0
core   0: 0x8000e94e (0x00274e83) lbu     t4, 2(a4)
core   0: 3 0x8000e94e (0x00274e83) x29 0x00000039 mem 0x80012f05
core   0: 0x8000e952 (0x00008142) c.mv    sp, a6
core   0: 3 0x8000e952 (0x8142) x 2 0x80027e58
core   0: 0x8000e954 (0x01093c33) sltu    s8, s2, a6
core   0: 3 0x8000e954 (0x01093c33) x24 0x00000000
core   0: 0x8000e958 (0x00d64f33) xor     t5, a2, a3
core   0: 3 0x8000e958 (0x00d64f33) x30 0x7ffd4282
core   0: 0x8000e95c (0x00c65433) srl     s0, a2, a2
core   0: 3 0x8000e95c (0x00c65433) x 8 0x03fffffe
core   0: 0x8000e960 (0xff171483) lh      s1, -15(a4)
core   0: 3 0x8000e960 (0xff171483) x 9 0x000006df mem 0x80012ef4
core   0: 0x8000e964 (0x00e000ef) jal     pc + 0xe
core   0: 3 0x8000e964 (0x00e000ef) x 1 0x8000e968
core   0: 0x8000e972 (0x00002009) c.jal   pc + 2
core   0: 3 0x8000e972 (0x2009) x 1 0x8000e974
core   0: 0x8000e974 (0x0000a029) c.j     pc + 10
core   0: 3 0x8000e974 (0xa029)
core   0: 0x8000e97e (0x00003fcd) c.jal   pc - 14
core   0: 3 0x8000e97e (0x3fcd) x 1 0x8000e980
core   0: 0x8000e970 (0x00002021) c.jal   pc + 8
core   0: 3 0x8000e970 (0x2021) x 1 0x8000e972
core   0: 0x8000e978 (0xfffff2ef) jal     t0, pc - 0x2
core   0: 3 0x8000e978 (0xfffff2ef) x 5 0x8000e97c
core   0: 0x8000e976 (0x00002019) c.jal   pc + 6
core   0: 3 0x8000e976 (0x2019) x 1 0x8000e978
core   0: 0x8000e97c (0x00003fcd) c.jal   pc - 14
core   0: 3 0x8000e97c (0x3fcd) x 1 0x8000e97e
core   0: 0x8000e96e (0x0000a809) c.j     pc + 18
core   0: 3 0x8000e96e (0xa809)
core   0: 0x8000e980 (0x0000b7e5) c.j     pc - 24
core   0: 3 0x8000e980 (0xb7e5)
core   0: 0x8000e968 (0x0000a009) c.j     pc + 2
core   0: 3 0x8000e968 (0xa009)
core   0: 0x8000e96a (0x01800a6f) jal     s4, pc + 0x18
core   0: 3 0x8000e96a (0x01800a6f) x20 0x8000e96e
core   0: 0x8000e982 (0x03a518b3) mulh    a7, a0, s10
core   0: 3 0x8000e982 (0x03a518b3) x17 0xffffffff
core   0: 0x8000e986 (0x00014197) auipc   gp, 0x14
core   0: 3 0x8000e986 (0x00014197) x 3 0x80022986
core   0: 0x8000e98a (0x6ce18193) addi    gp, gp, 1742
core   0: 3 0x8000e98a (0x6ce18193) x 3 0x80023054
core   0: 0x8000e98e (0x02b1a32f) amoadd.w t1, a1, (gp)
core   0: 3 0x8000e98e (0x02b1a32f) x 6 0x800230c9 mem 0x80023054 mem 0x80023054 0x800230c9
core   0: 0x8000e992 (0x44d1ae2f) amoor.w t3, a3, (gp)
core   0: 3 0x8000e992 (0x44d1ae2f) x28 0x800230c9 mem 0x80023054 mem 0x80023054 0x8002bded
core   0: 0x8000e996 (0x00f1a92f) amoadd.w s2, a5, (gp)
core   0: 3 0x8000e996 (0x00f1a92f) x18 0x8002bded mem 0x80023054 mem 0x80023054 0x8002be61
core   0: 0x8000e99a (0x0391a8af) amoadd.w a7, s9, (gp)
core   0: 3 0x8000e99a (0x0391a8af) x17 0x8002be61 mem 0x80023054 mem 0x80023054 0x8002bdf0
core   0: 0x8000e99e (0x0d31a7af) amoswap.w a5, s3, (gp)
core   0: 3 0x8000e99e (0x0d31a7af) x15 0x8002bdf0 mem 0x80023054 mem 0x80023054 0x00000006
core   0: 0x8000e9a2 (0x0c81a22f) amoswap.w tp, s0, (gp)
core   0: 3 0x8000e9a2 (0x0c81a22f) x 4 0x00000006 mem 0x80023054 mem 0x80023054 0x03fffffe
core   0: 0x8000e9a6 (0x3e77fa93) andi    s5, a5, 999
core   0: 3 0x8000e9a6 (0x3e77fa93) x21 0x000001e0
core   0: 0x8000e9aa (0x0471a42f) amoadd.w s0, t2, (gp)
core   0: 3 0x8000e9aa (0x0471a42f) x 8 0x03fffffe mem 0x80023054 mem 0x80023054 0x03fffffe
core   0: 0x8000e9ae (0x6491a72f) amoand.w a4, s1, (gp)
core   0: 3 0x8000e9ae (0x6491a72f) x14 0x03fffffe mem 0x80023054 mem 0x80023054 0x000006de
core   0: 0x8000e9b2 (0x00004b17) auipc   s6, 0x4
core   0: 3 0x8000e9b2 (0x00004b17) x22 0x800129b2
core   0: 0x8000e9b6 (0xe4fb0b13) addi    s6, s6, -433
core   0: 3 0x8000e9b6 (0xe4fb0b13) x22 0x80012801
core   0: 0x8000e9ba (0x007b0423) sb      t2, 8(s6)
core   0: 3 0x8000e9ba (0x007b0423) mem 0x80012809 0x0
core   0: 0x8000e9be (0xfc0b0823) sb      zero, -48(s6)
core   0: 3 0x8000e9be (0xfc0b0823) mem 0x800127d1 0x0
core   0: 0x8000e9c2 (0xfcab0823) sb      a0, -48(s6)
core   0: 3 0x8000e9c2 (0xfcab0823) mem 0x800127d1 0x76
core   0: 0x8000e9c6 (0xfd0b0583) lb      a1, -48(s6)
core   0: 3 0x8000e9c6 (0xfd0b0583) x11 0x00000076 mem 0x800127d1
core   0: 0x8000e9ca (0x0389cab3) div     s5, s3, s8
core   0: 3 0x8000e9ca (0x0389cab3) x21 0xffffffff
core   0: 0x8000e9ce (0xfd8b0823) sb      s8, -48(s6)
core   0: 3 0x8000e9ce (0xfd8b0823) mem 0x800127d1 0x0
core   0: 0x8000e9d2 (0xff6b0603) lb      a2, -10(s6)
core   0: 3 0x8000e9d2 (0xff6b0603) x12 0xffffffcf mem 0x800127f7
core   0: 0x8000e9d6 (0xff6b0983) lb      s3, -10(s6)
core   0: 3 0x8000e9d6 (0xff6b0983) x19 0xffffffcf mem 0x800127f7
core   0: 0x8000e9da (0xfe8b0b23) sb      s0, -10(s6)
core   0: 3 0x8000e9da (0xfe8b0b23) mem 0x800127f7 0xfe
core   0: 0x8000e9de (0x00000001) c.nop
core   0: 3 0x8000e9de (0x0001)
core   0: 0x8000e9e0 (0xff6b0c03) lb      s8, -10(s6)
core   0: 3 0x8000e9e0 (0xff6b0c03) x24 0xfffffffe mem 0x800127f7
core   0: 0x8000e9e4 (0xff9b0c23) sb      s9, -8(s6)
core   0: 3 0x8000e9e4 (0xff9b0c23) mem 0x800127f9 0x8f
core   0: 0x8000e9e8 (0xfe1b1583) lh      a1, -31(s6)
core   0: 3 0x8000e9e8 (0xfe1b1583) x11 0xffffa907 mem 0x800127e2
core   0: 0x8000e9ec (0xfe1b4c03) lbu     s8, -31(s6)
core   0: 3 0x8000e9ec (0xfe1b4c03) x24 0x00000007 mem 0x800127e2
core   0: 0x8000e9f0 (0xfe1b4203) lbu     tp, -31(s6)
core   0: 3 0x8000e9f0 (0xfe1b4203) x 4 0x00000007 mem 0x800127e2
core   0: 0x8000e9f4 (0xff1b10a3) sh      a7, -31(s6)
core   0: 3 0x8000e9f4 (0xff1b10a3) mem 0x800127e2 0xbe61
core   0: 0x8000e9f8 (0xfe1b0983) lb      s3, -31(s6)
core   0: 3 0x8000e9f8 (0xfe1b0983) x19 0x00000061 mem 0x800127e2
core   0: 0x8000e9fc (0x018b0fa3) sb      s8, 31(s6)
core   0: 3 0x8000e9fc (0x018b0fa3) mem 0x80012820 0x7
core   0: 0x8000ea00 (0x031b1883) lh      a7, 49(s6)
core   0: 3 0x8000ea00 (0x031b1883) x17 0xfffffdf7 mem 0x80012832
core   0: 0x8000ea04 (0x025b08a3) sb      t0, 49(s6)
core   0: 3 0x8000ea04 (0x025b08a3) mem 0x80012832 0x7c
core   0: 0x8000ea08 (0x02c37033) remu    zero, t1, a2
core   0: 3 0x8000ea08 (0x02c37033)
core   0: 0x8000ea0c (0x031b4183) lbu     gp, 49(s6)
core   0: 3 0x8000ea0c (0x031b4183) x 3 0x0000007c mem 0x80012832
core   0: 0x8000ea10 (0x031b0303) lb      t1, 49(s6)
core   0: 3 0x8000ea10 (0x031b0303) x 6 0x0000007c mem 0x80012832
core   0: 0x8000ea14 (0x00014617) auipc   a2, 0x14
core   0: 3 0x8000ea14 (0x00014617) x12 0x80022a14
core   0: 0x8000ea18 (0x63460613) addi    a2, a2, 1588
core   0: 3 0x8000ea18 (0x63460613) x12 0x80023048
core   0: 0x8000ea1c (0x00008de1) c.and   a1, s0
core   0: 3 0x8000ea1c (0x8de1) x11 0x03ffa906
core   0: 0x8000ea1e (0x41e75a13) srai    s4, a4, 30
core   0: 3 0x8000ea1e (0x41e75a13) x20 0x00000000
core   0: 0x8000ea22 (0x00008d5d) c.or    a0, a5
core   0: 3 0x8000ea22 (0x8d5d) x10 0xffffbff6
core   0: 0x8000ea24 (0x02ed5933) divu    s2, s10, a4
core   0: 3 0x8000ea24 (0x02ed5933) x18 0x00000000
core   0: 0x8000ea28 (0x0173b133) sltu    sp, t2, s7
core   0: 3 0x8000ea28 (0x0173b133) x 2 0x00000001
core   0: 0x8000ea2c (0x00000001) c.nop
core   0: 3 0x8000ea2c (0x0001)
core   0: 0x8000ea2e (0x1006272f) lr.w    a4, (a2)
core   0: 3 0x8000ea2e (0x1006272f) x14 0x8002bd24 mem 0x80023048
core   0: 0x8000ea32 (0x000001da) c.slli  gp, 22
core   0: 3 0x8000ea32 (0x01da) x 3 0x1f000000
core   0: 0x8000ea34 (0x00008069) c.srli  s0, 26
core   0: 3 0x8000ea34 (0x8069) x 8 0x00000000
core   0: 0x8000ea36 (0xa88a0113) addi    sp, s4, -1400
core   0: 3 0x8000ea36 (0xa88a0113) x 2 0xfffffa88
core   0: 0x8000ea3a (0x412ed013) srai    zero, t4, 18
core   0: 3 0x8000ea3a (0x412ed013)
core   0: 0x8000ea3e (0x1b56272f) sc.w    a4, s5, (a2)
core   0: 3 0x8000ea3e (0x1b56272f) x14 0x00000000 mem 0x80023048 0xffffffff
core   0: 0x8000ea42 (0x00004b85) c.li    s7, 1
core   0: 3 0x8000ea42 (0x4b85) x23 0x00000001
core   0: 0x8000ea44 (0x00000001) c.nop
core   0: 3 0x8000ea44 (0x0001)
core   0: 0x8000ea46 (0x00005255) c.li    tp, -11
core   0: 3 0x8000ea46 (0x5255) x 4 0xfffffff5
core   0: 0x8000ea48 (0x00433533) sltu    a0, t1, tp
core   0: 3 0x8000ea48 (0x00433533) x10 0x00000001
core   0: 0x8000ea4c (0x00006e91) c.lui   t4, 0x4
core   0: 3 0x8000ea4c (0x6e91) x29 0x00004000
core   0: 0x8000ea4e (0x00001be9) c.addi  s7, -6
core   0: 3 0x8000ea4e (0x1be9) x23 0xfffffffb
core   0: 0x8000ea50 (0x0154d013) srli    zero, s1, 21
core   0: 3 0x8000ea50 (0x0154d013)
core   0: 0x8000ea54 (0x00f99133) sll     sp, s3, a5
core   0: 3 0x8000ea54 (0x00f99133) x 2 0x00610000
core   0: 0x8000ea58 (0x000049a5) c.li    s3, 9
core   0: 3 0x8000ea58 (0x49a5) x19 0x00000009
core   0: 0x8000ea5a (0x0000444d) c.li    s0, 19
core   0: 3 0x8000ea5a (0x444d) x 8 0x00000013
core   0: 0x8000ea5c (0x013fed33) or      s10, t6, s3
core   0: 3 0x8000ea5c (0x013fed33) x26 0xffffc6dd
core   0: 0x8000ea60 (0x000009a9) c.addi  s3, 10
core   0: 3 0x8000ea60 (0x09a9) x19 0x00000013
core   0: 0x8000ea62 (0x020c3733) mulhu   a4, s8, zero
core   0: 3 0x8000ea62 (0x020c3733) x14 0x00000000
core   0: 0x8000ea66 (0xfe898be3) beq     s3, s0, pc - 10
core   0: 3 0x8000ea66 (0xfe898be3)
core   0: 0x8000ea5c (0x013fed33) or      s10, t6, s3
core   0: 3 0x8000ea5c (0x013fed33) x26 0xffffc6d7
core   0: 0x8000ea60 (0x000009a9) c.addi  s3, 10
core   0: 3 0x8000ea60 (0x09a9) x19 0x0000001d
core   0: 0x8000ea62 (0x020c3733) mulhu   a4, s8, zero
core   0: 3 0x8000ea62 (0x020c3733) x14 0x00000000
core   0: 0x8000ea66 (0xfe898be3) beq     s3, s0, pc - 10
core   0: 3 0x8000ea66 (0xfe898be3)
core   0: 0x8000ea6a (0x406cdc13) srai    s8, s9, 6
core   0: 3 0x8000ea6a (0x406cdc13) x24 0xfffffffe
core   0: 0x8000ea6e (0xfc4b8fe3) beq     s7, tp, pc - 34
core   0: 3 0x8000ea6e (0xfc4b8fe3)
core   0: 0x8000ea72 (0x00006129) c.addi16sp sp, 192
core   0: 3 0x8000ea72 (0x6129) x 2 0x006100c0
core   0: 0x8000ea74 (0x00014617) auipc   a2, 0x14
core   0: 3 0x8000ea74 (0x00014617) x12 0x80022a74
core   0: 0x8000ea78 (0x5e860613) addi    a2, a2, 1512
core   0: 3 0x8000ea78 (0x5e860613) x12 0x8002305c
core   0: 0x8000ea7c (0x1206212f) lr.w    sp, (a2)
core   0: 3 0x8000ea7c (0x1206212f) x 2 0x8002305c mem 0x8002305c
core   0: 0x8000ea80 (0x00000b36) c.slli  s6, 13
core   0: 3 0x8000ea80 (0x0b36) x22 0x25002000
core   0: 0x8000ea82 (0x78c4f793) andi    a5, s1, 1932
core   0: 3 0x8000ea82 (0x78c4f793) x15 0x0000068c
core   0: 0x8000ea86 (0x1b36242f) sc.w    s0, s3, (a2)
core   0: 3 0x8000ea86 (0x1b36242f) x 8 0x00000000 mem 0x8002305c 0x0000001d
core   0: 0x8000ea8a (0x00004497) auipc   s1, 0x4
core   0: 3 0x8000ea8a (0x00004497) x 9 0x80012a8a
core   0: 0x8000ea8e (0x9ec48493) addi    s1, s1, -1556
core   0: 3 0x8000ea8e (0x9ec48493) x 9 0x80012476
core   0: 0x8000ea92 (0x03cfbe33) mulhu   t3, t6, t3
core   0: 3 0x8000ea92 (0x03cfbe33) x28 0x80021432
core   0: 0x8000ea96 (0xffc48fa3) sb      t3, -1(s1)
core   0: 3 0x8000ea96 (0xffc48fa3) mem 0x80012475 0x32
core   0: 0x8000ea9a (0xffc4dc83) lhu     s9, -4(s1)
core   0: 3 0x8000ea9a (0xffc4dc83) x25 0x00007c88 mem 0x80012472
core   0: 0x8000ea9e (0x01f484a3) sb      t6, 9(s1)
core   0: 3 0x8000ea9e (0x01f484a3) mem 0x8001247f 0xd4
core   0: 0x8000eaa2 (0xcdca8c93) addi    s9, s5, -804
core   0: 3 0x8000eaa2 (0xcdca8c93) x25 0xfffffcdb
core   0: 0x8000eaa6 (0x0024dc83) lhu     s9, 2(s1)
core   0: 3 0x8000eaa6 (0x0024dc83) x25 0x00000580 mem 0x80012478
core   0: 0x8000eaaa (0x000045c9) c.li    a1, 18
core   0: 3 0x8000eaaa (0x45c9) x11 0x00000012
core   0: 0x8000eaac (0x729fe893) ori     a7, t6, 1833
core   0: 3 0x8000eaac (0x729fe893) x17 0xffffc7fd
core   0: 0x8000eab0 (0x03c5ffb3) remu    t6, a1, t3
core   0: 3 0x8000eab0 (0x03c5ffb3) x31 0x00000012
core   0: 0x8000eab4 (0xff54c583) lbu     a1, -11(s1)
core   0: 3 0x8000eab4 (0xff54c583) x11 0x00000057 mem 0x8001246b
core   0: 0x8000eab8 (0x011e5593) srli    a1, t3, 17
core   0: 3 0x8000eab8 (0x011e5593) x11 0x00004001
core   0: 0x8000eabc (0x03fafcb3) remu    s9, s5, t6
core   0: 3 0x8000eabc (0x03fafcb3) x25 0x00000003
core   0: 0x8000eac0 (0x0158df93) srli    t6, a7, 21
core   0: 3 0x8000eac0 (0x0158df93) x31 0x000007ff
core   0: 0x8000eac4 (0x00948883) lb      a7, 9(s1)
core   0: 3 0x8000eac4 (0x00948883) x17 0xffffffd4 mem 0x8001247f
core   0: 0x8000eac8 (0x031cd8b3) divu    a7, s9, a7
core   0: 3 0x8000eac8 (0x031cd8b3) x17 0x00000000
core   0: 0x8000eacc (0x039e65b3) rem     a1, t3, s9
core   0: 3 0x8000eacc (0x039e65b3) x11 0xfffffffe
core   0: 0x8000ead0 (0x00006af9) c.lui   s5, 0x1e
core   0: 3 0x8000ead0 (0x6af9) x21 0x0001e000
core   0: 0x8000ead2 (0x013fee13) ori     t3, t6, 19
core   0: 3 0x8000ead2 (0x013fee13) x28 0x000007ff
core   0: 0x8000ead6 (0x412a8f93) addi    t6, s5, 1042
core   0: 3 0x8000ead6 (0x412a8f93) x31 0x0001e412
core   0: 0x8000eada (0x0ff0000f) fence   iorw,iorw
core   0: 3 0x8000eada (0x0ff0000f)
core   0: 0x8000eade (0x00001afd) c.addi  s5, -1
core   0: 3 0x8000eade (0x1afd) x21 0x0001dfff
core   0: 0x8000eae0 (0x71f8f597) auipc   a1, 0x71f8f
core   0: 3 0x8000eae0 (0x71f8f597) x11 0xf1f9dae0
core   0: 0x8000eae4 (0x412e5e13) srai    t3, t3, 18
core   0: 3 0x8000eae4 (0x412e5e13) x28 0x00000000
core   0: 0x8000eae8 (0xb9e99e37) lui     t3, 0xb9e99
core   0: 3 0x8000eae8 (0xb9e99e37) x28 0xb9e99000
core   0: 0x8000eaec (0x01f48423) sb      t6, 8(s1)
core   0: 3 0x8000eaec (0x01f48423) mem 0x8001247e 0x12
core   0: 0x8000eaf0 (0xff94a923) sw      s9, -14(s1)
core   0: 3 0x8000eaf0 (0xff94a923) mem 0x80012468 0x00000003
core   0: 0x8000eaf4 (0x0398be33) mulhu   t3, a7, s9
core   0: 3 0x8000eaf4 (0x0398be33) x28 0x00000000
core   0: 0x8000eaf8 (0x011c98b3) sll     a7, s9, a7
core   0: 3 0x8000eaf8 (0x011c98b3) x17 0x00000003
core   0: 0x8000eafc (0x0034c583) lbu     a1, 3(s1)
core   0: 3 0x8000eafc (0x0034c583) x11 0x00000005 mem 0x80012479
core   0: 0x8000eb00 (0x00a4df83) lhu     t6, 10(s1)
core   0: 3 0x8000eb00 (0x00a4df83) x31 0x0000b116 mem 0x80012480
core   0: 0x8000eb04 (0xff849a83) lh      s5, -8(s1)
core   0: 3 0x8000eb04 (0xff849a83) x21 0xfffff278 mem 0x8001246e
core   0: 0x8000eb08 (0x01548223) sb      s5, 4(s1)
core   0: 3 0x8000eb08 (0x01548223) mem 0x8001247a 0x78
core   0: 0x8000eb0c (0xff64af83) lw      t6, -10(s1)
core   0: 3 0x8000eb0c (0xff64af83) x31 0xf2787113 mem 0x8001246c
core   0: 0x8000eb10 (0xff74cf83) lbu     t6, -9(s1)
core   0: 3 0x8000eb10 (0xff74cf83) x31 0x00000071 mem 0x8001246d
core   0: 0x8000eb14 (0x00e4cf83) lbu     t6, 14(s1)
core   0: 3 0x8000eb14 (0x00e4cf83) x31 0x0000008d mem 0x80012484
core   0: 0x8000eb18 (0x00014a97) auipc   s5, 0x14
core   0: 3 0x8000eb18 (0x00014a97) x21 0x80022b18
core   0: 0x8000eb1c (0x560a8a93) addi    s5, s5, 1376
core   0: 3 0x8000eb1c (0x560a8a93) x21 0x80023078
core   0: 0x8000eb20 (0xf968a313) slti    t1, a7, -106
core   0: 3 0x8000eb20 (0xf968a313) x 6 0x00000000
core   0: 0x8000eb24 (0x00570c33) add     s8, a4, t0
core   0: 3 0x8000eb24 (0x00570c33) x24 0x8000e97c
core   0: 0x8000eb28 (0x000060d1) c.lui   ra, 0x14
core   0: 3 0x8000eb28 (0x60d1) x 1 0x00014000
core   0: 0x8000eb2a (0x00008c81) c.sub   s1, s0
core   0: 3 0x8000eb2a (0x8c81) x 9 0x80012476
core   0: 0x8000eb2c (0x038d91b3) mulh    gp, s11, s8
core   0: 3 0x8000eb2c (0x038d91b3) x 3 0x3fff17d2
core   0: 0x8000eb30 (0x98cb2793) slti    a5, s6, -1652
core   0: 3 0x8000eb30 (0x98cb2793) x15 0x00000000
core   0: 0x8000eb34 (0x00008d81) c.sub   a1, s0
core   0: 3 0x8000eb34 (0x8d81) x11 0x00000005
core   0: 0x8000eb36 (0x036b1d33) mulh    s10, s6, s6
core   0: 3 0x8000eb36 (0x036b1d33) x26 0x05590940
core   0: 0x8000eb3a (0x140aa12f) lr.w    sp, (s5)
core   0: 3 0x8000eb3a (0x140aa12f) x 2 0x9629ffa4 mem 0x80023078
core   0: 0x8000eb3e (0x03b147b3) div     a5, sp, s11
core   0: 3 0x8000eb3e (0x03b147b3) x15 0x00000000
core   0: 0x8000eb42 (0xe88bb493) sltiu   s1, s7, -376
core   0: 3 0x8000eb42 (0xe88bb493) x 9 0x00000000
core   0: 0x8000eb46 (0x1c8aa32f) sc.w    t1, s0, (s5)
core   0: 3 0x8000eb46 (0x1c8aa32f) x 6 0x00000000 mem 0x80023078 0x00000000
core   0: 0x8000eb4a (0x00014217) auipc   tp, 0x14
core   0: 3 0x8000eb4a (0x00014217) x 4 0x80022b4a
core   0: 0x8000eb4e (0x51e20213) addi    tp, tp, 1310
core   0: 3 0x8000eb4e (0x51e20213) x 4 0x80023068
core   0: 0x8000eb52 (0x021225af) amoadd.w a1, ra, (tp)
core   0: 3 0x8000eb52 (0x021225af) x11 0xffffffff mem 0x80023068 mem 0x80023068 0x00013fff
core   0: 0x8000eb56 (0xa0f228af) amomax.w a7, a5, (tp)
core   0: 3 0x8000eb56 (0xa0f228af) x17 0x00013fff mem 0x80023068 mem 0x80023068 0x00013fff
core   0: 0x8000eb5a (0x00004117) auipc   sp, 0x4
core   0: 3 0x8000eb5a (0x00004117) x 2 0x80012b5a
core   0: 0x8000eb5e (0x3b610113) addi    sp, sp, 950
core   0: 3 0x8000eb5e (0x3b610113) x 2 0x80012f10
core   0: 0x8000eb62 (0x00110283) lb      t0, 1(sp)
core   0: 3 0x8000eb62 (0x00110283) x 5 0x00000004 mem 0x80012f11
core   0: 0x8000eb66 (0x00005ee2) c.lwsp  t4, 56(sp)
core   0: 3 0x8000eb66 (0x5ee2) x29 0xa1424a85 mem 0x80012f48
core   0: 0x8000eb68 (0x0000d45e) c.swsp  s7, 40(sp)
core   0: 3 0x8000eb68 (0xd45e) mem 0x80012f38 0xfffffffb
core   0: 0x8000eb6a (0xfec14183) lbu     gp, -20(sp)
core   0: 3 0x8000eb6a (0xfec14183) x 3 0x00000045 mem 0x80012efc
core   0: 0x8000eb6e (0x0000c0b6) c.swsp  a3, 64(sp)
core   0: 3 0x8000eb6e (0xc0b6) mem 0x80012f50 0x8002bd24
core   0: 0x8000eb70 (0x0000c0ba) c.swsp  a4, 64(sp)
core   0: 3 0x8000eb70 (0xc0ba) mem 0x80012f50 0x00000000
core   0: 0x8000eb72 (0x0000de32) c.swsp  a2, 60(sp)
core   0: 3 0x8000eb72 (0xde32) mem 0x80012f4c 0x8002305c
core   0: 0x8000eb74 (0x00000b25) c.addi  s6, 9
core   0: 3 0x8000eb74 (0x0b25) x22 0x25002009
core   0: 0x8000eb76 (0xa591ff13) andi    t5, gp, -1447
core   0: 3 0x8000eb76 (0xa591ff13) x30 0x00000041
core   0: 0x8000eb7a (0xfd910083) lb      ra, -39(sp)
core   0: 3 0x8000eb7a (0xfd910083) x 1 0x00000026 mem 0x80012ee9
core   0: 0x8000eb7e (0xfed10003) lb      zero, -19(sp)
core   0: 3 0x8000eb7e (0xfed10003) mem 0x80012efd
core   0: 0x8000eb82 (0x0000c622) c.swsp  s0, 12(sp)
core   0: 3 0x8000eb82 (0xc622) mem 0x80012f1c 0x00000000
core   0: 0x8000eb84 (0x02710f03) lb      t5, 39(sp)
core   0: 3 0x8000eb84 (0x02710f03) x30 0xffffffe3 mem 0x80012f37
core   0: 0x8000eb88 (0xfd012f83) lw      t6, -48(sp)
core   0: 3 0x8000eb88 (0xfd012f83) x31 0x66396a5d mem 0x80012ee0
core   0: 0x8000eb8c (0x1428f713) andi    a4, a7, 322
core   0: 3 0x8000eb8c (0x1428f713) x14 0x00000142
core   0: 0x8000eb90 (0x03914b83) lbu     s7, 57(sp)
core   0: 3 0x8000eb90 (0x03914b83) x23 0x0000004a mem 0x80012f49
core   0: 0x8000eb94 (0x03a15233) divu    tp, sp, s10
core   0: 3 0x8000eb94 (0x03a15233) x 4 0x00000017
core   0: 0x8000eb98 (0xfe314303) lbu     t1, -29(sp)
core   0: 3 0x8000eb98 (0xfe314303) x 6 0x000000d2 mem 0x80012ef3
core   0: 0x8000eb9c (0xfdd10c03) lb      s8, -35(sp)
core   0: 3 0x8000eb9c (0xfdd10c03) x24 0x0000000f mem 0x80012eed
core   0: 0x8000eba0 (0x00a11c83) lh      s9, 10(sp)
core   0: 3 0x8000eba0 (0x00a11c83) x25 0xffffa195 mem 0x80012f1a
core   0: 0x8000eba4 (0x00014b97) auipc   s7, 0x14
core   0: 3 0x8000eba4 (0x00014b97) x23 0x80022ba4
core   0: 0x8000eba8 (0x4c4b8b93) addi    s7, s7, 1220
core   0: 3 0x8000eba8 (0x4c4b8b93) x23 0x80023068
core   0: 0x8000ebac (0x00014e97) auipc   t4, 0x14
core   0: 3 0x8000ebac (0x00014e97) x29 0x80022bac
core   0: 0x8000ebb0 (0x4a0e8e93) addi    t4, t4, 1184
core   0: 3 0x8000ebb0 (0x4a0e8e93) x29 0x8002304c
core   0: 0x8000ebb4 (0x00014197) auipc   gp, 0x14
core   0: 3 0x8000ebb4 (0x00014197) x 3 0x80022bb4
core   0: 0x8000ebb8 (0x4a818193) addi    gp, gp, 1192
core   0: 3 0x8000ebb8 (0x4a818193) x 3 0x8002305c
core   0: 0x8000ebbc (0x017ba92f) amoadd.w s2, s7, (s7)
core   0: 3 0x8000ebbc (0x017ba92f) x18 0x00013fff mem 0x80023068 mem 0x80023068 0x80037067
core   0: 0x8000ebc0 (0x08dba9af) amoswap.w s3, a3, (s7)
core   0: 3 0x8000ebc0 (0x08dba9af) x19 0x80037067 mem 0x80023068 mem 0x80023068 0x8002bd24
core   0: 0x8000ebc4 (0x24e1ac2f) amoxor.w s8, a4, (gp)
core   0: 3 0x8000ebc4 (0x24e1ac2f) x24 0x0000001d mem 0x8002305c mem 0x8002305c 0x0000015f
core   0: 0x8000ebc8 (0x00008cc1) c.or    s1, s0
core   0: 3 0x8000ebc8 (0x8cc1) x 9 0x00000000
core   0: 0x8000ebca (0x00006f49) c.lui   t5, 0x12
core   0: 3 0x8000ebca (0x6f49) x30 0x00012000
core   0: 0x8000ebcc (0x211eab2f) amoxor.w s6, a7, (t4)
core   0: 3 0x8000ebcc (0x211eab2f) x22 0xffffbc95 mem 0x8002304c mem 0x8002304c 0xfffe836a
core   0: 0x8000ebd0 (0x00004097) auipc   ra, 0x4
core   0: 3 0x8000ebd0 (0x00004097) x 1 0x80012bd0
core   0: 0x8000ebd4 (0x30208093) addi    ra, ra, 770
core   0: 3 0x8000ebd4 (0x30208093) x 1 0x80012ed2
core   0: 0x8000ebd8 (0x0000d297) auipc   t0, 0xd
core   0: 3 0x8000ebd8 (0x0000d297) x 5 0x8001bbd8
core   0: 0x8000ebdc (0xa1528293) addi    t0, t0, -1515
core   0: 3 0x8000ebdc (0xa1528293) x 5 0x8001b5ed
core   0: 0x8000ebe0 (0xd1e0c303) lbu     t1, -738(ra)
core   0: 3 0x8000ebe0 (0xd1e0c303) x 6 0x00000089 mem 0x80012bf0
core   0: 0x8000ebe4 (0x004292a3) sh      tp, 5(t0)
core   0: 3 0x8000ebe4 (0x004292a3) mem 0x8001b5f2 0x0017
core   0: 0x8000ebe8 (0x00e291a3) sh      a4, 3(t0)
core   0: 3 0x8000ebe8 (0x00e291a3) mem 0x8001b5f0 0x0142
core   0: 0x8000ebec (0x0092df03) lhu     t5, 9(t0)
core   0: 3 0x8000ebec (0x0092df03) x30 0x00006b8b mem 0x8001b5f6
core   0: 0x8000ebf0 (0xfab08203) lb      tp, -85(ra)
core   0: 3 0x8000ebf0 (0xfab08203) x 4 0x0000007a mem 0x80012e7d
core   0: 0x8000ebf4 (0xa4808923) sb      s0, -1454(ra)
core   0: 3 0x8000ebf4 (0xa4808923) mem 0x80012924 0x0
core   0: 0x8000ebf8 (0x01928323) sb      s9, 6(t0)
core   0: 3 0x8000ebf8 (0x01928323) mem 0x8001b5f3 0x95
core   0: 0x8000ebfc (0xb9808823) sb      s8, -1136(ra)
core   0: 3 0x8000ebfc (0xb9808823) mem 0x80012a62 0x1d
core   0: 0x8000ec00 (0xbfa0dd83) lhu     s11, -1030(ra)
core   0: 3 0x8000ec00 (0xbfa0dd83) x27 0x0000f744 mem 0x80012acc
core   0: 0x8000ec04 (0x00c28523) sb      a2, 10(t0)
core   0: 3 0x8000ec04 (0x00c28523) mem 0x8001b5f7 0x5c
core   0: 0x8000ec08 (0xffc28b03) lb      s6, -4(t0)
core   0: 3 0x8000ec08 (0xffc28b03) x22 0xffffff98 mem 0x8001b5e9
core   0: 0x8000ec0c (0x00014297) auipc   t0, 0x14
core   0: 3 0x8000ec0c (0x00014297) x 5 0x80022c0c
core   0: 0x8000ec10 (0x47028293) addi    t0, t0, 1136
core   0: 3 0x8000ec10 (0x47028293) x 5 0x8002307c
core   0: 0x8000ec14 (0x8562a0af) amomin.w ra, s6, (t0)
core   0: 3 0x8000ec14 (0x8562a0af) x 1 0x0000001a mem 0x8002307c mem 0x8002307c 0xffffff98
core   0: 0x8000ec18 (0x0302af2f) amoadd.w t5, a6, (t0)
core   0: 3 0x8000ec18 (0x0302af2f) x30 0xffffff98 mem 0x8002307c mem 0x8002307c 0x80027df0
core   0: 0x8000ec1c (0x000042a9) c.li    t0, 10
core   0: 3 0x8000ec1c (0x42a9) x 5 0x0000000a
core   0: 0x8000ec1e (0x00005e7d) c.li    t3, -1
core   0: 3 0x8000ec1e (0x5e7d) x28 0xffffffff
core   0: 0x8000ec20 (0x00000298) c.addi4spn a4, sp, 320
core   0: 3 0x8000ec20 (0x0298) x14 0x80013050
core   0: 0x8000ec22 (0x00d5bc33) sltu    s8, a1, a3
core   0: 3 0x8000ec22 (0x00d5bc33) x24 0x00000000
core   0: 0x8000ec26 (0x0338d933) divu    s2, a7, s3
core   0: 3 0x8000ec26 (0x0338d933) x18 0x00000000
core   0: 0x8000ec2a (0x00004a29) c.li    s4, 10
core   0: 3 0x8000ec2a (0x4a29) x20 0x0000000a
core   0: 0x8000ec2c (0x00000c85) c.addi  s9, 1
core   0: 3 0x8000ec2c (0x0c85) x25 0xffffa196
core   0: 0x8000ec2e (0x00000001) c.nop
core   0: 3 0x8000ec2e (0x0001)
core   0: 0x8000ec30 (0x0000157d) c.addi  a0, -1
core   0: 3 0x8000ec30 (0x157d) x10 0x00000000
core   0: 0x8000ec32 (0x7f4d3913) sltiu   s2, s10, 2036
core   0: 3 0x8000ec32 (0x7f4d3913) x18 0x00000000
core   0: 0x8000ec36 (0x00000284) c.addi4spn s1, sp, 320
core   0: 3 0x8000ec36 (0x0284) x 9 0x80013050
core   0: 0x8000ec38 (0xd4419317) auipc   t1, 0xd4419
core   0: 3 0x8000ec38 (0xd4419317) x 6 0x54427c38
core   0: 0x8000ec3c (0x000012dd) c.addi  t0, -9
core   0: 3 0x8000ec3c (0x12dd) x 5 0x00000001
core   0: 0x8000ec3e (0x000048a1) c.li    a7, 8
core   0: 3 0x8000ec3e (0x48a1) x17 0x00000008
core   0: 0x8000ec40 (0x01cc9f93) slli    t6, s9, 28
core   0: 3 0x8000ec40 (0x01cc9f93) x31 0x60000000
core   0: 0x8000ec44 (0x02ccd7b3) divu    a5, s9, a2
core   0: 3 0x8000ec44 (0x02ccd7b3) x15 0x00000001
core   0: 0x8000ec48 (0x00004649) c.li    a2, 18
core   0: 3 0x8000ec48 (0x4649) x12 0x00000012
core   0: 0x8000ec4a (0x1f374b93) xori    s7, a4, 499
core   0: 3 0x8000ec4a (0x1f374b93) x23 0x800131a3
core   0: 0x8000ec4e (0x03b8b533) mulhu   a0, a7, s11
core   0: 3 0x8000ec4e (0x03b8b533) x10 0x00000000
core   0: 0x8000ec52 (0x54042c97) auipc   s9, 0x54042
core   0: 3 0x8000ec52 (0x54042c97) x25 0xd4050c52
core   0: 0x8000ec56 (0x000008a9) c.addi  a7, 10
core   0: 3 0x8000ec56 (0x08a9) x17 0x00000012
core   0: 0x8000ec58 (0xfec899e3) bne     a7, a2, pc - 14
core   0: 3 0x8000ec58 (0xfec899e3)
core   0: 0x8000ec5c (0x000000ed) c.addi  ra, 27
core   0: 3 0x8000ec5c (0x00ed) x 1 0x00000035
core   0: 0x8000ec5e (0x0373c733) div     a4, t2, s7
core   0: 3 0x8000ec5e (0x0373c733) x14 0x00000000
core   0: 0x8000ec62 (0xfd42f7e3) bgeu    t0, s4, pc - 50
core   0: 3 0x8000ec62 (0xfd42f7e3)
core   0: 0x8000ec66 (0x403b0933) sub     s2, s6, gp
core   0: 3 0x8000ec66 (0x403b0933) x18 0x7ffdcf3c
core   0: 0x8000ec6a (0x0000c897) auipc   a7, 0xc
core   0: 3 0x8000ec6a (0x0000c897) x17 0x8001ac6a
core   0: 0x8000ec6e (0xdfe88893) addi    a7, a7, -514
core   0: 3 0x8000ec6e (0xdfe88893) x17 0x8001aa68
core   0: 0x8000ec72 (0x00003497) auipc   s1, 0x3
core   0: 3 0x8000ec72 (0x00003497) x 9 0x80011c72
core   0: 0x8000ec76 (0x6d948493) addi    s1, s1, 1753
core   0: 3 0x8000ec76 (0x6d948493) x 9 0x8001234b
core   0: 0x8000ec7a (0xff988e03) lb      t3, -7(a7)
core   0: 3 0x8000ec7a (0xff988e03) x28 0x00000071 mem 0x8001aa61
core   0: 0x8000ec7e (0xff548923) sb      s5, -14(s1)
core   0: 3 0x8000ec7e (0xff548923) mem 0x8001233d 0x78
core   0: 0x8000ec82 (0xff288a83) lb      s5, -14(a7)
core   0: 3 0x8000ec82 (0xff288a83) x21 0xffffffc1 mem 0x8001aa5a
core   0: 0x8000ec86 (0xfeb89923) sh      a1, -14(a7)
core   0: 3 0x8000ec86 (0xfeb89923) mem 0x8001aa5a 0xffff
core   0: 0x8000ec8a (0xf074aaa3) sw      t2, -235(s1)
core   0: 3 0x8000ec8a (0xf074aaa3) mem 0x80012260 0x00000000
core   0: 0x8000ec8e (0xff688503) lb      a0, -10(a7)
core   0: 3 0x8000ec8e (0xff688503) x10 0xffffffb3 mem 0x8001aa5e
core   0: 0x8000ec92 (0x02a4ce83) lbu     t4, 42(s1)
core   0: 3 0x8000ec92 (0x02a4ce83) x29 0x000000d6 mem 0x80012375
core   0: 0x8000ec96 (0x0028ce03) lbu     t3, 2(a7)
core   0: 3 0x8000ec96 (0x0028ce03) x28 0x0000002a mem 0x8001aa6a
core   0: 0x8000ec9a (0x04d48503) lb      a0, 77(s1)
core   0: 3 0x8000ec9a (0x04d48503) x10 0x0000003d mem 0x80012398
core   0: 0x8000ec9e (0x08f48a83) lb      s5, 143(s1)
core   0: 3 0x8000ec9e (0x08f48a83) x21 0x0000003e mem 0x800123da
core   0: 0x8000eca2 (0x01388123) sb      s3, 2(a7)
core   0: 3 0x8000eca2 (0x01388123) mem 0x8001aa6a 0x67
core   0: 0x8000eca6 (0xff248183) lb      gp, -14(s1)
core   0: 3 0x8000eca6 (0xff248183) x 3 0x00000078 mem 0x8001233d
core   0: 0x8000ecaa (0xff98cc83) lbu     s9, -7(a7)
core   0: 3 0x8000ecaa (0xff98cc83) x25 0x00000071 mem 0x8001aa61
core   0: 0x8000ecae (0x0f848d23) sb      s8, 250(s1)
core   0: 3 0x8000ecae (0x0f848d23) mem 0x80012445 0x0
core   0: 0x8000ecb2 (0x0d748083) lb      ra, 215(s1)
core   0: 3 0x8000ecb2 (0x0d748083) x 1 0xffffffd9 mem 0x80012422
core   0: 0x8000ecb6 (0xff88ad03) lw      s10, -8(a7)
core   0: 3 0x8000ecb6 (0xff88ad03) x26 0xb23d71cc mem 0x8001aa60
core   0: 0x8000ecba (0x0f74d903) lhu     s2, 247(s1)
core   0: 3 0x8000ecba (0x0f74d903) x18 0x00002abb mem 0x80012442
core   0: 0x8000ecbe (0x024000ef) jal     pc + 0x24
core   0: 3 0x8000ecbe (0x024000ef) x 1 0x8000ecc2
core   0: 0x8000ece2 (0x0000a005) c.j     pc + 32
core   0: 3 0x8000ece2 (0xa005)
core   0: 0x8000ed02 (0xfe7ff0ef) jal     pc - 0x1a
core   0: 3 0x8000ed02 (0xfe7ff0ef) x 1 0x8000ed06
core   0: 0x8000ece8 (0x0000a019) c.j     pc + 6
core   0: 3 0x8000ece8 (0xa019)
core   0: 0x8000ecee (0xff9ff0ef) jal     pc - 0x8
core   0: 3 0x8000ecee (0xff9ff0ef) x 1 0x8000ecf2
core   0: 0x8000ece6 (0x00003fc5) c.jal   pc - 16
core   0: 3 0x8000ece6 (0x3fc5) x 1 0x8000ece8
core   0: 0x8000ecd6 (0x0000a025) c.j     pc + 40
core   0: 3 0x8000ecd6 (0xa025)
core   0: 0x8000ecfe (0x0000b7d1) c.j     pc - 60
core   0: 3 0x8000ecfe (0xb7d1)
core   0: 0x8000ecc2 (0x0000a805) c.j     pc + 48
core   0: 3 0x8000ecc2 (0xa805)
core   0: 0x8000ecf2 (0x000037e5) c.jal   pc - 24
core   0: 3 0x8000ecf2 (0x37e5) x 1 0x8000ecf4
core   0: 0x8000ecda (0x02c00def) jal     s11, pc + 0x2c
core   0: 3 0x8000ecda (0x02c00def) x27 0x8000ecde
core   0: 0x8000ed06 (0x0000bfcd) c.j     pc - 14
core   0: 3 0x8000ed06 (0xbfcd)
core   0: 0x8000ecf8 (0xfd1ff0ef) jal     pc - 0x30
core   0: 3 0x8000ecf8 (0xfd1ff0ef) x 1 0x8000ecfc
core   0: 0x8000ecc8 (0x0000a831) c.j     pc + 28
core   0: 3 0x8000ecc8 (0xa831)
core   0: 0x8000ece4 (0x000037e5) c.jal   pc - 24
core   0: 3 0x8000ece4 (0x37e5) x 1 0x8000ece6
core   0: 0x8000eccc (0x030000ef) jal     pc + 0x30
core   0: 3 0x8000eccc (0x030000ef) x 1 0x8000ecd0
core   0: 0x8000ecfc (0x00003ff1) c.jal   pc - 36
core   0: 3 0x8000ecfc (0x3ff1) x 1 0x8000ecfe
core   0: 0x8000ecd8 (0x00003fcd) c.jal   pc - 14
core   0: 3 0x8000ecd8 (0x3fcd) x 1 0x8000ecda
core   0: 0x8000ecca (0x0000281d) c.jal   pc + 54
core   0: 3 0x8000ecca (0x281d) x 1 0x8000eccc
core   0: 0x8000ed00 (0x0000bfd1) c.j     pc - 44
core   0: 3 0x8000ed00 (0xbfd1)
core   0: 0x8000ecd4 (0x0000a819) c.j     pc + 22
core   0: 3 0x8000ecd4 (0xa819)
core   0: 0x8000ecea (0x000037dd) c.jal   pc - 26
core   0: 3 0x8000ecea (0x37dd) x 1 0x8000ecec
core   0: 0x8000ecd0 (0x0000bfdd) c.j     pc - 10
core   0: 3 0x8000ecd0 (0xbfdd)
core   0: 0x8000ecc6 (0x0000a01d) c.j     pc + 38
core   0: 3 0x8000ecc6 (0xa01d)
core   0: 0x8000ecec (0x00003fcd) c.jal   pc - 14
core   0: 3 0x8000ecec (0x3fcd) x 1 0x8000ecee
core   0: 0x8000ecde (0x016000ef) jal     pc + 0x16
core   0: 3 0x8000ecde (0x016000ef) x 1 0x8000ece2
core   0: 0x8000ecf4 (0xfdfff0ef) jal     pc - 0x22
core   0: 3 0x8000ecf4 (0xfdfff0ef) x 1 0x8000ecf8
core   0: 0x8000ecd2 (0x0000bfcd) c.j     pc - 14
core   0: 3 0x8000ecd2 (0xbfcd)
core   0: 0x8000ecc4 (0x0000a091) c.j     pc + 68
core   0: 3 0x8000ecc4 (0xa091)
core   0: 0x8000ed08 (0x014e9293) slli    t0, t4, 20
core   0: 3 0x8000ed08 (0x014e9293) x 5 0x0d600000
core   0: 0x8000ed0c (0x00005897) auipc   a7, 0x5
core   0: 3 0x8000ed0c (0x00005897) x17 0x80013d0c
core   0: 0x8000ed10 (0xfd388893) addi    a7, a7, -45
core   0: 3 0x8000ed10 (0xfd388893) x17 0x80013cdf
core   0: 0x8000ed14 (0x00003f97) auipc   t6, 0x3
core   0: 3 0x8000ed14 (0x00003f97) x31 0x80011d14
core   0: 0x8000ed18 (0x74bf8f93) addi    t6, t6, 1867
core   0: 3 0x8000ed18 (0x74bf8f93) x31 0x8001245f
core   0: 0x8000ed1c (0xf178aea3) sw      s7, -227(a7)
core   0: 3 0x8000ed1c (0xf178aea3) mem 0x80013bfc 0x800131a3
core   0: 0x8000ed20 (0x00efc203) lbu     tp, 14(t6)
core   0: 3 0x8000ed20 (0x00efc203) x 4 0x00000071 mem 0x8001246d
core   0: 0x8000ed24 (0xf1489aa3) sh      s4, -235(a7)
core   0: 3 0x8000ed24 (0xf1489aa3) mem 0x80013bf4 0x000a
core   0: 0x8000ed28 (0x00bfc003) lbu     zero, 11(t6)
core   0: 3 0x8000ed28 (0x00bfc003) mem 0x8001246a
core   0: 0x8000ed2c (0xfd788b83) lb      s7, -41(a7)
core   0: 3 0x8000ed2c (0xfd788b83) x23 0xffffffca mem 0x80013cb6
core   0: 0x8000ed30 (0xff2f8703) lb      a4, -14(t6)
core   0: 3 0x8000ed30 (0xff2f8703) x14 0x00000005 mem 0x80012451
core   0: 0x8000ed34 (0xf2b8db83) lhu     s7, -213(a7)
core   0: 3 0x8000ed34 (0xf2b8db83) x23 0x00005b33 mem 0x80013c0a
core   0: 0x8000ed38 (0xfecf8c23) sb      a2, -8(t6)
core   0: 3 0x8000ed38 (0xfecf8c23) mem 0x80012457 0x12
core   0: 0x8000ed3c (0xfeffa8a3) sw      a5, -15(t6)
core   0: 3 0x8000ed3c (0xfeffa8a3) mem 0x80012450 0x00000001
core   0: 0x8000ed40 (0x0bd883a3) sb      t4, 167(a7)
core   0: 3 0x8000ed40 (0x0bd883a3) mem 0x80013d86 0xd6
core   0: 0x8000ed44 (0x09688983) lb      s3, 150(a7)
core   0: 3 0x8000ed44 (0x09688983) x19 0xffffff99 mem 0x80013d75
core   0: 0x8000ed48 (0x000fcc03) lbu     s8, 0(t6)
core   0: 3 0x8000ed48 (0x000fcc03) x24 0x00000037 mem 0x8001245f
core   0: 0x8000ed4c (0x06389d03) lh      s10, 99(a7)
core   0: 3 0x8000ed4c (0x06389d03) x26 0x000065b8 mem 0x80013d42
core   0: 0x8000ed50 (0x010f8983) lb      s3, 16(t6)
core   0: 3 0x8000ed50 (0x010f8983) x19 0xfffffff2 mem 0x8001246f
core   0: 0x8000ed54 (0xffefc083) lbu     ra, -2(t6)
core   0: 3 0x8000ed54 (0xffefc083) x 1 0x00000000 mem 0x8001245d
core   0: 0x8000ed58 (0x0428c083) lbu     ra, 66(a7)
core   0: 3 0x8000ed58 (0x0428c083) x 1 0x0000007f mem 0x80013d21
core   0: 0x8000ed5c (0x00014097) auipc   ra, 0x14
core   0: 3 0x8000ed5c (0x00014097) x 1 0x80022d5c
core   0: 0x8000ed60 (0x2fc08093) addi    ra, ra, 764
core   0: 3 0x8000ed60 (0x2fc08093) x 1 0x80023058
core   0: 0x8000ed64 (0x00014797) auipc   a5, 0x14
core   0: 3 0x8000ed64 (0x00014797) x15 0x80022d64
core   0: 0x8000ed68 (0x2ec78793) addi    a5, a5, 748
core   0: 3 0x8000ed68 (0x2ec78793) x15 0x80023050
core   0: 0x8000ed6c (0x00014297) auipc   t0, 0x14
core   0: 3 0x8000ed6c (0x00014297) x 5 0x80022d6c
core   0: 0x8000ed70 (0x31028293) addi    t0, t0, 784
core   0: 3 0x8000ed70 (0x31028293) x 5 0x8002307c
core   0: 0x8000ed74 (0x00014317) auipc   t1, 0x14
core   0: 3 0x8000ed74 (0x00014317) x 6 0x80022d74
core   0: 0x8000ed78 (0x30430313) addi    t1, t1, 772
core   0: 3 0x8000ed78 (0x30430313) x 6 0x80023078
core   0: 0x8000ed7c (0x00008745) c.srai  a4, 17
core   0: 3 0x8000ed7c (0x8745) x14 0x00000000
core   0: 0x8000ed7e (0xa2f2aeaf) amomax.w t4, a5, (t0)
core   0: 3 0x8000ed7e (0xa2f2aeaf) x29 0x80027df0 mem 0x8002307c mem 0x8002307c 0x80027df0
core   0: 0x8000ed82 (0x843f2893) slti    a7, t5, -1981
core   0: 3 0x8000ed82 (0x843f2893) x17 0x00000000
core   0: 0x8000ed86 (0x0377a5af) amoadd.w a1, s7, (a5)
core   0: 3 0x8000ed86 (0x0377a5af) x11 0x7dccf064 mem 0x80023050 mem 0x80023050 0x7dcd4b97
core   0: 0x8000ed8a (0x20d32daf) amoxor.w s11, a3, (t1)
core   0: 3 0x8000ed8a (0x20d32daf) x27 0x00000000 mem 0x80023078 mem 0x80023078 0x8002bd24
core   0: 0x8000ed8e (0x000054fd) c.li    s1, -1
core   0: 3 0x8000ed8e (0x54fd) x 9 0xffffffff
core   0: 0x8000ed90 (0x410d0f33) sub     t5, s10, a6
core   0: 3 0x8000ed90 (0x410d0f33) x30 0x7ffde760
core   0: 0x8000ed94 (0x84b32daf) amomin.w s11, a1, (t1)
core   0: 3 0x8000ed94 (0x84b32daf) x27 0x8002bd24 mem 0x80023078 mem 0x80023078 0x8002bd24
core   0: 0x8000ed98 (0xc1732c2f) amominu.w s8, s7, (t1)
core   0: 3 0x8000ed98 (0xc1732c2f) x24 0x8002bd24 mem 0x80023078 mem 0x80023078 0x00005b33
core   0: 0x8000ed9c (0x6500ab2f) amoand.w s6, a6, (ra)
core   0: 3 0x8000ed9c (0x6500ab2f) x22 0x00000000 mem 0x80023058 mem 0x80023058 0x00000000
core   0: 0x8000eda0 (0x024000ef) jal     pc + 0x24
core   0: 3 0x8000eda0 (0x024000ef) x 1 0x8000eda4
core   0: 0x8000edc4 (0x0000a039) c.j     pc + 14
core   0: 3 0x8000edc4 (0xa039)
core   0: 0x8000edd2 (0x0000bfd5) c.j     pc - 12
core   0: 3 0x8000edd2 (0xbfd5)
core   0: 0x8000edc6 (0xfebffa6f) jal     s4, pc - 0x16
core   0: 3 0x8000edc6 (0xfebffa6f) x20 0x8000edca
core   0: 0x8000edb0 (0x0000a801) c.j     pc + 16
core   0: 3 0x8000edb0 (0xa801)
core   0: 0x8000edc0 (0x0000a029) c.j     pc + 10
core   0: 3 0x8000edc0 (0xa029)
core   0: 0x8000edca (0xfe3ff0ef) jal     pc - 0x1e
core   0: 3 0x8000edca (0xfe3ff0ef) x 1 0x8000edce
core   0: 0x8000edac (0x0000200d) c.jal   pc + 34
core   0: 3 0x8000edac (0x200d) x 1 0x8000edae
core   0: 0x8000edce (0x00003fd5) c.jal   pc - 12
core   0: 3 0x8000edce (0x3fd5) x 1 0x8000edd0
core   0: 0x8000edc2 (0x0000b7cd) c.j     pc - 30
core   0: 3 0x8000edc2 (0xb7cd)
core   0: 0x8000eda4 (0x01a000ef) jal     pc + 0x1a
core   0: 3 0x8000eda4 (0x01a000ef) x 1 0x8000eda8
core   0: 0x8000edbe (0x0000a829) c.j     pc + 26
core   0: 3 0x8000edbe (0xa829)
core   0: 0x8000edd8 (0xfddffb6f) jal     s6, pc - 0x24
core   0: 3 0x8000edd8 (0xfddffb6f) x22 0x8000eddc
core   0: 0x8000edb4 (0x0060016f) jal     sp, pc + 0x6
core   0: 3 0x8000edb4 (0x0060016f) x 2 0x8000edb8
core   0: 0x8000edba (0x02c0036f) jal     t1, pc + 0x2c
core   0: 3 0x8000edba (0x02c0036f) x 6 0x8000edbe
core   0: 0x8000ede6 (0x0000b7e1) c.j     pc - 56
core   0: 3 0x8000ede6 (0xb7e1)
core   0: 0x8000edae (0x0000a805) c.j     pc + 48
core   0: 3 0x8000edae (0xa805)
core   0: 0x8000edde (0x0000bfd1) c.j     pc - 44
core   0: 3 0x8000edde (0xbfd1)
core   0: 0x8000edb2 (0x0000280d) c.jal   pc + 50
core   0: 3 0x8000edb2 (0x280d) x 1 0x8000edb4
core   0: 0x8000ede4 (0x00003fcd) c.jal   pc - 14
core   0: 3 0x8000ede4 (0x3fcd) x 1 0x8000ede6
core   0: 0x8000edd6 (0x0000a809) c.j     pc + 18
core   0: 3 0x8000edd6 (0xa809)
core   0: 0x8000ede8 (0xff5ff16f) jal     sp, pc - 0xc
core   0: 3 0x8000ede8 (0xff5ff16f) x 2 0x8000edec
core   0: 0x8000eddc (0x0000b7f1) c.j     pc - 52
core   0: 3 0x8000eddc (0xb7f1)
core   0: 0x8000eda8 (0x038000ef) jal     pc + 0x38
core   0: 3 0x8000eda8 (0x038000ef) x 1 0x8000edac
core   0: 0x8000ede0 (0xfd9ff36f) jal     t1, pc - 0x28
core   0: 3 0x8000ede0 (0xfd9ff36f) x 6 0x8000ede4
core   0: 0x8000edb8 (0x0000a831) c.j     pc + 28
core   0: 3 0x8000edb8 (0xa831)
core   0: 0x8000edd4 (0x0000bff5) c.j     pc - 4
core   0: 3 0x8000edd4 (0xbff5)
core   0: 0x8000edd0 (0x0000a831) c.j     pc + 28
core   0: 3 0x8000edd0 (0xa831)
core   0: 0x8000edec (0xbc46ef13) ori     t5, a3, -1084
core   0: 3 0x8000edec (0xbc46ef13) x30 0xffffffe4
core   0: 0x8000edf0 (0x00014797) auipc   a5, 0x14
core   0: 3 0x8000edf0 (0x00014797) x15 0x80022df0
core   0: 0x8000edf4 (0x26c78793) addi    a5, a5, 620
core   0: 3 0x8000edf4 (0x26c78793) x15 0x8002305c
core   0: 0x8000edf8 (0x0079c133) xor     sp, s3, t2
core   0: 3 0x8000edf8 (0x0079c133) x 2 0xfffffff2
core   0: 0x8000edfc (0xc4b7a12f) amominu.w sp, a1, (a5)
core   0: 3 0x8000edfc (0xc4b7a12f) x 2 0x0000015f mem 0x8002305c mem 0x8002305c 0x0000015f
core   0: 0x8000ee00 (0x00004e97) auipc   t4, 0x4
core   0: 3 0x8000ee00 (0x00004e97) x29 0x80012e00
core   0: 0x8000ee04 (0xf0de8e93) addi    t4, t4, -243
core   0: 3 0x8000ee04 (0xf0de8e93) x29 0x80012d0d
core   0: 0x8000ee08 (0x02ee8483) lb      s1, 46(t4)
core   0: 3 0x8000ee08 (0x02ee8483) x 9 0xfffffff2 mem 0x80012d3b
core   0: 0x8000ee0c (0x00004217) auipc   tp, 0x4
core   0: 3 0x8000ee0c (0x00004217) x 4 0x80012e0c
core   0: 0x8000ee10 (0xe1f20213) addi    tp, tp, -481
core   0: 3 0x8000ee10 (0xe1f20213) x 4 0x80012c2b
core   0: 0x8000ee14 (0xfe7e8903) lb      s2, -25(t4)
core   0: 3 0x8000ee14 (0xfe7e8903) x18 0xffffffc9 mem 0x80012cf4
core   0: 0x8000ee18 (0x01cec183) lbu     gp, 28(t4)
core   0: 3 0x8000ee18 (0x01cec183) x 3 0x000000bd mem 0x80012d29
core   0: 0x8000ee1c (0xea124783) lbu     a5, -351(tp)
core   0: 3 0x8000ee1c (0xea124783) x15 0x00000044 mem 0x80012acc
core   0: 0x8000ee20 (0xfc4ec703) lbu     a4, -60(t4)
core   0: 3 0x8000ee20 (0xfc4ec703) x14 0x0000009a mem 0x80012cd1
core   0: 0x8000ee24 (0x032ecf03) lbu     t5, 50(t4)
core   0: 3 0x8000ee24 (0x032ecf03) x30 0x000000f6 mem 0x80012d3f
core   0: 0x8000ee28 (0x91b25a83) lhu     s5, -1765(tp)
core   0: 3 0x8000ee28 (0x91b25a83) x21 0x00006a05 mem 0x80012546
core   0: 0x8000ee2c (0xfcaeca83) lbu     s5, -54(t4)
core   0: 3 0x8000ee2c (0xfcaeca83) x21 0x0000007f mem 0x80012cd7
core   0: 0x8000ee30 (0xff6e8483) lb      s1, -10(t4)
core   0: 3 0x8000ee30 (0xff6e8483) x 9 0xffffff80 mem 0x80012d03
core   0: 0x8000ee34 (0x37125783) lhu     a5, 881(tp)
core   0: 3 0x8000ee34 (0x37125783) x15 0x0000626d mem 0x80012f9c
core   0: 0x8000ee38 (0x025ec283) lbu     t0, 37(t4)
core   0: 3 0x8000ee38 (0x025ec283) x 5 0x00000078 mem 0x80012d32
core   0: 0x8000ee3c (0x30020083) lb      ra, 768(tp)
core   0: 3 0x8000ee3c (0x30020083) x 1 0x00000054 mem 0x80012f2b
core   0: 0x8000ee40 (0x40e20d23) sb      a4, 1050(tp)
core   0: 3 0x8000ee40 (0x40e20d23) mem 0x80013045 0x9a
core   0: 0x8000ee44 (0xb0a20c83) lb      s9, -1270(tp)
core   0: 3 0x8000ee44 (0xb0a20c83) x25 0xffffffb0 mem 0x80012735
core   0: 0x8000ee48 (0xb5d20223) sb      t4, -1212(tp)
core   0: 3 0x8000ee48 (0xb5d20223) mem 0x8001276f 0xd
core   0: 0x8000ee4c (0xc3e24e03) lbu     t3, -962(tp)
core   0: 3 0x8000ee4c (0xc3e24e03) x28 0x000000d7 mem 0x80012869
core   0: 0x8000ee50 (0xffee8583) lb      a1, -2(t4)
core   0: 3 0x8000ee50 (0xffee8583) x11 0xffffffac mem 0x80012d0b
core   0: 0x8000ee54 (0x029eda03) lhu     s4, 41(t4)
core   0: 3 0x8000ee54 (0x029eda03) x20 0x00009c79 mem 0x80012d36
core   0: 0x8000ee58 (0x8c224e03) lbu     t3, -1854(tp)
core   0: 3 0x8000ee58 (0x8c224e03) x28 0x00000030 mem 0x800124ed
core   0: 0x8000ee5c (0x00014317) auipc   t1, 0x14
core   0: 3 0x8000ee5c (0x00014317) x 6 0x80022e5c
core   0: 0x8000ee60 (0x21030313) addi    t1, t1, 528
core   0: 3 0x8000ee60 (0x21030313) x 6 0x8002306c
core   0: 0x8000ee64 (0x02e219b3) mulh    s3, tp, a4
core   0: 3 0x8000ee64 (0x02e219b3) x19 0xffffffb3
core   0: 0x8000ee68 (0x00008079) c.srli  s0, 30
core   0: 3 0x8000ee68 (0x8079) x 8 0x00000000
core   0: 0x8000ee6a (0x00004649) c.li    a2, 18
core   0: 3 0x8000ee6a (0x4649) x12 0x00000012
core   0: 0x8000ee6c (0x00008989) c.andi  a1, 2
core   0: 3 0x8000ee6c (0x8989) x11 0x00000000
core   0: 0x8000ee6e (0x00008cf1) c.and   s1, a2
core   0: 3 0x8000ee6e (0x8cf1) x 9 0x00000000
core   0: 0x8000ee70 (0x01858233) add     tp, a1, s8
core   0: 3 0x8000ee70 (0x01858233) x 4 0x8002bd24
core   0: 0x8000ee74 (0x41f7d433) sra     s0, a5, t6
core   0: 3 0x8000ee74 (0x41f7d433) x 8 0x00000000
core   0: 0x8000ee78 (0x00004f0d) c.li    t5, 3
core   0: 3 0x8000ee78 (0x4f0d) x30 0x00000003
core   0: 0x8000ee7a (0x00008311) c.srli  a4, 4
core   0: 3 0x8000ee7a (0x8311) x14 0x00000009
core   0: 0x8000ee7c (0x673c7f37) lui     t5, 0x673c7
core   0: 3 0x8000ee7c (0x673c7f37) x30 0x673c7000
core   0: 0x8000ee80 (0x100322af) lr.w    t0, (t1)
core   0: 3 0x8000ee80 (0x100322af) x 5 0x80023058 mem 0x8002306c
core   0: 0x8000ee84 (0x001ddb13) srli    s6, s11, 1
core   0: 3 0x8000ee84 (0x001ddb13) x22 0x40015e92
core   0: 0x8000ee88 (0x0000652d) c.lui   a0, 0xb
core   0: 3 0x8000ee88 (0x652d) x10 0x0000b000
core   0: 0x8000ee8a (0x00008305) c.srli  a4, 1
core   0: 3 0x8000ee8a (0x8305) x14 0x00000004
core   0: 0x8000ee8c (0x00008f11) c.sub   a4, a2
core   0: 3 0x8000ee8c (0x8f11) x14 0xfffffff2
core   0: 0x8000ee8e (0x1a232baf) sc.w    s7, sp, (t1)
core   0: 3 0x8000ee8e (0x1a232baf) x23 0x00000000 mem 0x8002306c 0x0000015f
core   0: 0x8000ee92 (0x0000c117) auipc   sp, 0xc
core   0: 3 0x8000ee92 (0x0000c117) x 2 0x8001ae92
core   0: 0x8000ee96 (0x9ed10113) addi    sp, sp, -1555
core   0: 3 0x8000ee96 (0x9ed10113) x 2 0x8001a87f
core   0: 0x8000ee9a (0xa8a10d83) lb      s11, -1398(sp)
core   0: 3 0x8000ee9a (0xa8a10d83) x27 0xffffff92 mem 0x8001a309
core   0: 0x8000ee9e (0xd6eda293) slti    t0, s11, -658
core   0: 3 0x8000ee9e (0xd6eda293) x 5 0x00000000
core   0: 0x8000eea2 (0x000087de) c.mv    a5, s7
core   0: 3 0x8000eea2 (0x87de) x15 0x00000000
core   0: 0x8000eea4 (0x40638633) sub     a2, t2, t1
core   0: 3 0x8000eea4 (0x40638633) x12 0x7ffdcf94
core   0: 0x8000eea8 (0x04010923) sb      zero, 82(sp)
core   0: 3 0x8000eea8 (0x04010923) mem 0x8001a8d1 0x0
core   0: 0x8000eeac (0x02b14903) lbu     s2, 43(sp)
core   0: 3 0x8000eeac (0x02b14903) x18 0x000000d4 mem 0x8001a8aa
core   0: 0x8000eeb0 (0x03fc1c33) mulh    s8, s8, t6
core   0: 3 0x8000eeb0 (0x03fc1c33) x24 0x3ffe0f41
core   0: 0x8000eeb4 (0x34410e83) lb      t4, 836(sp)
core   0: 3 0x8000eeb4 (0x34410e83) x29 0xffffffb7 mem 0x8001abc3
core   0: 0x8000eeb8 (0x7ff11703) lh      a4, 2047(sp)
core   0: 3 0x8000eeb8 (0x7ff11703) x14 0x000018f5 mem 0x8001b07e
core   0: 0x8000eebc (0x0000970e) c.add   a4, gp
core   0: 3 0x8000eebc (0x970e) x14 0x000019b2
core   0: 0x8000eebe (0x000010fd) c.addi  ra, -1
core   0: 3 0x8000eebe (0x10fd) x 1 0x00000053
core   0: 0x8000eec0 (0x22315b83) lhu     s7, 547(sp)
core   0: 3 0x8000eec0 (0x22315b83) x23 0x00009fe4 mem 0x8001aaa2
core   0: 0x8000eec4 (0x03fd7a33) remu    s4, s10, t6
core   0: 3 0x8000eec4 (0x03fd7a33) x20 0x000065b8
core   0: 0x8000eec8 (0xf3f10da3) sb      t6, -197(sp)
core   0: 3 0x8000eec8 (0xf3f10da3) mem 0x8001a7ba 0x5f
core   0: 0x8000eecc (0x60c10303) lb      t1, 1548(sp)
core   0: 3 0x8000eecc (0x60c10303) x 6 0xffffff8d mem 0x8001ae8b
core   0: 0x8000eed0 (0x9eb10a83) lb      s5, -1557(sp)
core   0: 3 0x8000eed0 (0x9eb10a83) x21 0x00000011 mem 0x8001a26a
core   0: 0x8000eed4 (0xf3110e83) lb      t4, -207(sp)
core   0: 3 0x8000eed4 (0xf3110e83) x29 0xffffffff mem 0x8001a7b0
core   0: 0x8000eed8 (0x44111f83) lh      t6, 1089(sp)
core   0: 3 0x8000eed8 (0x44111f83) x31 0xffffe278 mem 0x8001acc0
core   0: 0x8000eedc (0x78810e03) lb      t3, 1928(sp)
core   0: 3 0x8000eedc (0x78810e03) x28 0x00000076 mem 0x8001b007
core   0: 0x8000eee0 (0xb1a10903) lb      s2, -1254(sp)
core   0: 3 0x8000eee0 (0xb1a10903) x18 0x00000014 mem 0x8001a399
core   0: 0x8000eee4 (0x68111603) lh      a2, 1665(sp)
core   0: 3 0x8000eee4 (0x68111603) x12 0xffffed13 mem 0x8001af00
core   0: 0x8000eee8 (0xf9710523) sb      s7, -118(sp)
core   0: 3 0x8000eee8 (0xf9710523) mem 0x8001a809 0xe4
core   0: 0x8000eeec (0x0250c9b3) div     s3, ra, t0
core   0: 3 0x8000eeec (0x0250c9b3) x19 0xffffffff
core   0: 0x8000eef0 (0x0ff0000f) fence   iorw,iorw
core   0: 3 0x8000eef0 (0x0ff0000f)
core   0: 0x8000eef4 (0x6fff4093) xori    ra, t5, 1791
core   0: 3 0x8000eef4 (0x6fff4093) x 1 0x673c76ff
core   0: 0x8000eef8 (0xdbe14403) lbu     s0, -578(sp)
core   0: 3 0x8000eef8 (0xdbe14403) x 8 0x00000066 mem 0x8001a63d
core   0: 0x8000eefc (0x00008e22) c.mv    t3, s0
core   0: 3 0x8000eefc (0x8e22) x28 0x00000066
core   0: 0x8000eefe (0x6da52c13) slti    s8, a0, 1754
core   0: 3 0x8000eefe (0x6da52c13) x24 0x00000000
core   0: 0x8000ef02 (0x0c014283) lbu     t0, 192(sp)
core   0: 3 0x8000ef02 (0x0c014283) x 5 0x00000052 mem 0x8001a93f
core   0: 0x8000ef06 (0x40c98c33) sub     s8, s3, a2
core   0: 3 0x8000ef06 (0x40c98c33) x24 0x000012ec
core   0: 0x8000ef0a (0x01d28f33) add     t5, t0, t4
core   0: 3 0x8000ef0a (0x01d28f33) x30 0x00000051
core   0: 0x8000ef0e (0x24910423) sb      s1, 584(sp)
core   0: 3 0x8000ef0e (0x24910423) mem 0x8001aac7 0x0
core   0: 0x8000ef12 (0x00008f1d) c.sub   a4, a5
core   0: 3 0x8000ef12 (0x8f1d) x14 0x000019b2
core   0: 0x8000ef14 (0x411dd593) srai    a1, s11, 17
core   0: 3 0x8000ef14 (0x411dd593) x11 0xffffffff
core   0: 0x8000ef18 (0xfc514883) lbu     a7, -59(sp)
core   0: 3 0x8000ef18 (0xfc514883) x17 0x0000006c mem 0x8001a844
core   0: 0x8000ef1c (0xf4f14403) lbu     s0, -177(sp)
core   0: 3 0x8000ef1c (0xf4f14403) x 8 0x000000c8 mem 0x8001a7ce
core   0: 0x8000ef20 (0x0073a933) slt     s2, t2, t2
core   0: 3 0x8000ef20 (0x0073a933) x18 0x00000000
core   0: 0x8000ef24 (0xf13111a3) sh      s3, -253(sp)
core   0: 3 0x8000ef24 (0xf13111a3) mem 0x8001a782 0xffff
core   0: 0x8000ef28 (0x000061c9) c.lui   gp, 0x12
core   0: 3 0x8000ef28 (0x61c9) x 3 0x00012000
core   0: 0x8000ef2a (0x03a185b3) mul     a1, gp, s10
core   0: 3 0x8000ef2a (0x03a185b3) x11 0x726f0000
core   0: 0x8000ef2e (0x00829333) sll     t1, t0, s0
core   0: 3 0x8000ef2e (0x00829333) x 6 0x00005200
core   0: 0x8000ef32 (0x00595613) srli    a2, s2, 5
core   0: 3 0x8000ef32 (0x00595613) x12 0x00000000
core   0: 0x8000ef36 (0x00c1f033) and     zero, gp, a2
core   0: 3 0x8000ef36 (0x00c1f033)
core   0: 0x8000ef3a (0x0d810523) sb      s8, 202(sp)
core   0: 3 0x8000ef3a (0x0d810523) mem 0x8001a949 0xec
core   0: 0x8000ef3e (0xe5810823) sb      s8, -432(sp)
core   0: 3 0x8000ef3e (0xe5810823) mem 0x8001a6cf 0xec
core   0: 0x8000ef42 (0x52b11203) lh      tp, 1323(sp)
core   0: 3 0x8000ef42 (0x52b11203) x 4 0xffffc828 mem 0x8001adaa
core   0: 0x8000ef46 (0x0300ac33) mulhsu  s8, ra, a6
core   0: 3 0x8000ef46 (0x0300ac33) x24 0x339f3ceb
core   0: 0x8000ef4a (0x2b410f23) sb      s4, 702(sp)
core   0: 3 0x8000ef4a (0x2b410f23) mem 0x8001ab3d 0xb8
core   0: 0x8000ef4e (0x87414583) lbu     a1, -1932(sp)
core   0: 3 0x8000ef4e (0x87414583) x11 0x0000002a mem 0x8001a0f3
core   0: 0x8000ef52 (0x0073c633) xor     a2, t2, t2
core   0: 3 0x8000ef52 (0x0073c633) x12 0x00000000
core   0: 0x8000ef56 (0xdc512583) lw      a1, -571(sp)
core   0: 3 0x8000ef56 (0xdc512583) x11 0xa3615400 mem 0x8001a644
core   0: 0x8000ef5a (0x028000ef) jal     pc + 0x28
core   0: 3 0x8000ef5a (0x028000ef) x 1 0x8000ef5e
core   0: 0x8000ef82 (0x0000a019) c.j     pc + 6
core   0: 3 0x8000ef82 (0xa019)
core   0: 0x8000ef88 (0x0000bfc5) c.j     pc - 16
core   0: 3 0x8000ef88 (0xbfc5)
core   0: 0x8000ef78 (0x0000a031) c.j     pc + 12
core   0: 3 0x8000ef78 (0xa031)
core   0: 0x8000ef84 (0xfdfff0ef) jal     pc - 0x22
core   0: 3 0x8000ef84 (0xfdfff0ef) x 1 0x8000ef88
core   0: 0x8000ef62 (0x02e0076f) jal     a4, pc + 0x2e
core   0: 3 0x8000ef62 (0x02e0076f) x14 0x8000ef66
core   0: 0x8000ef90 (0xfd7ff36f) jal     t1, pc - 0x2a
core   0: 3 0x8000ef90 (0xfd7ff36f) x 6 0x8000ef94
core   0: 0x8000ef66 (0x032000ef) jal     pc + 0x32
core   0: 3 0x8000ef66 (0x032000ef) x 1 0x8000ef6a
core   0: 0x8000ef98 (0x000037d5) c.jal   pc - 28
core   0: 3 0x8000ef98 (0x37d5) x 1 0x8000ef9a
core   0: 0x8000ef7c (0x0000a809) c.j     pc + 18
core   0: 3 0x8000ef7c (0xa809)
core   0: 0x8000ef8e (0x0000b7cd) c.j     pc - 30
core   0: 3 0x8000ef8e (0xb7cd)
core   0: 0x8000ef70 (0x00002829) c.jal   pc + 26
core   0: 3 0x8000ef70 (0x2829) x 1 0x8000ef72
core   0: 0x8000ef8a (0xfe1ff46f) jal     s0, pc - 0x20
core   0: 3 0x8000ef8a (0xfe1ff46f) x 8 0x8000ef8e
core   0: 0x8000ef6a (0x00c0026f) jal     tp, pc + 0xc
core   0: 3 0x8000ef6a (0x00c0026f) x 4 0x8000ef6e
core   0: 0x8000ef76 (0x000037e5) c.jal   pc - 24
core   0: 3 0x8000ef76 (0x37e5) x 1 0x8000ef78
core   0: 0x8000ef5e (0x014000ef) jal     pc + 0x14
core   0: 3 0x8000ef5e (0x014000ef) x 1 0x8000ef62
core   0: 0x8000ef72 (0x00e000ef) jal     pc + 0xe
core   0: 3 0x8000ef72 (0x00e000ef) x 1 0x8000ef76
core   0: 0x8000ef80 (0x0000a811) c.j     pc + 20
core   0: 3 0x8000ef80 (0xa811)
core   0: 0x8000ef94 (0xfebff36f) jal     t1, pc - 0x16
core   0: 3 0x8000ef94 (0xfebff36f) x 6 0x8000ef98
core   0: 0x8000ef7e (0x00003ff5) c.jal   pc - 4
core   0: 3 0x8000ef7e (0x3ff5) x 1 0x8000ef80
core   0: 0x8000ef7a (0x00003fd5) c.jal   pc - 12
core   0: 3 0x8000ef7a (0x3fd5) x 1 0x8000ef7c
core   0: 0x8000ef6e (0x00002035) c.jal   pc + 44
core   0: 3 0x8000ef6e (0x2035) x 1 0x8000ef70
core   0: 0x8000ef9a (0x00aace33) xor     t3, s5, a0
core   0: 3 0x8000ef9a (0x00aace33) x28 0x0000b011
core   0: 0x8000ef9e (0x00004289) c.li    t0, 2
core   0: 3 0x8000ef9e (0x4289) x 5 0x00000002
core   0: 0x8000efa0 (0x00000e39) c.addi  t3, 14
core   0: 3 0x8000efa0 (0x0e39) x28 0x0000b01f
core   0: 0x8000efa2 (0x0973c013) xori    zero, t2, 151
core   0: 3 0x8000efa2 (0x0973c013)
core   0: 0x8000efa6 (0x01a619b3) sll     s3, a2, s10
core   0: 3 0x8000efa6 (0x01a619b3) x19 0x00000000
core   0: 0x8000efaa (0x02cd5133) divu    sp, s10, a2
core   0: 3 0x8000efaa (0x02cd5133) x 2 0xffffffff
core   0: 0x8000efae (0x0000449d) c.li    s1, 7
core   0: 3 0x8000efae (0x449d) x 9 0x00000007
core   0: 0x8000efb0 (0x02affb33) remu    s6, t6, a0
core   0: 3 0x8000efb0 (0x02affb33) x22 0x0000a278
core   0: 0x8000efb4 (0x00000295) c.addi  t0, 5
core   0: 3 0x8000efb4 (0x0295) x 5 0x00000007
core   0: 0x8000efb6 (0x0000079e) c.slli  a5, 7
core   0: 3 0x8000efb6 (0x079e) x15 0x00000000
core   0: 0x8000efb8 (0x00004195) c.li    gp, 5
core   0: 3 0x8000efb8 (0x4195) x 3 0x00000005
core   0: 0x8000efba (0x01716333) or      t1, sp, s7
core   0: 3 0x8000efba (0x01716333) x 6 0xffffffff
core   0: 0x8000efbe (0x00004c89) c.li    s9, 2
core   0: 3 0x8000efbe (0x4c89) x25 0x00000002
core   0: 0x8000efc0 (0x80bc6f13) ori     t5, s8, -2037
core   0: 3 0x8000efc0 (0x80bc6f13) x30 0xfffffceb
core   0: 0x8000efc4 (0x03987fb3) remu    t6, a6, s9
core   0: 3 0x8000efc4 (0x03987fb3) x31 0x00000000
core   0: 0x8000efc8 (0x01c230b3) sltu    ra, tp, t3
core   0: 3 0x8000efc8 (0x01c230b3) x 1 0x00000000
core   0: 0x8000efcc (0x4078dfb3) sra     t6, a7, t2
core   0: 3 0x8000efcc (0x4078dfb3) x31 0x0000006c
core   0: 0x8000efd0 (0x571b7e93) andi    t4, s6, 1393
core   0: 3 0x8000efd0 (0x571b7e93) x29 0x00000070
core   0: 0x8000efd4 (0x005b7e33) and     t3, s6, t0
core   0: 3 0x8000efd4 (0x005b7e33) x28 0x00000000
core   0: 0x8000efd8 (0x00005f7d) c.li    t5, -1
core   0: 3 0x8000efd8 (0x5f7d) x30 0xffffffff
core   0: 0x8000efda (0x000059fd) c.li    s3, -1
core   0: 3 0x8000efda (0x59fd) x19 0xffffffff
core   0: 0x8000efdc (0x0000824d) c.srli  a2, 19
core   0: 3 0x8000efdc (0x824d) x12 0x00000000
core   0: 0x8000efde (0x00ea4233) xor     tp, s4, a4
core   0: 3 0x8000efde (0x00ea4233) x 4 0x80008ade
core   0: 0x8000efe2 (0x000011e9) c.addi  gp, -6
core   0: 3 0x8000efe2 (0x11e9) x 3 0xffffffff
core   0: 0x8000efe4 (0x027ed933) divu    s2, t4, t2
core   0: 3 0x8000efe4 (0x027ed933) x18 0xffffffff
core   0: 0x8000efe8 (0x00000001) c.nop
core   0: 3 0x8000efe8 (0x0001)
core   0: 0x8000efea (0x000081e1) c.srli  a1, 24
core   0: 3 0x8000efea (0x81e1) x11 0x000000a3
core   0: 0x8000efec (0x01fba5b3) slt     a1, s7, t6
core   0: 3 0x8000efec (0x01fba5b3) x11 0x00000000
core   0: 0x8000eff0 (0x01730633) add     a2, t1, s7
core   0: 3 0x8000eff0 (0x01730633) x12 0x00009fe3
core   0: 0x8000eff4 (0xff91d3e3) bge     gp, s9, pc - 26
core   0: 3 0x8000eff4 (0xff91d3e3)
core   0: 0x8000eff8 (0x00008d39) c.xor   a0, a4
core   0: 3 0x8000eff8 (0x8d39) x10 0x80005f66
core   0: 0x8000effa (0x00008f29) c.xor   a4, a0
core   0: 3 0x8000effa (0x8f29) x14 0x0000b000
core   0: 0x8000effc (0xfa928ae3) beq     t0, s1, pc - 76
core   0: 3 0x8000effc (0xfa928ae3)
core   0: 0x8000efb0 (0x02affb33) remu    s6, t6, a0
core   0: 3 0x8000efb0 (0x02affb33) x22 0x0000006c
core   0: 0x8000efb4 (0x00000295) c.addi  t0, 5
core   0: 3 0x8000efb4 (0x0295) x 5 0x0000000c
core   0: 0x8000efb6 (0x0000079e) c.slli  a5, 7
core   0: 3 0x8000efb6 (0x079e) x15 0x00000000
core   0: 0x8000efb8 (0x00004195) c.li    gp, 5
core   0: 3 0x8000efb8 (0x4195) x 3 0x00000005
core   0: 0x8000efba (0x01716333) or      t1, sp, s7
core   0: 3 0x8000efba (0x01716333) x 6 0xffffffff
core   0: 0x8000efbe (0x00004c89) c.li    s9, 2
core   0: 3 0x8000efbe (0x4c89) x25 0x00000002
core   0: 0x8000efc0 (0x80bc6f13) ori     t5, s8, -2037
core   0: 3 0x8000efc0 (0x80bc6f13) x30 0xfffffceb
core   0: 0x8000efc4 (0x03987fb3) remu    t6, a6, s9
core   0: 3 0x8000efc4 (0x03987fb3) x31 0x00000000
core   0: 0x8000efc8 (0x01c230b3) sltu    ra, tp, t3
core   0: 3 0x8000efc8 (0x01c230b3) x 1 0x00000000
core   0: 0x8000efcc (0x4078dfb3) sra     t6, a7, t2
core   0: 3 0x8000efcc (0x4078dfb3) x31 0x0000006c
core   0: 0x8000efd0 (0x571b7e93) andi    t4, s6, 1393
core   0: 3 0x8000efd0 (0x571b7e93) x29 0x00000060
core   0: 0x8000efd4 (0x005b7e33) and     t3, s6, t0
core   0: 3 0x8000efd4 (0x005b7e33) x28 0x0000000c
core   0: 0x8000efd8 (0x00005f7d) c.li    t5, -1
core   0: 3 0x8000efd8 (0x5f7d) x30 0xffffffff
core   0: 0x8000efda (0x000059fd) c.li    s3, -1
core   0: 3 0x8000efda (0x59fd) x19 0xffffffff
core   0: 0x8000efdc (0x0000824d) c.srli  a2, 19
core   0: 3 0x8000efdc (0x824d) x12 0x00000000
core   0: 0x8000efde (0x00ea4233) xor     tp, s4, a4
core   0: 3 0x8000efde (0x00ea4233) x 4 0x0000d5b8
core   0: 0x8000efe2 (0x000011e9) c.addi  gp, -6
core   0: 3 0x8000efe2 (0x11e9) x 3 0xffffffff
core   0: 0x8000efe4 (0x027ed933) divu    s2, t4, t2
core   0: 3 0x8000efe4 (0x027ed933) x18 0xffffffff
core   0: 0x8000efe8 (0x00000001) c.nop
core   0: 3 0x8000efe8 (0x0001)
core   0: 0x8000efea (0x000081e1) c.srli  a1, 24
core   0: 3 0x8000efea (0x81e1) x11 0x00000000
core   0: 0x8000efec (0x01fba5b3) slt     a1, s7, t6
core   0: 3 0x8000efec (0x01fba5b3) x11 0x00000000
core   0: 0x8000eff0 (0x01730633) add     a2, t1, s7
core   0: 3 0x8000eff0 (0x01730633) x12 0x00009fe3
core   0: 0x8000eff4 (0xff91d3e3) bge     gp, s9, pc - 26
core   0: 3 0x8000eff4 (0xff91d3e3)
core   0: 0x8000eff8 (0x00008d39) c.xor   a0, a4
core   0: 3 0x8000eff8 (0x8d39) x10 0x8000ef66
core   0: 0x8000effa (0x00008f29) c.xor   a4, a0
core   0: 3 0x8000effa (0x8f29) x14 0x80005f66
core   0: 0x8000effc (0xfa928ae3) beq     t0, s1, pc - 76
core   0: 3 0x8000effc (0xfa928ae3)
core   0: 0x8000f000 (0x00009b7d) c.andi  a4, -1
core   0: 3 0x8000f000 (0x9b7d) x14 0x80005f66
core   0: 0x8000f002 (0x00c000ef) jal     pc + 0xc
core   0: 3 0x8000f002 (0x00c000ef) x 1 0x8000f006
core   0: 0x8000f00e (0x00003ffd) c.jal   pc - 2
core   0: 3 0x8000f00e (0x3ffd) x 1 0x8000f010
core   0: 0x8000f00c (0x0000a819) c.j     pc + 22
core   0: 3 0x8000f00c (0xa819)
core   0: 0x8000f022 (0x000037d5) c.jal   pc - 28
core   0: 3 0x8000f022 (0x37d5) x 1 0x8000f024
core   0: 0x8000f006 (0x00002031) c.jal   pc + 12
core   0: 3 0x8000f006 (0x2031) x 1 0x8000f008
core   0: 0x8000f012 (0x00002009) c.jal   pc + 2
core   0: 3 0x8000f012 (0x2009) x 1 0x8000f014
core   0: 0x8000f014 (0xff7ff8ef) jal     a7, pc - 0xa
core   0: 3 0x8000f014 (0xff7ff8ef) x17 0x8000f018
core   0: 0x8000f00a (0x00002019) c.jal   pc + 6
core   0: 3 0x8000f00a (0x2019) x 1 0x8000f00c
core   0: 0x8000f010 (0x00002039) c.jal   pc + 14
core   0: 3 0x8000f010 (0x2039) x 1 0x8000f012
core   0: 0x8000f01e (0x00002009) c.jal   pc + 2
core   0: 3 0x8000f01e (0x2009) x 1 0x8000f020
core   0: 0x8000f020 (0x00003fe5) c.jal   pc - 8
core   0: 3 0x8000f020 (0x3fe5) x 1 0x8000f022
core   0: 0x8000f018 (0xff1ff36f) jal     t1, pc - 0x10
core   0: 3 0x8000f018 (0xff1ff36f) x 6 0x8000f01c
core   0: 0x8000f008 (0x0000a811) c.j     pc + 20
core   0: 3 0x8000f008 (0xa811)
core   0: 0x8000f01c (0x00002021) c.jal   pc + 8
core   0: 3 0x8000f01c (0x2021) x 1 0x8000f01e
core   0: 0x8000f024 (0x0d943137) lui     sp, 0xd943
core   0: 3 0x8000f024 (0x0d943137) x 2 0x0d943000
core   0: 0x8000f028 (0x00009f17) auipc   t5, 0x9
core   0: 3 0x8000f028 (0x00009f17) x30 0x80018028
core   0: 0x8000f02c (0x28ef0f13) addi    t5, t5, 654
core   0: 3 0x8000f02c (0x28ef0f13) x30 0x800182b6
core   0: 0x8000f030 (0xf76f04a3) sb      s6, -151(t5)
core   0: 3 0x8000f030 (0xf76f04a3) mem 0x8001821f 0x6c
core   0: 0x8000f034 (0x04af4083) lbu     ra, 74(t5)
core   0: 3 0x8000f034 (0x04af4083) x 1 0x000000b5 mem 0x80018300
core   0: 0x8000f038 (0x00003917) auipc   s2, 0x3
core   0: 3 0x8000f038 (0x00003917) x18 0x80012038
core   0: 0x8000f03c (0x34190913) addi    s2, s2, 833
core   0: 3 0x8000f03c (0x34190913) x18 0x80012379
core   0: 0x8000f040 (0xf5290923) sb      s2, -174(s2)
core   0: 3 0x8000f040 (0xf5290923) mem 0x800122cb 0x79
core   0: 0x8000f044 (0x0d4f0483) lb      s1, 212(t5)
core   0: 3 0x8000f044 (0x0d4f0483) x 9 0x0000001d mem 0x8001838a
core   0: 0x8000f048 (0xf1791ea3) sh      s7, -227(s2)
core   0: 3 0x8000f048 (0xf1791ea3) mem 0x80012296 0x9fe4
core   0: 0x8000f04c (0xfd9f4603) lbu     a2, -39(t5)
core   0: 3 0x8000f04c (0xfd9f4603) x12 0x000000da mem 0x8001828f
core   0: 0x8000f050 (0x01294483) lbu     s1, 18(s2)
core   0: 3 0x8000f050 (0x01294483) x 9 0x000000fe mem 0x8001238b
core   0: 0x8000f054 (0x0b2f1c03) lh      s8, 178(t5)
core   0: 3 0x8000f054 (0x0b2f1c03) x24 0x000039c3 mem 0x80018368
core   0: 0x8000f058 (0x07191003) lh      zero, 113(s2)
core   0: 3 0x8000f058 (0x07191003) mem 0x800123ea
core   0: 0x8000f05c (0x07af0a23) sb      s10, 116(t5)
core   0: 3 0x8000f05c (0x07af0a23) mem 0x8001832a 0xb8
core   0: 0x8000f060 (0xf2f91603) lh      a2, -209(s2)
core   0: 3 0x8000f060 (0xf2f91603) x12 0xffffa963 mem 0x800122a8
core   0: 0x8000f064 (0x00014e17) auipc   t3, 0x14
core   0: 3 0x8000f064 (0x00014e17) x28 0x80023064
core   0: 0x8000f068 (0x018e0e13) addi    t3, t3, 24
core   0: 3 0x8000f068 (0x018e0e13) x28 0x8002307c
core   0: 0x8000f06c (0x02b7f7b3) remu    a5, a5, a1
core   0: 3 0x8000f06c (0x02b7f7b3) x15 0x00000000
core   0: 0x8000f070 (0x00001ffd) c.addi  t6, -1
core   0: 3 0x8000f070 (0x1ffd) x31 0x0000006b
core   0: 0x8000f072 (0x3f26b913) sltiu   s2, a3, 1010
core   0: 3 0x8000f072 (0x3f26b913) x18 0x00000000
core   0: 0x8000f076 (0x000081d5) c.srli  a1, 21
core   0: 3 0x8000f076 (0x81d5) x11 0x00000000
core   0: 0x8000f078 (0x73d46793) ori     a5, s0, 1853
core   0: 3 0x8000f078 (0x73d46793) x15 0x8000efbf
core   0: 0x8000f07c (0x0094f733) and     a4, s1, s1
core   0: 3 0x8000f07c (0x0094f733) x14 0x000000fe
core   0: 0x8000f080 (0x41750433) sub     s0, a0, s7
core   0: 3 0x8000f080 (0x41750433) x 8 0x80004f82
core   0: 0x8000f084 (0x00008ced) c.and   s1, a1
core   0: 3 0x8000f084 (0x8ced) x 9 0x00000000
core   0: 0x8000f086 (0x7ea12737) lui     a4, 0x7ea12
core   0: 3 0x8000f086 (0x7ea12737) x14 0x7ea12000
core   0: 0x8000f08a (0x9262af13) slti    t5, t0, -1754
core   0: 3 0x8000f08a (0x9262af13) x30 0x00000000
core   0: 0x8000f08e (0x0ffef493) andi    s1, t4, 255
core   0: 3 0x8000f08e (0x0ffef493) x 9 0x00000060
core   0: 0x8000f092 (0x00000cce) c.slli  s9, 19
core   0: 3 0x8000f092 (0x0cce) x25 0x00100000
core   0: 0x8000f094 (0x120e2aaf) lr.w    s5, (t3)
core   0: 3 0x8000f094 (0x120e2aaf) x21 0x80027df0 mem 0x8002307c
core   0: 0x8000f098 (0x186e272f) sc.w    a4, t1, (t3)
core   0: 3 0x8000f098 (0x186e272f) x14 0x00000000 mem 0x8002307c 0x8000f01c
core   0: 0x8000f09c (0x00014597) auipc   a1, 0x14
core   0: 3 0x8000f09c (0x00014597) x11 0x8002309c
core   0: 0x8000f0a0 (0xfe458593) addi    a1, a1, -28
core   0: 3 0x8000f0a0 (0xfe458593) x11 0x80023080
core   0: 0x8000f0a4 (0x00000646) c.slli  a2, 17
core   0: 3 0x8000f0a4 (0x0646) x12 0x52c60000
core   0: 0x8000f0a6 (0x02b14d33) div     s10, sp, a1
core   0: 3 0x8000f0a6 (0x02b14d33) x26 0x00000000
core   0: 0x8000f0aa (0x02511b33) mulh    s6, sp, t0
core   0: 3 0x8000f0aa (0x02511b33) x22 0x00000000
core   0: 0x8000f0ae (0x0154aa33) slt     s4, s1, s5
core   0: 3 0x8000f0ae (0x0154aa33) x20 0x00000000
core   0: 0x8000f0b2 (0x1405aaaf) lr.w    s5, (a1)
core   0: 3 0x8000f0b2 (0x1405aaaf) x21 0x0000cc58 mem 0x80023080
core   0: 0x8000f0b6 (0x00008f0d) c.sub   a4, a1
core   0: 3 0x8000f0b6 (0x8f0d) x14 0x7ffdcf80
core   0: 0x8000f0b8 (0x000000b9) c.addi  ra, 14
core   0: 3 0x8000f0b8 (0x00b9) x 1 0x000000c3
core   0: 0x8000f0ba (0x0243bf33) mulhu   t5, t2, tp
core   0: 3 0x8000f0ba (0x0243bf33) x30 0x00000000
core   0: 0x8000f0be (0x00000dad) c.addi  s11, 11
core   0: 3 0x8000f0be (0x0dad) x27 0xffffff9d
core   0: 0x8000f0c0 (0x00000818) c.addi4spn a4, sp, 16
core   0: 3 0x8000f0c0 (0x0818) x14 0x0d943010
core   0: 0x8000f0c2 (0x00000001) c.nop
core   0: 3 0x8000f0c2 (0x0001)
core   0: 0x8000f0c4 (0x00008fa1) c.xor   a5, s0
core   0: 3 0x8000f0c4 (0x8fa1) x15 0x0000a03d
core   0: 0x8000f0c6 (0x417b5f33) sra     t5, s6, s7
core   0: 3 0x8000f0c6 (0x417b5f33) x30 0x00000000
core   0: 0x8000f0ca (0x1be5ac2f) sc.w    s8, t5, (a1)
core   0: 3 0x8000f0ca (0x1be5ac2f) x24 0x00000000 mem 0x80023080 0x00000000
core   0: 0x8000f0ce (0x00014d17) auipc   s10, 0x14
core   0: 3 0x8000f0ce (0x00014d17) x26 0x800230ce
core   0: 0x8000f0d2 (0xf92d0d13) addi    s10, s10, -110
core   0: 3 0x8000f0d2 (0xf92d0d13) x26 0x80023060
core   0: 0x8000f0d6 (0x02637fb3) remu    t6, t1, t1
core   0: 3 0x8000f0d6 (0x02637fb3) x31 0x00000000
core   0: 0x8000f0da (0x0000717d) c.addi16sp sp, -16
core   0: 3 0x8000f0da (0x717d) x 2 0x0d942ff0
core   0: 0x8000f0dc (0x0000809d) c.srli  s1, 7
core   0: 3 0x8000f0dc (0x809d) x 9 0x00000000
core   0: 0x8000f0de (0x039368b3) rem     a7, t1, s9
core   0: 3 0x8000f0de (0x039368b3) x17 0xfff0f01c
core   0: 0x8000f0e2 (0x100d2aaf) lr.w    s5, (s10)
core   0: 3 0x8000f0e2 (0x100d2aaf) x21 0x8001ebaf mem 0x80023060
core   0: 0x8000f0e6 (0xaac93993) sltiu   s3, s2, -1364
core   0: 3 0x8000f0e6 (0xaac93993) x19 0x00000001
core   0: 0x8000f0ea (0x000007d1) c.addi  a5, 20
core   0: 3 0x8000f0ea (0x07d1) x15 0x0000a051
core   0: 0x8000f0ec (0x18bd28af) sc.w    a7, a1, (s10)
core   0: 3 0x8000f0ec (0x18bd28af) x17 0x00000000 mem 0x80023060 0x80023080
core   0: 0x8000f0f0 (0x00014717) auipc   a4, 0x14
core   0: 3 0x8000f0f0 (0x00014717) x14 0x800230f0
core   0: 0x8000f0f4 (0xf7470713) addi    a4, a4, -140
core   0: 3 0x8000f0f4 (0xf7470713) x14 0x80023064
core   0: 0x8000f0f8 (0x402bdbb3) sra     s7, s7, sp
core   0: 3 0x8000f0f8 (0x402bdbb3) x23 0x00000000
core   0: 0x8000f0fc (0x0000051d) c.addi  a0, 7
core   0: 3 0x8000f0fc (0x051d) x10 0x8000ef6d
core   0: 0x8000f0fe (0x00999d33) sll     s10, s3, s1
core   0: 3 0x8000f0fe (0x00999d33) x26 0x00000001
core   0: 0x8000f102 (0x03b5a433) mulhsu  s0, a1, s11
core   0: 3 0x8000f102 (0x03b5a433) x 8 0x800230b1
core   0: 0x8000f106 (0x10072b2f) lr.w    s6, (a4)
core   0: 3 0x8000f106 (0x10072b2f) x22 0xffff562c mem 0x80023064
core   0: 0x8000f10a (0x00008fe5) c.and   a5, s1
core   0: 3 0x8000f10a (0x8fe5) x15 0x00000000
core   0: 0x8000f10c (0x01ed3c33) sltu    s8, s10, t5
core   0: 3 0x8000f10c (0x01ed3c33) x24 0x00000000
core   0: 0x8000f110 (0x1817242f) sc.w    s0, ra, (a4)
core   0: 3 0x8000f110 (0x1817242f) x 8 0x00000000 mem 0x80023064 0x000000c3
core   0: 0x8000f114 (0x00009417) auipc   s0, 0x9
core   0: 3 0x8000f114 (0x00009417) x 8 0x80018114
core   0: 0x8000f118 (0x84840413) addi    s0, s0, -1976
core   0: 3 0x8000f118 (0x84840413) x 8 0x8001795c
core   0: 0x8000f11c (0x01940903) lb      s2, 25(s0)
core   0: 3 0x8000f11c (0x01940903) x18 0x00000008 mem 0x80017975
core   0: 0x8000f120 (0x009797b3) sll     a5, a5, s1
core   0: 3 0x8000f120 (0x009797b3) x15 0x00000000
core   0: 0x8000f124 (0x00d79313) slli    t1, a5, 13
core   0: 3 0x8000f124 (0x00d79313) x 6 0x00000000
core   0: 0x8000f128 (0x03d4aeb3) mulhsu  t4, s1, t4
core   0: 3 0x8000f128 (0x03d4aeb3) x29 0x00000000
core   0: 0x8000f12c (0x00fee333) or      t1, t4, a5
core   0: 3 0x8000f12c (0x00fee333) x 6 0x00000000
core   0: 0x8000f130 (0xcd260613) addi    a2, a2, -814
core   0: 3 0x8000f130 (0xcd260613) x12 0x52c5fcd2
core   0: 0x8000f134 (0x00009932) c.add   s2, a2
core   0: 3 0x8000f134 (0x9932) x18 0x52c5fcda
core   0: 0x8000f136 (0xfe441303) lh      t1, -28(s0)
core   0: 3 0x8000f136 (0xfe441303) x 6 0x00002df1 mem 0x80017940
core   0: 0x8000f13a (0x000084b9) c.srai  s1, 14
core   0: 3 0x8000f13a (0x84b9) x 9 0x00000000
core   0: 0x8000f13c (0xfe641523) sh      t1, -22(s0)
core   0: 3 0x8000f13c (0xfe641523) mem 0x80017946 0x2df1
core   0: 0x8000f140 (0xfee44303) lbu     t1, -18(s0)
core   0: 3 0x8000f140 (0xfee44303) x 6 0x0000003d mem 0x8001794a
core   0: 0x8000f144 (0x96563e93) sltiu   t4, a2, -1691
core   0: 3 0x8000f144 (0x96563e93) x29 0x00000001
core   0: 0x8000f148 (0xfe640a23) sb      t1, -12(s0)
core   0: 3 0x8000f148 (0xfe640a23) mem 0x80017950 0x3d
core   0: 0x8000f14c (0x02c37eb3) remu    t4, t1, a2
core   0: 3 0x8000f14c (0x02c37eb3) x29 0x0000003d
core   0: 0x8000f150 (0x01241523) sh      s2, 10(s0)
core   0: 3 0x8000f150 (0x01241523) mem 0x80017966 0xfcda
core   0: 0x8000f154 (0x00f327b3) slt     a5, t1, a5
core   0: 3 0x8000f154 (0x00f327b3) x15 0x00000000
core   0: 0x8000f158 (0x0000c05c) c.sw    a5, 4(s0)
core   0: 3 0x8000f158 (0xc05c) mem 0x80017960 0x00000000
core   0: 0x8000f15a (0x0000100f) fence.i
core   0: 3 0x8000f15a (0x0000100f)
core   0: 0x8000f15e (0xfcf42223) sw      a5, -60(s0)
core   0: 3 0x8000f15e (0xfcf42223) mem 0x80017920 0x00000000
core   0: 0x8000f162 (0x00000001) c.nop
core   0: 3 0x8000f162 (0x0001)
core   0: 0x8000f164 (0xfca41e83) lh      t4, -54(s0)
core   0: 3 0x8000f164 (0xfca41e83) x29 0x00006a4b mem 0x80017926
core   0: 0x8000f168 (0x03c42903) lw      s2, 60(s0)
core   0: 3 0x8000f168 (0x03c42903) x18 0x4f60e2ba mem 0x80017998
core   0: 0x8000f16c (0xfc842903) lw      s2, -56(s0)
core   0: 3 0x8000f16c (0xfc842903) x18 0x6a4b128c mem 0x80017924
core   0: 0x8000f170 (0x01d49633) sll     a2, s1, t4
core   0: 3 0x8000f170 (0x01d49633) x12 0x00000000
core   0: 0x8000f174 (0x00f41723) sh      a5, 14(s0)
core   0: 3 0x8000f174 (0x00f41723) mem 0x8001796a 0x0000
core   0: 0x8000f178 (0x02340303) lb      t1, 35(s0)
core   0: 3 0x8000f178 (0x02340303) x 6 0x00000045 mem 0x8001797f
core   0: 0x8000f17c (0x029e8633) mul     a2, t4, s1
core   0: 3 0x8000f17c (0x029e8633) x12 0x00000000
core   0: 0x8000f180 (0x00c92eb3) slt     t4, s2, a2
core   0: 3 0x8000f180 (0x00c92eb3) x29 0x00000000
core   0: 0x8000f184 (0xe6bab337) lui     t1, 0xe6bab
core   0: 3 0x8000f184 (0xe6bab337) x 6 0xe6bab000
core   0: 0x8000f188 (0x000017fd) c.addi  a5, -1
core   0: 3 0x8000f188 (0x17fd) x15 0xffffffff
core   0: 0x8000f18a (0x00008e65) c.and   a2, s1
core   0: 3 0x8000f18a (0x8e65) x12 0x00000000
core   0: 0x8000f18c (0x012944b3) xor     s1, s2, s2
core   0: 3 0x8000f18c (0x012944b3) x 9 0x00000000
core   0: 0x8000f190 (0x00008641) c.srai  a2, 16
core   0: 3 0x8000f190 (0x8641) x12 0x00000000
core   0: 0x8000f192 (0xfef40223) sb      a5, -28(s0)
core   0: 3 0x8000f192 (0xfef40223) mem 0x80017940 0xff
core   0: 0x8000f196 (0x00003d97) auipc   s11, 0x3
core   0: 3 0x8000f196 (0x00003d97) x27 0x80012196
core   0: 0x8000f19a (0x040d8d93) addi    s11, s11, 64
core   0: 3 0x8000f19a (0x040d8d93) x27 0x800121d6
core   0: 0x8000f19e (0x00003f97) auipc   t6, 0x3
core   0: 3 0x8000f19e (0x00003f97) x31 0x8001219e
core   0: 0x8000f1a2 (0x1c2f8f93) addi    t6, t6, 450
core   0: 3 0x8000f1a2 (0x1c2f8f93) x31 0x80012360
core   0: 0x8000f1a6 (0x00003897) auipc   a7, 0x3
core   0: 3 0x8000f1a6 (0x00003897) x17 0x800121a6
core   0: 0x8000f1aa (0xf4188893) addi    a7, a7, -191
core   0: 3 0x8000f1aa (0xf4188893) x17 0x800120e7
core   0: 0x8000f1ae (0x00003717) auipc   a4, 0x3
core   0: 3 0x8000f1ae (0x00003717) x14 0x800121ae
core   0: 0x8000f1b2 (0x2ad70713) addi    a4, a4, 685
core   0: 3 0x8000f1b2 (0x2ad70713) x14 0x8001245b
core   0: 0x8000f1b6 (0x2d470c03) lb      s8, 724(a4)
core   0: 3 0x8000f1b6 (0x2d470c03) x24 0x00000068 mem 0x8001272f
core   0: 0x8000f1ba (0x030d84a3) sb      a6, 41(s11)
core   0: 3 0x8000f1ba (0x030d84a3) mem 0x800121ff 0x58
core   0: 0x8000f1be (0x036fca03) lbu     s4, 54(t6)
core   0: 3 0x8000f1be (0x036fca03) x20 0x0000007c mem 0x80012396
core   0: 0x8000f1c2 (0xff58d003) lhu     zero, -11(a7)
core   0: 3 0x8000f1c2 (0xff58d003) mem 0x800120dc
core   0: 0x8000f1c6 (0x00003b97) auipc   s7, 0x3
core   0: 3 0x8000f1c6 (0x00003b97) x23 0x800121c6
core   0: 0x8000f1ca (0x7b0b8b93) addi    s7, s7, 1968
core   0: 3 0x8000f1ca (0x7b0b8b93) x23 0x80012976
core   0: 0x8000f1ce (0xfedb89a3) sb      a3, -13(s7)
core   0: 3 0x8000f1ce (0xfedb89a3) mem 0x80012969 0x24
core   0: 0x8000f1d2 (0x030883a3) sb      a6, 39(a7)
core   0: 3 0x8000f1d2 (0x030883a3) mem 0x8001210e 0x58
core   0: 0x8000f1d6 (0x03df87a3) sb      t4, 47(t6)
core   0: 3 0x8000f1d6 (0x03df87a3) mem 0x8001238f 0x0
core   0: 0x8000f1da (0x01f8d083) lhu     ra, 31(a7)
core   0: 3 0x8000f1da (0x01f8d083) x 1 0x0000925a mem 0x80012106
core   0: 0x8000f1de (0x00cb9f03) lh      t5, 12(s7)
core   0: 3 0x8000f1de (0x00cb9f03) x30 0x000042ba mem 0x80012982
core   0: 0x8000f1e2 (0x03188423) sb      a7, 40(a7)
core   0: 3 0x8000f1e2 (0x03188423) mem 0x8001210f 0xe7
core   0: 0x8000f1e6 (0x3c971a83) lh      s5, 969(a4)
core   0: 3 0x8000f1e6 (0x3c971a83) x21 0xffffd4d8 mem 0x80012824
core   0: 0x8000f1ea (0x01ab9023) sh      s10, 0(s7)
core   0: 3 0x8000f1ea (0x01ab9023) mem 0x80012976 0x0001
core   0: 0x8000f1ee (0x2c470a23) sb      tp, 724(a4)
core   0: 3 0x8000f1ee (0x2c470a23) mem 0x8001272f 0xb8
core   0: 0x8000f1f2 (0x028d8903) lb      s2, 40(s11)
core   0: 3 0x8000f1f2 (0x028d8903) x18 0x00000035 mem 0x800121fe
core   0: 0x8000f1f6 (0xfc38d503) lhu     a0, -61(a7)
core   0: 3 0x8000f1f6 (0xfc38d503) x10 0x0000344c mem 0x800120aa
core   0: 0x8000f1fa (0x021d9f23) sh      ra, 62(s11)
core   0: 3 0x8000f1fa (0x021d9f23) mem 0x80012214 0x925a
core   0: 0x8000f1fe (0xfe5daf23) sw      t0, -2(s11)
core   0: 3 0x8000f1fe (0xfe5daf23) mem 0x800121d4 0x0000000c
core   0: 0x8000f202 (0x01b89a83) lh      s5, 27(a7)
core   0: 3 0x8000f202 (0x01b89a83) x21 0x00006b36 mem 0x80012102
core   0: 0x8000f206 (0xfc7fc503) lbu     a0, -57(t6)
core   0: 3 0x8000f206 (0xfc7fc503) x10 0x000000bd mem 0x80012327
core   0: 0x8000f20a (0xcd172303) lw      t1, -815(a4)
core   0: 3 0x8000f20a (0xcd172303) x 6 0x1aa4f3bf mem 0x8001212c
core   0: 0x8000f20e (0xfe2fc583) lbu     a1, -30(t6)
core   0: 3 0x8000f20e (0xfe2fc583) x11 0x000000f5 mem 0x80012342
core   0: 0x8000f212 (0xfc0ddd03) lhu     s10, -64(s11)
core   0: 3 0x8000f212 (0xfc0ddd03) x26 0x0000879c mem 0x80012196
core   0: 0x8000f216 (0xfc1dc403) lbu     s0, -63(s11)
core   0: 3 0x8000f216 (0xfc1dc403) x 8 0x00000087 mem 0x80012197
core   0: 0x8000f21a (0x0098aea3) sw      s1, 29(a7)
core   0: 3 0x8000f21a (0x0098aea3) mem 0x80012104 0x00000000
core   0: 0x8000f21e (0x024f9b23) sh      tp, 54(t6)
core   0: 3 0x8000f21e (0x024f9b23) mem 0x80012396 0xd5b8
core   0: 0x8000f222 (0xf2d71303) lh      t1, -211(a4)
core   0: 3 0x8000f222 (0xf2d71303) x 6 0x00002671 mem 0x80012388
core   0: 0x8000f226 (0xfc9d8083) lb      ra, -55(s11)
core   0: 3 0x8000f226 (0xfc9d8083) x 1 0xffffff87 mem 0x8001219f
core   0: 0x8000f22a (0xfd3886a3) sb      s3, -51(a7)
core   0: 3 0x8000f22a (0xfd3886a3) mem 0x800120b4 0x1
core   0: 0x8000f22e (0xfd4bd283) lhu     t0, -44(s7)
core   0: 3 0x8000f22e (0xfd4bd283) x 5 0x0000eaa3 mem 0x8001294a
core   0: 0x8000f232 (0x03cdd003) lhu     zero, 60(s11)
core   0: 3 0x8000f232 (0x03cdd003) mem 0x80012212
core   0: 0x8000f236 (0x1fc70183) lb      gp, 508(a4)
core   0: 3 0x8000f236 (0x1fc70183) x 3 0x00000071 mem 0x80012657
core   0: 0x8000f23a (0x00db9323) sh      a3, 6(s7)
core   0: 3 0x8000f23a (0x00db9323) mem 0x8001297c 0xbd24
core   0: 0x8000f23e (0x5fb71503) lh      a0, 1531(a4)
core   0: 3 0x8000f23e (0x5fb71503) x10 0x000036a2 mem 0x80012a56
core   0: 0x8000f242 (0x00bd8d03) lb      s10, 11(s11)
core   0: 3 0x8000f242 (0x00bd8d03) x26 0xffffffe6 mem 0x800121e1
core   0: 0x8000f246 (0xfd1b8583) lb      a1, -47(s7)
core   0: 3 0x8000f246 (0xfd1b8583) x11 0xffffff92 mem 0x80012947
core   0: 0x8000f24a (0xe5b74d03) lbu     s10, -421(a4)
core   0: 3 0x8000f24a (0xe5b74d03) x26 0x0000003c mem 0x800122b6
core   0: 0x8000f24e (0x00007997) auipc   s3, 0x7
core   0: 3 0x8000f24e (0x00007997) x19 0x8001624e
core   0: 0x8000f252 (0xc6298993) addi    s3, s3, -926
core   0: 3 0x8000f252 (0xc6298993) x19 0x80015eb0
core   0: 0x8000f256 (0x00011797) auipc   a5, 0x11
core   0: 3 0x8000f256 (0x00011797) x15 0x80020256
core   0: 0x8000f25a (0xec578793) addi    a5, a5, -315
core   0: 3 0x8000f25a (0xec578793) x15 0x8002011b
core   0: 0x8000f25e (0x00012c97) auipc   s9, 0x12
core   0: 3 0x8000f25e (0x00012c97) x25 0x8002125e
core   0: 0x8000f262 (0xd38c8c93) addi    s9, s9, -712
core   0: 3 0x8000f262 (0xd38c8c93) x25 0x80020f96
core   0: 0x8000f266 (0x00007497) auipc   s1, 0x7
core   0: 3 0x8000f266 (0x00007497) x 9 0x80016266
core   0: 0x8000f26a (0x90148493) addi    s1, s1, -1791
core   0: 3 0x8000f26a (0x90148493) x 9 0x80015b67
core   0: 0x8000f26e (0xff6c9e23) sh      s6, -4(s9)
core   0: 3 0x8000f26e (0xff6c9e23) mem 0x80020f92 0x562c
core   0: 0x8000f272 (0x00009d17) auipc   s10, 0x9
core   0: 3 0x8000f272 (0x00009d17) x26 0x80018272
core   0: 0x8000f276 (0xcacd0d13) addi    s10, s10, -852
core   0: 3 0x8000f276 (0xcacd0d13) x26 0x80017f1e
core   0: 0x8000f27a (0xf4dc84a3) sb      a3, -183(s9)
core   0: 3 0x8000f27a (0xf4dc84a3) mem 0x80020edf 0x24
core   0: 0x8000f27e (0x0017d283) lhu     t0, 1(a5)
core   0: 3 0x8000f27e (0x0017d283) x 5 0x0000cd06 mem 0x8002011c
core   0: 0x8000f282 (0xffb98da3) sb      s11, -5(s3)
core   0: 3 0x8000f282 (0xffb98da3) mem 0x80015eab 0xd6
core   0: 0x8000f286 (0xfc24c283) lbu     t0, -62(s1)
core   0: 3 0x8000f286 (0xfc24c283) x 5 0x00000084 mem 0x80015b29
core   0: 0x8000f28a (0xfe998da3) sb      s1, -5(s3)
core   0: 3 0x8000f28a (0xfe998da3) mem 0x80015eab 0x67
core   0: 0x8000f28e (0x0a1d4283) lbu     t0, 161(s10)
core   0: 3 0x8000f28e (0x0a1d4283) x 5 0x00000017 mem 0x80017fbf
core   0: 0x8000f292 (0xff198583) lb      a1, -15(s3)
core   0: 3 0x8000f292 (0xff198583) x11 0x00000066 mem 0x80015ea1
core   0: 0x8000f296 (0xff47c503) lbu     a0, -12(a5)
core   0: 3 0x8000f296 (0xff47c503) x10 0x00000000 mem 0x8002010f
core   0: 0x8000f29a (0xf4cd0323) sb      a2, -186(s10)
core   0: 3 0x8000f29a (0xf4cd0323) mem 0x80017e64 0x0
core   0: 0x8000f29e (0x00578f83) lb      t6, 5(a5)
core   0: 3 0x8000f29e (0x00578f83) x31 0xffffffe2 mem 0x80020120
core   0: 0x8000f2a2 (0x086d4f83) lbu     t6, 134(s10)
core   0: 3 0x8000f2a2 (0x086d4f83) x31 0x00000057 mem 0x80017fa4
core   0: 0x8000f2a6 (0x00099003) lh      zero, 0(s3)
core   0: 3 0x8000f2a6 (0x00099003) mem 0x80015eb0
core   0: 0x8000f2aa (0xfc348323) sb      gp, -58(s1)
core   0: 3 0x8000f2aa (0xfc348323) mem 0x80015b2d 0x71
core   0: 0x8000f2ae (0x0007cf03) lbu     t5, 0(a5)
core   0: 3 0x8000f2ae (0x0007cf03) x30 0x000000a0 mem 0x8002011b
core   0: 0x8000f2b2 (0xfa0cda83) lhu     s5, -96(s9)
core   0: 3 0x8000f2b2 (0xfa0cda83) x21 0x0000abb8 mem 0x80020f36
core   0: 0x8000f2b6 (0x00c78f83) lb      t6, 12(a5)
core   0: 3 0x8000f2b6 (0x00c78f83) x31 0x00000000 mem 0x80020127
core   0: 0x8000f2ba (0x03048003) lb      zero, 48(s1)
core   0: 3 0x8000f2ba (0x03048003) mem 0x80015b97
core   0: 0x8000f2be (0xfee78b23) sb      a4, -10(a5)
core   0: 3 0x8000f2be (0xfee78b23) mem 0x80020111 0x5b
core   0: 0x8000f2c2 (0xff49a403) lw      s0, -12(s3)
core   0: 3 0x8000f2c2 (0xff49a403) x 8 0xae2e3297 mem 0x80015ea4
core   0: 0x8000f2c6 (0xf25c8903) lb      s2, -219(s9)
core   0: 3 0x8000f2c6 (0xf25c8903) x18 0xffffffd3 mem 0x80020ebb
core   0: 0x8000f2ca (0xfb1d0003) lb      zero, -79(s10)
core   0: 3 0x8000f2ca (0xfb1d0003) mem 0x80017ecf
core   0: 0x8000f2ce (0x024d1e83) lh      t4, 36(s10)
core   0: 3 0x8000f2ce (0x024d1e83) x29 0xffffb25a mem 0x80017f42
core   0: 0x8000f2d2 (0xffacab23) sw      s10, -10(s9)
core   0: 3 0x8000f2d2 (0xffacab23) mem 0x80020f8c 0x80017f1e
core   0: 0x8000f2d6 (0xfd2d2a03) lw      s4, -46(s10)
core   0: 3 0x8000f2d6 (0xfd2d2a03) x20 0xf1f7188f mem 0x80017ef0
core   0: 0x8000f2da (0x00898e83) lb      t4, 8(s3)
core   0: 3 0x8000f2da (0x00898e83) x29 0x00000037 mem 0x80015eb8
core   0: 0x8000f2de (0x00898d83) lb      s11, 8(s3)
core   0: 3 0x8000f2de (0x00898d83) x27 0x00000037 mem 0x80015eb8
core   0: 0x8000f2e2 (0xfacc83a3) sb      a2, -89(s9)
core   0: 3 0x8000f2e2 (0xfacc83a3) mem 0x80020f3d 0x0
core   0: 0x8000f2e6 (0xffd49d83) lh      s11, -3(s1)
core   0: 3 0x8000f2e6 (0xffd49d83) x27 0xffffb592 mem 0x80015b64
core   0: 0x8000f2ea (0x0039c583) lbu     a1, 3(s3)
core   0: 3 0x8000f2ea (0x0039c583) x11 0x000000b9 mem 0x80015eb3
core   0: 0x8000f2ee (0xff8788a3) sb      s8, -15(a5)
core   0: 3 0x8000f2ee (0xff8788a3) mem 0x8002010c 0x68
core   0: 0x8000f2f2 (0x05bd0083) lb      ra, 91(s10)
core   0: 3 0x8000f2f2 (0x05bd0083) x 1 0xffffffa5 mem 0x80017f79
core   0: 0x8000f2f6 (0x0354ad83) lw      s11, 53(s1)
core   0: 3 0x8000f2f6 (0x0354ad83) x27 0x9f00838e mem 0x80015b9c
core   0: 0x8000f2fa (0xffd98da3) sb      t4, -5(s3)
core   0: 3 0x8000f2fa (0xffd98da3) mem 0x80015eab 0x37
core   0: 0x8000f2fe (0xff27ce83) lbu     t4, -14(a5)
core   0: 3 0x8000f2fe (0xff27ce83) x29 0x00000016 mem 0x8002010d
core   0: 0x8000f302 (0x0049ae83) lw      t4, 4(s3)
core   0: 3 0x8000f302 (0x0049ae83) x29 0x6052ad3b mem 0x80015eb4
core   0: 0x8000f306 (0xffc79fa3) sh      t3, -1(a5)
core   0: 3 0x8000f306 (0xffc79fa3) mem 0x8002011a 0x307c
core   0: 0x8000f30a (0x065c8b83) lb      s7, 101(s9)
core   0: 3 0x8000f30a (0x065c8b83) x23 0xffffffe5 mem 0x80020ffb
core   0: 0x8000f30e (0x0077cb83) lbu     s7, 7(a5)
core   0: 3 0x8000f30e (0x0077cb83) x23 0x0000001d mem 0x80020122
core   0: 0x8000f312 (0xfb6d1283) lh      t0, -74(s10)
core   0: 3 0x8000f312 (0xfb6d1283) x 5 0xffffd763 mem 0x80017ed4
core   0: 0x8000f316 (0x02e4cb03) lbu     s6, 46(s1)
core   0: 3 0x8000f316 (0x02e4cb03) x22 0x0000001c mem 0x80015b95
core   0: 0x8000f31a (0x00014997) auipc   s3, 0x14
core   0: 3 0x8000f31a (0x00014997) x19 0x8002331a
core   0: 0x8000f31e (0xd4298993) addi    s3, s3, -702
core   0: 3 0x8000f31e (0xd4298993) x19 0x8002305c
core   0: 0x8000f322 (0x21f9a62f) amoxor.w a2, t6, (s3)
core   0: 3 0x8000f322 (0x21f9a62f) x12 0x0000015f mem 0x8002305c mem 0x8002305c 0x0000015f
core   0: 0x8000f326 (0x27b3c213) xori    tp, t2, 635
core   0: 3 0x8000f326 (0x27b3c213) x 4 0x0000027b
core   0: 0x8000f32a (0x2049a2af) amoxor.w t0, tp, (s3)
core   0: 3 0x8000f32a (0x2049a2af) x 5 0x0000015f mem 0x8002305c mem 0x8002305c 0x00000324
core   0: 0x8000f32e (0x6109a0af) amoand.w ra, a6, (s3)
core   0: 3 0x8000f32e (0x6109a0af) x 1 0x00000324 mem 0x8002305c mem 0x8002305c 0x00000200
core   0: 0x8000f332 (0xc37f8513) addi    a0, t6, -969
core   0: 3 0x8000f332 (0xc37f8513) x10 0xfffffc37
core   0: 0x8000f336 (0x4389a32f) amoor.w t1, s8, (s3)
core   0: 3 0x8000f336 (0x4389a32f) x 6 0x00000200 mem 0x8002305c mem 0x8002305c 0x00000268
core   0: 0x8000f33a (0x02f9afaf) amoadd.w t6, a5, (s3)
core   0: 3 0x8000f33a (0x02f9afaf) x31 0x00000268 mem 0x8002305c mem 0x8002305c 0x80020383
core   0: 0x8000f33e (0x00014c17) auipc   s8, 0x14
core   0: 3 0x8000f33e (0x00014c17) x24 0x8002333e
core   0: 0x8000f342 (0xd2ec0c13) addi    s8, s8, -722
core   0: 3 0x8000f342 (0xd2ec0c13) x24 0x8002306c
core   0: 0x8000f346 (0x606c22af) amoand.w t0, t1, (s8)
core   0: 3 0x8000f346 (0x606c22af) x 5 0x0000015f mem 0x8002306c mem 0x8002306c 0x00000000
core   0: 0x8000f34a (0x256c24af) amoxor.w s1, s6, (s8)
core   0: 3 0x8000f34a (0x256c24af) x 9 0x00000000 mem 0x8002306c mem 0x8002306c 0x0000001c
core   0: 0x8000f34e (0x00069b33) sll     s6, a3, zero
core   0: 3 0x8000f34e (0x00069b33) x22 0x8002bd24
core   0: 0x8000f352 (0x0a0c28af) amoswap.w a7, zero, (s8)
core   0: 3 0x8000f352 (0x0a0c28af) x17 0x0000001c mem 0x8002306c mem 0x8002306c 0x00000000
core   0: 0x8000f356 (0x01c6db13) srli    s6, a3, 28
core   0: 3 0x8000f356 (0x01c6db13) x22 0x00000008
core   0: 0x8000f35a (0x08ec27af) amoswap.w a5, a4, (s8)
core   0: 3 0x8000f35a (0x08ec27af) x15 0x00000000 mem 0x8002306c mem 0x8002306c 0x8001245b
core   0: 0x8000f35e (0x03ee7db3) remu    s11, t3, t5
core   0: 3 0x8000f35e (0x03ee7db3) x27 0x0000005c
core   0: 0x8000f362 (0x017ae433) or      s0, s5, s7
core   0: 3 0x8000f362 (0x017ae433) x 8 0x0000abbd
core   0: 0x8000f366 (0x40235d13) srai    s10, t1, 2
core   0: 3 0x8000f366 (0x40235d13) x26 0x00000080
core   0: 0x8000f36a (0x0d9c2daf) amoswap.w s11, s9, (s8)
core   0: 3 0x8000f36a (0x0d9c2daf) x27 0x8001245b mem 0x8002306c mem 0x8002306c 0x80020f96
core   0: 0x8000f36e (0x00014b17) auipc   s6, 0x14
core   0: 3 0x8000f36e (0x00014b17) x22 0x8002336e
core   0: 0x8000f372 (0xcf6b0b13) addi    s6, s6, -778
core   0: 3 0x8000f372 (0xcf6b0b13) x22 0x80023064
core   0: 0x8000f376 (0xc39b2f2f) amominu.w t5, s9, (s6)
core   0: 3 0x8000f376 (0xc39b2f2f) x30 0x000000c3 mem 0x80023064 mem 0x80023064 0x000000c3
core   0: 0x8000f37a (0x00008e01) c.sub   a2, s0
core   0: 3 0x8000f37a (0x8e01) x12 0xffff55a2
core   0: 0x8000f37c (0xa00b2d2f) amomax.w s10, zero, (s6)
core   0: 3 0x8000f37c (0xa00b2d2f) x26 0x000000c3 mem 0x80023064 mem 0x80023064 0x000000c3
core   0: 0x8000f380 (0x000084c1) c.srai  s1, 16
core   0: 3 0x8000f380 (0x84c1) x 9 0x00000000
core   0: 0x8000f382 (0x096b2e2f) amoswap.w t3, s6, (s6)
core   0: 3 0x8000f382 (0x096b2e2f) x28 0x000000c3 mem 0x80023064 mem 0x80023064 0x80023064
core   0: 0x8000f386 (0xc06b2eaf) amominu.w t4, t1, (s6)
core   0: 3 0x8000f386 (0xc06b2eaf) x29 0x80023064 mem 0x80023064 mem 0x80023064 0x00000200
core   0: 0x8000f38a (0xa59b2daf) amomax.w s11, s9, (s6)
core   0: 3 0x8000f38a (0xa59b2daf) x27 0x00000200 mem 0x80023064 mem 0x80023064 0x00000200
core   0: 0x8000f38e (0x0b5b2aaf) amoswap.w s5, s5, (s6)
core   0: 3 0x8000f38e (0x0b5b2aaf) x21 0x00000200 mem 0x80023064 mem 0x80023064 0x0000abb8
core   0: 0x8000f392 (0x630b2e2f) amoand.w t3, a6, (s6)
core   0: 3 0x8000f392 (0x630b2e2f) x28 0x0000abb8 mem 0x80023064 mem 0x80023064 0x00002a18
core   0: 0x8000f396 (0x00014a97) auipc   s5, 0x14
core   0: 3 0x8000f396 (0x00014a97) x21 0x80023396
core   0: 0x8000f39a (0xcd6a8a93) addi    s5, s5, -810
core   0: 3 0x8000f39a (0xcd6a8a93) x21 0x8002306c
core   0: 0x8000f39e (0xdf892f13) slti    t5, s2, -520
core   0: 3 0x8000f39e (0xdf892f13) x30 0x00000000
core   0: 0x8000f3a2 (0x140aaeaf) lr.w    t4, (s5)
core   0: 3 0x8000f3a2 (0x140aaeaf) x29 0x80020f96 mem 0x8002306c
core   0: 0x8000f3a6 (0x01afbc33) sltu    s8, t6, s10
core   0: 3 0x8000f3a6 (0x01afbc33) x24 0x00000000
core   0: 0x8000f3aa (0x00006145) c.addi16sp sp, 48
core   0: 3 0x8000f3aa (0x6145) x 2 0x0d943020
core   0: 0x8000f3ac (0x00008c45) c.or    s0, s1
core   0: 3 0x8000f3ac (0x8c45) x 8 0x0000abbd
core   0: 0x8000f3ae (0xb715a513) slti    a0, a1, -1167
core   0: 3 0x8000f3ae (0xb715a513) x10 0x00000000
core   0: 0x8000f3b2 (0x02dd9033) mulh    zero, s11, a3
core   0: 3 0x8000f3b2 (0x02dd9033)
core   0: 0x8000f3b6 (0x00008659) c.srai  a2, 22
core   0: 3 0x8000f3b6 (0x8659) x12 0xffffffff
core   0: 0x8000f3b8 (0x00008209) c.srli  a2, 2
core   0: 3 0x8000f3b8 (0x8209) x12 0x3fffffff
core   0: 0x8000f3ba (0x00000808) c.addi4spn a0, sp, 16
core   0: 3 0x8000f3ba (0x0808) x10 0x0d943030
core   0: 0x8000f3bc (0x882d9637) lui     a2, 0x882d9
core   0: 3 0x8000f3bc (0x882d9637) x12 0x882d9000
core   0: 0x8000f3c0 (0x01a22db3) slt     s11, tp, s10
core   0: 3 0x8000f3c0 (0x01a22db3) x27 0x00000000
core   0: 0x8000f3c4 (0x1beaa0af) sc.w    ra, t5, (s5)
core   0: 3 0x8000f3c4 (0x1beaa0af) x 1 0x00000000 mem 0x8002306c 0x00000000
core   0: 0x8000f3c8 (0x00003497) auipc   s1, 0x3
core   0: 3 0x8000f3c8 (0x00003497) x 9 0x800123c8
core   0: 0x8000f3cc (0x5fb48493) addi    s1, s1, 1531
core   0: 3 0x8000f3cc (0x5fb48493) x 9 0x800129c3
core   0: 0x8000f3d0 (0x00004769) c.li    a4, 26
core   0: 3 0x8000f3d0 (0x4769) x14 0x0000001a
core   0: 0x8000f3d2 (0x9cf5b917) auipc   s2, 0x9cf5b
core   0: 3 0x8000f3d2 (0x9cf5b917) x18 0x1cf6a3d2
core   0: 0x8000f3d6 (0x00348103) lb      sp, 3(s1)
core   0: 3 0x8000f3d6 (0x00348103) x 2 0xfffffff3 mem 0x800129c6
core   0: 0x8000f3da (0x00001598) c.addi4spn a4, sp, 736
core   0: 3 0x8000f3da (0x1598) x14 0x000002d3
core   0: 0x8000f3dc (0x00008b61) c.andi  a4, 24
core   0: 3 0x8000f3dc (0x8b61) x14 0x00000010
core   0: 0x8000f3de (0x0014dc83) lhu     s9, 1(s1)
core   0: 3 0x8000f3de (0x0014dc83) x25 0x00005374 mem 0x800129c4
core   0: 0x8000f3e2 (0x00008731) c.srai  a4, 12
core   0: 3 0x8000f3e2 (0x8731) x14 0x00000000
core   0: 0x8000f3e4 (0x03292db3) mulhsu  s11, s2, s2
core   0: 3 0x8000f3e4 (0x03292db3) x27 0x0346e175
core   0: 0x8000f3e8 (0x01871c33) sll     s8, a4, s8
core   0: 3 0x8000f3e8 (0x01871c33) x24 0x00000000
core   0: 0x8000f3ec (0x02297933) remu    s2, s2, sp
core   0: 3 0x8000f3ec (0x02297933) x18 0x1cf6a3d2
core   0: 0x8000f3f0 (0xd6ece113) ori     sp, s9, -658
core   0: 3 0x8000f3f0 (0xd6ece113) x 2 0xffffff7e
core   0: 0x8000f3f4 (0x00001dfd) c.addi  s11, -1
core   0: 3 0x8000f3f4 (0x1dfd) x27 0x0346e174
core   0: 0x8000f3f6 (0x01cd9113) slli    sp, s11, 28
core   0: 3 0x8000f3f6 (0x01cd9113) x 2 0x40000000
core   0: 0x8000f3fa (0xfd648103) lb      sp, -42(s1)
core   0: 3 0x8000f3fa (0xfd648103) x 2 0x00000022 mem 0x80012999
core   0: 0x8000f3fe (0x00275913) srli    s2, a4, 2
core   0: 3 0x8000f3fe (0x00275913) x18 0x00000000
core   0: 0x8000f402 (0xfc548c83) lb      s9, -59(s1)
core   0: 3 0x8000f402 (0xfc548c83) x25 0x00000025 mem 0x80012988
core   0: 0x8000f406 (0xfdb4dc83) lhu     s9, -37(s1)
core   0: 3 0x8000f406 (0xfdb4dc83) x25 0x0000cd36 mem 0x8001299e
core   0: 0x8000f40a (0xc1a93d93) sltiu   s11, s2, -998
core   0: 3 0x8000f40a (0xc1a93d93) x27 0x00000001
core   0: 0x8000f40e (0x68ac1d97) auipc   s11, 0x68ac1
core   0: 3 0x8000f40e (0x68ac1d97) x27 0xe8ad040e
core   0: 0x8000f412 (0x02848c03) lb      s8, 40(s1)
core   0: 3 0x8000f412 (0x02848c03) x24 0x00000010 mem 0x800129eb
core   0: 0x8000f416 (0xffe48703) lb      a4, -2(s1)
core   0: 3 0x8000f416 (0xffe48703) x14 0x00000074 mem 0x800129c1
core   0: 0x8000f41a (0x01948703) lb      a4, 25(s1)
core   0: 3 0x8000f41a (0x01948703) x14 0xffffffd8 mem 0x800129dc
core   0: 0x8000f41e (0x0000894a) c.mv    s2, s2
core   0: 3 0x8000f41e (0x894a) x18 0x00000000
core   0: 0x8000f420 (0xfdb48d23) sb      s11, -38(s1)
core   0: 3 0x8000f420 (0xfdb48d23) mem 0x8001299d 0xe
core   0: 0x8000f424 (0x01048d83) lb      s11, 16(s1)
core   0: 3 0x8000f424 (0x01048d83) x27 0xffffffea mem 0x800129d3
core   0: 0x8000f428 (0x00008c0a) c.mv    s8, sp
core   0: 3 0x8000f428 (0x8c0a) x24 0x00000022
core   0: 0x8000f42a (0xff849fa3) sh      s8, -1(s1)
core   0: 3 0x8000f42a (0xff849fa3) mem 0x800129c2 0x0022
core   0: 0x8000f42e (0x00014d97) auipc   s11, 0x14
core   0: 3 0x8000f42e (0x00014d97) x27 0x8002342e
core   0: 0x8000f432 (0xc22d8d93) addi    s11, s11, -990
core   0: 3 0x8000f432 (0xc22d8d93) x27 0x80023050
core   0: 0x8000f436 (0x0087c4b3) xor     s1, a5, s0
core   0: 3 0x8000f436 (0x0087c4b3) x 9 0x0000abbd
core   0: 0x8000f43a (0x050da72f) amoadd.w a4, a6, (s11)
core   0: 3 0x8000f43a (0x050da72f) x14 0x7dcd4b97 mem 0x80023050 mem 0x80023050 0xfdcfc9ef
core   0: 0x8000f43e (0x00008e29) c.xor   a2, a0
core   0: 3 0x8000f43e (0x8e29) x12 0x85b9a030
core   0: 0x8000f440 (0x00886133) or      sp, a6, s0
core   0: 3 0x8000f440 (0x00886133) x 2 0x8002fffd
core   0: 0x8000f444 (0x00004abd) c.li    s5, 15
core   0: 3 0x8000f444 (0x4abd) x21 0x0000000f
core   0: 0x8000f446 (0x00008cd5) c.or    s1, a3
core   0: 3 0x8000f446 (0x8cd5) x 9 0x8002bfbd
core   0: 0x8000f448 (0x02298933) mul     s2, s3, sp
core   0: 3 0x8000f448 (0x02298933) x18 0x110d6eec
core   0: 0x8000f44c (0x006e9033) sll     zero, t4, t1
core   0: 3 0x8000f44c (0x006e9033)
core   0: 0x8000f450 (0x0389ca13) xori    s4, s3, 56
core   0: 3 0x8000f450 (0x0389ca13) x20 0x80023064
core   0: 0x8000f454 (0x00009f12) c.add   t5, tp
core   0: 3 0x8000f454 (0x9f12) x30 0x0000027b
core   0: 0x8000f456 (0xe855aa93) slti    s5, a1, -379
core   0: 3 0x8000f456 (0xe855aa93) x21 0x00000000
core   0: 0x8000f45a (0x04884863) blt     a6, s0, pc + 80
core   0: 3 0x8000f45a (0x04884863)
core   0: 0x8000f4aa (0x00008dcd) c.or    a1, a1
core   0: 3 0x8000f4aa (0x8dcd) x11 0x000000b9
core   0: 0x8000f4ac (0x03e47533) remu    a0, s0, t5
core   0: 3 0x8000f4ac (0x03e47533) x10 0x00000096
core   0: 0x8000f4b0 (0x008c0133) add     sp, s8, s0
core   0: 3 0x8000f4b0 (0x008c0133) x 2 0x0000abdf
core   0: 0x8000f4b4 (0x40e75993) srai    s3, a4, 14
core   0: 3 0x8000f4b4 (0x40e75993) x19 0x0001f735
core   0: 0x8000f4b8 (0x0000100f) fence.i
core   0: 3 0x8000f4b8 (0x0000100f)
core   0: 0x8000f4bc (0xdaa52613) slti    a2, a0, -598
core   0: 3 0x8000f4bc (0xdaa52613) x12 0x00000000
core   0: 0x8000f4c0 (0x00006355) c.lui   t1, 0x15
core   0: 3 0x8000f4c0 (0x6355) x 6 0x00015000
core   0: 0x8000f4c2 (0x030228b3) mulhsu  a7, tp, a6
core   0: 3 0x8000f4c2 (0x030228b3) x17 0x0000013d
core   0: 0x8000f4c6 (0x00d65663) bge     a2, a3, pc + 12
core   0: 3 0x8000f4c6 (0x00d65663)
core   0: 0x8000f4d2 (0x00aa67b3) or      a5, s4, a0
core   0: 3 0x8000f4d2 (0x00aa67b3) x15 0x800230f6
core   0: 0x8000f4d6 (0x0329e9b3) rem     s3, s3, s2
core   0: 3 0x8000f4d6 (0x0329e9b3) x19 0x0001f735
core   0: 0x8000f4da (0x000000ee) c.slli  ra, 27
core   0: 3 0x8000f4da (0x00ee) x 1 0x00000000
core   0: 0x8000f4dc (0x00008dc1) c.or    a1, s0
core   0: 3 0x8000f4dc (0x8dc1) x11 0x0000abbd
core   0: 0x8000f4de (0x493ead17) auipc   s10, 0x493ea
core   0: 3 0x8000f4de (0x493ead17) x26 0xc93f94de
core   0: 0x8000f4e2 (0x019069b3) or      s3, zero, s9
core   0: 3 0x8000f4e2 (0x019069b3) x19 0x0000cd36
core   0: 0x8000f4e6 (0x0ff0000f) fence   iorw,iorw
core   0: 3 0x8000f4e6 (0x0ff0000f)
core   0: 0x8000f4ea (0xd2634a97) auipc   s5, 0xd2634
core   0: 3 0x8000f4ea (0xd2634a97) x21 0x526434ea
core   0: 0x8000f4ee (0x4d142a13) slti    s4, s0, 1233
core   0: 3 0x8000f4ee (0x4d142a13) x20 0x00000000
core   0: 0x8000f4f2 (0x00e8cbb3) xor     s7, a7, a4
core   0: 3 0x8000f4f2 (0x00e8cbb3) x23 0x7dcd4aaa
core   0: 0x8000f4f6 (0x0000c119) c.beqz  a0, pc + 6
core   0: 3 0x8000f4f6 (0xc119)
core   0: 0x8000f4f8 (0x00000c65) c.addi  s8, 25
core   0: 3 0x8000f4f8 (0x0c65) x24 0x0000003b
core   0: 0x8000f4fa (0x000015fd) c.addi  a1, -1
core   0: 3 0x8000f4fa (0x15fd) x11 0x0000abbc
core   0: 0x8000f4fc (0x0000c005) c.beqz  s0, pc + 32
core   0: 3 0x8000f4fc (0xc005)
core   0: 0x8000f4fe (0x0000c195) c.beqz  a1, pc + 36
core   0: 3 0x8000f4fe (0xc195)
core   0: 0x8000f500 (0x00008cb5) c.xor   s1, a3
core   0: 3 0x8000f500 (0x8cb5) x 9 0x00000299
core   0: 0x8000f502 (0x0000e389) c.bnez  a5, pc + 2
core   0: 3 0x8000f502 (0xe389)
core   0: 0x8000f504 (0x000004fe) c.slli  s1, 31
core   0: 3 0x8000f504 (0x04fe) x 9 0x80000000
core   0: 0x8000f506 (0x1f77cdb7) lui     s11, 0x1f77c
core   0: 3 0x8000f506 (0x1f77cdb7) x27 0x1f77c000
core   0: 0x8000f50a (0x03453db3) mulhu   s11, a0, s4
core   0: 3 0x8000f50a (0x03453db3) x27 0x00000000
core   0: 0x8000f50e (0x42a24793) xori    a5, tp, 1066
core   0: 3 0x8000f50e (0x42a24793) x15 0x00000651
core   0: 0x8000f512 (0x492a6513) ori     a0, s4, 1170
core   0: 3 0x8000f512 (0x492a6513) x10 0x00000492
core   0: 0x8000f516 (0x028531b3) mulhu   gp, a0, s0
core   0: 3 0x8000f516 (0x028531b3) x 3 0x00000000
core   0: 0x8000f51a (0x00008f9e) c.mv    t6, t2
core   0: 3 0x8000f51a (0x8f9e) x31 0x00000000
core   0: 0x8000f51c (0x0000117d) c.addi  sp, -1
core   0: 3 0x8000f51c (0x117d) x 2 0x0000abde
core   0: 0x8000f51e (0x031d9b33) mulh    s6, s11, a7
core   0: 3 0x8000f51e (0x031d9b33) x22 0x00000000
core   0: 0x8000f522 (0x05815463) bge     sp, s8, pc + 72
core   0: 3 0x8000f522 (0x05815463)
core   0: 0x8000f56a (0x01d43233) sltu    tp, s0, t4
core   0: 3 0x8000f56a (0x01d43233) x 4 0x00000001
core   0: 0x8000f56e (0x00008551) c.srai  a0, 20
core   0: 3 0x8000f56e (0x8551) x10 0x00000000
core   0: 0x8000f570 (0x0000856d) c.srai  a0, 27
core   0: 3 0x8000f570 (0x856d) x10 0x00000000
core   0: 0x8000f572 (0x0000100f) fence.i
core   0: 3 0x8000f572 (0x0000100f)
core   0: 0x8000f576 (0x0186fcb3) and     s9, a3, s8
core   0: 3 0x8000f576 (0x0186fcb3) x25 0x00000020
core   0: 0x8000f57a (0x03384c63) blt     a6, s3, pc + 56
core   0: 3 0x8000f57a (0x03384c63)
core   0: 0x8000f5b2 (0x41f40733) sub     a4, s0, t6
core   0: 3 0x8000f5b2 (0x41f40733) x14 0x0000abbd
core   0: 0x8000f5b6 (0x0009d533) srl     a0, s3, zero
core   0: 3 0x8000f5b6 (0x0009d533) x10 0x0000cd36
core   0: 0x8000f5ba (0x0342f8b3) remu    a7, t0, s4
core   0: 3 0x8000f5ba (0x0342f8b3) x17 0x0000015f
core   0: 0x8000f5be (0x00b3ae33) slt     t3, t2, a1
core   0: 3 0x8000f5be (0x00b3ae33) x28 0x00000001
core   0: 0x8000f5c2 (0x03779163) bne     a5, s7, pc + 34
core   0: 3 0x8000f5c2 (0x03779163)
core   0: 0x8000f5e4 (0x74328493) addi    s1, t0, 1859
core   0: 3 0x8000f5e4 (0x74328493) x 9 0x000008a2
core   0: 0x8000f5e8 (0x00008ac2) c.mv    s5, a6
core   0: 3 0x8000f5e8 (0x8ac2) x21 0x80027e58
core   0: 0x8000f5ea (0x0022df93) srli    t6, t0, 2
core   0: 3 0x8000f5ea (0x0022df93) x31 0x00000057
core   0: 0x8000f5ee (0x0000e815) c.bnez  s0, pc + 52
core   0: 3 0x8000f5ee (0xe815)
core   0: 0x8000f622 (0x000061d5) c.lui   gp, 0x15
core   0: 3 0x8000f622 (0x61d5) x 3 0x00015000
core   0: 0x8000f624 (0x00c99863) bne     s3, a2, pc + 16
core   0: 3 0x8000f624 (0x00c99863)
core   0: 0x8000f634 (0x41ec5c13) srai    s8, s8, 30
core   0: 3 0x8000f634 (0x41ec5c13) x24 0x00000000
core   0: 0x8000f638 (0x026082b3) mul     t0, ra, t1
core   0: 3 0x8000f638 (0x026082b3) x 5 0x00000000
core   0: 0x8000f63c (0x00008b2e) c.mv    s6, a1
core   0: 3 0x8000f63c (0x8b2e) x22 0x0000abbc
core   0: 0x8000f63e (0x00008fba) c.mv    t6, a4
core   0: 3 0x8000f63e (0x8fba) x31 0x0000abbd
core   0: 0x8000f640 (0x0000987d) c.andi  s0, -1
core   0: 3 0x8000f640 (0x987d) x 8 0x0000abbd
core   0: 0x8000f642 (0x0096ce33) xor     t3, a3, s1
core   0: 3 0x8000f642 (0x0096ce33) x28 0x8002b586
core   0: 0x8000f646 (0x00a1de13) srli    t3, gp, 10
core   0: 3 0x8000f646 (0x00a1de13) x28 0x00000054
core   0: 0x8000f64a (0x03de2433) mulhsu  s0, t3, t4
core   0: 3 0x8000f64a (0x03de2433) x 8 0x0000002a
core   0: 0x8000f64e (0x01404fb3) xor     t6, zero, s4
core   0: 3 0x8000f64e (0x01404fb3) x31 0x00000000
core   0: 0x8000f652 (0x000084dd) c.srai  s1, 23
core   0: 3 0x8000f652 (0x84dd) x 9 0x00000000
core   0: 0x8000f654 (0x00006961) c.lui   s2, 0x18
core   0: 3 0x8000f654 (0x6961) x18 0x00018000
core   0: 0x8000f656 (0x0000717d) c.addi16sp sp, -16
core   0: 3 0x8000f656 (0x717d) x 2 0x0000abce
core   0: 0x8000f658 (0x0000100f) fence.i
core   0: 3 0x8000f658 (0x0000100f)
core   0: 0x8000f65c (0x0c7b1f63) bne     s6, t2, pc + 222
core   0: 3 0x8000f65c (0x0c7b1f63)
core   0: 0x8000f73a (0x005a3f33) sltu    t5, s4, t0
core   0: 3 0x8000f73a (0x005a3f33) x30 0x00000000
core   0: 0x8000f73e (0x6ccaeb17) auipc   s6, 0x6ccae
core   0: 3 0x8000f73e (0x6ccaeb17) x22 0xeccbd73e
core   0: 0x8000f742 (0x00005f7d) c.li    t5, -1
core   0: 3 0x8000f742 (0x5f7d) x30 0xffffffff
core   0: 0x8000f744 (0x00008d49) c.or    a0, a0
core   0: 3 0x8000f744 (0x8d49) x10 0x0000cd36
core   0: 0x8000f746 (0x00e67bb3) and     s7, a2, a4
core   0: 3 0x8000f746 (0x00e67bb3) x23 0x00000000
core   0: 0x8000f74a (0x0000846d) c.srai  s0, 27
core   0: 3 0x8000f74a (0x846d) x 8 0x00000000
core   0: 0x8000f74c (0x00006155) c.addi16sp sp, 304
core   0: 3 0x8000f74c (0x6155) x 2 0x0000acfe
core   0: 0x8000f74e (0x02629863) bne     t0, t1, pc + 48
core   0: 3 0x8000f74e (0x02629863)
core   0: 0x8000f77e (0x00ca28b3) slt     a7, s4, a2
core   0: 3 0x8000f77e (0x00ca28b3) x17 0x00000000
core   0: 0x8000f782 (0x00008cb9) c.xor   s1, a4
core   0: 3 0x8000f782 (0x8cb9) x 9 0x0000abbd
core   0: 0x8000f784 (0x00000001) c.nop
core   0: 3 0x8000f784 (0x0001)
core   0: 0x8000f786 (0x02f12733) mulhsu  a4, sp, a5
core   0: 3 0x8000f786 (0x02f12733) x14 0x00000000
core   0: 0x8000f78a (0x00006115) c.addi16sp sp, 288
core   0: 3 0x8000f78a (0x6115) x 2 0x0000ae1e
core   0: 0x8000f78c (0x01a79f33) sll     t5, a5, s10
core   0: 3 0x8000f78c (0x01a79f33) x30 0x40000000
core   0: 0x8000f790 (0x027b0eb3) mul     t4, s6, t2
core   0: 3 0x8000f790 (0x027b0eb3) x29 0x00000000
core   0: 0x8000f794 (0x1b757013) andi    zero, a0, 439
core   0: 3 0x8000f794 (0x1b757013)
core   0: 0x8000f798 (0x35f344b7) lui     s1, 0x35f34
core   0: 3 0x8000f798 (0x35f344b7) x 9 0x35f34000
core   0: 0x8000f79c (0x0086fd33) and     s10, a3, s0
core   0: 3 0x8000f79c (0x0086fd33) x26 0x00000000
core   0: 0x8000f7a0 (0x008d0863) beq     s10, s0, pc + 16
core   0: 3 0x8000f7a0 (0x008d0863)
core   0: 0x8000f7b0 (0x02845863) bge     s0, s0, pc + 48
core   0: 3 0x8000f7b0 (0x02845863)
core   0: 0x8000f7e0 (0x0000138c) c.addi4spn a1, sp, 480
core   0: 3 0x8000f7e0 (0x138c) x11 0x0000affe
core   0: 0x8000f7e2 (0x00008c11) c.sub   s0, a2
core   0: 3 0x8000f7e2 (0x8c11) x 8 0x00000000
core   0: 0x8000f7e4 (0x01dff663) bgeu    t6, t4, pc + 12
core   0: 3 0x8000f7e4 (0x01dff663)
core   0: 0x8000f7f0 (0x01b01d13) slli    s10, zero, 27
core   0: 3 0x8000f7f0 (0x01b01d13) x26 0x00000000
core   0: 0x8000f7f4 (0x00000001) c.nop
core   0: 3 0x8000f7f4 (0x0001)
core   0: 0x8000f7f6 (0x00000001) c.nop
core   0: 3 0x8000f7f6 (0x0001)
core   0: 0x8000f7f8 (0xcb730493) addi    s1, t1, -841
core   0: 3 0x8000f7f8 (0xcb730493) x 9 0x00014cb7
core   0: 0x8000f7fc (0x010e6363) bltu    t3, a6, pc + 6
core   0: 3 0x8000f7fc (0x010e6363)
core   0: 0x8000f802 (0x7c623f93) sltiu   t6, tp, 1990
core   0: 3 0x8000f802 (0x7c623f93) x31 0x00000001
core   0: 0x8000f806 (0x00000b35) c.addi  s6, 13
core   0: 3 0x8000f806 (0x0b35) x22 0xeccbd74b
core   0: 0x8000f808 (0x0000ce0d) c.beqz  a2, pc + 58
core   0: 3 0x8000f808 (0xce0d)
core   0: 0x8000f842 (0x000019fd) c.addi  s3, -1
core   0: 3 0x8000f842 (0x19fd) x19 0x0000cd35
core   0: 0x8000f844 (0x03999c33) mulh    s8, s3, s9
core   0: 3 0x8000f844 (0x03999c33) x24 0x00000000
core   0: 0x8000f848 (0x027bd433) divu    s0, s7, t2
core   0: 3 0x8000f848 (0x027bd433) x 8 0xffffffff
core   0: 0x8000f84c (0x00f9b4b3) sltu    s1, s3, a5
core   0: 3 0x8000f84c (0x00f9b4b3) x 9 0x00000000
core   0: 0x8000f850 (0x01b2b4b3) sltu    s1, t0, s11
core   0: 3 0x8000f850 (0x01b2b4b3) x 9 0x00000000
core   0: 0x8000f854 (0x7bc95f37) lui     t5, 0x7bc95
core   0: 3 0x8000f854 (0x7bc95f37) x30 0x7bc95000
core   0: 0x8000f858 (0x000087bd) c.srai  a5, 15
core   0: 3 0x8000f858 (0x87bd) x15 0x00000000
core   0: 0x8000f85a (0x000094b2) c.add   s1, a2
core   0: 3 0x8000f85a (0x94b2) x 9 0x00000000
core   0: 0x8000f85c (0x02c851b3) divu    gp, a6, a2
core   0: 3 0x8000f85c (0x02c851b3) x 3 0xffffffff
core   0: 0x8000f860 (0x03e67b63) bgeu    a2, t5, pc + 54
core   0: 3 0x8000f860 (0x03e67b63)
core   0: 0x8000f864 (0x028c9263) bne     s9, s0, pc + 36
core   0: 3 0x8000f864 (0x028c9263)
core   0: 0x8000f888 (0x030d07b3) mul     a5, s10, a6
core   0: 3 0x8000f888 (0x030d07b3) x15 0x00000000
core   0: 0x8000f88c (0x00000001) c.nop
core   0: 3 0x8000f88c (0x0001)
core   0: 0x8000f88e (0x00000001) c.nop
core   0: 3 0x8000f88e (0x0001)
core   0: 0x8000f890 (0x008f35b3) sltu    a1, t5, s0
core   0: 3 0x8000f890 (0x008f35b3) x11 0x00000001
core   0: 0x8000f894 (0x0000e589) c.bnez  a1, pc + 10
core   0: 3 0x8000f894 (0xe589)
core   0: 0x8000f89e (0x00c08463) beq     ra, a2, pc + 8
core   0: 3 0x8000f89e (0x00c08463)
core   0: 0x8000f8a6 (0x00004595) c.li    a1, 5
core   0: 3 0x8000f8a6 (0x4595) x11 0x00000005
core   0: 0x8000f8a8 (0x018b6ab3) or      s5, s6, s8
core   0: 3 0x8000f8a8 (0x018b6ab3) x21 0xeccbd74b
core   0: 0x8000f8ac (0x00000001) c.nop
core   0: 3 0x8000f8ac (0x0001)
core   0: 0x8000f8ae (0x01601113) slli    sp, zero, 22
core   0: 3 0x8000f8ae (0x01601113) x 2 0x00000000
core   0: 0x8000f8b2 (0x0000c715) c.beqz  a4, pc + 44
core   0: 3 0x8000f8b2 (0xc715)
core   0: 0x8000f8de (0x4054db93) srai    s7, s1, 5
core   0: 3 0x8000f8de (0x4054db93) x23 0x00000000
core   0: 0x8000f8e2 (0x00232533) slt     a0, t1, sp
core   0: 3 0x8000f8e2 (0x00232533) x10 0x00000000
core   0: 0x8000f8e6 (0x03aff033) remu    zero, t6, s10
core   0: 3 0x8000f8e6 (0x03aff033)
core   0: 0x8000f8ea (0x00006531) c.lui   a0, 0xc
core   0: 3 0x8000f8ea (0x6531) x10 0x0000c000
core   0: 0x8000f8ec (0x00000001) c.nop
core   0: 3 0x8000f8ec (0x0001)
core   0: 0x8000f8ee (0x000080b1) c.srli  s1, 12
core   0: 3 0x8000f8ee (0x80b1) x 9 0x00000000
core   0: 0x8000f8f0 (0x02183ab3) mulhu   s5, a6, ra
core   0: 3 0x8000f8f0 (0x02183ab3) x21 0x00000000
core   0: 0x8000f8f4 (0x933eed13) ori     s10, t4, -1741
core   0: 3 0x8000f8f4 (0x933eed13) x26 0xfffff933
core   0: 0x8000f8f8 (0xfdcb5b17) auipc   s6, 0xfdcb5
core   0: 3 0x8000f8f8 (0xfdcb5b17) x22 0x7dcc48f8
core   0: 0x8000f8fc (0x178fc237) lui     tp, 0x178fc
core   0: 3 0x8000f8fc (0x178fc237) x 4 0x178fc000
core   0: 0x8000f900 (0x00008745) c.srai  a4, 17
core   0: 3 0x8000f900 (0x8745) x14 0x00000000
core   0: 0x8000f902 (0x021a3ab3) mulhu   s5, s4, ra
core   0: 3 0x8000f902 (0x021a3ab3) x21 0x00000000
core   0: 0x8000f906 (0x0000e489) c.bnez  s1, pc + 10
core   0: 3 0x8000f906 (0xe489)
core   0: 0x8000f908 (0x01dc9313) slli    t1, s9, 29
core   0: 3 0x8000f908 (0x01dc9313) x 6 0x00000000
core   0: 0x8000f90c (0x012bed33) or      s10, s7, s2
core   0: 3 0x8000f90c (0x012bed33) x26 0x00018000
core   0: 0x8000f910 (0x03875263) bge     a4, s8, pc + 36
core   0: 3 0x8000f910 (0x03875263)
core   0: 0x8000f934 (0x00000001) c.nop
core   0: 3 0x8000f934 (0x0001)
core   0: 0x8000f936 (0x02dc2eb3) mulhsu  t4, s8, a3
core   0: 3 0x8000f936 (0x02dc2eb3) x29 0x00000000
core   0: 0x8000f93a (0x0000855d) c.srai  a0, 23
core   0: 3 0x8000f93a (0x855d) x10 0x00000000
core   0: 0x8000f93c (0x607d6c93) ori     s9, s10, 1543
core   0: 3 0x8000f93c (0x607d6c93) x25 0x00018607
core   0: 0x8000f940 (0x03d5cc63) blt     a1, t4, pc + 56
core   0: 3 0x8000f940 (0x03d5cc63)
core   0: 0x8000f944 (0x000083d1) c.srli  a5, 20
core   0: 3 0x8000f944 (0x83d1) x15 0x00000000
core   0: 0x8000f946 (0x00e20763) beq     tp, a4, pc + 14
core   0: 3 0x8000f946 (0x00e20763)
core   0: 0x8000f94a (0x0000717d) c.addi16sp sp, -16
core   0: 3 0x8000f94a (0x717d) x 2 0xfffffff0
core   0: 0x8000f94c (0x00008e49) c.or    a2, a0
core   0: 3 0x8000f94c (0x8e49) x12 0x00000000
core   0: 0x8000f94e (0x4085dd13) srai    s10, a1, 8
core   0: 3 0x8000f94e (0x4085dd13) x26 0x00000000
core   0: 0x8000f952 (0x00008535) c.srai  a0, 13
core   0: 3 0x8000f952 (0x8535) x10 0x00000000
core   0: 0x8000f954 (0x049bff63) bgeu    s7, s1, pc + 94
core   0: 3 0x8000f954 (0x049bff63)
core   0: 0x8000f9b2 (0xa0c17a93) andi    s5, sp, -1524
core   0: 3 0x8000f9b2 (0xa0c17a93) x21 0xfffffa00
core   0: 0x8000f9b6 (0x00008cb2) c.mv    s9, a2
core   0: 3 0x8000f9b6 (0x8cb2) x25 0x00000000
core   0: 0x8000f9b8 (0x00008ff5) c.and   a5, a3
core   0: 3 0x8000f9b8 (0x8ff5) x15 0x00000000
core   0: 0x8000f9ba (0x01a59013) slli    zero, a1, 26
core   0: 3 0x8000f9ba (0x01a59013)
core   0: 0x8000f9be (0x017a1e93) slli    t4, s4, 23
core   0: 3 0x8000f9be (0x017a1e93) x29 0x00000000
core   0: 0x8000f9c2 (0x03c84c33) div     s8, a6, t3
core   0: 3 0x8000f9c2 (0x03c84c33) x24 0xfe79ef38
core   0: 0x8000f9c6 (0x019d6733) or      a4, s10, s9
core   0: 3 0x8000f9c6 (0x019d6733) x14 0x00000000
core   0: 0x8000f9ca (0x00000722) c.slli  a4, 8
core   0: 3 0x8000f9ca (0x0722) x14 0x00000000
core   0: 0x8000f9cc (0x033c1463) bne     s8, s3, pc + 40
core   0: 3 0x8000f9cc (0x033c1463)
core   0: 0x8000f9f4 (0x01810263) beq     sp, s8, pc + 4
core   0: 3 0x8000f9f4 (0x01810263)
core   0: 0x8000f9f8 (0x000097f2) c.add   a5, t3
core   0: 3 0x8000f9f8 (0x97f2) x15 0x00000054
core   0: 0x8000f9fa (0x018f1ab3) sll     s5, t5, s8
core   0: 3 0x8000f9fa (0x018f1ab3) x21 0x00000000
core   0: 0x8000f9fe (0x030b44b3) div     s1, s6, a6
core   0: 3 0x8000f9fe (0x030b44b3) x 9 0x00000000
core   0: 0x8000fa02 (0x03853cb3) mulhu   s9, a0, s8
core   0: 3 0x8000fa02 (0x03853cb3) x25 0x00000000
core   0: 0x8000fa06 (0x02ea0733) mul     a4, s4, a4
core   0: 3 0x8000fa06 (0x02ea0733) x14 0x00000000
core   0: 0x8000fa0a (0x00000001) c.nop
core   0: 3 0x8000fa0a (0x0001)
core   0: 0x8000fa0c (0x0000100f) fence.i
core   0: 3 0x8000fa0c (0x0000100f)
core   0: 0x8000fa10 (0x0335dfb3) divu    t6, a1, s3
core   0: 3 0x8000fa10 (0x0335dfb3) x31 0x00000000
core   0: 0x8000fa14 (0x00008e5d) c.or    a2, a5
core   0: 3 0x8000fa14 (0x8e5d) x12 0x00000054
core   0: 0x8000fa16 (0x00008d0d) c.sub   a0, a1
core   0: 3 0x8000fa16 (0x8d0d) x10 0xfffffffb
core   0: 0x8000fa18 (0x0000041a) c.slli  s0, 6
core   0: 3 0x8000fa18 (0x041a) x 8 0xffffffc0
core   0: 0x8000fa1a (0x0218b0b3) mulhu   ra, a7, ra
core   0: 3 0x8000fa1a (0x0218b0b3) x 1 0x00000000
core   0: 0x8000fa1e (0x032cc633) div     a2, s9, s2
core   0: 3 0x8000fa1e (0x032cc633) x12 0x00000000
core   0: 0x8000fa22 (0x00000001) c.nop
core   0: 3 0x8000fa22 (0x0001)
core   0: 0x8000fa24 (0x01b92533) slt     a0, s2, s11
core   0: 3 0x8000fa24 (0x01b92533) x10 0x00000000
core   0: 0x8000fa28 (0x006a5eb3) srl     t4, s4, t1
core   0: 3 0x8000fa28 (0x006a5eb3) x29 0x00000000
core   0: 0x8000fa2c (0x0000c40d) c.beqz  s0, pc + 42
core   0: 3 0x8000fa2c (0xc40d)
core   0: 0x8000fa2e (0x03c1e133) rem     sp, gp, t3
core   0: 3 0x8000fa2e (0x03c1e133) x 2 0xffffffff
core   0: 0x8000fa32 (0x00054c33) xor     s8, a0, zero
core   0: 3 0x8000fa32 (0x00054c33) x24 0x00000000
core   0: 0x8000fa36 (0x41cf0633) sub     a2, t5, t3
core   0: 3 0x8000fa36 (0x41cf0633) x12 0x7bc94fac
core   0: 0x8000fa3a (0x03978433) mul     s0, a5, s9
core   0: 3 0x8000fa3a (0x03978433) x 8 0x00000000
core   0: 0x8000fa3e (0x42651617) auipc   a2, 0x42651
core   0: 3 0x8000fa3e (0x42651617) x12 0xc2660a3e
core   0: 0x8000fa42 (0x00001310) c.addi4spn a2, sp, 416
core   0: 3 0x8000fa42 (0x1310) x12 0x0000019f
core   0: 0x8000fa44 (0x416f54b3) sra     s1, t5, s6
core   0: 3 0x8000fa44 (0x416f54b3) x 9 0x0000007b
core   0: 0x8000fa48 (0x00004a19) c.li    s4, 6
core   0: 3 0x8000fa48 (0x4a19) x20 0x00000006
core   0: 0x8000fa4a (0x024868b3) rem     a7, a6, tp
core   0: 3 0x8000fa4a (0x024868b3) x17 0xf5d13e58
core   0: 0x8000fa4e (0x079ed363) bge     t4, s9, pc + 102
core   0: 3 0x8000fa4e (0x079ed363)
core   0: 0x8000fab4 (0x00000d00) c.addi4spn s0, sp, 656
core   0: 3 0x8000fab4 (0x0d00) x 8 0x0000028f
core   0: 0x8000fab6 (0x0133d4b3) srl     s1, t2, s3
core   0: 3 0x8000fab6 (0x0133d4b3) x 9 0x00000000
core   0: 0x8000faba (0x0000717d) c.addi16sp sp, -16
core   0: 3 0x8000faba (0x717d) x 2 0xffffffef
core   0: 0x8000fabc (0x0000ef21) c.bnez  a4, pc + 88
core   0: 3 0x8000fabc (0xef21)
core   0: 0x8000fabe (0x00013e17) auipc   t3, 0x13
core   0: 3 0x8000fabe (0x00013e17) x28 0x80022abe
core   0: 0x8000fac2 (0x5a6e0e13) addi    t3, t3, 1446
core   0: 3 0x8000fac2 (0x5a6e0e13) x28 0x80023064
core   0: 0x8000fac6 (0x00008c9a) c.mv    s9, t1
core   0: 3 0x8000fac6 (0x8c9a) x25 0x00000000
core   0: 0x8000fac8 (0x100e25af) lr.w    a1, (t3)
core   0: 3 0x8000fac8 (0x100e25af) x11 0x00002a18 mem 0x80023064
core   0: 0x8000facc (0x00009476) c.add   s0, t4
core   0: 3 0x8000facc (0x9476) x 8 0x0000028f
core   0: 0x8000face (0x00008c71) c.and   s0, a2
core   0: 3 0x8000face (0x8c71) x 8 0x0000008f
core   0: 0x8000fad0 (0x0000008e) c.slli  ra, 3
core   0: 3 0x8000fad0 (0x008e) x 1 0x00000000
core   0: 0x8000fad2 (0x01f36db3) or      s11, t1, t6
core   0: 3 0x8000fad2 (0x01f36db3) x27 0x00000000
core   0: 0x8000fad6 (0x00000001) c.nop
core   0: 3 0x8000fad6 (0x0001)
core   0: 0x8000fad8 (0x031104b3) mul     s1, sp, a7
core   0: 3 0x8000fad8 (0x031104b3) x 9 0xad1adc28
core   0: 0x8000fadc (0x1d7e2a2f) sc.w    s4, s7, (t3)
core   0: 3 0x8000fadc (0x1d7e2a2f) x20 0x00000000 mem 0x80023064 0x00000000
core   0: 0x8000fae0 (0x0332d9b3) divu    s3, t0, s3
core   0: 3 0x8000fae0 (0x0332d9b3) x19 0x00000000
core   0: 0x8000fae4 (0x345aea13) ori     s4, s5, 837
core   0: 3 0x8000fae4 (0x345aea13) x20 0x00000345
core   0: 0x8000fae8 (0x014e5633) srl     a2, t3, s4
core   0: 3 0x8000fae8 (0x014e5633) x12 0x04001183
core   0: 0x8000faec (0x168a6593) ori     a1, s4, 360
core   0: 3 0x8000faec (0x168a6593) x11 0x0000036d
core   0: 0x8000faf0 (0x0000619d) c.lui   gp, 0x7
core   0: 3 0x8000faf0 (0x619d) x 3 0x00007000
core   0: 0x8000faf2 (0x40ef8933) sub     s2, t6, a4
core   0: 3 0x8000faf2 (0x40ef8933) x18 0x00000000
core   0: 0x8000faf6 (0x0000e08d) c.bnez  s1, pc + 34
core   0: 3 0x8000faf6 (0xe08d)
core   0: 0x8000fb18 (0xafed2b93) slti    s7, s10, -1282
core   0: 3 0x8000fb18 (0xafed2b93) x23 0x00000000
core   0: 0x8000fb1c (0x02141cb3) mulh    s9, s0, ra
core   0: 3 0x8000fb1c (0x02141cb3) x25 0x00000000
core   0: 0x8000fb20 (0x0076e663) bltu    a3, t2, pc + 12
core   0: 3 0x8000fb20 (0x0076e663)
core   0: 0x8000fb24 (0x61f96b93) ori     s7, s2, 1567
core   0: 3 0x8000fb24 (0x61f96b93) x23 0x0000061f
core   0: 0x8000fb28 (0x00008fe9) c.and   a5, a0
core   0: 3 0x8000fb28 (0x8fe9) x15 0x00000000
core   0: 0x8000fb2a (0x00000001) c.nop
core   0: 3 0x8000fb2a (0x0001)
core   0: 0x8000fb2c (0x00000001) c.nop
core   0: 3 0x8000fb2c (0x0001)
core   0: 0x8000fb2e (0x4b87fd93) andi    s11, a5, 1208
core   0: 3 0x8000fb2e (0x4b87fd93) x27 0x00000000
core   0: 0x8000fb32 (0x0000717d) c.addi16sp sp, -16
core   0: 3 0x8000fb32 (0x717d) x 2 0xffffffdf
core   0: 0x8000fb34 (0x004f1593) slli    a1, t5, 4
core   0: 3 0x8000fb34 (0x004f1593) x11 0xbc950000
core   0: 0x8000fb38 (0x03940733) mul     a4, s0, s9
core   0: 3 0x8000fb38 (0x03940733) x14 0x00000000
core   0: 0x8000fb3c (0x02667b33) remu    s6, a2, t1
core   0: 3 0x8000fb3c (0x02667b33) x22 0x04001183
core   0: 0x8000fb40 (0x0000011c) c.addi4spn a5, sp, 128
core   0: 3 0x8000fb40 (0x011c) x15 0x0000005f
core   0: 0x8000fb42 (0x019cd263) bge     s9, s9, pc + 4
core   0: 3 0x8000fb42 (0x019cd263)
core   0: 0x8000fb46 (0x364d0e13) addi    t3, s10, 868
core   0: 3 0x8000fb46 (0x364d0e13) x28 0x00000364
core   0: 0x8000fb4a (0x04537263) bgeu    t1, t0, pc + 68
core   0: 3 0x8000fb4a (0x04537263)
core   0: 0x8000fb8e (0x00000aa5) c.addi  s5, 9
core   0: 3 0x8000fb8e (0x0aa5) x21 0x00000009
core   0: 0x8000fb90 (0x00000631) c.addi  a2, 12
core   0: 3 0x8000fb90 (0x0631) x12 0x0400118f
core   0: 0x8000fb92 (0x00000001) c.nop
core   0: 3 0x8000fb92 (0x0001)
core   0: 0x8000fb94 (0x02f6deb3) divu    t4, a3, a5
core   0: 3 0x8000fb94 (0x02f6deb3) x29 0x0158f484
core   0: 0x8000fb98 (0x0000100f) fence.i
core   0: 3 0x8000fb98 (0x0000100f)
core   0: 0x8000fb9c (0x02e98963) beq     s3, a4, pc + 50
core   0: 3 0x8000fb9c (0x02e98963)
core   0: 0x8000fbce (0x194caf13) slti    t5, s9, 404
core   0: 3 0x8000fbce (0x194caf13) x30 0x00000001
core   0: 0x8000fbd2 (0x00afdd13) srli    s10, t6, 10
core   0: 3 0x8000fbd2 (0x00afdd13) x26 0x00000000
core   0: 0x8000fbd6 (0x00001a98) c.addi4spn a4, sp, 368
core   0: 3 0x8000fbd6 (0x1a98) x14 0x0000014f
core   0: 0x8000fbd8 (0x41855ab3) sra     s5, a0, s8
core   0: 3 0x8000fbd8 (0x41855ab3) x21 0x00000000
core   0: 0x8000fbdc (0x0000717d) c.addi16sp sp, -16
core   0: 3 0x8000fbdc (0x717d) x 2 0xffffffcf
core   0: 0x8000fbde (0x00008801) c.andi  s0, 0
core   0: 3 0x8000fbde (0x8801) x 8 0x00000000
core   0: 0x8000fbe0 (0x02d08b63) beq     ra, a3, pc + 54
core   0: 3 0x8000fbe0 (0x02d08b63)
core   0: 0x8000fbe4 (0x01717e33) and     t3, sp, s7
core   0: 3 0x8000fbe4 (0x01717e33) x28 0x0000060f
core   0: 0x8000fbe8 (0x00008c6d) c.and   s0, a1
core   0: 3 0x8000fbe8 (0x8c6d) x 8 0x00000000
core   0: 0x8000fbea (0x00008d8d) c.sub   a1, a1
core   0: 3 0x8000fbea (0x8d8d) x11 0x00000000
core   0: 0x8000fbec (0x00000001) c.nop
core   0: 3 0x8000fbec (0x0001)
core   0: 0x8000fbee (0x0000c61d) c.beqz  a2, pc + 46
core   0: 3 0x8000fbee (0xc61d)
core   0: 0x8000fbf0 (0x00000292) c.slli  t0, 4
core   0: 3 0x8000fbf0 (0x0292) x 5 0x00000000
core   0: 0x8000fbf2 (0x0051dbb3) srl     s7, gp, t0
core   0: 3 0x8000fbf2 (0x0051dbb3) x23 0x00007000
core   0: 0x8000fbf6 (0x02e3f863) bgeu    t2, a4, pc + 48
core   0: 3 0x8000fbf6 (0x02e3f863)
core   0: 0x8000fbfa (0x00008c6d) c.and   s0, a1
core   0: 3 0x8000fbfa (0x8c6d) x 8 0x00000000
core   0: 0x8000fbfc (0xb0830e13) addi    t3, t1, -1272
core   0: 3 0x8000fbfc (0xb0830e13) x28 0xfffffb08
core   0: 0x8000fc00 (0x0000100f) fence.i
core   0: 3 0x8000fc00 (0x0000100f)
core   0: 0x8000fc04 (0xf0fb0417) auipc   s0, 0xf0fb0
core   0: 3 0x8000fc04 (0xf0fb0417) x 8 0x70fbfc04
core   0: 0x8000fc08 (0x014f4463) blt     t5, s4, pc + 8
core   0: 3 0x8000fc08 (0x014f4463)
core   0: 0x8000fc10 (0x00008de5) c.and   a1, s1
core   0: 3 0x8000fc10 (0x8de5) x11 0x00000000
core   0: 0x8000fc12 (0x00e33933) sltu    s2, t1, a4
core   0: 3 0x8000fc12 (0x00e33933) x18 0x00000001
core   0: 0x8000fc16 (0x01c5fa33) and     s4, a1, t3
core   0: 3 0x8000fc16 (0x01c5fa33) x20 0x00000000
core   0: 0x8000fc1a (0x000009f6) c.slli  s3, 29
core   0: 3 0x8000fc1a (0x09f6) x19 0x00000000
core   0: 0x8000fc1c (0x00008a51) c.andi  a2, 20
core   0: 3 0x8000fc1c (0x8a51) x12 0x00000004
core   0: 0x8000fc1e (0x004242b3) xor     t0, tp, tp
core   0: 3 0x8000fc1e (0x004242b3) x 5 0x00000000
core   0: 0x8000fc22 (0x40575793) srai    a5, a4, 5
core   0: 3 0x8000fc22 (0x40575793) x15 0x0000000a
core   0: 0x8000fc26 (0x00008b65) c.andi  a4, 25
core   0: 3 0x8000fc26 (0x8b65) x14 0x00000009
core   0: 0x8000fc28 (0xb29c6717) auipc   a4, 0xb29c6
core   0: 3 0x8000fc28 (0xb29c6717) x14 0x329d5c28
core   0: 0x8000fc2c (0x004e37b3) sltu    a5, t3, tp
core   0: 3 0x8000fc2c (0x004e37b3) x15 0x00000000
core   0: 0x8000fc30 (0x50c1a513) slti    a0, gp, 1292
core   0: 3 0x8000fc30 (0x50c1a513) x10 0x00000000
core   0: 0x8000fc34 (0x00009a7d) c.andi  a2, -1
core   0: 3 0x8000fc34 (0x9a7d) x12 0x00000004
core   0: 0x8000fc36 (0x01859863) bne     a1, s8, pc + 16
core   0: 3 0x8000fc36 (0x01859863)
core   0: 0x8000fc3a (0xc93c2b93) slti    s7, s8, -877
core   0: 3 0x8000fc3a (0xc93c2b93) x23 0x00000000
core   0: 0x8000fc3e (0xcc6d7093) andi    ra, s10, -826
core   0: 3 0x8000fc3e (0xcc6d7093) x 1 0x00000000
core   0: 0x8000fc42 (0x03a1a333) mulhsu  t1, gp, s10
core   0: 3 0x8000fc42 (0x03a1a333) x 6 0x00000000
core   0: 0x8000fc46 (0x00000190) c.addi4spn a2, sp, 192
core   0: 3 0x8000fc46 (0x0190) x12 0x0000008f
core   0: 0x8000fc48 (0x41e88bb3) sub     s7, a7, t5
core   0: 3 0x8000fc48 (0x41e88bb3) x23 0xf5d13e57
core   0: 0x8000fc4c (0x6589e413) ori     s0, s3, 1624
core   0: 3 0x8000fc4c (0x6589e413) x 8 0x00000658
core   0: 0x8000fc50 (0x00d130b3) sltu    ra, sp, a3
core   0: 3 0x8000fc50 (0x00d130b3) x 1 0x00000000
core   0: 0x8000fc54 (0x00219933) sll     s2, gp, sp
core   0: 3 0x8000fc54 (0x00219933) x18 0x38000000
core   0: 0x8000fc58 (0x034bfeb3) remu    t4, s7, s4
core   0: 3 0x8000fc58 (0x034bfeb3) x29 0xf5d13e57
core   0: 0x8000fc5c (0x018d6663) bltu    s10, s8, pc + 12
core   0: 3 0x8000fc5c (0x018d6663)
core   0: 0x8000fc60 (0x41b20733) sub     a4, tp, s11
core   0: 3 0x8000fc60 (0x41b20733) x14 0x178fc000
core   0: 0x8000fc64 (0x02bcafb3) mulhsu  t6, s9, a1
core   0: 3 0x8000fc64 (0x02bcafb3) x31 0x00000000
core   0: 0x8000fc68 (0xcde37b93) andi    s7, t1, -802
core   0: 3 0x8000fc68 (0xcde37b93) x23 0x00000000
core   0: 0x8000fc6c (0x0000100f) fence.i
core   0: 3 0x8000fc6c (0x0000100f)
core   0: 0x8000fc70 (0x00008819) c.andi  s0, 6
core   0: 3 0x8000fc70 (0x8819) x 8 0x00000000
core   0: 0x8000fc72 (0x0160e5b3) or      a1, ra, s6
core   0: 3 0x8000fc72 (0x0160e5b3) x11 0x04001183
core   0: 0x8000fc76 (0x049dc363) blt     s11, s1, pc + 70
core   0: 3 0x8000fc76 (0x049dc363)
core   0: 0x8000fc7a (0x0154c033) xor     zero, s1, s5
core   0: 3 0x8000fc7a (0x0154c033)
core   0: 0x8000fc7e (0x00f49a13) slli    s4, s1, 15
core   0: 3 0x8000fc7e (0x00f49a13) x20 0x6e140000
core   0: 0x8000fc82 (0x7281aa93) slti    s5, gp, 1832
core   0: 3 0x8000fc82 (0x7281aa93) x21 0x00000000
core   0: 0x8000fc86 (0x00000001) c.nop
core   0: 3 0x8000fc86 (0x0001)
core   0: 0x8000fc88 (0xf91dc437) lui     s0, 0xf91dc
core   0: 3 0x8000fc88 (0xf91dc437) x 8 0xf91dc000
core   0: 0x8000fc8c (0x005fb5b3) sltu    a1, t6, t0
core   0: 3 0x8000fc8c (0x005fb5b3) x11 0x00000000
core   0: 0x8000fc90 (0xe81e8593) addi    a1, t4, -383
core   0: 3 0x8000fc90 (0xe81e8593) x11 0xf5d13cd8
core   0: 0x8000fc94 (0xc31e6f17) auipc   t5, 0xc31e6
core   0: 3 0x8000fc94 (0xc31e6f17) x30 0x431f5c94
core   0: 0x8000fc98 (0x00ef4963) blt     t5, a4, pc + 18
core   0: 3 0x8000fc98 (0x00ef4963)
core   0: 0x8000fc9c (0x00000001) c.nop
core   0: 3 0x8000fc9c (0x0001)
core   0: 0x8000fc9e (0x40ca5db3) sra     s11, s4, a2
core   0: 3 0x8000fc9e (0x40ca5db3) x27 0x0000dc28
core   0: 0x8000fca2 (0x0301c533) div     a0, gp, a6
core   0: 3 0x8000fca2 (0x0301c533) x10 0x00000000
core   0: 0x8000fca6 (0xd1660113) addi    sp, a2, -746
core   0: 3 0x8000fca6 (0xd1660113) x 2 0xfffffda5
core   0: 0x8000fcaa (0x03ce2a33) mulhsu  s4, t3, t3
core   0: 3 0x8000fcaa (0x03ce2a33) x20 0xfffffb08
core   0: 0x8000fcae (0x009e5fb3) srl     t6, t3, s1
core   0: 3 0x8000fcae (0x009e5fb3) x31 0x00fffffb
core   0: 0x8000fcb2 (0x0ff0000f) fence   iorw,iorw
core   0: 3 0x8000fcb2 (0x0ff0000f)
core   0: 0x8000fcb6 (0x1e6a4c13) xori    s8, s4, 486
core   0: 3 0x8000fcb6 (0x1e6a4c13) x24 0xfffffaee
core   0: 0x8000fcba (0x00000001) c.nop
core   0: 3 0x8000fcba (0x0001)
core   0: 0x8000fcbc (0x017d5663) bge     s10, s7, pc + 12
core   0: 3 0x8000fcbc (0x017d5663)
core   0: 0x8000fcc8 (0x000040e9) c.li    ra, 26
core   0: 3 0x8000fcc8 (0x40e9) x 1 0x0000001a
core   0: 0x8000fcca (0x41efd433) sra     s0, t6, t5
core   0: 3 0x8000fcca (0x41efd433) x 8 0x0000000f
core   0: 0x8000fcce (0x00000001) c.nop
core   0: 3 0x8000fcce (0x0001)
core   0: 0x8000fcd0 (0x014e2933) slt     s2, t3, s4
core   0: 3 0x8000fcd0 (0x014e2933) x18 0x00000000
core   0: 0x8000fcd4 (0x00008c09) c.sub   s0, a0
core   0: 3 0x8000fcd4 (0x8c09) x 8 0x0000000f
core   0: 0x8000fcd6 (0x00009d12) c.add   s10, tp
core   0: 3 0x8000fcd6 (0x9d12) x26 0x178fc000
core   0: 0x8000fcd8 (0xe3713e93) sltiu   t4, sp, -457
core   0: 3 0x8000fcd8 (0xe3713e93) x29 0x00000001
core   0: 0x8000fcdc (0x00207eb3) and     t4, zero, sp
core   0: 3 0x8000fcdc (0x00207eb3) x29 0x00000000
core   0: 0x8000fce0 (0x4053d593) srai    a1, t2, 5
core   0: 3 0x8000fce0 (0x4053d593) x11 0x00000000
core   0: 0x8000fce4 (0x03ca8933) mul     s2, s5, t3
core   0: 3 0x8000fce4 (0x03ca8933) x18 0x00000000
core   0: 0x8000fce8 (0xecbf0593) addi    a1, t5, -309
core   0: 3 0x8000fce8 (0xecbf0593) x11 0x431f5b5f
core   0: 0x8000fcec (0x00d72717) auipc   a4, 0xd72
core   0: 3 0x8000fcec (0x00d72717) x14 0x80d81cec
core   0: 0x8000fcf0 (0xe3dec037) lui     zero, 0xe3dec
core   0: 3 0x8000fcf0 (0xe3dec037)
core   0: 0x8000fcf4 (0x95ec4d13) xori    s10, s8, -1698
core   0: 3 0x8000fcf4 (0x95ec4d13) x26 0x000003b0
core   0: 0x8000fcf8 (0x00903ab3) snez    s5, s1
core   0: 3 0x8000fcf8 (0x00903ab3) x21 0x00000001
core   0: 0x8000fcfc (0x00008445) c.srai  s0, 17
core   0: 3 0x8000fcfc (0x8445) x 8 0x00000000
core   0: 0x8000fcfe (0x00008891) c.andi  s1, 4
core   0: 3 0x8000fcfe (0x8891) x 9 0x00000000
core   0: 0x8000fd00 (0x03dce263) bltu    s9, t4, pc + 36
core   0: 3 0x8000fd00 (0x03dce263)
core   0: 0x8000fd04 (0x0000943e) c.add   s0, a5
core   0: 3 0x8000fd04 (0x943e) x 8 0x00000000
core   0: 0x8000fd06 (0x94459f17) auipc   t5, 0x94459
core   0: 3 0x8000fd06 (0x94459f17) x30 0x14468d06
core   0: 0x8000fd0a (0x00000a1e) c.slli  s4, 7
core   0: 3 0x8000fd0a (0x0a1e) x20 0xfffd8400
core   0: 0x8000fd0c (0x007d9363) bne     s11, t2, pc + 6
core   0: 3 0x8000fd0c (0x007d9363)
core   0: 0x8000fd12 (0x0310d963) bge     ra, a7, pc + 50
core   0: 3 0x8000fd12 (0x0310d963)
core   0: 0x8000fd44 (0x03ec7663) bgeu    s8, t5, pc + 44
core   0: 3 0x8000fd44 (0x03ec7663)
core   0: 0x8000fd70 (0x0000c905) c.beqz  a0, pc + 48
core   0: 3 0x8000fd70 (0xc905)
core   0: 0x8000fda0 (0x40a68c33) sub     s8, a3, a0
core   0: 3 0x8000fda0 (0x40a68c33) x24 0x8002bd24
core   0: 0x8000fda4 (0x34362b93) slti    s7, a2, 835
core   0: 3 0x8000fda4 (0x34362b93) x23 0x00000001
core   0: 0x8000fda8 (0xe30709b7) lui     s3, 0xe3070
core   0: 3 0x8000fda8 (0xe30709b7) x19 0xe3070000
core   0: 0x8000fdac (0x0000c319) c.beqz  a4, pc + 6
core   0: 3 0x8000fdac (0xc319)
core   0: 0x8000fdae (0x00e227b3) slt     a5, tp, a4
core   0: 3 0x8000fdae (0x00e227b3) x15 0x00000000
core   0: 0x8000fdb2 (0x000089c5) c.andi  a1, 17
core   0: 3 0x8000fdb2 (0x89c5) x11 0x00000011
core   0: 0x8000fdb4 (0x000050fd) c.li    ra, -1
core   0: 3 0x8000fdb4 (0x50fd) x 1 0xffffffff
core   0: 0x8000fdb6 (0x0012c333) xor     t1, t0, ra
core   0: 3 0x8000fdb6 (0x0012c333) x 6 0xffffffff
core   0: 0x8000fdba (0x00005afd) c.li    s5, -1
core   0: 3 0x8000fdba (0x5afd) x21 0xffffffff
core   0: 0x8000fdbc (0x0000814a) c.mv    sp, s2
core   0: 3 0x8000fdbc (0x814a) x 2 0x00000000
core   0: 0x8000fdbe (0x009a1bb3) sll     s7, s4, s1
core   0: 3 0x8000fdbe (0x009a1bb3) x23 0xfffd8400
core   0: 0x8000fdc2 (0x03ec8563) beq     s9, t5, pc + 42
core   0: 3 0x8000fdc2 (0x03ec8563)
core   0: 0x8000fdc6 (0x0091e763) bltu    gp, s1, pc + 14
core   0: 3 0x8000fdc6 (0x0091e763)
core   0: 0x8000fdca (0x0000717d) c.addi16sp sp, -16
core   0: 3 0x8000fdca (0x717d) x 2 0xfffffff0
core   0: 0x8000fdcc (0x05c1e263) bltu    gp, t3, pc + 68
core   0: 3 0x8000fdcc (0x05c1e263)
core   0: 0x8000fe10 (0x0314c333) div     t1, s1, a7
core   0: 3 0x8000fe10 (0x0314c333) x 6 0x00000000
core   0: 0x8000fe14 (0x40fe5f13) srai    t5, t3, 15
core   0: 3 0x8000fe14 (0x40fe5f13) x30 0xffffffff
core   0: 0x8000fe18 (0x116dc463) blt     s11, s6, pc + 264
core   0: 3 0x8000fe18 (0x116dc463)
core   0: 0x8000ff20 (0x016e2033) slt     zero, t3, s6
core   0: 3 0x8000ff20 (0x016e2033)
core   0: 0x8000ff24 (0x40cc84b3) sub     s1, s9, a2
core   0: 3 0x8000ff24 (0x40cc84b3) x 9 0xffffff71
core   0: 0x8000ff28 (0x03557b63) bgeu    a0, s5, pc + 54
core   0: 3 0x8000ff28 (0x03557b63)
core   0: 0x8000ff2c (0x00008e49) c.or    a2, a0
core   0: 3 0x8000ff2c (0x8e49) x12 0x0000008f
core   0: 0x8000ff2e (0x00008c95) c.sub   s1, a3
core   0: 3 0x8000ff2e (0x8c95) x 9 0x7ffd424d
core   0: 0x8000ff30 (0x02c28c33) mul     s8, t0, a2
core   0: 3 0x8000ff30 (0x02c28c33) x24 0x00000000
core   0: 0x8000ff34 (0x00004d69) c.li    s10, 26
core   0: 3 0x8000ff34 (0x4d69) x26 0x0000001a
core   0: 0x8000ff36 (0x0000100f) fence.i
core   0: 3 0x8000ff36 (0x0000100f)
core   0: 0x8000ff3a (0x01039cb3) sll     s9, t2, a6
core   0: 3 0x8000ff3a (0x01039cb3) x25 0x00000000
core   0: 0x8000ff3e (0x03a4b733) mulhu   a4, s1, s10
core   0: 3 0x8000ff3e (0x03a4b733) x14 0x0000000c
core   0: 0x8000ff42 (0xaac5a913) slti    s2, a1, -1364
core   0: 3 0x8000ff42 (0xaac5a913) x18 0x00000000
core   0: 0x8000ff46 (0xee336e93) ori     t4, t1, -285
core   0: 3 0x8000ff46 (0xee336e93) x29 0xfffffee3
core   0: 0x8000ff4a (0x01090d33) add     s10, s2, a6
core   0: 3 0x8000ff4a (0x01090d33) x26 0x80027e58
core   0: 0x8000ff4e (0x02269463) bne     a3, sp, pc + 40
core   0: 3 0x8000ff4e (0x02269463)
core   0: 0x8000ff76 (0x01092ab3) slt     s5, s2, a6
core   0: 3 0x8000ff76 (0x01092ab3) x21 0x00000000
core   0: 0x8000ff7a (0x00ef4193) xori    gp, t5, 14
core   0: 3 0x8000ff7a (0x00ef4193) x 3 0xfffffff1
core   0: 0x8000ff7e (0x38e77793) andi    a5, a4, 910
core   0: 3 0x8000ff7e (0x38e77793) x15 0x0000000c
core   0: 0x8000ff82 (0x000002ea) c.slli  t0, 26
core   0: 3 0x8000ff82 (0x02ea) x 5 0x00000000
core   0: 0x8000ff84 (0x0000100f) fence.i
core   0: 3 0x8000ff84 (0x0000100f)
core   0: 0x8000ff88 (0x03b79433) mulh    s0, a5, s11
core   0: 3 0x8000ff88 (0x03b79433) x 8 0x00000000
core   0: 0x8000ff8c (0x00b5c2b3) xor     t0, a1, a1
core   0: 3 0x8000ff8c (0x00b5c2b3) x 5 0x00000000
core   0: 0x8000ff90 (0x0000e419) c.bnez  s0, pc + 14
core   0: 3 0x8000ff90 (0xe419)
core   0: 0x8000ff92 (0x00006a55) c.lui   s4, 0x15
core   0: 3 0x8000ff92 (0x6a55) x20 0x00015000
core   0: 0x8000ff94 (0x02640433) mul     s0, s0, t1
core   0: 3 0x8000ff94 (0x02640433) x 8 0x00000000
core   0: 0x8000ff98 (0x00008da5) c.xor   a1, s1
core   0: 3 0x8000ff98 (0x8da5) x11 0x7ffd425c
core   0: 0x8000ff9a (0xf2ffcf93) xori    t6, t6, -209
core   0: 3 0x8000ff9a (0xf2ffcf93) x31 0xff0000d4
core   0: 0x8000ff9e (0xf300c793) xori    a5, ra, -208
core   0: 3 0x8000ff9e (0xf300c793) x15 0x000000cf
core   0: 0x8000ffa2 (0x028c8ab3) mul     s5, s9, s0
core   0: 3 0x8000ffa2 (0x028c8ab3) x21 0x00000000
core   0: 0x8000ffa6 (0x03764733) div     a4, a2, s7
core   0: 3 0x8000ffa6 (0x03764733) x14 0x00000000
core   0: 0x8000ffaa (0x01661c33) sll     s8, a2, s6
core   0: 3 0x8000ffaa (0x01661c33) x24 0x00000478
core   0: 0x8000ffae (0x01d30663) beq     t1, t4, pc + 12
core   0: 3 0x8000ffae (0x01d30663)
core   0: 0x8000ffb2 (0x0000100f) fence.i
core   0: 3 0x8000ffb2 (0x0000100f)
core   0: 0x8000ffb6 (0x41c0d033) sra     zero, ra, t3
core   0: 3 0x8000ffb6 (0x41c0d033)
core   0: 0x8000ffba (0x00008db9) c.xor   a1, a4
core   0: 3 0x8000ffba (0x8db9) x11 0x7ffd425c
core   0: 0x8000ffbc (0x0ff0000f) fence   iorw,iorw
core   0: 3 0x8000ffbc (0x0ff0000f)
core   0: 0x8000ffc0 (0x0000547d) c.li    s0, -1
core   0: 3 0x8000ffc0 (0x547d) x 8 0xffffffff
core   0: 0x8000ffc2 (0x00006131) c.addi16sp sp, 320
core   0: 3 0x8000ffc2 (0x6131) x 2 0x00000130
core   0: 0x8000ffc4 (0x000081f9) c.srli  a1, 30
core   0: 3 0x8000ffc4 (0x81f9) x11 0x00000001
core   0: 0x8000ffc6 (0x02ed7233) remu    tp, s10, a4
core   0: 3 0x8000ffc6 (0x02ed7233) x 4 0x80027e58
core   0: 0x8000ffca (0x00009c5e) c.add   s8, s7
core   0: 3 0x8000ffca (0x9c5e) x24 0xfffd8878
core   0: 0x8000ffcc (0x03e7cc63) blt     a5, t5, pc + 56
core   0: 3 0x8000ffcc (0x03e7cc63)
core   0: 0x8000ffd0 (0x00004f15) c.li    t5, 5
core   0: 3 0x8000ffd0 (0x4f15) x30 0x00000005
core   0: 0x8000ffd2 (0x00006d6d) c.lui   s10, 0x1b
core   0: 3 0x8000ffd2 (0x6d6d) x26 0x0001b000
core   0: 0x8000ffd4 (0x00000001) c.nop
core   0: 3 0x8000ffd4 (0x0001)
core   0: 0x8000ffd6 (0x0032e463) bltu    t0, gp, pc + 8
core   0: 3 0x8000ffd6 (0x0032e463)
core   0: 0x8000ffde (0x4dde6993) ori     s3, t3, 1245
core   0: 3 0x8000ffde (0x4dde6993) x19 0xffffffdd
core   0: 0x8000ffe2 (0x02fe4163) blt     t3, a5, pc + 34
core   0: 3 0x8000ffe2 (0x02fe4163)
core   0: 0x80010004 (0x00008c6d) c.and   s0, a1
core   0: 3 0x80010004 (0x8c6d) x 8 0x00000001
core   0: 0x80010006 (0x027c3d33) mulhu   s10, s8, t2
core   0: 3 0x80010006 (0x027c3d33) x26 0x00000000
core   0: 0x8001000a (0x0000ef8d) c.bnez  a5, pc + 58
core   0: 3 0x8001000a (0xef8d)
core   0: 0x80010044 (0x00008b95) c.andi  a5, 5
core   0: 3 0x80010044 (0x8b95) x15 0x00000005
core   0: 0x80010046 (0x006ed2b3) srl     t0, t4, t1
core   0: 3 0x80010046 (0x006ed2b3) x 5 0xfffffee3
core   0: 0x8001004a (0x0000035a) c.slli  t1, 22
core   0: 3 0x8001004a (0x035a) x 6 0x00000000
core   0: 0x8001004c (0x00008cbd) c.xor   s1, a5
core   0: 3 0x8001004c (0x8cbd) x 9 0x7ffd4248
core   0: 0x8001004e (0x03664ab3) div     s5, a2, s6
core   0: 3 0x8001004e (0x03664ab3) x21 0x00000000
core   0: 0x80010052 (0x04067363) bgeu    a2, zero, pc + 70
core   0: 3 0x80010052 (0x04067363)
core   0: 0x80010098 (0x01744463) blt     s0, s7, pc + 8
core   0: 3 0x80010098 (0x01744463)
core   0: 0x8001009c (0x39fc7a93) andi    s5, s8, 927
core   0: 3 0x8001009c (0x39fc7a93) x21 0x00000018
core   0: 0x800100a0 (0x0246a433) mulhsu  s0, a3, tp
core   0: 3 0x800100a0 (0x0246a433) x 8 0xc0001f6c
core   0: 0x800100a4 (0x4040d8b3) sra     a7, ra, tp
core   0: 3 0x800100a4 (0x4040d8b3) x17 0xffffffff
core   0: 0x800100a8 (0x82677513) andi    a0, a4, -2010
core   0: 3 0x800100a8 (0x82677513) x10 0x00000000
core   0: 0x800100ac (0x03a58db3) mul     s11, a1, s10
core   0: 3 0x800100ac (0x03a58db3) x27 0x00000000
core   0: 0x800100b0 (0x02744fb3) div     t6, s0, t2
core   0: 3 0x800100b0 (0x02744fb3) x31 0xffffffff
core   0: 0x800100b4 (0x03b6e363) bltu    a3, s11, pc + 38
core   0: 3 0x800100b4 (0x03b6e363)
core   0: 0x800100b8 (0x000004d6) c.slli  s1, 21
core   0: 3 0x800100b8 (0x04d6) x 9 0x49000000
core   0: 0x800100ba (0x00008e29) c.xor   a2, a0
core   0: 3 0x800100ba (0x8e29) x12 0x0000008f
core   0: 0x800100bc (0x00f21913) slli    s2, tp, 15
core   0: 3 0x800100bc (0x00f21913) x18 0x3f2c0000
core   0: 0x800100c0 (0x02b524b3) mulhsu  s1, a0, a1
core   0: 3 0x800100c0 (0x02b524b3) x 9 0x00000000
core   0: 0x800100c4 (0x03cfec33) rem     s8, t6, t3
core   0: 3 0x800100c4 (0x03cfec33) x24 0xffffffff
core   0: 0x800100c8 (0x556f2313) slti    t1, t5, 1366
core   0: 3 0x800100c8 (0x556f2313) x 6 0x00000001
core   0: 0x800100cc (0x00008c9a) c.mv    s9, t1
core   0: 3 0x800100cc (0x8c9a) x25 0x00000001
core   0: 0x800100ce (0x00000431) c.addi  s0, 12
core   0: 3 0x800100ce (0x0431) x 8 0xc0001f78
core   0: 0x800100d0 (0x4173dd93) srai    s11, t2, 23
core   0: 3 0x800100d0 (0x4173dd93) x27 0x00000000
core   0: 0x800100d4 (0x03b92633) mulhsu  a2, s2, s11
core   0: 3 0x800100d4 (0x03b92633) x12 0x00000000
core   0: 0x800100d8 (0x0000717d) c.addi16sp sp, -16
core   0: 3 0x800100d8 (0x717d) x 2 0x00000120
core   0: 0x800100da (0x0207d363) bgez    a5, pc + 38
core   0: 3 0x800100da (0x0207d363)
core   0: 0x80010100 (0x0000c18d) c.beqz  a1, pc + 34
core   0: 3 0x80010100 (0xc18d)
core   0: 0x80010102 (0x00009bfd) c.andi  a5, -1
core   0: 3 0x80010102 (0x9bfd) x15 0x00000005
core   0: 0x80010104 (0x4f96e213) ori     tp, a3, 1273
core   0: 3 0x80010104 (0x4f96e213) x 4 0x8002bdfd
core   0: 0x80010108 (0x000080e9) c.srli  s1, 26
core   0: 3 0x80010108 (0x80e9) x 9 0x00000000
core   0: 0x8001010a (0x0336e263) bltu    a3, s3, pc + 36
core   0: 3 0x8001010a (0x0336e263)
core   0: 0x8001012e (0x0000100f) fence.i
core   0: 3 0x8001012e (0x0000100f)
core   0: 0x80010132 (0x00008109) c.srli  a0, 2
core   0: 3 0x80010132 (0x8109) x10 0x00000000
core   0: 0x80010134 (0x01669663) bne     a3, s6, pc + 12
core   0: 3 0x80010134 (0x01669663)
core   0: 0x80010140 (0x01604f33) xor     t5, zero, s6
core   0: 3 0x80010140 (0x01604f33) x30 0x04001183
core   0: 0x80010144 (0x40c75593) srai    a1, a4, 12
core   0: 3 0x80010144 (0x40c75593) x11 0x00000000
core   0: 0x80010148 (0xe7423413) sltiu   s0, tp, -396
core   0: 3 0x80010148 (0xe7423413) x 8 0x00000001
core   0: 0x8001014c (0x01b54133) xor     sp, a0, s11
core   0: 3 0x8001014c (0x01b54133) x 2 0x00000000
core   0: 0x80010150 (0x0000147d) c.addi  s0, -1
core   0: 3 0x80010150 (0x147d) x 8 0x00000000
core   0: 0x80010152 (0x02a227b3) mulhsu  a5, tp, a0
core   0: 3 0x80010152 (0x02a227b3) x15 0x00000000
core   0: 0x80010156 (0x00e15233) srl     tp, sp, a4
core   0: 3 0x80010156 (0x00e15233) x 4 0x00000000
core   0: 0x8001015a (0x00004ced) c.li    s9, 27
core   0: 3 0x8001015a (0x4ced) x25 0x0000001b
core   0: 0x8001015c (0x01004ab3) xor     s5, zero, a6
core   0: 3 0x8001015c (0x01004ab3) x21 0x80027e58
core   0: 0x80010160 (0xa952e713) ori     a4, t0, -1387
core   0: 3 0x80010160 (0xa952e713) x14 0xfffffef7
core   0: 0x80010164 (0xd683e313) ori     t1, t2, -664
core   0: 3 0x80010164 (0xd683e313) x 6 0xfffffd68
core   0: 0x80010168 (0x0000c099) c.beqz  s1, pc + 6
core   0: 3 0x80010168 (0xc099)
core   0: 0x8001016e (0x00008d3d) c.xor   a0, a5
core   0: 3 0x8001016e (0x8d3d) x10 0x00000000
core   0: 0x80010170 (0x417d0b33) sub     s6, s10, s7
core   0: 3 0x80010170 (0x417d0b33) x22 0x00027c00
core   0: 0x80010174 (0x032e5233) divu    tp, t3, s2
core   0: 3 0x80010174 (0x032e5233) x 4 0x00000004
core   0: 0x80010178 (0x2b5ff993) andi    s3, t6, 693
core   0: 3 0x80010178 (0x2b5ff993) x19 0x000002b5
core   0: 0x8001017c (0x0000ee0d) c.bnez  a2, pc + 58
core   0: 3 0x8001017c (0xee0d)
core   0: 0x8001017e (0x00008405) c.srai  s0, 1
core   0: 3 0x8001017e (0x8405) x 8 0x00000000
core   0: 0x80010180 (0x01df4fb3) xor     t6, t5, t4
core   0: 3 0x80010180 (0x01df4fb3) x31 0xfbffef60
core   0: 0x80010184 (0x03e2d1b3) divu    gp, t0, t5
core   0: 3 0x80010184 (0x03e2d1b3) x 3 0x0000003f
core   0: 0x80010188 (0x010a1c93) slli    s9, s4, 16
core   0: 3 0x80010188 (0x010a1c93) x25 0x50000000
core   0: 0x8001018c (0x0161bcb3) sltu    s9, gp, s6
core   0: 3 0x8001018c (0x0161bcb3) x25 0x00000001
core   0: 0x80010190 (0x82cb7493) andi    s1, s6, -2004
core   0: 3 0x80010190 (0x82cb7493) x 9 0x00027800
core   0: 0x80010194 (0x006d8463) beq     s11, t1, pc + 8
core   0: 3 0x80010194 (0x006d8463)
core   0: 0x80010198 (0x00008fd5) c.or    a5, a3
core   0: 3 0x80010198 (0x8fd5) x15 0x8002bd24
core   0: 0x8001019a (0x00005c7d) c.li    s8, -1
core   0: 3 0x8001019a (0x5c7d) x24 0xffffffff
core   0: 0x8001019c (0x0000100f) fence.i
core   0: 3 0x8001019c (0x0000100f)
core   0: 0x800101a0 (0x00009556) c.add   a0, s5
core   0: 3 0x800101a0 (0x9556) x10 0x80027e58
core   0: 0x800101a2 (0x0000e41d) c.bnez  s0, pc + 46
core   0: 3 0x800101a2 (0xe41d)
core   0: 0x800101a4 (0x03e925b3) mulhsu  a1, s2, t5
core   0: 3 0x800101a4 (0x03e925b3) x11 0x00fcb452
core   0: 0x800101a8 (0x41f0d113) srai    sp, ra, 31
core   0: 3 0x800101a8 (0x41f0d113) x 2 0xffffffff
core   0: 0x800101ac (0x000087dd) c.srai  a5, 23
core   0: 3 0x800101ac (0x87dd) x15 0xffffff00
core   0: 0x800101ae (0x00008705) c.srai  a4, 1
core   0: 3 0x800101ae (0x8705) x14 0xffffff7b
core   0: 0x800101b0 (0x1c53e113) ori     sp, t2, 453
core   0: 3 0x800101b0 (0x1c53e113) x 2 0x000001c5
core   0: 0x800101b4 (0x00008e45) c.or    a2, s1
core   0: 3 0x800101b4 (0x8e45) x12 0x00027800
core   0: 0x800101b6 (0x012d8cb3) add     s9, s11, s2
core   0: 3 0x800101b6 (0x012d8cb3) x25 0x3f2c0000
core   0: 0x800101ba (0x00ec2033) slt     zero, s8, a4
core   0: 3 0x800101ba (0x00ec2033)
core   0: 0x800101be (0x032114b3) mulh    s1, sp, s2
core   0: 3 0x800101be (0x032114b3) x 9 0x0000006f
core   0: 0x800101c2 (0x00296263) bltu    s2, sp, pc + 4
core   0: 3 0x800101c2 (0x00296263)
core   0: 0x800101c6 (0x41915613) srai    a2, sp, 25
core   0: 3 0x800101c6 (0x41915613) x12 0x00000000
core   0: 0x800101ca (0x08ea4f63) blt     s4, a4, pc + 158
core   0: 3 0x800101ca (0x08ea4f63)
core   0: 0x800101ce (0x00008e09) c.sub   a2, a0
core   0: 3 0x800101ce (0x8e09) x12 0x7ffd81a8
core   0: 0x800101d0 (0x0127ddb3) srl     s11, a5, s2
core   0: 3 0x800101d0 (0x0127ddb3) x27 0xffffff00
core   0: 0x800101d4 (0x00006ef9) c.lui   t4, 0x1e
core   0: 3 0x800101d4 (0x6ef9) x29 0x0001e000
core   0: 0x800101d6 (0x0000100f) fence.i
core   0: 3 0x800101d6 (0x0000100f)
core   0: 0x800101da (0x0000c0cd) c.beqz  s1, pc + 162
core   0: 3 0x800101da (0xc0cd)
core   0: 0x800101dc (0x00003997) auipc   s3, 0x3
core   0: 3 0x800101dc (0x00003997) x19 0x800131dc
core   0: 0x800101e0 (0xaf998993) addi    s3, s3, -1287
core   0: 3 0x800101e0 (0xaf998993) x19 0x80012cd5
core   0: 0x800101e4 (0x00002b97) auipc   s7, 0x2
core   0: 3 0x800101e4 (0x00002b97) x23 0x800121e4
core   0: 0x800101e8 (0x3dcb8b93) addi    s7, s7, 988
core   0: 3 0x800101e8 (0x3dcb8b93) x23 0x800125c0
core   0: 0x800101ec (0x01bb9623) sh      s11, 12(s7)
core   0: 3 0x800101ec (0x01bb9623) mem 0x800125cc 0xff00
core   0: 0x800101f0 (0x00002597) auipc   a1, 0x2
core   0: 3 0x800101f0 (0x00002597) x11 0x800121f0
core   0: 0x800101f4 (0xef258593) addi    a1, a1, -270
core   0: 3 0x800101f4 (0xef258593) x11 0x800120e2
core   0: 0x800101f8 (0xff7bcf03) lbu     t5, -9(s7)
core   0: 3 0x800101f8 (0xff7bcf03) x30 0x0000004a mem 0x800125b7
core   0: 0x800101fc (0xfe0ba823) sw      zero, -16(s7)
core   0: 3 0x800101fc (0xfe0ba823) mem 0x800125b0 0x00000000
core   0: 0x80010200 (0x69e5ce83) lbu     t4, 1694(a1)
core   0: 3 0x80010200 (0x69e5ce83) x29 0x000000c9 mem 0x80012780
core   0: 0x80010204 (0x0b299aa3) sh      s2, 181(s3)
core   0: 3 0x80010204 (0x0b299aa3) mem 0x80012d8a 0x0000
core   0: 0x80010208 (0xff1bcc03) lbu     s8, -15(s7)
core   0: 3 0x80010208 (0xff1bcc03) x24 0x00000000 mem 0x800125b1
core   0: 0x8001020c (0xff8bd003) lhu     zero, -8(s7)
core   0: 3 0x8001020c (0xff8bd003) mem 0x800125b8
core   0: 0x80010210 (0xffbb8e83) lb      t4, -5(s7)
core   0: 3 0x80010210 (0xffbb8e83) x29 0xffffff9f mem 0x800125bb
core   0: 0x80010214 (0x0969cc83) lbu     s9, 150(s3)
core   0: 3 0x80010214 (0x0969cc83) x25 0x00000041 mem 0x80012d6b
core   0: 0x80010218 (0x63859c23) sh      s8, 1592(a1)
core   0: 3 0x80010218 (0x63859c23) mem 0x8001271a 0x0000
core   0: 0x8001021c (0xfb598223) sb      s5, -92(s3)
core   0: 3 0x8001021c (0xfb598223) mem 0x80012c79 0x58
core   0: 0x80010220 (0x00cbd183) lhu     gp, 12(s7)
core   0: 3 0x80010220 (0x00cbd183) x 3 0x0000ff00 mem 0x800125cc
core   0: 0x80010224 (0xfc69afa3) sw      t1, -33(s3)
core   0: 3 0x80010224 (0xfc69afa3) mem 0x80012cb4 0xfffffd68
core   0: 0x80010228 (0x2fc5af23) sw      t3, 766(a1)
core   0: 3 0x80010228 (0x2fc5af23) mem 0x800123e0 0xfffffb08
core   0: 0x8001022c (0x07a9a3a3) sw      s10, 103(s3)
core   0: 3 0x8001022c (0x07a9a3a3) mem 0x80012d3c 0x00000000
core   0: 0x80010230 (0x00fbcb03) lbu     s6, 15(s7)
core   0: 3 0x80010230 (0x00fbcb03) x22 0x0000002d mem 0x800125cf
core   0: 0x80010234 (0xf9f98423) sb      t6, -120(s3)
core   0: 3 0x80010234 (0xf9f98423) mem 0x80012c5d 0x60
core   0: 0x80010238 (0xfb55c903) lbu     s2, -75(a1)
core   0: 3 0x80010238 (0xfb55c903) x18 0x00000082 mem 0x80012097
core   0: 0x8001023c (0xff3b8883) lb      a7, -13(s7)
core   0: 3 0x8001023c (0xff3b8883) x17 0x00000000 mem 0x800125b3
core   0: 0x80010240 (0xfb498d23) sb      s4, -70(s3)
core   0: 3 0x80010240 (0xfb498d23) mem 0x80012c8f 0x0
core   0: 0x80010244 (0x3aa59b23) sh      a0, 950(a1)
core   0: 3 0x80010244 (0x3aa59b23) mem 0x80012498 0x7e58
core   0: 0x80010248 (0x02ecca63) blt     s9, a4, pc + 52
core   0: 3 0x80010248 (0x02ecca63)
core   0: 0x8001024c (0x0000951a) c.add   a0, t1
core   0: 3 0x8001024c (0x951a) x10 0x80027bc0
core   0: 0x8001024e (0x02c3bab3) mulhu   s5, t2, a2
core   0: 3 0x8001024e (0x02c3bab3) x21 0x00000000
core   0: 0x80010252 (0x00000c96) c.slli  s9, 5
core   0: 3 0x80010252 (0x0c96) x25 0x00000820
core   0: 0x80010254 (0x00008dc1) c.or    a1, s0
core   0: 3 0x80010254 (0x8dc1) x11 0x800120e2
core   0: 0x80010256 (0x04340063) beq     s0, gp, pc + 64
core   0: 3 0x80010256 (0x04340063)
core   0: 0x8001025a (0x0000100f) fence.i
core   0: 3 0x8001025a (0x0000100f)
core   0: 0x8001025e (0x932ccf13) xori    t5, s9, -1742
core   0: 3 0x8001025e (0x932ccf13) x30 0xfffff112
core   0: 0x80010262 (0x41c15733) sra     a4, sp, t3
core   0: 3 0x80010262 (0x41c15733) x14 0x00000001
core   0: 0x80010266 (0x00008c71) c.and   s0, a2
core   0: 3 0x80010266 (0x8c71) x 8 0x00000000
core   0: 0x80010268 (0x03ea5963) bge     s4, t5, pc + 50
core   0: 3 0x80010268 (0x03ea5963)
core   0: 0x8001029a (0x00006f31) c.lui   t5, 0xc
core   0: 3 0x8001029a (0x6f31) x30 0x0000c000
core   0: 0x8001029c (0x00006135) c.addi16sp sp, 352
core   0: 3 0x8001029c (0x6135) x 2 0x00000325
core   0: 0x8001029e (0x0000100f) fence.i
core   0: 3 0x8001029e (0x0000100f)
core   0: 0x800102a2 (0x000080a9) c.srli  s1, 10
core   0: 3 0x800102a2 (0x80a9) x 9 0x00000000
core   0: 0x800102a4 (0x03e7a1b3) mulhsu  gp, a5, t5
core   0: 3 0x800102a4 (0x03e7a1b3) x 3 0xffffffff
core   0: 0x800102a8 (0x00006119) c.addi16sp sp, 384
core   0: 3 0x800102a8 (0x6119) x 2 0x000004a5
core   0: 0x800102aa (0x0ff0000f) fence   iorw,iorw
core   0: 3 0x800102aa (0x0ff0000f)
core   0: 0x800102ae (0x000089ea) c.mv    s3, s10
core   0: 3 0x800102ae (0x89ea) x19 0x00000000
core   0: 0x800102b0 (0x024a7163) bgeu    s4, tp, pc + 34
core   0: 3 0x800102b0 (0x024a7163)
core   0: 0x800102d2 (0x051b2913) slti    s2, s6, 81
core   0: 3 0x800102d2 (0x051b2913) x18 0x00000001
core   0: 0x800102d6 (0x0344ea33) rem     s4, s1, s4
core   0: 3 0x800102d6 (0x0344ea33) x20 0x00000000
core   0: 0x800102da (0x00006795) c.lui   a5, 0x5
core   0: 3 0x800102da (0x6795) x15 0x00005000
core   0: 0x800102dc (0x008f5763) bge     t5, s0, pc + 14
core   0: 3 0x800102dc (0x008f5763)
core   0: 0x800102ea (0x00009f4a) c.add   t5, s2
core   0: 3 0x800102ea (0x9f4a) x30 0x0000c001
core   0: 0x800102ec (0x02213a33) mulhu   s4, sp, sp
core   0: 3 0x800102ec (0x02213a33) x20 0x00000000
core   0: 0x800102f0 (0x00000b7e) c.slli  s6, 31
core   0: 3 0x800102f0 (0x0b7e) x22 0x80000000
core   0: 0x800102f2 (0x001fab33) slt     s6, t6, ra
core   0: 3 0x800102f2 (0x001fab33) x22 0x00000001
core   0: 0x800102f6 (0x02ee6d63) bltu    t3, a4, pc + 58
core   0: 3 0x800102f6 (0x02ee6d63)
core   0: 0x800102fa (0x00b60c33) add     s8, a2, a1
core   0: 3 0x800102fa (0x00b60c33) x24 0xfffea28a
core   0: 0x800102fe (0x0000cc0d) c.beqz  s0, pc + 58
core   0: 3 0x800102fe (0xcc0d)
core   0: 0x80010338 (0x020bfcb3) remu    s9, s7, zero
core   0: 3 0x80010338 (0x020bfcb3) x25 0x800125c0
core   0: 0x8001033c (0x0000100f) fence.i
core   0: 3 0x8001033c (0x0000100f)
core   0: 0x80010340 (0x408a0b33) sub     s6, s4, s0
core   0: 3 0x80010340 (0x408a0b33) x22 0x00000000
core   0: 0x80010344 (0x0125d113) srli    sp, a1, 18
core   0: 3 0x80010344 (0x0125d113) x 2 0x00002000
core   0: 0x80010348 (0x40d70133) sub     sp, a4, a3
core   0: 3 0x80010348 (0x40d70133) x 2 0x7ffd42dd
core   0: 0x8001034c (0xadabed37) lui     s10, 0xadabe
core   0: 3 0x8001034c (0xadabed37) x26 0xadabe000
core   0: 0x80010350 (0x00008ddd) c.or    a1, a5
core   0: 3 0x80010350 (0x8ddd) x11 0x800170e2
core   0: 0x80010352 (0x02251e33) mulh    t3, a0, sp
core   0: 3 0x80010352 (0x02251e33) x28 0xc0029c6a
core   0: 0x80010356 (0x6cf70493) addi    s1, a4, 1743
core   0: 3 0x80010356 (0x6cf70493) x 9 0x000006d0
core   0: 0x8001035a (0x03218563) beq     gp, s2, pc + 42
core   0: 3 0x8001035a (0x03218563)
core   0: 0x8001035e (0x00000001) c.nop
core   0: 3 0x8001035e (0x0001)
core   0: 0x80010360 (0x0000100f) fence.i
core   0: 3 0x80010360 (0x0000100f)
core   0: 0x80010364 (0x00009d7a) c.add   s10, t5
core   0: 3 0x80010364 (0x9d7a) x26 0xadaca001
core   0: 0x80010366 (0x00004435) c.li    s0, 13
core   0: 3 0x80010366 (0x4435) x 8 0x0000000d
core   0: 0x80010368 (0x0037eab3) or      s5, a5, gp
core   0: 3 0x80010368 (0x0037eab3) x21 0xffffffff
core   0: 0x8001036c (0x02ca0f63) beq     s4, a2, pc + 62
core   0: 3 0x8001036c (0x02ca0f63)
core   0: 0x80010370 (0x00008cc9) c.or    s1, a0
core   0: 3 0x80010370 (0x8cc9) x 9 0x80027fd0
core   0: 0x80010372 (0x00289513) slli    a0, a7, 2
core   0: 3 0x80010372 (0x00289513) x10 0x00000000
core   0: 0x80010376 (0x0000e209) c.bnez  a2, pc + 2
core   0: 3 0x80010376 (0xe209)
core   0: 0x80010378 (0x02446033) rem     zero, s0, tp
core   0: 3 0x80010378 (0x02446033)
core   0: 0x8001037c (0x00c22e33) slt     t3, tp, a2
core   0: 3 0x8001037c (0x00c22e33) x28 0x00000001
core   0: 0x80010380 (0x7e99ac93) slti    s9, s3, 2025
core   0: 3 0x80010380 (0x7e99ac93) x25 0x00000001
core   0: 0x80010384 (0x001a41b3) xor     gp, s4, ra
core   0: 3 0x80010384 (0x001a41b3) x 3 0xffffffff
core   0: 0x80010388 (0x00008ce6) c.mv    s9, s9
core   0: 3 0x80010388 (0x8ce6) x25 0x00000001
core   0: 0x8001038a (0x02084233) div     tp, a6, zero
core   0: 3 0x8001038a (0x02084233) x 4 0xffffffff
core   0: 0x8001038e (0x011e4eb3) xor     t4, t3, a7
core   0: 3 0x8001038e (0x011e4eb3) x29 0x00000001
core   0: 0x80010392 (0x4a04fd93) andi    s11, s1, 1184
core   0: 3 0x80010392 (0x4a04fd93) x27 0x00000480
core   0: 0x80010396 (0x0000c215) c.beqz  a2, pc + 36
core   0: 3 0x80010396 (0xc215)
core   0: 0x80010398 (0x000098fd) c.andi  s1, -1
core   0: 3 0x80010398 (0x98fd) x 9 0x80027fd0
core   0: 0x8001039a (0x000080c9) c.srli  s1, 18
core   0: 3 0x8001039a (0x80c9) x 9 0x00002000
core   0: 0x8001039c (0x00008a79) c.andi  a2, 30
core   0: 3 0x8001039c (0x8a79) x12 0x00000008
core   0: 0x8001039e (0x0441e063) bltu    gp, tp, pc + 64
core   0: 3 0x8001039e (0x0441e063)
core   0: 0x800103a2 (0x034098b3) mulh    a7, ra, s4
core   0: 3 0x800103a2 (0x034098b3) x17 0x00000000
core   0: 0x800103a6 (0x0000100f) fence.i
core   0: 3 0x800103a6 (0x0000100f)
core   0: 0x800103aa (0x033be4b3) rem     s1, s7, s3
core   0: 3 0x800103aa (0x033be4b3) x 9 0x800125c0
core   0: 0x800103ae (0x0064eab3) or      s5, s1, t1
core   0: 3 0x800103ae (0x0064eab3) x21 0xfffffde8
core   0: 0x800103b2 (0x0ff0000f) fence   iorw,iorw
core   0: 3 0x800103b2 (0x0ff0000f)
core   0: 0x800103b6 (0x0310d963) bge     ra, a7, pc + 50
core   0: 3 0x800103b6 (0x0310d963)
core   0: 0x800103ba (0x032051b3) divu    gp, zero, s2
core   0: 3 0x800103ba (0x032051b3) x 3 0x00000000
core   0: 0x800103be (0xf0102197) auipc   gp, 0xf0102
core   0: 3 0x800103be (0xf0102197) x 3 0x701123be
core   0: 0x800103c2 (0x8b297f93) andi    t6, s2, -1870
core   0: 3 0x800103c2 (0x8b297f93) x31 0x00000000
core   0: 0x800103c6 (0x00008e21) c.xor   a2, s0
core   0: 3 0x800103c6 (0x8e21) x12 0x00000005
core   0: 0x800103c8 (0x0308aeb3) mulhsu  t4, a7, a6
core   0: 3 0x800103c8 (0x0308aeb3) x29 0x00000000
core   0: 0x800103cc (0x416505b3) sub     a1, a0, s6
core   0: 3 0x800103cc (0x416505b3) x11 0x00000000
core   0: 0x800103d0 (0x4035de33) sra     t3, a1, gp
core   0: 3 0x800103d0 (0x4035de33) x28 0x00000000
core   0: 0x800103d4 (0x029fdb63) bge     t6, s1, pc + 54
core   0: 3 0x800103d4 (0x029fdb63)
core   0: 0x8001040a (0x022be763) bltu    s7, sp, pc + 46
core   0: 3 0x8001040a (0x022be763)
core   0: 0x8001040e (0x0000c781) c.beqz  a5, pc + 8
core   0: 3 0x8001040e (0xc781)
core   0: 0x80010410 (0x0000100f) fence.i
core   0: 3 0x80010410 (0x0000100f)
core   0: 0x80010414 (0x00009a7d) c.andi  a2, -1
core   0: 3 0x80010414 (0x9a7d) x12 0x00000005
core   0: 0x80010416 (0x00008e41) c.or    a2, s0
core   0: 3 0x80010416 (0x8e41) x12 0x0000000d
core   0: 0x80010418 (0x412b8133) sub     sp, s7, s2
core   0: 3 0x80010418 (0x412b8133) x 2 0x800125bf
core   0: 0x8001041c (0x0ff0000f) fence   iorw,iorw
core   0: 3 0x8001041c (0x0ff0000f)
core   0: 0x80010420 (0x00008892) c.mv    a7, tp
core   0: 3 0x80010420 (0x8892) x17 0xffffffff
core   0: 0x80010422 (0x025cc533) div     a0, s9, t0
core   0: 3 0x80010422 (0x025cc533) x10 0x00000000
core   0: 0x80010426 (0x755e7e97) auipc   t4, 0x755e7
core   0: 3 0x80010426 (0x755e7e97) x29 0xf55f7426
core   0: 0x8001042a (0x016efd33) and     s10, t4, s6
core   0: 3 0x8001042a (0x016efd33) x26 0x00000000
core   0: 0x8001042e (0x94d86c13) ori     s8, a6, -1715
core   0: 3 0x8001042e (0x94d86c13) x24 0xffffff5d
core   0: 0x80010432 (0x000099c6) c.add   s3, a7
core   0: 3 0x80010432 (0x99c6) x19 0xffffffff
core   0: 0x80010434 (0xdba3ac13) slti    s8, t2, -582
core   0: 3 0x80010434 (0xdba3ac13) x24 0x00000000
core   0: 0x80010438 (0x015e4263) blt     t3, s5, pc + 4
core   0: 3 0x80010438 (0x015e4263)
core   0: 0x8001043c (0x000088ea) c.mv    a7, s10
core   0: 3 0x8001043c (0x88ea) x17 0x00000000
core   0: 0x8001043e (0x00008f0d) c.sub   a4, a1
core   0: 3 0x8001043e (0x8f0d) x14 0x00000001
core   0: 0x80010440 (0x415c54b3) sra     s1, s8, s5
core   0: 3 0x80010440 (0x415c54b3) x 9 0x00000000
core   0: 0x80010444 (0x00005d7d) c.li    s10, -1
core   0: 3 0x80010444 (0x5d7d) x26 0xffffffff
core   0: 0x80010446 (0x00000001) c.nop
core   0: 3 0x80010446 (0x0001)
core   0: 0x80010448 (0x00008186) c.mv    gp, ra
core   0: 3 0x80010448 (0x8186) x 3 0xffffffff
core   0: 0x8001044a (0x0000198c) c.addi4spn a1, sp, 240
core   0: 3 0x8001044a (0x198c) x11 0x800126af
core   0: 0x8001044c (0x018da433) slt     s0, s11, s8
core   0: 3 0x8001044c (0x018da433) x 8 0x00000000
core   0: 0x80010450 (0x00000c22) c.slli  s8, 8
core   0: 3 0x80010450 (0x0c22) x24 0x00000000
core   0: 0x80010452 (0x0000987d) c.andi  s0, -1
core   0: 3 0x80010452 (0x987d) x 8 0x00000000
core   0: 0x80010454 (0x000017fd) c.addi  a5, -1
core   0: 3 0x80010454 (0x17fd) x15 0x00004fff
core   0: 0x80010456 (0x036c4263) blt     s8, s6, pc + 36
core   0: 3 0x80010456 (0x036c4263)
core   0: 0x8001045a (0x0143abb3) slt     s7, t2, s4
core   0: 3 0x8001045a (0x0143abb3) x23 0x00000000
core   0: 0x8001045e (0x00000962) c.slli  s2, 24
core   0: 3 0x8001045e (0x0962) x18 0x01000000
core   0: 0x80010460 (0x0278ecb3) rem     s9, a7, t2
core   0: 3 0x80010460 (0x0278ecb3) x25 0x00000000
core   0: 0x80010464 (0x0000c589) c.beqz  a1, pc + 10
core   0: 3 0x80010464 (0xc589)
core   0: 0x80010466 (0x03a45b63) bge     s0, s10, pc + 54
core   0: 3 0x80010466 (0x03a45b63)
core   0: 0x8001049c (0x04c24163) blt     tp, a2, pc + 66
core   0: 3 0x8001049c (0x04c24163)
core   0: 0x800104de (0x00518663) beq     gp, t0, pc + 12
core   0: 3 0x800104de (0x00518663)
core   0: 0x800104e2 (0x035f27b3) mulhsu  a5, t5, s5
core   0: 3 0x800104e2 (0x035f27b3) x15 0x0000c000
core   0: 0x800104e6 (0x00000900) c.addi4spn s0, sp, 144
core   0: 3 0x800104e6 (0x0900) x 8 0x8001264f
core   0: 0x800104e8 (0x00008575) c.srai  a0, 29
core   0: 3 0x800104e8 (0x8575) x10 0x00000000
core   0: 0x800104ea (0x406a5e33) sra     t3, s4, t1
core   0: 3 0x800104ea (0x406a5e33) x28 0x00000000
core   0: 0x800104ee (0x00000116) c.slli  sp, 5
core   0: 3 0x800104ee (0x0116) x 2 0x0024b7e0
core   0: 0x800104f0 (0x00006119) c.addi16sp sp, 384
core   0: 3 0x800104f0 (0x6119) x 2 0x0024b960
core   0: 0x800104f2 (0x00008309) c.srli  a4, 2
core   0: 3 0x800104f2 (0x8309) x14 0x00000000
core   0: 0x800104f4 (0x403a8cb3) sub     s9, s5, gp
core   0: 3 0x800104f4 (0x403a8cb3) x25 0xfffffde9
core   0: 0x800104f8 (0x02015f63) bgez    sp, pc + 62
core   0: 3 0x800104f8 (0x02015f63)
core   0: 0x80010536 (0x034f7db3) remu    s11, t5, s4
core   0: 3 0x80010536 (0x034f7db3) x27 0x0000c001
core   0: 0x8001053a (0x02cae0b3) rem     ra, s5, a2
core   0: 3 0x8001053a (0x02cae0b3) x 1 0xfffffffd
core   0: 0x8001053e (0x012f9f13) slli    t5, t6, 18
core   0: 3 0x8001053e (0x012f9f13) x30 0x00000000
core   0: 0x80010542 (0x01f54db3) xor     s11, a0, t6
core   0: 3 0x80010542 (0x01f54db3) x27 0x00000000
core   0: 0x80010546 (0x00008d75) c.and   a0, a3
core   0: 3 0x80010546 (0x8d75) x10 0x00000000
core   0: 0x80010548 (0x00008341) c.srli  a4, 16
core   0: 3 0x80010548 (0x8341) x14 0x00000000
core   0: 0x8001054a (0x0000137d) c.addi  t1, -1
core   0: 3 0x8001054a (0x137d) x 6 0xfffffd67
core   0: 0x8001054c (0xb4d16a13) ori     s4, sp, -1203
core   0: 3 0x8001054c (0xb4d16a13) x20 0xfffffb6d
core   0: 0x80010550 (0x0000e599) c.bnez  a1, pc + 14
core   0: 3 0x80010550 (0xe599)
core   0: 0x8001055e (0x0010bab3) sltu    s5, ra, ra
core   0: 3 0x8001055e (0x0010bab3) x21 0x00000000
core   0: 0x80010562 (0x00a81f13) slli    t5, a6, 10
core   0: 3 0x80010562 (0x00a81f13) x30 0x09f96000
core   0: 0x80010566 (0x406108b3) sub     a7, sp, t1
core   0: 3 0x80010566 (0x406108b3) x17 0x0024bbf9
core   0: 0x8001056a (0x03ef95b3) mulh    a1, t6, t5
core   0: 3 0x8001056a (0x03ef95b3) x11 0x00000000
core   0: 0x8001056e (0x000098fd) c.andi  s1, -1
core   0: 3 0x8001056e (0x98fd) x 9 0x00000000
core   0: 0x80010570 (0x0000717d) c.addi16sp sp, -16
core   0: 3 0x80010570 (0x717d) x 2 0x0024b950
core   0: 0x80010572 (0x00008455) c.srai  s0, 21
core   0: 3 0x80010572 (0x8455) x 8 0xfffffc00
core   0: 0x80010574 (0x00008f32) c.mv    t5, a2
core   0: 3 0x80010574 (0x8f32) x30 0x0000000d
core   0: 0x80010576 (0x023f27b3) mulhsu  a5, t5, gp
core   0: 3 0x80010576 (0x023f27b3) x15 0x0000000c
core   0: 0x8001057a (0x40998ab3) sub     s5, s3, s1
core   0: 3 0x8001057a (0x40998ab3) x21 0xffffffff
core   0: 0x8001057e (0x000087d1) c.srai  a5, 20
core   0: 3 0x8001057e (0x87d1) x15 0x00000000
core   0: 0x80010580 (0x01745a33) srl     s4, s0, s7
core   0: 3 0x80010580 (0x01745a33) x20 0xfffffc00
core   0: 0x80010584 (0x00000001) c.nop
core   0: 3 0x80010584 (0x0001)
core   0: 0x80010586 (0x408ed493) srai    s1, t4, 8
core   0: 3 0x80010586 (0x408ed493) x 9 0xfff55f74
core   0: 0x8001058a (0x007ec363) blt     t4, t2, pc + 6
core   0: 3 0x8001058a (0x007ec363)
core   0: 0x80010590 (0x01768363) beq     a3, s7, pc + 6
core   0: 3 0x80010590 (0x01768363)
core   0: 0x80010594 (0x00008db5) c.xor   a1, a3
core   0: 3 0x80010594 (0x8db5) x11 0x8002bd24
core   0: 0x80010596 (0x01777033) and     zero, a4, s7
core   0: 3 0x80010596 (0x01777033)
core   0: 0x8001059a (0x03db0463) beq     s6, t4, pc + 40
core   0: 3 0x8001059a (0x03db0463)
core   0: 0x8001059e (0x03409a63) bne     ra, s4, pc + 52
core   0: 3 0x8001059e (0x03409a63)
core   0: 0x800105d2 (0x126e8017) auipc   zero, 0x126e8
core   0: 3 0x800105d2 (0x126e8017)
core   0: 0x800105d6 (0x018c4bb3) xor     s7, s8, s8
core   0: 3 0x800105d6 (0x018c4bb3) x23 0x00000000
core   0: 0x800105da (0x1a7a7197) auipc   gp, 0x1a7a7
core   0: 3 0x800105da (0x1a7a7197) x 3 0x9a7b75da
core   0: 0x800105de (0x00001084) c.addi4spn s1, sp, 96
core   0: 3 0x800105de (0x1084) x 9 0x0024b9b0
core   0: 0x800105e0 (0xace40093) addi    ra, s0, -1330
core   0: 3 0x800105e0 (0xace40093) x 1 0xfffff6ce
core   0: 0x800105e4 (0x0000eb15) c.bnez  a4, pc + 52
core   0: 3 0x800105e4 (0xeb15)
core   0: 0x800105e6 (0x5428ac93) slti    s9, a7, 1346
core   0: 3 0x800105e6 (0x5428ac93) x25 0x00000000
core   0: 0x800105ea (0x00000808) c.addi4spn a0, sp, 16
core   0: 3 0x800105ea (0x0808) x10 0x0024b960
core   0: 0x800105ec (0x26af4797) auipc   a5, 0x26af4
core   0: 3 0x800105ec (0x26af4797) x15 0xa6b045ec
core   0: 0x800105f0 (0x00008895) c.andi  s1, 5
core   0: 3 0x800105f0 (0x8895) x 9 0x00000000
core   0: 0x800105f2 (0x002b1613) slli    a2, s6, 2
core   0: 3 0x800105f2 (0x002b1613) x12 0x00000000
core   0: 0x800105f6 (0x00008e86) c.mv    t4, ra
core   0: 3 0x800105f6 (0x8e86) x29 0xfffff6ce
core   0: 0x800105f8 (0x00971413) slli    s0, a4, 9
core   0: 3 0x800105f8 (0x00971413) x 8 0x00000000
core   0: 0x800105fc (0x00006141) c.addi16sp sp, 16
core   0: 3 0x800105fc (0x6141) x 2 0x0024b960
core   0: 0x800105fe (0x02ac4263) blt     s8, a0, pc + 36
core   0: 3 0x800105fe (0x02ac4263)
core   0: 0x80010622 (0x53d7ad93) slti    s11, a5, 1341
core   0: 3 0x80010622 (0x53d7ad93) x27 0x00000001
core   0: 0x80010626 (0x0349c9b3) div     s3, s3, s4
core   0: 3 0x80010626 (0x0349c9b3) x19 0x00000000
core   0: 0x8001062a (0x0000073a) c.slli  a4, 14
core   0: 3 0x8001062a (0x073a) x14 0x00000000
core   0: 0x8001062c (0x01d68b33) add     s6, a3, t4
core   0: 3 0x8001062c (0x01d68b33) x22 0x8002b3f2
core   0: 0x80010630 (0x9e220093) addi    ra, tp, -1566
core   0: 3 0x80010630 (0x9e220093) x 1 0xfffff9e1
core   0: 0x80010634 (0x01d01513) slli    a0, zero, 29
core   0: 3 0x80010634 (0x01d01513) x10 0x00000000
core   0: 0x80010638 (0x00008f7d) c.and   a4, a5
core   0: 3 0x80010638 (0x8f7d) x14 0x00000000
core   0: 0x8001063a (0x016c2e33) slt     t3, s8, s6
core   0: 3 0x8001063a (0x016c2e33) x28 0x00000000
core   0: 0x8001063e (0x01befe33) and     t3, t4, s11
core   0: 3 0x8001063e (0x01befe33) x28 0x00000000
core   0: 0x80010642 (0x000088ee) c.mv    a7, s11
core   0: 3 0x80010642 (0x88ee) x17 0x00000001
core   0: 0x80010644 (0x00008e29) c.xor   a2, a0
core   0: 3 0x80010644 (0x8e29) x12 0x00000000
core   0: 0x80010646 (0x026417b3) mulh    a5, s0, t1
core   0: 3 0x80010646 (0x026417b3) x15 0x00000000
core   0: 0x8001064a (0x005fce33) xor     t3, t6, t0
core   0: 3 0x8001064a (0x005fce33) x28 0xfffffee3
core   0: 0x8001064e (0x02cd6e33) rem     t3, s10, a2
core   0: 3 0x8001064e (0x02cd6e33) x28 0xffffffff
core   0: 0x80010652 (0x00006ba9) c.lui   s7, 0xa
core   0: 3 0x80010652 (0x6ba9) x23 0x0000a000
core   0: 0x80010654 (0x001dabb3) slt     s7, s11, ra
core   0: 3 0x80010654 (0x001dabb3) x23 0x00000000
core   0: 0x80010658 (0x0393d763) bge     t2, s9, pc + 46
core   0: 3 0x80010658 (0x0393d763)
core   0: 0x80010686 (0x01f09633) sll     a2, ra, t6
core   0: 3 0x80010686 (0x01f09633) x12 0xfffff9e1
core   0: 0x8001068a (0x013bd013) srli    zero, s7, 19
core   0: 3 0x8001068a (0x013bd013)
core   0: 0x8001068e (0x00000489) c.addi  s1, 2
core   0: 3 0x8001068e (0x0489) x 9 0x00000002
core   0: 0x80010690 (0x017e1fb3) sll     t6, t3, s7
core   0: 3 0x80010690 (0x017e1fb3) x31 0xffffffff
core   0: 0x80010694 (0x0000100f) fence.i
core   0: 3 0x80010694 (0x0000100f)
core   0: 0x80010698 (0x000084ad) c.srai  s1, 11
core   0: 3 0x80010698 (0x84ad) x 9 0x00000000
core   0: 0x8001069a (0x00009b12) c.add   s6, tp
core   0: 3 0x8001069a (0x9b12) x22 0x8002b3f1
core   0: 0x8001069c (0x45215d97) auipc   s11, 0x45215
core   0: 3 0x8001069c (0x45215d97) x27 0xc522569c
core   0: 0x800106a0 (0x01799313) slli    t1, s3, 23
core   0: 3 0x800106a0 (0x01799313) x 6 0x00000000
core   0: 0x800106a4 (0x00008f1d) c.sub   a4, a5
core   0: 3 0x800106a4 (0x8f1d) x14 0x00000000
core   0: 0x800106a6 (0x0ff0000f) fence   iorw,iorw
core   0: 3 0x800106a6 (0x0ff0000f)
core   0: 0x800106aa (0x000a5db3) srl     s11, s4, zero
core   0: 3 0x800106aa (0x000a5db3) x27 0xfffffc00
core   0: 0x800106ae (0x035662b3) rem     t0, a2, s5
core   0: 3 0x800106ae (0x035662b3) x 5 0x00000000
core   0: 0x800106b2 (0x33692293) slti    t0, s2, 822
core   0: 3 0x800106b2 (0x33692293) x 5 0x00000000
core   0: 0x800106b6 (0x03df3133) mulhu   sp, t5, t4
core   0: 3 0x800106b6 (0x03df3133) x 2 0x0000000c
core   0: 0x800106ba (0x01a8d533) srl     a0, a7, s10
core   0: 3 0x800106ba (0x01a8d533) x10 0x00000000
core   0: 0x800106be (0x00000001) c.nop
core   0: 3 0x800106be (0x0001)
core   0: 0x800106c0 (0x0004f763) bgeu    s1, zero, pc + 14
core   0: 3 0x800106c0 (0x0004f763)
core   0: 0x800106ce (0x00004e61) c.li    t3, 24
core   0: 3 0x800106ce (0x4e61) x28 0x00000018
core   0: 0x800106d0 (0x00aa17b3) sll     a5, s4, a0
core   0: 3 0x800106d0 (0x00aa17b3) x15 0xfffffc00
core   0: 0x800106d4 (0x009b0463) beq     s6, s1, pc + 8
core   0: 3 0x800106d4 (0x009b0463)
core   0: 0x800106d8 (0x567e7737) lui     a4, 0x567e7
core   0: 3 0x800106d8 (0x567e7737) x14 0x567e7000
core   0: 0x800106dc (0x00000001) c.nop
core   0: 3 0x800106dc (0x0001)
core   0: 0x800106de (0x034ac7b3) div     a5, s5, s4
core   0: 3 0x800106de (0x034ac7b3) x15 0x00000000
core   0: 0x800106e2 (0x00008ca1) c.xor   s1, s0
core   0: 3 0x800106e2 (0x8ca1) x 9 0x00000000
core   0: 0x800106e4 (0x02475eb3) divu    t4, a4, tp
core   0: 3 0x800106e4 (0x02475eb3) x29 0x00000000
core   0: 0x800106e8 (0x004df663) bgeu    s11, tp, pc + 12
core   0: 3 0x800106e8 (0x004df663)
core   0: 0x800106ec (0x0376ad33) mulhsu  s10, a3, s7
core   0: 3 0x800106ec (0x0376ad33) x26 0x00000000
core   0: 0x800106f0 (0xae978c13) addi    s8, a5, -1303
core   0: 3 0x800106f0 (0xae978c13) x24 0xfffffae9
core   0: 0x800106f4 (0x0000717d) c.addi16sp sp, -16
core   0: 3 0x800106f4 (0x717d) x 2 0xfffffffc
core   0: 0x800106f6 (0x00008de6) c.mv    s11, s9
core   0: 3 0x800106f6 (0x8de6) x27 0x00000000
core   0: 0x800106f8 (0x00000e6e) c.slli  t3, 27
core   0: 3 0x800106f8 (0x0e6e) x28 0xc0000000
core   0: 0x800106fa (0x0000717d) c.addi16sp sp, -16
core   0: 3 0x800106fa (0x717d) x 2 0xffffffec
core   0: 0x800106fc (0x02505563) bge     zero, t0, pc + 42
core   0: 3 0x800106fc (0x02505563)
core   0: 0x80010726 (0x020b2933) mulhsu  s2, s6, zero
core   0: 3 0x80010726 (0x020b2933) x18 0x00000000
core   0: 0x8001072a (0x01195313) srli    t1, s2, 17
core   0: 3 0x8001072a (0x01195313) x 6 0x00000000
core   0: 0x8001072e (0x00008105) c.srli  a0, 1
core   0: 3 0x8001072e (0x8105) x10 0x00000000
core   0: 0x80010730 (0x02ce9933) mulh    s2, t4, a2
core   0: 3 0x80010730 (0x02ce9933) x18 0x00000000
core   0: 0x80010734 (0x031bd7b3) divu    a5, s7, a7
core   0: 3 0x80010734 (0x031bd7b3) x15 0x00000000
core   0: 0x80010738 (0x40a789b3) sub     s3, a5, a0
core   0: 3 0x80010738 (0x40a789b3) x19 0x00000000
core   0: 0x8001073c (0x03caf333) remu    t1, s5, t3
core   0: 3 0x8001073c (0x03caf333) x 6 0x3fffffff
core   0: 0x80010740 (0x00008e5d) c.or    a2, a5
core   0: 3 0x80010740 (0x8e5d) x12 0xfffff9e1
core   0: 0x80010742 (0x00008dd1) c.or    a1, a2
core   0: 3 0x80010742 (0x8dd1) x11 0xfffffde5
core   0: 0x80010744 (0x570ba013) slti    zero, s7, 1392
core   0: 3 0x80010744 (0x570ba013)
core   0: 0x80010748 (0x418455b3) sra     a1, s0, s8
core   0: 3 0x80010748 (0x418455b3) x11 0x00000000
core   0: 0x8001074c (0x014c91b3) sll     gp, s9, s4
core   0: 3 0x8001074c (0x014c91b3) x 3 0x00000000
core   0: 0x80010750 (0x0308d263) bge     a7, a6, pc + 36
core   0: 3 0x80010750 (0x0308d263)
core   0: 0x80010774 (0x00cf6363) bltu    t5, a2, pc + 6
core   0: 3 0x80010774 (0x00cf6363)
core   0: 0x8001077a (0x00410033) add     zero, sp, tp
core   0: 3 0x8001077a (0x00410033)
core   0: 0x8001077e (0x006ce663) bltu    s9, t1, pc + 12
core   0: 3 0x8001077e (0x006ce663)
core   0: 0x8001078a (0x00de68b3) or      a7, t3, a3
core   0: 3 0x8001078a (0x00de68b3) x17 0xc002bd24
core   0: 0x8001078e (0x00006579) c.lui   a0, 0x1e
core   0: 3 0x8001078e (0x6579) x10 0x0001e000
core   0: 0x80010790 (0x032b8e33) mul     t3, s7, s2
core   0: 3 0x80010790 (0x032b8e33) x28 0x00000000
core   0: 0x80010794 (0x02261ab3) mulh    s5, a2, sp
core   0: 3 0x80010794 (0x02261ab3) x21 0x00000000
core   0: 0x80010798 (0x027a7663) bgeu    s4, t2, pc + 44
core   0: 3 0x80010798 (0x027a7663)
core   0: 0x800107c4 (0x00006ca9) c.lui   s9, 0xa
core   0: 3 0x800107c4 (0x6ca9) x25 0x0000a000
core   0: 0x800107c6 (0x0000990a) c.add   s2, sp
core   0: 3 0x800107c6 (0x990a) x18 0xffffffec
core   0: 0x800107c8 (0x01bf6533) or      a0, t5, s11
core   0: 3 0x800107c8 (0x01bf6533) x10 0x0000000d
core   0: 0x800107cc (0x038b1f63) bne     s6, s8, pc + 62
core   0: 3 0x800107cc (0x038b1f63)
core   0: 0x8001080a (0x0000923a) c.add   tp, a4
core   0: 3 0x8001080a (0x923a) x 4 0x567e6fff
core   0: 0x8001080c (0x00008c9d) c.sub   s1, a5
core   0: 3 0x8001080c (0x8c9d) x 9 0x00000000
core   0: 0x8001080e (0x0000717d) c.addi16sp sp, -16
core   0: 3 0x8001080e (0x717d) x 2 0xffffffdc
core   0: 0x80010810 (0x00005afd) c.li    s5, -1
core   0: 3 0x80010810 (0x5afd) x21 0xffffffff
core   0: 0x80010812 (0x0000100f) fence.i
core   0: 3 0x80010812 (0x0000100f)
core   0: 0x80010816 (0x00006129) c.addi16sp sp, 192
core   0: 3 0x80010816 (0x6129) x 2 0x0000009c
core   0: 0x80010818 (0x00008c49) c.or    s0, a0
core   0: 3 0x80010818 (0x8c49) x 8 0x0000000d
core   0: 0x8001081a (0x03f3ce63) blt     t2, t6, pc + 60
core   0: 3 0x8001081a (0x03f3ce63)
core   0: 0x8001081e (0x012420b3) slt     ra, s0, s2
core   0: 3 0x8001081e (0x012420b3) x 1 0x00000000
core   0: 0x80010822 (0x03203233) mulhu   tp, zero, s2
core   0: 3 0x80010822 (0x03203233) x 4 0x00000000
core   0: 0x80010826 (0x000064c5) c.lui   s1, 0x11
core   0: 3 0x80010826 (0x64c5) x 9 0x00011000
core   0: 0x80010828 (0x018b5a33) srl     s4, s6, s8
core   0: 3 0x80010828 (0x018b5a33) x20 0x00400159
core   0: 0x8001082c (0x00006dc1) c.lui   s11, 0x10
core   0: 3 0x8001082c (0x6dc1) x27 0x00010000
core   0: 0x8001082e (0x011ac4b3) xor     s1, s5, a7
core   0: 3 0x8001082e (0x011ac4b3) x 9 0x3ffd42db
core   0: 0x80010832 (0x0000100f) fence.i
core   0: 3 0x80010832 (0x0000100f)
core   0: 0x80010836 (0x01de5333) srl     t1, t3, t4
core   0: 3 0x80010836 (0x01de5333) x 6 0x00000000
core   0: 0x8001083a (0x00000001) c.nop
core   0: 3 0x8001083a (0x0001)
core   0: 0x8001083c (0x00f8ddb3) srl     s11, a7, a5
core   0: 3 0x8001083c (0x00f8ddb3) x27 0xc002bd24
core   0: 0x80010840 (0x000081fe) c.mv    gp, t6
core   0: 3 0x80010840 (0x81fe) x 3 0xffffffff
core   0: 0x80010842 (0x00000d8e) c.slli  s11, 3
core   0: 3 0x80010842 (0x0d8e) x27 0x0015e920
core   0: 0x80010844 (0x41b25eb3) sra     t4, tp, s11
core   0: 3 0x80010844 (0x41b25eb3) x29 0x00000000
core   0: 0x80010848 (0x000008d6) c.slli  a7, 21
core   0: 3 0x80010848 (0x08d6) x17 0xa4800000
core   0: 0x8001084a (0x00008751) c.srai  a4, 20
core   0: 3 0x8001084a (0x8751) x14 0x00000567
core   0: 0x8001084c (0x03603233) mulhu   tp, zero, s6
core   0: 3 0x8001084c (0x03603233) x 4 0x00000000
core   0: 0x80010850 (0x03ddfb33) remu    s6, s11, t4
core   0: 3 0x80010850 (0x03ddfb33) x22 0x0015e920
core   0: 0x80010854 (0x00009de2) c.add   s11, s8
core   0: 3 0x80010854 (0x9de2) x27 0x0015e409
core   0: 0x80010856 (0xcdbe0d93) addi    s11, t3, -805
core   0: 3 0x80010856 (0xcdbe0d93) x27 0xfffffcdb
core   0: 0x8001085a (0x028cd1b3) divu    gp, s9, s0
core   0: 3 0x8001085a (0x028cd1b3) x 3 0x00000c4e
core   0: 0x8001085e (0xbf8b6f13) ori     t5, s6, -1032
core   0: 3 0x8001085e (0xbf8b6f13) x30 0xfffffbf8
core   0: 0x80010862 (0x0142e333) or      t1, t0, s4
core   0: 3 0x80010862 (0x0142e333) x 6 0x00400159
core   0: 0x80010866 (0xf1d87f13) andi    t5, a6, -227
core   0: 3 0x80010866 (0xf1d87f13) x30 0x80027e18
core   0: 0x8001086a (0x00e4f233) and     tp, s1, a4
core   0: 3 0x8001086a (0x00e4f233) x 4 0x00000043
core   0: 0x8001086e (0x26e549b7) lui     s3, 0x26e54
core   0: 3 0x8001086e (0x26e549b7) x19 0x26e54000
core   0: 0x80010872 (0x03c17663) bgeu    sp, t3, pc + 44
core   0: 3 0x80010872 (0x03c17663)
core   0: 0x8001089e (0x02e6bfb3) mulhu   t6, a3, a4
core   0: 3 0x8001089e (0x02e6bfb3) x31 0x000002b3
core   0: 0x800108a2 (0x7a364e93) xori    t4, a2, 1955
core   0: 3 0x800108a2 (0x7a364e93) x29 0xfffffe42
core   0: 0x800108a6 (0x00001a7d) c.addi  s4, -1
core   0: 3 0x800108a6 (0x1a7d) x20 0x00400158
core   0: 0x800108a8 (0x00b64263) blt     a2, a1, pc + 4
core   0: 3 0x800108a8 (0x00b64263)
core   0: 0x800108ac (0x022b0d33) mul     s10, s6, sp
core   0: 3 0x800108ac (0x022b0d33) x26 0x0d5a0f80
core   0: 0x800108b0 (0x000011fd) c.addi  gp, -1
core   0: 3 0x800108b0 (0x11fd) x 3 0x00000c4d
core   0: 0x800108b2 (0x2c523517) auipc   a0, 0x2c523
core   0: 3 0x800108b2 (0x2c523517) x10 0xac5338b2
core   0: 0x800108b6 (0x02450d63) beq     a0, tp, pc + 58
core   0: 3 0x800108b6 (0x02450d63)
core   0: 0x800108ba (0x41128233) sub     tp, t0, a7
core   0: 3 0x800108ba (0x41128233) x 4 0x5b800000
core   0: 0x800108be (0x00008fed) c.and   a5, a1
core   0: 3 0x800108be (0x8fed) x15 0x00000000
core   0: 0x800108c0 (0xd899f313) andi    t1, s3, -631
core   0: 3 0x800108c0 (0xd899f313) x 6 0x26e54000
core   0: 0x800108c4 (0x00006d35) c.lui   s10, 0xd
core   0: 3 0x800108c4 (0x6d35) x26 0x0000d000
core   0: 0x800108c6 (0x3aac7713) andi    a4, s8, 938
core   0: 3 0x800108c6 (0x3aac7713) x14 0x000002a8
core   0: 0x800108ca (0x00008fc5) c.or    a5, s1
core   0: 3 0x800108ca (0x8fc5) x15 0x3ffd42db
core   0: 0x800108cc (0x00f0d663) bge     ra, a5, pc + 12
core   0: 3 0x800108cc (0x00f0d663)
core   0: 0x800108d0 (0x02ecfdb3) remu    s11, s9, a4
core   0: 3 0x800108d0 (0x02ecfdb3) x27 0x000000a0
core   0: 0x800108d4 (0x6da8ca93) xori    s5, a7, 1754
core   0: 3 0x800108d4 (0x6da8ca93) x21 0xa48006da
core   0: 0x800108d8 (0x00008636) c.mv    a2, a3
core   0: 3 0x800108d8 (0x8636) x12 0x8002bd24
core   0: 0x800108da (0x00000001) c.nop
core   0: 3 0x800108da (0x0001)
core   0: 0x800108dc (0x41495c93) srai    s9, s2, 20
core   0: 3 0x800108dc (0x41495c93) x25 0xffffffff
core   0: 0x800108e0 (0x016ed913) srli    s2, t4, 22
core   0: 3 0x800108e0 (0x016ed913) x18 0x000003ff
core   0: 0x800108e4 (0x023b7933) remu    s2, s6, gp
core   0: 3 0x800108e4 (0x023b7933) x18 0x00000c45
core   0: 0x800108e8 (0x26fa2e93) slti    t4, s4, 623
core   0: 3 0x800108e8 (0x26fa2e93) x29 0x00000000
core   0: 0x800108ec (0x038ddcb3) divu    s9, s11, s8
core   0: 3 0x800108ec (0x038ddcb3) x25 0x00000000
core   0: 0x800108f0 (0x03119333) mulh    t1, gp, a7
core   0: 3 0x800108f0 (0x03119333) x 6 0xfffffb9a
core   0: 0x800108f4 (0x00008476) c.mv    s0, t4
core   0: 3 0x800108f4 (0x8476) x 8 0x00000000
core   0: 0x800108f6 (0x0ff0000f) fence   iorw,iorw
core   0: 3 0x800108f6 (0x0ff0000f)
core   0: 0x800108fa (0x6c174713) xori    a4, a4, 1729
core   0: 3 0x800108fa (0x6c174713) x14 0x00000469
core   0: 0x800108fe (0x00008f6d) c.and   a4, a1
core   0: 3 0x800108fe (0x8f6d) x14 0x00000000
core   0: 0x80010900 (0x0000091e) c.slli  s2, 7
core   0: 3 0x80010900 (0x091e) x18 0x00062280
core   0: 0x80010902 (0x000081a9) c.srli  a1, 10
core   0: 3 0x80010902 (0x81a9) x11 0x00000000
core   0: 0x80010904 (0x7ff17b93) andi    s7, sp, 2047
core   0: 3 0x80010904 (0x7ff17b93) x23 0x0000009c
core   0: 0x80010908 (0x40dc8bb3) sub     s7, s9, a3
core   0: 3 0x80010908 (0x40dc8bb3) x23 0x7ffd42dc
core   0: 0x8001090c (0x00008cd5) c.or    s1, a3
core   0: 3 0x8001090c (0x8cd5) x 9 0xbfffffff
core   0: 0x8001090e (0x00008e71) c.and   a2, a2
core   0: 3 0x8001090e (0x8e71) x12 0x8002bd24
core   0: 0x80010910 (0x01b158b3) srl     a7, sp, s11
core   0: 3 0x80010910 (0x01b158b3) x17 0x0000009c
core   0: 0x80010914 (0x6d41ab13) slti    s6, gp, 1748
core   0: 3 0x80010914 (0x6d41ab13) x22 0x00000000
core   0: 0x80010918 (0x015d6463) bltu    s10, s5, pc + 8
core   0: 3 0x80010918 (0x015d6463)
core   0: 0x80010920 (0x00006fc9) c.lui   t6, 0x12
core   0: 3 0x80010920 (0x6fc9) x31 0x00012000
core   0: 0x80010922 (0x00961f33) sll     t5, a2, s1
core   0: 3 0x80010922 (0x00961f33) x30 0x00000000
core   0: 0x80010926 (0x00009e7a) c.add   t3, t5
core   0: 3 0x80010926 (0x9e7a) x28 0x00000000
core   0: 0x80010928 (0x00008ca1) c.xor   s1, s0
core   0: 3 0x80010928 (0x8ca1) x 9 0xbfffffff
core   0: 0x8001092a (0x038e5e63) bge     t3, s8, pc + 60
core   0: 3 0x8001092a (0x038e5e63)
core   0: 0x80010966 (0x004ffb33) and     s6, t6, tp
core   0: 3 0x80010966 (0x004ffb33) x22 0x00000000
core   0: 0x8001096a (0x403182b3) sub     t0, gp, gp
core   0: 3 0x8001096a (0x403182b3) x 5 0x00000000
core   0: 0x8001096e (0x010a4033) xor     zero, s4, a6
core   0: 3 0x8001096e (0x010a4033)
core   0: 0x80010972 (0x005b0533) add     a0, s6, t0
core   0: 3 0x80010972 (0x005b0533) x10 0x00000000
core   0: 0x80010976 (0x1ff60113) addi    sp, a2, 511
core   0: 3 0x80010976 (0x1ff60113) x 2 0x8002bf23
core   0: 0x8001097a (0x03156cb3) rem     s9, a0, a7
core   0: 3 0x8001097a (0x03156cb3) x25 0x00000000
core   0: 0x8001097e (0x018ed0b3) srl     ra, t4, s8
core   0: 3 0x8001097e (0x018ed0b3) x 1 0x00000000
core   0: 0x80010982 (0xd97d7013) andi    zero, s10, -617
core   0: 3 0x80010982 (0xd97d7013)
core   0: 0x80010986 (0x00000001) c.nop
core   0: 3 0x80010986 (0x0001)
core   0: 0x80010988 (0x03c84a63) blt     a6, t3, pc + 52
core   0: 3 0x80010988 (0x03c84a63)
core   0: 0x800109bc (0x02d6d563) bge     a3, a3, pc + 42
core   0: 3 0x800109bc (0x02d6d563)
core   0: 0x800109e6 (0x03484133) div     sp, a6, s4
core   0: 3 0x800109e6 (0x03484133) x 2 0xfffffe01
core   0: 0x800109ea (0x0279f363) bgeu    s3, t2, pc + 38
core   0: 3 0x800109ea (0x0279f363)
core   0: 0x80010a10 (0x40a1d493) srai    s1, gp, 10
core   0: 3 0x80010a10 (0x40a1d493) x 9 0x00000003
core   0: 0x80010a14 (0x00008745) c.srai  a4, 17
core   0: 3 0x80010a14 (0x8745) x14 0x00000000
core   0: 0x80010a16 (0x00004329) c.li    t1, 10
core   0: 3 0x80010a16 (0x4329) x 6 0x0000000a
core   0: 0x80010a18 (0x0124a4b3) slt     s1, s1, s2
core   0: 3 0x80010a18 (0x0124a4b3) x 9 0x00000001
core   0: 0x80010a1c (0x02c90233) mul     tp, s2, a2
core   0: 3 0x80010a1c (0x02c90233) x 4 0xcd555a00
core   0: 0x80010a20 (0x01530f63) beq     t1, s5, pc + 30
core   0: 3 0x80010a20 (0x01530f63)
core   0: 0x80010a24 (0x000001fe) c.slli  gp, 31
core   0: 3 0x80010a24 (0x01fe) x 3 0x80000000
core   0: 0x80010a26 (0x00006159) c.addi16sp sp, 400
core   0: 3 0x80010a26 (0x6159) x 2 0xffffff91
core   0: 0x80010a28 (0x037967b3) rem     a5, s2, s7
core   0: 3 0x80010a28 (0x037967b3) x15 0x00062280
core   0: 0x80010a2c (0x00008472) c.mv    s0, t3
core   0: 3 0x80010a2c (0x8472) x 8 0x00000000
core   0: 0x80010a2e (0x00008d9a) c.mv    s11, t1
core   0: 3 0x80010a2e (0x8d9a) x27 0x0000000a
core   0: 0x80010a30 (0x031d6663) bltu    s10, a7, pc + 44
core   0: 3 0x80010a30 (0x031d6663)
core   0: 0x80010a34 (0x00587cb3) and     s9, a6, t0
core   0: 3 0x80010a34 (0x00587cb3) x25 0x00000000
core   0: 0x80010a38 (0x00000880) c.addi4spn s0, sp, 80
core   0: 3 0x80010a38 (0x0880) x 8 0xffffffe1
core   0: 0x80010a3a (0x02505733) divu    a4, zero, t0
core   0: 3 0x80010a3a (0x02505733) x14 0xffffffff
core   0: 0x80010a3e (0x001f6fb3) or      t6, t5, ra
core   0: 3 0x80010a3e (0x001f6fb3) x31 0x00000000
core   0: 0x80010a42 (0x00f4ffb3) and     t6, s1, a5
core   0: 3 0x80010a42 (0x00f4ffb3) x31 0x00000000
core   0: 0x80010a46 (0x01965133) srl     sp, a2, s9
core   0: 3 0x80010a46 (0x01965133) x 2 0x8002bd24
core   0: 0x80010a4a (0x0000717d) c.addi16sp sp, -16
core   0: 3 0x80010a4a (0x717d) x 2 0x8002bd14
core   0: 0x80010a4c (0x00008c01) c.sub   s0, s0
core   0: 3 0x80010a4c (0x8c01) x 8 0x00000000
core   0: 0x80010a4e (0x02df3e33) mulhu   t3, t5, a3
core   0: 3 0x80010a4e (0x02df3e33) x28 0x00000000
core   0: 0x80010a52 (0x03a39b33) mulh    s6, t2, s10
core   0: 3 0x80010a52 (0x03a39b33) x22 0x00000000
core   0: 0x80010a56 (0x05b8c063) blt     a7, s11, pc + 64
core   0: 3 0x80010a56 (0x05b8c063)
core   0: 0x80010a5a (0x0000e385) c.bnez  a5, pc + 32
core   0: 3 0x80010a5a (0xe385)
core   0: 0x80010a7a (0x01e4a333) slt     t1, s1, t5
core   0: 3 0x80010a7a (0x01e4a333) x 6 0x00000000
core   0: 0x80010a7e (0x40320ab3) sub     s5, tp, gp
core   0: 3 0x80010a7e (0x40320ab3) x21 0x4d555a00
core   0: 0x80010a82 (0x40f0d793) srai    a5, ra, 15
core   0: 3 0x80010a82 (0x40f0d793) x15 0x00000000
core   0: 0x80010a86 (0xbf3a6c93) ori     s9, s4, -1037
core   0: 3 0x80010a86 (0xbf3a6c93) x25 0xfffffbfb
core   0: 0x80010a8a (0x003e3133) sltu    sp, t3, gp
core   0: 3 0x80010a8a (0x003e3133) x 2 0x00000001
core   0: 0x80010a8e (0x015c1fb3) sll     t6, s8, s5
core   0: 3 0x80010a8e (0x015c1fb3) x31 0xfffffae9
core   0: 0x80010a92 (0xf73d7413) andi    s0, s10, -141
core   0: 3 0x80010a92 (0xf73d7413) x 8 0x0000d000
core   0: 0x80010a96 (0xa6f1b213) sltiu   tp, gp, -1425
core   0: 3 0x80010a96 (0xa6f1b213) x 4 0x00000001
core   0: 0x80010a9a (0x00a2cfb3) xor     t6, t0, a0
core   0: 3 0x80010a9a (0x00a2cfb3) x31 0x00000000
core   0: 0x80010a9e (0x02c03d33) mulhu   s10, zero, a2
core   0: 3 0x80010a9e (0x02c03d33) x26 0x00000000
core   0: 0x80010aa2 (0x0117a933) slt     s2, a5, a7
core   0: 3 0x80010aa2 (0x0117a933) x18 0x00000001
core   0: 0x80010aa6 (0x00006431) c.lui   s0, 0xc
core   0: 3 0x80010aa6 (0x6431) x 8 0x0000c000
core   0: 0x80010aa8 (0x00ad20b3) slt     ra, s10, a0
core   0: 3 0x80010aa8 (0x00ad20b3) x 1 0x00000000
core   0: 0x80010aac (0x03dda233) mulhsu  tp, s11, t4
core   0: 3 0x80010aac (0x03dda233) x 4 0x00000000
core   0: 0x80010ab0 (0x00000afd) c.addi  s5, 31
core   0: 3 0x80010ab0 (0x0afd) x21 0x4d555a1f
core   0: 0x80010ab2 (0x8b4b2a93) slti    s5, s6, -1868
core   0: 3 0x80010ab2 (0x8b4b2a93) x21 0x00000000
core   0: 0x80010ab6 (0x00008e7d) c.and   a2, a5
core   0: 3 0x80010ab6 (0x8e7d) x12 0x00000000
core   0: 0x80010ab8 (0x41a98133) sub     sp, s3, s10
core   0: 3 0x80010ab8 (0x41a98133) x 2 0x26e54000
core   0: 0x80010abc (0x0ff0000f) fence   iorw,iorw
core   0: 3 0x80010abc (0x0ff0000f)
core   0: 0x80010ac0 (0x0138acb3) slt     s9, a7, s3
core   0: 3 0x80010ac0 (0x0138acb3) x25 0x00000001
core   0: 0x80010ac4 (0x7ff23b93) sltiu   s7, tp, 2047
core   0: 3 0x80010ac4 (0x7ff23b93) x23 0x00000001
core   0: 0x80010ac8 (0x00e28f33) add     t5, t0, a4
core   0: 3 0x80010ac8 (0x00e28f33) x30 0xffffffff
core   0: 0x80010acc (0x000051fd) c.li    gp, -1
core   0: 3 0x80010acc (0x51fd) x 3 0xffffffff
core   0: 0x80010ace (0x01eee733) or      a4, t4, t5
core   0: 3 0x80010ace (0x01eee733) x14 0xffffffff
core   0: 0x80010ad2 (0x000099fd) c.andi  a1, -1
core   0: 3 0x80010ad2 (0x99fd) x11 0x00000000
core   0: 0x80010ad4 (0x00008f95) c.sub   a5, a3
core   0: 3 0x80010ad4 (0x8f95) x15 0x7ffd42dc
core   0: 0x80010ad6 (0x00cb3db3) sltu    s11, s6, a2
core   0: 3 0x80010ad6 (0x00cb3db3) x27 0x00000000
core   0: 0x80010ada (0x0ecc2a13) slti    s4, s8, 236
core   0: 3 0x80010ada (0x0ecc2a13) x20 0x00000001
core   0: 0x80010ade (0x000081fa) c.mv    gp, t5
core   0: 3 0x80010ade (0x81fa) x 3 0xffffffff
core   0: 0x80010ae0 (0x018cbb33) sltu    s6, s9, s8
core   0: 3 0x80010ae0 (0x018cbb33) x22 0x00000001
core   0: 0x80010ae4 (0x00006165) c.addi16sp sp, 112
core   0: 3 0x80010ae4 (0x6165) x 2 0x26e54070
core   0: 0x80010ae6 (0x024500b3) mul     ra, a0, tp
core   0: 3 0x80010ae6 (0x024500b3) x 1 0x00000000
core   0: 0x80010aea (0x0000100f) fence.i
core   0: 3 0x80010aea (0x0000100f)
core   0: 0x80010aee (0x00006159) c.addi16sp sp, 400
core   0: 3 0x80010aee (0x6159) x 2 0x26e54200
core   0: 0x80010af0 (0x03684b33) div     s6, a6, s6
core   0: 3 0x80010af0 (0x03684b33) x22 0x80027e58
core   0: 0x80010af4 (0xc1c72f93) slti    t6, a4, -996
core   0: 3 0x80010af4 (0xc1c72f93) x31 0x00000000
core   0: 0x80010af8 (0x00008e4a) c.mv    t3, s2
core   0: 3 0x80010af8 (0x8e4a) x28 0x00000001
core   0: 0x80010afa (0x0367dd33) divu    s10, a5, s6
core   0: 3 0x80010afa (0x0367dd33) x26 0x00000000
core   0: 0x80010afe (0x417f8733) sub     a4, t6, s7
core   0: 3 0x80010afe (0x417f8733) x14 0xffffffff
core   0: 0x80010b02 (0x0000617d) c.addi16sp sp, 496
core   0: 3 0x80010b02 (0x617d) x 2 0x26e543f0
core   0: 0x80010b04 (0x01a4c263) blt     s1, s10, pc + 4
core   0: 3 0x80010b04 (0x01a4c263)
core   0: 0x80010b08 (0x4122d113) srai    sp, t0, 18
core   0: 3 0x80010b08 (0x4122d113) x 2 0x00000000
core   0: 0x80010b0c (0x00000001) c.nop
core   0: 3 0x80010b0c (0x0001)
core   0: 0x80010b0e (0x02d63333) mulhu   t1, a2, a3
core   0: 3 0x80010b0e (0x02d63333) x 6 0x00000000
core   0: 0x80010b12 (0x02b88f63) beq     a7, a1, pc + 62
core   0: 3 0x80010b12 (0x02b88f63)
core   0: 0x80010b16 (0x020e7563) bgeu    t3, zero, pc + 42
core   0: 3 0x80010b16 (0x020e7563)
core   0: 0x80010b40 (0x0b59c313) xori    t1, s3, 181
core   0: 3 0x80010b40 (0x0b59c313) x 6 0x26e540b5
core   0: 0x80010b44 (0x02e7ca63) blt     a5, a4, pc + 52
core   0: 3 0x80010b44 (0x02e7ca63)
core   0: 0x80010b48 (0x03822eb3) mulhsu  t4, tp, s8
core   0: 3 0x80010b48 (0x03822eb3) x29 0x00000000
core   0: 0x80010b4c (0x0ff0000f) fence   iorw,iorw
core   0: 3 0x80010b4c (0x0ff0000f)
core   0: 0x80010b50 (0x9d6a4913) xori    s2, s4, -1578
core   0: 3 0x80010b50 (0x9d6a4913) x18 0xfffff9d7
core   0: 0x80010b54 (0x00001c80) c.addi4spn s0, sp, 624
core   0: 3 0x80010b54 (0x1c80) x 8 0x00000270
core   0: 0x80010b56 (0x005e9eb3) sll     t4, t4, t0
core   0: 3 0x80010b56 (0x005e9eb3) x29 0x00000000
core   0: 0x80010b5a (0x40df5d33) sra     s10, t5, a3
core   0: 3 0x80010b5a (0x40df5d33) x26 0xffffffff
core   0: 0x80010b5e (0xec2aa993) slti    s3, s5, -318
core   0: 3 0x80010b5e (0xec2aa993) x19 0x00000000
core   0: 0x80010b62 (0x00009f3a) c.add   t5, a4
core   0: 3 0x80010b62 (0x9f3a) x30 0xfffffffe
core   0: 0x80010b64 (0x4aad4013) xori    zero, s10, 1194
core   0: 3 0x80010b64 (0x4aad4013)
core   0: 0x80010b68 (0x00556e33) or      t3, a0, t0
core   0: 3 0x80010b68 (0x00556e33) x28 0x00000000
core   0: 0x80010b6c (0x00119763) bne     gp, ra, pc + 14
core   0: 3 0x80010b6c (0x00119763)
core   0: 0x80010b7a (0x0000100f) fence.i
core   0: 3 0x80010b7a (0x0000100f)
core   0: 0x80010b7e (0x02c6f4b3) remu    s1, a3, a2
core   0: 3 0x80010b7e (0x02c6f4b3) x 9 0x8002bd24
core   0: 0x80010b82 (0x024d0733) mul     a4, s10, tp
core   0: 3 0x80010b82 (0x024d0733) x14 0x00000000
core   0: 0x80010b86 (0x006f1333) sll     t1, t5, t1
core   0: 3 0x80010b86 (0x006f1333) x 6 0xffc00000
core   0: 0x80010b8a (0x00008f35) c.xor   a4, a3
core   0: 3 0x80010b8a (0x8f35) x14 0x8002bd24
core   0: 0x80010b8c (0x00000001) c.nop
core   0: 3 0x80010b8c (0x0001)
core   0: 0x80010b8e (0x00000f4d) c.addi  t5, 19
core   0: 3 0x80010b8e (0x0f4d) x30 0x00000011
core   0: 0x80010b90 (0x00008b7d) c.andi  a4, 31
core   0: 3 0x80010b90 (0x8b7d) x14 0x00000004
core   0: 0x80010b92 (0x008217b3) sll     a5, tp, s0
core   0: 3 0x80010b92 (0x008217b3) x15 0x00000000
core   0: 0x80010b96 (0x017100b3) add     ra, sp, s7
core   0: 3 0x80010b96 (0x017100b3) x 1 0x00000001
core   0: 0x80010b9a (0x914ad317) auipc   t1, 0x914ad
core   0: 3 0x80010b9a (0x914ad317) x 6 0x114bdb9a
core   0: 0x80010b9e (0x00008429) c.srai  s0, 10
core   0: 3 0x80010b9e (0x8429) x 8 0x00000000
core   0: 0x80010ba0 (0x0000997d) c.andi  a0, -1
core   0: 3 0x80010ba0 (0x997d) x10 0x00000000
core   0: 0x80010ba2 (0x00008f1d) c.sub   a4, a5
core   0: 3 0x80010ba2 (0x8f1d) x14 0x00000004
core   0: 0x80010ba4 (0x0304a533) mulhsu  a0, s1, a6
core   0: 3 0x80010ba4 (0x0304a533) x10 0xc0001f6c
core   0: 0x80010ba8 (0x0265ce33) div     t3, a1, t1
core   0: 3 0x80010ba8 (0x0265ce33) x28 0x00000000
core   0: 0x80010bac (0x014b8733) add     a4, s7, s4
core   0: 3 0x80010bac (0x014b8733) x14 0x00000002
core   0: 0x80010bb0 (0x0022d593) srli    a1, t0, 2
core   0: 3 0x80010bb0 (0x0022d593) x11 0x00000000
core   0: 0x80010bb4 (0x03215c33) divu    s8, sp, s2
core   0: 3 0x80010bb4 (0x03215c33) x24 0x00000000
core   0: 0x80010bb8 (0x0000557d) c.li    a0, -1
core   0: 3 0x80010bb8 (0x557d) x10 0xffffffff
core   0: 0x80010bba (0x00008576) c.mv    a0, t4
core   0: 3 0x80010bba (0x8576) x10 0x00000000
core   0: 0x80010bbc (0x0000100f) fence.i
core   0: 3 0x80010bbc (0x0000100f)
core   0: 0x80010bc0 (0x00006199) c.lui   gp, 0x6
core   0: 3 0x80010bc0 (0x6199) x 3 0x00006000
core   0: 0x80010bc2 (0x00008f92) c.mv    t6, tp
core   0: 3 0x80010bc2 (0x8f92) x31 0x00000000
core   0: 0x80010bc4 (0x00482083) lw      ra, 4(a6)
core   0: 3 0x80010bc4 (0x00482083) x 1 0x8000c5ba mem 0x80027e5c
core   0: 0x80010bc8 (0x00008f3d) c.xor   a4, a5
core   0: 3 0x80010bc8 (0x8f3d) x14 0x00000002
core   0: 0x80010bca (0x00008c21) c.xor   s0, s0
core   0: 3 0x80010bca (0x8c21) x 8 0x00000000
core   0: 0x80010bcc (0x02480813) addi    a6, a6, 36
core   0: 3 0x80010bcc (0x02480813) x16 0x80027e7c
core   0: 0x80010bd0 (0x00eb1db3) sll     s11, s6, a4
core   0: 3 0x80010bd0 (0x00eb1db3) x27 0x0009f960
core   0: 0x80010bd4 (0x00000a96) c.slli  s5, 5
core   0: 3 0x80010bd4 (0x0a96) x21 0x00000000
core   0: 0x80010bd6 (0x00108f13) addi    t5, ra, 1
core   0: 3 0x80010bd6 (0x00108f13) x30 0x8000c5bb
core   0: 0x80010bda (0x000f0f67) jalr    t5, t5, 0
core   0: 3 0x80010bda (0x000f0f67) x30 0x80010bde
core   0: 0x8000c5ba (0x1c042f93) slti    t6, s0, 448
core   0: 3 0x8000c5ba (0x1c042f93) x31 0x00000001
core   0: 0x8000c5be (0x00006185) c.lui   gp, 0x1
core   0: 3 0x8000c5be (0x6185) x 3 0x00001000
core   0: 0x8000c5c0 (0x00000001) c.nop
core   0: 3 0x8000c5c0 (0x0001)
core   0: 0x8000c5c2 (0x00000001) c.nop
core   0: 3 0x8000c5c2 (0x0001)
core   0: 0x8000c5c4 (0x03b84733) div     a4, a6, s11
core   0: 3 0x8000c5c4 (0x03b84733) x14 0xfffff32b
core   0: 0x8000c5c8 (0x0000808d) c.srli  s1, 3
core   0: 3 0x8000c5c8 (0x808d) x 9 0x100057a4
core   0: 0x8000c5ca (0x00000001) c.nop
core   0: 3 0x8000c5ca (0x0001)
core   0: 0x8000c5cc (0x3541c717) auipc   a4, 0x3541c
core   0: 3 0x8000c5cc (0x3541c717) x14 0xb54285cc
core   0: 0x8000c5d0 (0x00009d0e) c.add   s10, gp
core   0: 3 0x8000c5d0 (0x9d0e) x26 0x00000fff
core   0: 0x8000c5d2 (0x6d0f90b7) lui     ra, 0x6d0f9
core   0: 3 0x8000c5d2 (0x6d0f90b7) x 1 0x6d0f9000
core   0: 0x8000c5d6 (0x0000e785) c.bnez  a5, pc + 40
core   0: 3 0x8000c5d6 (0xe785)
core   0: 0x8000c5d8 (0x00001efd) c.addi  t4, -1
core   0: 3 0x8000c5d8 (0x1efd) x29 0xffffffff
core   0: 0x8000c5da (0x0000cc0d) c.beqz  s0, pc + 58
core   0: 3 0x8000c5da (0xcc0d)
core   0: 0x8000c614 (0xe3838617) auipc   a2, 0xe3838
core   0: 3 0x8000c614 (0xe3838617) x12 0x63844614
core   0: 0x8000c618 (0x0000041e) c.slli  s0, 7
core   0: 3 0x8000c618 (0x041e) x 8 0x00000000
core   0: 0x8000c61a (0x000098ce) c.add   a7, s3
core   0: 3 0x8000c61a (0x98ce) x17 0x0000009c
core   0: 0x8000c61c (0x01c6d433) srl     s0, a3, t3
core   0: 3 0x8000c61c (0x01c6d433) x 8 0x8002bd24
core   0: 0x8000c620 (0x000091fa) c.add   gp, t5
core   0: 3 0x8000c620 (0x91fa) x 3 0x80011bde
core   0: 0x8000c622 (0x00004c61) c.li    s8, 24
core   0: 3 0x8000c622 (0x4c61) x24 0x00000018
core   0: 0x8000c624 (0x000098d6) c.add   a7, s5
core   0: 3 0x8000c624 (0x98d6) x17 0x0000009c
core   0: 0x8000c626 (0x00001684) c.addi4spn s1, sp, 864
core   0: 3 0x8000c626 (0x1684) x 9 0x00000360
core   0: 0x8000c628 (0xa1970e13) addi    t3, a4, -1511
core   0: 3 0x8000c628 (0xa1970e13) x28 0xb5427fe5
core   0: 0x8000c62c (0x03643533) mulhu   a0, s0, s6
core   0: 3 0x8000c62c (0x03643533) x10 0x40029dc4
core   0: 0x8000c630 (0x02ba8363) beq     s5, a1, pc + 38
core   0: 3 0x8000c630 (0x02ba8363)
core   0: 0x8000c656 (0x1af0de97) auipc   t4, 0x1af0d
core   0: 3 0x8000c656 (0x1af0de97) x29 0x9af19656
core   0: 0x8000c65a (0x00d4d5b3) srl     a1, s1, a3
core   0: 3 0x8000c65a (0x00d4d5b3) x11 0x00000036
core   0: 0x8000c65e (0x00008e11) c.sub   a2, a2
core   0: 3 0x8000c65e (0x8e11) x12 0x00000000
core   0: 0x8000c660 (0x00001298) c.addi4spn a4, sp, 352
core   0: 3 0x8000c660 (0x1298) x14 0x00000160
core   0: 0x8000c662 (0x00000001) c.nop
core   0: 3 0x8000c662 (0x0001)
core   0: 0x8000c664 (0x00008c29) c.xor   s0, a0
core   0: 3 0x8000c664 (0x8c29) x 8 0xc00020e0
core   0: 0x8000c666 (0x41475e93) srai    t4, a4, 20
core   0: 3 0x8000c666 (0x41475e93) x29 0x00000000
core   0: 0x8000c66a (0x7d9d72b7) lui     t0, 0x7d9d7
core   0: 3 0x8000c66a (0x7d9d72b7) x 5 0x7d9d7000
core   0: 0x8000c66e (0x00008fa9) c.xor   a5, a0
core   0: 3 0x8000c66e (0x8fa9) x15 0x40029dc4
core   0: 0x8000c670 (0x00000bce) c.slli  s7, 19
core   0: 3 0x8000c670 (0x0bce) x23 0x00080000
core   0: 0x8000c672 (0x0301b433) mulhu   s0, gp, a6
core   0: 3 0x8000c672 (0x0301b433) x 8 0x4001cd2f
core   0: 0x8000c676 (0x03197163) bgeu    s2, a7, pc + 34
core   0: 3 0x8000c676 (0x03197163)
core   0: 0x8000c698 (0x03547333) remu    t1, s0, s5
core   0: 3 0x8000c698 (0x03547333) x 6 0x4001cd2f
core   0: 0x8000c69c (0x0000557d) c.li    a0, -1
core   0: 3 0x8000c69c (0x557d) x10 0xffffffff
core   0: 0x8000c69e (0x00000001) c.nop
core   0: 3 0x8000c69e (0x0001)
core   0: 0x8000c6a0 (0x0000997d) c.andi  a0, -1
core   0: 3 0x8000c6a0 (0x997d) x10 0xffffffff
core   0: 0x8000c6a2 (0x000080bd) c.srli  s1, 15
core   0: 3 0x8000c6a2 (0x80bd) x 9 0x00000000
core   0: 0x8000c6a4 (0x020a04b3) mul     s1, s4, zero
core   0: 3 0x8000c6a4 (0x020a04b3) x 9 0x00000000
core   0: 0x8000c6a8 (0x00008dd1) c.or    a1, a2
core   0: 3 0x8000c6a8 (0x8dd1) x11 0x00000036
core   0: 0x8000c6aa (0x03d9ff33) remu    t5, s3, t4
core   0: 3 0x8000c6aa (0x03d9ff33) x30 0x00000000
core   0: 0x8000c6ae (0x41f20bb3) sub     s7, tp, t6
core   0: 3 0x8000c6ae (0x41f20bb3) x23 0xffffffff
core   0: 0x8000c6b2 (0x00006165) c.addi16sp sp, 112
core   0: 3 0x8000c6b2 (0x6165) x 2 0x00000070
core   0: 0x8000c6b4 (0x00009a7d) c.andi  a2, -1
core   0: 3 0x8000c6b4 (0x9a7d) x12 0x00000000
core   0: 0x8000c6b6 (0x023b5a63) bge     s6, gp, pc + 52
core   0: 3 0x8000c6b6 (0x023b5a63)
core   0: 0x8000c6ea (0x0000ea15) c.bnez  a2, pc + 52
core   0: 3 0x8000c6ea (0xea15)
core   0: 0x8000c6ec (0x47bf6c17) auipc   s8, 0x47bf6
core   0: 3 0x8000c6ec (0x47bf6c17) x24 0xc7c026ec
core   0: 0x8000c6f0 (0x00008b8a) c.mv    s7, sp
core   0: 3 0x8000c6f0 (0x8b8a) x23 0x00000070
core   0: 0x8000c6f2 (0x038e2333) mulhsu  t1, t3, s8
core   0: 3 0x8000c6f2 (0x038e2333) x 6 0xc5ae97ed
core   0: 0x8000c6f6 (0x03fb91b3) mulh    gp, s7, t6
core   0: 3 0x8000c6f6 (0x03fb91b3) x 3 0x00000000
core   0: 0x8000c6fa (0xaeec4b37) lui     s6, 0xaeec4
core   0: 3 0x8000c6fa (0xaeec4b37) x22 0xaeec4000
core   0: 0x8000c6fe (0x02119f63) bne     gp, ra, pc + 62
core   0: 3 0x8000c6fe (0x02119f63)
core   0: 0x8000c73c (0x0000557d) c.li    a0, -1
core   0: 3 0x8000c73c (0x557d) x10 0xffffffff
core   0: 0x8000c73e (0x000019fd) c.addi  s3, -1
core   0: 3 0x8000c73e (0x19fd) x19 0xffffffff
core   0: 0x8000c740 (0x015be9b3) or      s3, s7, s5
core   0: 3 0x8000c740 (0x015be9b3) x19 0x00000070
core   0: 0x8000c744 (0x03ef8a33) mul     s4, t6, t5
core   0: 3 0x8000c744 (0x03ef8a33) x20 0x00000000
core   0: 0x8000c748 (0x03a2cc63) blt     t0, s10, pc + 56
core   0: 3 0x8000c748 (0x03a2cc63)
core   0: 0x8000c74c (0x0283c117) auipc   sp, 0x283c
core   0: 3 0x8000c74c (0x0283c117) x 2 0x8284874c
core   0: 0x8000c750 (0x4baf3293) sltiu   t0, t5, 1210
core   0: 3 0x8000c750 (0x4baf3293) x 5 0x00000001
core   0: 0x8000c754 (0x00000001) c.nop
core   0: 3 0x8000c754 (0x0001)
core   0: 0x8000c756 (0x00008ce9) c.and   s1, a0
core   0: 3 0x8000c756 (0x8ce9) x 9 0x00000000
core   0: 0x8000c758 (0x018384b3) add     s1, t2, s8
core   0: 3 0x8000c758 (0x018384b3) x 9 0xc7c026ec
core   0: 0x8000c75c (0x015c5d13) srli    s10, s8, 21
core   0: 3 0x8000c75c (0x015c5d13) x26 0x0000063e
core   0: 0x8000c760 (0x03870cb3) mul     s9, a4, s8
core   0: 3 0x8000c760 (0x03870cb3) x25 0xa8358480
core   0: 0x8000c764 (0x0ff0000f) fence   iorw,iorw
core   0: 3 0x8000c764 (0x0ff0000f)
core   0: 0x8000c768 (0x00d839b3) sltu    s3, a6, a3
core   0: 3 0x8000c768 (0x00d839b3) x19 0x00000001
core   0: 0x8000c76c (0xdec6ff13) andi    t5, a3, -532
core   0: 3 0x8000c76c (0xdec6ff13) x30 0x8002bd24
core   0: 0x8000c770 (0x03e50a33) mul     s4, a0, t5
core   0: 3 0x8000c770 (0x03e50a33) x20 0x7ffd42dc
core   0: 0x8000c774 (0x0162d213) srli    tp, t0, 22
core   0: 3 0x8000c774 (0x0162d213) x 4 0x00000000
core   0: 0x8000c778 (0x037120b3) mulhsu  ra, sp, s7
core   0: 3 0x8000c778 (0x037120b3) x 1 0xffffffc9
core   0: 0x8000c77c (0x02e2d9b3) divu    s3, t0, a4
core   0: 3 0x8000c77c (0x02e2d9b3) x19 0x00000000
core   0: 0x8000c780 (0x1efaf013) andi    zero, s5, 495
core   0: 3 0x8000c780 (0x1efaf013)
core   0: 0x8000c784 (0xfe392f13) slti    t5, s2, -29
core   0: 3 0x8000c784 (0xfe392f13) x30 0x00000001
core   0: 0x8000c788 (0x0172dc33) srl     s8, t0, s7
core   0: 3 0x8000c788 (0x0172dc33) x24 0x00000000
core   0: 0x8000c78c (0x00008711) c.srai  a4, 4
core   0: 3 0x8000c78c (0x8711) x14 0x00000016
core   0: 0x8000c78e (0xe4212013) slti    zero, sp, -446
core   0: 3 0x8000c78e (0xe4212013)
core   0: 0x8000c792 (0x000084b1) c.srai  s1, 12
core   0: 3 0x8000c792 (0x84b1) x 9 0xfffc7c02
core   0: 0x8000c794 (0x0001f033) and     zero, gp, zero
core   0: 3 0x8000c794 (0x0001f033)
core   0: 0x8000c798 (0x00006ccd) c.lui   s9, 0x13
core   0: 3 0x8000c798 (0x6ccd) x25 0x00013000
core   0: 0x8000c79a (0x0000611d) c.addi16sp sp, 416
core   0: 3 0x8000c79a (0x611d) x 2 0x828488ec
core   0: 0x8000c79c (0x00004b91) c.li    s7, 4
core   0: 3 0x8000c79c (0x4b91) x23 0x00000004
core   0: 0x8000c79e (0x02d54563) blt     a0, a3, pc + 42
core   0: 3 0x8000c79e (0x02d54563)
core   0: 0x8000c7a2 (0x0142a0b3) slt     ra, t0, s4
core   0: 3 0x8000c7a2 (0x0142a0b3) x 1 0x00000001
core   0: 0x8000c7a6 (0x00000001) c.nop
core   0: 3 0x8000c7a6 (0x0001)
core   0: 0x8000c7a8 (0x03875333) divu    t1, a4, s8
core   0: 3 0x8000c7a8 (0x03875333) x 6 0xffffffff
core   0: 0x8000c7ac (0x3a39b497) auipc   s1, 0x3a39b
core   0: 3 0x8000c7ac (0x3a39b497) x 9 0xba3a77ac
core   0: 0x8000c7b0 (0x402201b3) sub     gp, tp, sp
core   0: 3 0x8000c7b0 (0x402201b3) x 3 0x7d7b7714
core   0: 0x8000c7b4 (0xfdc0ab13) slti    s6, ra, -36
core   0: 3 0x8000c7b4 (0xfdc0ab13) x22 0x00000000
core   0: 0x8000c7b8 (0x00000001) c.nop
core   0: 3 0x8000c7b8 (0x0001)
core   0: 0x8000c7ba (0x03d2e633) rem     a2, t0, t4
core   0: 3 0x8000c7ba (0x03d2e633) x12 0x00000001
core   0: 0x8000c7be (0x000002ae) c.slli  t0, 11
core   0: 3 0x8000c7be (0x02ae) x 5 0x00000800
core   0: 0x8000c7c0 (0x58383b93) sltiu   s7, a6, 1411
core   0: 3 0x8000c7c0 (0x58383b93) x23 0x00000000
core   0: 0x8000c7c4 (0x415bd713) srai    a4, s7, 21
core   0: 3 0x8000c7c4 (0x415bd713) x14 0x00000000
core   0: 0x8000c7c8 (0x00867e33) and     t3, a2, s0
core   0: 3 0x8000c7c8 (0x00867e33) x28 0x00000001
core   0: 0x8000c7cc (0x00e9a4b3) slt     s1, s3, a4
core   0: 3 0x8000c7cc (0x00e9a4b3) x 9 0x00000000
core   0: 0x8000c7d0 (0x0084ea33) or      s4, s1, s0
core   0: 3 0x8000c7d0 (0x0084ea33) x20 0x4001cd2f
core   0: 0x8000c7d4 (0x00009f16) c.add   t5, t0
core   0: 3 0x8000c7d4 (0x9f16) x30 0x00000801
core   0: 0x8000c7d6 (0x00006145) c.addi16sp sp, 48
core   0: 3 0x8000c7d6 (0x6145) x 2 0x8284891c
core   0: 0x8000c7d8 (0x947e9d37) lui     s10, 0x947e9
core   0: 3 0x8000c7d8 (0x947e9d37) x26 0x947e9000
core   0: 0x8000c7dc (0x0ff0000f) fence   iorw,iorw
core   0: 3 0x8000c7dc (0x0ff0000f)
core   0: 0x8000c7e0 (0x405e5593) srai    a1, t3, 5
core   0: 3 0x8000c7e0 (0x405e5593) x11 0x00000000
core   0: 0x8000c7e4 (0x00000b49) c.addi  s6, 18
core   0: 3 0x8000c7e4 (0x0b49) x22 0x00000012
core   0: 0x8000c7e6 (0x00acf233) and     tp, s9, a0
core   0: 3 0x8000c7e6 (0x00acf233) x 4 0x00013000
core   0: 0x8000c7ea (0x00bed593) srli    a1, t4, 11
core   0: 3 0x8000c7ea (0x00bed593) x11 0x00000000
core   0: 0x8000c7ee (0x01ba7233) and     tp, s4, s11
core   0: 3 0x8000c7ee (0x01ba7233) x 4 0x0001c920
core   0: 0x8000c7f2 (0x41ecdd13) srai    s10, s9, 30
core   0: 3 0x8000c7f2 (0x41ecdd13) x26 0x00000000
core   0: 0x8000c7f6 (0x03992233) mulhsu  tp, s2, s9
core   0: 3 0x8000c7f6 (0x03992233) x 4 0xffffffff
core   0: 0x8000c7fa (0x05758063) beq     a1, s7, pc + 64
core   0: 3 0x8000c7fa (0x05758063)
core   0: 0x8000c83a (0x00000001) c.nop
core   0: 3 0x8000c83a (0x0001)
core   0: 0x8000c83c (0x003817b3) sll     a5, a6, gp
core   0: 3 0x8000c83c (0x003817b3) x15 0xe7c00000
core   0: 0x8000c840 (0x00000ee9) c.addi  t4, 26
core   0: 3 0x8000c840 (0x0ee9) x29 0x0000001a
core   0: 0x8000c842 (0x0000872e) c.mv    a4, a1
core   0: 3 0x8000c842 (0x872e) x14 0x00000000
core   0: 0x8000c844 (0x0000100f) fence.i
core   0: 3 0x8000c844 (0x0000100f)
core   0: 0x8000c848 (0x0000cc05) c.beqz  s0, pc + 56
core   0: 3 0x8000c848 (0xcc05)
core   0: 0x8000c84a (0x00001084) c.addi4spn s1, sp, 96
core   0: 3 0x8000c84a (0x1084) x 9 0x8284897c
core   0: 0x8000c84c (0x009e1b33) sll     s6, t3, s1
core   0: 3 0x8000c84c (0x009e1b33) x22 0x10000000
core   0: 0x8000c850 (0x02b7c4b3) div     s1, a5, a1
core   0: 3 0x8000c850 (0x02b7c4b3) x 9 0xffffffff
core   0: 0x8000c854 (0x0ff0000f) fence   iorw,iorw
core   0: 3 0x8000c854 (0x0ff0000f)
core   0: 0x8000c858 (0x02e76f33) rem     t5, a4, a4
core   0: 3 0x8000c858 (0x02e76f33) x30 0x00000000
core   0: 0x8000c85c (0x00177463) bgeu    a4, ra, pc + 8
core   0: 3 0x8000c85c (0x00177463)
core   0: 0x8000c860 (0x00e241b3) xor     gp, tp, a4
core   0: 3 0x8000c860 (0x00e241b3) x 3 0xffffffff
core   0: 0x8000c864 (0x00000001) c.nop
core   0: 3 0x8000c864 (0x0001)
core   0: 0x8000c866 (0x02314e63) blt     sp, gp, pc + 60
core   0: 3 0x8000c866 (0x02314e63)
core   0: 0x8000c8a2 (0x0000eb0d) c.bnez  a4, pc + 50
core   0: 3 0x8000c8a2 (0xeb0d)
core   0: 0x8000c8a4 (0x02412633) mulhsu  a2, sp, tp
core   0: 3 0x8000c8a4 (0x02412633) x12 0x8284891c
core   0: 0x8000c8a8 (0x036c5463) bge     s8, s6, pc + 40
core   0: 3 0x8000c8a8 (0x036c5463)
core   0: 0x8000c8ac (0x00000001) c.nop
core   0: 3 0x8000c8ac (0x0001)
core   0: 0x8000c8ae (0x000042e5) c.li    t0, 25
core   0: 3 0x8000c8ae (0x42e5) x 5 0x00000019
core   0: 0x8000c8b0 (0x938fc217) auipc   tp, 0x938fc
core   0: 3 0x8000c8b0 (0x938fc217) x 4 0x139088b0
core   0: 0x8000c8b4 (0x410c8633) sub     a2, s9, a6
core   0: 3 0x8000c8b4 (0x410c8633) x12 0x7ffeb184
core   0: 0x8000c8b8 (0x41de5713) srai    a4, t3, 29
core   0: 3 0x8000c8b8 (0x41de5713) x14 0x00000000
core   0: 0x8000c8bc (0x00009476) c.add   s0, t4
core   0: 3 0x8000c8bc (0x9476) x 8 0x4001cd49
core   0: 0x8000c8be (0x01519533) sll     a0, gp, s5
core   0: 3 0x8000c8be (0x01519533) x10 0xffffffff
core   0: 0x8000c8c2 (0x00008fad) c.xor   a5, a1
core   0: 3 0x8000c8c2 (0x8fad) x15 0xe7c00000
core   0: 0x8000c8c4 (0x00c6efb3) or      t6, a3, a2
core   0: 3 0x8000c8c4 (0x00c6efb3) x31 0xfffebda4
core   0: 0x8000c8c8 (0x0190cfb3) xor     t6, ra, s9
core   0: 3 0x8000c8c8 (0x0190cfb3) x31 0x00013001
core   0: 0x8000c8cc (0x9fdb0413) addi    s0, s6, -1539
core   0: 3 0x8000c8cc (0x9fdb0413) x 8 0x0ffff9fd
core   0: 0x8000c8d0 (0xfb9b6193) ori     gp, s6, -71
core   0: 3 0x8000c8d0 (0xfb9b6193) x 3 0xffffffb9
core   0: 0x8000c8d4 (0x00549a33) sll     s4, s1, t0
core   0: 3 0x8000c8d4 (0x00549a33) x20 0xfe000000
core   0: 0x8000c8d8 (0x059f5163) bge     t5, s9, pc + 66
core   0: 3 0x8000c8d8 (0x059f5163)
core   0: 0x8000c8dc (0x000062b5) c.lui   t0, 0xd
core   0: 3 0x8000c8dc (0x62b5) x 5 0x0000d000
core   0: 0x8000c8de (0x0000040a) c.slli  s0, 2
core   0: 3 0x8000c8de (0x040a) x 8 0x3fffe7f4
core   0: 0x8000c8e0 (0x031fd163) bge     t6, a7, pc + 34
core   0: 3 0x8000c8e0 (0x031fd163)
core   0: 0x8000c902 (0x016f1093) slli    ra, t5, 22
core   0: 3 0x8000c902 (0x016f1093) x 1 0x00000000
core   0: 0x8000c906 (0x001b57b3) srl     a5, s6, ra
core   0: 3 0x8000c906 (0x001b57b3) x15 0x10000000
core   0: 0x8000c90a (0x01c2ed33) or      s10, t0, t3
core   0: 3 0x8000c90a (0x01c2ed33) x26 0x0000d001
core   0: 0x8000c90e (0x92f62113) slti    sp, a2, -1745
core   0: 3 0x8000c90e (0x92f62113) x 2 0x00000000
core   0: 0x8000c912 (0x00c8f763) bgeu    a7, a2, pc + 14
core   0: 3 0x8000c912 (0x00c8f763)
core   0: 0x8000c916 (0x27882213) slti    tp, a6, 632
core   0: 3 0x8000c916 (0x27882213) x 4 0x00000001
core   0: 0x8000c91a (0x00e3ecb3) or      s9, t2, a4
core   0: 3 0x8000c91a (0x00e3ecb3) x25 0x00000000
core   0: 0x8000c91e (0x00000db1) c.addi  s11, 12
core   0: 3 0x8000c91e (0x0db1) x27 0x0009f96c
core   0: 0x8000c920 (0x02f22e33) mulhsu  t3, tp, a5
core   0: 3 0x8000c920 (0x02f22e33) x28 0x00000000
core   0: 0x8000c924 (0x037b9033) mulh    zero, s7, s7
core   0: 3 0x8000c924 (0x037b9033)
core   0: 0x8000c928 (0x40ed5c33) sra     s8, s10, a4
core   0: 3 0x8000c928 (0x40ed5c33) x24 0x0000d001
core   0: 0x8000c92c (0x006c1a93) slli    s5, s8, 6
core   0: 3 0x8000c92c (0x006c1a93) x21 0x00340040
core   0: 0x8000c930 (0x01f4a4b3) slt     s1, s1, t6
core   0: 3 0x8000c930 (0x01f4a4b3) x 9 0x00000001
core   0: 0x8000c934 (0x0036de33) srl     t3, a3, gp
core   0: 3 0x8000c934 (0x0036de33) x28 0x00000040
core   0: 0x8000c938 (0x00e31593) slli    a1, t1, 14
core   0: 3 0x8000c938 (0x00e31593) x11 0xffffc000
core   0: 0x8000c93c (0x415f07b3) sub     a5, t5, s5
core   0: 3 0x8000c93c (0x415f07b3) x15 0xffcbffc0
core   0: 0x8000c940 (0x00000001) c.nop
core   0: 3 0x8000c940 (0x0001)
core   0: 0x8000c942 (0x003128b3) slt     a7, sp, gp
core   0: 3 0x8000c942 (0x003128b3) x17 0x00000000
core   0: 0x8000c946 (0x00000001) c.nop
core   0: 3 0x8000c946 (0x0001)
core   0: 0x8000c948 (0x00000001) c.nop
core   0: 3 0x8000c948 (0x0001)
core   0: 0x8000c94a (0x03ddfc63) bgeu    s11, t4, pc + 56
core   0: 3 0x8000c94a (0x03ddfc63)
core   0: 0x8000c982 (0x01a0b4b3) sltu    s1, ra, s10
core   0: 3 0x8000c982 (0x01a0b4b3) x 9 0x00000001
core   0: 0x8000c986 (0x00215333) srl     t1, sp, sp
core   0: 3 0x8000c986 (0x00215333) x 6 0x00000000
core   0: 0x8000c98a (0x031ded63) bltu    s11, a7, pc + 58
core   0: 3 0x8000c98a (0x031ded63)
core   0: 0x8000c98e (0x03196433) rem     s0, s2, a7
core   0: 3 0x8000c98e (0x03196433) x 8 0xfffff9d7
core   0: 0x8000c992 (0x41db0e33) sub     t3, s6, t4
core   0: 3 0x8000c992 (0x41db0e33) x28 0x0fffffe6
core   0: 0x8000c996 (0x0557f263) bgeu    a5, s5, pc + 68
core   0: 3 0x8000c996 (0x0557f263)
core   0: 0x8000c9da (0x006d9413) slli    s0, s11, 6
core   0: 3 0x8000c9da (0x006d9413) x 8 0x027e5b00
core   0: 0x8000c9de (0x00000d9c) c.addi4spn a5, sp, 720
core   0: 3 0x8000c9de (0x0d9c) x15 0x000002d0
core   0: 0x8000c9e0 (0x02840d63) beq     s0, s0, pc + 58
core   0: 3 0x8000c9e0 (0x02840d63)
core   0: 0x8000ca1a (0x40835bb3) sra     s7, t1, s0
core   0: 3 0x8000ca1a (0x40835bb3) x23 0x00000000
core   0: 0x8000ca1e (0x00008091) c.srli  s1, 4
core   0: 3 0x8000ca1e (0x8091) x 9 0x00000000
core   0: 0x8000ca20 (0x0000071a) c.slli  a4, 6
core   0: 3 0x8000ca20 (0x071a) x14 0x00000000
core   0: 0x8000ca22 (0x40a0dd13) srai    s10, ra, 10
core   0: 3 0x8000ca22 (0x40a0dd13) x26 0x00000000
core   0: 0x8000ca26 (0x98612b93) slti    s7, sp, -1658
core   0: 3 0x8000ca26 (0x98612b93) x23 0x00000000
core   0: 0x8000ca2a (0x01d5a1b3) slt     gp, a1, t4
core   0: 3 0x8000ca2a (0x01d5a1b3) x 3 0x00000001
core   0: 0x8000ca2e (0x03177233) remu    tp, a4, a7
core   0: 3 0x8000ca2e (0x03177233) x 4 0x00000000
core   0: 0x8000ca32 (0x01ec4663) blt     s8, t5, pc + 12
core   0: 3 0x8000ca32 (0x01ec4663)
core   0: 0x8000ca36 (0x144e0413) addi    s0, t3, 324
core   0: 3 0x8000ca36 (0x144e0413) x 8 0x1000012a
core   0: 0x8000ca3a (0x030867b3) rem     a5, a6, a6
core   0: 3 0x8000ca3a (0x030867b3) x15 0x00000000
core   0: 0x8000ca3e (0x000008d6) c.slli  a7, 21
core   0: 3 0x8000ca3e (0x08d6) x17 0x00000000
core   0: 0x8000ca40 (0x0000860d) c.srai  a2, 3
core   0: 3 0x8000ca40 (0x860d) x12 0x0fffd630
core   0: 0x8000ca42 (0x49d60213) addi    tp, a2, 1181
core   0: 3 0x8000ca42 (0x49d60213) x 4 0x0fffdacd
core   0: 0x8000ca46 (0x00006505) c.lui   a0, 0x1
core   0: 3 0x8000ca46 (0x6505) x10 0x00001000
core   0: 0x8000ca48 (0x00001c7d) c.addi  s8, -1
core   0: 3 0x8000ca48 (0x1c7d) x24 0x0000d000
core   0: 0x8000ca4a (0x000088c9) c.andi  s1, 18
core   0: 3 0x8000ca4a (0x88c9) x 9 0x00000000
core   0: 0x8000ca4c (0x008cb533) sltu    a0, s9, s0
core   0: 3 0x8000ca4c (0x008cb533) x10 0x00000001
core   0: 0x8000ca50 (0x016f84b3) add     s1, t6, s6
core   0: 3 0x8000ca50 (0x016f84b3) x 9 0x10013001
core   0: 0x8000ca54 (0x0000c895) c.beqz  s1, pc + 52
core   0: 3 0x8000ca54 (0xc895)
core   0: 0x8000ca56 (0x03270d33) mul     s10, a4, s2
core   0: 3 0x8000ca56 (0x03270d33) x26 0x00000000
core   0: 0x8000ca5a (0x0000850d) c.srai  a0, 3
core   0: 3 0x8000ca5a (0x850d) x10 0x00000000
core   0: 0x8000ca5c (0xfd61d337) lui     t1, 0xfd61d
core   0: 3 0x8000ca5c (0xfd61d337) x 6 0xfd61d000
core   0: 0x8000ca60 (0x0027d033) srl     zero, a5, sp
core   0: 3 0x8000ca60 (0x0027d033)
core   0: 0x8000ca64 (0x0314a933) mulhsu  s2, s1, a7
core   0: 3 0x8000ca64 (0x0314a933) x18 0x00000000
core   0: 0x8000ca68 (0x0735a613) slti    a2, a1, 115
core   0: 3 0x8000ca68 (0x0735a613) x12 0x00000001
core   0: 0x8000ca6c (0x00008e15) c.sub   a2, a3
core   0: 3 0x8000ca6c (0x8e15) x12 0x7ffd42dd
core   0: 0x8000ca6e (0x00f34863) blt     t1, a5, pc + 16
core   0: 3 0x8000ca6e (0x00f34863)
core   0: 0x8000ca7e (0x00008cf1) c.and   s1, a2
core   0: 3 0x8000ca7e (0x8cf1) x 9 0x10010001
core   0: 0x8000ca80 (0x67a3d237) lui     tp, 0x67a3d
core   0: 3 0x8000ca80 (0x67a3d237) x 4 0x67a3d000
core   0: 0x8000ca84 (0x01bb4433) xor     s0, s6, s11
core   0: 3 0x8000ca84 (0x01bb4433) x 8 0x1009f96c
core   0: 0x8000ca88 (0x0254b033) mulhu   zero, s1, t0
core   0: 3 0x8000ca88 (0x0254b033)
core   0: 0x8000ca8c (0x01916e33) or      t3, sp, s9
core   0: 3 0x8000ca8c (0x01916e33) x28 0x00000000
core   0: 0x8000ca90 (0x0000894a) c.mv    s2, s2
core   0: 3 0x8000ca90 (0x894a) x18 0x00000000
core   0: 0x8000ca92 (0x03dfe5b3) rem     a1, t6, t4
core   0: 3 0x8000ca92 (0x03dfe5b3) x11 0x00000007
core   0: 0x8000ca96 (0x6464df37) lui     t5, 0x6464d
core   0: 3 0x8000ca96 (0x6464df37) x30 0x6464d000
core   0: 0x8000ca9a (0x36c9ee93) ori     t4, s3, 876
core   0: 3 0x8000ca9a (0x36c9ee93) x29 0x0000036c
core   0: 0x8000ca9e (0x0000c58d) c.beqz  a1, pc + 42
core   0: 3 0x8000ca9e (0xc58d)
core   0: 0x8000caa0 (0x00008171) c.srli  a0, 28
core   0: 3 0x8000caa0 (0x8171) x10 0x00000000
core   0: 0x8000caa2 (0x000089f6) c.mv    s3, t4
core   0: 3 0x8000caa2 (0x89f6) x19 0x0000036c
core   0: 0x8000caa4 (0x267d0b13) addi    s6, s10, 615
core   0: 3 0x8000caa4 (0x267d0b13) x22 0x00000267
core   0: 0x8000caa8 (0x03fd4033) div     zero, s10, t6
core   0: 3 0x8000caa8 (0x03fd4033)
core   0: 0x8000caac (0x0175c0b3) xor     ra, a1, s7
core   0: 3 0x8000caac (0x0175c0b3) x 1 0x00000007
core   0: 0x8000cab0 (0x0000010c) c.addi4spn a1, sp, 128
core   0: 3 0x8000cab0 (0x010c) x11 0x00000080
core   0: 0x8000cab2 (0x61636313) ori     t1, t1, 1558
core   0: 3 0x8000cab2 (0x61636313) x 6 0xfd61d616
core   0: 0x8000cab6 (0x000084cd) c.srai  s1, 19
core   0: 3 0x8000cab6 (0x84cd) x 9 0x00000200
core   0: 0x8000cab8 (0x00008621) c.srai  a2, 8
core   0: 3 0x8000cab8 (0x8621) x12 0x007ffd42
core   0: 0x8000caba (0x039b1133) mulh    sp, s6, s9
core   0: 3 0x8000caba (0x039b1133) x 2 0x00000000
core   0: 0x8000cabe (0x0000cc09) c.beqz  s0, pc + 26
core   0: 3 0x8000cabe (0xcc09)
core   0: 0x8000cac0 (0xb3f93d13) sltiu   s10, s2, -1217
core   0: 3 0x8000cac0 (0xb3f93d13) x26 0x00000001
core   0: 0x8000cac4 (0x00196963) bltu    s2, ra, pc + 18
core   0: 3 0x8000cac4 (0x00196963)
core   0: 0x8000cad6 (0x00009d3e) c.add   s10, a5
core   0: 3 0x8000cad6 (0x9d3e) x26 0x00000001
core   0: 0x8000cad8 (0x00008de9) c.and   a1, a0
core   0: 3 0x8000cad8 (0x8de9) x11 0x00000000
core   0: 0x8000cada (0x00001480) c.addi4spn s0, sp, 608
core   0: 3 0x8000cada (0x1480) x 8 0x00000260
core   0: 0x8000cadc (0x00643eb3) sltu    t4, s0, t1
core   0: 3 0x8000cadc (0x00643eb3) x29 0x00000001
core   0: 0x8000cae0 (0x000051fd) c.li    gp, -1
core   0: 3 0x8000cae0 (0x51fd) x 3 0xffffffff
core   0: 0x8000cae2 (0x03fddcb3) divu    s9, s11, t6
core   0: 3 0x8000cae2 (0x03fddcb3) x25 0x00000008
core   0: 0x8000cae6 (0x03f71333) mulh    t1, a4, t6
core   0: 3 0x8000cae6 (0x03f71333) x 6 0x00000000
core   0: 0x8000caea (0x03c83333) mulhu   t1, a6, t3
core   0: 3 0x8000caea (0x03c83333) x 6 0x00000000
core   0: 0x8000caee (0x0ff0000f) fence   iorw,iorw
core   0: 3 0x8000caee (0x0ff0000f)
core   0: 0x8000caf2 (0xf7e5d8b7) lui     a7, 0xf7e5d
core   0: 3 0x8000caf2 (0xf7e5d8b7) x17 0xf7e5d000
core   0: 0x8000caf6 (0x01677263) bgeu    a4, s6, pc + 4
core   0: 3 0x8000caf6 (0x01677263)
core   0: 0x8000cafa (0x02fbfb63) bgeu    s7, a5, pc + 54
core   0: 3 0x8000cafa (0x02fbfb63)
core   0: 0x8000cb30 (0x00000484) c.addi4spn s1, sp, 576
core   0: 3 0x8000cb30 (0x0484) x 9 0x00000240
core   0: 0x8000cb32 (0x00008d71) c.and   a0, a2
core   0: 3 0x8000cb32 (0x8d71) x10 0x00000000
core   0: 0x8000cb34 (0x00008a42) c.mv    s4, a6
core   0: 3 0x8000cb34 (0x8a42) x20 0x80027e7c
core   0: 0x8000cb36 (0x7567d437) lui     s0, 0x7567d
core   0: 3 0x8000cb36 (0x7567d437) x 8 0x7567d000
core   0: 0x8000cb3a (0x00008d59) c.or    a0, a4
core   0: 3 0x8000cb3a (0x8d59) x10 0x00000000
core   0: 0x8000cb3c (0x0000141c) c.addi4spn a5, sp, 544
core   0: 3 0x8000cb3c (0x141c) x15 0x00000220
core   0: 0x8000cb3e (0x00000001) c.nop
core   0: 3 0x8000cb3e (0x0001)
core   0: 0x8000cb40 (0x02578f63) beq     a5, t0, pc + 62
core   0: 3 0x8000cb40 (0x02578f63)
core   0: 0x8000cb44 (0x00bd0cb3) add     s9, s10, a1
core   0: 3 0x8000cb44 (0x00bd0cb3) x25 0x00000001
core   0: 0x8000cb48 (0x0000679d) c.lui   a5, 0x7
core   0: 3 0x8000cb48 (0x679d) x15 0x00007000
core   0: 0x8000cb4a (0xc2af8293) addi    t0, t6, -982
core   0: 3 0x8000cb4a (0xc2af8293) x 5 0x00012c2b
core   0: 0x8000cb4e (0x00b71863) bne     a4, a1, pc + 16
core   0: 3 0x8000cb4e (0x00b71863)
core   0: 0x8000cb52 (0x01bbd333) srl     t1, s7, s11
core   0: 3 0x8000cb52 (0x01bbd333) x 6 0x00000000
core   0: 0x8000cb56 (0x0ff0000f) fence   iorw,iorw
core   0: 3 0x8000cb56 (0x0ff0000f)
core   0: 0x8000cb5a (0x00b6b933) sltu    s2, a3, a1
core   0: 3 0x8000cb5a (0x00b6b933) x18 0x00000000
core   0: 0x8000cb5e (0x8ba5eab7) lui     s5, 0x8ba5e
core   0: 3 0x8000cb5e (0x8ba5eab7) x21 0x8ba5e000
core   0: 0x8000cb62 (0x00008c45) c.or    s0, s1
core   0: 3 0x8000cb62 (0x8c45) x 8 0x7567d240
core   0: 0x8000cb64 (0xcb62b013) sltiu   zero, t0, -842
core   0: 3 0x8000cb64 (0xcb62b013)
core   0: 0x8000cb68 (0xe0f6e893) ori     a7, a3, -497
core   0: 3 0x8000cb68 (0xe0f6e893) x17 0xffffff2f
core   0: 0x8000cb6c (0x02049333) mulh    t1, s1, zero
core   0: 3 0x8000cb6c (0x02049333) x 6 0x00000000
core   0: 0x8000cb70 (0x00008ded) c.and   a1, a1
core   0: 3 0x8000cb70 (0x8ded) x11 0x00000000
core   0: 0x8000cb72 (0x00000a86) c.slli  s5, 1
core   0: 3 0x8000cb72 (0x0a86) x21 0x174bc000
core   0: 0x8000cb74 (0x00ec5f93) srli    t6, s8, 14
core   0: 3 0x8000cb74 (0x00ec5f93) x31 0x00000003
core   0: 0x8000cb78 (0x02a26a63) bltu    tp, a0, pc + 52
core   0: 3 0x8000cb78 (0x02a26a63)
core   0: 0x8000cb7c (0x00000001) c.nop
core   0: 3 0x8000cb7c (0x0001)
core   0: 0x8000cb7e (0x00000001) c.nop
core   0: 3 0x8000cb7e (0x0001)
core   0: 0x8000cb80 (0xe806f593) andi    a1, a3, -384
core   0: 3 0x8000cb80 (0xe806f593) x11 0x8002bc00
core   0: 0x8000cb84 (0x01d53ab3) sltu    s5, a0, t4
core   0: 3 0x8000cb84 (0x01d53ab3) x21 0x00000001
core   0: 0x8000cb88 (0x01517933) and     s2, sp, s5
core   0: 3 0x8000cb88 (0x01517933) x18 0x00000000
core   0: 0x8000cb8c (0x41a250b3) sra     ra, tp, s10
core   0: 3 0x8000cb8c (0x41a250b3) x 1 0x33d1e800
core   0: 0x8000cb90 (0x0000c78d) c.beqz  a5, pc + 42
core   0: 3 0x8000cb90 (0xc78d)
core   0: 0x8000cb92 (0x370af193) andi    gp, s5, 880
core   0: 3 0x8000cb92 (0x370af193) x 3 0x00000000
core   0: 0x8000cb96 (0x41f55293) srai    t0, a0, 31
core   0: 3 0x8000cb96 (0x41f55293) x 5 0x00000000
core   0: 0x8000cb9a (0x3752a8b7) lui     a7, 0x3752a
core   0: 3 0x8000cb9a (0x3752a8b7) x17 0x3752a000
core   0: 0x8000cb9e (0x00008d35) c.xor   a0, a3
core   0: 3 0x8000cb9e (0x8d35) x10 0x8002bd24
core   0: 0x8000cba0 (0x033a4b63) blt     s4, s3, pc + 54
core   0: 3 0x8000cba0 (0x033a4b63)
core   0: 0x8000cbd6 (0x00a7d593) srli    a1, a5, 10
core   0: 3 0x8000cbd6 (0x00a7d593) x11 0x0000001c
core   0: 0x8000cbda (0x000bb033) sltu    zero, s7, zero
core   0: 3 0x8000cbda (0x000bb033)
core   0: 0x8000cbde (0x00001cfd) c.addi  s9, -1
core   0: 3 0x8000cbde (0x1cfd) x25 0x00000000
core   0: 0x8000cbe0 (0x0226cfb3) div     t6, a3, sp
core   0: 3 0x8000cbe0 (0x0226cfb3) x31 0xffffffff
core   0: 0x8000cbe4 (0x00000001) c.nop
core   0: 3 0x8000cbe4 (0x0001)
core   0: 0x8000cbe6 (0x00568b33) add     s6, a3, t0
core   0: 3 0x8000cbe6 (0x00568b33) x22 0x8002bd24
core   0: 0x8000cbea (0x1f8d9ab7) lui     s5, 0x1f8d9
core   0: 3 0x8000cbea (0x1f8d9ab7) x21 0x1f8d9000
core   0: 0x8000cbee (0x400ed0b3) sra     ra, t4, zero
core   0: 3 0x8000cbee (0x400ed0b3) x 1 0x00000001
core   0: 0x8000cbf2 (0xd4a03d93) sltiu   s11, zero, -694
core   0: 3 0x8000cbf2 (0xd4a03d93) x27 0x00000001
core   0: 0x8000cbf6 (0x02e9c963) blt     s3, a4, pc + 50
core   0: 3 0x8000cbf6 (0x02e9c963)
core   0: 0x8000cbfa (0x0000e59d) c.bnez  a1, pc + 46
core   0: 3 0x8000cbfa (0xe59d)
core   0: 0x8000cc28 (0x011fc8b3) xor     a7, t6, a7
core   0: 3 0x8000cc28 (0x011fc8b3) x17 0xc8ad5fff
core   0: 0x8000cc2c (0x102d3093) sltiu   ra, s10, 258
core   0: 3 0x8000cc2c (0x102d3093) x 1 0x00000001
core   0: 0x8000cc30 (0x0ff0000f) fence   iorw,iorw
core   0: 3 0x8000cc30 (0x0ff0000f)
core   0: 0x8000cc34 (0x40bb5f93) srai    t6, s6, 11
core   0: 3 0x8000cc34 (0x40bb5f93) x31 0xfff00057
core   0: 0x8000cc38 (0x02ba41b3) div     gp, s4, a1
core   0: 3 0x8000cc38 (0x02ba41b3) x 3 0xfb6dcda9
core   0: 0x8000cc3c (0x0030a133) slt     sp, ra, gp
core   0: 3 0x8000cc3c (0x0030a133) x 2 0x00000000
core   0: 0x8000cc40 (0x0248dc33) divu    s8, a7, tp
core   0: 3 0x8000cc40 (0x0248dc33) x24 0x00000001
core   0: 0x8000cc44 (0x004bceb3) xor     t4, s7, tp
core   0: 3 0x8000cc44 (0x004bceb3) x29 0x67a3d000
core   0: 0x8000cc48 (0x00001f10) c.addi4spn a2, sp, 944
core   0: 3 0x8000cc48 (0x1f10) x12 0x000003b0
core   0: 0x8000cc4a (0x03aeee63) bltu    t4, s10, pc + 60
core   0: 3 0x8000cc4a (0x03aeee63)
core   0: 0x8000cc4e (0x00c4d433) srl     s0, s1, a2
core   0: 3 0x8000cc4e (0x00c4d433) x 8 0x00000000
core   0: 0x8000cc52 (0x00008e65) c.and   a2, s1
core   0: 3 0x8000cc52 (0x8e65) x12 0x00000200
core   0: 0x8000cc54 (0x00008222) c.mv    tp, s0
core   0: 3 0x8000cc54 (0x8222) x 4 0x00000000
core   0: 0x8000cc56 (0x000087c1) c.srai  a5, 16
core   0: 3 0x8000cc56 (0x87c1) x15 0x00000000
core   0: 0x8000cc58 (0x0029e533) or      a0, s3, sp
core   0: 3 0x8000cc58 (0x0029e533) x10 0x0000036c
core   0: 0x8000cc5c (0x00a99433) sll     s0, s3, a0
core   0: 3 0x8000cc5c (0x00a99433) x 8 0x0036c000
core   0: 0x8000cc60 (0x01263db3) sltu    s11, a2, s2
core   0: 3 0x8000cc60 (0x01263db3) x27 0x00000000
core   0: 0x8000cc64 (0x138c7b13) andi    s6, s8, 312
core   0: 3 0x8000cc64 (0x138c7b13) x22 0x00000000
core   0: 0x8000cc68 (0x37fa5917) auipc   s2, 0x37fa5
core   0: 3 0x8000cc68 (0x37fa5917) x18 0xb7fb1c68
core   0: 0x8000cc6c (0x000084e6) c.mv    s1, s9
core   0: 3 0x8000cc6c (0x84e6) x 9 0x00000000
core   0: 0x8000cc6e (0x0000100f) fence.i
core   0: 3 0x8000cc6e (0x0000100f)
core   0: 0x8000cc72 (0xc98dd7b7) lui     a5, 0xc98dd
core   0: 3 0x8000cc72 (0xc98dd7b7) x15 0xc98dd000
core   0: 0x8000cc76 (0x0077cd33) xor     s10, a5, t2
core   0: 3 0x8000cc76 (0x0077cd33) x26 0xc98dd000
core   0: 0x8000cc7a (0x00008d69) c.and   a0, a0
core   0: 3 0x8000cc7a (0x8d69) x10 0x0000036c
core   0: 0x8000cc7c (0x02af1c33) mulh    s8, t5, a0
core   0: 3 0x8000cc7c (0x02af1c33) x24 0x00000157
core   0: 0x8000cc80 (0x028455b3) divu    a1, s0, s0
core   0: 3 0x8000cc80 (0x028455b3) x11 0x00000001
core   0: 0x8000cc84 (0x00008c49) c.or    s0, a0
core   0: 3 0x8000cc84 (0x8c49) x 8 0x0036c36c
core   0: 0x8000cc86 (0x02ac2333) mulhsu  t1, s8, a0
core   0: 3 0x8000cc86 (0x02ac2333) x 6 0x00000000
core   0: 0x8000cc8a (0x00008f55) c.or    a4, a3
core   0: 3 0x8000cc8a (0x8f55) x14 0x8002bd24
core   0: 0x8000cc8c (0x015461b3) or      gp, s0, s5
core   0: 3 0x8000cc8c (0x015461b3) x 3 0x1fbfd36c
core   0: 0x8000cc90 (0x00001c7d) c.addi  s8, -1
core   0: 3 0x8000cc90 (0x1c7d) x24 0x00000156
core   0: 0x8000cc92 (0x0ff0000f) fence   iorw,iorw
core   0: 3 0x8000cc92 (0x0ff0000f)
core   0: 0x8000cc96 (0x00cbd8b3) srl     a7, s7, a2
core   0: 3 0x8000cc96 (0x00cbd8b3) x17 0x00000000
core   0: 0x8000cc9a (0x41a95293) srai    t0, s2, 26
core   0: 3 0x8000cc9a (0x41a95293) x 5 0xffffffed
core   0: 0x8000cc9e (0x038a4933) div     s2, s4, s8
core   0: 3 0x8000cc9e (0x038a4933) x18 0xffa031c6
core   0: 0x8000cca2 (0x02dc0d33) mul     s10, s8, a3
core   0: 3 0x8000cca2 (0x02dc0d33) x26 0x03a8ae18
core   0: 0x8000cca6 (0x9a61b793) sltiu   a5, gp, -1626
core   0: 3 0x8000cca6 (0x9a61b793) x15 0x00000001
core   0: 0x8000ccaa (0x000004da) c.slli  s1, 22
core   0: 3 0x8000ccaa (0x04da) x 9 0x00000000
core   0: 0x8000ccac (0x036f1c63) bne     t5, s6, pc + 56
core   0: 3 0x8000ccac (0x036f1c63)
core   0: 0x8000cce4 (0x000048a1) c.li    a7, 8
core   0: 3 0x8000cce4 (0x48a1) x17 0x00000008
core   0: 0x8000cce6 (0x000081ea) c.mv    gp, s10
core   0: 3 0x8000cce6 (0x81ea) x 3 0x03a8ae18
core   0: 0x8000cce8 (0x402407b3) sub     a5, s0, sp
core   0: 3 0x8000cce8 (0x402407b3) x15 0x0036c36c
core   0: 0x8000ccec (0xf8f34193) xori    gp, t1, -113
core   0: 3 0x8000ccec (0xf8f34193) x 3 0xffffff8f
core   0: 0x8000ccf0 (0x40755293) srai    t0, a0, 7
core   0: 3 0x8000ccf0 (0x40755293) x 5 0x00000006
core   0: 0x8000ccf4 (0x02540c33) mul     s8, s0, t0
core   0: 3 0x8000ccf4 (0x02540c33) x24 0x01489488
core   0: 0x8000ccf8 (0x00008f1d) c.sub   a4, a5
core   0: 3 0x8000ccf8 (0x8f1d) x14 0x7fcbf9b8
core   0: 0x8000ccfa (0x41d8d4b3) sra     s1, a7, t4
core   0: 3 0x8000ccfa (0x41d8d4b3) x 9 0x00000008
core   0: 0x8000ccfe (0x01db2fb3) slt     t6, s6, t4
core   0: 3 0x8000ccfe (0x01db2fb3) x31 0x00000001
core   0: 0x8000cd02 (0x00008e1a) c.mv    t3, t1
core   0: 3 0x8000cd02 (0x8e1a) x28 0x00000000
core   0: 0x8000cd04 (0x00329333) sll     t1, t0, gp
core   0: 3 0x8000cd04 (0x00329333) x 6 0x00030000
core   0: 0x8000cd08 (0x0f17cf13) xori    t5, a5, 241
core   0: 3 0x8000cd08 (0x0f17cf13) x30 0x0036c39d
core   0: 0x8000cd0c (0x00008f41) c.or    a4, s0
core   0: 3 0x8000cd0c (0x8f41) x14 0x7ffffbfc
core   0: 0x8000cd0e (0x01cdff33) and     t5, s11, t3
core   0: 3 0x8000cd0e (0x01cdff33) x30 0x00000000
core   0: 0x8000cd12 (0x41965f93) srai    t6, a2, 25
core   0: 3 0x8000cd12 (0x41965f93) x31 0x00000000
core   0: 0x8000cd16 (0x03dc0b63) beq     s8, t4, pc + 54
core   0: 3 0x8000cd16 (0x03dc0b63)
core   0: 0x8000cd1a (0xd00eaf93) slti    t6, t4, -768
core   0: 3 0x8000cd1a (0xd00eaf93) x31 0x00000000
core   0: 0x8000cd1e (0x03553a33) mulhu   s4, a0, s5
core   0: 3 0x8000cd1e (0x03553a33) x20 0x0000006b
core   0: 0x8000cd22 (0x00abddb3) srl     s11, s7, a0
core   0: 3 0x8000cd22 (0x00abddb3) x27 0x00000000
core   0: 0x8000cd26 (0x00000001) c.nop
core   0: 3 0x8000cd26 (0x0001)
core   0: 0x8000cd28 (0x00676db3) or      s11, a4, t1
core   0: 3 0x8000cd28 (0x00676db3) x27 0x7ffffbfc
core   0: 0x8000cd2c (0xddf9d937) lui     s2, 0xddf9d
core   0: 3 0x8000cd2c (0xddf9d937) x18 0xddf9d000
core   0: 0x8000cd30 (0x00008da1) c.xor   a1, s0
core   0: 3 0x8000cd30 (0x8da1) x11 0x0036c36d
core   0: 0x8000cd32 (0x0063b0b3) sltu    ra, t2, t1
core   0: 3 0x8000cd32 (0x0063b0b3) x 1 0x00000001
core   0: 0x8000cd36 (0x00000aa6) c.slli  s5, 9
core   0: 3 0x8000cd36 (0x0aa6) x21 0x1b200000
core   0: 0x8000cd38 (0x00004f35) c.li    t5, 13
core   0: 3 0x8000cd38 (0x4f35) x30 0x0000000d
core   0: 0x8000cd3a (0x41df8533) sub     a0, t6, t4
core   0: 3 0x8000cd3a (0x41df8533) x10 0x985c3000
core   0: 0x8000cd3e (0x0178f8b3) and     a7, a7, s7
core   0: 3 0x8000cd3e (0x0178f8b3) x17 0x00000000
core   0: 0x8000cd42 (0xfac178b7) lui     a7, 0xfac17
core   0: 3 0x8000cd42 (0xfac178b7) x17 0xfac17000
core   0: 0x8000cd46 (0x00008fe9) c.and   a5, a0
core   0: 3 0x8000cd46 (0x8fe9) x15 0x00140000
core   0: 0x8000cd48 (0x00cf4a33) xor     s4, t5, a2
core   0: 3 0x8000cd48 (0x00cf4a33) x20 0x0000020d
core   0: 0x8000cd4c (0x0000850e) c.mv    a0, gp
core   0: 3 0x8000cd4c (0x850e) x10 0xffffff8f
core   0: 0x8000cd4e (0x2b21af93) slti    t6, gp, 690
core   0: 3 0x8000cd4e (0x2b21af93) x31 0x00000001
core   0: 0x8000cd52 (0x0093d213) srli    tp, t2, 9
core   0: 3 0x8000cd52 (0x0093d213) x 4 0x00000000
core   0: 0x8000cd56 (0x0ff0000f) fence   iorw,iorw
core   0: 3 0x8000cd56 (0x0ff0000f)
core   0: 0x8000cd5a (0x03b1a4b3) mulhsu  s1, gp, s11
core   0: 3 0x8000cd5a (0x03b1a4b3) x 9 0xffffffc7
core   0: 0x8000cd5e (0x00945713) srli    a4, s0, 9
core   0: 3 0x8000cd5e (0x00945713) x14 0x00001b61
core   0: 0x8000cd62 (0x01dac663) blt     s5, t4, pc + 12
core   0: 3 0x8000cd62 (0x01dac663)
core   0: 0x8000cd6e (0x00ad9433) sll     s0, s11, a0
core   0: 3 0x8000cd6e (0x00ad9433) x 8 0xfdfe0000
core   0: 0x8000cd72 (0x6ddf7493) andi    s1, t5, 1757
core   0: 3 0x8000cd72 (0x6ddf7493) x 9 0x0000000d
core   0: 0x8000cd76 (0x40190733) sub     a4, s2, ra
core   0: 3 0x8000cd76 (0x40190733) x14 0xddf9cfff
core   0: 0x8000cd7a (0x000081f9) c.srli  a1, 30
core   0: 3 0x8000cd7a (0x81f9) x11 0x00000000
core   0: 0x8000cd7c (0x01304433) xor     s0, zero, s3
core   0: 3 0x8000cd7c (0x01304433) x 8 0x0000036c
core   0: 0x8000cd80 (0x00905c13) srli    s8, zero, 9
core   0: 3 0x8000cd80 (0x00905c13) x24 0x00000000
core   0: 0x8000cd84 (0x406a85b3) sub     a1, s5, t1
core   0: 3 0x8000cd84 (0x406a85b3) x11 0x1b1d0000
core   0: 0x8000cd88 (0x00008db1) c.xor   a1, a2
core   0: 3 0x8000cd88 (0x8db1) x11 0x1b1d0200
core   0: 0x8000cd8a (0x00006533) or      a0, zero, zero
core   0: 3 0x8000cd8a (0x00006533) x10 0x00000000
core   0: 0x8000cd8e (0x02fbf363) bgeu    s7, a5, pc + 38
core   0: 3 0x8000cd8e (0x02fbf363)
core   0: 0x8000cd92 (0x006a6d63) bltu    s4, t1, pc + 26
core   0: 3 0x8000cd92 (0x006a6d63)
core   0: 0x8000cdac (0x00000f71) c.addi  t5, 28
core   0: 3 0x8000cdac (0x0f71) x30 0x00000029
core   0: 0x8000cdae (0x00000faa) c.slli  t6, 10
core   0: 3 0x8000cdae (0x0faa) x31 0x00000400
core   0: 0x8000cdb0 (0x00bf4033) xor     zero, t5, a1
core   0: 3 0x8000cdb0 (0x00bf4033)
core   0: 0x8000cdb4 (0x0101ec33) or      s8, gp, a6
core   0: 3 0x8000cdb4 (0x0101ec33) x24 0xffffffff
core   0: 0x8000cdb8 (0x00008c85) c.sub   s1, s1
core   0: 3 0x8000cdb8 (0x8c85) x 9 0x00000000
core   0: 0x8000cdba (0x00000eda) c.slli  t4, 22
core   0: 3 0x8000cdba (0x0eda) x29 0x00000000
core   0: 0x8000cdbc (0x038892b3) mulh    t0, a7, s8
core   0: 3 0x8000cdbc (0x038892b3) x 5 0x00000000
core   0: 0x8000cdc0 (0xd91b7713) andi    a4, s6, -623
core   0: 3 0x8000cdc0 (0xd91b7713) x14 0x00000000
core   0: 0x8000cdc4 (0x00008c21) c.xor   s0, s0
core   0: 3 0x8000cdc4 (0x8c21) x 8 0x00000000
core   0: 0x8000cdc6 (0x00008ff1) c.and   a5, a2
core   0: 3 0x8000cdc6 (0x8ff1) x15 0x00000000
core   0: 0x8000cdc8 (0x0055b1b3) sltu    gp, a1, t0
core   0: 3 0x8000cdc8 (0x0055b1b3) x 3 0x00000000
core   0: 0x8000cdcc (0x02a09e33) mulh    t3, ra, a0
core   0: 3 0x8000cdcc (0x02a09e33) x28 0x00000000
core   0: 0x8000cdd0 (0xd6c36793) ori     a5, t1, -660
core   0: 3 0x8000cdd0 (0xd6c36793) x15 0xfffffd6c
core   0: 0x8000cdd4 (0x00000001) c.nop
core   0: 3 0x8000cdd4 (0x0001)
core   0: 0x8000cdd6 (0x026c60b3) rem     ra, s8, t1
core   0: 3 0x8000cdd6 (0x026c60b3) x 1 0xffffffff
core   0: 0x8000cdda (0x00008c09) c.sub   s0, a0
core   0: 3 0x8000cdda (0x8c09) x 8 0x00000000
core   0: 0x8000cddc (0x00008589) c.srai  a1, 2
core   0: 3 0x8000cddc (0x8589) x11 0x06c74080
core   0: 0x8000cdde (0x00000001) c.nop
core   0: 3 0x8000cdde (0x0001)
core   0: 0x8000cde0 (0x2dde8793) addi    a5, t4, 733
core   0: 3 0x8000cde0 (0x2dde8793) x15 0x000002dd
core   0: 0x8000cde4 (0x00000b26) c.slli  s6, 9
core   0: 3 0x8000cde4 (0x0b26) x22 0x00000000
core   0: 0x8000cde6 (0x404c0233) sub     tp, s8, tp
core   0: 3 0x8000cde6 (0x404c0233) x 4 0xffffffff
core   0: 0x8000cdea (0x00000dde) c.slli  s11, 23
core   0: 3 0x8000cdea (0x0dde) x27 0xfe000000
core   0: 0x8000cdec (0x0ff0000f) fence   iorw,iorw
core   0: 3 0x8000cdec (0x0ff0000f)
core   0: 0x8000cdf0 (0xba809537) lui     a0, 0xba809
core   0: 3 0x8000cdf0 (0xba809537) x10 0xba809000
core   0: 0x8000cdf4 (0x00c4fd33) and     s10, s1, a2
core   0: 3 0x8000cdf4 (0x00c4fd33) x26 0x00000000
core   0: 0x8000cdf8 (0x02b5e633) rem     a2, a1, a1
core   0: 3 0x8000cdf8 (0x02b5e633) x12 0x00000000
core   0: 0x8000cdfc (0x019a2c33) slt     s8, s4, s9
core   0: 3 0x8000cdfc (0x019a2c33) x24 0x00000000
core   0: 0x8000ce00 (0x017c9e33) sll     t3, s9, s7
core   0: 3 0x8000ce00 (0x017c9e33) x28 0x00000000
core   0: 0x8000ce04 (0x60743197) auipc   gp, 0x60743
core   0: 3 0x8000ce04 (0x60743197) x 3 0xe074fe04
core   0: 0x8000ce08 (0xf9fcb293) sltiu   t0, s9, -97
core   0: 3 0x8000ce08 (0xf9fcb293) x 5 0x00000001
core   0: 0x8000ce0c (0x00008ca1) c.xor   s1, s0
core   0: 3 0x8000ce0c (0x8ca1) x 9 0x00000000
core   0: 0x8000ce0e (0x004b5093) srli    ra, s6, 4
core   0: 3 0x8000ce0e (0x004b5093) x 1 0x00000000
core   0: 0x8000ce12 (0x0000e10d) c.bnez  a0, pc + 34
core   0: 3 0x8000ce12 (0xe10d)
core   0: 0x8000ce34 (0x00008f5d) c.or    a4, a5
core   0: 3 0x8000ce34 (0x8f5d) x14 0x000002dd
core   0: 0x8000ce36 (0x00a000ef) jal     pc + 0xa
core   0: 3 0x8000ce36 (0x00a000ef) x 1 0x8000ce3a
core   0: 0x8000ce40 (0x00e000ef) jal     pc + 0xe
core   0: 3 0x8000ce40 (0x00e000ef) x 1 0x8000ce44
core   0: 0x8000ce4e (0x0120046f) jal     s0, pc + 0x12
core   0: 3 0x8000ce4e (0x0120046f) x 8 0x8000ce52
core   0: 0x8000ce60 (0xfffff0ef) jal     pc - 0x2
core   0: 3 0x8000ce60 (0xfffff0ef) x 1 0x8000ce64
core   0: 0x8000ce5e (0x00003fe5) c.jal   pc - 8
core   0: 3 0x8000ce5e (0x3fe5) x 1 0x8000ce60
core   0: 0x8000ce56 (0x00003fc5) c.jal   pc - 16
core   0: 3 0x8000ce56 (0x3fc5) x 1 0x8000ce58
core   0: 0x8000ce46 (0x00002009) c.jal   pc + 2
core   0: 3 0x8000ce46 (0x2009) x 1 0x8000ce48
core   0: 0x8000ce48 (0x0000a811) c.j     pc + 20
core   0: 3 0x8000ce48 (0xa811)
core   0: 0x8000ce5c (0x0000bff5) c.j     pc - 4
core   0: 3 0x8000ce5c (0xbff5)
core   0: 0x8000ce58 (0x014000ef) jal     pc + 0x14
core   0: 3 0x8000ce58 (0x014000ef) x 1 0x8000ce5c
core   0: 0x8000ce6c (0x0000bff5) c.j     pc - 4
core   0: 3 0x8000ce6c (0xbff5)
core   0: 0x8000ce68 (0xfd3ffc6f) jal     s8, pc - 0x2e
core   0: 3 0x8000ce68 (0xfd3ffc6f) x24 0x8000ce6c
core   0: 0x8000ce3a (0x00002009) c.jal   pc + 2
core   0: 3 0x8000ce3a (0x2009) x 1 0x8000ce3c
core   0: 0x8000ce3c (0x008000ef) jal     pc + 0x8
core   0: 3 0x8000ce3c (0x008000ef) x 1 0x8000ce40
core   0: 0x8000ce44 (0x00002019) c.jal   pc + 6
core   0: 3 0x8000ce44 (0x2019) x 1 0x8000ce46
core   0: 0x8000ce4a (0x01a00cef) jal     s9, pc + 0x1a
core   0: 3 0x8000ce4a (0x01a00cef) x25 0x8000ce4e
core   0: 0x8000ce64 (0xfefff36f) jal     t1, pc - 0x12
core   0: 3 0x8000ce64 (0xfefff36f) x 6 0x8000ce68
core   0: 0x8000ce52 (0x01c00a6f) jal     s4, pc + 0x1c
core   0: 3 0x8000ce52 (0x01c00a6f) x20 0x8000ce56
core   0: 0x8000ce6e (0x00008d29) c.xor   a0, a0
core   0: 3 0x8000ce6e (0x8d29) x10 0x00000000
core   0: 0x8000ce70 (0xcd94c013) xori    zero, s1, -807
core   0: 3 0x8000ce70 (0xcd94c013)
core   0: 0x8000ce74 (0x0407a193) slti    gp, a5, 64
core   0: 3 0x8000ce74 (0x0407a193) x 3 0x00000000
core   0: 0x8000ce78 (0x00000001) c.nop
core   0: 3 0x8000ce78 (0x0001)
core   0: 0x8000ce7a (0x0000094a) c.slli  s2, 18
core   0: 3 0x8000ce7a (0x094a) x18 0x40000000
core   0: 0x8000ce7c (0x03acb8b3) mulhu   a7, s9, s10
core   0: 3 0x8000ce7c (0x03acb8b3) x17 0x00000000
core   0: 0x8000ce80 (0x0135dc13) srli    s8, a1, 19
core   0: 3 0x8000ce80 (0x0135dc13) x24 0x000000d8
core   0: 0x8000ce84 (0xc6c77c93) andi    s9, a4, -916
core   0: 3 0x8000ce84 (0xc6c77c93) x25 0x0000004c
core   0: 0x8000ce88 (0x0ad9ef93) ori     t6, s3, 173
core   0: 3 0x8000ce88 (0x0ad9ef93) x31 0x000003ed
core   0: 0x8000ce8c (0x0000100f) fence.i
core   0: 3 0x8000ce8c (0x0000100f)
core   0: 0x8000ce90 (0x02d9e0b3) rem     ra, s3, a3
core   0: 3 0x8000ce90 (0x02d9e0b3) x 1 0x0000036c
core   0: 0x8000ce94 (0x0314f563) bgeu    s1, a7, pc + 42
core   0: 3 0x8000ce94 (0x0314f563)
core   0: 0x8000cebe (0x02aa8fb3) mul     t6, s5, a0
core   0: 3 0x8000cebe (0x02aa8fb3) x31 0x00000000
core   0: 0x8000cec2 (0x00008ce9) c.and   s1, a0
core   0: 3 0x8000cec2 (0x8ce9) x 9 0x00000000
core   0: 0x8000cec4 (0x446c4717) auipc   a4, 0x446c4
core   0: 3 0x8000cec4 (0x446c4717) x14 0xc46d0ec4
core   0: 0x8000cec8 (0x00008e3d) c.xor   a2, a5
core   0: 3 0x8000cec8 (0x8e3d) x12 0x000002dd
core   0: 0x8000ceca (0x00001c08) c.addi4spn a0, sp, 560
core   0: 3 0x8000ceca (0x1c08) x10 0x00000230
core   0: 0x8000cecc (0x0368a033) mulhsu  zero, a7, s6
core   0: 3 0x8000cecc (0x0368a033)
core   0: 0x8000ced0 (0x02338763) beq     t2, gp, pc + 46
core   0: 3 0x8000ced0 (0x02338763)
core   0: 0x8000cefe (0xf7a9b297) auipc   t0, 0xf7a9b
core   0: 3 0x8000cefe (0xf7a9b297) x 5 0x77aa7efe
core   0: 0x8000cf02 (0x0cfac963) blt     s5, a5, pc + 210
core   0: 3 0x8000cf02 (0x0cfac963)
core   0: 0x8000cf06 (0xcd854a13) xori    s4, a0, -808
core   0: 3 0x8000cf06 (0xcd854a13) x20 0xfffffee8
core   0: 0x8000cf0a (0x0000100f) fence.i
core   0: 3 0x8000cf0a (0x0000100f)
core   0: 0x8000cf0e (0x0d756b63) bltu    a0, s7, pc + 214
core   0: 3 0x8000cf0e (0x0d756b63)
core   0: 0x8000cf12 (0x7da53113) sltiu   sp, a0, 2010
core   0: 3 0x8000cf12 (0x7da53113) x 2 0x00000001
core   0: 0x8000cf16 (0x00bfd513) srli    a0, t6, 11
core   0: 3 0x8000cf16 (0x00bfd513) x10 0x00000000
core   0: 0x8000cf1a (0x00005117) auipc   sp, 0x5
core   0: 3 0x8000cf1a (0x00005117) x 2 0x80011f1a
core   0: 0x8000cf1e (0x51110113) addi    sp, sp, 1297
core   0: 3 0x8000cf1e (0x51110113) x 2 0x8001242b
core   0: 0x8000cf22 (0xfce14e83) lbu     t4, -50(sp)
core   0: 3 0x8000cf22 (0xfce14e83) x29 0x00000096 mem 0x800123f9
core   0: 0x8000cf26 (0x03414a03) lbu     s4, 52(sp)
core   0: 3 0x8000cf26 (0x03414a03) x20 0x00000037 mem 0x8001245f
core   0: 0x8000cf2a (0xf7014d83) lbu     s11, -144(sp)
core   0: 3 0x8000cf2a (0xf7014d83) x27 0x0000007b mem 0x8001239b
core   0: 0x8000cf2e (0x03bd8e33) mul     t3, s11, s11
core   0: 3 0x8000cf2e (0x03bd8e33) x28 0x00003b19
core   0: 0x8000cf32 (0xc5ae4d93) xori    s11, t3, -934
core   0: 3 0x8000cf32 (0xc5ae4d93) x27 0xffffc743
core   0: 0x8000cf36 (0xfd414e83) lbu     t4, -44(sp)
core   0: 3 0x8000cf36 (0xfd414e83) x29 0x0000002a mem 0x800123ff
core   0: 0x8000cf3a (0x0000654d) c.lui   a0, 0x13
core   0: 3 0x8000cf3a (0x654d) x10 0x00013000
core   0: 0x8000cf3c (0xf5c10e03) lb      t3, -164(sp)
core   0: 3 0x8000cf3c (0xf5c10e03) x28 0x00000053 mem 0x80012387
core   0: 0x8000cf40 (0xa216cd97) auipc   s11, 0xa216c
core   0: 3 0x8000cf40 (0xa216cd97) x27 0x22178f40
core   0: 0x8000cf44 (0x00008d69) c.and   a0, a0
core   0: 3 0x8000cf44 (0x8d69) x10 0x00013000
core   0: 0x8000cf46 (0x05d10923) sb      t4, 82(sp)
core   0: 3 0x8000cf46 (0x05d10923) mem 0x8001247d 0x2a
core   0: 0x8000cf4a (0x00008d69) c.and   a0, a0
core   0: 3 0x8000cf4a (0x8d69) x10 0x00013000
core   0: 0x8000cf4c (0xc54a2d93) slti    s11, s4, -940
core   0: 3 0x8000cf4c (0xc54a2d93) x27 0x00000000
core   0: 0x8000cf50 (0x04e14e83) lbu     t4, 78(sp)
core   0: 3 0x8000cf50 (0x04e14e83) x29 0x00000005 mem 0x80012479
core   0: 0x8000cf54 (0x88299517) auipc   a0, 0x88299
core   0: 3 0x8000cf54 (0x88299517) x10 0x082a5f54
core   0: 0x8000cf58 (0x01614503) lbu     a0, 22(sp)
core   0: 3 0x8000cf58 (0x01614503) x10 0x00000081 mem 0x80012441
core   0: 0x8000cf5c (0xfcc14e03) lbu     t3, -52(sp)
core   0: 3 0x8000cf5c (0xfcc14e03) x28 0x000000b2 mem 0x800123f7
core   0: 0x8000cf60 (0xf7210503) lb      a0, -142(sp)
core   0: 3 0x8000cf60 (0xf7210503) x10 0x00000013 mem 0x8001239d
core   0: 0x8000cf64 (0x00000a72) c.slli  s4, 28
core   0: 3 0x8000cf64 (0x0a72) x20 0x70000000
core   0: 0x8000cf66 (0xfa310503) lb      a0, -93(sp)
core   0: 3 0x8000cf66 (0xfa310503) x10 0xffffffc6 mem 0x800123ce
core   0: 0x8000cf6a (0xffb11ca3) sh      s11, -7(sp)
core   0: 3 0x8000cf6a (0xffb11ca3) mem 0x80012424 0x0000
core   0: 0x8000cf6e (0x01ddb533) sltu    a0, s11, t4
core   0: 3 0x8000cf6e (0x01ddb533) x10 0x00000001
core   0: 0x8000cf72 (0x025cbdb7) lui     s11, 0x25cb
core   0: 3 0x8000cf72 (0x025cbdb7) x27 0x025cb000
core   0: 0x8000cf76 (0xfbb115a3) sh      s11, -85(sp)
core   0: 3 0x8000cf76 (0xfbb115a3) mem 0x800123d6 0xb000
core   0: 0x8000cf7a (0x591e6e13) ori     t3, t3, 1425
core   0: 3 0x8000cf7a (0x591e6e13) x28 0x000005b3
core   0: 0x8000cf7e (0xf4e10283) lb      t0, -178(sp)
core   0: 3 0x8000cf7e (0xf4e10283) x 5 0x00000043 mem 0x80012379
core   0: 0x8000cf82 (0xfef14e83) lbu     t4, -17(sp)
core   0: 3 0x8000cf82 (0xfef14e83) x29 0x000000f4 mem 0x8001241a
core   0: 0x8000cf86 (0xf7c116a3) sh      t3, -147(sp)
core   0: 3 0x8000cf86 (0xf7c116a3) mem 0x80012398 0x05b3
core   0: 0x8000cf8a (0xf4b14503) lbu     a0, -181(sp)
core   0: 3 0x8000cf8a (0xf4b14503) x10 0x00000022 mem 0x80012376
core   0: 0x8000cf8e (0x014a0533) add     a0, s4, s4
core   0: 3 0x8000cf8e (0x014a0533) x10 0xe0000000
core   0: 0x8000cf92 (0xf2b11e03) lh      t3, -213(sp)
core   0: 3 0x8000cf92 (0xf2b11e03) x28 0xffffb6ac mem 0x80012356
core   0: 0x8000cf96 (0x0000100f) fence.i
core   0: 3 0x8000cf96 (0x0000100f)
core   0: 0x8000cf9a (0xf7f15e03) lhu     t3, -129(sp)
core   0: 3 0x8000cf9a (0xf7f15e03) x28 0x00006562 mem 0x800123aa
core   0: 0x8000cf9e (0x02b15e03) lhu     t3, 43(sp)
core   0: 3 0x8000cf9e (0x02b15e03) x28 0x00001248 mem 0x80012456
core   0: 0x8000cfa2 (0x4ee56293) ori     t0, a0, 1262
core   0: 3 0x8000cfa2 (0x4ee56293) x 5 0xe00004ee
core   0: 0x8000cfa6 (0xfaf11e03) lh      t3, -81(sp)
core   0: 3 0x8000cfa6 (0xfaf11e03) x28 0xffffe43e mem 0x800123da
core   0: 0x8000cfaa (0x00029293) slli    t0, t0, 0
core   0: 3 0x8000cfaa (0x00029293) x 5 0xe00004ee
core   0: 0x8000cfae (0x025de533) rem     a0, s11, t0
core   0: 3 0x8000cfae (0x025de533) x10 0x025cb000
core   0: 0x8000cfb2 (0x0e210e03) lb      t3, 226(sp)
core   0: 3 0x8000cfb2 (0x0e210e03) x28 0xffffff98 mem 0x8001250d
core   0: 0x8000cfb6 (0x00000001) c.nop
core   0: 3 0x8000cfb6 (0x0001)
core   0: 0x8000cfb8 (0x90cff593) andi    a1, t6, -1780
core   0: 3 0x8000cfb8 (0x90cff593) x11 0x00000000
core   0: 0x8000cfbc (0x40cb0133) sub     sp, s6, a2
core   0: 3 0x8000cfbc (0x40cb0133) x 2 0xfffffd23
core   0: 0x8000cfc0 (0x0000178c) c.addi4spn a1, sp, 992
core   0: 3 0x8000cfc0 (0x178c) x11 0x00000103
core   0: 0x8000cfc2 (0x74c84897) auipc   a7, 0x74c84
core   0: 3 0x8000cfc2 (0x74c84897) x17 0xf4c90fc2
core   0: 0x8000cfc6 (0x000081f1) c.srli  a1, 28
core   0: 3 0x8000cfc6 (0x81f1) x11 0x00000000
core   0: 0x8000cfc8 (0xf64b8217) auipc   tp, 0xf64b8
core   0: 3 0x8000cfc8 (0xf64b8217) x 4 0x764c4fc8
core   0: 0x8000cfcc (0x00008ada) c.mv    s5, s6
core   0: 3 0x8000cfcc (0x8ada) x21 0x00000000
core   0: 0x8000cfce (0x01ec9333) sll     t1, s9, t5
core   0: 3 0x8000cfce (0x01ec9333) x 6 0x00009800
core   0: 0x8000cfd2 (0x0000997d) c.andi  a0, -1
core   0: 3 0x8000cfd2 (0x997d) x10 0x025cb000
core   0: 0x8000cfd4 (0x024f7863) bgeu    t5, tp, pc + 48
core   0: 3 0x8000cfd4 (0x024f7863)
core   0: 0x8000cfd8 (0x0000100f) fence.i
core   0: 3 0x8000cfd8 (0x0000100f)
core   0: 0x8000cfdc (0x00000722) c.slli  a4, 8
core   0: 3 0x8000cfdc (0x0722) x14 0x6d0ec400
core   0: 0x8000cfde (0x01b7f133) and     sp, a5, s11
core   0: 3 0x8000cfde (0x01b7f133) x 2 0x00000000
core   0: 0x8000cfe2 (0x00000a08) c.addi4spn a0, sp, 272
core   0: 3 0x8000cfe2 (0x0a08) x10 0x00000110
core   0: 0x8000cfe4 (0x01457133) and     sp, a0, s4
core   0: 3 0x8000cfe4 (0x01457133) x 2 0x00000000
core   0: 0x8000cfe8 (0x93fd61b7) lui     gp, 0x93fd6
core   0: 3 0x8000cfe8 (0x93fd61b7) x 3 0x93fd6000
core   0: 0x8000cfec (0x00008df1) c.and   a1, a2
core   0: 3 0x8000cfec (0x8df1) x11 0x00000000
core   0: 0x8000cfee (0x003d47b3) xor     a5, s10, gp
core   0: 3 0x8000cfee (0x003d47b3) x15 0x93fd6000
core   0: 0x8000cff2 (0x02acf0b3) remu    ra, s9, a0
core   0: 3 0x8000cff2 (0x02acf0b3) x 1 0x0000004c
core   0: 0x8000cff6 (0x004a6333) or      t1, s4, tp
core   0: 3 0x8000cff6 (0x004a6333) x 6 0x764c4fc8
core   0: 0x8000cffa (0x02335263) bge     t1, gp, pc + 36
core   0: 3 0x8000cffa (0x02335263)
core   0: 0x8000d01e (0x00000001) c.nop
core   0: 3 0x8000d01e (0x0001)
core   0: 0x8000d020 (0x00000ff2) c.slli  t6, 28
core   0: 3 0x8000d020 (0x0ff2) x31 0x00000000
core   0: 0x8000d022 (0x03d43db3) mulhu   s11, s0, t4
core   0: 3 0x8000d022 (0x03d43db3) x27 0x0000007a
core   0: 0x8000d026 (0x01acdab3) srl     s5, s9, s10
core   0: 3 0x8000d026 (0x01acdab3) x21 0x0000004c
core   0: 0x8000d02a (0xa2cacb13) xori    s6, s5, -1492
core   0: 3 0x8000d02a (0xa2cacb13) x22 0xfffffa60
core   0: 0x8000d02e (0x00008cb2) c.mv    s9, a2
core   0: 3 0x8000d02e (0x8cb2) x25 0x000002dd
core   0: 0x8000d030 (0x00009912) c.add   s2, tp
core   0: 3 0x8000d030 (0x9912) x18 0xb64c4fc8
core   0: 0x8000d032 (0x00008e25) c.xor   a2, s1
core   0: 3 0x8000d032 (0x8e25) x12 0x000002dd
core   0: 0x8000d034 (0x00008bb1) c.andi  a5, 12
core   0: 3 0x8000d034 (0x8bb1) x15 0x00000000
core   0: 0x8000d036 (0x00000001) c.nop
core   0: 3 0x8000d036 (0x0001)
core   0: 0x8000d038 (0x6fd30f13) addi    t5, t1, 1789
core   0: 3 0x8000d038 (0x6fd30f13) x30 0x764c56c5
core   0: 0x8000d03c (0x039050b3) divu    ra, zero, s9
core   0: 3 0x8000d03c (0x039050b3) x 1 0x00000000
core   0: 0x8000d040 (0x000087f5) c.srai  a5, 29
core   0: 3 0x8000d040 (0x87f5) x15 0x00000000
core   0: 0x8000d042 (0x004f5213) srli    tp, t5, 4
core   0: 3 0x8000d042 (0x004f5213) x 4 0x0764c56c
core   0: 0x8000d046 (0x414f5a93) srai    s5, t5, 20
core   0: 3 0x8000d046 (0x414f5a93) x21 0x00000764
core   0: 0x8000d04a (0x00006d05) c.lui   s10, 0x1
core   0: 3 0x8000d04a (0x6d05) x26 0x00001000
core   0: 0x8000d04c (0x000ff563) bgeu    t6, zero, pc + 10
core   0: 3 0x8000d04c (0x000ff563)
core   0: 0x8000d056 (0x0000e511) c.bnez  a0, pc + 12
core   0: 3 0x8000d056 (0xe511)
core   0: 0x8000d062 (0x00ce5263) bge     t3, a2, pc + 4
core   0: 3 0x8000d062 (0x00ce5263)
core   0: 0x8000d066 (0x0000100f) fence.i
core   0: 3 0x8000d066 (0x0000100f)
core   0: 0x8000d06a (0x0327d063) bge     a5, s2, pc + 32
core   0: 3 0x8000d06a (0x0327d063)
core   0: 0x8000d08a (0x00b1d093) srli    ra, gp, 11
core   0: 3 0x8000d08a (0x00b1d093) x 1 0x00127fac
core   0: 0x8000d08e (0x00004109) c.li    sp, 2
core   0: 3 0x8000d08e (0x4109) x 2 0x00000002
core   0: 0x8000d090 (0x000044b5) c.li    s1, 13
core   0: 3 0x8000d090 (0x44b5) x 9 0x0000000d
core   0: 0x8000d092 (0x00000b12) c.slli  s6, 4
core   0: 3 0x8000d092 (0x0b12) x22 0xffffa600
core   0: 0x8000d094 (0x000019fd) c.addi  s3, -1
core   0: 3 0x8000d094 (0x19fd) x19 0x0000036b
core   0: 0x8000d096 (0x0000011d) c.addi  sp, 7
core   0: 3 0x8000d096 (0x011d) x 2 0x00000009
core   0: 0x8000d098 (0x419b5fb3) sra     t6, s6, s9
core   0: 3 0x8000d098 (0x419b5fb3) x31 0xffffffff
core   0: 0x8000d09c (0xfe916ce3) bltu    sp, s1, pc - 8
core   0: 3 0x8000d09c (0xfe916ce3)
core   0: 0x8000d094 (0x000019fd) c.addi  s3, -1
core   0: 3 0x8000d094 (0x19fd) x19 0x0000036a
core   0: 0x8000d096 (0x0000011d) c.addi  sp, 7
core   0: 3 0x8000d096 (0x011d) x 2 0x00000010
core   0: 0x8000d098 (0x419b5fb3) sra     t6, s6, s9
core   0: 3 0x8000d098 (0x419b5fb3) x31 0xffffffff
core   0: 0x8000d09c (0xfe916ce3) bltu    sp, s1, pc - 8
core   0: 3 0x8000d09c (0xfe916ce3)
core   0: 0x8000d0a0 (0x00e2da93) srli    s5, t0, 14
core   0: 3 0x8000d0a0 (0x00e2da93) x21 0x00038000
core   0: 0x8000d0a4 (0x01e3e333) or      t1, t2, t5
core   0: 3 0x8000d0a4 (0x01e3e333) x 6 0x764c56c5
core   0: 0x8000d0a8 (0x030dbcb3) mulhu   s9, s11, a6
core   0: 3 0x8000d0a8 (0x030dbcb3) x25 0x0000003d
core   0: 0x8000d0ac (0x02fc50b3) divu    ra, s8, a5
core   0: 3 0x8000d0ac (0x02fc50b3) x 1 0xffffffff
core   0: 0x8000d0b0 (0x00000e3e) c.slli  t3, 15
core   0: 3 0x8000d0b0 (0x0e3e) x28 0xffcc0000
core   0: 0x8000d0b2 (0x00008f11) c.sub   a4, a2
core   0: 3 0x8000d0b2 (0x8f11) x14 0x6d0ec123
core   0: 0x8000d0b4 (0x00008c29) c.xor   s0, a0
core   0: 3 0x8000d0b4 (0x8c29) x 8 0x8000cf42
core   0: 0x8000d0b6 (0x00008c99) c.sub   s1, a4
core   0: 3 0x8000d0b6 (0x8c99) x 9 0x92f13eea
core   0: 0x8000d0b8 (0x0000801d) c.srli  s0, 7
core   0: 3 0x8000d0b8 (0x801d) x 8 0x0100019e
core   0: 0x8000d0ba (0x40628733) sub     a4, t0, t1
core   0: 3 0x8000d0ba (0x40628733) x14 0x69b3ae29
core   0: 0x8000d0be (0x00b64363) blt     a2, a1, pc + 6
core   0: 3 0x8000d0be (0x00b64363)
core   0: 0x8000d0c2 (0x00001f7d) c.addi  t5, -1
core   0: 3 0x8000d0c2 (0x1f7d) x30 0x764c56c4
core   0: 0x8000d0c4 (0x36da9bb7) lui     s7, 0x36da9
core   0: 3 0x8000d0c4 (0x36da9bb7) x23 0x36da9000
core   0: 0x8000d0c8 (0x035d0e63) beq     s10, s5, pc + 60
core   0: 3 0x8000d0c8 (0x035d0e63)
core   0: 0x8000d0cc (0x03bcf663) bgeu    s9, s11, pc + 44
core   0: 3 0x8000d0cc (0x03bcf663)
core   0: 0x8000d0d0 (0x0277aa33) mulhsu  s4, a5, t2
core   0: 3 0x8000d0d0 (0x0277aa33) x20 0x00000000
core   0: 0x8000d0d4 (0x00008a75) c.andi  a2, 29
core   0: 3 0x8000d0d4 (0x8a75) x12 0x0000001d
core   0: 0x8000d0d6 (0x0ff0000f) fence   iorw,iorw
core   0: 3 0x8000d0d6 (0x0ff0000f)
core   0: 0x8000d0da (0x0000c409) c.beqz  s0, pc + 10
core   0: 3 0x8000d0da (0xc409)
core   0: 0x8000d0dc (0x0049bb33) sltu    s6, s3, tp
core   0: 3 0x8000d0dc (0x0049bb33) x22 0x00000001
core   0: 0x8000d0e0 (0x0039d533) srl     a0, s3, gp
core   0: 3 0x8000d0e0 (0x0039d533) x10 0x0000036a
core   0: 0x8000d0e4 (0x014add93) srli    s11, s5, 20
core   0: 3 0x8000d0e4 (0x014add93) x27 0x00000000
core   0: 0x8000d0e8 (0x61d4bf13) sltiu   t5, s1, 1565
core   0: 3 0x8000d0e8 (0x61d4bf13) x30 0x00000000
core   0: 0x8000d0ec (0x00f99533) sll     a0, s3, a5
core   0: 3 0x8000d0ec (0x00f99533) x10 0x0000036a
core   0: 0x8000d0f0 (0x032170b3) remu    ra, sp, s2
core   0: 3 0x8000d0f0 (0x032170b3) x 1 0x00000010
core   0: 0x8000d0f4 (0x413adfb3) sra     t6, s5, s3
core   0: 3 0x8000d0f4 (0x413adfb3) x31 0x000000e0
core   0: 0x8000d0f8 (0x00000001) c.nop
core   0: 3 0x8000d0f8 (0x0001)
core   0: 0x8000d0fa (0x00000bb6) c.slli  s7, 13
core   0: 3 0x8000d0fa (0x0bb6) x23 0x52000000
core   0: 0x8000d0fc (0x3be86f13) ori     t5, a6, 958
core   0: 3 0x8000d0fc (0x3be86f13) x30 0x80027ffe
core   0: 0x8000d100 (0x0000100f) fence.i
core   0: 3 0x8000d100 (0x0000100f)
core   0: 0x8000d104 (0x000087b6) c.mv    a5, a3
core   0: 3 0x8000d104 (0x87b6) x15 0x8002bd24
core   0: 0x8000d106 (0x004bcc33) xor     s8, s7, tp
core   0: 3 0x8000d106 (0x004bcc33) x24 0x5564c56c
core   0: 0x8000d10a (0x000087b1) c.srai  a5, 12
core   0: 3 0x8000d10a (0x87b1) x15 0xfff8002b
core   0: 0x8000d10c (0x000087da) c.mv    a5, s6
core   0: 3 0x8000d10c (0x87da) x15 0x00000001
core   0: 0x8000d10e (0x0000100f) fence.i
core   0: 3 0x8000d10e (0x0000100f)
core   0: 0x8000d112 (0x40e755b3) sra     a1, a4, a4
core   0: 3 0x8000d112 (0x40e755b3) x11 0x0034d9d7
core   0: 0x8000d116 (0x0000100f) fence.i
core   0: 3 0x8000d116 (0x0000100f)
core   0: 0x8000d11a (0x0000410d) c.li    sp, 3
core   0: 3 0x8000d11a (0x410d) x 2 0x00000003
core   0: 0x8000d11c (0x000018fd) c.addi  a7, -1
core   0: 3 0x8000d11c (0x18fd) x17 0xf4c90fc1
core   0: 0x8000d11e (0x0065c133) xor     sp, a1, t1
core   0: 3 0x8000d11e (0x0065c133) x 2 0x76788f12
core   0: 0x8000d122 (0x0060c0b3) xor     ra, ra, t1
core   0: 3 0x8000d122 (0x0060c0b3) x 1 0x764c56d5
core   0: 0x8000d126 (0xdfd08c93) addi    s9, ra, -515
core   0: 3 0x8000d126 (0xdfd08c93) x25 0x764c54d2
core   0: 0x8000d12a (0x00001b84) c.addi4spn s1, sp, 496
core   0: 3 0x8000d12a (0x1b84) x 9 0x76789102
core   0: 0x8000d12c (0x00005a7d) c.li    s4, -1
core   0: 3 0x8000d12c (0x5a7d) x20 0xffffffff
core   0: 0x8000d12e (0x07e61e63) bne     a2, t5, pc + 124
core   0: 3 0x8000d12e (0x07e61e63)
core   0: 0x8000d1aa (0x03172eb3) mulhsu  t4, a4, a7
core   0: 3 0x8000d1aa (0x03172eb3) x29 0x65124694
core   0: 0x8000d1ae (0x018a94b3) sll     s1, s5, s8
core   0: 3 0x8000d1ae (0x018a94b3) x 9 0x38000000
core   0: 0x8000d1b2 (0x02218163) beq     gp, sp, pc + 34
core   0: 3 0x8000d1b2 (0x02218163)
core   0: 0x8000d1b6 (0x01f70ab3) add     s5, a4, t6
core   0: 3 0x8000d1b6 (0x01f70ab3) x21 0x69b3af09
core   0: 0x8000d1ba (0x00e79433) sll     s0, a5, a4
core   0: 3 0x8000d1ba (0x00e79433) x 8 0x00000200
core   0: 0x8000d1be (0x00008fc9) c.or    a5, a0
core   0: 3 0x8000d1be (0x8fc9) x15 0x0000036b
core   0: 0x8000d1c0 (0x000099fd) c.andi  a1, -1
core   0: 3 0x8000d1c0 (0x99fd) x11 0x0034d9d7
core   0: 0x8000d1c2 (0x4d6e2793) slti    a5, t3, 1238
core   0: 3 0x8000d1c2 (0x4d6e2793) x15 0x00000001
core   0: 0x8000d1c6 (0x00008c79) c.and   s0, a4
core   0: 3 0x8000d1c6 (0x8c79) x 8 0x00000200
core   0: 0x8000d1c8 (0x02fbcdb3) div     s11, s7, a5
core   0: 3 0x8000d1c8 (0x02fbcdb3) x27 0x52000000
core   0: 0x8000d1cc (0x0352d9b3) divu    s3, t0, s5
core   0: 3 0x8000d1cc (0x0352d9b3) x19 0x00000002
core   0: 0x8000d1d0 (0x400b5893) srai    a7, s6, 0
core   0: 3 0x8000d1d0 (0x400b5893) x17 0x00000001
core   0: 0x8000d1d4 (0x33bf2613) slti    a2, t5, 827
core   0: 3 0x8000d1d4 (0x33bf2613) x12 0x00000001
core   0: 0x8000d1d8 (0x00006d05) c.lui   s10, 0x1
core   0: 3 0x8000d1d8 (0x6d05) x26 0x00001000
core   0: 0x8000d1da (0x016c1233) sll     tp, s8, s6
core   0: 3 0x8000d1da (0x016c1233) x 4 0xaac98ad8
core   0: 0x8000d1de (0x0000100f) fence.i
core   0: 3 0x8000d1de (0x0000100f)
core   0: 0x8000d1e2 (0x03f785b3) mul     a1, a5, t6
core   0: 3 0x8000d1e2 (0x03f785b3) x11 0x000000e0
core   0: 0x8000d1e6 (0x00008ced) c.and   s1, a1
core   0: 3 0x8000d1e6 (0x8ced) x 9 0x00000000
core   0: 0x8000d1e8 (0x02b9c8b3) div     a7, s3, a1
core   0: 3 0x8000d1e8 (0x02b9c8b3) x17 0x00000000
core   0: 0x8000d1ec (0x00000ded) c.addi  s11, 27
core   0: 3 0x8000d1ec (0x0ded) x27 0x5200001b
core   0: 0x8000d1ee (0x02a25ab3) divu    s5, tp, a0
core   0: 3 0x8000d1ee (0x02a25ab3) x21 0x0032064f
core   0: 0x8000d1f2 (0x02a06ab3) rem     s5, zero, a0
core   0: 3 0x8000d1f2 (0x02a06ab3) x21 0x00000000
core   0: 0x8000d1f6 (0x000004a5) c.addi  s1, 9
core   0: 3 0x8000d1f6 (0x04a5) x 9 0x00000009
core   0: 0x8000d1f8 (0x00000001) c.nop
core   0: 3 0x8000d1f8 (0x0001)
core   0: 0x8000d1fa (0x0000826a) c.mv    tp, s10
core   0: 3 0x8000d1fa (0x826a) x 4 0x00001000
core   0: 0x8000d1fc (0x00000001) c.nop
core   0: 3 0x8000d1fc (0x0001)
core   0: 0x8000d1fe (0x00000919) c.addi  s2, 6
core   0: 3 0x8000d1fe (0x0919) x18 0xb64c4fce
core   0: 0x8000d200 (0x00008dc5) c.or    a1, s1
core   0: 3 0x8000d200 (0x8dc5) x11 0x000000e9
core   0: 0x8000d202 (0xacee4093) xori    ra, t3, -1330
core   0: 3 0x8000d202 (0xacee4093) x 1 0x0033face
core   0: 0x8000d206 (0x00008f99) c.sub   a5, a4
core   0: 3 0x8000d206 (0x8f99) x15 0x964c51d8
core   0: 0x8000d208 (0x05d16663) bltu    sp, t4, pc + 76
core   0: 3 0x8000d208 (0x05d16663)
core   0: 0x8000d20c (0x40a0d0b3) sra     ra, ra, a0
core   0: 3 0x8000d20c (0x40a0d0b3) x 1 0x00000cfe
core   0: 0x8000d210 (0x00008532) c.mv    a0, a2
core   0: 3 0x8000d210 (0x8532) x10 0x00000001
core   0: 0x8000d212 (0x08018893) addi    a7, gp, 128
core   0: 3 0x8000d212 (0x08018893) x17 0x93fd6080
core   0: 0x8000d216 (0x03b060b3) rem     ra, zero, s11
core   0: 3 0x8000d216 (0x03b060b3) x 1 0x00000000
core   0: 0x8000d21a (0x41fad133) sra     sp, s5, t6
core   0: 3 0x8000d21a (0x41fad133) x 2 0x00000000
core   0: 0x8000d21e (0x00004905) c.li    s2, 1
core   0: 3 0x8000d21e (0x4905) x18 0x00000001
core   0: 0x8000d220 (0x04835c63) bge     t1, s0, pc + 88
core   0: 3 0x8000d220 (0x04835c63)
core   0: 0x8000d278 (0x01155013) srli    zero, a0, 17
core   0: 3 0x8000d278 (0x01155013)
core   0: 0x8000d27c (0x006dbab3) sltu    s5, s11, t1
core   0: 3 0x8000d27c (0x006dbab3) x21 0x00000001
core   0: 0x8000d280 (0x40e55a13) srai    s4, a0, 14
core   0: 3 0x8000d280 (0x40e55a13) x20 0x00000000
core   0: 0x8000d284 (0x03b77763) bgeu    a4, s11, pc + 46
core   0: 3 0x8000d284 (0x03b77763)
core   0: 0x8000d2b2 (0x00008739) c.srai  a4, 14
core   0: 3 0x8000d2b2 (0x8739) x14 0x0001a6ce
core   0: 0x8000d2b4 (0x41b088b3) sub     a7, ra, s11
core   0: 3 0x8000d2b4 (0x41b088b3) x17 0xadffffe5
core   0: 0x8000d2b8 (0x00008c6d) c.and   s0, a1
core   0: 3 0x8000d2b8 (0x8c6d) x 8 0x00000000
core   0: 0x8000d2ba (0x0328cab3) div     s5, a7, s2
core   0: 3 0x8000d2ba (0x0328cab3) x21 0xadffffe5
core   0: 0x8000d2be (0x000085b1) c.srai  a1, 12
core   0: 3 0x8000d2be (0x85b1) x11 0x00000000
core   0: 0x8000d2c0 (0x00145a13) srli    s4, s0, 1
core   0: 3 0x8000d2c0 (0x00145a13) x20 0x00000000
core   0: 0x8000d2c4 (0x0000100f) fence.i
core   0: 3 0x8000d2c4 (0x0000100f)
core   0: 0x8000d2c8 (0x0173d913) srli    s2, t2, 23
core   0: 3 0x8000d2c8 (0x0173d913) x18 0x00000000
core   0: 0x8000d2cc (0x02619233) mulh    tp, gp, t1
core   0: 3 0x8000d2cc (0x02619233) x 4 0xce1694dc
core   0: 0x8000d2d0 (0x0318f963) bgeu    a7, a7, pc + 50
core   0: 3 0x8000d2d0 (0x0318f963)
core   0: 0x8000d302 (0x40eb5db3) sra     s11, s6, a4
core   0: 3 0x8000d302 (0x40eb5db3) x27 0x00000000
core   0: 0x8000d306 (0x039b0b33) mul     s6, s6, s9
core   0: 3 0x8000d306 (0x039b0b33) x22 0x764c54d2
core   0: 0x8000d30a (0x41ed0cb3) sub     s9, s10, t5
core   0: 3 0x8000d30a (0x41ed0cb3) x25 0x7ffd9002
core   0: 0x8000d30e (0x00555413) srli    s0, a0, 5
core   0: 3 0x8000d30e (0x00555413) x 8 0x00000000
core   0: 0x8000d312 (0x0000c31d) c.beqz  a4, pc + 38
core   0: 3 0x8000d312 (0xc31d)
core   0: 0x8000d314 (0x02abcb33) div     s6, s7, a0
core   0: 3 0x8000d314 (0x02abcb33) x22 0x52000000
core   0: 0x8000d318 (0x0236c9b3) div     s3, a3, gp
core   0: 3 0x8000d318 (0x0236c9b3) x19 0x00000001
core   0: 0x8000d31c (0x0000eb1d) c.bnez  a4, pc + 54
core   0: 3 0x8000d31c (0xeb1d)
core   0: 0x8000d352 (0x0c06e363) bltu    a3, zero, pc + 198
core   0: 3 0x8000d352 (0x0c06e363)
core   0: 0x8000d356 (0x00006acd) c.lui   s5, 0x13
core   0: 3 0x8000d356 (0x6acd) x21 0x00013000
core   0: 0x8000d358 (0x00005117) auipc   sp, 0x5
core   0: 3 0x8000d358 (0x00005117) x 2 0x80012358
core   0: 0x8000d35c (0x75e10113) addi    sp, sp, 1886
core   0: 3 0x8000d35c (0x75e10113) x 2 0x80012ab6
core   0: 0x8000d360 (0x00110303) lb      t1, 1(sp)
core   0: 3 0x8000d360 (0x00110303) x 6 0x0000005a mem 0x80012ab7
core   0: 0x8000d364 (0xfdb12d23) sw      s11, -38(sp)
core   0: 3 0x8000d364 (0xfdb12d23) mem 0x80012a90 0x00000000
core   0: 0x8000d368 (0x1eab6213) ori     tp, s6, 490
core   0: 3 0x8000d368 (0x1eab6213) x 4 0x520001ea
core   0: 0x8000d36c (0x00a10223) sb      a0, 4(sp)
core   0: 3 0x8000d36c (0x00a10223) mem 0x80012aba 0x1
core   0: 0x8000d370 (0x02510203) lb      tp, 37(sp)
core   0: 3 0x8000d370 (0x02510203) x 4 0x00000061 mem 0x80012adb
core   0: 0x8000d374 (0x000081f2) c.mv    gp, t3
core   0: 3 0x8000d374 (0x81f2) x 3 0xffcc0000
core   0: 0x8000d376 (0x00810ca3) sb      s0, 25(sp)
core   0: 3 0x8000d376 (0x00810ca3) mem 0x80012acf 0x0
core   0: 0x8000d37a (0xfcc106a3) sb      a2, -51(sp)
core   0: 3 0x8000d37a (0xfcc106a3) mem 0x80012a83 0x1
core   0: 0x8000d37e (0x01ef1333) sll     t1, t5, t5
core   0: 3 0x8000d37e (0x01ef1333) x 6 0x80000000
core   0: 0x8000d382 (0x0000127d) c.addi  tp, -1
core   0: 3 0x8000d382 (0x127d) x 4 0x00000060
core   0: 0x8000d384 (0x02011783) lh      a5, 32(sp)
core   0: 3 0x8000d384 (0x02011783) x15 0xffff8d1b mem 0x80012ad6
core   0: 0x8000d388 (0xffb14483) lbu     s1, -5(sp)
core   0: 3 0x8000d388 (0xffb14483) x 9 0x0000005e mem 0x80012ab1
core   0: 0x8000d38c (0xfd010023) sb      a6, -64(sp)
core   0: 3 0x8000d38c (0xfd010023) mem 0x80012a76 0x7c
core   0: 0x8000d390 (0x02514503) lbu     a0, 37(sp)
core   0: 3 0x8000d390 (0x02514503) x10 0x00000061 mem 0x80012adb
core   0: 0x8000d394 (0xe2eb6593) ori     a1, s6, -466
core   0: 3 0x8000d394 (0xe2eb6593) x11 0xfffffe2e
core   0: 0x8000d398 (0x013fdbb3) srl     s7, t6, s3
core   0: 3 0x8000d398 (0x013fdbb3) x23 0x00000070
core   0: 0x8000d39c (0x00000001) c.nop
core   0: 3 0x8000d39c (0x0001)
core   0: 0x8000d39e (0x03b14183) lbu     gp, 59(sp)
core   0: 3 0x8000d39e (0x03b14183) x 3 0x00000027 mem 0x80012af1
core   0: 0x8000d3a2 (0xfdb106a3) sb      s11, -51(sp)
core   0: 3 0x8000d3a2 (0xfdb106a3) mem 0x80012a83 0x0
core   0: 0x8000d3a6 (0xfc714c83) lbu     s9, -57(sp)
core   0: 3 0x8000d3a6 (0xfc714c83) x25 0x00000057 mem 0x80012a7d
core   0: 0x8000d3aa (0x00008406) c.mv    s0, ra
core   0: 3 0x8000d3aa (0x8406) x 8 0x00000000
core   0: 0x8000d3ac (0x41705193) srai    gp, zero, 23
core   0: 3 0x8000d3ac (0x41705193) x 3 0x00000000
core   0: 0x8000d3b0 (0x030e6cb3) rem     s9, t3, a6
core   0: 3 0x8000d3b0 (0x030e6cb3) x25 0xffcc0000
core   0: 0x8000d3b4 (0x02010203) lb      tp, 32(sp)
core   0: 3 0x8000d3b4 (0x02010203) x 4 0x0000001b mem 0x80012ad6
core   0: 0x8000d3b8 (0x90d22493) slti    s1, tp, -1779
core   0: 3 0x8000d3b8 (0x90d22493) x 9 0x00000000
core   0: 0x8000d3bc (0x02e15983) lhu     s3, 46(sp)
core   0: 3 0x8000d3bc (0x02e15983) x19 0x000039ca mem 0x80012ae4
core   0: 0x8000d3c0 (0x1eba8213) addi    tp, s5, 491
core   0: 3 0x8000d3c0 (0x1eba8213) x 4 0x000131eb
core   0: 0x8000d3c4 (0x02b10f83) lb      t6, 43(sp)
core   0: 3 0x8000d3c4 (0x02b10f83) x31 0xffffff88 mem 0x80012ae1
core   0: 0x8000d3c8 (0x00010e23) sb      zero, 28(sp)
core   0: 3 0x8000d3c8 (0x00010e23) mem 0x80012ad2 0x0
core   0: 0x8000d3cc (0x03d14483) lbu     s1, 61(sp)
core   0: 3 0x8000d3cc (0x03d14483) x 9 0x00000069 mem 0x80012af3
core   0: 0x8000d3d0 (0x00008251) c.srli  a2, 20
core   0: 3 0x8000d3d0 (0x8251) x12 0x00000000
core   0: 0x8000d3d2 (0x03ada633) mulhsu  a2, s11, s10
core   0: 3 0x8000d3d2 (0x03ada633) x12 0x00000000
core   0: 0x8000d3d6 (0x1741fd93) andi    s11, gp, 372
core   0: 3 0x8000d3d6 (0x1741fd93) x27 0x00000000
core   0: 0x8000d3da (0xfec15203) lhu     tp, -20(sp)
core   0: 3 0x8000d3da (0xfec15203) x 4 0x00006815 mem 0x80012aa2
core   0: 0x8000d3de (0xfc114703) lbu     a4, -63(sp)
core   0: 3 0x8000d3de (0xfc114703) x14 0x000000ef mem 0x80012a77
core   0: 0x8000d3e2 (0xfc811b23) sh      s0, -42(sp)
core   0: 3 0x8000d3e2 (0xfc811b23) mem 0x80012a8c 0x0000
core   0: 0x8000d3e6 (0x01314c83) lbu     s9, 19(sp)
core   0: 3 0x8000d3e6 (0x01314c83) x25 0x00000046 mem 0x80012ac9
core   0: 0x8000d3ea (0x00510583) lb      a1, 5(sp)
core   0: 3 0x8000d3ea (0x00510583) x11 0x0000002f mem 0x80012abb
core   0: 0x8000d3ee (0x034ad0b3) divu    ra, s5, s4
core   0: 3 0x8000d3ee (0x034ad0b3) x 1 0xffffffff
core   0: 0x8000d3f2 (0x0000895a) c.mv    s2, s6
core   0: 3 0x8000d3f2 (0x895a) x18 0x52000000
core   0: 0x8000d3f4 (0xffa10083) lb      ra, -6(sp)
core   0: 3 0x8000d3f4 (0xffa10083) x 1 0x0000003b mem 0x80012ab0
core   0: 0x8000d3f8 (0x04010203) lb      tp, 64(sp)
core   0: 3 0x8000d3f8 (0x04010203) x 4 0x00000072 mem 0x80012af6
core   0: 0x8000d3fc (0x02714b83) lbu     s7, 39(sp)
core   0: 3 0x8000d3fc (0x02714b83) x23 0x0000009a mem 0x80012add
core   0: 0x8000d400 (0x02c10003) lb      zero, 44(sp)
core   0: 3 0x8000d400 (0x02c10003) mem 0x80012ae2
core   0: 0x8000d404 (0xfdd10c83) lb      s9, -35(sp)
core   0: 3 0x8000d404 (0xfdd10c83) x25 0x00000000 mem 0x80012a93
core   0: 0x8000d408 (0x01810403) lb      s0, 24(sp)
core   0: 3 0x8000d408 (0x01810403) x 8 0xffffffa0 mem 0x80012ace
core   0: 0x8000d40c (0x05d10023) sb      t4, 64(sp)
core   0: 3 0x8000d40c (0x05d10023) mem 0x80012af6 0x94
core   0: 0x8000d410 (0x04008163) beqz    ra, pc + 66
core   0: 3 0x8000d410 (0x04008163)
core   0: 0x8000d414 (0x033ef733) remu    a4, t4, s3
core   0: 3 0x8000d414 (0x033ef733) x14 0x0000203c
core   0: 0x8000d418 (0x68f48b13) addi    s6, s1, 1679
core   0: 3 0x8000d418 (0x68f48b13) x22 0x000006f8
core   0: 0x8000d41c (0x00006cfd) c.lui   s9, 0x1f
core   0: 3 0x8000d41c (0x6cfd) x25 0x0001f000
core   0: 0x8000d41e (0x038d8ab3) mul     s5, s11, s8
core   0: 3 0x8000d41e (0x038d8ab3) x21 0x00000000
core   0: 0x8000d422 (0x305e2893) slti    a7, t3, 773
core   0: 3 0x8000d422 (0x305e2893) x17 0x00000001
core   0: 0x8000d426 (0x02391663) bne     s2, gp, pc + 44
core   0: 3 0x8000d426 (0x02391663)
core   0: 0x8000d452 (0x15096237) lui     tp, 0x15096
core   0: 3 0x8000d452 (0x15096237) x 4 0x15096000
core   0: 0x8000d456 (0x00008d9d) c.sub   a1, a5
core   0: 3 0x8000d456 (0x8d9d) x11 0x00007314
core   0: 0x8000d458 (0x0000100f) fence.i
core   0: 3 0x8000d458 (0x0000100f)
core   0: 0x8000d45c (0x0ff0000f) fence   iorw,iorw
core   0: 3 0x8000d45c (0x0ff0000f)
core   0: 0x8000d460 (0x0000921a) c.add   tp, t1
core   0: 3 0x8000d460 (0x921a) x 4 0x95096000
core   0: 0x8000d462 (0x0000978e) c.add   a5, gp
core   0: 3 0x8000d462 (0x978e) x15 0xffff8d1b
core   0: 0x8000d464 (0x01e60733) add     a4, a2, t5
core   0: 3 0x8000d464 (0x01e60733) x14 0x80027ffe
core   0: 0x8000d468 (0x00880b33) add     s6, a6, s0
core   0: 3 0x8000d468 (0x00880b33) x22 0x80027e1c
core   0: 0x8000d46c (0x00000001) c.nop
core   0: 3 0x8000d46c (0x0001)
core   0: 0x8000d46e (0x00000001) c.nop
core   0: 3 0x8000d46e (0x0001)
core   0: 0x8000d470 (0x016eefb3) or      t6, t4, s6
core   0: 3 0x8000d470 (0x016eefb3) x31 0xe5127e9c
core   0: 0x8000d474 (0x03becdb3) div     s11, t4, s11
core   0: 3 0x8000d474 (0x03becdb3) x27 0xffffffff
core   0: 0x8000d478 (0x000047cd) c.li    a5, 19
core   0: 3 0x8000d478 (0x47cd) x15 0x00000013
core   0: 0x8000d47a (0x019afcb3) and     s9, s5, s9
core   0: 3 0x8000d47a (0x019afcb3) x25 0x00000000
core   0: 0x8000d47e (0x02e31e63) bne     t1, a4, pc + 60
core   0: 3 0x8000d47e (0x02e31e63)
core   0: 0x8000d4ba (0x4002d513) srai    a0, t0, 0
core   0: 3 0x8000d4ba (0x4002d513) x10 0xe00004ee
core   0: 0x8000d4be (0x00008549) c.srai  a0, 18
core   0: 3 0x8000d4be (0x8549) x10 0xfffff800
core   0: 0x8000d4c0 (0x02ce6e33) rem     t3, t3, a2
core   0: 3 0x8000d4c0 (0x02ce6e33) x28 0xffcc0000
core   0: 0x8000d4c4 (0x02e52533) mulhsu  a0, a0, a4
core   0: 3 0x8000d4c4 (0x02e52533) x10 0xfffffbff
core   0: 0x8000d4c8 (0x40d409b3) sub     s3, s0, a3
core   0: 3 0x8000d4c8 (0x40d409b3) x19 0x7ffd427c
core   0: 0x8000d4cc (0x0139d7b3) srl     a5, s3, s3
core   0: 3 0x8000d4cc (0x0139d7b3) x15 0x00000007
core   0: 0x8000d4d0 (0x028e4933) div     s2, t3, s0
core   0: 3 0x8000d4d0 (0x028e4933) x18 0x00008aaa
core   0: 0x8000d4d4 (0x000df733) and     a4, s11, zero
core   0: 3 0x8000d4d4 (0x000df733) x14 0x00000000
core   0: 0x8000d4d8 (0x02387463) bgeu    a6, gp, pc + 40
core   0: 3 0x8000d4d8 (0x02387463)
core   0: 0x8000d500 (0x01c24533) xor     a0, tp, t3
core   0: 3 0x8000d500 (0x01c24533) x10 0x6ac56000
core   0: 0x8000d504 (0x030802b3) mul     t0, a6, a6
core   0: 3 0x8000d504 (0x030802b3) x 5 0x386e4c10
core   0: 0x8000d508 (0x00b31c33) sll     s8, t1, a1
core   0: 3 0x8000d508 (0x00b31c33) x24 0x00000000
core   0: 0x8000d50c (0x62194793) xori    a5, s2, 1569
core   0: 3 0x8000d50c (0x62194793) x15 0x00008c8b
core   0: 0x8000d510 (0x027aee33) rem     t3, s5, t2
core   0: 3 0x8000d510 (0x027aee33) x28 0x00000000
core   0: 0x8000d514 (0x000098fd) c.andi  s1, -1
core   0: 3 0x8000d514 (0x98fd) x 9 0x00000069
core   0: 0x8000d516 (0x02f3b1b3) mulhu   gp, t2, a5
core   0: 3 0x8000d516 (0x02f3b1b3) x 3 0x00000000
core   0: 0x8000d51a (0x02b51533) mulh    a0, a0, a1
core   0: 3 0x8000d51a (0x02b51533) x10 0x00002fff
core   0: 0x8000d51e (0x00000c56) c.slli  s8, 21
core   0: 3 0x8000d51e (0x0c56) x24 0x00000000
core   0: 0x8000d520 (0x0050d993) srli    s3, ra, 5
core   0: 3 0x8000d520 (0x0050d993) x19 0x00000001
core   0: 0x8000d524 (0x031c5fb3) divu    t6, s8, a7
core   0: 3 0x8000d524 (0x031c5fb3) x31 0x00000000
core   0: 0x8000d528 (0x00008791) c.srai  a5, 4
core   0: 3 0x8000d528 (0x8791) x15 0x000008c8
core   0: 0x8000d52a (0x0000cb89) c.beqz  a5, pc + 18
core   0: 3 0x8000d52a (0xcb89)
core   0: 0x8000d52c (0x78ce4e93) xori    t4, t3, 1932
core   0: 3 0x8000d52c (0x78ce4e93) x29 0x0000078c
core   0: 0x8000d530 (0x01c925b3) slt     a1, s2, t3
core   0: 3 0x8000d530 (0x01c925b3) x11 0x00000000
core   0: 0x8000d534 (0x01fa7d33) and     s10, s4, t6
core   0: 3 0x8000d534 (0x01fa7d33) x26 0x00000000
core   0: 0x8000d538 (0x73720a93) addi    s5, tp, 1847
core   0: 3 0x8000d538 (0x73720a93) x21 0x95096737
core   0: 0x8000d53c (0x00008215) c.srli  a2, 5
core   0: 3 0x8000d53c (0x8215) x12 0x00000000
core   0: 0x8000d53e (0x00ac9533) sll     a0, s9, a0
core   0: 3 0x8000d53e (0x00ac9533) x10 0x00000000
core   0: 0x8000d542 (0x0000717d) c.addi16sp sp, -16
core   0: 3 0x8000d542 (0x717d) x 2 0x80012aa6
core   0: 0x8000d544 (0x0000717d) c.addi16sp sp, -16
core   0: 3 0x8000d544 (0x717d) x 2 0x80012a96
core   0: 0x8000d546 (0x028df4b3) remu    s1, s11, s0
core   0: 3 0x8000d546 (0x028df4b3) x 9 0x0000005f
core   0: 0x8000d54a (0x001ad1b3) srl     gp, s5, ra
core   0: 3 0x8000d54a (0x001ad1b3) x 3 0x00000012
core   0: 0x8000d54e (0x0000889a) c.mv    a7, t1
core   0: 3 0x8000d54e (0x889a) x17 0x80000000
core   0: 0x8000d550 (0x0000717d) c.addi16sp sp, -16
core   0: 3 0x8000d550 (0x717d) x 2 0x80012a86
core   0: 0x8000d552 (0x0000e389) c.bnez  a5, pc + 2
core   0: 3 0x8000d552 (0xe389)
core   0: 0x8000d554 (0xb3244a93) xori    s5, s0, -1230
core   0: 3 0x8000d554 (0xb3244a93) x21 0x00000492
core   0: 0x8000d558 (0x000048c1) c.li    a7, 16
core   0: 3 0x8000d558 (0x48c1) x17 0x00000010
core   0: 0x8000d55a (0x0283a5b3) mulhsu  a1, t2, s0
core   0: 3 0x8000d55a (0x0283a5b3) x11 0x00000000
core   0: 0x8000d55e (0xc60f7617) auipc   a2, 0xc60f7
core   0: 3 0x8000d55e (0xc60f7617) x12 0x4610455e
core   0: 0x8000d562 (0x40ddd033) sra     zero, s11, a3
core   0: 3 0x8000d562 (0x40ddd033)
core   0: 0x8000d566 (0x00008f01) c.sub   a4, s0
core   0: 3 0x8000d566 (0x8f01) x14 0x00000060
core   0: 0x8000d568 (0x41afde93) srai    t4, t6, 26
core   0: 3 0x8000d568 (0x41afde93) x29 0x00000000
core   0: 0x8000d56c (0x00006d51) c.lui   s10, 0x14
core   0: 3 0x8000d56c (0x6d51) x26 0x00014000
core   0: 0x8000d56e (0x0000e31d) c.bnez  a4, pc + 38
core   0: 3 0x8000d56e (0xe31d)
core   0: 0x8000d594 (0x005679b3) and     s3, a2, t0
core   0: 3 0x8000d594 (0x005679b3) x19 0x00004410
core   0: 0x8000d598 (0x0890f013) andi    zero, ra, 137
core   0: 3 0x8000d598 (0x0890f013)
core   0: 0x8000d59c (0x03a0a633) mulhsu  a2, ra, s10
core   0: 3 0x8000d59c (0x03a0a633) x12 0x00000000
core   0: 0x8000d5a0 (0xab8ef013) andi    zero, t4, -1352
core   0: 3 0x8000d5a0 (0xab8ef013)
core   0: 0x8000d5a4 (0x0ff0000f) fence   iorw,iorw
core   0: 3 0x8000d5a4 (0x0ff0000f)
core   0: 0x8000d5a8 (0x409fd533) sra     a0, t6, s1
core   0: 3 0x8000d5a8 (0x409fd533) x10 0x00000000
core   0: 0x8000d5ac (0x00dd1133) sll     sp, s10, a3
core   0: 3 0x8000d5ac (0x00dd1133) x 2 0x00140000
core   0: 0x8000d5b0 (0x40c85db3) sra     s11, a6, a2
core   0: 3 0x8000d5b0 (0x40c85db3) x27 0x80027e7c
core   0: 0x8000d5b4 (0x00009432) c.add   s0, a2
core   0: 3 0x8000d5b4 (0x9432) x 8 0xffffffa0
core   0: 0x8000d5b6 (0x00005f7d) c.li    t5, -1
core   0: 3 0x8000d5b6 (0x5f7d) x30 0xffffffff
core   0: 0x8000d5b8 (0x000099aa) c.add   s3, a0
core   0: 3 0x8000d5b8 (0x99aa) x19 0x00004410
core   0: 0x8000d5ba (0x02075bb3) divu    s7, a4, zero
core   0: 3 0x8000d5ba (0x02075bb3) x23 0xffffffff
core   0: 0x8000d5be (0x0000876d) c.srai  a4, 27
core   0: 3 0x8000d5be (0x876d) x14 0x00000000
core   0: 0x8000d5c0 (0x01297bb3) and     s7, s2, s2
core   0: 3 0x8000d5c0 (0x01297bb3) x23 0x00008aaa
core   0: 0x8000d5c4 (0x0032c7b3) xor     a5, t0, gp
core   0: 3 0x8000d5c4 (0x0032c7b3) x15 0x386e4c02
core   0: 0x8000d5c8 (0x03b77533) remu    a0, a4, s11
core   0: 3 0x8000d5c8 (0x03b77533) x10 0x00000000
core   0: 0x8000d5cc (0x01db5893) srli    a7, s6, 29
core   0: 3 0x8000d5cc (0x01db5893) x17 0x00000004
core   0: 0x8000d5d0 (0x009919b3) sll     s3, s2, s1
core   0: 3 0x8000d5d0 (0x009919b3) x19 0x00000000
core   0: 0x8000d5d4 (0x61338097) auipc   ra, 0x61338
core   0: 3 0x8000d5d4 (0x61338097) x 1 0xe13455d4
core   0: 0x8000d5d8 (0x018cbbb3) sltu    s7, s9, s8
core   0: 3 0x8000d5d8 (0x018cbbb3) x23 0x00000000
core   0: 0x8000d5dc (0x0000077a) c.slli  a4, 30
core   0: 3 0x8000d5dc (0x077a) x14 0x00000000
core   0: 0x8000d5de (0x00008f79) c.and   a4, a4
core   0: 3 0x8000d5de (0x8f79) x14 0x00000000
core   0: 0x8000d5e0 (0x03f80333) mul     t1, a6, t6
core   0: 3 0x8000d5e0 (0x03f80333) x 6 0x00000000
core   0: 0x8000d5e4 (0x02db2433) mulhsu  s0, s6, a3
core   0: 3 0x8000d5e4 (0x02db2433) x 8 0xbfffe082
core   0: 0x8000d5e8 (0x000048e5) c.li    a7, 25
core   0: 3 0x8000d5e8 (0x48e5) x17 0x00000019
core   0: 0x8000d5ea (0x00008ade) c.mv    s5, s7
core   0: 3 0x8000d5ea (0x8ade) x21 0x00000000
core   0: 0x8000d5ec (0x407e8033) sub     zero, t4, t2
core   0: 3 0x8000d5ec (0x407e8033)
core   0: 0x8000d5f0 (0x02161533) mulh    a0, a2, ra
core   0: 3 0x8000d5f0 (0x02161533) x10 0x00000000
core   0: 0x8000d5f4 (0x03589563) bne     a7, s5, pc + 42
core   0: 3 0x8000d5f4 (0x03589563)
core   0: 0x8000d61e (0x00008e01) c.sub   a2, s0
core   0: 3 0x8000d61e (0x8e01) x12 0x40001f7e
core   0: 0x8000d620 (0x00006229) c.lui   tp, 0xa
core   0: 3 0x8000d620 (0x6229) x 4 0x0000a000
core   0: 0x8000d622 (0x40d2da13) srai    s4, t0, 13
core   0: 3 0x8000d622 (0x40d2da13) x20 0x0001c372
core   0: 0x8000d626 (0x0ff0000f) fence   iorw,iorw
core   0: 3 0x8000d626 (0x0ff0000f)
core   0: 0x8000d62a (0x02d53fb3) mulhu   t6, a0, a3
core   0: 3 0x8000d62a (0x02d53fb3) x31 0x00000000
core   0: 0x8000d62e (0x403fb193) sltiu   gp, t6, 1027
core   0: 3 0x8000d62e (0x403fb193) x 3 0x00000001
core   0: 0x8000d632 (0x0000717d) c.addi16sp sp, -16
core   0: 3 0x8000d632 (0x717d) x 2 0x0013fff0
core   0: 0x8000d634 (0xace525b7) lui     a1, 0xace52
core   0: 3 0x8000d634 (0xace525b7) x11 0xace52000
core   0: 0x8000d638 (0x03377763) bgeu    a4, s3, pc + 46
core   0: 3 0x8000d638 (0x03377763)
core   0: 0x8000d666 (0x03e1f8b3) remu    a7, gp, t5
core   0: 3 0x8000d666 (0x03e1f8b3) x17 0x00000001
core   0: 0x8000d66a (0x0000c411) c.beqz  s0, pc + 12
core   0: 3 0x8000d66a (0xc411)
core   0: 0x8000d66c (0x40e7d733) sra     a4, a5, a4
core   0: 3 0x8000d66c (0x40e7d733) x14 0x386e4c02
core   0: 0x8000d670 (0x0000157d) c.addi  a0, -1
core   0: 3 0x8000d670 (0x157d) x10 0xffffffff
core   0: 0x8000d672 (0x1f8a6413) ori     s0, s4, 504
core   0: 3 0x8000d672 (0x1f8a6413) x 8 0x0001c3fa
core   0: 0x8000d676 (0x0ff0000f) fence   iorw,iorw
core   0: 3 0x8000d676 (0x0ff0000f)
core   0: 0x8000d67a (0x03c26033) rem     zero, tp, t3
core   0: 3 0x8000d67a (0x03c26033)
core   0: 0x8000d67e (0x41255033) sra     zero, a0, s2
core   0: 3 0x8000d67e (0x41255033)
core   0: 0x8000d682 (0x00008cbd) c.xor   s1, a5
core   0: 3 0x8000d682 (0x8cbd) x 9 0x386e4c5d
core   0: 0x8000d684 (0x0000717d) c.addi16sp sp, -16
core   0: 3 0x8000d684 (0x717d) x 2 0x0013ffe0
core   0: 0x8000d686 (0x01a6feb3) and     t4, a3, s10
core   0: 3 0x8000d686 (0x01a6feb3) x29 0x00000000
core   0: 0x8000d68a (0x02477a33) remu    s4, a4, tp
core   0: 3 0x8000d68a (0x02477a33) x20 0x00000c02
core   0: 0x8000d68e (0x0013d613) srli    a2, t2, 1
core   0: 3 0x8000d68e (0x0013d613) x12 0x00000000
core   0: 0x8000d692 (0x03ca6b63) bltu    s4, t3, pc + 54
core   0: 3 0x8000d692 (0x03ca6b63)
core   0: 0x8000d696 (0x00008c0d) c.sub   s0, a1
core   0: 3 0x8000d696 (0x8c0d) x 8 0x531ca3fa
core   0: 0x8000d698 (0x015e5263) bge     t3, s5, pc + 4
core   0: 3 0x8000d698 (0x015e5263)
core   0: 0x8000d69c (0x0000999e) c.add   s3, t2
core   0: 3 0x8000d69c (0x999e) x19 0x00000000
core   0: 0x8000d69e (0x00006a9d) c.lui   s5, 0x7
core   0: 3 0x8000d69e (0x6a9d) x21 0x00007000
core   0: 0x8000d6a0 (0x02c30633) mul     a2, t1, a2
core   0: 3 0x8000d6a0 (0x02c30633) x12 0x00000000
core   0: 0x8000d6a4 (0x0000805d) c.srli  s0, 23
core   0: 3 0x8000d6a4 (0x805d) x 8 0x000000a6
core   0: 0x8000d6a6 (0x02ab7c63) bgeu    s6, a0, pc + 56
core   0: 3 0x8000d6a6 (0x02ab7c63)
core   0: 0x8000d6aa (0x02d81233) mulh    tp, a6, a3
core   0: 3 0x8000d6aa (0x02d81233) x 4 0x3ffd6236
core   0: 0x8000d6ae (0x67e3e413) ori     s0, t2, 1662
core   0: 3 0x8000d6ae (0x67e3e413) x 8 0x0000067e
core   0: 0x8000d6b2 (0x00000426) c.slli  s0, 9
core   0: 3 0x8000d6b2 (0x0426) x 8 0x000cfc00
core   0: 0x8000d6b4 (0x00ac1f93) slli    t6, s8, 10
core   0: 3 0x8000d6b4 (0x00ac1f93) x31 0x00000000
core   0: 0x8000d6b8 (0x00006dad) c.lui   s11, 0xb
core   0: 3 0x8000d6b8 (0x6dad) x27 0x0000b000
core   0: 0x8000d6ba (0x00001f7d) c.addi  t5, -1
core   0: 3 0x8000d6ba (0x1f7d) x30 0xfffffffe
core   0: 0x8000d6bc (0x0000e88d) c.bnez  s1, pc + 50
core   0: 3 0x8000d6bc (0xe88d)
core   0: 0x8000d6ee (0x0329afb3) mulhsu  t6, s3, s2
core   0: 3 0x8000d6ee (0x0329afb3) x31 0x00000000
core   0: 0x8000d6f2 (0x02299933) mulh    s2, s3, sp
core   0: 3 0x8000d6f2 (0x02299933) x18 0x00000000
core   0: 0x8000d6f6 (0x00009fea) c.add   t6, s10
core   0: 3 0x8000d6f6 (0x9fea) x31 0x00014000
core   0: 0x8000d6f8 (0x00954863) blt     a0, s1, pc + 16
core   0: 3 0x8000d6f8 (0x00954863)
core   0: 0x8000d708 (0x00001cfd) c.addi  s9, -1
core   0: 3 0x8000d708 (0x1cfd) x25 0xffffffff
core   0: 0x8000d70a (0x00105533) srl     a0, zero, ra
core   0: 3 0x8000d70a (0x00105533) x10 0x00000000
core   0: 0x8000d70e (0x81bf8713) addi    a4, t6, -2021
core   0: 3 0x8000d70e (0x81bf8713) x14 0x0001381b
core   0: 0x8000d712 (0xa87c7993) andi    s3, s8, -1401
core   0: 3 0x8000d712 (0xa87c7993) x19 0x00000000
core   0: 0x8000d716 (0x026058b3) divu    a7, zero, t1
core   0: 3 0x8000d716 (0x026058b3) x17 0xffffffff
core   0: 0x8000d71a (0x00008fa1) c.xor   a5, s0
core   0: 3 0x8000d71a (0x8fa1) x15 0x3862b002
core   0: 0x8000d71c (0x017b0333) add     t1, s6, s7
core   0: 3 0x8000d71c (0x017b0333) x 6 0x80027e1c
core   0: 0x8000d720 (0x000099de) c.add   s3, s7
core   0: 3 0x8000d720 (0x99de) x19 0x00000000
core   0: 0x8000d722 (0x0050e4b3) or      s1, ra, t0
core   0: 3 0x8000d722 (0x0050e4b3) x 9 0xf97e5dd4
core   0: 0x8000d726 (0x00000001) c.nop
core   0: 3 0x8000d726 (0x0001)
core   0: 0x8000d728 (0x00a6d2b3) srl     t0, a3, a0
core   0: 3 0x8000d728 (0x00a6d2b3) x 5 0x8002bd24
core   0: 0x8000d72c (0x03728f63) beq     t0, s7, pc + 62
core   0: 3 0x8000d72c (0x03728f63)
core   0: 0x8000d730 (0x00009b7d) c.andi  a4, -1
core   0: 3 0x8000d730 (0x9b7d) x14 0x0001381b
core   0: 0x8000d732 (0x851f3313) sltiu   t1, t5, -1967
core   0: 3 0x8000d732 (0x851f3313) x 6 0x00000000
core   0: 0x8000d736 (0x02890bb3) mul     s7, s2, s0
core   0: 3 0x8000d736 (0x02890bb3) x23 0x00000000
core   0: 0x8000d73a (0x00542f33) slt     t5, s0, t0
core   0: 3 0x8000d73a (0x00542f33) x30 0x00000000
core   0: 0x8000d73e (0x0043ce63) blt     t2, tp, pc + 28
core   0: 3 0x8000d73e (0x0043ce63)
core   0: 0x8000d75a (0x0ff0000f) fence   iorw,iorw
core   0: 3 0x8000d75a (0x0ff0000f)
core   0: 0x8000d75e (0x391907b7) lui     a5, 0x39190
core   0: 3 0x8000d75e (0x391907b7) x15 0x39190000
core   0: 0x8000d762 (0x000084bd) c.srai  s1, 15
core   0: 3 0x8000d762 (0x84bd) x 9 0xfffff2fc
core   0: 0x8000d764 (0x06ac9f63) bne     s9, a0, pc + 126
core   0: 3 0x8000d764 (0x06ac9f63)
core   0: 0x8000d7e2 (0x413b04b3) sub     s1, s6, s3
core   0: 3 0x8000d7e2 (0x413b04b3) x 9 0x80027e1c
core   0: 0x8000d7e6 (0x011f5c93) srli    s9, t5, 17
core   0: 3 0x8000d7e6 (0x011f5c93) x25 0x00000000
core   0: 0x8000d7ea (0x0000c59d) c.beqz  a1, pc + 46
core   0: 3 0x8000d7ea (0xc59d)
core   0: 0x8000d7ec (0x00c50db3) add     s11, a0, a2
core   0: 3 0x8000d7ec (0x00c50db3) x27 0x00000000
core   0: 0x8000d7f0 (0x039d29b3) mulhsu  s3, s10, s9
core   0: 3 0x8000d7f0 (0x039d29b3) x19 0x00000000
core   0: 0x8000d7f4 (0x00000001) c.nop
core   0: 3 0x8000d7f4 (0x0001)
core   0: 0x8000d7f6 (0x02360663) beq     a2, gp, pc + 44
core   0: 3 0x8000d7f6 (0x02360663)
core   0: 0x8000d7fa (0x03e09633) mulh    a2, ra, t5
core   0: 3 0x8000d7fa (0x03e09633) x12 0x00000000
core   0: 0x8000d7fe (0x02b2bd33) mulhu   s10, t0, a1
core   0: 3 0x8000d7fe (0x02b2bd33) x26 0x56746987
core   0: 0x8000d802 (0x008c50b3) srl     ra, s8, s0
core   0: 3 0x8000d802 (0x008c50b3) x 1 0x00000000
core   0: 0x8000d806 (0x1f9b4993) xori    s3, s6, 505
core   0: 3 0x8000d806 (0x1f9b4993) x19 0x80027fe5
core   0: 0x8000d80a (0x01fb0763) beq     s6, t6, pc + 14
core   0: 3 0x8000d80a (0x01fb0763)
core   0: 0x8000d80e (0x000087a9) c.srai  a5, 10
core   0: 3 0x8000d80e (0x87a9) x15 0x000e4640
core   0: 0x8000d810 (0x00000001) c.nop
core   0: 3 0x8000d810 (0x0001)
core   0: 0x8000d812 (0x00001d00) c.addi4spn s0, sp, 688
core   0: 3 0x8000d812 (0x1d00) x 8 0x00140290
core   0: 0x8000d814 (0x00000001) c.nop
core   0: 3 0x8000d814 (0x0001)
core   0: 0x8000d816 (0x00008fed) c.and   a5, a1
core   0: 3 0x8000d816 (0x8fed) x15 0x00040000
core   0: 0x8000d818 (0x00008a75) c.andi  a2, 29
core   0: 3 0x8000d818 (0x8a75) x12 0x00000000
core   0: 0x8000d81a (0x00001688) c.addi4spn a0, sp, 864
core   0: 3 0x8000d81a (0x1688) x10 0x00140340
core   0: 0x8000d81c (0xde13b893) sltiu   a7, t2, -543
core   0: 3 0x8000d81c (0xde13b893) x17 0x00000001
core   0: 0x8000d820 (0x000005a2) c.slli  a1, 8
core   0: 3 0x8000d820 (0x05a2) x11 0xe5200000
core   0: 0x8000d822 (0x00000001) c.nop
core   0: 3 0x8000d822 (0x0001)
core   0: 0x8000d824 (0x0114d663) bge     s1, a7, pc + 12
core   0: 3 0x8000d824 (0x0114d663)
core   0: 0x8000d828 (0x40ea8d33) sub     s10, s5, a4
core   0: 3 0x8000d828 (0x40ea8d33) x26 0xffff37e5
core   0: 0x8000d82c (0x0392f863) bgeu    t0, s9, pc + 48
core   0: 3 0x8000d82c (0x0392f863)
core   0: 0x8000d85c (0x00005a7d) c.li    s4, -1
core   0: 3 0x8000d85c (0x5a7d) x20 0xffffffff
core   0: 0x8000d85e (0x018a84b3) add     s1, s5, s8
core   0: 3 0x8000d85e (0x018a84b3) x 9 0x00007000
core   0: 0x8000d862 (0x00008801) c.andi  s0, 0
core   0: 3 0x8000d862 (0x8801) x 8 0x00000000
core   0: 0x8000d864 (0x00008c7d) c.and   s0, a5
core   0: 3 0x8000d864 (0x8c7d) x 8 0x00000000
core   0: 0x8000d866 (0x00008fed) c.and   a5, a1
core   0: 3 0x8000d866 (0x8fed) x15 0x00000000
core   0: 0x8000d868 (0x00008f11) c.sub   a4, a2
core   0: 3 0x8000d868 (0x8f11) x14 0x0001381b
core   0: 0x8000d86a (0xff523613) sltiu   a2, tp, -11
core   0: 3 0x8000d86a (0xff523613) x12 0x00000001
core   0: 0x8000d86e (0x00015c97) auipc   s9, 0x15
core   0: 3 0x8000d86e (0x00015c97) x25 0x8002286e
core   0: 0x8000d872 (0x7fac8c93) addi    s9, s9, 2042
core   0: 3 0x8000d872 (0x7fac8c93) x25 0x80023068
core   0: 0x8000d876 (0x00016b17) auipc   s6, 0x16
core   0: 3 0x8000d876 (0x00016b17) x22 0x80023876
core   0: 0x8000d87a (0x80eb0b13) addi    s6, s6, -2034
core   0: 3 0x8000d87a (0x80eb0b13) x22 0x80023084
core   0: 0x8000d87e (0x62ab212f) amoand.w sp, a0, (s6)
core   0: 3 0x8000d87e (0x62ab212f) x 2 0x9628fa99 mem 0x80023084 mem 0x80023084 0x00000200
core   0: 0x8000d882 (0x0000997d) c.andi  a0, -1
core   0: 3 0x8000d882 (0x997d) x10 0x00140340
core   0: 0x8000d884 (0xe52cabaf) amomaxu.w s7, s2, (s9)
core   0: 3 0x8000d884 (0xe52cabaf) x23 0x8002bd24 mem 0x80023068 mem 0x80023068 0x8002bd24
core   0: 0x8000d888 (0x40cb202f) amoor.w zero, a2, (s6)
core   0: 3 0x8000d888 (0x40cb202f) mem 0x80023084 mem 0x80023084 0x00000201
core   0: 0x8000d88c (0xc4ab22af) amominu.w t0, a0, (s6)
core   0: 3 0x8000d88c (0xc4ab22af) x 5 0x00000201 mem 0x80023084 mem 0x80023084 0x00000201
core   0: 0x8000d890 (0xe44ca92f) amomaxu.w s2, tp, (s9)
core   0: 3 0x8000d890 (0xe44ca92f) x18 0x8002bd24 mem 0x80023068 mem 0x80023068 0x8002bd24
core   0: 0x8000d894 (0x059ca02f) amoadd.w zero, s9, (s9)
core   0: 3 0x8000d894 (0x059ca02f) mem 0x80023068 mem 0x80023068 0x0004ed8c
core   0: 0x8000d898 (0x79ccf613) andi    a2, s9, 1948
core   0: 3 0x8000d898 (0x79ccf613) x12 0x00000008
core   0: 0x8000d89c (0x00008d2d) c.xor   a0, a1
core   0: 3 0x8000d89c (0x8d2d) x10 0xe5340340
core   0: 0x8000d89e (0x014fc663) blt     t6, s4, pc + 12
core   0: 3 0x8000d89e (0x014fc663)
core   0: 0x8000d8a2 (0x039cac33) mulhsu  s8, s9, s9
core   0: 3 0x8000d8a2 (0x039cac33) x24 0xc0000004
core   0: 0x8000d8a6 (0x00008e61) c.and   a2, s0
core   0: 3 0x8000d8a6 (0x8e61) x12 0x00000000
core   0: 0x8000d8a8 (0x0000e219) c.bnez  a2, pc + 6
core   0: 3 0x8000d8a8 (0xe219)
core   0: 0x8000d8aa (0x01ba4cb3) xor     s9, s4, s11
core   0: 3 0x8000d8aa (0x01ba4cb3) x25 0xffffffff
core   0: 0x8000d8ae (0x02053733) mulhu   a4, a0, zero
core   0: 3 0x8000d8ae (0x02053733) x14 0x00000000
core   0: 0x8000d8b2 (0xaa530c93) addi    s9, t1, -1371
core   0: 3 0x8000d8b2 (0xaa530c93) x25 0xfffffaa5
core   0: 0x8000d8b6 (0x0348e863) bltu    a7, s4, pc + 48
core   0: 3 0x8000d8b6 (0x0348e863)
core   0: 0x8000d8e6 (0x0196ad33) slt     s10, a3, s9
core   0: 3 0x8000d8e6 (0x0196ad33) x26 0x00000001
core   0: 0x8000d8ea (0x00000001) c.nop
core   0: 3 0x8000d8ea (0x0001)
core   0: 0x8000d8ec (0x3c5a8d13) addi    s10, s5, 965
core   0: 3 0x8000d8ec (0x3c5a8d13) x26 0x000073c5
core   0: 0x8000d8f0 (0x40388033) sub     zero, a7, gp
core   0: 3 0x8000d8f0 (0x40388033)
core   0: 0x8000d8f4 (0x00565033) srl     zero, a2, t0
core   0: 3 0x8000d8f4 (0x00565033)
core   0: 0x8000d8f8 (0x00f5fab3) and     s5, a1, a5
core   0: 3 0x8000d8f8 (0x00f5fab3) x21 0x00000000
core   0: 0x8000d8fc (0x0c983213) sltiu   tp, a6, 201
core   0: 3 0x8000d8fc (0x0c983213) x 4 0x00000000
core   0: 0x8000d900 (0x03b95f63) bge     s2, s11, pc + 62
core   0: 3 0x8000d900 (0x03b95f63)
core   0: 0x8000d904 (0x031839b3) mulhu   s3, a6, a7
core   0: 3 0x8000d904 (0x031839b3) x19 0x00000000
core   0: 0x8000d908 (0x0278db63) bge     a7, t2, pc + 54
core   0: 3 0x8000d908 (0x0278db63)
core   0: 0x8000d93e (0x00008d09) c.sub   a0, a0
core   0: 3 0x8000d93e (0x8d09) x10 0x00000000
core   0: 0x8000d940 (0x00c54663) blt     a0, a2, pc + 12
core   0: 3 0x8000d940 (0x00c54663)
core   0: 0x8000d944 (0x031b2c33) mulhsu  s8, s6, a7
core   0: 3 0x8000d944 (0x031b2c33) x24 0xffffffff
core   0: 0x8000d948 (0x01cf09b3) add     s3, t5, t3
core   0: 3 0x8000d948 (0x01cf09b3) x19 0x00000000
core   0: 0x8000d94c (0x022ecdb3) div     s11, t4, sp
core   0: 3 0x8000d94c (0x022ecdb3) x27 0x00000000
core   0: 0x8000d950 (0x41c3dbb3) sra     s7, t2, t3
core   0: 3 0x8000d950 (0x41c3dbb3) x23 0x00000000
core   0: 0x8000d954 (0x00008f85) c.sub   a5, s1
core   0: 3 0x8000d954 (0x8f85) x15 0xffff9000
core   0: 0x8000d956 (0x024ffc63) bgeu    t6, tp, pc + 56
core   0: 3 0x8000d956 (0x024ffc63)
core   0: 0x8000d98e (0x0000100f) fence.i
core   0: 3 0x8000d98e (0x0000100f)
core   0: 0x8000d992 (0x4160d333) sra     t1, ra, s6
core   0: 3 0x8000d992 (0x4160d333) x 6 0x00000000
core   0: 0x8000d996 (0x01958a33) add     s4, a1, s9
core   0: 3 0x8000d996 (0x01958a33) x20 0xe51ffaa5
core   0: 0x8000d99a (0x01901bb3) sll     s7, zero, s9
core   0: 3 0x8000d99a (0x01901bb3) x23 0x00000000
core   0: 0x8000d99e (0x0000100f) fence.i
core   0: 3 0x8000d99e (0x0000100f)
core   0: 0x8000d9a2 (0x00008d5d) c.or    a0, a5
core   0: 3 0x8000d9a2 (0x8d5d) x10 0xffff9000
core   0: 0x8000d9a4 (0x01d69fb3) sll     t6, a3, t4
core   0: 3 0x8000d9a4 (0x01d69fb3) x31 0x8002bd24
core   0: 0x8000d9a8 (0x037c1733) mulh    a4, s8, s7
core   0: 3 0x8000d9a8 (0x037c1733) x14 0x00000000
core   0: 0x8000d9ac (0x0076ed63) bltu    a3, t2, pc + 26
core   0: 3 0x8000d9ac (0x0076ed63)
core   0: 0x8000d9b0 (0x415fd5b3) sra     a1, t6, s5
core   0: 3 0x8000d9b0 (0x415fd5b3) x11 0x8002bd24
core   0: 0x8000d9b4 (0x00008105) c.srli  a0, 1
core   0: 3 0x8000d9b4 (0x8105) x10 0x7fffc800
core   0: 0x8000d9b6 (0x0ff0000f) fence   iorw,iorw
core   0: 3 0x8000d9b6 (0x0ff0000f)
core   0: 0x8000d9ba (0x025930b3) mulhu   ra, s2, t0
core   0: 3 0x8000d9ba (0x025930b3) x 1 0x00000100
core   0: 0x8000d9be (0x00008d3d) c.xor   a0, a5
core   0: 3 0x8000d9be (0x8d3d) x10 0x80005800
core   0: 0x8000d9c0 (0x00009926) c.add   s2, s1
core   0: 3 0x8000d9c0 (0x9926) x18 0x80032d24
core   0: 0x8000d9c2 (0x00c2ee33) or      t3, t0, a2
core   0: 3 0x8000d9c2 (0x00c2ee33) x28 0x00000201
core   0: 0x8000d9c6 (0x0171d713) srli    a4, gp, 23
core   0: 3 0x8000d9c6 (0x0171d713) x14 0x00000000
core   0: 0x8000d9ca (0x0049f763) bgeu    s3, tp, pc + 14
core   0: 3 0x8000d9ca (0x0049f763)
core   0: 0x8000d9d8 (0x0ff0000f) fence   iorw,iorw
core   0: 3 0x8000d9d8 (0x0ff0000f)
core   0: 0x8000d9dc (0x000015fd) c.addi  a1, -1
core   0: 3 0x8000d9dc (0x15fd) x11 0x8002bd23
core   0: 0x8000d9de (0x02617763) bgeu    sp, t1, pc + 46
core   0: 3 0x8000d9de (0x02617763)
core   0: 0x8000da0c (0x0000100f) fence.i
core   0: 3 0x8000da0c (0x0000100f)
core   0: 0x8000da10 (0x72346a93) ori     s5, s0, 1827
core   0: 3 0x8000da10 (0x72346a93) x21 0x00000723
core   0: 0x8000da14 (0x007bffb3) and     t6, s7, t2
core   0: 3 0x8000da14 (0x007bffb3) x31 0x00000000
core   0: 0x8000da18 (0x6ccccd13) xori    s10, s9, 1740
core   0: 3 0x8000da18 (0x6ccccd13) x26 0xfffffc69
core   0: 0x8000da1c (0x0000ec1d) c.bnez  s0, pc + 62
core   0: 3 0x8000da1c (0xec1d)
core   0: 0x8000da1e (0x03ca4e63) blt     s4, t3, pc + 60
core   0: 3 0x8000da1e (0x03ca4e63)
core   0: 0x8000da5a (0x00008fc9) c.or    a5, a0
core   0: 3 0x8000da5a (0x8fc9) x15 0xffffd800
core   0: 0x8000da5c (0x02a15fb3) divu    t6, sp, a0
core   0: 3 0x8000da5c (0x02a15fb3) x31 0x00000001
core   0: 0x8000da60 (0x01577f33) and     t5, a4, s5
core   0: 3 0x8000da60 (0x01577f33) x30 0x00000000
core   0: 0x8000da64 (0x00000001) c.nop
core   0: 3 0x8000da64 (0x0001)
core   0: 0x8000da66 (0x008e2db3) slt     s11, t3, s0
core   0: 3 0x8000da66 (0x008e2db3) x27 0x00000000
core   0: 0x8000da6a (0x41428e33) sub     t3, t0, s4
core   0: 3 0x8000da6a (0x41428e33) x28 0x1ae0075c
core   0: 0x8000da6e (0x028b5863) bge     s6, s0, pc + 48
core   0: 3 0x8000da6e (0x028b5863)
core   0: 0x8000da72 (0x00008ff1) c.and   a5, a2
core   0: 3 0x8000da72 (0x8ff1) x15 0x00000000
core   0: 0x8000da74 (0x25e74493) xori    s1, a4, 606
core   0: 3 0x8000da74 (0x25e74493) x 9 0x0000025e
core   0: 0x8000da78 (0x00000aa9) c.addi  s5, 10
core   0: 3 0x8000da78 (0x0aa9) x21 0x0000072d
core   0: 0x8000da7a (0x00008db5) c.xor   a1, a3
core   0: 3 0x8000da7a (0x8db5) x11 0x00000007
core   0: 0x8000da7c (0x00008425) c.srai  s0, 9
core   0: 3 0x8000da7c (0x8425) x 8 0x00000000
core   0: 0x8000da7e (0x00888fb3) add     t6, a7, s0
core   0: 3 0x8000da7e (0x00888fb3) x31 0x00000001
core   0: 0x8000da82 (0x01be5363) bge     t3, s11, pc + 6
core   0: 3 0x8000da82 (0x01be5363)
core   0: 0x8000da88 (0x00004aad) c.li    s5, 11
core   0: 3 0x8000da88 (0x4aad) x21 0x0000000b
core   0: 0x8000da8a (0x00fe70b3) and     ra, t3, a5
core   0: 3 0x8000da8a (0x00fe70b3) x 1 0x00000000
core   0: 0x8000da8e (0x035c1f63) bne     s8, s5, pc + 62
core   0: 3 0x8000da8e (0x035c1f63)
core   0: 0x8000dacc (0x8596a613) slti    a2, a3, -1959
core   0: 3 0x8000dacc (0x8596a613) x12 0x00000001
core   0: 0x8000dad0 (0x0000100f) fence.i
core   0: 3 0x8000dad0 (0x0000100f)
core   0: 0x8000dad4 (0x0000e91d) c.bnez  a0, pc + 54
core   0: 3 0x8000dad4 (0xe91d)
core   0: 0x8000db0a (0x00000001) c.nop
core   0: 3 0x8000db0a (0x0001)
core   0: 0x8000db0c (0x00015e17) auipc   t3, 0x15
core   0: 3 0x8000db0c (0x00015e17) x28 0x80022b0c
core   0: 0x8000db10 (0x564e0e13) addi    t3, t3, 1380
core   0: 3 0x8000db10 (0x564e0e13) x28 0x80023070
core   0: 0x8000db14 (0x00015897) auipc   a7, 0x15
core   0: 3 0x8000db14 (0x00015897) x17 0x80022b14
core   0: 0x8000db18 (0x55088893) addi    a7, a7, 1360
core   0: 3 0x8000db18 (0x55088893) x17 0x80023064
core   0: 0x8000db1c (0x00015d17) auipc   s10, 0x15
core   0: 3 0x8000db1c (0x00015d17) x26 0x80022b1c
core   0: 0x8000db20 (0x534d0d13) addi    s10, s10, 1332
core   0: 3 0x8000db20 (0x534d0d13) x26 0x80023050
core   0: 0x8000db24 (0x00008fa1) c.xor   a5, s0
core   0: 3 0x8000db24 (0x8fa1) x15 0x00000000
core   0: 0x8000db26 (0xe34d2a2f) amomaxu.w s4, s4, (s10)
core   0: 3 0x8000db26 (0xe34d2a2f) x20 0xfdcfc9ef mem 0x80023050 mem 0x80023050 0xfdcfc9ef
core   0: 0x8000db2a (0xe3ee2c2f) amomaxu.w s8, t5, (t3)
core   0: 3 0x8000db2a (0xe3ee2c2f) x24 0xffff562c mem 0x80023070 mem 0x80023070 0xffff562c
core   0: 0x8000db2e (0xc46d2a2f) amominu.w s4, t1, (s10)
core   0: 3 0x8000db2e (0xc46d2a2f) x20 0xfdcfc9ef mem 0x80023050 mem 0x80023050 0x00000000
core   0: 0x8000db32 (0x8068ac2f) amomin.w s8, t1, (a7)
core   0: 3 0x8000db32 (0x8068ac2f) x24 0x00000000 mem 0x80023064 mem 0x80023064 0x00000000
core   0: 0x8000db36 (0x21f8a0af) amoxor.w ra, t6, (a7)
core   0: 3 0x8000db36 (0x21f8a0af) x 1 0x00000000 mem 0x80023064 mem 0x80023064 0x00000001
core   0: 0x8000db3a (0x42ee20af) amoor.w ra, a4, (t3)
core   0: 3 0x8000db3a (0x42ee20af) x 1 0xffff562c mem 0x80023070 mem 0x80023070 0xffff562c
core   0: 0x8000db3e (0xc2f8a62f) amominu.w a2, a5, (a7)
core   0: 3 0x8000db3e (0xc2f8a62f) x12 0x00000001 mem 0x80023064 mem 0x80023064 0x00000000
core   0: 0x8000db42 (0x428d2daf) amoor.w s11, s0, (s10)
core   0: 3 0x8000db42 (0x428d2daf) x27 0x00000000 mem 0x80023050 mem 0x80023050 0x00000000
core   0: 0x8000db46 (0xc53e20af) amominu.w ra, s3, (t3)
core   0: 3 0x8000db46 (0xc53e20af) x 1 0xffff562c mem 0x80023070 mem 0x80023070 0x00000000
core   0: 0x8000db4a (0x41295d33) sra     s10, s2, s2
core   0: 3 0x8000db4a (0x41295d33) x26 0xf80032d2
core   0: 0x8000db4e (0x00001998) c.addi4spn a4, sp, 240
core   0: 3 0x8000db4e (0x1998) x14 0x9628fb89
core   0: 0x8000db50 (0x00006159) c.addi16sp sp, 400
core   0: 3 0x8000db50 (0x6159) x 2 0x9628fc29
core   0: 0x8000db52 (0xe7e27893) andi    a7, tp, -386
core   0: 3 0x8000db52 (0xe7e27893) x17 0x00000000
core   0: 0x8000db56 (0x7c21b193) sltiu   gp, gp, 1986
core   0: 3 0x8000db56 (0x7c21b193) x 3 0x00000001
core   0: 0x8000db5a (0x00008586) c.mv    a1, ra
core   0: 3 0x8000db5a (0x8586) x11 0xffff562c
core   0: 0x8000db5c (0x0000717d) c.addi16sp sp, -16
core   0: 3 0x8000db5c (0x717d) x 2 0x9628fc19
core   0: 0x8000db5e (0x00008645) c.srai  a2, 17
core   0: 3 0x8000db5e (0x8645) x12 0x00000000
core   0: 0x8000db60 (0x037b71b3) remu    gp, s6, s7
core   0: 3 0x8000db60 (0x037b71b3) x 3 0x80023084
core   0: 0x8000db64 (0x00008119) c.srli  a0, 6
core   0: 3 0x8000db64 (0x8119) x10 0x02000160
core   0: 0x8000db66 (0x00008db9) c.xor   a1, a4
core   0: 3 0x8000db66 (0x8db9) x11 0x69d7ada5
core   0: 0x8000db68 (0x2144ab37) lui     s6, 0x2144a
core   0: 3 0x8000db68 (0x2144ab37) x22 0x2144a000
core   0: 0x8000db6c (0x00d6a9b3) slt     s3, a3, a3
core   0: 3 0x8000db6c (0x00d6a9b3) x19 0x00000000
core   0: 0x8000db70 (0x41ded933) sra     s2, t4, t4
core   0: 3 0x8000db70 (0x41ded933) x18 0x00000000
core   0: 0x8000db74 (0x009029b3) slt     s3, zero, s1
core   0: 3 0x8000db74 (0x009029b3) x19 0x00000001
core   0: 0x8000db78 (0x036bf033) remu    zero, s7, s6
core   0: 3 0x8000db78 (0x036bf033)
core   0: 0x8000db7c (0x00008cf1) c.and   s1, a2
core   0: 3 0x8000db7c (0x8cf1) x 9 0x00000000
core   0: 0x8000db7e (0x00278d33) add     s10, a5, sp
core   0: 3 0x8000db7e (0x00278d33) x26 0x9628fc19
core   0: 0x8000db82 (0x00008c69) c.and   s0, a0
core   0: 3 0x8000db82 (0x8c69) x 8 0x00000000
core   0: 0x8000db84 (0x01c7beb3) sltu    t4, a5, t3
core   0: 3 0x8000db84 (0x01c7beb3) x29 0x00000001
core   0: 0x8000db88 (0x0000c781) c.beqz  a5, pc + 8
core   0: 3 0x8000db88 (0xc781)
core   0: 0x8000db90 (0xe67d4013) xori    zero, s10, -409
core   0: 3 0x8000db90 (0xe67d4013)
core   0: 0x8000db94 (0x0000100f) fence.i
core   0: 3 0x8000db94 (0x0000100f)
core   0: 0x8000db98 (0x6ac28313) addi    t1, t0, 1708
core   0: 3 0x8000db98 (0x6ac28313) x 6 0x000008ad
core   0: 0x8000db9c (0x40ee5113) srai    sp, t3, 14
core   0: 3 0x8000db9c (0x40ee5113) x 2 0xfffe0008
core   0: 0x8000dba0 (0x01a21a93) slli    s5, tp, 26
core   0: 3 0x8000dba0 (0x01a21a93) x21 0x00000000
core   0: 0x8000dba4 (0x0349f633) remu    a2, s3, s4
core   0: 3 0x8000dba4 (0x0349f633) x12 0x00000001
core   0: 0x8000dba8 (0x00009a56) c.add   s4, s5
core   0: 3 0x8000dba8 (0x9a56) x20 0xfdcfc9ef
core   0: 0x8000dbaa (0x0000617d) c.addi16sp sp, 496
core   0: 3 0x8000dbaa (0x617d) x 2 0xfffe01f8
core   0: 0x8000dbac (0x00004571) c.li    a0, 28
core   0: 3 0x8000dbac (0x4571) x10 0x0000001c
core   0: 0x8000dbae (0x020e9c63) bnez    t4, pc + 56
core   0: 3 0x8000dbae (0x020e9c63)
core   0: 0x8000dbe6 (0x0000822e) c.mv    tp, a1
core   0: 3 0x8000dbe6 (0x822e) x 4 0x69d7ada5
core   0: 0x8000dbe8 (0x00006175) c.addi16sp sp, 368
core   0: 3 0x8000dbe8 (0x6175) x 2 0xfffe0368
core   0: 0x8000dbea (0x00c85913) srli    s2, a6, 12
core   0: 3 0x8000dbea (0x00c85913) x18 0x00080027
core   0: 0x8000dbee (0x0000717d) c.addi16sp sp, -16
core   0: 3 0x8000dbee (0x717d) x 2 0xfffe0358
core   0: 0x8000dbf0 (0x0072a4b3) slt     s1, t0, t2
core   0: 3 0x8000dbf0 (0x0072a4b3) x 9 0x00000000
core   0: 0x8000dbf4 (0x000061fd) c.lui   gp, 0x1f
core   0: 3 0x8000dbf4 (0x61fd) x 3 0x0001f000
core   0: 0x8000dbf6 (0x00040933) add     s2, s0, zero
core   0: 3 0x8000dbf6 (0x00040933) x18 0x00000000
core   0: 0x8000dbfa (0x03423433) mulhu   s0, tp, s4
core   0: 3 0x8000dbfa (0x03423433) x 8 0x68f00f7e
core   0: 0x8000dbfe (0x00000001) c.nop
core   0: 3 0x8000dbfe (0x0001)
core   0: 0x8000dc00 (0x0142fbb3) and     s7, t0, s4
core   0: 3 0x8000dc00 (0x0142fbb3) x23 0x00000001
core   0: 0x8000dc04 (0x0000e811) c.bnez  s0, pc + 20
core   0: 3 0x8000dc04 (0xe811)
core   0: 0x8000dc18 (0x60c1abb7) lui     s7, 0x60c1a
core   0: 3 0x8000dc18 (0x60c1abb7) x23 0x60c1a000
core   0: 0x8000dc1c (0x00008dc1) c.or    a1, s0
core   0: 3 0x8000dc1c (0x8dc1) x11 0x69f7afff
core   0: 0x8000dc1e (0x0ff0000f) fence   iorw,iorw
core   0: 3 0x8000dc1e (0x0ff0000f)
core   0: 0x8000dc22 (0x02b5e7b3) rem     a5, a1, a1
core   0: 3 0x8000dc22 (0x02b5e7b3) x15 0x00000000
core   0: 0x8000dc26 (0x01426433) or      s0, tp, s4
core   0: 3 0x8000dc26 (0x01426433) x 8 0xfddfedef
core   0: 0x8000dc2a (0x0000e105) c.bnez  a0, pc + 32
core   0: 3 0x8000dc2a (0xe105)
core   0: 0x8000dc4a (0x02e04963) blt     zero, a4, pc + 50
core   0: 3 0x8000dc4a (0x02e04963)
core   0: 0x8000dc4e (0x0048d513) srli    a0, a7, 4
core   0: 3 0x8000dc4e (0x0048d513) x10 0x00000000
core   0: 0x8000dc52 (0x000017fd) c.addi  a5, -1
core   0: 3 0x8000dc52 (0x17fd) x15 0xffffffff
core   0: 0x8000dc54 (0x40e8de93) srai    t4, a7, 14
core   0: 3 0x8000dc54 (0x40e8de93) x29 0x00000000
core   0: 0x8000dc58 (0x023e7b63) bgeu    t3, gp, pc + 54
core   0: 3 0x8000dc58 (0x023e7b63)
core   0: 0x8000dc8e (0x00008651) c.srai  a2, 20
core   0: 3 0x8000dc8e (0x8651) x12 0x00000000
core   0: 0x8000dc90 (0x000091d2) c.add   gp, s4
core   0: 3 0x8000dc90 (0x91d2) x 3 0xfdd1b9ef
core   0: 0x8000dc92 (0x00008d91) c.sub   a1, a2
core   0: 3 0x8000dc92 (0x8d91) x11 0x69f7afff
core   0: 0x8000dc94 (0x01fbf8b3) and     a7, s7, t6
core   0: 3 0x8000dc94 (0x01fbf8b3) x17 0x00000000
core   0: 0x8000dc98 (0x0000074a) c.slli  a4, 18
core   0: 3 0x8000dc98 (0x074a) x14 0xee240000
core   0: 0x8000dc9a (0x1231cf17) auipc   t5, 0x1231c
core   0: 3 0x8000dc9a (0x1231cf17) x30 0x92329c9a
core   0: 0x8000dc9e (0x0312aa33) mulhsu  s4, t0, a7
core   0: 3 0x8000dc9e (0x0312aa33) x20 0x00000000
core   0: 0x8000dca2 (0x007bc2b3) xor     t0, s7, t2
core   0: 3 0x8000dca2 (0x007bc2b3) x 5 0x60c1a000
core   0: 0x8000dca6 (0x01747e63) bgeu    s0, s7, pc + 28
core   0: 3 0x8000dca6 (0x01747e63)
core   0: 0x8000dcc2 (0x00008dcd) c.or    a1, a1
core   0: 3 0x8000dcc2 (0x8dcd) x11 0x69f7afff
core   0: 0x8000dcc4 (0x0128b9b3) sltu    s3, a7, s2
core   0: 3 0x8000dcc4 (0x0128b9b3) x19 0x00000000
core   0: 0x8000dcc8 (0x77dd6217) auipc   tp, 0x77dd6
core   0: 3 0x8000dcc8 (0x77dd6217) x 4 0xf7de3cc8
core   0: 0x8000dccc (0x015a1cb3) sll     s9, s4, s5
core   0: 3 0x8000dccc (0x015a1cb3) x25 0x00000000
core   0: 0x8000dcd0 (0x03ad2e33) mulhsu  t3, s10, s10
core   0: 3 0x8000dcd0 (0x03ad2e33) x28 0xc1eb11e4
core   0: 0x8000dcd4 (0xf56bf617) auipc   a2, 0xf56bf
core   0: 3 0x8000dcd4 (0xf56bf617) x12 0x756cccd4
core   0: 0x8000dcd8 (0x0000eca9) c.bnez  s1, pc + 90
core   0: 3 0x8000dcd8 (0xeca9)
core   0: 0x8000dcda (0x0000c025) c.beqz  s0, pc + 96
core   0: 3 0x8000dcda (0xc025)
core   0: 0x8000dcdc (0x00008dbd) c.xor   a1, a5
core   0: 3 0x8000dcdc (0x8dbd) x11 0x96085000
core   0: 0x8000dcde (0x0000100f) fence.i
core   0: 3 0x8000dcde (0x0000100f)
core   0: 0x8000dce2 (0x04bb0363) beq     s6, a1, pc + 70
core   0: 3 0x8000dce2 (0x04bb0363)
core   0: 0x8000dce6 (0x03948633) mul     a2, s1, s9
core   0: 3 0x8000dce6 (0x03948633) x12 0x00000000
core   0: 0x8000dcea (0x405c5c33) sra     s8, s8, t0
core   0: 3 0x8000dcea (0x405c5c33) x24 0x00000000
core   0: 0x8000dcee (0x0000c5bd) c.beqz  a1, pc + 110
core   0: 3 0x8000dcee (0xc5bd)
core   0: 0x8000dcf0 (0x00000001) c.nop
core   0: 3 0x8000dcf0 (0x0001)
core   0: 0x8000dcf2 (0x0080df93) srli    t6, ra, 8
core   0: 3 0x8000dcf2 (0x0080df93) x31 0x00ffff56
core   0: 0x8000dcf6 (0x00015d17) auipc   s10, 0x15
core   0: 3 0x8000dcf6 (0x00015d17) x26 0x80022cf6
core   0: 0x8000dcfa (0x362d0d13) addi    s10, s10, 866
core   0: 3 0x8000dcfa (0x362d0d13) x26 0x80023058
core   0: 0x8000dcfe (0x0c9d292f) amoswap.w s2, s1, (s10)
core   0: 3 0x8000dcfe (0x0c9d292f) x18 0x00000000 mem 0x80023058 mem 0x80023058 0x00000000
core   0: 0x8000dd02 (0x246d2eaf) amoxor.w t4, t1, (s10)
core   0: 3 0x8000dd02 (0x246d2eaf) x29 0x00000000 mem 0x80023058 mem 0x80023058 0x000008ad
core   0: 0x8000dd06 (0x036aaeb3) mulhsu  t4, s5, s6
core   0: 3 0x8000dd06 (0x036aaeb3) x29 0x00000000
core   0: 0x8000dd0a (0x40cd29af) amoor.w s3, a2, (s10)
core   0: 3 0x8000dd0a (0x40cd29af) x19 0x000008ad mem 0x80023058 mem 0x80023058 0x000008ad
core   0: 0x8000dd0e (0x00000bf1) c.addi  s7, 28
core   0: 3 0x8000dd0e (0x0bf1) x23 0x60c1a01c
core   0: 0x8000dd10 (0x00d94633) xor     a2, s2, a3
core   0: 3 0x8000dd10 (0x00d94633) x12 0x8002bd24
core   0: 0x8000dd14 (0x214d262f) amoxor.w a2, s4, (s10)
core   0: 3 0x8000dd14 (0x214d262f) x12 0x000008ad mem 0x80023058 mem 0x80023058 0x000008ad
core   0: 0x8000dd18 (0x01afa2b3) slt     t0, t6, s10
core   0: 3 0x8000dd18 (0x01afa2b3) x 5 0x00000000
core   0: 0x8000dd1c (0xa47d2caf) amomax.w s9, t2, (s10)
core   0: 3 0x8000dd1c (0xa47d2caf) x25 0x000008ad mem 0x80023058 mem 0x80023058 0x000008ad
core   0: 0x8000dd20 (0x015dd533) srl     a0, s11, s5
core   0: 3 0x8000dd20 (0x015dd533) x10 0x00000000
core   0: 0x8000dd24 (0x41dd24af) amoor.w s1, t4, (s10)
core   0: 3 0x8000dd24 (0x41dd24af) x 9 0x000008ad mem 0x80023058 mem 0x80023058 0x000008ad
core   0: 0x8000dd28 (0x02c08e33) mul     t3, ra, a2
core   0: 3 0x8000dd28 (0x02c08e33) x28 0xfa3e9bbc
core   0: 0x8000dd2c (0x00e64f13) xori    t5, a2, 14
core   0: 3 0x8000dd2c (0x00e64f13) x30 0x000008a3
core   0: 0x8000dd30 (0x0000024a) c.slli  tp, 18
core   0: 3 0x8000dd30 (0x024a) x 4 0xf3200000
core   0: 0x8000dd32 (0x00001590) c.addi4spn a2, sp, 736
core   0: 3 0x8000dd32 (0x1590) x12 0xfffe0638
core   0: 0x8000dd34 (0x00008475) c.srai  s0, 29
core   0: 3 0x8000dd34 (0x8475) x 8 0xffffffff
core   0: 0x8000dd36 (0x03b9e2b3) rem     t0, s3, s11
core   0: 3 0x8000dd36 (0x03b9e2b3) x 5 0x000008ad
core   0: 0x8000dd3a (0x001d0e33) add     t3, s10, ra
core   0: 3 0x8000dd3a (0x001d0e33) x28 0x80018684
core   0: 0x8000dd3e (0x00008de5) c.and   a1, s1
core   0: 3 0x8000dd3e (0x8de5) x11 0x00000000
core   0: 0x8000dd40 (0x01efadb3) slt     s11, t6, t5
core   0: 3 0x8000dd40 (0x01efadb3) x27 0x00000000
core   0: 0x8000dd44 (0x018a9033) sll     zero, s5, s8
core   0: 3 0x8000dd44 (0x018a9033)
core   0: 0x8000dd48 (0x03529b33) mulh    s6, t0, s5
core   0: 3 0x8000dd48 (0x03529b33) x22 0x00000000
core   0: 0x8000dd4c (0x418e50b3) sra     ra, t3, s8
core   0: 3 0x8000dd4c (0x418e50b3) x 1 0x80018684
core   0: 0x8000dd50 (0x0110ffb3) and     t6, ra, a7
core   0: 3 0x8000dd50 (0x0110ffb3) x31 0x00000000
core   0: 0x8000dd54 (0xc2ce2313) slti    t1, t3, -980
core   0: 3 0x8000dd54 (0xc2ce2313) x 6 0x00000001
core   0: 0x8000dd58 (0x00008d49) c.or    a0, a0
core   0: 3 0x8000dd58 (0x8d49) x10 0x00000000
core   0: 0x8000dd5a (0x00008071) c.srli  s0, 28
core   0: 3 0x8000dd5a (0x8071) x 8 0x0000000f
core   0: 0x8000dd5c (0x02c51233) mulh    tp, a0, a2
core   0: 3 0x8000dd5c (0x02c51233) x 4 0x00000000
core   0: 0x8000dd60 (0xcc3c3d37) lui     s10, 0xcc3c3
core   0: 3 0x8000dd60 (0xcc3c3d37) x26 0xcc3c3000
core   0: 0x8000dd64 (0x01316cb3) or      s9, sp, s3
core   0: 3 0x8000dd64 (0x01316cb3) x25 0xfffe0bfd
core   0: 0x8000dd68 (0x0181ceb3) xor     t4, gp, s8
core   0: 3 0x8000dd68 (0x0181ceb3) x29 0xfdd1b9ef
core   0: 0x8000dd6c (0x00008b75) c.andi  a4, 29
core   0: 3 0x8000dd6c (0x8b75) x14 0x00000000
core   0: 0x8000dd6e (0x0000c895) c.beqz  s1, pc + 52
core   0: 3 0x8000dd6e (0xc895)
core   0: 0x8000dd70 (0x010cf7b3) and     a5, s9, a6
core   0: 3 0x8000dd70 (0x010cf7b3) x15 0x80020a7c
core   0: 0x8000dd74 (0x02caa233) mulhsu  tp, s5, a2
core   0: 3 0x8000dd74 (0x02caa233) x 4 0x00000000
core   0: 0x8000dd78 (0x01d6d613) srli    a2, a3, 29
core   0: 3 0x8000dd78 (0x01d6d613) x12 0x00000004
core   0: 0x8000dd7c (0x0000888d) c.andi  s1, 3
core   0: 3 0x8000dd7c (0x888d) x 9 0x00000001
core   0: 0x8000dd7e (0x024381b3) mul     gp, t2, tp
core   0: 3 0x8000dd7e (0x024381b3) x 3 0x00000000
core   0: 0x8000dd82 (0x01111b33) sll     s6, sp, a7
core   0: 3 0x8000dd82 (0x01111b33) x22 0xfffe0358
core   0: 0x8000dd86 (0x00009a7d) c.andi  a2, -1
core   0: 3 0x8000dd86 (0x9a7d) x12 0x00000004
core   0: 0x8000dd88 (0x0311f533) remu    a0, gp, a7
core   0: 3 0x8000dd88 (0x0311f533) x10 0x00000000
core   0: 0x8000dd8c (0x0168fc33) and     s8, a7, s6
core   0: 3 0x8000dd8c (0x0168fc33) x24 0x00000000
core   0: 0x8000dd90 (0x9a6ec193) xori    gp, t4, -1626
core   0: 3 0x8000dd90 (0x9a6ec193) x 3 0x022e4049
core   0: 0x8000dd94 (0x00001d9c) c.addi4spn a5, sp, 752
core   0: 3 0x8000dd94 (0x1d9c) x15 0xfffe0648
core   0: 0x8000dd96 (0x03897db3) remu    s11, s2, s8
core   0: 3 0x8000dd96 (0x03897db3) x27 0x00000000
core   0: 0x8000dd9a (0x03840733) mul     a4, s0, s8
core   0: 3 0x8000dd9a (0x03840733) x14 0x00000000
core   0: 0x8000dd9e (0x008c09b3) add     s3, s8, s0
core   0: 3 0x8000dd9e (0x008c09b3) x19 0x0000000f
core   0: 0x8000dda2 (0x038c94b3) mulh    s1, s9, s8
core   0: 3 0x8000dda2 (0x038c94b3) x 9 0x00000000
core   0: 0x8000dda6 (0x02eb9463) bne     s7, a4, pc + 40
core   0: 3 0x8000dda6 (0x02eb9463)
core   0: 0x8000ddce (0x02b960b3) rem     ra, s2, a1
core   0: 3 0x8000ddce (0x02b960b3) x 1 0x00000000
core   0: 0x8000ddd2 (0x0150d763) bge     ra, s5, pc + 14
core   0: 3 0x8000ddd2 (0x0150d763)
core   0: 0x8000dde0 (0x41995ab3) sra     s5, s2, s9
core   0: 3 0x8000dde0 (0x41995ab3) x21 0x00000000
core   0: 0x8000dde4 (0x00008e75) c.and   a2, a3
core   0: 3 0x8000dde4 (0x8e75) x12 0x00000004
core   0: 0x8000dde6 (0x026a37b3) mulhu   a5, s4, t1
core   0: 3 0x8000dde6 (0x026a37b3) x15 0x00000000
core   0: 0x8000ddea (0x00000001) c.nop
core   0: 3 0x8000ddea (0x0001)
core   0: 0x8000ddec (0x00006179) c.addi16sp sp, 464
core   0: 3 0x8000ddec (0x6179) x 2 0xfffe0528
core   0: 0x8000ddee (0x00008c4d) c.or    s0, a1
core   0: 3 0x8000ddee (0x8c4d) x 8 0x0000000f
core   0: 0x8000ddf0 (0x00008ca1) c.xor   s1, s0
core   0: 3 0x8000ddf0 (0x8ca1) x 9 0x0000000f
core   0: 0x8000ddf2 (0x0ff0000f) fence   iorw,iorw
core   0: 3 0x8000ddf2 (0x0ff0000f)
core   0: 0x8000ddf6 (0x014c5733) srl     a4, s8, s4
core   0: 3 0x8000ddf6 (0x014c5733) x14 0x00000000
core   0: 0x8000ddfa (0x03d91963) bne     s2, t4, pc + 50
core   0: 3 0x8000ddfa (0x03d91963)
core   0: 0x8000de2c (0x00008f8d) c.sub   a5, a1
core   0: 3 0x8000de2c (0x8f8d) x15 0x00000000
core   0: 0x8000de2e (0x00000001) c.nop
core   0: 3 0x8000de2e (0x0001)
core   0: 0x8000de30 (0x40e384b3) sub     s1, t2, a4
core   0: 3 0x8000de30 (0x40e384b3) x 9 0x00000000
core   0: 0x8000de34 (0x00000001) c.nop
core   0: 3 0x8000de34 (0x0001)
core   0: 0x8000de36 (0xa2148193) addi    gp, s1, -1503
core   0: 3 0x8000de36 (0xa2148193) x 3 0xfffffa21
core   0: 0x8000de3a (0x02416433) rem     s0, sp, tp
core   0: 3 0x8000de3a (0x02416433) x 8 0xfffe0528
core   0: 0x8000de3e (0x00000001) c.nop
core   0: 3 0x8000de3e (0x0001)
core   0: 0x8000de40 (0x7b1bf413) andi    s0, s7, 1969
core   0: 3 0x8000de40 (0x7b1bf413) x 8 0x00000010
core   0: 0x8000de44 (0x00000fe2) c.slli  t6, 24
core   0: 3 0x8000de44 (0x0fe2) x31 0x00000000
core   0: 0x8000de46 (0x0000673d) c.lui   a4, 0xf
core   0: 3 0x8000de46 (0x673d) x14 0x0000f000
core   0: 0x8000de48 (0x03b54f63) blt     a0, s11, pc + 62
core   0: 3 0x8000de48 (0x03b54f63)
core   0: 0x8000de4c (0x0345d5b3) divu    a1, a1, s4
core   0: 3 0x8000de4c (0x0345d5b3) x11 0xffffffff
core   0: 0x8000de50 (0x00009f62) c.add   t5, s8
core   0: 3 0x8000de50 (0x9f62) x30 0x000008a3
core   0: 0x8000de52 (0x00000001) c.nop
core   0: 3 0x8000de52 (0x0001)
core   0: 0x8000de54 (0x0054b7b3) sltu    a5, s1, t0
core   0: 3 0x8000de54 (0x0054b7b3) x15 0x00000001
core   0: 0x8000de58 (0x02f5fb33) remu    s6, a1, a5
core   0: 3 0x8000de58 (0x02f5fb33) x22 0x00000000
core   0: 0x8000de5c (0xe1c96b93) ori     s7, s2, -484
core   0: 3 0x8000de5c (0xe1c96b93) x23 0xfffffe1c
core   0: 0x8000de60 (0xa8e03b13) sltiu   s6, zero, -1394
core   0: 3 0x8000de60 (0xa8e03b13) x22 0x00000001
core   0: 0x8000de64 (0x0000100f) fence.i
core   0: 3 0x8000de64 (0x0000100f)
core   0: 0x8000de68 (0x023f2033) mulhsu  zero, t5, gp
core   0: 3 0x8000de68 (0x023f2033)
core   0: 0x8000de6c (0x006875b3) and     a1, a6, t1
core   0: 3 0x8000de6c (0x006875b3) x11 0x00000000
core   0: 0x8000de70 (0x039d05b3) mul     a1, s10, s9
core   0: 3 0x8000de70 (0x039d05b3) x11 0x0d8b7000
core   0: 0x8000de74 (0xe7470293) addi    t0, a4, -396
core   0: 3 0x8000de74 (0xe7470293) x 5 0x0000ee74
core   0: 0x8000de78 (0x00000001) c.nop
core   0: 3 0x8000de78 (0x0001)
core   0: 0x8000de7a (0x00008676) c.mv    a2, t4
core   0: 3 0x8000de7a (0x8676) x12 0xfdd1b9ef
core   0: 0x8000de7c (0x00008f22) c.mv    t5, s0
core   0: 3 0x8000de7c (0x8f22) x30 0x00000010
core   0: 0x8000de7e (0x0259f233) remu    tp, s3, t0
core   0: 3 0x8000de7e (0x0259f233) x 4 0x0000000f
core   0: 0x8000de82 (0xdbf90513) addi    a0, s2, -577
core   0: 3 0x8000de82 (0xdbf90513) x10 0xfffffdbf
core   0: 0x8000de86 (0x0000e10d) c.bnez  a0, pc + 34
core   0: 3 0x8000de86 (0xe10d)
core   0: 0x8000dea8 (0x03536ab3) rem     s5, t1, s5
core   0: 3 0x8000dea8 (0x03536ab3) x21 0x00000001
core   0: 0x8000deac (0x002b1733) sll     a4, s6, sp
core   0: 3 0x8000deac (0x002b1733) x14 0x00000100
core   0: 0x8000deb0 (0x0425e163) bltu    a1, sp, pc + 66
core   0: 3 0x8000deb0 (0x0425e163)
core   0: 0x8000def2 (0x0000717d) c.addi16sp sp, -16
core   0: 3 0x8000def2 (0x717d) x 2 0xfffe0518
core   0: 0x8000def4 (0x00bb70b3) and     ra, s6, a1
core   0: 3 0x8000def4 (0x00bb70b3) x 1 0x00000000
core   0: 0x8000def8 (0x00008519) c.srai  a0, 6
core   0: 3 0x8000def8 (0x8519) x10 0xfffffff6
core   0: 0x8000defa (0x00006315) c.lui   t1, 0x5
core   0: 3 0x8000defa (0x6315) x 6 0x00005000
core   0: 0x8000defc (0x00008741) c.srai  a4, 16
core   0: 3 0x8000defc (0x8741) x14 0x00000000
core   0: 0x8000defe (0x00008e35) c.xor   a2, a3
core   0: 3 0x8000defe (0x8e35) x12 0x7dd304cb
core   0: 0x8000df00 (0x000092d2) c.add   t0, s4
core   0: 3 0x8000df00 (0x92d2) x 5 0x0000ee74
core   0: 0x8000df02 (0x0000717d) c.addi16sp sp, -16
core   0: 3 0x8000df02 (0x717d) x 2 0xfffe0508
core   0: 0x8000df04 (0x00008c39) c.xor   s0, a4
core   0: 3 0x8000df04 (0x8c39) x 8 0x00000010
core   0: 0x8000df06 (0x00000001) c.nop
core   0: 3 0x8000df06 (0x0001)
core   0: 0x8000df08 (0x03c560b3) rem     ra, a0, t3
core   0: 3 0x8000df08 (0x03c560b3) x 1 0xfffffff6
core   0: 0x8000df0c (0x02d3fc33) remu    s8, t2, a3
core   0: 3 0x8000df0c (0x02d3fc33) x24 0x00000000
core   0: 0x8000df10 (0x03444d63) blt     s0, s4, pc + 58
core   0: 3 0x8000df10 (0x03444d63)
core   0: 0x8000df14 (0x0000611d) c.addi16sp sp, 416
core   0: 3 0x8000df14 (0x611d) x 2 0xfffe06a8
core   0: 0x8000df16 (0x00008c5d) c.or    s0, a5
core   0: 3 0x8000df16 (0x8c5d) x 8 0x00000011
core   0: 0x8000df18 (0x022d9b63) bne     s11, sp, pc + 54
core   0: 3 0x8000df18 (0x022d9b63)
core   0: 0x8000df4e (0x00000b08) c.addi4spn a0, sp, 400
core   0: 3 0x8000df4e (0x0b08) x10 0xfffe0838
core   0: 0x8000df50 (0x03a0c4b3) div     s1, ra, s10
core   0: 3 0x8000df50 (0x03a0c4b3) x 9 0x00000000
core   0: 0x8000df54 (0x62eaec37) lui     s8, 0x62eae
core   0: 3 0x8000df54 (0x62eaec37) x24 0x62eae000
core   0: 0x8000df58 (0x0249fd63) bgeu    s3, tp, pc + 58
core   0: 3 0x8000df58 (0x0249fd63)
core   0: 0x8000df92 (0x0000cc9d) c.beqz  s1, pc + 62
core   0: 3 0x8000df92 (0xcc9d)
core   0: 0x8000dfd0 (0x03a99763) bne     s3, s10, pc + 46
core   0: 3 0x8000dfd0 (0x03a99763)
core   0: 0x8000dffe (0x00009a7d) c.andi  a2, -1
core   0: 3 0x8000dffe (0x9a7d) x12 0x7dd304cb
core   0: 0x8000e000 (0x00008d4e) c.mv    s10, s3
core   0: 3 0x8000e000 (0x8d4e) x26 0x0000000f
core   0: 0x8000e002 (0xa45c4313) xori    t1, s8, -1467
core   0: 3 0x8000e002 (0xa45c4313) x 6 0x9d151a45
core   0: 0x8000e006 (0x014cc1b3) xor     gp, s9, s4
core   0: 3 0x8000e006 (0x014cc1b3) x 3 0xfffe0bfd
core   0: 0x8000e00a (0x409fd2b3) sra     t0, t6, s1
core   0: 3 0x8000e00a (0x409fd2b3) x 5 0x00000000
core   0: 0x8000e00e (0x0b7a2313) slti    t1, s4, 183
core   0: 3 0x8000e00e (0x0b7a2313) x 6 0x00000001
core   0: 0x8000e012 (0x00008f31) c.xor   a4, a2
core   0: 3 0x8000e012 (0x8f31) x14 0x7dd304cb
core   0: 0x8000e014 (0x01c88933) add     s2, a7, t3
core   0: 3 0x8000e014 (0x01c88933) x18 0x80018684
core   0: 0x8000e018 (0x00008f45) c.or    a4, s1
core   0: 3 0x8000e018 (0x8f45) x14 0x7dd304cb
core   0: 0x8000e01a (0x0000ea1d) c.bnez  a2, pc + 54
core   0: 3 0x8000e01a (0xea1d)
core   0: 0x8000e050 (0xc525c613) xori    a2, a1, -942
core   0: 3 0x8000e050 (0xc525c613) x12 0xf2748c52
core   0: 0x8000e054 (0x00000aa2) c.slli  s5, 8
core   0: 3 0x8000e054 (0x0aa2) x21 0x00000100
core   0: 0x8000e056 (0xa6a5f713) andi    a4, a1, -1430
core   0: 3 0x8000e056 (0xa6a5f713) x14 0x0d8b7000
core   0: 0x8000e05a (0x02cdd333) divu    t1, s11, a2
core   0: 3 0x8000e05a (0x02cdd333) x 6 0x00000000
core   0: 0x8000e05e (0x98cc6c13) ori     s8, s8, -1652
core   0: 3 0x8000e05e (0x98cc6c13) x24 0xfffff98c
core   0: 0x8000e062 (0x033a4263) blt     s4, s3, pc + 36
core   0: 3 0x8000e062 (0x033a4263)
core   0: 0x8000e086 (0x00006abd) c.lui   s5, 0xf
core   0: 3 0x8000e086 (0x6abd) x21 0x0000f000
core   0: 0x8000e088 (0x00013117) auipc   sp, 0x13
core   0: 3 0x8000e088 (0x00013117) x 2 0x80021088
core   0: 0x8000e08c (0x2ee10113) addi    sp, sp, 750
core   0: 3 0x8000e08c (0x2ee10113) x 2 0x80021376
core   0: 0x8000e090 (0x00004797) auipc   a5, 0x4
core   0: 3 0x8000e090 (0x00004797) x15 0x80012090
core   0: 0x8000e094 (0x35878793) addi    a5, a5, 856
core   0: 3 0x8000e094 (0x35878793) x15 0x800123e8
core   0: 0x8000e098 (0xff011123) sh      a6, -30(sp)
core   0: 3 0x8000e098 (0xff011123) mem 0x80021358 0x7e7c
core   0: 0x8000e09c (0xfc210e03) lb      t3, -62(sp)
core   0: 3 0x8000e09c (0xfc210e03) x28 0x0000004d mem 0x80021338
core   0: 0x8000e0a0 (0x00a15e03) lhu     t3, 10(sp)
core   0: 3 0x8000e0a0 (0x00a15e03) x28 0x000084a5 mem 0x80021380
core   0: 0x8000e0a4 (0x03078aa3) sb      a6, 53(a5)
core   0: 3 0x8000e0a4 (0x03078aa3) mem 0x8001241d 0x7c
core   0: 0x8000e0a8 (0x02a10503) lb      a0, 42(sp)
core   0: 3 0x8000e0a8 (0x02a10503) x10 0x0000005b mem 0x800213a0
core   0: 0x8000e0ac (0xfe07ca83) lbu     s5, -32(a5)
core   0: 3 0x8000e0ac (0xfe07ca83) x21 0x00000014 mem 0x800123c8
core   0: 0x8000e0b0 (0xfda7d983) lhu     s3, -38(a5)
core   0: 3 0x8000e0b0 (0xfda7d983) x19 0x00007c7a mem 0x800123c2
core   0: 0x8000e0b4 (0xfdc7cc83) lbu     s9, -36(a5)
core   0: 3 0x8000e0b4 (0xfdc7cc83) x25 0x000000ff mem 0x800123c4
core   0: 0x8000e0b8 (0x00015483) lhu     s1, 0(sp)
core   0: 3 0x8000e0b8 (0x00015483) x 9 0x0000285a mem 0x80021376
core   0: 0x8000e0bc (0x0307d283) lhu     t0, 48(a5)
core   0: 3 0x8000e0bc (0x0307d283) x 5 0x00004772 mem 0x80012418
core   0: 0x8000e0c0 (0xfc110283) lb      t0, -63(sp)
core   0: 3 0x8000e0c0 (0xfc110283) x 5 0x00000078 mem 0x80021337
core   0: 0x8000e0c4 (0xfdc785a3) sb      t3, -53(a5)
core   0: 3 0x8000e0c4 (0xfdc785a3) mem 0x800123b3 0xa5
core   0: 0x8000e0c8 (0x01259413) slli    s0, a1, 18
core   0: 3 0x8000e0c8 (0x01259413) x 8 0xc0000000
core   0: 0x8000e0cc (0x01da81b3) add     gp, s5, t4
core   0: 3 0x8000e0cc (0x01da81b3) x 3 0xfdd1ba03
core   0: 0x8000e0d0 (0x908db193) sltiu   gp, s11, -1784
core   0: 3 0x8000e0d0 (0x908db193) x 3 0x00000001
core   0: 0x8000e0d4 (0x00008c85) c.sub   s1, s1
core   0: 3 0x8000e0d4 (0x8c85) x 9 0x00000000
core   0: 0x8000e0d6 (0x03b9e533) rem     a0, s3, s11
core   0: 3 0x8000e0d6 (0x03b9e533) x10 0x00007c7a
core   0: 0x8000e0da (0x00359f13) slli    t5, a1, 3
core   0: 3 0x8000e0da (0x00359f13) x30 0x6c5b8000
core   0: 0x8000e0de (0x02abea63) bltu    s7, a0, pc + 52
core   0: 3 0x8000e0de (0x02abea63)
core   0: 0x8000e0e2 (0x02426033) rem     zero, tp, tp
core   0: 3 0x8000e0e2 (0x02426033)
core   0: 0x8000e0e6 (0x40535993) srai    s3, t1, 5
core   0: 3 0x8000e0e6 (0x40535993) x19 0x00000000
core   0: 0x8000e0ea (0x41505433) sra     s0, zero, s5
core   0: 3 0x8000e0ea (0x41505433) x 8 0x00000000
core   0: 0x8000e0ee (0x00000421) c.addi  s0, 8
core   0: 3 0x8000e0ee (0x0421) x 8 0x00000008
core   0: 0x8000e0f0 (0x00008539) c.srai  a0, 14
core   0: 3 0x8000e0f0 (0x8539) x10 0x00000001
core   0: 0x8000e0f2 (0x00e8e763) bltu    a7, a4, pc + 14
core   0: 3 0x8000e0f2 (0x00e8e763)
core   0: 0x8000e100 (0x035e3e33) mulhu   t3, t3, s5
core   0: 3 0x8000e100 (0x035e3e33) x28 0x00000000
core   0: 0x8000e104 (0x0ff0000f) fence   iorw,iorw
core   0: 3 0x8000e104 (0x0ff0000f)
core   0: 0x8000e108 (0x01a58563) beq     a1, s10, pc + 10
core   0: 3 0x8000e108 (0x01a58563)
core   0: 0x8000e10c (0x02907eb3) remu    t4, zero, s1
core   0: 3 0x8000e10c (0x02907eb3) x29 0x00000000
core   0: 0x8000e110 (0x00008c0e) c.mv    s8, gp
core   0: 3 0x8000e110 (0x8c0e) x24 0x00000001
core   0: 0x8000e112 (0x00008da5) c.xor   a1, s1
core   0: 3 0x8000e112 (0x8da5) x11 0x0d8b7000
core   0: 0x8000e114 (0x026127b3) mulhsu  a5, sp, t1
core   0: 3 0x8000e114 (0x026127b3) x15 0x00000000
core   0: 0x8000e118 (0x02fd2733) mulhsu  a4, s10, a5
core   0: 3 0x8000e118 (0x02fd2733) x14 0x00000000
core   0: 0x8000e11c (0x031de8b3) rem     a7, s11, a7
core   0: 3 0x8000e11c (0x031de8b3) x17 0x00000000
core   0: 0x8000e120 (0x00001c84) c.addi4spn s1, sp, 624
core   0: 3 0x8000e120 (0x1c84) x 9 0x800215e6
core   0: 0x8000e122 (0x0416aa97) auipc   s5, 0x416a
core   0: 3 0x8000e122 (0x0416aa97) x21 0x84178122
core   0: 0x8000e126 (0x01666db3) or      s11, a2, s6
core   0: 3 0x8000e126 (0x01666db3) x27 0xf2748c53
core   0: 0x8000e12a (0x0000c219) c.beqz  a2, pc + 6
core   0: 3 0x8000e12a (0xc219)
core   0: 0x8000e12c (0x035b0f33) mul     t5, s6, s5
core   0: 3 0x8000e12c (0x035b0f33) x30 0x84178122
core   0: 0x8000e130 (0x0000100f) fence.i
core   0: 3 0x8000e130 (0x0000100f)
core   0: 0x8000e134 (0x02a34ab3) div     s5, t1, a0
core   0: 3 0x8000e134 (0x02a34ab3) x21 0x00000000
core   0: 0x8000e138 (0x01301463) bne     zero, s3, pc + 8
core   0: 3 0x8000e138 (0x01301463)
core   0: 0x8000e13c (0x00ac5013) srli    zero, s8, 10
core   0: 3 0x8000e13c (0x00ac5013)
core   0: 0x8000e140 (0x0168e7b3) or      a5, a7, s6
core   0: 3 0x8000e140 (0x0168e7b3) x15 0x00000001
core   0: 0x8000e144 (0x00482083) lw      ra, 4(a6)
core   0: 3 0x8000e144 (0x00482083) x 1 0x80000b2a mem 0x80027e80
core   0: 0x8000e148 (0x005e12b3) sll     t0, t3, t0
core   0: 3 0x8000e148 (0x005e12b3) x 5 0x00000000
core   0: 0x8000e14c (0x03369eb3) mulh    t4, a3, s3
core   0: 3 0x8000e14c (0x03369eb3) x29 0x00000000
core   0: 0x8000e150 (0x00000861) c.addi  a6, 24
core   0: 3 0x8000e150 (0x0861) x16 0x80027e94
core   0: 0x8000e152 (0x0000997d) c.andi  a0, -1
core   0: 3 0x8000e152 (0x997d) x10 0x00000001
core   0: 0x8000e154 (0x00008513) mv      a0, ra
core   0: 3 0x8000e154 (0x00008513) x10 0x80000b2a
core   0: 0x8000e158 (0x00050567) jalr    a0, a0, 0
core   0: 3 0x8000e158 (0x00050567) x10 0x8000e15c
core   0: 0x80000b2a (0x00022997) auipc   s3, 0x22
core   0: 3 0x80000b2a (0x00022997) x19 0x80022b2a
core   0: 0x80000b2e (0x51e98993) addi    s3, s3, 1310
core   0: 3 0x80000b2e (0x51e98993) x19 0x80023048
core   0: 0x80000b32 (0x44d9aa2f) amoor.w s4, a3, (s3)
core   0: 3 0x80000b32 (0x44d9aa2f) x20 0xffffffff mem 0x80023048 mem 0x80023048 0xffffffff
core   0: 0x80000b36 (0x20b9a5af) amoxor.w a1, a1, (s3)
core   0: 3 0x80000b36 (0x20b9a5af) x11 0xffffffff mem 0x80023048 mem 0x80023048 0xf2748fff
core   0: 0x80000b3a (0xc429ab2f) amominu.w s6, sp, (s3)
core   0: 3 0x80000b3a (0xc429ab2f) x22 0xf2748fff mem 0x80023048 mem 0x80023048 0x80021376
core   0: 0x80000b3e (0x63f9afaf) amoand.w t6, t6, (s3)
core   0: 3 0x80000b3e (0x63f9afaf) x31 0x80021376 mem 0x80023048 mem 0x80023048 0x00000000
core   0: 0x80000b42 (0x82a9a62f) amomin.w a2, a0, (s3)
core   0: 3 0x80000b42 (0x82a9a62f) x12 0x00000000 mem 0x80023048 mem 0x80023048 0x8000e15c
core   0: 0x80000b46 (0x20f9a8af) amoxor.w a7, a5, (s3)
core   0: 3 0x80000b46 (0x20f9a8af) x17 0x8000e15c mem 0x80023048 mem 0x80023048 0x8000e15d
core   0: 0x80000b4a (0x4349a42f) amoor.w s0, s4, (s3)
core   0: 3 0x80000b4a (0x4349a42f) x 8 0x8000e15d mem 0x80023048 mem 0x80023048 0xffffffff
core   0: 0x80000b4e (0x00022417) auipc   s0, 0x22
core   0: 3 0x80000b4e (0x00022417) x 8 0x80022b4e
core   0: 0x80000b52 (0x52240413) addi    s0, s0, 1314
core   0: 3 0x80000b52 (0x52240413) x 8 0x80023070
core   0: 0x80000b56 (0x12042e2f) lr.w    t3, (s0)
core   0: 3 0x80000b56 (0x12042e2f) x28 0x00000000 mem 0x80023070
core   0: 0x80000b5a (0x00006121) c.addi16sp sp, 64
core   0: 3 0x80000b5a (0x6121) x 2 0x800213b6
core   0: 0x80000b5c (0x41845293) srai    t0, s0, 24
core   0: 3 0x80000b5c (0x41845293) x 5 0xffffff80
core   0: 0x80000b60 (0x00008cbd) c.xor   s1, a5
core   0: 3 0x80000b60 (0x8cbd) x 9 0x800215e7
core   0: 0x80000b62 (0x0000960a) c.add   a2, sp
core   0: 3 0x80000b62 (0x960a) x12 0x800213b6
core   0: 0x80000b64 (0x03d547b3) div     a5, a0, t4
core   0: 3 0x80000b64 (0x03d547b3) x15 0xffffffff
core   0: 0x80000b68 (0x6854ae93) slti    t4, s1, 1669
core   0: 3 0x80000b68 (0x6854ae93) x29 0x00000001
core   0: 0x80000b6c (0x93dcc613) xori    a2, s9, -1731
core   0: 3 0x80000b6c (0x93dcc613) x12 0xfffff9c2
core   0: 0x80000b70 (0x00008a1a) c.mv    s4, t1
core   0: 3 0x80000b70 (0x8a1a) x20 0x00000000
core   0: 0x80000b72 (0x413a8c33) sub     s8, s5, s3
core   0: 3 0x80000b72 (0x413a8c33) x24 0x7ffdcfb8
core   0: 0x80000b76 (0x009e1133) sll     sp, t3, s1
core   0: 3 0x80000b76 (0x009e1133) x 2 0x00000000
core   0: 0x80000b7a (0x000010fd) c.addi  ra, -1
core   0: 3 0x80000b7a (0x10fd) x 1 0x80000b29
core   0: 0x80000b7c (0xac5c6c93) ori     s9, s8, -1339
core   0: 3 0x80000b7c (0xac5c6c93) x25 0xfffffffd
core   0: 0x80000b80 (0x00008f1d) c.sub   a4, a5
core   0: 3 0x80000b80 (0x8f1d) x14 0x00000001
core   0: 0x80000b82 (0x03cacdb3) div     s11, s5, t3
core   0: 3 0x80000b82 (0x03cacdb3) x27 0xffffffff
core   0: 0x80000b86 (0x03abe1b3) rem     gp, s7, s10
core   0: 3 0x80000b86 (0x03abe1b3) x 3 0xfffffffc
core   0: 0x80000b8a (0x1914252f) sc.w    a0, a7, (s0)
core   0: 3 0x80000b8a (0x1914252f) x10 0x00000000 mem 0x80023070 0x8000e15c
core   0: 0x80000b8e (0x01c2f433) and     s0, t0, t3
core   0: 3 0x80000b8e (0x01c2f433) x 8 0x00000000
core   0: 0x80000b92 (0x0314db63) bge     s1, a7, pc + 54
core   0: 3 0x80000b92 (0x0314db63)
core   0: 0x80000bc8 (0x02f2b0b3) mulhu   ra, t0, a5
core   0: 3 0x80000bc8 (0x02f2b0b3) x 1 0xffffff7f
core   0: 0x80000bcc (0x00008425) c.srai  s0, 9
core   0: 3 0x80000bcc (0x8425) x 8 0x00000000
core   0: 0x80000bce (0x0042ce63) blt     t0, tp, pc + 28
core   0: 3 0x80000bce (0x0042ce63)
core   0: 0x80000bea (0x0000137d) c.addi  t1, -1
core   0: 3 0x80000bea (0x137d) x 6 0xffffffff
core   0: 0x80000bec (0x03db87b3) mul     a5, s7, t4
core   0: 3 0x80000bec (0x03db87b3) x15 0xfffffe1c
core   0: 0x80000bf0 (0x01ff5a63) bge     t5, t6, pc + 20
core   0: 3 0x80000bf0 (0x01ff5a63)
core   0: 0x80000c04 (0x014bd313) srli    t1, s7, 20
core   0: 3 0x80000c04 (0x014bd313) x 6 0x00000fff
core   0: 0x80000c08 (0x00008f59) c.or    a4, a4
core   0: 3 0x80000c08 (0x8f59) x14 0x00000001
core   0: 0x80000c0a (0x00008f8d) c.sub   a5, a1
core   0: 3 0x80000c0a (0x8f8d) x15 0xfffffe1d
core   0: 0x80000c0c (0x000051fd) c.li    gp, -1
core   0: 3 0x80000c0c (0x51fd) x 3 0xffffffff
core   0: 0x80000c0e (0x0729ee13) ori     t3, s3, 114
core   0: 3 0x80000c0e (0x0729ee13) x28 0x8002307a
core   0: 0x80000c12 (0x00960b63) beq     a2, s1, pc + 22
core   0: 3 0x80000c12 (0x00960b63)
core   0: 0x80000c16 (0x03aa5263) bge     s4, s10, pc + 36
core   0: 3 0x80000c16 (0x03aa5263)
core   0: 0x80000c1a (0x000097da) c.add   a5, s6
core   0: 3 0x80000c1a (0x97da) x15 0xf2748e1c
core   0: 0x80000c1c (0x02189f33) mulh    t5, a7, ra
core   0: 3 0x80000c1c (0x02189f33) x30 0x00000040
core   0: 0x80000c20 (0x03eaf533) remu    a0, s5, t5
core   0: 3 0x80000c20 (0x03eaf533) x10 0x00000000
core   0: 0x80000c24 (0x01376133) or      sp, a4, s3
core   0: 3 0x80000c24 (0x01376133) x 2 0x80023049
core   0: 0x80000c28 (0x520bc993) xori    s3, s7, 1312
core   0: 3 0x80000c28 (0x520bc993) x19 0xfffffb3c
core   0: 0x80000c2c (0x02ae0eb3) mul     t4, t3, a0
core   0: 3 0x80000c2c (0x02ae0eb3) x29 0x00000000
core   0: 0x80000c30 (0x01711363) bne     sp, s7, pc + 6
core   0: 3 0x80000c30 (0x01711363)
core   0: 0x80000c36 (0x0000100f) fence.i
core   0: 3 0x80000c36 (0x0000100f)
core   0: 0x80000c3a (0x4d0d2b93) slti    s7, s10, 1232
core   0: 3 0x80000c3a (0x4d0d2b93) x23 0x00000001
core   0: 0x80000c3e (0x0007c463) bltz    a5, pc + 8
core   0: 3 0x80000c3e (0x0007c463)
core   0: 0x80000c46 (0x6da70893) addi    a7, a4, 1754
core   0: 3 0x80000c46 (0x6da70893) x17 0x000006db
core   0: 0x80000c4a (0x017a3cb3) sltu    s9, s4, s7
core   0: 3 0x80000c4a (0x017a3cb3) x25 0x00000001
core   0: 0x80000c4e (0x00008e45) c.or    a2, s1
core   0: 3 0x80000c4e (0x8e45) x12 0xfffffde7
core   0: 0x80000c50 (0x03d7cbb3) div     s7, a5, t4
core   0: 3 0x80000c50 (0x03d7cbb3) x23 0xffffffff
core   0: 0x80000c54 (0x01dbf363) bgeu    s7, t4, pc + 6
core   0: 3 0x80000c54 (0x01dbf363)
core   0: 0x80000c5a (0x0000119c) c.addi4spn a5, sp, 224
core   0: 3 0x80000c5a (0x119c) x15 0x80023129
core   0: 0x80000c5c (0x3d602713) slti    a4, zero, 982
core   0: 3 0x80000c5c (0x3d602713) x14 0x00000001
core   0: 0x80000c60 (0x00008dd1) c.or    a1, a2
core   0: 3 0x80000c60 (0x8dd1) x11 0xffffffff
core   0: 0x80000c62 (0x00001d08) c.addi4spn a0, sp, 688
core   0: 3 0x80000c62 (0x1d08) x10 0x800232f9
core   0: 0x80000c64 (0x03c8b633) mulhu   a2, a7, t3
core   0: 3 0x80000c64 (0x03c8b633) x12 0x0000036d
core   0: 0x80000c68 (0x00000001) c.nop
core   0: 3 0x80000c68 (0x0001)
core   0: 0x80000c6a (0x00008fd9) c.or    a5, a4
core   0: 3 0x80000c6a (0x8fd9) x15 0x80023129
core   0: 0x80000c6c (0x015dda33) srl     s4, s11, s5
core   0: 3 0x80000c6c (0x015dda33) x20 0xffffffff
core   0: 0x80000c70 (0x00004725) c.li    a4, 9
core   0: 3 0x80000c70 (0x4725) x14 0x00000009
core   0: 0x80000c72 (0x003938b3) sltu    a7, s2, gp
core   0: 3 0x80000c72 (0x003938b3) x17 0x00000001
core   0: 0x80000c76 (0x661d8a13) addi    s4, s11, 1633
core   0: 3 0x80000c76 (0x661d8a13) x20 0x00000660
core   0: 0x80000c7a (0x0ff0000f) fence   iorw,iorw
core   0: 3 0x80000c7a (0x0ff0000f)
core   0: 0x80000c7e (0x036835b3) mulhu   a1, a6, s6
core   0: 3 0x80000c7e (0x036835b3) x11 0x793ca4ca
core   0: 0x80000c82 (0x0000849e) c.mv    s1, t2
core   0: 3 0x80000c82 (0x849e) x 9 0x00000000
core   0: 0x80000c84 (0x0390cd33) div     s10, ra, s9
core   0: 3 0x80000c84 (0x0390cd33) x26 0xffffff7f
core   0: 0x80000c88 (0x0000c08d) c.beqz  s1, pc + 34
core   0: 3 0x80000c88 (0xc08d)
core   0: 0x80000caa (0x25943d13) sltiu   s10, s0, 601
core   0: 3 0x80000caa (0x25943d13) x26 0x00000001
core   0: 0x80000cae (0x00008fb5) c.xor   a5, a3
core   0: 3 0x80000cae (0x8fb5) x15 0x00008c0d
core   0: 0x80000cb0 (0x47d3ba13) sltiu   s4, t2, 1149
core   0: 3 0x80000cb0 (0x47d3ba13) x20 0x00000001
core   0: 0x80000cb4 (0x02ac8d63) beq     s9, a0, pc + 58
core   0: 3 0x80000cb4 (0x02ac8d63)
core   0: 0x80000cb8 (0x00009da6) c.add   s11, s1
core   0: 3 0x80000cb8 (0x9da6) x27 0xffffffff
core   0: 0x80000cba (0x00008fa1) c.xor   a5, s0
core   0: 3 0x80000cba (0x8fa1) x15 0x00008c0d
core   0: 0x80000cbc (0x00008fb1) c.xor   a5, a2
core   0: 3 0x80000cbc (0x8fb1) x15 0x00008f60
core   0: 0x80000cbe (0x00d1d333) srl     t1, gp, a3
core   0: 3 0x80000cbe (0x00d1d333) x 6 0x0fffffff
core   0: 0x80000cc2 (0x024c5063) bge     s8, tp, pc + 32
core   0: 3 0x80000cc2 (0x024c5063)
core   0: 0x80000ce2 (0x01a76bb3) or      s7, a4, s10
core   0: 3 0x80000ce2 (0x01a76bb3) x23 0x00000009
core   0: 0x80000ce6 (0x00008459) c.srai  s0, 22
core   0: 3 0x80000ce6 (0x8459) x 8 0x00000000
core   0: 0x80000ce8 (0x000089b2) c.mv    s3, a2
core   0: 3 0x80000ce8 (0x89b2) x19 0x0000036d
core   0: 0x80000cea (0x414089b3) sub     s3, ra, s4
core   0: 3 0x80000cea (0x414089b3) x19 0xffffff7e
core   0: 0x80000cee (0x00006655) c.lui   a2, 0x15
core   0: 3 0x80000cee (0x6655) x12 0x00015000
core   0: 0x80000cf0 (0x00765533) srl     a0, a2, t2
core   0: 3 0x80000cf0 (0x00765533) x10 0x00015000
core   0: 0x80000cf4 (0x010501b3) add     gp, a0, a6
core   0: 3 0x80000cf4 (0x010501b3) x 3 0x8003ce94
core   0: 0x80000cf8 (0x41085513) srai    a0, a6, 16
core   0: 3 0x80000cf8 (0x41085513) x10 0xffff8002
core   0: 0x80000cfc (0x01f8fab3) and     s5, a7, t6
core   0: 3 0x80000cfc (0x01f8fab3) x21 0x00000000
core   0: 0x80000d00 (0x40295733) sra     a4, s2, sp
core   0: 3 0x80000d00 (0x40295733) x14 0xffc000c3
core   0: 0x80000d04 (0x00008d11) c.sub   a0, a2
core   0: 3 0x80000d04 (0x8d11) x10 0xfffe3002
core   0: 0x80000d06 (0x00000001) c.nop
core   0: 3 0x80000d06 (0x0001)
core   0: 0x80000d08 (0x00000484) c.addi4spn s1, sp, 576
core   0: 3 0x80000d08 (0x0484) x 9 0x80023289
core   0: 0x80000d0a (0xcc753193) sltiu   gp, a0, -825
core   0: 3 0x80000d0a (0xcc753193) x 3 0x00000001
core   0: 0x80000d0e (0x02ae9db3) mulh    s11, t4, a0
core   0: 3 0x80000d0e (0x02ae9db3) x27 0x00000000
core   0: 0x80000d12 (0x00008209) c.srli  a2, 2
core   0: 3 0x80000d12 (0x8209) x12 0x00005400
core   0: 0x80000d14 (0x806e2d13) slti    s10, t3, -2042
core   0: 3 0x80000d14 (0x806e2d13) x26 0x00000001
core   0: 0x80000d18 (0x03055d63) bge     a0, a6, pc + 58
core   0: 3 0x80000d18 (0x03055d63)
core   0: 0x80000d52 (0x40f58033) sub     zero, a1, a5
core   0: 3 0x80000d52 (0x40f58033)
core   0: 0x80000d56 (0x027308b3) mul     a7, t1, t2
core   0: 3 0x80000d56 (0x027308b3) x17 0x00000000
core   0: 0x80000d5a (0xff69f493) andi    s1, s3, -10
core   0: 3 0x80000d5a (0xff69f493) x 9 0xffffff76
core   0: 0x80000d5e (0x165dff13) andi    t5, s11, 357
core   0: 3 0x80000d5e (0x165dff13) x30 0x00000000
core   0: 0x80000d62 (0x000051fd) c.li    gp, -1
core   0: 3 0x80000d62 (0x51fd) x 3 0xffffffff
core   0: 0x80000d64 (0x016ae1b3) or      gp, s5, s6
core   0: 3 0x80000d64 (0x016ae1b3) x 3 0xf2748fff
core   0: 0x80000d68 (0x00f60533) add     a0, a2, a5
core   0: 3 0x80000d68 (0x00f60533) x10 0x0000e360
core   0: 0x80000d6c (0x01554863) blt     a0, s5, pc + 16
core   0: 3 0x80000d6c (0x01554863)
core   0: 0x80000d70 (0x7fb03113) sltiu   sp, zero, 2043
core   0: 3 0x80000d70 (0x7fb03113) x 2 0x00000001
core   0: 0x80000d74 (0x00008196) c.mv    gp, t0
core   0: 3 0x80000d74 (0x8196) x 3 0xffffff80
core   0: 0x80000d76 (0x01249333) sll     t1, s1, s2
core   0: 3 0x80000d76 (0x01249333) x 6 0xfffff760
core   0: 0x80000d7a (0x00000001) c.nop
core   0: 3 0x80000d7a (0x0001)
core   0: 0x80000d7c (0x6d1c7f13) andi    t5, s8, 1745
core   0: 3 0x80000d7c (0x6d1c7f13) x30 0x00000690
core   0: 0x80000d80 (0x0000c805) c.beqz  s0, pc + 48
core   0: 3 0x80000d80 (0xc805)
core   0: 0x80000db0 (0x4f837413) andi    s0, t1, 1272
core   0: 3 0x80000db0 (0x4f837413) x 8 0x00000460
core   0: 0x80000db4 (0x0000717d) c.addi16sp sp, -16
core   0: 3 0x80000db4 (0x717d) x 2 0xfffffff1
core   0: 0x80000db6 (0xd431bf93) sltiu   t6, gp, -701
core   0: 3 0x80000db6 (0xd431bf93) x31 0x00000000
core   0: 0x80000dba (0x001d62b3) or      t0, s10, ra
core   0: 3 0x80000dba (0x001d62b3) x 5 0xffffff7f
core   0: 0x80000dbe (0x0000717d) c.addi16sp sp, -16
core   0: 3 0x80000dbe (0x717d) x 2 0xffffffe1
core   0: 0x80000dc0 (0x0ff0000f) fence   iorw,iorw
core   0: 3 0x80000dc0 (0x0ff0000f)
core   0: 0x80000dc4 (0x03ca2f33) mulhsu  t5, s4, t3
core   0: 3 0x80000dc4 (0x03ca2f33) x30 0x00000000
core   0: 0x80000dc8 (0x01c28eb3) add     t4, t0, t3
core   0: 3 0x80000dc8 (0x01c28eb3) x29 0x80022ff9
core   0: 0x80000dcc (0x0282e7b3) rem     a5, t0, s0
core   0: 3 0x80000dcc (0x0282e7b3) x15 0xffffff7f
core   0: 0x80000dd0 (0x00008a79) c.andi  a2, 30
core   0: 3 0x80000dd0 (0x8a79) x12 0x00000000
core   0: 0x80000dd2 (0x000085cd) c.srai  a1, 19
core   0: 3 0x80000dd2 (0x85cd) x11 0x00000f27
core   0: 0x80000dd4 (0x0ff0000f) fence   iorw,iorw
core   0: 3 0x80000dd4 (0x0ff0000f)
core   0: 0x80000dd8 (0x02090eb3) mul     t4, s2, zero
core   0: 3 0x80000dd8 (0x02090eb3) x29 0x00000000
core   0: 0x80000ddc (0x01e81993) slli    s3, a6, 30
core   0: 3 0x80000ddc (0x01e81993) x19 0x00000000
core   0: 0x80000de0 (0xa66cb893) sltiu   a7, s9, -1434
core   0: 3 0x80000de0 (0xa66cb893) x17 0x00000001
core   0: 0x80000de4 (0x00482083) lw      ra, 4(a6)
core   0: 3 0x80000de4 (0x00482083) x 1 0x800006b0 mem 0x80027e98
core   0: 0x80000de8 (0x00000841) c.addi  a6, 16
core   0: 3 0x80000de8 (0x0841) x16 0x80027ea4
core   0: 0x80000dea (0x00008c19) c.sub   s0, a4
core   0: 3 0x80000dea (0x8c19) x 8 0x0040039d
core   0: 0x80000dec (0x02daffb3) remu    t6, s5, a3
core   0: 3 0x80000dec (0x02daffb3) x31 0x00000000
core   0: 0x80000df0 (0x020e99b3) mulh    s3, t4, zero
core   0: 3 0x80000df0 (0x020e99b3) x19 0x00000000
core   0: 0x80000df4 (0x00008fe9) c.and   a5, a0
core   0: 3 0x80000df4 (0x8fe9) x15 0x0000e360
core   0: 0x80000df6 (0x7376c137) lui     sp, 0x7376c
core   0: 3 0x80000df6 (0x7376c137) x 2 0x7376c000
core   0: 0x80000dfa (0x000065cd) c.lui   a1, 0x13
core   0: 3 0x80000dfa (0x65cd) x11 0x00013000
core   0: 0x80000dfc (0x00931ab3) sll     s5, t1, s1
core   0: 3 0x80000dfc (0x00931ab3) x21 0xd8000000
core   0: 0x80000e00 (0x40d0d193) srai    gp, ra, 13
core   0: 3 0x80000e00 (0x40d0d193) x 3 0xfffc0000
core   0: 0x80000e04 (0x00008313) mv      t1, ra
core   0: 3 0x80000e04 (0x00008313) x 6 0x800006b0
core   0: 0x80000e08 (0x00030367) jalr    t1, t1, 0
core   0: 3 0x80000e08 (0x00030367) x 6 0x80000e0c
core   0: 0x800006b0 (0x031c0163) beq     s8, a7, pc + 34
core   0: 3 0x800006b0 (0x031c0163)
core   0: 0x800006b4 (0x03ab1463) bne     s6, s10, pc + 40
core   0: 3 0x800006b4 (0x03ab1463)
core   0: 0x800006dc (0x0260c9b3) div     s3, ra, t1
core   0: 3 0x800006dc (0x0260c9b3) x19 0x00000001
core   0: 0x800006e0 (0x01e97c33) and     s8, s2, t5
core   0: 3 0x800006e0 (0x01e97c33) x24 0x00000000
core   0: 0x800006e4 (0x0ff0000f) fence   iorw,iorw
core   0: 3 0x800006e4 (0x0ff0000f)
core   0: 0x800006e8 (0x0000c185) c.beqz  a1, pc + 32
core   0: 3 0x800006e8 (0xc185)
core   0: 0x800006ea (0x00dfa4b3) slt     s1, t6, a3
core   0: 3 0x800006ea (0x00dfa4b3) x 9 0x00000000
core   0: 0x800006ee (0x000007ad) c.addi  a5, 11
core   0: 3 0x800006ee (0x07ad) x15 0x0000e36b
core   0: 0x800006f0 (0x00001e9c) c.addi4spn a5, sp, 880
core   0: 3 0x800006f0 (0x1e9c) x15 0x7376c370
core   0: 0x800006f2 (0x00008a12) c.mv    s4, tp
core   0: 3 0x800006f2 (0x8a12) x20 0x0000000f
core   0: 0x800006f4 (0x03bc8e33) mul     t3, s9, s11
core   0: 3 0x800006f4 (0x03bc8e33) x28 0x00000000
core   0: 0x800006f8 (0x00008da1) c.xor   a1, s0
core   0: 3 0x800006f8 (0x8da1) x11 0x0041339d
core   0: 0x800006fa (0x01d7a5b3) slt     a1, a5, t4
core   0: 3 0x800006fa (0x01d7a5b3) x11 0x00000000
core   0: 0x800006fe (0x000083f9) c.srli  a5, 30
core   0: 3 0x800006fe (0x83f9) x15 0x00000001
core   0: 0x80000700 (0x03a70863) beq     a4, s10, pc + 48
core   0: 3 0x80000700 (0x03a70863)
core   0: 0x80000704 (0x03c98c63) beq     s3, t3, pc + 56
core   0: 3 0x80000704 (0x03c98c63)
core   0: 0x80000708 (0x01f0de63) bge     ra, t6, pc + 28
core   0: 3 0x80000708 (0x01f0de63)
core   0: 0x8000070c (0x003107b3) add     a5, sp, gp
core   0: 3 0x8000070c (0x003107b3) x15 0x7372c000
core   0: 0x80000710 (0x02aa6463) bltu    s4, a0, pc + 40
core   0: 3 0x80000710 (0x02aa6463)
core   0: 0x80000738 (0x00009336) c.add   t1, a3
core   0: 3 0x80000738 (0x9336) x 6 0x0002cb30
core   0: 0x8000073a (0x00000184) c.addi4spn s1, sp, 192
core   0: 3 0x8000073a (0x0184) x 9 0x7376c0c0
core   0: 0x8000073c (0x00008a15) c.andi  a2, 5
core   0: 3 0x8000073c (0x8a15) x12 0x00000000
core   0: 0x8000073e (0xdd037513) andi    a0, t1, -560
core   0: 3 0x8000073e (0xdd037513) x10 0x0002c910
core   0: 0x80000742 (0x01bedcb3) srl     s9, t4, s11
core   0: 3 0x80000742 (0x01bedcb3) x25 0x00000000
core   0: 0x80000746 (0x00008339) c.srli  a4, 14
core   0: 3 0x80000746 (0x8339) x14 0x0003ff00
core   0: 0x80000748 (0x034ce4b3) rem     s1, s9, s4
core   0: 3 0x80000748 (0x034ce4b3) x 9 0x00000000
core   0: 0x8000074c (0x00008a2e) c.mv    s4, a1
core   0: 3 0x8000074c (0x8a2e) x20 0x00000000
core   0: 0x8000074e (0x4178d4b3) sra     s1, a7, s7
core   0: 3 0x8000074e (0x4178d4b3) x 9 0x00000000
core   0: 0x80000752 (0x41505bb3) sra     s7, zero, s5
core   0: 3 0x80000752 (0x41505bb3) x23 0x00000000
core   0: 0x80000756 (0x03218033) mul     zero, gp, s2
core   0: 3 0x80000756 (0x03218033)
core   0: 0x8000075a (0x033cd733) divu    a4, s9, s3
core   0: 3 0x8000075a (0x033cd733) x14 0x00000000
core   0: 0x8000075e (0xae903f37) lui     t5, 0xae903
core   0: 3 0x8000075e (0xae903f37) x30 0xae903000
core   0: 0x80000762 (0x038692b3) mulh    t0, a3, s8
core   0: 3 0x80000762 (0x038692b3) x 5 0x00000000
core   0: 0x80000766 (0x00000001) c.nop
core   0: 3 0x80000766 (0x0001)
core   0: 0x80000768 (0x0ff0000f) fence   iorw,iorw
core   0: 3 0x80000768 (0x0ff0000f)
core   0: 0x8000076c (0x41e50a33) sub     s4, a0, t5
core   0: 3 0x8000076c (0x41e50a33) x20 0x51729910
core   0: 0x80000770 (0x00000001) c.nop
core   0: 3 0x80000770 (0x0001)
core   0: 0x80000772 (0x415f05b3) sub     a1, t5, s5
core   0: 3 0x80000772 (0x415f05b3) x11 0xd6903000
core   0: 0x80000776 (0x0000e1c1) c.bnez  a1, pc + 128
core   0: 3 0x80000776 (0xe1c1)
core   0: 0x800007f6 (0x0258f663) bgeu    a7, t0, pc + 44
core   0: 3 0x800007f6 (0x0258f663)
core   0: 0x80000822 (0x03638a33) mul     s4, t2, s6
core   0: 3 0x80000822 (0x03638a33) x20 0x00000000
core   0: 0x80000826 (0x03b11e33) mulh    t3, sp, s11
core   0: 3 0x80000826 (0x03b11e33) x28 0x00000000
core   0: 0x8000082a (0x00000001) c.nop
core   0: 3 0x8000082a (0x0001)
core   0: 0x8000082c (0x0062d793) srli    a5, t0, 6
core   0: 3 0x8000082c (0x0062d793) x15 0x00000000
core   0: 0x80000830 (0xf00e2413) slti    s0, t3, -256
core   0: 3 0x80000830 (0xf00e2413) x 8 0x00000000
core   0: 0x80000834 (0xfafce593) ori     a1, s9, -81
core   0: 3 0x80000834 (0xfafce593) x11 0xffffffaf
core   0: 0x80000838 (0x0143c8b3) xor     a7, t2, s4
core   0: 3 0x80000838 (0x0143c8b3) x17 0x00000000
core   0: 0x8000083c (0x026c8033) mul     zero, s9, t1
core   0: 3 0x8000083c (0x026c8033)
core   0: 0x80000840 (0x02d0e663) bltu    ra, a3, pc + 44
core   0: 3 0x80000840 (0x02d0e663)
core   0: 0x8000086c (0x5d7eb093) sltiu   ra, t4, 1495
core   0: 3 0x8000086c (0x5d7eb093) x 1 0x00000001
core   0: 0x80000870 (0x00008c29) c.xor   s0, a0
core   0: 3 0x80000870 (0x8c29) x 8 0x0002c910
core   0: 0x80000872 (0x00008dd9) c.or    a1, a4
core   0: 3 0x80000872 (0x8dd9) x11 0xffffffaf
core   0: 0x80000874 (0x00008e41) c.or    a2, s0
core   0: 3 0x80000874 (0x8e41) x12 0x0002c910
core   0: 0x80000876 (0x0000717d) c.addi16sp sp, -16
core   0: 3 0x80000876 (0x717d) x 2 0x7376bff0
core   0: 0x80000878 (0x6776d517) auipc   a0, 0x6776d
core   0: 3 0x80000878 (0x6776d517) x10 0xe776d878
core   0: 0x8000087c (0x00001318) c.addi4spn a4, sp, 416
core   0: 3 0x8000087c (0x1318) x14 0x7376c190
core   0: 0x8000087e (0x927b7a93) andi    s5, s6, -1753
core   0: 3 0x8000087e (0x927b7a93) x21 0xf2748927
core   0: 0x80000882 (0x025f1033) mulh    zero, t5, t0
core   0: 3 0x80000882 (0x025f1033)
core   0: 0x80000886 (0x00001f7d) c.addi  t5, -1
core   0: 3 0x80000886 (0x1f7d) x30 0xae902fff
core   0: 0x80000888 (0x000052fd) c.li    t0, -1
core   0: 3 0x80000888 (0x52fd) x 5 0xffffffff
core   0: 0x8000088a (0x00000a1e) c.slli  s4, 7
core   0: 3 0x8000088a (0x0a1e) x20 0x00000000
core   0: 0x8000088c (0x65598893) addi    a7, s3, 1621
core   0: 3 0x8000088c (0x65598893) x17 0x00000656
core   0: 0x80000890 (0x00006179) c.addi16sp sp, 464
core   0: 3 0x80000890 (0x6179) x 2 0x7376c1c0
core   0: 0x80000892 (0x418ddc93) srai    s9, s11, 24
core   0: 3 0x80000892 (0x418ddc93) x25 0x00000000
core   0: 0x80000896 (0x01a3d193) srli    gp, t2, 26
core   0: 3 0x80000896 (0x01a3d193) x 3 0x00000000
core   0: 0x8000089a (0x0000ce01) c.beqz  a2, pc + 24
core   0: 3 0x8000089a (0xce01)
core   0: 0x8000089c (0x0000100f) fence.i
core   0: 3 0x8000089c (0x0000100f)
core   0: 0x800008a0 (0x00006e91) c.lui   t4, 0x4
core   0: 3 0x800008a0 (0x6e91) x29 0x00004000
core   0: 0x800008a2 (0x033f8f33) mul     t5, t6, s3
core   0: 3 0x800008a2 (0x033f8f33) x30 0x00000000
core   0: 0x800008a6 (0x73973593) sltiu   a1, a4, 1849
core   0: 3 0x800008a6 (0x73973593) x11 0x00000000
core   0: 0x800008aa (0x4187dc33) sra     s8, a5, s8
core   0: 3 0x800008aa (0x4187dc33) x24 0x00000000
core   0: 0x800008ae (0x02dc8c33) mul     s8, s9, a3
core   0: 3 0x800008ae (0x02dc8c33) x24 0x00000000
core   0: 0x800008b2 (0x00000fc6) c.slli  t6, 17
core   0: 3 0x800008b2 (0x0fc6) x31 0x00000000
core   0: 0x800008b4 (0x41b5d413) srai    s0, a1, 27
core   0: 3 0x800008b4 (0x41b5d413) x 8 0x00000000
core   0: 0x800008b8 (0x0000829a) c.mv    t0, t1
core   0: 3 0x800008b8 (0x829a) x 5 0x0002cb30
core   0: 0x800008ba (0x9a2a0f93) addi    t6, s4, -1630
core   0: 3 0x800008ba (0x9a2a0f93) x31 0xfffff9a2
core   0: 0x800008be (0x012b8763) beq     s7, s2, pc + 14
core   0: 3 0x800008be (0x012b8763)
core   0: 0x800008c2 (0x0000100f) fence.i
core   0: 3 0x800008c2 (0x0000100f)
core   0: 0x800008c6 (0x0000935e) c.add   t1, s7
core   0: 3 0x800008c6 (0x935e) x 6 0x0002cb30
core   0: 0x800008c8 (0x0000ea15) c.bnez  a2, pc + 52
core   0: 3 0x800008c8 (0xea15)
core   0: 0x800008fc (0x0000858d) c.srai  a1, 3
core   0: 3 0x800008fc (0x858d) x11 0x00000000
core   0: 0x800008fe (0x1ac9c513) xori    a0, s3, 428
core   0: 3 0x800008fe (0x1ac9c513) x10 0x000001ad
core   0: 0x80000902 (0x0000100f) fence.i
core   0: 3 0x80000902 (0x0000100f)
core   0: 0x80000906 (0x403650b3) sra     ra, a2, gp
core   0: 3 0x80000906 (0x403650b3) x 1 0x0002c910
core   0: 0x8000090a (0x00008d71) c.and   a0, a2
core   0: 3 0x8000090a (0x8d71) x10 0x00000100
core   0: 0x8000090c (0x003fd333) srl     t1, t6, gp
core   0: 3 0x8000090c (0x003fd333) x 6 0xfffff9a2
core   0: 0x80000910 (0x030bef63) bltu    s7, a6, pc + 62
core   0: 3 0x80000910 (0x030bef63)
core   0: 0x8000094e (0x01a95793) srli    a5, s2, 26
core   0: 3 0x8000094e (0x01a95793) x15 0x00000020
core   0: 0x80000952 (0x0000717d) c.addi16sp sp, -16
core   0: 3 0x80000952 (0x717d) x 2 0x7376c1b0
core   0: 0x80000954 (0x00000001) c.nop
core   0: 3 0x80000954 (0x0001)
core   0: 0x80000956 (0x023dd433) divu    s0, s11, gp
core   0: 3 0x80000956 (0x023dd433) x 8 0xffffffff
core   0: 0x8000095a (0x02a904b3) mul     s1, s2, a0
core   0: 3 0x8000095a (0x02a904b3) x 9 0x01868400
core   0: 0x8000095e (0x00000001) c.nop
core   0: 3 0x8000095e (0x0001)
core   0: 0x80000960 (0x41fddc93) srai    s9, s11, 31
core   0: 3 0x80000960 (0x41fddc93) x25 0x00000000
core   0: 0x80000964 (0x00008665) c.srai  a2, 25
core   0: 3 0x80000964 (0x8665) x12 0x00000000
core   0: 0x80000966 (0x00cc1993) slli    s3, s8, 12
core   0: 3 0x80000966 (0x00cc1993) x19 0x00000000
core   0: 0x8000096a (0x41eb0db3) sub     s11, s6, t5
core   0: 3 0x8000096a (0x41eb0db3) x27 0xf2748fff
core   0: 0x8000096e (0x01f69f33) sll     t5, a3, t6
core   0: 3 0x8000096e (0x01f69f33) x30 0x000af490
core   0: 0x80000972 (0x443cfe93) andi    t4, s9, 1091
core   0: 3 0x80000972 (0x443cfe93) x29 0x00000000
core   0: 0x80000976 (0x03d48733) mul     a4, s1, t4
core   0: 3 0x80000976 (0x03d48733) x14 0x00000000
core   0: 0x8000097a (0x01cd5963) bge     s10, t3, pc + 18
core   0: 3 0x8000097a (0x01cd5963)
core   0: 0x8000098c (0x03205933) divu    s2, zero, s2
core   0: 3 0x8000098c (0x03205933) x18 0x00000000
core   0: 0x80000990 (0x0093e363) bltu    t2, s1, pc + 6
core   0: 3 0x80000990 (0x0093e363)
core   0: 0x80000996 (0x0000ec1d) c.bnez  s0, pc + 62
core   0: 3 0x80000996 (0xec1d)
core   0: 0x800009d4 (0x002a4fb3) xor     t6, s4, sp
core   0: 3 0x800009d4 (0x002a4fb3) x31 0x7376c1b0
core   0: 0x800009d8 (0x80a4ac93) slti    s9, s1, -2038
core   0: 3 0x800009d8 (0x80a4ac93) x25 0x00000000
core   0: 0x800009dc (0x0000ec9d) c.bnez  s1, pc + 62
core   0: 3 0x800009dc (0xec9d)
core   0: 0x80000a1a (0x00008e35) c.xor   a2, a3
core   0: 3 0x80000a1a (0x8e35) x12 0x8002bd24
core   0: 0x80000a1c (0x01ebfe33) and     t3, s7, t5
core   0: 3 0x80000a1c (0x01ebfe33) x28 0x00000000
core   0: 0x80000a20 (0x4053dd33) sra     s10, t2, t0
core   0: 3 0x80000a20 (0x4053dd33) x26 0x00000000
core   0: 0x80000a24 (0x03781eb3) mulh    t4, a6, s7
core   0: 3 0x80000a24 (0x03781eb3) x29 0x00000000
core   0: 0x80000a28 (0x00022c17) auipc   s8, 0x22
core   0: 3 0x80000a28 (0x00022c17) x24 0x80022a28
core   0: 0x80000a2c (0x654c0c13) addi    s8, s8, 1620
core   0: 3 0x80000a2c (0x654c0c13) x24 0x8002307c
core   0: 0x80000a30 (0x00000525) c.addi  a0, 9
core   0: 3 0x80000a30 (0x0525) x10 0x00000109
core   0: 0x80000a32 (0x02f9db33) divu    s6, s3, a5
core   0: 3 0x80000a32 (0x02f9db33) x22 0x00000000
core   0: 0x80000a36 (0x035da033) mulhsu  zero, s11, s5
core   0: 3 0x80000a36 (0x035da033)
core   0: 0x80000a3a (0x140c21af) lr.w    gp, (s8)
core   0: 3 0x80000a3a (0x140c21af) x 3 0x8000f01c mem 0x8002307c
core   0: 0x80000a3e (0x0010bcb3) sltu    s9, ra, ra
core   0: 3 0x80000a3e (0x0010bcb3) x25 0x00000000
core   0: 0x80000a42 (0x00008c69) c.and   s0, a0
core   0: 3 0x80000a42 (0x8c69) x 8 0x00000109
core   0: 0x80000a44 (0x01957433) and     s0, a0, s9
core   0: 3 0x80000a44 (0x01957433) x 8 0x00000000
core   0: 0x80000a48 (0x0000871e) c.mv    a4, t2
core   0: 3 0x80000a48 (0x871e) x14 0x00000000
core   0: 0x80000a4a (0x1c0c28af) sc.w    a7, zero, (s8)
core   0: 3 0x80000a4a (0x1c0c28af) x17 0x00000000 mem 0x8002307c 0x00000000
core   0: 0x80000a4e (0x00008dfd) c.and   a1, a5
core   0: 3 0x80000a4e (0x8dfd) x11 0x00000000
core   0: 0x80000a50 (0x0000ce01) c.beqz  a2, pc + 24
core   0: 3 0x80000a50 (0xce01)
core   0: 0x80000a52 (0x032757b3) divu    a5, a4, s2
core   0: 3 0x80000a52 (0x032757b3) x15 0xffffffff
core   0: 0x80000a56 (0x00008fca) c.mv    t6, s2
core   0: 3 0x80000a56 (0x8fca) x31 0x00000000
core   0: 0x80000a58 (0x01dc5c13) srli    s8, s8, 29
core   0: 3 0x80000a58 (0x01dc5c13) x24 0x00000004
core   0: 0x80000a5c (0x03b19433) mulh    s0, gp, s11
core   0: 3 0x80000a5c (0x03b19433) x 8 0x06c5ab4c
core   0: 0x80000a60 (0x00001d7d) c.addi  s10, -1
core   0: 3 0x80000a60 (0x1d7d) x26 0xffffffff
core   0: 0x80000a62 (0x000083b9) c.srli  a5, 14
core   0: 3 0x80000a62 (0x83b9) x15 0x0003ffff
core   0: 0x80000a64 (0x0011d1b3) srl     gp, gp, ra
core   0: 3 0x80000a64 (0x0011d1b3) x 3 0x00008000
core   0: 0x80000a68 (0x00ecc633) xor     a2, s9, a4
core   0: 3 0x80000a68 (0x00ecc633) x12 0x00000000
core   0: 0x80000a6c (0x02da8733) mul     a4, s5, a3
core   0: 3 0x80000a6c (0x02da8733) x14 0xb3f3147c
core   0: 0x80000a70 (0x0000e22d) c.bnez  a2, pc + 98
core   0: 3 0x80000a70 (0xe22d)
core   0: 0x80000a72 (0x00000fae) c.slli  t6, 11
core   0: 3 0x80000a72 (0x0fae) x31 0x00000000
core   0: 0x80000a74 (0x004b1533) sll     a0, s6, tp
core   0: 3 0x80000a74 (0x004b1533) x10 0x00000000
core   0: 0x80000a78 (0x0229e2b3) rem     t0, s3, sp
core   0: 3 0x80000a78 (0x0229e2b3) x 5 0x00000000
core   0: 0x80000a7c (0xd103c513) xori    a0, t2, -752
core   0: 3 0x80000a7c (0xd103c513) x10 0xfffffd10
core   0: 0x80000a80 (0x019bdb93) srli    s7, s7, 25
core   0: 3 0x80000a80 (0x019bdb93) x23 0x00000000
core   0: 0x80000a84 (0x00000001) c.nop
core   0: 3 0x80000a84 (0x0001)
core   0: 0x80000a86 (0x00b237b3) sltu    a5, tp, a1
core   0: 3 0x80000a86 (0x00b237b3) x15 0x00000000
core   0: 0x80000a8a (0x43ac0e17) auipc   t3, 0x43ac0
core   0: 3 0x80000a8a (0x43ac0e17) x28 0xc3ac0a8a
core   0: 0x80000a8e (0x033e74b3) remu    s1, t3, s3
core   0: 3 0x80000a8e (0x033e74b3) x 9 0xc3ac0a8a
core   0: 0x80000a92 (0x0000717d) c.addi16sp sp, -16
core   0: 3 0x80000a92 (0x717d) x 2 0x7376c1a0
core   0: 0x80000a94 (0x02e7f9b3) remu    s3, a5, a4
core   0: 3 0x80000a94 (0x02e7f9b3) x19 0x00000000
core   0: 0x80000a98 (0x02063733) mulhu   a4, a2, zero
core   0: 3 0x80000a98 (0x02063733) x14 0x00000000
core   0: 0x80000a9c (0x0ff0000f) fence   iorw,iorw
core   0: 3 0x80000a9c (0x0ff0000f)
core   0: 0x80000aa0 (0xa2f0a437) lui     s0, 0xa2f0a
core   0: 3 0x80000aa0 (0xa2f0a437) x 8 0xa2f0a000
core   0: 0x80000aa4 (0x00000997) auipc   s3, 0x0
core   0: 3 0x80000aa4 (0x00000997) x19 0x80000aa4
core   0: 0x80000aa8 (0x04698993) addi    s3, s3, 70
core   0: 3 0x80000aa8 (0x04698993) x19 0x80000aea
core   0: 0x80000aac (0xcd398993) addi    s3, s3, -813
core   0: 3 0x80000aac (0xcd398993) x19 0x800007bd
core   0: 0x80000ab0 (0x00000355) c.addi  t1, 21
core   0: 3 0x80000ab0 (0x0355) x 6 0xfffff9b7
core   0: 0x80000ab2 (0x94418213) addi    tp, gp, -1724
core   0: 3 0x80000ab2 (0x94418213) x 4 0x00007944
core   0: 0x80000ab6 (0x6e85f197) auipc   gp, 0x6e85f
core   0: 3 0x80000ab6 (0x6e85f197) x 3 0xee85fab6
core   0: 0x80000aba (0x0000928a) c.add   t0, sp
core   0: 3 0x80000aba (0x928a) x 5 0x7376c1a0
core   0: 0x80000abc (0x00d6e563) bltu    a3, a3, pc + 10
core   0: 3 0x80000abc (0x00d6e563)
core   0: 0x80000ac0 (0x00000c39) c.addi  s8, 14
core   0: 3 0x80000ac0 (0x0c39) x24 0x00000012
core   0: 0x80000ac2 (0x403a5333) sra     t1, s4, gp
core   0: 3 0x80000ac2 (0x403a5333) x 6 0x00000000
core   0: 0x80000ac6 (0x32e980e7) jalr    ra, s3, 814
core   0: 3 0x80000ac6 (0x32e980e7) x 1 0x80000aca
core   0: 0x80000aea (0x00001841) c.addi  a6, -16
core   0: 3 0x80000aea (0x1841) x16 0x80027e94
core   0: 0x80000aec (0x0000157d) c.addi  a0, -1
core   0: 3 0x80000aec (0x157d) x10 0xfffffd0f
core   0: 0x80000aee (0x030b0233) mul     tp, s6, a6
core   0: 3 0x80000aee (0x030b0233) x 4 0x00000000
core   0: 0x80000af2 (0x00182223) sw      ra, 4(a6)
core   0: 3 0x80000af2 (0x00182223) mem 0x80027e98 0x80000aca
core   0: 0x80000af6 (0x0ff0000f) fence   iorw,iorw
core   0: 3 0x80000af6 (0x0ff0000f)
core   0: 0x80000afa (0x02204233) div     tp, zero, sp
core   0: 3 0x80000afa (0x02204233) x 4 0x00000000
core   0: 0x80000afe (0x000048cd) c.li    a7, 19
core   0: 3 0x80000afe (0x48cd) x17 0x00000013
core   0: 0x80000b00 (0x00009476) c.add   s0, t4
core   0: 3 0x80000b00 (0x9476) x 8 0xa2f0a000
core   0: 0x80000b02 (0x000005e2) c.slli  a1, 24
core   0: 3 0x80000b02 (0x05e2) x11 0x00000000
core   0: 0x80000b04 (0x00008171) c.srli  a0, 28
core   0: 3 0x80000b04 (0x8171) x10 0x0000000f
core   0: 0x80000b06 (0x02c2fd33) remu    s10, t0, a2
core   0: 3 0x80000b06 (0x02c2fd33) x26 0x7376c1a0
core   0: 0x80000b0a (0xf894d1b7) lui     gp, 0xf894d
core   0: 3 0x80000b0a (0xf894d1b7) x 3 0xf894d000
core   0: 0x80000b0e (0x00009d97) auipc   s11, 0x9
core   0: 3 0x80000b0e (0x00009d97) x27 0x80009b0e
core   0: 0x80000b12 (0x178d8d93) addi    s11, s11, 376
core   0: 3 0x80000b12 (0x178d8d93) x27 0x80009c86
core   0: 0x80000b16 (0x0000028c) c.addi4spn a1, sp, 320
core   0: 3 0x80000b16 (0x028c) x11 0x7376c2e0
core   0: 0x80000b18 (0x00000d85) c.addi  s11, 1
core   0: 3 0x80000b18 (0x0d85) x27 0x80009c87
core   0: 0x80000b1a (0x00946763) bltu    s0, s1, pc + 14
core   0: 3 0x80000b1a (0x00946763)
core   0: 0x80000b28 (0x00009d82) c.jalr  s11
core   0: 3 0x80000b28 (0x9d82) x 1 0x80000b2a
core   0: 0x80009c86 (0x00008c91) c.sub   s1, a2
core   0: 3 0x80009c86 (0x8c91) x 9 0xc3ac0a8a
core   0: 0x80009c88 (0x036b59b3) divu    s3, s6, s6
core   0: 3 0x80009c88 (0x036b59b3) x19 0xffffffff
core   0: 0x80009c8c (0x00001821) c.addi  a6, -24
core   0: 3 0x80009c8c (0x1821) x16 0x80027e7c
core   0: 0x80009c8e (0x0003c233) xor     tp, t2, zero
core   0: 3 0x80009c8e (0x0003c233) x 4 0x00000000
core   0: 0x80009c92 (0x024569b3) rem     s3, a0, tp
core   0: 3 0x80009c92 (0x024569b3) x19 0x0000000f
core   0: 0x80009c96 (0x00000001) c.nop
core   0: 3 0x80009c96 (0x0001)
core   0: 0x80009c98 (0x00182223) sw      ra, 4(a6)
core   0: 3 0x80009c98 (0x00182223) mem 0x80027e80 0x80000b2a
core   0: 0x80009c9c (0xe411a313) slti    t1, gp, -447
core   0: 3 0x80009c9c (0xe411a313) x 6 0x00000001
core   0: 0x80009ca0 (0x7e9db413) sltiu   s0, s11, 2025
core   0: 3 0x80009ca0 (0x7e9db413) x 8 0x00000000
core   0: 0x80009ca4 (0x01f6d293) srli    t0, a3, 31
core   0: 3 0x80009ca4 (0x01f6d293) x 5 0x00000001
core   0: 0x80009ca8 (0x00019517) auipc   a0, 0x19
core   0: 3 0x80009ca8 (0x00019517) x10 0x80022ca8
core   0: 0x80009cac (0x3dc50513) addi    a0, a0, 988
core   0: 3 0x80009cac (0x3dc50513) x10 0x80023084
core   0: 0x80009cb0 (0x00019c97) auipc   s9, 0x19
core   0: 3 0x80009cb0 (0x00019c97) x25 0x80022cb0
core   0: 0x80009cb4 (0x3ccc8c93) addi    s9, s9, 972
core   0: 3 0x80009cb4 (0x3ccc8c93) x25 0x8002307c
core   0: 0x80009cb8 (0x046caaaf) amoadd.w s5, t1, (s9)
core   0: 3 0x80009cb8 (0x046caaaf) x21 0x00000000 mem 0x8002307c mem 0x8002307c 0x00000001
core   0: 0x80009cbc (0x0168c0b3) xor     ra, a7, s6
core   0: 3 0x80009cbc (0x0168c0b3) x 1 0x00000013
core   0: 0x80009cc0 (0x025528af) amoadd.w a7, t0, (a0)
core   0: 3 0x80009cc0 (0x025528af) x17 0x00000201 mem 0x80023084 mem 0x80023084 0x00000202
core   0: 0x80009cc4 (0xe5352aaf) amomaxu.w s5, s3, (a0)
core   0: 3 0x80009cc4 (0xe5352aaf) x21 0x00000202 mem 0x80023084 mem 0x80023084 0x00000202
core   0: 0x80009cc8 (0x00019597) auipc   a1, 0x19
core   0: 3 0x80009cc8 (0x00019597) x11 0x80022cc8
core   0: 0x80009ccc (0x3b058593) addi    a1, a1, 944
core   0: 3 0x80009ccc (0x3b058593) x11 0x80023078
core   0: 0x80009cd0 (0x1205aa2f) lr.w    s4, (a1)
core   0: 3 0x80009cd0 (0x1205aa2f) x20 0x00005b33 mem 0x80023078
core   0: 0x80009cd4 (0x02bb0ab3) mul     s5, s6, a1
core   0: 3 0x80009cd4 (0x02bb0ab3) x21 0x00000000
core   0: 0x80009cd8 (0x00291613) slli    a2, s2, 2
core   0: 3 0x80009cd8 (0x00291613) x12 0x00000000
core   0: 0x80009cdc (0x1815a02f) sc.w    zero, ra, (a1)
core   0: 3 0x80009cdc (0x1815a02f) mem 0x80023078 0x00000013
core   0: 0x80009ce0 (0x00009c97) auipc   s9, 0x9
core   0: 3 0x80009ce0 (0x00009c97) x25 0x80012ce0
core   0: 0x80009ce4 (0x0e3c8c93) addi    s9, s9, 227
core   0: 3 0x80009ce4 (0x0e3c8c93) x25 0x80012dc3
core   0: 0x80009ce8 (0x00009497) auipc   s1, 0x9
core   0: 3 0x80009ce8 (0x00009497) x 9 0x80012ce8
core   0: 0x80009cec (0xb3f48493) addi    s1, s1, -1217
core   0: 3 0x80009cec (0xb3f48493) x 9 0x80012827
core   0: 0x80009cf0 (0xf3acce83) lbu     t4, -198(s9)
core   0: 3 0x80009cf0 (0xf3acce83) x29 0x0000007b mem 0x80012cfd
core   0: 0x80009cf4 (0xffa48223) sb      s10, -28(s1)
core   0: 3 0x80009cf4 (0xffa48223) mem 0x8001280b 0xa0
core   0: 0x80009cf8 (0x00008b97) auipc   s7, 0x8
core   0: 3 0x80009cf8 (0x00008b97) x23 0x80011cf8
core   0: 0x80009cfc (0x71eb8b93) addi    s7, s7, 1822
core   0: 3 0x80009cfc (0x71eb8b93) x23 0x80012416
core   0: 0x80009d00 (0x054c8223) sb      s4, 68(s9)
core   0: 3 0x80009d00 (0x054c8223) mem 0x80012e07 0x33
core   0: 0x80009d04 (0xf0248503) lb      a0, -254(s1)
core   0: 3 0x80009d04 (0xf0248503) x10 0xffffffee mem 0x80012729
core   0: 0x80009d08 (0xf6ec8023) sb      a4, -160(s9)
core   0: 3 0x80009d08 (0xf6ec8023) mem 0x80012d23 0x0
core   0: 0x80009d0c (0x01fb8303) lb      t1, 31(s7)
core   0: 3 0x80009d0c (0x01fb8303) x 6 0x0000005d mem 0x80012435
core   0: 0x80009d10 (0x014b84a3) sb      s4, 9(s7)
core   0: 3 0x80009d10 (0x014b84a3) mem 0x8001241f 0x33
core   0: 0x80009d14 (0xf8dc9503) lh      a0, -115(s9)
core   0: 3 0x80009d14 (0xf8dc9503) x10 0xffff80a4 mem 0x80012d50
core   0: 0x80009d18 (0x00bb9c23) sh      a1, 24(s7)
core   0: 3 0x80009d18 (0x00bb9c23) mem 0x8001242e 0x3078
core   0: 0x80009d1c (0xf1dcc183) lbu     gp, -227(s9)
core   0: 3 0x80009d1c (0xf1dcc183) x 3 0x0000000c mem 0x80012ce0
core   0: 0x80009d20 (0xf634dc03) lhu     s8, -157(s1)
core   0: 3 0x80009d20 (0xf634dc03) x24 0x0000fe76 mem 0x8001278a
core   0: 0x80009d24 (0x00848723) sb      s0, 14(s1)
core   0: 3 0x80009d24 (0x00848723) mem 0x80012835 0x0
core   0: 0x80009d28 (0xfebbc083) lbu     ra, -21(s7)
core   0: 3 0x80009d28 (0xfebbc083) x 1 0x000000d8 mem 0x80012401
core   0: 0x80009d2c (0xf91c8103) lb      sp, -111(s9)
core   0: 3 0x80009d2c (0xf91c8103) x 2 0xffffffb2 mem 0x80012d54
core   0: 0x80009d30 (0x032491a3) sh      s2, 35(s1)
core   0: 3 0x80009d30 (0x032491a3) mem 0x8001284a 0x0000
core   0: 0x80009d34 (0xf41ccf03) lbu     t5, -191(s9)
core   0: 3 0x80009d34 (0xf41ccf03) x30 0x0000008e mem 0x80012d04
core   0: 0x80009d38 (0x01cb8ba3) sb      t3, 23(s7)
core   0: 3 0x80009d38 (0x01cb8ba3) mem 0x8001242d 0x8a
core   0: 0x80009d3c (0xf50c8c03) lb      s8, -176(s9)
core   0: 3 0x80009d3c (0xf50c8c03) x24 0x00000025 mem 0x80012d13
core   0: 0x80009d40 (0x0000576d) c.li    a4, -5
core   0: 3 0x80009d40 (0x576d) x14 0xfffffffb
core   0: 0x80009d42 (0x00b07f33) and     t5, zero, a1
core   0: 3 0x80009d42 (0x00b07f33) x30 0x00000000
core   0: 0x80009d46 (0x02f6eeb3) rem     t4, a3, a5
core   0: 3 0x80009d46 (0x02f6eeb3) x29 0x8002bd24
core   0: 0x80009d4a (0xc81da893) slti    a7, s11, -895
core   0: 3 0x80009d4a (0xc81da893) x17 0x00000001
core   0: 0x80009d4e (0x00000001) c.nop
core   0: 3 0x80009d4e (0x0001)
core   0: 0x80009d50 (0x00008c2d) c.xor   s0, a1
core   0: 3 0x80009d50 (0x8c2d) x 8 0x80023078
core   0: 0x80009d52 (0x00008d2d) c.xor   a0, a1
core   0: 3 0x80009d52 (0x8d2d) x10 0x7ffdb0dc
core   0: 0x80009d54 (0x00000715) c.addi  a4, 5
core   0: 3 0x80009d54 (0x0715) x14 0x00000000
core   0: 0x80009d56 (0x40685b13) srai    s6, a6, 6
core   0: 3 0x80009d56 (0x40685b13) x22 0xfe0009f9
core   0: 0x80009d5a (0x0000df65) c.beqz  a4, pc - 8
core   0: 3 0x80009d5a (0xdf65)
core   0: 0x80009d52 (0x00008d2d) c.xor   a0, a1
core   0: 3 0x80009d52 (0x8d2d) x10 0xffff80a4
core   0: 0x80009d54 (0x00000715) c.addi  a4, 5
core   0: 3 0x80009d54 (0x0715) x14 0x00000005
core   0: 0x80009d56 (0x40685b13) srai    s6, a6, 6
core   0: 3 0x80009d56 (0x40685b13) x22 0xfe0009f9
core   0: 0x80009d5a (0x0000df65) c.beqz  a4, pc - 8
core   0: 3 0x80009d5a (0xdf65)
core   0: 0x80009d5c (0x0314ee33) rem     t3, s1, a7
core   0: 3 0x80009d5c (0x0314ee33) x28 0x00000000
core   0: 0x80009d60 (0x00012117) auipc   sp, 0x12
core   0: 3 0x80009d60 (0x00012117) x 2 0x8001bd60
core   0: 0x80009d64 (0x6c510113) addi    sp, sp, 1733
core   0: 3 0x80009d64 (0x6c510113) x 2 0x8001c425
core   0: 0x80009d68 (0x00810523) sb      s0, 10(sp)
core   0: 3 0x80009d68 (0x00810523) mem 0x8001c42f 0x78
core   0: 0x80009d6c (0x04715583) lhu     a1, 71(sp)
core   0: 3 0x80009d6c (0x04715583) x11 0x00006a6a mem 0x8001c46c
core   0: 0x80009d70 (0xfc111fa3) sh      ra, -33(sp)
core   0: 3 0x80009d70 (0xfc111fa3) mem 0x8001c404 0x00d8
core   0: 0x80009d74 (0x0000067d) c.addi  a2, 31
core   0: 3 0x80009d74 (0x067d) x12 0x0000001f
core   0: 0x80009d76 (0x02810523) sb      s0, 42(sp)
core   0: 3 0x80009d76 (0x02810523) mem 0x8001c44f 0x78
core   0: 0x80009d7a (0x001450b3) srl     ra, s0, ra
core   0: 3 0x80009d7a (0x001450b3) x 1 0x00000080
core   0: 0x80009d7e (0x0df12583) lw      a1, 223(sp)
core   0: 3 0x80009d7e (0x0df12583) x11 0x279a3923 mem 0x8001c504
core   0: 0x80009d82 (0x008445b3) xor     a1, s0, s0
core   0: 3 0x80009d82 (0x008445b3) x11 0x00000000
core   0: 0x80009d86 (0x01610583) lb      a1, 22(sp)
core   0: 3 0x80009d86 (0x01610583) x11 0xffffff8a mem 0x8001c43b
core   0: 0x80009d8a (0x00000001) c.nop
core   0: 3 0x80009d8a (0x0001)
core   0: 0x80009d8c (0x001620b3) slt     ra, a2, ra
core   0: 3 0x80009d8c (0x001620b3) x 1 0x00000001
core   0: 0x80009d90 (0xfa312403) lw      s0, -93(sp)
core   0: 3 0x80009d90 (0xfa312403) x 8 0xd7c0ee53 mem 0x8001c3c8
core   0: 0x80009d94 (0x0ff0000f) fence   iorw,iorw
core   0: 3 0x80009d94 (0x0ff0000f)
core   0: 0x80009d98 (0x02a0a5b3) mulhsu  a1, ra, a0
core   0: 3 0x80009d98 (0x02a0a5b3) x11 0x00000000
core   0: 0x80009d9c (0xfe712583) lw      a1, -25(sp)
core   0: 3 0x80009d9c (0xfe712583) x11 0x9689213a mem 0x8001c40c
core   0: 0x80009da0 (0x2dc00c17) auipc   s8, 0x2dc00
core   0: 3 0x80009da0 (0x2dc00c17) x24 0xadc09da0
core   0: 0x80009da4 (0xfb8109a3) sb      s8, -77(sp)
core   0: 3 0x80009da4 (0xfb8109a3) mem 0x8001c3d8 0xa0
core   0: 0x80009da8 (0x02a0e5b3) rem     a1, ra, a0
core   0: 3 0x80009da8 (0x02a0e5b3) x11 0x00000001
core   0: 0x80009dac (0x40365093) srai    ra, a2, 3
core   0: 3 0x80009dac (0x40365093) x 1 0x00000003
core   0: 0x80009db0 (0x02c5d633) divu    a2, a1, a2
core   0: 3 0x80009db0 (0x02c5d633) x12 0x00000000
core   0: 0x80009db4 (0x021080b3) mul     ra, ra, ra
core   0: 3 0x80009db4 (0x021080b3) x 1 0x00000009
core   0: 0x80009db8 (0xa9743593) sltiu   a1, s0, -1385
core   0: 3 0x80009db8 (0xa9743593) x11 0x00000001
core   0: 0x80009dbc (0x0ff0000f) fence   iorw,iorw
core   0: 3 0x80009dbc (0x0ff0000f)
core   0: 0x80009dc0 (0x02410083) lb      ra, 36(sp)
core   0: 3 0x80009dc0 (0x02410083) x 1 0x00000013 mem 0x8001c449
core   0: 0x80009dc4 (0x0000862e) c.mv    a2, a1
core   0: 3 0x80009dc4 (0x862e) x12 0x00000001
core   0: 0x80009dc6 (0x08214603) lbu     a2, 130(sp)
core   0: 3 0x80009dc6 (0x08214603) x12 0x000000f8 mem 0x8001c4a7
core   0: 0x80009dca (0x00b110a3) sh      a1, 1(sp)
core   0: 3 0x80009dca (0x00b110a3) mem 0x8001c426 0x0001
core   0: 0x80009dce (0xae13c097) auipc   ra, 0xae13c
core   0: 3 0x80009dce (0xae13c097) x 1 0x2e145dce
core   0: 0x80009dd2 (0x0bf14c03) lbu     s8, 191(sp)
core   0: 3 0x80009dd2 (0x0bf14c03) x24 0x00000068 mem 0x8001c4e4
core   0: 0x80009dd6 (0x00f65513) srli    a0, a2, 15
core   0: 3 0x80009dd6 (0x00f65513) x10 0x00000000
core   0: 0x80009dda (0x05114403) lbu     s0, 81(sp)
core   0: 3 0x80009dda (0x05114403) x 8 0x00000057 mem 0x8001c476
core   0: 0x80009dde (0xfec10ba3) sb      a2, -9(sp)
core   0: 3 0x80009dde (0xfec10ba3) mem 0x8001c41c 0xf8
core   0: 0x80009de2 (0x04610403) lb      s0, 70(sp)
core   0: 3 0x80009de2 (0x04610403) x 8 0x00000023 mem 0x8001c46b
core   0: 0x80009de6 (0xfb8118a3) sh      s8, -79(sp)
core   0: 3 0x80009de6 (0xfb8118a3) mem 0x8001c3d6 0x0068
core   0: 0x80009dea (0x008000ef) jal     pc + 0x8
core   0: 3 0x80009dea (0x008000ef) x 1 0x80009dee
core   0: 0x80009df2 (0x00002829) c.jal   pc + 26
core   0: 3 0x80009df2 (0x2829) x 1 0x80009df4
core   0: 0x80009e0c (0x0000a031) c.j     pc + 12
core   0: 3 0x80009e0c (0xa031)
core   0: 0x80009e18 (0xfebff0ef) jal     pc - 0x16
core   0: 3 0x80009e18 (0xfebff0ef) x 1 0x80009e1c
core   0: 0x80009e02 (0xfffff36f) jal     t1, pc - 0x2
core   0: 3 0x80009e02 (0xfffff36f) x 6 0x80009e06
core   0: 0x80009e00 (0x0000a801) c.j     pc + 16
core   0: 3 0x80009e00 (0xa801)
core   0: 0x80009e10 (0x00003ffd) c.jal   pc - 2
core   0: 3 0x80009e10 (0x3ffd) x 1 0x80009e12
core   0: 0x80009e0e (0x000037f5) c.jal   pc - 20
core   0: 3 0x80009e0e (0x37f5) x 1 0x80009e10
core   0: 0x80009dfa (0x00002009) c.jal   pc + 2
core   0: 3 0x80009dfa (0x2009) x 1 0x80009dfc
core   0: 0x80009dfc (0x00a000ef) jal     pc + 0xa
core   0: 3 0x80009dfc (0x00a000ef) x 1 0x80009e00
core   0: 0x80009e06 (0x00002009) c.jal   pc + 2
core   0: 3 0x80009e06 (0x2009) x 1 0x80009e08
core   0: 0x80009e08 (0x00a000ef) jal     pc + 0xa
core   0: 3 0x80009e08 (0x00a000ef) x 1 0x80009e0c
core   0: 0x80009e12 (0x0000b7cd) c.j     pc - 30
core   0: 3 0x80009e12 (0xb7cd)
core   0: 0x80009df4 (0x0000bfed) c.j     pc - 6
core   0: 3 0x80009df4 (0xbfed)
core   0: 0x80009dee (0x0000a01d) c.j     pc + 38
core   0: 3 0x80009dee (0xa01d)
core   0: 0x80009e14 (0xfe3ff36f) jal     t1, pc - 0x1e
core   0: 3 0x80009e14 (0xfe3ff36f) x 6 0x80009e18
core   0: 0x80009df6 (0xffbff0ef) jal     pc - 0x6
core   0: 3 0x80009df6 (0xffbff0ef) x 1 0x80009dfa
core   0: 0x80009df0 (0x00002035) c.jal   pc + 44
core   0: 3 0x80009df0 (0x2035) x 1 0x80009df2
core   0: 0x80009e1c (0x0000100f) fence.i
core   0: 3 0x80009e1c (0x0000100f)
core   0: 0x80009e20 (0x00009117) auipc   sp, 0x9
core   0: 3 0x80009e20 (0x00009117) x 2 0x80012e20
core   0: 0x80009e24 (0xcd310113) addi    sp, sp, -813
core   0: 3 0x80009e24 (0xcd310113) x 2 0x80012af3
core   0: 0x80009e28 (0x00e14b03) lbu     s6, 14(sp)
core   0: 3 0x80009e28 (0x00e14b03) x22 0x000000ac mem 0x80012b01
core   0: 0x80009e2c (0x00008da9) c.xor   a1, a0
core   0: 3 0x80009e2c (0x8da9) x11 0x00000001
core   0: 0x80009e2e (0x00114e03) lbu     t3, 1(sp)
core   0: 3 0x80009e2e (0x00114e03) x28 0x00000072 mem 0x80012af4
core   0: 0x80009e32 (0xff211ea3) sh      s2, -3(sp)
core   0: 3 0x80009e32 (0xff211ea3) mem 0x80012af0 0x0000
core   0: 0x80009e36 (0x01810623) sb      s8, 12(sp)
core   0: 3 0x80009e36 (0x01810623) mem 0x80012aff 0x68
core   0: 0x80009e3a (0x00710083) lb      ra, 7(sp)
core   0: 3 0x80009e3a (0x00710083) x 1 0x0000001a mem 0x80012afa
core   0: 0x80009e3e (0xfe910f23) sb      s1, -2(sp)
core   0: 3 0x80009e3e (0xfe910f23) mem 0x80012af1 0x27
core   0: 0x80009e42 (0xffe10a83) lb      s5, -2(sp)
core   0: 3 0x80009e42 (0xffe10a83) x21 0x00000027 mem 0x80012af1
core   0: 0x80009e46 (0x00b15083) lhu     ra, 11(sp)
core   0: 3 0x80009e46 (0x00b15083) x 1 0x0000684e mem 0x80012afe
core   0: 0x80009e4a (0x00b15703) lhu     a4, 11(sp)
core   0: 3 0x80009e4a (0x00b15703) x14 0x0000684e mem 0x80012afe
core   0: 0x80009e4e (0xffb11ca3) sh      s11, -7(sp)
core   0: 3 0x80009e4e (0xffb11ca3) mem 0x80012aec 0x9c87
core   0: 0x80009e52 (0x011104a3) sb      a7, 9(sp)
core   0: 3 0x80009e52 (0x011104a3) mem 0x80012afc 0x1
core   0: 0x80009e56 (0xff411ba3) sh      s4, -9(sp)
core   0: 3 0x80009e56 (0xff411ba3) mem 0x80012aea 0x5b33
core   0: 0x80009e5a (0xff315a83) lhu     s5, -13(sp)
core   0: 3 0x80009e5a (0xff315a83) x21 0x00000026 mem 0x80012ae6
core   0: 0x80009e5e (0x00e14f03) lbu     t5, 14(sp)
core   0: 3 0x80009e5e (0x00e14f03) x30 0x000000ac mem 0x80012b01
core   0: 0x80009e62 (0x00e14783) lbu     a5, 14(sp)
core   0: 3 0x80009e62 (0x00e14783) x15 0x000000ac mem 0x80012b01
core   0: 0x80009e66 (0x00f14003) lbu     zero, 15(sp)
core   0: 3 0x80009e66 (0x00f14003) mem 0x80012b02
core   0: 0x80009e6a (0x00410523) sb      tp, 10(sp)
core   0: 3 0x80009e6a (0x00410523) mem 0x80012afd 0x0
core   0: 0x80009e6e (0x00a10283) lb      t0, 10(sp)
core   0: 3 0x80009e6e (0x00a10283) x 5 0x00000000 mem 0x80012afd
core   0: 0x80009e72 (0x00015897) auipc   a7, 0x15
core   0: 3 0x80009e72 (0x00015897) x17 0x8001ee72
core   0: 0x80009e76 (0xbb288893) addi    a7, a7, -1102
core   0: 3 0x80009e76 (0xbb288893) x17 0x8001ea24
core   0: 0x80009e7a (0xf1f8c583) lbu     a1, -225(a7)
core   0: 3 0x80009e7a (0xf1f8c583) x11 0x0000000f mem 0x8001e943
core   0: 0x80009e7e (0x0000d097) auipc   ra, 0xd
core   0: 3 0x80009e7e (0x0000d097) x 1 0x80016e7e
core   0: 0x80009e82 (0xfec08093) addi    ra, ra, -20
core   0: 3 0x80009e82 (0xfec08093) x 1 0x80016e6a
core   0: 0x80009e86 (0x018083a3) sb      s8, 7(ra)
core   0: 3 0x80009e86 (0x018083a3) mem 0x80016e71 0x68
core   0: 0x80009e8a (0xff60d583) lhu     a1, -10(ra)
core   0: 3 0x80009e8a (0xff60d583) x11 0x00005fae mem 0x80016e60
core   0: 0x80009e8e (0xff708903) lb      s2, -9(ra)
core   0: 3 0x80009e8e (0xff708903) x18 0x0000005f mem 0x80016e61
core   0: 0x80009e92 (0x0698c483) lbu     s1, 105(a7)
core   0: 3 0x80009e92 (0x0698c483) x 9 0x000000da mem 0x8001ea8d
core   0: 0x80009e96 (0xfb38c983) lbu     s3, -77(a7)
core   0: 3 0x80009e96 (0xfb38c983) x19 0x0000009e mem 0x8001e9d7
core   0: 0x80009e9a (0x06488e23) sb      tp, 124(a7)
core   0: 3 0x80009e9a (0x06488e23) mem 0x8001eaa0 0x0
core   0: 0x80009e9e (0x0100d603) lhu     a2, 16(ra)
core   0: 3 0x80009e9e (0x0100d603) x12 0x00008d93 mem 0x80016e7a
core   0: 0x80009ea2 (0x0b388ea3) sb      s3, 189(a7)
core   0: 3 0x80009ea2 (0x0b388ea3) mem 0x8001eae1 0x9e
core   0: 0x80009ea6 (0x01009703) lh      a4, 16(ra)
core   0: 3 0x80009ea6 (0x01009703) x14 0xffff8d93 mem 0x80016e7a
core   0: 0x80009eaa (0x0448aa83) lw      s5, 68(a7)
core   0: 3 0x80009eaa (0x0448aa83) x21 0x75f2f9aa mem 0x8001ea68
core   0: 0x80009eae (0xfe908ca3) sb      s1, -7(ra)
core   0: 3 0x80009eae (0xfe908ca3) mem 0x80016e63 0xda
core   0: 0x80009eb2 (0x00019297) auipc   t0, 0x19
core   0: 3 0x80009eb2 (0x00019297) x 5 0x80022eb2
core   0: 0x80009eb6 (0x1c228293) addi    t0, t0, 450
core   0: 3 0x80009eb6 (0x1c228293) x 5 0x80023074
core   0: 0x80009eba (0x013c78b3) and     a7, s8, s3
core   0: 3 0x80009eba (0x013c78b3) x17 0x00000008
core   0: 0x80009ebe (0x01ce5a33) srl     s4, t3, t3
core   0: 3 0x80009ebe (0x01ce5a33) x20 0x00000000
core   0: 0x80009ec2 (0x00008fc9) c.or    a5, a0
core   0: 3 0x80009ec2 (0x8fc9) x15 0x000000ac
core   0: 0x80009ec4 (0x00000001) c.nop
core   0: 3 0x80009ec4 (0x0001)
core   0: 0x80009ec6 (0x1402a62f) lr.w    a2, (t0)
core   0: 3 0x80009ec6 (0x1402a62f) x12 0x00000059 mem 0x80023074
core   0: 0x80009eca (0x01a14a33) xor     s4, sp, s10
core   0: 3 0x80009eca (0x01a14a33) x20 0xf377eb53
core   0: 0x80009ece (0x9e098a13) addi    s4, s3, -1568
core   0: 3 0x80009ece (0x9e098a13) x20 0xfffffa7e
core   0: 0x80009ed2 (0x01f22d33) slt     s10, tp, t6
core   0: 3 0x80009ed2 (0x01f22d33) x26 0x00000000
core   0: 0x80009ed6 (0x3c074913) xori    s2, a4, 960
core   0: 3 0x80009ed6 (0x3c074913) x18 0xffff8e53
core   0: 0x80009eda (0x41700333) sub     t1, zero, s7
core   0: 3 0x80009eda (0x41700333) x 6 0x7ffedbea
core   0: 0x80009ede (0x00e7cb33) xor     s6, a5, a4
core   0: 3 0x80009ede (0x00e7cb33) x22 0xffff8d3f
core   0: 0x80009ee2 (0x1d32a4af) sc.w    s1, s3, (t0)
core   0: 3 0x80009ee2 (0x1d32a4af) x 9 0x00000000 mem 0x80023074 0x0000009e
core   0: 0x80009ee6 (0x00019297) auipc   t0, 0x19
core   0: 3 0x80009ee6 (0x00019297) x 5 0x80022ee6
core   0: 0x80009eea (0x19a28293) addi    t0, t0, 410
core   0: 3 0x80009eea (0x19a28293) x 5 0x80023080
core   0: 0x80009eee (0xc392abaf) amominu.w s7, s9, (t0)
core   0: 3 0x80009eee (0xc392abaf) x23 0x00000000 mem 0x80023080 mem 0x80023080 0x00000000
core   0: 0x80009ef2 (0x00006cdd) c.lui   s9, 0x17
core   0: 3 0x80009ef2 (0x6cdd) x25 0x00017000
core   0: 0x80009ef4 (0x4342a8af) amoor.w a7, s4, (t0)
core   0: 3 0x80009ef4 (0x4342a8af) x17 0x00000000 mem 0x80023080 mem 0x80023080 0xfffffa7e
core   0: 0x80009ef8 (0x00018897) auipc   a7, 0x18
core   0: 3 0x80009ef8 (0x00018897) x17 0x80021ef8
core   0: 0x80009efc (0x4c788893) addi    a7, a7, 1223
core   0: 3 0x80009efc (0x4c788893) x17 0x800223bf
core   0: 0x80009f00 (0x000085f1) c.srai  a1, 28
core   0: 3 0x80009f00 (0x85f1) x11 0x00000000
core   0: 0x80009f02 (0xb6940013) addi    zero, s0, -1175
core   0: 3 0x80009f02 (0xb6940013)
core   0: 0x80009f06 (0x604bb213) sltiu   tp, s7, 1540
core   0: 3 0x80009f06 (0x604bb213) x 4 0x00000001
core   0: 0x80009f0a (0x35c8c083) lbu     ra, 860(a7)
core   0: 3 0x80009f0a (0x35c8c083) x 1 0x00000097 mem 0x8002271b
core   0: 0x80009f0e (0x00ca9e33) sll     t3, s5, a2
core   0: 3 0x80009f0e (0x00ca9e33) x28 0x54000000
core   0: 0x80009f12 (0xb1e88e83) lb      t4, -1250(a7)
core   0: 3 0x80009f12 (0xb1e88e83) x29 0xffffffca mem 0x80021edd
core   0: 0x80009f16 (0x000017fd) c.addi  a5, -1
core   0: 3 0x80009f16 (0x17fd) x15 0x000000ab
core   0: 0x80009f18 (0x00008115) c.srli  a0, 5
core   0: 3 0x80009f18 (0x8115) x10 0x00000000
core   0: 0x80009f1a (0x00ddbe33) sltu    t3, s11, a3
core   0: 3 0x80009f1a (0x00ddbe33) x28 0x00000001
core   0: 0x80009f1e (0xaeb88723) sb      a1, -1298(a7)
core   0: 3 0x80009f1e (0xaeb88723) mem 0x80021ead 0x0
core   0: 0x80009f22 (0xe2489ea3) sh      tp, -451(a7)
core   0: 3 0x80009f22 (0xe2489ea3) mem 0x800221fc 0x0001
core   0: 0x80009f26 (0x51b89203) lh      tp, 1307(a7)
core   0: 3 0x80009f26 (0x51b89203) x 4 0x00006900 mem 0x800228da
core   0: 0x80009f2a (0x5a588d03) lb      s10, 1445(a7)
core   0: 3 0x80009f2a (0x5a588d03) x26 0xfffffffc mem 0x80022964
core   0: 0x80009f2e (0x88acf013) andi    zero, s9, -1910
core   0: 3 0x80009f2e (0x88acf013)
core   0: 0x80009f32 (0x84c8ce83) lbu     t4, -1972(a7)
core   0: 3 0x80009f32 (0x84c8ce83) x29 0x0000004b mem 0x80021c0b
core   0: 0x80009f36 (0xab5c6093) ori     ra, s8, -1355
core   0: 3 0x80009f36 (0xab5c6093) x 1 0xfffffafd
core   0: 0x80009f3a (0x6f088aa3) sb      a6, 1781(a7)
core   0: 3 0x80009f3a (0x6f088aa3) mem 0x80022ab4 0x7c
core   0: 0x80009f3e (0x3a088823) sb      zero, 944(a7)
core   0: 3 0x80009f3e (0x3a088823) mem 0x8002276f 0x0
core   0: 0x80009f42 (0x0000100f) fence.i
core   0: 3 0x80009f42 (0x0000100f)
core   0: 0x80009f46 (0xcb88c403) lbu     s0, -840(a7)
core   0: 3 0x80009f46 (0xcb88c403) x 8 0x00000085 mem 0x80022077
core   0: 0x80009f4a (0x00edc433) xor     s0, s11, a4
core   0: 3 0x80009f4a (0x00edc433) x 8 0x7fff1114
core   0: 0x80009f4e (0x406f5eb3) sra     t4, t5, t1
core   0: 3 0x80009f4e (0x406f5eb3) x29 0x00000000
core   0: 0x80009f52 (0xbfa8c103) lbu     sp, -1030(a7)
core   0: 3 0x80009f52 (0xbfa8c103) x 2 0x0000003c mem 0x80021fb9
core   0: 0x80009f56 (0x8998a603) lw      a2, -1895(a7)
core   0: 3 0x80009f56 (0x8998a603) x12 0xd2972750 mem 0x80021c58
core   0: 0x80009f5a (0x2ff8c983) lbu     s3, 767(a7)
core   0: 3 0x80009f5a (0x2ff8c983) x19 0x000000bc mem 0x800226be
core   0: 0x80009f5e (0x65288903) lb      s2, 1618(a7)
core   0: 3 0x80009f5e (0x65288903) x18 0x00000068 mem 0x80022a11
core   0: 0x80009f62 (0x21788b23) sb      s7, 534(a7)
core   0: 3 0x80009f62 (0x21788b23) mem 0x800225d5 0x0
core   0: 0x80009f66 (0xf5789603) lh      a2, -169(a7)
core   0: 3 0x80009f66 (0xf5789603) x12 0xffffafc8 mem 0x80022316
core   0: 0x80009f6a (0x4002d1b3) sra     gp, t0, zero
core   0: 3 0x80009f6a (0x4002d1b3) x 3 0x80023080
core   0: 0x80009f6e (0x0203f4b3) remu    s1, t2, zero
core   0: 3 0x80009f6e (0x0203f4b3) x 9 0x00000000
core   0: 0x80009f72 (0x6208cc83) lbu     s9, 1568(a7)
core   0: 3 0x80009f72 (0x6208cc83) x25 0x000000c1 mem 0x800229df
core   0: 0x80009f76 (0x2128cc83) lbu     s9, 530(a7)
core   0: 3 0x80009f76 (0x2128cc83) x25 0x000000c7 mem 0x800225d1
core   0: 0x80009f7a (0x00000001) c.nop
core   0: 3 0x80009f7a (0x0001)
core   0: 0x80009f7c (0x7878c283) lbu     t0, 1927(a7)
core   0: 3 0x80009f7c (0x7878c283) x 5 0x00000083 mem 0x80022b46
core   0: 0x80009f80 (0x8f388423) sb      s3, -1816(a7)
core   0: 3 0x80009f80 (0x8f388423) mem 0x80021ca7 0xbc
core   0: 0x80009f84 (0x3b68cd03) lbu     s10, 950(a7)
core   0: 3 0x80009f84 (0x3b68cd03) x26 0x00000038 mem 0x80022775
core   0: 0x80009f88 (0x00f8d783) lhu     a5, 15(a7)
core   0: 3 0x80009f88 (0x00f8d783) x15 0x000020a4 mem 0x800223ce
core   0: 0x80009f8c (0xe458cb83) lbu     s7, -443(a7)
core   0: 3 0x80009f8c (0xe458cb83) x23 0x000000a4 mem 0x80022204
core   0: 0x80009f90 (0x726891a3) sh      t1, 1827(a7)
core   0: 3 0x80009f90 (0x726891a3) mem 0x80022ae2 0xdbea
core   0: 0x80009f94 (0x7038dc83) lhu     s9, 1795(a7)
core   0: 3 0x80009f94 (0x7038dc83) x25 0x00002578 mem 0x80022ac2
core   0: 0x80009f98 (0x01a000ef) jal     pc + 0x1a
core   0: 3 0x80009f98 (0x01a000ef) x 1 0x80009f9c
core   0: 0x80009fb2 (0x00002025) c.jal   pc + 40
core   0: 3 0x80009fb2 (0x2025) x 1 0x80009fb4
core   0: 0x80009fda (0xfefff0ef) jal     pc - 0x12
core   0: 3 0x80009fda (0xfefff0ef) x 1 0x80009fde
core   0: 0x80009fc8 (0x000037c5) c.jal   pc - 32
core   0: 3 0x80009fc8 (0x37c5) x 1 0x80009fca
core   0: 0x80009fa8 (0x0000203d) c.jal   pc + 46
core   0: 3 0x80009fa8 (0x203d) x 1 0x80009faa
core   0: 0x80009fd6 (0x00002031) c.jal   pc + 12
core   0: 3 0x80009fd6 (0x2031) x 1 0x80009fd8
core   0: 0x80009fe2 (0x0000bfcd) c.j     pc - 14
core   0: 3 0x80009fe2 (0xbfcd)
core   0: 0x80009fd4 (0x00003fdd) c.jal   pc - 10
core   0: 3 0x80009fd4 (0x3fdd) x 1 0x80009fd6
core   0: 0x80009fca (0x00002021) c.jal   pc + 8
core   0: 3 0x80009fca (0x2021) x 1 0x80009fcc
core   0: 0x80009fd2 (0x0000bffd) c.j     pc - 2
core   0: 3 0x80009fd2 (0xbffd)
core   0: 0x80009fd0 (0x00003fc9) c.jal   pc - 46
core   0: 3 0x80009fd0 (0x3fc9) x 1 0x80009fd2
core   0: 0x80009fa2 (0x00002831) c.jal   pc + 28
core   0: 3 0x80009fa2 (0x2831) x 1 0x80009fa4
core   0: 0x80009fbe (0xfe7ff0ef) jal     pc - 0x1a
core   0: 3 0x80009fbe (0xfe7ff0ef) x 1 0x80009fc2
core   0: 0x80009fa4 (0x03c0036f) jal     t1, pc + 0x3c
core   0: 3 0x80009fa4 (0x03c0036f) x 6 0x80009fa8
core   0: 0x80009fe0 (0x000037dd) c.jal   pc - 26
core   0: 3 0x80009fe0 (0x37dd) x 1 0x80009fe2
core   0: 0x80009fc6 (0x0000a809) c.j     pc + 18
core   0: 3 0x80009fc6 (0xa809)
core   0: 0x80009fd8 (0x00003ff9) c.jal   pc - 34
core   0: 3 0x80009fd8 (0x3ff9) x 1 0x80009fda
core   0: 0x80009fb6 (0xff9ff0ef) jal     pc - 0x8
core   0: 3 0x80009fb6 (0xff9ff0ef) x 1 0x80009fba
core   0: 0x80009fae (0x00003ff5) c.jal   pc - 4
core   0: 3 0x80009fae (0x3ff5) x 1 0x80009fb0
core   0: 0x80009faa (0x022000ef) jal     pc + 0x22
core   0: 3 0x80009faa (0x022000ef) x 1 0x80009fae
core   0: 0x80009fcc (0xfe9ff26f) jal     tp, pc - 0x18
core   0: 3 0x80009fcc (0xfe9ff26f) x 4 0x80009fd0
core   0: 0x80009fb4 (0x0000a039) c.j     pc + 14
core   0: 3 0x80009fb4 (0xa039)
core   0: 0x80009fc2 (0x022000ef) jal     pc + 0x22
core   0: 3 0x80009fc2 (0x022000ef) x 1 0x80009fc6
core   0: 0x80009fe4 (0x0000bf65) c.j     pc - 72
core   0: 3 0x80009fe4 (0xbf65)
core   0: 0x80009f9c (0x00002811) c.jal   pc + 20
core   0: 3 0x80009f9c (0x2811) x 1 0x80009f9e
core   0: 0x80009fb0 (0x000037fd) c.jal   pc - 18
core   0: 3 0x80009fb0 (0x37fd) x 1 0x80009fb2
core   0: 0x80009f9e (0x040000ef) jal     pc + 0x40
core   0: 3 0x80009f9e (0x040000ef) x 1 0x80009fa2
core   0: 0x80009fde (0x0000a021) c.j     pc + 8
core   0: 3 0x80009fde (0xa021)
core   0: 0x80009fe6 (0xfd5ff2ef) jal     t0, pc - 0x2c
core   0: 3 0x80009fe6 (0xfd5ff2ef) x 5 0x80009fea
core   0: 0x80009fba (0x0300036f) jal     t1, pc + 0x30
core   0: 3 0x80009fba (0x0300036f) x 6 0x80009fbe
core   0: 0x80009fea (0x00a43333) sltu    t1, s0, a0
core   0: 3 0x80009fea (0x00a43333) x 6 0x00000000
core   0: 0x80009fee (0x00019d17) auipc   s10, 0x19
core   0: 3 0x80009fee (0x00019d17) x26 0x80022fee
core   0: 0x80009ff2 (0x06ed0d13) addi    s10, s10, 110
core   0: 3 0x80009ff2 (0x06ed0d13) x26 0x8002305c
core   0: 0x80009ff6 (0xfe952593) slti    a1, a0, -23
core   0: 3 0x80009ff6 (0xfe952593) x11 0x00000000
core   0: 0x80009ffa (0x0000717d) c.addi16sp sp, -16
core   0: 3 0x80009ffa (0x717d) x 2 0x0000002c
core   0: 0x80009ffc (0x01ee72b3) and     t0, t3, t5
core   0: 3 0x80009ffc (0x01ee72b3) x 5 0x00000000
core   0: 0x8000a000 (0x027a9b33) mulh    s6, s5, t2
core   0: 3 0x8000a000 (0x027a9b33) x22 0x00000000
core   0: 0x8000a004 (0x8ef74213) xori    tp, a4, -1809
core   0: 3 0x8000a004 (0x8ef74213) x 4 0x0000757c
core   0: 0x8000a008 (0x120d29af) lr.w    s3, (s10)
core   0: 3 0x8000a008 (0x120d29af) x19 0x80020383 mem 0x8002305c
core   0: 0x8000a00c (0x029d9633) mulh    a2, s11, s1
core   0: 3 0x8000a00c (0x029d9633) x12 0x00000000
core   0: 0x8000a010 (0x02f0fa33) remu    s4, ra, a5
core   0: 3 0x8000a010 (0x02f0fa33) x20 0x00001d16
core   0: 0x8000a014 (0x00004db1) c.li    s11, 12
core   0: 3 0x8000a014 (0x4db1) x27 0x0000000c
core   0: 0x8000a016 (0x1bcd2f2f) sc.w    t5, t3, (s10)
core   0: 3 0x8000a016 (0x1bcd2f2f) x30 0x00000000 mem 0x8002305c 0x00000001
core   0: 0x8000a01a (0x00019117) auipc   sp, 0x19
core   0: 3 0x8000a01a (0x00019117) x 2 0x8002301a
core   0: 0x8000a01e (0x06610113) addi    sp, sp, 102
core   0: 3 0x8000a01e (0x06610113) x 2 0x80023080
core   0: 0x8000a022 (0x0130d313) srli    t1, ra, 19
core   0: 3 0x8000a022 (0x0130d313) x 6 0x00001000
core   0: 0x8000a026 (0x405f51b3) sra     gp, t5, t0
core   0: 3 0x8000a026 (0x405f51b3) x 3 0x00000000
core   0: 0x8000a02a (0x407fdf33) sra     t5, t6, t2
core   0: 3 0x8000a02a (0x407fdf33) x30 0x00000000
core   0: 0x8000a02e (0x40c98433) sub     s0, s3, a2
core   0: 3 0x8000a02e (0x40c98433) x 8 0x80020383
core   0: 0x8000a032 (0x5513e513) ori     a0, t2, 1361
core   0: 3 0x8000a032 (0x5513e513) x10 0x00000551
core   0: 0x8000a036 (0x01fb24b3) slt     s1, s6, t6
core   0: 3 0x8000a036 (0x01fb24b3) x 9 0x00000000
core   0: 0x8000a03a (0x1001252f) lr.w    a0, (sp)
core   0: 3 0x8000a03a (0x1001252f) x10 0xfffffa7e mem 0x80023080
core   0: 0x8000a03e (0x00008da9) c.xor   a1, a0
core   0: 3 0x8000a03e (0x8da9) x11 0xfffffa7e
core   0: 0x8000a040 (0xf6d96013) ori     zero, s2, -147
core   0: 3 0x8000a040 (0xf6d96013)
core   0: 0x8000a044 (0x00839513) slli    a0, t2, 8
core   0: 3 0x8000a044 (0x00839513) x10 0x00000000
core   0: 0x8000a048 (0x00e99e33) sll     t3, s3, a4
core   0: 3 0x8000a048 (0x00e99e33) x28 0x1c180000
core   0: 0x8000a04c (0x00d2ddb3) srl     s11, t0, a3
core   0: 3 0x8000a04c (0x00d2ddb3) x27 0x00000000
core   0: 0x8000a050 (0x00008191) c.srli  a1, 4
core   0: 3 0x8000a050 (0x8191) x11 0x0fffffa7
core   0: 0x8000a052 (0x00001ffd) c.addi  t6, -1
core   0: 3 0x8000a052 (0x1ffd) x31 0xffffffff
core   0: 0x8000a054 (0x00892eb3) slt     t4, s2, s0
core   0: 3 0x8000a054 (0x00892eb3) x29 0x00000000
core   0: 0x8000a058 (0x00008559) c.srai  a0, 22
core   0: 3 0x8000a058 (0x8559) x10 0x00000000
core   0: 0x8000a05a (0x1cb129af) sc.w    s3, a1, (sp)
core   0: 3 0x8000a05a (0x1cb129af) x19 0x00000000 mem 0x80023080 0x0fffffa7
core   0: 0x8000a05e (0x00013f97) auipc   t6, 0x13
core   0: 3 0x8000a05e (0x00013f97) x31 0x8001d05e
core   0: 0x8000a062 (0x345f8f93) addi    t6, t6, 837
core   0: 3 0x8000a062 (0x345f8f93) x31 0x8001d3a3
core   0: 0x8000a066 (0x00bfc003) lbu     zero, 11(t6)
core   0: 3 0x8000a066 (0x00bfc003) mem 0x8001d3ae
core   0: 0x8000a06a (0x00010717) auipc   a4, 0x10
core   0: 3 0x8000a06a (0x00010717) x14 0x8001a06a
core   0: 0x8000a06e (0xe4370713) addi    a4, a4, -445
core   0: 3 0x8000a06e (0xe4370713) x14 0x80019ead
core   0: 0x8000a072 (0xfea74b03) lbu     s6, -22(a4)
core   0: 3 0x8000a072 (0xfea74b03) x22 0x0000005f mem 0x80019e97
core   0: 0x8000a076 (0xff470283) lb      t0, -12(a4)
core   0: 3 0x8000a076 (0xff470283) x 5 0x00000079 mem 0x80019ea1
core   0: 0x8000a07a (0x00018c97) auipc   s9, 0x18
core   0: 3 0x8000a07a (0x00018c97) x25 0x8002207a
core   0: 0x8000a07e (0xf8cc8c93) addi    s9, s9, -116
core   0: 3 0x8000a07e (0xf8cc8c93) x25 0x80022006
core   0: 0x8000a082 (0x083ccf03) lbu     t5, 131(s9)
core   0: 3 0x8000a082 (0x083ccf03) x30 0x000000b6 mem 0x80022089
core   0: 0x8000a086 (0x03570283) lb      t0, 53(a4)
core   0: 3 0x8000a086 (0x03570283) x 5 0xffffffce mem 0x80019ee2
core   0: 0x8000a08a (0x01070223) sb      a6, 4(a4)
core   0: 3 0x8000a08a (0x01070223) mem 0x80019eb1 0x7c
core   0: 0x8000a08e (0xff8fca03) lbu     s4, -8(t6)
core   0: 3 0x8000a08e (0xff8fca03) x20 0x0000003f mem 0x8001d39b
core   0: 0x8000a092 (0x052c9a03) lh      s4, 82(s9)
core   0: 3 0x8000a092 (0x052c9a03) x20 0x00005a54 mem 0x80022058
core   0: 0x8000a096 (0xff3fcf03) lbu     t5, -13(t6)
core   0: 3 0x8000a096 (0xff3fcf03) x30 0x000000bd mem 0x8001d396
core   0: 0x8000a09a (0x03e70003) lb      zero, 62(a4)
core   0: 3 0x8000a09a (0x03e70003) mem 0x80019eeb
core   0: 0x8000a09e (0xf96c8823) sb      s6, -112(s9)
core   0: 3 0x8000a09e (0xf96c8823) mem 0x80021f96 0x5f
core   0: 0x8000a0a2 (0x00bfcd83) lbu     s11, 11(t6)
core   0: 3 0x8000a0a2 (0x00bfcd83) x27 0x00000090 mem 0x8001d3ae
core   0: 0x8000a0a6 (0x000f87a3) sb      zero, 15(t6)
core   0: 3 0x8000a0a6 (0x000f87a3) mem 0x8001d3b2 0x0
core   0: 0x8000a0aa (0x0f1c8b83) lb      s7, 241(s9)
core   0: 3 0x8000a0aa (0x0f1c8b83) x23 0x00000023 mem 0x800220f7
core   0: 0x8000a0ae (0x02975583) lhu     a1, 41(a4)
core   0: 3 0x8000a0ae (0x02975583) x11 0x000035b5 mem 0x80019ed6
core   0: 0x8000a0b2 (0x03d74a83) lbu     s5, 61(a4)
core   0: 3 0x8000a0b2 (0x03d74a83) x21 0x00000064 mem 0x80019eea
core   0: 0x8000a0b6 (0xfcd75a83) lhu     s5, -51(a4)
core   0: 3 0x8000a0b6 (0xfcd75a83) x21 0x00003af8 mem 0x80019e7a
core   0: 0x8000a0ba (0xf91c80a3) sb      a7, -127(s9)
core   0: 3 0x8000a0ba (0xf91c80a3) mem 0x80021f87 0xbf
core   0: 0x8000a0be (0xfd870503) lb      a0, -40(a4)
core   0: 3 0x8000a0be (0xfd870503) x10 0x0000007b mem 0x80019e85
core   0: 0x8000a0c2 (0x021716a3) sh      ra, 45(a4)
core   0: 3 0x8000a0c2 (0x021716a3) mem 0x80019eda 0x9fa2
core   0: 0x8000a0c6 (0x00bfc103) lbu     sp, 11(t6)
core   0: 3 0x8000a0c6 (0x00bfc103) x 2 0x00000090 mem 0x8001d3ae
core   0: 0x8000a0ca (0xffdfda03) lhu     s4, -3(t6)
core   0: 3 0x8000a0ca (0xffdfda03) x20 0x00006d3b mem 0x8001d3a0
core   0: 0x8000a0ce (0x0d8c9083) lh      ra, 216(s9)
core   0: 3 0x8000a0ce (0x0d8c9083) x 1 0x00004e2f mem 0x800220de
core   0: 0x8000a0d2 (0x032c8423) sb      s2, 40(s9)
core   0: 3 0x8000a0d2 (0x032c8423) mem 0x8002202e 0x68
core   0: 0x8000a0d6 (0x00019717) auipc   a4, 0x19
core   0: 3 0x8000a0d6 (0x00019717) x14 0x800230d6
core   0: 0x8000a0da (0xfaa70713) addi    a4, a4, -86
core   0: 3 0x8000a0da (0xfaa70713) x14 0x80023080
core   0: 0x8000a0de (0x00e62933) slt     s2, a2, a4
core   0: 3 0x8000a0de (0x00e62933) x18 0x00000000
core   0: 0x8000a0e2 (0xcd8d5337) lui     t1, 0xcd8d5
core   0: 3 0x8000a0e2 (0xcd8d5337) x 6 0xcd8d5000
core   0: 0x8000a0e6 (0x1007202f) lr.w    zero, (a4)
core   0: 3 0x8000a0e6 (0x1007202f) mem 0x80023080
core   0: 0x8000a0ea (0x01d74933) xor     s2, a4, t4
core   0: 3 0x8000a0ea (0x01d74933) x18 0x80023080
core   0: 0x8000a0ee (0x00008d19) c.sub   a0, a4
core   0: 3 0x8000a0ee (0x8d19) x10 0x7ffdcffb
core   0: 0x8000a0f0 (0x0259f7b3) remu    a5, s3, t0
core   0: 3 0x8000a0f0 (0x0259f7b3) x15 0x00000000
core   0: 0x8000a0f4 (0x00008e15) c.sub   a2, a3
core   0: 3 0x8000a0f4 (0x8e15) x12 0x7ffd42dc
core   0: 0x8000a0f6 (0x01926933) or      s2, tp, s9
core   0: 3 0x8000a0f6 (0x01926933) x18 0x8002757e
core   0: 0x8000a0fa (0x005cbeb3) sltu    t4, s9, t0
core   0: 3 0x8000a0fa (0x005cbeb3) x29 0x00000001
core   0: 0x8000a0fe (0x00001cfd) c.addi  s9, -1
core   0: 3 0x8000a0fe (0x1cfd) x25 0x80022005
core   0: 0x8000a100 (0x18c7222f) sc.w    tp, a2, (a4)
core   0: 3 0x8000a100 (0x18c7222f) x 4 0x00000000 mem 0x80023080 0x7ffd42dc
core   0: 0x8000a104 (0x00019d97) auipc   s11, 0x19
core   0: 3 0x8000a104 (0x00019d97) x27 0x80023104
core   0: 0x8000a108 (0xf60d8d93) addi    s11, s11, -160
core   0: 3 0x8000a108 (0xf60d8d93) x27 0x80023064
core   0: 0x8000a10c (0x120da9af) lr.w    s3, (s11)
core   0: 3 0x8000a10c (0x120da9af) x19 0x00000000 mem 0x80023064
core   0: 0x8000a110 (0x01dfe8b3) or      a7, t6, t4
core   0: 3 0x8000a110 (0x01dfe8b3) x17 0x8001d3a3
core   0: 0x8000a114 (0xc02b38b7) lui     a7, 0xc02b3
core   0: 3 0x8000a114 (0xc02b38b7) x17 0xc02b3000
core   0: 0x8000a118 (0x00009a7d) c.andi  a2, -1
core   0: 3 0x8000a118 (0x9a7d) x12 0x7ffd42dc
core   0: 0x8000a11a (0x41ec5533) sra     a0, s8, t5
core   0: 3 0x8000a11a (0x41ec5533) x10 0x00000000
core   0: 0x8000a11e (0x03818733) mul     a4, gp, s8
core   0: 3 0x8000a11e (0x03818733) x14 0x00000000
core   0: 0x8000a122 (0x0000167d) c.addi  a2, -1
core   0: 3 0x8000a122 (0x167d) x12 0x7ffd42db
core   0: 0x8000a124 (0x00000fb5) c.addi  t6, 13
core   0: 3 0x8000a124 (0x0fb5) x31 0x8001d3b0
core   0: 0x8000a126 (0x027e8c33) mul     s8, t4, t2
core   0: 3 0x8000a126 (0x027e8c33) x24 0x00000000
core   0: 0x8000a12a (0x00008f25) c.xor   a4, s1
core   0: 3 0x8000a12a (0x8f25) x14 0x00000000
core   0: 0x8000a12c (0x00000001) c.nop
core   0: 3 0x8000a12c (0x0001)
core   0: 0x8000a12e (0xfcea3f13) sltiu   t5, s4, -50
core   0: 3 0x8000a12e (0xfcea3f13) x30 0x00000001
core   0: 0x8000a132 (0x033ef033) remu    zero, t4, s3
core   0: 3 0x8000a132 (0x033ef033)
core   0: 0x8000a136 (0x194dafaf) sc.w    t6, s4, (s11)
core   0: 3 0x8000a136 (0x194dafaf) x31 0x00000000 mem 0x80023064 0x00006d3b
core   0: 0x8000a13a (0x00019997) auipc   s3, 0x19
core   0: 3 0x8000a13a (0x00019997) x19 0x8002313a
core   0: 0x8000a13e (0xf1e98993) addi    s3, s3, -226
core   0: 3 0x8000a13e (0xf1e98993) x19 0x80023058
core   0: 0x8000a142 (0x1409a02f) lr.w    zero, (s3)
core   0: 3 0x8000a142 (0x1409a02f) mem 0x80023058
core   0: 0x8000a146 (0x008ed413) srli    s0, t4, 8
core   0: 3 0x8000a146 (0x008ed413) x 8 0x00000000
core   0: 0x8000a14a (0x55a1b293) sltiu   t0, gp, 1370
core   0: 3 0x8000a14a (0x55a1b293) x 5 0x00000001
core   0: 0x8000a14e (0x00000c32) c.slli  s8, 12
core   0: 3 0x8000a14e (0x0c32) x24 0x00000000
core   0: 0x8000a150 (0x19f9a1af) sc.w    gp, t6, (s3)
core   0: 3 0x8000a150 (0x19f9a1af) x 3 0x00000000 mem 0x80023058 0x00000000
core   0: 0x8000a154 (0x00008c17) auipc   s8, 0x8
core   0: 3 0x8000a154 (0x00008c17) x24 0x80012154
core   0: 0x8000a158 (0x166c0c13) addi    s8, s8, 358
core   0: 3 0x8000a158 (0x166c0c13) x24 0x800122ba
core   0: 0x8000a15c (0x037c4c83) lbu     s9, 55(s8)
core   0: 3 0x8000a15c (0x037c4c83) x25 0x00000000 mem 0x800122f1
core   0: 0x8000a160 (0x037c0f03) lb      t5, 55(s8)
core   0: 3 0x8000a160 (0x037c0f03) x30 0x00000000 mem 0x800122f1
core   0: 0x8000a164 (0x03cc0ba3) sb      t3, 55(s8)
core   0: 3 0x8000a164 (0x03cc0ba3) mem 0x800122f1 0x0
core   0: 0x8000a168 (0x032c4503) lbu     a0, 50(s8)
core   0: 3 0x8000a168 (0x032c4503) x10 0x00000001 mem 0x800122ec
core   0: 0x8000a16c (0xfffc4e83) lbu     t4, -1(s8)
core   0: 3 0x8000a16c (0xfffc4e83) x29 0x0000001a mem 0x800122b9
core   0: 0x8000a170 (0xfffc0483) lb      s1, -1(s8)
core   0: 3 0x8000a170 (0xfffc0483) x 9 0x0000001a mem 0x800122b9
core   0: 0x8000a174 (0xfffc0a03) lb      s4, -1(s8)
core   0: 3 0x8000a174 (0xfffc0a03) x20 0x0000001a mem 0x800122b9
core   0: 0x8000a178 (0x017c0123) sb      s7, 2(s8)
core   0: 3 0x8000a178 (0x017c0123) mem 0x800122bc 0x23
core   0: 0x8000a17c (0x014c1b23) sh      s4, 22(s8)
core   0: 3 0x8000a17c (0x014c1b23) mem 0x800122d0 0x001a
core   0: 0x8000a180 (0x000088cd) c.andi  s1, 19
core   0: 3 0x8000a180 (0x88cd) x 9 0x00000012
core   0: 0x8000a182 (0x016c4a83) lbu     s5, 22(s8)
core   0: 3 0x8000a182 (0x016c4a83) x21 0x0000001a mem 0x800122d0
core   0: 0x8000a186 (0x01bc2b23) sw      s11, 22(s8)
core   0: 3 0x8000a186 (0x01bc2b23) mem 0x800122d0 0x80023064
core   0: 0x8000a18a (0x04dc0023) sb      a3, 64(s8)
core   0: 3 0x8000a18a (0x04dc0023) mem 0x800122fa 0x24
core   0: 0x8000a18e (0x00008061) c.srli  s0, 24
core   0: 3 0x8000a18e (0x8061) x 8 0x00000000
core   0: 0x8000a190 (0x00000001) c.nop
core   0: 3 0x8000a190 (0x0001)
core   0: 0x8000a192 (0x01cc4b03) lbu     s6, 28(s8)
core   0: 3 0x8000a192 (0x01cc4b03) x22 0x000000b8 mem 0x800122d6
core   0: 0x8000a196 (0xfc9c0e83) lb      t4, -55(s8)
core   0: 3 0x8000a196 (0xfc9c0e83) x29 0x00000000 mem 0x80012283
core   0: 0x8000a19a (0xfc8c04a3) sb      s0, -55(s8)
core   0: 3 0x8000a19a (0xfc8c04a3) mem 0x80012283 0x0
core   0: 0x8000a19e (0x028c0a83) lb      s5, 40(s8)
core   0: 3 0x8000a19e (0x028c0a83) x21 0x0000004d mem 0x800122e2
core   0: 0x8000a1a2 (0x028c0203) lb      tp, 40(s8)
core   0: 3 0x8000a1a2 (0x028c0203) x 4 0x0000004d mem 0x800122e2
core   0: 0x8000a1a6 (0x03dc4303) lbu     t1, 61(s8)
core   0: 3 0x8000a1a6 (0x03dc4303) x 6 0x00000003 mem 0x800122f7
core   0: 0x8000a1aa (0xfc9c0823) sb      s1, -48(s8)
core   0: 3 0x8000a1aa (0xfc9c0823) mem 0x8001228a 0x12
core   0: 0x8000a1ae (0x00dc0403) lb      s0, 13(s8)
core   0: 3 0x8000a1ae (0x00dc0403) x 8 0x0000001e mem 0x800122c7
core   0: 0x8000a1b2 (0x00009e17) auipc   t3, 0x9
core   0: 3 0x8000a1b2 (0x00009e17) x28 0x800131b2
core   0: 0x8000a1b6 (0xc39e0e13) addi    t3, t3, -967
core   0: 3 0x8000a1b6 (0xc39e0e13) x28 0x80012deb
core   0: 0x8000a1ba (0x013e15a3) sh      s3, 11(t3)
core   0: 3 0x8000a1ba (0x013e15a3) mem 0x80012df6 0x3058
core   0: 0x8000a1be (0x001e0123) sb      ra, 2(t3)
core   0: 3 0x8000a1be (0x001e0123) mem 0x80012ded 0x2f
core   0: 0x8000a1c2 (0x0000074e) c.slli  a4, 19
core   0: 3 0x8000a1c2 (0x074e) x14 0x00000000
core   0: 0x8000a1c4 (0x007e4783) lbu     a5, 7(t3)
core   0: 3 0x8000a1c4 (0x007e4783) x15 0x0000003b mem 0x80012df2
core   0: 0x8000a1c8 (0x03821333) mulh    t1, tp, s8
core   0: 3 0x8000a1c8 (0x03821333) x 6 0xffffffd9
core   0: 0x8000a1cc (0x00ab6a33) or      s4, s6, a0
core   0: 3 0x8000a1cc (0x00ab6a33) x20 0x000000b9
core   0: 0x8000a1d0 (0x03ad39b3) mulhu   s3, s10, s10
core   0: 3 0x8000a1d0 (0x03ad39b3) x19 0x40023060
core   0: 0x8000a1d4 (0x01ef4c33) xor     s8, t5, t5
core   0: 3 0x8000a1d4 (0x01ef4c33) x24 0x00000000
core   0: 0x8000a1d8 (0x01de0523) sb      t4, 10(t3)
core   0: 3 0x8000a1d8 (0x01de0523) mem 0x80012df5 0x0
core   0: 0x8000a1dc (0xff2e1ba3) sh      s2, -9(t3)
core   0: 3 0x8000a1dc (0xff2e1ba3) mem 0x80012de2 0x757e
core   0: 0x8000a1e0 (0x00006fad) c.lui   t6, 0xb
core   0: 3 0x8000a1e0 (0x6fad) x31 0x0000b000
core   0: 0x8000a1e2 (0x000081b6) c.mv    gp, a3
core   0: 3 0x8000a1e2 (0x81b6) x 3 0x8002bd24
core   0: 0x8000a1e4 (0x41780cb3) sub     s9, a6, s7
core   0: 3 0x8000a1e4 (0x41780cb3) x25 0x80027e59
core   0: 0x8000a1e8 (0x0000100f) fence.i
core   0: 3 0x8000a1e8 (0x0000100f)
core   0: 0x8000a1ec (0x011e0223) sb      a7, 4(t3)
core   0: 3 0x8000a1ec (0x011e0223) mem 0x80012def 0x0
core   0: 0x8000a1f0 (0x010e11a3) sh      a6, 3(t3)
core   0: 3 0x8000a1f0 (0x010e11a3) mem 0x80012dee 0x7e7c
core   0: 0x8000a1f4 (0x009e1b03) lh      s6, 9(t3)
core   0: 3 0x8000a1f4 (0x009e1b03) x22 0x000000dc mem 0x80012df4
core   0: 0x8000a1f8 (0xca46b113) sltiu   sp, a3, -860
core   0: 3 0x8000a1f8 (0xca46b113) x 2 0x00000001
core   0: 0x8000a1fc (0x003e0323) sb      gp, 6(t3)
core   0: 3 0x8000a1fc (0x003e0323) mem 0x80012df1 0x24
core   0: 0x8000a200 (0xff9e5103) lhu     sp, -7(t3)
core   0: 3 0x8000a200 (0xff9e5103) x 2 0x00007377 mem 0x80012de4
core   0: 0x8000a204 (0x00be5d83) lhu     s11, 11(t3)
core   0: 3 0x8000a204 (0x00be5d83) x27 0x00003058 mem 0x80012df6
core   0: 0x8000a208 (0x009e0c83) lb      s9, 9(t3)
core   0: 3 0x8000a208 (0x009e0c83) x25 0xffffffdc mem 0x80012df4
core   0: 0x8000a20c (0x03c03433) mulhu   s0, zero, t3
core   0: 3 0x8000a20c (0x03c03433) x 8 0x00000000
core   0: 0x8000a210 (0x410558b3) sra     a7, a0, a6
core   0: 3 0x8000a210 (0x410558b3) x17 0x00000000
core   0: 0x8000a214 (0x000098fd) c.andi  s1, -1
core   0: 3 0x8000a214 (0x98fd) x 9 0x00000012
core   0: 0x8000a216 (0x00008b7e) c.mv    s6, t6
core   0: 3 0x8000a216 (0x8b7e) x22 0x0000b000
core   0: 0x8000a218 (0xff6e09a3) sb      s6, -13(t3)
core   0: 3 0x8000a218 (0xff6e09a3) mem 0x80012dde 0x0
core   0: 0x8000a21c (0x1da44c13) xori    s8, s0, 474
core   0: 3 0x8000a21c (0x1da44c13) x24 0x000001da
core   0: 0x8000a220 (0x00ce4d03) lbu     s10, 12(t3)
core   0: 3 0x8000a220 (0x00ce4d03) x26 0x00000030 mem 0x80012df7
core   0: 0x8000a224 (0x0000717d) c.addi16sp sp, -16
core   0: 3 0x8000a224 (0x717d) x 2 0x00007367
core   0: 0x8000a226 (0xce5ef113) andi    sp, t4, -795
core   0: 3 0x8000a226 (0xce5ef113) x 2 0x00000000
core   0: 0x8000a22a (0x005ae633) or      a2, s5, t0
core   0: 3 0x8000a22a (0x005ae633) x12 0x0000004d
core   0: 0x8000a22e (0x00d9ca33) xor     s4, s3, a3
core   0: 3 0x8000a22e (0x00d9ca33) x20 0xc0008d44
core   0: 0x8000a232 (0x009e4f03) lbu     t5, 9(t3)
core   0: 3 0x8000a232 (0x009e4f03) x30 0x000000dc mem 0x80012df4
core   0: 0x8000a236 (0x03144ab3) div     s5, s0, a7
core   0: 3 0x8000a236 (0x03144ab3) x21 0xffffffff
core   0: 0x8000a23a (0x018e5bb3) srl     s7, t3, s8
core   0: 3 0x8000a23a (0x018e5bb3) x23 0x00000020
core   0: 0x8000a23e (0x00dcf933) and     s2, s9, a3
core   0: 3 0x8000a23e (0x00dcf933) x18 0x8002bd04
core   0: 0x8000a242 (0x40df8033) sub     zero, t6, a3
core   0: 3 0x8000a242 (0x40df8033)
core   0: 0x8000a246 (0xf1b0c213) xori    tp, ra, -229
core   0: 3 0x8000a246 (0xf1b0c213) x 4 0xffffb134
core   0: 0x8000a24a (0x02241633) mulh    a2, s0, sp
core   0: 3 0x8000a24a (0x02241633) x12 0x00000000
core   0: 0x8000a24e (0x0155ddb3) srl     s11, a1, s5
core   0: 3 0x8000a24e (0x0155ddb3) x27 0x00000000
core   0: 0x8000a252 (0x40bb0133) sub     sp, s6, a1
core   0: 3 0x8000a252 (0x40bb0133) x 2 0x00007a4b
core   0: 0x8000a256 (0xffce0a83) lb      s5, -4(t3)
core   0: 3 0x8000a256 (0xffce0a83) x21 0xffffffe1 mem 0x80012de7
core   0: 0x8000a25a (0x00019617) auipc   a2, 0x19
core   0: 3 0x8000a25a (0x00019617) x12 0x8002325a
core   0: 0x8000a25e (0xe0e60613) addi    a2, a2, -498
core   0: 3 0x8000a25e (0xe0e60613) x12 0x80023068
core   0: 0x8000a262 (0x00019b97) auipc   s7, 0x19
core   0: 3 0x8000a262 (0x00019b97) x23 0x80023262
core   0: 0x8000a266 (0xe0ab8b93) addi    s7, s7, -502
core   0: 3 0x8000a266 (0xe0ab8b93) x23 0x8002306c
core   0: 0x8000a26a (0x00019217) auipc   tp, 0x19
core   0: 3 0x8000a26a (0x00019217) x 4 0x8002326a
core   0: 0x8000a26e (0xdfa20213) addi    tp, tp, -518
core   0: 3 0x8000a26e (0xdfa20213) x 4 0x80023064
core   0: 0x8000a272 (0x00019517) auipc   a0, 0x19
core   0: 3 0x8000a272 (0x00019517) x10 0x80023272
core   0: 0x8000a276 (0xdfa50513) addi    a0, a0, -518
core   0: 3 0x8000a276 (0xdfa50513) x10 0x8002306c
core   0: 0x8000a27a (0x023de7b3) rem     a5, s11, gp
core   0: 3 0x8000a27a (0x023de7b3) x15 0x00000000
core   0: 0x8000a27e (0x05962eaf) amoadd.w t4, s9, (a2)
core   0: 3 0x8000a27e (0x05962eaf) x29 0x0004ed8c mem 0x80023068 mem 0x80023068 0x0004ed68
core   0: 0x8000a282 (0x00008fcd) c.or    a5, a1
core   0: 3 0x8000a282 (0x8fcd) x15 0x000035b5
core   0: 0x8000a284 (0x44722b2f) amoor.w s6, t2, (tp)
core   0: 3 0x8000a284 (0x44722b2f) x22 0x00006d3b mem 0x80023064 mem 0x80023064 0x00006d3b
core   0: 0x8000a288 (0xa5e62daf) amomax.w s11, t5, (a2)
core   0: 3 0x8000a288 (0xa5e62daf) x27 0x0004ed68 mem 0x80023068 mem 0x80023068 0x0004ed68
core   0: 0x8000a28c (0x00a4bf33) sltu    t5, s1, a0
core   0: 3 0x8000a28c (0x00a4bf33) x30 0x00000001
core   0: 0x8000a290 (0xc05ba0af) amominu.w ra, t0, (s7)
core   0: 3 0x8000a290 (0xc05ba0af) x 1 0x00000000 mem 0x8002306c mem 0x8002306c 0x00000000
core   0: 0x8000a294 (0x629bad2f) amoand.w s10, s1, (s7)
core   0: 3 0x8000a294 (0x629bad2f) x26 0x00000000 mem 0x8002306c mem 0x8002306c 0x00000000
core   0: 0x8000a298 (0x0000948e) c.add   s1, gp
core   0: 3 0x8000a298 (0x948e) x 9 0x8002bd36
core   0: 0x8000a29a (0x05a222af) amoadd.w t0, s10, (tp)
core   0: 3 0x8000a29a (0x05a222af) x 5 0x00006d3b mem 0x80023064 mem 0x80023064 0x00006d3b
core   0: 0x8000a29e (0x81f6232f) amomin.w t1, t6, (a2)
core   0: 3 0x8000a29e (0x81f6232f) x 6 0x0004ed68 mem 0x80023068 mem 0x80023068 0x0000b000
core   0: 0x8000a2a2 (0x456baf2f) amoor.w t5, s6, (s7)
core   0: 3 0x8000a2a2 (0x456baf2f) x30 0x00000000 mem 0x8002306c mem 0x8002306c 0x00006d3b
core   0: 0x8000a2a6 (0x8175272f) amomin.w a4, s7, (a0)
core   0: 3 0x8000a2a6 (0x8175272f) x14 0x00006d3b mem 0x8002306c mem 0x8002306c 0x8002306c
core   0: 0x8000a2aa (0x03352b2f) amoadd.w s6, s3, (a0)
core   0: 3 0x8000a2aa (0x03352b2f) x22 0x8002306c mem 0x8002306c mem 0x8002306c 0xc00460cc
core   0: 0x8000a2ae (0x00015d97) auipc   s11, 0x15
core   0: 3 0x8000a2ae (0x00015d97) x27 0x8001f2ae
core   0: 0x8000a2b2 (0xbc1d8d93) addi    s11, s11, -1087
core   0: 3 0x8000a2b2 (0xbc1d8d93) x27 0x8001ee6f
core   0: 0x8000a2b6 (0x006d8a03) lb      s4, 6(s11)
core   0: 3 0x8000a2b6 (0x006d8a03) x20 0xffffffa0 mem 0x8001ee75
core   0: 0x8000a2ba (0x00008f97) auipc   t6, 0x8
core   0: 3 0x8000a2ba (0x00008f97) x31 0x800122ba
core   0: 0x8000a2be (0x143f8f93) addi    t6, t6, 323
core   0: 3 0x8000a2be (0x143f8f93) x31 0x800123fd
core   0: 0x8000a2c2 (0x008dc603) lbu     a2, 8(s11)
core   0: 3 0x8000a2c2 (0x008dc603) x12 0x000000ce mem 0x8001ee77
core   0: 0x8000a2c6 (0xd78f90a3) sh      s8, -671(t6)
core   0: 3 0x8000a2c6 (0xd78f90a3) mem 0x8001215e 0x01da
core   0: 0x8000a2ca (0xff6d8b23) sb      s6, -10(s11)
core   0: 3 0x8000a2ca (0xff6d8b23) mem 0x8001ee65 0x6c
core   0: 0x8000a2ce (0xd72f8d23) sb      s2, -646(t6)
core   0: 3 0x8000a2ce (0xd72f8d23) mem 0x80012177 0x4
core   0: 0x8000a2d2 (0xffdd8923) sb      t4, -14(s11)
core   0: 3 0x8000a2d2 (0xffdd8923) mem 0x8001ee61 0x8c
core   0: 0x8000a2d6 (0x77bf8c23) sb      s11, 1912(t6)
core   0: 3 0x8000a2d6 (0x77bf8c23) mem 0x80012b75 0x6f
core   0: 0x8000a2da (0xe5bf94a3) sh      s11, -439(t6)
core   0: 3 0x8000a2da (0xe5bf94a3) mem 0x80012246 0xee6f
core   0: 0x8000a2de (0x3aff90a3) sh      a5, 929(t6)
core   0: 3 0x8000a2de (0x3aff90a3) mem 0x8001279e 0x35b5
core   0: 0x8000a2e2 (0x00fd8623) sb      a5, 12(s11)
core   0: 3 0x8000a2e2 (0x00fd8623) mem 0x8001ee7b 0xb5
core   0: 0x8000a2e6 (0xffcd8fa3) sb      t3, -1(s11)
core   0: 3 0x8000a2e6 (0xffcd8fa3) mem 0x8001ee6e 0xeb
core   0: 0x8000a2ea (0x777f8423) sb      s7, 1896(t6)
core   0: 3 0x8000a2ea (0x777f8423) mem 0x80012b65 0x6c
core   0: 0x8000a2ee (0x028000ef) jal     pc + 0x28
core   0: 3 0x8000a2ee (0x028000ef) x 1 0x8000a2f2
core   0: 0x8000a316 (0x00003ff9) c.jal   pc - 34
core   0: 3 0x8000a316 (0x3ff9) x 1 0x8000a318
core   0: 0x8000a2f4 (0xfffff16f) jal     sp, pc - 0x2
core   0: 3 0x8000a2f4 (0xfffff16f) x 2 0x8000a2f8
core   0: 0x8000a2f2 (0x00002005) c.jal   pc + 32
core   0: 3 0x8000a2f2 (0x2005) x 1 0x8000a2f4
core   0: 0x8000a312 (0xff3ff36f) jal     t1, pc - 0xe
core   0: 3 0x8000a312 (0xff3ff36f) x 6 0x8000a316
core   0: 0x8000a304 (0x0000bfdd) c.j     pc - 10
core   0: 3 0x8000a304 (0xbfdd)
core   0: 0x8000a2fa (0x02c000ef) jal     pc + 0x2c
core   0: 3 0x8000a2fa (0x02c000ef) x 1 0x8000a2fe
core   0: 0x8000a326 (0x0000b7c5) c.j     pc - 32
core   0: 3 0x8000a326 (0xb7c5)
core   0: 0x8000a306 (0x00002009) c.jal   pc + 2
core   0: 3 0x8000a306 (0x2009) x 1 0x8000a308
core   0: 0x8000a308 (0xff9ff0ef) jal     pc - 0x8
core   0: 3 0x8000a308 (0xff9ff0ef) x 1 0x8000a30c
core   0: 0x8000a300 (0x01a000ef) jal     pc + 0x1a
core   0: 3 0x8000a300 (0x01a000ef) x 1 0x8000a304
core   0: 0x8000a31a (0xff7ffb6f) jal     s6, pc - 0xa
core   0: 3 0x8000a31a (0xff7ffb6f) x22 0x8000a31e
core   0: 0x8000a310 (0x000037fd) c.jal   pc - 18
core   0: 3 0x8000a310 (0x37fd) x 1 0x8000a312
core   0: 0x8000a2fe (0x0000281d) c.jal   pc + 54
core   0: 3 0x8000a2fe (0x281d) x 1 0x8000a300
core   0: 0x8000a334 (0x00003fe5) c.jal   pc - 8
core   0: 3 0x8000a334 (0x3fe5) x 1 0x8000a336
core   0: 0x8000a32c (0x0000bfdd) c.j     pc - 10
core   0: 3 0x8000a32c (0xbfdd)
core   0: 0x8000a322 (0xff7ff0ef) jal     pc - 0xa
core   0: 3 0x8000a322 (0xff7ff0ef) x 1 0x8000a326
core   0: 0x8000a318 (0x00002821) c.jal   pc + 24
core   0: 3 0x8000a318 (0x2821) x 1 0x8000a31a
core   0: 0x8000a330 (0x00003fe5) c.jal   pc - 8
core   0: 3 0x8000a330 (0x3fe5) x 1 0x8000a332
core   0: 0x8000a328 (0x00a00aef) jal     s5, pc + 0xa
core   0: 3 0x8000a328 (0x00a00aef) x21 0x8000a32c
core   0: 0x8000a332 (0x0000b7f5) c.j     pc - 20
core   0: 3 0x8000a332 (0xb7f5)
core   0: 0x8000a31e (0xfefff36f) jal     t1, pc - 0x12
core   0: 3 0x8000a31e (0xfefff36f) x 6 0x8000a322
core   0: 0x8000a30c (0x00002009) c.jal   pc + 2
core   0: 3 0x8000a30c (0x2009) x 1 0x8000a30e
core   0: 0x8000a30e (0x0000a025) c.j     pc + 40
core   0: 3 0x8000a30e (0xa025)
core   0: 0x8000a336 (0xff9ff0ef) jal     pc - 0x8
core   0: 3 0x8000a336 (0xff9ff0ef) x 1 0x8000a33a
core   0: 0x8000a32e (0x000037e9) c.jal   pc - 54
core   0: 3 0x8000a32e (0x37e9) x 1 0x8000a330
core   0: 0x8000a2f8 (0x0000a089) c.j     pc + 66
core   0: 3 0x8000a2f8 (0xa089)
core   0: 0x8000a33a (0x6e500513) li      a0, 1765
core   0: 3 0x8000a33a (0x6e500513) x10 0x000006e5
core   0: 0x8000a33e (0x00008917) auipc   s2, 0x8
core   0: 3 0x8000a33e (0x00008917) x18 0x8001233e
core   0: 0x8000a342 (0xd3190913) addi    s2, s2, -719
core   0: 3 0x8000a342 (0xd3190913) x18 0x8001206f
core   0: 0x8000a346 (0x02f94703) lbu     a4, 47(s2)
core   0: 3 0x8000a346 (0x02f94703) x14 0x00000001 mem 0x8001209e
core   0: 0x8000a34a (0x03a907a3) sb      s10, 47(s2)
core   0: 3 0x8000a34a (0x03a907a3) mem 0x8001209e 0x0
core   0: 0x8000a34e (0x078911a3) sh      s8, 99(s2)
core   0: 3 0x8000a34e (0x078911a3) mem 0x800120d2 0x01da
core   0: 0x8000a352 (0xe6588313) addi    t1, a7, -411
core   0: 3 0x8000a352 (0xe6588313) x 6 0xfffffe65
core   0: 0x8000a356 (0x0fd90e03) lb      t3, 253(s2)
core   0: 3 0x8000a356 (0x0fd90e03) x28 0x00000000 mem 0x8001216c
core   0: 0x8000a35a (0x0e890ea3) sb      s0, 253(s2)
core   0: 3 0x8000a35a (0x0e890ea3) mem 0x8001216c 0x0
core   0: 0x8000a35e (0x02b91203) lh      tp, 43(s2)
core   0: 3 0x8000a35e (0x02b91203) x 4 0x00000e6e mem 0x8001209a
core   0: 0x8000a362 (0xfe894d83) lbu     s11, -24(s2)
core   0: 3 0x8000a362 (0xfe894d83) x27 0x000000ea mem 0x80012057
core   0: 0x8000a366 (0xfe890e83) lb      t4, -24(s2)
core   0: 3 0x8000a366 (0xfe890e83) x29 0xffffffea mem 0x80012057
core   0: 0x8000a36a (0x0b894503) lbu     a0, 184(s2)
core   0: 3 0x8000a36a (0x0b894503) x10 0x000000bb mem 0x80012127
core   0: 0x8000a36e (0x0f294a83) lbu     s5, 242(s2)
core   0: 3 0x8000a36e (0x0f294a83) x21 0x000000a0 mem 0x80012161
core   0: 0x8000a372 (0x01d91003) lh      zero, 29(s2)
core   0: 3 0x8000a372 (0x01d91003) mem 0x8001208c
core   0: 0x8000a376 (0x0a090e83) lb      t4, 160(s2)
core   0: 3 0x8000a376 (0x0a090e83) x29 0xffffffe7 mem 0x8001210f
core   0: 0x8000a37a (0x0a094f03) lbu     t5, 160(s2)
core   0: 3 0x8000a37a (0x0a094f03) x30 0x000000e7 mem 0x8001210f
core   0: 0x8000a37e (0x00494183) lbu     gp, 4(s2)
core   0: 3 0x8000a37e (0x00494183) x 3 0x00000006 mem 0x80012073
core   0: 0x8000a382 (0x17a60b17) auipc   s6, 0x17a60
core   0: 3 0x8000a382 (0x17a60b17) x22 0x97a6a382
core   0: 0x8000a386 (0x06b95203) lhu     tp, 107(s2)
core   0: 3 0x8000a386 (0x06b95203) x 4 0x00006481 mem 0x800120da
core   0: 0x8000a38a (0x00008a17) auipc   s4, 0x8
core   0: 3 0x8000a38a (0x00008a17) x20 0x8001238a
core   0: 0x8000a38e (0x055a0a13) addi    s4, s4, 85
core   0: 3 0x8000a38e (0x055a0a13) x20 0x800123df
core   0: 0x8000a392 (0x00008b17) auipc   s6, 0x8
core   0: 3 0x8000a392 (0x00008b17) x22 0x80012392
core   0: 0x8000a396 (0x25fb0b13) addi    s6, s6, 607
core   0: 3 0x8000a396 (0x25fb0b13) x22 0x800125f1
core   0: 0x8000a39a (0x052a4703) lbu     a4, 82(s4)
core   0: 3 0x8000a39a (0x052a4703) x14 0x00000026 mem 0x80012431
core   0: 0x8000a39e (0x00008517) auipc   a0, 0x8
core   0: 3 0x8000a39e (0x00008517) x10 0x8001239e
core   0: 0x8000a3a2 (0xf7150513) addi    a0, a0, -143
core   0: 3 0x8000a3a2 (0xf7150513) x10 0x8001230f
core   0: 0x8000a3a6 (0x029a0203) lb      tp, 41(s4)
core   0: 3 0x8000a3a6 (0x029a0203) x 4 0x00000016 mem 0x80012408
core   0: 0x8000a3aa (0xfd1b5303) lhu     t1, -47(s6)
core   0: 3 0x8000a3aa (0xfd1b5303) x 6 0x000049e6 mem 0x800125c2
core   0: 0x8000a3ae (0x03050723) sb      a6, 46(a0)
core   0: 3 0x8000a3ae (0x03050723) mem 0x8001233d 0x7c
core   0: 0x8000a3b2 (0x078a0c83) lb      s9, 120(s4)
core   0: 3 0x8000a3b2 (0x078a0c83) x25 0x00000012 mem 0x80012457
core   0: 0x8000a3b6 (0xfdc50923) sb      t3, -46(a0)
core   0: 3 0x8000a3b6 (0xfdc50923) mem 0x800122e1 0x0
core   0: 0x8000a3ba (0xfb0a4f03) lbu     t5, -80(s4)
core   0: 3 0x8000a3ba (0xfb0a4f03) x30 0x00000000 mem 0x8001238f
core   0: 0x8000a3be (0xfa8a0183) lb      gp, -88(s4)
core   0: 3 0x8000a3be (0xfa8a0183) x 3 0x00000053 mem 0x80012387
core   0: 0x8000a3c2 (0xfcea0303) lb      t1, -50(s4)
core   0: 3 0x8000a3c2 (0xfcea0303) x 6 0xfffffff7 mem 0x800123ad
core   0: 0x8000a3c6 (0x002b4903) lbu     s2, 2(s6)
core   0: 3 0x8000a3c6 (0x002b4903) x18 0x00000000 mem 0x800125f3
core   0: 0x8000a3ca (0xf48a0903) lb      s2, -184(s4)
core   0: 3 0x8000a3ca (0xf48a0903) x18 0xffffffbd mem 0x80012327
core   0: 0x8000a3ce (0xfe450a23) sb      tp, -12(a0)
core   0: 3 0x8000a3ce (0xfe450a23) mem 0x80012303 0x16
core   0: 0x8000a3d2 (0xfe6b0903) lb      s2, -26(s6)
core   0: 3 0x8000a3d2 (0xfe6b0903) x18 0xffffffd7 mem 0x800125d7
core   0: 0x8000a3d6 (0x060a0e83) lb      t4, 96(s4)
core   0: 3 0x8000a3d6 (0x060a0e83) x29 0x0000001a mem 0x8001243f
core   0: 0x8000a3da (0xf21a2303) lw      t1, -223(s4)
core   0: 3 0x8000a3da (0xf21a2303) x 6 0x167a7a46 mem 0x80012300
core   0: 0x8000a3de (0x01755983) lhu     s3, 23(a0)
core   0: 3 0x8000a3de (0x01755983) x19 0x0000bd24 mem 0x80012326
core   0: 0x8000a3e2 (0xfe7b0a23) sb      t2, -12(s6)
core   0: 3 0x8000a3e2 (0xfe7b0a23) mem 0x800125e5 0x0
core   0: 0x8000a3e6 (0x00b55983) lhu     s3, 11(a0)
core   0: 3 0x8000a3e6 (0x00b55983) x19 0x00002eb4 mem 0x8001231a
core   0: 0x8000a3ea (0xfeb51a83) lh      s5, -21(a0)
core   0: 3 0x8000a3ea (0xfeb51a83) x21 0x00004124 mem 0x800122fa
core   0: 0x8000a3ee (0x087a0703) lb      a4, 135(s4)
core   0: 3 0x8000a3ee (0x087a0703) x14 0x00000052 mem 0x80012466
core   0: 0x8000a3f2 (0x03155e03) lhu     t3, 49(a0)
core   0: 3 0x8000a3f2 (0x03155e03) x28 0x00000700 mem 0x80012340
core   0: 0x8000a3f6 (0xfc9b0d83) lb      s11, -55(s6)
core   0: 3 0x8000a3f6 (0xfc9b0d83) x27 0xffffff88 mem 0x800125ba
core   0: 0x8000a3fa (0x00019d17) auipc   s10, 0x19
core   0: 3 0x8000a3fa (0x00019d17) x26 0x800233fa
core   0: 0x8000a3fe (0xc56d0d13) addi    s10, s10, -938
core   0: 3 0x8000a3fe (0xc56d0d13) x26 0x80023050
core   0: 0x8000a402 (0x000062e9) c.lui   t0, 0x1a
core   0: 3 0x8000a402 (0x62e9) x 5 0x0001a000
core   0: 0x8000a404 (0x00008fad) c.xor   a5, a1
core   0: 3 0x8000a404 (0x8fad) x15 0x00000000
core   0: 0x8000a406 (0x40825433) sra     s0, tp, s0
core   0: 3 0x8000a406 (0x40825433) x 8 0x00000016
core   0: 0x8000a40a (0x407c8f33) sub     t5, s9, t2
core   0: 3 0x8000a40a (0x407c8f33) x30 0x00000012
core   0: 0x8000a40e (0x4112d133) sra     sp, t0, a7
core   0: 3 0x8000a40e (0x4112d133) x 2 0x0001a000
core   0: 0x8000a412 (0x00006119) c.addi16sp sp, 384
core   0: 3 0x8000a412 (0x6119) x 2 0x0001a180
core   0: 0x8000a414 (0x00008455) c.srai  s0, 21
core   0: 3 0x8000a414 (0x8455) x 8 0x00000000
core   0: 0x8000a416 (0x40d25633) sra     a2, tp, a3
core   0: 3 0x8000a416 (0x40d25633) x12 0x00000001
core   0: 0x8000a41a (0x00008f21) c.xor   a4, s0
core   0: 3 0x8000a41a (0x8f21) x14 0x00000052
core   0: 0x8000a41c (0x00004b89) c.li    s7, 2
core   0: 3 0x8000a41c (0x4b89) x23 0x00000002
core   0: 0x8000a41e (0x00a6c933) xor     s2, a3, a0
core   0: 3 0x8000a41e (0x00a6c933) x18 0x00039e2b
core   0: 0x8000a422 (0x03a1b433) mulhu   s0, gp, s10
core   0: 3 0x8000a422 (0x03a1b433) x 8 0x00000029
core   0: 0x8000a426 (0x140d29af) lr.w    s3, (s10)
core   0: 3 0x8000a426 (0x140d29af) x19 0x00000000 mem 0x80023050
core   0: 0x8000a42a (0x00008fd5) c.or    a5, a3
core   0: 3 0x8000a42a (0x8fd5) x15 0x8002bd24
core   0: 0x8000a42c (0x40570533) sub     a0, a4, t0
core   0: 3 0x8000a42c (0x40570533) x10 0xfffe6052
core   0: 0x8000a430 (0x183d2eaf) sc.w    t4, gp, (s10)
core   0: 3 0x8000a430 (0x183d2eaf) x29 0x00000000 mem 0x80023050 0x00000053
core   0: 0x8000a434 (0x00008a97) auipc   s5, 0x8
core   0: 3 0x8000a434 (0x00008a97) x21 0x80012434
core   0: 0x8000a438 (0x6b9a8a93) addi    s5, s5, 1721
core   0: 3 0x8000a438 (0x6b9a8a93) x21 0x80012aed
core   0: 0x8000a43c (0x00008597) auipc   a1, 0x8
core   0: 3 0x8000a43c (0x00008597) x11 0x8001243c
core   0: 0x8000a440 (0x65658593) addi    a1, a1, 1622
core   0: 3 0x8000a440 (0x65658593) x11 0x80012a92
core   0: 0x8000a444 (0x00fa8283) lb      t0, 15(s5)
core   0: 3 0x8000a444 (0x00fa8283) x 5 0x00000001 mem 0x80012afc
core   0: 0x8000a448 (0x00009997) auipc   s3, 0x9
core   0: 3 0x8000a448 (0x00009997) x19 0x80013448
core   0: 0x8000a44c (0xa5e98993) addi    s3, s3, -1442
core   0: 3 0x8000a44c (0xa5e98993) x19 0x80012ea6
core   0: 0x8000a450 (0xff1a9f83) lh      t6, -15(s5)
core   0: 3 0x8000a450 (0xff1a9f83) x31 0x00004f00 mem 0x80012ade
core   0: 0x8000a454 (0xfe7a8d23) sb      t2, -6(s5)
core   0: 3 0x8000a454 (0xfe7a8d23) mem 0x80012ae7 0x0
core   0: 0x8000a458 (0x007586a3) sb      t2, 13(a1)
core   0: 3 0x8000a458 (0x007586a3) mem 0x80012a9f 0x0
core   0: 0x8000a45c (0x00c99b03) lh      s6, 12(s3)
core   0: 3 0x8000a45c (0x00c99b03) x22 0xfffff524 mem 0x80012eb2
core   0: 0x8000a460 (0x00158303) lb      t1, 1(a1)
core   0: 3 0x8000a460 (0x00158303) x 6 0x00000000 mem 0x80012a93
core   0: 0x8000a464 (0x0025a323) sw      sp, 6(a1)
core   0: 3 0x8000a464 (0x0025a323) mem 0x80012a98 0x0001a180
core   0: 0x8000a468 (0xff1ac883) lbu     a7, -15(s5)
core   0: 3 0x8000a468 (0xff1ac883) x17 0x00000000 mem 0x80012ade
core   0: 0x8000a46c (0xff498903) lb      s2, -12(s3)
core   0: 3 0x8000a46c (0xff498903) x18 0x0000006f mem 0x80012e9a
core   0: 0x8000a470 (0xff5a9183) lh      gp, -11(s5)
core   0: 3 0x8000a470 (0xff5a9183) x 3 0xffffecea mem 0x80012ae2
core   0: 0x8000a474 (0xfff58b03) lb      s6, -1(a1)
core   0: 3 0x8000a474 (0xfff58b03) x22 0x00000000 mem 0x80012a91
core   0: 0x8000a478 (0xffc5d283) lhu     t0, -4(a1)
core   0: 3 0x8000a478 (0xffc5d283) x 5 0x00004692 mem 0x80012a8e
core   0: 0x8000a47c (0xff998ea3) sb      s9, -3(s3)
core   0: 3 0x8000a47c (0xff998ea3) mem 0x80012ea3 0x12
core   0: 0x8000a480 (0x003a9d03) lh      s10, 3(s5)
core   0: 3 0x8000a480 (0x003a9d03) x26 0x00002700 mem 0x80012af0
core   0: 0x8000a484 (0xff958b03) lb      s6, -7(a1)
core   0: 3 0x8000a484 (0xff958b03) x22 0x00000056 mem 0x80012a8b
core   0: 0x8000a488 (0x00e9ae03) lw      t3, 14(s3)
core   0: 3 0x8000a488 (0x00e9ae03) x28 0x47a07a60 mem 0x80012eb4
core   0: 0x8000a48c (0x00d9ce83) lbu     t4, 13(s3)
core   0: 3 0x8000a48c (0x00d9ce83) x29 0x000000f5 mem 0x80012eb3
core   0: 0x8000a490 (0x00019c17) auipc   s8, 0x19
core   0: 3 0x8000a490 (0x00019c17) x24 0x80023490
core   0: 0x8000a494 (0xbe8c0c13) addi    s8, s8, -1048
core   0: 3 0x8000a494 (0xbe8c0c13) x24 0x80023078
core   0: 0x8000a498 (0x01505193) srli    gp, zero, 21
core   0: 3 0x8000a498 (0x01505193) x 3 0x00000000
core   0: 0x8000a49c (0x00001efd) c.addi  t4, -1
core   0: 3 0x8000a49c (0x1efd) x29 0x000000f4
core   0: 0x8000a49e (0x0083c4b3) xor     s1, t2, s0
core   0: 3 0x8000a49e (0x0083c4b3) x 9 0x00000029
core   0: 0x8000a4a2 (0x100c24af) lr.w    s1, (s8)
core   0: 3 0x8000a4a2 (0x100c24af) x 9 0x00000013 mem 0x80023078
core   0: 0x8000a4a6 (0x00000001) c.nop
core   0: 3 0x8000a4a6 (0x0001)
core   0: 0x8000a4a8 (0x00125e93) srli    t4, tp, 1
core   0: 3 0x8000a4a8 (0x00125e93) x29 0x0000000b
core   0: 0x8000a4ac (0x0000717d) c.addi16sp sp, -16
core   0: 3 0x8000a4ac (0x717d) x 2 0x0001a170
core   0: 0x8000a4ae (0x03f18ab3) mul     s5, gp, t6
core   0: 3 0x8000a4ae (0x03f18ab3) x21 0x00000000
core   0: 0x8000a4b2 (0x00008e71) c.and   a2, a2
core   0: 3 0x8000a4b2 (0x8e71) x12 0x00000001
core   0: 0x8000a4b4 (0x014bc4b3) xor     s1, s7, s4
core   0: 3 0x8000a4b4 (0x014bc4b3) x 9 0x800123dd
core   0: 0x8000a4b8 (0x02a81ab3) mulh    s5, a6, a0
core   0: 3 0x8000a4b8 (0x02a81ab3) x21 0x0000cfd2
core   0: 0x8000a4bc (0x40f6d493) srai    s1, a3, 15
core   0: 3 0x8000a4bc (0x40f6d493) x 9 0xffff0005
core   0: 0x8000a4c0 (0x62d73093) sltiu   ra, a4, 1581
core   0: 3 0x8000a4c0 (0x62d73093) x 1 0x00000001
core   0: 0x8000a4c4 (0x02234433) div     s0, t1, sp
core   0: 3 0x8000a4c4 (0x02234433) x 8 0x00000000
core   0: 0x8000a4c8 (0x1c3c2daf) sc.w    s11, gp, (s8)
core   0: 3 0x8000a4c8 (0x1c3c2daf) x27 0x00000000 mem 0x80023078 0x00000000
core   0: 0x8000a4cc (0x00019217) auipc   tp, 0x19
core   0: 3 0x8000a4cc (0x00019217) x 4 0x800234cc
core   0: 0x8000a4d0 (0xb9c20213) addi    tp, tp, -1124
core   0: 3 0x8000a4d0 (0xb9c20213) x 4 0x80023068
core   0: 0x8000a4d4 (0x00019b17) auipc   s6, 0x19
core   0: 3 0x8000a4d4 (0x00019b17) x22 0x800234d4
core   0: 0x8000a4d8 (0xb9cb0b13) addi    s6, s6, -1124
core   0: 3 0x8000a4d8 (0xb9cb0b13) x22 0x80023070
core   0: 0x8000a4dc (0x00019c97) auipc   s9, 0x19
core   0: 3 0x8000a4dc (0x00019c97) x25 0x800234dc
core   0: 0x8000a4e0 (0xb90c8c93) addi    s9, s9, -1136
core   0: 3 0x8000a4e0 (0xb90c8c93) x25 0x8002306c
core   0: 0x8000a4e4 (0x00019a17) auipc   s4, 0x19
core   0: 3 0x8000a4e4 (0x00019a17) x20 0x800234e4
core   0: 0x8000a4e8 (0xb9ca0a13) addi    s4, s4, -1124
core   0: 3 0x8000a4e8 (0xb9ca0a13) x20 0x80023080
core   0: 0x8000a4ec (0xc0aca7af) amominu.w a5, a0, (s9)
core   0: 3 0x8000a4ec (0xc0aca7af) x15 0xc00460cc mem 0x8002306c mem 0x8002306c 0xc00460cc
core   0: 0x8000a4f0 (0xc50a2f2f) amominu.w t5, a6, (s4)
core   0: 3 0x8000a4f0 (0xc50a2f2f) x30 0x7ffd42dc mem 0x80023080 mem 0x80023080 0x7ffd42dc
core   0: 0x8000a4f4 (0xa56ca42f) amomax.w s0, s6, (s9)
core   0: 3 0x8000a4f4 (0xa56ca42f) x 8 0xc00460cc mem 0x8002306c mem 0x8002306c 0xc00460cc
core   0: 0x8000a4f8 (0x50154bb7) lui     s7, 0x50154
core   0: 3 0x8000a4f8 (0x50154bb7) x23 0x50154000
core   0: 0x8000a4fc (0x498752b7) lui     t0, 0x49875
core   0: 3 0x8000a4fc (0x498752b7) x 5 0x49875000
core   0: 0x8000a500 (0x02240033) mul     zero, s0, sp
core   0: 3 0x8000a500 (0x02240033)
core   0: 0x8000a504 (0xc23ca12f) amominu.w sp, gp, (s9)
core   0: 3 0x8000a504 (0xc23ca12f) x 2 0xc00460cc mem 0x8002306c mem 0x8002306c 0x00000000
core   0: 0x8000a508 (0x010681b3) add     gp, a3, a6
core   0: 3 0x8000a508 (0x010681b3) x 3 0x00053ba0
core   0: 0x8000a50c (0x00006085) c.lui   ra, 0x1
core   0: 3 0x8000a50c (0x6085) x 1 0x00001000
core   0: 0x8000a50e (0x0ff0000f) fence   iorw,iorw
core   0: 3 0x8000a50e (0x0ff0000f)
core   0: 0x8000a512 (0x4068dd33) sra     s10, a7, t1
core   0: 3 0x8000a512 (0x4068dd33) x26 0x00000000
core   0: 0x8000a516 (0x61e2212f) amoand.w sp, t5, (tp)
core   0: 3 0x8000a516 (0x61e2212f) x 2 0x0000b000 mem 0x80023068 mem 0x80023068 0x00000000
core   0: 0x8000a51a (0x0d2221af) amoswap.w gp, s2, (tp)
core   0: 3 0x8000a51a (0x0d2221af) x 3 0x00000000 mem 0x80023068 mem 0x80023068 0x0000006f
core   0: 0x8000a51e (0x0ac2232f) amoswap.w t1, a2, (tp)
core   0: 3 0x8000a51e (0x0ac2232f) x 6 0x0000006f mem 0x80023068 mem 0x80023068 0x00000001
core   0: 0x8000a522 (0x024000ef) jal     pc + 0x24
core   0: 3 0x8000a522 (0x024000ef) x 1 0x8000a526
core   0: 0x8000a546 (0xfe9ff0ef) jal     pc - 0x18
core   0: 3 0x8000a546 (0xfe9ff0ef) x 1 0x8000a54a
core   0: 0x8000a52e (0x012000ef) jal     pc + 0x12
core   0: 3 0x8000a52e (0x012000ef) x 1 0x8000a532
core   0: 0x8000a540 (0x0000b7ed) c.j     pc - 22
core   0: 3 0x8000a540 (0xb7ed)
core   0: 0x8000a52a (0x01a000ef) jal     pc + 0x1a
core   0: 3 0x8000a52a (0x01a000ef) x 1 0x8000a52e
core   0: 0x8000a544 (0x0000bfdd) c.j     pc - 10
core   0: 3 0x8000a544 (0xbfdd)
core   0: 0x8000a53a (0x0040036f) jal     t1, pc + 0x4
core   0: 3 0x8000a53a (0x0040036f) x 6 0x8000a53e
core   0: 0x8000a53e (0x00003fd5) c.jal   pc - 12
core   0: 3 0x8000a53e (0x3fd5) x 1 0x8000a540
core   0: 0x8000a532 (0x0000a009) c.j     pc + 2
core   0: 3 0x8000a532 (0xa009)
core   0: 0x8000a534 (0xff3ff0ef) jal     pc - 0xe
core   0: 3 0x8000a534 (0xff3ff0ef) x 1 0x8000a538
core   0: 0x8000a526 (0x01c00e6f) jal     t3, pc + 0x1c
core   0: 3 0x8000a526 (0x01c00e6f) x28 0x8000a52a
core   0: 0x8000a542 (0x0000a021) c.j     pc + 8
core   0: 3 0x8000a542 (0xa021)
core   0: 0x8000a54a (0x0040056f) jal     a0, pc + 0x4
core   0: 3 0x8000a54a (0x0040056f) x10 0x8000a54e
core   0: 0x8000a54e (0x0000b7ed) c.j     pc - 22
core   0: 3 0x8000a54e (0xb7ed)
core   0: 0x8000a538 (0x0000a821) c.j     pc + 24
core   0: 3 0x8000a538 (0xa821)
core   0: 0x8000a550 (0x004000ef) jal     pc + 0x4
core   0: 3 0x8000a550 (0x004000ef) x 1 0x8000a554
core   0: 0x8000a554 (0xe1004e97) auipc   t4, 0xe1004
core   0: 3 0x8000a554 (0xe1004e97) x29 0x6100e554
core   0: 0x8000a558 (0x00008997) auipc   s3, 0x8
core   0: 3 0x8000a558 (0x00008997) x19 0x80012558
core   0: 0x8000a55c (0xc6098993) addi    s3, s3, -928
core   0: 3 0x8000a55c (0xc6098993) x19 0x800121b8
core   0: 0x8000a560 (0x15814713) xori    a4, sp, 344
core   0: 3 0x8000a560 (0x15814713) x14 0x0000b158
core   0: 0x8000a564 (0x00499203) lh      tp, 4(s3)
core   0: 3 0x8000a564 (0x00499203) x 4 0x00001483 mem 0x800121bc
core   0: 0x8000a568 (0x013a1713) slli    a4, s4, 19
core   0: 3 0x8000a568 (0x013a1713) x14 0x84000000
core   0: 0x8000a56c (0xb1942737) lui     a4, 0xb1942
core   0: 3 0x8000a56c (0xb1942737) x14 0xb1942000
core   0: 0x8000a570 (0xff4988a3) sb      s4, -15(s3)
core   0: 3 0x8000a570 (0xff4988a3) mem 0x800121a9 0x80
core   0: 0x8000a574 (0xff698103) lb      sp, -10(s3)
core   0: 3 0x8000a574 (0xff698103) x 2 0x00000069 mem 0x800121ae
core   0: 0x8000a578 (0x024a0733) mul     a4, s4, tp
core   0: 3 0x8000a578 (0x024a0733) x14 0xace8d180
core   0: 0x8000a57c (0xff99c103) lbu     sp, -7(s3)
core   0: 3 0x8000a57c (0xff99c103) x 2 0x00000038 mem 0x800121b1
core   0: 0x8000a580 (0x00e9c903) lbu     s2, 14(s3)
core   0: 3 0x8000a580 (0x00e9c903) x18 0x00000088 mem 0x800121c6
core   0: 0x8000a584 (0x03220cb3) mul     s9, tp, s2
core   0: 3 0x8000a584 (0x03220cb3) x25 0x000ae598
core   0: 0x8000a588 (0xff298ba3) sb      s2, -9(s3)
core   0: 3 0x8000a588 (0xff298ba3) mem 0x800121af 0x88
core   0: 0x8000a58c (0x0d4cf713) andi    a4, s9, 212
core   0: 3 0x8000a58c (0x0d4cf713) x14 0x00000090
core   0: 0x8000a590 (0xffd9c703) lbu     a4, -3(s3)
core   0: 3 0x8000a590 (0xffd9c703) x14 0x00000084 mem 0x800121b5
core   0: 0x8000a594 (0x00000001) c.nop
core   0: 3 0x8000a594 (0x0001)
core   0: 0x8000a596 (0x02215cb3) divu    s9, sp, sp
core   0: 3 0x8000a596 (0x02215cb3) x25 0x00000001
core   0: 0x8000a59a (0x0029c903) lbu     s2, 2(s3)
core   0: 3 0x8000a59a (0x0029c903) x18 0x00000010 mem 0x800121ba
core   0: 0x8000a59e (0x00b98c83) lb      s9, 11(s3)
core   0: 3 0x8000a59e (0x00b98c83) x25 0x0000005b mem 0x800121c3
core   0: 0x8000a5a2 (0x039cf933) remu    s2, s9, s9
core   0: 3 0x8000a5a2 (0x039cf933) x18 0x00000000
core   0: 0x8000a5a6 (0xff998a03) lb      s4, -7(s3)
core   0: 3 0x8000a5a6 (0xff998a03) x20 0x00000038 mem 0x800121b1
core   0: 0x8000a5aa (0xff498aa3) sb      s4, -11(s3)
core   0: 3 0x8000a5aa (0xff498aa3) mem 0x800121ad 0x38
core   0: 0x8000a5ae (0xff998203) lb      tp, -7(s3)
core   0: 3 0x8000a5ae (0xff998203) x 4 0x00000038 mem 0x800121b1
core   0: 0x8000a5b2 (0x002a3233) sltu    tp, s4, sp
core   0: 3 0x8000a5b2 (0x002a3233) x 4 0x00000000
core   0: 0x8000a5b6 (0x00d98a03) lb      s4, 13(s3)
core   0: 3 0x8000a5b6 (0x00d98a03) x20 0xffffff92 mem 0x800121c5
core   0: 0x8000a5ba (0x00d98203) lb      tp, 13(s3)
core   0: 3 0x8000a5ba (0x00d98203) x 4 0xffffff92 mem 0x800121c5
core   0: 0x8000a5be (0x01226133) or      sp, tp, s2
core   0: 3 0x8000a5be (0x01226133) x 2 0xffffff92
core   0: 0x8000a5c2 (0xd28ca913) slti    s2, s9, -728
core   0: 3 0x8000a5c2 (0xd28ca913) x18 0x00000000
core   0: 0x8000a5c6 (0x00a99203) lh      tp, 10(s3)
core   0: 3 0x8000a5c6 (0x00a99203) x 4 0x00005bcf mem 0x800121c2
core   0: 0x8000a5ca (0x00e98a03) lb      s4, 14(s3)
core   0: 3 0x8000a5ca (0x00e98a03) x20 0xffffff88 mem 0x800121c6
core   0: 0x8000a5ce (0xfff9c103) lbu     sp, -1(s3)
core   0: 3 0x8000a5ce (0xfff9c103) x 2 0x0000001e mem 0x800121b7
core   0: 0x8000a5d2 (0x00e9d103) lhu     sp, 14(s3)
core   0: 3 0x8000a5d2 (0x00e9d103) x 2 0x00000488 mem 0x800121c6
core   0: 0x8000a5d6 (0x00000935) c.addi  s2, 13
core   0: 3 0x8000a5d6 (0x0935) x18 0x0000000d
core   0: 0x8000a5d8 (0x00f9c203) lbu     tp, 15(s3)
core   0: 3 0x8000a5d8 (0x00f9c203) x 4 0x00000004 mem 0x800121c7
core   0: 0x8000a5dc (0xff998103) lb      sp, -7(s3)
core   0: 3 0x8000a5dc (0xff998103) x 2 0x00000038 mem 0x800121b1
core   0: 0x8000a5e0 (0x019a5113) srli    sp, s4, 25
core   0: 3 0x8000a5e0 (0x019a5113) x 2 0x0000007f
core   0: 0x8000a5e4 (0x6fa80737) lui     a4, 0x6fa80
core   0: 3 0x8000a5e4 (0x6fa80737) x14 0x6fa80000
core   0: 0x8000a5e8 (0x02e24733) div     a4, tp, a4
core   0: 3 0x8000a5e8 (0x02e24733) x14 0x00000000
core   0: 0x8000a5ec (0x0089c103) lbu     sp, 8(s3)
core   0: 3 0x8000a5ec (0x0089c103) x 2 0x000000ad mem 0x800121c0
core   0: 0x8000a5f0 (0x00000001) c.nop
core   0: 3 0x8000a5f0 (0x0001)
core   0: 0x8000a5f2 (0x00d9c903) lbu     s2, 13(s3)
core   0: 3 0x8000a5f2 (0x00d9c903) x18 0x00000092 mem 0x800121c5
core   0: 0x8000a5f6 (0x0149a823) sw      s4, 16(s3)
core   0: 3 0x8000a5f6 (0x0149a823) mem 0x800121c8 0xffffff88
core   0: 0x8000a5fa (0x00008f59) c.or    a4, a4
core   0: 3 0x8000a5fa (0x8f59) x14 0x00000000
core   0: 0x8000a5fc (0xaa8a7113) andi    sp, s4, -1368
core   0: 3 0x8000a5fc (0xaa8a7113) x 2 0xfffffa88
core   0: 0x8000a600 (0x02274933) div     s2, a4, sp
core   0: 3 0x8000a600 (0x02274933) x18 0x00000000
core   0: 0x8000a604 (0x41295a33) sra     s4, s2, s2
core   0: 3 0x8000a604 (0x41295a33) x20 0x00000000
core   0: 0x8000a608 (0x74516a13) ori     s4, sp, 1861
core   0: 3 0x8000a608 (0x74516a13) x20 0xffffffcd
core   0: 0x8000a60c (0x00a9c903) lbu     s2, 10(s3)
core   0: 3 0x8000a60c (0x00a9c903) x18 0x000000cf mem 0x800121c2
core   0: 0x8000a610 (0x0000100f) fence.i
core   0: 3 0x8000a610 (0x0000100f)
core   0: 0x8000a614 (0x004983a3) sb      tp, 7(s3)
core   0: 3 0x8000a614 (0x004983a3) mem 0x800121bf 0x4
core   0: 0x8000a618 (0x00099903) lh      s2, 0(s3)
core   0: 3 0x8000a618 (0x00099903) x18 0x00001b21 mem 0x800121b8
core   0: 0x8000a61c (0x00000cb6) c.slli  s9, 13
core   0: 3 0x8000a61c (0x0cb6) x25 0x000b6000
core   0: 0x8000a61e (0xffe98203) lb      tp, -2(s3)
core   0: 3 0x8000a61e (0xffe98203) x 4 0x0000005e mem 0x800121b6
core   0: 0x8000a622 (0x0000b797) auipc   a5, 0xb
core   0: 3 0x8000a622 (0x0000b797) x15 0x80015622
core   0: 0x8000a626 (0x3f578793) addi    a5, a5, 1013
core   0: 3 0x8000a626 (0x3f578793) x15 0x80015a17
core   0: 0x8000a62a (0x01278823) sb      s2, 16(a5)
core   0: 3 0x8000a62a (0x01278823) mem 0x80015a27 0x21
core   0: 0x8000a62e (0x0107ca83) lbu     s5, 16(a5)
core   0: 3 0x8000a62e (0x0107ca83) x21 0x00000021 mem 0x80015a27
core   0: 0x8000a632 (0x056cc213) xori    tp, s9, 86
core   0: 3 0x8000a632 (0x056cc213) x 4 0x000b6056
core   0: 0x8000a636 (0x01078183) lb      gp, 16(a5)
core   0: 3 0x8000a636 (0x01078183) x 3 0x00000021 mem 0x80015a27
core   0: 0x8000a63a (0x0107ce83) lbu     t4, 16(a5)
core   0: 3 0x8000a63a (0x0107ce83) x29 0x00000021 mem 0x80015a27
core   0: 0x8000a63e (0x01078403) lb      s0, 16(a5)
core   0: 3 0x8000a63e (0x01078403) x 8 0x00000021 mem 0x80015a27
core   0: 0x8000a642 (0x00e78823) sb      a4, 16(a5)
core   0: 3 0x8000a642 (0x00e78823) mem 0x80015a27 0x0
core   0: 0x8000a646 (0x02c7c903) lbu     s2, 44(a5)
core   0: 3 0x8000a646 (0x02c7c903) x18 0x000000f2 mem 0x80015a43
core   0: 0x8000a64a (0x00cd1933) sll     s2, s10, a2
core   0: 3 0x8000a64a (0x00cd1933) x18 0x00000000
core   0: 0x8000a64e (0x61aaae93) slti    t4, s5, 1562
core   0: 3 0x8000a64e (0x61aaae93) x29 0x00000001
core   0: 0x8000a652 (0x01f7cd03) lbu     s10, 31(a5)
core   0: 3 0x8000a652 (0x01f7cd03) x26 0x00000078 mem 0x80015a36
core   0: 0x8000a656 (0x01f78a03) lb      s4, 31(a5)
core   0: 3 0x8000a656 (0x01f78a03) x20 0x00000078 mem 0x80015a36
core   0: 0x8000a65a (0x01878fa3) sb      s8, 31(a5)
core   0: 3 0x8000a65a (0x01878fa3) mem 0x80015a36 0x78
core   0: 0x8000a65e (0x03f78d23) sb      t6, 58(a5)
core   0: 3 0x8000a65e (0x03f78d23) mem 0x80015a51 0x0
core   0: 0x8000a662 (0xfc779da3) sh      t2, -37(a5)
core   0: 3 0x8000a662 (0xfc779da3) mem 0x800159f2 0x0000
core   0: 0x8000a666 (0xfdb7da83) lhu     s5, -37(a5)
core   0: 3 0x8000a666 (0xfdb7da83) x21 0x00000000 mem 0x800159f2
core   0: 0x8000a66a (0xfd179da3) sh      a7, -37(a5)
core   0: 3 0x8000a66a (0xfd179da3) mem 0x800159f2 0x0000
core   0: 0x8000a66e (0xfdb79903) lh      s2, -37(a5)
core   0: 3 0x8000a66e (0xfdb79903) x18 0x00000000 mem 0x800159f2
core   0: 0x8000a672 (0x00008d9d) c.sub   a1, a5
core   0: 3 0x8000a672 (0x8d9d) x11 0xffffd07b
core   0: 0x8000a674 (0x01b7cc03) lbu     s8, 27(a5)
core   0: 3 0x8000a674 (0x01b7cc03) x24 0x00000001 mem 0x80015a32
core   0: 0x8000a678 (0x00c78da3) sb      a2, 27(a5)
core   0: 3 0x8000a678 (0x00c78da3) mem 0x80015a32 0x1
core   0: 0x8000a67c (0x01b7d283) lhu     t0, 27(a5)
core   0: 3 0x8000a67c (0x01b7d283) x 5 0x00006501 mem 0x80015a32
core   0: 0x8000a680 (0x00008997) auipc   s3, 0x8
core   0: 3 0x8000a680 (0x00008997) x19 0x80012680
core   0: 0x8000a684 (0xf0d98993) addi    s3, s3, -243
core   0: 3 0x8000a684 (0xf0d98993) x19 0x8001258d
core   0: 0x8000a688 (0x00008f61) c.and   a4, s0
core   0: 3 0x8000a688 (0x8f61) x14 0x00000000
core   0: 0x8000a68a (0x00008dd5) c.or    a1, a3
core   0: 3 0x8000a68a (0x8dd5) x11 0xfffffd7f
core   0: 0x8000a68c (0x28e9ca83) lbu     s5, 654(s3)
core   0: 3 0x8000a68c (0x28e9ca83) x21 0x00000060 mem 0x8001281b
core   0: 0x8000a690 (0x01331a13) slli    s4, t1, 19
core   0: 3 0x8000a690 (0x01331a13) x20 0x29f00000
core   0: 0x8000a694 (0x5be98103) lb      sp, 1470(s3)
core   0: 3 0x8000a694 (0x5be98103) x 2 0x00000011 mem 0x80012b4b
core   0: 0x8000a698 (0x38298b03) lb      s6, 898(s3)
core   0: 3 0x8000a698 (0x38298b03) x22 0x00000071 mem 0x8001290f
core   0: 0x8000a69c (0x01d80bb3) add     s7, a6, t4
core   0: 3 0x8000a69c (0x01d80bb3) x23 0x80027e7d
core   0: 0x8000a6a0 (0x06cce713) ori     a4, s9, 108
core   0: 3 0x8000a6a0 (0x06cce713) x14 0x000b606c
core   0: 0x8000a6a4 (0x5fc0c213) xori    tp, ra, 1532
core   0: 3 0x8000a6a4 (0x5fc0c213) x 4 0x8000a0a8
core   0: 0x8000a6a8 (0x00005b7d) c.li    s6, -1
core   0: 3 0x8000a6a8 (0x5b7d) x22 0xffffffff
core   0: 0x8000a6aa (0xb3d9cf83) lbu     t6, -1219(s3)
core   0: 3 0x8000a6aa (0xb3d9cf83) x31 0x000000de mem 0x800120ca
core   0: 0x8000a6ae (0x000081e9) c.srli  a1, 26
core   0: 3 0x8000a6ae (0x81e9) x11 0x0000003f
core   0: 0x8000a6b0 (0x554988a3) sb      s4, 1361(s3)
core   0: 3 0x8000a6b0 (0x554988a3) mem 0x80012ade 0x0
core   0: 0x8000a6b4 (0x00f5ddb3) srl     s11, a1, a5
core   0: 3 0x8000a6b4 (0x00f5ddb3) x27 0x00000000
core   0: 0x8000a6b8 (0x00006105) c.addi16sp sp, 32
core   0: 3 0x8000a6b8 (0x6105) x 2 0x00000031
core   0: 0x8000a6ba (0x0178e933) or      s2, a7, s7
core   0: 3 0x8000a6ba (0x0178e933) x18 0x80027e7d
core   0: 0x8000a6be (0x4cb996a3) sh      a1, 1229(s3)
core   0: 3 0x8000a6be (0x4cb996a3) mem 0x80012a5a 0x003f
core   0: 0x8000a6c2 (0xd8498c83) lb      s9, -636(s3)
core   0: 3 0x8000a6c2 (0xd8498c83) x25 0x00000064 mem 0x80012311
core   0: 0x8000a6c6 (0x4ddc0593) addi    a1, s8, 1245
core   0: 3 0x8000a6c6 (0x4ddc0593) x11 0x000004de
core   0: 0x8000a6ca (0x037ab8b3) mulhu   a7, s5, s7
core   0: 3 0x8000a6ca (0x037ab8b3) x17 0x00000030
core   0: 0x8000a6ce (0x0230f333) remu    t1, ra, gp
core   0: 3 0x8000a6ce (0x0230f333) x 6 0x00000014
core   0: 0x8000a6d2 (0x000089f9) c.andi  a1, 30
core   0: 3 0x8000a6d2 (0x89f9) x11 0x0000001e
core   0: 0x8000a6d4 (0xeed99703) lh      a4, -275(s3)
core   0: 3 0x8000a6d4 (0xeed99703) x14 0x00003878 mem 0x8001247a
core   0: 0x8000a6d8 (0x29698003) lb      zero, 662(s3)
core   0: 3 0x8000a6d8 (0x29698003) mem 0x80012823
core   0: 0x8000a6dc (0x00615933) srl     s2, sp, t1
core   0: 3 0x8000a6dc (0x00615933) x18 0x00000000
core   0: 0x8000a6e0 (0x78f980a3) sb      a5, 1921(s3)
core   0: 3 0x8000a6e0 (0x78f980a3) mem 0x80012d0e 0x17
core   0: 0x8000a6e4 (0x00edd2b3) srl     t0, s11, a4
core   0: 3 0x8000a6e4 (0x00edd2b3) x 5 0x00000000
core   0: 0x8000a6e8 (0x022354b3) divu    s1, t1, sp
core   0: 3 0x8000a6e8 (0x022354b3) x 9 0x00000000
core   0: 0x8000a6ec (0xb5298e03) lb      t3, -1198(s3)
core   0: 3 0x8000a6ec (0xb5298e03) x28 0xffffffa0 mem 0x800120df
core   0: 0x8000a6f0 (0x41e1d633) sra     a2, gp, t5
core   0: 3 0x8000a6f0 (0x41e1d633) x12 0x00000000
core   0: 0x8000a6f4 (0x00009b7d) c.andi  a4, -1
core   0: 3 0x8000a6f4 (0x9b7d) x14 0x00003878
core   0: 0x8000a6f6 (0xbb09ce03) lbu     t3, -1104(s3)
core   0: 3 0x8000a6f6 (0xbb09ce03) x28 0x00000058 mem 0x8001213d
core   0: 0x8000a6fa (0x03c7fdb3) remu    s11, a5, t3
core   0: 3 0x8000a6fa (0x03c7fdb3) x27 0x00000007
core   0: 0x8000a6fe (0x02325533) divu    a0, tp, gp
core   0: 3 0x8000a6fe (0x02325533) x10 0x03e0fd1c
core   0: 0x8000a702 (0x5659d283) lhu     t0, 1381(s3)
core   0: 3 0x8000a702 (0x5659d283) x 5 0x0000691b mem 0x80012af2
core   0: 0x8000a706 (0x00008497) auipc   s1, 0x8
core   0: 3 0x8000a706 (0x00008497) x 9 0x80012706
core   0: 0x8000a70a (0xf3948493) addi    s1, s1, -199
core   0: 3 0x8000a70a (0xf3948493) x 9 0x8001263f
core   0: 0x8000a70e (0x00016297) auipc   t0, 0x16
core   0: 3 0x8000a70e (0x00016297) x 5 0x8002070e
core   0: 0x8000a712 (0x9f028293) addi    t0, t0, -1552
core   0: 3 0x8000a712 (0x9f028293) x 5 0x800200fe
core   0: 0x8000a716 (0x00c288a3) sb      a2, 17(t0)
core   0: 3 0x8000a716 (0x00c288a3) mem 0x8002010f 0x0
core   0: 0x8000a71a (0xf5f48583) lb      a1, -161(s1)
core   0: 3 0x8000a71a (0xf5f48583) x11 0xffffffd7 mem 0x8001259e
core   0: 0x8000a71e (0xfda29723) sh      s10, -50(t0)
core   0: 3 0x8000a71e (0xfda29723) mem 0x800200cc 0x0078
core   0: 0x8000a722 (0xfa54a8a3) sw      t0, -79(s1)
core   0: 3 0x8000a722 (0xfa54a8a3) mem 0x800125f0 0x800200fe
core   0: 0x8000a726 (0xfee48103) lb      sp, -18(s1)
core   0: 3 0x8000a726 (0xfee48103) x 2 0x00000037 mem 0x8001262d
core   0: 0x8000a72a (0xff9280a3) sb      s9, -31(t0)
core   0: 3 0x8000a72a (0xff9280a3) mem 0x800200df 0x64
core   0: 0x8000a72e (0x02c29423) sh      a2, 40(t0)
core   0: 3 0x8000a72e (0x02c29423) mem 0x80020126 0x0000
core   0: 0x8000a732 (0xf374aaa3) sw      s7, -203(s1)
core   0: 3 0x8000a732 (0xf374aaa3) mem 0x80012574 0x80027e7d
core   0: 0x8000a736 (0x0b54a903) lw      s2, 181(s1)
core   0: 3 0x8000a736 (0x0b54a903) x18 0x60c91d05 mem 0x800126f4
core   0: 0x8000a73a (0x01f49003) lh      zero, 31(s1)
core   0: 3 0x8000a73a (0x01f49003) mem 0x8001265e
core   0: 0x8000a73e (0x04349aa3) sh      gp, 85(s1)
core   0: 3 0x8000a73e (0x04349aa3) mem 0x80012694 0x0021
core   0: 0x8000a742 (0x02429f03) lh      t5, 36(t0)
core   0: 3 0x8000a742 (0x02429f03) x30 0xffffff1d mem 0x80020122
core   0: 0x8000a746 (0x0062ad83) lw      s11, 6(t0)
core   0: 3 0x8000a746 (0x0062ad83) x27 0xfa8cacca mem 0x80020104
core   0: 0x8000a74a (0xf764c583) lbu     a1, -138(s1)
core   0: 3 0x8000a74a (0xf764c583) x11 0x000000c8 mem 0x800125b5
core   0: 0x8000a74e (0x00019517) auipc   a0, 0x19
core   0: 3 0x8000a74e (0x00019517) x10 0x8002374e
core   0: 0x8000a752 (0x91a50513) addi    a0, a0, -1766
core   0: 3 0x8000a752 (0x91a50513) x10 0x80023068
core   0: 0x8000a756 (0x40110433) sub     s0, sp, ra
core   0: 3 0x8000a756 (0x40110433) x 8 0x7fff5ae3
core   0: 0x8000a75a (0x000085e1) c.srai  a1, 24
core   0: 3 0x8000a75a (0x85e1) x11 0x00000000
core   0: 0x8000a75c (0x019f1d93) slli    s11, t5, 25
core   0: 3 0x8000a75c (0x019f1d93) x27 0x3a000000
core   0: 0x8000a760 (0x4009deb3) sra     t4, s3, zero
core   0: 3 0x8000a760 (0x4009deb3) x29 0x8001258d
core   0: 0x8000a764 (0xabaecbb7) lui     s7, 0xabaec
core   0: 3 0x8000a764 (0xabaecbb7) x23 0xabaec000
core   0: 0x8000a768 (0x12052a2f) lr.w    s4, (a0)
core   0: 3 0x8000a768 (0x12052a2f) x20 0x00000001 mem 0x80023068
core   0: 0x8000a76c (0x02a172b3) remu    t0, sp, a0
core   0: 3 0x8000a76c (0x02a172b3) x 5 0x00000037
core   0: 0x8000a770 (0x021bed33) rem     s10, s7, ra
core   0: 3 0x8000a770 (0x021bed33) x26 0xabaec000
core   0: 0x8000a774 (0x000080c1) c.srli  s1, 16
core   0: 3 0x8000a774 (0x80c1) x 9 0x00008001
core   0: 0x8000a776 (0x00006129) c.addi16sp sp, 192
core   0: 3 0x8000a776 (0x6129) x 2 0x000000f7
core   0: 0x8000a778 (0x0000807d) c.srli  s0, 31
core   0: 3 0x8000a778 (0x807d) x 8 0x00000000
core   0: 0x8000a77a (0x01aec933) xor     s2, t4, s10
core   0: 3 0x8000a77a (0x01aec933) x18 0x2bafe58d
core   0: 0x8000a77e (0x000061b9) c.lui   gp, 0xe
core   0: 3 0x8000a77e (0x61b9) x 3 0x0000e000
core   0: 0x8000a780 (0x183520af) sc.w    ra, gp, (a0)
core   0: 3 0x8000a780 (0x183520af) x 1 0x00000000 mem 0x80023068 0x0000e000
core   0: 0x8000a784 (0x00019597) auipc   a1, 0x19
core   0: 3 0x8000a784 (0x00019597) x11 0x80023784
core   0: 0x8000a788 (0x8fc58593) addi    a1, a1, -1796
core   0: 3 0x8000a788 (0x8fc58593) x11 0x80023080
core   0: 0x8000a78c (0x00019897) auipc   a7, 0x19
core   0: 3 0x8000a78c (0x00019897) x17 0x8002378c
core   0: 0x8000a790 (0x8f088893) addi    a7, a7, -1808
core   0: 3 0x8000a790 (0x8f088893) x17 0x8002307c
core   0: 0x8000a794 (0x2495a22f) amoxor.w tp, s1, (a1)
core   0: 3 0x8000a794 (0x2495a22f) x 4 0x7ffd42dc mem 0x80023080 mem 0x80023080 0x7ffdc2dd
core   0: 0x8000a798 (0x1cbbb313) sltiu   t1, s7, 459
core   0: 3 0x8000a798 (0x1cbbb313) x 6 0x00000000
core   0: 0x8000a79c (0x2315acaf) amoxor.w s9, a7, (a1)
core   0: 3 0x8000a79c (0x2315acaf) x25 0x7ffdc2dd mem 0x80023080 mem 0x80023080 0xfffff2a1
core   0: 0x8000a7a0 (0xe598a92f) amomaxu.w s2, s9, (a7)
core   0: 3 0x8000a7a0 (0xe598a92f) x18 0x00000001 mem 0x8002307c mem 0x8002307c 0x7ffdc2dd
core   0: 0x8000a7a4 (0x0000923a) c.add   tp, a4
core   0: 3 0x8000a7a4 (0x923a) x 4 0x7ffd7b54
core   0: 0x8000a7a6 (0x236b7e17) auipc   t3, 0x236b7
core   0: 3 0x8000a7a6 (0x236b7e17) x28 0xa36c17a6
core   0: 0x8000a7aa (0x02a5abaf) amoadd.w s7, a0, (a1)
core   0: 3 0x8000a7aa (0x02a5abaf) x23 0xfffff2a1 mem 0x80023080 mem 0x80023080 0x80022309
core   0: 0x8000a7ae (0x6228a0af) amoand.w ra, sp, (a7)
core   0: 3 0x8000a7ae (0x6228a0af) x 1 0x7ffdc2dd mem 0x8002307c mem 0x8002307c 0x000000d5
core   0: 0x8000a7b2 (0x00006179) c.addi16sp sp, 464
core   0: 3 0x8000a7b2 (0x6179) x 2 0x000002c7
core   0: 0x8000a7b4 (0x4045a32f) amoor.w t1, tp, (a1)
core   0: 3 0x8000a7b4 (0x4045a32f) x 6 0x80022309 mem 0x80023080 mem 0x80023080 0xffff7b5d
core   0: 0x8000a7b8 (0x25b5a02f) amoxor.w zero, s11, (a1)
core   0: 3 0x8000a7b8 (0x25b5a02f) mem 0x80023080 mem 0x80023080 0xc5ff7b5d
core   0: 0x8000a7bc (0x0a25a12f) amoswap.w sp, sp, (a1)
core   0: 3 0x8000a7bc (0x0a25a12f) x 2 0xc5ff7b5d mem 0x80023080 mem 0x80023080 0x000002c7
core   0: 0x8000a7c0 (0x00008485) c.srai  s1, 1
core   0: 3 0x8000a7c0 (0x8485) x 9 0x00004000
core   0: 0x8000a7c2 (0x8135a9af) amomin.w s3, s3, (a1)
core   0: 3 0x8000a7c2 (0x8135a9af) x19 0x000002c7 mem 0x80023080 mem 0x80023080 0x8001258d
core   0: 0x8000a7c6 (0x01c36c33) or      s8, t1, t3
core   0: 3 0x8000a7c6 (0x01c36c33) x24 0xa36e37af
core   0: 0x8000a7ca (0x8165aeaf) amomin.w t4, s6, (a1)
core   0: 3 0x8000a7ca (0x8165aeaf) x29 0x8001258d mem 0x80023080 mem 0x80023080 0x8001258d
core   0: 0x8000a7ce (0x00008a97) auipc   s5, 0x8
core   0: 3 0x8000a7ce (0x00008a97) x21 0x800127ce
core   0: 0x8000a7d2 (0x731a8a93) addi    s5, s5, 1841
core   0: 3 0x8000a7d2 (0x731a8a93) x21 0x80012eff
core   0: 0x8000a7d6 (0xf1ba8ea3) sb      s11, -227(s5)
core   0: 3 0x8000a7d6 (0xf1ba8ea3) mem 0x80012e1c 0x0
core   0: 0x8000a7da (0x00008555) c.srai  a0, 21
core   0: 3 0x8000a7da (0x8555) x10 0xfffffc00
core   0: 0x8000a7dc (0x413ddc93) srai    s9, s11, 19
core   0: 3 0x8000a7dc (0x413ddc93) x25 0x00000740
core   0: 0x8000a7e0 (0x007c87b3) add     a5, s9, t2
core   0: 3 0x8000a7e0 (0x007c87b3) x15 0x00000740
core   0: 0x8000a7e4 (0xfdaa97a3) sh      s10, -49(s5)
core   0: 3 0x8000a7e4 (0xfdaa97a3) mem 0x80012ece 0xc000
core   0: 0x8000a7e8 (0xba954413) xori    s0, a0, -1111
core   0: 3 0x8000a7e8 (0xba954413) x 8 0x000007a9
core   0: 0x8000a7ec (0x00000001) c.nop
core   0: 3 0x8000a7ec (0x0001)
core   0: 0x8000a7ee (0x039231b3) mulhu   gp, tp, s9
core   0: 3 0x8000a7ee (0x039231b3) x 3 0x0000039f
core   0: 0x8000a7f2 (0x0000893d) c.andi  a0, 15
core   0: 3 0x8000a7f2 (0x893d) x10 0x00000000
core   0: 0x8000a7f4 (0x0ff0000f) fence   iorw,iorw
core   0: 3 0x8000a7f4 (0x0ff0000f)
core   0: 0x8000a7f8 (0x05bac203) lbu     tp, 91(s5)
core   0: 3 0x8000a7f8 (0x05bac203) x 4 0x000000cf mem 0x80012f5a
core   0: 0x8000a7fc (0xf73acd03) lbu     s10, -141(s5)
core   0: 3 0x8000a7fc (0xf73acd03) x26 0x000000d2 mem 0x80012e72
core   0: 0x8000a800 (0xfe0a8083) lb      ra, -32(s5)
core   0: 3 0x8000a800 (0xfe0a8083) x 1 0xffffffa2 mem 0x80012edf
core   0: 0x8000a804 (0x00000576) c.slli  a0, 29
core   0: 3 0x8000a804 (0x0576) x10 0x00000000
core   0: 0x8000a806 (0x033f94b3) mulh    s1, t6, s3
core   0: 3 0x8000a806 (0x033f94b3) x 9 0x00000000
core   0: 0x8000a80a (0x00000001) c.nop
core   0: 3 0x8000a80a (0x0001)
core   0: 0x8000a80c (0x417101b3) sub     gp, sp, s7
core   0: 3 0x8000a80c (0x417101b3) x 3 0xc5ff88bc
core   0: 0x8000a810 (0x217bec13) ori     s8, s7, 535
core   0: 3 0x8000a810 (0x217bec13) x24 0xfffff2b7
core   0: 0x8000a814 (0x01d09b93) slli    s7, ra, 29
core   0: 3 0x8000a814 (0x01d09b93) x23 0x40000000
core   0: 0x8000a818 (0x03af4b33) div     s6, t5, s10
core   0: 3 0x8000a818 (0x03af4b33) x22 0xffffffff
core   0: 0x8000a81c (0x024069b3) rem     s3, zero, tp
core   0: 3 0x8000a81c (0x024069b3) x19 0x00000000
core   0: 0x8000a820 (0x0000079e) c.slli  a5, 7
core   0: 3 0x8000a820 (0x079e) x15 0x0003a000
core   0: 0x8000a822 (0x005b5a33) srl     s4, s6, t0
core   0: 3 0x8000a822 (0x005b5a33) x20 0x000001ff
core   0: 0x8000a826 (0xf73ad303) lhu     t1, -141(s5)
core   0: 3 0x8000a826 (0xf73ad303) x 6 0x0000c2d2 mem 0x80012e72
core   0: 0x8000a82a (0x0a9a9ea3) sh      s1, 189(s5)
core   0: 3 0x8000a82a (0x0a9a9ea3) mem 0x80012fbc 0x0000
core   0: 0x8000a82e (0x0b3ad283) lhu     t0, 179(s5)
core   0: 3 0x8000a82e (0x0b3ad283) x 5 0x0000a643 mem 0x80012fb2
core   0: 0x8000a832 (0x01bf4fb3) xor     t6, t5, s11
core   0: 3 0x8000a832 (0x01bf4fb3) x31 0xc5ffff1d
core   0: 0x8000a836 (0x00006cb1) c.lui   s9, 0xc
core   0: 3 0x8000a836 (0x6cb1) x25 0x0000c000
core   0: 0x8000a838 (0x00009a7d) c.andi  a2, -1
core   0: 3 0x8000a838 (0x9a7d) x12 0x00000000
core   0: 0x8000a83a (0x06fa8503) lb      a0, 111(s5)
core   0: 3 0x8000a83a (0x06fa8503) x10 0x00000017 mem 0x80012f6e
core   0: 0x8000a83e (0x025557b3) divu    a5, a0, t0
core   0: 3 0x8000a83e (0x025557b3) x15 0x00000000
core   0: 0x8000a842 (0x00001c08) c.addi4spn a0, sp, 560
core   0: 3 0x8000a842 (0x1c08) x10 0xc5ff7d8d
core   0: 0x8000a844 (0x00008c75) c.and   s0, a3
core   0: 3 0x8000a844 (0x8c75) x 8 0x00000520
core   0: 0x8000a846 (0xf20a8c23) sb      zero, -200(s5)
core   0: 3 0x8000a846 (0xf20a8c23) mem 0x80012e37 0x0
core   0: 0x8000a84a (0xf1dacd83) lbu     s11, -227(s5)
core   0: 3 0x8000a84a (0xf1dacd83) x27 0x00000000 mem 0x80012e1c
core   0: 0x8000a84e (0xf47ad783) lhu     a5, -185(s5)
core   0: 3 0x8000a84e (0xf47ad783) x15 0x00005ddd mem 0x80012e46
core   0: 0x8000a852 (0x00000001) c.nop
core   0: 3 0x8000a852 (0x0001)
core   0: 0x8000a854 (0x40bc5c13) srai    s8, s8, 11
core   0: 3 0x8000a854 (0x40bc5c13) x24 0xfffffffe
core   0: 0x8000a858 (0x03daa2b3) mulhsu  t0, s5, t4
core   0: 3 0x8000a858 (0x03daa2b3) x 5 0xc00004ba
core   0: 0x8000a85c (0xf79acb03) lbu     s6, -135(s5)
core   0: 3 0x8000a85c (0xf79acb03) x22 0x000000d8 mem 0x80012e78
core   0: 0x8000a860 (0x0dbadf03) lhu     t5, 219(s5)
core   0: 3 0x8000a860 (0x0dbadf03) x30 0x0000488f mem 0x80012fda
core   0: 0x8000a864 (0x00016b17) auipc   s6, 0x16
core   0: 3 0x8000a864 (0x00016b17) x22 0x80020864
core   0: 0x8000a868 (0x886b0b13) addi    s6, s6, -1914
core   0: 3 0x8000a868 (0x886b0b13) x22 0x800200ea
core   0: 0x8000a86c (0x00008417) auipc   s0, 0x8
core   0: 3 0x8000a86c (0x00008417) x 8 0x8001286c
core   0: 0x8000a870 (0x9a940413) addi    s0, s0, -1623
core   0: 3 0x8000a870 (0x9a940413) x 8 0x80012215
core   0: 0x8000a874 (0x02540083) lb      ra, 37(s0)
core   0: 3 0x8000a874 (0x02540083) x 1 0x0000000d mem 0x8001223a
core   0: 0x8000a878 (0xfe644d83) lbu     s11, -26(s0)
core   0: 3 0x8000a878 (0xfe644d83) x27 0x00000068 mem 0x800121fb
core   0: 0x8000a87c (0x016b1f23) sh      s6, 30(s6)
core   0: 3 0x8000a87c (0x016b1f23) mem 0x80020108 0x00ea
core   0: 0x8000a880 (0xfe2b09a3) sb      sp, -13(s6)
core   0: 3 0x8000a880 (0xfe2b09a3) mem 0x800200dd 0x5d
core   0: 0x8000a884 (0x01d40523) sb      t4, 10(s0)
core   0: 3 0x8000a884 (0x01d40523) mem 0x8001221f 0x8d
core   0: 0x8000a888 (0xfc6b08a3) sb      t1, -47(s6)
core   0: 3 0x8000a888 (0xfc6b08a3) mem 0x800200bb 0xd2
core   0: 0x8000a88c (0x00644f03) lbu     t5, 6(s0)
core   0: 3 0x8000a88c (0x00644f03) x30 0x000000a7 mem 0x8001221b
core   0: 0x8000a890 (0xfd840c23) sb      s8, -40(s0)
core   0: 3 0x8000a890 (0xfd840c23) mem 0x800121ed 0xfe
core   0: 0x8000a894 (0x001b4e03) lbu     t3, 1(s6)
core   0: 3 0x8000a894 (0x001b4e03) x28 0x0000001f mem 0x800200eb
core   0: 0x8000a898 (0xfd9b0483) lb      s1, -39(s6)
core   0: 3 0x8000a898 (0xfd9b0483) x 9 0x00000053 mem 0x800200c3
core   0: 0x8000a89c (0xfe0b4003) lbu     zero, -32(s6)
core   0: 3 0x8000a89c (0xfe0b4003) mem 0x800200ca
core   0: 0x8000a8a0 (0x03240c23) sb      s2, 56(s0)
core   0: 3 0x8000a8a0 (0x03240c23) mem 0x8001224d 0x1
core   0: 0x8000a8a4 (0x00ab2003) lw      zero, 10(s6)
core   0: 3 0x8000a8a4 (0x00ab2003) mem 0x800200f4
core   0: 0x8000a8a8 (0xffbb4703) lbu     a4, -5(s6)
core   0: 3 0x8000a8a8 (0xffbb4703) x14 0x00000089 mem 0x800200e5
core   0: 0x8000a8ac (0x00040423) sb      zero, 8(s0)
core   0: 3 0x8000a8ac (0x00040423) mem 0x8001221d 0x0
core   0: 0x8000a8b0 (0xfffb4283) lbu     t0, -1(s6)
core   0: 3 0x8000a8b0 (0xfffb4283) x 5 0x000000b5 mem 0x800200e9
core   0: 0x8000a8b4 (0xfccb4783) lbu     a5, -52(s6)
core   0: 3 0x8000a8b4 (0xfccb4783) x15 0x000000ca mem 0x800200b6
core   0: 0x8000a8b8 (0x01944f83) lbu     t6, 25(s0)
core   0: 3 0x8000a8b8 (0x01944f83) x31 0x0000006b mem 0x8001222e
core   0: 0x8000a8bc (0x01940ea3) sb      s9, 29(s0)
core   0: 3 0x8000a8bc (0x01940ea3) mem 0x80012232 0x0
core   0: 0x8000a8c0 (0x01840283) lb      t0, 24(s0)
core   0: 3 0x8000a8c0 (0x01840283) x 5 0x00000021 mem 0x8001222d
core   0: 0x8000a8c4 (0x0000a317) auipc   t1, 0xa
core   0: 3 0x8000a8c4 (0x0000a317) x 6 0x800148c4
core   0: 0x8000a8c8 (0xde630313) addi    t1, t1, -538
core   0: 3 0x8000a8c8 (0xde630313) x 6 0x800146aa
core   0: 0x8000a8cc (0x03949433) mulh    s0, s1, s9
core   0: 3 0x8000a8cc (0x03949433) x 8 0x00000000
core   0: 0x8000a8d0 (0x008604b3) add     s1, a2, s0
core   0: 3 0x8000a8d0 (0x008604b3) x 9 0x00000000
core   0: 0x8000a8d4 (0x000084d5) c.srai  s1, 21
core   0: 3 0x8000a8d4 (0x84d5) x 9 0x00000000
core   0: 0x8000a8d6 (0xfff30603) lb      a2, -1(t1)
core   0: 3 0x8000a8d6 (0xfff30603) x12 0xffffffe2 mem 0x800146a9
core   0: 0x8000a8da (0x01031603) lh      a2, 16(t1)
core   0: 3 0x8000a8da (0x01031603) x12 0x000079c2 mem 0x800146ba
core   0: 0x8000a8de (0xfff30503) lb      a0, -1(t1)
core   0: 3 0x8000a8de (0xfff30503) x10 0xffffffe2 mem 0x800146a9
core   0: 0x8000a8e2 (0x00831483) lh      s1, 8(t1)
core   0: 3 0x8000a8e2 (0x00831483) x 9 0x000057c3 mem 0x800146b2
core   0: 0x8000a8e6 (0xff834603) lbu     a2, -8(t1)
core   0: 3 0x8000a8e6 (0xff834603) x12 0x000000af mem 0x800146a2
core   0: 0x8000a8ea (0x00730603) lb      a2, 7(t1)
core   0: 3 0x8000a8ea (0x00730603) x12 0x00000001 mem 0x800146b1
core   0: 0x8000a8ee (0xff431903) lh      s2, -12(t1)
core   0: 3 0x8000a8ee (0xff431903) x18 0x000061c2 mem 0x8001469e
core   0: 0x8000a8f2 (0x00a306a3) sb      a0, 13(t1)
core   0: 3 0x8000a8f2 (0x00a306a3) mem 0x800146b7 0xe2
core   0: 0x8000a8f6 (0xff930ba3) sb      s9, -9(t1)
core   0: 3 0x8000a8f6 (0xff930ba3) mem 0x800146a1 0x0
core   0: 0x8000a8fa (0x00330c83) lb      s9, 3(t1)
core   0: 3 0x8000a8fa (0x00330c83) x25 0xffffffca mem 0x800146ad
core   0: 0x8000a8fe (0x00232c83) lw      s9, 2(t1)
core   0: 3 0x8000a8fe (0x00232c83) x25 0xc392ca8f mem 0x800146ac
core   0: 0x8000a902 (0xff434c83) lbu     s9, -12(t1)
core   0: 3 0x8000a902 (0xff434c83) x25 0x000000c2 mem 0x8001469e
core   0: 0x8000a906 (0x00000001) c.nop
core   0: 3 0x8000a906 (0x0001)
core   0: 0x8000a908 (0xffa34903) lbu     s2, -6(t1)
core   0: 3 0x8000a908 (0xffa34903) x18 0x00000092 mem 0x800146a4
core   0: 0x8000a90c (0xff334603) lbu     a2, -13(t1)
core   0: 3 0x8000a90c (0xff334603) x12 0x0000004f mem 0x8001469d
core   0: 0x8000a910 (0x00430603) lb      a2, 4(t1)
core   0: 3 0x8000a910 (0x00430603) x12 0xffffff92 mem 0x800146ae
core   0: 0x8000a914 (0xff830c83) lb      s9, -8(t1)
core   0: 3 0x8000a914 (0xff830c83) x25 0xffffffaf mem 0x800146a2
core   0: 0x8000a918 (0x0000100f) fence.i
core   0: 3 0x8000a918 (0x0000100f)
core   0: 0x8000a91c (0x01230223) sb      s2, 4(t1)
core   0: 3 0x8000a91c (0x01230223) mem 0x800146ae 0x92
core   0: 0x8000a920 (0x00000001) c.nop
core   0: 3 0x8000a920 (0x0001)
core   0: 0x8000a922 (0x00c306a3) sb      a2, 13(t1)
core   0: 3 0x8000a922 (0x00c306a3) mem 0x800146b7 0x92
core   0: 0x8000a926 (0x40acd433) sra     s0, s9, a0
core   0: 3 0x8000a926 (0x40acd433) x 8 0xffffffeb
core   0: 0x8000a92a (0x00e32503) lw      a0, 14(t1)
core   0: 3 0x8000a92a (0x00e32503) x10 0x79c24faf mem 0x800146b8
core   0: 0x8000a92e (0xff130603) lb      a2, -15(t1)
core   0: 3 0x8000a92e (0xff130603) x12 0xffffffb6 mem 0x8001469b
core   0: 0x8000a932 (0x03243633) mulhu   a2, s0, s2
core   0: 3 0x8000a932 (0x03243633) x12 0x00000091
core   0: 0x8000a936 (0x01993933) sltu    s2, s2, s9
core   0: 3 0x8000a936 (0x01993933) x18 0x00000001
core   0: 0x8000a93a (0x012303a3) sb      s2, 7(t1)
core   0: 3 0x8000a93a (0x012303a3) mem 0x800146b1 0x1
core   0: 0x8000a93e (0x00930323) sb      s1, 6(t1)
core   0: 3 0x8000a93e (0x00930323) mem 0x800146b0 0xc3
core   0: 0x8000a942 (0x00e32403) lw      s0, 14(t1)
core   0: 3 0x8000a942 (0x00e32403) x 8 0x79c24faf mem 0x800146b8
core   0: 0x8000a946 (0x009302a3) sb      s1, 5(t1)
core   0: 3 0x8000a946 (0x009302a3) mem 0x800146af 0xc3
core   0: 0x8000a94a (0x01296433) or      s0, s2, s2
core   0: 3 0x8000a94a (0x01296433) x 8 0x00000001
core   0: 0x8000a94e (0xfea31923) sh      a0, -14(t1)
core   0: 3 0x8000a94e (0xfea31923) mem 0x8001469c 0x4faf
core   0: 0x8000a952 (0xfea30c23) sb      a0, -8(t1)
core   0: 3 0x8000a952 (0xfea30c23) mem 0x800146a2 0xaf
core   0: 0x8000a956 (0x00930503) lb      a0, 9(t1)
core   0: 3 0x8000a956 (0x00930503) x10 0x00000057 mem 0x800146b3
core   0: 0x8000a95a (0x00a30623) sb      a0, 12(t1)
core   0: 3 0x8000a95a (0x00a30623) mem 0x800146b6 0x57
core   0: 0x8000a95e (0x00130603) lb      a2, 1(t1)
core   0: 3 0x8000a95e (0x00130603) x12 0x00000045 mem 0x800146ab
core   0: 0x8000a962 (0x00012717) auipc   a4, 0x12
core   0: 3 0x8000a962 (0x00012717) x14 0x8001c962
core   0: 0x8000a966 (0x05470713) addi    a4, a4, 84
core   0: 3 0x8000a966 (0x05470713) x14 0x8001c9b6
core   0: 0x8000a96a (0x00017897) auipc   a7, 0x17
core   0: 3 0x8000a96a (0x00017897) x17 0x8002196a
core   0: 0x8000a96e (0x53f88893) addi    a7, a7, 1343
core   0: 3 0x8000a96e (0x53f88893) x17 0x80021ea9
core   0: 0x8000a972 (0xfe374d83) lbu     s11, -29(a4)
core   0: 3 0x8000a972 (0xfe374d83) x27 0x000000a2 mem 0x8001c999
core   0: 0x8000a976 (0x00011d17) auipc   s10, 0x11
core   0: 3 0x8000a976 (0x00011d17) x26 0x8001b976
core   0: 0x8000a97a (0x105d0d13) addi    s10, s10, 261
core   0: 3 0x8000a97a (0x105d0d13) x26 0x8001ba7b
core   0: 0x8000a97e (0xe9cd0f83) lb      t6, -356(s10)
core   0: 3 0x8000a97e (0xe9cd0f83) x31 0xffffffaa mem 0x8001b917
core   0: 0x8000a982 (0x00017f17) auipc   t5, 0x17
core   0: 3 0x8000a982 (0x00017f17) x30 0x80021982
core   0: 0x8000a986 (0x5a2f0f13) addi    t5, t5, 1442
core   0: 3 0x8000a986 (0x5a2f0f13) x30 0x80021f24
core   0: 0x8000a98a (0x95fd1183) lh      gp, -1697(s10)
core   0: 3 0x8000a98a (0x95fd1183) x 3 0xffff8a0e mem 0x8001b3da
core   0: 0x8000a98e (0xf9af0723) sb      s10, -114(t5)
core   0: 3 0x8000a98e (0xf9af0723) mem 0x80021eb2 0x7b
core   0: 0x8000a992 (0x02d74203) lbu     tp, 45(a4)
core   0: 3 0x8000a992 (0x02d74203) x 4 0x0000006b mem 0x8001c9e3
core   0: 0x8000a996 (0xe7b88783) lb      a5, -389(a7)
core   0: 3 0x8000a996 (0xe7b88783) x15 0xffffff93 mem 0x80021d24
core   0: 0x8000a99a (0x5c2894a3) sh      sp, 1481(a7)
core   0: 3 0x8000a99a (0x5c2894a3) mem 0x80022472 0x7b5d
core   0: 0x8000a99e (0xf9df4e83) lbu     t4, -99(t5)
core   0: 3 0x8000a99e (0xf9df4e83) x29 0x00000019 mem 0x80021ec1
core   0: 0x8000a9a2 (0x00ff4b83) lbu     s7, 15(t5)
core   0: 3 0x8000a9a2 (0x00ff4b83) x23 0x000000f7 mem 0x80021f33
core   0: 0x8000a9a6 (0xe5a88ba3) sb      s10, -425(a7)
core   0: 3 0x8000a9a6 (0xe5a88ba3) mem 0x80021d00 0x7b
core   0: 0x8000a9aa (0x0d570983) lb      s3, 213(a4)
core   0: 3 0x8000a9aa (0x0d570983) x19 0x0000004b mem 0x8001ca8b
core   0: 0x8000a9ae (0xf80f1b03) lh      s6, -128(t5)
core   0: 3 0x8000a9ae (0xf80f1b03) x22 0xffffbcc6 mem 0x80021ea4
core   0: 0x8000a9b2 (0xf7271f23) sh      s2, -130(a4)
core   0: 3 0x8000a9b2 (0xf7271f23) mem 0x8001c934 0x0001
core   0: 0x8000a9b6 (0xfd970323) sb      s9, -58(a4)
core   0: 3 0x8000a9b6 (0xfd970323) mem 0x8001c97c 0xaf
core   0: 0x8000a9ba (0x1cd8d203) lhu     tp, 461(a7)
core   0: 3 0x8000a9ba (0x1cd8d203) x 4 0x000085f1 mem 0x80022076
core   0: 0x8000a9be (0x67cd0c23) sb      t3, 1656(s10)
core   0: 3 0x8000a9be (0x67cd0c23) mem 0x8001c0f3 0x1f
core   0: 0x8000a9c2 (0xfe8f5103) lhu     sp, -24(t5)
core   0: 3 0x8000a9c2 (0xfe8f5103) x 2 0x00009898 mem 0x80021f0c
core   0: 0x8000a9c6 (0x3d970983) lb      s3, 985(a4)
core   0: 3 0x8000a9c6 (0x3d970983) x19 0x00000030 mem 0x8001cd8f
core   0: 0x8000a9ca (0xee2d0da3) sb      sp, -261(s10)
core   0: 3 0x8000a9ca (0xee2d0da3) mem 0x8001b976 0x98
core   0: 0x8000a9ce (0x4f68c503) lbu     a0, 1270(a7)
core   0: 3 0x8000a9ce (0x4f68c503) x10 0x00000067 mem 0x8002239f
core   0: 0x8000a9d2 (0xf92f4503) lbu     a0, -110(t5)
core   0: 3 0x8000a9d2 (0xf92f4503) x10 0x00000019 mem 0x80021eb6
core   0: 0x8000a9d6 (0x3d8d4b83) lbu     s7, 984(s10)
core   0: 3 0x8000a9d6 (0x3d8d4b83) x23 0x0000007f mem 0x8001be53
core   0: 0x8000a9da (0xfdbf1623) sh      s11, -52(t5)
core   0: 3 0x8000a9da (0xfdbf1623) mem 0x80021ef0 0x00a2
core   0: 0x8000a9de (0xce671e03) lh      t3, -794(a4)
core   0: 3 0x8000a9de (0xce671e03) x28 0x000018f5 mem 0x8001c69c
core   0: 0x8000a9e2 (0xcc970a83) lb      s5, -823(a4)
core   0: 3 0x8000a9e2 (0xcc970a83) x21 0x00000063 mem 0x8001c67f
core   0: 0x8000a9e6 (0xd45d4583) lbu     a1, -699(s10)
core   0: 3 0x8000a9e6 (0xd45d4583) x11 0x00000073 mem 0x8001b7c0
core   0: 0x8000a9ea (0x372894a3) sh      s2, 873(a7)
core   0: 3 0x8000a9ea (0x372894a3) mem 0x80022212 0x0001
core   0: 0x8000a9ee (0x00018c17) auipc   s8, 0x18
core   0: 3 0x8000a9ee (0x00018c17) x24 0x800229ee
core   0: 0x8000a9f2 (0x666c0c13) addi    s8, s8, 1638
core   0: 3 0x8000a9f2 (0x666c0c13) x24 0x80023054
core   0: 0x8000a9f6 (0x00018e97) auipc   t4, 0x18
core   0: 3 0x8000a9f6 (0x00018e97) x29 0x800229f6
core   0: 0x8000a9fa (0x67ae8e93) addi    t4, t4, 1658
core   0: 3 0x8000a9fa (0x67ae8e93) x29 0x80023070
core   0: 0x8000a9fe (0x452c21af) amoor.w gp, s2, (s8)
core   0: 3 0x8000a9fe (0x452c21af) x 3 0x000006de mem 0x80023054 mem 0x80023054 0x000006df
core   0: 0x8000aa02 (0x031c29af) amoadd.w s3, a7, (s8)
core   0: 3 0x8000aa02 (0x031c29af) x19 0x000006df mem 0x80023054 mem 0x80023054 0x80022588
core   0: 0x8000aa06 (0x652c22af) amoand.w t0, s2, (s8)
core   0: 3 0x8000aa06 (0x652c22af) x 5 0x80022588 mem 0x80023054 mem 0x80023054 0x00000000
core   0: 0x8000aa0a (0x43cc25af) amoor.w a1, t3, (s8)
core   0: 3 0x8000aa0a (0x43cc25af) x11 0x00000000 mem 0x80023054 mem 0x80023054 0x000018f5
core   0: 0x8000aa0e (0x056eadaf) amoadd.w s11, s6, (t4)
core   0: 3 0x8000aa0e (0x056eadaf) x27 0x8000e15c mem 0x80023070 mem 0x80023070 0x80009e22
core   0: 0x8000aa12 (0x0b4c252f) amoswap.w a0, s4, (s8)
core   0: 3 0x8000aa12 (0x0b4c252f) x10 0x000018f5 mem 0x80023054 mem 0x80023054 0x000001ff
core   0: 0x8000aa16 (0x0000c997) auipc   s3, 0xc
core   0: 3 0x8000aa16 (0x0000c997) x19 0x80016a16
core   0: 0x8000aa1a (0x2a698993) addi    s3, s3, 678
core   0: 3 0x8000aa1a (0x2a698993) x19 0x80016cbc
core   0: 0x8000aa1e (0xf9e98503) lb      a0, -98(s3)
core   0: 3 0x8000aa1e (0xf9e98503) x10 0xffffffc2 mem 0x80016c5a
core   0: 0x8000aa22 (0x024af7b3) remu    a5, s5, tp
core   0: 3 0x8000aa22 (0x024af7b3) x15 0x00000063
core   0: 0x8000aa26 (0x9b0d6097) auipc   ra, 0x9b0d6
core   0: 3 0x8000aa26 (0x9b0d6097) x 1 0x1b0e0a26
core   0: 0x8000aa2a (0xaaa08897) auipc   a7, 0xaaa08
core   0: 3 0x8000aa2a (0xaaa08897) x17 0x2aa12a2a
core   0: 0x8000aa2e (0x00008f75) c.and   a4, a3
core   0: 3 0x8000aa2e (0x8f75) x14 0x80008924
core   0: 0x8000aa30 (0xf3e9c003) lbu     zero, -194(s3)
core   0: 3 0x8000aa30 (0xf3e9c003) mem 0x80016bfa
core   0: 0x8000aa34 (0x0396cbb3) div     s7, a3, s9
core   0: 3 0x8000aa34 (0x0396cbb3) x23 0x01948267
core   0: 0x8000aa38 (0x00008d21) c.xor   a0, s0
core   0: 3 0x8000aa38 (0x8d21) x10 0xffffffc3
core   0: 0x8000aa3a (0xf6e984a3) sb      a4, -151(s3)
core   0: 3 0x8000aa3a (0xf6e984a3) mem 0x80016c25 0x24
core   0: 0x8000aa3e (0x00008669) c.srai  a2, 26
core   0: 3 0x8000aa3e (0x8669) x12 0x00000000
core   0: 0x8000aa40 (0x02f98e03) lb      t3, 47(s3)
core   0: 3 0x8000aa40 (0x02f98e03) x28 0xffffffa1 mem 0x80016ceb
core   0: 0x8000aa44 (0x01d35ab3) srl     s5, t1, t4
core   0: 3 0x8000aa44 (0x01d35ab3) x21 0x00008001
core   0: 0x8000aa48 (0xf85e0113) addi    sp, t3, -123
core   0: 3 0x8000aa48 (0xf85e0113) x 2 0xffffff26
core   0: 0x8000aa4c (0xea097593) andi    a1, s2, -352
core   0: 3 0x8000aa4c (0xea097593) x11 0x00000000
core   0: 0x8000aa50 (0xffd98903) lb      s2, -3(s3)
core   0: 3 0x8000aa50 (0xffd98903) x18 0xffffffd2 mem 0x80016cb9
core   0: 0x8000aa54 (0xfd59c703) lbu     a4, -43(s3)
core   0: 3 0x8000aa54 (0xfd59c703) x14 0x00000004 mem 0x80016c91
core   0: 0x8000aa58 (0x0c89c703) lbu     a4, 200(s3)
core   0: 3 0x8000aa58 (0x0c89c703) x14 0x00000009 mem 0x80016d84
core   0: 0x8000aa5c (0x00ba77b3) and     a5, s4, a1
core   0: 3 0x8000aa5c (0x00ba77b3) x15 0x00000000
core   0: 0x8000aa60 (0x0000100f) fence.i
core   0: 3 0x8000aa60 (0x0000100f)
core   0: 0x8000aa64 (0x0ff0000f) fence   iorw,iorw
core   0: 3 0x8000aa64 (0x0ff0000f)
core   0: 0x8000aa68 (0x00008fd1) c.or    a5, a2
core   0: 3 0x8000aa68 (0x8fd1) x15 0x00000000
core   0: 0x8000aa6a (0x0a298123) sb      sp, 162(s3)
core   0: 3 0x8000aa6a (0x0a298123) mem 0x80016d5e 0x26
core   0: 0x8000aa6e (0xf6d98303) lb      t1, -147(s3)
core   0: 3 0x8000aa6e (0xf6d98303) x 6 0x00000020 mem 0x80016c29
core   0: 0x8000aa72 (0x2d3fa293) slti    t0, t6, 723
core   0: 3 0x8000aa72 (0x2d3fa293) x 5 0x00000001
core   0: 0x8000aa76 (0x0063ac33) slt     s8, t2, t1
core   0: 3 0x8000aa76 (0x0063ac33) x24 0x00000001
core   0: 0x8000aa7a (0xfdb99e23) sh      s11, -36(s3)
core   0: 3 0x8000aa7a (0xfdb99e23) mem 0x80016c98 0xe15c
core   0: 0x8000aa7e (0x00cf3f33) sltu    t5, t5, a2
core   0: 3 0x8000aa7e (0x00cf3f33) x30 0x00000000
core   0: 0x8000aa82 (0xf2598303) lb      t1, -219(s3)
core   0: 3 0x8000aa82 (0xf2598303) x 6 0x0000006c mem 0x80016be1
core   0: 0x8000aa86 (0x00008ddd) c.or    a1, a5
core   0: 3 0x8000aa86 (0x8ddd) x11 0x00000000
core   0: 0x8000aa88 (0xfdf98503) lb      a0, -33(s3)
core   0: 3 0x8000aa88 (0xfdf98503) x10 0x0000001d mem 0x80016c9b
core   0: 0x8000aa8c (0xf7d9c303) lbu     t1, -131(s3)
core   0: 3 0x8000aa8c (0xf7d9c303) x 6 0x00000014 mem 0x80016c39
core   0: 0x8000aa90 (0x0149cd03) lbu     s10, 20(s3)
core   0: 3 0x8000aa90 (0x0149cd03) x26 0x00000019 mem 0x80016cd0
core   0: 0x8000aa94 (0x01a93c33) sltu    s8, s2, s10
core   0: 3 0x8000aa94 (0x01a93c33) x24 0x00000000
core   0: 0x8000aa98 (0x03e9cd03) lbu     s10, 62(s3)
core   0: 3 0x8000aa98 (0x03e9cd03) x26 0x00000056 mem 0x80016cfa
core   0: 0x8000aa9c (0x00581c93) slli    s9, a6, 5
core   0: 3 0x8000aa9c (0x00581c93) x25 0x004fcf80
core   0: 0x8000aaa0 (0xfa198aa3) sb      ra, -75(s3)
core   0: 3 0x8000aaa0 (0xfa198aa3) mem 0x80016c71 0x26
core   0: 0x8000aaa4 (0xf3f9cb83) lbu     s7, -193(s3)
core   0: 3 0x8000aaa4 (0xf3f9cb83) x23 0x000000cd mem 0x80016bfb
core   0: 0x8000aaa8 (0xfd098623) sb      a6, -52(s3)
core   0: 3 0x8000aaa8 (0xfd098623) mem 0x80016c88 0x7c
core   0: 0x8000aaac (0xf439cf03) lbu     t5, -189(s3)
core   0: 3 0x8000aaac (0xf439cf03) x30 0x0000006b mem 0x80016bff
core   0: 0x8000aab0 (0xfa799823) sh      t2, -80(s3)
core   0: 3 0x8000aab0 (0xfa799823) mem 0x80016c6c 0x0000
core   0: 0x8000aab4 (0x03613d33) mulhu   s10, sp, s6
core   0: 3 0x8000aab4 (0x03613d33) x26 0xffffbbec
core   0: 0x8000aab8 (0xf2e9c083) lbu     ra, -210(s3)
core   0: 3 0x8000aab8 (0xf2e9c083) x 1 0x00000015 mem 0x80016bea
core   0: 0x8000aabc (0x000087fe) c.mv    a5, t6
core   0: 3 0x8000aabc (0x87fe) x15 0xffffffaa
core   0: 0x8000aabe (0x0f99cd83) lbu     s11, 249(s3)
core   0: 3 0x8000aabe (0x0f99cd83) x27 0x00000094 mem 0x80016db5
core   0: 0x8000aac2 (0x00018e17) auipc   t3, 0x18
core   0: 3 0x8000aac2 (0x00018e17) x28 0x80022ac2
core   0: 0x8000aac6 (0x5aee0e13) addi    t3, t3, 1454
core   0: 3 0x8000aac6 (0x5aee0e13) x28 0x80023070
core   0: 0x8000aaca (0x00008d09) c.sub   a0, a0
core   0: 3 0x8000aaca (0x8d09) x10 0x00000000
core   0: 0x8000aacc (0x00008f75) c.and   a4, a3
core   0: 3 0x8000aacc (0x8f75) x14 0x00000000
core   0: 0x8000aace (0x00008fee) c.mv    t6, s11
core   0: 3 0x8000aace (0x8fee) x31 0x00000094
core   0: 0x8000aad0 (0x0213c7b3) div     a5, t2, ra
core   0: 3 0x8000aad0 (0x0213c7b3) x15 0x00000000
core   0: 0x8000aad4 (0x01ecd913) srli    s2, s9, 30
core   0: 3 0x8000aad4 (0x01ecd913) x18 0x00000000
core   0: 0x8000aad8 (0x100e21af) lr.w    gp, (t3)
core   0: 3 0x8000aad8 (0x100e21af) x 3 0x80009e22 mem 0x80023070
core   0: 0x8000aadc (0x183e2f2f) sc.w    t5, gp, (t3)
core   0: 3 0x8000aadc (0x183e2f2f) x30 0x00000000 mem 0x80023070 0x80009e22
core   0: 0x8000aae0 (0x00a000ef) jal     pc + 0xa
core   0: 3 0x8000aae0 (0x00a000ef) x 1 0x8000aae4
core   0: 0x8000aaea (0x0000a811) c.j     pc + 20
core   0: 3 0x8000aaea (0xa811)
core   0: 0x8000aafe (0x00003fed) c.jal   pc - 6
core   0: 3 0x8000aafe (0x3fed) x 1 0x8000ab00
core   0: 0x8000aaf8 (0xffbff0ef) jal     pc - 0x6
core   0: 3 0x8000aaf8 (0xffbff0ef) x 1 0x8000aafc
core   0: 0x8000aaf2 (0x00002009) c.jal   pc + 2
core   0: 3 0x8000aaf2 (0x2009) x 1 0x8000aaf4
core   0: 0x8000aaf4 (0xffbff0ef) jal     pc - 0x6
core   0: 3 0x8000aaf4 (0xffbff0ef) x 1 0x8000aaf8
core   0: 0x8000aaee (0x00003fed) c.jal   pc - 6
core   0: 3 0x8000aaee (0x3fed) x 1 0x8000aaf0
core   0: 0x8000aae8 (0x00002021) c.jal   pc + 8
core   0: 3 0x8000aae8 (0x2021) x 1 0x8000aaea
core   0: 0x8000aaf0 (0x00003ff5) c.jal   pc - 4
core   0: 3 0x8000aaf0 (0x3ff5) x 1 0x8000aaf2
core   0: 0x8000aaec (0x0000bfe5) c.j     pc - 8
core   0: 3 0x8000aaec (0xbfe5)
core   0: 0x8000aae4 (0x018000ef) jal     pc + 0x18
core   0: 3 0x8000aae4 (0x018000ef) x 1 0x8000aae8
core   0: 0x8000aafc (0x0000a011) c.j     pc + 4
core   0: 3 0x8000aafc (0xa011)
core   0: 0x8000ab00 (0x01927033) and     zero, tp, s9
core   0: 3 0x8000ab00 (0x01927033)
core   0: 0x8000ab04 (0x00018117) auipc   sp, 0x18
core   0: 3 0x8000ab04 (0x00018117) x 2 0x80022b04
core   0: 0x8000ab08 (0x55010113) addi    sp, sp, 1360
core   0: 3 0x8000ab08 (0x55010113) x 2 0x80023054
core   0: 0x8000ab0c (0x00018197) auipc   gp, 0x18
core   0: 3 0x8000ab0c (0x00018197) x 3 0x80022b0c
core   0: 0x8000ab10 (0x57418193) addi    gp, gp, 1396
core   0: 3 0x8000ab10 (0x57418193) x 3 0x80023080
core   0: 0x8000ab14 (0x000050fd) c.li    ra, -1
core   0: 3 0x8000ab14 (0x50fd) x 1 0xffffffff
core   0: 0x8000ab16 (0x40012a2f) amoor.w s4, zero, (sp)
core   0: 3 0x8000ab16 (0x40012a2f) x20 0x000001ff mem 0x80023054 mem 0x80023054 0x000001ff
core   0: 0x8000ab1a (0xc4a1ad2f) amominu.w s10, a0, (gp)
core   0: 3 0x8000ab1a (0xc4a1ad2f) x26 0x8001258d mem 0x80023080 mem 0x80023080 0x00000000
core   0: 0x8000ab1e (0x4361a72f) amoor.w a4, s6, (gp)
core   0: 3 0x8000ab1e (0x4361a72f) x14 0x00000000 mem 0x80023080 mem 0x80023080 0xffffbcc6
core   0: 0x8000ab22 (0x00008bae) c.mv    s7, a1
core   0: 3 0x8000ab22 (0x8bae) x23 0x00000000
core   0: 0x8000ab24 (0x02774ab3) div     s5, a4, t2
core   0: 3 0x8000ab24 (0x02774ab3) x21 0xffffffff
core   0: 0x8000ab28 (0x61612e2f) amoand.w t3, s6, (sp)
core   0: 3 0x8000ab28 (0x61612e2f) x28 0x000001ff mem 0x80023054 mem 0x80023054 0x000000c6
core   0: 0x8000ab2c (0x8511242f) amomin.w s0, a7, (sp)
core   0: 3 0x8000ab2c (0x8511242f) x 8 0x000000c6 mem 0x80023054 mem 0x80023054 0x000000c6
core   0: 0x8000ab30 (0x039f1d33) mulh    s10, t5, s9
core   0: 3 0x8000ab30 (0x039f1d33) x26 0x00000000
core   0: 0x8000ab34 (0x82612f2f) amomin.w t5, t1, (sp)
core   0: 3 0x8000ab34 (0x82612f2f) x30 0x000000c6 mem 0x80023054 mem 0x80023054 0x00000014
core   0: 0x8000ab38 (0x02a5a9b3) mulhsu  s3, a1, a0
core   0: 3 0x8000ab38 (0x02a5a9b3) x19 0x00000000
core   0: 0x8000ab3c (0xc0e125af) amominu.w a1, a4, (sp)
core   0: 3 0x8000ab3c (0xc0e125af) x11 0x00000014 mem 0x80023054 mem 0x80023054 0x00000000
core   0: 0x8000ab40 (0x2161272f) amoxor.w a4, s6, (sp)
core   0: 3 0x8000ab40 (0x2161272f) x14 0x00000000 mem 0x80023054 mem 0x80023054 0xffffbcc6
core   0: 0x8000ab44 (0xc3b1a42f) amominu.w s0, s11, (gp)
core   0: 3 0x8000ab44 (0xc3b1a42f) x 8 0xffffbcc6 mem 0x80023080 mem 0x80023080 0x00000094
core   0: 0x8000ab48 (0xc5712a2f) amominu.w s4, s7, (sp)
core   0: 3 0x8000ab48 (0xc5712a2f) x20 0xffffbcc6 mem 0x80023054 mem 0x80023054 0x00000000
core   0: 0x8000ab4c (0x00007b97) auipc   s7, 0x7
core   0: 3 0x8000ab4c (0x00007b97) x23 0x80011b4c
core   0: 0x8000ab50 (0x7e9b8b93) addi    s7, s7, 2025
core   0: 3 0x8000ab50 (0x7e9b8b93) x23 0x80012335
core   0: 0x8000ab54 (0x00007c17) auipc   s8, 0x7
core   0: 3 0x8000ab54 (0x00007c17) x24 0x80011b54
core   0: 0x8000ab58 (0x69cc0c13) addi    s8, s8, 1692
core   0: 3 0x8000ab58 (0x69cc0c13) x24 0x800121f0
core   0: 0x8000ab5c (0xfddb8ca3) sb      t4, -39(s7)
core   0: 3 0x8000ab5c (0xfddb8ca3) mem 0x8001230e 0x70
core   0: 0x8000ab60 (0x025c4183) lbu     gp, 37(s8)
core   0: 3 0x8000ab60 (0x025c4183) x 3 0x00000092 mem 0x80012215
core   0: 0x8000ab64 (0xffbb8e03) lb      t3, -5(s7)
core   0: 3 0x8000ab64 (0xffbb8e03) x28 0xfffffffb mem 0x80012330
core   0: 0x8000ab68 (0xfe4c4a83) lbu     s5, -28(s8)
core   0: 3 0x8000ab68 (0xfe4c4a83) x21 0x0000000c mem 0x800121d4
core   0: 0x8000ab6c (0xfc3b8403) lb      s0, -61(s7)
core   0: 3 0x8000ab6c (0xfc3b8403) x 8 0x00000042 mem 0x800122f8
core   0: 0x8000ab70 (0x007c01a3) sb      t2, 3(s8)
core   0: 3 0x8000ab70 (0x007c01a3) mem 0x800121f3 0x0
core   0: 0x8000ab74 (0xf41c0a83) lb      s5, -191(s8)
core   0: 3 0x8000ab74 (0xf41c0a83) x21 0x0000005c mem 0x80012131
core   0: 0x8000ab78 (0x010bc983) lbu     s3, 16(s7)
core   0: 3 0x8000ab78 (0x010bc983) x19 0x00000055 mem 0x80012345
core   0: 0x8000ab7c (0x00cb85a3) sb      a2, 11(s7)
core   0: 3 0x8000ab7c (0x00cb85a3) mem 0x80012340 0x0
core   0: 0x8000ab80 (0xfdec1183) lh      gp, -34(s8)
core   0: 3 0x8000ab80 (0xfdec1183) x 3 0x0000771c mem 0x800121ce
core   0: 0x8000ab84 (0xfefb97a3) sh      a5, -17(s7)
core   0: 3 0x8000ab84 (0xfefb97a3) mem 0x80012324 0x0000
core   0: 0x8000ab88 (0xfe4c1623) sh      tp, -20(s8)
core   0: 3 0x8000ab88 (0xfe4c1623) mem 0x800121dc 0x85f1
core   0: 0x8000ab8c (0x0b2c5303) lhu     t1, 178(s8)
core   0: 3 0x8000ab8c (0x0b2c5303) x 6 0x0000031f mem 0x800122a2
core   0: 0x8000ab90 (0xfddb82a3) sb      t4, -59(s7)
core   0: 3 0x8000ab90 (0xfddb82a3) mem 0x800122fa 0x70
core   0: 0x8000ab94 (0xf47c4703) lbu     a4, -185(s8)
core   0: 3 0x8000ab94 (0xf47c4703) x14 0x000000b6 mem 0x80012137
core   0: 0x8000ab98 (0xfe4bc283) lbu     t0, -28(s7)
core   0: 3 0x8000ab98 (0xfe4bc283) x 5 0x0000002e mem 0x80012319
core   0: 0x8000ab9c (0x02bb8103) lb      sp, 43(s7)
core   0: 3 0x8000ab9c (0x02bb8103) x 2 0x00000061 mem 0x80012360
core   0: 0x8000aba0 (0xfaec0003) lb      zero, -82(s8)
core   0: 3 0x8000aba0 (0xfaec0003) mem 0x8001219e
core   0: 0x8000aba4 (0x00018217) auipc   tp, 0x18
core   0: 3 0x8000aba4 (0x00018217) x 4 0x80022ba4
core   0: 0x8000aba8 (0x4a820213) addi    tp, tp, 1192
core   0: 3 0x8000aba8 (0x4a820213) x 4 0x8002304c
core   0: 0x8000abac (0x412cda93) srai    s5, s9, 18
core   0: 3 0x8000abac (0x412cda93) x21 0x00000013
core   0: 0x8000abb0 (0x009b2633) slt     a2, s6, s1
core   0: 3 0x8000abb0 (0x009b2633) x12 0x00000001
core   0: 0x8000abb4 (0x006c6f33) or      t5, s8, t1
core   0: 3 0x8000abb4 (0x006c6f33) x30 0x800123ff
core   0: 0x8000abb8 (0x0000013e) c.slli  sp, 15
core   0: 3 0x8000abb8 (0x013e) x 2 0x00308000
core   0: 0x8000abba (0x018ecbb3) xor     s7, t4, s8
core   0: 3 0x8000abba (0x018ecbb3) x23 0x00031180
core   0: 0x8000abbe (0x01c679b3) and     s3, a2, t3
core   0: 3 0x8000abbe (0x01c679b3) x19 0x00000001
core   0: 0x8000abc2 (0x014a5bb3) srl     s7, s4, s4
core   0: 3 0x8000abc2 (0x014a5bb3) x23 0x03fffef3
core   0: 0x8000abc6 (0x40530017) auipc   zero, 0x40530
core   0: 3 0x8000abc6 (0x40530017)
core   0: 0x8000abca (0x010f8cb3) add     s9, t6, a6
core   0: 3 0x8000abca (0x010f8cb3) x25 0x80027f10
core   0: 0x8000abce (0x1202242f) lr.w    s0, (tp)
core   0: 3 0x8000abce (0x1202242f) x 8 0xfffe836a mem 0x8002304c
core   0: 0x8000abd2 (0x0127b733) sltu    a4, a5, s2
core   0: 3 0x8000abd2 (0x0127b733) x14 0x00000000
core   0: 0x8000abd6 (0x1c922e2f) sc.w    t3, s1, (tp)
core   0: 3 0x8000abd6 (0x1c922e2f) x28 0x00000000 mem 0x8002304c 0x000057c3
core   0: 0x8000abda (0x024000ef) jal     pc + 0x24
core   0: 3 0x8000abda (0x024000ef) x 1 0x8000abde
core   0: 0x8000abfe (0x0000a809) c.j     pc + 18
core   0: 3 0x8000abfe (0xa809)
core   0: 0x8000ac10 (0x00003ff9) c.jal   pc - 34
core   0: 3 0x8000ac10 (0x3ff9) x 1 0x8000ac12
core   0: 0x8000abee (0x0000a029) c.j     pc + 10
core   0: 3 0x8000abee (0xa029)
core   0: 0x8000abf8 (0x00e000ef) jal     pc + 0xe
core   0: 3 0x8000abf8 (0x00e000ef) x 1 0x8000abfc
core   0: 0x8000ac06 (0x0000b7ed) c.j     pc - 22
core   0: 3 0x8000ac06 (0xb7ed)
core   0: 0x8000abf0 (0x0000bfed) c.j     pc - 6
core   0: 3 0x8000abf0 (0xbfed)
core   0: 0x8000abea (0x01a0036f) jal     t1, pc + 0x1a
core   0: 3 0x8000abea (0x01a0036f) x 6 0x8000abee
core   0: 0x8000ac04 (0x000037d5) c.jal   pc - 28
core   0: 3 0x8000ac04 (0x37d5) x 1 0x8000ac06
core   0: 0x8000abe8 (0x0000a039) c.j     pc + 14
core   0: 3 0x8000abe8 (0xa039)
core   0: 0x8000abf6 (0x0000b7e5) c.j     pc - 24
core   0: 3 0x8000abf6 (0xb7e5)
core   0: 0x8000abde (0x00002819) c.jal   pc + 22
core   0: 3 0x8000abde (0x2819) x 1 0x8000abe0
core   0: 0x8000abf4 (0x0000a021) c.j     pc + 8
core   0: 3 0x8000abf4 (0xa021)
core   0: 0x8000abfc (0x0000a011) c.j     pc + 4
core   0: 3 0x8000abfc (0xa011)
core   0: 0x8000ac00 (0xff3ff36f) jal     t1, pc - 0xe
core   0: 3 0x8000ac00 (0xff3ff36f) x 6 0x8000ac04
core   0: 0x8000abf2 (0x00002819) c.jal   pc + 22
core   0: 3 0x8000abf2 (0x2819) x 1 0x8000abf4
core   0: 0x8000ac08 (0xfdfff8ef) jal     a7, pc - 0x22
core   0: 3 0x8000ac08 (0xfdfff8ef) x17 0x8000ac0c
core   0: 0x8000abe6 (0x00003fed) c.jal   pc - 6
core   0: 3 0x8000abe6 (0x3fed) x 1 0x8000abe8
core   0: 0x8000abe0 (0x02c000ef) jal     pc + 0x2c
core   0: 3 0x8000abe0 (0x02c000ef) x 1 0x8000abe4
core   0: 0x8000ac0c (0xfd9ff0ef) jal     pc - 0x28
core   0: 3 0x8000ac0c (0xfd9ff0ef) x 1 0x8000ac10
core   0: 0x8000abe4 (0x0000203d) c.jal   pc + 46
core   0: 3 0x8000abe4 (0x203d) x 1 0x8000abe6
core   0: 0x8000ac12 (0xfac0d7b7) lui     a5, 0xfac0d
core   0: 3 0x8000ac12 (0xfac0d7b7) x15 0xfac0d000
core   0: 0x8000ac16 (0x0000448d) c.li    s1, 3
core   0: 3 0x8000ac16 (0x448d) x 9 0x00000003
core   0: 0x8000ac18 (0x0135a333) slt     t1, a1, s3
core   0: 3 0x8000ac18 (0x0135a333) x 6 0x00000000
core   0: 0x8000ac1c (0x0000498d) c.li    s3, 3
core   0: 3 0x8000ac1c (0x498d) x19 0x00000003
core   0: 0x8000ac1e (0x006f3cb3) sltu    s9, t5, t1
core   0: 3 0x8000ac1e (0x006f3cb3) x25 0x00000000
core   0: 0x8000ac22 (0x000014f9) c.addi  s1, -2
core   0: 3 0x8000ac22 (0x14f9) x 9 0x00000001
core   0: 0x8000ac24 (0x0000100f) fence.i
core   0: 3 0x8000ac24 (0x0000100f)
core   0: 0x8000ac28 (0x00008405) c.srai  s0, 1
core   0: 3 0x8000ac28 (0x8405) x 8 0xffff41b5
core   0: 0x8000ac2a (0x00008c71) c.and   s0, a2
core   0: 3 0x8000ac2a (0x8c71) x 8 0x00000001
core   0: 0x8000ac2c (0x00004a9d) c.li    s5, 7
core   0: 3 0x8000ac2c (0x4a9d) x21 0x00000007
core   0: 0x8000ac2e (0x00005165) c.li    sp, -7
core   0: 3 0x8000ac2e (0x5165) x 2 0xfffffff9
core   0: 0x8000ac30 (0x544e3513) sltiu   a0, t3, 1348
core   0: 3 0x8000ac30 (0x544e3513) x10 0x00000001
core   0: 0x8000ac34 (0x40635d33) sra     s10, t1, t1
core   0: 3 0x8000ac34 (0x40635d33) x26 0x00000000
core   0: 0x8000ac38 (0x033c2db3) mulhsu  s11, s8, s3
core   0: 3 0x8000ac38 (0x033c2db3) x27 0xfffffffe
core   0: 0x8000ac3c (0x00001ae5) c.addi  s5, -7
core   0: 3 0x8000ac3c (0x1ae5) x21 0x00000000
core   0: 0x8000ac3e (0xfe2a9de3) bne     s5, sp, pc - 6
core   0: 3 0x8000ac3e (0xfe2a9de3)
core   0: 0x8000ac38 (0x033c2db3) mulhsu  s11, s8, s3
core   0: 3 0x8000ac38 (0x033c2db3) x27 0xfffffffe
core   0: 0x8000ac3c (0x00001ae5) c.addi  s5, -7
core   0: 3 0x8000ac3c (0x1ae5) x21 0xfffffff9
core   0: 0x8000ac3e (0xfe2a9de3) bne     s5, sp, pc - 6
core   0: 3 0x8000ac3e (0xfe2a9de3)
core   0: 0x8000ac42 (0x03abef33) rem     t5, s7, s10
core   0: 3 0x8000ac42 (0x03abef33) x30 0x03fffef3
core   0: 0x8000ac46 (0x000040b9) c.li    ra, 14
core   0: 3 0x8000ac46 (0x40b9) x 1 0x0000000e
core   0: 0x8000ac48 (0xfd34fbe3) bgeu    s1, s3, pc - 42
core   0: 3 0x8000ac48 (0xfd34fbe3)
core   0: 0x8000ac4c (0x00006e6d) c.lui   t3, 0x1b
core   0: 3 0x8000ac4c (0x6e6d) x28 0x0001b000
core   0: 0x8000ac4e (0x00018497) auipc   s1, 0x18
core   0: 3 0x8000ac4e (0x00018497) x 9 0x80022c4e
core   0: 0x8000ac52 (0x42e48493) addi    s1, s1, 1070
core   0: 3 0x8000ac52 (0x42e48493) x 9 0x8002307c
core   0: 0x8000ac56 (0x00018c97) auipc   s9, 0x18
core   0: 3 0x8000ac56 (0x00018c97) x25 0x80022c56
core   0: 0x8000ac5a (0x416c8c93) addi    s9, s9, 1046
core   0: 3 0x8000ac5a (0x416c8c93) x25 0x8002306c
core   0: 0x8000ac5e (0x00018417) auipc   s0, 0x18
core   0: 3 0x8000ac5e (0x00018417) x 8 0x80022c5e
core   0: 0x8000ac62 (0x3f240413) addi    s0, s0, 1010
core   0: 3 0x8000ac62 (0x3f240413) x 8 0x80023050
core   0: 0x8000ac66 (0x0215e0b3) rem     ra, a1, ra
core   0: 3 0x8000ac66 (0x0215e0b3) x 1 0x00000006
core   0: 0x8000ac6a (0x25cca7af) amoxor.w a5, t3, (s9)
core   0: 3 0x8000ac6a (0x25cca7af) x15 0x00000000 mem 0x8002306c mem 0x8002306c 0x0001b000
core   0: 0x8000ac6e (0xa42ca72f) amomax.w a4, sp, (s9)
core   0: 3 0x8000ac6e (0xa42ca72f) x14 0x0001b000 mem 0x8002306c mem 0x8002306c 0x0001b000
core   0: 0x8000ac72 (0x43acaf2f) amoor.w t5, s10, (s9)
core   0: 3 0x8000ac72 (0x43acaf2f) x30 0x0001b000 mem 0x8002306c mem 0x8002306c 0x0001b000
core   0: 0x8000ac76 (0x031ca5af) amoadd.w a1, a7, (s9)
core   0: 3 0x8000ac76 (0x031ca5af) x11 0x0001b000 mem 0x8002306c mem 0x8002306c 0x80025c0c
core   0: 0x8000ac7a (0x000091fe) c.add   gp, t6
core   0: 3 0x8000ac7a (0x91fe) x 3 0x000077b0
core   0: 0x8000ac7c (0x20f4ad2f) amoxor.w s10, a5, (s1)
core   0: 3 0x8000ac7c (0x20f4ad2f) x26 0x000000d5 mem 0x8002307c mem 0x8002307c 0x000000d5
core   0: 0x8000ac80 (0x046ca5af) amoadd.w a1, t1, (s9)
core   0: 3 0x8000ac80 (0x046ca5af) x11 0x80025c0c mem 0x8002306c mem 0x8002306c 0x80025c0c
core   0: 0x8000ac84 (0xc56428af) amominu.w a7, s6, (s0)
core   0: 3 0x8000ac84 (0xc56428af) x17 0x00000053 mem 0x80023050 mem 0x80023050 0x00000053
core   0: 0x8000ac88 (0x00018617) auipc   a2, 0x18
core   0: 3 0x8000ac88 (0x00018617) x12 0x80022c88
core   0: 0x8000ac8c (0x3c460613) addi    a2, a2, 964
core   0: 3 0x8000ac8c (0x3c460613) x12 0x8002304c
core   0: 0x8000ac90 (0x00018717) auipc   a4, 0x18
core   0: 3 0x8000ac90 (0x00018717) x14 0x80022c90
core   0: 0x8000ac94 (0x3e870713) addi    a4, a4, 1000
core   0: 3 0x8000ac94 (0x3e870713) x14 0x80023078
core   0: 0x8000ac98 (0x02cb0fb3) mul     t6, s6, a2
core   0: 3 0x8000ac98 (0x02cb0fb3) x31 0x6cdd2ac8
core   0: 0x8000ac9c (0x00ed5493) srli    s1, s10, 14
core   0: 3 0x8000ac9c (0x00ed5493) x 9 0x00000000
core   0: 0x8000aca0 (0x21662a2f) amoxor.w s4, s6, (a2)
core   0: 3 0x8000aca0 (0x21662a2f) x20 0x000057c3 mem 0x8002304c mem 0x8002304c 0xffffeb05
core   0: 0x8000aca4 (0x00008c79) c.and   s0, a4
core   0: 3 0x8000aca4 (0x8c79) x 8 0x80023050
core   0: 0x8000aca6 (0x63f62baf) amoand.w s7, t6, (a2)
core   0: 3 0x8000aca6 (0x63f62baf) x23 0xffffeb05 mem 0x8002304c mem 0x8002304c 0x6cdd2a00
core   0: 0x8000acaa (0x0000717d) c.addi16sp sp, -16
core   0: 3 0x8000acaa (0x717d) x 2 0xffffffe9
core   0: 0x8000acac (0x036fc233) div     tp, t6, s6
core   0: 3 0x8000acac (0x036fc233) x 4 0xfffe6172
core   0: 0x8000acb0 (0x0d66252f) amoswap.w a0, s6, (a2)
core   0: 3 0x8000acb0 (0x0d66252f) x10 0x6cdd2a00 mem 0x8002304c mem 0x8002304c 0xffffbcc6
core   0: 0x8000acb4 (0x231629af) amoxor.w s3, a7, (a2)
core   0: 3 0x8000acb4 (0x231629af) x19 0xffffbcc6 mem 0x8002304c mem 0x8002304c 0xffffbc95
core   0: 0x8000acb8 (0xe497242f) amomaxu.w s0, s1, (a4)
core   0: 3 0x8000acb8 (0xe497242f) x 8 0x00000000 mem 0x80023078 mem 0x80023078 0x00000000
core   0: 0x8000acbc (0x00015a17) auipc   s4, 0x15
core   0: 3 0x8000acbc (0x00015a17) x20 0x8001fcbc
core   0: 0x8000acc0 (0xe01a0a13) addi    s4, s4, -511
core   0: 3 0x8000acc0 (0xe01a0a13) x20 0x8001fabd
core   0: 0x8000acc4 (0x00008bd9) c.andi  a5, 22
core   0: 3 0x8000acc4 (0x8bd9) x15 0x00000000
core   0: 0x8000acc6 (0x69892793) slti    a5, s2, 1688
core   0: 3 0x8000acc6 (0x69892793) x15 0x00000001
core   0: 0x8000acca (0x00ca23a3) sw      a2, 7(s4)
core   0: 3 0x8000acca (0x00ca23a3) mem 0x8001fac4 0x8002304c
core   0: 0x8000acce (0xff8a0603) lb      a2, -8(s4)
core   0: 3 0x8000acce (0xff8a0603) x12 0x00000051 mem 0x8001fab5
core   0: 0x8000acd2 (0xa4abe613) ori     a2, s7, -1462
core   0: 3 0x8000acd2 (0xa4abe613) x12 0xfffffb4f
core   0: 0x8000acd6 (0xfffa0f83) lb      t6, -1(s4)
core   0: 3 0x8000acd6 (0xfffa0f83) x31 0xffffffaa mem 0x8001fabc
core   0: 0x8000acda (0xaeb64d13) xori    s10, a2, -1301
core   0: 3 0x8000acda (0xaeb64d13) x26 0x000001a4
core   0: 0x8000acde (0x007a5903) lhu     s2, 7(s4)
core   0: 3 0x8000acde (0x007a5903) x18 0x0000304c mem 0x8001fac4
core   0: 0x8000ace2 (0xff8a4603) lbu     a2, -8(s4)
core   0: 3 0x8000ace2 (0xff8a4603) x12 0x00000051 mem 0x8001fab5
core   0: 0x8000ace6 (0x02f7a933) mulhsu  s2, a5, a5
core   0: 3 0x8000ace6 (0x02f7a933) x18 0x00000000
core   0: 0x8000acea (0x037d7633) remu    a2, s10, s7
core   0: 3 0x8000acea (0x037d7633) x12 0x000001a4
core   0: 0x8000acee (0x413d5d13) srai    s10, s10, 19
core   0: 3 0x8000acee (0x413d5d13) x26 0x00000000
core   0: 0x8000acf2 (0x01aa0623) sb      s10, 12(s4)
core   0: 3 0x8000acf2 (0x01aa0623) mem 0x8001fac9 0x0
core   0: 0x8000acf6 (0xff0a0603) lb      a2, -16(s4)
core   0: 3 0x8000acf6 (0xff0a0603) x12 0x00000011 mem 0x8001faad
core   0: 0x8000acfa (0x032d4d33) div     s10, s10, s2
core   0: 3 0x8000acfa (0x032d4d33) x26 0xffffffff
core   0: 0x8000acfe (0x000087fe) c.mv    a5, t6
core   0: 3 0x8000acfe (0x87fe) x15 0xffffffaa
core   0: 0x8000ad00 (0xfefa19a3) sh      a5, -13(s4)
core   0: 3 0x8000ad00 (0xfefa19a3) mem 0x8001fab0 0xffaa
core   0: 0x8000ad04 (0xff2a4603) lbu     a2, -14(s4)
core   0: 3 0x8000ad04 (0xff2a4603) x12 0x000000ff mem 0x8001faaf
core   0: 0x8000ad08 (0xff7a1ea3) sh      s7, -3(s4)
core   0: 3 0x8000ad08 (0xff7a1ea3) mem 0x8001faba 0xeb05
core   0: 0x8000ad0c (0x002a0f83) lb      t6, 2(s4)
core   0: 3 0x8000ad0c (0x002a0f83) x31 0xffffffd5 mem 0x8001fabf
core   0: 0x8000ad10 (0x02fbbfb3) mulhu   t6, s7, a5
core   0: 3 0x8000ad10 (0x02fbbfb3) x31 0xffffeaaf
core   0: 0x8000ad14 (0x00009a7d) c.andi  a2, -1
core   0: 3 0x8000ad14 (0x9a7d) x12 0x000000ff
core   0: 0x8000ad16 (0xfefa18a3) sh      a5, -15(s4)
core   0: 3 0x8000ad16 (0xfefa18a3) mem 0x8001faae 0xffaa
core   0: 0x8000ad1a (0x00008e1d) c.sub   a2, a5
core   0: 3 0x8000ad1a (0x8e1d) x12 0x00000155
core   0: 0x8000ad1c (0x012a0423) sb      s2, 8(s4)
core   0: 3 0x8000ad1c (0x012a0423) mem 0x8001fac5 0x0
core   0: 0x8000ad20 (0x00005759) c.li    a4, -10
core   0: 3 0x8000ad20 (0x5759) x14 0xfffffff6
core   0: 0x8000ad22 (0x00004135) c.li    sp, 13
core   0: 3 0x8000ad22 (0x4135) x 2 0x0000000d
core   0: 0x8000ad24 (0xc9255337) lui     t1, 0xc9255
core   0: 3 0x8000ad24 (0xc9255337) x 6 0xc9255000
core   0: 0x8000ad28 (0x01c2e5b3) or      a1, t0, t3
core   0: 3 0x8000ad28 (0x01c2e5b3) x11 0x0001b02e
core   0: 0x8000ad2c (0x4080d293) srai    t0, ra, 8
core   0: 3 0x8000ad2c (0x4080d293) x 5 0x00000000
core   0: 0x8000ad30 (0x9a15be97) auipc   t4, 0x9a15b
core   0: 3 0x8000ad30 (0x9a15be97) x29 0x1a165d30
core   0: 0x8000ad34 (0x403a5db3) sra     s11, s4, gp
core   0: 3 0x8000ad34 (0x403a5db3) x27 0xffff8001
core   0: 0x8000ad38 (0x00008cb9) c.xor   s1, a4
core   0: 3 0x8000ad38 (0x8cb9) x 9 0xfffffff6
core   0: 0x8000ad3a (0x01cc1f93) slli    t6, s8, 28
core   0: 3 0x8000ad3a (0x01cc1f93) x31 0x00000000
core   0: 0x8000ad3e (0x00008d29) c.xor   a0, a0
core   0: 3 0x8000ad3e (0x8d29) x10 0x00000000
core   0: 0x8000ad40 (0x00000729) c.addi  a4, 10
core   0: 3 0x8000ad40 (0x0729) x14 0x00000000
core   0: 0x8000ad42 (0x00004d1d) c.li    s10, 7
core   0: 3 0x8000ad42 (0x4d1d) x26 0x00000007
core   0: 0x8000ad44 (0x00004ca5) c.li    s9, 9
core   0: 3 0x8000ad44 (0x4ca5) x25 0x00000009
core   0: 0x8000ad46 (0x00008b72) c.mv    s6, t3
core   0: 3 0x8000ad46 (0x8b72) x22 0x0001b000
core   0: 0x8000ad48 (0x00008c6d) c.and   s0, a1
core   0: 3 0x8000ad48 (0x8c6d) x 8 0x00000000
core   0: 0x8000ad4a (0x003ab233) sltu    tp, s5, gp
core   0: 3 0x8000ad4a (0x003ab233) x 4 0x00000000
core   0: 0x8000ad4e (0x00000d0d) c.addi  s10, 3
core   0: 3 0x8000ad4e (0x0d0d) x26 0x0000000a
core   0: 0x8000ad50 (0x00008ded) c.and   a1, a1
core   0: 3 0x8000ad50 (0x8ded) x11 0x0001b02e
core   0: 0x8000ad52 (0xff9d4be3) blt     s10, s9, pc - 10
core   0: 3 0x8000ad52 (0xff9d4be3)
core   0: 0x8000ad56 (0xaf6ec793) xori    a5, t4, -1290
core   0: 3 0x8000ad56 (0xaf6ec793) x15 0xe5e9a7c6
core   0: 0x8000ad5a (0x50724213) xori    tp, tp, 1287
core   0: 3 0x8000ad5a (0x50724213) x 4 0x00000507
core   0: 0x8000ad5e (0x00006ead) c.lui   t4, 0xb
core   0: 3 0x8000ad5e (0x6ead) x29 0x0000b000
core   0: 0x8000ad60 (0x000085f5) c.srai  a1, 29
core   0: 3 0x8000ad60 (0x85f5) x11 0x00000000
core   0: 0x8000ad62 (0x01b2ddb3) srl     s11, t0, s11
core   0: 3 0x8000ad62 (0x01b2ddb3) x27 0x00000000
core   0: 0x8000ad66 (0x0000100f) fence.i
core   0: 3 0x8000ad66 (0x0000100f)
core   0: 0x8000ad6a (0x01249db3) sll     s11, s1, s2
core   0: 3 0x8000ad6a (0x01249db3) x27 0xfffffff6
core   0: 0x8000ad6e (0x464f6537) lui     a0, 0x464f6
core   0: 3 0x8000ad6e (0x464f6537) x10 0x464f6000
core   0: 0x8000ad72 (0x7a556593) ori     a1, a0, 1957
core   0: 3 0x8000ad72 (0x7a556593) x11 0x464f67a5
core   0: 0x8000ad76 (0xfa2747e3) blt     a4, sp, pc - 82
core   0: 3 0x8000ad76 (0xfa2747e3)
core   0: 0x8000ad24 (0xc9255337) lui     t1, 0xc9255
core   0: 3 0x8000ad24 (0xc9255337) x 6 0xc9255000
core   0: 0x8000ad28 (0x01c2e5b3) or      a1, t0, t3
core   0: 3 0x8000ad28 (0x01c2e5b3) x11 0x0001b000
core   0: 0x8000ad2c (0x4080d293) srai    t0, ra, 8
core   0: 3 0x8000ad2c (0x4080d293) x 5 0x00000000
core   0: 0x8000ad30 (0x9a15be97) auipc   t4, 0x9a15b
core   0: 3 0x8000ad30 (0x9a15be97) x29 0x1a165d30
core   0: 0x8000ad34 (0x403a5db3) sra     s11, s4, gp
core   0: 3 0x8000ad34 (0x403a5db3) x27 0xffff8001
core   0: 0x8000ad38 (0x00008cb9) c.xor   s1, a4
core   0: 3 0x8000ad38 (0x8cb9) x 9 0xfffffff6
core   0: 0x8000ad3a (0x01cc1f93) slli    t6, s8, 28
core   0: 3 0x8000ad3a (0x01cc1f93) x31 0x00000000
core   0: 0x8000ad3e (0x00008d29) c.xor   a0, a0
core   0: 3 0x8000ad3e (0x8d29) x10 0x00000000
core   0: 0x8000ad40 (0x00000729) c.addi  a4, 10
core   0: 3 0x8000ad40 (0x0729) x14 0x0000000a
core   0: 0x8000ad42 (0x00004d1d) c.li    s10, 7
core   0: 3 0x8000ad42 (0x4d1d) x26 0x00000007
core   0: 0x8000ad44 (0x00004ca5) c.li    s9, 9
core   0: 3 0x8000ad44 (0x4ca5) x25 0x00000009
core   0: 0x8000ad46 (0x00008b72) c.mv    s6, t3
core   0: 3 0x8000ad46 (0x8b72) x22 0x0001b000
core   0: 0x8000ad48 (0x00008c6d) c.and   s0, a1
core   0: 3 0x8000ad48 (0x8c6d) x 8 0x00000000
core   0: 0x8000ad4a (0x003ab233) sltu    tp, s5, gp
core   0: 3 0x8000ad4a (0x003ab233) x 4 0x00000000
core   0: 0x8000ad4e (0x00000d0d) c.addi  s10, 3
core   0: 3 0x8000ad4e (0x0d0d) x26 0x0000000a
core   0: 0x8000ad50 (0x00008ded) c.and   a1, a1
core   0: 3 0x8000ad50 (0x8ded) x11 0x0001b000
core   0: 0x8000ad52 (0xff9d4be3) blt     s10, s9, pc - 10
core   0: 3 0x8000ad52 (0xff9d4be3)
core   0: 0x8000ad56 (0xaf6ec793) xori    a5, t4, -1290
core   0: 3 0x8000ad56 (0xaf6ec793) x15 0xe5e9a7c6
core   0: 0x8000ad5a (0x50724213) xori    tp, tp, 1287
core   0: 3 0x8000ad5a (0x50724213) x 4 0x00000507
core   0: 0x8000ad5e (0x00006ead) c.lui   t4, 0xb
core   0: 3 0x8000ad5e (0x6ead) x29 0x0000b000
core   0: 0x8000ad60 (0x000085f5) c.srai  a1, 29
core   0: 3 0x8000ad60 (0x85f5) x11 0x00000000
core   0: 0x8000ad62 (0x01b2ddb3) srl     s11, t0, s11
core   0: 3 0x8000ad62 (0x01b2ddb3) x27 0x00000000
core   0: 0x8000ad66 (0x0000100f) fence.i
core   0: 3 0x8000ad66 (0x0000100f)
core   0: 0x8000ad6a (0x01249db3) sll     s11, s1, s2
core   0: 3 0x8000ad6a (0x01249db3) x27 0xfffffff6
core   0: 0x8000ad6e (0x464f6537) lui     a0, 0x464f6
core   0: 3 0x8000ad6e (0x464f6537) x10 0x464f6000
core   0: 0x8000ad72 (0x7a556593) ori     a1, a0, 1957
core   0: 3 0x8000ad72 (0x7a556593) x11 0x464f67a5
core   0: 0x8000ad76 (0xfa2747e3) blt     a4, sp, pc - 82
core   0: 3 0x8000ad76 (0xfa2747e3)
core   0: 0x8000ad24 (0xc9255337) lui     t1, 0xc9255
core   0: 3 0x8000ad24 (0xc9255337) x 6 0xc9255000
core   0: 0x8000ad28 (0x01c2e5b3) or      a1, t0, t3
core   0: 3 0x8000ad28 (0x01c2e5b3) x11 0x0001b000
core   0: 0x8000ad2c (0x4080d293) srai    t0, ra, 8
core   0: 3 0x8000ad2c (0x4080d293) x 5 0x00000000
core   0: 0x8000ad30 (0x9a15be97) auipc   t4, 0x9a15b
core   0: 3 0x8000ad30 (0x9a15be97) x29 0x1a165d30
core   0: 0x8000ad34 (0x403a5db3) sra     s11, s4, gp
core   0: 3 0x8000ad34 (0x403a5db3) x27 0xffff8001
core   0: 0x8000ad38 (0x00008cb9) c.xor   s1, a4
core   0: 3 0x8000ad38 (0x8cb9) x 9 0xfffffffc
core   0: 0x8000ad3a (0x01cc1f93) slli    t6, s8, 28
core   0: 3 0x8000ad3a (0x01cc1f93) x31 0x00000000
core   0: 0x8000ad3e (0x00008d29) c.xor   a0, a0
core   0: 3 0x8000ad3e (0x8d29) x10 0x00000000
core   0: 0x8000ad40 (0x00000729) c.addi  a4, 10
core   0: 3 0x8000ad40 (0x0729) x14 0x00000014
core   0: 0x8000ad42 (0x00004d1d) c.li    s10, 7
core   0: 3 0x8000ad42 (0x4d1d) x26 0x00000007
core   0: 0x8000ad44 (0x00004ca5) c.li    s9, 9
core   0: 3 0x8000ad44 (0x4ca5) x25 0x00000009
core   0: 0x8000ad46 (0x00008b72) c.mv    s6, t3
core   0: 3 0x8000ad46 (0x8b72) x22 0x0001b000
core   0: 0x8000ad48 (0x00008c6d) c.and   s0, a1
core   0: 3 0x8000ad48 (0x8c6d) x 8 0x00000000
core   0: 0x8000ad4a (0x003ab233) sltu    tp, s5, gp
core   0: 3 0x8000ad4a (0x003ab233) x 4 0x00000000
core   0: 0x8000ad4e (0x00000d0d) c.addi  s10, 3
core   0: 3 0x8000ad4e (0x0d0d) x26 0x0000000a
core   0: 0x8000ad50 (0x00008ded) c.and   a1, a1
core   0: 3 0x8000ad50 (0x8ded) x11 0x0001b000
core   0: 0x8000ad52 (0xff9d4be3) blt     s10, s9, pc - 10
core   0: 3 0x8000ad52 (0xff9d4be3)
core   0: 0x8000ad56 (0xaf6ec793) xori    a5, t4, -1290
core   0: 3 0x8000ad56 (0xaf6ec793) x15 0xe5e9a7c6
core   0: 0x8000ad5a (0x50724213) xori    tp, tp, 1287
core   0: 3 0x8000ad5a (0x50724213) x 4 0x00000507
core   0: 0x8000ad5e (0x00006ead) c.lui   t4, 0xb
core   0: 3 0x8000ad5e (0x6ead) x29 0x0000b000
core   0: 0x8000ad60 (0x000085f5) c.srai  a1, 29
core   0: 3 0x8000ad60 (0x85f5) x11 0x00000000
core   0: 0x8000ad62 (0x01b2ddb3) srl     s11, t0, s11
core   0: 3 0x8000ad62 (0x01b2ddb3) x27 0x00000000
core   0: 0x8000ad66 (0x0000100f) fence.i
core   0: 3 0x8000ad66 (0x0000100f)
core   0: 0x8000ad6a (0x01249db3) sll     s11, s1, s2
core   0: 3 0x8000ad6a (0x01249db3) x27 0xfffffffc
core   0: 0x8000ad6e (0x464f6537) lui     a0, 0x464f6
core   0: 3 0x8000ad6e (0x464f6537) x10 0x464f6000
core   0: 0x8000ad72 (0x7a556593) ori     a1, a0, 1957
core   0: 3 0x8000ad72 (0x7a556593) x11 0x464f67a5
core   0: 0x8000ad76 (0xfa2747e3) blt     a4, sp, pc - 82
core   0: 3 0x8000ad76 (0xfa2747e3)
core   0: 0x8000ad7a (0xccce28b7) lui     a7, 0xccce2
core   0: 3 0x8000ad7a (0xccce28b7) x17 0xccce2000
core   0: 0x8000ad7e (0x00007117) auipc   sp, 0x7
core   0: 3 0x8000ad7e (0x00007117) x 2 0x80011d7e
core   0: 0x8000ad82 (0x7b710113) addi    sp, sp, 1975
core   0: 3 0x8000ad82 (0x7b710113) x 2 0x80012535
core   0: 0x8000ad86 (0x01f10623) sb      t6, 12(sp)
core   0: 3 0x8000ad86 (0x01f10623) mem 0x80012541 0x0
core   0: 0x8000ad8a (0x00c10d03) lb      s10, 12(sp)
core   0: 3 0x8000ad8a (0x00c10d03) x26 0x00000000 mem 0x80012541
core   0: 0x8000ad8e (0x00c10f83) lb      t6, 12(sp)
core   0: 3 0x8000ad8e (0x00c10f83) x31 0x00000000 mem 0x80012541
core   0: 0x8000ad92 (0x00c10c83) lb      s9, 12(sp)
core   0: 3 0x8000ad92 (0x00c10c83) x25 0x00000000 mem 0x80012541
core   0: 0x8000ad96 (0x00c14503) lbu     a0, 12(sp)
core   0: 3 0x8000ad96 (0x00c14503) x10 0x00000000 mem 0x80012541
core   0: 0x8000ad9a (0x01a10623) sb      s10, 12(sp)
core   0: 3 0x8000ad9a (0x01a10623) mem 0x80012541 0x0
core   0: 0x8000ad9e (0x00c14b83) lbu     s7, 12(sp)
core   0: 3 0x8000ad9e (0x00c14b83) x23 0x00000000 mem 0x80012541
core   0: 0x8000ada2 (0x98ca6b13) ori     s6, s4, -1652
core   0: 3 0x8000ada2 (0x98ca6b13) x22 0xfffffbbd
core   0: 0x8000ada6 (0xfe911283) lh      t0, -23(sp)
core   0: 3 0x8000ada6 (0xfe911283) x 5 0x00002439 mem 0x8001251e
core   0: 0x8000adaa (0xfe914a83) lbu     s5, -23(sp)
core   0: 3 0x8000adaa (0xfe914a83) x21 0x00000039 mem 0x8001251e
core   0: 0x8000adae (0xfe914503) lbu     a0, -23(sp)
core   0: 3 0x8000adae (0xfe914503) x10 0x00000039 mem 0x8001251e
core   0: 0x8000adb2 (0x30dbe413) ori     s0, s7, 781
core   0: 3 0x8000adb2 (0x30dbe413) x 8 0x0000030d
core   0: 0x8000adb6 (0xfe915503) lhu     a0, -23(sp)
core   0: 3 0x8000adb6 (0xfe915503) x10 0x00002439 mem 0x8001251e
core   0: 0x8000adba (0x02d11083) lh      ra, 45(sp)
core   0: 3 0x8000adba (0x02d11083) x 1 0x00000507 mem 0x80012562
core   0: 0x8000adbe (0x02d14d83) lbu     s11, 45(sp)
core   0: 3 0x8000adbe (0x02d14d83) x27 0x00000007 mem 0x80012562
core   0: 0x8000adc2 (0x02d11e03) lh      t3, 45(sp)
core   0: 3 0x8000adc2 (0x02d11e03) x28 0x00000507 mem 0x80012562
core   0: 0x8000adc6 (0x02d11283) lh      t0, 45(sp)
core   0: 3 0x8000adc6 (0x02d11283) x 5 0x00000507 mem 0x80012562
core   0: 0x8000adca (0x031116a3) sh      a7, 45(sp)
core   0: 3 0x8000adca (0x031116a3) mem 0x80012562 0x2000
core   0: 0x8000adce (0x02d11f83) lh      t6, 45(sp)
core   0: 3 0x8000adce (0x02d11f83) x31 0x00002000 mem 0x80012562
core   0: 0x8000add2 (0x024116a3) sh      tp, 45(sp)
core   0: 3 0x8000add2 (0x024116a3) mem 0x80012562 0x0507
core   0: 0x8000add6 (0x01e121a3) sw      t5, 3(sp)
core   0: 3 0x8000add6 (0x01e121a3) mem 0x80012538 0x0001b000
core   0: 0x8000adda (0x00311303) lh      t1, 3(sp)
core   0: 3 0x8000adda (0x00311303) x 6 0xffffb000 mem 0x80012538
core   0: 0x8000adde (0x00007c97) auipc   s9, 0x7
core   0: 3 0x8000adde (0x00007c97) x25 0x80011dde
core   0: 0x8000ade2 (0x4afc8c93) addi    s9, s9, 1199
core   0: 3 0x8000ade2 (0x4afc8c93) x25 0x8001228d
core   0: 0x8000ade6 (0x409404b3) sub     s1, s0, s1
core   0: 3 0x8000ade6 (0x409404b3) x 9 0x00000311
core   0: 0x8000adea (0x00000001) c.nop
core   0: 3 0x8000adea (0x0001)
core   0: 0x8000adec (0x0d328293) addi    t0, t0, 211
core   0: 3 0x8000adec (0x0d328293) x 5 0x000005da
core   0: 0x8000adf0 (0xf46c8b83) lb      s7, -186(s9)
core   0: 3 0x8000adf0 (0xf46c8b83) x23 0x0000002e mem 0x800121d3
core   0: 0x8000adf4 (0x031704b3) mul     s1, a4, a7
core   0: 3 0x8000adf4 (0x031704b3) x 9 0x001a8000
core   0: 0x8000adf8 (0x00008cb9) c.xor   s1, a4
core   0: 3 0x8000adf8 (0x8cb9) x 9 0x001a8014
core   0: 0x8000adfa (0x000080a9) c.srli  s1, 10
core   0: 3 0x8000adfa (0x80a9) x 9 0x000006a0
core   0: 0x8000adfc (0x051c8123) sb      a7, 66(s9)
core   0: 3 0x8000adfc (0x051c8123) mem 0x800122cf 0x0
core   0: 0x8000ae00 (0x0374b8b3) mulhu   a7, s1, s7
core   0: 3 0x8000ae00 (0x0374b8b3) x17 0x00000000
core   0: 0x8000ae04 (0x0ecc8483) lb      s1, 236(s9)
core   0: 3 0x8000ae04 (0x0ecc8483) x 9 0x00000043 mem 0x80012379
core   0: 0x8000ae08 (0x4024d713) srai    a4, s1, 2
core   0: 3 0x8000ae08 (0x4024d713) x14 0x00000010
core   0: 0x8000ae0c (0x000018fd) c.addi  a7, -1
core   0: 3 0x8000ae0c (0x18fd) x17 0xffffffff
core   0: 0x8000ae0e (0x008be2b3) or      t0, s7, s0
core   0: 3 0x8000ae0e (0x008be2b3) x 5 0x0000032f
core   0: 0x8000ae12 (0x00008cb9) c.xor   s1, a4
core   0: 3 0x8000ae12 (0x8cb9) x 9 0x00000053
core   0: 0x8000ae14 (0xf08ccb83) lbu     s7, -248(s9)
core   0: 3 0x8000ae14 (0xf08ccb83) x23 0x000000cb mem 0x80012195
core   0: 0x8000ae18 (0x03bc8b83) lb      s7, 59(s9)
core   0: 3 0x8000ae18 (0x03bc8b83) x23 0xffffffc2 mem 0x800122c8
core   0: 0x8000ae1c (0x025734b3) mulhu   s1, a4, t0
core   0: 3 0x8000ae1c (0x025734b3) x 9 0x00000000
core   0: 0x8000ae20 (0x069cd483) lhu     s1, 105(s9)
core   0: 3 0x8000ae20 (0x069cd483) x 9 0x0000031f mem 0x800122f6
core   0: 0x8000ae24 (0x009c9aa3) sh      s1, 21(s9)
core   0: 3 0x8000ae24 (0x009c9aa3) mem 0x800122a2 0x031f
core   0: 0x8000ae28 (0x0bccc703) lbu     a4, 188(s9)
core   0: 3 0x8000ae28 (0x0bccc703) x14 0x000000d5 mem 0x80012349
core   0: 0x8000ae2c (0xfe5c8623) sb      t0, -20(s9)
core   0: 3 0x8000ae2c (0xfe5c8623) mem 0x80012279 0x2f
core   0: 0x8000ae30 (0x0b3cd283) lhu     t0, 179(s9)
core   0: 3 0x8000ae30 (0x0b3cd283) x 5 0x00000700 mem 0x80012340
core   0: 0x8000ae34 (0x00008419) c.srai  s0, 6
core   0: 3 0x8000ae34 (0x8419) x 8 0x0000000c
core   0: 0x8000ae36 (0x009c9403) lh      s0, 9(s9)
core   0: 3 0x8000ae36 (0x009c9403) x 8 0xffff9fe4 mem 0x80012296
core   0: 0x8000ae3a (0x00018317) auipc   t1, 0x18
core   0: 3 0x8000ae3a (0x00018317) x 6 0x80022e3a
core   0: 0x8000ae3e (0x23230313) addi    t1, t1, 562
core   0: 3 0x8000ae3e (0x23230313) x 6 0x8002306c
core   0: 0x8000ae42 (0x009a5d33) srl     s10, s4, s1
core   0: 3 0x8000ae42 (0x009a5d33) x26 0x00000001
core   0: 0x8000ae46 (0x22f327af) amoxor.w a5, a5, (t1)
core   0: 3 0x8000ae46 (0x22f327af) x15 0x80025c0c mem 0x8002306c mem 0x8002306c 0x65ebfbca
core   0: 0x8000ae4a (0x417d8ab3) sub     s5, s11, s7
core   0: 3 0x8000ae4a (0x417d8ab3) x21 0x00000045
core   0: 0x8000ae4e (0x0953272f) amoswap.w a4, s5, (t1)
core   0: 3 0x8000ae4e (0x0953272f) x14 0x65ebfbca mem 0x8002306c mem 0x8002306c 0x00000045
core   0: 0x8000ae52 (0xc0e32f2f) amominu.w t5, a4, (t1)
core   0: 3 0x8000ae52 (0xc0e32f2f) x30 0x00000045 mem 0x8002306c mem 0x8002306c 0x00000045
core   0: 0x8000ae56 (0x60f32c2f) amoand.w s8, a5, (t1)
core   0: 3 0x8000ae56 (0x60f32c2f) x24 0x00000045 mem 0x8002306c mem 0x8002306c 0x00000004
core   0: 0x8000ae5a (0xa0932b2f) amomax.w s6, s1, (t1)
core   0: 3 0x8000ae5a (0xa0932b2f) x22 0x00000004 mem 0x8002306c mem 0x8002306c 0x0000031f
core   0: 0x8000ae5e (0x0000813d) c.srli  a0, 15
core   0: 3 0x8000ae5e (0x813d) x10 0x00000000
core   0: 0x8000ae60 (0x15c70d93) addi    s11, a4, 348
core   0: 3 0x8000ae60 (0x15c70d93) x27 0x65ebfd26
core   0: 0x8000ae64 (0xc3532faf) amominu.w t6, s5, (t1)
core   0: 3 0x8000ae64 (0xc3532faf) x31 0x0000031f mem 0x8002306c mem 0x8002306c 0x00000045
core   0: 0x8000ae68 (0x007599b3) sll     s3, a1, t2
core   0: 3 0x8000ae68 (0x007599b3) x19 0x464f67a5
core   0: 0x8000ae6c (0xe2932f2f) amomaxu.w t5, s1, (t1)
core   0: 3 0x8000ae6c (0xe2932f2f) x30 0x00000045 mem 0x8002306c mem 0x8002306c 0x0000031f
core   0: 0x8000ae70 (0x00018d17) auipc   s10, 0x18
core   0: 3 0x8000ae70 (0x00018d17) x26 0x80022e70
core   0: 0x8000ae74 (0x1ecd0d13) addi    s10, s10, 492
core   0: 3 0x8000ae74 (0x1ecd0d13) x26 0x8002305c
core   0: 0x8000ae78 (0x00018497) auipc   s1, 0x18
core   0: 3 0x8000ae78 (0x00018497) x 9 0x80022e78
core   0: 0x8000ae7c (0x1e848493) addi    s1, s1, 488
core   0: 3 0x8000ae7c (0x1e848493) x 9 0x80023060
core   0: 0x8000ae80 (0x00018f17) auipc   t5, 0x18
core   0: 3 0x8000ae80 (0x00018f17) x30 0x80022e80
core   0: 0x8000ae84 (0x1e4f0f13) addi    t5, t5, 484
core   0: 3 0x8000ae84 (0x1e4f0f13) x30 0x80023064
core   0: 0x8000ae88 (0x00018b17) auipc   s6, 0x18
core   0: 3 0x8000ae88 (0x00018b17) x22 0x80022e88
core   0: 0x8000ae8c (0x1e8b0b13) addi    s6, s6, 488
core   0: 3 0x8000ae8c (0x1e8b0b13) x22 0x80023070
core   0: 0x8000ae90 (0x0874afaf) amoswap.w t6, t2, (s1)
core   0: 3 0x8000ae90 (0x0874afaf) x31 0x80023080 mem 0x80023060 mem 0x80023060 0x00000000
core   0: 0x8000ae94 (0x005a17b3) sll     a5, s4, t0
core   0: 3 0x8000ae94 (0x005a17b3) x15 0x8001fabd
core   0: 0x8000ae98 (0x426b29af) amoor.w s3, t1, (s6)
core   0: 3 0x8000ae98 (0x426b29af) x19 0x80009e22 mem 0x80023070 mem 0x80023070 0x8002be6e
core   0: 0x8000ae9c (0x60db2a2f) amoand.w s4, a3, (s6)
core   0: 3 0x8000ae9c (0x60db2a2f) x20 0x8002be6e mem 0x80023070 mem 0x80023070 0x8002bc24
core   0: 0x8000aea0 (0x0d24a52f) amoswap.w a0, s2, (s1)
core   0: 3 0x8000aea0 (0x0d24a52f) x10 0x00000000 mem 0x80023060 mem 0x80023060 0x00000000
core   0: 0x8000aea4 (0x0000a997) auipc   s3, 0xa
core   0: 3 0x8000aea4 (0x0000a997) x19 0x80014ea4
core   0: 0x8000aea8 (0xec798993) addi    s3, s3, -313
core   0: 3 0x8000aea8 (0xec798993) x19 0x80014d6b
core   0: 0x8000aeac (0x00015597) auipc   a1, 0x15
core   0: 3 0x8000aeac (0x00015597) x11 0x8001feac
core   0: 0x8000aeb0 (0x0e858593) addi    a1, a1, 232
core   0: 3 0x8000aeb0 (0x0e858593) x11 0x8001ff94
core   0: 0x8000aeb4 (0xf95981a3) sb      s5, -125(s3)
core   0: 3 0x8000aeb4 (0xf95981a3) mem 0x80014cee 0x45
core   0: 0x8000aeb8 (0x05398f03) lb      t5, 83(s3)
core   0: 3 0x8000aeb8 (0x05398f03) x30 0xffffffba mem 0x80014dbe
core   0: 0x8000aebc (0x23e589a3) sb      t5, 563(a1)
core   0: 3 0x8000aebc (0x23e589a3) mem 0x800201c7 0xba
core   0: 0x8000aec0 (0x2555cb83) lbu     s7, 597(a1)
core   0: 3 0x8000aec0 (0x2555cb83) x23 0x00000059 mem 0x800201e9
core   0: 0x8000aec4 (0x0f7992a3) sh      s7, 229(s3)
core   0: 3 0x8000aec4 (0x0f7992a3) mem 0x80014e50 0x0059
core   0: 0x8000aec8 (0x1615c203) lbu     tp, 353(a1)
core   0: 3 0x8000aec8 (0x1615c203) x 4 0x0000007b mem 0x800200f5
core   0: 0x8000aecc (0x0cf98123) sb      a5, 194(s3)
core   0: 3 0x8000aecc (0x0cf98123) mem 0x80014e2d 0xbd
core   0: 0x8000aed0 (0x0a098d03) lb      s10, 160(s3)
core   0: 3 0x8000aed0 (0x0a098d03) x26 0xffffffea mem 0x80014e0b
core   0: 0x8000aed4 (0xf7d98503) lb      a0, -131(s3)
core   0: 3 0x8000aed4 (0xf7d98503) x10 0x00000049 mem 0x80014ce8
core   0: 0x8000aed8 (0x4f358e23) sb      s3, 1276(a1)
core   0: 3 0x8000aed8 (0x4f358e23) mem 0x80020490 0x6b
core   0: 0x8000aedc (0x08f997a3) sh      a5, 143(s3)
core   0: 3 0x8000aedc (0x08f997a3) mem 0x80014dfa 0xfabd
core   0: 0x8000aee0 (0x0aa59c03) lh      s8, 170(a1)
core   0: 3 0x8000aee0 (0x0aa59c03) x24 0xffffb8a8 mem 0x8002003e
core   0: 0x8000aee4 (0x00005ee1) c.li    t4, -8
core   0: 3 0x8000aee4 (0x5ee1) x29 0xfffffff8
core   0: 0x8000aee6 (0x00001418) c.addi4spn a4, sp, 544
core   0: 3 0x8000aee6 (0x1418) x14 0x80012755
core   0: 0x8000aee8 (0x00008735) c.srai  a4, 13
core   0: 3 0x8000aee8 (0x8735) x14 0xfffc0009
core   0: 0x8000aeea (0x00001e7d) c.addi  t3, -1
core   0: 3 0x8000aeea (0x1e7d) x28 0x00000506
core   0: 0x8000aeec (0x00008fa9) c.xor   a5, a0
core   0: 3 0x8000aeec (0x8fa9) x15 0x8001faf4
core   0: 0x8000aeee (0x00008f7d) c.and   a4, a5
core   0: 3 0x8000aeee (0x8f7d) x14 0x80000000
core   0: 0x8000aef0 (0x00000001) c.nop
core   0: 3 0x8000aef0 (0x0001)
core   0: 0x8000aef2 (0x000099fe) c.add   s3, t6
core   0: 3 0x8000aef2 (0x99fe) x19 0x00037deb
core   0: 0x8000aef4 (0x07f9b413) sltiu   s0, s3, 127
core   0: 3 0x8000aef4 (0x07f9b413) x 8 0x00000000
core   0: 0x8000aef8 (0x00004b95) c.li    s7, 5
core   0: 3 0x8000aef8 (0x4b95) x23 0x00000005
core   0: 0x8000aefa (0x016ae0b3) or      ra, s5, s6
core   0: 3 0x8000aefa (0x016ae0b3) x 1 0x80023075
core   0: 0x8000aefe (0x7b92ef93) ori     t6, t0, 1977
core   0: 3 0x8000aefe (0x7b92ef93) x31 0x000007b9
core   0: 0x8000af02 (0x016bd633) srl     a2, s7, s6
core   0: 3 0x8000af02 (0x016bd633) x12 0x00000000
core   0: 0x8000af06 (0x0000138c) c.addi4spn a1, sp, 480
core   0: 3 0x8000af06 (0x138c) x11 0x80012715
core   0: 0x8000af08 (0x0000856d) c.srai  a0, 27
core   0: 3 0x8000af08 (0x856d) x10 0x00000000
core   0: 0x8000af0a (0x010aad33) slt     s10, s5, a6
core   0: 3 0x8000af0a (0x010aad33) x26 0x00000000
core   0: 0x8000af0e (0xce7ee493) ori     s1, t4, -793
core   0: 3 0x8000af0e (0xce7ee493) x 9 0xffffffff
core   0: 0x8000af12 (0x0060ac33) slt     s8, ra, t1
core   0: 3 0x8000af12 (0x0060ac33) x24 0x00000000
core   0: 0x8000af16 (0x00008105) c.srli  a0, 1
core   0: 3 0x8000af16 (0x8105) x10 0x00000000
core   0: 0x8000af18 (0x00001a18) c.addi4spn a4, sp, 304
core   0: 3 0x8000af18 (0x1a18) x14 0x80012665
core   0: 0x8000af1a (0x00d36c33) or      s8, t1, a3
core   0: 3 0x8000af1a (0x00d36c33) x24 0x8002bd6c
core   0: 0x8000af1e (0x000088b1) c.andi  s1, 12
core   0: 3 0x8000af1e (0x88b1) x 9 0x0000000c
core   0: 0x8000af20 (0x019381b3) add     gp, t2, s9
core   0: 3 0x8000af20 (0x019381b3) x 3 0x8001228d
core   0: 0x8000af24 (0x025a6533) rem     a0, s4, t0
core   0: 3 0x8000af24 (0x025a6533) x10 0xfffffe6e
core   0: 0x8000af28 (0x00000ea5) c.addi  t4, 9
core   0: 3 0x8000af28 (0x0ea5) x29 0x00000001
core   0: 0x8000af2a (0x3047bc93) sltiu   s9, a5, 772
core   0: 3 0x8000af2a (0x3047bc93) x25 0x00000000
core   0: 0x8000af2e (0x000098c2) c.add   a7, a6
core   0: 3 0x8000af2e (0x98c2) x17 0x80027e7b
core   0: 0x8000af30 (0xff7ec8e3) blt     t4, s7, pc - 16
core   0: 3 0x8000af30 (0xff7ec8e3)
core   0: 0x8000af20 (0x019381b3) add     gp, t2, s9
core   0: 3 0x8000af20 (0x019381b3) x 3 0x00000000
core   0: 0x8000af24 (0x025a6533) rem     a0, s4, t0
core   0: 3 0x8000af24 (0x025a6533) x10 0xfffffe6e
core   0: 0x8000af28 (0x00000ea5) c.addi  t4, 9
core   0: 3 0x8000af28 (0x0ea5) x29 0x0000000a
core   0: 0x8000af2a (0x3047bc93) sltiu   s9, a5, 772
core   0: 3 0x8000af2a (0x3047bc93) x25 0x00000000
core   0: 0x8000af2e (0x000098c2) c.add   a7, a6
core   0: 3 0x8000af2e (0x98c2) x17 0x0004fcf7
core   0: 0x8000af30 (0xff7ec8e3) blt     t4, s7, pc - 16
core   0: 3 0x8000af30 (0xff7ec8e3)
core   0: 0x8000af34 (0x006dbd33) sltu    s10, s11, t1
core   0: 3 0x8000af34 (0x006dbd33) x26 0x00000001
core   0: 0x8000af38 (0x00018417) auipc   s0, 0x18
core   0: 3 0x8000af38 (0x00018417) x 8 0x80022f38
core   0: 0x8000af3c (0x11840413) addi    s0, s0, 280
core   0: 3 0x8000af3c (0x11840413) x 8 0x80023050
core   0: 0x8000af40 (0x022eaab3) mulhsu  s5, t4, sp
core   0: 3 0x8000af40 (0x022eaab3) x21 0x00000005
core   0: 0x8000af44 (0x40495a93) srai    s5, s2, 4
core   0: 3 0x8000af44 (0x40495a93) x21 0x00000000
core   0: 0x8000af48 (0x03786733) rem     a4, a6, s7
core   0: 3 0x8000af48 (0x03786733) x14 0xffffffff
core   0: 0x8000af4c (0x000069d9) c.lui   s3, 0x16
core   0: 3 0x8000af4c (0x69d9) x19 0x00016000
core   0: 0x8000af4e (0xcc45f993) andi    s3, a1, -828
core   0: 3 0x8000af4e (0xcc45f993) x19 0x80012404
core   0: 0x8000af52 (0xff95ba93) sltiu   s5, a1, -7
core   0: 3 0x8000af52 (0xff95ba93) x21 0x00000001
core   0: 0x8000af56 (0x0071d793) srli    a5, gp, 7
core   0: 3 0x8000af56 (0x0071d793) x15 0x00000000
core   0: 0x8000af5a (0x01edef33) or      t5, s11, t5
core   0: 3 0x8000af5a (0x01edef33) x30 0xffffffbe
core   0: 0x8000af5e (0x14042c2f) lr.w    s8, (s0)
core   0: 3 0x8000af5e (0x14042c2f) x24 0x00000053 mem 0x80023050
core   0: 0x8000af62 (0x00000aa2) c.slli  s5, 8
core   0: 3 0x8000af62 (0x0aa2) x21 0x00000100
core   0: 0x8000af64 (0x01a44233) xor     tp, s0, s10
core   0: 3 0x8000af64 (0x01a44233) x 4 0x80023051
core   0: 0x8000af68 (0x005e6533) or      a0, t3, t0
core   0: 3 0x8000af68 (0x005e6533) x10 0x00000706
core   0: 0x8000af6c (0x00c07a33) and     s4, zero, a2
core   0: 3 0x8000af6c (0x00c07a33) x20 0x00000000
core   0: 0x8000af70 (0x1d0428af) sc.w    a7, a6, (s0)
core   0: 3 0x8000af70 (0x1d0428af) x17 0x00000000 mem 0x80023050 0x80027e7c
core   0: 0x8000af74 (0x00005759) c.li    a4, -10
core   0: 3 0x8000af74 (0x5759) x14 0xfffffff6
core   0: 0x8000af76 (0x01b505b3) add     a1, a0, s11
core   0: 3 0x8000af76 (0x01b505b3) x11 0x65ec042c
core   0: 0x8000af7a (0x00008d71) c.and   a0, a2
core   0: 3 0x8000af7a (0x8d71) x10 0x00000000
core   0: 0x8000af7c (0xca6ced93) ori     s11, s9, -858
core   0: 3 0x8000af7c (0xca6ced93) x27 0xfffffca6
core   0: 0x8000af80 (0x03cf0413) addi    s0, t5, 60
core   0: 3 0x8000af80 (0x03cf0413) x 8 0xfffffffa
core   0: 0x8000af84 (0x000002be) c.slli  t0, 15
core   0: 3 0x8000af84 (0x02be) x 5 0x03800000
core   0: 0x8000af86 (0xabe6fc13) andi    s8, a3, -1346
core   0: 3 0x8000af86 (0xabe6fc13) x24 0x8002b824
core   0: 0x8000af8a (0x0094e2b3) or      t0, s1, s1
core   0: 3 0x8000af8a (0x0094e2b3) x 5 0x0000000c
core   0: 0x8000af8e (0x00000001) c.nop
core   0: 3 0x8000af8e (0x0001)
core   0: 0x8000af90 (0x00000001) c.nop
core   0: 3 0x8000af90 (0x0001)
core   0: 0x8000af92 (0x40b0da13) srai    s4, ra, 11
core   0: 3 0x8000af92 (0x40b0da13) x20 0xfff00046
core   0: 0x8000af96 (0x00008995) c.andi  a1, 5
core   0: 3 0x8000af96 (0x8995) x11 0x00000004
core   0: 0x8000af98 (0x00009a0e) c.add   s4, gp
core   0: 3 0x8000af98 (0x9a0e) x20 0xfff00046
core   0: 0x8000af9a (0x00a9a2b3) slt     t0, s3, a0
core   0: 3 0x8000af9a (0x00a9a2b3) x 5 0x00000001
core   0: 0x8000af9e (0x00009b42) c.add   s6, a6
core   0: 3 0x8000af9e (0x9b42) x22 0x0004aeec
core   0: 0x8000afa0 (0x00009bfd) c.andi  a5, -1
core   0: 3 0x8000afa0 (0x9bfd) x15 0x00000000
core   0: 0x8000afa2 (0x00000729) c.addi  a4, 10
core   0: 3 0x8000afa2 (0x0729) x14 0x00000000
core   0: 0x8000afa4 (0x024f21b3) mulhsu  gp, t5, tp
core   0: 3 0x8000afa4 (0x024f21b3) x 3 0xffffffde
core   0: 0x8000afa8 (0x000050dd) c.li    ra, -9
core   0: 3 0x8000afa8 (0x50dd) x 1 0xfffffff7
core   0: 0x8000afaa (0x00005bd1) c.li    s7, -12
core   0: 3 0x8000afaa (0x5bd1) x23 0xfffffff4
core   0: 0x8000afac (0x00000d10) c.addi4spn a2, sp, 656
core   0: 3 0x8000afac (0x0d10) x12 0x800127c5
core   0: 0x8000afae (0x0238bf33) mulhu   t5, a7, gp
core   0: 3 0x8000afae (0x0238bf33) x30 0x00000000
core   0: 0x8000afb2 (0xa235b113) sltiu   sp, a1, -1501
core   0: 3 0x8000afb2 (0xa235b113) x 2 0x00000001
core   0: 0x8000afb6 (0x00000800) c.addi4spn s0, sp, 16
core   0: 3 0x8000afb6 (0x0800) x 8 0x00000011
core   0: 0x8000afb8 (0x00fbdc93) srli    s9, s7, 15
core   0: 3 0x8000afb8 (0x00fbdc93) x25 0x0001ffff
core   0: 0x8000afbc (0xff0ffa13) andi    s4, t6, -16
core   0: 3 0x8000afbc (0xff0ffa13) x20 0x000007b0
core   0: 0x8000afc0 (0x000010dd) c.addi  ra, -9
core   0: 3 0x8000afc0 (0x10dd) x 1 0xffffffee
core   0: 0x8000afc2 (0xff70d6e3) bge     ra, s7, pc - 20
core   0: 3 0x8000afc2 (0xff70d6e3)
core   0: 0x8000afc6 (0x029a9a33) mulh    s4, s5, s1
core   0: 3 0x8000afc6 (0x029a9a33) x20 0x00000000
core   0: 0x8000afca (0x0ff0000f) fence   iorw,iorw
core   0: 3 0x8000afca (0x0ff0000f)
core   0: 0x8000afce (0x0ff0000f) fence   iorw,iorw
core   0: 3 0x8000afce (0x0ff0000f)
core   0: 0x8000afd2 (0x00000001) c.nop
core   0: 3 0x8000afd2 (0x0001)
core   0: 0x8000afd4 (0x0000f379) c.bnez  a4, pc - 58
core   0: 3 0x8000afd4 (0xf379)
core   0: 0x8000afd6 (0x0078b633) sltu    a2, a7, t2
core   0: 3 0x8000afd6 (0x0078b633) x12 0x00000000
core   0: 0x8000afda (0x00011597) auipc   a1, 0x11
core   0: 3 0x8000afda (0x00011597) x11 0x8001bfda
core   0: 0x8000afde (0x3c858593) addi    a1, a1, 968
core   0: 3 0x8000afde (0x3c858593) x11 0x8001c3a2
core   0: 0x8000afe2 (0xfda586a3) sb      s10, -51(a1)
core   0: 3 0x8000afe2 (0xfda586a3) mem 0x8001c36f 0x1
core   0: 0x8000afe6 (0xfcd5c203) lbu     tp, -51(a1)
core   0: 3 0x8000afe6 (0xfcd5c203) x 4 0x00000001 mem 0x8001c36f
core   0: 0x8000afea (0x0d958a83) lb      s5, 217(a1)
core   0: 3 0x8000afea (0x0d958a83) x21 0x00000000 mem 0x8001c47b
core   0: 0x8000afee (0x0d95cf83) lbu     t6, 217(a1)
core   0: 3 0x8000afee (0x0d95cf83) x31 0x00000000 mem 0x8001c47b
core   0: 0x8000aff2 (0x0ca58ca3) sb      a0, 217(a1)
core   0: 3 0x8000aff2 (0x0ca58ca3) mem 0x8001c47b 0x0
core   0: 0x8000aff6 (0x0d95cd83) lbu     s11, 217(a1)
core   0: 3 0x8000aff6 (0x0d95cd83) x27 0x00000000 mem 0x8001c47b
core   0: 0x8000affa (0x0000100f) fence.i
core   0: 3 0x8000affa (0x0000100f)
core   0: 0x8000affe (0x0ae5a303) lw      t1, 174(a1)
core   0: 3 0x8000affe (0x0ae5a303) x 6 0xfbaf0000 mem 0x8001c450
core   0: 0x8000b002 (0x0b159723) sh      a7, 174(a1)
core   0: 3 0x8000b002 (0x0b159723) mem 0x8001c450 0x0000
core   0: 0x8000b006 (0x0ae58303) lb      t1, 174(a1)
core   0: 3 0x8000b006 (0x0ae58303) x 6 0x00000000 mem 0x8001c450
core   0: 0x8000b00a (0xf0259a03) lh      s4, -254(a1)
core   0: 3 0x8000b00a (0xf0259a03) x20 0x00005f30 mem 0x8001c2a4
core   0: 0x8000b00e (0x00018517) auipc   a0, 0x18
core   0: 3 0x8000b00e (0x00018517) x10 0x8002300e
core   0: 0x8000b012 (0x07250513) addi    a0, a0, 114
core   0: 3 0x8000b012 (0x07250513) x10 0x80023080
core   0: 0x8000b016 (0x00d287b3) add     a5, t0, a3
core   0: 3 0x8000b016 (0x00d287b3) x15 0x8002bd25
core   0: 0x8000b01a (0xc4452c2f) amominu.w s8, tp, (a0)
core   0: 3 0x8000b01a (0xc4452c2f) x24 0x00000094 mem 0x80023080 mem 0x80023080 0x00000001
core   0: 0x8000b01e (0xe435292f) amomaxu.w s2, gp, (a0)
core   0: 3 0x8000b01e (0xe435292f) x18 0x00000001 mem 0x80023080 mem 0x80023080 0xffffffde
core   0: 0x8000b022 (0x00018717) auipc   a4, 0x18
core   0: 3 0x8000b022 (0x00018717) x14 0x80023022
core   0: 0x8000b026 (0x05a70713) addi    a4, a4, 90
core   0: 3 0x8000b026 (0x05a70713) x14 0x8002307c
core   0: 0x8000b02a (0x10072eaf) lr.w    t4, (a4)
core   0: 3 0x8000b02a (0x10072eaf) x29 0x000000d5 mem 0x8002307c
core   0: 0x8000b02e (0x00008199) c.srli  a1, 6
core   0: 3 0x8000b02e (0x8199) x11 0x0200070e
core   0: 0x8000b030 (0x1b572c2f) sc.w    s8, s5, (a4)
core   0: 3 0x8000b030 (0x1b572c2f) x24 0x00000000 mem 0x8002307c 0x00000000
core   0: 0x8000b034 (0x00018097) auipc   ra, 0x18
core   0: 3 0x8000b034 (0x00018097) x 1 0x80023034
core   0: 0x8000b038 (0x04008093) addi    ra, ra, 64
core   0: 3 0x8000b038 (0x04008093) x 1 0x80023074
core   0: 0x8000b03c (0x00000001) c.nop
core   0: 3 0x8000b03c (0x0001)
core   0: 0x8000b03e (0x40fd5cb3) sra     s9, s10, a5
core   0: 3 0x8000b03e (0x40fd5cb3) x25 0x00000000
core   0: 0x8000b042 (0x0066abb3) slt     s7, a3, t1
core   0: 3 0x8000b042 (0x0066abb3) x23 0x00000001
core   0: 0x8000b046 (0x014fd533) srl     a0, t6, s4
core   0: 3 0x8000b046 (0x014fd533) x10 0x00000000
core   0: 0x8000b04a (0x1200ab2f) lr.w    s6, (ra)
core   0: 3 0x8000b04a (0x1200ab2f) x22 0x0000009e mem 0x80023074
core   0: 0x8000b04e (0x40ec8bb3) sub     s7, s9, a4
core   0: 3 0x8000b04e (0x40ec8bb3) x23 0x7ffdcf84
core   0: 0x8000b052 (0x405685b3) sub     a1, a3, t0
core   0: 3 0x8000b052 (0x405685b3) x11 0x8002bd23
core   0: 0x8000b056 (0x01f52cb3) slt     s9, a0, t6
core   0: 3 0x8000b056 (0x01f52cb3) x25 0x00000000
core   0: 0x8000b05a (0x03c637b3) mulhu   a5, a2, t3
core   0: 3 0x8000b05a (0x03c637b3) x15 0x00000000
core   0: 0x8000b05e (0xaef78993) addi    s3, a5, -1297
core   0: 3 0x8000b05e (0xaef78993) x19 0xfffffaef
core   0: 0x8000b062 (0x40158433) sub     s0, a1, ra
core   0: 3 0x8000b062 (0x40158433) x 8 0x00008caf
core   0: 0x8000b066 (0x00006125) c.addi16sp sp, 96
core   0: 3 0x8000b066 (0x6125) x 2 0x00000061
core   0: 0x8000b068 (0x1b70ac2f) sc.w    s8, s7, (ra)
core   0: 3 0x8000b068 (0x1b70ac2f) x24 0x00000000 mem 0x80023074 0x7ffdcf84
core   0: 0x8000b06c (0x018000ef) jal     pc + 0x18
core   0: 3 0x8000b06c (0x018000ef) x 1 0x8000b070
core   0: 0x8000b084 (0x0000a009) c.j     pc + 2
core   0: 3 0x8000b084 (0xa009)
core   0: 0x8000b086 (0x00003fe5) c.jal   pc - 8
core   0: 3 0x8000b086 (0x3fe5) x 1 0x8000b088
core   0: 0x8000b07e (0x0000bffd) c.j     pc - 2
core   0: 3 0x8000b07e (0xbffd)
core   0: 0x8000b07c (0x0000bff5) c.j     pc - 4
core   0: 3 0x8000b07c (0xbff5)
core   0: 0x8000b078 (0x018008ef) jal     a7, pc + 0x18
core   0: 3 0x8000b078 (0x018008ef) x17 0x8000b07c
core   0: 0x8000b090 (0xfe5ffaef) jal     s5, pc - 0x1c
core   0: 3 0x8000b090 (0xfe5ffaef) x21 0x8000b094
core   0: 0x8000b074 (0x00003ff5) c.jal   pc - 4
core   0: 3 0x8000b074 (0x3ff5) x 1 0x8000b076
core   0: 0x8000b070 (0x010000ef) jal     pc + 0x10
core   0: 3 0x8000b070 (0x010000ef) x 1 0x8000b074
core   0: 0x8000b080 (0x00a0046f) jal     s0, pc + 0xa
core   0: 3 0x8000b080 (0x00a0046f) x 8 0x8000b084
core   0: 0x8000b08a (0x00002031) c.jal   pc + 12
core   0: 3 0x8000b08a (0x2031) x 1 0x8000b08c
core   0: 0x8000b096 (0x0000bffd) c.j     pc - 2
core   0: 3 0x8000b096 (0xbffd)
core   0: 0x8000b094 (0x00002011) c.jal   pc + 4
core   0: 3 0x8000b094 (0x2011) x 1 0x8000b096
core   0: 0x8000b098 (0xff1ff0ef) jal     pc - 0x10
core   0: 3 0x8000b098 (0xff1ff0ef) x 1 0x8000b09c
core   0: 0x8000b088 (0x0000a819) c.j     pc + 22
core   0: 3 0x8000b088 (0xa819)
core   0: 0x8000b09e (0x0000bffd) c.j     pc - 2
core   0: 3 0x8000b09e (0xbffd)
core   0: 0x8000b09c (0x00003fc5) c.jal   pc - 16
core   0: 3 0x8000b09c (0x3fc5) x 1 0x8000b09e
core   0: 0x8000b08c (0x014000ef) jal     pc + 0x14
core   0: 3 0x8000b08c (0x014000ef) x 1 0x8000b090
core   0: 0x8000b0a0 (0x0000bfd9) c.j     pc - 42
core   0: 3 0x8000b0a0 (0xbfd9)
core   0: 0x8000b076 (0x0000a035) c.j     pc + 44
core   0: 3 0x8000b076 (0xa035)
core   0: 0x8000b0a2 (0x00008c91) c.sub   s1, a2
core   0: 3 0x8000b0a2 (0x8c91) x 9 0x0000000c
core   0: 0x8000b0a4 (0x0000de97) auipc   t4, 0xd
core   0: 3 0x8000b0a4 (0x0000de97) x29 0x800180a4
core   0: 0x8000b0a8 (0xa21e8e93) addi    t4, t4, -1503
core   0: 3 0x8000b0a8 (0xa21e8e93) x29 0x80017ac5
core   0: 0x8000b0ac (0x00008717) auipc   a4, 0x8
core   0: 3 0x8000b0ac (0x00008717) x14 0x800130ac
core   0: 0x8000b0b0 (0xefd70713) addi    a4, a4, -259
core   0: 3 0x8000b0b0 (0xefd70713) x14 0x80012fa9
core   0: 0x8000b0b4 (0xfc7e8d23) sb      t2, -38(t4)
core   0: 3 0x8000b0b4 (0xfc7e8d23) mem 0x80017a9f 0x0
core   0: 0x8000b0b8 (0xfcc70083) lb      ra, -52(a4)
core   0: 3 0x8000b0b8 (0xfcc70083) x 1 0xffffffd2 mem 0x80012f75
core   0: 0x8000b0bc (0x035e9203) lh      tp, 53(t4)
core   0: 3 0x8000b0bc (0x035e9203) x 4 0x00001343 mem 0x80017afa
core   0: 0x8000b0c0 (0xfbc74a03) lbu     s4, -68(a4)
core   0: 3 0x8000b0c0 (0xfbc74a03) x20 0x000000ca mem 0x80012f65
core   0: 0x8000b0c4 (0x02a703a3) sb      a0, 39(a4)
core   0: 3 0x8000b0c4 (0x02a703a3) mem 0x80012fd0 0x0
core   0: 0x8000b0c8 (0xffeeada3) sw      t5, -5(t4)
core   0: 3 0x8000b0c8 (0xffeeada3) mem 0x80017ac0 0x00000000
core   0: 0x8000b0cc (0x020e8d83) lb      s11, 32(t4)
core   0: 3 0x8000b0cc (0x020e8d83) x27 0x0000001d mem 0x80017ae5
core   0: 0x8000b0d0 (0xf1274183) lbu     gp, -238(a4)
core   0: 3 0x8000b0d0 (0xf1274183) x 3 0x00000083 mem 0x80012ebb
core   0: 0x8000b0d4 (0xfffe87a3) sb      t6, -17(t4)
core   0: 3 0x8000b0d4 (0xfffe87a3) mem 0x80017ab4 0x0
core   0: 0x8000b0d8 (0xf6175183) lhu     gp, -159(a4)
core   0: 3 0x8000b0d8 (0xf6175183) x 3 0x0000e074 mem 0x80012f0a
core   0: 0x8000b0dc (0xf7d71483) lh      s1, -131(a4)
core   0: 3 0x8000b0dc (0xf7d71483) x 9 0xffffe5ea mem 0x80012f26
core   0: 0x8000b0e0 (0xfc670903) lb      s2, -58(a4)
core   0: 3 0x8000b0e0 (0xfc670903) x18 0xffffffc3 mem 0x80012f6f
core   0: 0x8000b0e4 (0xfb970083) lb      ra, -71(a4)
core   0: 3 0x8000b0e4 (0xfb970083) x 1 0x00000050 mem 0x80012f62
core   0: 0x8000b0e8 (0x029ed983) lhu     s3, 41(t4)
core   0: 3 0x8000b0e8 (0x029ed983) x19 0x000037fa mem 0x80017aee
core   0: 0x8000b0ec (0x020e8f23) sb      zero, 62(t4)
core   0: 3 0x8000b0ec (0x020e8f23) mem 0x80017b03 0x0
core   0: 0x8000b0f0 (0xfc9ed983) lhu     s3, -55(t4)
core   0: 3 0x8000b0f0 (0xfc9ed983) x19 0x0000cc58 mem 0x80017a8e
core   0: 0x8000b0f4 (0xfd2e8da3) sb      s2, -37(t4)
core   0: 3 0x8000b0f4 (0xfd2e8da3) mem 0x80017aa0 0xc3
core   0: 0x8000b0f8 (0xfd170b23) sb      a7, -42(a4)
core   0: 3 0x8000b0f8 (0xfd170b23) mem 0x80012f7f 0x7c
core   0: 0x8000b0fc (0xfd6e8883) lb      a7, -42(t4)
core   0: 3 0x8000b0fc (0xfd6e8883) x17 0xffffff9e mem 0x80017a9b
core   0: 0x8000b100 (0xff074b83) lbu     s7, -16(a4)
core   0: 3 0x8000b100 (0xff074b83) x23 0x00000057 mem 0x80012f99
core   0: 0x8000b104 (0x016000ef) jal     pc + 0x16
core   0: 3 0x8000b104 (0x016000ef) x 1 0x8000b108
core   0: 0x8000b11a (0x004000ef) jal     pc + 0x4
core   0: 3 0x8000b11a (0x004000ef) x 1 0x8000b11e
core   0: 0x8000b11e (0x0000a831) c.j     pc + 28
core   0: 3 0x8000b11e (0xa831)
core   0: 0x8000b13a (0x00002011) c.jal   pc + 4
core   0: 3 0x8000b13a (0x2011) x 1 0x8000b13c
core   0: 0x8000b13e (0x000037f5) c.jal   pc - 20
core   0: 3 0x8000b13e (0x37f5) x 1 0x8000b140
core   0: 0x8000b12a (0x0000b7e5) c.j     pc - 24
core   0: 3 0x8000b12a (0xb7e5)
core   0: 0x8000b112 (0x0000202d) c.jal   pc + 42
core   0: 3 0x8000b112 (0x202d) x 1 0x8000b114
core   0: 0x8000b13c (0x0000b7f9) c.j     pc - 50
core   0: 3 0x8000b13c (0xb7f9)
core   0: 0x8000b10a (0x0000202d) c.jal   pc + 42
core   0: 3 0x8000b10a (0x202d) x 1 0x8000b10c
core   0: 0x8000b134 (0xfefff36f) jal     t1, pc - 0x12
core   0: 3 0x8000b134 (0xfefff36f) x 6 0x8000b138
core   0: 0x8000b122 (0xfedff0ef) jal     pc - 0x14
core   0: 3 0x8000b122 (0xfedff0ef) x 1 0x8000b126
core   0: 0x8000b10e (0x018000ef) jal     pc + 0x18
core   0: 3 0x8000b10e (0x018000ef) x 1 0x8000b112
core   0: 0x8000b126 (0x01a000ef) jal     pc + 0x1a
core   0: 3 0x8000b126 (0x01a000ef) x 1 0x8000b12a
core   0: 0x8000b140 (0x00a000ef) jal     pc + 0xa
core   0: 3 0x8000b140 (0x00a000ef) x 1 0x8000b144
core   0: 0x8000b14a (0x00003ffd) c.jal   pc - 2
core   0: 3 0x8000b14a (0x3ffd) x 1 0x8000b14c
core   0: 0x8000b148 (0x0000b7d5) c.j     pc - 28
core   0: 3 0x8000b148 (0xb7d5)
core   0: 0x8000b12c (0xfe1ff4ef) jal     s1, pc - 0x20
core   0: 3 0x8000b12c (0xfe1ff4ef) x 9 0x8000b130
core   0: 0x8000b10c (0x00002015) c.jal   pc + 36
core   0: 3 0x8000b10c (0x2015) x 1 0x8000b10e
core   0: 0x8000b130 (0xff1ff0ef) jal     pc - 0x10
core   0: 3 0x8000b130 (0xff1ff0ef) x 1 0x8000b134
core   0: 0x8000b120 (0x00002805) c.jal   pc + 48
core   0: 3 0x8000b120 (0x2805) x 1 0x8000b122
core   0: 0x8000b150 (0x004000ef) jal     pc + 0x4
core   0: 3 0x8000b150 (0x004000ef) x 1 0x8000b154
core   0: 0x8000b154 (0x00003fe5) c.jal   pc - 8
core   0: 3 0x8000b154 (0x3fe5) x 1 0x8000b156
core   0: 0x8000b14c (0xfedff0ef) jal     pc - 0x14
core   0: 3 0x8000b14c (0xfedff0ef) x 1 0x8000b150
core   0: 0x8000b138 (0x000037c5) c.jal   pc - 32
core   0: 3 0x8000b138 (0x37c5) x 1 0x8000b13a
core   0: 0x8000b118 (0x0000bfc5) c.j     pc - 16
core   0: 3 0x8000b118 (0xbfc5)
core   0: 0x8000b108 (0x0000a0b9) c.j     pc + 78
core   0: 3 0x8000b108 (0xa0b9)
core   0: 0x8000b156 (0x0000b7c1) c.j     pc - 64
core   0: 3 0x8000b156 (0xb7c1)
core   0: 0x8000b116 (0x00002805) c.jal   pc + 48
core   0: 3 0x8000b116 (0x2805) x 1 0x8000b118
core   0: 0x8000b146 (0x0000b7f9) c.j     pc - 50
core   0: 3 0x8000b146 (0xb7f9)
core   0: 0x8000b114 (0x0000a805) c.j     pc + 48
core   0: 3 0x8000b114 (0xa805)
core   0: 0x8000b144 (0x00002811) c.jal   pc + 20
core   0: 3 0x8000b144 (0x2811) x 1 0x8000b146
core   0: 0x8000b158 (0x0000816a) c.mv    sp, s10
core   0: 3 0x8000b158 (0x816a) x 2 0x00000001
core   0: 0x8000b15a (0x0000b797) auipc   a5, 0xb
core   0: 3 0x8000b15a (0x0000b797) x15 0x8001615a
core   0: 0x8000b15e (0x09c78793) addi    a5, a5, 156
core   0: 3 0x8000b15e (0x09c78793) x15 0x800161f6
core   0: 0x8000b162 (0x00012917) auipc   s2, 0x12
core   0: 3 0x8000b162 (0x00012917) x18 0x8001d162
core   0: 0x8000b166 (0xabb90913) addi    s2, s2, -1349
core   0: 3 0x8000b166 (0xabb90913) x18 0x8001cc1d
core   0: 0x8000b16a (0x08f78183) lb      gp, 143(a5)
core   0: 3 0x8000b16a (0x08f78183) x 3 0xffffffa8 mem 0x80016285
core   0: 0x8000b16e (0xdf494e83) lbu     t4, -524(s2)
core   0: 3 0x8000b16e (0xdf494e83) x29 0x0000006a mem 0x8001ca11
core   0: 0x8000b172 (0x2c290603) lb      a2, 706(s2)
core   0: 3 0x8000b172 (0x2c290603) x12 0xffffff8f mem 0x8001cedf
core   0: 0x8000b176 (0xf3078023) sb      a6, -224(a5)
core   0: 3 0x8000b176 (0xf3078023) mem 0x80016116 0x7c
core   0: 0x8000b17a (0x09c79703) lh      a4, 156(a5)
core   0: 3 0x8000b17a (0x09c79703) x14 0x00000b65 mem 0x80016292
core   0: 0x8000b17e (0xf7e79403) lh      s0, -130(a5)
core   0: 3 0x8000b17e (0xf7e79403) x 8 0x00000f3d mem 0x80016174
core   0: 0x8000b182 (0x36d95403) lhu     s0, 877(s2)
core   0: 3 0x8000b182 (0x36d95403) x 8 0x0000f2b2 mem 0x8001cf8a
core   0: 0x8000b186 (0x0a490b83) lb      s7, 164(s2)
core   0: 3 0x8000b186 (0x0a490b83) x23 0x0000002c mem 0x8001ccc1
core   0: 0x8000b18a (0xfc678283) lb      t0, -58(a5)
core   0: 3 0x8000b18a (0xfc678283) x 5 0x00000032 mem 0x800161bc
core   0: 0x8000b18e (0x84b90723) sb      a1, -1970(s2)
core   0: 3 0x8000b18e (0x84b90723) mem 0x8001c46b 0x23
core   0: 0x8000b192 (0x05b78ca3) sb      s11, 89(a5)
core   0: 3 0x8000b192 (0x05b78ca3) mem 0x8001624f 0x1d
core   0: 0x8000b196 (0xfcf7cb83) lbu     s7, -49(a5)
core   0: 3 0x8000b196 (0xfcf7cb83) x23 0x00000096 mem 0x800161c5
core   0: 0x8000b19a (0x0fd788a3) sb      t4, 241(a5)
core   0: 3 0x8000b19a (0x0fd788a3) mem 0x800162e7 0x6a
core   0: 0x8000b19e (0x4c195b83) lhu     s7, 1217(s2)
core   0: 3 0x8000b19e (0x4c195b83) x23 0x0000d8fa mem 0x8001d0de
core   0: 0x8000b1a2 (0xf527c183) lbu     gp, -174(a5)
core   0: 3 0x8000b1a2 (0xf527c183) x 3 0x000000e9 mem 0x80016148
core   0: 0x8000b1a6 (0xfc07dc03) lhu     s8, -64(a5)
core   0: 3 0x8000b1a6 (0xfc07dc03) x24 0x0000e9f5 mem 0x800161b6
core   0: 0x8000b1aa (0xc4a90e03) lb      t3, -950(s2)
core   0: 3 0x8000b1aa (0xc4a90e03) x28 0x00000063 mem 0x8001c867
core   0: 0x8000b1ae (0x01a000ef) jal     pc + 0x1a
core   0: 3 0x8000b1ae (0x01a000ef) x 1 0x8000b1b2
core   0: 0x8000b1c8 (0x00003fc5) c.jal   pc - 16
core   0: 3 0x8000b1c8 (0x3fc5) x 1 0x8000b1ca
core   0: 0x8000b1b8 (0x00002009) c.jal   pc + 2
core   0: 3 0x8000b1b8 (0x2009) x 1 0x8000b1ba
core   0: 0x8000b1ba (0x0000a831) c.j     pc + 28
core   0: 3 0x8000b1ba (0xa831)
core   0: 0x8000b1d6 (0x0000a011) c.j     pc + 4
core   0: 3 0x8000b1d6 (0xa011)
core   0: 0x8000b1da (0x0000bfdd) c.j     pc - 10
core   0: 3 0x8000b1da (0xbfdd)
core   0: 0x8000b1d0 (0xfe5ff0ef) jal     pc - 0x1c
core   0: 3 0x8000b1d0 (0xfe5ff0ef) x 1 0x8000b1d4
core   0: 0x8000b1b4 (0x016000ef) jal     pc + 0x16
core   0: 3 0x8000b1b4 (0x016000ef) x 1 0x8000b1b8
core   0: 0x8000b1ca (0xff5ff0ef) jal     pc - 0xc
core   0: 3 0x8000b1ca (0xff5ff0ef) x 1 0x8000b1ce
core   0: 0x8000b1be (0x0000a801) c.j     pc + 16
core   0: 3 0x8000b1be (0xa801)
core   0: 0x8000b1ce (0x00003fcd) c.jal   pc - 14
core   0: 3 0x8000b1ce (0x3fcd) x 1 0x8000b1d0
core   0: 0x8000b1c0 (0x014000ef) jal     pc + 0x14
core   0: 3 0x8000b1c0 (0x014000ef) x 1 0x8000b1c4
core   0: 0x8000b1d4 (0x00003ff9) c.jal   pc - 34
core   0: 3 0x8000b1d4 (0x3ff9) x 1 0x8000b1d6
core   0: 0x8000b1b2 (0x0000a01d) c.j     pc + 38
core   0: 3 0x8000b1b2 (0xa01d)
core   0: 0x8000b1d8 (0x00002011) c.jal   pc + 4
core   0: 3 0x8000b1d8 (0x2011) x 1 0x8000b1da
core   0: 0x8000b1dc (0x0000b7ed) c.j     pc - 22
core   0: 3 0x8000b1dc (0xb7ed)
core   0: 0x8000b1c6 (0x0000bffd) c.j     pc - 2
core   0: 3 0x8000b1c6 (0xbffd)
core   0: 0x8000b1c4 (0x00003fe5) c.jal   pc - 8
core   0: 3 0x8000b1c4 (0x3fe5) x 1 0x8000b1c6
core   0: 0x8000b1bc (0x0000200d) c.jal   pc + 34
core   0: 3 0x8000b1bc (0x200d) x 1 0x8000b1be
core   0: 0x8000b1de (0x0000a009) c.j     pc + 2
core   0: 3 0x8000b1de (0xa009)
core   0: 0x8000b1e0 (0x00000001) c.nop
core   0: 3 0x8000b1e0 (0x0001)
core   0: 0x8000b1e2 (0x00018097) auipc   ra, 0x18
core   0: 3 0x8000b1e2 (0x00018097) x 1 0x800231e2
core   0: 0x8000b1e6 (0xe6e08093) addi    ra, ra, -402
core   0: 3 0x8000b1e6 (0xe6e08093) x 1 0x80023050
core   0: 0x8000b1ea (0x00b0a92f) amoadd.w s2, a1, (ra)
core   0: 3 0x8000b1ea (0x00b0a92f) x18 0x80027e7c mem 0x80023050 mem 0x80023050 0x00053b9f
core   0: 0x8000b1ee (0x0ccfb613) sltiu   a2, t6, 204
core   0: 3 0x8000b1ee (0x0ccfb613) x12 0x00000001
core   0: 0x8000b1f2 (0xc100abaf) amominu.w s7, a6, (ra)
core   0: 3 0x8000b1f2 (0xc100abaf) x23 0x00053b9f mem 0x80023050 mem 0x80023050 0x00053b9f
core   0: 0x8000b1f6 (0xc550a8af) amominu.w a7, s5, (ra)
core   0: 3 0x8000b1f6 (0xc550a8af) x17 0x00053b9f mem 0x80023050 mem 0x80023050 0x00053b9f
core   0: 0x8000b1fa (0x00f0ac2f) amoadd.w s8, a5, (ra)
core   0: 3 0x8000b1fa (0x00f0ac2f) x24 0x00053b9f mem 0x80023050 mem 0x80023050 0x80069d95
core   0: 0x8000b1fe (0xe460acaf) amomaxu.w s9, t1, (ra)
core   0: 3 0x8000b1fe (0xe460acaf) x25 0x80069d95 mem 0x80023050 mem 0x80023050 0x80069d95
core   0: 0x8000b202 (0x8240a52f) amomin.w a0, tp, (ra)
core   0: 3 0x8000b202 (0x8240a52f) x10 0x80069d95 mem 0x80023050 mem 0x80023050 0x80069d95
core   0: 0x8000b206 (0x0000db17) auipc   s6, 0xd
core   0: 3 0x8000b206 (0x0000db17) x22 0x80018206
core   0: 0x8000b20a (0x67cb0b13) addi    s6, s6, 1660
core   0: 3 0x8000b20a (0x67cb0b13) x22 0x80018882
core   0: 0x8000b20e (0xffeb4f03) lbu     t5, -2(s6)
core   0: 3 0x8000b20e (0xffeb4f03) x30 0x000000ff mem 0x80018880
core   0: 0x8000b212 (0x003b4703) lbu     a4, 3(s6)
core   0: 3 0x8000b212 (0x003b4703) x14 0x00000012 mem 0x80018885
core   0: 0x8000b216 (0xffeb5703) lhu     a4, -2(s6)
core   0: 3 0x8000b216 (0xffeb5703) x14 0x0000c8ff mem 0x80018880
core   0: 0x8000b21a (0x009b0a03) lb      s4, 9(s6)
core   0: 3 0x8000b21a (0x009b0a03) x20 0x00000000 mem 0x8001888b
core   0: 0x8000b21e (0xfffb4703) lbu     a4, -1(s6)
core   0: 3 0x8000b21e (0xfffb4703) x14 0x000000c8 mem 0x80018881
core   0: 0x8000b222 (0xff0b5883) lhu     a7, -16(s6)
core   0: 3 0x8000b222 (0xff0b5883) x17 0x00000053 mem 0x80018872
core   0: 0x8000b226 (0x00000001) c.nop
core   0: 3 0x8000b226 (0x0001)
core   0: 0x8000b228 (0x910e7f13) andi    t5, t3, -1776
core   0: 3 0x8000b228 (0x910e7f13) x30 0x00000000
core   0: 0x8000b22c (0x00009e52) c.add   t3, s4
core   0: 3 0x8000b22c (0x9e52) x28 0x00000063
core   0: 0x8000b22e (0x40ef5e33) sra     t3, t5, a4
core   0: 3 0x8000b22e (0x40ef5e33) x28 0x00000000
core   0: 0x8000b232 (0x01175e33) srl     t3, a4, a7
core   0: 3 0x8000b232 (0x01175e33) x28 0x00000000
core   0: 0x8000b236 (0xffbef893) andi    a7, t4, -5
core   0: 3 0x8000b236 (0xffbef893) x17 0x0000006a
core   0: 0x8000b23a (0x034e38b3) mulhu   a7, t3, s4
core   0: 3 0x8000b23a (0x034e38b3) x17 0x00000000
core   0: 0x8000b23e (0x01cb05a3) sb      t3, 11(s6)
core   0: 3 0x8000b23e (0x01cb05a3) mem 0x8001888d 0x0
core   0: 0x8000b242 (0x803a0e13) addi    t3, s4, -2045
core   0: 3 0x8000b242 (0x803a0e13) x28 0xfffff803
core   0: 0x8000b246 (0x01da2f33) slt     t5, s4, t4
core   0: 3 0x8000b246 (0x01da2f33) x30 0x00000001
core   0: 0x8000b24a (0x90af2a13) slti    s4, t5, -1782
core   0: 3 0x8000b24a (0x90af2a13) x20 0x00000000
core   0: 0x8000b24e (0x01d74a33) xor     s4, a4, t4
core   0: 3 0x8000b24e (0x01d74a33) x20 0x000000a2
core   0: 0x8000b252 (0x034e5a33) divu    s4, t3, s4
core   0: 3 0x8000b252 (0x034e5a33) x20 0x01948b03
core   0: 0x8000b256 (0x007b4a03) lbu     s4, 7(s6)
core   0: 3 0x8000b256 (0x007b4a03) x20 0x000000a4 mem 0x80018889
core   0: 0x8000b25a (0x41d88733) sub     a4, a7, t4
core   0: 3 0x8000b25a (0x41d88733) x14 0xffffff96
core   0: 0x8000b25e (0x01ee4e33) xor     t3, t3, t5
core   0: 3 0x8000b25e (0x01ee4e33) x28 0xfffff802
core   0: 0x8000b262 (0x000b4703) lbu     a4, 0(s6)
core   0: 3 0x8000b262 (0x000b4703) x14 0x00000053 mem 0x80018882
core   0: 0x8000b266 (0x41ee8a33) sub     s4, t4, t5
core   0: 3 0x8000b266 (0x41ee8a33) x20 0x00000069
core   0: 0x8000b26a (0x01cb1023) sh      t3, 0(s6)
core   0: 3 0x8000b26a (0x01cb1023) mem 0x80018882 0xf802
core   0: 0x8000b26e (0x014b0523) sb      s4, 10(s6)
core   0: 3 0x8000b26e (0x014b0523) mem 0x8001888c 0x69
core   0: 0x8000b272 (0xffbb0e03) lb      t3, -5(s6)
core   0: 3 0x8000b272 (0xffbb0e03) x28 0x0000006a mem 0x8001887d
core   0: 0x8000b276 (0x00ba5713) srli    a4, s4, 11
core   0: 3 0x8000b276 (0x00ba5713) x14 0x00000000
core   0: 0x8000b27a (0x00008f19) c.sub   a4, a4
core   0: 3 0x8000b27a (0x8f19) x14 0x00000000
core   0: 0x8000b27c (0x01db06a3) sb      t4, 13(s6)
core   0: 3 0x8000b27c (0x01db06a3) mem 0x8001888f 0x6a
core   0: 0x8000b280 (0x01ce98b3) sll     a7, t4, t3
core   0: 3 0x8000b280 (0x01ce98b3) x17 0x0001a800
core   0: 0x8000b284 (0x00006e5d) c.lui   t3, 0x17
core   0: 3 0x8000b284 (0x6e5d) x28 0x00017000
core   0: 0x8000b286 (0x03d88733) mul     a4, a7, t4
core   0: 3 0x8000b286 (0x03d88733) x14 0x00af9000
core   0: 0x8000b28a (0x00000001) c.nop
core   0: 3 0x8000b28a (0x0001)
core   0: 0x8000b28c (0x011b04a3) sb      a7, 9(s6)
core   0: 3 0x8000b28c (0x011b04a3) mem 0x8001888b 0x0
core   0: 0x8000b290 (0x85b66f17) auipc   t5, 0x85b66
core   0: 3 0x8000b290 (0x85b66f17) x30 0x05b71290
core   0: 0x8000b294 (0x0ff0000f) fence   iorw,iorw
core   0: 3 0x8000b294 (0x0ff0000f)
core   0: 0x8000b298 (0x011f6a33) or      s4, t5, a7
core   0: 3 0x8000b298 (0x011f6a33) x20 0x05b7ba90
core   0: 0x8000b29c (0x011f4f33) xor     t5, t5, a7
core   0: 3 0x8000b29c (0x011f4f33) x30 0x05b6ba90
core   0: 0x8000b2a0 (0x00009e76) c.add   t3, t4
core   0: 3 0x8000b2a0 (0x9e76) x28 0x0001706a
core   0: 0x8000b2a2 (0x01db1723) sh      t4, 14(s6)
core   0: 3 0x8000b2a2 (0x01db1723) mem 0x80018890 0x006a
core   0: 0x8000b2a6 (0x00eb5703) lhu     a4, 14(s6)
core   0: 3 0x8000b2a6 (0x00eb5703) x14 0x0000006a mem 0x80018890
core   0: 0x8000b2aa (0x01ea2a33) slt     s4, s4, t5
core   0: 3 0x8000b2aa (0x01ea2a33) x20 0x00000000
core   0: 0x8000b2ae (0x000b0f03) lb      t5, 0(s6)
core   0: 3 0x8000b2ae (0x000b0f03) x30 0x00000002 mem 0x80018882
core   0: 0x8000b2b2 (0xffeb09a3) sb      t5, -13(s6)
core   0: 3 0x8000b2b2 (0xffeb09a3) mem 0x80018875 0x2
core   0: 0x8000b2b6 (0xffcb0da3) sb      t3, -5(s6)
core   0: 3 0x8000b2b6 (0xffcb0da3) mem 0x8001887d 0x6a
core   0: 0x8000b2ba (0x01cb07a3) sb      t3, 15(s6)
core   0: 3 0x8000b2ba (0x01cb07a3) mem 0x80018891 0x6a
core   0: 0x8000b2be (0x03de3733) mulhu   a4, t3, t4
core   0: 3 0x8000b2be (0x03de3733) x14 0x00000000
core   0: 0x8000b2c2 (0xffeb1823) sh      t5, -16(s6)
core   0: 3 0x8000b2c2 (0xffeb1823) mem 0x80018872 0x0002
core   0: 0x8000b2c6 (0x01eb2723) sw      t5, 14(s6)
core   0: 3 0x8000b2c6 (0x01eb2723) mem 0x80018890 0x00000002
core   0: 0x8000b2ca (0x00018617) auipc   a2, 0x18
core   0: 3 0x8000b2ca (0x00018617) x12 0x800232ca
core   0: 0x8000b2ce (0xdb660613) addi    a2, a2, -586
core   0: 3 0x8000b2ce (0xdb660613) x12 0x80023080
core   0: 0x8000b2d2 (0x1206292f) lr.w    s2, (a2)
core   0: 3 0x8000b2d2 (0x1206292f) x18 0xffffffde mem 0x80023080
core   0: 0x8000b2d6 (0x02dfa0b3) mulhsu  ra, t6, a3
core   0: 3 0x8000b2d6 (0x02dfa0b3) x 1 0x00000000
core   0: 0x8000b2da (0x02ca2c33) mulhsu  s8, s4, a2
core   0: 3 0x8000b2da (0x02ca2c33) x24 0x00000000
core   0: 0x8000b2de (0x19362e2f) sc.w    t3, s3, (a2)
core   0: 3 0x8000b2de (0x19362e2f) x28 0x00000000 mem 0x80023080 0x0000cc58
core   0: 0x8000b2e2 (0x00018217) auipc   tp, 0x18
core   0: 3 0x8000b2e2 (0x00018217) x 4 0x800232e2
core   0: 0x8000b2e6 (0xd7620213) addi    tp, tp, -650
core   0: 3 0x8000b2e6 (0xd7620213) x 4 0x80023058
core   0: 0x8000b2ea (0x018b1a13) slli    s4, s6, 24
core   0: 3 0x8000b2ea (0x018b1a13) x20 0x82000000
core   0: 0x8000b2ee (0x41865513) srai    a0, a2, 24
core   0: 3 0x8000b2ee (0x41865513) x10 0xffffff80
core   0: 0x8000b2f2 (0x00000001) c.nop
core   0: 3 0x8000b2f2 (0x0001)
core   0: 0x8000b2f4 (0x120229af) lr.w    s3, (tp)
core   0: 3 0x8000b2f4 (0x120229af) x19 0x00000000 mem 0x80023058
core   0: 0x8000b2f8 (0x0114df93) srli    t6, s1, 17
core   0: 3 0x8000b2f8 (0x0114df93) x31 0x00004000
core   0: 0x8000b2fc (0x00000784) c.addi4spn s1, sp, 960
core   0: 3 0x8000b2fc (0x0784) x 9 0x000003c1
core   0: 0x8000b2fe (0x1d32272f) sc.w    a4, s3, (tp)
core   0: 3 0x8000b2fe (0x1d32272f) x14 0x00000000 mem 0x80023058 0x00000000
core   0: 0x8000b302 (0x00018d97) auipc   s11, 0x18
core   0: 3 0x8000b302 (0x00018d97) x27 0x80023302
core   0: 0x8000b306 (0xd6ed8d93) addi    s11, s11, -658
core   0: 3 0x8000b306 (0xd6ed8d93) x27 0x80023070
core   0: 0x8000b30a (0x00018517) auipc   a0, 0x18
core   0: 3 0x8000b30a (0x00018517) x10 0x8002330a
core   0: 0x8000b30e (0xd6650513) addi    a0, a0, -666
core   0: 3 0x8000b30e (0xd6650513) x10 0x80023070
core   0: 0x8000b312 (0x8045232f) amomin.w t1, tp, (a0)
core   0: 3 0x8000b312 (0x8045232f) x 6 0x8002bc24 mem 0x80023070 mem 0x80023070 0x80023058
core   0: 0x8000b316 (0x81052d2f) amomin.w s10, a6, (a0)
core   0: 3 0x8000b316 (0x81052d2f) x26 0x80023058 mem 0x80023070 mem 0x80023070 0x80023058
core   0: 0x8000b31a (0x25e527af) amoxor.w a5, t5, (a0)
core   0: 3 0x8000b31a (0x25e527af) x15 0x80023058 mem 0x80023070 mem 0x80023070 0x8002305a
core   0: 0x8000b31e (0x04452e2f) amoadd.w t3, tp, (a0)
core   0: 3 0x8000b31e (0x04452e2f) x28 0x8002305a mem 0x80023070 mem 0x80023070 0x000460b2
core   0: 0x8000b322 (0x24edacaf) amoxor.w s9, a4, (s11)
core   0: 3 0x8000b322 (0x24edacaf) x25 0x000460b2 mem 0x80023070 mem 0x80023070 0x000460b2
core   0: 0x8000b326 (0x00018097) auipc   ra, 0x18
core   0: 3 0x8000b326 (0x00018097) x 1 0x80023326
core   0: 0x8000b32a (0xd3608093) addi    ra, ra, -714
core   0: 3 0x8000b32a (0xd3608093) x 1 0x8002305c
core   0: 0x8000b32e (0x0000717d) c.addi16sp sp, -16
core   0: 3 0x8000b32e (0x717d) x 2 0xfffffff1
core   0: 0x8000b330 (0x00008595) c.srai  a1, 5
core   0: 3 0x8000b330 (0x8595) x11 0xfc0015e9
core   0: 0x8000b332 (0x015b1b33) sll     s6, s6, s5
core   0: 3 0x8000b332 (0x015b1b33) x22 0x88200000
core   0: 0x8000b336 (0xe370a7af) amomaxu.w a5, s7, (ra)
core   0: 3 0x8000b336 (0xe370a7af) x15 0x00000001 mem 0x8002305c mem 0x8002305c 0x00053b9f
core   0: 0x8000b33a (0xc140a52f) amominu.w a0, s4, (ra)
core   0: 3 0x8000b33a (0xc140a52f) x10 0x00053b9f mem 0x8002305c mem 0x8002305c 0x00053b9f
core   0: 0x8000b33e (0xa3a0a42f) amomax.w s0, s10, (ra)
core   0: 3 0x8000b33e (0xa3a0a42f) x 8 0x00053b9f mem 0x8002305c mem 0x8002305c 0x00053b9f
core   0: 0x8000b342 (0x0000100f) fence.i
core   0: 3 0x8000b342 (0x0000100f)
core   0: 0x8000b346 (0xa1f0ab2f) amomax.w s6, t6, (ra)
core   0: 3 0x8000b346 (0xa1f0ab2f) x22 0x00053b9f mem 0x8002305c mem 0x8002305c 0x00053b9f
core   0: 0x8000b34a (0xa520a22f) amomax.w tp, s2, (ra)
core   0: 3 0x8000b34a (0xa520a22f) x 4 0x00053b9f mem 0x8002305c mem 0x8002305c 0x00053b9f
core   0: 0x8000b34e (0x01111a33) sll     s4, sp, a7
core   0: 3 0x8000b34e (0x01111a33) x20 0xfffffff1
core   0: 0x8000b352 (0x9f00e713) ori     a4, ra, -1552
core   0: 3 0x8000b352 (0x9f00e713) x14 0xfffff9fc
core   0: 0x8000b356 (0x41520733) sub     a4, tp, s5
core   0: 3 0x8000b356 (0x41520733) x14 0x80048b0b
core   0: 0x8000b35a (0x8210ad2f) amomin.w s10, ra, (ra)
core   0: 3 0x8000b35a (0x8210ad2f) x26 0x00053b9f mem 0x8002305c mem 0x8002305c 0x8002305c
core   0: 0x8000b35e (0x0280a22f) amoadd.w tp, s0, (ra)
core   0: 3 0x8000b35e (0x0280a22f) x 4 0x8002305c mem 0x8002305c mem 0x8002305c 0x80076bfb
core   0: 0x8000b362 (0x00007a97) auipc   s5, 0x7
core   0: 3 0x8000b362 (0x00007a97) x21 0x80012362
core   0: 0x8000b366 (0x24aa8a93) addi    s5, s5, 586
core   0: 3 0x8000b366 (0x24aa8a93) x21 0x800125ac
core   0: 0x8000b36a (0x00008f19) c.sub   a4, a4
core   0: 3 0x8000b36a (0x8f19) x14 0x00000000
core   0: 0x8000b36c (0x6a0adf03) lhu     t5, 1696(s5)
core   0: 3 0x8000b36c (0x6a0adf03) x30 0x0000d637 mem 0x80012c4c
core   0: 0x8000b370 (0x014ac7b3) xor     a5, s5, s4
core   0: 3 0x8000b370 (0x014ac7b3) x15 0x7ffeda5d
core   0: 0x8000b374 (0x645a87a3) sb      t0, 1615(s5)
core   0: 3 0x8000b374 (0x645a87a3) mem 0x80012bfb 0x32
core   0: 0x8000b378 (0x00008b4a) c.mv    s6, s2
core   0: 3 0x8000b378 (0x8b4a) x22 0xffffffde
core   0: 0x8000b37a (0x0000117d) c.addi  sp, -1
core   0: 3 0x8000b37a (0x117d) x 2 0xfffffff0
core   0: 0x8000b37c (0x00006741) c.lui   a4, 0x10
core   0: 3 0x8000b37c (0x6741) x14 0x00010000
core   0: 0x8000b37e (0x02adbd33) mulhu   s10, s11, a0
core   0: 3 0x8000b37e (0x02adbd33) x26 0x00029dda
core   0: 0x8000b382 (0x0077f133) and     sp, a5, t2
core   0: 3 0x8000b382 (0x0077f133) x 2 0x00000000
core   0: 0x8000b386 (0x1512a513) slti    a0, t0, 337
core   0: 3 0x8000b386 (0x1512a513) x10 0x00000001
core   0: 0x8000b38a (0x0000100f) fence.i
core   0: 3 0x8000b38a (0x0000100f)
core   0: 0x8000b38e (0x02960e33) mul     t3, a2, s1
core   0: 3 0x8000b38e (0x02960e33) x28 0x88381080
core   0: 0x8000b392 (0x02229c33) mulh    s8, t0, sp
core   0: 3 0x8000b392 (0x02229c33) x24 0x00000000
core   0: 0x8000b396 (0x01005793) srli    a5, zero, 16
core   0: 3 0x8000b396 (0x01005793) x15 0x00000000
core   0: 0x8000b39a (0x02562c33) mulhsu  s8, a2, t0
core   0: 3 0x8000b39a (0x02562c33) x24 0xffffffe7
core   0: 0x8000b39e (0x417a88a3) sb      s7, 1041(s5)
core   0: 3 0x8000b39e (0x417a88a3) mem 0x800129bd 0x9f
core   0: 0x8000b3a2 (0x41e5d893) srai    a7, a1, 30
core   0: 3 0x8000b3a2 (0x41e5d893) x17 0xffffffff
core   0: 0x8000b3a6 (0x00cbde93) srli    t4, s7, 12
core   0: 3 0x8000b3a6 (0x00cbde93) x29 0x00000053
core   0: 0x8000b3aa (0x133ac083) lbu     ra, 307(s5)
core   0: 3 0x8000b3aa (0x133ac083) x 1 0x000000fd mem 0x800126df
core   0: 0x8000b3ae (0xbeba8c03) lb      s8, -1045(s5)
core   0: 3 0x8000b3ae (0xbeba8c03) x24 0xffffff87 mem 0x80012197
core   0: 0x8000b3b2 (0x000080bd) c.srli  s1, 15
core   0: 3 0x8000b3b2 (0x80bd) x 9 0x00000000
core   0: 0x8000b3b4 (0x40d25313) srai    t1, tp, 13
core   0: 3 0x8000b3b4 (0x40d25313) x 6 0xfffc0011
core   0: 0x8000b3b8 (0x000002c6) c.slli  t0, 17
core   0: 3 0x8000b3b8 (0x02c6) x 5 0x00640000
core   0: 0x8000b3ba (0xecca8623) sb      a2, -308(s5)
core   0: 3 0x8000b3ba (0xecca8623) mem 0x80012478 0x80
core   0: 0x8000b3be (0x01e8d8b3) srl     a7, a7, t5
core   0: 3 0x8000b3be (0x01e8d8b3) x17 0x000001ff
core   0: 0x8000b3c2 (0x221aa423) sw      ra, 552(s5)
core   0: 3 0x8000b3c2 (0x221aa423) mem 0x800127d4 0x000000fd
core   0: 0x8000b3c6 (0x013bd213) srli    tp, s7, 19
core   0: 3 0x8000b3c6 (0x013bd213) x 4 0x00000000
core   0: 0x8000b3ca (0xfe9ac883) lbu     a7, -23(s5)
core   0: 3 0x8000b3ca (0xfe9ac883) x17 0x000000d7 mem 0x80012595
core   0: 0x8000b3ce (0x000069d9) c.lui   s3, 0x16
core   0: 3 0x8000b3ce (0x69d9) x19 0x00016000
core   0: 0x8000b3d0 (0x00000690) c.addi4spn a2, sp, 832
core   0: 3 0x8000b3d0 (0x0690) x12 0x00000340
core   0: 0x8000b3d2 (0x00008341) c.srli  a4, 16
core   0: 3 0x8000b3d2 (0x8341) x14 0x00000001
core   0: 0x8000b3d4 (0x11fbb213) sltiu   tp, s7, 287
core   0: 3 0x8000b3d4 (0x11fbb213) x 4 0x00000000
core   0: 0x8000b3d8 (0x00001280) c.addi4spn s0, sp, 352
core   0: 3 0x8000b3d8 (0x1280) x 8 0x00000160
core   0: 0x8000b3da (0xa90234b7) lui     s1, 0xa9023
core   0: 3 0x8000b3da (0xa90234b7) x 9 0xa9023000
core   0: 0x8000b3de (0x0d2a8083) lb      ra, 210(s5)
core   0: 3 0x8000b3de (0x0d2a8083) x 1 0x00000044 mem 0x8001267e
core   0: 0x8000b3e2 (0x65ea8403) lb      s0, 1630(s5)
core   0: 3 0x8000b3e2 (0x65ea8403) x 8 0xffffffa1 mem 0x80012c0a
core   0: 0x8000b3e6 (0x00018b17) auipc   s6, 0x18
core   0: 3 0x8000b3e6 (0x00018b17) x22 0x800233e6
core   0: 0x8000b3ea (0xc9eb0b13) addi    s6, s6, -866
core   0: 3 0x8000b3ea (0xc9eb0b13) x22 0x80023084
core   0: 0x8000b3ee (0x03c94bb3) div     s7, s2, t3
core   0: 3 0x8000b3ee (0x03c94bb3) x23 0x00000000
core   0: 0x8000b3f2 (0x031c7f33) remu    t5, s8, a7
core   0: 3 0x8000b3f2 (0x031c7f33) x30 0x0000006e
core   0: 0x8000b3f6 (0x41408533) sub     a0, ra, s4
core   0: 3 0x8000b3f6 (0x41408533) x10 0x00000053
core   0: 0x8000b3fa (0xdca48413) addi    s0, s1, -566
core   0: 3 0x8000b3fa (0xdca48413) x 8 0xa9022dca
core   0: 0x8000b3fe (0x033dba33) mulhu   s4, s11, s3
core   0: 3 0x8000b3fe (0x033dba33) x20 0x0000b003
core   0: 0x8000b402 (0x00008cc1) c.or    s1, s0
core   0: 3 0x8000b402 (0x8cc1) x 9 0xa9023dca
core   0: 0x8000b404 (0x140b20af) lr.w    ra, (s6)
core   0: 3 0x8000b404 (0x140b20af) x 1 0x00000202 mem 0x80023084
core   0: 0x8000b408 (0x00008fe1) c.and   a5, s0
core   0: 3 0x8000b408 (0x8fe1) x15 0x00000000
core   0: 0x8000b40a (0x01cc5e93) srli    t4, s8, 28
core   0: 3 0x8000b40a (0x01cc5e93) x29 0x0000000f
core   0: 0x8000b40e (0x0032bab3) sltu    s5, t0, gp
core   0: 3 0x8000b40e (0x0032bab3) x21 0x00000000
core   0: 0x8000b412 (0x000060b9) c.lui   ra, 0xe
core   0: 3 0x8000b412 (0x60b9) x 1 0x0000e000
core   0: 0x8000b414 (0x1d5b292f) sc.w    s2, s5, (s6)
core   0: 3 0x8000b414 (0x1d5b292f) x18 0x00000000 mem 0x80023084 0x00000000
core   0: 0x8000b418 (0x00018c97) auipc   s9, 0x18
core   0: 3 0x8000b418 (0x00018c97) x25 0x80023418
core   0: 0x8000b41c (0xc3cc8c93) addi    s9, s9, -964
core   0: 3 0x8000b41c (0xc3cc8c93) x25 0x80023054
core   0: 0x8000b420 (0x0ff0000f) fence   iorw,iorw
core   0: 3 0x8000b420 (0x0ff0000f)
core   0: 0x8000b424 (0x84bca0af) amomin.w ra, a1, (s9)
core   0: 3 0x8000b424 (0x84bca0af) x 1 0x00000000 mem 0x80023054 mem 0x80023054 0xfc0015e9
core   0: 0x8000b428 (0x400ca52f) amoor.w a0, zero, (s9)
core   0: 3 0x8000b428 (0x400ca52f) x10 0xfc0015e9 mem 0x80023054 mem 0x80023054 0xfc0015e9
core   0: 0x8000b42c (0xc5bca42f) amominu.w s0, s11, (s9)
core   0: 3 0x8000b42c (0xc5bca42f) x 8 0xfc0015e9 mem 0x80023054 mem 0x80023054 0x80023070
core   0: 0x8000b430 (0x00010197) auipc   gp, 0x10
core   0: 3 0x8000b430 (0x00010197) x 3 0x8001b430
core   0: 0x8000b434 (0x88318193) addi    gp, gp, -1917
core   0: 3 0x8000b434 (0x88318193) x 3 0x8001acb3
core   0: 0x8000b438 (0x61c00013) li      zero, 1564
core   0: 3 0x8000b438 (0x61c00013)
core   0: 0x8000b43c (0x00008d29) c.xor   a0, a0
core   0: 3 0x8000b43c (0x8d29) x10 0x00000000
core   0: 0x8000b43e (0x10619ea3) sh      t1, 285(gp)
core   0: 3 0x8000b43e (0x10619ea3) mem 0x8001add0 0x0011
core   0: 0x8000b442 (0x4bf18a23) sb      t6, 1204(gp)
core   0: 3 0x8000b442 (0x4bf18a23) mem 0x8001b167 0x0
core   0: 0x8000b446 (0x9411a903) lw      s2, -1727(gp)
core   0: 3 0x8000b446 (0x9411a903) x18 0xf8e55f21 mem 0x8001a5f4
core   0: 0x8000b44a (0x00008159) c.srli  a0, 22
core   0: 3 0x8000b44a (0x8159) x10 0x00000000
core   0: 0x8000b44c (0x5b103917) auipc   s2, 0x5b103
core   0: 3 0x8000b44c (0x5b103917) x18 0xdb10e44c
core   0: 0x8000b450 (0x846189a3) sb      t1, -1965(gp)
core   0: 3 0x8000b450 (0x846189a3) mem 0x8001a506 0x11
core   0: 0x8000b454 (0xcd218b23) sb      s2, -810(gp)
core   0: 3 0x8000b454 (0xcd218b23) mem 0x8001a989 0x4c
core   0: 0x8000b458 (0x00008505) c.srai  a0, 1
core   0: 3 0x8000b458 (0x8505) x10 0x00000000
core   0: 0x8000b45a (0x00005ffd) c.li    t6, -1
core   0: 3 0x8000b45a (0x5ffd) x31 0xffffffff
core   0: 0x8000b45c (0x03731333) mulh    t1, t1, s7
core   0: 3 0x8000b45c (0x03731333) x 6 0x00000000
core   0: 0x8000b460 (0x032ff533) remu    a0, t6, s2
core   0: 3 0x8000b460 (0x032ff533) x10 0x24ef1bb3
core   0: 0x8000b464 (0x00000001) c.nop
core   0: 3 0x8000b464 (0x0001)
core   0: 0x8000b466 (0x400b8bb3) sub     s7, s7, zero
core   0: 3 0x8000b466 (0x400b8bb3) x23 0x00000000
core   0: 0x8000b46a (0x00694333) xor     t1, s2, t1
core   0: 3 0x8000b46a (0x00694333) x 6 0xdb10e44c
core   0: 0x8000b46e (0xa4618923) sb      t1, -1454(gp)
core   0: 3 0x8000b46e (0xa4618923) mem 0x8001a705 0x4c
core   0: 0x8000b472 (0x292194a3) sh      s2, 649(gp)
core   0: 3 0x8000b472 (0x292194a3) mem 0x8001af3c 0xe44c
core   0: 0x8000b476 (0x8461c503) lbu     a0, -1978(gp)
core   0: 3 0x8000b476 (0x8461c503) x10 0x000000f8 mem 0x8001a4f9
core   0: 0x8000b47a (0x6131cf83) lbu     t6, 1555(gp)
core   0: 3 0x8000b47a (0x6131cf83) x31 0x00000072 mem 0x8001b2c6
core   0: 0x8000b47e (0x40690333) sub     t1, s2, t1
core   0: 3 0x8000b47e (0x40690333) x 6 0x00000000
core   0: 0x8000b482 (0xea71d303) lhu     t1, -345(gp)
core   0: 3 0x8000b482 (0xea71d303) x 6 0x0000374d mem 0x8001ab5a
core   0: 0x8000b486 (0x96a188a3) sb      a0, -1679(gp)
core   0: 3 0x8000b486 (0x96a188a3) mem 0x8001a624 0xf8
core   0: 0x8000b48a (0xf7f18f23) sb      t6, -130(gp)
core   0: 3 0x8000b48a (0xf7f18f23) mem 0x8001ac31 0x72
core   0: 0x8000b48e (0x0000090a) c.slli  s2, 2
core   0: 3 0x8000b48e (0x090a) x18 0x6c439130
core   0: 0x8000b490 (0x84d19b83) lh      s7, -1971(gp)
core   0: 3 0x8000b490 (0x84d19b83) x23 0xffffcd92 mem 0x8001a500
core   0: 0x8000b494 (0x03f32533) mulhsu  a0, t1, t6
core   0: 3 0x8000b494 (0x03f32533) x10 0x00000000
core   0: 0x8000b498 (0x0000997d) c.andi  a0, -1
core   0: 3 0x8000b498 (0x997d) x10 0x00000000
core   0: 0x8000b49a (0x00008d69) c.and   a0, a0
core   0: 3 0x8000b49a (0x8d69) x10 0x00000000
core   0: 0x8000b49c (0x00afc933) xor     s2, t6, a0
core   0: 3 0x8000b49c (0x00afc933) x18 0x00000072
core   0: 0x8000b4a0 (0x68018023) sb      zero, 1664(gp)
core   0: 3 0x8000b4a0 (0x68018023) mem 0x8001b333 0x0
core   0: 0x8000b4a4 (0xcfd54bb7) lui     s7, 0xcfd54
core   0: 3 0x8000b4a4 (0xcfd54bb7) x23 0xcfd54000
core   0: 0x8000b4a8 (0x7d51c303) lbu     t1, 2005(gp)
core   0: 3 0x8000b4a8 (0x7d51c303) x 6 0x00000016 mem 0x8001b488
core   0: 0x8000b4ac (0x00805b93) srli    s7, zero, 8
core   0: 3 0x8000b4ac (0x00805b93) x23 0x00000000
core   0: 0x8000b4b0 (0x4a41cb83) lbu     s7, 1188(gp)
core   0: 3 0x8000b4b0 (0x4a41cb83) x23 0x000000bd mem 0x8001b157
core   0: 0x8000b4b4 (0x9b837013) andi    zero, t1, -1608
core   0: 3 0x8000b4b4 (0x9b837013)
core   0: 0x8000b4b8 (0x020bc933) div     s2, s7, zero
core   0: 3 0x8000b4b8 (0x020bc933) x18 0xffffffff
core   0: 0x8000b4bc (0x00008d49) c.or    a0, a0
core   0: 3 0x8000b4bc (0x8d49) x10 0x00000000
core   0: 0x8000b4be (0xbd2191a3) sh      s2, -1085(gp)
core   0: 3 0x8000b4be (0xbd2191a3) mem 0x8001a876 0xffff
core   0: 0x8000b4c2 (0x00009417) auipc   s0, 0x9
core   0: 3 0x8000b4c2 (0x00009417) x 8 0x800144c2
core   0: 0x8000b4c6 (0x93740413) addi    s0, s0, -1737
core   0: 3 0x8000b4c6 (0x93740413) x 8 0x80013df9
core   0: 0x8000b4ca (0x4170d5b3) sra     a1, ra, s7
core   0: 3 0x8000b4ca (0x4170d5b3) x11 0x00000000
core   0: 0x8000b4ce (0x40b0db33) sra     s6, ra, a1
core   0: 3 0x8000b4ce (0x40b0db33) x22 0x00000000
core   0: 0x8000b4d2 (0xffd45603) lhu     a2, -3(s0)
core   0: 3 0x8000b4d2 (0xffd45603) x12 0x00000d00 mem 0x80013df6
core   0: 0x8000b4d6 (0x00006bf5) c.lui   s7, 0x1d
core   0: 3 0x8000b4d6 (0x6bf5) x23 0x0001d000
core   0: 0x8000b4d8 (0x02000b33) mul     s6, zero, zero
core   0: 3 0x8000b4d8 (0x02000b33) x22 0x00000000
core   0: 0x8000b4dc (0xfe140ea3) sb      ra, -3(s0)
core   0: 3 0x8000b4dc (0xfe140ea3) mem 0x80013df6 0x0
core   0: 0x8000b4e0 (0xffb41083) lh      ra, -5(s0)
core   0: 3 0x8000b4e0 (0xffb41083) x 1 0x00001200 mem 0x80013df4
core   0: 0x8000b4e4 (0x00cb2633) slt     a2, s6, a2
core   0: 3 0x8000b4e4 (0x00cb2633) x12 0x00000001
core   0: 0x8000b4e8 (0x00008e4d) c.or    a2, a1
core   0: 3 0x8000b4e8 (0x8e4d) x12 0x00000001
core   0: 0x8000b4ea (0xff140583) lb      a1, -15(s0)
core   0: 3 0x8000b4ea (0xff140583) x11 0xffffffff mem 0x80013dea
core   0: 0x8000b4ee (0x000645b3) xor     a1, a2, zero
core   0: 3 0x8000b4ee (0x000645b3) x11 0x00000001
core   0: 0x8000b4f2 (0xff640da3) sb      s6, -5(s0)
core   0: 3 0x8000b4f2 (0xff640da3) mem 0x80013df4 0x0
core   0: 0x8000b4f6 (0x00008e51) c.or    a2, a2
core   0: 3 0x8000b4f6 (0x8e51) x12 0x00000001
core   0: 0x8000b4f8 (0x00144603) lbu     a2, 1(s0)
core   0: 3 0x8000b4f8 (0x00144603) x12 0x00000032 mem 0x80013dfa
core   0: 0x8000b4fc (0x0015a033) slt     zero, a1, ra
core   0: 3 0x8000b4fc (0x0015a033)
core   0: 0x8000b500 (0x01640823) sb      s6, 16(s0)
core   0: 3 0x8000b500 (0x01640823) mem 0x80013e09 0x0
core   0: 0x8000b504 (0x02159633) mulh    a2, a1, ra
core   0: 3 0x8000b504 (0x02159633) x12 0x00000000
core   0: 0x8000b508 (0xff544603) lbu     a2, -11(s0)
core   0: 3 0x8000b508 (0xff544603) x12 0x000000d3 mem 0x80013dee
core   0: 0x8000b50c (0x414bd593) srai    a1, s7, 20
core   0: 3 0x8000b50c (0x414bd593) x11 0x00000000
core   0: 0x8000b510 (0x0000100f) fence.i
core   0: 3 0x8000b510 (0x0000100f)
core   0: 0x8000b514 (0xffa40b03) lb      s6, -6(s0)
core   0: 3 0x8000b514 (0xffa40b03) x22 0xfffffff8 mem 0x80013df3
core   0: 0x8000b518 (0xff640003) lb      zero, -10(s0)
core   0: 3 0x8000b518 (0xff640003) mem 0x80013def
core   0: 0x8000b51c (0x02cb5bb3) divu    s7, s6, a2
core   0: 3 0x8000b51c (0x02cb5bb3) x23 0x013698df
core   0: 0x8000b520 (0x00008e4d) c.or    a2, a1
core   0: 3 0x8000b520 (0x8e4d) x12 0x000000d3
core   0: 0x8000b522 (0x0000065a) c.slli  a2, 22
core   0: 3 0x8000b522 (0x065a) x12 0x34c00000
core   0: 0x8000b524 (0x00d45583) lhu     a1, 13(s0)
core   0: 3 0x8000b524 (0x00d45583) x11 0x00005711 mem 0x80013e06
core   0: 0x8000b528 (0x03766b33) rem     s6, a2, s7
core   0: 3 0x8000b528 (0x03766b33) x22 0x0094528b
core   0: 0x8000b52c (0xff640823) sb      s6, -16(s0)
core   0: 3 0x8000b52c (0xff640823) mem 0x80013de9 0x8b
core   0: 0x8000b530 (0x00008033) add     zero, ra, zero
core   0: 3 0x8000b530 (0x00008033)
core   0: 0x8000b534 (0xff240003) lb      zero, -14(s0)
core   0: 3 0x8000b534 (0xff240003) mem 0x80013deb
core   0: 0x8000b538 (0x000055fd) c.li    a1, -1
core   0: 3 0x8000b538 (0x55fd) x11 0xffffffff
core   0: 0x8000b53a (0x00008e4d) c.or    a2, a1
core   0: 3 0x8000b53a (0x8e4d) x12 0xffffffff
core   0: 0x8000b53c (0x01640123) sb      s6, 2(s0)
core   0: 3 0x8000b53c (0x01640123) mem 0x80013dfb 0x8b
core   0: 0x8000b540 (0x0000100f) fence.i
core   0: 3 0x8000b540 (0x0000100f)
core   0: 0x8000b544 (0x0205c5b3) div     a1, a1, zero
core   0: 3 0x8000b544 (0x0205c5b3) x11 0xffffffff
core   0: 0x8000b548 (0xfeb418a3) sh      a1, -15(s0)
core   0: 3 0x8000b548 (0xfeb418a3) mem 0x80013dea 0xffff
core   0: 0x8000b54c (0x1ff58093) addi    ra, a1, 511
core   0: 3 0x8000b54c (0x1ff58093) x 1 0x000001fe
core   0: 0x8000b550 (0xb81bbb93) sltiu   s7, s7, -1151
core   0: 3 0x8000b550 (0xb81bbb93) x23 0x00000001
core   0: 0x8000b554 (0xffb41083) lh      ra, -5(s0)
core   0: 3 0x8000b554 (0xffb41083) x 1 0x00001200 mem 0x80013df4
core   0: 0x8000b558 (0x00000001) c.nop
core   0: 3 0x8000b558 (0x0001)
core   0: 0x8000b55a (0xf525f593) andi    a1, a1, -174
core   0: 3 0x8000b55a (0xf525f593) x11 0xffffff52
core   0: 0x8000b55e (0x4165dbb3) sra     s7, a1, s6
core   0: 3 0x8000b55e (0x4165dbb3) x23 0xffffffff
core   0: 0x8000b562 (0x01065b13) srli    s6, a2, 16
core   0: 3 0x8000b562 (0x01065b13) x22 0x0000ffff
core   0: 0x8000b566 (0x02101b33) mulh    s6, zero, ra
core   0: 3 0x8000b566 (0x02101b33) x22 0x00000000
core   0: 0x8000b56a (0x0000660d) c.lui   a2, 0x3
core   0: 3 0x8000b56a (0x660d) x12 0x00003000
core   0: 0x8000b56c (0x35764b93) xori    s7, a2, 855
core   0: 3 0x8000b56c (0x35764b93) x23 0x00003357
core   0: 0x8000b570 (0x01740723) sb      s7, 14(s0)
core   0: 3 0x8000b570 (0x01740723) mem 0x80013e07 0x57
core   0: 0x8000b574 (0xffd41b83) lh      s7, -3(s0)
core   0: 3 0x8000b574 (0xffd41b83) x23 0x00000d00 mem 0x80013df6
core   0: 0x8000b578 (0x00018597) auipc   a1, 0x18
core   0: 3 0x8000b578 (0x00018597) x11 0x80023578
core   0: 0x8000b57c (0xb0458593) addi    a1, a1, -1276
core   0: 3 0x8000b57c (0xb0458593) x11 0x8002307c
core   0: 0x8000b580 (0xa195a32f) amomax.w t1, s9, (a1)
core   0: 3 0x8000b580 (0xa195a32f) x 6 0x00000000 mem 0x8002307c mem 0x8002307c 0x00000000
core   0: 0x8000b584 (0x00008d4d) c.or    a0, a1
core   0: 3 0x8000b584 (0x8d4d) x10 0x8002307c
core   0: 0x8000b586 (0x0225aaaf) amoadd.w s5, sp, (a1)
core   0: 3 0x8000b586 (0x0225aaaf) x21 0x00000000 mem 0x8002307c mem 0x8002307c 0x00000000
core   0: 0x8000b58a (0x03f5a4af) amoadd.w s1, t6, (a1)
core   0: 3 0x8000b58a (0x03f5a4af) x 9 0x00000000 mem 0x8002307c mem 0x8002307c 0x00000072
core   0: 0x8000b58e (0xe4c5a8af) amomaxu.w a7, a2, (a1)
core   0: 3 0x8000b58e (0xe4c5a8af) x17 0x00000072 mem 0x8002307c mem 0x8002307c 0x00003000
core   0: 0x8000b592 (0xe1b5a0af) amomaxu.w ra, s11, (a1)
core   0: 3 0x8000b592 (0xe1b5a0af) x 1 0x00003000 mem 0x8002307c mem 0x8002307c 0x80023070
core   0: 0x8000b596 (0x6135ab2f) amoand.w s6, s3, (a1)
core   0: 3 0x8000b596 (0x6135ab2f) x22 0x80023070 mem 0x8002307c mem 0x8002307c 0x00002000
core   0: 0x8000b59a (0x84e5aa2f) amomin.w s4, a4, (a1)
core   0: 3 0x8000b59a (0x84e5aa2f) x20 0x00002000 mem 0x8002307c mem 0x8002307c 0x00000001
core   0: 0x8000b59e (0x0325acaf) amoadd.w s9, s2, (a1)
core   0: 3 0x8000b59e (0x0325acaf) x25 0x00000001 mem 0x8002307c mem 0x8002307c 0x00000000
core   0: 0x8000b5a2 (0x0000c297) auipc   t0, 0xc
core   0: 3 0x8000b5a2 (0x0000c297) x 5 0x800175a2
core   0: 0x8000b5a6 (0x10728293) addi    t0, t0, 263
core   0: 3 0x8000b5a6 (0x10728293) x 5 0x800176a9
core   0: 0x8000b5aa (0x00008d97) auipc   s11, 0x8
core   0: 3 0x8000b5aa (0x00008d97) x27 0x800135aa
core   0: 0x8000b5ae (0xa23d8d93) addi    s11, s11, -1501
core   0: 3 0x8000b5ae (0xa23d8d93) x27 0x80012fcd
core   0: 0x8000b5b2 (0xfee28a83) lb      s5, -18(t0)
core   0: 3 0x8000b5b2 (0xfee28a83) x21 0x0000004f mem 0x80017697
core   0: 0x8000b5b6 (0xfde28e23) sb      t5, -36(t0)
core   0: 3 0x8000b5b6 (0xfde28e23) mem 0x80017685 0x6e
core   0: 0x8000b5ba (0xff2dcf83) lbu     t6, -14(s11)
core   0: 3 0x8000b5ba (0xff2dcf83) x31 0x00000001 mem 0x80012fbf
core   0: 0x8000b5be (0xff62ce83) lbu     t4, -10(t0)
core   0: 3 0x8000b5be (0xff62ce83) x29 0x00000001 mem 0x8001769f
core   0: 0x8000b5c2 (0xff9d8e23) sb      s9, -4(s11)
core   0: 3 0x8000b5c2 (0xff9d8e23) mem 0x80012fc9 0x1
core   0: 0x8000b5c6 (0xfff28c23) sb      t6, -8(t0)
core   0: 3 0x8000b5c6 (0xfff28c23) mem 0x800176a1 0x1
core   0: 0x8000b5ca (0x00bdcd03) lbu     s10, 11(s11)
core   0: 3 0x8000b5ca (0x00bdcd03) x26 0x000000d4 mem 0x80012fd8
core   0: 0x8000b5ce (0x03228583) lb      a1, 50(t0)
core   0: 3 0x8000b5ce (0x03228583) x11 0x00000040 mem 0x800176db
core   0: 0x8000b5d2 (0x01d28983) lb      s3, 29(t0)
core   0: 3 0x8000b5d2 (0x01d28983) x19 0x00000010 mem 0x800176c6
core   0: 0x8000b5d6 (0x009ddb03) lhu     s6, 9(s11)
core   0: 3 0x8000b5d6 (0x009ddb03) x22 0x000032b0 mem 0x80012fd6
core   0: 0x8000b5da (0xff4d8b83) lb      s7, -12(s11)
core   0: 3 0x8000b5da (0xff4d8b83) x23 0xfffffff2 mem 0x80012fc1
core   0: 0x8000b5de (0x03828c03) lb      s8, 56(t0)
core   0: 3 0x8000b5de (0x03828c03) x24 0x00000040 mem 0x800176e1
core   0: 0x8000b5e2 (0x006dc203) lbu     tp, 6(s11)
core   0: 3 0x8000b5e2 (0x006dc203) x 4 0x00000096 mem 0x80012fd3
core   0: 0x8000b5e6 (0xfde28b83) lb      s7, -34(t0)
core   0: 3 0x8000b5e6 (0xfde28b83) x23 0xffffffec mem 0x80017687
core   0: 0x8000b5ea (0xfce286a3) sb      a4, -51(t0)
core   0: 3 0x8000b5ea (0xfce286a3) mem 0x80017676 0x1
core   0: 0x8000b5ee (0x00018e17) auipc   t3, 0x18
core   0: 3 0x8000b5ee (0x00018e17) x28 0x800235ee
core   0: 0x8000b5f2 (0xa76e0e13) addi    t3, t3, -1418
core   0: 3 0x8000b5f2 (0xa76e0e13) x28 0x80023064
core   0: 0x8000b5f6 (0x03e62bb3) mulhsu  s7, a2, t5
core   0: 3 0x8000b5f6 (0x03e62bb3) x23 0x00000000
core   0: 0x8000b5fa (0x0000008d) c.addi  ra, 3
core   0: 3 0x8000b5fa (0x008d) x 1 0x00003003
core   0: 0x8000b5fc (0x03818bb3) mul     s7, gp, s8
core   0: 3 0x8000b5fc (0x03818bb3) x23 0x006b2cc0
core   0: 0x8000b600 (0x02dc5c33) divu    s8, s8, a3
core   0: 3 0x8000b600 (0x02dc5c33) x24 0x00000000
core   0: 0x8000b604 (0x00d840b3) xor     ra, a6, a3
core   0: 3 0x8000b604 (0x00d840b3) x 1 0x0000c358
core   0: 0x8000b608 (0x00000001) c.nop
core   0: 3 0x8000b608 (0x0001)
core   0: 0x8000b60a (0x140e252f) lr.w    a0, (t3)
core   0: 3 0x8000b60a (0x140e252f) x10 0x00006d3b mem 0x80023064
core   0: 0x8000b60e (0x02566433) rem     s0, a2, t0
core   0: 3 0x8000b60e (0x02566433) x 8 0x00003000
core   0: 0x8000b612 (0x02e47ab3) remu    s5, s0, a4
core   0: 3 0x8000b612 (0x02e47ab3) x21 0x00000000
core   0: 0x8000b616 (0x0000717d) c.addi16sp sp, -16
core   0: 3 0x8000b616 (0x717d) x 2 0xfffffff0
core   0: 0x8000b618 (0x0000913a) c.add   sp, a4
core   0: 3 0x8000b618 (0x913a) x 2 0xfffffff1
core   0: 0x8000b61a (0x1aee2aaf) sc.w    s5, a4, (t3)
core   0: 3 0x8000b61a (0x1aee2aaf) x21 0x00000000 mem 0x80023064 0x00000001
core   0: 0x8000b61e (0x00018a17) auipc   s4, 0x18
core   0: 3 0x8000b61e (0x00018a17) x20 0x8002361e
core   0: 0x8000b622 (0xa66a0a13) addi    s4, s4, -1434
core   0: 3 0x8000b622 (0xa66a0a13) x20 0x80023084
core   0: 0x8000b626 (0x0396d533) divu    a0, a3, s9
core   0: 3 0x8000b626 (0x0396d533) x10 0x8002bd24
core   0: 0x8000b62a (0x0173e0b3) or      ra, t2, s7
core   0: 3 0x8000b62a (0x0173e0b3) x 1 0x006b2cc0
core   0: 0x8000b62e (0x00006ff9) c.lui   t6, 0x1e
core   0: 3 0x8000b62e (0x6ff9) x31 0x0001e000
core   0: 0x8000b630 (0x0000077e) c.slli  a4, 31
core   0: 3 0x8000b630 (0x077e) x14 0x80000000
core   0: 0x8000b632 (0x411f5793) srai    a5, t5, 17
core   0: 3 0x8000b632 (0x411f5793) x15 0x00000000
core   0: 0x8000b636 (0x00000001) c.nop
core   0: 3 0x8000b636 (0x0001)
core   0: 0x8000b638 (0x01002db3) slt     s11, zero, a6
core   0: 3 0x8000b638 (0x01002db3) x27 0x00000000
core   0: 0x8000b63c (0x140a2caf) lr.w    s9, (s4)
core   0: 3 0x8000b63c (0x140a2caf) x25 0x00000000 mem 0x80023084
core   0: 0x8000b640 (0x00005f7d) c.li    t5, -1
core   0: 3 0x8000b640 (0x5f7d) x30 0xffffffff
core   0: 0x8000b642 (0x00008d6d) c.and   a0, a1
core   0: 3 0x8000b642 (0x8d6d) x10 0x00000000
core   0: 0x8000b644 (0x0156f7b3) and     a5, a3, s5
core   0: 3 0x8000b644 (0x0156f7b3) x15 0x00000000
core   0: 0x8000b648 (0x006a5913) srli    s2, s4, 6
core   0: 3 0x8000b648 (0x006a5913) x18 0x020008c2
core   0: 0x8000b64c (0xc843ad93) slti    s11, t2, -892
core   0: 3 0x8000b64c (0xc843ad93) x27 0x00000000
core   0: 0x8000b650 (0x184a2aaf) sc.w    s5, tp, (s4)
core   0: 3 0x8000b650 (0x184a2aaf) x21 0x00000000 mem 0x80023084 0x00000096
core   0: 0x8000b654 (0x00018497) auipc   s1, 0x18
core   0: 3 0x8000b654 (0x00018497) x 9 0x80023654
core   0: 0x8000b658 (0xa1848493) addi    s1, s1, -1512
core   0: 3 0x8000b658 (0xa1848493) x 9 0x8002306c
core   0: 0x8000b65c (0x00008d6d) c.and   a0, a1
core   0: 3 0x8000b65c (0x8d6d) x10 0x00000000
core   0: 0x8000b65e (0x00cc5eb3) srl     t4, s8, a2
core   0: 3 0x8000b65e (0x00cc5eb3) x29 0x00000000
core   0: 0x8000b662 (0x1004aeaf) lr.w    t4, (s1)
core   0: 3 0x8000b662 (0x1004aeaf) x29 0x0000031f mem 0x8002306c
core   0: 0x8000b666 (0x000087e9) c.srai  a5, 26
core   0: 3 0x8000b666 (0x87e9) x15 0x00000000
core   0: 0x8000b668 (0x7bbe7a93) andi    s5, t3, 1979
core   0: 3 0x8000b668 (0x7bbe7a93) x21 0x00000020
core   0: 0x8000b66c (0x0074e793) ori     a5, s1, 7
core   0: 3 0x8000b66c (0x0074e793) x15 0x8002306f
core   0: 0x8000b670 (0x02ca9bb3) mulh    s7, s5, a2
core   0: 3 0x8000b670 (0x02ca9bb3) x23 0x00000000
core   0: 0x8000b674 (0x411f09b3) sub     s3, t5, a7
core   0: 3 0x8000b674 (0x411f09b3) x19 0xffffff8d
core   0: 0x8000b678 (0x1b64abaf) sc.w    s7, s6, (s1)
core   0: 3 0x8000b678 (0x1b64abaf) x23 0x00000000 mem 0x8002306c 0x000032b0
core   0: 0x8000b67c (0x00007e17) auipc   t3, 0x7
core   0: 3 0x8000b67c (0x00007e17) x28 0x8001267c
core   0: 0x8000b680 (0x25ee0e13) addi    t3, t3, 606
core   0: 3 0x8000b680 (0x25ee0e13) x28 0x800128da
core   0: 0x8000b684 (0x018e5583) lhu     a1, 24(t3)
core   0: 3 0x8000b684 (0x018e5583) x11 0x00001e00 mem 0x800128f2
core   0: 0x8000b688 (0x018e5603) lhu     a2, 24(t3)
core   0: 3 0x8000b688 (0x018e5603) x12 0x00001e00 mem 0x800128f2
core   0: 0x8000b68c (0x01be0c23) sb      s11, 24(t3)
core   0: 3 0x8000b68c (0x01be0c23) mem 0x800128f2 0x0
core   0: 0x8000b690 (0xfc3e0e83) lb      t4, -61(t3)
core   0: 3 0x8000b690 (0xfc3e0e83) x29 0xffffffcc mem 0x8001289d
core   0: 0x8000b694 (0xfc3e0183) lb      gp, -61(t3)
core   0: 3 0x8000b694 (0xfc3e0183) x 3 0xffffffcc mem 0x8001289d
core   0: 0x8000b698 (0x07be4b83) lbu     s7, 123(t3)
core   0: 3 0x8000b698 (0x07be4b83) x23 0x000000fe mem 0x80012955
core   0: 0x8000b69c (0x07fe0e83) lb      t4, 127(t3)
core   0: 3 0x8000b69c (0x07fe0e83) x29 0x00000000 mem 0x80012959
core   0: 0x8000b6a0 (0x06ae0fa3) sb      a0, 127(t3)
core   0: 3 0x8000b6a0 (0x06ae0fa3) mem 0x80012959 0x0
core   0: 0x8000b6a4 (0x07fe4583) lbu     a1, 127(t3)
core   0: 3 0x8000b6a4 (0x07fe4583) x11 0x00000000 mem 0x80012959
core   0: 0x8000b6a8 (0x060e0fa3) sb      zero, 127(t3)
core   0: 3 0x8000b6a8 (0x060e0fa3) mem 0x80012959 0x0
core   0: 0x8000b6ac (0x06fe0783) lb      a5, 111(t3)
core   0: 3 0x8000b6ac (0x06fe0783) x15 0xffffffe7 mem 0x80012949
core   0: 0x8000b6b0 (0x06fe4203) lbu     tp, 111(t3)
core   0: 3 0x8000b6b0 (0x06fe4203) x 4 0x000000e7 mem 0x80012949
core   0: 0x8000b6b4 (0x010bc033) xor     zero, s7, a6
core   0: 3 0x8000b6b4 (0x010bc033)
core   0: 0x8000b6b8 (0xdc967d93) andi    s11, a2, -567
core   0: 3 0x8000b6b8 (0xdc967d93) x27 0x00001c00
core   0: 0x8000b6bc (0x06fe4a83) lbu     s5, 111(t3)
core   0: 3 0x8000b6bc (0x06fe4a83) x21 0x000000e7 mem 0x80012949
core   0: 0x8000b6c0 (0x0000860d) c.srai  a2, 3
core   0: 3 0x8000b6c0 (0x860d) x12 0x000003c0
core   0: 0x8000b6c2 (0x06fe0703) lb      a4, 111(t3)
core   0: 3 0x8000b6c2 (0x06fe0703) x14 0xffffffe7 mem 0x80012949
core   0: 0x8000b6c6 (0x06fe4203) lbu     tp, 111(t3)
core   0: 3 0x8000b6c6 (0x06fe4203) x 4 0x000000e7 mem 0x80012949
core   0: 0x8000b6ca (0x06fe0f83) lb      t6, 111(t3)
core   0: 3 0x8000b6ca (0x06fe0f83) x31 0xffffffe7 mem 0x80012949
core   0: 0x8000b6ce (0x06fe4d03) lbu     s10, 111(t3)
core   0: 3 0x8000b6ce (0x06fe4d03) x26 0x000000e7 mem 0x80012949
core   0: 0x8000b6d2 (0x06fe4e83) lbu     t4, 111(t3)
core   0: 3 0x8000b6d2 (0x06fe4e83) x29 0x000000e7 mem 0x80012949
core   0: 0x8000b6d6 (0x0000eb97) auipc   s7, 0xe
core   0: 3 0x8000b6d6 (0x0000eb97) x23 0x800196d6
core   0: 0x8000b6da (0xed6b8b93) addi    s7, s7, -298
core   0: 3 0x8000b6da (0xed6b8b93) x23 0x800195ac
core   0: 0x8000b6de (0x087bc103) lbu     sp, 135(s7)
core   0: 3 0x8000b6de (0x087bc103) x 2 0x0000003b mem 0x80019633
core   0: 0x8000b6e2 (0x00000e1e) c.slli  t3, 7
core   0: 3 0x8000b6e2 (0x0e1e) x28 0x00946d00
core   0: 0x8000b6e4 (0x087b8b03) lb      s6, 135(s7)
core   0: 3 0x8000b6e4 (0x087b8b03) x22 0x0000003b mem 0x80019633
core   0: 0x8000b6e8 (0x087bca83) lbu     s5, 135(s7)
core   0: 3 0x8000b6e8 (0x087bca83) x21 0x0000003b mem 0x80019633
core   0: 0x8000b6ec (0x024a1d33) mulh    s10, s4, tp
core   0: 3 0x8000b6ec (0x024a1d33) x26 0xffffff8c
core   0: 0x8000b6f0 (0x0000852d) c.srai  a0, 11
core   0: 3 0x8000b6f0 (0x852d) x10 0x00000000
core   0: 0x8000b6f2 (0x0a6b8f83) lb      t6, 166(s7)
core   0: 3 0x8000b6f2 (0x0a6b8f83) x31 0xffffff8b mem 0x80019652
core   0: 0x8000b6f6 (0x000092de) c.add   t0, s7
core   0: 3 0x8000b6f6 (0x92de) x 5 0x00030c55
core   0: 0x8000b6f8 (0x0a6b8f83) lb      t6, 166(s7)
core   0: 3 0x8000b6f8 (0x0a6b8f83) x31 0xffffff8b mem 0x80019652
core   0: 0x8000b6fc (0x0b9b85a3) sb      s9, 171(s7)
core   0: 3 0x8000b6fc (0x0b9b85a3) mem 0x80019657 0x0
core   0: 0x8000b700 (0xaa2cc013) xori    zero, s9, -1374
core   0: 3 0x8000b700 (0xaa2cc013)
core   0: 0x8000b704 (0x0f9b8e03) lb      t3, 249(s7)
core   0: 3 0x8000b704 (0x0f9b8e03) x28 0xffffffe5 mem 0x800196a5
core   0: 0x8000b708 (0x0f9bc603) lbu     a2, 249(s7)
core   0: 3 0x8000b708 (0x0f9bc603) x12 0x000000e5 mem 0x800196a5
core   0: 0x8000b70c (0x0f9b8003) lb      zero, 249(s7)
core   0: 3 0x8000b70c (0x0f9b8003) mem 0x800196a5
core   0: 0x8000b710 (0x01ddd013) srli    zero, s11, 29
core   0: 3 0x8000b710 (0x01ddd013)
core   0: 0x8000b714 (0x0f9b8583) lb      a1, 249(s7)
core   0: 3 0x8000b714 (0x0f9b8583) x11 0xffffffe5 mem 0x800196a5
core   0: 0x8000b718 (0x0000100f) fence.i
core   0: 3 0x8000b718 (0x0000100f)
core   0: 0x8000b71c (0x0e1bc483) lbu     s1, 225(s7)
core   0: 3 0x8000b71c (0x0e1bc483) x 9 0x0000003f mem 0x8001968d
core   0: 0x8000b720 (0x0e1bcf83) lbu     t6, 225(s7)
core   0: 3 0x8000b720 (0x0e1bcf83) x31 0x0000003f mem 0x8001968d
core   0: 0x8000b724 (0x0000d897) auipc   a7, 0xd
core   0: 3 0x8000b724 (0x0000d897) x17 0x80018724
core   0: 0x8000b728 (0x5fb88893) addi    a7, a7, 1531
core   0: 3 0x8000b728 (0x5fb88893) x17 0x80018d1f
core   0: 0x8000b72c (0x8138c583) lbu     a1, -2029(a7)
core   0: 3 0x8000b72c (0x8138c583) x11 0x000000ff mem 0x80018532
core   0: 0x8000b730 (0x7808aca3) sw      zero, 1945(a7)
core   0: 3 0x8000b730 (0x7808aca3) mem 0x800194b8 0x00000000
core   0: 0x8000b734 (0xf1d8aca3) sw      t4, -231(a7)
core   0: 3 0x8000b734 (0xf1d8aca3) mem 0x80018c38 0x000000e7
core   0: 0x8000b738 (0x03770a33) mul     s4, a4, s7
core   0: 3 0x8000b738 (0x03770a33) x20 0x7fd86234
core   0: 0x8000b73c (0x5e989d03) lh      s10, 1513(a7)
core   0: 3 0x8000b73c (0x5e989d03) x26 0xfffff5e7 mem 0x80019308
core   0: 0x8000b740 (0x35c74c37) lui     s8, 0x35c74
core   0: 3 0x8000b740 (0x35c74c37) x24 0x35c74000
core   0: 0x8000b744 (0x005e4db3) xor     s11, t3, t0
core   0: 3 0x8000b744 (0x005e4db3) x27 0xfffcf3b0
core   0: 0x8000b748 (0xd86884a3) sb      t1, -631(a7)
core   0: 3 0x8000b748 (0xd86884a3) mem 0x80018aa8 0x0
core   0: 0x8000b74c (0x322897a3) sh      sp, 815(a7)
core   0: 3 0x8000b74c (0x322897a3) mem 0x8001904e 0x003b
core   0: 0x8000b750 (0x00009c9a) c.add   s9, t1
core   0: 3 0x8000b750 (0x9c9a) x25 0x00000000
core   0: 0x8000b752 (0x00c87f33) and     t5, a6, a2
core   0: 3 0x8000b752 (0x00c87f33) x30 0x00000064
core   0: 0x8000b756 (0xae68aaa3) sw      t1, -1291(a7)
core   0: 3 0x8000b756 (0xae68aaa3) mem 0x80018814 0x00000000
core   0: 0x8000b75a (0x42288083) lb      ra, 1058(a7)
core   0: 3 0x8000b75a (0x42288083) x 1 0x00000064 mem 0x80019141
core   0: 0x8000b75e (0x57888fa3) sb      s8, 1407(a7)
core   0: 3 0x8000b75e (0x57888fa3) mem 0x8001929e 0x0
core   0: 0x8000b762 (0x003adfb3) srl     t6, s5, gp
core   0: 3 0x8000b762 (0x003adfb3) x31 0x00000000
core   0: 0x8000b766 (0x000010fd) c.addi  ra, -1
core   0: 3 0x8000b766 (0x10fd) x 1 0x00000063
core   0: 0x8000b768 (0x41468933) sub     s2, a3, s4
core   0: 3 0x8000b768 (0x41468933) x18 0x002a5af0
core   0: 0x8000b76c (0x57488b83) lb      s7, 1396(a7)
core   0: 3 0x8000b76c (0x57488b83) x23 0x0000002f mem 0x80019293
core   0: 0x8000b770 (0x909890a3) sh      s1, -1791(a7)
core   0: 3 0x8000b770 (0x909890a3) mem 0x80018620 0x003f
core   0: 0x8000b774 (0x036b1733) mulh    a4, s6, s6
core   0: 3 0x8000b774 (0x036b1733) x14 0x00000000
core   0: 0x8000b778 (0x6b188623) sb      a7, 1708(a7)
core   0: 3 0x8000b778 (0x6b188623) mem 0x800193cb 0x1f
core   0: 0x8000b77c (0xf7b88423) sb      s11, -152(a7)
core   0: 3 0x8000b77c (0xf7b88423) mem 0x80018c87 0xb0
core   0: 0x8000b780 (0x01e9de33) srl     t3, s3, t5
core   0: 3 0x8000b780 (0x01e9de33) x28 0x0ffffff8
core   0: 0x8000b784 (0xbc888283) lb      t0, -1080(a7)
core   0: 3 0x8000b784 (0xbc888283) x 5 0x0000001a mem 0x800188e7
core   0: 0x8000b788 (0x4a68c783) lbu     a5, 1190(a7)
core   0: 3 0x8000b788 (0x4a68c783) x15 0x00000019 mem 0x800191c5
core   0: 0x8000b78c (0x00015117) auipc   sp, 0x15
core   0: 3 0x8000b78c (0x00015117) x 2 0x8002078c
core   0: 0x8000b790 (0x8c910113) addi    sp, sp, -1847
core   0: 3 0x8000b790 (0x8c910113) x 2 0x80020055
core   0: 0x8000b794 (0x01310123) sb      s3, 2(sp)
core   0: 3 0x8000b794 (0x01310123) mem 0x80020057 0x8d
core   0: 0x8000b798 (0xe2774e93) xori    t4, a4, -473
core   0: 3 0x8000b798 (0xe2774e93) x29 0xfffffe27
core   0: 0x8000b79c (0x010123a3) sw      a6, 7(sp)
core   0: 3 0x8000b79c (0x010123a3) mem 0x8002005c 0x80027e7c
core   0: 0x8000b7a0 (0x41f78433) sub     s0, a5, t6
core   0: 3 0x8000b7a0 (0x41f78433) x 8 0x00000019
core   0: 0x8000b7a4 (0xff911903) lh      s2, -7(sp)
core   0: 3 0x8000b7a4 (0xff911903) x18 0xffffb8d5 mem 0x8002004e
core   0: 0x8000b7a8 (0xb7dfc0b7) lui     ra, 0xb7dfc
core   0: 3 0x8000b7a8 (0xb7dfc0b7) x 1 0xb7dfc000
core   0: 0x8000b7ac (0x00008e65) c.and   a2, s1
core   0: 3 0x8000b7ac (0x8e65) x12 0x00000025
core   0: 0x8000b7ae (0xffe11ba3) sh      t5, -9(sp)
core   0: 3 0x8000b7ae (0xffe11ba3) mem 0x8002004c 0x0064
core   0: 0x8000b7b2 (0xcdda8713) addi    a4, s5, -803
core   0: 3 0x8000b7b2 (0xcdda8713) x14 0xfffffd18
core   0: 0x8000b7b6 (0x018116a3) sh      s8, 13(sp)
core   0: 3 0x8000b7b6 (0x018116a3) mem 0x80020062 0x4000
core   0: 0x8000b7ba (0x4c740093) addi    ra, s0, 1223
core   0: 3 0x8000b7ba (0x4c740093) x 1 0x000004e0
core   0: 0x8000b7be (0x02e40b33) mul     s6, s0, a4
core   0: 3 0x8000b7be (0x02e40b33) x22 0xffffb758
core   0: 0x8000b7c2 (0x01010e83) lb      t4, 16(sp)
core   0: 3 0x8000b7c2 (0x01010e83) x29 0x0000007c mem 0x80020065
core   0: 0x8000b7c6 (0x00008d49) c.or    a0, a0
core   0: 3 0x8000b7c6 (0x8d49) x10 0x00000000
core   0: 0x8000b7c8 (0x00814083) lbu     ra, 8(sp)
core   0: 3 0x8000b7c8 (0x00814083) x 1 0x0000007e mem 0x8002005d
core   0: 0x8000b7cc (0x00510083) lb      ra, 5(sp)
core   0: 3 0x8000b7cc (0x00510083) x 1 0x00000063 mem 0x8002005a
core   0: 0x8000b7d0 (0x00004301) c.li    t1, 0
core   0: 3 0x8000b7d0 (0x4301) x 6 0x00000000
core   0: 0x8000b7d2 (0xa997cd93) xori    s11, a5, -1383
core   0: 3 0x8000b7d2 (0xa997cd93) x27 0xfffffa80
core   0: 0x8000b7d6 (0x00bab033) sltu    zero, s5, a1
core   0: 3 0x8000b7d6 (0x00bab033)
core   0: 0x8000b7da (0x00008c19) c.sub   s0, a4
core   0: 3 0x8000b7da (0x8c19) x 8 0x00000301
core   0: 0x8000b7dc (0x00710323) sb      t2, 6(sp)
core   0: 3 0x8000b7dc (0x00710323) mem 0x8002005b 0x0
core   0: 0x8000b7e0 (0x001ab0b3) sltu    ra, s5, ra
core   0: 3 0x8000b7e0 (0x001ab0b3) x 1 0x00000001
core   0: 0x8000b7e4 (0x00115903) lhu     s2, 1(sp)
core   0: 3 0x8000b7e4 (0x00115903) x18 0x00008d49 mem 0x80020056
core   0: 0x8000b7e8 (0xffe10e03) lb      t3, -2(sp)
core   0: 3 0x8000b7e8 (0xffe10e03) x28 0x00000019 mem 0x80020053
core   0: 0x8000b7ec (0x00a14503) lbu     a0, 10(sp)
core   0: 3 0x8000b7ec (0x00a14503) x10 0x00000080 mem 0x8002005f
core   0: 0x8000b7f0 (0x00004ee5) c.li    t4, 25
core   0: 3 0x8000b7f0 (0x4ee5) x29 0x00000019
core   0: 0x8000b7f2 (0x00715983) lhu     s3, 7(sp)
core   0: 3 0x8000b7f2 (0x00715983) x19 0x00007e7c mem 0x8002005c
core   0: 0x8000b7f6 (0xff911583) lh      a1, -7(sp)
core   0: 3 0x8000b7f6 (0xff911583) x11 0xffffb8d5 mem 0x8002004e
core   0: 0x8000b7fa (0x00b11483) lh      s1, 11(sp)
core   0: 3 0x8000b7fa (0x00b11483) x 9 0x000000e7 mem 0x80020060
core   0: 0x8000b7fe (0x004115a3) sh      tp, 11(sp)
core   0: 3 0x8000b7fe (0x004115a3) mem 0x80020060 0x00e7
core   0: 0x8000b802 (0xda087db7) lui     s11, 0xda087
core   0: 3 0x8000b802 (0xda087db7) x27 0xda087000
core   0: 0x8000b806 (0xff010203) lb      tp, -16(sp)
core   0: 3 0x8000b806 (0xff010203) x 4 0x00000059 mem 0x80020045
core   0: 0x8000b80a (0x00018517) auipc   a0, 0x18
core   0: 3 0x8000b80a (0x00018517) x10 0x8002380a
core   0: 0x8000b80e (0x87250513) addi    a0, a0, -1934
core   0: 3 0x8000b80e (0x87250513) x10 0x8002307c
core   0: 0x8000b812 (0xc3e52d2f) amominu.w s10, t5, (a0)
core   0: 3 0x8000b812 (0xc3e52d2f) x26 0x00000000 mem 0x8002307c mem 0x8002307c 0x00000000
core   0: 0x8000b816 (0x0cc525af) amoswap.w a1, a2, (a0)
core   0: 3 0x8000b816 (0x0cc525af) x11 0x00000000 mem 0x8002307c mem 0x8002307c 0x00000025
core   0: 0x8000b81a (0x00009592) c.add   a1, tp
core   0: 3 0x8000b81a (0x9592) x11 0x00000059
core   0: 0x8000b81c (0xe585222f) amomaxu.w tp, s8, (a0)
core   0: 3 0x8000b81c (0xe585222f) x 4 0x00000025 mem 0x8002307c mem 0x8002307c 0x35c74000
core   0: 0x8000b820 (0x44552b2f) amoor.w s6, t0, (a0)
core   0: 3 0x8000b820 (0x44552b2f) x22 0x35c74000 mem 0x8002307c mem 0x8002307c 0x35c7401a
core   0: 0x8000b824 (0x0000a117) auipc   sp, 0xa
core   0: 3 0x8000b824 (0x0000a117) x 2 0x80015824
core   0: 0x8000b828 (0x10710113) addi    sp, sp, 263
core   0: 3 0x8000b828 (0x10710113) x 2 0x8001592b
core   0: 0x8000b82c (0x00008735) c.srai  a4, 13
core   0: 3 0x8000b82c (0x8735) x14 0xffffffff
core   0: 0x8000b82e (0x01911a03) lh      s4, 25(sp)
core   0: 3 0x8000b82e (0x01911a03) x20 0x00003897 mem 0x80015944
core   0: 0x8000b832 (0x0000850d) c.srai  a0, 3
core   0: 3 0x8000b832 (0x850d) x10 0xf000460f
core   0: 0x8000b834 (0x741eb193) sltiu   gp, t4, 1857
core   0: 3 0x8000b834 (0x741eb193) x 3 0x00000001
core   0: 0x8000b838 (0xf18115a3) sh      s8, -245(sp)
core   0: 3 0x8000b838 (0xf18115a3) mem 0x80015836 0x4000
core   0: 0x8000b83c (0x01273e33) sltu    t3, a4, s2
core   0: 3 0x8000b83c (0x01273e33) x28 0x00000000
core   0: 0x8000b840 (0xf8214d03) lbu     s10, -126(sp)
core   0: 3 0x8000b840 (0xf8214d03) x26 0x0000003d mem 0x800158ad
core   0: 0x8000b844 (0xfde10183) lb      gp, -34(sp)
core   0: 3 0x8000b844 (0xfde10183) x 3 0x0000007c mem 0x80015909
core   0: 0x8000b848 (0x0362a2b3) mulhsu  t0, t0, s6
core   0: 3 0x8000b848 (0x0362a2b3) x 5 0x00000005
core   0: 0x8000b84c (0x00008ff5) c.and   a5, a3
core   0: 3 0x8000b84c (0x8ff5) x15 0x00000000
core   0: 0x8000b84e (0x00008c71) c.and   s0, a2
core   0: 3 0x8000b84e (0x8c71) x 8 0x00000001
core   0: 0x8000b850 (0xf7610723) sb      s6, -146(sp)
core   0: 3 0x8000b850 (0xf7610723) mem 0x80015899 0x0
core   0: 0x8000b854 (0x00000486) c.slli  s1, 1
core   0: 3 0x8000b854 (0x0486) x 9 0x000001ce
core   0: 0x8000b856 (0x03d76b33) rem     s6, a4, t4
core   0: 3 0x8000b856 (0x03d76b33) x22 0xffffffff
core   0: 0x8000b85a (0x9e5a3793) sltiu   a5, s4, -1563
core   0: 3 0x8000b85a (0x9e5a3793) x15 0x00000001
core   0: 0x8000b85e (0x033d2b33) mulhsu  s6, s10, s3
core   0: 3 0x8000b85e (0x033d2b33) x22 0x00000000
core   0: 0x8000b862 (0x0e410823) sb      tp, 240(sp)
core   0: 3 0x8000b862 (0x0e410823) mem 0x80015a1b 0x25
core   0: 0x8000b866 (0x00008f55) c.or    a4, a3
core   0: 3 0x8000b866 (0x8f55) x14 0xffffffff
core   0: 0x8000b868 (0x01db9bb3) sll     s7, s7, t4
core   0: 3 0x8000b868 (0x01db9bb3) x23 0x5e000000
core   0: 0x8000b86c (0x01e9ae33) slt     t3, s3, t5
core   0: 3 0x8000b86c (0x01e9ae33) x28 0x00000000
core   0: 0x8000b870 (0x00000001) c.nop
core   0: 3 0x8000b870 (0x0001)
core   0: 0x8000b872 (0x0092e1b3) or      gp, t0, s1
core   0: 3 0x8000b872 (0x0092e1b3) x 3 0x000001cf
core   0: 0x8000b876 (0x0db11183) lh      gp, 219(sp)
core   0: 3 0x8000b876 (0x0db11183) x 3 0xffffb217 mem 0x80015a06
core   0: 0x8000b87a (0x12f5a893) slti    a7, a1, 303
core   0: 3 0x8000b87a (0x12f5a893) x17 0x00000001
core   0: 0x8000b87e (0xbe99a913) slti    s2, s3, -1047
core   0: 3 0x8000b87e (0xbe99a913) x18 0x00000000
core   0: 0x8000b882 (0x01654b33) xor     s6, a0, s6
core   0: 3 0x8000b882 (0x01654b33) x22 0xf000460f
core   0: 0x8000b886 (0xf8014d03) lbu     s10, -128(sp)
core   0: 3 0x8000b886 (0xf8014d03) x26 0x000000c0 mem 0x800158ab
core   0: 0x8000b88a (0xf5811fa3) sh      s8, -161(sp)
core   0: 3 0x8000b88a (0xf5811fa3) mem 0x8001588a 0x4000
core   0: 0x8000b88e (0x01365d33) srl     s10, a2, s3
core   0: 3 0x8000b88e (0x01365d33) x26 0x00000000
core   0: 0x8000b892 (0x00006599) c.lui   a1, 0x6
core   0: 3 0x8000b892 (0x6599) x11 0x00006000
core   0: 0x8000b894 (0xfac14403) lbu     s0, -84(sp)
core   0: 3 0x8000b894 (0xfac14403) x 8 0x00000013 mem 0x800158d7
core   0: 0x8000b898 (0xfb410023) sb      s4, -96(sp)
core   0: 3 0x8000b898 (0xfb410023) mem 0x800158cb 0x97
core   0: 0x8000b89c (0x00017517) auipc   a0, 0x17
core   0: 3 0x8000b89c (0x00017517) x10 0x8002289c
core   0: 0x8000b8a0 (0x7e050513) addi    a0, a0, 2016
core   0: 3 0x8000b8a0 (0x7e050513) x10 0x8002307c
core   0: 0x8000b8a4 (0x00017297) auipc   t0, 0x17
core   0: 3 0x8000b8a4 (0x00017297) x 5 0x800228a4
core   0: 0x8000b8a8 (0x7cc28293) addi    t0, t0, 1996
core   0: 3 0x8000b8a8 (0x7cc28293) x 5 0x80023070
core   0: 0x8000b8ac (0x00017917) auipc   s2, 0x17
core   0: 3 0x8000b8ac (0x00017917) x18 0x800228ac
core   0: 0x8000b8b0 (0x7b890913) addi    s2, s2, 1976
core   0: 3 0x8000b8b0 (0x7b890913) x18 0x80023064
core   0: 0x8000b8b4 (0x405bd713) srai    a4, s7, 5
core   0: 3 0x8000b8b4 (0x405bd713) x14 0x02f00000
core   0: 0x8000b8b8 (0x238525af) amoxor.w a1, s8, (a0)
core   0: 3 0x8000b8b8 (0x238525af) x11 0x35c7401a mem 0x8002307c mem 0x8002307c 0x0000001a
core   0: 0x8000b8bc (0x009c1b33) sll     s6, s8, s1
core   0: 3 0x8000b8bc (0x009c1b33) x22 0xd0000000
core   0: 0x8000b8c0 (0xa5952a2f) amomax.w s4, s9, (a0)
core   0: 3 0x8000b8c0 (0xa5952a2f) x20 0x0000001a mem 0x8002307c mem 0x8002307c 0x0000001a
core   0: 0x8000b8c4 (0x8049272f) amomin.w a4, tp, (s2)
core   0: 3 0x8000b8c4 (0x8049272f) x14 0x00000001 mem 0x80023064 mem 0x80023064 0x00000001
core   0: 0x8000b8c8 (0x03192baf) amoadd.w s7, a7, (s2)
core   0: 3 0x8000b8c8 (0x03192baf) x23 0x00000001 mem 0x80023064 mem 0x80023064 0x00000002
core   0: 0x8000b8cc (0xa332acaf) amomax.w s9, s3, (t0)
core   0: 3 0x8000b8cc (0xa332acaf) x25 0x000460b2 mem 0x80023070 mem 0x80023070 0x000460b2
core   0: 0x8000b8d0 (0xe499202f) amomaxu.w zero, s1, (s2)
core   0: 3 0x8000b8d0 (0xe499202f) mem 0x80023064 mem 0x80023064 0x000001ce
core   0: 0x8000b8d4 (0x407525af) amoor.w a1, t2, (a0)
core   0: 3 0x8000b8d4 (0x407525af) x11 0x0000001a mem 0x8002307c mem 0x8002307c 0x0000001a
core   0: 0x8000b8d8 (0x00008d95) c.sub   a1, a3
core   0: 3 0x8000b8d8 (0x8d95) x11 0x7ffd42f6
core   0: 0x8000b8da (0xe0592eaf) amomaxu.w t4, t0, (s2)
core   0: 3 0x8000b8da (0xe0592eaf) x29 0x000001ce mem 0x80023064 mem 0x80023064 0x80023070
core   0: 0x8000b8de (0x01414433) xor     s0, sp, s4
core   0: 3 0x8000b8de (0x01414433) x 8 0x80015931
core   0: 0x8000b8e2 (0x0005232f) amoadd.w t1, zero, (a0)
core   0: 3 0x8000b8e2 (0x0005232f) x 6 0x0000001a mem 0x8002307c mem 0x8002307c 0x0000001a
core   0: 0x8000b8e6 (0x0a92a0af) amoswap.w ra, s1, (t0)
core   0: 3 0x8000b8e6 (0x0a92a0af) x 1 0x000460b2 mem 0x80023070 mem 0x80023070 0x000001ce
core   0: 0x8000b8ea (0x00017c97) auipc   s9, 0x17
core   0: 3 0x8000b8ea (0x00017c97) x25 0x800228ea
core   0: 0x8000b8ee (0x766c8c93) addi    s9, s9, 1894
core   0: 3 0x8000b8ee (0x766c8c93) x25 0x80023050
core   0: 0x8000b8f2 (0x00008661) c.srai  a2, 24
core   0: 3 0x8000b8f2 (0x8661) x12 0x00000000
core   0: 0x8000b8f4 (0x140caf2f) lr.w    t5, (s9)
core   0: 3 0x8000b8f4 (0x140caf2f) x30 0x80069d95 mem 0x80023050
core   0: 0x8000b8f8 (0x00008c5d) c.or    s0, a5
core   0: 3 0x8000b8f8 (0x8c5d) x 8 0x80015931
core   0: 0x8000b8fa (0x00000132) c.slli  sp, 12
core   0: 3 0x8000b8fa (0x0132) x 2 0x1592b000
core   0: 0x8000b8fc (0x03556633) rem     a2, a0, s5
core   0: 3 0x8000b8fc (0x03556633) x12 0x00000000
core   0: 0x8000b900 (0x0000635d) c.lui   t1, 0x17
core   0: 3 0x8000b900 (0x635d) x 6 0x00017000
core   0: 0x8000b902 (0x02f1f0b3) remu    ra, gp, a5
core   0: 3 0x8000b902 (0x02f1f0b3) x 1 0x00000000
core   0: 0x8000b906 (0x00008d31) c.xor   a0, a2
core   0: 3 0x8000b906 (0x8d31) x10 0x8002307c
core   0: 0x8000b908 (0xdf747f13) andi    t5, s0, -521
core   0: 3 0x8000b908 (0xdf747f13) x30 0x80015931
core   0: 0x8000b90c (0x000084f1) c.srai  s1, 28
core   0: 3 0x8000b90c (0x84f1) x 9 0x00000000
core   0: 0x8000b90e (0x03df97b3) mulh    a5, t6, t4
core   0: 3 0x8000b90e (0x03df97b3) x15 0x00000000
core   0: 0x8000b912 (0x183ca5af) sc.w    a1, gp, (s9)
core   0: 3 0x8000b912 (0x183ca5af) x11 0x00000000 mem 0x80023050 0xffffb217
core   0: 0x8000b916 (0x00007417) auipc   s0, 0x7
core   0: 3 0x8000b916 (0x00007417) x 8 0x80012916
core   0: 0x8000b91a (0xccf40413) addi    s0, s0, -817
core   0: 3 0x8000b91a (0xccf40413) x 8 0x800125e5
core   0: 0x8000b91e (0x01c9f9b3) and     s3, s3, t3
core   0: 3 0x8000b91e (0x01c9f9b3) x19 0x00000000
core   0: 0x8000b922 (0xffa44983) lbu     s3, -6(s0)
core   0: 3 0x8000b922 (0xffa44983) x19 0x00000080 mem 0x800125df
core   0: 0x8000b926 (0x00ab8e33) add     t3, s7, a0
core   0: 3 0x8000b926 (0x00ab8e33) x28 0x8002307d
core   0: 0x8000b92a (0xff741e03) lh      t3, -9(s0)
core   0: 3 0x8000b92a (0xff741e03) x28 0x00007665 mem 0x800125dc
core   0: 0x8000b92e (0x01b411a3) sh      s11, 3(s0)
core   0: 3 0x8000b92e (0x01b411a3) mem 0x800125e8 0x7000
core   0: 0x8000b932 (0xfff44983) lbu     s3, -1(s0)
core   0: 3 0x8000b932 (0xfff44983) x19 0x00000015 mem 0x800125e4
core   0: 0x8000b936 (0x033e34b3) mulhu   s1, t3, s3
core   0: 3 0x8000b936 (0x033e34b3) x 9 0x00000000
core   0: 0x8000b93a (0xc924eb93) ori     s7, s1, -878
core   0: 3 0x8000b93a (0xc924eb93) x23 0xfffffc92
core   0: 0x8000b93e (0x417bd993) srai    s3, s7, 23
core   0: 3 0x8000b93e (0x417bd993) x19 0xffffffff
core   0: 0x8000b942 (0x03244503) lbu     a0, 50(s0)
core   0: 3 0x8000b942 (0x03244503) x10 0x000000a8 mem 0x80012617
core   0: 0x8000b946 (0x4d89ce13) xori    t3, s3, 1240
core   0: 3 0x8000b946 (0x4d89ce13) x28 0xfffffb27
core   0: 0x8000b94a (0x03b53533) mulhu   a0, a0, s11
core   0: 3 0x8000b94a (0x03b53533) x10 0x0000008f
core   0: 0x8000b94e (0x03c4e4b3) rem     s1, s1, t3
core   0: 3 0x8000b94e (0x03c4e4b3) x 9 0x00000000
core   0: 0x8000b952 (0x01741503) lh      a0, 23(s0)
core   0: 3 0x8000b952 (0x01741503) x10 0xffffaf7d mem 0x800125fc
core   0: 0x8000b956 (0xfcb44e03) lbu     t3, -53(s0)
core   0: 3 0x8000b956 (0xfcb44e03) x28 0x00000000 mem 0x800125b0
core   0: 0x8000b95a (0x01ce6533) or      a0, t3, t3
core   0: 3 0x8000b95a (0x01ce6533) x10 0x00000000
core   0: 0x8000b95e (0x254df493) andi    s1, s11, 596
core   0: 3 0x8000b95e (0x254df493) x 9 0x00000000
core   0: 0x8000b962 (0x02744483) lbu     s1, 39(s0)
core   0: 3 0x8000b962 (0x02744483) x 9 0x00000036 mem 0x8001260c
core   0: 0x8000b966 (0xfdc40d83) lb      s11, -36(s0)
core   0: 3 0x8000b966 (0xfdc40d83) x27 0xffffff8b mem 0x800125c1
core   0: 0x8000b96a (0x0000997d) c.andi  a0, -1
core   0: 3 0x8000b96a (0x997d) x10 0x00000000
core   0: 0x8000b96c (0xff040b83) lb      s7, -16(s0)
core   0: 3 0x8000b96c (0xff040b83) x23 0x00000033 mem 0x800125d5
core   0: 0x8000b970 (0x41355bb3) sra     s7, a0, s3
core   0: 3 0x8000b970 (0x41355bb3) x23 0x00000000
core   0: 0x8000b974 (0xfdc40f23) sb      t3, -34(s0)
core   0: 3 0x8000b974 (0xfdc40f23) mem 0x800125c3 0x0
core   0: 0x8000b978 (0x00000001) c.nop
core   0: 3 0x8000b978 (0x0001)
core   0: 0x8000b97a (0x00008ce5) c.and   s1, s1
core   0: 3 0x8000b97a (0x8ce5) x 9 0x00000036
core   0: 0x8000b97c (0xe4698e13) addi    t3, s3, -442
core   0: 3 0x8000b97c (0xe4698e13) x28 0xfffffe45
core   0: 0x8000b980 (0x01755533) srl     a0, a0, s7
core   0: 3 0x8000b980 (0x01755533) x10 0x00000000
core   0: 0x8000b984 (0xfdd40483) lb      s1, -35(s0)
core   0: 3 0x8000b984 (0xfdd40483) x 9 0xffffffe6 mem 0x800125c2
core   0: 0x8000b988 (0x000014fd) c.addi  s1, -1
core   0: 3 0x8000b988 (0x14fd) x 9 0xffffffe5
core   0: 0x8000b98a (0xfda40503) lb      a0, -38(s0)
core   0: 3 0x8000b98a (0xfda40503) x10 0xffffffbe mem 0x800125bf
core   0: 0x8000b98e (0xfc9403a3) sb      s1, -57(s0)
core   0: 3 0x8000b98e (0xfc9403a3) mem 0x800125ac 0xe5
core   0: 0x8000b992 (0xb7d52d93) slti    s11, a0, -1155
core   0: 3 0x8000b992 (0xb7d52d93) x27 0x00000000
core   0: 0x8000b996 (0x02244e03) lbu     t3, 34(s0)
core   0: 3 0x8000b996 (0x02244e03) x28 0x00000091 mem 0x80012607
core   0: 0x8000b99a (0x01145d83) lhu     s11, 17(s0)
core   0: 3 0x8000b99a (0x01145d83) x27 0x000061b6 mem 0x800125f6
core   0: 0x8000b99e (0x00009df2) c.add   s11, t3
core   0: 3 0x8000b99e (0x9df2) x27 0x00006247
core   0: 0x8000b9a0 (0x7b39fd93) andi    s11, s3, 1971
core   0: 3 0x8000b9a0 (0x7b39fd93) x27 0x000007b3
core   0: 0x8000b9a4 (0x2939c993) xori    s3, s3, 659
core   0: 3 0x8000b9a4 (0x2939c993) x19 0xfffffd6c
core   0: 0x8000b9a8 (0x0000891d) c.andi  a0, 7
core   0: 3 0x8000b9a8 (0x891d) x10 0x00000006
core   0: 0x8000b9aa (0xff340ca3) sb      s3, -7(s0)
core   0: 3 0x8000b9aa (0xff340ca3) mem 0x800125de 0x6c
core   0: 0x8000b9ae (0x00a9abb3) slt     s7, s3, a0
core   0: 3 0x8000b9ae (0x00a9abb3) x23 0x00000001
core   0: 0x8000b9b2 (0xfca404a3) sb      a0, -55(s0)
core   0: 3 0x8000b9b2 (0xfca404a3) mem 0x800125ae 0x6
core   0: 0x8000b9b6 (0x03bdc4b3) div     s1, s11, s11
core   0: 3 0x8000b9b6 (0x03bdc4b3) x 9 0x00000001
core   0: 0x8000b9ba (0xfde40483) lb      s1, -34(s0)
core   0: 3 0x8000b9ba (0xfde40483) x 9 0x00000000 mem 0x800125c3
core   0: 0x8000b9be (0x409e09b3) sub     s3, t3, s1
core   0: 3 0x8000b9be (0x409e09b3) x19 0x00000091
core   0: 0x8000b9c2 (0x0299ae33) mulhsu  t3, s3, s1
core   0: 3 0x8000b9c2 (0x0299ae33) x28 0x00000000
core   0: 0x8000b9c6 (0x009425a3) sw      s1, 11(s0)
core   0: 3 0x8000b9c6 (0x009425a3) mem 0x800125f0 0x00000000
core   0: 0x8000b9ca (0x0000f997) auipc   s3, 0xf
core   0: 3 0x8000b9ca (0x0000f997) x19 0x8001a9ca
core   0: 0x8000b9ce (0x4e098993) addi    s3, s3, 1248
core   0: 3 0x8000b9ce (0x4e098993) x19 0x8001aeaa
core   0: 0x8000b9d2 (0x028ab933) mulhu   s2, s5, s0
core   0: 3 0x8000b9d2 (0x028ab933) x18 0x0000001d
core   0: 0x8000b9d6 (0xb4c982a3) sb      a2, -1211(s3)
core   0: 3 0x8000b9d6 (0xb4c982a3) mem 0x8001a9ef 0x0
core   0: 0x8000b9da (0x37e9da83) lhu     s5, 894(s3)
core   0: 3 0x8000b9da (0x37e9da83) x21 0x00000392 mem 0x8001b228
core   0: 0x8000b9de (0x4069cb03) lbu     s6, 1030(s3)
core   0: 3 0x8000b9de (0x4069cb03) x22 0x00000001 mem 0x8001b2b0
core   0: 0x8000b9e2 (0x40e98323) sb      a4, 1030(s3)
core   0: 3 0x8000b9e2 (0x40e98323) mem 0x8001b2b0 0x1
core   0: 0x8000b9e6 (0x0000717d) c.addi16sp sp, -16
core   0: 3 0x8000b9e6 (0x717d) x 2 0x1592aff0
core   0: 0x8000b9e8 (0xefe9da83) lhu     s5, -258(s3)
core   0: 3 0x8000b9e8 (0xefe9da83) x21 0x000025e5 mem 0x8001ada8
core   0: 0x8000b9ec (0xee899f23) sh      s0, -258(s3)
core   0: 3 0x8000b9ec (0xee899f23) mem 0x8001ada8 0x25e5
core   0: 0x8000b9f0 (0x019a9233) sll     tp, s5, s9
core   0: 3 0x8000b9f0 (0x019a9233) x 4 0x25e50000
core   0: 0x8000b9f4 (0xefe9d183) lhu     gp, -258(s3)
core   0: 3 0x8000b9f4 (0xefe9d183) x 3 0x000025e5 mem 0x8001ada8
core   0: 0x8000b9f8 (0x00006a95) c.lui   s5, 0x5
core   0: 3 0x8000b9f8 (0x6a95) x21 0x00005000
core   0: 0x8000b9fa (0xefe9a903) lw      s2, -258(s3)
core   0: 3 0x8000b9fa (0xefe9a903) x18 0xc82825e5 mem 0x8001ada8
core   0: 0x8000b9fe (0xe209cc03) lbu     s8, -480(s3)
core   0: 3 0x8000b9fe (0xe209cc03) x24 0x000000ca mem 0x8001acca
core   0: 0x8000ba02 (0xc2098e03) lb      t3, -992(s3)
core   0: 3 0x8000ba02 (0xc2098e03) x28 0x00000030 mem 0x8001aaca
core   0: 0x8000ba06 (0x00007f17) auipc   t5, 0x7
core   0: 3 0x8000ba06 (0x00007f17) x30 0x80012a06
core   0: 0x8000ba0a (0x808f0f13) addi    t5, t5, -2040
core   0: 3 0x8000ba0a (0x808f0f13) x30 0x8001220e
core   0: 0x8000ba0e (0x00013297) auipc   t0, 0x13
core   0: 3 0x8000ba0e (0x00013297) x 5 0x8001ea0e
core   0: 0x8000ba12 (0x90c28293) addi    t0, t0, -1780
core   0: 3 0x8000ba12 (0x90c28293) x 5 0x8001e31a
core   0: 0x8000ba16 (0x5a6287a3) sb      t1, 1455(t0)
core   0: 3 0x8000ba16 (0x5a6287a3) mem 0x8001e8c9 0x0
core   0: 0x8000ba1a (0x07c280a3) sb      t3, 97(t0)
core   0: 3 0x8000ba1a (0x07c280a3) mem 0x8001e37b 0x30
core   0: 0x8000ba1e (0x02ff0c83) lb      s9, 47(t5)
core   0: 3 0x8000ba1e (0x02ff0c83) x25 0x0000006c mem 0x8001223d
core   0: 0x8000ba22 (0x97128083) lb      ra, -1679(t0)
core   0: 3 0x8000ba22 (0x97128083) x 1 0x00000009 mem 0x8001dc8b
core   0: 0x8000ba26 (0x84f28b03) lb      s6, -1969(t0)
core   0: 3 0x8000ba26 (0x84f28b03) x22 0xffffff88 mem 0x8001db69
core   0: 0x8000ba2a (0xfeef1883) lh      a7, -18(t5)
core   0: 3 0x8000ba2a (0xfeef1883) x17 0x00006d12 mem 0x800121fc
core   0: 0x8000ba2e (0x29d2cc83) lbu     s9, 669(t0)
core   0: 3 0x8000ba2e (0x29d2cc83) x25 0x000000ad mem 0x8001e5b7
core   0: 0x8000ba32 (0x02cf4d83) lbu     s11, 44(t5)
core   0: 3 0x8000ba32 (0x02cf4d83) x27 0x0000000d mem 0x8001223a
core   0: 0x8000ba36 (0x026f4783) lbu     a5, 38(t5)
core   0: 3 0x8000ba36 (0x026f4783) x15 0x00000087 mem 0x80012234
core   0: 0x8000ba3a (0x48e2a003) lw      zero, 1166(t0)
core   0: 3 0x8000ba3a (0x48e2a003) mem 0x8001e7a8
core   0: 0x8000ba3e (0x9f128d03) lb      s10, -1551(t0)
core   0: 3 0x8000ba3e (0x9f128d03) x26 0x0000001f mem 0x8001dd0b
core   0: 0x8000ba42 (0x005f4183) lbu     gp, 5(t5)
core   0: 3 0x8000ba42 (0x005f4183) x 3 0x00000018 mem 0x80012213
core   0: 0x8000ba46 (0xfc8f5d83) lhu     s11, -56(t5)
core   0: 3 0x8000ba46 (0xfc8f5d83) x27 0x00000000 mem 0x800121d6
core   0: 0x8000ba4a (0x4bb28e03) lb      t3, 1211(t0)
core   0: 3 0x8000ba4a (0x4bb28e03) x28 0xffffffdc mem 0x8001e7d5
core   0: 0x8000ba4e (0x00008e97) auipc   t4, 0x8
core   0: 3 0x8000ba4e (0x00008e97) x29 0x80013a4e
core   0: 0x8000ba52 (0xc6ee8e93) addi    t4, t4, -914
core   0: 3 0x8000ba52 (0xc6ee8e93) x29 0x800136bc
core   0: 0x8000ba56 (0x0000ab17) auipc   s6, 0xa
core   0: 3 0x8000ba56 (0x0000ab17) x22 0x80015a56
core   0: 0x8000ba5a (0x183b0b13) addi    s6, s6, 387
core   0: 3 0x8000ba5a (0x183b0b13) x22 0x80015bd9
core   0: 0x8000ba5e (0x0000a617) auipc   a2, 0xa
core   0: 3 0x8000ba5e (0x0000a617) x12 0x80015a5e
core   0: 0x8000ba62 (0x50b60613) addi    a2, a2, 1291
core   0: 3 0x8000ba62 (0x50b60613) x12 0x80015f69
core   0: 0x8000ba66 (0x00eb0083) lb      ra, 14(s6)
core   0: 3 0x8000ba66 (0x00eb0083) x 1 0x00000000 mem 0x80015be7
core   0: 0x8000ba6a (0x09264d83) lbu     s11, 146(a2)
core   0: 3 0x8000ba6a (0x09264d83) x27 0x00000041 mem 0x80015ffb
core   0: 0x8000ba6e (0x3f3e8c83) lb      s9, 1011(t4)
core   0: 3 0x8000ba6e (0x3f3e8c83) x25 0x0000004c mem 0x80013aaf
core   0: 0x8000ba72 (0xff4b0a83) lb      s5, -12(s6)
core   0: 3 0x8000ba72 (0xff4b0a83) x21 0xffffffc5 mem 0x80015bcd
core   0: 0x8000ba76 (0xd3be8783) lb      a5, -709(t4)
core   0: 3 0x8000ba76 (0xd3be8783) x15 0x00000025 mem 0x800133f7
core   0: 0x8000ba7a (0xff2b0883) lb      a7, -14(s6)
core   0: 3 0x8000ba7a (0xff2b0883) x17 0x0000007e mem 0x80015bcb
core   0: 0x8000ba7e (0xac1e8a03) lb      s4, -1343(t4)
core   0: 3 0x8000ba7e (0xac1e8a03) x20 0xffffffeb mem 0x8001317d
core   0: 0x8000ba82 (0xb2f62503) lw      a0, -1233(a2)
core   0: 3 0x8000ba82 (0xb2f62503) x10 0xc0b5b9a0 mem 0x80015a98
core   0: 0x8000ba86 (0x656610a3) sh      s6, 1601(a2)
core   0: 3 0x8000ba86 (0x656610a3) mem 0x800165aa 0x5bd9
core   0: 0x8000ba8a (0x00bb0423) sb      a1, 8(s6)
core   0: 3 0x8000ba8a (0x00bb0423) mem 0x80015be1 0x0
core   0: 0x8000ba8e (0xc96ed703) lhu     a4, -874(t4)
core   0: 3 0x8000ba8e (0xc96ed703) x14 0x0000f6e2 mem 0x80013352
core   0: 0x8000ba92 (0x840616a3) sh      zero, -1971(a2)
core   0: 3 0x8000ba92 (0x840616a3) mem 0x800157b6 0x0000
core   0: 0x8000ba96 (0xfffb5403) lhu     s0, -1(s6)
core   0: 3 0x8000ba96 (0xfffb5403) x 8 0x0000245f mem 0x80015bd8
core   0: 0x8000ba9a (0x20de8e03) lb      t3, 525(t4)
core   0: 3 0x8000ba9a (0x20de8e03) x28 0xffffff87 mem 0x800138c9
core   0: 0x8000ba9e (0x003b16a3) sh      gp, 13(s6)
core   0: 3 0x8000ba9e (0x003b16a3) mem 0x80015be6 0x0018
core   0: 0x8000baa2 (0xbfaec003) lbu     zero, -1030(t4)
core   0: 3 0x8000baa2 (0xbfaec003) mem 0x800132b6
core   0: 0x8000baa6 (0xeb260703) lb      a4, -334(a2)
core   0: 3 0x8000baa6 (0xeb260703) x14 0xffffffa7 mem 0x80015e1b
core   0: 0x8000baaa (0xffab4f03) lbu     t5, -6(s6)
core   0: 3 0x8000baaa (0xffab4f03) x30 0x0000001d mem 0x80015bd3
core   0: 0x8000baae (0x6b660b23) sb      s6, 1718(a2)
core   0: 3 0x8000baae (0x6b660b23) mem 0x8001661f 0xd9
core   0: 0x8000bab2 (0x00017217) auipc   tp, 0x17
core   0: 3 0x8000bab2 (0x00017217) x 4 0x80022ab2
core   0: 0x8000bab6 (0x5aa20213) addi    tp, tp, 1450
core   0: 3 0x8000bab6 (0x5aa20213) x 4 0x8002305c
core   0: 0x8000baba (0x5adaf637) lui     a2, 0x5adaf
core   0: 3 0x8000baba (0x5adaf637) x12 0x5adaf000
core   0: 0x8000babe (0x00000a62) c.slli  s4, 24
core   0: 3 0x8000babe (0x0a62) x20 0xeb000000
core   0: 0x8000bac0 (0x01b058b3) srl     a7, zero, s11
core   0: 3 0x8000bac0 (0x01b058b3) x17 0x00000000
core   0: 0x8000bac4 (0x0217c9b3) div     s3, a5, ra
core   0: 3 0x8000bac4 (0x0217c9b3) x19 0xffffffff
core   0: 0x8000bac8 (0x0050e9b3) or      s3, ra, t0
core   0: 3 0x8000bac8 (0x0050e9b3) x19 0x8001e31a
core   0: 0x8000bacc (0x140220af) lr.w    ra, (tp)
core   0: 3 0x8000bacc (0x140220af) x 1 0x80076bfb mem 0x8002305c
core   0: 0x8000bad0 (0x00001b80) c.addi4spn s0, sp, 496
core   0: 3 0x8000bad0 (0x1b80) x 8 0x1592b1e0
core   0: 0x8000bad2 (0x002c9fb3) sll     t6, s9, sp
core   0: 3 0x8000bad2 (0x002c9fb3) x31 0x004c0000
core   0: 0x8000bad6 (0x00000001) c.nop
core   0: 3 0x8000bad6 (0x0001)
core   0: 0x8000bad8 (0x0000863d) c.srai  a2, 15
core   0: 3 0x8000bad8 (0x863d) x12 0x0000b5b5
core   0: 0x8000bada (0x00008cad) c.xor   s1, a1
core   0: 3 0x8000bada (0x8cad) x 9 0x00000000
core   0: 0x8000badc (0x405e0a33) sub     s4, t3, t0
core   0: 3 0x8000badc (0x405e0a33) x20 0x7ffe1c6d
core   0: 0x8000bae0 (0x006bdab3) srl     s5, s7, t1
core   0: 3 0x8000bae0 (0x006bdab3) x21 0x00000001
core   0: 0x8000bae4 (0x02eabdb3) mulhu   s11, s5, a4
core   0: 3 0x8000bae4 (0x02eabdb3) x27 0x00000000
core   0: 0x8000bae8 (0x18422d2f) sc.w    s10, tp, (tp)
core   0: 3 0x8000bae8 (0x18422d2f) x26 0x00000000 mem 0x8002305c 0x8002305c
core   0: 0x8000baec (0x00007d97) auipc   s11, 0x7
core   0: 3 0x8000baec (0x00007d97) x27 0x80012aec
core   0: 0x8000baf0 (0x834d8d93) addi    s11, s11, -1996
core   0: 3 0x8000baf0 (0x834d8d93) x27 0x80012320
core   0: 0x8000baf4 (0x00012e97) auipc   t4, 0x12
core   0: 3 0x8000baf4 (0x00012e97) x29 0x8001daf4
core   0: 0x8000baf8 (0x0cbe8e93) addi    t4, t4, 203
core   0: 3 0x8000baf8 (0x0cbe8e93) x29 0x8001dbbf
core   0: 0x8000bafc (0xfe7d8c23) sb      t2, -8(s11)
core   0: 3 0x8000bafc (0xfe7d8c23) mem 0x80012318 0x0
core   0: 0x8000bb00 (0xfe8e91a3) sh      s0, -29(t4)
core   0: 3 0x8000bb00 (0xfe8e91a3) mem 0x8001dba2 0xb1e0
core   0: 0x8000bb04 (0x00bdc703) lbu     a4, 11(s11)
core   0: 3 0x8000bb04 (0x00bdc703) x14 0x000000cc mem 0x8001232b
core   0: 0x8000bb08 (0x013d8603) lb      a2, 19(s11)
core   0: 3 0x8000bb08 (0x013d8603) x12 0xffffffce mem 0x80012333
core   0: 0x8000bb0c (0xffcd8ea3) sb      t3, -3(s11)
core   0: 3 0x8000bb0c (0xffcd8ea3) mem 0x8001231d 0x87
core   0: 0x8000bb10 (0x036e9ba3) sh      s6, 55(t4)
core   0: 3 0x8000bb10 (0x036e9ba3) mem 0x8001dbf6 0x5bd9
core   0: 0x8000bb14 (0xff6e8603) lb      a2, -10(t4)
core   0: 3 0x8000bb14 (0xff6e8603) x12 0x00000008 mem 0x8001dbb5
core   0: 0x8000bb18 (0x016d8c03) lb      s8, 22(s11)
core   0: 3 0x8000bb18 (0x016d8c03) x24 0x00000059 mem 0x80012336
core   0: 0x8000bb1c (0xffdea183) lw      gp, -3(t4)
core   0: 3 0x8000bb1c (0xffdea183) x 3 0x3ebce3f9 mem 0x8001dbbc
core   0: 0x8000bb20 (0xfd7da623) sw      s7, -52(s11)
core   0: 3 0x8000bb20 (0xfd7da623) mem 0x800122ec 0x00000001
core   0: 0x8000bb24 (0x036dda83) lhu     s5, 54(s11)
core   0: 3 0x8000bb24 (0x036dda83) x21 0x0000b6ac mem 0x80012356
core   0: 0x8000bb28 (0x00fe9003) lh      zero, 15(t4)
core   0: 3 0x8000bb28 (0x00fe9003) mem 0x8001dbce
core   0: 0x8000bb2c (0x00dd9323) sh      a3, 6(s11)
core   0: 3 0x8000bb2c (0x00dd9323) mem 0x80012326 0xbd24
core   0: 0x8000bb30 (0x026e8723) sb      t1, 46(t4)
core   0: 3 0x8000bb30 (0x026e8723) mem 0x8001dbed 0x0
core   0: 0x8000bb34 (0xfe6e8303) lb      t1, -26(t4)
core   0: 3 0x8000bb34 (0xfe6e8303) x 6 0xffffff83 mem 0x8001dba5
core   0: 0x8000bb38 (0xfefe8603) lb      a2, -17(t4)
core   0: 3 0x8000bb38 (0xfefe8603) x12 0xffffffc7 mem 0x8001dbae
core   0: 0x8000bb3c (0x00007617) auipc   a2, 0x7
core   0: 3 0x8000bb3c (0x00007617) x12 0x80012b3c
core   0: 0x8000bb40 (0x9ad60613) addi    a2, a2, -1619
core   0: 3 0x8000bb40 (0x9ad60613) x12 0x800124e9
core   0: 0x8000bb44 (0xfc561e83) lh      t4, -59(a2)
core   0: 3 0x8000bb44 (0xfc561e83) x29 0xffffd3f6 mem 0x800124ae
core   0: 0x8000bb48 (0x00016597) auipc   a1, 0x16
core   0: 3 0x8000bb48 (0x00016597) x11 0x80021b48
core   0: 0x8000bb4c (0xee158593) addi    a1, a1, -287
core   0: 3 0x8000bb4c (0xee158593) x11 0x80021a29
core   0: 0x8000bb50 (0xfd765a03) lhu     s4, -41(a2)
core   0: 3 0x8000bb50 (0xfd765a03) x20 0x00006865 mem 0x800124c0
core   0: 0x8000bb54 (0xd2058323) sb      zero, -730(a1)
core   0: 3 0x8000bb54 (0xd2058323) mem 0x8002174f 0x0
core   0: 0x8000bb58 (0x4c058623) sb      zero, 1228(a1)
core   0: 3 0x8000bb58 (0x4c058623) mem 0x80021ef5 0x0
core   0: 0x8000bb5c (0x56c5c083) lbu     ra, 1388(a1)
core   0: 3 0x8000bb5c (0x56c5c083) x 1 0x000000f3 mem 0x80021f95
core   0: 0x8000bb60 (0x01a64103) lbu     sp, 26(a2)
core   0: 3 0x8000bb60 (0x01a64103) x 2 0x0000001c mem 0x80012503
core   0: 0x8000bb64 (0x03460403) lb      s0, 52(a2)
core   0: 3 0x8000bb64 (0x03460403) x 8 0xffffffcb mem 0x8001251d
core   0: 0x8000bb68 (0xce559da3) sh      t0, -773(a1)
core   0: 3 0x8000bb68 (0xce559da3) mem 0x80021724 0xe31a
core   0: 0x8000bb6c (0x00064d83) lbu     s11, 0(a2)
core   0: 3 0x8000bb6c (0x00064d83) x27 0x00000090 mem 0x800124e9
core   0: 0x8000bb70 (0xb795d703) lhu     a4, -1159(a1)
core   0: 3 0x8000bb70 (0xb795d703) x14 0x00003b1b mem 0x800215a2
core   0: 0x8000bb74 (0x02560f83) lb      t6, 37(a2)
core   0: 3 0x8000bb74 (0x02560f83) x31 0xfffffff7 mem 0x8001250e
core   0: 0x8000bb78 (0x62f58923) sb      a5, 1586(a1)
core   0: 3 0x8000bb78 (0x62f58923) mem 0x8002205b 0x25
core   0: 0x8000bb7c (0xfcc60b83) lb      s7, -52(a2)
core   0: 3 0x8000bb7c (0xfcc60b83) x23 0xffffff8f mem 0x800124b5
core   0: 0x8000bb80 (0x9ff58e03) lb      t3, -1537(a1)
core   0: 3 0x8000bb80 (0x9ff58e03) x28 0x00000039 mem 0x80021428
core   0: 0x8000bb84 (0xfd660183) lb      gp, -42(a2)
core   0: 3 0x8000bb84 (0xfd660183) x 3 0x0000001f mem 0x800124bf
core   0: 0x8000bb88 (0x48158a23) sb      ra, 1172(a1)
core   0: 3 0x8000bb88 (0x48158a23) mem 0x80021ebd 0xf3
core   0: 0x8000bb8c (0xfce60123) sb      a4, -62(a2)
core   0: 3 0x8000bb8c (0xfce60123) mem 0x800124ab 0x1b
core   0: 0x8000bb90 (0x00017317) auipc   t1, 0x17
core   0: 3 0x8000bb90 (0x00017317) x 6 0x80022b90
core   0: 0x8000bb94 (0x4e430313) addi    t1, t1, 1252
core   0: 3 0x8000bb94 (0x4e430313) x 6 0x80023074
core   0: 0x8000bb98 (0x12032e2f) lr.w    t3, (t1)
core   0: 3 0x8000bb98 (0x12032e2f) x28 0x7ffdcf84 mem 0x80023074
core   0: 0x8000bb9c (0x18820d93) addi    s11, tp, 392
core   0: 3 0x8000bb9c (0x18820d93) x27 0x800231e4
core   0: 0x8000bba0 (0x0258e5b3) rem     a1, a7, t0
core   0: 3 0x8000bba0 (0x0258e5b3) x11 0x00000000
core   0: 0x8000bba4 (0x017c87b3) add     a5, s9, s7
core   0: 3 0x8000bba4 (0x017c87b3) x15 0xffffffdb
core   0: 0x8000bba8 (0x00000001) c.nop
core   0: 3 0x8000bba8 (0x0001)
core   0: 0x8000bbaa (0xe50d29b7) lui     s3, 0xe50d2
core   0: 3 0x8000bbaa (0xe50d29b7) x19 0xe50d2000
core   0: 0x8000bbae (0x0000092e) c.slli  s2, 11
core   0: 3 0x8000bbae (0x092e) x18 0x412f2800
core   0: 0x8000bbb0 (0x002821b3) slt     gp, a6, sp
core   0: 3 0x8000bbb0 (0x002821b3) x 3 0x00000001
core   0: 0x8000bbb4 (0x019a42b3) xor     t0, s4, s9
core   0: 3 0x8000bbb4 (0x019a42b3) x 5 0x00006829
core   0: 0x8000bbb8 (0x196325af) sc.w    a1, s6, (t1)
core   0: 3 0x8000bbb8 (0x196325af) x11 0x00000000 mem 0x80023074 0x80015bd9
core   0: 0x8000bbbc (0x00017797) auipc   a5, 0x17
core   0: 3 0x8000bbbc (0x00017797) x15 0x80022bbc
core   0: 0x8000bbc0 (0x49878793) addi    a5, a5, 1176
core   0: 3 0x8000bbc0 (0x49878793) x15 0x80023054
core   0: 0x8000bbc4 (0x00017717) auipc   a4, 0x17
core   0: 3 0x8000bbc4 (0x00017717) x14 0x80022bc4
core   0: 0x8000bbc8 (0x48c70713) addi    a4, a4, 1164
core   0: 3 0x8000bbc8 (0x48c70713) x14 0x80023050
core   0: 0x8000bbcc (0x00017497) auipc   s1, 0x17
core   0: 3 0x8000bbcc (0x00017497) x 9 0x80022bcc
core   0: 0x8000bbd0 (0x48c48493) addi    s1, s1, 1164
core   0: 3 0x8000bbd0 (0x48c48493) x 9 0x80023058
core   0: 0x8000bbd4 (0x0187afaf) amoadd.w t6, s8, (a5)
core   0: 3 0x8000bbd4 (0x0187afaf) x31 0x80023070 mem 0x80023054 mem 0x80023054 0x800230c9
core   0: 0x8000bbd8 (0x0534a52f) amoadd.w a0, s3, (s1)
core   0: 3 0x8000bbd8 (0x0534a52f) x10 0x00000000 mem 0x80023058 mem 0x80023058 0xe50d2000
core   0: 0x8000bbdc (0x04e725af) amoadd.w a1, a4, (a4)
core   0: 3 0x8000bbdc (0x04e725af) x11 0xffffb217 mem 0x80023050 mem 0x80023050 0x8001e267
core   0: 0x8000bbe0 (0xe417a9af) amomaxu.w s3, ra, (a5)
core   0: 3 0x8000bbe0 (0xe417a9af) x19 0x800230c9 mem 0x80023054 mem 0x80023054 0x800230c9
core   0: 0x8000bbe4 (0x00017d97) auipc   s11, 0x17
core   0: 3 0x8000bbe4 (0x00017d97) x27 0x80022be4
core   0: 0x8000bbe8 (0x488d8d93) addi    s11, s11, 1160
core   0: 3 0x8000bbe8 (0x488d8d93) x27 0x8002306c
core   0: 0x8000bbec (0x00017597) auipc   a1, 0x17
core   0: 3 0x8000bbec (0x00017597) x11 0x80022bec
core   0: 0x8000bbf0 (0x48858593) addi    a1, a1, 1160
core   0: 3 0x8000bbf0 (0x48858593) x11 0x80023074
core   0: 0x8000bbf4 (0x00017497) auipc   s1, 0x17
core   0: 3 0x8000bbf4 (0x00017497) x 9 0x80022bf4
core   0: 0x8000bbf8 (0x46448493) addi    s1, s1, 1124
core   0: 3 0x8000bbf8 (0x46448493) x 9 0x80023058
core   0: 0x8000bbfc (0xe27fa113) slti    sp, t6, -473
core   0: 3 0x8000bbfc (0xe27fa113) x 2 0x00000001
core   0: 0x8000bc00 (0x0514a9af) amoadd.w s3, a7, (s1)
core   0: 3 0x8000bc00 (0x0514a9af) x19 0xe50d2000 mem 0x80023058 mem 0x80023058 0xe50d2000
core   0: 0x8000bc04 (0x028b6bb3) rem     s7, s6, s0
core   0: 3 0x8000bc04 (0x028b6bb3) x23 0xfffffff4
core   0: 0x8000bc08 (0x0000100f) fence.i
core   0: 3 0x8000bc08 (0x0000100f)
core   0: 0x8000bc0c (0xc4eda8af) amominu.w a7, a4, (s11)
core   0: 3 0x8000bc0c (0xc4eda8af) x17 0x000032b0 mem 0x8002306c mem 0x8002306c 0x000032b0
core   0: 0x8000bc10 (0x62a4aaaf) amoand.w s5, a0, (s1)
core   0: 3 0x8000bc10 (0x62a4aaaf) x21 0xe50d2000 mem 0x80023058 mem 0x80023058 0x00000000
core   0: 0x8000bc14 (0x0985aaaf) amoswap.w s5, s8, (a1)
core   0: 3 0x8000bc14 (0x0985aaaf) x21 0x80015bd9 mem 0x80023074 mem 0x80023074 0x00000059
core   0: 0x8000bc18 (0xa154a8af) amomax.w a7, s5, (s1)
core   0: 3 0x8000bc18 (0xa154a8af) x17 0x00000000 mem 0x80023058 mem 0x80023058 0x00000000
core   0: 0x8000bc1c (0x4324ac2f) amoor.w s8, s2, (s1)
core   0: 3 0x8000bc1c (0x4324ac2f) x24 0x00000000 mem 0x80023058 mem 0x80023058 0x412f2800
core   0: 0x8000bc20 (0x20fda72f) amoxor.w a4, a5, (s11)
core   0: 3 0x8000bc20 (0x20fda72f) x14 0x000032b0 mem 0x8002306c mem 0x8002306c 0x800202e4
core   0: 0x8000bc24 (0x00012f97) auipc   t6, 0x12
core   0: 3 0x8000bc24 (0x00012f97) x31 0x8001dc24
core   0: 0x8000bc28 (0x178f8f93) addi    t6, t6, 376
core   0: 3 0x8000bc28 (0x178f8f93) x31 0x8001dd9c
core   0: 0x8000bc2c (0x00007b17) auipc   s6, 0x7
core   0: 3 0x8000bc2c (0x00007b17) x22 0x80012c2c
core   0: 0x8000bc30 (0xe94b0b13) addi    s6, s6, -364
core   0: 3 0x8000bc30 (0xe94b0b13) x22 0x80012ac0
core   0: 0x8000bc34 (0x00af8903) lb      s2, 10(t6)
core   0: 3 0x8000bc34 (0x00af8903) x18 0x00000055 mem 0x8001dda6
core   0: 0x8000bc38 (0x2eab0c83) lb      s9, 746(s6)
core   0: 3 0x8000bc38 (0x2eab0c83) x25 0xffffff99 mem 0x80012daa
core   0: 0x8000bc3c (0x545b0d03) lb      s10, 1349(s6)
core   0: 3 0x8000bc3c (0x545b0d03) x26 0x00000015 mem 0x80013005
core   0: 0x8000bc40 (0xfe2fdd03) lhu     s10, -30(t6)
core   0: 3 0x8000bc40 (0xfe2fdd03) x26 0x0000b189 mem 0x8001dd7e
core   0: 0x8000bc44 (0x531b4603) lbu     a2, 1329(s6)
core   0: 3 0x8000bc44 (0x531b4603) x12 0x00000027 mem 0x80012ff1
core   0: 0x8000bc48 (0xfc2f8b83) lb      s7, -62(t6)
core   0: 3 0x8000bc48 (0xfc2f8b83) x23 0xffffffe8 mem 0x8001dd5e
core   0: 0x8000bc4c (0x03efae23) sw      t5, 60(t6)
core   0: 3 0x8000bc4c (0x03efae23) mem 0x8001ddd8 0x0000001d
core   0: 0x8000bc50 (0x12eb4d83) lbu     s11, 302(s6)
core   0: 3 0x8000bc50 (0x12eb4d83) x27 0x000000ff mem 0x80012bee
core   0: 0x8000bc54 (0x412b1323) sh      s2, 1030(s6)
core   0: 3 0x8000bc54 (0x412b1323) mem 0x80012ec6 0x0055
core   0: 0x8000bc58 (0xfe0f8f23) sb      zero, -2(t6)
core   0: 3 0x8000bc58 (0xfe0f8f23) mem 0x8001dd9a 0x0
core   0: 0x8000bc5c (0x00017b17) auipc   s6, 0x17
core   0: 3 0x8000bc5c (0x00017b17) x22 0x80022c5c
core   0: 0x8000bc60 (0x40cb0b13) addi    s6, s6, 1036
core   0: 3 0x8000bc60 (0x40cb0b13) x22 0x80023068
core   0: 0x8000bc64 (0x00d465b3) or      a1, s0, a3
core   0: 3 0x8000bc64 (0x00d465b3) x11 0xffffffef
core   0: 0x8000bc68 (0x00008521) c.srai  a0, 8
core   0: 3 0x8000bc68 (0x8521) x10 0x00000000
core   0: 0x8000bc6a (0x140b20af) lr.w    ra, (s6)
core   0: 3 0x8000bc6a (0x140b20af) x 1 0x0000e000 mem 0x80023068
core   0: 0x8000bc6e (0x03e0fd33) remu    s10, ra, t5
core   0: 3 0x8000bc6e (0x03e0fd33) x26 0x0000000b
core   0: 0x8000bc72 (0x00000ab2) c.slli  s5, 12
core   0: 3 0x8000bc72 (0x0ab2) x21 0x15bd9000
core   0: 0x8000bc74 (0x1858c893) xori    a7, a7, 389
core   0: 3 0x8000bc74 (0x1858c893) x17 0x00000185
core   0: 0x8000bc78 (0xa91ef317) auipc   t1, 0xa91ef
core   0: 3 0x8000bc78 (0xa91ef317) x 6 0x291fac78
core   0: 0x8000bc7c (0x000007ae) c.slli  a5, 11
core   0: 3 0x8000bc7c (0x07ae) x15 0x1182a000
core   0: 0x8000bc7e (0xfd42c413) xori    s0, t0, -44
core   0: 3 0x8000bc7e (0xfd42c413) x 8 0xffff97fd
core   0: 0x8000bc82 (0x00000001) c.nop
core   0: 3 0x8000bc82 (0x0001)
core   0: 0x8000bc84 (0x000007fa) c.slli  a5, 30
core   0: 3 0x8000bc84 (0x07fa) x15 0x00000000
core   0: 0x8000bc86 (0x6d80aa93) slti    s5, ra, 1752
core   0: 3 0x8000bc86 (0x6d80aa93) x21 0x00000000
core   0: 0x8000bc8a (0x0380bcb3) mulhu   s9, ra, s8
core   0: 3 0x8000bc8a (0x0380bcb3) x25 0x00000000
core   0: 0x8000bc8e (0x19bb2daf) sc.w    s11, s11, (s6)
core   0: 3 0x8000bc8e (0x19bb2daf) x27 0x00000000 mem 0x80023068 0x000000ff
core   0: 0x8000bc92 (0x00008ca1) c.xor   s1, s0
core   0: 3 0x8000bc92 (0x8ca1) x 9 0x7ffda7a5
core   0: 0x8000bc94 (0x01685893) srli    a7, a6, 22
core   0: 3 0x8000bc94 (0x01685893) x17 0x00000200
core   0: 0x8000bc98 (0x01eb6433) or      s0, s6, t5
core   0: 3 0x8000bc98 (0x01eb6433) x 8 0x8002307d
core   0: 0x8000bc9c (0x00b19b93) slli    s7, gp, 11
core   0: 3 0x8000bc9c (0x00b19b93) x23 0x00000800
core   0: 0x8000bca0 (0x6d281e97) auipc   t4, 0x6d281
core   0: 3 0x8000bca0 (0x6d281e97) x29 0xed28cca0
core   0: 0x8000bca4 (0x0000100f) fence.i
core   0: 3 0x8000bca4 (0x0000100f)
core   0: 0x8000bca8 (0x01103eb3) snez    t4, a7
core   0: 3 0x8000bca8 (0x01103eb3) x29 0x00000001
core   0: 0x8000bcac (0x0024df33) srl     t5, s1, sp
core   0: 3 0x8000bcac (0x0024df33) x30 0x3ffed3d2
core   0: 0x8000bcb0 (0x4090dc13) srai    s8, ra, 9
core   0: 3 0x8000bcb0 (0x4090dc13) x24 0x00000070
core   0: 0x8000bcb4 (0x0000100f) fence.i
core   0: 3 0x8000bcb4 (0x0000100f)
core   0: 0x8000bcb8 (0x40ea5113) srai    sp, s4, 14
core   0: 3 0x8000bcb8 (0x40ea5113) x 2 0x00000001
core   0: 0x8000bcbc (0x00008d65) c.and   a0, s1
core   0: 3 0x8000bcbc (0x8d65) x10 0x00000000
core   0: 0x8000bcbe (0xee0c3193) sltiu   gp, s8, -288
core   0: 3 0x8000bcbe (0xee0c3193) x 3 0x00000001
core   0: 0x8000bcc2 (0x02e9c863) blt     s3, a4, pc + 48
core   0: 3 0x8000bcc2 (0x02e9c863)
core   0: 0x8000bcf2 (0x0000997d) c.andi  a0, -1
core   0: 3 0x8000bcf2 (0x997d) x10 0x00000000
core   0: 0x8000bcf4 (0x0000717d) c.addi16sp sp, -16
core   0: 3 0x8000bcf4 (0x717d) x 2 0xfffffff1
core   0: 0x8000bcf6 (0x41420b33) sub     s6, tp, s4
core   0: 3 0x8000bcf6 (0x41420b33) x22 0x8001c7f7
core   0: 0x8000bcfa (0x018674b3) and     s1, a2, s8
core   0: 3 0x8000bcfa (0x018674b3) x 9 0x00000020
core   0: 0x8000bcfe (0x03250033) mul     zero, a0, s2
core   0: 3 0x8000bcfe (0x03250033)
core   0: 0x8000bd02 (0x0000c881) c.beqz  s1, pc + 16
core   0: 3 0x8000bd02 (0xc881)
core   0: 0x8000bd04 (0x1c6a6a13) ori     s4, s4, 454
core   0: 3 0x8000bd04 (0x1c6a6a13) x20 0x000069e7
core   0: 0x8000bd08 (0x02f130b3) mulhu   ra, sp, a5
core   0: 3 0x8000bd08 (0x02f130b3) x 1 0x00000000
core   0: 0x8000bd0c (0x0000717d) c.addi16sp sp, -16
core   0: 3 0x8000bd0c (0x717d) x 2 0xffffffe1
core   0: 0x8000bd0e (0x01589033) sll     zero, a7, s5
core   0: 3 0x8000bd0e (0x01589033)
core   0: 0x8000bd12 (0x00008dc5) c.or    a1, s1
core   0: 3 0x8000bd12 (0x8dc5) x11 0xffffffef
core   0: 0x8000bd14 (0x00c76663) bltu    a4, a2, pc + 12
core   0: 3 0x8000bd14 (0x00c76663)
core   0: 0x8000bd18 (0x3832a913) slti    s2, t0, 899
core   0: 3 0x8000bd18 (0x3832a913) x18 0x00000000
core   0: 0x8000bd1c (0x0017df33) srl     t5, a5, ra
core   0: 3 0x8000bd1c (0x0017df33) x30 0x00000000
core   0: 0x8000bd20 (0x00008029) c.srli  s0, 10
core   0: 3 0x8000bd20 (0x8029) x 8 0x0020008c
core   0: 0x8000bd22 (0x00008b7d) c.andi  a4, 31
core   0: 3 0x8000bd22 (0x8b7d) x14 0x00000010
core   0: 0x8000bd24 (0x41625233) sra     tp, tp, s6
core   0: 3 0x8000bd24 (0x41625233) x 4 0xffffff00
core   0: 0x8000bd28 (0x04024063) bltz    tp, pc + 64
core   0: 3 0x8000bd28 (0x04024063)
core   0: 0x8000bd68 (0x0000161c) c.addi4spn a5, sp, 800
core   0: 3 0x8000bd68 (0x161c) x15 0x00000301
core   0: 0x8000bd6a (0x020dc5b3) div     a1, s11, zero
core   0: 3 0x8000bd6a (0x020dc5b3) x11 0xffffffff
core   0: 0x8000bd6e (0x00001390) c.addi4spn a2, sp, 480
core   0: 3 0x8000bd6e (0x1390) x12 0x000001c1
core   0: 0x8000bd70 (0x00fa2033) slt     zero, s4, a5
core   0: 3 0x8000bd70 (0x00fa2033)
core   0: 0x8000bd74 (0x00008e01) c.sub   a2, s0
core   0: 3 0x8000bd74 (0x8e01) x12 0xffe00135
core   0: 0x8000bd76 (0x00000001) c.nop
core   0: 3 0x8000bd76 (0x0001)
core   0: 0x8000bd78 (0x02581433) mulh    s0, a6, t0
core   0: 3 0x8000bd78 (0x02581433) x 8 0xffffcbec
core   0: 0x8000bd7c (0x02b3c2b3) div     t0, t2, a1
core   0: 3 0x8000bd7c (0x02b3c2b3) x 5 0x00000000
core   0: 0x8000bd80 (0x02b68563) beq     a3, a1, pc + 42
core   0: 3 0x8000bd80 (0x02b68563)
core   0: 0x8000bd84 (0x00008df9) c.and   a1, a4
core   0: 3 0x8000bd84 (0x8df9) x11 0x00000010
core   0: 0x8000bd86 (0x02d6cb63) blt     a3, a3, pc + 54
core   0: 3 0x8000bd86 (0x02d6cb63)
core   0: 0x8000bd8a (0x0ff0000f) fence   iorw,iorw
core   0: 3 0x8000bd8a (0x0ff0000f)
core   0: 0x8000bd8e (0xd469ef93) ori     t6, s3, -698
core   0: 3 0x8000bd8e (0xd469ef93) x31 0xfffffd46
core   0: 0x8000bd92 (0x01170933) add     s2, a4, a7
core   0: 3 0x8000bd92 (0x01170933) x18 0x00000210
core   0: 0x8000bd96 (0x404d0133) sub     sp, s10, tp
core   0: 3 0x8000bd96 (0x404d0133) x 2 0x0000010b
core   0: 0x8000bd9a (0x03baebb3) rem     s7, s5, s11
core   0: 3 0x8000bd9a (0x03baebb3) x23 0x00000000
core   0: 0x8000bd9e (0x6dfeac13) slti    s8, t4, 1759
core   0: 3 0x8000bd9e (0x6dfeac13) x24 0x00000001
core   0: 0x8000bda2 (0x000007bd) c.addi  a5, 15
core   0: 3 0x8000bda2 (0x07bd) x15 0x00000310
core   0: 0x8000bda4 (0x033fddb3) divu    s11, t6, s3
core   0: 3 0x8000bda4 (0x033fddb3) x27 0x00000001
core   0: 0x8000bda8 (0x00008ccd) c.or    s1, a1
core   0: 3 0x8000bda8 (0x8ccd) x 9 0x00000030
core   0: 0x8000bdaa (0x00407a63) bgeu    zero, tp, pc + 20
core   0: 3 0x8000bdaa (0x00407a63)
core   0: 0x8000bdae (0x61124a93) xori    s5, tp, 1553
core   0: 3 0x8000bdae (0x61124a93) x21 0xfffff911
core   0: 0x8000bdb2 (0x000084e1) c.srai  s1, 24
core   0: 3 0x8000bdb2 (0x84e1) x 9 0x00000000
core   0: 0x8000bdb4 (0x0100fab3) and     s5, ra, a6
core   0: 3 0x8000bdb4 (0x0100fab3) x21 0x00000000
core   0: 0x8000bdb8 (0x3fe3c313) xori    t1, t2, 1022
core   0: 3 0x8000bdb8 (0x3fe3c313) x 6 0x000003fe
core   0: 0x8000bdbc (0x0000ee15) c.bnez  a2, pc + 60
core   0: 3 0x8000bdbc (0xee15)
core   0: 0x8000bdf8 (0xdf1e7b93) andi    s7, t3, -527
core   0: 3 0x8000bdf8 (0xdf1e7b93) x23 0x7ffdcd80
core   0: 0x8000bdfc (0x0359e033) rem     zero, s3, s5
core   0: 3 0x8000bdfc (0x0359e033)
core   0: 0x8000be00 (0x039069b3) rem     s3, zero, s9
core   0: 3 0x8000be00 (0x039069b3) x19 0x00000000
core   0: 0x8000be04 (0x0000894a) c.mv    s2, s2
core   0: 3 0x8000be04 (0x894a) x18 0x00000210
core   0: 0x8000be06 (0x41940cb3) sub     s9, s0, s9
core   0: 3 0x8000be06 (0x41940cb3) x25 0xffffcbec
core   0: 0x8000be0a (0x4057d7b3) sra     a5, a5, t0
core   0: 3 0x8000be0a (0x4057d7b3) x15 0x00000310
core   0: 0x8000be0e (0x000081b1) c.srli  a1, 12
core   0: 3 0x8000be0e (0x81b1) x11 0x00000000
core   0: 0x8000be10 (0x2453ec13) ori     s8, t2, 581
core   0: 3 0x8000be10 (0x2453ec13) x24 0x00000245
core   0: 0x8000be14 (0x41d55893) srai    a7, a0, 29
core   0: 3 0x8000be14 (0x41d55893) x17 0x00000000
core   0: 0x8000be18 (0xa3fb91b7) lui     gp, 0xa3fb9
core   0: 3 0x8000be18 (0xa3fb91b7) x 3 0xa3fb9000
core   0: 0x8000be1c (0x978a2637) lui     a2, 0x978a2
core   0: 3 0x8000be1c (0x978a2637) x12 0x978a2000
core   0: 0x8000be20 (0x03dd7b63) bgeu    s10, t4, pc + 54
core   0: 3 0x8000be20 (0x03dd7b63)
core   0: 0x8000be56 (0x0000717d) c.addi16sp sp, -16
core   0: 3 0x8000be56 (0x717d) x 2 0x000000fb
core   0: 0x8000be58 (0x02511c63) bne     sp, t0, pc + 56
core   0: 3 0x8000be58 (0x02511c63)
core   0: 0x8000be90 (0x0030b033) sltu    zero, ra, gp
core   0: 3 0x8000be90 (0x0030b033)
core   0: 0x8000be94 (0x00008cc9) c.or    s1, a0
core   0: 3 0x8000be94 (0x8cc9) x 9 0x00000000
core   0: 0x8000be96 (0x02c14663) blt     sp, a2, pc + 44
core   0: 3 0x8000be96 (0x02c14663)
core   0: 0x8000be9a (0x00001b90) c.addi4spn a2, sp, 496
core   0: 3 0x8000be9a (0x1b90) x12 0x000002eb
core   0: 0x8000be9c (0x000099fd) c.andi  a1, -1
core   0: 3 0x8000be9c (0x99fd) x11 0x00000000
core   0: 0x8000be9e (0x00008e75) c.and   a2, a3
core   0: 3 0x8000be9e (0x8e75) x12 0x00000020
core   0: 0x8000bea0 (0x4daf6097) auipc   ra, 0x4daf6
core   0: 3 0x8000bea0 (0x4daf6097) x 1 0xcdb01ea0
core   0: 0x8000bea4 (0x01980f33) add     t5, a6, s9
core   0: 3 0x8000bea4 (0x01980f33) x30 0x80024a68
core   0: 0x8000bea8 (0x00001d84) c.addi4spn s1, sp, 752
core   0: 3 0x8000bea8 (0x1d84) x 9 0x000003eb
core   0: 0x8000beaa (0x00001b08) c.addi4spn a0, sp, 432
core   0: 3 0x8000beaa (0x1b08) x10 0x000002ab
core   0: 0x8000beac (0x0000e119) c.bnez  a0, pc + 6
core   0: 3 0x8000beac (0xe119)
core   0: 0x8000beb2 (0x02cdfdb3) remu    s11, s11, a2
core   0: 3 0x8000beb2 (0x02cdfdb3) x27 0x00000001
core   0: 0x8000beb6 (0x00009f1a) c.add   t5, t1
core   0: 3 0x8000beb6 (0x9f1a) x30 0x80024e66
core   0: 0x8000beb8 (0x00000001) c.nop
core   0: 3 0x8000beb8 (0x0001)
core   0: 0x8000beba (0x02638763) beq     t2, t1, pc + 46
core   0: 3 0x8000beba (0x02638763)
core   0: 0x8000bebe (0x4012d893) srai    a7, t0, 1
core   0: 3 0x8000bebe (0x4012d893) x17 0x00000000
core   0: 0x8000bec2 (0x41978cb3) sub     s9, a5, s9
core   0: 3 0x8000bec2 (0x41978cb3) x25 0x00003724
core   0: 0x8000bec6 (0x0000e51d) c.bnez  a0, pc + 46
core   0: 3 0x8000bec6 (0xe51d)
core   0: 0x8000bef4 (0x0000e481) c.bnez  s1, pc + 8
core   0: 3 0x8000bef4 (0xe481)
core   0: 0x8000befc (0x0261c063) blt     gp, t1, pc + 32
core   0: 3 0x8000befc (0x0261c063)
core   0: 0x8000bf1c (0x0000e19d) c.bnez  a1, pc + 38
core   0: 3 0x8000bf1c (0xe19d)
core   0: 0x8000bf1e (0x02d64f33) div     t5, a2, a3
core   0: 3 0x8000bf1e (0x02d64f33) x30 0x00000000
core   0: 0x8000bf22 (0x00009a7d) c.andi  a2, -1
core   0: 3 0x8000bf22 (0x9a7d) x12 0x00000020
core   0: 0x8000bf24 (0x00169c33) sll     s8, a3, ra
core   0: 3 0x8000bf24 (0x00169c33) x24 0x8002bd24
core   0: 0x8000bf28 (0x000084ce) c.mv    s1, s3
core   0: 3 0x8000bf28 (0x84ce) x 9 0x00000000
core   0: 0x8000bf2a (0xbce46413) ori     s0, s0, -1074
core   0: 3 0x8000bf2a (0xbce46413) x 8 0xfffffbee
core   0: 0x8000bf2e (0x00008fb1) c.xor   a5, a2
core   0: 3 0x8000bf2e (0x8fb1) x15 0x00000330
core   0: 0x8000bf30 (0x000087ee) c.mv    a5, s11
core   0: 3 0x8000bf30 (0x87ee) x15 0x00000001
core   0: 0x8000bf32 (0x0050deb3) srl     t4, ra, t0
core   0: 3 0x8000bf32 (0x0050deb3) x29 0xcdb01ea0
core   0: 0x8000bf36 (0x00000001) c.nop
core   0: 3 0x8000bf36 (0x0001)
core   0: 0x8000bf38 (0x00000a98) c.addi4spn a4, sp, 336
core   0: 3 0x8000bf38 (0x0a98) x14 0x0000024b
core   0: 0x8000bf3a (0x453bc413) xori    s0, s7, 1107
core   0: 3 0x8000bf3a (0x453bc413) x 8 0x7ffdc9d3
core   0: 0x8000bf3e (0x02660363) beq     a2, t1, pc + 38
core   0: 3 0x8000bf3e (0x02660363)
core   0: 0x8000bf42 (0x0541c063) blt     gp, s4, pc + 64
core   0: 3 0x8000bf42 (0x0541c063)
core   0: 0x8000bf82 (0x03279433) mulh    s0, a5, s2
core   0: 3 0x8000bf82 (0x03279433) x 8 0x00000000
core   0: 0x8000bf86 (0x037991b3) mulh    gp, s3, s7
core   0: 3 0x8000bf86 (0x037991b3) x 3 0x00000000
core   0: 0x8000bf8a (0x00000318) c.addi4spn a4, sp, 384
core   0: 3 0x8000bf8a (0x0318) x14 0x0000027b
core   0: 0x8000bf8c (0x00ae1133) sll     sp, t3, a0
core   0: 3 0x8000bf8c (0x00ae1133) x 2 0xee7c2000
core   0: 0x8000bf90 (0x00008dda) c.mv    s11, s6
core   0: 3 0x8000bf90 (0x8dda) x27 0x8001c7f7
core   0: 0x8000bf92 (0x00008c11) c.sub   s0, a2
core   0: 3 0x8000bf92 (0x8c11) x 8 0xffffffe0
core   0: 0x8000bf94 (0x41558d33) sub     s10, a1, s5
core   0: 3 0x8000bf94 (0x41558d33) x26 0x00000000
core   0: 0x8000bf98 (0x00497663) bgeu    s2, tp, pc + 12
core   0: 3 0x8000bf98 (0x00497663)
core   0: 0x8000bf9c (0x00004e39) c.li    t3, 14
core   0: 3 0x8000bf9c (0x4e39) x28 0x0000000e
core   0: 0x8000bf9e (0x00008dd9) c.or    a1, a4
core   0: 3 0x8000bf9e (0x8dd9) x11 0x0000027b
core   0: 0x8000bfa0 (0x04ae6163) bltu    t3, a0, pc + 66
core   0: 3 0x8000bfa0 (0x04ae6163)
core   0: 0x8000bfe2 (0x00008f11) c.sub   a4, a2
core   0: 3 0x8000bfe2 (0x8f11) x14 0x0000025b
core   0: 0x8000bfe4 (0x039bd863) bge     s7, s9, pc + 48
core   0: 3 0x8000bfe4 (0x039bd863)
core   0: 0x8000c014 (0x00afdf33) srl     t5, t6, a0
core   0: 3 0x8000c014 (0x00afdf33) x30 0x001fffff
core   0: 0x8000c018 (0x007280b3) add     ra, t0, t2
core   0: 3 0x8000c018 (0x007280b3) x 1 0x00000000
core   0: 0x8000c01c (0x02a1cb33) div     s6, gp, a0
core   0: 3 0x8000c01c (0x02a1cb33) x22 0x00000000
core   0: 0x8000c020 (0x41048cb3) sub     s9, s1, a6
core   0: 3 0x8000c020 (0x41048cb3) x25 0x7ffd8184
core   0: 0x8000c024 (0x02c70333) mul     t1, a4, a2
core   0: 3 0x8000c024 (0x02c70333) x 6 0x00004b60
core   0: 0x8000c028 (0x01929d93) slli    s11, t0, 25
core   0: 3 0x8000c028 (0x01929d93) x27 0x00000000
core   0: 0x8000c02c (0x00d61b33) sll     s6, a2, a3
core   0: 3 0x8000c02c (0x00d61b33) x22 0x00000200
core   0: 0x8000c030 (0x01ffb133) sltu    sp, t6, t6
core   0: 3 0x8000c030 (0x01ffb133) x 2 0x00000000
core   0: 0x8000c034 (0x0000e615) c.bnez  a2, pc + 44
core   0: 3 0x8000c034 (0xe615)
core   0: 0x8000c060 (0x000085c9) c.srai  a1, 18
core   0: 3 0x8000c060 (0x85c9) x11 0x00000000
core   0: 0x8000c062 (0x00a02f33) slt     t5, zero, a0
core   0: 3 0x8000c062 (0x00a02f33) x30 0x00000001
core   0: 0x8000c066 (0x6117fe13) andi    t3, a5, 1553
core   0: 3 0x8000c066 (0x6117fe13) x28 0x00000001
core   0: 0x8000c06a (0x0163ebb3) or      s7, t2, s6
core   0: 3 0x8000c06a (0x0163ebb3) x23 0x00000200
core   0: 0x8000c06e (0x0000100f) fence.i
core   0: 3 0x8000c06e (0x0000100f)
core   0: 0x8000c072 (0x015f1933) sll     s2, t5, s5
core   0: 3 0x8000c072 (0x015f1933) x18 0x00000001
core   0: 0x8000c076 (0x016d5033) srl     zero, s10, s6
core   0: 3 0x8000c076 (0x016d5033)
core   0: 0x8000c07a (0x000018fd) c.addi  a7, -1
core   0: 3 0x8000c07a (0x18fd) x17 0xffffffff
core   0: 0x8000c07c (0x0000616d) c.addi16sp sp, 240
core   0: 3 0x8000c07c (0x616d) x 2 0x000000f0
core   0: 0x8000c07e (0x00008d35) c.xor   a0, a3
core   0: 3 0x8000c07e (0x8d35) x10 0x8002bf8f
core   0: 0x8000c080 (0x00e238b3) sltu    a7, tp, a4
core   0: 3 0x8000c080 (0x00e238b3) x17 0x00000000
core   0: 0x8000c084 (0x002cddb3) srl     s11, s9, sp
core   0: 3 0x8000c084 (0x002cddb3) x27 0x00007ffd
core   0: 0x8000c088 (0x02a71e63) bne     a4, a0, pc + 60
core   0: 3 0x8000c088 (0x02a71e63)
core   0: 0x8000c0c4 (0x00008cd5) c.or    s1, a3
core   0: 3 0x8000c0c4 (0x8cd5) x 9 0x8002bd24
core   0: 0x8000c0c6 (0x03de65b3) rem     a1, t3, t4
core   0: 3 0x8000c0c6 (0x03de65b3) x11 0x00000001
core   0: 0x8000c0ca (0x5c6ff013) andi    zero, t6, 1478
core   0: 3 0x8000c0ca (0x5c6ff013)
core   0: 0x8000c0ce (0x0000661d) c.lui   a2, 0x7
core   0: 3 0x8000c0ce (0x661d) x12 0x00007000
core   0: 0x8000c0d0 (0x01960463) beq     a2, s9, pc + 8
core   0: 3 0x8000c0d0 (0x01960463)
core   0: 0x8000c0d4 (0x00c06563) bltu    zero, a2, pc + 10
core   0: 3 0x8000c0d4 (0x00c06563)
core   0: 0x8000c0de (0x01a841b3) xor     gp, a6, s10
core   0: 3 0x8000c0de (0x01a841b3) x 3 0x80027e7c
core   0: 0x8000c0e2 (0x0000ce05) c.beqz  a2, pc + 56
core   0: 3 0x8000c0e2 (0xce05)
core   0: 0x8000c0e4 (0x00000001) c.nop
core   0: 3 0x8000c0e4 (0x0001)
core   0: 0x8000c0e6 (0x03500433) mul     s0, zero, s5
core   0: 3 0x8000c0e6 (0x03500433) x 8 0x00000000
core   0: 0x8000c0ea (0x00006d41) c.lui   s10, 0x10
core   0: 3 0x8000c0ea (0x6d41) x26 0x00010000
core   0: 0x8000c0ec (0x0ff0000f) fence   iorw,iorw
core   0: 3 0x8000c0ec (0x0ff0000f)
core   0: 0x8000c0f0 (0x02d07b33) remu    s6, zero, a3
core   0: 3 0x8000c0f0 (0x02d07b33) x22 0x00000000
core   0: 0x8000c0f4 (0x00000001) c.nop
core   0: 3 0x8000c0f4 (0x0001)
core   0: 0x8000c0f6 (0x0285cc93) xori    s9, a1, 40
core   0: 3 0x8000c0f6 (0x0285cc93) x25 0x00000029
core   0: 0x8000c0fa (0xfe9f3937) lui     s2, 0xfe9f3
core   0: 3 0x8000c0fa (0xfe9f3937) x18 0xfe9f3000
core   0: 0x8000c0fe (0x01d19e13) slli    t3, gp, 29
core   0: 3 0x8000c0fe (0x01d19e13) x28 0x80000000
core   0: 0x8000c102 (0x0000cd81) c.beqz  a1, pc + 24
core   0: 3 0x8000c102 (0xcd81)
core   0: 0x8000c104 (0x00000d98) c.addi4spn a4, sp, 720
core   0: 3 0x8000c104 (0x0d98) x14 0x000003c0
core   0: 0x8000c106 (0x00205413) srli    s0, zero, 2
core   0: 3 0x8000c106 (0x00205413) x 8 0x00000000
core   0: 0x8000c10a (0x00008262) c.mv    tp, s8
core   0: 3 0x8000c10a (0x8262) x 4 0x8002bd24
core   0: 0x8000c10c (0x4135deb3) sra     t4, a1, s3
core   0: 3 0x8000c10c (0x4135deb3) x29 0x00000001
core   0: 0x8000c110 (0xdf412113) slti    sp, sp, -524
core   0: 3 0x8000c110 (0xdf412113) x 2 0x00000000
core   0: 0x8000c114 (0x01b56463) bltu    a0, s11, pc + 8
core   0: 3 0x8000c114 (0x01b56463)
core   0: 0x8000c118 (0x00004f7d) c.li    t5, 31
core   0: 3 0x8000c118 (0x4f7d) x30 0x0000001f
core   0: 0x8000c11a (0x0000197d) c.addi  s2, -1
core   0: 3 0x8000c11a (0x197d) x18 0xfe9f2fff
core   0: 0x8000c11c (0x0000e41d) c.bnez  s0, pc + 46
core   0: 3 0x8000c11c (0xe41d)
core   0: 0x8000c11e (0x00095f13) srli    t5, s2, 0
core   0: 3 0x8000c11e (0x00095f13) x30 0xfe9f2fff
core   0: 0x8000c122 (0x00867bb3) and     s7, a2, s0
core   0: 3 0x8000c122 (0x00867bb3) x23 0x00000000
core   0: 0x8000c126 (0x9b17fe93) andi    t4, a5, -1615
core   0: 3 0x8000c126 (0x9b17fe93) x29 0x00000001
core   0: 0x8000c12a (0x01509233) sll     tp, ra, s5
core   0: 3 0x8000c12a (0x01509233) x 4 0x00000000
core   0: 0x8000c12e (0x00004de5) c.li    s11, 25
core   0: 3 0x8000c12e (0x4de5) x27 0x00000019
core   0: 0x8000c130 (0x00006709) c.lui   a4, 0x2
core   0: 3 0x8000c130 (0x6709) x14 0x00002000
core   0: 0x8000c132 (0x00f6e733) or      a4, a3, a5
core   0: 3 0x8000c132 (0x00f6e733) x14 0x8002bd25
core   0: 0x8000c136 (0x01b8a7b3) slt     a5, a7, s11
core   0: 3 0x8000c136 (0x01b8a7b3) x15 0x00000001
core   0: 0x8000c13a (0x00000001) c.nop
core   0: 3 0x8000c13a (0x0001)
core   0: 0x8000c13c (0x03fe1563) bne     t3, t6, pc + 42
core   0: 3 0x8000c13c (0x03fe1563)
core   0: 0x8000c166 (0x4165da93) srai    s5, a1, 22
core   0: 3 0x8000c166 (0x4165da93) x21 0x00000000
core   0: 0x8000c16a (0x4124df93) srai    t6, s1, 18
core   0: 3 0x8000c16a (0x4124df93) x31 0xffffe000
core   0: 0x8000c16e (0x0000e605) c.bnez  a2, pc + 40
core   0: 3 0x8000c16e (0xe605)
core   0: 0x8000c196 (0x03c84a63) blt     a6, t3, pc + 52
core   0: 3 0x8000c196 (0x03c84a63)
core   0: 0x8000c19a (0x68ca0493) addi    s1, s4, 1676
core   0: 3 0x8000c19a (0x68ca0493) x 9 0x00007073
core   0: 0x8000c19e (0xa63b4513) xori    a0, s6, -1437
core   0: 3 0x8000c19e (0xa63b4513) x10 0xfffffa63
core   0: 0x8000c1a2 (0x4005d0b3) sra     ra, a1, zero
core   0: 3 0x8000c1a2 (0x4005d0b3) x 1 0x00000001
core   0: 0x8000c1a6 (0x01f715b3) sll     a1, a4, t6
core   0: 3 0x8000c1a6 (0x01f715b3) x11 0x8002bd25
core   0: 0x8000c1aa (0x034d0563) beq     s10, s4, pc + 42
core   0: 3 0x8000c1aa (0x034d0563)
core   0: 0x8000c1ae (0x0266cc63) blt     a3, t1, pc + 56
core   0: 3 0x8000c1ae (0x0266cc63)
core   0: 0x8000c1e6 (0x0000e711) c.bnez  a4, pc + 12
core   0: 3 0x8000c1e6 (0xe711)
core   0: 0x8000c1f2 (0x02fc9863) bne     s9, a5, pc + 48
core   0: 3 0x8000c1f2 (0x02fc9863)
core   0: 0x8000c222 (0x83248e13) addi    t3, s1, -1998
core   0: 3 0x8000c222 (0x83248e13) x28 0x000068a5
core   0: 0x8000c226 (0x02ac42b3) div     t0, s8, a0
core   0: 3 0x8000c226 (0x02ac42b3) x 5 0x0016cd18
core   0: 0x8000c22a (0x000055fd) c.li    a1, -1
core   0: 3 0x8000c22a (0x55fd) x11 0xffffffff
core   0: 0x8000c22c (0x00000dea) c.slli  s11, 26
core   0: 3 0x8000c22c (0x0dea) x27 0x64000000
core   0: 0x8000c22e (0x00008d4d) c.or    a0, a1
core   0: 3 0x8000c22e (0x8d4d) x10 0xffffffff
core   0: 0x8000c230 (0x00000a80) c.addi4spn s0, sp, 336
core   0: 3 0x8000c230 (0x0a80) x 8 0x00000150
core   0: 0x8000c232 (0x8c9b0513) addi    a0, s6, -1847
core   0: 3 0x8000c232 (0x8c9b0513) x10 0xfffff8c9
core   0: 0x8000c236 (0x02a6ccb3) div     s9, a3, a0
core   0: 3 0x8000c236 (0x02a6ccb3) x25 0x0011bd5e
core   0: 0x8000c23a (0x034ff563) bgeu    t6, s4, pc + 42
core   0: 3 0x8000c23a (0x034ff563)
core   0: 0x8000c264 (0x00008f09) c.sub   a4, a0
core   0: 3 0x8000c264 (0x8f09) x14 0x8002c45c
core   0: 0x8000c266 (0x00008ce9) c.and   s1, a0
core   0: 3 0x8000c266 (0x8ce9) x 9 0x00007041
core   0: 0x8000c268 (0x017d6663) bltu    s10, s7, pc + 12
core   0: 3 0x8000c268 (0x017d6663)
core   0: 0x8000c26c (0x0ff0000f) fence   iorw,iorw
core   0: 3 0x8000c26c (0x0ff0000f)
core   0: 0x8000c270 (0x0000100f) fence.i
core   0: 3 0x8000c270 (0x0000100f)
core   0: 0x8000c274 (0x013c10b3) sll     ra, s8, s3
core   0: 3 0x8000c274 (0x013c10b3) x 1 0x8002bd24
core   0: 0x8000c278 (0xaa054e17) auipc   t3, 0xaa054
core   0: 3 0x8000c278 (0xaa054e17) x28 0x2a060278
core   0: 0x8000c27c (0x024c1333) mulh    t1, s8, tp
core   0: 3 0x8000c27c (0x024c1333) x 6 0x00000000
core   0: 0x8000c280 (0x49cca793) slti    a5, s9, 1180
core   0: 3 0x8000c280 (0x49cca793) x15 0x00000000
core   0: 0x8000c284 (0x029bc363) blt     s7, s1, pc + 38
core   0: 3 0x8000c284 (0x029bc363)
core   0: 0x8000c2aa (0x023578b3) remu    a7, a0, gp
core   0: 3 0x8000c2aa (0x023578b3) x17 0x7ffd7a4d
core   0: 0x8000c2ae (0x0000717d) c.addi16sp sp, -16
core   0: 3 0x8000c2ae (0x717d) x 2 0xfffffff0
core   0: 0x8000c2b0 (0x03ffd363) bge     t6, t6, pc + 38
core   0: 3 0x8000c2b0 (0x03ffd363)
core   0: 0x8000c2d6 (0x41c687b3) sub     a5, a3, t3
core   0: 3 0x8000c2d6 (0x41c687b3) x15 0x55fcbaac
core   0: 0x8000c2da (0x023f3733) mulhu   a4, t5, gp
core   0: 3 0x8000c2da (0x023f3733) x14 0x7f52130b
core   0: 0x8000c2de (0x0312fdb3) remu    s11, t0, a7
core   0: 3 0x8000c2de (0x0312fdb3) x27 0x0016cd18
core   0: 0x8000c2e2 (0x41cc5933) sra     s2, s8, t3
core   0: 3 0x8000c2e2 (0x41cc5933) x18 0xffffff80
core   0: 0x8000c2e6 (0x00375113) srli    sp, a4, 3
core   0: 3 0x8000c2e6 (0x00375113) x 2 0x0fea4261
core   0: 0x8000c2ea (0x02a4bf33) mulhu   t5, s1, a0
core   0: 3 0x8000c2ea (0x02a4bf33) x30 0x00007040
core   0: 0x8000c2ee (0x02723eb3) mulhu   t4, tp, t2
core   0: 3 0x8000c2ee (0x02723eb3) x29 0x00000000
core   0: 0x8000c2f2 (0x0000597d) c.li    s2, -1
core   0: 3 0x8000c2f2 (0x597d) x18 0xffffffff
core   0: 0x8000c2f4 (0x0116eeb3) or      t4, a3, a7
core   0: 3 0x8000c2f4 (0x0116eeb3) x29 0xffffff6d
core   0: 0x8000c2f8 (0x309c4d97) auipc   s11, 0x309c4
core   0: 3 0x8000c2f8 (0x309c4d97) x27 0xb09d02f8
core   0: 0x8000c2fc (0x00706f33) or      t5, zero, t2
core   0: 3 0x8000c2fc (0x00706f33) x30 0x00000000
core   0: 0x8000c300 (0x73a63413) sltiu   s0, a2, 1850
core   0: 3 0x8000c300 (0x73a63413) x 8 0x00000000
core   0: 0x8000c304 (0x03056b33) rem     s6, a0, a6
core   0: 3 0x8000c304 (0x03056b33) x22 0xfffff8c9
core   0: 0x8000c308 (0x40658433) sub     s0, a1, t1
core   0: 3 0x8000c308 (0x40658433) x 8 0xffffffff
core   0: 0x8000c30c (0x037b4563) blt     s6, s7, pc + 42
core   0: 3 0x8000c30c (0x037b4563)
core   0: 0x8000c336 (0x000081d5) c.srli  a1, 21
core   0: 3 0x8000c336 (0x81d5) x11 0x000007ff
core   0: 0x8000c338 (0x00008d15) c.sub   a0, a3
core   0: 3 0x8000c338 (0x8d15) x10 0x7ffd3ba5
core   0: 0x8000c33a (0x03d112b3) mulh    t0, sp, t4
core   0: 3 0x8000c33a (0x03d112b3) x 5 0xfffffff6
core   0: 0x8000c33e (0xc4dfbc13) sltiu   s8, t6, -947
core   0: 3 0x8000c33e (0xc4dfbc13) x24 0x00000001
core   0: 0x8000c342 (0x005f71b3) and     gp, t5, t0
core   0: 3 0x8000c342 (0x005f71b3) x 3 0x00000000
core   0: 0x8000c346 (0x0000874d) c.srai  a4, 19
core   0: 3 0x8000c346 (0x874d) x14 0x00000fea
core   0: 0x8000c348 (0x00008c15) c.sub   s0, a3
core   0: 3 0x8000c348 (0x8c15) x 8 0x7ffd42db
core   0: 0x8000c34a (0x03841733) mulh    a4, s0, s8
core   0: 3 0x8000c34a (0x03841733) x14 0x00000000
core   0: 0x8000c34e (0xc688fa17) auipc   s4, 0xc688f
core   0: 3 0x8000c34e (0xc688fa17) x20 0x4689b34e
core   0: 0x8000c352 (0x00000001) c.nop
core   0: 3 0x8000c352 (0x0001)
core   0: 0x8000c354 (0x0204e4b3) rem     s1, s1, zero
core   0: 3 0x8000c354 (0x0204e4b3) x 9 0x00007041
core   0: 0x8000c358 (0x40e25933) sra     s2, tp, a4
core   0: 3 0x8000c358 (0x40e25933) x18 0x00000000
core   0: 0x8000c35c (0x0345ec33) rem     s8, a1, s4
core   0: 3 0x8000c35c (0x0345ec33) x24 0x000007ff
core   0: 0x8000c360 (0x00008951) c.andi  a0, 20
core   0: 3 0x8000c360 (0x8951) x10 0x00000004
core   0: 0x8000c362 (0x0000e519) c.bnez  a0, pc + 14
core   0: 3 0x8000c362 (0xe519)
core   0: 0x8000c370 (0x01979493) slli    s1, a5, 25
core   0: 3 0x8000c370 (0x01979493) x 9 0x58000000
core   0: 0x8000c374 (0x03cdad33) mulhsu  s10, s11, t3
core   0: 3 0x8000c374 (0x03cdad33) x26 0xf2f7e566
core   0: 0x8000c378 (0x0000987d) c.andi  s0, -1
core   0: 3 0x8000c378 (0x987d) x 8 0x7ffd42db
core   0: 0x8000c37a (0x036c62b3) rem     t0, s8, s6
core   0: 3 0x8000c37a (0x036c62b3) x 5 0x000000c8
core   0: 0x8000c37e (0x40565533) sra     a0, a2, t0
core   0: 3 0x8000c37e (0x40565533) x10 0x00000070
core   0: 0x8000c382 (0x2dc5f093) andi    ra, a1, 732
core   0: 3 0x8000c382 (0x2dc5f093) x 1 0x000002dc
core   0: 0x8000c386 (0x03a915b3) mulh    a1, s2, s10
core   0: 3 0x8000c386 (0x03a915b3) x11 0x00000000
core   0: 0x8000c38a (0x03239633) mulh    a2, t2, s2
core   0: 3 0x8000c38a (0x03239633) x12 0x00000000
core   0: 0x8000c38e (0x0000100f) fence.i
core   0: 3 0x8000c38e (0x0000100f)
core   0: 0x8000c392 (0x01c8de13) srli    t3, a7, 28
core   0: 3 0x8000c392 (0x01c8de13) x28 0x00000007
core   0: 0x8000c396 (0x004fb1b3) sltu    gp, t6, tp
core   0: 3 0x8000c396 (0x004fb1b3) x 3 0x00000000
core   0: 0x8000c39a (0x0000100f) fence.i
core   0: 3 0x8000c39a (0x0000100f)
core   0: 0x8000c39e (0x00008c29) c.xor   s0, a0
core   0: 3 0x8000c39e (0x8c29) x 8 0x7ffd42ab
core   0: 0x8000c3a0 (0x008b55b3) srl     a1, s6, s0
core   0: 3 0x8000c3a0 (0x008b55b3) x11 0x001fffff
core   0: 0x8000c3a4 (0x0000100f) fence.i
core   0: 3 0x8000c3a4 (0x0000100f)
core   0: 0x8000c3a8 (0x000080d2) c.mv    ra, s4
core   0: 3 0x8000c3a8 (0x80d2) x 1 0x4689b34e
core   0: 0x8000c3aa (0x0241cd63) blt     gp, tp, pc + 58
core   0: 3 0x8000c3aa (0x0241cd63)
core   0: 0x8000c3ae (0x40c20d33) sub     s10, tp, a2
core   0: 3 0x8000c3ae (0x40c20d33) x26 0x00000000
core   0: 0x8000c3b2 (0x0000717d) c.addi16sp sp, -16
core   0: 3 0x8000c3b2 (0x717d) x 2 0x0fea4251
core   0: 0x8000c3b4 (0x02af4c33) div     s8, t5, a0
core   0: 3 0x8000c3b4 (0x02af4c33) x24 0x00000000
core   0: 0x8000c3b8 (0x00b62ab3) slt     s5, a2, a1
core   0: 3 0x8000c3b8 (0x00b62ab3) x21 0x00000001
core   0: 0x8000c3bc (0x0032fcb3) and     s9, t0, gp
core   0: 3 0x8000c3bc (0x0032fcb3) x25 0x00000000
core   0: 0x8000c3c0 (0x00008c95) c.sub   s1, a3
core   0: 3 0x8000c3c0 (0x8c95) x 9 0xd7fd42dc
core   0: 0x8000c3c2 (0x00009c0a) c.add   s8, sp
core   0: 3 0x8000c3c2 (0x9c0a) x24 0x0fea4251
core   0: 0x8000c3c4 (0x03756cb3) rem     s9, a0, s7
core   0: 3 0x8000c3c4 (0x03756cb3) x25 0x00000070
core   0: 0x8000c3c8 (0x00001910) c.addi4spn a2, sp, 176
core   0: 3 0x8000c3c8 (0x1910) x12 0x0fea4301
core   0: 0x8000c3ca (0x002e5413) srli    s0, t3, 2
core   0: 3 0x8000c3ca (0x002e5413) x 8 0x00000001
core   0: 0x8000c3ce (0x0000ea85) c.bnez  a3, pc + 48
core   0: 3 0x8000c3ce (0xea85)
core   0: 0x8000c3fe (0x000088fe) c.mv    a7, t6
core   0: 3 0x8000c3fe (0x88fe) x17 0xffffe000
core   0: 0x8000c400 (0x4178d313) srai    t1, a7, 23
core   0: 3 0x8000c400 (0x4178d313) x 6 0xffffffff
core   0: 0x8000c404 (0x0000100f) fence.i
core   0: 3 0x8000c404 (0x0000100f)
core   0: 0x8000c408 (0x004bd4b3) srl     s1, s7, tp
core   0: 3 0x8000c408 (0x004bd4b3) x 9 0x00000000
core   0: 0x8000c40c (0x40b909b3) sub     s3, s2, a1
core   0: 3 0x8000c40c (0x40b909b3) x19 0xffe00001
core   0: 0x8000c410 (0x00000b9c) c.addi4spn a5, sp, 464
core   0: 3 0x8000c410 (0x0b9c) x15 0x0fea4421
core   0: 0x8000c412 (0x0068c763) blt     a7, t1, pc + 14
core   0: 3 0x8000c412 (0x0068c763)
core   0: 0x8000c420 (0x003360b3) or      ra, t1, gp
core   0: 3 0x8000c420 (0x003360b3) x 1 0xffffffff
core   0: 0x8000c424 (0x00004cf5) c.li    s9, 29
core   0: 3 0x8000c424 (0x4cf5) x25 0x0000001d
core   0: 0x8000c426 (0x02c322b3) mulhsu  t0, t1, a2
core   0: 3 0x8000c426 (0x02c322b3) x 5 0xffffffff
core   0: 0x8000c42a (0x41e05793) srai    a5, zero, 30
core   0: 3 0x8000c42a (0x41e05793) x15 0x00000000
core   0: 0x8000c42e (0x00008635) c.srai  a2, 13
core   0: 3 0x8000c42e (0x8635) x12 0x00007f52
core   0: 0x8000c430 (0x00000001) c.nop
core   0: 3 0x8000c430 (0x0001)
core   0: 0x8000c432 (0x00001dfd) c.addi  s11, -1
core   0: 3 0x8000c432 (0x1dfd) x27 0xb09d02f7
core   0: 0x8000c434 (0x407d0033) sub     zero, s10, t2
core   0: 3 0x8000c434 (0x407d0033)
core   0: 0x8000c438 (0x00008d99) c.sub   a1, a4
core   0: 3 0x8000c438 (0x8d99) x11 0x001fffff
core   0: 0x8000c43a (0x030db5b3) mulhu   a1, s11, a6
core   0: 3 0x8000c43a (0x030db5b3) x11 0x585039f8
core   0: 0x8000c43e (0x00c1a333) slt     t1, gp, a2
core   0: 3 0x8000c43e (0x00c1a333) x 6 0x00000001
core   0: 0x8000c442 (0x03420533) mul     a0, tp, s4
core   0: 3 0x8000c442 (0x03420533) x10 0x00000000
core   0: 0x8000c446 (0x030fc963) blt     t6, a6, pc + 50
core   0: 3 0x8000c446 (0x030fc963)
core   0: 0x8000c44a (0x00008e49) c.or    a2, a0
core   0: 3 0x8000c44a (0x8e49) x12 0x00007f52
core   0: 0x8000c44c (0x008ec463) blt     t4, s0, pc + 8
core   0: 3 0x8000c44c (0x008ec463)
core   0: 0x8000c454 (0x3b564713) xori    a4, a2, 949
core   0: 3 0x8000c454 (0x3b564713) x14 0x00007ce7
core   0: 0x8000c458 (0x013a7e33) and     t3, s4, s3
core   0: 3 0x8000c458 (0x013a7e33) x28 0x46800000
core   0: 0x8000c45c (0x41978133) sub     sp, a5, s9
core   0: 3 0x8000c45c (0x41978133) x 2 0xffffffe3
core   0: 0x8000c460 (0x00008395) c.srli  a5, 5
core   0: 3 0x8000c460 (0x8395) x15 0x00000000
core   0: 0x8000c462 (0x0324fb63) bgeu    s1, s2, pc + 54
core   0: 3 0x8000c462 (0x0324fb63)
core   0: 0x8000c498 (0x002d4cb3) xor     s9, s10, sp
core   0: 3 0x8000c498 (0x002d4cb3) x25 0xffffffe3
core   0: 0x8000c49c (0x0000cb9d) c.beqz  a5, pc + 54
core   0: 3 0x8000c49c (0xcb9d)
core   0: 0x8000c4d2 (0x00006141) c.addi16sp sp, 16
core   0: 3 0x8000c4d2 (0x6141) x 2 0xfffffff3
core   0: 0x8000c4d4 (0x04d56063) bltu    a0, a3, pc + 64
core   0: 3 0x8000c4d4 (0x04d56063)
core   0: 0x8000c514 (0x00000001) c.nop
core   0: 3 0x8000c514 (0x0001)
core   0: 0x8000c516 (0x00006105) c.addi16sp sp, 32
core   0: 3 0x8000c516 (0x6105) x 2 0x00000013
core   0: 0x8000c518 (0x41b00033) sub     zero, zero, s11
core   0: 3 0x8000c518 (0x41b00033)
core   0: 0x8000c51c (0x00000001) c.nop
core   0: 3 0x8000c51c (0x0001)
core   0: 0x8000c51e (0x00001e10) c.addi4spn a2, sp, 816
core   0: 3 0x8000c51e (0x1e10) x12 0x00000343
core   0: 0x8000c520 (0x000085b2) c.mv    a1, a2
core   0: 3 0x8000c520 (0x85b2) x11 0x00000343
core   0: 0x8000c522 (0x033e90b3) mulh    ra, t4, s3
core   0: 3 0x8000c522 (0x033e90b3) x 1 0x00000000
core   0: 0x8000c526 (0x411f5313) srai    t1, t5, 17
core   0: 3 0x8000c526 (0x411f5313) x 6 0x00000000
core   0: 0x8000c52a (0x43866213) ori     tp, a2, 1080
core   0: 3 0x8000c52a (0x43866213) x 4 0x0000077b
core   0: 0x8000c52e (0x4c958d93) addi    s11, a1, 1225
core   0: 3 0x8000c52e (0x4c958d93) x27 0x0000080c
core   0: 0x8000c532 (0x00004d0d) c.li    s10, 3
core   0: 3 0x8000c532 (0x4d0d) x26 0x00000003
core   0: 0x8000c534 (0x00008ca9) c.xor   s1, a0
core   0: 3 0x8000c534 (0x8ca9) x 9 0x00000000
core   0: 0x8000c536 (0x000080a1) c.srli  s1, 8
core   0: 3 0x8000c536 (0x80a1) x 9 0x00000000
core   0: 0x8000c538 (0x0210dcb3) divu    s9, ra, ra
core   0: 3 0x8000c538 (0x0210dcb3) x25 0xffffffff
core   0: 0x8000c53c (0xab14a893) slti    a7, s1, -1359
core   0: 3 0x8000c53c (0xab14a893) x17 0x00000000
core   0: 0x8000c540 (0x01753bb3) sltu    s7, a0, s7
core   0: 3 0x8000c540 (0x01753bb3) x23 0x00000000
core   0: 0x8000c544 (0x00001490) c.addi4spn a2, sp, 608
core   0: 3 0x8000c544 (0x1490) x12 0x00000273
core   0: 0x8000c546 (0x0000025a) c.slli  tp, 22
core   0: 3 0x8000c546 (0x025a) x 4 0xdec00000
core   0: 0x8000c548 (0x89c40913) addi    s2, s0, -1892
core   0: 3 0x8000c548 (0x89c40913) x18 0xfffff89d
core   0: 0x8000c54c (0x000008e5) c.addi  a7, 25
core   0: 3 0x8000c54c (0x08e5) x17 0x00000019
core   0: 0x8000c54e (0x000089ca) c.mv    s3, s2
core   0: 3 0x8000c54e (0x89ca) x19 0xfffff89d
core   0: 0x8000c550 (0x0185fcb3) and     s9, a1, s8
core   0: 3 0x8000c550 (0x0185fcb3) x25 0x00000241
core   0: 0x8000c554 (0x00009192) c.add   gp, tp
core   0: 3 0x8000c554 (0x9192) x 3 0xdec00000
core   0: 0x8000c556 (0x00006641) c.lui   a2, 0x10
core   0: 3 0x8000c556 (0x6641) x12 0x00010000
core   0: 0x8000c558 (0x000067ad) c.lui   a5, 0xb
core   0: 3 0x8000c558 (0x67ad) x15 0x0000b000
core   0: 0x8000c55a (0x01a4da33) srl     s4, s1, s10
core   0: 3 0x8000c55a (0x01a4da33) x20 0x00000000
core   0: 0x8000c55e (0x01418bb3) add     s7, gp, s4
core   0: 3 0x8000c55e (0x01418bb3) x23 0xdec00000
core   0: 0x8000c562 (0x00004589) c.li    a1, 2
core   0: 3 0x8000c562 (0x4589) x11 0x00000002
core   0: 0x8000c564 (0x404eda13) srai    s4, t4, 4
core   0: 3 0x8000c564 (0x404eda13) x20 0xfffffff6
core   0: 0x8000c568 (0x00008c1d) c.sub   s0, a5
core   0: 3 0x8000c568 (0x8c1d) x 8 0xffff5001
core   0: 0x8000c56a (0xfe52c0b7) lui     ra, 0xfe52c
core   0: 3 0x8000c56a (0xfe52c0b7) x 1 0xfe52c000
core   0: 0x8000c56e (0x00006109) c.addi16sp sp, 128
core   0: 3 0x8000c56e (0x6109) x 2 0x00000093
core   0: 0x8000c570 (0x00464c33) xor     s8, a2, tp
core   0: 3 0x8000c570 (0x00464c33) x24 0xdec10000
core   0: 0x8000c574 (0x00000ece) c.slli  t4, 19
core   0: 3 0x8000c574 (0x0ece) x29 0xfb680000
core   0: 0x8000c576 (0x86a3f713) andi    a4, t2, -1942
core   0: 3 0x8000c576 (0x86a3f713) x14 0x00000000
core   0: 0x8000c57a (0x00001d7d) c.addi  s10, -1
core   0: 3 0x8000c57a (0x1d7d) x26 0x00000002
core   0: 0x8000c57c (0x40f401b3) sub     gp, s0, a5
core   0: 3 0x8000c57c (0x40f401b3) x 3 0xfffea001
core   0: 0x8000c580 (0x00000001) c.nop
core   0: 3 0x8000c580 (0x0001)
core   0: 0x8000c582 (0xfebd7ae3) bgeu    s10, a1, pc - 12
core   0: 3 0x8000c582 (0xfebd7ae3)
core   0: 0x8000c576 (0x86a3f713) andi    a4, t2, -1942
core   0: 3 0x8000c576 (0x86a3f713) x14 0x00000000
core   0: 0x8000c57a (0x00001d7d) c.addi  s10, -1
core   0: 3 0x8000c57a (0x1d7d) x26 0x00000001
core   0: 0x8000c57c (0x40f401b3) sub     gp, s0, a5
core   0: 3 0x8000c57c (0x40f401b3) x 3 0xfffea001
core   0: 0x8000c580 (0x00000001) c.nop
core   0: 3 0x8000c580 (0x0001)
core   0: 0x8000c582 (0xfebd7ae3) bgeu    s10, a1, pc - 12
core   0: 3 0x8000c582 (0xfebd7ae3)
core   0: 0x8000c586 (0xac4f8713) addi    a4, t6, -1340
core   0: 3 0x8000c586 (0xac4f8713) x14 0xffffdac4
core   0: 0x8000c58a (0x01081263) bne     a6, a6, pc + 4
core   0: 3 0x8000c58a (0x01081263)
core   0: 0x8000c58e (0x0246f663) bgeu    a3, tp, pc + 44
core   0: 3 0x8000c58e (0x0246f663)
core   0: 0x8000c592 (0x00002f17) auipc   t5, 0x2
core   0: 3 0x8000c592 (0x00002f17) x30 0x8000e592
core   0: 0x8000c596 (0xbcaf0f13) addi    t5, t5, -1078
core   0: 3 0x8000c596 (0xbcaf0f13) x30 0x8000e15c
core   0: 0x8000c59a (0x03cd37b3) mulhu   a5, s10, t3
core   0: 3 0x8000c59a (0x03cd37b3) x15 0x00000000
core   0: 0x8000c59e (0x0000914a) c.add   sp, s2
core   0: 3 0x8000c59e (0x914a) x 2 0xfffff930
core   0: 0x8000c5a0 (0x01b99e93) slli    t4, s3, 27
core   0: 3 0x8000c5a0 (0x01b99e93) x29 0xe8000000
core   0: 0x8000c5a4 (0x016dd413) srli    s0, s11, 22
core   0: 3 0x8000c5a4 (0x016dd413) x 8 0x00000000
core   0: 0x8000c5a8 (0x41bb5193) srai    gp, s6, 27
core   0: 3 0x8000c5a8 (0x41bb5193) x 3 0xffffffff
core   0: 0x8000c5ac (0x00000f05) c.addi  t5, 1
core   0: 3 0x8000c5ac (0x0f05) x30 0x8000e15d
core   0: 0x8000c5ae (0x018e29b3) slt     s3, t3, s8
core   0: 3 0x8000c5ae (0x018e29b3) x19 0x00000000
core   0: 0x8000c5b2 (0x017ae433) or      s0, s5, s7
core   0: 3 0x8000c5b2 (0x017ae433) x 8 0xdec00001
core   0: 0x8000c5b6 (0x00008d71) c.and   a0, a2
core   0: 3 0x8000c5b6 (0x8d71) x10 0x00000000
core   0: 0x8000c5b8 (0x00009f02) c.jalr  t5
core   0: 3 0x8000c5b8 (0x9f02) x 1 0x8000c5ba
core   0: 0x8000e15c (0x00000001) c.nop
core   0: 3 0x8000e15c (0x0001)
core   0: 0x8000e15e (0x016d5263) bge     s10, s6, pc + 4
core   0: 3 0x8000e15e (0x016d5263)
core   0: 0x8000e162 (0xfdc80813) addi    a6, a6, -36
core   0: 3 0x8000e162 (0xfdc80813) x16 0x80027e58
core   0: 0x8000e166 (0x404ed193) srai    gp, t4, 4
core   0: 3 0x8000e166 (0x404ed193) x 3 0xfe800000
core   0: 0x8000e16a (0x00182223) sw      ra, 4(a6)
core   0: 3 0x8000e16a (0x00182223) mem 0x80027e5c 0x8000c5ba
core   0: 0x8000e16e (0x00ea5f13) srli    t5, s4, 14
core   0: 3 0x8000e16e (0x00ea5f13) x30 0x0003ffff
core   0: 0x8000e172 (0x00004897) auipc   a7, 0x4
core   0: 3 0x8000e172 (0x00004897) x17 0x80012172
core   0: 0x8000e176 (0x42e88893) addi    a7, a7, 1070
core   0: 3 0x8000e176 (0x42e88893) x17 0x800125a0
core   0: 0x8000e17a (0x00004a97) auipc   s5, 0x4
core   0: 3 0x8000e17a (0x00004a97) x21 0x8001217a
core   0: 0x8000e17e (0x343a8a93) addi    s5, s5, 835
core   0: 3 0x8000e17e (0x343a8a93) x21 0x800124bd
core   0: 0x8000e182 (0xfcda8083) lb      ra, -51(s5)
core   0: 3 0x8000e182 (0xfcda8083) x 1 0xffffffbb mem 0x8001248a
core   0: 0x8000e186 (0xfd889603) lh      a2, -40(a7)
core   0: 3 0x8000e186 (0xfd889603) x12 0x000038d9 mem 0x80012578
core   0: 0x8000e18a (0xfeaa8503) lb      a0, -22(s5)
core   0: 3 0x8000e18a (0xfeaa8503) x10 0x0000005b mem 0x800124a7
core   0: 0x8000e18e (0x00005d17) auipc   s10, 0x5
core   0: 3 0x8000e18e (0x00005d17) x26 0x8001318e
core   0: 0x8000e192 (0x97ad0d13) addi    s10, s10, -1670
core   0: 3 0x8000e192 (0x97ad0d13) x26 0x80012b08
core   0: 0x8000e196 (0xfc3a8b83) lb      s7, -61(s5)
core   0: 3 0x8000e196 (0xfc3a8b83) x23 0x00000016 mem 0x80012480
core   0: 0x8000e19a (0xfe98ce83) lbu     t4, -23(a7)
core   0: 3 0x8000e19a (0xfe98ce83) x29 0x00000029 mem 0x80012589
core   0: 0x8000e19e (0x93cd1983) lh      s3, -1732(s10)
core   0: 3 0x8000e19e (0x93cd1983) x19 0x00000034 mem 0x80012444
core   0: 0x8000e1a2 (0xfd488603) lb      a2, -44(a7)
core   0: 3 0x8000e1a2 (0xfd488603) x12 0x0000007d mem 0x80012574
core   0: 0x8000e1a6 (0xff7a8603) lb      a2, -9(s5)
core   0: 3 0x8000e1a6 (0xff7a8603) x12 0x00000047 mem 0x800124b4
core   0: 0x8000e1aa (0xff9a8983) lb      s3, -7(s5)
core   0: 3 0x8000e1aa (0xff9a8983) x19 0x00000071 mem 0x800124b6
core   0: 0x8000e1ae (0x00aac183) lbu     gp, 10(s5)
core   0: 3 0x8000e1ae (0x00aac183) x 3 0x000000a3 mem 0x800124c7
core   0: 0x8000e1b2 (0x010883a3) sb      a6, 7(a7)
core   0: 3 0x8000e1b2 (0x010883a3) mem 0x800125a7 0x58
core   0: 0x8000e1b6 (0xfb6d0183) lb      gp, -74(s10)
core   0: 3 0x8000e1b6 (0xfb6d0183) x 3 0x00000075 mem 0x80012abe
core   0: 0x8000e1ba (0xbfed1c23) sh      t5, -1032(s10)
core   0: 3 0x8000e1ba (0xbfed1c23) mem 0x80012700 0xffff
core   0: 0x8000e1be (0x8ded5f83) lhu     t6, -1826(s10)
core   0: 3 0x8000e1be (0x8ded5f83) x31 0x000020be mem 0x800123e6
core   0: 0x8000e1c2 (0xfe488283) lb      t0, -28(a7)
core   0: 3 0x8000e1c2 (0xfe488283) x 5 0xffffffe7 mem 0x80012584
core   0: 0x8000e1c6 (0x011a8103) lb      sp, 17(s5)
core   0: 3 0x8000e1c6 (0x011a8103) x 2 0xffffff83 mem 0x800124ce
core   0: 0x8000e1ca (0x00988a23) sb      s1, 20(a7)
core   0: 3 0x8000e1ca (0x00988a23) mem 0x800125b4 0x0
core   0: 0x8000e1ce (0x03b8ca03) lbu     s4, 59(a7)
core   0: 3 0x8000e1ce (0x03b8ca03) x20 0x0000006a mem 0x800125db
core   0: 0x8000e1d2 (0x421d1823) sh      ra, 1072(s10)
core   0: 3 0x8000e1d2 (0x421d1823) mem 0x80012f38 0xffbb
core   0: 0x8000e1d6 (0x00015497) auipc   s1, 0x15
core   0: 3 0x8000e1d6 (0x00015497) x 9 0x800231d6
core   0: 0x8000e1da (0xe7248493) addi    s1, s1, -398
core   0: 3 0x8000e1da (0xe7248493) x 9 0x80023048
core   0: 0x8000e1de (0x00005cfd) c.li    s9, -1
core   0: 3 0x8000e1de (0x5cfd) x25 0xffffffff
core   0: 0x8000e1e0 (0x03267bb3) remu    s7, a2, s2
core   0: 3 0x8000e1e0 (0x03267bb3) x23 0x00000047
core   0: 0x8000e1e4 (0x03ab0433) mul     s0, s6, s10
core   0: 3 0x8000e1e4 (0x03ab0433) x 8 0x77928948
core   0: 0x8000e1e8 (0x000000fd) c.addi  ra, 31
core   0: 3 0x8000e1e8 (0x00fd) x 1 0xffffffda
core   0: 0x8000e1ea (0x4450f113) andi    sp, ra, 1093
core   0: 3 0x8000e1ea (0x4450f113) x 2 0x00000440
core   0: 0x8000e1ee (0x00008d29) c.xor   a0, a0
core   0: 3 0x8000e1ee (0x8d29) x10 0x00000000
core   0: 0x8000e1f0 (0x00000f12) c.slli  t5, 4
core   0: 3 0x8000e1f0 (0x0f12) x30 0x003ffff0
core   0: 0x8000e1f2 (0x00008f9d) c.sub   a5, a5
core   0: 3 0x8000e1f2 (0x8f9d) x15 0x00000000
core   0: 0x8000e1f4 (0x1404a5af) lr.w    a1, (s1)
core   0: 3 0x8000e1f4 (0x1404a5af) x11 0xffffffff mem 0x80023048
core   0: 0x8000e1f8 (0x1a94aaaf) sc.w    s5, s1, (s1)
core   0: 3 0x8000e1f8 (0x1a94aaaf) x21 0x00000000 mem 0x80023048 0x80023048
core   0: 0x8000e1fc (0x000044a9) c.li    s1, 10
core   0: 3 0x8000e1fc (0x44a9) x 9 0x0000000a
core   0: 0x8000e1fe (0x00000001) c.nop
core   0: 3 0x8000e1fe (0x0001)
core   0: 0x8000e200 (0x6f946a13) ori     s4, s0, 1785
core   0: 3 0x8000e200 (0x6f946a13) x20 0x77928ff9
core   0: 0x8000e204 (0x00006de5) c.lui   s11, 0x19
core   0: 3 0x8000e204 (0x6de5) x27 0x00019000
core   0: 0x8000e206 (0x000014ed) c.addi  s1, -5
core   0: 3 0x8000e206 (0x14ed) x 9 0x00000005
core   0: 0x8000e208 (0x000007ca) c.slli  a5, 18
core   0: 3 0x8000e208 (0x07ca) x15 0x00000000
core   0: 0x8000e20a (0x00004e81) c.li    t4, 0
core   0: 3 0x8000e20a (0x4e81) x29 0x00000000
core   0: 0x8000e20c (0x00005471) c.li    s0, -4
core   0: 3 0x8000e20c (0x5471) x 8 0xfffffffc
core   0: 0x8000e20e (0x00008e09) c.sub   a2, a0
core   0: 3 0x8000e20e (0x8e09) x12 0x00000047
core   0: 0x8000e210 (0x00001ef1) c.addi  t4, -4
core   0: 3 0x8000e210 (0x1ef1) x29 0xfffffffc
core   0: 0x8000e212 (0xd2c29d17) auipc   s10, 0xd2c29
core   0: 3 0x8000e212 (0xd2c29d17) x26 0x52c37212
core   0: 0x8000e216 (0xfe8e8ce3) beq     t4, s0, pc - 8
core   0: 3 0x8000e216 (0xfe8e8ce3)
core   0: 0x8000e20e (0x00008e09) c.sub   a2, a0
core   0: 3 0x8000e20e (0x8e09) x12 0x00000047
core   0: 0x8000e210 (0x00001ef1) c.addi  t4, -4
core   0: 3 0x8000e210 (0x1ef1) x29 0xfffffff8
core   0: 0x8000e212 (0xd2c29d17) auipc   s10, 0xd2c29
core   0: 3 0x8000e212 (0xd2c29d17) x26 0x52c37212
core   0: 0x8000e216 (0xfe8e8ce3) beq     t4, s0, pc - 8
core   0: 3 0x8000e216 (0xfe8e8ce3)
core   0: 0x8000e21a (0x0000d4ed) c.beqz  s1, pc - 22
core   0: 3 0x8000e21a (0xd4ed)
core   0: 0x8000e21c (0x02dc15b3) mulh    a1, s8, a3
core   0: 3 0x8000e21c (0x02dc15b3) x11 0x109f24f1
core   0: 0x8000e220 (0x00005117) auipc   sp, 0x5
core   0: 3 0x8000e220 (0x00005117) x 2 0x80013220
core   0: 0x8000e224 (0x91c10113) addi    sp, sp, -1764
core   0: 3 0x8000e224 (0x91c10113) x 2 0x80012b3c
core   0: 0x8000e228 (0x00110b03) lb      s6, 1(sp)
core   0: 3 0x8000e228 (0x00110b03) x22 0xffffffd5 mem 0x80012b3d
core   0: 0x8000e22c (0xb418f013) andi    zero, a7, -1215
core   0: 3 0x8000e22c (0xb418f013)
core   0: 0x8000e230 (0xffd14e83) lbu     t4, -3(sp)
core   0: 3 0x8000e230 (0xffd14e83) x29 0x000000f0 mem 0x80012b39
core   0: 0x8000e234 (0x00008f31) c.xor   a4, a2
core   0: 3 0x8000e234 (0x8f31) x14 0xffffda83
core   0: 0x8000e236 (0x001105a3) sb      ra, 11(sp)
core   0: 3 0x8000e236 (0x001105a3) mem 0x80012b47 0xda
core   0: 0x8000e23a (0x00006c4d) c.lui   s8, 0x13
core   0: 3 0x8000e23a (0x6c4d) x24 0x00013000
core   0: 0x8000e23c (0xffd14c03) lbu     s8, -3(sp)
core   0: 3 0x8000e23c (0xffd14c03) x24 0x000000f0 mem 0x80012b39
core   0: 0x8000e240 (0xff914403) lbu     s0, -7(sp)
core   0: 3 0x8000e240 (0xff914403) x 8 0x00000094 mem 0x80012b35
core   0: 0x8000e244 (0x00004a82) c.lwsp  s5, 0(sp)
core   0: 3 0x8000e244 (0x4a82) x21 0x9976d545 mem 0x80012b3c
core   0: 0x8000e246 (0x00910583) lb      a1, 9(sp)
core   0: 3 0x8000e246 (0x00910583) x11 0x00000055 mem 0x80012b45
core   0: 0x8000e24a (0x0149e7b3) or      a5, s3, s4
core   0: 3 0x8000e24a (0x0149e7b3) x15 0x77928ff9
core   0: 0x8000e24e (0x06807213) andi    tp, zero, 104
core   0: 3 0x8000e24e (0x06807213) x 4 0x00000000
core   0: 0x8000e252 (0x03814733) div     a4, sp, s8
core   0: 3 0x8000e252 (0x03814733) x14 0xff7778b7
core   0: 0x8000e256 (0xffa14083) lbu     ra, -6(sp)
core   0: 3 0x8000e256 (0xffa14083) x 1 0x0000008c mem 0x80012b36
core   0: 0x8000e25a (0x00004c42) c.lwsp  s8, 16(sp)
core   0: 3 0x8000e25a (0x4c42) x24 0x9628fa99 mem 0x80012b4c
core   0: 0x8000e25c (0x00937233) and     tp, t1, s1
core   0: 3 0x8000e25c (0x00937233) x 4 0x00000000
core   0: 0x8000e260 (0x81014793) xori    a5, sp, -2032
core   0: 3 0x8000e260 (0x81014793) x15 0x7ffed32c
core   0: 0x8000e264 (0xffe10ea3) sb      t5, -3(sp)
core   0: 3 0x8000e264 (0xffe10ea3) mem 0x80012b39 0xf0
core   0: 0x8000e268 (0xff110303) lb      t1, -15(sp)
core   0: 3 0x8000e268 (0xff110303) x 6 0x0000006b mem 0x80012b2d
core   0: 0x8000e26c (0x006d8b33) add     s6, s11, t1
core   0: 3 0x8000e26c (0x006d8b33) x22 0x0001906b
core   0: 0x8000e270 (0xff314083) lbu     ra, -13(sp)
core   0: 3 0x8000e270 (0xff314083) x 1 0x00000007 mem 0x80012b2f
core   0: 0x8000e274 (0x00e15203) lhu     tp, 14(sp)
core   0: 3 0x8000e274 (0x00e15203) x 4 0x0000116e mem 0x80012b4a
core   0: 0x8000e278 (0xff615903) lhu     s2, -10(sp)
core   0: 3 0x8000e278 (0xff615903) x18 0x00005adb mem 0x80012b32
core   0: 0x8000e27c (0x00510b83) lb      s7, 5(sp)
core   0: 3 0x8000e27c (0x00510b83) x23 0x00000019 mem 0x80012b41
core   0: 0x8000e280 (0x039675b3) remu    a1, a2, s9
core   0: 3 0x8000e280 (0x039675b3) x11 0x00000047
core   0: 0x8000e284 (0x00f14603) lbu     a2, 15(sp)
core   0: 3 0x8000e284 (0x00f14603) x12 0x00000011 mem 0x80012b4b
core   0: 0x8000e288 (0xffa14503) lbu     a0, -6(sp)
core   0: 3 0x8000e288 (0xffa14503) x10 0x0000008c mem 0x80012b36
core   0: 0x8000e28c (0xffa10e03) lb      t3, -6(sp)
core   0: 3 0x8000e28c (0xffa10e03) x28 0xffffff8c mem 0x80012b36
core   0: 0x8000e290 (0xff610303) lb      t1, -10(sp)
core   0: 3 0x8000e290 (0xff610303) x 6 0xffffffdb mem 0x80012b32
core   0: 0x8000e294 (0x00008db1) c.xor   a1, a2
core   0: 3 0x8000e294 (0x8db1) x11 0x00000056
core   0: 0x8000e296 (0x00b14603) lbu     a2, 11(sp)
core   0: 3 0x8000e296 (0x00b14603) x12 0x000000da mem 0x80012b47
core   0: 0x8000e29a (0x408a0033) sub     zero, s4, s0
core   0: 3 0x8000e29a (0x408a0033)
core   0: 0x8000e29e (0x00004512) c.lwsp  a0, 4(sp)
core   0: 3 0x8000e29e (0x4512) x10 0x6e62196f mem 0x80012b40
core   0: 0x8000e2a0 (0xffe10003) lb      zero, -2(sp)
core   0: 3 0x8000e2a0 (0xffe10003) mem 0x80012b3a
core   0: 0x8000e2a4 (0x00015d97) auipc   s11, 0x15
core   0: 3 0x8000e2a4 (0x00015d97) x27 0x800232a4
core   0: 0x8000e2a8 (0xdacd8d93) addi    s11, s11, -596
core   0: 3 0x8000e2a8 (0xdacd8d93) x27 0x80023050
core   0: 0x8000e2ac (0x00015617) auipc   a2, 0x15
core   0: 3 0x8000e2ac (0x00015617) x12 0x800232ac
core   0: 0x8000e2b0 (0xdd460613) addi    a2, a2, -556
core   0: 3 0x8000e2b0 (0xdd460613) x12 0x80023080
core   0: 0x8000e2b4 (0x04eda5af) amoadd.w a1, a4, (s11)
core   0: 3 0x8000e2b4 (0x04eda5af) x11 0x8001e267 mem 0x80023050 mem 0x80023050 0x7f795b1e
core   0: 0x8000e2b8 (0x83a62b2f) amomin.w s6, s10, (a2)
core   0: 3 0x8000e2b8 (0x83a62b2f) x22 0x0000cc58 mem 0x80023080 mem 0x80023080 0x0000cc58
core   0: 0x8000e2bc (0x00004d17) auipc   s10, 0x4
core   0: 3 0x8000e2bc (0x00004d17) x26 0x800122bc
core   0: 0x8000e2c0 (0x419d0d13) addi    s10, s10, 1049
core   0: 3 0x8000e2c0 (0x419d0d13) x26 0x800126d5
core   0: 0x8000e2c4 (0x00004f97) auipc   t6, 0x4
core   0: 3 0x8000e2c4 (0x00004f97) x31 0x800122c4
core   0: 0x8000e2c8 (0xfe4f8f93) addi    t6, t6, -28
core   0: 3 0x8000e2c8 (0xfe4f8f93) x31 0x800122a8
core   0: 0x8000e2cc (0x002f9723) sh      sp, 14(t6)
core   0: 3 0x8000e2cc (0x002f9723) mem 0x800122b6 0x2b3c
core   0: 0x8000e2d0 (0xf9ad0203) lb      tp, -102(s10)
core   0: 3 0x8000e2d0 (0xf9ad0203) x 4 0xfffffffa mem 0x8001266f
core   0: 0x8000e2d4 (0x091d4083) lbu     ra, 145(s10)
core   0: 3 0x8000e2d4 (0x091d4083) x 1 0x000000b4 mem 0x80012766
core   0: 0x8000e2d8 (0x09cd0503) lb      a0, 156(s10)
core   0: 3 0x8000e2d8 (0x09cd0503) x10 0x00000073 mem 0x80012771
core   0: 0x8000e2dc (0x0b5fa023) sw      s5, 160(t6)
core   0: 3 0x8000e2dc (0x0b5fa023) mem 0x80012348 0x9976d545
core   0: 0x8000e2e0 (0xf90d4003) lbu     zero, -112(s10)
core   0: 3 0x8000e2e0 (0xf90d4003) mem 0x80012665
core   0: 0x8000e2e4 (0xf5efcf03) lbu     t5, -162(t6)
core   0: 3 0x8000e2e4 (0xf5efcf03) x30 0x0000000b mem 0x80012206
core   0: 0x8000e2e8 (0x092fd983) lhu     s3, 146(t6)
core   0: 3 0x8000e2e8 (0x092fd983) x19 0x0000d03b mem 0x8001233a
core   0: 0x8000e2ec (0x04ed0123) sb      a4, 66(s10)
core   0: 3 0x8000e2ec (0x04ed0123) mem 0x80012717 0xb7
core   0: 0x8000e2f0 (0xfa6fae23) sw      t1, -68(t6)
core   0: 3 0x8000e2f0 (0xfa6fae23) mem 0x80012264 0xffffffdb
core   0: 0x8000e2f4 (0xf7bd4703) lbu     a4, -133(s10)
core   0: 3 0x8000e2f4 (0xf7bd4703) x14 0x000000e2 mem 0x80012650
core   0: 0x8000e2f8 (0xfbbd0283) lb      t0, -69(s10)
core   0: 3 0x8000e2f8 (0xfbbd0283) x 5 0xffffffa1 mem 0x80012690
core   0: 0x8000e2fc (0xfc5f8983) lb      s3, -59(t6)
core   0: 3 0x8000e2fc (0xfc5f8983) x19 0xffffff8e mem 0x8001226d
core   0: 0x8000e300 (0x058d0b83) lb      s7, 88(s10)
core   0: 3 0x8000e300 (0x058d0b83) x23 0xffffff95 mem 0x8001272d
core   0: 0x8000e304 (0xf06d4d83) lbu     s11, -250(s10)
core   0: 3 0x8000e304 (0xf06d4d83) x27 0x0000006a mem 0x800125db
core   0: 0x8000e308 (0x0c5fc183) lbu     gp, 197(t6)
core   0: 3 0x8000e308 (0x0c5fc183) x 3 0x000000c7 mem 0x8001236d
core   0: 0x8000e30c (0x00015a97) auipc   s5, 0x15
core   0: 3 0x8000e30c (0x00015a97) x21 0x8002330c
core   0: 0x8000e310 (0xd78a8a93) addi    s5, s5, -648
core   0: 3 0x8000e310 (0xd78a8a93) x21 0x80023084
core   0: 0x8000e314 (0x140aa2af) lr.w    t0, (s5)
core   0: 3 0x8000e314 (0x140aa2af) x 5 0x00000096 mem 0x80023084
core   0: 0x8000e318 (0x00000e75) c.addi  t3, 29
core   0: 3 0x8000e318 (0x0e75) x28 0xffffffa9
core   0: 0x8000e31a (0x0128ffb3) and     t6, a7, s2
core   0: 3 0x8000e31a (0x0128ffb3) x31 0x00000080
core   0: 0x8000e31e (0x00000e09) c.addi  t3, 2
core   0: 3 0x8000e31e (0x0e09) x28 0xffffffab
core   0: 0x8000e320 (0x00008cc9) c.or    s1, a0
core   0: 3 0x8000e320 (0x8cc9) x 9 0x00000077
core   0: 0x8000e322 (0x00a64db3) xor     s11, a2, a0
core   0: 3 0x8000e322 (0x00a64db3) x27 0x800230f3
core   0: 0x8000e326 (0x1b8aa9af) sc.w    s3, s8, (s5)
core   0: 3 0x8000e326 (0x1b8aa9af) x19 0x00000000 mem 0x80023084 0x9628fa99
core   0: 0x8000e32a (0x00015c97) auipc   s9, 0x15
core   0: 3 0x8000e32a (0x00015c97) x25 0x8002332a
core   0: 0x8000e32e (0xd1ec8c93) addi    s9, s9, -738
core   0: 3 0x8000e32e (0xd1ec8c93) x25 0x80023048
core   0: 0x8000e332 (0x417c0e33) sub     t3, s8, s7
core   0: 3 0x8000e332 (0x417c0e33) x28 0x9628fb04
core   0: 0x8000e336 (0x0183af33) slt     t5, t2, s8
core   0: 3 0x8000e336 (0x0183af33) x30 0x00000000
core   0: 0x8000e33a (0x411355b3) sra     a1, t1, a7
core   0: 3 0x8000e33a (0x411355b3) x11 0xffffffdb
core   0: 0x8000e33e (0x000087f1) c.srai  a5, 28
core   0: 3 0x8000e33e (0x87f1) x15 0x00000007
core   0: 0x8000e340 (0x140ca4af) lr.w    s1, (s9)
core   0: 3 0x8000e340 (0x140ca4af) x 9 0x80023048 mem 0x80023048
core   0: 0x8000e344 (0x18dca9af) sc.w    s3, a3, (s9)
core   0: 3 0x8000e344 (0x18dca9af) x19 0x00000000 mem 0x80023048 0x8002bd24
core   0: 0x8000e348 (0x00005117) auipc   sp, 0x5
core   0: 3 0x8000e348 (0x00005117) x 2 0x80013348
core   0: 0x8000e34c (0x9f810113) addi    sp, sp, -1544
core   0: 3 0x8000e34c (0x9f810113) x 2 0x80012d40
core   0: 0x8000e350 (0x83a14503) lbu     a0, -1990(sp)
core   0: 3 0x8000e350 (0x83a14503) x10 0x000000c0 mem 0x8001257a
core   0: 0x8000e354 (0xc3610fa3) sb      s6, -961(sp)
core   0: 3 0x8000e354 (0xc3610fa3) mem 0x8001297f 0x58
core   0: 0x8000e358 (0x0ff0000f) fence   iorw,iorw
core   0: 3 0x8000e358 (0x0ff0000f)
core   0: 0x8000e35c (0x9e410da3) sb      tp, -1541(sp)
core   0: 3 0x8000e35c (0x9e410da3) mem 0x8001273b 0xfa
core   0: 0x8000e360 (0xf4814b03) lbu     s6, -184(sp)
core   0: 3 0x8000e360 (0xf4814b03) x22 0x00000027 mem 0x80012c88
core   0: 0x8000e364 (0x99710c83) lb      s9, -1641(sp)
core   0: 3 0x8000e364 (0x99710c83) x25 0xffffffe8 mem 0x800126d7
core   0: 0x8000e368 (0x00008d69) c.and   a0, a0
core   0: 3 0x8000e368 (0x8d69) x10 0x000000c0
core   0: 0x8000e36a (0xa7911223) sh      s9, -1436(sp)
core   0: 3 0x8000e36a (0xa7911223) mem 0x800127a4 0xffe8
core   0: 0x8000e36e (0xcb810c83) lb      s9, -840(sp)
core   0: 3 0x8000e36e (0xcb810c83) x25 0x0000003b mem 0x800129f8
core   0: 0x8000e372 (0x81910c83) lb      s9, -2023(sp)
core   0: 3 0x8000e372 (0x81910c83) x25 0x00000064 mem 0x80012559
core   0: 0x8000e376 (0x40475b33) sra     s6, a4, tp
core   0: 3 0x8000e376 (0x40475b33) x22 0x00000000
core   0: 0x8000e37a (0xb2a10aa3) sb      a0, -1227(sp)
core   0: 3 0x8000e37a (0xb2a10aa3) mem 0x80012875 0xc0
core   0: 0x8000e37e (0x00004ce1) c.li    s9, 24
core   0: 3 0x8000e37e (0x4ce1) x25 0x00000018
core   0: 0x8000e380 (0xd1314203) lbu     tp, -749(sp)
core   0: 3 0x8000e380 (0xd1314203) x 4 0x00000093 mem 0x80012a53
core   0: 0x8000e384 (0x1df10503) lb      a0, 479(sp)
core   0: 3 0x8000e384 (0x1df10503) x10 0x00000000 mem 0x80012f1f
core   0: 0x8000e388 (0x85614c83) lbu     s9, -1962(sp)
core   0: 3 0x8000e388 (0x85614c83) x25 0x0000001d mem 0x80012596
core   0: 0x8000e38c (0xb2114b03) lbu     s6, -1247(sp)
core   0: 3 0x8000e38c (0xb2114b03) x22 0x0000006a mem 0x80012861
core   0: 0x8000e390 (0x92015b03) lhu     s6, -1760(sp)
core   0: 3 0x8000e390 (0x92015b03) x22 0x0000498b mem 0x80012660
core   0: 0x8000e394 (0x11f10b03) lb      s6, 287(sp)
core   0: 3 0x8000e394 (0x11f10b03) x22 0x00000036 mem 0x80012e5f
core   0: 0x8000e398 (0x00008171) c.srli  a0, 28
core   0: 3 0x8000e398 (0x8171) x10 0x00000000
core   0: 0x8000e39a (0xc7a56f13) ori     t5, a0, -902
core   0: 3 0x8000e39a (0xc7a56f13) x30 0xfffffc7a
core   0: 0x8000e39e (0x0e4105a3) sb      tp, 235(sp)
core   0: 3 0x8000e39e (0x0e4105a3) mem 0x80012e2b 0x93
core   0: 0x8000e3a2 (0x0ce105a3) sb      a4, 203(sp)
core   0: 3 0x8000e3a2 (0x0ce105a3) mem 0x80012e0b 0xe2
core   0: 0x8000e3a6 (0xa1d73f13) sltiu   t5, a4, -1507
core   0: 3 0x8000e3a6 (0xa1d73f13) x30 0x00000001
core   0: 0x8000e3aa (0x40470533) sub     a0, a4, tp
core   0: 3 0x8000e3aa (0x40470533) x10 0x0000004f
core   0: 0x8000e3ae (0x00008349) c.srli  a4, 18
core   0: 3 0x8000e3ae (0x8349) x14 0x00000000
core   0: 0x8000e3b0 (0x00af6b33) or      s6, t5, a0
core   0: 3 0x8000e3b0 (0x00af6b33) x22 0x0000004f
core   0: 0x8000e3b4 (0xeb411203) lh      tp, -332(sp)
core   0: 3 0x8000e3b4 (0xeb411203) x 4 0x000007a5 mem 0x80012bf4
core   0: 0x8000e3b8 (0x084102a3) sb      tp, 133(sp)
core   0: 3 0x8000e3b8 (0x084102a3) mem 0x80012dc5 0xa5
core   0: 0x8000e3bc (0x685f0f13) addi    t5, t5, 1669
core   0: 3 0x8000e3bc (0x685f0f13) x30 0x00000686
core   0: 0x8000e3c0 (0x04215203) lhu     tp, 66(sp)
core   0: 3 0x8000e3c0 (0x04215203) x 4 0x0000d4e1 mem 0x80012d82
core   0: 0x8000e3c4 (0x190f7513) andi    a0, t5, 400
core   0: 3 0x8000e3c4 (0x190f7513) x10 0x00000080
core   0: 0x8000e3c8 (0x404f0f33) sub     t5, t5, tp
core   0: 3 0x8000e3c8 (0x404f0f33) x30 0xffff31a5
core   0: 0x8000e3cc (0xa3e22c93) slti    s9, tp, -1474
core   0: 3 0x8000e3cc (0xa3e22c93) x25 0x00000000
core   0: 0x8000e3d0 (0x27c14b03) lbu     s6, 636(sp)
core   0: 3 0x8000e3d0 (0x27c14b03) x22 0x00000000 mem 0x80012fbc
core   0: 0x8000e3d4 (0x2ef10503) lb      a0, 751(sp)
core   0: 3 0x8000e3d4 (0x2ef10503) x10 0x00000065 mem 0x8001302f
core   0: 0x8000e3d8 (0xf4a10123) sb      a0, -190(sp)
core   0: 3 0x8000e3d8 (0xf4a10123) mem 0x80012c82 0x65
core   0: 0x8000e3dc (0x0000054e) c.slli  a0, 19
core   0: 3 0x8000e3dc (0x054e) x10 0x03280000
core   0: 0x8000e3de (0x00008b2a) c.mv    s6, a0
core   0: 3 0x8000e3de (0x8b2a) x22 0x03280000
core   0: 0x8000e3e0 (0x91f10203) lb      tp, -1761(sp)
core   0: 3 0x8000e3e0 (0x91f10203) x 4 0x00000050 mem 0x8001265f
core   0: 0x8000e3e4 (0xf5211c83) lh      s9, -174(sp)
core   0: 3 0x8000e3e4 (0xf5211c83) x25 0xffff8274 mem 0x80012c92
core   0: 0x8000e3e8 (0x1cf10f03) lb      t5, 463(sp)
core   0: 3 0x8000e3e8 (0x1cf10f03) x30 0x0000002b mem 0x80012f0f
core   0: 0x8000e3ec (0x00015e97) auipc   t4, 0x15
core   0: 3 0x8000e3ec (0x00015e97) x29 0x800233ec
core   0: 0x8000e3f0 (0xc8ce8e93) addi    t4, t4, -884
core   0: 3 0x8000e3f0 (0xc8ce8e93) x29 0x80023078
core   0: 0x8000e3f4 (0x00015197) auipc   gp, 0x15
core   0: 3 0x8000e3f4 (0x00015197) x 3 0x800233f4
core   0: 0x8000e3f8 (0xc6418193) addi    gp, gp, -924
core   0: 3 0x8000e3f8 (0xc6418193) x 3 0x80023058
core   0: 0x8000e3fc (0xa43eac2f) amomax.w s8, gp, (t4)
core   0: 3 0x8000e3fc (0xa43eac2f) x24 0x00000000 mem 0x80023078 mem 0x80023078 0x00000000
core   0: 0x8000e400 (0x000ea12f) amoadd.w sp, zero, (t4)
core   0: 3 0x8000e400 (0x000ea12f) x 2 0x00000000 mem 0x80023078 mem 0x80023078 0x00000000
core   0: 0x8000e404 (0xc021af2f) amominu.w t5, sp, (gp)
core   0: 3 0x8000e404 (0xc021af2f) x30 0x412f2800 mem 0x80023058 mem 0x80023058 0x00000000
core   0: 0x8000e408 (0x01cea4af) amoadd.w s1, t3, (t4)
core   0: 3 0x8000e408 (0x01cea4af) x 9 0x00000000 mem 0x80023078 mem 0x80023078 0x9628fb04
core   0: 0x8000e40c (0x451ea7af) amoor.w a5, a7, (t4)
core   0: 3 0x8000e40c (0x451ea7af) x15 0x9628fb04 mem 0x80023078 mem 0x80023078 0x9629ffa4
core   0: 0x8000e410 (0x00015e97) auipc   t4, 0x15
core   0: 3 0x8000e410 (0x00015e97) x29 0x80023410
core   0: 0x8000e414 (0xc58e8e93) addi    t4, t4, -936
core   0: 3 0x8000e414 (0xc58e8e93) x29 0x80023068
core   0: 0x8000e418 (0x00005d7d) c.li    s10, -1
core   0: 3 0x8000e418 (0x5d7d) x26 0xffffffff
core   0: 0x8000e41a (0x437eacaf) amoor.w s9, s7, (t4)
core   0: 3 0x8000e41a (0x437eacaf) x25 0x000000ff mem 0x80023068 mem 0x80023068 0xffffffff
core   0: 0x8000e41e (0x00015a17) auipc   s4, 0x15
core   0: 3 0x8000e41e (0x00015a17) x20 0x8002341e
core   0: 0x8000e422 (0xc4ea0a13) addi    s4, s4, -946
core   0: 3 0x8000e422 (0xc4ea0a13) x20 0x8002306c
core   0: 0x8000e426 (0x140a2baf) lr.w    s7, (s4)
core   0: 3 0x8000e426 (0x140a2baf) x23 0x800202e4 mem 0x8002306c
core   0: 0x8000e42a (0x1a3a21af) sc.w    gp, gp, (s4)
core   0: 3 0x8000e42a (0x1a3a21af) x 3 0x00000000 mem 0x8002306c 0x80023058
core   0: 0x8000e42e (0x00004097) auipc   ra, 0x4
core   0: 3 0x8000e42e (0x00004097) x 1 0x8001242e
core   0: 0x8000e432 (0x4bb08093) addi    ra, ra, 1211
core   0: 3 0x8000e432 (0x4bb08093) x 1 0x800128e9
core   0: 0x8000e436 (0x08408323) sb      tp, 134(ra)
core   0: 3 0x8000e436 (0x08408323) mem 0x8001296f 0x50
core   0: 0x8000e43a (0x00012217) auipc   tp, 0x12
core   0: 3 0x8000e43a (0x00012217) x 4 0x8002043a
core   0: 0x8000e43e (0x5c420213) addi    tp, tp, 1476
core   0: 3 0x8000e43e (0x5c420213) x 4 0x800209fe
core   0: 0x8000e442 (0xc8c08503) lb      a0, -884(ra)
core   0: 3 0x8000e442 (0xc8c08503) x10 0x0000007e mem 0x80012575
core   0: 0x8000e446 (0xded09b83) lh      s7, -531(ra)
core   0: 3 0x8000e446 (0xded09b83) x23 0xffffe8e9 mem 0x800126d6
core   0: 0x8000e44a (0x00520583) lb      a1, 5(tp)
core   0: 3 0x8000e44a (0x00520583) x11 0xfffffff3 mem 0x80020a03
core   0: 0x8000e44e (0x00620a03) lb      s4, 6(tp)
core   0: 3 0x8000e44e (0x00620a03) x20 0xffffffae mem 0x80020a04
core   0: 0x8000e452 (0xdf908e03) lb      t3, -519(ra)
core   0: 3 0x8000e452 (0xdf908e03) x28 0xffffff9c mem 0x800126e2
core   0: 0x8000e456 (0xe5f09ba3) sh      t6, -425(ra)
core   0: 3 0x8000e456 (0xe5f09ba3) mem 0x80012740 0x0080
core   0: 0x8000e45a (0xff620b23) sb      s6, -10(tp)
core   0: 3 0x8000e45a (0xff620b23) mem 0x800209f4 0x0
core   0: 0x8000e45e (0x4c00ca83) lbu     s5, 1216(ra)
core   0: 3 0x8000e45e (0x4c00ca83) x21 0x0000002f mem 0x80012da9
core   0: 0x8000e462 (0x41b0cd03) lbu     s10, 1051(ra)
core   0: 3 0x8000e462 (0x41b0cd03) x26 0x0000008e mem 0x80012d04
core   0: 0x8000e466 (0xffe20a03) lb      s4, -2(tp)
core   0: 3 0x8000e466 (0xffe20a03) x20 0x0000004e mem 0x800209fc
core   0: 0x8000e46a (0x70d08e83) lb      t4, 1805(ra)
core   0: 3 0x8000e46a (0x70d08e83) x29 0xffffff9e mem 0x80012ff6
core   0: 0x8000e46e (0xa3008a83) lb      s5, -1488(ra)
core   0: 3 0x8000e46e (0xa3008a83) x21 0x0000002e mem 0x80012319
core   0: 0x8000e472 (0xff020403) lb      s0, -16(tp)
core   0: 3 0x8000e472 (0xff020403) x 8 0xffffff9c mem 0x800209ee
core   0: 0x8000e476 (0xd9f08483) lb      s1, -609(ra)
core   0: 3 0x8000e476 (0xd9f08483) x 9 0xffffff93 mem 0x80012688
core   0: 0x8000e47a (0xff720b03) lb      s6, -9(tp)
core   0: 3 0x8000e47a (0xff720b03) x22 0xfffffff9 mem 0x800209f5
core   0: 0x8000e47e (0x00009597) auipc   a1, 0x9
core   0: 3 0x8000e47e (0x00009597) x11 0x8001747e
core   0: 0x8000e482 (0x35758593) addi    a1, a1, 855
core   0: 3 0x8000e482 (0x35758593) x11 0x800177d5
core   0: 0x8000e486 (0x037172b3) remu    t0, sp, s7
core   0: 3 0x8000e486 (0x037172b3) x 5 0x00000000
core   0: 0x8000e48a (0x77c5c603) lbu     a2, 1916(a1)
core   0: 3 0x8000e48a (0x77c5c603) x12 0x0000001b mem 0x80017f51
core   0: 0x8000e48e (0x03767bb3) remu    s7, a2, s7
core   0: 3 0x8000e48e (0x03767bb3) x23 0x0000001b
core   0: 0x8000e492 (0x8142e613) ori     a2, t0, -2028
core   0: 3 0x8000e492 (0x8142e613) x12 0xfffff814
core   0: 0x8000e496 (0xb015d103) lhu     sp, -1279(a1)
core   0: 3 0x8000e496 (0xb015d103) x 2 0x00002195 mem 0x800172d6
core   0: 0x8000e49a (0x00000001) c.nop
core   0: 3 0x8000e49a (0x0001)
core   0: 0x8000e49c (0x0a258ca3) sb      sp, 185(a1)
core   0: 3 0x8000e49c (0x0a258ca3) mem 0x8001788e 0x95
core   0: 0x8000e4a0 (0x00008f79) c.and   a4, a4
core   0: 3 0x8000e4a0 (0x8f79) x14 0x00000000
core   0: 0x8000e4a2 (0x000019fd) c.addi  s3, -1
core   0: 3 0x8000e4a2 (0x19fd) x19 0xffffffff
core   0: 0x8000e4a4 (0x000049e1) c.li    s3, 24
core   0: 3 0x8000e4a4 (0x49e1) x19 0x00000018
core   0: 0x8000e4a6 (0x98c58983) lb      s3, -1652(a1)
core   0: 3 0x8000e4a6 (0x98c58983) x19 0xffffffb8 mem 0x80017161
core   0: 0x8000e4aa (0x00000001) c.nop
core   0: 3 0x8000e4aa (0x0001)
core   0: 0x8000e4ac (0x8b35a603) lw      a2, -1869(a1)
core   0: 3 0x8000e4ac (0x8b35a603) x12 0xd190791f mem 0x80017088
core   0: 0x8000e4b0 (0x054b8113) addi    sp, s7, 84
core   0: 3 0x8000e4b0 (0x054b8113) x 2 0x0000006f
core   0: 0x8000e4b4 (0x3b65c283) lbu     t0, 950(a1)
core   0: 3 0x8000e4b4 (0x3b65c283) x 5 0x000000f8 mem 0x80017b8b
core   0: 0x8000e4b8 (0x0595d103) lhu     sp, 89(a1)
core   0: 3 0x8000e4b8 (0x0595d103) x 2 0x00000e69 mem 0x8001782e
core   0: 0x8000e4bc (0x7b758ea3) sb      s7, 1981(a1)
core   0: 3 0x8000e4bc (0x7b758ea3) mem 0x80017f92 0x1b
core   0: 0x8000e4c0 (0x0000717d) c.addi16sp sp, -16
core   0: 3 0x8000e4c0 (0x717d) x 2 0x00000e59
core   0: 0x8000e4c2 (0x7a75a603) lw      a2, 1959(a1)
core   0: 3 0x8000e4c2 (0x7a75a603) x12 0x856a8714 mem 0x80017f7c
core   0: 0x8000e4c6 (0x0000100f) fence.i
core   0: 3 0x8000e4c6 (0x0000100f)
core   0: 0x8000e4ca (0x8c058283) lb      t0, -1856(a1)
core   0: 3 0x8000e4ca (0x8c058283) x 5 0x00000014 mem 0x80017095
core   0: 0x8000e4ce (0x02c75133) divu    sp, a4, a2
core   0: 3 0x8000e4ce (0x02c75133) x 2 0x00000000
core   0: 0x8000e4d2 (0x86f59283) lh      t0, -1937(a1)
core   0: 3 0x8000e4d2 (0x86f59283) x 5 0x0000510e mem 0x80017044
core   0: 0x8000e4d6 (0x9fc5c703) lbu     a4, -1540(a1)
core   0: 3 0x8000e4d6 (0x9fc5c703) x14 0x000000dc mem 0x800171d1
core   0: 0x8000e4da (0x00c2a633) slt     a2, t0, a2
core   0: 3 0x8000e4da (0x00c2a633) x12 0x00000000
core   0: 0x8000e4de (0xa8c5c983) lbu     s3, -1396(a1)
core   0: 3 0x8000e4de (0xa8c5c983) x19 0x00000060 mem 0x80017261
core   0: 0x8000e4e2 (0x00260bb3) add     s7, a2, sp
core   0: 3 0x8000e4e2 (0x00260bb3) x23 0x00000000
core   0: 0x8000e4e6 (0x00d75993) srli    s3, a4, 13
core   0: 3 0x8000e4e6 (0x00d75993) x19 0x00000000
core   0: 0x8000e4ea (0x01365633) srl     a2, a2, s3
core   0: 3 0x8000e4ea (0x01365633) x12 0x00000000
core   0: 0x8000e4ee (0xeea58983) lb      s3, -278(a1)
core   0: 3 0x8000e4ee (0xeea58983) x19 0xffffffe3 mem 0x800176bf
core   0: 0x8000e4f2 (0x4925c103) lbu     sp, 1170(a1)
core   0: 3 0x8000e4f2 (0x4925c103) x 2 0x000000f5 mem 0x80017c67
core   0: 0x8000e4f6 (0xd815d983) lhu     s3, -639(a1)
core   0: 3 0x8000e4f6 (0xd815d983) x19 0x00007632 mem 0x80017556
core   0: 0x8000e4fa (0x00008116) c.mv    sp, t0
core   0: 3 0x8000e4fa (0x8116) x 2 0x0000510e
core   0: 0x8000e4fc (0xc62598a3) sh      sp, -911(a1)
core   0: 3 0x8000e4fc (0xc62598a3) mem 0x80017446 0x510e
core   0: 0x8000e500 (0x35e58283) lb      t0, 862(a1)
core   0: 3 0x8000e500 (0x35e58283) x 5 0xffffffcc mem 0x80017b33
core   0: 0x8000e504 (0x5135db83) lhu     s7, 1299(a1)
core   0: 3 0x8000e504 (0x5135db83) x23 0x00009fc9 mem 0x80017ce8
core   0: 0x8000e508 (0xd425c603) lbu     a2, -702(a1)
core   0: 3 0x8000e508 (0xd425c603) x12 0x000000ca mem 0x80017517
core   0: 0x8000e50c (0x0000863a) c.mv    a2, a4
core   0: 3 0x8000e50c (0x863a) x12 0x000000dc
core   0: 0x8000e50e (0x01761113) slli    sp, a2, 23
core   0: 3 0x8000e50e (0x01761113) x 2 0x6e000000
core   0: 0x8000e512 (0xa455c283) lbu     t0, -1467(a1)
core   0: 3 0x8000e512 (0xa455c283) x 5 0x000000ed mem 0x8001721a
core   0: 0x8000e516 (0x346a2737) lui     a4, 0x346a2
core   0: 3 0x8000e516 (0x346a2737) x14 0x346a2000
core   0: 0x8000e51a (0x00008a71) c.andi  a2, 28
core   0: 3 0x8000e51a (0x8a71) x12 0x0000001c
core   0: 0x8000e51c (0xbd05c103) lbu     sp, -1072(a1)
core   0: 3 0x8000e51c (0xbd05c103) x 2 0x0000006d mem 0x800173a5
core   0: 0x8000e520 (0x025169b3) rem     s3, sp, t0
core   0: 3 0x8000e520 (0x025169b3) x19 0x0000006d
core   0: 0x8000e524 (0x29a58103) lb      sp, 666(a1)
core   0: 3 0x8000e524 (0x29a58103) x 2 0x0000006f mem 0x80017a6f
core   0: 0x8000e528 (0x84c58703) lb      a4, -1972(a1)
core   0: 3 0x8000e528 (0x84c58703) x14 0x00000003 mem 0x80017021
core   0: 0x8000e52c (0x0172b2b3) sltu    t0, t0, s7
core   0: 3 0x8000e52c (0x0172b2b3) x 5 0x00000001
core   0: 0x8000e530 (0x01329993) slli    s3, t0, 19
core   0: 3 0x8000e530 (0x01329993) x19 0x00080000
core   0: 0x8000e534 (0x00001698) c.addi4spn a4, sp, 864
core   0: 3 0x8000e534 (0x1698) x14 0x000003cf
core   0: 0x8000e536 (0xa5b5a703) lw      a4, -1445(a1)
core   0: 3 0x8000e536 (0xa5b5a703) x14 0x8711b857 mem 0x80017230
core   0: 0x8000e53a (0x00013997) auipc   s3, 0x13
core   0: 3 0x8000e53a (0x00013997) x19 0x8002153a
core   0: 0x8000e53e (0x98c98993) addi    s3, s3, -1652
core   0: 3 0x8000e53e (0x98c98993) x19 0x80020ec6
core   0: 0x8000e542 (0xffd98183) lb      gp, -3(s3)
core   0: 3 0x8000e542 (0xffd98183) x 3 0x00000004 mem 0x80020ec3
core   0: 0x8000e546 (0xfee98ea3) sb      a4, -3(s3)
core   0: 3 0x8000e546 (0xfee98ea3) mem 0x80020ec3 0x57
core   0: 0x8000e54a (0xfea98ea3) sb      a0, -3(s3)
core   0: 3 0x8000e54a (0xfea98ea3) mem 0x80020ec3 0x7e
core   0: 0x8000e54e (0xfef98ea3) sb      a5, -3(s3)
core   0: 3 0x8000e54e (0xfef98ea3) mem 0x80020ec3 0x4
core   0: 0x8000e552 (0xff398f83) lb      t6, -13(s3)
core   0: 3 0x8000e552 (0xff398f83) x31 0x00000020 mem 0x80020eb9
core   0: 0x8000e556 (0x02709933) mulh    s2, ra, t2
core   0: 3 0x8000e556 (0x02709933) x18 0x00000000
core   0: 0x8000e55a (0xff39c783) lbu     a5, -13(s3)
core   0: 3 0x8000e55a (0xff39c783) x15 0x00000020 mem 0x80020eb9
core   0: 0x8000e55e (0x00798883) lb      a7, 7(s3)
core   0: 3 0x8000e55e (0x00798883) x17 0x00000041 mem 0x80020ecd
core   0: 0x8000e562 (0x00798303) lb      t1, 7(s3)
core   0: 3 0x8000e562 (0x00798303) x 6 0x00000041 mem 0x80020ecd
core   0: 0x8000e566 (0xfe098fa3) sb      zero, -1(s3)
core   0: 3 0x8000e566 (0xfe098fa3) mem 0x80020ec5 0x0
core   0: 0x8000e56a (0xfff98903) lb      s2, -1(s3)
core   0: 3 0x8000e56a (0xfff98903) x18 0x00000000 mem 0x80020ec5
core   0: 0x8000e56e (0xffd98fa3) sb      t4, -1(s3)
core   0: 3 0x8000e56e (0xffd98fa3) mem 0x80020ec5 0x9e
core   0: 0x8000e572 (0x00013f17) auipc   t5, 0x13
core   0: 3 0x8000e572 (0x00013f17) x30 0x80021572
core   0: 0x8000e576 (0x84df0f13) addi    t5, t5, -1971
core   0: 3 0x8000e576 (0x84df0f13) x30 0x80020dbf
core   0: 0x8000e57a (0xe7bf0c83) lb      s9, -389(t5)
core   0: 3 0x8000e57a (0xe7bf0c83) x25 0x0000001c mem 0x80020c3a
core   0: 0x8000e57e (0xe7bf5583) lhu     a1, -389(t5)
core   0: 3 0x8000e57e (0xe7bf5583) x11 0x0000001c mem 0x80020c3a
core   0: 0x8000e582 (0xe7bf4983) lbu     s3, -389(t5)
core   0: 3 0x8000e582 (0xe7bf4983) x19 0x0000001c mem 0x80020c3a
core   0: 0x8000e586 (0xe7bf4b03) lbu     s6, -389(t5)
core   0: 3 0x8000e586 (0xe7bf4b03) x22 0x0000001c mem 0x80020c3a
core   0: 0x8000e58a (0xe74f0da3) sb      s4, -389(t5)
core   0: 3 0x8000e58a (0xe74f0da3) mem 0x80020c3a 0x4e
core   0: 0x8000e58e (0xe7bf0403) lb      s0, -389(t5)
core   0: 3 0x8000e58e (0xe7bf0403) x 8 0x0000004e mem 0x80020c3a
core   0: 0x8000e592 (0x0245f2b3) remu    t0, a1, tp
core   0: 3 0x8000e592 (0x0245f2b3) x 5 0x0000001c
core   0: 0x8000e596 (0x033785b3) mul     a1, a5, s3
core   0: 3 0x8000e596 (0x033785b3) x11 0x00000380
core   0: 0x8000e59a (0xe7bf0c03) lb      s8, -389(t5)
core   0: 3 0x8000e59a (0xe7bf0c03) x24 0x0000004e mem 0x80020c3a
core   0: 0x8000e59e (0x01fb02b3) add     t0, s6, t6
core   0: 3 0x8000e59e (0x01fb02b3) x 5 0x0000003c
core   0: 0x8000e5a2 (0x00008c99) c.sub   s1, a4
core   0: 3 0x8000e5a2 (0x8c99) x 9 0x78ee473c
core   0: 0x8000e5a4 (0xe73f0da3) sb      s3, -389(t5)
core   0: 3 0x8000e5a4 (0xe73f0da3) mem 0x80020c3a 0x1c
core   0: 0x8000e5a8 (0xe6cf1da3) sh      a2, -389(t5)
core   0: 3 0x8000e5a8 (0xe6cf1da3) mem 0x80020c3a 0x001c
core   0: 0x8000e5ac (0xe7bf1b03) lh      s6, -389(t5)
core   0: 3 0x8000e5ac (0xe7bf1b03) x22 0x0000001c mem 0x80020c3a
core   0: 0x8000e5b0 (0xe7bf5403) lhu     s0, -389(t5)
core   0: 3 0x8000e5b0 (0xe7bf5403) x 8 0x0000001c mem 0x80020c3a
core   0: 0x8000e5b4 (0x096f09a3) sb      s6, 147(t5)
core   0: 3 0x8000e5b4 (0x096f09a3) mem 0x80020e52 0x1c
core   0: 0x8000e5b8 (0x00000100) c.addi4spn s0, sp, 128
core   0: 3 0x8000e5b8 (0x0100) x 8 0x000000ef
core   0: 0x8000e5ba (0x093f5e03) lhu     t3, 147(t5)
core   0: 3 0x8000e5ba (0x093f5e03) x28 0x0000511c mem 0x80020e52
core   0: 0x8000e5be (0x00015197) auipc   gp, 0x15
core   0: 3 0x8000e5be (0x00015197) x 3 0x800235be
core   0: 0x8000e5c2 (0xaa618193) addi    gp, gp, -1370
core   0: 3 0x8000e5c2 (0xaa618193) x 3 0x80023064
core   0: 0x8000e5c6 (0x0137db33) srl     s6, a5, s3
core   0: 3 0x8000e5c6 (0x0137db33) x22 0x00000000
core   0: 0x8000e5ca (0xa0e1a8af) amomax.w a7, a4, (gp)
core   0: 3 0x8000e5ca (0xa0e1a8af) x17 0x80023070 mem 0x80023064 mem 0x80023064 0x8711b857
core   0: 0x8000e5ce (0x00013117) auipc   sp, 0x13
core   0: 3 0x8000e5ce (0x00013117) x 2 0x800215ce
core   0: 0x8000e5d2 (0x0de10113) addi    sp, sp, 222
core   0: 3 0x8000e5d2 (0x0de10113) x 2 0x800216ac
core   0: 0x8000e5d6 (0xfe314e83) lbu     t4, -29(sp)
core   0: 3 0x8000e5d6 (0xfe314e83) x29 0x000000d2 mem 0x8002168f
core   0: 0x8000e5da (0x00110ba3) sb      ra, 23(sp)
core   0: 3 0x8000e5da (0x00110ba3) mem 0x800216c3 0xe9
core   0: 0x8000e5de (0x01710ba3) sb      s7, 23(sp)
core   0: 3 0x8000e5de (0x01710ba3) mem 0x800216c3 0xc9
core   0: 0x8000e5e2 (0x0000c432) c.swsp  a2, 8(sp)
core   0: 3 0x8000e5e2 (0xc432) mem 0x800216b4 0x0000001c
core   0: 0x8000e5e4 (0x00004ba2) c.lwsp  s7, 8(sp)
core   0: 3 0x8000e5e4 (0x4ba2) x23 0x0000001c mem 0x800216b4
core   0: 0x8000e5e6 (0x0000c402) c.swsp  zero, 8(sp)
core   0: 3 0x8000e5e6 (0xc402) mem 0x800216b4 0x00000000
core   0: 0x8000e5e8 (0xfd9103a3) sb      s9, -57(sp)
core   0: 3 0x8000e5e8 (0xfd9103a3) mem 0x80021673 0x1c
core   0: 0x8000e5ec (0x03710c03) lb      s8, 55(sp)
core   0: 3 0x8000e5ec (0x03710c03) x24 0xfffffffa mem 0x800216e3
core   0: 0x8000e5f0 (0x021104a3) sb      ra, 41(sp)
core   0: 3 0x8000e5f0 (0x021104a3) mem 0x800216d5 0xe9
core   0: 0x8000e5f4 (0x00006c71) c.lui   s8, 0x1c
core   0: 3 0x8000e5f4 (0x6c71) x24 0x0001c000
core   0: 0x8000e5f6 (0xfec10303) lb      t1, -20(sp)
core   0: 3 0x8000e5f6 (0xfec10303) x 6 0x00000064 mem 0x80021698
core   0: 0x8000e5fa (0xfe312223) sw      gp, -28(sp)
core   0: 3 0x8000e5fa (0xfe312223) mem 0x80021690 0x80023064
core   0: 0x8000e5fe (0xfed12223) sw      a3, -28(sp)
core   0: 3 0x8000e5fe (0xfed12223) mem 0x80021690 0x8002bd24
core   0: 0x8000e602 (0xfdf10aa3) sb      t6, -43(sp)
core   0: 3 0x8000e602 (0xfdf10aa3) mem 0x80021681 0x20
core   0: 0x8000e606 (0x00004c86) c.lwsp  s9, 64(sp)
core   0: 3 0x8000e606 (0x4c86) x25 0x55793855 mem 0x800216ec
core   0: 0x8000e608 (0x02714503) lbu     a0, 39(sp)
core   0: 3 0x8000e608 (0x02714503) x10 0x00000072 mem 0x800216d3
core   0: 0x8000e60c (0xff311623) sh      s3, -20(sp)
core   0: 3 0x8000e60c (0xff311623) mem 0x80021698 0x001c
core   0: 0x8000e610 (0x00009f8a) c.add   t6, sp
core   0: 3 0x8000e610 (0x9f8a) x31 0x800216cc
core   0: 0x8000e612 (0x0000d61e) c.swsp  t2, 44(sp)
core   0: 3 0x8000e612 (0xd61e) mem 0x800216d8 0x00000000
core   0: 0x8000e614 (0x00005db2) c.lwsp  s11, 44(sp)
core   0: 3 0x8000e614 (0x5db2) x27 0x00000000 mem 0x800216d8
core   0: 0x8000e616 (0x00004c97) auipc   s9, 0x4
core   0: 3 0x8000e616 (0x00004c97) x25 0x80012616
core   0: 0x8000e61a (0x24ec8c93) addi    s9, s9, 590
core   0: 3 0x8000e61a (0x24ec8c93) x25 0x80012864
core   0: 0x8000e61e (0xffec8183) lb      gp, -2(s9)
core   0: 3 0x8000e61e (0xffec8183) x 3 0xffffffd7 mem 0x80012862
core   0: 0x8000e622 (0x00cc9583) lh      a1, 12(s9)
core   0: 3 0x8000e622 (0x00cc9583) x11 0x000000ef mem 0x80012870
core   0: 0x8000e626 (0x00ccda83) lhu     s5, 12(s9)
core   0: 3 0x8000e626 (0x00ccda83) x21 0x000000ef mem 0x80012870
core   0: 0x8000e62a (0x008ca623) sw      s0, 12(s9)
core   0: 3 0x8000e62a (0x008ca623) mem 0x80012870 0x000000ef
core   0: 0x8000e62e (0x007fd733) srl     a4, t6, t2
core   0: 3 0x8000e62e (0x007fd733) x14 0x800216cc
core   0: 0x8000e632 (0x01dc81a3) sb      t4, 3(s9)
core   0: 3 0x8000e632 (0x01dc81a3) mem 0x80012867 0xd2
core   0: 0x8000e636 (0x027df9b3) remu    s3, s11, t2
core   0: 3 0x8000e636 (0x027df9b3) x19 0x00000000
core   0: 0x8000e63a (0x01e3d533) srl     a0, t2, t5
core   0: 3 0x8000e63a (0x01e3d533) x10 0x00000000
core   0: 0x8000e63e (0x003cc503) lbu     a0, 3(s9)
core   0: 3 0x8000e63e (0x003cc503) x10 0x000000d2 mem 0x80012867
core   0: 0x8000e642 (0x016c81a3) sb      s6, 3(s9)
core   0: 3 0x8000e642 (0x016c81a3) mem 0x80012867 0x0
core   0: 0x8000e646 (0x0072fd33) and     s10, t0, t2
core   0: 3 0x8000e646 (0x0072fd33) x26 0x00000000
core   0: 0x8000e64a (0x00fcce83) lbu     t4, 15(s9)
core   0: 3 0x8000e64a (0x00fcce83) x29 0x00000000 mem 0x80012873
core   0: 0x8000e64e (0x70cf0213) addi    tp, t5, 1804
core   0: 3 0x8000e64e (0x70cf0213) x 4 0x800214cb
core   0: 0x8000e652 (0x00dc8a83) lb      s5, 13(s9)
core   0: 3 0x8000e652 (0x00dc8a83) x21 0x00000000 mem 0x80012871
core   0: 0x8000e656 (0xfebc8aa3) sb      a1, -11(s9)
core   0: 3 0x8000e656 (0xfebc8aa3) mem 0x80012859 0xef
core   0: 0x8000e65a (0xff5cca83) lbu     s5, -11(s9)
core   0: 3 0x8000e65a (0xff5cca83) x21 0x000000ef mem 0x80012859
core   0: 0x8000e65e (0x0000100f) fence.i
core   0: 3 0x8000e65e (0x0000100f)
core   0: 0x8000e662 (0xff5c8303) lb      t1, -11(s9)
core   0: 3 0x8000e662 (0xff5c8303) x 6 0xffffffef mem 0x80012859
core   0: 0x8000e666 (0x007c8a83) lb      s5, 7(s9)
core   0: 3 0x8000e666 (0x007c8a83) x21 0x00000020 mem 0x8001286b
core   0: 0x8000e66a (0x02332933) mulhsu  s2, t1, gp
core   0: 3 0x8000e66a (0x02332933) x18 0xffffffef
core   0: 0x8000e66e (0x00fc83a3) sb      a5, 7(s9)
core   0: 3 0x8000e66e (0x00fc83a3) mem 0x8001286b 0x20
core   0: 0x8000e672 (0x008cc203) lbu     tp, 8(s9)
core   0: 3 0x8000e672 (0x008cc203) x 4 0x000000e2 mem 0x8001286c
core   0: 0x8000e676 (0xffcc8983) lb      s3, -4(s9)
core   0: 3 0x8000e676 (0xffcc8983) x19 0xffffffac mem 0x80012860
core   0: 0x8000e67a (0xffcc8583) lb      a1, -4(s9)
core   0: 3 0x8000e67a (0xffcc8583) x11 0xffffffac mem 0x80012860
core   0: 0x8000e67e (0xfffcc983) lbu     s3, -1(s9)
core   0: 3 0x8000e67e (0xfffcc983) x19 0x0000004e mem 0x80012863
core   0: 0x8000e682 (0x00004c97) auipc   s9, 0x4
core   0: 3 0x8000e682 (0x00004c97) x25 0x80012682
core   0: 0x8000e686 (0xbecc8c93) addi    s9, s9, -1044
core   0: 3 0x8000e686 (0xbecc8c93) x25 0x8001226e
core   0: 0x8000e68a (0x00010a97) auipc   s5, 0x10
core   0: 3 0x8000e68a (0x00010a97) x21 0x8001e68a
core   0: 0x8000e68e (0x525a8a93) addi    s5, s5, 1317
core   0: 3 0x8000e68e (0x525a8a93) x21 0x8001ebaf
core   0: 0x8000e692 (0x057c8983) lb      s3, 87(s9)
core   0: 3 0x8000e692 (0x057c8983) x19 0x00000023 mem 0x800122c5
core   0: 0x8000e696 (0xf9ec80a3) sb      t5, -127(s9)
core   0: 3 0x8000e696 (0xf9ec80a3) mem 0x800121ef 0xbf
core   0: 0x8000e69a (0xff7ad003) lhu     zero, -9(s5)
core   0: 3 0x8000e69a (0xff7ad003) mem 0x8001eba6
core   0: 0x8000e69e (0x3a0c9523) sh      zero, 938(s9)
core   0: 3 0x8000e69e (0x3a0c9523) mem 0x80012618 0x0000
core   0: 0x8000e6a2 (0x008ac603) lbu     a2, 8(s5)
core   0: 3 0x8000e6a2 (0x008ac603) x12 0x00000010 mem 0x8001ebb7
core   0: 0x8000e6a6 (0x746c9623) sh      t1, 1868(s9)
core   0: 3 0x8000e6a6 (0x746c9623) mem 0x800129ba 0xffef
core   0: 0x8000e6aa (0xff7ada03) lhu     s4, -9(s5)
core   0: 3 0x8000e6aa (0xff7ada03) x20 0x0000130c mem 0x8001eba6
core   0: 0x8000e6ae (0xf73c8d83) lb      s11, -141(s9)
core   0: 3 0x8000e6ae (0xf73c8d83) x27 0xffffffe6 mem 0x800121e1
core   0: 0x8000e6b2 (0x00aa96a3) sh      a0, 13(s5)
core   0: 3 0x8000e6b2 (0x00aa96a3) mem 0x8001ebbc 0x00d2
core   0: 0x8000e6b6 (0xff2a8a03) lb      s4, -14(s5)
core   0: 3 0x8000e6b6 (0xff2a8a03) x20 0xffffff95 mem 0x8001eba1
core   0: 0x8000e6ba (0xfb2ca603) lw      a2, -78(s9)
core   0: 3 0x8000e6ba (0xfb2ca603) x12 0xd1fa5360 mem 0x80012220
core   0: 0x8000e6be (0x1bcc8da3) sb      t3, 443(s9)
core   0: 3 0x8000e6be (0x1bcc8da3) mem 0x80012429 0x1c
core   0: 0x8000e6c2 (0x005a80a3) sb      t0, 1(s5)
core   0: 3 0x8000e6c2 (0x005a80a3) mem 0x8001ebb0 0x3c
core   0: 0x8000e6c6 (0xf88c9603) lh      a2, -120(s9)
core   0: 3 0x8000e6c6 (0xf88c9603) x12 0xffffc4cd mem 0x800121f6
core   0: 0x8000e6ca (0xfe7a8e23) sb      t2, -4(s5)
core   0: 3 0x8000e6ca (0xfe7a8e23) mem 0x8001ebab 0x0
core   0: 0x8000e6ce (0x23ac9883) lh      a7, 570(s9)
core   0: 3 0x8000e6ce (0x23ac9883) x17 0xffffe87b mem 0x800124a8
core   0: 0x8000e6d2 (0x002a8f03) lb      t5, 2(s5)
core   0: 3 0x8000e6d2 (0x002a8f03) x30 0xffffffd4 mem 0x8001ebb1
core   0: 0x8000e6d6 (0x026000ef) jal     pc + 0x26
core   0: 3 0x8000e6d6 (0x026000ef) x 1 0x8000e6da
core   0: 0x8000e6fc (0xfedff36f) jal     t1, pc - 0x14
core   0: 3 0x8000e6fc (0xfedff36f) x 6 0x8000e700
core   0: 0x8000e6e8 (0xff9ff76f) jal     a4, pc - 0x8
core   0: 3 0x8000e6e8 (0xff9ff76f) x14 0x8000e6ec
core   0: 0x8000e6e0 (0x00002829) c.jal   pc + 26
core   0: 3 0x8000e6e0 (0x2829) x 1 0x8000e6e2
core   0: 0x8000e6fa (0x00003fe5) c.jal   pc - 8
core   0: 3 0x8000e6fa (0x3fe5) x 1 0x8000e6fc
core   0: 0x8000e6f2 (0x0000bfd5) c.j     pc - 12
core   0: 3 0x8000e6f2 (0xbfd5)
core   0: 0x8000e6e6 (0x0000bfdd) c.j     pc - 10
core   0: 3 0x8000e6e6 (0xbfdd)
core   0: 0x8000e6dc (0x02600def) jal     s11, pc + 0x26
core   0: 3 0x8000e6dc (0x02600def) x27 0x8000e6e0
core   0: 0x8000e702 (0xfebff0ef) jal     pc - 0x16
core   0: 3 0x8000e702 (0xfebff0ef) x 1 0x8000e706
core   0: 0x8000e6ec (0x00c000ef) jal     pc + 0xc
core   0: 3 0x8000e6ec (0x00c000ef) x 1 0x8000e6f0
core   0: 0x8000e6f8 (0x000037cd) c.jal   pc - 30
core   0: 3 0x8000e6f8 (0x37cd) x 1 0x8000e6fa
core   0: 0x8000e6da (0x00002831) c.jal   pc + 28
core   0: 3 0x8000e6da (0x2831) x 1 0x8000e6dc
core   0: 0x8000e6f6 (0x0000a029) c.j     pc + 10
core   0: 3 0x8000e6f6 (0xa029)
core   0: 0x8000e700 (0x0000bfc5) c.j     pc - 16
core   0: 3 0x8000e700 (0xbfc5)
core   0: 0x8000e6f0 (0x0000bfcd) c.j     pc - 14
core   0: 3 0x8000e6f0 (0xbfcd)
core   0: 0x8000e6e2 (0x01200c6f) jal     s8, pc + 0x12
core   0: 3 0x8000e6e2 (0x01200c6f) x24 0x8000e6e6
core   0: 0x8000e6f4 (0x00002809) c.jal   pc + 18
core   0: 3 0x8000e6f4 (0x2809) x 1 0x8000e6f6
core   0: 0x8000e706 (0xed1cbc93) sltiu   s9, s9, -303
core   0: 3 0x8000e706 (0xed1cbc93) x25 0x00000001
core   0: 0x8000e70a (0x00015917) auipc   s2, 0x15
core   0: 3 0x8000e70a (0x00015917) x18 0x8002370a
core   0: 0x8000e70e (0x95e90913) addi    s2, s2, -1698
core   0: 3 0x8000e70e (0x95e90913) x18 0x80023068
core   0: 0x8000e712 (0x00015117) auipc   sp, 0x15
core   0: 3 0x8000e712 (0x00015117) x 2 0x80023712
core   0: 0x8000e716 (0x94210113) addi    sp, sp, -1726
core   0: 3 0x8000e716 (0x94210113) x 2 0x80023054
core   0: 0x8000e71a (0x00015e17) auipc   t3, 0x15
core   0: 3 0x8000e71a (0x00015e17) x28 0x8002371a
core   0: 0x8000e71e (0x956e0e13) addi    t3, t3, -1706
core   0: 3 0x8000e71e (0x956e0e13) x28 0x80023070
core   0: 0x8000e722 (0x41c9232f) amoor.w t1, t3, (s2)
core   0: 3 0x8000e722 (0x41c9232f) x 6 0xffffffff mem 0x80023068 mem 0x80023068 0xffffffff
core   0: 0x8000e726 (0x41e92a2f) amoor.w s4, t5, (s2)
core   0: 3 0x8000e726 (0x41e92a2f) x20 0xffffffff mem 0x80023068 mem 0x80023068 0xffffffff
core   0: 0x8000e72a (0x01c09733) sll     a4, ra, t3
core   0: 3 0x8000e72a (0x01c09733) x14 0xe6f60000
core   0: 0x8000e72e (0x40a9232f) amoor.w t1, a0, (s2)
core   0: 3 0x8000e72e (0x40a9232f) x 6 0xffffffff mem 0x80023068 mem 0x80023068 0xffffffff
core   0: 0x8000e732 (0x00015717) auipc   a4, 0x15
core   0: 3 0x8000e732 (0x00015717) x14 0x80023732
core   0: 0x8000e736 (0x94670713) addi    a4, a4, -1722
core   0: 3 0x8000e736 (0x94670713) x14 0x80023078
core   0: 0x8000e73a (0x00d6cb33) xor     s6, a3, a3
core   0: 3 0x8000e73a (0x00d6cb33) x22 0x00000000
core   0: 0x8000e73e (0x100728af) lr.w    a7, (a4)
core   0: 3 0x8000e73e (0x100728af) x17 0x9629ffa4 mem 0x80023078
core   0: 0x8000e742 (0x03c41e33) mulh    t3, s0, t3
core   0: 3 0x8000e742 (0x03c41e33) x28 0xffffff88
core   0: 0x8000e746 (0x00000156) c.slli  sp, 21
core   0: 3 0x8000e746 (0x0156) x 2 0x0a800000
core   0: 0x8000e748 (0x00008c3d) c.xor   s0, a5
core   0: 3 0x8000e748 (0x8c3d) x 8 0x000000cf
core   0: 0x8000e74a (0x000081c9) c.srli  a1, 18
core   0: 3 0x8000e74a (0x81c9) x11 0x00003fff
core   0: 0x8000e74c (0x01999793) slli    a5, s3, 25
core   0: 3 0x8000e74c (0x01999793) x15 0x46000000
core   0: 0x8000e750 (0x02eafab3) remu    s5, s5, a4
core   0: 3 0x8000e750 (0x02eafab3) x21 0x8001ebaf
core   0: 0x8000e754 (0x00008c41) c.or    s0, s0
core   0: 3 0x8000e754 (0x8c41) x 8 0x000000cf
core   0: 0x8000e756 (0x03d8da33) divu    s4, a7, t4
core   0: 3 0x8000e756 (0x03d8da33) x20 0xffffffff
core   0: 0x8000e75a (0xe8d10d13) addi    s10, sp, -371
core   0: 3 0x8000e75a (0xe8d10d13) x26 0x0a7ffe8d
core   0: 0x8000e75e (0x1d172baf) sc.w    s7, a7, (a4)
core   0: 3 0x8000e75e (0x1d172baf) x23 0x00000000 mem 0x80023078 0x9629ffa4
core   0: 0x8000e762 (0x00015c97) auipc   s9, 0x15
core   0: 3 0x8000e762 (0x00015c97) x25 0x80023762
core   0: 0x8000e766 (0x8fec8c93) addi    s9, s9, -1794
core   0: 3 0x8000e766 (0x8fec8c93) x25 0x80023060
core   0: 0x8000e76a (0x00005bfd) c.li    s7, -1
core   0: 3 0x8000e76a (0x5bfd) x23 0xffffffff
core   0: 0x8000e76c (0x0b5caaaf) amoswap.w s5, s5, (s9)
core   0: 3 0x8000e76c (0x0b5caaaf) x21 0x00000000 mem 0x80023060 mem 0x80023060 0x8001ebaf
core   0: 0x8000e770 (0x00cca4af) amoadd.w s1, a2, (s9)
core   0: 3 0x8000e770 (0x00cca4af) x 9 0x8001ebaf mem 0x80023060 mem 0x80023060 0x8001b07c
core   0: 0x8000e774 (0xe55ca72f) amomaxu.w a4, s5, (s9)
core   0: 3 0x8000e774 (0xe55ca72f) x14 0x8001b07c mem 0x80023060 mem 0x80023060 0x8001b07c
core   0: 0x8000e778 (0x85ee3793) sltiu   a5, t3, -1954
core   0: 3 0x8000e778 (0x85ee3793) x15 0x00000000
core   0: 0x8000e77c (0xa09ca9af) amomax.w s3, s1, (s9)
core   0: 3 0x8000e77c (0xa09ca9af) x19 0x8001b07c mem 0x80023060 mem 0x80023060 0x8001ebaf
core   0: 0x8000e780 (0xc43ca8af) amominu.w a7, gp, (s9)
core   0: 3 0x8000e780 (0xc43ca8af) x17 0x8001ebaf mem 0x80023060 mem 0x80023060 0x8001ebaf
core   0: 0x8000e784 (0x0000c117) auipc   sp, 0xc
core   0: 3 0x8000e784 (0x0000c117) x 2 0x8001a784
core   0: 0x8000e788 (0x30810113) addi    sp, sp, 776
core   0: 3 0x8000e788 (0x30810113) x 2 0x8001aa8c
core   0: 0x8000e78c (0x00008da5) c.xor   a1, s1
core   0: 3 0x8000e78c (0x8da5) x11 0x8001d450
core   0: 0x8000e78e (0x020087b3) mul     a5, ra, zero
core   0: 3 0x8000e78e (0x020087b3) x15 0x00000000
core   0: 0x8000e792 (0x00009bfd) c.andi  a5, -1
core   0: 3 0x8000e792 (0x9bfd) x15 0x00000000
core   0: 0x8000e794 (0x1a210e83) lb      t4, 418(sp)
core   0: 3 0x8000e794 (0x1a210e83) x29 0x0000002e mem 0x8001ac2e
core   0: 0x8000e798 (0x4065de93) srai    t4, a1, 6
core   0: 3 0x8000e798 (0x4065de93) x29 0xfe000751
core   0: 0x8000e79c (0xdc710483) lb      s1, -569(sp)
core   0: 3 0x8000e79c (0xdc710483) x 9 0xffffffcb mem 0x8001a853
core   0: 0x8000e7a0 (0x000088e9) c.andi  s1, 26
core   0: 3 0x8000e7a0 (0x88e9) x 9 0x0000000a
core   0: 0x8000e7a2 (0xc4b10583) lb      a1, -949(sp)
core   0: 3 0x8000e7a2 (0xc4b10583) x11 0x0000007f mem 0x8001a6d7
core   0: 0x8000e7a6 (0x00000e89) c.addi  t4, 2
core   0: 3 0x8000e7a6 (0x0e89) x29 0xfe000753
core   0: 0x8000e7a8 (0xe8b10023) sb      a1, -384(sp)
core   0: 3 0x8000e7a8 (0xe8b10023) mem 0x8001a90c 0x7f
core   0: 0x8000e7ac (0x00978033) add     zero, a5, s1
core   0: 3 0x8000e7ac (0x00978033)
core   0: 0x8000e7b0 (0x0ff0000f) fence   iorw,iorw
core   0: 3 0x8000e7b0 (0x0ff0000f)
core   0: 0x8000e7b4 (0xabd12423) sw      t4, -1368(sp)
core   0: 3 0x8000e7b4 (0xabd12423) mem 0x8001a534 0xfe000753
core   0: 0x8000e7b8 (0x00001efd) c.addi  t4, -1
core   0: 3 0x8000e7b8 (0x1efd) x29 0xfe000752
core   0: 0x8000e7ba (0x0010a033) slt     zero, ra, ra
core   0: 3 0x8000e7ba (0x0010a033)
core   0: 0x8000e7be (0x41d00eb3) sub     t4, zero, t4
core   0: 3 0x8000e7be (0x41d00eb3) x29 0x01fff8ae
core   0: 0x8000e7c2 (0x09884037) lui     zero, 0x9884
core   0: 3 0x8000e7c2 (0x09884037)
core   0: 0x8000e7c6 (0x809104a3) sb      s1, -2039(sp)
core   0: 3 0x8000e7c6 (0x809104a3) mem 0x8001a295 0xa
core   0: 0x8000e7ca (0x12d10583) lb      a1, 301(sp)
core   0: 3 0x8000e7ca (0x12d10583) x11 0x00000026 mem 0x8001abb9
core   0: 0x8000e7ce (0x00004591) c.li    a1, 4
core   0: 3 0x8000e7ce (0x4591) x11 0x00000004
core   0: 0x8000e7d0 (0x020eb7b3) mulhu   a5, t4, zero
core   0: 3 0x8000e7d0 (0x020eb7b3) x15 0x00000000
core   0: 0x8000e7d4 (0x0000100f) fence.i
core   0: 3 0x8000e7d4 (0x0000100f)
core   0: 0x8000e7d8 (0x00000e8a) c.slli  t4, 2
core   0: 3 0x8000e7d8 (0x0e8a) x29 0x07ffe2b8
core   0: 0x8000e7da (0x000004be) c.slli  s1, 15
core   0: 3 0x8000e7da (0x04be) x 9 0x00050000
core   0: 0x8000e7dc (0x00008de5) c.and   a1, s1
core   0: 3 0x8000e7dc (0x8de5) x11 0x00000000
core   0: 0x8000e7de (0xe3810083) lb      ra, -456(sp)
core   0: 3 0x8000e7de (0xe3810083) x 1 0x0000007d mem 0x8001a8c4
core   0: 0x8000e7e2 (0x000094a6) c.add   s1, s1
core   0: 3 0x8000e7e2 (0x94a6) x 9 0x000a0000
core   0: 0x8000e7e4 (0xb2215083) lhu     ra, -1246(sp)
core   0: 3 0x8000e7e4 (0xb2215083) x 1 0x00005174 mem 0x8001a5ae
core   0: 0x8000e7e8 (0x000014fd) c.addi  s1, -1
core   0: 3 0x8000e7e8 (0x14fd) x 9 0x0009ffff
core   0: 0x8000e7ea (0x03d7b5b3) mulhu   a1, a5, t4
core   0: 3 0x8000e7ea (0x03d7b5b3) x11 0x00000000
core   0: 0x8000e7ee (0x7ed58793) addi    a5, a1, 2029
core   0: 3 0x8000e7ee (0x7ed58793) x15 0x000007ed
core   0: 0x8000e7f2 (0x01109493) slli    s1, ra, 17
core   0: 3 0x8000e7f2 (0x01109493) x 9 0xa2e80000
core   0: 0x8000e7f6 (0x6c1101a3) sb      ra, 1731(sp)
core   0: 3 0x8000e7f6 (0x6c1101a3) mem 0x8001b14f 0x74
core   0: 0x8000e7fa (0x8c314e83) lbu     t4, -1853(sp)
core   0: 3 0x8000e7fa (0x8c314e83) x29 0x000000c0 mem 0x8001a34f
core   0: 0x8000e7fe (0x0094a7b3) slt     a5, s1, s1
core   0: 3 0x8000e7fe (0x0094a7b3) x15 0x00000000
core   0: 0x8000e802 (0x3a310583) lb      a1, 931(sp)
core   0: 3 0x8000e802 (0x3a310583) x11 0x0000002d mem 0x8001ae2f
core   0: 0x8000e806 (0x02b7e0b3) rem     ra, a5, a1
core   0: 3 0x8000e806 (0x02b7e0b3) x 1 0x00000000
core   0: 0x8000e80a (0x000087c5) c.srai  a5, 17
core   0: 3 0x8000e80a (0x87c5) x15 0x00000000
core   0: 0x8000e80c (0x02f4aeb3) mulhsu  t4, s1, a5
core   0: 3 0x8000e80c (0x02f4aeb3) x29 0x00000000
core   0: 0x8000e810 (0x22d14783) lbu     a5, 557(sp)
core   0: 3 0x8000e810 (0x22d14783) x15 0x00000085 mem 0x8001acb9
core   0: 0x8000e814 (0x00012117) auipc   sp, 0x12
core   0: 3 0x8000e814 (0x00012117) x 2 0x80020814
core   0: 0x8000e818 (0xdd110113) addi    sp, sp, -559
core   0: 3 0x8000e818 (0xdd110113) x 2 0x800205e5
core   0: 0x8000e81c (0x0ff0000f) fence   iorw,iorw
core   0: 3 0x8000e81c (0x0ff0000f)
core   0: 0x8000e820 (0xff610e83) lb      t4, -10(sp)
core   0: 3 0x8000e820 (0xff610e83) x29 0xfffffffb mem 0x800205db
core   0: 0x8000e824 (0x00a115a3) sh      a0, 11(sp)
core   0: 3 0x8000e824 (0x00a115a3) mem 0x800205f0 0x00d2
core   0: 0x8000e828 (0xffd10f03) lb      t5, -3(sp)
core   0: 3 0x8000e828 (0xffd10f03) x30 0x0000004a mem 0x800205e2
core   0: 0x8000e82c (0xb6e26e13) ori     t3, tp, -1170
core   0: 3 0x8000e82c (0xb6e26e13) x28 0xfffffbee
core   0: 0x8000e830 (0x01931793) slli    a5, t1, 25
core   0: 3 0x8000e830 (0x01931793) x15 0xfe000000
core   0: 0x8000e834 (0xffa109a3) sb      s10, -13(sp)
core   0: 3 0x8000e834 (0xffa109a3) mem 0x800205d8 0x8d
core   0: 0x8000e838 (0x01f83eb3) sltu    t4, a6, t6
core   0: 3 0x8000e838 (0x01f83eb3) x29 0x00000000
core   0: 0x8000e83c (0xff914403) lbu     s0, -7(sp)
core   0: 3 0x8000e83c (0xff914403) x 8 0x0000007f mem 0x800205de
core   0: 0x8000e840 (0x000104a3) sb      zero, 9(sp)
core   0: 3 0x8000e840 (0x000104a3) mem 0x800205ee 0x0
core   0: 0x8000e844 (0x416d5d13) srai    s10, s10, 22
core   0: 3 0x8000e844 (0x416d5d13) x26 0x00000029
core   0: 0x8000e848 (0x00810e03) lb      t3, 8(sp)
core   0: 3 0x8000e848 (0x00810e03) x28 0xffffffdd mem 0x800205ed
core   0: 0x8000e84c (0x00008da9) c.xor   a1, a0
core   0: 3 0x8000e84c (0x8da9) x11 0x000000ff
core   0: 0x8000e84e (0x002110a3) sh      sp, 1(sp)
core   0: 3 0x8000e84e (0x002110a3) mem 0x800205e6 0x05e5
core   0: 0x8000e852 (0x00008df9) c.and   a1, a4
core   0: 3 0x8000e852 (0x8df9) x11 0x0000007c
core   0: 0x8000e854 (0x00004099) c.li    ra, 6
core   0: 3 0x8000e854 (0x4099) x 1 0x00000006
core   0: 0x8000e856 (0x01410323) sb      s4, 6(sp)
core   0: 3 0x8000e856 (0x01410323) mem 0x800205eb 0xff
core   0: 0x8000e85a (0xff414783) lbu     a5, -12(sp)
core   0: 3 0x8000e85a (0xff414783) x15 0x00000014 mem 0x800205d9
core   0: 0x8000e85e (0x01014f83) lbu     t6, 16(sp)
core   0: 3 0x8000e85e (0x01014f83) x31 0x00000044 mem 0x800205f5
core   0: 0x8000e862 (0x00008da1) c.xor   a1, s0
core   0: 3 0x8000e862 (0x8da1) x11 0x00000003
core   0: 0x8000e864 (0x00008dc9) c.or    a1, a0
core   0: 3 0x8000e864 (0x8dc9) x11 0x000000d3
core   0: 0x8000e866 (0x00000001) c.nop
core   0: 3 0x8000e866 (0x0001)
core   0: 0x8000e868 (0x03a59433) mulh    s0, a1, s10
core   0: 3 0x8000e868 (0x03a59433) x 8 0x00000000
core   0: 0x8000e86c (0xff515f03) lhu     t5, -11(sp)
core   0: 3 0x8000e86c (0xff515f03) x30 0x0000fbb0 mem 0x800205da
core   0: 0x8000e870 (0xff410083) lb      ra, -12(sp)
core   0: 3 0x8000e870 (0xff410083) x 1 0x00000014 mem 0x800205d9
core   0: 0x8000e874 (0xff010003) lb      zero, -16(sp)
core   0: 3 0x8000e874 (0xff010003) mem 0x800205d5
core   0: 0x8000e878 (0x00fbe033) or      zero, s7, a5
core   0: 3 0x8000e878 (0x00fbe033)
core   0: 0x8000e87c (0x036234b3) mulhu   s1, tp, s6
core   0: 3 0x8000e87c (0x036234b3) x 9 0x00000000
core   0: 0x8000e880 (0xe673e797) auipc   a5, 0xe673e
core   0: 3 0x8000e880 (0xe673e797) x15 0x6674c880
core   0: 0x8000e884 (0x00510f83) lb      t6, 5(sp)
core   0: 3 0x8000e884 (0x00510f83) x31 0xffffffe5 mem 0x800205ea
core   0: 0x8000e888 (0x00008fb1) c.xor   a5, a2
core   0: 3 0x8000e888 (0x8fb1) x15 0x998b0c4d
core   0: 0x8000e88a (0xffa14903) lbu     s2, -6(sp)
core   0: 3 0x8000e88a (0xffa14903) x18 0x00000098 mem 0x800205df
core   0: 0x8000e88e (0x6d4f8313) addi    t1, t6, 1748
core   0: 3 0x8000e88e (0x6d4f8313) x 6 0x000006b9
core   0: 0x8000e892 (0x007d2a33) slt     s4, s10, t2
core   0: 3 0x8000e892 (0x007d2a33) x20 0x00000000
core   0: 0x8000e896 (0x00000001) c.nop
core   0: 3 0x8000e896 (0x0001)
core   0: 0x8000e898 (0x007ec233) xor     tp, t4, t2
core   0: 3 0x8000e898 (0x007ec233) x 4 0x00000000
core   0: 0x8000e89c (0x0000863e) c.mv    a2, a5
core   0: 3 0x8000e89c (0x863e) x12 0x998b0c4d
core   0: 0x8000e89e (0x00000001) c.nop
core   0: 3 0x8000e89e (0x0001)
core   0: 0x8000e8a0 (0x01291333) sll     t1, s2, s2
core   0: 3 0x8000e8a0 (0x01291333) x 6 0x98000000
core   0: 0x8000e8a4 (0xff310f03) lb      t5, -13(sp)
core   0: 3 0x8000e8a4 (0xff310f03) x30 0xffffff8d mem 0x800205d8
core   0: 0x8000e8a8 (0x00a10083) lb      ra, 10(sp)
core   0: 3 0x8000e8a8 (0x00a10083) x 1 0xffffffa6 mem 0x800205ef
core   0: 0x8000e8ac (0x00010c83) lb      s9, 0(sp)
core   0: 3 0x8000e8ac (0x00010c83) x25 0xffffff8f mem 0x800205e5
core   0: 0x8000e8b0 (0x00a10883) lb      a7, 10(sp)
core   0: 3 0x8000e8b0 (0x00a10883) x17 0xffffffa6 mem 0x800205ef
core   0: 0x8000e8b4 (0x00008f5d) c.or    a4, a5
core   0: 3 0x8000e8b4 (0x8f5d) x14 0x998bbc7d
core   0: 0x8000e8b6 (0x00b15d03) lhu     s10, 11(sp)
core   0: 3 0x8000e8b6 (0x00b15d03) x26 0x000000d2 mem 0x800205f0
core   0: 0x8000e8ba (0xff410283) lb      t0, -12(sp)
core   0: 3 0x8000e8ba (0xff410283) x 5 0x00000014 mem 0x800205d9
core   0: 0x8000e8be (0x00510903) lb      s2, 5(sp)
core   0: 3 0x8000e8be (0x00510903) x18 0xffffffe5 mem 0x800205ea
core   0: 0x8000e8c2 (0x00004717) auipc   a4, 0x4
core   0: 3 0x8000e8c2 (0x00004717) x14 0x800128c2
core   0: 0x8000e8c6 (0x64170713) addi    a4, a4, 1601
core   0: 3 0x8000e8c6 (0x64170713) x14 0x80012f03
core   0: 0x8000e8ca (0x00470103) lb      sp, 4(a4)
core   0: 3 0x8000e8ca (0x00470103) x 2 0xffffffff mem 0x80012f07
core   0: 0x8000e8ce (0xff274e83) lbu     t4, -14(a4)
core   0: 3 0x8000e8ce (0xff274e83) x29 0x00000006 mem 0x80012ef5
core   0: 0x8000e8d2 (0x0217f233) remu    tp, a5, ra
core   0: 3 0x8000e8d2 (0x0217f233) x 4 0x998b0c4d
core   0: 0x8000e8d6 (0xffd71b83) lh      s7, -3(a4)
core   0: 3 0x8000e8d6 (0xffd71b83) x23 0xffffc6d4 mem 0x80012f00
core   0: 0x8000e8da (0x032287b3) mul     a5, t0, s2
core   0: 3 0x8000e8da (0x032287b3) x15 0xfffffde4
core   0: 0x8000e8de (0x00290533) add     a0, s2, sp
core   0: 3 0x8000e8de (0x00290533) x10 0xffffffe4
core   0: 0x8000e8e2 (0x00008fe1) c.and   a5, s0
core   0: 3 0x8000e8e2 (0x8fe1) x15 0x00000000
core   0: 0x8000e8e4 (0xffd71f83) lh      t6, -3(a4)
core   0: 3 0x8000e8e4 (0xffd71f83) x31 0xffffc6d4 mem 0x80012f00
core   0: 0x8000e8e8 (0x015ba533) slt     a0, s7, s5
core   0: 3 0x8000e8e8 (0x015ba533) x10 0x00000001
core   0: 0x8000e8ec (0xffa70823) sb      s10, -16(a4)
core   0: 3 0x8000e8ec (0xffa70823) mem 0x80012ef3 0xd2
core   0: 0x8000e8f0 (0xff572583) lw      a1, -11(a4)
core   0: 3 0x8000e8f0 (0xff572583) x11 0x8c426d56 mem 0x80012ef8
core   0: 0x8000e8f4 (0xffa70203) lb      tp, -6(a4)
core   0: 3 0x8000e8f4 (0xffa70203) x 4 0x0000005c mem 0x80012efd
core   0: 0x8000e8f8 (0x03632433) mulhsu  s0, t1, s6
core   0: 3 0x8000e8f8 (0x03632433) x 8 0x00000000
core   0: 0x8000e8fc (0x022cceb3) div     t4, s9, sp
core   0: 3 0x8000e8fc (0x022cceb3) x29 0x00000071
core   0: 0x8000e900 (0x025677b3) remu    a5, a2, t0
core   0: 3 0x8000e900 (0x025677b3) x15 0x00000001
core   0: 0x8000e904 (0x00008c8d) c.sub   s1, a1
core   0: 3 0x8000e904 (0x8c8d) x 9 0x73bd92aa
core   0: 0x8000e906 (0xff070603) lb      a2, -16(a4)
core   0: 3 0x8000e906 (0xff070603) x12 0xffffffd2 mem 0x80012ef3
core   0: 0x8000e90a (0x5b092793) slti    a5, s2, 1456
core   0: 3 0x8000e90a (0x5b092793) x15 0x00000001
core   0: 0x8000e90e (0x00008b0a) c.mv    s6, sp
core   0: 3 0x8000e90e (0x8b0a) x22 0xffffffff
core   0: 0x8000e910 (0xff274983) lbu     s3, -14(a4)
core   0: 3 0x8000e910 (0xff274983) x19 0x00000006 mem 0x80012ef5
core   0: 0x8000e914 (0x00000001) c.nop
core   0: 3 0x8000e914 (0x0001)
core   0: 0x8000e916 (0xffd75a03) lhu     s4, -3(a4)
core   0: 3 0x8000e916 (0xffd75a03) x20 0x0000c6d4 mem 0x80012f00
core   0: 0x8000e91a (0xfe071da3) sh      zero, -5(a4)
core   0: 3 0x8000e91a (0xfe071da3) mem 0x80012efe 0x0000
core   0: 0x8000e91e (0x00971503) lh      a0, 9(a4)
core   0: 3 0x8000e91e (0x00971503) x10 0xffff8376 mem 0x80012f0c
core   0: 0x8000e922 (0x002711a3) sh      sp, 3(a4)
core   0: 3 0x8000e922 (0x002711a3) mem 0x80012f06 0xffff
core   0: 0x8000e926 (0x00009bf2) c.add   s7, t3
core   0: 3 0x8000e926 (0x9bf2) x23 0xffffc6b1
core   0: 0x8000e928 (0x01b70423) sb      s11, 8(a4)
core   0: 3 0x8000e928 (0x01b70423) mem 0x80012f0b 0xe0
core   0: 0x8000e92c (0xbca36b93) ori     s7, t1, -1078
core   0: 3 0x8000e92c (0xbca36b93) x23 0xfffffbca
core   0: 0x8000e930 (0x0254ca33) div     s4, s1, t0
core   0: 3 0x8000e930 (0x0254ca33) x20 0x05c97a88
core   0: 0x8000e934 (0x00774783) lbu     a5, 7(a4)
core   0: 3 0x8000e934 (0x00774783) x15 0x00000074 mem 0x80012f0a
core   0: 0x8000e938 (0x8319a593) slti    a1, s3, -1999
core   0: 3 0x8000e938 (0x8319a593) x11 0x00000000
core   0: 0x8000e93c (0x00008e3d) c.xor   a2, a5
core   0: 3 0x8000e93c (0x8e3d) x12 0xffffffa6
core   0: 0x8000e93e (0x00008c91) c.sub   s1, a2
core   0: 3 0x8000e93e (0x8c91) x 9 0x73bd9304
core   0: 0x8000e940 (0x00009afa) c.add   s5, t5
core   0: 3 0x8000e940 (0x9afa) x21 0xffffff8d
core   0: 0x8000e942 (0xb1c93193) sltiu   gp, s2, -1252
core   0: 3 0x8000e942 (0xb1c93193) x 3 0x00000000
core   0: 0x8000e946 (0x00008d12) c.mv    s10, tp
core   0: 3 0x8000e946 (0x8d12) x26 0x0000005c
core   0: 0x8000e948 (0x0000717d) c.addi16sp sp, -16
core   0: 3 0x8000e948 (0x717d) x 2 0xffffffef
core   0: 0x8000e94a (0x007700a3) sb      t2, 1(a4)
core   0: 3 0x8000e94a (0x007700a3) mem 0x80012f04 0x0
core   0: 0x8000e94e (0x00274e83) lbu     t4, 2(a4)
core   0: 3 0x8000e94e (0x00274e83) x29 0x00000039 mem 0x80012f05
core   0: 0x8000e952 (0x00008142) c.mv    sp, a6
core   0: 3 0x8000e952 (0x8142) x 2 0x80027e58
core   0: 0x8000e954 (0x01093c33) sltu    s8, s2, a6
core   0: 3 0x8000e954 (0x01093c33) x24 0x00000000
core   0: 0x8000e958 (0x00d64f33) xor     t5, a2, a3
core   0: 3 0x8000e958 (0x00d64f33) x30 0x7ffd4282
core   0: 0x8000e95c (0x00c65433) srl     s0, a2, a2
core   0: 3 0x8000e95c (0x00c65433) x 8 0x03fffffe
core   0: 0x8000e960 (0xff171483) lh      s1, -15(a4)
core   0: 3 0x8000e960 (0xff171483) x 9 0x000006df mem 0x80012ef4
core   0: 0x8000e964 (0x00e000ef) jal     pc + 0xe
core   0: 3 0x8000e964 (0x00e000ef) x 1 0x8000e968
core   0: 0x8000e972 (0x00002009) c.jal   pc + 2
core   0: 3 0x8000e972 (0x2009) x 1 0x8000e974
core   0: 0x8000e974 (0x0000a029) c.j     pc + 10
core   0: 3 0x8000e974 (0xa029)
core   0: 0x8000e97e (0x00003fcd) c.jal   pc - 14
core   0: 3 0x8000e97e (0x3fcd) x 1 0x8000e980
core   0: 0x8000e970 (0x00002021) c.jal   pc + 8
core   0: 3 0x8000e970 (0x2021) x 1 0x8000e972
core   0: 0x8000e978 (0xfffff2ef) jal     t0, pc - 0x2
core   0: 3 0x8000e978 (0xfffff2ef) x 5 0x8000e97c
core   0: 0x8000e976 (0x00002019) c.jal   pc + 6
core   0: 3 0x8000e976 (0x2019) x 1 0x8000e978
core   0: 0x8000e97c (0x00003fcd) c.jal   pc - 14
core   0: 3 0x8000e97c (0x3fcd) x 1 0x8000e97e
core   0: 0x8000e96e (0x0000a809) c.j     pc + 18
core   0: 3 0x8000e96e (0xa809)
core   0: 0x8000e980 (0x0000b7e5) c.j     pc - 24
core   0: 3 0x8000e980 (0xb7e5)
core   0: 0x8000e968 (0x0000a009) c.j     pc + 2
core   0: 3 0x8000e968 (0xa009)
core   0: 0x8000e96a (0x01800a6f) jal     s4, pc + 0x18
core   0: 3 0x8000e96a (0x01800a6f) x20 0x8000e96e
core   0: 0x8000e982 (0x03a518b3) mulh    a7, a0, s10
core   0: 3 0x8000e982 (0x03a518b3) x17 0xffffffff
core   0: 0x8000e986 (0x00014197) auipc   gp, 0x14
core   0: 3 0x8000e986 (0x00014197) x 3 0x80022986
core   0: 0x8000e98a (0x6ce18193) addi    gp, gp, 1742
core   0: 3 0x8000e98a (0x6ce18193) x 3 0x80023054
core   0: 0x8000e98e (0x02b1a32f) amoadd.w t1, a1, (gp)
core   0: 3 0x8000e98e (0x02b1a32f) x 6 0x800230c9 mem 0x80023054 mem 0x80023054 0x800230c9
core   0: 0x8000e992 (0x44d1ae2f) amoor.w t3, a3, (gp)
core   0: 3 0x8000e992 (0x44d1ae2f) x28 0x800230c9 mem 0x80023054 mem 0x80023054 0x8002bded
core   0: 0x8000e996 (0x00f1a92f) amoadd.w s2, a5, (gp)
core   0: 3 0x8000e996 (0x00f1a92f) x18 0x8002bded mem 0x80023054 mem 0x80023054 0x8002be61
core   0: 0x8000e99a (0x0391a8af) amoadd.w a7, s9, (gp)
core   0: 3 0x8000e99a (0x0391a8af) x17 0x8002be61 mem 0x80023054 mem 0x80023054 0x8002bdf0
core   0: 0x8000e99e (0x0d31a7af) amoswap.w a5, s3, (gp)
core   0: 3 0x8000e99e (0x0d31a7af) x15 0x8002bdf0 mem 0x80023054 mem 0x80023054 0x00000006
core   0: 0x8000e9a2 (0x0c81a22f) amoswap.w tp, s0, (gp)
core   0: 3 0x8000e9a2 (0x0c81a22f) x 4 0x00000006 mem 0x80023054 mem 0x80023054 0x03fffffe
core   0: 0x8000e9a6 (0x3e77fa93) andi    s5, a5, 999
core   0: 3 0x8000e9a6 (0x3e77fa93) x21 0x000001e0
core   0: 0x8000e9aa (0x0471a42f) amoadd.w s0, t2, (gp)
core   0: 3 0x8000e9aa (0x0471a42f) x 8 0x03fffffe mem 0x80023054 mem 0x80023054 0x03fffffe
core   0: 0x8000e9ae (0x6491a72f) amoand.w a4, s1, (gp)
core   0: 3 0x8000e9ae (0x6491a72f) x14 0x03fffffe mem 0x80023054 mem 0x80023054 0x000006de
core   0: 0x8000e9b2 (0x00004b17) auipc   s6, 0x4
core   0: 3 0x8000e9b2 (0x00004b17) x22 0x800129b2
core   0: 0x8000e9b6 (0xe4fb0b13) addi    s6, s6, -433
core   0: 3 0x8000e9b6 (0xe4fb0b13) x22 0x80012801
core   0: 0x8000e9ba (0x007b0423) sb      t2, 8(s6)
core   0: 3 0x8000e9ba (0x007b0423) mem 0x80012809 0x0
core   0: 0x8000e9be (0xfc0b0823) sb      zero, -48(s6)
core   0: 3 0x8000e9be (0xfc0b0823) mem 0x800127d1 0x0
core   0: 0x8000e9c2 (0xfcab0823) sb      a0, -48(s6)
core   0: 3 0x8000e9c2 (0xfcab0823) mem 0x800127d1 0x76
core   0: 0x8000e9c6 (0xfd0b0583) lb      a1, -48(s6)
core   0: 3 0x8000e9c6 (0xfd0b0583) x11 0x00000076 mem 0x800127d1
core   0: 0x8000e9ca (0x0389cab3) div     s5, s3, s8
core   0: 3 0x8000e9ca (0x0389cab3) x21 0xffffffff
core   0: 0x8000e9ce (0xfd8b0823) sb      s8, -48(s6)
core   0: 3 0x8000e9ce (0xfd8b0823) mem 0x800127d1 0x0
core   0: 0x8000e9d2 (0xff6b0603) lb      a2, -10(s6)
core   0: 3 0x8000e9d2 (0xff6b0603) x12 0xfffffffe mem 0x800127f7
core   0: 0x8000e9d6 (0xff6b0983) lb      s3, -10(s6)
core   0: 3 0x8000e9d6 (0xff6b0983) x19 0xfffffffe mem 0x800127f7
core   0: 0x8000e9da (0xfe8b0b23) sb      s0, -10(s6)
core   0: 3 0x8000e9da (0xfe8b0b23) mem 0x800127f7 0xfe
core   0: 0x8000e9de (0x00000001) c.nop
core   0: 3 0x8000e9de (0x0001)
core   0: 0x8000e9e0 (0xff6b0c03) lb      s8, -10(s6)
core   0: 3 0x8000e9e0 (0xff6b0c03) x24 0xfffffffe mem 0x800127f7
core   0: 0x8000e9e4 (0xff9b0c23) sb      s9, -8(s6)
core   0: 3 0x8000e9e4 (0xff9b0c23) mem 0x800127f9 0x8f
core   0: 0x8000e9e8 (0xfe1b1583) lh      a1, -31(s6)
core   0: 3 0x8000e9e8 (0xfe1b1583) x11 0xffffbe61 mem 0x800127e2
core   0: 0x8000e9ec (0xfe1b4c03) lbu     s8, -31(s6)
core   0: 3 0x8000e9ec (0xfe1b4c03) x24 0x00000061 mem 0x800127e2
core   0: 0x8000e9f0 (0xfe1b4203) lbu     tp, -31(s6)
core   0: 3 0x8000e9f0 (0xfe1b4203) x 4 0x00000061 mem 0x800127e2
core   0: 0x8000e9f4 (0xff1b10a3) sh      a7, -31(s6)
core   0: 3 0x8000e9f4 (0xff1b10a3) mem 0x800127e2 0xbe61
core   0: 0x8000e9f8 (0xfe1b0983) lb      s3, -31(s6)
core   0: 3 0x8000e9f8 (0xfe1b0983) x19 0x00000061 mem 0x800127e2
core   0: 0x8000e9fc (0x018b0fa3) sb      s8, 31(s6)
core   0: 3 0x8000e9fc (0x018b0fa3) mem 0x80012820 0x61
core   0: 0x8000ea00 (0x031b1883) lh      a7, 49(s6)
core   0: 3 0x8000ea00 (0x031b1883) x17 0xfffffd7c mem 0x80012832
core   0: 0x8000ea04 (0x025b08a3) sb      t0, 49(s6)
core   0: 3 0x8000ea04 (0x025b08a3) mem 0x80012832 0x7c
core   0: 0x8000ea08 (0x02c37033) remu    zero, t1, a2
core   0: 3 0x8000ea08 (0x02c37033)
core   0: 0x8000ea0c (0x031b4183) lbu     gp, 49(s6)
core   0: 3 0x8000ea0c (0x031b4183) x 3 0x0000007c mem 0x80012832
core   0: 0x8000ea10 (0x031b0303) lb      t1, 49(s6)
core   0: 3 0x8000ea10 (0x031b0303) x 6 0x0000007c mem 0x80012832
core   0: 0x8000ea14 (0x00014617) auipc   a2, 0x14
core   0: 3 0x8000ea14 (0x00014617) x12 0x80022a14
core   0: 0x8000ea18 (0x63460613) addi    a2, a2, 1588
core   0: 3 0x8000ea18 (0x63460613) x12 0x80023048
core   0: 0x8000ea1c (0x00008de1) c.and   a1, s0
core   0: 3 0x8000ea1c (0x8de1) x11 0x03ffbe60
core   0: 0x8000ea1e (0x41e75a13) srai    s4, a4, 30
core   0: 3 0x8000ea1e (0x41e75a13) x20 0x00000000
core   0: 0x8000ea22 (0x00008d5d) c.or    a0, a5
core   0: 3 0x8000ea22 (0x8d5d) x10 0xffffbff6
core   0: 0x8000ea24 (0x02ed5933) divu    s2, s10, a4
core   0: 3 0x8000ea24 (0x02ed5933) x18 0x00000000
core   0: 0x8000ea28 (0x0173b133) sltu    sp, t2, s7
core   0: 3 0x8000ea28 (0x0173b133) x 2 0x00000001
core   0: 0x8000ea2c (0x00000001) c.nop
core   0: 3 0x8000ea2c (0x0001)
core   0: 0x8000ea2e (0x1006272f) lr.w    a4, (a2)
core   0: 3 0x8000ea2e (0x1006272f) x14 0x8002bd24 mem 0x80023048
core   0: 0x8000ea32 (0x000001da) c.slli  gp, 22
core   0: 3 0x8000ea32 (0x01da) x 3 0x1f000000
core   0: 0x8000ea34 (0x00008069) c.srli  s0, 26
core   0: 3 0x8000ea34 (0x8069) x 8 0x00000000
core   0: 0x8000ea36 (0xa88a0113) addi    sp, s4, -1400
core   0: 3 0x8000ea36 (0xa88a0113) x 2 0xfffffa88
core   0: 0x8000ea3a (0x412ed013) srai    zero, t4, 18
core   0: 3 0x8000ea3a (0x412ed013)
core   0: 0x8000ea3e (0x1b56272f) sc.w    a4, s5, (a2)
core   0: 3 0x8000ea3e (0x1b56272f) x14 0x00000000 mem 0x80023048 0xffffffff
core   0: 0x8000ea42 (0x00004b85) c.li    s7, 1
core   0: 3 0x8000ea42 (0x4b85) x23 0x00000001
core   0: 0x8000ea44 (0x00000001) c.nop
core   0: 3 0x8000ea44 (0x0001)
core   0: 0x8000ea46 (0x00005255) c.li    tp, -11
core   0: 3 0x8000ea46 (0x5255) x 4 0xfffffff5
core   0: 0x8000ea48 (0x00433533) sltu    a0, t1, tp
core   0: 3 0x8000ea48 (0x00433533) x10 0x00000001
core   0: 0x8000ea4c (0x00006e91) c.lui   t4, 0x4
core   0: 3 0x8000ea4c (0x6e91) x29 0x00004000
core   0: 0x8000ea4e (0x00001be9) c.addi  s7, -6
core   0: 3 0x8000ea4e (0x1be9) x23 0xfffffffb
core   0: 0x8000ea50 (0x0154d013) srli    zero, s1, 21
core   0: 3 0x8000ea50 (0x0154d013)
core   0: 0x8000ea54 (0x00f99133) sll     sp, s3, a5
core   0: 3 0x8000ea54 (0x00f99133) x 2 0x00610000
core   0: 0x8000ea58 (0x000049a5) c.li    s3, 9
core   0: 3 0x8000ea58 (0x49a5) x19 0x00000009
core   0: 0x8000ea5a (0x0000444d) c.li    s0, 19
core   0: 3 0x8000ea5a (0x444d) x 8 0x00000013
core   0: 0x8000ea5c (0x013fed33) or      s10, t6, s3
core   0: 3 0x8000ea5c (0x013fed33) x26 0xffffc6dd
core   0: 0x8000ea60 (0x000009a9) c.addi  s3, 10
core   0: 3 0x8000ea60 (0x09a9) x19 0x00000013
core   0: 0x8000ea62 (0x020c3733) mulhu   a4, s8, zero
core   0: 3 0x8000ea62 (0x020c3733) x14 0x00000000
core   0: 0x8000ea66 (0xfe898be3) beq     s3, s0, pc - 10
core   0: 3 0x8000ea66 (0xfe898be3)
core   0: 0x8000ea5c (0x013fed33) or      s10, t6, s3
core   0: 3 0x8000ea5c (0x013fed33) x26 0xffffc6d7
core   0: 0x8000ea60 (0x000009a9) c.addi  s3, 10
core   0: 3 0x8000ea60 (0x09a9) x19 0x0000001d
core   0: 0x8000ea62 (0x020c3733) mulhu   a4, s8, zero
core   0: 3 0x8000ea62 (0x020c3733) x14 0x00000000
core   0: 0x8000ea66 (0xfe898be3) beq     s3, s0, pc - 10
core   0: 3 0x8000ea66 (0xfe898be3)
core   0: 0x8000ea6a (0x406cdc13) srai    s8, s9, 6
core   0: 3 0x8000ea6a (0x406cdc13) x24 0xfffffffe
core   0: 0x8000ea6e (0xfc4b8fe3) beq     s7, tp, pc - 34
core   0: 3 0x8000ea6e (0xfc4b8fe3)
core   0: 0x8000ea72 (0x00006129) c.addi16sp sp, 192
core   0: 3 0x8000ea72 (0x6129) x 2 0x006100c0
core   0: 0x8000ea74 (0x00014617) auipc   a2, 0x14
core   0: 3 0x8000ea74 (0x00014617) x12 0x80022a74
core   0: 0x8000ea78 (0x5e860613) addi    a2, a2, 1512
core   0: 3 0x8000ea78 (0x5e860613) x12 0x8002305c
core   0: 0x8000ea7c (0x1206212f) lr.w    sp, (a2)
core   0: 3 0x8000ea7c (0x1206212f) x 2 0x8002305c mem 0x8002305c
core   0: 0x8000ea80 (0x00000b36) c.slli  s6, 13
core   0: 3 0x8000ea80 (0x0b36) x22 0x25002000
core   0: 0x8000ea82 (0x78c4f793) andi    a5, s1, 1932
core   0: 3 0x8000ea82 (0x78c4f793) x15 0x0000068c
core   0: 0x8000ea86 (0x1b36242f) sc.w    s0, s3, (a2)
core   0: 3 0x8000ea86 (0x1b36242f) x 8 0x00000000 mem 0x8002305c 0x0000001d
core   0: 0x8000ea8a (0x00004497) auipc   s1, 0x4
core   0: 3 0x8000ea8a (0x00004497) x 9 0x80012a8a
core   0: 0x8000ea8e (0x9ec48493) addi    s1, s1, -1556
core   0: 3 0x8000ea8e (0x9ec48493) x 9 0x80012476
core   0: 0x8000ea92 (0x03cfbe33) mulhu   t3, t6, t3
core   0: 3 0x8000ea92 (0x03cfbe33) x28 0x80021432
core   0: 0x8000ea96 (0xffc48fa3) sb      t3, -1(s1)
core   0: 3 0x8000ea96 (0xffc48fa3) mem 0x80012475 0x32
core   0: 0x8000ea9a (0xffc4dc83) lhu     s9, -4(s1)
core   0: 3 0x8000ea9a (0xffc4dc83) x25 0x00007c88 mem 0x80012472
core   0: 0x8000ea9e (0x01f484a3) sb      t6, 9(s1)
core   0: 3 0x8000ea9e (0x01f484a3) mem 0x8001247f 0xd4
core   0: 0x8000eaa2 (0xcdca8c93) addi    s9, s5, -804
core   0: 3 0x8000eaa2 (0xcdca8c93) x25 0xfffffcdb
core   0: 0x8000eaa6 (0x0024dc83) lhu     s9, 2(s1)
core   0: 3 0x8000eaa6 (0x0024dc83) x25 0x00000580 mem 0x80012478
core   0: 0x8000eaaa (0x000045c9) c.li    a1, 18
core   0: 3 0x8000eaaa (0x45c9) x11 0x00000012
core   0: 0x8000eaac (0x729fe893) ori     a7, t6, 1833
core   0: 3 0x8000eaac (0x729fe893) x17 0xffffc7fd
core   0: 0x8000eab0 (0x03c5ffb3) remu    t6, a1, t3
core   0: 3 0x8000eab0 (0x03c5ffb3) x31 0x00000012
core   0: 0x8000eab4 (0xff54c583) lbu     a1, -11(s1)
core   0: 3 0x8000eab4 (0xff54c583) x11 0x00000000 mem 0x8001246b
core   0: 0x8000eab8 (0x011e5593) srli    a1, t3, 17
core   0: 3 0x8000eab8 (0x011e5593) x11 0x00004001
core   0: 0x8000eabc (0x03fafcb3) remu    s9, s5, t6
core   0: 3 0x8000eabc (0x03fafcb3) x25 0x00000003
core   0: 0x8000eac0 (0x0158df93) srli    t6, a7, 21
core   0: 3 0x8000eac0 (0x0158df93) x31 0x000007ff
core   0: 0x8000eac4 (0x00948883) lb      a7, 9(s1)
core   0: 3 0x8000eac4 (0x00948883) x17 0xffffffd4 mem 0x8001247f
core   0: 0x8000eac8 (0x031cd8b3) divu    a7, s9, a7
core   0: 3 0x8000eac8 (0x031cd8b3) x17 0x00000000
core   0: 0x8000eacc (0x039e65b3) rem     a1, t3, s9
core   0: 3 0x8000eacc (0x039e65b3) x11 0xfffffffe
core   0: 0x8000ead0 (0x00006af9) c.lui   s5, 0x1e
core   0: 3 0x8000ead0 (0x6af9) x21 0x0001e000
core   0: 0x8000ead2 (0x013fee13) ori     t3, t6, 19
core   0: 3 0x8000ead2 (0x013fee13) x28 0x000007ff
core   0: 0x8000ead6 (0x412a8f93) addi    t6, s5, 1042
core   0: 3 0x8000ead6 (0x412a8f93) x31 0x0001e412
core   0: 0x8000eada (0x0ff0000f) fence   iorw,iorw
core   0: 3 0x8000eada (0x0ff0000f)
core   0: 0x8000eade (0x00001afd) c.addi  s5, -1
core   0: 3 0x8000eade (0x1afd) x21 0x0001dfff
core   0: 0x8000eae0 (0x71f8f597) auipc   a1, 0x71f8f
core   0: 3 0x8000eae0 (0x71f8f597) x11 0xf1f9dae0
core   0: 0x8000eae4 (0x412e5e13) srai    t3, t3, 18
core   0: 3 0x8000eae4 (0x412e5e13) x28 0x00000000
core   0: 0x8000eae8 (0xb9e99e37) lui     t3, 0xb9e99
core   0: 3 0x8000eae8 (0xb9e99e37) x28 0xb9e99000
core   0: 0x8000eaec (0x01f48423) sb      t6, 8(s1)
core   0: 3 0x8000eaec (0x01f48423) mem 0x8001247e 0x12
core   0: 0x8000eaf0 (0xff94a923) sw      s9, -14(s1)
core   0: 3 0x8000eaf0 (0xff94a923) mem 0x80012468 0x00000003
core   0: 0x8000eaf4 (0x0398be33) mulhu   t3, a7, s9
core   0: 3 0x8000eaf4 (0x0398be33) x28 0x00000000
core   0: 0x8000eaf8 (0x011c98b3) sll     a7, s9, a7
core   0: 3 0x8000eaf8 (0x011c98b3) x17 0x00000003
core   0: 0x8000eafc (0x0034c583) lbu     a1, 3(s1)
core   0: 3 0x8000eafc (0x0034c583) x11 0x00000005 mem 0x80012479
core   0: 0x8000eb00 (0x00a4df83) lhu     t6, 10(s1)
core   0: 3 0x8000eb00 (0x00a4df83) x31 0x0000b116 mem 0x80012480
core   0: 0x8000eb04 (0xff849a83) lh      s5, -8(s1)
core   0: 3 0x8000eb04 (0xff849a83) x21 0xfffff278 mem 0x8001246e
core   0: 0x8000eb08 (0x01548223) sb      s5, 4(s1)
core   0: 3 0x8000eb08 (0x01548223) mem 0x8001247a 0x78
core   0: 0x8000eb0c (0xff64af83) lw      t6, -10(s1)
core   0: 3 0x8000eb0c (0xff64af83) x31 0xf2787113 mem 0x8001246c
core   0: 0x8000eb10 (0xff74cf83) lbu     t6, -9(s1)
core   0: 3 0x8000eb10 (0xff74cf83) x31 0x00000071 mem 0x8001246d
core   0: 0x8000eb14 (0x00e4cf83) lbu     t6, 14(s1)
core   0: 3 0x8000eb14 (0x00e4cf83) x31 0x0000008d mem 0x80012484
core   0: 0x8000eb18 (0x00014a97) auipc   s5, 0x14
core   0: 3 0x8000eb18 (0x00014a97) x21 0x80022b18
core   0: 0x8000eb1c (0x560a8a93) addi    s5, s5, 1376
core   0: 3 0x8000eb1c (0x560a8a93) x21 0x80023078
core   0: 0x8000eb20 (0xf968a313) slti    t1, a7, -106
core   0: 3 0x8000eb20 (0xf968a313) x 6 0x00000000
core   0: 0x8000eb24 (0x00570c33) add     s8, a4, t0
core   0: 3 0x8000eb24 (0x00570c33) x24 0x8000e97c
core   0: 0x8000eb28 (0x000060d1) c.lui   ra, 0x14
core   0: 3 0x8000eb28 (0x60d1) x 1 0x00014000
core   0: 0x8000eb2a (0x00008c81) c.sub   s1, s0
core   0: 3 0x8000eb2a (0x8c81) x 9 0x80012476
core   0: 0x8000eb2c (0x038d91b3) mulh    gp, s11, s8
core   0: 3 0x8000eb2c (0x038d91b3) x 3 0x3fff17d2
core   0: 0x8000eb30 (0x98cb2793) slti    a5, s6, -1652
core   0: 3 0x8000eb30 (0x98cb2793) x15 0x00000000
core   0: 0x8000eb34 (0x00008d81) c.sub   a1, s0
core   0: 3 0x8000eb34 (0x8d81) x11 0x00000005
core   0: 0x8000eb36 (0x036b1d33) mulh    s10, s6, s6
core   0: 3 0x8000eb36 (0x036b1d33) x26 0x05590940
core   0: 0x8000eb3a (0x140aa12f) lr.w    sp, (s5)
core   0: 3 0x8000eb3a (0x140aa12f) x 2 0x9629ffa4 mem 0x80023078
core   0: 0x8000eb3e (0x03b147b3) div     a5, sp, s11
core   0: 3 0x8000eb3e (0x03b147b3) x15 0x00000000
core   0: 0x8000eb42 (0xe88bb493) sltiu   s1, s7, -376
core   0: 3 0x8000eb42 (0xe88bb493) x 9 0x00000000
core   0: 0x8000eb46 (0x1c8aa32f) sc.w    t1, s0, (s5)
core   0: 3 0x8000eb46 (0x1c8aa32f) x 6 0x00000000 mem 0x80023078 0x00000000
core   0: 0x8000eb4a (0x00014217) auipc   tp, 0x14
core   0: 3 0x8000eb4a (0x00014217) x 4 0x80022b4a
core   0: 0x8000eb4e (0x51e20213) addi    tp, tp, 1310
core   0: 3 0x8000eb4e (0x51e20213) x 4 0x80023068
core   0: 0x8000eb52 (0x021225af) amoadd.w a1, ra, (tp)
core   0: 3 0x8000eb52 (0x021225af) x11 0xffffffff mem 0x80023068 mem 0x80023068 0x00013fff
core   0: 0x8000eb56 (0xa0f228af) amomax.w a7, a5, (tp)
core   0: 3 0x8000eb56 (0xa0f228af) x17 0x00013fff mem 0x80023068 mem 0x80023068 0x00013fff
core   0: 0x8000eb5a (0x00004117) auipc   sp, 0x4
core   0: 3 0x8000eb5a (0x00004117) x 2 0x80012b5a
core   0: 0x8000eb5e (0x3b610113) addi    sp, sp, 950
core   0: 3 0x8000eb5e (0x3b610113) x 2 0x80012f10
core   0: 0x8000eb62 (0x00110283) lb      t0, 1(sp)
core   0: 3 0x8000eb62 (0x00110283) x 5 0x00000004 mem 0x80012f11
core   0: 0x8000eb66 (0x00005ee2) c.lwsp  t4, 56(sp)
core   0: 3 0x8000eb66 (0x5ee2) x29 0xa1424a85 mem 0x80012f48
core   0: 0x8000eb68 (0x0000d45e) c.swsp  s7, 40(sp)
core   0: 3 0x8000eb68 (0xd45e) mem 0x80012f38 0xfffffffb
core   0: 0x8000eb6a (0xfec14183) lbu     gp, -20(sp)
core   0: 3 0x8000eb6a (0xfec14183) x 3 0x00000045 mem 0x80012efc
core   0: 0x8000eb6e (0x0000c0b6) c.swsp  a3, 64(sp)
core   0: 3 0x8000eb6e (0xc0b6) mem 0x80012f50 0x8002bd24
core   0: 0x8000eb70 (0x0000c0ba) c.swsp  a4, 64(sp)
core   0: 3 0x8000eb70 (0xc0ba) mem 0x80012f50 0x00000000
core   0: 0x8000eb72 (0x0000de32) c.swsp  a2, 60(sp)
core   0: 3 0x8000eb72 (0xde32) mem 0x80012f4c 0x8002305c
core   0: 0x8000eb74 (0x00000b25) c.addi  s6, 9
core   0: 3 0x8000eb74 (0x0b25) x22 0x25002009
core   0: 0x8000eb76 (0xa591ff13) andi    t5, gp, -1447
core   0: 3 0x8000eb76 (0xa591ff13) x30 0x00000041
core   0: 0x8000eb7a (0xfd910083) lb      ra, -39(sp)
core   0: 3 0x8000eb7a (0xfd910083) x 1 0x00000026 mem 0x80012ee9
core   0: 0x8000eb7e (0xfed10003) lb      zero, -19(sp)
core   0: 3 0x8000eb7e (0xfed10003) mem 0x80012efd
core   0: 0x8000eb82 (0x0000c622) c.swsp  s0, 12(sp)
core   0: 3 0x8000eb82 (0xc622) mem 0x80012f1c 0x00000000
core   0: 0x8000eb84 (0x02710f03) lb      t5, 39(sp)
core   0: 3 0x8000eb84 (0x02710f03) x30 0xffffffe3 mem 0x80012f37
core   0: 0x8000eb88 (0xfd012f83) lw      t6, -48(sp)
core   0: 3 0x8000eb88 (0xfd012f83) x31 0x66396a5d mem 0x80012ee0
core   0: 0x8000eb8c (0x1428f713) andi    a4, a7, 322
core   0: 3 0x8000eb8c (0x1428f713) x14 0x00000142
core   0: 0x8000eb90 (0x03914b83) lbu     s7, 57(sp)
core   0: 3 0x8000eb90 (0x03914b83) x23 0x0000004a mem 0x80012f49
core   0: 0x8000eb94 (0x03a15233) divu    tp, sp, s10
core   0: 3 0x8000eb94 (0x03a15233) x 4 0x00000017
core   0: 0x8000eb98 (0xfe314303) lbu     t1, -29(sp)
core   0: 3 0x8000eb98 (0xfe314303) x 6 0x000000d2 mem 0x80012ef3
core   0: 0x8000eb9c (0xfdd10c03) lb      s8, -35(sp)
core   0: 3 0x8000eb9c (0xfdd10c03) x24 0x0000000f mem 0x80012eed
core   0: 0x8000eba0 (0x00a11c83) lh      s9, 10(sp)
core   0: 3 0x8000eba0 (0x00a11c83) x25 0xffffa195 mem 0x80012f1a
core   0: 0x8000eba4 (0x00014b97) auipc   s7, 0x14
core   0: 3 0x8000eba4 (0x00014b97) x23 0x80022ba4
core   0: 0x8000eba8 (0x4c4b8b93) addi    s7, s7, 1220
core   0: 3 0x8000eba8 (0x4c4b8b93) x23 0x80023068
core   0: 0x8000ebac (0x00014e97) auipc   t4, 0x14
core   0: 3 0x8000ebac (0x00014e97) x29 0x80022bac
core   0: 0x8000ebb0 (0x4a0e8e93) addi    t4, t4, 1184
core   0: 3 0x8000ebb0 (0x4a0e8e93) x29 0x8002304c
core   0: 0x8000ebb4 (0x00014197) auipc   gp, 0x14
core   0: 3 0x8000ebb4 (0x00014197) x 3 0x80022bb4
core   0: 0x8000ebb8 (0x4a818193) addi    gp, gp, 1192
core   0: 3 0x8000ebb8 (0x4a818193) x 3 0x8002305c
core   0: 0x8000ebbc (0x017ba92f) amoadd.w s2, s7, (s7)
core   0: 3 0x8000ebbc (0x017ba92f) x18 0x00013fff mem 0x80023068 mem 0x80023068 0x80037067
core   0: 0x8000ebc0 (0x08dba9af) amoswap.w s3, a3, (s7)
core   0: 3 0x8000ebc0 (0x08dba9af) x19 0x80037067 mem 0x80023068 mem 0x80023068 0x8002bd24
core   0: 0x8000ebc4 (0x24e1ac2f) amoxor.w s8, a4, (gp)
core   0: 3 0x8000ebc4 (0x24e1ac2f) x24 0x0000001d mem 0x8002305c mem 0x8002305c 0x0000015f
core   0: 0x8000ebc8 (0x00008cc1) c.or    s1, s0
core   0: 3 0x8000ebc8 (0x8cc1) x 9 0x00000000
core   0: 0x8000ebca (0x00006f49) c.lui   t5, 0x12
core   0: 3 0x8000ebca (0x6f49) x30 0x00012000
core   0: 0x8000ebcc (0x211eab2f) amoxor.w s6, a7, (t4)
core   0: 3 0x8000ebcc (0x211eab2f) x22 0xffffbc95 mem 0x8002304c mem 0x8002304c 0xfffe836a
core   0: 0x8000ebd0 (0x00004097) auipc   ra, 0x4
core   0: 3 0x8000ebd0 (0x00004097) x 1 0x80012bd0
core   0: 0x8000ebd4 (0x30208093) addi    ra, ra, 770
core   0: 3 0x8000ebd4 (0x30208093) x 1 0x80012ed2
core   0: 0x8000ebd8 (0x0000d297) auipc   t0, 0xd
core   0: 3 0x8000ebd8 (0x0000d297) x 5 0x8001bbd8
core   0: 0x8000ebdc (0xa1528293) addi    t0, t0, -1515
core   0: 3 0x8000ebdc (0xa1528293) x 5 0x8001b5ed
core   0: 0x8000ebe0 (0xd1e0c303) lbu     t1, -738(ra)
core   0: 3 0x8000ebe0 (0xd1e0c303) x 6 0x00000089 mem 0x80012bf0
core   0: 0x8000ebe4 (0x004292a3) sh      tp, 5(t0)
core   0: 3 0x8000ebe4 (0x004292a3) mem 0x8001b5f2 0x0017
core   0: 0x8000ebe8 (0x00e291a3) sh      a4, 3(t0)
core   0: 3 0x8000ebe8 (0x00e291a3) mem 0x8001b5f0 0x0142
core   0: 0x8000ebec (0x0092df03) lhu     t5, 9(t0)
core   0: 3 0x8000ebec (0x0092df03) x30 0x00005c8b mem 0x8001b5f6
core   0: 0x8000ebf0 (0xfab08203) lb      tp, -85(ra)
core   0: 3 0x8000ebf0 (0xfab08203) x 4 0x0000007a mem 0x80012e7d
core   0: 0x8000ebf4 (0xa4808923) sb      s0, -1454(ra)
core   0: 3 0x8000ebf4 (0xa4808923) mem 0x80012924 0x0
core   0: 0x8000ebf8 (0x01928323) sb      s9, 6(t0)
core   0: 3 0x8000ebf8 (0x01928323) mem 0x8001b5f3 0x95
core   0: 0x8000ebfc (0xb9808823) sb      s8, -1136(ra)
core   0: 3 0x8000ebfc (0xb9808823) mem 0x80012a62 0x1d
core   0: 0x8000ec00 (0xbfa0dd83) lhu     s11, -1030(ra)
core   0: 3 0x8000ec00 (0xbfa0dd83) x27 0x0000f744 mem 0x80012acc
core   0: 0x8000ec04 (0x00c28523) sb      a2, 10(t0)
core   0: 3 0x8000ec04 (0x00c28523) mem 0x8001b5f7 0x5c
core   0: 0x8000ec08 (0xffc28b03) lb      s6, -4(t0)
core   0: 3 0x8000ec08 (0xffc28b03) x22 0xffffff98 mem 0x8001b5e9
core   0: 0x8000ec0c (0x00014297) auipc   t0, 0x14
core   0: 3 0x8000ec0c (0x00014297) x 5 0x80022c0c
core   0: 0x8000ec10 (0x47028293) addi    t0, t0, 1136
core   0: 3 0x8000ec10 (0x47028293) x 5 0x8002307c
core   0: 0x8000ec14 (0x8562a0af) amomin.w ra, s6, (t0)
core   0: 3 0x8000ec14 (0x8562a0af) x 1 0x0000001a mem 0x8002307c mem 0x8002307c 0xffffff98
core   0: 0x8000ec18 (0x0302af2f) amoadd.w t5, a6, (t0)
core   0: 3 0x8000ec18 (0x0302af2f) x30 0xffffff98 mem 0x8002307c mem 0x8002307c 0x80027df0
core   0: 0x8000ec1c (0x000042a9) c.li    t0, 10
core   0: 3 0x8000ec1c (0x42a9) x 5 0x0000000a
core   0: 0x8000ec1e (0x00005e7d) c.li    t3, -1
core   0: 3 0x8000ec1e (0x5e7d) x28 0xffffffff
core   0: 0x8000ec20 (0x00000298) c.addi4spn a4, sp, 320
core   0: 3 0x8000ec20 (0x0298) x14 0x80013050
core   0: 0x8000ec22 (0x00d5bc33) sltu    s8, a1, a3
core   0: 3 0x8000ec22 (0x00d5bc33) x24 0x00000000
core   0: 0x8000ec26 (0x0338d933) divu    s2, a7, s3
core   0: 3 0x8000ec26 (0x0338d933) x18 0x00000000
core   0: 0x8000ec2a (0x00004a29) c.li    s4, 10
core   0: 3 0x8000ec2a (0x4a29) x20 0x0000000a
core   0: 0x8000ec2c (0x00000c85) c.addi  s9, 1
core   0: 3 0x8000ec2c (0x0c85) x25 0xffffa196
core   0: 0x8000ec2e (0x00000001) c.nop
core   0: 3 0x8000ec2e (0x0001)
core   0: 0x8000ec30 (0x0000157d) c.addi  a0, -1
core   0: 3 0x8000ec30 (0x157d) x10 0x00000000
core   0: 0x8000ec32 (0x7f4d3913) sltiu   s2, s10, 2036
core   0: 3 0x8000ec32 (0x7f4d3913) x18 0x00000000
core   0: 0x8000ec36 (0x00000284) c.addi4spn s1, sp, 320
core   0: 3 0x8000ec36 (0x0284) x 9 0x80013050
core   0: 0x8000ec38 (0xd4419317) auipc   t1, 0xd4419
core   0: 3 0x8000ec38 (0xd4419317) x 6 0x54427c38
core   0: 0x8000ec3c (0x000012dd) c.addi  t0, -9
core   0: 3 0x8000ec3c (0x12dd) x 5 0x00000001
core   0: 0x8000ec3e (0x000048a1) c.li    a7, 8
core   0: 3 0x8000ec3e (0x48a1) x17 0x00000008
core   0: 0x8000ec40 (0x01cc9f93) slli    t6, s9, 28
core   0: 3 0x8000ec40 (0x01cc9f93) x31 0x60000000
core   0: 0x8000ec44 (0x02ccd7b3) divu    a5, s9, a2
core   0: 3 0x8000ec44 (0x02ccd7b3) x15 0x00000001
core   0: 0x8000ec48 (0x00004649) c.li    a2, 18
core   0: 3 0x8000ec48 (0x4649) x12 0x00000012
core   0: 0x8000ec4a (0x1f374b93) xori    s7, a4, 499
core   0: 3 0x8000ec4a (0x1f374b93) x23 0x800131a3
core   0: 0x8000ec4e (0x03b8b533) mulhu   a0, a7, s11
core   0: 3 0x8000ec4e (0x03b8b533) x10 0x00000000
core   0: 0x8000ec52 (0x54042c97) auipc   s9, 0x54042
core   0: 3 0x8000ec52 (0x54042c97) x25 0xd4050c52
core   0: 0x8000ec56 (0x000008a9) c.addi  a7, 10
core   0: 3 0x8000ec56 (0x08a9) x17 0x00000012
core   0: 0x8000ec58 (0xfec899e3) bne     a7, a2, pc - 14
core   0: 3 0x8000ec58 (0xfec899e3)
core   0: 0x8000ec5c (0x000000ed) c.addi  ra, 27
core   0: 3 0x8000ec5c (0x00ed) x 1 0x00000035
core   0: 0x8000ec5e (0x0373c733) div     a4, t2, s7
core   0: 3 0x8000ec5e (0x0373c733) x14 0x00000000
core   0: 0x8000ec62 (0xfd42f7e3) bgeu    t0, s4, pc - 50
core   0: 3 0x8000ec62 (0xfd42f7e3)
core   0: 0x8000ec66 (0x403b0933) sub     s2, s6, gp
core   0: 3 0x8000ec66 (0x403b0933) x18 0x7ffdcf3c
core   0: 0x8000ec6a (0x0000c897) auipc   a7, 0xc
core   0: 3 0x8000ec6a (0x0000c897) x17 0x8001ac6a
core   0: 0x8000ec6e (0xdfe88893) addi    a7, a7, -514
core   0: 3 0x8000ec6e (0xdfe88893) x17 0x8001aa68
core   0: 0x8000ec72 (0x00003497) auipc   s1, 0x3
core   0: 3 0x8000ec72 (0x00003497) x 9 0x80011c72
core   0: 0x8000ec76 (0x6d948493) addi    s1, s1, 1753
core   0: 3 0x8000ec76 (0x6d948493) x 9 0x8001234b
core   0: 0x8000ec7a (0xff988e03) lb      t3, -7(a7)
core   0: 3 0x8000ec7a (0xff988e03) x28 0x00000071 mem 0x8001aa61
core   0: 0x8000ec7e (0xff548923) sb      s5, -14(s1)
core   0: 3 0x8000ec7e (0xff548923) mem 0x8001233d 0x78
core   0: 0x8000ec82 (0xff288a83) lb      s5, -14(a7)
core   0: 3 0x8000ec82 (0xff288a83) x21 0xffffffff mem 0x8001aa5a
core   0: 0x8000ec86 (0xfeb89923) sh      a1, -14(a7)
core   0: 3 0x8000ec86 (0xfeb89923) mem 0x8001aa5a 0xffff
core   0: 0x8000ec8a (0xf074aaa3) sw      t2, -235(s1)
core   0: 3 0x8000ec8a (0xf074aaa3) mem 0x80012260 0x00000000
core   0: 0x8000ec8e (0xff688503) lb      a0, -10(a7)
core   0: 3 0x8000ec8e (0xff688503) x10 0xffffffb3 mem 0x8001aa5e
core   0: 0x8000ec92 (0x02a4ce83) lbu     t4, 42(s1)
core   0: 3 0x8000ec92 (0x02a4ce83) x29 0x000000d6 mem 0x80012375
core   0: 0x8000ec96 (0x0028ce03) lbu     t3, 2(a7)
core   0: 3 0x8000ec96 (0x0028ce03) x28 0x00000067 mem 0x8001aa6a
core   0: 0x8000ec9a (0x04d48503) lb      a0, 77(s1)
core   0: 3 0x8000ec9a (0x04d48503) x10 0xffffffb3 mem 0x80012398
core   0: 0x8000ec9e (0x08f48a83) lb      s5, 143(s1)
core   0: 3 0x8000ec9e (0x08f48a83) x21 0x0000003e mem 0x800123da
core   0: 0x8000eca2 (0x01388123) sb      s3, 2(a7)
core   0: 3 0x8000eca2 (0x01388123) mem 0x8001aa6a 0x67
core   0: 0x8000eca6 (0xff248183) lb      gp, -14(s1)
core   0: 3 0x8000eca6 (0xff248183) x 3 0x00000078 mem 0x8001233d
core   0: 0x8000ecaa (0xff98cc83) lbu     s9, -7(a7)
core   0: 3 0x8000ecaa (0xff98cc83) x25 0x00000071 mem 0x8001aa61
core   0: 0x8000ecae (0x0f848d23) sb      s8, 250(s1)
core   0: 3 0x8000ecae (0x0f848d23) mem 0x80012445 0x0
core   0: 0x8000ecb2 (0x0d748083) lb      ra, 215(s1)
core   0: 3 0x8000ecb2 (0x0d748083) x 1 0xffffffd9 mem 0x80012422
core   0: 0x8000ecb6 (0xff88ad03) lw      s10, -8(a7)
core   0: 3 0x8000ecb6 (0xff88ad03) x26 0xb23d71cc mem 0x8001aa60
core   0: 0x8000ecba (0x0f74d903) lhu     s2, 247(s1)
core   0: 3 0x8000ecba (0x0f74d903) x18 0x00002abb mem 0x80012442
core   0: 0x8000ecbe (0x024000ef) jal     pc + 0x24
core   0: 3 0x8000ecbe (0x024000ef) x 1 0x8000ecc2
core   0: 0x8000ece2 (0x0000a005) c.j     pc + 32
core   0: 3 0x8000ece2 (0xa005)
core   0: 0x8000ed02 (0xfe7ff0ef) jal     pc - 0x1a
core   0: 3 0x8000ed02 (0xfe7ff0ef) x 1 0x8000ed06
core   0: 0x8000ece8 (0x0000a019) c.j     pc + 6
core   0: 3 0x8000ece8 (0xa019)
core   0: 0x8000ecee (0xff9ff0ef) jal     pc - 0x8
core   0: 3 0x8000ecee (0xff9ff0ef) x 1 0x8000ecf2
core   0: 0x8000ece6 (0x00003fc5) c.jal   pc - 16
core   0: 3 0x8000ece6 (0x3fc5) x 1 0x8000ece8
core   0: 0x8000ecd6 (0x0000a025) c.j     pc + 40
core   0: 3 0x8000ecd6 (0xa025)
core   0: 0x8000ecfe (0x0000b7d1) c.j     pc - 60
core   0: 3 0x8000ecfe (0xb7d1)
core   0: 0x8000ecc2 (0x0000a805) c.j     pc + 48
core   0: 3 0x8000ecc2 (0xa805)
core   0: 0x8000ecf2 (0x000037e5) c.jal   pc - 24
core   0: 3 0x8000ecf2 (0x37e5) x 1 0x8000ecf4
core   0: 0x8000ecda (0x02c00def) jal     s11, pc + 0x2c
core   0: 3 0x8000ecda (0x02c00def) x27 0x8000ecde
core   0: 0x8000ed06 (0x0000bfcd) c.j     pc - 14
core   0: 3 0x8000ed06 (0xbfcd)
core   0: 0x8000ecf8 (0xfd1ff0ef) jal     pc - 0x30
core   0: 3 0x8000ecf8 (0xfd1ff0ef) x 1 0x8000ecfc
core   0: 0x8000ecc8 (0x0000a831) c.j     pc + 28
core   0: 3 0x8000ecc8 (0xa831)
core   0: 0x8000ece4 (0x000037e5) c.jal   pc - 24
core   0: 3 0x8000ece4 (0x37e5) x 1 0x8000ece6
core   0: 0x8000eccc (0x030000ef) jal     pc + 0x30
core   0: 3 0x8000eccc (0x030000ef) x 1 0x8000ecd0
core   0: 0x8000ecfc (0x00003ff1) c.jal   pc - 36
core   0: 3 0x8000ecfc (0x3ff1) x 1 0x8000ecfe
core   0: 0x8000ecd8 (0x00003fcd) c.jal   pc - 14
core   0: 3 0x8000ecd8 (0x3fcd) x 1 0x8000ecda
core   0: 0x8000ecca (0x0000281d) c.jal   pc + 54
core   0: 3 0x8000ecca (0x281d) x 1 0x8000eccc
core   0: 0x8000ed00 (0x0000bfd1) c.j     pc - 44
core   0: 3 0x8000ed00 (0xbfd1)
core   0: 0x8000ecd4 (0x0000a819) c.j     pc + 22
core   0: 3 0x8000ecd4 (0xa819)
core   0: 0x8000ecea (0x000037dd) c.jal   pc - 26
core   0: 3 0x8000ecea (0x37dd) x 1 0x8000ecec
core   0: 0x8000ecd0 (0x0000bfdd) c.j     pc - 10
core   0: 3 0x8000ecd0 (0xbfdd)
core   0: 0x8000ecc6 (0x0000a01d) c.j     pc + 38
core   0: 3 0x8000ecc6 (0xa01d)
core   0: 0x8000ecec (0x00003fcd) c.jal   pc - 14
core   0: 3 0x8000ecec (0x3fcd) x 1 0x8000ecee
core   0: 0x8000ecde (0x016000ef) jal     pc + 0x16
core   0: 3 0x8000ecde (0x016000ef) x 1 0x8000ece2
core   0: 0x8000ecf4 (0xfdfff0ef) jal     pc - 0x22
core   0: 3 0x8000ecf4 (0xfdfff0ef) x 1 0x8000ecf8
core   0: 0x8000ecd2 (0x0000bfcd) c.j     pc - 14
core   0: 3 0x8000ecd2 (0xbfcd)
core   0: 0x8000ecc4 (0x0000a091) c.j     pc + 68
core   0: 3 0x8000ecc4 (0xa091)
core   0: 0x8000ed08 (0x014e9293) slli    t0, t4, 20
core   0: 3 0x8000ed08 (0x014e9293) x 5 0x0d600000
core   0: 0x8000ed0c (0x00005897) auipc   a7, 0x5
core   0: 3 0x8000ed0c (0x00005897) x17 0x80013d0c
core   0: 0x8000ed10 (0xfd388893) addi    a7, a7, -45
core   0: 3 0x8000ed10 (0xfd388893) x17 0x80013cdf
core   0: 0x8000ed14 (0x00003f97) auipc   t6, 0x3
core   0: 3 0x8000ed14 (0x00003f97) x31 0x80011d14
core   0: 0x8000ed18 (0x74bf8f93) addi    t6, t6, 1867
core   0: 3 0x8000ed18 (0x74bf8f93) x31 0x8001245f
core   0: 0x8000ed1c (0xf178aea3) sw      s7, -227(a7)
core   0: 3 0x8000ed1c (0xf178aea3) mem 0x80013bfc 0x800131a3
core   0: 0x8000ed20 (0x00efc203) lbu     tp, 14(t6)
core   0: 3 0x8000ed20 (0x00efc203) x 4 0x00000071 mem 0x8001246d
core   0: 0x8000ed24 (0xf1489aa3) sh      s4, -235(a7)
core   0: 3 0x8000ed24 (0xf1489aa3) mem 0x80013bf4 0x000a
core   0: 0x8000ed28 (0x00bfc003) lbu     zero, 11(t6)
core   0: 3 0x8000ed28 (0x00bfc003) mem 0x8001246a
core   0: 0x8000ed2c (0xfd788b83) lb      s7, -41(a7)
core   0: 3 0x8000ed2c (0xfd788b83) x23 0xffffffca mem 0x80013cb6
core   0: 0x8000ed30 (0xff2f8703) lb      a4, -14(t6)
core   0: 3 0x8000ed30 (0xff2f8703) x14 0x00000000 mem 0x80012451
core   0: 0x8000ed34 (0xf2b8db83) lhu     s7, -213(a7)
core   0: 3 0x8000ed34 (0xf2b8db83) x23 0x00005b33 mem 0x80013c0a
core   0: 0x8000ed38 (0xfecf8c23) sb      a2, -8(t6)
core   0: 3 0x8000ed38 (0xfecf8c23) mem 0x80012457 0x12
core   0: 0x8000ed3c (0xfeffa8a3) sw      a5, -15(t6)
core   0: 3 0x8000ed3c (0xfeffa8a3) mem 0x80012450 0x00000001
core   0: 0x8000ed40 (0x0bd883a3) sb      t4, 167(a7)
core   0: 3 0x8000ed40 (0x0bd883a3) mem 0x80013d86 0xd6
core   0: 0x8000ed44 (0x09688983) lb      s3, 150(a7)
core   0: 3 0x8000ed44 (0x09688983) x19 0xffffff99 mem 0x80013d75
core   0: 0x8000ed48 (0x000fcc03) lbu     s8, 0(t6)
core   0: 3 0x8000ed48 (0x000fcc03) x24 0x00000037 mem 0x8001245f
core   0: 0x8000ed4c (0x06389d03) lh      s10, 99(a7)
core   0: 3 0x8000ed4c (0x06389d03) x26 0x000065b8 mem 0x80013d42
core   0: 0x8000ed50 (0x010f8983) lb      s3, 16(t6)
core   0: 3 0x8000ed50 (0x010f8983) x19 0xfffffff2 mem 0x8001246f
core   0: 0x8000ed54 (0xffefc083) lbu     ra, -2(t6)
core   0: 3 0x8000ed54 (0xffefc083) x 1 0x00000000 mem 0x8001245d
core   0: 0x8000ed58 (0x0428c083) lbu     ra, 66(a7)
core   0: 3 0x8000ed58 (0x0428c083) x 1 0x0000007f mem 0x80013d21
core   0: 0x8000ed5c (0x00014097) auipc   ra, 0x14
core   0: 3 0x8000ed5c (0x00014097) x 1 0x80022d5c
core   0: 0x8000ed60 (0x2fc08093) addi    ra, ra, 764
core   0: 3 0x8000ed60 (0x2fc08093) x 1 0x80023058
core   0: 0x8000ed64 (0x00014797) auipc   a5, 0x14
core   0: 3 0x8000ed64 (0x00014797) x15 0x80022d64
core   0: 0x8000ed68 (0x2ec78793) addi    a5, a5, 748
core   0: 3 0x8000ed68 (0x2ec78793) x15 0x80023050
core   0: 0x8000ed6c (0x00014297) auipc   t0, 0x14
core   0: 3 0x8000ed6c (0x00014297) x 5 0x80022d6c
core   0: 0x8000ed70 (0x31028293) addi    t0, t0, 784
core   0: 3 0x8000ed70 (0x31028293) x 5 0x8002307c
core   0: 0x8000ed74 (0x00014317) auipc   t1, 0x14
core   0: 3 0x8000ed74 (0x00014317) x 6 0x80022d74
core   0: 0x8000ed78 (0x30430313) addi    t1, t1, 772
core   0: 3 0x8000ed78 (0x30430313) x 6 0x80023078
core   0: 0x8000ed7c (0x00008745) c.srai  a4, 17
core   0: 3 0x8000ed7c (0x8745) x14 0x00000000
core   0: 0x8000ed7e (0xa2f2aeaf) amomax.w t4, a5, (t0)
core   0: 3 0x8000ed7e (0xa2f2aeaf) x29 0x80027df0 mem 0x8002307c mem 0x8002307c 0x80027df0
core   0: 0x8000ed82 (0x843f2893) slti    a7, t5, -1981
core   0: 3 0x8000ed82 (0x843f2893) x17 0x00000000
core   0: 0x8000ed86 (0x0377a5af) amoadd.w a1, s7, (a5)
core   0: 3 0x8000ed86 (0x0377a5af) x11 0x7f795b1e mem 0x80023050 mem 0x80023050 0x7f79b651
core   0: 0x8000ed8a (0x20d32daf) amoxor.w s11, a3, (t1)
core   0: 3 0x8000ed8a (0x20d32daf) x27 0x00000000 mem 0x80023078 mem 0x80023078 0x8002bd24
core   0: 0x8000ed8e (0x000054fd) c.li    s1, -1
core   0: 3 0x8000ed8e (0x54fd) x 9 0xffffffff
core   0: 0x8000ed90 (0x410d0f33) sub     t5, s10, a6
core   0: 3 0x8000ed90 (0x410d0f33) x30 0x7ffde760
core   0: 0x8000ed94 (0x84b32daf) amomin.w s11, a1, (t1)
core   0: 3 0x8000ed94 (0x84b32daf) x27 0x8002bd24 mem 0x80023078 mem 0x80023078 0x8002bd24
core   0: 0x8000ed98 (0xc1732c2f) amominu.w s8, s7, (t1)
core   0: 3 0x8000ed98 (0xc1732c2f) x24 0x8002bd24 mem 0x80023078 mem 0x80023078 0x00005b33
core   0: 0x8000ed9c (0x6500ab2f) amoand.w s6, a6, (ra)
core   0: 3 0x8000ed9c (0x6500ab2f) x22 0x00000000 mem 0x80023058 mem 0x80023058 0x00000000
core   0: 0x8000eda0 (0x024000ef) jal     pc + 0x24
core   0: 3 0x8000eda0 (0x024000ef) x 1 0x8000eda4
core   0: 0x8000edc4 (0x0000a039) c.j     pc + 14
core   0: 3 0x8000edc4 (0xa039)
core   0: 0x8000edd2 (0x0000bfd5) c.j     pc - 12
core   0: 3 0x8000edd2 (0xbfd5)
core   0: 0x8000edc6 (0xfebffa6f) jal     s4, pc - 0x16
core   0: 3 0x8000edc6 (0xfebffa6f) x20 0x8000edca
core   0: 0x8000edb0 (0x0000a801) c.j     pc + 16
core   0: 3 0x8000edb0 (0xa801)
core   0: 0x8000edc0 (0x0000a029) c.j     pc + 10
core   0: 3 0x8000edc0 (0xa029)
core   0: 0x8000edca (0xfe3ff0ef) jal     pc - 0x1e
core   0: 3 0x8000edca (0xfe3ff0ef) x 1 0x8000edce
core   0: 0x8000edac (0x0000200d) c.jal   pc + 34
core   0: 3 0x8000edac (0x200d) x 1 0x8000edae
core   0: 0x8000edce (0x00003fd5) c.jal   pc - 12
core   0: 3 0x8000edce (0x3fd5) x 1 0x8000edd0
core   0: 0x8000edc2 (0x0000b7cd) c.j     pc - 30
core   0: 3 0x8000edc2 (0xb7cd)
core   0: 0x8000eda4 (0x01a000ef) jal     pc + 0x1a
core   0: 3 0x8000eda4 (0x01a000ef) x 1 0x8000eda8
core   0: 0x8000edbe (0x0000a829) c.j     pc + 26
core   0: 3 0x8000edbe (0xa829)
core   0: 0x8000edd8 (0xfddffb6f) jal     s6, pc - 0x24
core   0: 3 0x8000edd8 (0xfddffb6f) x22 0x8000eddc
core   0: 0x8000edb4 (0x0060016f) jal     sp, pc + 0x6
core   0: 3 0x8000edb4 (0x0060016f) x 2 0x8000edb8
core   0: 0x8000edba (0x02c0036f) jal     t1, pc + 0x2c
core   0: 3 0x8000edba (0x02c0036f) x 6 0x8000edbe
core   0: 0x8000ede6 (0x0000b7e1) c.j     pc - 56
core   0: 3 0x8000ede6 (0xb7e1)
core   0: 0x8000edae (0x0000a805) c.j     pc + 48
core   0: 3 0x8000edae (0xa805)
core   0: 0x8000edde (0x0000bfd1) c.j     pc - 44
core   0: 3 0x8000edde (0xbfd1)
core   0: 0x8000edb2 (0x0000280d) c.jal   pc + 50
core   0: 3 0x8000edb2 (0x280d) x 1 0x8000edb4
core   0: 0x8000ede4 (0x00003fcd) c.jal   pc - 14
core   0: 3 0x8000ede4 (0x3fcd) x 1 0x8000ede6
core   0: 0x8000edd6 (0x0000a809) c.j     pc + 18
core   0: 3 0x8000edd6 (0xa809)
core   0: 0x8000ede8 (0xff5ff16f) jal     sp, pc - 0xc
core   0: 3 0x8000ede8 (0xff5ff16f) x 2 0x8000edec
core   0: 0x8000eddc (0x0000b7f1) c.j     pc - 52
core   0: 3 0x8000eddc (0xb7f1)
core   0: 0x8000eda8 (0x038000ef) jal     pc + 0x38
core   0: 3 0x8000eda8 (0x038000ef) x 1 0x8000edac
core   0: 0x8000ede0 (0xfd9ff36f) jal     t1, pc - 0x28
core   0: 3 0x8000ede0 (0xfd9ff36f) x 6 0x8000ede4
core   0: 0x8000edb8 (0x0000a831) c.j     pc + 28
core   0: 3 0x8000edb8 (0xa831)
core   0: 0x8000edd4 (0x0000bff5) c.j     pc - 4
core   0: 3 0x8000edd4 (0xbff5)
core   0: 0x8000edd0 (0x0000a831) c.j     pc + 28
core   0: 3 0x8000edd0 (0xa831)
core   0: 0x8000edec (0xbc46ef13) ori     t5, a3, -1084
core   0: 3 0x8000edec (0xbc46ef13) x30 0xffffffe4
core   0: 0x8000edf0 (0x00014797) auipc   a5, 0x14
core   0: 3 0x8000edf0 (0x00014797) x15 0x80022df0
core   0: 0x8000edf4 (0x26c78793) addi    a5, a5, 620
core   0: 3 0x8000edf4 (0x26c78793) x15 0x8002305c
core   0: 0x8000edf8 (0x0079c133) xor     sp, s3, t2
core   0: 3 0x8000edf8 (0x0079c133) x 2 0xfffffff2
core   0: 0x8000edfc (0xc4b7a12f) amominu.w sp, a1, (a5)
core   0: 3 0x8000edfc (0xc4b7a12f) x 2 0x0000015f mem 0x8002305c mem 0x8002305c 0x0000015f
core   0: 0x8000ee00 (0x00004e97) auipc   t4, 0x4
core   0: 3 0x8000ee00 (0x00004e97) x29 0x80012e00
core   0: 0x8000ee04 (0xf0de8e93) addi    t4, t4, -243
core   0: 3 0x8000ee04 (0xf0de8e93) x29 0x80012d0d
core   0: 0x8000ee08 (0x02ee8483) lb      s1, 46(t4)
core   0: 3 0x8000ee08 (0x02ee8483) x 9 0xfffffff2 mem 0x80012d3b
core   0: 0x8000ee0c (0x00004217) auipc   tp, 0x4
core   0: 3 0x8000ee0c (0x00004217) x 4 0x80012e0c
core   0: 0x8000ee10 (0xe1f20213) addi    tp, tp, -481
core   0: 3 0x8000ee10 (0xe1f20213) x 4 0x80012c2b
core   0: 0x8000ee14 (0xfe7e8903) lb      s2, -25(t4)
core   0: 3 0x8000ee14 (0xfe7e8903) x18 0xffffffc9 mem 0x80012cf4
core   0: 0x8000ee18 (0x01cec183) lbu     gp, 28(t4)
core   0: 3 0x8000ee18 (0x01cec183) x 3 0x000000bd mem 0x80012d29
core   0: 0x8000ee1c (0xea124783) lbu     a5, -351(tp)
core   0: 3 0x8000ee1c (0xea124783) x15 0x00000044 mem 0x80012acc
core   0: 0x8000ee20 (0xfc4ec703) lbu     a4, -60(t4)
core   0: 3 0x8000ee20 (0xfc4ec703) x14 0x0000009a mem 0x80012cd1
core   0: 0x8000ee24 (0x032ecf03) lbu     t5, 50(t4)
core   0: 3 0x8000ee24 (0x032ecf03) x30 0x00000000 mem 0x80012d3f
core   0: 0x8000ee28 (0x91b25a83) lhu     s5, -1765(tp)
core   0: 3 0x8000ee28 (0x91b25a83) x21 0x00006a05 mem 0x80012546
core   0: 0x8000ee2c (0xfcaeca83) lbu     s5, -54(t4)
core   0: 3 0x8000ee2c (0xfcaeca83) x21 0x0000007f mem 0x80012cd7
core   0: 0x8000ee30 (0xff6e8483) lb      s1, -10(t4)
core   0: 3 0x8000ee30 (0xff6e8483) x 9 0xffffff80 mem 0x80012d03
core   0: 0x8000ee34 (0x37125783) lhu     a5, 881(tp)
core   0: 3 0x8000ee34 (0x37125783) x15 0x0000626d mem 0x80012f9c
core   0: 0x8000ee38 (0x025ec283) lbu     t0, 37(t4)
core   0: 3 0x8000ee38 (0x025ec283) x 5 0x00000078 mem 0x80012d32
core   0: 0x8000ee3c (0x30020083) lb      ra, 768(tp)
core   0: 3 0x8000ee3c (0x30020083) x 1 0x00000054 mem 0x80012f2b
core   0: 0x8000ee40 (0x40e20d23) sb      a4, 1050(tp)
core   0: 3 0x8000ee40 (0x40e20d23) mem 0x80013045 0x9a
core   0: 0x8000ee44 (0xb0a20c83) lb      s9, -1270(tp)
core   0: 3 0x8000ee44 (0xb0a20c83) x25 0xffffffb0 mem 0x80012735
core   0: 0x8000ee48 (0xb5d20223) sb      t4, -1212(tp)
core   0: 3 0x8000ee48 (0xb5d20223) mem 0x8001276f 0xd
core   0: 0x8000ee4c (0xc3e24e03) lbu     t3, -962(tp)
core   0: 3 0x8000ee4c (0xc3e24e03) x28 0x000000d7 mem 0x80012869
core   0: 0x8000ee50 (0xffee8583) lb      a1, -2(t4)
core   0: 3 0x8000ee50 (0xffee8583) x11 0xffffffac mem 0x80012d0b
core   0: 0x8000ee54 (0x029eda03) lhu     s4, 41(t4)
core   0: 3 0x8000ee54 (0x029eda03) x20 0x00009c79 mem 0x80012d36
core   0: 0x8000ee58 (0x8c224e03) lbu     t3, -1854(tp)
core   0: 3 0x8000ee58 (0x8c224e03) x28 0x00000030 mem 0x800124ed
core   0: 0x8000ee5c (0x00014317) auipc   t1, 0x14
core   0: 3 0x8000ee5c (0x00014317) x 6 0x80022e5c
core   0: 0x8000ee60 (0x21030313) addi    t1, t1, 528
core   0: 3 0x8000ee60 (0x21030313) x 6 0x8002306c
core   0: 0x8000ee64 (0x02e219b3) mulh    s3, tp, a4
core   0: 3 0x8000ee64 (0x02e219b3) x19 0xffffffb3
core   0: 0x8000ee68 (0x00008079) c.srli  s0, 30
core   0: 3 0x8000ee68 (0x8079) x 8 0x00000000
core   0: 0x8000ee6a (0x00004649) c.li    a2, 18
core   0: 3 0x8000ee6a (0x4649) x12 0x00000012
core   0: 0x8000ee6c (0x00008989) c.andi  a1, 2
core   0: 3 0x8000ee6c (0x8989) x11 0x00000000
core   0: 0x8000ee6e (0x00008cf1) c.and   s1, a2
core   0: 3 0x8000ee6e (0x8cf1) x 9 0x00000000
core   0: 0x8000ee70 (0x01858233) add     tp, a1, s8
core   0: 3 0x8000ee70 (0x01858233) x 4 0x8002bd24
core   0: 0x8000ee74 (0x41f7d433) sra     s0, a5, t6
core   0: 3 0x8000ee74 (0x41f7d433) x 8 0x00000000
core   0: 0x8000ee78 (0x00004f0d) c.li    t5, 3
core   0: 3 0x8000ee78 (0x4f0d) x30 0x00000003
core   0: 0x8000ee7a (0x00008311) c.srli  a4, 4
core   0: 3 0x8000ee7a (0x8311) x14 0x00000009
core   0: 0x8000ee7c (0x673c7f37) lui     t5, 0x673c7
core   0: 3 0x8000ee7c (0x673c7f37) x30 0x673c7000
core   0: 0x8000ee80 (0x100322af) lr.w    t0, (t1)
core   0: 3 0x8000ee80 (0x100322af) x 5 0x80023058 mem 0x8002306c
core   0: 0x8000ee84 (0x001ddb13) srli    s6, s11, 1
core   0: 3 0x8000ee84 (0x001ddb13) x22 0x40015e92
core   0: 0x8000ee88 (0x0000652d) c.lui   a0, 0xb
core   0: 3 0x8000ee88 (0x652d) x10 0x0000b000
core   0: 0x8000ee8a (0x00008305) c.srli  a4, 1
core   0: 3 0x8000ee8a (0x8305) x14 0x00000004
core   0: 0x8000ee8c (0x00008f11) c.sub   a4, a2
core   0: 3 0x8000ee8c (0x8f11) x14 0xfffffff2
core   0: 0x8000ee8e (0x1a232baf) sc.w    s7, sp, (t1)
core   0: 3 0x8000ee8e (0x1a232baf) x23 0x00000000 mem 0x8002306c 0x0000015f
core   0: 0x8000ee92 (0x0000c117) auipc   sp, 0xc
core   0: 3 0x8000ee92 (0x0000c117) x 2 0x8001ae92
core   0: 0x8000ee96 (0x9ed10113) addi    sp, sp, -1555
core   0: 3 0x8000ee96 (0x9ed10113) x 2 0x8001a87f
core   0: 0x8000ee9a (0xa8a10d83) lb      s11, -1398(sp)
core   0: 3 0x8000ee9a (0xa8a10d83) x27 0xffffff92 mem 0x8001a309
core   0: 0x8000ee9e (0xd6eda293) slti    t0, s11, -658
core   0: 3 0x8000ee9e (0xd6eda293) x 5 0x00000000
core   0: 0x8000eea2 (0x000087de) c.mv    a5, s7
core   0: 3 0x8000eea2 (0x87de) x15 0x00000000
core   0: 0x8000eea4 (0x40638633) sub     a2, t2, t1
core   0: 3 0x8000eea4 (0x40638633) x12 0x7ffdcf94
core   0: 0x8000eea8 (0x04010923) sb      zero, 82(sp)
core   0: 3 0x8000eea8 (0x04010923) mem 0x8001a8d1 0x0
core   0: 0x8000eeac (0x02b14903) lbu     s2, 43(sp)
core   0: 3 0x8000eeac (0x02b14903) x18 0x000000d4 mem 0x8001a8aa
core   0: 0x8000eeb0 (0x03fc1c33) mulh    s8, s8, t6
core   0: 3 0x8000eeb0 (0x03fc1c33) x24 0x3ffe0f41
core   0: 0x8000eeb4 (0x34410e83) lb      t4, 836(sp)
core   0: 3 0x8000eeb4 (0x34410e83) x29 0xffffffb7 mem 0x8001abc3
core   0: 0x8000eeb8 (0x7ff11703) lh      a4, 2047(sp)
core   0: 3 0x8000eeb8 (0x7ff11703) x14 0x000018f5 mem 0x8001b07e
core   0: 0x8000eebc (0x0000970e) c.add   a4, gp
core   0: 3 0x8000eebc (0x970e) x14 0x000019b2
core   0: 0x8000eebe (0x000010fd) c.addi  ra, -1
core   0: 3 0x8000eebe (0x10fd) x 1 0x00000053
core   0: 0x8000eec0 (0x22315b83) lhu     s7, 547(sp)
core   0: 3 0x8000eec0 (0x22315b83) x23 0x00009fe4 mem 0x8001aaa2
core   0: 0x8000eec4 (0x03fd7a33) remu    s4, s10, t6
core   0: 3 0x8000eec4 (0x03fd7a33) x20 0x000065b8
core   0: 0x8000eec8 (0xf3f10da3) sb      t6, -197(sp)
core   0: 3 0x8000eec8 (0xf3f10da3) mem 0x8001a7ba 0x5f
core   0: 0x8000eecc (0x60c10303) lb      t1, 1548(sp)
core   0: 3 0x8000eecc (0x60c10303) x 6 0xffffff8d mem 0x8001ae8b
core   0: 0x8000eed0 (0x9eb10a83) lb      s5, -1557(sp)
core   0: 3 0x8000eed0 (0x9eb10a83) x21 0x00000011 mem 0x8001a26a
core   0: 0x8000eed4 (0xf3110e83) lb      t4, -207(sp)
core   0: 3 0x8000eed4 (0xf3110e83) x29 0xffffffff mem 0x8001a7b0
core   0: 0x8000eed8 (0x44111f83) lh      t6, 1089(sp)
core   0: 3 0x8000eed8 (0x44111f83) x31 0xffffe278 mem 0x8001acc0
core   0: 0x8000eedc (0x78810e03) lb      t3, 1928(sp)
core   0: 3 0x8000eedc (0x78810e03) x28 0x00000076 mem 0x8001b007
core   0: 0x8000eee0 (0xb1a10903) lb      s2, -1254(sp)
core   0: 3 0x8000eee0 (0xb1a10903) x18 0x00000014 mem 0x8001a399
core   0: 0x8000eee4 (0x68111603) lh      a2, 1665(sp)
core   0: 3 0x8000eee4 (0x68111603) x12 0xffffed13 mem 0x8001af00
core   0: 0x8000eee8 (0xf9710523) sb      s7, -118(sp)
core   0: 3 0x8000eee8 (0xf9710523) mem 0x8001a809 0xe4
core   0: 0x8000eeec (0x0250c9b3) div     s3, ra, t0
core   0: 3 0x8000eeec (0x0250c9b3) x19 0xffffffff
core   0: 0x8000eef0 (0x0ff0000f) fence   iorw,iorw
core   0: 3 0x8000eef0 (0x0ff0000f)
core   0: 0x8000eef4 (0x6fff4093) xori    ra, t5, 1791
core   0: 3 0x8000eef4 (0x6fff4093) x 1 0x673c76ff
core   0: 0x8000eef8 (0xdbe14403) lbu     s0, -578(sp)
core   0: 3 0x8000eef8 (0xdbe14403) x 8 0x00000066 mem 0x8001a63d
core   0: 0x8000eefc (0x00008e22) c.mv    t3, s0
core   0: 3 0x8000eefc (0x8e22) x28 0x00000066
core   0: 0x8000eefe (0x6da52c13) slti    s8, a0, 1754
core   0: 3 0x8000eefe (0x6da52c13) x24 0x00000000
core   0: 0x8000ef02 (0x0c014283) lbu     t0, 192(sp)
core   0: 3 0x8000ef02 (0x0c014283) x 5 0x00000052 mem 0x8001a93f
core   0: 0x8000ef06 (0x40c98c33) sub     s8, s3, a2
core   0: 3 0x8000ef06 (0x40c98c33) x24 0x000012ec
core   0: 0x8000ef0a (0x01d28f33) add     t5, t0, t4
core   0: 3 0x8000ef0a (0x01d28f33) x30 0x00000051
core   0: 0x8000ef0e (0x24910423) sb      s1, 584(sp)
core   0: 3 0x8000ef0e (0x24910423) mem 0x8001aac7 0x0
core   0: 0x8000ef12 (0x00008f1d) c.sub   a4, a5
core   0: 3 0x8000ef12 (0x8f1d) x14 0x000019b2
core   0: 0x8000ef14 (0x411dd593) srai    a1, s11, 17
core   0: 3 0x8000ef14 (0x411dd593) x11 0xffffffff
core   0: 0x8000ef18 (0xfc514883) lbu     a7, -59(sp)
core   0: 3 0x8000ef18 (0xfc514883) x17 0x0000006c mem 0x8001a844
core   0: 0x8000ef1c (0xf4f14403) lbu     s0, -177(sp)
core   0: 3 0x8000ef1c (0xf4f14403) x 8 0x000000c8 mem 0x8001a7ce
core   0: 0x8000ef20 (0x0073a933) slt     s2, t2, t2
core   0: 3 0x8000ef20 (0x0073a933) x18 0x00000000
core   0: 0x8000ef24 (0xf13111a3) sh      s3, -253(sp)
core   0: 3 0x8000ef24 (0xf13111a3) mem 0x8001a782 0xffff
core   0: 0x8000ef28 (0x000061c9) c.lui   gp, 0x12
core   0: 3 0x8000ef28 (0x61c9) x 3 0x00012000
core   0: 0x8000ef2a (0x03a185b3) mul     a1, gp, s10
core   0: 3 0x8000ef2a (0x03a185b3) x11 0x726f0000
core   0: 0x8000ef2e (0x00829333) sll     t1, t0, s0
core   0: 3 0x8000ef2e (0x00829333) x 6 0x00005200
core   0: 0x8000ef32 (0x00595613) srli    a2, s2, 5
core   0: 3 0x8000ef32 (0x00595613) x12 0x00000000
core   0: 0x8000ef36 (0x00c1f033) and     zero, gp, a2
core   0: 3 0x8000ef36 (0x00c1f033)
core   0: 0x8000ef3a (0x0d810523) sb      s8, 202(sp)
core   0: 3 0x8000ef3a (0x0d810523) mem 0x8001a949 0xec
core   0: 0x8000ef3e (0xe5810823) sb      s8, -432(sp)
core   0: 3 0x8000ef3e (0xe5810823) mem 0x8001a6cf 0xec
core   0: 0x8000ef42 (0x52b11203) lh      tp, 1323(sp)
core   0: 3 0x8000ef42 (0x52b11203) x 4 0xffffc828 mem 0x8001adaa
core   0: 0x8000ef46 (0x0300ac33) mulhsu  s8, ra, a6
core   0: 3 0x8000ef46 (0x0300ac33) x24 0x339f3ceb
core   0: 0x8000ef4a (0x2b410f23) sb      s4, 702(sp)
core   0: 3 0x8000ef4a (0x2b410f23) mem 0x8001ab3d 0xb8
core   0: 0x8000ef4e (0x87414583) lbu     a1, -1932(sp)
core   0: 3 0x8000ef4e (0x87414583) x11 0x0000002a mem 0x8001a0f3
core   0: 0x8000ef52 (0x0073c633) xor     a2, t2, t2
core   0: 3 0x8000ef52 (0x0073c633) x12 0x00000000
core   0: 0x8000ef56 (0xdc512583) lw      a1, -571(sp)
core   0: 3 0x8000ef56 (0xdc512583) x11 0xa3615400 mem 0x8001a644
core   0: 0x8000ef5a (0x028000ef) jal     pc + 0x28
core   0: 3 0x8000ef5a (0x028000ef) x 1 0x8000ef5e
core   0: 0x8000ef82 (0x0000a019) c.j     pc + 6
core   0: 3 0x8000ef82 (0xa019)
core   0: 0x8000ef88 (0x0000bfc5) c.j     pc - 16
core   0: 3 0x8000ef88 (0xbfc5)
core   0: 0x8000ef78 (0x0000a031) c.j     pc + 12
core   0: 3 0x8000ef78 (0xa031)
core   0: 0x8000ef84 (0xfdfff0ef) jal     pc - 0x22
core   0: 3 0x8000ef84 (0xfdfff0ef) x 1 0x8000ef88
core   0: 0x8000ef62 (0x02e0076f) jal     a4, pc + 0x2e
core   0: 3 0x8000ef62 (0x02e0076f) x14 0x8000ef66
core   0: 0x8000ef90 (0xfd7ff36f) jal     t1, pc - 0x2a
core   0: 3 0x8000ef90 (0xfd7ff36f) x 6 0x8000ef94
core   0: 0x8000ef66 (0x032000ef) jal     pc + 0x32
core   0: 3 0x8000ef66 (0x032000ef) x 1 0x8000ef6a
core   0: 0x8000ef98 (0x000037d5) c.jal   pc - 28
core   0: 3 0x8000ef98 (0x37d5) x 1 0x8000ef9a
core   0: 0x8000ef7c (0x0000a809) c.j     pc + 18
core   0: 3 0x8000ef7c (0xa809)
core   0: 0x8000ef8e (0x0000b7cd) c.j     pc - 30
core   0: 3 0x8000ef8e (0xb7cd)
core   0: 0x8000ef70 (0x00002829) c.jal   pc + 26
core   0: 3 0x8000ef70 (0x2829) x 1 0x8000ef72
core   0: 0x8000ef8a (0xfe1ff46f) jal     s0, pc - 0x20
core   0: 3 0x8000ef8a (0xfe1ff46f) x 8 0x8000ef8e
core   0: 0x8000ef6a (0x00c0026f) jal     tp, pc + 0xc
core   0: 3 0x8000ef6a (0x00c0026f) x 4 0x8000ef6e
core   0: 0x8000ef76 (0x000037e5) c.jal   pc - 24
core   0: 3 0x8000ef76 (0x37e5) x 1 0x8000ef78
core   0: 0x8000ef5e (0x014000ef) jal     pc + 0x14
core   0: 3 0x8000ef5e (0x014000ef) x 1 0x8000ef62
core   0: 0x8000ef72 (0x00e000ef) jal     pc + 0xe
core   0: 3 0x8000ef72 (0x00e000ef) x 1 0x8000ef76
core   0: 0x8000ef80 (0x0000a811) c.j     pc + 20
core   0: 3 0x8000ef80 (0xa811)
core   0: 0x8000ef94 (0xfebff36f) jal     t1, pc - 0x16
core   0: 3 0x8000ef94 (0xfebff36f) x 6 0x8000ef98
core   0: 0x8000ef7e (0x00003ff5) c.jal   pc - 4
core   0: 3 0x8000ef7e (0x3ff5) x 1 0x8000ef80
core   0: 0x8000ef7a (0x00003fd5) c.jal   pc - 12
core   0: 3 0x8000ef7a (0x3fd5) x 1 0x8000ef7c
core   0: 0x8000ef6e (0x00002035) c.jal   pc + 44
core   0: 3 0x8000ef6e (0x2035) x 1 0x8000ef70
core   0: 0x8000ef9a (0x00aace33) xor     t3, s5, a0
core   0: 3 0x8000ef9a (0x00aace33) x28 0x0000b011
core   0: 0x8000ef9e (0x00004289) c.li    t0, 2
core   0: 3 0x8000ef9e (0x4289) x 5 0x00000002
core   0: 0x8000efa0 (0x00000e39) c.addi  t3, 14
core   0: 3 0x8000efa0 (0x0e39) x28 0x0000b01f
core   0: 0x8000efa2 (0x0973c013) xori    zero, t2, 151
core   0: 3 0x8000efa2 (0x0973c013)
core   0: 0x8000efa6 (0x01a619b3) sll     s3, a2, s10
core   0: 3 0x8000efa6 (0x01a619b3) x19 0x00000000
core   0: 0x8000efaa (0x02cd5133) divu    sp, s10, a2
core   0: 3 0x8000efaa (0x02cd5133) x 2 0xffffffff
core   0: 0x8000efae (0x0000449d) c.li    s1, 7
core   0: 3 0x8000efae (0x449d) x 9 0x00000007
core   0: 0x8000efb0 (0x02affb33) remu    s6, t6, a0
core   0: 3 0x8000efb0 (0x02affb33) x22 0x0000a278
core   0: 0x8000efb4 (0x00000295) c.addi  t0, 5
core   0: 3 0x8000efb4 (0x0295) x 5 0x00000007
core   0: 0x8000efb6 (0x0000079e) c.slli  a5, 7
core   0: 3 0x8000efb6 (0x079e) x15 0x00000000
core   0: 0x8000efb8 (0x00004195) c.li    gp, 5
core   0: 3 0x8000efb8 (0x4195) x 3 0x00000005
core   0: 0x8000efba (0x01716333) or      t1, sp, s7
core   0: 3 0x8000efba (0x01716333) x 6 0xffffffff
core   0: 0x8000efbe (0x00004c89) c.li    s9, 2
core   0: 3 0x8000efbe (0x4c89) x25 0x00000002
core   0: 0x8000efc0 (0x80bc6f13) ori     t5, s8, -2037
core   0: 3 0x8000efc0 (0x80bc6f13) x30 0xfffffceb
core   0: 0x8000efc4 (0x03987fb3) remu    t6, a6, s9
core   0: 3 0x8000efc4 (0x03987fb3) x31 0x00000000
core   0: 0x8000efc8 (0x01c230b3) sltu    ra, tp, t3
core   0: 3 0x8000efc8 (0x01c230b3) x 1 0x00000000
core   0: 0x8000efcc (0x4078dfb3) sra     t6, a7, t2
core   0: 3 0x8000efcc (0x4078dfb3) x31 0x0000006c
core   0: 0x8000efd0 (0x571b7e93) andi    t4, s6, 1393
core   0: 3 0x8000efd0 (0x571b7e93) x29 0x00000070
core   0: 0x8000efd4 (0x005b7e33) and     t3, s6, t0
core   0: 3 0x8000efd4 (0x005b7e33) x28 0x00000000
core   0: 0x8000efd8 (0x00005f7d) c.li    t5, -1
core   0: 3 0x8000efd8 (0x5f7d) x30 0xffffffff
core   0: 0x8000efda (0x000059fd) c.li    s3, -1
core   0: 3 0x8000efda (0x59fd) x19 0xffffffff
core   0: 0x8000efdc (0x0000824d) c.srli  a2, 19
core   0: 3 0x8000efdc (0x824d) x12 0x00000000
core   0: 0x8000efde (0x00ea4233) xor     tp, s4, a4
core   0: 3 0x8000efde (0x00ea4233) x 4 0x80008ade
core   0: 0x8000efe2 (0x000011e9) c.addi  gp, -6
core   0: 3 0x8000efe2 (0x11e9) x 3 0xffffffff
core   0: 0x8000efe4 (0x027ed933) divu    s2, t4, t2
core   0: 3 0x8000efe4 (0x027ed933) x18 0xffffffff
core   0: 0x8000efe8 (0x00000001) c.nop
core   0: 3 0x8000efe8 (0x0001)
core   0: 0x8000efea (0x000081e1) c.srli  a1, 24
core   0: 3 0x8000efea (0x81e1) x11 0x000000a3
core   0: 0x8000efec (0x01fba5b3) slt     a1, s7, t6
core   0: 3 0x8000efec (0x01fba5b3) x11 0x00000000
core   0: 0x8000eff0 (0x01730633) add     a2, t1, s7
core   0: 3 0x8000eff0 (0x01730633) x12 0x00009fe3
core   0: 0x8000eff4 (0xff91d3e3) bge     gp, s9, pc - 26
core   0: 3 0x8000eff4 (0xff91d3e3)
core   0: 0x8000eff8 (0x00008d39) c.xor   a0, a4
core   0: 3 0x8000eff8 (0x8d39) x10 0x80005f66
core   0: 0x8000effa (0x00008f29) c.xor   a4, a0
core   0: 3 0x8000effa (0x8f29) x14 0x0000b000
core   0: 0x8000effc (0xfa928ae3) beq     t0, s1, pc - 76
core   0: 3 0x8000effc (0xfa928ae3)
core   0: 0x8000efb0 (0x02affb33) remu    s6, t6, a0
core   0: 3 0x8000efb0 (0x02affb33) x22 0x0000006c
core   0: 0x8000efb4 (0x00000295) c.addi  t0, 5
core   0: 3 0x8000efb4 (0x0295) x 5 0x0000000c
core   0: 0x8000efb6 (0x0000079e) c.slli  a5, 7
core   0: 3 0x8000efb6 (0x079e) x15 0x00000000
core   0: 0x8000efb8 (0x00004195) c.li    gp, 5
core   0: 3 0x8000efb8 (0x4195) x 3 0x00000005
core   0: 0x8000efba (0x01716333) or      t1, sp, s7
core   0: 3 0x8000efba (0x01716333) x 6 0xffffffff
core   0: 0x8000efbe (0x00004c89) c.li    s9, 2
core   0: 3 0x8000efbe (0x4c89) x25 0x00000002
core   0: 0x8000efc0 (0x80bc6f13) ori     t5, s8, -2037
core   0: 3 0x8000efc0 (0x80bc6f13) x30 0xfffffceb
core   0: 0x8000efc4 (0x03987fb3) remu    t6, a6, s9
core   0: 3 0x8000efc4 (0x03987fb3) x31 0x00000000
core   0: 0x8000efc8 (0x01c230b3) sltu    ra, tp, t3
core   0: 3 0x8000efc8 (0x01c230b3) x 1 0x00000000
core   0: 0x8000efcc (0x4078dfb3) sra     t6, a7, t2
core   0: 3 0x8000efcc (0x4078dfb3) x31 0x0000006c
core   0: 0x8000efd0 (0x571b7e93) andi    t4, s6, 1393
core   0: 3 0x8000efd0 (0x571b7e93) x29 0x00000060
core   0: 0x8000efd4 (0x005b7e33) and     t3, s6, t0
core   0: 3 0x8000efd4 (0x005b7e33) x28 0x0000000c
core   0: 0x8000efd8 (0x00005f7d) c.li    t5, -1
core   0: 3 0x8000efd8 (0x5f7d) x30 0xffffffff
core   0: 0x8000efda (0x000059fd) c.li    s3, -1
core   0: 3 0x8000efda (0x59fd) x19 0xffffffff
core   0: 0x8000efdc (0x0000824d) c.srli  a2, 19
core   0: 3 0x8000efdc (0x824d) x12 0x00000000
core   0: 0x8000efde (0x00ea4233) xor     tp, s4, a4
core   0: 3 0x8000efde (0x00ea4233) x 4 0x0000d5b8
core   0: 0x8000efe2 (0x000011e9) c.addi  gp, -6
core   0: 3 0x8000efe2 (0x11e9) x 3 0xffffffff
core   0: 0x8000efe4 (0x027ed933) divu    s2, t4, t2
core   0: 3 0x8000efe4 (0x027ed933) x18 0xffffffff
core   0: 0x8000efe8 (0x00000001) c.nop
core   0: 3 0x8000efe8 (0x0001)
core   0: 0x8000efea (0x000081e1) c.srli  a1, 24
core   0: 3 0x8000efea (0x81e1) x11 0x00000000
core   0: 0x8000efec (0x01fba5b3) slt     a1, s7, t6
core   0: 3 0x8000efec (0x01fba5b3) x11 0x00000000
core   0: 0x8000eff0 (0x01730633) add     a2, t1, s7
core   0: 3 0x8000eff0 (0x01730633) x12 0x00009fe3
core   0: 0x8000eff4 (0xff91d3e3) bge     gp, s9, pc - 26
core   0: 3 0x8000eff4 (0xff91d3e3)
core   0: 0x8000eff8 (0x00008d39) c.xor   a0, a4
core   0: 3 0x8000eff8 (0x8d39) x10 0x8000ef66
core   0: 0x8000effa (0x00008f29) c.xor   a4, a0
core   0: 3 0x8000effa (0x8f29) x14 0x80005f66
core   0: 0x8000effc (0xfa928ae3) beq     t0, s1, pc - 76
core   0: 3 0x8000effc (0xfa928ae3)
core   0: 0x8000f000 (0x00009b7d) c.andi  a4, -1
core   0: 3 0x8000f000 (0x9b7d) x14 0x80005f66
core   0: 0x8000f002 (0x00c000ef) jal     pc + 0xc
core   0: 3 0x8000f002 (0x00c000ef) x 1 0x8000f006
core   0: 0x8000f00e (0x00003ffd) c.jal   pc - 2
core   0: 3 0x8000f00e (0x3ffd) x 1 0x8000f010
core   0: 0x8000f00c (0x0000a819) c.j     pc + 22
core   0: 3 0x8000f00c (0xa819)
core   0: 0x8000f022 (0x000037d5) c.jal   pc - 28
core   0: 3 0x8000f022 (0x37d5) x 1 0x8000f024
core   0: 0x8000f006 (0x00002031) c.jal   pc + 12
core   0: 3 0x8000f006 (0x2031) x 1 0x8000f008
core   0: 0x8000f012 (0x00002009) c.jal   pc + 2
core   0: 3 0x8000f012 (0x2009) x 1 0x8000f014
core   0: 0x8000f014 (0xff7ff8ef) jal     a7, pc - 0xa
core   0: 3 0x8000f014 (0xff7ff8ef) x17 0x8000f018
core   0: 0x8000f00a (0x00002019) c.jal   pc + 6
core   0: 3 0x8000f00a (0x2019) x 1 0x8000f00c
core   0: 0x8000f010 (0x00002039) c.jal   pc + 14
core   0: 3 0x8000f010 (0x2039) x 1 0x8000f012
core   0: 0x8000f01e (0x00002009) c.jal   pc + 2
core   0: 3 0x8000f01e (0x2009) x 1 0x8000f020
core   0: 0x8000f020 (0x00003fe5) c.jal   pc - 8
core   0: 3 0x8000f020 (0x3fe5) x 1 0x8000f022
core   0: 0x8000f018 (0xff1ff36f) jal     t1, pc - 0x10
core   0: 3 0x8000f018 (0xff1ff36f) x 6 0x8000f01c
core   0: 0x8000f008 (0x0000a811) c.j     pc + 20
core   0: 3 0x8000f008 (0xa811)
core   0: 0x8000f01c (0x00002021) c.jal   pc + 8
core   0: 3 0x8000f01c (0x2021) x 1 0x8000f01e
core   0: 0x8000f024 (0x0d943137) lui     sp, 0xd943
core   0: 3 0x8000f024 (0x0d943137) x 2 0x0d943000
core   0: 0x8000f028 (0x00009f17) auipc   t5, 0x9
core   0: 3 0x8000f028 (0x00009f17) x30 0x80018028
core   0: 0x8000f02c (0x28ef0f13) addi    t5, t5, 654
core   0: 3 0x8000f02c (0x28ef0f13) x30 0x800182b6
core   0: 0x8000f030 (0xf76f04a3) sb      s6, -151(t5)
core   0: 3 0x8000f030 (0xf76f04a3) mem 0x8001821f 0x6c
core   0: 0x8000f034 (0x04af4083) lbu     ra, 74(t5)
core   0: 3 0x8000f034 (0x04af4083) x 1 0x000000b5 mem 0x80018300
core   0: 0x8000f038 (0x00003917) auipc   s2, 0x3
core   0: 3 0x8000f038 (0x00003917) x18 0x80012038
core   0: 0x8000f03c (0x34190913) addi    s2, s2, 833
core   0: 3 0x8000f03c (0x34190913) x18 0x80012379
core   0: 0x8000f040 (0xf5290923) sb      s2, -174(s2)
core   0: 3 0x8000f040 (0xf5290923) mem 0x800122cb 0x79
core   0: 0x8000f044 (0x0d4f0483) lb      s1, 212(t5)
core   0: 3 0x8000f044 (0x0d4f0483) x 9 0x0000001d mem 0x8001838a
core   0: 0x8000f048 (0xf1791ea3) sh      s7, -227(s2)
core   0: 3 0x8000f048 (0xf1791ea3) mem 0x80012296 0x9fe4
core   0: 0x8000f04c (0xfd9f4603) lbu     a2, -39(t5)
core   0: 3 0x8000f04c (0xfd9f4603) x12 0x000000da mem 0x8001828f
core   0: 0x8000f050 (0x01294483) lbu     s1, 18(s2)
core   0: 3 0x8000f050 (0x01294483) x 9 0x000000fe mem 0x8001238b
core   0: 0x8000f054 (0x0b2f1c03) lh      s8, 178(t5)
core   0: 3 0x8000f054 (0x0b2f1c03) x24 0x000039c3 mem 0x80018368
core   0: 0x8000f058 (0x07191003) lh      zero, 113(s2)
core   0: 3 0x8000f058 (0x07191003) mem 0x800123ea
core   0: 0x8000f05c (0x07af0a23) sb      s10, 116(t5)
core   0: 3 0x8000f05c (0x07af0a23) mem 0x8001832a 0xb8
core   0: 0x8000f060 (0xf2f91603) lh      a2, -209(s2)
core   0: 3 0x8000f060 (0xf2f91603) x12 0xffffa963 mem 0x800122a8
core   0: 0x8000f064 (0x00014e17) auipc   t3, 0x14
core   0: 3 0x8000f064 (0x00014e17) x28 0x80023064
core   0: 0x8000f068 (0x018e0e13) addi    t3, t3, 24
core   0: 3 0x8000f068 (0x018e0e13) x28 0x8002307c
core   0: 0x8000f06c (0x02b7f7b3) remu    a5, a5, a1
core   0: 3 0x8000f06c (0x02b7f7b3) x15 0x00000000
core   0: 0x8000f070 (0x00001ffd) c.addi  t6, -1
core   0: 3 0x8000f070 (0x1ffd) x31 0x0000006b
core   0: 0x8000f072 (0x3f26b913) sltiu   s2, a3, 1010
core   0: 3 0x8000f072 (0x3f26b913) x18 0x00000000
core   0: 0x8000f076 (0x000081d5) c.srli  a1, 21
core   0: 3 0x8000f076 (0x81d5) x11 0x00000000
core   0: 0x8000f078 (0x73d46793) ori     a5, s0, 1853
core   0: 3 0x8000f078 (0x73d46793) x15 0x8000efbf
core   0: 0x8000f07c (0x0094f733) and     a4, s1, s1
core   0: 3 0x8000f07c (0x0094f733) x14 0x000000fe
core   0: 0x8000f080 (0x41750433) sub     s0, a0, s7
core   0: 3 0x8000f080 (0x41750433) x 8 0x80004f82
core   0: 0x8000f084 (0x00008ced) c.and   s1, a1
core   0: 3 0x8000f084 (0x8ced) x 9 0x00000000
core   0: 0x8000f086 (0x7ea12737) lui     a4, 0x7ea12
core   0: 3 0x8000f086 (0x7ea12737) x14 0x7ea12000
core   0: 0x8000f08a (0x9262af13) slti    t5, t0, -1754
core   0: 3 0x8000f08a (0x9262af13) x30 0x00000000
core   0: 0x8000f08e (0x0ffef493) andi    s1, t4, 255
core   0: 3 0x8000f08e (0x0ffef493) x 9 0x00000060
core   0: 0x8000f092 (0x00000cce) c.slli  s9, 19
core   0: 3 0x8000f092 (0x0cce) x25 0x00100000
core   0: 0x8000f094 (0x120e2aaf) lr.w    s5, (t3)
core   0: 3 0x8000f094 (0x120e2aaf) x21 0x80027df0 mem 0x8002307c
core   0: 0x8000f098 (0x186e272f) sc.w    a4, t1, (t3)
core   0: 3 0x8000f098 (0x186e272f) x14 0x00000000 mem 0x8002307c 0x8000f01c
core   0: 0x8000f09c (0x00014597) auipc   a1, 0x14
core   0: 3 0x8000f09c (0x00014597) x11 0x8002309c
core   0: 0x8000f0a0 (0xfe458593) addi    a1, a1, -28
core   0: 3 0x8000f0a0 (0xfe458593) x11 0x80023080
core   0: 0x8000f0a4 (0x00000646) c.slli  a2, 17
core   0: 3 0x8000f0a4 (0x0646) x12 0x52c60000
core   0: 0x8000f0a6 (0x02b14d33) div     s10, sp, a1
core   0: 3 0x8000f0a6 (0x02b14d33) x26 0x00000000
core   0: 0x8000f0aa (0x02511b33) mulh    s6, sp, t0
core   0: 3 0x8000f0aa (0x02511b33) x22 0x00000000
core   0: 0x8000f0ae (0x0154aa33) slt     s4, s1, s5
core   0: 3 0x8000f0ae (0x0154aa33) x20 0x00000000
core   0: 0x8000f0b2 (0x1405aaaf) lr.w    s5, (a1)
core   0: 3 0x8000f0b2 (0x1405aaaf) x21 0x0000cc58 mem 0x80023080
core   0: 0x8000f0b6 (0x00008f0d) c.sub   a4, a1
core   0: 3 0x8000f0b6 (0x8f0d) x14 0x7ffdcf80
core   0: 0x8000f0b8 (0x000000b9) c.addi  ra, 14
core   0: 3 0x8000f0b8 (0x00b9) x 1 0x000000c3
core   0: 0x8000f0ba (0x0243bf33) mulhu   t5, t2, tp
core   0: 3 0x8000f0ba (0x0243bf33) x30 0x00000000
core   0: 0x8000f0be (0x00000dad) c.addi  s11, 11
core   0: 3 0x8000f0be (0x0dad) x27 0xffffff9d
core   0: 0x8000f0c0 (0x00000818) c.addi4spn a4, sp, 16
core   0: 3 0x8000f0c0 (0x0818) x14 0x0d943010
core   0: 0x8000f0c2 (0x00000001) c.nop
core   0: 3 0x8000f0c2 (0x0001)
core   0: 0x8000f0c4 (0x00008fa1) c.xor   a5, s0
core   0: 3 0x8000f0c4 (0x8fa1) x15 0x0000a03d
core   0: 0x8000f0c6 (0x417b5f33) sra     t5, s6, s7
core   0: 3 0x8000f0c6 (0x417b5f33) x30 0x00000000
core   0: 0x8000f0ca (0x1be5ac2f) sc.w    s8, t5, (a1)
core   0: 3 0x8000f0ca (0x1be5ac2f) x24 0x00000000 mem 0x80023080 0x00000000
core   0: 0x8000f0ce (0x00014d17) auipc   s10, 0x14
core   0: 3 0x8000f0ce (0x00014d17) x26 0x800230ce
core   0: 0x8000f0d2 (0xf92d0d13) addi    s10, s10, -110
core   0: 3 0x8000f0d2 (0xf92d0d13) x26 0x80023060
core   0: 0x8000f0d6 (0x02637fb3) remu    t6, t1, t1
core   0: 3 0x8000f0d6 (0x02637fb3) x31 0x00000000
core   0: 0x8000f0da (0x0000717d) c.addi16sp sp, -16
core   0: 3 0x8000f0da (0x717d) x 2 0x0d942ff0
core   0: 0x8000f0dc (0x0000809d) c.srli  s1, 7
core   0: 3 0x8000f0dc (0x809d) x 9 0x00000000
core   0: 0x8000f0de (0x039368b3) rem     a7, t1, s9
core   0: 3 0x8000f0de (0x039368b3) x17 0xfff0f01c
core   0: 0x8000f0e2 (0x100d2aaf) lr.w    s5, (s10)
core   0: 3 0x8000f0e2 (0x100d2aaf) x21 0x8001ebaf mem 0x80023060
core   0: 0x8000f0e6 (0xaac93993) sltiu   s3, s2, -1364
core   0: 3 0x8000f0e6 (0xaac93993) x19 0x00000001
core   0: 0x8000f0ea (0x000007d1) c.addi  a5, 20
core   0: 3 0x8000f0ea (0x07d1) x15 0x0000a051
core   0: 0x8000f0ec (0x18bd28af) sc.w    a7, a1, (s10)
core   0: 3 0x8000f0ec (0x18bd28af) x17 0x00000000 mem 0x80023060 0x80023080
core   0: 0x8000f0f0 (0x00014717) auipc   a4, 0x14
core   0: 3 0x8000f0f0 (0x00014717) x14 0x800230f0
core   0: 0x8000f0f4 (0xf7470713) addi    a4, a4, -140
core   0: 3 0x8000f0f4 (0xf7470713) x14 0x80023064
core   0: 0x8000f0f8 (0x402bdbb3) sra     s7, s7, sp
core   0: 3 0x8000f0f8 (0x402bdbb3) x23 0x00000000
core   0: 0x8000f0fc (0x0000051d) c.addi  a0, 7
core   0: 3 0x8000f0fc (0x051d) x10 0x8000ef6d
core   0: 0x8000f0fe (0x00999d33) sll     s10, s3, s1
core   0: 3 0x8000f0fe (0x00999d33) x26 0x00000001
core   0: 0x8000f102 (0x03b5a433) mulhsu  s0, a1, s11
core   0: 3 0x8000f102 (0x03b5a433) x 8 0x800230b1
core   0: 0x8000f106 (0x10072b2f) lr.w    s6, (a4)
core   0: 3 0x8000f106 (0x10072b2f) x22 0x8711b857 mem 0x80023064
core   0: 0x8000f10a (0x00008fe5) c.and   a5, s1
core   0: 3 0x8000f10a (0x8fe5) x15 0x00000000
core   0: 0x8000f10c (0x01ed3c33) sltu    s8, s10, t5
core   0: 3 0x8000f10c (0x01ed3c33) x24 0x00000000
core   0: 0x8000f110 (0x1817242f) sc.w    s0, ra, (a4)
core   0: 3 0x8000f110 (0x1817242f) x 8 0x00000000 mem 0x80023064 0x000000c3
core   0: 0x8000f114 (0x00009417) auipc   s0, 0x9
core   0: 3 0x8000f114 (0x00009417) x 8 0x80018114
core   0: 0x8000f118 (0x84840413) addi    s0, s0, -1976
core   0: 3 0x8000f118 (0x84840413) x 8 0x8001795c
core   0: 0x8000f11c (0x01940903) lb      s2, 25(s0)
core   0: 3 0x8000f11c (0x01940903) x18 0x00000008 mem 0x80017975
core   0: 0x8000f120 (0x009797b3) sll     a5, a5, s1
core   0: 3 0x8000f120 (0x009797b3) x15 0x00000000
core   0: 0x8000f124 (0x00d79313) slli    t1, a5, 13
core   0: 3 0x8000f124 (0x00d79313) x 6 0x00000000
core   0: 0x8000f128 (0x03d4aeb3) mulhsu  t4, s1, t4
core   0: 3 0x8000f128 (0x03d4aeb3) x29 0x00000000
core   0: 0x8000f12c (0x00fee333) or      t1, t4, a5
core   0: 3 0x8000f12c (0x00fee333) x 6 0x00000000
core   0: 0x8000f130 (0xcd260613) addi    a2, a2, -814
core   0: 3 0x8000f130 (0xcd260613) x12 0x52c5fcd2
core   0: 0x8000f134 (0x00009932) c.add   s2, a2
core   0: 3 0x8000f134 (0x9932) x18 0x52c5fcda
core   0: 0x8000f136 (0xfe441303) lh      t1, -28(s0)
core   0: 3 0x8000f136 (0xfe441303) x 6 0x00002dff mem 0x80017940
core   0: 0x8000f13a (0x000084b9) c.srai  s1, 14
core   0: 3 0x8000f13a (0x84b9) x 9 0x00000000
core   0: 0x8000f13c (0xfe641523) sh      t1, -22(s0)
core   0: 3 0x8000f13c (0xfe641523) mem 0x80017946 0x2dff
core   0: 0x8000f140 (0xfee44303) lbu     t1, -18(s0)
core   0: 3 0x8000f140 (0xfee44303) x 6 0x0000003d mem 0x8001794a
core   0: 0x8000f144 (0x96563e93) sltiu   t4, a2, -1691
core   0: 3 0x8000f144 (0x96563e93) x29 0x00000001
core   0: 0x8000f148 (0xfe640a23) sb      t1, -12(s0)
core   0: 3 0x8000f148 (0xfe640a23) mem 0x80017950 0x3d
core   0: 0x8000f14c (0x02c37eb3) remu    t4, t1, a2
core   0: 3 0x8000f14c (0x02c37eb3) x29 0x0000003d
core   0: 0x8000f150 (0x01241523) sh      s2, 10(s0)
core   0: 3 0x8000f150 (0x01241523) mem 0x80017966 0xfcda
core   0: 0x8000f154 (0x00f327b3) slt     a5, t1, a5
core   0: 3 0x8000f154 (0x00f327b3) x15 0x00000000
core   0: 0x8000f158 (0x0000c05c) c.sw    a5, 4(s0)
core   0: 3 0x8000f158 (0xc05c) mem 0x80017960 0x00000000
core   0: 0x8000f15a (0x0000100f) fence.i
core   0: 3 0x8000f15a (0x0000100f)
core   0: 0x8000f15e (0xfcf42223) sw      a5, -60(s0)
core   0: 3 0x8000f15e (0xfcf42223) mem 0x80017920 0x00000000
core   0: 0x8000f162 (0x00000001) c.nop
core   0: 3 0x8000f162 (0x0001)
core   0: 0x8000f164 (0xfca41e83) lh      t4, -54(s0)
core   0: 3 0x8000f164 (0xfca41e83) x29 0x00006a4b mem 0x80017926
core   0: 0x8000f168 (0x03c42903) lw      s2, 60(s0)
core   0: 3 0x8000f168 (0x03c42903) x18 0x4f60e2ba mem 0x80017998
core   0: 0x8000f16c (0xfc842903) lw      s2, -56(s0)
core   0: 3 0x8000f16c (0xfc842903) x18 0x6a4b128c mem 0x80017924
core   0: 0x8000f170 (0x01d49633) sll     a2, s1, t4
core   0: 3 0x8000f170 (0x01d49633) x12 0x00000000
core   0: 0x8000f174 (0x00f41723) sh      a5, 14(s0)
core   0: 3 0x8000f174 (0x00f41723) mem 0x8001796a 0x0000
core   0: 0x8000f178 (0x02340303) lb      t1, 35(s0)
core   0: 3 0x8000f178 (0x02340303) x 6 0x00000045 mem 0x8001797f
core   0: 0x8000f17c (0x029e8633) mul     a2, t4, s1
core   0: 3 0x8000f17c (0x029e8633) x12 0x00000000
core   0: 0x8000f180 (0x00c92eb3) slt     t4, s2, a2
core   0: 3 0x8000f180 (0x00c92eb3) x29 0x00000000
core   0: 0x8000f184 (0xe6bab337) lui     t1, 0xe6bab
core   0: 3 0x8000f184 (0xe6bab337) x 6 0xe6bab000
core   0: 0x8000f188 (0x000017fd) c.addi  a5, -1
core   0: 3 0x8000f188 (0x17fd) x15 0xffffffff
core   0: 0x8000f18a (0x00008e65) c.and   a2, s1
core   0: 3 0x8000f18a (0x8e65) x12 0x00000000
core   0: 0x8000f18c (0x012944b3) xor     s1, s2, s2
core   0: 3 0x8000f18c (0x012944b3) x 9 0x00000000
core   0: 0x8000f190 (0x00008641) c.srai  a2, 16
core   0: 3 0x8000f190 (0x8641) x12 0x00000000
core   0: 0x8000f192 (0xfef40223) sb      a5, -28(s0)
core   0: 3 0x8000f192 (0xfef40223) mem 0x80017940 0xff
core   0: 0x8000f196 (0x00003d97) auipc   s11, 0x3
core   0: 3 0x8000f196 (0x00003d97) x27 0x80012196
core   0: 0x8000f19a (0x040d8d93) addi    s11, s11, 64
core   0: 3 0x8000f19a (0x040d8d93) x27 0x800121d6
core   0: 0x8000f19e (0x00003f97) auipc   t6, 0x3
core   0: 3 0x8000f19e (0x00003f97) x31 0x8001219e
core   0: 0x8000f1a2 (0x1c2f8f93) addi    t6, t6, 450
core   0: 3 0x8000f1a2 (0x1c2f8f93) x31 0x80012360
core   0: 0x8000f1a6 (0x00003897) auipc   a7, 0x3
core   0: 3 0x8000f1a6 (0x00003897) x17 0x800121a6
core   0: 0x8000f1aa (0xf4188893) addi    a7, a7, -191
core   0: 3 0x8000f1aa (0xf4188893) x17 0x800120e7
core   0: 0x8000f1ae (0x00003717) auipc   a4, 0x3
core   0: 3 0x8000f1ae (0x00003717) x14 0x800121ae
core   0: 0x8000f1b2 (0x2ad70713) addi    a4, a4, 685
core   0: 3 0x8000f1b2 (0x2ad70713) x14 0x8001245b
core   0: 0x8000f1b6 (0x2d470c03) lb      s8, 724(a4)
core   0: 3 0x8000f1b6 (0x2d470c03) x24 0xffffffb8 mem 0x8001272f
core   0: 0x8000f1ba (0x030d84a3) sb      a6, 41(s11)
core   0: 3 0x8000f1ba (0x030d84a3) mem 0x800121ff 0x58
core   0: 0x8000f1be (0x036fca03) lbu     s4, 54(t6)
core   0: 3 0x8000f1be (0x036fca03) x20 0x000000b8 mem 0x80012396
core   0: 0x8000f1c2 (0xff58d003) lhu     zero, -11(a7)
core   0: 3 0x8000f1c2 (0xff58d003) mem 0x800120dc
core   0: 0x8000f1c6 (0x00003b97) auipc   s7, 0x3
core   0: 3 0x8000f1c6 (0x00003b97) x23 0x800121c6
core   0: 0x8000f1ca (0x7b0b8b93) addi    s7, s7, 1968
core   0: 3 0x8000f1ca (0x7b0b8b93) x23 0x80012976
core   0: 0x8000f1ce (0xfedb89a3) sb      a3, -13(s7)
core   0: 3 0x8000f1ce (0xfedb89a3) mem 0x80012969 0x24
core   0: 0x8000f1d2 (0x030883a3) sb      a6, 39(a7)
core   0: 3 0x8000f1d2 (0x030883a3) mem 0x8001210e 0x58
core   0: 0x8000f1d6 (0x03df87a3) sb      t4, 47(t6)
core   0: 3 0x8000f1d6 (0x03df87a3) mem 0x8001238f 0x0
core   0: 0x8000f1da (0x01f8d083) lhu     ra, 31(a7)
core   0: 3 0x8000f1da (0x01f8d083) x 1 0x00000000 mem 0x80012106
core   0: 0x8000f1de (0x00cb9f03) lh      t5, 12(s7)
core   0: 3 0x8000f1de (0x00cb9f03) x30 0x000042ba mem 0x80012982
core   0: 0x8000f1e2 (0x03188423) sb      a7, 40(a7)
core   0: 3 0x8000f1e2 (0x03188423) mem 0x8001210f 0xe7
core   0: 0x8000f1e6 (0x3c971a83) lh      s5, 969(a4)
core   0: 3 0x8000f1e6 (0x3c971a83) x21 0xffffd4d8 mem 0x80012824
core   0: 0x8000f1ea (0x01ab9023) sh      s10, 0(s7)
core   0: 3 0x8000f1ea (0x01ab9023) mem 0x80012976 0x0001
core   0: 0x8000f1ee (0x2c470a23) sb      tp, 724(a4)
core   0: 3 0x8000f1ee (0x2c470a23) mem 0x8001272f 0xb8
core   0: 0x8000f1f2 (0x028d8903) lb      s2, 40(s11)
core   0: 3 0x8000f1f2 (0x028d8903) x18 0x00000035 mem 0x800121fe
core   0: 0x8000f1f6 (0xfc38d503) lhu     a0, -61(a7)
core   0: 3 0x8000f1f6 (0xfc38d503) x10 0x0000344c mem 0x800120aa
core   0: 0x8000f1fa (0x021d9f23) sh      ra, 62(s11)
core   0: 3 0x8000f1fa (0x021d9f23) mem 0x80012214 0x0000
core   0: 0x8000f1fe (0xfe5daf23) sw      t0, -2(s11)
core   0: 3 0x8000f1fe (0xfe5daf23) mem 0x800121d4 0x0000000c
core   0: 0x8000f202 (0x01b89a83) lh      s5, 27(a7)
core   0: 3 0x8000f202 (0x01b89a83) x21 0x00006b36 mem 0x80012102
core   0: 0x8000f206 (0xfc7fc503) lbu     a0, -57(t6)
core   0: 3 0x8000f206 (0xfc7fc503) x10 0x000000bd mem 0x80012327
core   0: 0x8000f20a (0xcd172303) lw      t1, -815(a4)
core   0: 3 0x8000f20a (0xcd172303) x 6 0x1aa4f3bf mem 0x8001212c
core   0: 0x8000f20e (0xfe2fc583) lbu     a1, -30(t6)
core   0: 3 0x8000f20e (0xfe2fc583) x11 0x000000f5 mem 0x80012342
core   0: 0x8000f212 (0xfc0ddd03) lhu     s10, -64(s11)
core   0: 3 0x8000f212 (0xfc0ddd03) x26 0x0000879c mem 0x80012196
core   0: 0x8000f216 (0xfc1dc403) lbu     s0, -63(s11)
core   0: 3 0x8000f216 (0xfc1dc403) x 8 0x00000087 mem 0x80012197
core   0: 0x8000f21a (0x0098aea3) sw      s1, 29(a7)
core   0: 3 0x8000f21a (0x0098aea3) mem 0x80012104 0x00000000
core   0: 0x8000f21e (0x024f9b23) sh      tp, 54(t6)
core   0: 3 0x8000f21e (0x024f9b23) mem 0x80012396 0xd5b8
core   0: 0x8000f222 (0xf2d71303) lh      t1, -211(a4)
core   0: 3 0x8000f222 (0xf2d71303) x 6 0x00002671 mem 0x80012388
core   0: 0x8000f226 (0xfc9d8083) lb      ra, -55(s11)
core   0: 3 0x8000f226 (0xfc9d8083) x 1 0xffffff87 mem 0x8001219f
core   0: 0x8000f22a (0xfd3886a3) sb      s3, -51(a7)
core   0: 3 0x8000f22a (0xfd3886a3) mem 0x800120b4 0x1
core   0: 0x8000f22e (0xfd4bd283) lhu     t0, -44(s7)
core   0: 3 0x8000f22e (0xfd4bd283) x 5 0x0000eaa3 mem 0x8001294a
core   0: 0x8000f232 (0x03cdd003) lhu     zero, 60(s11)
core   0: 3 0x8000f232 (0x03cdd003) mem 0x80012212
core   0: 0x8000f236 (0x1fc70183) lb      gp, 508(a4)
core   0: 3 0x8000f236 (0x1fc70183) x 3 0x00000071 mem 0x80012657
core   0: 0x8000f23a (0x00db9323) sh      a3, 6(s7)
core   0: 3 0x8000f23a (0x00db9323) mem 0x8001297c 0xbd24
core   0: 0x8000f23e (0x5fb71503) lh      a0, 1531(a4)
core   0: 3 0x8000f23e (0x5fb71503) x10 0x000036a2 mem 0x80012a56
core   0: 0x8000f242 (0x00bd8d03) lb      s10, 11(s11)
core   0: 3 0x8000f242 (0x00bd8d03) x26 0xffffffe6 mem 0x800121e1
core   0: 0x8000f246 (0xfd1b8583) lb      a1, -47(s7)
core   0: 3 0x8000f246 (0xfd1b8583) x11 0xffffff92 mem 0x80012947
core   0: 0x8000f24a (0xe5b74d03) lbu     s10, -421(a4)
core   0: 3 0x8000f24a (0xe5b74d03) x26 0x0000003c mem 0x800122b6
core   0: 0x8000f24e (0x00007997) auipc   s3, 0x7
core   0: 3 0x8000f24e (0x00007997) x19 0x8001624e
core   0: 0x8000f252 (0xc6298993) addi    s3, s3, -926
core   0: 3 0x8000f252 (0xc6298993) x19 0x80015eb0
core   0: 0x8000f256 (0x00011797) auipc   a5, 0x11
core   0: 3 0x8000f256 (0x00011797) x15 0x80020256
core   0: 0x8000f25a (0xec578793) addi    a5, a5, -315
core   0: 3 0x8000f25a (0xec578793) x15 0x8002011b
core   0: 0x8000f25e (0x00012c97) auipc   s9, 0x12
core   0: 3 0x8000f25e (0x00012c97) x25 0x8002125e
core   0: 0x8000f262 (0xd38c8c93) addi    s9, s9, -712
core   0: 3 0x8000f262 (0xd38c8c93) x25 0x80020f96
core   0: 0x8000f266 (0x00007497) auipc   s1, 0x7
core   0: 3 0x8000f266 (0x00007497) x 9 0x80016266
core   0: 0x8000f26a (0x90148493) addi    s1, s1, -1791
core   0: 3 0x8000f26a (0x90148493) x 9 0x80015b67
core   0: 0x8000f26e (0xff6c9e23) sh      s6, -4(s9)
core   0: 3 0x8000f26e (0xff6c9e23) mem 0x80020f92 0xb857
core   0: 0x8000f272 (0x00009d17) auipc   s10, 0x9
core   0: 3 0x8000f272 (0x00009d17) x26 0x80018272
core   0: 0x8000f276 (0xcacd0d13) addi    s10, s10, -852
core   0: 3 0x8000f276 (0xcacd0d13) x26 0x80017f1e
core   0: 0x8000f27a (0xf4dc84a3) sb      a3, -183(s9)
core   0: 3 0x8000f27a (0xf4dc84a3) mem 0x80020edf 0x24
core   0: 0x8000f27e (0x0017d283) lhu     t0, 1(a5)
core   0: 3 0x8000f27e (0x0017d283) x 5 0x0000cd06 mem 0x8002011c
core   0: 0x8000f282 (0xffb98da3) sb      s11, -5(s3)
core   0: 3 0x8000f282 (0xffb98da3) mem 0x80015eab 0xd6
core   0: 0x8000f286 (0xfc24c283) lbu     t0, -62(s1)
core   0: 3 0x8000f286 (0xfc24c283) x 5 0x00000084 mem 0x80015b29
core   0: 0x8000f28a (0xfe998da3) sb      s1, -5(s3)
core   0: 3 0x8000f28a (0xfe998da3) mem 0x80015eab 0x67
core   0: 0x8000f28e (0x0a1d4283) lbu     t0, 161(s10)
core   0: 3 0x8000f28e (0x0a1d4283) x 5 0x00000017 mem 0x80017fbf
core   0: 0x8000f292 (0xff198583) lb      a1, -15(s3)
core   0: 3 0x8000f292 (0xff198583) x11 0x00000066 mem 0x80015ea1
core   0: 0x8000f296 (0xff47c503) lbu     a0, -12(a5)
core   0: 3 0x8000f296 (0xff47c503) x10 0x00000000 mem 0x8002010f
core   0: 0x8000f29a (0xf4cd0323) sb      a2, -186(s10)
core   0: 3 0x8000f29a (0xf4cd0323) mem 0x80017e64 0x0
core   0: 0x8000f29e (0x00578f83) lb      t6, 5(a5)
core   0: 3 0x8000f29e (0x00578f83) x31 0xffffffe2 mem 0x80020120
core   0: 0x8000f2a2 (0x086d4f83) lbu     t6, 134(s10)
core   0: 3 0x8000f2a2 (0x086d4f83) x31 0x00000057 mem 0x80017fa4
core   0: 0x8000f2a6 (0x00099003) lh      zero, 0(s3)
core   0: 3 0x8000f2a6 (0x00099003) mem 0x80015eb0
core   0: 0x8000f2aa (0xfc348323) sb      gp, -58(s1)
core   0: 3 0x8000f2aa (0xfc348323) mem 0x80015b2d 0x71
core   0: 0x8000f2ae (0x0007cf03) lbu     t5, 0(a5)
core   0: 3 0x8000f2ae (0x0007cf03) x30 0x00000030 mem 0x8002011b
core   0: 0x8000f2b2 (0xfa0cda83) lhu     s5, -96(s9)
core   0: 3 0x8000f2b2 (0xfa0cda83) x21 0x0000abb8 mem 0x80020f36
core   0: 0x8000f2b6 (0x00c78f83) lb      t6, 12(a5)
core   0: 3 0x8000f2b6 (0x00c78f83) x31 0x00000000 mem 0x80020127
core   0: 0x8000f2ba (0x03048003) lb      zero, 48(s1)
core   0: 3 0x8000f2ba (0x03048003) mem 0x80015b97
core   0: 0x8000f2be (0xfee78b23) sb      a4, -10(a5)
core   0: 3 0x8000f2be (0xfee78b23) mem 0x80020111 0x5b
core   0: 0x8000f2c2 (0xff49a403) lw      s0, -12(s3)
core   0: 3 0x8000f2c2 (0xff49a403) x 8 0xae2e3297 mem 0x80015ea4
core   0: 0x8000f2c6 (0xf25c8903) lb      s2, -219(s9)
core   0: 3 0x8000f2c6 (0xf25c8903) x18 0xffffffd3 mem 0x80020ebb
core   0: 0x8000f2ca (0xfb1d0003) lb      zero, -79(s10)
core   0: 3 0x8000f2ca (0xfb1d0003) mem 0x80017ecf
core   0: 0x8000f2ce (0x024d1e83) lh      t4, 36(s10)
core   0: 3 0x8000f2ce (0x024d1e83) x29 0xffffb25a mem 0x80017f42
core   0: 0x8000f2d2 (0xffacab23) sw      s10, -10(s9)
core   0: 3 0x8000f2d2 (0xffacab23) mem 0x80020f8c 0x80017f1e
core   0: 0x8000f2d6 (0xfd2d2a03) lw      s4, -46(s10)
core   0: 3 0x8000f2d6 (0xfd2d2a03) x20 0xf1f7188f mem 0x80017ef0
core   0: 0x8000f2da (0x00898e83) lb      t4, 8(s3)
core   0: 3 0x8000f2da (0x00898e83) x29 0x00000037 mem 0x80015eb8
core   0: 0x8000f2de (0x00898d83) lb      s11, 8(s3)
core   0: 3 0x8000f2de (0x00898d83) x27 0x00000037 mem 0x80015eb8
core   0: 0x8000f2e2 (0xfacc83a3) sb      a2, -89(s9)
core   0: 3 0x8000f2e2 (0xfacc83a3) mem 0x80020f3d 0x0
core   0: 0x8000f2e6 (0xffd49d83) lh      s11, -3(s1)
core   0: 3 0x8000f2e6 (0xffd49d83) x27 0xffffb592 mem 0x80015b64
core   0: 0x8000f2ea (0x0039c583) lbu     a1, 3(s3)
core   0: 3 0x8000f2ea (0x0039c583) x11 0x000000b9 mem 0x80015eb3
core   0: 0x8000f2ee (0xff8788a3) sb      s8, -15(a5)
core   0: 3 0x8000f2ee (0xff8788a3) mem 0x8002010c 0xb8
core   0: 0x8000f2f2 (0x05bd0083) lb      ra, 91(s10)
core   0: 3 0x8000f2f2 (0x05bd0083) x 1 0xffffffa5 mem 0x80017f79
core   0: 0x8000f2f6 (0x0354ad83) lw      s11, 53(s1)
core   0: 3 0x8000f2f6 (0x0354ad83) x27 0x9f00838e mem 0x80015b9c
core   0: 0x8000f2fa (0xffd98da3) sb      t4, -5(s3)
core   0: 3 0x8000f2fa (0xffd98da3) mem 0x80015eab 0x37
core   0: 0x8000f2fe (0xff27ce83) lbu     t4, -14(a5)
core   0: 3 0x8000f2fe (0xff27ce83) x29 0x00000016 mem 0x8002010d
core   0: 0x8000f302 (0x0049ae83) lw      t4, 4(s3)
core   0: 3 0x8000f302 (0x0049ae83) x29 0x6052ad3b mem 0x80015eb4
core   0: 0x8000f306 (0xffc79fa3) sh      t3, -1(a5)
core   0: 3 0x8000f306 (0xffc79fa3) mem 0x8002011a 0x307c
core   0: 0x8000f30a (0x065c8b83) lb      s7, 101(s9)
core   0: 3 0x8000f30a (0x065c8b83) x23 0xffffffe5 mem 0x80020ffb
core   0: 0x8000f30e (0x0077cb83) lbu     s7, 7(a5)
core   0: 3 0x8000f30e (0x0077cb83) x23 0x0000001d mem 0x80020122
core   0: 0x8000f312 (0xfb6d1283) lh      t0, -74(s10)
core   0: 3 0x8000f312 (0xfb6d1283) x 5 0xffffd763 mem 0x80017ed4
core   0: 0x8000f316 (0x02e4cb03) lbu     s6, 46(s1)
core   0: 3 0x8000f316 (0x02e4cb03) x22 0x0000001c mem 0x80015b95
core   0: 0x8000f31a (0x00014997) auipc   s3, 0x14
core   0: 3 0x8000f31a (0x00014997) x19 0x8002331a
core   0: 0x8000f31e (0xd4298993) addi    s3, s3, -702
core   0: 3 0x8000f31e (0xd4298993) x19 0x8002305c
core   0: 0x8000f322 (0x21f9a62f) amoxor.w a2, t6, (s3)
core   0: 3 0x8000f322 (0x21f9a62f) x12 0x0000015f mem 0x8002305c mem 0x8002305c 0x0000015f
core   0: 0x8000f326 (0x27b3c213) xori    tp, t2, 635
core   0: 3 0x8000f326 (0x27b3c213) x 4 0x0000027b
core   0: 0x8000f32a (0x2049a2af) amoxor.w t0, tp, (s3)
core   0: 3 0x8000f32a (0x2049a2af) x 5 0x0000015f mem 0x8002305c mem 0x8002305c 0x00000324
core   0: 0x8000f32e (0x6109a0af) amoand.w ra, a6, (s3)
core   0: 3 0x8000f32e (0x6109a0af) x 1 0x00000324 mem 0x8002305c mem 0x8002305c 0x00000200
core   0: 0x8000f332 (0xc37f8513) addi    a0, t6, -969
core   0: 3 0x8000f332 (0xc37f8513) x10 0xfffffc37
core   0: 0x8000f336 (0x4389a32f) amoor.w t1, s8, (s3)
core   0: 3 0x8000f336 (0x4389a32f) x 6 0x00000200 mem 0x8002305c mem 0x8002305c 0xffffffb8
core   0: 0x8000f33a (0x02f9afaf) amoadd.w t6, a5, (s3)
core   0: 3 0x8000f33a (0x02f9afaf) x31 0xffffffb8 mem 0x8002305c mem 0x8002305c 0x800200d3
core   0: 0x8000f33e (0x00014c17) auipc   s8, 0x14
core   0: 3 0x8000f33e (0x00014c17) x24 0x8002333e
core   0: 0x8000f342 (0xd2ec0c13) addi    s8, s8, -722
core   0: 3 0x8000f342 (0xd2ec0c13) x24 0x8002306c
core   0: 0x8000f346 (0x606c22af) amoand.w t0, t1, (s8)
core   0: 3 0x8000f346 (0x606c22af) x 5 0x0000015f mem 0x8002306c mem 0x8002306c 0x00000000
core   0: 0x8000f34a (0x256c24af) amoxor.w s1, s6, (s8)
core   0: 3 0x8000f34a (0x256c24af) x 9 0x00000000 mem 0x8002306c mem 0x8002306c 0x0000001c
core   0: 0x8000f34e (0x00069b33) sll     s6, a3, zero
core   0: 3 0x8000f34e (0x00069b33) x22 0x8002bd24
core   0: 0x8000f352 (0x0a0c28af) amoswap.w a7, zero, (s8)
core   0: 3 0x8000f352 (0x0a0c28af) x17 0x0000001c mem 0x8002306c mem 0x8002306c 0x00000000
core   0: 0x8000f356 (0x01c6db13) srli    s6, a3, 28
core   0: 3 0x8000f356 (0x01c6db13) x22 0x00000008
core   0: 0x8000f35a (0x08ec27af) amoswap.w a5, a4, (s8)
core   0: 3 0x8000f35a (0x08ec27af) x15 0x00000000 mem 0x8002306c mem 0x8002306c 0x8001245b
core   0: 0x8000f35e (0x03ee7db3) remu    s11, t3, t5
core   0: 3 0x8000f35e (0x03ee7db3) x27 0x0000002c
core   0: 0x8000f362 (0x017ae433) or      s0, s5, s7
core   0: 3 0x8000f362 (0x017ae433) x 8 0x0000abbd
core   0: 0x8000f366 (0x40235d13) srai    s10, t1, 2
core   0: 3 0x8000f366 (0x40235d13) x26 0x00000080
core   0: 0x8000f36a (0x0d9c2daf) amoswap.w s11, s9, (s8)
core   0: 3 0x8000f36a (0x0d9c2daf) x27 0x8001245b mem 0x8002306c mem 0x8002306c 0x80020f96
core   0: 0x8000f36e (0x00014b17) auipc   s6, 0x14
core   0: 3 0x8000f36e (0x00014b17) x22 0x8002336e
core   0: 0x8000f372 (0xcf6b0b13) addi    s6, s6, -778
core   0: 3 0x8000f372 (0xcf6b0b13) x22 0x80023064
core   0: 0x8000f376 (0xc39b2f2f) amominu.w t5, s9, (s6)
core   0: 3 0x8000f376 (0xc39b2f2f) x30 0x000000c3 mem 0x80023064 mem 0x80023064 0x000000c3
core   0: 0x8000f37a (0x00008e01) c.sub   a2, s0
core   0: 3 0x8000f37a (0x8e01) x12 0xffff55a2
core   0: 0x8000f37c (0xa00b2d2f) amomax.w s10, zero, (s6)
core   0: 3 0x8000f37c (0xa00b2d2f) x26 0x000000c3 mem 0x80023064 mem 0x80023064 0x000000c3
core   0: 0x8000f380 (0x000084c1) c.srai  s1, 16
core   0: 3 0x8000f380 (0x84c1) x 9 0x00000000
core   0: 0x8000f382 (0x096b2e2f) amoswap.w t3, s6, (s6)
core   0: 3 0x8000f382 (0x096b2e2f) x28 0x000000c3 mem 0x80023064 mem 0x80023064 0x80023064
core   0: 0x8000f386 (0xc06b2eaf) amominu.w t4, t1, (s6)
core   0: 3 0x8000f386 (0xc06b2eaf) x29 0x80023064 mem 0x80023064 mem 0x80023064 0x00000200
core   0: 0x8000f38a (0xa59b2daf) amomax.w s11, s9, (s6)
core   0: 3 0x8000f38a (0xa59b2daf) x27 0x00000200 mem 0x80023064 mem 0x80023064 0x00000200
core   0: 0x8000f38e (0x0b5b2aaf) amoswap.w s5, s5, (s6)
core   0: 3 0x8000f38e (0x0b5b2aaf) x21 0x00000200 mem 0x80023064 mem 0x80023064 0x0000abb8
core   0: 0x8000f392 (0x630b2e2f) amoand.w t3, a6, (s6)
core   0: 3 0x8000f392 (0x630b2e2f) x28 0x0000abb8 mem 0x80023064 mem 0x80023064 0x00002a18
core   0: 0x8000f396 (0x00014a97) auipc   s5, 0x14
core   0: 3 0x8000f396 (0x00014a97) x21 0x80023396
core   0: 0x8000f39a (0xcd6a8a93) addi    s5, s5, -810
core   0: 3 0x8000f39a (0xcd6a8a93) x21 0x8002306c
core   0: 0x8000f39e (0xdf892f13) slti    t5, s2, -520
core   0: 3 0x8000f39e (0xdf892f13) x30 0x00000000
core   0: 0x8000f3a2 (0x140aaeaf) lr.w    t4, (s5)
core   0: 3 0x8000f3a2 (0x140aaeaf) x29 0x80020f96 mem 0x8002306c
core   0: 0x8000f3a6 (0x01afbc33) sltu    s8, t6, s10
core   0: 3 0x8000f3a6 (0x01afbc33) x24 0x00000000
core   0: 0x8000f3aa (0x00006145) c.addi16sp sp, 48
core   0: 3 0x8000f3aa (0x6145) x 2 0x0d943020
core   0: 0x8000f3ac (0x00008c45) c.or    s0, s1
core   0: 3 0x8000f3ac (0x8c45) x 8 0x0000abbd
core   0: 0x8000f3ae (0xb715a513) slti    a0, a1, -1167
core   0: 3 0x8000f3ae (0xb715a513) x10 0x00000000
core   0: 0x8000f3b2 (0x02dd9033) mulh    zero, s11, a3
core   0: 3 0x8000f3b2 (0x02dd9033)
core   0: 0x8000f3b6 (0x00008659) c.srai  a2, 22
core   0: 3 0x8000f3b6 (0x8659) x12 0xffffffff
core   0: 0x8000f3b8 (0x00008209) c.srli  a2, 2
core   0: 3 0x8000f3b8 (0x8209) x12 0x3fffffff
core   0: 0x8000f3ba (0x00000808) c.addi4spn a0, sp, 16
core   0: 3 0x8000f3ba (0x0808) x10 0x0d943030
core   0: 0x8000f3bc (0x882d9637) lui     a2, 0x882d9
core   0: 3 0x8000f3bc (0x882d9637) x12 0x882d9000
core   0: 0x8000f3c0 (0x01a22db3) slt     s11, tp, s10
core   0: 3 0x8000f3c0 (0x01a22db3) x27 0x00000000
core   0: 0x8000f3c4 (0x1beaa0af) sc.w    ra, t5, (s5)
core   0: 3 0x8000f3c4 (0x1beaa0af) x 1 0x00000000 mem 0x8002306c 0x00000000
core   0: 0x8000f3c8 (0x00003497) auipc   s1, 0x3
core   0: 3 0x8000f3c8 (0x00003497) x 9 0x800123c8
core   0: 0x8000f3cc (0x5fb48493) addi    s1, s1, 1531
core   0: 3 0x8000f3cc (0x5fb48493) x 9 0x800129c3
core   0: 0x8000f3d0 (0x00004769) c.li    a4, 26
core   0: 3 0x8000f3d0 (0x4769) x14 0x0000001a
core   0: 0x8000f3d2 (0x9cf5b917) auipc   s2, 0x9cf5b
core   0: 3 0x8000f3d2 (0x9cf5b917) x18 0x1cf6a3d2
core   0: 0x8000f3d6 (0x00348103) lb      sp, 3(s1)
core   0: 3 0x8000f3d6 (0x00348103) x 2 0xfffffff3 mem 0x800129c6
core   0: 0x8000f3da (0x00001598) c.addi4spn a4, sp, 736
core   0: 3 0x8000f3da (0x1598) x14 0x000002d3
core   0: 0x8000f3dc (0x00008b61) c.andi  a4, 24
core   0: 3 0x8000f3dc (0x8b61) x14 0x00000010
core   0: 0x8000f3de (0x0014dc83) lhu     s9, 1(s1)
core   0: 3 0x8000f3de (0x0014dc83) x25 0x00005374 mem 0x800129c4
core   0: 0x8000f3e2 (0x00008731) c.srai  a4, 12
core   0: 3 0x8000f3e2 (0x8731) x14 0x00000000
core   0: 0x8000f3e4 (0x03292db3) mulhsu  s11, s2, s2
core   0: 3 0x8000f3e4 (0x03292db3) x27 0x0346e175
core   0: 0x8000f3e8 (0x01871c33) sll     s8, a4, s8
core   0: 3 0x8000f3e8 (0x01871c33) x24 0x00000000
core   0: 0x8000f3ec (0x02297933) remu    s2, s2, sp
core   0: 3 0x8000f3ec (0x02297933) x18 0x1cf6a3d2
core   0: 0x8000f3f0 (0xd6ece113) ori     sp, s9, -658
core   0: 3 0x8000f3f0 (0xd6ece113) x 2 0xffffff7e
core   0: 0x8000f3f4 (0x00001dfd) c.addi  s11, -1
core   0: 3 0x8000f3f4 (0x1dfd) x27 0x0346e174
core   0: 0x8000f3f6 (0x01cd9113) slli    sp, s11, 28
core   0: 3 0x8000f3f6 (0x01cd9113) x 2 0x40000000
core   0: 0x8000f3fa (0xfd648103) lb      sp, -42(s1)
core   0: 3 0x8000f3fa (0xfd648103) x 2 0x00000022 mem 0x80012999
core   0: 0x8000f3fe (0x00275913) srli    s2, a4, 2
core   0: 3 0x8000f3fe (0x00275913) x18 0x00000000
core   0: 0x8000f402 (0xfc548c83) lb      s9, -59(s1)
core   0: 3 0x8000f402 (0xfc548c83) x25 0x00000025 mem 0x80012988
core   0: 0x8000f406 (0xfdb4dc83) lhu     s9, -37(s1)
core   0: 3 0x8000f406 (0xfdb4dc83) x25 0x0000cd36 mem 0x8001299e
core   0: 0x8000f40a (0xc1a93d93) sltiu   s11, s2, -998
core   0: 3 0x8000f40a (0xc1a93d93) x27 0x00000001
core   0: 0x8000f40e (0x68ac1d97) auipc   s11, 0x68ac1
core   0: 3 0x8000f40e (0x68ac1d97) x27 0xe8ad040e
core   0: 0x8000f412 (0x02848c03) lb      s8, 40(s1)
core   0: 3 0x8000f412 (0x02848c03) x24 0x00000010 mem 0x800129eb
core   0: 0x8000f416 (0xffe48703) lb      a4, -2(s1)
core   0: 3 0x8000f416 (0xffe48703) x14 0x00000074 mem 0x800129c1
core   0: 0x8000f41a (0x01948703) lb      a4, 25(s1)
core   0: 3 0x8000f41a (0x01948703) x14 0xffffffd8 mem 0x800129dc
core   0: 0x8000f41e (0x0000894a) c.mv    s2, s2
core   0: 3 0x8000f41e (0x894a) x18 0x00000000
core   0: 0x8000f420 (0xfdb48d23) sb      s11, -38(s1)
core   0: 3 0x8000f420 (0xfdb48d23) mem 0x8001299d 0xe
core   0: 0x8000f424 (0x01048d83) lb      s11, 16(s1)
core   0: 3 0x8000f424 (0x01048d83) x27 0xffffffea mem 0x800129d3
core   0: 0x8000f428 (0x00008c0a) c.mv    s8, sp
core   0: 3 0x8000f428 (0x8c0a) x24 0x00000022
core   0: 0x8000f42a (0xff849fa3) sh      s8, -1(s1)
core   0: 3 0x8000f42a (0xff849fa3) mem 0x800129c2 0x0022
core   0: 0x8000f42e (0x00014d97) auipc   s11, 0x14
core   0: 3 0x8000f42e (0x00014d97) x27 0x8002342e
core   0: 0x8000f432 (0xc22d8d93) addi    s11, s11, -990
core   0: 3 0x8000f432 (0xc22d8d93) x27 0x80023050
core   0: 0x8000f436 (0x0087c4b3) xor     s1, a5, s0
core   0: 3 0x8000f436 (0x0087c4b3) x 9 0x0000abbd
core   0: 0x8000f43a (0x050da72f) amoadd.w a4, a6, (s11)
core   0: 3 0x8000f43a (0x050da72f) x14 0x7f79b651 mem 0x80023050 mem 0x80023050 0xff7c34a9
core   0: 0x8000f43e (0x00008e29) c.xor   a2, a0
core   0: 3 0x8000f43e (0x8e29) x12 0x85b9a030
core   0: 0x8000f440 (0x00886133) or      sp, a6, s0
core   0: 3 0x8000f440 (0x00886133) x 2 0x8002fffd
core   0: 0x8000f444 (0x00004abd) c.li    s5, 15
core   0: 3 0x8000f444 (0x4abd) x21 0x0000000f
core   0: 0x8000f446 (0x00008cd5) c.or    s1, a3
core   0: 3 0x8000f446 (0x8cd5) x 9 0x8002bfbd
core   0: 0x8000f448 (0x02298933) mul     s2, s3, sp
core   0: 3 0x8000f448 (0x02298933) x18 0x110d6eec
core   0: 0x8000f44c (0x006e9033) sll     zero, t4, t1
core   0: 3 0x8000f44c (0x006e9033)
core   0: 0x8000f450 (0x0389ca13) xori    s4, s3, 56
core   0: 3 0x8000f450 (0x0389ca13) x20 0x80023064
core   0: 0x8000f454 (0x00009f12) c.add   t5, tp
core   0: 3 0x8000f454 (0x9f12) x30 0x0000027b
core   0: 0x8000f456 (0xe855aa93) slti    s5, a1, -379
core   0: 3 0x8000f456 (0xe855aa93) x21 0x00000000
core   0: 0x8000f45a (0x04884863) blt     a6, s0, pc + 80
core   0: 3 0x8000f45a (0x04884863)
core   0: 0x8000f4aa (0x00008dcd) c.or    a1, a1
core   0: 3 0x8000f4aa (0x8dcd) x11 0x000000b9
core   0: 0x8000f4ac (0x03e47533) remu    a0, s0, t5
core   0: 3 0x8000f4ac (0x03e47533) x10 0x00000096
core   0: 0x8000f4b0 (0x008c0133) add     sp, s8, s0
core   0: 3 0x8000f4b0 (0x008c0133) x 2 0x0000abdf
core   0: 0x8000f4b4 (0x40e75993) srai    s3, a4, 14
core   0: 3 0x8000f4b4 (0x40e75993) x19 0x0001fde6
core   0: 0x8000f4b8 (0x0000100f) fence.i
core   0: 3 0x8000f4b8 (0x0000100f)
core   0: 0x8000f4bc (0xdaa52613) slti    a2, a0, -598
core   0: 3 0x8000f4bc (0xdaa52613) x12 0x00000000
core   0: 0x8000f4c0 (0x00006355) c.lui   t1, 0x15
core   0: 3 0x8000f4c0 (0x6355) x 6 0x00015000
core   0: 0x8000f4c2 (0x030228b3) mulhsu  a7, tp, a6
core   0: 3 0x8000f4c2 (0x030228b3) x17 0x0000013d
core   0: 0x8000f4c6 (0x00d65663) bge     a2, a3, pc + 12
core   0: 3 0x8000f4c6 (0x00d65663)
core   0: 0x8000f4d2 (0x00aa67b3) or      a5, s4, a0
core   0: 3 0x8000f4d2 (0x00aa67b3) x15 0x800230f6
core   0: 0x8000f4d6 (0x0329e9b3) rem     s3, s3, s2
core   0: 3 0x8000f4d6 (0x0329e9b3) x19 0x0001fde6
core   0: 0x8000f4da (0x000000ee) c.slli  ra, 27
core   0: 3 0x8000f4da (0x00ee) x 1 0x00000000
core   0: 0x8000f4dc (0x00008dc1) c.or    a1, s0
core   0: 3 0x8000f4dc (0x8dc1) x11 0x0000abbd
core   0: 0x8000f4de (0x493ead17) auipc   s10, 0x493ea
core   0: 3 0x8000f4de (0x493ead17) x26 0xc93f94de
core   0: 0x8000f4e2 (0x019069b3) or      s3, zero, s9
core   0: 3 0x8000f4e2 (0x019069b3) x19 0x0000cd36
core   0: 0x8000f4e6 (0x0ff0000f) fence   iorw,iorw
core   0: 3 0x8000f4e6 (0x0ff0000f)
core   0: 0x8000f4ea (0xd2634a97) auipc   s5, 0xd2634
core   0: 3 0x8000f4ea (0xd2634a97) x21 0x526434ea
core   0: 0x8000f4ee (0x4d142a13) slti    s4, s0, 1233
core   0: 3 0x8000f4ee (0x4d142a13) x20 0x00000000
core   0: 0x8000f4f2 (0x00e8cbb3) xor     s7, a7, a4
core   0: 3 0x8000f4f2 (0x00e8cbb3) x23 0x7f79b76c
core   0: 0x8000f4f6 (0x0000c119) c.beqz  a0, pc + 6
core   0: 3 0x8000f4f6 (0xc119)
core   0: 0x8000f4f8 (0x00000c65) c.addi  s8, 25
core   0: 3 0x8000f4f8 (0x0c65) x24 0x0000003b
core   0: 0x8000f4fa (0x000015fd) c.addi  a1, -1
core   0: 3 0x8000f4fa (0x15fd) x11 0x0000abbc
core   0: 0x8000f4fc (0x0000c005) c.beqz  s0, pc + 32
core   0: 3 0x8000f4fc (0xc005)
core   0: 0x8000f4fe (0x0000c195) c.beqz  a1, pc + 36
core   0: 3 0x8000f4fe (0xc195)
core   0: 0x8000f500 (0x00008cb5) c.xor   s1, a3
core   0: 3 0x8000f500 (0x8cb5) x 9 0x00000299
core   0: 0x8000f502 (0x0000e389) c.bnez  a5, pc + 2
core   0: 3 0x8000f502 (0xe389)
core   0: 0x8000f504 (0x000004fe) c.slli  s1, 31
core   0: 3 0x8000f504 (0x04fe) x 9 0x80000000
core   0: 0x8000f506 (0x1f77cdb7) lui     s11, 0x1f77c
core   0: 3 0x8000f506 (0x1f77cdb7) x27 0x1f77c000
core   0: 0x8000f50a (0x03453db3) mulhu   s11, a0, s4
core   0: 3 0x8000f50a (0x03453db3) x27 0x00000000
core   0: 0x8000f50e (0x42a24793) xori    a5, tp, 1066
core   0: 3 0x8000f50e (0x42a24793) x15 0x00000651
core   0: 0x8000f512 (0x492a6513) ori     a0, s4, 1170
core   0: 3 0x8000f512 (0x492a6513) x10 0x00000492
core   0: 0x8000f516 (0x028531b3) mulhu   gp, a0, s0
core   0: 3 0x8000f516 (0x028531b3) x 3 0x00000000
core   0: 0x8000f51a (0x00008f9e) c.mv    t6, t2
core   0: 3 0x8000f51a (0x8f9e) x31 0x00000000
core   0: 0x8000f51c (0x0000117d) c.addi  sp, -1
core   0: 3 0x8000f51c (0x117d) x 2 0x0000abde
core   0: 0x8000f51e (0x031d9b33) mulh    s6, s11, a7
core   0: 3 0x8000f51e (0x031d9b33) x22 0x00000000
core   0: 0x8000f522 (0x05815463) bge     sp, s8, pc + 72
core   0: 3 0x8000f522 (0x05815463)
core   0: 0x8000f56a (0x01d43233) sltu    tp, s0, t4
core   0: 3 0x8000f56a (0x01d43233) x 4 0x00000001
core   0: 0x8000f56e (0x00008551) c.srai  a0, 20
core   0: 3 0x8000f56e (0x8551) x10 0x00000000
core   0: 0x8000f570 (0x0000856d) c.srai  a0, 27
core   0: 3 0x8000f570 (0x856d) x10 0x00000000
core   0: 0x8000f572 (0x0000100f) fence.i
core   0: 3 0x8000f572 (0x0000100f)
core   0: 0x8000f576 (0x0186fcb3) and     s9, a3, s8
core   0: 3 0x8000f576 (0x0186fcb3) x25 0x00000020
core   0: 0x8000f57a (0x03384c63) blt     a6, s3, pc + 56
core   0: 3 0x8000f57a (0x03384c63)
core   0: 0x8000f5b2 (0x41f40733) sub     a4, s0, t6
core   0: 3 0x8000f5b2 (0x41f40733) x14 0x0000abbd
core   0: 0x8000f5b6 (0x0009d533) srl     a0, s3, zero
core   0: 3 0x8000f5b6 (0x0009d533) x10 0x0000cd36
core   0: 0x8000f5ba (0x0342f8b3) remu    a7, t0, s4
core   0: 3 0x8000f5ba (0x0342f8b3) x17 0x0000015f
core   0: 0x8000f5be (0x00b3ae33) slt     t3, t2, a1
core   0: 3 0x8000f5be (0x00b3ae33) x28 0x00000001
core   0: 0x8000f5c2 (0x03779163) bne     a5, s7, pc + 34
core   0: 3 0x8000f5c2 (0x03779163)
core   0: 0x8000f5e4 (0x74328493) addi    s1, t0, 1859
core   0: 3 0x8000f5e4 (0x74328493) x 9 0x000008a2
core   0: 0x8000f5e8 (0x00008ac2) c.mv    s5, a6
core   0: 3 0x8000f5e8 (0x8ac2) x21 0x80027e58
core   0: 0x8000f5ea (0x0022df93) srli    t6, t0, 2
core   0: 3 0x8000f5ea (0x0022df93) x31 0x00000057
core   0: 0x8000f5ee (0x0000e815) c.bnez  s0, pc + 52
core   0: 3 0x8000f5ee (0xe815)
core   0: 0x8000f622 (0x000061d5) c.lui   gp, 0x15
core   0: 3 0x8000f622 (0x61d5) x 3 0x00015000
core   0: 0x8000f624 (0x00c99863) bne     s3, a2, pc + 16
core   0: 3 0x8000f624 (0x00c99863)
core   0: 0x8000f634 (0x41ec5c13) srai    s8, s8, 30
core   0: 3 0x8000f634 (0x41ec5c13) x24 0x00000000
core   0: 0x8000f638 (0x026082b3) mul     t0, ra, t1
core   0: 3 0x8000f638 (0x026082b3) x 5 0x00000000
core   0: 0x8000f63c (0x00008b2e) c.mv    s6, a1
core   0: 3 0x8000f63c (0x8b2e) x22 0x0000abbc
core   0: 0x8000f63e (0x00008fba) c.mv    t6, a4
core   0: 3 0x8000f63e (0x8fba) x31 0x0000abbd
core   0: 0x8000f640 (0x0000987d) c.andi  s0, -1
core   0: 3 0x8000f640 (0x987d) x 8 0x0000abbd
core   0: 0x8000f642 (0x0096ce33) xor     t3, a3, s1
core   0: 3 0x8000f642 (0x0096ce33) x28 0x8002b586
core   0: 0x8000f646 (0x00a1de13) srli    t3, gp, 10
core   0: 3 0x8000f646 (0x00a1de13) x28 0x00000054
core   0: 0x8000f64a (0x03de2433) mulhsu  s0, t3, t4
core   0: 3 0x8000f64a (0x03de2433) x 8 0x0000002a
core   0: 0x8000f64e (0x01404fb3) xor     t6, zero, s4
core   0: 3 0x8000f64e (0x01404fb3) x31 0x00000000
core   0: 0x8000f652 (0x000084dd) c.srai  s1, 23
core   0: 3 0x8000f652 (0x84dd) x 9 0x00000000
core   0: 0x8000f654 (0x00006961) c.lui   s2, 0x18
core   0: 3 0x8000f654 (0x6961) x18 0x00018000
core   0: 0x8000f656 (0x0000717d) c.addi16sp sp, -16
core   0: 3 0x8000f656 (0x717d) x 2 0x0000abce
core   0: 0x8000f658 (0x0000100f) fence.i
core   0: 3 0x8000f658 (0x0000100f)
core   0: 0x8000f65c (0x0c7b1f63) bne     s6, t2, pc + 222
core   0: 3 0x8000f65c (0x0c7b1f63)
core   0: 0x8000f73a (0x005a3f33) sltu    t5, s4, t0
core   0: 3 0x8000f73a (0x005a3f33) x30 0x00000000
core   0: 0x8000f73e (0x6ccaeb17) auipc   s6, 0x6ccae
core   0: 3 0x8000f73e (0x6ccaeb17) x22 0xeccbd73e
core   0: 0x8000f742 (0x00005f7d) c.li    t5, -1
core   0: 3 0x8000f742 (0x5f7d) x30 0xffffffff
core   0: 0x8000f744 (0x00008d49) c.or    a0, a0
core   0: 3 0x8000f744 (0x8d49) x10 0x0000cd36
core   0: 0x8000f746 (0x00e67bb3) and     s7, a2, a4
core   0: 3 0x8000f746 (0x00e67bb3) x23 0x00000000
core   0: 0x8000f74a (0x0000846d) c.srai  s0, 27
core   0: 3 0x8000f74a (0x846d) x 8 0x00000000
core   0: 0x8000f74c (0x00006155) c.addi16sp sp, 304
core   0: 3 0x8000f74c (0x6155) x 2 0x0000acfe
core   0: 0x8000f74e (0x02629863) bne     t0, t1, pc + 48
core   0: 3 0x8000f74e (0x02629863)
core   0: 0x8000f77e (0x00ca28b3) slt     a7, s4, a2
core   0: 3 0x8000f77e (0x00ca28b3) x17 0x00000000
core   0: 0x8000f782 (0x00008cb9) c.xor   s1, a4
core   0: 3 0x8000f782 (0x8cb9) x 9 0x0000abbd
core   0: 0x8000f784 (0x00000001) c.nop
core   0: 3 0x8000f784 (0x0001)
core   0: 0x8000f786 (0x02f12733) mulhsu  a4, sp, a5
core   0: 3 0x8000f786 (0x02f12733) x14 0x00000000
core   0: 0x8000f78a (0x00006115) c.addi16sp sp, 288
core   0: 3 0x8000f78a (0x6115) x 2 0x0000ae1e
core   0: 0x8000f78c (0x01a79f33) sll     t5, a5, s10
core   0: 3 0x8000f78c (0x01a79f33) x30 0x40000000
core   0: 0x8000f790 (0x027b0eb3) mul     t4, s6, t2
core   0: 3 0x8000f790 (0x027b0eb3) x29 0x00000000
core   0: 0x8000f794 (0x1b757013) andi    zero, a0, 439
core   0: 3 0x8000f794 (0x1b757013)
core   0: 0x8000f798 (0x35f344b7) lui     s1, 0x35f34
core   0: 3 0x8000f798 (0x35f344b7) x 9 0x35f34000
core   0: 0x8000f79c (0x0086fd33) and     s10, a3, s0
core   0: 3 0x8000f79c (0x0086fd33) x26 0x00000000
core   0: 0x8000f7a0 (0x008d0863) beq     s10, s0, pc + 16
core   0: 3 0x8000f7a0 (0x008d0863)
core   0: 0x8000f7b0 (0x02845863) bge     s0, s0, pc + 48
core   0: 3 0x8000f7b0 (0x02845863)
core   0: 0x8000f7e0 (0x0000138c) c.addi4spn a1, sp, 480
core   0: 3 0x8000f7e0 (0x138c) x11 0x0000affe
core   0: 0x8000f7e2 (0x00008c11) c.sub   s0, a2
core   0: 3 0x8000f7e2 (0x8c11) x 8 0x00000000
core   0: 0x8000f7e4 (0x01dff663) bgeu    t6, t4, pc + 12
core   0: 3 0x8000f7e4 (0x01dff663)
core   0: 0x8000f7f0 (0x01b01d13) slli    s10, zero, 27
core   0: 3 0x8000f7f0 (0x01b01d13) x26 0x00000000
core   0: 0x8000f7f4 (0x00000001) c.nop
core   0: 3 0x8000f7f4 (0x0001)
core   0: 0x8000f7f6 (0x00000001) c.nop
core   0: 3 0x8000f7f6 (0x0001)
core   0: 0x8000f7f8 (0xcb730493) addi    s1, t1, -841
core   0: 3 0x8000f7f8 (0xcb730493) x 9 0x00014cb7
core   0: 0x8000f7fc (0x010e6363) bltu    t3, a6, pc + 6
core   0: 3 0x8000f7fc (0x010e6363)
core   0: 0x8000f802 (0x7c623f93) sltiu   t6, tp, 1990
core   0: 3 0x8000f802 (0x7c623f93) x31 0x00000001
core   0: 0x8000f806 (0x00000b35) c.addi  s6, 13
core   0: 3 0x8000f806 (0x0b35) x22 0xeccbd74b
core   0: 0x8000f808 (0x0000ce0d) c.beqz  a2, pc + 58
core   0: 3 0x8000f808 (0xce0d)
core   0: 0x8000f842 (0x000019fd) c.addi  s3, -1
core   0: 3 0x8000f842 (0x19fd) x19 0x0000cd35
core   0: 0x8000f844 (0x03999c33) mulh    s8, s3, s9
core   0: 3 0x8000f844 (0x03999c33) x24 0x00000000
core   0: 0x8000f848 (0x027bd433) divu    s0, s7, t2
core   0: 3 0x8000f848 (0x027bd433) x 8 0xffffffff
core   0: 0x8000f84c (0x00f9b4b3) sltu    s1, s3, a5
core   0: 3 0x8000f84c (0x00f9b4b3) x 9 0x00000000
core   0: 0x8000f850 (0x01b2b4b3) sltu    s1, t0, s11
core   0: 3 0x8000f850 (0x01b2b4b3) x 9 0x00000000
core   0: 0x8000f854 (0x7bc95f37) lui     t5, 0x7bc95
core   0: 3 0x8000f854 (0x7bc95f37) x30 0x7bc95000
core   0: 0x8000f858 (0x000087bd) c.srai  a5, 15
core   0: 3 0x8000f858 (0x87bd) x15 0x00000000
core   0: 0x8000f85a (0x000094b2) c.add   s1, a2
core   0: 3 0x8000f85a (0x94b2) x 9 0x00000000
core   0: 0x8000f85c (0x02c851b3) divu    gp, a6, a2
core   0: 3 0x8000f85c (0x02c851b3) x 3 0xffffffff
core   0: 0x8000f860 (0x03e67b63) bgeu    a2, t5, pc + 54
core   0: 3 0x8000f860 (0x03e67b63)
core   0: 0x8000f864 (0x028c9263) bne     s9, s0, pc + 36
core   0: 3 0x8000f864 (0x028c9263)
core   0: 0x8000f888 (0x030d07b3) mul     a5, s10, a6
core   0: 3 0x8000f888 (0x030d07b3) x15 0x00000000
core   0: 0x8000f88c (0x00000001) c.nop
core   0: 3 0x8000f88c (0x0001)
core   0: 0x8000f88e (0x00000001) c.nop
core   0: 3 0x8000f88e (0x0001)
core   0: 0x8000f890 (0x008f35b3) sltu    a1, t5, s0
core   0: 3 0x8000f890 (0x008f35b3) x11 0x00000001
core   0: 0x8000f894 (0x0000e589) c.bnez  a1, pc + 10
core   0: 3 0x8000f894 (0xe589)
core   0: 0x8000f89e (0x00c08463) beq     ra, a2, pc + 8
core   0: 3 0x8000f89e (0x00c08463)
core   0: 0x8000f8a6 (0x00004595) c.li    a1, 5
core   0: 3 0x8000f8a6 (0x4595) x11 0x00000005
core   0: 0x8000f8a8 (0x018b6ab3) or      s5, s6, s8
core   0: 3 0x8000f8a8 (0x018b6ab3) x21 0xeccbd74b
core   0: 0x8000f8ac (0x00000001) c.nop
core   0: 3 0x8000f8ac (0x0001)
core   0: 0x8000f8ae (0x01601113) slli    sp, zero, 22
core   0: 3 0x8000f8ae (0x01601113) x 2 0x00000000
core   0: 0x8000f8b2 (0x0000c715) c.beqz  a4, pc + 44
core   0: 3 0x8000f8b2 (0xc715)
core   0: 0x8000f8de (0x4054db93) srai    s7, s1, 5
core   0: 3 0x8000f8de (0x4054db93) x23 0x00000000
core   0: 0x8000f8e2 (0x00232533) slt     a0, t1, sp
core   0: 3 0x8000f8e2 (0x00232533) x10 0x00000000
core   0: 0x8000f8e6 (0x03aff033) remu    zero, t6, s10
core   0: 3 0x8000f8e6 (0x03aff033)
core   0: 0x8000f8ea (0x00006531) c.lui   a0, 0xc
core   0: 3 0x8000f8ea (0x6531) x10 0x0000c000
core   0: 0x8000f8ec (0x00000001) c.nop
core   0: 3 0x8000f8ec (0x0001)
core   0: 0x8000f8ee (0x000080b1) c.srli  s1, 12
core   0: 3 0x8000f8ee (0x80b1) x 9 0x00000000
core   0: 0x8000f8f0 (0x02183ab3) mulhu   s5, a6, ra
core   0: 3 0x8000f8f0 (0x02183ab3) x21 0x00000000
core   0: 0x8000f8f4 (0x933eed13) ori     s10, t4, -1741
core   0: 3 0x8000f8f4 (0x933eed13) x26 0xfffff933
core   0: 0x8000f8f8 (0xfdcb5b17) auipc   s6, 0xfdcb5
core   0: 3 0x8000f8f8 (0xfdcb5b17) x22 0x7dcc48f8
core   0: 0x8000f8fc (0x178fc237) lui     tp, 0x178fc
core   0: 3 0x8000f8fc (0x178fc237) x 4 0x178fc000
core   0: 0x8000f900 (0x00008745) c.srai  a4, 17
core   0: 3 0x8000f900 (0x8745) x14 0x00000000
core   0: 0x8000f902 (0x021a3ab3) mulhu   s5, s4, ra
core   0: 3 0x8000f902 (0x021a3ab3) x21 0x00000000
core   0: 0x8000f906 (0x0000e489) c.bnez  s1, pc + 10
core   0: 3 0x8000f906 (0xe489)
core   0: 0x8000f908 (0x01dc9313) slli    t1, s9, 29
core   0: 3 0x8000f908 (0x01dc9313) x 6 0x00000000
core   0: 0x8000f90c (0x012bed33) or      s10, s7, s2
core   0: 3 0x8000f90c (0x012bed33) x26 0x00018000
core   0: 0x8000f910 (0x03875263) bge     a4, s8, pc + 36
core   0: 3 0x8000f910 (0x03875263)
core   0: 0x8000f934 (0x00000001) c.nop
core   0: 3 0x8000f934 (0x0001)
core   0: 0x8000f936 (0x02dc2eb3) mulhsu  t4, s8, a3
core   0: 3 0x8000f936 (0x02dc2eb3) x29 0x00000000
core   0: 0x8000f93a (0x0000855d) c.srai  a0, 23
core   0: 3 0x8000f93a (0x855d) x10 0x00000000
core   0: 0x8000f93c (0x607d6c93) ori     s9, s10, 1543
core   0: 3 0x8000f93c (0x607d6c93) x25 0x00018607
core   0: 0x8000f940 (0x03d5cc63) blt     a1, t4, pc + 56
core   0: 3 0x8000f940 (0x03d5cc63)
core   0: 0x8000f944 (0x000083d1) c.srli  a5, 20
core   0: 3 0x8000f944 (0x83d1) x15 0x00000000
core   0: 0x8000f946 (0x00e20763) beq     tp, a4, pc + 14
core   0: 3 0x8000f946 (0x00e20763)
core   0: 0x8000f94a (0x0000717d) c.addi16sp sp, -16
core   0: 3 0x8000f94a (0x717d) x 2 0xfffffff0
core   0: 0x8000f94c (0x00008e49) c.or    a2, a0
core   0: 3 0x8000f94c (0x8e49) x12 0x00000000
core   0: 0x8000f94e (0x4085dd13) srai    s10, a1, 8
core   0: 3 0x8000f94e (0x4085dd13) x26 0x00000000
core   0: 0x8000f952 (0x00008535) c.srai  a0, 13
core   0: 3 0x8000f952 (0x8535) x10 0x00000000
core   0: 0x8000f954 (0x049bff63) bgeu    s7, s1, pc + 94
core   0: 3 0x8000f954 (0x049bff63)
core   0: 0x8000f9b2 (0xa0c17a93) andi    s5, sp, -1524
core   0: 3 0x8000f9b2 (0xa0c17a93) x21 0xfffffa00
core   0: 0x8000f9b6 (0x00008cb2) c.mv    s9, a2
core   0: 3 0x8000f9b6 (0x8cb2) x25 0x00000000
core   0: 0x8000f9b8 (0x00008ff5) c.and   a5, a3
core   0: 3 0x8000f9b8 (0x8ff5) x15 0x00000000
core   0: 0x8000f9ba (0x01a59013) slli    zero, a1, 26
core   0: 3 0x8000f9ba (0x01a59013)
core   0: 0x8000f9be (0x017a1e93) slli    t4, s4, 23
core   0: 3 0x8000f9be (0x017a1e93) x29 0x00000000
core   0: 0x8000f9c2 (0x03c84c33) div     s8, a6, t3
core   0: 3 0x8000f9c2 (0x03c84c33) x24 0xfe79ef38
core   0: 0x8000f9c6 (0x019d6733) or      a4, s10, s9
core   0: 3 0x8000f9c6 (0x019d6733) x14 0x00000000
core   0: 0x8000f9ca (0x00000722) c.slli  a4, 8
core   0: 3 0x8000f9ca (0x0722) x14 0x00000000
core   0: 0x8000f9cc (0x033c1463) bne     s8, s3, pc + 40
core   0: 3 0x8000f9cc (0x033c1463)
core   0: 0x8000f9f4 (0x01810263) beq     sp, s8, pc + 4
core   0: 3 0x8000f9f4 (0x01810263)
core   0: 0x8000f9f8 (0x000097f2) c.add   a5, t3
core   0: 3 0x8000f9f8 (0x97f2) x15 0x00000054
core   0: 0x8000f9fa (0x018f1ab3) sll     s5, t5, s8
core   0: 3 0x8000f9fa (0x018f1ab3) x21 0x00000000
core   0: 0x8000f9fe (0x030b44b3) div     s1, s6, a6
core   0: 3 0x8000f9fe (0x030b44b3) x 9 0x00000000
core   0: 0x8000fa02 (0x03853cb3) mulhu   s9, a0, s8
core   0: 3 0x8000fa02 (0x03853cb3) x25 0x00000000
core   0: 0x8000fa06 (0x02ea0733) mul     a4, s4, a4
core   0: 3 0x8000fa06 (0x02ea0733) x14 0x00000000
core   0: 0x8000fa0a (0x00000001) c.nop
core   0: 3 0x8000fa0a (0x0001)
core   0: 0x8000fa0c (0x0000100f) fence.i
core   0: 3 0x8000fa0c (0x0000100f)
core   0: 0x8000fa10 (0x0335dfb3) divu    t6, a1, s3
core   0: 3 0x8000fa10 (0x0335dfb3) x31 0x00000000
core   0: 0x8000fa14 (0x00008e5d) c.or    a2, a5
core   0: 3 0x8000fa14 (0x8e5d) x12 0x00000054
core   0: 0x8000fa16 (0x00008d0d) c.sub   a0, a1
core   0: 3 0x8000fa16 (0x8d0d) x10 0xfffffffb
core   0: 0x8000fa18 (0x0000041a) c.slli  s0, 6
core   0: 3 0x8000fa18 (0x041a) x 8 0xffffffc0
core   0: 0x8000fa1a (0x0218b0b3) mulhu   ra, a7, ra
core   0: 3 0x8000fa1a (0x0218b0b3) x 1 0x00000000
core   0: 0x8000fa1e (0x032cc633) div     a2, s9, s2
core   0: 3 0x8000fa1e (0x032cc633) x12 0x00000000
core   0: 0x8000fa22 (0x00000001) c.nop
core   0: 3 0x8000fa22 (0x0001)
core   0: 0x8000fa24 (0x01b92533) slt     a0, s2, s11
core   0: 3 0x8000fa24 (0x01b92533) x10 0x00000000
core   0: 0x8000fa28 (0x006a5eb3) srl     t4, s4, t1
core   0: 3 0x8000fa28 (0x006a5eb3) x29 0x00000000
core   0: 0x8000fa2c (0x0000c40d) c.beqz  s0, pc + 42
core   0: 3 0x8000fa2c (0xc40d)
core   0: 0x8000fa2e (0x03c1e133) rem     sp, gp, t3
core   0: 3 0x8000fa2e (0x03c1e133) x 2 0xffffffff
core   0: 0x8000fa32 (0x00054c33) xor     s8, a0, zero
core   0: 3 0x8000fa32 (0x00054c33) x24 0x00000000
core   0: 0x8000fa36 (0x41cf0633) sub     a2, t5, t3
core   0: 3 0x8000fa36 (0x41cf0633) x12 0x7bc94fac
core   0: 0x8000fa3a (0x03978433) mul     s0, a5, s9
core   0: 3 0x8000fa3a (0x03978433) x 8 0x00000000
core   0: 0x8000fa3e (0x42651617) auipc   a2, 0x42651
core   0: 3 0x8000fa3e (0x42651617) x12 0xc2660a3e
core   0: 0x8000fa42 (0x00001310) c.addi4spn a2, sp, 416
core   0: 3 0x8000fa42 (0x1310) x12 0x0000019f
core   0: 0x8000fa44 (0x416f54b3) sra     s1, t5, s6
core   0: 3 0x8000fa44 (0x416f54b3) x 9 0x0000007b
core   0: 0x8000fa48 (0x00004a19) c.li    s4, 6
core   0: 3 0x8000fa48 (0x4a19) x20 0x00000006
core   0: 0x8000fa4a (0x024868b3) rem     a7, a6, tp
core   0: 3 0x8000fa4a (0x024868b3) x17 0xf5d13e58
core   0: 0x8000fa4e (0x079ed363) bge     t4, s9, pc + 102
core   0: 3 0x8000fa4e (0x079ed363)
core   0: 0x8000fab4 (0x00000d00) c.addi4spn s0, sp, 656
core   0: 3 0x8000fab4 (0x0d00) x 8 0x0000028f
core   0: 0x8000fab6 (0x0133d4b3) srl     s1, t2, s3
core   0: 3 0x8000fab6 (0x0133d4b3) x 9 0x00000000
core   0: 0x8000faba (0x0000717d) c.addi16sp sp, -16
core   0: 3 0x8000faba (0x717d) x 2 0xffffffef
core   0: 0x8000fabc (0x0000ef21) c.bnez  a4, pc + 88
core   0: 3 0x8000fabc (0xef21)
core   0: 0x8000fabe (0x00013e17) auipc   t3, 0x13
core   0: 3 0x8000fabe (0x00013e17) x28 0x80022abe
core   0: 0x8000fac2 (0x5a6e0e13) addi    t3, t3, 1446
core   0: 3 0x8000fac2 (0x5a6e0e13) x28 0x80023064
core   0: 0x8000fac6 (0x00008c9a) c.mv    s9, t1
core   0: 3 0x8000fac6 (0x8c9a) x25 0x00000000
core   0: 0x8000fac8 (0x100e25af) lr.w    a1, (t3)
core   0: 3 0x8000fac8 (0x100e25af) x11 0x00002a18 mem 0x80023064
core   0: 0x8000facc (0x00009476) c.add   s0, t4
core   0: 3 0x8000facc (0x9476) x 8 0x0000028f
core   0: 0x8000face (0x00008c71) c.and   s0, a2
core   0: 3 0x8000face (0x8c71) x 8 0x0000008f
core   0: 0x8000fad0 (0x0000008e) c.slli  ra, 3
core   0: 3 0x8000fad0 (0x008e) x 1 0x00000000
core   0: 0x8000fad2 (0x01f36db3) or      s11, t1, t6
core   0: 3 0x8000fad2 (0x01f36db3) x27 0x00000000
core   0: 0x8000fad6 (0x00000001) c.nop
core   0: 3 0x8000fad6 (0x0001)
core   0: 0x8000fad8 (0x031104b3) mul     s1, sp, a7
core   0: 3 0x8000fad8 (0x031104b3) x 9 0xad1adc28
core   0: 0x8000fadc (0x1d7e2a2f) sc.w    s4, s7, (t3)
core   0: 3 0x8000fadc (0x1d7e2a2f) x20 0x00000000 mem 0x80023064 0x00000000
core   0: 0x8000fae0 (0x0332d9b3) divu    s3, t0, s3
core   0: 3 0x8000fae0 (0x0332d9b3) x19 0x00000000
core   0: 0x8000fae4 (0x345aea13) ori     s4, s5, 837
core   0: 3 0x8000fae4 (0x345aea13) x20 0x00000345
core   0: 0x8000fae8 (0x014e5633) srl     a2, t3, s4
core   0: 3 0x8000fae8 (0x014e5633) x12 0x04001183
core   0: 0x8000faec (0x168a6593) ori     a1, s4, 360
core   0: 3 0x8000faec (0x168a6593) x11 0x0000036d
core   0: 0x8000faf0 (0x0000619d) c.lui   gp, 0x7
core   0: 3 0x8000faf0 (0x619d) x 3 0x00007000
core   0: 0x8000faf2 (0x40ef8933) sub     s2, t6, a4
core   0: 3 0x8000faf2 (0x40ef8933) x18 0x00000000
core   0: 0x8000faf6 (0x0000e08d) c.bnez  s1, pc + 34
core   0: 3 0x8000faf6 (0xe08d)
core   0: 0x8000fb18 (0xafed2b93) slti    s7, s10, -1282
core   0: 3 0x8000fb18 (0xafed2b93) x23 0x00000000
core   0: 0x8000fb1c (0x02141cb3) mulh    s9, s0, ra
core   0: 3 0x8000fb1c (0x02141cb3) x25 0x00000000
core   0: 0x8000fb20 (0x0076e663) bltu    a3, t2, pc + 12
core   0: 3 0x8000fb20 (0x0076e663)
core   0: 0x8000fb24 (0x61f96b93) ori     s7, s2, 1567
core   0: 3 0x8000fb24 (0x61f96b93) x23 0x0000061f
core   0: 0x8000fb28 (0x00008fe9) c.and   a5, a0
core   0: 3 0x8000fb28 (0x8fe9) x15 0x00000000
core   0: 0x8000fb2a (0x00000001) c.nop
core   0: 3 0x8000fb2a (0x0001)
core   0: 0x8000fb2c (0x00000001) c.nop
core   0: 3 0x8000fb2c (0x0001)
core   0: 0x8000fb2e (0x4b87fd93) andi    s11, a5, 1208
core   0: 3 0x8000fb2e (0x4b87fd93) x27 0x00000000
core   0: 0x8000fb32 (0x0000717d) c.addi16sp sp, -16
core   0: 3 0x8000fb32 (0x717d) x 2 0xffffffdf
core   0: 0x8000fb34 (0x004f1593) slli    a1, t5, 4
core   0: 3 0x8000fb34 (0x004f1593) x11 0xbc950000
core   0: 0x8000fb38 (0x03940733) mul     a4, s0, s9
core   0: 3 0x8000fb38 (0x03940733) x14 0x00000000
core   0: 0x8000fb3c (0x02667b33) remu    s6, a2, t1
core   0: 3 0x8000fb3c (0x02667b33) x22 0x04001183
core   0: 0x8000fb40 (0x0000011c) c.addi4spn a5, sp, 128
core   0: 3 0x8000fb40 (0x011c) x15 0x0000005f
core   0: 0x8000fb42 (0x019cd263) bge     s9, s9, pc + 4
core   0: 3 0x8000fb42 (0x019cd263)
core   0: 0x8000fb46 (0x364d0e13) addi    t3, s10, 868
core   0: 3 0x8000fb46 (0x364d0e13) x28 0x00000364
core   0: 0x8000fb4a (0x04537263) bgeu    t1, t0, pc + 68
core   0: 3 0x8000fb4a (0x04537263)
core   0: 0x8000fb8e (0x00000aa5) c.addi  s5, 9
core   0: 3 0x8000fb8e (0x0aa5) x21 0x00000009
core   0: 0x8000fb90 (0x00000631) c.addi  a2, 12
core   0: 3 0x8000fb90 (0x0631) x12 0x0400118f
core   0: 0x8000fb92 (0x00000001) c.nop
core   0: 3 0x8000fb92 (0x0001)
core   0: 0x8000fb94 (0x02f6deb3) divu    t4, a3, a5
core   0: 3 0x8000fb94 (0x02f6deb3) x29 0x0158f484
core   0: 0x8000fb98 (0x0000100f) fence.i
core   0: 3 0x8000fb98 (0x0000100f)
core   0: 0x8000fb9c (0x02e98963) beq     s3, a4, pc + 50
core   0: 3 0x8000fb9c (0x02e98963)
core   0: 0x8000fbce (0x194caf13) slti    t5, s9, 404
core   0: 3 0x8000fbce (0x194caf13) x30 0x00000001
core   0: 0x8000fbd2 (0x00afdd13) srli    s10, t6, 10
core   0: 3 0x8000fbd2 (0x00afdd13) x26 0x00000000
core   0: 0x8000fbd6 (0x00001a98) c.addi4spn a4, sp, 368
core   0: 3 0x8000fbd6 (0x1a98) x14 0x0000014f
core   0: 0x8000fbd8 (0x41855ab3) sra     s5, a0, s8
core   0: 3 0x8000fbd8 (0x41855ab3) x21 0x00000000
core   0: 0x8000fbdc (0x0000717d) c.addi16sp sp, -16
core   0: 3 0x8000fbdc (0x717d) x 2 0xffffffcf
core   0: 0x8000fbde (0x00008801) c.andi  s0, 0
core   0: 3 0x8000fbde (0x8801) x 8 0x00000000
core   0: 0x8000fbe0 (0x02d08b63) beq     ra, a3, pc + 54
core   0: 3 0x8000fbe0 (0x02d08b63)
core   0: 0x8000fbe4 (0x01717e33) and     t3, sp, s7
core   0: 3 0x8000fbe4 (0x01717e33) x28 0x0000060f
core   0: 0x8000fbe8 (0x00008c6d) c.and   s0, a1
core   0: 3 0x8000fbe8 (0x8c6d) x 8 0x00000000
core   0: 0x8000fbea (0x00008d8d) c.sub   a1, a1
core   0: 3 0x8000fbea (0x8d8d) x11 0x00000000
core   0: 0x8000fbec (0x00000001) c.nop
core   0: 3 0x8000fbec (0x0001)
core   0: 0x8000fbee (0x0000c61d) c.beqz  a2, pc + 46
core   0: 3 0x8000fbee (0xc61d)
core   0: 0x8000fbf0 (0x00000292) c.slli  t0, 4
core   0: 3 0x8000fbf0 (0x0292) x 5 0x00000000
core   0: 0x8000fbf2 (0x0051dbb3) srl     s7, gp, t0
core   0: 3 0x8000fbf2 (0x0051dbb3) x23 0x00007000
core   0: 0x8000fbf6 (0x02e3f863) bgeu    t2, a4, pc + 48
core   0: 3 0x8000fbf6 (0x02e3f863)
core   0: 0x8000fbfa (0x00008c6d) c.and   s0, a1
core   0: 3 0x8000fbfa (0x8c6d) x 8 0x00000000
core   0: 0x8000fbfc (0xb0830e13) addi    t3, t1, -1272
core   0: 3 0x8000fbfc (0xb0830e13) x28 0xfffffb08
core   0: 0x8000fc00 (0x0000100f) fence.i
core   0: 3 0x8000fc00 (0x0000100f)
core   0: 0x8000fc04 (0xf0fb0417) auipc   s0, 0xf0fb0
core   0: 3 0x8000fc04 (0xf0fb0417) x 8 0x70fbfc04
core   0: 0x8000fc08 (0x014f4463) blt     t5, s4, pc + 8
core   0: 3 0x8000fc08 (0x014f4463)
core   0: 0x8000fc10 (0x00008de5) c.and   a1, s1
core   0: 3 0x8000fc10 (0x8de5) x11 0x00000000
core   0: 0x8000fc12 (0x00e33933) sltu    s2, t1, a4
core   0: 3 0x8000fc12 (0x00e33933) x18 0x00000001
core   0: 0x8000fc16 (0x01c5fa33) and     s4, a1, t3
core   0: 3 0x8000fc16 (0x01c5fa33) x20 0x00000000
core   0: 0x8000fc1a (0x000009f6) c.slli  s3, 29
core   0: 3 0x8000fc1a (0x09f6) x19 0x00000000
core   0: 0x8000fc1c (0x00008a51) c.andi  a2, 20
core   0: 3 0x8000fc1c (0x8a51) x12 0x00000004
core   0: 0x8000fc1e (0x004242b3) xor     t0, tp, tp
core   0: 3 0x8000fc1e (0x004242b3) x 5 0x00000000
core   0: 0x8000fc22 (0x40575793) srai    a5, a4, 5
core   0: 3 0x8000fc22 (0x40575793) x15 0x0000000a
core   0: 0x8000fc26 (0x00008b65) c.andi  a4, 25
core   0: 3 0x8000fc26 (0x8b65) x14 0x00000009
core   0: 0x8000fc28 (0xb29c6717) auipc   a4, 0xb29c6
core   0: 3 0x8000fc28 (0xb29c6717) x14 0x329d5c28
core   0: 0x8000fc2c (0x004e37b3) sltu    a5, t3, tp
core   0: 3 0x8000fc2c (0x004e37b3) x15 0x00000000
core   0: 0x8000fc30 (0x50c1a513) slti    a0, gp, 1292
core   0: 3 0x8000fc30 (0x50c1a513) x10 0x00000000
core   0: 0x8000fc34 (0x00009a7d) c.andi  a2, -1
core   0: 3 0x8000fc34 (0x9a7d) x12 0x00000004
core   0: 0x8000fc36 (0x01859863) bne     a1, s8, pc + 16
core   0: 3 0x8000fc36 (0x01859863)
core   0: 0x8000fc3a (0xc93c2b93) slti    s7, s8, -877
core   0: 3 0x8000fc3a (0xc93c2b93) x23 0x00000000
core   0: 0x8000fc3e (0xcc6d7093) andi    ra, s10, -826
core   0: 3 0x8000fc3e (0xcc6d7093) x 1 0x00000000
core   0: 0x8000fc42 (0x03a1a333) mulhsu  t1, gp, s10
core   0: 3 0x8000fc42 (0x03a1a333) x 6 0x00000000
core   0: 0x8000fc46 (0x00000190) c.addi4spn a2, sp, 192
core   0: 3 0x8000fc46 (0x0190) x12 0x0000008f
core   0: 0x8000fc48 (0x41e88bb3) sub     s7, a7, t5
core   0: 3 0x8000fc48 (0x41e88bb3) x23 0xf5d13e57
core   0: 0x8000fc4c (0x6589e413) ori     s0, s3, 1624
core   0: 3 0x8000fc4c (0x6589e413) x 8 0x00000658
core   0: 0x8000fc50 (0x00d130b3) sltu    ra, sp, a3
core   0: 3 0x8000fc50 (0x00d130b3) x 1 0x00000000
core   0: 0x8000fc54 (0x00219933) sll     s2, gp, sp
core   0: 3 0x8000fc54 (0x00219933) x18 0x38000000
core   0: 0x8000fc58 (0x034bfeb3) remu    t4, s7, s4
core   0: 3 0x8000fc58 (0x034bfeb3) x29 0xf5d13e57
core   0: 0x8000fc5c (0x018d6663) bltu    s10, s8, pc + 12
core   0: 3 0x8000fc5c (0x018d6663)
core   0: 0x8000fc60 (0x41b20733) sub     a4, tp, s11
core   0: 3 0x8000fc60 (0x41b20733) x14 0x178fc000
core   0: 0x8000fc64 (0x02bcafb3) mulhsu  t6, s9, a1
core   0: 3 0x8000fc64 (0x02bcafb3) x31 0x00000000
core   0: 0x8000fc68 (0xcde37b93) andi    s7, t1, -802
core   0: 3 0x8000fc68 (0xcde37b93) x23 0x00000000
core   0: 0x8000fc6c (0x0000100f) fence.i
core   0: 3 0x8000fc6c (0x0000100f)
core   0: 0x8000fc70 (0x00008819) c.andi  s0, 6
core   0: 3 0x8000fc70 (0x8819) x 8 0x00000000
core   0: 0x8000fc72 (0x0160e5b3) or      a1, ra, s6
core   0: 3 0x8000fc72 (0x0160e5b3) x11 0x04001183
core   0: 0x8000fc76 (0x049dc363) blt     s11, s1, pc + 70
core   0: 3 0x8000fc76 (0x049dc363)
core   0: 0x8000fc7a (0x0154c033) xor     zero, s1, s5
core   0: 3 0x8000fc7a (0x0154c033)
core   0: 0x8000fc7e (0x00f49a13) slli    s4, s1, 15
core   0: 3 0x8000fc7e (0x00f49a13) x20 0x6e140000
core   0: 0x8000fc82 (0x7281aa93) slti    s5, gp, 1832
core   0: 3 0x8000fc82 (0x7281aa93) x21 0x00000000
core   0: 0x8000fc86 (0x00000001) c.nop
core   0: 3 0x8000fc86 (0x0001)
core   0: 0x8000fc88 (0xf91dc437) lui     s0, 0xf91dc
core   0: 3 0x8000fc88 (0xf91dc437) x 8 0xf91dc000
core   0: 0x8000fc8c (0x005fb5b3) sltu    a1, t6, t0
core   0: 3 0x8000fc8c (0x005fb5b3) x11 0x00000000
core   0: 0x8000fc90 (0xe81e8593) addi    a1, t4, -383
core   0: 3 0x8000fc90 (0xe81e8593) x11 0xf5d13cd8
core   0: 0x8000fc94 (0xc31e6f17) auipc   t5, 0xc31e6
core   0: 3 0x8000fc94 (0xc31e6f17) x30 0x431f5c94
core   0: 0x8000fc98 (0x00ef4963) blt     t5, a4, pc + 18
core   0: 3 0x8000fc98 (0x00ef4963)
core   0: 0x8000fc9c (0x00000001) c.nop
core   0: 3 0x8000fc9c (0x0001)
core   0: 0x8000fc9e (0x40ca5db3) sra     s11, s4, a2
core   0: 3 0x8000fc9e (0x40ca5db3) x27 0x0000dc28
core   0: 0x8000fca2 (0x0301c533) div     a0, gp, a6
core   0: 3 0x8000fca2 (0x0301c533) x10 0x00000000
core   0: 0x8000fca6 (0xd1660113) addi    sp, a2, -746
core   0: 3 0x8000fca6 (0xd1660113) x 2 0xfffffda5
core   0: 0x8000fcaa (0x03ce2a33) mulhsu  s4, t3, t3
core   0: 3 0x8000fcaa (0x03ce2a33) x20 0xfffffb08
core   0: 0x8000fcae (0x009e5fb3) srl     t6, t3, s1
core   0: 3 0x8000fcae (0x009e5fb3) x31 0x00fffffb
core   0: 0x8000fcb2 (0x0ff0000f) fence   iorw,iorw
core   0: 3 0x8000fcb2 (0x0ff0000f)
core   0: 0x8000fcb6 (0x1e6a4c13) xori    s8, s4, 486
core   0: 3 0x8000fcb6 (0x1e6a4c13) x24 0xfffffaee
core   0: 0x8000fcba (0x00000001) c.nop
core   0: 3 0x8000fcba (0x0001)
core   0: 0x8000fcbc (0x017d5663) bge     s10, s7, pc + 12
core   0: 3 0x8000fcbc (0x017d5663)
core   0: 0x8000fcc8 (0x000040e9) c.li    ra, 26
core   0: 3 0x8000fcc8 (0x40e9) x 1 0x0000001a
core   0: 0x8000fcca (0x41efd433) sra     s0, t6, t5
core   0: 3 0x8000fcca (0x41efd433) x 8 0x0000000f
core   0: 0x8000fcce (0x00000001) c.nop
core   0: 3 0x8000fcce (0x0001)
core   0: 0x8000fcd0 (0x014e2933) slt     s2, t3, s4
core   0: 3 0x8000fcd0 (0x014e2933) x18 0x00000000
core   0: 0x8000fcd4 (0x00008c09) c.sub   s0, a0
core   0: 3 0x8000fcd4 (0x8c09) x 8 0x0000000f
core   0: 0x8000fcd6 (0x00009d12) c.add   s10, tp
core   0: 3 0x8000fcd6 (0x9d12) x26 0x178fc000
core   0: 0x8000fcd8 (0xe3713e93) sltiu   t4, sp, -457
core   0: 3 0x8000fcd8 (0xe3713e93) x29 0x00000001
core   0: 0x8000fcdc (0x00207eb3) and     t4, zero, sp
core   0: 3 0x8000fcdc (0x00207eb3) x29 0x00000000
core   0: 0x8000fce0 (0x4053d593) srai    a1, t2, 5
core   0: 3 0x8000fce0 (0x4053d593) x11 0x00000000
core   0: 0x8000fce4 (0x03ca8933) mul     s2, s5, t3
core   0: 3 0x8000fce4 (0x03ca8933) x18 0x00000000
core   0: 0x8000fce8 (0xecbf0593) addi    a1, t5, -309
core   0: 3 0x8000fce8 (0xecbf0593) x11 0x431f5b5f
core   0: 0x8000fcec (0x00d72717) auipc   a4, 0xd72
core   0: 3 0x8000fcec (0x00d72717) x14 0x80d81cec
core   0: 0x8000fcf0 (0xe3dec037) lui     zero, 0xe3dec
core   0: 3 0x8000fcf0 (0xe3dec037)
core   0: 0x8000fcf4 (0x95ec4d13) xori    s10, s8, -1698
core   0: 3 0x8000fcf4 (0x95ec4d13) x26 0x000003b0
core   0: 0x8000fcf8 (0x00903ab3) snez    s5, s1
core   0: 3 0x8000fcf8 (0x00903ab3) x21 0x00000001
core   0: 0x8000fcfc (0x00008445) c.srai  s0, 17
core   0: 3 0x8000fcfc (0x8445) x 8 0x00000000
core   0: 0x8000fcfe (0x00008891) c.andi  s1, 4
core   0: 3 0x8000fcfe (0x8891) x 9 0x00000000
core   0: 0x8000fd00 (0x03dce263) bltu    s9, t4, pc + 36
core   0: 3 0x8000fd00 (0x03dce263)
core   0: 0x8000fd04 (0x0000943e) c.add   s0, a5
core   0: 3 0x8000fd04 (0x943e) x 8 0x00000000
core   0: 0x8000fd06 (0x94459f17) auipc   t5, 0x94459
core   0: 3 0x8000fd06 (0x94459f17) x30 0x14468d06
core   0: 0x8000fd0a (0x00000a1e) c.slli  s4, 7
core   0: 3 0x8000fd0a (0x0a1e) x20 0xfffd8400
core   0: 0x8000fd0c (0x007d9363) bne     s11, t2, pc + 6
core   0: 3 0x8000fd0c (0x007d9363)
core   0: 0x8000fd12 (0x0310d963) bge     ra, a7, pc + 50
core   0: 3 0x8000fd12 (0x0310d963)
core   0: 0x8000fd44 (0x03ec7663) bgeu    s8, t5, pc + 44
core   0: 3 0x8000fd44 (0x03ec7663)
core   0: 0x8000fd70 (0x0000c905) c.beqz  a0, pc + 48
core   0: 3 0x8000fd70 (0xc905)
core   0: 0x8000fda0 (0x40a68c33) sub     s8, a3, a0
core   0: 3 0x8000fda0 (0x40a68c33) x24 0x8002bd24
core   0: 0x8000fda4 (0x34362b93) slti    s7, a2, 835
core   0: 3 0x8000fda4 (0x34362b93) x23 0x00000001
core   0: 0x8000fda8 (0xe30709b7) lui     s3, 0xe3070
core   0: 3 0x8000fda8 (0xe30709b7) x19 0xe3070000
core   0: 0x8000fdac (0x0000c319) c.beqz  a4, pc + 6
core   0: 3 0x8000fdac (0xc319)
core   0: 0x8000fdae (0x00e227b3) slt     a5, tp, a4
core   0: 3 0x8000fdae (0x00e227b3) x15 0x00000000
core   0: 0x8000fdb2 (0x000089c5) c.andi  a1, 17
core   0: 3 0x8000fdb2 (0x89c5) x11 0x00000011
core   0: 0x8000fdb4 (0x000050fd) c.li    ra, -1
core   0: 3 0x8000fdb4 (0x50fd) x 1 0xffffffff
core   0: 0x8000fdb6 (0x0012c333) xor     t1, t0, ra
core   0: 3 0x8000fdb6 (0x0012c333) x 6 0xffffffff
core   0: 0x8000fdba (0x00005afd) c.li    s5, -1
core   0: 3 0x8000fdba (0x5afd) x21 0xffffffff
core   0: 0x8000fdbc (0x0000814a) c.mv    sp, s2
core   0: 3 0x8000fdbc (0x814a) x 2 0x00000000
core   0: 0x8000fdbe (0x009a1bb3) sll     s7, s4, s1
core   0: 3 0x8000fdbe (0x009a1bb3) x23 0xfffd8400
core   0: 0x8000fdc2 (0x03ec8563) beq     s9, t5, pc + 42
core   0: 3 0x8000fdc2 (0x03ec8563)
core   0: 0x8000fdc6 (0x0091e763) bltu    gp, s1, pc + 14
core   0: 3 0x8000fdc6 (0x0091e763)
core   0: 0x8000fdca (0x0000717d) c.addi16sp sp, -16
core   0: 3 0x8000fdca (0x717d) x 2 0xfffffff0
core   0: 0x8000fdcc (0x05c1e263) bltu    gp, t3, pc + 68
core   0: 3 0x8000fdcc (0x05c1e263)
core   0: 0x8000fe10 (0x0314c333) div     t1, s1, a7
core   0: 3 0x8000fe10 (0x0314c333) x 6 0x00000000
core   0: 0x8000fe14 (0x40fe5f13) srai    t5, t3, 15
core   0: 3 0x8000fe14 (0x40fe5f13) x30 0xffffffff
core   0: 0x8000fe18 (0x116dc463) blt     s11, s6, pc + 264
core   0: 3 0x8000fe18 (0x116dc463)
core   0: 0x8000ff20 (0x016e2033) slt     zero, t3, s6
core   0: 3 0x8000ff20 (0x016e2033)
core   0: 0x8000ff24 (0x40cc84b3) sub     s1, s9, a2
core   0: 3 0x8000ff24 (0x40cc84b3) x 9 0xffffff71
core   0: 0x8000ff28 (0x03557b63) bgeu    a0, s5, pc + 54
core   0: 3 0x8000ff28 (0x03557b63)
core   0: 0x8000ff2c (0x00008e49) c.or    a2, a0
core   0: 3 0x8000ff2c (0x8e49) x12 0x0000008f
core   0: 0x8000ff2e (0x00008c95) c.sub   s1, a3
core   0: 3 0x8000ff2e (0x8c95) x 9 0x7ffd424d
core   0: 0x8000ff30 (0x02c28c33) mul     s8, t0, a2
core   0: 3 0x8000ff30 (0x02c28c33) x24 0x00000000
core   0: 0x8000ff34 (0x00004d69) c.li    s10, 26
core   0: 3 0x8000ff34 (0x4d69) x26 0x0000001a
core   0: 0x8000ff36 (0x0000100f) fence.i
core   0: 3 0x8000ff36 (0x0000100f)
core   0: 0x8000ff3a (0x01039cb3) sll     s9, t2, a6
core   0: 3 0x8000ff3a (0x01039cb3) x25 0x00000000
core   0: 0x8000ff3e (0x03a4b733) mulhu   a4, s1, s10
core   0: 3 0x8000ff3e (0x03a4b733) x14 0x0000000c
core   0: 0x8000ff42 (0xaac5a913) slti    s2, a1, -1364
core   0: 3 0x8000ff42 (0xaac5a913) x18 0x00000000
core   0: 0x8000ff46 (0xee336e93) ori     t4, t1, -285
core   0: 3 0x8000ff46 (0xee336e93) x29 0xfffffee3
core   0: 0x8000ff4a (0x01090d33) add     s10, s2, a6
core   0: 3 0x8000ff4a (0x01090d33) x26 0x80027e58
core   0: 0x8000ff4e (0x02269463) bne     a3, sp, pc + 40
core   0: 3 0x8000ff4e (0x02269463)
core   0: 0x8000ff76 (0x01092ab3) slt     s5, s2, a6
core   0: 3 0x8000ff76 (0x01092ab3) x21 0x00000000
core   0: 0x8000ff7a (0x00ef4193) xori    gp, t5, 14
core   0: 3 0x8000ff7a (0x00ef4193) x 3 0xfffffff1
core   0: 0x8000ff7e (0x38e77793) andi    a5, a4, 910
core   0: 3 0x8000ff7e (0x38e77793) x15 0x0000000c
core   0: 0x8000ff82 (0x000002ea) c.slli  t0, 26
core   0: 3 0x8000ff82 (0x02ea) x 5 0x00000000
core   0: 0x8000ff84 (0x0000100f) fence.i
core   0: 3 0x8000ff84 (0x0000100f)
core   0: 0x8000ff88 (0x03b79433) mulh    s0, a5, s11
core   0: 3 0x8000ff88 (0x03b79433) x 8 0x00000000
core   0: 0x8000ff8c (0x00b5c2b3) xor     t0, a1, a1
core   0: 3 0x8000ff8c (0x00b5c2b3) x 5 0x00000000
core   0: 0x8000ff90 (0x0000e419) c.bnez  s0, pc + 14
core   0: 3 0x8000ff90 (0xe419)
core   0: 0x8000ff92 (0x00006a55) c.lui   s4, 0x15
core   0: 3 0x8000ff92 (0x6a55) x20 0x00015000
core   0: 0x8000ff94 (0x02640433) mul     s0, s0, t1
core   0: 3 0x8000ff94 (0x02640433) x 8 0x00000000
core   0: 0x8000ff98 (0x00008da5) c.xor   a1, s1
core   0: 3 0x8000ff98 (0x8da5) x11 0x7ffd425c
core   0: 0x8000ff9a (0xf2ffcf93) xori    t6, t6, -209
core   0: 3 0x8000ff9a (0xf2ffcf93) x31 0xff0000d4
core   0: 0x8000ff9e (0xf300c793) xori    a5, ra, -208
core   0: 3 0x8000ff9e (0xf300c793) x15 0x000000cf
core   0: 0x8000ffa2 (0x028c8ab3) mul     s5, s9, s0
core   0: 3 0x8000ffa2 (0x028c8ab3) x21 0x00000000
core   0: 0x8000ffa6 (0x03764733) div     a4, a2, s7
core   0: 3 0x8000ffa6 (0x03764733) x14 0x00000000
core   0: 0x8000ffaa (0x01661c33) sll     s8, a2, s6
core   0: 3 0x8000ffaa (0x01661c33) x24 0x00000478
core   0: 0x8000ffae (0x01d30663) beq     t1, t4, pc + 12
core   0: 3 0x8000ffae (0x01d30663)
core   0: 0x8000ffb2 (0x0000100f) fence.i
core   0: 3 0x8000ffb2 (0x0000100f)
core   0: 0x8000ffb6 (0x41c0d033) sra     zero, ra, t3
core   0: 3 0x8000ffb6 (0x41c0d033)
core   0: 0x8000ffba (0x00008db9) c.xor   a1, a4
core   0: 3 0x8000ffba (0x8db9) x11 0x7ffd425c
core   0: 0x8000ffbc (0x0ff0000f) fence   iorw,iorw
core   0: 3 0x8000ffbc (0x0ff0000f)
core   0: 0x8000ffc0 (0x0000547d) c.li    s0, -1
core   0: 3 0x8000ffc0 (0x547d) x 8 0xffffffff
core   0: 0x8000ffc2 (0x00006131) c.addi16sp sp, 320
core   0: 3 0x8000ffc2 (0x6131) x 2 0x00000130
core   0: 0x8000ffc4 (0x000081f9) c.srli  a1, 30
core   0: 3 0x8000ffc4 (0x81f9) x11 0x00000001
core   0: 0x8000ffc6 (0x02ed7233) remu    tp, s10, a4
core   0: 3 0x8000ffc6 (0x02ed7233) x 4 0x80027e58
core   0: 0x8000ffca (0x00009c5e) c.add   s8, s7
core   0: 3 0x8000ffca (0x9c5e) x24 0xfffd8878
core   0: 0x8000ffcc (0x03e7cc63) blt     a5, t5, pc + 56
core   0: 3 0x8000ffcc (0x03e7cc63)
core   0: 0x8000ffd0 (0x00004f15) c.li    t5, 5
core   0: 3 0x8000ffd0 (0x4f15) x30 0x00000005
core   0: 0x8000ffd2 (0x00006d6d) c.lui   s10, 0x1b
core   0: 3 0x8000ffd2 (0x6d6d) x26 0x0001b000
core   0: 0x8000ffd4 (0x00000001) c.nop
core   0: 3 0x8000ffd4 (0x0001)
core   0: 0x8000ffd6 (0x0032e463) bltu    t0, gp, pc + 8
core   0: 3 0x8000ffd6 (0x0032e463)
core   0: 0x8000ffde (0x4dde6993) ori     s3, t3, 1245
core   0: 3 0x8000ffde (0x4dde6993) x19 0xffffffdd
core   0: 0x8000ffe2 (0x02fe4163) blt     t3, a5, pc + 34
core   0: 3 0x8000ffe2 (0x02fe4163)
core   0: 0x80010004 (0x00008c6d) c.and   s0, a1
core   0: 3 0x80010004 (0x8c6d) x 8 0x00000001
core   0: 0x80010006 (0x027c3d33) mulhu   s10, s8, t2
core   0: 3 0x80010006 (0x027c3d33) x26 0x00000000
core   0: 0x8001000a (0x0000ef8d) c.bnez  a5, pc + 58
core   0: 3 0x8001000a (0xef8d)
core   0: 0x80010044 (0x00008b95) c.andi  a5, 5
core   0: 3 0x80010044 (0x8b95) x15 0x00000005
core   0: 0x80010046 (0x006ed2b3) srl     t0, t4, t1
core   0: 3 0x80010046 (0x006ed2b3) x 5 0xfffffee3
core   0: 0x8001004a (0x0000035a) c.slli  t1, 22
core   0: 3 0x8001004a (0x035a) x 6 0x00000000
core   0: 0x8001004c (0x00008cbd) c.xor   s1, a5
core   0: 3 0x8001004c (0x8cbd) x 9 0x7ffd4248
core   0: 0x8001004e (0x03664ab3) div     s5, a2, s6
core   0: 3 0x8001004e (0x03664ab3) x21 0x00000000
core   0: 0x80010052 (0x04067363) bgeu    a2, zero, pc + 70
core   0: 3 0x80010052 (0x04067363)
core   0: 0x80010098 (0x01744463) blt     s0, s7, pc + 8
core   0: 3 0x80010098 (0x01744463)
core   0: 0x8001009c (0x39fc7a93) andi    s5, s8, 927
core   0: 3 0x8001009c (0x39fc7a93) x21 0x00000018
core   0: 0x800100a0 (0x0246a433) mulhsu  s0, a3, tp
core   0: 3 0x800100a0 (0x0246a433) x 8 0xc0001f6c
core   0: 0x800100a4 (0x4040d8b3) sra     a7, ra, tp
core   0: 3 0x800100a4 (0x4040d8b3) x17 0xffffffff
core   0: 0x800100a8 (0x82677513) andi    a0, a4, -2010
core   0: 3 0x800100a8 (0x82677513) x10 0x00000000
core   0: 0x800100ac (0x03a58db3) mul     s11, a1, s10
core   0: 3 0x800100ac (0x03a58db3) x27 0x00000000
core   0: 0x800100b0 (0x02744fb3) div     t6, s0, t2
core   0: 3 0x800100b0 (0x02744fb3) x31 0xffffffff
core   0: 0x800100b4 (0x03b6e363) bltu    a3, s11, pc + 38
core   0: 3 0x800100b4 (0x03b6e363)
core   0: 0x800100b8 (0x000004d6) c.slli  s1, 21
core   0: 3 0x800100b8 (0x04d6) x 9 0x49000000
core   0: 0x800100ba (0x00008e29) c.xor   a2, a0
core   0: 3 0x800100ba (0x8e29) x12 0x0000008f
core   0: 0x800100bc (0x00f21913) slli    s2, tp, 15
core   0: 3 0x800100bc (0x00f21913) x18 0x3f2c0000
core   0: 0x800100c0 (0x02b524b3) mulhsu  s1, a0, a1
core   0: 3 0x800100c0 (0x02b524b3) x 9 0x00000000
core   0: 0x800100c4 (0x03cfec33) rem     s8, t6, t3
core   0: 3 0x800100c4 (0x03cfec33) x24 0xffffffff
core   0: 0x800100c8 (0x556f2313) slti    t1, t5, 1366
core   0: 3 0x800100c8 (0x556f2313) x 6 0x00000001
core   0: 0x800100cc (0x00008c9a) c.mv    s9, t1
core   0: 3 0x800100cc (0x8c9a) x25 0x00000001
core   0: 0x800100ce (0x00000431) c.addi  s0, 12
core   0: 3 0x800100ce (0x0431) x 8 0xc0001f78
core   0: 0x800100d0 (0x4173dd93) srai    s11, t2, 23
core   0: 3 0x800100d0 (0x4173dd93) x27 0x00000000
core   0: 0x800100d4 (0x03b92633) mulhsu  a2, s2, s11
core   0: 3 0x800100d4 (0x03b92633) x12 0x00000000
core   0: 0x800100d8 (0x0000717d) c.addi16sp sp, -16
core   0: 3 0x800100d8 (0x717d) x 2 0x00000120
core   0: 0x800100da (0x0207d363) bgez    a5, pc + 38
core   0: 3 0x800100da (0x0207d363)
core   0: 0x80010100 (0x0000c18d) c.beqz  a1, pc + 34
core   0: 3 0x80010100 (0xc18d)
core   0: 0x80010102 (0x00009bfd) c.andi  a5, -1
core   0: 3 0x80010102 (0x9bfd) x15 0x00000005
core   0: 0x80010104 (0x4f96e213) ori     tp, a3, 1273
core   0: 3 0x80010104 (0x4f96e213) x 4 0x8002bdfd
core   0: 0x80010108 (0x000080e9) c.srli  s1, 26
core   0: 3 0x80010108 (0x80e9) x 9 0x00000000
core   0: 0x8001010a (0x0336e263) bltu    a3, s3, pc + 36
core   0: 3 0x8001010a (0x0336e263)
core   0: 0x8001012e (0x0000100f) fence.i
core   0: 3 0x8001012e (0x0000100f)
core   0: 0x80010132 (0x00008109) c.srli  a0, 2
core   0: 3 0x80010132 (0x8109) x10 0x00000000
core   0: 0x80010134 (0x01669663) bne     a3, s6, pc + 12
core   0: 3 0x80010134 (0x01669663)
core   0: 0x80010140 (0x01604f33) xor     t5, zero, s6
core   0: 3 0x80010140 (0x01604f33) x30 0x04001183
core   0: 0x80010144 (0x40c75593) srai    a1, a4, 12
core   0: 3 0x80010144 (0x40c75593) x11 0x00000000
core   0: 0x80010148 (0xe7423413) sltiu   s0, tp, -396
core   0: 3 0x80010148 (0xe7423413) x 8 0x00000001
core   0: 0x8001014c (0x01b54133) xor     sp, a0, s11
core   0: 3 0x8001014c (0x01b54133) x 2 0x00000000
core   0: 0x80010150 (0x0000147d) c.addi  s0, -1
core   0: 3 0x80010150 (0x147d) x 8 0x00000000
core   0: 0x80010152 (0x02a227b3) mulhsu  a5, tp, a0
core   0: 3 0x80010152 (0x02a227b3) x15 0x00000000
core   0: 0x80010156 (0x00e15233) srl     tp, sp, a4
core   0: 3 0x80010156 (0x00e15233) x 4 0x00000000
core   0: 0x8001015a (0x00004ced) c.li    s9, 27
core   0: 3 0x8001015a (0x4ced) x25 0x0000001b
core   0: 0x8001015c (0x01004ab3) xor     s5, zero, a6
core   0: 3 0x8001015c (0x01004ab3) x21 0x80027e58
core   0: 0x80010160 (0xa952e713) ori     a4, t0, -1387
core   0: 3 0x80010160 (0xa952e713) x14 0xfffffef7
core   0: 0x80010164 (0xd683e313) ori     t1, t2, -664
core   0: 3 0x80010164 (0xd683e313) x 6 0xfffffd68
core   0: 0x80010168 (0x0000c099) c.beqz  s1, pc + 6
core   0: 3 0x80010168 (0xc099)
core   0: 0x8001016e (0x00008d3d) c.xor   a0, a5
core   0: 3 0x8001016e (0x8d3d) x10 0x00000000
core   0: 0x80010170 (0x417d0b33) sub     s6, s10, s7
core   0: 3 0x80010170 (0x417d0b33) x22 0x00027c00
core   0: 0x80010174 (0x032e5233) divu    tp, t3, s2
core   0: 3 0x80010174 (0x032e5233) x 4 0x00000004
core   0: 0x80010178 (0x2b5ff993) andi    s3, t6, 693
core   0: 3 0x80010178 (0x2b5ff993) x19 0x000002b5
core   0: 0x8001017c (0x0000ee0d) c.bnez  a2, pc + 58
core   0: 3 0x8001017c (0xee0d)
core   0: 0x8001017e (0x00008405) c.srai  s0, 1
core   0: 3 0x8001017e (0x8405) x 8 0x00000000
core   0: 0x80010180 (0x01df4fb3) xor     t6, t5, t4
core   0: 3 0x80010180 (0x01df4fb3) x31 0xfbffef60
core   0: 0x80010184 (0x03e2d1b3) divu    gp, t0, t5
core   0: 3 0x80010184 (0x03e2d1b3) x 3 0x0000003f
core   0: 0x80010188 (0x010a1c93) slli    s9, s4, 16
core   0: 3 0x80010188 (0x010a1c93) x25 0x50000000
core   0: 0x8001018c (0x0161bcb3) sltu    s9, gp, s6
core   0: 3 0x8001018c (0x0161bcb3) x25 0x00000001
core   0: 0x80010190 (0x82cb7493) andi    s1, s6, -2004
core   0: 3 0x80010190 (0x82cb7493) x 9 0x00027800
core   0: 0x80010194 (0x006d8463) beq     s11, t1, pc + 8
core   0: 3 0x80010194 (0x006d8463)
core   0: 0x80010198 (0x00008fd5) c.or    a5, a3
core   0: 3 0x80010198 (0x8fd5) x15 0x8002bd24
core   0: 0x8001019a (0x00005c7d) c.li    s8, -1
core   0: 3 0x8001019a (0x5c7d) x24 0xffffffff
core   0: 0x8001019c (0x0000100f) fence.i
core   0: 3 0x8001019c (0x0000100f)
core   0: 0x800101a0 (0x00009556) c.add   a0, s5
core   0: 3 0x800101a0 (0x9556) x10 0x80027e58
core   0: 0x800101a2 (0x0000e41d) c.bnez  s0, pc + 46
core   0: 3 0x800101a2 (0xe41d)
core   0: 0x800101a4 (0x03e925b3) mulhsu  a1, s2, t5
core   0: 3 0x800101a4 (0x03e925b3) x11 0x00fcb452
core   0: 0x800101a8 (0x41f0d113) srai    sp, ra, 31
core   0: 3 0x800101a8 (0x41f0d113) x 2 0xffffffff
core   0: 0x800101ac (0x000087dd) c.srai  a5, 23
core   0: 3 0x800101ac (0x87dd) x15 0xffffff00
core   0: 0x800101ae (0x00008705) c.srai  a4, 1
core   0: 3 0x800101ae (0x8705) x14 0xffffff7b
core   0: 0x800101b0 (0x1c53e113) ori     sp, t2, 453
core   0: 3 0x800101b0 (0x1c53e113) x 2 0x000001c5
core   0: 0x800101b4 (0x00008e45) c.or    a2, s1
core   0: 3 0x800101b4 (0x8e45) x12 0x00027800
core   0: 0x800101b6 (0x012d8cb3) add     s9, s11, s2
core   0: 3 0x800101b6 (0x012d8cb3) x25 0x3f2c0000
core   0: 0x800101ba (0x00ec2033) slt     zero, s8, a4
core   0: 3 0x800101ba (0x00ec2033)
core   0: 0x800101be (0x032114b3) mulh    s1, sp, s2
core   0: 3 0x800101be (0x032114b3) x 9 0x0000006f
core   0: 0x800101c2 (0x00296263) bltu    s2, sp, pc + 4
core   0: 3 0x800101c2 (0x00296263)
core   0: 0x800101c6 (0x41915613) srai    a2, sp, 25
core   0: 3 0x800101c6 (0x41915613) x12 0x00000000
core   0: 0x800101ca (0x08ea4f63) blt     s4, a4, pc + 158
core   0: 3 0x800101ca (0x08ea4f63)
core   0: 0x800101ce (0x00008e09) c.sub   a2, a0
core   0: 3 0x800101ce (0x8e09) x12 0x7ffd81a8
core   0: 0x800101d0 (0x0127ddb3) srl     s11, a5, s2
core   0: 3 0x800101d0 (0x0127ddb3) x27 0xffffff00
core   0: 0x800101d4 (0x00006ef9) c.lui   t4, 0x1e
core   0: 3 0x800101d4 (0x6ef9) x29 0x0001e000
core   0: 0x800101d6 (0x0000100f) fence.i
core   0: 3 0x800101d6 (0x0000100f)
core   0: 0x800101da (0x0000c0cd) c.beqz  s1, pc + 162
core   0: 3 0x800101da (0xc0cd)
core   0: 0x800101dc (0x00003997) auipc   s3, 0x3
core   0: 3 0x800101dc (0x00003997) x19 0x800131dc
core   0: 0x800101e0 (0xaf998993) addi    s3, s3, -1287
core   0: 3 0x800101e0 (0xaf998993) x19 0x80012cd5
core   0: 0x800101e4 (0x00002b97) auipc   s7, 0x2
core   0: 3 0x800101e4 (0x00002b97) x23 0x800121e4
core   0: 0x800101e8 (0x3dcb8b93) addi    s7, s7, 988
core   0: 3 0x800101e8 (0x3dcb8b93) x23 0x800125c0
core   0: 0x800101ec (0x01bb9623) sh      s11, 12(s7)
core   0: 3 0x800101ec (0x01bb9623) mem 0x800125cc 0xff00
core   0: 0x800101f0 (0x00002597) auipc   a1, 0x2
core   0: 3 0x800101f0 (0x00002597) x11 0x800121f0
core   0: 0x800101f4 (0xef258593) addi    a1, a1, -270
core   0: 3 0x800101f4 (0xef258593) x11 0x800120e2
core   0: 0x800101f8 (0xff7bcf03) lbu     t5, -9(s7)
core   0: 3 0x800101f8 (0xff7bcf03) x30 0x0000004a mem 0x800125b7
core   0: 0x800101fc (0xfe0ba823) sw      zero, -16(s7)
core   0: 3 0x800101fc (0xfe0ba823) mem 0x800125b0 0x00000000
core   0: 0x80010200 (0x69e5ce83) lbu     t4, 1694(a1)
core   0: 3 0x80010200 (0x69e5ce83) x29 0x000000c9 mem 0x80012780
core   0: 0x80010204 (0x0b299aa3) sh      s2, 181(s3)
core   0: 3 0x80010204 (0x0b299aa3) mem 0x80012d8a 0x0000
core   0: 0x80010208 (0xff1bcc03) lbu     s8, -15(s7)
core   0: 3 0x80010208 (0xff1bcc03) x24 0x00000000 mem 0x800125b1
core   0: 0x8001020c (0xff8bd003) lhu     zero, -8(s7)
core   0: 3 0x8001020c (0xff8bd003) mem 0x800125b8
core   0: 0x80010210 (0xffbb8e83) lb      t4, -5(s7)
core   0: 3 0x80010210 (0xffbb8e83) x29 0xffffff9f mem 0x800125bb
core   0: 0x80010214 (0x0969cc83) lbu     s9, 150(s3)
core   0: 3 0x80010214 (0x0969cc83) x25 0x00000041 mem 0x80012d6b
core   0: 0x80010218 (0x63859c23) sh      s8, 1592(a1)
core   0: 3 0x80010218 (0x63859c23) mem 0x8001271a 0x0000
core   0: 0x8001021c (0xfb598223) sb      s5, -92(s3)
core   0: 3 0x8001021c (0xfb598223) mem 0x80012c79 0x58
core   0: 0x80010220 (0x00cbd183) lhu     gp, 12(s7)
core   0: 3 0x80010220 (0x00cbd183) x 3 0x0000ff00 mem 0x800125cc
core   0: 0x80010224 (0xfc69afa3) sw      t1, -33(s3)
core   0: 3 0x80010224 (0xfc69afa3) mem 0x80012cb4 0xfffffd68
core   0: 0x80010228 (0x2fc5af23) sw      t3, 766(a1)
core   0: 3 0x80010228 (0x2fc5af23) mem 0x800123e0 0xfffffb08
core   0: 0x8001022c (0x07a9a3a3) sw      s10, 103(s3)
core   0: 3 0x8001022c (0x07a9a3a3) mem 0x80012d3c 0x00000000
core   0: 0x80010230 (0x00fbcb03) lbu     s6, 15(s7)
core   0: 3 0x80010230 (0x00fbcb03) x22 0x0000002d mem 0x800125cf
core   0: 0x80010234 (0xf9f98423) sb      t6, -120(s3)
core   0: 3 0x80010234 (0xf9f98423) mem 0x80012c5d 0x60
core   0: 0x80010238 (0xfb55c903) lbu     s2, -75(a1)
core   0: 3 0x80010238 (0xfb55c903) x18 0x00000082 mem 0x80012097
core   0: 0x8001023c (0xff3b8883) lb      a7, -13(s7)
core   0: 3 0x8001023c (0xff3b8883) x17 0x00000000 mem 0x800125b3
core   0: 0x80010240 (0xfb498d23) sb      s4, -70(s3)
core   0: 3 0x80010240 (0xfb498d23) mem 0x80012c8f 0x0
core   0: 0x80010244 (0x3aa59b23) sh      a0, 950(a1)
core   0: 3 0x80010244 (0x3aa59b23) mem 0x80012498 0x7e58
core   0: 0x80010248 (0x02ecca63) blt     s9, a4, pc + 52
core   0: 3 0x80010248 (0x02ecca63)
core   0: 0x8001024c (0x0000951a) c.add   a0, t1
core   0: 3 0x8001024c (0x951a) x10 0x80027bc0
core   0: 0x8001024e (0x02c3bab3) mulhu   s5, t2, a2
core   0: 3 0x8001024e (0x02c3bab3) x21 0x00000000
core   0: 0x80010252 (0x00000c96) c.slli  s9, 5
core   0: 3 0x80010252 (0x0c96) x25 0x00000820
core   0: 0x80010254 (0x00008dc1) c.or    a1, s0
core   0: 3 0x80010254 (0x8dc1) x11 0x800120e2
core   0: 0x80010256 (0x04340063) beq     s0, gp, pc + 64
core   0: 3 0x80010256 (0x04340063)
core   0: 0x8001025a (0x0000100f) fence.i
core   0: 3 0x8001025a (0x0000100f)
core   0: 0x8001025e (0x932ccf13) xori    t5, s9, -1742
core   0: 3 0x8001025e (0x932ccf13) x30 0xfffff112
core   0: 0x80010262 (0x41c15733) sra     a4, sp, t3
core   0: 3 0x80010262 (0x41c15733) x14 0x00000001
core   0: 0x80010266 (0x00008c71) c.and   s0, a2
core   0: 3 0x80010266 (0x8c71) x 8 0x00000000
core   0: 0x80010268 (0x03ea5963) bge     s4, t5, pc + 50
core   0: 3 0x80010268 (0x03ea5963)
core   0: 0x8001029a (0x00006f31) c.lui   t5, 0xc
core   0: 3 0x8001029a (0x6f31) x30 0x0000c000
core   0: 0x8001029c (0x00006135) c.addi16sp sp, 352
core   0: 3 0x8001029c (0x6135) x 2 0x00000325
core   0: 0x8001029e (0x0000100f) fence.i
core   0: 3 0x8001029e (0x0000100f)
core   0: 0x800102a2 (0x000080a9) c.srli  s1, 10
core   0: 3 0x800102a2 (0x80a9) x 9 0x00000000
core   0: 0x800102a4 (0x03e7a1b3) mulhsu  gp, a5, t5
core   0: 3 0x800102a4 (0x03e7a1b3) x 3 0xffffffff
core   0: 0x800102a8 (0x00006119) c.addi16sp sp, 384
core   0: 3 0x800102a8 (0x6119) x 2 0x000004a5
core   0: 0x800102aa (0x0ff0000f) fence   iorw,iorw
core   0: 3 0x800102aa (0x0ff0000f)
core   0: 0x800102ae (0x000089ea) c.mv    s3, s10
core   0: 3 0x800102ae (0x89ea) x19 0x00000000
core   0: 0x800102b0 (0x024a7163) bgeu    s4, tp, pc + 34
core   0: 3 0x800102b0 (0x024a7163)
core   0: 0x800102d2 (0x051b2913) slti    s2, s6, 81
core   0: 3 0x800102d2 (0x051b2913) x18 0x00000001
core   0: 0x800102d6 (0x0344ea33) rem     s4, s1, s4
core   0: 3 0x800102d6 (0x0344ea33) x20 0x00000000
core   0: 0x800102da (0x00006795) c.lui   a5, 0x5
core   0: 3 0x800102da (0x6795) x15 0x00005000
core   0: 0x800102dc (0x008f5763) bge     t5, s0, pc + 14
core   0: 3 0x800102dc (0x008f5763)
core   0: 0x800102ea (0x00009f4a) c.add   t5, s2
core   0: 3 0x800102ea (0x9f4a) x30 0x0000c001
core   0: 0x800102ec (0x02213a33) mulhu   s4, sp, sp
core   0: 3 0x800102ec (0x02213a33) x20 0x00000000
core   0: 0x800102f0 (0x00000b7e) c.slli  s6, 31
core   0: 3 0x800102f0 (0x0b7e) x22 0x80000000
core   0: 0x800102f2 (0x001fab33) slt     s6, t6, ra
core   0: 3 0x800102f2 (0x001fab33) x22 0x00000001
core   0: 0x800102f6 (0x02ee6d63) bltu    t3, a4, pc + 58
core   0: 3 0x800102f6 (0x02ee6d63)
core   0: 0x800102fa (0x00b60c33) add     s8, a2, a1
core   0: 3 0x800102fa (0x00b60c33) x24 0xfffea28a
core   0: 0x800102fe (0x0000cc0d) c.beqz  s0, pc + 58
core   0: 3 0x800102fe (0xcc0d)
core   0: 0x80010338 (0x020bfcb3) remu    s9, s7, zero
core   0: 3 0x80010338 (0x020bfcb3) x25 0x800125c0
core   0: 0x8001033c (0x0000100f) fence.i
core   0: 3 0x8001033c (0x0000100f)
core   0: 0x80010340 (0x408a0b33) sub     s6, s4, s0
core   0: 3 0x80010340 (0x408a0b33) x22 0x00000000
core   0: 0x80010344 (0x0125d113) srli    sp, a1, 18
core   0: 3 0x80010344 (0x0125d113) x 2 0x00002000
core   0: 0x80010348 (0x40d70133) sub     sp, a4, a3
core   0: 3 0x80010348 (0x40d70133) x 2 0x7ffd42dd
core   0: 0x8001034c (0xadabed37) lui     s10, 0xadabe
core   0: 3 0x8001034c (0xadabed37) x26 0xadabe000
core   0: 0x80010350 (0x00008ddd) c.or    a1, a5
core   0: 3 0x80010350 (0x8ddd) x11 0x800170e2
core   0: 0x80010352 (0x02251e33) mulh    t3, a0, sp
core   0: 3 0x80010352 (0x02251e33) x28 0xc0029c6a
core   0: 0x80010356 (0x6cf70493) addi    s1, a4, 1743
core   0: 3 0x80010356 (0x6cf70493) x 9 0x000006d0
core   0: 0x8001035a (0x03218563) beq     gp, s2, pc + 42
core   0: 3 0x8001035a (0x03218563)
core   0: 0x8001035e (0x00000001) c.nop
core   0: 3 0x8001035e (0x0001)
core   0: 0x80010360 (0x0000100f) fence.i
core   0: 3 0x80010360 (0x0000100f)
core   0: 0x80010364 (0x00009d7a) c.add   s10, t5
core   0: 3 0x80010364 (0x9d7a) x26 0xadaca001
core   0: 0x80010366 (0x00004435) c.li    s0, 13
core   0: 3 0x80010366 (0x4435) x 8 0x0000000d
core   0: 0x80010368 (0x0037eab3) or      s5, a5, gp
core   0: 3 0x80010368 (0x0037eab3) x21 0xffffffff
core   0: 0x8001036c (0x02ca0f63) beq     s4, a2, pc + 62
core   0: 3 0x8001036c (0x02ca0f63)
core   0: 0x80010370 (0x00008cc9) c.or    s1, a0
core   0: 3 0x80010370 (0x8cc9) x 9 0x80027fd0
core   0: 0x80010372 (0x00289513) slli    a0, a7, 2
core   0: 3 0x80010372 (0x00289513) x10 0x00000000
core   0: 0x80010376 (0x0000e209) c.bnez  a2, pc + 2
core   0: 3 0x80010376 (0xe209)
core   0: 0x80010378 (0x02446033) rem     zero, s0, tp
core   0: 3 0x80010378 (0x02446033)
core   0: 0x8001037c (0x00c22e33) slt     t3, tp, a2
core   0: 3 0x8001037c (0x00c22e33) x28 0x00000001
core   0: 0x80010380 (0x7e99ac93) slti    s9, s3, 2025
core   0: 3 0x80010380 (0x7e99ac93) x25 0x00000001
core   0: 0x80010384 (0x001a41b3) xor     gp, s4, ra
core   0: 3 0x80010384 (0x001a41b3) x 3 0xffffffff
core   0: 0x80010388 (0x00008ce6) c.mv    s9, s9
core   0: 3 0x80010388 (0x8ce6) x25 0x00000001
core   0: 0x8001038a (0x02084233) div     tp, a6, zero
core   0: 3 0x8001038a (0x02084233) x 4 0xffffffff
core   0: 0x8001038e (0x011e4eb3) xor     t4, t3, a7
core   0: 3 0x8001038e (0x011e4eb3) x29 0x00000001
core   0: 0x80010392 (0x4a04fd93) andi    s11, s1, 1184
core   0: 3 0x80010392 (0x4a04fd93) x27 0x00000480
core   0: 0x80010396 (0x0000c215) c.beqz  a2, pc + 36
core   0: 3 0x80010396 (0xc215)
core   0: 0x80010398 (0x000098fd) c.andi  s1, -1
core   0: 3 0x80010398 (0x98fd) x 9 0x80027fd0
core   0: 0x8001039a (0x000080c9) c.srli  s1, 18
core   0: 3 0x8001039a (0x80c9) x 9 0x00002000
core   0: 0x8001039c (0x00008a79) c.andi  a2, 30
core   0: 3 0x8001039c (0x8a79) x12 0x00000008
core   0: 0x8001039e (0x0441e063) bltu    gp, tp, pc + 64
core   0: 3 0x8001039e (0x0441e063)
core   0: 0x800103a2 (0x034098b3) mulh    a7, ra, s4
core   0: 3 0x800103a2 (0x034098b3) x17 0x00000000
core   0: 0x800103a6 (0x0000100f) fence.i
core   0: 3 0x800103a6 (0x0000100f)
core   0: 0x800103aa (0x033be4b3) rem     s1, s7, s3
core   0: 3 0x800103aa (0x033be4b3) x 9 0x800125c0
core   0: 0x800103ae (0x0064eab3) or      s5, s1, t1
core   0: 3 0x800103ae (0x0064eab3) x21 0xfffffde8
core   0: 0x800103b2 (0x0ff0000f) fence   iorw,iorw
core   0: 3 0x800103b2 (0x0ff0000f)
core   0: 0x800103b6 (0x0310d963) bge     ra, a7, pc + 50
core   0: 3 0x800103b6 (0x0310d963)
core   0: 0x800103ba (0x032051b3) divu    gp, zero, s2
core   0: 3 0x800103ba (0x032051b3) x 3 0x00000000
core   0: 0x800103be (0xf0102197) auipc   gp, 0xf0102
core   0: 3 0x800103be (0xf0102197) x 3 0x701123be
core   0: 0x800103c2 (0x8b297f93) andi    t6, s2, -1870
core   0: 3 0x800103c2 (0x8b297f93) x31 0x00000000
core   0: 0x800103c6 (0x00008e21) c.xor   a2, s0
core   0: 3 0x800103c6 (0x8e21) x12 0x00000005
core   0: 0x800103c8 (0x0308aeb3) mulhsu  t4, a7, a6
core   0: 3 0x800103c8 (0x0308aeb3) x29 0x00000000
core   0: 0x800103cc (0x416505b3) sub     a1, a0, s6
core   0: 3 0x800103cc (0x416505b3) x11 0x00000000
core   0: 0x800103d0 (0x4035de33) sra     t3, a1, gp
core   0: 3 0x800103d0 (0x4035de33) x28 0x00000000
core   0: 0x800103d4 (0x029fdb63) bge     t6, s1, pc + 54
core   0: 3 0x800103d4 (0x029fdb63)
core   0: 0x8001040a (0x022be763) bltu    s7, sp, pc + 46
core   0: 3 0x8001040a (0x022be763)
core   0: 0x8001040e (0x0000c781) c.beqz  a5, pc + 8
core   0: 3 0x8001040e (0xc781)
core   0: 0x80010410 (0x0000100f) fence.i
core   0: 3 0x80010410 (0x0000100f)
core   0: 0x80010414 (0x00009a7d) c.andi  a2, -1
core   0: 3 0x80010414 (0x9a7d) x12 0x00000005
core   0: 0x80010416 (0x00008e41) c.or    a2, s0
core   0: 3 0x80010416 (0x8e41) x12 0x0000000d
core   0: 0x80010418 (0x412b8133) sub     sp, s7, s2
core   0: 3 0x80010418 (0x412b8133) x 2 0x800125bf
core   0: 0x8001041c (0x0ff0000f) fence   iorw,iorw
core   0: 3 0x8001041c (0x0ff0000f)
core   0: 0x80010420 (0x00008892) c.mv    a7, tp
core   0: 3 0x80010420 (0x8892) x17 0xffffffff
core   0: 0x80010422 (0x025cc533) div     a0, s9, t0
core   0: 3 0x80010422 (0x025cc533) x10 0x00000000
core   0: 0x80010426 (0x755e7e97) auipc   t4, 0x755e7
core   0: 3 0x80010426 (0x755e7e97) x29 0xf55f7426
core   0: 0x8001042a (0x016efd33) and     s10, t4, s6
core   0: 3 0x8001042a (0x016efd33) x26 0x00000000
core   0: 0x8001042e (0x94d86c13) ori     s8, a6, -1715
core   0: 3 0x8001042e (0x94d86c13) x24 0xffffff5d
core   0: 0x80010432 (0x000099c6) c.add   s3, a7
core   0: 3 0x80010432 (0x99c6) x19 0xffffffff
core   0: 0x80010434 (0xdba3ac13) slti    s8, t2, -582
core   0: 3 0x80010434 (0xdba3ac13) x24 0x00000000
core   0: 0x80010438 (0x015e4263) blt     t3, s5, pc + 4
core   0: 3 0x80010438 (0x015e4263)
core   0: 0x8001043c (0x000088ea) c.mv    a7, s10
core   0: 3 0x8001043c (0x88ea) x17 0x00000000
core   0: 0x8001043e (0x00008f0d) c.sub   a4, a1
core   0: 3 0x8001043e (0x8f0d) x14 0x00000001
core   0: 0x80010440 (0x415c54b3) sra     s1, s8, s5
core   0: 3 0x80010440 (0x415c54b3) x 9 0x00000000
core   0: 0x80010444 (0x00005d7d) c.li    s10, -1
core   0: 3 0x80010444 (0x5d7d) x26 0xffffffff
core   0: 0x80010446 (0x00000001) c.nop
core   0: 3 0x80010446 (0x0001)
core   0: 0x80010448 (0x00008186) c.mv    gp, ra
core   0: 3 0x80010448 (0x8186) x 3 0xffffffff
core   0: 0x8001044a (0x0000198c) c.addi4spn a1, sp, 240
core   0: 3 0x8001044a (0x198c) x11 0x800126af
core   0: 0x8001044c (0x018da433) slt     s0, s11, s8
core   0: 3 0x8001044c (0x018da433) x 8 0x00000000
core   0: 0x80010450 (0x00000c22) c.slli  s8, 8
core   0: 3 0x80010450 (0x0c22) x24 0x00000000
core   0: 0x80010452 (0x0000987d) c.andi  s0, -1
core   0: 3 0x80010452 (0x987d) x 8 0x00000000
core   0: 0x80010454 (0x000017fd) c.addi  a5, -1
core   0: 3 0x80010454 (0x17fd) x15 0x00004fff
core   0: 0x80010456 (0x036c4263) blt     s8, s6, pc + 36
core   0: 3 0x80010456 (0x036c4263)
core   0: 0x8001045a (0x0143abb3) slt     s7, t2, s4
core   0: 3 0x8001045a (0x0143abb3) x23 0x00000000
core   0: 0x8001045e (0x00000962) c.slli  s2, 24
core   0: 3 0x8001045e (0x0962) x18 0x01000000
core   0: 0x80010460 (0x0278ecb3) rem     s9, a7, t2
core   0: 3 0x80010460 (0x0278ecb3) x25 0x00000000
core   0: 0x80010464 (0x0000c589) c.beqz  a1, pc + 10
core   0: 3 0x80010464 (0xc589)
core   0: 0x80010466 (0x03a45b63) bge     s0, s10, pc + 54
core   0: 3 0x80010466 (0x03a45b63)
core   0: 0x8001049c (0x04c24163) blt     tp, a2, pc + 66
core   0: 3 0x8001049c (0x04c24163)
core   0: 0x800104de (0x00518663) beq     gp, t0, pc + 12
core   0: 3 0x800104de (0x00518663)
core   0: 0x800104e2 (0x035f27b3) mulhsu  a5, t5, s5
core   0: 3 0x800104e2 (0x035f27b3) x15 0x0000c000
core   0: 0x800104e6 (0x00000900) c.addi4spn s0, sp, 144
core   0: 3 0x800104e6 (0x0900) x 8 0x8001264f
core   0: 0x800104e8 (0x00008575) c.srai  a0, 29
core   0: 3 0x800104e8 (0x8575) x10 0x00000000
core   0: 0x800104ea (0x406a5e33) sra     t3, s4, t1
core   0: 3 0x800104ea (0x406a5e33) x28 0x00000000
core   0: 0x800104ee (0x00000116) c.slli  sp, 5
core   0: 3 0x800104ee (0x0116) x 2 0x0024b7e0
core   0: 0x800104f0 (0x00006119) c.addi16sp sp, 384
core   0: 3 0x800104f0 (0x6119) x 2 0x0024b960
core   0: 0x800104f2 (0x00008309) c.srli  a4, 2
core   0: 3 0x800104f2 (0x8309) x14 0x00000000
core   0: 0x800104f4 (0x403a8cb3) sub     s9, s5, gp
core   0: 3 0x800104f4 (0x403a8cb3) x25 0xfffffde9
core   0: 0x800104f8 (0x02015f63) bgez    sp, pc + 62
core   0: 3 0x800104f8 (0x02015f63)
core   0: 0x80010536 (0x034f7db3) remu    s11, t5, s4
core   0: 3 0x80010536 (0x034f7db3) x27 0x0000c001
core   0: 0x8001053a (0x02cae0b3) rem     ra, s5, a2
core   0: 3 0x8001053a (0x02cae0b3) x 1 0xfffffffd
core   0: 0x8001053e (0x012f9f13) slli    t5, t6, 18
core   0: 3 0x8001053e (0x012f9f13) x30 0x00000000
core   0: 0x80010542 (0x01f54db3) xor     s11, a0, t6
core   0: 3 0x80010542 (0x01f54db3) x27 0x00000000
core   0: 0x80010546 (0x00008d75) c.and   a0, a3
core   0: 3 0x80010546 (0x8d75) x10 0x00000000
core   0: 0x80010548 (0x00008341) c.srli  a4, 16
core   0: 3 0x80010548 (0x8341) x14 0x00000000
core   0: 0x8001054a (0x0000137d) c.addi  t1, -1
core   0: 3 0x8001054a (0x137d) x 6 0xfffffd67
core   0: 0x8001054c (0xb4d16a13) ori     s4, sp, -1203
core   0: 3 0x8001054c (0xb4d16a13) x20 0xfffffb6d
core   0: 0x80010550 (0x0000e599) c.bnez  a1, pc + 14
core   0: 3 0x80010550 (0xe599)
core   0: 0x8001055e (0x0010bab3) sltu    s5, ra, ra
core   0: 3 0x8001055e (0x0010bab3) x21 0x00000000
core   0: 0x80010562 (0x00a81f13) slli    t5, a6, 10
core   0: 3 0x80010562 (0x00a81f13) x30 0x09f96000
core   0: 0x80010566 (0x406108b3) sub     a7, sp, t1
core   0: 3 0x80010566 (0x406108b3) x17 0x0024bbf9
core   0: 0x8001056a (0x03ef95b3) mulh    a1, t6, t5
core   0: 3 0x8001056a (0x03ef95b3) x11 0x00000000
core   0: 0x8001056e (0x000098fd) c.andi  s1, -1
core   0: 3 0x8001056e (0x98fd) x 9 0x00000000
core   0: 0x80010570 (0x0000717d) c.addi16sp sp, -16
core   0: 3 0x80010570 (0x717d) x 2 0x0024b950
core   0: 0x80010572 (0x00008455) c.srai  s0, 21
core   0: 3 0x80010572 (0x8455) x 8 0xfffffc00
core   0: 0x80010574 (0x00008f32) c.mv    t5, a2
core   0: 3 0x80010574 (0x8f32) x30 0x0000000d
core   0: 0x80010576 (0x023f27b3) mulhsu  a5, t5, gp
core   0: 3 0x80010576 (0x023f27b3) x15 0x0000000c
core   0: 0x8001057a (0x40998ab3) sub     s5, s3, s1
core   0: 3 0x8001057a (0x40998ab3) x21 0xffffffff
core   0: 0x8001057e (0x000087d1) c.srai  a5, 20
core   0: 3 0x8001057e (0x87d1) x15 0x00000000
core   0: 0x80010580 (0x01745a33) srl     s4, s0, s7
core   0: 3 0x80010580 (0x01745a33) x20 0xfffffc00
core   0: 0x80010584 (0x00000001) c.nop
core   0: 3 0x80010584 (0x0001)
core   0: 0x80010586 (0x408ed493) srai    s1, t4, 8
core   0: 3 0x80010586 (0x408ed493) x 9 0xfff55f74
core   0: 0x8001058a (0x007ec363) blt     t4, t2, pc + 6
core   0: 3 0x8001058a (0x007ec363)
core   0: 0x80010590 (0x01768363) beq     a3, s7, pc + 6
core   0: 3 0x80010590 (0x01768363)
core   0: 0x80010594 (0x00008db5) c.xor   a1, a3
core   0: 3 0x80010594 (0x8db5) x11 0x8002bd24
core   0: 0x80010596 (0x01777033) and     zero, a4, s7
core   0: 3 0x80010596 (0x01777033)
core   0: 0x8001059a (0x03db0463) beq     s6, t4, pc + 40
core   0: 3 0x8001059a (0x03db0463)
core   0: 0x8001059e (0x03409a63) bne     ra, s4, pc + 52
core   0: 3 0x8001059e (0x03409a63)
core   0: 0x800105d2 (0x126e8017) auipc   zero, 0x126e8
core   0: 3 0x800105d2 (0x126e8017)
core   0: 0x800105d6 (0x018c4bb3) xor     s7, s8, s8
core   0: 3 0x800105d6 (0x018c4bb3) x23 0x00000000
core   0: 0x800105da (0x1a7a7197) auipc   gp, 0x1a7a7
core   0: 3 0x800105da (0x1a7a7197) x 3 0x9a7b75da
core   0: 0x800105de (0x00001084) c.addi4spn s1, sp, 96
core   0: 3 0x800105de (0x1084) x 9 0x0024b9b0
core   0: 0x800105e0 (0xace40093) addi    ra, s0, -1330
core   0: 3 0x800105e0 (0xace40093) x 1 0xfffff6ce
core   0: 0x800105e4 (0x0000eb15) c.bnez  a4, pc + 52
core   0: 3 0x800105e4 (0xeb15)
core   0: 0x800105e6 (0x5428ac93) slti    s9, a7, 1346
core   0: 3 0x800105e6 (0x5428ac93) x25 0x00000000
core   0: 0x800105ea (0x00000808) c.addi4spn a0, sp, 16
core   0: 3 0x800105ea (0x0808) x10 0x0024b960
core   0: 0x800105ec (0x26af4797) auipc   a5, 0x26af4
core   0: 3 0x800105ec (0x26af4797) x15 0xa6b045ec
core   0: 0x800105f0 (0x00008895) c.andi  s1, 5
core   0: 3 0x800105f0 (0x8895) x 9 0x00000000
core   0: 0x800105f2 (0x002b1613) slli    a2, s6, 2
core   0: 3 0x800105f2 (0x002b1613) x12 0x00000000
core   0: 0x800105f6 (0x00008e86) c.mv    t4, ra
core   0: 3 0x800105f6 (0x8e86) x29 0xfffff6ce
core   0: 0x800105f8 (0x00971413) slli    s0, a4, 9
core   0: 3 0x800105f8 (0x00971413) x 8 0x00000000
core   0: 0x800105fc (0x00006141) c.addi16sp sp, 16
core   0: 3 0x800105fc (0x6141) x 2 0x0024b960
core   0: 0x800105fe (0x02ac4263) blt     s8, a0, pc + 36
core   0: 3 0x800105fe (0x02ac4263)
core   0: 0x80010622 (0x53d7ad93) slti    s11, a5, 1341
core   0: 3 0x80010622 (0x53d7ad93) x27 0x00000001
core   0: 0x80010626 (0x0349c9b3) div     s3, s3, s4
core   0: 3 0x80010626 (0x0349c9b3) x19 0x00000000
core   0: 0x8001062a (0x0000073a) c.slli  a4, 14
core   0: 3 0x8001062a (0x073a) x14 0x00000000
core   0: 0x8001062c (0x01d68b33) add     s6, a3, t4
core   0: 3 0x8001062c (0x01d68b33) x22 0x8002b3f2
core   0: 0x80010630 (0x9e220093) addi    ra, tp, -1566
core   0: 3 0x80010630 (0x9e220093) x 1 0xfffff9e1
core   0: 0x80010634 (0x01d01513) slli    a0, zero, 29
core   0: 3 0x80010634 (0x01d01513) x10 0x00000000
core   0: 0x80010638 (0x00008f7d) c.and   a4, a5
core   0: 3 0x80010638 (0x8f7d) x14 0x00000000
core   0: 0x8001063a (0x016c2e33) slt     t3, s8, s6
core   0: 3 0x8001063a (0x016c2e33) x28 0x00000000
core   0: 0x8001063e (0x01befe33) and     t3, t4, s11
core   0: 3 0x8001063e (0x01befe33) x28 0x00000000
core   0: 0x80010642 (0x000088ee) c.mv    a7, s11
core   0: 3 0x80010642 (0x88ee) x17 0x00000001
core   0: 0x80010644 (0x00008e29) c.xor   a2, a0
core   0: 3 0x80010644 (0x8e29) x12 0x00000000
core   0: 0x80010646 (0x026417b3) mulh    a5, s0, t1
core   0: 3 0x80010646 (0x026417b3) x15 0x00000000
core   0: 0x8001064a (0x005fce33) xor     t3, t6, t0
core   0: 3 0x8001064a (0x005fce33) x28 0xfffffee3
core   0: 0x8001064e (0x02cd6e33) rem     t3, s10, a2
core   0: 3 0x8001064e (0x02cd6e33) x28 0xffffffff
core   0: 0x80010652 (0x00006ba9) c.lui   s7, 0xa
core   0: 3 0x80010652 (0x6ba9) x23 0x0000a000
core   0: 0x80010654 (0x001dabb3) slt     s7, s11, ra
core   0: 3 0x80010654 (0x001dabb3) x23 0x00000000
core   0: 0x80010658 (0x0393d763) bge     t2, s9, pc + 46
core   0: 3 0x80010658 (0x0393d763)
core   0: 0x80010686 (0x01f09633) sll     a2, ra, t6
core   0: 3 0x80010686 (0x01f09633) x12 0xfffff9e1
core   0: 0x8001068a (0x013bd013) srli    zero, s7, 19
core   0: 3 0x8001068a (0x013bd013)
core   0: 0x8001068e (0x00000489) c.addi  s1, 2
core   0: 3 0x8001068e (0x0489) x 9 0x00000002
core   0: 0x80010690 (0x017e1fb3) sll     t6, t3, s7
core   0: 3 0x80010690 (0x017e1fb3) x31 0xffffffff
core   0: 0x80010694 (0x0000100f) fence.i
core   0: 3 0x80010694 (0x0000100f)
core   0: 0x80010698 (0x000084ad) c.srai  s1, 11
core   0: 3 0x80010698 (0x84ad) x 9 0x00000000
core   0: 0x8001069a (0x00009b12) c.add   s6, tp
core   0: 3 0x8001069a (0x9b12) x22 0x8002b3f1
core   0: 0x8001069c (0x45215d97) auipc   s11, 0x45215
core   0: 3 0x8001069c (0x45215d97) x27 0xc522569c
core   0: 0x800106a0 (0x01799313) slli    t1, s3, 23
core   0: 3 0x800106a0 (0x01799313) x 6 0x00000000
core   0: 0x800106a4 (0x00008f1d) c.sub   a4, a5
core   0: 3 0x800106a4 (0x8f1d) x14 0x00000000
core   0: 0x800106a6 (0x0ff0000f) fence   iorw,iorw
core   0: 3 0x800106a6 (0x0ff0000f)
core   0: 0x800106aa (0x000a5db3) srl     s11, s4, zero
core   0: 3 0x800106aa (0x000a5db3) x27 0xfffffc00
core   0: 0x800106ae (0x035662b3) rem     t0, a2, s5
core   0: 3 0x800106ae (0x035662b3) x 5 0x00000000
core   0: 0x800106b2 (0x33692293) slti    t0, s2, 822
core   0: 3 0x800106b2 (0x33692293) x 5 0x00000000
core   0: 0x800106b6 (0x03df3133) mulhu   sp, t5, t4
core   0: 3 0x800106b6 (0x03df3133) x 2 0x0000000c
core   0: 0x800106ba (0x01a8d533) srl     a0, a7, s10
core   0: 3 0x800106ba (0x01a8d533) x10 0x00000000
core   0: 0x800106be (0x00000001) c.nop
core   0: 3 0x800106be (0x0001)
core   0: 0x800106c0 (0x0004f763) bgeu    s1, zero, pc + 14
core   0: 3 0x800106c0 (0x0004f763)
core   0: 0x800106ce (0x00004e61) c.li    t3, 24
core   0: 3 0x800106ce (0x4e61) x28 0x00000018
core   0: 0x800106d0 (0x00aa17b3) sll     a5, s4, a0
core   0: 3 0x800106d0 (0x00aa17b3) x15 0xfffffc00
core   0: 0x800106d4 (0x009b0463) beq     s6, s1, pc + 8
core   0: 3 0x800106d4 (0x009b0463)
core   0: 0x800106d8 (0x567e7737) lui     a4, 0x567e7
core   0: 3 0x800106d8 (0x567e7737) x14 0x567e7000
core   0: 0x800106dc (0x00000001) c.nop
core   0: 3 0x800106dc (0x0001)
core   0: 0x800106de (0x034ac7b3) div     a5, s5, s4
core   0: 3 0x800106de (0x034ac7b3) x15 0x00000000
core   0: 0x800106e2 (0x00008ca1) c.xor   s1, s0
core   0: 3 0x800106e2 (0x8ca1) x 9 0x00000000
core   0: 0x800106e4 (0x02475eb3) divu    t4, a4, tp
core   0: 3 0x800106e4 (0x02475eb3) x29 0x00000000
core   0: 0x800106e8 (0x004df663) bgeu    s11, tp, pc + 12
core   0: 3 0x800106e8 (0x004df663)
core   0: 0x800106ec (0x0376ad33) mulhsu  s10, a3, s7
core   0: 3 0x800106ec (0x0376ad33) x26 0x00000000
core   0: 0x800106f0 (0xae978c13) addi    s8, a5, -1303
core   0: 3 0x800106f0 (0xae978c13) x24 0xfffffae9
core   0: 0x800106f4 (0x0000717d) c.addi16sp sp, -16
core   0: 3 0x800106f4 (0x717d) x 2 0xfffffffc
core   0: 0x800106f6 (0x00008de6) c.mv    s11, s9
core   0: 3 0x800106f6 (0x8de6) x27 0x00000000
core   0: 0x800106f8 (0x00000e6e) c.slli  t3, 27
core   0: 3 0x800106f8 (0x0e6e) x28 0xc0000000
core   0: 0x800106fa (0x0000717d) c.addi16sp sp, -16
core   0: 3 0x800106fa (0x717d) x 2 0xffffffec
core   0: 0x800106fc (0x02505563) bge     zero, t0, pc + 42
core   0: 3 0x800106fc (0x02505563)
core   0: 0x80010726 (0x020b2933) mulhsu  s2, s6, zero
core   0: 3 0x80010726 (0x020b2933) x18 0x00000000
core   0: 0x8001072a (0x01195313) srli    t1, s2, 17
core   0: 3 0x8001072a (0x01195313) x 6 0x00000000
core   0: 0x8001072e (0x00008105) c.srli  a0, 1
core   0: 3 0x8001072e (0x8105) x10 0x00000000
core   0: 0x80010730 (0x02ce9933) mulh    s2, t4, a2
core   0: 3 0x80010730 (0x02ce9933) x18 0x00000000
core   0: 0x80010734 (0x031bd7b3) divu    a5, s7, a7
core   0: 3 0x80010734 (0x031bd7b3) x15 0x00000000
core   0: 0x80010738 (0x40a789b3) sub     s3, a5, a0
core   0: 3 0x80010738 (0x40a789b3) x19 0x00000000
core   0: 0x8001073c (0x03caf333) remu    t1, s5, t3
core   0: 3 0x8001073c (0x03caf333) x 6 0x3fffffff
core   0: 0x80010740 (0x00008e5d) c.or    a2, a5
core   0: 3 0x80010740 (0x8e5d) x12 0xfffff9e1
core   0: 0x80010742 (0x00008dd1) c.or    a1, a2
core   0: 3 0x80010742 (0x8dd1) x11 0xfffffde5
core   0: 0x80010744 (0x570ba013) slti    zero, s7, 1392
core   0: 3 0x80010744 (0x570ba013)
core   0: 0x80010748 (0x418455b3) sra     a1, s0, s8
core   0: 3 0x80010748 (0x418455b3) x11 0x00000000
core   0: 0x8001074c (0x014c91b3) sll     gp, s9, s4
core   0: 3 0x8001074c (0x014c91b3) x 3 0x00000000
core   0: 0x80010750 (0x0308d263) bge     a7, a6, pc + 36
core   0: 3 0x80010750 (0x0308d263)
core   0: 0x80010774 (0x00cf6363) bltu    t5, a2, pc + 6
core   0: 3 0x80010774 (0x00cf6363)
core   0: 0x8001077a (0x00410033) add     zero, sp, tp
core   0: 3 0x8001077a (0x00410033)
core   0: 0x8001077e (0x006ce663) bltu    s9, t1, pc + 12
core   0: 3 0x8001077e (0x006ce663)
core   0: 0x8001078a (0x00de68b3) or      a7, t3, a3
core   0: 3 0x8001078a (0x00de68b3) x17 0xc002bd24
core   0: 0x8001078e (0x00006579) c.lui   a0, 0x1e
core   0: 3 0x8001078e (0x6579) x10 0x0001e000
core   0: 0x80010790 (0x032b8e33) mul     t3, s7, s2
core   0: 3 0x80010790 (0x032b8e33) x28 0x00000000
core   0: 0x80010794 (0x02261ab3) mulh    s5, a2, sp
core   0: 3 0x80010794 (0x02261ab3) x21 0x00000000
core   0: 0x80010798 (0x027a7663) bgeu    s4, t2, pc + 44
core   0: 3 0x80010798 (0x027a7663)
core   0: 0x800107c4 (0x00006ca9) c.lui   s9, 0xa
core   0: 3 0x800107c4 (0x6ca9) x25 0x0000a000
core   0: 0x800107c6 (0x0000990a) c.add   s2, sp
core   0: 3 0x800107c6 (0x990a) x18 0xffffffec
core   0: 0x800107c8 (0x01bf6533) or      a0, t5, s11
core   0: 3 0x800107c8 (0x01bf6533) x10 0x0000000d
core   0: 0x800107cc (0x038b1f63) bne     s6, s8, pc + 62
core   0: 3 0x800107cc (0x038b1f63)
core   0: 0x8001080a (0x0000923a) c.add   tp, a4
core   0: 3 0x8001080a (0x923a) x 4 0x567e6fff
core   0: 0x8001080c (0x00008c9d) c.sub   s1, a5
core   0: 3 0x8001080c (0x8c9d) x 9 0x00000000
core   0: 0x8001080e (0x0000717d) c.addi16sp sp, -16
core   0: 3 0x8001080e (0x717d) x 2 0xffffffdc
core   0: 0x80010810 (0x00005afd) c.li    s5, -1
core   0: 3 0x80010810 (0x5afd) x21 0xffffffff
core   0: 0x80010812 (0x0000100f) fence.i
core   0: 3 0x80010812 (0x0000100f)
core   0: 0x80010816 (0x00006129) c.addi16sp sp, 192
core   0: 3 0x80010816 (0x6129) x 2 0x0000009c
core   0: 0x80010818 (0x00008c49) c.or    s0, a0
core   0: 3 0x80010818 (0x8c49) x 8 0x0000000d
core   0: 0x8001081a (0x03f3ce63) blt     t2, t6, pc + 60
core   0: 3 0x8001081a (0x03f3ce63)
core   0: 0x8001081e (0x012420b3) slt     ra, s0, s2
core   0: 3 0x8001081e (0x012420b3) x 1 0x00000000
core   0: 0x80010822 (0x03203233) mulhu   tp, zero, s2
core   0: 3 0x80010822 (0x03203233) x 4 0x00000000
core   0: 0x80010826 (0x000064c5) c.lui   s1, 0x11
core   0: 3 0x80010826 (0x64c5) x 9 0x00011000
core   0: 0x80010828 (0x018b5a33) srl     s4, s6, s8
core   0: 3 0x80010828 (0x018b5a33) x20 0x00400159
core   0: 0x8001082c (0x00006dc1) c.lui   s11, 0x10
core   0: 3 0x8001082c (0x6dc1) x27 0x00010000
core   0: 0x8001082e (0x011ac4b3) xor     s1, s5, a7
core   0: 3 0x8001082e (0x011ac4b3) x 9 0x3ffd42db
core   0: 0x80010832 (0x0000100f) fence.i
core   0: 3 0x80010832 (0x0000100f)
core   0: 0x80010836 (0x01de5333) srl     t1, t3, t4
core   0: 3 0x80010836 (0x01de5333) x 6 0x00000000
core   0: 0x8001083a (0x00000001) c.nop
core   0: 3 0x8001083a (0x0001)
core   0: 0x8001083c (0x00f8ddb3) srl     s11, a7, a5
core   0: 3 0x8001083c (0x00f8ddb3) x27 0xc002bd24
core   0: 0x80010840 (0x000081fe) c.mv    gp, t6
core   0: 3 0x80010840 (0x81fe) x 3 0xffffffff
core   0: 0x80010842 (0x00000d8e) c.slli  s11, 3
core   0: 3 0x80010842 (0x0d8e) x27 0x0015e920
core   0: 0x80010844 (0x41b25eb3) sra     t4, tp, s11
core   0: 3 0x80010844 (0x41b25eb3) x29 0x00000000
core   0: 0x80010848 (0x000008d6) c.slli  a7, 21
core   0: 3 0x80010848 (0x08d6) x17 0xa4800000
core   0: 0x8001084a (0x00008751) c.srai  a4, 20
core   0: 3 0x8001084a (0x8751) x14 0x00000567
core   0: 0x8001084c (0x03603233) mulhu   tp, zero, s6
core   0: 3 0x8001084c (0x03603233) x 4 0x00000000
core   0: 0x80010850 (0x03ddfb33) remu    s6, s11, t4
core   0: 3 0x80010850 (0x03ddfb33) x22 0x0015e920
core   0: 0x80010854 (0x00009de2) c.add   s11, s8
core   0: 3 0x80010854 (0x9de2) x27 0x0015e409
core   0: 0x80010856 (0xcdbe0d93) addi    s11, t3, -805
core   0: 3 0x80010856 (0xcdbe0d93) x27 0xfffffcdb
core   0: 0x8001085a (0x028cd1b3) divu    gp, s9, s0
core   0: 3 0x8001085a (0x028cd1b3) x 3 0x00000c4e
core   0: 0x8001085e (0xbf8b6f13) ori     t5, s6, -1032
core   0: 3 0x8001085e (0xbf8b6f13) x30 0xfffffbf8
core   0: 0x80010862 (0x0142e333) or      t1, t0, s4
core   0: 3 0x80010862 (0x0142e333) x 6 0x00400159
core   0: 0x80010866 (0xf1d87f13) andi    t5, a6, -227
core   0: 3 0x80010866 (0xf1d87f13) x30 0x80027e18
core   0: 0x8001086a (0x00e4f233) and     tp, s1, a4
core   0: 3 0x8001086a (0x00e4f233) x 4 0x00000043
core   0: 0x8001086e (0x26e549b7) lui     s3, 0x26e54
core   0: 3 0x8001086e (0x26e549b7) x19 0x26e54000
core   0: 0x80010872 (0x03c17663) bgeu    sp, t3, pc + 44
core   0: 3 0x80010872 (0x03c17663)
core   0: 0x8001089e (0x02e6bfb3) mulhu   t6, a3, a4
core   0: 3 0x8001089e (0x02e6bfb3) x31 0x000002b3
core   0: 0x800108a2 (0x7a364e93) xori    t4, a2, 1955
core   0: 3 0x800108a2 (0x7a364e93) x29 0xfffffe42
core   0: 0x800108a6 (0x00001a7d) c.addi  s4, -1
core   0: 3 0x800108a6 (0x1a7d) x20 0x00400158
core   0: 0x800108a8 (0x00b64263) blt     a2, a1, pc + 4
core   0: 3 0x800108a8 (0x00b64263)
core   0: 0x800108ac (0x022b0d33) mul     s10, s6, sp
core   0: 3 0x800108ac (0x022b0d33) x26 0x0d5a0f80
core   0: 0x800108b0 (0x000011fd) c.addi  gp, -1
core   0: 3 0x800108b0 (0x11fd) x 3 0x00000c4d
core   0: 0x800108b2 (0x2c523517) auipc   a0, 0x2c523
core   0: 3 0x800108b2 (0x2c523517) x10 0xac5338b2
core   0: 0x800108b6 (0x02450d63) beq     a0, tp, pc + 58
core   0: 3 0x800108b6 (0x02450d63)
core   0: 0x800108ba (0x41128233) sub     tp, t0, a7
core   0: 3 0x800108ba (0x41128233) x 4 0x5b800000
core   0: 0x800108be (0x00008fed) c.and   a5, a1
core   0: 3 0x800108be (0x8fed) x15 0x00000000
core   0: 0x800108c0 (0xd899f313) andi    t1, s3, -631
core   0: 3 0x800108c0 (0xd899f313) x 6 0x26e54000
core   0: 0x800108c4 (0x00006d35) c.lui   s10, 0xd
core   0: 3 0x800108c4 (0x6d35) x26 0x0000d000
core   0: 0x800108c6 (0x3aac7713) andi    a4, s8, 938
core   0: 3 0x800108c6 (0x3aac7713) x14 0x000002a8
core   0: 0x800108ca (0x00008fc5) c.or    a5, s1
core   0: 3 0x800108ca (0x8fc5) x15 0x3ffd42db
core   0: 0x800108cc (0x00f0d663) bge     ra, a5, pc + 12
core   0: 3 0x800108cc (0x00f0d663)
core   0: 0x800108d0 (0x02ecfdb3) remu    s11, s9, a4
core   0: 3 0x800108d0 (0x02ecfdb3) x27 0x000000a0
core   0: 0x800108d4 (0x6da8ca93) xori    s5, a7, 1754
core   0: 3 0x800108d4 (0x6da8ca93) x21 0xa48006da
core   0: 0x800108d8 (0x00008636) c.mv    a2, a3
core   0: 3 0x800108d8 (0x8636) x12 0x8002bd24
core   0: 0x800108da (0x00000001) c.nop
core   0: 3 0x800108da (0x0001)
core   0: 0x800108dc (0x41495c93) srai    s9, s2, 20
core   0: 3 0x800108dc (0x41495c93) x25 0xffffffff
core   0: 0x800108e0 (0x016ed913) srli    s2, t4, 22
core   0: 3 0x800108e0 (0x016ed913) x18 0x000003ff
core   0: 0x800108e4 (0x023b7933) remu    s2, s6, gp
core   0: 3 0x800108e4 (0x023b7933) x18 0x00000c45
core   0: 0x800108e8 (0x26fa2e93) slti    t4, s4, 623
core   0: 3 0x800108e8 (0x26fa2e93) x29 0x00000000
core   0: 0x800108ec (0x038ddcb3) divu    s9, s11, s8
core   0: 3 0x800108ec (0x038ddcb3) x25 0x00000000
core   0: 0x800108f0 (0x03119333) mulh    t1, gp, a7
core   0: 3 0x800108f0 (0x03119333) x 6 0xfffffb9a
core   0: 0x800108f4 (0x00008476) c.mv    s0, t4
core   0: 3 0x800108f4 (0x8476) x 8 0x00000000
core   0: 0x800108f6 (0x0ff0000f) fence   iorw,iorw
core   0: 3 0x800108f6 (0x0ff0000f)
core   0: 0x800108fa (0x6c174713) xori    a4, a4, 1729
core   0: 3 0x800108fa (0x6c174713) x14 0x00000469
core   0: 0x800108fe (0x00008f6d) c.and   a4, a1
core   0: 3 0x800108fe (0x8f6d) x14 0x00000000
core   0: 0x80010900 (0x0000091e) c.slli  s2, 7
core   0: 3 0x80010900 (0x091e) x18 0x00062280
core   0: 0x80010902 (0x000081a9) c.srli  a1, 10
core   0: 3 0x80010902 (0x81a9) x11 0x00000000
core   0: 0x80010904 (0x7ff17b93) andi    s7, sp, 2047
core   0: 3 0x80010904 (0x7ff17b93) x23 0x0000009c
core   0: 0x80010908 (0x40dc8bb3) sub     s7, s9, a3
core   0: 3 0x80010908 (0x40dc8bb3) x23 0x7ffd42dc
core   0: 0x8001090c (0x00008cd5) c.or    s1, a3
core   0: 3 0x8001090c (0x8cd5) x 9 0xbfffffff
core   0: 0x8001090e (0x00008e71) c.and   a2, a2
core   0: 3 0x8001090e (0x8e71) x12 0x8002bd24
core   0: 0x80010910 (0x01b158b3) srl     a7, sp, s11
core   0: 3 0x80010910 (0x01b158b3) x17 0x0000009c
core   0: 0x80010914 (0x6d41ab13) slti    s6, gp, 1748
core   0: 3 0x80010914 (0x6d41ab13) x22 0x00000000
core   0: 0x80010918 (0x015d6463) bltu    s10, s5, pc + 8
core   0: 3 0x80010918 (0x015d6463)
core   0: 0x80010920 (0x00006fc9) c.lui   t6, 0x12
core   0: 3 0x80010920 (0x6fc9) x31 0x00012000
core   0: 0x80010922 (0x00961f33) sll     t5, a2, s1
core   0: 3 0x80010922 (0x00961f33) x30 0x00000000
core   0: 0x80010926 (0x00009e7a) c.add   t3, t5
core   0: 3 0x80010926 (0x9e7a) x28 0x00000000
core   0: 0x80010928 (0x00008ca1) c.xor   s1, s0
core   0: 3 0x80010928 (0x8ca1) x 9 0xbfffffff
core   0: 0x8001092a (0x038e5e63) bge     t3, s8, pc + 60
core   0: 3 0x8001092a (0x038e5e63)
core   0: 0x80010966 (0x004ffb33) and     s6, t6, tp
core   0: 3 0x80010966 (0x004ffb33) x22 0x00000000
core   0: 0x8001096a (0x403182b3) sub     t0, gp, gp
core   0: 3 0x8001096a (0x403182b3) x 5 0x00000000
core   0: 0x8001096e (0x010a4033) xor     zero, s4, a6
core   0: 3 0x8001096e (0x010a4033)
core   0: 0x80010972 (0x005b0533) add     a0, s6, t0
core   0: 3 0x80010972 (0x005b0533) x10 0x00000000
core   0: 0x80010976 (0x1ff60113) addi    sp, a2, 511
core   0: 3 0x80010976 (0x1ff60113) x 2 0x8002bf23
core   0: 0x8001097a (0x03156cb3) rem     s9, a0, a7
core   0: 3 0x8001097a (0x03156cb3) x25 0x00000000
core   0: 0x8001097e (0x018ed0b3) srl     ra, t4, s8
core   0: 3 0x8001097e (0x018ed0b3) x 1 0x00000000
core   0: 0x80010982 (0xd97d7013) andi    zero, s10, -617
core   0: 3 0x80010982 (0xd97d7013)
core   0: 0x80010986 (0x00000001) c.nop
core   0: 3 0x80010986 (0x0001)
core   0: 0x80010988 (0x03c84a63) blt     a6, t3, pc + 52
core   0: 3 0x80010988 (0x03c84a63)
core   0: 0x800109bc (0x02d6d563) bge     a3, a3, pc + 42
core   0: 3 0x800109bc (0x02d6d563)
core   0: 0x800109e6 (0x03484133) div     sp, a6, s4
core   0: 3 0x800109e6 (0x03484133) x 2 0xfffffe01
core   0: 0x800109ea (0x0279f363) bgeu    s3, t2, pc + 38
core   0: 3 0x800109ea (0x0279f363)
core   0: 0x80010a10 (0x40a1d493) srai    s1, gp, 10
core   0: 3 0x80010a10 (0x40a1d493) x 9 0x00000003
core   0: 0x80010a14 (0x00008745) c.srai  a4, 17
core   0: 3 0x80010a14 (0x8745) x14 0x00000000
core   0: 0x80010a16 (0x00004329) c.li    t1, 10
core   0: 3 0x80010a16 (0x4329) x 6 0x0000000a
core   0: 0x80010a18 (0x0124a4b3) slt     s1, s1, s2
core   0: 3 0x80010a18 (0x0124a4b3) x 9 0x00000001
core   0: 0x80010a1c (0x02c90233) mul     tp, s2, a2
core   0: 3 0x80010a1c (0x02c90233) x 4 0xcd555a00
core   0: 0x80010a20 (0x01530f63) beq     t1, s5, pc + 30
core   0: 3 0x80010a20 (0x01530f63)
core   0: 0x80010a24 (0x000001fe) c.slli  gp, 31
core   0: 3 0x80010a24 (0x01fe) x 3 0x80000000
core   0: 0x80010a26 (0x00006159) c.addi16sp sp, 400
core   0: 3 0x80010a26 (0x6159) x 2 0xffffff91
core   0: 0x80010a28 (0x037967b3) rem     a5, s2, s7
core   0: 3 0x80010a28 (0x037967b3) x15 0x00062280
core   0: 0x80010a2c (0x00008472) c.mv    s0, t3
core   0: 3 0x80010a2c (0x8472) x 8 0x00000000
core   0: 0x80010a2e (0x00008d9a) c.mv    s11, t1
core   0: 3 0x80010a2e (0x8d9a) x27 0x0000000a
core   0: 0x80010a30 (0x031d6663) bltu    s10, a7, pc + 44
core   0: 3 0x80010a30 (0x031d6663)
core   0: 0x80010a34 (0x00587cb3) and     s9, a6, t0
core   0: 3 0x80010a34 (0x00587cb3) x25 0x00000000
core   0: 0x80010a38 (0x00000880) c.addi4spn s0, sp, 80
core   0: 3 0x80010a38 (0x0880) x 8 0xffffffe1
core   0: 0x80010a3a (0x02505733) divu    a4, zero, t0
core   0: 3 0x80010a3a (0x02505733) x14 0xffffffff
core   0: 0x80010a3e (0x001f6fb3) or      t6, t5, ra
core   0: 3 0x80010a3e (0x001f6fb3) x31 0x00000000
core   0: 0x80010a42 (0x00f4ffb3) and     t6, s1, a5
core   0: 3 0x80010a42 (0x00f4ffb3) x31 0x00000000
core   0: 0x80010a46 (0x01965133) srl     sp, a2, s9
core   0: 3 0x80010a46 (0x01965133) x 2 0x8002bd24
core   0: 0x80010a4a (0x0000717d) c.addi16sp sp, -16
core   0: 3 0x80010a4a (0x717d) x 2 0x8002bd14
core   0: 0x80010a4c (0x00008c01) c.sub   s0, s0
core   0: 3 0x80010a4c (0x8c01) x 8 0x00000000
core   0: 0x80010a4e (0x02df3e33) mulhu   t3, t5, a3
core   0: 3 0x80010a4e (0x02df3e33) x28 0x00000000
core   0: 0x80010a52 (0x03a39b33) mulh    s6, t2, s10
core   0: 3 0x80010a52 (0x03a39b33) x22 0x00000000
core   0: 0x80010a56 (0x05b8c063) blt     a7, s11, pc + 64
core   0: 3 0x80010a56 (0x05b8c063)
core   0: 0x80010a5a (0x0000e385) c.bnez  a5, pc + 32
core   0: 3 0x80010a5a (0xe385)
core   0: 0x80010a7a (0x01e4a333) slt     t1, s1, t5
core   0: 3 0x80010a7a (0x01e4a333) x 6 0x00000000
core   0: 0x80010a7e (0x40320ab3) sub     s5, tp, gp
core   0: 3 0x80010a7e (0x40320ab3) x21 0x4d555a00
core   0: 0x80010a82 (0x40f0d793) srai    a5, ra, 15
core   0: 3 0x80010a82 (0x40f0d793) x15 0x00000000
core   0: 0x80010a86 (0xbf3a6c93) ori     s9, s4, -1037
core   0: 3 0x80010a86 (0xbf3a6c93) x25 0xfffffbfb
core   0: 0x80010a8a (0x003e3133) sltu    sp, t3, gp
core   0: 3 0x80010a8a (0x003e3133) x 2 0x00000001
core   0: 0x80010a8e (0x015c1fb3) sll     t6, s8, s5
core   0: 3 0x80010a8e (0x015c1fb3) x31 0xfffffae9
core   0: 0x80010a92 (0xf73d7413) andi    s0, s10, -141
core   0: 3 0x80010a92 (0xf73d7413) x 8 0x0000d000
core   0: 0x80010a96 (0xa6f1b213) sltiu   tp, gp, -1425
core   0: 3 0x80010a96 (0xa6f1b213) x 4 0x00000001
core   0: 0x80010a9a (0x00a2cfb3) xor     t6, t0, a0
core   0: 3 0x80010a9a (0x00a2cfb3) x31 0x00000000
core   0: 0x80010a9e (0x02c03d33) mulhu   s10, zero, a2
core   0: 3 0x80010a9e (0x02c03d33) x26 0x00000000
core   0: 0x80010aa2 (0x0117a933) slt     s2, a5, a7
core   0: 3 0x80010aa2 (0x0117a933) x18 0x00000001
core   0: 0x80010aa6 (0x00006431) c.lui   s0, 0xc
core   0: 3 0x80010aa6 (0x6431) x 8 0x0000c000
core   0: 0x80010aa8 (0x00ad20b3) slt     ra, s10, a0
core   0: 3 0x80010aa8 (0x00ad20b3) x 1 0x00000000
core   0: 0x80010aac (0x03dda233) mulhsu  tp, s11, t4
core   0: 3 0x80010aac (0x03dda233) x 4 0x00000000
core   0: 0x80010ab0 (0x00000afd) c.addi  s5, 31
core   0: 3 0x80010ab0 (0x0afd) x21 0x4d555a1f
core   0: 0x80010ab2 (0x8b4b2a93) slti    s5, s6, -1868
core   0: 3 0x80010ab2 (0x8b4b2a93) x21 0x00000000
core   0: 0x80010ab6 (0x00008e7d) c.and   a2, a5
core   0: 3 0x80010ab6 (0x8e7d) x12 0x00000000
core   0: 0x80010ab8 (0x41a98133) sub     sp, s3, s10
core   0: 3 0x80010ab8 (0x41a98133) x 2 0x26e54000
core   0: 0x80010abc (0x0ff0000f) fence   iorw,iorw
core   0: 3 0x80010abc (0x0ff0000f)
core   0: 0x80010ac0 (0x0138acb3) slt     s9, a7, s3
core   0: 3 0x80010ac0 (0x0138acb3) x25 0x00000001
core   0: 0x80010ac4 (0x7ff23b93) sltiu   s7, tp, 2047
core   0: 3 0x80010ac4 (0x7ff23b93) x23 0x00000001
core   0: 0x80010ac8 (0x00e28f33) add     t5, t0, a4
core   0: 3 0x80010ac8 (0x00e28f33) x30 0xffffffff
core   0: 0x80010acc (0x000051fd) c.li    gp, -1
core   0: 3 0x80010acc (0x51fd) x 3 0xffffffff
core   0: 0x80010ace (0x01eee733) or      a4, t4, t5
core   0: 3 0x80010ace (0x01eee733) x14 0xffffffff
core   0: 0x80010ad2 (0x000099fd) c.andi  a1, -1
core   0: 3 0x80010ad2 (0x99fd) x11 0x00000000
core   0: 0x80010ad4 (0x00008f95) c.sub   a5, a3
core   0: 3 0x80010ad4 (0x8f95) x15 0x7ffd42dc
core   0: 0x80010ad6 (0x00cb3db3) sltu    s11, s6, a2
core   0: 3 0x80010ad6 (0x00cb3db3) x27 0x00000000
core   0: 0x80010ada (0x0ecc2a13) slti    s4, s8, 236
core   0: 3 0x80010ada (0x0ecc2a13) x20 0x00000001
core   0: 0x80010ade (0x000081fa) c.mv    gp, t5
core   0: 3 0x80010ade (0x81fa) x 3 0xffffffff
core   0: 0x80010ae0 (0x018cbb33) sltu    s6, s9, s8
core   0: 3 0x80010ae0 (0x018cbb33) x22 0x00000001
core   0: 0x80010ae4 (0x00006165) c.addi16sp sp, 112
core   0: 3 0x80010ae4 (0x6165) x 2 0x26e54070
core   0: 0x80010ae6 (0x024500b3) mul     ra, a0, tp
core   0: 3 0x80010ae6 (0x024500b3) x 1 0x00000000
core   0: 0x80010aea (0x0000100f) fence.i
core   0: 3 0x80010aea (0x0000100f)
core   0: 0x80010aee (0x00006159) c.addi16sp sp, 400
core   0: 3 0x80010aee (0x6159) x 2 0x26e54200
core   0: 0x80010af0 (0x03684b33) div     s6, a6, s6
core   0: 3 0x80010af0 (0x03684b33) x22 0x80027e58
core   0: 0x80010af4 (0xc1c72f93) slti    t6, a4, -996
core   0: 3 0x80010af4 (0xc1c72f93) x31 0x00000000
core   0: 0x80010af8 (0x00008e4a) c.mv    t3, s2
core   0: 3 0x80010af8 (0x8e4a) x28 0x00000001
core   0: 0x80010afa (0x0367dd33) divu    s10, a5, s6
core   0: 3 0x80010afa (0x0367dd33) x26 0x00000000
core   0: 0x80010afe (0x417f8733) sub     a4, t6, s7
core   0: 3 0x80010afe (0x417f8733) x14 0xffffffff
core   0: 0x80010b02 (0x0000617d) c.addi16sp sp, 496
core   0: 3 0x80010b02 (0x617d) x 2 0x26e543f0
core   0: 0x80010b04 (0x01a4c263) blt     s1, s10, pc + 4
core   0: 3 0x80010b04 (0x01a4c263)
core   0: 0x80010b08 (0x4122d113) srai    sp, t0, 18
core   0: 3 0x80010b08 (0x4122d113) x 2 0x00000000
core   0: 0x80010b0c (0x00000001) c.nop
core   0: 3 0x80010b0c (0x0001)
core   0: 0x80010b0e (0x02d63333) mulhu   t1, a2, a3
core   0: 3 0x80010b0e (0x02d63333) x 6 0x00000000
core   0: 0x80010b12 (0x02b88f63) beq     a7, a1, pc + 62
core   0: 3 0x80010b12 (0x02b88f63)
core   0: 0x80010b16 (0x020e7563) bgeu    t3, zero, pc + 42
core   0: 3 0x80010b16 (0x020e7563)
core   0: 0x80010b40 (0x0b59c313) xori    t1, s3, 181
core   0: 3 0x80010b40 (0x0b59c313) x 6 0x26e540b5
core   0: 0x80010b44 (0x02e7ca63) blt     a5, a4, pc + 52
core   0: 3 0x80010b44 (0x02e7ca63)
core   0: 0x80010b48 (0x03822eb3) mulhsu  t4, tp, s8
core   0: 3 0x80010b48 (0x03822eb3) x29 0x00000000
core   0: 0x80010b4c (0x0ff0000f) fence   iorw,iorw
core   0: 3 0x80010b4c (0x0ff0000f)
core   0: 0x80010b50 (0x9d6a4913) xori    s2, s4, -1578
core   0: 3 0x80010b50 (0x9d6a4913) x18 0xfffff9d7
core   0: 0x80010b54 (0x00001c80) c.addi4spn s0, sp, 624
core   0: 3 0x80010b54 (0x1c80) x 8 0x00000270
core   0: 0x80010b56 (0x005e9eb3) sll     t4, t4, t0
core   0: 3 0x80010b56 (0x005e9eb3) x29 0x00000000
core   0: 0x80010b5a (0x40df5d33) sra     s10, t5, a3
core   0: 3 0x80010b5a (0x40df5d33) x26 0xffffffff
core   0: 0x80010b5e (0xec2aa993) slti    s3, s5, -318
core   0: 3 0x80010b5e (0xec2aa993) x19 0x00000000
core   0: 0x80010b62 (0x00009f3a) c.add   t5, a4
core   0: 3 0x80010b62 (0x9f3a) x30 0xfffffffe
core   0: 0x80010b64 (0x4aad4013) xori    zero, s10, 1194
core   0: 3 0x80010b64 (0x4aad4013)
core   0: 0x80010b68 (0x00556e33) or      t3, a0, t0
core   0: 3 0x80010b68 (0x00556e33) x28 0x00000000
core   0: 0x80010b6c (0x00119763) bne     gp, ra, pc + 14
core   0: 3 0x80010b6c (0x00119763)
core   0: 0x80010b7a (0x0000100f) fence.i
core   0: 3 0x80010b7a (0x0000100f)
core   0: 0x80010b7e (0x02c6f4b3) remu    s1, a3, a2
core   0: 3 0x80010b7e (0x02c6f4b3) x 9 0x8002bd24
core   0: 0x80010b82 (0x024d0733) mul     a4, s10, tp
core   0: 3 0x80010b82 (0x024d0733) x14 0x00000000
core   0: 0x80010b86 (0x006f1333) sll     t1, t5, t1
core   0: 3 0x80010b86 (0x006f1333) x 6 0xffc00000
core   0: 0x80010b8a (0x00008f35) c.xor   a4, a3
core   0: 3 0x80010b8a (0x8f35) x14 0x8002bd24
core   0: 0x80010b8c (0x00000001) c.nop
core   0: 3 0x80010b8c (0x0001)
core   0: 0x80010b8e (0x00000f4d) c.addi  t5, 19
core   0: 3 0x80010b8e (0x0f4d) x30 0x00000011
core   0: 0x80010b90 (0x00008b7d) c.andi  a4, 31
core   0: 3 0x80010b90 (0x8b7d) x14 0x00000004
core   0: 0x80010b92 (0x008217b3) sll     a5, tp, s0
core   0: 3 0x80010b92 (0x008217b3) x15 0x00000000
core   0: 0x80010b96 (0x017100b3) add     ra, sp, s7
core   0: 3 0x80010b96 (0x017100b3) x 1 0x00000001
core   0: 0x80010b9a (0x914ad317) auipc   t1, 0x914ad
core   0: 3 0x80010b9a (0x914ad317) x 6 0x114bdb9a
core   0: 0x80010b9e (0x00008429) c.srai  s0, 10
core   0: 3 0x80010b9e (0x8429) x 8 0x00000000
core   0: 0x80010ba0 (0x0000997d) c.andi  a0, -1
core   0: 3 0x80010ba0 (0x997d) x10 0x00000000
core   0: 0x80010ba2 (0x00008f1d) c.sub   a4, a5
core   0: 3 0x80010ba2 (0x8f1d) x14 0x00000004
core   0: 0x80010ba4 (0x0304a533) mulhsu  a0, s1, a6
core   0: 3 0x80010ba4 (0x0304a533) x10 0xc0001f6c
core   0: 0x80010ba8 (0x0265ce33) div     t3, a1, t1
core   0: 3 0x80010ba8 (0x0265ce33) x28 0x00000000
core   0: 0x80010bac (0x014b8733) add     a4, s7, s4
core   0: 3 0x80010bac (0x014b8733) x14 0x00000002
core   0: 0x80010bb0 (0x0022d593) srli    a1, t0, 2
core   0: 3 0x80010bb0 (0x0022d593) x11 0x00000000
core   0: 0x80010bb4 (0x03215c33) divu    s8, sp, s2
core   0: 3 0x80010bb4 (0x03215c33) x24 0x00000000
core   0: 0x80010bb8 (0x0000557d) c.li    a0, -1
core   0: 3 0x80010bb8 (0x557d) x10 0xffffffff
core   0: 0x80010bba (0x00008576) c.mv    a0, t4
core   0: 3 0x80010bba (0x8576) x10 0x00000000
core   0: 0x80010bbc (0x0000100f) fence.i
core   0: 3 0x80010bbc (0x0000100f)
core   0: 0x80010bc0 (0x00006199) c.lui   gp, 0x6
core   0: 3 0x80010bc0 (0x6199) x 3 0x00006000
core   0: 0x80010bc2 (0x00008f92) c.mv    t6, tp
core   0: 3 0x80010bc2 (0x8f92) x31 0x00000000
core   0: 0x80010bc4 (0x00482083) lw      ra, 4(a6)
core   0: 3 0x80010bc4 (0x00482083) x 1 0x8000c5ba mem 0x80027e5c
core   0: 0x80010bc8 (0x00008f3d) c.xor   a4, a5
core   0: 3 0x80010bc8 (0x8f3d) x14 0x00000002
core   0: 0x80010bca (0x00008c21) c.xor   s0, s0
core   0: 3 0x80010bca (0x8c21) x 8 0x00000000
core   0: 0x80010bcc (0x02480813) addi    a6, a6, 36
core   0: 3 0x80010bcc (0x02480813) x16 0x80027e7c
core   0: 0x80010bd0 (0x00eb1db3) sll     s11, s6, a4
core   0: 3 0x80010bd0 (0x00eb1db3) x27 0x0009f960
core   0: 0x80010bd4 (0x00000a96) c.slli  s5, 5
core   0: 3 0x80010bd4 (0x0a96) x21 0x00000000
core   0: 0x80010bd6 (0x00108f13) addi    t5, ra, 1
core   0: 3 0x80010bd6 (0x00108f13) x30 0x8000c5bb
core   0: 0x80010bda (0x000f0f67) jalr    t5, t5, 0
core   0: 3 0x80010bda (0x000f0f67) x30 0x80010bde
core   0: 0x8000c5ba (0x1c042f93) slti    t6, s0, 448
core   0: 3 0x8000c5ba (0x1c042f93) x31 0x00000001
core   0: 0x8000c5be (0x00006185) c.lui   gp, 0x1
core   0: 3 0x8000c5be (0x6185) x 3 0x00001000
core   0: 0x8000c5c0 (0x00000001) c.nop
core   0: 3 0x8000c5c0 (0x0001)
core   0: 0x8000c5c2 (0x00000001) c.nop
core   0: 3 0x8000c5c2 (0x0001)
core   0: 0x8000c5c4 (0x03b84733) div     a4, a6, s11
core   0: 3 0x8000c5c4 (0x03b84733) x14 0xfffff32b
core   0: 0x8000c5c8 (0x0000808d) c.srli  s1, 3
core   0: 3 0x8000c5c8 (0x808d) x 9 0x100057a4
core   0: 0x8000c5ca (0x00000001) c.nop
core   0: 3 0x8000c5ca (0x0001)
core   0: 0x8000c5cc (0x3541c717) auipc   a4, 0x3541c
core   0: 3 0x8000c5cc (0x3541c717) x14 0xb54285cc
core   0: 0x8000c5d0 (0x00009d0e) c.add   s10, gp
core   0: 3 0x8000c5d0 (0x9d0e) x26 0x00000fff
core   0: 0x8000c5d2 (0x6d0f90b7) lui     ra, 0x6d0f9
core   0: 3 0x8000c5d2 (0x6d0f90b7) x 1 0x6d0f9000
core   0: 0x8000c5d6 (0x0000e785) c.bnez  a5, pc + 40
core   0: 3 0x8000c5d6 (0xe785)
core   0: 0x8000c5d8 (0x00001efd) c.addi  t4, -1
core   0: 3 0x8000c5d8 (0x1efd) x29 0xffffffff
core   0: 0x8000c5da (0x0000cc0d) c.beqz  s0, pc + 58
core   0: 3 0x8000c5da (0xcc0d)
core   0: 0x8000c614 (0xe3838617) auipc   a2, 0xe3838
core   0: 3 0x8000c614 (0xe3838617) x12 0x63844614
core   0: 0x8000c618 (0x0000041e) c.slli  s0, 7
core   0: 3 0x8000c618 (0x041e) x 8 0x00000000
core   0: 0x8000c61a (0x000098ce) c.add   a7, s3
core   0: 3 0x8000c61a (0x98ce) x17 0x0000009c
core   0: 0x8000c61c (0x01c6d433) srl     s0, a3, t3
core   0: 3 0x8000c61c (0x01c6d433) x 8 0x8002bd24
core   0: 0x8000c620 (0x000091fa) c.add   gp, t5
core   0: 3 0x8000c620 (0x91fa) x 3 0x80011bde
core   0: 0x8000c622 (0x00004c61) c.li    s8, 24
core   0: 3 0x8000c622 (0x4c61) x24 0x00000018
core   0: 0x8000c624 (0x000098d6) c.add   a7, s5
core   0: 3 0x8000c624 (0x98d6) x17 0x0000009c
core   0: 0x8000c626 (0x00001684) c.addi4spn s1, sp, 864
core   0: 3 0x8000c626 (0x1684) x 9 0x00000360
core   0: 0x8000c628 (0xa1970e13) addi    t3, a4, -1511
core   0: 3 0x8000c628 (0xa1970e13) x28 0xb5427fe5
core   0: 0x8000c62c (0x03643533) mulhu   a0, s0, s6
core   0: 3 0x8000c62c (0x03643533) x10 0x40029dc4
core   0: 0x8000c630 (0x02ba8363) beq     s5, a1, pc + 38
core   0: 3 0x8000c630 (0x02ba8363)
core   0: 0x8000c656 (0x1af0de97) auipc   t4, 0x1af0d
core   0: 3 0x8000c656 (0x1af0de97) x29 0x9af19656
core   0: 0x8000c65a (0x00d4d5b3) srl     a1, s1, a3
core   0: 3 0x8000c65a (0x00d4d5b3) x11 0x00000036
core   0: 0x8000c65e (0x00008e11) c.sub   a2, a2
core   0: 3 0x8000c65e (0x8e11) x12 0x00000000
core   0: 0x8000c660 (0x00001298) c.addi4spn a4, sp, 352
core   0: 3 0x8000c660 (0x1298) x14 0x00000160
core   0: 0x8000c662 (0x00000001) c.nop
core   0: 3 0x8000c662 (0x0001)
core   0: 0x8000c664 (0x00008c29) c.xor   s0, a0
core   0: 3 0x8000c664 (0x8c29) x 8 0xc00020e0
core   0: 0x8000c666 (0x41475e93) srai    t4, a4, 20
core   0: 3 0x8000c666 (0x41475e93) x29 0x00000000
core   0: 0x8000c66a (0x7d9d72b7) lui     t0, 0x7d9d7
core   0: 3 0x8000c66a (0x7d9d72b7) x 5 0x7d9d7000
core   0: 0x8000c66e (0x00008fa9) c.xor   a5, a0
core   0: 3 0x8000c66e (0x8fa9) x15 0x40029dc4
core   0: 0x8000c670 (0x00000bce) c.slli  s7, 19
core   0: 3 0x8000c670 (0x0bce) x23 0x00080000
core   0: 0x8000c672 (0x0301b433) mulhu   s0, gp, a6
core   0: 3 0x8000c672 (0x0301b433) x 8 0x4001cd2f
core   0: 0x8000c676 (0x03197163) bgeu    s2, a7, pc + 34
core   0: 3 0x8000c676 (0x03197163)
core   0: 0x8000c698 (0x03547333) remu    t1, s0, s5
core   0: 3 0x8000c698 (0x03547333) x 6 0x4001cd2f
core   0: 0x8000c69c (0x0000557d) c.li    a0, -1
core   0: 3 0x8000c69c (0x557d) x10 0xffffffff
core   0: 0x8000c69e (0x00000001) c.nop
core   0: 3 0x8000c69e (0x0001)
core   0: 0x8000c6a0 (0x0000997d) c.andi  a0, -1
core   0: 3 0x8000c6a0 (0x997d) x10 0xffffffff
core   0: 0x8000c6a2 (0x000080bd) c.srli  s1, 15
core   0: 3 0x8000c6a2 (0x80bd) x 9 0x00000000
core   0: 0x8000c6a4 (0x020a04b3) mul     s1, s4, zero
core   0: 3 0x8000c6a4 (0x020a04b3) x 9 0x00000000
core   0: 0x8000c6a8 (0x00008dd1) c.or    a1, a2
core   0: 3 0x8000c6a8 (0x8dd1) x11 0x00000036
core   0: 0x8000c6aa (0x03d9ff33) remu    t5, s3, t4
core   0: 3 0x8000c6aa (0x03d9ff33) x30 0x00000000
core   0: 0x8000c6ae (0x41f20bb3) sub     s7, tp, t6
core   0: 3 0x8000c6ae (0x41f20bb3) x23 0xffffffff
core   0: 0x8000c6b2 (0x00006165) c.addi16sp sp, 112
core   0: 3 0x8000c6b2 (0x6165) x 2 0x00000070
core   0: 0x8000c6b4 (0x00009a7d) c.andi  a2, -1
core   0: 3 0x8000c6b4 (0x9a7d) x12 0x00000000
core   0: 0x8000c6b6 (0x023b5a63) bge     s6, gp, pc + 52
core   0: 3 0x8000c6b6 (0x023b5a63)
core   0: 0x8000c6ea (0x0000ea15) c.bnez  a2, pc + 52
core   0: 3 0x8000c6ea (0xea15)
core   0: 0x8000c6ec (0x47bf6c17) auipc   s8, 0x47bf6
core   0: 3 0x8000c6ec (0x47bf6c17) x24 0xc7c026ec
core   0: 0x8000c6f0 (0x00008b8a) c.mv    s7, sp
core   0: 3 0x8000c6f0 (0x8b8a) x23 0x00000070
core   0: 0x8000c6f2 (0x038e2333) mulhsu  t1, t3, s8
core   0: 3 0x8000c6f2 (0x038e2333) x 6 0xc5ae97ed
core   0: 0x8000c6f6 (0x03fb91b3) mulh    gp, s7, t6
core   0: 3 0x8000c6f6 (0x03fb91b3) x 3 0x00000000
core   0: 0x8000c6fa (0xaeec4b37) lui     s6, 0xaeec4
core   0: 3 0x8000c6fa (0xaeec4b37) x22 0xaeec4000
core   0: 0x8000c6fe (0x02119f63) bne     gp, ra, pc + 62
core   0: 3 0x8000c6fe (0x02119f63)
core   0: 0x8000c73c (0x0000557d) c.li    a0, -1
core   0: 3 0x8000c73c (0x557d) x10 0xffffffff
core   0: 0x8000c73e (0x000019fd) c.addi  s3, -1
core   0: 3 0x8000c73e (0x19fd) x19 0xffffffff
core   0: 0x8000c740 (0x015be9b3) or      s3, s7, s5
core   0: 3 0x8000c740 (0x015be9b3) x19 0x00000070
core   0: 0x8000c744 (0x03ef8a33) mul     s4, t6, t5
core   0: 3 0x8000c744 (0x03ef8a33) x20 0x00000000
core   0: 0x8000c748 (0x03a2cc63) blt     t0, s10, pc + 56
core   0: 3 0x8000c748 (0x03a2cc63)
core   0: 0x8000c74c (0x0283c117) auipc   sp, 0x283c
core   0: 3 0x8000c74c (0x0283c117) x 2 0x8284874c
core   0: 0x8000c750 (0x4baf3293) sltiu   t0, t5, 1210
core   0: 3 0x8000c750 (0x4baf3293) x 5 0x00000001
core   0: 0x8000c754 (0x00000001) c.nop
core   0: 3 0x8000c754 (0x0001)
core   0: 0x8000c756 (0x00008ce9) c.and   s1, a0
core   0: 3 0x8000c756 (0x8ce9) x 9 0x00000000
core   0: 0x8000c758 (0x018384b3) add     s1, t2, s8
core   0: 3 0x8000c758 (0x018384b3) x 9 0xc7c026ec
core   0: 0x8000c75c (0x015c5d13) srli    s10, s8, 21
core   0: 3 0x8000c75c (0x015c5d13) x26 0x0000063e
core   0: 0x8000c760 (0x03870cb3) mul     s9, a4, s8
core   0: 3 0x8000c760 (0x03870cb3) x25 0xa8358480
core   0: 0x8000c764 (0x0ff0000f) fence   iorw,iorw
core   0: 3 0x8000c764 (0x0ff0000f)
core   0: 0x8000c768 (0x00d839b3) sltu    s3, a6, a3
core   0: 3 0x8000c768 (0x00d839b3) x19 0x00000001
core   0: 0x8000c76c (0xdec6ff13) andi    t5, a3, -532
core   0: 3 0x8000c76c (0xdec6ff13) x30 0x8002bd24
core   0: 0x8000c770 (0x03e50a33) mul     s4, a0, t5
core   0: 3 0x8000c770 (0x03e50a33) x20 0x7ffd42dc
core   0: 0x8000c774 (0x0162d213) srli    tp, t0, 22
core   0: 3 0x8000c774 (0x0162d213) x 4 0x00000000
core   0: 0x8000c778 (0x037120b3) mulhsu  ra, sp, s7
core   0: 3 0x8000c778 (0x037120b3) x 1 0xffffffc9
core   0: 0x8000c77c (0x02e2d9b3) divu    s3, t0, a4
core   0: 3 0x8000c77c (0x02e2d9b3) x19 0x00000000
core   0: 0x8000c780 (0x1efaf013) andi    zero, s5, 495
core   0: 3 0x8000c780 (0x1efaf013)
core   0: 0x8000c784 (0xfe392f13) slti    t5, s2, -29
core   0: 3 0x8000c784 (0xfe392f13) x30 0x00000001
core   0: 0x8000c788 (0x0172dc33) srl     s8, t0, s7
core   0: 3 0x8000c788 (0x0172dc33) x24 0x00000000
core   0: 0x8000c78c (0x00008711) c.srai  a4, 4
core   0: 3 0x8000c78c (0x8711) x14 0x00000016
core   0: 0x8000c78e (0xe4212013) slti    zero, sp, -446
core   0: 3 0x8000c78e (0xe4212013)
core   0: 0x8000c792 (0x000084b1) c.srai  s1, 12
core   0: 3 0x8000c792 (0x84b1) x 9 0xfffc7c02
core   0: 0x8000c794 (0x0001f033) and     zero, gp, zero
core   0: 3 0x8000c794 (0x0001f033)
core   0: 0x8000c798 (0x00006ccd) c.lui   s9, 0x13
core   0: 3 0x8000c798 (0x6ccd) x25 0x00013000
core   0: 0x8000c79a (0x0000611d) c.addi16sp sp, 416
core   0: 3 0x8000c79a (0x611d) x 2 0x828488ec
core   0: 0x8000c79c (0x00004b91) c.li    s7, 4
core   0: 3 0x8000c79c (0x4b91) x23 0x00000004
core   0: 0x8000c79e (0x02d54563) blt     a0, a3, pc + 42
core   0: 3 0x8000c79e (0x02d54563)
core   0: 0x8000c7a2 (0x0142a0b3) slt     ra, t0, s4
core   0: 3 0x8000c7a2 (0x0142a0b3) x 1 0x00000001
core   0: 0x8000c7a6 (0x00000001) c.nop
core   0: 3 0x8000c7a6 (0x0001)
core   0: 0x8000c7a8 (0x03875333) divu    t1, a4, s8
core   0: 3 0x8000c7a8 (0x03875333) x 6 0xffffffff
core   0: 0x8000c7ac (0x3a39b497) auipc   s1, 0x3a39b
core   0: 3 0x8000c7ac (0x3a39b497) x 9 0xba3a77ac
core   0: 0x8000c7b0 (0x402201b3) sub     gp, tp, sp
core   0: 3 0x8000c7b0 (0x402201b3) x 3 0x7d7b7714
core   0: 0x8000c7b4 (0xfdc0ab13) slti    s6, ra, -36
core   0: 3 0x8000c7b4 (0xfdc0ab13) x22 0x00000000
core   0: 0x8000c7b8 (0x00000001) c.nop
core   0: 3 0x8000c7b8 (0x0001)
core   0: 0x8000c7ba (0x03d2e633) rem     a2, t0, t4
core   0: 3 0x8000c7ba (0x03d2e633) x12 0x00000001
core   0: 0x8000c7be (0x000002ae) c.slli  t0, 11
core   0: 3 0x8000c7be (0x02ae) x 5 0x00000800
core   0: 0x8000c7c0 (0x58383b93) sltiu   s7, a6, 1411
core   0: 3 0x8000c7c0 (0x58383b93) x23 0x00000000
core   0: 0x8000c7c4 (0x415bd713) srai    a4, s7, 21
core   0: 3 0x8000c7c4 (0x415bd713) x14 0x00000000
core   0: 0x8000c7c8 (0x00867e33) and     t3, a2, s0
core   0: 3 0x8000c7c8 (0x00867e33) x28 0x00000001
core   0: 0x8000c7cc (0x00e9a4b3) slt     s1, s3, a4
core   0: 3 0x8000c7cc (0x00e9a4b3) x 9 0x00000000
core   0: 0x8000c7d0 (0x0084ea33) or      s4, s1, s0
core   0: 3 0x8000c7d0 (0x0084ea33) x20 0x4001cd2f
core   0: 0x8000c7d4 (0x00009f16) c.add   t5, t0
core   0: 3 0x8000c7d4 (0x9f16) x30 0x00000801
core   0: 0x8000c7d6 (0x00006145) c.addi16sp sp, 48
core   0: 3 0x8000c7d6 (0x6145) x 2 0x8284891c
core   0: 0x8000c7d8 (0x947e9d37) lui     s10, 0x947e9
core   0: 3 0x8000c7d8 (0x947e9d37) x26 0x947e9000
core   0: 0x8000c7dc (0x0ff0000f) fence   iorw,iorw
core   0: 3 0x8000c7dc (0x0ff0000f)
core   0: 0x8000c7e0 (0x405e5593) srai    a1, t3, 5
core   0: 3 0x8000c7e0 (0x405e5593) x11 0x00000000
core   0: 0x8000c7e4 (0x00000b49) c.addi  s6, 18
core   0: 3 0x8000c7e4 (0x0b49) x22 0x00000012
core   0: 0x8000c7e6 (0x00acf233) and     tp, s9, a0
core   0: 3 0x8000c7e6 (0x00acf233) x 4 0x00013000
core   0: 0x8000c7ea (0x00bed593) srli    a1, t4, 11
core   0: 3 0x8000c7ea (0x00bed593) x11 0x00000000
core   0: 0x8000c7ee (0x01ba7233) and     tp, s4, s11
core   0: 3 0x8000c7ee (0x01ba7233) x 4 0x0001c920
core   0: 0x8000c7f2 (0x41ecdd13) srai    s10, s9, 30
core   0: 3 0x8000c7f2 (0x41ecdd13) x26 0x00000000
core   0: 0x8000c7f6 (0x03992233) mulhsu  tp, s2, s9
core   0: 3 0x8000c7f6 (0x03992233) x 4 0xffffffff
core   0: 0x8000c7fa (0x05758063) beq     a1, s7, pc + 64
core   0: 3 0x8000c7fa (0x05758063)
core   0: 0x8000c83a (0x00000001) c.nop
core   0: 3 0x8000c83a (0x0001)
core   0: 0x8000c83c (0x003817b3) sll     a5, a6, gp
core   0: 3 0x8000c83c (0x003817b3) x15 0xe7c00000
core   0: 0x8000c840 (0x00000ee9) c.addi  t4, 26
core   0: 3 0x8000c840 (0x0ee9) x29 0x0000001a
core   0: 0x8000c842 (0x0000872e) c.mv    a4, a1
core   0: 3 0x8000c842 (0x872e) x14 0x00000000
core   0: 0x8000c844 (0x0000100f) fence.i
core   0: 3 0x8000c844 (0x0000100f)
core   0: 0x8000c848 (0x0000cc05) c.beqz  s0, pc + 56
core   0: 3 0x8000c848 (0xcc05)
core   0: 0x8000c84a (0x00001084) c.addi4spn s1, sp, 96
core   0: 3 0x8000c84a (0x1084) x 9 0x8284897c
core   0: 0x8000c84c (0x009e1b33) sll     s6, t3, s1
core   0: 3 0x8000c84c (0x009e1b33) x22 0x10000000
core   0: 0x8000c850 (0x02b7c4b3) div     s1, a5, a1
core   0: 3 0x8000c850 (0x02b7c4b3) x 9 0xffffffff
core   0: 0x8000c854 (0x0ff0000f) fence   iorw,iorw
core   0: 3 0x8000c854 (0x0ff0000f)
core   0: 0x8000c858 (0x02e76f33) rem     t5, a4, a4
core   0: 3 0x8000c858 (0x02e76f33) x30 0x00000000
core   0: 0x8000c85c (0x00177463) bgeu    a4, ra, pc + 8
core   0: 3 0x8000c85c (0x00177463)
core   0: 0x8000c860 (0x00e241b3) xor     gp, tp, a4
core   0: 3 0x8000c860 (0x00e241b3) x 3 0xffffffff
core   0: 0x8000c864 (0x00000001) c.nop
core   0: 3 0x8000c864 (0x0001)
core   0: 0x8000c866 (0x02314e63) blt     sp, gp, pc + 60
core   0: 3 0x8000c866 (0x02314e63)
core   0: 0x8000c8a2 (0x0000eb0d) c.bnez  a4, pc + 50
core   0: 3 0x8000c8a2 (0xeb0d)
core   0: 0x8000c8a4 (0x02412633) mulhsu  a2, sp, tp
core   0: 3 0x8000c8a4 (0x02412633) x12 0x8284891c
core   0: 0x8000c8a8 (0x036c5463) bge     s8, s6, pc + 40
core   0: 3 0x8000c8a8 (0x036c5463)
core   0: 0x8000c8ac (0x00000001) c.nop
core   0: 3 0x8000c8ac (0x0001)
core   0: 0x8000c8ae (0x000042e5) c.li    t0, 25
core   0: 3 0x8000c8ae (0x42e5) x 5 0x00000019
core   0: 0x8000c8b0 (0x938fc217) auipc   tp, 0x938fc
core   0: 3 0x8000c8b0 (0x938fc217) x 4 0x139088b0
core   0: 0x8000c8b4 (0x410c8633) sub     a2, s9, a6
core   0: 3 0x8000c8b4 (0x410c8633) x12 0x7ffeb184
core   0: 0x8000c8b8 (0x41de5713) srai    a4, t3, 29
core   0: 3 0x8000c8b8 (0x41de5713) x14 0x00000000
core   0: 0x8000c8bc (0x00009476) c.add   s0, t4
core   0: 3 0x8000c8bc (0x9476) x 8 0x4001cd49
core   0: 0x8000c8be (0x01519533) sll     a0, gp, s5
core   0: 3 0x8000c8be (0x01519533) x10 0xffffffff
core   0: 0x8000c8c2 (0x00008fad) c.xor   a5, a1
core   0: 3 0x8000c8c2 (0x8fad) x15 0xe7c00000
core   0: 0x8000c8c4 (0x00c6efb3) or      t6, a3, a2
core   0: 3 0x8000c8c4 (0x00c6efb3) x31 0xfffebda4
core   0: 0x8000c8c8 (0x0190cfb3) xor     t6, ra, s9
core   0: 3 0x8000c8c8 (0x0190cfb3) x31 0x00013001
core   0: 0x8000c8cc (0x9fdb0413) addi    s0, s6, -1539
core   0: 3 0x8000c8cc (0x9fdb0413) x 8 0x0ffff9fd
core   0: 0x8000c8d0 (0xfb9b6193) ori     gp, s6, -71
core   0: 3 0x8000c8d0 (0xfb9b6193) x 3 0xffffffb9
core   0: 0x8000c8d4 (0x00549a33) sll     s4, s1, t0
core   0: 3 0x8000c8d4 (0x00549a33) x20 0xfe000000
core   0: 0x8000c8d8 (0x059f5163) bge     t5, s9, pc + 66
core   0: 3 0x8000c8d8 (0x059f5163)
core   0: 0x8000c8dc (0x000062b5) c.lui   t0, 0xd
core   0: 3 0x8000c8dc (0x62b5) x 5 0x0000d000
core   0: 0x8000c8de (0x0000040a) c.slli  s0, 2
core   0: 3 0x8000c8de (0x040a) x 8 0x3fffe7f4
core   0: 0x8000c8e0 (0x031fd163) bge     t6, a7, pc + 34
core   0: 3 0x8000c8e0 (0x031fd163)
core   0: 0x8000c902 (0x016f1093) slli    ra, t5, 22
core   0: 3 0x8000c902 (0x016f1093) x 1 0x00000000
core   0: 0x8000c906 (0x001b57b3) srl     a5, s6, ra
core   0: 3 0x8000c906 (0x001b57b3) x15 0x10000000
core   0: 0x8000c90a (0x01c2ed33) or      s10, t0, t3
core   0: 3 0x8000c90a (0x01c2ed33) x26 0x0000d001
core   0: 0x8000c90e (0x92f62113) slti    sp, a2, -1745
core   0: 3 0x8000c90e (0x92f62113) x 2 0x00000000
core   0: 0x8000c912 (0x00c8f763) bgeu    a7, a2, pc + 14
core   0: 3 0x8000c912 (0x00c8f763)
core   0: 0x8000c916 (0x27882213) slti    tp, a6, 632
core   0: 3 0x8000c916 (0x27882213) x 4 0x00000001
core   0: 0x8000c91a (0x00e3ecb3) or      s9, t2, a4
core   0: 3 0x8000c91a (0x00e3ecb3) x25 0x00000000
core   0: 0x8000c91e (0x00000db1) c.addi  s11, 12
core   0: 3 0x8000c91e (0x0db1) x27 0x0009f96c
core   0: 0x8000c920 (0x02f22e33) mulhsu  t3, tp, a5
core   0: 3 0x8000c920 (0x02f22e33) x28 0x00000000
core   0: 0x8000c924 (0x037b9033) mulh    zero, s7, s7
core   0: 3 0x8000c924 (0x037b9033)
core   0: 0x8000c928 (0x40ed5c33) sra     s8, s10, a4
core   0: 3 0x8000c928 (0x40ed5c33) x24 0x0000d001
core   0: 0x8000c92c (0x006c1a93) slli    s5, s8, 6
core   0: 3 0x8000c92c (0x006c1a93) x21 0x00340040
core   0: 0x8000c930 (0x01f4a4b3) slt     s1, s1, t6
core   0: 3 0x8000c930 (0x01f4a4b3) x 9 0x00000001
core   0: 0x8000c934 (0x0036de33) srl     t3, a3, gp
core   0: 3 0x8000c934 (0x0036de33) x28 0x00000040
core   0: 0x8000c938 (0x00e31593) slli    a1, t1, 14
core   0: 3 0x8000c938 (0x00e31593) x11 0xffffc000
core   0: 0x8000c93c (0x415f07b3) sub     a5, t5, s5
core   0: 3 0x8000c93c (0x415f07b3) x15 0xffcbffc0
core   0: 0x8000c940 (0x00000001) c.nop
core   0: 3 0x8000c940 (0x0001)
core   0: 0x8000c942 (0x003128b3) slt     a7, sp, gp
core   0: 3 0x8000c942 (0x003128b3) x17 0x00000000
core   0: 0x8000c946 (0x00000001) c.nop
core   0: 3 0x8000c946 (0x0001)
core   0: 0x8000c948 (0x00000001) c.nop
core   0: 3 0x8000c948 (0x0001)
core   0: 0x8000c94a (0x03ddfc63) bgeu    s11, t4, pc + 56
core   0: 3 0x8000c94a (0x03ddfc63)
core   0: 0x8000c982 (0x01a0b4b3) sltu    s1, ra, s10
core   0: 3 0x8000c982 (0x01a0b4b3) x 9 0x00000001
core   0: 0x8000c986 (0x00215333) srl     t1, sp, sp
core   0: 3 0x8000c986 (0x00215333) x 6 0x00000000
core   0: 0x8000c98a (0x031ded63) bltu    s11, a7, pc + 58
core   0: 3 0x8000c98a (0x031ded63)
core   0: 0x8000c98e (0x03196433) rem     s0, s2, a7
core   0: 3 0x8000c98e (0x03196433) x 8 0xfffff9d7
core   0: 0x8000c992 (0x41db0e33) sub     t3, s6, t4
core   0: 3 0x8000c992 (0x41db0e33) x28 0x0fffffe6
core   0: 0x8000c996 (0x0557f263) bgeu    a5, s5, pc + 68
core   0: 3 0x8000c996 (0x0557f263)
core   0: 0x8000c9da (0x006d9413) slli    s0, s11, 6
core   0: 3 0x8000c9da (0x006d9413) x 8 0x027e5b00
core   0: 0x8000c9de (0x00000d9c) c.addi4spn a5, sp, 720
core   0: 3 0x8000c9de (0x0d9c) x15 0x000002d0
core   0: 0x8000c9e0 (0x02840d63) beq     s0, s0, pc + 58
core   0: 3 0x8000c9e0 (0x02840d63)
core   0: 0x8000ca1a (0x40835bb3) sra     s7, t1, s0
core   0: 3 0x8000ca1a (0x40835bb3) x23 0x00000000
core   0: 0x8000ca1e (0x00008091) c.srli  s1, 4
core   0: 3 0x8000ca1e (0x8091) x 9 0x00000000
core   0: 0x8000ca20 (0x0000071a) c.slli  a4, 6
core   0: 3 0x8000ca20 (0x071a) x14 0x00000000
core   0: 0x8000ca22 (0x40a0dd13) srai    s10, ra, 10
core   0: 3 0x8000ca22 (0x40a0dd13) x26 0x00000000
core   0: 0x8000ca26 (0x98612b93) slti    s7, sp, -1658
core   0: 3 0x8000ca26 (0x98612b93) x23 0x00000000
core   0: 0x8000ca2a (0x01d5a1b3) slt     gp, a1, t4
core   0: 3 0x8000ca2a (0x01d5a1b3) x 3 0x00000001
core   0: 0x8000ca2e (0x03177233) remu    tp, a4, a7
core   0: 3 0x8000ca2e (0x03177233) x 4 0x00000000
core   0: 0x8000ca32 (0x01ec4663) blt     s8, t5, pc + 12
core   0: 3 0x8000ca32 (0x01ec4663)
core   0: 0x8000ca36 (0x144e0413) addi    s0, t3, 324
core   0: 3 0x8000ca36 (0x144e0413) x 8 0x1000012a
core   0: 0x8000ca3a (0x030867b3) rem     a5, a6, a6
core   0: 3 0x8000ca3a (0x030867b3) x15 0x00000000
core   0: 0x8000ca3e (0x000008d6) c.slli  a7, 21
core   0: 3 0x8000ca3e (0x08d6) x17 0x00000000
core   0: 0x8000ca40 (0x0000860d) c.srai  a2, 3
core   0: 3 0x8000ca40 (0x860d) x12 0x0fffd630
core   0: 0x8000ca42 (0x49d60213) addi    tp, a2, 1181
core   0: 3 0x8000ca42 (0x49d60213) x 4 0x0fffdacd
core   0: 0x8000ca46 (0x00006505) c.lui   a0, 0x1
core   0: 3 0x8000ca46 (0x6505) x10 0x00001000
core   0: 0x8000ca48 (0x00001c7d) c.addi  s8, -1
core   0: 3 0x8000ca48 (0x1c7d) x24 0x0000d000
core   0: 0x8000ca4a (0x000088c9) c.andi  s1, 18
core   0: 3 0x8000ca4a (0x88c9) x 9 0x00000000
core   0: 0x8000ca4c (0x008cb533) sltu    a0, s9, s0
core   0: 3 0x8000ca4c (0x008cb533) x10 0x00000001
core   0: 0x8000ca50 (0x016f84b3) add     s1, t6, s6
core   0: 3 0x8000ca50 (0x016f84b3) x 9 0x10013001
core   0: 0x8000ca54 (0x0000c895) c.beqz  s1, pc + 52
core   0: 3 0x8000ca54 (0xc895)
core   0: 0x8000ca56 (0x03270d33) mul     s10, a4, s2
core   0: 3 0x8000ca56 (0x03270d33) x26 0x00000000
core   0: 0x8000ca5a (0x0000850d) c.srai  a0, 3
core   0: 3 0x8000ca5a (0x850d) x10 0x00000000
core   0: 0x8000ca5c (0xfd61d337) lui     t1, 0xfd61d
core   0: 3 0x8000ca5c (0xfd61d337) x 6 0xfd61d000
core   0: 0x8000ca60 (0x0027d033) srl     zero, a5, sp
core   0: 3 0x8000ca60 (0x0027d033)
core   0: 0x8000ca64 (0x0314a933) mulhsu  s2, s1, a7
core   0: 3 0x8000ca64 (0x0314a933) x18 0x00000000
core   0: 0x8000ca68 (0x0735a613) slti    a2, a1, 115
core   0: 3 0x8000ca68 (0x0735a613) x12 0x00000001
core   0: 0x8000ca6c (0x00008e15) c.sub   a2, a3
core   0: 3 0x8000ca6c (0x8e15) x12 0x7ffd42dd
core   0: 0x8000ca6e (0x00f34863) blt     t1, a5, pc + 16
core   0: 3 0x8000ca6e (0x00f34863)
core   0: 0x8000ca7e (0x00008cf1) c.and   s1, a2
core   0: 3 0x8000ca7e (0x8cf1) x 9 0x10010001
core   0: 0x8000ca80 (0x67a3d237) lui     tp, 0x67a3d
core   0: 3 0x8000ca80 (0x67a3d237) x 4 0x67a3d000
core   0: 0x8000ca84 (0x01bb4433) xor     s0, s6, s11
core   0: 3 0x8000ca84 (0x01bb4433) x 8 0x1009f96c
core   0: 0x8000ca88 (0x0254b033) mulhu   zero, s1, t0
core   0: 3 0x8000ca88 (0x0254b033)
core   0: 0x8000ca8c (0x01916e33) or      t3, sp, s9
core   0: 3 0x8000ca8c (0x01916e33) x28 0x00000000
core   0: 0x8000ca90 (0x0000894a) c.mv    s2, s2
core   0: 3 0x8000ca90 (0x894a) x18 0x00000000
core   0: 0x8000ca92 (0x03dfe5b3) rem     a1, t6, t4
core   0: 3 0x8000ca92 (0x03dfe5b3) x11 0x00000007
core   0: 0x8000ca96 (0x6464df37) lui     t5, 0x6464d
core   0: 3 0x8000ca96 (0x6464df37) x30 0x6464d000
core   0: 0x8000ca9a (0x36c9ee93) ori     t4, s3, 876
core   0: 3 0x8000ca9a (0x36c9ee93) x29 0x0000036c
core   0: 0x8000ca9e (0x0000c58d) c.beqz  a1, pc + 42
core   0: 3 0x8000ca9e (0xc58d)
core   0: 0x8000caa0 (0x00008171) c.srli  a0, 28
core   0: 3 0x8000caa0 (0x8171) x10 0x00000000
core   0: 0x8000caa2 (0x000089f6) c.mv    s3, t4
core   0: 3 0x8000caa2 (0x89f6) x19 0x0000036c
core   0: 0x8000caa4 (0x267d0b13) addi    s6, s10, 615
core   0: 3 0x8000caa4 (0x267d0b13) x22 0x00000267
core   0: 0x8000caa8 (0x03fd4033) div     zero, s10, t6
core   0: 3 0x8000caa8 (0x03fd4033)
core   0: 0x8000caac (0x0175c0b3) xor     ra, a1, s7
core   0: 3 0x8000caac (0x0175c0b3) x 1 0x00000007
core   0: 0x8000cab0 (0x0000010c) c.addi4spn a1, sp, 128
core   0: 3 0x8000cab0 (0x010c) x11 0x00000080
core   0: 0x8000cab2 (0x61636313) ori     t1, t1, 1558
core   0: 3 0x8000cab2 (0x61636313) x 6 0xfd61d616
core   0: 0x8000cab6 (0x000084cd) c.srai  s1, 19
core   0: 3 0x8000cab6 (0x84cd) x 9 0x00000200
core   0: 0x8000cab8 (0x00008621) c.srai  a2, 8
core   0: 3 0x8000cab8 (0x8621) x12 0x007ffd42
core   0: 0x8000caba (0x039b1133) mulh    sp, s6, s9
core   0: 3 0x8000caba (0x039b1133) x 2 0x00000000
core   0: 0x8000cabe (0x0000cc09) c.beqz  s0, pc + 26
core   0: 3 0x8000cabe (0xcc09)
core   0: 0x8000cac0 (0xb3f93d13) sltiu   s10, s2, -1217
core   0: 3 0x8000cac0 (0xb3f93d13) x26 0x00000001
core   0: 0x8000cac4 (0x00196963) bltu    s2, ra, pc + 18
core   0: 3 0x8000cac4 (0x00196963)
core   0: 0x8000cad6 (0x00009d3e) c.add   s10, a5
core   0: 3 0x8000cad6 (0x9d3e) x26 0x00000001
core   0: 0x8000cad8 (0x00008de9) c.and   a1, a0
core   0: 3 0x8000cad8 (0x8de9) x11 0x00000000
core   0: 0x8000cada (0x00001480) c.addi4spn s0, sp, 608
core   0: 3 0x8000cada (0x1480) x 8 0x00000260
core   0: 0x8000cadc (0x00643eb3) sltu    t4, s0, t1
core   0: 3 0x8000cadc (0x00643eb3) x29 0x00000001
core   0: 0x8000cae0 (0x000051fd) c.li    gp, -1
core   0: 3 0x8000cae0 (0x51fd) x 3 0xffffffff
core   0: 0x8000cae2 (0x03fddcb3) divu    s9, s11, t6
core   0: 3 0x8000cae2 (0x03fddcb3) x25 0x00000008
core   0: 0x8000cae6 (0x03f71333) mulh    t1, a4, t6
core   0: 3 0x8000cae6 (0x03f71333) x 6 0x00000000
core   0: 0x8000caea (0x03c83333) mulhu   t1, a6, t3
core   0: 3 0x8000caea (0x03c83333) x 6 0x00000000
core   0: 0x8000caee (0x0ff0000f) fence   iorw,iorw
core   0: 3 0x8000caee (0x0ff0000f)
core   0: 0x8000caf2 (0xf7e5d8b7) lui     a7, 0xf7e5d
core   0: 3 0x8000caf2 (0xf7e5d8b7) x17 0xf7e5d000
core   0: 0x8000caf6 (0x01677263) bgeu    a4, s6, pc + 4
core   0: 3 0x8000caf6 (0x01677263)
core   0: 0x8000cafa (0x02fbfb63) bgeu    s7, a5, pc + 54
core   0: 3 0x8000cafa (0x02fbfb63)
core   0: 0x8000cb30 (0x00000484) c.addi4spn s1, sp, 576
core   0: 3 0x8000cb30 (0x0484) x 9 0x00000240
core   0: 0x8000cb32 (0x00008d71) c.and   a0, a2
core   0: 3 0x8000cb32 (0x8d71) x10 0x00000000
core   0: 0x8000cb34 (0x00008a42) c.mv    s4, a6
core   0: 3 0x8000cb34 (0x8a42) x20 0x80027e7c
core   0: 0x8000cb36 (0x7567d437) lui     s0, 0x7567d
core   0: 3 0x8000cb36 (0x7567d437) x 8 0x7567d000
core   0: 0x8000cb3a (0x00008d59) c.or    a0, a4
core   0: 3 0x8000cb3a (0x8d59) x10 0x00000000
core   0: 0x8000cb3c (0x0000141c) c.addi4spn a5, sp, 544
core   0: 3 0x8000cb3c (0x141c) x15 0x00000220
core   0: 0x8000cb3e (0x00000001) c.nop
core   0: 3 0x8000cb3e (0x0001)
core   0: 0x8000cb40 (0x02578f63) beq     a5, t0, pc + 62
core   0: 3 0x8000cb40 (0x02578f63)
core   0: 0x8000cb44 (0x00bd0cb3) add     s9, s10, a1
core   0: 3 0x8000cb44 (0x00bd0cb3) x25 0x00000001
core   0: 0x8000cb48 (0x0000679d) c.lui   a5, 0x7
core   0: 3 0x8000cb48 (0x679d) x15 0x00007000
core   0: 0x8000cb4a (0xc2af8293) addi    t0, t6, -982
core   0: 3 0x8000cb4a (0xc2af8293) x 5 0x00012c2b
core   0: 0x8000cb4e (0x00b71863) bne     a4, a1, pc + 16
core   0: 3 0x8000cb4e (0x00b71863)
core   0: 0x8000cb52 (0x01bbd333) srl     t1, s7, s11
core   0: 3 0x8000cb52 (0x01bbd333) x 6 0x00000000
core   0: 0x8000cb56 (0x0ff0000f) fence   iorw,iorw
core   0: 3 0x8000cb56 (0x0ff0000f)
core   0: 0x8000cb5a (0x00b6b933) sltu    s2, a3, a1
core   0: 3 0x8000cb5a (0x00b6b933) x18 0x00000000
core   0: 0x8000cb5e (0x8ba5eab7) lui     s5, 0x8ba5e
core   0: 3 0x8000cb5e (0x8ba5eab7) x21 0x8ba5e000
core   0: 0x8000cb62 (0x00008c45) c.or    s0, s1
core   0: 3 0x8000cb62 (0x8c45) x 8 0x7567d240
core   0: 0x8000cb64 (0xcb62b013) sltiu   zero, t0, -842
core   0: 3 0x8000cb64 (0xcb62b013)
core   0: 0x8000cb68 (0xe0f6e893) ori     a7, a3, -497
core   0: 3 0x8000cb68 (0xe0f6e893) x17 0xffffff2f
core   0: 0x8000cb6c (0x02049333) mulh    t1, s1, zero
core   0: 3 0x8000cb6c (0x02049333) x 6 0x00000000
core   0: 0x8000cb70 (0x00008ded) c.and   a1, a1
core   0: 3 0x8000cb70 (0x8ded) x11 0x00000000
core   0: 0x8000cb72 (0x00000a86) c.slli  s5, 1
core   0: 3 0x8000cb72 (0x0a86) x21 0x174bc000
core   0: 0x8000cb74 (0x00ec5f93) srli    t6, s8, 14
core   0: 3 0x8000cb74 (0x00ec5f93) x31 0x00000003
core   0: 0x8000cb78 (0x02a26a63) bltu    tp, a0, pc + 52
core   0: 3 0x8000cb78 (0x02a26a63)
core   0: 0x8000cb7c (0x00000001) c.nop
core   0: 3 0x8000cb7c (0x0001)
core   0: 0x8000cb7e (0x00000001) c.nop
core   0: 3 0x8000cb7e (0x0001)
core   0: 0x8000cb80 (0xe806f593) andi    a1, a3, -384
core   0: 3 0x8000cb80 (0xe806f593) x11 0x8002bc00
core   0: 0x8000cb84 (0x01d53ab3) sltu    s5, a0, t4
core   0: 3 0x8000cb84 (0x01d53ab3) x21 0x00000001
core   0: 0x8000cb88 (0x01517933) and     s2, sp, s5
core   0: 3 0x8000cb88 (0x01517933) x18 0x00000000
core   0: 0x8000cb8c (0x41a250b3) sra     ra, tp, s10
core   0: 3 0x8000cb8c (0x41a250b3) x 1 0x33d1e800
core   0: 0x8000cb90 (0x0000c78d) c.beqz  a5, pc + 42
core   0: 3 0x8000cb90 (0xc78d)
core   0: 0x8000cb92 (0x370af193) andi    gp, s5, 880
core   0: 3 0x8000cb92 (0x370af193) x 3 0x00000000
core   0: 0x8000cb96 (0x41f55293) srai    t0, a0, 31
core   0: 3 0x8000cb96 (0x41f55293) x 5 0x00000000
core   0: 0x8000cb9a (0x3752a8b7) lui     a7, 0x3752a
core   0: 3 0x8000cb9a (0x3752a8b7) x17 0x3752a000
core   0: 0x8000cb9e (0x00008d35) c.xor   a0, a3
core   0: 3 0x8000cb9e (0x8d35) x10 0x8002bd24
core   0: 0x8000cba0 (0x033a4b63) blt     s4, s3, pc + 54
core   0: 3 0x8000cba0 (0x033a4b63)
core   0: 0x8000cbd6 (0x00a7d593) srli    a1, a5, 10
core   0: 3 0x8000cbd6 (0x00a7d593) x11 0x0000001c
core   0: 0x8000cbda (0x000bb033) sltu    zero, s7, zero
core   0: 3 0x8000cbda (0x000bb033)
core   0: 0x8000cbde (0x00001cfd) c.addi  s9, -1
core   0: 3 0x8000cbde (0x1cfd) x25 0x00000000
core   0: 0x8000cbe0 (0x0226cfb3) div     t6, a3, sp
core   0: 3 0x8000cbe0 (0x0226cfb3) x31 0xffffffff
core   0: 0x8000cbe4 (0x00000001) c.nop
core   0: 3 0x8000cbe4 (0x0001)
core   0: 0x8000cbe6 (0x00568b33) add     s6, a3, t0
core   0: 3 0x8000cbe6 (0x00568b33) x22 0x8002bd24
core   0: 0x8000cbea (0x1f8d9ab7) lui     s5, 0x1f8d9
core   0: 3 0x8000cbea (0x1f8d9ab7) x21 0x1f8d9000
core   0: 0x8000cbee (0x400ed0b3) sra     ra, t4, zero
core   0: 3 0x8000cbee (0x400ed0b3) x 1 0x00000001
core   0: 0x8000cbf2 (0xd4a03d93) sltiu   s11, zero, -694
core   0: 3 0x8000cbf2 (0xd4a03d93) x27 0x00000001
core   0: 0x8000cbf6 (0x02e9c963) blt     s3, a4, pc + 50
core   0: 3 0x8000cbf6 (0x02e9c963)
core   0: 0x8000cbfa (0x0000e59d) c.bnez  a1, pc + 46
core   0: 3 0x8000cbfa (0xe59d)
core   0: 0x8000cc28 (0x011fc8b3) xor     a7, t6, a7
core   0: 3 0x8000cc28 (0x011fc8b3) x17 0xc8ad5fff
core   0: 0x8000cc2c (0x102d3093) sltiu   ra, s10, 258
core   0: 3 0x8000cc2c (0x102d3093) x 1 0x00000001
core   0: 0x8000cc30 (0x0ff0000f) fence   iorw,iorw
core   0: 3 0x8000cc30 (0x0ff0000f)
core   0: 0x8000cc34 (0x40bb5f93) srai    t6, s6, 11
core   0: 3 0x8000cc34 (0x40bb5f93) x31 0xfff00057
core   0: 0x8000cc38 (0x02ba41b3) div     gp, s4, a1
core   0: 3 0x8000cc38 (0x02ba41b3) x 3 0xfb6dcda9
core   0: 0x8000cc3c (0x0030a133) slt     sp, ra, gp
core   0: 3 0x8000cc3c (0x0030a133) x 2 0x00000000
core   0: 0x8000cc40 (0x0248dc33) divu    s8, a7, tp
core   0: 3 0x8000cc40 (0x0248dc33) x24 0x00000001
core   0: 0x8000cc44 (0x004bceb3) xor     t4, s7, tp
core   0: 3 0x8000cc44 (0x004bceb3) x29 0x67a3d000
core   0: 0x8000cc48 (0x00001f10) c.addi4spn a2, sp, 944
core   0: 3 0x8000cc48 (0x1f10) x12 0x000003b0
core   0: 0x8000cc4a (0x03aeee63) bltu    t4, s10, pc + 60
core   0: 3 0x8000cc4a (0x03aeee63)
core   0: 0x8000cc4e (0x00c4d433) srl     s0, s1, a2
core   0: 3 0x8000cc4e (0x00c4d433) x 8 0x00000000
core   0: 0x8000cc52 (0x00008e65) c.and   a2, s1
core   0: 3 0x8000cc52 (0x8e65) x12 0x00000200
core   0: 0x8000cc54 (0x00008222) c.mv    tp, s0
core   0: 3 0x8000cc54 (0x8222) x 4 0x00000000
core   0: 0x8000cc56 (0x000087c1) c.srai  a5, 16
core   0: 3 0x8000cc56 (0x87c1) x15 0x00000000
core   0: 0x8000cc58 (0x0029e533) or      a0, s3, sp
core   0: 3 0x8000cc58 (0x0029e533) x10 0x0000036c
core   0: 0x8000cc5c (0x00a99433) sll     s0, s3, a0
core   0: 3 0x8000cc5c (0x00a99433) x 8 0x0036c000
core   0: 0x8000cc60 (0x01263db3) sltu    s11, a2, s2
core   0: 3 0x8000cc60 (0x01263db3) x27 0x00000000
core   0: 0x8000cc64 (0x138c7b13) andi    s6, s8, 312
core   0: 3 0x8000cc64 (0x138c7b13) x22 0x00000000
core   0: 0x8000cc68 (0x37fa5917) auipc   s2, 0x37fa5
core   0: 3 0x8000cc68 (0x37fa5917) x18 0xb7fb1c68
core   0: 0x8000cc6c (0x000084e6) c.mv    s1, s9
core   0: 3 0x8000cc6c (0x84e6) x 9 0x00000000
core   0: 0x8000cc6e (0x0000100f) fence.i
core   0: 3 0x8000cc6e (0x0000100f)
core   0: 0x8000cc72 (0xc98dd7b7) lui     a5, 0xc98dd
core   0: 3 0x8000cc72 (0xc98dd7b7) x15 0xc98dd000
core   0: 0x8000cc76 (0x0077cd33) xor     s10, a5, t2
core   0: 3 0x8000cc76 (0x0077cd33) x26 0xc98dd000
core   0: 0x8000cc7a (0x00008d69) c.and   a0, a0
core   0: 3 0x8000cc7a (0x8d69) x10 0x0000036c
core   0: 0x8000cc7c (0x02af1c33) mulh    s8, t5, a0
core   0: 3 0x8000cc7c (0x02af1c33) x24 0x00000157
core   0: 0x8000cc80 (0x028455b3) divu    a1, s0, s0
core   0: 3 0x8000cc80 (0x028455b3) x11 0x00000001
core   0: 0x8000cc84 (0x00008c49) c.or    s0, a0
core   0: 3 0x8000cc84 (0x8c49) x 8 0x0036c36c
core   0: 0x8000cc86 (0x02ac2333) mulhsu  t1, s8, a0
core   0: 3 0x8000cc86 (0x02ac2333) x 6 0x00000000
core   0: 0x8000cc8a (0x00008f55) c.or    a4, a3
core   0: 3 0x8000cc8a (0x8f55) x14 0x8002bd24
core   0: 0x8000cc8c (0x015461b3) or      gp, s0, s5
core   0: 3 0x8000cc8c (0x015461b3) x 3 0x1fbfd36c
core   0: 0x8000cc90 (0x00001c7d) c.addi  s8, -1
core   0: 3 0x8000cc90 (0x1c7d) x24 0x00000156
core   0: 0x8000cc92 (0x0ff0000f) fence   iorw,iorw
core   0: 3 0x8000cc92 (0x0ff0000f)
core   0: 0x8000cc96 (0x00cbd8b3) srl     a7, s7, a2
core   0: 3 0x8000cc96 (0x00cbd8b3) x17 0x00000000
core   0: 0x8000cc9a (0x41a95293) srai    t0, s2, 26
core   0: 3 0x8000cc9a (0x41a95293) x 5 0xffffffed
core   0: 0x8000cc9e (0x038a4933) div     s2, s4, s8
core   0: 3 0x8000cc9e (0x038a4933) x18 0xffa031c6
core   0: 0x8000cca2 (0x02dc0d33) mul     s10, s8, a3
core   0: 3 0x8000cca2 (0x02dc0d33) x26 0x03a8ae18
core   0: 0x8000cca6 (0x9a61b793) sltiu   a5, gp, -1626
core   0: 3 0x8000cca6 (0x9a61b793) x15 0x00000001
core   0: 0x8000ccaa (0x000004da) c.slli  s1, 22
core   0: 3 0x8000ccaa (0x04da) x 9 0x00000000
core   0: 0x8000ccac (0x036f1c63) bne     t5, s6, pc + 56
core   0: 3 0x8000ccac (0x036f1c63)
core   0: 0x8000cce4 (0x000048a1) c.li    a7, 8
core   0: 3 0x8000cce4 (0x48a1) x17 0x00000008
core   0: 0x8000cce6 (0x000081ea) c.mv    gp, s10
core   0: 3 0x8000cce6 (0x81ea) x 3 0x03a8ae18
core   0: 0x8000cce8 (0x402407b3) sub     a5, s0, sp
core   0: 3 0x8000cce8 (0x402407b3) x15 0x0036c36c
core   0: 0x8000ccec (0xf8f34193) xori    gp, t1, -113
core   0: 3 0x8000ccec (0xf8f34193) x 3 0xffffff8f
core   0: 0x8000ccf0 (0x40755293) srai    t0, a0, 7
core   0: 3 0x8000ccf0 (0x40755293) x 5 0x00000006
core   0: 0x8000ccf4 (0x02540c33) mul     s8, s0, t0
core   0: 3 0x8000ccf4 (0x02540c33) x24 0x01489488
core   0: 0x8000ccf8 (0x00008f1d) c.sub   a4, a5
core   0: 3 0x8000ccf8 (0x8f1d) x14 0x7fcbf9b8
core   0: 0x8000ccfa (0x41d8d4b3) sra     s1, a7, t4
core   0: 3 0x8000ccfa (0x41d8d4b3) x 9 0x00000008
core   0: 0x8000ccfe (0x01db2fb3) slt     t6, s6, t4
core   0: 3 0x8000ccfe (0x01db2fb3) x31 0x00000001
core   0: 0x8000cd02 (0x00008e1a) c.mv    t3, t1
core   0: 3 0x8000cd02 (0x8e1a) x28 0x00000000
core   0: 0x8000cd04 (0x00329333) sll     t1, t0, gp
core   0: 3 0x8000cd04 (0x00329333) x 6 0x00030000
core   0: 0x8000cd08 (0x0f17cf13) xori    t5, a5, 241
core   0: 3 0x8000cd08 (0x0f17cf13) x30 0x0036c39d
core   0: 0x8000cd0c (0x00008f41) c.or    a4, s0
core   0: 3 0x8000cd0c (0x8f41) x14 0x7ffffbfc
core   0: 0x8000cd0e (0x01cdff33) and     t5, s11, t3
core   0: 3 0x8000cd0e (0x01cdff33) x30 0x00000000
core   0: 0x8000cd12 (0x41965f93) srai    t6, a2, 25
core   0: 3 0x8000cd12 (0x41965f93) x31 0x00000000
core   0: 0x8000cd16 (0x03dc0b63) beq     s8, t4, pc + 54
core   0: 3 0x8000cd16 (0x03dc0b63)
core   0: 0x8000cd1a (0xd00eaf93) slti    t6, t4, -768
core   0: 3 0x8000cd1a (0xd00eaf93) x31 0x00000000
core   0: 0x8000cd1e (0x03553a33) mulhu   s4, a0, s5
core   0: 3 0x8000cd1e (0x03553a33) x20 0x0000006b
core   0: 0x8000cd22 (0x00abddb3) srl     s11, s7, a0
core   0: 3 0x8000cd22 (0x00abddb3) x27 0x00000000
core   0: 0x8000cd26 (0x00000001) c.nop
core   0: 3 0x8000cd26 (0x0001)
core   0: 0x8000cd28 (0x00676db3) or      s11, a4, t1
core   0: 3 0x8000cd28 (0x00676db3) x27 0x7ffffbfc
core   0: 0x8000cd2c (0xddf9d937) lui     s2, 0xddf9d
core   0: 3 0x8000cd2c (0xddf9d937) x18 0xddf9d000
core   0: 0x8000cd30 (0x00008da1) c.xor   a1, s0
core   0: 3 0x8000cd30 (0x8da1) x11 0x0036c36d
core   0: 0x8000cd32 (0x0063b0b3) sltu    ra, t2, t1
core   0: 3 0x8000cd32 (0x0063b0b3) x 1 0x00000001
core   0: 0x8000cd36 (0x00000aa6) c.slli  s5, 9
core   0: 3 0x8000cd36 (0x0aa6) x21 0x1b200000
core   0: 0x8000cd38 (0x00004f35) c.li    t5, 13
core   0: 3 0x8000cd38 (0x4f35) x30 0x0000000d
core   0: 0x8000cd3a (0x41df8533) sub     a0, t6, t4
core   0: 3 0x8000cd3a (0x41df8533) x10 0x985c3000
core   0: 0x8000cd3e (0x0178f8b3) and     a7, a7, s7
core   0: 3 0x8000cd3e (0x0178f8b3) x17 0x00000000
core   0: 0x8000cd42 (0xfac178b7) lui     a7, 0xfac17
core   0: 3 0x8000cd42 (0xfac178b7) x17 0xfac17000
core   0: 0x8000cd46 (0x00008fe9) c.and   a5, a0
core   0: 3 0x8000cd46 (0x8fe9) x15 0x00140000
core   0: 0x8000cd48 (0x00cf4a33) xor     s4, t5, a2
core   0: 3 0x8000cd48 (0x00cf4a33) x20 0x0000020d
core   0: 0x8000cd4c (0x0000850e) c.mv    a0, gp
core   0: 3 0x8000cd4c (0x850e) x10 0xffffff8f
core   0: 0x8000cd4e (0x2b21af93) slti    t6, gp, 690
core   0: 3 0x8000cd4e (0x2b21af93) x31 0x00000001
core   0: 0x8000cd52 (0x0093d213) srli    tp, t2, 9
core   0: 3 0x8000cd52 (0x0093d213) x 4 0x00000000
core   0: 0x8000cd56 (0x0ff0000f) fence   iorw,iorw
core   0: 3 0x8000cd56 (0x0ff0000f)
core   0: 0x8000cd5a (0x03b1a4b3) mulhsu  s1, gp, s11
core   0: 3 0x8000cd5a (0x03b1a4b3) x 9 0xffffffc7
core   0: 0x8000cd5e (0x00945713) srli    a4, s0, 9
core   0: 3 0x8000cd5e (0x00945713) x14 0x00001b61
core   0: 0x8000cd62 (0x01dac663) blt     s5, t4, pc + 12
core   0: 3 0x8000cd62 (0x01dac663)
core   0: 0x8000cd6e (0x00ad9433) sll     s0, s11, a0
core   0: 3 0x8000cd6e (0x00ad9433) x 8 0xfdfe0000
core   0: 0x8000cd72 (0x6ddf7493) andi    s1, t5, 1757
core   0: 3 0x8000cd72 (0x6ddf7493) x 9 0x0000000d
core   0: 0x8000cd76 (0x40190733) sub     a4, s2, ra
core   0: 3 0x8000cd76 (0x40190733) x14 0xddf9cfff
core   0: 0x8000cd7a (0x000081f9) c.srli  a1, 30
core   0: 3 0x8000cd7a (0x81f9) x11 0x00000000
core   0: 0x8000cd7c (0x01304433) xor     s0, zero, s3
core   0: 3 0x8000cd7c (0x01304433) x 8 0x0000036c
core   0: 0x8000cd80 (0x00905c13) srli    s8, zero, 9
core   0: 3 0x8000cd80 (0x00905c13) x24 0x00000000
core   0: 0x8000cd84 (0x406a85b3) sub     a1, s5, t1
core   0: 3 0x8000cd84 (0x406a85b3) x11 0x1b1d0000
core   0: 0x8000cd88 (0x00008db1) c.xor   a1, a2
core   0: 3 0x8000cd88 (0x8db1) x11 0x1b1d0200
core   0: 0x8000cd8a (0x00006533) or      a0, zero, zero
core   0: 3 0x8000cd8a (0x00006533) x10 0x00000000
core   0: 0x8000cd8e (0x02fbf363) bgeu    s7, a5, pc + 38
core   0: 3 0x8000cd8e (0x02fbf363)
core   0: 0x8000cd92 (0x006a6d63) bltu    s4, t1, pc + 26
core   0: 3 0x8000cd92 (0x006a6d63)
core   0: 0x8000cdac (0x00000f71) c.addi  t5, 28
core   0: 3 0x8000cdac (0x0f71) x30 0x00000029
core   0: 0x8000cdae (0x00000faa) c.slli  t6, 10
core   0: 3 0x8000cdae (0x0faa) x31 0x00000400
core   0: 0x8000cdb0 (0x00bf4033) xor     zero, t5, a1
core   0: 3 0x8000cdb0 (0x00bf4033)
core   0: 0x8000cdb4 (0x0101ec33) or      s8, gp, a6
core   0: 3 0x8000cdb4 (0x0101ec33) x24 0xffffffff
core   0: 0x8000cdb8 (0x00008c85) c.sub   s1, s1
core   0: 3 0x8000cdb8 (0x8c85) x 9 0x00000000
core   0: 0x8000cdba (0x00000eda) c.slli  t4, 22
core   0: 3 0x8000cdba (0x0eda) x29 0x00000000
core   0: 0x8000cdbc (0x038892b3) mulh    t0, a7, s8
core   0: 3 0x8000cdbc (0x038892b3) x 5 0x00000000
core   0: 0x8000cdc0 (0xd91b7713) andi    a4, s6, -623
core   0: 3 0x8000cdc0 (0xd91b7713) x14 0x00000000
core   0: 0x8000cdc4 (0x00008c21) c.xor   s0, s0
core   0: 3 0x8000cdc4 (0x8c21) x 8 0x00000000
core   0: 0x8000cdc6 (0x00008ff1) c.and   a5, a2
core   0: 3 0x8000cdc6 (0x8ff1) x15 0x00000000
core   0: 0x8000cdc8 (0x0055b1b3) sltu    gp, a1, t0
core   0: 3 0x8000cdc8 (0x0055b1b3) x 3 0x00000000
core   0: 0x8000cdcc (0x02a09e33) mulh    t3, ra, a0
core   0: 3 0x8000cdcc (0x02a09e33) x28 0x00000000
core   0: 0x8000cdd0 (0xd6c36793) ori     a5, t1, -660
core   0: 3 0x8000cdd0 (0xd6c36793) x15 0xfffffd6c
core   0: 0x8000cdd4 (0x00000001) c.nop
core   0: 3 0x8000cdd4 (0x0001)
core   0: 0x8000cdd6 (0x026c60b3) rem     ra, s8, t1
core   0: 3 0x8000cdd6 (0x026c60b3) x 1 0xffffffff
core   0: 0x8000cdda (0x00008c09) c.sub   s0, a0
core   0: 3 0x8000cdda (0x8c09) x 8 0x00000000
core   0: 0x8000cddc (0x00008589) c.srai  a1, 2
core   0: 3 0x8000cddc (0x8589) x11 0x06c74080
core   0: 0x8000cdde (0x00000001) c.nop
core   0: 3 0x8000cdde (0x0001)
core   0: 0x8000cde0 (0x2dde8793) addi    a5, t4, 733
core   0: 3 0x8000cde0 (0x2dde8793) x15 0x000002dd
core   0: 0x8000cde4 (0x00000b26) c.slli  s6, 9
core   0: 3 0x8000cde4 (0x0b26) x22 0x00000000
core   0: 0x8000cde6 (0x404c0233) sub     tp, s8, tp
core   0: 3 0x8000cde6 (0x404c0233) x 4 0xffffffff
core   0: 0x8000cdea (0x00000dde) c.slli  s11, 23
core   0: 3 0x8000cdea (0x0dde) x27 0xfe000000
core   0: 0x8000cdec (0x0ff0000f) fence   iorw,iorw
core   0: 3 0x8000cdec (0x0ff0000f)
core   0: 0x8000cdf0 (0xba809537) lui     a0, 0xba809
core   0: 3 0x8000cdf0 (0xba809537) x10 0xba809000
core   0: 0x8000cdf4 (0x00c4fd33) and     s10, s1, a2
core   0: 3 0x8000cdf4 (0x00c4fd33) x26 0x00000000
core   0: 0x8000cdf8 (0x02b5e633) rem     a2, a1, a1
core   0: 3 0x8000cdf8 (0x02b5e633) x12 0x00000000
core   0: 0x8000cdfc (0x019a2c33) slt     s8, s4, s9
core   0: 3 0x8000cdfc (0x019a2c33) x24 0x00000000
core   0: 0x8000ce00 (0x017c9e33) sll     t3, s9, s7
core   0: 3 0x8000ce00 (0x017c9e33) x28 0x00000000
core   0: 0x8000ce04 (0x60743197) auipc   gp, 0x60743
core   0: 3 0x8000ce04 (0x60743197) x 3 0xe074fe04
core   0: 0x8000ce08 (0xf9fcb293) sltiu   t0, s9, -97
core   0: 3 0x8000ce08 (0xf9fcb293) x 5 0x00000001
core   0: 0x8000ce0c (0x00008ca1) c.xor   s1, s0
core   0: 3 0x8000ce0c (0x8ca1) x 9 0x00000000
core   0: 0x8000ce0e (0x004b5093) srli    ra, s6, 4
core   0: 3 0x8000ce0e (0x004b5093) x 1 0x00000000
core   0: 0x8000ce12 (0x0000e10d) c.bnez  a0, pc + 34
core   0: 3 0x8000ce12 (0xe10d)
core   0: 0x8000ce34 (0x00008f5d) c.or    a4, a5
core   0: 3 0x8000ce34 (0x8f5d) x14 0x000002dd
core   0: 0x8000ce36 (0x00a000ef) jal     pc + 0xa
core   0: 3 0x8000ce36 (0x00a000ef) x 1 0x8000ce3a
core   0: 0x8000ce40 (0x00e000ef) jal     pc + 0xe
core   0: 3 0x8000ce40 (0x00e000ef) x 1 0x8000ce44
core   0: 0x8000ce4e (0x0120046f) jal     s0, pc + 0x12
core   0: 3 0x8000ce4e (0x0120046f) x 8 0x8000ce52
core   0: 0x8000ce60 (0xfffff0ef) jal     pc - 0x2
core   0: 3 0x8000ce60 (0xfffff0ef) x 1 0x8000ce64
core   0: 0x8000ce5e (0x00003fe5) c.jal   pc - 8
core   0: 3 0x8000ce5e (0x3fe5) x 1 0x8000ce60
core   0: 0x8000ce56 (0x00003fc5) c.jal   pc - 16
core   0: 3 0x8000ce56 (0x3fc5) x 1 0x8000ce58
core   0: 0x8000ce46 (0x00002009) c.jal   pc + 2
core   0: 3 0x8000ce46 (0x2009) x 1 0x8000ce48
core   0: 0x8000ce48 (0x0000a811) c.j     pc + 20
core   0: 3 0x8000ce48 (0xa811)
core   0: 0x8000ce5c (0x0000bff5) c.j     pc - 4
core   0: 3 0x8000ce5c (0xbff5)
core   0: 0x8000ce58 (0x014000ef) jal     pc + 0x14
core   0: 3 0x8000ce58 (0x014000ef) x 1 0x8000ce5c
core   0: 0x8000ce6c (0x0000bff5) c.j     pc - 4
core   0: 3 0x8000ce6c (0xbff5)
core   0: 0x8000ce68 (0xfd3ffc6f) jal     s8, pc - 0x2e
core   0: 3 0x8000ce68 (0xfd3ffc6f) x24 0x8000ce6c
core   0: 0x8000ce3a (0x00002009) c.jal   pc + 2
core   0: 3 0x8000ce3a (0x2009) x 1 0x8000ce3c
core   0: 0x8000ce3c (0x008000ef) jal     pc + 0x8
core   0: 3 0x8000ce3c (0x008000ef) x 1 0x8000ce40
core   0: 0x8000ce44 (0x00002019) c.jal   pc + 6
core   0: 3 0x8000ce44 (0x2019) x 1 0x8000ce46
core   0: 0x8000ce4a (0x01a00cef) jal     s9, pc + 0x1a
core   0: 3 0x8000ce4a (0x01a00cef) x25 0x8000ce4e
core   0: 0x8000ce64 (0xfefff36f) jal     t1, pc - 0x12
core   0: 3 0x8000ce64 (0xfefff36f) x 6 0x8000ce68
core   0: 0x8000ce52 (0x01c00a6f) jal     s4, pc + 0x1c
core   0: 3 0x8000ce52 (0x01c00a6f) x20 0x8000ce56
core   0: 0x8000ce6e (0x00008d29) c.xor   a0, a0
core   0: 3 0x8000ce6e (0x8d29) x10 0x00000000
core   0: 0x8000ce70 (0xcd94c013) xori    zero, s1, -807
core   0: 3 0x8000ce70 (0xcd94c013)
core   0: 0x8000ce74 (0x0407a193) slti    gp, a5, 64
core   0: 3 0x8000ce74 (0x0407a193) x 3 0x00000000
core   0: 0x8000ce78 (0x00000001) c.nop
core   0: 3 0x8000ce78 (0x0001)
core   0: 0x8000ce7a (0x0000094a) c.slli  s2, 18
core   0: 3 0x8000ce7a (0x094a) x18 0x40000000
core   0: 0x8000ce7c (0x03acb8b3) mulhu   a7, s9, s10
core   0: 3 0x8000ce7c (0x03acb8b3) x17 0x00000000
core   0: 0x8000ce80 (0x0135dc13) srli    s8, a1, 19
core   0: 3 0x8000ce80 (0x0135dc13) x24 0x000000d8
core   0: 0x8000ce84 (0xc6c77c93) andi    s9, a4, -916
core   0: 3 0x8000ce84 (0xc6c77c93) x25 0x0000004c
core   0: 0x8000ce88 (0x0ad9ef93) ori     t6, s3, 173
core   0: 3 0x8000ce88 (0x0ad9ef93) x31 0x000003ed
core   0: 0x8000ce8c (0x0000100f) fence.i
core   0: 3 0x8000ce8c (0x0000100f)
core   0: 0x8000ce90 (0x02d9e0b3) rem     ra, s3, a3
core   0: 3 0x8000ce90 (0x02d9e0b3) x 1 0x0000036c
core   0: 0x8000ce94 (0x0314f563) bgeu    s1, a7, pc + 42
core   0: 3 0x8000ce94 (0x0314f563)
core   0: 0x8000cebe (0x02aa8fb3) mul     t6, s5, a0
core   0: 3 0x8000cebe (0x02aa8fb3) x31 0x00000000
core   0: 0x8000cec2 (0x00008ce9) c.and   s1, a0
core   0: 3 0x8000cec2 (0x8ce9) x 9 0x00000000
core   0: 0x8000cec4 (0x446c4717) auipc   a4, 0x446c4
core   0: 3 0x8000cec4 (0x446c4717) x14 0xc46d0ec4
core   0: 0x8000cec8 (0x00008e3d) c.xor   a2, a5
core   0: 3 0x8000cec8 (0x8e3d) x12 0x000002dd
core   0: 0x8000ceca (0x00001c08) c.addi4spn a0, sp, 560
core   0: 3 0x8000ceca (0x1c08) x10 0x00000230
core   0: 0x8000cecc (0x0368a033) mulhsu  zero, a7, s6
core   0: 3 0x8000cecc (0x0368a033)
core   0: 0x8000ced0 (0x02338763) beq     t2, gp, pc + 46
core   0: 3 0x8000ced0 (0x02338763)
core   0: 0x8000cefe (0xf7a9b297) auipc   t0, 0xf7a9b
core   0: 3 0x8000cefe (0xf7a9b297) x 5 0x77aa7efe
core   0: 0x8000cf02 (0x0cfac963) blt     s5, a5, pc + 210
core   0: 3 0x8000cf02 (0x0cfac963)
core   0: 0x8000cf06 (0xcd854a13) xori    s4, a0, -808
core   0: 3 0x8000cf06 (0xcd854a13) x20 0xfffffee8
core   0: 0x8000cf0a (0x0000100f) fence.i
core   0: 3 0x8000cf0a (0x0000100f)
core   0: 0x8000cf0e (0x0d756b63) bltu    a0, s7, pc + 214
core   0: 3 0x8000cf0e (0x0d756b63)
core   0: 0x8000cf12 (0x7da53113) sltiu   sp, a0, 2010
core   0: 3 0x8000cf12 (0x7da53113) x 2 0x00000001
core   0: 0x8000cf16 (0x00bfd513) srli    a0, t6, 11
core   0: 3 0x8000cf16 (0x00bfd513) x10 0x00000000
core   0: 0x8000cf1a (0x00005117) auipc   sp, 0x5
core   0: 3 0x8000cf1a (0x00005117) x 2 0x80011f1a
core   0: 0x8000cf1e (0x51110113) addi    sp, sp, 1297
core   0: 3 0x8000cf1e (0x51110113) x 2 0x8001242b
core   0: 0x8000cf22 (0xfce14e83) lbu     t4, -50(sp)
core   0: 3 0x8000cf22 (0xfce14e83) x29 0x00000096 mem 0x800123f9
core   0: 0x8000cf26 (0x03414a03) lbu     s4, 52(sp)
core   0: 3 0x8000cf26 (0x03414a03) x20 0x00000037 mem 0x8001245f
core   0: 0x8000cf2a (0xf7014d83) lbu     s11, -144(sp)
core   0: 3 0x8000cf2a (0xf7014d83) x27 0x0000007b mem 0x8001239b
core   0: 0x8000cf2e (0x03bd8e33) mul     t3, s11, s11
core   0: 3 0x8000cf2e (0x03bd8e33) x28 0x00003b19
core   0: 0x8000cf32 (0xc5ae4d93) xori    s11, t3, -934
core   0: 3 0x8000cf32 (0xc5ae4d93) x27 0xffffc743
core   0: 0x8000cf36 (0xfd414e83) lbu     t4, -44(sp)
core   0: 3 0x8000cf36 (0xfd414e83) x29 0x0000002a mem 0x800123ff
core   0: 0x8000cf3a (0x0000654d) c.lui   a0, 0x13
core   0: 3 0x8000cf3a (0x654d) x10 0x00013000
core   0: 0x8000cf3c (0xf5c10e03) lb      t3, -164(sp)
core   0: 3 0x8000cf3c (0xf5c10e03) x28 0x00000053 mem 0x80012387
core   0: 0x8000cf40 (0xa216cd97) auipc   s11, 0xa216c
core   0: 3 0x8000cf40 (0xa216cd97) x27 0x22178f40
core   0: 0x8000cf44 (0x00008d69) c.and   a0, a0
core   0: 3 0x8000cf44 (0x8d69) x10 0x00013000
core   0: 0x8000cf46 (0x05d10923) sb      t4, 82(sp)
core   0: 3 0x8000cf46 (0x05d10923) mem 0x8001247d 0x2a
core   0: 0x8000cf4a (0x00008d69) c.and   a0, a0
core   0: 3 0x8000cf4a (0x8d69) x10 0x00013000
core   0: 0x8000cf4c (0xc54a2d93) slti    s11, s4, -940
core   0: 3 0x8000cf4c (0xc54a2d93) x27 0x00000000
core   0: 0x8000cf50 (0x04e14e83) lbu     t4, 78(sp)
core   0: 3 0x8000cf50 (0x04e14e83) x29 0x00000005 mem 0x80012479
core   0: 0x8000cf54 (0x88299517) auipc   a0, 0x88299
core   0: 3 0x8000cf54 (0x88299517) x10 0x082a5f54
core   0: 0x8000cf58 (0x01614503) lbu     a0, 22(sp)
core   0: 3 0x8000cf58 (0x01614503) x10 0x00000081 mem 0x80012441
core   0: 0x8000cf5c (0xfcc14e03) lbu     t3, -52(sp)
core   0: 3 0x8000cf5c (0xfcc14e03) x28 0x000000b2 mem 0x800123f7
core   0: 0x8000cf60 (0xf7210503) lb      a0, -142(sp)
core   0: 3 0x8000cf60 (0xf7210503) x10 0x00000013 mem 0x8001239d
core   0: 0x8000cf64 (0x00000a72) c.slli  s4, 28
core   0: 3 0x8000cf64 (0x0a72) x20 0x70000000
core   0: 0x8000cf66 (0xfa310503) lb      a0, -93(sp)
core   0: 3 0x8000cf66 (0xfa310503) x10 0xffffffc6 mem 0x800123ce
core   0: 0x8000cf6a (0xffb11ca3) sh      s11, -7(sp)
core   0: 3 0x8000cf6a (0xffb11ca3) mem 0x80012424 0x0000
core   0: 0x8000cf6e (0x01ddb533) sltu    a0, s11, t4
core   0: 3 0x8000cf6e (0x01ddb533) x10 0x00000001
core   0: 0x8000cf72 (0x025cbdb7) lui     s11, 0x25cb
core   0: 3 0x8000cf72 (0x025cbdb7) x27 0x025cb000
core   0: 0x8000cf76 (0xfbb115a3) sh      s11, -85(sp)
core   0: 3 0x8000cf76 (0xfbb115a3) mem 0x800123d6 0xb000
core   0: 0x8000cf7a (0x591e6e13) ori     t3, t3, 1425
core   0: 3 0x8000cf7a (0x591e6e13) x28 0x000005b3
core   0: 0x8000cf7e (0xf4e10283) lb      t0, -178(sp)
core   0: 3 0x8000cf7e (0xf4e10283) x 5 0x00000043 mem 0x80012379
core   0: 0x8000cf82 (0xfef14e83) lbu     t4, -17(sp)
core   0: 3 0x8000cf82 (0xfef14e83) x29 0x000000f4 mem 0x8001241a
core   0: 0x8000cf86 (0xf7c116a3) sh      t3, -147(sp)
core   0: 3 0x8000cf86 (0xf7c116a3) mem 0x80012398 0x05b3
core   0: 0x8000cf8a (0xf4b14503) lbu     a0, -181(sp)
core   0: 3 0x8000cf8a (0xf4b14503) x10 0x00000022 mem 0x80012376
core   0: 0x8000cf8e (0x014a0533) add     a0, s4, s4
core   0: 3 0x8000cf8e (0x014a0533) x10 0xe0000000
core   0: 0x8000cf92 (0xf2b11e03) lh      t3, -213(sp)
core   0: 3 0x8000cf92 (0xf2b11e03) x28 0xffffb6ac mem 0x80012356
core   0: 0x8000cf96 (0x0000100f) fence.i
core   0: 3 0x8000cf96 (0x0000100f)
core   0: 0x8000cf9a (0xf7f15e03) lhu     t3, -129(sp)
core   0: 3 0x8000cf9a (0xf7f15e03) x28 0x00006562 mem 0x800123aa
core   0: 0x8000cf9e (0x02b15e03) lhu     t3, 43(sp)
core   0: 3 0x8000cf9e (0x02b15e03) x28 0x00001248 mem 0x80012456
core   0: 0x8000cfa2 (0x4ee56293) ori     t0, a0, 1262
core   0: 3 0x8000cfa2 (0x4ee56293) x 5 0xe00004ee
core   0: 0x8000cfa6 (0xfaf11e03) lh      t3, -81(sp)
core   0: 3 0x8000cfa6 (0xfaf11e03) x28 0xffffe43e mem 0x800123da
core   0: 0x8000cfaa (0x00029293) slli    t0, t0, 0
core   0: 3 0x8000cfaa (0x00029293) x 5 0xe00004ee
core   0: 0x8000cfae (0x025de533) rem     a0, s11, t0
core   0: 3 0x8000cfae (0x025de533) x10 0x025cb000
core   0: 0x8000cfb2 (0x0e210e03) lb      t3, 226(sp)
core   0: 3 0x8000cfb2 (0x0e210e03) x28 0xffffff98 mem 0x8001250d
core   0: 0x8000cfb6 (0x00000001) c.nop
core   0: 3 0x8000cfb6 (0x0001)
core   0: 0x8000cfb8 (0x90cff593) andi    a1, t6, -1780
core   0: 3 0x8000cfb8 (0x90cff593) x11 0x00000000
core   0: 0x8000cfbc (0x40cb0133) sub     sp, s6, a2
core   0: 3 0x8000cfbc (0x40cb0133) x 2 0xfffffd23
core   0: 0x8000cfc0 (0x0000178c) c.addi4spn a1, sp, 992
core   0: 3 0x8000cfc0 (0x178c) x11 0x00000103
core   0: 0x8000cfc2 (0x74c84897) auipc   a7, 0x74c84
core   0: 3 0x8000cfc2 (0x74c84897) x17 0xf4c90fc2
core   0: 0x8000cfc6 (0x000081f1) c.srli  a1, 28
core   0: 3 0x8000cfc6 (0x81f1) x11 0x00000000
core   0: 0x8000cfc8 (0xf64b8217) auipc   tp, 0xf64b8
core   0: 3 0x8000cfc8 (0xf64b8217) x 4 0x764c4fc8
core   0: 0x8000cfcc (0x00008ada) c.mv    s5, s6
core   0: 3 0x8000cfcc (0x8ada) x21 0x00000000
core   0: 0x8000cfce (0x01ec9333) sll     t1, s9, t5
core   0: 3 0x8000cfce (0x01ec9333) x 6 0x00009800
core   0: 0x8000cfd2 (0x0000997d) c.andi  a0, -1
core   0: 3 0x8000cfd2 (0x997d) x10 0x025cb000
core   0: 0x8000cfd4 (0x024f7863) bgeu    t5, tp, pc + 48
core   0: 3 0x8000cfd4 (0x024f7863)
core   0: 0x8000cfd8 (0x0000100f) fence.i
core   0: 3 0x8000cfd8 (0x0000100f)
core   0: 0x8000cfdc (0x00000722) c.slli  a4, 8
core   0: 3 0x8000cfdc (0x0722) x14 0x6d0ec400
core   0: 0x8000cfde (0x01b7f133) and     sp, a5, s11
core   0: 3 0x8000cfde (0x01b7f133) x 2 0x00000000
core   0: 0x8000cfe2 (0x00000a08) c.addi4spn a0, sp, 272
core   0: 3 0x8000cfe2 (0x0a08) x10 0x00000110
core   0: 0x8000cfe4 (0x01457133) and     sp, a0, s4
core   0: 3 0x8000cfe4 (0x01457133) x 2 0x00000000
core   0: 0x8000cfe8 (0x93fd61b7) lui     gp, 0x93fd6
core   0: 3 0x8000cfe8 (0x93fd61b7) x 3 0x93fd6000
core   0: 0x8000cfec (0x00008df1) c.and   a1, a2
core   0: 3 0x8000cfec (0x8df1) x11 0x00000000
core   0: 0x8000cfee (0x003d47b3) xor     a5, s10, gp
core   0: 3 0x8000cfee (0x003d47b3) x15 0x93fd6000
core   0: 0x8000cff2 (0x02acf0b3) remu    ra, s9, a0
core   0: 3 0x8000cff2 (0x02acf0b3) x 1 0x0000004c
core   0: 0x8000cff6 (0x004a6333) or      t1, s4, tp
core   0: 3 0x8000cff6 (0x004a6333) x 6 0x764c4fc8
core   0: 0x8000cffa (0x02335263) bge     t1, gp, pc + 36
core   0: 3 0x8000cffa (0x02335263)
core   0: 0x8000d01e (0x00000001) c.nop
core   0: 3 0x8000d01e (0x0001)
core   0: 0x8000d020 (0x00000ff2) c.slli  t6, 28
core   0: 3 0x8000d020 (0x0ff2) x31 0x00000000
core   0: 0x8000d022 (0x03d43db3) mulhu   s11, s0, t4
core   0: 3 0x8000d022 (0x03d43db3) x27 0x0000007a
core   0: 0x8000d026 (0x01acdab3) srl     s5, s9, s10
core   0: 3 0x8000d026 (0x01acdab3) x21 0x0000004c
core   0: 0x8000d02a (0xa2cacb13) xori    s6, s5, -1492
core   0: 3 0x8000d02a (0xa2cacb13) x22 0xfffffa60
core   0: 0x8000d02e (0x00008cb2) c.mv    s9, a2
core   0: 3 0x8000d02e (0x8cb2) x25 0x000002dd
core   0: 0x8000d030 (0x00009912) c.add   s2, tp
core   0: 3 0x8000d030 (0x9912) x18 0xb64c4fc8
core   0: 0x8000d032 (0x00008e25) c.xor   a2, s1
core   0: 3 0x8000d032 (0x8e25) x12 0x000002dd
core   0: 0x8000d034 (0x00008bb1) c.andi  a5, 12
core   0: 3 0x8000d034 (0x8bb1) x15 0x00000000
core   0: 0x8000d036 (0x00000001) c.nop
core   0: 3 0x8000d036 (0x0001)
core   0: 0x8000d038 (0x6fd30f13) addi    t5, t1, 1789
core   0: 3 0x8000d038 (0x6fd30f13) x30 0x764c56c5
core   0: 0x8000d03c (0x039050b3) divu    ra, zero, s9
core   0: 3 0x8000d03c (0x039050b3) x 1 0x00000000
core   0: 0x8000d040 (0x000087f5) c.srai  a5, 29
core   0: 3 0x8000d040 (0x87f5) x15 0x00000000
core   0: 0x8000d042 (0x004f5213) srli    tp, t5, 4
core   0: 3 0x8000d042 (0x004f5213) x 4 0x0764c56c
core   0: 0x8000d046 (0x414f5a93) srai    s5, t5, 20
core   0: 3 0x8000d046 (0x414f5a93) x21 0x00000764
core   0: 0x8000d04a (0x00006d05) c.lui   s10, 0x1
core   0: 3 0x8000d04a (0x6d05) x26 0x00001000
core   0: 0x8000d04c (0x000ff563) bgeu    t6, zero, pc + 10
core   0: 3 0x8000d04c (0x000ff563)
core   0: 0x8000d056 (0x0000e511) c.bnez  a0, pc + 12
core   0: 3 0x8000d056 (0xe511)
core   0: 0x8000d062 (0x00ce5263) bge     t3, a2, pc + 4
core   0: 3 0x8000d062 (0x00ce5263)
core   0: 0x8000d066 (0x0000100f) fence.i
core   0: 3 0x8000d066 (0x0000100f)
core   0: 0x8000d06a (0x0327d063) bge     a5, s2, pc + 32
core   0: 3 0x8000d06a (0x0327d063)
core   0: 0x8000d08a (0x00b1d093) srli    ra, gp, 11
core   0: 3 0x8000d08a (0x00b1d093) x 1 0x00127fac
core   0: 0x8000d08e (0x00004109) c.li    sp, 2
core   0: 3 0x8000d08e (0x4109) x 2 0x00000002
core   0: 0x8000d090 (0x000044b5) c.li    s1, 13
core   0: 3 0x8000d090 (0x44b5) x 9 0x0000000d
core   0: 0x8000d092 (0x00000b12) c.slli  s6, 4
core   0: 3 0x8000d092 (0x0b12) x22 0xffffa600
core   0: 0x8000d094 (0x000019fd) c.addi  s3, -1
core   0: 3 0x8000d094 (0x19fd) x19 0x0000036b
core   0: 0x8000d096 (0x0000011d) c.addi  sp, 7
core   0: 3 0x8000d096 (0x011d) x 2 0x00000009
core   0: 0x8000d098 (0x419b5fb3) sra     t6, s6, s9
core   0: 3 0x8000d098 (0x419b5fb3) x31 0xffffffff
core   0: 0x8000d09c (0xfe916ce3) bltu    sp, s1, pc - 8
core   0: 3 0x8000d09c (0xfe916ce3)
core   0: 0x8000d094 (0x000019fd) c.addi  s3, -1
core   0: 3 0x8000d094 (0x19fd) x19 0x0000036a
core   0: 0x8000d096 (0x0000011d) c.addi  sp, 7
core   0: 3 0x8000d096 (0x011d) x 2 0x00000010
core   0: 0x8000d098 (0x419b5fb3) sra     t6, s6, s9
core   0: 3 0x8000d098 (0x419b5fb3) x31 0xffffffff
core   0: 0x8000d09c (0xfe916ce3) bltu    sp, s1, pc - 8
core   0: 3 0x8000d09c (0xfe916ce3)
core   0: 0x8000d0a0 (0x00e2da93) srli    s5, t0, 14
core   0: 3 0x8000d0a0 (0x00e2da93) x21 0x00038000
core   0: 0x8000d0a4 (0x01e3e333) or      t1, t2, t5
core   0: 3 0x8000d0a4 (0x01e3e333) x 6 0x764c56c5
core   0: 0x8000d0a8 (0x030dbcb3) mulhu   s9, s11, a6
core   0: 3 0x8000d0a8 (0x030dbcb3) x25 0x0000003d
core   0: 0x8000d0ac (0x02fc50b3) divu    ra, s8, a5
core   0: 3 0x8000d0ac (0x02fc50b3) x 1 0xffffffff
core   0: 0x8000d0b0 (0x00000e3e) c.slli  t3, 15
core   0: 3 0x8000d0b0 (0x0e3e) x28 0xffcc0000
core   0: 0x8000d0b2 (0x00008f11) c.sub   a4, a2
core   0: 3 0x8000d0b2 (0x8f11) x14 0x6d0ec123
core   0: 0x8000d0b4 (0x00008c29) c.xor   s0, a0
core   0: 3 0x8000d0b4 (0x8c29) x 8 0x8000cf42
core   0: 0x8000d0b6 (0x00008c99) c.sub   s1, a4
core   0: 3 0x8000d0b6 (0x8c99) x 9 0x92f13eea
core   0: 0x8000d0b8 (0x0000801d) c.srli  s0, 7
core   0: 3 0x8000d0b8 (0x801d) x 8 0x0100019e
core   0: 0x8000d0ba (0x40628733) sub     a4, t0, t1
core   0: 3 0x8000d0ba (0x40628733) x14 0x69b3ae29
core   0: 0x8000d0be (0x00b64363) blt     a2, a1, pc + 6
core   0: 3 0x8000d0be (0x00b64363)
core   0: 0x8000d0c2 (0x00001f7d) c.addi  t5, -1
core   0: 3 0x8000d0c2 (0x1f7d) x30 0x764c56c4
core   0: 0x8000d0c4 (0x36da9bb7) lui     s7, 0x36da9
core   0: 3 0x8000d0c4 (0x36da9bb7) x23 0x36da9000
core   0: 0x8000d0c8 (0x035d0e63) beq     s10, s5, pc + 60
core   0: 3 0x8000d0c8 (0x035d0e63)
core   0: 0x8000d0cc (0x03bcf663) bgeu    s9, s11, pc + 44
core   0: 3 0x8000d0cc (0x03bcf663)
core   0: 0x8000d0d0 (0x0277aa33) mulhsu  s4, a5, t2
core   0: 3 0x8000d0d0 (0x0277aa33) x20 0x00000000
core   0: 0x8000d0d4 (0x00008a75) c.andi  a2, 29
core   0: 3 0x8000d0d4 (0x8a75) x12 0x0000001d
core   0: 0x8000d0d6 (0x0ff0000f) fence   iorw,iorw
core   0: 3 0x8000d0d6 (0x0ff0000f)
core   0: 0x8000d0da (0x0000c409) c.beqz  s0, pc + 10
core   0: 3 0x8000d0da (0xc409)
core   0: 0x8000d0dc (0x0049bb33) sltu    s6, s3, tp
core   0: 3 0x8000d0dc (0x0049bb33) x22 0x00000001
core   0: 0x8000d0e0 (0x0039d533) srl     a0, s3, gp
core   0: 3 0x8000d0e0 (0x0039d533) x10 0x0000036a
core   0: 0x8000d0e4 (0x014add93) srli    s11, s5, 20
core   0: 3 0x8000d0e4 (0x014add93) x27 0x00000000
core   0: 0x8000d0e8 (0x61d4bf13) sltiu   t5, s1, 1565
core   0: 3 0x8000d0e8 (0x61d4bf13) x30 0x00000000
core   0: 0x8000d0ec (0x00f99533) sll     a0, s3, a5
core   0: 3 0x8000d0ec (0x00f99533) x10 0x0000036a
core   0: 0x8000d0f0 (0x032170b3) remu    ra, sp, s2
core   0: 3 0x8000d0f0 (0x032170b3) x 1 0x00000010
core   0: 0x8000d0f4 (0x413adfb3) sra     t6, s5, s3
core   0: 3 0x8000d0f4 (0x413adfb3) x31 0x000000e0
core   0: 0x8000d0f8 (0x00000001) c.nop
core   0: 3 0x8000d0f8 (0x0001)
core   0: 0x8000d0fa (0x00000bb6) c.slli  s7, 13
core   0: 3 0x8000d0fa (0x0bb6) x23 0x52000000
core   0: 0x8000d0fc (0x3be86f13) ori     t5, a6, 958
core   0: 3 0x8000d0fc (0x3be86f13) x30 0x80027ffe
core   0: 0x8000d100 (0x0000100f) fence.i
core   0: 3 0x8000d100 (0x0000100f)
core   0: 0x8000d104 (0x000087b6) c.mv    a5, a3
core   0: 3 0x8000d104 (0x87b6) x15 0x8002bd24
core   0: 0x8000d106 (0x004bcc33) xor     s8, s7, tp
core   0: 3 0x8000d106 (0x004bcc33) x24 0x5564c56c
core   0: 0x8000d10a (0x000087b1) c.srai  a5, 12
core   0: 3 0x8000d10a (0x87b1) x15 0xfff8002b
core   0: 0x8000d10c (0x000087da) c.mv    a5, s6
core   0: 3 0x8000d10c (0x87da) x15 0x00000001
core   0: 0x8000d10e (0x0000100f) fence.i
core   0: 3 0x8000d10e (0x0000100f)
core   0: 0x8000d112 (0x40e755b3) sra     a1, a4, a4
core   0: 3 0x8000d112 (0x40e755b3) x11 0x0034d9d7
core   0: 0x8000d116 (0x0000100f) fence.i
core   0: 3 0x8000d116 (0x0000100f)
core   0: 0x8000d11a (0x0000410d) c.li    sp, 3
core   0: 3 0x8000d11a (0x410d) x 2 0x00000003
core   0: 0x8000d11c (0x000018fd) c.addi  a7, -1
core   0: 3 0x8000d11c (0x18fd) x17 0xf4c90fc1
core   0: 0x8000d11e (0x0065c133) xor     sp, a1, t1
core   0: 3 0x8000d11e (0x0065c133) x 2 0x76788f12
core   0: 0x8000d122 (0x0060c0b3) xor     ra, ra, t1
core   0: 3 0x8000d122 (0x0060c0b3) x 1 0x764c56d5
core   0: 0x8000d126 (0xdfd08c93) addi    s9, ra, -515
core   0: 3 0x8000d126 (0xdfd08c93) x25 0x764c54d2
core   0: 0x8000d12a (0x00001b84) c.addi4spn s1, sp, 496
core   0: 3 0x8000d12a (0x1b84) x 9 0x76789102
core   0: 0x8000d12c (0x00005a7d) c.li    s4, -1
core   0: 3 0x8000d12c (0x5a7d) x20 0xffffffff
core   0: 0x8000d12e (0x07e61e63) bne     a2, t5, pc + 124
core   0: 3 0x8000d12e (0x07e61e63)
core   0: 0x8000d1aa (0x03172eb3) mulhsu  t4, a4, a7
core   0: 3 0x8000d1aa (0x03172eb3) x29 0x65124694
core   0: 0x8000d1ae (0x018a94b3) sll     s1, s5, s8
core   0: 3 0x8000d1ae (0x018a94b3) x 9 0x38000000
core   0: 0x8000d1b2 (0x02218163) beq     gp, sp, pc + 34
core   0: 3 0x8000d1b2 (0x02218163)
core   0: 0x8000d1b6 (0x01f70ab3) add     s5, a4, t6
core   0: 3 0x8000d1b6 (0x01f70ab3) x21 0x69b3af09
core   0: 0x8000d1ba (0x00e79433) sll     s0, a5, a4
core   0: 3 0x8000d1ba (0x00e79433) x 8 0x00000200
core   0: 0x8000d1be (0x00008fc9) c.or    a5, a0
core   0: 3 0x8000d1be (0x8fc9) x15 0x0000036b
core   0: 0x8000d1c0 (0x000099fd) c.andi  a1, -1
core   0: 3 0x8000d1c0 (0x99fd) x11 0x0034d9d7
core   0: 0x8000d1c2 (0x4d6e2793) slti    a5, t3, 1238
core   0: 3 0x8000d1c2 (0x4d6e2793) x15 0x00000001
core   0: 0x8000d1c6 (0x00008c79) c.and   s0, a4
core   0: 3 0x8000d1c6 (0x8c79) x 8 0x00000200
core   0: 0x8000d1c8 (0x02fbcdb3) div     s11, s7, a5
core   0: 3 0x8000d1c8 (0x02fbcdb3) x27 0x52000000
core   0: 0x8000d1cc (0x0352d9b3) divu    s3, t0, s5
core   0: 3 0x8000d1cc (0x0352d9b3) x19 0x00000002
core   0: 0x8000d1d0 (0x400b5893) srai    a7, s6, 0
core   0: 3 0x8000d1d0 (0x400b5893) x17 0x00000001
core   0: 0x8000d1d4 (0x33bf2613) slti    a2, t5, 827
core   0: 3 0x8000d1d4 (0x33bf2613) x12 0x00000001
core   0: 0x8000d1d8 (0x00006d05) c.lui   s10, 0x1
core   0: 3 0x8000d1d8 (0x6d05) x26 0x00001000
core   0: 0x8000d1da (0x016c1233) sll     tp, s8, s6
core   0: 3 0x8000d1da (0x016c1233) x 4 0xaac98ad8
core   0: 0x8000d1de (0x0000100f) fence.i
core   0: 3 0x8000d1de (0x0000100f)
core   0: 0x8000d1e2 (0x03f785b3) mul     a1, a5, t6
core   0: 3 0x8000d1e2 (0x03f785b3) x11 0x000000e0
core   0: 0x8000d1e6 (0x00008ced) c.and   s1, a1
core   0: 3 0x8000d1e6 (0x8ced) x 9 0x00000000
core   0: 0x8000d1e8 (0x02b9c8b3) div     a7, s3, a1
core   0: 3 0x8000d1e8 (0x02b9c8b3) x17 0x00000000
core   0: 0x8000d1ec (0x00000ded) c.addi  s11, 27
core   0: 3 0x8000d1ec (0x0ded) x27 0x5200001b
core   0: 0x8000d1ee (0x02a25ab3) divu    s5, tp, a0
core   0: 3 0x8000d1ee (0x02a25ab3) x21 0x0032064f
core   0: 0x8000d1f2 (0x02a06ab3) rem     s5, zero, a0
core   0: 3 0x8000d1f2 (0x02a06ab3) x21 0x00000000
core   0: 0x8000d1f6 (0x000004a5) c.addi  s1, 9
core   0: 3 0x8000d1f6 (0x04a5) x 9 0x00000009
core   0: 0x8000d1f8 (0x00000001) c.nop
core   0: 3 0x8000d1f8 (0x0001)
core   0: 0x8000d1fa (0x0000826a) c.mv    tp, s10
core   0: 3 0x8000d1fa (0x826a) x 4 0x00001000
core   0: 0x8000d1fc (0x00000001) c.nop
core   0: 3 0x8000d1fc (0x0001)
core   0: 0x8000d1fe (0x00000919) c.addi  s2, 6
core   0: 3 0x8000d1fe (0x0919) x18 0xb64c4fce
core   0: 0x8000d200 (0x00008dc5) c.or    a1, s1
core   0: 3 0x8000d200 (0x8dc5) x11 0x000000e9
core   0: 0x8000d202 (0xacee4093) xori    ra, t3, -1330
core   0: 3 0x8000d202 (0xacee4093) x 1 0x0033face
core   0: 0x8000d206 (0x00008f99) c.sub   a5, a4
core   0: 3 0x8000d206 (0x8f99) x15 0x964c51d8
core   0: 0x8000d208 (0x05d16663) bltu    sp, t4, pc + 76
core   0: 3 0x8000d208 (0x05d16663)
core   0: 0x8000d20c (0x40a0d0b3) sra     ra, ra, a0
core   0: 3 0x8000d20c (0x40a0d0b3) x 1 0x00000cfe
core   0: 0x8000d210 (0x00008532) c.mv    a0, a2
core   0: 3 0x8000d210 (0x8532) x10 0x00000001
core   0: 0x8000d212 (0x08018893) addi    a7, gp, 128
core   0: 3 0x8000d212 (0x08018893) x17 0x93fd6080
core   0: 0x8000d216 (0x03b060b3) rem     ra, zero, s11
core   0: 3 0x8000d216 (0x03b060b3) x 1 0x00000000
core   0: 0x8000d21a (0x41fad133) sra     sp, s5, t6
core   0: 3 0x8000d21a (0x41fad133) x 2 0x00000000
core   0: 0x8000d21e (0x00004905) c.li    s2, 1
core   0: 3 0x8000d21e (0x4905) x18 0x00000001
core   0: 0x8000d220 (0x04835c63) bge     t1, s0, pc + 88
core   0: 3 0x8000d220 (0x04835c63)
core   0: 0x8000d278 (0x01155013) srli    zero, a0, 17
core   0: 3 0x8000d278 (0x01155013)
core   0: 0x8000d27c (0x006dbab3) sltu    s5, s11, t1
core   0: 3 0x8000d27c (0x006dbab3) x21 0x00000001
core   0: 0x8000d280 (0x40e55a13) srai    s4, a0, 14
core   0: 3 0x8000d280 (0x40e55a13) x20 0x00000000
core   0: 0x8000d284 (0x03b77763) bgeu    a4, s11, pc + 46
core   0: 3 0x8000d284 (0x03b77763)
core   0: 0x8000d2b2 (0x00008739) c.srai  a4, 14
core   0: 3 0x8000d2b2 (0x8739) x14 0x0001a6ce
core   0: 0x8000d2b4 (0x41b088b3) sub     a7, ra, s11
core   0: 3 0x8000d2b4 (0x41b088b3) x17 0xadffffe5
core   0: 0x8000d2b8 (0x00008c6d) c.and   s0, a1
core   0: 3 0x8000d2b8 (0x8c6d) x 8 0x00000000
core   0: 0x8000d2ba (0x0328cab3) div     s5, a7, s2
core   0: 3 0x8000d2ba (0x0328cab3) x21 0xadffffe5
core   0: 0x8000d2be (0x000085b1) c.srai  a1, 12
core   0: 3 0x8000d2be (0x85b1) x11 0x00000000
core   0: 0x8000d2c0 (0x00145a13) srli    s4, s0, 1
core   0: 3 0x8000d2c0 (0x00145a13) x20 0x00000000
core   0: 0x8000d2c4 (0x0000100f) fence.i
core   0: 3 0x8000d2c4 (0x0000100f)
core   0: 0x8000d2c8 (0x0173d913) srli    s2, t2, 23
core   0: 3 0x8000d2c8 (0x0173d913) x18 0x00000000
core   0: 0x8000d2cc (0x02619233) mulh    tp, gp, t1
core   0: 3 0x8000d2cc (0x02619233) x 4 0xce1694dc
core   0: 0x8000d2d0 (0x0318f963) bgeu    a7, a7, pc + 50
core   0: 3 0x8000d2d0 (0x0318f963)
core   0: 0x8000d302 (0x40eb5db3) sra     s11, s6, a4
core   0: 3 0x8000d302 (0x40eb5db3) x27 0x00000000
core   0: 0x8000d306 (0x039b0b33) mul     s6, s6, s9
core   0: 3 0x8000d306 (0x039b0b33) x22 0x764c54d2
core   0: 0x8000d30a (0x41ed0cb3) sub     s9, s10, t5
core   0: 3 0x8000d30a (0x41ed0cb3) x25 0x7ffd9002
core   0: 0x8000d30e (0x00555413) srli    s0, a0, 5
core   0: 3 0x8000d30e (0x00555413) x 8 0x00000000
core   0: 0x8000d312 (0x0000c31d) c.beqz  a4, pc + 38
core   0: 3 0x8000d312 (0xc31d)
core   0: 0x8000d314 (0x02abcb33) div     s6, s7, a0
core   0: 3 0x8000d314 (0x02abcb33) x22 0x52000000
core   0: 0x8000d318 (0x0236c9b3) div     s3, a3, gp
core   0: 3 0x8000d318 (0x0236c9b3) x19 0x00000001
core   0: 0x8000d31c (0x0000eb1d) c.bnez  a4, pc + 54
core   0: 3 0x8000d31c (0xeb1d)
core   0: 0x8000d352 (0x0c06e363) bltu    a3, zero, pc + 198
core   0: 3 0x8000d352 (0x0c06e363)
core   0: 0x8000d356 (0x00006acd) c.lui   s5, 0x13
core   0: 3 0x8000d356 (0x6acd) x21 0x00013000
core   0: 0x8000d358 (0x00005117) auipc   sp, 0x5
core   0: 3 0x8000d358 (0x00005117) x 2 0x80012358
core   0: 0x8000d35c (0x75e10113) addi    sp, sp, 1886
core   0: 3 0x8000d35c (0x75e10113) x 2 0x80012ab6
core   0: 0x8000d360 (0x00110303) lb      t1, 1(sp)
core   0: 3 0x8000d360 (0x00110303) x 6 0x0000005a mem 0x80012ab7
core   0: 0x8000d364 (0xfdb12d23) sw      s11, -38(sp)
core   0: 3 0x8000d364 (0xfdb12d23) mem 0x80012a90 0x00000000
core   0: 0x8000d368 (0x1eab6213) ori     tp, s6, 490
core   0: 3 0x8000d368 (0x1eab6213) x 4 0x520001ea
core   0: 0x8000d36c (0x00a10223) sb      a0, 4(sp)
core   0: 3 0x8000d36c (0x00a10223) mem 0x80012aba 0x1
core   0: 0x8000d370 (0x02510203) lb      tp, 37(sp)
core   0: 3 0x8000d370 (0x02510203) x 4 0x00000061 mem 0x80012adb
core   0: 0x8000d374 (0x000081f2) c.mv    gp, t3
core   0: 3 0x8000d374 (0x81f2) x 3 0xffcc0000
core   0: 0x8000d376 (0x00810ca3) sb      s0, 25(sp)
core   0: 3 0x8000d376 (0x00810ca3) mem 0x80012acf 0x0
core   0: 0x8000d37a (0xfcc106a3) sb      a2, -51(sp)
core   0: 3 0x8000d37a (0xfcc106a3) mem 0x80012a83 0x1
core   0: 0x8000d37e (0x01ef1333) sll     t1, t5, t5
core   0: 3 0x8000d37e (0x01ef1333) x 6 0x80000000
core   0: 0x8000d382 (0x0000127d) c.addi  tp, -1
core   0: 3 0x8000d382 (0x127d) x 4 0x00000060
core   0: 0x8000d384 (0x02011783) lh      a5, 32(sp)
core   0: 3 0x8000d384 (0x02011783) x15 0xffff8d1b mem 0x80012ad6
core   0: 0x8000d388 (0xffb14483) lbu     s1, -5(sp)
core   0: 3 0x8000d388 (0xffb14483) x 9 0x0000005e mem 0x80012ab1
core   0: 0x8000d38c (0xfd010023) sb      a6, -64(sp)
core   0: 3 0x8000d38c (0xfd010023) mem 0x80012a76 0x7c
core   0: 0x8000d390 (0x02514503) lbu     a0, 37(sp)
core   0: 3 0x8000d390 (0x02514503) x10 0x00000061 mem 0x80012adb
core   0: 0x8000d394 (0xe2eb6593) ori     a1, s6, -466
core   0: 3 0x8000d394 (0xe2eb6593) x11 0xfffffe2e
core   0: 0x8000d398 (0x013fdbb3) srl     s7, t6, s3
core   0: 3 0x8000d398 (0x013fdbb3) x23 0x00000070
core   0: 0x8000d39c (0x00000001) c.nop
core   0: 3 0x8000d39c (0x0001)
core   0: 0x8000d39e (0x03b14183) lbu     gp, 59(sp)
core   0: 3 0x8000d39e (0x03b14183) x 3 0x00000027 mem 0x80012af1
core   0: 0x8000d3a2 (0xfdb106a3) sb      s11, -51(sp)
core   0: 3 0x8000d3a2 (0xfdb106a3) mem 0x80012a83 0x0
core   0: 0x8000d3a6 (0xfc714c83) lbu     s9, -57(sp)
core   0: 3 0x8000d3a6 (0xfc714c83) x25 0x00000057 mem 0x80012a7d
core   0: 0x8000d3aa (0x00008406) c.mv    s0, ra
core   0: 3 0x8000d3aa (0x8406) x 8 0x00000000
core   0: 0x8000d3ac (0x41705193) srai    gp, zero, 23
core   0: 3 0x8000d3ac (0x41705193) x 3 0x00000000
core   0: 0x8000d3b0 (0x030e6cb3) rem     s9, t3, a6
core   0: 3 0x8000d3b0 (0x030e6cb3) x25 0xffcc0000
core   0: 0x8000d3b4 (0x02010203) lb      tp, 32(sp)
core   0: 3 0x8000d3b4 (0x02010203) x 4 0x0000001b mem 0x80012ad6
core   0: 0x8000d3b8 (0x90d22493) slti    s1, tp, -1779
core   0: 3 0x8000d3b8 (0x90d22493) x 9 0x00000000
core   0: 0x8000d3bc (0x02e15983) lhu     s3, 46(sp)
core   0: 3 0x8000d3bc (0x02e15983) x19 0x000039ca mem 0x80012ae4
core   0: 0x8000d3c0 (0x1eba8213) addi    tp, s5, 491
core   0: 3 0x8000d3c0 (0x1eba8213) x 4 0x000131eb
core   0: 0x8000d3c4 (0x02b10f83) lb      t6, 43(sp)
core   0: 3 0x8000d3c4 (0x02b10f83) x31 0xffffff88 mem 0x80012ae1
core   0: 0x8000d3c8 (0x00010e23) sb      zero, 28(sp)
core   0: 3 0x8000d3c8 (0x00010e23) mem 0x80012ad2 0x0
core   0: 0x8000d3cc (0x03d14483) lbu     s1, 61(sp)
core   0: 3 0x8000d3cc (0x03d14483) x 9 0x00000069 mem 0x80012af3
core   0: 0x8000d3d0 (0x00008251) c.srli  a2, 20
core   0: 3 0x8000d3d0 (0x8251) x12 0x00000000
core   0: 0x8000d3d2 (0x03ada633) mulhsu  a2, s11, s10
core   0: 3 0x8000d3d2 (0x03ada633) x12 0x00000000
core   0: 0x8000d3d6 (0x1741fd93) andi    s11, gp, 372
core   0: 3 0x8000d3d6 (0x1741fd93) x27 0x00000000
core   0: 0x8000d3da (0xfec15203) lhu     tp, -20(sp)
core   0: 3 0x8000d3da (0xfec15203) x 4 0x00006815 mem 0x80012aa2
core   0: 0x8000d3de (0xfc114703) lbu     a4, -63(sp)
core   0: 3 0x8000d3de (0xfc114703) x14 0x000000ef mem 0x80012a77
core   0: 0x8000d3e2 (0xfc811b23) sh      s0, -42(sp)
core   0: 3 0x8000d3e2 (0xfc811b23) mem 0x80012a8c 0x0000
core   0: 0x8000d3e6 (0x01314c83) lbu     s9, 19(sp)
core   0: 3 0x8000d3e6 (0x01314c83) x25 0x00000046 mem 0x80012ac9
core   0: 0x8000d3ea (0x00510583) lb      a1, 5(sp)
core   0: 3 0x8000d3ea (0x00510583) x11 0x0000002f mem 0x80012abb
core   0: 0x8000d3ee (0x034ad0b3) divu    ra, s5, s4
core   0: 3 0x8000d3ee (0x034ad0b3) x 1 0xffffffff
core   0: 0x8000d3f2 (0x0000895a) c.mv    s2, s6
core   0: 3 0x8000d3f2 (0x895a) x18 0x52000000
core   0: 0x8000d3f4 (0xffa10083) lb      ra, -6(sp)
core   0: 3 0x8000d3f4 (0xffa10083) x 1 0x0000003b mem 0x80012ab0
core   0: 0x8000d3f8 (0x04010203) lb      tp, 64(sp)
core   0: 3 0x8000d3f8 (0x04010203) x 4 0xffffff94 mem 0x80012af6
core   0: 0x8000d3fc (0x02714b83) lbu     s7, 39(sp)
core   0: 3 0x8000d3fc (0x02714b83) x23 0x0000009a mem 0x80012add
core   0: 0x8000d400 (0x02c10003) lb      zero, 44(sp)
core   0: 3 0x8000d400 (0x02c10003) mem 0x80012ae2
core   0: 0x8000d404 (0xfdd10c83) lb      s9, -35(sp)
core   0: 3 0x8000d404 (0xfdd10c83) x25 0x00000000 mem 0x80012a93
core   0: 0x8000d408 (0x01810403) lb      s0, 24(sp)
core   0: 3 0x8000d408 (0x01810403) x 8 0xffffffa0 mem 0x80012ace
core   0: 0x8000d40c (0x05d10023) sb      t4, 64(sp)
core   0: 3 0x8000d40c (0x05d10023) mem 0x80012af6 0x94
core   0: 0x8000d410 (0x04008163) beqz    ra, pc + 66
core   0: 3 0x8000d410 (0x04008163)
core   0: 0x8000d414 (0x033ef733) remu    a4, t4, s3
core   0: 3 0x8000d414 (0x033ef733) x14 0x0000203c
core   0: 0x8000d418 (0x68f48b13) addi    s6, s1, 1679
core   0: 3 0x8000d418 (0x68f48b13) x22 0x000006f8
core   0: 0x8000d41c (0x00006cfd) c.lui   s9, 0x1f
core   0: 3 0x8000d41c (0x6cfd) x25 0x0001f000
core   0: 0x8000d41e (0x038d8ab3) mul     s5, s11, s8
core   0: 3 0x8000d41e (0x038d8ab3) x21 0x00000000
core   0: 0x8000d422 (0x305e2893) slti    a7, t3, 773
core   0: 3 0x8000d422 (0x305e2893) x17 0x00000001
core   0: 0x8000d426 (0x02391663) bne     s2, gp, pc + 44
core   0: 3 0x8000d426 (0x02391663)
core   0: 0x8000d452 (0x15096237) lui     tp, 0x15096
core   0: 3 0x8000d452 (0x15096237) x 4 0x15096000
core   0: 0x8000d456 (0x00008d9d) c.sub   a1, a5
core   0: 3 0x8000d456 (0x8d9d) x11 0x00007314
core   0: 0x8000d458 (0x0000100f) fence.i
core   0: 3 0x8000d458 (0x0000100f)
core   0: 0x8000d45c (0x0ff0000f) fence   iorw,iorw
core   0: 3 0x8000d45c (0x0ff0000f)
core   0: 0x8000d460 (0x0000921a) c.add   tp, t1
core   0: 3 0x8000d460 (0x921a) x 4 0x95096000
core   0: 0x8000d462 (0x0000978e) c.add   a5, gp
core   0: 3 0x8000d462 (0x978e) x15 0xffff8d1b
core   0: 0x8000d464 (0x01e60733) add     a4, a2, t5
core   0: 3 0x8000d464 (0x01e60733) x14 0x80027ffe
core   0: 0x8000d468 (0x00880b33) add     s6, a6, s0
core   0: 3 0x8000d468 (0x00880b33) x22 0x80027e1c
core   0: 0x8000d46c (0x00000001) c.nop
core   0: 3 0x8000d46c (0x0001)
core   0: 0x8000d46e (0x00000001) c.nop
core   0: 3 0x8000d46e (0x0001)
core   0: 0x8000d470 (0x016eefb3) or      t6, t4, s6
core   0: 3 0x8000d470 (0x016eefb3) x31 0xe5127e9c
core   0: 0x8000d474 (0x03becdb3) div     s11, t4, s11
core   0: 3 0x8000d474 (0x03becdb3) x27 0xffffffff
core   0: 0x8000d478 (0x000047cd) c.li    a5, 19
core   0: 3 0x8000d478 (0x47cd) x15 0x00000013
core   0: 0x8000d47a (0x019afcb3) and     s9, s5, s9
core   0: 3 0x8000d47a (0x019afcb3) x25 0x00000000
core   0: 0x8000d47e (0x02e31e63) bne     t1, a4, pc + 60
core   0: 3 0x8000d47e (0x02e31e63)
core   0: 0x8000d4ba (0x4002d513) srai    a0, t0, 0
core   0: 3 0x8000d4ba (0x4002d513) x10 0xe00004ee
core   0: 0x8000d4be (0x00008549) c.srai  a0, 18
core   0: 3 0x8000d4be (0x8549) x10 0xfffff800
core   0: 0x8000d4c0 (0x02ce6e33) rem     t3, t3, a2
core   0: 3 0x8000d4c0 (0x02ce6e33) x28 0xffcc0000
core   0: 0x8000d4c4 (0x02e52533) mulhsu  a0, a0, a4
core   0: 3 0x8000d4c4 (0x02e52533) x10 0xfffffbff
core   0: 0x8000d4c8 (0x40d409b3) sub     s3, s0, a3
core   0: 3 0x8000d4c8 (0x40d409b3) x19 0x7ffd427c
core   0: 0x8000d4cc (0x0139d7b3) srl     a5, s3, s3
core   0: 3 0x8000d4cc (0x0139d7b3) x15 0x00000007
core   0: 0x8000d4d0 (0x028e4933) div     s2, t3, s0
core   0: 3 0x8000d4d0 (0x028e4933) x18 0x00008aaa
core   0: 0x8000d4d4 (0x000df733) and     a4, s11, zero
core   0: 3 0x8000d4d4 (0x000df733) x14 0x00000000
core   0: 0x8000d4d8 (0x02387463) bgeu    a6, gp, pc + 40
core   0: 3 0x8000d4d8 (0x02387463)
core   0: 0x8000d500 (0x01c24533) xor     a0, tp, t3
core   0: 3 0x8000d500 (0x01c24533) x10 0x6ac56000
core   0: 0x8000d504 (0x030802b3) mul     t0, a6, a6
core   0: 3 0x8000d504 (0x030802b3) x 5 0x386e4c10
core   0: 0x8000d508 (0x00b31c33) sll     s8, t1, a1
core   0: 3 0x8000d508 (0x00b31c33) x24 0x00000000
core   0: 0x8000d50c (0x62194793) xori    a5, s2, 1569
core   0: 3 0x8000d50c (0x62194793) x15 0x00008c8b
core   0: 0x8000d510 (0x027aee33) rem     t3, s5, t2
core   0: 3 0x8000d510 (0x027aee33) x28 0x00000000
core   0: 0x8000d514 (0x000098fd) c.andi  s1, -1
core   0: 3 0x8000d514 (0x98fd) x 9 0x00000069
core   0: 0x8000d516 (0x02f3b1b3) mulhu   gp, t2, a5
core   0: 3 0x8000d516 (0x02f3b1b3) x 3 0x00000000
core   0: 0x8000d51a (0x02b51533) mulh    a0, a0, a1
core   0: 3 0x8000d51a (0x02b51533) x10 0x00002fff
core   0: 0x8000d51e (0x00000c56) c.slli  s8, 21
core   0: 3 0x8000d51e (0x0c56) x24 0x00000000
core   0: 0x8000d520 (0x0050d993) srli    s3, ra, 5
core   0: 3 0x8000d520 (0x0050d993) x19 0x00000001
core   0: 0x8000d524 (0x031c5fb3) divu    t6, s8, a7
core   0: 3 0x8000d524 (0x031c5fb3) x31 0x00000000
core   0: 0x8000d528 (0x00008791) c.srai  a5, 4
core   0: 3 0x8000d528 (0x8791) x15 0x000008c8
core   0: 0x8000d52a (0x0000cb89) c.beqz  a5, pc + 18
core   0: 3 0x8000d52a (0xcb89)
core   0: 0x8000d52c (0x78ce4e93) xori    t4, t3, 1932
core   0: 3 0x8000d52c (0x78ce4e93) x29 0x0000078c
core   0: 0x8000d530 (0x01c925b3) slt     a1, s2, t3
core   0: 3 0x8000d530 (0x01c925b3) x11 0x00000000
core   0: 0x8000d534 (0x01fa7d33) and     s10, s4, t6
core   0: 3 0x8000d534 (0x01fa7d33) x26 0x00000000
core   0: 0x8000d538 (0x73720a93) addi    s5, tp, 1847
core   0: 3 0x8000d538 (0x73720a93) x21 0x95096737
core   0: 0x8000d53c (0x00008215) c.srli  a2, 5
core   0: 3 0x8000d53c (0x8215) x12 0x00000000
core   0: 0x8000d53e (0x00ac9533) sll     a0, s9, a0
core   0: 3 0x8000d53e (0x00ac9533) x10 0x00000000
core   0: 0x8000d542 (0x0000717d) c.addi16sp sp, -16
core   0: 3 0x8000d542 (0x717d) x 2 0x80012aa6
core   0: 0x8000d544 (0x0000717d) c.addi16sp sp, -16
core   0: 3 0x8000d544 (0x717d) x 2 0x80012a96
core   0: 0x8000d546 (0x028df4b3) remu    s1, s11, s0
core   0: 3 0x8000d546 (0x028df4b3) x 9 0x0000005f
core   0: 0x8000d54a (0x001ad1b3) srl     gp, s5, ra
core   0: 3 0x8000d54a (0x001ad1b3) x 3 0x00000012
core   0: 0x8000d54e (0x0000889a) c.mv    a7, t1
core   0: 3 0x8000d54e (0x889a) x17 0x80000000
core   0: 0x8000d550 (0x0000717d) c.addi16sp sp, -16
core   0: 3 0x8000d550 (0x717d) x 2 0x80012a86
core   0: 0x8000d552 (0x0000e389) c.bnez  a5, pc + 2
core   0: 3 0x8000d552 (0xe389)
core   0: 0x8000d554 (0xb3244a93) xori    s5, s0, -1230
core   0: 3 0x8000d554 (0xb3244a93) x21 0x00000492
core   0: 0x8000d558 (0x000048c1) c.li    a7, 16
core   0: 3 0x8000d558 (0x48c1) x17 0x00000010
core   0: 0x8000d55a (0x0283a5b3) mulhsu  a1, t2, s0
core   0: 3 0x8000d55a (0x0283a5b3) x11 0x00000000
core   0: 0x8000d55e (0xc60f7617) auipc   a2, 0xc60f7
core   0: 3 0x8000d55e (0xc60f7617) x12 0x4610455e
core   0: 0x8000d562 (0x40ddd033) sra     zero, s11, a3
core   0: 3 0x8000d562 (0x40ddd033)
core   0: 0x8000d566 (0x00008f01) c.sub   a4, s0
core   0: 3 0x8000d566 (0x8f01) x14 0x00000060
core   0: 0x8000d568 (0x41afde93) srai    t4, t6, 26
core   0: 3 0x8000d568 (0x41afde93) x29 0x00000000
core   0: 0x8000d56c (0x00006d51) c.lui   s10, 0x14
core   0: 3 0x8000d56c (0x6d51) x26 0x00014000
core   0: 0x8000d56e (0x0000e31d) c.bnez  a4, pc + 38
core   0: 3 0x8000d56e (0xe31d)
core   0: 0x8000d594 (0x005679b3) and     s3, a2, t0
core   0: 3 0x8000d594 (0x005679b3) x19 0x00004410
core   0: 0x8000d598 (0x0890f013) andi    zero, ra, 137
core   0: 3 0x8000d598 (0x0890f013)
core   0: 0x8000d59c (0x03a0a633) mulhsu  a2, ra, s10
core   0: 3 0x8000d59c (0x03a0a633) x12 0x00000000
core   0: 0x8000d5a0 (0xab8ef013) andi    zero, t4, -1352
core   0: 3 0x8000d5a0 (0xab8ef013)
core   0: 0x8000d5a4 (0x0ff0000f) fence   iorw,iorw
core   0: 3 0x8000d5a4 (0x0ff0000f)
core   0: 0x8000d5a8 (0x409fd533) sra     a0, t6, s1
core   0: 3 0x8000d5a8 (0x409fd533) x10 0x00000000
core   0: 0x8000d5ac (0x00dd1133) sll     sp, s10, a3
core   0: 3 0x8000d5ac (0x00dd1133) x 2 0x00140000
core   0: 0x8000d5b0 (0x40c85db3) sra     s11, a6, a2
core   0: 3 0x8000d5b0 (0x40c85db3) x27 0x80027e7c
core   0: 0x8000d5b4 (0x00009432) c.add   s0, a2
core   0: 3 0x8000d5b4 (0x9432) x 8 0xffffffa0
core   0: 0x8000d5b6 (0x00005f7d) c.li    t5, -1
core   0: 3 0x8000d5b6 (0x5f7d) x30 0xffffffff
core   0: 0x8000d5b8 (0x000099aa) c.add   s3, a0
core   0: 3 0x8000d5b8 (0x99aa) x19 0x00004410
core   0: 0x8000d5ba (0x02075bb3) divu    s7, a4, zero
core   0: 3 0x8000d5ba (0x02075bb3) x23 0xffffffff
core   0: 0x8000d5be (0x0000876d) c.srai  a4, 27
core   0: 3 0x8000d5be (0x876d) x14 0x00000000
core   0: 0x8000d5c0 (0x01297bb3) and     s7, s2, s2
core   0: 3 0x8000d5c0 (0x01297bb3) x23 0x00008aaa
core   0: 0x8000d5c4 (0x0032c7b3) xor     a5, t0, gp
core   0: 3 0x8000d5c4 (0x0032c7b3) x15 0x386e4c02
core   0: 0x8000d5c8 (0x03b77533) remu    a0, a4, s11
core   0: 3 0x8000d5c8 (0x03b77533) x10 0x00000000
core   0: 0x8000d5cc (0x01db5893) srli    a7, s6, 29
core   0: 3 0x8000d5cc (0x01db5893) x17 0x00000004
core   0: 0x8000d5d0 (0x009919b3) sll     s3, s2, s1
core   0: 3 0x8000d5d0 (0x009919b3) x19 0x00000000
core   0: 0x8000d5d4 (0x61338097) auipc   ra, 0x61338
core   0: 3 0x8000d5d4 (0x61338097) x 1 0xe13455d4
core   0: 0x8000d5d8 (0x018cbbb3) sltu    s7, s9, s8
core   0: 3 0x8000d5d8 (0x018cbbb3) x23 0x00000000
core   0: 0x8000d5dc (0x0000077a) c.slli  a4, 30
core   0: 3 0x8000d5dc (0x077a) x14 0x00000000
core   0: 0x8000d5de (0x00008f79) c.and   a4, a4
core   0: 3 0x8000d5de (0x8f79) x14 0x00000000
core   0: 0x8000d5e0 (0x03f80333) mul     t1, a6, t6
core   0: 3 0x8000d5e0 (0x03f80333) x 6 0x00000000
core   0: 0x8000d5e4 (0x02db2433) mulhsu  s0, s6, a3
core   0: 3 0x8000d5e4 (0x02db2433) x 8 0xbfffe082
core   0: 0x8000d5e8 (0x000048e5) c.li    a7, 25
core   0: 3 0x8000d5e8 (0x48e5) x17 0x00000019
core   0: 0x8000d5ea (0x00008ade) c.mv    s5, s7
core   0: 3 0x8000d5ea (0x8ade) x21 0x00000000
core   0: 0x8000d5ec (0x407e8033) sub     zero, t4, t2
core   0: 3 0x8000d5ec (0x407e8033)
core   0: 0x8000d5f0 (0x02161533) mulh    a0, a2, ra
core   0: 3 0x8000d5f0 (0x02161533) x10 0x00000000
core   0: 0x8000d5f4 (0x03589563) bne     a7, s5, pc + 42
core   0: 3 0x8000d5f4 (0x03589563)
core   0: 0x8000d61e (0x00008e01) c.sub   a2, s0
core   0: 3 0x8000d61e (0x8e01) x12 0x40001f7e
core   0: 0x8000d620 (0x00006229) c.lui   tp, 0xa
core   0: 3 0x8000d620 (0x6229) x 4 0x0000a000
core   0: 0x8000d622 (0x40d2da13) srai    s4, t0, 13
core   0: 3 0x8000d622 (0x40d2da13) x20 0x0001c372
core   0: 0x8000d626 (0x0ff0000f) fence   iorw,iorw
core   0: 3 0x8000d626 (0x0ff0000f)
core   0: 0x8000d62a (0x02d53fb3) mulhu   t6, a0, a3
core   0: 3 0x8000d62a (0x02d53fb3) x31 0x00000000
core   0: 0x8000d62e (0x403fb193) sltiu   gp, t6, 1027
core   0: 3 0x8000d62e (0x403fb193) x 3 0x00000001
core   0: 0x8000d632 (0x0000717d) c.addi16sp sp, -16
core   0: 3 0x8000d632 (0x717d) x 2 0x0013fff0
core   0: 0x8000d634 (0xace525b7) lui     a1, 0xace52
core   0: 3 0x8000d634 (0xace525b7) x11 0xace52000
core   0: 0x8000d638 (0x03377763) bgeu    a4, s3, pc + 46
core   0: 3 0x8000d638 (0x03377763)
core   0: 0x8000d666 (0x03e1f8b3) remu    a7, gp, t5
core   0: 3 0x8000d666 (0x03e1f8b3) x17 0x00000001
core   0: 0x8000d66a (0x0000c411) c.beqz  s0, pc + 12
core   0: 3 0x8000d66a (0xc411)
core   0: 0x8000d66c (0x40e7d733) sra     a4, a5, a4
core   0: 3 0x8000d66c (0x40e7d733) x14 0x386e4c02
core   0: 0x8000d670 (0x0000157d) c.addi  a0, -1
core   0: 3 0x8000d670 (0x157d) x10 0xffffffff
core   0: 0x8000d672 (0x1f8a6413) ori     s0, s4, 504
core   0: 3 0x8000d672 (0x1f8a6413) x 8 0x0001c3fa
core   0: 0x8000d676 (0x0ff0000f) fence   iorw,iorw
core   0: 3 0x8000d676 (0x0ff0000f)
core   0: 0x8000d67a (0x03c26033) rem     zero, tp, t3
core   0: 3 0x8000d67a (0x03c26033)
core   0: 0x8000d67e (0x41255033) sra     zero, a0, s2
core   0: 3 0x8000d67e (0x41255033)
core   0: 0x8000d682 (0x00008cbd) c.xor   s1, a5
core   0: 3 0x8000d682 (0x8cbd) x 9 0x386e4c5d
core   0: 0x8000d684 (0x0000717d) c.addi16sp sp, -16
core   0: 3 0x8000d684 (0x717d) x 2 0x0013ffe0
core   0: 0x8000d686 (0x01a6feb3) and     t4, a3, s10
core   0: 3 0x8000d686 (0x01a6feb3) x29 0x00000000
core   0: 0x8000d68a (0x02477a33) remu    s4, a4, tp
core   0: 3 0x8000d68a (0x02477a33) x20 0x00000c02
core   0: 0x8000d68e (0x0013d613) srli    a2, t2, 1
core   0: 3 0x8000d68e (0x0013d613) x12 0x00000000
core   0: 0x8000d692 (0x03ca6b63) bltu    s4, t3, pc + 54
core   0: 3 0x8000d692 (0x03ca6b63)
core   0: 0x8000d696 (0x00008c0d) c.sub   s0, a1
core   0: 3 0x8000d696 (0x8c0d) x 8 0x531ca3fa
core   0: 0x8000d698 (0x015e5263) bge     t3, s5, pc + 4
core   0: 3 0x8000d698 (0x015e5263)
core   0: 0x8000d69c (0x0000999e) c.add   s3, t2
core   0: 3 0x8000d69c (0x999e) x19 0x00000000
core   0: 0x8000d69e (0x00006a9d) c.lui   s5, 0x7
core   0: 3 0x8000d69e (0x6a9d) x21 0x00007000
core   0: 0x8000d6a0 (0x02c30633) mul     a2, t1, a2
core   0: 3 0x8000d6a0 (0x02c30633) x12 0x00000000
core   0: 0x8000d6a4 (0x0000805d) c.srli  s0, 23
core   0: 3 0x8000d6a4 (0x805d) x 8 0x000000a6
core   0: 0x8000d6a6 (0x02ab7c63) bgeu    s6, a0, pc + 56
core   0: 3 0x8000d6a6 (0x02ab7c63)
core   0: 0x8000d6aa (0x02d81233) mulh    tp, a6, a3
core   0: 3 0x8000d6aa (0x02d81233) x 4 0x3ffd6236
core   0: 0x8000d6ae (0x67e3e413) ori     s0, t2, 1662
core   0: 3 0x8000d6ae (0x67e3e413) x 8 0x0000067e
core   0: 0x8000d6b2 (0x00000426) c.slli  s0, 9
core   0: 3 0x8000d6b2 (0x0426) x 8 0x000cfc00
core   0: 0x8000d6b4 (0x00ac1f93) slli    t6, s8, 10
core   0: 3 0x8000d6b4 (0x00ac1f93) x31 0x00000000
core   0: 0x8000d6b8 (0x00006dad) c.lui   s11, 0xb
core   0: 3 0x8000d6b8 (0x6dad) x27 0x0000b000
core   0: 0x8000d6ba (0x00001f7d) c.addi  t5, -1
core   0: 3 0x8000d6ba (0x1f7d) x30 0xfffffffe
core   0: 0x8000d6bc (0x0000e88d) c.bnez  s1, pc + 50
core   0: 3 0x8000d6bc (0xe88d)
core   0: 0x8000d6ee (0x0329afb3) mulhsu  t6, s3, s2
core   0: 3 0x8000d6ee (0x0329afb3) x31 0x00000000
core   0: 0x8000d6f2 (0x02299933) mulh    s2, s3, sp
core   0: 3 0x8000d6f2 (0x02299933) x18 0x00000000
core   0: 0x8000d6f6 (0x00009fea) c.add   t6, s10
core   0: 3 0x8000d6f6 (0x9fea) x31 0x00014000
core   0: 0x8000d6f8 (0x00954863) blt     a0, s1, pc + 16
core   0: 3 0x8000d6f8 (0x00954863)
core   0: 0x8000d708 (0x00001cfd) c.addi  s9, -1
core   0: 3 0x8000d708 (0x1cfd) x25 0xffffffff
core   0: 0x8000d70a (0x00105533) srl     a0, zero, ra
core   0: 3 0x8000d70a (0x00105533) x10 0x00000000
core   0: 0x8000d70e (0x81bf8713) addi    a4, t6, -2021
core   0: 3 0x8000d70e (0x81bf8713) x14 0x0001381b
core   0: 0x8000d712 (0xa87c7993) andi    s3, s8, -1401
core   0: 3 0x8000d712 (0xa87c7993) x19 0x00000000
core   0: 0x8000d716 (0x026058b3) divu    a7, zero, t1
core   0: 3 0x8000d716 (0x026058b3) x17 0xffffffff
core   0: 0x8000d71a (0x00008fa1) c.xor   a5, s0
core   0: 3 0x8000d71a (0x8fa1) x15 0x3862b002
core   0: 0x8000d71c (0x017b0333) add     t1, s6, s7
core   0: 3 0x8000d71c (0x017b0333) x 6 0x80027e1c
core   0: 0x8000d720 (0x000099de) c.add   s3, s7
core   0: 3 0x8000d720 (0x99de) x19 0x00000000
core   0: 0x8000d722 (0x0050e4b3) or      s1, ra, t0
core   0: 3 0x8000d722 (0x0050e4b3) x 9 0xf97e5dd4
core   0: 0x8000d726 (0x00000001) c.nop
core   0: 3 0x8000d726 (0x0001)
core   0: 0x8000d728 (0x00a6d2b3) srl     t0, a3, a0
core   0: 3 0x8000d728 (0x00a6d2b3) x 5 0x8002bd24
core   0: 0x8000d72c (0x03728f63) beq     t0, s7, pc + 62
core   0: 3 0x8000d72c (0x03728f63)
core   0: 0x8000d730 (0x00009b7d) c.andi  a4, -1
core   0: 3 0x8000d730 (0x9b7d) x14 0x0001381b
core   0: 0x8000d732 (0x851f3313) sltiu   t1, t5, -1967
core   0: 3 0x8000d732 (0x851f3313) x 6 0x00000000
core   0: 0x8000d736 (0x02890bb3) mul     s7, s2, s0
core   0: 3 0x8000d736 (0x02890bb3) x23 0x00000000
core   0: 0x8000d73a (0x00542f33) slt     t5, s0, t0
core   0: 3 0x8000d73a (0x00542f33) x30 0x00000000
core   0: 0x8000d73e (0x0043ce63) blt     t2, tp, pc + 28
core   0: 3 0x8000d73e (0x0043ce63)
core   0: 0x8000d75a (0x0ff0000f) fence   iorw,iorw
core   0: 3 0x8000d75a (0x0ff0000f)
core   0: 0x8000d75e (0x391907b7) lui     a5, 0x39190
core   0: 3 0x8000d75e (0x391907b7) x15 0x39190000
core   0: 0x8000d762 (0x000084bd) c.srai  s1, 15
core   0: 3 0x8000d762 (0x84bd) x 9 0xfffff2fc
core   0: 0x8000d764 (0x06ac9f63) bne     s9, a0, pc + 126
core   0: 3 0x8000d764 (0x06ac9f63)
core   0: 0x8000d7e2 (0x413b04b3) sub     s1, s6, s3
core   0: 3 0x8000d7e2 (0x413b04b3) x 9 0x80027e1c
core   0: 0x8000d7e6 (0x011f5c93) srli    s9, t5, 17
core   0: 3 0x8000d7e6 (0x011f5c93) x25 0x00000000
core   0: 0x8000d7ea (0x0000c59d) c.beqz  a1, pc + 46
core   0: 3 0x8000d7ea (0xc59d)
core   0: 0x8000d7ec (0x00c50db3) add     s11, a0, a2
core   0: 3 0x8000d7ec (0x00c50db3) x27 0x00000000
core   0: 0x8000d7f0 (0x039d29b3) mulhsu  s3, s10, s9
core   0: 3 0x8000d7f0 (0x039d29b3) x19 0x00000000
core   0: 0x8000d7f4 (0x00000001) c.nop
core   0: 3 0x8000d7f4 (0x0001)
core   0: 0x8000d7f6 (0x02360663) beq     a2, gp, pc + 44
core   0: 3 0x8000d7f6 (0x02360663)
core   0: 0x8000d7fa (0x03e09633) mulh    a2, ra, t5
core   0: 3 0x8000d7fa (0x03e09633) x12 0x00000000
core   0: 0x8000d7fe (0x02b2bd33) mulhu   s10, t0, a1
core   0: 3 0x8000d7fe (0x02b2bd33) x26 0x56746987
core   0: 0x8000d802 (0x008c50b3) srl     ra, s8, s0
core   0: 3 0x8000d802 (0x008c50b3) x 1 0x00000000
core   0: 0x8000d806 (0x1f9b4993) xori    s3, s6, 505
core   0: 3 0x8000d806 (0x1f9b4993) x19 0x80027fe5
core   0: 0x8000d80a (0x01fb0763) beq     s6, t6, pc + 14
core   0: 3 0x8000d80a (0x01fb0763)
core   0: 0x8000d80e (0x000087a9) c.srai  a5, 10
core   0: 3 0x8000d80e (0x87a9) x15 0x000e4640
core   0: 0x8000d810 (0x00000001) c.nop
core   0: 3 0x8000d810 (0x0001)
core   0: 0x8000d812 (0x00001d00) c.addi4spn s0, sp, 688
core   0: 3 0x8000d812 (0x1d00) x 8 0x00140290
core   0: 0x8000d814 (0x00000001) c.nop
core   0: 3 0x8000d814 (0x0001)
core   0: 0x8000d816 (0x00008fed) c.and   a5, a1
core   0: 3 0x8000d816 (0x8fed) x15 0x00040000
core   0: 0x8000d818 (0x00008a75) c.andi  a2, 29
core   0: 3 0x8000d818 (0x8a75) x12 0x00000000
core   0: 0x8000d81a (0x00001688) c.addi4spn a0, sp, 864
core   0: 3 0x8000d81a (0x1688) x10 0x00140340
core   0: 0x8000d81c (0xde13b893) sltiu   a7, t2, -543
core   0: 3 0x8000d81c (0xde13b893) x17 0x00000001
core   0: 0x8000d820 (0x000005a2) c.slli  a1, 8
core   0: 3 0x8000d820 (0x05a2) x11 0xe5200000
core   0: 0x8000d822 (0x00000001) c.nop
core   0: 3 0x8000d822 (0x0001)
core   0: 0x8000d824 (0x0114d663) bge     s1, a7, pc + 12
core   0: 3 0x8000d824 (0x0114d663)
core   0: 0x8000d828 (0x40ea8d33) sub     s10, s5, a4
core   0: 3 0x8000d828 (0x40ea8d33) x26 0xffff37e5
core   0: 0x8000d82c (0x0392f863) bgeu    t0, s9, pc + 48
core   0: 3 0x8000d82c (0x0392f863)
core   0: 0x8000d85c (0x00005a7d) c.li    s4, -1
core   0: 3 0x8000d85c (0x5a7d) x20 0xffffffff
core   0: 0x8000d85e (0x018a84b3) add     s1, s5, s8
core   0: 3 0x8000d85e (0x018a84b3) x 9 0x00007000
core   0: 0x8000d862 (0x00008801) c.andi  s0, 0
core   0: 3 0x8000d862 (0x8801) x 8 0x00000000
core   0: 0x8000d864 (0x00008c7d) c.and   s0, a5
core   0: 3 0x8000d864 (0x8c7d) x 8 0x00000000
core   0: 0x8000d866 (0x00008fed) c.and   a5, a1
core   0: 3 0x8000d866 (0x8fed) x15 0x00000000
core   0: 0x8000d868 (0x00008f11) c.sub   a4, a2
core   0: 3 0x8000d868 (0x8f11) x14 0x0001381b
core   0: 0x8000d86a (0xff523613) sltiu   a2, tp, -11
core   0: 3 0x8000d86a (0xff523613) x12 0x00000001
core   0: 0x8000d86e (0x00015c97) auipc   s9, 0x15
core   0: 3 0x8000d86e (0x00015c97) x25 0x8002286e
core   0: 0x8000d872 (0x7fac8c93) addi    s9, s9, 2042
core   0: 3 0x8000d872 (0x7fac8c93) x25 0x80023068
core   0: 0x8000d876 (0x00016b17) auipc   s6, 0x16
core   0: 3 0x8000d876 (0x00016b17) x22 0x80023876
core   0: 0x8000d87a (0x80eb0b13) addi    s6, s6, -2034
core   0: 3 0x8000d87a (0x80eb0b13) x22 0x80023084
core   0: 0x8000d87e (0x62ab212f) amoand.w sp, a0, (s6)
core   0: 3 0x8000d87e (0x62ab212f) x 2 0x9628fa99 mem 0x80023084 mem 0x80023084 0x00000200
core   0: 0x8000d882 (0x0000997d) c.andi  a0, -1
core   0: 3 0x8000d882 (0x997d) x10 0x00140340
core   0: 0x8000d884 (0xe52cabaf) amomaxu.w s7, s2, (s9)
core   0: 3 0x8000d884 (0xe52cabaf) x23 0x8002bd24 mem 0x80023068 mem 0x80023068 0x8002bd24
core   0: 0x8000d888 (0x40cb202f) amoor.w zero, a2, (s6)
core   0: 3 0x8000d888 (0x40cb202f) mem 0x80023084 mem 0x80023084 0x00000201
core   0: 0x8000d88c (0xc4ab22af) amominu.w t0, a0, (s6)
core   0: 3 0x8000d88c (0xc4ab22af) x 5 0x00000201 mem 0x80023084 mem 0x80023084 0x00000201
core   0: 0x8000d890 (0xe44ca92f) amomaxu.w s2, tp, (s9)
core   0: 3 0x8000d890 (0xe44ca92f) x18 0x8002bd24 mem 0x80023068 mem 0x80023068 0x8002bd24
core   0: 0x8000d894 (0x059ca02f) amoadd.w zero, s9, (s9)
core   0: 3 0x8000d894 (0x059ca02f) mem 0x80023068 mem 0x80023068 0x0004ed8c
core   0: 0x8000d898 (0x79ccf613) andi    a2, s9, 1948
core   0: 3 0x8000d898 (0x79ccf613) x12 0x00000008
core   0: 0x8000d89c (0x00008d2d) c.xor   a0, a1
core   0: 3 0x8000d89c (0x8d2d) x10 0xe5340340
core   0: 0x8000d89e (0x014fc663) blt     t6, s4, pc + 12
core   0: 3 0x8000d89e (0x014fc663)
core   0: 0x8000d8a2 (0x039cac33) mulhsu  s8, s9, s9
core   0: 3 0x8000d8a2 (0x039cac33) x24 0xc0000004
core   0: 0x8000d8a6 (0x00008e61) c.and   a2, s0
core   0: 3 0x8000d8a6 (0x8e61) x12 0x00000000
core   0: 0x8000d8a8 (0x0000e219) c.bnez  a2, pc + 6
core   0: 3 0x8000d8a8 (0xe219)
core   0: 0x8000d8aa (0x01ba4cb3) xor     s9, s4, s11
core   0: 3 0x8000d8aa (0x01ba4cb3) x25 0xffffffff
core   0: 0x8000d8ae (0x02053733) mulhu   a4, a0, zero
core   0: 3 0x8000d8ae (0x02053733) x14 0x00000000
core   0: 0x8000d8b2 (0xaa530c93) addi    s9, t1, -1371
core   0: 3 0x8000d8b2 (0xaa530c93) x25 0xfffffaa5
core   0: 0x8000d8b6 (0x0348e863) bltu    a7, s4, pc + 48
core   0: 3 0x8000d8b6 (0x0348e863)
core   0: 0x8000d8e6 (0x0196ad33) slt     s10, a3, s9
core   0: 3 0x8000d8e6 (0x0196ad33) x26 0x00000001
core   0: 0x8000d8ea (0x00000001) c.nop
core   0: 3 0x8000d8ea (0x0001)
core   0: 0x8000d8ec (0x3c5a8d13) addi    s10, s5, 965
core   0: 3 0x8000d8ec (0x3c5a8d13) x26 0x000073c5
core   0: 0x8000d8f0 (0x40388033) sub     zero, a7, gp
core   0: 3 0x8000d8f0 (0x40388033)
core   0: 0x8000d8f4 (0x00565033) srl     zero, a2, t0
core   0: 3 0x8000d8f4 (0x00565033)
core   0: 0x8000d8f8 (0x00f5fab3) and     s5, a1, a5
core   0: 3 0x8000d8f8 (0x00f5fab3) x21 0x00000000
core   0: 0x8000d8fc (0x0c983213) sltiu   tp, a6, 201
core   0: 3 0x8000d8fc (0x0c983213) x 4 0x00000000
core   0: 0x8000d900 (0x03b95f63) bge     s2, s11, pc + 62
core   0: 3 0x8000d900 (0x03b95f63)
core   0: 0x8000d904 (0x031839b3) mulhu   s3, a6, a7
core   0: 3 0x8000d904 (0x031839b3) x19 0x00000000
core   0: 0x8000d908 (0x0278db63) bge     a7, t2, pc + 54
core   0: 3 0x8000d908 (0x0278db63)
core   0: 0x8000d93e (0x00008d09) c.sub   a0, a0
core   0: 3 0x8000d93e (0x8d09) x10 0x00000000
core   0: 0x8000d940 (0x00c54663) blt     a0, a2, pc + 12
core   0: 3 0x8000d940 (0x00c54663)
core   0: 0x8000d944 (0x031b2c33) mulhsu  s8, s6, a7
core   0: 3 0x8000d944 (0x031b2c33) x24 0xffffffff
core   0: 0x8000d948 (0x01cf09b3) add     s3, t5, t3
core   0: 3 0x8000d948 (0x01cf09b3) x19 0x00000000
core   0: 0x8000d94c (0x022ecdb3) div     s11, t4, sp
core   0: 3 0x8000d94c (0x022ecdb3) x27 0x00000000
core   0: 0x8000d950 (0x41c3dbb3) sra     s7, t2, t3
core   0: 3 0x8000d950 (0x41c3dbb3) x23 0x00000000
core   0: 0x8000d954 (0x00008f85) c.sub   a5, s1
core   0: 3 0x8000d954 (0x8f85) x15 0xffff9000
core   0: 0x8000d956 (0x024ffc63) bgeu    t6, tp, pc + 56
core   0: 3 0x8000d956 (0x024ffc63)
core   0: 0x8000d98e (0x0000100f) fence.i
core   0: 3 0x8000d98e (0x0000100f)
core   0: 0x8000d992 (0x4160d333) sra     t1, ra, s6
core   0: 3 0x8000d992 (0x4160d333) x 6 0x00000000
core   0: 0x8000d996 (0x01958a33) add     s4, a1, s9
core   0: 3 0x8000d996 (0x01958a33) x20 0xe51ffaa5
core   0: 0x8000d99a (0x01901bb3) sll     s7, zero, s9
core   0: 3 0x8000d99a (0x01901bb3) x23 0x00000000
core   0: 0x8000d99e (0x0000100f) fence.i
core   0: 3 0x8000d99e (0x0000100f)
core   0: 0x8000d9a2 (0x00008d5d) c.or    a0, a5
core   0: 3 0x8000d9a2 (0x8d5d) x10 0xffff9000
core   0: 0x8000d9a4 (0x01d69fb3) sll     t6, a3, t4
core   0: 3 0x8000d9a4 (0x01d69fb3) x31 0x8002bd24
core   0: 0x8000d9a8 (0x037c1733) mulh    a4, s8, s7
core   0: 3 0x8000d9a8 (0x037c1733) x14 0x00000000
core   0: 0x8000d9ac (0x0076ed63) bltu    a3, t2, pc + 26
core   0: 3 0x8000d9ac (0x0076ed63)
core   0: 0x8000d9b0 (0x415fd5b3) sra     a1, t6, s5
core   0: 3 0x8000d9b0 (0x415fd5b3) x11 0x8002bd24
core   0: 0x8000d9b4 (0x00008105) c.srli  a0, 1
core   0: 3 0x8000d9b4 (0x8105) x10 0x7fffc800
core   0: 0x8000d9b6 (0x0ff0000f) fence   iorw,iorw
core   0: 3 0x8000d9b6 (0x0ff0000f)
core   0: 0x8000d9ba (0x025930b3) mulhu   ra, s2, t0
core   0: 3 0x8000d9ba (0x025930b3) x 1 0x00000100
core   0: 0x8000d9be (0x00008d3d) c.xor   a0, a5
core   0: 3 0x8000d9be (0x8d3d) x10 0x80005800
core   0: 0x8000d9c0 (0x00009926) c.add   s2, s1
core   0: 3 0x8000d9c0 (0x9926) x18 0x80032d24
core   0: 0x8000d9c2 (0x00c2ee33) or      t3, t0, a2
core   0: 3 0x8000d9c2 (0x00c2ee33) x28 0x00000201
core   0: 0x8000d9c6 (0x0171d713) srli    a4, gp, 23
core   0: 3 0x8000d9c6 (0x0171d713) x14 0x00000000
core   0: 0x8000d9ca (0x0049f763) bgeu    s3, tp, pc + 14
core   0: 3 0x8000d9ca (0x0049f763)
core   0: 0x8000d9d8 (0x0ff0000f) fence   iorw,iorw
core   0: 3 0x8000d9d8 (0x0ff0000f)
core   0: 0x8000d9dc (0x000015fd) c.addi  a1, -1
core   0: 3 0x8000d9dc (0x15fd) x11 0x8002bd23
core   0: 0x8000d9de (0x02617763) bgeu    sp, t1, pc + 46
core   0: 3 0x8000d9de (0x02617763)
core   0: 0x8000da0c (0x0000100f) fence.i
core   0: 3 0x8000da0c (0x0000100f)
core   0: 0x8000da10 (0x72346a93) ori     s5, s0, 1827
core   0: 3 0x8000da10 (0x72346a93) x21 0x00000723
core   0: 0x8000da14 (0x007bffb3) and     t6, s7, t2
core   0: 3 0x8000da14 (0x007bffb3) x31 0x00000000
core   0: 0x8000da18 (0x6ccccd13) xori    s10, s9, 1740
core   0: 3 0x8000da18 (0x6ccccd13) x26 0xfffffc69
core   0: 0x8000da1c (0x0000ec1d) c.bnez  s0, pc + 62
core   0: 3 0x8000da1c (0xec1d)
core   0: 0x8000da1e (0x03ca4e63) blt     s4, t3, pc + 60
core   0: 3 0x8000da1e (0x03ca4e63)
core   0: 0x8000da5a (0x00008fc9) c.or    a5, a0
core   0: 3 0x8000da5a (0x8fc9) x15 0xffffd800
core   0: 0x8000da5c (0x02a15fb3) divu    t6, sp, a0
core   0: 3 0x8000da5c (0x02a15fb3) x31 0x00000001
core   0: 0x8000da60 (0x01577f33) and     t5, a4, s5
core   0: 3 0x8000da60 (0x01577f33) x30 0x00000000
core   0: 0x8000da64 (0x00000001) c.nop
core   0: 3 0x8000da64 (0x0001)
core   0: 0x8000da66 (0x008e2db3) slt     s11, t3, s0
core   0: 3 0x8000da66 (0x008e2db3) x27 0x00000000
core   0: 0x8000da6a (0x41428e33) sub     t3, t0, s4
core   0: 3 0x8000da6a (0x41428e33) x28 0x1ae0075c
core   0: 0x8000da6e (0x028b5863) bge     s6, s0, pc + 48
core   0: 3 0x8000da6e (0x028b5863)
core   0: 0x8000da72 (0x00008ff1) c.and   a5, a2
core   0: 3 0x8000da72 (0x8ff1) x15 0x00000000
core   0: 0x8000da74 (0x25e74493) xori    s1, a4, 606
core   0: 3 0x8000da74 (0x25e74493) x 9 0x0000025e
core   0: 0x8000da78 (0x00000aa9) c.addi  s5, 10
core   0: 3 0x8000da78 (0x0aa9) x21 0x0000072d
core   0: 0x8000da7a (0x00008db5) c.xor   a1, a3
core   0: 3 0x8000da7a (0x8db5) x11 0x00000007
core   0: 0x8000da7c (0x00008425) c.srai  s0, 9
core   0: 3 0x8000da7c (0x8425) x 8 0x00000000
core   0: 0x8000da7e (0x00888fb3) add     t6, a7, s0
core   0: 3 0x8000da7e (0x00888fb3) x31 0x00000001
core   0: 0x8000da82 (0x01be5363) bge     t3, s11, pc + 6
core   0: 3 0x8000da82 (0x01be5363)
core   0: 0x8000da88 (0x00004aad) c.li    s5, 11
core   0: 3 0x8000da88 (0x4aad) x21 0x0000000b
core   0: 0x8000da8a (0x00fe70b3) and     ra, t3, a5
core   0: 3 0x8000da8a (0x00fe70b3) x 1 0x00000000
core   0: 0x8000da8e (0x035c1f63) bne     s8, s5, pc + 62
core   0: 3 0x8000da8e (0x035c1f63)
core   0: 0x8000dacc (0x8596a613) slti    a2, a3, -1959
core   0: 3 0x8000dacc (0x8596a613) x12 0x00000001
core   0: 0x8000dad0 (0x0000100f) fence.i
core   0: 3 0x8000dad0 (0x0000100f)
core   0: 0x8000dad4 (0x0000e91d) c.bnez  a0, pc + 54
core   0: 3 0x8000dad4 (0xe91d)
core   0: 0x8000db0a (0x00000001) c.nop
core   0: 3 0x8000db0a (0x0001)
core   0: 0x8000db0c (0x00015e17) auipc   t3, 0x15
core   0: 3 0x8000db0c (0x00015e17) x28 0x80022b0c
core   0: 0x8000db10 (0x564e0e13) addi    t3, t3, 1380
core   0: 3 0x8000db10 (0x564e0e13) x28 0x80023070
core   0: 0x8000db14 (0x00015897) auipc   a7, 0x15
core   0: 3 0x8000db14 (0x00015897) x17 0x80022b14
core   0: 0x8000db18 (0x55088893) addi    a7, a7, 1360
core   0: 3 0x8000db18 (0x55088893) x17 0x80023064
core   0: 0x8000db1c (0x00015d17) auipc   s10, 0x15
core   0: 3 0x8000db1c (0x00015d17) x26 0x80022b1c
core   0: 0x8000db20 (0x534d0d13) addi    s10, s10, 1332
core   0: 3 0x8000db20 (0x534d0d13) x26 0x80023050
core   0: 0x8000db24 (0x00008fa1) c.xor   a5, s0
core   0: 3 0x8000db24 (0x8fa1) x15 0x00000000
core   0: 0x8000db26 (0xe34d2a2f) amomaxu.w s4, s4, (s10)
core   0: 3 0x8000db26 (0xe34d2a2f) x20 0xff7c34a9 mem 0x80023050 mem 0x80023050 0xff7c34a9
core   0: 0x8000db2a (0xe3ee2c2f) amomaxu.w s8, t5, (t3)
core   0: 3 0x8000db2a (0xe3ee2c2f) x24 0x000001ce mem 0x80023070 mem 0x80023070 0x000001ce
core   0: 0x8000db2e (0xc46d2a2f) amominu.w s4, t1, (s10)
core   0: 3 0x8000db2e (0xc46d2a2f) x20 0xff7c34a9 mem 0x80023050 mem 0x80023050 0x00000000
core   0: 0x8000db32 (0x8068ac2f) amomin.w s8, t1, (a7)
core   0: 3 0x8000db32 (0x8068ac2f) x24 0x00000000 mem 0x80023064 mem 0x80023064 0x00000000
core   0: 0x8000db36 (0x21f8a0af) amoxor.w ra, t6, (a7)
core   0: 3 0x8000db36 (0x21f8a0af) x 1 0x00000000 mem 0x80023064 mem 0x80023064 0x00000001
core   0: 0x8000db3a (0x42ee20af) amoor.w ra, a4, (t3)
core   0: 3 0x8000db3a (0x42ee20af) x 1 0x000001ce mem 0x80023070 mem 0x80023070 0x000001ce
core   0: 0x8000db3e (0xc2f8a62f) amominu.w a2, a5, (a7)
core   0: 3 0x8000db3e (0xc2f8a62f) x12 0x00000001 mem 0x80023064 mem 0x80023064 0x00000000
core   0: 0x8000db42 (0x428d2daf) amoor.w s11, s0, (s10)
core   0: 3 0x8000db42 (0x428d2daf) x27 0x00000000 mem 0x80023050 mem 0x80023050 0x00000000
core   0: 0x8000db46 (0xc53e20af) amominu.w ra, s3, (t3)
core   0: 3 0x8000db46 (0xc53e20af) x 1 0x000001ce mem 0x80023070 mem 0x80023070 0x00000000
core   0: 0x8000db4a (0x41295d33) sra     s10, s2, s2
core   0: 3 0x8000db4a (0x41295d33) x26 0xf80032d2
core   0: 0x8000db4e (0x00001998) c.addi4spn a4, sp, 240
core   0: 3 0x8000db4e (0x1998) x14 0x9628fb89
core   0: 0x8000db50 (0x00006159) c.addi16sp sp, 400
core   0: 3 0x8000db50 (0x6159) x 2 0x9628fc29
core   0: 0x8000db52 (0xe7e27893) andi    a7, tp, -386
core   0: 3 0x8000db52 (0xe7e27893) x17 0x00000000
core   0: 0x8000db56 (0x7c21b193) sltiu   gp, gp, 1986
core   0: 3 0x8000db56 (0x7c21b193) x 3 0x00000001
core   0: 0x8000db5a (0x00008586) c.mv    a1, ra
core   0: 3 0x8000db5a (0x8586) x11 0x000001ce
core   0: 0x8000db5c (0x0000717d) c.addi16sp sp, -16
core   0: 3 0x8000db5c (0x717d) x 2 0x9628fc19
core   0: 0x8000db5e (0x00008645) c.srai  a2, 17
core   0: 3 0x8000db5e (0x8645) x12 0x00000000
core   0: 0x8000db60 (0x037b71b3) remu    gp, s6, s7
core   0: 3 0x8000db60 (0x037b71b3) x 3 0x80023084
core   0: 0x8000db64 (0x00008119) c.srli  a0, 6
core   0: 3 0x8000db64 (0x8119) x10 0x02000160
core   0: 0x8000db66 (0x00008db9) c.xor   a1, a4
core   0: 3 0x8000db66 (0x8db9) x11 0x9628fa47
core   0: 0x8000db68 (0x2144ab37) lui     s6, 0x2144a
core   0: 3 0x8000db68 (0x2144ab37) x22 0x2144a000
core   0: 0x8000db6c (0x00d6a9b3) slt     s3, a3, a3
core   0: 3 0x8000db6c (0x00d6a9b3) x19 0x00000000
core   0: 0x8000db70 (0x41ded933) sra     s2, t4, t4
core   0: 3 0x8000db70 (0x41ded933) x18 0x00000000
core   0: 0x8000db74 (0x009029b3) slt     s3, zero, s1
core   0: 3 0x8000db74 (0x009029b3) x19 0x00000001
core   0: 0x8000db78 (0x036bf033) remu    zero, s7, s6
core   0: 3 0x8000db78 (0x036bf033)
core   0: 0x8000db7c (0x00008cf1) c.and   s1, a2
core   0: 3 0x8000db7c (0x8cf1) x 9 0x00000000
core   0: 0x8000db7e (0x00278d33) add     s10, a5, sp
core   0: 3 0x8000db7e (0x00278d33) x26 0x9628fc19
core   0: 0x8000db82 (0x00008c69) c.and   s0, a0
core   0: 3 0x8000db82 (0x8c69) x 8 0x00000000
core   0: 0x8000db84 (0x01c7beb3) sltu    t4, a5, t3
core   0: 3 0x8000db84 (0x01c7beb3) x29 0x00000001
core   0: 0x8000db88 (0x0000c781) c.beqz  a5, pc + 8
core   0: 3 0x8000db88 (0xc781)
core   0: 0x8000db90 (0xe67d4013) xori    zero, s10, -409
core   0: 3 0x8000db90 (0xe67d4013)
core   0: 0x8000db94 (0x0000100f) fence.i
core   0: 3 0x8000db94 (0x0000100f)
core   0: 0x8000db98 (0x6ac28313) addi    t1, t0, 1708
core   0: 3 0x8000db98 (0x6ac28313) x 6 0x000008ad
core   0: 0x8000db9c (0x40ee5113) srai    sp, t3, 14
core   0: 3 0x8000db9c (0x40ee5113) x 2 0xfffe0008
core   0: 0x8000dba0 (0x01a21a93) slli    s5, tp, 26
core   0: 3 0x8000dba0 (0x01a21a93) x21 0x00000000
core   0: 0x8000dba4 (0x0349f633) remu    a2, s3, s4
core   0: 3 0x8000dba4 (0x0349f633) x12 0x00000001
core   0: 0x8000dba8 (0x00009a56) c.add   s4, s5
core   0: 3 0x8000dba8 (0x9a56) x20 0xff7c34a9
core   0: 0x8000dbaa (0x0000617d) c.addi16sp sp, 496
core   0: 3 0x8000dbaa (0x617d) x 2 0xfffe01f8
core   0: 0x8000dbac (0x00004571) c.li    a0, 28
core   0: 3 0x8000dbac (0x4571) x10 0x0000001c
core   0: 0x8000dbae (0x020e9c63) bnez    t4, pc + 56
core   0: 3 0x8000dbae (0x020e9c63)
core   0: 0x8000dbe6 (0x0000822e) c.mv    tp, a1
core   0: 3 0x8000dbe6 (0x822e) x 4 0x9628fa47
core   0: 0x8000dbe8 (0x00006175) c.addi16sp sp, 368
core   0: 3 0x8000dbe8 (0x6175) x 2 0xfffe0368
core   0: 0x8000dbea (0x00c85913) srli    s2, a6, 12
core   0: 3 0x8000dbea (0x00c85913) x18 0x00080027
core   0: 0x8000dbee (0x0000717d) c.addi16sp sp, -16
core   0: 3 0x8000dbee (0x717d) x 2 0xfffe0358
core   0: 0x8000dbf0 (0x0072a4b3) slt     s1, t0, t2
core   0: 3 0x8000dbf0 (0x0072a4b3) x 9 0x00000000
core   0: 0x8000dbf4 (0x000061fd) c.lui   gp, 0x1f
core   0: 3 0x8000dbf4 (0x61fd) x 3 0x0001f000
core   0: 0x8000dbf6 (0x00040933) add     s2, s0, zero
core   0: 3 0x8000dbf6 (0x00040933) x18 0x00000000
core   0: 0x8000dbfa (0x03423433) mulhu   s0, tp, s4
core   0: 3 0x8000dbfa (0x03423433) x 8 0x95dbac09
core   0: 0x8000dbfe (0x00000001) c.nop
core   0: 3 0x8000dbfe (0x0001)
core   0: 0x8000dc00 (0x0142fbb3) and     s7, t0, s4
core   0: 3 0x8000dc00 (0x0142fbb3) x23 0x00000001
core   0: 0x8000dc04 (0x0000e811) c.bnez  s0, pc + 20
core   0: 3 0x8000dc04 (0xe811)
core   0: 0x8000dc18 (0x60c1abb7) lui     s7, 0x60c1a
core   0: 3 0x8000dc18 (0x60c1abb7) x23 0x60c1a000
core   0: 0x8000dc1c (0x00008dc1) c.or    a1, s0
core   0: 3 0x8000dc1c (0x8dc1) x11 0x97fbfe4f
core   0: 0x8000dc1e (0x0ff0000f) fence   iorw,iorw
core   0: 3 0x8000dc1e (0x0ff0000f)
core   0: 0x8000dc22 (0x02b5e7b3) rem     a5, a1, a1
core   0: 3 0x8000dc22 (0x02b5e7b3) x15 0x00000000
core   0: 0x8000dc26 (0x01426433) or      s0, tp, s4
core   0: 3 0x8000dc26 (0x01426433) x 8 0xff7cfeef
core   0: 0x8000dc2a (0x0000e105) c.bnez  a0, pc + 32
core   0: 3 0x8000dc2a (0xe105)
core   0: 0x8000dc4a (0x02e04963) blt     zero, a4, pc + 50
core   0: 3 0x8000dc4a (0x02e04963)
core   0: 0x8000dc4e (0x0048d513) srli    a0, a7, 4
core   0: 3 0x8000dc4e (0x0048d513) x10 0x00000000
core   0: 0x8000dc52 (0x000017fd) c.addi  a5, -1
core   0: 3 0x8000dc52 (0x17fd) x15 0xffffffff
core   0: 0x8000dc54 (0x40e8de93) srai    t4, a7, 14
core   0: 3 0x8000dc54 (0x40e8de93) x29 0x00000000
core   0: 0x8000dc58 (0x023e7b63) bgeu    t3, gp, pc + 54
core   0: 3 0x8000dc58 (0x023e7b63)
core   0: 0x8000dc8e (0x00008651) c.srai  a2, 20
core   0: 3 0x8000dc8e (0x8651) x12 0x00000000
core   0: 0x8000dc90 (0x000091d2) c.add   gp, s4
core   0: 3 0x8000dc90 (0x91d2) x 3 0xff7e24a9
core   0: 0x8000dc92 (0x00008d91) c.sub   a1, a2
core   0: 3 0x8000dc92 (0x8d91) x11 0x97fbfe4f
core   0: 0x8000dc94 (0x01fbf8b3) and     a7, s7, t6
core   0: 3 0x8000dc94 (0x01fbf8b3) x17 0x00000000
core   0: 0x8000dc98 (0x0000074a) c.slli  a4, 18
core   0: 3 0x8000dc98 (0x074a) x14 0xee240000
core   0: 0x8000dc9a (0x1231cf17) auipc   t5, 0x1231c
core   0: 3 0x8000dc9a (0x1231cf17) x30 0x92329c9a
core   0: 0x8000dc9e (0x0312aa33) mulhsu  s4, t0, a7
core   0: 3 0x8000dc9e (0x0312aa33) x20 0x00000000
core   0: 0x8000dca2 (0x007bc2b3) xor     t0, s7, t2
core   0: 3 0x8000dca2 (0x007bc2b3) x 5 0x60c1a000
core   0: 0x8000dca6 (0x01747e63) bgeu    s0, s7, pc + 28
core   0: 3 0x8000dca6 (0x01747e63)
core   0: 0x8000dcc2 (0x00008dcd) c.or    a1, a1
core   0: 3 0x8000dcc2 (0x8dcd) x11 0x97fbfe4f
core   0: 0x8000dcc4 (0x0128b9b3) sltu    s3, a7, s2
core   0: 3 0x8000dcc4 (0x0128b9b3) x19 0x00000000
core   0: 0x8000dcc8 (0x77dd6217) auipc   tp, 0x77dd6
core   0: 3 0x8000dcc8 (0x77dd6217) x 4 0xf7de3cc8
core   0: 0x8000dccc (0x015a1cb3) sll     s9, s4, s5
core   0: 3 0x8000dccc (0x015a1cb3) x25 0x00000000
core   0: 0x8000dcd0 (0x03ad2e33) mulhsu  t3, s10, s10
core   0: 3 0x8000dcd0 (0x03ad2e33) x28 0xc1eb11e4
core   0: 0x8000dcd4 (0xf56bf617) auipc   a2, 0xf56bf
core   0: 3 0x8000dcd4 (0xf56bf617) x12 0x756cccd4
core   0: 0x8000dcd8 (0x0000eca9) c.bnez  s1, pc + 90
core   0: 3 0x8000dcd8 (0xeca9)
core   0: 0x8000dcda (0x0000c025) c.beqz  s0, pc + 96
core   0: 3 0x8000dcda (0xc025)
core   0: 0x8000dcdc (0x00008dbd) c.xor   a1, a5
core   0: 3 0x8000dcdc (0x8dbd) x11 0x680401b0
core   0: 0x8000dcde (0x0000100f) fence.i
core   0: 3 0x8000dcde (0x0000100f)
core   0: 0x8000dce2 (0x04bb0363) beq     s6, a1, pc + 70
core   0: 3 0x8000dce2 (0x04bb0363)
core   0: 0x8000dce6 (0x03948633) mul     a2, s1, s9
core   0: 3 0x8000dce6 (0x03948633) x12 0x00000000
core   0: 0x8000dcea (0x405c5c33) sra     s8, s8, t0
core   0: 3 0x8000dcea (0x405c5c33) x24 0x00000000
core   0: 0x8000dcee (0x0000c5bd) c.beqz  a1, pc + 110
core   0: 3 0x8000dcee (0xc5bd)
core   0: 0x8000dcf0 (0x00000001) c.nop
core   0: 3 0x8000dcf0 (0x0001)
core   0: 0x8000dcf2 (0x0080df93) srli    t6, ra, 8
core   0: 3 0x8000dcf2 (0x0080df93) x31 0x00000001
core   0: 0x8000dcf6 (0x00015d17) auipc   s10, 0x15
core   0: 3 0x8000dcf6 (0x00015d17) x26 0x80022cf6
core   0: 0x8000dcfa (0x362d0d13) addi    s10, s10, 866
core   0: 3 0x8000dcfa (0x362d0d13) x26 0x80023058
core   0: 0x8000dcfe (0x0c9d292f) amoswap.w s2, s1, (s10)
core   0: 3 0x8000dcfe (0x0c9d292f) x18 0x00000000 mem 0x80023058 mem 0x80023058 0x00000000
core   0: 0x8000dd02 (0x246d2eaf) amoxor.w t4, t1, (s10)
core   0: 3 0x8000dd02 (0x246d2eaf) x29 0x00000000 mem 0x80023058 mem 0x80023058 0x000008ad
core   0: 0x8000dd06 (0x036aaeb3) mulhsu  t4, s5, s6
core   0: 3 0x8000dd06 (0x036aaeb3) x29 0x00000000
core   0: 0x8000dd0a (0x40cd29af) amoor.w s3, a2, (s10)
core   0: 3 0x8000dd0a (0x40cd29af) x19 0x000008ad mem 0x80023058 mem 0x80023058 0x000008ad
core   0: 0x8000dd0e (0x00000bf1) c.addi  s7, 28
core   0: 3 0x8000dd0e (0x0bf1) x23 0x60c1a01c
core   0: 0x8000dd10 (0x00d94633) xor     a2, s2, a3
core   0: 3 0x8000dd10 (0x00d94633) x12 0x8002bd24
core   0: 0x8000dd14 (0x214d262f) amoxor.w a2, s4, (s10)
core   0: 3 0x8000dd14 (0x214d262f) x12 0x000008ad mem 0x80023058 mem 0x80023058 0x000008ad
core   0: 0x8000dd18 (0x01afa2b3) slt     t0, t6, s10
core   0: 3 0x8000dd18 (0x01afa2b3) x 5 0x00000000
core   0: 0x8000dd1c (0xa47d2caf) amomax.w s9, t2, (s10)
core   0: 3 0x8000dd1c (0xa47d2caf) x25 0x000008ad mem 0x80023058 mem 0x80023058 0x000008ad
core   0: 0x8000dd20 (0x015dd533) srl     a0, s11, s5
core   0: 3 0x8000dd20 (0x015dd533) x10 0x00000000
core   0: 0x8000dd24 (0x41dd24af) amoor.w s1, t4, (s10)
core   0: 3 0x8000dd24 (0x41dd24af) x 9 0x000008ad mem 0x80023058 mem 0x80023058 0x000008ad
core   0: 0x8000dd28 (0x02c08e33) mul     t3, ra, a2
core   0: 3 0x8000dd28 (0x02c08e33) x28 0x000fa836
core   0: 0x8000dd2c (0x00e64f13) xori    t5, a2, 14
core   0: 3 0x8000dd2c (0x00e64f13) x30 0x000008a3
core   0: 0x8000dd30 (0x0000024a) c.slli  tp, 18
core   0: 3 0x8000dd30 (0x024a) x 4 0xf3200000
core   0: 0x8000dd32 (0x00001590) c.addi4spn a2, sp, 736
core   0: 3 0x8000dd32 (0x1590) x12 0xfffe0638
core   0: 0x8000dd34 (0x00008475) c.srai  s0, 29
core   0: 3 0x8000dd34 (0x8475) x 8 0xffffffff
core   0: 0x8000dd36 (0x03b9e2b3) rem     t0, s3, s11
core   0: 3 0x8000dd36 (0x03b9e2b3) x 5 0x000008ad
core   0: 0x8000dd3a (0x001d0e33) add     t3, s10, ra
core   0: 3 0x8000dd3a (0x001d0e33) x28 0x80023226
core   0: 0x8000dd3e (0x00008de5) c.and   a1, s1
core   0: 3 0x8000dd3e (0x8de5) x11 0x000000a0
core   0: 0x8000dd40 (0x01efadb3) slt     s11, t6, t5
core   0: 3 0x8000dd40 (0x01efadb3) x27 0x00000001
core   0: 0x8000dd44 (0x018a9033) sll     zero, s5, s8
core   0: 3 0x8000dd44 (0x018a9033)
core   0: 0x8000dd48 (0x03529b33) mulh    s6, t0, s5
core   0: 3 0x8000dd48 (0x03529b33) x22 0x00000000
core   0: 0x8000dd4c (0x418e50b3) sra     ra, t3, s8
core   0: 3 0x8000dd4c (0x418e50b3) x 1 0x80023226
core   0: 0x8000dd50 (0x0110ffb3) and     t6, ra, a7
core   0: 3 0x8000dd50 (0x0110ffb3) x31 0x00000000
core   0: 0x8000dd54 (0xc2ce2313) slti    t1, t3, -980
core   0: 3 0x8000dd54 (0xc2ce2313) x 6 0x00000001
core   0: 0x8000dd58 (0x00008d49) c.or    a0, a0
core   0: 3 0x8000dd58 (0x8d49) x10 0x00000000
core   0: 0x8000dd5a (0x00008071) c.srli  s0, 28
core   0: 3 0x8000dd5a (0x8071) x 8 0x0000000f
core   0: 0x8000dd5c (0x02c51233) mulh    tp, a0, a2
core   0: 3 0x8000dd5c (0x02c51233) x 4 0x00000000
core   0: 0x8000dd60 (0xcc3c3d37) lui     s10, 0xcc3c3
core   0: 3 0x8000dd60 (0xcc3c3d37) x26 0xcc3c3000
core   0: 0x8000dd64 (0x01316cb3) or      s9, sp, s3
core   0: 3 0x8000dd64 (0x01316cb3) x25 0xfffe0bfd
core   0: 0x8000dd68 (0x0181ceb3) xor     t4, gp, s8
core   0: 3 0x8000dd68 (0x0181ceb3) x29 0xff7e24a9
core   0: 0x8000dd6c (0x00008b75) c.andi  a4, 29
core   0: 3 0x8000dd6c (0x8b75) x14 0x00000000
core   0: 0x8000dd6e (0x0000c895) c.beqz  s1, pc + 52
core   0: 3 0x8000dd6e (0xc895)
core   0: 0x8000dd70 (0x010cf7b3) and     a5, s9, a6
core   0: 3 0x8000dd70 (0x010cf7b3) x15 0x80020a7c
core   0: 0x8000dd74 (0x02caa233) mulhsu  tp, s5, a2
core   0: 3 0x8000dd74 (0x02caa233) x 4 0x00000000
core   0: 0x8000dd78 (0x01d6d613) srli    a2, a3, 29
core   0: 3 0x8000dd78 (0x01d6d613) x12 0x00000004
core   0: 0x8000dd7c (0x0000888d) c.andi  s1, 3
core   0: 3 0x8000dd7c (0x888d) x 9 0x00000001
core   0: 0x8000dd7e (0x024381b3) mul     gp, t2, tp
core   0: 3 0x8000dd7e (0x024381b3) x 3 0x00000000
core   0: 0x8000dd82 (0x01111b33) sll     s6, sp, a7
core   0: 3 0x8000dd82 (0x01111b33) x22 0xfffe0358
core   0: 0x8000dd86 (0x00009a7d) c.andi  a2, -1
core   0: 3 0x8000dd86 (0x9a7d) x12 0x00000004
core   0: 0x8000dd88 (0x0311f533) remu    a0, gp, a7
core   0: 3 0x8000dd88 (0x0311f533) x10 0x00000000
core   0: 0x8000dd8c (0x0168fc33) and     s8, a7, s6
core   0: 3 0x8000dd8c (0x0168fc33) x24 0x00000000
core   0: 0x8000dd90 (0x9a6ec193) xori    gp, t4, -1626
core   0: 3 0x8000dd90 (0x9a6ec193) x 3 0x0081dd0f
core   0: 0x8000dd94 (0x00001d9c) c.addi4spn a5, sp, 752
core   0: 3 0x8000dd94 (0x1d9c) x15 0xfffe0648
core   0: 0x8000dd96 (0x03897db3) remu    s11, s2, s8
core   0: 3 0x8000dd96 (0x03897db3) x27 0x00000000
core   0: 0x8000dd9a (0x03840733) mul     a4, s0, s8
core   0: 3 0x8000dd9a (0x03840733) x14 0x00000000
core   0: 0x8000dd9e (0x008c09b3) add     s3, s8, s0
core   0: 3 0x8000dd9e (0x008c09b3) x19 0x0000000f
core   0: 0x8000dda2 (0x038c94b3) mulh    s1, s9, s8
core   0: 3 0x8000dda2 (0x038c94b3) x 9 0x00000000
core   0: 0x8000dda6 (0x02eb9463) bne     s7, a4, pc + 40
core   0: 3 0x8000dda6 (0x02eb9463)
core   0: 0x8000ddce (0x02b960b3) rem     ra, s2, a1
core   0: 3 0x8000ddce (0x02b960b3) x 1 0x00000000
core   0: 0x8000ddd2 (0x0150d763) bge     ra, s5, pc + 14
core   0: 3 0x8000ddd2 (0x0150d763)
core   0: 0x8000dde0 (0x41995ab3) sra     s5, s2, s9
core   0: 3 0x8000dde0 (0x41995ab3) x21 0x00000000
core   0: 0x8000dde4 (0x00008e75) c.and   a2, a3
core   0: 3 0x8000dde4 (0x8e75) x12 0x00000004
core   0: 0x8000dde6 (0x026a37b3) mulhu   a5, s4, t1
core   0: 3 0x8000dde6 (0x026a37b3) x15 0x00000000
core   0: 0x8000ddea (0x00000001) c.nop
core   0: 3 0x8000ddea (0x0001)
core   0: 0x8000ddec (0x00006179) c.addi16sp sp, 464
core   0: 3 0x8000ddec (0x6179) x 2 0xfffe0528
core   0: 0x8000ddee (0x00008c4d) c.or    s0, a1
core   0: 3 0x8000ddee (0x8c4d) x 8 0x000000af
core   0: 0x8000ddf0 (0x00008ca1) c.xor   s1, s0
core   0: 3 0x8000ddf0 (0x8ca1) x 9 0x000000af
core   0: 0x8000ddf2 (0x0ff0000f) fence   iorw,iorw
core   0: 3 0x8000ddf2 (0x0ff0000f)
core   0: 0x8000ddf6 (0x014c5733) srl     a4, s8, s4
core   0: 3 0x8000ddf6 (0x014c5733) x14 0x00000000
core   0: 0x8000ddfa (0x03d91963) bne     s2, t4, pc + 50
core   0: 3 0x8000ddfa (0x03d91963)
core   0: 0x8000de2c (0x00008f8d) c.sub   a5, a1
core   0: 3 0x8000de2c (0x8f8d) x15 0xffffff60
core   0: 0x8000de2e (0x00000001) c.nop
core   0: 3 0x8000de2e (0x0001)
core   0: 0x8000de30 (0x40e384b3) sub     s1, t2, a4
core   0: 3 0x8000de30 (0x40e384b3) x 9 0x00000000
core   0: 0x8000de34 (0x00000001) c.nop
core   0: 3 0x8000de34 (0x0001)
core   0: 0x8000de36 (0xa2148193) addi    gp, s1, -1503
core   0: 3 0x8000de36 (0xa2148193) x 3 0xfffffa21
core   0: 0x8000de3a (0x02416433) rem     s0, sp, tp
core   0: 3 0x8000de3a (0x02416433) x 8 0xfffe0528
core   0: 0x8000de3e (0x00000001) c.nop
core   0: 3 0x8000de3e (0x0001)
core   0: 0x8000de40 (0x7b1bf413) andi    s0, s7, 1969
core   0: 3 0x8000de40 (0x7b1bf413) x 8 0x00000010
core   0: 0x8000de44 (0x00000fe2) c.slli  t6, 24
core   0: 3 0x8000de44 (0x0fe2) x31 0x00000000
core   0: 0x8000de46 (0x0000673d) c.lui   a4, 0xf
core   0: 3 0x8000de46 (0x673d) x14 0x0000f000
core   0: 0x8000de48 (0x03b54f63) blt     a0, s11, pc + 62
core   0: 3 0x8000de48 (0x03b54f63)
core   0: 0x8000de4c (0x0345d5b3) divu    a1, a1, s4
core   0: 3 0x8000de4c (0x0345d5b3) x11 0xffffffff
core   0: 0x8000de50 (0x00009f62) c.add   t5, s8
core   0: 3 0x8000de50 (0x9f62) x30 0x000008a3
core   0: 0x8000de52 (0x00000001) c.nop
core   0: 3 0x8000de52 (0x0001)
core   0: 0x8000de54 (0x0054b7b3) sltu    a5, s1, t0
core   0: 3 0x8000de54 (0x0054b7b3) x15 0x00000001
core   0: 0x8000de58 (0x02f5fb33) remu    s6, a1, a5
core   0: 3 0x8000de58 (0x02f5fb33) x22 0x00000000
core   0: 0x8000de5c (0xe1c96b93) ori     s7, s2, -484
core   0: 3 0x8000de5c (0xe1c96b93) x23 0xfffffe1c
core   0: 0x8000de60 (0xa8e03b13) sltiu   s6, zero, -1394
core   0: 3 0x8000de60 (0xa8e03b13) x22 0x00000001
core   0: 0x8000de64 (0x0000100f) fence.i
core   0: 3 0x8000de64 (0x0000100f)
core   0: 0x8000de68 (0x023f2033) mulhsu  zero, t5, gp
core   0: 3 0x8000de68 (0x023f2033)
core   0: 0x8000de6c (0x006875b3) and     a1, a6, t1
core   0: 3 0x8000de6c (0x006875b3) x11 0x00000000
core   0: 0x8000de70 (0x039d05b3) mul     a1, s10, s9
core   0: 3 0x8000de70 (0x039d05b3) x11 0x0d8b7000
core   0: 0x8000de74 (0xe7470293) addi    t0, a4, -396
core   0: 3 0x8000de74 (0xe7470293) x 5 0x0000ee74
core   0: 0x8000de78 (0x00000001) c.nop
core   0: 3 0x8000de78 (0x0001)
core   0: 0x8000de7a (0x00008676) c.mv    a2, t4
core   0: 3 0x8000de7a (0x8676) x12 0xff7e24a9
core   0: 0x8000de7c (0x00008f22) c.mv    t5, s0
core   0: 3 0x8000de7c (0x8f22) x30 0x00000010
core   0: 0x8000de7e (0x0259f233) remu    tp, s3, t0
core   0: 3 0x8000de7e (0x0259f233) x 4 0x0000000f
core   0: 0x8000de82 (0xdbf90513) addi    a0, s2, -577
core   0: 3 0x8000de82 (0xdbf90513) x10 0xfffffdbf
core   0: 0x8000de86 (0x0000e10d) c.bnez  a0, pc + 34
core   0: 3 0x8000de86 (0xe10d)
core   0: 0x8000dea8 (0x03536ab3) rem     s5, t1, s5
core   0: 3 0x8000dea8 (0x03536ab3) x21 0x00000001
core   0: 0x8000deac (0x002b1733) sll     a4, s6, sp
core   0: 3 0x8000deac (0x002b1733) x14 0x00000100
core   0: 0x8000deb0 (0x0425e163) bltu    a1, sp, pc + 66
core   0: 3 0x8000deb0 (0x0425e163)
core   0: 0x8000def2 (0x0000717d) c.addi16sp sp, -16
core   0: 3 0x8000def2 (0x717d) x 2 0xfffe0518
core   0: 0x8000def4 (0x00bb70b3) and     ra, s6, a1
core   0: 3 0x8000def4 (0x00bb70b3) x 1 0x00000000
core   0: 0x8000def8 (0x00008519) c.srai  a0, 6
core   0: 3 0x8000def8 (0x8519) x10 0xfffffff6
core   0: 0x8000defa (0x00006315) c.lui   t1, 0x5
core   0: 3 0x8000defa (0x6315) x 6 0x00005000
core   0: 0x8000defc (0x00008741) c.srai  a4, 16
core   0: 3 0x8000defc (0x8741) x14 0x00000000
core   0: 0x8000defe (0x00008e35) c.xor   a2, a3
core   0: 3 0x8000defe (0x8e35) x12 0x7f7c998d
core   0: 0x8000df00 (0x000092d2) c.add   t0, s4
core   0: 3 0x8000df00 (0x92d2) x 5 0x0000ee74
core   0: 0x8000df02 (0x0000717d) c.addi16sp sp, -16
core   0: 3 0x8000df02 (0x717d) x 2 0xfffe0508
core   0: 0x8000df04 (0x00008c39) c.xor   s0, a4
core   0: 3 0x8000df04 (0x8c39) x 8 0x00000010
core   0: 0x8000df06 (0x00000001) c.nop
core   0: 3 0x8000df06 (0x0001)
core   0: 0x8000df08 (0x03c560b3) rem     ra, a0, t3
core   0: 3 0x8000df08 (0x03c560b3) x 1 0xfffffff6
core   0: 0x8000df0c (0x02d3fc33) remu    s8, t2, a3
core   0: 3 0x8000df0c (0x02d3fc33) x24 0x00000000
core   0: 0x8000df10 (0x03444d63) blt     s0, s4, pc + 58
core   0: 3 0x8000df10 (0x03444d63)
core   0: 0x8000df14 (0x0000611d) c.addi16sp sp, 416
core   0: 3 0x8000df14 (0x611d) x 2 0xfffe06a8
core   0: 0x8000df16 (0x00008c5d) c.or    s0, a5
core   0: 3 0x8000df16 (0x8c5d) x 8 0x00000011
core   0: 0x8000df18 (0x022d9b63) bne     s11, sp, pc + 54
core   0: 3 0x8000df18 (0x022d9b63)
core   0: 0x8000df4e (0x00000b08) c.addi4spn a0, sp, 400
core   0: 3 0x8000df4e (0x0b08) x10 0xfffe0838
core   0: 0x8000df50 (0x03a0c4b3) div     s1, ra, s10
core   0: 3 0x8000df50 (0x03a0c4b3) x 9 0x00000000
core   0: 0x8000df54 (0x62eaec37) lui     s8, 0x62eae
core   0: 3 0x8000df54 (0x62eaec37) x24 0x62eae000
core   0: 0x8000df58 (0x0249fd63) bgeu    s3, tp, pc + 58
core   0: 3 0x8000df58 (0x0249fd63)
core   0: 0x8000df92 (0x0000cc9d) c.beqz  s1, pc + 62
core   0: 3 0x8000df92 (0xcc9d)
core   0: 0x8000dfd0 (0x03a99763) bne     s3, s10, pc + 46
core   0: 3 0x8000dfd0 (0x03a99763)
core   0: 0x8000dffe (0x00009a7d) c.andi  a2, -1
core   0: 3 0x8000dffe (0x9a7d) x12 0x7f7c998d
core   0: 0x8000e000 (0x00008d4e) c.mv    s10, s3
core   0: 3 0x8000e000 (0x8d4e) x26 0x0000000f
core   0: 0x8000e002 (0xa45c4313) xori    t1, s8, -1467
core   0: 3 0x8000e002 (0xa45c4313) x 6 0x9d151a45
core   0: 0x8000e006 (0x014cc1b3) xor     gp, s9, s4
core   0: 3 0x8000e006 (0x014cc1b3) x 3 0xfffe0bfd
core   0: 0x8000e00a (0x409fd2b3) sra     t0, t6, s1
core   0: 3 0x8000e00a (0x409fd2b3) x 5 0x00000000
core   0: 0x8000e00e (0x0b7a2313) slti    t1, s4, 183
core   0: 3 0x8000e00e (0x0b7a2313) x 6 0x00000001
core   0: 0x8000e012 (0x00008f31) c.xor   a4, a2
core   0: 3 0x8000e012 (0x8f31) x14 0x7f7c998d
core   0: 0x8000e014 (0x01c88933) add     s2, a7, t3
core   0: 3 0x8000e014 (0x01c88933) x18 0x80023226
core   0: 0x8000e018 (0x00008f45) c.or    a4, s1
core   0: 3 0x8000e018 (0x8f45) x14 0x7f7c998d
core   0: 0x8000e01a (0x0000ea1d) c.bnez  a2, pc + 54
core   0: 3 0x8000e01a (0xea1d)
core   0: 0x8000e050 (0xc525c613) xori    a2, a1, -942
core   0: 3 0x8000e050 (0xc525c613) x12 0xf2748c52
core   0: 0x8000e054 (0x00000aa2) c.slli  s5, 8
core   0: 3 0x8000e054 (0x0aa2) x21 0x00000100
core   0: 0x8000e056 (0xa6a5f713) andi    a4, a1, -1430
core   0: 3 0x8000e056 (0xa6a5f713) x14 0x0d8b7000
core   0: 0x8000e05a (0x02cdd333) divu    t1, s11, a2
core   0: 3 0x8000e05a (0x02cdd333) x 6 0x00000000
core   0: 0x8000e05e (0x98cc6c13) ori     s8, s8, -1652
core   0: 3 0x8000e05e (0x98cc6c13) x24 0xfffff98c
core   0: 0x8000e062 (0x033a4263) blt     s4, s3, pc + 36
core   0: 3 0x8000e062 (0x033a4263)
core   0: 0x8000e086 (0x00006abd) c.lui   s5, 0xf
core   0: 3 0x8000e086 (0x6abd) x21 0x0000f000
core   0: 0x8000e088 (0x00013117) auipc   sp, 0x13
core   0: 3 0x8000e088 (0x00013117) x 2 0x80021088
core   0: 0x8000e08c (0x2ee10113) addi    sp, sp, 750
core   0: 3 0x8000e08c (0x2ee10113) x 2 0x80021376
core   0: 0x8000e090 (0x00004797) auipc   a5, 0x4
core   0: 3 0x8000e090 (0x00004797) x15 0x80012090
core   0: 0x8000e094 (0x35878793) addi    a5, a5, 856
core   0: 3 0x8000e094 (0x35878793) x15 0x800123e8
core   0: 0x8000e098 (0xff011123) sh      a6, -30(sp)
core   0: 3 0x8000e098 (0xff011123) mem 0x80021358 0x7e7c
core   0: 0x8000e09c (0xfc210e03) lb      t3, -62(sp)
core   0: 3 0x8000e09c (0xfc210e03) x28 0x0000004d mem 0x80021338
core   0: 0x8000e0a0 (0x00a15e03) lhu     t3, 10(sp)
core   0: 3 0x8000e0a0 (0x00a15e03) x28 0x000084a5 mem 0x80021380
core   0: 0x8000e0a4 (0x03078aa3) sb      a6, 53(a5)
core   0: 3 0x8000e0a4 (0x03078aa3) mem 0x8001241d 0x7c
core   0: 0x8000e0a8 (0x02a10503) lb      a0, 42(sp)
core   0: 3 0x8000e0a8 (0x02a10503) x10 0x0000005b mem 0x800213a0
core   0: 0x8000e0ac (0xfe07ca83) lbu     s5, -32(a5)
core   0: 3 0x8000e0ac (0xfe07ca83) x21 0x00000014 mem 0x800123c8
core   0: 0x8000e0b0 (0xfda7d983) lhu     s3, -38(a5)
core   0: 3 0x8000e0b0 (0xfda7d983) x19 0x00007c7a mem 0x800123c2
core   0: 0x8000e0b4 (0xfdc7cc83) lbu     s9, -36(a5)
core   0: 3 0x8000e0b4 (0xfdc7cc83) x25 0x000000ff mem 0x800123c4
core   0: 0x8000e0b8 (0x00015483) lhu     s1, 0(sp)
core   0: 3 0x8000e0b8 (0x00015483) x 9 0x0000285a mem 0x80021376
core   0: 0x8000e0bc (0x0307d283) lhu     t0, 48(a5)
core   0: 3 0x8000e0bc (0x0307d283) x 5 0x00004772 mem 0x80012418
core   0: 0x8000e0c0 (0xfc110283) lb      t0, -63(sp)
core   0: 3 0x8000e0c0 (0xfc110283) x 5 0x00000078 mem 0x80021337
core   0: 0x8000e0c4 (0xfdc785a3) sb      t3, -53(a5)
core   0: 3 0x8000e0c4 (0xfdc785a3) mem 0x800123b3 0xa5
core   0: 0x8000e0c8 (0x01259413) slli    s0, a1, 18
core   0: 3 0x8000e0c8 (0x01259413) x 8 0xc0000000
core   0: 0x8000e0cc (0x01da81b3) add     gp, s5, t4
core   0: 3 0x8000e0cc (0x01da81b3) x 3 0xff7e24bd
core   0: 0x8000e0d0 (0x908db193) sltiu   gp, s11, -1784
core   0: 3 0x8000e0d0 (0x908db193) x 3 0x00000001
core   0: 0x8000e0d4 (0x00008c85) c.sub   s1, s1
core   0: 3 0x8000e0d4 (0x8c85) x 9 0x00000000
core   0: 0x8000e0d6 (0x03b9e533) rem     a0, s3, s11
core   0: 3 0x8000e0d6 (0x03b9e533) x10 0x00007c7a
core   0: 0x8000e0da (0x00359f13) slli    t5, a1, 3
core   0: 3 0x8000e0da (0x00359f13) x30 0x6c5b8000
core   0: 0x8000e0de (0x02abea63) bltu    s7, a0, pc + 52
core   0: 3 0x8000e0de (0x02abea63)
core   0: 0x8000e0e2 (0x02426033) rem     zero, tp, tp
core   0: 3 0x8000e0e2 (0x02426033)
core   0: 0x8000e0e6 (0x40535993) srai    s3, t1, 5
core   0: 3 0x8000e0e6 (0x40535993) x19 0x00000000
core   0: 0x8000e0ea (0x41505433) sra     s0, zero, s5
core   0: 3 0x8000e0ea (0x41505433) x 8 0x00000000
core   0: 0x8000e0ee (0x00000421) c.addi  s0, 8
core   0: 3 0x8000e0ee (0x0421) x 8 0x00000008
core   0: 0x8000e0f0 (0x00008539) c.srai  a0, 14
core   0: 3 0x8000e0f0 (0x8539) x10 0x00000001
core   0: 0x8000e0f2 (0x00e8e763) bltu    a7, a4, pc + 14
core   0: 3 0x8000e0f2 (0x00e8e763)
core   0: 0x8000e100 (0x035e3e33) mulhu   t3, t3, s5
core   0: 3 0x8000e100 (0x035e3e33) x28 0x00000000
core   0: 0x8000e104 (0x0ff0000f) fence   iorw,iorw
core   0: 3 0x8000e104 (0x0ff0000f)
core   0: 0x8000e108 (0x01a58563) beq     a1, s10, pc + 10
core   0: 3 0x8000e108 (0x01a58563)
core   0: 0x8000e10c (0x02907eb3) remu    t4, zero, s1
core   0: 3 0x8000e10c (0x02907eb3) x29 0x00000000
core   0: 0x8000e110 (0x00008c0e) c.mv    s8, gp
core   0: 3 0x8000e110 (0x8c0e) x24 0x00000001
core   0: 0x8000e112 (0x00008da5) c.xor   a1, s1
core   0: 3 0x8000e112 (0x8da5) x11 0x0d8b7000
core   0: 0x8000e114 (0x026127b3) mulhsu  a5, sp, t1
core   0: 3 0x8000e114 (0x026127b3) x15 0x00000000
core   0: 0x8000e118 (0x02fd2733) mulhsu  a4, s10, a5
core   0: 3 0x8000e118 (0x02fd2733) x14 0x00000000
core   0: 0x8000e11c (0x031de8b3) rem     a7, s11, a7
core   0: 3 0x8000e11c (0x031de8b3) x17 0x00000000
core   0: 0x8000e120 (0x00001c84) c.addi4spn s1, sp, 624
core   0: 3 0x8000e120 (0x1c84) x 9 0x800215e6
core   0: 0x8000e122 (0x0416aa97) auipc   s5, 0x416a
core   0: 3 0x8000e122 (0x0416aa97) x21 0x84178122
core   0: 0x8000e126 (0x01666db3) or      s11, a2, s6
core   0: 3 0x8000e126 (0x01666db3) x27 0xf2748c53
core   0: 0x8000e12a (0x0000c219) c.beqz  a2, pc + 6
core   0: 3 0x8000e12a (0xc219)
core   0: 0x8000e12c (0x035b0f33) mul     t5, s6, s5
core   0: 3 0x8000e12c (0x035b0f33) x30 0x84178122
core   0: 0x8000e130 (0x0000100f) fence.i
core   0: 3 0x8000e130 (0x0000100f)
core   0: 0x8000e134 (0x02a34ab3) div     s5, t1, a0
core   0: 3 0x8000e134 (0x02a34ab3) x21 0x00000000
core   0: 0x8000e138 (0x01301463) bne     zero, s3, pc + 8
core   0: 3 0x8000e138 (0x01301463)
core   0: 0x8000e13c (0x00ac5013) srli    zero, s8, 10
core   0: 3 0x8000e13c (0x00ac5013)
core   0: 0x8000e140 (0x0168e7b3) or      a5, a7, s6
core   0: 3 0x8000e140 (0x0168e7b3) x15 0x00000001
core   0: 0x8000e144 (0x00482083) lw      ra, 4(a6)
core   0: 3 0x8000e144 (0x00482083) x 1 0x80000b2a mem 0x80027e80
core   0: 0x8000e148 (0x005e12b3) sll     t0, t3, t0
core   0: 3 0x8000e148 (0x005e12b3) x 5 0x00000000
core   0: 0x8000e14c (0x03369eb3) mulh    t4, a3, s3
core   0: 3 0x8000e14c (0x03369eb3) x29 0x00000000
core   0: 0x8000e150 (0x00000861) c.addi  a6, 24
core   0: 3 0x8000e150 (0x0861) x16 0x80027e94
core   0: 0x8000e152 (0x0000997d) c.andi  a0, -1
core   0: 3 0x8000e152 (0x997d) x10 0x00000001
core   0: 0x8000e154 (0x00008513) mv      a0, ra
core   0: 3 0x8000e154 (0x00008513) x10 0x80000b2a
core   0: 0x8000e158 (0x00050567) jalr    a0, a0, 0
core   0: 3 0x8000e158 (0x00050567) x10 0x8000e15c
core   0: 0x80000b2a (0x00022997) auipc   s3, 0x22
core   0: 3 0x80000b2a (0x00022997) x19 0x80022b2a
core   0: 0x80000b2e (0x51e98993) addi    s3, s3, 1310
core   0: 3 0x80000b2e (0x51e98993) x19 0x80023048
core   0: 0x80000b32 (0x44d9aa2f) amoor.w s4, a3, (s3)
core   0: 3 0x80000b32 (0x44d9aa2f) x20 0xffffffff mem 0x80023048 mem 0x80023048 0xffffffff
core   0: 0x80000b36 (0x20b9a5af) amoxor.w a1, a1, (s3)
core   0: 3 0x80000b36 (0x20b9a5af) x11 0xffffffff mem 0x80023048 mem 0x80023048 0xf2748fff
core   0: 0x80000b3a (0xc429ab2f) amominu.w s6, sp, (s3)
core   0: 3 0x80000b3a (0xc429ab2f) x22 0xf2748fff mem 0x80023048 mem 0x80023048 0x80021376
core   0: 0x80000b3e (0x63f9afaf) amoand.w t6, t6, (s3)
core   0: 3 0x80000b3e (0x63f9afaf) x31 0x80021376 mem 0x80023048 mem 0x80023048 0x00000000
core   0: 0x80000b42 (0x82a9a62f) amomin.w a2, a0, (s3)
core   0: 3 0x80000b42 (0x82a9a62f) x12 0x00000000 mem 0x80023048 mem 0x80023048 0x8000e15c
core   0: 0x80000b46 (0x20f9a8af) amoxor.w a7, a5, (s3)
core   0: 3 0x80000b46 (0x20f9a8af) x17 0x8000e15c mem 0x80023048 mem 0x80023048 0x8000e15d
core   0: 0x80000b4a (0x4349a42f) amoor.w s0, s4, (s3)
core   0: 3 0x80000b4a (0x4349a42f) x 8 0x8000e15d mem 0x80023048 mem 0x80023048 0xffffffff
core   0: 0x80000b4e (0x00022417) auipc   s0, 0x22
core   0: 3 0x80000b4e (0x00022417) x 8 0x80022b4e
core   0: 0x80000b52 (0x52240413) addi    s0, s0, 1314
core   0: 3 0x80000b52 (0x52240413) x 8 0x80023070
core   0: 0x80000b56 (0x12042e2f) lr.w    t3, (s0)
core   0: 3 0x80000b56 (0x12042e2f) x28 0x00000000 mem 0x80023070
core   0: 0x80000b5a (0x00006121) c.addi16sp sp, 64
core   0: 3 0x80000b5a (0x6121) x 2 0x800213b6
core   0: 0x80000b5c (0x41845293) srai    t0, s0, 24
core   0: 3 0x80000b5c (0x41845293) x 5 0xffffff80
core   0: 0x80000b60 (0x00008cbd) c.xor   s1, a5
core   0: 3 0x80000b60 (0x8cbd) x 9 0x800215e7
core   0: 0x80000b62 (0x0000960a) c.add   a2, sp
core   0: 3 0x80000b62 (0x960a) x12 0x800213b6
core   0: 0x80000b64 (0x03d547b3) div     a5, a0, t4
core   0: 3 0x80000b64 (0x03d547b3) x15 0xffffffff
core   0: 0x80000b68 (0x6854ae93) slti    t4, s1, 1669
core   0: 3 0x80000b68 (0x6854ae93) x29 0x00000001
core   0: 0x80000b6c (0x93dcc613) xori    a2, s9, -1731
core   0: 3 0x80000b6c (0x93dcc613) x12 0xfffff9c2
core   0: 0x80000b70 (0x00008a1a) c.mv    s4, t1
core   0: 3 0x80000b70 (0x8a1a) x20 0x00000000
core   0: 0x80000b72 (0x413a8c33) sub     s8, s5, s3
core   0: 3 0x80000b72 (0x413a8c33) x24 0x7ffdcfb8
core   0: 0x80000b76 (0x009e1133) sll     sp, t3, s1
core   0: 3 0x80000b76 (0x009e1133) x 2 0x00000000
core   0: 0x80000b7a (0x000010fd) c.addi  ra, -1
core   0: 3 0x80000b7a (0x10fd) x 1 0x80000b29
core   0: 0x80000b7c (0xac5c6c93) ori     s9, s8, -1339
core   0: 3 0x80000b7c (0xac5c6c93) x25 0xfffffffd
core   0: 0x80000b80 (0x00008f1d) c.sub   a4, a5
core   0: 3 0x80000b80 (0x8f1d) x14 0x00000001
core   0: 0x80000b82 (0x03cacdb3) div     s11, s5, t3
core   0: 3 0x80000b82 (0x03cacdb3) x27 0xffffffff
core   0: 0x80000b86 (0x03abe1b3) rem     gp, s7, s10
core   0: 3 0x80000b86 (0x03abe1b3) x 3 0xfffffffc
core   0: 0x80000b8a (0x1914252f) sc.w    a0, a7, (s0)
core   0: 3 0x80000b8a (0x1914252f) x10 0x00000000 mem 0x80023070 0x8000e15c
core   0: 0x80000b8e (0x01c2f433) and     s0, t0, t3
core   0: 3 0x80000b8e (0x01c2f433) x 8 0x00000000
core   0: 0x80000b92 (0x0314db63) bge     s1, a7, pc + 54
core   0: 3 0x80000b92 (0x0314db63)
core   0: 0x80000bc8 (0x02f2b0b3) mulhu   ra, t0, a5
core   0: 3 0x80000bc8 (0x02f2b0b3) x 1 0xffffff7f
core   0: 0x80000bcc (0x00008425) c.srai  s0, 9
core   0: 3 0x80000bcc (0x8425) x 8 0x00000000
core   0: 0x80000bce (0x0042ce63) blt     t0, tp, pc + 28
core   0: 3 0x80000bce (0x0042ce63)
core   0: 0x80000bea (0x0000137d) c.addi  t1, -1
core   0: 3 0x80000bea (0x137d) x 6 0xffffffff
core   0: 0x80000bec (0x03db87b3) mul     a5, s7, t4
core   0: 3 0x80000bec (0x03db87b3) x15 0xfffffe1c
core   0: 0x80000bf0 (0x01ff5a63) bge     t5, t6, pc + 20
core   0: 3 0x80000bf0 (0x01ff5a63)
core   0: 0x80000c04 (0x014bd313) srli    t1, s7, 20
core   0: 3 0x80000c04 (0x014bd313) x 6 0x00000fff
core   0: 0x80000c08 (0x00008f59) c.or    a4, a4
core   0: 3 0x80000c08 (0x8f59) x14 0x00000001
core   0: 0x80000c0a (0x00008f8d) c.sub   a5, a1
core   0: 3 0x80000c0a (0x8f8d) x15 0xfffffe1d
core   0: 0x80000c0c (0x000051fd) c.li    gp, -1
core   0: 3 0x80000c0c (0x51fd) x 3 0xffffffff
core   0: 0x80000c0e (0x0729ee13) ori     t3, s3, 114
core   0: 3 0x80000c0e (0x0729ee13) x28 0x8002307a
core   0: 0x80000c12 (0x00960b63) beq     a2, s1, pc + 22
core   0: 3 0x80000c12 (0x00960b63)
core   0: 0x80000c16 (0x03aa5263) bge     s4, s10, pc + 36
core   0: 3 0x80000c16 (0x03aa5263)
core   0: 0x80000c1a (0x000097da) c.add   a5, s6
core   0: 3 0x80000c1a (0x97da) x15 0xf2748e1c
core   0: 0x80000c1c (0x02189f33) mulh    t5, a7, ra
core   0: 3 0x80000c1c (0x02189f33) x30 0x00000040
core   0: 0x80000c20 (0x03eaf533) remu    a0, s5, t5
core   0: 3 0x80000c20 (0x03eaf533) x10 0x00000000
core   0: 0x80000c24 (0x01376133) or      sp, a4, s3
core   0: 3 0x80000c24 (0x01376133) x 2 0x80023049
core   0: 0x80000c28 (0x520bc993) xori    s3, s7, 1312
core   0: 3 0x80000c28 (0x520bc993) x19 0xfffffb3c
core   0: 0x80000c2c (0x02ae0eb3) mul     t4, t3, a0
core   0: 3 0x80000c2c (0x02ae0eb3) x29 0x00000000
core   0: 0x80000c30 (0x01711363) bne     sp, s7, pc + 6
core   0: 3 0x80000c30 (0x01711363)
core   0: 0x80000c36 (0x0000100f) fence.i
core   0: 3 0x80000c36 (0x0000100f)
core   0: 0x80000c3a (0x4d0d2b93) slti    s7, s10, 1232
core   0: 3 0x80000c3a (0x4d0d2b93) x23 0x00000001
core   0: 0x80000c3e (0x0007c463) bltz    a5, pc + 8
core   0: 3 0x80000c3e (0x0007c463)
core   0: 0x80000c46 (0x6da70893) addi    a7, a4, 1754
core   0: 3 0x80000c46 (0x6da70893) x17 0x000006db
core   0: 0x80000c4a (0x017a3cb3) sltu    s9, s4, s7
core   0: 3 0x80000c4a (0x017a3cb3) x25 0x00000001
core   0: 0x80000c4e (0x00008e45) c.or    a2, s1
core   0: 3 0x80000c4e (0x8e45) x12 0xfffffde7
core   0: 0x80000c50 (0x03d7cbb3) div     s7, a5, t4
core   0: 3 0x80000c50 (0x03d7cbb3) x23 0xffffffff
core   0: 0x80000c54 (0x01dbf363) bgeu    s7, t4, pc + 6
core   0: 3 0x80000c54 (0x01dbf363)
core   0: 0x80000c5a (0x0000119c) c.addi4spn a5, sp, 224
core   0: 3 0x80000c5a (0x119c) x15 0x80023129
core   0: 0x80000c5c (0x3d602713) slti    a4, zero, 982
core   0: 3 0x80000c5c (0x3d602713) x14 0x00000001
core   0: 0x80000c60 (0x00008dd1) c.or    a1, a2
core   0: 3 0x80000c60 (0x8dd1) x11 0xffffffff
core   0: 0x80000c62 (0x00001d08) c.addi4spn a0, sp, 688
core   0: 3 0x80000c62 (0x1d08) x10 0x800232f9
core   0: 0x80000c64 (0x03c8b633) mulhu   a2, a7, t3
core   0: 3 0x80000c64 (0x03c8b633) x12 0x0000036d
core   0: 0x80000c68 (0x00000001) c.nop
core   0: 3 0x80000c68 (0x0001)
core   0: 0x80000c6a (0x00008fd9) c.or    a5, a4
core   0: 3 0x80000c6a (0x8fd9) x15 0x80023129
core   0: 0x80000c6c (0x015dda33) srl     s4, s11, s5
core   0: 3 0x80000c6c (0x015dda33) x20 0xffffffff
core   0: 0x80000c70 (0x00004725) c.li    a4, 9
core   0: 3 0x80000c70 (0x4725) x14 0x00000009
core   0: 0x80000c72 (0x003938b3) sltu    a7, s2, gp
core   0: 3 0x80000c72 (0x003938b3) x17 0x00000001
core   0: 0x80000c76 (0x661d8a13) addi    s4, s11, 1633
core   0: 3 0x80000c76 (0x661d8a13) x20 0x00000660
core   0: 0x80000c7a (0x0ff0000f) fence   iorw,iorw
core   0: 3 0x80000c7a (0x0ff0000f)
core   0: 0x80000c7e (0x036835b3) mulhu   a1, a6, s6
core   0: 3 0x80000c7e (0x036835b3) x11 0x793ca4ca
core   0: 0x80000c82 (0x0000849e) c.mv    s1, t2
core   0: 3 0x80000c82 (0x849e) x 9 0x00000000
core   0: 0x80000c84 (0x0390cd33) div     s10, ra, s9
core   0: 3 0x80000c84 (0x0390cd33) x26 0xffffff7f
core   0: 0x80000c88 (0x0000c08d) c.beqz  s1, pc + 34
core   0: 3 0x80000c88 (0xc08d)
core   0: 0x80000caa (0x25943d13) sltiu   s10, s0, 601
core   0: 3 0x80000caa (0x25943d13) x26 0x00000001
core   0: 0x80000cae (0x00008fb5) c.xor   a5, a3
core   0: 3 0x80000cae (0x8fb5) x15 0x00008c0d
core   0: 0x80000cb0 (0x47d3ba13) sltiu   s4, t2, 1149
core   0: 3 0x80000cb0 (0x47d3ba13) x20 0x00000001
core   0: 0x80000cb4 (0x02ac8d63) beq     s9, a0, pc + 58
core   0: 3 0x80000cb4 (0x02ac8d63)
core   0: 0x80000cb8 (0x00009da6) c.add   s11, s1
core   0: 3 0x80000cb8 (0x9da6) x27 0xffffffff
core   0: 0x80000cba (0x00008fa1) c.xor   a5, s0
core   0: 3 0x80000cba (0x8fa1) x15 0x00008c0d
core   0: 0x80000cbc (0x00008fb1) c.xor   a5, a2
core   0: 3 0x80000cbc (0x8fb1) x15 0x00008f60
core   0: 0x80000cbe (0x00d1d333) srl     t1, gp, a3
core   0: 3 0x80000cbe (0x00d1d333) x 6 0x0fffffff
core   0: 0x80000cc2 (0x024c5063) bge     s8, tp, pc + 32
core   0: 3 0x80000cc2 (0x024c5063)
core   0: 0x80000ce2 (0x01a76bb3) or      s7, a4, s10
core   0: 3 0x80000ce2 (0x01a76bb3) x23 0x00000009
core   0: 0x80000ce6 (0x00008459) c.srai  s0, 22
core   0: 3 0x80000ce6 (0x8459) x 8 0x00000000
core   0: 0x80000ce8 (0x000089b2) c.mv    s3, a2
core   0: 3 0x80000ce8 (0x89b2) x19 0x0000036d
core   0: 0x80000cea (0x414089b3) sub     s3, ra, s4
core   0: 3 0x80000cea (0x414089b3) x19 0xffffff7e
core   0: 0x80000cee (0x00006655) c.lui   a2, 0x15
core   0: 3 0x80000cee (0x6655) x12 0x00015000
core   0: 0x80000cf0 (0x00765533) srl     a0, a2, t2
core   0: 3 0x80000cf0 (0x00765533) x10 0x00015000
core   0: 0x80000cf4 (0x010501b3) add     gp, a0, a6
core   0: 3 0x80000cf4 (0x010501b3) x 3 0x8003ce94
core   0: 0x80000cf8 (0x41085513) srai    a0, a6, 16
core   0: 3 0x80000cf8 (0x41085513) x10 0xffff8002
core   0: 0x80000cfc (0x01f8fab3) and     s5, a7, t6
core   0: 3 0x80000cfc (0x01f8fab3) x21 0x00000000
core   0: 0x80000d00 (0x40295733) sra     a4, s2, sp
core   0: 3 0x80000d00 (0x40295733) x14 0xffc00119
core   0: 0x80000d04 (0x00008d11) c.sub   a0, a2
core   0: 3 0x80000d04 (0x8d11) x10 0xfffe3002
core   0: 0x80000d06 (0x00000001) c.nop
core   0: 3 0x80000d06 (0x0001)
core   0: 0x80000d08 (0x00000484) c.addi4spn s1, sp, 576
core   0: 3 0x80000d08 (0x0484) x 9 0x80023289
core   0: 0x80000d0a (0xcc753193) sltiu   gp, a0, -825
core   0: 3 0x80000d0a (0xcc753193) x 3 0x00000001
core   0: 0x80000d0e (0x02ae9db3) mulh    s11, t4, a0
core   0: 3 0x80000d0e (0x02ae9db3) x27 0x00000000
core   0: 0x80000d12 (0x00008209) c.srli  a2, 2
core   0: 3 0x80000d12 (0x8209) x12 0x00005400
core   0: 0x80000d14 (0x806e2d13) slti    s10, t3, -2042
core   0: 3 0x80000d14 (0x806e2d13) x26 0x00000001
core   0: 0x80000d18 (0x03055d63) bge     a0, a6, pc + 58
core   0: 3 0x80000d18 (0x03055d63)
core   0: 0x80000d52 (0x40f58033) sub     zero, a1, a5
core   0: 3 0x80000d52 (0x40f58033)
core   0: 0x80000d56 (0x027308b3) mul     a7, t1, t2
core   0: 3 0x80000d56 (0x027308b3) x17 0x00000000
core   0: 0x80000d5a (0xff69f493) andi    s1, s3, -10
core   0: 3 0x80000d5a (0xff69f493) x 9 0xffffff76
core   0: 0x80000d5e (0x165dff13) andi    t5, s11, 357
core   0: 3 0x80000d5e (0x165dff13) x30 0x00000000
core   0: 0x80000d62 (0x000051fd) c.li    gp, -1
core   0: 3 0x80000d62 (0x51fd) x 3 0xffffffff
core   0: 0x80000d64 (0x016ae1b3) or      gp, s5, s6
core   0: 3 0x80000d64 (0x016ae1b3) x 3 0xf2748fff
core   0: 0x80000d68 (0x00f60533) add     a0, a2, a5
core   0: 3 0x80000d68 (0x00f60533) x10 0x0000e360
core   0: 0x80000d6c (0x01554863) blt     a0, s5, pc + 16
core   0: 3 0x80000d6c (0x01554863)
core   0: 0x80000d70 (0x7fb03113) sltiu   sp, zero, 2043
core   0: 3 0x80000d70 (0x7fb03113) x 2 0x00000001
core   0: 0x80000d74 (0x00008196) c.mv    gp, t0
core   0: 3 0x80000d74 (0x8196) x 3 0xffffff80
core   0: 0x80000d76 (0x01249333) sll     t1, s1, s2
core   0: 3 0x80000d76 (0x01249333) x 6 0xffffdd80
core   0: 0x80000d7a (0x00000001) c.nop
core   0: 3 0x80000d7a (0x0001)
core   0: 0x80000d7c (0x6d1c7f13) andi    t5, s8, 1745
core   0: 3 0x80000d7c (0x6d1c7f13) x30 0x00000690
core   0: 0x80000d80 (0x0000c805) c.beqz  s0, pc + 48
core   0: 3 0x80000d80 (0xc805)
core   0: 0x80000db0 (0x4f837413) andi    s0, t1, 1272
core   0: 3 0x80000db0 (0x4f837413) x 8 0x00000480
core   0: 0x80000db4 (0x0000717d) c.addi16sp sp, -16
core   0: 3 0x80000db4 (0x717d) x 2 0xfffffff1
core   0: 0x80000db6 (0xd431bf93) sltiu   t6, gp, -701
core   0: 3 0x80000db6 (0xd431bf93) x31 0x00000000
core   0: 0x80000dba (0x001d62b3) or      t0, s10, ra
core   0: 3 0x80000dba (0x001d62b3) x 5 0xffffff7f
core   0: 0x80000dbe (0x0000717d) c.addi16sp sp, -16
core   0: 3 0x80000dbe (0x717d) x 2 0xffffffe1
core   0: 0x80000dc0 (0x0ff0000f) fence   iorw,iorw
core   0: 3 0x80000dc0 (0x0ff0000f)
core   0: 0x80000dc4 (0x03ca2f33) mulhsu  t5, s4, t3
core   0: 3 0x80000dc4 (0x03ca2f33) x30 0x00000000
core   0: 0x80000dc8 (0x01c28eb3) add     t4, t0, t3
core   0: 3 0x80000dc8 (0x01c28eb3) x29 0x80022ff9
core   0: 0x80000dcc (0x0282e7b3) rem     a5, t0, s0
core   0: 3 0x80000dcc (0x0282e7b3) x15 0xffffff7f
core   0: 0x80000dd0 (0x00008a79) c.andi  a2, 30
core   0: 3 0x80000dd0 (0x8a79) x12 0x00000000
core   0: 0x80000dd2 (0x000085cd) c.srai  a1, 19
core   0: 3 0x80000dd2 (0x85cd) x11 0x00000f27
core   0: 0x80000dd4 (0x0ff0000f) fence   iorw,iorw
core   0: 3 0x80000dd4 (0x0ff0000f)
core   0: 0x80000dd8 (0x02090eb3) mul     t4, s2, zero
core   0: 3 0x80000dd8 (0x02090eb3) x29 0x00000000
core   0: 0x80000ddc (0x01e81993) slli    s3, a6, 30
core   0: 3 0x80000ddc (0x01e81993) x19 0x00000000
core   0: 0x80000de0 (0xa66cb893) sltiu   a7, s9, -1434
core   0: 3 0x80000de0 (0xa66cb893) x17 0x00000001
core   0: 0x80000de4 (0x00482083) lw      ra, 4(a6)
core   0: 3 0x80000de4 (0x00482083) x 1 0x80000aca mem 0x80027e98
core   0: 0x80000de8 (0x00000841) c.addi  a6, 16
core   0: 3 0x80000de8 (0x0841) x16 0x80027ea4
core   0: 0x80000dea (0x00008c19) c.sub   s0, a4
core   0: 3 0x80000dea (0x8c19) x 8 0x00400367
core   0: 0x80000dec (0x02daffb3) remu    t6, s5, a3
core   0: 3 0x80000dec (0x02daffb3) x31 0x00000000
core   0: 0x80000df0 (0x020e99b3) mulh    s3, t4, zero
core   0: 3 0x80000df0 (0x020e99b3) x19 0x00000000
core   0: 0x80000df4 (0x00008fe9) c.and   a5, a0
core   0: 3 0x80000df4 (0x8fe9) x15 0x0000e360
core   0: 0x80000df6 (0x7376c137) lui     sp, 0x7376c
core   0: 3 0x80000df6 (0x7376c137) x 2 0x7376c000
core   0: 0x80000dfa (0x000065cd) c.lui   a1, 0x13
core   0: 3 0x80000dfa (0x65cd) x11 0x00013000
core   0: 0x80000dfc (0x00931ab3) sll     s5, t1, s1
core   0: 3 0x80000dfc (0x00931ab3) x21 0x60000000
core   0: 0x80000e00 (0x40d0d193) srai    gp, ra, 13
core   0: 3 0x80000e00 (0x40d0d193) x 3 0xfffc0000
core   0: 0x80000e04 (0x00008313) mv      t1, ra
core   0: 3 0x80000e04 (0x00008313) x 6 0x80000aca
core   0: 0x80000e08 (0x00030367) jalr    t1, t1, 0
core   0: 3 0x80000e08 (0x00030367) x 6 0x80000e0c
core   0: 0x80000aca (0x002a6663) bltu    s4, sp, pc + 12
core   0: 3 0x80000aca (0x002a6663)
core   0: 0x80000ad6 (0x00008f7d) c.and   a4, a5
core   0: 3 0x80000ad6 (0x8f7d) x14 0x00000100
core   0: 0x80000ad8 (0x00000397) auipc   t2, 0x0
core   0: 3 0x80000ad8 (0x00000397) x 7 0x80000ad8
core   0: 0x80000adc (0x00c38393) addi    t2, t2, 12
core   0: 3 0x80000adc (0x00c38393) x 7 0x80000ae4
core   0: 0x80000ae0 (0x00038067) jr      t2
core   0: 3 0x80000ae0 (0x00038067)
core   0: 0x80000ae4 (0x00004185) c.li    gp, 1
core   0: 3 0x80000ae4 (0x4185) x 3 0x00000001
core   0: 0x80000ae6 (0x00000073) ecall
core   0: exception trap_machine_ecall, epc 0x80000ae6
core   0: >>>>  mtvec_handler
core   0: 0x80010bec (0x000016f1) c.addi  a3, -4
core   0: 3 0x80010bec (0x16f1) x13 0x8002bd20
core   0: 0x80010bee (0x0106a023) sw      a6, 0(a3)
core   0: 3 0x80010bee (0x0106a023) mem 0x8002bd20 0x80027ea4
core   0: 0x80010bf2 (0x00068833) add     a6, a3, zero
core   0: 3 0x80010bf2 (0x00068833) x16 0x8002bd20
core   0: 0x80010bf6 (0xf8080813) addi    a6, a6, -128
core   0: 3 0x80010bf6 (0xf8080813) x16 0x8002bca0
core   0: 0x80010bfa (0x00182223) sw      ra, 4(a6)
core   0: 3 0x80010bfa (0x00182223) mem 0x8002bca4 0x80000aca
core   0: 0x80010bfe (0x00282423) sw      sp, 8(a6)
core   0: 3 0x80010bfe (0x00282423) mem 0x8002bca8 0x7376c000
core   0: 0x80010c02 (0x00382623) sw      gp, 12(a6)
core   0: 3 0x80010c02 (0x00382623) mem 0x8002bcac 0x00000001
core   0: 0x80010c06 (0x00482823) sw      tp, 16(a6)
core   0: 3 0x80010c06 (0x00482823) mem 0x8002bcb0 0x0000000f
core   0: 0x80010c0a (0x00582a23) sw      t0, 20(a6)
core   0: 3 0x80010c0a (0x00582a23) mem 0x8002bcb4 0xffffff7f
core   0: 0x80010c0e (0x00682c23) sw      t1, 24(a6)
core   0: 3 0x80010c0e (0x00682c23) mem 0x8002bcb8 0x80000e0c
core   0: 0x80010c12 (0x00782e23) sw      t2, 28(a6)
core   0: 3 0x80010c12 (0x00782e23) mem 0x8002bcbc 0x80000ae4
core   0: 0x80010c16 (0x02882023) sw      s0, 32(a6)
core   0: 3 0x80010c16 (0x02882023) mem 0x8002bcc0 0x00400367
core   0: 0x80010c1a (0x02982223) sw      s1, 36(a6)
core   0: 3 0x80010c1a (0x02982223) mem 0x8002bcc4 0xffffff76
core   0: 0x80010c1e (0x02a82423) sw      a0, 40(a6)
core   0: 3 0x80010c1e (0x02a82423) mem 0x8002bcc8 0x0000e360
core   0: 0x80010c22 (0x02b82623) sw      a1, 44(a6)
core   0: 3 0x80010c22 (0x02b82623) mem 0x8002bccc 0x00013000
core   0: 0x80010c26 (0x02c82823) sw      a2, 48(a6)
core   0: 3 0x80010c26 (0x02c82823) mem 0x8002bcd0 0x00000000
core   0: 0x80010c2a (0x02d82a23) sw      a3, 52(a6)
core   0: 3 0x80010c2a (0x02d82a23) mem 0x8002bcd4 0x8002bd20
core   0: 0x80010c2e (0x02e82c23) sw      a4, 56(a6)
core   0: 3 0x80010c2e (0x02e82c23) mem 0x8002bcd8 0x00000100
core   0: 0x80010c32 (0x02f82e23) sw      a5, 60(a6)
core   0: 3 0x80010c32 (0x02f82e23) mem 0x8002bcdc 0x0000e360
core   0: 0x80010c36 (0x05082023) sw      a6, 64(a6)
core   0: 3 0x80010c36 (0x05082023) mem 0x8002bce0 0x8002bca0
core   0: 0x80010c3a (0x05182223) sw      a7, 68(a6)
core   0: 3 0x80010c3a (0x05182223) mem 0x8002bce4 0x00000001
core   0: 0x80010c3e (0x05282423) sw      s2, 72(a6)
core   0: 3 0x80010c3e (0x05282423) mem 0x8002bce8 0x80023226
core   0: 0x80010c42 (0x05382623) sw      s3, 76(a6)
core   0: 3 0x80010c42 (0x05382623) mem 0x8002bcec 0x00000000
core   0: 0x80010c46 (0x05482823) sw      s4, 80(a6)
core   0: 3 0x80010c46 (0x05482823) mem 0x8002bcf0 0x00000001
core   0: 0x80010c4a (0x05582a23) sw      s5, 84(a6)
core   0: 3 0x80010c4a (0x05582a23) mem 0x8002bcf4 0x60000000
core   0: 0x80010c4e (0x05682c23) sw      s6, 88(a6)
core   0: 3 0x80010c4e (0x05682c23) mem 0x8002bcf8 0xf2748fff
core   0: 0x80010c52 (0x05782e23) sw      s7, 92(a6)
core   0: 3 0x80010c52 (0x05782e23) mem 0x8002bcfc 0x00000009
core   0: 0x80010c56 (0x07882023) sw      s8, 96(a6)
core   0: 3 0x80010c56 (0x07882023) mem 0x8002bd00 0x7ffdcfb8
core   0: 0x80010c5a (0x07982223) sw      s9, 100(a6)
core   0: 3 0x80010c5a (0x07982223) mem 0x8002bd04 0x00000001
core   0: 0x80010c5e (0x07a82423) sw      s10, 104(a6)
core   0: 3 0x80010c5e (0x07a82423) mem 0x8002bd08 0x00000001
core   0: 0x80010c62 (0x07b82623) sw      s11, 108(a6)
core   0: 3 0x80010c62 (0x07b82623) mem 0x8002bd0c 0x00000000
core   0: 0x80010c66 (0x07c82823) sw      t3, 112(a6)
core   0: 3 0x80010c66 (0x07c82823) mem 0x8002bd10 0x8002307a
core   0: 0x80010c6a (0x07d82a23) sw      t4, 116(a6)
core   0: 3 0x80010c6a (0x07d82a23) mem 0x8002bd14 0x00000000
core   0: 0x80010c6e (0x07e82c23) sw      t5, 120(a6)
core   0: 3 0x80010c6e (0x07e82c23) mem 0x8002bd18 0x00000000
core   0: 0x80010c72 (0x07f82e23) sw      t6, 124(a6)
core   0: 3 0x80010c72 (0x07f82e23) mem 0x8002bd1c 0x00000000
core   0: 0x80010c76 (0x000806b3) add     a3, a6, zero
core   0: 3 0x80010c76 (0x000806b3) x13 0x8002bca0
core   0: 0x80010c7a (0x30002473) csrr    s0, mstatus
core   0: 3 0x80010c7a (0x30002473) x 8 0x00001800
core   0: 0x80010c7e (0x34202473) csrr    s0, mcause
core   0: 3 0x80010c7e (0x34202473) x 8 0x0000000b
core   0: 0x80010c82 (0x0000807d) c.srli  s0, 31
core   0: 3 0x80010c82 (0x807d) x 8 0x00000000
core   0: 0x80010c84 (0x3c041a63) bnez    s0, pc + 980
core   0: 3 0x80010c84 (0x3c041a63)
core   0: 0x80010c88 (0x34102473) csrr    s0, mepc
core   0: 3 0x80010c88 (0x34102473) x 8 0x80000ae6
core   0: 0x80010c8c (0x34202473) csrr    s0, mcause
core   0: 3 0x80010c8c (0x34202473) x 8 0x0000000b
core   0: 0x80010c90 (0x0000430d) c.li    t1, 3
core   0: 3 0x80010c90 (0x430d) x 6 0x00000003
core   0: 0x80010c92 (0x28640563) beq     s0, t1, pc + 650
core   0: 3 0x80010c92 (0x28640563)
core   0: 0x80010c96 (0x00004321) c.li    t1, 8
core   0: 3 0x80010c96 (0x4321) x 6 0x00000008
core   0: 0x80010c98 (0x04640563) beq     s0, t1, pc + 74
core   0: 3 0x80010c98 (0x04640563)
core   0: 0x80010c9c (0x00004325) c.li    t1, 9
core   0: 3 0x80010c9c (0x4325) x 6 0x00000009
core   0: 0x80010c9e (0x04640263) beq     s0, t1, pc + 68
core   0: 3 0x80010c9e (0x04640263)
core   0: 0x80010ca2 (0x0000432d) c.li    t1, 11
core   0: 3 0x80010ca2 (0x432d) x 6 0x0000000b
core   0: 0x80010ca4 (0x02640f63) beq     s0, t1, pc + 62
core   0: 3 0x80010ca4 (0x02640f63)
core   0: 0x80010ce2 (0xfffef417) auipc   s0, 0xfffef
core   0: 3 0x80010ce2 (0xfffef417) x 8 0x7ffffce2
core   0: 0x80010ce6 (0x31e40413) addi    s0, s0, 798
core   0: 3 0x80010ce6 (0x31e40413) x 8 0x80000000
core   0: 0x80010cea (0x00042023) sw      zero, 0(s0)
core   0: 3 0x80010cea (0x00042023) mem 0x80000000 0x00000000
core   0: 0x80010cee (0x00142223) sw      ra, 4(s0)
core   0: 3 0x80010cee (0x00142223) mem 0x80000004 0x80000aca
core   0: 0x80010cf2 (0x00242423) sw      sp, 8(s0)
core   0: 3 0x80010cf2 (0x00242423) mem 0x80000008 0x7376c000
core   0: 0x80010cf6 (0x00342623) sw      gp, 12(s0)
core   0: 3 0x80010cf6 (0x00342623) mem 0x8000000c 0x00000001
core   0: 0x80010cfa (0x00442823) sw      tp, 16(s0)
core   0: 3 0x80010cfa (0x00442823) mem 0x80000010 0x0000000f
core   0: 0x80010cfe (0x00542a23) sw      t0, 20(s0)
core   0: 3 0x80010cfe (0x00542a23) mem 0x80000014 0xffffff7f
core   0: 0x80010d02 (0x00642c23) sw      t1, 24(s0)
core   0: 3 0x80010d02 (0x00642c23) mem 0x80000018 0x0000000b
core   0: 0x80010d06 (0x00742e23) sw      t2, 28(s0)
core   0: 3 0x80010d06 (0x00742e23) mem 0x8000001c 0x80000ae4
core   0: 0x80010d0a (0x0000d000) c.sw    s0, 32(s0)
core   0: 3 0x80010d0a (0xd000) mem 0x80000020 0x80000000
core   0: 0x80010d0c (0x0000d044) c.sw    s1, 36(s0)
core   0: 3 0x80010d0c (0xd044) mem 0x80000024 0xffffff76
core   0: 0x80010d0e (0x0000d408) c.sw    a0, 40(s0)
core   0: 3 0x80010d0e (0xd408) mem 0x80000028 0x0000e360
core   0: 0x80010d10 (0x0000d44c) c.sw    a1, 44(s0)
core   0: 3 0x80010d10 (0xd44c) mem 0x8000002c 0x00013000
core   0: 0x80010d12 (0x0000d810) c.sw    a2, 48(s0)
core   0: 3 0x80010d12 (0xd810) mem 0x80000030 0x00000000
core   0: 0x80010d14 (0x0000d854) c.sw    a3, 52(s0)
core   0: 3 0x80010d14 (0xd854) mem 0x80000034 0x8002bca0
core   0: 0x80010d16 (0x0000dc18) c.sw    a4, 56(s0)
core   0: 3 0x80010d16 (0xdc18) mem 0x80000038 0x00000100
core   0: 0x80010d18 (0x0000dc5c) c.sw    a5, 60(s0)
core   0: 3 0x80010d18 (0xdc5c) mem 0x8000003c 0x0000e360
core   0: 0x80010d1a (0x05042023) sw      a6, 64(s0)
core   0: 3 0x80010d1a (0x05042023) mem 0x80000040 0x8002bca0
core   0: 0x80010d1e (0x05142223) sw      a7, 68(s0)
core   0: 3 0x80010d1e (0x05142223) mem 0x80000044 0x00000001
core   0: 0x80010d22 (0x05242423) sw      s2, 72(s0)
core   0: 3 0x80010d22 (0x05242423) mem 0x80000048 0x80023226
core   0: 0x80010d26 (0x05342623) sw      s3, 76(s0)
core   0: 3 0x80010d26 (0x05342623) mem 0x8000004c 0x00000000
core   0: 0x80010d2a (0x05442823) sw      s4, 80(s0)
core   0: 3 0x80010d2a (0x05442823) mem 0x80000050 0x00000001
core   0: 0x80010d2e (0x05542a23) sw      s5, 84(s0)
core   0: 3 0x80010d2e (0x05542a23) mem 0x80000054 0x60000000
core   0: 0x80010d32 (0x05642c23) sw      s6, 88(s0)
core   0: 3 0x80010d32 (0x05642c23) mem 0x80000058 0xf2748fff
core   0: 0x80010d36 (0x05742e23) sw      s7, 92(s0)
core   0: 3 0x80010d36 (0x05742e23) mem 0x8000005c 0x00000009
core   0: 0x80010d3a (0x07842023) sw      s8, 96(s0)
core   0: 3 0x80010d3a (0x07842023) mem 0x80000060 0x7ffdcfb8
core   0: 0x80010d3e (0x07942223) sw      s9, 100(s0)
core   0: 3 0x80010d3e (0x07942223) mem 0x80000064 0x00000001
core   0: 0x80010d42 (0x07a42423) sw      s10, 104(s0)
core   0: 3 0x80010d42 (0x07a42423) mem 0x80000068 0x00000001
core   0: 0x80010d46 (0x07b42623) sw      s11, 108(s0)
core   0: 3 0x80010d46 (0x07b42623) mem 0x8000006c 0x00000000
core   0: 0x80010d4a (0x07c42823) sw      t3, 112(s0)
core   0: 3 0x80010d4a (0x07c42823) mem 0x80000070 0x8002307a
core   0: 0x80010d4e (0x07d42a23) sw      t4, 116(s0)
core   0: 3 0x80010d4e (0x07d42a23) mem 0x80000074 0x00000000
core   0: 0x80010d52 (0x07e42c23) sw      t5, 120(s0)
core   0: 3 0x80010d52 (0x07e42c23) mem 0x80000078 0x00000000
core   0: 0x80010d56 (0x07f42e23) sw      t6, 124(s0)
core   0: 3 0x80010d56 (0x07f42e23) mem 0x8000007c 0x00000000
core   0: 0x80010d5a (0x00000397) auipc   t2, 0x0
core   0: 3 0x80010d5a (0x00000397) x 7 0x80010d5a
core   0: 0x80010d5e (0xe8438393) addi    t2, t2, -380
core   0: 3 0x80010d5e (0xe8438393) x 7 0x80010bde
core   0: 0x80010d62 (0x00038067) jr      t2
core   0: 3 0x80010d62 (0x00038067)
core   0: 0x80010bde (0x00001f17) auipc   t5, 0x1
core   0: 3 0x80010bde (0x00001f17) x30 0x80011bde
core   0: 0x80010be2 (0x423f2123) sw      gp, 1058(t5)
core   0: 3 0x80010be2 (0x423f2123) mem 0x80012000 0x00000001
core   0: 0x80010be6 (0x0000bfe5) c.j     pc - 8
core   0: 3 0x80010be6 (0xbfe5)
core   0: 0x80010bde (0x00001f17) auipc   t5, 0x1
core   0: 3 0x80010bde (0x00001f17) x30 0x80011bde
core   0: 0x80010be2 (0x423f2123) sw      gp, 1058(t5)
core   0: 3 0x80010be2 (0x423f2123) mem 0x80012000 0x00000001
core   0: 0x80010be6 (0x0000bfe5) c.j     pc - 8
core   0: 3 0x80010be6 (0xbfe5)
core   0: 0x80010bde (0x00001f17) auipc   t5, 0x1
core   0: 3 0x80010bde (0x00001f17) x30 0x80011bde
core   0: 0x80010be2 (0x423f2123) sw      gp, 1058(t5)
core   0: 3 0x80010be2 (0x423f2123) mem 0x80012000 0x00000001
core   0: 0x80010be6 (0x0000bfe5) c.j     pc - 8
core   0: 3 0x80010be6 (0xbfe5)
core   0: 0x80010bde (0x00001f17) auipc   t5, 0x1
core   0: 3 0x80010bde (0x00001f17) x30 0x80011bde
core   0: 0x80010be2 (0x423f2123) sw      gp, 1058(t5)
core   0: 3 0x80010be2 (0x423f2123) mem 0x80012000 0x00000001
core   0: 0x80010be6 (0x0000bfe5) c.j     pc - 8
core   0: 3 0x80010be6 (0xbfe5)
core   0: 0x80010bde (0x00001f17) auipc   t5, 0x1
core   0: 3 0x80010bde (0x00001f17) x30 0x80011bde
core   0: 0x80010be2 (0x423f2123) sw      gp, 1058(t5)
core   0: 3 0x80010be2 (0x423f2123) mem 0x80012000 0x00000001
core   0: 0x80010be6 (0x0000bfe5) c.j     pc - 8
core   0: 3 0x80010be6 (0xbfe5)
core   0: 0x80010bde (0x00001f17) auipc   t5, 0x1
core   0: 3 0x80010bde (0x00001f17) x30 0x80011bde
core   0: 0x80010be2 (0x423f2123) sw      gp, 1058(t5)
core   0: 3 0x80010be2 (0x423f2123) mem 0x80012000 0x00000001
core   0: 0x80010be6 (0x0000bfe5) c.j     pc - 8
core   0: 3 0x80010be6 (0xbfe5)
core   0: 0x80010bde (0x00001f17) auipc   t5, 0x1
core   0: 3 0x80010bde (0x00001f17) x30 0x80011bde
core   0: 0x80010be2 (0x423f2123) sw      gp, 1058(t5)
core   0: 3 0x80010be2 (0x423f2123) mem 0x80012000 0x00000001
core   0: 0x80010be6 (0x0000bfe5) c.j     pc - 8
core   0: 3 0x80010be6 (0xbfe5)
core   0: 0x80010bde (0x00001f17) auipc   t5, 0x1
core   0: 3 0x80010bde (0x00001f17) x30 0x80011bde
core   0: 0x80010be2 (0x423f2123) sw      gp, 1058(t5)
core   0: 3 0x80010be2 (0x423f2123) mem 0x80012000 0x00000001
core   0: 0x80010be6 (0x0000bfe5) c.j     pc - 8
core   0: 3 0x80010be6 (0xbfe5)
core   0: 0x80010bde (0x00001f17) auipc   t5, 0x1
core   0: 3 0x80010bde (0x00001f17) x30 0x80011bde
core   0: 0x80010be2 (0x423f2123) sw      gp, 1058(t5)
core   0: 3 0x80010be2 (0x423f2123) mem 0x80012000 0x00000001
core   0: 0x80010be6 (0x0000bfe5) c.j     pc - 8
core   0: 3 0x80010be6 (0xbfe5)
core   0: 0x80010bde (0x00001f17) auipc   t5, 0x1
core   0: 3 0x80010bde (0x00001f17) x30 0x80011bde
core   0: 0x80010be2 (0x423f2123) sw      gp, 1058(t5)
core   0: 3 0x80010be2 (0x423f2123) mem 0x80012000 0x00000001
core   0: 0x80010be6 (0x0000bfe5) c.j     pc - 8
core   0: 3 0x80010be6 (0xbfe5)
core   0: 0x80010bde (0x00001f17) auipc   t5, 0x1
core   0: 3 0x80010bde (0x00001f17) x30 0x80011bde
core   0: 0x80010be2 (0x423f2123) sw      gp, 1058(t5)
core   0: 3 0x80010be2 (0x423f2123) mem 0x80012000 0x00000001
core   0: 0x80010be6 (0x0000bfe5) c.j     pc - 8
core   0: 3 0x80010be6 (0xbfe5)
core   0: 0x80010bde (0x00001f17) auipc   t5, 0x1
core   0: 3 0x80010bde (0x00001f17) x30 0x80011bde
core   0: 0x80010be2 (0x423f2123) sw      gp, 1058(t5)
core   0: 3 0x80010be2 (0x423f2123) mem 0x80012000 0x00000001
core   0: 0x80010be6 (0x0000bfe5) c.j     pc - 8
core   0: 3 0x80010be6 (0xbfe5)
core   0: 0x80010bde (0x00001f17) auipc   t5, 0x1
core   0: 3 0x80010bde (0x00001f17) x30 0x80011bde
core   0: 0x80010be2 (0x423f2123) sw      gp, 1058(t5)
core   0: 3 0x80010be2 (0x423f2123) mem 0x80012000 0x00000001
core   0: 0x80010be6 (0x0000bfe5) c.j     pc - 8
core   0: 3 0x80010be6 (0xbfe5)
core   0: 0x80010bde (0x00001f17) auipc   t5, 0x1
core   0: 3 0x80010bde (0x00001f17) x30 0x80011bde
core   0: 0x80010be2 (0x423f2123) sw      gp, 1058(t5)
core   0: 3 0x80010be2 (0x423f2123) mem 0x80012000 0x00000001
core   0: 0x80010be6 (0x0000bfe5) c.j     pc - 8
core   0: 3 0x80010be6 (0xbfe5)
core   0: 0x80010bde (0x00001f17) auipc   t5, 0x1
core   0: 3 0x80010bde (0x00001f17) x30 0x80011bde
core   0: 0x80010be2 (0x423f2123) sw      gp, 1058(t5)
core   0: 3 0x80010be2 (0x423f2123) mem 0x80012000 0x00000001
core   0: 0x80010be6 (0x0000bfe5) c.j     pc - 8
core   0: 3 0x80010be6 (0xbfe5)
core   0: 0x80010bde (0x00001f17) auipc   t5, 0x1
core   0: 3 0x80010bde (0x00001f17) x30 0x80011bde
core   0: 0x80010be2 (0x423f2123) sw      gp, 1058(t5)
core   0: 3 0x80010be2 (0x423f2123) mem 0x80012000 0x00000001
core   0: 0x80010be6 (0x0000bfe5) c.j     pc - 8
core   0: 3 0x80010be6 (0xbfe5)
core   0: 0x80010bde (0x00001f17) auipc   t5, 0x1
core   0: 3 0x80010bde (0x00001f17) x30 0x80011bde
core   0: 0x80010be2 (0x423f2123) sw      gp, 1058(t5)
core   0: 3 0x80010be2 (0x423f2123) mem 0x80012000 0x00000001
core   0: 0x80010be6 (0x0000bfe5) c.j     pc - 8
core   0: 3 0x80010be6 (0xbfe5)
core   0: 0x80010bde (0x00001f17) auipc   t5, 0x1
core   0: 3 0x80010bde (0x00001f17) x30 0x80011bde
core   0: 0x80010be2 (0x423f2123) sw      gp, 1058(t5)
core   0: 3 0x80010be2 (0x423f2123) mem 0x80012000 0x00000001
core   0: 0x80010be6 (0x0000bfe5) c.j     pc - 8
core   0: 3 0x80010be6 (0xbfe5)
core   0: 0x80010bde (0x00001f17) auipc   t5, 0x1
core   0: 3 0x80010bde (0x00001f17) x30 0x80011bde
core   0: 0x80010be2 (0x423f2123) sw      gp, 1058(t5)
core   0: 3 0x80010be2 (0x423f2123) mem 0x80012000 0x00000001
core   0: 0x80010be6 (0x0000bfe5) c.j     pc - 8
core   0: 3 0x80010be6 (0xbfe5)
core   0: 0x80010bde (0x00001f17) auipc   t5, 0x1
core   0: 3 0x80010bde (0x00001f17) x30 0x80011bde
core   0: 0x80010be2 (0x423f2123) sw      gp, 1058(t5)
core   0: 3 0x80010be2 (0x423f2123) mem 0x80012000 0x00000001
core   0: 0x80010be6 (0x0000bfe5) c.j     pc - 8
core   0: 3 0x80010be6 (0xbfe5)
core   0: 0x80010bde (0x00001f17) auipc   t5, 0x1
core   0: 3 0x80010bde (0x00001f17) x30 0x80011bde
core   0: 0x80010be2 (0x423f2123) sw      gp, 1058(t5)
core   0: 3 0x80010be2 (0x423f2123) mem 0x80012000 0x00000001
core   0: 0x80010be6 (0x0000bfe5) c.j     pc - 8
core   0: 3 0x80010be6 (0xbfe5)
core   0: 0x80010bde (0x00001f17) auipc   t5, 0x1
core   0: 3 0x80010bde (0x00001f17) x30 0x80011bde
core   0: 0x80010be2 (0x423f2123) sw      gp, 1058(t5)
core   0: 3 0x80010be2 (0x423f2123) mem 0x80012000 0x00000001
core   0: 0x80010be6 (0x0000bfe5) c.j     pc - 8
core   0: 3 0x80010be6 (0xbfe5)
core   0: 0x80010bde (0x00001f17) auipc   t5, 0x1
core   0: 3 0x80010bde (0x00001f17) x30 0x80011bde
core   0: 0x80010be2 (0x423f2123) sw      gp, 1058(t5)
core   0: 3 0x80010be2 (0x423f2123) mem 0x80012000 0x00000001
core   0: 0x80010be6 (0x0000bfe5) c.j     pc - 8
core   0: 3 0x80010be6 (0xbfe5)
core   0: 0x80010bde (0x00001f17) auipc   t5, 0x1
core   0: 3 0x80010bde (0x00001f17) x30 0x80011bde
core   0: 0x80010be2 (0x423f2123) sw      gp, 1058(t5)
core   0: 3 0x80010be2 (0x423f2123) mem 0x80012000 0x00000001
core   0: 0x80010be6 (0x0000bfe5) c.j     pc - 8
core   0: 3 0x80010be6 (0xbfe5)
core   0: 0x80010bde (0x00001f17) auipc   t5, 0x1
core   0: 3 0x80010bde (0x00001f17) x30 0x80011bde
core   0: 0x80010be2 (0x423f2123) sw      gp, 1058(t5)
core   0: 3 0x80010be2 (0x423f2123) mem 0x80012000 0x00000001
core   0: 0x80010be6 (0x0000bfe5) c.j     pc - 8
core   0: 3 0x80010be6 (0xbfe5)
core   0: 0x80010bde (0x00001f17) auipc   t5, 0x1
core   0: 3 0x80010bde (0x00001f17) x30 0x80011bde
core   0: 0x80010be2 (0x423f2123) sw      gp, 1058(t5)
core   0: 3 0x80010be2 (0x423f2123) mem 0x80012000 0x00000001
core   0: 0x80010be6 (0x0000bfe5) c.j     pc - 8
core   0: 3 0x80010be6 (0xbfe5)
core   0: 0x80010bde (0x00001f17) auipc   t5, 0x1
core   0: 3 0x80010bde (0x00001f17) x30 0x80011bde
core   0: 0x80010be2 (0x423f2123) sw      gp, 1058(t5)
core   0: 3 0x80010be2 (0x423f2123) mem 0x80012000 0x00000001
core   0: 0x80010be6 (0x0000bfe5) c.j     pc - 8
core   0: 3 0x80010be6 (0xbfe5)
core   0: 0x80010bde (0x00001f17) auipc   t5, 0x1
core   0: 3 0x80010bde (0x00001f17) x30 0x80011bde
core   0: 0x80010be2 (0x423f2123) sw      gp, 1058(t5)
core   0: 3 0x80010be2 (0x423f2123) mem 0x80012000 0x00000001
core   0: 0x80010be6 (0x0000bfe5) c.j     pc - 8
core   0: 3 0x80010be6 (0xbfe5)
core   0: 0x80010bde (0x00001f17) auipc   t5, 0x1
core   0: 3 0x80010bde (0x00001f17) x30 0x80011bde
core   0: 0x80010be2 (0x423f2123) sw      gp, 1058(t5)
core   0: 3 0x80010be2 (0x423f2123) mem 0x80012000 0x00000001
core   0: 0x80010be6 (0x0000bfe5) c.j     pc - 8
core   0: 3 0x80010be6 (0xbfe5)
core   0: 0x80010bde (0x00001f17) auipc   t5, 0x1
core   0: 3 0x80010bde (0x00001f17) x30 0x80011bde
core   0: 0x80010be2 (0x423f2123) sw      gp, 1058(t5)
core   0: 3 0x80010be2 (0x423f2123) mem 0x80012000 0x00000001
core   0: 0x80010be6 (0x0000bfe5) c.j     pc - 8
core   0: 3 0x80010be6 (0xbfe5)
core   0: 0x80010bde (0x00001f17) auipc   t5, 0x1
core   0: 3 0x80010bde (0x00001f17) x30 0x80011bde
core   0: 0x80010be2 (0x423f2123) sw      gp, 1058(t5)
core   0: 3 0x80010be2 (0x423f2123) mem 0x80012000 0x00000001
core   0: 0x80010be6 (0x0000bfe5) c.j     pc - 8
core   0: 3 0x80010be6 (0xbfe5)
core   0: 0x80010bde (0x00001f17) auipc   t5, 0x1
core   0: 3 0x80010bde (0x00001f17) x30 0x80011bde
core   0: 0x80010be2 (0x423f2123) sw      gp, 1058(t5)
core   0: 3 0x80010be2 (0x423f2123) mem 0x80012000 0x00000001
core   0: 0x80010be6 (0x0000bfe5) c.j     pc - 8
core   0: 3 0x80010be6 (0xbfe5)
core   0: 0x80010bde (0x00001f17) auipc   t5, 0x1
core   0: 3 0x80010bde (0x00001f17) x30 0x80011bde
core   0: 0x80010be2 (0x423f2123) sw      gp, 1058(t5)
core   0: 3 0x80010be2 (0x423f2123) mem 0x80012000 0x00000001
core   0: 0x80010be6 (0x0000bfe5) c.j     pc - 8
core   0: 3 0x80010be6 (0xbfe5)
core   0: 0x80010bde (0x00001f17) auipc   t5, 0x1
core   0: 3 0x80010bde (0x00001f17) x30 0x80011bde
core   0: 0x80010be2 (0x423f2123) sw      gp, 1058(t5)
core   0: 3 0x80010be2 (0x423f2123) mem 0x80012000 0x00000001
core   0: 0x80010be6 (0x0000bfe5) c.j     pc - 8
core   0: 3 0x80010be6 (0xbfe5)
core   0: 0x80010bde (0x00001f17) auipc   t5, 0x1
core   0: 3 0x80010bde (0x00001f17) x30 0x80011bde
core   0: 0x80010be2 (0x423f2123) sw      gp, 1058(t5)
core   0: 3 0x80010be2 (0x423f2123) mem 0x80012000 0x00000001
core   0: 0x80010be6 (0x0000bfe5) c.j     pc - 8
core   0: 3 0x80010be6 (0xbfe5)
core   0: 0x80010bde (0x00001f17) auipc   t5, 0x1
core   0: 3 0x80010bde (0x00001f17) x30 0x80011bde
core   0: 0x80010be2 (0x423f2123) sw      gp, 1058(t5)
core   0: 3 0x80010be2 (0x423f2123) mem 0x80012000 0x00000001
core   0: 0x80010be6 (0x0000bfe5) c.j     pc - 8
core   0: 3 0x80010be6 (0xbfe5)
core   0: 0x80010bde (0x00001f17) auipc   t5, 0x1
core   0: 3 0x80010bde (0x00001f17) x30 0x80011bde
core   0: 0x80010be2 (0x423f2123) sw      gp, 1058(t5)
core   0: 3 0x80010be2 (0x423f2123) mem 0x80012000 0x00000001
core   0: 0x80010be6 (0x0000bfe5) c.j     pc - 8
core   0: 3 0x80010be6 (0xbfe5)
core   0: 0x80010bde (0x00001f17) auipc   t5, 0x1
core   0: 3 0x80010bde (0x00001f17) x30 0x80011bde
core   0: 0x80010be2 (0x423f2123) sw      gp, 1058(t5)
core   0: 3 0x80010be2 (0x423f2123) mem 0x80012000 0x00000001
core   0: 0x80010be6 (0x0000bfe5) c.j     pc - 8
core   0: 3 0x80010be6 (0xbfe5)
core   0: 0x80010bde (0x00001f17) auipc   t5, 0x1
core   0: 3 0x80010bde (0x00001f17) x30 0x80011bde
core   0: 0x80010be2 (0x423f2123) sw      gp, 1058(t5)
core   0: 3 0x80010be2 (0x423f2123) mem 0x80012000 0x00000001
core   0: 0x80010be6 (0x0000bfe5) c.j     pc - 8
core   0: 3 0x80010be6 (0xbfe5)
core   0: 0x80010bde (0x00001f17) auipc   t5, 0x1
core   0: 3 0x80010bde (0x00001f17) x30 0x80011bde
core   0: 0x80010be2 (0x423f2123) sw      gp, 1058(t5)
core   0: 3 0x80010be2 (0x423f2123) mem 0x80012000 0x00000001
core   0: 0x80010be6 (0x0000bfe5) c.j     pc - 8
core   0: 3 0x80010be6 (0xbfe5)
core   0: 0x80010bde (0x00001f17) auipc   t5, 0x1
core   0: 3 0x80010bde (0x00001f17) x30 0x80011bde
core   0: 0x80010be2 (0x423f2123) sw      gp, 1058(t5)
core   0: 3 0x80010be2 (0x423f2123) mem 0x80012000 0x00000001
core   0: 0x80010be6 (0x0000bfe5) c.j     pc - 8
core   0: 3 0x80010be6 (0xbfe5)
core   0: 0x80010bde (0x00001f17) auipc   t5, 0x1
core   0: 3 0x80010bde (0x00001f17) x30 0x80011bde
core   0: 0x80010be2 (0x423f2123) sw      gp, 1058(t5)
core   0: 3 0x80010be2 (0x423f2123) mem 0x80012000 0x00000001
core   0: 0x80010be6 (0x0000bfe5) c.j     pc - 8
core   0: 3 0x80010be6 (0xbfe5)
core   0: 0x80010bde (0x00001f17) auipc   t5, 0x1
core   0: 3 0x80010bde (0x00001f17) x30 0x80011bde
core   0: 0x80010be2 (0x423f2123) sw      gp, 1058(t5)
core   0: 3 0x80010be2 (0x423f2123) mem 0x80012000 0x00000001
core   0: 0x80010be6 (0x0000bfe5) c.j     pc - 8
core   0: 3 0x80010be6 (0xbfe5)
core   0: 0x80010bde (0x00001f17) auipc   t5, 0x1
core   0: 3 0x80010bde (0x00001f17) x30 0x80011bde
core   0: 0x80010be2 (0x423f2123) sw      gp, 1058(t5)
core   0: 3 0x80010be2 (0x423f2123) mem 0x80012000 0x00000001
core   0: 0x80010be6 (0x0000bfe5) c.j     pc - 8
core   0: 3 0x80010be6 (0xbfe5)
core   0: 0x80010bde (0x00001f17) auipc   t5, 0x1
core   0: 3 0x80010bde (0x00001f17) x30 0x80011bde
core   0: 0x80010be2 (0x423f2123) sw      gp, 1058(t5)
core   0: 3 0x80010be2 (0x423f2123) mem 0x80012000 0x00000001
core   0: 0x80010be6 (0x0000bfe5) c.j     pc - 8
core   0: 3 0x80010be6 (0xbfe5)
core   0: 0x80010bde (0x00001f17) auipc   t5, 0x1
core   0: 3 0x80010bde (0x00001f17) x30 0x80011bde
core   0: 0x80010be2 (0x423f2123) sw      gp, 1058(t5)
core   0: 3 0x80010be2 (0x423f2123) mem 0x80012000 0x00000001
core   0: 0x80010be6 (0x0000bfe5) c.j     pc - 8
core   0: 3 0x80010be6 (0xbfe5)
core   0: 0x80010bde (0x00001f17) auipc   t5, 0x1
core   0: 3 0x80010bde (0x00001f17) x30 0x80011bde
core   0: 0x80010be2 (0x423f2123) sw      gp, 1058(t5)
core   0: 3 0x80010be2 (0x423f2123) mem 0x80012000 0x00000001
core   0: 0x80010be6 (0x0000bfe5) c.j     pc - 8
core   0: 3 0x80010be6 (0xbfe5)
core   0: 0x80010bde (0x00001f17) auipc   t5, 0x1
core   0: 3 0x80010bde (0x00001f17) x30 0x80011bde
core   0: 0x80010be2 (0x423f2123) sw      gp, 1058(t5)
core   0: 3 0x80010be2 (0x423f2123) mem 0x80012000 0x00000001
core   0: 0x80010be6 (0x0000bfe5) c.j     pc - 8
core   0: 3 0x80010be6 (0xbfe5)
core   0: 0x80010bde (0x00001f17) auipc   t5, 0x1
core   0: 3 0x80010bde (0x00001f17) x30 0x80011bde
core   0: 0x80010be2 (0x423f2123) sw      gp, 1058(t5)
core   0: 3 0x80010be2 (0x423f2123) mem 0x80012000 0x00000001
core   0: 0x80010be6 (0x0000bfe5) c.j     pc - 8
core   0: 3 0x80010be6 (0xbfe5)
core   0: 0x80010bde (0x00001f17) auipc   t5, 0x1
core   0: 3 0x80010bde (0x00001f17) x30 0x80011bde
core   0: 0x80010be2 (0x423f2123) sw      gp, 1058(t5)
core   0: 3 0x80010be2 (0x423f2123) mem 0x80012000 0x00000001
core   0: 0x80010be6 (0x0000bfe5) c.j     pc - 8
core   0: 3 0x80010be6 (0xbfe5)
core   0: 0x80010bde (0x00001f17) auipc   t5, 0x1
core   0: 3 0x80010bde (0x00001f17) x30 0x80011bde
core   0: 0x80010be2 (0x423f2123) sw      gp, 1058(t5)
core   0: 3 0x80010be2 (0x423f2123) mem 0x80012000 0x00000001
core   0: 0x80010be6 (0x0000bfe5) c.j     pc - 8
core   0: 3 0x80010be6 (0xbfe5)
core   0: 0x80010bde (0x00001f17) auipc   t5, 0x1
core   0: 3 0x80010bde (0x00001f17) x30 0x80011bde
core   0: 0x80010be2 (0x423f2123) sw      gp, 1058(t5)
core   0: 3 0x80010be2 (0x423f2123) mem 0x80012000 0x00000001
core   0: 0x80010be6 (0x0000bfe5) c.j     pc - 8
core   0: 3 0x80010be6 (0xbfe5)
core   0: 0x80010bde (0x00001f17) auipc   t5, 0x1
core   0: 3 0x80010bde (0x00001f17) x30 0x80011bde
core   0: 0x80010be2 (0x423f2123) sw      gp, 1058(t5)
core   0: 3 0x80010be2 (0x423f2123) mem 0x80012000 0x00000001
core   0: 0x80010be6 (0x0000bfe5) c.j     pc - 8
core   0: 3 0x80010be6 (0xbfe5)
core   0: 0x80010bde (0x00001f17) auipc   t5, 0x1
core   0: 3 0x80010bde (0x00001f17) x30 0x80011bde
core   0: 0x80010be2 (0x423f2123) sw      gp, 1058(t5)
core   0: 3 0x80010be2 (0x423f2123) mem 0x80012000 0x00000001
core   0: 0x80010be6 (0x0000bfe5) c.j     pc - 8
core   0: 3 0x80010be6 (0xbfe5)
core   0: 0x80010bde (0x00001f17) auipc   t5, 0x1
core   0: 3 0x80010bde (0x00001f17) x30 0x80011bde
core   0: 0x80010be2 (0x423f2123) sw      gp, 1058(t5)
core   0: 3 0x80010be2 (0x423f2123) mem 0x80012000 0x00000001
core   0: 0x80010be6 (0x0000bfe5) c.j     pc - 8
core   0: 3 0x80010be6 (0xbfe5)
core   0: 0x80010bde (0x00001f17) auipc   t5, 0x1
core   0: 3 0x80010bde (0x00001f17) x30 0x80011bde
core   0: 0x80010be2 (0x423f2123) sw      gp, 1058(t5)
core   0: 3 0x80010be2 (0x423f2123) mem 0x80012000 0x00000001
core   0: 0x80010be6 (0x0000bfe5) c.j     pc - 8
core   0: 3 0x80010be6 (0xbfe5)
core   0: 0x80010bde (0x00001f17) auipc   t5, 0x1
core   0: 3 0x80010bde (0x00001f17) x30 0x80011bde
core   0: 0x80010be2 (0x423f2123) sw      gp, 1058(t5)
core   0: 3 0x80010be2 (0x423f2123) mem 0x80012000 0x00000001
core   0: 0x80010be6 (0x0000bfe5) c.j     pc - 8
core   0: 3 0x80010be6 (0xbfe5)
core   0: 0x80010bde (0x00001f17) auipc   t5, 0x1
core   0: 3 0x80010bde (0x00001f17) x30 0x80011bde
core   0: 0x80010be2 (0x423f2123) sw      gp, 1058(t5)
core   0: 3 0x80010be2 (0x423f2123) mem 0x80012000 0x00000001
core   0: 0x80010be6 (0x0000bfe5) c.j     pc - 8
core   0: 3 0x80010be6 (0xbfe5)
core   0: 0x80010bde (0x00001f17) auipc   t5, 0x1
core   0: 3 0x80010bde (0x00001f17) x30 0x80011bde
core   0: 0x80010be2 (0x423f2123) sw      gp, 1058(t5)
core   0: 3 0x80010be2 (0x423f2123) mem 0x80012000 0x00000001
core   0: 0x80010be6 (0x0000bfe5) c.j     pc - 8
core   0: 3 0x80010be6 (0xbfe5)
core   0: 0x80010bde (0x00001f17) auipc   t5, 0x1
core   0: 3 0x80010bde (0x00001f17) x30 0x80011bde
core   0: 0x80010be2 (0x423f2123) sw      gp, 1058(t5)
core   0: 3 0x80010be2 (0x423f2123) mem 0x80012000 0x00000001
core   0: 0x80010be6 (0x0000bfe5) c.j     pc - 8
core   0: 3 0x80010be6 (0xbfe5)
core   0: 0x80010bde (0x00001f17) auipc   t5, 0x1
core   0: 3 0x80010bde (0x00001f17) x30 0x80011bde
core   0: 0x80010be2 (0x423f2123) sw      gp, 1058(t5)
core   0: 3 0x80010be2 (0x423f2123) mem 0x80012000 0x00000001
core   0: 0x80010be6 (0x0000bfe5) c.j     pc - 8
core   0: 3 0x80010be6 (0xbfe5)
core   0: 0x80010bde (0x00001f17) auipc   t5, 0x1
core   0: 3 0x80010bde (0x00001f17) x30 0x80011bde
core   0: 0x80010be2 (0x423f2123) sw      gp, 1058(t5)
core   0: 3 0x80010be2 (0x423f2123) mem 0x80012000 0x00000001
core   0: 0x80010be6 (0x0000bfe5) c.j     pc - 8
core   0: 3 0x80010be6 (0xbfe5)
core   0: 0x80010bde (0x00001f17) auipc   t5, 0x1
core   0: 3 0x80010bde (0x00001f17) x30 0x80011bde
core   0: 0x80010be2 (0x423f2123) sw      gp, 1058(t5)
core   0: 3 0x80010be2 (0x423f2123) mem 0x80012000 0x00000001
core   0: 0x80010be6 (0x0000bfe5) c.j     pc - 8
core   0: 3 0x80010be6 (0xbfe5)
core   0: 0x80010bde (0x00001f17) auipc   t5, 0x1
core   0: 3 0x80010bde (0x00001f17) x30 0x80011bde
core   0: 0x80010be2 (0x423f2123) sw      gp, 1058(t5)
core   0: 3 0x80010be2 (0x423f2123) mem 0x80012000 0x00000001
core   0: 0x80010be6 (0x0000bfe5) c.j     pc - 8
core   0: 3 0x80010be6 (0xbfe5)
core   0: 0x80010bde (0x00001f17) auipc   t5, 0x1
core   0: 3 0x80010bde (0x00001f17) x30 0x80011bde
core   0: 0x80010be2 (0x423f2123) sw      gp, 1058(t5)
core   0: 3 0x80010be2 (0x423f2123) mem 0x80012000 0x00000001
core   0: 0x80010be6 (0x0000bfe5) c.j     pc - 8
core   0: 3 0x80010be6 (0xbfe5)
core   0: 0x80010bde (0x00001f17) auipc   t5, 0x1
core   0: 3 0x80010bde (0x00001f17) x30 0x80011bde
core   0: 0x80010be2 (0x423f2123) sw      gp, 1058(t5)
core   0: 3 0x80010be2 (0x423f2123) mem 0x80012000 0x00000001
core   0: 0x80010be6 (0x0000bfe5) c.j     pc - 8
core   0: 3 0x80010be6 (0xbfe5)
core   0: 0x80010bde (0x00001f17) auipc   t5, 0x1
core   0: 3 0x80010bde (0x00001f17) x30 0x80011bde
core   0: 0x80010be2 (0x423f2123) sw      gp, 1058(t5)
core   0: 3 0x80010be2 (0x423f2123) mem 0x80012000 0x00000001
core   0: 0x80010be6 (0x0000bfe5) c.j     pc - 8
core   0: 3 0x80010be6 (0xbfe5)
core   0: 0x80010bde (0x00001f17) auipc   t5, 0x1
core   0: 3 0x80010bde (0x00001f17) x30 0x80011bde
core   0: 0x80010be2 (0x423f2123) sw      gp, 1058(t5)
core   0: 3 0x80010be2 (0x423f2123) mem 0x80012000 0x00000001
core   0: 0x80010be6 (0x0000bfe5) c.j     pc - 8
core   0: 3 0x80010be6 (0xbfe5)
core   0: 0x80010bde (0x00001f17) auipc   t5, 0x1
core   0: 3 0x80010bde (0x00001f17) x30 0x80011bde
core   0: 0x80010be2 (0x423f2123) sw      gp, 1058(t5)
core   0: 3 0x80010be2 (0x423f2123) mem 0x80012000 0x00000001
core   0: 0x80010be6 (0x0000bfe5) c.j     pc - 8
core   0: 3 0x80010be6 (0xbfe5)
core   0: 0x80010bde (0x00001f17) auipc   t5, 0x1
core   0: 3 0x80010bde (0x00001f17) x30 0x80011bde
core   0: 0x80010be2 (0x423f2123) sw      gp, 1058(t5)
core   0: 3 0x80010be2 (0x423f2123) mem 0x80012000 0x00000001
core   0: 0x80010be6 (0x0000bfe5) c.j     pc - 8
core   0: 3 0x80010be6 (0xbfe5)
core   0: 0x80010bde (0x00001f17) auipc   t5, 0x1
core   0: 3 0x80010bde (0x00001f17) x30 0x80011bde
core   0: 0x80010be2 (0x423f2123) sw      gp, 1058(t5)
core   0: 3 0x80010be2 (0x423f2123) mem 0x80012000 0x00000001
core   0: 0x80010be6 (0x0000bfe5) c.j     pc - 8
core   0: 3 0x80010be6 (0xbfe5)
core   0: 0x80010bde (0x00001f17) auipc   t5, 0x1
core   0: 3 0x80010bde (0x00001f17) x30 0x80011bde
core   0: 0x80010be2 (0x423f2123) sw      gp, 1058(t5)
core   0: 3 0x80010be2 (0x423f2123) mem 0x80012000 0x00000001
core   0: 0x80010be6 (0x0000bfe5) c.j     pc - 8
core   0: 3 0x80010be6 (0xbfe5)
core   0: 0x80010bde (0x00001f17) auipc   t5, 0x1
core   0: 3 0x80010bde (0x00001f17) x30 0x80011bde
core   0: 0x80010be2 (0x423f2123) sw      gp, 1058(t5)
core   0: 3 0x80010be2 (0x423f2123) mem 0x80012000 0x00000001
core   0: 0x80010be6 (0x0000bfe5) c.j     pc - 8
core   0: 3 0x80010be6 (0xbfe5)
core   0: 0x80010bde (0x00001f17) auipc   t5, 0x1
core   0: 3 0x80010bde (0x00001f17) x30 0x80011bde
core   0: 0x80010be2 (0x423f2123) sw      gp, 1058(t5)
core   0: 3 0x80010be2 (0x423f2123) mem 0x80012000 0x00000001
core   0: 0x80010be6 (0x0000bfe5) c.j     pc - 8
core   0: 3 0x80010be6 (0xbfe5)
core   0: 0x80010bde (0x00001f17) auipc   t5, 0x1
core   0: 3 0x80010bde (0x00001f17) x30 0x80011bde
core   0: 0x80010be2 (0x423f2123) sw      gp, 1058(t5)
core   0: 3 0x80010be2 (0x423f2123) mem 0x80012000 0x00000001
core   0: 0x80010be6 (0x0000bfe5) c.j     pc - 8
core   0: 3 0x80010be6 (0xbfe5)
core   0: 0x80010bde (0x00001f17) auipc   t5, 0x1
core   0: 3 0x80010bde (0x00001f17) x30 0x80011bde
core   0: 0x80010be2 (0x423f2123) sw      gp, 1058(t5)
core   0: 3 0x80010be2 (0x423f2123) mem 0x80012000 0x00000001
core   0: 0x80010be6 (0x0000bfe5) c.j     pc - 8
core   0: 3 0x80010be6 (0xbfe5)
core   0: 0x80010bde (0x00001f17) auipc   t5, 0x1
core   0: 3 0x80010bde (0x00001f17) x30 0x80011bde
core   0: 0x80010be2 (0x423f2123) sw      gp, 1058(t5)
core   0: 3 0x80010be2 (0x423f2123) mem 0x80012000 0x00000001
core   0: 0x80010be6 (0x0000bfe5) c.j     pc - 8
core   0: 3 0x80010be6 (0xbfe5)
core   0: 0x80010bde (0x00001f17) auipc   t5, 0x1
core   0: 3 0x80010bde (0x00001f17) x30 0x80011bde
core   0: 0x80010be2 (0x423f2123) sw      gp, 1058(t5)
core   0: 3 0x80010be2 (0x423f2123) mem 0x80012000 0x00000001
core   0: 0x80010be6 (0x0000bfe5) c.j     pc - 8
core   0: 3 0x80010be6 (0xbfe5)
core   0: 0x80010bde (0x00001f17) auipc   t5, 0x1
core   0: 3 0x80010bde (0x00001f17) x30 0x80011bde
core   0: 0x80010be2 (0x423f2123) sw      gp, 1058(t5)
core   0: 3 0x80010be2 (0x423f2123) mem 0x80012000 0x00000001
core   0: 0x80010be6 (0x0000bfe5) c.j     pc - 8
core   0: 3 0x80010be6 (0xbfe5)
core   0: 0x80010bde (0x00001f17) auipc   t5, 0x1
core   0: 3 0x80010bde (0x00001f17) x30 0x80011bde
core   0: 0x80010be2 (0x423f2123) sw      gp, 1058(t5)
core   0: 3 0x80010be2 (0x423f2123) mem 0x80012000 0x00000001
core   0: 0x80010be6 (0x0000bfe5) c.j     pc - 8
core   0: 3 0x80010be6 (0xbfe5)
core   0: 0x80010bde (0x00001f17) auipc   t5, 0x1
core   0: 3 0x80010bde (0x00001f17) x30 0x80011bde
core   0: 0x80010be2 (0x423f2123) sw      gp, 1058(t5)
core   0: 3 0x80010be2 (0x423f2123) mem 0x80012000 0x00000001
core   0: 0x80010be6 (0x0000bfe5) c.j     pc - 8
core   0: 3 0x80010be6 (0xbfe5)
core   0: 0x80010bde (0x00001f17) auipc   t5, 0x1
core   0: 3 0x80010bde (0x00001f17) x30 0x80011bde
core   0: 0x80010be2 (0x423f2123) sw      gp, 1058(t5)
core   0: 3 0x80010be2 (0x423f2123) mem 0x80012000 0x00000001
core   0: 0x80010be6 (0x0000bfe5) c.j     pc - 8
core   0: 3 0x80010be6 (0xbfe5)
core   0: 0x80010bde (0x00001f17) auipc   t5, 0x1
core   0: 3 0x80010bde (0x00001f17) x30 0x80011bde
core   0: 0x80010be2 (0x423f2123) sw      gp, 1058(t5)
core   0: 3 0x80010be2 (0x423f2123) mem 0x80012000 0x00000001
core   0: 0x80010be6 (0x0000bfe5) c.j     pc - 8
core   0: 3 0x80010be6 (0xbfe5)
core   0: 0x80010bde (0x00001f17) auipc   t5, 0x1
core   0: 3 0x80010bde (0x00001f17) x30 0x80011bde
core   0: 0x80010be2 (0x423f2123) sw      gp, 1058(t5)
core   0: 3 0x80010be2 (0x423f2123) mem 0x80012000 0x00000001
core   0: 0x80010be6 (0x0000bfe5) c.j     pc - 8
core   0: 3 0x80010be6 (0xbfe5)
core   0: 0x80010bde (0x00001f17) auipc   t5, 0x1
core   0: 3 0x80010bde (0x00001f17) x30 0x80011bde
core   0: 0x80010be2 (0x423f2123) sw      gp, 1058(t5)
core   0: 3 0x80010be2 (0x423f2123) mem 0x80012000 0x00000001
core   0: 0x80010be6 (0x0000bfe5) c.j     pc - 8
core   0: 3 0x80010be6 (0xbfe5)
core   0: 0x80010bde (0x00001f17) auipc   t5, 0x1
core   0: 3 0x80010bde (0x00001f17) x30 0x80011bde
core   0: 0x80010be2 (0x423f2123) sw      gp, 1058(t5)
core   0: 3 0x80010be2 (0x423f2123) mem 0x80012000 0x00000001
core   0: 0x80010be6 (0x0000bfe5) c.j     pc - 8
core   0: 3 0x80010be6 (0xbfe5)
core   0: 0x80010bde (0x00001f17) auipc   t5, 0x1
core   0: 3 0x80010bde (0x00001f17) x30 0x80011bde
core   0: 0x80010be2 (0x423f2123) sw      gp, 1058(t5)
core   0: 3 0x80010be2 (0x423f2123) mem 0x80012000 0x00000001
core   0: 0x80010be6 (0x0000bfe5) c.j     pc - 8
core   0: 3 0x80010be6 (0xbfe5)
core   0: 0x80010bde (0x00001f17) auipc   t5, 0x1
core   0: 3 0x80010bde (0x00001f17) x30 0x80011bde
core   0: 0x80010be2 (0x423f2123) sw      gp, 1058(t5)
core   0: 3 0x80010be2 (0x423f2123) mem 0x80012000 0x00000001
core   0: 0x80010be6 (0x0000bfe5) c.j     pc - 8
core   0: 3 0x80010be6 (0xbfe5)
core   0: 0x80010bde (0x00001f17) auipc   t5, 0x1
core   0: 3 0x80010bde (0x00001f17) x30 0x80011bde
core   0: 0x80010be2 (0x423f2123) sw      gp, 1058(t5)
core   0: 3 0x80010be2 (0x423f2123) mem 0x80012000 0x00000001
core   0: 0x80010be6 (0x0000bfe5) c.j     pc - 8
core   0: 3 0x80010be6 (0xbfe5)
core   0: 0x80010bde (0x00001f17) auipc   t5, 0x1
core   0: 3 0x80010bde (0x00001f17) x30 0x80011bde
core   0: 0x80010be2 (0x423f2123) sw      gp, 1058(t5)
core   0: 3 0x80010be2 (0x423f2123) mem 0x80012000 0x00000001
core   0: 0x80010be6 (0x0000bfe5) c.j     pc - 8
core   0: 3 0x80010be6 (0xbfe5)
core   0: 0x80010bde (0x00001f17) auipc   t5, 0x1
core   0: 3 0x80010bde (0x00001f17) x30 0x80011bde
core   0: 0x80010be2 (0x423f2123) sw      gp, 1058(t5)
core   0: 3 0x80010be2 (0x423f2123) mem 0x80012000 0x00000001
core   0: 0x80010be6 (0x0000bfe5) c.j     pc - 8
core   0: 3 0x80010be6 (0xbfe5)
core   0: 0x80010bde (0x00001f17) auipc   t5, 0x1
core   0: 3 0x80010bde (0x00001f17) x30 0x80011bde
core   0: 0x80010be2 (0x423f2123) sw      gp, 1058(t5)
core   0: 3 0x80010be2 (0x423f2123) mem 0x80012000 0x00000001
core   0: 0x80010be6 (0x0000bfe5) c.j     pc - 8
core   0: 3 0x80010be6 (0xbfe5)
core   0: 0x80010bde (0x00001f17) auipc   t5, 0x1
core   0: 3 0x80010bde (0x00001f17) x30 0x80011bde
core   0: 0x80010be2 (0x423f2123) sw      gp, 1058(t5)
core   0: 3 0x80010be2 (0x423f2123) mem 0x80012000 0x00000001
core   0: 0x80010be6 (0x0000bfe5) c.j     pc - 8
core   0: 3 0x80010be6 (0xbfe5)
core   0: 0x80010bde (0x00001f17) auipc   t5, 0x1
core   0: 3 0x80010bde (0x00001f17) x30 0x80011bde
core   0: 0x80010be2 (0x423f2123) sw      gp, 1058(t5)
core   0: 3 0x80010be2 (0x423f2123) mem 0x80012000 0x00000001
core   0: 0x80010be6 (0x0000bfe5) c.j     pc - 8
core   0: 3 0x80010be6 (0xbfe5)
core   0: 0x80010bde (0x00001f17) auipc   t5, 0x1
core   0: 3 0x80010bde (0x00001f17) x30 0x80011bde
core   0: 0x80010be2 (0x423f2123) sw      gp, 1058(t5)
core   0: 3 0x80010be2 (0x423f2123) mem 0x80012000 0x00000001
core   0: 0x80010be6 (0x0000bfe5) c.j     pc - 8
core   0: 3 0x80010be6 (0xbfe5)
core   0: 0x80010bde (0x00001f17) auipc   t5, 0x1
core   0: 3 0x80010bde (0x00001f17) x30 0x80011bde
core   0: 0x80010be2 (0x423f2123) sw      gp, 1058(t5)
core   0: 3 0x80010be2 (0x423f2123) mem 0x80012000 0x00000001
core   0: 0x80010be6 (0x0000bfe5) c.j     pc - 8
core   0: 3 0x80010be6 (0xbfe5)
core   0: 0x80010bde (0x00001f17) auipc   t5, 0x1
core   0: 3 0x80010bde (0x00001f17) x30 0x80011bde
core   0: 0x80010be2 (0x423f2123) sw      gp, 1058(t5)
core   0: 3 0x80010be2 (0x423f2123) mem 0x80012000 0x00000001
core   0: 0x80010be6 (0x0000bfe5) c.j     pc - 8
core   0: 3 0x80010be6 (0xbfe5)
core   0: 0x80010bde (0x00001f17) auipc   t5, 0x1
core   0: 3 0x80010bde (0x00001f17) x30 0x80011bde
core   0: 0x80010be2 (0x423f2123) sw      gp, 1058(t5)
core   0: 3 0x80010be2 (0x423f2123) mem 0x80012000 0x00000001
core   0: 0x80010be6 (0x0000bfe5) c.j     pc - 8
core   0: 3 0x80010be6 (0xbfe5)
core   0: 0x80010bde (0x00001f17) auipc   t5, 0x1
core   0: 3 0x80010bde (0x00001f17) x30 0x80011bde
core   0: 0x80010be2 (0x423f2123) sw      gp, 1058(t5)
core   0: 3 0x80010be2 (0x423f2123) mem 0x80012000 0x00000001
core   0: 0x80010be6 (0x0000bfe5) c.j     pc - 8
core   0: 3 0x80010be6 (0xbfe5)
core   0: 0x80010bde (0x00001f17) auipc   t5, 0x1
core   0: 3 0x80010bde (0x00001f17) x30 0x80011bde
core   0: 0x80010be2 (0x423f2123) sw      gp, 1058(t5)
core   0: 3 0x80010be2 (0x423f2123) mem 0x80012000 0x00000001
core   0: 0x80010be6 (0x0000bfe5) c.j     pc - 8
core   0: 3 0x80010be6 (0xbfe5)
core   0: 0x80010bde (0x00001f17) auipc   t5, 0x1
core   0: 3 0x80010bde (0x00001f17) x30 0x80011bde
core   0: 0x80010be2 (0x423f2123) sw      gp, 1058(t5)
core   0: 3 0x80010be2 (0x423f2123) mem 0x80012000 0x00000001
core   0: 0x80010be6 (0x0000bfe5) c.j     pc - 8
core   0: 3 0x80010be6 (0xbfe5)
core   0: 0x80010bde (0x00001f17) auipc   t5, 0x1
core   0: 3 0x80010bde (0x00001f17) x30 0x80011bde
core   0: 0x80010be2 (0x423f2123) sw      gp, 1058(t5)
core   0: 3 0x80010be2 (0x423f2123) mem 0x80012000 0x00000001
core   0: 0x80010be6 (0x0000bfe5) c.j     pc - 8
core   0: 3 0x80010be6 (0xbfe5)
core   0: 0x80010bde (0x00001f17) auipc   t5, 0x1
core   0: 3 0x80010bde (0x00001f17) x30 0x80011bde
core   0: 0x80010be2 (0x423f2123) sw      gp, 1058(t5)
core   0: 3 0x80010be2 (0x423f2123) mem 0x80012000 0x00000001
core   0: 0x80010be6 (0x0000bfe5) c.j     pc - 8
core   0: 3 0x80010be6 (0xbfe5)
core   0: 0x80010bde (0x00001f17) auipc   t5, 0x1
core   0: 3 0x80010bde (0x00001f17) x30 0x80011bde
core   0: 0x80010be2 (0x423f2123) sw      gp, 1058(t5)
core   0: 3 0x80010be2 (0x423f2123) mem 0x80012000 0x00000001
core   0: 0x80010be6 (0x0000bfe5) c.j     pc - 8
core   0: 3 0x80010be6 (0xbfe5)
core   0: 0x80010bde (0x00001f17) auipc   t5, 0x1
core   0: 3 0x80010bde (0x00001f17) x30 0x80011bde
core   0: 0x80010be2 (0x423f2123) sw      gp, 1058(t5)
core   0: 3 0x80010be2 (0x423f2123) mem 0x80012000 0x00000001
core   0: 0x80010be6 (0x0000bfe5) c.j     pc - 8
core   0: 3 0x80010be6 (0xbfe5)
core   0: 0x80010bde (0x00001f17) auipc   t5, 0x1
core   0: 3 0x80010bde (0x00001f17) x30 0x80011bde
core   0: 0x80010be2 (0x423f2123) sw      gp, 1058(t5)
core   0: 3 0x80010be2 (0x423f2123) mem 0x80012000 0x00000001
core   0: 0x80010be6 (0x0000bfe5) c.j     pc - 8
core   0: 3 0x80010be6 (0xbfe5)
core   0: 0x80010bde (0x00001f17) auipc   t5, 0x1
core   0: 3 0x80010bde (0x00001f17) x30 0x80011bde
core   0: 0x80010be2 (0x423f2123) sw      gp, 1058(t5)
core   0: 3 0x80010be2 (0x423f2123) mem 0x80012000 0x00000001
core   0: 0x80010be6 (0x0000bfe5) c.j     pc - 8
core   0: 3 0x80010be6 (0xbfe5)
core   0: 0x80010bde (0x00001f17) auipc   t5, 0x1
core   0: 3 0x80010bde (0x00001f17) x30 0x80011bde
core   0: 0x80010be2 (0x423f2123) sw      gp, 1058(t5)
core   0: 3 0x80010be2 (0x423f2123) mem 0x80012000 0x00000001
core   0: 0x80010be6 (0x0000bfe5) c.j     pc - 8
core   0: 3 0x80010be6 (0xbfe5)
core   0: 0x80010bde (0x00001f17) auipc   t5, 0x1
core   0: 3 0x80010bde (0x00001f17) x30 0x80011bde
core   0: 0x80010be2 (0x423f2123) sw      gp, 1058(t5)
core   0: 3 0x80010be2 (0x423f2123) mem 0x80012000 0x00000001
core   0: 0x80010be6 (0x0000bfe5) c.j     pc - 8
core   0: 3 0x80010be6 (0xbfe5)
core   0: 0x80010bde (0x00001f17) auipc   t5, 0x1
core   0: 3 0x80010bde (0x00001f17) x30 0x80011bde
core   0: 0x80010be2 (0x423f2123) sw      gp, 1058(t5)
core   0: 3 0x80010be2 (0x423f2123) mem 0x80012000 0x00000001
core   0: 0x80010be6 (0x0000bfe5) c.j     pc - 8
core   0: 3 0x80010be6 (0xbfe5)
core   0: 0x80010bde (0x00001f17) auipc   t5, 0x1
core   0: 3 0x80010bde (0x00001f17) x30 0x80011bde
core   0: 0x80010be2 (0x423f2123) sw      gp, 1058(t5)
core   0: 3 0x80010be2 (0x423f2123) mem 0x80012000 0x00000001
core   0: 0x80010be6 (0x0000bfe5) c.j     pc - 8
core   0: 3 0x80010be6 (0xbfe5)
core   0: 0x80010bde (0x00001f17) auipc   t5, 0x1
core   0: 3 0x80010bde (0x00001f17) x30 0x80011bde
core   0: 0x80010be2 (0x423f2123) sw      gp, 1058(t5)
core   0: 3 0x80010be2 (0x423f2123) mem 0x80012000 0x00000001
core   0: 0x80010be6 (0x0000bfe5) c.j     pc - 8
core   0: 3 0x80010be6 (0xbfe5)
core   0: 0x80010bde (0x00001f17) auipc   t5, 0x1
core   0: 3 0x80010bde (0x00001f17) x30 0x80011bde
core   0: 0x80010be2 (0x423f2123) sw      gp, 1058(t5)
core   0: 3 0x80010be2 (0x423f2123) mem 0x80012000 0x00000001
core   0: 0x80010be6 (0x0000bfe5) c.j     pc - 8
core   0: 3 0x80010be6 (0xbfe5)
core   0: 0x80010bde (0x00001f17) auipc   t5, 0x1
core   0: 3 0x80010bde (0x00001f17) x30 0x80011bde
core   0: 0x80010be2 (0x423f2123) sw      gp, 1058(t5)
core   0: 3 0x80010be2 (0x423f2123) mem 0x80012000 0x00000001
core   0: 0x80010be6 (0x0000bfe5) c.j     pc - 8
core   0: 3 0x80010be6 (0xbfe5)
core   0: 0x80010bde (0x00001f17) auipc   t5, 0x1
core   0: 3 0x80010bde (0x00001f17) x30 0x80011bde
core   0: 0x80010be2 (0x423f2123) sw      gp, 1058(t5)
core   0: 3 0x80010be2 (0x423f2123) mem 0x80012000 0x00000001
core   0: 0x80010be6 (0x0000bfe5) c.j     pc - 8
core   0: 3 0x80010be6 (0xbfe5)
core   0: 0x80010bde (0x00001f17) auipc   t5, 0x1
core   0: 3 0x80010bde (0x00001f17) x30 0x80011bde
core   0: 0x80010be2 (0x423f2123) sw      gp, 1058(t5)
core   0: 3 0x80010be2 (0x423f2123) mem 0x80012000 0x00000001
core   0: 0x80010be6 (0x0000bfe5) c.j     pc - 8
core   0: 3 0x80010be6 (0xbfe5)
core   0: 0x80010bde (0x00001f17) auipc   t5, 0x1
core   0: 3 0x80010bde (0x00001f17) x30 0x80011bde
core   0: 0x80010be2 (0x423f2123) sw      gp, 1058(t5)
core   0: 3 0x80010be2 (0x423f2123) mem 0x80012000 0x00000001
core   0: 0x80010be6 (0x0000bfe5) c.j     pc - 8
core   0: 3 0x80010be6 (0xbfe5)
core   0: 0x80010bde (0x00001f17) auipc   t5, 0x1
core   0: 3 0x80010bde (0x00001f17) x30 0x80011bde
core   0: 0x80010be2 (0x423f2123) sw      gp, 1058(t5)
core   0: 3 0x80010be2 (0x423f2123) mem 0x80012000 0x00000001
core   0: 0x80010be6 (0x0000bfe5) c.j     pc - 8
core   0: 3 0x80010be6 (0xbfe5)
core   0: 0x80010bde (0x00001f17) auipc   t5, 0x1
core   0: 3 0x80010bde (0x00001f17) x30 0x80011bde
core   0: 0x80010be2 (0x423f2123) sw      gp, 1058(t5)
core   0: 3 0x80010be2 (0x423f2123) mem 0x80012000 0x00000001
core   0: 0x80010be6 (0x0000bfe5) c.j     pc - 8
core   0: 3 0x80010be6 (0xbfe5)
core   0: 0x80010bde (0x00001f17) auipc   t5, 0x1
core   0: 3 0x80010bde (0x00001f17) x30 0x80011bde
core   0: 0x80010be2 (0x423f2123) sw      gp, 1058(t5)
core   0: 3 0x80010be2 (0x423f2123) mem 0x80012000 0x00000001
core   0: 0x80010be6 (0x0000bfe5) c.j     pc - 8
core   0: 3 0x80010be6 (0xbfe5)
core   0: 0x80010bde (0x00001f17) auipc   t5, 0x1
core   0: 3 0x80010bde (0x00001f17) x30 0x80011bde
core   0: 0x80010be2 (0x423f2123) sw      gp, 1058(t5)
core   0: 3 0x80010be2 (0x423f2123) mem 0x80012000 0x00000001
core   0: 0x80010be6 (0x0000bfe5) c.j     pc - 8
core   0: 3 0x80010be6 (0xbfe5)
core   0: 0x80010bde (0x00001f17) auipc   t5, 0x1
core   0: 3 0x80010bde (0x00001f17) x30 0x80011bde
core   0: 0x80010be2 (0x423f2123) sw      gp, 1058(t5)
core   0: 3 0x80010be2 (0x423f2123) mem 0x80012000 0x00000001
core   0: 0x80010be6 (0x0000bfe5) c.j     pc - 8
core   0: 3 0x80010be6 (0xbfe5)
core   0: 0x80010bde (0x00001f17) auipc   t5, 0x1
core   0: 3 0x80010bde (0x00001f17) x30 0x80011bde
core   0: 0x80010be2 (0x423f2123) sw      gp, 1058(t5)
core   0: 3 0x80010be2 (0x423f2123) mem 0x80012000 0x00000001
core   0: 0x80010be6 (0x0000bfe5) c.j     pc - 8
core   0: 3 0x80010be6 (0xbfe5)
core   0: 0x80010bde (0x00001f17) auipc   t5, 0x1
core   0: 3 0x80010bde (0x00001f17) x30 0x80011bde
core   0: 0x80010be2 (0x423f2123) sw      gp, 1058(t5)
core   0: 3 0x80010be2 (0x423f2123) mem 0x80012000 0x00000001
core   0: 0x80010be6 (0x0000bfe5) c.j     pc - 8
core   0: 3 0x80010be6 (0xbfe5)
core   0: 0x80010bde (0x00001f17) auipc   t5, 0x1
core   0: 3 0x80010bde (0x00001f17) x30 0x80011bde
core   0: 0x80010be2 (0x423f2123) sw      gp, 1058(t5)
core   0: 3 0x80010be2 (0x423f2123) mem 0x80012000 0x00000001
core   0: 0x80010be6 (0x0000bfe5) c.j     pc - 8
core   0: 3 0x80010be6 (0xbfe5)
core   0: 0x80010bde (0x00001f17) auipc   t5, 0x1
core   0: 3 0x80010bde (0x00001f17) x30 0x80011bde
core   0: 0x80010be2 (0x423f2123) sw      gp, 1058(t5)
core   0: 3 0x80010be2 (0x423f2123) mem 0x80012000 0x00000001
core   0: 0x80010be6 (0x0000bfe5) c.j     pc - 8
core   0: 3 0x80010be6 (0xbfe5)
core   0: 0x80010bde (0x00001f17) auipc   t5, 0x1
core   0: 3 0x80010bde (0x00001f17) x30 0x80011bde
core   0: 0x80010be2 (0x423f2123) sw      gp, 1058(t5)
core   0: 3 0x80010be2 (0x423f2123) mem 0x80012000 0x00000001
core   0: 0x80010be6 (0x0000bfe5) c.j     pc - 8
core   0: 3 0x80010be6 (0xbfe5)
core   0: 0x80010bde (0x00001f17) auipc   t5, 0x1
core   0: 3 0x80010bde (0x00001f17) x30 0x80011bde
core   0: 0x80010be2 (0x423f2123) sw      gp, 1058(t5)
core   0: 3 0x80010be2 (0x423f2123) mem 0x80012000 0x00000001
core   0: 0x80010be6 (0x0000bfe5) c.j     pc - 8
core   0: 3 0x80010be6 (0xbfe5)
core   0: 0x80010bde (0x00001f17) auipc   t5, 0x1
core   0: 3 0x80010bde (0x00001f17) x30 0x80011bde
core   0: 0x80010be2 (0x423f2123) sw      gp, 1058(t5)
core   0: 3 0x80010be2 (0x423f2123) mem 0x80012000 0x00000001
core   0: 0x80010be6 (0x0000bfe5) c.j     pc - 8
core   0: 3 0x80010be6 (0xbfe5)
core   0: 0x80010bde (0x00001f17) auipc   t5, 0x1
core   0: 3 0x80010bde (0x00001f17) x30 0x80011bde
core   0: 0x80010be2 (0x423f2123) sw      gp, 1058(t5)
core   0: 3 0x80010be2 (0x423f2123) mem 0x80012000 0x00000001
core   0: 0x80010be6 (0x0000bfe5) c.j     pc - 8
core   0: 3 0x80010be6 (0xbfe5)
core   0: 0x80010bde (0x00001f17) auipc   t5, 0x1
core   0: 3 0x80010bde (0x00001f17) x30 0x80011bde
core   0: 0x80010be2 (0x423f2123) sw      gp, 1058(t5)
core   0: 3 0x80010be2 (0x423f2123) mem 0x80012000 0x00000001
core   0: 0x80010be6 (0x0000bfe5) c.j     pc - 8
core   0: 3 0x80010be6 (0xbfe5)
core   0: 0x80010bde (0x00001f17) auipc   t5, 0x1
core   0: 3 0x80010bde (0x00001f17) x30 0x80011bde
core   0: 0x80010be2 (0x423f2123) sw      gp, 1058(t5)
core   0: 3 0x80010be2 (0x423f2123) mem 0x80012000 0x00000001
core   0: 0x80010be6 (0x0000bfe5) c.j     pc - 8
core   0: 3 0x80010be6 (0xbfe5)
core   0: 0x80010bde (0x00001f17) auipc   t5, 0x1
core   0: 3 0x80010bde (0x00001f17) x30 0x80011bde
core   0: 0x80010be2 (0x423f2123) sw      gp, 1058(t5)
core   0: 3 0x80010be2 (0x423f2123) mem 0x80012000 0x00000001
core   0: 0x80010be6 (0x0000bfe5) c.j     pc - 8
core   0: 3 0x80010be6 (0xbfe5)
core   0: 0x80010bde (0x00001f17) auipc   t5, 0x1
core   0: 3 0x80010bde (0x00001f17) x30 0x80011bde
core   0: 0x80010be2 (0x423f2123) sw      gp, 1058(t5)
core   0: 3 0x80010be2 (0x423f2123) mem 0x80012000 0x00000001
core   0: 0x80010be6 (0x0000bfe5) c.j     pc - 8
core   0: 3 0x80010be6 (0xbfe5)
core   0: 0x80010bde (0x00001f17) auipc   t5, 0x1
core   0: 3 0x80010bde (0x00001f17) x30 0x80011bde
core   0: 0x80010be2 (0x423f2123) sw      gp, 1058(t5)
core   0: 3 0x80010be2 (0x423f2123) mem 0x80012000 0x00000001
core   0: 0x80010be6 (0x0000bfe5) c.j     pc - 8
core   0: 3 0x80010be6 (0xbfe5)
core   0: 0x80010bde (0x00001f17) auipc   t5, 0x1
core   0: 3 0x80010bde (0x00001f17) x30 0x80011bde
core   0: 0x80010be2 (0x423f2123) sw      gp, 1058(t5)
core   0: 3 0x80010be2 (0x423f2123) mem 0x80012000 0x00000001
core   0: 0x80010be6 (0x0000bfe5) c.j     pc - 8
core   0: 3 0x80010be6 (0xbfe5)
core   0: 0x80010bde (0x00001f17) auipc   t5, 0x1
core   0: 3 0x80010bde (0x00001f17) x30 0x80011bde
core   0: 0x80010be2 (0x423f2123) sw      gp, 1058(t5)
core   0: 3 0x80010be2 (0x423f2123) mem 0x80012000 0x00000001
core   0: 0x80010be6 (0x0000bfe5) c.j     pc - 8
core   0: 3 0x80010be6 (0xbfe5)
core   0: 0x80010bde (0x00001f17) auipc   t5, 0x1
core   0: 3 0x80010bde (0x00001f17) x30 0x80011bde
core   0: 0x80010be2 (0x423f2123) sw      gp, 1058(t5)
core   0: 3 0x80010be2 (0x423f2123) mem 0x80012000 0x00000001
core   0: 0x80010be6 (0x0000bfe5) c.j     pc - 8
core   0: 3 0x80010be6 (0xbfe5)
core   0: 0x80010bde (0x00001f17) auipc   t5, 0x1
core   0: 3 0x80010bde (0x00001f17) x30 0x80011bde
core   0: 0x80010be2 (0x423f2123) sw      gp, 1058(t5)
core   0: 3 0x80010be2 (0x423f2123) mem 0x80012000 0x00000001
core   0: 0x80010be6 (0x0000bfe5) c.j     pc - 8
core   0: 3 0x80010be6 (0xbfe5)
core   0: 0x80010bde (0x00001f17) auipc   t5, 0x1
core   0: 3 0x80010bde (0x00001f17) x30 0x80011bde
core   0: 0x80010be2 (0x423f2123) sw      gp, 1058(t5)
core   0: 3 0x80010be2 (0x423f2123) mem 0x80012000 0x00000001
core   0: 0x80010be6 (0x0000bfe5) c.j     pc - 8
core   0: 3 0x80010be6 (0xbfe5)
core   0: 0x80010bde (0x00001f17) auipc   t5, 0x1
core   0: 3 0x80010bde (0x00001f17) x30 0x80011bde
core   0: 0x80010be2 (0x423f2123) sw      gp, 1058(t5)
core   0: 3 0x80010be2 (0x423f2123) mem 0x80012000 0x00000001
core   0: 0x80010be6 (0x0000bfe5) c.j     pc - 8
core   0: 3 0x80010be6 (0xbfe5)
core   0: 0x80010bde (0x00001f17) auipc   t5, 0x1
core   0: 3 0x80010bde (0x00001f17) x30 0x80011bde
core   0: 0x80010be2 (0x423f2123) sw      gp, 1058(t5)
core   0: 3 0x80010be2 (0x423f2123) mem 0x80012000 0x00000001
core   0: 0x80010be6 (0x0000bfe5) c.j     pc - 8
core   0: 3 0x80010be6 (0xbfe5)
core   0: 0x80010bde (0x00001f17) auipc   t5, 0x1
core   0: 3 0x80010bde (0x00001f17) x30 0x80011bde
core   0: 0x80010be2 (0x423f2123) sw      gp, 1058(t5)
core   0: 3 0x80010be2 (0x423f2123) mem 0x80012000 0x00000001
core   0: 0x80010be6 (0x0000bfe5) c.j     pc - 8
core   0: 3 0x80010be6 (0xbfe5)
core   0: 0x80010bde (0x00001f17) auipc   t5, 0x1
core   0: 3 0x80010bde (0x00001f17) x30 0x80011bde
core   0: 0x80010be2 (0x423f2123) sw      gp, 1058(t5)
core   0: 3 0x80010be2 (0x423f2123) mem 0x80012000 0x00000001
core   0: 0x80010be6 (0x0000bfe5) c.j     pc - 8
core   0: 3 0x80010be6 (0xbfe5)
core   0: 0x80010bde (0x00001f17) auipc   t5, 0x1
core   0: 3 0x80010bde (0x00001f17) x30 0x80011bde
core   0: 0x80010be2 (0x423f2123) sw      gp, 1058(t5)
core   0: 3 0x80010be2 (0x423f2123) mem 0x80012000 0x00000001
core   0: 0x80010be6 (0x0000bfe5) c.j     pc - 8
core   0: 3 0x80010be6 (0xbfe5)
core   0: 0x80010bde (0x00001f17) auipc   t5, 0x1
core   0: 3 0x80010bde (0x00001f17) x30 0x80011bde
core   0: 0x80010be2 (0x423f2123) sw      gp, 1058(t5)
core   0: 3 0x80010be2 (0x423f2123) mem 0x80012000 0x00000001
core   0: 0x80010be6 (0x0000bfe5) c.j     pc - 8
core   0: 3 0x80010be6 (0xbfe5)
core   0: 0x80010bde (0x00001f17) auipc   t5, 0x1
core   0: 3 0x80010bde (0x00001f17) x30 0x80011bde
core   0: 0x80010be2 (0x423f2123) sw      gp, 1058(t5)
core   0: 3 0x80010be2 (0x423f2123) mem 0x80012000 0x00000001
core   0: 0x80010be6 (0x0000bfe5) c.j     pc - 8
core   0: 3 0x80010be6 (0xbfe5)
core   0: 0x80010bde (0x00001f17) auipc   t5, 0x1
core   0: 3 0x80010bde (0x00001f17) x30 0x80011bde
core   0: 0x80010be2 (0x423f2123) sw      gp, 1058(t5)
core   0: 3 0x80010be2 (0x423f2123) mem 0x80012000 0x00000001
core   0: 0x80010be6 (0x0000bfe5) c.j     pc - 8
core   0: 3 0x80010be6 (0xbfe5)
core   0: 0x80010bde (0x00001f17) auipc   t5, 0x1
core   0: 3 0x80010bde (0x00001f17) x30 0x80011bde
core   0: 0x80010be2 (0x423f2123) sw      gp, 1058(t5)
core   0: 3 0x80010be2 (0x423f2123) mem 0x80012000 0x00000001
core   0: 0x80010be6 (0x0000bfe5) c.j     pc - 8
core   0: 3 0x80010be6 (0xbfe5)
core   0: 0x80010bde (0x00001f17) auipc   t5, 0x1
core   0: 3 0x80010bde (0x00001f17) x30 0x80011bde
core   0: 0x80010be2 (0x423f2123) sw      gp, 1058(t5)
core   0: 3 0x80010be2 (0x423f2123) mem 0x80012000 0x00000001
core   0: 0x80010be6 (0x0000bfe5) c.j     pc - 8
core   0: 3 0x80010be6 (0xbfe5)
core   0: 0x80010bde (0x00001f17) auipc   t5, 0x1
core   0: 3 0x80010bde (0x00001f17) x30 0x80011bde
core   0: 0x80010be2 (0x423f2123) sw      gp, 1058(t5)
core   0: 3 0x80010be2 (0x423f2123) mem 0x80012000 0x00000001
core   0: 0x80010be6 (0x0000bfe5) c.j     pc - 8
core   0: 3 0x80010be6 (0xbfe5)
core   0: 0x80010bde (0x00001f17) auipc   t5, 0x1
core   0: 3 0x80010bde (0x00001f17) x30 0x80011bde
core   0: 0x80010be2 (0x423f2123) sw      gp, 1058(t5)
core   0: 3 0x80010be2 (0x423f2123) mem 0x80012000 0x00000001
core   0: 0x80010be6 (0x0000bfe5) c.j     pc - 8
core   0: 3 0x80010be6 (0xbfe5)
core   0: 0x80010bde (0x00001f17) auipc   t5, 0x1
core   0: 3 0x80010bde (0x00001f17) x30 0x80011bde
core   0: 0x80010be2 (0x423f2123) sw      gp, 1058(t5)
core   0: 3 0x80010be2 (0x423f2123) mem 0x80012000 0x00000001
core   0: 0x80010be6 (0x0000bfe5) c.j     pc - 8
core   0: 3 0x80010be6 (0xbfe5)
core   0: 0x80010bde (0x00001f17) auipc   t5, 0x1
core   0: 3 0x80010bde (0x00001f17) x30 0x80011bde
core   0: 0x80010be2 (0x423f2123) sw      gp, 1058(t5)
core   0: 3 0x80010be2 (0x423f2123) mem 0x80012000 0x00000001
core   0: 0x80010be6 (0x0000bfe5) c.j     pc - 8
core   0: 3 0x80010be6 (0xbfe5)
core   0: 0x80010bde (0x00001f17) auipc   t5, 0x1
core   0: 3 0x80010bde (0x00001f17) x30 0x80011bde
core   0: 0x80010be2 (0x423f2123) sw      gp, 1058(t5)
core   0: 3 0x80010be2 (0x423f2123) mem 0x80012000 0x00000001
core   0: 0x80010be6 (0x0000bfe5) c.j     pc - 8
core   0: 3 0x80010be6 (0xbfe5)
core   0: 0x80010bde (0x00001f17) auipc   t5, 0x1
core   0: 3 0x80010bde (0x00001f17) x30 0x80011bde
core   0: 0x80010be2 (0x423f2123) sw      gp, 1058(t5)
core   0: 3 0x80010be2 (0x423f2123) mem 0x80012000 0x00000001
core   0: 0x80010be6 (0x0000bfe5) c.j     pc - 8
core   0: 3 0x80010be6 (0xbfe5)
core   0: 0x80010bde (0x00001f17) auipc   t5, 0x1
core   0: 3 0x80010bde (0x00001f17) x30 0x80011bde
core   0: 0x80010be2 (0x423f2123) sw      gp, 1058(t5)
core   0: 3 0x80010be2 (0x423f2123) mem 0x80012000 0x00000001
core   0: 0x80010be6 (0x0000bfe5) c.j     pc - 8
core   0: 3 0x80010be6 (0xbfe5)
core   0: 0x80010bde (0x00001f17) auipc   t5, 0x1
core   0: 3 0x80010bde (0x00001f17) x30 0x80011bde
core   0: 0x80010be2 (0x423f2123) sw      gp, 1058(t5)
core   0: 3 0x80010be2 (0x423f2123) mem 0x80012000 0x00000001
core   0: 0x80010be6 (0x0000bfe5) c.j     pc - 8
core   0: 3 0x80010be6 (0xbfe5)
core   0: 0x80010bde (0x00001f17) auipc   t5, 0x1
core   0: 3 0x80010bde (0x00001f17) x30 0x80011bde
core   0: 0x80010be2 (0x423f2123) sw      gp, 1058(t5)
core   0: 3 0x80010be2 (0x423f2123) mem 0x80012000 0x00000001
core   0: 0x80010be6 (0x0000bfe5) c.j     pc - 8
core   0: 3 0x80010be6 (0xbfe5)
core   0: 0x80010bde (0x00001f17) auipc   t5, 0x1
core   0: 3 0x80010bde (0x00001f17) x30 0x80011bde
core   0: 0x80010be2 (0x423f2123) sw      gp, 1058(t5)
core   0: 3 0x80010be2 (0x423f2123) mem 0x80012000 0x00000001
core   0: 0x80010be6 (0x0000bfe5) c.j     pc - 8
core   0: 3 0x80010be6 (0xbfe5)
core   0: 0x80010bde (0x00001f17) auipc   t5, 0x1
core   0: 3 0x80010bde (0x00001f17) x30 0x80011bde
core   0: 0x80010be2 (0x423f2123) sw      gp, 1058(t5)
core   0: 3 0x80010be2 (0x423f2123) mem 0x80012000 0x00000001
core   0: 0x80010be6 (0x0000bfe5) c.j     pc - 8
core   0: 3 0x80010be6 (0xbfe5)
core   0: 0x80010bde (0x00001f17) auipc   t5, 0x1
core   0: 3 0x80010bde (0x00001f17) x30 0x80011bde
core   0: 0x80010be2 (0x423f2123) sw      gp, 1058(t5)
core   0: 3 0x80010be2 (0x423f2123) mem 0x80012000 0x00000001
core   0: 0x80010be6 (0x0000bfe5) c.j     pc - 8
core   0: 3 0x80010be6 (0xbfe5)
core   0: 0x80010bde (0x00001f17) auipc   t5, 0x1
core   0: 3 0x80010bde (0x00001f17) x30 0x80011bde
core   0: 0x80010be2 (0x423f2123) sw      gp, 1058(t5)
core   0: 3 0x80010be2 (0x423f2123) mem 0x80012000 0x00000001
core   0: 0x80010be6 (0x0000bfe5) c.j     pc - 8
core   0: 3 0x80010be6 (0xbfe5)
core   0: 0x80010bde (0x00001f17) auipc   t5, 0x1
core   0: 3 0x80010bde (0x00001f17) x30 0x80011bde
core   0: 0x80010be2 (0x423f2123) sw      gp, 1058(t5)
core   0: 3 0x80010be2 (0x423f2123) mem 0x80012000 0x00000001
core   0: 0x80010be6 (0x0000bfe5) c.j     pc - 8
core   0: 3 0x80010be6 (0xbfe5)
core   0: 0x80010bde (0x00001f17) auipc   t5, 0x1
core   0: 3 0x80010bde (0x00001f17) x30 0x80011bde
core   0: 0x80010be2 (0x423f2123) sw      gp, 1058(t5)
core   0: 3 0x80010be2 (0x423f2123) mem 0x80012000 0x00000001
core   0: 0x80010be6 (0x0000bfe5) c.j     pc - 8
core   0: 3 0x80010be6 (0xbfe5)
core   0: 0x80010bde (0x00001f17) auipc   t5, 0x1
core   0: 3 0x80010bde (0x00001f17) x30 0x80011bde
core   0: 0x80010be2 (0x423f2123) sw      gp, 1058(t5)
core   0: 3 0x80010be2 (0x423f2123) mem 0x80012000 0x00000001
core   0: 0x80010be6 (0x0000bfe5) c.j     pc - 8
core   0: 3 0x80010be6 (0xbfe5)
core   0: 0x80010bde (0x00001f17) auipc   t5, 0x1
core   0: 3 0x80010bde (0x00001f17) x30 0x80011bde
core   0: 0x80010be2 (0x423f2123) sw      gp, 1058(t5)
core   0: 3 0x80010be2 (0x423f2123) mem 0x80012000 0x00000001
core   0: 0x80010be6 (0x0000bfe5) c.j     pc - 8
core   0: 3 0x80010be6 (0xbfe5)
core   0: 0x80010bde (0x00001f17) auipc   t5, 0x1
core   0: 3 0x80010bde (0x00001f17) x30 0x80011bde
core   0: 0x80010be2 (0x423f2123) sw      gp, 1058(t5)
core   0: 3 0x80010be2 (0x423f2123) mem 0x80012000 0x00000001
core   0: 0x80010be6 (0x0000bfe5) c.j     pc - 8
core   0: 3 0x80010be6 (0xbfe5)
core   0: 0x80010bde (0x00001f17) auipc   t5, 0x1
core   0: 3 0x80010bde (0x00001f17) x30 0x80011bde
core   0: 0x80010be2 (0x423f2123) sw      gp, 1058(t5)
core   0: 3 0x80010be2 (0x423f2123) mem 0x80012000 0x00000001
core   0: 0x80010be6 (0x0000bfe5) c.j     pc - 8
core   0: 3 0x80010be6 (0xbfe5)
core   0: 0x80010bde (0x00001f17) auipc   t5, 0x1
core   0: 3 0x80010bde (0x00001f17) x30 0x80011bde
core   0: 0x80010be2 (0x423f2123) sw      gp, 1058(t5)
core   0: 3 0x80010be2 (0x423f2123) mem 0x80012000 0x00000001
core   0: 0x80010be6 (0x0000bfe5) c.j     pc - 8
core   0: 3 0x80010be6 (0xbfe5)
core   0: 0x80010bde (0x00001f17) auipc   t5, 0x1
core   0: 3 0x80010bde (0x00001f17) x30 0x80011bde
core   0: 0x80010be2 (0x423f2123) sw      gp, 1058(t5)
core   0: 3 0x80010be2 (0x423f2123) mem 0x80012000 0x00000001
core   0: 0x80010be6 (0x0000bfe5) c.j     pc - 8
core   0: 3 0x80010be6 (0xbfe5)
core   0: 0x80010bde (0x00001f17) auipc   t5, 0x1
core   0: 3 0x80010bde (0x00001f17) x30 0x80011bde
core   0: 0x80010be2 (0x423f2123) sw      gp, 1058(t5)
core   0: 3 0x80010be2 (0x423f2123) mem 0x80012000 0x00000001
core   0: 0x80010be6 (0x0000bfe5) c.j     pc - 8
core   0: 3 0x80010be6 (0xbfe5)
core   0: 0x80010bde (0x00001f17) auipc   t5, 0x1
core   0: 3 0x80010bde (0x00001f17) x30 0x80011bde
core   0: 0x80010be2 (0x423f2123) sw      gp, 1058(t5)
core   0: 3 0x80010be2 (0x423f2123) mem 0x80012000 0x00000001
core   0: 0x80010be6 (0x0000bfe5) c.j     pc - 8
core   0: 3 0x80010be6 (0xbfe5)
core   0: 0x80010bde (0x00001f17) auipc   t5, 0x1
core   0: 3 0x80010bde (0x00001f17) x30 0x80011bde
core   0: 0x80010be2 (0x423f2123) sw      gp, 1058(t5)
core   0: 3 0x80010be2 (0x423f2123) mem 0x80012000 0x00000001
core   0: 0x80010be6 (0x0000bfe5) c.j     pc - 8
core   0: 3 0x80010be6 (0xbfe5)
core   0: 0x80010bde (0x00001f17) auipc   t5, 0x1
core   0: 3 0x80010bde (0x00001f17) x30 0x80011bde
core   0: 0x80010be2 (0x423f2123) sw      gp, 1058(t5)
core   0: 3 0x80010be2 (0x423f2123) mem 0x80012000 0x00000001
core   0: 0x80010be6 (0x0000bfe5) c.j     pc - 8
core   0: 3 0x80010be6 (0xbfe5)
core   0: 0x80010bde (0x00001f17) auipc   t5, 0x1
core   0: 3 0x80010bde (0x00001f17) x30 0x80011bde
core   0: 0x80010be2 (0x423f2123) sw      gp, 1058(t5)
core   0: 3 0x80010be2 (0x423f2123) mem 0x80012000 0x00000001
core   0: 0x80010be6 (0x0000bfe5) c.j     pc - 8
core   0: 3 0x80010be6 (0xbfe5)
core   0: 0x80010bde (0x00001f17) auipc   t5, 0x1
core   0: 3 0x80010bde (0x00001f17) x30 0x80011bde
core   0: 0x80010be2 (0x423f2123) sw      gp, 1058(t5)
core   0: 3 0x80010be2 (0x423f2123) mem 0x80012000 0x00000001
core   0: 0x80010be6 (0x0000bfe5) c.j     pc - 8
core   0: 3 0x80010be6 (0xbfe5)
core   0: 0x80010bde (0x00001f17) auipc   t5, 0x1
core   0: 3 0x80010bde (0x00001f17) x30 0x80011bde
core   0: 0x80010be2 (0x423f2123) sw      gp, 1058(t5)
core   0: 3 0x80010be2 (0x423f2123) mem 0x80012000 0x00000001
core   0: 0x80010be6 (0x0000bfe5) c.j     pc - 8
core   0: 3 0x80010be6 (0xbfe5)
core   0: 0x80010bde (0x00001f17) auipc   t5, 0x1
core   0: 3 0x80010bde (0x00001f17) x30 0x80011bde
core   0: 0x80010be2 (0x423f2123) sw      gp, 1058(t5)
core   0: 3 0x80010be2 (0x423f2123) mem 0x80012000 0x00000001
core   0: 0x80010be6 (0x0000bfe5) c.j     pc - 8
core   0: 3 0x80010be6 (0xbfe5)
core   0: 0x80010bde (0x00001f17) auipc   t5, 0x1
core   0: 3 0x80010bde (0x00001f17) x30 0x80011bde
core   0: 0x80010be2 (0x423f2123) sw      gp, 1058(t5)
core   0: 3 0x80010be2 (0x423f2123) mem 0x80012000 0x00000001
core   0: 0x80010be6 (0x0000bfe5) c.j     pc - 8
core   0: 3 0x80010be6 (0xbfe5)
core   0: 0x80010bde (0x00001f17) auipc   t5, 0x1
core   0: 3 0x80010bde (0x00001f17) x30 0x80011bde
core   0: 0x80010be2 (0x423f2123) sw      gp, 1058(t5)
core   0: 3 0x80010be2 (0x423f2123) mem 0x80012000 0x00000001
core   0: 0x80010be6 (0x0000bfe5) c.j     pc - 8
core   0: 3 0x80010be6 (0xbfe5)
core   0: 0x80010bde (0x00001f17) auipc   t5, 0x1
core   0: 3 0x80010bde (0x00001f17) x30 0x80011bde
core   0: 0x80010be2 (0x423f2123) sw      gp, 1058(t5)
core   0: 3 0x80010be2 (0x423f2123) mem 0x80012000 0x00000001
core   0: 0x80010be6 (0x0000bfe5) c.j     pc - 8
core   0: 3 0x80010be6 (0xbfe5)
core   0: 0x80010bde (0x00001f17) auipc   t5, 0x1
core   0: 3 0x80010bde (0x00001f17) x30 0x80011bde
core   0: 0x80010be2 (0x423f2123) sw      gp, 1058(t5)
core   0: 3 0x80010be2 (0x423f2123) mem 0x80012000 0x00000001
core   0: 0x80010be6 (0x0000bfe5) c.j     pc - 8
core   0: 3 0x80010be6 (0xbfe5)
core   0: 0x80010bde (0x00001f17) auipc   t5, 0x1
core   0: 3 0x80010bde (0x00001f17) x30 0x80011bde
core   0: 0x80010be2 (0x423f2123) sw      gp, 1058(t5)
core   0: 3 0x80010be2 (0x423f2123) mem 0x80012000 0x00000001
core   0: 0x80010be6 (0x0000bfe5) c.j     pc - 8
core   0: 3 0x80010be6 (0xbfe5)
core   0: 0x80010bde (0x00001f17) auipc   t5, 0x1
core   0: 3 0x80010bde (0x00001f17) x30 0x80011bde
core   0: 0x80010be2 (0x423f2123) sw      gp, 1058(t5)
core   0: 3 0x80010be2 (0x423f2123) mem 0x80012000 0x00000001
core   0: 0x80010be6 (0x0000bfe5) c.j     pc - 8
core   0: 3 0x80010be6 (0xbfe5)
core   0: 0x80010bde (0x00001f17) auipc   t5, 0x1
core   0: 3 0x80010bde (0x00001f17) x30 0x80011bde
core   0: 0x80010be2 (0x423f2123) sw      gp, 1058(t5)
core   0: 3 0x80010be2 (0x423f2123) mem 0x80012000 0x00000001
core   0: 0x80010be6 (0x0000bfe5) c.j     pc - 8
core   0: 3 0x80010be6 (0xbfe5)
core   0: 0x80010bde (0x00001f17) auipc   t5, 0x1
core   0: 3 0x80010bde (0x00001f17) x30 0x80011bde
core   0: 0x80010be2 (0x423f2123) sw      gp, 1058(t5)
core   0: 3 0x80010be2 (0x423f2123) mem 0x80012000 0x00000001
core   0: 0x80010be6 (0x0000bfe5) c.j     pc - 8
core   0: 3 0x80010be6 (0xbfe5)
core   0: 0x80010bde (0x00001f17) auipc   t5, 0x1
core   0: 3 0x80010bde (0x00001f17) x30 0x80011bde
core   0: 0x80010be2 (0x423f2123) sw      gp, 1058(t5)
core   0: 3 0x80010be2 (0x423f2123) mem 0x80012000 0x00000001
core   0: 0x80010be6 (0x0000bfe5) c.j     pc - 8
core   0: 3 0x80010be6 (0xbfe5)
core   0: 0x80010bde (0x00001f17) auipc   t5, 0x1
core   0: 3 0x80010bde (0x00001f17) x30 0x80011bde
core   0: 0x80010be2 (0x423f2123) sw      gp, 1058(t5)
core   0: 3 0x80010be2 (0x423f2123) mem 0x80012000 0x00000001
core   0: 0x80010be6 (0x0000bfe5) c.j     pc - 8
core   0: 3 0x80010be6 (0xbfe5)
core   0: 0x80010bde (0x00001f17) auipc   t5, 0x1
core   0: 3 0x80010bde (0x00001f17) x30 0x80011bde
core   0: 0x80010be2 (0x423f2123) sw      gp, 1058(t5)
core   0: 3 0x80010be2 (0x423f2123) mem 0x80012000 0x00000001
core   0: 0x80010be6 (0x0000bfe5) c.j     pc - 8
core   0: 3 0x80010be6 (0xbfe5)
core   0: 0x80010bde (0x00001f17) auipc   t5, 0x1
core   0: 3 0x80010bde (0x00001f17) x30 0x80011bde
core   0: 0x80010be2 (0x423f2123) sw      gp, 1058(t5)
core   0: 3 0x80010be2 (0x423f2123) mem 0x80012000 0x00000001
core   0: 0x80010be6 (0x0000bfe5) c.j     pc - 8
core   0: 3 0x80010be6 (0xbfe5)
core   0: 0x80010bde (0x00001f17) auipc   t5, 0x1
core   0: 3 0x80010bde (0x00001f17) x30 0x80011bde
core   0: 0x80010be2 (0x423f2123) sw      gp, 1058(t5)
core   0: 3 0x80010be2 (0x423f2123) mem 0x80012000 0x00000001
core   0: 0x80010be6 (0x0000bfe5) c.j     pc - 8
core   0: 3 0x80010be6 (0xbfe5)
core   0: 0x80010bde (0x00001f17) auipc   t5, 0x1
core   0: 3 0x80010bde (0x00001f17) x30 0x80011bde
core   0: 0x80010be2 (0x423f2123) sw      gp, 1058(t5)
core   0: 3 0x80010be2 (0x423f2123) mem 0x80012000 0x00000001
core   0: 0x80010be6 (0x0000bfe5) c.j     pc - 8
core   0: 3 0x80010be6 (0xbfe5)
core   0: 0x80010bde (0x00001f17) auipc   t5, 0x1
core   0: 3 0x80010bde (0x00001f17) x30 0x80011bde
core   0: 0x80010be2 (0x423f2123) sw      gp, 1058(t5)
core   0: 3 0x80010be2 (0x423f2123) mem 0x80012000 0x00000001
core   0: 0x80010be6 (0x0000bfe5) c.j     pc - 8
core   0: 3 0x80010be6 (0xbfe5)
core   0: 0x80010bde (0x00001f17) auipc   t5, 0x1
core   0: 3 0x80010bde (0x00001f17) x30 0x80011bde
core   0: 0x80010be2 (0x423f2123) sw      gp, 1058(t5)
core   0: 3 0x80010be2 (0x423f2123) mem 0x80012000 0x00000001
core   0: 0x80010be6 (0x0000bfe5) c.j     pc - 8
core   0: 3 0x80010be6 (0xbfe5)
core   0: 0x80010bde (0x00001f17) auipc   t5, 0x1
core   0: 3 0x80010bde (0x00001f17) x30 0x80011bde
core   0: 0x80010be2 (0x423f2123) sw      gp, 1058(t5)
core   0: 3 0x80010be2 (0x423f2123) mem 0x80012000 0x00000001
core   0: 0x80010be6 (0x0000bfe5) c.j     pc - 8
core   0: 3 0x80010be6 (0xbfe5)
core   0: 0x80010bde (0x00001f17) auipc   t5, 0x1
core   0: 3 0x80010bde (0x00001f17) x30 0x80011bde
core   0: 0x80010be2 (0x423f2123) sw      gp, 1058(t5)
core   0: 3 0x80010be2 (0x423f2123) mem 0x80012000 0x00000001
core   0: 0x80010be6 (0x0000bfe5) c.j     pc - 8
core   0: 3 0x80010be6 (0xbfe5)
core   0: 0x80010bde (0x00001f17) auipc   t5, 0x1
core   0: 3 0x80010bde (0x00001f17) x30 0x80011bde
core   0: 0x80010be2 (0x423f2123) sw      gp, 1058(t5)
core   0: 3 0x80010be2 (0x423f2123) mem 0x80012000 0x00000001
core   0: 0x80010be6 (0x0000bfe5) c.j     pc - 8
core   0: 3 0x80010be6 (0xbfe5)
core   0: 0x80010bde (0x00001f17) auipc   t5, 0x1
core   0: 3 0x80010bde (0x00001f17) x30 0x80011bde
core   0: 0x80010be2 (0x423f2123) sw      gp, 1058(t5)
core   0: 3 0x80010be2 (0x423f2123) mem 0x80012000 0x00000001
core   0: 0x80010be6 (0x0000bfe5) c.j     pc - 8
core   0: 3 0x80010be6 (0xbfe5)
core   0: 0x80010bde (0x00001f17) auipc   t5, 0x1
core   0: 3 0x80010bde (0x00001f17) x30 0x80011bde
core   0: 0x80010be2 (0x423f2123) sw      gp, 1058(t5)
core   0: 3 0x80010be2 (0x423f2123) mem 0x80012000 0x00000001
core   0: 0x80010be6 (0x0000bfe5) c.j     pc - 8
core   0: 3 0x80010be6 (0xbfe5)
core   0: 0x80010bde (0x00001f17) auipc   t5, 0x1
core   0: 3 0x80010bde (0x00001f17) x30 0x80011bde
core   0: 0x80010be2 (0x423f2123) sw      gp, 1058(t5)
core   0: 3 0x80010be2 (0x423f2123) mem 0x80012000 0x00000001
core   0: 0x80010be6 (0x0000bfe5) c.j     pc - 8
core   0: 3 0x80010be6 (0xbfe5)
core   0: 0x80010bde (0x00001f17) auipc   t5, 0x1
core   0: 3 0x80010bde (0x00001f17) x30 0x80011bde
core   0: 0x80010be2 (0x423f2123) sw      gp, 1058(t5)
core   0: 3 0x80010be2 (0x423f2123) mem 0x80012000 0x00000001
core   0: 0x80010be6 (0x0000bfe5) c.j     pc - 8
core   0: 3 0x80010be6 (0xbfe5)
core   0: 0x80010bde (0x00001f17) auipc   t5, 0x1
core   0: 3 0x80010bde (0x00001f17) x30 0x80011bde
core   0: 0x80010be2 (0x423f2123) sw      gp, 1058(t5)
core   0: 3 0x80010be2 (0x423f2123) mem 0x80012000 0x00000001
core   0: 0x80010be6 (0x0000bfe5) c.j     pc - 8
core   0: 3 0x80010be6 (0xbfe5)
core   0: 0x80010bde (0x00001f17) auipc   t5, 0x1
core   0: 3 0x80010bde (0x00001f17) x30 0x80011bde
core   0: 0x80010be2 (0x423f2123) sw      gp, 1058(t5)
core   0: 3 0x80010be2 (0x423f2123) mem 0x80012000 0x00000001
core   0: 0x80010be6 (0x0000bfe5) c.j     pc - 8
core   0: 3 0x80010be6 (0xbfe5)
core   0: 0x80010bde (0x00001f17) auipc   t5, 0x1
core   0: 3 0x80010bde (0x00001f17) x30 0x80011bde
core   0: 0x80010be2 (0x423f2123) sw      gp, 1058(t5)
core   0: 3 0x80010be2 (0x423f2123) mem 0x80012000 0x00000001
core   0: 0x80010be6 (0x0000bfe5) c.j     pc - 8
core   0: 3 0x80010be6 (0xbfe5)
core   0: 0x80010bde (0x00001f17) auipc   t5, 0x1
core   0: 3 0x80010bde (0x00001f17) x30 0x80011bde
core   0: 0x80010be2 (0x423f2123) sw      gp, 1058(t5)
core   0: 3 0x80010be2 (0x423f2123) mem 0x80012000 0x00000001
core   0: 0x80010be6 (0x0000bfe5) c.j     pc - 8
core   0: 3 0x80010be6 (0xbfe5)
core   0: 0x80010bde (0x00001f17) auipc   t5, 0x1
core   0: 3 0x80010bde (0x00001f17) x30 0x80011bde
core   0: 0x80010be2 (0x423f2123) sw      gp, 1058(t5)
core   0: 3 0x80010be2 (0x423f2123) mem 0x80012000 0x00000001
core   0: 0x80010be6 (0x0000bfe5) c.j     pc - 8
core   0: 3 0x80010be6 (0xbfe5)
core   0: 0x80010bde (0x00001f17) auipc   t5, 0x1
core   0: 3 0x80010bde (0x00001f17) x30 0x80011bde
core   0: 0x80010be2 (0x423f2123) sw      gp, 1058(t5)
core   0: 3 0x80010be2 (0x423f2123) mem 0x80012000 0x00000001
core   0: 0x80010be6 (0x0000bfe5) c.j     pc - 8
core   0: 3 0x80010be6 (0xbfe5)
core   0: 0x80010bde (0x00001f17) auipc   t5, 0x1
core   0: 3 0x80010bde (0x00001f17) x30 0x80011bde
core   0: 0x80010be2 (0x423f2123) sw      gp, 1058(t5)
core   0: 3 0x80010be2 (0x423f2123) mem 0x80012000 0x00000001
core   0: 0x80010be6 (0x0000bfe5) c.j     pc - 8
core   0: 3 0x80010be6 (0xbfe5)
core   0: 0x80010bde (0x00001f17) auipc   t5, 0x1
core   0: 3 0x80010bde (0x00001f17) x30 0x80011bde
core   0: 0x80010be2 (0x423f2123) sw      gp, 1058(t5)
core   0: 3 0x80010be2 (0x423f2123) mem 0x80012000 0x00000001
core   0: 0x80010be6 (0x0000bfe5) c.j     pc - 8
core   0: 3 0x80010be6 (0xbfe5)
core   0: 0x80010bde (0x00001f17) auipc   t5, 0x1
core   0: 3 0x80010bde (0x00001f17) x30 0x80011bde
core   0: 0x80010be2 (0x423f2123) sw      gp, 1058(t5)
core   0: 3 0x80010be2 (0x423f2123) mem 0x80012000 0x00000001
core   0: 0x80010be6 (0x0000bfe5) c.j     pc - 8
core   0: 3 0x80010be6 (0xbfe5)
core   0: 0x80010bde (0x00001f17) auipc   t5, 0x1
core   0: 3 0x80010bde (0x00001f17) x30 0x80011bde
core   0: 0x80010be2 (0x423f2123) sw      gp, 1058(t5)
core   0: 3 0x80010be2 (0x423f2123) mem 0x80012000 0x00000001
core   0: 0x80010be6 (0x0000bfe5) c.j     pc - 8
core   0: 3 0x80010be6 (0xbfe5)
core   0: 0x80010bde (0x00001f17) auipc   t5, 0x1
core   0: 3 0x80010bde (0x00001f17) x30 0x80011bde
core   0: 0x80010be2 (0x423f2123) sw      gp, 1058(t5)
core   0: 3 0x80010be2 (0x423f2123) mem 0x80012000 0x00000001
core   0: 0x80010be6 (0x0000bfe5) c.j     pc - 8
core   0: 3 0x80010be6 (0xbfe5)
core   0: 0x80010bde (0x00001f17) auipc   t5, 0x1
core   0: 3 0x80010bde (0x00001f17) x30 0x80011bde
core   0: 0x80010be2 (0x423f2123) sw      gp, 1058(t5)
core   0: 3 0x80010be2 (0x423f2123) mem 0x80012000 0x00000001
core   0: 0x80010be6 (0x0000bfe5) c.j     pc - 8
core   0: 3 0x80010be6 (0xbfe5)
core   0: 0x80010bde (0x00001f17) auipc   t5, 0x1
core   0: 3 0x80010bde (0x00001f17) x30 0x80011bde
core   0: 0x80010be2 (0x423f2123) sw      gp, 1058(t5)
core   0: 3 0x80010be2 (0x423f2123) mem 0x80012000 0x00000001
core   0: 0x80010be6 (0x0000bfe5) c.j     pc - 8
core   0: 3 0x80010be6 (0xbfe5)
core   0: 0x80010bde (0x00001f17) auipc   t5, 0x1
core   0: 3 0x80010bde (0x00001f17) x30 0x80011bde
core   0: 0x80010be2 (0x423f2123) sw      gp, 1058(t5)
core   0: 3 0x80010be2 (0x423f2123) mem 0x80012000 0x00000001
core   0: 0x80010be6 (0x0000bfe5) c.j     pc - 8
core   0: 3 0x80010be6 (0xbfe5)
core   0: 0x80010bde (0x00001f17) auipc   t5, 0x1
core   0: 3 0x80010bde (0x00001f17) x30 0x80011bde
core   0: 0x80010be2 (0x423f2123) sw      gp, 1058(t5)
core   0: 3 0x80010be2 (0x423f2123) mem 0x80012000 0x00000001
core   0: 0x80010be6 (0x0000bfe5) c.j     pc - 8
core   0: 3 0x80010be6 (0xbfe5)
core   0: 0x80010bde (0x00001f17) auipc   t5, 0x1
core   0: 3 0x80010bde (0x00001f17) x30 0x80011bde
core   0: 0x80010be2 (0x423f2123) sw      gp, 1058(t5)
core   0: 3 0x80010be2 (0x423f2123) mem 0x80012000 0x00000001
core   0: 0x80010be6 (0x0000bfe5) c.j     pc - 8
core   0: 3 0x80010be6 (0xbfe5)
core   0: 0x80010bde (0x00001f17) auipc   t5, 0x1
core   0: 3 0x80010bde (0x00001f17) x30 0x80011bde
core   0: 0x80010be2 (0x423f2123) sw      gp, 1058(t5)
core   0: 3 0x80010be2 (0x423f2123) mem 0x80012000 0x00000001
core   0: 0x80010be6 (0x0000bfe5) c.j     pc - 8
core   0: 3 0x80010be6 (0xbfe5)
core   0: 0x80010bde (0x00001f17) auipc   t5, 0x1
core   0: 3 0x80010bde (0x00001f17) x30 0x80011bde
core   0: 0x80010be2 (0x423f2123) sw      gp, 1058(t5)
core   0: 3 0x80010be2 (0x423f2123) mem 0x80012000 0x00000001
core   0: 0x80010be6 (0x0000bfe5) c.j     pc - 8
core   0: 3 0x80010be6 (0xbfe5)
core   0: 0x80010bde (0x00001f17) auipc   t5, 0x1
core   0: 3 0x80010bde (0x00001f17) x30 0x80011bde
core   0: 0x80010be2 (0x423f2123) sw      gp, 1058(t5)
core   0: 3 0x80010be2 (0x423f2123) mem 0x80012000 0x00000001
core   0: 0x80010be6 (0x0000bfe5) c.j     pc - 8
core   0: 3 0x80010be6 (0xbfe5)
core   0: 0x80010bde (0x00001f17) auipc   t5, 0x1
core   0: 3 0x80010bde (0x00001f17) x30 0x80011bde
core   0: 0x80010be2 (0x423f2123) sw      gp, 1058(t5)
core   0: 3 0x80010be2 (0x423f2123) mem 0x80012000 0x00000001
core   0: 0x80010be6 (0x0000bfe5) c.j     pc - 8
core   0: 3 0x80010be6 (0xbfe5)
core   0: 0x80010bde (0x00001f17) auipc   t5, 0x1
core   0: 3 0x80010bde (0x00001f17) x30 0x80011bde
core   0: 0x80010be2 (0x423f2123) sw      gp, 1058(t5)
core   0: 3 0x80010be2 (0x423f2123) mem 0x80012000 0x00000001
core   0: 0x80010be6 (0x0000bfe5) c.j     pc - 8
core   0: 3 0x80010be6 (0xbfe5)
core   0: 0x80010bde (0x00001f17) auipc   t5, 0x1
core   0: 3 0x80010bde (0x00001f17) x30 0x80011bde
core   0: 0x80010be2 (0x423f2123) sw      gp, 1058(t5)
core   0: 3 0x80010be2 (0x423f2123) mem 0x80012000 0x00000001
core   0: 0x80010be6 (0x0000bfe5) c.j     pc - 8
core   0: 3 0x80010be6 (0xbfe5)
core   0: 0x80010bde (0x00001f17) auipc   t5, 0x1
core   0: 3 0x80010bde (0x00001f17) x30 0x80011bde
core   0: 0x80010be2 (0x423f2123) sw      gp, 1058(t5)
core   0: 3 0x80010be2 (0x423f2123) mem 0x80012000 0x00000001
core   0: 0x80010be6 (0x0000bfe5) c.j     pc - 8
core   0: 3 0x80010be6 (0xbfe5)
core   0: 0x80010bde (0x00001f17) auipc   t5, 0x1
core   0: 3 0x80010bde (0x00001f17) x30 0x80011bde
core   0: 0x80010be2 (0x423f2123) sw      gp, 1058(t5)
core   0: 3 0x80010be2 (0x423f2123) mem 0x80012000 0x00000001
core   0: 0x80010be6 (0x0000bfe5) c.j     pc - 8
core   0: 3 0x80010be6 (0xbfe5)
core   0: 0x80010bde (0x00001f17) auipc   t5, 0x1
core   0: 3 0x80010bde (0x00001f17) x30 0x80011bde
core   0: 0x80010be2 (0x423f2123) sw      gp, 1058(t5)
core   0: 3 0x80010be2 (0x423f2123) mem 0x80012000 0x00000001
core   0: 0x80010be6 (0x0000bfe5) c.j     pc - 8
core   0: 3 0x80010be6 (0xbfe5)
core   0: 0x80010bde (0x00001f17) auipc   t5, 0x1
core   0: 3 0x80010bde (0x00001f17) x30 0x80011bde
core   0: 0x80010be2 (0x423f2123) sw      gp, 1058(t5)
core   0: 3 0x80010be2 (0x423f2123) mem 0x80012000 0x00000001
core   0: 0x80010be6 (0x0000bfe5) c.j     pc - 8
core   0: 3 0x80010be6 (0xbfe5)
core   0: 0x80010bde (0x00001f17) auipc   t5, 0x1
core   0: 3 0x80010bde (0x00001f17) x30 0x80011bde
core   0: 0x80010be2 (0x423f2123) sw      gp, 1058(t5)
core   0: 3 0x80010be2 (0x423f2123) mem 0x80012000 0x00000001
core   0: 0x80010be6 (0x0000bfe5) c.j     pc - 8
core   0: 3 0x80010be6 (0xbfe5)
core   0: 0x80010bde (0x00001f17) auipc   t5, 0x1
core   0: 3 0x80010bde (0x00001f17) x30 0x80011bde
core   0: 0x80010be2 (0x423f2123) sw      gp, 1058(t5)
core   0: 3 0x80010be2 (0x423f2123) mem 0x80012000 0x00000001
core   0: 0x80010be6 (0x0000bfe5) c.j     pc - 8
core   0: 3 0x80010be6 (0xbfe5)
core   0: 0x80010bde (0x00001f17) auipc   t5, 0x1
core   0: 3 0x80010bde (0x00001f17) x30 0x80011bde
core   0: 0x80010be2 (0x423f2123) sw      gp, 1058(t5)
core   0: 3 0x80010be2 (0x423f2123) mem 0x80012000 0x00000001
core   0: 0x80010be6 (0x0000bfe5) c.j     pc - 8
core   0: 3 0x80010be6 (0xbfe5)
core   0: 0x80010bde (0x00001f17) auipc   t5, 0x1
core   0: 3 0x80010bde (0x00001f17) x30 0x80011bde
core   0: 0x80010be2 (0x423f2123) sw      gp, 1058(t5)
core   0: 3 0x80010be2 (0x423f2123) mem 0x80012000 0x00000001
core   0: 0x80010be6 (0x0000bfe5) c.j     pc - 8
core   0: 3 0x80010be6 (0xbfe5)
core   0: 0x80010bde (0x00001f17) auipc   t5, 0x1
core   0: 3 0x80010bde (0x00001f17) x30 0x80011bde
core   0: 0x80010be2 (0x423f2123) sw      gp, 1058(t5)
core   0: 3 0x80010be2 (0x423f2123) mem 0x80012000 0x00000001
core   0: 0x80010be6 (0x0000bfe5) c.j     pc - 8
core   0: 3 0x80010be6 (0xbfe5)
core   0: 0x80010bde (0x00001f17) auipc   t5, 0x1
core   0: 3 0x80010bde (0x00001f17) x30 0x80011bde
core   0: 0x80010be2 (0x423f2123) sw      gp, 1058(t5)
core   0: 3 0x80010be2 (0x423f2123) mem 0x80012000 0x00000001
core   0: 0x80010be6 (0x0000bfe5) c.j     pc - 8
core   0: 3 0x80010be6 (0xbfe5)
core   0: 0x80010bde (0x00001f17) auipc   t5, 0x1
core   0: 3 0x80010bde (0x00001f17) x30 0x80011bde
core   0: 0x80010be2 (0x423f2123) sw      gp, 1058(t5)
core   0: 3 0x80010be2 (0x423f2123) mem 0x80012000 0x00000001
core   0: 0x80010be6 (0x0000bfe5) c.j     pc - 8
core   0: 3 0x80010be6 (0xbfe5)
core   0: 0x80010bde (0x00001f17) auipc   t5, 0x1
core   0: 3 0x80010bde (0x00001f17) x30 0x80011bde
core   0: 0x80010be2 (0x423f2123) sw      gp, 1058(t5)
core   0: 3 0x80010be2 (0x423f2123) mem 0x80012000 0x00000001
core   0: 0x80010be6 (0x0000bfe5) c.j     pc - 8
core   0: 3 0x80010be6 (0xbfe5)
core   0: 0x80010bde (0x00001f17) auipc   t5, 0x1
core   0: 3 0x80010bde (0x00001f17) x30 0x80011bde
core   0: 0x80010be2 (0x423f2123) sw      gp, 1058(t5)
core   0: 3 0x80010be2 (0x423f2123) mem 0x80012000 0x00000001
core   0: 0x80010be6 (0x0000bfe5) c.j     pc - 8
core   0: 3 0x80010be6 (0xbfe5)
core   0: 0x80010bde (0x00001f17) auipc   t5, 0x1
core   0: 3 0x80010bde (0x00001f17) x30 0x80011bde
core   0: 0x80010be2 (0x423f2123) sw      gp, 1058(t5)
core   0: 3 0x80010be2 (0x423f2123) mem 0x80012000 0x00000001
core   0: 0x80010be6 (0x0000bfe5) c.j     pc - 8
core   0: 3 0x80010be6 (0xbfe5)
core   0: 0x80010bde (0x00001f17) auipc   t5, 0x1
core   0: 3 0x80010bde (0x00001f17) x30 0x80011bde
core   0: 0x80010be2 (0x423f2123) sw      gp, 1058(t5)
core   0: 3 0x80010be2 (0x423f2123) mem 0x80012000 0x00000001
core   0: 0x80010be6 (0x0000bfe5) c.j     pc - 8
core   0: 3 0x80010be6 (0xbfe5)
core   0: 0x80010bde (0x00001f17) auipc   t5, 0x1
core   0: 3 0x80010bde (0x00001f17) x30 0x80011bde
core   0: 0x80010be2 (0x423f2123) sw      gp, 1058(t5)
core   0: 3 0x80010be2 (0x423f2123) mem 0x80012000 0x00000001
core   0: 0x80010be6 (0x0000bfe5) c.j     pc - 8
core   0: 3 0x80010be6 (0xbfe5)
core   0: 0x80010bde (0x00001f17) auipc   t5, 0x1
core   0: 3 0x80010bde (0x00001f17) x30 0x80011bde
core   0: 0x80010be2 (0x423f2123) sw      gp, 1058(t5)
core   0: 3 0x80010be2 (0x423f2123) mem 0x80012000 0x00000001
core   0: 0x80010be6 (0x0000bfe5) c.j     pc - 8
core   0: 3 0x80010be6 (0xbfe5)
core   0: 0x80010bde (0x00001f17) auipc   t5, 0x1
core   0: 3 0x80010bde (0x00001f17) x30 0x80011bde
core   0: 0x80010be2 (0x423f2123) sw      gp, 1058(t5)
core   0: 3 0x80010be2 (0x423f2123) mem 0x80012000 0x00000001
core   0: 0x80010be6 (0x0000bfe5) c.j     pc - 8
core   0: 3 0x80010be6 (0xbfe5)
core   0: 0x80010bde (0x00001f17) auipc   t5, 0x1
core   0: 3 0x80010bde (0x00001f17) x30 0x80011bde
core   0: 0x80010be2 (0x423f2123) sw      gp, 1058(t5)
core   0: 3 0x80010be2 (0x423f2123) mem 0x80012000 0x00000001
core   0: 0x80010be6 (0x0000bfe5) c.j     pc - 8
core   0: 3 0x80010be6 (0xbfe5)
core   0: 0x80010bde (0x00001f17) auipc   t5, 0x1
core   0: 3 0x80010bde (0x00001f17) x30 0x80011bde
core   0: 0x80010be2 (0x423f2123) sw      gp, 1058(t5)
core   0: 3 0x80010be2 (0x423f2123) mem 0x80012000 0x00000001
core   0: 0x80010be6 (0x0000bfe5) c.j     pc - 8
core   0: 3 0x80010be6 (0xbfe5)
core   0: 0x80010bde (0x00001f17) auipc   t5, 0x1
core   0: 3 0x80010bde (0x00001f17) x30 0x80011bde
core   0: 0x80010be2 (0x423f2123) sw      gp, 1058(t5)
core   0: 3 0x80010be2 (0x423f2123) mem 0x80012000 0x00000001
core   0: 0x80010be6 (0x0000bfe5) c.j     pc - 8
core   0: 3 0x80010be6 (0xbfe5)
core   0: 0x80010bde (0x00001f17) auipc   t5, 0x1
core   0: 3 0x80010bde (0x00001f17) x30 0x80011bde
core   0: 0x80010be2 (0x423f2123) sw      gp, 1058(t5)
core   0: 3 0x80010be2 (0x423f2123) mem 0x80012000 0x00000001
core   0: 0x80010be6 (0x0000bfe5) c.j     pc - 8
core   0: 3 0x80010be6 (0xbfe5)
core   0: 0x80010bde (0x00001f17) auipc   t5, 0x1
core   0: 3 0x80010bde (0x00001f17) x30 0x80011bde
core   0: 0x80010be2 (0x423f2123) sw      gp, 1058(t5)
core   0: 3 0x80010be2 (0x423f2123) mem 0x80012000 0x00000001
core   0: 0x80010be6 (0x0000bfe5) c.j     pc - 8
core   0: 3 0x80010be6 (0xbfe5)
core   0: 0x80010bde (0x00001f17) auipc   t5, 0x1
core   0: 3 0x80010bde (0x00001f17) x30 0x80011bde
core   0: 0x80010be2 (0x423f2123) sw      gp, 1058(t5)
core   0: 3 0x80010be2 (0x423f2123) mem 0x80012000 0x00000001
core   0: 0x80010be6 (0x0000bfe5) c.j     pc - 8
core   0: 3 0x80010be6 (0xbfe5)
core   0: 0x80010bde (0x00001f17) auipc   t5, 0x1
core   0: 3 0x80010bde (0x00001f17) x30 0x80011bde
core   0: 0x80010be2 (0x423f2123) sw      gp, 1058(t5)
core   0: 3 0x80010be2 (0x423f2123) mem 0x80012000 0x00000001
core   0: 0x80010be6 (0x0000bfe5) c.j     pc - 8
core   0: 3 0x80010be6 (0xbfe5)
core   0: 0x80010bde (0x00001f17) auipc   t5, 0x1
core   0: 3 0x80010bde (0x00001f17) x30 0x80011bde
core   0: 0x80010be2 (0x423f2123) sw      gp, 1058(t5)
core   0: 3 0x80010be2 (0x423f2123) mem 0x80012000 0x00000001
core   0: 0x80010be6 (0x0000bfe5) c.j     pc - 8
core   0: 3 0x80010be6 (0xbfe5)
core   0: 0x80010bde (0x00001f17) auipc   t5, 0x1
core   0: 3 0x80010bde (0x00001f17) x30 0x80011bde
core   0: 0x80010be2 (0x423f2123) sw      gp, 1058(t5)
core   0: 3 0x80010be2 (0x423f2123) mem 0x80012000 0x00000001
core   0: 0x80010be6 (0x0000bfe5) c.j     pc - 8
core   0: 3 0x80010be6 (0xbfe5)
core   0: 0x80010bde (0x00001f17) auipc   t5, 0x1
core   0: 3 0x80010bde (0x00001f17) x30 0x80011bde
core   0: 0x80010be2 (0x423f2123) sw      gp, 1058(t5)
core   0: 3 0x80010be2 (0x423f2123) mem 0x80012000 0x00000001
core   0: 0x80010be6 (0x0000bfe5) c.j     pc - 8
core   0: 3 0x80010be6 (0xbfe5)
core   0: 0x80010bde (0x00001f17) auipc   t5, 0x1
core   0: 3 0x80010bde (0x00001f17) x30 0x80011bde
core   0: 0x80010be2 (0x423f2123) sw      gp, 1058(t5)
core   0: 3 0x80010be2 (0x423f2123) mem 0x80012000 0x00000001
core   0: 0x80010be6 (0x0000bfe5) c.j     pc - 8
core   0: 3 0x80010be6 (0xbfe5)
core   0: 0x80010bde (0x00001f17) auipc   t5, 0x1
core   0: 3 0x80010bde (0x00001f17) x30 0x80011bde
core   0: 0x80010be2 (0x423f2123) sw      gp, 1058(t5)
core   0: 3 0x80010be2 (0x423f2123) mem 0x80012000 0x00000001
core   0: 0x80010be6 (0x0000bfe5) c.j     pc - 8
core   0: 3 0x80010be6 (0xbfe5)
core   0: 0x80010bde (0x00001f17) auipc   t5, 0x1
core   0: 3 0x80010bde (0x00001f17) x30 0x80011bde
core   0: 0x80010be2 (0x423f2123) sw      gp, 1058(t5)
core   0: 3 0x80010be2 (0x423f2123) mem 0x80012000 0x00000001
core   0: 0x80010be6 (0x0000bfe5) c.j     pc - 8
core   0: 3 0x80010be6 (0xbfe5)
core   0: 0x80010bde (0x00001f17) auipc   t5, 0x1
core   0: 3 0x80010bde (0x00001f17) x30 0x80011bde
core   0: 0x80010be2 (0x423f2123) sw      gp, 1058(t5)
core   0: 3 0x80010be2 (0x423f2123) mem 0x80012000 0x00000001
core   0: 0x80010be6 (0x0000bfe5) c.j     pc - 8
core   0: 3 0x80010be6 (0xbfe5)
core   0: 0x80010bde (0x00001f17) auipc   t5, 0x1
core   0: 3 0x80010bde (0x00001f17) x30 0x80011bde
core   0: 0x80010be2 (0x423f2123) sw      gp, 1058(t5)
core   0: 3 0x80010be2 (0x423f2123) mem 0x80012000 0x00000001
core   0: 0x80010be6 (0x0000bfe5) c.j     pc - 8
core   0: 3 0x80010be6 (0xbfe5)
core   0: 0x80010bde (0x00001f17) auipc   t5, 0x1
core   0: 3 0x80010bde (0x00001f17) x30 0x80011bde
core   0: 0x80010be2 (0x423f2123) sw      gp, 1058(t5)
core   0: 3 0x80010be2 (0x423f2123) mem 0x80012000 0x00000001
core   0: 0x80010be6 (0x0000bfe5) c.j     pc - 8
core   0: 3 0x80010be6 (0xbfe5)
core   0: 0x80010bde (0x00001f17) auipc   t5, 0x1
core   0: 3 0x80010bde (0x00001f17) x30 0x80011bde
core   0: 0x80010be2 (0x423f2123) sw      gp, 1058(t5)
core   0: 3 0x80010be2 (0x423f2123) mem 0x80012000 0x00000001
core   0: 0x80010be6 (0x0000bfe5) c.j     pc - 8
core   0: 3 0x80010be6 (0xbfe5)
core   0: 0x80010bde (0x00001f17) auipc   t5, 0x1
core   0: 3 0x80010bde (0x00001f17) x30 0x80011bde
core   0: 0x80010be2 (0x423f2123) sw      gp, 1058(t5)
core   0: 3 0x80010be2 (0x423f2123) mem 0x80012000 0x00000001
core   0: 0x80010be6 (0x0000bfe5) c.j     pc - 8
core   0: 3 0x80010be6 (0xbfe5)
core   0: 0x80010bde (0x00001f17) auipc   t5, 0x1
core   0: 3 0x80010bde (0x00001f17) x30 0x80011bde
core   0: 0x80010be2 (0x423f2123) sw      gp, 1058(t5)
core   0: 3 0x80010be2 (0x423f2123) mem 0x80012000 0x00000001
core   0: 0x80010be6 (0x0000bfe5) c.j     pc - 8
core   0: 3 0x80010be6 (0xbfe5)
core   0: 0x80010bde (0x00001f17) auipc   t5, 0x1
core   0: 3 0x80010bde (0x00001f17) x30 0x80011bde
core   0: 0x80010be2 (0x423f2123) sw      gp, 1058(t5)
core   0: 3 0x80010be2 (0x423f2123) mem 0x80012000 0x00000001
core   0: 0x80010be6 (0x0000bfe5) c.j     pc - 8
core   0: 3 0x80010be6 (0xbfe5)
core   0: 0x80010bde (0x00001f17) auipc   t5, 0x1
core   0: 3 0x80010bde (0x00001f17) x30 0x80011bde
core   0: 0x80010be2 (0x423f2123) sw      gp, 1058(t5)
core   0: 3 0x80010be2 (0x423f2123) mem 0x80012000 0x00000001
core   0: 0x80010be6 (0x0000bfe5) c.j     pc - 8
core   0: 3 0x80010be6 (0xbfe5)
core   0: 0x80010bde (0x00001f17) auipc   t5, 0x1
core   0: 3 0x80010bde (0x00001f17) x30 0x80011bde
core   0: 0x80010be2 (0x423f2123) sw      gp, 1058(t5)
core   0: 3 0x80010be2 (0x423f2123) mem 0x80012000 0x00000001
core   0: 0x80010be6 (0x0000bfe5) c.j     pc - 8
core   0: 3 0x80010be6 (0xbfe5)
core   0: 0x80010bde (0x00001f17) auipc   t5, 0x1
core   0: 3 0x80010bde (0x00001f17) x30 0x80011bde
core   0: 0x80010be2 (0x423f2123) sw      gp, 1058(t5)
core   0: 3 0x80010be2 (0x423f2123) mem 0x80012000 0x00000001
core   0: 0x80010be6 (0x0000bfe5) c.j     pc - 8
core   0: 3 0x80010be6 (0xbfe5)
core   0: 0x80010bde (0x00001f17) auipc   t5, 0x1
core   0: 3 0x80010bde (0x00001f17) x30 0x80011bde
core   0: 0x80010be2 (0x423f2123) sw      gp, 1058(t5)
core   0: 3 0x80010be2 (0x423f2123) mem 0x80012000 0x00000001
core   0: 0x80010be6 (0x0000bfe5) c.j     pc - 8
core   0: 3 0x80010be6 (0xbfe5)
core   0: 0x80010bde (0x00001f17) auipc   t5, 0x1
core   0: 3 0x80010bde (0x00001f17) x30 0x80011bde
core   0: 0x80010be2 (0x423f2123) sw      gp, 1058(t5)
core   0: 3 0x80010be2 (0x423f2123) mem 0x80012000 0x00000001
core   0: 0x80010be6 (0x0000bfe5) c.j     pc - 8
core   0: 3 0x80010be6 (0xbfe5)
core   0: 0x80010bde (0x00001f17) auipc   t5, 0x1
core   0: 3 0x80010bde (0x00001f17) x30 0x80011bde
core   0: 0x80010be2 (0x423f2123) sw      gp, 1058(t5)
core   0: 3 0x80010be2 (0x423f2123) mem 0x80012000 0x00000001
core   0: 0x80010be6 (0x0000bfe5) c.j     pc - 8
core   0: 3 0x80010be6 (0xbfe5)
core   0: 0x80010bde (0x00001f17) auipc   t5, 0x1
core   0: 3 0x80010bde (0x00001f17) x30 0x80011bde
core   0: 0x80010be2 (0x423f2123) sw      gp, 1058(t5)
core   0: 3 0x80010be2 (0x423f2123) mem 0x80012000 0x00000001
core   0: 0x80010be6 (0x0000bfe5) c.j     pc - 8
core   0: 3 0x80010be6 (0xbfe5)
core   0: 0x80010bde (0x00001f17) auipc   t5, 0x1
core   0: 3 0x80010bde (0x00001f17) x30 0x80011bde
core   0: 0x80010be2 (0x423f2123) sw      gp, 1058(t5)
core   0: 3 0x80010be2 (0x423f2123) mem 0x80012000 0x00000001
core   0: 0x80010be6 (0x0000bfe5) c.j     pc - 8
core   0: 3 0x80010be6 (0xbfe5)
core   0: 0x80010bde (0x00001f17) auipc   t5, 0x1
core   0: 3 0x80010bde (0x00001f17) x30 0x80011bde
core   0: 0x80010be2 (0x423f2123) sw      gp, 1058(t5)
core   0: 3 0x80010be2 (0x423f2123) mem 0x80012000 0x00000001
core   0: 0x80010be6 (0x0000bfe5) c.j     pc - 8
core   0: 3 0x80010be6 (0xbfe5)
core   0: 0x80010bde (0x00001f17) auipc   t5, 0x1
core   0: 3 0x80010bde (0x00001f17) x30 0x80011bde
core   0: 0x80010be2 (0x423f2123) sw      gp, 1058(t5)
core   0: 3 0x80010be2 (0x423f2123) mem 0x80012000 0x00000001
core   0: 0x80010be6 (0x0000bfe5) c.j     pc - 8
core   0: 3 0x80010be6 (0xbfe5)
core   0: 0x80010bde (0x00001f17) auipc   t5, 0x1
core   0: 3 0x80010bde (0x00001f17) x30 0x80011bde
core   0: 0x80010be2 (0x423f2123) sw      gp, 1058(t5)
core   0: 3 0x80010be2 (0x423f2123) mem 0x80012000 0x00000001
core   0: 0x80010be6 (0x0000bfe5) c.j     pc - 8
core   0: 3 0x80010be6 (0xbfe5)
core   0: 0x80010bde (0x00001f17) auipc   t5, 0x1
core   0: 3 0x80010bde (0x00001f17) x30 0x80011bde
core   0: 0x80010be2 (0x423f2123) sw      gp, 1058(t5)
core   0: 3 0x80010be2 (0x423f2123) mem 0x80012000 0x00000001
core   0: 0x80010be6 (0x0000bfe5) c.j     pc - 8
core   0: 3 0x80010be6 (0xbfe5)
core   0: 0x80010bde (0x00001f17) auipc   t5, 0x1
core   0: 3 0x80010bde (0x00001f17) x30 0x80011bde
core   0: 0x80010be2 (0x423f2123) sw      gp, 1058(t5)
core   0: 3 0x80010be2 (0x423f2123) mem 0x80012000 0x00000001
core   0: 0x80010be6 (0x0000bfe5) c.j     pc - 8
core   0: 3 0x80010be6 (0xbfe5)
core   0: 0x80010bde (0x00001f17) auipc   t5, 0x1
core   0: 3 0x80010bde (0x00001f17) x30 0x80011bde
core   0: 0x80010be2 (0x423f2123) sw      gp, 1058(t5)
core   0: 3 0x80010be2 (0x423f2123) mem 0x80012000 0x00000001
core   0: 0x80010be6 (0x0000bfe5) c.j     pc - 8
core   0: 3 0x80010be6 (0xbfe5)
core   0: 0x80010bde (0x00001f17) auipc   t5, 0x1
core   0: 3 0x80010bde (0x00001f17) x30 0x80011bde
core   0: 0x80010be2 (0x423f2123) sw      gp, 1058(t5)
core   0: 3 0x80010be2 (0x423f2123) mem 0x80012000 0x00000001
core   0: 0x80010be6 (0x0000bfe5) c.j     pc - 8
core   0: 3 0x80010be6 (0xbfe5)
core   0: 0x80010bde (0x00001f17) auipc   t5, 0x1
core   0: 3 0x80010bde (0x00001f17) x30 0x80011bde
core   0: 0x80010be2 (0x423f2123) sw      gp, 1058(t5)
core   0: 3 0x80010be2 (0x423f2123) mem 0x80012000 0x00000001
core   0: 0x80010be6 (0x0000bfe5) c.j     pc - 8
core   0: 3 0x80010be6 (0xbfe5)
core   0: 0x80010bde (0x00001f17) auipc   t5, 0x1
core   0: 3 0x80010bde (0x00001f17) x30 0x80011bde
core   0: 0x80010be2 (0x423f2123) sw      gp, 1058(t5)
core   0: 3 0x80010be2 (0x423f2123) mem 0x80012000 0x00000001
core   0: 0x80010be6 (0x0000bfe5) c.j     pc - 8
core   0: 3 0x80010be6 (0xbfe5)
core   0: 0x80010bde (0x00001f17) auipc   t5, 0x1
core   0: 3 0x80010bde (0x00001f17) x30 0x80011bde
core   0: 0x80010be2 (0x423f2123) sw      gp, 1058(t5)
core   0: 3 0x80010be2 (0x423f2123) mem 0x80012000 0x00000001
core   0: 0x80010be6 (0x0000bfe5) c.j     pc - 8
core   0: 3 0x80010be6 (0xbfe5)
core   0: 0x80010bde (0x00001f17) auipc   t5, 0x1
core   0: 3 0x80010bde (0x00001f17) x30 0x80011bde
core   0: 0x80010be2 (0x423f2123) sw      gp, 1058(t5)
core   0: 3 0x80010be2 (0x423f2123) mem 0x80012000 0x00000001
core   0: 0x80010be6 (0x0000bfe5) c.j     pc - 8
core   0: 3 0x80010be6 (0xbfe5)
core   0: 0x80010bde (0x00001f17) auipc   t5, 0x1
core   0: 3 0x80010bde (0x00001f17) x30 0x80011bde
core   0: 0x80010be2 (0x423f2123) sw      gp, 1058(t5)
core   0: 3 0x80010be2 (0x423f2123) mem 0x80012000 0x00000001
core   0: 0x80010be6 (0x0000bfe5) c.j     pc - 8
core   0: 3 0x80010be6 (0xbfe5)
core   0: 0x80010bde (0x00001f17) auipc   t5, 0x1
core   0: 3 0x80010bde (0x00001f17) x30 0x80011bde
core   0: 0x80010be2 (0x423f2123) sw      gp, 1058(t5)
core   0: 3 0x80010be2 (0x423f2123) mem 0x80012000 0x00000001
core   0: 0x80010be6 (0x0000bfe5) c.j     pc - 8
core   0: 3 0x80010be6 (0xbfe5)
core   0: 0x80010bde (0x00001f17) auipc   t5, 0x1
core   0: 3 0x80010bde (0x00001f17) x30 0x80011bde
core   0: 0x80010be2 (0x423f2123) sw      gp, 1058(t5)
core   0: 3 0x80010be2 (0x423f2123) mem 0x80012000 0x00000001
core   0: 0x80010be6 (0x0000bfe5) c.j     pc - 8
core   0: 3 0x80010be6 (0xbfe5)
core   0: 0x80010bde (0x00001f17) auipc   t5, 0x1
core   0: 3 0x80010bde (0x00001f17) x30 0x80011bde
core   0: 0x80010be2 (0x423f2123) sw      gp, 1058(t5)
core   0: 3 0x80010be2 (0x423f2123) mem 0x80012000 0x00000001
core   0: 0x80010be6 (0x0000bfe5) c.j     pc - 8
core   0: 3 0x80010be6 (0xbfe5)
core   0: 0x80010bde (0x00001f17) auipc   t5, 0x1
core   0: 3 0x80010bde (0x00001f17) x30 0x80011bde
core   0: 0x80010be2 (0x423f2123) sw      gp, 1058(t5)
core   0: 3 0x80010be2 (0x423f2123) mem 0x80012000 0x00000001
core   0: 0x80010be6 (0x0000bfe5) c.j     pc - 8
core   0: 3 0x80010be6 (0xbfe5)
core   0: 0x80010bde (0x00001f17) auipc   t5, 0x1
core   0: 3 0x80010bde (0x00001f17) x30 0x80011bde
core   0: 0x80010be2 (0x423f2123) sw      gp, 1058(t5)
core   0: 3 0x80010be2 (0x423f2123) mem 0x80012000 0x00000001
core   0: 0x80010be6 (0x0000bfe5) c.j     pc - 8
core   0: 3 0x80010be6 (0xbfe5)
core   0: 0x80010bde (0x00001f17) auipc   t5, 0x1
core   0: 3 0x80010bde (0x00001f17) x30 0x80011bde
core   0: 0x80010be2 (0x423f2123) sw      gp, 1058(t5)
core   0: 3 0x80010be2 (0x423f2123) mem 0x80012000 0x00000001
core   0: 0x80010be6 (0x0000bfe5) c.j     pc - 8
core   0: 3 0x80010be6 (0xbfe5)
core   0: 0x80010bde (0x00001f17) auipc   t5, 0x1
core   0: 3 0x80010bde (0x00001f17) x30 0x80011bde
core   0: 0x80010be2 (0x423f2123) sw      gp, 1058(t5)
core   0: 3 0x80010be2 (0x423f2123) mem 0x80012000 0x00000001
core   0: 0x80010be6 (0x0000bfe5) c.j     pc - 8
core   0: 3 0x80010be6 (0xbfe5)
core   0: 0x80010bde (0x00001f17) auipc   t5, 0x1
core   0: 3 0x80010bde (0x00001f17) x30 0x80011bde
core   0: 0x80010be2 (0x423f2123) sw      gp, 1058(t5)
core   0: 3 0x80010be2 (0x423f2123) mem 0x80012000 0x00000001
core   0: 0x80010be6 (0x0000bfe5) c.j     pc - 8
core   0: 3 0x80010be6 (0xbfe5)
core   0: 0x80010bde (0x00001f17) auipc   t5, 0x1
core   0: 3 0x80010bde (0x00001f17) x30 0x80011bde
core   0: 0x80010be2 (0x423f2123) sw      gp, 1058(t5)
core   0: 3 0x80010be2 (0x423f2123) mem 0x80012000 0x00000001
core   0: 0x80010be6 (0x0000bfe5) c.j     pc - 8
core   0: 3 0x80010be6 (0xbfe5)
core   0: 0x80010bde (0x00001f17) auipc   t5, 0x1
core   0: 3 0x80010bde (0x00001f17) x30 0x80011bde
core   0: 0x80010be2 (0x423f2123) sw      gp, 1058(t5)
core   0: 3 0x80010be2 (0x423f2123) mem 0x80012000 0x00000001
core   0: 0x80010be6 (0x0000bfe5) c.j     pc - 8
core   0: 3 0x80010be6 (0xbfe5)
core   0: 0x80010bde (0x00001f17) auipc   t5, 0x1
core   0: 3 0x80010bde (0x00001f17) x30 0x80011bde
core   0: 0x80010be2 (0x423f2123) sw      gp, 1058(t5)
core   0: 3 0x80010be2 (0x423f2123) mem 0x80012000 0x00000001
core   0: 0x80010be6 (0x0000bfe5) c.j     pc - 8
core   0: 3 0x80010be6 (0xbfe5)
core   0: 0x80010bde (0x00001f17) auipc   t5, 0x1
core   0: 3 0x80010bde (0x00001f17) x30 0x80011bde
core   0: 0x80010be2 (0x423f2123) sw      gp, 1058(t5)
core   0: 3 0x80010be2 (0x423f2123) mem 0x80012000 0x00000001
core   0: 0x80010be6 (0x0000bfe5) c.j     pc - 8
core   0: 3 0x80010be6 (0xbfe5)
core   0: 0x80010bde (0x00001f17) auipc   t5, 0x1
core   0: 3 0x80010bde (0x00001f17) x30 0x80011bde
core   0: 0x80010be2 (0x423f2123) sw      gp, 1058(t5)
core   0: 3 0x80010be2 (0x423f2123) mem 0x80012000 0x00000001
core   0: 0x80010be6 (0x0000bfe5) c.j     pc - 8
core   0: 3 0x80010be6 (0xbfe5)
core   0: 0x80010bde (0x00001f17) auipc   t5, 0x1
core   0: 3 0x80010bde (0x00001f17) x30 0x80011bde
core   0: 0x80010be2 (0x423f2123) sw      gp, 1058(t5)
core   0: 3 0x80010be2 (0x423f2123) mem 0x80012000 0x00000001
core   0: 0x80010be6 (0x0000bfe5) c.j     pc - 8
core   0: 3 0x80010be6 (0xbfe5)
core   0: 0x80010bde (0x00001f17) auipc   t5, 0x1
core   0: 3 0x80010bde (0x00001f17) x30 0x80011bde
core   0: 0x80010be2 (0x423f2123) sw      gp, 1058(t5)
core   0: 3 0x80010be2 (0x423f2123) mem 0x80012000 0x00000001
core   0: 0x80010be6 (0x0000bfe5) c.j     pc - 8
core   0: 3 0x80010be6 (0xbfe5)
core   0: 0x80010bde (0x00001f17) auipc   t5, 0x1
core   0: 3 0x80010bde (0x00001f17) x30 0x80011bde
core   0: 0x80010be2 (0x423f2123) sw      gp, 1058(t5)
core   0: 3 0x80010be2 (0x423f2123) mem 0x80012000 0x00000001
core   0: 0x80010be6 (0x0000bfe5) c.j     pc - 8
core   0: 3 0x80010be6 (0xbfe5)
core   0: 0x80010bde (0x00001f17) auipc   t5, 0x1
core   0: 3 0x80010bde (0x00001f17) x30 0x80011bde
core   0: 0x80010be2 (0x423f2123) sw      gp, 1058(t5)
core   0: 3 0x80010be2 (0x423f2123) mem 0x80012000 0x00000001
core   0: 0x80010be6 (0x0000bfe5) c.j     pc - 8
core   0: 3 0x80010be6 (0xbfe5)
core   0: 0x80010bde (0x00001f17) auipc   t5, 0x1
core   0: 3 0x80010bde (0x00001f17) x30 0x80011bde
core   0: 0x80010be2 (0x423f2123) sw      gp, 1058(t5)
core   0: 3 0x80010be2 (0x423f2123) mem 0x80012000 0x00000001
core   0: 0x80010be6 (0x0000bfe5) c.j     pc - 8
core   0: 3 0x80010be6 (0xbfe5)
core   0: 0x80010bde (0x00001f17) auipc   t5, 0x1
core   0: 3 0x80010bde (0x00001f17) x30 0x80011bde
core   0: 0x80010be2 (0x423f2123) sw      gp, 1058(t5)
core   0: 3 0x80010be2 (0x423f2123) mem 0x80012000 0x00000001
core   0: 0x80010be6 (0x0000bfe5) c.j     pc - 8
core   0: 3 0x80010be6 (0xbfe5)
core   0: 0x80010bde (0x00001f17) auipc   t5, 0x1
core   0: 3 0x80010bde (0x00001f17) x30 0x80011bde
core   0: 0x80010be2 (0x423f2123) sw      gp, 1058(t5)
core   0: 3 0x80010be2 (0x423f2123) mem 0x80012000 0x00000001
core   0: 0x80010be6 (0x0000bfe5) c.j     pc - 8
core   0: 3 0x80010be6 (0xbfe5)
core   0: 0x80010bde (0x00001f17) auipc   t5, 0x1
core   0: 3 0x80010bde (0x00001f17) x30 0x80011bde
core   0: 0x80010be2 (0x423f2123) sw      gp, 1058(t5)
core   0: 3 0x80010be2 (0x423f2123) mem 0x80012000 0x00000001
core   0: 0x80010be6 (0x0000bfe5) c.j     pc - 8
core   0: 3 0x80010be6 (0xbfe5)
core   0: 0x80010bde (0x00001f17) auipc   t5, 0x1
core   0: 3 0x80010bde (0x00001f17) x30 0x80011bde
core   0: 0x80010be2 (0x423f2123) sw      gp, 1058(t5)
core   0: 3 0x80010be2 (0x423f2123) mem 0x80012000 0x00000001
core   0: 0x80010be6 (0x0000bfe5) c.j     pc - 8
core   0: 3 0x80010be6 (0xbfe5)
core   0: 0x80010bde (0x00001f17) auipc   t5, 0x1
core   0: 3 0x80010bde (0x00001f17) x30 0x80011bde
core   0: 0x80010be2 (0x423f2123) sw      gp, 1058(t5)
core   0: 3 0x80010be2 (0x423f2123) mem 0x80012000 0x00000001
core   0: 0x80010be6 (0x0000bfe5) c.j     pc - 8
core   0: 3 0x80010be6 (0xbfe5)
core   0: 0x80010bde (0x00001f17) auipc   t5, 0x1
core   0: 3 0x80010bde (0x00001f17) x30 0x80011bde
core   0: 0x80010be2 (0x423f2123) sw      gp, 1058(t5)
core   0: 3 0x80010be2 (0x423f2123) mem 0x80012000 0x00000001
core   0: 0x80010be6 (0x0000bfe5) c.j     pc - 8
core   0: 3 0x80010be6 (0xbfe5)
core   0: 0x80010bde (0x00001f17) auipc   t5, 0x1
core   0: 3 0x80010bde (0x00001f17) x30 0x80011bde
core   0: 0x80010be2 (0x423f2123) sw      gp, 1058(t5)
core   0: 3 0x80010be2 (0x423f2123) mem 0x80012000 0x00000001
core   0: 0x80010be6 (0x0000bfe5) c.j     pc - 8
core   0: 3 0x80010be6 (0xbfe5)
core   0: 0x80010bde (0x00001f17) auipc   t5, 0x1
core   0: 3 0x80010bde (0x00001f17) x30 0x80011bde
core   0: 0x80010be2 (0x423f2123) sw      gp, 1058(t5)
core   0: 3 0x80010be2 (0x423f2123) mem 0x80012000 0x00000001
core   0: 0x80010be6 (0x0000bfe5) c.j     pc - 8
core   0: 3 0x80010be6 (0xbfe5)
core   0: 0x80010bde (0x00001f17) auipc   t5, 0x1
core   0: 3 0x80010bde (0x00001f17) x30 0x80011bde
core   0: 0x80010be2 (0x423f2123) sw      gp, 1058(t5)
core   0: 3 0x80010be2 (0x423f2123) mem 0x80012000 0x00000001
core   0: 0x80010be6 (0x0000bfe5) c.j     pc - 8
core   0: 3 0x80010be6 (0xbfe5)
core   0: 0x80010bde (0x00001f17) auipc   t5, 0x1
core   0: 3 0x80010bde (0x00001f17) x30 0x80011bde
core   0: 0x80010be2 (0x423f2123) sw      gp, 1058(t5)
core   0: 3 0x80010be2 (0x423f2123) mem 0x80012000 0x00000001
core   0: 0x80010be6 (0x0000bfe5) c.j     pc - 8
core   0: 3 0x80010be6 (0xbfe5)
core   0: 0x80010bde (0x00001f17) auipc   t5, 0x1
core   0: 3 0x80010bde (0x00001f17) x30 0x80011bde
core   0: 0x80010be2 (0x423f2123) sw      gp, 1058(t5)
core   0: 3 0x80010be2 (0x423f2123) mem 0x80012000 0x00000001
core   0: 0x80010be6 (0x0000bfe5) c.j     pc - 8
core   0: 3 0x80010be6 (0xbfe5)
core   0: 0x80010bde (0x00001f17) auipc   t5, 0x1
core   0: 3 0x80010bde (0x00001f17) x30 0x80011bde
core   0: 0x80010be2 (0x423f2123) sw      gp, 1058(t5)
core   0: 3 0x80010be2 (0x423f2123) mem 0x80012000 0x00000001
core   0: 0x80010be6 (0x0000bfe5) c.j     pc - 8
core   0: 3 0x80010be6 (0xbfe5)
core   0: 0x80010bde (0x00001f17) auipc   t5, 0x1
core   0: 3 0x80010bde (0x00001f17) x30 0x80011bde
core   0: 0x80010be2 (0x423f2123) sw      gp, 1058(t5)
core   0: 3 0x80010be2 (0x423f2123) mem 0x80012000 0x00000001
core   0: 0x80010be6 (0x0000bfe5) c.j     pc - 8
core   0: 3 0x80010be6 (0xbfe5)
core   0: 0x80010bde (0x00001f17) auipc   t5, 0x1
core   0: 3 0x80010bde (0x00001f17) x30 0x80011bde
core   0: 0x80010be2 (0x423f2123) sw      gp, 1058(t5)
core   0: 3 0x80010be2 (0x423f2123) mem 0x80012000 0x00000001
core   0: 0x80010be6 (0x0000bfe5) c.j     pc - 8
core   0: 3 0x80010be6 (0xbfe5)
core   0: 0x80010bde (0x00001f17) auipc   t5, 0x1
core   0: 3 0x80010bde (0x00001f17) x30 0x80011bde
core   0: 0x80010be2 (0x423f2123) sw      gp, 1058(t5)
core   0: 3 0x80010be2 (0x423f2123) mem 0x80012000 0x00000001
core   0: 0x80010be6 (0x0000bfe5) c.j     pc - 8
core   0: 3 0x80010be6 (0xbfe5)
core   0: 0x80010bde (0x00001f17) auipc   t5, 0x1
core   0: 3 0x80010bde (0x00001f17) x30 0x80011bde
core   0: 0x80010be2 (0x423f2123) sw      gp, 1058(t5)
core   0: 3 0x80010be2 (0x423f2123) mem 0x80012000 0x00000001
core   0: 0x80010be6 (0x0000bfe5) c.j     pc - 8
core   0: 3 0x80010be6 (0xbfe5)
core   0: 0x80010bde (0x00001f17) auipc   t5, 0x1
core   0: 3 0x80010bde (0x00001f17) x30 0x80011bde
core   0: 0x80010be2 (0x423f2123) sw      gp, 1058(t5)
core   0: 3 0x80010be2 (0x423f2123) mem 0x80012000 0x00000001
core   0: 0x80010be6 (0x0000bfe5) c.j     pc - 8
core   0: 3 0x80010be6 (0xbfe5)
core   0: 0x80010bde (0x00001f17) auipc   t5, 0x1
core   0: 3 0x80010bde (0x00001f17) x30 0x80011bde
core   0: 0x80010be2 (0x423f2123) sw      gp, 1058(t5)
core   0: 3 0x80010be2 (0x423f2123) mem 0x80012000 0x00000001
core   0: 0x80010be6 (0x0000bfe5) c.j     pc - 8
core   0: 3 0x80010be6 (0xbfe5)
core   0: 0x80010bde (0x00001f17) auipc   t5, 0x1
core   0: 3 0x80010bde (0x00001f17) x30 0x80011bde
core   0: 0x80010be2 (0x423f2123) sw      gp, 1058(t5)
core   0: 3 0x80010be2 (0x423f2123) mem 0x80012000 0x00000001
core   0: 0x80010be6 (0x0000bfe5) c.j     pc - 8
core   0: 3 0x80010be6 (0xbfe5)
core   0: 0x80010bde (0x00001f17) auipc   t5, 0x1
core   0: 3 0x80010bde (0x00001f17) x30 0x80011bde
core   0: 0x80010be2 (0x423f2123) sw      gp, 1058(t5)
core   0: 3 0x80010be2 (0x423f2123) mem 0x80012000 0x00000001
core   0: 0x80010be6 (0x0000bfe5) c.j     pc - 8
core   0: 3 0x80010be6 (0xbfe5)
core   0: 0x80010bde (0x00001f17) auipc   t5, 0x1
core   0: 3 0x80010bde (0x00001f17) x30 0x80011bde
core   0: 0x80010be2 (0x423f2123) sw      gp, 1058(t5)
core   0: 3 0x80010be2 (0x423f2123) mem 0x80012000 0x00000001
core   0: 0x80010be6 (0x0000bfe5) c.j     pc - 8
core   0: 3 0x80010be6 (0xbfe5)
core   0: 0x80010bde (0x00001f17) auipc   t5, 0x1
core   0: 3 0x80010bde (0x00001f17) x30 0x80011bde
core   0: 0x80010be2 (0x423f2123) sw      gp, 1058(t5)
core   0: 3 0x80010be2 (0x423f2123) mem 0x80012000 0x00000001
core   0: 0x80010be6 (0x0000bfe5) c.j     pc - 8
core   0: 3 0x80010be6 (0xbfe5)
core   0: 0x80010bde (0x00001f17) auipc   t5, 0x1
core   0: 3 0x80010bde (0x00001f17) x30 0x80011bde
core   0: 0x80010be2 (0x423f2123) sw      gp, 1058(t5)
core   0: 3 0x80010be2 (0x423f2123) mem 0x80012000 0x00000001
core   0: 0x80010be6 (0x0000bfe5) c.j     pc - 8
core   0: 3 0x80010be6 (0xbfe5)
core   0: 0x80010bde (0x00001f17) auipc   t5, 0x1
core   0: 3 0x80010bde (0x00001f17) x30 0x80011bde
core   0: 0x80010be2 (0x423f2123) sw      gp, 1058(t5)
core   0: 3 0x80010be2 (0x423f2123) mem 0x80012000 0x00000001
core   0: 0x80010be6 (0x0000bfe5) c.j     pc - 8
core   0: 3 0x80010be6 (0xbfe5)
core   0: 0x80010bde (0x00001f17) auipc   t5, 0x1
core   0: 3 0x80010bde (0x00001f17) x30 0x80011bde
core   0: 0x80010be2 (0x423f2123) sw      gp, 1058(t5)
core   0: 3 0x80010be2 (0x423f2123) mem 0x80012000 0x00000001
core   0: 0x80010be6 (0x0000bfe5) c.j     pc - 8
core   0: 3 0x80010be6 (0xbfe5)
core   0: 0x80010bde (0x00001f17) auipc   t5, 0x1
core   0: 3 0x80010bde (0x00001f17) x30 0x80011bde
core   0: 0x80010be2 (0x423f2123) sw      gp, 1058(t5)
core   0: 3 0x80010be2 (0x423f2123) mem 0x80012000 0x00000001
core   0: 0x80010be6 (0x0000bfe5) c.j     pc - 8
core   0: 3 0x80010be6 (0xbfe5)
core   0: 0x80010bde (0x00001f17) auipc   t5, 0x1
core   0: 3 0x80010bde (0x00001f17) x30 0x80011bde
core   0: 0x80010be2 (0x423f2123) sw      gp, 1058(t5)
core   0: 3 0x80010be2 (0x423f2123) mem 0x80012000 0x00000001
core   0: 0x80010be6 (0x0000bfe5) c.j     pc - 8
core   0: 3 0x80010be6 (0xbfe5)
core   0: 0x80010bde (0x00001f17) auipc   t5, 0x1
core   0: 3 0x80010bde (0x00001f17) x30 0x80011bde
core   0: 0x80010be2 (0x423f2123) sw      gp, 1058(t5)
core   0: 3 0x80010be2 (0x423f2123) mem 0x80012000 0x00000001
core   0: 0x80010be6 (0x0000bfe5) c.j     pc - 8
core   0: 3 0x80010be6 (0xbfe5)
core   0: 0x80010bde (0x00001f17) auipc   t5, 0x1
core   0: 3 0x80010bde (0x00001f17) x30 0x80011bde
core   0: 0x80010be2 (0x423f2123) sw      gp, 1058(t5)
core   0: 3 0x80010be2 (0x423f2123) mem 0x80012000 0x00000001
core   0: 0x80010be6 (0x0000bfe5) c.j     pc - 8
core   0: 3 0x80010be6 (0xbfe5)
core   0: 0x80010bde (0x00001f17) auipc   t5, 0x1
core   0: 3 0x80010bde (0x00001f17) x30 0x80011bde
core   0: 0x80010be2 (0x423f2123) sw      gp, 1058(t5)
core   0: 3 0x80010be2 (0x423f2123) mem 0x80012000 0x00000001
core   0: 0x80010be6 (0x0000bfe5) c.j     pc - 8
core   0: 3 0x80010be6 (0xbfe5)
core   0: 0x80010bde (0x00001f17) auipc   t5, 0x1
core   0: 3 0x80010bde (0x00001f17) x30 0x80011bde
core   0: 0x80010be2 (0x423f2123) sw      gp, 1058(t5)
core   0: 3 0x80010be2 (0x423f2123) mem 0x80012000 0x00000001
core   0: 0x80010be6 (0x0000bfe5) c.j     pc - 8
core   0: 3 0x80010be6 (0xbfe5)
core   0: 0x80010bde (0x00001f17) auipc   t5, 0x1
core   0: 3 0x80010bde (0x00001f17) x30 0x80011bde
core   0: 0x80010be2 (0x423f2123) sw      gp, 1058(t5)
core   0: 3 0x80010be2 (0x423f2123) mem 0x80012000 0x00000001
core   0: 0x80010be6 (0x0000bfe5) c.j     pc - 8
core   0: 3 0x80010be6 (0xbfe5)
core   0: 0x80010bde (0x00001f17) auipc   t5, 0x1
core   0: 3 0x80010bde (0x00001f17) x30 0x80011bde
core   0: 0x80010be2 (0x423f2123) sw      gp, 1058(t5)
core   0: 3 0x80010be2 (0x423f2123) mem 0x80012000 0x00000001
core   0: 0x80010be6 (0x0000bfe5) c.j     pc - 8
core   0: 3 0x80010be6 (0xbfe5)
core   0: 0x80010bde (0x00001f17) auipc   t5, 0x1
core   0: 3 0x80010bde (0x00001f17) x30 0x80011bde
core   0: 0x80010be2 (0x423f2123) sw      gp, 1058(t5)
core   0: 3 0x80010be2 (0x423f2123) mem 0x80012000 0x00000001
core   0: 0x80010be6 (0x0000bfe5) c.j     pc - 8
core   0: 3 0x80010be6 (0xbfe5)
core   0: 0x80010bde (0x00001f17) auipc   t5, 0x1
core   0: 3 0x80010bde (0x00001f17) x30 0x80011bde
core   0: 0x80010be2 (0x423f2123) sw      gp, 1058(t5)
core   0: 3 0x80010be2 (0x423f2123) mem 0x80012000 0x00000001
core   0: 0x80010be6 (0x0000bfe5) c.j     pc - 8
core   0: 3 0x80010be6 (0xbfe5)
core   0: 0x80010bde (0x00001f17) auipc   t5, 0x1
core   0: 3 0x80010bde (0x00001f17) x30 0x80011bde
core   0: 0x80010be2 (0x423f2123) sw      gp, 1058(t5)
core   0: 3 0x80010be2 (0x423f2123) mem 0x80012000 0x00000001
core   0: 0x80010be6 (0x0000bfe5) c.j     pc - 8
core   0: 3 0x80010be6 (0xbfe5)
core   0: 0x80010bde (0x00001f17) auipc   t5, 0x1
core   0: 3 0x80010bde (0x00001f17) x30 0x80011bde
core   0: 0x80010be2 (0x423f2123) sw      gp, 1058(t5)
core   0: 3 0x80010be2 (0x423f2123) mem 0x80012000 0x00000001
core   0: 0x80010be6 (0x0000bfe5) c.j     pc - 8
core   0: 3 0x80010be6 (0xbfe5)
core   0: 0x80010bde (0x00001f17) auipc   t5, 0x1
core   0: 3 0x80010bde (0x00001f17) x30 0x80011bde
core   0: 0x80010be2 (0x423f2123) sw      gp, 1058(t5)
core   0: 3 0x80010be2 (0x423f2123) mem 0x80012000 0x00000001
core   0: 0x80010be6 (0x0000bfe5) c.j     pc - 8
core   0: 3 0x80010be6 (0xbfe5)
core   0: 0x80010bde (0x00001f17) auipc   t5, 0x1
core   0: 3 0x80010bde (0x00001f17) x30 0x80011bde
core   0: 0x80010be2 (0x423f2123) sw      gp, 1058(t5)
core   0: 3 0x80010be2 (0x423f2123) mem 0x80012000 0x00000001
core   0: 0x80010be6 (0x0000bfe5) c.j     pc - 8
core   0: 3 0x80010be6 (0xbfe5)
core   0: 0x80010bde (0x00001f17) auipc   t5, 0x1
core   0: 3 0x80010bde (0x00001f17) x30 0x80011bde
core   0: 0x80010be2 (0x423f2123) sw      gp, 1058(t5)
core   0: 3 0x80010be2 (0x423f2123) mem 0x80012000 0x00000001
core   0: 0x80010be6 (0x0000bfe5) c.j     pc - 8
core   0: 3 0x80010be6 (0xbfe5)
core   0: 0x80010bde (0x00001f17) auipc   t5, 0x1
core   0: 3 0x80010bde (0x00001f17) x30 0x80011bde
core   0: 0x80010be2 (0x423f2123) sw      gp, 1058(t5)
core   0: 3 0x80010be2 (0x423f2123) mem 0x80012000 0x00000001
core   0: 0x80010be6 (0x0000bfe5) c.j     pc - 8
core   0: 3 0x80010be6 (0xbfe5)
core   0: 0x80010bde (0x00001f17) auipc   t5, 0x1
core   0: 3 0x80010bde (0x00001f17) x30 0x80011bde
core   0: 0x80010be2 (0x423f2123) sw      gp, 1058(t5)
core   0: 3 0x80010be2 (0x423f2123) mem 0x80012000 0x00000001
core   0: 0x80010be6 (0x0000bfe5) c.j     pc - 8
core   0: 3 0x80010be6 (0xbfe5)
core   0: 0x80010bde (0x00001f17) auipc   t5, 0x1
core   0: 3 0x80010bde (0x00001f17) x30 0x80011bde
core   0: 0x80010be2 (0x423f2123) sw      gp, 1058(t5)
core   0: 3 0x80010be2 (0x423f2123) mem 0x80012000 0x00000001
core   0: 0x80010be6 (0x0000bfe5) c.j     pc - 8
core   0: 3 0x80010be6 (0xbfe5)
core   0: 0x80010bde (0x00001f17) auipc   t5, 0x1
core   0: 3 0x80010bde (0x00001f17) x30 0x80011bde
core   0: 0x80010be2 (0x423f2123) sw      gp, 1058(t5)
core   0: 3 0x80010be2 (0x423f2123) mem 0x80012000 0x00000001
core   0: 0x80010be6 (0x0000bfe5) c.j     pc - 8
core   0: 3 0x80010be6 (0xbfe5)
core   0: 0x80010bde (0x00001f17) auipc   t5, 0x1
core   0: 3 0x80010bde (0x00001f17) x30 0x80011bde
core   0: 0x80010be2 (0x423f2123) sw      gp, 1058(t5)
core   0: 3 0x80010be2 (0x423f2123) mem 0x80012000 0x00000001
core   0: 0x80010be6 (0x0000bfe5) c.j     pc - 8
core   0: 3 0x80010be6 (0xbfe5)
core   0: 0x80010bde (0x00001f17) auipc   t5, 0x1
core   0: 3 0x80010bde (0x00001f17) x30 0x80011bde
core   0: 0x80010be2 (0x423f2123) sw      gp, 1058(t5)
core   0: 3 0x80010be2 (0x423f2123) mem 0x80012000 0x00000001
core   0: 0x80010be6 (0x0000bfe5) c.j     pc - 8
core   0: 3 0x80010be6 (0xbfe5)
core   0: 0x80010bde (0x00001f17) auipc   t5, 0x1
core   0: 3 0x80010bde (0x00001f17) x30 0x80011bde
core   0: 0x80010be2 (0x423f2123) sw      gp, 1058(t5)
core   0: 3 0x80010be2 (0x423f2123) mem 0x80012000 0x00000001
core   0: 0x80010be6 (0x0000bfe5) c.j     pc - 8
core   0: 3 0x80010be6 (0xbfe5)
core   0: 0x80010bde (0x00001f17) auipc   t5, 0x1
core   0: 3 0x80010bde (0x00001f17) x30 0x80011bde
core   0: 0x80010be2 (0x423f2123) sw      gp, 1058(t5)
core   0: 3 0x80010be2 (0x423f2123) mem 0x80012000 0x00000001
core   0: 0x80010be6 (0x0000bfe5) c.j     pc - 8
core   0: 3 0x80010be6 (0xbfe5)
core   0: 0x80010bde (0x00001f17) auipc   t5, 0x1
core   0: 3 0x80010bde (0x00001f17) x30 0x80011bde
core   0: 0x80010be2 (0x423f2123) sw      gp, 1058(t5)
core   0: 3 0x80010be2 (0x423f2123) mem 0x80012000 0x00000001
core   0: 0x80010be6 (0x0000bfe5) c.j     pc - 8
core   0: 3 0x80010be6 (0xbfe5)
core   0: 0x80010bde (0x00001f17) auipc   t5, 0x1
core   0: 3 0x80010bde (0x00001f17) x30 0x80011bde
core   0: 0x80010be2 (0x423f2123) sw      gp, 1058(t5)
core   0: 3 0x80010be2 (0x423f2123) mem 0x80012000 0x00000001
core   0: 0x80010be6 (0x0000bfe5) c.j     pc - 8
core   0: 3 0x80010be6 (0xbfe5)
core   0: 0x80010bde (0x00001f17) auipc   t5, 0x1
core   0: 3 0x80010bde (0x00001f17) x30 0x80011bde
core   0: 0x80010be2 (0x423f2123) sw      gp, 1058(t5)
core   0: 3 0x80010be2 (0x423f2123) mem 0x80012000 0x00000001
core   0: 0x80010be6 (0x0000bfe5) c.j     pc - 8
core   0: 3 0x80010be6 (0xbfe5)
core   0: 0x80010bde (0x00001f17) auipc   t5, 0x1
core   0: 3 0x80010bde (0x00001f17) x30 0x80011bde
core   0: 0x80010be2 (0x423f2123) sw      gp, 1058(t5)
core   0: 3 0x80010be2 (0x423f2123) mem 0x80012000 0x00000001
core   0: 0x80010be6 (0x0000bfe5) c.j     pc - 8
core   0: 3 0x80010be6 (0xbfe5)
core   0: 0x80010bde (0x00001f17) auipc   t5, 0x1
core   0: 3 0x80010bde (0x00001f17) x30 0x80011bde
core   0: 0x80010be2 (0x423f2123) sw      gp, 1058(t5)
core   0: 3 0x80010be2 (0x423f2123) mem 0x80012000 0x00000001
core   0: 0x80010be6 (0x0000bfe5) c.j     pc - 8
core   0: 3 0x80010be6 (0xbfe5)
core   0: 0x80010bde (0x00001f17) auipc   t5, 0x1
core   0: 3 0x80010bde (0x00001f17) x30 0x80011bde
core   0: 0x80010be2 (0x423f2123) sw      gp, 1058(t5)
core   0: 3 0x80010be2 (0x423f2123) mem 0x80012000 0x00000001
core   0: 0x80010be6 (0x0000bfe5) c.j     pc - 8
core   0: 3 0x80010be6 (0xbfe5)
core   0: 0x80010bde (0x00001f17) auipc   t5, 0x1
core   0: 3 0x80010bde (0x00001f17) x30 0x80011bde
core   0: 0x80010be2 (0x423f2123) sw      gp, 1058(t5)
core   0: 3 0x80010be2 (0x423f2123) mem 0x80012000 0x00000001
core   0: 0x80010be6 (0x0000bfe5) c.j     pc - 8
core   0: 3 0x80010be6 (0xbfe5)
core   0: 0x80010bde (0x00001f17) auipc   t5, 0x1
core   0: 3 0x80010bde (0x00001f17) x30 0x80011bde
core   0: 0x80010be2 (0x423f2123) sw      gp, 1058(t5)
core   0: 3 0x80010be2 (0x423f2123) mem 0x80012000 0x00000001
core   0: 0x80010be6 (0x0000bfe5) c.j     pc - 8
core   0: 3 0x80010be6 (0xbfe5)
core   0: 0x80010bde (0x00001f17) auipc   t5, 0x1
core   0: 3 0x80010bde (0x00001f17) x30 0x80011bde
core   0: 0x80010be2 (0x423f2123) sw      gp, 1058(t5)
core   0: 3 0x80010be2 (0x423f2123) mem 0x80012000 0x00000001
core   0: 0x80010be6 (0x0000bfe5) c.j     pc - 8
core   0: 3 0x80010be6 (0xbfe5)
core   0: 0x80010bde (0x00001f17) auipc   t5, 0x1
core   0: 3 0x80010bde (0x00001f17) x30 0x80011bde
core   0: 0x80010be2 (0x423f2123) sw      gp, 1058(t5)
core   0: 3 0x80010be2 (0x423f2123) mem 0x80012000 0x00000001
core   0: 0x80010be6 (0x0000bfe5) c.j     pc - 8
core   0: 3 0x80010be6 (0xbfe5)
core   0: 0x80010bde (0x00001f17) auipc   t5, 0x1
core   0: 3 0x80010bde (0x00001f17) x30 0x80011bde
core   0: 0x80010be2 (0x423f2123) sw      gp, 1058(t5)
core   0: 3 0x80010be2 (0x423f2123) mem 0x80012000 0x00000001
core   0: 0x80010be6 (0x0000bfe5) c.j     pc - 8
core   0: 3 0x80010be6 (0xbfe5)
core   0: 0x80010bde (0x00001f17) auipc   t5, 0x1
core   0: 3 0x80010bde (0x00001f17) x30 0x80011bde
core   0: 0x80010be2 (0x423f2123) sw      gp, 1058(t5)
core   0: 3 0x80010be2 (0x423f2123) mem 0x80012000 0x00000001
core   0: 0x80010be6 (0x0000bfe5) c.j     pc - 8
core   0: 3 0x80010be6 (0xbfe5)
core   0: 0x80010bde (0x00001f17) auipc   t5, 0x1
core   0: 3 0x80010bde (0x00001f17) x30 0x80011bde
core   0: 0x80010be2 (0x423f2123) sw      gp, 1058(t5)
core   0: 3 0x80010be2 (0x423f2123) mem 0x80012000 0x00000001
core   0: 0x80010be6 (0x0000bfe5) c.j     pc - 8
core   0: 3 0x80010be6 (0xbfe5)
core   0: 0x80010bde (0x00001f17) auipc   t5, 0x1
core   0: 3 0x80010bde (0x00001f17) x30 0x80011bde
core   0: 0x80010be2 (0x423f2123) sw      gp, 1058(t5)
core   0: 3 0x80010be2 (0x423f2123) mem 0x80012000 0x00000001
core   0: 0x80010be6 (0x0000bfe5) c.j     pc - 8
core   0: 3 0x80010be6 (0xbfe5)
core   0: 0x80010bde (0x00001f17) auipc   t5, 0x1
core   0: 3 0x80010bde (0x00001f17) x30 0x80011bde
core   0: 0x80010be2 (0x423f2123) sw      gp, 1058(t5)
core   0: 3 0x80010be2 (0x423f2123) mem 0x80012000 0x00000001
core   0: 0x80010be6 (0x0000bfe5) c.j     pc - 8
core   0: 3 0x80010be6 (0xbfe5)
core   0: 0x80010bde (0x00001f17) auipc   t5, 0x1
core   0: 3 0x80010bde (0x00001f17) x30 0x80011bde
core   0: 0x80010be2 (0x423f2123) sw      gp, 1058(t5)
core   0: 3 0x80010be2 (0x423f2123) mem 0x80012000 0x00000001
core   0: 0x80010be6 (0x0000bfe5) c.j     pc - 8
core   0: 3 0x80010be6 (0xbfe5)
core   0: 0x80010bde (0x00001f17) auipc   t5, 0x1
core   0: 3 0x80010bde (0x00001f17) x30 0x80011bde
core   0: 0x80010be2 (0x423f2123) sw      gp, 1058(t5)
core   0: 3 0x80010be2 (0x423f2123) mem 0x80012000 0x00000001
core   0: 0x80010be6 (0x0000bfe5) c.j     pc - 8
core   0: 3 0x80010be6 (0xbfe5)
core   0: 0x80010bde (0x00001f17) auipc   t5, 0x1
core   0: 3 0x80010bde (0x00001f17) x30 0x80011bde
core   0: 0x80010be2 (0x423f2123) sw      gp, 1058(t5)
core   0: 3 0x80010be2 (0x423f2123) mem 0x80012000 0x00000001
core   0: 0x80010be6 (0x0000bfe5) c.j     pc - 8
core   0: 3 0x80010be6 (0xbfe5)
core   0: 0x80010bde (0x00001f17) auipc   t5, 0x1
core   0: 3 0x80010bde (0x00001f17) x30 0x80011bde
core   0: 0x80010be2 (0x423f2123) sw      gp, 1058(t5)
core   0: 3 0x80010be2 (0x423f2123) mem 0x80012000 0x00000001
core   0: 0x80010be6 (0x0000bfe5) c.j     pc - 8
core   0: 3 0x80010be6 (0xbfe5)
core   0: 0x80010bde (0x00001f17) auipc   t5, 0x1
core   0: 3 0x80010bde (0x00001f17) x30 0x80011bde
core   0: 0x80010be2 (0x423f2123) sw      gp, 1058(t5)
core   0: 3 0x80010be2 (0x423f2123) mem 0x80012000 0x00000001
core   0: 0x80010be6 (0x0000bfe5) c.j     pc - 8
core   0: 3 0x80010be6 (0xbfe5)
core   0: 0x80010bde (0x00001f17) auipc   t5, 0x1
core   0: 3 0x80010bde (0x00001f17) x30 0x80011bde
core   0: 0x80010be2 (0x423f2123) sw      gp, 1058(t5)
core   0: 3 0x80010be2 (0x423f2123) mem 0x80012000 0x00000001
core   0: 0x80010be6 (0x0000bfe5) c.j     pc - 8
core   0: 3 0x80010be6 (0xbfe5)
core   0: 0x80010bde (0x00001f17) auipc   t5, 0x1
core   0: 3 0x80010bde (0x00001f17) x30 0x80011bde
core   0: 0x80010be2 (0x423f2123) sw      gp, 1058(t5)
core   0: 3 0x80010be2 (0x423f2123) mem 0x80012000 0x00000001
core   0: 0x80010be6 (0x0000bfe5) c.j     pc - 8
core   0: 3 0x80010be6 (0xbfe5)
core   0: 0x80010bde (0x00001f17) auipc   t5, 0x1
core   0: 3 0x80010bde (0x00001f17) x30 0x80011bde
core   0: 0x80010be2 (0x423f2123) sw      gp, 1058(t5)
core   0: 3 0x80010be2 (0x423f2123) mem 0x80012000 0x00000001
core   0: 0x80010be6 (0x0000bfe5) c.j     pc - 8
core   0: 3 0x80010be6 (0xbfe5)
core   0: 0x80010bde (0x00001f17) auipc   t5, 0x1
core   0: 3 0x80010bde (0x00001f17) x30 0x80011bde
core   0: 0x80010be2 (0x423f2123) sw      gp, 1058(t5)
core   0: 3 0x80010be2 (0x423f2123) mem 0x80012000 0x00000001
core   0: 0x80010be6 (0x0000bfe5) c.j     pc - 8
core   0: 3 0x80010be6 (0xbfe5)
core   0: 0x80010bde (0x00001f17) auipc   t5, 0x1
core   0: 3 0x80010bde (0x00001f17) x30 0x80011bde
core   0: 0x80010be2 (0x423f2123) sw      gp, 1058(t5)
core   0: 3 0x80010be2 (0x423f2123) mem 0x80012000 0x00000001
core   0: 0x80010be6 (0x0000bfe5) c.j     pc - 8
core   0: 3 0x80010be6 (0xbfe5)
core   0: 0x80010bde (0x00001f17) auipc   t5, 0x1
core   0: 3 0x80010bde (0x00001f17) x30 0x80011bde
core   0: 0x80010be2 (0x423f2123) sw      gp, 1058(t5)
core   0: 3 0x80010be2 (0x423f2123) mem 0x80012000 0x00000001
core   0: 0x80010be6 (0x0000bfe5) c.j     pc - 8
core   0: 3 0x80010be6 (0xbfe5)
core   0: 0x80010bde (0x00001f17) auipc   t5, 0x1
core   0: 3 0x80010bde (0x00001f17) x30 0x80011bde
core   0: 0x80010be2 (0x423f2123) sw      gp, 1058(t5)
core   0: 3 0x80010be2 (0x423f2123) mem 0x80012000 0x00000001
core   0: 0x80010be6 (0x0000bfe5) c.j     pc - 8
core   0: 3 0x80010be6 (0xbfe5)
core   0: 0x80010bde (0x00001f17) auipc   t5, 0x1
core   0: 3 0x80010bde (0x00001f17) x30 0x80011bde
core   0: 0x80010be2 (0x423f2123) sw      gp, 1058(t5)
core   0: 3 0x80010be2 (0x423f2123) mem 0x80012000 0x00000001
core   0: 0x80010be6 (0x0000bfe5) c.j     pc - 8
core   0: 3 0x80010be6 (0xbfe5)
core   0: 0x80010bde (0x00001f17) auipc   t5, 0x1
core   0: 3 0x80010bde (0x00001f17) x30 0x80011bde
core   0: 0x80010be2 (0x423f2123) sw      gp, 1058(t5)
core   0: 3 0x80010be2 (0x423f2123) mem 0x80012000 0x00000001
core   0: 0x80010be6 (0x0000bfe5) c.j     pc - 8
core   0: 3 0x80010be6 (0xbfe5)
core   0: 0x80010bde (0x00001f17) auipc   t5, 0x1
core   0: 3 0x80010bde (0x00001f17) x30 0x80011bde
core   0: 0x80010be2 (0x423f2123) sw      gp, 1058(t5)
core   0: 3 0x80010be2 (0x423f2123) mem 0x80012000 0x00000001
core   0: 0x80010be6 (0x0000bfe5) c.j     pc - 8
core   0: 3 0x80010be6 (0xbfe5)
core   0: 0x80010bde (0x00001f17) auipc   t5, 0x1
core   0: 3 0x80010bde (0x00001f17) x30 0x80011bde
core   0: 0x80010be2 (0x423f2123) sw      gp, 1058(t5)
core   0: 3 0x80010be2 (0x423f2123) mem 0x80012000 0x00000001
core   0: 0x80010be6 (0x0000bfe5) c.j     pc - 8
core   0: 3 0x80010be6 (0xbfe5)
core   0: 0x80010bde (0x00001f17) auipc   t5, 0x1
core   0: 3 0x80010bde (0x00001f17) x30 0x80011bde
core   0: 0x80010be2 (0x423f2123) sw      gp, 1058(t5)
core   0: 3 0x80010be2 (0x423f2123) mem 0x80012000 0x00000001
core   0: 0x80010be6 (0x0000bfe5) c.j     pc - 8
core   0: 3 0x80010be6 (0xbfe5)
core   0: 0x80010bde (0x00001f17) auipc   t5, 0x1
core   0: 3 0x80010bde (0x00001f17) x30 0x80011bde
core   0: 0x80010be2 (0x423f2123) sw      gp, 1058(t5)
core   0: 3 0x80010be2 (0x423f2123) mem 0x80012000 0x00000001
core   0: 0x80010be6 (0x0000bfe5) c.j     pc - 8
core   0: 3 0x80010be6 (0xbfe5)
core   0: 0x80010bde (0x00001f17) auipc   t5, 0x1
core   0: 3 0x80010bde (0x00001f17) x30 0x80011bde
core   0: 0x80010be2 (0x423f2123) sw      gp, 1058(t5)
core   0: 3 0x80010be2 (0x423f2123) mem 0x80012000 0x00000001
core   0: 0x80010be6 (0x0000bfe5) c.j     pc - 8
core   0: 3 0x80010be6 (0xbfe5)
core   0: 0x80010bde (0x00001f17) auipc   t5, 0x1
core   0: 3 0x80010bde (0x00001f17) x30 0x80011bde
core   0: 0x80010be2 (0x423f2123) sw      gp, 1058(t5)
core   0: 3 0x80010be2 (0x423f2123) mem 0x80012000 0x00000001
core   0: 0x80010be6 (0x0000bfe5) c.j     pc - 8
core   0: 3 0x80010be6 (0xbfe5)
core   0: 0x80010bde (0x00001f17) auipc   t5, 0x1
core   0: 3 0x80010bde (0x00001f17) x30 0x80011bde
core   0: 0x80010be2 (0x423f2123) sw      gp, 1058(t5)
core   0: 3 0x80010be2 (0x423f2123) mem 0x80012000 0x00000001
core   0: 0x80010be6 (0x0000bfe5) c.j     pc - 8
core   0: 3 0x80010be6 (0xbfe5)
core   0: 0x80010bde (0x00001f17) auipc   t5, 0x1
core   0: 3 0x80010bde (0x00001f17) x30 0x80011bde
core   0: 0x80010be2 (0x423f2123) sw      gp, 1058(t5)
core   0: 3 0x80010be2 (0x423f2123) mem 0x80012000 0x00000001
core   0: 0x80010be6 (0x0000bfe5) c.j     pc - 8
core   0: 3 0x80010be6 (0xbfe5)
core   0: 0x80010bde (0x00001f17) auipc   t5, 0x1
core   0: 3 0x80010bde (0x00001f17) x30 0x80011bde
core   0: 0x80010be2 (0x423f2123) sw      gp, 1058(t5)
core   0: 3 0x80010be2 (0x423f2123) mem 0x80012000 0x00000001
core   0: 0x80010be6 (0x0000bfe5) c.j     pc - 8
core   0: 3 0x80010be6 (0xbfe5)
core   0: 0x80010bde (0x00001f17) auipc   t5, 0x1
core   0: 3 0x80010bde (0x00001f17) x30 0x80011bde
core   0: 0x80010be2 (0x423f2123) sw      gp, 1058(t5)
core   0: 3 0x80010be2 (0x423f2123) mem 0x80012000 0x00000001
core   0: 0x80010be6 (0x0000bfe5) c.j     pc - 8
core   0: 3 0x80010be6 (0xbfe5)
core   0: 0x80010bde (0x00001f17) auipc   t5, 0x1
core   0: 3 0x80010bde (0x00001f17) x30 0x80011bde
core   0: 0x80010be2 (0x423f2123) sw      gp, 1058(t5)
core   0: 3 0x80010be2 (0x423f2123) mem 0x80012000 0x00000001
core   0: 0x80010be6 (0x0000bfe5) c.j     pc - 8
core   0: 3 0x80010be6 (0xbfe5)
core   0: 0x80010bde (0x00001f17) auipc   t5, 0x1
core   0: 3 0x80010bde (0x00001f17) x30 0x80011bde
core   0: 0x80010be2 (0x423f2123) sw      gp, 1058(t5)
core   0: 3 0x80010be2 (0x423f2123) mem 0x80012000 0x00000001
core   0: 0x80010be6 (0x0000bfe5) c.j     pc - 8
core   0: 3 0x80010be6 (0xbfe5)
core   0: 0x80010bde (0x00001f17) auipc   t5, 0x1
core   0: 3 0x80010bde (0x00001f17) x30 0x80011bde
core   0: 0x80010be2 (0x423f2123) sw      gp, 1058(t5)
core   0: 3 0x80010be2 (0x423f2123) mem 0x80012000 0x00000001
core   0: 0x80010be6 (0x0000bfe5) c.j     pc - 8
core   0: 3 0x80010be6 (0xbfe5)
core   0: 0x80010bde (0x00001f17) auipc   t5, 0x1
core   0: 3 0x80010bde (0x00001f17) x30 0x80011bde
core   0: 0x80010be2 (0x423f2123) sw      gp, 1058(t5)
core   0: 3 0x80010be2 (0x423f2123) mem 0x80012000 0x00000001
core   0: 0x80010be6 (0x0000bfe5) c.j     pc - 8
core   0: 3 0x80010be6 (0xbfe5)
core   0: 0x80010bde (0x00001f17) auipc   t5, 0x1
core   0: 3 0x80010bde (0x00001f17) x30 0x80011bde
core   0: 0x80010be2 (0x423f2123) sw      gp, 1058(t5)
core   0: 3 0x80010be2 (0x423f2123) mem 0x80012000 0x00000001
core   0: 0x80010be6 (0x0000bfe5) c.j     pc - 8
core   0: 3 0x80010be6 (0xbfe5)
core   0: 0x80010bde (0x00001f17) auipc   t5, 0x1
core   0: 3 0x80010bde (0x00001f17) x30 0x80011bde
core   0: 0x80010be2 (0x423f2123) sw      gp, 1058(t5)
core   0: 3 0x80010be2 (0x423f2123) mem 0x80012000 0x00000001
core   0: 0x80010be6 (0x0000bfe5) c.j     pc - 8
core   0: 3 0x80010be6 (0xbfe5)
core   0: 0x80010bde (0x00001f17) auipc   t5, 0x1
core   0: 3 0x80010bde (0x00001f17) x30 0x80011bde
core   0: 0x80010be2 (0x423f2123) sw      gp, 1058(t5)
core   0: 3 0x80010be2 (0x423f2123) mem 0x80012000 0x00000001
core   0: 0x80010be6 (0x0000bfe5) c.j     pc - 8
core   0: 3 0x80010be6 (0xbfe5)
core   0: 0x80010bde (0x00001f17) auipc   t5, 0x1
core   0: 3 0x80010bde (0x00001f17) x30 0x80011bde
core   0: 0x80010be2 (0x423f2123) sw      gp, 1058(t5)
core   0: 3 0x80010be2 (0x423f2123) mem 0x80012000 0x00000001
core   0: 0x80010be6 (0x0000bfe5) c.j     pc - 8
core   0: 3 0x80010be6 (0xbfe5)
core   0: 0x80010bde (0x00001f17) auipc   t5, 0x1
core   0: 3 0x80010bde (0x00001f17) x30 0x80011bde
core   0: 0x80010be2 (0x423f2123) sw      gp, 1058(t5)
core   0: 3 0x80010be2 (0x423f2123) mem 0x80012000 0x00000001
core   0: 0x80010be6 (0x0000bfe5) c.j     pc - 8
core   0: 3 0x80010be6 (0xbfe5)
core   0: 0x80010bde (0x00001f17) auipc   t5, 0x1
core   0: 3 0x80010bde (0x00001f17) x30 0x80011bde
core   0: 0x80010be2 (0x423f2123) sw      gp, 1058(t5)
core   0: 3 0x80010be2 (0x423f2123) mem 0x80012000 0x00000001
core   0: 0x80010be6 (0x0000bfe5) c.j     pc - 8
core   0: 3 0x80010be6 (0xbfe5)
core   0: 0x80010bde (0x00001f17) auipc   t5, 0x1
core   0: 3 0x80010bde (0x00001f17) x30 0x80011bde
core   0: 0x80010be2 (0x423f2123) sw      gp, 1058(t5)
core   0: 3 0x80010be2 (0x423f2123) mem 0x80012000 0x00000001
core   0: 0x80010be6 (0x0000bfe5) c.j     pc - 8
core   0: 3 0x80010be6 (0xbfe5)
core   0: 0x80010bde (0x00001f17) auipc   t5, 0x1
core   0: 3 0x80010bde (0x00001f17) x30 0x80011bde
core   0: 0x80010be2 (0x423f2123) sw      gp, 1058(t5)
core   0: 3 0x80010be2 (0x423f2123) mem 0x80012000 0x00000001
core   0: 0x80010be6 (0x0000bfe5) c.j     pc - 8
core   0: 3 0x80010be6 (0xbfe5)
core   0: 0x80010bde (0x00001f17) auipc   t5, 0x1
core   0: 3 0x80010bde (0x00001f17) x30 0x80011bde
core   0: 0x80010be2 (0x423f2123) sw      gp, 1058(t5)
core   0: 3 0x80010be2 (0x423f2123) mem 0x80012000 0x00000001
core   0: 0x80010be6 (0x0000bfe5) c.j     pc - 8
core   0: 3 0x80010be6 (0xbfe5)
core   0: 0x80010bde (0x00001f17) auipc   t5, 0x1
core   0: 3 0x80010bde (0x00001f17) x30 0x80011bde
core   0: 0x80010be2 (0x423f2123) sw      gp, 1058(t5)
core   0: 3 0x80010be2 (0x423f2123) mem 0x80012000 0x00000001
core   0: 0x80010be6 (0x0000bfe5) c.j     pc - 8
core   0: 3 0x80010be6 (0xbfe5)
core   0: 0x80010bde (0x00001f17) auipc   t5, 0x1
core   0: 3 0x80010bde (0x00001f17) x30 0x80011bde
core   0: 0x80010be2 (0x423f2123) sw      gp, 1058(t5)
core   0: 3 0x80010be2 (0x423f2123) mem 0x80012000 0x00000001
core   0: 0x80010be6 (0x0000bfe5) c.j     pc - 8
core   0: 3 0x80010be6 (0xbfe5)
core   0: 0x80010bde (0x00001f17) auipc   t5, 0x1
core   0: 3 0x80010bde (0x00001f17) x30 0x80011bde
core   0: 0x80010be2 (0x423f2123) sw      gp, 1058(t5)
core   0: 3 0x80010be2 (0x423f2123) mem 0x80012000 0x00000001
core   0: 0x80010be6 (0x0000bfe5) c.j     pc - 8
core   0: 3 0x80010be6 (0xbfe5)
core   0: 0x80010bde (0x00001f17) auipc   t5, 0x1
core   0: 3 0x80010bde (0x00001f17) x30 0x80011bde
core   0: 0x80010be2 (0x423f2123) sw      gp, 1058(t5)
core   0: 3 0x80010be2 (0x423f2123) mem 0x80012000 0x00000001
core   0: 0x80010be6 (0x0000bfe5) c.j     pc - 8
core   0: 3 0x80010be6 (0xbfe5)
core   0: 0x80010bde (0x00001f17) auipc   t5, 0x1
core   0: 3 0x80010bde (0x00001f17) x30 0x80011bde
core   0: 0x80010be2 (0x423f2123) sw      gp, 1058(t5)
core   0: 3 0x80010be2 (0x423f2123) mem 0x80012000 0x00000001
core   0: 0x80010be6 (0x0000bfe5) c.j     pc - 8
core   0: 3 0x80010be6 (0xbfe5)
core   0: 0x80010bde (0x00001f17) auipc   t5, 0x1
core   0: 3 0x80010bde (0x00001f17) x30 0x80011bde
core   0: 0x80010be2 (0x423f2123) sw      gp, 1058(t5)
core   0: 3 0x80010be2 (0x423f2123) mem 0x80012000 0x00000001
core   0: 0x80010be6 (0x0000bfe5) c.j     pc - 8
core   0: 3 0x80010be6 (0xbfe5)
core   0: 0x80010bde (0x00001f17) auipc   t5, 0x1
core   0: 3 0x80010bde (0x00001f17) x30 0x80011bde
core   0: 0x80010be2 (0x423f2123) sw      gp, 1058(t5)
core   0: 3 0x80010be2 (0x423f2123) mem 0x80012000 0x00000001
core   0: 0x80010be6 (0x0000bfe5) c.j     pc - 8
core   0: 3 0x80010be6 (0xbfe5)
core   0: 0x80010bde (0x00001f17) auipc   t5, 0x1
core   0: 3 0x80010bde (0x00001f17) x30 0x80011bde
core   0: 0x80010be2 (0x423f2123) sw      gp, 1058(t5)
core   0: 3 0x80010be2 (0x423f2123) mem 0x80012000 0x00000001
core   0: 0x80010be6 (0x0000bfe5) c.j     pc - 8
core   0: 3 0x80010be6 (0xbfe5)
core   0: 0x80010bde (0x00001f17) auipc   t5, 0x1
core   0: 3 0x80010bde (0x00001f17) x30 0x80011bde
core   0: 0x80010be2 (0x423f2123) sw      gp, 1058(t5)
core   0: 3 0x80010be2 (0x423f2123) mem 0x80012000 0x00000001
core   0: 0x80010be6 (0x0000bfe5) c.j     pc - 8
core   0: 3 0x80010be6 (0xbfe5)
core   0: 0x80010bde (0x00001f17) auipc   t5, 0x1
core   0: 3 0x80010bde (0x00001f17) x30 0x80011bde
core   0: 0x80010be2 (0x423f2123) sw      gp, 1058(t5)
core   0: 3 0x80010be2 (0x423f2123) mem 0x80012000 0x00000001
core   0: 0x80010be6 (0x0000bfe5) c.j     pc - 8
core   0: 3 0x80010be6 (0xbfe5)
core   0: 0x80010bde (0x00001f17) auipc   t5, 0x1
core   0: 3 0x80010bde (0x00001f17) x30 0x80011bde
core   0: 0x80010be2 (0x423f2123) sw      gp, 1058(t5)
core   0: 3 0x80010be2 (0x423f2123) mem 0x80012000 0x00000001
core   0: 0x80010be6 (0x0000bfe5) c.j     pc - 8
core   0: 3 0x80010be6 (0xbfe5)
core   0: 0x80010bde (0x00001f17) auipc   t5, 0x1
core   0: 3 0x80010bde (0x00001f17) x30 0x80011bde
core   0: 0x80010be2 (0x423f2123) sw      gp, 1058(t5)
core   0: 3 0x80010be2 (0x423f2123) mem 0x80012000 0x00000001
core   0: 0x80010be6 (0x0000bfe5) c.j     pc - 8
core   0: 3 0x80010be6 (0xbfe5)
core   0: 0x80010bde (0x00001f17) auipc   t5, 0x1
core   0: 3 0x80010bde (0x00001f17) x30 0x80011bde
core   0: 0x80010be2 (0x423f2123) sw      gp, 1058(t5)
core   0: 3 0x80010be2 (0x423f2123) mem 0x80012000 0x00000001
core   0: 0x80010be6 (0x0000bfe5) c.j     pc - 8
core   0: 3 0x80010be6 (0xbfe5)
core   0: 0x80010bde (0x00001f17) auipc   t5, 0x1
core   0: 3 0x80010bde (0x00001f17) x30 0x80011bde
core   0: 0x80010be2 (0x423f2123) sw      gp, 1058(t5)
core   0: 3 0x80010be2 (0x423f2123) mem 0x80012000 0x00000001
core   0: 0x80010be6 (0x0000bfe5) c.j     pc - 8
core   0: 3 0x80010be6 (0xbfe5)
core   0: 0x80010bde (0x00001f17) auipc   t5, 0x1
core   0: 3 0x80010bde (0x00001f17) x30 0x80011bde
core   0: 0x80010be2 (0x423f2123) sw      gp, 1058(t5)
core   0: 3 0x80010be2 (0x423f2123) mem 0x80012000 0x00000001
core   0: 0x80010be6 (0x0000bfe5) c.j     pc - 8
core   0: 3 0x80010be6 (0xbfe5)
core   0: 0x80010bde (0x00001f17) auipc   t5, 0x1
core   0: 3 0x80010bde (0x00001f17) x30 0x80011bde
core   0: 0x80010be2 (0x423f2123) sw      gp, 1058(t5)
core   0: 3 0x80010be2 (0x423f2123) mem 0x80012000 0x00000001
core   0: 0x80010be6 (0x0000bfe5) c.j     pc - 8
core   0: 3 0x80010be6 (0xbfe5)
core   0: 0x80010bde (0x00001f17) auipc   t5, 0x1
core   0: 3 0x80010bde (0x00001f17) x30 0x80011bde
core   0: 0x80010be2 (0x423f2123) sw      gp, 1058(t5)
core   0: 3 0x80010be2 (0x423f2123) mem 0x80012000 0x00000001
core   0: 0x80010be6 (0x0000bfe5) c.j     pc - 8
core   0: 3 0x80010be6 (0xbfe5)
core   0: 0x80010bde (0x00001f17) auipc   t5, 0x1
core   0: 3 0x80010bde (0x00001f17) x30 0x80011bde
core   0: 0x80010be2 (0x423f2123) sw      gp, 1058(t5)
core   0: 3 0x80010be2 (0x423f2123) mem 0x80012000 0x00000001
core   0: 0x80010be6 (0x0000bfe5) c.j     pc - 8
core   0: 3 0x80010be6 (0xbfe5)
core   0: 0x80010bde (0x00001f17) auipc   t5, 0x1
core   0: 3 0x80010bde (0x00001f17) x30 0x80011bde
core   0: 0x80010be2 (0x423f2123) sw      gp, 1058(t5)
core   0: 3 0x80010be2 (0x423f2123) mem 0x80012000 0x00000001
core   0: 0x80010be6 (0x0000bfe5) c.j     pc - 8
core   0: 3 0x80010be6 (0xbfe5)
core   0: 0x80010bde (0x00001f17) auipc   t5, 0x1
core   0: 3 0x80010bde (0x00001f17) x30 0x80011bde
core   0: 0x80010be2 (0x423f2123) sw      gp, 1058(t5)
core   0: 3 0x80010be2 (0x423f2123) mem 0x80012000 0x00000001
core   0: 0x80010be6 (0x0000bfe5) c.j     pc - 8
core   0: 3 0x80010be6 (0xbfe5)
core   0: 0x80010bde (0x00001f17) auipc   t5, 0x1
core   0: 3 0x80010bde (0x00001f17) x30 0x80011bde
core   0: 0x80010be2 (0x423f2123) sw      gp, 1058(t5)
core   0: 3 0x80010be2 (0x423f2123) mem 0x80012000 0x00000001
core   0: 0x80010be6 (0x0000bfe5) c.j     pc - 8
core   0: 3 0x80010be6 (0xbfe5)
core   0: 0x80010bde (0x00001f17) auipc   t5, 0x1
core   0: 3 0x80010bde (0x00001f17) x30 0x80011bde
core   0: 0x80010be2 (0x423f2123) sw      gp, 1058(t5)
core   0: 3 0x80010be2 (0x423f2123) mem 0x80012000 0x00000001
core   0: 0x80010be6 (0x0000bfe5) c.j     pc - 8
core   0: 3 0x80010be6 (0xbfe5)
core   0: 0x80010bde (0x00001f17) auipc   t5, 0x1
core   0: 3 0x80010bde (0x00001f17) x30 0x80011bde
core   0: 0x80010be2 (0x423f2123) sw      gp, 1058(t5)
core   0: 3 0x80010be2 (0x423f2123) mem 0x80012000 0x00000001
core   0: 0x80010be6 (0x0000bfe5) c.j     pc - 8
core   0: 3 0x80010be6 (0xbfe5)
core   0: 0x80010bde (0x00001f17) auipc   t5, 0x1
core   0: 3 0x80010bde (0x00001f17) x30 0x80011bde
core   0: 0x80010be2 (0x423f2123) sw      gp, 1058(t5)
core   0: 3 0x80010be2 (0x423f2123) mem 0x80012000 0x00000001
core   0: 0x80010be6 (0x0000bfe5) c.j     pc - 8
core   0: 3 0x80010be6 (0xbfe5)
core   0: 0x80010bde (0x00001f17) auipc   t5, 0x1
core   0: 3 0x80010bde (0x00001f17) x30 0x80011bde
core   0: 0x80010be2 (0x423f2123) sw      gp, 1058(t5)
core   0: 3 0x80010be2 (0x423f2123) mem 0x80012000 0x00000001
core   0: 0x80010be6 (0x0000bfe5) c.j     pc - 8
core   0: 3 0x80010be6 (0xbfe5)
core   0: 0x80010bde (0x00001f17) auipc   t5, 0x1
core   0: 3 0x80010bde (0x00001f17) x30 0x80011bde
core   0: 0x80010be2 (0x423f2123) sw      gp, 1058(t5)
core   0: 3 0x80010be2 (0x423f2123) mem 0x80012000 0x00000001
core   0: 0x80010be6 (0x0000bfe5) c.j     pc - 8
core   0: 3 0x80010be6 (0xbfe5)
core   0: 0x80010bde (0x00001f17) auipc   t5, 0x1
core   0: 3 0x80010bde (0x00001f17) x30 0x80011bde
core   0: 0x80010be2 (0x423f2123) sw      gp, 1058(t5)
core   0: 3 0x80010be2 (0x423f2123) mem 0x80012000 0x00000001
core   0: 0x80010be6 (0x0000bfe5) c.j     pc - 8
core   0: 3 0x80010be6 (0xbfe5)
core   0: 0x80010bde (0x00001f17) auipc   t5, 0x1
core   0: 3 0x80010bde (0x00001f17) x30 0x80011bde
core   0: 0x80010be2 (0x423f2123) sw      gp, 1058(t5)
core   0: 3 0x80010be2 (0x423f2123) mem 0x80012000 0x00000001
core   0: 0x80010be6 (0x0000bfe5) c.j     pc - 8
core   0: 3 0x80010be6 (0xbfe5)
core   0: 0x80010bde (0x00001f17) auipc   t5, 0x1
core   0: 3 0x80010bde (0x00001f17) x30 0x80011bde
core   0: 0x80010be2 (0x423f2123) sw      gp, 1058(t5)
core   0: 3 0x80010be2 (0x423f2123) mem 0x80012000 0x00000001
core   0: 0x80010be6 (0x0000bfe5) c.j     pc - 8
core   0: 3 0x80010be6 (0xbfe5)
core   0: 0x80010bde (0x00001f17) auipc   t5, 0x1
core   0: 3 0x80010bde (0x00001f17) x30 0x80011bde
core   0: 0x80010be2 (0x423f2123) sw      gp, 1058(t5)
core   0: 3 0x80010be2 (0x423f2123) mem 0x80012000 0x00000001
core   0: 0x80010be6 (0x0000bfe5) c.j     pc - 8
core   0: 3 0x80010be6 (0xbfe5)
core   0: 0x80010bde (0x00001f17) auipc   t5, 0x1
core   0: 3 0x80010bde (0x00001f17) x30 0x80011bde
core   0: 0x80010be2 (0x423f2123) sw      gp, 1058(t5)
core   0: 3 0x80010be2 (0x423f2123) mem 0x80012000 0x00000001
core   0: 0x80010be6 (0x0000bfe5) c.j     pc - 8
core   0: 3 0x80010be6 (0xbfe5)
core   0: 0x80010bde (0x00001f17) auipc   t5, 0x1
core   0: 3 0x80010bde (0x00001f17) x30 0x80011bde
core   0: 0x80010be2 (0x423f2123) sw      gp, 1058(t5)
core   0: 3 0x80010be2 (0x423f2123) mem 0x80012000 0x00000001
core   0: 0x80010be6 (0x0000bfe5) c.j     pc - 8
core   0: 3 0x80010be6 (0xbfe5)
core   0: 0x80010bde (0x00001f17) auipc   t5, 0x1
core   0: 3 0x80010bde (0x00001f17) x30 0x80011bde
core   0: 0x80010be2 (0x423f2123) sw      gp, 1058(t5)
core   0: 3 0x80010be2 (0x423f2123) mem 0x80012000 0x00000001
core   0: 0x80010be6 (0x0000bfe5) c.j     pc - 8
core   0: 3 0x80010be6 (0xbfe5)
core   0: 0x80010bde (0x00001f17) auipc   t5, 0x1
core   0: 3 0x80010bde (0x00001f17) x30 0x80011bde
core   0: 0x80010be2 (0x423f2123) sw      gp, 1058(t5)
core   0: 3 0x80010be2 (0x423f2123) mem 0x80012000 0x00000001
core   0: 0x80010be6 (0x0000bfe5) c.j     pc - 8
core   0: 3 0x80010be6 (0xbfe5)
core   0: 0x80010bde (0x00001f17) auipc   t5, 0x1
core   0: 3 0x80010bde (0x00001f17) x30 0x80011bde
core   0: 0x80010be2 (0x423f2123) sw      gp, 1058(t5)
core   0: 3 0x80010be2 (0x423f2123) mem 0x80012000 0x00000001
core   0: 0x80010be6 (0x0000bfe5) c.j     pc - 8
core   0: 3 0x80010be6 (0xbfe5)
core   0: 0x80010bde (0x00001f17) auipc   t5, 0x1
core   0: 3 0x80010bde (0x00001f17) x30 0x80011bde
core   0: 0x80010be2 (0x423f2123) sw      gp, 1058(t5)
core   0: 3 0x80010be2 (0x423f2123) mem 0x80012000 0x00000001
core   0: 0x80010be6 (0x0000bfe5) c.j     pc - 8
core   0: 3 0x80010be6 (0xbfe5)
core   0: 0x80010bde (0x00001f17) auipc   t5, 0x1
core   0: 3 0x80010bde (0x00001f17) x30 0x80011bde
core   0: 0x80010be2 (0x423f2123) sw      gp, 1058(t5)
core   0: 3 0x80010be2 (0x423f2123) mem 0x80012000 0x00000001
core   0: 0x80010be6 (0x0000bfe5) c.j     pc - 8
core   0: 3 0x80010be6 (0xbfe5)
core   0: 0x80010bde (0x00001f17) auipc   t5, 0x1
core   0: 3 0x80010bde (0x00001f17) x30 0x80011bde
core   0: 0x80010be2 (0x423f2123) sw      gp, 1058(t5)
core   0: 3 0x80010be2 (0x423f2123) mem 0x80012000 0x00000001
core   0: 0x80010be6 (0x0000bfe5) c.j     pc - 8
core   0: 3 0x80010be6 (0xbfe5)
core   0: 0x80010bde (0x00001f17) auipc   t5, 0x1
core   0: 3 0x80010bde (0x00001f17) x30 0x80011bde
core   0: 0x80010be2 (0x423f2123) sw      gp, 1058(t5)
core   0: 3 0x80010be2 (0x423f2123) mem 0x80012000 0x00000001
core   0: 0x80010be6 (0x0000bfe5) c.j     pc - 8
core   0: 3 0x80010be6 (0xbfe5)
core   0: 0x80010bde (0x00001f17) auipc   t5, 0x1
core   0: 3 0x80010bde (0x00001f17) x30 0x80011bde
core   0: 0x80010be2 (0x423f2123) sw      gp, 1058(t5)
core   0: 3 0x80010be2 (0x423f2123) mem 0x80012000 0x00000001
core   0: 0x80010be6 (0x0000bfe5) c.j     pc - 8
core   0: 3 0x80010be6 (0xbfe5)
core   0: 0x80010bde (0x00001f17) auipc   t5, 0x1
core   0: 3 0x80010bde (0x00001f17) x30 0x80011bde
core   0: 0x80010be2 (0x423f2123) sw      gp, 1058(t5)
core   0: 3 0x80010be2 (0x423f2123) mem 0x80012000 0x00000001
core   0: 0x80010be6 (0x0000bfe5) c.j     pc - 8
core   0: 3 0x80010be6 (0xbfe5)
core   0: 0x80010bde (0x00001f17) auipc   t5, 0x1
core   0: 3 0x80010bde (0x00001f17) x30 0x80011bde
core   0: 0x80010be2 (0x423f2123) sw      gp, 1058(t5)
core   0: 3 0x80010be2 (0x423f2123) mem 0x80012000 0x00000001
core   0: 0x80010be6 (0x0000bfe5) c.j     pc - 8
core   0: 3 0x80010be6 (0xbfe5)
core   0: 0x80010bde (0x00001f17) auipc   t5, 0x1
core   0: 3 0x80010bde (0x00001f17) x30 0x80011bde
core   0: 0x80010be2 (0x423f2123) sw      gp, 1058(t5)
core   0: 3 0x80010be2 (0x423f2123) mem 0x80012000 0x00000001
core   0: 0x80010be6 (0x0000bfe5) c.j     pc - 8
core   0: 3 0x80010be6 (0xbfe5)
core   0: 0x80010bde (0x00001f17) auipc   t5, 0x1
core   0: 3 0x80010bde (0x00001f17) x30 0x80011bde
core   0: 0x80010be2 (0x423f2123) sw      gp, 1058(t5)
core   0: 3 0x80010be2 (0x423f2123) mem 0x80012000 0x00000001
core   0: 0x80010be6 (0x0000bfe5) c.j     pc - 8
core   0: 3 0x80010be6 (0xbfe5)
core   0: 0x80010bde (0x00001f17) auipc   t5, 0x1
core   0: 3 0x80010bde (0x00001f17) x30 0x80011bde
core   0: 0x80010be2 (0x423f2123) sw      gp, 1058(t5)
core   0: 3 0x80010be2 (0x423f2123) mem 0x80012000 0x00000001
core   0: 0x80010be6 (0x0000bfe5) c.j     pc - 8
core   0: 3 0x80010be6 (0xbfe5)
core   0: 0x80010bde (0x00001f17) auipc   t5, 0x1
core   0: 3 0x80010bde (0x00001f17) x30 0x80011bde
core   0: 0x80010be2 (0x423f2123) sw      gp, 1058(t5)
core   0: 3 0x80010be2 (0x423f2123) mem 0x80012000 0x00000001
core   0: 0x80010be6 (0x0000bfe5) c.j     pc - 8
core   0: 3 0x80010be6 (0xbfe5)
core   0: 0x80010bde (0x00001f17) auipc   t5, 0x1
core   0: 3 0x80010bde (0x00001f17) x30 0x80011bde
core   0: 0x80010be2 (0x423f2123) sw      gp, 1058(t5)
core   0: 3 0x80010be2 (0x423f2123) mem 0x80012000 0x00000001
core   0: 0x80010be6 (0x0000bfe5) c.j     pc - 8
core   0: 3 0x80010be6 (0xbfe5)
core   0: 0x80010bde (0x00001f17) auipc   t5, 0x1
core   0: 3 0x80010bde (0x00001f17) x30 0x80011bde
core   0: 0x80010be2 (0x423f2123) sw      gp, 1058(t5)
core   0: 3 0x80010be2 (0x423f2123) mem 0x80012000 0x00000001
core   0: 0x80010be6 (0x0000bfe5) c.j     pc - 8
core   0: 3 0x80010be6 (0xbfe5)
core   0: 0x80010bde (0x00001f17) auipc   t5, 0x1
core   0: 3 0x80010bde (0x00001f17) x30 0x80011bde
core   0: 0x80010be2 (0x423f2123) sw      gp, 1058(t5)
core   0: 3 0x80010be2 (0x423f2123) mem 0x80012000 0x00000001
core   0: 0x80010be6 (0x0000bfe5) c.j     pc - 8
core   0: 3 0x80010be6 (0xbfe5)
core   0: 0x80010bde (0x00001f17) auipc   t5, 0x1
core   0: 3 0x80010bde (0x00001f17) x30 0x80011bde
core   0: 0x80010be2 (0x423f2123) sw      gp, 1058(t5)
core   0: 3 0x80010be2 (0x423f2123) mem 0x80012000 0x00000001
core   0: 0x80010be6 (0x0000bfe5) c.j     pc - 8
core   0: 3 0x80010be6 (0xbfe5)
core   0: 0x80010bde (0x00001f17) auipc   t5, 0x1
core   0: 3 0x80010bde (0x00001f17) x30 0x80011bde
core   0: 0x80010be2 (0x423f2123) sw      gp, 1058(t5)
core   0: 3 0x80010be2 (0x423f2123) mem 0x80012000 0x00000001
core   0: 0x80010be6 (0x0000bfe5) c.j     pc - 8
core   0: 3 0x80010be6 (0xbfe5)
core   0: 0x80010bde (0x00001f17) auipc   t5, 0x1
core   0: 3 0x80010bde (0x00001f17) x30 0x80011bde
core   0: 0x80010be2 (0x423f2123) sw      gp, 1058(t5)
core   0: 3 0x80010be2 (0x423f2123) mem 0x80012000 0x00000001
core   0: 0x80010be6 (0x0000bfe5) c.j     pc - 8
core   0: 3 0x80010be6 (0xbfe5)
core   0: 0x80010bde (0x00001f17) auipc   t5, 0x1
core   0: 3 0x80010bde (0x00001f17) x30 0x80011bde
core   0: 0x80010be2 (0x423f2123) sw      gp, 1058(t5)
core   0: 3 0x80010be2 (0x423f2123) mem 0x80012000 0x00000001
core   0: 0x80010be6 (0x0000bfe5) c.j     pc - 8
core   0: 3 0x80010be6 (0xbfe5)
core   0: 0x80010bde (0x00001f17) auipc   t5, 0x1
core   0: 3 0x80010bde (0x00001f17) x30 0x80011bde
core   0: 0x80010be2 (0x423f2123) sw      gp, 1058(t5)
core   0: 3 0x80010be2 (0x423f2123) mem 0x80012000 0x00000001
core   0: 0x80010be6 (0x0000bfe5) c.j     pc - 8
core   0: 3 0x80010be6 (0xbfe5)
core   0: 0x80010bde (0x00001f17) auipc   t5, 0x1
core   0: 3 0x80010bde (0x00001f17) x30 0x80011bde
core   0: 0x80010be2 (0x423f2123) sw      gp, 1058(t5)
core   0: 3 0x80010be2 (0x423f2123) mem 0x80012000 0x00000001
core   0: 0x80010be6 (0x0000bfe5) c.j     pc - 8
core   0: 3 0x80010be6 (0xbfe5)
core   0: 0x80010bde (0x00001f17) auipc   t5, 0x1
core   0: 3 0x80010bde (0x00001f17) x30 0x80011bde
core   0: 0x80010be2 (0x423f2123) sw      gp, 1058(t5)
core   0: 3 0x80010be2 (0x423f2123) mem 0x80012000 0x00000001
core   0: 0x80010be6 (0x0000bfe5) c.j     pc - 8
core   0: 3 0x80010be6 (0xbfe5)
core   0: 0x80010bde (0x00001f17) auipc   t5, 0x1
core   0: 3 0x80010bde (0x00001f17) x30 0x80011bde
core   0: 0x80010be2 (0x423f2123) sw      gp, 1058(t5)
core   0: 3 0x80010be2 (0x423f2123) mem 0x80012000 0x00000001
core   0: 0x80010be6 (0x0000bfe5) c.j     pc - 8
core   0: 3 0x80010be6 (0xbfe5)
core   0: 0x80010bde (0x00001f17) auipc   t5, 0x1
core   0: 3 0x80010bde (0x00001f17) x30 0x80011bde
core   0: 0x80010be2 (0x423f2123) sw      gp, 1058(t5)
core   0: 3 0x80010be2 (0x423f2123) mem 0x80012000 0x00000001
core   0: 0x80010be6 (0x0000bfe5) c.j     pc - 8
core   0: 3 0x80010be6 (0xbfe5)
core   0: 0x80010bde (0x00001f17) auipc   t5, 0x1
core   0: 3 0x80010bde (0x00001f17) x30 0x80011bde
core   0: 0x80010be2 (0x423f2123) sw      gp, 1058(t5)
core   0: 3 0x80010be2 (0x423f2123) mem 0x80012000 0x00000001
core   0: 0x80010be6 (0x0000bfe5) c.j     pc - 8
core   0: 3 0x80010be6 (0xbfe5)
core   0: 0x80010bde (0x00001f17) auipc   t5, 0x1
core   0: 3 0x80010bde (0x00001f17) x30 0x80011bde
core   0: 0x80010be2 (0x423f2123) sw      gp, 1058(t5)
core   0: 3 0x80010be2 (0x423f2123) mem 0x80012000 0x00000001
core   0: 0x80010be6 (0x0000bfe5) c.j     pc - 8
core   0: 3 0x80010be6 (0xbfe5)
core   0: 0x80010bde (0x00001f17) auipc   t5, 0x1
core   0: 3 0x80010bde (0x00001f17) x30 0x80011bde
core   0: 0x80010be2 (0x423f2123) sw      gp, 1058(t5)
core   0: 3 0x80010be2 (0x423f2123) mem 0x80012000 0x00000001
core   0: 0x80010be6 (0x0000bfe5) c.j     pc - 8
core   0: 3 0x80010be6 (0xbfe5)
core   0: 0x80010bde (0x00001f17) auipc   t5, 0x1
core   0: 3 0x80010bde (0x00001f17) x30 0x80011bde
core   0: 0x80010be2 (0x423f2123) sw      gp, 1058(t5)
core   0: 3 0x80010be2 (0x423f2123) mem 0x80012000 0x00000001
core   0: 0x80010be6 (0x0000bfe5) c.j     pc - 8
core   0: 3 0x80010be6 (0xbfe5)
core   0: 0x80010bde (0x00001f17) auipc   t5, 0x1
core   0: 3 0x80010bde (0x00001f17) x30 0x80011bde
core   0: 0x80010be2 (0x423f2123) sw      gp, 1058(t5)
core   0: 3 0x80010be2 (0x423f2123) mem 0x80012000 0x00000001
core   0: 0x80010be6 (0x0000bfe5) c.j     pc - 8
core   0: 3 0x80010be6 (0xbfe5)
core   0: 0x80010bde (0x00001f17) auipc   t5, 0x1
core   0: 3 0x80010bde (0x00001f17) x30 0x80011bde
core   0: 0x80010be2 (0x423f2123) sw      gp, 1058(t5)
core   0: 3 0x80010be2 (0x423f2123) mem 0x80012000 0x00000001
core   0: 0x80010be6 (0x0000bfe5) c.j     pc - 8
core   0: 3 0x80010be6 (0xbfe5)
core   0: 0x80010bde (0x00001f17) auipc   t5, 0x1
core   0: 3 0x80010bde (0x00001f17) x30 0x80011bde
core   0: 0x80010be2 (0x423f2123) sw      gp, 1058(t5)
core   0: 3 0x80010be2 (0x423f2123) mem 0x80012000 0x00000001
core   0: 0x80010be6 (0x0000bfe5) c.j     pc - 8
core   0: 3 0x80010be6 (0xbfe5)
core   0: 0x80010bde (0x00001f17) auipc   t5, 0x1
core   0: 3 0x80010bde (0x00001f17) x30 0x80011bde
core   0: 0x80010be2 (0x423f2123) sw      gp, 1058(t5)
core   0: 3 0x80010be2 (0x423f2123) mem 0x80012000 0x00000001
core   0: 0x80010be6 (0x0000bfe5) c.j     pc - 8
core   0: 3 0x80010be6 (0xbfe5)
core   0: 0x80010bde (0x00001f17) auipc   t5, 0x1
core   0: 3 0x80010bde (0x00001f17) x30 0x80011bde
core   0: 0x80010be2 (0x423f2123) sw      gp, 1058(t5)
core   0: 3 0x80010be2 (0x423f2123) mem 0x80012000 0x00000001
core   0: 0x80010be6 (0x0000bfe5) c.j     pc - 8
core   0: 3 0x80010be6 (0xbfe5)
core   0: 0x80010bde (0x00001f17) auipc   t5, 0x1
core   0: 3 0x80010bde (0x00001f17) x30 0x80011bde
core   0: 0x80010be2 (0x423f2123) sw      gp, 1058(t5)
core   0: 3 0x80010be2 (0x423f2123) mem 0x80012000 0x00000001
core   0: 0x80010be6 (0x0000bfe5) c.j     pc - 8
core   0: 3 0x80010be6 (0xbfe5)
core   0: 0x80010bde (0x00001f17) auipc   t5, 0x1
core   0: 3 0x80010bde (0x00001f17) x30 0x80011bde
core   0: 0x80010be2 (0x423f2123) sw      gp, 1058(t5)
core   0: 3 0x80010be2 (0x423f2123) mem 0x80012000 0x00000001
core   0: 0x80010be6 (0x0000bfe5) c.j     pc - 8
core   0: 3 0x80010be6 (0xbfe5)
core   0: 0x80010bde (0x00001f17) auipc   t5, 0x1
core   0: 3 0x80010bde (0x00001f17) x30 0x80011bde
core   0: 0x80010be2 (0x423f2123) sw      gp, 1058(t5)
core   0: 3 0x80010be2 (0x423f2123) mem 0x80012000 0x00000001
core   0: 0x80010be6 (0x0000bfe5) c.j     pc - 8
core   0: 3 0x80010be6 (0xbfe5)
core   0: 0x80010bde (0x00001f17) auipc   t5, 0x1
core   0: 3 0x80010bde (0x00001f17) x30 0x80011bde
core   0: 0x80010be2 (0x423f2123) sw      gp, 1058(t5)
core   0: 3 0x80010be2 (0x423f2123) mem 0x80012000 0x00000001
core   0: 0x80010be6 (0x0000bfe5) c.j     pc - 8
core   0: 3 0x80010be6 (0xbfe5)
core   0: 0x80010bde (0x00001f17) auipc   t5, 0x1
core   0: 3 0x80010bde (0x00001f17) x30 0x80011bde
core   0: 0x80010be2 (0x423f2123) sw      gp, 1058(t5)
core   0: 3 0x80010be2 (0x423f2123) mem 0x80012000 0x00000001
core   0: 0x80010be6 (0x0000bfe5) c.j     pc - 8
core   0: 3 0x80010be6 (0xbfe5)
core   0: 0x80010bde (0x00001f17) auipc   t5, 0x1
core   0: 3 0x80010bde (0x00001f17) x30 0x80011bde
core   0: 0x80010be2 (0x423f2123) sw      gp, 1058(t5)
core   0: 3 0x80010be2 (0x423f2123) mem 0x80012000 0x00000001
core   0: 0x80010be6 (0x0000bfe5) c.j     pc - 8
core   0: 3 0x80010be6 (0xbfe5)
core   0: 0x80010bde (0x00001f17) auipc   t5, 0x1
core   0: 3 0x80010bde (0x00001f17) x30 0x80011bde
core   0: 0x80010be2 (0x423f2123) sw      gp, 1058(t5)
core   0: 3 0x80010be2 (0x423f2123) mem 0x80012000 0x00000001
core   0: 0x80010be6 (0x0000bfe5) c.j     pc - 8
core   0: 3 0x80010be6 (0xbfe5)
core   0: 0x80010bde (0x00001f17) auipc   t5, 0x1
core   0: 3 0x80010bde (0x00001f17) x30 0x80011bde
core   0: 0x80010be2 (0x423f2123) sw      gp, 1058(t5)
core   0: 3 0x80010be2 (0x423f2123) mem 0x80012000 0x00000001
core   0: 0x80010be6 (0x0000bfe5) c.j     pc - 8
core   0: 3 0x80010be6 (0xbfe5)
core   0: 0x80010bde (0x00001f17) auipc   t5, 0x1
core   0: 3 0x80010bde (0x00001f17) x30 0x80011bde
core   0: 0x80010be2 (0x423f2123) sw      gp, 1058(t5)
core   0: 3 0x80010be2 (0x423f2123) mem 0x80012000 0x00000001
core   0: 0x80010be6 (0x0000bfe5) c.j     pc - 8
core   0: 3 0x80010be6 (0xbfe5)
core   0: 0x80010bde (0x00001f17) auipc   t5, 0x1
core   0: 3 0x80010bde (0x00001f17) x30 0x80011bde
core   0: 0x80010be2 (0x423f2123) sw      gp, 1058(t5)
core   0: 3 0x80010be2 (0x423f2123) mem 0x80012000 0x00000001
core   0: 0x80010be6 (0x0000bfe5) c.j     pc - 8
core   0: 3 0x80010be6 (0xbfe5)
core   0: 0x80010bde (0x00001f17) auipc   t5, 0x1
core   0: 3 0x80010bde (0x00001f17) x30 0x80011bde
core   0: 0x80010be2 (0x423f2123) sw      gp, 1058(t5)
core   0: 3 0x80010be2 (0x423f2123) mem 0x80012000 0x00000001
core   0: 0x80010be6 (0x0000bfe5) c.j     pc - 8
core   0: 3 0x80010be6 (0xbfe5)
core   0: 0x80010bde (0x00001f17) auipc   t5, 0x1
core   0: 3 0x80010bde (0x00001f17) x30 0x80011bde
core   0: 0x80010be2 (0x423f2123) sw      gp, 1058(t5)
core   0: 3 0x80010be2 (0x423f2123) mem 0x80012000 0x00000001
core   0: 0x80010be6 (0x0000bfe5) c.j     pc - 8
core   0: 3 0x80010be6 (0xbfe5)
core   0: 0x80010bde (0x00001f17) auipc   t5, 0x1
core   0: 3 0x80010bde (0x00001f17) x30 0x80011bde
core   0: 0x80010be2 (0x423f2123) sw      gp, 1058(t5)
core   0: 3 0x80010be2 (0x423f2123) mem 0x80012000 0x00000001
core   0: 0x80010be6 (0x0000bfe5) c.j     pc - 8
core   0: 3 0x80010be6 (0xbfe5)
core   0: 0x80010bde (0x00001f17) auipc   t5, 0x1
core   0: 3 0x80010bde (0x00001f17) x30 0x80011bde
core   0: 0x80010be2 (0x423f2123) sw      gp, 1058(t5)
core   0: 3 0x80010be2 (0x423f2123) mem 0x80012000 0x00000001
core   0: 0x80010be6 (0x0000bfe5) c.j     pc - 8
core   0: 3 0x80010be6 (0xbfe5)
core   0: 0x80010bde (0x00001f17) auipc   t5, 0x1
core   0: 3 0x80010bde (0x00001f17) x30 0x80011bde
core   0: 0x80010be2 (0x423f2123) sw      gp, 1058(t5)
core   0: 3 0x80010be2 (0x423f2123) mem 0x80012000 0x00000001
core   0: 0x80010be6 (0x0000bfe5) c.j     pc - 8
core   0: 3 0x80010be6 (0xbfe5)
core   0: 0x80010bde (0x00001f17) auipc   t5, 0x1
core   0: 3 0x80010bde (0x00001f17) x30 0x80011bde
core   0: 0x80010be2 (0x423f2123) sw      gp, 1058(t5)
core   0: 3 0x80010be2 (0x423f2123) mem 0x80012000 0x00000001
core   0: 0x80010be6 (0x0000bfe5) c.j     pc - 8
core   0: 3 0x80010be6 (0xbfe5)
core   0: 0x80010bde (0x00001f17) auipc   t5, 0x1
core   0: 3 0x80010bde (0x00001f17) x30 0x80011bde
core   0: 0x80010be2 (0x423f2123) sw      gp, 1058(t5)
core   0: 3 0x80010be2 (0x423f2123) mem 0x80012000 0x00000001
core   0: 0x80010be6 (0x0000bfe5) c.j     pc - 8
core   0: 3 0x80010be6 (0xbfe5)
core   0: 0x80010bde (0x00001f17) auipc   t5, 0x1
core   0: 3 0x80010bde (0x00001f17) x30 0x80011bde
core   0: 0x80010be2 (0x423f2123) sw      gp, 1058(t5)
core   0: 3 0x80010be2 (0x423f2123) mem 0x80012000 0x00000001
core   0: 0x80010be6 (0x0000bfe5) c.j     pc - 8
core   0: 3 0x80010be6 (0xbfe5)
core   0: 0x80010bde (0x00001f17) auipc   t5, 0x1
core   0: 3 0x80010bde (0x00001f17) x30 0x80011bde
core   0: 0x80010be2 (0x423f2123) sw      gp, 1058(t5)
core   0: 3 0x80010be2 (0x423f2123) mem 0x80012000 0x00000001
core   0: 0x80010be6 (0x0000bfe5) c.j     pc - 8
core   0: 3 0x80010be6 (0xbfe5)
core   0: 0x80010bde (0x00001f17) auipc   t5, 0x1
core   0: 3 0x80010bde (0x00001f17) x30 0x80011bde
core   0: 0x80010be2 (0x423f2123) sw      gp, 1058(t5)
core   0: 3 0x80010be2 (0x423f2123) mem 0x80012000 0x00000001
core   0: 0x80010be6 (0x0000bfe5) c.j     pc - 8
core   0: 3 0x80010be6 (0xbfe5)
core   0: 0x80010bde (0x00001f17) auipc   t5, 0x1
core   0: 3 0x80010bde (0x00001f17) x30 0x80011bde
core   0: 0x80010be2 (0x423f2123) sw      gp, 1058(t5)
core   0: 3 0x80010be2 (0x423f2123) mem 0x80012000 0x00000001
core   0: 0x80010be6 (0x0000bfe5) c.j     pc - 8
core   0: 3 0x80010be6 (0xbfe5)
core   0: 0x80010bde (0x00001f17) auipc   t5, 0x1
core   0: 3 0x80010bde (0x00001f17) x30 0x80011bde
core   0: 0x80010be2 (0x423f2123) sw      gp, 1058(t5)
core   0: 3 0x80010be2 (0x423f2123) mem 0x80012000 0x00000001
core   0: 0x80010be6 (0x0000bfe5) c.j     pc - 8
core   0: 3 0x80010be6 (0xbfe5)
core   0: 0x80010bde (0x00001f17) auipc   t5, 0x1
core   0: 3 0x80010bde (0x00001f17) x30 0x80011bde
core   0: 0x80010be2 (0x423f2123) sw      gp, 1058(t5)
core   0: 3 0x80010be2 (0x423f2123) mem 0x80012000 0x00000001
core   0: 0x80010be6 (0x0000bfe5) c.j     pc - 8
core   0: 3 0x80010be6 (0xbfe5)
core   0: 0x80010bde (0x00001f17) auipc   t5, 0x1
core   0: 3 0x80010bde (0x00001f17) x30 0x80011bde
core   0: 0x80010be2 (0x423f2123) sw      gp, 1058(t5)
core   0: 3 0x80010be2 (0x423f2123) mem 0x80012000 0x00000001
core   0: 0x80010be6 (0x0000bfe5) c.j     pc - 8
core   0: 3 0x80010be6 (0xbfe5)
core   0: 0x80010bde (0x00001f17) auipc   t5, 0x1
core   0: 3 0x80010bde (0x00001f17) x30 0x80011bde
core   0: 0x80010be2 (0x423f2123) sw      gp, 1058(t5)
core   0: 3 0x80010be2 (0x423f2123) mem 0x80012000 0x00000001
core   0: 0x80010be6 (0x0000bfe5) c.j     pc - 8
core   0: 3 0x80010be6 (0xbfe5)
core   0: 0x80010bde (0x00001f17) auipc   t5, 0x1
core   0: 3 0x80010bde (0x00001f17) x30 0x80011bde
core   0: 0x80010be2 (0x423f2123) sw      gp, 1058(t5)
core   0: 3 0x80010be2 (0x423f2123) mem 0x80012000 0x00000001
core   0: 0x80010be6 (0x0000bfe5) c.j     pc - 8
core   0: 3 0x80010be6 (0xbfe5)
core   0: 0x80010bde (0x00001f17) auipc   t5, 0x1
core   0: 3 0x80010bde (0x00001f17) x30 0x80011bde
core   0: 0x80010be2 (0x423f2123) sw      gp, 1058(t5)
core   0: 3 0x80010be2 (0x423f2123) mem 0x80012000 0x00000001
core   0: 0x80010be6 (0x0000bfe5) c.j     pc - 8
core   0: 3 0x80010be6 (0xbfe5)
core   0: 0x80010bde (0x00001f17) auipc   t5, 0x1
core   0: 3 0x80010bde (0x00001f17) x30 0x80011bde
core   0: 0x80010be2 (0x423f2123) sw      gp, 1058(t5)
core   0: 3 0x80010be2 (0x423f2123) mem 0x80012000 0x00000001
core   0: 0x80010be6 (0x0000bfe5) c.j     pc - 8
core   0: 3 0x80010be6 (0xbfe5)
core   0: 0x80010bde (0x00001f17) auipc   t5, 0x1
core   0: 3 0x80010bde (0x00001f17) x30 0x80011bde
core   0: 0x80010be2 (0x423f2123) sw      gp, 1058(t5)
core   0: 3 0x80010be2 (0x423f2123) mem 0x80012000 0x00000001
core   0: 0x80010be6 (0x0000bfe5) c.j     pc - 8
core   0: 3 0x80010be6 (0xbfe5)
core   0: 0x80010bde (0x00001f17) auipc   t5, 0x1
core   0: 3 0x80010bde (0x00001f17) x30 0x80011bde
core   0: 0x80010be2 (0x423f2123) sw      gp, 1058(t5)
core   0: 3 0x80010be2 (0x423f2123) mem 0x80012000 0x00000001
core   0: 0x80010be6 (0x0000bfe5) c.j     pc - 8
core   0: 3 0x80010be6 (0xbfe5)
core   0: 0x80010bde (0x00001f17) auipc   t5, 0x1
core   0: 3 0x80010bde (0x00001f17) x30 0x80011bde
core   0: 0x80010be2 (0x423f2123) sw      gp, 1058(t5)
core   0: 3 0x80010be2 (0x423f2123) mem 0x80012000 0x00000001
core   0: 0x80010be6 (0x0000bfe5) c.j     pc - 8
core   0: 3 0x80010be6 (0xbfe5)
core   0: 0x80010bde (0x00001f17) auipc   t5, 0x1
core   0: 3 0x80010bde (0x00001f17) x30 0x80011bde
core   0: 0x80010be2 (0x423f2123) sw      gp, 1058(t5)
core   0: 3 0x80010be2 (0x423f2123) mem 0x80012000 0x00000001
core   0: 0x80010be6 (0x0000bfe5) c.j     pc - 8
core   0: 3 0x80010be6 (0xbfe5)
core   0: 0x80010bde (0x00001f17) auipc   t5, 0x1
core   0: 3 0x80010bde (0x00001f17) x30 0x80011bde
core   0: 0x80010be2 (0x423f2123) sw      gp, 1058(t5)
core   0: 3 0x80010be2 (0x423f2123) mem 0x80012000 0x00000001
core   0: 0x80010be6 (0x0000bfe5) c.j     pc - 8
core   0: 3 0x80010be6 (0xbfe5)
core   0: 0x80010bde (0x00001f17) auipc   t5, 0x1
core   0: 3 0x80010bde (0x00001f17) x30 0x80011bde
core   0: 0x80010be2 (0x423f2123) sw      gp, 1058(t5)
core   0: 3 0x80010be2 (0x423f2123) mem 0x80012000 0x00000001
core   0: 0x80010be6 (0x0000bfe5) c.j     pc - 8
core   0: 3 0x80010be6 (0xbfe5)
core   0: 0x80010bde (0x00001f17) auipc   t5, 0x1
core   0: 3 0x80010bde (0x00001f17) x30 0x80011bde
core   0: 0x80010be2 (0x423f2123) sw      gp, 1058(t5)
core   0: 3 0x80010be2 (0x423f2123) mem 0x80012000 0x00000001
core   0: 0x80010be6 (0x0000bfe5) c.j     pc - 8
core   0: 3 0x80010be6 (0xbfe5)
core   0: 0x80010bde (0x00001f17) auipc   t5, 0x1
core   0: 3 0x80010bde (0x00001f17) x30 0x80011bde
core   0: 0x80010be2 (0x423f2123) sw      gp, 1058(t5)
core   0: 3 0x80010be2 (0x423f2123) mem 0x80012000 0x00000001
core   0: 0x80010be6 (0x0000bfe5) c.j     pc - 8
core   0: 3 0x80010be6 (0xbfe5)
core   0: 0x80010bde (0x00001f17) auipc   t5, 0x1
core   0: 3 0x80010bde (0x00001f17) x30 0x80011bde
core   0: 0x80010be2 (0x423f2123) sw      gp, 1058(t5)
core   0: 3 0x80010be2 (0x423f2123) mem 0x80012000 0x00000001
core   0: 0x80010be6 (0x0000bfe5) c.j     pc - 8
core   0: 3 0x80010be6 (0xbfe5)
core   0: 0x80010bde (0x00001f17) auipc   t5, 0x1
core   0: 3 0x80010bde (0x00001f17) x30 0x80011bde
core   0: 0x80010be2 (0x423f2123) sw      gp, 1058(t5)
core   0: 3 0x80010be2 (0x423f2123) mem 0x80012000 0x00000001
core   0: 0x80010be6 (0x0000bfe5) c.j     pc - 8
core   0: 3 0x80010be6 (0xbfe5)
core   0: 0x80010bde (0x00001f17) auipc   t5, 0x1
core   0: 3 0x80010bde (0x00001f17) x30 0x80011bde
core   0: 0x80010be2 (0x423f2123) sw      gp, 1058(t5)
core   0: 3 0x80010be2 (0x423f2123) mem 0x80012000 0x00000001
core   0: 0x80010be6 (0x0000bfe5) c.j     pc - 8
core   0: 3 0x80010be6 (0xbfe5)
core   0: 0x80010bde (0x00001f17) auipc   t5, 0x1
core   0: 3 0x80010bde (0x00001f17) x30 0x80011bde
core   0: 0x80010be2 (0x423f2123) sw      gp, 1058(t5)
core   0: 3 0x80010be2 (0x423f2123) mem 0x80012000 0x00000001
core   0: 0x80010be6 (0x0000bfe5) c.j     pc - 8
core   0: 3 0x80010be6 (0xbfe5)
core   0: 0x80010bde (0x00001f17) auipc   t5, 0x1
core   0: 3 0x80010bde (0x00001f17) x30 0x80011bde
core   0: 0x80010be2 (0x423f2123) sw      gp, 1058(t5)
core   0: 3 0x80010be2 (0x423f2123) mem 0x80012000 0x00000001
core   0: 0x80010be6 (0x0000bfe5) c.j     pc - 8
core   0: 3 0x80010be6 (0xbfe5)
core   0: 0x80010bde (0x00001f17) auipc   t5, 0x1
core   0: 3 0x80010bde (0x00001f17) x30 0x80011bde
core   0: 0x80010be2 (0x423f2123) sw      gp, 1058(t5)
core   0: 3 0x80010be2 (0x423f2123) mem 0x80012000 0x00000001
core   0: 0x80010be6 (0x0000bfe5) c.j     pc - 8
core   0: 3 0x80010be6 (0xbfe5)
core   0: 0x80010bde (0x00001f17) auipc   t5, 0x1
core   0: 3 0x80010bde (0x00001f17) x30 0x80011bde
core   0: 0x80010be2 (0x423f2123) sw      gp, 1058(t5)
core   0: 3 0x80010be2 (0x423f2123) mem 0x80012000 0x00000001
core   0: 0x80010be6 (0x0000bfe5) c.j     pc - 8
core   0: 3 0x80010be6 (0xbfe5)
core   0: 0x80010bde (0x00001f17) auipc   t5, 0x1
core   0: 3 0x80010bde (0x00001f17) x30 0x80011bde
core   0: 0x80010be2 (0x423f2123) sw      gp, 1058(t5)
core   0: 3 0x80010be2 (0x423f2123) mem 0x80012000 0x00000001
core   0: 0x80010be6 (0x0000bfe5) c.j     pc - 8
core   0: 3 0x80010be6 (0xbfe5)
core   0: 0x80010bde (0x00001f17) auipc   t5, 0x1
core   0: 3 0x80010bde (0x00001f17) x30 0x80011bde
core   0: 0x80010be2 (0x423f2123) sw      gp, 1058(t5)
core   0: 3 0x80010be2 (0x423f2123) mem 0x80012000 0x00000001
core   0: 0x80010be6 (0x0000bfe5) c.j     pc - 8
core   0: 3 0x80010be6 (0xbfe5)
core   0: 0x80010bde (0x00001f17) auipc   t5, 0x1
core   0: 3 0x80010bde (0x00001f17) x30 0x80011bde
core   0: 0x80010be2 (0x423f2123) sw      gp, 1058(t5)
core   0: 3 0x80010be2 (0x423f2123) mem 0x80012000 0x00000001
core   0: 0x80010be6 (0x0000bfe5) c.j     pc - 8
core   0: 3 0x80010be6 (0xbfe5)
core   0: 0x80010bde (0x00001f17) auipc   t5, 0x1
core   0: 3 0x80010bde (0x00001f17) x30 0x80011bde
core   0: 0x80010be2 (0x423f2123) sw      gp, 1058(t5)
core   0: 3 0x80010be2 (0x423f2123) mem 0x80012000 0x00000001
core   0: 0x80010be6 (0x0000bfe5) c.j     pc - 8
core   0: 3 0x80010be6 (0xbfe5)
core   0: 0x80010bde (0x00001f17) auipc   t5, 0x1
core   0: 3 0x80010bde (0x00001f17) x30 0x80011bde
core   0: 0x80010be2 (0x423f2123) sw      gp, 1058(t5)
core   0: 3 0x80010be2 (0x423f2123) mem 0x80012000 0x00000001
core   0: 0x80010be6 (0x0000bfe5) c.j     pc - 8
core   0: 3 0x80010be6 (0xbfe5)
core   0: 0x80010bde (0x00001f17) auipc   t5, 0x1
core   0: 3 0x80010bde (0x00001f17) x30 0x80011bde
core   0: 0x80010be2 (0x423f2123) sw      gp, 1058(t5)
core   0: 3 0x80010be2 (0x423f2123) mem 0x80012000 0x00000001
core   0: 0x80010be6 (0x0000bfe5) c.j     pc - 8
core   0: 3 0x80010be6 (0xbfe5)
core   0: 0x80010bde (0x00001f17) auipc   t5, 0x1
core   0: 3 0x80010bde (0x00001f17) x30 0x80011bde
core   0: 0x80010be2 (0x423f2123) sw      gp, 1058(t5)
core   0: 3 0x80010be2 (0x423f2123) mem 0x80012000 0x00000001
core   0: 0x80010be6 (0x0000bfe5) c.j     pc - 8
core   0: 3 0x80010be6 (0xbfe5)
core   0: 0x80010bde (0x00001f17) auipc   t5, 0x1
core   0: 3 0x80010bde (0x00001f17) x30 0x80011bde
core   0: 0x80010be2 (0x423f2123) sw      gp, 1058(t5)
core   0: 3 0x80010be2 (0x423f2123) mem 0x80012000 0x00000001
core   0: 0x80010be6 (0x0000bfe5) c.j     pc - 8
core   0: 3 0x80010be6 (0xbfe5)
core   0: 0x80010bde (0x00001f17) auipc   t5, 0x1
core   0: 3 0x80010bde (0x00001f17) x30 0x80011bde
core   0: 0x80010be2 (0x423f2123) sw      gp, 1058(t5)
core   0: 3 0x80010be2 (0x423f2123) mem 0x80012000 0x00000001
core   0: 0x80010be6 (0x0000bfe5) c.j     pc - 8
core   0: 3 0x80010be6 (0xbfe5)
core   0: 0x80010bde (0x00001f17) auipc   t5, 0x1
core   0: 3 0x80010bde (0x00001f17) x30 0x80011bde
core   0: 0x80010be2 (0x423f2123) sw      gp, 1058(t5)
core   0: 3 0x80010be2 (0x423f2123) mem 0x80012000 0x00000001
core   0: 0x80010be6 (0x0000bfe5) c.j     pc - 8
core   0: 3 0x80010be6 (0xbfe5)
core   0: 0x80010bde (0x00001f17) auipc   t5, 0x1
core   0: 3 0x80010bde (0x00001f17) x30 0x80011bde
core   0: 0x80010be2 (0x423f2123) sw      gp, 1058(t5)
core   0: 3 0x80010be2 (0x423f2123) mem 0x80012000 0x00000001
core   0: 0x80010be6 (0x0000bfe5) c.j     pc - 8
core   0: 3 0x80010be6 (0xbfe5)
core   0: 0x80010bde (0x00001f17) auipc   t5, 0x1
core   0: 3 0x80010bde (0x00001f17) x30 0x80011bde
core   0: 0x80010be2 (0x423f2123) sw      gp, 1058(t5)
core   0: 3 0x80010be2 (0x423f2123) mem 0x80012000 0x00000001
core   0: 0x80010be6 (0x0000bfe5) c.j     pc - 8
core   0: 3 0x80010be6 (0xbfe5)
core   0: 0x80010bde (0x00001f17) auipc   t5, 0x1
core   0: 3 0x80010bde (0x00001f17) x30 0x80011bde
core   0: 0x80010be2 (0x423f2123) sw      gp, 1058(t5)
core   0: 3 0x80010be2 (0x423f2123) mem 0x80012000 0x00000001
core   0: 0x80010be6 (0x0000bfe5) c.j     pc - 8
core   0: 3 0x80010be6 (0xbfe5)
core   0: 0x80010bde (0x00001f17) auipc   t5, 0x1
core   0: 3 0x80010bde (0x00001f17) x30 0x80011bde
core   0: 0x80010be2 (0x423f2123) sw      gp, 1058(t5)
core   0: 3 0x80010be2 (0x423f2123) mem 0x80012000 0x00000001
core   0: 0x80010be6 (0x0000bfe5) c.j     pc - 8
core   0: 3 0x80010be6 (0xbfe5)
core   0: 0x80010bde (0x00001f17) auipc   t5, 0x1
core   0: 3 0x80010bde (0x00001f17) x30 0x80011bde
core   0: 0x80010be2 (0x423f2123) sw      gp, 1058(t5)
core   0: 3 0x80010be2 (0x423f2123) mem 0x80012000 0x00000001
core   0: 0x80010be6 (0x0000bfe5) c.j     pc - 8
core   0: 3 0x80010be6 (0xbfe5)
core   0: 0x80010bde (0x00001f17) auipc   t5, 0x1
core   0: 3 0x80010bde (0x00001f17) x30 0x80011bde
core   0: 0x80010be2 (0x423f2123) sw      gp, 1058(t5)
core   0: 3 0x80010be2 (0x423f2123) mem 0x80012000 0x00000001
core   0: 0x80010be6 (0x0000bfe5) c.j     pc - 8
core   0: 3 0x80010be6 (0xbfe5)
core   0: 0x80010bde (0x00001f17) auipc   t5, 0x1
core   0: 3 0x80010bde (0x00001f17) x30 0x80011bde
core   0: 0x80010be2 (0x423f2123) sw      gp, 1058(t5)
core   0: 3 0x80010be2 (0x423f2123) mem 0x80012000 0x00000001
core   0: 0x80010be6 (0x0000bfe5) c.j     pc - 8
core   0: 3 0x80010be6 (0xbfe5)
core   0: 0x80010bde (0x00001f17) auipc   t5, 0x1
core   0: 3 0x80010bde (0x00001f17) x30 0x80011bde
core   0: 0x80010be2 (0x423f2123) sw      gp, 1058(t5)
core   0: 3 0x80010be2 (0x423f2123) mem 0x80012000 0x00000001
core   0: 0x80010be6 (0x0000bfe5) c.j     pc - 8
core   0: 3 0x80010be6 (0xbfe5)
core   0: 0x80010bde (0x00001f17) auipc   t5, 0x1
core   0: 3 0x80010bde (0x00001f17) x30 0x80011bde
core   0: 0x80010be2 (0x423f2123) sw      gp, 1058(t5)
core   0: 3 0x80010be2 (0x423f2123) mem 0x80012000 0x00000001
core   0: 0x80010be6 (0x0000bfe5) c.j     pc - 8
core   0: 3 0x80010be6 (0xbfe5)
core   0: 0x80010bde (0x00001f17) auipc   t5, 0x1
core   0: 3 0x80010bde (0x00001f17) x30 0x80011bde
core   0: 0x80010be2 (0x423f2123) sw      gp, 1058(t5)
core   0: 3 0x80010be2 (0x423f2123) mem 0x80012000 0x00000001
core   0: 0x80010be6 (0x0000bfe5) c.j     pc - 8
core   0: 3 0x80010be6 (0xbfe5)
core   0: 0x80010bde (0x00001f17) auipc   t5, 0x1
core   0: 3 0x80010bde (0x00001f17) x30 0x80011bde
core   0: 0x80010be2 (0x423f2123) sw      gp, 1058(t5)
core   0: 3 0x80010be2 (0x423f2123) mem 0x80012000 0x00000001
core   0: 0x80010be6 (0x0000bfe5) c.j     pc - 8
core   0: 3 0x80010be6 (0xbfe5)
core   0: 0x80010bde (0x00001f17) auipc   t5, 0x1
core   0: 3 0x80010bde (0x00001f17) x30 0x80011bde
core   0: 0x80010be2 (0x423f2123) sw      gp, 1058(t5)
core   0: 3 0x80010be2 (0x423f2123) mem 0x80012000 0x00000001
core   0: 0x80010be6 (0x0000bfe5) c.j     pc - 8
core   0: 3 0x80010be6 (0xbfe5)
core   0: 0x80010bde (0x00001f17) auipc   t5, 0x1
core   0: 3 0x80010bde (0x00001f17) x30 0x80011bde
core   0: 0x80010be2 (0x423f2123) sw      gp, 1058(t5)
core   0: 3 0x80010be2 (0x423f2123) mem 0x80012000 0x00000001
core   0: 0x80010be6 (0x0000bfe5) c.j     pc - 8
core   0: 3 0x80010be6 (0xbfe5)
core   0: 0x80010bde (0x00001f17) auipc   t5, 0x1
core   0: 3 0x80010bde (0x00001f17) x30 0x80011bde
core   0: 0x80010be2 (0x423f2123) sw      gp, 1058(t5)
core   0: 3 0x80010be2 (0x423f2123) mem 0x80012000 0x00000001
core   0: 0x80010be6 (0x0000bfe5) c.j     pc - 8
core   0: 3 0x80010be6 (0xbfe5)
core   0: 0x80010bde (0x00001f17) auipc   t5, 0x1
core   0: 3 0x80010bde (0x00001f17) x30 0x80011bde
core   0: 0x80010be2 (0x423f2123) sw      gp, 1058(t5)
core   0: 3 0x80010be2 (0x423f2123) mem 0x80012000 0x00000001
core   0: 0x80010be6 (0x0000bfe5) c.j     pc - 8
core   0: 3 0x80010be6 (0xbfe5)
core   0: 0x80010bde (0x00001f17) auipc   t5, 0x1
core   0: 3 0x80010bde (0x00001f17) x30 0x80011bde
core   0: 0x80010be2 (0x423f2123) sw      gp, 1058(t5)
core   0: 3 0x80010be2 (0x423f2123) mem 0x80012000 0x00000001
core   0: 0x80010be6 (0x0000bfe5) c.j     pc - 8
core   0: 3 0x80010be6 (0xbfe5)
core   0: 0x80010bde (0x00001f17) auipc   t5, 0x1
core   0: 3 0x80010bde (0x00001f17) x30 0x80011bde
core   0: 0x80010be2 (0x423f2123) sw      gp, 1058(t5)
core   0: 3 0x80010be2 (0x423f2123) mem 0x80012000 0x00000001
core   0: 0x80010be6 (0x0000bfe5) c.j     pc - 8
core   0: 3 0x80010be6 (0xbfe5)
core   0: 0x80010bde (0x00001f17) auipc   t5, 0x1
core   0: 3 0x80010bde (0x00001f17) x30 0x80011bde
core   0: 0x80010be2 (0x423f2123) sw      gp, 1058(t5)
core   0: 3 0x80010be2 (0x423f2123) mem 0x80012000 0x00000001
core   0: 0x80010be6 (0x0000bfe5) c.j     pc - 8
core   0: 3 0x80010be6 (0xbfe5)
core   0: 0x80010bde (0x00001f17) auipc   t5, 0x1
core   0: 3 0x80010bde (0x00001f17) x30 0x80011bde
core   0: 0x80010be2 (0x423f2123) sw      gp, 1058(t5)
core   0: 3 0x80010be2 (0x423f2123) mem 0x80012000 0x00000001
core   0: 0x80010be6 (0x0000bfe5) c.j     pc - 8
core   0: 3 0x80010be6 (0xbfe5)
core   0: 0x80010bde (0x00001f17) auipc   t5, 0x1
core   0: 3 0x80010bde (0x00001f17) x30 0x80011bde
core   0: 0x80010be2 (0x423f2123) sw      gp, 1058(t5)
core   0: 3 0x80010be2 (0x423f2123) mem 0x80012000 0x00000001
core   0: 0x80010be6 (0x0000bfe5) c.j     pc - 8
core   0: 3 0x80010be6 (0xbfe5)
core   0: 0x80010bde (0x00001f17) auipc   t5, 0x1
core   0: 3 0x80010bde (0x00001f17) x30 0x80011bde
core   0: 0x80010be2 (0x423f2123) sw      gp, 1058(t5)
core   0: 3 0x80010be2 (0x423f2123) mem 0x80012000 0x00000001
core   0: 0x80010be6 (0x0000bfe5) c.j     pc - 8
core   0: 3 0x80010be6 (0xbfe5)
core   0: 0x80010bde (0x00001f17) auipc   t5, 0x1
core   0: 3 0x80010bde (0x00001f17) x30 0x80011bde
core   0: 0x80010be2 (0x423f2123) sw      gp, 1058(t5)
core   0: 3 0x80010be2 (0x423f2123) mem 0x80012000 0x00000001
core   0: 0x80010be6 (0x0000bfe5) c.j     pc - 8
core   0: 3 0x80010be6 (0xbfe5)
core   0: 0x80010bde (0x00001f17) auipc   t5, 0x1
core   0: 3 0x80010bde (0x00001f17) x30 0x80011bde
core   0: 0x80010be2 (0x423f2123) sw      gp, 1058(t5)
core   0: 3 0x80010be2 (0x423f2123) mem 0x80012000 0x00000001
core   0: 0x80010be6 (0x0000bfe5) c.j     pc - 8
core   0: 3 0x80010be6 (0xbfe5)
core   0: 0x80010bde (0x00001f17) auipc   t5, 0x1
core   0: 3 0x80010bde (0x00001f17) x30 0x80011bde
core   0: 0x80010be2 (0x423f2123) sw      gp, 1058(t5)
core   0: 3 0x80010be2 (0x423f2123) mem 0x80012000 0x00000001
core   0: 0x80010be6 (0x0000bfe5) c.j     pc - 8
core   0: 3 0x80010be6 (0xbfe5)
core   0: 0x80010bde (0x00001f17) auipc   t5, 0x1
core   0: 3 0x80010bde (0x00001f17) x30 0x80011bde
core   0: 0x80010be2 (0x423f2123) sw      gp, 1058(t5)
core   0: 3 0x80010be2 (0x423f2123) mem 0x80012000 0x00000001
core   0: 0x80010be6 (0x0000bfe5) c.j     pc - 8
core   0: 3 0x80010be6 (0xbfe5)
core   0: 0x80010bde (0x00001f17) auipc   t5, 0x1
core   0: 3 0x80010bde (0x00001f17) x30 0x80011bde
core   0: 0x80010be2 (0x423f2123) sw      gp, 1058(t5)
core   0: 3 0x80010be2 (0x423f2123) mem 0x80012000 0x00000001
core   0: 0x80010be6 (0x0000bfe5) c.j     pc - 8
core   0: 3 0x80010be6 (0xbfe5)
core   0: 0x80010bde (0x00001f17) auipc   t5, 0x1
core   0: 3 0x80010bde (0x00001f17) x30 0x80011bde
core   0: 0x80010be2 (0x423f2123) sw      gp, 1058(t5)
core   0: 3 0x80010be2 (0x423f2123) mem 0x80012000 0x00000001
core   0: 0x80010be6 (0x0000bfe5) c.j     pc - 8
core   0: 3 0x80010be6 (0xbfe5)
core   0: 0x80010bde (0x00001f17) auipc   t5, 0x1
core   0: 3 0x80010bde (0x00001f17) x30 0x80011bde
core   0: 0x80010be2 (0x423f2123) sw      gp, 1058(t5)
core   0: 3 0x80010be2 (0x423f2123) mem 0x80012000 0x00000001
core   0: 0x80010be6 (0x0000bfe5) c.j     pc - 8
core   0: 3 0x80010be6 (0xbfe5)
core   0: 0x80010bde (0x00001f17) auipc   t5, 0x1
core   0: 3 0x80010bde (0x00001f17) x30 0x80011bde
core   0: 0x80010be2 (0x423f2123) sw      gp, 1058(t5)
core   0: 3 0x80010be2 (0x423f2123) mem 0x80012000 0x00000001
core   0: 0x80010be6 (0x0000bfe5) c.j     pc - 8
core   0: 3 0x80010be6 (0xbfe5)
core   0: 0x80010bde (0x00001f17) auipc   t5, 0x1
core   0: 3 0x80010bde (0x00001f17) x30 0x80011bde
core   0: 0x80010be2 (0x423f2123) sw      gp, 1058(t5)
core   0: 3 0x80010be2 (0x423f2123) mem 0x80012000 0x00000001
core   0: 0x80010be6 (0x0000bfe5) c.j     pc - 8
core   0: 3 0x80010be6 (0xbfe5)
core   0: 0x80010bde (0x00001f17) auipc   t5, 0x1
core   0: 3 0x80010bde (0x00001f17) x30 0x80011bde
core   0: 0x80010be2 (0x423f2123) sw      gp, 1058(t5)
core   0: 3 0x80010be2 (0x423f2123) mem 0x80012000 0x00000001
core   0: 0x80010be6 (0x0000bfe5) c.j     pc - 8
core   0: 3 0x80010be6 (0xbfe5)
core   0: 0x80010bde (0x00001f17) auipc   t5, 0x1
core   0: 3 0x80010bde (0x00001f17) x30 0x80011bde
core   0: 0x80010be2 (0x423f2123) sw      gp, 1058(t5)
core   0: 3 0x80010be2 (0x423f2123) mem 0x80012000 0x00000001
core   0: 0x80010be6 (0x0000bfe5) c.j     pc - 8
core   0: 3 0x80010be6 (0xbfe5)
core   0: 0x80010bde (0x00001f17) auipc   t5, 0x1
core   0: 3 0x80010bde (0x00001f17) x30 0x80011bde
core   0: 0x80010be2 (0x423f2123) sw      gp, 1058(t5)
core   0: 3 0x80010be2 (0x423f2123) mem 0x80012000 0x00000001
core   0: 0x80010be6 (0x0000bfe5) c.j     pc - 8
core   0: 3 0x80010be6 (0xbfe5)
core   0: 0x80010bde (0x00001f17) auipc   t5, 0x1
core   0: 3 0x80010bde (0x00001f17) x30 0x80011bde
core   0: 0x80010be2 (0x423f2123) sw      gp, 1058(t5)
core   0: 3 0x80010be2 (0x423f2123) mem 0x80012000 0x00000001
core   0: 0x80010be6 (0x0000bfe5) c.j     pc - 8
core   0: 3 0x80010be6 (0xbfe5)
core   0: 0x80010bde (0x00001f17) auipc   t5, 0x1
core   0: 3 0x80010bde (0x00001f17) x30 0x80011bde
core   0: 0x80010be2 (0x423f2123) sw      gp, 1058(t5)
core   0: 3 0x80010be2 (0x423f2123) mem 0x80012000 0x00000001
core   0: 0x80010be6 (0x0000bfe5) c.j     pc - 8
core   0: 3 0x80010be6 (0xbfe5)
core   0: 0x80010bde (0x00001f17) auipc   t5, 0x1
core   0: 3 0x80010bde (0x00001f17) x30 0x80011bde
core   0: 0x80010be2 (0x423f2123) sw      gp, 1058(t5)
core   0: 3 0x80010be2 (0x423f2123) mem 0x80012000 0x00000001
core   0: 0x80010be6 (0x0000bfe5) c.j     pc - 8
core   0: 3 0x80010be6 (0xbfe5)
core   0: 0x80010bde (0x00001f17) auipc   t5, 0x1
core   0: 3 0x80010bde (0x00001f17) x30 0x80011bde
core   0: 0x80010be2 (0x423f2123) sw      gp, 1058(t5)
core   0: 3 0x80010be2 (0x423f2123) mem 0x80012000 0x00000001
core   0: 0x80010be6 (0x0000bfe5) c.j     pc - 8
core   0: 3 0x80010be6 (0xbfe5)
core   0: 0x80010bde (0x00001f17) auipc   t5, 0x1
core   0: 3 0x80010bde (0x00001f17) x30 0x80011bde
core   0: 0x80010be2 (0x423f2123) sw      gp, 1058(t5)
core   0: 3 0x80010be2 (0x423f2123) mem 0x80012000 0x00000001
core   0: 0x80010be6 (0x0000bfe5) c.j     pc - 8
core   0: 3 0x80010be6 (0xbfe5)
core   0: 0x80010bde (0x00001f17) auipc   t5, 0x1
core   0: 3 0x80010bde (0x00001f17) x30 0x80011bde
core   0: 0x80010be2 (0x423f2123) sw      gp, 1058(t5)
core   0: 3 0x80010be2 (0x423f2123) mem 0x80012000 0x00000001
core   0: 0x80010be6 (0x0000bfe5) c.j     pc - 8
core   0: 3 0x80010be6 (0xbfe5)
core   0: 0x80010bde (0x00001f17) auipc   t5, 0x1
core   0: 3 0x80010bde (0x00001f17) x30 0x80011bde
core   0: 0x80010be2 (0x423f2123) sw      gp, 1058(t5)
core   0: 3 0x80010be2 (0x423f2123) mem 0x80012000 0x00000001
core   0: 0x80010be6 (0x0000bfe5) c.j     pc - 8
core   0: 3 0x80010be6 (0xbfe5)
core   0: 0x80010bde (0x00001f17) auipc   t5, 0x1
core   0: 3 0x80010bde (0x00001f17) x30 0x80011bde
core   0: 0x80010be2 (0x423f2123) sw      gp, 1058(t5)
core   0: 3 0x80010be2 (0x423f2123) mem 0x80012000 0x00000001
core   0: 0x80010be6 (0x0000bfe5) c.j     pc - 8
core   0: 3 0x80010be6 (0xbfe5)
core   0: 0x80010bde (0x00001f17) auipc   t5, 0x1
core   0: 3 0x80010bde (0x00001f17) x30 0x80011bde
core   0: 0x80010be2 (0x423f2123) sw      gp, 1058(t5)
core   0: 3 0x80010be2 (0x423f2123) mem 0x80012000 0x00000001
core   0: 0x80010be6 (0x0000bfe5) c.j     pc - 8
core   0: 3 0x80010be6 (0xbfe5)
core   0: 0x80010bde (0x00001f17) auipc   t5, 0x1
core   0: 3 0x80010bde (0x00001f17) x30 0x80011bde
core   0: 0x80010be2 (0x423f2123) sw      gp, 1058(t5)
core   0: 3 0x80010be2 (0x423f2123) mem 0x80012000 0x00000001
core   0: 0x80010be6 (0x0000bfe5) c.j     pc - 8
core   0: 3 0x80010be6 (0xbfe5)
core   0: 0x80010bde (0x00001f17) auipc   t5, 0x1
core   0: 3 0x80010bde (0x00001f17) x30 0x80011bde
core   0: 0x80010be2 (0x423f2123) sw      gp, 1058(t5)
core   0: 3 0x80010be2 (0x423f2123) mem 0x80012000 0x00000001
core   0: 0x80010be6 (0x0000bfe5) c.j     pc - 8
core   0: 3 0x80010be6 (0xbfe5)
core   0: 0x80010bde (0x00001f17) auipc   t5, 0x1
core   0: 3 0x80010bde (0x00001f17) x30 0x80011bde
core   0: 0x80010be2 (0x423f2123) sw      gp, 1058(t5)
core   0: 3 0x80010be2 (0x423f2123) mem 0x80012000 0x00000001
core   0: 0x80010be6 (0x0000bfe5) c.j     pc - 8
core   0: 3 0x80010be6 (0xbfe5)
core   0: 0x80010bde (0x00001f17) auipc   t5, 0x1
core   0: 3 0x80010bde (0x00001f17) x30 0x80011bde
core   0: 0x80010be2 (0x423f2123) sw      gp, 1058(t5)
core   0: 3 0x80010be2 (0x423f2123) mem 0x80012000 0x00000001
core   0: 0x80010be6 (0x0000bfe5) c.j     pc - 8
core   0: 3 0x80010be6 (0xbfe5)
core   0: 0x80010bde (0x00001f17) auipc   t5, 0x1
core   0: 3 0x80010bde (0x00001f17) x30 0x80011bde
core   0: 0x80010be2 (0x423f2123) sw      gp, 1058(t5)
core   0: 3 0x80010be2 (0x423f2123) mem 0x80012000 0x00000001
core   0: 0x80010be6 (0x0000bfe5) c.j     pc - 8
core   0: 3 0x80010be6 (0xbfe5)
core   0: 0x80010bde (0x00001f17) auipc   t5, 0x1
core   0: 3 0x80010bde (0x00001f17) x30 0x80011bde
core   0: 0x80010be2 (0x423f2123) sw      gp, 1058(t5)
core   0: 3 0x80010be2 (0x423f2123) mem 0x80012000 0x00000001
core   0: 0x80010be6 (0x0000bfe5) c.j     pc - 8
core   0: 3 0x80010be6 (0xbfe5)
core   0: 0x80010bde (0x00001f17) auipc   t5, 0x1
core   0: 3 0x80010bde (0x00001f17) x30 0x80011bde
core   0: 0x80010be2 (0x423f2123) sw      gp, 1058(t5)
core   0: 3 0x80010be2 (0x423f2123) mem 0x80012000 0x00000001
core   0: 0x80010be6 (0x0000bfe5) c.j     pc - 8
core   0: 3 0x80010be6 (0xbfe5)
core   0: 0x80010bde (0x00001f17) auipc   t5, 0x1
core   0: 3 0x80010bde (0x00001f17) x30 0x80011bde
core   0: 0x80010be2 (0x423f2123) sw      gp, 1058(t5)
core   0: 3 0x80010be2 (0x423f2123) mem 0x80012000 0x00000001
core   0: 0x80010be6 (0x0000bfe5) c.j     pc - 8
core   0: 3 0x80010be6 (0xbfe5)
core   0: 0x80010bde (0x00001f17) auipc   t5, 0x1
core   0: 3 0x80010bde (0x00001f17) x30 0x80011bde
core   0: 0x80010be2 (0x423f2123) sw      gp, 1058(t5)
core   0: 3 0x80010be2 (0x423f2123) mem 0x80012000 0x00000001
core   0: 0x80010be6 (0x0000bfe5) c.j     pc - 8
core   0: 3 0x80010be6 (0xbfe5)
core   0: 0x80010bde (0x00001f17) auipc   t5, 0x1
core   0: 3 0x80010bde (0x00001f17) x30 0x80011bde
core   0: 0x80010be2 (0x423f2123) sw      gp, 1058(t5)
core   0: 3 0x80010be2 (0x423f2123) mem 0x80012000 0x00000001
core   0: 0x80010be6 (0x0000bfe5) c.j     pc - 8
core   0: 3 0x80010be6 (0xbfe5)
core   0: 0x80010bde (0x00001f17) auipc   t5, 0x1
core   0: 3 0x80010bde (0x00001f17) x30 0x80011bde
core   0: 0x80010be2 (0x423f2123) sw      gp, 1058(t5)
core   0: 3 0x80010be2 (0x423f2123) mem 0x80012000 0x00000001
core   0: 0x80010be6 (0x0000bfe5) c.j     pc - 8
core   0: 3 0x80010be6 (0xbfe5)
core   0: 0x80010bde (0x00001f17) auipc   t5, 0x1
core   0: 3 0x80010bde (0x00001f17) x30 0x80011bde
core   0: 0x80010be2 (0x423f2123) sw      gp, 1058(t5)
core   0: 3 0x80010be2 (0x423f2123) mem 0x80012000 0x00000001
core   0: 0x80010be6 (0x0000bfe5) c.j     pc - 8
core   0: 3 0x80010be6 (0xbfe5)
core   0: 0x80010bde (0x00001f17) auipc   t5, 0x1
core   0: 3 0x80010bde (0x00001f17) x30 0x80011bde
core   0: 0x80010be2 (0x423f2123) sw      gp, 1058(t5)
core   0: 3 0x80010be2 (0x423f2123) mem 0x80012000 0x00000001
core   0: 0x80010be6 (0x0000bfe5) c.j     pc - 8
core   0: 3 0x80010be6 (0xbfe5)
core   0: 0x80010bde (0x00001f17) auipc   t5, 0x1
core   0: 3 0x80010bde (0x00001f17) x30 0x80011bde
core   0: 0x80010be2 (0x423f2123) sw      gp, 1058(t5)
core   0: 3 0x80010be2 (0x423f2123) mem 0x80012000 0x00000001
core   0: 0x80010be6 (0x0000bfe5) c.j     pc - 8
core   0: 3 0x80010be6 (0xbfe5)
core   0: 0x80010bde (0x00001f17) auipc   t5, 0x1
core   0: 3 0x80010bde (0x00001f17) x30 0x80011bde
core   0: 0x80010be2 (0x423f2123) sw      gp, 1058(t5)
core   0: 3 0x80010be2 (0x423f2123) mem 0x80012000 0x00000001
core   0: 0x80010be6 (0x0000bfe5) c.j     pc - 8
core   0: 3 0x80010be6 (0xbfe5)
core   0: 0x80010bde (0x00001f17) auipc   t5, 0x1
core   0: 3 0x80010bde (0x00001f17) x30 0x80011bde
core   0: 0x80010be2 (0x423f2123) sw      gp, 1058(t5)
core   0: 3 0x80010be2 (0x423f2123) mem 0x80012000 0x00000001
core   0: 0x80010be6 (0x0000bfe5) c.j     pc - 8
core   0: 3 0x80010be6 (0xbfe5)
core   0: 0x80010bde (0x00001f17) auipc   t5, 0x1
core   0: 3 0x80010bde (0x00001f17) x30 0x80011bde
core   0: 0x80010be2 (0x423f2123) sw      gp, 1058(t5)
core   0: 3 0x80010be2 (0x423f2123) mem 0x80012000 0x00000001
core   0: 0x80010be6 (0x0000bfe5) c.j     pc - 8
core   0: 3 0x80010be6 (0xbfe5)
core   0: 0x80010bde (0x00001f17) auipc   t5, 0x1
core   0: 3 0x80010bde (0x00001f17) x30 0x80011bde
core   0: 0x80010be2 (0x423f2123) sw      gp, 1058(t5)
core   0: 3 0x80010be2 (0x423f2123) mem 0x80012000 0x00000001
core   0: 0x80010be6 (0x0000bfe5) c.j     pc - 8
core   0: 3 0x80010be6 (0xbfe5)
core   0: 0x80010bde (0x00001f17) auipc   t5, 0x1
core   0: 3 0x80010bde (0x00001f17) x30 0x80011bde
core   0: 0x80010be2 (0x423f2123) sw      gp, 1058(t5)
core   0: 3 0x80010be2 (0x423f2123) mem 0x80012000 0x00000001
core   0: 0x80010be6 (0x0000bfe5) c.j     pc - 8
core   0: 3 0x80010be6 (0xbfe5)
core   0: 0x80010bde (0x00001f17) auipc   t5, 0x1
core   0: 3 0x80010bde (0x00001f17) x30 0x80011bde
core   0: 0x80010be2 (0x423f2123) sw      gp, 1058(t5)
core   0: 3 0x80010be2 (0x423f2123) mem 0x80012000 0x00000001
core   0: 0x80010be6 (0x0000bfe5) c.j     pc - 8
core   0: 3 0x80010be6 (0xbfe5)
core   0: 0x80010bde (0x00001f17) auipc   t5, 0x1
core   0: 3 0x80010bde (0x00001f17) x30 0x80011bde
core   0: 0x80010be2 (0x423f2123) sw      gp, 1058(t5)
core   0: 3 0x80010be2 (0x423f2123) mem 0x80012000 0x00000001
core   0: 0x80010be6 (0x0000bfe5) c.j     pc - 8
core   0: 3 0x80010be6 (0xbfe5)
core   0: 0x80010bde (0x00001f17) auipc   t5, 0x1
core   0: 3 0x80010bde (0x00001f17) x30 0x80011bde
core   0: 0x80010be2 (0x423f2123) sw      gp, 1058(t5)
core   0: 3 0x80010be2 (0x423f2123) mem 0x80012000 0x00000001
core   0: 0x80010be6 (0x0000bfe5) c.j     pc - 8
core   0: 3 0x80010be6 (0xbfe5)
core   0: 0x80010bde (0x00001f17) auipc   t5, 0x1
core   0: 3 0x80010bde (0x00001f17) x30 0x80011bde
core   0: 0x80010be2 (0x423f2123) sw      gp, 1058(t5)
core   0: 3 0x80010be2 (0x423f2123) mem 0x80012000 0x00000001
core   0: 0x80010be6 (0x0000bfe5) c.j     pc - 8
core   0: 3 0x80010be6 (0xbfe5)
core   0: 0x80010bde (0x00001f17) auipc   t5, 0x1
core   0: 3 0x80010bde (0x00001f17) x30 0x80011bde
core   0: 0x80010be2 (0x423f2123) sw      gp, 1058(t5)
core   0: 3 0x80010be2 (0x423f2123) mem 0x80012000 0x00000001
core   0: 0x80010be6 (0x0000bfe5) c.j     pc - 8
core   0: 3 0x80010be6 (0xbfe5)
core   0: 0x80010bde (0x00001f17) auipc   t5, 0x1
core   0: 3 0x80010bde (0x00001f17) x30 0x80011bde
core   0: 0x80010be2 (0x423f2123) sw      gp, 1058(t5)
core   0: 3 0x80010be2 (0x423f2123) mem 0x80012000 0x00000001
core   0: 0x80010be6 (0x0000bfe5) c.j     pc - 8
core   0: 3 0x80010be6 (0xbfe5)
core   0: 0x80010bde (0x00001f17) auipc   t5, 0x1
core   0: 3 0x80010bde (0x00001f17) x30 0x80011bde
core   0: 0x80010be2 (0x423f2123) sw      gp, 1058(t5)
core   0: 3 0x80010be2 (0x423f2123) mem 0x80012000 0x00000001
core   0: 0x80010be6 (0x0000bfe5) c.j     pc - 8
core   0: 3 0x80010be6 (0xbfe5)
core   0: 0x80010bde (0x00001f17) auipc   t5, 0x1
core   0: 3 0x80010bde (0x00001f17) x30 0x80011bde
core   0: 0x80010be2 (0x423f2123) sw      gp, 1058(t5)
core   0: 3 0x80010be2 (0x423f2123) mem 0x80012000 0x00000001
core   0: 0x80010be6 (0x0000bfe5) c.j     pc - 8
core   0: 3 0x80010be6 (0xbfe5)
core   0: 0x80010bde (0x00001f17) auipc   t5, 0x1
core   0: 3 0x80010bde (0x00001f17) x30 0x80011bde
core   0: 0x80010be2 (0x423f2123) sw      gp, 1058(t5)
core   0: 3 0x80010be2 (0x423f2123) mem 0x80012000 0x00000001
core   0: 0x80010be6 (0x0000bfe5) c.j     pc - 8
core   0: 3 0x80010be6 (0xbfe5)
core   0: 0x80010bde (0x00001f17) auipc   t5, 0x1
core   0: 3 0x80010bde (0x00001f17) x30 0x80011bde
core   0: 0x80010be2 (0x423f2123) sw      gp, 1058(t5)
core   0: 3 0x80010be2 (0x423f2123) mem 0x80012000 0x00000001
core   0: 0x80010be6 (0x0000bfe5) c.j     pc - 8
core   0: 3 0x80010be6 (0xbfe5)
core   0: 0x80010bde (0x00001f17) auipc   t5, 0x1
core   0: 3 0x80010bde (0x00001f17) x30 0x80011bde
core   0: 0x80010be2 (0x423f2123) sw      gp, 1058(t5)
core   0: 3 0x80010be2 (0x423f2123) mem 0x80012000 0x00000001
core   0: 0x80010be6 (0x0000bfe5) c.j     pc - 8
core   0: 3 0x80010be6 (0xbfe5)
core   0: 0x80010bde (0x00001f17) auipc   t5, 0x1
core   0: 3 0x80010bde (0x00001f17) x30 0x80011bde
core   0: 0x80010be2 (0x423f2123) sw      gp, 1058(t5)
core   0: 3 0x80010be2 (0x423f2123) mem 0x80012000 0x00000001
core   0: 0x80010be6 (0x0000bfe5) c.j     pc - 8
core   0: 3 0x80010be6 (0xbfe5)
core   0: 0x80010bde (0x00001f17) auipc   t5, 0x1
core   0: 3 0x80010bde (0x00001f17) x30 0x80011bde
core   0: 0x80010be2 (0x423f2123) sw      gp, 1058(t5)
core   0: 3 0x80010be2 (0x423f2123) mem 0x80012000 0x00000001
core   0: 0x80010be6 (0x0000bfe5) c.j     pc - 8
core   0: 3 0x80010be6 (0xbfe5)
core   0: 0x80010bde (0x00001f17) auipc   t5, 0x1
core   0: 3 0x80010bde (0x00001f17) x30 0x80011bde
core   0: 0x80010be2 (0x423f2123) sw      gp, 1058(t5)
core   0: 3 0x80010be2 (0x423f2123) mem 0x80012000 0x00000001
core   0: 0x80010be6 (0x0000bfe5) c.j     pc - 8
core   0: 3 0x80010be6 (0xbfe5)
core   0: 0x80010bde (0x00001f17) auipc   t5, 0x1
core   0: 3 0x80010bde (0x00001f17) x30 0x80011bde
core   0: 0x80010be2 (0x423f2123) sw      gp, 1058(t5)
core   0: 3 0x80010be2 (0x423f2123) mem 0x80012000 0x00000001
core   0: 0x80010be6 (0x0000bfe5) c.j     pc - 8
core   0: 3 0x80010be6 (0xbfe5)
core   0: 0x80010bde (0x00001f17) auipc   t5, 0x1
core   0: 3 0x80010bde (0x00001f17) x30 0x80011bde
core   0: 0x80010be2 (0x423f2123) sw      gp, 1058(t5)
core   0: 3 0x80010be2 (0x423f2123) mem 0x80012000 0x00000001
core   0: 0x80010be6 (0x0000bfe5) c.j     pc - 8
core   0: 3 0x80010be6 (0xbfe5)
core   0: 0x80010bde (0x00001f17) auipc   t5, 0x1
core   0: 3 0x80010bde (0x00001f17) x30 0x80011bde
core   0: 0x80010be2 (0x423f2123) sw      gp, 1058(t5)
core   0: 3 0x80010be2 (0x423f2123) mem 0x80012000 0x00000001
core   0: 0x80010be6 (0x0000bfe5) c.j     pc - 8
core   0: 3 0x80010be6 (0xbfe5)
core   0: 0x80010bde (0x00001f17) auipc   t5, 0x1
core   0: 3 0x80010bde (0x00001f17) x30 0x80011bde
core   0: 0x80010be2 (0x423f2123) sw      gp, 1058(t5)
core   0: 3 0x80010be2 (0x423f2123) mem 0x80012000 0x00000001
core   0: 0x80010be6 (0x0000bfe5) c.j     pc - 8
core   0: 3 0x80010be6 (0xbfe5)
core   0: 0x80010bde (0x00001f17) auipc   t5, 0x1
core   0: 3 0x80010bde (0x00001f17) x30 0x80011bde
core   0: 0x80010be2 (0x423f2123) sw      gp, 1058(t5)
core   0: 3 0x80010be2 (0x423f2123) mem 0x80012000 0x00000001
core   0: 0x80010be6 (0x0000bfe5) c.j     pc - 8
core   0: 3 0x80010be6 (0xbfe5)
core   0: 0x80010bde (0x00001f17) auipc   t5, 0x1
core   0: 3 0x80010bde (0x00001f17) x30 0x80011bde
core   0: 0x80010be2 (0x423f2123) sw      gp, 1058(t5)
core   0: 3 0x80010be2 (0x423f2123) mem 0x80012000 0x00000001
core   0: 0x80010be6 (0x0000bfe5) c.j     pc - 8
core   0: 3 0x80010be6 (0xbfe5)
core   0: 0x80010bde (0x00001f17) auipc   t5, 0x1
core   0: 3 0x80010bde (0x00001f17) x30 0x80011bde
core   0: 0x80010be2 (0x423f2123) sw      gp, 1058(t5)
core   0: 3 0x80010be2 (0x423f2123) mem 0x80012000 0x00000001
core   0: 0x80010be6 (0x0000bfe5) c.j     pc - 8
core   0: 3 0x80010be6 (0xbfe5)
core   0: 0x80010bde (0x00001f17) auipc   t5, 0x1
core   0: 3 0x80010bde (0x00001f17) x30 0x80011bde
core   0: 0x80010be2 (0x423f2123) sw      gp, 1058(t5)
core   0: 3 0x80010be2 (0x423f2123) mem 0x80012000 0x00000001
core   0: 0x80010be6 (0x0000bfe5) c.j     pc - 8
core   0: 3 0x80010be6 (0xbfe5)
core   0: 0x80010bde (0x00001f17) auipc   t5, 0x1
core   0: 3 0x80010bde (0x00001f17) x30 0x80011bde
core   0: 0x80010be2 (0x423f2123) sw      gp, 1058(t5)
core   0: 3 0x80010be2 (0x423f2123) mem 0x80012000 0x00000001
core   0: 0x80010be6 (0x0000bfe5) c.j     pc - 8
core   0: 3 0x80010be6 (0xbfe5)
core   0: 0x80010bde (0x00001f17) auipc   t5, 0x1
core   0: 3 0x80010bde (0x00001f17) x30 0x80011bde
core   0: 0x80010be2 (0x423f2123) sw      gp, 1058(t5)
core   0: 3 0x80010be2 (0x423f2123) mem 0x80012000 0x00000001
core   0: 0x80010be6 (0x0000bfe5) c.j     pc - 8
core   0: 3 0x80010be6 (0xbfe5)
core   0: 0x80010bde (0x00001f17) auipc   t5, 0x1
core   0: 3 0x80010bde (0x00001f17) x30 0x80011bde
core   0: 0x80010be2 (0x423f2123) sw      gp, 1058(t5)
core   0: 3 0x80010be2 (0x423f2123) mem 0x80012000 0x00000001
core   0: 0x80010be6 (0x0000bfe5) c.j     pc - 8
core   0: 3 0x80010be6 (0xbfe5)
core   0: 0x80010bde (0x00001f17) auipc   t5, 0x1
core   0: 3 0x80010bde (0x00001f17) x30 0x80011bde
core   0: 0x80010be2 (0x423f2123) sw      gp, 1058(t5)
core   0: 3 0x80010be2 (0x423f2123) mem 0x80012000 0x00000001
core   0: 0x80010be6 (0x0000bfe5) c.j     pc - 8
core   0: 3 0x80010be6 (0xbfe5)
core   0: 0x80010bde (0x00001f17) auipc   t5, 0x1
core   0: 3 0x80010bde (0x00001f17) x30 0x80011bde
core   0: 0x80010be2 (0x423f2123) sw      gp, 1058(t5)
core   0: 3 0x80010be2 (0x423f2123) mem 0x80012000 0x00000001
core   0: 0x80010be6 (0x0000bfe5) c.j     pc - 8
core   0: 3 0x80010be6 (0xbfe5)
core   0: 0x80010bde (0x00001f17) auipc   t5, 0x1
core   0: 3 0x80010bde (0x00001f17) x30 0x80011bde
core   0: 0x80010be2 (0x423f2123) sw      gp, 1058(t5)
core   0: 3 0x80010be2 (0x423f2123) mem 0x80012000 0x00000001
core   0: 0x80010be6 (0x0000bfe5) c.j     pc - 8
core   0: 3 0x80010be6 (0xbfe5)
core   0: 0x80010bde (0x00001f17) auipc   t5, 0x1
core   0: 3 0x80010bde (0x00001f17) x30 0x80011bde
core   0: 0x80010be2 (0x423f2123) sw      gp, 1058(t5)
core   0: 3 0x80010be2 (0x423f2123) mem 0x80012000 0x00000001
core   0: 0x80010be6 (0x0000bfe5) c.j     pc - 8
core   0: 3 0x80010be6 (0xbfe5)
core   0: 0x80010bde (0x00001f17) auipc   t5, 0x1
core   0: 3 0x80010bde (0x00001f17) x30 0x80011bde
core   0: 0x80010be2 (0x423f2123) sw      gp, 1058(t5)
core   0: 3 0x80010be2 (0x423f2123) mem 0x80012000 0x00000001
core   0: 0x80010be6 (0x0000bfe5) c.j     pc - 8
core   0: 3 0x80010be6 (0xbfe5)
core   0: 0x80010bde (0x00001f17) auipc   t5, 0x1
core   0: 3 0x80010bde (0x00001f17) x30 0x80011bde
core   0: 0x80010be2 (0x423f2123) sw      gp, 1058(t5)
core   0: 3 0x80010be2 (0x423f2123) mem 0x80012000 0x00000001
core   0: 0x80010be6 (0x0000bfe5) c.j     pc - 8
core   0: 3 0x80010be6 (0xbfe5)
core   0: 0x80010bde (0x00001f17) auipc   t5, 0x1
core   0: 3 0x80010bde (0x00001f17) x30 0x80011bde
core   0: 0x80010be2 (0x423f2123) sw      gp, 1058(t5)
core   0: 3 0x80010be2 (0x423f2123) mem 0x80012000 0x00000001
core   0: 0x80010be6 (0x0000bfe5) c.j     pc - 8
core   0: 3 0x80010be6 (0xbfe5)
core   0: 0x80010bde (0x00001f17) auipc   t5, 0x1
core   0: 3 0x80010bde (0x00001f17) x30 0x80011bde
core   0: 0x80010be2 (0x423f2123) sw      gp, 1058(t5)
core   0: 3 0x80010be2 (0x423f2123) mem 0x80012000 0x00000001
core   0: 0x80010be6 (0x0000bfe5) c.j     pc - 8
core   0: 3 0x80010be6 (0xbfe5)
core   0: 0x80010bde (0x00001f17) auipc   t5, 0x1
core   0: 3 0x80010bde (0x00001f17) x30 0x80011bde
core   0: 0x80010be2 (0x423f2123) sw      gp, 1058(t5)
core   0: 3 0x80010be2 (0x423f2123) mem 0x80012000 0x00000001
core   0: 0x80010be6 (0x0000bfe5) c.j     pc - 8
core   0: 3 0x80010be6 (0xbfe5)
core   0: 0x80010bde (0x00001f17) auipc   t5, 0x1
core   0: 3 0x80010bde (0x00001f17) x30 0x80011bde
core   0: 0x80010be2 (0x423f2123) sw      gp, 1058(t5)
core   0: 3 0x80010be2 (0x423f2123) mem 0x80012000 0x00000001
core   0: 0x80010be6 (0x0000bfe5) c.j     pc - 8
core   0: 3 0x80010be6 (0xbfe5)
core   0: 0x80010bde (0x00001f17) auipc   t5, 0x1
core   0: 3 0x80010bde (0x00001f17) x30 0x80011bde
core   0: 0x80010be2 (0x423f2123) sw      gp, 1058(t5)
core   0: 3 0x80010be2 (0x423f2123) mem 0x80012000 0x00000001
core   0: 0x80010be6 (0x0000bfe5) c.j     pc - 8
core   0: 3 0x80010be6 (0xbfe5)
core   0: 0x80010bde (0x00001f17) auipc   t5, 0x1
core   0: 3 0x80010bde (0x00001f17) x30 0x80011bde
core   0: 0x80010be2 (0x423f2123) sw      gp, 1058(t5)
core   0: 3 0x80010be2 (0x423f2123) mem 0x80012000 0x00000001
core   0: 0x80010be6 (0x0000bfe5) c.j     pc - 8
core   0: 3 0x80010be6 (0xbfe5)
core   0: 0x80010bde (0x00001f17) auipc   t5, 0x1
core   0: 3 0x80010bde (0x00001f17) x30 0x80011bde
core   0: 0x80010be2 (0x423f2123) sw      gp, 1058(t5)
core   0: 3 0x80010be2 (0x423f2123) mem 0x80012000 0x00000001
core   0: 0x80010be6 (0x0000bfe5) c.j     pc - 8
core   0: 3 0x80010be6 (0xbfe5)
core   0: 0x80010bde (0x00001f17) auipc   t5, 0x1
core   0: 3 0x80010bde (0x00001f17) x30 0x80011bde
core   0: 0x80010be2 (0x423f2123) sw      gp, 1058(t5)
core   0: 3 0x80010be2 (0x423f2123) mem 0x80012000 0x00000001
core   0: 0x80010be6 (0x0000bfe5) c.j     pc - 8
core   0: 3 0x80010be6 (0xbfe5)
core   0: 0x80010bde (0x00001f17) auipc   t5, 0x1
core   0: 3 0x80010bde (0x00001f17) x30 0x80011bde
core   0: 0x80010be2 (0x423f2123) sw      gp, 1058(t5)
core   0: 3 0x80010be2 (0x423f2123) mem 0x80012000 0x00000001
core   0: 0x80010be6 (0x0000bfe5) c.j     pc - 8
core   0: 3 0x80010be6 (0xbfe5)
core   0: 0x80010bde (0x00001f17) auipc   t5, 0x1
core   0: 3 0x80010bde (0x00001f17) x30 0x80011bde
core   0: 0x80010be2 (0x423f2123) sw      gp, 1058(t5)
core   0: 3 0x80010be2 (0x423f2123) mem 0x80012000 0x00000001
core   0: 0x80010be6 (0x0000bfe5) c.j     pc - 8
core   0: 3 0x80010be6 (0xbfe5)
core   0: 0x80010bde (0x00001f17) auipc   t5, 0x1
core   0: 3 0x80010bde (0x00001f17) x30 0x80011bde
core   0: 0x80010be2 (0x423f2123) sw      gp, 1058(t5)
core   0: 3 0x80010be2 (0x423f2123) mem 0x80012000 0x00000001
core   0: 0x80010be6 (0x0000bfe5) c.j     pc - 8
core   0: 3 0x80010be6 (0xbfe5)
core   0: 0x80010bde (0x00001f17) auipc   t5, 0x1
core   0: 3 0x80010bde (0x00001f17) x30 0x80011bde
core   0: 0x80010be2 (0x423f2123) sw      gp, 1058(t5)
core   0: 3 0x80010be2 (0x423f2123) mem 0x80012000 0x00000001
core   0: 0x80010be6 (0x0000bfe5) c.j     pc - 8
core   0: 3 0x80010be6 (0xbfe5)
core   0: 0x80010bde (0x00001f17) auipc   t5, 0x1
core   0: 3 0x80010bde (0x00001f17) x30 0x80011bde
core   0: 0x80010be2 (0x423f2123) sw      gp, 1058(t5)
core   0: 3 0x80010be2 (0x423f2123) mem 0x80012000 0x00000001
core   0: 0x80010be6 (0x0000bfe5) c.j     pc - 8
core   0: 3 0x80010be6 (0xbfe5)
core   0: 0x80010bde (0x00001f17) auipc   t5, 0x1
core   0: 3 0x80010bde (0x00001f17) x30 0x80011bde
core   0: 0x80010be2 (0x423f2123) sw      gp, 1058(t5)
core   0: 3 0x80010be2 (0x423f2123) mem 0x80012000 0x00000001
core   0: 0x80010be6 (0x0000bfe5) c.j     pc - 8
core   0: 3 0x80010be6 (0xbfe5)
core   0: 0x80010bde (0x00001f17) auipc   t5, 0x1
core   0: 3 0x80010bde (0x00001f17) x30 0x80011bde
core   0: 0x80010be2 (0x423f2123) sw      gp, 1058(t5)
core   0: 3 0x80010be2 (0x423f2123) mem 0x80012000 0x00000001
core   0: 0x80010be6 (0x0000bfe5) c.j     pc - 8
core   0: 3 0x80010be6 (0xbfe5)
core   0: 0x80010bde (0x00001f17) auipc   t5, 0x1
core   0: 3 0x80010bde (0x00001f17) x30 0x80011bde
core   0: 0x80010be2 (0x423f2123) sw      gp, 1058(t5)
core   0: 3 0x80010be2 (0x423f2123) mem 0x80012000 0x00000001
core   0: 0x80010be6 (0x0000bfe5) c.j     pc - 8
core   0: 3 0x80010be6 (0xbfe5)
core   0: 0x80010bde (0x00001f17) auipc   t5, 0x1
core   0: 3 0x80010bde (0x00001f17) x30 0x80011bde
core   0: 0x80010be2 (0x423f2123) sw      gp, 1058(t5)
core   0: 3 0x80010be2 (0x423f2123) mem 0x80012000 0x00000001
core   0: 0x80010be6 (0x0000bfe5) c.j     pc - 8
core   0: 3 0x80010be6 (0xbfe5)
core   0: 0x80010bde (0x00001f17) auipc   t5, 0x1
core   0: 3 0x80010bde (0x00001f17) x30 0x80011bde
core   0: 0x80010be2 (0x423f2123) sw      gp, 1058(t5)
core   0: 3 0x80010be2 (0x423f2123) mem 0x80012000 0x00000001
core   0: 0x80010be6 (0x0000bfe5) c.j     pc - 8
core   0: 3 0x80010be6 (0xbfe5)
core   0: 0x80010bde (0x00001f17) auipc   t5, 0x1
core   0: 3 0x80010bde (0x00001f17) x30 0x80011bde
core   0: 0x80010be2 (0x423f2123) sw      gp, 1058(t5)
core   0: 3 0x80010be2 (0x423f2123) mem 0x80012000 0x00000001
core   0: 0x80010be6 (0x0000bfe5) c.j     pc - 8
core   0: 3 0x80010be6 (0xbfe5)
core   0: 0x80010bde (0x00001f17) auipc   t5, 0x1
core   0: 3 0x80010bde (0x00001f17) x30 0x80011bde
core   0: 0x80010be2 (0x423f2123) sw      gp, 1058(t5)
core   0: 3 0x80010be2 (0x423f2123) mem 0x80012000 0x00000001
core   0: 0x80010be6 (0x0000bfe5) c.j     pc - 8
core   0: 3 0x80010be6 (0xbfe5)
core   0: 0x80010bde (0x00001f17) auipc   t5, 0x1
core   0: 3 0x80010bde (0x00001f17) x30 0x80011bde
core   0: 0x80010be2 (0x423f2123) sw      gp, 1058(t5)
core   0: 3 0x80010be2 (0x423f2123) mem 0x80012000 0x00000001
core   0: 0x80010be6 (0x0000bfe5) c.j     pc - 8
core   0: 3 0x80010be6 (0xbfe5)
core   0: 0x80010bde (0x00001f17) auipc   t5, 0x1
core   0: 3 0x80010bde (0x00001f17) x30 0x80011bde
core   0: 0x80010be2 (0x423f2123) sw      gp, 1058(t5)
core   0: 3 0x80010be2 (0x423f2123) mem 0x80012000 0x00000001
core   0: 0x80010be6 (0x0000bfe5) c.j     pc - 8
core   0: 3 0x80010be6 (0xbfe5)
core   0: 0x80010bde (0x00001f17) auipc   t5, 0x1
core   0: 3 0x80010bde (0x00001f17) x30 0x80011bde
core   0: 0x80010be2 (0x423f2123) sw      gp, 1058(t5)
core   0: 3 0x80010be2 (0x423f2123) mem 0x80012000 0x00000001
core   0: 0x80010be6 (0x0000bfe5) c.j     pc - 8
core   0: 3 0x80010be6 (0xbfe5)
core   0: 0x80010bde (0x00001f17) auipc   t5, 0x1
core   0: 3 0x80010bde (0x00001f17) x30 0x80011bde
core   0: 0x80010be2 (0x423f2123) sw      gp, 1058(t5)
core   0: 3 0x80010be2 (0x423f2123) mem 0x80012000 0x00000001
core   0: 0x80010be6 (0x0000bfe5) c.j     pc - 8
core   0: 3 0x80010be6 (0xbfe5)
core   0: 0x80010bde (0x00001f17) auipc   t5, 0x1
core   0: 3 0x80010bde (0x00001f17) x30 0x80011bde
core   0: 0x80010be2 (0x423f2123) sw      gp, 1058(t5)
core   0: 3 0x80010be2 (0x423f2123) mem 0x80012000 0x00000001
core   0: 0x80010be6 (0x0000bfe5) c.j     pc - 8
core   0: 3 0x80010be6 (0xbfe5)
core   0: 0x80010bde (0x00001f17) auipc   t5, 0x1
core   0: 3 0x80010bde (0x00001f17) x30 0x80011bde
core   0: 0x80010be2 (0x423f2123) sw      gp, 1058(t5)
core   0: 3 0x80010be2 (0x423f2123) mem 0x80012000 0x00000001
core   0: 0x80010be6 (0x0000bfe5) c.j     pc - 8
core   0: 3 0x80010be6 (0xbfe5)
core   0: 0x80010bde (0x00001f17) auipc   t5, 0x1
core   0: 3 0x80010bde (0x00001f17) x30 0x80011bde
core   0: 0x80010be2 (0x423f2123) sw      gp, 1058(t5)
core   0: 3 0x80010be2 (0x423f2123) mem 0x80012000 0x00000001
core   0: 0x80010be6 (0x0000bfe5) c.j     pc - 8
core   0: 3 0x80010be6 (0xbfe5)
core   0: 0x80010bde (0x00001f17) auipc   t5, 0x1
core   0: 3 0x80010bde (0x00001f17) x30 0x80011bde
core   0: 0x80010be2 (0x423f2123) sw      gp, 1058(t5)
core   0: 3 0x80010be2 (0x423f2123) mem 0x80012000 0x00000001
core   0: 0x80010be6 (0x0000bfe5) c.j     pc - 8
core   0: 3 0x80010be6 (0xbfe5)
core   0: 0x80010bde (0x00001f17) auipc   t5, 0x1
core   0: 3 0x80010bde (0x00001f17) x30 0x80011bde
core   0: 0x80010be2 (0x423f2123) sw      gp, 1058(t5)
core   0: 3 0x80010be2 (0x423f2123) mem 0x80012000 0x00000001
core   0: 0x80010be6 (0x0000bfe5) c.j     pc - 8
core   0: 3 0x80010be6 (0xbfe5)
core   0: 0x80010bde (0x00001f17) auipc   t5, 0x1
core   0: 3 0x80010bde (0x00001f17) x30 0x80011bde
core   0: 0x80010be2 (0x423f2123) sw      gp, 1058(t5)
core   0: 3 0x80010be2 (0x423f2123) mem 0x80012000 0x00000001
core   0: 0x80010be6 (0x0000bfe5) c.j     pc - 8
core   0: 3 0x80010be6 (0xbfe5)
core   0: 0x80010bde (0x00001f17) auipc   t5, 0x1
core   0: 3 0x80010bde (0x00001f17) x30 0x80011bde
core   0: 0x80010be2 (0x423f2123) sw      gp, 1058(t5)
core   0: 3 0x80010be2 (0x423f2123) mem 0x80012000 0x00000001
core   0: 0x80010be6 (0x0000bfe5) c.j     pc - 8
core   0: 3 0x80010be6 (0xbfe5)
core   0: 0x80010bde (0x00001f17) auipc   t5, 0x1
core   0: 3 0x80010bde (0x00001f17) x30 0x80011bde
core   0: 0x80010be2 (0x423f2123) sw      gp, 1058(t5)
core   0: 3 0x80010be2 (0x423f2123) mem 0x80012000 0x00000001
core   0: 0x80010be6 (0x0000bfe5) c.j     pc - 8
core   0: 3 0x80010be6 (0xbfe5)
core   0: 0x80010bde (0x00001f17) auipc   t5, 0x1
core   0: 3 0x80010bde (0x00001f17) x30 0x80011bde
core   0: 0x80010be2 (0x423f2123) sw      gp, 1058(t5)
core   0: 3 0x80010be2 (0x423f2123) mem 0x80012000 0x00000001
core   0: 0x80010be6 (0x0000bfe5) c.j     pc - 8
core   0: 3 0x80010be6 (0xbfe5)
core   0: 0x80010bde (0x00001f17) auipc   t5, 0x1
core   0: 3 0x80010bde (0x00001f17) x30 0x80011bde
core   0: 0x80010be2 (0x423f2123) sw      gp, 1058(t5)
core   0: 3 0x80010be2 (0x423f2123) mem 0x80012000 0x00000001
core   0: 0x80010be6 (0x0000bfe5) c.j     pc - 8
core   0: 3 0x80010be6 (0xbfe5)
core   0: 0x80010bde (0x00001f17) auipc   t5, 0x1
core   0: 3 0x80010bde (0x00001f17) x30 0x80011bde
core   0: 0x80010be2 (0x423f2123) sw      gp, 1058(t5)
core   0: 3 0x80010be2 (0x423f2123) mem 0x80012000 0x00000001
core   0: 0x80010be6 (0x0000bfe5) c.j     pc - 8
core   0: 3 0x80010be6 (0xbfe5)
core   0: 0x80010bde (0x00001f17) auipc   t5, 0x1
core   0: 3 0x80010bde (0x00001f17) x30 0x80011bde
core   0: 0x80010be2 (0x423f2123) sw      gp, 1058(t5)
core   0: 3 0x80010be2 (0x423f2123) mem 0x80012000 0x00000001
core   0: 0x80010be6 (0x0000bfe5) c.j     pc - 8
core   0: 3 0x80010be6 (0xbfe5)
core   0: 0x80010bde (0x00001f17) auipc   t5, 0x1
core   0: 3 0x80010bde (0x00001f17) x30 0x80011bde
core   0: 0x80010be2 (0x423f2123) sw      gp, 1058(t5)
core   0: 3 0x80010be2 (0x423f2123) mem 0x80012000 0x00000001
core   0: 0x80010be6 (0x0000bfe5) c.j     pc - 8
core   0: 3 0x80010be6 (0xbfe5)
core   0: 0x80010bde (0x00001f17) auipc   t5, 0x1
core   0: 3 0x80010bde (0x00001f17) x30 0x80011bde
core   0: 0x80010be2 (0x423f2123) sw      gp, 1058(t5)
core   0: 3 0x80010be2 (0x423f2123) mem 0x80012000 0x00000001
core   0: 0x80010be6 (0x0000bfe5) c.j     pc - 8
core   0: 3 0x80010be6 (0xbfe5)
core   0: 0x80010bde (0x00001f17) auipc   t5, 0x1
core   0: 3 0x80010bde (0x00001f17) x30 0x80011bde
core   0: 0x80010be2 (0x423f2123) sw      gp, 1058(t5)
core   0: 3 0x80010be2 (0x423f2123) mem 0x80012000 0x00000001
core   0: 0x80010be6 (0x0000bfe5) c.j     pc - 8
core   0: 3 0x80010be6 (0xbfe5)
core   0: 0x80010bde (0x00001f17) auipc   t5, 0x1
core   0: 3 0x80010bde (0x00001f17) x30 0x80011bde
core   0: 0x80010be2 (0x423f2123) sw      gp, 1058(t5)
core   0: 3 0x80010be2 (0x423f2123) mem 0x80012000 0x00000001
core   0: 0x80010be6 (0x0000bfe5) c.j     pc - 8
core   0: 3 0x80010be6 (0xbfe5)
core   0: 0x80010bde (0x00001f17) auipc   t5, 0x1
core   0: 3 0x80010bde (0x00001f17) x30 0x80011bde
core   0: 0x80010be2 (0x423f2123) sw      gp, 1058(t5)
core   0: 3 0x80010be2 (0x423f2123) mem 0x80012000 0x00000001
core   0: 0x80010be6 (0x0000bfe5) c.j     pc - 8
core   0: 3 0x80010be6 (0xbfe5)
core   0: 0x80010bde (0x00001f17) auipc   t5, 0x1
core   0: 3 0x80010bde (0x00001f17) x30 0x80011bde
core   0: 0x80010be2 (0x423f2123) sw      gp, 1058(t5)
core   0: 3 0x80010be2 (0x423f2123) mem 0x80012000 0x00000001
core   0: 0x80010be6 (0x0000bfe5) c.j     pc - 8
core   0: 3 0x80010be6 (0xbfe5)
core   0: 0x80010bde (0x00001f17) auipc   t5, 0x1
core   0: 3 0x80010bde (0x00001f17) x30 0x80011bde
core   0: 0x80010be2 (0x423f2123) sw      gp, 1058(t5)
core   0: 3 0x80010be2 (0x423f2123) mem 0x80012000 0x00000001
core   0: 0x80010be6 (0x0000bfe5) c.j     pc - 8
core   0: 3 0x80010be6 (0xbfe5)
core   0: 0x80010bde (0x00001f17) auipc   t5, 0x1
core   0: 3 0x80010bde (0x00001f17) x30 0x80011bde
core   0: 0x80010be2 (0x423f2123) sw      gp, 1058(t5)
core   0: 3 0x80010be2 (0x423f2123) mem 0x80012000 0x00000001
core   0: 0x80010be6 (0x0000bfe5) c.j     pc - 8
core   0: 3 0x80010be6 (0xbfe5)
core   0: 0x80010bde (0x00001f17) auipc   t5, 0x1
core   0: 3 0x80010bde (0x00001f17) x30 0x80011bde
core   0: 0x80010be2 (0x423f2123) sw      gp, 1058(t5)
core   0: 3 0x80010be2 (0x423f2123) mem 0x80012000 0x00000001
core   0: 0x80010be6 (0x0000bfe5) c.j     pc - 8
core   0: 3 0x80010be6 (0xbfe5)
core   0: 0x80010bde (0x00001f17) auipc   t5, 0x1
core   0: 3 0x80010bde (0x00001f17) x30 0x80011bde
core   0: 0x80010be2 (0x423f2123) sw      gp, 1058(t5)
core   0: 3 0x80010be2 (0x423f2123) mem 0x80012000 0x00000001
core   0: 0x80010be6 (0x0000bfe5) c.j     pc - 8
core   0: 3 0x80010be6 (0xbfe5)
core   0: 0x80010bde (0x00001f17) auipc   t5, 0x1
core   0: 3 0x80010bde (0x00001f17) x30 0x80011bde
core   0: 0x80010be2 (0x423f2123) sw      gp, 1058(t5)
core   0: 3 0x80010be2 (0x423f2123) mem 0x80012000 0x00000001
core   0: 0x80010be6 (0x0000bfe5) c.j     pc - 8
core   0: 3 0x80010be6 (0xbfe5)
core   0: 0x80010bde (0x00001f17) auipc   t5, 0x1
core   0: 3 0x80010bde (0x00001f17) x30 0x80011bde
core   0: 0x80010be2 (0x423f2123) sw      gp, 1058(t5)
core   0: 3 0x80010be2 (0x423f2123) mem 0x80012000 0x00000001
core   0: 0x80010be6 (0x0000bfe5) c.j     pc - 8
core   0: 3 0x80010be6 (0xbfe5)
core   0: 0x80010bde (0x00001f17) auipc   t5, 0x1
core   0: 3 0x80010bde (0x00001f17) x30 0x80011bde
core   0: 0x80010be2 (0x423f2123) sw      gp, 1058(t5)
core   0: 3 0x80010be2 (0x423f2123) mem 0x80012000 0x00000001
core   0: 0x80010be6 (0x0000bfe5) c.j     pc - 8
core   0: 3 0x80010be6 (0xbfe5)
core   0: 0x80010bde (0x00001f17) auipc   t5, 0x1
core   0: 3 0x80010bde (0x00001f17) x30 0x80011bde
core   0: 0x80010be2 (0x423f2123) sw      gp, 1058(t5)
core   0: 3 0x80010be2 (0x423f2123) mem 0x80012000 0x00000001
core   0: 0x80010be6 (0x0000bfe5) c.j     pc - 8
core   0: 3 0x80010be6 (0xbfe5)
core   0: 0x80010bde (0x00001f17) auipc   t5, 0x1
core   0: 3 0x80010bde (0x00001f17) x30 0x80011bde
core   0: 0x80010be2 (0x423f2123) sw      gp, 1058(t5)
core   0: 3 0x80010be2 (0x423f2123) mem 0x80012000 0x00000001
core   0: 0x80010be6 (0x0000bfe5) c.j     pc - 8
core   0: 3 0x80010be6 (0xbfe5)
core   0: 0x80010bde (0x00001f17) auipc   t5, 0x1
core   0: 3 0x80010bde (0x00001f17) x30 0x80011bde
core   0: 0x80010be2 (0x423f2123) sw      gp, 1058(t5)
core   0: 3 0x80010be2 (0x423f2123) mem 0x80012000 0x00000001
core   0: 0x80010be6 (0x0000bfe5) c.j     pc - 8
core   0: 3 0x80010be6 (0xbfe5)
core   0: 0x80010bde (0x00001f17) auipc   t5, 0x1
core   0: 3 0x80010bde (0x00001f17) x30 0x80011bde
core   0: 0x80010be2 (0x423f2123) sw      gp, 1058(t5)
core   0: 3 0x80010be2 (0x423f2123) mem 0x80012000 0x00000001
core   0: 0x80010be6 (0x0000bfe5) c.j     pc - 8
core   0: 3 0x80010be6 (0xbfe5)
core   0: 0x80010bde (0x00001f17) auipc   t5, 0x1
core   0: 3 0x80010bde (0x00001f17) x30 0x80011bde
core   0: 0x80010be2 (0x423f2123) sw      gp, 1058(t5)
core   0: 3 0x80010be2 (0x423f2123) mem 0x80012000 0x00000001
core   0: 0x80010be6 (0x0000bfe5) c.j     pc - 8
core   0: 3 0x80010be6 (0xbfe5)
core   0: 0x80010bde (0x00001f17) auipc   t5, 0x1
core   0: 3 0x80010bde (0x00001f17) x30 0x80011bde
core   0: 0x80010be2 (0x423f2123) sw      gp, 1058(t5)
core   0: 3 0x80010be2 (0x423f2123) mem 0x80012000 0x00000001
core   0: 0x80010be6 (0x0000bfe5) c.j     pc - 8
core   0: 3 0x80010be6 (0xbfe5)
core   0: 0x80010bde (0x00001f17) auipc   t5, 0x1
core   0: 3 0x80010bde (0x00001f17) x30 0x80011bde
core   0: 0x80010be2 (0x423f2123) sw      gp, 1058(t5)
core   0: 3 0x80010be2 (0x423f2123) mem 0x80012000 0x00000001
core   0: 0x80010be6 (0x0000bfe5) c.j     pc - 8
core   0: 3 0x80010be6 (0xbfe5)
core   0: 0x80010bde (0x00001f17) auipc   t5, 0x1
core   0: 3 0x80010bde (0x00001f17) x30 0x80011bde
core   0: 0x80010be2 (0x423f2123) sw      gp, 1058(t5)
core   0: 3 0x80010be2 (0x423f2123) mem 0x80012000 0x00000001
core   0: 0x80010be6 (0x0000bfe5) c.j     pc - 8
core   0: 3 0x80010be6 (0xbfe5)
core   0: 0x80010bde (0x00001f17) auipc   t5, 0x1
core   0: 3 0x80010bde (0x00001f17) x30 0x80011bde
core   0: 0x80010be2 (0x423f2123) sw      gp, 1058(t5)
core   0: 3 0x80010be2 (0x423f2123) mem 0x80012000 0x00000001
core   0: 0x80010be6 (0x0000bfe5) c.j     pc - 8
core   0: 3 0x80010be6 (0xbfe5)
core   0: 0x80010bde (0x00001f17) auipc   t5, 0x1
core   0: 3 0x80010bde (0x00001f17) x30 0x80011bde
core   0: 0x80010be2 (0x423f2123) sw      gp, 1058(t5)
core   0: 3 0x80010be2 (0x423f2123) mem 0x80012000 0x00000001
core   0: 0x80010be6 (0x0000bfe5) c.j     pc - 8
core   0: 3 0x80010be6 (0xbfe5)
core   0: 0x80010bde (0x00001f17) auipc   t5, 0x1
core   0: 3 0x80010bde (0x00001f17) x30 0x80011bde
core   0: 0x80010be2 (0x423f2123) sw      gp, 1058(t5)
core   0: 3 0x80010be2 (0x423f2123) mem 0x80012000 0x00000001
core   0: 0x80010be6 (0x0000bfe5) c.j     pc - 8
core   0: 3 0x80010be6 (0xbfe5)
core   0: 0x80010bde (0x00001f17) auipc   t5, 0x1
core   0: 3 0x80010bde (0x00001f17) x30 0x80011bde
core   0: 0x80010be2 (0x423f2123) sw      gp, 1058(t5)
core   0: 3 0x80010be2 (0x423f2123) mem 0x80012000 0x00000001
core   0: 0x80010be6 (0x0000bfe5) c.j     pc - 8
core   0: 3 0x80010be6 (0xbfe5)
core   0: 0x80010bde (0x00001f17) auipc   t5, 0x1
core   0: 3 0x80010bde (0x00001f17) x30 0x80011bde
core   0: 0x80010be2 (0x423f2123) sw      gp, 1058(t5)
core   0: 3 0x80010be2 (0x423f2123) mem 0x80012000 0x00000001
core   0: 0x80010be6 (0x0000bfe5) c.j     pc - 8
core   0: 3 0x80010be6 (0xbfe5)
core   0: 0x80010bde (0x00001f17) auipc   t5, 0x1
core   0: 3 0x80010bde (0x00001f17) x30 0x80011bde
core   0: 0x80010be2 (0x423f2123) sw      gp, 1058(t5)
core   0: 3 0x80010be2 (0x423f2123) mem 0x80012000 0x00000001
core   0: 0x80010be6 (0x0000bfe5) c.j     pc - 8
core   0: 3 0x80010be6 (0xbfe5)
core   0: 0x80010bde (0x00001f17) auipc   t5, 0x1
core   0: 3 0x80010bde (0x00001f17) x30 0x80011bde
core   0: 0x80010be2 (0x423f2123) sw      gp, 1058(t5)
core   0: 3 0x80010be2 (0x423f2123) mem 0x80012000 0x00000001
core   0: 0x80010be6 (0x0000bfe5) c.j     pc - 8
core   0: 3 0x80010be6 (0xbfe5)
core   0: 0x80010bde (0x00001f17) auipc   t5, 0x1
core   0: 3 0x80010bde (0x00001f17) x30 0x80011bde
core   0: 0x80010be2 (0x423f2123) sw      gp, 1058(t5)
core   0: 3 0x80010be2 (0x423f2123) mem 0x80012000 0x00000001
core   0: 0x80010be6 (0x0000bfe5) c.j     pc - 8
core   0: 3 0x80010be6 (0xbfe5)
core   0: 0x80010bde (0x00001f17) auipc   t5, 0x1
core   0: 3 0x80010bde (0x00001f17) x30 0x80011bde
core   0: 0x80010be2 (0x423f2123) sw      gp, 1058(t5)
core   0: 3 0x80010be2 (0x423f2123) mem 0x80012000 0x00000001
core   0: 0x80010be6 (0x0000bfe5) c.j     pc - 8
core   0: 3 0x80010be6 (0xbfe5)
core   0: 0x80010bde (0x00001f17) auipc   t5, 0x1
core   0: 3 0x80010bde (0x00001f17) x30 0x80011bde
core   0: 0x80010be2 (0x423f2123) sw      gp, 1058(t5)
core   0: 3 0x80010be2 (0x423f2123) mem 0x80012000 0x00000001
core   0: 0x80010be6 (0x0000bfe5) c.j     pc - 8
core   0: 3 0x80010be6 (0xbfe5)
core   0: 0x80010bde (0x00001f17) auipc   t5, 0x1
core   0: 3 0x80010bde (0x00001f17) x30 0x80011bde
core   0: 0x80010be2 (0x423f2123) sw      gp, 1058(t5)
core   0: 3 0x80010be2 (0x423f2123) mem 0x80012000 0x00000001
core   0: 0x80010be6 (0x0000bfe5) c.j     pc - 8
core   0: 3 0x80010be6 (0xbfe5)
core   0: 0x80010bde (0x00001f17) auipc   t5, 0x1
core   0: 3 0x80010bde (0x00001f17) x30 0x80011bde
core   0: 0x80010be2 (0x423f2123) sw      gp, 1058(t5)
core   0: 3 0x80010be2 (0x423f2123) mem 0x80012000 0x00000001
core   0: 0x80010be6 (0x0000bfe5) c.j     pc - 8
core   0: 3 0x80010be6 (0xbfe5)
core   0: 0x80010bde (0x00001f17) auipc   t5, 0x1
core   0: 3 0x80010bde (0x00001f17) x30 0x80011bde
core   0: 0x80010be2 (0x423f2123) sw      gp, 1058(t5)
core   0: 3 0x80010be2 (0x423f2123) mem 0x80012000 0x00000001
core   0: 0x80010be6 (0x0000bfe5) c.j     pc - 8
core   0: 3 0x80010be6 (0xbfe5)
core   0: 0x80010bde (0x00001f17) auipc   t5, 0x1
core   0: 3 0x80010bde (0x00001f17) x30 0x80011bde
core   0: 0x80010be2 (0x423f2123) sw      gp, 1058(t5)
core   0: 3 0x80010be2 (0x423f2123) mem 0x80012000 0x00000001
core   0: 0x80010be6 (0x0000bfe5) c.j     pc - 8
core   0: 3 0x80010be6 (0xbfe5)
core   0: 0x80010bde (0x00001f17) auipc   t5, 0x1
core   0: 3 0x80010bde (0x00001f17) x30 0x80011bde
core   0: 0x80010be2 (0x423f2123) sw      gp, 1058(t5)
core   0: 3 0x80010be2 (0x423f2123) mem 0x80012000 0x00000001
core   0: 0x80010be6 (0x0000bfe5) c.j     pc - 8
core   0: 3 0x80010be6 (0xbfe5)
core   0: 0x80010bde (0x00001f17) auipc   t5, 0x1
core   0: 3 0x80010bde (0x00001f17) x30 0x80011bde
core   0: 0x80010be2 (0x423f2123) sw      gp, 1058(t5)
core   0: 3 0x80010be2 (0x423f2123) mem 0x80012000 0x00000001
core   0: 0x80010be6 (0x0000bfe5) c.j     pc - 8
core   0: 3 0x80010be6 (0xbfe5)
core   0: 0x80010bde (0x00001f17) auipc   t5, 0x1
core   0: 3 0x80010bde (0x00001f17) x30 0x80011bde
core   0: 0x80010be2 (0x423f2123) sw      gp, 1058(t5)
core   0: 3 0x80010be2 (0x423f2123) mem 0x80012000 0x00000001
core   0: 0x80010be6 (0x0000bfe5) c.j     pc - 8
core   0: 3 0x80010be6 (0xbfe5)
core   0: 0x80010bde (0x00001f17) auipc   t5, 0x1
core   0: 3 0x80010bde (0x00001f17) x30 0x80011bde
core   0: 0x80010be2 (0x423f2123) sw      gp, 1058(t5)
core   0: 3 0x80010be2 (0x423f2123) mem 0x80012000 0x00000001
core   0: 0x80010be6 (0x0000bfe5) c.j     pc - 8
core   0: 3 0x80010be6 (0xbfe5)
core   0: 0x80010bde (0x00001f17) auipc   t5, 0x1
core   0: 3 0x80010bde (0x00001f17) x30 0x80011bde
core   0: 0x80010be2 (0x423f2123) sw      gp, 1058(t5)
core   0: 3 0x80010be2 (0x423f2123) mem 0x80012000 0x00000001
core   0: 0x80010be6 (0x0000bfe5) c.j     pc - 8
core   0: 3 0x80010be6 (0xbfe5)
core   0: 0x80010bde (0x00001f17) auipc   t5, 0x1
core   0: 3 0x80010bde (0x00001f17) x30 0x80011bde
core   0: 0x80010be2 (0x423f2123) sw      gp, 1058(t5)
core   0: 3 0x80010be2 (0x423f2123) mem 0x80012000 0x00000001
core   0: 0x80010be6 (0x0000bfe5) c.j     pc - 8
core   0: 3 0x80010be6 (0xbfe5)
core   0: 0x80010bde (0x00001f17) auipc   t5, 0x1
core   0: 3 0x80010bde (0x00001f17) x30 0x80011bde
core   0: 0x80010be2 (0x423f2123) sw      gp, 1058(t5)
core   0: 3 0x80010be2 (0x423f2123) mem 0x80012000 0x00000001
core   0: 0x80010be6 (0x0000bfe5) c.j     pc - 8
core   0: 3 0x80010be6 (0xbfe5)
core   0: 0x80010bde (0x00001f17) auipc   t5, 0x1
core   0: 3 0x80010bde (0x00001f17) x30 0x80011bde
core   0: 0x80010be2 (0x423f2123) sw      gp, 1058(t5)
core   0: 3 0x80010be2 (0x423f2123) mem 0x80012000 0x00000001
core   0: 0x80010be6 (0x0000bfe5) c.j     pc - 8
core   0: 3 0x80010be6 (0xbfe5)
core   0: 0x80010bde (0x00001f17) auipc   t5, 0x1
core   0: 3 0x80010bde (0x00001f17) x30 0x80011bde
core   0: 0x80010be2 (0x423f2123) sw      gp, 1058(t5)
core   0: 3 0x80010be2 (0x423f2123) mem 0x80012000 0x00000001
core   0: 0x80010be6 (0x0000bfe5) c.j     pc - 8
core   0: 3 0x80010be6 (0xbfe5)
core   0: 0x80010bde (0x00001f17) auipc   t5, 0x1
core   0: 3 0x80010bde (0x00001f17) x30 0x80011bde
core   0: 0x80010be2 (0x423f2123) sw      gp, 1058(t5)
core   0: 3 0x80010be2 (0x423f2123) mem 0x80012000 0x00000001
core   0: 0x80010be6 (0x0000bfe5) c.j     pc - 8
core   0: 3 0x80010be6 (0xbfe5)
core   0: 0x80010bde (0x00001f17) auipc   t5, 0x1
core   0: 3 0x80010bde (0x00001f17) x30 0x80011bde
core   0: 0x80010be2 (0x423f2123) sw      gp, 1058(t5)
core   0: 3 0x80010be2 (0x423f2123) mem 0x80012000 0x00000001
core   0: 0x80010be6 (0x0000bfe5) c.j     pc - 8
core   0: 3 0x80010be6 (0xbfe5)
core   0: 0x80010bde (0x00001f17) auipc   t5, 0x1
core   0: 3 0x80010bde (0x00001f17) x30 0x80011bde
core   0: 0x80010be2 (0x423f2123) sw      gp, 1058(t5)
core   0: 3 0x80010be2 (0x423f2123) mem 0x80012000 0x00000001
core   0: 0x80010be6 (0x0000bfe5) c.j     pc - 8
core   0: 3 0x80010be6 (0xbfe5)
core   0: 0x80010bde (0x00001f17) auipc   t5, 0x1
core   0: 3 0x80010bde (0x00001f17) x30 0x80011bde
core   0: 0x80010be2 (0x423f2123) sw      gp, 1058(t5)
core   0: 3 0x80010be2 (0x423f2123) mem 0x80012000 0x00000001
core   0: 0x80010be6 (0x0000bfe5) c.j     pc - 8
core   0: 3 0x80010be6 (0xbfe5)
core   0: 0x80010bde (0x00001f17) auipc   t5, 0x1
core   0: 3 0x80010bde (0x00001f17) x30 0x80011bde
core   0: 0x80010be2 (0x423f2123) sw      gp, 1058(t5)
core   0: 3 0x80010be2 (0x423f2123) mem 0x80012000 0x00000001
core   0: 0x80010be6 (0x0000bfe5) c.j     pc - 8
core   0: 3 0x80010be6 (0xbfe5)
core   0: 0x80010bde (0x00001f17) auipc   t5, 0x1
core   0: 3 0x80010bde (0x00001f17) x30 0x80011bde
core   0: 0x80010be2 (0x423f2123) sw      gp, 1058(t5)
core   0: 3 0x80010be2 (0x423f2123) mem 0x80012000 0x00000001
core   0: 0x80010be6 (0x0000bfe5) c.j     pc - 8
core   0: 3 0x80010be6 (0xbfe5)
core   0: 0x80010bde (0x00001f17) auipc   t5, 0x1
core   0: 3 0x80010bde (0x00001f17) x30 0x80011bde
core   0: 0x80010be2 (0x423f2123) sw      gp, 1058(t5)
core   0: 3 0x80010be2 (0x423f2123) mem 0x80012000 0x00000001
core   0: 0x80010be6 (0x0000bfe5) c.j     pc - 8
core   0: 3 0x80010be6 (0xbfe5)
core   0: 0x80010bde (0x00001f17) auipc   t5, 0x1
core   0: 3 0x80010bde (0x00001f17) x30 0x80011bde
core   0: 0x80010be2 (0x423f2123) sw      gp, 1058(t5)
core   0: 3 0x80010be2 (0x423f2123) mem 0x80012000 0x00000001
core   0: 0x80010be6 (0x0000bfe5) c.j     pc - 8
core   0: 3 0x80010be6 (0xbfe5)
core   0: 0x80010bde (0x00001f17) auipc   t5, 0x1
core   0: 3 0x80010bde (0x00001f17) x30 0x80011bde
core   0: 0x80010be2 (0x423f2123) sw      gp, 1058(t5)
core   0: 3 0x80010be2 (0x423f2123) mem 0x80012000 0x00000001
core   0: 0x80010be6 (0x0000bfe5) c.j     pc - 8
core   0: 3 0x80010be6 (0xbfe5)
core   0: 0x80010bde (0x00001f17) auipc   t5, 0x1
core   0: 3 0x80010bde (0x00001f17) x30 0x80011bde
core   0: 0x80010be2 (0x423f2123) sw      gp, 1058(t5)
core   0: 3 0x80010be2 (0x423f2123) mem 0x80012000 0x00000001
core   0: 0x80010be6 (0x0000bfe5) c.j     pc - 8
core   0: 3 0x80010be6 (0xbfe5)
core   0: 0x80010bde (0x00001f17) auipc   t5, 0x1
core   0: 3 0x80010bde (0x00001f17) x30 0x80011bde
core   0: 0x80010be2 (0x423f2123) sw      gp, 1058(t5)
core   0: 3 0x80010be2 (0x423f2123) mem 0x80012000 0x00000001
core   0: 0x80010be6 (0x0000bfe5) c.j     pc - 8
core   0: 3 0x80010be6 (0xbfe5)
core   0: 0x80010bde (0x00001f17) auipc   t5, 0x1
core   0: 3 0x80010bde (0x00001f17) x30 0x80011bde
core   0: 0x80010be2 (0x423f2123) sw      gp, 1058(t5)
core   0: 3 0x80010be2 (0x423f2123) mem 0x80012000 0x00000001
core   0: 0x80010be6 (0x0000bfe5) c.j     pc - 8
core   0: 3 0x80010be6 (0xbfe5)
core   0: 0x80010bde (0x00001f17) auipc   t5, 0x1
core   0: 3 0x80010bde (0x00001f17) x30 0x80011bde
core   0: 0x80010be2 (0x423f2123) sw      gp, 1058(t5)
core   0: 3 0x80010be2 (0x423f2123) mem 0x80012000 0x00000001
core   0: 0x80010be6 (0x0000bfe5) c.j     pc - 8
core   0: 3 0x80010be6 (0xbfe5)
core   0: 0x80010bde (0x00001f17) auipc   t5, 0x1
core   0: 3 0x80010bde (0x00001f17) x30 0x80011bde
core   0: 0x80010be2 (0x423f2123) sw      gp, 1058(t5)
core   0: 3 0x80010be2 (0x423f2123) mem 0x80012000 0x00000001
core   0: 0x80010be6 (0x0000bfe5) c.j     pc - 8
core   0: 3 0x80010be6 (0xbfe5)
core   0: 0x80010bde (0x00001f17) auipc   t5, 0x1
core   0: 3 0x80010bde (0x00001f17) x30 0x80011bde
core   0: 0x80010be2 (0x423f2123) sw      gp, 1058(t5)
core   0: 3 0x80010be2 (0x423f2123) mem 0x80012000 0x00000001
core   0: 0x80010be6 (0x0000bfe5) c.j     pc - 8
core   0: 3 0x80010be6 (0xbfe5)
core   0: 0x80010bde (0x00001f17) auipc   t5, 0x1
core   0: 3 0x80010bde (0x00001f17) x30 0x80011bde
core   0: 0x80010be2 (0x423f2123) sw      gp, 1058(t5)
core   0: 3 0x80010be2 (0x423f2123) mem 0x80012000 0x00000001
core   0: 0x80010be6 (0x0000bfe5) c.j     pc - 8
core   0: 3 0x80010be6 (0xbfe5)
core   0: 0x80010bde (0x00001f17) auipc   t5, 0x1
core   0: 3 0x80010bde (0x00001f17) x30 0x80011bde
core   0: 0x80010be2 (0x423f2123) sw      gp, 1058(t5)
core   0: 3 0x80010be2 (0x423f2123) mem 0x80012000 0x00000001
core   0: 0x80010be6 (0x0000bfe5) c.j     pc - 8
core   0: 3 0x80010be6 (0xbfe5)
core   0: 0x80010bde (0x00001f17) auipc   t5, 0x1
core   0: 3 0x80010bde (0x00001f17) x30 0x80011bde
core   0: 0x80010be2 (0x423f2123) sw      gp, 1058(t5)
core   0: 3 0x80010be2 (0x423f2123) mem 0x80012000 0x00000001
core   0: 0x80010be6 (0x0000bfe5) c.j     pc - 8
core   0: 3 0x80010be6 (0xbfe5)
core   0: 0x80010bde (0x00001f17) auipc   t5, 0x1
core   0: 3 0x80010bde (0x00001f17) x30 0x80011bde
core   0: 0x80010be2 (0x423f2123) sw      gp, 1058(t5)
core   0: 3 0x80010be2 (0x423f2123) mem 0x80012000 0x00000001
core   0: 0x80010be6 (0x0000bfe5) c.j     pc - 8
core   0: 3 0x80010be6 (0xbfe5)
core   0: 0x80010bde (0x00001f17) auipc   t5, 0x1
core   0: 3 0x80010bde (0x00001f17) x30 0x80011bde
core   0: 0x80010be2 (0x423f2123) sw      gp, 1058(t5)
core   0: 3 0x80010be2 (0x423f2123) mem 0x80012000 0x00000001
core   0: 0x80010be6 (0x0000bfe5) c.j     pc - 8
core   0: 3 0x80010be6 (0xbfe5)
core   0: 0x80010bde (0x00001f17) auipc   t5, 0x1
core   0: 3 0x80010bde (0x00001f17) x30 0x80011bde
core   0: 0x80010be2 (0x423f2123) sw      gp, 1058(t5)
core   0: 3 0x80010be2 (0x423f2123) mem 0x80012000 0x00000001
core   0: 0x80010be6 (0x0000bfe5) c.j     pc - 8
core   0: 3 0x80010be6 (0xbfe5)
core   0: 0x80010bde (0x00001f17) auipc   t5, 0x1
core   0: 3 0x80010bde (0x00001f17) x30 0x80011bde
core   0: 0x80010be2 (0x423f2123) sw      gp, 1058(t5)
core   0: 3 0x80010be2 (0x423f2123) mem 0x80012000 0x00000001
core   0: 0x80010be6 (0x0000bfe5) c.j     pc - 8
core   0: 3 0x80010be6 (0xbfe5)
core   0: 0x80010bde (0x00001f17) auipc   t5, 0x1
core   0: 3 0x80010bde (0x00001f17) x30 0x80011bde
core   0: 0x80010be2 (0x423f2123) sw      gp, 1058(t5)
core   0: 3 0x80010be2 (0x423f2123) mem 0x80012000 0x00000001
core   0: 0x80010be6 (0x0000bfe5) c.j     pc - 8
core   0: 3 0x80010be6 (0xbfe5)
core   0: 0x80010bde (0x00001f17) auipc   t5, 0x1
core   0: 3 0x80010bde (0x00001f17) x30 0x80011bde
core   0: 0x80010be2 (0x423f2123) sw      gp, 1058(t5)
core   0: 3 0x80010be2 (0x423f2123) mem 0x80012000 0x00000001
core   0: 0x80010be6 (0x0000bfe5) c.j     pc - 8
core   0: 3 0x80010be6 (0xbfe5)
core   0: 0x80010bde (0x00001f17) auipc   t5, 0x1
core   0: 3 0x80010bde (0x00001f17) x30 0x80011bde
core   0: 0x80010be2 (0x423f2123) sw      gp, 1058(t5)
core   0: 3 0x80010be2 (0x423f2123) mem 0x80012000 0x00000001
core   0: 0x80010be6 (0x0000bfe5) c.j     pc - 8
core   0: 3 0x80010be6 (0xbfe5)
core   0: 0x80010bde (0x00001f17) auipc   t5, 0x1
core   0: 3 0x80010bde (0x00001f17) x30 0x80011bde
core   0: 0x80010be2 (0x423f2123) sw      gp, 1058(t5)
core   0: 3 0x80010be2 (0x423f2123) mem 0x80012000 0x00000001
core   0: 0x80010be6 (0x0000bfe5) c.j     pc - 8
core   0: 3 0x80010be6 (0xbfe5)
core   0: 0x80010bde (0x00001f17) auipc   t5, 0x1
core   0: 3 0x80010bde (0x00001f17) x30 0x80011bde
core   0: 0x80010be2 (0x423f2123) sw      gp, 1058(t5)
core   0: 3 0x80010be2 (0x423f2123) mem 0x80012000 0x00000001
core   0: 0x80010be6 (0x0000bfe5) c.j     pc - 8
core   0: 3 0x80010be6 (0xbfe5)
core   0: 0x80010bde (0x00001f17) auipc   t5, 0x1
core   0: 3 0x80010bde (0x00001f17) x30 0x80011bde
core   0: 0x80010be2 (0x423f2123) sw      gp, 1058(t5)
core   0: 3 0x80010be2 (0x423f2123) mem 0x80012000 0x00000001
core   0: 0x80010be6 (0x0000bfe5) c.j     pc - 8
core   0: 3 0x80010be6 (0xbfe5)
core   0: 0x80010bde (0x00001f17) auipc   t5, 0x1
core   0: 3 0x80010bde (0x00001f17) x30 0x80011bde
core   0: 0x80010be2 (0x423f2123) sw      gp, 1058(t5)
core   0: 3 0x80010be2 (0x423f2123) mem 0x80012000 0x00000001
core   0: 0x80010be6 (0x0000bfe5) c.j     pc - 8
core   0: 3 0x80010be6 (0xbfe5)
core   0: 0x80010bde (0x00001f17) auipc   t5, 0x1
core   0: 3 0x80010bde (0x00001f17) x30 0x80011bde
core   0: 0x80010be2 (0x423f2123) sw      gp, 1058(t5)
core   0: 3 0x80010be2 (0x423f2123) mem 0x80012000 0x00000001
core   0: 0x80010be6 (0x0000bfe5) c.j     pc - 8
core   0: 3 0x80010be6 (0xbfe5)
core   0: 0x80010bde (0x00001f17) auipc   t5, 0x1
core   0: 3 0x80010bde (0x00001f17) x30 0x80011bde
core   0: 0x80010be2 (0x423f2123) sw      gp, 1058(t5)
core   0: 3 0x80010be2 (0x423f2123) mem 0x80012000 0x00000001
core   0: 0x80010be6 (0x0000bfe5) c.j     pc - 8
core   0: 3 0x80010be6 (0xbfe5)
core   0: 0x80010bde (0x00001f17) auipc   t5, 0x1
core   0: 3 0x80010bde (0x00001f17) x30 0x80011bde
core   0: 0x80010be2 (0x423f2123) sw      gp, 1058(t5)
core   0: 3 0x80010be2 (0x423f2123) mem 0x80012000 0x00000001
core   0: 0x80010be6 (0x0000bfe5) c.j     pc - 8
core   0: 3 0x80010be6 (0xbfe5)
core   0: 0x80010bde (0x00001f17) auipc   t5, 0x1
core   0: 3 0x80010bde (0x00001f17) x30 0x80011bde
core   0: 0x80010be2 (0x423f2123) sw      gp, 1058(t5)
core   0: 3 0x80010be2 (0x423f2123) mem 0x80012000 0x00000001
core   0: 0x80010be6 (0x0000bfe5) c.j     pc - 8
core   0: 3 0x80010be6 (0xbfe5)
core   0: 0x80010bde (0x00001f17) auipc   t5, 0x1
core   0: 3 0x80010bde (0x00001f17) x30 0x80011bde
core   0: 0x80010be2 (0x423f2123) sw      gp, 1058(t5)
core   0: 3 0x80010be2 (0x423f2123) mem 0x80012000 0x00000001
core   0: 0x80010be6 (0x0000bfe5) c.j     pc - 8
core   0: 3 0x80010be6 (0xbfe5)
core   0: 0x80010bde (0x00001f17) auipc   t5, 0x1
core   0: 3 0x80010bde (0x00001f17) x30 0x80011bde
core   0: 0x80010be2 (0x423f2123) sw      gp, 1058(t5)
core   0: 3 0x80010be2 (0x423f2123) mem 0x80012000 0x00000001
core   0: 0x80010be6 (0x0000bfe5) c.j     pc - 8
core   0: 3 0x80010be6 (0xbfe5)
core   0: 0x80010bde (0x00001f17) auipc   t5, 0x1
core   0: 3 0x80010bde (0x00001f17) x30 0x80011bde
core   0: 0x80010be2 (0x423f2123) sw      gp, 1058(t5)
core   0: 3 0x80010be2 (0x423f2123) mem 0x80012000 0x00000001
core   0: 0x80010be6 (0x0000bfe5) c.j     pc - 8
core   0: 3 0x80010be6 (0xbfe5)
core   0: 0x80010bde (0x00001f17) auipc   t5, 0x1
core   0: 3 0x80010bde (0x00001f17) x30 0x80011bde
core   0: 0x80010be2 (0x423f2123) sw      gp, 1058(t5)
core   0: 3 0x80010be2 (0x423f2123) mem 0x80012000 0x00000001
core   0: 0x80010be6 (0x0000bfe5) c.j     pc - 8
core   0: 3 0x80010be6 (0xbfe5)
core   0: 0x80010bde (0x00001f17) auipc   t5, 0x1
core   0: 3 0x80010bde (0x00001f17) x30 0x80011bde
core   0: 0x80010be2 (0x423f2123) sw      gp, 1058(t5)
core   0: 3 0x80010be2 (0x423f2123) mem 0x80012000 0x00000001
core   0: 0x80010be6 (0x0000bfe5) c.j     pc - 8
core   0: 3 0x80010be6 (0xbfe5)
core   0: 0x80010bde (0x00001f17) auipc   t5, 0x1
core   0: 3 0x80010bde (0x00001f17) x30 0x80011bde
core   0: 0x80010be2 (0x423f2123) sw      gp, 1058(t5)
core   0: 3 0x80010be2 (0x423f2123) mem 0x80012000 0x00000001
core   0: 0x80010be6 (0x0000bfe5) c.j     pc - 8
core   0: 3 0x80010be6 (0xbfe5)
core   0: 0x80010bde (0x00001f17) auipc   t5, 0x1
core   0: 3 0x80010bde (0x00001f17) x30 0x80011bde
core   0: 0x80010be2 (0x423f2123) sw      gp, 1058(t5)
core   0: 3 0x80010be2 (0x423f2123) mem 0x80012000 0x00000001
core   0: 0x80010be6 (0x0000bfe5) c.j     pc - 8
core   0: 3 0x80010be6 (0xbfe5)
core   0: 0x80010bde (0x00001f17) auipc   t5, 0x1
core   0: 3 0x80010bde (0x00001f17) x30 0x80011bde
core   0: 0x80010be2 (0x423f2123) sw      gp, 1058(t5)
core   0: 3 0x80010be2 (0x423f2123) mem 0x80012000 0x00000001
core   0: 0x80010be6 (0x0000bfe5) c.j     pc - 8
core   0: 3 0x80010be6 (0xbfe5)
core   0: 0x80010bde (0x00001f17) auipc   t5, 0x1
core   0: 3 0x80010bde (0x00001f17) x30 0x80011bde
core   0: 0x80010be2 (0x423f2123) sw      gp, 1058(t5)
core   0: 3 0x80010be2 (0x423f2123) mem 0x80012000 0x00000001
core   0: 0x80010be6 (0x0000bfe5) c.j     pc - 8
core   0: 3 0x80010be6 (0xbfe5)
core   0: 0x80010bde (0x00001f17) auipc   t5, 0x1
core   0: 3 0x80010bde (0x00001f17) x30 0x80011bde
core   0: 0x80010be2 (0x423f2123) sw      gp, 1058(t5)
core   0: 3 0x80010be2 (0x423f2123) mem 0x80012000 0x00000001
core   0: 0x80010be6 (0x0000bfe5) c.j     pc - 8
core   0: 3 0x80010be6 (0xbfe5)
core   0: 0x80010bde (0x00001f17) auipc   t5, 0x1
core   0: 3 0x80010bde (0x00001f17) x30 0x80011bde
core   0: 0x80010be2 (0x423f2123) sw      gp, 1058(t5)
core   0: 3 0x80010be2 (0x423f2123) mem 0x80012000 0x00000001
core   0: 0x80010be6 (0x0000bfe5) c.j     pc - 8
core   0: 3 0x80010be6 (0xbfe5)
core   0: 0x80010bde (0x00001f17) auipc   t5, 0x1
core   0: 3 0x80010bde (0x00001f17) x30 0x80011bde
core   0: 0x80010be2 (0x423f2123) sw      gp, 1058(t5)
core   0: 3 0x80010be2 (0x423f2123) mem 0x80012000 0x00000001
core   0: 0x80010be6 (0x0000bfe5) c.j     pc - 8
core   0: 3 0x80010be6 (0xbfe5)
core   0: 0x80010bde (0x00001f17) auipc   t5, 0x1
core   0: 3 0x80010bde (0x00001f17) x30 0x80011bde
core   0: 0x80010be2 (0x423f2123) sw      gp, 1058(t5)
core   0: 3 0x80010be2 (0x423f2123) mem 0x80012000 0x00000001
core   0: 0x80010be6 (0x0000bfe5) c.j     pc - 8
core   0: 3 0x80010be6 (0xbfe5)
core   0: 0x80010bde (0x00001f17) auipc   t5, 0x1
core   0: 3 0x80010bde (0x00001f17) x30 0x80011bde
core   0: 0x80010be2 (0x423f2123) sw      gp, 1058(t5)
core   0: 3 0x80010be2 (0x423f2123) mem 0x80012000 0x00000001
core   0: 0x80010be6 (0x0000bfe5) c.j     pc - 8
core   0: 3 0x80010be6 (0xbfe5)
core   0: 0x80010bde (0x00001f17) auipc   t5, 0x1
core   0: 3 0x80010bde (0x00001f17) x30 0x80011bde
core   0: 0x80010be2 (0x423f2123) sw      gp, 1058(t5)
core   0: 3 0x80010be2 (0x423f2123) mem 0x80012000 0x00000001
core   0: 0x80010be6 (0x0000bfe5) c.j     pc - 8
core   0: 3 0x80010be6 (0xbfe5)
core   0: 0x80010bde (0x00001f17) auipc   t5, 0x1
core   0: 3 0x80010bde (0x00001f17) x30 0x80011bde
core   0: 0x80010be2 (0x423f2123) sw      gp, 1058(t5)
core   0: 3 0x80010be2 (0x423f2123) mem 0x80012000 0x00000001
core   0: 0x80010be6 (0x0000bfe5) c.j     pc - 8
core   0: 3 0x80010be6 (0xbfe5)
core   0: 0x80010bde (0x00001f17) auipc   t5, 0x1
core   0: 3 0x80010bde (0x00001f17) x30 0x80011bde
core   0: 0x80010be2 (0x423f2123) sw      gp, 1058(t5)
core   0: 3 0x80010be2 (0x423f2123) mem 0x80012000 0x00000001
core   0: 0x80010be6 (0x0000bfe5) c.j     pc - 8
core   0: 3 0x80010be6 (0xbfe5)
core   0: 0x80010bde (0x00001f17) auipc   t5, 0x1
core   0: 3 0x80010bde (0x00001f17) x30 0x80011bde
core   0: 0x80010be2 (0x423f2123) sw      gp, 1058(t5)
core   0: 3 0x80010be2 (0x423f2123) mem 0x80012000 0x00000001
core   0: 0x80010be6 (0x0000bfe5) c.j     pc - 8
core   0: 3 0x80010be6 (0xbfe5)
core   0: 0x80010bde (0x00001f17) auipc   t5, 0x1
core   0: 3 0x80010bde (0x00001f17) x30 0x80011bde
core   0: 0x80010be2 (0x423f2123) sw      gp, 1058(t5)
core   0: 3 0x80010be2 (0x423f2123) mem 0x80012000 0x00000001
core   0: 0x80010be6 (0x0000bfe5) c.j     pc - 8
core   0: 3 0x80010be6 (0xbfe5)
core   0: 0x80010bde (0x00001f17) auipc   t5, 0x1
core   0: 3 0x80010bde (0x00001f17) x30 0x80011bde
core   0: 0x80010be2 (0x423f2123) sw      gp, 1058(t5)
core   0: 3 0x80010be2 (0x423f2123) mem 0x80012000 0x00000001
core   0: 0x80010be6 (0x0000bfe5) c.j     pc - 8
core   0: 3 0x80010be6 (0xbfe5)
core   0: 0x80010bde (0x00001f17) auipc   t5, 0x1
core   0: 3 0x80010bde (0x00001f17) x30 0x80011bde
core   0: 0x80010be2 (0x423f2123) sw      gp, 1058(t5)
core   0: 3 0x80010be2 (0x423f2123) mem 0x80012000 0x00000001
core   0: 0x80010be6 (0x0000bfe5) c.j     pc - 8
core   0: 3 0x80010be6 (0xbfe5)
core   0: 0x80010bde (0x00001f17) auipc   t5, 0x1
core   0: 3 0x80010bde (0x00001f17) x30 0x80011bde
core   0: 0x80010be2 (0x423f2123) sw      gp, 1058(t5)
core   0: 3 0x80010be2 (0x423f2123) mem 0x80012000 0x00000001
core   0: 0x80010be6 (0x0000bfe5) c.j     pc - 8
core   0: 3 0x80010be6 (0xbfe5)
core   0: 0x80010bde (0x00001f17) auipc   t5, 0x1
core   0: 3 0x80010bde (0x00001f17) x30 0x80011bde
core   0: 0x80010be2 (0x423f2123) sw      gp, 1058(t5)
core   0: 3 0x80010be2 (0x423f2123) mem 0x80012000 0x00000001
core   0: 0x80010be6 (0x0000bfe5) c.j     pc - 8
core   0: 3 0x80010be6 (0xbfe5)
core   0: 0x80010bde (0x00001f17) auipc   t5, 0x1
core   0: 3 0x80010bde (0x00001f17) x30 0x80011bde
core   0: 0x80010be2 (0x423f2123) sw      gp, 1058(t5)
core   0: 3 0x80010be2 (0x423f2123) mem 0x80012000 0x00000001
core   0: 0x80010be6 (0x0000bfe5) c.j     pc - 8
core   0: 3 0x80010be6 (0xbfe5)
core   0: 0x80010bde (0x00001f17) auipc   t5, 0x1
core   0: 3 0x80010bde (0x00001f17) x30 0x80011bde
core   0: 0x80010be2 (0x423f2123) sw      gp, 1058(t5)
core   0: 3 0x80010be2 (0x423f2123) mem 0x80012000 0x00000001
core   0: 0x80010be6 (0x0000bfe5) c.j     pc - 8
core   0: 3 0x80010be6 (0xbfe5)
core   0: 0x80010bde (0x00001f17) auipc   t5, 0x1
core   0: 3 0x80010bde (0x00001f17) x30 0x80011bde
core   0: 0x80010be2 (0x423f2123) sw      gp, 1058(t5)
core   0: 3 0x80010be2 (0x423f2123) mem 0x80012000 0x00000001
core   0: 0x80010be6 (0x0000bfe5) c.j     pc - 8
core   0: 3 0x80010be6 (0xbfe5)
core   0: 0x80010bde (0x00001f17) auipc   t5, 0x1
core   0: 3 0x80010bde (0x00001f17) x30 0x80011bde
core   0: 0x80010be2 (0x423f2123) sw      gp, 1058(t5)
core   0: 3 0x80010be2 (0x423f2123) mem 0x80012000 0x00000001
core   0: 0x80010be6 (0x0000bfe5) c.j     pc - 8
core   0: 3 0x80010be6 (0xbfe5)
core   0: 0x80010bde (0x00001f17) auipc   t5, 0x1
core   0: 3 0x80010bde (0x00001f17) x30 0x80011bde
core   0: 0x80010be2 (0x423f2123) sw      gp, 1058(t5)
core   0: 3 0x80010be2 (0x423f2123) mem 0x80012000 0x00000001
core   0: 0x80010be6 (0x0000bfe5) c.j     pc - 8
core   0: 3 0x80010be6 (0xbfe5)
core   0: 0x80010bde (0x00001f17) auipc   t5, 0x1
core   0: 3 0x80010bde (0x00001f17) x30 0x80011bde
core   0: 0x80010be2 (0x423f2123) sw      gp, 1058(t5)
core   0: 3 0x80010be2 (0x423f2123) mem 0x80012000 0x00000001
core   0: 0x80010be6 (0x0000bfe5) c.j     pc - 8
core   0: 3 0x80010be6 (0xbfe5)
core   0: 0x80010bde (0x00001f17) auipc   t5, 0x1
core   0: 3 0x80010bde (0x00001f17) x30 0x80011bde
core   0: 0x80010be2 (0x423f2123) sw      gp, 1058(t5)
core   0: 3 0x80010be2 (0x423f2123) mem 0x80012000 0x00000001
core   0: 0x80010be6 (0x0000bfe5) c.j     pc - 8
core   0: 3 0x80010be6 (0xbfe5)
core   0: 0x80010bde (0x00001f17) auipc   t5, 0x1
core   0: 3 0x80010bde (0x00001f17) x30 0x80011bde
core   0: 0x80010be2 (0x423f2123) sw      gp, 1058(t5)
core   0: 3 0x80010be2 (0x423f2123) mem 0x80012000 0x00000001
core   0: 0x80010be6 (0x0000bfe5) c.j     pc - 8
core   0: 3 0x80010be6 (0xbfe5)
core   0: 0x80010bde (0x00001f17) auipc   t5, 0x1
core   0: 3 0x80010bde (0x00001f17) x30 0x80011bde
core   0: 0x80010be2 (0x423f2123) sw      gp, 1058(t5)
core   0: 3 0x80010be2 (0x423f2123) mem 0x80012000 0x00000001
core   0: 0x80010be6 (0x0000bfe5) c.j     pc - 8
core   0: 3 0x80010be6 (0xbfe5)
core   0: 0x80010bde (0x00001f17) auipc   t5, 0x1
core   0: 3 0x80010bde (0x00001f17) x30 0x80011bde
core   0: 0x80010be2 (0x423f2123) sw      gp, 1058(t5)
core   0: 3 0x80010be2 (0x423f2123) mem 0x80012000 0x00000001
core   0: 0x80010be6 (0x0000bfe5) c.j     pc - 8
core   0: 3 0x80010be6 (0xbfe5)
core   0: 0x80010bde (0x00001f17) auipc   t5, 0x1
core   0: 3 0x80010bde (0x00001f17) x30 0x80011bde
core   0: 0x80010be2 (0x423f2123) sw      gp, 1058(t5)
core   0: 3 0x80010be2 (0x423f2123) mem 0x80012000 0x00000001
core   0: 0x80010be6 (0x0000bfe5) c.j     pc - 8
core   0: 3 0x80010be6 (0xbfe5)
core   0: 0x80010bde (0x00001f17) auipc   t5, 0x1
core   0: 3 0x80010bde (0x00001f17) x30 0x80011bde
core   0: 0x80010be2 (0x423f2123) sw      gp, 1058(t5)
core   0: 3 0x80010be2 (0x423f2123) mem 0x80012000 0x00000001
core   0: 0x80010be6 (0x0000bfe5) c.j     pc - 8
core   0: 3 0x80010be6 (0xbfe5)
core   0: 0x80010bde (0x00001f17) auipc   t5, 0x1
core   0: 3 0x80010bde (0x00001f17) x30 0x80011bde
core   0: 0x80010be2 (0x423f2123) sw      gp, 1058(t5)
core   0: 3 0x80010be2 (0x423f2123) mem 0x80012000 0x00000001
core   0: 0x80010be6 (0x0000bfe5) c.j     pc - 8
core   0: 3 0x80010be6 (0xbfe5)
core   0: 0x80010bde (0x00001f17) auipc   t5, 0x1
core   0: 3 0x80010bde (0x00001f17) x30 0x80011bde
core   0: 0x80010be2 (0x423f2123) sw      gp, 1058(t5)
core   0: 3 0x80010be2 (0x423f2123) mem 0x80012000 0x00000001
core   0: 0x80010be6 (0x0000bfe5) c.j     pc - 8
core   0: 3 0x80010be6 (0xbfe5)
core   0: 0x80010bde (0x00001f17) auipc   t5, 0x1
core   0: 3 0x80010bde (0x00001f17) x30 0x80011bde
core   0: 0x80010be2 (0x423f2123) sw      gp, 1058(t5)
core   0: 3 0x80010be2 (0x423f2123) mem 0x80012000 0x00000001
core   0: 0x80010be6 (0x0000bfe5) c.j     pc - 8
core   0: 3 0x80010be6 (0xbfe5)
core   0: 0x80010bde (0x00001f17) auipc   t5, 0x1
core   0: 3 0x80010bde (0x00001f17) x30 0x80011bde
core   0: 0x80010be2 (0x423f2123) sw      gp, 1058(t5)
core   0: 3 0x80010be2 (0x423f2123) mem 0x80012000 0x00000001
core   0: 0x80010be6 (0x0000bfe5) c.j     pc - 8
core   0: 3 0x80010be6 (0xbfe5)
core   0: 0x80010bde (0x00001f17) auipc   t5, 0x1
core   0: 3 0x80010bde (0x00001f17) x30 0x80011bde
core   0: 0x80010be2 (0x423f2123) sw      gp, 1058(t5)
core   0: 3 0x80010be2 (0x423f2123) mem 0x80012000 0x00000001
core   0: 0x80010be6 (0x0000bfe5) c.j     pc - 8
core   0: 3 0x80010be6 (0xbfe5)
core   0: 0x80010bde (0x00001f17) auipc   t5, 0x1
core   0: 3 0x80010bde (0x00001f17) x30 0x80011bde
core   0: 0x80010be2 (0x423f2123) sw      gp, 1058(t5)
core   0: 3 0x80010be2 (0x423f2123) mem 0x80012000 0x00000001
core   0: 0x80010be6 (0x0000bfe5) c.j     pc - 8
core   0: 3 0x80010be6 (0xbfe5)
core   0: 0x80010bde (0x00001f17) auipc   t5, 0x1
core   0: 3 0x80010bde (0x00001f17) x30 0x80011bde
core   0: 0x80010be2 (0x423f2123) sw      gp, 1058(t5)
core   0: 3 0x80010be2 (0x423f2123) mem 0x80012000 0x00000001
core   0: 0x80010be6 (0x0000bfe5) c.j     pc - 8
core   0: 3 0x80010be6 (0xbfe5)
core   0: 0x80010bde (0x00001f17) auipc   t5, 0x1
core   0: 3 0x80010bde (0x00001f17) x30 0x80011bde
core   0: 0x80010be2 (0x423f2123) sw      gp, 1058(t5)
core   0: 3 0x80010be2 (0x423f2123) mem 0x80012000 0x00000001
core   0: 0x80010be6 (0x0000bfe5) c.j     pc - 8
core   0: 3 0x80010be6 (0xbfe5)
core   0: 0x80010bde (0x00001f17) auipc   t5, 0x1
core   0: 3 0x80010bde (0x00001f17) x30 0x80011bde
core   0: 0x80010be2 (0x423f2123) sw      gp, 1058(t5)
core   0: 3 0x80010be2 (0x423f2123) mem 0x80012000 0x00000001
core   0: 0x80010be6 (0x0000bfe5) c.j     pc - 8
core   0: 3 0x80010be6 (0xbfe5)
core   0: 0x80010bde (0x00001f17) auipc   t5, 0x1
core   0: 3 0x80010bde (0x00001f17) x30 0x80011bde
core   0: 0x80010be2 (0x423f2123) sw      gp, 1058(t5)
core   0: 3 0x80010be2 (0x423f2123) mem 0x80012000 0x00000001
core   0: 0x80010be6 (0x0000bfe5) c.j     pc - 8
core   0: 3 0x80010be6 (0xbfe5)
core   0: 0x80010bde (0x00001f17) auipc   t5, 0x1
core   0: 3 0x80010bde (0x00001f17) x30 0x80011bde
core   0: 0x80010be2 (0x423f2123) sw      gp, 1058(t5)
core   0: 3 0x80010be2 (0x423f2123) mem 0x80012000 0x00000001
core   0: 0x80010be6 (0x0000bfe5) c.j     pc - 8
core   0: 3 0x80010be6 (0xbfe5)
core   0: 0x80010bde (0x00001f17) auipc   t5, 0x1
core   0: 3 0x80010bde (0x00001f17) x30 0x80011bde
core   0: 0x80010be2 (0x423f2123) sw      gp, 1058(t5)
core   0: 3 0x80010be2 (0x423f2123) mem 0x80012000 0x00000001
core   0: 0x80010be6 (0x0000bfe5) c.j     pc - 8
core   0: 3 0x80010be6 (0xbfe5)
core   0: 0x80010bde (0x00001f17) auipc   t5, 0x1
core   0: 3 0x80010bde (0x00001f17) x30 0x80011bde
core   0: 0x80010be2 (0x423f2123) sw      gp, 1058(t5)
core   0: 3 0x80010be2 (0x423f2123) mem 0x80012000 0x00000001
core   0: 0x80010be6 (0x0000bfe5) c.j     pc - 8
core   0: 3 0x80010be6 (0xbfe5)
core   0: 0x80010bde (0x00001f17) auipc   t5, 0x1
core   0: 3 0x80010bde (0x00001f17) x30 0x80011bde
core   0: 0x80010be2 (0x423f2123) sw      gp, 1058(t5)
core   0: 3 0x80010be2 (0x423f2123) mem 0x80012000 0x00000001
core   0: 0x80010be6 (0x0000bfe5) c.j     pc - 8
core   0: 3 0x80010be6 (0xbfe5)
core   0: 0x80010bde (0x00001f17) auipc   t5, 0x1
core   0: 3 0x80010bde (0x00001f17) x30 0x80011bde
core   0: 0x80010be2 (0x423f2123) sw      gp, 1058(t5)
core   0: 3 0x80010be2 (0x423f2123) mem 0x80012000 0x00000001
core   0: 0x80010be6 (0x0000bfe5) c.j     pc - 8
core   0: 3 0x80010be6 (0xbfe5)
core   0: 0x80010bde (0x00001f17) auipc   t5, 0x1
core   0: 3 0x80010bde (0x00001f17) x30 0x80011bde
core   0: 0x80010be2 (0x423f2123) sw      gp, 1058(t5)
core   0: 3 0x80010be2 (0x423f2123) mem 0x80012000 0x00000001
core   0: 0x80010be6 (0x0000bfe5) c.j     pc - 8
core   0: 3 0x80010be6 (0xbfe5)
core   0: 0x80010bde (0x00001f17) auipc   t5, 0x1
core   0: 3 0x80010bde (0x00001f17) x30 0x80011bde
core   0: 0x80010be2 (0x423f2123) sw      gp, 1058(t5)
core   0: 3 0x80010be2 (0x423f2123) mem 0x80012000 0x00000001
core   0: 0x80010be6 (0x0000bfe5) c.j     pc - 8
core   0: 3 0x80010be6 (0xbfe5)
core   0: 0x80010bde (0x00001f17) auipc   t5, 0x1
core   0: 3 0x80010bde (0x00001f17) x30 0x80011bde
core   0: 0x80010be2 (0x423f2123) sw      gp, 1058(t5)
core   0: 3 0x80010be2 (0x423f2123) mem 0x80012000 0x00000001
core   0: 0x80010be6 (0x0000bfe5) c.j     pc - 8
core   0: 3 0x80010be6 (0xbfe5)
core   0: 0x80010bde (0x00001f17) auipc   t5, 0x1
core   0: 3 0x80010bde (0x00001f17) x30 0x80011bde
core   0: 0x80010be2 (0x423f2123) sw      gp, 1058(t5)
core   0: 3 0x80010be2 (0x423f2123) mem 0x80012000 0x00000001
core   0: 0x80010be6 (0x0000bfe5) c.j     pc - 8
core   0: 3 0x80010be6 (0xbfe5)
core   0: 0x80010bde (0x00001f17) auipc   t5, 0x1
core   0: 3 0x80010bde (0x00001f17) x30 0x80011bde
core   0: 0x80010be2 (0x423f2123) sw      gp, 1058(t5)
core   0: 3 0x80010be2 (0x423f2123) mem 0x80012000 0x00000001
core   0: 0x80010be6 (0x0000bfe5) c.j     pc - 8
core   0: 3 0x80010be6 (0xbfe5)
core   0: 0x80010bde (0x00001f17) auipc   t5, 0x1
core   0: 3 0x80010bde (0x00001f17) x30 0x80011bde
core   0: 0x80010be2 (0x423f2123) sw      gp, 1058(t5)
core   0: 3 0x80010be2 (0x423f2123) mem 0x80012000 0x00000001
core   0: 0x80010be6 (0x0000bfe5) c.j     pc - 8
core   0: 3 0x80010be6 (0xbfe5)
core   0: 0x80010bde (0x00001f17) auipc   t5, 0x1
core   0: 3 0x80010bde (0x00001f17) x30 0x80011bde
core   0: 0x80010be2 (0x423f2123) sw      gp, 1058(t5)
core   0: 3 0x80010be2 (0x423f2123) mem 0x80012000 0x00000001
core   0: 0x80010be6 (0x0000bfe5) c.j     pc - 8
core   0: 3 0x80010be6 (0xbfe5)
core   0: 0x80010bde (0x00001f17) auipc   t5, 0x1
core   0: 3 0x80010bde (0x00001f17) x30 0x80011bde
core   0: 0x80010be2 (0x423f2123) sw      gp, 1058(t5)
core   0: 3 0x80010be2 (0x423f2123) mem 0x80012000 0x00000001
core   0: 0x80010be6 (0x0000bfe5) c.j     pc - 8
core   0: 3 0x80010be6 (0xbfe5)
core   0: 0x80010bde (0x00001f17) auipc   t5, 0x1
core   0: 3 0x80010bde (0x00001f17) x30 0x80011bde
core   0: 0x80010be2 (0x423f2123) sw      gp, 1058(t5)
core   0: 3 0x80010be2 (0x423f2123) mem 0x80012000 0x00000001
core   0: 0x80010be6 (0x0000bfe5) c.j     pc - 8
core   0: 3 0x80010be6 (0xbfe5)
core   0: 0x80010bde (0x00001f17) auipc   t5, 0x1
core   0: 3 0x80010bde (0x00001f17) x30 0x80011bde
core   0: 0x80010be2 (0x423f2123) sw      gp, 1058(t5)
core   0: 3 0x80010be2 (0x423f2123) mem 0x80012000 0x00000001
core   0: 0x80010be6 (0x0000bfe5) c.j     pc - 8
core   0: 3 0x80010be6 (0xbfe5)
core   0: 0x80010bde (0x00001f17) auipc   t5, 0x1
core   0: 3 0x80010bde (0x00001f17) x30 0x80011bde
core   0: 0x80010be2 (0x423f2123) sw      gp, 1058(t5)
core   0: 3 0x80010be2 (0x423f2123) mem 0x80012000 0x00000001
core   0: 0x80010be6 (0x0000bfe5) c.j     pc - 8
core   0: 3 0x80010be6 (0xbfe5)
core   0: 0x80010bde (0x00001f17) auipc   t5, 0x1
core   0: 3 0x80010bde (0x00001f17) x30 0x80011bde
core   0: 0x80010be2 (0x423f2123) sw      gp, 1058(t5)
core   0: 3 0x80010be2 (0x423f2123) mem 0x80012000 0x00000001
core   0: 0x80010be6 (0x0000bfe5) c.j     pc - 8
core   0: 3 0x80010be6 (0xbfe5)
core   0: 0x80010bde (0x00001f17) auipc   t5, 0x1
core   0: 3 0x80010bde (0x00001f17) x30 0x80011bde
core   0: 0x80010be2 (0x423f2123) sw      gp, 1058(t5)
core   0: 3 0x80010be2 (0x423f2123) mem 0x80012000 0x00000001
core   0: 0x80010be6 (0x0000bfe5) c.j     pc - 8
core   0: 3 0x80010be6 (0xbfe5)
core   0: 0x80010bde (0x00001f17) auipc   t5, 0x1
core   0: 3 0x80010bde (0x00001f17) x30 0x80011bde
core   0: 0x80010be2 (0x423f2123) sw      gp, 1058(t5)
core   0: 3 0x80010be2 (0x423f2123) mem 0x80012000 0x00000001
core   0: 0x80010be6 (0x0000bfe5) c.j     pc - 8
core   0: 3 0x80010be6 (0xbfe5)
core   0: 0x80010bde (0x00001f17) auipc   t5, 0x1
core   0: 3 0x80010bde (0x00001f17) x30 0x80011bde
core   0: 0x80010be2 (0x423f2123) sw      gp, 1058(t5)
core   0: 3 0x80010be2 (0x423f2123) mem 0x80012000 0x00000001
core   0: 0x80010be6 (0x0000bfe5) c.j     pc - 8
core   0: 3 0x80010be6 (0xbfe5)
core   0: 0x80010bde (0x00001f17) auipc   t5, 0x1
core   0: 3 0x80010bde (0x00001f17) x30 0x80011bde
core   0: 0x80010be2 (0x423f2123) sw      gp, 1058(t5)
core   0: 3 0x80010be2 (0x423f2123) mem 0x80012000 0x00000001
core   0: 0x80010be6 (0x0000bfe5) c.j     pc - 8
core   0: 3 0x80010be6 (0xbfe5)
core   0: 0x80010bde (0x00001f17) auipc   t5, 0x1
core   0: 3 0x80010bde (0x00001f17) x30 0x80011bde
core   0: 0x80010be2 (0x423f2123) sw      gp, 1058(t5)
core   0: 3 0x80010be2 (0x423f2123) mem 0x80012000 0x00000001
core   0: 0x80010be6 (0x0000bfe5) c.j     pc - 8
core   0: 3 0x80010be6 (0xbfe5)
core   0: 0x80010bde (0x00001f17) auipc   t5, 0x1
core   0: 3 0x80010bde (0x00001f17) x30 0x80011bde
core   0: 0x80010be2 (0x423f2123) sw      gp, 1058(t5)
core   0: 3 0x80010be2 (0x423f2123) mem 0x80012000 0x00000001
core   0: 0x80010be6 (0x0000bfe5) c.j     pc - 8
core   0: 3 0x80010be6 (0xbfe5)
core   0: 0x80010bde (0x00001f17) auipc   t5, 0x1
core   0: 3 0x80010bde (0x00001f17) x30 0x80011bde
core   0: 0x80010be2 (0x423f2123) sw      gp, 1058(t5)
core   0: 3 0x80010be2 (0x423f2123) mem 0x80012000 0x00000001
core   0: 0x80010be6 (0x0000bfe5) c.j     pc - 8
core   0: 3 0x80010be6 (0xbfe5)
core   0: 0x80010bde (0x00001f17) auipc   t5, 0x1
core   0: 3 0x80010bde (0x00001f17) x30 0x80011bde
core   0: 0x80010be2 (0x423f2123) sw      gp, 1058(t5)
core   0: 3 0x80010be2 (0x423f2123) mem 0x80012000 0x00000001
core   0: 0x80010be6 (0x0000bfe5) c.j     pc - 8
core   0: 3 0x80010be6 (0xbfe5)
core   0: 0x80010bde (0x00001f17) auipc   t5, 0x1
core   0: 3 0x80010bde (0x00001f17) x30 0x80011bde
core   0: 0x80010be2 (0x423f2123) sw      gp, 1058(t5)
core   0: 3 0x80010be2 (0x423f2123) mem 0x80012000 0x00000001
core   0: 0x80010be6 (0x0000bfe5) c.j     pc - 8
core   0: 3 0x80010be6 (0xbfe5)
core   0: 0x80010bde (0x00001f17) auipc   t5, 0x1
core   0: 3 0x80010bde (0x00001f17) x30 0x80011bde
core   0: 0x80010be2 (0x423f2123) sw      gp, 1058(t5)
core   0: 3 0x80010be2 (0x423f2123) mem 0x80012000 0x00000001
core   0: 0x80010be6 (0x0000bfe5) c.j     pc - 8
core   0: 3 0x80010be6 (0xbfe5)
core   0: 0x80010bde (0x00001f17) auipc   t5, 0x1
core   0: 3 0x80010bde (0x00001f17) x30 0x80011bde
core   0: 0x80010be2 (0x423f2123) sw      gp, 1058(t5)
core   0: 3 0x80010be2 (0x423f2123) mem 0x80012000 0x00000001
core   0: 0x80010be6 (0x0000bfe5) c.j     pc - 8
core   0: 3 0x80010be6 (0xbfe5)
core   0: 0x80010bde (0x00001f17) auipc   t5, 0x1
core   0: 3 0x80010bde (0x00001f17) x30 0x80011bde
core   0: 0x80010be2 (0x423f2123) sw      gp, 1058(t5)
core   0: 3 0x80010be2 (0x423f2123) mem 0x80012000 0x00000001
core   0: 0x80010be6 (0x0000bfe5) c.j     pc - 8
core   0: 3 0x80010be6 (0xbfe5)
core   0: 0x80010bde (0x00001f17) auipc   t5, 0x1
core   0: 3 0x80010bde (0x00001f17) x30 0x80011bde
core   0: 0x80010be2 (0x423f2123) sw      gp, 1058(t5)
core   0: 3 0x80010be2 (0x423f2123) mem 0x80012000 0x00000001
core   0: 0x80010be6 (0x0000bfe5) c.j     pc - 8
core   0: 3 0x80010be6 (0xbfe5)
core   0: 0x80010bde (0x00001f17) auipc   t5, 0x1
core   0: 3 0x80010bde (0x00001f17) x30 0x80011bde
core   0: 0x80010be2 (0x423f2123) sw      gp, 1058(t5)
core   0: 3 0x80010be2 (0x423f2123) mem 0x80012000 0x00000001
core   0: 0x80010be6 (0x0000bfe5) c.j     pc - 8
core   0: 3 0x80010be6 (0xbfe5)
core   0: 0x80010bde (0x00001f17) auipc   t5, 0x1
core   0: 3 0x80010bde (0x00001f17) x30 0x80011bde
core   0: 0x80010be2 (0x423f2123) sw      gp, 1058(t5)
core   0: 3 0x80010be2 (0x423f2123) mem 0x80012000 0x00000001
core   0: 0x80010be6 (0x0000bfe5) c.j     pc - 8
core   0: 3 0x80010be6 (0xbfe5)
core   0: 0x80010bde (0x00001f17) auipc   t5, 0x1
core   0: 3 0x80010bde (0x00001f17) x30 0x80011bde
core   0: 0x80010be2 (0x423f2123) sw      gp, 1058(t5)
core   0: 3 0x80010be2 (0x423f2123) mem 0x80012000 0x00000001
core   0: 0x80010be6 (0x0000bfe5) c.j     pc - 8
core   0: 3 0x80010be6 (0xbfe5)
core   0: 0x80010bde (0x00001f17) auipc   t5, 0x1
core   0: 3 0x80010bde (0x00001f17) x30 0x80011bde
core   0: 0x80010be2 (0x423f2123) sw      gp, 1058(t5)
core   0: 3 0x80010be2 (0x423f2123) mem 0x80012000 0x00000001
core   0: 0x80010be6 (0x0000bfe5) c.j     pc - 8
core   0: 3 0x80010be6 (0xbfe5)
core   0: 0x80010bde (0x00001f17) auipc   t5, 0x1
core   0: 3 0x80010bde (0x00001f17) x30 0x80011bde
core   0: 0x80010be2 (0x423f2123) sw      gp, 1058(t5)
core   0: 3 0x80010be2 (0x423f2123) mem 0x80012000 0x00000001
core   0: 0x80010be6 (0x0000bfe5) c.j     pc - 8
core   0: 3 0x80010be6 (0xbfe5)
core   0: 0x80010bde (0x00001f17) auipc   t5, 0x1
core   0: 3 0x80010bde (0x00001f17) x30 0x80011bde
core   0: 0x80010be2 (0x423f2123) sw      gp, 1058(t5)
core   0: 3 0x80010be2 (0x423f2123) mem 0x80012000 0x00000001
core   0: 0x80010be6 (0x0000bfe5) c.j     pc - 8
core   0: 3 0x80010be6 (0xbfe5)
core   0: 0x80010bde (0x00001f17) auipc   t5, 0x1
core   0: 3 0x80010bde (0x00001f17) x30 0x80011bde
core   0: 0x80010be2 (0x423f2123) sw      gp, 1058(t5)
core   0: 3 0x80010be2 (0x423f2123) mem 0x80012000 0x00000001
core   0: 0x80010be6 (0x0000bfe5) c.j     pc - 8
core   0: 3 0x80010be6 (0xbfe5)
core   0: 0x80010bde (0x00001f17) auipc   t5, 0x1
core   0: 3 0x80010bde (0x00001f17) x30 0x80011bde
core   0: 0x80010be2 (0x423f2123) sw      gp, 1058(t5)
core   0: 3 0x80010be2 (0x423f2123) mem 0x80012000 0x00000001
core   0: 0x80010be6 (0x0000bfe5) c.j     pc - 8
core   0: 3 0x80010be6 (0xbfe5)
core   0: 0x80010bde (0x00001f17) auipc   t5, 0x1
core   0: 3 0x80010bde (0x00001f17) x30 0x80011bde
core   0: 0x80010be2 (0x423f2123) sw      gp, 1058(t5)
core   0: 3 0x80010be2 (0x423f2123) mem 0x80012000 0x00000001
core   0: 0x80010be6 (0x0000bfe5) c.j     pc - 8
core   0: 3 0x80010be6 (0xbfe5)
core   0: 0x80010bde (0x00001f17) auipc   t5, 0x1
core   0: 3 0x80010bde (0x00001f17) x30 0x80011bde
core   0: 0x80010be2 (0x423f2123) sw      gp, 1058(t5)
core   0: 3 0x80010be2 (0x423f2123) mem 0x80012000 0x00000001
core   0: 0x80010be6 (0x0000bfe5) c.j     pc - 8
core   0: 3 0x80010be6 (0xbfe5)
core   0: 0x80010bde (0x00001f17) auipc   t5, 0x1
core   0: 3 0x80010bde (0x00001f17) x30 0x80011bde
core   0: 0x80010be2 (0x423f2123) sw      gp, 1058(t5)
core   0: 3 0x80010be2 (0x423f2123) mem 0x80012000 0x00000001
core   0: 0x80010be6 (0x0000bfe5) c.j     pc - 8
core   0: 3 0x80010be6 (0xbfe5)
core   0: 0x80010bde (0x00001f17) auipc   t5, 0x1
core   0: 3 0x80010bde (0x00001f17) x30 0x80011bde
core   0: 0x80010be2 (0x423f2123) sw      gp, 1058(t5)
core   0: 3 0x80010be2 (0x423f2123) mem 0x80012000 0x00000001
core   0: 0x80010be6 (0x0000bfe5) c.j     pc - 8
core   0: 3 0x80010be6 (0xbfe5)
core   0: 0x80010bde (0x00001f17) auipc   t5, 0x1
core   0: 3 0x80010bde (0x00001f17) x30 0x80011bde
core   0: 0x80010be2 (0x423f2123) sw      gp, 1058(t5)
core   0: 3 0x80010be2 (0x423f2123) mem 0x80012000 0x00000001
core   0: 0x80010be6 (0x0000bfe5) c.j     pc - 8
core   0: 3 0x80010be6 (0xbfe5)
core   0: 0x80010bde (0x00001f17) auipc   t5, 0x1
core   0: 3 0x80010bde (0x00001f17) x30 0x80011bde
core   0: 0x80010be2 (0x423f2123) sw      gp, 1058(t5)
core   0: 3 0x80010be2 (0x423f2123) mem 0x80012000 0x00000001
core   0: 0x80010be6 (0x0000bfe5) c.j     pc - 8
core   0: 3 0x80010be6 (0xbfe5)
core   0: 0x80010bde (0x00001f17) auipc   t5, 0x1
core   0: 3 0x80010bde (0x00001f17) x30 0x80011bde
core   0: 0x80010be2 (0x423f2123) sw      gp, 1058(t5)
core   0: 3 0x80010be2 (0x423f2123) mem 0x80012000 0x00000001
core   0: 0x80010be6 (0x0000bfe5) c.j     pc - 8
core   0: 3 0x80010be6 (0xbfe5)
core   0: 0x80010bde (0x00001f17) auipc   t5, 0x1
core   0: 3 0x80010bde (0x00001f17) x30 0x80011bde
core   0: 0x80010be2 (0x423f2123) sw      gp, 1058(t5)
core   0: 3 0x80010be2 (0x423f2123) mem 0x80012000 0x00000001
core   0: 0x80010be6 (0x0000bfe5) c.j     pc - 8
core   0: 3 0x80010be6 (0xbfe5)
core   0: 0x80010bde (0x00001f17) auipc   t5, 0x1
core   0: 3 0x80010bde (0x00001f17) x30 0x80011bde
core   0: 0x80010be2 (0x423f2123) sw      gp, 1058(t5)
core   0: 3 0x80010be2 (0x423f2123) mem 0x80012000 0x00000001
core   0: 0x80010be6 (0x0000bfe5) c.j     pc - 8
core   0: 3 0x80010be6 (0xbfe5)
core   0: 0x80010bde (0x00001f17) auipc   t5, 0x1
core   0: 3 0x80010bde (0x00001f17) x30 0x80011bde
core   0: 0x80010be2 (0x423f2123) sw      gp, 1058(t5)
core   0: 3 0x80010be2 (0x423f2123) mem 0x80012000 0x00000001
core   0: 0x80010be6 (0x0000bfe5) c.j     pc - 8
core   0: 3 0x80010be6 (0xbfe5)
core   0: 0x80010bde (0x00001f17) auipc   t5, 0x1
core   0: 3 0x80010bde (0x00001f17) x30 0x80011bde
core   0: 0x80010be2 (0x423f2123) sw      gp, 1058(t5)
core   0: 3 0x80010be2 (0x423f2123) mem 0x80012000 0x00000001
core   0: 0x80010be6 (0x0000bfe5) c.j     pc - 8
core   0: 3 0x80010be6 (0xbfe5)
core   0: 0x80010bde (0x00001f17) auipc   t5, 0x1
core   0: 3 0x80010bde (0x00001f17) x30 0x80011bde
core   0: 0x80010be2 (0x423f2123) sw      gp, 1058(t5)
core   0: 3 0x80010be2 (0x423f2123) mem 0x80012000 0x00000001
core   0: 0x80010be6 (0x0000bfe5) c.j     pc - 8
core   0: 3 0x80010be6 (0xbfe5)
core   0: 0x80010bde (0x00001f17) auipc   t5, 0x1
core   0: 3 0x80010bde (0x00001f17) x30 0x80011bde
core   0: 0x80010be2 (0x423f2123) sw      gp, 1058(t5)
core   0: 3 0x80010be2 (0x423f2123) mem 0x80012000 0x00000001
core   0: 0x80010be6 (0x0000bfe5) c.j     pc - 8
core   0: 3 0x80010be6 (0xbfe5)
core   0: 0x80010bde (0x00001f17) auipc   t5, 0x1
core   0: 3 0x80010bde (0x00001f17) x30 0x80011bde
core   0: 0x80010be2 (0x423f2123) sw      gp, 1058(t5)
core   0: 3 0x80010be2 (0x423f2123) mem 0x80012000 0x00000001
core   0: 0x80010be6 (0x0000bfe5) c.j     pc - 8
core   0: 3 0x80010be6 (0xbfe5)
core   0: 0x80010bde (0x00001f17) auipc   t5, 0x1
core   0: 3 0x80010bde (0x00001f17) x30 0x80011bde
core   0: 0x80010be2 (0x423f2123) sw      gp, 1058(t5)
core   0: 3 0x80010be2 (0x423f2123) mem 0x80012000 0x00000001
core   0: 0x80010be6 (0x0000bfe5) c.j     pc - 8
core   0: 3 0x80010be6 (0xbfe5)
core   0: 0x80010bde (0x00001f17) auipc   t5, 0x1
core   0: 3 0x80010bde (0x00001f17) x30 0x80011bde
core   0: 0x80010be2 (0x423f2123) sw      gp, 1058(t5)
core   0: 3 0x80010be2 (0x423f2123) mem 0x80012000 0x00000001
core   0: 0x80010be6 (0x0000bfe5) c.j     pc - 8
core   0: 3 0x80010be6 (0xbfe5)
core   0: 0x80010bde (0x00001f17) auipc   t5, 0x1
core   0: 3 0x80010bde (0x00001f17) x30 0x80011bde
core   0: 0x80010be2 (0x423f2123) sw      gp, 1058(t5)
core   0: 3 0x80010be2 (0x423f2123) mem 0x80012000 0x00000001
core   0: 0x80010be6 (0x0000bfe5) c.j     pc - 8
core   0: 3 0x80010be6 (0xbfe5)
core   0: 0x80010bde (0x00001f17) auipc   t5, 0x1
core   0: 3 0x80010bde (0x00001f17) x30 0x80011bde
core   0: 0x80010be2 (0x423f2123) sw      gp, 1058(t5)
core   0: 3 0x80010be2 (0x423f2123) mem 0x80012000 0x00000001
core   0: 0x80010be6 (0x0000bfe5) c.j     pc - 8
core   0: 3 0x80010be6 (0xbfe5)
core   0: 0x80010bde (0x00001f17) auipc   t5, 0x1
core   0: 3 0x80010bde (0x00001f17) x30 0x80011bde
core   0: 0x80010be2 (0x423f2123) sw      gp, 1058(t5)
core   0: 3 0x80010be2 (0x423f2123) mem 0x80012000 0x00000001
core   0: 0x80010be6 (0x0000bfe5) c.j     pc - 8
core   0: 3 0x80010be6 (0xbfe5)
core   0: 0x80010bde (0x00001f17) auipc   t5, 0x1
core   0: 3 0x80010bde (0x00001f17) x30 0x80011bde
core   0: 0x80010be2 (0x423f2123) sw      gp, 1058(t5)
core   0: 3 0x80010be2 (0x423f2123) mem 0x80012000 0x00000001
core   0: 0x80010be6 (0x0000bfe5) c.j     pc - 8
core   0: 3 0x80010be6 (0xbfe5)
core   0: 0x80010bde (0x00001f17) auipc   t5, 0x1
core   0: 3 0x80010bde (0x00001f17) x30 0x80011bde
core   0: 0x80010be2 (0x423f2123) sw      gp, 1058(t5)
core   0: 3 0x80010be2 (0x423f2123) mem 0x80012000 0x00000001
core   0: 0x80010be6 (0x0000bfe5) c.j     pc - 8
core   0: 3 0x80010be6 (0xbfe5)
core   0: 0x80010bde (0x00001f17) auipc   t5, 0x1
core   0: 3 0x80010bde (0x00001f17) x30 0x80011bde
core   0: 0x80010be2 (0x423f2123) sw      gp, 1058(t5)
core   0: 3 0x80010be2 (0x423f2123) mem 0x80012000 0x00000001
core   0: 0x80010be6 (0x0000bfe5) c.j     pc - 8
core   0: 3 0x80010be6 (0xbfe5)
core   0: 0x80010bde (0x00001f17) auipc   t5, 0x1
core   0: 3 0x80010bde (0x00001f17) x30 0x80011bde
core   0: 0x80010be2 (0x423f2123) sw      gp, 1058(t5)
core   0: 3 0x80010be2 (0x423f2123) mem 0x80012000 0x00000001
core   0: 0x80010be6 (0x0000bfe5) c.j     pc - 8
core   0: 3 0x80010be6 (0xbfe5)
core   0: 0x80010bde (0x00001f17) auipc   t5, 0x1
core   0: 3 0x80010bde (0x00001f17) x30 0x80011bde
core   0: 0x80010be2 (0x423f2123) sw      gp, 1058(t5)
core   0: 3 0x80010be2 (0x423f2123) mem 0x80012000 0x00000001
core   0: 0x80010be6 (0x0000bfe5) c.j     pc - 8
core   0: 3 0x80010be6 (0xbfe5)
core   0: 0x80010bde (0x00001f17) auipc   t5, 0x1
core   0: 3 0x80010bde (0x00001f17) x30 0x80011bde
core   0: 0x80010be2 (0x423f2123) sw      gp, 1058(t5)
core   0: 3 0x80010be2 (0x423f2123) mem 0x80012000 0x00000001
core   0: 0x80010be6 (0x0000bfe5) c.j     pc - 8
core   0: 3 0x80010be6 (0xbfe5)
core   0: 0x80010bde (0x00001f17) auipc   t5, 0x1
core   0: 3 0x80010bde (0x00001f17) x30 0x80011bde
core   0: 0x80010be2 (0x423f2123) sw      gp, 1058(t5)
core   0: 3 0x80010be2 (0x423f2123) mem 0x80012000 0x00000001
core   0: 0x80010be6 (0x0000bfe5) c.j     pc - 8
core   0: 3 0x80010be6 (0xbfe5)
core   0: 0x80010bde (0x00001f17) auipc   t5, 0x1
core   0: 3 0x80010bde (0x00001f17) x30 0x80011bde
core   0: 0x80010be2 (0x423f2123) sw      gp, 1058(t5)
core   0: 3 0x80010be2 (0x423f2123) mem 0x80012000 0x00000001
core   0: 0x80010be6 (0x0000bfe5) c.j     pc - 8
core   0: 3 0x80010be6 (0xbfe5)
core   0: 0x80010bde (0x00001f17) auipc   t5, 0x1
core   0: 3 0x80010bde (0x00001f17) x30 0x80011bde
core   0: 0x80010be2 (0x423f2123) sw      gp, 1058(t5)
core   0: 3 0x80010be2 (0x423f2123) mem 0x80012000 0x00000001
core   0: 0x80010be6 (0x0000bfe5) c.j     pc - 8
core   0: 3 0x80010be6 (0xbfe5)
core   0: 0x80010bde (0x00001f17) auipc   t5, 0x1
core   0: 3 0x80010bde (0x00001f17) x30 0x80011bde
core   0: 0x80010be2 (0x423f2123) sw      gp, 1058(t5)
core   0: 3 0x80010be2 (0x423f2123) mem 0x80012000 0x00000001
core   0: 0x80010be6 (0x0000bfe5) c.j     pc - 8
core   0: 3 0x80010be6 (0xbfe5)
core   0: 0x80010bde (0x00001f17) auipc   t5, 0x1
core   0: 3 0x80010bde (0x00001f17) x30 0x80011bde
core   0: 0x80010be2 (0x423f2123) sw      gp, 1058(t5)
core   0: 3 0x80010be2 (0x423f2123) mem 0x80012000 0x00000001
core   0: 0x80010be6 (0x0000bfe5) c.j     pc - 8
core   0: 3 0x80010be6 (0xbfe5)
core   0: 0x80010bde (0x00001f17) auipc   t5, 0x1
core   0: 3 0x80010bde (0x00001f17) x30 0x80011bde
core   0: 0x80010be2 (0x423f2123) sw      gp, 1058(t5)
core   0: 3 0x80010be2 (0x423f2123) mem 0x80012000 0x00000001
core   0: 0x80010be6 (0x0000bfe5) c.j     pc - 8
core   0: 3 0x80010be6 (0xbfe5)
core   0: 0x80010bde (0x00001f17) auipc   t5, 0x1
core   0: 3 0x80010bde (0x00001f17) x30 0x80011bde
core   0: 0x80010be2 (0x423f2123) sw      gp, 1058(t5)
core   0: 3 0x80010be2 (0x423f2123) mem 0x80012000 0x00000001
core   0: 0x80010be6 (0x0000bfe5) c.j     pc - 8
core   0: 3 0x80010be6 (0xbfe5)
core   0: 0x80010bde (0x00001f17) auipc   t5, 0x1
core   0: 3 0x80010bde (0x00001f17) x30 0x80011bde
core   0: 0x80010be2 (0x423f2123) sw      gp, 1058(t5)
core   0: 3 0x80010be2 (0x423f2123) mem 0x80012000 0x00000001
core   0: 0x80010be6 (0x0000bfe5) c.j     pc - 8
core   0: 3 0x80010be6 (0xbfe5)
core   0: 0x80010bde (0x00001f17) auipc   t5, 0x1
core   0: 3 0x80010bde (0x00001f17) x30 0x80011bde
core   0: 0x80010be2 (0x423f2123) sw      gp, 1058(t5)
core   0: 3 0x80010be2 (0x423f2123) mem 0x80012000 0x00000001
core   0: 0x80010be6 (0x0000bfe5) c.j     pc - 8
core   0: 3 0x80010be6 (0xbfe5)
core   0: 0x80010bde (0x00001f17) auipc   t5, 0x1
core   0: 3 0x80010bde (0x00001f17) x30 0x80011bde
core   0: 0x80010be2 (0x423f2123) sw      gp, 1058(t5)
core   0: 3 0x80010be2 (0x423f2123) mem 0x80012000 0x00000001
core   0: 0x80010be6 (0x0000bfe5) c.j     pc - 8
core   0: 3 0x80010be6 (0xbfe5)
core   0: 0x80010bde (0x00001f17) auipc   t5, 0x1
core   0: 3 0x80010bde (0x00001f17) x30 0x80011bde
core   0: 0x80010be2 (0x423f2123) sw      gp, 1058(t5)
core   0: 3 0x80010be2 (0x423f2123) mem 0x80012000 0x00000001
core   0: 0x80010be6 (0x0000bfe5) c.j     pc - 8
core   0: 3 0x80010be6 (0xbfe5)
core   0: 0x80010bde (0x00001f17) auipc   t5, 0x1
core   0: 3 0x80010bde (0x00001f17) x30 0x80011bde
core   0: 0x80010be2 (0x423f2123) sw      gp, 1058(t5)
core   0: 3 0x80010be2 (0x423f2123) mem 0x80012000 0x00000001
core   0: 0x80010be6 (0x0000bfe5) c.j     pc - 8
core   0: 3 0x80010be6 (0xbfe5)
core   0: 0x80010bde (0x00001f17) auipc   t5, 0x1
core   0: 3 0x80010bde (0x00001f17) x30 0x80011bde
core   0: 0x80010be2 (0x423f2123) sw      gp, 1058(t5)
core   0: 3 0x80010be2 (0x423f2123) mem 0x80012000 0x00000001
core   0: 0x80010be6 (0x0000bfe5) c.j     pc - 8
core   0: 3 0x80010be6 (0xbfe5)
core   0: 0x80010bde (0x00001f17) auipc   t5, 0x1
core   0: 3 0x80010bde (0x00001f17) x30 0x80011bde
core   0: 0x80010be2 (0x423f2123) sw      gp, 1058(t5)
core   0: 3 0x80010be2 (0x423f2123) mem 0x80012000 0x00000001
core   0: 0x80010be6 (0x0000bfe5) c.j     pc - 8
core   0: 3 0x80010be6 (0xbfe5)
core   0: 0x80010bde (0x00001f17) auipc   t5, 0x1
core   0: 3 0x80010bde (0x00001f17) x30 0x80011bde
core   0: 0x80010be2 (0x423f2123) sw      gp, 1058(t5)
core   0: 3 0x80010be2 (0x423f2123) mem 0x80012000 0x00000001
core   0: 0x80010be6 (0x0000bfe5) c.j     pc - 8
core   0: 3 0x80010be6 (0xbfe5)
core   0: 0x80010bde (0x00001f17) auipc   t5, 0x1
core   0: 3 0x80010bde (0x00001f17) x30 0x80011bde
core   0: 0x80010be2 (0x423f2123) sw      gp, 1058(t5)
core   0: 3 0x80010be2 (0x423f2123) mem 0x80012000 0x00000001
core   0: 0x80010be6 (0x0000bfe5) c.j     pc - 8
core   0: 3 0x80010be6 (0xbfe5)
core   0: 0x80010bde (0x00001f17) auipc   t5, 0x1
core   0: 3 0x80010bde (0x00001f17) x30 0x80011bde
core   0: 0x80010be2 (0x423f2123) sw      gp, 1058(t5)
core   0: 3 0x80010be2 (0x423f2123) mem 0x80012000 0x00000001
core   0: 0x80010be6 (0x0000bfe5) c.j     pc - 8
core   0: 3 0x80010be6 (0xbfe5)
core   0: 0x80010bde (0x00001f17) auipc   t5, 0x1
core   0: 3 0x80010bde (0x00001f17) x30 0x80011bde
core   0: 0x80010be2 (0x423f2123) sw      gp, 1058(t5)
core   0: 3 0x80010be2 (0x423f2123) mem 0x80012000 0x00000001
core   0: 0x80010be6 (0x0000bfe5) c.j     pc - 8
core   0: 3 0x80010be6 (0xbfe5)
core   0: 0x80010bde (0x00001f17) auipc   t5, 0x1
core   0: 3 0x80010bde (0x00001f17) x30 0x80011bde
core   0: 0x80010be2 (0x423f2123) sw      gp, 1058(t5)
core   0: 3 0x80010be2 (0x423f2123) mem 0x80012000 0x00000001
core   0: 0x80010be6 (0x0000bfe5) c.j     pc - 8
core   0: 3 0x80010be6 (0xbfe5)
core   0: 0x80010bde (0x00001f17) auipc   t5, 0x1
core   0: 3 0x80010bde (0x00001f17) x30 0x80011bde
core   0: 0x80010be2 (0x423f2123) sw      gp, 1058(t5)
core   0: 3 0x80010be2 (0x423f2123) mem 0x80012000 0x00000001
core   0: 0x80010be6 (0x0000bfe5) c.j     pc - 8
core   0: 3 0x80010be6 (0xbfe5)
core   0: 0x80010bde (0x00001f17) auipc   t5, 0x1
core   0: 3 0x80010bde (0x00001f17) x30 0x80011bde
core   0: 0x80010be2 (0x423f2123) sw      gp, 1058(t5)
core   0: 3 0x80010be2 (0x423f2123) mem 0x80012000 0x00000001
core   0: 0x80010be6 (0x0000bfe5) c.j     pc - 8
core   0: 3 0x80010be6 (0xbfe5)
core   0: 0x80010bde (0x00001f17) auipc   t5, 0x1
core   0: 3 0x80010bde (0x00001f17) x30 0x80011bde
core   0: 0x80010be2 (0x423f2123) sw      gp, 1058(t5)
core   0: 3 0x80010be2 (0x423f2123) mem 0x80012000 0x00000001
core   0: 0x80010be6 (0x0000bfe5) c.j     pc - 8
core   0: 3 0x80010be6 (0xbfe5)
core   0: 0x80010bde (0x00001f17) auipc   t5, 0x1
core   0: 3 0x80010bde (0x00001f17) x30 0x80011bde
core   0: 0x80010be2 (0x423f2123) sw      gp, 1058(t5)
core   0: 3 0x80010be2 (0x423f2123) mem 0x80012000 0x00000001
core   0: 0x80010be6 (0x0000bfe5) c.j     pc - 8
core   0: 3 0x80010be6 (0xbfe5)
core   0: 0x80010bde (0x00001f17) auipc   t5, 0x1
core   0: 3 0x80010bde (0x00001f17) x30 0x80011bde
core   0: 0x80010be2 (0x423f2123) sw      gp, 1058(t5)
core   0: 3 0x80010be2 (0x423f2123) mem 0x80012000 0x00000001
core   0: 0x80010be6 (0x0000bfe5) c.j     pc - 8
core   0: 3 0x80010be6 (0xbfe5)
core   0: 0x80010bde (0x00001f17) auipc   t5, 0x1
core   0: 3 0x80010bde (0x00001f17) x30 0x80011bde
core   0: 0x80010be2 (0x423f2123) sw      gp, 1058(t5)
core   0: 3 0x80010be2 (0x423f2123) mem 0x80012000 0x00000001
core   0: 0x80010be6 (0x0000bfe5) c.j     pc - 8
core   0: 3 0x80010be6 (0xbfe5)
core   0: 0x80010bde (0x00001f17) auipc   t5, 0x1
core   0: 3 0x80010bde (0x00001f17) x30 0x80011bde
core   0: 0x80010be2 (0x423f2123) sw      gp, 1058(t5)
core   0: 3 0x80010be2 (0x423f2123) mem 0x80012000 0x00000001
core   0: 0x80010be6 (0x0000bfe5) c.j     pc - 8
core   0: 3 0x80010be6 (0xbfe5)
core   0: 0x80010bde (0x00001f17) auipc   t5, 0x1
core   0: 3 0x80010bde (0x00001f17) x30 0x80011bde
core   0: 0x80010be2 (0x423f2123) sw      gp, 1058(t5)
core   0: 3 0x80010be2 (0x423f2123) mem 0x80012000 0x00000001
core   0: 0x80010be6 (0x0000bfe5) c.j     pc - 8
core   0: 3 0x80010be6 (0xbfe5)
core   0: 0x80010bde (0x00001f17) auipc   t5, 0x1
core   0: 3 0x80010bde (0x00001f17) x30 0x80011bde
core   0: 0x80010be2 (0x423f2123) sw      gp, 1058(t5)
core   0: 3 0x80010be2 (0x423f2123) mem 0x80012000 0x00000001
core   0: 0x80010be6 (0x0000bfe5) c.j     pc - 8
core   0: 3 0x80010be6 (0xbfe5)
core   0: 0x80010bde (0x00001f17) auipc   t5, 0x1
core   0: 3 0x80010bde (0x00001f17) x30 0x80011bde
core   0: 0x80010be2 (0x423f2123) sw      gp, 1058(t5)
core   0: 3 0x80010be2 (0x423f2123) mem 0x80012000 0x00000001
core   0: 0x80010be6 (0x0000bfe5) c.j     pc - 8
core   0: 3 0x80010be6 (0xbfe5)
core   0: 0x80010bde (0x00001f17) auipc   t5, 0x1
core   0: 3 0x80010bde (0x00001f17) x30 0x80011bde
core   0: 0x80010be2 (0x423f2123) sw      gp, 1058(t5)
core   0: 3 0x80010be2 (0x423f2123) mem 0x80012000 0x00000001
core   0: 0x80010be6 (0x0000bfe5) c.j     pc - 8
core   0: 3 0x80010be6 (0xbfe5)
core   0: 0x80010bde (0x00001f17) auipc   t5, 0x1
core   0: 3 0x80010bde (0x00001f17) x30 0x80011bde
core   0: 0x80010be2 (0x423f2123) sw      gp, 1058(t5)
core   0: 3 0x80010be2 (0x423f2123) mem 0x80012000 0x00000001
core   0: 0x80010be6 (0x0000bfe5) c.j     pc - 8
core   0: 3 0x80010be6 (0xbfe5)
core   0: 0x80010bde (0x00001f17) auipc   t5, 0x1
core   0: 3 0x80010bde (0x00001f17) x30 0x80011bde
core   0: 0x80010be2 (0x423f2123) sw      gp, 1058(t5)
core   0: 3 0x80010be2 (0x423f2123) mem 0x80012000 0x00000001
core   0: 0x80010be6 (0x0000bfe5) c.j     pc - 8
core   0: 3 0x80010be6 (0xbfe5)
core   0: 0x80010bde (0x00001f17) auipc   t5, 0x1
core   0: 3 0x80010bde (0x00001f17) x30 0x80011bde
core   0: 0x80010be2 (0x423f2123) sw      gp, 1058(t5)
core   0: 3 0x80010be2 (0x423f2123) mem 0x80012000 0x00000001
core   0: 0x80010be6 (0x0000bfe5) c.j     pc - 8
core   0: 3 0x80010be6 (0xbfe5)
core   0: 0x80010bde (0x00001f17) auipc   t5, 0x1
core   0: 3 0x80010bde (0x00001f17) x30 0x80011bde
core   0: 0x80010be2 (0x423f2123) sw      gp, 1058(t5)
core   0: 3 0x80010be2 (0x423f2123) mem 0x80012000 0x00000001
core   0: 0x80010be6 (0x0000bfe5) c.j     pc - 8
core   0: 3 0x80010be6 (0xbfe5)
core   0: 0x80010bde (0x00001f17) auipc   t5, 0x1
core   0: 3 0x80010bde (0x00001f17) x30 0x80011bde
core   0: 0x80010be2 (0x423f2123) sw      gp, 1058(t5)
core   0: 3 0x80010be2 (0x423f2123) mem 0x80012000 0x00000001
core   0: 0x80010be6 (0x0000bfe5) c.j     pc - 8
core   0: 3 0x80010be6 (0xbfe5)
core   0: 0x80010bde (0x00001f17) auipc   t5, 0x1
core   0: 3 0x80010bde (0x00001f17) x30 0x80011bde
core   0: 0x80010be2 (0x423f2123) sw      gp, 1058(t5)
core   0: 3 0x80010be2 (0x423f2123) mem 0x80012000 0x00000001
core   0: 0x80010be6 (0x0000bfe5) c.j     pc - 8
core   0: 3 0x80010be6 (0xbfe5)
core   0: 0x80010bde (0x00001f17) auipc   t5, 0x1
core   0: 3 0x80010bde (0x00001f17) x30 0x80011bde
core   0: 0x80010be2 (0x423f2123) sw      gp, 1058(t5)
core   0: 3 0x80010be2 (0x423f2123) mem 0x80012000 0x00000001
core   0: 0x80010be6 (0x0000bfe5) c.j     pc - 8
core   0: 3 0x80010be6 (0xbfe5)
core   0: 0x80010bde (0x00001f17) auipc   t5, 0x1
core   0: 3 0x80010bde (0x00001f17) x30 0x80011bde
core   0: 0x80010be2 (0x423f2123) sw      gp, 1058(t5)
core   0: 3 0x80010be2 (0x423f2123) mem 0x80012000 0x00000001
core   0: 0x80010be6 (0x0000bfe5) c.j     pc - 8
core   0: 3 0x80010be6 (0xbfe5)
core   0: 0x80010bde (0x00001f17) auipc   t5, 0x1
core   0: 3 0x80010bde (0x00001f17) x30 0x80011bde
core   0: 0x80010be2 (0x423f2123) sw      gp, 1058(t5)
core   0: 3 0x80010be2 (0x423f2123) mem 0x80012000 0x00000001
core   0: 0x80010be6 (0x0000bfe5) c.j     pc - 8
core   0: 3 0x80010be6 (0xbfe5)
core   0: 0x80010bde (0x00001f17) auipc   t5, 0x1
core   0: 3 0x80010bde (0x00001f17) x30 0x80011bde
core   0: 0x80010be2 (0x423f2123) sw      gp, 1058(t5)
core   0: 3 0x80010be2 (0x423f2123) mem 0x80012000 0x00000001
core   0: 0x80010be6 (0x0000bfe5) c.j     pc - 8
core   0: 3 0x80010be6 (0xbfe5)
core   0: 0x80010bde (0x00001f17) auipc   t5, 0x1
core   0: 3 0x80010bde (0x00001f17) x30 0x80011bde
core   0: 0x80010be2 (0x423f2123) sw      gp, 1058(t5)
core   0: 3 0x80010be2 (0x423f2123) mem 0x80012000 0x00000001
core   0: 0x80010be6 (0x0000bfe5) c.j     pc - 8
core   0: 3 0x80010be6 (0xbfe5)
core   0: 0x80010bde (0x00001f17) auipc   t5, 0x1
core   0: 3 0x80010bde (0x00001f17) x30 0x80011bde
core   0: 0x80010be2 (0x423f2123) sw      gp, 1058(t5)
core   0: 3 0x80010be2 (0x423f2123) mem 0x80012000 0x00000001
core   0: 0x80010be6 (0x0000bfe5) c.j     pc - 8
core   0: 3 0x80010be6 (0xbfe5)
core   0: 0x80010bde (0x00001f17) auipc   t5, 0x1
core   0: 3 0x80010bde (0x00001f17) x30 0x80011bde
core   0: 0x80010be2 (0x423f2123) sw      gp, 1058(t5)
core   0: 3 0x80010be2 (0x423f2123) mem 0x80012000 0x00000001
core   0: 0x80010be6 (0x0000bfe5) c.j     pc - 8
core   0: 3 0x80010be6 (0xbfe5)
core   0: 0x80010bde (0x00001f17) auipc   t5, 0x1
core   0: 3 0x80010bde (0x00001f17) x30 0x80011bde
core   0: 0x80010be2 (0x423f2123) sw      gp, 1058(t5)
core   0: 3 0x80010be2 (0x423f2123) mem 0x80012000 0x00000001
core   0: 0x80010be6 (0x0000bfe5) c.j     pc - 8
core   0: 3 0x80010be6 (0xbfe5)
core   0: 0x80010bde (0x00001f17) auipc   t5, 0x1
core   0: 3 0x80010bde (0x00001f17) x30 0x80011bde
core   0: 0x80010be2 (0x423f2123) sw      gp, 1058(t5)
core   0: 3 0x80010be2 (0x423f2123) mem 0x80012000 0x00000001
core   0: 0x80010be6 (0x0000bfe5) c.j     pc - 8
core   0: 3 0x80010be6 (0xbfe5)
core   0: 0x80010bde (0x00001f17) auipc   t5, 0x1
core   0: 3 0x80010bde (0x00001f17) x30 0x80011bde
core   0: 0x80010be2 (0x423f2123) sw      gp, 1058(t5)
core   0: 3 0x80010be2 (0x423f2123) mem 0x80012000 0x00000001
core   0: 0x80010be6 (0x0000bfe5) c.j     pc - 8
core   0: 3 0x80010be6 (0xbfe5)
core   0: 0x80010bde (0x00001f17) auipc   t5, 0x1
core   0: 3 0x80010bde (0x00001f17) x30 0x80011bde
core   0: 0x80010be2 (0x423f2123) sw      gp, 1058(t5)
core   0: 3 0x80010be2 (0x423f2123) mem 0x80012000 0x00000001
core   0: 0x80010be6 (0x0000bfe5) c.j     pc - 8
core   0: 3 0x80010be6 (0xbfe5)
core   0: 0x80010bde (0x00001f17) auipc   t5, 0x1
core   0: 3 0x80010bde (0x00001f17) x30 0x80011bde
core   0: 0x80010be2 (0x423f2123) sw      gp, 1058(t5)
core   0: 3 0x80010be2 (0x423f2123) mem 0x80012000 0x00000001
core   0: 0x80010be6 (0x0000bfe5) c.j     pc - 8
core   0: 3 0x80010be6 (0xbfe5)
core   0: 0x80010bde (0x00001f17) auipc   t5, 0x1
core   0: 3 0x80010bde (0x00001f17) x30 0x80011bde
core   0: 0x80010be2 (0x423f2123) sw      gp, 1058(t5)
core   0: 3 0x80010be2 (0x423f2123) mem 0x80012000 0x00000001
core   0: 0x80010be6 (0x0000bfe5) c.j     pc - 8
core   0: 3 0x80010be6 (0xbfe5)
core   0: 0x80010bde (0x00001f17) auipc   t5, 0x1
core   0: 3 0x80010bde (0x00001f17) x30 0x80011bde
core   0: 0x80010be2 (0x423f2123) sw      gp, 1058(t5)
core   0: 3 0x80010be2 (0x423f2123) mem 0x80012000 0x00000001
core   0: 0x80010be6 (0x0000bfe5) c.j     pc - 8
core   0: 3 0x80010be6 (0xbfe5)
core   0: 0x80010bde (0x00001f17) auipc   t5, 0x1
core   0: 3 0x80010bde (0x00001f17) x30 0x80011bde
core   0: 0x80010be2 (0x423f2123) sw      gp, 1058(t5)
core   0: 3 0x80010be2 (0x423f2123) mem 0x80012000 0x00000001
core   0: 0x80010be6 (0x0000bfe5) c.j     pc - 8
core   0: 3 0x80010be6 (0xbfe5)
core   0: 0x80010bde (0x00001f17) auipc   t5, 0x1
core   0: 3 0x80010bde (0x00001f17) x30 0x80011bde
core   0: 0x80010be2 (0x423f2123) sw      gp, 1058(t5)
core   0: 3 0x80010be2 (0x423f2123) mem 0x80012000 0x00000001
core   0: 0x80010be6 (0x0000bfe5) c.j     pc - 8
core   0: 3 0x80010be6 (0xbfe5)
core   0: 0x80010bde (0x00001f17) auipc   t5, 0x1
core   0: 3 0x80010bde (0x00001f17) x30 0x80011bde
core   0: 0x80010be2 (0x423f2123) sw      gp, 1058(t5)
core   0: 3 0x80010be2 (0x423f2123) mem 0x80012000 0x00000001
core   0: 0x80010be6 (0x0000bfe5) c.j     pc - 8
core   0: 3 0x80010be6 (0xbfe5)
core   0: 0x80010bde (0x00001f17) auipc   t5, 0x1
core   0: 3 0x80010bde (0x00001f17) x30 0x80011bde
core   0: 0x80010be2 (0x423f2123) sw      gp, 1058(t5)
core   0: 3 0x80010be2 (0x423f2123) mem 0x80012000 0x00000001
core   0: 0x80010be6 (0x0000bfe5) c.j     pc - 8
core   0: 3 0x80010be6 (0xbfe5)
core   0: 0x80010bde (0x00001f17) auipc   t5, 0x1
core   0: 3 0x80010bde (0x00001f17) x30 0x80011bde
core   0: 0x80010be2 (0x423f2123) sw      gp, 1058(t5)
core   0: 3 0x80010be2 (0x423f2123) mem 0x80012000 0x00000001
core   0: 0x80010be6 (0x0000bfe5) c.j     pc - 8
core   0: 3 0x80010be6 (0xbfe5)
core   0: 0x80010bde (0x00001f17) auipc   t5, 0x1
core   0: 3 0x80010bde (0x00001f17) x30 0x80011bde
core   0: 0x80010be2 (0x423f2123) sw      gp, 1058(t5)
core   0: 3 0x80010be2 (0x423f2123) mem 0x80012000 0x00000001
core   0: 0x80010be6 (0x0000bfe5) c.j     pc - 8
core   0: 3 0x80010be6 (0xbfe5)
core   0: 0x80010bde (0x00001f17) auipc   t5, 0x1
core   0: 3 0x80010bde (0x00001f17) x30 0x80011bde
core   0: 0x80010be2 (0x423f2123) sw      gp, 1058(t5)
core   0: 3 0x80010be2 (0x423f2123) mem 0x80012000 0x00000001
core   0: 0x80010be6 (0x0000bfe5) c.j     pc - 8
core   0: 3 0x80010be6 (0xbfe5)
core   0: 0x80010bde (0x00001f17) auipc   t5, 0x1
core   0: 3 0x80010bde (0x00001f17) x30 0x80011bde
core   0: 0x80010be2 (0x423f2123) sw      gp, 1058(t5)
core   0: 3 0x80010be2 (0x423f2123) mem 0x80012000 0x00000001
core   0: 0x80010be6 (0x0000bfe5) c.j     pc - 8
core   0: 3 0x80010be6 (0xbfe5)
core   0: 0x80010bde (0x00001f17) auipc   t5, 0x1
core   0: 3 0x80010bde (0x00001f17) x30 0x80011bde
core   0: 0x80010be2 (0x423f2123) sw      gp, 1058(t5)
core   0: 3 0x80010be2 (0x423f2123) mem 0x80012000 0x00000001
core   0: 0x80010be6 (0x0000bfe5) c.j     pc - 8
core   0: 3 0x80010be6 (0xbfe5)
core   0: 0x80010bde (0x00001f17) auipc   t5, 0x1
core   0: 3 0x80010bde (0x00001f17) x30 0x80011bde
core   0: 0x80010be2 (0x423f2123) sw      gp, 1058(t5)
core   0: 3 0x80010be2 (0x423f2123) mem 0x80012000 0x00000001
core   0: 0x80010be6 (0x0000bfe5) c.j     pc - 8
core   0: 3 0x80010be6 (0xbfe5)
core   0: 0x80010bde (0x00001f17) auipc   t5, 0x1
core   0: 3 0x80010bde (0x00001f17) x30 0x80011bde
core   0: 0x80010be2 (0x423f2123) sw      gp, 1058(t5)
core   0: 3 0x80010be2 (0x423f2123) mem 0x80012000 0x00000001
core   0: 0x80010be6 (0x0000bfe5) c.j     pc - 8
core   0: 3 0x80010be6 (0xbfe5)
core   0: 0x80010bde (0x00001f17) auipc   t5, 0x1
core   0: 3 0x80010bde (0x00001f17) x30 0x80011bde
core   0: 0x80010be2 (0x423f2123) sw      gp, 1058(t5)
core   0: 3 0x80010be2 (0x423f2123) mem 0x80012000 0x00000001
core   0: 0x80010be6 (0x0000bfe5) c.j     pc - 8
core   0: 3 0x80010be6 (0xbfe5)
core   0: 0x80010bde (0x00001f17) auipc   t5, 0x1
core   0: 3 0x80010bde (0x00001f17) x30 0x80011bde
core   0: 0x80010be2 (0x423f2123) sw      gp, 1058(t5)
core   0: 3 0x80010be2 (0x423f2123) mem 0x80012000 0x00000001
core   0: 0x80010be6 (0x0000bfe5) c.j     pc - 8
core   0: 3 0x80010be6 (0xbfe5)
core   0: 0x80010bde (0x00001f17) auipc   t5, 0x1
core   0: 3 0x80010bde (0x00001f17) x30 0x80011bde
core   0: 0x80010be2 (0x423f2123) sw      gp, 1058(t5)
core   0: 3 0x80010be2 (0x423f2123) mem 0x80012000 0x00000001
core   0: 0x80010be6 (0x0000bfe5) c.j     pc - 8
core   0: 3 0x80010be6 (0xbfe5)
core   0: 0x80010bde (0x00001f17) auipc   t5, 0x1
core   0: 3 0x80010bde (0x00001f17) x30 0x80011bde
core   0: 0x80010be2 (0x423f2123) sw      gp, 1058(t5)
core   0: 3 0x80010be2 (0x423f2123) mem 0x80012000 0x00000001
core   0: 0x80010be6 (0x0000bfe5) c.j     pc - 8
core   0: 3 0x80010be6 (0xbfe5)
core   0: 0x80010bde (0x00001f17) auipc   t5, 0x1
core   0: 3 0x80010bde (0x00001f17) x30 0x80011bde
core   0: 0x80010be2 (0x423f2123) sw      gp, 1058(t5)
core   0: 3 0x80010be2 (0x423f2123) mem 0x80012000 0x00000001
core   0: 0x80010be6 (0x0000bfe5) c.j     pc - 8
core   0: 3 0x80010be6 (0xbfe5)
core   0: 0x80010bde (0x00001f17) auipc   t5, 0x1
core   0: 3 0x80010bde (0x00001f17) x30 0x80011bde
core   0: 0x80010be2 (0x423f2123) sw      gp, 1058(t5)
core   0: 3 0x80010be2 (0x423f2123) mem 0x80012000 0x00000001
core   0: 0x80010be6 (0x0000bfe5) c.j     pc - 8
core   0: 3 0x80010be6 (0xbfe5)
core   0: 0x80010bde (0x00001f17) auipc   t5, 0x1
core   0: 3 0x80010bde (0x00001f17) x30 0x80011bde
core   0: 0x80010be2 (0x423f2123) sw      gp, 1058(t5)
core   0: 3 0x80010be2 (0x423f2123) mem 0x80012000 0x00000001
core   0: 0x80010be6 (0x0000bfe5) c.j     pc - 8
core   0: 3 0x80010be6 (0xbfe5)
core   0: 0x80010bde (0x00001f17) auipc   t5, 0x1
core   0: 3 0x80010bde (0x00001f17) x30 0x80011bde
core   0: 0x80010be2 (0x423f2123) sw      gp, 1058(t5)
core   0: 3 0x80010be2 (0x423f2123) mem 0x80012000 0x00000001
core   0: 0x80010be6 (0x0000bfe5) c.j     pc - 8
core   0: 3 0x80010be6 (0xbfe5)
core   0: 0x80010bde (0x00001f17) auipc   t5, 0x1
core   0: 3 0x80010bde (0x00001f17) x30 0x80011bde
core   0: 0x80010be2 (0x423f2123) sw      gp, 1058(t5)
core   0: 3 0x80010be2 (0x423f2123) mem 0x80012000 0x00000001
core   0: 0x80010be6 (0x0000bfe5) c.j     pc - 8
core   0: 3 0x80010be6 (0xbfe5)
core   0: 0x80010bde (0x00001f17) auipc   t5, 0x1
core   0: 3 0x80010bde (0x00001f17) x30 0x80011bde
core   0: 0x80010be2 (0x423f2123) sw      gp, 1058(t5)
core   0: 3 0x80010be2 (0x423f2123) mem 0x80012000 0x00000001
core   0: 0x80010be6 (0x0000bfe5) c.j     pc - 8
core   0: 3 0x80010be6 (0xbfe5)
core   0: 0x80010bde (0x00001f17) auipc   t5, 0x1
core   0: 3 0x80010bde (0x00001f17) x30 0x80011bde
core   0: 0x80010be2 (0x423f2123) sw      gp, 1058(t5)
core   0: 3 0x80010be2 (0x423f2123) mem 0x80012000 0x00000001
core   0: 0x80010be6 (0x0000bfe5) c.j     pc - 8
core   0: 3 0x80010be6 (0xbfe5)
core   0: 0x80010bde (0x00001f17) auipc   t5, 0x1
core   0: 3 0x80010bde (0x00001f17) x30 0x80011bde
core   0: 0x80010be2 (0x423f2123) sw      gp, 1058(t5)
core   0: 3 0x80010be2 (0x423f2123) mem 0x80012000 0x00000001
core   0: 0x80010be6 (0x0000bfe5) c.j     pc - 8
core   0: 3 0x80010be6 (0xbfe5)
core   0: 0x80010bde (0x00001f17) auipc   t5, 0x1
core   0: 3 0x80010bde (0x00001f17) x30 0x80011bde
core   0: 0x80010be2 (0x423f2123) sw      gp, 1058(t5)
core   0: 3 0x80010be2 (0x423f2123) mem 0x80012000 0x00000001
core   0: 0x80010be6 (0x0000bfe5) c.j     pc - 8
core   0: 3 0x80010be6 (0xbfe5)
core   0: 0x80010bde (0x00001f17) auipc   t5, 0x1
core   0: 3 0x80010bde (0x00001f17) x30 0x80011bde
core   0: 0x80010be2 (0x423f2123) sw      gp, 1058(t5)
core   0: 3 0x80010be2 (0x423f2123) mem 0x80012000 0x00000001
core   0: 0x80010be6 (0x0000bfe5) c.j     pc - 8
core   0: 3 0x80010be6 (0xbfe5)
core   0: 0x80010bde (0x00001f17) auipc   t5, 0x1
core   0: 3 0x80010bde (0x00001f17) x30 0x80011bde
core   0: 0x80010be2 (0x423f2123) sw      gp, 1058(t5)
core   0: 3 0x80010be2 (0x423f2123) mem 0x80012000 0x00000001
core   0: 0x80010be6 (0x0000bfe5) c.j     pc - 8
core   0: 3 0x80010be6 (0xbfe5)
core   0: 0x80010bde (0x00001f17) auipc   t5, 0x1
core   0: 3 0x80010bde (0x00001f17) x30 0x80011bde
core   0: 0x80010be2 (0x423f2123) sw      gp, 1058(t5)
core   0: 3 0x80010be2 (0x423f2123) mem 0x80012000 0x00000001
core   0: 0x80010be6 (0x0000bfe5) c.j     pc - 8
core   0: 3 0x80010be6 (0xbfe5)
core   0: 0x80010bde (0x00001f17) auipc   t5, 0x1
core   0: 3 0x80010bde (0x00001f17) x30 0x80011bde
core   0: 0x80010be2 (0x423f2123) sw      gp, 1058(t5)
core   0: 3 0x80010be2 (0x423f2123) mem 0x80012000 0x00000001
core   0: 0x80010be6 (0x0000bfe5) c.j     pc - 8
core   0: 3 0x80010be6 (0xbfe5)
core   0: 0x80010bde (0x00001f17) auipc   t5, 0x1
core   0: 3 0x80010bde (0x00001f17) x30 0x80011bde
core   0: 0x80010be2 (0x423f2123) sw      gp, 1058(t5)
core   0: 3 0x80010be2 (0x423f2123) mem 0x80012000 0x00000001
core   0: 0x80010be6 (0x0000bfe5) c.j     pc - 8
core   0: 3 0x80010be6 (0xbfe5)
core   0: 0x80010bde (0x00001f17) auipc   t5, 0x1
core   0: 3 0x80010bde (0x00001f17) x30 0x80011bde
core   0: 0x80010be2 (0x423f2123) sw      gp, 1058(t5)
core   0: 3 0x80010be2 (0x423f2123) mem 0x80012000 0x00000001
core   0: 0x80010be6 (0x0000bfe5) c.j     pc - 8
core   0: 3 0x80010be6 (0xbfe5)
core   0: 0x80010bde (0x00001f17) auipc   t5, 0x1
core   0: 3 0x80010bde (0x00001f17) x30 0x80011bde
core   0: 0x80010be2 (0x423f2123) sw      gp, 1058(t5)
core   0: 3 0x80010be2 (0x423f2123) mem 0x80012000 0x00000001
core   0: 0x80010be6 (0x0000bfe5) c.j     pc - 8
core   0: 3 0x80010be6 (0xbfe5)
core   0: 0x80010bde (0x00001f17) auipc   t5, 0x1
core   0: 3 0x80010bde (0x00001f17) x30 0x80011bde
core   0: 0x80010be2 (0x423f2123) sw      gp, 1058(t5)
core   0: 3 0x80010be2 (0x423f2123) mem 0x80012000 0x00000001
core   0: 0x80010be6 (0x0000bfe5) c.j     pc - 8
core   0: 3 0x80010be6 (0xbfe5)
core   0: 0x80010bde (0x00001f17) auipc   t5, 0x1
core   0: 3 0x80010bde (0x00001f17) x30 0x80011bde
core   0: 0x80010be2 (0x423f2123) sw      gp, 1058(t5)
core   0: 3 0x80010be2 (0x423f2123) mem 0x80012000 0x00000001
core   0: 0x80010be6 (0x0000bfe5) c.j     pc - 8
core   0: 3 0x80010be6 (0xbfe5)
core   0: 0x80010bde (0x00001f17) auipc   t5, 0x1
core   0: 3 0x80010bde (0x00001f17) x30 0x80011bde
core   0: 0x80010be2 (0x423f2123) sw      gp, 1058(t5)
core   0: 3 0x80010be2 (0x423f2123) mem 0x80012000 0x00000001
core   0: 0x80010be6 (0x0000bfe5) c.j     pc - 8
core   0: 3 0x80010be6 (0xbfe5)
core   0: 0x80010bde (0x00001f17) auipc   t5, 0x1
core   0: 3 0x80010bde (0x00001f17) x30 0x80011bde
core   0: 0x80010be2 (0x423f2123) sw      gp, 1058(t5)
core   0: 3 0x80010be2 (0x423f2123) mem 0x80012000 0x00000001
core   0: 0x80010be6 (0x0000bfe5) c.j     pc - 8
core   0: 3 0x80010be6 (0xbfe5)
core   0: 0x80010bde (0x00001f17) auipc   t5, 0x1
core   0: 3 0x80010bde (0x00001f17) x30 0x80011bde
core   0: 0x80010be2 (0x423f2123) sw      gp, 1058(t5)
core   0: 3 0x80010be2 (0x423f2123) mem 0x80012000 0x00000001
core   0: 0x80010be6 (0x0000bfe5) c.j     pc - 8
core   0: 3 0x80010be6 (0xbfe5)
core   0: 0x80010bde (0x00001f17) auipc   t5, 0x1
core   0: 3 0x80010bde (0x00001f17) x30 0x80011bde
core   0: 0x80010be2 (0x423f2123) sw      gp, 1058(t5)
core   0: 3 0x80010be2 (0x423f2123) mem 0x80012000 0x00000001
core   0: 0x80010be6 (0x0000bfe5) c.j     pc - 8
core   0: 3 0x80010be6 (0xbfe5)
core   0: 0x80010bde (0x00001f17) auipc   t5, 0x1
core   0: 3 0x80010bde (0x00001f17) x30 0x80011bde
core   0: 0x80010be2 (0x423f2123) sw      gp, 1058(t5)
core   0: 3 0x80010be2 (0x423f2123) mem 0x80012000 0x00000001
core   0: 0x80010be6 (0x0000bfe5) c.j     pc - 8
core   0: 3 0x80010be6 (0xbfe5)
core   0: 0x80010bde (0x00001f17) auipc   t5, 0x1
core   0: 3 0x80010bde (0x00001f17) x30 0x80011bde
core   0: 0x80010be2 (0x423f2123) sw      gp, 1058(t5)
core   0: 3 0x80010be2 (0x423f2123) mem 0x80012000 0x00000001
core   0: 0x80010be6 (0x0000bfe5) c.j     pc - 8
core   0: 3 0x80010be6 (0xbfe5)
core   0: 0x80010bde (0x00001f17) auipc   t5, 0x1
core   0: 3 0x80010bde (0x00001f17) x30 0x80011bde
core   0: 0x80010be2 (0x423f2123) sw      gp, 1058(t5)
core   0: 3 0x80010be2 (0x423f2123) mem 0x80012000 0x00000001
core   0: 0x80010be6 (0x0000bfe5) c.j     pc - 8
core   0: 3 0x80010be6 (0xbfe5)
core   0: 0x80010bde (0x00001f17) auipc   t5, 0x1
core   0: 3 0x80010bde (0x00001f17) x30 0x80011bde
core   0: 0x80010be2 (0x423f2123) sw      gp, 1058(t5)
core   0: 3 0x80010be2 (0x423f2123) mem 0x80012000 0x00000001
core   0: 0x80010be6 (0x0000bfe5) c.j     pc - 8
core   0: 3 0x80010be6 (0xbfe5)
core   0: 0x80010bde (0x00001f17) auipc   t5, 0x1
core   0: 3 0x80010bde (0x00001f17) x30 0x80011bde
core   0: 0x80010be2 (0x423f2123) sw      gp, 1058(t5)
core   0: 3 0x80010be2 (0x423f2123) mem 0x80012000 0x00000001
core   0: 0x80010be6 (0x0000bfe5) c.j     pc - 8
core   0: 3 0x80010be6 (0xbfe5)
core   0: 0x80010bde (0x00001f17) auipc   t5, 0x1
core   0: 3 0x80010bde (0x00001f17) x30 0x80011bde
core   0: 0x80010be2 (0x423f2123) sw      gp, 1058(t5)
core   0: 3 0x80010be2 (0x423f2123) mem 0x80012000 0x00000001
core   0: 0x80010be6 (0x0000bfe5) c.j     pc - 8
core   0: 3 0x80010be6 (0xbfe5)
core   0: 0x80010bde (0x00001f17) auipc   t5, 0x1
core   0: 3 0x80010bde (0x00001f17) x30 0x80011bde
core   0: 0x80010be2 (0x423f2123) sw      gp, 1058(t5)
core   0: 3 0x80010be2 (0x423f2123) mem 0x80012000 0x00000001
core   0: 0x80010be6 (0x0000bfe5) c.j     pc - 8
core   0: 3 0x80010be6 (0xbfe5)
core   0: 0x80010bde (0x00001f17) auipc   t5, 0x1
core   0: 3 0x80010bde (0x00001f17) x30 0x80011bde
core   0: 0x80010be2 (0x423f2123) sw      gp, 1058(t5)
core   0: 3 0x80010be2 (0x423f2123) mem 0x80012000 0x00000001
core   0: 0x80010be6 (0x0000bfe5) c.j     pc - 8
core   0: 3 0x80010be6 (0xbfe5)
core   0: 0x80010bde (0x00001f17) auipc   t5, 0x1
core   0: 3 0x80010bde (0x00001f17) x30 0x80011bde
core   0: 0x80010be2 (0x423f2123) sw      gp, 1058(t5)
core   0: 3 0x80010be2 (0x423f2123) mem 0x80012000 0x00000001
core   0: 0x80010be6 (0x0000bfe5) c.j     pc - 8
core   0: 3 0x80010be6 (0xbfe5)
core   0: 0x80010bde (0x00001f17) auipc   t5, 0x1
core   0: 3 0x80010bde (0x00001f17) x30 0x80011bde
core   0: 0x80010be2 (0x423f2123) sw      gp, 1058(t5)
core   0: 3 0x80010be2 (0x423f2123) mem 0x80012000 0x00000001
core   0: 0x80010be6 (0x0000bfe5) c.j     pc - 8
core   0: 3 0x80010be6 (0xbfe5)
core   0: 0x80010bde (0x00001f17) auipc   t5, 0x1
core   0: 3 0x80010bde (0x00001f17) x30 0x80011bde
core   0: 0x80010be2 (0x423f2123) sw      gp, 1058(t5)
core   0: 3 0x80010be2 (0x423f2123) mem 0x80012000 0x00000001
core   0: 0x80010be6 (0x0000bfe5) c.j     pc - 8
core   0: 3 0x80010be6 (0xbfe5)
core   0: 0x80010bde (0x00001f17) auipc   t5, 0x1
core   0: 3 0x80010bde (0x00001f17) x30 0x80011bde
core   0: 0x80010be2 (0x423f2123) sw      gp, 1058(t5)
core   0: 3 0x80010be2 (0x423f2123) mem 0x80012000 0x00000001
core   0: 0x80010be6 (0x0000bfe5) c.j     pc - 8
core   0: 3 0x80010be6 (0xbfe5)
core   0: 0x80010bde (0x00001f17) auipc   t5, 0x1
core   0: 3 0x80010bde (0x00001f17) x30 0x80011bde
core   0: 0x80010be2 (0x423f2123) sw      gp, 1058(t5)
core   0: 3 0x80010be2 (0x423f2123) mem 0x80012000 0x00000001
core   0: 0x80010be6 (0x0000bfe5) c.j     pc - 8
core   0: 3 0x80010be6 (0xbfe5)
core   0: 0x80010bde (0x00001f17) auipc   t5, 0x1
core   0: 3 0x80010bde (0x00001f17) x30 0x80011bde
core   0: 0x80010be2 (0x423f2123) sw      gp, 1058(t5)
core   0: 3 0x80010be2 (0x423f2123) mem 0x80012000 0x00000001
core   0: 0x80010be6 (0x0000bfe5) c.j     pc - 8
core   0: 3 0x80010be6 (0xbfe5)
core   0: 0x80010bde (0x00001f17) auipc   t5, 0x1
core   0: 3 0x80010bde (0x00001f17) x30 0x80011bde
core   0: 0x80010be2 (0x423f2123) sw      gp, 1058(t5)
core   0: 3 0x80010be2 (0x423f2123) mem 0x80012000 0x00000001
core   0: 0x80010be6 (0x0000bfe5) c.j     pc - 8
core   0: 3 0x80010be6 (0xbfe5)
core   0: 0x80010bde (0x00001f17) auipc   t5, 0x1
core   0: 3 0x80010bde (0x00001f17) x30 0x80011bde
core   0: 0x80010be2 (0x423f2123) sw      gp, 1058(t5)
core   0: 3 0x80010be2 (0x423f2123) mem 0x80012000 0x00000001
core   0: 0x80010be6 (0x0000bfe5) c.j     pc - 8
core   0: 3 0x80010be6 (0xbfe5)
core   0: 0x80010bde (0x00001f17) auipc   t5, 0x1
core   0: 3 0x80010bde (0x00001f17) x30 0x80011bde
core   0: 0x80010be2 (0x423f2123) sw      gp, 1058(t5)
core   0: 3 0x80010be2 (0x423f2123) mem 0x80012000 0x00000001
core   0: 0x80010be6 (0x0000bfe5) c.j     pc - 8
core   0: 3 0x80010be6 (0xbfe5)
core   0: 0x80010bde (0x00001f17) auipc   t5, 0x1
core   0: 3 0x80010bde (0x00001f17) x30 0x80011bde
core   0: 0x80010be2 (0x423f2123) sw      gp, 1058(t5)
core   0: 3 0x80010be2 (0x423f2123) mem 0x80012000 0x00000001
core   0: 0x80010be6 (0x0000bfe5) c.j     pc - 8
core   0: 3 0x80010be6 (0xbfe5)
core   0: 0x80010bde (0x00001f17) auipc   t5, 0x1
core   0: 3 0x80010bde (0x00001f17) x30 0x80011bde
core   0: 0x80010be2 (0x423f2123) sw      gp, 1058(t5)
core   0: 3 0x80010be2 (0x423f2123) mem 0x80012000 0x00000001
core   0: 0x80010be6 (0x0000bfe5) c.j     pc - 8
core   0: 3 0x80010be6 (0xbfe5)
core   0: 0x80010bde (0x00001f17) auipc   t5, 0x1
core   0: 3 0x80010bde (0x00001f17) x30 0x80011bde
core   0: 0x80010be2 (0x423f2123) sw      gp, 1058(t5)
core   0: 3 0x80010be2 (0x423f2123) mem 0x80012000 0x00000001
core   0: 0x80010be6 (0x0000bfe5) c.j     pc - 8
core   0: 3 0x80010be6 (0xbfe5)
core   0: 0x80010bde (0x00001f17) auipc   t5, 0x1
core   0: 3 0x80010bde (0x00001f17) x30 0x80011bde
core   0: 0x80010be2 (0x423f2123) sw      gp, 1058(t5)
core   0: 3 0x80010be2 (0x423f2123) mem 0x80012000 0x00000001
core   0: 0x80010be6 (0x0000bfe5) c.j     pc - 8
core   0: 3 0x80010be6 (0xbfe5)
core   0: 0x80010bde (0x00001f17) auipc   t5, 0x1
core   0: 3 0x80010bde (0x00001f17) x30 0x80011bde
core   0: 0x80010be2 (0x423f2123) sw      gp, 1058(t5)
core   0: 3 0x80010be2 (0x423f2123) mem 0x80012000 0x00000001
core   0: 0x80010be6 (0x0000bfe5) c.j     pc - 8
core   0: 3 0x80010be6 (0xbfe5)
core   0: 0x80010bde (0x00001f17) auipc   t5, 0x1
core   0: 3 0x80010bde (0x00001f17) x30 0x80011bde
core   0: 0x80010be2 (0x423f2123) sw      gp, 1058(t5)
core   0: 3 0x80010be2 (0x423f2123) mem 0x80012000 0x00000001
core   0: 0x80010be6 (0x0000bfe5) c.j     pc - 8
core   0: 3 0x80010be6 (0xbfe5)
core   0: 0x80010bde (0x00001f17) auipc   t5, 0x1
core   0: 3 0x80010bde (0x00001f17) x30 0x80011bde
core   0: 0x80010be2 (0x423f2123) sw      gp, 1058(t5)
core   0: 3 0x80010be2 (0x423f2123) mem 0x80012000 0x00000001
core   0: 0x80010be6 (0x0000bfe5) c.j     pc - 8
core   0: 3 0x80010be6 (0xbfe5)
core   0: 0x80010bde (0x00001f17) auipc   t5, 0x1
core   0: 3 0x80010bde (0x00001f17) x30 0x80011bde
core   0: 0x80010be2 (0x423f2123) sw      gp, 1058(t5)
core   0: 3 0x80010be2 (0x423f2123) mem 0x80012000 0x00000001
core   0: 0x80010be6 (0x0000bfe5) c.j     pc - 8
core   0: 3 0x80010be6 (0xbfe5)
core   0: 0x80010bde (0x00001f17) auipc   t5, 0x1
core   0: 3 0x80010bde (0x00001f17) x30 0x80011bde
core   0: 0x80010be2 (0x423f2123) sw      gp, 1058(t5)
core   0: 3 0x80010be2 (0x423f2123) mem 0x80012000 0x00000001
core   0: 0x80010be6 (0x0000bfe5) c.j     pc - 8
core   0: 3 0x80010be6 (0xbfe5)
core   0: 0x80010bde (0x00001f17) auipc   t5, 0x1
core   0: 3 0x80010bde (0x00001f17) x30 0x80011bde
core   0: 0x80010be2 (0x423f2123) sw      gp, 1058(t5)
core   0: 3 0x80010be2 (0x423f2123) mem 0x80012000 0x00000001
core   0: 0x80010be6 (0x0000bfe5) c.j     pc - 8
core   0: 3 0x80010be6 (0xbfe5)
core   0: 0x80010bde (0x00001f17) auipc   t5, 0x1
core   0: 3 0x80010bde (0x00001f17) x30 0x80011bde
core   0: 0x80010be2 (0x423f2123) sw      gp, 1058(t5)
core   0: 3 0x80010be2 (0x423f2123) mem 0x80012000 0x00000001
core   0: 0x80010be6 (0x0000bfe5) c.j     pc - 8
core   0: 3 0x80010be6 (0xbfe5)
core   0: 0x80010bde (0x00001f17) auipc   t5, 0x1
core   0: 3 0x80010bde (0x00001f17) x30 0x80011bde
core   0: 0x80010be2 (0x423f2123) sw      gp, 1058(t5)
core   0: 3 0x80010be2 (0x423f2123) mem 0x80012000 0x00000001
core   0: 0x80010be6 (0x0000bfe5) c.j     pc - 8
core   0: 3 0x80010be6 (0xbfe5)
core   0: 0x80010bde (0x00001f17) auipc   t5, 0x1
core   0: 3 0x80010bde (0x00001f17) x30 0x80011bde
core   0: 0x80010be2 (0x423f2123) sw      gp, 1058(t5)
core   0: 3 0x80010be2 (0x423f2123) mem 0x80012000 0x00000001
core   0: 0x80010be6 (0x0000bfe5) c.j     pc - 8
core   0: 3 0x80010be6 (0xbfe5)
core   0: 0x80010bde (0x00001f17) auipc   t5, 0x1
core   0: 3 0x80010bde (0x00001f17) x30 0x80011bde
core   0: 0x80010be2 (0x423f2123) sw      gp, 1058(t5)
core   0: 3 0x80010be2 (0x423f2123) mem 0x80012000 0x00000001
core   0: 0x80010be6 (0x0000bfe5) c.j     pc - 8
core   0: 3 0x80010be6 (0xbfe5)
core   0: 0x80010bde (0x00001f17) auipc   t5, 0x1
core   0: 3 0x80010bde (0x00001f17) x30 0x80011bde
core   0: 0x80010be2 (0x423f2123) sw      gp, 1058(t5)
core   0: 3 0x80010be2 (0x423f2123) mem 0x80012000 0x00000001
core   0: 0x80010be6 (0x0000bfe5) c.j     pc - 8
core   0: 3 0x80010be6 (0xbfe5)
core   0: 0x80010bde (0x00001f17) auipc   t5, 0x1
core   0: 3 0x80010bde (0x00001f17) x30 0x80011bde
core   0: 0x80010be2 (0x423f2123) sw      gp, 1058(t5)
core   0: 3 0x80010be2 (0x423f2123) mem 0x80012000 0x00000001
core   0: 0x80010be6 (0x0000bfe5) c.j     pc - 8
core   0: 3 0x80010be6 (0xbfe5)
core   0: 0x80010bde (0x00001f17) auipc   t5, 0x1
core   0: 3 0x80010bde (0x00001f17) x30 0x80011bde
core   0: 0x80010be2 (0x423f2123) sw      gp, 1058(t5)
core   0: 3 0x80010be2 (0x423f2123) mem 0x80012000 0x00000001
core   0: 0x80010be6 (0x0000bfe5) c.j     pc - 8
core   0: 3 0x80010be6 (0xbfe5)
core   0: 0x80010bde (0x00001f17) auipc   t5, 0x1
core   0: 3 0x80010bde (0x00001f17) x30 0x80011bde
core   0: 0x80010be2 (0x423f2123) sw      gp, 1058(t5)
core   0: 3 0x80010be2 (0x423f2123) mem 0x80012000 0x00000001
core   0: 0x80010be6 (0x0000bfe5) c.j     pc - 8
core   0: 3 0x80010be6 (0xbfe5)
core   0: 0x80010bde (0x00001f17) auipc   t5, 0x1
core   0: 3 0x80010bde (0x00001f17) x30 0x80011bde
core   0: 0x80010be2 (0x423f2123) sw      gp, 1058(t5)
core   0: 3 0x80010be2 (0x423f2123) mem 0x80012000 0x00000001
core   0: 0x80010be6 (0x0000bfe5) c.j     pc - 8
core   0: 3 0x80010be6 (0xbfe5)
core   0: 0x80010bde (0x00001f17) auipc   t5, 0x1
core   0: 3 0x80010bde (0x00001f17) x30 0x80011bde
core   0: 0x80010be2 (0x423f2123) sw      gp, 1058(t5)
core   0: 3 0x80010be2 (0x423f2123) mem 0x80012000 0x00000001
core   0: 0x80010be6 (0x0000bfe5) c.j     pc - 8
core   0: 3 0x80010be6 (0xbfe5)
core   0: 0x80010bde (0x00001f17) auipc   t5, 0x1
core   0: 3 0x80010bde (0x00001f17) x30 0x80011bde
core   0: 0x80010be2 (0x423f2123) sw      gp, 1058(t5)
core   0: 3 0x80010be2 (0x423f2123) mem 0x80012000 0x00000001
core   0: 0x80010be6 (0x0000bfe5) c.j     pc - 8
core   0: 3 0x80010be6 (0xbfe5)
core   0: 0x80010bde (0x00001f17) auipc   t5, 0x1
core   0: 3 0x80010bde (0x00001f17) x30 0x80011bde
core   0: 0x80010be2 (0x423f2123) sw      gp, 1058(t5)
core   0: 3 0x80010be2 (0x423f2123) mem 0x80012000 0x00000001
core   0: 0x80010be6 (0x0000bfe5) c.j     pc - 8
core   0: 3 0x80010be6 (0xbfe5)
core   0: 0x80010bde (0x00001f17) auipc   t5, 0x1
core   0: 3 0x80010bde (0x00001f17) x30 0x80011bde
core   0: 0x80010be2 (0x423f2123) sw      gp, 1058(t5)
core   0: 3 0x80010be2 (0x423f2123) mem 0x80012000 0x00000001
core   0: 0x80010be6 (0x0000bfe5) c.j     pc - 8
core   0: 3 0x80010be6 (0xbfe5)
core   0: 0x80010bde (0x00001f17) auipc   t5, 0x1
core   0: 3 0x80010bde (0x00001f17) x30 0x80011bde
core   0: 0x80010be2 (0x423f2123) sw      gp, 1058(t5)
core   0: 3 0x80010be2 (0x423f2123) mem 0x80012000 0x00000001
core   0: 0x80010be6 (0x0000bfe5) c.j     pc - 8
core   0: 3 0x80010be6 (0xbfe5)
core   0: 0x80010bde (0x00001f17) auipc   t5, 0x1
core   0: 3 0x80010bde (0x00001f17) x30 0x80011bde
core   0: 0x80010be2 (0x423f2123) sw      gp, 1058(t5)
core   0: 3 0x80010be2 (0x423f2123) mem 0x80012000 0x00000001
core   0: 0x80010be6 (0x0000bfe5) c.j     pc - 8
core   0: 3 0x80010be6 (0xbfe5)
core   0: 0x80010bde (0x00001f17) auipc   t5, 0x1
core   0: 3 0x80010bde (0x00001f17) x30 0x80011bde
core   0: 0x80010be2 (0x423f2123) sw      gp, 1058(t5)
core   0: 3 0x80010be2 (0x423f2123) mem 0x80012000 0x00000001
core   0: 0x80010be6 (0x0000bfe5) c.j     pc - 8
core   0: 3 0x80010be6 (0xbfe5)
core   0: 0x80010bde (0x00001f17) auipc   t5, 0x1
core   0: 3 0x80010bde (0x00001f17) x30 0x80011bde
core   0: 0x80010be2 (0x423f2123) sw      gp, 1058(t5)
core   0: 3 0x80010be2 (0x423f2123) mem 0x80012000 0x00000001
core   0: 0x80010be6 (0x0000bfe5) c.j     pc - 8
core   0: 3 0x80010be6 (0xbfe5)
core   0: 0x80010bde (0x00001f17) auipc   t5, 0x1
core   0: 3 0x80010bde (0x00001f17) x30 0x80011bde
core   0: 0x80010be2 (0x423f2123) sw      gp, 1058(t5)
core   0: 3 0x80010be2 (0x423f2123) mem 0x80012000 0x00000001
core   0: 0x80010be6 (0x0000bfe5) c.j     pc - 8
core   0: 3 0x80010be6 (0xbfe5)
core   0: 0x80010bde (0x00001f17) auipc   t5, 0x1
core   0: 3 0x80010bde (0x00001f17) x30 0x80011bde
core   0: 0x80010be2 (0x423f2123) sw      gp, 1058(t5)
core   0: 3 0x80010be2 (0x423f2123) mem 0x80012000 0x00000001
core   0: 0x80010be6 (0x0000bfe5) c.j     pc - 8
core   0: 3 0x80010be6 (0xbfe5)
core   0: 0x80010bde (0x00001f17) auipc   t5, 0x1
core   0: 3 0x80010bde (0x00001f17) x30 0x80011bde
core   0: 0x80010be2 (0x423f2123) sw      gp, 1058(t5)
core   0: 3 0x80010be2 (0x423f2123) mem 0x80012000 0x00000001
core   0: 0x80010be6 (0x0000bfe5) c.j     pc - 8
core   0: 3 0x80010be6 (0xbfe5)
core   0: 0x80010bde (0x00001f17) auipc   t5, 0x1
core   0: 3 0x80010bde (0x00001f17) x30 0x80011bde
core   0: 0x80010be2 (0x423f2123) sw      gp, 1058(t5)
core   0: 3 0x80010be2 (0x423f2123) mem 0x80012000 0x00000001
core   0: 0x80010be6 (0x0000bfe5) c.j     pc - 8
core   0: 3 0x80010be6 (0xbfe5)
core   0: 0x80010bde (0x00001f17) auipc   t5, 0x1
core   0: 3 0x80010bde (0x00001f17) x30 0x80011bde
core   0: 0x80010be2 (0x423f2123) sw      gp, 1058(t5)
core   0: 3 0x80010be2 (0x423f2123) mem 0x80012000 0x00000001
core   0: 0x80010be6 (0x0000bfe5) c.j     pc - 8
core   0: 3 0x80010be6 (0xbfe5)
core   0: 0x80010bde (0x00001f17) auipc   t5, 0x1
core   0: 3 0x80010bde (0x00001f17) x30 0x80011bde
core   0: 0x80010be2 (0x423f2123) sw      gp, 1058(t5)
core   0: 3 0x80010be2 (0x423f2123) mem 0x80012000 0x00000001
core   0: 0x80010be6 (0x0000bfe5) c.j     pc - 8
core   0: 3 0x80010be6 (0xbfe5)
core   0: 0x80010bde (0x00001f17) auipc   t5, 0x1
core   0: 3 0x80010bde (0x00001f17) x30 0x80011bde
core   0: 0x80010be2 (0x423f2123) sw      gp, 1058(t5)
core   0: 3 0x80010be2 (0x423f2123) mem 0x80012000 0x00000001
core   0: 0x80010be6 (0x0000bfe5) c.j     pc - 8
core   0: 3 0x80010be6 (0xbfe5)
core   0: 0x80010bde (0x00001f17) auipc   t5, 0x1
core   0: 3 0x80010bde (0x00001f17) x30 0x80011bde
core   0: 0x80010be2 (0x423f2123) sw      gp, 1058(t5)
core   0: 3 0x80010be2 (0x423f2123) mem 0x80012000 0x00000001
core   0: 0x80010be6 (0x0000bfe5) c.j     pc - 8
core   0: 3 0x80010be6 (0xbfe5)
core   0: 0x80010bde (0x00001f17) auipc   t5, 0x1
core   0: 3 0x80010bde (0x00001f17) x30 0x80011bde
core   0: 0x80010be2 (0x423f2123) sw      gp, 1058(t5)
core   0: 3 0x80010be2 (0x423f2123) mem 0x80012000 0x00000001
core   0: 0x80010be6 (0x0000bfe5) c.j     pc - 8
core   0: 3 0x80010be6 (0xbfe5)
core   0: 0x80010bde (0x00001f17) auipc   t5, 0x1
core   0: 3 0x80010bde (0x00001f17) x30 0x80011bde
core   0: 0x80010be2 (0x423f2123) sw      gp, 1058(t5)
core   0: 3 0x80010be2 (0x423f2123) mem 0x80012000 0x00000001
core   0: 0x80010be6 (0x0000bfe5) c.j     pc - 8
core   0: 3 0x80010be6 (0xbfe5)
core   0: 0x80010bde (0x00001f17) auipc   t5, 0x1
core   0: 3 0x80010bde (0x00001f17) x30 0x80011bde
core   0: 0x80010be2 (0x423f2123) sw      gp, 1058(t5)
core   0: 3 0x80010be2 (0x423f2123) mem 0x80012000 0x00000001
core   0: 0x80010be6 (0x0000bfe5) c.j     pc - 8
core   0: 3 0x80010be6 (0xbfe5)
core   0: 0x80010bde (0x00001f17) auipc   t5, 0x1
core   0: 3 0x80010bde (0x00001f17) x30 0x80011bde
core   0: 0x80010be2 (0x423f2123) sw      gp, 1058(t5)
core   0: 3 0x80010be2 (0x423f2123) mem 0x80012000 0x00000001
core   0: 0x80010be6 (0x0000bfe5) c.j     pc - 8
core   0: 3 0x80010be6 (0xbfe5)
core   0: 0x80010bde (0x00001f17) auipc   t5, 0x1
core   0: 3 0x80010bde (0x00001f17) x30 0x80011bde
core   0: 0x80010be2 (0x423f2123) sw      gp, 1058(t5)
core   0: 3 0x80010be2 (0x423f2123) mem 0x80012000 0x00000001
core   0: 0x80010be6 (0x0000bfe5) c.j     pc - 8
core   0: 3 0x80010be6 (0xbfe5)
core   0: 0x80010bde (0x00001f17) auipc   t5, 0x1
core   0: 3 0x80010bde (0x00001f17) x30 0x80011bde
core   0: 0x80010be2 (0x423f2123) sw      gp, 1058(t5)
core   0: 3 0x80010be2 (0x423f2123) mem 0x80012000 0x00000001
core   0: 0x80010be6 (0x0000bfe5) c.j     pc - 8
core   0: 3 0x80010be6 (0xbfe5)
core   0: 0x80010bde (0x00001f17) auipc   t5, 0x1
core   0: 3 0x80010bde (0x00001f17) x30 0x80011bde
core   0: 0x80010be2 (0x423f2123) sw      gp, 1058(t5)
core   0: 3 0x80010be2 (0x423f2123) mem 0x80012000 0x00000001
core   0: 0x80010be6 (0x0000bfe5) c.j     pc - 8
core   0: 3 0x80010be6 (0xbfe5)
core   0: 0x80010bde (0x00001f17) auipc   t5, 0x1
core   0: 3 0x80010bde (0x00001f17) x30 0x80011bde
core   0: 0x80010be2 (0x423f2123) sw      gp, 1058(t5)
core   0: 3 0x80010be2 (0x423f2123) mem 0x80012000 0x00000001
core   0: 0x80010be6 (0x0000bfe5) c.j     pc - 8
core   0: 3 0x80010be6 (0xbfe5)
core   0: 0x80010bde (0x00001f17) auipc   t5, 0x1
core   0: 3 0x80010bde (0x00001f17) x30 0x80011bde
core   0: 0x80010be2 (0x423f2123) sw      gp, 1058(t5)
core   0: 3 0x80010be2 (0x423f2123) mem 0x80012000 0x00000001
core   0: 0x80010be6 (0x0000bfe5) c.j     pc - 8
core   0: 3 0x80010be6 (0xbfe5)
core   0: 0x80010bde (0x00001f17) auipc   t5, 0x1
core   0: 3 0x80010bde (0x00001f17) x30 0x80011bde
core   0: 0x80010be2 (0x423f2123) sw      gp, 1058(t5)
core   0: 3 0x80010be2 (0x423f2123) mem 0x80012000 0x00000001
core   0: 0x80010be6 (0x0000bfe5) c.j     pc - 8
core   0: 3 0x80010be6 (0xbfe5)
core   0: 0x80010bde (0x00001f17) auipc   t5, 0x1
core   0: 3 0x80010bde (0x00001f17) x30 0x80011bde
core   0: 0x80010be2 (0x423f2123) sw      gp, 1058(t5)
core   0: 3 0x80010be2 (0x423f2123) mem 0x80012000 0x00000001
core   0: 0x80010be6 (0x0000bfe5) c.j     pc - 8
core   0: 3 0x80010be6 (0xbfe5)
core   0: 0x80010bde (0x00001f17) auipc   t5, 0x1
core   0: 3 0x80010bde (0x00001f17) x30 0x80011bde
core   0: 0x80010be2 (0x423f2123) sw      gp, 1058(t5)
core   0: 3 0x80010be2 (0x423f2123) mem 0x80012000 0x00000001
core   0: 0x80010be6 (0x0000bfe5) c.j     pc - 8
core   0: 3 0x80010be6 (0xbfe5)
core   0: 0x80010bde (0x00001f17) auipc   t5, 0x1
core   0: 3 0x80010bde (0x00001f17) x30 0x80011bde
core   0: 0x80010be2 (0x423f2123) sw      gp, 1058(t5)
core   0: 3 0x80010be2 (0x423f2123) mem 0x80012000 0x00000001
core   0: 0x80010be6 (0x0000bfe5) c.j     pc - 8
core   0: 3 0x80010be6 (0xbfe5)
core   0: 0x80010bde (0x00001f17) auipc   t5, 0x1
core   0: 3 0x80010bde (0x00001f17) x30 0x80011bde
core   0: 0x80010be2 (0x423f2123) sw      gp, 1058(t5)
core   0: 3 0x80010be2 (0x423f2123) mem 0x80012000 0x00000001
core   0: 0x80010be6 (0x0000bfe5) c.j     pc - 8
core   0: 3 0x80010be6 (0xbfe5)
core   0: 0x80010bde (0x00001f17) auipc   t5, 0x1
core   0: 3 0x80010bde (0x00001f17) x30 0x80011bde
core   0: 0x80010be2 (0x423f2123) sw      gp, 1058(t5)
core   0: 3 0x80010be2 (0x423f2123) mem 0x80012000 0x00000001
core   0: 0x80010be6 (0x0000bfe5) c.j     pc - 8
core   0: 3 0x80010be6 (0xbfe5)
core   0: 0x80010bde (0x00001f17) auipc   t5, 0x1
core   0: 3 0x80010bde (0x00001f17) x30 0x80011bde
core   0: 0x80010be2 (0x423f2123) sw      gp, 1058(t5)
core   0: 3 0x80010be2 (0x423f2123) mem 0x80012000 0x00000001
core   0: 0x80010be6 (0x0000bfe5) c.j     pc - 8
core   0: 3 0x80010be6 (0xbfe5)
core   0: 0x80010bde (0x00001f17) auipc   t5, 0x1
core   0: 3 0x80010bde (0x00001f17) x30 0x80011bde
core   0: 0x80010be2 (0x423f2123) sw      gp, 1058(t5)
core   0: 3 0x80010be2 (0x423f2123) mem 0x80012000 0x00000001
core   0: 0x80010be6 (0x0000bfe5) c.j     pc - 8
core   0: 3 0x80010be6 (0xbfe5)
core   0: 0x80010bde (0x00001f17) auipc   t5, 0x1
core   0: 3 0x80010bde (0x00001f17) x30 0x80011bde
core   0: 0x80010be2 (0x423f2123) sw      gp, 1058(t5)
core   0: 3 0x80010be2 (0x423f2123) mem 0x80012000 0x00000001
core   0: 0x80010be6 (0x0000bfe5) c.j     pc - 8
core   0: 3 0x80010be6 (0xbfe5)
core   0: 0x80010bde (0x00001f17) auipc   t5, 0x1
core   0: 3 0x80010bde (0x00001f17) x30 0x80011bde
core   0: 0x80010be2 (0x423f2123) sw      gp, 1058(t5)
core   0: 3 0x80010be2 (0x423f2123) mem 0x80012000 0x00000001
core   0: 0x80010be6 (0x0000bfe5) c.j     pc - 8
core   0: 3 0x80010be6 (0xbfe5)
core   0: 0x80010bde (0x00001f17) auipc   t5, 0x1
core   0: 3 0x80010bde (0x00001f17) x30 0x80011bde
core   0: 0x80010be2 (0x423f2123) sw      gp, 1058(t5)
core   0: 3 0x80010be2 (0x423f2123) mem 0x80012000 0x00000001
core   0: 0x80010be6 (0x0000bfe5) c.j     pc - 8
core   0: 3 0x80010be6 (0xbfe5)
core   0: 0x80010bde (0x00001f17) auipc   t5, 0x1
core   0: 3 0x80010bde (0x00001f17) x30 0x80011bde
core   0: 0x80010be2 (0x423f2123) sw      gp, 1058(t5)
core   0: 3 0x80010be2 (0x423f2123) mem 0x80012000 0x00000001
core   0: 0x80010be6 (0x0000bfe5) c.j     pc - 8
core   0: 3 0x80010be6 (0xbfe5)
core   0: 0x80010bde (0x00001f17) auipc   t5, 0x1
core   0: 3 0x80010bde (0x00001f17) x30 0x80011bde
core   0: 0x80010be2 (0x423f2123) sw      gp, 1058(t5)
core   0: 3 0x80010be2 (0x423f2123) mem 0x80012000 0x00000001
core   0: 0x80010be6 (0x0000bfe5) c.j     pc - 8
core   0: 3 0x80010be6 (0xbfe5)
core   0: 0x80010bde (0x00001f17) auipc   t5, 0x1
core   0: 3 0x80010bde (0x00001f17) x30 0x80011bde
core   0: 0x80010be2 (0x423f2123) sw      gp, 1058(t5)
core   0: 3 0x80010be2 (0x423f2123) mem 0x80012000 0x00000001
core   0: 0x80010be6 (0x0000bfe5) c.j     pc - 8
core   0: 3 0x80010be6 (0xbfe5)
core   0: 0x80010bde (0x00001f17) auipc   t5, 0x1
core   0: 3 0x80010bde (0x00001f17) x30 0x80011bde
core   0: 0x80010be2 (0x423f2123) sw      gp, 1058(t5)
core   0: 3 0x80010be2 (0x423f2123) mem 0x80012000 0x00000001
core   0: 0x80010be6 (0x0000bfe5) c.j     pc - 8
core   0: 3 0x80010be6 (0xbfe5)
core   0: 0x80010bde (0x00001f17) auipc   t5, 0x1
core   0: 3 0x80010bde (0x00001f17) x30 0x80011bde
core   0: 0x80010be2 (0x423f2123) sw      gp, 1058(t5)
core   0: 3 0x80010be2 (0x423f2123) mem 0x80012000 0x00000001
core   0: 0x80010be6 (0x0000bfe5) c.j     pc - 8
core   0: 3 0x80010be6 (0xbfe5)
core   0: 0x80010bde (0x00001f17) auipc   t5, 0x1
core   0: 3 0x80010bde (0x00001f17) x30 0x80011bde
core   0: 0x80010be2 (0x423f2123) sw      gp, 1058(t5)
core   0: 3 0x80010be2 (0x423f2123) mem 0x80012000 0x00000001
core   0: 0x80010be6 (0x0000bfe5) c.j     pc - 8
core   0: 3 0x80010be6 (0xbfe5)
core   0: 0x80010bde (0x00001f17) auipc   t5, 0x1
core   0: 3 0x80010bde (0x00001f17) x30 0x80011bde
core   0: 0x80010be2 (0x423f2123) sw      gp, 1058(t5)
core   0: 3 0x80010be2 (0x423f2123) mem 0x80012000 0x00000001
core   0: 0x80010be6 (0x0000bfe5) c.j     pc - 8
core   0: 3 0x80010be6 (0xbfe5)
core   0: 0x80010bde (0x00001f17) auipc   t5, 0x1
core   0: 3 0x80010bde (0x00001f17) x30 0x80011bde
core   0: 0x80010be2 (0x423f2123) sw      gp, 1058(t5)
core   0: 3 0x80010be2 (0x423f2123) mem 0x80012000 0x00000001
core   0: 0x80010be6 (0x0000bfe5) c.j     pc - 8
core   0: 3 0x80010be6 (0xbfe5)
core   0: 0x80010bde (0x00001f17) auipc   t5, 0x1
core   0: 3 0x80010bde (0x00001f17) x30 0x80011bde
core   0: 0x80010be2 (0x423f2123) sw      gp, 1058(t5)
core   0: 3 0x80010be2 (0x423f2123) mem 0x80012000 0x00000001
core   0: 0x80010be6 (0x0000bfe5) c.j     pc - 8
core   0: 3 0x80010be6 (0xbfe5)
core   0: 0x80010bde (0x00001f17) auipc   t5, 0x1
core   0: 3 0x80010bde (0x00001f17) x30 0x80011bde
core   0: 0x80010be2 (0x423f2123) sw      gp, 1058(t5)
core   0: 3 0x80010be2 (0x423f2123) mem 0x80012000 0x00000001
core   0: 0x80010be6 (0x0000bfe5) c.j     pc - 8
core   0: 3 0x80010be6 (0xbfe5)
core   0: 0x80010bde (0x00001f17) auipc   t5, 0x1
core   0: 3 0x80010bde (0x00001f17) x30 0x80011bde
core   0: 0x80010be2 (0x423f2123) sw      gp, 1058(t5)
core   0: 3 0x80010be2 (0x423f2123) mem 0x80012000 0x00000001
core   0: 0x80010be6 (0x0000bfe5) c.j     pc - 8
core   0: 3 0x80010be6 (0xbfe5)
core   0: 0x80010bde (0x00001f17) auipc   t5, 0x1
core   0: 3 0x80010bde (0x00001f17) x30 0x80011bde
core   0: 0x80010be2 (0x423f2123) sw      gp, 1058(t5)
core   0: 3 0x80010be2 (0x423f2123) mem 0x80012000 0x00000001
core   0: 0x80010be6 (0x0000bfe5) c.j     pc - 8
core   0: 3 0x80010be6 (0xbfe5)
core   0: 0x80010bde (0x00001f17) auipc   t5, 0x1
core   0: 3 0x80010bde (0x00001f17) x30 0x80011bde
core   0: 0x80010be2 (0x423f2123) sw      gp, 1058(t5)
core   0: 3 0x80010be2 (0x423f2123) mem 0x80012000 0x00000001
core   0: 0x80010be6 (0x0000bfe5) c.j     pc - 8
core   0: 3 0x80010be6 (0xbfe5)
core   0: 0x80010bde (0x00001f17) auipc   t5, 0x1
core   0: 3 0x80010bde (0x00001f17) x30 0x80011bde
core   0: 0x80010be2 (0x423f2123) sw      gp, 1058(t5)
core   0: 3 0x80010be2 (0x423f2123) mem 0x80012000 0x00000001
core   0: 0x80010be6 (0x0000bfe5) c.j     pc - 8
core   0: 3 0x80010be6 (0xbfe5)
core   0: 0x80010bde (0x00001f17) auipc   t5, 0x1
core   0: 3 0x80010bde (0x00001f17) x30 0x80011bde
core   0: 0x80010be2 (0x423f2123) sw      gp, 1058(t5)
core   0: 3 0x80010be2 (0x423f2123) mem 0x80012000 0x00000001
core   0: 0x80010be6 (0x0000bfe5) c.j     pc - 8
core   0: 3 0x80010be6 (0xbfe5)
core   0: 0x80010bde (0x00001f17) auipc   t5, 0x1
core   0: 3 0x80010bde (0x00001f17) x30 0x80011bde
core   0: 0x80010be2 (0x423f2123) sw      gp, 1058(t5)
core   0: 3 0x80010be2 (0x423f2123) mem 0x80012000 0x00000001
core   0: 0x80010be6 (0x0000bfe5) c.j     pc - 8
core   0: 3 0x80010be6 (0xbfe5)
core   0: 0x80010bde (0x00001f17) auipc   t5, 0x1
core   0: 3 0x80010bde (0x00001f17) x30 0x80011bde
core   0: 0x80010be2 (0x423f2123) sw      gp, 1058(t5)
core   0: 3 0x80010be2 (0x423f2123) mem 0x80012000 0x00000001
core   0: 0x80010be6 (0x0000bfe5) c.j     pc - 8
core   0: 3 0x80010be6 (0xbfe5)
core   0: 0x80010bde (0x00001f17) auipc   t5, 0x1
core   0: 3 0x80010bde (0x00001f17) x30 0x80011bde
core   0: 0x80010be2 (0x423f2123) sw      gp, 1058(t5)
core   0: 3 0x80010be2 (0x423f2123) mem 0x80012000 0x00000001
core   0: 0x80010be6 (0x0000bfe5) c.j     pc - 8
core   0: 3 0x80010be6 (0xbfe5)
core   0: 0x80010bde (0x00001f17) auipc   t5, 0x1
core   0: 3 0x80010bde (0x00001f17) x30 0x80011bde
core   0: 0x80010be2 (0x423f2123) sw      gp, 1058(t5)
core   0: 3 0x80010be2 (0x423f2123) mem 0x80012000 0x00000001
core   0: 0x80010be6 (0x0000bfe5) c.j     pc - 8
core   0: 3 0x80010be6 (0xbfe5)
core   0: 0x80010bde (0x00001f17) auipc   t5, 0x1
core   0: 3 0x80010bde (0x00001f17) x30 0x80011bde
core   0: 0x80010be2 (0x423f2123) sw      gp, 1058(t5)
core   0: 3 0x80010be2 (0x423f2123) mem 0x80012000 0x00000001
core   0: 0x80010be6 (0x0000bfe5) c.j     pc - 8
core   0: 3 0x80010be6 (0xbfe5)
core   0: 0x80010bde (0x00001f17) auipc   t5, 0x1
core   0: 3 0x80010bde (0x00001f17) x30 0x80011bde
core   0: 0x80010be2 (0x423f2123) sw      gp, 1058(t5)
core   0: 3 0x80010be2 (0x423f2123) mem 0x80012000 0x00000001
core   0: 0x80010be6 (0x0000bfe5) c.j     pc - 8
core   0: 3 0x80010be6 (0xbfe5)
core   0: 0x80010bde (0x00001f17) auipc   t5, 0x1
core   0: 3 0x80010bde (0x00001f17) x30 0x80011bde
core   0: 0x80010be2 (0x423f2123) sw      gp, 1058(t5)
core   0: 3 0x80010be2 (0x423f2123) mem 0x80012000 0x00000001
core   0: 0x80010be6 (0x0000bfe5) c.j     pc - 8
core   0: 3 0x80010be6 (0xbfe5)
core   0: 0x80010bde (0x00001f17) auipc   t5, 0x1
core   0: 3 0x80010bde (0x00001f17) x30 0x80011bde
core   0: 0x80010be2 (0x423f2123) sw      gp, 1058(t5)
core   0: 3 0x80010be2 (0x423f2123) mem 0x80012000 0x00000001
core   0: 0x80010be6 (0x0000bfe5) c.j     pc - 8
core   0: 3 0x80010be6 (0xbfe5)
core   0: 0x80010bde (0x00001f17) auipc   t5, 0x1
core   0: 3 0x80010bde (0x00001f17) x30 0x80011bde
core   0: 0x80010be2 (0x423f2123) sw      gp, 1058(t5)
core   0: 3 0x80010be2 (0x423f2123) mem 0x80012000 0x00000001
core   0: 0x80010be6 (0x0000bfe5) c.j     pc - 8
core   0: 3 0x80010be6 (0xbfe5)
core   0: 0x80010bde (0x00001f17) auipc   t5, 0x1
core   0: 3 0x80010bde (0x00001f17) x30 0x80011bde
core   0: 0x80010be2 (0x423f2123) sw      gp, 1058(t5)
core   0: 3 0x80010be2 (0x423f2123) mem 0x80012000 0x00000001
core   0: 0x80010be6 (0x0000bfe5) c.j     pc - 8
core   0: 3 0x80010be6 (0xbfe5)
core   0: 0x80010bde (0x00001f17) auipc   t5, 0x1
core   0: 3 0x80010bde (0x00001f17) x30 0x80011bde
core   0: 0x80010be2 (0x423f2123) sw      gp, 1058(t5)
core   0: 3 0x80010be2 (0x423f2123) mem 0x80012000 0x00000001
core   0: 0x80010be6 (0x0000bfe5) c.j     pc - 8
core   0: 3 0x80010be6 (0xbfe5)
core   0: 0x80010bde (0x00001f17) auipc   t5, 0x1
core   0: 3 0x80010bde (0x00001f17) x30 0x80011bde
core   0: 0x80010be2 (0x423f2123) sw      gp, 1058(t5)
core   0: 3 0x80010be2 (0x423f2123) mem 0x80012000 0x00000001
core   0: 0x80010be6 (0x0000bfe5) c.j     pc - 8
core   0: 3 0x80010be6 (0xbfe5)
core   0: 0x80010bde (0x00001f17) auipc   t5, 0x1
core   0: 3 0x80010bde (0x00001f17) x30 0x80011bde
core   0: 0x80010be2 (0x423f2123) sw      gp, 1058(t5)
core   0: 3 0x80010be2 (0x423f2123) mem 0x80012000 0x00000001
core   0: 0x80010be6 (0x0000bfe5) c.j     pc - 8
core   0: 3 0x80010be6 (0xbfe5)
core   0: 0x80010bde (0x00001f17) auipc   t5, 0x1
core   0: 3 0x80010bde (0x00001f17) x30 0x80011bde
core   0: 0x80010be2 (0x423f2123) sw      gp, 1058(t5)
core   0: 3 0x80010be2 (0x423f2123) mem 0x80012000 0x00000001
core   0: 0x80010be6 (0x0000bfe5) c.j     pc - 8
core   0: 3 0x80010be6 (0xbfe5)
core   0: 0x80010bde (0x00001f17) auipc   t5, 0x1
core   0: 3 0x80010bde (0x00001f17) x30 0x80011bde
core   0: 0x80010be2 (0x423f2123) sw      gp, 1058(t5)
core   0: 3 0x80010be2 (0x423f2123) mem 0x80012000 0x00000001
core   0: 0x80010be6 (0x0000bfe5) c.j     pc - 8
core   0: 3 0x80010be6 (0xbfe5)
core   0: 0x80010bde (0x00001f17) auipc   t5, 0x1
core   0: 3 0x80010bde (0x00001f17) x30 0x80011bde
core   0: 0x80010be2 (0x423f2123) sw      gp, 1058(t5)
core   0: 3 0x80010be2 (0x423f2123) mem 0x80012000 0x00000001
core   0: 0x80010be6 (0x0000bfe5) c.j     pc - 8
core   0: 3 0x80010be6 (0xbfe5)
core   0: 0x80010bde (0x00001f17) auipc   t5, 0x1
core   0: 3 0x80010bde (0x00001f17) x30 0x80011bde
core   0: 0x80010be2 (0x423f2123) sw      gp, 1058(t5)
core   0: 3 0x80010be2 (0x423f2123) mem 0x80012000 0x00000001
core   0: 0x80010be6 (0x0000bfe5) c.j     pc - 8
core   0: 3 0x80010be6 (0xbfe5)
core   0: 0x80010bde (0x00001f17) auipc   t5, 0x1
core   0: 3 0x80010bde (0x00001f17) x30 0x80011bde
core   0: 0x80010be2 (0x423f2123) sw      gp, 1058(t5)
core   0: 3 0x80010be2 (0x423f2123) mem 0x80012000 0x00000001
core   0: 0x80010be6 (0x0000bfe5) c.j     pc - 8
core   0: 3 0x80010be6 (0xbfe5)
core   0: 0x80010bde (0x00001f17) auipc   t5, 0x1
core   0: 3 0x80010bde (0x00001f17) x30 0x80011bde
core   0: 0x80010be2 (0x423f2123) sw      gp, 1058(t5)
core   0: 3 0x80010be2 (0x423f2123) mem 0x80012000 0x00000001
core   0: 0x80010be6 (0x0000bfe5) c.j     pc - 8
core   0: 3 0x80010be6 (0xbfe5)
core   0: 0x80010bde (0x00001f17) auipc   t5, 0x1
core   0: 3 0x80010bde (0x00001f17) x30 0x80011bde
core   0: 0x80010be2 (0x423f2123) sw      gp, 1058(t5)
core   0: 3 0x80010be2 (0x423f2123) mem 0x80012000 0x00000001
core   0: 0x80010be6 (0x0000bfe5) c.j     pc - 8
core   0: 3 0x80010be6 (0xbfe5)
core   0: 0x80010bde (0x00001f17) auipc   t5, 0x1
core   0: 3 0x80010bde (0x00001f17) x30 0x80011bde
core   0: 0x80010be2 (0x423f2123) sw      gp, 1058(t5)
core   0: 3 0x80010be2 (0x423f2123) mem 0x80012000 0x00000001
core   0: 0x80010be6 (0x0000bfe5) c.j     pc - 8
core   0: 3 0x80010be6 (0xbfe5)
core   0: 0x80010bde (0x00001f17) auipc   t5, 0x1
core   0: 3 0x80010bde (0x00001f17) x30 0x80011bde
core   0: 0x80010be2 (0x423f2123) sw      gp, 1058(t5)
core   0: 3 0x80010be2 (0x423f2123) mem 0x80012000 0x00000001
core   0: 0x80010be6 (0x0000bfe5) c.j     pc - 8
core   0: 3 0x80010be6 (0xbfe5)
core   0: 0x80010bde (0x00001f17) auipc   t5, 0x1
core   0: 3 0x80010bde (0x00001f17) x30 0x80011bde
core   0: 0x80010be2 (0x423f2123) sw      gp, 1058(t5)
core   0: 3 0x80010be2 (0x423f2123) mem 0x80012000 0x00000001
core   0: 0x80010be6 (0x0000bfe5) c.j     pc - 8
core   0: 3 0x80010be6 (0xbfe5)
core   0: 0x80010bde (0x00001f17) auipc   t5, 0x1
core   0: 3 0x80010bde (0x00001f17) x30 0x80011bde
core   0: 0x80010be2 (0x423f2123) sw      gp, 1058(t5)
core   0: 3 0x80010be2 (0x423f2123) mem 0x80012000 0x00000001
core   0: 0x80010be6 (0x0000bfe5) c.j     pc - 8
core   0: 3 0x80010be6 (0xbfe5)
core   0: 0x80010bde (0x00001f17) auipc   t5, 0x1
core   0: 3 0x80010bde (0x00001f17) x30 0x80011bde
core   0: 0x80010be2 (0x423f2123) sw      gp, 1058(t5)
core   0: 3 0x80010be2 (0x423f2123) mem 0x80012000 0x00000001
core   0: 0x80010be6 (0x0000bfe5) c.j     pc - 8
core   0: 3 0x80010be6 (0xbfe5)
core   0: 0x80010bde (0x00001f17) auipc   t5, 0x1
core   0: 3 0x80010bde (0x00001f17) x30 0x80011bde
core   0: 0x80010be2 (0x423f2123) sw      gp, 1058(t5)
core   0: 3 0x80010be2 (0x423f2123) mem 0x80012000 0x00000001
core   0: 0x80010be6 (0x0000bfe5) c.j     pc - 8
core   0: 3 0x80010be6 (0xbfe5)
core   0: 0x80010bde (0x00001f17) auipc   t5, 0x1
core   0: 3 0x80010bde (0x00001f17) x30 0x80011bde
core   0: 0x80010be2 (0x423f2123) sw      gp, 1058(t5)
core   0: 3 0x80010be2 (0x423f2123) mem 0x80012000 0x00000001
core   0: 0x80010be6 (0x0000bfe5) c.j     pc - 8
core   0: 3 0x80010be6 (0xbfe5)
core   0: 0x80010bde (0x00001f17) auipc   t5, 0x1
core   0: 3 0x80010bde (0x00001f17) x30 0x80011bde
core   0: 0x80010be2 (0x423f2123) sw      gp, 1058(t5)
core   0: 3 0x80010be2 (0x423f2123) mem 0x80012000 0x00000001
core   0: 0x80010be6 (0x0000bfe5) c.j     pc - 8
core   0: 3 0x80010be6 (0xbfe5)
core   0: 0x80010bde (0x00001f17) auipc   t5, 0x1
core   0: 3 0x80010bde (0x00001f17) x30 0x80011bde
core   0: 0x80010be2 (0x423f2123) sw      gp, 1058(t5)
core   0: 3 0x80010be2 (0x423f2123) mem 0x80012000 0x00000001
core   0: 0x80010be6 (0x0000bfe5) c.j     pc - 8
core   0: 3 0x80010be6 (0xbfe5)
core   0: 0x80010bde (0x00001f17) auipc   t5, 0x1
core   0: 3 0x80010bde (0x00001f17) x30 0x80011bde
core   0: 0x80010be2 (0x423f2123) sw      gp, 1058(t5)
core   0: 3 0x80010be2 (0x423f2123) mem 0x80012000 0x00000001
core   0: 0x80010be6 (0x0000bfe5) c.j     pc - 8
core   0: 3 0x80010be6 (0xbfe5)
core   0: 0x80010bde (0x00001f17) auipc   t5, 0x1
core   0: 3 0x80010bde (0x00001f17) x30 0x80011bde
core   0: 0x80010be2 (0x423f2123) sw      gp, 1058(t5)
core   0: 3 0x80010be2 (0x423f2123) mem 0x80012000 0x00000001
core   0: 0x80010be6 (0x0000bfe5) c.j     pc - 8
core   0: 3 0x80010be6 (0xbfe5)
core   0: 0x80010bde (0x00001f17) auipc   t5, 0x1
core   0: 3 0x80010bde (0x00001f17) x30 0x80011bde
core   0: 0x80010be2 (0x423f2123) sw      gp, 1058(t5)
core   0: 3 0x80010be2 (0x423f2123) mem 0x80012000 0x00000001
core   0: 0x80010be6 (0x0000bfe5) c.j     pc - 8
core   0: 3 0x80010be6 (0xbfe5)
core   0: 0x80010bde (0x00001f17) auipc   t5, 0x1
core   0: 3 0x80010bde (0x00001f17) x30 0x80011bde
core   0: 0x80010be2 (0x423f2123) sw      gp, 1058(t5)
core   0: 3 0x80010be2 (0x423f2123) mem 0x80012000 0x00000001
core   0: 0x80010be6 (0x0000bfe5) c.j     pc - 8
core   0: 3 0x80010be6 (0xbfe5)
core   0: 0x80010bde (0x00001f17) auipc   t5, 0x1
core   0: 3 0x80010bde (0x00001f17) x30 0x80011bde
core   0: 0x80010be2 (0x423f2123) sw      gp, 1058(t5)
core   0: 3 0x80010be2 (0x423f2123) mem 0x80012000 0x00000001
core   0: 0x80010be6 (0x0000bfe5) c.j     pc - 8
core   0: 3 0x80010be6 (0xbfe5)
core   0: 0x80010bde (0x00001f17) auipc   t5, 0x1
core   0: 3 0x80010bde (0x00001f17) x30 0x80011bde
core   0: 0x80010be2 (0x423f2123) sw      gp, 1058(t5)
core   0: 3 0x80010be2 (0x423f2123) mem 0x80012000 0x00000001
core   0: 0x80010be6 (0x0000bfe5) c.j     pc - 8
core   0: 3 0x80010be6 (0xbfe5)
core   0: 0x80010bde (0x00001f17) auipc   t5, 0x1
core   0: 3 0x80010bde (0x00001f17) x30 0x80011bde
core   0: 0x80010be2 (0x423f2123) sw      gp, 1058(t5)
core   0: 3 0x80010be2 (0x423f2123) mem 0x80012000 0x00000001
core   0: 0x80010be6 (0x0000bfe5) c.j     pc - 8
core   0: 3 0x80010be6 (0xbfe5)
core   0: 0x80010bde (0x00001f17) auipc   t5, 0x1
core   0: 3 0x80010bde (0x00001f17) x30 0x80011bde
core   0: 0x80010be2 (0x423f2123) sw      gp, 1058(t5)
core   0: 3 0x80010be2 (0x423f2123) mem 0x80012000 0x00000001
core   0: 0x80010be6 (0x0000bfe5) c.j     pc - 8
core   0: 3 0x80010be6 (0xbfe5)
core   0: 0x80010bde (0x00001f17) auipc   t5, 0x1
core   0: 3 0x80010bde (0x00001f17) x30 0x80011bde
core   0: 0x80010be2 (0x423f2123) sw      gp, 1058(t5)
core   0: 3 0x80010be2 (0x423f2123) mem 0x80012000 0x00000001
core   0: 0x80010be6 (0x0000bfe5) c.j     pc - 8
core   0: 3 0x80010be6 (0xbfe5)
core   0: 0x80010bde (0x00001f17) auipc   t5, 0x1
core   0: 3 0x80010bde (0x00001f17) x30 0x80011bde
core   0: 0x80010be2 (0x423f2123) sw      gp, 1058(t5)
core   0: 3 0x80010be2 (0x423f2123) mem 0x80012000 0x00000001
core   0: 0x80010be6 (0x0000bfe5) c.j     pc - 8
core   0: 3 0x80010be6 (0xbfe5)
core   0: 0x80010bde (0x00001f17) auipc   t5, 0x1
core   0: 3 0x80010bde (0x00001f17) x30 0x80011bde
core   0: 0x80010be2 (0x423f2123) sw      gp, 1058(t5)
core   0: 3 0x80010be2 (0x423f2123) mem 0x80012000 0x00000001
core   0: 0x80010be6 (0x0000bfe5) c.j     pc - 8
core   0: 3 0x80010be6 (0xbfe5)
core   0: 0x80010bde (0x00001f17) auipc   t5, 0x1
core   0: 3 0x80010bde (0x00001f17) x30 0x80011bde
core   0: 0x80010be2 (0x423f2123) sw      gp, 1058(t5)
core   0: 3 0x80010be2 (0x423f2123) mem 0x80012000 0x00000001
core   0: 0x80010be6 (0x0000bfe5) c.j     pc - 8
core   0: 3 0x80010be6 (0xbfe5)
core   0: 0x80010bde (0x00001f17) auipc   t5, 0x1
core   0: 3 0x80010bde (0x00001f17) x30 0x80011bde
core   0: 0x80010be2 (0x423f2123) sw      gp, 1058(t5)
core   0: 3 0x80010be2 (0x423f2123) mem 0x80012000 0x00000001
core   0: 0x80010be6 (0x0000bfe5) c.j     pc - 8
core   0: 3 0x80010be6 (0xbfe5)
core   0: 0x80010bde (0x00001f17) auipc   t5, 0x1
core   0: 3 0x80010bde (0x00001f17) x30 0x80011bde
core   0: 0x80010be2 (0x423f2123) sw      gp, 1058(t5)
core   0: 3 0x80010be2 (0x423f2123) mem 0x80012000 0x00000001
core   0: 0x80010be6 (0x0000bfe5) c.j     pc - 8
core   0: 3 0x80010be6 (0xbfe5)
core   0: 0x80010bde (0x00001f17) auipc   t5, 0x1
core   0: 3 0x80010bde (0x00001f17) x30 0x80011bde
core   0: 0x80010be2 (0x423f2123) sw      gp, 1058(t5)
core   0: 3 0x80010be2 (0x423f2123) mem 0x80012000 0x00000001
core   0: 0x80010be6 (0x0000bfe5) c.j     pc - 8
core   0: 3 0x80010be6 (0xbfe5)
core   0: 0x80010bde (0x00001f17) auipc   t5, 0x1
core   0: 3 0x80010bde (0x00001f17) x30 0x80011bde
core   0: 0x80010be2 (0x423f2123) sw      gp, 1058(t5)
core   0: 3 0x80010be2 (0x423f2123) mem 0x80012000 0x00000001
core   0: 0x80010be6 (0x0000bfe5) c.j     pc - 8
core   0: 3 0x80010be6 (0xbfe5)
core   0: 0x80010bde (0x00001f17) auipc   t5, 0x1
core   0: 3 0x80010bde (0x00001f17) x30 0x80011bde
core   0: 0x80010be2 (0x423f2123) sw      gp, 1058(t5)
core   0: 3 0x80010be2 (0x423f2123) mem 0x80012000 0x00000001
core   0: 0x80010be6 (0x0000bfe5) c.j     pc - 8
core   0: 3 0x80010be6 (0xbfe5)
core   0: 0x80010bde (0x00001f17) auipc   t5, 0x1
core   0: 3 0x80010bde (0x00001f17) x30 0x80011bde
core   0: 0x80010be2 (0x423f2123) sw      gp, 1058(t5)
core   0: 3 0x80010be2 (0x423f2123) mem 0x80012000 0x00000001
core   0: 0x80010be6 (0x0000bfe5) c.j     pc - 8
core   0: 3 0x80010be6 (0xbfe5)
core   0: 0x80010bde (0x00001f17) auipc   t5, 0x1
core   0: 3 0x80010bde (0x00001f17) x30 0x80011bde
core   0: 0x80010be2 (0x423f2123) sw      gp, 1058(t5)
core   0: 3 0x80010be2 (0x423f2123) mem 0x80012000 0x00000001
core   0: 0x80010be6 (0x0000bfe5) c.j     pc - 8
core   0: 3 0x80010be6 (0xbfe5)
core   0: 0x80010bde (0x00001f17) auipc   t5, 0x1
core   0: 3 0x80010bde (0x00001f17) x30 0x80011bde
core   0: 0x80010be2 (0x423f2123) sw      gp, 1058(t5)
core   0: 3 0x80010be2 (0x423f2123) mem 0x80012000 0x00000001
core   0: 0x80010be6 (0x0000bfe5) c.j     pc - 8
core   0: 3 0x80010be6 (0xbfe5)
core   0: 0x80010bde (0x00001f17) auipc   t5, 0x1
core   0: 3 0x80010bde (0x00001f17) x30 0x80011bde
core   0: 0x80010be2 (0x423f2123) sw      gp, 1058(t5)
core   0: 3 0x80010be2 (0x423f2123) mem 0x80012000 0x00000001
core   0: 0x80010be6 (0x0000bfe5) c.j     pc - 8
core   0: 3 0x80010be6 (0xbfe5)
core   0: 0x80010bde (0x00001f17) auipc   t5, 0x1
core   0: 3 0x80010bde (0x00001f17) x30 0x80011bde
core   0: 0x80010be2 (0x423f2123) sw      gp, 1058(t5)
core   0: 3 0x80010be2 (0x423f2123) mem 0x80012000 0x00000001
core   0: 0x80010be6 (0x0000bfe5) c.j     pc - 8
core   0: 3 0x80010be6 (0xbfe5)
core   0: 0x80010bde (0x00001f17) auipc   t5, 0x1
core   0: 3 0x80010bde (0x00001f17) x30 0x80011bde
core   0: 0x80010be2 (0x423f2123) sw      gp, 1058(t5)
core   0: 3 0x80010be2 (0x423f2123) mem 0x80012000 0x00000001
core   0: 0x80010be6 (0x0000bfe5) c.j     pc - 8
core   0: 3 0x80010be6 (0xbfe5)
core   0: 0x80010bde (0x00001f17) auipc   t5, 0x1
core   0: 3 0x80010bde (0x00001f17) x30 0x80011bde
core   0: 0x80010be2 (0x423f2123) sw      gp, 1058(t5)
core   0: 3 0x80010be2 (0x423f2123) mem 0x80012000 0x00000001
core   0: 0x80010be6 (0x0000bfe5) c.j     pc - 8
core   0: 3 0x80010be6 (0xbfe5)
core   0: 0x80010bde (0x00001f17) auipc   t5, 0x1
core   0: 3 0x80010bde (0x00001f17) x30 0x80011bde
core   0: 0x80010be2 (0x423f2123) sw      gp, 1058(t5)
core   0: 3 0x80010be2 (0x423f2123) mem 0x80012000 0x00000001
core   0: 0x80010be6 (0x0000bfe5) c.j     pc - 8
core   0: 3 0x80010be6 (0xbfe5)
core   0: 0x80010bde (0x00001f17) auipc   t5, 0x1
core   0: 3 0x80010bde (0x00001f17) x30 0x80011bde
core   0: 0x80010be2 (0x423f2123) sw      gp, 1058(t5)
core   0: 3 0x80010be2 (0x423f2123) mem 0x80012000 0x00000001
core   0: 0x80010be6 (0x0000bfe5) c.j     pc - 8
core   0: 3 0x80010be6 (0xbfe5)
core   0: 0x80010bde (0x00001f17) auipc   t5, 0x1
core   0: 3 0x80010bde (0x00001f17) x30 0x80011bde
core   0: 0x80010be2 (0x423f2123) sw      gp, 1058(t5)
core   0: 3 0x80010be2 (0x423f2123) mem 0x80012000 0x00000001
core   0: 0x80010be6 (0x0000bfe5) c.j     pc - 8
core   0: 3 0x80010be6 (0xbfe5)
core   0: 0x80010bde (0x00001f17) auipc   t5, 0x1
core   0: 3 0x80010bde (0x00001f17) x30 0x80011bde
core   0: 0x80010be2 (0x423f2123) sw      gp, 1058(t5)
core   0: 3 0x80010be2 (0x423f2123) mem 0x80012000 0x00000001
core   0: 0x80010be6 (0x0000bfe5) c.j     pc - 8
core   0: 3 0x80010be6 (0xbfe5)
core   0: 0x80010bde (0x00001f17) auipc   t5, 0x1
core   0: 3 0x80010bde (0x00001f17) x30 0x80011bde
core   0: 0x80010be2 (0x423f2123) sw      gp, 1058(t5)
core   0: 3 0x80010be2 (0x423f2123) mem 0x80012000 0x00000001
core   0: 0x80010be6 (0x0000bfe5) c.j     pc - 8
core   0: 3 0x80010be6 (0xbfe5)
core   0: 0x80010bde (0x00001f17) auipc   t5, 0x1
core   0: 3 0x80010bde (0x00001f17) x30 0x80011bde
core   0: 0x80010be2 (0x423f2123) sw      gp, 1058(t5)
core   0: 3 0x80010be2 (0x423f2123) mem 0x80012000 0x00000001
core   0: 0x80010be6 (0x0000bfe5) c.j     pc - 8
core   0: 3 0x80010be6 (0xbfe5)
core   0: 0x80010bde (0x00001f17) auipc   t5, 0x1
core   0: 3 0x80010bde (0x00001f17) x30 0x80011bde
core   0: 0x80010be2 (0x423f2123) sw      gp, 1058(t5)
core   0: 3 0x80010be2 (0x423f2123) mem 0x80012000 0x00000001
core   0: 0x80010be6 (0x0000bfe5) c.j     pc - 8
core   0: 3 0x80010be6 (0xbfe5)
core   0: 0x80010bde (0x00001f17) auipc   t5, 0x1
core   0: 3 0x80010bde (0x00001f17) x30 0x80011bde
core   0: 0x80010be2 (0x423f2123) sw      gp, 1058(t5)
core   0: 3 0x80010be2 (0x423f2123) mem 0x80012000 0x00000001
core   0: 0x80010be6 (0x0000bfe5) c.j     pc - 8
core   0: 3 0x80010be6 (0xbfe5)
core   0: 0x80010bde (0x00001f17) auipc   t5, 0x1
core   0: 3 0x80010bde (0x00001f17) x30 0x80011bde
core   0: 0x80010be2 (0x423f2123) sw      gp, 1058(t5)
core   0: 3 0x80010be2 (0x423f2123) mem 0x80012000 0x00000001
core   0: 0x80010be6 (0x0000bfe5) c.j     pc - 8
core   0: 3 0x80010be6 (0xbfe5)
core   0: 0x80010bde (0x00001f17) auipc   t5, 0x1
core   0: 3 0x80010bde (0x00001f17) x30 0x80011bde
core   0: 0x80010be2 (0x423f2123) sw      gp, 1058(t5)
core   0: 3 0x80010be2 (0x423f2123) mem 0x80012000 0x00000001
core   0: 0x80010be6 (0x0000bfe5) c.j     pc - 8
core   0: 3 0x80010be6 (0xbfe5)
core   0: 0x80010bde (0x00001f17) auipc   t5, 0x1
core   0: 3 0x80010bde (0x00001f17) x30 0x80011bde
core   0: 0x80010be2 (0x423f2123) sw      gp, 1058(t5)
core   0: 3 0x80010be2 (0x423f2123) mem 0x80012000 0x00000001
core   0: 0x80010be6 (0x0000bfe5) c.j     pc - 8
core   0: 3 0x80010be6 (0xbfe5)
core   0: 0x80010bde (0x00001f17) auipc   t5, 0x1
core   0: 3 0x80010bde (0x00001f17) x30 0x80011bde
core   0: 0x80010be2 (0x423f2123) sw      gp, 1058(t5)
core   0: 3 0x80010be2 (0x423f2123) mem 0x80012000 0x00000001
core   0: 0x80010be6 (0x0000bfe5) c.j     pc - 8
core   0: 3 0x80010be6 (0xbfe5)
core   0: 0x80010bde (0x00001f17) auipc   t5, 0x1
core   0: 3 0x80010bde (0x00001f17) x30 0x80011bde
core   0: 0x80010be2 (0x423f2123) sw      gp, 1058(t5)
core   0: 3 0x80010be2 (0x423f2123) mem 0x80012000 0x00000001
core   0: 0x80010be6 (0x0000bfe5) c.j     pc - 8
core   0: 3 0x80010be6 (0xbfe5)
core   0: 0x80010bde (0x00001f17) auipc   t5, 0x1
core   0: 3 0x80010bde (0x00001f17) x30 0x80011bde
core   0: 0x80010be2 (0x423f2123) sw      gp, 1058(t5)
core   0: 3 0x80010be2 (0x423f2123) mem 0x80012000 0x00000001
core   0: 0x80010be6 (0x0000bfe5) c.j     pc - 8
core   0: 3 0x80010be6 (0xbfe5)
core   0: 0x80010bde (0x00001f17) auipc   t5, 0x1
core   0: 3 0x80010bde (0x00001f17) x30 0x80011bde
core   0: 0x80010be2 (0x423f2123) sw      gp, 1058(t5)
core   0: 3 0x80010be2 (0x423f2123) mem 0x80012000 0x00000001
core   0: 0x80010be6 (0x0000bfe5) c.j     pc - 8
core   0: 3 0x80010be6 (0xbfe5)
core   0: 0x80010bde (0x00001f17) auipc   t5, 0x1
core   0: 3 0x80010bde (0x00001f17) x30 0x80011bde
core   0: 0x80010be2 (0x423f2123) sw      gp, 1058(t5)
core   0: 3 0x80010be2 (0x423f2123) mem 0x80012000 0x00000001
core   0: 0x80010be6 (0x0000bfe5) c.j     pc - 8
core   0: 3 0x80010be6 (0xbfe5)
core   0: 0x80010bde (0x00001f17) auipc   t5, 0x1
core   0: 3 0x80010bde (0x00001f17) x30 0x80011bde
core   0: 0x80010be2 (0x423f2123) sw      gp, 1058(t5)
core   0: 3 0x80010be2 (0x423f2123) mem 0x80012000 0x00000001
core   0: 0x80010be6 (0x0000bfe5) c.j     pc - 8
core   0: 3 0x80010be6 (0xbfe5)
core   0: 0x80010bde (0x00001f17) auipc   t5, 0x1
core   0: 3 0x80010bde (0x00001f17) x30 0x80011bde
core   0: 0x80010be2 (0x423f2123) sw      gp, 1058(t5)
core   0: 3 0x80010be2 (0x423f2123) mem 0x80012000 0x00000001
core   0: 0x80010be6 (0x0000bfe5) c.j     pc - 8
core   0: 3 0x80010be6 (0xbfe5)
core   0: 0x80010bde (0x00001f17) auipc   t5, 0x1
core   0: 3 0x80010bde (0x00001f17) x30 0x80011bde
core   0: 0x80010be2 (0x423f2123) sw      gp, 1058(t5)
core   0: 3 0x80010be2 (0x423f2123) mem 0x80012000 0x00000001
core   0: 0x80010be6 (0x0000bfe5) c.j     pc - 8
core   0: 3 0x80010be6 (0xbfe5)
core   0: 0x80010bde (0x00001f17) auipc   t5, 0x1
core   0: 3 0x80010bde (0x00001f17) x30 0x80011bde
core   0: 0x80010be2 (0x423f2123) sw      gp, 1058(t5)
core   0: 3 0x80010be2 (0x423f2123) mem 0x80012000 0x00000001
core   0: 0x80010be6 (0x0000bfe5) c.j     pc - 8
core   0: 3 0x80010be6 (0xbfe5)
core   0: 0x80010bde (0x00001f17) auipc   t5, 0x1
core   0: 3 0x80010bde (0x00001f17) x30 0x80011bde
core   0: 0x80010be2 (0x423f2123) sw      gp, 1058(t5)
core   0: 3 0x80010be2 (0x423f2123) mem 0x80012000 0x00000001
core   0: 0x80010be6 (0x0000bfe5) c.j     pc - 8
core   0: 3 0x80010be6 (0xbfe5)
core   0: 0x80010bde (0x00001f17) auipc   t5, 0x1
core   0: 3 0x80010bde (0x00001f17) x30 0x80011bde
core   0: 0x80010be2 (0x423f2123) sw      gp, 1058(t5)
core   0: 3 0x80010be2 (0x423f2123) mem 0x80012000 0x00000001
core   0: 0x80010be6 (0x0000bfe5) c.j     pc - 8
core   0: 3 0x80010be6 (0xbfe5)
core   0: 0x80010bde (0x00001f17) auipc   t5, 0x1
core   0: 3 0x80010bde (0x00001f17) x30 0x80011bde
core   0: 0x80010be2 (0x423f2123) sw      gp, 1058(t5)
core   0: 3 0x80010be2 (0x423f2123) mem 0x80012000 0x00000001
core   0: 0x80010be6 (0x0000bfe5) c.j     pc - 8
core   0: 3 0x80010be6 (0xbfe5)
core   0: 0x80010bde (0x00001f17) auipc   t5, 0x1
core   0: 3 0x80010bde (0x00001f17) x30 0x80011bde
core   0: 0x80010be2 (0x423f2123) sw      gp, 1058(t5)
core   0: 3 0x80010be2 (0x423f2123) mem 0x80012000 0x00000001
core   0: 0x80010be6 (0x0000bfe5) c.j     pc - 8
core   0: 3 0x80010be6 (0xbfe5)
core   0: 0x80010bde (0x00001f17) auipc   t5, 0x1
core   0: 3 0x80010bde (0x00001f17) x30 0x80011bde
core   0: 0x80010be2 (0x423f2123) sw      gp, 1058(t5)
core   0: 3 0x80010be2 (0x423f2123) mem 0x80012000 0x00000001
core   0: 0x80010be6 (0x0000bfe5) c.j     pc - 8
core   0: 3 0x80010be6 (0xbfe5)
core   0: 0x80010bde (0x00001f17) auipc   t5, 0x1
core   0: 3 0x80010bde (0x00001f17) x30 0x80011bde
core   0: 0x80010be2 (0x423f2123) sw      gp, 1058(t5)
core   0: 3 0x80010be2 (0x423f2123) mem 0x80012000 0x00000001
core   0: 0x80010be6 (0x0000bfe5) c.j     pc - 8
core   0: 3 0x80010be6 (0xbfe5)
core   0: 0x80010bde (0x00001f17) auipc   t5, 0x1
core   0: 3 0x80010bde (0x00001f17) x30 0x80011bde
core   0: 0x80010be2 (0x423f2123) sw      gp, 1058(t5)
core   0: 3 0x80010be2 (0x423f2123) mem 0x80012000 0x00000001
core   0: 0x80010be6 (0x0000bfe5) c.j     pc - 8
core   0: 3 0x80010be6 (0xbfe5)
core   0: 0x80010bde (0x00001f17) auipc   t5, 0x1
core   0: 3 0x80010bde (0x00001f17) x30 0x80011bde
core   0: 0x80010be2 (0x423f2123) sw      gp, 1058(t5)
core   0: 3 0x80010be2 (0x423f2123) mem 0x80012000 0x00000001
core   0: 0x80010be6 (0x0000bfe5) c.j     pc - 8
core   0: 3 0x80010be6 (0xbfe5)
core   0: 0x80010bde (0x00001f17) auipc   t5, 0x1
core   0: 3 0x80010bde (0x00001f17) x30 0x80011bde
core   0: 0x80010be2 (0x423f2123) sw      gp, 1058(t5)
core   0: 3 0x80010be2 (0x423f2123) mem 0x80012000 0x00000001
core   0: 0x80010be6 (0x0000bfe5) c.j     pc - 8
core   0: 3 0x80010be6 (0xbfe5)
core   0: 0x80010bde (0x00001f17) auipc   t5, 0x1
core   0: 3 0x80010bde (0x00001f17) x30 0x80011bde
core   0: 0x80010be2 (0x423f2123) sw      gp, 1058(t5)
core   0: 3 0x80010be2 (0x423f2123) mem 0x80012000 0x00000001
core   0: 0x80010be6 (0x0000bfe5) c.j     pc - 8
core   0: 3 0x80010be6 (0xbfe5)
core   0: 0x80010bde (0x00001f17) auipc   t5, 0x1
core   0: 3 0x80010bde (0x00001f17) x30 0x80011bde
core   0: 0x80010be2 (0x423f2123) sw      gp, 1058(t5)
core   0: 3 0x80010be2 (0x423f2123) mem 0x80012000 0x00000001
core   0: 0x80010be6 (0x0000bfe5) c.j     pc - 8
core   0: 3 0x80010be6 (0xbfe5)
core   0: 0x80010bde (0x00001f17) auipc   t5, 0x1
core   0: 3 0x80010bde (0x00001f17) x30 0x80011bde
core   0: 0x80010be2 (0x423f2123) sw      gp, 1058(t5)
core   0: 3 0x80010be2 (0x423f2123) mem 0x80012000 0x00000001
core   0: 0x80010be6 (0x0000bfe5) c.j     pc - 8
core   0: 3 0x80010be6 (0xbfe5)
core   0: 0x80010bde (0x00001f17) auipc   t5, 0x1
core   0: 3 0x80010bde (0x00001f17) x30 0x80011bde
core   0: 0x80010be2 (0x423f2123) sw      gp, 1058(t5)
core   0: 3 0x80010be2 (0x423f2123) mem 0x80012000 0x00000001
core   0: 0x80010be6 (0x0000bfe5) c.j     pc - 8
core   0: 3 0x80010be6 (0xbfe5)
core   0: 0x80010bde (0x00001f17) auipc   t5, 0x1
core   0: 3 0x80010bde (0x00001f17) x30 0x80011bde
core   0: 0x80010be2 (0x423f2123) sw      gp, 1058(t5)
core   0: 3 0x80010be2 (0x423f2123) mem 0x80012000 0x00000001
core   0: 0x80010be6 (0x0000bfe5) c.j     pc - 8
core   0: 3 0x80010be6 (0xbfe5)
core   0: 0x80010bde (0x00001f17) auipc   t5, 0x1
core   0: 3 0x80010bde (0x00001f17) x30 0x80011bde
core   0: 0x80010be2 (0x423f2123) sw      gp, 1058(t5)
core   0: 3 0x80010be2 (0x423f2123) mem 0x80012000 0x00000001
core   0: 0x80010be6 (0x0000bfe5) c.j     pc - 8
core   0: 3 0x80010be6 (0xbfe5)
core   0: 0x80010bde (0x00001f17) auipc   t5, 0x1
core   0: 3 0x80010bde (0x00001f17) x30 0x80011bde
core   0: 0x80010be2 (0x423f2123) sw      gp, 1058(t5)
core   0: 3 0x80010be2 (0x423f2123) mem 0x80012000 0x00000001
core   0: 0x80010be6 (0x0000bfe5) c.j     pc - 8
core   0: 3 0x80010be6 (0xbfe5)
core   0: 0x80010bde (0x00001f17) auipc   t5, 0x1
core   0: 3 0x80010bde (0x00001f17) x30 0x80011bde
core   0: 0x80010be2 (0x423f2123) sw      gp, 1058(t5)
core   0: 3 0x80010be2 (0x423f2123) mem 0x80012000 0x00000001
core   0: 0x80010be6 (0x0000bfe5) c.j     pc - 8
core   0: 3 0x80010be6 (0xbfe5)
core   0: 0x80010bde (0x00001f17) auipc   t5, 0x1
core   0: 3 0x80010bde (0x00001f17) x30 0x80011bde
core   0: 0x80010be2 (0x423f2123) sw      gp, 1058(t5)
core   0: 3 0x80010be2 (0x423f2123) mem 0x80012000 0x00000001
core   0: 0x80010be6 (0x0000bfe5) c.j     pc - 8
core   0: 3 0x80010be6 (0xbfe5)
core   0: 0x80010bde (0x00001f17) auipc   t5, 0x1
core   0: 3 0x80010bde (0x00001f17) x30 0x80011bde
core   0: 0x80010be2 (0x423f2123) sw      gp, 1058(t5)
core   0: 3 0x80010be2 (0x423f2123) mem 0x80012000 0x00000001
core   0: 0x80010be6 (0x0000bfe5) c.j     pc - 8
core   0: 3 0x80010be6 (0xbfe5)
core   0: 0x80010bde (0x00001f17) auipc   t5, 0x1
core   0: 3 0x80010bde (0x00001f17) x30 0x80011bde
core   0: 0x80010be2 (0x423f2123) sw      gp, 1058(t5)
core   0: 3 0x80010be2 (0x423f2123) mem 0x80012000 0x00000001
core   0: 0x80010be6 (0x0000bfe5) c.j     pc - 8
core   0: 3 0x80010be6 (0xbfe5)
core   0: 0x80010bde (0x00001f17) auipc   t5, 0x1
core   0: 3 0x80010bde (0x00001f17) x30 0x80011bde
core   0: 0x80010be2 (0x423f2123) sw      gp, 1058(t5)
core   0: 3 0x80010be2 (0x423f2123) mem 0x80012000 0x00000001
core   0: 0x80010be6 (0x0000bfe5) c.j     pc - 8
core   0: 3 0x80010be6 (0xbfe5)
core   0: 0x80010bde (0x00001f17) auipc   t5, 0x1
core   0: 3 0x80010bde (0x00001f17) x30 0x80011bde
core   0: 0x80010be2 (0x423f2123) sw      gp, 1058(t5)
core   0: 3 0x80010be2 (0x423f2123) mem 0x80012000 0x00000001
core   0: 0x80010be6 (0x0000bfe5) c.j     pc - 8
core   0: 3 0x80010be6 (0xbfe5)
core   0: 0x80010bde (0x00001f17) auipc   t5, 0x1
core   0: 3 0x80010bde (0x00001f17) x30 0x80011bde
core   0: 0x80010be2 (0x423f2123) sw      gp, 1058(t5)
core   0: 3 0x80010be2 (0x423f2123) mem 0x80012000 0x00000001
core   0: 0x80010be6 (0x0000bfe5) c.j     pc - 8
core   0: 3 0x80010be6 (0xbfe5)
core   0: 0x80010bde (0x00001f17) auipc   t5, 0x1
core   0: 3 0x80010bde (0x00001f17) x30 0x80011bde
core   0: 0x80010be2 (0x423f2123) sw      gp, 1058(t5)
core   0: 3 0x80010be2 (0x423f2123) mem 0x80012000 0x00000001
core   0: 0x80010be6 (0x0000bfe5) c.j     pc - 8
core   0: 3 0x80010be6 (0xbfe5)
core   0: 0x80010bde (0x00001f17) auipc   t5, 0x1
core   0: 3 0x80010bde (0x00001f17) x30 0x80011bde
core   0: 0x80010be2 (0x423f2123) sw      gp, 1058(t5)
core   0: 3 0x80010be2 (0x423f2123) mem 0x80012000 0x00000001
core   0: 0x80010be6 (0x0000bfe5) c.j     pc - 8
core   0: 3 0x80010be6 (0xbfe5)
core   0: 0x80010bde (0x00001f17) auipc   t5, 0x1
core   0: 3 0x80010bde (0x00001f17) x30 0x80011bde
core   0: 0x80010be2 (0x423f2123) sw      gp, 1058(t5)
core   0: 3 0x80010be2 (0x423f2123) mem 0x80012000 0x00000001
core   0: 0x80010be6 (0x0000bfe5) c.j     pc - 8
core   0: 3 0x80010be6 (0xbfe5)
core   0: 0x80010bde (0x00001f17) auipc   t5, 0x1
core   0: 3 0x80010bde (0x00001f17) x30 0x80011bde
core   0: 0x80010be2 (0x423f2123) sw      gp, 1058(t5)
core   0: 3 0x80010be2 (0x423f2123) mem 0x80012000 0x00000001
core   0: 0x80010be6 (0x0000bfe5) c.j     pc - 8
core   0: 3 0x80010be6 (0xbfe5)
core   0: 0x80010bde (0x00001f17) auipc   t5, 0x1
core   0: 3 0x80010bde (0x00001f17) x30 0x80011bde
core   0: 0x80010be2 (0x423f2123) sw      gp, 1058(t5)
core   0: 3 0x80010be2 (0x423f2123) mem 0x80012000 0x00000001
core   0: 0x80010be6 (0x0000bfe5) c.j     pc - 8
core   0: 3 0x80010be6 (0xbfe5)
core   0: 0x80010bde (0x00001f17) auipc   t5, 0x1
core   0: 3 0x80010bde (0x00001f17) x30 0x80011bde
core   0: 0x80010be2 (0x423f2123) sw      gp, 1058(t5)
core   0: 3 0x80010be2 (0x423f2123) mem 0x80012000 0x00000001
core   0: 0x80010be6 (0x0000bfe5) c.j     pc - 8
core   0: 3 0x80010be6 (0xbfe5)
core   0: 0x80010bde (0x00001f17) auipc   t5, 0x1
core   0: 3 0x80010bde (0x00001f17) x30 0x80011bde
core   0: 0x80010be2 (0x423f2123) sw      gp, 1058(t5)
core   0: 3 0x80010be2 (0x423f2123) mem 0x80012000 0x00000001
core   0: 0x80010be6 (0x0000bfe5) c.j     pc - 8
core   0: 3 0x80010be6 (0xbfe5)
core   0: 0x80010bde (0x00001f17) auipc   t5, 0x1
core   0: 3 0x80010bde (0x00001f17) x30 0x80011bde
core   0: 0x80010be2 (0x423f2123) sw      gp, 1058(t5)
core   0: 3 0x80010be2 (0x423f2123) mem 0x80012000 0x00000001
core   0: 0x80010be6 (0x0000bfe5) c.j     pc - 8
core   0: 3 0x80010be6 (0xbfe5)
core   0: 0x80010bde (0x00001f17) auipc   t5, 0x1
core   0: 3 0x80010bde (0x00001f17) x30 0x80011bde
core   0: 0x80010be2 (0x423f2123) sw      gp, 1058(t5)
core   0: 3 0x80010be2 (0x423f2123) mem 0x80012000 0x00000001
core   0: 0x80010be6 (0x0000bfe5) c.j     pc - 8
core   0: 3 0x80010be6 (0xbfe5)
core   0: 0x80010bde (0x00001f17) auipc   t5, 0x1
core   0: 3 0x80010bde (0x00001f17) x30 0x80011bde
core   0: 0x80010be2 (0x423f2123) sw      gp, 1058(t5)
core   0: 3 0x80010be2 (0x423f2123) mem 0x80012000 0x00000001
core   0: 0x80010be6 (0x0000bfe5) c.j     pc - 8
core   0: 3 0x80010be6 (0xbfe5)
core   0: 0x80010bde (0x00001f17) auipc   t5, 0x1
core   0: 3 0x80010bde (0x00001f17) x30 0x80011bde
core   0: 0x80010be2 (0x423f2123) sw      gp, 1058(t5)
core   0: 3 0x80010be2 (0x423f2123) mem 0x80012000 0x00000001
core   0: 0x80010be6 (0x0000bfe5) c.j     pc - 8
core   0: 3 0x80010be6 (0xbfe5)
core   0: 0x80010bde (0x00001f17) auipc   t5, 0x1
core   0: 3 0x80010bde (0x00001f17) x30 0x80011bde
core   0: 0x80010be2 (0x423f2123) sw      gp, 1058(t5)
core   0: 3 0x80010be2 (0x423f2123) mem 0x80012000 0x00000001
core   0: 0x80010be6 (0x0000bfe5) c.j     pc - 8
core   0: 3 0x80010be6 (0xbfe5)
core   0: 0x80010bde (0x00001f17) auipc   t5, 0x1
core   0: 3 0x80010bde (0x00001f17) x30 0x80011bde
core   0: 0x80010be2 (0x423f2123) sw      gp, 1058(t5)
core   0: 3 0x80010be2 (0x423f2123) mem 0x80012000 0x00000001
core   0: 0x80010be6 (0x0000bfe5) c.j     pc - 8
core   0: 3 0x80010be6 (0xbfe5)
core   0: 0x80010bde (0x00001f17) auipc   t5, 0x1
core   0: 3 0x80010bde (0x00001f17) x30 0x80011bde
core   0: 0x80010be2 (0x423f2123) sw      gp, 1058(t5)
core   0: 3 0x80010be2 (0x423f2123) mem 0x80012000 0x00000001
core   0: 0x80010be6 (0x0000bfe5) c.j     pc - 8
core   0: 3 0x80010be6 (0xbfe5)
core   0: 0x80010bde (0x00001f17) auipc   t5, 0x1
core   0: 3 0x80010bde (0x00001f17) x30 0x80011bde
core   0: 0x80010be2 (0x423f2123) sw      gp, 1058(t5)
core   0: 3 0x80010be2 (0x423f2123) mem 0x80012000 0x00000001
core   0: 0x80010be6 (0x0000bfe5) c.j     pc - 8
core   0: 3 0x80010be6 (0xbfe5)
core   0: 0x80010bde (0x00001f17) auipc   t5, 0x1
core   0: 3 0x80010bde (0x00001f17) x30 0x80011bde
core   0: 0x80010be2 (0x423f2123) sw      gp, 1058(t5)
core   0: 3 0x80010be2 (0x423f2123) mem 0x80012000 0x00000001
core   0: 0x80010be6 (0x0000bfe5) c.j     pc - 8
core   0: 3 0x80010be6 (0xbfe5)
core   0: 0x80010bde (0x00001f17) auipc   t5, 0x1
core   0: 3 0x80010bde (0x00001f17) x30 0x80011bde
core   0: 0x80010be2 (0x423f2123) sw      gp, 1058(t5)
core   0: 3 0x80010be2 (0x423f2123) mem 0x80012000 0x00000001
core   0: 0x80010be6 (0x0000bfe5) c.j     pc - 8
core   0: 3 0x80010be6 (0xbfe5)
core   0: 0x80010bde (0x00001f17) auipc   t5, 0x1
core   0: 3 0x80010bde (0x00001f17) x30 0x80011bde
core   0: 0x80010be2 (0x423f2123) sw      gp, 1058(t5)
core   0: 3 0x80010be2 (0x423f2123) mem 0x80012000 0x00000001
core   0: 0x80010be6 (0x0000bfe5) c.j     pc - 8
core   0: 3 0x80010be6 (0xbfe5)
core   0: 0x80010bde (0x00001f17) auipc   t5, 0x1
core   0: 3 0x80010bde (0x00001f17) x30 0x80011bde
core   0: 0x80010be2 (0x423f2123) sw      gp, 1058(t5)
core   0: 3 0x80010be2 (0x423f2123) mem 0x80012000 0x00000001
core   0: 0x80010be6 (0x0000bfe5) c.j     pc - 8
core   0: 3 0x80010be6 (0xbfe5)
core   0: 0x80010bde (0x00001f17) auipc   t5, 0x1
core   0: 3 0x80010bde (0x00001f17) x30 0x80011bde
core   0: 0x80010be2 (0x423f2123) sw      gp, 1058(t5)
core   0: 3 0x80010be2 (0x423f2123) mem 0x80012000 0x00000001
core   0: 0x80010be6 (0x0000bfe5) c.j     pc - 8
core   0: 3 0x80010be6 (0xbfe5)
core   0: 0x80010bde (0x00001f17) auipc   t5, 0x1
core   0: 3 0x80010bde (0x00001f17) x30 0x80011bde
core   0: 0x80010be2 (0x423f2123) sw      gp, 1058(t5)
core   0: 3 0x80010be2 (0x423f2123) mem 0x80012000 0x00000001
core   0: 0x80010be6 (0x0000bfe5) c.j     pc - 8
core   0: 3 0x80010be6 (0xbfe5)
core   0: 0x80010bde (0x00001f17) auipc   t5, 0x1
core   0: 3 0x80010bde (0x00001f17) x30 0x80011bde
core   0: 0x80010be2 (0x423f2123) sw      gp, 1058(t5)
core   0: 3 0x80010be2 (0x423f2123) mem 0x80012000 0x00000001
core   0: 0x80010be6 (0x0000bfe5) c.j     pc - 8
core   0: 3 0x80010be6 (0xbfe5)
core   0: 0x80010bde (0x00001f17) auipc   t5, 0x1
core   0: 3 0x80010bde (0x00001f17) x30 0x80011bde
core   0: 0x80010be2 (0x423f2123) sw      gp, 1058(t5)
core   0: 3 0x80010be2 (0x423f2123) mem 0x80012000 0x00000001
core   0: 0x80010be6 (0x0000bfe5) c.j     pc - 8
core   0: 3 0x80010be6 (0xbfe5)
core   0: 0x80010bde (0x00001f17) auipc   t5, 0x1
core   0: 3 0x80010bde (0x00001f17) x30 0x80011bde
core   0: 0x80010be2 (0x423f2123) sw      gp, 1058(t5)
core   0: 3 0x80010be2 (0x423f2123) mem 0x80012000 0x00000001
core   0: 0x80010be6 (0x0000bfe5) c.j     pc - 8
core   0: 3 0x80010be6 (0xbfe5)
core   0: 0x80010bde (0x00001f17) auipc   t5, 0x1
core   0: 3 0x80010bde (0x00001f17) x30 0x80011bde
core   0: 0x80010be2 (0x423f2123) sw      gp, 1058(t5)
core   0: 3 0x80010be2 (0x423f2123) mem 0x80012000 0x00000001
core   0: 0x80010be6 (0x0000bfe5) c.j     pc - 8
core   0: 3 0x80010be6 (0xbfe5)
core   0: 0x80010bde (0x00001f17) auipc   t5, 0x1
core   0: 3 0x80010bde (0x00001f17) x30 0x80011bde
core   0: 0x80010be2 (0x423f2123) sw      gp, 1058(t5)
core   0: 3 0x80010be2 (0x423f2123) mem 0x80012000 0x00000001
core   0: 0x80010be6 (0x0000bfe5) c.j     pc - 8
core   0: 3 0x80010be6 (0xbfe5)
core   0: 0x80010bde (0x00001f17) auipc   t5, 0x1
core   0: 3 0x80010bde (0x00001f17) x30 0x80011bde
core   0: 0x80010be2 (0x423f2123) sw      gp, 1058(t5)
core   0: 3 0x80010be2 (0x423f2123) mem 0x80012000 0x00000001
core   0: 0x80010be6 (0x0000bfe5) c.j     pc - 8
core   0: 3 0x80010be6 (0xbfe5)
core   0: 0x80010bde (0x00001f17) auipc   t5, 0x1
core   0: 3 0x80010bde (0x00001f17) x30 0x80011bde
core   0: 0x80010be2 (0x423f2123) sw      gp, 1058(t5)
core   0: 3 0x80010be2 (0x423f2123) mem 0x80012000 0x00000001
core   0: 0x80010be6 (0x0000bfe5) c.j     pc - 8
core   0: 3 0x80010be6 (0xbfe5)
core   0: 0x80010bde (0x00001f17) auipc   t5, 0x1
core   0: 3 0x80010bde (0x00001f17) x30 0x80011bde
core   0: 0x80010be2 (0x423f2123) sw      gp, 1058(t5)
core   0: 3 0x80010be2 (0x423f2123) mem 0x80012000 0x00000001
core   0: 0x80010be6 (0x0000bfe5) c.j     pc - 8
core   0: 3 0x80010be6 (0xbfe5)
core   0: 0x80010bde (0x00001f17) auipc   t5, 0x1
core   0: 3 0x80010bde (0x00001f17) x30 0x80011bde
core   0: 0x80010be2 (0x423f2123) sw      gp, 1058(t5)
core   0: 3 0x80010be2 (0x423f2123) mem 0x80012000 0x00000001
core   0: 0x80010be6 (0x0000bfe5) c.j     pc - 8
core   0: 3 0x80010be6 (0xbfe5)
core   0: 0x80010bde (0x00001f17) auipc   t5, 0x1
core   0: 3 0x80010bde (0x00001f17) x30 0x80011bde
core   0: 0x80010be2 (0x423f2123) sw      gp, 1058(t5)
core   0: 3 0x80010be2 (0x423f2123) mem 0x80012000 0x00000001
core   0: 0x80010be6 (0x0000bfe5) c.j     pc - 8
core   0: 3 0x80010be6 (0xbfe5)
core   0: 0x80010bde (0x00001f17) auipc   t5, 0x1
core   0: 3 0x80010bde (0x00001f17) x30 0x80011bde
core   0: 0x80010be2 (0x423f2123) sw      gp, 1058(t5)
core   0: 3 0x80010be2 (0x423f2123) mem 0x80012000 0x00000001
core   0: 0x80010be6 (0x0000bfe5) c.j     pc - 8
core   0: 3 0x80010be6 (0xbfe5)
core   0: 0x80010bde (0x00001f17) auipc   t5, 0x1
core   0: 3 0x80010bde (0x00001f17) x30 0x80011bde
core   0: 0x80010be2 (0x423f2123) sw      gp, 1058(t5)
core   0: 3 0x80010be2 (0x423f2123) mem 0x80012000 0x00000001
core   0: 0x80010be6 (0x0000bfe5) c.j     pc - 8
core   0: 3 0x80010be6 (0xbfe5)
core   0: 0x80010bde (0x00001f17) auipc   t5, 0x1
core   0: 3 0x80010bde (0x00001f17) x30 0x80011bde
core   0: 0x80010be2 (0x423f2123) sw      gp, 1058(t5)
core   0: 3 0x80010be2 (0x423f2123) mem 0x80012000 0x00000001
core   0: 0x80010be6 (0x0000bfe5) c.j     pc - 8
core   0: 3 0x80010be6 (0xbfe5)
core   0: 0x80010bde (0x00001f17) auipc   t5, 0x1
core   0: 3 0x80010bde (0x00001f17) x30 0x80011bde
core   0: 0x80010be2 (0x423f2123) sw      gp, 1058(t5)
core   0: 3 0x80010be2 (0x423f2123) mem 0x80012000 0x00000001
core   0: 0x80010be6 (0x0000bfe5) c.j     pc - 8
core   0: 3 0x80010be6 (0xbfe5)
core   0: 0x80010bde (0x00001f17) auipc   t5, 0x1
core   0: 3 0x80010bde (0x00001f17) x30 0x80011bde
core   0: 0x80010be2 (0x423f2123) sw      gp, 1058(t5)
core   0: 3 0x80010be2 (0x423f2123) mem 0x80012000 0x00000001
core   0: 0x80010be6 (0x0000bfe5) c.j     pc - 8
core   0: 3 0x80010be6 (0xbfe5)
core   0: 0x80010bde (0x00001f17) auipc   t5, 0x1
core   0: 3 0x80010bde (0x00001f17) x30 0x80011bde
core   0: 0x80010be2 (0x423f2123) sw      gp, 1058(t5)
core   0: 3 0x80010be2 (0x423f2123) mem 0x80012000 0x00000001
core   0: 0x80010be6 (0x0000bfe5) c.j     pc - 8
core   0: 3 0x80010be6 (0xbfe5)
core   0: 0x80010bde (0x00001f17) auipc   t5, 0x1
core   0: 3 0x80010bde (0x00001f17) x30 0x80011bde
core   0: 0x80010be2 (0x423f2123) sw      gp, 1058(t5)
core   0: 3 0x80010be2 (0x423f2123) mem 0x80012000 0x00000001
core   0: 0x80010be6 (0x0000bfe5) c.j     pc - 8
core   0: 3 0x80010be6 (0xbfe5)
core   0: 0x80010bde (0x00001f17) auipc   t5, 0x1
core   0: 3 0x80010bde (0x00001f17) x30 0x80011bde
core   0: 0x80010be2 (0x423f2123) sw      gp, 1058(t5)
core   0: 3 0x80010be2 (0x423f2123) mem 0x80012000 0x00000001
core   0: 0x80010be6 (0x0000bfe5) c.j     pc - 8
core   0: 3 0x80010be6 (0xbfe5)
core   0: 0x80010bde (0x00001f17) auipc   t5, 0x1
core   0: 3 0x80010bde (0x00001f17) x30 0x80011bde
core   0: 0x80010be2 (0x423f2123) sw      gp, 1058(t5)
core   0: 3 0x80010be2 (0x423f2123) mem 0x80012000 0x00000001
core   0: 0x80010be6 (0x0000bfe5) c.j     pc - 8
core   0: 3 0x80010be6 (0xbfe5)
core   0: 0x80010bde (0x00001f17) auipc   t5, 0x1
core   0: 3 0x80010bde (0x00001f17) x30 0x80011bde
core   0: 0x80010be2 (0x423f2123) sw      gp, 1058(t5)
core   0: 3 0x80010be2 (0x423f2123) mem 0x80012000 0x00000001
core   0: 0x80010be6 (0x0000bfe5) c.j     pc - 8
core   0: 3 0x80010be6 (0xbfe5)
core   0: 0x80010bde (0x00001f17) auipc   t5, 0x1
core   0: 3 0x80010bde (0x00001f17) x30 0x80011bde
core   0: 0x80010be2 (0x423f2123) sw      gp, 1058(t5)
core   0: 3 0x80010be2 (0x423f2123) mem 0x80012000 0x00000001
core   0: 0x80010be6 (0x0000bfe5) c.j     pc - 8
core   0: 3 0x80010be6 (0xbfe5)
core   0: 0x80010bde (0x00001f17) auipc   t5, 0x1
core   0: 3 0x80010bde (0x00001f17) x30 0x80011bde
core   0: 0x80010be2 (0x423f2123) sw      gp, 1058(t5)
core   0: 3 0x80010be2 (0x423f2123) mem 0x80012000 0x00000001
core   0: 0x80010be6 (0x0000bfe5) c.j     pc - 8
core   0: 3 0x80010be6 (0xbfe5)
core   0: 0x80010bde (0x00001f17) auipc   t5, 0x1
core   0: 3 0x80010bde (0x00001f17) x30 0x80011bde
core   0: 0x80010be2 (0x423f2123) sw      gp, 1058(t5)
core   0: 3 0x80010be2 (0x423f2123) mem 0x80012000 0x00000001
core   0: 0x80010be6 (0x0000bfe5) c.j     pc - 8
core   0: 3 0x80010be6 (0xbfe5)
core   0: 0x80010bde (0x00001f17) auipc   t5, 0x1
core   0: 3 0x80010bde (0x00001f17) x30 0x80011bde
core   0: 0x80010be2 (0x423f2123) sw      gp, 1058(t5)
core   0: 3 0x80010be2 (0x423f2123) mem 0x80012000 0x00000001
core   0: 0x80010be6 (0x0000bfe5) c.j     pc - 8
core   0: 3 0x80010be6 (0xbfe5)
core   0: 0x80010bde (0x00001f17) auipc   t5, 0x1
core   0: 3 0x80010bde (0x00001f17) x30 0x80011bde
core   0: 0x80010be2 (0x423f2123) sw      gp, 1058(t5)
core   0: 3 0x80010be2 (0x423f2123) mem 0x80012000 0x00000001
core   0: 0x80010be6 (0x0000bfe5) c.j     pc - 8
core   0: 3 0x80010be6 (0xbfe5)
core   0: 0x80010bde (0x00001f17) auipc   t5, 0x1
core   0: 3 0x80010bde (0x00001f17) x30 0x80011bde
core   0: 0x80010be2 (0x423f2123) sw      gp, 1058(t5)
core   0: 3 0x80010be2 (0x423f2123) mem 0x80012000 0x00000001
core   0: 0x80010be6 (0x0000bfe5) c.j     pc - 8
core   0: 3 0x80010be6 (0xbfe5)
core   0: 0x80010bde (0x00001f17) auipc   t5, 0x1
core   0: 3 0x80010bde (0x00001f17) x30 0x80011bde
core   0: 0x80010be2 (0x423f2123) sw      gp, 1058(t5)
core   0: 3 0x80010be2 (0x423f2123) mem 0x80012000 0x00000001
core   0: 0x80010be6 (0x0000bfe5) c.j     pc - 8
core   0: 3 0x80010be6 (0xbfe5)
core   0: 0x80010bde (0x00001f17) auipc   t5, 0x1
core   0: 3 0x80010bde (0x00001f17) x30 0x80011bde
core   0: 0x80010be2 (0x423f2123) sw      gp, 1058(t5)
core   0: 3 0x80010be2 (0x423f2123) mem 0x80012000 0x00000001
core   0: 0x80010be6 (0x0000bfe5) c.j     pc - 8
core   0: 3 0x80010be6 (0xbfe5)
core   0: 0x80010bde (0x00001f17) auipc   t5, 0x1
core   0: 3 0x80010bde (0x00001f17) x30 0x80011bde
core   0: 0x80010be2 (0x423f2123) sw      gp, 1058(t5)
core   0: 3 0x80010be2 (0x423f2123) mem 0x80012000 0x00000001
core   0: 0x80010be6 (0x0000bfe5) c.j     pc - 8
core   0: 3 0x80010be6 (0xbfe5)
core   0: 0x80010bde (0x00001f17) auipc   t5, 0x1
core   0: 3 0x80010bde (0x00001f17) x30 0x80011bde
core   0: 0x80010be2 (0x423f2123) sw      gp, 1058(t5)
core   0: 3 0x80010be2 (0x423f2123) mem 0x80012000 0x00000001
core   0: 0x80010be6 (0x0000bfe5) c.j     pc - 8
core   0: 3 0x80010be6 (0xbfe5)
core   0: 0x80010bde (0x00001f17) auipc   t5, 0x1
core   0: 3 0x80010bde (0x00001f17) x30 0x80011bde
core   0: 0x80010be2 (0x423f2123) sw      gp, 1058(t5)
core   0: 3 0x80010be2 (0x423f2123) mem 0x80012000 0x00000001
core   0: 0x80010be6 (0x0000bfe5) c.j     pc - 8
core   0: 3 0x80010be6 (0xbfe5)
core   0: 0x80010bde (0x00001f17) auipc   t5, 0x1
core   0: 3 0x80010bde (0x00001f17) x30 0x80011bde
core   0: 0x80010be2 (0x423f2123) sw      gp, 1058(t5)
core   0: 3 0x80010be2 (0x423f2123) mem 0x80012000 0x00000001
core   0: 0x80010be6 (0x0000bfe5) c.j     pc - 8
core   0: 3 0x80010be6 (0xbfe5)
core   0: 0x80010bde (0x00001f17) auipc   t5, 0x1
core   0: 3 0x80010bde (0x00001f17) x30 0x80011bde
core   0: 0x80010be2 (0x423f2123) sw      gp, 1058(t5)
core   0: 3 0x80010be2 (0x423f2123) mem 0x80012000 0x00000001
core   0: 0x80010be6 (0x0000bfe5) c.j     pc - 8
core   0: 3 0x80010be6 (0xbfe5)
core   0: 0x80010bde (0x00001f17) auipc   t5, 0x1
core   0: 3 0x80010bde (0x00001f17) x30 0x80011bde
core   0: 0x80010be2 (0x423f2123) sw      gp, 1058(t5)
core   0: 3 0x80010be2 (0x423f2123) mem 0x80012000 0x00000001
core   0: 0x80010be6 (0x0000bfe5) c.j     pc - 8
core   0: 3 0x80010be6 (0xbfe5)
core   0: 0x80010bde (0x00001f17) auipc   t5, 0x1
core   0: 3 0x80010bde (0x00001f17) x30 0x80011bde
core   0: 0x80010be2 (0x423f2123) sw      gp, 1058(t5)
core   0: 3 0x80010be2 (0x423f2123) mem 0x80012000 0x00000001
core   0: 0x80010be6 (0x0000bfe5) c.j     pc - 8
core   0: 3 0x80010be6 (0xbfe5)
core   0: 0x80010bde (0x00001f17) auipc   t5, 0x1
core   0: 3 0x80010bde (0x00001f17) x30 0x80011bde
core   0: 0x80010be2 (0x423f2123) sw      gp, 1058(t5)
core   0: 3 0x80010be2 (0x423f2123) mem 0x80012000 0x00000001
core   0: 0x80010be6 (0x0000bfe5) c.j     pc - 8
core   0: 3 0x80010be6 (0xbfe5)
core   0: 0x80010bde (0x00001f17) auipc   t5, 0x1
core   0: 3 0x80010bde (0x00001f17) x30 0x80011bde
core   0: 0x80010be2 (0x423f2123) sw      gp, 1058(t5)
core   0: 3 0x80010be2 (0x423f2123) mem 0x80012000 0x00000001
core   0: 0x80010be6 (0x0000bfe5) c.j     pc - 8
core   0: 3 0x80010be6 (0xbfe5)
core   0: 0x80010bde (0x00001f17) auipc   t5, 0x1
core   0: 3 0x80010bde (0x00001f17) x30 0x80011bde
core   0: 0x80010be2 (0x423f2123) sw      gp, 1058(t5)
core   0: 3 0x80010be2 (0x423f2123) mem 0x80012000 0x00000001
core   0: 0x80010be6 (0x0000bfe5) c.j     pc - 8
core   0: 3 0x80010be6 (0xbfe5)
core   0: 0x80010bde (0x00001f17) auipc   t5, 0x1
core   0: 3 0x80010bde (0x00001f17) x30 0x80011bde
core   0: 0x80010be2 (0x423f2123) sw      gp, 1058(t5)
core   0: 3 0x80010be2 (0x423f2123) mem 0x80012000 0x00000001
core   0: 0x80010be6 (0x0000bfe5) c.j     pc - 8
core   0: 3 0x80010be6 (0xbfe5)
core   0: 0x80010bde (0x00001f17) auipc   t5, 0x1
core   0: 3 0x80010bde (0x00001f17) x30 0x80011bde
core   0: 0x80010be2 (0x423f2123) sw      gp, 1058(t5)
core   0: 3 0x80010be2 (0x423f2123) mem 0x80012000 0x00000001
core   0: 0x80010be6 (0x0000bfe5) c.j     pc - 8
core   0: 3 0x80010be6 (0xbfe5)
core   0: 0x80010bde (0x00001f17) auipc   t5, 0x1
core   0: 3 0x80010bde (0x00001f17) x30 0x80011bde
core   0: 0x80010be2 (0x423f2123) sw      gp, 1058(t5)
core   0: 3 0x80010be2 (0x423f2123) mem 0x80012000 0x00000001
core   0: 0x80010be6 (0x0000bfe5) c.j     pc - 8
core   0: 3 0x80010be6 (0xbfe5)
core   0: 0x80010bde (0x00001f17) auipc   t5, 0x1
core   0: 3 0x80010bde (0x00001f17) x30 0x80011bde
core   0: 0x80010be2 (0x423f2123) sw      gp, 1058(t5)
core   0: 3 0x80010be2 (0x423f2123) mem 0x80012000 0x00000001
core   0: 0x80010be6 (0x0000bfe5) c.j     pc - 8
core   0: 3 0x80010be6 (0xbfe5)
core   0: 0x80010bde (0x00001f17) auipc   t5, 0x1
core   0: 3 0x80010bde (0x00001f17) x30 0x80011bde
core   0: 0x80010be2 (0x423f2123) sw      gp, 1058(t5)
core   0: 3 0x80010be2 (0x423f2123) mem 0x80012000 0x00000001
core   0: 0x80010be6 (0x0000bfe5) c.j     pc - 8
core   0: 3 0x80010be6 (0xbfe5)
core   0: 0x80010bde (0x00001f17) auipc   t5, 0x1
core   0: 3 0x80010bde (0x00001f17) x30 0x80011bde
core   0: 0x80010be2 (0x423f2123) sw      gp, 1058(t5)
core   0: 3 0x80010be2 (0x423f2123) mem 0x80012000 0x00000001
core   0: 0x80010be6 (0x0000bfe5) c.j     pc - 8
core   0: 3 0x80010be6 (0xbfe5)
core   0: 0x80010bde (0x00001f17) auipc   t5, 0x1
core   0: 3 0x80010bde (0x00001f17) x30 0x80011bde
core   0: 0x80010be2 (0x423f2123) sw      gp, 1058(t5)
core   0: 3 0x80010be2 (0x423f2123) mem 0x80012000 0x00000001
core   0: 0x80010be6 (0x0000bfe5) c.j     pc - 8
core   0: 3 0x80010be6 (0xbfe5)
core   0: 0x80010bde (0x00001f17) auipc   t5, 0x1
core   0: 3 0x80010bde (0x00001f17) x30 0x80011bde
core   0: 0x80010be2 (0x423f2123) sw      gp, 1058(t5)
core   0: 3 0x80010be2 (0x423f2123) mem 0x80012000 0x00000001
core   0: 0x80010be6 (0x0000bfe5) c.j     pc - 8
core   0: 3 0x80010be6 (0xbfe5)
core   0: 0x80010bde (0x00001f17) auipc   t5, 0x1
core   0: 3 0x80010bde (0x00001f17) x30 0x80011bde
core   0: 0x80010be2 (0x423f2123) sw      gp, 1058(t5)
core   0: 3 0x80010be2 (0x423f2123) mem 0x80012000 0x00000001
core   0: 0x80010be6 (0x0000bfe5) c.j     pc - 8
core   0: 3 0x80010be6 (0xbfe5)
core   0: 0x80010bde (0x00001f17) auipc   t5, 0x1
core   0: 3 0x80010bde (0x00001f17) x30 0x80011bde
core   0: 0x80010be2 (0x423f2123) sw      gp, 1058(t5)
core   0: 3 0x80010be2 (0x423f2123) mem 0x80012000 0x00000001
core   0: 0x80010be6 (0x0000bfe5) c.j     pc - 8
core   0: 3 0x80010be6 (0xbfe5)
core   0: 0x80010bde (0x00001f17) auipc   t5, 0x1
core   0: 3 0x80010bde (0x00001f17) x30 0x80011bde
core   0: 0x80010be2 (0x423f2123) sw      gp, 1058(t5)
core   0: 3 0x80010be2 (0x423f2123) mem 0x80012000 0x00000001
core   0: 0x80010be6 (0x0000bfe5) c.j     pc - 8
core   0: 3 0x80010be6 (0xbfe5)
core   0: 0x80010bde (0x00001f17) auipc   t5, 0x1
core   0: 3 0x80010bde (0x00001f17) x30 0x80011bde
core   0: 0x80010be2 (0x423f2123) sw      gp, 1058(t5)
core   0: 3 0x80010be2 (0x423f2123) mem 0x80012000 0x00000001
core   0: 0x80010be6 (0x0000bfe5) c.j     pc - 8
core   0: 3 0x80010be6 (0xbfe5)
core   0: 0x80010bde (0x00001f17) auipc   t5, 0x1
core   0: 3 0x80010bde (0x00001f17) x30 0x80011bde
core   0: 0x80010be2 (0x423f2123) sw      gp, 1058(t5)
core   0: 3 0x80010be2 (0x423f2123) mem 0x80012000 0x00000001
core   0: 0x80010be6 (0x0000bfe5) c.j     pc - 8
core   0: 3 0x80010be6 (0xbfe5)
core   0: 0x80010bde (0x00001f17) auipc   t5, 0x1
core   0: 3 0x80010bde (0x00001f17) x30 0x80011bde
core   0: 0x80010be2 (0x423f2123) sw      gp, 1058(t5)
core   0: 3 0x80010be2 (0x423f2123) mem 0x80012000 0x00000001
core   0: 0x80010be6 (0x0000bfe5) c.j     pc - 8
core   0: 3 0x80010be6 (0xbfe5)
core   0: 0x80010bde (0x00001f17) auipc   t5, 0x1
core   0: 3 0x80010bde (0x00001f17) x30 0x80011bde
core   0: 0x80010be2 (0x423f2123) sw      gp, 1058(t5)
core   0: 3 0x80010be2 (0x423f2123) mem 0x80012000 0x00000001
core   0: 0x80010be6 (0x0000bfe5) c.j     pc - 8
core   0: 3 0x80010be6 (0xbfe5)
core   0: 0x80010bde (0x00001f17) auipc   t5, 0x1
core   0: 3 0x80010bde (0x00001f17) x30 0x80011bde
core   0: 0x80010be2 (0x423f2123) sw      gp, 1058(t5)
core   0: 3 0x80010be2 (0x423f2123) mem 0x80012000 0x00000001
core   0: 0x80010be6 (0x0000bfe5) c.j     pc - 8
core   0: 3 0x80010be6 (0xbfe5)
core   0: 0x80010bde (0x00001f17) auipc   t5, 0x1
core   0: 3 0x80010bde (0x00001f17) x30 0x80011bde
core   0: 0x80010be2 (0x423f2123) sw      gp, 1058(t5)
core   0: 3 0x80010be2 (0x423f2123) mem 0x80012000 0x00000001
core   0: 0x80010be6 (0x0000bfe5) c.j     pc - 8
core   0: 3 0x80010be6 (0xbfe5)
core   0: 0x80010bde (0x00001f17) auipc   t5, 0x1
core   0: 3 0x80010bde (0x00001f17) x30 0x80011bde
core   0: 0x80010be2 (0x423f2123) sw      gp, 1058(t5)
core   0: 3 0x80010be2 (0x423f2123) mem 0x80012000 0x00000001
core   0: 0x80010be6 (0x0000bfe5) c.j     pc - 8
core   0: 3 0x80010be6 (0xbfe5)
core   0: 0x80010bde (0x00001f17) auipc   t5, 0x1
core   0: 3 0x80010bde (0x00001f17) x30 0x80011bde
core   0: 0x80010be2 (0x423f2123) sw      gp, 1058(t5)
core   0: 3 0x80010be2 (0x423f2123) mem 0x80012000 0x00000001
core   0: 0x80010be6 (0x0000bfe5) c.j     pc - 8
core   0: 3 0x80010be6 (0xbfe5)
core   0: 0x80010bde (0x00001f17) auipc   t5, 0x1
core   0: 3 0x80010bde (0x00001f17) x30 0x80011bde
core   0: 0x80010be2 (0x423f2123) sw      gp, 1058(t5)
core   0: 3 0x80010be2 (0x423f2123) mem 0x80012000 0x00000001
core   0: 0x80010be6 (0x0000bfe5) c.j     pc - 8
core   0: 3 0x80010be6 (0xbfe5)
core   0: 0x80010bde (0x00001f17) auipc   t5, 0x1
core   0: 3 0x80010bde (0x00001f17) x30 0x80011bde
core   0: 0x80010be2 (0x423f2123) sw      gp, 1058(t5)
core   0: 3 0x80010be2 (0x423f2123) mem 0x80012000 0x00000001
core   0: 0x80010be6 (0x0000bfe5) c.j     pc - 8
core   0: 3 0x80010be6 (0xbfe5)
core   0: 0x80010bde (0x00001f17) auipc   t5, 0x1
core   0: 3 0x80010bde (0x00001f17) x30 0x80011bde
core   0: 0x80010be2 (0x423f2123) sw      gp, 1058(t5)
core   0: 3 0x80010be2 (0x423f2123) mem 0x80012000 0x00000001
core   0: 0x80010be6 (0x0000bfe5) c.j     pc - 8
core   0: 3 0x80010be6 (0xbfe5)
core   0: 0x80010bde (0x00001f17) auipc   t5, 0x1
core   0: 3 0x80010bde (0x00001f17) x30 0x80011bde
core   0: 0x80010be2 (0x423f2123) sw      gp, 1058(t5)
core   0: 3 0x80010be2 (0x423f2123) mem 0x80012000 0x00000001
core   0: 0x80010be6 (0x0000bfe5) c.j     pc - 8
core   0: 3 0x80010be6 (0xbfe5)
core   0: 0x80010bde (0x00001f17) auipc   t5, 0x1
core   0: 3 0x80010bde (0x00001f17) x30 0x80011bde
core   0: 0x80010be2 (0x423f2123) sw      gp, 1058(t5)
core   0: 3 0x80010be2 (0x423f2123) mem 0x80012000 0x00000001
core   0: 0x80010be6 (0x0000bfe5) c.j     pc - 8
core   0: 3 0x80010be6 (0xbfe5)
core   0: 0x80010bde (0x00001f17) auipc   t5, 0x1
core   0: 3 0x80010bde (0x00001f17) x30 0x80011bde
core   0: 0x80010be2 (0x423f2123) sw      gp, 1058(t5)
core   0: 3 0x80010be2 (0x423f2123) mem 0x80012000 0x00000001
core   0: 0x80010be6 (0x0000bfe5) c.j     pc - 8
core   0: 3 0x80010be6 (0xbfe5)
core   0: 0x80010bde (0x00001f17) auipc   t5, 0x1
core   0: 3 0x80010bde (0x00001f17) x30 0x80011bde
core   0: 0x80010be2 (0x423f2123) sw      gp, 1058(t5)
core   0: 3 0x80010be2 (0x423f2123) mem 0x80012000 0x00000001
core   0: 0x80010be6 (0x0000bfe5) c.j     pc - 8
core   0: 3 0x80010be6 (0xbfe5)
core   0: 0x80010bde (0x00001f17) auipc   t5, 0x1
core   0: 3 0x80010bde (0x00001f17) x30 0x80011bde
core   0: 0x80010be2 (0x423f2123) sw      gp, 1058(t5)
core   0: 3 0x80010be2 (0x423f2123) mem 0x80012000 0x00000001
core   0: 0x80010be6 (0x0000bfe5) c.j     pc - 8
core   0: 3 0x80010be6 (0xbfe5)
core   0: 0x80010bde (0x00001f17) auipc   t5, 0x1
core   0: 3 0x80010bde (0x00001f17) x30 0x80011bde
core   0: 0x80010be2 (0x423f2123) sw      gp, 1058(t5)
core   0: 3 0x80010be2 (0x423f2123) mem 0x80012000 0x00000001
core   0: 0x80010be6 (0x0000bfe5) c.j     pc - 8
core   0: 3 0x80010be6 (0xbfe5)
core   0: 0x80010bde (0x00001f17) auipc   t5, 0x1
core   0: 3 0x80010bde (0x00001f17) x30 0x80011bde
core   0: 0x80010be2 (0x423f2123) sw      gp, 1058(t5)
core   0: 3 0x80010be2 (0x423f2123) mem 0x80012000 0x00000001
core   0: 0x80010be6 (0x0000bfe5) c.j     pc - 8
core   0: 3 0x80010be6 (0xbfe5)
core   0: 0x80010bde (0x00001f17) auipc   t5, 0x1
core   0: 3 0x80010bde (0x00001f17) x30 0x80011bde
core   0: 0x80010be2 (0x423f2123) sw      gp, 1058(t5)
core   0: 3 0x80010be2 (0x423f2123) mem 0x80012000 0x00000001
core   0: 0x80010be6 (0x0000bfe5) c.j     pc - 8
core   0: 3 0x80010be6 (0xbfe5)
core   0: 0x80010bde (0x00001f17) auipc   t5, 0x1
core   0: 3 0x80010bde (0x00001f17) x30 0x80011bde
core   0: 0x80010be2 (0x423f2123) sw      gp, 1058(t5)
core   0: 3 0x80010be2 (0x423f2123) mem 0x80012000 0x00000001
core   0: 0x80010be6 (0x0000bfe5) c.j     pc - 8
core   0: 3 0x80010be6 (0xbfe5)
core   0: 0x80010bde (0x00001f17) auipc   t5, 0x1
core   0: 3 0x80010bde (0x00001f17) x30 0x80011bde
core   0: 0x80010be2 (0x423f2123) sw      gp, 1058(t5)
core   0: 3 0x80010be2 (0x423f2123) mem 0x80012000 0x00000001
core   0: 0x80010be6 (0x0000bfe5) c.j     pc - 8
core   0: 3 0x80010be6 (0xbfe5)
core   0: 0x80010bde (0x00001f17) auipc   t5, 0x1
core   0: 3 0x80010bde (0x00001f17) x30 0x80011bde
core   0: 0x80010be2 (0x423f2123) sw      gp, 1058(t5)
core   0: 3 0x80010be2 (0x423f2123) mem 0x80012000 0x00000001
core   0: 0x80010be6 (0x0000bfe5) c.j     pc - 8
core   0: 3 0x80010be6 (0xbfe5)
core   0: 0x80010bde (0x00001f17) auipc   t5, 0x1
core   0: 3 0x80010bde (0x00001f17) x30 0x80011bde
core   0: 0x80010be2 (0x423f2123) sw      gp, 1058(t5)
core   0: 3 0x80010be2 (0x423f2123) mem 0x80012000 0x00000001
core   0: 0x80010be6 (0x0000bfe5) c.j     pc - 8
core   0: 3 0x80010be6 (0xbfe5)
core   0: 0x80010bde (0x00001f17) auipc   t5, 0x1
core   0: 3 0x80010bde (0x00001f17) x30 0x80011bde
core   0: 0x80010be2 (0x423f2123) sw      gp, 1058(t5)
core   0: 3 0x80010be2 (0x423f2123) mem 0x80012000 0x00000001
core   0: 0x80010be6 (0x0000bfe5) c.j     pc - 8
core   0: 3 0x80010be6 (0xbfe5)
core   0: 0x80010bde (0x00001f17) auipc   t5, 0x1
core   0: 3 0x80010bde (0x00001f17) x30 0x80011bde
core   0: 0x80010be2 (0x423f2123) sw      gp, 1058(t5)
core   0: 3 0x80010be2 (0x423f2123) mem 0x80012000 0x00000001
core   0: 0x80010be6 (0x0000bfe5) c.j     pc - 8
core   0: 3 0x80010be6 (0xbfe5)
core   0: 0x80010bde (0x00001f17) auipc   t5, 0x1
core   0: 3 0x80010bde (0x00001f17) x30 0x80011bde
core   0: 0x80010be2 (0x423f2123) sw      gp, 1058(t5)
core   0: 3 0x80010be2 (0x423f2123) mem 0x80012000 0x00000001
core   0: 0x80010be6 (0x0000bfe5) c.j     pc - 8
core   0: 3 0x80010be6 (0xbfe5)
core   0: 0x80010bde (0x00001f17) auipc   t5, 0x1
core   0: 3 0x80010bde (0x00001f17) x30 0x80011bde
core   0: 0x80010be2 (0x423f2123) sw      gp, 1058(t5)
core   0: 3 0x80010be2 (0x423f2123) mem 0x80012000 0x00000001
core   0: 0x80010be6 (0x0000bfe5) c.j     pc - 8
core   0: 3 0x80010be6 (0xbfe5)
core   0: 0x80010bde (0x00001f17) auipc   t5, 0x1
core   0: 3 0x80010bde (0x00001f17) x30 0x80011bde
core   0: 0x80010be2 (0x423f2123) sw      gp, 1058(t5)
core   0: 3 0x80010be2 (0x423f2123) mem 0x80012000 0x00000001
core   0: 0x80010be6 (0x0000bfe5) c.j     pc - 8
core   0: 3 0x80010be6 (0xbfe5)
core   0: 0x80010bde (0x00001f17) auipc   t5, 0x1
core   0: 3 0x80010bde (0x00001f17) x30 0x80011bde
core   0: 0x80010be2 (0x423f2123) sw      gp, 1058(t5)
core   0: 3 0x80010be2 (0x423f2123) mem 0x80012000 0x00000001
core   0: 0x80010be6 (0x0000bfe5) c.j     pc - 8
core   0: 3 0x80010be6 (0xbfe5)
core   0: 0x80010bde (0x00001f17) auipc   t5, 0x1
core   0: 3 0x80010bde (0x00001f17) x30 0x80011bde
core   0: 0x80010be2 (0x423f2123) sw      gp, 1058(t5)
core   0: 3 0x80010be2 (0x423f2123) mem 0x80012000 0x00000001
core   0: 0x80010be6 (0x0000bfe5) c.j     pc - 8
core   0: 3 0x80010be6 (0xbfe5)
core   0: 0x80010bde (0x00001f17) auipc   t5, 0x1
core   0: 3 0x80010bde (0x00001f17) x30 0x80011bde
core   0: 0x80010be2 (0x423f2123) sw      gp, 1058(t5)
core   0: 3 0x80010be2 (0x423f2123) mem 0x80012000 0x00000001
core   0: 0x80010be6 (0x0000bfe5) c.j     pc - 8
core   0: 3 0x80010be6 (0xbfe5)
core   0: 0x80010bde (0x00001f17) auipc   t5, 0x1
core   0: 3 0x80010bde (0x00001f17) x30 0x80011bde
core   0: 0x80010be2 (0x423f2123) sw      gp, 1058(t5)
core   0: 3 0x80010be2 (0x423f2123) mem 0x80012000 0x00000001
core   0: 0x80010be6 (0x0000bfe5) c.j     pc - 8
core   0: 3 0x80010be6 (0xbfe5)
core   0: 0x80010bde (0x00001f17) auipc   t5, 0x1
core   0: 3 0x80010bde (0x00001f17) x30 0x80011bde
core   0: 0x80010be2 (0x423f2123) sw      gp, 1058(t5)
core   0: 3 0x80010be2 (0x423f2123) mem 0x80012000 0x00000001
core   0: 0x80010be6 (0x0000bfe5) c.j     pc - 8
core   0: 3 0x80010be6 (0xbfe5)
core   0: 0x80010bde (0x00001f17) auipc   t5, 0x1
core   0: 3 0x80010bde (0x00001f17) x30 0x80011bde
core   0: 0x80010be2 (0x423f2123) sw      gp, 1058(t5)
core   0: 3 0x80010be2 (0x423f2123) mem 0x80012000 0x00000001
core   0: 0x80010be6 (0x0000bfe5) c.j     pc - 8
core   0: 3 0x80010be6 (0xbfe5)
core   0: 0x80010bde (0x00001f17) auipc   t5, 0x1
core   0: 3 0x80010bde (0x00001f17) x30 0x80011bde
core   0: 0x80010be2 (0x423f2123) sw      gp, 1058(t5)
core   0: 3 0x80010be2 (0x423f2123) mem 0x80012000 0x00000001
core   0: 0x80010be6 (0x0000bfe5) c.j     pc - 8
core   0: 3 0x80010be6 (0xbfe5)
core   0: 0x80010bde (0x00001f17) auipc   t5, 0x1
core   0: 3 0x80010bde (0x00001f17) x30 0x80011bde
core   0: 0x80010be2 (0x423f2123) sw      gp, 1058(t5)
core   0: 3 0x80010be2 (0x423f2123) mem 0x80012000 0x00000001
core   0: 0x80010be6 (0x0000bfe5) c.j     pc - 8
core   0: 3 0x80010be6 (0xbfe5)
core   0: 0x80010bde (0x00001f17) auipc   t5, 0x1
core   0: 3 0x80010bde (0x00001f17) x30 0x80011bde
core   0: 0x80010be2 (0x423f2123) sw      gp, 1058(t5)
core   0: 3 0x80010be2 (0x423f2123) mem 0x80012000 0x00000001
core   0: 0x80010be6 (0x0000bfe5) c.j     pc - 8
core   0: 3 0x80010be6 (0xbfe5)
core   0: 0x80010bde (0x00001f17) auipc   t5, 0x1
core   0: 3 0x80010bde (0x00001f17) x30 0x80011bde
core   0: 0x80010be2 (0x423f2123) sw      gp, 1058(t5)
core   0: 3 0x80010be2 (0x423f2123) mem 0x80012000 0x00000001
core   0: 0x80010be6 (0x0000bfe5) c.j     pc - 8
core   0: 3 0x80010be6 (0xbfe5)
core   0: 0x80010bde (0x00001f17) auipc   t5, 0x1
core   0: 3 0x80010bde (0x00001f17) x30 0x80011bde
core   0: 0x80010be2 (0x423f2123) sw      gp, 1058(t5)
core   0: 3 0x80010be2 (0x423f2123) mem 0x80012000 0x00000001
core   0: 0x80010be6 (0x0000bfe5) c.j     pc - 8
core   0: 3 0x80010be6 (0xbfe5)
core   0: 0x80010bde (0x00001f17) auipc   t5, 0x1
core   0: 3 0x80010bde (0x00001f17) x30 0x80011bde
core   0: 0x80010be2 (0x423f2123) sw      gp, 1058(t5)
core   0: 3 0x80010be2 (0x423f2123) mem 0x80012000 0x00000001
core   0: 0x80010be6 (0x0000bfe5) c.j     pc - 8
core   0: 3 0x80010be6 (0xbfe5)
core   0: 0x80010bde (0x00001f17) auipc   t5, 0x1
core   0: 3 0x80010bde (0x00001f17) x30 0x80011bde
core   0: 0x80010be2 (0x423f2123) sw      gp, 1058(t5)
core   0: 3 0x80010be2 (0x423f2123) mem 0x80012000 0x00000001
core   0: 0x80010be6 (0x0000bfe5) c.j     pc - 8
core   0: 3 0x80010be6 (0xbfe5)
core   0: 0x80010bde (0x00001f17) auipc   t5, 0x1
core   0: 3 0x80010bde (0x00001f17) x30 0x80011bde
core   0: 0x80010be2 (0x423f2123) sw      gp, 1058(t5)
core   0: 3 0x80010be2 (0x423f2123) mem 0x80012000 0x00000001
core   0: 0x80010be6 (0x0000bfe5) c.j     pc - 8
core   0: 3 0x80010be6 (0xbfe5)
core   0: 0x80010bde (0x00001f17) auipc   t5, 0x1
core   0: 3 0x80010bde (0x00001f17) x30 0x80011bde
core   0: 0x80010be2 (0x423f2123) sw      gp, 1058(t5)
core   0: 3 0x80010be2 (0x423f2123) mem 0x80012000 0x00000001
core   0: 0x80010be6 (0x0000bfe5) c.j     pc - 8
core   0: 3 0x80010be6 (0xbfe5)
core   0: 0x80010bde (0x00001f17) auipc   t5, 0x1
core   0: 3 0x80010bde (0x00001f17) x30 0x80011bde
core   0: 0x80010be2 (0x423f2123) sw      gp, 1058(t5)
core   0: 3 0x80010be2 (0x423f2123) mem 0x80012000 0x00000001
core   0: 0x80010be6 (0x0000bfe5) c.j     pc - 8
core   0: 3 0x80010be6 (0xbfe5)
core   0: 0x80010bde (0x00001f17) auipc   t5, 0x1
core   0: 3 0x80010bde (0x00001f17) x30 0x80011bde
core   0: 0x80010be2 (0x423f2123) sw      gp, 1058(t5)
core   0: 3 0x80010be2 (0x423f2123) mem 0x80012000 0x00000001
core   0: 0x80010be6 (0x0000bfe5) c.j     pc - 8
core   0: 3 0x80010be6 (0xbfe5)
core   0: 0x80010bde (0x00001f17) auipc   t5, 0x1
core   0: 3 0x80010bde (0x00001f17) x30 0x80011bde
core   0: 0x80010be2 (0x423f2123) sw      gp, 1058(t5)
core   0: 3 0x80010be2 (0x423f2123) mem 0x80012000 0x00000001
core   0: 0x80010be6 (0x0000bfe5) c.j     pc - 8
core   0: 3 0x80010be6 (0xbfe5)
core   0: 0x80010bde (0x00001f17) auipc   t5, 0x1
core   0: 3 0x80010bde (0x00001f17) x30 0x80011bde
core   0: 0x80010be2 (0x423f2123) sw      gp, 1058(t5)
core   0: 3 0x80010be2 (0x423f2123) mem 0x80012000 0x00000001
core   0: 0x80010be6 (0x0000bfe5) c.j     pc - 8
core   0: 3 0x80010be6 (0xbfe5)
core   0: 0x80010bde (0x00001f17) auipc   t5, 0x1
core   0: 3 0x80010bde (0x00001f17) x30 0x80011bde
core   0: 0x80010be2 (0x423f2123) sw      gp, 1058(t5)
core   0: 3 0x80010be2 (0x423f2123) mem 0x80012000 0x00000001
core   0: 0x80010be6 (0x0000bfe5) c.j     pc - 8
core   0: 3 0x80010be6 (0xbfe5)
core   0: 0x80010bde (0x00001f17) auipc   t5, 0x1
core   0: 3 0x80010bde (0x00001f17) x30 0x80011bde
core   0: 0x80010be2 (0x423f2123) sw      gp, 1058(t5)
core   0: 3 0x80010be2 (0x423f2123) mem 0x80012000 0x00000001
core   0: 0x80010be6 (0x0000bfe5) c.j     pc - 8
core   0: 3 0x80010be6 (0xbfe5)
core   0: 0x80010bde (0x00001f17) auipc   t5, 0x1
core   0: 3 0x80010bde (0x00001f17) x30 0x80011bde
core   0: 0x80010be2 (0x423f2123) sw      gp, 1058(t5)
core   0: 3 0x80010be2 (0x423f2123) mem 0x80012000 0x00000001
core   0: 0x80010be6 (0x0000bfe5) c.j     pc - 8
core   0: 3 0x80010be6 (0xbfe5)
core   0: 0x80010bde (0x00001f17) auipc   t5, 0x1
core   0: 3 0x80010bde (0x00001f17) x30 0x80011bde
core   0: 0x80010be2 (0x423f2123) sw      gp, 1058(t5)
core   0: 3 0x80010be2 (0x423f2123) mem 0x80012000 0x00000001
core   0: 0x80010be6 (0x0000bfe5) c.j     pc - 8
core   0: 3 0x80010be6 (0xbfe5)
core   0: 0x80010bde (0x00001f17) auipc   t5, 0x1
core   0: 3 0x80010bde (0x00001f17) x30 0x80011bde
core   0: 0x80010be2 (0x423f2123) sw      gp, 1058(t5)
core   0: 3 0x80010be2 (0x423f2123) mem 0x80012000 0x00000001
core   0: 0x80010be6 (0x0000bfe5) c.j     pc - 8
core   0: 3 0x80010be6 (0xbfe5)
core   0: 0x80010bde (0x00001f17) auipc   t5, 0x1
core   0: 3 0x80010bde (0x00001f17) x30 0x80011bde
core   0: 0x80010be2 (0x423f2123) sw      gp, 1058(t5)
core   0: 3 0x80010be2 (0x423f2123) mem 0x80012000 0x00000001
core   0: 0x80010be6 (0x0000bfe5) c.j     pc - 8
core   0: 3 0x80010be6 (0xbfe5)
core   0: 0x80010bde (0x00001f17) auipc   t5, 0x1
core   0: 3 0x80010bde (0x00001f17) x30 0x80011bde
core   0: 0x80010be2 (0x423f2123) sw      gp, 1058(t5)
core   0: 3 0x80010be2 (0x423f2123) mem 0x80012000 0x00000001
core   0: 0x80010be6 (0x0000bfe5) c.j     pc - 8
core   0: 3 0x80010be6 (0xbfe5)
core   0: 0x80010bde (0x00001f17) auipc   t5, 0x1
core   0: 3 0x80010bde (0x00001f17) x30 0x80011bde
core   0: 0x80010be2 (0x423f2123) sw      gp, 1058(t5)
core   0: 3 0x80010be2 (0x423f2123) mem 0x80012000 0x00000001
core   0: 0x80010be6 (0x0000bfe5) c.j     pc - 8
core   0: 3 0x80010be6 (0xbfe5)
core   0: 0x80010bde (0x00001f17) auipc   t5, 0x1
core   0: 3 0x80010bde (0x00001f17) x30 0x80011bde
core   0: 0x80010be2 (0x423f2123) sw      gp, 1058(t5)
core   0: 3 0x80010be2 (0x423f2123) mem 0x80012000 0x00000001
core   0: 0x80010be6 (0x0000bfe5) c.j     pc - 8
core   0: 3 0x80010be6 (0xbfe5)
core   0: 0x80010bde (0x00001f17) auipc   t5, 0x1
core   0: 3 0x80010bde (0x00001f17) x30 0x80011bde
core   0: 0x80010be2 (0x423f2123) sw      gp, 1058(t5)
core   0: 3 0x80010be2 (0x423f2123) mem 0x80012000 0x00000001
core   0: 0x80010be6 (0x0000bfe5) c.j     pc - 8
core   0: 3 0x80010be6 (0xbfe5)
core   0: 0x80010bde (0x00001f17) auipc   t5, 0x1
core   0: 3 0x80010bde (0x00001f17) x30 0x80011bde
core   0: 0x80010be2 (0x423f2123) sw      gp, 1058(t5)
core   0: 3 0x80010be2 (0x423f2123) mem 0x80012000 0x00000001
core   0: 0x80010be6 (0x0000bfe5) c.j     pc - 8
core   0: 3 0x80010be6 (0xbfe5)
core   0: 0x80010bde (0x00001f17) auipc   t5, 0x1
core   0: 3 0x80010bde (0x00001f17) x30 0x80011bde
core   0: 0x80010be2 (0x423f2123) sw      gp, 1058(t5)
core   0: 3 0x80010be2 (0x423f2123) mem 0x80012000 0x00000001
core   0: 0x80010be6 (0x0000bfe5) c.j     pc - 8
core   0: 3 0x80010be6 (0xbfe5)
core   0: 0x80010bde (0x00001f17) auipc   t5, 0x1
core   0: 3 0x80010bde (0x00001f17) x30 0x80011bde
core   0: 0x80010be2 (0x423f2123) sw      gp, 1058(t5)
core   0: 3 0x80010be2 (0x423f2123) mem 0x80012000 0x00000001
core   0: 0x80010be6 (0x0000bfe5) c.j     pc - 8
core   0: 3 0x80010be6 (0xbfe5)
core   0: 0x80010bde (0x00001f17) auipc   t5, 0x1
core   0: 3 0x80010bde (0x00001f17) x30 0x80011bde
core   0: 0x80010be2 (0x423f2123) sw      gp, 1058(t5)
core   0: 3 0x80010be2 (0x423f2123) mem 0x80012000 0x00000001
core   0: 0x80010be6 (0x0000bfe5) c.j     pc - 8
core   0: 3 0x80010be6 (0xbfe5)
core   0: 0x80010bde (0x00001f17) auipc   t5, 0x1
core   0: 3 0x80010bde (0x00001f17) x30 0x80011bde
core   0: 0x80010be2 (0x423f2123) sw      gp, 1058(t5)
core   0: 3 0x80010be2 (0x423f2123) mem 0x80012000 0x00000001
core   0: 0x80010be6 (0x0000bfe5) c.j     pc - 8
core   0: 3 0x80010be6 (0xbfe5)
core   0: 0x80010bde (0x00001f17) auipc   t5, 0x1
core   0: 3 0x80010bde (0x00001f17) x30 0x80011bde
core   0: 0x80010be2 (0x423f2123) sw      gp, 1058(t5)
core   0: 3 0x80010be2 (0x423f2123) mem 0x80012000 0x00000001
core   0: 0x80010be6 (0x0000bfe5) c.j     pc - 8
core   0: 3 0x80010be6 (0xbfe5)
core   0: 0x80010bde (0x00001f17) auipc   t5, 0x1
core   0: 3 0x80010bde (0x00001f17) x30 0x80011bde
core   0: 0x80010be2 (0x423f2123) sw      gp, 1058(t5)
core   0: 3 0x80010be2 (0x423f2123) mem 0x80012000 0x00000001
core   0: 0x80010be6 (0x0000bfe5) c.j     pc - 8
core   0: 3 0x80010be6 (0xbfe5)
core   0: 0x80010bde (0x00001f17) auipc   t5, 0x1
core   0: 3 0x80010bde (0x00001f17) x30 0x80011bde
core   0: 0x80010be2 (0x423f2123) sw      gp, 1058(t5)
core   0: 3 0x80010be2 (0x423f2123) mem 0x80012000 0x00000001
core   0: 0x80010be6 (0x0000bfe5) c.j     pc - 8
core   0: 3 0x80010be6 (0xbfe5)
core   0: 0x80010bde (0x00001f17) auipc   t5, 0x1
core   0: 3 0x80010bde (0x00001f17) x30 0x80011bde
core   0: 0x80010be2 (0x423f2123) sw      gp, 1058(t5)
core   0: 3 0x80010be2 (0x423f2123) mem 0x80012000 0x00000001
core   0: 0x80010be6 (0x0000bfe5) c.j     pc - 8
core   0: 3 0x80010be6 (0xbfe5)
core   0: 0x80010bde (0x00001f17) auipc   t5, 0x1
core   0: 3 0x80010bde (0x00001f17) x30 0x80011bde
core   0: 0x80010be2 (0x423f2123) sw      gp, 1058(t5)
core   0: 3 0x80010be2 (0x423f2123) mem 0x80012000 0x00000001
core   0: 0x80010be6 (0x0000bfe5) c.j     pc - 8
core   0: 3 0x80010be6 (0xbfe5)
core   0: 0x80010bde (0x00001f17) auipc   t5, 0x1
core   0: 3 0x80010bde (0x00001f17) x30 0x80011bde
core   0: 0x80010be2 (0x423f2123) sw      gp, 1058(t5)
core   0: 3 0x80010be2 (0x423f2123) mem 0x80012000 0x00000001
core   0: 0x80010be6 (0x0000bfe5) c.j     pc - 8
core   0: 3 0x80010be6 (0xbfe5)
core   0: 0x80010bde (0x00001f17) auipc   t5, 0x1
core   0: 3 0x80010bde (0x00001f17) x30 0x80011bde
core   0: 0x80010be2 (0x423f2123) sw      gp, 1058(t5)
core   0: 3 0x80010be2 (0x423f2123) mem 0x80012000 0x00000001
core   0: 0x80010be6 (0x0000bfe5) c.j     pc - 8
core   0: 3 0x80010be6 (0xbfe5)
core   0: 0x80010bde (0x00001f17) auipc   t5, 0x1
core   0: 3 0x80010bde (0x00001f17) x30 0x80011bde
core   0: 0x80010be2 (0x423f2123) sw      gp, 1058(t5)
core   0: 3 0x80010be2 (0x423f2123) mem 0x80012000 0x00000001
core   0: 0x80010be6 (0x0000bfe5) c.j     pc - 8
core   0: 3 0x80010be6 (0xbfe5)
core   0: 0x80010bde (0x00001f17) auipc   t5, 0x1
core   0: 3 0x80010bde (0x00001f17) x30 0x80011bde
core   0: 0x80010be2 (0x423f2123) sw      gp, 1058(t5)
core   0: 3 0x80010be2 (0x423f2123) mem 0x80012000 0x00000001
core   0: 0x80010be6 (0x0000bfe5) c.j     pc - 8
core   0: 3 0x80010be6 (0xbfe5)
core   0: 0x80010bde (0x00001f17) auipc   t5, 0x1
core   0: 3 0x80010bde (0x00001f17) x30 0x80011bde
core   0: 0x80010be2 (0x423f2123) sw      gp, 1058(t5)
core   0: 3 0x80010be2 (0x423f2123) mem 0x80012000 0x00000001
core   0: 0x80010be6 (0x0000bfe5) c.j     pc - 8
core   0: 3 0x80010be6 (0xbfe5)
core   0: 0x80010bde (0x00001f17) auipc   t5, 0x1
core   0: 3 0x80010bde (0x00001f17) x30 0x80011bde
core   0: 0x80010be2 (0x423f2123) sw      gp, 1058(t5)
core   0: 3 0x80010be2 (0x423f2123) mem 0x80012000 0x00000001
core   0: 0x80010be6 (0x0000bfe5) c.j     pc - 8
core   0: 3 0x80010be6 (0xbfe5)
core   0: 0x80010bde (0x00001f17) auipc   t5, 0x1
core   0: 3 0x80010bde (0x00001f17) x30 0x80011bde
core   0: 0x80010be2 (0x423f2123) sw      gp, 1058(t5)
core   0: 3 0x80010be2 (0x423f2123) mem 0x80012000 0x00000001
core   0: 0x80010be6 (0x0000bfe5) c.j     pc - 8
core   0: 3 0x80010be6 (0xbfe5)
core   0: 0x80010bde (0x00001f17) auipc   t5, 0x1
core   0: 3 0x80010bde (0x00001f17) x30 0x80011bde
core   0: 0x80010be2 (0x423f2123) sw      gp, 1058(t5)
core   0: 3 0x80010be2 (0x423f2123) mem 0x80012000 0x00000001
core   0: 0x80010be6 (0x0000bfe5) c.j     pc - 8
core   0: 3 0x80010be6 (0xbfe5)
core   0: 0x80010bde (0x00001f17) auipc   t5, 0x1
core   0: 3 0x80010bde (0x00001f17) x30 0x80011bde
core   0: 0x80010be2 (0x423f2123) sw      gp, 1058(t5)
core   0: 3 0x80010be2 (0x423f2123) mem 0x80012000 0x00000001
core   0: 0x80010be6 (0x0000bfe5) c.j     pc - 8
core   0: 3 0x80010be6 (0xbfe5)
core   0: 0x80010bde (0x00001f17) auipc   t5, 0x1
core   0: 3 0x80010bde (0x00001f17) x30 0x80011bde
core   0: 0x80010be2 (0x423f2123) sw      gp, 1058(t5)
core   0: 3 0x80010be2 (0x423f2123) mem 0x80012000 0x00000001
core   0: 0x80010be6 (0x0000bfe5) c.j     pc - 8
core   0: 3 0x80010be6 (0xbfe5)
core   0: 0x80010bde (0x00001f17) auipc   t5, 0x1
core   0: 3 0x80010bde (0x00001f17) x30 0x80011bde
core   0: 0x80010be2 (0x423f2123) sw      gp, 1058(t5)
core   0: 3 0x80010be2 (0x423f2123) mem 0x80012000 0x00000001
core   0: 0x80010be6 (0x0000bfe5) c.j     pc - 8
core   0: 3 0x80010be6 (0xbfe5)
core   0: 0x80010bde (0x00001f17) auipc   t5, 0x1
core   0: 3 0x80010bde (0x00001f17) x30 0x80011bde
core   0: 0x80010be2 (0x423f2123) sw      gp, 1058(t5)
core   0: 3 0x80010be2 (0x423f2123) mem 0x80012000 0x00000001
core   0: 0x80010be6 (0x0000bfe5) c.j     pc - 8
core   0: 3 0x80010be6 (0xbfe5)
core   0: 0x80010bde (0x00001f17) auipc   t5, 0x1
core   0: 3 0x80010bde (0x00001f17) x30 0x80011bde
core   0: 0x80010be2 (0x423f2123) sw      gp, 1058(t5)
core   0: 3 0x80010be2 (0x423f2123) mem 0x80012000 0x00000001
core   0: 0x80010be6 (0x0000bfe5) c.j     pc - 8
core   0: 3 0x80010be6 (0xbfe5)
core   0: 0x80010bde (0x00001f17) auipc   t5, 0x1
core   0: 3 0x80010bde (0x00001f17) x30 0x80011bde
core   0: 0x80010be2 (0x423f2123) sw      gp, 1058(t5)
core   0: 3 0x80010be2 (0x423f2123) mem 0x80012000 0x00000001
core   0: 0x80010be6 (0x0000bfe5) c.j     pc - 8
core   0: 3 0x80010be6 (0xbfe5)
core   0: 0x80010bde (0x00001f17) auipc   t5, 0x1
core   0: 3 0x80010bde (0x00001f17) x30 0x80011bde
core   0: 0x80010be2 (0x423f2123) sw      gp, 1058(t5)
core   0: 3 0x80010be2 (0x423f2123) mem 0x80012000 0x00000001
core   0: 0x80010be6 (0x0000bfe5) c.j     pc - 8
core   0: 3 0x80010be6 (0xbfe5)
core   0: 0x80010bde (0x00001f17) auipc   t5, 0x1
core   0: 3 0x80010bde (0x00001f17) x30 0x80011bde
core   0: 0x80010be2 (0x423f2123) sw      gp, 1058(t5)
core   0: 3 0x80010be2 (0x423f2123) mem 0x80012000 0x00000001
core   0: 0x80010be6 (0x0000bfe5) c.j     pc - 8
core   0: 3 0x80010be6 (0xbfe5)
core   0: 0x80010bde (0x00001f17) auipc   t5, 0x1
core   0: 3 0x80010bde (0x00001f17) x30 0x80011bde
core   0: 0x80010be2 (0x423f2123) sw      gp, 1058(t5)
core   0: 3 0x80010be2 (0x423f2123) mem 0x80012000 0x00000001
core   0: 0x80010be6 (0x0000bfe5) c.j     pc - 8
core   0: 3 0x80010be6 (0xbfe5)
core   0: 0x80010bde (0x00001f17) auipc   t5, 0x1
core   0: 3 0x80010bde (0x00001f17) x30 0x80011bde
core   0: 0x80010be2 (0x423f2123) sw      gp, 1058(t5)
core   0: 3 0x80010be2 (0x423f2123) mem 0x80012000 0x00000001
core   0: 0x80010be6 (0x0000bfe5) c.j     pc - 8
core   0: 3 0x80010be6 (0xbfe5)
core   0: 0x80010bde (0x00001f17) auipc   t5, 0x1
core   0: 3 0x80010bde (0x00001f17) x30 0x80011bde
core   0: 0x80010be2 (0x423f2123) sw      gp, 1058(t5)
core   0: 3 0x80010be2 (0x423f2123) mem 0x80012000 0x00000001
core   0: 0x80010be6 (0x0000bfe5) c.j     pc - 8
core   0: 3 0x80010be6 (0xbfe5)
core   0: 0x80010bde (0x00001f17) auipc   t5, 0x1
core   0: 3 0x80010bde (0x00001f17) x30 0x80011bde
core   0: 0x80010be2 (0x423f2123) sw      gp, 1058(t5)
core   0: 3 0x80010be2 (0x423f2123) mem 0x80012000 0x00000001
core   0: 0x80010be6 (0x0000bfe5) c.j     pc - 8
core   0: 3 0x80010be6 (0xbfe5)
core   0: 0x80010bde (0x00001f17) auipc   t5, 0x1
core   0: 3 0x80010bde (0x00001f17) x30 0x80011bde
core   0: 0x80010be2 (0x423f2123) sw      gp, 1058(t5)
core   0: 3 0x80010be2 (0x423f2123) mem 0x80012000 0x00000001
core   0: 0x80010be6 (0x0000bfe5) c.j     pc - 8
core   0: 3 0x80010be6 (0xbfe5)
core   0: 0x80010bde (0x00001f17) auipc   t5, 0x1
core   0: 3 0x80010bde (0x00001f17) x30 0x80011bde
core   0: 0x80010be2 (0x423f2123) sw      gp, 1058(t5)
core   0: 3 0x80010be2 (0x423f2123) mem 0x80012000 0x00000001
core   0: 0x80010be6 (0x0000bfe5) c.j     pc - 8
core   0: 3 0x80010be6 (0xbfe5)
core   0: 0x80010bde (0x00001f17) auipc   t5, 0x1
core   0: 3 0x80010bde (0x00001f17) x30 0x80011bde
core   0: 0x80010be2 (0x423f2123) sw      gp, 1058(t5)
core   0: 3 0x80010be2 (0x423f2123) mem 0x80012000 0x00000001
core   0: 0x80010be6 (0x0000bfe5) c.j     pc - 8
core   0: 3 0x80010be6 (0xbfe5)
core   0: 0x80010bde (0x00001f17) auipc   t5, 0x1
core   0: 3 0x80010bde (0x00001f17) x30 0x80011bde
core   0: 0x80010be2 (0x423f2123) sw      gp, 1058(t5)
core   0: 3 0x80010be2 (0x423f2123) mem 0x80012000 0x00000001
core   0: 0x80010be6 (0x0000bfe5) c.j     pc - 8
core   0: 3 0x80010be6 (0xbfe5)
core   0: 0x80010bde (0x00001f17) auipc   t5, 0x1
core   0: 3 0x80010bde (0x00001f17) x30 0x80011bde
core   0: 0x80010be2 (0x423f2123) sw      gp, 1058(t5)
core   0: 3 0x80010be2 (0x423f2123) mem 0x80012000 0x00000001
core   0: 0x80010be6 (0x0000bfe5) c.j     pc - 8
core   0: 3 0x80010be6 (0xbfe5)
core   0: 0x80010bde (0x00001f17) auipc   t5, 0x1
core   0: 3 0x80010bde (0x00001f17) x30 0x80011bde
core   0: 0x80010be2 (0x423f2123) sw      gp, 1058(t5)
core   0: 3 0x80010be2 (0x423f2123) mem 0x80012000 0x00000001
core   0: 0x80010be6 (0x0000bfe5) c.j     pc - 8
core   0: 3 0x80010be6 (0xbfe5)
core   0: 0x80010bde (0x00001f17) auipc   t5, 0x1
core   0: 3 0x80010bde (0x00001f17) x30 0x80011bde
core   0: 0x80010be2 (0x423f2123) sw      gp, 1058(t5)
core   0: 3 0x80010be2 (0x423f2123) mem 0x80012000 0x00000001
core   0: 0x80010be6 (0x0000bfe5) c.j     pc - 8
core   0: 3 0x80010be6 (0xbfe5)
core   0: 0x80010bde (0x00001f17) auipc   t5, 0x1
core   0: 3 0x80010bde (0x00001f17) x30 0x80011bde
core   0: 0x80010be2 (0x423f2123) sw      gp, 1058(t5)
core   0: 3 0x80010be2 (0x423f2123) mem 0x80012000 0x00000001
core   0: 0x80010be6 (0x0000bfe5) c.j     pc - 8
core   0: 3 0x80010be6 (0xbfe5)
core   0: 0x80010bde (0x00001f17) auipc   t5, 0x1
core   0: 3 0x80010bde (0x00001f17) x30 0x80011bde
core   0: 0x80010be2 (0x423f2123) sw      gp, 1058(t5)
core   0: 3 0x80010be2 (0x423f2123) mem 0x80012000 0x00000001
core   0: 0x80010be6 (0x0000bfe5) c.j     pc - 8
core   0: 3 0x80010be6 (0xbfe5)
core   0: 0x80010bde (0x00001f17) auipc   t5, 0x1
core   0: 3 0x80010bde (0x00001f17) x30 0x80011bde
core   0: 0x80010be2 (0x423f2123) sw      gp, 1058(t5)
core   0: 3 0x80010be2 (0x423f2123) mem 0x80012000 0x00000001
core   0: 0x80010be6 (0x0000bfe5) c.j     pc - 8
core   0: 3 0x80010be6 (0xbfe5)
core   0: 0x80010bde (0x00001f17) auipc   t5, 0x1
core   0: 3 0x80010bde (0x00001f17) x30 0x80011bde
core   0: 0x80010be2 (0x423f2123) sw      gp, 1058(t5)
core   0: 3 0x80010be2 (0x423f2123) mem 0x80012000 0x00000001
core   0: 0x80010be6 (0x0000bfe5) c.j     pc - 8
core   0: 3 0x80010be6 (0xbfe5)
core   0: 0x80010bde (0x00001f17) auipc   t5, 0x1
core   0: 3 0x80010bde (0x00001f17) x30 0x80011bde
core   0: 0x80010be2 (0x423f2123) sw      gp, 1058(t5)
core   0: 3 0x80010be2 (0x423f2123) mem 0x80012000 0x00000001
core   0: 0x80010be6 (0x0000bfe5) c.j     pc - 8
core   0: 3 0x80010be6 (0xbfe5)
core   0: 0x80010bde (0x00001f17) auipc   t5, 0x1
core   0: 3 0x80010bde (0x00001f17) x30 0x80011bde
core   0: 0x80010be2 (0x423f2123) sw      gp, 1058(t5)
core   0: 3 0x80010be2 (0x423f2123) mem 0x80012000 0x00000001
core   0: 0x80010be6 (0x0000bfe5) c.j     pc - 8
core   0: 3 0x80010be6 (0xbfe5)
core   0: 0x80010bde (0x00001f17) auipc   t5, 0x1
core   0: 3 0x80010bde (0x00001f17) x30 0x80011bde
core   0: 0x80010be2 (0x423f2123) sw      gp, 1058(t5)
core   0: 3 0x80010be2 (0x423f2123) mem 0x80012000 0x00000001
core   0: 0x80010be6 (0x0000bfe5) c.j     pc - 8
core   0: 3 0x80010be6 (0xbfe5)
core   0: 0x80010bde (0x00001f17) auipc   t5, 0x1
core   0: 3 0x80010bde (0x00001f17) x30 0x80011bde
core   0: 0x80010be2 (0x423f2123) sw      gp, 1058(t5)
core   0: 3 0x80010be2 (0x423f2123) mem 0x80012000 0x00000001
core   0: 0x80010be6 (0x0000bfe5) c.j     pc - 8
core   0: 3 0x80010be6 (0xbfe5)
core   0: 0x80010bde (0x00001f17) auipc   t5, 0x1
core   0: 3 0x80010bde (0x00001f17) x30 0x80011bde
core   0: 0x80010be2 (0x423f2123) sw      gp, 1058(t5)
core   0: 3 0x80010be2 (0x423f2123) mem 0x80012000 0x00000001
core   0: 0x80010be6 (0x0000bfe5) c.j     pc - 8
core   0: 3 0x80010be6 (0xbfe5)
core   0: 0x80010bde (0x00001f17) auipc   t5, 0x1
core   0: 3 0x80010bde (0x00001f17) x30 0x80011bde
core   0: 0x80010be2 (0x423f2123) sw      gp, 1058(t5)
core   0: 3 0x80010be2 (0x423f2123) mem 0x80012000 0x00000001
core   0: 0x80010be6 (0x0000bfe5) c.j     pc - 8
core   0: 3 0x80010be6 (0xbfe5)
core   0: 0x80010bde (0x00001f17) auipc   t5, 0x1
core   0: 3 0x80010bde (0x00001f17) x30 0x80011bde
core   0: 0x80010be2 (0x423f2123) sw      gp, 1058(t5)
core   0: 3 0x80010be2 (0x423f2123) mem 0x80012000 0x00000001
core   0: 0x80010be6 (0x0000bfe5) c.j     pc - 8
core   0: 3 0x80010be6 (0xbfe5)
core   0: 0x80010bde (0x00001f17) auipc   t5, 0x1
core   0: 3 0x80010bde (0x00001f17) x30 0x80011bde
core   0: 0x80010be2 (0x423f2123) sw      gp, 1058(t5)
core   0: 3 0x80010be2 (0x423f2123) mem 0x80012000 0x00000001
core   0: 0x80010be6 (0x0000bfe5) c.j     pc - 8
core   0: 3 0x80010be6 (0xbfe5)
core   0: 0x80010bde (0x00001f17) auipc   t5, 0x1
core   0: 3 0x80010bde (0x00001f17) x30 0x80011bde
core   0: 0x80010be2 (0x423f2123) sw      gp, 1058(t5)
core   0: 3 0x80010be2 (0x423f2123) mem 0x80012000 0x00000001
core   0: 0x80010be6 (0x0000bfe5) c.j     pc - 8
core   0: 3 0x80010be6 (0xbfe5)
core   0: 0x80010bde (0x00001f17) auipc   t5, 0x1
core   0: 3 0x80010bde (0x00001f17) x30 0x80011bde
core   0: 0x80010be2 (0x423f2123) sw      gp, 1058(t5)
core   0: 3 0x80010be2 (0x423f2123) mem 0x80012000 0x00000001
core   0: 0x80010be6 (0x0000bfe5) c.j     pc - 8
core   0: 3 0x80010be6 (0xbfe5)
core   0: 0x80010bde (0x00001f17) auipc   t5, 0x1
core   0: 3 0x80010bde (0x00001f17) x30 0x80011bde
core   0: 0x80010be2 (0x423f2123) sw      gp, 1058(t5)
core   0: 3 0x80010be2 (0x423f2123) mem 0x80012000 0x00000001
core   0: 0x80010be6 (0x0000bfe5) c.j     pc - 8
core   0: 3 0x80010be6 (0xbfe5)
core   0: 0x80010bde (0x00001f17) auipc   t5, 0x1
core   0: 3 0x80010bde (0x00001f17) x30 0x80011bde
core   0: 0x80010be2 (0x423f2123) sw      gp, 1058(t5)
core   0: 3 0x80010be2 (0x423f2123) mem 0x80012000 0x00000001
core   0: 0x80010be6 (0x0000bfe5) c.j     pc - 8
core   0: 3 0x80010be6 (0xbfe5)
core   0: 0x80010bde (0x00001f17) auipc   t5, 0x1
core   0: 3 0x80010bde (0x00001f17) x30 0x80011bde
core   0: 0x80010be2 (0x423f2123) sw      gp, 1058(t5)
core   0: 3 0x80010be2 (0x423f2123) mem 0x80012000 0x00000001
core   0: 0x80010be6 (0x0000bfe5) c.j     pc - 8
core   0: 3 0x80010be6 (0xbfe5)
core   0: 0x80010bde (0x00001f17) auipc   t5, 0x1
core   0: 3 0x80010bde (0x00001f17) x30 0x80011bde
core   0: 0x80010be2 (0x423f2123) sw      gp, 1058(t5)
core   0: 3 0x80010be2 (0x423f2123) mem 0x80012000 0x00000001
core   0: 0x80010be6 (0x0000bfe5) c.j     pc - 8
core   0: 3 0x80010be6 (0xbfe5)
core   0: 0x80010bde (0x00001f17) auipc   t5, 0x1
core   0: 3 0x80010bde (0x00001f17) x30 0x80011bde
core   0: 0x80010be2 (0x423f2123) sw      gp, 1058(t5)
core   0: 3 0x80010be2 (0x423f2123) mem 0x80012000 0x00000001
core   0: 0x80010be6 (0x0000bfe5) c.j     pc - 8
core   0: 3 0x80010be6 (0xbfe5)
core   0: 0x80010bde (0x00001f17) auipc   t5, 0x1
core   0: 3 0x80010bde (0x00001f17) x30 0x80011bde
core   0: 0x80010be2 (0x423f2123) sw      gp, 1058(t5)
core   0: 3 0x80010be2 (0x423f2123) mem 0x80012000 0x00000001
core   0: 0x80010be6 (0x0000bfe5) c.j     pc - 8
core   0: 3 0x80010be6 (0xbfe5)
core   0: 0x80010bde (0x00001f17) auipc   t5, 0x1
core   0: 3 0x80010bde (0x00001f17) x30 0x80011bde
core   0: 0x80010be2 (0x423f2123) sw      gp, 1058(t5)
core   0: 3 0x80010be2 (0x423f2123) mem 0x80012000 0x00000001
core   0: 0x80010be6 (0x0000bfe5) c.j     pc - 8
core   0: 3 0x80010be6 (0xbfe5)
core   0: 0x80010bde (0x00001f17) auipc   t5, 0x1
core   0: 3 0x80010bde (0x00001f17) x30 0x80011bde
core   0: 0x80010be2 (0x423f2123) sw      gp, 1058(t5)
core   0: 3 0x80010be2 (0x423f2123) mem 0x80012000 0x00000001
core   0: 0x80010be6 (0x0000bfe5) c.j     pc - 8
core   0: 3 0x80010be6 (0xbfe5)
core   0: 0x80010bde (0x00001f17) auipc   t5, 0x1
core   0: 3 0x80010bde (0x00001f17) x30 0x80011bde
core   0: 0x80010be2 (0x423f2123) sw      gp, 1058(t5)
core   0: 3 0x80010be2 (0x423f2123) mem 0x80012000 0x00000001
core   0: 0x80010be6 (0x0000bfe5) c.j     pc - 8
core   0: 3 0x80010be6 (0xbfe5)
core   0: 0x80010bde (0x00001f17) auipc   t5, 0x1
core   0: 3 0x80010bde (0x00001f17) x30 0x80011bde
core   0: 0x80010be2 (0x423f2123) sw      gp, 1058(t5)
core   0: 3 0x80010be2 (0x423f2123) mem 0x80012000 0x00000001
core   0: 0x80010be6 (0x0000bfe5) c.j     pc - 8
core   0: 3 0x80010be6 (0xbfe5)
core   0: 0x80010bde (0x00001f17) auipc   t5, 0x1
core   0: 3 0x80010bde (0x00001f17) x30 0x80011bde
core   0: 0x80010be2 (0x423f2123) sw      gp, 1058(t5)
core   0: 3 0x80010be2 (0x423f2123) mem 0x80012000 0x00000001
core   0: 0x80010be6 (0x0000bfe5) c.j     pc - 8
core   0: 3 0x80010be6 (0xbfe5)
core   0: 0x80010bde (0x00001f17) auipc   t5, 0x1
core   0: 3 0x80010bde (0x00001f17) x30 0x80011bde
core   0: 0x80010be2 (0x423f2123) sw      gp, 1058(t5)
core   0: 3 0x80010be2 (0x423f2123) mem 0x80012000 0x00000001
core   0: 0x80010be6 (0x0000bfe5) c.j     pc - 8
core   0: 3 0x80010be6 (0xbfe5)
core   0: 0x80010bde (0x00001f17) auipc   t5, 0x1
core   0: 3 0x80010bde (0x00001f17) x30 0x80011bde
core   0: 0x80010be2 (0x423f2123) sw      gp, 1058(t5)
core   0: 3 0x80010be2 (0x423f2123) mem 0x80012000 0x00000001
core   0: 0x80010be6 (0x0000bfe5) c.j     pc - 8
core   0: 3 0x80010be6 (0xbfe5)
core   0: 0x80010bde (0x00001f17) auipc   t5, 0x1
core   0: 3 0x80010bde (0x00001f17) x30 0x80011bde
core   0: 0x80010be2 (0x423f2123) sw      gp, 1058(t5)
core   0: 3 0x80010be2 (0x423f2123) mem 0x80012000 0x00000001
core   0: 0x80010be6 (0x0000bfe5) c.j     pc - 8
core   0: 3 0x80010be6 (0xbfe5)
core   0: 0x80010bde (0x00001f17) auipc   t5, 0x1
core   0: 3 0x80010bde (0x00001f17) x30 0x80011bde
core   0: 0x80010be2 (0x423f2123) sw      gp, 1058(t5)
core   0: 3 0x80010be2 (0x423f2123) mem 0x80012000 0x00000001
core   0: 0x80010be6 (0x0000bfe5) c.j     pc - 8
core   0: 3 0x80010be6 (0xbfe5)
core   0: 0x80010bde (0x00001f17) auipc   t5, 0x1
core   0: 3 0x80010bde (0x00001f17) x30 0x80011bde
core   0: 0x80010be2 (0x423f2123) sw      gp, 1058(t5)
core   0: 3 0x80010be2 (0x423f2123) mem 0x80012000 0x00000001
core   0: 0x80010be6 (0x0000bfe5) c.j     pc - 8
core   0: 3 0x80010be6 (0xbfe5)
core   0: 0x80010bde (0x00001f17) auipc   t5, 0x1
core   0: 3 0x80010bde (0x00001f17) x30 0x80011bde
core   0: 0x80010be2 (0x423f2123) sw      gp, 1058(t5)
core   0: 3 0x80010be2 (0x423f2123) mem 0x80012000 0x00000001
core   0: 0x80010be6 (0x0000bfe5) c.j     pc - 8
core   0: 3 0x80010be6 (0xbfe5)
core   0: 0x80010bde (0x00001f17) auipc   t5, 0x1
core   0: 3 0x80010bde (0x00001f17) x30 0x80011bde
core   0: 0x80010be2 (0x423f2123) sw      gp, 1058(t5)
core   0: 3 0x80010be2 (0x423f2123) mem 0x80012000 0x00000001
core   0: 0x80010be6 (0x0000bfe5) c.j     pc - 8
core   0: 3 0x80010be6 (0xbfe5)
core   0: 0x80010bde (0x00001f17) auipc   t5, 0x1
core   0: 3 0x80010bde (0x00001f17) x30 0x80011bde
core   0: 0x80010be2 (0x423f2123) sw      gp, 1058(t5)
core   0: 3 0x80010be2 (0x423f2123) mem 0x80012000 0x00000001
core   0: 0x80010be6 (0x0000bfe5) c.j     pc - 8
core   0: 3 0x80010be6 (0xbfe5)
core   0: 0x80010bde (0x00001f17) auipc   t5, 0x1
core   0: 3 0x80010bde (0x00001f17) x30 0x80011bde
core   0: 0x80010be2 (0x423f2123) sw      gp, 1058(t5)
core   0: 3 0x80010be2 (0x423f2123) mem 0x80012000 0x00000001
core   0: 0x80010be6 (0x0000bfe5) c.j     pc - 8
core   0: 3 0x80010be6 (0xbfe5)
core   0: 0x80010bde (0x00001f17) auipc   t5, 0x1
core   0: 3 0x80010bde (0x00001f17) x30 0x80011bde
core   0: 0x80010be2 (0x423f2123) sw      gp, 1058(t5)
core   0: 3 0x80010be2 (0x423f2123) mem 0x80012000 0x00000001
core   0: 0x80010be6 (0x0000bfe5) c.j     pc - 8
core   0: 3 0x80010be6 (0xbfe5)
core   0: 0x80010bde (0x00001f17) auipc   t5, 0x1
core   0: 3 0x80010bde (0x00001f17) x30 0x80011bde
core   0: 0x80010be2 (0x423f2123) sw      gp, 1058(t5)
core   0: 3 0x80010be2 (0x423f2123) mem 0x80012000 0x00000001
core   0: 0x80010be6 (0x0000bfe5) c.j     pc - 8
core   0: 3 0x80010be6 (0xbfe5)
core   0: 0x80010bde (0x00001f17) auipc   t5, 0x1
core   0: 3 0x80010bde (0x00001f17) x30 0x80011bde
core   0: 0x80010be2 (0x423f2123) sw      gp, 1058(t5)
core   0: 3 0x80010be2 (0x423f2123) mem 0x80012000 0x00000001
core   0: 0x80010be6 (0x0000bfe5) c.j     pc - 8
core   0: 3 0x80010be6 (0xbfe5)
core   0: 0x80010bde (0x00001f17) auipc   t5, 0x1
core   0: 3 0x80010bde (0x00001f17) x30 0x80011bde
core   0: 0x80010be2 (0x423f2123) sw      gp, 1058(t5)
core   0: 3 0x80010be2 (0x423f2123) mem 0x80012000 0x00000001
core   0: 0x80010be6 (0x0000bfe5) c.j     pc - 8
core   0: 3 0x80010be6 (0xbfe5)
core   0: 0x80010bde (0x00001f17) auipc   t5, 0x1
core   0: 3 0x80010bde (0x00001f17) x30 0x80011bde
core   0: 0x80010be2 (0x423f2123) sw      gp, 1058(t5)
core   0: 3 0x80010be2 (0x423f2123) mem 0x80012000 0x00000001
core   0: 0x80010be6 (0x0000bfe5) c.j     pc - 8
core   0: 3 0x80010be6 (0xbfe5)
core   0: 0x80010bde (0x00001f17) auipc   t5, 0x1
core   0: 3 0x80010bde (0x00001f17) x30 0x80011bde
core   0: 0x80010be2 (0x423f2123) sw      gp, 1058(t5)
core   0: 3 0x80010be2 (0x423f2123) mem 0x80012000 0x00000001
core   0: 0x80010be6 (0x0000bfe5) c.j     pc - 8
core   0: 3 0x80010be6 (0xbfe5)
core   0: 0x80010bde (0x00001f17) auipc   t5, 0x1
core   0: 3 0x80010bde (0x00001f17) x30 0x80011bde
core   0: 0x80010be2 (0x423f2123) sw      gp, 1058(t5)
core   0: 3 0x80010be2 (0x423f2123) mem 0x80012000 0x00000001
core   0: 0x80010be6 (0x0000bfe5) c.j     pc - 8
core   0: 3 0x80010be6 (0xbfe5)
core   0: 0x80010bde (0x00001f17) auipc   t5, 0x1
core   0: 3 0x80010bde (0x00001f17) x30 0x80011bde
core   0: 0x80010be2 (0x423f2123) sw      gp, 1058(t5)
core   0: 3 0x80010be2 (0x423f2123) mem 0x80012000 0x00000001
core   0: 0x80010be6 (0x0000bfe5) c.j     pc - 8
core   0: 3 0x80010be6 (0xbfe5)
core   0: 0x80010bde (0x00001f17) auipc   t5, 0x1
core   0: 3 0x80010bde (0x00001f17) x30 0x80011bde
core   0: 0x80010be2 (0x423f2123) sw      gp, 1058(t5)
core   0: 3 0x80010be2 (0x423f2123) mem 0x80012000 0x00000001
core   0: 0x80010be6 (0x0000bfe5) c.j     pc - 8
core   0: 3 0x80010be6 (0xbfe5)
core   0: 0x80010bde (0x00001f17) auipc   t5, 0x1
core   0: 3 0x80010bde (0x00001f17) x30 0x80011bde
core   0: 0x80010be2 (0x423f2123) sw      gp, 1058(t5)
core   0: 3 0x80010be2 (0x423f2123) mem 0x80012000 0x00000001
core   0: 0x80010be6 (0x0000bfe5) c.j     pc - 8
core   0: 3 0x80010be6 (0xbfe5)
core   0: 0x80010bde (0x00001f17) auipc   t5, 0x1
core   0: 3 0x80010bde (0x00001f17) x30 0x80011bde
core   0: 0x80010be2 (0x423f2123) sw      gp, 1058(t5)
core   0: 3 0x80010be2 (0x423f2123) mem 0x80012000 0x00000001
core   0: 0x80010be6 (0x0000bfe5) c.j     pc - 8
core   0: 3 0x80010be6 (0xbfe5)
core   0: 0x80010bde (0x00001f17) auipc   t5, 0x1
core   0: 3 0x80010bde (0x00001f17) x30 0x80011bde
core   0: 0x80010be2 (0x423f2123) sw      gp, 1058(t5)
core   0: 3 0x80010be2 (0x423f2123) mem 0x80012000 0x00000001
core   0: 0x80010be6 (0x0000bfe5) c.j     pc - 8
core   0: 3 0x80010be6 (0xbfe5)
core   0: 0x80010bde (0x00001f17) auipc   t5, 0x1
core   0: 3 0x80010bde (0x00001f17) x30 0x80011bde
core   0: 0x80010be2 (0x423f2123) sw      gp, 1058(t5)
core   0: 3 0x80010be2 (0x423f2123) mem 0x80012000 0x00000001
core   0: 0x80010be6 (0x0000bfe5) c.j     pc - 8
core   0: 3 0x80010be6 (0xbfe5)
core   0: 0x80010bde (0x00001f17) auipc   t5, 0x1
core   0: 3 0x80010bde (0x00001f17) x30 0x80011bde
core   0: 0x80010be2 (0x423f2123) sw      gp, 1058(t5)
core   0: 3 0x80010be2 (0x423f2123) mem 0x80012000 0x00000001
core   0: 0x80010be6 (0x0000bfe5) c.j     pc - 8
core   0: 3 0x80010be6 (0xbfe5)
core   0: 0x80010bde (0x00001f17) auipc   t5, 0x1
core   0: 3 0x80010bde (0x00001f17) x30 0x80011bde
core   0: 0x80010be2 (0x423f2123) sw      gp, 1058(t5)
core   0: 3 0x80010be2 (0x423f2123) mem 0x80012000 0x00000001
core   0: 0x80010be6 (0x0000bfe5) c.j     pc - 8
core   0: 3 0x80010be6 (0xbfe5)
core   0: 0x80010bde (0x00001f17) auipc   t5, 0x1
core   0: 3 0x80010bde (0x00001f17) x30 0x80011bde
core   0: 0x80010be2 (0x423f2123) sw      gp, 1058(t5)
core   0: 3 0x80010be2 (0x423f2123) mem 0x80012000 0x00000001
core   0: 0x80010be6 (0x0000bfe5) c.j     pc - 8
core   0: 3 0x80010be6 (0xbfe5)
core   0: 0x80010bde (0x00001f17) auipc   t5, 0x1
core   0: 3 0x80010bde (0x00001f17) x30 0x80011bde
core   0: 0x80010be2 (0x423f2123) sw      gp, 1058(t5)
core   0: 3 0x80010be2 (0x423f2123) mem 0x80012000 0x00000001
core   0: 0x80010be6 (0x0000bfe5) c.j     pc - 8
core   0: 3 0x80010be6 (0xbfe5)
core   0: 0x80010bde (0x00001f17) auipc   t5, 0x1
core   0: 3 0x80010bde (0x00001f17) x30 0x80011bde
core   0: 0x80010be2 (0x423f2123) sw      gp, 1058(t5)
core   0: 3 0x80010be2 (0x423f2123) mem 0x80012000 0x00000001
core   0: 0x80010be6 (0x0000bfe5) c.j     pc - 8
core   0: 3 0x80010be6 (0xbfe5)
core   0: 0x80010bde (0x00001f17) auipc   t5, 0x1
core   0: 3 0x80010bde (0x00001f17) x30 0x80011bde
core   0: 0x80010be2 (0x423f2123) sw      gp, 1058(t5)
core   0: 3 0x80010be2 (0x423f2123) mem 0x80012000 0x00000001
core   0: 0x80010be6 (0x0000bfe5) c.j     pc - 8
core   0: 3 0x80010be6 (0xbfe5)
core   0: 0x80010bde (0x00001f17) auipc   t5, 0x1
core   0: 3 0x80010bde (0x00001f17) x30 0x80011bde
core   0: 0x80010be2 (0x423f2123) sw      gp, 1058(t5)
core   0: 3 0x80010be2 (0x423f2123) mem 0x80012000 0x00000001
core   0: 0x80010be6 (0x0000bfe5) c.j     pc - 8
core   0: 3 0x80010be6 (0xbfe5)
core   0: 0x80010bde (0x00001f17) auipc   t5, 0x1
core   0: 3 0x80010bde (0x00001f17) x30 0x80011bde
core   0: 0x80010be2 (0x423f2123) sw      gp, 1058(t5)
core   0: 3 0x80010be2 (0x423f2123) mem 0x80012000 0x00000001
core   0: 0x80010be6 (0x0000bfe5) c.j     pc - 8
core   0: 3 0x80010be6 (0xbfe5)
core   0: 0x80010bde (0x00001f17) auipc   t5, 0x1
core   0: 3 0x80010bde (0x00001f17) x30 0x80011bde
core   0: 0x80010be2 (0x423f2123) sw      gp, 1058(t5)
core   0: 3 0x80010be2 (0x423f2123) mem 0x80012000 0x00000001
core   0: 0x80010be6 (0x0000bfe5) c.j     pc - 8
core   0: 3 0x80010be6 (0xbfe5)
core   0: 0x80010bde (0x00001f17) auipc   t5, 0x1
core   0: 3 0x80010bde (0x00001f17) x30 0x80011bde
core   0: 0x80010be2 (0x423f2123) sw      gp, 1058(t5)
core   0: 3 0x80010be2 (0x423f2123) mem 0x80012000 0x00000001
core   0: 0x80010be6 (0x0000bfe5) c.j     pc - 8
core   0: 3 0x80010be6 (0xbfe5)
core   0: 0x80010bde (0x00001f17) auipc   t5, 0x1
core   0: 3 0x80010bde (0x00001f17) x30 0x80011bde
core   0: 0x80010be2 (0x423f2123) sw      gp, 1058(t5)
core   0: 3 0x80010be2 (0x423f2123) mem 0x80012000 0x00000001
core   0: 0x80010be6 (0x0000bfe5) c.j     pc - 8
core   0: 3 0x80010be6 (0xbfe5)
core   0: 0x80010bde (0x00001f17) auipc   t5, 0x1
core   0: 3 0x80010bde (0x00001f17) x30 0x80011bde
core   0: 0x80010be2 (0x423f2123) sw      gp, 1058(t5)
core   0: 3 0x80010be2 (0x423f2123) mem 0x80012000 0x00000001
core   0: 0x80010be6 (0x0000bfe5) c.j     pc - 8
core   0: 3 0x80010be6 (0xbfe5)
core   0: 0x80010bde (0x00001f17) auipc   t5, 0x1
core   0: 3 0x80010bde (0x00001f17) x30 0x80011bde
core   0: 0x80010be2 (0x423f2123) sw      gp, 1058(t5)
core   0: 3 0x80010be2 (0x423f2123) mem 0x80012000 0x00000001
core   0: 0x80010be6 (0x0000bfe5) c.j     pc - 8
core   0: 3 0x80010be6 (0xbfe5)
core   0: 0x80010bde (0x00001f17) auipc   t5, 0x1
core   0: 3 0x80010bde (0x00001f17) x30 0x80011bde
core   0: 0x80010be2 (0x423f2123) sw      gp, 1058(t5)
core   0: 3 0x80010be2 (0x423f2123) mem 0x80012000 0x00000001
core   0: 0x80010be6 (0x0000bfe5) c.j     pc - 8
core   0: 3 0x80010be6 (0xbfe5)
core   0: 0x80010bde (0x00001f17) auipc   t5, 0x1
core   0: 3 0x80010bde (0x00001f17) x30 0x80011bde
core   0: 0x80010be2 (0x423f2123) sw      gp, 1058(t5)
core   0: 3 0x80010be2 (0x423f2123) mem 0x80012000 0x00000001
core   0: 0x80010be6 (0x0000bfe5) c.j     pc - 8
core   0: 3 0x80010be6 (0xbfe5)
core   0: 0x80010bde (0x00001f17) auipc   t5, 0x1
core   0: 3 0x80010bde (0x00001f17) x30 0x80011bde
core   0: 0x80010be2 (0x423f2123) sw      gp, 1058(t5)
core   0: 3 0x80010be2 (0x423f2123) mem 0x80012000 0x00000001
core   0: 0x80010be6 (0x0000bfe5) c.j     pc - 8
core   0: 3 0x80010be6 (0xbfe5)
core   0: 0x80010bde (0x00001f17) auipc   t5, 0x1
core   0: 3 0x80010bde (0x00001f17) x30 0x80011bde
core   0: 0x80010be2 (0x423f2123) sw      gp, 1058(t5)
core   0: 3 0x80010be2 (0x423f2123) mem 0x80012000 0x00000001
core   0: 0x80010be6 (0x0000bfe5) c.j     pc - 8
core   0: 3 0x80010be6 (0xbfe5)
core   0: 0x80010bde (0x00001f17) auipc   t5, 0x1
core   0: 3 0x80010bde (0x00001f17) x30 0x80011bde
core   0: 0x80010be2 (0x423f2123) sw      gp, 1058(t5)
core   0: 3 0x80010be2 (0x423f2123) mem 0x80012000 0x00000001
core   0: 0x80010be6 (0x0000bfe5) c.j     pc - 8
core   0: 3 0x80010be6 (0xbfe5)
core   0: 0x80010bde (0x00001f17) auipc   t5, 0x1
core   0: 3 0x80010bde (0x00001f17) x30 0x80011bde
core   0: 0x80010be2 (0x423f2123) sw      gp, 1058(t5)
core   0: 3 0x80010be2 (0x423f2123) mem 0x80012000 0x00000001
core   0: 0x80010be6 (0x0000bfe5) c.j     pc - 8
core   0: 3 0x80010be6 (0xbfe5)
core   0: 0x80010bde (0x00001f17) auipc   t5, 0x1
core   0: 3 0x80010bde (0x00001f17) x30 0x80011bde
core   0: 0x80010be2 (0x423f2123) sw      gp, 1058(t5)
core   0: 3 0x80010be2 (0x423f2123) mem 0x80012000 0x00000001
core   0: 0x80010be6 (0x0000bfe5) c.j     pc - 8
core   0: 3 0x80010be6 (0xbfe5)
core   0: 0x80010bde (0x00001f17) auipc   t5, 0x1
core   0: 3 0x80010bde (0x00001f17) x30 0x80011bde
core   0: 0x80010be2 (0x423f2123) sw      gp, 1058(t5)
core   0: 3 0x80010be2 (0x423f2123) mem 0x80012000 0x00000001
core   0: 0x80010be6 (0x0000bfe5) c.j     pc - 8
core   0: 3 0x80010be6 (0xbfe5)
core   0: 0x80010bde (0x00001f17) auipc   t5, 0x1
core   0: 3 0x80010bde (0x00001f17) x30 0x80011bde
core   0: 0x80010be2 (0x423f2123) sw      gp, 1058(t5)
core   0: 3 0x80010be2 (0x423f2123) mem 0x80012000 0x00000001
core   0: 0x80010be6 (0x0000bfe5) c.j     pc - 8
core   0: 3 0x80010be6 (0xbfe5)
core   0: 0x80010bde (0x00001f17) auipc   t5, 0x1
core   0: 3 0x80010bde (0x00001f17) x30 0x80011bde
core   0: 0x80010be2 (0x423f2123) sw      gp, 1058(t5)
core   0: 3 0x80010be2 (0x423f2123) mem 0x80012000 0x00000001
core   0: 0x80010be6 (0x0000bfe5) c.j     pc - 8
core   0: 3 0x80010be6 (0xbfe5)
core   0: 0x80010bde (0x00001f17) auipc   t5, 0x1
core   0: 3 0x80010bde (0x00001f17) x30 0x80011bde
core   0: 0x80010be2 (0x423f2123) sw      gp, 1058(t5)
core   0: 3 0x80010be2 (0x423f2123) mem 0x80012000 0x00000001
core   0: 0x80010be6 (0x0000bfe5) c.j     pc - 8
core   0: 3 0x80010be6 (0xbfe5)
core   0: 0x80010bde (0x00001f17) auipc   t5, 0x1
core   0: 3 0x80010bde (0x00001f17) x30 0x80011bde
core   0: 0x80010be2 (0x423f2123) sw      gp, 1058(t5)
core   0: 3 0x80010be2 (0x423f2123) mem 0x80012000 0x00000001
core   0: 0x80010be6 (0x0000bfe5) c.j     pc - 8
core   0: 3 0x80010be6 (0xbfe5)
core   0: 0x80010bde (0x00001f17) auipc   t5, 0x1
core   0: 3 0x80010bde (0x00001f17) x30 0x80011bde
core   0: 0x80010be2 (0x423f2123) sw      gp, 1058(t5)
core   0: 3 0x80010be2 (0x423f2123) mem 0x80012000 0x00000001
core   0: 0x80010be6 (0x0000bfe5) c.j     pc - 8
core   0: 3 0x80010be6 (0xbfe5)
core   0: 0x80010bde (0x00001f17) auipc   t5, 0x1
core   0: 3 0x80010bde (0x00001f17) x30 0x80011bde
core   0: 0x80010be2 (0x423f2123) sw      gp, 1058(t5)
core   0: 3 0x80010be2 (0x423f2123) mem 0x80012000 0x00000001
core   0: 0x80010be6 (0x0000bfe5) c.j     pc - 8
core   0: 3 0x80010be6 (0xbfe5)
core   0: 0x80010bde (0x00001f17) auipc   t5, 0x1
core   0: 3 0x80010bde (0x00001f17) x30 0x80011bde
core   0: 0x80010be2 (0x423f2123) sw      gp, 1058(t5)
core   0: 3 0x80010be2 (0x423f2123) mem 0x80012000 0x00000001
core   0: 0x80010be6 (0x0000bfe5) c.j     pc - 8
core   0: 3 0x80010be6 (0xbfe5)
core   0: 0x80010bde (0x00001f17) auipc   t5, 0x1
core   0: 3 0x80010bde (0x00001f17) x30 0x80011bde
core   0: 0x80010be2 (0x423f2123) sw      gp, 1058(t5)
core   0: 3 0x80010be2 (0x423f2123) mem 0x80012000 0x00000001
core   0: 0x80010be6 (0x0000bfe5) c.j     pc - 8
core   0: 3 0x80010be6 (0xbfe5)
core   0: 0x80010bde (0x00001f17) auipc   t5, 0x1
core   0: 3 0x80010bde (0x00001f17) x30 0x80011bde
core   0: 0x80010be2 (0x423f2123) sw      gp, 1058(t5)
core   0: 3 0x80010be2 (0x423f2123) mem 0x80012000 0x00000001
core   0: 0x80010be6 (0x0000bfe5) c.j     pc - 8
core   0: 3 0x80010be6 (0xbfe5)
core   0: 0x80010bde (0x00001f17) auipc   t5, 0x1
core   0: 3 0x80010bde (0x00001f17) x30 0x80011bde
core   0: 0x80010be2 (0x423f2123) sw      gp, 1058(t5)
core   0: 3 0x80010be2 (0x423f2123) mem 0x80012000 0x00000001
core   0: 0x80010be6 (0x0000bfe5) c.j     pc - 8
core   0: 3 0x80010be6 (0xbfe5)
core   0: 0x80010bde (0x00001f17) auipc   t5, 0x1
core   0: 3 0x80010bde (0x00001f17) x30 0x80011bde
core   0: 0x80010be2 (0x423f2123) sw      gp, 1058(t5)
core   0: 3 0x80010be2 (0x423f2123) mem 0x80012000 0x00000001
core   0: 0x80010be6 (0x0000bfe5) c.j     pc - 8
core   0: 3 0x80010be6 (0xbfe5)
core   0: 0x80010bde (0x00001f17) auipc   t5, 0x1
core   0: 3 0x80010bde (0x00001f17) x30 0x80011bde
core   0: 0x80010be2 (0x423f2123) sw      gp, 1058(t5)
core   0: 3 0x80010be2 (0x423f2123) mem 0x80012000 0x00000001
core   0: 0x80010be6 (0x0000bfe5) c.j     pc - 8
core   0: 3 0x80010be6 (0xbfe5)
core   0: 0x80010bde (0x00001f17) auipc   t5, 0x1
core   0: 3 0x80010bde (0x00001f17) x30 0x80011bde
core   0: 0x80010be2 (0x423f2123) sw      gp, 1058(t5)
core   0: 3 0x80010be2 (0x423f2123) mem 0x80012000 0x00000001
core   0: 0x80010be6 (0x0000bfe5) c.j     pc - 8
core   0: 3 0x80010be6 (0xbfe5)
core   0: 0x80010bde (0x00001f17) auipc   t5, 0x1
core   0: 3 0x80010bde (0x00001f17) x30 0x80011bde
core   0: 0x80010be2 (0x423f2123) sw      gp, 1058(t5)
core   0: 3 0x80010be2 (0x423f2123) mem 0x80012000 0x00000001
core   0: 0x80010be6 (0x0000bfe5) c.j     pc - 8
core   0: 3 0x80010be6 (0xbfe5)
core   0: 0x80010bde (0x00001f17) auipc   t5, 0x1
core   0: 3 0x80010bde (0x00001f17) x30 0x80011bde
core   0: 0x80010be2 (0x423f2123) sw      gp, 1058(t5)
core   0: 3 0x80010be2 (0x423f2123) mem 0x80012000 0x00000001
core   0: 0x80010be6 (0x0000bfe5) c.j     pc - 8
core   0: 3 0x80010be6 (0xbfe5)
core   0: 0x80010bde (0x00001f17) auipc   t5, 0x1
core   0: 3 0x80010bde (0x00001f17) x30 0x80011bde
core   0: 0x80010be2 (0x423f2123) sw      gp, 1058(t5)
core   0: 3 0x80010be2 (0x423f2123) mem 0x80012000 0x00000001
core   0: 0x80010be6 (0x0000bfe5) c.j     pc - 8
core   0: 3 0x80010be6 (0xbfe5)
core   0: 0x80010bde (0x00001f17) auipc   t5, 0x1
core   0: 3 0x80010bde (0x00001f17) x30 0x80011bde
core   0: 0x80010be2 (0x423f2123) sw      gp, 1058(t5)
core   0: 3 0x80010be2 (0x423f2123) mem 0x80012000 0x00000001
core   0: 0x80010be6 (0x0000bfe5) c.j     pc - 8
core   0: 3 0x80010be6 (0xbfe5)
core   0: 0x80010bde (0x00001f17) auipc   t5, 0x1
core   0: 3 0x80010bde (0x00001f17) x30 0x80011bde
core   0: 0x80010be2 (0x423f2123) sw      gp, 1058(t5)
core   0: 3 0x80010be2 (0x423f2123) mem 0x80012000 0x00000001
core   0: 0x80010be6 (0x0000bfe5) c.j     pc - 8
core   0: 3 0x80010be6 (0xbfe5)
core   0: 0x80010bde (0x00001f17) auipc   t5, 0x1
core   0: 3 0x80010bde (0x00001f17) x30 0x80011bde
core   0: 0x80010be2 (0x423f2123) sw      gp, 1058(t5)
core   0: 3 0x80010be2 (0x423f2123) mem 0x80012000 0x00000001
core   0: 0x80010be6 (0x0000bfe5) c.j     pc - 8
core   0: 3 0x80010be6 (0xbfe5)
core   0: 0x80010bde (0x00001f17) auipc   t5, 0x1
core   0: 3 0x80010bde (0x00001f17) x30 0x80011bde
core   0: 0x80010be2 (0x423f2123) sw      gp, 1058(t5)
core   0: 3 0x80010be2 (0x423f2123) mem 0x80012000 0x00000001
core   0: 0x80010be6 (0x0000bfe5) c.j     pc - 8
core   0: 3 0x80010be6 (0xbfe5)
core   0: 0x80010bde (0x00001f17) auipc   t5, 0x1
core   0: 3 0x80010bde (0x00001f17) x30 0x80011bde
core   0: 0x80010be2 (0x423f2123) sw      gp, 1058(t5)
core   0: 3 0x80010be2 (0x423f2123) mem 0x80012000 0x00000001
core   0: 0x80010be6 (0x0000bfe5) c.j     pc - 8
core   0: 3 0x80010be6 (0xbfe5)
core   0: 0x80010bde (0x00001f17) auipc   t5, 0x1
core   0: 3 0x80010bde (0x00001f17) x30 0x80011bde
core   0: 0x80010be2 (0x423f2123) sw      gp, 1058(t5)
core   0: 3 0x80010be2 (0x423f2123) mem 0x80012000 0x00000001
core   0: 0x80010be6 (0x0000bfe5) c.j     pc - 8
core   0: 3 0x80010be6 (0xbfe5)
core   0: 0x80010bde (0x00001f17) auipc   t5, 0x1
core   0: 3 0x80010bde (0x00001f17) x30 0x80011bde
core   0: 0x80010be2 (0x423f2123) sw      gp, 1058(t5)
core   0: 3 0x80010be2 (0x423f2123) mem 0x80012000 0x00000001
core   0: 0x80010be6 (0x0000bfe5) c.j     pc - 8
core   0: 3 0x80010be6 (0xbfe5)
core   0: 0x80010bde (0x00001f17) auipc   t5, 0x1
core   0: 3 0x80010bde (0x00001f17) x30 0x80011bde
core   0: 0x80010be2 (0x423f2123) sw      gp, 1058(t5)
core   0: 3 0x80010be2 (0x423f2123) mem 0x80012000 0x00000001
core   0: 0x80010be6 (0x0000bfe5) c.j     pc - 8
core   0: 3 0x80010be6 (0xbfe5)
core   0: 0x80010bde (0x00001f17) auipc   t5, 0x1
core   0: 3 0x80010bde (0x00001f17) x30 0x80011bde
core   0: 0x80010be2 (0x423f2123) sw      gp, 1058(t5)
core   0: 3 0x80010be2 (0x423f2123) mem 0x80012000 0x00000001
core   0: 0x80010be6 (0x0000bfe5) c.j     pc - 8
core   0: 3 0x80010be6 (0xbfe5)
core   0: 0x80010bde (0x00001f17) auipc   t5, 0x1
core   0: 3 0x80010bde (0x00001f17) x30 0x80011bde
core   0: 0x80010be2 (0x423f2123) sw      gp, 1058(t5)
core   0: 3 0x80010be2 (0x423f2123) mem 0x80012000 0x00000001
core   0: 0x80010be6 (0x0000bfe5) c.j     pc - 8
core   0: 3 0x80010be6 (0xbfe5)
core   0: 0x80010bde (0x00001f17) auipc   t5, 0x1
core   0: 3 0x80010bde (0x00001f17) x30 0x80011bde
core   0: 0x80010be2 (0x423f2123) sw      gp, 1058(t5)
core   0: 3 0x80010be2 (0x423f2123) mem 0x80012000 0x00000001
core   0: 0x80010be6 (0x0000bfe5) c.j     pc - 8
core   0: 3 0x80010be6 (0xbfe5)
core   0: 0x80010bde (0x00001f17) auipc   t5, 0x1
core   0: 3 0x80010bde (0x00001f17) x30 0x80011bde
core   0: 0x80010be2 (0x423f2123) sw      gp, 1058(t5)
core   0: 3 0x80010be2 (0x423f2123) mem 0x80012000 0x00000001
core   0: 0x80010be6 (0x0000bfe5) c.j     pc - 8
core   0: 3 0x80010be6 (0xbfe5)
core   0: 0x80010bde (0x00001f17) auipc   t5, 0x1
core   0: 3 0x80010bde (0x00001f17) x30 0x80011bde
core   0: 0x80010be2 (0x423f2123) sw      gp, 1058(t5)
core   0: 3 0x80010be2 (0x423f2123) mem 0x80012000 0x00000001
core   0: 0x80010be6 (0x0000bfe5) c.j     pc - 8
core   0: 3 0x80010be6 (0xbfe5)
core   0: 0x80010bde (0x00001f17) auipc   t5, 0x1
core   0: 3 0x80010bde (0x00001f17) x30 0x80011bde
core   0: 0x80010be2 (0x423f2123) sw      gp, 1058(t5)
core   0: 3 0x80010be2 (0x423f2123) mem 0x80012000 0x00000001
core   0: 0x80010be6 (0x0000bfe5) c.j     pc - 8
core   0: 3 0x80010be6 (0xbfe5)
core   0: 0x80010bde (0x00001f17) auipc   t5, 0x1
core   0: 3 0x80010bde (0x00001f17) x30 0x80011bde
core   0: 0x80010be2 (0x423f2123) sw      gp, 1058(t5)
core   0: 3 0x80010be2 (0x423f2123) mem 0x80012000 0x00000001
core   0: 0x80010be6 (0x0000bfe5) c.j     pc - 8
core   0: 3 0x80010be6 (0xbfe5)
core   0: 0x80010bde (0x00001f17) auipc   t5, 0x1
core   0: 3 0x80010bde (0x00001f17) x30 0x80011bde
core   0: 0x80010be2 (0x423f2123) sw      gp, 1058(t5)
core   0: 3 0x80010be2 (0x423f2123) mem 0x80012000 0x00000001
core   0: 0x80010be6 (0x0000bfe5) c.j     pc - 8
core   0: 3 0x80010be6 (0xbfe5)
core   0: 0x80010bde (0x00001f17) auipc   t5, 0x1
core   0: 3 0x80010bde (0x00001f17) x30 0x80011bde
core   0: 0x80010be2 (0x423f2123) sw      gp, 1058(t5)
core   0: 3 0x80010be2 (0x423f2123) mem 0x80012000 0x00000001
core   0: 0x80010be6 (0x0000bfe5) c.j     pc - 8
core   0: 3 0x80010be6 (0xbfe5)
core   0: 0x80010bde (0x00001f17) auipc   t5, 0x1
core   0: 3 0x80010bde (0x00001f17) x30 0x80011bde
core   0: 0x80010be2 (0x423f2123) sw      gp, 1058(t5)
core   0: 3 0x80010be2 (0x423f2123) mem 0x80012000 0x00000001
core   0: 0x80010be6 (0x0000bfe5) c.j     pc - 8
core   0: 3 0x80010be6 (0xbfe5)
core   0: 0x80010bde (0x00001f17) auipc   t5, 0x1
core   0: 3 0x80010bde (0x00001f17) x30 0x80011bde
core   0: 0x80010be2 (0x423f2123) sw      gp, 1058(t5)
core   0: 3 0x80010be2 (0x423f2123) mem 0x80012000 0x00000001
core   0: 0x80010be6 (0x0000bfe5) c.j     pc - 8
core   0: 3 0x80010be6 (0xbfe5)
core   0: 0x80010bde (0x00001f17) auipc   t5, 0x1
core   0: 3 0x80010bde (0x00001f17) x30 0x80011bde
core   0: 0x80010be2 (0x423f2123) sw      gp, 1058(t5)
core   0: 3 0x80010be2 (0x423f2123) mem 0x80012000 0x00000001
core   0: 0x80010be6 (0x0000bfe5) c.j     pc - 8
core   0: 3 0x80010be6 (0xbfe5)
core   0: 0x80010bde (0x00001f17) auipc   t5, 0x1
core   0: 3 0x80010bde (0x00001f17) x30 0x80011bde
core   0: 0x80010be2 (0x423f2123) sw      gp, 1058(t5)
core   0: 3 0x80010be2 (0x423f2123) mem 0x80012000 0x00000001
core   0: 0x80010be6 (0x0000bfe5) c.j     pc - 8
core   0: 3 0x80010be6 (0xbfe5)
core   0: 0x80010bde (0x00001f17) auipc   t5, 0x1
core   0: 3 0x80010bde (0x00001f17) x30 0x80011bde
core   0: 0x80010be2 (0x423f2123) sw      gp, 1058(t5)
core   0: 3 0x80010be2 (0x423f2123) mem 0x80012000 0x00000001
core   0: 0x80010be6 (0x0000bfe5) c.j     pc - 8
core   0: 3 0x80010be6 (0xbfe5)
core   0: 0x80010bde (0x00001f17) auipc   t5, 0x1
core   0: 3 0x80010bde (0x00001f17) x30 0x80011bde
core   0: 0x80010be2 (0x423f2123) sw      gp, 1058(t5)
core   0: 3 0x80010be2 (0x423f2123) mem 0x80012000 0x00000001
core   0: 0x80010be6 (0x0000bfe5) c.j     pc - 8
core   0: 3 0x80010be6 (0xbfe5)
core   0: 0x80010bde (0x00001f17) auipc   t5, 0x1
core   0: 3 0x80010bde (0x00001f17) x30 0x80011bde
core   0: 0x80010be2 (0x423f2123) sw      gp, 1058(t5)
core   0: 3 0x80010be2 (0x423f2123) mem 0x80012000 0x00000001
core   0: 0x80010be6 (0x0000bfe5) c.j     pc - 8
core   0: 3 0x80010be6 (0xbfe5)
core   0: 0x80010bde (0x00001f17) auipc   t5, 0x1
core   0: 3 0x80010bde (0x00001f17) x30 0x80011bde
core   0: 0x80010be2 (0x423f2123) sw      gp, 1058(t5)
core   0: 3 0x80010be2 (0x423f2123) mem 0x80012000 0x00000001
core   0: 0x80010be6 (0x0000bfe5) c.j     pc - 8
core   0: 3 0x80010be6 (0xbfe5)
core   0: 0x80010bde (0x00001f17) auipc   t5, 0x1
core   0: 3 0x80010bde (0x00001f17) x30 0x80011bde
core   0: 0x80010be2 (0x423f2123) sw      gp, 1058(t5)
core   0: 3 0x80010be2 (0x423f2123) mem 0x80012000 0x00000001
core   0: 0x80010be6 (0x0000bfe5) c.j     pc - 8
core   0: 3 0x80010be6 (0xbfe5)
core   0: 0x80010bde (0x00001f17) auipc   t5, 0x1
core   0: 3 0x80010bde (0x00001f17) x30 0x80011bde
core   0: 0x80010be2 (0x423f2123) sw      gp, 1058(t5)
core   0: 3 0x80010be2 (0x423f2123) mem 0x80012000 0x00000001
core   0: 0x80010be6 (0x0000bfe5) c.j     pc - 8
core   0: 3 0x80010be6 (0xbfe5)
core   0: 0x80010bde (0x00001f17) auipc   t5, 0x1
core   0: 3 0x80010bde (0x00001f17) x30 0x80011bde
core   0: 0x80010be2 (0x423f2123) sw      gp, 1058(t5)
core   0: 3 0x80010be2 (0x423f2123) mem 0x80012000 0x00000001
core   0: 0x80010be6 (0x0000bfe5) c.j     pc - 8
core   0: 3 0x80010be6 (0xbfe5)
core   0: 0x80010bde (0x00001f17) auipc   t5, 0x1
core   0: 3 0x80010bde (0x00001f17) x30 0x80011bde
core   0: 0x80010be2 (0x423f2123) sw      gp, 1058(t5)
core   0: 3 0x80010be2 (0x423f2123) mem 0x80012000 0x00000001
core   0: 0x80010be6 (0x0000bfe5) c.j     pc - 8
core   0: 3 0x80010be6 (0xbfe5)
core   0: 0x80010bde (0x00001f17) auipc   t5, 0x1
core   0: 3 0x80010bde (0x00001f17) x30 0x80011bde
core   0: 0x80010be2 (0x423f2123) sw      gp, 1058(t5)
core   0: 3 0x80010be2 (0x423f2123) mem 0x80012000 0x00000001
core   0: 0x80010be6 (0x0000bfe5) c.j     pc - 8
core   0: 3 0x80010be6 (0xbfe5)
core   0: 0x80010bde (0x00001f17) auipc   t5, 0x1
core   0: 3 0x80010bde (0x00001f17) x30 0x80011bde
core   0: 0x80010be2 (0x423f2123) sw      gp, 1058(t5)
core   0: 3 0x80010be2 (0x423f2123) mem 0x80012000 0x00000001
core   0: 0x80010be6 (0x0000bfe5) c.j     pc - 8
core   0: 3 0x80010be6 (0xbfe5)
core   0: 0x80010bde (0x00001f17) auipc   t5, 0x1
core   0: 3 0x80010bde (0x00001f17) x30 0x80011bde
core   0: 0x80010be2 (0x423f2123) sw      gp, 1058(t5)
core   0: 3 0x80010be2 (0x423f2123) mem 0x80012000 0x00000001
core   0: 0x80010be6 (0x0000bfe5) c.j     pc - 8
core   0: 3 0x80010be6 (0xbfe5)
core   0: 0x80010bde (0x00001f17) auipc   t5, 0x1
core   0: 3 0x80010bde (0x00001f17) x30 0x80011bde
core   0: 0x80010be2 (0x423f2123) sw      gp, 1058(t5)
core   0: 3 0x80010be2 (0x423f2123) mem 0x80012000 0x00000001
core   0: 0x80010be6 (0x0000bfe5) c.j     pc - 8
core   0: 3 0x80010be6 (0xbfe5)
core   0: 0x80010bde (0x00001f17) auipc   t5, 0x1
core   0: 3 0x80010bde (0x00001f17) x30 0x80011bde
core   0: 0x80010be2 (0x423f2123) sw      gp, 1058(t5)
core   0: 3 0x80010be2 (0x423f2123) mem 0x80012000 0x00000001
core   0: 0x80010be6 (0x0000bfe5) c.j     pc - 8
core   0: 3 0x80010be6 (0xbfe5)
core   0: 0x80010bde (0x00001f17) auipc   t5, 0x1
core   0: 3 0x80010bde (0x00001f17) x30 0x80011bde
core   0: 0x80010be2 (0x423f2123) sw      gp, 1058(t5)
core   0: 3 0x80010be2 (0x423f2123) mem 0x80012000 0x00000001
core   0: 0x80010be6 (0x0000bfe5) c.j     pc - 8
core   0: 3 0x80010be6 (0xbfe5)
core   0: 0x80010bde (0x00001f17) auipc   t5, 0x1
core   0: 3 0x80010bde (0x00001f17) x30 0x80011bde
core   0: 0x80010be2 (0x423f2123) sw      gp, 1058(t5)
core   0: 3 0x80010be2 (0x423f2123) mem 0x80012000 0x00000001
core   0: 0x80010be6 (0x0000bfe5) c.j     pc - 8
core   0: 3 0x80010be6 (0xbfe5)
core   0: 0x80010bde (0x00001f17) auipc   t5, 0x1
core   0: 3 0x80010bde (0x00001f17) x30 0x80011bde
core   0: 0x80010be2 (0x423f2123) sw      gp, 1058(t5)
core   0: 3 0x80010be2 (0x423f2123) mem 0x80012000 0x00000001
core   0: 0x80010be6 (0x0000bfe5) c.j     pc - 8
core   0: 3 0x80010be6 (0xbfe5)
core   0: 0x80010bde (0x00001f17) auipc   t5, 0x1
core   0: 3 0x80010bde (0x00001f17) x30 0x80011bde
core   0: 0x80010be2 (0x423f2123) sw      gp, 1058(t5)
core   0: 3 0x80010be2 (0x423f2123) mem 0x80012000 0x00000001
core   0: 0x80010be6 (0x0000bfe5) c.j     pc - 8
core   0: 3 0x80010be6 (0xbfe5)
core   0: 0x80010bde (0x00001f17) auipc   t5, 0x1
core   0: 3 0x80010bde (0x00001f17) x30 0x80011bde
core   0: 0x80010be2 (0x423f2123) sw      gp, 1058(t5)
core   0: 3 0x80010be2 (0x423f2123) mem 0x80012000 0x00000001
core   0: 0x80010be6 (0x0000bfe5) c.j     pc - 8
core   0: 3 0x80010be6 (0xbfe5)
core   0: 0x80010bde (0x00001f17) auipc   t5, 0x1
core   0: 3 0x80010bde (0x00001f17) x30 0x80011bde
core   0: 0x80010be2 (0x423f2123) sw      gp, 1058(t5)
core   0: 3 0x80010be2 (0x423f2123) mem 0x80012000 0x00000001
core   0: 0x80010be6 (0x0000bfe5) c.j     pc - 8
core   0: 3 0x80010be6 (0xbfe5)
core   0: 0x80010bde (0x00001f17) auipc   t5, 0x1
core   0: 3 0x80010bde (0x00001f17) x30 0x80011bde
core   0: 0x80010be2 (0x423f2123) sw      gp, 1058(t5)
core   0: 3 0x80010be2 (0x423f2123) mem 0x80012000 0x00000001
core   0: 0x80010be6 (0x0000bfe5) c.j     pc - 8
core   0: 3 0x80010be6 (0xbfe5)
core   0: 0x80010bde (0x00001f17) auipc   t5, 0x1
core   0: 3 0x80010bde (0x00001f17) x30 0x80011bde
core   0: 0x80010be2 (0x423f2123) sw      gp, 1058(t5)
core   0: 3 0x80010be2 (0x423f2123) mem 0x80012000 0x00000001
core   0: 0x80010be6 (0x0000bfe5) c.j     pc - 8
core   0: 3 0x80010be6 (0xbfe5)
core   0: 0x80010bde (0x00001f17) auipc   t5, 0x1
core   0: 3 0x80010bde (0x00001f17) x30 0x80011bde
core   0: 0x80010be2 (0x423f2123) sw      gp, 1058(t5)
core   0: 3 0x80010be2 (0x423f2123) mem 0x80012000 0x00000001
core   0: 0x80010be6 (0x0000bfe5) c.j     pc - 8
core   0: 3 0x80010be6 (0xbfe5)
core   0: 0x80010bde (0x00001f17) auipc   t5, 0x1
core   0: 3 0x80010bde (0x00001f17) x30 0x80011bde
core   0: 0x80010be2 (0x423f2123) sw      gp, 1058(t5)
core   0: 3 0x80010be2 (0x423f2123) mem 0x80012000 0x00000001
core   0: 0x80010be6 (0x0000bfe5) c.j     pc - 8
core   0: 3 0x80010be6 (0xbfe5)
core   0: 0x80010bde (0x00001f17) auipc   t5, 0x1
core   0: 3 0x80010bde (0x00001f17) x30 0x80011bde
core   0: 0x80010be2 (0x423f2123) sw      gp, 1058(t5)
core   0: 3 0x80010be2 (0x423f2123) mem 0x80012000 0x00000001
core   0: 0x80010be6 (0x0000bfe5) c.j     pc - 8
core   0: 3 0x80010be6 (0xbfe5)
core   0: 0x80010bde (0x00001f17) auipc   t5, 0x1
core   0: 3 0x80010bde (0x00001f17) x30 0x80011bde
core   0: 0x80010be2 (0x423f2123) sw      gp, 1058(t5)
core   0: 3 0x80010be2 (0x423f2123) mem 0x80012000 0x00000001
core   0: 0x80010be6 (0x0000bfe5) c.j     pc - 8
core   0: 3 0x80010be6 (0xbfe5)
core   0: 0x80010bde (0x00001f17) auipc   t5, 0x1
core   0: 3 0x80010bde (0x00001f17) x30 0x80011bde
core   0: 0x80010be2 (0x423f2123) sw      gp, 1058(t5)
core   0: 3 0x80010be2 (0x423f2123) mem 0x80012000 0x00000001
core   0: 0x80010be6 (0x0000bfe5) c.j     pc - 8
core   0: 3 0x80010be6 (0xbfe5)
core   0: 0x80010bde (0x00001f17) auipc   t5, 0x1
core   0: 3 0x80010bde (0x00001f17) x30 0x80011bde
core   0: 0x80010be2 (0x423f2123) sw      gp, 1058(t5)
core   0: 3 0x80010be2 (0x423f2123) mem 0x80012000 0x00000001
core   0: 0x80010be6 (0x0000bfe5) c.j     pc - 8
core   0: 3 0x80010be6 (0xbfe5)
core   0: 0x80010bde (0x00001f17) auipc   t5, 0x1
core   0: 3 0x80010bde (0x00001f17) x30 0x80011bde
core   0: 0x80010be2 (0x423f2123) sw      gp, 1058(t5)
core   0: 3 0x80010be2 (0x423f2123) mem 0x80012000 0x00000001
core   0: 0x80010be6 (0x0000bfe5) c.j     pc - 8
core   0: 3 0x80010be6 (0xbfe5)
core   0: 0x80010bde (0x00001f17) auipc   t5, 0x1
core   0: 3 0x80010bde (0x00001f17) x30 0x80011bde
core   0: 0x80010be2 (0x423f2123) sw      gp, 1058(t5)
core   0: 3 0x80010be2 (0x423f2123) mem 0x80012000 0x00000001
core   0: 0x80010be6 (0x0000bfe5) c.j     pc - 8
core   0: 3 0x80010be6 (0xbfe5)
core   0: 0x80010bde (0x00001f17) auipc   t5, 0x1
core   0: 3 0x80010bde (0x00001f17) x30 0x80011bde
core   0: 0x80010be2 (0x423f2123) sw      gp, 1058(t5)
core   0: 3 0x80010be2 (0x423f2123) mem 0x80012000 0x00000001
core   0: 0x80010be6 (0x0000bfe5) c.j     pc - 8
core   0: 3 0x80010be6 (0xbfe5)
core   0: 0x80010bde (0x00001f17) auipc   t5, 0x1
core   0: 3 0x80010bde (0x00001f17) x30 0x80011bde
core   0: 0x80010be2 (0x423f2123) sw      gp, 1058(t5)
core   0: 3 0x80010be2 (0x423f2123) mem 0x80012000 0x00000001
core   0: 0x80010be6 (0x0000bfe5) c.j     pc - 8
core   0: 3 0x80010be6 (0xbfe5)
core   0: 0x80010bde (0x00001f17) auipc   t5, 0x1
core   0: 3 0x80010bde (0x00001f17) x30 0x80011bde
core   0: 0x80010be2 (0x423f2123) sw      gp, 1058(t5)
core   0: 3 0x80010be2 (0x423f2123) mem 0x80012000 0x00000001
core   0: 0x80010be6 (0x0000bfe5) c.j     pc - 8
core   0: 3 0x80010be6 (0xbfe5)
core   0: 0x80010bde (0x00001f17) auipc   t5, 0x1
core   0: 3 0x80010bde (0x00001f17) x30 0x80011bde
core   0: 0x80010be2 (0x423f2123) sw      gp, 1058(t5)
core   0: 3 0x80010be2 (0x423f2123) mem 0x80012000 0x00000001
core   0: 0x80010be6 (0x0000bfe5) c.j     pc - 8
core   0: 3 0x80010be6 (0xbfe5)
core   0: 0x80010bde (0x00001f17) auipc   t5, 0x1
core   0: 3 0x80010bde (0x00001f17) x30 0x80011bde
core   0: 0x80010be2 (0x423f2123) sw      gp, 1058(t5)
core   0: 3 0x80010be2 (0x423f2123) mem 0x80012000 0x00000001
core   0: 0x80010be6 (0x0000bfe5) c.j     pc - 8
core   0: 3 0x80010be6 (0xbfe5)
core   0: 0x80010bde (0x00001f17) auipc   t5, 0x1
core   0: 3 0x80010bde (0x00001f17) x30 0x80011bde
core   0: 0x80010be2 (0x423f2123) sw      gp, 1058(t5)
core   0: 3 0x80010be2 (0x423f2123) mem 0x80012000 0x00000001
core   0: 0x80010be6 (0x0000bfe5) c.j     pc - 8
core   0: 3 0x80010be6 (0xbfe5)
core   0: 0x80010bde (0x00001f17) auipc   t5, 0x1
core   0: 3 0x80010bde (0x00001f17) x30 0x80011bde
core   0: 0x80010be2 (0x423f2123) sw      gp, 1058(t5)
core   0: 3 0x80010be2 (0x423f2123) mem 0x80012000 0x00000001
core   0: 0x80010be6 (0x0000bfe5) c.j     pc - 8
core   0: 3 0x80010be6 (0xbfe5)
core   0: 0x80010bde (0x00001f17) auipc   t5, 0x1
core   0: 3 0x80010bde (0x00001f17) x30 0x80011bde
core   0: 0x80010be2 (0x423f2123) sw      gp, 1058(t5)
core   0: 3 0x80010be2 (0x423f2123) mem 0x80012000 0x00000001
core   0: 0x80010be6 (0x0000bfe5) c.j     pc - 8
core   0: 3 0x80010be6 (0xbfe5)
core   0: 0x80010bde (0x00001f17) auipc   t5, 0x1
core   0: 3 0x80010bde (0x00001f17) x30 0x80011bde
core   0: 0x80010be2 (0x423f2123) sw      gp, 1058(t5)
core   0: 3 0x80010be2 (0x423f2123) mem 0x80012000 0x00000001
core   0: 0x80010be6 (0x0000bfe5) c.j     pc - 8
core   0: 3 0x80010be6 (0xbfe5)
core   0: 0x80010bde (0x00001f17) auipc   t5, 0x1
core   0: 3 0x80010bde (0x00001f17) x30 0x80011bde
core   0: 0x80010be2 (0x423f2123) sw      gp, 1058(t5)
core   0: 3 0x80010be2 (0x423f2123) mem 0x80012000 0x00000001
core   0: 0x80010be6 (0x0000bfe5) c.j     pc - 8
core   0: 3 0x80010be6 (0xbfe5)
core   0: 0x80010bde (0x00001f17) auipc   t5, 0x1
core   0: 3 0x80010bde (0x00001f17) x30 0x80011bde
core   0: 0x80010be2 (0x423f2123) sw      gp, 1058(t5)
core   0: 3 0x80010be2 (0x423f2123) mem 0x80012000 0x00000001
core   0: 0x80010be6 (0x0000bfe5) c.j     pc - 8
core   0: 3 0x80010be6 (0xbfe5)
core   0: 0x80010bde (0x00001f17) auipc   t5, 0x1
core   0: 3 0x80010bde (0x00001f17) x30 0x80011bde
core   0: 0x80010be2 (0x423f2123) sw      gp, 1058(t5)
core   0: 3 0x80010be2 (0x423f2123) mem 0x80012000 0x00000001
core   0: 0x80010be6 (0x0000bfe5) c.j     pc - 8
core   0: 3 0x80010be6 (0xbfe5)
core   0: 0x80010bde (0x00001f17) auipc   t5, 0x1
core   0: 3 0x80010bde (0x00001f17) x30 0x80011bde
core   0: 0x80010be2 (0x423f2123) sw      gp, 1058(t5)
core   0: 3 0x80010be2 (0x423f2123) mem 0x80012000 0x00000001
core   0: 0x80010be6 (0x0000bfe5) c.j     pc - 8
core   0: 3 0x80010be6 (0xbfe5)
core   0: 0x80010bde (0x00001f17) auipc   t5, 0x1
core   0: 3 0x80010bde (0x00001f17) x30 0x80011bde
core   0: 0x80010be2 (0x423f2123) sw      gp, 1058(t5)
core   0: 3 0x80010be2 (0x423f2123) mem 0x80012000 0x00000001
core   0: 0x80010be6 (0x0000bfe5) c.j     pc - 8
core   0: 3 0x80010be6 (0xbfe5)
core   0: 0x80010bde (0x00001f17) auipc   t5, 0x1
core   0: 3 0x80010bde (0x00001f17) x30 0x80011bde
core   0: 0x80010be2 (0x423f2123) sw      gp, 1058(t5)
core   0: 3 0x80010be2 (0x423f2123) mem 0x80012000 0x00000001
core   0: 0x80010be6 (0x0000bfe5) c.j     pc - 8
core   0: 3 0x80010be6 (0xbfe5)
core   0: 0x80010bde (0x00001f17) auipc   t5, 0x1
core   0: 3 0x80010bde (0x00001f17) x30 0x80011bde
core   0: 0x80010be2 (0x423f2123) sw      gp, 1058(t5)
core   0: 3 0x80010be2 (0x423f2123) mem 0x80012000 0x00000001
core   0: 0x80010be6 (0x0000bfe5) c.j     pc - 8
core   0: 3 0x80010be6 (0xbfe5)
core   0: 0x80010bde (0x00001f17) auipc   t5, 0x1
core   0: 3 0x80010bde (0x00001f17) x30 0x80011bde
core   0: 0x80010be2 (0x423f2123) sw      gp, 1058(t5)
core   0: 3 0x80010be2 (0x423f2123) mem 0x80012000 0x00000001
core   0: 0x80010be6 (0x0000bfe5) c.j     pc - 8
core   0: 3 0x80010be6 (0xbfe5)
core   0: 0x80010bde (0x00001f17) auipc   t5, 0x1
core   0: 3 0x80010bde (0x00001f17) x30 0x80011bde
core   0: 0x80010be2 (0x423f2123) sw      gp, 1058(t5)
core   0: 3 0x80010be2 (0x423f2123) mem 0x80012000 0x00000001
core   0: 0x80010be6 (0x0000bfe5) c.j     pc - 8
core   0: 3 0x80010be6 (0xbfe5)
core   0: 0x80010bde (0x00001f17) auipc   t5, 0x1
core   0: 3 0x80010bde (0x00001f17) x30 0x80011bde
core   0: 0x80010be2 (0x423f2123) sw      gp, 1058(t5)
core   0: 3 0x80010be2 (0x423f2123) mem 0x80012000 0x00000001
core   0: 0x80010be6 (0x0000bfe5) c.j     pc - 8
core   0: 3 0x80010be6 (0xbfe5)
core   0: 0x80010bde (0x00001f17) auipc   t5, 0x1
core   0: 3 0x80010bde (0x00001f17) x30 0x80011bde
core   0: 0x80010be2 (0x423f2123) sw      gp, 1058(t5)
core   0: 3 0x80010be2 (0x423f2123) mem 0x80012000 0x00000001
core   0: 0x80010be6 (0x0000bfe5) c.j     pc - 8
core   0: 3 0x80010be6 (0xbfe5)
core   0: 0x80010bde (0x00001f17) auipc   t5, 0x1
core   0: 3 0x80010bde (0x00001f17) x30 0x80011bde
core   0: 0x80010be2 (0x423f2123) sw      gp, 1058(t5)
core   0: 3 0x80010be2 (0x423f2123) mem 0x80012000 0x00000001
core   0: 0x80010be6 (0x0000bfe5) c.j     pc - 8
core   0: 3 0x80010be6 (0xbfe5)
core   0: 0x80010bde (0x00001f17) auipc   t5, 0x1
core   0: 3 0x80010bde (0x00001f17) x30 0x80011bde
core   0: 0x80010be2 (0x423f2123) sw      gp, 1058(t5)
core   0: 3 0x80010be2 (0x423f2123) mem 0x80012000 0x00000001
core   0: 0x80010be6 (0x0000bfe5) c.j     pc - 8
core   0: 3 0x80010be6 (0xbfe5)
core   0: 0x80010bde (0x00001f17) auipc   t5, 0x1
core   0: 3 0x80010bde (0x00001f17) x30 0x80011bde
core   0: 0x80010be2 (0x423f2123) sw      gp, 1058(t5)
core   0: 3 0x80010be2 (0x423f2123) mem 0x80012000 0x00000001
core   0: 0x80010be6 (0x0000bfe5) c.j     pc - 8
core   0: 3 0x80010be6 (0xbfe5)
core   0: 0x80010bde (0x00001f17) auipc   t5, 0x1
core   0: 3 0x80010bde (0x00001f17) x30 0x80011bde
core   0: 0x80010be2 (0x423f2123) sw      gp, 1058(t5)
core   0: 3 0x80010be2 (0x423f2123) mem 0x80012000 0x00000001
core   0: 0x80010be6 (0x0000bfe5) c.j     pc - 8
core   0: 3 0x80010be6 (0xbfe5)
core   0: 0x80010bde (0x00001f17) auipc   t5, 0x1
core   0: 3 0x80010bde (0x00001f17) x30 0x80011bde
core   0: 0x80010be2 (0x423f2123) sw      gp, 1058(t5)
core   0: 3 0x80010be2 (0x423f2123) mem 0x80012000 0x00000001
core   0: 0x80010be6 (0x0000bfe5) c.j     pc - 8
core   0: 3 0x80010be6 (0xbfe5)
core   0: 0x80010bde (0x00001f17) auipc   t5, 0x1
core   0: 3 0x80010bde (0x00001f17) x30 0x80011bde
core   0: 0x80010be2 (0x423f2123) sw      gp, 1058(t5)
core   0: 3 0x80010be2 (0x423f2123) mem 0x80012000 0x00000001
core   0: 0x80010be6 (0x0000bfe5) c.j     pc - 8
core   0: 3 0x80010be6 (0xbfe5)
core   0: 0x80010bde (0x00001f17) auipc   t5, 0x1
core   0: 3 0x80010bde (0x00001f17) x30 0x80011bde
core   0: 0x80010be2 (0x423f2123) sw      gp, 1058(t5)
core   0: 3 0x80010be2 (0x423f2123) mem 0x80012000 0x00000001
core   0: 0x80010be6 (0x0000bfe5) c.j     pc - 8
core   0: 3 0x80010be6 (0xbfe5)
core   0: 0x80010bde (0x00001f17) auipc   t5, 0x1
core   0: 3 0x80010bde (0x00001f17) x30 0x80011bde
core   0: 0x80010be2 (0x423f2123) sw      gp, 1058(t5)
core   0: 3 0x80010be2 (0x423f2123) mem 0x80012000 0x00000001
core   0: 0x80010be6 (0x0000bfe5) c.j     pc - 8
core   0: 3 0x80010be6 (0xbfe5)
core   0: 0x80010bde (0x00001f17) auipc   t5, 0x1
core   0: 3 0x80010bde (0x00001f17) x30 0x80011bde
core   0: 0x80010be2 (0x423f2123) sw      gp, 1058(t5)
core   0: 3 0x80010be2 (0x423f2123) mem 0x80012000 0x00000001
core   0: 0x80010be6 (0x0000bfe5) c.j     pc - 8
core   0: 3 0x80010be6 (0xbfe5)
core   0: 0x80010bde (0x00001f17) auipc   t5, 0x1
core   0: 3 0x80010bde (0x00001f17) x30 0x80011bde
core   0: 0x80010be2 (0x423f2123) sw      gp, 1058(t5)
core   0: 3 0x80010be2 (0x423f2123) mem 0x80012000 0x00000001
core   0: 0x80010be6 (0x0000bfe5) c.j     pc - 8
core   0: 3 0x80010be6 (0xbfe5)
core   0: 0x80010bde (0x00001f17) auipc   t5, 0x1
core   0: 3 0x80010bde (0x00001f17) x30 0x80011bde
core   0: 0x80010be2 (0x423f2123) sw      gp, 1058(t5)
core   0: 3 0x80010be2 (0x423f2123) mem 0x80012000 0x00000001
core   0: 0x80010be6 (0x0000bfe5) c.j     pc - 8
core   0: 3 0x80010be6 (0xbfe5)
core   0: 0x80010bde (0x00001f17) auipc   t5, 0x1
core   0: 3 0x80010bde (0x00001f17) x30 0x80011bde
core   0: 0x80010be2 (0x423f2123) sw      gp, 1058(t5)
core   0: 3 0x80010be2 (0x423f2123) mem 0x80012000 0x00000001
core   0: 0x80010be6 (0x0000bfe5) c.j     pc - 8
core   0: 3 0x80010be6 (0xbfe5)
core   0: 0x80010bde (0x00001f17) auipc   t5, 0x1
core   0: 3 0x80010bde (0x00001f17) x30 0x80011bde
core   0: 0x80010be2 (0x423f2123) sw      gp, 1058(t5)
core   0: 3 0x80010be2 (0x423f2123) mem 0x80012000 0x00000001
core   0: 0x80010be6 (0x0000bfe5) c.j     pc - 8
core   0: 3 0x80010be6 (0xbfe5)
core   0: 0x80010bde (0x00001f17) auipc   t5, 0x1
core   0: 3 0x80010bde (0x00001f17) x30 0x80011bde
core   0: 0x80010be2 (0x423f2123) sw      gp, 1058(t5)
core   0: 3 0x80010be2 (0x423f2123) mem 0x80012000 0x00000001
core   0: 0x80010be6 (0x0000bfe5) c.j     pc - 8
core   0: 3 0x80010be6 (0xbfe5)
core   0: 0x80010bde (0x00001f17) auipc   t5, 0x1
core   0: 3 0x80010bde (0x00001f17) x30 0x80011bde
core   0: 0x80010be2 (0x423f2123) sw      gp, 1058(t5)
core   0: 3 0x80010be2 (0x423f2123) mem 0x80012000 0x00000001
core   0: 0x80010be6 (0x0000bfe5) c.j     pc - 8
core   0: 3 0x80010be6 (0xbfe5)
core   0: 0x80010bde (0x00001f17) auipc   t5, 0x1
core   0: 3 0x80010bde (0x00001f17) x30 0x80011bde
core   0: 0x80010be2 (0x423f2123) sw      gp, 1058(t5)
core   0: 3 0x80010be2 (0x423f2123) mem 0x80012000 0x00000001
core   0: 0x80010be6 (0x0000bfe5) c.j     pc - 8
core   0: 3 0x80010be6 (0xbfe5)
core   0: 0x80010bde (0x00001f17) auipc   t5, 0x1
core   0: 3 0x80010bde (0x00001f17) x30 0x80011bde
core   0: 0x80010be2 (0x423f2123) sw      gp, 1058(t5)
core   0: 3 0x80010be2 (0x423f2123) mem 0x80012000 0x00000001
core   0: 0x80010be6 (0x0000bfe5) c.j     pc - 8
core   0: 3 0x80010be6 (0xbfe5)
core   0: 0x80010bde (0x00001f17) auipc   t5, 0x1
core   0: 3 0x80010bde (0x00001f17) x30 0x80011bde
core   0: 0x80010be2 (0x423f2123) sw      gp, 1058(t5)
core   0: 3 0x80010be2 (0x423f2123) mem 0x80012000 0x00000001
core   0: 0x80010be6 (0x0000bfe5) c.j     pc - 8
core   0: 3 0x80010be6 (0xbfe5)
core   0: 0x80010bde (0x00001f17) auipc   t5, 0x1
core   0: 3 0x80010bde (0x00001f17) x30 0x80011bde
core   0: 0x80010be2 (0x423f2123) sw      gp, 1058(t5)
core   0: 3 0x80010be2 (0x423f2123) mem 0x80012000 0x00000001
core   0: 0x80010be6 (0x0000bfe5) c.j     pc - 8
core   0: 3 0x80010be6 (0xbfe5)
core   0: 0x80010bde (0x00001f17) auipc   t5, 0x1
core   0: 3 0x80010bde (0x00001f17) x30 0x80011bde
core   0: 0x80010be2 (0x423f2123) sw      gp, 1058(t5)
core   0: 3 0x80010be2 (0x423f2123) mem 0x80012000 0x00000001
core   0: 0x80010be6 (0x0000bfe5) c.j     pc - 8
core   0: 3 0x80010be6 (0xbfe5)
core   0: 0x80010bde (0x00001f17) auipc   t5, 0x1
core   0: 3 0x80010bde (0x00001f17) x30 0x80011bde
core   0: 0x80010be2 (0x423f2123) sw      gp, 1058(t5)
core   0: 3 0x80010be2 (0x423f2123) mem 0x80012000 0x00000001
core   0: 0x80010be6 (0x0000bfe5) c.j     pc - 8
core   0: 3 0x80010be6 (0xbfe5)
core   0: 0x80010bde (0x00001f17) auipc   t5, 0x1
core   0: 3 0x80010bde (0x00001f17) x30 0x80011bde
core   0: 0x80010be2 (0x423f2123) sw      gp, 1058(t5)
core   0: 3 0x80010be2 (0x423f2123) mem 0x80012000 0x00000001
core   0: 0x80010be6 (0x0000bfe5) c.j     pc - 8
core   0: 3 0x80010be6 (0xbfe5)
core   0: 0x80010bde (0x00001f17) auipc   t5, 0x1
core   0: 3 0x80010bde (0x00001f17) x30 0x80011bde
core   0: 0x80010be2 (0x423f2123) sw      gp, 1058(t5)
core   0: 3 0x80010be2 (0x423f2123) mem 0x80012000 0x00000001
core   0: 0x80010be6 (0x0000bfe5) c.j     pc - 8
core   0: 3 0x80010be6 (0xbfe5)
core   0: 0x80010bde (0x00001f17) auipc   t5, 0x1
core   0: 3 0x80010bde (0x00001f17) x30 0x80011bde
core   0: 0x80010be2 (0x423f2123) sw      gp, 1058(t5)
core   0: 3 0x80010be2 (0x423f2123) mem 0x80012000 0x00000001
core   0: 0x80010be6 (0x0000bfe5) c.j     pc - 8
core   0: 3 0x80010be6 (0xbfe5)
core   0: 0x80010bde (0x00001f17) auipc   t5, 0x1
core   0: 3 0x80010bde (0x00001f17) x30 0x80011bde
core   0: 0x80010be2 (0x423f2123) sw      gp, 1058(t5)
core   0: 3 0x80010be2 (0x423f2123) mem 0x80012000 0x00000001
core   0: 0x80010be6 (0x0000bfe5) c.j     pc - 8
core   0: 3 0x80010be6 (0xbfe5)
core   0: 0x80010bde (0x00001f17) auipc   t5, 0x1
core   0: 3 0x80010bde (0x00001f17) x30 0x80011bde
core   0: 0x80010be2 (0x423f2123) sw      gp, 1058(t5)
core   0: 3 0x80010be2 (0x423f2123) mem 0x80012000 0x00000001
core   0: 0x80010be6 (0x0000bfe5) c.j     pc - 8
core   0: 3 0x80010be6 (0xbfe5)
core   0: 0x80010bde (0x00001f17) auipc   t5, 0x1
core   0: 3 0x80010bde (0x00001f17) x30 0x80011bde
core   0: 0x80010be2 (0x423f2123) sw      gp, 1058(t5)
core   0: 3 0x80010be2 (0x423f2123) mem 0x80012000 0x00000001
core   0: 0x80010be6 (0x0000bfe5) c.j     pc - 8
core   0: 3 0x80010be6 (0xbfe5)
core   0: 0x80010bde (0x00001f17) auipc   t5, 0x1
core   0: 3 0x80010bde (0x00001f17) x30 0x80011bde
core   0: 0x80010be2 (0x423f2123) sw      gp, 1058(t5)
core   0: 3 0x80010be2 (0x423f2123) mem 0x80012000 0x00000001
core   0: 0x80010be6 (0x0000bfe5) c.j     pc - 8
core   0: 3 0x80010be6 (0xbfe5)
core   0: 0x80010bde (0x00001f17) auipc   t5, 0x1
core   0: 3 0x80010bde (0x00001f17) x30 0x80011bde
core   0: 0x80010be2 (0x423f2123) sw      gp, 1058(t5)
core   0: 3 0x80010be2 (0x423f2123) mem 0x80012000 0x00000001
core   0: 0x80010be6 (0x0000bfe5) c.j     pc - 8
core   0: 3 0x80010be6 (0xbfe5)
core   0: 0x80010bde (0x00001f17) auipc   t5, 0x1
core   0: 3 0x80010bde (0x00001f17) x30 0x80011bde
core   0: 0x80010be2 (0x423f2123) sw      gp, 1058(t5)
core   0: 3 0x80010be2 (0x423f2123) mem 0x80012000 0x00000001
core   0: 0x80010be6 (0x0000bfe5) c.j     pc - 8
core   0: 3 0x80010be6 (0xbfe5)
core   0: 0x80010bde (0x00001f17) auipc   t5, 0x1
core   0: 3 0x80010bde (0x00001f17) x30 0x80011bde
core   0: 0x80010be2 (0x423f2123) sw      gp, 1058(t5)
core   0: 3 0x80010be2 (0x423f2123) mem 0x80012000 0x00000001
core   0: 0x80010be6 (0x0000bfe5) c.j     pc - 8
core   0: 3 0x80010be6 (0xbfe5)
core   0: 0x80010bde (0x00001f17) auipc   t5, 0x1
core   0: 3 0x80010bde (0x00001f17) x30 0x80011bde
core   0: 0x80010be2 (0x423f2123) sw      gp, 1058(t5)
core   0: 3 0x80010be2 (0x423f2123) mem 0x80012000 0x00000001
core   0: 0x80010be6 (0x0000bfe5) c.j     pc - 8
core   0: 3 0x80010be6 (0xbfe5)
core   0: 0x80010bde (0x00001f17) auipc   t5, 0x1
core   0: 3 0x80010bde (0x00001f17) x30 0x80011bde
core   0: 0x80010be2 (0x423f2123) sw      gp, 1058(t5)
core   0: 3 0x80010be2 (0x423f2123) mem 0x80012000 0x00000001
core   0: 0x80010be6 (0x0000bfe5) c.j     pc - 8
core   0: 3 0x80010be6 (0xbfe5)
core   0: 0x80010bde (0x00001f17) auipc   t5, 0x1
core   0: 3 0x80010bde (0x00001f17) x30 0x80011bde
core   0: 0x80010be2 (0x423f2123) sw      gp, 1058(t5)
core   0: 3 0x80010be2 (0x423f2123) mem 0x80012000 0x00000001
core   0: 0x80010be6 (0x0000bfe5) c.j     pc - 8
core   0: 3 0x80010be6 (0xbfe5)
core   0: 0x80010bde (0x00001f17) auipc   t5, 0x1
core   0: 3 0x80010bde (0x00001f17) x30 0x80011bde
core   0: 0x80010be2 (0x423f2123) sw      gp, 1058(t5)
core   0: 3 0x80010be2 (0x423f2123) mem 0x80012000 0x00000001
core   0: 0x80010be6 (0x0000bfe5) c.j     pc - 8
core   0: 3 0x80010be6 (0xbfe5)
core   0: 0x80010bde (0x00001f17) auipc   t5, 0x1
core   0: 3 0x80010bde (0x00001f17) x30 0x80011bde
core   0: 0x80010be2 (0x423f2123) sw      gp, 1058(t5)
core   0: 3 0x80010be2 (0x423f2123) mem 0x80012000 0x00000001
core   0: 0x80010be6 (0x0000bfe5) c.j     pc - 8
core   0: 3 0x80010be6 (0xbfe5)
core   0: 0x80010bde (0x00001f17) auipc   t5, 0x1
core   0: 3 0x80010bde (0x00001f17) x30 0x80011bde
core   0: 0x80010be2 (0x423f2123) sw      gp, 1058(t5)
core   0: 3 0x80010be2 (0x423f2123) mem 0x80012000 0x00000001
core   0: 0x80010be6 (0x0000bfe5) c.j     pc - 8
core   0: 3 0x80010be6 (0xbfe5)
core   0: 0x80010bde (0x00001f17) auipc   t5, 0x1
core   0: 3 0x80010bde (0x00001f17) x30 0x80011bde
core   0: 0x80010be2 (0x423f2123) sw      gp, 1058(t5)
core   0: 3 0x80010be2 (0x423f2123) mem 0x80012000 0x00000001
core   0: 0x80010be6 (0x0000bfe5) c.j     pc - 8
core   0: 3 0x80010be6 (0xbfe5)
core   0: 0x80010bde (0x00001f17) auipc   t5, 0x1
core   0: 3 0x80010bde (0x00001f17) x30 0x80011bde
core   0: 0x80010be2 (0x423f2123) sw      gp, 1058(t5)
core   0: 3 0x80010be2 (0x423f2123) mem 0x80012000 0x00000001
core   0: 0x80010be6 (0x0000bfe5) c.j     pc - 8
core   0: 3 0x80010be6 (0xbfe5)
core   0: 0x80010bde (0x00001f17) auipc   t5, 0x1
core   0: 3 0x80010bde (0x00001f17) x30 0x80011bde
core   0: 0x80010be2 (0x423f2123) sw      gp, 1058(t5)
core   0: 3 0x80010be2 (0x423f2123) mem 0x80012000 0x00000001
core   0: 0x80010be6 (0x0000bfe5) c.j     pc - 8
core   0: 3 0x80010be6 (0xbfe5)
core   0: 0x80010bde (0x00001f17) auipc   t5, 0x1
core   0: 3 0x80010bde (0x00001f17) x30 0x80011bde
core   0: 0x80010be2 (0x423f2123) sw      gp, 1058(t5)
core   0: 3 0x80010be2 (0x423f2123) mem 0x80012000 0x00000001
core   0: 0x80010be6 (0x0000bfe5) c.j     pc - 8
core   0: 3 0x80010be6 (0xbfe5)
core   0: 0x80010bde (0x00001f17) auipc   t5, 0x1
core   0: 3 0x80010bde (0x00001f17) x30 0x80011bde
core   0: 0x80010be2 (0x423f2123) sw      gp, 1058(t5)
core   0: 3 0x80010be2 (0x423f2123) mem 0x80012000 0x00000001
core   0: 0x80010be6 (0x0000bfe5) c.j     pc - 8
core   0: 3 0x80010be6 (0xbfe5)
core   0: 0x80010bde (0x00001f17) auipc   t5, 0x1
core   0: 3 0x80010bde (0x00001f17) x30 0x80011bde
core   0: 0x80010be2 (0x423f2123) sw      gp, 1058(t5)
core   0: 3 0x80010be2 (0x423f2123) mem 0x80012000 0x00000001
core   0: 0x80010be6 (0x0000bfe5) c.j     pc - 8
core   0: 3 0x80010be6 (0xbfe5)
core   0: 0x80010bde (0x00001f17) auipc   t5, 0x1
core   0: 3 0x80010bde (0x00001f17) x30 0x80011bde
core   0: 0x80010be2 (0x423f2123) sw      gp, 1058(t5)
core   0: 3 0x80010be2 (0x423f2123) mem 0x80012000 0x00000001
core   0: 0x80010be6 (0x0000bfe5) c.j     pc - 8
core   0: 3 0x80010be6 (0xbfe5)
core   0: 0x80010bde (0x00001f17) auipc   t5, 0x1
core   0: 3 0x80010bde (0x00001f17) x30 0x80011bde
core   0: 0x80010be2 (0x423f2123) sw      gp, 1058(t5)
core   0: 3 0x80010be2 (0x423f2123) mem 0x80012000 0x00000001
core   0: 0x80010be6 (0x0000bfe5) c.j     pc - 8
core   0: 3 0x80010be6 (0xbfe5)
core   0: 0x80010bde (0x00001f17) auipc   t5, 0x1
core   0: 3 0x80010bde (0x00001f17) x30 0x80011bde
core   0: 0x80010be2 (0x423f2123) sw      gp, 1058(t5)
core   0: 3 0x80010be2 (0x423f2123) mem 0x80012000 0x00000001
core   0: 0x80010be6 (0x0000bfe5) c.j     pc - 8
core   0: 3 0x80010be6 (0xbfe5)
core   0: 0x80010bde (0x00001f17) auipc   t5, 0x1
core   0: 3 0x80010bde (0x00001f17) x30 0x80011bde
core   0: 0x80010be2 (0x423f2123) sw      gp, 1058(t5)
core   0: 3 0x80010be2 (0x423f2123) mem 0x80012000 0x00000001
core   0: 0x80010be6 (0x0000bfe5) c.j     pc - 8
core   0: 3 0x80010be6 (0xbfe5)
core   0: 0x80010bde (0x00001f17) auipc   t5, 0x1
core   0: 3 0x80010bde (0x00001f17) x30 0x80011bde
core   0: 0x80010be2 (0x423f2123) sw      gp, 1058(t5)
core   0: 3 0x80010be2 (0x423f2123) mem 0x80012000 0x00000001
core   0: 0x80010be6 (0x0000bfe5) c.j     pc - 8
core   0: 3 0x80010be6 (0xbfe5)
core   0: 0x80010bde (0x00001f17) auipc   t5, 0x1
core   0: 3 0x80010bde (0x00001f17) x30 0x80011bde
core   0: 0x80010be2 (0x423f2123) sw      gp, 1058(t5)
core   0: 3 0x80010be2 (0x423f2123) mem 0x80012000 0x00000001
core   0: 0x80010be6 (0x0000bfe5) c.j     pc - 8
core   0: 3 0x80010be6 (0xbfe5)
core   0: 0x80010bde (0x00001f17) auipc   t5, 0x1
core   0: 3 0x80010bde (0x00001f17) x30 0x80011bde
core   0: 0x80010be2 (0x423f2123) sw      gp, 1058(t5)
core   0: 3 0x80010be2 (0x423f2123) mem 0x80012000 0x00000001
core   0: 0x80010be6 (0x0000bfe5) c.j     pc - 8
core   0: 3 0x80010be6 (0xbfe5)
core   0: 0x80010bde (0x00001f17) auipc   t5, 0x1
core   0: 3 0x80010bde (0x00001f17) x30 0x80011bde
core   0: 0x80010be2 (0x423f2123) sw      gp, 1058(t5)
core   0: 3 0x80010be2 (0x423f2123) mem 0x80012000 0x00000001
core   0: 0x80010be6 (0x0000bfe5) c.j     pc - 8
core   0: 3 0x80010be6 (0xbfe5)
core   0: 0x80010bde (0x00001f17) auipc   t5, 0x1
core   0: 3 0x80010bde (0x00001f17) x30 0x80011bde
core   0: 0x80010be2 (0x423f2123) sw      gp, 1058(t5)
core   0: 3 0x80010be2 (0x423f2123) mem 0x80012000 0x00000001
core   0: 0x80010be6 (0x0000bfe5) c.j     pc - 8
core   0: 3 0x80010be6 (0xbfe5)
core   0: 0x80010bde (0x00001f17) auipc   t5, 0x1
core   0: 3 0x80010bde (0x00001f17) x30 0x80011bde
core   0: 0x80010be2 (0x423f2123) sw      gp, 1058(t5)
core   0: 3 0x80010be2 (0x423f2123) mem 0x80012000 0x00000001
core   0: 0x80010be6 (0x0000bfe5) c.j     pc - 8
core   0: 3 0x80010be6 (0xbfe5)
core   0: 0x80010bde (0x00001f17) auipc   t5, 0x1
core   0: 3 0x80010bde (0x00001f17) x30 0x80011bde
core   0: 0x80010be2 (0x423f2123) sw      gp, 1058(t5)
core   0: 3 0x80010be2 (0x423f2123) mem 0x80012000 0x00000001
core   0: 0x80010be6 (0x0000bfe5) c.j     pc - 8
core   0: 3 0x80010be6 (0xbfe5)
core   0: 0x80010bde (0x00001f17) auipc   t5, 0x1
core   0: 3 0x80010bde (0x00001f17) x30 0x80011bde
core   0: 0x80010be2 (0x423f2123) sw      gp, 1058(t5)
core   0: 3 0x80010be2 (0x423f2123) mem 0x80012000 0x00000001
core   0: 0x80010be6 (0x0000bfe5) c.j     pc - 8
core   0: 3 0x80010be6 (0xbfe5)
core   0: 0x80010bde (0x00001f17) auipc   t5, 0x1
core   0: 3 0x80010bde (0x00001f17) x30 0x80011bde
core   0: 0x80010be2 (0x423f2123) sw      gp, 1058(t5)
core   0: 3 0x80010be2 (0x423f2123) mem 0x80012000 0x00000001
core   0: 0x80010be6 (0x0000bfe5) c.j     pc - 8
core   0: 3 0x80010be6 (0xbfe5)
core   0: 0x80010bde (0x00001f17) auipc   t5, 0x1
core   0: 3 0x80010bde (0x00001f17) x30 0x80011bde
core   0: 0x80010be2 (0x423f2123) sw      gp, 1058(t5)
core   0: 3 0x80010be2 (0x423f2123) mem 0x80012000 0x00000001
core   0: 0x80010be6 (0x0000bfe5) c.j     pc - 8
core   0: 3 0x80010be6 (0xbfe5)
core   0: 0x80010bde (0x00001f17) auipc   t5, 0x1
core   0: 3 0x80010bde (0x00001f17) x30 0x80011bde
core   0: 0x80010be2 (0x423f2123) sw      gp, 1058(t5)
core   0: 3 0x80010be2 (0x423f2123) mem 0x80012000 0x00000001
core   0: 0x80010be6 (0x0000bfe5) c.j     pc - 8
core   0: 3 0x80010be6 (0xbfe5)
core   0: 0x80010bde (0x00001f17) auipc   t5, 0x1
core   0: 3 0x80010bde (0x00001f17) x30 0x80011bde
core   0: 0x80010be2 (0x423f2123) sw      gp, 1058(t5)
core   0: 3 0x80010be2 (0x423f2123) mem 0x80012000 0x00000001
core   0: 0x80010be6 (0x0000bfe5) c.j     pc - 8
core   0: 3 0x80010be6 (0xbfe5)
core   0: 0x80010bde (0x00001f17) auipc   t5, 0x1
core   0: 3 0x80010bde (0x00001f17) x30 0x80011bde
core   0: 0x80010be2 (0x423f2123) sw      gp, 1058(t5)
core   0: 3 0x80010be2 (0x423f2123) mem 0x80012000 0x00000001
core   0: 0x80010be6 (0x0000bfe5) c.j     pc - 8
core   0: 3 0x80010be6 (0xbfe5)
core   0: 0x80010bde (0x00001f17) auipc   t5, 0x1
core   0: 3 0x80010bde (0x00001f17) x30 0x80011bde
core   0: 0x80010be2 (0x423f2123) sw      gp, 1058(t5)
core   0: 3 0x80010be2 (0x423f2123) mem 0x80012000 0x00000001
core   0: 0x80010be6 (0x0000bfe5) c.j     pc - 8
core   0: 3 0x80010be6 (0xbfe5)
core   0: 0x80010bde (0x00001f17) auipc   t5, 0x1
core   0: 3 0x80010bde (0x00001f17) x30 0x80011bde
core   0: 0x80010be2 (0x423f2123) sw      gp, 1058(t5)
core   0: 3 0x80010be2 (0x423f2123) mem 0x80012000 0x00000001
core   0: 0x80010be6 (0x0000bfe5) c.j     pc - 8
core   0: 3 0x80010be6 (0xbfe5)
core   0: 0x80010bde (0x00001f17) auipc   t5, 0x1
core   0: 3 0x80010bde (0x00001f17) x30 0x80011bde
core   0: 0x80010be2 (0x423f2123) sw      gp, 1058(t5)
core   0: 3 0x80010be2 (0x423f2123) mem 0x80012000 0x00000001
core   0: 0x80010be6 (0x0000bfe5) c.j     pc - 8
core   0: 3 0x80010be6 (0xbfe5)
core   0: 0x80010bde (0x00001f17) auipc   t5, 0x1
core   0: 3 0x80010bde (0x00001f17) x30 0x80011bde
core   0: 0x80010be2 (0x423f2123) sw      gp, 1058(t5)
core   0: 3 0x80010be2 (0x423f2123) mem 0x80012000 0x00000001
core   0: 0x80010be6 (0x0000bfe5) c.j     pc - 8
core   0: 3 0x80010be6 (0xbfe5)
core   0: 0x80010bde (0x00001f17) auipc   t5, 0x1
core   0: 3 0x80010bde (0x00001f17) x30 0x80011bde
core   0: 0x80010be2 (0x423f2123) sw      gp, 1058(t5)
core   0: 3 0x80010be2 (0x423f2123) mem 0x80012000 0x00000001
core   0: 0x80010be6 (0x0000bfe5) c.j     pc - 8
core   0: 3 0x80010be6 (0xbfe5)
core   0: 0x80010bde (0x00001f17) auipc   t5, 0x1
core   0: 3 0x80010bde (0x00001f17) x30 0x80011bde
core   0: 0x80010be2 (0x423f2123) sw      gp, 1058(t5)
core   0: 3 0x80010be2 (0x423f2123) mem 0x80012000 0x00000001
core   0: 0x80010be6 (0x0000bfe5) c.j     pc - 8
core   0: 3 0x80010be6 (0xbfe5)
core   0: 0x80010bde (0x00001f17) auipc   t5, 0x1
core   0: 3 0x80010bde (0x00001f17) x30 0x80011bde
core   0: 0x80010be2 (0x423f2123) sw      gp, 1058(t5)
core   0: 3 0x80010be2 (0x423f2123) mem 0x80012000 0x00000001
core   0: 0x80010be6 (0x0000bfe5) c.j     pc - 8
core   0: 3 0x80010be6 (0xbfe5)
core   0: 0x80010bde (0x00001f17) auipc   t5, 0x1
core   0: 3 0x80010bde (0x00001f17) x30 0x80011bde
core   0: 0x80010be2 (0x423f2123) sw      gp, 1058(t5)
core   0: 3 0x80010be2 (0x423f2123) mem 0x80012000 0x00000001
core   0: 0x80010be6 (0x0000bfe5) c.j     pc - 8
core   0: 3 0x80010be6 (0xbfe5)
core   0: 0x80010bde (0x00001f17) auipc   t5, 0x1
core   0: 3 0x80010bde (0x00001f17) x30 0x80011bde
core   0: 0x80010be2 (0x423f2123) sw      gp, 1058(t5)
core   0: 3 0x80010be2 (0x423f2123) mem 0x80012000 0x00000001
core   0: 0x80010be6 (0x0000bfe5) c.j     pc - 8
core   0: 3 0x80010be6 (0xbfe5)
core   0: 0x80010bde (0x00001f17) auipc   t5, 0x1
core   0: 3 0x80010bde (0x00001f17) x30 0x80011bde
core   0: 0x80010be2 (0x423f2123) sw      gp, 1058(t5)
core   0: 3 0x80010be2 (0x423f2123) mem 0x80012000 0x00000001
core   0: 0x80010be6 (0x0000bfe5) c.j     pc - 8
core   0: 3 0x80010be6 (0xbfe5)
core   0: 0x80010bde (0x00001f17) auipc   t5, 0x1
core   0: 3 0x80010bde (0x00001f17) x30 0x80011bde
core   0: 0x80010be2 (0x423f2123) sw      gp, 1058(t5)
core   0: 3 0x80010be2 (0x423f2123) mem 0x80012000 0x00000001
core   0: 0x80010be6 (0x0000bfe5) c.j     pc - 8
core   0: 3 0x80010be6 (0xbfe5)
core   0: 0x80010bde (0x00001f17) auipc   t5, 0x1
core   0: 3 0x80010bde (0x00001f17) x30 0x80011bde
core   0: 0x80010be2 (0x423f2123) sw      gp, 1058(t5)
core   0: 3 0x80010be2 (0x423f2123) mem 0x80012000 0x00000001
core   0: 0x80010be6 (0x0000bfe5) c.j     pc - 8
core   0: 3 0x80010be6 (0xbfe5)
core   0: 0x80010bde (0x00001f17) auipc   t5, 0x1
core   0: 3 0x80010bde (0x00001f17) x30 0x80011bde
core   0: 0x80010be2 (0x423f2123) sw      gp, 1058(t5)
core   0: 3 0x80010be2 (0x423f2123) mem 0x80012000 0x00000001
core   0: 0x80010be6 (0x0000bfe5) c.j     pc - 8
core   0: 3 0x80010be6 (0xbfe5)
core   0: 0x80010bde (0x00001f17) auipc   t5, 0x1
core   0: 3 0x80010bde (0x00001f17) x30 0x80011bde
core   0: 0x80010be2 (0x423f2123) sw      gp, 1058(t5)
core   0: 3 0x80010be2 (0x423f2123) mem 0x80012000 0x00000001
core   0: 0x80010be6 (0x0000bfe5) c.j     pc - 8
core   0: 3 0x80010be6 (0xbfe5)
core   0: 0x80010bde (0x00001f17) auipc   t5, 0x1
core   0: 3 0x80010bde (0x00001f17) x30 0x80011bde
core   0: 0x80010be2 (0x423f2123) sw      gp, 1058(t5)
core   0: 3 0x80010be2 (0x423f2123) mem 0x80012000 0x00000001
core   0: 0x80010be6 (0x0000bfe5) c.j     pc - 8
core   0: 3 0x80010be6 (0xbfe5)
core   0: 0x80010bde (0x00001f17) auipc   t5, 0x1
core   0: 3 0x80010bde (0x00001f17) x30 0x80011bde
core   0: 0x80010be2 (0x423f2123) sw      gp, 1058(t5)
core   0: 3 0x80010be2 (0x423f2123) mem 0x80012000 0x00000001
core   0: 0x80010be6 (0x0000bfe5) c.j     pc - 8
core   0: 3 0x80010be6 (0xbfe5)
core   0: 0x80010bde (0x00001f17) auipc   t5, 0x1
core   0: 3 0x80010bde (0x00001f17) x30 0x80011bde
core   0: 0x80010be2 (0x423f2123) sw      gp, 1058(t5)
core   0: 3 0x80010be2 (0x423f2123) mem 0x80012000 0x00000001
core   0: 0x80010be6 (0x0000bfe5) c.j     pc - 8
core   0: 3 0x80010be6 (0xbfe5)
core   0: 0x80010bde (0x00001f17) auipc   t5, 0x1
core   0: 3 0x80010bde (0x00001f17) x30 0x80011bde
core   0: 0x80010be2 (0x423f2123) sw      gp, 1058(t5)
core   0: 3 0x80010be2 (0x423f2123) mem 0x80012000 0x00000001
core   0: 0x80010be6 (0x0000bfe5) c.j     pc - 8
core   0: 3 0x80010be6 (0xbfe5)
core   0: 0x80010bde (0x00001f17) auipc   t5, 0x1
core   0: 3 0x80010bde (0x00001f17) x30 0x80011bde
core   0: 0x80010be2 (0x423f2123) sw      gp, 1058(t5)
core   0: 3 0x80010be2 (0x423f2123) mem 0x80012000 0x00000001
core   0: 0x80010be6 (0x0000bfe5) c.j     pc - 8
core   0: 3 0x80010be6 (0xbfe5)
core   0: 0x80010bde (0x00001f17) auipc   t5, 0x1
core   0: 3 0x80010bde (0x00001f17) x30 0x80011bde
core   0: 0x80010be2 (0x423f2123) sw      gp, 1058(t5)
core   0: 3 0x80010be2 (0x423f2123) mem 0x80012000 0x00000001
core   0: 0x80010be6 (0x0000bfe5) c.j     pc - 8
core   0: 3 0x80010be6 (0xbfe5)
core   0: 0x80010bde (0x00001f17) auipc   t5, 0x1
core   0: 3 0x80010bde (0x00001f17) x30 0x80011bde
core   0: 0x80010be2 (0x423f2123) sw      gp, 1058(t5)
core   0: 3 0x80010be2 (0x423f2123) mem 0x80012000 0x00000001
core   0: 0x80010be6 (0x0000bfe5) c.j     pc - 8
core   0: 3 0x80010be6 (0xbfe5)
core   0: 0x80010bde (0x00001f17) auipc   t5, 0x1
core   0: 3 0x80010bde (0x00001f17) x30 0x80011bde
core   0: 0x80010be2 (0x423f2123) sw      gp, 1058(t5)
core   0: 3 0x80010be2 (0x423f2123) mem 0x80012000 0x00000001
core   0: 0x80010be6 (0x0000bfe5) c.j     pc - 8
core   0: 3 0x80010be6 (0xbfe5)
core   0: 0x80010bde (0x00001f17) auipc   t5, 0x1
core   0: 3 0x80010bde (0x00001f17) x30 0x80011bde
core   0: 0x80010be2 (0x423f2123) sw      gp, 1058(t5)
core   0: 3 0x80010be2 (0x423f2123) mem 0x80012000 0x00000001
core   0: 0x80010be6 (0x0000bfe5) c.j     pc - 8
core   0: 3 0x80010be6 (0xbfe5)
core   0: 0x80010bde (0x00001f17) auipc   t5, 0x1
core   0: 3 0x80010bde (0x00001f17) x30 0x80011bde
core   0: 0x80010be2 (0x423f2123) sw      gp, 1058(t5)
core   0: 3 0x80010be2 (0x423f2123) mem 0x80012000 0x00000001
core   0: 0x80010be6 (0x0000bfe5) c.j     pc - 8
core   0: 3 0x80010be6 (0xbfe5)
core   0: 0x80010bde (0x00001f17) auipc   t5, 0x1
core   0: 3 0x80010bde (0x00001f17) x30 0x80011bde
core   0: 0x80010be2 (0x423f2123) sw      gp, 1058(t5)
core   0: 3 0x80010be2 (0x423f2123) mem 0x80012000 0x00000001
core   0: 0x80010be6 (0x0000bfe5) c.j     pc - 8
core   0: 3 0x80010be6 (0xbfe5)
core   0: 0x80010bde (0x00001f17) auipc   t5, 0x1
core   0: 3 0x80010bde (0x00001f17) x30 0x80011bde
core   0: 0x80010be2 (0x423f2123) sw      gp, 1058(t5)
core   0: 3 0x80010be2 (0x423f2123) mem 0x80012000 0x00000001
core   0: 0x80010be6 (0x0000bfe5) c.j     pc - 8
core   0: 3 0x80010be6 (0xbfe5)
core   0: 0x80010bde (0x00001f17) auipc   t5, 0x1
core   0: 3 0x80010bde (0x00001f17) x30 0x80011bde
core   0: 0x80010be2 (0x423f2123) sw      gp, 1058(t5)
core   0: 3 0x80010be2 (0x423f2123) mem 0x80012000 0x00000001
core   0: 0x80010be6 (0x0000bfe5) c.j     pc - 8
core   0: 3 0x80010be6 (0xbfe5)
core   0: 0x80010bde (0x00001f17) auipc   t5, 0x1
core   0: 3 0x80010bde (0x00001f17) x30 0x80011bde
core   0: 0x80010be2 (0x423f2123) sw      gp, 1058(t5)
core   0: 3 0x80010be2 (0x423f2123) mem 0x80012000 0x00000001
core   0: 0x80010be6 (0x0000bfe5) c.j     pc - 8
core   0: 3 0x80010be6 (0xbfe5)
core   0: 0x80010bde (0x00001f17) auipc   t5, 0x1
core   0: 3 0x80010bde (0x00001f17) x30 0x80011bde
core   0: 0x80010be2 (0x423f2123) sw      gp, 1058(t5)
core   0: 3 0x80010be2 (0x423f2123) mem 0x80012000 0x00000001
core   0: 0x80010be6 (0x0000bfe5) c.j     pc - 8
core   0: 3 0x80010be6 (0xbfe5)
core   0: 0x80010bde (0x00001f17) auipc   t5, 0x1
core   0: 3 0x80010bde (0x00001f17) x30 0x80011bde
core   0: 0x80010be2 (0x423f2123) sw      gp, 1058(t5)
core   0: 3 0x80010be2 (0x423f2123) mem 0x80012000 0x00000001
core   0: 0x80010be6 (0x0000bfe5) c.j     pc - 8
core   0: 3 0x80010be6 (0xbfe5)
core   0: 0x80010bde (0x00001f17) auipc   t5, 0x1
core   0: 3 0x80010bde (0x00001f17) x30 0x80011bde
core   0: 0x80010be2 (0x423f2123) sw      gp, 1058(t5)
core   0: 3 0x80010be2 (0x423f2123) mem 0x80012000 0x00000001
core   0: 0x80010be6 (0x0000bfe5) c.j     pc - 8
core   0: 3 0x80010be6 (0xbfe5)
core   0: 0x80010bde (0x00001f17) auipc   t5, 0x1
core   0: 3 0x80010bde (0x00001f17) x30 0x80011bde
core   0: 0x80010be2 (0x423f2123) sw      gp, 1058(t5)
core   0: 3 0x80010be2 (0x423f2123) mem 0x80012000 0x00000001
core   0: 0x80010be6 (0x0000bfe5) c.j     pc - 8
core   0: 3 0x80010be6 (0xbfe5)
core   0: 0x80010bde (0x00001f17) auipc   t5, 0x1
core   0: 3 0x80010bde (0x00001f17) x30 0x80011bde
core   0: 0x80010be2 (0x423f2123) sw      gp, 1058(t5)
core   0: 3 0x80010be2 (0x423f2123) mem 0x80012000 0x00000001
core   0: 0x80010be6 (0x0000bfe5) c.j     pc - 8
core   0: 3 0x80010be6 (0xbfe5)
core   0: 0x80010bde (0x00001f17) auipc   t5, 0x1
core   0: 3 0x80010bde (0x00001f17) x30 0x80011bde
core   0: 0x80010be2 (0x423f2123) sw      gp, 1058(t5)
core   0: 3 0x80010be2 (0x423f2123) mem 0x80012000 0x00000001
core   0: 0x80010be6 (0x0000bfe5) c.j     pc - 8
core   0: 3 0x80010be6 (0xbfe5)
core   0: 0x80010bde (0x00001f17) auipc   t5, 0x1
core   0: 3 0x80010bde (0x00001f17) x30 0x80011bde
core   0: 0x80010be2 (0x423f2123) sw      gp, 1058(t5)
core   0: 3 0x80010be2 (0x423f2123) mem 0x80012000 0x00000001
core   0: 0x80010be6 (0x0000bfe5) c.j     pc - 8
core   0: 3 0x80010be6 (0xbfe5)
core   0: 0x80010bde (0x00001f17) auipc   t5, 0x1
core   0: 3 0x80010bde (0x00001f17) x30 0x80011bde
core   0: 0x80010be2 (0x423f2123) sw      gp, 1058(t5)
core   0: 3 0x80010be2 (0x423f2123) mem 0x80012000 0x00000001
core   0: 0x80010be6 (0x0000bfe5) c.j     pc - 8
core   0: 3 0x80010be6 (0xbfe5)
core   0: 0x80010bde (0x00001f17) auipc   t5, 0x1
core   0: 3 0x80010bde (0x00001f17) x30 0x80011bde
core   0: 0x80010be2 (0x423f2123) sw      gp, 1058(t5)
core   0: 3 0x80010be2 (0x423f2123) mem 0x80012000 0x00000001
core   0: 0x80010be6 (0x0000bfe5) c.j     pc - 8
core   0: 3 0x80010be6 (0xbfe5)
core   0: 0x80010bde (0x00001f17) auipc   t5, 0x1
core   0: 3 0x80010bde (0x00001f17) x30 0x80011bde
core   0: 0x80010be2 (0x423f2123) sw      gp, 1058(t5)
core   0: 3 0x80010be2 (0x423f2123) mem 0x80012000 0x00000001
core   0: 0x80010be6 (0x0000bfe5) c.j     pc - 8
core   0: 3 0x80010be6 (0xbfe5)
core   0: 0x80010bde (0x00001f17) auipc   t5, 0x1
core   0: 3 0x80010bde (0x00001f17) x30 0x80011bde
core   0: 0x80010be2 (0x423f2123) sw      gp, 1058(t5)
core   0: 3 0x80010be2 (0x423f2123) mem 0x80012000 0x00000001
core   0: 0x80010be6 (0x0000bfe5) c.j     pc - 8
core   0: 3 0x80010be6 (0xbfe5)
core   0: 0x80010bde (0x00001f17) auipc   t5, 0x1
core   0: 3 0x80010bde (0x00001f17) x30 0x80011bde
core   0: 0x80010be2 (0x423f2123) sw      gp, 1058(t5)
core   0: 3 0x80010be2 (0x423f2123) mem 0x80012000 0x00000001
core   0: 0x80010be6 (0x0000bfe5) c.j     pc - 8
core   0: 3 0x80010be6 (0xbfe5)
core   0: 0x80010bde (0x00001f17) auipc   t5, 0x1
core   0: 3 0x80010bde (0x00001f17) x30 0x80011bde
core   0: 0x80010be2 (0x423f2123) sw      gp, 1058(t5)
core   0: 3 0x80010be2 (0x423f2123) mem 0x80012000 0x00000001
core   0: 0x80010be6 (0x0000bfe5) c.j     pc - 8
core   0: 3 0x80010be6 (0xbfe5)
core   0: 0x80010bde (0x00001f17) auipc   t5, 0x1
core   0: 3 0x80010bde (0x00001f17) x30 0x80011bde
core   0: 0x80010be2 (0x423f2123) sw      gp, 1058(t5)
core   0: 3 0x80010be2 (0x423f2123) mem 0x80012000 0x00000001
core   0: 0x80010be6 (0x0000bfe5) c.j     pc - 8
core   0: 3 0x80010be6 (0xbfe5)
core   0: 0x80010bde (0x00001f17) auipc   t5, 0x1
core   0: 3 0x80010bde (0x00001f17) x30 0x80011bde
core   0: 0x80010be2 (0x423f2123) sw      gp, 1058(t5)
core   0: 3 0x80010be2 (0x423f2123) mem 0x80012000 0x00000001
core   0: 0x80010be6 (0x0000bfe5) c.j     pc - 8
core   0: 3 0x80010be6 (0xbfe5)
core   0: 0x80010bde (0x00001f17) auipc   t5, 0x1
core   0: 3 0x80010bde (0x00001f17) x30 0x80011bde
core   0: 0x80010be2 (0x423f2123) sw      gp, 1058(t5)
core   0: 3 0x80010be2 (0x423f2123) mem 0x80012000 0x00000001
core   0: 0x80010be6 (0x0000bfe5) c.j     pc - 8
core   0: 3 0x80010be6 (0xbfe5)
core   0: 0x80010bde (0x00001f17) auipc   t5, 0x1
core   0: 3 0x80010bde (0x00001f17) x30 0x80011bde
core   0: 0x80010be2 (0x423f2123) sw      gp, 1058(t5)
core   0: 3 0x80010be2 (0x423f2123) mem 0x80012000 0x00000001
core   0: 0x80010be6 (0x0000bfe5) c.j     pc - 8
core   0: 3 0x80010be6 (0xbfe5)
core   0: 0x80010bde (0x00001f17) auipc   t5, 0x1
core   0: 3 0x80010bde (0x00001f17) x30 0x80011bde
core   0: 0x80010be2 (0x423f2123) sw      gp, 1058(t5)
core   0: 3 0x80010be2 (0x423f2123) mem 0x80012000 0x00000001
core   0: 0x80010be6 (0x0000bfe5) c.j     pc - 8
core   0: 3 0x80010be6 (0xbfe5)
core   0: 0x80010bde (0x00001f17) auipc   t5, 0x1
core   0: 3 0x80010bde (0x00001f17) x30 0x80011bde
core   0: 0x80010be2 (0x423f2123) sw      gp, 1058(t5)
core   0: 3 0x80010be2 (0x423f2123) mem 0x80012000 0x00000001
core   0: 0x80010be6 (0x0000bfe5) c.j     pc - 8
core   0: 3 0x80010be6 (0xbfe5)
core   0: 0x80010bde (0x00001f17) auipc   t5, 0x1
core   0: 3 0x80010bde (0x00001f17) x30 0x80011bde
core   0: 0x80010be2 (0x423f2123) sw      gp, 1058(t5)
core   0: 3 0x80010be2 (0x423f2123) mem 0x80012000 0x00000001
core   0: 0x80010be6 (0x0000bfe5) c.j     pc - 8
core   0: 3 0x80010be6 (0xbfe5)
core   0: 0x80010bde (0x00001f17) auipc   t5, 0x1
core   0: 3 0x80010bde (0x00001f17) x30 0x80011bde
core   0: 0x80010be2 (0x423f2123) sw      gp, 1058(t5)
core   0: 3 0x80010be2 (0x423f2123) mem 0x80012000 0x00000001
core   0: 0x80010be6 (0x0000bfe5) c.j     pc - 8
core   0: 3 0x80010be6 (0xbfe5)
core   0: 0x80010bde (0x00001f17) auipc   t5, 0x1
core   0: 3 0x80010bde (0x00001f17) x30 0x80011bde
core   0: 0x80010be2 (0x423f2123) sw      gp, 1058(t5)
core   0: 3 0x80010be2 (0x423f2123) mem 0x80012000 0x00000001
core   0: 0x80010be6 (0x0000bfe5) c.j     pc - 8
core   0: 3 0x80010be6 (0xbfe5)
core   0: 0x80010bde (0x00001f17) auipc   t5, 0x1
core   0: 3 0x80010bde (0x00001f17) x30 0x80011bde
core   0: 0x80010be2 (0x423f2123) sw      gp, 1058(t5)
core   0: 3 0x80010be2 (0x423f2123) mem 0x80012000 0x00000001
core   0: 0x80010be6 (0x0000bfe5) c.j     pc - 8
core   0: 3 0x80010be6 (0xbfe5)
core   0: 0x80010bde (0x00001f17) auipc   t5, 0x1
core   0: 3 0x80010bde (0x00001f17) x30 0x80011bde
core   0: 0x80010be2 (0x423f2123) sw      gp, 1058(t5)
core   0: 3 0x80010be2 (0x423f2123) mem 0x80012000 0x00000001
core   0: 0x80010be6 (0x0000bfe5) c.j     pc - 8
core   0: 3 0x80010be6 (0xbfe5)
core   0: 0x80010bde (0x00001f17) auipc   t5, 0x1
core   0: 3 0x80010bde (0x00001f17) x30 0x80011bde
core   0: 0x80010be2 (0x423f2123) sw      gp, 1058(t5)
core   0: 3 0x80010be2 (0x423f2123) mem 0x80012000 0x00000001
core   0: 0x80010be6 (0x0000bfe5) c.j     pc - 8
core   0: 3 0x80010be6 (0xbfe5)
core   0: 0x80010bde (0x00001f17) auipc   t5, 0x1
core   0: 3 0x80010bde (0x00001f17) x30 0x80011bde
core   0: 0x80010be2 (0x423f2123) sw      gp, 1058(t5)
core   0: 3 0x80010be2 (0x423f2123) mem 0x80012000 0x00000001
core   0: 0x80010be6 (0x0000bfe5) c.j     pc - 8
core   0: 3 0x80010be6 (0xbfe5)
core   0: 0x80010bde (0x00001f17) auipc   t5, 0x1
core   0: 3 0x80010bde (0x00001f17) x30 0x80011bde
core   0: 0x80010be2 (0x423f2123) sw      gp, 1058(t5)
core   0: 3 0x80010be2 (0x423f2123) mem 0x80012000 0x00000001
core   0: 0x80010be6 (0x0000bfe5) c.j     pc - 8
core   0: 3 0x80010be6 (0xbfe5)
core   0: 0x80010bde (0x00001f17) auipc   t5, 0x1
core   0: 3 0x80010bde (0x00001f17) x30 0x80011bde
core   0: 0x80010be2 (0x423f2123) sw      gp, 1058(t5)
core   0: 3 0x80010be2 (0x423f2123) mem 0x80012000 0x00000001
core   0: 0x80010be6 (0x0000bfe5) c.j     pc - 8
core   0: 3 0x80010be6 (0xbfe5)
core   0: 0x80010bde (0x00001f17) auipc   t5, 0x1
core   0: 3 0x80010bde (0x00001f17) x30 0x80011bde
core   0: 0x80010be2 (0x423f2123) sw      gp, 1058(t5)
core   0: 3 0x80010be2 (0x423f2123) mem 0x80012000 0x00000001
core   0: 0x80010be6 (0x0000bfe5) c.j     pc - 8
core   0: 3 0x80010be6 (0xbfe5)
core   0: 0x80010bde (0x00001f17) auipc   t5, 0x1
core   0: 3 0x80010bde (0x00001f17) x30 0x80011bde
core   0: 0x80010be2 (0x423f2123) sw      gp, 1058(t5)
core   0: 3 0x80010be2 (0x423f2123) mem 0x80012000 0x00000001
core   0: 0x80010be6 (0x0000bfe5) c.j     pc - 8
core   0: 3 0x80010be6 (0xbfe5)
core   0: 0x80010bde (0x00001f17) auipc   t5, 0x1
core   0: 3 0x80010bde (0x00001f17) x30 0x80011bde
core   0: 0x80010be2 (0x423f2123) sw      gp, 1058(t5)
core   0: 3 0x80010be2 (0x423f2123) mem 0x80012000 0x00000001
core   0: 0x80010be6 (0x0000bfe5) c.j     pc - 8
core   0: 3 0x80010be6 (0xbfe5)
core   0: 0x80010bde (0x00001f17) auipc   t5, 0x1
core   0: 3 0x80010bde (0x00001f17) x30 0x80011bde
core   0: 0x80010be2 (0x423f2123) sw      gp, 1058(t5)
core   0: 3 0x80010be2 (0x423f2123) mem 0x80012000 0x00000001
core   0: 0x80010be6 (0x0000bfe5) c.j     pc - 8
core   0: 3 0x80010be6 (0xbfe5)
core   0: 0x80010bde (0x00001f17) auipc   t5, 0x1
core   0: 3 0x80010bde (0x00001f17) x30 0x80011bde
core   0: 0x80010be2 (0x423f2123) sw      gp, 1058(t5)
core   0: 3 0x80010be2 (0x423f2123) mem 0x80012000 0x00000001
core   0: 0x80010be6 (0x0000bfe5) c.j     pc - 8
core   0: 3 0x80010be6 (0xbfe5)
core   0: 0x80010bde (0x00001f17) auipc   t5, 0x1
core   0: 3 0x80010bde (0x00001f17) x30 0x80011bde
core   0: 0x80010be2 (0x423f2123) sw      gp, 1058(t5)
core   0: 3 0x80010be2 (0x423f2123) mem 0x80012000 0x00000001
core   0: 0x80010be6 (0x0000bfe5) c.j     pc - 8
core   0: 3 0x80010be6 (0xbfe5)
core   0: 0x80010bde (0x00001f17) auipc   t5, 0x1
core   0: 3 0x80010bde (0x00001f17) x30 0x80011bde
core   0: 0x80010be2 (0x423f2123) sw      gp, 1058(t5)
core   0: 3 0x80010be2 (0x423f2123) mem 0x80012000 0x00000001
core   0: 0x80010be6 (0x0000bfe5) c.j     pc - 8
core   0: 3 0x80010be6 (0xbfe5)
core   0: 0x80010bde (0x00001f17) auipc   t5, 0x1
core   0: 3 0x80010bde (0x00001f17) x30 0x80011bde
core   0: 0x80010be2 (0x423f2123) sw      gp, 1058(t5)
core   0: 3 0x80010be2 (0x423f2123) mem 0x80012000 0x00000001
core   0: 0x80010be6 (0x0000bfe5) c.j     pc - 8
core   0: 3 0x80010be6 (0xbfe5)
core   0: 0x80010bde (0x00001f17) auipc   t5, 0x1
core   0: 3 0x80010bde (0x00001f17) x30 0x80011bde
core   0: 0x80010be2 (0x423f2123) sw      gp, 1058(t5)
core   0: 3 0x80010be2 (0x423f2123) mem 0x80012000 0x00000001
core   0: 0x80010be6 (0x0000bfe5) c.j     pc - 8
core   0: 3 0x80010be6 (0xbfe5)
core   0: 0x80010bde (0x00001f17) auipc   t5, 0x1
core   0: 3 0x80010bde (0x00001f17) x30 0x80011bde
core   0: 0x80010be2 (0x423f2123) sw      gp, 1058(t5)
core   0: 3 0x80010be2 (0x423f2123) mem 0x80012000 0x00000001
core   0: 0x80010be6 (0x0000bfe5) c.j     pc - 8
core   0: 3 0x80010be6 (0xbfe5)
core   0: 0x80010bde (0x00001f17) auipc   t5, 0x1
core   0: 3 0x80010bde (0x00001f17) x30 0x80011bde
core   0: 0x80010be2 (0x423f2123) sw      gp, 1058(t5)
core   0: 3 0x80010be2 (0x423f2123) mem 0x80012000 0x00000001
core   0: 0x80010be6 (0x0000bfe5) c.j     pc - 8
core   0: 3 0x80010be6 (0xbfe5)
core   0: 0x80010bde (0x00001f17) auipc   t5, 0x1
core   0: 3 0x80010bde (0x00001f17) x30 0x80011bde
core   0: 0x80010be2 (0x423f2123) sw      gp, 1058(t5)
core   0: 3 0x80010be2 (0x423f2123) mem 0x80012000 0x00000001
core   0: 0x80010be6 (0x0000bfe5) c.j     pc - 8
core   0: 3 0x80010be6 (0xbfe5)
core   0: 0x80010bde (0x00001f17) auipc   t5, 0x1
core   0: 3 0x80010bde (0x00001f17) x30 0x80011bde
core   0: 0x80010be2 (0x423f2123) sw      gp, 1058(t5)
core   0: 3 0x80010be2 (0x423f2123) mem 0x80012000 0x00000001
core   0: 0x80010be6 (0x0000bfe5) c.j     pc - 8
core   0: 3 0x80010be6 (0xbfe5)
core   0: 0x80010bde (0x00001f17) auipc   t5, 0x1
core   0: 3 0x80010bde (0x00001f17) x30 0x80011bde
core   0: 0x80010be2 (0x423f2123) sw      gp, 1058(t5)
core   0: 3 0x80010be2 (0x423f2123) mem 0x80012000 0x00000001
core   0: 0x80010be6 (0x0000bfe5) c.j     pc - 8
core   0: 3 0x80010be6 (0xbfe5)
core   0: 0x80010bde (0x00001f17) auipc   t5, 0x1
core   0: 3 0x80010bde (0x00001f17) x30 0x80011bde
core   0: 0x80010be2 (0x423f2123) sw      gp, 1058(t5)
core   0: 3 0x80010be2 (0x423f2123) mem 0x80012000 0x00000001
core   0: 0x80010be6 (0x0000bfe5) c.j     pc - 8
core   0: 3 0x80010be6 (0xbfe5)
core   0: 0x80010bde (0x00001f17) auipc   t5, 0x1
core   0: 3 0x80010bde (0x00001f17) x30 0x80011bde
core   0: 0x80010be2 (0x423f2123) sw      gp, 1058(t5)
core   0: 3 0x80010be2 (0x423f2123) mem 0x80012000 0x00000001
core   0: 0x80010be6 (0x0000bfe5) c.j     pc - 8
core   0: 3 0x80010be6 (0xbfe5)
core   0: 0x80010bde (0x00001f17) auipc   t5, 0x1
core   0: 3 0x80010bde (0x00001f17) x30 0x80011bde
core   0: 0x80010be2 (0x423f2123) sw      gp, 1058(t5)
core   0: 3 0x80010be2 (0x423f2123) mem 0x80012000 0x00000001
core   0: 0x80010be6 (0x0000bfe5) c.j     pc - 8
core   0: 3 0x80010be6 (0xbfe5)
core   0: 0x80010bde (0x00001f17) auipc   t5, 0x1
core   0: 3 0x80010bde (0x00001f17) x30 0x80011bde
core   0: 0x80010be2 (0x423f2123) sw      gp, 1058(t5)
core   0: 3 0x80010be2 (0x423f2123) mem 0x80012000 0x00000001
core   0: 0x80010be6 (0x0000bfe5) c.j     pc - 8
core   0: 3 0x80010be6 (0xbfe5)
core   0: 0x80010bde (0x00001f17) auipc   t5, 0x1
core   0: 3 0x80010bde (0x00001f17) x30 0x80011bde
core   0: 0x80010be2 (0x423f2123) sw      gp, 1058(t5)
core   0: 3 0x80010be2 (0x423f2123) mem 0x80012000 0x00000001
core   0: 0x80010be6 (0x0000bfe5) c.j     pc - 8
core   0: 3 0x80010be6 (0xbfe5)
core   0: 0x80010bde (0x00001f17) auipc   t5, 0x1
core   0: 3 0x80010bde (0x00001f17) x30 0x80011bde
core   0: 0x80010be2 (0x423f2123) sw      gp, 1058(t5)
core   0: 3 0x80010be2 (0x423f2123) mem 0x80012000 0x00000001
core   0: 0x80010be6 (0x0000bfe5) c.j     pc - 8
core   0: 3 0x80010be6 (0xbfe5)
core   0: 0x80010bde (0x00001f17) auipc   t5, 0x1
core   0: 3 0x80010bde (0x00001f17) x30 0x80011bde
core   0: 0x80010be2 (0x423f2123) sw      gp, 1058(t5)
core   0: 3 0x80010be2 (0x423f2123) mem 0x80012000 0x00000001
core   0: 0x80010be6 (0x0000bfe5) c.j     pc - 8
core   0: 3 0x80010be6 (0xbfe5)
core   0: 0x80010bde (0x00001f17) auipc   t5, 0x1
core   0: 3 0x80010bde (0x00001f17) x30 0x80011bde
core   0: 0x80010be2 (0x423f2123) sw      gp, 1058(t5)
core   0: 3 0x80010be2 (0x423f2123) mem 0x80012000 0x00000001
core   0: 0x80010be6 (0x0000bfe5) c.j     pc - 8
core   0: 3 0x80010be6 (0xbfe5)
core   0: 0x80010bde (0x00001f17) auipc   t5, 0x1
core   0: 3 0x80010bde (0x00001f17) x30 0x80011bde
core   0: 0x80010be2 (0x423f2123) sw      gp, 1058(t5)
core   0: 3 0x80010be2 (0x423f2123) mem 0x80012000 0x00000001
core   0: 0x80010be6 (0x0000bfe5) c.j     pc - 8
core   0: 3 0x80010be6 (0xbfe5)
core   0: 0x80010bde (0x00001f17) auipc   t5, 0x1
core   0: 3 0x80010bde (0x00001f17) x30 0x80011bde
core   0: 0x80010be2 (0x423f2123) sw      gp, 1058(t5)
core   0: 3 0x80010be2 (0x423f2123) mem 0x80012000 0x00000001
core   0: 0x80010be6 (0x0000bfe5) c.j     pc - 8
core   0: 3 0x80010be6 (0xbfe5)
core   0: 0x80010bde (0x00001f17) auipc   t5, 0x1
core   0: 3 0x80010bde (0x00001f17) x30 0x80011bde
core   0: 0x80010be2 (0x423f2123) sw      gp, 1058(t5)
core   0: 3 0x80010be2 (0x423f2123) mem 0x80012000 0x00000001
core   0: 0x80010be6 (0x0000bfe5) c.j     pc - 8
core   0: 3 0x80010be6 (0xbfe5)
core   0: 0x80010bde (0x00001f17) auipc   t5, 0x1
core   0: 3 0x80010bde (0x00001f17) x30 0x80011bde
core   0: 0x80010be2 (0x423f2123) sw      gp, 1058(t5)
core   0: 3 0x80010be2 (0x423f2123) mem 0x80012000 0x00000001
core   0: 0x80010be6 (0x0000bfe5) c.j     pc - 8
core   0: 3 0x80010be6 (0xbfe5)
core   0: 0x80010bde (0x00001f17) auipc   t5, 0x1
core   0: 3 0x80010bde (0x00001f17) x30 0x80011bde
core   0: 0x80010be2 (0x423f2123) sw      gp, 1058(t5)
core   0: 3 0x80010be2 (0x423f2123) mem 0x80012000 0x00000001
core   0: 0x80010be6 (0x0000bfe5) c.j     pc - 8
core   0: 3 0x80010be6 (0xbfe5)
core   0: 0x80010bde (0x00001f17) auipc   t5, 0x1
core   0: 3 0x80010bde (0x00001f17) x30 0x80011bde
core   0: 0x80010be2 (0x423f2123) sw      gp, 1058(t5)
core   0: 3 0x80010be2 (0x423f2123) mem 0x80012000 0x00000001
core   0: 0x80010be6 (0x0000bfe5) c.j     pc - 8
core   0: 3 0x80010be6 (0xbfe5)
core   0: 0x80010bde (0x00001f17) auipc   t5, 0x1
core   0: 3 0x80010bde (0x00001f17) x30 0x80011bde
core   0: 0x80010be2 (0x423f2123) sw      gp, 1058(t5)
core   0: 3 0x80010be2 (0x423f2123) mem 0x80012000 0x00000001
core   0: 0x80010be6 (0x0000bfe5) c.j     pc - 8
core   0: 3 0x80010be6 (0xbfe5)
core   0: 0x80010bde (0x00001f17) auipc   t5, 0x1
core   0: 3 0x80010bde (0x00001f17) x30 0x80011bde
core   0: 0x80010be2 (0x423f2123) sw      gp, 1058(t5)
core   0: 3 0x80010be2 (0x423f2123) mem 0x80012000 0x00000001
core   0: 0x80010be6 (0x0000bfe5) c.j     pc - 8
core   0: 3 0x80010be6 (0xbfe5)
core   0: 0x80010bde (0x00001f17) auipc   t5, 0x1
core   0: 3 0x80010bde (0x00001f17) x30 0x80011bde
core   0: 0x80010be2 (0x423f2123) sw      gp, 1058(t5)
core   0: 3 0x80010be2 (0x423f2123) mem 0x80012000 0x00000001
core   0: 0x80010be6 (0x0000bfe5) c.j     pc - 8
core   0: 3 0x80010be6 (0xbfe5)
core   0: 0x80010bde (0x00001f17) auipc   t5, 0x1
core   0: 3 0x80010bde (0x00001f17) x30 0x80011bde
core   0: 0x80010be2 (0x423f2123) sw      gp, 1058(t5)
core   0: 3 0x80010be2 (0x423f2123) mem 0x80012000 0x00000001
core   0: 0x80010be6 (0x0000bfe5) c.j     pc - 8
core   0: 3 0x80010be6 (0xbfe5)
core   0: 0x80010bde (0x00001f17) auipc   t5, 0x1
core   0: 3 0x80010bde (0x00001f17) x30 0x80011bde
core   0: 0x80010be2 (0x423f2123) sw      gp, 1058(t5)
core   0: 3 0x80010be2 (0x423f2123) mem 0x80012000 0x00000001
core   0: 0x80010be6 (0x0000bfe5) c.j     pc - 8
core   0: 3 0x80010be6 (0xbfe5)
core   0: 0x80010bde (0x00001f17) auipc   t5, 0x1
core   0: 3 0x80010bde (0x00001f17) x30 0x80011bde
core   0: 0x80010be2 (0x423f2123) sw      gp, 1058(t5)
core   0: 3 0x80010be2 (0x423f2123) mem 0x80012000 0x00000001
core   0: 0x80010be6 (0x0000bfe5) c.j     pc - 8
core   0: 3 0x80010be6 (0xbfe5)
core   0: 0x80010bde (0x00001f17) auipc   t5, 0x1
core   0: 3 0x80010bde (0x00001f17) x30 0x80011bde
core   0: 0x80010be2 (0x423f2123) sw      gp, 1058(t5)
core   0: 3 0x80010be2 (0x423f2123) mem 0x80012000 0x00000001
core   0: 0x80010be6 (0x0000bfe5) c.j     pc - 8
core   0: 3 0x80010be6 (0xbfe5)
core   0: 0x80010bde (0x00001f17) auipc   t5, 0x1
core   0: 3 0x80010bde (0x00001f17) x30 0x80011bde
core   0: 0x80010be2 (0x423f2123) sw      gp, 1058(t5)
core   0: 3 0x80010be2 (0x423f2123) mem 0x80012000 0x00000001
core   0: 0x80010be6 (0x0000bfe5) c.j     pc - 8
core   0: 3 0x80010be6 (0xbfe5)
core   0: 0x80010bde (0x00001f17) auipc   t5, 0x1
core   0: 3 0x80010bde (0x00001f17) x30 0x80011bde
core   0: 0x80010be2 (0x423f2123) sw      gp, 1058(t5)
core   0: 3 0x80010be2 (0x423f2123) mem 0x80012000 0x00000001
core   0: 0x80010be6 (0x0000bfe5) c.j     pc - 8
core   0: 3 0x80010be6 (0xbfe5)
core   0: 0x80010bde (0x00001f17) auipc   t5, 0x1
core   0: 3 0x80010bde (0x00001f17) x30 0x80011bde
core   0: 0x80010be2 (0x423f2123) sw      gp, 1058(t5)
core   0: 3 0x80010be2 (0x423f2123) mem 0x80012000 0x00000001
core   0: 0x80010be6 (0x0000bfe5) c.j     pc - 8
core   0: 3 0x80010be6 (0xbfe5)
core   0: 0x80010bde (0x00001f17) auipc   t5, 0x1
core   0: 3 0x80010bde (0x00001f17) x30 0x80011bde
core   0: 0x80010be2 (0x423f2123) sw      gp, 1058(t5)
core   0: 3 0x80010be2 (0x423f2123) mem 0x80012000 0x00000001
core   0: 0x80010be6 (0x0000bfe5) c.j     pc - 8
core   0: 3 0x80010be6 (0xbfe5)
core   0: 0x80010bde (0x00001f17) auipc   t5, 0x1
core   0: 3 0x80010bde (0x00001f17) x30 0x80011bde
core   0: 0x80010be2 (0x423f2123) sw      gp, 1058(t5)
core   0: 3 0x80010be2 (0x423f2123) mem 0x80012000 0x00000001
core   0: 0x80010be6 (0x0000bfe5) c.j     pc - 8
core   0: 3 0x80010be6 (0xbfe5)
core   0: 0x80010bde (0x00001f17) auipc   t5, 0x1
core   0: 3 0x80010bde (0x00001f17) x30 0x80011bde
core   0: 0x80010be2 (0x423f2123) sw      gp, 1058(t5)
core   0: 3 0x80010be2 (0x423f2123) mem 0x80012000 0x00000001
core   0: 0x80010be6 (0x0000bfe5) c.j     pc - 8
core   0: 3 0x80010be6 (0xbfe5)
core   0: 0x80010bde (0x00001f17) auipc   t5, 0x1
core   0: 3 0x80010bde (0x00001f17) x30 0x80011bde
core   0: 0x80010be2 (0x423f2123) sw      gp, 1058(t5)
core   0: 3 0x80010be2 (0x423f2123) mem 0x80012000 0x00000001
core   0: 0x80010be6 (0x0000bfe5) c.j     pc - 8
core   0: 3 0x80010be6 (0xbfe5)
core   0: 0x80010bde (0x00001f17) auipc   t5, 0x1
core   0: 3 0x80010bde (0x00001f17) x30 0x80011bde
core   0: 0x80010be2 (0x423f2123) sw      gp, 1058(t5)
core   0: 3 0x80010be2 (0x423f2123) mem 0x80012000 0x00000001
core   0: 0x80010be6 (0x0000bfe5) c.j     pc - 8
core   0: 3 0x80010be6 (0xbfe5)
core   0: 0x80010bde (0x00001f17) auipc   t5, 0x1
core   0: 3 0x80010bde (0x00001f17) x30 0x80011bde
core   0: 0x80010be2 (0x423f2123) sw      gp, 1058(t5)
core   0: 3 0x80010be2 (0x423f2123) mem 0x80012000 0x00000001
core   0: 0x80010be6 (0x0000bfe5) c.j     pc - 8
core   0: 3 0x80010be6 (0xbfe5)
core   0: 0x80010bde (0x00001f17) auipc   t5, 0x1
core   0: 3 0x80010bde (0x00001f17) x30 0x80011bde
core   0: 0x80010be2 (0x423f2123) sw      gp, 1058(t5)
core   0: 3 0x80010be2 (0x423f2123) mem 0x80012000 0x00000001
core   0: 0x80010be6 (0x0000bfe5) c.j     pc - 8
core   0: 3 0x80010be6 (0xbfe5)
core   0: 0x80010bde (0x00001f17) auipc   t5, 0x1
core   0: 3 0x80010bde (0x00001f17) x30 0x80011bde
core   0: 0x80010be2 (0x423f2123) sw      gp, 1058(t5)
core   0: 3 0x80010be2 (0x423f2123) mem 0x80012000 0x00000001
core   0: 0x80010be6 (0x0000bfe5) c.j     pc - 8
core   0: 3 0x80010be6 (0xbfe5)
core   0: 0x80010bde (0x00001f17) auipc   t5, 0x1
core   0: 3 0x80010bde (0x00001f17) x30 0x80011bde
core   0: 0x80010be2 (0x423f2123) sw      gp, 1058(t5)
core   0: 3 0x80010be2 (0x423f2123) mem 0x80012000 0x00000001
core   0: 0x80010be6 (0x0000bfe5) c.j     pc - 8
core   0: 3 0x80010be6 (0xbfe5)
core   0: 0x80010bde (0x00001f17) auipc   t5, 0x1
core   0: 3 0x80010bde (0x00001f17) x30 0x80011bde
core   0: 0x80010be2 (0x423f2123) sw      gp, 1058(t5)
core   0: 3 0x80010be2 (0x423f2123) mem 0x80012000 0x00000001
core   0: 0x80010be6 (0x0000bfe5) c.j     pc - 8
core   0: 3 0x80010be6 (0xbfe5)
core   0: 0x80010bde (0x00001f17) auipc   t5, 0x1
core   0: 3 0x80010bde (0x00001f17) x30 0x80011bde
core   0: 0x80010be2 (0x423f2123) sw      gp, 1058(t5)
core   0: 3 0x80010be2 (0x423f2123) mem 0x80012000 0x00000001
core   0: 0x80010be6 (0x0000bfe5) c.j     pc - 8
core   0: 3 0x80010be6 (0xbfe5)
core   0: 0x80010bde (0x00001f17) auipc   t5, 0x1
core   0: 3 0x80010bde (0x00001f17) x30 0x80011bde
core   0: 0x80010be2 (0x423f2123) sw      gp, 1058(t5)
core   0: 3 0x80010be2 (0x423f2123) mem 0x80012000 0x00000001
core   0: 0x80010be6 (0x0000bfe5) c.j     pc - 8
core   0: 3 0x80010be6 (0xbfe5)
core   0: 0x80010bde (0x00001f17) auipc   t5, 0x1
core   0: 3 0x80010bde (0x00001f17) x30 0x80011bde
core   0: 0x80010be2 (0x423f2123) sw      gp, 1058(t5)
core   0: 3 0x80010be2 (0x423f2123) mem 0x80012000 0x00000001
core   0: 0x80010be6 (0x0000bfe5) c.j     pc - 8
core   0: 3 0x80010be6 (0xbfe5)
core   0: 0x80010bde (0x00001f17) auipc   t5, 0x1
core   0: 3 0x80010bde (0x00001f17) x30 0x80011bde
core   0: 0x80010be2 (0x423f2123) sw      gp, 1058(t5)
core   0: 3 0x80010be2 (0x423f2123) mem 0x80012000 0x00000001
core   0: 0x80010be6 (0x0000bfe5) c.j     pc - 8
core   0: 3 0x80010be6 (0xbfe5)
core   0: 0x80010bde (0x00001f17) auipc   t5, 0x1
core   0: 3 0x80010bde (0x00001f17) x30 0x80011bde
core   0: 0x80010be2 (0x423f2123) sw      gp, 1058(t5)
core   0: 3 0x80010be2 (0x423f2123) mem 0x80012000 0x00000001
core   0: 0x80010be6 (0x0000bfe5) c.j     pc - 8
core   0: 3 0x80010be6 (0xbfe5)
core   0: 0x80010bde (0x00001f17) auipc   t5, 0x1
core   0: 3 0x80010bde (0x00001f17) x30 0x80011bde
core   0: 0x80010be2 (0x423f2123) sw      gp, 1058(t5)
core   0: 3 0x80010be2 (0x423f2123) mem 0x80012000 0x00000001
core   0: 0x80010be6 (0x0000bfe5) c.j     pc - 8
core   0: 3 0x80010be6 (0xbfe5)
core   0: 0x80010bde (0x00001f17) auipc   t5, 0x1
core   0: 3 0x80010bde (0x00001f17) x30 0x80011bde
core   0: 0x80010be2 (0x423f2123) sw      gp, 1058(t5)
core   0: 3 0x80010be2 (0x423f2123) mem 0x80012000 0x00000001
core   0: 0x80010be6 (0x0000bfe5) c.j     pc - 8
core   0: 3 0x80010be6 (0xbfe5)
core   0: 0x80010bde (0x00001f17) auipc   t5, 0x1
core   0: 3 0x80010bde (0x00001f17) x30 0x80011bde
core   0: 0x80010be2 (0x423f2123) sw      gp, 1058(t5)
core   0: 3 0x80010be2 (0x423f2123) mem 0x80012000 0x00000001
core   0: 0x80010be6 (0x0000bfe5) c.j     pc - 8
core   0: 3 0x80010be6 (0xbfe5)
core   0: 0x80010bde (0x00001f17) auipc   t5, 0x1
core   0: 3 0x80010bde (0x00001f17) x30 0x80011bde
core   0: 0x80010be2 (0x423f2123) sw      gp, 1058(t5)
core   0: 3 0x80010be2 (0x423f2123) mem 0x80012000 0x00000001
core   0: 0x80010be6 (0x0000bfe5) c.j     pc - 8
core   0: 3 0x80010be6 (0xbfe5)
core   0: 0x80010bde (0x00001f17) auipc   t5, 0x1
core   0: 3 0x80010bde (0x00001f17) x30 0x80011bde
core   0: 0x80010be2 (0x423f2123) sw      gp, 1058(t5)
core   0: 3 0x80010be2 (0x423f2123) mem 0x80012000 0x00000001
core   0: 0x80010be6 (0x0000bfe5) c.j     pc - 8
core   0: 3 0x80010be6 (0xbfe5)
core   0: 0x80010bde (0x00001f17) auipc   t5, 0x1
core   0: 3 0x80010bde (0x00001f17) x30 0x80011bde
core   0: 0x80010be2 (0x423f2123) sw      gp, 1058(t5)
core   0: 3 0x80010be2 (0x423f2123) mem 0x80012000 0x00000001
core   0: 0x80010be6 (0x0000bfe5) c.j     pc - 8
core   0: 3 0x80010be6 (0xbfe5)
core   0: 0x80010bde (0x00001f17) auipc   t5, 0x1
core   0: 3 0x80010bde (0x00001f17) x30 0x80011bde
core   0: 0x80010be2 (0x423f2123) sw      gp, 1058(t5)
core   0: 3 0x80010be2 (0x423f2123) mem 0x80012000 0x00000001
core   0: 0x80010be6 (0x0000bfe5) c.j     pc - 8
core   0: 3 0x80010be6 (0xbfe5)
core   0: 0x80010bde (0x00001f17) auipc   t5, 0x1
core   0: 3 0x80010bde (0x00001f17) x30 0x80011bde
core   0: 0x80010be2 (0x423f2123) sw      gp, 1058(t5)
core   0: 3 0x80010be2 (0x423f2123) mem 0x80012000 0x00000001
core   0: 0x80010be6 (0x0000bfe5) c.j     pc - 8
core   0: 3 0x80010be6 (0xbfe5)
core   0: 0x80010bde (0x00001f17) auipc   t5, 0x1
core   0: 3 0x80010bde (0x00001f17) x30 0x80011bde
core   0: 0x80010be2 (0x423f2123) sw      gp, 1058(t5)
core   0: 3 0x80010be2 (0x423f2123) mem 0x80012000 0x00000001
core   0: 0x80010be6 (0x0000bfe5) c.j     pc - 8
core   0: 3 0x80010be6 (0xbfe5)
core   0: 0x80010bde (0x00001f17) auipc   t5, 0x1
core   0: 3 0x80010bde (0x00001f17) x30 0x80011bde
core   0: 0x80010be2 (0x423f2123) sw      gp, 1058(t5)
core   0: 3 0x80010be2 (0x423f2123) mem 0x80012000 0x00000001
core   0: 0x80010be6 (0x0000bfe5) c.j     pc - 8
core   0: 3 0x80010be6 (0xbfe5)
core   0: 0x80010bde (0x00001f17) auipc   t5, 0x1
core   0: 3 0x80010bde (0x00001f17) x30 0x80011bde
core   0: 0x80010be2 (0x423f2123) sw      gp, 1058(t5)
core   0: 3 0x80010be2 (0x423f2123) mem 0x80012000 0x00000001
core   0: 0x80010be6 (0x0000bfe5) c.j     pc - 8
core   0: 3 0x80010be6 (0xbfe5)
core   0: 0x80010bde (0x00001f17) auipc   t5, 0x1
core   0: 3 0x80010bde (0x00001f17) x30 0x80011bde
core   0: 0x80010be2 (0x423f2123) sw      gp, 1058(t5)
core   0: 3 0x80010be2 (0x423f2123) mem 0x80012000 0x00000001
core   0: 0x80010be6 (0x0000bfe5) c.j     pc - 8
core   0: 3 0x80010be6 (0xbfe5)
core   0: 0x80010bde (0x00001f17) auipc   t5, 0x1
core   0: 3 0x80010bde (0x00001f17) x30 0x80011bde
core   0: 0x80010be2 (0x423f2123) sw      gp, 1058(t5)
core   0: 3 0x80010be2 (0x423f2123) mem 0x80012000 0x00000001
core   0: 0x80010be6 (0x0000bfe5) c.j     pc - 8
core   0: 3 0x80010be6 (0xbfe5)
core   0: 0x80010bde (0x00001f17) auipc   t5, 0x1
core   0: 3 0x80010bde (0x00001f17) x30 0x80011bde
core   0: 0x80010be2 (0x423f2123) sw      gp, 1058(t5)
core   0: 3 0x80010be2 (0x423f2123) mem 0x80012000 0x00000001
core   0: 0x80010be6 (0x0000bfe5) c.j     pc - 8
core   0: 3 0x80010be6 (0xbfe5)
core   0: 0x80010bde (0x00001f17) auipc   t5, 0x1
core   0: 3 0x80010bde (0x00001f17) x30 0x80011bde
core   0: 0x80010be2 (0x423f2123) sw      gp, 1058(t5)
core   0: 3 0x80010be2 (0x423f2123) mem 0x80012000 0x00000001
core   0: 0x80010be6 (0x0000bfe5) c.j     pc - 8
core   0: 3 0x80010be6 (0xbfe5)
core   0: 0x80010bde (0x00001f17) auipc   t5, 0x1
core   0: 3 0x80010bde (0x00001f17) x30 0x80011bde
core   0: 0x80010be2 (0x423f2123) sw      gp, 1058(t5)
core   0: 3 0x80010be2 (0x423f2123) mem 0x80012000 0x00000001
core   0: 0x80010be6 (0x0000bfe5) c.j     pc - 8
core   0: 3 0x80010be6 (0xbfe5)
core   0: 0x80010bde (0x00001f17) auipc   t5, 0x1
core   0: 3 0x80010bde (0x00001f17) x30 0x80011bde
core   0: 0x80010be2 (0x423f2123) sw      gp, 1058(t5)
core   0: 3 0x80010be2 (0x423f2123) mem 0x80012000 0x00000001
core   0: 0x80010be6 (0x0000bfe5) c.j     pc - 8
core   0: 3 0x80010be6 (0xbfe5)
core   0: 0x80010bde (0x00001f17) auipc   t5, 0x1
core   0: 3 0x80010bde (0x00001f17) x30 0x80011bde
core   0: 0x80010be2 (0x423f2123) sw      gp, 1058(t5)
core   0: 3 0x80010be2 (0x423f2123) mem 0x80012000 0x00000001
core   0: 0x80010be6 (0x0000bfe5) c.j     pc - 8
core   0: 3 0x80010be6 (0xbfe5)
core   0: 0x80010bde (0x00001f17) auipc   t5, 0x1
core   0: 3 0x80010bde (0x00001f17) x30 0x80011bde
core   0: 0x80010be2 (0x423f2123) sw      gp, 1058(t5)
core   0: 3 0x80010be2 (0x423f2123) mem 0x80012000 0x00000001
core   0: 0x80010be6 (0x0000bfe5) c.j     pc - 8
core   0: 3 0x80010be6 (0xbfe5)
core   0: 0x80010bde (0x00001f17) auipc   t5, 0x1
core   0: 3 0x80010bde (0x00001f17) x30 0x80011bde
core   0: 0x80010be2 (0x423f2123) sw      gp, 1058(t5)
core   0: 3 0x80010be2 (0x423f2123) mem 0x80012000 0x00000001
core   0: 0x80010be6 (0x0000bfe5) c.j     pc - 8
core   0: 3 0x80010be6 (0xbfe5)
core   0: 0x80010bde (0x00001f17) auipc   t5, 0x1
core   0: 3 0x80010bde (0x00001f17) x30 0x80011bde
core   0: 0x80010be2 (0x423f2123) sw      gp, 1058(t5)
core   0: 3 0x80010be2 (0x423f2123) mem 0x80012000 0x00000001
core   0: 0x80010be6 (0x0000bfe5) c.j     pc - 8
core   0: 3 0x80010be6 (0xbfe5)
core   0: 0x80010bde (0x00001f17) auipc   t5, 0x1
core   0: 3 0x80010bde (0x00001f17) x30 0x80011bde
core   0: 0x80010be2 (0x423f2123) sw      gp, 1058(t5)
core   0: 3 0x80010be2 (0x423f2123) mem 0x80012000 0x00000001
core   0: 0x80010be6 (0x0000bfe5) c.j     pc - 8
core   0: 3 0x80010be6 (0xbfe5)
core   0: 0x80010bde (0x00001f17) auipc   t5, 0x1
core   0: 3 0x80010bde (0x00001f17) x30 0x80011bde
core   0: 0x80010be2 (0x423f2123) sw      gp, 1058(t5)
core   0: 3 0x80010be2 (0x423f2123) mem 0x80012000 0x00000001
core   0: 0x80010be6 (0x0000bfe5) c.j     pc - 8
core   0: 3 0x80010be6 (0xbfe5)
core   0: 0x80010bde (0x00001f17) auipc   t5, 0x1
core   0: 3 0x80010bde (0x00001f17) x30 0x80011bde
core   0: 0x80010be2 (0x423f2123) sw      gp, 1058(t5)
core   0: 3 0x80010be2 (0x423f2123) mem 0x80012000 0x00000001
core   0: 0x80010be6 (0x0000bfe5) c.j     pc - 8
core   0: 3 0x80010be6 (0xbfe5)
core   0: 0x80010bde (0x00001f17) auipc   t5, 0x1
core   0: 3 0x80010bde (0x00001f17) x30 0x80011bde
core   0: 0x80010be2 (0x423f2123) sw      gp, 1058(t5)
core   0: 3 0x80010be2 (0x423f2123) mem 0x80012000 0x00000001
core   0: 0x80010be6 (0x0000bfe5) c.j     pc - 8
core   0: 3 0x80010be6 (0xbfe5)
core   0: 0x80010bde (0x00001f17) auipc   t5, 0x1
core   0: 3 0x80010bde (0x00001f17) x30 0x80011bde
core   0: 0x80010be2 (0x423f2123) sw      gp, 1058(t5)
core   0: 3 0x80010be2 (0x423f2123) mem 0x80012000 0x00000001
core   0: 0x80010be6 (0x0000bfe5) c.j     pc - 8
core   0: 3 0x80010be6 (0xbfe5)
core   0: 0x80010bde (0x00001f17) auipc   t5, 0x1
core   0: 3 0x80010bde (0x00001f17) x30 0x80011bde
core   0: 0x80010be2 (0x423f2123) sw      gp, 1058(t5)
core   0: 3 0x80010be2 (0x423f2123) mem 0x80012000 0x00000001
core   0: 0x80010be6 (0x0000bfe5) c.j     pc - 8
core   0: 3 0x80010be6 (0xbfe5)
core   0: 0x80010bde (0x00001f17) auipc   t5, 0x1
core   0: 3 0x80010bde (0x00001f17) x30 0x80011bde
core   0: 0x80010be2 (0x423f2123) sw      gp, 1058(t5)
core   0: 3 0x80010be2 (0x423f2123) mem 0x80012000 0x00000001
core   0: 0x80010be6 (0x0000bfe5) c.j     pc - 8
core   0: 3 0x80010be6 (0xbfe5)
core   0: 0x80010bde (0x00001f17) auipc   t5, 0x1
core   0: 3 0x80010bde (0x00001f17) x30 0x80011bde
core   0: 0x80010be2 (0x423f2123) sw      gp, 1058(t5)
core   0: 3 0x80010be2 (0x423f2123) mem 0x80012000 0x00000001
core   0: 0x80010be6 (0x0000bfe5) c.j     pc - 8
core   0: 3 0x80010be6 (0xbfe5)
core   0: 0x80010bde (0x00001f17) auipc   t5, 0x1
core   0: 3 0x80010bde (0x00001f17) x30 0x80011bde
core   0: 0x80010be2 (0x423f2123) sw      gp, 1058(t5)
core   0: 3 0x80010be2 (0x423f2123) mem 0x80012000 0x00000001
core   0: 0x80010be6 (0x0000bfe5) c.j     pc - 8
core   0: 3 0x80010be6 (0xbfe5)
core   0: 0x80010bde (0x00001f17) auipc   t5, 0x1
core   0: 3 0x80010bde (0x00001f17) x30 0x80011bde
core   0: 0x80010be2 (0x423f2123) sw      gp, 1058(t5)
core   0: 3 0x80010be2 (0x423f2123) mem 0x80012000 0x00000001
core   0: 0x80010be6 (0x0000bfe5) c.j     pc - 8
core   0: 3 0x80010be6 (0xbfe5)
core   0: 0x80010bde (0x00001f17) auipc   t5, 0x1
core   0: 3 0x80010bde (0x00001f17) x30 0x80011bde
core   0: 0x80010be2 (0x423f2123) sw      gp, 1058(t5)
core   0: 3 0x80010be2 (0x423f2123) mem 0x80012000 0x00000001
core   0: 0x80010be6 (0x0000bfe5) c.j     pc - 8
core   0: 3 0x80010be6 (0xbfe5)
core   0: 0x80010bde (0x00001f17) auipc   t5, 0x1
core   0: 3 0x80010bde (0x00001f17) x30 0x80011bde
core   0: 0x80010be2 (0x423f2123) sw      gp, 1058(t5)
core   0: 3 0x80010be2 (0x423f2123) mem 0x80012000 0x00000001
core   0: 0x80010be6 (0x0000bfe5) c.j     pc - 8
core   0: 3 0x80010be6 (0xbfe5)
core   0: 0x80010bde (0x00001f17) auipc   t5, 0x1
core   0: 3 0x80010bde (0x00001f17) x30 0x80011bde
core   0: 0x80010be2 (0x423f2123) sw      gp, 1058(t5)
core   0: 3 0x80010be2 (0x423f2123) mem 0x80012000 0x00000001
core   0: 0x80010be6 (0x0000bfe5) c.j     pc - 8
core   0: 3 0x80010be6 (0xbfe5)
core   0: 0x80010bde (0x00001f17) auipc   t5, 0x1
core   0: 3 0x80010bde (0x00001f17) x30 0x80011bde
core   0: 0x80010be2 (0x423f2123) sw      gp, 1058(t5)
core   0: 3 0x80010be2 (0x423f2123) mem 0x80012000 0x00000001
core   0: 0x80010be6 (0x0000bfe5) c.j     pc - 8
core   0: 3 0x80010be6 (0xbfe5)
core   0: 0x80010bde (0x00001f17) auipc   t5, 0x1
core   0: 3 0x80010bde (0x00001f17) x30 0x80011bde
core   0: 0x80010be2 (0x423f2123) sw      gp, 1058(t5)
core   0: 3 0x80010be2 (0x423f2123) mem 0x80012000 0x00000001
core   0: 0x80010be6 (0x0000bfe5) c.j     pc - 8
core   0: 3 0x80010be6 (0xbfe5)
core   0: 0x80010bde (0x00001f17) auipc   t5, 0x1
core   0: 3 0x80010bde (0x00001f17) x30 0x80011bde
core   0: 0x80010be2 (0x423f2123) sw      gp, 1058(t5)
core   0: 3 0x80010be2 (0x423f2123) mem 0x80012000 0x00000001
core   0: 0x80010be6 (0x0000bfe5) c.j     pc - 8
core   0: 3 0x80010be6 (0xbfe5)
core   0: 0x80010bde (0x00001f17) auipc   t5, 0x1
core   0: 3 0x80010bde (0x00001f17) x30 0x80011bde
core   0: 0x80010be2 (0x423f2123) sw      gp, 1058(t5)
core   0: 3 0x80010be2 (0x423f2123) mem 0x80012000 0x00000001
core   0: 0x80010be6 (0x0000bfe5) c.j     pc - 8
core   0: 3 0x80010be6 (0xbfe5)
core   0: 0x80010bde (0x00001f17) auipc   t5, 0x1
core   0: 3 0x80010bde (0x00001f17) x30 0x80011bde
core   0: 0x80010be2 (0x423f2123) sw      gp, 1058(t5)
core   0: 3 0x80010be2 (0x423f2123) mem 0x80012000 0x00000001
core   0: 0x80010be6 (0x0000bfe5) c.j     pc - 8
core   0: 3 0x80010be6 (0xbfe5)
core   0: 0x80010bde (0x00001f17) auipc   t5, 0x1
core   0: 3 0x80010bde (0x00001f17) x30 0x80011bde
core   0: 0x80010be2 (0x423f2123) sw      gp, 1058(t5)
core   0: 3 0x80010be2 (0x423f2123) mem 0x80012000 0x00000001
core   0: 0x80010be6 (0x0000bfe5) c.j     pc - 8
core   0: 3 0x80010be6 (0xbfe5)
core   0: 0x80010bde (0x00001f17) auipc   t5, 0x1
core   0: 3 0x80010bde (0x00001f17) x30 0x80011bde
core   0: 0x80010be2 (0x423f2123) sw      gp, 1058(t5)
core   0: 3 0x80010be2 (0x423f2123) mem 0x80012000 0x00000001
core   0: 0x80010be6 (0x0000bfe5) c.j     pc - 8
core   0: 3 0x80010be6 (0xbfe5)
core   0: 0x80010bde (0x00001f17) auipc   t5, 0x1
core   0: 3 0x80010bde (0x00001f17) x30 0x80011bde
core   0: 0x80010be2 (0x423f2123) sw      gp, 1058(t5)
core   0: 3 0x80010be2 (0x423f2123) mem 0x80012000 0x00000001
core   0: 0x80010be6 (0x0000bfe5) c.j     pc - 8
core   0: 3 0x80010be6 (0xbfe5)
core   0: 0x80010bde (0x00001f17) auipc   t5, 0x1
core   0: 3 0x80010bde (0x00001f17) x30 0x80011bde
core   0: 0x80010be2 (0x423f2123) sw      gp, 1058(t5)
core   0: 3 0x80010be2 (0x423f2123) mem 0x80012000 0x00000001
core   0: 0x80010be6 (0x0000bfe5) c.j     pc - 8
core   0: 3 0x80010be6 (0xbfe5)
core   0: 0x80010bde (0x00001f17) auipc   t5, 0x1
core   0: 3 0x80010bde (0x00001f17) x30 0x80011bde
core   0: 0x80010be2 (0x423f2123) sw      gp, 1058(t5)
core   0: 3 0x80010be2 (0x423f2123) mem 0x80012000 0x00000001
core   0: 0x80010be6 (0x0000bfe5) c.j     pc - 8
core   0: 3 0x80010be6 (0xbfe5)
core   0: 0x80010bde (0x00001f17) auipc   t5, 0x1
core   0: 3 0x80010bde (0x00001f17) x30 0x80011bde
core   0: 0x80010be2 (0x423f2123) sw      gp, 1058(t5)
core   0: 3 0x80010be2 (0x423f2123) mem 0x80012000 0x00000001
core   0: 0x80010be6 (0x0000bfe5) c.j     pc - 8
core   0: 3 0x80010be6 (0xbfe5)
core   0: 0x80010bde (0x00001f17) auipc   t5, 0x1
core   0: 3 0x80010bde (0x00001f17) x30 0x80011bde
core   0: 0x80010be2 (0x423f2123) sw      gp, 1058(t5)
core   0: 3 0x80010be2 (0x423f2123) mem 0x80012000 0x00000001
core   0: 0x80010be6 (0x0000bfe5) c.j     pc - 8
core   0: 3 0x80010be6 (0xbfe5)
core   0: 0x80010bde (0x00001f17) auipc   t5, 0x1
core   0: 3 0x80010bde (0x00001f17) x30 0x80011bde
core   0: 0x80010be2 (0x423f2123) sw      gp, 1058(t5)
core   0: 3 0x80010be2 (0x423f2123) mem 0x80012000 0x00000001
core   0: 0x80010be6 (0x0000bfe5) c.j     pc - 8
core   0: 3 0x80010be6 (0xbfe5)
core   0: 0x80010bde (0x00001f17) auipc   t5, 0x1
core   0: 3 0x80010bde (0x00001f17) x30 0x80011bde
core   0: 0x80010be2 (0x423f2123) sw      gp, 1058(t5)
core   0: 3 0x80010be2 (0x423f2123) mem 0x80012000 0x00000001
